<?xml version="1.0" encoding="UTF-8"?>
<testsuite xmlns:xsi="http://www.w3.org/2001/XMLSchema-instance" xsi:noNamespaceSchemaLocation="https://maven.apache.org/surefire/maven-surefire-plugin/xsd/surefire-test-report.xsd" name="org.apache.hadoop.ozone.client.rpc.TestCloseContainerHandlingByClient" time="141.602" tests="1" errors="1" skipped="0" failures="0">
  <properties>
    <property name="awt.toolkit" value="sun.awt.X11.XToolkit"/>
    <property name="file.encoding.pkg" value="sun.io"/>
    <property name="java.specification.version" value="1.8"/>
    <property name="sun.cpu.isalist" value=""/>
    <property name="sun.jnu.encoding" value="UTF-8"/>
    <property name="java.class.path" value="/workdir/hadoop-ozone/integration-test/target/test-classes:/workdir/hadoop-ozone/integration-test/target/classes:/home/user/.m2/repository/org/apache/hadoop/hadoop-ozone-common/0.5.0-SNAPSHOT/hadoop-ozone-common-0.5.0-SNAPSHOT.jar:/home/user/.m2/repository/org/apache/commons/commons-compress/1.4.1/commons-compress-1.4.1.jar:/home/user/.m2/repository/org/tukaani/xz/1.0/xz-1.0.jar:/home/user/.m2/repository/org/apache/hadoop/hadoop-common/3.2.0/hadoop-common-3.2.0.jar:/home/user/.m2/repository/org/apache/hadoop/hadoop-hdfs/3.2.0/hadoop-hdfs-3.2.0.jar:/home/user/.m2/repository/org/apache/hadoop/hadoop-hdfs-client/3.2.0/hadoop-hdfs-client-3.2.0.jar:/home/user/.m2/repository/com/fasterxml/jackson/core/jackson-annotations/2.9.9/jackson-annotations-2.9.9.jar:/home/user/.m2/repository/org/apache/hadoop/hadoop-hdds-common/0.5.0-SNAPSHOT/hadoop-hdds-common-0.5.0-SNAPSHOT.jar:/home/user/.m2/repository/javax/annotation/javax.annotation-api/1.2/javax.annotation-api-1.2.jar:/home/user/.m2/repository/org/apache/ratis/ratis-server/0.4.0/ratis-server-0.4.0.jar:/home/user/.m2/repository/org/apache/ratis/ratis-thirdparty-misc/0.2.0/ratis-thirdparty-misc-0.2.0.jar:/home/user/.m2/repository/org/apache/ratis/ratis-proto/0.4.0/ratis-proto-0.4.0.jar:/home/user/.m2/repository/org/apache/ratis/ratis-common/0.4.0/ratis-common-0.4.0.jar:/home/user/.m2/repository/org/apache/ratis/ratis-client/0.4.0/ratis-client-0.4.0.jar:/home/user/.m2/repository/org/apache/ratis/ratis-metrics/0.4.0/ratis-metrics-0.4.0.jar:/home/user/.m2/repository/com/github/joshelser/dropwizard-metrics-hadoop-metrics2-reporter/0.1.2/dropwizard-metrics-hadoop-metrics2-reporter-0.1.2.jar:/home/user/.m2/repository/io/dropwizard/metrics/metrics-jvm/3.2.5/metrics-jvm-3.2.5.jar:/home/user/.m2/repository/io/dropwizard/metrics/metrics-ganglia/3.2.5/metrics-ganglia-3.2.5.jar:/home/user/.m2/repository/info/ganglia/gmetric4j/gmetric4j/1.0.7/gmetric4j-1.0.7.jar:/home/user/.m2/repository/org/apache/ratis/ratis-netty/0.4.0/ratis-netty-0.4.0.jar:/home/user/.m2/repository/org/apache/ratis/ratis-grpc/0.4.0/ratis-grpc-0.4.0.jar:/home/user/.m2/repository/org/rocksdb/rocksdbjni/6.0.1/rocksdbjni-6.0.1.jar:/home/user/.m2/repository/org/apache/logging/log4j/log4j-api/2.11.0/log4j-api-2.11.0.jar:/home/user/.m2/repository/org/apache/logging/log4j/log4j-core/2.11.0/log4j-core-2.11.0.jar:/home/user/.m2/repository/com/lmax/disruptor/3.4.2/disruptor-3.4.2.jar:/home/user/.m2/repository/org/apache/commons/commons-pool2/2.6.0/commons-pool2-2.6.0.jar:/home/user/.m2/repository/org/bouncycastle/bcpkix-jdk15on/1.60/bcpkix-jdk15on-1.60.jar:/home/user/.m2/repository/commons-validator/commons-validator/1.6/commons-validator-1.6.jar:/home/user/.m2/repository/commons-digester/commons-digester/1.8.1/commons-digester-1.8.1.jar:/home/user/.m2/repository/io/jaegertracing/jaeger-client/0.34.0/jaeger-client-0.34.0.jar:/home/user/.m2/repository/io/jaegertracing/jaeger-thrift/0.34.0/jaeger-thrift-0.34.0.jar:/home/user/.m2/repository/org/apache/thrift/libthrift/0.12.0/libthrift-0.12.0.jar:/home/user/.m2/repository/com/squareup/okhttp3/okhttp/3.9.0/okhttp-3.9.0.jar:/home/user/.m2/repository/com/squareup/okio/okio/1.13.0/okio-1.13.0.jar:/home/user/.m2/repository/io/jaegertracing/jaeger-core/0.34.0/jaeger-core-0.34.0.jar:/home/user/.m2/repository/io/jaegertracing/jaeger-tracerresolver/0.34.0/jaeger-tracerresolver-0.34.0.jar:/home/user/.m2/repository/io/opentracing/contrib/opentracing-tracerresolver/0.1.5/opentracing-tracerresolver-0.1.5.jar:/home/user/.m2/repository/io/opentracing/opentracing-util/0.31.0/opentracing-util-0.31.0.jar:/home/user/.m2/repository/io/opentracing/opentracing-api/0.31.0/opentracing-api-0.31.0.jar:/home/user/.m2/repository/io/opentracing/opentracing-noop/0.31.0/opentracing-noop-0.31.0.jar:/home/user/.m2/repository/org/apache/hadoop/hadoop-hdds-server-framework/0.5.0-SNAPSHOT/hadoop-hdds-server-framework-0.5.0-SNAPSHOT.jar:/home/user/.m2/repository/org/apache/hadoop/hadoop-hdds-container-service/0.5.0-SNAPSHOT/hadoop-hdds-container-service-0.5.0-SNAPSHOT.jar:/home/user/.m2/repository/org/apache/hadoop/hadoop-hdds-client/0.5.0-SNAPSHOT/hadoop-hdds-client-0.5.0-SNAPSHOT.jar:/home/user/.m2/repository/org/apache/hadoop/hadoop-hdds-tools/0.5.0-SNAPSHOT/hadoop-hdds-tools-0.5.0-SNAPSHOT.jar:/home/user/.m2/repository/org/apache/hadoop/hadoop-hdds-server-scm/0.5.0-SNAPSHOT/hadoop-hdds-server-scm-0.5.0-SNAPSHOT.jar:/home/user/.m2/repository/org/apache/hadoop/hadoop-hdds-docs/0.5.0-SNAPSHOT/hadoop-hdds-docs-0.5.0-SNAPSHOT.jar:/home/user/.m2/repository/io/dropwizard/metrics/metrics-core/3.2.4/metrics-core-3.2.4.jar:/home/user/.m2/repository/org/hamcrest/hamcrest-all/1.3/hamcrest-all-1.3.jar:/home/user/.m2/repository/org/bouncycastle/bcprov-jdk15on/1.60/bcprov-jdk15on-1.60.jar:/home/user/.m2/repository/info/picocli/picocli/3.9.6/picocli-3.9.6.jar:/home/user/.m2/repository/com/google/protobuf/protobuf-java/2.5.0/protobuf-java-2.5.0.jar:/home/user/.m2/repository/com/google/guava/guava/11.0.2/guava-11.0.2.jar:/home/user/.m2/repository/org/apache/hadoop/hadoop-ozone-ozone-manager/0.5.0-SNAPSHOT/hadoop-ozone-ozone-manager-0.5.0-SNAPSHOT.jar:/home/user/.m2/repository/org/apache/hadoop/hadoop-minikdc/3.2.0/hadoop-minikdc-3.2.0.jar:/home/user/.m2/repository/commons-io/commons-io/2.5/commons-io-2.5.jar:/home/user/.m2/repository/org/apache/kerby/kerb-simplekdc/1.0.1/kerb-simplekdc-1.0.1.jar:/home/user/.m2/repository/org/apache/kerby/kerb-client/1.0.1/kerb-client-1.0.1.jar:/home/user/.m2/repository/org/apache/kerby/kerby-config/1.0.1/kerby-config-1.0.1.jar:/home/user/.m2/repository/org/apache/kerby/kerb-core/1.0.1/kerb-core-1.0.1.jar:/home/user/.m2/repository/org/apache/kerby/kerby-pkix/1.0.1/kerby-pkix-1.0.1.jar:/home/user/.m2/repository/org/apache/kerby/kerby-asn1/1.0.1/kerby-asn1-1.0.1.jar:/home/user/.m2/repository/org/apache/kerby/kerby-util/1.0.1/kerby-util-1.0.1.jar:/home/user/.m2/repository/org/apache/kerby/kerb-common/1.0.1/kerb-common-1.0.1.jar:/home/user/.m2/repository/org/apache/kerby/kerb-crypto/1.0.1/kerb-crypto-1.0.1.jar:/home/user/.m2/repository/org/apache/kerby/kerb-util/1.0.1/kerb-util-1.0.1.jar:/home/user/.m2/repository/org/apache/kerby/token-provider/1.0.1/token-provider-1.0.1.jar:/home/user/.m2/repository/org/apache/kerby/kerb-admin/1.0.1/kerb-admin-1.0.1.jar:/home/user/.m2/repository/org/apache/kerby/kerb-server/1.0.1/kerb-server-1.0.1.jar:/home/user/.m2/repository/org/apache/kerby/kerb-identity/1.0.1/kerb-identity-1.0.1.jar:/home/user/.m2/repository/org/apache/kerby/kerby-xdr/1.0.1/kerby-xdr-1.0.1.jar:/home/user/.m2/repository/org/slf4j/slf4j-log4j12/1.7.25/slf4j-log4j12-1.7.25.jar:/home/user/.m2/repository/org/apache/hadoop/hadoop-ozone-s3gateway/0.5.0-SNAPSHOT/hadoop-ozone-s3gateway-0.5.0-SNAPSHOT.jar:/home/user/.m2/repository/org/jboss/weld/servlet/weld-servlet/2.4.7.Final/weld-servlet-2.4.7.Final.jar:/home/user/.m2/repository/org/glassfish/jersey/containers/jersey-container-servlet-core/2.27/jersey-container-servlet-core-2.27.jar:/home/user/.m2/repository/org/glassfish/hk2/external/javax.inject/2.5.0-b42/javax.inject-2.5.0-b42.jar:/home/user/.m2/repository/org/glassfish/jersey/core/jersey-common/2.27/jersey-common-2.27.jar:/home/user/.m2/repository/org/glassfish/hk2/osgi-resource-locator/1.0.1/osgi-resource-locator-1.0.1.jar:/home/user/.m2/repository/javax/ws/rs/javax.ws.rs-api/2.1/javax.ws.rs-api-2.1.jar:/home/user/.m2/repository/org/glassfish/jersey/ext/cdi/jersey-cdi1x/2.27/jersey-cdi1x-2.27.jar:/home/user/.m2/repository/org/glassfish/jersey/inject/jersey-hk2/2.27/jersey-hk2-2.27.jar:/home/user/.m2/repository/org/glassfish/hk2/hk2-locator/2.5.0-b42/hk2-locator-2.5.0-b42.jar:/home/user/.m2/repository/org/javassist/javassist/3.22.0-CR2/javassist-3.22.0-CR2.jar:/home/user/.m2/repository/org/glassfish/hk2/hk2-api/2.5.0/hk2-api-2.5.0.jar:/home/user/.m2/repository/org/glassfish/hk2/external/jakarta.inject/2.5.0/jakarta.inject-2.5.0.jar:/home/user/.m2/repository/org/glassfish/hk2/hk2-utils/2.5.0/hk2-utils-2.5.0.jar:/home/user/.m2/repository/jakarta/annotation/jakarta.annotation-api/1.3.4/jakarta.annotation-api-1.3.4.jar:/home/user/.m2/repository/org/glassfish/hk2/external/aopalliance-repackaged/2.5.0/aopalliance-repackaged-2.5.0.jar:/home/user/.m2/repository/com/fasterxml/jackson/dataformat/jackson-dataformat-xml/2.9.0/jackson-dataformat-xml-2.9.0.jar:/home/user/.m2/repository/com/fasterxml/jackson/core/jackson-core/2.9.9/jackson-core-2.9.9.jar:/home/user/.m2/repository/com/fasterxml/jackson/module/jackson-module-jaxb-annotations/2.9.9/jackson-module-jaxb-annotations-2.9.9.jar:/home/user/.m2/repository/javax/enterprise/cdi-api/1.2/cdi-api-1.2.jar:/home/user/.m2/repository/javax/el/javax.el-api/3.0.0/javax.el-api-3.0.0.jar:/home/user/.m2/repository/javax/interceptor/javax.interceptor-api/1.2/javax.interceptor-api-1.2.jar:/home/user/.m2/repository/javax/inject/javax.inject/1/javax.inject-1.jar:/home/user/.m2/repository/com/sun/xml/bind/jaxb-impl/2.3.0.1/jaxb-impl-2.3.0.1.jar:/home/user/.m2/repository/com/sun/xml/bind/jaxb-core/2.3.0.1/jaxb-core-2.3.0.1.jar:/home/user/.m2/repository/javax/xml/bind/jaxb-api/2.3.0/jaxb-api-2.3.0.jar:/home/user/.m2/repository/javax/activation/activation/1.1.1/activation-1.1.1.jar:/home/user/.m2/repository/org/apache/hadoop/hadoop-ozone-csi/0.5.0-SNAPSHOT/hadoop-ozone-csi-0.5.0-SNAPSHOT.jar:/home/user/.m2/repository/com/google/protobuf/protobuf-java-util/3.5.1/protobuf-java-util-3.5.1.jar:/home/user/.m2/repository/org/apache/hadoop/hadoop-hdds-config/0.5.0-SNAPSHOT/hadoop-hdds-config-0.5.0-SNAPSHOT.jar:/home/user/.m2/repository/io/grpc/grpc-netty/1.17.1/grpc-netty-1.17.1.jar:/home/user/.m2/repository/io/grpc/grpc-core/1.17.1/grpc-core-1.17.1.jar:/home/user/.m2/repository/io/grpc/grpc-context/1.17.1/grpc-context-1.17.1.jar:/home/user/.m2/repository/com/google/errorprone/error_prone_annotations/2.2.0/error_prone_annotations-2.2.0.jar:/home/user/.m2/repository/org/codehaus/mojo/animal-sniffer-annotations/1.17/animal-sniffer-annotations-1.17.jar:/home/user/.m2/repository/io/opencensus/opencensus-api/0.17.0/opencensus-api-0.17.0.jar:/home/user/.m2/repository/io/opencensus/opencensus-contrib-grpc-metrics/0.17.0/opencensus-contrib-grpc-metrics-0.17.0.jar:/home/user/.m2/repository/io/netty/netty-codec-http2/4.1.30.Final/netty-codec-http2-4.1.30.Final.jar:/home/user/.m2/repository/io/netty/netty-codec-http/4.1.30.Final/netty-codec-http-4.1.30.Final.jar:/home/user/.m2/repository/io/netty/netty-codec/4.1.30.Final/netty-codec-4.1.30.Final.jar:/home/user/.m2/repository/io/netty/netty-handler/4.1.30.Final/netty-handler-4.1.30.Final.jar:/home/user/.m2/repository/io/netty/netty-handler-proxy/4.1.30.Final/netty-handler-proxy-4.1.30.Final.jar:/home/user/.m2/repository/io/netty/netty-codec-socks/4.1.30.Final/netty-codec-socks-4.1.30.Final.jar:/home/user/.m2/repository/io/netty/netty-transport-native-epoll/4.1.30.Final/netty-transport-native-epoll-4.1.30.Final.jar:/home/user/.m2/repository/io/netty/netty-common/4.1.30.Final/netty-common-4.1.30.Final.jar:/home/user/.m2/repository/io/netty/netty-buffer/4.1.30.Final/netty-buffer-4.1.30.Final.jar:/home/user/.m2/repository/io/netty/netty-transport/4.1.30.Final/netty-transport-4.1.30.Final.jar:/home/user/.m2/repository/io/netty/netty-resolver/4.1.30.Final/netty-resolver-4.1.30.Final.jar:/home/user/.m2/repository/io/netty/netty-transport-native-unix-common/4.1.30.Final/netty-transport-native-unix-common-4.1.30.Final.jar:/home/user/.m2/repository/io/grpc/grpc-protobuf/1.17.1/grpc-protobuf-1.17.1.jar:/home/user/.m2/repository/com/google/api/grpc/proto-google-common-protos/1.0.0/proto-google-common-protos-1.0.0.jar:/home/user/.m2/repository/io/grpc/grpc-protobuf-lite/1.17.1/grpc-protobuf-lite-1.17.1.jar:/home/user/.m2/repository/io/grpc/grpc-stub/1.17.1/grpc-stub-1.17.1.jar:/home/user/.m2/repository/org/apache/hadoop/hadoop-ozone-recon/0.5.0-SNAPSHOT/hadoop-ozone-recon-0.5.0-SNAPSHOT.jar:/home/user/.m2/repository/org/apache/hadoop/hadoop-ozone-reconcodegen/0.5.0-SNAPSHOT/hadoop-ozone-reconcodegen-0.5.0-SNAPSHOT.jar:/home/user/.m2/repository/com/google/inject/extensions/guice-multibindings/4.0/guice-multibindings-4.0.jar:/home/user/.m2/repository/com/google/inject/guice/4.0/guice-4.0.jar:/home/user/.m2/repository/aopalliance/aopalliance/1.0/aopalliance-1.0.jar:/home/user/.m2/repository/com/google/inject/extensions/guice-servlet/4.0/guice-servlet-4.0.jar:/home/user/.m2/repository/org/glassfish/jersey/containers/jersey-container-servlet/2.27/jersey-container-servlet-2.27.jar:/home/user/.m2/repository/org/glassfish/hk2/guice-bridge/2.5.0/guice-bridge-2.5.0.jar:/home/user/.m2/repository/org/glassfish/jersey/core/jersey-server/2.27/jersey-server-2.27.jar:/home/user/.m2/repository/org/glassfish/jersey/core/jersey-client/2.27/jersey-client-2.27.jar:/home/user/.m2/repository/org/glassfish/jersey/media/jersey-media-jaxb/2.27/jersey-media-jaxb-2.27.jar:/home/user/.m2/repository/javax/validation/validation-api/1.1.0.Final/validation-api-1.1.0.Final.jar:/home/user/.m2/repository/org/glassfish/jersey/media/jersey-media-json-jackson/2.27/jersey-media-json-jackson-2.27.jar:/home/user/.m2/repository/org/glassfish/jersey/ext/jersey-entity-filtering/2.27/jersey-entity-filtering-2.27.jar:/home/user/.m2/repository/com/google/inject/extensions/guice-assistedinject/4.0/guice-assistedinject-4.0.jar:/home/user/.m2/repository/org/jooq/jooq/3.11.10/jooq-3.11.10.jar:/home/user/.m2/repository/org/jooq/jooq-meta/3.11.10/jooq-meta-3.11.10.jar:/home/user/.m2/repository/org/jooq/jooq-codegen/3.11.10/jooq-codegen-3.11.10.jar:/home/user/.m2/repository/com/jolbox/bonecp/0.8.0.RELEASE/bonecp-0.8.0.RELEASE.jar:/home/user/.m2/repository/org/xerial/sqlite-jdbc/3.25.2/sqlite-jdbc-3.25.2.jar:/home/user/.m2/repository/org/springframework/spring-jdbc/5.1.3.RELEASE/spring-jdbc-5.1.3.RELEASE.jar:/home/user/.m2/repository/org/springframework/spring-beans/5.1.3.RELEASE/spring-beans-5.1.3.RELEASE.jar:/home/user/.m2/repository/org/springframework/spring-core/5.1.3.RELEASE/spring-core-5.1.3.RELEASE.jar:/home/user/.m2/repository/org/springframework/spring-jcl/5.1.3.RELEASE/spring-jcl-5.1.3.RELEASE.jar:/home/user/.m2/repository/org/springframework/spring-tx/5.1.3.RELEASE/spring-tx-5.1.3.RELEASE.jar:/home/user/.m2/repository/org/apache/hadoop/hadoop-ozone-client/0.5.0-SNAPSHOT/hadoop-ozone-client-0.5.0-SNAPSHOT.jar:/home/user/.m2/repository/commons-lang/commons-lang/2.6/commons-lang-2.6.jar:/home/user/.m2/repository/org/apache/hadoop/hadoop-ozone-ozone-manager/0.5.0-SNAPSHOT/hadoop-ozone-ozone-manager-0.5.0-SNAPSHOT-tests.jar:/home/user/.m2/repository/junit/junit/4.11/junit-4.11.jar:/home/user/.m2/repository/org/hamcrest/hamcrest-core/1.3/hamcrest-core-1.3.jar:/home/user/.m2/repository/org/openjdk/jmh/jmh-core/1.19/jmh-core-1.19.jar:/home/user/.m2/repository/net/sf/jopt-simple/jopt-simple/4.6/jopt-simple-4.6.jar:/home/user/.m2/repository/org/apache/commons/commons-math3/3.1.1/commons-math3-3.1.1.jar:/home/user/.m2/repository/org/openjdk/jmh/jmh-generator-annprocess/1.19/jmh-generator-annprocess-1.19.jar:/home/user/.m2/repository/org/mockito/mockito-all/1.8.5/mockito-all-1.8.5.jar:/home/user/.m2/repository/org/apache/hadoop/hadoop-kms/3.2.0/hadoop-kms-3.2.0.jar:/home/user/.m2/repository/org/apache/hadoop/hadoop-auth/3.2.0/hadoop-auth-3.2.0.jar:/home/user/.m2/repository/com/nimbusds/nimbus-jose-jwt/4.41.1/nimbus-jose-jwt-4.41.1.jar:/home/user/.m2/repository/com/github/stephenc/jcip/jcip-annotations/1.0-1/jcip-annotations-1.0-1.jar:/home/user/.m2/repository/net/minidev/json-smart/2.3/json-smart-2.3.jar:/home/user/.m2/repository/net/minidev/accessors-smart/1.2/accessors-smart-1.2.jar:/home/user/.m2/repository/org/ow2/asm/asm/5.0.4/asm-5.0.4.jar:/home/user/.m2/repository/org/apache/curator/curator-framework/2.12.0/curator-framework-2.12.0.jar:/home/user/.m2/repository/com/sun/jersey/jersey-core/1.19/jersey-core-1.19.jar:/home/user/.m2/repository/javax/ws/rs/jsr311-api/1.1.1/jsr311-api-1.1.1.jar:/home/user/.m2/repository/com/sun/jersey/jersey-server/1.19/jersey-server-1.19.jar:/home/user/.m2/repository/javax/servlet/javax.servlet-api/3.1.0/javax.servlet-api-3.1.0.jar:/home/user/.m2/repository/org/eclipse/jetty/jetty-server/9.3.25.v20180904/jetty-server-9.3.25.v20180904.jar:/home/user/.m2/repository/org/eclipse/jetty/jetty-http/9.3.25.v20180904/jetty-http-9.3.25.v20180904.jar:/home/user/.m2/repository/org/eclipse/jetty/jetty-io/9.3.25.v20180904/jetty-io-9.3.25.v20180904.jar:/home/user/.m2/repository/org/eclipse/jetty/jetty-webapp/9.3.25.v20180904/jetty-webapp-9.3.25.v20180904.jar:/home/user/.m2/repository/org/eclipse/jetty/jetty-xml/9.3.25.v20180904/jetty-xml-9.3.25.v20180904.jar:/home/user/.m2/repository/log4j/log4j/1.2.17/log4j-1.2.17.jar:/home/user/.m2/repository/org/slf4j/slf4j-api/1.7.25/slf4j-api-1.7.25.jar:/home/user/.m2/repository/org/slf4j/jul-to-slf4j/1.7.25/jul-to-slf4j-1.7.25.jar:/home/user/.m2/repository/org/eclipse/jetty/jetty-util/9.3.25.v20180904/jetty-util-9.3.25.v20180904.jar:/home/user/.m2/repository/com/fasterxml/jackson/core/jackson-databind/2.9.9/jackson-databind-2.9.9.jar:/home/user/.m2/repository/org/apache/hadoop/hadoop-kms/3.2.0/hadoop-kms-3.2.0-tests.jar:/home/user/.m2/repository/org/apache/hadoop/hadoop-hdds-server-scm/0.5.0-SNAPSHOT/hadoop-hdds-server-scm-0.5.0-SNAPSHOT-tests.jar:/home/user/.m2/repository/org/apache/hadoop/hadoop-hdds-container-service/0.5.0-SNAPSHOT/hadoop-hdds-container-service-0.5.0-SNAPSHOT-tests.jar:/home/user/.m2/repository/org/yaml/snakeyaml/1.16/snakeyaml-1.16.jar:/home/user/.m2/repository/org/apache/hadoop/hadoop-common/3.2.0/hadoop-common-3.2.0-tests.jar:/home/user/.m2/repository/org/apache/hadoop/hadoop-annotations/3.2.0/hadoop-annotations-3.2.0.jar:/usr/lib/jvm/java-1.8-openjdk/jre/../lib/tools.jar:/home/user/.m2/repository/commons-cli/commons-cli/1.2/commons-cli-1.2.jar:/home/user/.m2/repository/org/apache/httpcomponents/httpclient/4.5.2/httpclient-4.5.2.jar:/home/user/.m2/repository/org/apache/httpcomponents/httpcore/4.4.4/httpcore-4.4.4.jar:/home/user/.m2/repository/commons-codec/commons-codec/1.11/commons-codec-1.11.jar:/home/user/.m2/repository/commons-net/commons-net/3.6/commons-net-3.6.jar:/home/user/.m2/repository/commons-collections/commons-collections/3.2.2/commons-collections-3.2.2.jar:/home/user/.m2/repository/org/eclipse/jetty/jetty-servlet/9.3.25.v20180904/jetty-servlet-9.3.25.v20180904.jar:/home/user/.m2/repository/org/eclipse/jetty/jetty-security/9.3.25.v20180904/jetty-security-9.3.25.v20180904.jar:/home/user/.m2/repository/javax/servlet/jsp/jsp-api/2.1/jsp-api-2.1.jar:/home/user/.m2/repository/com/sun/jersey/jersey-servlet/1.19/jersey-servlet-1.19.jar:/home/user/.m2/repository/com/sun/jersey/jersey-json/1.19/jersey-json-1.19.jar:/home/user/.m2/repository/org/codehaus/jettison/jettison/1.1/jettison-1.1.jar:/home/user/.m2/repository/org/codehaus/jackson/jackson-core-asl/1.9.13/jackson-core-asl-1.9.13.jar:/home/user/.m2/repository/org/codehaus/jackson/jackson-mapper-asl/1.9.13/jackson-mapper-asl-1.9.13.jar:/home/user/.m2/repository/org/codehaus/jackson/jackson-jaxrs/1.9.13/jackson-jaxrs-1.9.13.jar:/home/user/.m2/repository/org/codehaus/jackson/jackson-xc/1.9.13/jackson-xc-1.9.13.jar:/home/user/.m2/repository/commons-logging/commons-logging/1.1.3/commons-logging-1.1.3.jar:/home/user/.m2/repository/commons-beanutils/commons-beanutils/1.9.4/commons-beanutils-1.9.4.jar:/home/user/.m2/repository/org/apache/commons/commons-configuration2/2.1.1/commons-configuration2-2.1.1.jar:/home/user/.m2/repository/org/apache/commons/commons-lang3/3.7/commons-lang3-3.7.jar:/home/user/.m2/repository/org/apache/commons/commons-text/1.4/commons-text-1.4.jar:/home/user/.m2/repository/org/apache/avro/avro/1.7.7/avro-1.7.7.jar:/home/user/.m2/repository/com/thoughtworks/paranamer/paranamer/2.3/paranamer-2.3.jar:/home/user/.m2/repository/org/xerial/snappy/snappy-java/1.0.5/snappy-java-1.0.5.jar:/home/user/.m2/repository/com/google/re2j/re2j/1.1/re2j-1.1.jar:/home/user/.m2/repository/com/google/code/gson/gson/2.2.4/gson-2.2.4.jar:/home/user/.m2/repository/com/jcraft/jsch/0.1.54/jsch-0.1.54.jar:/home/user/.m2/repository/org/apache/curator/curator-client/2.12.0/curator-client-2.12.0.jar:/home/user/.m2/repository/org/apache/curator/curator-recipes/2.12.0/curator-recipes-2.12.0.jar:/home/user/.m2/repository/com/google/code/findbugs/jsr305/3.0.0/jsr305-3.0.0.jar:/home/user/.m2/repository/org/apache/htrace/htrace-core4/4.1.0-incubating/htrace-core4-4.1.0-incubating.jar:/home/user/.m2/repository/org/apache/zookeeper/zookeeper/3.4.13/zookeeper-3.4.13.jar:/home/user/.m2/repository/jline/jline/0.9.94/jline-0.9.94.jar:/home/user/.m2/repository/org/apache/yetus/audience-annotations/0.5.0/audience-annotations-0.5.0.jar:/home/user/.m2/repository/org/codehaus/woodstox/stax2-api/3.1.4/stax2-api-3.1.4.jar:/home/user/.m2/repository/com/fasterxml/woodstox/woodstox-core/5.0.3/woodstox-core-5.0.3.jar:/home/user/.m2/repository/dnsjava/dnsjava/2.1.7/dnsjava-2.1.7.jar:/home/user/.m2/repository/org/apache/hadoop/hadoop-hdfs/3.2.0/hadoop-hdfs-3.2.0-tests.jar:/home/user/.m2/repository/org/eclipse/jetty/jetty-util-ajax/9.3.25.v20180904/jetty-util-ajax-9.3.25.v20180904.jar:/home/user/.m2/repository/commons-daemon/commons-daemon/1.0.13/commons-daemon-1.0.13.jar:/home/user/.m2/repository/io/netty/netty/3.10.5.Final/netty-3.10.5.Final.jar:/home/user/.m2/repository/io/netty/netty-all/4.0.52.Final/netty-all-4.0.52.Final.jar:/home/user/.m2/repository/org/fusesource/leveldbjni/leveldbjni-all/1.8/leveldbjni-all-1.8.jar:"/>
    <property name="java.vm.vendor" value="IcedTea"/>
    <property name="sun.arch.data.model" value="64"/>
    <property name="test.build.dir" value="/workdir/hadoop-ozone/integration-test/target/test-dir"/>
    <property name="test.cache.data" value=""/>
    <property name="java.vendor.url" value="https://icedtea.classpath.org"/>
    <property name="user.timezone" value=""/>
    <property name="java.vm.specification.version" value="1.8"/>
    <property name="os.name" value="Linux"/>
    <property name="test.build.data" value="/workdir/hadoop-ozone/integration-test/target/test-dir"/>
    <property name="user.country" value="US"/>
    <property name="sun.java.launcher" value="SUN_STANDARD"/>
    <property name="sun.boot.library.path" value="/usr/lib/jvm/java-1.8-openjdk/jre/lib/amd64"/>
    <property name="sun.java.command" value="/workdir/hadoop-ozone/integration-test/target/surefire/surefirebooter5493081231205309157.jar /workdir/hadoop-ozone/integration-test/target/surefire 2019-09-24T20-51-17_462-jvmRun1 surefire3115463891115647628tmp surefire_596415497587483099786tmp"/>
    <property name="test" value="!TestMiniChaosOzoneCluster"/>
    <property name="surefire.test.class.path" value="/workdir/hadoop-ozone/integration-test/target/test-classes:/workdir/hadoop-ozone/integration-test/target/classes:/home/user/.m2/repository/org/apache/hadoop/hadoop-ozone-common/0.5.0-SNAPSHOT/hadoop-ozone-common-0.5.0-SNAPSHOT.jar:/home/user/.m2/repository/org/apache/commons/commons-compress/1.4.1/commons-compress-1.4.1.jar:/home/user/.m2/repository/org/tukaani/xz/1.0/xz-1.0.jar:/home/user/.m2/repository/org/apache/hadoop/hadoop-common/3.2.0/hadoop-common-3.2.0.jar:/home/user/.m2/repository/org/apache/hadoop/hadoop-hdfs/3.2.0/hadoop-hdfs-3.2.0.jar:/home/user/.m2/repository/org/apache/hadoop/hadoop-hdfs-client/3.2.0/hadoop-hdfs-client-3.2.0.jar:/home/user/.m2/repository/com/fasterxml/jackson/core/jackson-annotations/2.9.9/jackson-annotations-2.9.9.jar:/home/user/.m2/repository/org/apache/hadoop/hadoop-hdds-common/0.5.0-SNAPSHOT/hadoop-hdds-common-0.5.0-SNAPSHOT.jar:/home/user/.m2/repository/javax/annotation/javax.annotation-api/1.2/javax.annotation-api-1.2.jar:/home/user/.m2/repository/org/apache/ratis/ratis-server/0.4.0/ratis-server-0.4.0.jar:/home/user/.m2/repository/org/apache/ratis/ratis-thirdparty-misc/0.2.0/ratis-thirdparty-misc-0.2.0.jar:/home/user/.m2/repository/org/apache/ratis/ratis-proto/0.4.0/ratis-proto-0.4.0.jar:/home/user/.m2/repository/org/apache/ratis/ratis-common/0.4.0/ratis-common-0.4.0.jar:/home/user/.m2/repository/org/apache/ratis/ratis-client/0.4.0/ratis-client-0.4.0.jar:/home/user/.m2/repository/org/apache/ratis/ratis-metrics/0.4.0/ratis-metrics-0.4.0.jar:/home/user/.m2/repository/com/github/joshelser/dropwizard-metrics-hadoop-metrics2-reporter/0.1.2/dropwizard-metrics-hadoop-metrics2-reporter-0.1.2.jar:/home/user/.m2/repository/io/dropwizard/metrics/metrics-jvm/3.2.5/metrics-jvm-3.2.5.jar:/home/user/.m2/repository/io/dropwizard/metrics/metrics-ganglia/3.2.5/metrics-ganglia-3.2.5.jar:/home/user/.m2/repository/info/ganglia/gmetric4j/gmetric4j/1.0.7/gmetric4j-1.0.7.jar:/home/user/.m2/repository/org/apache/ratis/ratis-netty/0.4.0/ratis-netty-0.4.0.jar:/home/user/.m2/repository/org/apache/ratis/ratis-grpc/0.4.0/ratis-grpc-0.4.0.jar:/home/user/.m2/repository/org/rocksdb/rocksdbjni/6.0.1/rocksdbjni-6.0.1.jar:/home/user/.m2/repository/org/apache/logging/log4j/log4j-api/2.11.0/log4j-api-2.11.0.jar:/home/user/.m2/repository/org/apache/logging/log4j/log4j-core/2.11.0/log4j-core-2.11.0.jar:/home/user/.m2/repository/com/lmax/disruptor/3.4.2/disruptor-3.4.2.jar:/home/user/.m2/repository/org/apache/commons/commons-pool2/2.6.0/commons-pool2-2.6.0.jar:/home/user/.m2/repository/org/bouncycastle/bcpkix-jdk15on/1.60/bcpkix-jdk15on-1.60.jar:/home/user/.m2/repository/commons-validator/commons-validator/1.6/commons-validator-1.6.jar:/home/user/.m2/repository/commons-digester/commons-digester/1.8.1/commons-digester-1.8.1.jar:/home/user/.m2/repository/io/jaegertracing/jaeger-client/0.34.0/jaeger-client-0.34.0.jar:/home/user/.m2/repository/io/jaegertracing/jaeger-thrift/0.34.0/jaeger-thrift-0.34.0.jar:/home/user/.m2/repository/org/apache/thrift/libthrift/0.12.0/libthrift-0.12.0.jar:/home/user/.m2/repository/com/squareup/okhttp3/okhttp/3.9.0/okhttp-3.9.0.jar:/home/user/.m2/repository/com/squareup/okio/okio/1.13.0/okio-1.13.0.jar:/home/user/.m2/repository/io/jaegertracing/jaeger-core/0.34.0/jaeger-core-0.34.0.jar:/home/user/.m2/repository/io/jaegertracing/jaeger-tracerresolver/0.34.0/jaeger-tracerresolver-0.34.0.jar:/home/user/.m2/repository/io/opentracing/contrib/opentracing-tracerresolver/0.1.5/opentracing-tracerresolver-0.1.5.jar:/home/user/.m2/repository/io/opentracing/opentracing-util/0.31.0/opentracing-util-0.31.0.jar:/home/user/.m2/repository/io/opentracing/opentracing-api/0.31.0/opentracing-api-0.31.0.jar:/home/user/.m2/repository/io/opentracing/opentracing-noop/0.31.0/opentracing-noop-0.31.0.jar:/home/user/.m2/repository/org/apache/hadoop/hadoop-hdds-server-framework/0.5.0-SNAPSHOT/hadoop-hdds-server-framework-0.5.0-SNAPSHOT.jar:/home/user/.m2/repository/org/apache/hadoop/hadoop-hdds-container-service/0.5.0-SNAPSHOT/hadoop-hdds-container-service-0.5.0-SNAPSHOT.jar:/home/user/.m2/repository/org/apache/hadoop/hadoop-hdds-client/0.5.0-SNAPSHOT/hadoop-hdds-client-0.5.0-SNAPSHOT.jar:/home/user/.m2/repository/org/apache/hadoop/hadoop-hdds-tools/0.5.0-SNAPSHOT/hadoop-hdds-tools-0.5.0-SNAPSHOT.jar:/home/user/.m2/repository/org/apache/hadoop/hadoop-hdds-server-scm/0.5.0-SNAPSHOT/hadoop-hdds-server-scm-0.5.0-SNAPSHOT.jar:/home/user/.m2/repository/org/apache/hadoop/hadoop-hdds-docs/0.5.0-SNAPSHOT/hadoop-hdds-docs-0.5.0-SNAPSHOT.jar:/home/user/.m2/repository/io/dropwizard/metrics/metrics-core/3.2.4/metrics-core-3.2.4.jar:/home/user/.m2/repository/org/hamcrest/hamcrest-all/1.3/hamcrest-all-1.3.jar:/home/user/.m2/repository/org/bouncycastle/bcprov-jdk15on/1.60/bcprov-jdk15on-1.60.jar:/home/user/.m2/repository/info/picocli/picocli/3.9.6/picocli-3.9.6.jar:/home/user/.m2/repository/com/google/protobuf/protobuf-java/2.5.0/protobuf-java-2.5.0.jar:/home/user/.m2/repository/com/google/guava/guava/11.0.2/guava-11.0.2.jar:/home/user/.m2/repository/org/apache/hadoop/hadoop-ozone-ozone-manager/0.5.0-SNAPSHOT/hadoop-ozone-ozone-manager-0.5.0-SNAPSHOT.jar:/home/user/.m2/repository/org/apache/hadoop/hadoop-minikdc/3.2.0/hadoop-minikdc-3.2.0.jar:/home/user/.m2/repository/commons-io/commons-io/2.5/commons-io-2.5.jar:/home/user/.m2/repository/org/apache/kerby/kerb-simplekdc/1.0.1/kerb-simplekdc-1.0.1.jar:/home/user/.m2/repository/org/apache/kerby/kerb-client/1.0.1/kerb-client-1.0.1.jar:/home/user/.m2/repository/org/apache/kerby/kerby-config/1.0.1/kerby-config-1.0.1.jar:/home/user/.m2/repository/org/apache/kerby/kerb-core/1.0.1/kerb-core-1.0.1.jar:/home/user/.m2/repository/org/apache/kerby/kerby-pkix/1.0.1/kerby-pkix-1.0.1.jar:/home/user/.m2/repository/org/apache/kerby/kerby-asn1/1.0.1/kerby-asn1-1.0.1.jar:/home/user/.m2/repository/org/apache/kerby/kerby-util/1.0.1/kerby-util-1.0.1.jar:/home/user/.m2/repository/org/apache/kerby/kerb-common/1.0.1/kerb-common-1.0.1.jar:/home/user/.m2/repository/org/apache/kerby/kerb-crypto/1.0.1/kerb-crypto-1.0.1.jar:/home/user/.m2/repository/org/apache/kerby/kerb-util/1.0.1/kerb-util-1.0.1.jar:/home/user/.m2/repository/org/apache/kerby/token-provider/1.0.1/token-provider-1.0.1.jar:/home/user/.m2/repository/org/apache/kerby/kerb-admin/1.0.1/kerb-admin-1.0.1.jar:/home/user/.m2/repository/org/apache/kerby/kerb-server/1.0.1/kerb-server-1.0.1.jar:/home/user/.m2/repository/org/apache/kerby/kerb-identity/1.0.1/kerb-identity-1.0.1.jar:/home/user/.m2/repository/org/apache/kerby/kerby-xdr/1.0.1/kerby-xdr-1.0.1.jar:/home/user/.m2/repository/org/slf4j/slf4j-log4j12/1.7.25/slf4j-log4j12-1.7.25.jar:/home/user/.m2/repository/org/apache/hadoop/hadoop-ozone-s3gateway/0.5.0-SNAPSHOT/hadoop-ozone-s3gateway-0.5.0-SNAPSHOT.jar:/home/user/.m2/repository/org/jboss/weld/servlet/weld-servlet/2.4.7.Final/weld-servlet-2.4.7.Final.jar:/home/user/.m2/repository/org/glassfish/jersey/containers/jersey-container-servlet-core/2.27/jersey-container-servlet-core-2.27.jar:/home/user/.m2/repository/org/glassfish/hk2/external/javax.inject/2.5.0-b42/javax.inject-2.5.0-b42.jar:/home/user/.m2/repository/org/glassfish/jersey/core/jersey-common/2.27/jersey-common-2.27.jar:/home/user/.m2/repository/org/glassfish/hk2/osgi-resource-locator/1.0.1/osgi-resource-locator-1.0.1.jar:/home/user/.m2/repository/javax/ws/rs/javax.ws.rs-api/2.1/javax.ws.rs-api-2.1.jar:/home/user/.m2/repository/org/glassfish/jersey/ext/cdi/jersey-cdi1x/2.27/jersey-cdi1x-2.27.jar:/home/user/.m2/repository/org/glassfish/jersey/inject/jersey-hk2/2.27/jersey-hk2-2.27.jar:/home/user/.m2/repository/org/glassfish/hk2/hk2-locator/2.5.0-b42/hk2-locator-2.5.0-b42.jar:/home/user/.m2/repository/org/javassist/javassist/3.22.0-CR2/javassist-3.22.0-CR2.jar:/home/user/.m2/repository/org/glassfish/hk2/hk2-api/2.5.0/hk2-api-2.5.0.jar:/home/user/.m2/repository/org/glassfish/hk2/external/jakarta.inject/2.5.0/jakarta.inject-2.5.0.jar:/home/user/.m2/repository/org/glassfish/hk2/hk2-utils/2.5.0/hk2-utils-2.5.0.jar:/home/user/.m2/repository/jakarta/annotation/jakarta.annotation-api/1.3.4/jakarta.annotation-api-1.3.4.jar:/home/user/.m2/repository/org/glassfish/hk2/external/aopalliance-repackaged/2.5.0/aopalliance-repackaged-2.5.0.jar:/home/user/.m2/repository/com/fasterxml/jackson/dataformat/jackson-dataformat-xml/2.9.0/jackson-dataformat-xml-2.9.0.jar:/home/user/.m2/repository/com/fasterxml/jackson/core/jackson-core/2.9.9/jackson-core-2.9.9.jar:/home/user/.m2/repository/com/fasterxml/jackson/module/jackson-module-jaxb-annotations/2.9.9/jackson-module-jaxb-annotations-2.9.9.jar:/home/user/.m2/repository/javax/enterprise/cdi-api/1.2/cdi-api-1.2.jar:/home/user/.m2/repository/javax/el/javax.el-api/3.0.0/javax.el-api-3.0.0.jar:/home/user/.m2/repository/javax/interceptor/javax.interceptor-api/1.2/javax.interceptor-api-1.2.jar:/home/user/.m2/repository/javax/inject/javax.inject/1/javax.inject-1.jar:/home/user/.m2/repository/com/sun/xml/bind/jaxb-impl/2.3.0.1/jaxb-impl-2.3.0.1.jar:/home/user/.m2/repository/com/sun/xml/bind/jaxb-core/2.3.0.1/jaxb-core-2.3.0.1.jar:/home/user/.m2/repository/javax/xml/bind/jaxb-api/2.3.0/jaxb-api-2.3.0.jar:/home/user/.m2/repository/javax/activation/activation/1.1.1/activation-1.1.1.jar:/home/user/.m2/repository/org/apache/hadoop/hadoop-ozone-csi/0.5.0-SNAPSHOT/hadoop-ozone-csi-0.5.0-SNAPSHOT.jar:/home/user/.m2/repository/com/google/protobuf/protobuf-java-util/3.5.1/protobuf-java-util-3.5.1.jar:/home/user/.m2/repository/org/apache/hadoop/hadoop-hdds-config/0.5.0-SNAPSHOT/hadoop-hdds-config-0.5.0-SNAPSHOT.jar:/home/user/.m2/repository/io/grpc/grpc-netty/1.17.1/grpc-netty-1.17.1.jar:/home/user/.m2/repository/io/grpc/grpc-core/1.17.1/grpc-core-1.17.1.jar:/home/user/.m2/repository/io/grpc/grpc-context/1.17.1/grpc-context-1.17.1.jar:/home/user/.m2/repository/com/google/errorprone/error_prone_annotations/2.2.0/error_prone_annotations-2.2.0.jar:/home/user/.m2/repository/org/codehaus/mojo/animal-sniffer-annotations/1.17/animal-sniffer-annotations-1.17.jar:/home/user/.m2/repository/io/opencensus/opencensus-api/0.17.0/opencensus-api-0.17.0.jar:/home/user/.m2/repository/io/opencensus/opencensus-contrib-grpc-metrics/0.17.0/opencensus-contrib-grpc-metrics-0.17.0.jar:/home/user/.m2/repository/io/netty/netty-codec-http2/4.1.30.Final/netty-codec-http2-4.1.30.Final.jar:/home/user/.m2/repository/io/netty/netty-codec-http/4.1.30.Final/netty-codec-http-4.1.30.Final.jar:/home/user/.m2/repository/io/netty/netty-codec/4.1.30.Final/netty-codec-4.1.30.Final.jar:/home/user/.m2/repository/io/netty/netty-handler/4.1.30.Final/netty-handler-4.1.30.Final.jar:/home/user/.m2/repository/io/netty/netty-handler-proxy/4.1.30.Final/netty-handler-proxy-4.1.30.Final.jar:/home/user/.m2/repository/io/netty/netty-codec-socks/4.1.30.Final/netty-codec-socks-4.1.30.Final.jar:/home/user/.m2/repository/io/netty/netty-transport-native-epoll/4.1.30.Final/netty-transport-native-epoll-4.1.30.Final.jar:/home/user/.m2/repository/io/netty/netty-common/4.1.30.Final/netty-common-4.1.30.Final.jar:/home/user/.m2/repository/io/netty/netty-buffer/4.1.30.Final/netty-buffer-4.1.30.Final.jar:/home/user/.m2/repository/io/netty/netty-transport/4.1.30.Final/netty-transport-4.1.30.Final.jar:/home/user/.m2/repository/io/netty/netty-resolver/4.1.30.Final/netty-resolver-4.1.30.Final.jar:/home/user/.m2/repository/io/netty/netty-transport-native-unix-common/4.1.30.Final/netty-transport-native-unix-common-4.1.30.Final.jar:/home/user/.m2/repository/io/grpc/grpc-protobuf/1.17.1/grpc-protobuf-1.17.1.jar:/home/user/.m2/repository/com/google/api/grpc/proto-google-common-protos/1.0.0/proto-google-common-protos-1.0.0.jar:/home/user/.m2/repository/io/grpc/grpc-protobuf-lite/1.17.1/grpc-protobuf-lite-1.17.1.jar:/home/user/.m2/repository/io/grpc/grpc-stub/1.17.1/grpc-stub-1.17.1.jar:/home/user/.m2/repository/org/apache/hadoop/hadoop-ozone-recon/0.5.0-SNAPSHOT/hadoop-ozone-recon-0.5.0-SNAPSHOT.jar:/home/user/.m2/repository/org/apache/hadoop/hadoop-ozone-reconcodegen/0.5.0-SNAPSHOT/hadoop-ozone-reconcodegen-0.5.0-SNAPSHOT.jar:/home/user/.m2/repository/com/google/inject/extensions/guice-multibindings/4.0/guice-multibindings-4.0.jar:/home/user/.m2/repository/com/google/inject/guice/4.0/guice-4.0.jar:/home/user/.m2/repository/aopalliance/aopalliance/1.0/aopalliance-1.0.jar:/home/user/.m2/repository/com/google/inject/extensions/guice-servlet/4.0/guice-servlet-4.0.jar:/home/user/.m2/repository/org/glassfish/jersey/containers/jersey-container-servlet/2.27/jersey-container-servlet-2.27.jar:/home/user/.m2/repository/org/glassfish/hk2/guice-bridge/2.5.0/guice-bridge-2.5.0.jar:/home/user/.m2/repository/org/glassfish/jersey/core/jersey-server/2.27/jersey-server-2.27.jar:/home/user/.m2/repository/org/glassfish/jersey/core/jersey-client/2.27/jersey-client-2.27.jar:/home/user/.m2/repository/org/glassfish/jersey/media/jersey-media-jaxb/2.27/jersey-media-jaxb-2.27.jar:/home/user/.m2/repository/javax/validation/validation-api/1.1.0.Final/validation-api-1.1.0.Final.jar:/home/user/.m2/repository/org/glassfish/jersey/media/jersey-media-json-jackson/2.27/jersey-media-json-jackson-2.27.jar:/home/user/.m2/repository/org/glassfish/jersey/ext/jersey-entity-filtering/2.27/jersey-entity-filtering-2.27.jar:/home/user/.m2/repository/com/google/inject/extensions/guice-assistedinject/4.0/guice-assistedinject-4.0.jar:/home/user/.m2/repository/org/jooq/jooq/3.11.10/jooq-3.11.10.jar:/home/user/.m2/repository/org/jooq/jooq-meta/3.11.10/jooq-meta-3.11.10.jar:/home/user/.m2/repository/org/jooq/jooq-codegen/3.11.10/jooq-codegen-3.11.10.jar:/home/user/.m2/repository/com/jolbox/bonecp/0.8.0.RELEASE/bonecp-0.8.0.RELEASE.jar:/home/user/.m2/repository/org/xerial/sqlite-jdbc/3.25.2/sqlite-jdbc-3.25.2.jar:/home/user/.m2/repository/org/springframework/spring-jdbc/5.1.3.RELEASE/spring-jdbc-5.1.3.RELEASE.jar:/home/user/.m2/repository/org/springframework/spring-beans/5.1.3.RELEASE/spring-beans-5.1.3.RELEASE.jar:/home/user/.m2/repository/org/springframework/spring-core/5.1.3.RELEASE/spring-core-5.1.3.RELEASE.jar:/home/user/.m2/repository/org/springframework/spring-jcl/5.1.3.RELEASE/spring-jcl-5.1.3.RELEASE.jar:/home/user/.m2/repository/org/springframework/spring-tx/5.1.3.RELEASE/spring-tx-5.1.3.RELEASE.jar:/home/user/.m2/repository/org/apache/hadoop/hadoop-ozone-client/0.5.0-SNAPSHOT/hadoop-ozone-client-0.5.0-SNAPSHOT.jar:/home/user/.m2/repository/commons-lang/commons-lang/2.6/commons-lang-2.6.jar:/home/user/.m2/repository/org/apache/hadoop/hadoop-ozone-ozone-manager/0.5.0-SNAPSHOT/hadoop-ozone-ozone-manager-0.5.0-SNAPSHOT-tests.jar:/home/user/.m2/repository/junit/junit/4.11/junit-4.11.jar:/home/user/.m2/repository/org/hamcrest/hamcrest-core/1.3/hamcrest-core-1.3.jar:/home/user/.m2/repository/org/openjdk/jmh/jmh-core/1.19/jmh-core-1.19.jar:/home/user/.m2/repository/net/sf/jopt-simple/jopt-simple/4.6/jopt-simple-4.6.jar:/home/user/.m2/repository/org/apache/commons/commons-math3/3.1.1/commons-math3-3.1.1.jar:/home/user/.m2/repository/org/openjdk/jmh/jmh-generator-annprocess/1.19/jmh-generator-annprocess-1.19.jar:/home/user/.m2/repository/org/mockito/mockito-all/1.8.5/mockito-all-1.8.5.jar:/home/user/.m2/repository/org/apache/hadoop/hadoop-kms/3.2.0/hadoop-kms-3.2.0.jar:/home/user/.m2/repository/org/apache/hadoop/hadoop-auth/3.2.0/hadoop-auth-3.2.0.jar:/home/user/.m2/repository/com/nimbusds/nimbus-jose-jwt/4.41.1/nimbus-jose-jwt-4.41.1.jar:/home/user/.m2/repository/com/github/stephenc/jcip/jcip-annotations/1.0-1/jcip-annotations-1.0-1.jar:/home/user/.m2/repository/net/minidev/json-smart/2.3/json-smart-2.3.jar:/home/user/.m2/repository/net/minidev/accessors-smart/1.2/accessors-smart-1.2.jar:/home/user/.m2/repository/org/ow2/asm/asm/5.0.4/asm-5.0.4.jar:/home/user/.m2/repository/org/apache/curator/curator-framework/2.12.0/curator-framework-2.12.0.jar:/home/user/.m2/repository/com/sun/jersey/jersey-core/1.19/jersey-core-1.19.jar:/home/user/.m2/repository/javax/ws/rs/jsr311-api/1.1.1/jsr311-api-1.1.1.jar:/home/user/.m2/repository/com/sun/jersey/jersey-server/1.19/jersey-server-1.19.jar:/home/user/.m2/repository/javax/servlet/javax.servlet-api/3.1.0/javax.servlet-api-3.1.0.jar:/home/user/.m2/repository/org/eclipse/jetty/jetty-server/9.3.25.v20180904/jetty-server-9.3.25.v20180904.jar:/home/user/.m2/repository/org/eclipse/jetty/jetty-http/9.3.25.v20180904/jetty-http-9.3.25.v20180904.jar:/home/user/.m2/repository/org/eclipse/jetty/jetty-io/9.3.25.v20180904/jetty-io-9.3.25.v20180904.jar:/home/user/.m2/repository/org/eclipse/jetty/jetty-webapp/9.3.25.v20180904/jetty-webapp-9.3.25.v20180904.jar:/home/user/.m2/repository/org/eclipse/jetty/jetty-xml/9.3.25.v20180904/jetty-xml-9.3.25.v20180904.jar:/home/user/.m2/repository/log4j/log4j/1.2.17/log4j-1.2.17.jar:/home/user/.m2/repository/org/slf4j/slf4j-api/1.7.25/slf4j-api-1.7.25.jar:/home/user/.m2/repository/org/slf4j/jul-to-slf4j/1.7.25/jul-to-slf4j-1.7.25.jar:/home/user/.m2/repository/org/eclipse/jetty/jetty-util/9.3.25.v20180904/jetty-util-9.3.25.v20180904.jar:/home/user/.m2/repository/com/fasterxml/jackson/core/jackson-databind/2.9.9/jackson-databind-2.9.9.jar:/home/user/.m2/repository/org/apache/hadoop/hadoop-kms/3.2.0/hadoop-kms-3.2.0-tests.jar:/home/user/.m2/repository/org/apache/hadoop/hadoop-hdds-server-scm/0.5.0-SNAPSHOT/hadoop-hdds-server-scm-0.5.0-SNAPSHOT-tests.jar:/home/user/.m2/repository/org/apache/hadoop/hadoop-hdds-container-service/0.5.0-SNAPSHOT/hadoop-hdds-container-service-0.5.0-SNAPSHOT-tests.jar:/home/user/.m2/repository/org/yaml/snakeyaml/1.16/snakeyaml-1.16.jar:/home/user/.m2/repository/org/apache/hadoop/hadoop-common/3.2.0/hadoop-common-3.2.0-tests.jar:/home/user/.m2/repository/org/apache/hadoop/hadoop-annotations/3.2.0/hadoop-annotations-3.2.0.jar:/usr/lib/jvm/java-1.8-openjdk/jre/../lib/tools.jar:/home/user/.m2/repository/commons-cli/commons-cli/1.2/commons-cli-1.2.jar:/home/user/.m2/repository/org/apache/httpcomponents/httpclient/4.5.2/httpclient-4.5.2.jar:/home/user/.m2/repository/org/apache/httpcomponents/httpcore/4.4.4/httpcore-4.4.4.jar:/home/user/.m2/repository/commons-codec/commons-codec/1.11/commons-codec-1.11.jar:/home/user/.m2/repository/commons-net/commons-net/3.6/commons-net-3.6.jar:/home/user/.m2/repository/commons-collections/commons-collections/3.2.2/commons-collections-3.2.2.jar:/home/user/.m2/repository/org/eclipse/jetty/jetty-servlet/9.3.25.v20180904/jetty-servlet-9.3.25.v20180904.jar:/home/user/.m2/repository/org/eclipse/jetty/jetty-security/9.3.25.v20180904/jetty-security-9.3.25.v20180904.jar:/home/user/.m2/repository/javax/servlet/jsp/jsp-api/2.1/jsp-api-2.1.jar:/home/user/.m2/repository/com/sun/jersey/jersey-servlet/1.19/jersey-servlet-1.19.jar:/home/user/.m2/repository/com/sun/jersey/jersey-json/1.19/jersey-json-1.19.jar:/home/user/.m2/repository/org/codehaus/jettison/jettison/1.1/jettison-1.1.jar:/home/user/.m2/repository/org/codehaus/jackson/jackson-core-asl/1.9.13/jackson-core-asl-1.9.13.jar:/home/user/.m2/repository/org/codehaus/jackson/jackson-mapper-asl/1.9.13/jackson-mapper-asl-1.9.13.jar:/home/user/.m2/repository/org/codehaus/jackson/jackson-jaxrs/1.9.13/jackson-jaxrs-1.9.13.jar:/home/user/.m2/repository/org/codehaus/jackson/jackson-xc/1.9.13/jackson-xc-1.9.13.jar:/home/user/.m2/repository/commons-logging/commons-logging/1.1.3/commons-logging-1.1.3.jar:/home/user/.m2/repository/commons-beanutils/commons-beanutils/1.9.4/commons-beanutils-1.9.4.jar:/home/user/.m2/repository/org/apache/commons/commons-configuration2/2.1.1/commons-configuration2-2.1.1.jar:/home/user/.m2/repository/org/apache/commons/commons-lang3/3.7/commons-lang3-3.7.jar:/home/user/.m2/repository/org/apache/commons/commons-text/1.4/commons-text-1.4.jar:/home/user/.m2/repository/org/apache/avro/avro/1.7.7/avro-1.7.7.jar:/home/user/.m2/repository/com/thoughtworks/paranamer/paranamer/2.3/paranamer-2.3.jar:/home/user/.m2/repository/org/xerial/snappy/snappy-java/1.0.5/snappy-java-1.0.5.jar:/home/user/.m2/repository/com/google/re2j/re2j/1.1/re2j-1.1.jar:/home/user/.m2/repository/com/google/code/gson/gson/2.2.4/gson-2.2.4.jar:/home/user/.m2/repository/com/jcraft/jsch/0.1.54/jsch-0.1.54.jar:/home/user/.m2/repository/org/apache/curator/curator-client/2.12.0/curator-client-2.12.0.jar:/home/user/.m2/repository/org/apache/curator/curator-recipes/2.12.0/curator-recipes-2.12.0.jar:/home/user/.m2/repository/com/google/code/findbugs/jsr305/3.0.0/jsr305-3.0.0.jar:/home/user/.m2/repository/org/apache/htrace/htrace-core4/4.1.0-incubating/htrace-core4-4.1.0-incubating.jar:/home/user/.m2/repository/org/apache/zookeeper/zookeeper/3.4.13/zookeeper-3.4.13.jar:/home/user/.m2/repository/jline/jline/0.9.94/jline-0.9.94.jar:/home/user/.m2/repository/org/apache/yetus/audience-annotations/0.5.0/audience-annotations-0.5.0.jar:/home/user/.m2/repository/org/codehaus/woodstox/stax2-api/3.1.4/stax2-api-3.1.4.jar:/home/user/.m2/repository/com/fasterxml/woodstox/woodstox-core/5.0.3/woodstox-core-5.0.3.jar:/home/user/.m2/repository/dnsjava/dnsjava/2.1.7/dnsjava-2.1.7.jar:/home/user/.m2/repository/org/apache/hadoop/hadoop-hdfs/3.2.0/hadoop-hdfs-3.2.0-tests.jar:/home/user/.m2/repository/org/eclipse/jetty/jetty-util-ajax/9.3.25.v20180904/jetty-util-ajax-9.3.25.v20180904.jar:/home/user/.m2/repository/commons-daemon/commons-daemon/1.0.13/commons-daemon-1.0.13.jar:/home/user/.m2/repository/io/netty/netty/3.10.5.Final/netty-3.10.5.Final.jar:/home/user/.m2/repository/io/netty/netty-all/4.0.52.Final/netty-all-4.0.52.Final.jar:/home/user/.m2/repository/org/fusesource/leveldbjni/leveldbjni-all/1.8/leveldbjni-all-1.8.jar:"/>
    <property name="sun.cpu.endian" value="little"/>
    <property name="user.home" value="/home/user"/>
    <property name="user.language" value="en"/>
    <property name="java.specification.vendor" value="Oracle Corporation"/>
    <property name="java.home" value="/usr/lib/jvm/java-1.8-openjdk/jre"/>
    <property name="java.security.krb5.conf" value="/workdir/hadoop-ozone/integration-test/target/test-classes/krb5.conf"/>
    <property name="basedir" value="/workdir/hadoop-ozone/integration-test"/>
    <property name="file.separator" value="/"/>
    <property name="line.separator" value="&#10;"/>
    <property name="java.vm.specification.vendor" value="Oracle Corporation"/>
    <property name="java.specification.name" value="Java Platform API Specification"/>
    <property name="java.awt.graphicsenv" value="sun.awt.X11GraphicsEnvironment"/>
    <property name="surefire.real.class.path" value="/workdir/hadoop-ozone/integration-test/target/surefire/surefirebooter5493081231205309157.jar"/>
    <property name="hadoop.log.dir" value="/workdir/hadoop-ozone/integration-test/target/log"/>
    <property name="sun.boot.class.path" value="/usr/lib/jvm/java-1.8-openjdk/jre/lib/resources.jar:/usr/lib/jvm/java-1.8-openjdk/jre/lib/rt.jar:/usr/lib/jvm/java-1.8-openjdk/jre/lib/sunrsasign.jar:/usr/lib/jvm/java-1.8-openjdk/jre/lib/jsse.jar:/usr/lib/jvm/java-1.8-openjdk/jre/lib/jce.jar:/usr/lib/jvm/java-1.8-openjdk/jre/lib/charsets.jar:/usr/lib/jvm/java-1.8-openjdk/jre/lib/jfr.jar:/usr/lib/jvm/java-1.8-openjdk/jre/classes"/>
    <property name="sun.management.compiler" value="HotSpot 64-Bit Tiered Compilers"/>
    <property name="java.runtime.version" value="1.8.0_212-b04"/>
    <property name="java.net.preferIPv4Stack" value="true"/>
    <property name="user.name" value="jenkins1000"/>
    <property name="path.separator" value=":"/>
    <property name="java.security.egd" value="file:///dev/urandom"/>
    <property name="os.version" value="3.10.0-957.12.2.el7.x86_64"/>
    <property name="java.endorsed.dirs" value="/usr/lib/jvm/java-1.8-openjdk/jre/lib/endorsed"/>
    <property name="java.runtime.name" value="OpenJDK Runtime Environment"/>
    <property name="file.encoding" value="UTF-8"/>
    <property name="java.vm.name" value="OpenJDK 64-Bit Server VM"/>
    <property name="test.build.webapps" value=""/>
    <property name="localRepository" value="/home/user/.m2/repository"/>
    <property name="java.vendor.url.bug" value="https://icedtea.classpath.org/bugzilla"/>
    <property name="java.io.tmpdir" value="/tmp"/>
    <property name="require.test.libhadoop" value=""/>
    <property name="java.version" value="1.8.0_212"/>
    <property name="user.dir" value="/workdir/hadoop-ozone/integration-test"/>
    <property name="os.arch" value="amd64"/>
    <property name="java.vm.specification.name" value="Java Virtual Machine Specification"/>
    <property name="test.build.classes" value="/workdir/hadoop-ozone/integration-test/target/test-classes"/>
    <property name="java.awt.printerjob" value="sun.print.PSPrinterJob"/>
    <property name="sun.os.patch.level" value="unknown"/>
    <property name="hadoop.tmp.dir" value="/workdir/hadoop-ozone/integration-test/target/tmp"/>
    <property name="java.library.path" value="/usr/lib/jvm/java-1.8-openjdk/jre/lib/amd64/server:/usr/lib/jvm/java-1.8-openjdk/jre/lib/amd64:/usr/lib/jvm/java-1.8-openjdk/jre/../lib/amd64:/workdir/hadoop-ozone/integration-test/target/native/target/usr/local/lib:/workdir/hadoop-ozone/integration-test/../../hadoop-common-project/hadoop-common/target/native/target/usr/local/lib:/usr/java/packages/lib/amd64:/usr/lib64:/lib64:/lib:/usr/lib"/>
    <property name="java.vm.info" value="mixed mode"/>
    <property name="java.vendor" value="IcedTea"/>
    <property name="java.vm.version" value="25.212-b04"/>
    <property name="java.ext.dirs" value="/usr/lib/jvm/java-1.8-openjdk/jre/lib/ext:/usr/java/packages/lib/ext"/>
    <property name="sun.io.unicode.encoding" value="UnicodeLittle"/>
    <property name="java.class.version" value="52.0"/>
  </properties>
  <testcase name="org.apache.hadoop.ozone.client.rpc.TestCloseContainerHandlingByClient" classname="org.apache.hadoop.ozone.client.rpc.TestCloseContainerHandlingByClient" time="141.602">
    <error message="Connection refused" type="java.net.ConnectException"><![CDATA[java.net.ConnectException: Connection refused
	at sun.nio.ch.SocketChannelImpl.checkConnect(Native Method)
	at sun.nio.ch.SocketChannelImpl.finishConnect(SocketChannelImpl.java:717)
	at org.apache.hadoop.net.SocketIOWithTimeout.connect(SocketIOWithTimeout.java:206)
	at org.apache.hadoop.net.NetUtils.connect(NetUtils.java:531)
	at org.apache.hadoop.ipc.Client$Connection.setupConnection(Client.java:690)
	at org.apache.hadoop.ipc.Client$Connection.setupIOstreams(Client.java:794)
	at org.apache.hadoop.ipc.Client$Connection.access$3700(Client.java:411)
	at org.apache.hadoop.ipc.Client.getConnection(Client.java:1572)
	at org.apache.hadoop.ipc.Client.call(Client.java:1403)
	at org.apache.hadoop.ipc.Client.call(Client.java:1367)
	at org.apache.hadoop.ipc.ProtobufRpcEngine$Invoker.invoke(ProtobufRpcEngine.java:228)
	at org.apache.hadoop.ipc.ProtobufRpcEngine$Invoker.invoke(ProtobufRpcEngine.java:116)
	at com.sun.proxy.$Proxy37.submitRequest(Unknown Source)
	at sun.reflect.NativeMethodAccessorImpl.invoke0(Native Method)
	at sun.reflect.NativeMethodAccessorImpl.invoke(NativeMethodAccessorImpl.java:62)
	at sun.reflect.DelegatingMethodAccessorImpl.invoke(DelegatingMethodAccessorImpl.java:43)
	at java.lang.reflect.Method.invoke(Method.java:498)
	at org.apache.hadoop.io.retry.RetryInvocationHandler.invokeMethod(RetryInvocationHandler.java:422)
	at org.apache.hadoop.io.retry.RetryInvocationHandler$Call.invokeMethod(RetryInvocationHandler.java:165)
	at org.apache.hadoop.io.retry.RetryInvocationHandler$Call.invoke(RetryInvocationHandler.java:157)
	at org.apache.hadoop.io.retry.RetryInvocationHandler$Call.invokeOnce(RetryInvocationHandler.java:95)
	at org.apache.hadoop.io.retry.RetryInvocationHandler.invoke(RetryInvocationHandler.java:359)
	at com.sun.proxy.$Proxy37.submitRequest(Unknown Source)
	at org.apache.hadoop.ozone.om.protocolPB.OzoneManagerProtocolClientSideTranslatorPB.submitRequest(OzoneManagerProtocolClientSideTranslatorPB.java:338)
	at org.apache.hadoop.ozone.om.protocolPB.OzoneManagerProtocolClientSideTranslatorPB.getServiceInfo(OzoneManagerProtocolClientSideTranslatorPB.java:1223)
	at sun.reflect.NativeMethodAccessorImpl.invoke0(Native Method)
	at sun.reflect.NativeMethodAccessorImpl.invoke(NativeMethodAccessorImpl.java:62)
	at sun.reflect.DelegatingMethodAccessorImpl.invoke(DelegatingMethodAccessorImpl.java:43)
	at java.lang.reflect.Method.invoke(Method.java:498)
	at org.apache.hadoop.hdds.tracing.TraceAllMethod.invoke(TraceAllMethod.java:66)
	at com.sun.proxy.$Proxy38.getServiceInfo(Unknown Source)
	at org.apache.hadoop.ozone.client.rpc.RpcClient.<init>(RpcClient.java:154)
	at org.apache.hadoop.ozone.client.OzoneClientFactory.getClientProtocol(OzoneClientFactory.java:256)
	at org.apache.hadoop.ozone.client.OzoneClientFactory.getClientProtocol(OzoneClientFactory.java:239)
	at org.apache.hadoop.ozone.client.OzoneClientFactory.getClient(OzoneClientFactory.java:75)
	at org.apache.hadoop.ozone.client.rpc.TestCloseContainerHandlingByClient.init(TestCloseContainerHandlingByClient.java:97)
	at sun.reflect.NativeMethodAccessorImpl.invoke0(Native Method)
	at sun.reflect.NativeMethodAccessorImpl.invoke(NativeMethodAccessorImpl.java:62)
	at sun.reflect.DelegatingMethodAccessorImpl.invoke(DelegatingMethodAccessorImpl.java:43)
	at java.lang.reflect.Method.invoke(Method.java:498)
	at org.junit.runners.model.FrameworkMethod$1.runReflectiveCall(FrameworkMethod.java:47)
	at org.junit.internal.runners.model.ReflectiveCallable.run(ReflectiveCallable.java:12)
	at org.junit.runners.model.FrameworkMethod.invokeExplosively(FrameworkMethod.java:44)
	at org.junit.internal.runners.statements.RunBefores.evaluate(RunBefores.java:24)
	at org.junit.internal.runners.statements.RunAfters.evaluate(RunAfters.java:27)
	at org.junit.runners.ParentRunner.run(ParentRunner.java:309)
	at org.apache.maven.surefire.junit4.JUnit4Provider.execute(JUnit4Provider.java:365)
	at org.apache.maven.surefire.junit4.JUnit4Provider.executeWithRerun(JUnit4Provider.java:273)
	at org.apache.maven.surefire.junit4.JUnit4Provider.executeTestSet(JUnit4Provider.java:238)
	at org.apache.maven.surefire.junit4.JUnit4Provider.invoke(JUnit4Provider.java:159)
	at org.apache.maven.surefire.booter.ForkedBooter.invokeProviderInSameClassLoader(ForkedBooter.java:384)
	at org.apache.maven.surefire.booter.ForkedBooter.runSuitesInProcess(ForkedBooter.java:345)
	at org.apache.maven.surefire.booter.ForkedBooter.execute(ForkedBooter.java:126)
	at org.apache.maven.surefire.booter.ForkedBooter.main(ForkedBooter.java:418)
]]></error>
    <system-out><![CDATA[2019-09-24 22:09:53,532 [main] WARN  server.ServerUtils (ServerUtils.java:getScmDbDir(145)) - ozone.scm.db.dirs is not configured. We recommend adding this setting. Falling back to ozone.metadata.dirs instead.
2019-09-24 22:09:53,633 [main] WARN  server.ServerUtils (ServerUtils.java:getScmDbDir(145)) - ozone.scm.db.dirs is not configured. We recommend adding this setting. Falling back to ozone.metadata.dirs instead.
2019-09-24 22:09:53,636 [main] WARN  server.ServerUtils (ServerUtils.java:getScmDbDir(145)) - ozone.scm.db.dirs is not configured. We recommend adding this setting. Falling back to ozone.metadata.dirs instead.
2019-09-24 22:09:53,650 [main] INFO  util.log (Log.java:initialized(192)) - Logging initialized @812ms
2019-09-24 22:09:53,730 [main] INFO  db.DBStoreBuilder (DBStoreBuilder.java:addTable(110)) - using custom profile for table: deletedBlocks
2019-09-24 22:09:53,730 [main] INFO  db.DBStoreBuilder (DBStoreBuilder.java:processTables(161)) - Using default column profile:DBProfile.DISK for Table:deletedBlocks
2019-09-24 22:09:53,731 [main] INFO  db.DBStoreBuilder (DBStoreBuilder.java:addTable(110)) - using custom profile for table: validCerts
2019-09-24 22:09:53,731 [main] INFO  db.DBStoreBuilder (DBStoreBuilder.java:processTables(161)) - Using default column profile:DBProfile.DISK for Table:validCerts
2019-09-24 22:09:53,731 [main] INFO  db.DBStoreBuilder (DBStoreBuilder.java:addTable(110)) - using custom profile for table: revokedCerts
2019-09-24 22:09:53,732 [main] INFO  db.DBStoreBuilder (DBStoreBuilder.java:processTables(161)) - Using default column profile:DBProfile.DISK for Table:revokedCerts
2019-09-24 22:09:53,741 [main] INFO  db.DBStoreBuilder (DBStoreBuilder.java:addTable(110)) - using custom profile for table: default
2019-09-24 22:09:53,741 [main] INFO  db.DBStoreBuilder (DBStoreBuilder.java:processTables(167)) - Using default column profile:DBProfile.DISK for Table:default
2019-09-24 22:09:53,742 [main] INFO  db.DBStoreBuilder (DBStoreBuilder.java:getDbProfile(198)) - Using default options. DBProfile.DISK
2019-09-24 22:09:53,973 [main] INFO  net.NodeSchemaLoader (NodeSchemaLoader.java:loadSchemaFromFile(125)) - Loading file from sun.misc.CompoundEnumeration@47eaca72
2019-09-24 22:09:53,975 [main] INFO  net.NodeSchemaLoader (NodeSchemaLoader.java:loadSchema(171)) - Loading network topology layer schema file
2019-09-24 22:09:54,078 [main] INFO  node.SCMNodeManager (SCMNodeManager.java:<init>(114)) - Entering startup safe mode.
2019-09-24 22:09:54,159 [main] INFO  algorithms.ContainerPlacementPolicyFactory (ContainerPlacementPolicyFactory.java:getPolicy(57)) - Create container placement policy of type org.apache.hadoop.hdds.scm.container.placement.algorithms.SCMContainerPlacementRandom
2019-09-24 22:09:54,173 [main] WARN  server.ServerUtils (ServerUtils.java:getScmDbDir(145)) - ozone.scm.db.dirs is not configured. We recommend adding this setting. Falling back to ozone.metadata.dirs instead.
2019-09-24 22:09:54,252 [main] INFO  pipeline.SCMPipelineManager (SCMPipelineManager.java:initializePipelineState(132)) - No pipeline exists in current db
2019-09-24 22:09:54,254 [main] WARN  server.ServerUtils (ServerUtils.java:getScmDbDir(145)) - ozone.scm.db.dirs is not configured. We recommend adding this setting. Falling back to ozone.metadata.dirs instead.
2019-09-24 22:09:54,391 [main] WARN  events.EventQueue (EventQueue.java:fireEvent(183)) - No event handler registered for event TypedEvent{payloadType=SafeModeStatus, name='SafeModeStatus'}
2019-09-24 22:09:54,723 [main] INFO  ipc.CallQueueManager (CallQueueManager.java:<init>(84)) - Using callQueue: class java.util.concurrent.LinkedBlockingQueue, queueCapacity: 2000, scheduler: class org.apache.hadoop.ipc.DefaultRpcScheduler, ipcBackoff: false.
2019-09-24 22:09:54,750 [Socket Reader #1 for port 36847] INFO  ipc.Server (Server.java:run(1074)) - Starting Socket Reader #1 for port 36847
2019-09-24 22:09:54,886 [main] INFO  ipc.CallQueueManager (CallQueueManager.java:<init>(84)) - Using callQueue: class java.util.concurrent.LinkedBlockingQueue, queueCapacity: 2000, scheduler: class org.apache.hadoop.ipc.DefaultRpcScheduler, ipcBackoff: false.
2019-09-24 22:09:54,887 [Socket Reader #1 for port 33066] INFO  ipc.Server (Server.java:run(1074)) - Starting Socket Reader #1 for port 33066
2019-09-24 22:09:54,898 [main] INFO  ipc.CallQueueManager (CallQueueManager.java:<init>(84)) - Using callQueue: class java.util.concurrent.LinkedBlockingQueue, queueCapacity: 2000, scheduler: class org.apache.hadoop.ipc.DefaultRpcScheduler, ipcBackoff: false.
2019-09-24 22:09:54,900 [Socket Reader #1 for port 46117] INFO  ipc.Server (Server.java:run(1074)) - Starting Socket Reader #1 for port 46117
2019-09-24 22:09:54,925 [main] INFO  hdfs.DFSUtil (DFSUtil.java:httpServerTemplateForNNAndJN(1641)) - Starting Web-server for scm at: http://0.0.0.0:0
2019-09-24 22:09:55,061 [main] INFO  server.AuthenticationFilter (AuthenticationFilter.java:constructSecretProvider(240)) - Unable to initialize FileSignerSecretProvider, falling back to use random secrets.
2019-09-24 22:09:55,069 [main] WARN  http.HttpRequestLog (HttpRequestLog.java:getRequestLog(97)) - Jetty request log can only be enabled using Log4j
2019-09-24 22:09:55,077 [main] INFO  http.HttpServer2 (HttpServer2.java:addGlobalFilter(975)) - Added global filter 'safety' (class=org.apache.hadoop.http.HttpServer2$QuotingInputFilter)
2019-09-24 22:09:55,080 [main] INFO  http.HttpServer2 (HttpServer2.java:addFilter(948)) - Added filter static_user_filter (class=org.apache.hadoop.http.lib.StaticUserWebFilter$StaticUserFilter) to context scm
2019-09-24 22:09:55,080 [main] INFO  http.HttpServer2 (HttpServer2.java:addFilter(958)) - Added filter static_user_filter (class=org.apache.hadoop.http.lib.StaticUserWebFilter$StaticUserFilter) to context logs
2019-09-24 22:09:55,081 [main] INFO  http.HttpServer2 (HttpServer2.java:addFilter(958)) - Added filter static_user_filter (class=org.apache.hadoop.http.lib.StaticUserWebFilter$StaticUserFilter) to context static
2019-09-24 22:09:55,108 [main] INFO  server.StorageContainerManager (StorageContainerManager.java:start(770)) - StorageContainerLocationProtocol RPC server is listening at /0.0.0.0:46117
2019-09-24 22:09:55,162 [main] WARN  impl.MetricsConfig (MetricsConfig.java:loadFirst(134)) - Cannot locate configuration: tried hadoop-metrics2-storagecontainermanager.properties,hadoop-metrics2.properties
2019-09-24 22:09:55,174 [main] INFO  impl.MetricsSystemImpl (MetricsSystemImpl.java:startTimer(374)) - Scheduled Metric snapshot period at 10 second(s).
2019-09-24 22:09:55,174 [main] INFO  impl.MetricsSystemImpl (MetricsSystemImpl.java:start(191)) - StorageContainerManager metrics system started
2019-09-24 22:09:55,383 [main] INFO  server.SCMClientProtocolServer (SCMClientProtocolServer.java:start(151)) - RPC server for Client  is listening at /0.0.0.0:46117
2019-09-24 22:09:55,384 [IPC Server listener on 46117] INFO  ipc.Server (Server.java:run(1153)) - IPC Server listener on 46117: starting
2019-09-24 22:09:55,384 [IPC Server Responder] INFO  ipc.Server (Server.java:run(1314)) - IPC Server Responder: starting
2019-09-24 22:09:55,389 [main] INFO  server.StorageContainerManager (StorageContainerManager.java:start(780)) - ScmBlockLocationProtocol RPC server is listening at /0.0.0.0:33066
2019-09-24 22:09:55,390 [main] INFO  server.SCMBlockProtocolServer (SCMBlockProtocolServer.java:start(146)) - RPC server for Block Protocol is listening at /0.0.0.0:33066
2019-09-24 22:09:55,391 [IPC Server Responder] INFO  ipc.Server (Server.java:run(1314)) - IPC Server Responder: starting
2019-09-24 22:09:55,391 [IPC Server listener on 33066] INFO  ipc.Server (Server.java:run(1153)) - IPC Server listener on 33066: starting
2019-09-24 22:09:55,399 [main] INFO  server.StorageContainerManager (StorageContainerManager.java:start(784)) - ScmDatanodeProtocl RPC server is listening at /0.0.0.0:36847
2019-09-24 22:09:55,399 [main] INFO  server.SCMDatanodeProtocolServer (SCMDatanodeProtocolServer.java:start(191)) - RPC server for DataNodes is listening at /0.0.0.0:36847
2019-09-24 22:09:55,401 [IPC Server Responder] INFO  ipc.Server (Server.java:run(1314)) - IPC Server Responder: starting
2019-09-24 22:09:55,401 [IPC Server listener on 36847] INFO  ipc.Server (Server.java:run(1153)) - IPC Server listener on 36847: starting
2019-09-24 22:09:55,412 [main] INFO  http.HttpServer2 (HttpServer2.java:bindListener(1191)) - Jetty bound to port 44643
2019-09-24 22:09:55,414 [main] INFO  server.Server (Server.java:doStart(351)) - jetty-9.3.25.v20180904, build timestamp: 2018-09-04T21:11:46Z, git hash: 3ce520221d0240229c862b122d2b06c12a625732
2019-09-24 22:09:55,451 [main] INFO  handler.ContextHandler (ContextHandler.java:doStart(781)) - Started o.e.j.s.ServletContextHandler@299321e2{/logs,file:///workdir/hadoop-ozone/integration-test/target/log,AVAILABLE}
2019-09-24 22:09:55,452 [main] INFO  handler.ContextHandler (ContextHandler.java:doStart(781)) - Started o.e.j.s.ServletContextHandler@64ba3208{/static,file:///workdir/hadoop-ozone/integration-test/target/test-classes/webapps/static,AVAILABLE}
2019-09-24 22:09:55,482 [main] INFO  handler.ContextHandler (ContextHandler.java:doStart(781)) - Started o.e.j.w.WebAppContext@3591009c{/,file:///workdir/hadoop-ozone/integration-test/target/test-classes/webapps/scm/,AVAILABLE}{/scm}
2019-09-24 22:09:55,487 [main] INFO  server.AbstractConnector (AbstractConnector.java:doStart(278)) - Started ServerConnector@2de366bb{HTTP/1.1,[http/1.1]}{0.0.0.0:44643}
2019-09-24 22:09:55,488 [main] INFO  server.Server (Server.java:doStart(419)) - Started @2651ms
2019-09-24 22:09:55,490 [main] INFO  impl.MetricsSinkAdapter (MetricsSinkAdapter.java:start(204)) - Sink prometheus started
2019-09-24 22:09:55,490 [main] INFO  impl.MetricsSystemImpl (MetricsSystemImpl.java:registerSink(301)) - Registered sink prometheus
2019-09-24 22:09:55,491 [main] INFO  server.BaseHttpServer (BaseHttpServer.java:updateConnectorAddress(215)) - HTTP server of SCM is listening at http://0.0.0.0:44643
2019-09-24 22:09:55,498 [org.apache.hadoop.util.JvmPauseMonitor$Monitor@64f857e7] INFO  util.JvmPauseMonitor (JvmPauseMonitor.java:run(188)) - Starting JVM pause monitor
2019-09-24 22:09:55,500 [main] WARN  server.ServerUtils (ServerUtils.java:getDBPath(222)) - ozone.om.db.dirs is not configured. We recommend adding this setting. Falling back to ozone.metadata.dirs instead.
2019-09-24 22:09:55,629 [main] INFO  ha.OMHANodeDetails (OMHANodeDetails.java:loadOMHAConfig(181)) - Configuration either no ozone.om.address set. Falling back to the default OM address /127.0.0.1:0
2019-09-24 22:09:55,629 [main] INFO  ha.OMHANodeDetails (OMHANodeDetails.java:getOMNodeDetails(211)) - OM Service ID is not set. Setting it to the default ID: omServiceIdDefault
2019-09-24 22:09:55,630 [main] WARN  server.ServerUtils (ServerUtils.java:getDBPath(222)) - ozone.om.db.dirs is not configured. We recommend adding this setting. Falling back to ozone.metadata.dirs instead.
2019-09-24 22:09:55,631 [main] WARN  server.ServerUtils (ServerUtils.java:getDBPath(222)) - ozone.om.db.dirs is not configured. We recommend adding this setting. Falling back to ozone.metadata.dirs instead.
2019-09-24 22:09:56,365 [main] WARN  server.ServerUtils (ServerUtils.java:getDBPath(222)) - ozone.om.db.dirs is not configured. We recommend adding this setting. Falling back to ozone.metadata.dirs instead.
2019-09-24 22:09:56,374 [main] INFO  db.DBStoreBuilder (DBStoreBuilder.java:addTable(110)) - using custom profile for table: userTable
2019-09-24 22:09:56,374 [main] INFO  db.DBStoreBuilder (DBStoreBuilder.java:processTables(161)) - Using default column profile:DBProfile.DISK for Table:userTable
2019-09-24 22:09:56,374 [main] INFO  db.DBStoreBuilder (DBStoreBuilder.java:addTable(110)) - using custom profile for table: volumeTable
2019-09-24 22:09:56,375 [main] INFO  db.DBStoreBuilder (DBStoreBuilder.java:processTables(161)) - Using default column profile:DBProfile.DISK for Table:volumeTable
2019-09-24 22:09:56,375 [main] INFO  db.DBStoreBuilder (DBStoreBuilder.java:addTable(110)) - using custom profile for table: bucketTable
2019-09-24 22:09:56,375 [main] INFO  db.DBStoreBuilder (DBStoreBuilder.java:processTables(161)) - Using default column profile:DBProfile.DISK for Table:bucketTable
2019-09-24 22:09:56,376 [main] INFO  db.DBStoreBuilder (DBStoreBuilder.java:addTable(110)) - using custom profile for table: keyTable
2019-09-24 22:09:56,376 [main] INFO  db.DBStoreBuilder (DBStoreBuilder.java:processTables(161)) - Using default column profile:DBProfile.DISK for Table:keyTable
2019-09-24 22:09:56,377 [main] INFO  db.DBStoreBuilder (DBStoreBuilder.java:addTable(110)) - using custom profile for table: deletedTable
2019-09-24 22:09:56,377 [main] INFO  db.DBStoreBuilder (DBStoreBuilder.java:processTables(161)) - Using default column profile:DBProfile.DISK for Table:deletedTable
2019-09-24 22:09:56,377 [main] INFO  db.DBStoreBuilder (DBStoreBuilder.java:addTable(110)) - using custom profile for table: openKeyTable
2019-09-24 22:09:56,378 [main] INFO  db.DBStoreBuilder (DBStoreBuilder.java:processTables(161)) - Using default column profile:DBProfile.DISK for Table:openKeyTable
2019-09-24 22:09:56,378 [main] INFO  db.DBStoreBuilder (DBStoreBuilder.java:addTable(110)) - using custom profile for table: s3Table
2019-09-24 22:09:56,379 [main] INFO  db.DBStoreBuilder (DBStoreBuilder.java:processTables(161)) - Using default column profile:DBProfile.DISK for Table:s3Table
2019-09-24 22:09:56,379 [main] INFO  db.DBStoreBuilder (DBStoreBuilder.java:addTable(110)) - using custom profile for table: multipartInfoTable
2019-09-24 22:09:56,379 [main] INFO  db.DBStoreBuilder (DBStoreBuilder.java:processTables(161)) - Using default column profile:DBProfile.DISK for Table:multipartInfoTable
2019-09-24 22:09:56,380 [main] INFO  db.DBStoreBuilder (DBStoreBuilder.java:addTable(110)) - using custom profile for table: dTokenTable
2019-09-24 22:09:56,380 [main] INFO  db.DBStoreBuilder (DBStoreBuilder.java:processTables(161)) - Using default column profile:DBProfile.DISK for Table:dTokenTable
2019-09-24 22:09:56,381 [main] INFO  db.DBStoreBuilder (DBStoreBuilder.java:addTable(110)) - using custom profile for table: s3SecretTable
2019-09-24 22:09:56,381 [main] INFO  db.DBStoreBuilder (DBStoreBuilder.java:processTables(161)) - Using default column profile:DBProfile.DISK for Table:s3SecretTable
2019-09-24 22:09:56,381 [main] INFO  db.DBStoreBuilder (DBStoreBuilder.java:addTable(110)) - using custom profile for table: prefixTable
2019-09-24 22:09:56,382 [main] INFO  db.DBStoreBuilder (DBStoreBuilder.java:processTables(161)) - Using default column profile:DBProfile.DISK for Table:prefixTable
2019-09-24 22:09:56,382 [main] INFO  db.DBStoreBuilder (DBStoreBuilder.java:addTable(110)) - using custom profile for table: default
2019-09-24 22:09:56,383 [main] INFO  db.DBStoreBuilder (DBStoreBuilder.java:processTables(167)) - Using default column profile:DBProfile.DISK for Table:default
2019-09-24 22:09:56,383 [main] INFO  db.DBStoreBuilder (DBStoreBuilder.java:getDbProfile(198)) - Using default options. DBProfile.DISK
2019-09-24 22:09:57,032 [main] INFO  ipc.CallQueueManager (CallQueueManager.java:<init>(84)) - Using callQueue: class java.util.concurrent.LinkedBlockingQueue, queueCapacity: 2000, scheduler: class org.apache.hadoop.ipc.DefaultRpcScheduler, ipcBackoff: false.
2019-09-24 22:09:57,033 [Socket Reader #1 for port 38046] INFO  ipc.Server (Server.java:run(1074)) - Starting Socket Reader #1 for port 38046
2019-09-24 22:09:57,054 [main] INFO  om.OzoneManager (OzoneManager.java:start(1069)) - OzoneManager RPC server is listening at localhost/127.0.0.1:38046
2019-09-24 22:09:57,054 [main] INFO  impl.MetricsSystemImpl (MetricsSystemImpl.java:init(158)) - OzoneManager metrics system started (again)
2019-09-24 22:09:57,056 [IPC Server Responder] INFO  ipc.Server (Server.java:run(1314)) - IPC Server Responder: starting
2019-09-24 22:09:57,057 [IPC Server listener on 38046] INFO  ipc.Server (Server.java:run(1153)) - IPC Server listener on 38046: starting
2019-09-24 22:09:57,070 [main] INFO  hdfs.DFSUtil (DFSUtil.java:httpServerTemplateForNNAndJN(1641)) - Starting Web-server for ozoneManager at: http://0.0.0.0:0
2019-09-24 22:09:57,073 [main] INFO  server.AuthenticationFilter (AuthenticationFilter.java:constructSecretProvider(240)) - Unable to initialize FileSignerSecretProvider, falling back to use random secrets.
2019-09-24 22:09:57,074 [main] WARN  http.HttpRequestLog (HttpRequestLog.java:getRequestLog(97)) - Jetty request log can only be enabled using Log4j
2019-09-24 22:09:57,078 [main] INFO  http.HttpServer2 (HttpServer2.java:addGlobalFilter(975)) - Added global filter 'safety' (class=org.apache.hadoop.http.HttpServer2$QuotingInputFilter)
2019-09-24 22:09:57,080 [main] INFO  http.HttpServer2 (HttpServer2.java:addFilter(948)) - Added filter static_user_filter (class=org.apache.hadoop.http.lib.StaticUserWebFilter$StaticUserFilter) to context ozoneManager
2019-09-24 22:09:57,080 [main] INFO  http.HttpServer2 (HttpServer2.java:addFilter(958)) - Added filter static_user_filter (class=org.apache.hadoop.http.lib.StaticUserWebFilter$StaticUserFilter) to context static
2019-09-24 22:09:57,081 [main] INFO  http.HttpServer2 (HttpServer2.java:addFilter(958)) - Added filter static_user_filter (class=org.apache.hadoop.http.lib.StaticUserWebFilter$StaticUserFilter) to context logs
2019-09-24 22:09:57,084 [main] INFO  http.HttpServer2 (HttpServer2.java:bindListener(1191)) - Jetty bound to port 41408
2019-09-24 22:09:57,084 [main] INFO  server.Server (Server.java:doStart(351)) - jetty-9.3.25.v20180904, build timestamp: 2018-09-04T21:11:46Z, git hash: 3ce520221d0240229c862b122d2b06c12a625732
2019-09-24 22:09:57,087 [main] INFO  handler.ContextHandler (ContextHandler.java:doStart(781)) - Started o.e.j.s.ServletContextHandler@5cf8edcf{/logs,file:///workdir/hadoop-ozone/integration-test/target/log,AVAILABLE}
2019-09-24 22:09:57,088 [main] INFO  handler.ContextHandler (ContextHandler.java:doStart(781)) - Started o.e.j.s.ServletContextHandler@629f066f{/static,file:///workdir/hadoop-ozone/integration-test/target/test-classes/webapps/static,AVAILABLE}
2019-09-24 22:09:57,093 [main] INFO  handler.ContextHandler (ContextHandler.java:doStart(781)) - Started o.e.j.w.WebAppContext@1cbb3d3b{/,file:///workdir/hadoop-ozone/integration-test/target/test-classes/webapps/ozoneManager/,AVAILABLE}{/ozoneManager}
2019-09-24 22:09:57,095 [main] INFO  server.AbstractConnector (AbstractConnector.java:doStart(278)) - Started ServerConnector@529cfee5{HTTP/1.1,[http/1.1]}{0.0.0.0:41408}
2019-09-24 22:09:57,096 [main] INFO  server.Server (Server.java:doStart(419)) - Started @4259ms
2019-09-24 22:09:57,096 [main] WARN  impl.MetricsSystemImpl (MetricsSystemImpl.java:register(276)) - Sink prometheus already exists!
2019-09-24 22:09:57,097 [main] INFO  server.BaseHttpServer (BaseHttpServer.java:updateConnectorAddress(215)) - HTTP server of OZONEMANAGER is listening at http://0.0.0.0:41408
2019-09-24 22:09:57,407 [main] INFO  impl.MetricsSystemImpl (MetricsSystemImpl.java:init(158)) - HddsDatanode metrics system started (again)
2019-09-24 22:09:57,463 [main] INFO  ozone.HddsDatanodeService (HddsDatanodeService.java:start(184)) - HddsDatanodeService host:pr-hdds-2162-v2v4x-1150571016 ip:192.168.151.66
2019-09-24 22:09:57,494 [main] INFO  volume.HddsVolume (HddsVolume.java:<init>(176)) - Creating Volume: /workdir/hadoop-ozone/integration-test/target/test-dir/MiniOzoneClusterImpl-625ae465-5e4c-4ec2-831f-6349f2abf3b1/datanode-0/data/containers/hdds of  storage type : DISK and capacity : 1482555576320
2019-09-24 22:09:57,507 [main] INFO  volume.VolumeSet (VolumeSet.java:initializeVolumeSet(170)) - Added Volume : /workdir/hadoop-ozone/integration-test/target/test-dir/MiniOzoneClusterImpl-625ae465-5e4c-4ec2-831f-6349f2abf3b1/datanode-0/data/containers/hdds to VolumeSet
2019-09-24 22:09:57,511 [main] INFO  volume.ThrottledAsyncChecker (ThrottledAsyncChecker.java:schedule(139)) - Scheduling a check for org.apache.hadoop.ozone.container.common.volume.HddsVolume@3cee53dc
2019-09-24 22:09:57,533 [main] INFO  volume.HddsVolumeChecker (HddsVolumeChecker.java:checkAllVolumes(202)) - Scheduled health check for volume org.apache.hadoop.ozone.container.common.volume.HddsVolume@3cee53dc
2019-09-24 22:09:57,645 [main] INFO  impl.RaftServerProxy (ConfUtils.java:logGet(43)) - raft.rpc.type = GRPC (default)
2019-09-24 22:09:57,737 [main] INFO  grpc.GrpcFactory (GrpcFactory.java:checkPooledByteBufAllocatorUseCacheForAllThreads(45)) - PERFORMANCE WARNING: useCacheForAllThreads is true that may cause Netty to create a lot garbage objects and, as a result, trigger GC.
	It is recommended to disable useCacheForAllThreads by setting -Dorg.apache.ratis.thirdparty.io.netty.allocator.useCacheForAllThreads=false in command line.
2019-09-24 22:09:57,743 [main] INFO  grpc.GrpcConfigKeys$Server (ConfUtils.java:logGet(43)) - raft.grpc.server.port = 0 (default)
2019-09-24 22:09:57,744 [main] INFO  server.GrpcService (ConfUtils.java:logGet(43)) - raft.grpc.message.size.max = 33570816 (custom)
2019-09-24 22:09:57,746 [main] INFO  server.RaftServerConfigKeys (ConfUtils.java:logGet(43)) - raft.server.log.appender.buffer.byte-limit = 33554432 (custom)
2019-09-24 22:09:57,747 [main] INFO  server.GrpcService (ConfUtils.java:logGet(43)) - raft.grpc.flow.control.window = 1MB (=1048576) (default)
2019-09-24 22:09:57,748 [main] INFO  server.RaftServerConfigKeys (ConfUtils.java:logGet(43)) - raft.server.rpc.request.timeout = 3000ms (default)
2019-09-24 22:09:57,931 [main] INFO  server.RaftServerConfigKeys (ConfUtils.java:logGet(43)) - raft.server.storage.dir = [/workdir/hadoop-ozone/integration-test/target/test-dir/MiniOzoneClusterImpl-625ae465-5e4c-4ec2-831f-6349f2abf3b1/datanode-0/data/ratis] (custom)
2019-09-24 22:09:57,986 [main] INFO  hdfs.DFSUtil (DFSUtil.java:httpServerTemplateForNNAndJN(1641)) - Starting Web-server for hddsDatanode at: http://0.0.0.0:0
2019-09-24 22:09:57,988 [main] INFO  server.AuthenticationFilter (AuthenticationFilter.java:constructSecretProvider(240)) - Unable to initialize FileSignerSecretProvider, falling back to use random secrets.
2019-09-24 22:09:57,989 [main] WARN  http.HttpRequestLog (HttpRequestLog.java:getRequestLog(97)) - Jetty request log can only be enabled using Log4j
2019-09-24 22:09:57,991 [main] INFO  http.HttpServer2 (HttpServer2.java:addGlobalFilter(975)) - Added global filter 'safety' (class=org.apache.hadoop.http.HttpServer2$QuotingInputFilter)
2019-09-24 22:09:57,991 [main] INFO  http.HttpServer2 (HttpServer2.java:addFilter(948)) - Added filter static_user_filter (class=org.apache.hadoop.http.lib.StaticUserWebFilter$StaticUserFilter) to context hddsDatanode
2019-09-24 22:09:57,992 [main] INFO  http.HttpServer2 (HttpServer2.java:addFilter(958)) - Added filter static_user_filter (class=org.apache.hadoop.http.lib.StaticUserWebFilter$StaticUserFilter) to context static
2019-09-24 22:09:57,992 [main] INFO  http.HttpServer2 (HttpServer2.java:addFilter(958)) - Added filter static_user_filter (class=org.apache.hadoop.http.lib.StaticUserWebFilter$StaticUserFilter) to context logs
2019-09-24 22:09:57,993 [main] INFO  http.HttpServer2 (HttpServer2.java:bindListener(1191)) - Jetty bound to port 42292
2019-09-24 22:09:57,993 [main] INFO  server.Server (Server.java:doStart(351)) - jetty-9.3.25.v20180904, build timestamp: 2018-09-04T21:11:46Z, git hash: 3ce520221d0240229c862b122d2b06c12a625732
2019-09-24 22:09:57,995 [main] INFO  handler.ContextHandler (ContextHandler.java:doStart(781)) - Started o.e.j.s.ServletContextHandler@7ff35a3f{/logs,file:///workdir/hadoop-ozone/integration-test/target/log,AVAILABLE}
2019-09-24 22:09:57,996 [main] INFO  handler.ContextHandler (ContextHandler.java:doStart(781)) - Started o.e.j.s.ServletContextHandler@252dc8c4{/static,jar:file:/home/user/.m2/repository/org/apache/hadoop/hadoop-hdds-container-service/0.5.0-SNAPSHOT/hadoop-hdds-container-service-0.5.0-SNAPSHOT.jar!/webapps/static,AVAILABLE}
2019-09-24 22:09:58,029 [main] INFO  handler.ContextHandler (ContextHandler.java:doStart(781)) - Started o.e.j.w.WebAppContext@cdb2d95{/,file:///tmp/jetty-0.0.0.0-42292-hddsDatanode-_-any-9178906722950962429.dir/webapp/,AVAILABLE}{/hddsDatanode}
2019-09-24 22:09:58,031 [main] INFO  server.AbstractConnector (AbstractConnector.java:doStart(278)) - Started ServerConnector@122d6c22{HTTP/1.1,[http/1.1]}{0.0.0.0:42292}
2019-09-24 22:09:58,032 [main] INFO  server.Server (Server.java:doStart(419)) - Started @5194ms
2019-09-24 22:09:58,032 [main] WARN  impl.MetricsSystemImpl (MetricsSystemImpl.java:register(276)) - Sink prometheus already exists!
2019-09-24 22:09:58,033 [main] INFO  server.BaseHttpServer (BaseHttpServer.java:updateConnectorAddress(215)) - HTTP server of HDDSDATANODE is listening at http://0.0.0.0:42292
2019-09-24 22:09:58,034 [main] INFO  impl.MetricsSystemImpl (MetricsSystemImpl.java:init(158)) - HddsDatanode metrics system started (again)
2019-09-24 22:09:58,037 [main] INFO  ozone.HddsDatanodeService (HddsDatanodeService.java:start(184)) - HddsDatanodeService host:pr-hdds-2162-v2v4x-1150571016 ip:192.168.151.66
2019-09-24 22:09:58,040 [org.apache.hadoop.util.JvmPauseMonitor$Monitor@358b2137] INFO  util.JvmPauseMonitor (JvmPauseMonitor.java:run(188)) - Starting JVM pause monitor
2019-09-24 22:09:58,047 [main] INFO  volume.HddsVolume (HddsVolume.java:<init>(176)) - Creating Volume: /workdir/hadoop-ozone/integration-test/target/test-dir/MiniOzoneClusterImpl-625ae465-5e4c-4ec2-831f-6349f2abf3b1/datanode-1/data/containers/hdds of  storage type : DISK and capacity : 1482555576320
2019-09-24 22:09:58,048 [main] INFO  volume.VolumeSet (VolumeSet.java:initializeVolumeSet(170)) - Added Volume : /workdir/hadoop-ozone/integration-test/target/test-dir/MiniOzoneClusterImpl-625ae465-5e4c-4ec2-831f-6349f2abf3b1/datanode-1/data/containers/hdds to VolumeSet
2019-09-24 22:09:58,048 [main] INFO  volume.ThrottledAsyncChecker (ThrottledAsyncChecker.java:schedule(139)) - Scheduling a check for org.apache.hadoop.ozone.container.common.volume.HddsVolume@7e74a380
2019-09-24 22:09:58,049 [main] INFO  volume.HddsVolumeChecker (HddsVolumeChecker.java:checkAllVolumes(202)) - Scheduled health check for volume org.apache.hadoop.ozone.container.common.volume.HddsVolume@7e74a380
2019-09-24 22:09:58,064 [main] INFO  impl.RaftServerProxy (ConfUtils.java:logGet(43)) - raft.rpc.type = GRPC (default)
2019-09-24 22:09:58,065 [main] INFO  grpc.GrpcFactory (GrpcFactory.java:checkPooledByteBufAllocatorUseCacheForAllThreads(45)) - PERFORMANCE WARNING: useCacheForAllThreads is true that may cause Netty to create a lot garbage objects and, as a result, trigger GC.
	It is recommended to disable useCacheForAllThreads by setting -Dorg.apache.ratis.thirdparty.io.netty.allocator.useCacheForAllThreads=false in command line.
2019-09-24 22:09:58,065 [main] INFO  grpc.GrpcConfigKeys$Server (ConfUtils.java:logGet(43)) - raft.grpc.server.port = 0 (default)
2019-09-24 22:09:58,065 [main] INFO  server.GrpcService (ConfUtils.java:logGet(43)) - raft.grpc.message.size.max = 33570816 (custom)
2019-09-24 22:09:58,066 [main] INFO  server.RaftServerConfigKeys (ConfUtils.java:logGet(43)) - raft.server.log.appender.buffer.byte-limit = 33554432 (custom)
2019-09-24 22:09:58,066 [main] INFO  server.GrpcService (ConfUtils.java:logGet(43)) - raft.grpc.flow.control.window = 1MB (=1048576) (default)
2019-09-24 22:09:58,066 [main] INFO  server.RaftServerConfigKeys (ConfUtils.java:logGet(43)) - raft.server.rpc.request.timeout = 3000ms (default)
2019-09-24 22:09:58,067 [main] INFO  server.RaftServerConfigKeys (ConfUtils.java:logGet(43)) - raft.server.storage.dir = [/workdir/hadoop-ozone/integration-test/target/test-dir/MiniOzoneClusterImpl-625ae465-5e4c-4ec2-831f-6349f2abf3b1/datanode-1/data/ratis] (custom)
2019-09-24 22:09:58,068 [main] INFO  hdfs.DFSUtil (DFSUtil.java:httpServerTemplateForNNAndJN(1641)) - Starting Web-server for hddsDatanode at: http://0.0.0.0:0
2019-09-24 22:09:58,069 [main] INFO  server.AuthenticationFilter (AuthenticationFilter.java:constructSecretProvider(240)) - Unable to initialize FileSignerSecretProvider, falling back to use random secrets.
2019-09-24 22:09:58,070 [main] WARN  http.HttpRequestLog (HttpRequestLog.java:getRequestLog(97)) - Jetty request log can only be enabled using Log4j
2019-09-24 22:09:58,072 [main] INFO  http.HttpServer2 (HttpServer2.java:addGlobalFilter(975)) - Added global filter 'safety' (class=org.apache.hadoop.http.HttpServer2$QuotingInputFilter)
2019-09-24 22:09:58,072 [main] INFO  http.HttpServer2 (HttpServer2.java:addFilter(948)) - Added filter static_user_filter (class=org.apache.hadoop.http.lib.StaticUserWebFilter$StaticUserFilter) to context hddsDatanode
2019-09-24 22:09:58,073 [main] INFO  http.HttpServer2 (HttpServer2.java:addFilter(958)) - Added filter static_user_filter (class=org.apache.hadoop.http.lib.StaticUserWebFilter$StaticUserFilter) to context logs
2019-09-24 22:09:58,073 [main] INFO  http.HttpServer2 (HttpServer2.java:addFilter(958)) - Added filter static_user_filter (class=org.apache.hadoop.http.lib.StaticUserWebFilter$StaticUserFilter) to context static
2019-09-24 22:09:58,073 [main] INFO  http.HttpServer2 (HttpServer2.java:bindListener(1191)) - Jetty bound to port 46697
2019-09-24 22:09:58,074 [main] INFO  server.Server (Server.java:doStart(351)) - jetty-9.3.25.v20180904, build timestamp: 2018-09-04T21:11:46Z, git hash: 3ce520221d0240229c862b122d2b06c12a625732
2019-09-24 22:09:58,079 [main] INFO  handler.ContextHandler (ContextHandler.java:doStart(781)) - Started o.e.j.s.ServletContextHandler@2f1d0bbc{/logs,file:///workdir/hadoop-ozone/integration-test/target/log,AVAILABLE}
2019-09-24 22:09:58,079 [main] INFO  handler.ContextHandler (ContextHandler.java:doStart(781)) - Started o.e.j.s.ServletContextHandler@a9f023e{/static,jar:file:/home/user/.m2/repository/org/apache/hadoop/hadoop-hdds-container-service/0.5.0-SNAPSHOT/hadoop-hdds-container-service-0.5.0-SNAPSHOT.jar!/webapps/static,AVAILABLE}
2019-09-24 22:09:58,109 [main] INFO  handler.ContextHandler (ContextHandler.java:doStart(781)) - Started o.e.j.w.WebAppContext@a92be4f{/,file:///tmp/jetty-0.0.0.0-46697-hddsDatanode-_-any-531068159594893458.dir/webapp/,AVAILABLE}{/hddsDatanode}
2019-09-24 22:09:58,109 [main] INFO  server.AbstractConnector (AbstractConnector.java:doStart(278)) - Started ServerConnector@53e800f9{HTTP/1.1,[http/1.1]}{0.0.0.0:46697}
2019-09-24 22:09:58,110 [main] INFO  server.Server (Server.java:doStart(419)) - Started @5273ms
2019-09-24 22:09:58,111 [main] WARN  impl.MetricsSystemImpl (MetricsSystemImpl.java:register(276)) - Sink prometheus already exists!
2019-09-24 22:09:58,112 [main] INFO  server.BaseHttpServer (BaseHttpServer.java:updateConnectorAddress(215)) - HTTP server of HDDSDATANODE is listening at http://0.0.0.0:46697
2019-09-24 22:09:58,112 [main] INFO  impl.MetricsSystemImpl (MetricsSystemImpl.java:init(158)) - HddsDatanode metrics system started (again)
2019-09-24 22:09:58,115 [org.apache.hadoop.util.JvmPauseMonitor$Monitor@6d418982] INFO  util.JvmPauseMonitor (JvmPauseMonitor.java:run(188)) - Starting JVM pause monitor
2019-09-24 22:09:58,116 [main] INFO  ozone.HddsDatanodeService (HddsDatanodeService.java:start(184)) - HddsDatanodeService host:pr-hdds-2162-v2v4x-1150571016 ip:192.168.151.66
2019-09-24 22:09:58,124 [main] INFO  volume.HddsVolume (HddsVolume.java:<init>(176)) - Creating Volume: /workdir/hadoop-ozone/integration-test/target/test-dir/MiniOzoneClusterImpl-625ae465-5e4c-4ec2-831f-6349f2abf3b1/datanode-2/data/containers/hdds of  storage type : DISK and capacity : 1482555576320
2019-09-24 22:09:58,125 [main] INFO  volume.VolumeSet (VolumeSet.java:initializeVolumeSet(170)) - Added Volume : /workdir/hadoop-ozone/integration-test/target/test-dir/MiniOzoneClusterImpl-625ae465-5e4c-4ec2-831f-6349f2abf3b1/datanode-2/data/containers/hdds to VolumeSet
2019-09-24 22:09:58,125 [main] INFO  volume.ThrottledAsyncChecker (ThrottledAsyncChecker.java:schedule(139)) - Scheduling a check for org.apache.hadoop.ozone.container.common.volume.HddsVolume@7cbeac65
2019-09-24 22:09:58,126 [main] INFO  volume.HddsVolumeChecker (HddsVolumeChecker.java:checkAllVolumes(202)) - Scheduled health check for volume org.apache.hadoop.ozone.container.common.volume.HddsVolume@7cbeac65
2019-09-24 22:09:58,139 [main] INFO  impl.RaftServerProxy (ConfUtils.java:logGet(43)) - raft.rpc.type = GRPC (default)
2019-09-24 22:09:58,139 [main] INFO  grpc.GrpcFactory (GrpcFactory.java:checkPooledByteBufAllocatorUseCacheForAllThreads(45)) - PERFORMANCE WARNING: useCacheForAllThreads is true that may cause Netty to create a lot garbage objects and, as a result, trigger GC.
	It is recommended to disable useCacheForAllThreads by setting -Dorg.apache.ratis.thirdparty.io.netty.allocator.useCacheForAllThreads=false in command line.
2019-09-24 22:09:58,139 [main] INFO  grpc.GrpcConfigKeys$Server (ConfUtils.java:logGet(43)) - raft.grpc.server.port = 0 (default)
2019-09-24 22:09:58,139 [main] INFO  server.GrpcService (ConfUtils.java:logGet(43)) - raft.grpc.message.size.max = 33570816 (custom)
2019-09-24 22:09:58,140 [main] INFO  server.RaftServerConfigKeys (ConfUtils.java:logGet(43)) - raft.server.log.appender.buffer.byte-limit = 33554432 (custom)
2019-09-24 22:09:58,140 [main] INFO  server.GrpcService (ConfUtils.java:logGet(43)) - raft.grpc.flow.control.window = 1MB (=1048576) (default)
2019-09-24 22:09:58,140 [main] INFO  server.RaftServerConfigKeys (ConfUtils.java:logGet(43)) - raft.server.rpc.request.timeout = 3000ms (default)
2019-09-24 22:09:58,141 [main] INFO  server.RaftServerConfigKeys (ConfUtils.java:logGet(43)) - raft.server.storage.dir = [/workdir/hadoop-ozone/integration-test/target/test-dir/MiniOzoneClusterImpl-625ae465-5e4c-4ec2-831f-6349f2abf3b1/datanode-2/data/ratis] (custom)
2019-09-24 22:09:58,142 [main] INFO  hdfs.DFSUtil (DFSUtil.java:httpServerTemplateForNNAndJN(1641)) - Starting Web-server for hddsDatanode at: http://0.0.0.0:0
2019-09-24 22:09:58,144 [main] INFO  server.AuthenticationFilter (AuthenticationFilter.java:constructSecretProvider(240)) - Unable to initialize FileSignerSecretProvider, falling back to use random secrets.
2019-09-24 22:09:58,144 [main] WARN  http.HttpRequestLog (HttpRequestLog.java:getRequestLog(97)) - Jetty request log can only be enabled using Log4j
2019-09-24 22:09:58,145 [main] INFO  http.HttpServer2 (HttpServer2.java:addGlobalFilter(975)) - Added global filter 'safety' (class=org.apache.hadoop.http.HttpServer2$QuotingInputFilter)
2019-09-24 22:09:58,146 [main] INFO  http.HttpServer2 (HttpServer2.java:addFilter(948)) - Added filter static_user_filter (class=org.apache.hadoop.http.lib.StaticUserWebFilter$StaticUserFilter) to context hddsDatanode
2019-09-24 22:09:58,146 [main] INFO  http.HttpServer2 (HttpServer2.java:addFilter(958)) - Added filter static_user_filter (class=org.apache.hadoop.http.lib.StaticUserWebFilter$StaticUserFilter) to context static
2019-09-24 22:09:58,146 [main] INFO  http.HttpServer2 (HttpServer2.java:addFilter(958)) - Added filter static_user_filter (class=org.apache.hadoop.http.lib.StaticUserWebFilter$StaticUserFilter) to context logs
2019-09-24 22:09:58,147 [main] INFO  http.HttpServer2 (HttpServer2.java:bindListener(1191)) - Jetty bound to port 38443
2019-09-24 22:09:58,147 [main] INFO  server.Server (Server.java:doStart(351)) - jetty-9.3.25.v20180904, build timestamp: 2018-09-04T21:11:46Z, git hash: 3ce520221d0240229c862b122d2b06c12a625732
2019-09-24 22:09:58,150 [main] INFO  handler.ContextHandler (ContextHandler.java:doStart(781)) - Started o.e.j.s.ServletContextHandler@36681447{/logs,file:///workdir/hadoop-ozone/integration-test/target/log,AVAILABLE}
2019-09-24 22:09:58,151 [main] INFO  handler.ContextHandler (ContextHandler.java:doStart(781)) - Started o.e.j.s.ServletContextHandler@726aa968{/static,jar:file:/home/user/.m2/repository/org/apache/hadoop/hadoop-hdds-container-service/0.5.0-SNAPSHOT/hadoop-hdds-container-service-0.5.0-SNAPSHOT.jar!/webapps/static,AVAILABLE}
2019-09-24 22:09:58,153 [Datanode State Machine Thread - 0] INFO  datanode.InitDatanodeState (InitDatanodeState.java:persistContainerDatanodeDetails(140)) - DatanodeDetails is persisted to /workdir/hadoop-ozone/integration-test/target/test-dir/MiniOzoneClusterImpl-625ae465-5e4c-4ec2-831f-6349f2abf3b1/datanode-0/meta/datanode.id
2019-09-24 22:09:58,159 [Datanode State Machine Thread - 0] INFO  datanode.InitDatanodeState (InitDatanodeState.java:persistContainerDatanodeDetails(140)) - DatanodeDetails is persisted to /workdir/hadoop-ozone/integration-test/target/test-dir/MiniOzoneClusterImpl-625ae465-5e4c-4ec2-831f-6349f2abf3b1/datanode-1/meta/datanode.id
2019-09-24 22:09:58,182 [main] INFO  handler.ContextHandler (ContextHandler.java:doStart(781)) - Started o.e.j.w.WebAppContext@7e642b88{/,file:///tmp/jetty-0.0.0.0-38443-hddsDatanode-_-any-8657530373840883234.dir/webapp/,AVAILABLE}{/hddsDatanode}
2019-09-24 22:09:58,183 [main] INFO  server.AbstractConnector (AbstractConnector.java:doStart(278)) - Started ServerConnector@6b350309{HTTP/1.1,[http/1.1]}{0.0.0.0:38443}
2019-09-24 22:09:58,183 [main] INFO  server.Server (Server.java:doStart(419)) - Started @5346ms
2019-09-24 22:09:58,183 [main] WARN  impl.MetricsSystemImpl (MetricsSystemImpl.java:register(276)) - Sink prometheus already exists!
2019-09-24 22:09:58,185 [main] INFO  server.BaseHttpServer (BaseHttpServer.java:updateConnectorAddress(215)) - HTTP server of HDDSDATANODE is listening at http://0.0.0.0:38443
2019-09-24 22:09:58,186 [main] INFO  impl.MetricsSystemImpl (MetricsSystemImpl.java:init(158)) - HddsDatanode metrics system started (again)
2019-09-24 22:09:58,188 [main] INFO  ozone.HddsDatanodeService (HddsDatanodeService.java:start(184)) - HddsDatanodeService host:pr-hdds-2162-v2v4x-1150571016 ip:192.168.151.66
2019-09-24 22:09:58,189 [org.apache.hadoop.util.JvmPauseMonitor$Monitor@5479ba33] INFO  util.JvmPauseMonitor (JvmPauseMonitor.java:run(188)) - Starting JVM pause monitor
2019-09-24 22:09:58,193 [Datanode State Machine Thread - 0] INFO  datanode.InitDatanodeState (InitDatanodeState.java:persistContainerDatanodeDetails(140)) - DatanodeDetails is persisted to /workdir/hadoop-ozone/integration-test/target/test-dir/MiniOzoneClusterImpl-625ae465-5e4c-4ec2-831f-6349f2abf3b1/datanode-2/meta/datanode.id
2019-09-24 22:09:58,198 [main] INFO  volume.HddsVolume (HddsVolume.java:<init>(176)) - Creating Volume: /workdir/hadoop-ozone/integration-test/target/test-dir/MiniOzoneClusterImpl-625ae465-5e4c-4ec2-831f-6349f2abf3b1/datanode-3/data/containers/hdds of  storage type : DISK and capacity : 1482555576320
2019-09-24 22:09:58,198 [main] INFO  volume.VolumeSet (VolumeSet.java:initializeVolumeSet(170)) - Added Volume : /workdir/hadoop-ozone/integration-test/target/test-dir/MiniOzoneClusterImpl-625ae465-5e4c-4ec2-831f-6349f2abf3b1/datanode-3/data/containers/hdds to VolumeSet
2019-09-24 22:09:58,198 [main] INFO  volume.ThrottledAsyncChecker (ThrottledAsyncChecker.java:schedule(139)) - Scheduling a check for org.apache.hadoop.ozone.container.common.volume.HddsVolume@ec8f4b9
2019-09-24 22:09:58,199 [main] INFO  volume.HddsVolumeChecker (HddsVolumeChecker.java:checkAllVolumes(202)) - Scheduled health check for volume org.apache.hadoop.ozone.container.common.volume.HddsVolume@ec8f4b9
2019-09-24 22:09:58,212 [main] INFO  impl.RaftServerProxy (ConfUtils.java:logGet(43)) - raft.rpc.type = GRPC (default)
2019-09-24 22:09:58,212 [main] INFO  grpc.GrpcFactory (GrpcFactory.java:checkPooledByteBufAllocatorUseCacheForAllThreads(45)) - PERFORMANCE WARNING: useCacheForAllThreads is true that may cause Netty to create a lot garbage objects and, as a result, trigger GC.
	It is recommended to disable useCacheForAllThreads by setting -Dorg.apache.ratis.thirdparty.io.netty.allocator.useCacheForAllThreads=false in command line.
2019-09-24 22:09:58,212 [main] INFO  grpc.GrpcConfigKeys$Server (ConfUtils.java:logGet(43)) - raft.grpc.server.port = 0 (default)
2019-09-24 22:09:58,212 [main] INFO  server.GrpcService (ConfUtils.java:logGet(43)) - raft.grpc.message.size.max = 33570816 (custom)
2019-09-24 22:09:58,213 [main] INFO  server.RaftServerConfigKeys (ConfUtils.java:logGet(43)) - raft.server.log.appender.buffer.byte-limit = 33554432 (custom)
2019-09-24 22:09:58,213 [main] INFO  server.GrpcService (ConfUtils.java:logGet(43)) - raft.grpc.flow.control.window = 1MB (=1048576) (default)
2019-09-24 22:09:58,213 [main] INFO  server.RaftServerConfigKeys (ConfUtils.java:logGet(43)) - raft.server.rpc.request.timeout = 3000ms (default)
2019-09-24 22:09:58,213 [main] INFO  server.RaftServerConfigKeys (ConfUtils.java:logGet(43)) - raft.server.storage.dir = [/workdir/hadoop-ozone/integration-test/target/test-dir/MiniOzoneClusterImpl-625ae465-5e4c-4ec2-831f-6349f2abf3b1/datanode-3/data/ratis] (custom)
2019-09-24 22:09:58,215 [main] INFO  hdfs.DFSUtil (DFSUtil.java:httpServerTemplateForNNAndJN(1641)) - Starting Web-server for hddsDatanode at: http://0.0.0.0:0
2019-09-24 22:09:58,216 [main] INFO  server.AuthenticationFilter (AuthenticationFilter.java:constructSecretProvider(240)) - Unable to initialize FileSignerSecretProvider, falling back to use random secrets.
2019-09-24 22:09:58,216 [main] WARN  http.HttpRequestLog (HttpRequestLog.java:getRequestLog(97)) - Jetty request log can only be enabled using Log4j
2019-09-24 22:09:58,218 [main] INFO  http.HttpServer2 (HttpServer2.java:addGlobalFilter(975)) - Added global filter 'safety' (class=org.apache.hadoop.http.HttpServer2$QuotingInputFilter)
2019-09-24 22:09:58,218 [main] INFO  http.HttpServer2 (HttpServer2.java:addFilter(948)) - Added filter static_user_filter (class=org.apache.hadoop.http.lib.StaticUserWebFilter$StaticUserFilter) to context hddsDatanode
2019-09-24 22:09:58,219 [main] INFO  http.HttpServer2 (HttpServer2.java:addFilter(958)) - Added filter static_user_filter (class=org.apache.hadoop.http.lib.StaticUserWebFilter$StaticUserFilter) to context static
2019-09-24 22:09:58,219 [main] INFO  http.HttpServer2 (HttpServer2.java:addFilter(958)) - Added filter static_user_filter (class=org.apache.hadoop.http.lib.StaticUserWebFilter$StaticUserFilter) to context logs
2019-09-24 22:09:58,219 [main] INFO  http.HttpServer2 (HttpServer2.java:bindListener(1191)) - Jetty bound to port 38377
2019-09-24 22:09:58,220 [main] INFO  server.Server (Server.java:doStart(351)) - jetty-9.3.25.v20180904, build timestamp: 2018-09-04T21:11:46Z, git hash: 3ce520221d0240229c862b122d2b06c12a625732
2019-09-24 22:09:58,225 [main] INFO  handler.ContextHandler (ContextHandler.java:doStart(781)) - Started o.e.j.s.ServletContextHandler@97d0c06{/logs,file:///workdir/hadoop-ozone/integration-test/target/log,AVAILABLE}
2019-09-24 22:09:58,226 [main] INFO  handler.ContextHandler (ContextHandler.java:doStart(781)) - Started o.e.j.s.ServletContextHandler@43af351a{/static,jar:file:/home/user/.m2/repository/org/apache/hadoop/hadoop-hdds-container-service/0.5.0-SNAPSHOT/hadoop-hdds-container-service-0.5.0-SNAPSHOT.jar!/webapps/static,AVAILABLE}
2019-09-24 22:09:58,255 [main] INFO  handler.ContextHandler (ContextHandler.java:doStart(781)) - Started o.e.j.w.WebAppContext@15b642b9{/,file:///tmp/jetty-0.0.0.0-38377-hddsDatanode-_-any-6245789993516291134.dir/webapp/,AVAILABLE}{/hddsDatanode}
2019-09-24 22:09:58,255 [main] INFO  server.AbstractConnector (AbstractConnector.java:doStart(278)) - Started ServerConnector@518bfd90{HTTP/1.1,[http/1.1]}{0.0.0.0:38377}
2019-09-24 22:09:58,256 [main] INFO  server.Server (Server.java:doStart(419)) - Started @5419ms
2019-09-24 22:09:58,257 [main] WARN  impl.MetricsSystemImpl (MetricsSystemImpl.java:register(276)) - Sink prometheus already exists!
2019-09-24 22:09:58,258 [main] INFO  server.BaseHttpServer (BaseHttpServer.java:updateConnectorAddress(215)) - HTTP server of HDDSDATANODE is listening at http://0.0.0.0:38377
2019-09-24 22:09:58,259 [main] INFO  impl.MetricsSystemImpl (MetricsSystemImpl.java:init(158)) - HddsDatanode metrics system started (again)
2019-09-24 22:09:58,262 [main] INFO  ozone.HddsDatanodeService (HddsDatanodeService.java:start(184)) - HddsDatanodeService host:pr-hdds-2162-v2v4x-1150571016 ip:192.168.151.66
2019-09-24 22:09:58,262 [org.apache.hadoop.util.JvmPauseMonitor$Monitor@6f0498ab] INFO  util.JvmPauseMonitor (JvmPauseMonitor.java:run(188)) - Starting JVM pause monitor
2019-09-24 22:09:58,265 [Datanode State Machine Thread - 0] INFO  datanode.InitDatanodeState (InitDatanodeState.java:persistContainerDatanodeDetails(140)) - DatanodeDetails is persisted to /workdir/hadoop-ozone/integration-test/target/test-dir/MiniOzoneClusterImpl-625ae465-5e4c-4ec2-831f-6349f2abf3b1/datanode-3/meta/datanode.id
2019-09-24 22:09:58,270 [main] INFO  volume.HddsVolume (HddsVolume.java:<init>(176)) - Creating Volume: /workdir/hadoop-ozone/integration-test/target/test-dir/MiniOzoneClusterImpl-625ae465-5e4c-4ec2-831f-6349f2abf3b1/datanode-4/data/containers/hdds of  storage type : DISK and capacity : 1482555576320
2019-09-24 22:09:58,270 [main] INFO  volume.VolumeSet (VolumeSet.java:initializeVolumeSet(170)) - Added Volume : /workdir/hadoop-ozone/integration-test/target/test-dir/MiniOzoneClusterImpl-625ae465-5e4c-4ec2-831f-6349f2abf3b1/datanode-4/data/containers/hdds to VolumeSet
2019-09-24 22:09:58,271 [main] INFO  volume.ThrottledAsyncChecker (ThrottledAsyncChecker.java:schedule(139)) - Scheduling a check for org.apache.hadoop.ozone.container.common.volume.HddsVolume@d5d5353
2019-09-24 22:09:58,271 [main] INFO  volume.HddsVolumeChecker (HddsVolumeChecker.java:checkAllVolumes(202)) - Scheduled health check for volume org.apache.hadoop.ozone.container.common.volume.HddsVolume@d5d5353
2019-09-24 22:09:58,284 [main] INFO  impl.RaftServerProxy (ConfUtils.java:logGet(43)) - raft.rpc.type = GRPC (default)
2019-09-24 22:09:58,284 [main] INFO  grpc.GrpcFactory (GrpcFactory.java:checkPooledByteBufAllocatorUseCacheForAllThreads(45)) - PERFORMANCE WARNING: useCacheForAllThreads is true that may cause Netty to create a lot garbage objects and, as a result, trigger GC.
	It is recommended to disable useCacheForAllThreads by setting -Dorg.apache.ratis.thirdparty.io.netty.allocator.useCacheForAllThreads=false in command line.
2019-09-24 22:09:58,285 [main] INFO  grpc.GrpcConfigKeys$Server (ConfUtils.java:logGet(43)) - raft.grpc.server.port = 0 (default)
2019-09-24 22:09:58,285 [main] INFO  server.GrpcService (ConfUtils.java:logGet(43)) - raft.grpc.message.size.max = 33570816 (custom)
2019-09-24 22:09:58,285 [main] INFO  server.RaftServerConfigKeys (ConfUtils.java:logGet(43)) - raft.server.log.appender.buffer.byte-limit = 33554432 (custom)
2019-09-24 22:09:58,285 [main] INFO  server.GrpcService (ConfUtils.java:logGet(43)) - raft.grpc.flow.control.window = 1MB (=1048576) (default)
2019-09-24 22:09:58,285 [main] INFO  server.RaftServerConfigKeys (ConfUtils.java:logGet(43)) - raft.server.rpc.request.timeout = 3000ms (default)
2019-09-24 22:09:58,286 [main] INFO  server.RaftServerConfigKeys (ConfUtils.java:logGet(43)) - raft.server.storage.dir = [/workdir/hadoop-ozone/integration-test/target/test-dir/MiniOzoneClusterImpl-625ae465-5e4c-4ec2-831f-6349f2abf3b1/datanode-4/data/ratis] (custom)
2019-09-24 22:09:58,287 [main] INFO  hdfs.DFSUtil (DFSUtil.java:httpServerTemplateForNNAndJN(1641)) - Starting Web-server for hddsDatanode at: http://0.0.0.0:0
2019-09-24 22:09:58,289 [main] INFO  server.AuthenticationFilter (AuthenticationFilter.java:constructSecretProvider(240)) - Unable to initialize FileSignerSecretProvider, falling back to use random secrets.
2019-09-24 22:09:58,289 [main] WARN  http.HttpRequestLog (HttpRequestLog.java:getRequestLog(97)) - Jetty request log can only be enabled using Log4j
2019-09-24 22:09:58,291 [main] INFO  http.HttpServer2 (HttpServer2.java:addGlobalFilter(975)) - Added global filter 'safety' (class=org.apache.hadoop.http.HttpServer2$QuotingInputFilter)
2019-09-24 22:09:58,291 [main] INFO  http.HttpServer2 (HttpServer2.java:addFilter(948)) - Added filter static_user_filter (class=org.apache.hadoop.http.lib.StaticUserWebFilter$StaticUserFilter) to context hddsDatanode
2019-09-24 22:09:58,292 [main] INFO  http.HttpServer2 (HttpServer2.java:addFilter(958)) - Added filter static_user_filter (class=org.apache.hadoop.http.lib.StaticUserWebFilter$StaticUserFilter) to context logs
2019-09-24 22:09:58,292 [main] INFO  http.HttpServer2 (HttpServer2.java:addFilter(958)) - Added filter static_user_filter (class=org.apache.hadoop.http.lib.StaticUserWebFilter$StaticUserFilter) to context static
2019-09-24 22:09:58,292 [main] INFO  http.HttpServer2 (HttpServer2.java:bindListener(1191)) - Jetty bound to port 33765
2019-09-24 22:09:58,293 [main] INFO  server.Server (Server.java:doStart(351)) - jetty-9.3.25.v20180904, build timestamp: 2018-09-04T21:11:46Z, git hash: 3ce520221d0240229c862b122d2b06c12a625732
2019-09-24 22:09:58,295 [main] INFO  handler.ContextHandler (ContextHandler.java:doStart(781)) - Started o.e.j.s.ServletContextHandler@50fb33a{/logs,file:///workdir/hadoop-ozone/integration-test/target/log,AVAILABLE}
2019-09-24 22:09:58,295 [main] INFO  handler.ContextHandler (ContextHandler.java:doStart(781)) - Started o.e.j.s.ServletContextHandler@1457fde{/static,jar:file:/home/user/.m2/repository/org/apache/hadoop/hadoop-hdds-container-service/0.5.0-SNAPSHOT/hadoop-hdds-container-service-0.5.0-SNAPSHOT.jar!/webapps/static,AVAILABLE}
2019-09-24 22:09:58,327 [main] INFO  handler.ContextHandler (ContextHandler.java:doStart(781)) - Started o.e.j.w.WebAppContext@7b306b9f{/,file:///tmp/jetty-0.0.0.0-33765-hddsDatanode-_-any-8152587105180944583.dir/webapp/,AVAILABLE}{/hddsDatanode}
2019-09-24 22:09:58,329 [main] INFO  server.AbstractConnector (AbstractConnector.java:doStart(278)) - Started ServerConnector@142213d5{HTTP/1.1,[http/1.1]}{0.0.0.0:33765}
2019-09-24 22:09:58,330 [main] INFO  server.Server (Server.java:doStart(419)) - Started @5493ms
2019-09-24 22:09:58,330 [main] WARN  impl.MetricsSystemImpl (MetricsSystemImpl.java:register(276)) - Sink prometheus already exists!
2019-09-24 22:09:58,331 [main] INFO  server.BaseHttpServer (BaseHttpServer.java:updateConnectorAddress(215)) - HTTP server of HDDSDATANODE is listening at http://0.0.0.0:33765
2019-09-24 22:09:58,331 [main] INFO  impl.MetricsSystemImpl (MetricsSystemImpl.java:init(158)) - HddsDatanode metrics system started (again)
2019-09-24 22:09:58,335 [main] INFO  ozone.HddsDatanodeService (HddsDatanodeService.java:start(184)) - HddsDatanodeService host:pr-hdds-2162-v2v4x-1150571016 ip:192.168.151.66
2019-09-24 22:09:58,335 [org.apache.hadoop.util.JvmPauseMonitor$Monitor@295fb5cb] INFO  util.JvmPauseMonitor (JvmPauseMonitor.java:run(188)) - Starting JVM pause monitor
2019-09-24 22:09:58,338 [Datanode State Machine Thread - 0] INFO  datanode.InitDatanodeState (InitDatanodeState.java:persistContainerDatanodeDetails(140)) - DatanodeDetails is persisted to /workdir/hadoop-ozone/integration-test/target/test-dir/MiniOzoneClusterImpl-625ae465-5e4c-4ec2-831f-6349f2abf3b1/datanode-4/meta/datanode.id
2019-09-24 22:09:58,345 [main] INFO  volume.HddsVolume (HddsVolume.java:<init>(176)) - Creating Volume: /workdir/hadoop-ozone/integration-test/target/test-dir/MiniOzoneClusterImpl-625ae465-5e4c-4ec2-831f-6349f2abf3b1/datanode-5/data/containers/hdds of  storage type : DISK and capacity : 1482555576320
2019-09-24 22:09:58,345 [main] INFO  volume.VolumeSet (VolumeSet.java:initializeVolumeSet(170)) - Added Volume : /workdir/hadoop-ozone/integration-test/target/test-dir/MiniOzoneClusterImpl-625ae465-5e4c-4ec2-831f-6349f2abf3b1/datanode-5/data/containers/hdds to VolumeSet
2019-09-24 22:09:58,346 [main] INFO  volume.ThrottledAsyncChecker (ThrottledAsyncChecker.java:schedule(139)) - Scheduling a check for org.apache.hadoop.ozone.container.common.volume.HddsVolume@f1d0004
2019-09-24 22:09:58,346 [main] INFO  volume.HddsVolumeChecker (HddsVolumeChecker.java:checkAllVolumes(202)) - Scheduled health check for volume org.apache.hadoop.ozone.container.common.volume.HddsVolume@f1d0004
2019-09-24 22:09:58,362 [main] INFO  impl.RaftServerProxy (ConfUtils.java:logGet(43)) - raft.rpc.type = GRPC (default)
2019-09-24 22:09:58,362 [main] INFO  grpc.GrpcFactory (GrpcFactory.java:checkPooledByteBufAllocatorUseCacheForAllThreads(45)) - PERFORMANCE WARNING: useCacheForAllThreads is true that may cause Netty to create a lot garbage objects and, as a result, trigger GC.
	It is recommended to disable useCacheForAllThreads by setting -Dorg.apache.ratis.thirdparty.io.netty.allocator.useCacheForAllThreads=false in command line.
2019-09-24 22:09:58,363 [main] INFO  grpc.GrpcConfigKeys$Server (ConfUtils.java:logGet(43)) - raft.grpc.server.port = 0 (default)
2019-09-24 22:09:58,363 [main] INFO  server.GrpcService (ConfUtils.java:logGet(43)) - raft.grpc.message.size.max = 33570816 (custom)
2019-09-24 22:09:58,363 [main] INFO  server.RaftServerConfigKeys (ConfUtils.java:logGet(43)) - raft.server.log.appender.buffer.byte-limit = 33554432 (custom)
2019-09-24 22:09:58,363 [main] INFO  server.GrpcService (ConfUtils.java:logGet(43)) - raft.grpc.flow.control.window = 1MB (=1048576) (default)
2019-09-24 22:09:58,363 [main] INFO  server.RaftServerConfigKeys (ConfUtils.java:logGet(43)) - raft.server.rpc.request.timeout = 3000ms (default)
2019-09-24 22:09:58,364 [main] INFO  server.RaftServerConfigKeys (ConfUtils.java:logGet(43)) - raft.server.storage.dir = [/workdir/hadoop-ozone/integration-test/target/test-dir/MiniOzoneClusterImpl-625ae465-5e4c-4ec2-831f-6349f2abf3b1/datanode-5/data/ratis] (custom)
2019-09-24 22:09:58,365 [main] INFO  hdfs.DFSUtil (DFSUtil.java:httpServerTemplateForNNAndJN(1641)) - Starting Web-server for hddsDatanode at: http://0.0.0.0:0
2019-09-24 22:09:58,367 [main] INFO  server.AuthenticationFilter (AuthenticationFilter.java:constructSecretProvider(240)) - Unable to initialize FileSignerSecretProvider, falling back to use random secrets.
2019-09-24 22:09:58,367 [main] WARN  http.HttpRequestLog (HttpRequestLog.java:getRequestLog(97)) - Jetty request log can only be enabled using Log4j
2019-09-24 22:09:58,368 [main] INFO  http.HttpServer2 (HttpServer2.java:addGlobalFilter(975)) - Added global filter 'safety' (class=org.apache.hadoop.http.HttpServer2$QuotingInputFilter)
2019-09-24 22:09:58,369 [main] INFO  http.HttpServer2 (HttpServer2.java:addFilter(948)) - Added filter static_user_filter (class=org.apache.hadoop.http.lib.StaticUserWebFilter$StaticUserFilter) to context hddsDatanode
2019-09-24 22:09:58,369 [main] INFO  http.HttpServer2 (HttpServer2.java:addFilter(958)) - Added filter static_user_filter (class=org.apache.hadoop.http.lib.StaticUserWebFilter$StaticUserFilter) to context logs
2019-09-24 22:09:58,369 [main] INFO  http.HttpServer2 (HttpServer2.java:addFilter(958)) - Added filter static_user_filter (class=org.apache.hadoop.http.lib.StaticUserWebFilter$StaticUserFilter) to context static
2019-09-24 22:09:58,370 [main] INFO  http.HttpServer2 (HttpServer2.java:bindListener(1191)) - Jetty bound to port 39507
2019-09-24 22:09:58,370 [main] INFO  server.Server (Server.java:doStart(351)) - jetty-9.3.25.v20180904, build timestamp: 2018-09-04T21:11:46Z, git hash: 3ce520221d0240229c862b122d2b06c12a625732
2019-09-24 22:09:58,372 [main] INFO  handler.ContextHandler (ContextHandler.java:doStart(781)) - Started o.e.j.s.ServletContextHandler@21505815{/logs,file:///workdir/hadoop-ozone/integration-test/target/log,AVAILABLE}
2019-09-24 22:09:58,372 [main] INFO  handler.ContextHandler (ContextHandler.java:doStart(781)) - Started o.e.j.s.ServletContextHandler@58fef7f7{/static,jar:file:/home/user/.m2/repository/org/apache/hadoop/hadoop-hdds-container-service/0.5.0-SNAPSHOT/hadoop-hdds-container-service-0.5.0-SNAPSHOT.jar!/webapps/static,AVAILABLE}
2019-09-24 22:09:58,402 [main] INFO  handler.ContextHandler (ContextHandler.java:doStart(781)) - Started o.e.j.w.WebAppContext@100c8b75{/,file:///tmp/jetty-0.0.0.0-39507-hddsDatanode-_-any-1446038291496800739.dir/webapp/,AVAILABLE}{/hddsDatanode}
2019-09-24 22:09:58,402 [main] INFO  server.AbstractConnector (AbstractConnector.java:doStart(278)) - Started ServerConnector@2bc378f7{HTTP/1.1,[http/1.1]}{0.0.0.0:39507}
2019-09-24 22:09:58,404 [main] INFO  server.Server (Server.java:doStart(419)) - Started @5567ms
2019-09-24 22:09:58,404 [main] WARN  impl.MetricsSystemImpl (MetricsSystemImpl.java:register(276)) - Sink prometheus already exists!
2019-09-24 22:09:58,404 [main] INFO  server.BaseHttpServer (BaseHttpServer.java:updateConnectorAddress(215)) - HTTP server of HDDSDATANODE is listening at http://0.0.0.0:39507
2019-09-24 22:09:58,405 [main] INFO  impl.MetricsSystemImpl (MetricsSystemImpl.java:init(158)) - HddsDatanode metrics system started (again)
2019-09-24 22:09:58,409 [main] INFO  ozone.HddsDatanodeService (HddsDatanodeService.java:start(184)) - HddsDatanodeService host:pr-hdds-2162-v2v4x-1150571016 ip:192.168.151.66
2019-09-24 22:09:58,410 [org.apache.hadoop.util.JvmPauseMonitor$Monitor@223966ff] INFO  util.JvmPauseMonitor (JvmPauseMonitor.java:run(188)) - Starting JVM pause monitor
2019-09-24 22:09:58,415 [Datanode State Machine Thread - 0] INFO  datanode.InitDatanodeState (InitDatanodeState.java:persistContainerDatanodeDetails(140)) - DatanodeDetails is persisted to /workdir/hadoop-ozone/integration-test/target/test-dir/MiniOzoneClusterImpl-625ae465-5e4c-4ec2-831f-6349f2abf3b1/datanode-5/meta/datanode.id
2019-09-24 22:09:58,418 [main] INFO  volume.HddsVolume (HddsVolume.java:<init>(176)) - Creating Volume: /workdir/hadoop-ozone/integration-test/target/test-dir/MiniOzoneClusterImpl-625ae465-5e4c-4ec2-831f-6349f2abf3b1/datanode-6/data/containers/hdds of  storage type : DISK and capacity : 1482555576320
2019-09-24 22:09:58,419 [main] INFO  volume.VolumeSet (VolumeSet.java:initializeVolumeSet(170)) - Added Volume : /workdir/hadoop-ozone/integration-test/target/test-dir/MiniOzoneClusterImpl-625ae465-5e4c-4ec2-831f-6349f2abf3b1/datanode-6/data/containers/hdds to VolumeSet
2019-09-24 22:09:58,419 [main] INFO  volume.ThrottledAsyncChecker (ThrottledAsyncChecker.java:schedule(139)) - Scheduling a check for org.apache.hadoop.ozone.container.common.volume.HddsVolume@363c4251
2019-09-24 22:09:58,419 [main] INFO  volume.HddsVolumeChecker (HddsVolumeChecker.java:checkAllVolumes(202)) - Scheduled health check for volume org.apache.hadoop.ozone.container.common.volume.HddsVolume@363c4251
2019-09-24 22:09:58,440 [main] INFO  impl.RaftServerProxy (ConfUtils.java:logGet(43)) - raft.rpc.type = GRPC (default)
2019-09-24 22:09:58,440 [main] INFO  grpc.GrpcFactory (GrpcFactory.java:checkPooledByteBufAllocatorUseCacheForAllThreads(45)) - PERFORMANCE WARNING: useCacheForAllThreads is true that may cause Netty to create a lot garbage objects and, as a result, trigger GC.
	It is recommended to disable useCacheForAllThreads by setting -Dorg.apache.ratis.thirdparty.io.netty.allocator.useCacheForAllThreads=false in command line.
2019-09-24 22:09:58,440 [main] INFO  grpc.GrpcConfigKeys$Server (ConfUtils.java:logGet(43)) - raft.grpc.server.port = 0 (default)
2019-09-24 22:09:58,441 [main] INFO  server.GrpcService (ConfUtils.java:logGet(43)) - raft.grpc.message.size.max = 33570816 (custom)
2019-09-24 22:09:58,441 [main] INFO  server.RaftServerConfigKeys (ConfUtils.java:logGet(43)) - raft.server.log.appender.buffer.byte-limit = 33554432 (custom)
2019-09-24 22:09:58,441 [main] INFO  server.GrpcService (ConfUtils.java:logGet(43)) - raft.grpc.flow.control.window = 1MB (=1048576) (default)
2019-09-24 22:09:58,442 [main] INFO  server.RaftServerConfigKeys (ConfUtils.java:logGet(43)) - raft.server.rpc.request.timeout = 3000ms (default)
2019-09-24 22:09:58,442 [main] INFO  server.RaftServerConfigKeys (ConfUtils.java:logGet(43)) - raft.server.storage.dir = [/workdir/hadoop-ozone/integration-test/target/test-dir/MiniOzoneClusterImpl-625ae465-5e4c-4ec2-831f-6349f2abf3b1/datanode-6/data/ratis] (custom)
2019-09-24 22:09:58,456 [main] INFO  hdfs.DFSUtil (DFSUtil.java:httpServerTemplateForNNAndJN(1641)) - Starting Web-server for hddsDatanode at: http://0.0.0.0:0
2019-09-24 22:09:58,457 [main] INFO  server.AuthenticationFilter (AuthenticationFilter.java:constructSecretProvider(240)) - Unable to initialize FileSignerSecretProvider, falling back to use random secrets.
2019-09-24 22:09:58,458 [main] WARN  http.HttpRequestLog (HttpRequestLog.java:getRequestLog(97)) - Jetty request log can only be enabled using Log4j
2019-09-24 22:09:58,459 [main] INFO  http.HttpServer2 (HttpServer2.java:addGlobalFilter(975)) - Added global filter 'safety' (class=org.apache.hadoop.http.HttpServer2$QuotingInputFilter)
2019-09-24 22:09:58,460 [main] INFO  http.HttpServer2 (HttpServer2.java:addFilter(948)) - Added filter static_user_filter (class=org.apache.hadoop.http.lib.StaticUserWebFilter$StaticUserFilter) to context hddsDatanode
2019-09-24 22:09:58,460 [main] INFO  http.HttpServer2 (HttpServer2.java:addFilter(958)) - Added filter static_user_filter (class=org.apache.hadoop.http.lib.StaticUserWebFilter$StaticUserFilter) to context logs
2019-09-24 22:09:58,460 [main] INFO  http.HttpServer2 (HttpServer2.java:addFilter(958)) - Added filter static_user_filter (class=org.apache.hadoop.http.lib.StaticUserWebFilter$StaticUserFilter) to context static
2019-09-24 22:09:58,461 [main] INFO  http.HttpServer2 (HttpServer2.java:bindListener(1191)) - Jetty bound to port 44803
2019-09-24 22:09:58,461 [main] INFO  server.Server (Server.java:doStart(351)) - jetty-9.3.25.v20180904, build timestamp: 2018-09-04T21:11:46Z, git hash: 3ce520221d0240229c862b122d2b06c12a625732
2019-09-24 22:09:58,463 [main] INFO  handler.ContextHandler (ContextHandler.java:doStart(781)) - Started o.e.j.s.ServletContextHandler@7c8c70d6{/logs,file:///workdir/hadoop-ozone/integration-test/target/log,AVAILABLE}
2019-09-24 22:09:58,463 [main] INFO  handler.ContextHandler (ContextHandler.java:doStart(781)) - Started o.e.j.s.ServletContextHandler@6edf29c1{/static,jar:file:/home/user/.m2/repository/org/apache/hadoop/hadoop-hdds-container-service/0.5.0-SNAPSHOT/hadoop-hdds-container-service-0.5.0-SNAPSHOT.jar!/webapps/static,AVAILABLE}
2019-09-24 22:09:58,491 [main] INFO  handler.ContextHandler (ContextHandler.java:doStart(781)) - Started o.e.j.w.WebAppContext@1e9469b8{/,file:///tmp/jetty-0.0.0.0-44803-hddsDatanode-_-any-6629325983085302712.dir/webapp/,AVAILABLE}{/hddsDatanode}
2019-09-24 22:09:58,493 [main] INFO  server.AbstractConnector (AbstractConnector.java:doStart(278)) - Started ServerConnector@5a08efdc{HTTP/1.1,[http/1.1]}{0.0.0.0:44803}
2019-09-24 22:09:58,493 [main] INFO  server.Server (Server.java:doStart(419)) - Started @5656ms
2019-09-24 22:09:58,493 [main] WARN  impl.MetricsSystemImpl (MetricsSystemImpl.java:register(276)) - Sink prometheus already exists!
2019-09-24 22:09:58,494 [main] INFO  server.BaseHttpServer (BaseHttpServer.java:updateConnectorAddress(215)) - HTTP server of HDDSDATANODE is listening at http://0.0.0.0:44803
2019-09-24 22:09:58,496 [main] INFO  ozone.MiniOzoneClusterImpl (MiniOzoneClusterImpl.java:lambda$waitForClusterToBeReady$0(147)) - Waiting for cluster to be ready. Got 0 of 7 DN Heartbeats.
2019-09-24 22:09:58,496 [org.apache.hadoop.util.JvmPauseMonitor$Monitor@73a02850] INFO  util.JvmPauseMonitor (JvmPauseMonitor.java:run(188)) - Starting JVM pause monitor
2019-09-24 22:09:58,498 [Datanode State Machine Thread - 0] INFO  datanode.InitDatanodeState (InitDatanodeState.java:persistContainerDatanodeDetails(140)) - DatanodeDetails is persisted to /workdir/hadoop-ozone/integration-test/target/test-dir/MiniOzoneClusterImpl-625ae465-5e4c-4ec2-831f-6349f2abf3b1/datanode-6/meta/datanode.id
2019-09-24 22:09:59,496 [main] INFO  ozone.MiniOzoneClusterImpl (MiniOzoneClusterImpl.java:lambda$waitForClusterToBeReady$0(147)) - Waiting for cluster to be ready. Got 0 of 7 DN Heartbeats.
2019-09-24 22:10:00,095 [Datanode State Machine Thread - 0] INFO  ozoneimpl.OzoneContainer (OzoneContainer.java:start(217)) - Attempting to start container services.
2019-09-24 22:10:00,099 [Datanode State Machine Thread - 0] INFO  ozoneimpl.OzoneContainer (OzoneContainer.java:startContainerScrub(179)) - Background container scanner has been disabled.
2019-09-24 22:10:00,099 [Datanode State Machine Thread - 0] INFO  ratis.XceiverServerRatis (XceiverServerRatis.java:start(411)) - Starting XceiverServerRatis b4b9e96e-7bb7-46f7-837e-d6d8a00df559 at port 0
2019-09-24 22:10:00,127 [Datanode State Machine Thread - 0] INFO  impl.RaftServerProxy (RaftServerProxy.java:lambda$start$3(299)) - b4b9e96e-7bb7-46f7-837e-d6d8a00df559: start RPC server
2019-09-24 22:10:00,134 [Datanode State Machine Thread - 0] INFO  ozoneimpl.OzoneContainer (OzoneContainer.java:start(217)) - Attempting to start container services.
2019-09-24 22:10:00,141 [Datanode State Machine Thread - 0] INFO  ozoneimpl.OzoneContainer (OzoneContainer.java:startContainerScrub(179)) - Background container scanner has been disabled.
2019-09-24 22:10:00,141 [Datanode State Machine Thread - 0] INFO  ratis.XceiverServerRatis (XceiverServerRatis.java:start(411)) - Starting XceiverServerRatis fcffd87e-625a-4e43-93d0-8a9595161c67 at port 0
2019-09-24 22:10:00,149 [Datanode State Machine Thread - 0] INFO  impl.RaftServerProxy (RaftServerProxy.java:lambda$start$3(299)) - fcffd87e-625a-4e43-93d0-8a9595161c67: start RPC server
2019-09-24 22:10:00,215 [Datanode State Machine Thread - 0] INFO  ozoneimpl.OzoneContainer (OzoneContainer.java:start(217)) - Attempting to start container services.
2019-09-24 22:10:00,219 [Datanode State Machine Thread - 0] INFO  ozoneimpl.OzoneContainer (OzoneContainer.java:startContainerScrub(179)) - Background container scanner has been disabled.
2019-09-24 22:10:00,219 [Datanode State Machine Thread - 0] INFO  ratis.XceiverServerRatis (XceiverServerRatis.java:start(411)) - Starting XceiverServerRatis 359d4a8a-7123-4aa7-8691-eb230ca57380 at port 0
2019-09-24 22:10:00,226 [Datanode State Machine Thread - 0] INFO  impl.RaftServerProxy (RaftServerProxy.java:lambda$start$3(299)) - 359d4a8a-7123-4aa7-8691-eb230ca57380: start RPC server
2019-09-24 22:10:00,279 [Datanode State Machine Thread - 0] INFO  ozoneimpl.OzoneContainer (OzoneContainer.java:start(217)) - Attempting to start container services.
2019-09-24 22:10:00,281 [Datanode State Machine Thread - 0] INFO  ozoneimpl.OzoneContainer (OzoneContainer.java:startContainerScrub(179)) - Background container scanner has been disabled.
2019-09-24 22:10:00,281 [Datanode State Machine Thread - 0] INFO  ratis.XceiverServerRatis (XceiverServerRatis.java:start(411)) - Starting XceiverServerRatis d1c7ea34-e1d6-47f6-9bf9-085803419fb1 at port 0
2019-09-24 22:10:00,299 [Datanode State Machine Thread - 0] INFO  impl.RaftServerProxy (RaftServerProxy.java:lambda$start$3(299)) - d1c7ea34-e1d6-47f6-9bf9-085803419fb1: start RPC server
2019-09-24 22:10:00,309 [Datanode State Machine Thread - 0] INFO  server.GrpcService (GrpcService.java:startImpl(158)) - b4b9e96e-7bb7-46f7-837e-d6d8a00df559: GrpcService started, listening on 0.0.0.0/0.0.0.0:38593
2019-09-24 22:10:00,309 [Datanode State Machine Thread - 0] INFO  server.GrpcService (GrpcService.java:startImpl(158)) - d1c7ea34-e1d6-47f6-9bf9-085803419fb1: GrpcService started, listening on 0.0.0.0/0.0.0.0:40540
2019-09-24 22:10:00,310 [Datanode State Machine Thread - 0] INFO  ratis.XceiverServerRatis (XceiverServerRatis.java:start(421)) - XceiverServerRatis b4b9e96e-7bb7-46f7-837e-d6d8a00df559 is started using port 38593
2019-09-24 22:10:00,309 [Datanode State Machine Thread - 0] INFO  server.GrpcService (GrpcService.java:startImpl(158)) - 359d4a8a-7123-4aa7-8691-eb230ca57380: GrpcService started, listening on 0.0.0.0/0.0.0.0:32879
2019-09-24 22:10:00,309 [Datanode State Machine Thread - 0] INFO  server.GrpcService (GrpcService.java:startImpl(158)) - fcffd87e-625a-4e43-93d0-8a9595161c67: GrpcService started, listening on 0.0.0.0/0.0.0.0:35754
2019-09-24 22:10:00,311 [Datanode State Machine Thread - 0] INFO  ratis.XceiverServerRatis (XceiverServerRatis.java:start(421)) - XceiverServerRatis 359d4a8a-7123-4aa7-8691-eb230ca57380 is started using port 32879
2019-09-24 22:10:00,311 [Datanode State Machine Thread - 0] INFO  ratis.XceiverServerRatis (XceiverServerRatis.java:start(421)) - XceiverServerRatis d1c7ea34-e1d6-47f6-9bf9-085803419fb1 is started using port 40540
2019-09-24 22:10:00,311 [Datanode State Machine Thread - 0] INFO  ratis.XceiverServerRatis (XceiverServerRatis.java:start(421)) - XceiverServerRatis fcffd87e-625a-4e43-93d0-8a9595161c67 is started using port 35754
2019-09-24 22:10:00,320 [Datanode State Machine Thread - 0] INFO  server.XceiverServerGrpc (XceiverServerGrpc.java:start(149)) - XceiverServerGrpc b4b9e96e-7bb7-46f7-837e-d6d8a00df559 is started using port 43130
2019-09-24 22:10:00,320 [Datanode State Machine Thread - 0] INFO  server.XceiverServerGrpc (XceiverServerGrpc.java:start(149)) - XceiverServerGrpc 359d4a8a-7123-4aa7-8691-eb230ca57380 is started using port 43990
2019-09-24 22:10:00,321 [Datanode State Machine Thread - 0] INFO  server.XceiverServerGrpc (XceiverServerGrpc.java:start(149)) - XceiverServerGrpc fcffd87e-625a-4e43-93d0-8a9595161c67 is started using port 37844
2019-09-24 22:10:00,321 [Datanode State Machine Thread - 0] INFO  server.XceiverServerGrpc (XceiverServerGrpc.java:start(149)) - XceiverServerGrpc d1c7ea34-e1d6-47f6-9bf9-085803419fb1 is started using port 36897
2019-09-24 22:10:00,359 [Datanode State Machine Thread - 0] INFO  ozoneimpl.OzoneContainer (OzoneContainer.java:start(217)) - Attempting to start container services.
2019-09-24 22:10:00,360 [Datanode State Machine Thread - 0] INFO  ozoneimpl.OzoneContainer (OzoneContainer.java:startContainerScrub(179)) - Background container scanner has been disabled.
2019-09-24 22:10:00,360 [Datanode State Machine Thread - 0] INFO  ratis.XceiverServerRatis (XceiverServerRatis.java:start(411)) - Starting XceiverServerRatis 81dc61f5-3f0d-4495-99d5-0d8363b24cff at port 0
2019-09-24 22:10:00,367 [Datanode State Machine Thread - 0] INFO  impl.RaftServerProxy (RaftServerProxy.java:lambda$start$3(299)) - 81dc61f5-3f0d-4495-99d5-0d8363b24cff: start RPC server
2019-09-24 22:10:00,369 [Datanode State Machine Thread - 0] INFO  server.GrpcService (GrpcService.java:startImpl(158)) - 81dc61f5-3f0d-4495-99d5-0d8363b24cff: GrpcService started, listening on 0.0.0.0/0.0.0.0:36247
2019-09-24 22:10:00,369 [Datanode State Machine Thread - 0] INFO  ratis.XceiverServerRatis (XceiverServerRatis.java:start(421)) - XceiverServerRatis 81dc61f5-3f0d-4495-99d5-0d8363b24cff is started using port 36247
2019-09-24 22:10:00,371 [Datanode State Machine Thread - 0] INFO  server.XceiverServerGrpc (XceiverServerGrpc.java:start(149)) - XceiverServerGrpc 81dc61f5-3f0d-4495-99d5-0d8363b24cff is started using port 41844
2019-09-24 22:10:00,434 [Datanode State Machine Thread - 0] INFO  ozoneimpl.OzoneContainer (OzoneContainer.java:start(217)) - Attempting to start container services.
2019-09-24 22:10:00,434 [Datanode State Machine Thread - 0] INFO  ozoneimpl.OzoneContainer (OzoneContainer.java:startContainerScrub(179)) - Background container scanner has been disabled.
2019-09-24 22:10:00,435 [Datanode State Machine Thread - 0] INFO  ratis.XceiverServerRatis (XceiverServerRatis.java:start(411)) - Starting XceiverServerRatis d479fc48-3b3e-4e94-9a71-350452190094 at port 0
2019-09-24 22:10:00,444 [Datanode State Machine Thread - 0] INFO  impl.RaftServerProxy (RaftServerProxy.java:lambda$start$3(299)) - d479fc48-3b3e-4e94-9a71-350452190094: start RPC server
2019-09-24 22:10:00,446 [Datanode State Machine Thread - 0] INFO  server.GrpcService (GrpcService.java:startImpl(158)) - d479fc48-3b3e-4e94-9a71-350452190094: GrpcService started, listening on 0.0.0.0/0.0.0.0:41431
2019-09-24 22:10:00,446 [Datanode State Machine Thread - 0] INFO  ratis.XceiverServerRatis (XceiverServerRatis.java:start(421)) - XceiverServerRatis d479fc48-3b3e-4e94-9a71-350452190094 is started using port 41431
2019-09-24 22:10:00,449 [Datanode State Machine Thread - 0] INFO  server.XceiverServerGrpc (XceiverServerGrpc.java:start(149)) - XceiverServerGrpc d479fc48-3b3e-4e94-9a71-350452190094 is started using port 38518
2019-09-24 22:10:00,497 [main] INFO  ozone.MiniOzoneClusterImpl (MiniOzoneClusterImpl.java:lambda$waitForClusterToBeReady$0(147)) - Waiting for cluster to be ready. Got 0 of 7 DN Heartbeats.
2019-09-24 22:10:00,513 [Datanode State Machine Thread - 0] INFO  ozoneimpl.OzoneContainer (OzoneContainer.java:start(217)) - Attempting to start container services.
2019-09-24 22:10:00,513 [Datanode State Machine Thread - 0] INFO  ozoneimpl.OzoneContainer (OzoneContainer.java:startContainerScrub(179)) - Background container scanner has been disabled.
2019-09-24 22:10:00,513 [Datanode State Machine Thread - 0] INFO  ratis.XceiverServerRatis (XceiverServerRatis.java:start(411)) - Starting XceiverServerRatis a975b012-7e14-4989-9e13-cc869fccbfcb at port 0
2019-09-24 22:10:00,522 [Datanode State Machine Thread - 0] INFO  impl.RaftServerProxy (RaftServerProxy.java:lambda$start$3(299)) - a975b012-7e14-4989-9e13-cc869fccbfcb: start RPC server
2019-09-24 22:10:00,526 [Datanode State Machine Thread - 0] INFO  server.GrpcService (GrpcService.java:startImpl(158)) - a975b012-7e14-4989-9e13-cc869fccbfcb: GrpcService started, listening on 0.0.0.0/0.0.0.0:43445
2019-09-24 22:10:00,527 [Datanode State Machine Thread - 0] INFO  ratis.XceiverServerRatis (XceiverServerRatis.java:start(421)) - XceiverServerRatis a975b012-7e14-4989-9e13-cc869fccbfcb is started using port 43445
2019-09-24 22:10:00,531 [Datanode State Machine Thread - 0] INFO  server.XceiverServerGrpc (XceiverServerGrpc.java:start(149)) - XceiverServerGrpc a975b012-7e14-4989-9e13-cc869fccbfcb is started using port 35143
2019-09-24 22:10:01,497 [main] INFO  ozone.MiniOzoneClusterImpl (MiniOzoneClusterImpl.java:lambda$waitForClusterToBeReady$0(147)) - Waiting for cluster to be ready. Got 0 of 7 DN Heartbeats.
2019-09-24 22:10:02,086 [IPC Server handler 0 on 36847] INFO  net.NetworkTopology (NetworkTopologyImpl.java:add(111)) - Added a new node: /default-rack/b4b9e96e-7bb7-46f7-837e-d6d8a00df559
2019-09-24 22:10:02,087 [IPC Server handler 0 on 36847] INFO  node.SCMNodeManager (SCMNodeManager.java:register(266)) - Registered Data node : b4b9e96e-7bb7-46f7-837e-d6d8a00df559{ip: 192.168.151.66, host: pr-hdds-2162-v2v4x-1150571016, networkLocation: /default-rack, certSerialId: null}
2019-09-24 22:10:02,092 [EventQueue-NodeRegistrationContainerReportForDataNodeSafeModeRule] INFO  safemode.SCMSafeModeManager (DataNodeSafeModeRule.java:process(71)) - SCM in safe mode. 1 DataNodes registered, 1 required.
2019-09-24 22:10:02,093 [EventQueue-NodeRegistrationContainerReportForDataNodeSafeModeRule] INFO  safemode.SCMSafeModeManager (SCMSafeModeManager.java:validateSafeModeExitRules(177)) - ScmSafeModeManager, all rules are successfully validated
2019-09-24 22:10:02,093 [EventQueue-NodeRegistrationContainerReportForDataNodeSafeModeRule] INFO  safemode.SCMSafeModeManager (SCMSafeModeManager.java:exitSafeMode(193)) - SCM exiting safe mode.
2019-09-24 22:10:02,118 [IPC Server handler 2 on 36847] INFO  net.NetworkTopology (NetworkTopologyImpl.java:add(111)) - Added a new node: /default-rack/fcffd87e-625a-4e43-93d0-8a9595161c67
2019-09-24 22:10:02,118 [IPC Server handler 2 on 36847] INFO  node.SCMNodeManager (SCMNodeManager.java:register(266)) - Registered Data node : fcffd87e-625a-4e43-93d0-8a9595161c67{ip: 192.168.151.66, host: pr-hdds-2162-v2v4x-1150571016, networkLocation: /default-rack, certSerialId: null}
2019-09-24 22:10:02,192 [IPC Server handler 3 on 36847] INFO  net.NetworkTopology (NetworkTopologyImpl.java:add(111)) - Added a new node: /default-rack/359d4a8a-7123-4aa7-8691-eb230ca57380
2019-09-24 22:10:02,193 [IPC Server handler 3 on 36847] INFO  node.SCMNodeManager (SCMNodeManager.java:register(266)) - Registered Data node : 359d4a8a-7123-4aa7-8691-eb230ca57380{ip: 192.168.151.66, host: pr-hdds-2162-v2v4x-1150571016, networkLocation: /default-rack, certSerialId: null}
2019-09-24 22:10:02,266 [IPC Server handler 4 on 36847] INFO  net.NetworkTopology (NetworkTopologyImpl.java:add(111)) - Added a new node: /default-rack/d1c7ea34-e1d6-47f6-9bf9-085803419fb1
2019-09-24 22:10:02,266 [IPC Server handler 4 on 36847] INFO  node.SCMNodeManager (SCMNodeManager.java:register(266)) - Registered Data node : d1c7ea34-e1d6-47f6-9bf9-085803419fb1{ip: 192.168.151.66, host: pr-hdds-2162-v2v4x-1150571016, networkLocation: /default-rack, certSerialId: null}
2019-09-24 22:10:02,342 [IPC Server handler 8 on 36847] INFO  net.NetworkTopology (NetworkTopologyImpl.java:add(111)) - Added a new node: /default-rack/81dc61f5-3f0d-4495-99d5-0d8363b24cff
2019-09-24 22:10:02,356 [IPC Server handler 8 on 36847] INFO  node.SCMNodeManager (SCMNodeManager.java:register(266)) - Registered Data node : 81dc61f5-3f0d-4495-99d5-0d8363b24cff{ip: 192.168.151.66, host: pr-hdds-2162-v2v4x-1150571016, networkLocation: /default-rack, certSerialId: null}
2019-09-24 22:10:02,415 [IPC Server handler 1 on 36847] INFO  net.NetworkTopology (NetworkTopologyImpl.java:add(111)) - Added a new node: /default-rack/d479fc48-3b3e-4e94-9a71-350452190094
2019-09-24 22:10:02,416 [IPC Server handler 1 on 36847] INFO  node.SCMNodeManager (SCMNodeManager.java:register(266)) - Registered Data node : d479fc48-3b3e-4e94-9a71-350452190094{ip: 192.168.151.66, host: pr-hdds-2162-v2v4x-1150571016, networkLocation: /default-rack, certSerialId: null}
2019-09-24 22:10:02,499 [main] INFO  ozone.MiniOzoneClusterImpl (MiniOzoneClusterImpl.java:lambda$waitForClusterToBeReady$0(147)) - Waiting for cluster to be ready. Got 6 of 7 DN Heartbeats.
2019-09-24 22:10:02,500 [IPC Server handler 0 on 36847] INFO  net.NetworkTopology (NetworkTopologyImpl.java:add(111)) - Added a new node: /default-rack/a975b012-7e14-4989-9e13-cc869fccbfcb
2019-09-24 22:10:02,500 [IPC Server handler 0 on 36847] INFO  node.SCMNodeManager (SCMNodeManager.java:register(266)) - Registered Data node : a975b012-7e14-4989-9e13-cc869fccbfcb{ip: 192.168.151.66, host: pr-hdds-2162-v2v4x-1150571016, networkLocation: /default-rack, certSerialId: null}
2019-09-24 22:10:02,644 [grpc-default-executor-0] INFO  impl.RaftServerProxy (RaftServerProxy.java:addNew(89)) - b4b9e96e-7bb7-46f7-837e-d6d8a00df559: addNew group-D6463F33EDCF:[b4b9e96e-7bb7-46f7-837e-d6d8a00df559:192.168.151.66:38593] returns group-D6463F33EDCF:java.util.concurrent.CompletableFuture@3b9e7b59[Not completed]
2019-09-24 22:10:02,666 [pool-27-thread-1] INFO  impl.RaftServerImpl (RaftServerImpl.java:<init>(95)) - b4b9e96e-7bb7-46f7-837e-d6d8a00df559: new RaftServerImpl for group-D6463F33EDCF:[b4b9e96e-7bb7-46f7-837e-d6d8a00df559:192.168.151.66:38593] with ContainerStateMachine:uninitialized
2019-09-24 22:10:02,668 [pool-27-thread-1] INFO  server.RaftServerConfigKeys (ConfUtils.java:logGet(43)) - raft.server.rpc.timeout.min = 5s (custom)
2019-09-24 22:10:02,670 [pool-27-thread-1] INFO  server.RaftServerConfigKeys (ConfUtils.java:logGet(43)) - raft.server.rpc.timeout.max = 5200ms (custom)
2019-09-24 22:10:02,670 [pool-27-thread-1] INFO  server.RaftServerConfigKeys (ConfUtils.java:logGet(43)) - raft.server.rpcslowness.timeout = 120s (custom)
2019-09-24 22:10:02,671 [pool-27-thread-1] INFO  server.RaftServerConfigKeys (ConfUtils.java:logGet(43)) - raft.server.sleep.deviation.threshold = 300 (default)
2019-09-24 22:10:02,672 [pool-27-thread-1] INFO  server.RaftServerConfigKeys (ConfUtils.java:logGet(43)) - raft.server.log.appender.install.snapshot.enabled = false (custom)
2019-09-24 22:10:02,681 [pool-27-thread-1] INFO  impl.RaftServerImpl (ServerState.java:<init>(103)) - b4b9e96e-7bb7-46f7-837e-d6d8a00df559@group-D6463F33EDCF: ConfigurationManager, init=-1: [b4b9e96e-7bb7-46f7-837e-d6d8a00df559:192.168.151.66:38593], old=null, confs=<EMPTY_MAP>
2019-09-24 22:10:02,682 [pool-27-thread-1] INFO  server.RaftServerConfigKeys (ConfUtils.java:logGet(43)) - raft.server.storage.dir = [/workdir/hadoop-ozone/integration-test/target/test-dir/MiniOzoneClusterImpl-625ae465-5e4c-4ec2-831f-6349f2abf3b1/datanode-0/data/ratis] (custom)
2019-09-24 22:10:02,691 [pool-27-thread-1] INFO  storage.RaftStorageDirectory (RaftStorageDirectory.java:analyzeStorage(246)) - The storage directory /workdir/hadoop-ozone/integration-test/target/test-dir/MiniOzoneClusterImpl-625ae465-5e4c-4ec2-831f-6349f2abf3b1/datanode-0/data/ratis/d581b082-2f67-4087-906e-d6463f33edcf does not exist. Creating ...
2019-09-24 22:10:02,711 [pool-27-thread-1] INFO  storage.RaftStorageDirectory (RaftStorageDirectory.java:tryLock(328)) - Lock on /workdir/hadoop-ozone/integration-test/target/test-dir/MiniOzoneClusterImpl-625ae465-5e4c-4ec2-831f-6349f2abf3b1/datanode-0/data/ratis/d581b082-2f67-4087-906e-d6463f33edcf/in_use.lock acquired by nodename 13453@pr-hdds-2162-v2v4x-1150571016
2019-09-24 22:10:02,726 [pool-27-thread-1] INFO  storage.RaftStorage (RaftStorage.java:format(72)) - Storage directory /workdir/hadoop-ozone/integration-test/target/test-dir/MiniOzoneClusterImpl-625ae465-5e4c-4ec2-831f-6349f2abf3b1/datanode-0/data/ratis/d581b082-2f67-4087-906e-d6463f33edcf has been successfully formatted.
2019-09-24 22:10:02,729 [pool-27-thread-1] INFO  ratis.ContainerStateMachine (ContainerStateMachine.java:loadSnapshot(230)) - group-D6463F33EDCF: The snapshot info is null. Setting the last applied indexto:(t:0, i:~)
2019-09-24 22:10:02,729 [pool-27-thread-1] INFO  server.RaftServerConfigKeys (ConfUtils.java:logGet(43)) - raft.server.notification.no-leader.timeout = 120s (custom)
2019-09-24 22:10:02,731 [pool-27-thread-1] INFO  server.RaftServerConfigKeys (ConfUtils.java:logGet(43)) - raft.server.log.use.memory = false (default)
2019-09-24 22:10:02,737 [pool-27-thread-1] INFO  server.RaftServerConfigKeys (ConfUtils.java:logGet(43)) - raft.server.log.purge.gap = 1000000 (custom)
2019-09-24 22:10:02,737 [pool-27-thread-1] INFO  server.RaftServerConfigKeys (ConfUtils.java:logGet(43)) - raft.server.log.appender.buffer.byte-limit = 33554432 (custom)
2019-09-24 22:10:02,739 [pool-27-thread-1] INFO  server.RaftServerConfigKeys (ConfUtils.java:logGet(43)) - raft.server.log.segment.size.max = 1048576 (custom)
2019-09-24 22:10:02,743 [pool-27-thread-1] INFO  server.RaftServerConfigKeys (ConfUtils.java:logGet(43)) - raft.server.log.segment.cache.num.max = 2 (custom)
2019-09-24 22:10:02,748 [pool-27-thread-1] INFO  segmented.SegmentedRaftLogWorker (SegmentedRaftLogWorker.java:<init>(172)) - new b4b9e96e-7bb7-46f7-837e-d6d8a00df559@group-D6463F33EDCF-SegmentedRaftLogWorker for RaftStorage:Storage Directory /workdir/hadoop-ozone/integration-test/target/test-dir/MiniOzoneClusterImpl-625ae465-5e4c-4ec2-831f-6349f2abf3b1/datanode-0/data/ratis/d581b082-2f67-4087-906e-d6463f33edcf
2019-09-24 22:10:02,750 [pool-27-thread-1] INFO  impl.MetricsSystemImpl (MetricsSystemImpl.java:init(158)) - ratis metrics system started (again)
2019-09-24 22:10:02,755 [pool-27-thread-1] INFO  metrics.MetricRegistries (MetricRegistriesLoader.java:load(64)) - Loaded MetricRegistries class org.apache.ratis.metrics.impl.MetricRegistriesImpl
2019-09-24 22:10:02,780 [pool-27-thread-1] INFO  server.RaftServerConfigKeys (ConfUtils.java:logGet(43)) - raft.server.log.queue.byte-limit = 2147483647 (custom)
2019-09-24 22:10:02,780 [pool-27-thread-1] INFO  server.RaftServerConfigKeys (ConfUtils.java:logGet(43)) - raft.server.log.queue.element-limit = 1024 (custom)
2019-09-24 22:10:02,783 [pool-27-thread-1] INFO  server.RaftServerConfigKeys (ConfUtils.java:logGet(43)) - raft.server.log.segment.size.max = 1048576 (custom)
2019-09-24 22:10:02,784 [pool-27-thread-1] INFO  server.RaftServerConfigKeys (ConfUtils.java:logGet(43)) - raft.server.log.preallocated.size = 16384 (custom)
2019-09-24 22:10:02,784 [pool-27-thread-1] INFO  server.RaftServerConfigKeys (ConfUtils.java:logGet(43)) - raft.server.log.write.buffer.size = 33554432 (custom)
2019-09-24 22:10:02,785 [pool-27-thread-1] INFO  server.RaftServerConfigKeys (ConfUtils.java:logGet(43)) - raft.server.log.force.sync.num = 128 (default)
2019-09-24 22:10:02,785 [pool-27-thread-1] INFO  server.RaftServerConfigKeys (ConfUtils.java:logGet(43)) - raft.server.log.statemachine.data.sync = true (default)
2019-09-24 22:10:02,785 [pool-27-thread-1] INFO  server.RaftServerConfigKeys (ConfUtils.java:logGet(43)) - raft.server.log.statemachine.data.sync.timeout = 10s (default)
2019-09-24 22:10:02,786 [pool-27-thread-1] INFO  server.RaftServerConfigKeys (ConfUtils.java:logGet(43)) - raft.server.log.statemachine.data.sync.timeout.retry = -1 (default)
2019-09-24 22:10:02,794 [pool-27-thread-1] INFO  server.RaftServerConfigKeys (ConfUtils.java:logGet(43)) - raft.server.log.statemachine.data.caching.enabled = true (custom)
2019-09-24 22:10:02,797 [pool-27-thread-1] INFO  segmented.SegmentedRaftLogWorker (SegmentedRaftLogWorker.java:lambda$new$0(132)) - b4b9e96e-7bb7-46f7-837e-d6d8a00df559@group-D6463F33EDCF-SegmentedRaftLogWorker: flushIndex: setUnconditionally 0 -> -1
2019-09-24 22:10:02,801 [pool-27-thread-1] INFO  server.RaftServerConfigKeys (ConfUtils.java:logGet(43)) - raft.server.snapshot.auto.trigger.enabled = true (custom)
2019-09-24 22:10:02,802 [pool-27-thread-1] INFO  server.RaftServerConfigKeys (ConfUtils.java:logGet(43)) - raft.server.snapshot.auto.trigger.threshold = 10000 (custom)
2019-09-24 22:10:02,802 [pool-27-thread-1] INFO  server.RaftServerConfigKeys (ConfUtils.java:logGet(43)) - raft.server.snapshot.retention.num.files = 5 (custom)
2019-09-24 22:10:02,803 [pool-27-thread-1] INFO  server.RaftServerConfigKeys (ConfUtils.java:logGet(43)) - raft.server.retrycache.expirytime = 600000ms (custom)
2019-09-24 22:10:02,827 [pool-27-thread-1] INFO  impl.RaftServerImpl (RaftServerImpl.java:start(185)) - b4b9e96e-7bb7-46f7-837e-d6d8a00df559@group-D6463F33EDCF: start as a follower, conf=-1: [b4b9e96e-7bb7-46f7-837e-d6d8a00df559:192.168.151.66:38593], old=null
2019-09-24 22:10:02,828 [pool-27-thread-1] INFO  impl.RaftServerImpl (RaftServerImpl.java:setRole(174)) - b4b9e96e-7bb7-46f7-837e-d6d8a00df559@group-D6463F33EDCF: changes role from      null to FOLLOWER at term 0 for startAsFollower
2019-09-24 22:10:02,829 [pool-27-thread-1] INFO  impl.RoleInfo (RoleInfo.java:updateAndGet(143)) - b4b9e96e-7bb7-46f7-837e-d6d8a00df559: start FollowerState
2019-09-24 22:10:02,831 [pool-27-thread-1] INFO  util.JmxRegister (JmxRegister.java:tryRegister(44)) - Successfully registered JMX Bean with object name Ratis:service=RaftServer,group=group-D6463F33EDCF,id=b4b9e96e-7bb7-46f7-837e-d6d8a00df559
2019-09-24 22:10:02,900 [RatisPipelineUtilsThread] INFO  pipeline.PipelineStateManager (PipelineStateManager.java:addPipeline(56)) - Created pipeline Pipeline[ Id: d581b082-2f67-4087-906e-d6463f33edcf, Nodes: b4b9e96e-7bb7-46f7-837e-d6d8a00df559{ip: 192.168.151.66, host: pr-hdds-2162-v2v4x-1150571016, networkLocation: /default-rack, certSerialId: null}, Type:RATIS, Factor:ONE, State:OPEN]
2019-09-24 22:10:02,930 [grpc-default-executor-0] INFO  impl.RaftServerProxy (RaftServerProxy.java:addNew(89)) - d1c7ea34-e1d6-47f6-9bf9-085803419fb1: addNew group-DC1AF15CA726:[d1c7ea34-e1d6-47f6-9bf9-085803419fb1:192.168.151.66:40540] returns group-DC1AF15CA726:java.util.concurrent.CompletableFuture@6d40992f[Not completed]
2019-09-24 22:10:02,993 [pool-57-thread-1] INFO  impl.RaftServerImpl (RaftServerImpl.java:<init>(95)) - d1c7ea34-e1d6-47f6-9bf9-085803419fb1: new RaftServerImpl for group-DC1AF15CA726:[d1c7ea34-e1d6-47f6-9bf9-085803419fb1:192.168.151.66:40540] with ContainerStateMachine:uninitialized
2019-09-24 22:10:02,994 [pool-57-thread-1] INFO  server.RaftServerConfigKeys (ConfUtils.java:logGet(43)) - raft.server.rpc.timeout.min = 5s (custom)
2019-09-24 22:10:02,995 [pool-57-thread-1] INFO  server.RaftServerConfigKeys (ConfUtils.java:logGet(43)) - raft.server.rpc.timeout.max = 5200ms (custom)
2019-09-24 22:10:02,995 [pool-57-thread-1] INFO  server.RaftServerConfigKeys (ConfUtils.java:logGet(43)) - raft.server.rpcslowness.timeout = 120s (custom)
2019-09-24 22:10:02,995 [pool-57-thread-1] INFO  server.RaftServerConfigKeys (ConfUtils.java:logGet(43)) - raft.server.sleep.deviation.threshold = 300 (default)
2019-09-24 22:10:02,995 [pool-57-thread-1] INFO  server.RaftServerConfigKeys (ConfUtils.java:logGet(43)) - raft.server.log.appender.install.snapshot.enabled = false (custom)
2019-09-24 22:10:02,995 [pool-57-thread-1] INFO  impl.RaftServerImpl (ServerState.java:<init>(103)) - d1c7ea34-e1d6-47f6-9bf9-085803419fb1@group-DC1AF15CA726: ConfigurationManager, init=-1: [d1c7ea34-e1d6-47f6-9bf9-085803419fb1:192.168.151.66:40540], old=null, confs=<EMPTY_MAP>
2019-09-24 22:10:02,996 [pool-57-thread-1] INFO  server.RaftServerConfigKeys (ConfUtils.java:logGet(43)) - raft.server.storage.dir = [/workdir/hadoop-ozone/integration-test/target/test-dir/MiniOzoneClusterImpl-625ae465-5e4c-4ec2-831f-6349f2abf3b1/datanode-3/data/ratis] (custom)
2019-09-24 22:10:02,996 [pool-57-thread-1] INFO  storage.RaftStorageDirectory (RaftStorageDirectory.java:analyzeStorage(246)) - The storage directory /workdir/hadoop-ozone/integration-test/target/test-dir/MiniOzoneClusterImpl-625ae465-5e4c-4ec2-831f-6349f2abf3b1/datanode-3/data/ratis/e19fbd3b-c4e3-4662-ae37-dc1af15ca726 does not exist. Creating ...
2019-09-24 22:10:03,043 [pool-57-thread-1] INFO  storage.RaftStorageDirectory (RaftStorageDirectory.java:tryLock(328)) - Lock on /workdir/hadoop-ozone/integration-test/target/test-dir/MiniOzoneClusterImpl-625ae465-5e4c-4ec2-831f-6349f2abf3b1/datanode-3/data/ratis/e19fbd3b-c4e3-4662-ae37-dc1af15ca726/in_use.lock acquired by nodename 13453@pr-hdds-2162-v2v4x-1150571016
2019-09-24 22:10:03,057 [pool-57-thread-1] INFO  storage.RaftStorage (RaftStorage.java:format(72)) - Storage directory /workdir/hadoop-ozone/integration-test/target/test-dir/MiniOzoneClusterImpl-625ae465-5e4c-4ec2-831f-6349f2abf3b1/datanode-3/data/ratis/e19fbd3b-c4e3-4662-ae37-dc1af15ca726 has been successfully formatted.
2019-09-24 22:10:03,059 [pool-57-thread-1] INFO  ratis.ContainerStateMachine (ContainerStateMachine.java:loadSnapshot(230)) - group-DC1AF15CA726: The snapshot info is null. Setting the last applied indexto:(t:0, i:~)
2019-09-24 22:10:03,061 [pool-57-thread-1] INFO  server.RaftServerConfigKeys (ConfUtils.java:logGet(43)) - raft.server.notification.no-leader.timeout = 120s (custom)
2019-09-24 22:10:03,061 [pool-57-thread-1] INFO  server.RaftServerConfigKeys (ConfUtils.java:logGet(43)) - raft.server.log.use.memory = false (default)
2019-09-24 22:10:03,061 [pool-57-thread-1] INFO  server.RaftServerConfigKeys (ConfUtils.java:logGet(43)) - raft.server.log.purge.gap = 1000000 (custom)
2019-09-24 22:10:03,062 [pool-57-thread-1] INFO  server.RaftServerConfigKeys (ConfUtils.java:logGet(43)) - raft.server.log.appender.buffer.byte-limit = 33554432 (custom)
2019-09-24 22:10:03,062 [pool-57-thread-1] INFO  server.RaftServerConfigKeys (ConfUtils.java:logGet(43)) - raft.server.log.segment.size.max = 1048576 (custom)
2019-09-24 22:10:03,062 [pool-57-thread-1] INFO  server.RaftServerConfigKeys (ConfUtils.java:logGet(43)) - raft.server.log.segment.cache.num.max = 2 (custom)
2019-09-24 22:10:03,062 [pool-57-thread-1] INFO  segmented.SegmentedRaftLogWorker (SegmentedRaftLogWorker.java:<init>(172)) - new d1c7ea34-e1d6-47f6-9bf9-085803419fb1@group-DC1AF15CA726-SegmentedRaftLogWorker for RaftStorage:Storage Directory /workdir/hadoop-ozone/integration-test/target/test-dir/MiniOzoneClusterImpl-625ae465-5e4c-4ec2-831f-6349f2abf3b1/datanode-3/data/ratis/e19fbd3b-c4e3-4662-ae37-dc1af15ca726
2019-09-24 22:10:03,070 [pool-57-thread-1] INFO  server.RaftServerConfigKeys (ConfUtils.java:logGet(43)) - raft.server.log.queue.byte-limit = 2147483647 (custom)
2019-09-24 22:10:03,070 [pool-57-thread-1] INFO  server.RaftServerConfigKeys (ConfUtils.java:logGet(43)) - raft.server.log.queue.element-limit = 1024 (custom)
2019-09-24 22:10:03,071 [pool-57-thread-1] INFO  server.RaftServerConfigKeys (ConfUtils.java:logGet(43)) - raft.server.log.segment.size.max = 1048576 (custom)
2019-09-24 22:10:03,071 [pool-57-thread-1] INFO  server.RaftServerConfigKeys (ConfUtils.java:logGet(43)) - raft.server.log.preallocated.size = 16384 (custom)
2019-09-24 22:10:03,071 [pool-57-thread-1] INFO  server.RaftServerConfigKeys (ConfUtils.java:logGet(43)) - raft.server.log.write.buffer.size = 33554432 (custom)
2019-09-24 22:10:03,071 [pool-57-thread-1] INFO  server.RaftServerConfigKeys (ConfUtils.java:logGet(43)) - raft.server.log.force.sync.num = 128 (default)
2019-09-24 22:10:03,072 [pool-57-thread-1] INFO  server.RaftServerConfigKeys (ConfUtils.java:logGet(43)) - raft.server.log.statemachine.data.sync = true (default)
2019-09-24 22:10:03,072 [pool-57-thread-1] INFO  server.RaftServerConfigKeys (ConfUtils.java:logGet(43)) - raft.server.log.statemachine.data.sync.timeout = 10s (default)
2019-09-24 22:10:03,072 [pool-57-thread-1] INFO  server.RaftServerConfigKeys (ConfUtils.java:logGet(43)) - raft.server.log.statemachine.data.sync.timeout.retry = -1 (default)
2019-09-24 22:10:03,072 [pool-57-thread-1] INFO  server.RaftServerConfigKeys (ConfUtils.java:logGet(43)) - raft.server.log.statemachine.data.caching.enabled = true (custom)
2019-09-24 22:10:03,073 [pool-57-thread-1] INFO  segmented.SegmentedRaftLogWorker (SegmentedRaftLogWorker.java:lambda$new$0(132)) - d1c7ea34-e1d6-47f6-9bf9-085803419fb1@group-DC1AF15CA726-SegmentedRaftLogWorker: flushIndex: setUnconditionally 0 -> -1
2019-09-24 22:10:03,073 [pool-57-thread-1] INFO  server.RaftServerConfigKeys (ConfUtils.java:logGet(43)) - raft.server.snapshot.auto.trigger.enabled = true (custom)
2019-09-24 22:10:03,073 [pool-57-thread-1] INFO  server.RaftServerConfigKeys (ConfUtils.java:logGet(43)) - raft.server.snapshot.auto.trigger.threshold = 10000 (custom)
2019-09-24 22:10:03,074 [pool-57-thread-1] INFO  server.RaftServerConfigKeys (ConfUtils.java:logGet(43)) - raft.server.snapshot.retention.num.files = 5 (custom)
2019-09-24 22:10:03,074 [pool-57-thread-1] INFO  server.RaftServerConfigKeys (ConfUtils.java:logGet(43)) - raft.server.retrycache.expirytime = 600000ms (custom)
2019-09-24 22:10:03,080 [pool-57-thread-1] INFO  impl.RaftServerImpl (RaftServerImpl.java:start(185)) - d1c7ea34-e1d6-47f6-9bf9-085803419fb1@group-DC1AF15CA726: start as a follower, conf=-1: [d1c7ea34-e1d6-47f6-9bf9-085803419fb1:192.168.151.66:40540], old=null
2019-09-24 22:10:03,080 [pool-57-thread-1] INFO  impl.RaftServerImpl (RaftServerImpl.java:setRole(174)) - d1c7ea34-e1d6-47f6-9bf9-085803419fb1@group-DC1AF15CA726: changes role from      null to FOLLOWER at term 0 for startAsFollower
2019-09-24 22:10:03,080 [pool-57-thread-1] INFO  impl.RoleInfo (RoleInfo.java:updateAndGet(143)) - d1c7ea34-e1d6-47f6-9bf9-085803419fb1: start FollowerState
2019-09-24 22:10:03,083 [pool-57-thread-1] INFO  util.JmxRegister (JmxRegister.java:tryRegister(44)) - Successfully registered JMX Bean with object name Ratis:service=RaftServer,group=group-DC1AF15CA726,id=d1c7ea34-e1d6-47f6-9bf9-085803419fb1
2019-09-24 22:10:03,099 [RatisPipelineUtilsThread] INFO  pipeline.PipelineStateManager (PipelineStateManager.java:addPipeline(56)) - Created pipeline Pipeline[ Id: e19fbd3b-c4e3-4662-ae37-dc1af15ca726, Nodes: d1c7ea34-e1d6-47f6-9bf9-085803419fb1{ip: 192.168.151.66, host: pr-hdds-2162-v2v4x-1150571016, networkLocation: /default-rack, certSerialId: null}, Type:RATIS, Factor:ONE, State:OPEN]
2019-09-24 22:10:03,126 [grpc-default-executor-0] INFO  impl.RaftServerProxy (RaftServerProxy.java:addNew(89)) - d479fc48-3b3e-4e94-9a71-350452190094: addNew group-99BE392F4883:[d479fc48-3b3e-4e94-9a71-350452190094:192.168.151.66:41431] returns group-99BE392F4883:java.util.concurrent.CompletableFuture@3d745a97[Not completed]
2019-09-24 22:10:03,155 [pool-77-thread-1] INFO  impl.RaftServerImpl (RaftServerImpl.java:<init>(95)) - d479fc48-3b3e-4e94-9a71-350452190094: new RaftServerImpl for group-99BE392F4883:[d479fc48-3b3e-4e94-9a71-350452190094:192.168.151.66:41431] with ContainerStateMachine:uninitialized
2019-09-24 22:10:03,155 [pool-77-thread-1] INFO  server.RaftServerConfigKeys (ConfUtils.java:logGet(43)) - raft.server.rpc.timeout.min = 5s (custom)
2019-09-24 22:10:03,156 [pool-77-thread-1] INFO  server.RaftServerConfigKeys (ConfUtils.java:logGet(43)) - raft.server.rpc.timeout.max = 5200ms (custom)
2019-09-24 22:10:03,156 [pool-77-thread-1] INFO  server.RaftServerConfigKeys (ConfUtils.java:logGet(43)) - raft.server.rpcslowness.timeout = 120s (custom)
2019-09-24 22:10:03,156 [pool-77-thread-1] INFO  server.RaftServerConfigKeys (ConfUtils.java:logGet(43)) - raft.server.sleep.deviation.threshold = 300 (default)
2019-09-24 22:10:03,156 [pool-77-thread-1] INFO  server.RaftServerConfigKeys (ConfUtils.java:logGet(43)) - raft.server.log.appender.install.snapshot.enabled = false (custom)
2019-09-24 22:10:03,157 [pool-77-thread-1] INFO  impl.RaftServerImpl (ServerState.java:<init>(103)) - d479fc48-3b3e-4e94-9a71-350452190094@group-99BE392F4883: ConfigurationManager, init=-1: [d479fc48-3b3e-4e94-9a71-350452190094:192.168.151.66:41431], old=null, confs=<EMPTY_MAP>
2019-09-24 22:10:03,157 [pool-77-thread-1] INFO  server.RaftServerConfigKeys (ConfUtils.java:logGet(43)) - raft.server.storage.dir = [/workdir/hadoop-ozone/integration-test/target/test-dir/MiniOzoneClusterImpl-625ae465-5e4c-4ec2-831f-6349f2abf3b1/datanode-5/data/ratis] (custom)
2019-09-24 22:10:03,157 [pool-77-thread-1] INFO  storage.RaftStorageDirectory (RaftStorageDirectory.java:analyzeStorage(246)) - The storage directory /workdir/hadoop-ozone/integration-test/target/test-dir/MiniOzoneClusterImpl-625ae465-5e4c-4ec2-831f-6349f2abf3b1/datanode-5/data/ratis/0fdd9377-e4bc-4807-9e35-99be392f4883 does not exist. Creating ...
2019-09-24 22:10:03,170 [pool-77-thread-1] INFO  storage.RaftStorageDirectory (RaftStorageDirectory.java:tryLock(328)) - Lock on /workdir/hadoop-ozone/integration-test/target/test-dir/MiniOzoneClusterImpl-625ae465-5e4c-4ec2-831f-6349f2abf3b1/datanode-5/data/ratis/0fdd9377-e4bc-4807-9e35-99be392f4883/in_use.lock acquired by nodename 13453@pr-hdds-2162-v2v4x-1150571016
2019-09-24 22:10:03,183 [pool-77-thread-1] INFO  storage.RaftStorage (RaftStorage.java:format(72)) - Storage directory /workdir/hadoop-ozone/integration-test/target/test-dir/MiniOzoneClusterImpl-625ae465-5e4c-4ec2-831f-6349f2abf3b1/datanode-5/data/ratis/0fdd9377-e4bc-4807-9e35-99be392f4883 has been successfully formatted.
2019-09-24 22:10:03,184 [pool-77-thread-1] INFO  ratis.ContainerStateMachine (ContainerStateMachine.java:loadSnapshot(230)) - group-99BE392F4883: The snapshot info is null. Setting the last applied indexto:(t:0, i:~)
2019-09-24 22:10:03,184 [pool-77-thread-1] INFO  server.RaftServerConfigKeys (ConfUtils.java:logGet(43)) - raft.server.notification.no-leader.timeout = 120s (custom)
2019-09-24 22:10:03,184 [pool-77-thread-1] INFO  server.RaftServerConfigKeys (ConfUtils.java:logGet(43)) - raft.server.log.use.memory = false (default)
2019-09-24 22:10:03,184 [pool-77-thread-1] INFO  server.RaftServerConfigKeys (ConfUtils.java:logGet(43)) - raft.server.log.purge.gap = 1000000 (custom)
2019-09-24 22:10:03,185 [pool-77-thread-1] INFO  server.RaftServerConfigKeys (ConfUtils.java:logGet(43)) - raft.server.log.appender.buffer.byte-limit = 33554432 (custom)
2019-09-24 22:10:03,185 [pool-77-thread-1] INFO  server.RaftServerConfigKeys (ConfUtils.java:logGet(43)) - raft.server.log.segment.size.max = 1048576 (custom)
2019-09-24 22:10:03,185 [pool-77-thread-1] INFO  server.RaftServerConfigKeys (ConfUtils.java:logGet(43)) - raft.server.log.segment.cache.num.max = 2 (custom)
2019-09-24 22:10:03,185 [pool-77-thread-1] INFO  segmented.SegmentedRaftLogWorker (SegmentedRaftLogWorker.java:<init>(172)) - new d479fc48-3b3e-4e94-9a71-350452190094@group-99BE392F4883-SegmentedRaftLogWorker for RaftStorage:Storage Directory /workdir/hadoop-ozone/integration-test/target/test-dir/MiniOzoneClusterImpl-625ae465-5e4c-4ec2-831f-6349f2abf3b1/datanode-5/data/ratis/0fdd9377-e4bc-4807-9e35-99be392f4883
2019-09-24 22:10:03,216 [pool-77-thread-1] INFO  server.RaftServerConfigKeys (ConfUtils.java:logGet(43)) - raft.server.log.queue.byte-limit = 2147483647 (custom)
2019-09-24 22:10:03,216 [pool-77-thread-1] INFO  server.RaftServerConfigKeys (ConfUtils.java:logGet(43)) - raft.server.log.queue.element-limit = 1024 (custom)
2019-09-24 22:10:03,217 [pool-77-thread-1] INFO  server.RaftServerConfigKeys (ConfUtils.java:logGet(43)) - raft.server.log.segment.size.max = 1048576 (custom)
2019-09-24 22:10:03,217 [pool-77-thread-1] INFO  server.RaftServerConfigKeys (ConfUtils.java:logGet(43)) - raft.server.log.preallocated.size = 16384 (custom)
2019-09-24 22:10:03,217 [pool-77-thread-1] INFO  server.RaftServerConfigKeys (ConfUtils.java:logGet(43)) - raft.server.log.write.buffer.size = 33554432 (custom)
2019-09-24 22:10:03,217 [pool-77-thread-1] INFO  server.RaftServerConfigKeys (ConfUtils.java:logGet(43)) - raft.server.log.force.sync.num = 128 (default)
2019-09-24 22:10:03,217 [pool-77-thread-1] INFO  server.RaftServerConfigKeys (ConfUtils.java:logGet(43)) - raft.server.log.statemachine.data.sync = true (default)
2019-09-24 22:10:03,218 [pool-77-thread-1] INFO  server.RaftServerConfigKeys (ConfUtils.java:logGet(43)) - raft.server.log.statemachine.data.sync.timeout = 10s (default)
2019-09-24 22:10:03,218 [pool-77-thread-1] INFO  server.RaftServerConfigKeys (ConfUtils.java:logGet(43)) - raft.server.log.statemachine.data.sync.timeout.retry = -1 (default)
2019-09-24 22:10:03,218 [pool-77-thread-1] INFO  server.RaftServerConfigKeys (ConfUtils.java:logGet(43)) - raft.server.log.statemachine.data.caching.enabled = true (custom)
2019-09-24 22:10:03,218 [pool-77-thread-1] INFO  segmented.SegmentedRaftLogWorker (SegmentedRaftLogWorker.java:lambda$new$0(132)) - d479fc48-3b3e-4e94-9a71-350452190094@group-99BE392F4883-SegmentedRaftLogWorker: flushIndex: setUnconditionally 0 -> -1
2019-09-24 22:10:03,219 [pool-77-thread-1] INFO  server.RaftServerConfigKeys (ConfUtils.java:logGet(43)) - raft.server.snapshot.auto.trigger.enabled = true (custom)
2019-09-24 22:10:03,219 [pool-77-thread-1] INFO  server.RaftServerConfigKeys (ConfUtils.java:logGet(43)) - raft.server.snapshot.auto.trigger.threshold = 10000 (custom)
2019-09-24 22:10:03,219 [pool-77-thread-1] INFO  server.RaftServerConfigKeys (ConfUtils.java:logGet(43)) - raft.server.snapshot.retention.num.files = 5 (custom)
2019-09-24 22:10:03,219 [pool-77-thread-1] INFO  server.RaftServerConfigKeys (ConfUtils.java:logGet(43)) - raft.server.retrycache.expirytime = 600000ms (custom)
2019-09-24 22:10:03,224 [pool-77-thread-1] INFO  impl.RaftServerImpl (RaftServerImpl.java:start(185)) - d479fc48-3b3e-4e94-9a71-350452190094@group-99BE392F4883: start as a follower, conf=-1: [d479fc48-3b3e-4e94-9a71-350452190094:192.168.151.66:41431], old=null
2019-09-24 22:10:03,224 [pool-77-thread-1] INFO  impl.RaftServerImpl (RaftServerImpl.java:setRole(174)) - d479fc48-3b3e-4e94-9a71-350452190094@group-99BE392F4883: changes role from      null to FOLLOWER at term 0 for startAsFollower
2019-09-24 22:10:03,224 [pool-77-thread-1] INFO  impl.RoleInfo (RoleInfo.java:updateAndGet(143)) - d479fc48-3b3e-4e94-9a71-350452190094: start FollowerState
2019-09-24 22:10:03,224 [pool-77-thread-1] INFO  util.JmxRegister (JmxRegister.java:tryRegister(44)) - Successfully registered JMX Bean with object name Ratis:service=RaftServer,group=group-99BE392F4883,id=d479fc48-3b3e-4e94-9a71-350452190094
2019-09-24 22:10:03,235 [RatisPipelineUtilsThread] INFO  pipeline.PipelineStateManager (PipelineStateManager.java:addPipeline(56)) - Created pipeline Pipeline[ Id: 0fdd9377-e4bc-4807-9e35-99be392f4883, Nodes: d479fc48-3b3e-4e94-9a71-350452190094{ip: 192.168.151.66, host: pr-hdds-2162-v2v4x-1150571016, networkLocation: /default-rack, certSerialId: null}, Type:RATIS, Factor:ONE, State:OPEN]
2019-09-24 22:10:03,256 [grpc-default-executor-0] INFO  impl.RaftServerProxy (RaftServerProxy.java:addNew(89)) - 359d4a8a-7123-4aa7-8691-eb230ca57380: addNew group-1345F7D857D8:[359d4a8a-7123-4aa7-8691-eb230ca57380:192.168.151.66:32879] returns group-1345F7D857D8:java.util.concurrent.CompletableFuture@1f259402[Not completed]
2019-09-24 22:10:03,260 [pool-47-thread-1] INFO  impl.RaftServerImpl (RaftServerImpl.java:<init>(95)) - 359d4a8a-7123-4aa7-8691-eb230ca57380: new RaftServerImpl for group-1345F7D857D8:[359d4a8a-7123-4aa7-8691-eb230ca57380:192.168.151.66:32879] with ContainerStateMachine:uninitialized
2019-09-24 22:10:03,260 [pool-47-thread-1] INFO  server.RaftServerConfigKeys (ConfUtils.java:logGet(43)) - raft.server.rpc.timeout.min = 5s (custom)
2019-09-24 22:10:03,260 [pool-47-thread-1] INFO  server.RaftServerConfigKeys (ConfUtils.java:logGet(43)) - raft.server.rpc.timeout.max = 5200ms (custom)
2019-09-24 22:10:03,260 [pool-47-thread-1] INFO  server.RaftServerConfigKeys (ConfUtils.java:logGet(43)) - raft.server.rpcslowness.timeout = 120s (custom)
2019-09-24 22:10:03,261 [pool-47-thread-1] INFO  server.RaftServerConfigKeys (ConfUtils.java:logGet(43)) - raft.server.sleep.deviation.threshold = 300 (default)
2019-09-24 22:10:03,261 [pool-47-thread-1] INFO  server.RaftServerConfigKeys (ConfUtils.java:logGet(43)) - raft.server.log.appender.install.snapshot.enabled = false (custom)
2019-09-24 22:10:03,261 [pool-47-thread-1] INFO  impl.RaftServerImpl (ServerState.java:<init>(103)) - 359d4a8a-7123-4aa7-8691-eb230ca57380@group-1345F7D857D8: ConfigurationManager, init=-1: [359d4a8a-7123-4aa7-8691-eb230ca57380:192.168.151.66:32879], old=null, confs=<EMPTY_MAP>
2019-09-24 22:10:03,261 [pool-47-thread-1] INFO  server.RaftServerConfigKeys (ConfUtils.java:logGet(43)) - raft.server.storage.dir = [/workdir/hadoop-ozone/integration-test/target/test-dir/MiniOzoneClusterImpl-625ae465-5e4c-4ec2-831f-6349f2abf3b1/datanode-2/data/ratis] (custom)
2019-09-24 22:10:03,262 [pool-47-thread-1] INFO  storage.RaftStorageDirectory (RaftStorageDirectory.java:analyzeStorage(246)) - The storage directory /workdir/hadoop-ozone/integration-test/target/test-dir/MiniOzoneClusterImpl-625ae465-5e4c-4ec2-831f-6349f2abf3b1/datanode-2/data/ratis/4d5f1bd9-132d-40ec-b71c-1345f7d857d8 does not exist. Creating ...
2019-09-24 22:10:03,274 [pool-47-thread-1] INFO  storage.RaftStorageDirectory (RaftStorageDirectory.java:tryLock(328)) - Lock on /workdir/hadoop-ozone/integration-test/target/test-dir/MiniOzoneClusterImpl-625ae465-5e4c-4ec2-831f-6349f2abf3b1/datanode-2/data/ratis/4d5f1bd9-132d-40ec-b71c-1345f7d857d8/in_use.lock acquired by nodename 13453@pr-hdds-2162-v2v4x-1150571016
2019-09-24 22:10:03,290 [pool-47-thread-1] INFO  storage.RaftStorage (RaftStorage.java:format(72)) - Storage directory /workdir/hadoop-ozone/integration-test/target/test-dir/MiniOzoneClusterImpl-625ae465-5e4c-4ec2-831f-6349f2abf3b1/datanode-2/data/ratis/4d5f1bd9-132d-40ec-b71c-1345f7d857d8 has been successfully formatted.
2019-09-24 22:10:03,290 [pool-47-thread-1] INFO  ratis.ContainerStateMachine (ContainerStateMachine.java:loadSnapshot(230)) - group-1345F7D857D8: The snapshot info is null. Setting the last applied indexto:(t:0, i:~)
2019-09-24 22:10:03,290 [pool-47-thread-1] INFO  server.RaftServerConfigKeys (ConfUtils.java:logGet(43)) - raft.server.notification.no-leader.timeout = 120s (custom)
2019-09-24 22:10:03,290 [pool-47-thread-1] INFO  server.RaftServerConfigKeys (ConfUtils.java:logGet(43)) - raft.server.log.use.memory = false (default)
2019-09-24 22:10:03,291 [pool-47-thread-1] INFO  server.RaftServerConfigKeys (ConfUtils.java:logGet(43)) - raft.server.log.purge.gap = 1000000 (custom)
2019-09-24 22:10:03,291 [pool-47-thread-1] INFO  server.RaftServerConfigKeys (ConfUtils.java:logGet(43)) - raft.server.log.appender.buffer.byte-limit = 33554432 (custom)
2019-09-24 22:10:03,291 [pool-47-thread-1] INFO  server.RaftServerConfigKeys (ConfUtils.java:logGet(43)) - raft.server.log.segment.size.max = 1048576 (custom)
2019-09-24 22:10:03,291 [pool-47-thread-1] INFO  server.RaftServerConfigKeys (ConfUtils.java:logGet(43)) - raft.server.log.segment.cache.num.max = 2 (custom)
2019-09-24 22:10:03,291 [pool-47-thread-1] INFO  segmented.SegmentedRaftLogWorker (SegmentedRaftLogWorker.java:<init>(172)) - new 359d4a8a-7123-4aa7-8691-eb230ca57380@group-1345F7D857D8-SegmentedRaftLogWorker for RaftStorage:Storage Directory /workdir/hadoop-ozone/integration-test/target/test-dir/MiniOzoneClusterImpl-625ae465-5e4c-4ec2-831f-6349f2abf3b1/datanode-2/data/ratis/4d5f1bd9-132d-40ec-b71c-1345f7d857d8
2019-09-24 22:10:03,297 [pool-47-thread-1] INFO  server.RaftServerConfigKeys (ConfUtils.java:logGet(43)) - raft.server.log.queue.byte-limit = 2147483647 (custom)
2019-09-24 22:10:03,297 [pool-47-thread-1] INFO  server.RaftServerConfigKeys (ConfUtils.java:logGet(43)) - raft.server.log.queue.element-limit = 1024 (custom)
2019-09-24 22:10:03,297 [pool-47-thread-1] INFO  server.RaftServerConfigKeys (ConfUtils.java:logGet(43)) - raft.server.log.segment.size.max = 1048576 (custom)
2019-09-24 22:10:03,298 [pool-47-thread-1] INFO  server.RaftServerConfigKeys (ConfUtils.java:logGet(43)) - raft.server.log.preallocated.size = 16384 (custom)
2019-09-24 22:10:03,298 [pool-47-thread-1] INFO  server.RaftServerConfigKeys (ConfUtils.java:logGet(43)) - raft.server.log.write.buffer.size = 33554432 (custom)
2019-09-24 22:10:03,298 [pool-47-thread-1] INFO  server.RaftServerConfigKeys (ConfUtils.java:logGet(43)) - raft.server.log.force.sync.num = 128 (default)
2019-09-24 22:10:03,298 [pool-47-thread-1] INFO  server.RaftServerConfigKeys (ConfUtils.java:logGet(43)) - raft.server.log.statemachine.data.sync = true (default)
2019-09-24 22:10:03,298 [pool-47-thread-1] INFO  server.RaftServerConfigKeys (ConfUtils.java:logGet(43)) - raft.server.log.statemachine.data.sync.timeout = 10s (default)
2019-09-24 22:10:03,298 [pool-47-thread-1] INFO  server.RaftServerConfigKeys (ConfUtils.java:logGet(43)) - raft.server.log.statemachine.data.sync.timeout.retry = -1 (default)
2019-09-24 22:10:03,299 [pool-47-thread-1] INFO  server.RaftServerConfigKeys (ConfUtils.java:logGet(43)) - raft.server.log.statemachine.data.caching.enabled = true (custom)
2019-09-24 22:10:03,299 [pool-47-thread-1] INFO  segmented.SegmentedRaftLogWorker (SegmentedRaftLogWorker.java:lambda$new$0(132)) - 359d4a8a-7123-4aa7-8691-eb230ca57380@group-1345F7D857D8-SegmentedRaftLogWorker: flushIndex: setUnconditionally 0 -> -1
2019-09-24 22:10:03,299 [pool-47-thread-1] INFO  server.RaftServerConfigKeys (ConfUtils.java:logGet(43)) - raft.server.snapshot.auto.trigger.enabled = true (custom)
2019-09-24 22:10:03,299 [pool-47-thread-1] INFO  server.RaftServerConfigKeys (ConfUtils.java:logGet(43)) - raft.server.snapshot.auto.trigger.threshold = 10000 (custom)
2019-09-24 22:10:03,300 [pool-47-thread-1] INFO  server.RaftServerConfigKeys (ConfUtils.java:logGet(43)) - raft.server.snapshot.retention.num.files = 5 (custom)
2019-09-24 22:10:03,300 [pool-47-thread-1] INFO  server.RaftServerConfigKeys (ConfUtils.java:logGet(43)) - raft.server.retrycache.expirytime = 600000ms (custom)
2019-09-24 22:10:03,305 [pool-47-thread-1] INFO  impl.RaftServerImpl (RaftServerImpl.java:start(185)) - 359d4a8a-7123-4aa7-8691-eb230ca57380@group-1345F7D857D8: start as a follower, conf=-1: [359d4a8a-7123-4aa7-8691-eb230ca57380:192.168.151.66:32879], old=null
2019-09-24 22:10:03,305 [pool-47-thread-1] INFO  impl.RaftServerImpl (RaftServerImpl.java:setRole(174)) - 359d4a8a-7123-4aa7-8691-eb230ca57380@group-1345F7D857D8: changes role from      null to FOLLOWER at term 0 for startAsFollower
2019-09-24 22:10:03,305 [pool-47-thread-1] INFO  impl.RoleInfo (RoleInfo.java:updateAndGet(143)) - 359d4a8a-7123-4aa7-8691-eb230ca57380: start FollowerState
2019-09-24 22:10:03,305 [pool-47-thread-1] INFO  util.JmxRegister (JmxRegister.java:tryRegister(44)) - Successfully registered JMX Bean with object name Ratis:service=RaftServer,group=group-1345F7D857D8,id=359d4a8a-7123-4aa7-8691-eb230ca57380
2019-09-24 22:10:03,319 [RatisPipelineUtilsThread] INFO  pipeline.PipelineStateManager (PipelineStateManager.java:addPipeline(56)) - Created pipeline Pipeline[ Id: 4d5f1bd9-132d-40ec-b71c-1345f7d857d8, Nodes: 359d4a8a-7123-4aa7-8691-eb230ca57380{ip: 192.168.151.66, host: pr-hdds-2162-v2v4x-1150571016, networkLocation: /default-rack, certSerialId: null}, Type:RATIS, Factor:ONE, State:OPEN]
2019-09-24 22:10:03,343 [grpc-default-executor-0] INFO  impl.RaftServerProxy (RaftServerProxy.java:addNew(89)) - a975b012-7e14-4989-9e13-cc869fccbfcb: addNew group-0A9FB70D4C1C:[a975b012-7e14-4989-9e13-cc869fccbfcb:192.168.151.66:43445] returns group-0A9FB70D4C1C:java.util.concurrent.CompletableFuture@4e1f3e89[Not completed]
2019-09-24 22:10:03,348 [pool-87-thread-1] INFO  impl.RaftServerImpl (RaftServerImpl.java:<init>(95)) - a975b012-7e14-4989-9e13-cc869fccbfcb: new RaftServerImpl for group-0A9FB70D4C1C:[a975b012-7e14-4989-9e13-cc869fccbfcb:192.168.151.66:43445] with ContainerStateMachine:uninitialized
2019-09-24 22:10:03,348 [pool-87-thread-1] INFO  server.RaftServerConfigKeys (ConfUtils.java:logGet(43)) - raft.server.rpc.timeout.min = 5s (custom)
2019-09-24 22:10:03,348 [pool-87-thread-1] INFO  server.RaftServerConfigKeys (ConfUtils.java:logGet(43)) - raft.server.rpc.timeout.max = 5200ms (custom)
2019-09-24 22:10:03,349 [pool-87-thread-1] INFO  server.RaftServerConfigKeys (ConfUtils.java:logGet(43)) - raft.server.rpcslowness.timeout = 120s (custom)
2019-09-24 22:10:03,349 [pool-87-thread-1] INFO  server.RaftServerConfigKeys (ConfUtils.java:logGet(43)) - raft.server.sleep.deviation.threshold = 300 (default)
2019-09-24 22:10:03,349 [pool-87-thread-1] INFO  server.RaftServerConfigKeys (ConfUtils.java:logGet(43)) - raft.server.log.appender.install.snapshot.enabled = false (custom)
2019-09-24 22:10:03,349 [pool-87-thread-1] INFO  impl.RaftServerImpl (ServerState.java:<init>(103)) - a975b012-7e14-4989-9e13-cc869fccbfcb@group-0A9FB70D4C1C: ConfigurationManager, init=-1: [a975b012-7e14-4989-9e13-cc869fccbfcb:192.168.151.66:43445], old=null, confs=<EMPTY_MAP>
2019-09-24 22:10:03,349 [pool-87-thread-1] INFO  server.RaftServerConfigKeys (ConfUtils.java:logGet(43)) - raft.server.storage.dir = [/workdir/hadoop-ozone/integration-test/target/test-dir/MiniOzoneClusterImpl-625ae465-5e4c-4ec2-831f-6349f2abf3b1/datanode-6/data/ratis] (custom)
2019-09-24 22:10:03,350 [pool-87-thread-1] INFO  storage.RaftStorageDirectory (RaftStorageDirectory.java:analyzeStorage(246)) - The storage directory /workdir/hadoop-ozone/integration-test/target/test-dir/MiniOzoneClusterImpl-625ae465-5e4c-4ec2-831f-6349f2abf3b1/datanode-6/data/ratis/1c5587c0-4d0f-4da7-b4e5-0a9fb70d4c1c does not exist. Creating ...
2019-09-24 22:10:03,364 [pool-87-thread-1] INFO  storage.RaftStorageDirectory (RaftStorageDirectory.java:tryLock(328)) - Lock on /workdir/hadoop-ozone/integration-test/target/test-dir/MiniOzoneClusterImpl-625ae465-5e4c-4ec2-831f-6349f2abf3b1/datanode-6/data/ratis/1c5587c0-4d0f-4da7-b4e5-0a9fb70d4c1c/in_use.lock acquired by nodename 13453@pr-hdds-2162-v2v4x-1150571016
2019-09-24 22:10:03,383 [pool-87-thread-1] INFO  storage.RaftStorage (RaftStorage.java:format(72)) - Storage directory /workdir/hadoop-ozone/integration-test/target/test-dir/MiniOzoneClusterImpl-625ae465-5e4c-4ec2-831f-6349f2abf3b1/datanode-6/data/ratis/1c5587c0-4d0f-4da7-b4e5-0a9fb70d4c1c has been successfully formatted.
2019-09-24 22:10:03,384 [pool-87-thread-1] INFO  ratis.ContainerStateMachine (ContainerStateMachine.java:loadSnapshot(230)) - group-0A9FB70D4C1C: The snapshot info is null. Setting the last applied indexto:(t:0, i:~)
2019-09-24 22:10:03,384 [pool-87-thread-1] INFO  server.RaftServerConfigKeys (ConfUtils.java:logGet(43)) - raft.server.notification.no-leader.timeout = 120s (custom)
2019-09-24 22:10:03,384 [pool-87-thread-1] INFO  server.RaftServerConfigKeys (ConfUtils.java:logGet(43)) - raft.server.log.use.memory = false (default)
2019-09-24 22:10:03,384 [pool-87-thread-1] INFO  server.RaftServerConfigKeys (ConfUtils.java:logGet(43)) - raft.server.log.purge.gap = 1000000 (custom)
2019-09-24 22:10:03,385 [pool-87-thread-1] INFO  server.RaftServerConfigKeys (ConfUtils.java:logGet(43)) - raft.server.log.appender.buffer.byte-limit = 33554432 (custom)
2019-09-24 22:10:03,385 [pool-87-thread-1] INFO  server.RaftServerConfigKeys (ConfUtils.java:logGet(43)) - raft.server.log.segment.size.max = 1048576 (custom)
2019-09-24 22:10:03,385 [pool-87-thread-1] INFO  server.RaftServerConfigKeys (ConfUtils.java:logGet(43)) - raft.server.log.segment.cache.num.max = 2 (custom)
2019-09-24 22:10:03,385 [pool-87-thread-1] INFO  segmented.SegmentedRaftLogWorker (SegmentedRaftLogWorker.java:<init>(172)) - new a975b012-7e14-4989-9e13-cc869fccbfcb@group-0A9FB70D4C1C-SegmentedRaftLogWorker for RaftStorage:Storage Directory /workdir/hadoop-ozone/integration-test/target/test-dir/MiniOzoneClusterImpl-625ae465-5e4c-4ec2-831f-6349f2abf3b1/datanode-6/data/ratis/1c5587c0-4d0f-4da7-b4e5-0a9fb70d4c1c
2019-09-24 22:10:03,389 [pool-87-thread-1] INFO  server.RaftServerConfigKeys (ConfUtils.java:logGet(43)) - raft.server.log.queue.byte-limit = 2147483647 (custom)
2019-09-24 22:10:03,390 [pool-87-thread-1] INFO  server.RaftServerConfigKeys (ConfUtils.java:logGet(43)) - raft.server.log.queue.element-limit = 1024 (custom)
2019-09-24 22:10:03,390 [pool-87-thread-1] INFO  server.RaftServerConfigKeys (ConfUtils.java:logGet(43)) - raft.server.log.segment.size.max = 1048576 (custom)
2019-09-24 22:10:03,390 [pool-87-thread-1] INFO  server.RaftServerConfigKeys (ConfUtils.java:logGet(43)) - raft.server.log.preallocated.size = 16384 (custom)
2019-09-24 22:10:03,390 [pool-87-thread-1] INFO  server.RaftServerConfigKeys (ConfUtils.java:logGet(43)) - raft.server.log.write.buffer.size = 33554432 (custom)
2019-09-24 22:10:03,390 [pool-87-thread-1] INFO  server.RaftServerConfigKeys (ConfUtils.java:logGet(43)) - raft.server.log.force.sync.num = 128 (default)
2019-09-24 22:10:03,390 [pool-87-thread-1] INFO  server.RaftServerConfigKeys (ConfUtils.java:logGet(43)) - raft.server.log.statemachine.data.sync = true (default)
2019-09-24 22:10:03,391 [pool-87-thread-1] INFO  server.RaftServerConfigKeys (ConfUtils.java:logGet(43)) - raft.server.log.statemachine.data.sync.timeout = 10s (default)
2019-09-24 22:10:03,391 [pool-87-thread-1] INFO  server.RaftServerConfigKeys (ConfUtils.java:logGet(43)) - raft.server.log.statemachine.data.sync.timeout.retry = -1 (default)
2019-09-24 22:10:03,391 [pool-87-thread-1] INFO  server.RaftServerConfigKeys (ConfUtils.java:logGet(43)) - raft.server.log.statemachine.data.caching.enabled = true (custom)
2019-09-24 22:10:03,392 [pool-87-thread-1] INFO  segmented.SegmentedRaftLogWorker (SegmentedRaftLogWorker.java:lambda$new$0(132)) - a975b012-7e14-4989-9e13-cc869fccbfcb@group-0A9FB70D4C1C-SegmentedRaftLogWorker: flushIndex: setUnconditionally 0 -> -1
2019-09-24 22:10:03,392 [pool-87-thread-1] INFO  server.RaftServerConfigKeys (ConfUtils.java:logGet(43)) - raft.server.snapshot.auto.trigger.enabled = true (custom)
2019-09-24 22:10:03,392 [pool-87-thread-1] INFO  server.RaftServerConfigKeys (ConfUtils.java:logGet(43)) - raft.server.snapshot.auto.trigger.threshold = 10000 (custom)
2019-09-24 22:10:03,392 [pool-87-thread-1] INFO  server.RaftServerConfigKeys (ConfUtils.java:logGet(43)) - raft.server.snapshot.retention.num.files = 5 (custom)
2019-09-24 22:10:03,392 [pool-87-thread-1] INFO  server.RaftServerConfigKeys (ConfUtils.java:logGet(43)) - raft.server.retrycache.expirytime = 600000ms (custom)
2019-09-24 22:10:03,396 [pool-87-thread-1] INFO  impl.RaftServerImpl (RaftServerImpl.java:start(185)) - a975b012-7e14-4989-9e13-cc869fccbfcb@group-0A9FB70D4C1C: start as a follower, conf=-1: [a975b012-7e14-4989-9e13-cc869fccbfcb:192.168.151.66:43445], old=null
2019-09-24 22:10:03,396 [pool-87-thread-1] INFO  impl.RaftServerImpl (RaftServerImpl.java:setRole(174)) - a975b012-7e14-4989-9e13-cc869fccbfcb@group-0A9FB70D4C1C: changes role from      null to FOLLOWER at term 0 for startAsFollower
2019-09-24 22:10:03,396 [pool-87-thread-1] INFO  impl.RoleInfo (RoleInfo.java:updateAndGet(143)) - a975b012-7e14-4989-9e13-cc869fccbfcb: start FollowerState
2019-09-24 22:10:03,397 [pool-87-thread-1] INFO  util.JmxRegister (JmxRegister.java:tryRegister(44)) - Successfully registered JMX Bean with object name Ratis:service=RaftServer,group=group-0A9FB70D4C1C,id=a975b012-7e14-4989-9e13-cc869fccbfcb
2019-09-24 22:10:03,411 [RatisPipelineUtilsThread] INFO  pipeline.PipelineStateManager (PipelineStateManager.java:addPipeline(56)) - Created pipeline Pipeline[ Id: 1c5587c0-4d0f-4da7-b4e5-0a9fb70d4c1c, Nodes: a975b012-7e14-4989-9e13-cc869fccbfcb{ip: 192.168.151.66, host: pr-hdds-2162-v2v4x-1150571016, networkLocation: /default-rack, certSerialId: null}, Type:RATIS, Factor:ONE, State:OPEN]
2019-09-24 22:10:03,439 [grpc-default-executor-0] INFO  impl.RaftServerProxy (RaftServerProxy.java:addNew(89)) - 81dc61f5-3f0d-4495-99d5-0d8363b24cff: addNew group-1DFD99F71FC5:[81dc61f5-3f0d-4495-99d5-0d8363b24cff:192.168.151.66:36247] returns group-1DFD99F71FC5:java.util.concurrent.CompletableFuture@7dd43f17[Not completed]
2019-09-24 22:10:03,444 [pool-67-thread-1] INFO  impl.RaftServerImpl (RaftServerImpl.java:<init>(95)) - 81dc61f5-3f0d-4495-99d5-0d8363b24cff: new RaftServerImpl for group-1DFD99F71FC5:[81dc61f5-3f0d-4495-99d5-0d8363b24cff:192.168.151.66:36247] with ContainerStateMachine:uninitialized
2019-09-24 22:10:03,444 [pool-67-thread-1] INFO  server.RaftServerConfigKeys (ConfUtils.java:logGet(43)) - raft.server.rpc.timeout.min = 5s (custom)
2019-09-24 22:10:03,444 [pool-67-thread-1] INFO  server.RaftServerConfigKeys (ConfUtils.java:logGet(43)) - raft.server.rpc.timeout.max = 5200ms (custom)
2019-09-24 22:10:03,444 [pool-67-thread-1] INFO  server.RaftServerConfigKeys (ConfUtils.java:logGet(43)) - raft.server.rpcslowness.timeout = 120s (custom)
2019-09-24 22:10:03,444 [pool-67-thread-1] INFO  server.RaftServerConfigKeys (ConfUtils.java:logGet(43)) - raft.server.sleep.deviation.threshold = 300 (default)
2019-09-24 22:10:03,444 [pool-67-thread-1] INFO  server.RaftServerConfigKeys (ConfUtils.java:logGet(43)) - raft.server.log.appender.install.snapshot.enabled = false (custom)
2019-09-24 22:10:03,444 [pool-67-thread-1] INFO  impl.RaftServerImpl (ServerState.java:<init>(103)) - 81dc61f5-3f0d-4495-99d5-0d8363b24cff@group-1DFD99F71FC5: ConfigurationManager, init=-1: [81dc61f5-3f0d-4495-99d5-0d8363b24cff:192.168.151.66:36247], old=null, confs=<EMPTY_MAP>
2019-09-24 22:10:03,445 [pool-67-thread-1] INFO  server.RaftServerConfigKeys (ConfUtils.java:logGet(43)) - raft.server.storage.dir = [/workdir/hadoop-ozone/integration-test/target/test-dir/MiniOzoneClusterImpl-625ae465-5e4c-4ec2-831f-6349f2abf3b1/datanode-4/data/ratis] (custom)
2019-09-24 22:10:03,445 [pool-67-thread-1] INFO  storage.RaftStorageDirectory (RaftStorageDirectory.java:analyzeStorage(246)) - The storage directory /workdir/hadoop-ozone/integration-test/target/test-dir/MiniOzoneClusterImpl-625ae465-5e4c-4ec2-831f-6349f2abf3b1/datanode-4/data/ratis/132cef49-169f-4ec5-9dfb-1dfd99f71fc5 does not exist. Creating ...
2019-09-24 22:10:03,457 [pool-67-thread-1] INFO  storage.RaftStorageDirectory (RaftStorageDirectory.java:tryLock(328)) - Lock on /workdir/hadoop-ozone/integration-test/target/test-dir/MiniOzoneClusterImpl-625ae465-5e4c-4ec2-831f-6349f2abf3b1/datanode-4/data/ratis/132cef49-169f-4ec5-9dfb-1dfd99f71fc5/in_use.lock acquired by nodename 13453@pr-hdds-2162-v2v4x-1150571016
2019-09-24 22:10:03,470 [pool-67-thread-1] INFO  storage.RaftStorage (RaftStorage.java:format(72)) - Storage directory /workdir/hadoop-ozone/integration-test/target/test-dir/MiniOzoneClusterImpl-625ae465-5e4c-4ec2-831f-6349f2abf3b1/datanode-4/data/ratis/132cef49-169f-4ec5-9dfb-1dfd99f71fc5 has been successfully formatted.
2019-09-24 22:10:03,470 [pool-67-thread-1] INFO  ratis.ContainerStateMachine (ContainerStateMachine.java:loadSnapshot(230)) - group-1DFD99F71FC5: The snapshot info is null. Setting the last applied indexto:(t:0, i:~)
2019-09-24 22:10:03,470 [pool-67-thread-1] INFO  server.RaftServerConfigKeys (ConfUtils.java:logGet(43)) - raft.server.notification.no-leader.timeout = 120s (custom)
2019-09-24 22:10:03,470 [pool-67-thread-1] INFO  server.RaftServerConfigKeys (ConfUtils.java:logGet(43)) - raft.server.log.use.memory = false (default)
2019-09-24 22:10:03,470 [pool-67-thread-1] INFO  server.RaftServerConfigKeys (ConfUtils.java:logGet(43)) - raft.server.log.purge.gap = 1000000 (custom)
2019-09-24 22:10:03,470 [pool-67-thread-1] INFO  server.RaftServerConfigKeys (ConfUtils.java:logGet(43)) - raft.server.log.appender.buffer.byte-limit = 33554432 (custom)
2019-09-24 22:10:03,470 [pool-67-thread-1] INFO  server.RaftServerConfigKeys (ConfUtils.java:logGet(43)) - raft.server.log.segment.size.max = 1048576 (custom)
2019-09-24 22:10:03,471 [pool-67-thread-1] INFO  server.RaftServerConfigKeys (ConfUtils.java:logGet(43)) - raft.server.log.segment.cache.num.max = 2 (custom)
2019-09-24 22:10:03,471 [pool-67-thread-1] INFO  segmented.SegmentedRaftLogWorker (SegmentedRaftLogWorker.java:<init>(172)) - new 81dc61f5-3f0d-4495-99d5-0d8363b24cff@group-1DFD99F71FC5-SegmentedRaftLogWorker for RaftStorage:Storage Directory /workdir/hadoop-ozone/integration-test/target/test-dir/MiniOzoneClusterImpl-625ae465-5e4c-4ec2-831f-6349f2abf3b1/datanode-4/data/ratis/132cef49-169f-4ec5-9dfb-1dfd99f71fc5
2019-09-24 22:10:03,473 [pool-67-thread-1] INFO  server.RaftServerConfigKeys (ConfUtils.java:logGet(43)) - raft.server.log.queue.byte-limit = 2147483647 (custom)
2019-09-24 22:10:03,473 [pool-67-thread-1] INFO  server.RaftServerConfigKeys (ConfUtils.java:logGet(43)) - raft.server.log.queue.element-limit = 1024 (custom)
2019-09-24 22:10:03,473 [pool-67-thread-1] INFO  server.RaftServerConfigKeys (ConfUtils.java:logGet(43)) - raft.server.log.segment.size.max = 1048576 (custom)
2019-09-24 22:10:03,473 [pool-67-thread-1] INFO  server.RaftServerConfigKeys (ConfUtils.java:logGet(43)) - raft.server.log.preallocated.size = 16384 (custom)
2019-09-24 22:10:03,474 [pool-67-thread-1] INFO  server.RaftServerConfigKeys (ConfUtils.java:logGet(43)) - raft.server.log.write.buffer.size = 33554432 (custom)
2019-09-24 22:10:03,474 [pool-67-thread-1] INFO  server.RaftServerConfigKeys (ConfUtils.java:logGet(43)) - raft.server.log.force.sync.num = 128 (default)
2019-09-24 22:10:03,474 [pool-67-thread-1] INFO  server.RaftServerConfigKeys (ConfUtils.java:logGet(43)) - raft.server.log.statemachine.data.sync = true (default)
2019-09-24 22:10:03,474 [pool-67-thread-1] INFO  server.RaftServerConfigKeys (ConfUtils.java:logGet(43)) - raft.server.log.statemachine.data.sync.timeout = 10s (default)
2019-09-24 22:10:03,474 [pool-67-thread-1] INFO  server.RaftServerConfigKeys (ConfUtils.java:logGet(43)) - raft.server.log.statemachine.data.sync.timeout.retry = -1 (default)
2019-09-24 22:10:03,474 [pool-67-thread-1] INFO  server.RaftServerConfigKeys (ConfUtils.java:logGet(43)) - raft.server.log.statemachine.data.caching.enabled = true (custom)
2019-09-24 22:10:03,474 [pool-67-thread-1] INFO  segmented.SegmentedRaftLogWorker (SegmentedRaftLogWorker.java:lambda$new$0(132)) - 81dc61f5-3f0d-4495-99d5-0d8363b24cff@group-1DFD99F71FC5-SegmentedRaftLogWorker: flushIndex: setUnconditionally 0 -> -1
2019-09-24 22:10:03,475 [pool-67-thread-1] INFO  server.RaftServerConfigKeys (ConfUtils.java:logGet(43)) - raft.server.snapshot.auto.trigger.enabled = true (custom)
2019-09-24 22:10:03,475 [pool-67-thread-1] INFO  server.RaftServerConfigKeys (ConfUtils.java:logGet(43)) - raft.server.snapshot.auto.trigger.threshold = 10000 (custom)
2019-09-24 22:10:03,475 [pool-67-thread-1] INFO  server.RaftServerConfigKeys (ConfUtils.java:logGet(43)) - raft.server.snapshot.retention.num.files = 5 (custom)
2019-09-24 22:10:03,475 [pool-67-thread-1] INFO  server.RaftServerConfigKeys (ConfUtils.java:logGet(43)) - raft.server.retrycache.expirytime = 600000ms (custom)
2019-09-24 22:10:03,477 [pool-67-thread-1] INFO  impl.RaftServerImpl (RaftServerImpl.java:start(185)) - 81dc61f5-3f0d-4495-99d5-0d8363b24cff@group-1DFD99F71FC5: start as a follower, conf=-1: [81dc61f5-3f0d-4495-99d5-0d8363b24cff:192.168.151.66:36247], old=null
2019-09-24 22:10:03,478 [pool-67-thread-1] INFO  impl.RaftServerImpl (RaftServerImpl.java:setRole(174)) - 81dc61f5-3f0d-4495-99d5-0d8363b24cff@group-1DFD99F71FC5: changes role from      null to FOLLOWER at term 0 for startAsFollower
2019-09-24 22:10:03,478 [pool-67-thread-1] INFO  impl.RoleInfo (RoleInfo.java:updateAndGet(143)) - 81dc61f5-3f0d-4495-99d5-0d8363b24cff: start FollowerState
2019-09-24 22:10:03,479 [pool-67-thread-1] INFO  util.JmxRegister (JmxRegister.java:tryRegister(44)) - Successfully registered JMX Bean with object name Ratis:service=RaftServer,group=group-1DFD99F71FC5,id=81dc61f5-3f0d-4495-99d5-0d8363b24cff
2019-09-24 22:10:03,491 [RatisPipelineUtilsThread] INFO  pipeline.PipelineStateManager (PipelineStateManager.java:addPipeline(56)) - Created pipeline Pipeline[ Id: 132cef49-169f-4ec5-9dfb-1dfd99f71fc5, Nodes: 81dc61f5-3f0d-4495-99d5-0d8363b24cff{ip: 192.168.151.66, host: pr-hdds-2162-v2v4x-1150571016, networkLocation: /default-rack, certSerialId: null}, Type:RATIS, Factor:ONE, State:OPEN]
2019-09-24 22:10:03,500 [main] INFO  ozone.MiniOzoneClusterImpl (MiniOzoneClusterImpl.java:lambda$waitForClusterToBeReady$0(147)) - Cluster is ready. Got 7 of 7 DN Heartbeats.
2019-09-24 22:10:03,508 [grpc-default-executor-0] INFO  impl.RaftServerProxy (RaftServerProxy.java:addNew(89)) - fcffd87e-625a-4e43-93d0-8a9595161c67: addNew group-BB63CCBFDCC8:[fcffd87e-625a-4e43-93d0-8a9595161c67:192.168.151.66:35754] returns group-BB63CCBFDCC8:java.util.concurrent.CompletableFuture@1b9a5410[Not completed]
2019-09-24 22:10:03,510 [pool-37-thread-1] INFO  impl.RaftServerImpl (RaftServerImpl.java:<init>(95)) - fcffd87e-625a-4e43-93d0-8a9595161c67: new RaftServerImpl for group-BB63CCBFDCC8:[fcffd87e-625a-4e43-93d0-8a9595161c67:192.168.151.66:35754] with ContainerStateMachine:uninitialized
2019-09-24 22:10:03,510 [pool-37-thread-1] INFO  server.RaftServerConfigKeys (ConfUtils.java:logGet(43)) - raft.server.rpc.timeout.min = 5s (custom)
2019-09-24 22:10:03,511 [pool-37-thread-1] INFO  server.RaftServerConfigKeys (ConfUtils.java:logGet(43)) - raft.server.rpc.timeout.max = 5200ms (custom)
2019-09-24 22:10:03,511 [pool-37-thread-1] INFO  server.RaftServerConfigKeys (ConfUtils.java:logGet(43)) - raft.server.rpcslowness.timeout = 120s (custom)
2019-09-24 22:10:03,511 [pool-37-thread-1] INFO  server.RaftServerConfigKeys (ConfUtils.java:logGet(43)) - raft.server.sleep.deviation.threshold = 300 (default)
2019-09-24 22:10:03,511 [pool-37-thread-1] INFO  server.RaftServerConfigKeys (ConfUtils.java:logGet(43)) - raft.server.log.appender.install.snapshot.enabled = false (custom)
2019-09-24 22:10:03,511 [pool-37-thread-1] INFO  impl.RaftServerImpl (ServerState.java:<init>(103)) - fcffd87e-625a-4e43-93d0-8a9595161c67@group-BB63CCBFDCC8: ConfigurationManager, init=-1: [fcffd87e-625a-4e43-93d0-8a9595161c67:192.168.151.66:35754], old=null, confs=<EMPTY_MAP>
2019-09-24 22:10:03,512 [pool-37-thread-1] INFO  server.RaftServerConfigKeys (ConfUtils.java:logGet(43)) - raft.server.storage.dir = [/workdir/hadoop-ozone/integration-test/target/test-dir/MiniOzoneClusterImpl-625ae465-5e4c-4ec2-831f-6349f2abf3b1/datanode-1/data/ratis] (custom)
2019-09-24 22:10:03,512 [pool-37-thread-1] INFO  storage.RaftStorageDirectory (RaftStorageDirectory.java:analyzeStorage(246)) - The storage directory /workdir/hadoop-ozone/integration-test/target/test-dir/MiniOzoneClusterImpl-625ae465-5e4c-4ec2-831f-6349f2abf3b1/datanode-1/data/ratis/3e397f8b-a7ca-4a6f-ab51-bb63ccbfdcc8 does not exist. Creating ...
2019-09-24 22:10:03,525 [pool-37-thread-1] INFO  storage.RaftStorageDirectory (RaftStorageDirectory.java:tryLock(328)) - Lock on /workdir/hadoop-ozone/integration-test/target/test-dir/MiniOzoneClusterImpl-625ae465-5e4c-4ec2-831f-6349f2abf3b1/datanode-1/data/ratis/3e397f8b-a7ca-4a6f-ab51-bb63ccbfdcc8/in_use.lock acquired by nodename 13453@pr-hdds-2162-v2v4x-1150571016
2019-09-24 22:10:03,547 [pool-37-thread-1] INFO  storage.RaftStorage (RaftStorage.java:format(72)) - Storage directory /workdir/hadoop-ozone/integration-test/target/test-dir/MiniOzoneClusterImpl-625ae465-5e4c-4ec2-831f-6349f2abf3b1/datanode-1/data/ratis/3e397f8b-a7ca-4a6f-ab51-bb63ccbfdcc8 has been successfully formatted.
2019-09-24 22:10:03,547 [pool-37-thread-1] INFO  ratis.ContainerStateMachine (ContainerStateMachine.java:loadSnapshot(230)) - group-BB63CCBFDCC8: The snapshot info is null. Setting the last applied indexto:(t:0, i:~)
2019-09-24 22:10:03,547 [pool-37-thread-1] INFO  server.RaftServerConfigKeys (ConfUtils.java:logGet(43)) - raft.server.notification.no-leader.timeout = 120s (custom)
2019-09-24 22:10:03,547 [pool-37-thread-1] INFO  server.RaftServerConfigKeys (ConfUtils.java:logGet(43)) - raft.server.log.use.memory = false (default)
2019-09-24 22:10:03,548 [pool-37-thread-1] INFO  server.RaftServerConfigKeys (ConfUtils.java:logGet(43)) - raft.server.log.purge.gap = 1000000 (custom)
2019-09-24 22:10:03,548 [pool-37-thread-1] INFO  server.RaftServerConfigKeys (ConfUtils.java:logGet(43)) - raft.server.log.appender.buffer.byte-limit = 33554432 (custom)
2019-09-24 22:10:03,549 [pool-37-thread-1] INFO  server.RaftServerConfigKeys (ConfUtils.java:logGet(43)) - raft.server.log.segment.size.max = 1048576 (custom)
2019-09-24 22:10:03,549 [pool-37-thread-1] INFO  server.RaftServerConfigKeys (ConfUtils.java:logGet(43)) - raft.server.log.segment.cache.num.max = 2 (custom)
2019-09-24 22:10:03,549 [pool-37-thread-1] INFO  segmented.SegmentedRaftLogWorker (SegmentedRaftLogWorker.java:<init>(172)) - new fcffd87e-625a-4e43-93d0-8a9595161c67@group-BB63CCBFDCC8-SegmentedRaftLogWorker for RaftStorage:Storage Directory /workdir/hadoop-ozone/integration-test/target/test-dir/MiniOzoneClusterImpl-625ae465-5e4c-4ec2-831f-6349f2abf3b1/datanode-1/data/ratis/3e397f8b-a7ca-4a6f-ab51-bb63ccbfdcc8
2019-09-24 22:10:03,552 [pool-37-thread-1] INFO  server.RaftServerConfigKeys (ConfUtils.java:logGet(43)) - raft.server.log.queue.byte-limit = 2147483647 (custom)
2019-09-24 22:10:03,552 [pool-37-thread-1] INFO  server.RaftServerConfigKeys (ConfUtils.java:logGet(43)) - raft.server.log.queue.element-limit = 1024 (custom)
2019-09-24 22:10:03,553 [pool-37-thread-1] INFO  server.RaftServerConfigKeys (ConfUtils.java:logGet(43)) - raft.server.log.segment.size.max = 1048576 (custom)
2019-09-24 22:10:03,553 [pool-37-thread-1] INFO  server.RaftServerConfigKeys (ConfUtils.java:logGet(43)) - raft.server.log.preallocated.size = 16384 (custom)
2019-09-24 22:10:03,553 [pool-37-thread-1] INFO  server.RaftServerConfigKeys (ConfUtils.java:logGet(43)) - raft.server.log.write.buffer.size = 33554432 (custom)
2019-09-24 22:10:03,553 [pool-37-thread-1] INFO  server.RaftServerConfigKeys (ConfUtils.java:logGet(43)) - raft.server.log.force.sync.num = 128 (default)
2019-09-24 22:10:03,553 [pool-37-thread-1] INFO  server.RaftServerConfigKeys (ConfUtils.java:logGet(43)) - raft.server.log.statemachine.data.sync = true (default)
2019-09-24 22:10:03,554 [pool-37-thread-1] INFO  server.RaftServerConfigKeys (ConfUtils.java:logGet(43)) - raft.server.log.statemachine.data.sync.timeout = 10s (default)
2019-09-24 22:10:03,554 [pool-37-thread-1] INFO  server.RaftServerConfigKeys (ConfUtils.java:logGet(43)) - raft.server.log.statemachine.data.sync.timeout.retry = -1 (default)
2019-09-24 22:10:03,554 [pool-37-thread-1] INFO  server.RaftServerConfigKeys (ConfUtils.java:logGet(43)) - raft.server.log.statemachine.data.caching.enabled = true (custom)
2019-09-24 22:10:03,554 [pool-37-thread-1] INFO  segmented.SegmentedRaftLogWorker (SegmentedRaftLogWorker.java:lambda$new$0(132)) - fcffd87e-625a-4e43-93d0-8a9595161c67@group-BB63CCBFDCC8-SegmentedRaftLogWorker: flushIndex: setUnconditionally 0 -> -1
2019-09-24 22:10:03,555 [pool-37-thread-1] INFO  server.RaftServerConfigKeys (ConfUtils.java:logGet(43)) - raft.server.snapshot.auto.trigger.enabled = true (custom)
2019-09-24 22:10:03,555 [pool-37-thread-1] INFO  server.RaftServerConfigKeys (ConfUtils.java:logGet(43)) - raft.server.snapshot.auto.trigger.threshold = 10000 (custom)
2019-09-24 22:10:03,555 [pool-37-thread-1] INFO  server.RaftServerConfigKeys (ConfUtils.java:logGet(43)) - raft.server.snapshot.retention.num.files = 5 (custom)
2019-09-24 22:10:03,555 [pool-37-thread-1] INFO  server.RaftServerConfigKeys (ConfUtils.java:logGet(43)) - raft.server.retrycache.expirytime = 600000ms (custom)
2019-09-24 22:10:03,558 [pool-37-thread-1] INFO  impl.RaftServerImpl (RaftServerImpl.java:start(185)) - fcffd87e-625a-4e43-93d0-8a9595161c67@group-BB63CCBFDCC8: start as a follower, conf=-1: [fcffd87e-625a-4e43-93d0-8a9595161c67:192.168.151.66:35754], old=null
2019-09-24 22:10:03,559 [pool-37-thread-1] INFO  impl.RaftServerImpl (RaftServerImpl.java:setRole(174)) - fcffd87e-625a-4e43-93d0-8a9595161c67@group-BB63CCBFDCC8: changes role from      null to FOLLOWER at term 0 for startAsFollower
2019-09-24 22:10:03,559 [pool-37-thread-1] INFO  impl.RoleInfo (RoleInfo.java:updateAndGet(143)) - fcffd87e-625a-4e43-93d0-8a9595161c67: start FollowerState
2019-09-24 22:10:03,559 [pool-37-thread-1] INFO  util.JmxRegister (JmxRegister.java:tryRegister(44)) - Successfully registered JMX Bean with object name Ratis:service=RaftServer,group=group-BB63CCBFDCC8,id=fcffd87e-625a-4e43-93d0-8a9595161c67
2019-09-24 22:10:03,580 [RatisPipelineUtilsThread] INFO  pipeline.PipelineStateManager (PipelineStateManager.java:addPipeline(56)) - Created pipeline Pipeline[ Id: 3e397f8b-a7ca-4a6f-ab51-bb63ccbfdcc8, Nodes: fcffd87e-625a-4e43-93d0-8a9595161c67{ip: 192.168.151.66, host: pr-hdds-2162-v2v4x-1150571016, networkLocation: /default-rack, certSerialId: null}, Type:RATIS, Factor:ONE, State:OPEN]
2019-09-24 22:10:03,625 [grpc-default-executor-1] INFO  impl.RaftServerProxy (RaftServerProxy.java:addNew(89)) - d479fc48-3b3e-4e94-9a71-350452190094: addNew group-4D927244C400:[d479fc48-3b3e-4e94-9a71-350452190094:192.168.151.66:41431, d1c7ea34-e1d6-47f6-9bf9-085803419fb1:192.168.151.66:40540, 359d4a8a-7123-4aa7-8691-eb230ca57380:192.168.151.66:32879] returns group-4D927244C400:java.util.concurrent.CompletableFuture@7ab5e46d[Not completed]
2019-09-24 22:10:03,625 [grpc-default-executor-2] INFO  impl.RaftServerProxy (RaftServerProxy.java:addNew(89)) - d1c7ea34-e1d6-47f6-9bf9-085803419fb1: addNew group-4D927244C400:[d479fc48-3b3e-4e94-9a71-350452190094:192.168.151.66:41431, d1c7ea34-e1d6-47f6-9bf9-085803419fb1:192.168.151.66:40540, 359d4a8a-7123-4aa7-8691-eb230ca57380:192.168.151.66:32879] returns group-4D927244C400:java.util.concurrent.CompletableFuture@6e0509d5[Not completed]
2019-09-24 22:10:03,627 [pool-77-thread-1] INFO  impl.RaftServerImpl (RaftServerImpl.java:<init>(95)) - d479fc48-3b3e-4e94-9a71-350452190094: new RaftServerImpl for group-4D927244C400:[d479fc48-3b3e-4e94-9a71-350452190094:192.168.151.66:41431, d1c7ea34-e1d6-47f6-9bf9-085803419fb1:192.168.151.66:40540, 359d4a8a-7123-4aa7-8691-eb230ca57380:192.168.151.66:32879] with ContainerStateMachine:uninitialized
2019-09-24 22:10:03,627 [pool-77-thread-1] INFO  server.RaftServerConfigKeys (ConfUtils.java:logGet(43)) - raft.server.rpc.timeout.min = 5s (custom)
2019-09-24 22:10:03,627 [pool-77-thread-1] INFO  server.RaftServerConfigKeys (ConfUtils.java:logGet(43)) - raft.server.rpc.timeout.max = 5200ms (custom)
2019-09-24 22:10:03,627 [pool-77-thread-1] INFO  server.RaftServerConfigKeys (ConfUtils.java:logGet(43)) - raft.server.rpcslowness.timeout = 120s (custom)
2019-09-24 22:10:03,627 [pool-77-thread-1] INFO  server.RaftServerConfigKeys (ConfUtils.java:logGet(43)) - raft.server.sleep.deviation.threshold = 300 (default)
2019-09-24 22:10:03,627 [pool-77-thread-1] INFO  server.RaftServerConfigKeys (ConfUtils.java:logGet(43)) - raft.server.log.appender.install.snapshot.enabled = false (custom)
2019-09-24 22:10:03,627 [pool-77-thread-1] INFO  impl.RaftServerImpl (ServerState.java:<init>(103)) - d479fc48-3b3e-4e94-9a71-350452190094@group-4D927244C400: ConfigurationManager, init=-1: [d479fc48-3b3e-4e94-9a71-350452190094:192.168.151.66:41431, d1c7ea34-e1d6-47f6-9bf9-085803419fb1:192.168.151.66:40540, 359d4a8a-7123-4aa7-8691-eb230ca57380:192.168.151.66:32879], old=null, confs=<EMPTY_MAP>
2019-09-24 22:10:03,628 [pool-77-thread-1] INFO  server.RaftServerConfigKeys (ConfUtils.java:logGet(43)) - raft.server.storage.dir = [/workdir/hadoop-ozone/integration-test/target/test-dir/MiniOzoneClusterImpl-625ae465-5e4c-4ec2-831f-6349f2abf3b1/datanode-5/data/ratis] (custom)
2019-09-24 22:10:03,630 [pool-77-thread-1] INFO  storage.RaftStorageDirectory (RaftStorageDirectory.java:analyzeStorage(246)) - The storage directory /workdir/hadoop-ozone/integration-test/target/test-dir/MiniOzoneClusterImpl-625ae465-5e4c-4ec2-831f-6349f2abf3b1/datanode-5/data/ratis/2d35a69f-e775-44ca-9c3d-4d927244c400 does not exist. Creating ...
2019-09-24 22:10:03,630 [pool-57-thread-1] INFO  impl.RaftServerImpl (RaftServerImpl.java:<init>(95)) - d1c7ea34-e1d6-47f6-9bf9-085803419fb1: new RaftServerImpl for group-4D927244C400:[d479fc48-3b3e-4e94-9a71-350452190094:192.168.151.66:41431, d1c7ea34-e1d6-47f6-9bf9-085803419fb1:192.168.151.66:40540, 359d4a8a-7123-4aa7-8691-eb230ca57380:192.168.151.66:32879] with ContainerStateMachine:uninitialized
2019-09-24 22:10:03,630 [pool-57-thread-1] INFO  server.RaftServerConfigKeys (ConfUtils.java:logGet(43)) - raft.server.rpc.timeout.min = 5s (custom)
2019-09-24 22:10:03,630 [pool-57-thread-1] INFO  server.RaftServerConfigKeys (ConfUtils.java:logGet(43)) - raft.server.rpc.timeout.max = 5200ms (custom)
2019-09-24 22:10:03,630 [grpc-default-executor-2] INFO  impl.RaftServerProxy (RaftServerProxy.java:addNew(89)) - 359d4a8a-7123-4aa7-8691-eb230ca57380: addNew group-4D927244C400:[d479fc48-3b3e-4e94-9a71-350452190094:192.168.151.66:41431, d1c7ea34-e1d6-47f6-9bf9-085803419fb1:192.168.151.66:40540, 359d4a8a-7123-4aa7-8691-eb230ca57380:192.168.151.66:32879] returns group-4D927244C400:java.util.concurrent.CompletableFuture@2b078a71[Not completed]
2019-09-24 22:10:03,630 [pool-57-thread-1] INFO  server.RaftServerConfigKeys (ConfUtils.java:logGet(43)) - raft.server.rpcslowness.timeout = 120s (custom)
2019-09-24 22:10:03,630 [pool-57-thread-1] INFO  server.RaftServerConfigKeys (ConfUtils.java:logGet(43)) - raft.server.sleep.deviation.threshold = 300 (default)
2019-09-24 22:10:03,631 [pool-57-thread-1] INFO  server.RaftServerConfigKeys (ConfUtils.java:logGet(43)) - raft.server.log.appender.install.snapshot.enabled = false (custom)
2019-09-24 22:10:03,631 [pool-57-thread-1] INFO  impl.RaftServerImpl (ServerState.java:<init>(103)) - d1c7ea34-e1d6-47f6-9bf9-085803419fb1@group-4D927244C400: ConfigurationManager, init=-1: [d479fc48-3b3e-4e94-9a71-350452190094:192.168.151.66:41431, d1c7ea34-e1d6-47f6-9bf9-085803419fb1:192.168.151.66:40540, 359d4a8a-7123-4aa7-8691-eb230ca57380:192.168.151.66:32879], old=null, confs=<EMPTY_MAP>
2019-09-24 22:10:03,631 [pool-57-thread-1] INFO  server.RaftServerConfigKeys (ConfUtils.java:logGet(43)) - raft.server.storage.dir = [/workdir/hadoop-ozone/integration-test/target/test-dir/MiniOzoneClusterImpl-625ae465-5e4c-4ec2-831f-6349f2abf3b1/datanode-3/data/ratis] (custom)
2019-09-24 22:10:03,631 [pool-47-thread-1] INFO  impl.RaftServerImpl (RaftServerImpl.java:<init>(95)) - 359d4a8a-7123-4aa7-8691-eb230ca57380: new RaftServerImpl for group-4D927244C400:[d479fc48-3b3e-4e94-9a71-350452190094:192.168.151.66:41431, d1c7ea34-e1d6-47f6-9bf9-085803419fb1:192.168.151.66:40540, 359d4a8a-7123-4aa7-8691-eb230ca57380:192.168.151.66:32879] with ContainerStateMachine:uninitialized
2019-09-24 22:10:03,631 [pool-57-thread-1] INFO  storage.RaftStorageDirectory (RaftStorageDirectory.java:analyzeStorage(246)) - The storage directory /workdir/hadoop-ozone/integration-test/target/test-dir/MiniOzoneClusterImpl-625ae465-5e4c-4ec2-831f-6349f2abf3b1/datanode-3/data/ratis/2d35a69f-e775-44ca-9c3d-4d927244c400 does not exist. Creating ...
2019-09-24 22:10:03,631 [pool-47-thread-1] INFO  server.RaftServerConfigKeys (ConfUtils.java:logGet(43)) - raft.server.rpc.timeout.min = 5s (custom)
2019-09-24 22:10:03,632 [pool-47-thread-1] INFO  server.RaftServerConfigKeys (ConfUtils.java:logGet(43)) - raft.server.rpc.timeout.max = 5200ms (custom)
2019-09-24 22:10:03,632 [pool-47-thread-1] INFO  server.RaftServerConfigKeys (ConfUtils.java:logGet(43)) - raft.server.rpcslowness.timeout = 120s (custom)
2019-09-24 22:10:03,632 [pool-47-thread-1] INFO  server.RaftServerConfigKeys (ConfUtils.java:logGet(43)) - raft.server.sleep.deviation.threshold = 300 (default)
2019-09-24 22:10:03,632 [pool-47-thread-1] INFO  server.RaftServerConfigKeys (ConfUtils.java:logGet(43)) - raft.server.log.appender.install.snapshot.enabled = false (custom)
2019-09-24 22:10:03,632 [pool-47-thread-1] INFO  impl.RaftServerImpl (ServerState.java:<init>(103)) - 359d4a8a-7123-4aa7-8691-eb230ca57380@group-4D927244C400: ConfigurationManager, init=-1: [d479fc48-3b3e-4e94-9a71-350452190094:192.168.151.66:41431, d1c7ea34-e1d6-47f6-9bf9-085803419fb1:192.168.151.66:40540, 359d4a8a-7123-4aa7-8691-eb230ca57380:192.168.151.66:32879], old=null, confs=<EMPTY_MAP>
2019-09-24 22:10:03,632 [pool-47-thread-1] INFO  server.RaftServerConfigKeys (ConfUtils.java:logGet(43)) - raft.server.storage.dir = [/workdir/hadoop-ozone/integration-test/target/test-dir/MiniOzoneClusterImpl-625ae465-5e4c-4ec2-831f-6349f2abf3b1/datanode-2/data/ratis] (custom)
2019-09-24 22:10:03,632 [pool-47-thread-1] INFO  storage.RaftStorageDirectory (RaftStorageDirectory.java:analyzeStorage(246)) - The storage directory /workdir/hadoop-ozone/integration-test/target/test-dir/MiniOzoneClusterImpl-625ae465-5e4c-4ec2-831f-6349f2abf3b1/datanode-2/data/ratis/2d35a69f-e775-44ca-9c3d-4d927244c400 does not exist. Creating ...
2019-09-24 22:10:03,644 [pool-57-thread-1] INFO  storage.RaftStorageDirectory (RaftStorageDirectory.java:tryLock(328)) - Lock on /workdir/hadoop-ozone/integration-test/target/test-dir/MiniOzoneClusterImpl-625ae465-5e4c-4ec2-831f-6349f2abf3b1/datanode-3/data/ratis/2d35a69f-e775-44ca-9c3d-4d927244c400/in_use.lock acquired by nodename 13453@pr-hdds-2162-v2v4x-1150571016
2019-09-24 22:10:03,644 [pool-77-thread-1] INFO  storage.RaftStorageDirectory (RaftStorageDirectory.java:tryLock(328)) - Lock on /workdir/hadoop-ozone/integration-test/target/test-dir/MiniOzoneClusterImpl-625ae465-5e4c-4ec2-831f-6349f2abf3b1/datanode-5/data/ratis/2d35a69f-e775-44ca-9c3d-4d927244c400/in_use.lock acquired by nodename 13453@pr-hdds-2162-v2v4x-1150571016
2019-09-24 22:10:03,644 [pool-47-thread-1] INFO  storage.RaftStorageDirectory (RaftStorageDirectory.java:tryLock(328)) - Lock on /workdir/hadoop-ozone/integration-test/target/test-dir/MiniOzoneClusterImpl-625ae465-5e4c-4ec2-831f-6349f2abf3b1/datanode-2/data/ratis/2d35a69f-e775-44ca-9c3d-4d927244c400/in_use.lock acquired by nodename 13453@pr-hdds-2162-v2v4x-1150571016
2019-09-24 22:10:03,657 [pool-77-thread-1] INFO  storage.RaftStorage (RaftStorage.java:format(72)) - Storage directory /workdir/hadoop-ozone/integration-test/target/test-dir/MiniOzoneClusterImpl-625ae465-5e4c-4ec2-831f-6349f2abf3b1/datanode-5/data/ratis/2d35a69f-e775-44ca-9c3d-4d927244c400 has been successfully formatted.
2019-09-24 22:10:03,657 [pool-57-thread-1] INFO  storage.RaftStorage (RaftStorage.java:format(72)) - Storage directory /workdir/hadoop-ozone/integration-test/target/test-dir/MiniOzoneClusterImpl-625ae465-5e4c-4ec2-831f-6349f2abf3b1/datanode-3/data/ratis/2d35a69f-e775-44ca-9c3d-4d927244c400 has been successfully formatted.
2019-09-24 22:10:03,657 [pool-47-thread-1] INFO  storage.RaftStorage (RaftStorage.java:format(72)) - Storage directory /workdir/hadoop-ozone/integration-test/target/test-dir/MiniOzoneClusterImpl-625ae465-5e4c-4ec2-831f-6349f2abf3b1/datanode-2/data/ratis/2d35a69f-e775-44ca-9c3d-4d927244c400 has been successfully formatted.
2019-09-24 22:10:03,658 [pool-57-thread-1] INFO  ratis.ContainerStateMachine (ContainerStateMachine.java:loadSnapshot(230)) - group-4D927244C400: The snapshot info is null. Setting the last applied indexto:(t:0, i:~)
2019-09-24 22:10:03,658 [pool-77-thread-1] INFO  ratis.ContainerStateMachine (ContainerStateMachine.java:loadSnapshot(230)) - group-4D927244C400: The snapshot info is null. Setting the last applied indexto:(t:0, i:~)
2019-09-24 22:10:03,658 [pool-57-thread-1] INFO  server.RaftServerConfigKeys (ConfUtils.java:logGet(43)) - raft.server.notification.no-leader.timeout = 120s (custom)
2019-09-24 22:10:03,658 [pool-47-thread-1] INFO  ratis.ContainerStateMachine (ContainerStateMachine.java:loadSnapshot(230)) - group-4D927244C400: The snapshot info is null. Setting the last applied indexto:(t:0, i:~)
2019-09-24 22:10:03,658 [pool-57-thread-1] INFO  server.RaftServerConfigKeys (ConfUtils.java:logGet(43)) - raft.server.log.use.memory = false (default)
2019-09-24 22:10:03,658 [pool-77-thread-1] INFO  server.RaftServerConfigKeys (ConfUtils.java:logGet(43)) - raft.server.notification.no-leader.timeout = 120s (custom)
2019-09-24 22:10:03,658 [pool-57-thread-1] INFO  server.RaftServerConfigKeys (ConfUtils.java:logGet(43)) - raft.server.log.purge.gap = 1000000 (custom)
2019-09-24 22:10:03,658 [pool-47-thread-1] INFO  server.RaftServerConfigKeys (ConfUtils.java:logGet(43)) - raft.server.notification.no-leader.timeout = 120s (custom)
2019-09-24 22:10:03,659 [pool-57-thread-1] INFO  server.RaftServerConfigKeys (ConfUtils.java:logGet(43)) - raft.server.log.appender.buffer.byte-limit = 33554432 (custom)
2019-09-24 22:10:03,658 [pool-77-thread-1] INFO  server.RaftServerConfigKeys (ConfUtils.java:logGet(43)) - raft.server.log.use.memory = false (default)
2019-09-24 22:10:03,659 [pool-57-thread-1] INFO  server.RaftServerConfigKeys (ConfUtils.java:logGet(43)) - raft.server.log.segment.size.max = 1048576 (custom)
2019-09-24 22:10:03,659 [pool-47-thread-1] INFO  server.RaftServerConfigKeys (ConfUtils.java:logGet(43)) - raft.server.log.use.memory = false (default)
2019-09-24 22:10:03,659 [pool-57-thread-1] INFO  server.RaftServerConfigKeys (ConfUtils.java:logGet(43)) - raft.server.log.segment.cache.num.max = 2 (custom)
2019-09-24 22:10:03,659 [pool-77-thread-1] INFO  server.RaftServerConfigKeys (ConfUtils.java:logGet(43)) - raft.server.log.purge.gap = 1000000 (custom)
2019-09-24 22:10:03,659 [pool-57-thread-1] INFO  segmented.SegmentedRaftLogWorker (SegmentedRaftLogWorker.java:<init>(172)) - new d1c7ea34-e1d6-47f6-9bf9-085803419fb1@group-4D927244C400-SegmentedRaftLogWorker for RaftStorage:Storage Directory /workdir/hadoop-ozone/integration-test/target/test-dir/MiniOzoneClusterImpl-625ae465-5e4c-4ec2-831f-6349f2abf3b1/datanode-3/data/ratis/2d35a69f-e775-44ca-9c3d-4d927244c400
2019-09-24 22:10:03,659 [pool-47-thread-1] INFO  server.RaftServerConfigKeys (ConfUtils.java:logGet(43)) - raft.server.log.purge.gap = 1000000 (custom)
2019-09-24 22:10:03,660 [pool-57-thread-1] INFO  server.RaftServerConfigKeys (ConfUtils.java:logGet(43)) - raft.server.log.queue.byte-limit = 2147483647 (custom)
2019-09-24 22:10:03,659 [pool-77-thread-1] INFO  server.RaftServerConfigKeys (ConfUtils.java:logGet(43)) - raft.server.log.appender.buffer.byte-limit = 33554432 (custom)
2019-09-24 22:10:03,660 [pool-57-thread-1] INFO  server.RaftServerConfigKeys (ConfUtils.java:logGet(43)) - raft.server.log.queue.element-limit = 1024 (custom)
2019-09-24 22:10:03,660 [pool-47-thread-1] INFO  server.RaftServerConfigKeys (ConfUtils.java:logGet(43)) - raft.server.log.appender.buffer.byte-limit = 33554432 (custom)
2019-09-24 22:10:03,660 [pool-57-thread-1] INFO  server.RaftServerConfigKeys (ConfUtils.java:logGet(43)) - raft.server.log.segment.size.max = 1048576 (custom)
2019-09-24 22:10:03,660 [pool-77-thread-1] INFO  server.RaftServerConfigKeys (ConfUtils.java:logGet(43)) - raft.server.log.segment.size.max = 1048576 (custom)
2019-09-24 22:10:03,660 [pool-57-thread-1] INFO  server.RaftServerConfigKeys (ConfUtils.java:logGet(43)) - raft.server.log.preallocated.size = 16384 (custom)
2019-09-24 22:10:03,660 [pool-47-thread-1] INFO  server.RaftServerConfigKeys (ConfUtils.java:logGet(43)) - raft.server.log.segment.size.max = 1048576 (custom)
2019-09-24 22:10:03,661 [pool-57-thread-1] INFO  server.RaftServerConfigKeys (ConfUtils.java:logGet(43)) - raft.server.log.write.buffer.size = 33554432 (custom)
2019-09-24 22:10:03,660 [pool-77-thread-1] INFO  server.RaftServerConfigKeys (ConfUtils.java:logGet(43)) - raft.server.log.segment.cache.num.max = 2 (custom)
2019-09-24 22:10:03,661 [pool-57-thread-1] INFO  server.RaftServerConfigKeys (ConfUtils.java:logGet(43)) - raft.server.log.force.sync.num = 128 (default)
2019-09-24 22:10:03,661 [pool-47-thread-1] INFO  server.RaftServerConfigKeys (ConfUtils.java:logGet(43)) - raft.server.log.segment.cache.num.max = 2 (custom)
2019-09-24 22:10:03,661 [pool-57-thread-1] INFO  server.RaftServerConfigKeys (ConfUtils.java:logGet(43)) - raft.server.log.statemachine.data.sync = true (default)
2019-09-24 22:10:03,661 [pool-77-thread-1] INFO  segmented.SegmentedRaftLogWorker (SegmentedRaftLogWorker.java:<init>(172)) - new d479fc48-3b3e-4e94-9a71-350452190094@group-4D927244C400-SegmentedRaftLogWorker for RaftStorage:Storage Directory /workdir/hadoop-ozone/integration-test/target/test-dir/MiniOzoneClusterImpl-625ae465-5e4c-4ec2-831f-6349f2abf3b1/datanode-5/data/ratis/2d35a69f-e775-44ca-9c3d-4d927244c400
2019-09-24 22:10:03,661 [pool-57-thread-1] INFO  server.RaftServerConfigKeys (ConfUtils.java:logGet(43)) - raft.server.log.statemachine.data.sync.timeout = 10s (default)
2019-09-24 22:10:03,661 [pool-47-thread-1] INFO  segmented.SegmentedRaftLogWorker (SegmentedRaftLogWorker.java:<init>(172)) - new 359d4a8a-7123-4aa7-8691-eb230ca57380@group-4D927244C400-SegmentedRaftLogWorker for RaftStorage:Storage Directory /workdir/hadoop-ozone/integration-test/target/test-dir/MiniOzoneClusterImpl-625ae465-5e4c-4ec2-831f-6349f2abf3b1/datanode-2/data/ratis/2d35a69f-e775-44ca-9c3d-4d927244c400
2019-09-24 22:10:03,662 [pool-57-thread-1] INFO  server.RaftServerConfigKeys (ConfUtils.java:logGet(43)) - raft.server.log.statemachine.data.sync.timeout.retry = -1 (default)
2019-09-24 22:10:03,662 [pool-77-thread-1] INFO  server.RaftServerConfigKeys (ConfUtils.java:logGet(43)) - raft.server.log.queue.byte-limit = 2147483647 (custom)
2019-09-24 22:10:03,662 [pool-57-thread-1] INFO  server.RaftServerConfigKeys (ConfUtils.java:logGet(43)) - raft.server.log.statemachine.data.caching.enabled = true (custom)
2019-09-24 22:10:03,662 [pool-47-thread-1] INFO  server.RaftServerConfigKeys (ConfUtils.java:logGet(43)) - raft.server.log.queue.byte-limit = 2147483647 (custom)
2019-09-24 22:10:03,662 [pool-77-thread-1] INFO  server.RaftServerConfigKeys (ConfUtils.java:logGet(43)) - raft.server.log.queue.element-limit = 1024 (custom)
2019-09-24 22:10:03,662 [pool-57-thread-1] INFO  segmented.SegmentedRaftLogWorker (SegmentedRaftLogWorker.java:lambda$new$0(132)) - d1c7ea34-e1d6-47f6-9bf9-085803419fb1@group-4D927244C400-SegmentedRaftLogWorker: flushIndex: setUnconditionally 0 -> -1
2019-09-24 22:10:03,662 [pool-47-thread-1] INFO  server.RaftServerConfigKeys (ConfUtils.java:logGet(43)) - raft.server.log.queue.element-limit = 1024 (custom)
2019-09-24 22:10:03,662 [pool-77-thread-1] INFO  server.RaftServerConfigKeys (ConfUtils.java:logGet(43)) - raft.server.log.segment.size.max = 1048576 (custom)
2019-09-24 22:10:03,663 [pool-57-thread-1] INFO  server.RaftServerConfigKeys (ConfUtils.java:logGet(43)) - raft.server.snapshot.auto.trigger.enabled = true (custom)
2019-09-24 22:10:03,663 [pool-47-thread-1] INFO  server.RaftServerConfigKeys (ConfUtils.java:logGet(43)) - raft.server.log.segment.size.max = 1048576 (custom)
2019-09-24 22:10:03,663 [pool-57-thread-1] INFO  server.RaftServerConfigKeys (ConfUtils.java:logGet(43)) - raft.server.snapshot.auto.trigger.threshold = 10000 (custom)
2019-09-24 22:10:03,663 [pool-77-thread-1] INFO  server.RaftServerConfigKeys (ConfUtils.java:logGet(43)) - raft.server.log.preallocated.size = 16384 (custom)
2019-09-24 22:10:03,663 [pool-57-thread-1] INFO  server.RaftServerConfigKeys (ConfUtils.java:logGet(43)) - raft.server.snapshot.retention.num.files = 5 (custom)
2019-09-24 22:10:03,663 [pool-47-thread-1] INFO  server.RaftServerConfigKeys (ConfUtils.java:logGet(43)) - raft.server.log.preallocated.size = 16384 (custom)
2019-09-24 22:10:03,663 [pool-57-thread-1] INFO  server.RaftServerConfigKeys (ConfUtils.java:logGet(43)) - raft.server.retrycache.expirytime = 600000ms (custom)
2019-09-24 22:10:03,663 [pool-77-thread-1] INFO  server.RaftServerConfigKeys (ConfUtils.java:logGet(43)) - raft.server.log.write.buffer.size = 33554432 (custom)
2019-09-24 22:10:03,664 [pool-47-thread-1] INFO  server.RaftServerConfigKeys (ConfUtils.java:logGet(43)) - raft.server.log.write.buffer.size = 33554432 (custom)
2019-09-24 22:10:03,664 [pool-77-thread-1] INFO  server.RaftServerConfigKeys (ConfUtils.java:logGet(43)) - raft.server.log.force.sync.num = 128 (default)
2019-09-24 22:10:03,664 [pool-47-thread-1] INFO  server.RaftServerConfigKeys (ConfUtils.java:logGet(43)) - raft.server.log.force.sync.num = 128 (default)
2019-09-24 22:10:03,664 [pool-77-thread-1] INFO  server.RaftServerConfigKeys (ConfUtils.java:logGet(43)) - raft.server.log.statemachine.data.sync = true (default)
2019-09-24 22:10:03,664 [pool-47-thread-1] INFO  server.RaftServerConfigKeys (ConfUtils.java:logGet(43)) - raft.server.log.statemachine.data.sync = true (default)
2019-09-24 22:10:03,664 [pool-77-thread-1] INFO  server.RaftServerConfigKeys (ConfUtils.java:logGet(43)) - raft.server.log.statemachine.data.sync.timeout = 10s (default)
2019-09-24 22:10:03,664 [pool-47-thread-1] INFO  server.RaftServerConfigKeys (ConfUtils.java:logGet(43)) - raft.server.log.statemachine.data.sync.timeout = 10s (default)
2019-09-24 22:10:03,665 [pool-77-thread-1] INFO  server.RaftServerConfigKeys (ConfUtils.java:logGet(43)) - raft.server.log.statemachine.data.sync.timeout.retry = -1 (default)
2019-09-24 22:10:03,665 [pool-47-thread-1] INFO  server.RaftServerConfigKeys (ConfUtils.java:logGet(43)) - raft.server.log.statemachine.data.sync.timeout.retry = -1 (default)
2019-09-24 22:10:03,665 [pool-77-thread-1] INFO  server.RaftServerConfigKeys (ConfUtils.java:logGet(43)) - raft.server.log.statemachine.data.caching.enabled = true (custom)
2019-09-24 22:10:03,665 [pool-47-thread-1] INFO  server.RaftServerConfigKeys (ConfUtils.java:logGet(43)) - raft.server.log.statemachine.data.caching.enabled = true (custom)
2019-09-24 22:10:03,665 [pool-77-thread-1] INFO  segmented.SegmentedRaftLogWorker (SegmentedRaftLogWorker.java:lambda$new$0(132)) - d479fc48-3b3e-4e94-9a71-350452190094@group-4D927244C400-SegmentedRaftLogWorker: flushIndex: setUnconditionally 0 -> -1
2019-09-24 22:10:03,665 [pool-47-thread-1] INFO  segmented.SegmentedRaftLogWorker (SegmentedRaftLogWorker.java:lambda$new$0(132)) - 359d4a8a-7123-4aa7-8691-eb230ca57380@group-4D927244C400-SegmentedRaftLogWorker: flushIndex: setUnconditionally 0 -> -1
2019-09-24 22:10:03,666 [pool-77-thread-1] INFO  server.RaftServerConfigKeys (ConfUtils.java:logGet(43)) - raft.server.snapshot.auto.trigger.enabled = true (custom)
2019-09-24 22:10:03,666 [pool-47-thread-1] INFO  server.RaftServerConfigKeys (ConfUtils.java:logGet(43)) - raft.server.snapshot.auto.trigger.enabled = true (custom)
2019-09-24 22:10:03,666 [pool-77-thread-1] INFO  server.RaftServerConfigKeys (ConfUtils.java:logGet(43)) - raft.server.snapshot.auto.trigger.threshold = 10000 (custom)
2019-09-24 22:10:03,666 [pool-47-thread-1] INFO  server.RaftServerConfigKeys (ConfUtils.java:logGet(43)) - raft.server.snapshot.auto.trigger.threshold = 10000 (custom)
2019-09-24 22:10:03,666 [pool-77-thread-1] INFO  server.RaftServerConfigKeys (ConfUtils.java:logGet(43)) - raft.server.snapshot.retention.num.files = 5 (custom)
2019-09-24 22:10:03,666 [pool-47-thread-1] INFO  server.RaftServerConfigKeys (ConfUtils.java:logGet(43)) - raft.server.snapshot.retention.num.files = 5 (custom)
2019-09-24 22:10:03,666 [pool-77-thread-1] INFO  server.RaftServerConfigKeys (ConfUtils.java:logGet(43)) - raft.server.retrycache.expirytime = 600000ms (custom)
2019-09-24 22:10:03,666 [pool-47-thread-1] INFO  server.RaftServerConfigKeys (ConfUtils.java:logGet(43)) - raft.server.retrycache.expirytime = 600000ms (custom)
2019-09-24 22:10:03,667 [pool-57-thread-1] INFO  impl.RaftServerImpl (RaftServerImpl.java:start(185)) - d1c7ea34-e1d6-47f6-9bf9-085803419fb1@group-4D927244C400: start as a follower, conf=-1: [d479fc48-3b3e-4e94-9a71-350452190094:192.168.151.66:41431, d1c7ea34-e1d6-47f6-9bf9-085803419fb1:192.168.151.66:40540, 359d4a8a-7123-4aa7-8691-eb230ca57380:192.168.151.66:32879], old=null
2019-09-24 22:10:03,667 [pool-57-thread-1] INFO  impl.RaftServerImpl (RaftServerImpl.java:setRole(174)) - d1c7ea34-e1d6-47f6-9bf9-085803419fb1@group-4D927244C400: changes role from      null to FOLLOWER at term 0 for startAsFollower
2019-09-24 22:10:03,667 [pool-57-thread-1] INFO  impl.RoleInfo (RoleInfo.java:updateAndGet(143)) - d1c7ea34-e1d6-47f6-9bf9-085803419fb1: start FollowerState
2019-09-24 22:10:03,668 [pool-57-thread-1] INFO  util.JmxRegister (JmxRegister.java:tryRegister(44)) - Successfully registered JMX Bean with object name Ratis:service=RaftServer,group=group-4D927244C400,id=d1c7ea34-e1d6-47f6-9bf9-085803419fb1
2019-09-24 22:10:03,669 [pool-77-thread-1] INFO  impl.RaftServerImpl (RaftServerImpl.java:start(185)) - d479fc48-3b3e-4e94-9a71-350452190094@group-4D927244C400: start as a follower, conf=-1: [d479fc48-3b3e-4e94-9a71-350452190094:192.168.151.66:41431, d1c7ea34-e1d6-47f6-9bf9-085803419fb1:192.168.151.66:40540, 359d4a8a-7123-4aa7-8691-eb230ca57380:192.168.151.66:32879], old=null
2019-09-24 22:10:03,669 [pool-77-thread-1] INFO  impl.RaftServerImpl (RaftServerImpl.java:setRole(174)) - d479fc48-3b3e-4e94-9a71-350452190094@group-4D927244C400: changes role from      null to FOLLOWER at term 0 for startAsFollower
2019-09-24 22:10:03,669 [pool-77-thread-1] INFO  impl.RoleInfo (RoleInfo.java:updateAndGet(143)) - d479fc48-3b3e-4e94-9a71-350452190094: start FollowerState
2019-09-24 22:10:03,672 [pool-77-thread-1] INFO  util.JmxRegister (JmxRegister.java:tryRegister(44)) - Successfully registered JMX Bean with object name Ratis:service=RaftServer,group=group-4D927244C400,id=d479fc48-3b3e-4e94-9a71-350452190094
2019-09-24 22:10:03,674 [pool-47-thread-1] INFO  impl.RaftServerImpl (RaftServerImpl.java:start(185)) - 359d4a8a-7123-4aa7-8691-eb230ca57380@group-4D927244C400: start as a follower, conf=-1: [d479fc48-3b3e-4e94-9a71-350452190094:192.168.151.66:41431, d1c7ea34-e1d6-47f6-9bf9-085803419fb1:192.168.151.66:40540, 359d4a8a-7123-4aa7-8691-eb230ca57380:192.168.151.66:32879], old=null
2019-09-24 22:10:03,674 [pool-47-thread-1] INFO  impl.RaftServerImpl (RaftServerImpl.java:setRole(174)) - 359d4a8a-7123-4aa7-8691-eb230ca57380@group-4D927244C400: changes role from      null to FOLLOWER at term 0 for startAsFollower
2019-09-24 22:10:03,676 [pool-47-thread-1] INFO  impl.RoleInfo (RoleInfo.java:updateAndGet(143)) - 359d4a8a-7123-4aa7-8691-eb230ca57380: start FollowerState
2019-09-24 22:10:03,678 [pool-47-thread-1] INFO  util.JmxRegister (JmxRegister.java:tryRegister(44)) - Successfully registered JMX Bean with object name Ratis:service=RaftServer,group=group-4D927244C400,id=359d4a8a-7123-4aa7-8691-eb230ca57380
2019-09-24 22:10:03,694 [RatisPipelineUtilsThread] INFO  pipeline.PipelineStateManager (PipelineStateManager.java:addPipeline(56)) - Created pipeline Pipeline[ Id: 2d35a69f-e775-44ca-9c3d-4d927244c400, Nodes: d1c7ea34-e1d6-47f6-9bf9-085803419fb1{ip: 192.168.151.66, host: pr-hdds-2162-v2v4x-1150571016, networkLocation: /default-rack, certSerialId: null}d479fc48-3b3e-4e94-9a71-350452190094{ip: 192.168.151.66, host: pr-hdds-2162-v2v4x-1150571016, networkLocation: /default-rack, certSerialId: null}359d4a8a-7123-4aa7-8691-eb230ca57380{ip: 192.168.151.66, host: pr-hdds-2162-v2v4x-1150571016, networkLocation: /default-rack, certSerialId: null}, Type:RATIS, Factor:THREE, State:OPEN]
2019-09-24 22:10:03,728 [grpc-default-executor-0] INFO  impl.RaftServerProxy (RaftServerProxy.java:addNew(89)) - b4b9e96e-7bb7-46f7-837e-d6d8a00df559: addNew group-5DE5786A30A2:[81dc61f5-3f0d-4495-99d5-0d8363b24cff:192.168.151.66:36247, b4b9e96e-7bb7-46f7-837e-d6d8a00df559:192.168.151.66:38593, a975b012-7e14-4989-9e13-cc869fccbfcb:192.168.151.66:43445] returns group-5DE5786A30A2:java.util.concurrent.CompletableFuture@645e233c[Not completed]
2019-09-24 22:10:03,728 [grpc-default-executor-1] INFO  impl.RaftServerProxy (RaftServerProxy.java:addNew(89)) - a975b012-7e14-4989-9e13-cc869fccbfcb: addNew group-5DE5786A30A2:[81dc61f5-3f0d-4495-99d5-0d8363b24cff:192.168.151.66:36247, b4b9e96e-7bb7-46f7-837e-d6d8a00df559:192.168.151.66:38593, a975b012-7e14-4989-9e13-cc869fccbfcb:192.168.151.66:43445] returns group-5DE5786A30A2:java.util.concurrent.CompletableFuture@231e30d3[Not completed]
2019-09-24 22:10:03,730 [grpc-default-executor-2] INFO  impl.RaftServerProxy (RaftServerProxy.java:addNew(89)) - 81dc61f5-3f0d-4495-99d5-0d8363b24cff: addNew group-5DE5786A30A2:[81dc61f5-3f0d-4495-99d5-0d8363b24cff:192.168.151.66:36247, b4b9e96e-7bb7-46f7-837e-d6d8a00df559:192.168.151.66:38593, a975b012-7e14-4989-9e13-cc869fccbfcb:192.168.151.66:43445] returns group-5DE5786A30A2:java.util.concurrent.CompletableFuture@1a66c1f8[Not completed]
2019-09-24 22:10:03,731 [pool-27-thread-1] INFO  impl.RaftServerImpl (RaftServerImpl.java:<init>(95)) - b4b9e96e-7bb7-46f7-837e-d6d8a00df559: new RaftServerImpl for group-5DE5786A30A2:[81dc61f5-3f0d-4495-99d5-0d8363b24cff:192.168.151.66:36247, b4b9e96e-7bb7-46f7-837e-d6d8a00df559:192.168.151.66:38593, a975b012-7e14-4989-9e13-cc869fccbfcb:192.168.151.66:43445] with ContainerStateMachine:uninitialized
2019-09-24 22:10:03,731 [pool-27-thread-1] INFO  server.RaftServerConfigKeys (ConfUtils.java:logGet(43)) - raft.server.rpc.timeout.min = 5s (custom)
2019-09-24 22:10:03,731 [pool-87-thread-1] INFO  impl.RaftServerImpl (RaftServerImpl.java:<init>(95)) - a975b012-7e14-4989-9e13-cc869fccbfcb: new RaftServerImpl for group-5DE5786A30A2:[81dc61f5-3f0d-4495-99d5-0d8363b24cff:192.168.151.66:36247, b4b9e96e-7bb7-46f7-837e-d6d8a00df559:192.168.151.66:38593, a975b012-7e14-4989-9e13-cc869fccbfcb:192.168.151.66:43445] with ContainerStateMachine:uninitialized
2019-09-24 22:10:03,731 [pool-27-thread-1] INFO  server.RaftServerConfigKeys (ConfUtils.java:logGet(43)) - raft.server.rpc.timeout.max = 5200ms (custom)
2019-09-24 22:10:03,731 [pool-87-thread-1] INFO  server.RaftServerConfigKeys (ConfUtils.java:logGet(43)) - raft.server.rpc.timeout.min = 5s (custom)
2019-09-24 22:10:03,732 [pool-27-thread-1] INFO  server.RaftServerConfigKeys (ConfUtils.java:logGet(43)) - raft.server.rpcslowness.timeout = 120s (custom)
2019-09-24 22:10:03,732 [pool-87-thread-1] INFO  server.RaftServerConfigKeys (ConfUtils.java:logGet(43)) - raft.server.rpc.timeout.max = 5200ms (custom)
2019-09-24 22:10:03,732 [pool-27-thread-1] INFO  server.RaftServerConfigKeys (ConfUtils.java:logGet(43)) - raft.server.sleep.deviation.threshold = 300 (default)
2019-09-24 22:10:03,732 [pool-87-thread-1] INFO  server.RaftServerConfigKeys (ConfUtils.java:logGet(43)) - raft.server.rpcslowness.timeout = 120s (custom)
2019-09-24 22:10:03,732 [pool-67-thread-1] INFO  impl.RaftServerImpl (RaftServerImpl.java:<init>(95)) - 81dc61f5-3f0d-4495-99d5-0d8363b24cff: new RaftServerImpl for group-5DE5786A30A2:[81dc61f5-3f0d-4495-99d5-0d8363b24cff:192.168.151.66:36247, b4b9e96e-7bb7-46f7-837e-d6d8a00df559:192.168.151.66:38593, a975b012-7e14-4989-9e13-cc869fccbfcb:192.168.151.66:43445] with ContainerStateMachine:uninitialized
2019-09-24 22:10:03,732 [pool-27-thread-1] INFO  server.RaftServerConfigKeys (ConfUtils.java:logGet(43)) - raft.server.log.appender.install.snapshot.enabled = false (custom)
2019-09-24 22:10:03,732 [pool-67-thread-1] INFO  server.RaftServerConfigKeys (ConfUtils.java:logGet(43)) - raft.server.rpc.timeout.min = 5s (custom)
2019-09-24 22:10:03,732 [pool-87-thread-1] INFO  server.RaftServerConfigKeys (ConfUtils.java:logGet(43)) - raft.server.sleep.deviation.threshold = 300 (default)
2019-09-24 22:10:03,732 [pool-67-thread-1] INFO  server.RaftServerConfigKeys (ConfUtils.java:logGet(43)) - raft.server.rpc.timeout.max = 5200ms (custom)
2019-09-24 22:10:03,732 [pool-27-thread-1] INFO  impl.RaftServerImpl (ServerState.java:<init>(103)) - b4b9e96e-7bb7-46f7-837e-d6d8a00df559@group-5DE5786A30A2: ConfigurationManager, init=-1: [81dc61f5-3f0d-4495-99d5-0d8363b24cff:192.168.151.66:36247, b4b9e96e-7bb7-46f7-837e-d6d8a00df559:192.168.151.66:38593, a975b012-7e14-4989-9e13-cc869fccbfcb:192.168.151.66:43445], old=null, confs=<EMPTY_MAP>
2019-09-24 22:10:03,733 [pool-67-thread-1] INFO  server.RaftServerConfigKeys (ConfUtils.java:logGet(43)) - raft.server.rpcslowness.timeout = 120s (custom)
2019-09-24 22:10:03,733 [pool-87-thread-1] INFO  server.RaftServerConfigKeys (ConfUtils.java:logGet(43)) - raft.server.log.appender.install.snapshot.enabled = false (custom)
2019-09-24 22:10:03,733 [pool-67-thread-1] INFO  server.RaftServerConfigKeys (ConfUtils.java:logGet(43)) - raft.server.sleep.deviation.threshold = 300 (default)
2019-09-24 22:10:03,733 [pool-27-thread-1] INFO  server.RaftServerConfigKeys (ConfUtils.java:logGet(43)) - raft.server.storage.dir = [/workdir/hadoop-ozone/integration-test/target/test-dir/MiniOzoneClusterImpl-625ae465-5e4c-4ec2-831f-6349f2abf3b1/datanode-0/data/ratis] (custom)
2019-09-24 22:10:03,733 [pool-67-thread-1] INFO  server.RaftServerConfigKeys (ConfUtils.java:logGet(43)) - raft.server.log.appender.install.snapshot.enabled = false (custom)
2019-09-24 22:10:03,733 [pool-87-thread-1] INFO  impl.RaftServerImpl (ServerState.java:<init>(103)) - a975b012-7e14-4989-9e13-cc869fccbfcb@group-5DE5786A30A2: ConfigurationManager, init=-1: [81dc61f5-3f0d-4495-99d5-0d8363b24cff:192.168.151.66:36247, b4b9e96e-7bb7-46f7-837e-d6d8a00df559:192.168.151.66:38593, a975b012-7e14-4989-9e13-cc869fccbfcb:192.168.151.66:43445], old=null, confs=<EMPTY_MAP>
2019-09-24 22:10:03,733 [pool-67-thread-1] INFO  impl.RaftServerImpl (ServerState.java:<init>(103)) - 81dc61f5-3f0d-4495-99d5-0d8363b24cff@group-5DE5786A30A2: ConfigurationManager, init=-1: [81dc61f5-3f0d-4495-99d5-0d8363b24cff:192.168.151.66:36247, b4b9e96e-7bb7-46f7-837e-d6d8a00df559:192.168.151.66:38593, a975b012-7e14-4989-9e13-cc869fccbfcb:192.168.151.66:43445], old=null, confs=<EMPTY_MAP>
2019-09-24 22:10:03,733 [pool-87-thread-1] INFO  server.RaftServerConfigKeys (ConfUtils.java:logGet(43)) - raft.server.storage.dir = [/workdir/hadoop-ozone/integration-test/target/test-dir/MiniOzoneClusterImpl-625ae465-5e4c-4ec2-831f-6349f2abf3b1/datanode-6/data/ratis] (custom)
2019-09-24 22:10:03,733 [pool-27-thread-1] INFO  storage.RaftStorageDirectory (RaftStorageDirectory.java:analyzeStorage(246)) - The storage directory /workdir/hadoop-ozone/integration-test/target/test-dir/MiniOzoneClusterImpl-625ae465-5e4c-4ec2-831f-6349f2abf3b1/datanode-0/data/ratis/034eb7cd-e11c-4e27-9bc6-5de5786a30a2 does not exist. Creating ...
2019-09-24 22:10:03,733 [pool-67-thread-1] INFO  server.RaftServerConfigKeys (ConfUtils.java:logGet(43)) - raft.server.storage.dir = [/workdir/hadoop-ozone/integration-test/target/test-dir/MiniOzoneClusterImpl-625ae465-5e4c-4ec2-831f-6349f2abf3b1/datanode-4/data/ratis] (custom)
2019-09-24 22:10:03,734 [pool-87-thread-1] INFO  storage.RaftStorageDirectory (RaftStorageDirectory.java:analyzeStorage(246)) - The storage directory /workdir/hadoop-ozone/integration-test/target/test-dir/MiniOzoneClusterImpl-625ae465-5e4c-4ec2-831f-6349f2abf3b1/datanode-6/data/ratis/034eb7cd-e11c-4e27-9bc6-5de5786a30a2 does not exist. Creating ...
2019-09-24 22:10:03,734 [pool-67-thread-1] INFO  storage.RaftStorageDirectory (RaftStorageDirectory.java:analyzeStorage(246)) - The storage directory /workdir/hadoop-ozone/integration-test/target/test-dir/MiniOzoneClusterImpl-625ae465-5e4c-4ec2-831f-6349f2abf3b1/datanode-4/data/ratis/034eb7cd-e11c-4e27-9bc6-5de5786a30a2 does not exist. Creating ...
2019-09-24 22:10:03,747 [pool-87-thread-1] INFO  storage.RaftStorageDirectory (RaftStorageDirectory.java:tryLock(328)) - Lock on /workdir/hadoop-ozone/integration-test/target/test-dir/MiniOzoneClusterImpl-625ae465-5e4c-4ec2-831f-6349f2abf3b1/datanode-6/data/ratis/034eb7cd-e11c-4e27-9bc6-5de5786a30a2/in_use.lock acquired by nodename 13453@pr-hdds-2162-v2v4x-1150571016
2019-09-24 22:10:03,747 [pool-67-thread-1] INFO  storage.RaftStorageDirectory (RaftStorageDirectory.java:tryLock(328)) - Lock on /workdir/hadoop-ozone/integration-test/target/test-dir/MiniOzoneClusterImpl-625ae465-5e4c-4ec2-831f-6349f2abf3b1/datanode-4/data/ratis/034eb7cd-e11c-4e27-9bc6-5de5786a30a2/in_use.lock acquired by nodename 13453@pr-hdds-2162-v2v4x-1150571016
2019-09-24 22:10:03,747 [pool-27-thread-1] INFO  storage.RaftStorageDirectory (RaftStorageDirectory.java:tryLock(328)) - Lock on /workdir/hadoop-ozone/integration-test/target/test-dir/MiniOzoneClusterImpl-625ae465-5e4c-4ec2-831f-6349f2abf3b1/datanode-0/data/ratis/034eb7cd-e11c-4e27-9bc6-5de5786a30a2/in_use.lock acquired by nodename 13453@pr-hdds-2162-v2v4x-1150571016
2019-09-24 22:10:03,761 [pool-87-thread-1] INFO  storage.RaftStorage (RaftStorage.java:format(72)) - Storage directory /workdir/hadoop-ozone/integration-test/target/test-dir/MiniOzoneClusterImpl-625ae465-5e4c-4ec2-831f-6349f2abf3b1/datanode-6/data/ratis/034eb7cd-e11c-4e27-9bc6-5de5786a30a2 has been successfully formatted.
2019-09-24 22:10:03,761 [pool-67-thread-1] INFO  storage.RaftStorage (RaftStorage.java:format(72)) - Storage directory /workdir/hadoop-ozone/integration-test/target/test-dir/MiniOzoneClusterImpl-625ae465-5e4c-4ec2-831f-6349f2abf3b1/datanode-4/data/ratis/034eb7cd-e11c-4e27-9bc6-5de5786a30a2 has been successfully formatted.
2019-09-24 22:10:03,761 [pool-27-thread-1] INFO  storage.RaftStorage (RaftStorage.java:format(72)) - Storage directory /workdir/hadoop-ozone/integration-test/target/test-dir/MiniOzoneClusterImpl-625ae465-5e4c-4ec2-831f-6349f2abf3b1/datanode-0/data/ratis/034eb7cd-e11c-4e27-9bc6-5de5786a30a2 has been successfully formatted.
2019-09-24 22:10:03,761 [pool-87-thread-1] INFO  ratis.ContainerStateMachine (ContainerStateMachine.java:loadSnapshot(230)) - group-5DE5786A30A2: The snapshot info is null. Setting the last applied indexto:(t:0, i:~)
2019-09-24 22:10:03,761 [pool-27-thread-1] INFO  ratis.ContainerStateMachine (ContainerStateMachine.java:loadSnapshot(230)) - group-5DE5786A30A2: The snapshot info is null. Setting the last applied indexto:(t:0, i:~)
2019-09-24 22:10:03,761 [pool-67-thread-1] INFO  ratis.ContainerStateMachine (ContainerStateMachine.java:loadSnapshot(230)) - group-5DE5786A30A2: The snapshot info is null. Setting the last applied indexto:(t:0, i:~)
2019-09-24 22:10:03,762 [pool-27-thread-1] INFO  server.RaftServerConfigKeys (ConfUtils.java:logGet(43)) - raft.server.notification.no-leader.timeout = 120s (custom)
2019-09-24 22:10:03,762 [pool-87-thread-1] INFO  server.RaftServerConfigKeys (ConfUtils.java:logGet(43)) - raft.server.notification.no-leader.timeout = 120s (custom)
2019-09-24 22:10:03,762 [pool-27-thread-1] INFO  server.RaftServerConfigKeys (ConfUtils.java:logGet(43)) - raft.server.log.use.memory = false (default)
2019-09-24 22:10:03,762 [pool-67-thread-1] INFO  server.RaftServerConfigKeys (ConfUtils.java:logGet(43)) - raft.server.notification.no-leader.timeout = 120s (custom)
2019-09-24 22:10:03,762 [pool-27-thread-1] INFO  server.RaftServerConfigKeys (ConfUtils.java:logGet(43)) - raft.server.log.purge.gap = 1000000 (custom)
2019-09-24 22:10:03,762 [pool-87-thread-1] INFO  server.RaftServerConfigKeys (ConfUtils.java:logGet(43)) - raft.server.log.use.memory = false (default)
2019-09-24 22:10:03,762 [pool-27-thread-1] INFO  server.RaftServerConfigKeys (ConfUtils.java:logGet(43)) - raft.server.log.appender.buffer.byte-limit = 33554432 (custom)
2019-09-24 22:10:03,762 [pool-67-thread-1] INFO  server.RaftServerConfigKeys (ConfUtils.java:logGet(43)) - raft.server.log.use.memory = false (default)
2019-09-24 22:10:03,763 [pool-27-thread-1] INFO  server.RaftServerConfigKeys (ConfUtils.java:logGet(43)) - raft.server.log.segment.size.max = 1048576 (custom)
2019-09-24 22:10:03,762 [pool-87-thread-1] INFO  server.RaftServerConfigKeys (ConfUtils.java:logGet(43)) - raft.server.log.purge.gap = 1000000 (custom)
2019-09-24 22:10:03,763 [pool-27-thread-1] INFO  server.RaftServerConfigKeys (ConfUtils.java:logGet(43)) - raft.server.log.segment.cache.num.max = 2 (custom)
2019-09-24 22:10:03,763 [pool-67-thread-1] INFO  server.RaftServerConfigKeys (ConfUtils.java:logGet(43)) - raft.server.log.purge.gap = 1000000 (custom)
2019-09-24 22:10:03,763 [pool-27-thread-1] INFO  segmented.SegmentedRaftLogWorker (SegmentedRaftLogWorker.java:<init>(172)) - new b4b9e96e-7bb7-46f7-837e-d6d8a00df559@group-5DE5786A30A2-SegmentedRaftLogWorker for RaftStorage:Storage Directory /workdir/hadoop-ozone/integration-test/target/test-dir/MiniOzoneClusterImpl-625ae465-5e4c-4ec2-831f-6349f2abf3b1/datanode-0/data/ratis/034eb7cd-e11c-4e27-9bc6-5de5786a30a2
2019-09-24 22:10:03,763 [pool-87-thread-1] INFO  server.RaftServerConfigKeys (ConfUtils.java:logGet(43)) - raft.server.log.appender.buffer.byte-limit = 33554432 (custom)
2019-09-24 22:10:03,763 [pool-27-thread-1] INFO  server.RaftServerConfigKeys (ConfUtils.java:logGet(43)) - raft.server.log.queue.byte-limit = 2147483647 (custom)
2019-09-24 22:10:03,763 [pool-67-thread-1] INFO  server.RaftServerConfigKeys (ConfUtils.java:logGet(43)) - raft.server.log.appender.buffer.byte-limit = 33554432 (custom)
2019-09-24 22:10:03,763 [pool-27-thread-1] INFO  server.RaftServerConfigKeys (ConfUtils.java:logGet(43)) - raft.server.log.queue.element-limit = 1024 (custom)
2019-09-24 22:10:03,763 [pool-87-thread-1] INFO  server.RaftServerConfigKeys (ConfUtils.java:logGet(43)) - raft.server.log.segment.size.max = 1048576 (custom)
2019-09-24 22:10:03,764 [pool-27-thread-1] INFO  server.RaftServerConfigKeys (ConfUtils.java:logGet(43)) - raft.server.log.segment.size.max = 1048576 (custom)
2019-09-24 22:10:03,764 [pool-67-thread-1] INFO  server.RaftServerConfigKeys (ConfUtils.java:logGet(43)) - raft.server.log.segment.size.max = 1048576 (custom)
2019-09-24 22:10:03,764 [pool-27-thread-1] INFO  server.RaftServerConfigKeys (ConfUtils.java:logGet(43)) - raft.server.log.preallocated.size = 16384 (custom)
2019-09-24 22:10:03,764 [pool-87-thread-1] INFO  server.RaftServerConfigKeys (ConfUtils.java:logGet(43)) - raft.server.log.segment.cache.num.max = 2 (custom)
2019-09-24 22:10:03,764 [pool-27-thread-1] INFO  server.RaftServerConfigKeys (ConfUtils.java:logGet(43)) - raft.server.log.write.buffer.size = 33554432 (custom)
2019-09-24 22:10:03,764 [pool-67-thread-1] INFO  server.RaftServerConfigKeys (ConfUtils.java:logGet(43)) - raft.server.log.segment.cache.num.max = 2 (custom)
2019-09-24 22:10:03,764 [pool-87-thread-1] INFO  segmented.SegmentedRaftLogWorker (SegmentedRaftLogWorker.java:<init>(172)) - new a975b012-7e14-4989-9e13-cc869fccbfcb@group-5DE5786A30A2-SegmentedRaftLogWorker for RaftStorage:Storage Directory /workdir/hadoop-ozone/integration-test/target/test-dir/MiniOzoneClusterImpl-625ae465-5e4c-4ec2-831f-6349f2abf3b1/datanode-6/data/ratis/034eb7cd-e11c-4e27-9bc6-5de5786a30a2
2019-09-24 22:10:03,764 [pool-67-thread-1] INFO  segmented.SegmentedRaftLogWorker (SegmentedRaftLogWorker.java:<init>(172)) - new 81dc61f5-3f0d-4495-99d5-0d8363b24cff@group-5DE5786A30A2-SegmentedRaftLogWorker for RaftStorage:Storage Directory /workdir/hadoop-ozone/integration-test/target/test-dir/MiniOzoneClusterImpl-625ae465-5e4c-4ec2-831f-6349f2abf3b1/datanode-4/data/ratis/034eb7cd-e11c-4e27-9bc6-5de5786a30a2
2019-09-24 22:10:03,765 [pool-87-thread-1] INFO  server.RaftServerConfigKeys (ConfUtils.java:logGet(43)) - raft.server.log.queue.byte-limit = 2147483647 (custom)
2019-09-24 22:10:03,765 [pool-67-thread-1] INFO  server.RaftServerConfigKeys (ConfUtils.java:logGet(43)) - raft.server.log.queue.byte-limit = 2147483647 (custom)
2019-09-24 22:10:03,765 [pool-27-thread-1] INFO  server.RaftServerConfigKeys (ConfUtils.java:logGet(43)) - raft.server.log.force.sync.num = 128 (default)
2019-09-24 22:10:03,765 [pool-87-thread-1] INFO  server.RaftServerConfigKeys (ConfUtils.java:logGet(43)) - raft.server.log.queue.element-limit = 1024 (custom)
2019-09-24 22:10:03,765 [pool-27-thread-1] INFO  server.RaftServerConfigKeys (ConfUtils.java:logGet(43)) - raft.server.log.statemachine.data.sync = true (default)
2019-09-24 22:10:03,765 [pool-67-thread-1] INFO  server.RaftServerConfigKeys (ConfUtils.java:logGet(43)) - raft.server.log.queue.element-limit = 1024 (custom)
2019-09-24 22:10:03,765 [pool-27-thread-1] INFO  server.RaftServerConfigKeys (ConfUtils.java:logGet(43)) - raft.server.log.statemachine.data.sync.timeout = 10s (default)
2019-09-24 22:10:03,765 [pool-87-thread-1] INFO  server.RaftServerConfigKeys (ConfUtils.java:logGet(43)) - raft.server.log.segment.size.max = 1048576 (custom)
2019-09-24 22:10:03,765 [pool-27-thread-1] INFO  server.RaftServerConfigKeys (ConfUtils.java:logGet(43)) - raft.server.log.statemachine.data.sync.timeout.retry = -1 (default)
2019-09-24 22:10:03,765 [pool-67-thread-1] INFO  server.RaftServerConfigKeys (ConfUtils.java:logGet(43)) - raft.server.log.segment.size.max = 1048576 (custom)
2019-09-24 22:10:03,766 [pool-27-thread-1] INFO  server.RaftServerConfigKeys (ConfUtils.java:logGet(43)) - raft.server.log.statemachine.data.caching.enabled = true (custom)
2019-09-24 22:10:03,766 [pool-87-thread-1] INFO  server.RaftServerConfigKeys (ConfUtils.java:logGet(43)) - raft.server.log.preallocated.size = 16384 (custom)
2019-09-24 22:10:03,766 [pool-67-thread-1] INFO  server.RaftServerConfigKeys (ConfUtils.java:logGet(43)) - raft.server.log.preallocated.size = 16384 (custom)
2019-09-24 22:10:03,766 [pool-87-thread-1] INFO  server.RaftServerConfigKeys (ConfUtils.java:logGet(43)) - raft.server.log.write.buffer.size = 33554432 (custom)
2019-09-24 22:10:03,766 [pool-27-thread-1] INFO  segmented.SegmentedRaftLogWorker (SegmentedRaftLogWorker.java:lambda$new$0(132)) - b4b9e96e-7bb7-46f7-837e-d6d8a00df559@group-5DE5786A30A2-SegmentedRaftLogWorker: flushIndex: setUnconditionally 0 -> -1
2019-09-24 22:10:03,766 [pool-87-thread-1] INFO  server.RaftServerConfigKeys (ConfUtils.java:logGet(43)) - raft.server.log.force.sync.num = 128 (default)
2019-09-24 22:10:03,766 [pool-67-thread-1] INFO  server.RaftServerConfigKeys (ConfUtils.java:logGet(43)) - raft.server.log.write.buffer.size = 33554432 (custom)
2019-09-24 22:10:03,767 [pool-87-thread-1] INFO  server.RaftServerConfigKeys (ConfUtils.java:logGet(43)) - raft.server.log.statemachine.data.sync = true (default)
2019-09-24 22:10:03,767 [pool-27-thread-1] INFO  server.RaftServerConfigKeys (ConfUtils.java:logGet(43)) - raft.server.snapshot.auto.trigger.enabled = true (custom)
2019-09-24 22:10:03,768 [pool-87-thread-1] INFO  server.RaftServerConfigKeys (ConfUtils.java:logGet(43)) - raft.server.log.statemachine.data.sync.timeout = 10s (default)
2019-09-24 22:10:03,767 [pool-67-thread-1] INFO  server.RaftServerConfigKeys (ConfUtils.java:logGet(43)) - raft.server.log.force.sync.num = 128 (default)
2019-09-24 22:10:03,768 [pool-87-thread-1] INFO  server.RaftServerConfigKeys (ConfUtils.java:logGet(43)) - raft.server.log.statemachine.data.sync.timeout.retry = -1 (default)
2019-09-24 22:10:03,768 [pool-27-thread-1] INFO  server.RaftServerConfigKeys (ConfUtils.java:logGet(43)) - raft.server.snapshot.auto.trigger.threshold = 10000 (custom)
2019-09-24 22:10:03,768 [pool-67-thread-1] INFO  server.RaftServerConfigKeys (ConfUtils.java:logGet(43)) - raft.server.log.statemachine.data.sync = true (default)
2019-09-24 22:10:03,768 [pool-87-thread-1] INFO  server.RaftServerConfigKeys (ConfUtils.java:logGet(43)) - raft.server.log.statemachine.data.caching.enabled = true (custom)
2019-09-24 22:10:03,768 [pool-27-thread-1] INFO  server.RaftServerConfigKeys (ConfUtils.java:logGet(43)) - raft.server.snapshot.retention.num.files = 5 (custom)
2019-09-24 22:10:03,768 [pool-67-thread-1] INFO  server.RaftServerConfigKeys (ConfUtils.java:logGet(43)) - raft.server.log.statemachine.data.sync.timeout = 10s (default)
2019-09-24 22:10:03,769 [pool-87-thread-1] INFO  segmented.SegmentedRaftLogWorker (SegmentedRaftLogWorker.java:lambda$new$0(132)) - a975b012-7e14-4989-9e13-cc869fccbfcb@group-5DE5786A30A2-SegmentedRaftLogWorker: flushIndex: setUnconditionally 0 -> -1
2019-09-24 22:10:03,769 [pool-27-thread-1] INFO  server.RaftServerConfigKeys (ConfUtils.java:logGet(43)) - raft.server.retrycache.expirytime = 600000ms (custom)
2019-09-24 22:10:03,769 [pool-67-thread-1] INFO  server.RaftServerConfigKeys (ConfUtils.java:logGet(43)) - raft.server.log.statemachine.data.sync.timeout.retry = -1 (default)
2019-09-24 22:10:03,769 [pool-87-thread-1] INFO  server.RaftServerConfigKeys (ConfUtils.java:logGet(43)) - raft.server.snapshot.auto.trigger.enabled = true (custom)
2019-09-24 22:10:03,769 [pool-67-thread-1] INFO  server.RaftServerConfigKeys (ConfUtils.java:logGet(43)) - raft.server.log.statemachine.data.caching.enabled = true (custom)
2019-09-24 22:10:03,769 [pool-87-thread-1] INFO  server.RaftServerConfigKeys (ConfUtils.java:logGet(43)) - raft.server.snapshot.auto.trigger.threshold = 10000 (custom)
2019-09-24 22:10:03,769 [pool-87-thread-1] INFO  server.RaftServerConfigKeys (ConfUtils.java:logGet(43)) - raft.server.snapshot.retention.num.files = 5 (custom)
2019-09-24 22:10:03,769 [pool-67-thread-1] INFO  segmented.SegmentedRaftLogWorker (SegmentedRaftLogWorker.java:lambda$new$0(132)) - 81dc61f5-3f0d-4495-99d5-0d8363b24cff@group-5DE5786A30A2-SegmentedRaftLogWorker: flushIndex: setUnconditionally 0 -> -1
2019-09-24 22:10:03,770 [pool-87-thread-1] INFO  server.RaftServerConfigKeys (ConfUtils.java:logGet(43)) - raft.server.retrycache.expirytime = 600000ms (custom)
2019-09-24 22:10:03,770 [pool-67-thread-1] INFO  server.RaftServerConfigKeys (ConfUtils.java:logGet(43)) - raft.server.snapshot.auto.trigger.enabled = true (custom)
2019-09-24 22:10:03,770 [pool-67-thread-1] INFO  server.RaftServerConfigKeys (ConfUtils.java:logGet(43)) - raft.server.snapshot.auto.trigger.threshold = 10000 (custom)
2019-09-24 22:10:03,770 [pool-67-thread-1] INFO  server.RaftServerConfigKeys (ConfUtils.java:logGet(43)) - raft.server.snapshot.retention.num.files = 5 (custom)
2019-09-24 22:10:03,770 [pool-67-thread-1] INFO  server.RaftServerConfigKeys (ConfUtils.java:logGet(43)) - raft.server.retrycache.expirytime = 600000ms (custom)
2019-09-24 22:10:03,773 [pool-27-thread-1] INFO  impl.RaftServerImpl (RaftServerImpl.java:start(185)) - b4b9e96e-7bb7-46f7-837e-d6d8a00df559@group-5DE5786A30A2: start as a follower, conf=-1: [81dc61f5-3f0d-4495-99d5-0d8363b24cff:192.168.151.66:36247, b4b9e96e-7bb7-46f7-837e-d6d8a00df559:192.168.151.66:38593, a975b012-7e14-4989-9e13-cc869fccbfcb:192.168.151.66:43445], old=null
2019-09-24 22:10:03,773 [pool-27-thread-1] INFO  impl.RaftServerImpl (RaftServerImpl.java:setRole(174)) - b4b9e96e-7bb7-46f7-837e-d6d8a00df559@group-5DE5786A30A2: changes role from      null to FOLLOWER at term 0 for startAsFollower
2019-09-24 22:10:03,773 [pool-27-thread-1] INFO  impl.RoleInfo (RoleInfo.java:updateAndGet(143)) - b4b9e96e-7bb7-46f7-837e-d6d8a00df559: start FollowerState
2019-09-24 22:10:03,774 [pool-27-thread-1] INFO  util.JmxRegister (JmxRegister.java:tryRegister(44)) - Successfully registered JMX Bean with object name Ratis:service=RaftServer,group=group-5DE5786A30A2,id=b4b9e96e-7bb7-46f7-837e-d6d8a00df559
2019-09-24 22:10:03,774 [pool-87-thread-1] INFO  impl.RaftServerImpl (RaftServerImpl.java:start(185)) - a975b012-7e14-4989-9e13-cc869fccbfcb@group-5DE5786A30A2: start as a follower, conf=-1: [81dc61f5-3f0d-4495-99d5-0d8363b24cff:192.168.151.66:36247, b4b9e96e-7bb7-46f7-837e-d6d8a00df559:192.168.151.66:38593, a975b012-7e14-4989-9e13-cc869fccbfcb:192.168.151.66:43445], old=null
2019-09-24 22:10:03,774 [pool-67-thread-1] INFO  impl.RaftServerImpl (RaftServerImpl.java:start(185)) - 81dc61f5-3f0d-4495-99d5-0d8363b24cff@group-5DE5786A30A2: start as a follower, conf=-1: [81dc61f5-3f0d-4495-99d5-0d8363b24cff:192.168.151.66:36247, b4b9e96e-7bb7-46f7-837e-d6d8a00df559:192.168.151.66:38593, a975b012-7e14-4989-9e13-cc869fccbfcb:192.168.151.66:43445], old=null
2019-09-24 22:10:03,774 [pool-87-thread-1] INFO  impl.RaftServerImpl (RaftServerImpl.java:setRole(174)) - a975b012-7e14-4989-9e13-cc869fccbfcb@group-5DE5786A30A2: changes role from      null to FOLLOWER at term 0 for startAsFollower
2019-09-24 22:10:03,774 [pool-67-thread-1] INFO  impl.RaftServerImpl (RaftServerImpl.java:setRole(174)) - 81dc61f5-3f0d-4495-99d5-0d8363b24cff@group-5DE5786A30A2: changes role from      null to FOLLOWER at term 0 for startAsFollower
2019-09-24 22:10:03,775 [pool-87-thread-1] INFO  impl.RoleInfo (RoleInfo.java:updateAndGet(143)) - a975b012-7e14-4989-9e13-cc869fccbfcb: start FollowerState
2019-09-24 22:10:03,775 [pool-67-thread-1] INFO  impl.RoleInfo (RoleInfo.java:updateAndGet(143)) - 81dc61f5-3f0d-4495-99d5-0d8363b24cff: start FollowerState
2019-09-24 22:10:03,775 [pool-87-thread-1] INFO  util.JmxRegister (JmxRegister.java:tryRegister(44)) - Successfully registered JMX Bean with object name Ratis:service=RaftServer,group=group-5DE5786A30A2,id=a975b012-7e14-4989-9e13-cc869fccbfcb
2019-09-24 22:10:03,775 [pool-67-thread-1] INFO  util.JmxRegister (JmxRegister.java:tryRegister(44)) - Successfully registered JMX Bean with object name Ratis:service=RaftServer,group=group-5DE5786A30A2,id=81dc61f5-3f0d-4495-99d5-0d8363b24cff
2019-09-24 22:10:03,798 [RatisPipelineUtilsThread] INFO  pipeline.PipelineStateManager (PipelineStateManager.java:addPipeline(56)) - Created pipeline Pipeline[ Id: 034eb7cd-e11c-4e27-9bc6-5de5786a30a2, Nodes: b4b9e96e-7bb7-46f7-837e-d6d8a00df559{ip: 192.168.151.66, host: pr-hdds-2162-v2v4x-1150571016, networkLocation: /default-rack, certSerialId: null}a975b012-7e14-4989-9e13-cc869fccbfcb{ip: 192.168.151.66, host: pr-hdds-2162-v2v4x-1150571016, networkLocation: /default-rack, certSerialId: null}81dc61f5-3f0d-4495-99d5-0d8363b24cff{ip: 192.168.151.66, host: pr-hdds-2162-v2v4x-1150571016, networkLocation: /default-rack, certSerialId: null}, Type:RATIS, Factor:THREE, State:OPEN]
2019-09-24 22:10:04,836 [main] INFO  ipc.Client (Client.java:handleConnectionFailure(948)) - Retrying connect to server: localhost/127.0.0.1:0. Already tried 0 time(s); retry policy is RetryUpToMaximumCountWithFixedSleep(maxRetries=10, sleepTime=1000 MILLISECONDS)
2019-09-24 22:10:05,097 [Thread-238] INFO  container.ReplicationManager (ReplicationManager.java:start(162)) - Starting Replication Monitor Thread.
2019-09-24 22:10:05,101 [ReplicationMonitor] INFO  container.ReplicationManager (ReplicationManager.java:run(225)) - Replication Monitor Thread took 1 milliseconds for processing 0 containers.
2019-09-24 22:10:05,838 [main] INFO  ipc.Client (Client.java:handleConnectionFailure(948)) - Retrying connect to server: localhost/127.0.0.1:0. Already tried 1 time(s); retry policy is RetryUpToMaximumCountWithFixedSleep(maxRetries=10, sleepTime=1000 MILLISECONDS)
2019-09-24 22:10:06,839 [main] INFO  ipc.Client (Client.java:handleConnectionFailure(948)) - Retrying connect to server: localhost/127.0.0.1:0. Already tried 2 time(s); retry policy is RetryUpToMaximumCountWithFixedSleep(maxRetries=10, sleepTime=1000 MILLISECONDS)
2019-09-24 22:10:07,840 [main] INFO  ipc.Client (Client.java:handleConnectionFailure(948)) - Retrying connect to server: localhost/127.0.0.1:0. Already tried 3 time(s); retry policy is RetryUpToMaximumCountWithFixedSleep(maxRetries=10, sleepTime=1000 MILLISECONDS)
2019-09-24 22:10:07,846 [Thread-240] INFO  impl.FollowerState (FollowerState.java:run(106)) - b4b9e96e-7bb7-46f7-837e-d6d8a00df559:group-D6463F33EDCF changes to CANDIDATE, lastRpcTime:5017, electionTimeout:5016ms
2019-09-24 22:10:07,848 [Thread-240] INFO  impl.RoleInfo (RoleInfo.java:shutdownFollowerState(121)) - b4b9e96e-7bb7-46f7-837e-d6d8a00df559: shutdown FollowerState
2019-09-24 22:10:07,848 [Thread-240] INFO  impl.RaftServerImpl (RaftServerImpl.java:setRole(174)) - b4b9e96e-7bb7-46f7-837e-d6d8a00df559@group-D6463F33EDCF: changes role from  FOLLOWER to CANDIDATE at term 0 for changeToCandidate
2019-09-24 22:10:07,856 [Thread-240] INFO  impl.RoleInfo (RoleInfo.java:updateAndGet(143)) - b4b9e96e-7bb7-46f7-837e-d6d8a00df559: start LeaderElection
2019-09-24 22:10:07,873 [b4b9e96e-7bb7-46f7-837e-d6d8a00df559@group-D6463F33EDCF:LeaderElection1] INFO  impl.LeaderElection (LeaderElection.java:askForVotes(182)) - b4b9e96e-7bb7-46f7-837e-d6d8a00df559@group-D6463F33EDCF:LeaderElection1: begin an election at term 1 for -1: [b4b9e96e-7bb7-46f7-837e-d6d8a00df559:192.168.151.66:38593], old=null
2019-09-24 22:10:07,874 [b4b9e96e-7bb7-46f7-837e-d6d8a00df559@group-D6463F33EDCF:LeaderElection1] INFO  impl.RoleInfo (RoleInfo.java:shutdownLeaderElection(134)) - b4b9e96e-7bb7-46f7-837e-d6d8a00df559: shutdown LeaderElection
2019-09-24 22:10:07,875 [b4b9e96e-7bb7-46f7-837e-d6d8a00df559@group-D6463F33EDCF:LeaderElection1] INFO  impl.RaftServerImpl (RaftServerImpl.java:setRole(174)) - b4b9e96e-7bb7-46f7-837e-d6d8a00df559@group-D6463F33EDCF: changes role from CANDIDATE to LEADER at term 1 for changeToLeader
2019-09-24 22:10:07,875 [b4b9e96e-7bb7-46f7-837e-d6d8a00df559@group-D6463F33EDCF:LeaderElection1] INFO  impl.RaftServerImpl (ServerState.java:setLeader(253)) - b4b9e96e-7bb7-46f7-837e-d6d8a00df559@group-D6463F33EDCF: change Leader from null to b4b9e96e-7bb7-46f7-837e-d6d8a00df559 at term 1 for becomeLeader, leader elected after 5146ms
2019-09-24 22:10:07,883 [b4b9e96e-7bb7-46f7-837e-d6d8a00df559@group-D6463F33EDCF:LeaderElection1] INFO  server.RaftServerConfigKeys (ConfUtils.java:logGet(43)) - raft.server.staging.catchup.gap = 1000 (default)
2019-09-24 22:10:07,883 [b4b9e96e-7bb7-46f7-837e-d6d8a00df559@group-D6463F33EDCF:LeaderElection1] INFO  server.RaftServerConfigKeys (ConfUtils.java:logGet(43)) - raft.server.rpc.sleep.time = 25ms (default)
2019-09-24 22:10:07,886 [b4b9e96e-7bb7-46f7-837e-d6d8a00df559@group-D6463F33EDCF:LeaderElection1] INFO  server.RaftServerConfigKeys (ConfUtils.java:logGet(43)) - raft.server.write.element-limit = 4096 (default)
2019-09-24 22:10:07,889 [b4b9e96e-7bb7-46f7-837e-d6d8a00df559@group-D6463F33EDCF:LeaderElection1] INFO  server.RaftServerConfigKeys (ConfUtils.java:logGet(43)) - raft.server.watch.timeout = 10s (default)
2019-09-24 22:10:07,889 [b4b9e96e-7bb7-46f7-837e-d6d8a00df559@group-D6463F33EDCF:LeaderElection1] INFO  server.RaftServerConfigKeys (ConfUtils.java:logGet(43)) - raft.server.watch.timeout.denomination = 1s (default)
2019-09-24 22:10:07,890 [b4b9e96e-7bb7-46f7-837e-d6d8a00df559@group-D6463F33EDCF:LeaderElection1] INFO  server.RaftServerConfigKeys (ConfUtils.java:logGet(43)) - raft.server.watch.element-limit = 65536 (default)
2019-09-24 22:10:07,902 [b4b9e96e-7bb7-46f7-837e-d6d8a00df559@group-D6463F33EDCF:LeaderElection1] INFO  impl.RoleInfo (RoleInfo.java:updateAndGet(143)) - b4b9e96e-7bb7-46f7-837e-d6d8a00df559: start LeaderState
2019-09-24 22:10:07,923 [b4b9e96e-7bb7-46f7-837e-d6d8a00df559@group-D6463F33EDCF:LeaderElection1] INFO  segmented.SegmentedRaftLogWorker (SegmentedRaftLogWorker.java:startLogSegment(380)) - b4b9e96e-7bb7-46f7-837e-d6d8a00df559@group-D6463F33EDCF-SegmentedRaftLogWorker: Starting segment from index:0
2019-09-24 22:10:07,932 [b4b9e96e-7bb7-46f7-837e-d6d8a00df559@group-D6463F33EDCF:LeaderElection1] INFO  impl.RaftServerImpl (ServerState.java:setRaftConf(354)) - b4b9e96e-7bb7-46f7-837e-d6d8a00df559@group-D6463F33EDCF: set configuration 0: [b4b9e96e-7bb7-46f7-837e-d6d8a00df559:192.168.151.66:38593], old=null at 0
2019-09-24 22:10:08,111 [b4b9e96e-7bb7-46f7-837e-d6d8a00df559@group-D6463F33EDCF-SegmentedRaftLogWorker] INFO  segmented.SegmentedRaftLogWorker (SegmentedRaftLogWorker.java:execute(569)) - b4b9e96e-7bb7-46f7-837e-d6d8a00df559@group-D6463F33EDCF-SegmentedRaftLogWorker: created new log segment /workdir/hadoop-ozone/integration-test/target/test-dir/MiniOzoneClusterImpl-625ae465-5e4c-4ec2-831f-6349f2abf3b1/datanode-0/data/ratis/d581b082-2f67-4087-906e-d6463f33edcf/current/log_inprogress_0
2019-09-24 22:10:08,195 [Thread-243] INFO  impl.FollowerState (FollowerState.java:run(106)) - d1c7ea34-e1d6-47f6-9bf9-085803419fb1:group-DC1AF15CA726 changes to CANDIDATE, lastRpcTime:5114, electionTimeout:5112ms
2019-09-24 22:10:08,197 [Thread-243] INFO  impl.RoleInfo (RoleInfo.java:shutdownFollowerState(121)) - d1c7ea34-e1d6-47f6-9bf9-085803419fb1: shutdown FollowerState
2019-09-24 22:10:08,197 [Thread-243] INFO  impl.RaftServerImpl (RaftServerImpl.java:setRole(174)) - d1c7ea34-e1d6-47f6-9bf9-085803419fb1@group-DC1AF15CA726: changes role from  FOLLOWER to CANDIDATE at term 0 for changeToCandidate
2019-09-24 22:10:08,197 [Thread-243] INFO  impl.RoleInfo (RoleInfo.java:updateAndGet(143)) - d1c7ea34-e1d6-47f6-9bf9-085803419fb1: start LeaderElection
2019-09-24 22:10:08,216 [d1c7ea34-e1d6-47f6-9bf9-085803419fb1@group-DC1AF15CA726:LeaderElection2] INFO  impl.LeaderElection (LeaderElection.java:askForVotes(182)) - d1c7ea34-e1d6-47f6-9bf9-085803419fb1@group-DC1AF15CA726:LeaderElection2: begin an election at term 1 for -1: [d1c7ea34-e1d6-47f6-9bf9-085803419fb1:192.168.151.66:40540], old=null
2019-09-24 22:10:08,218 [d1c7ea34-e1d6-47f6-9bf9-085803419fb1@group-DC1AF15CA726:LeaderElection2] INFO  impl.RoleInfo (RoleInfo.java:shutdownLeaderElection(134)) - d1c7ea34-e1d6-47f6-9bf9-085803419fb1: shutdown LeaderElection
2019-09-24 22:10:08,218 [d1c7ea34-e1d6-47f6-9bf9-085803419fb1@group-DC1AF15CA726:LeaderElection2] INFO  impl.RaftServerImpl (RaftServerImpl.java:setRole(174)) - d1c7ea34-e1d6-47f6-9bf9-085803419fb1@group-DC1AF15CA726: changes role from CANDIDATE to LEADER at term 1 for changeToLeader
2019-09-24 22:10:08,218 [d1c7ea34-e1d6-47f6-9bf9-085803419fb1@group-DC1AF15CA726:LeaderElection2] INFO  impl.RaftServerImpl (ServerState.java:setLeader(253)) - d1c7ea34-e1d6-47f6-9bf9-085803419fb1@group-DC1AF15CA726: change Leader from null to d1c7ea34-e1d6-47f6-9bf9-085803419fb1 at term 1 for becomeLeader, leader elected after 5157ms
2019-09-24 22:10:08,220 [d1c7ea34-e1d6-47f6-9bf9-085803419fb1@group-DC1AF15CA726:LeaderElection2] INFO  server.RaftServerConfigKeys (ConfUtils.java:logGet(43)) - raft.server.staging.catchup.gap = 1000 (default)
2019-09-24 22:10:08,220 [d1c7ea34-e1d6-47f6-9bf9-085803419fb1@group-DC1AF15CA726:LeaderElection2] INFO  server.RaftServerConfigKeys (ConfUtils.java:logGet(43)) - raft.server.rpc.sleep.time = 25ms (default)
2019-09-24 22:10:08,220 [d1c7ea34-e1d6-47f6-9bf9-085803419fb1@group-DC1AF15CA726:LeaderElection2] INFO  server.RaftServerConfigKeys (ConfUtils.java:logGet(43)) - raft.server.write.element-limit = 4096 (default)
2019-09-24 22:10:08,221 [d1c7ea34-e1d6-47f6-9bf9-085803419fb1@group-DC1AF15CA726:LeaderElection2] INFO  server.RaftServerConfigKeys (ConfUtils.java:logGet(43)) - raft.server.watch.timeout = 10s (default)
2019-09-24 22:10:08,221 [d1c7ea34-e1d6-47f6-9bf9-085803419fb1@group-DC1AF15CA726:LeaderElection2] INFO  server.RaftServerConfigKeys (ConfUtils.java:logGet(43)) - raft.server.watch.timeout.denomination = 1s (default)
2019-09-24 22:10:08,221 [d1c7ea34-e1d6-47f6-9bf9-085803419fb1@group-DC1AF15CA726:LeaderElection2] INFO  server.RaftServerConfigKeys (ConfUtils.java:logGet(43)) - raft.server.watch.element-limit = 65536 (default)
2019-09-24 22:10:08,224 [d1c7ea34-e1d6-47f6-9bf9-085803419fb1@group-DC1AF15CA726:LeaderElection2] INFO  impl.RoleInfo (RoleInfo.java:updateAndGet(143)) - d1c7ea34-e1d6-47f6-9bf9-085803419fb1: start LeaderState
2019-09-24 22:10:08,224 [d1c7ea34-e1d6-47f6-9bf9-085803419fb1@group-DC1AF15CA726:LeaderElection2] INFO  segmented.SegmentedRaftLogWorker (SegmentedRaftLogWorker.java:startLogSegment(380)) - d1c7ea34-e1d6-47f6-9bf9-085803419fb1@group-DC1AF15CA726-SegmentedRaftLogWorker: Starting segment from index:0
2019-09-24 22:10:08,225 [d1c7ea34-e1d6-47f6-9bf9-085803419fb1@group-DC1AF15CA726:LeaderElection2] INFO  impl.RaftServerImpl (ServerState.java:setRaftConf(354)) - d1c7ea34-e1d6-47f6-9bf9-085803419fb1@group-DC1AF15CA726: set configuration 0: [d1c7ea34-e1d6-47f6-9bf9-085803419fb1:192.168.151.66:40540], old=null at 0
2019-09-24 22:10:08,252 [d1c7ea34-e1d6-47f6-9bf9-085803419fb1@group-DC1AF15CA726-SegmentedRaftLogWorker] INFO  segmented.SegmentedRaftLogWorker (SegmentedRaftLogWorker.java:execute(569)) - d1c7ea34-e1d6-47f6-9bf9-085803419fb1@group-DC1AF15CA726-SegmentedRaftLogWorker: created new log segment /workdir/hadoop-ozone/integration-test/target/test-dir/MiniOzoneClusterImpl-625ae465-5e4c-4ec2-831f-6349f2abf3b1/datanode-3/data/ratis/e19fbd3b-c4e3-4662-ae37-dc1af15ca726/current/log_inprogress_0
2019-09-24 22:10:08,379 [Thread-249] INFO  impl.FollowerState (FollowerState.java:run(106)) - 359d4a8a-7123-4aa7-8691-eb230ca57380:group-1345F7D857D8 changes to CANDIDATE, lastRpcTime:5073, electionTimeout:5073ms
2019-09-24 22:10:08,379 [Thread-249] INFO  impl.RoleInfo (RoleInfo.java:shutdownFollowerState(121)) - 359d4a8a-7123-4aa7-8691-eb230ca57380: shutdown FollowerState
2019-09-24 22:10:08,379 [Thread-249] INFO  impl.RaftServerImpl (RaftServerImpl.java:setRole(174)) - 359d4a8a-7123-4aa7-8691-eb230ca57380@group-1345F7D857D8: changes role from  FOLLOWER to CANDIDATE at term 0 for changeToCandidate
2019-09-24 22:10:08,379 [Thread-249] INFO  impl.RoleInfo (RoleInfo.java:updateAndGet(143)) - 359d4a8a-7123-4aa7-8691-eb230ca57380: start LeaderElection
2019-09-24 22:10:08,407 [359d4a8a-7123-4aa7-8691-eb230ca57380@group-1345F7D857D8:LeaderElection3] INFO  impl.LeaderElection (LeaderElection.java:askForVotes(182)) - 359d4a8a-7123-4aa7-8691-eb230ca57380@group-1345F7D857D8:LeaderElection3: begin an election at term 1 for -1: [359d4a8a-7123-4aa7-8691-eb230ca57380:192.168.151.66:32879], old=null
2019-09-24 22:10:08,407 [359d4a8a-7123-4aa7-8691-eb230ca57380@group-1345F7D857D8:LeaderElection3] INFO  impl.RoleInfo (RoleInfo.java:shutdownLeaderElection(134)) - 359d4a8a-7123-4aa7-8691-eb230ca57380: shutdown LeaderElection
2019-09-24 22:10:08,407 [359d4a8a-7123-4aa7-8691-eb230ca57380@group-1345F7D857D8:LeaderElection3] INFO  impl.RaftServerImpl (RaftServerImpl.java:setRole(174)) - 359d4a8a-7123-4aa7-8691-eb230ca57380@group-1345F7D857D8: changes role from CANDIDATE to LEADER at term 1 for changeToLeader
2019-09-24 22:10:08,408 [359d4a8a-7123-4aa7-8691-eb230ca57380@group-1345F7D857D8:LeaderElection3] INFO  impl.RaftServerImpl (ServerState.java:setLeader(253)) - 359d4a8a-7123-4aa7-8691-eb230ca57380@group-1345F7D857D8: change Leader from null to 359d4a8a-7123-4aa7-8691-eb230ca57380 at term 1 for becomeLeader, leader elected after 5117ms
2019-09-24 22:10:08,409 [359d4a8a-7123-4aa7-8691-eb230ca57380@group-1345F7D857D8:LeaderElection3] INFO  server.RaftServerConfigKeys (ConfUtils.java:logGet(43)) - raft.server.staging.catchup.gap = 1000 (default)
2019-09-24 22:10:08,409 [359d4a8a-7123-4aa7-8691-eb230ca57380@group-1345F7D857D8:LeaderElection3] INFO  server.RaftServerConfigKeys (ConfUtils.java:logGet(43)) - raft.server.rpc.sleep.time = 25ms (default)
2019-09-24 22:10:08,409 [359d4a8a-7123-4aa7-8691-eb230ca57380@group-1345F7D857D8:LeaderElection3] INFO  server.RaftServerConfigKeys (ConfUtils.java:logGet(43)) - raft.server.write.element-limit = 4096 (default)
2019-09-24 22:10:08,410 [359d4a8a-7123-4aa7-8691-eb230ca57380@group-1345F7D857D8:LeaderElection3] INFO  server.RaftServerConfigKeys (ConfUtils.java:logGet(43)) - raft.server.watch.timeout = 10s (default)
2019-09-24 22:10:08,410 [359d4a8a-7123-4aa7-8691-eb230ca57380@group-1345F7D857D8:LeaderElection3] INFO  server.RaftServerConfigKeys (ConfUtils.java:logGet(43)) - raft.server.watch.timeout.denomination = 1s (default)
2019-09-24 22:10:08,410 [359d4a8a-7123-4aa7-8691-eb230ca57380@group-1345F7D857D8:LeaderElection3] INFO  server.RaftServerConfigKeys (ConfUtils.java:logGet(43)) - raft.server.watch.element-limit = 65536 (default)
2019-09-24 22:10:08,412 [Thread-246] INFO  impl.FollowerState (FollowerState.java:run(106)) - d479fc48-3b3e-4e94-9a71-350452190094:group-99BE392F4883 changes to CANDIDATE, lastRpcTime:5187, electionTimeout:5187ms
2019-09-24 22:10:08,412 [Thread-246] INFO  impl.RoleInfo (RoleInfo.java:shutdownFollowerState(121)) - d479fc48-3b3e-4e94-9a71-350452190094: shutdown FollowerState
2019-09-24 22:10:08,412 [Thread-246] INFO  impl.RaftServerImpl (RaftServerImpl.java:setRole(174)) - d479fc48-3b3e-4e94-9a71-350452190094@group-99BE392F4883: changes role from  FOLLOWER to CANDIDATE at term 0 for changeToCandidate
2019-09-24 22:10:08,412 [Thread-246] INFO  impl.RoleInfo (RoleInfo.java:updateAndGet(143)) - d479fc48-3b3e-4e94-9a71-350452190094: start LeaderElection
2019-09-24 22:10:08,416 [359d4a8a-7123-4aa7-8691-eb230ca57380@group-1345F7D857D8:LeaderElection3] INFO  impl.RoleInfo (RoleInfo.java:updateAndGet(143)) - 359d4a8a-7123-4aa7-8691-eb230ca57380: start LeaderState
2019-09-24 22:10:08,416 [359d4a8a-7123-4aa7-8691-eb230ca57380@group-1345F7D857D8:LeaderElection3] INFO  segmented.SegmentedRaftLogWorker (SegmentedRaftLogWorker.java:startLogSegment(380)) - 359d4a8a-7123-4aa7-8691-eb230ca57380@group-1345F7D857D8-SegmentedRaftLogWorker: Starting segment from index:0
2019-09-24 22:10:08,416 [359d4a8a-7123-4aa7-8691-eb230ca57380@group-1345F7D857D8:LeaderElection3] INFO  impl.RaftServerImpl (ServerState.java:setRaftConf(354)) - 359d4a8a-7123-4aa7-8691-eb230ca57380@group-1345F7D857D8: set configuration 0: [359d4a8a-7123-4aa7-8691-eb230ca57380:192.168.151.66:32879], old=null at 0
2019-09-24 22:10:08,437 [d479fc48-3b3e-4e94-9a71-350452190094@group-99BE392F4883:LeaderElection4] INFO  impl.LeaderElection (LeaderElection.java:askForVotes(182)) - d479fc48-3b3e-4e94-9a71-350452190094@group-99BE392F4883:LeaderElection4: begin an election at term 1 for -1: [d479fc48-3b3e-4e94-9a71-350452190094:192.168.151.66:41431], old=null
2019-09-24 22:10:08,437 [d479fc48-3b3e-4e94-9a71-350452190094@group-99BE392F4883:LeaderElection4] INFO  impl.RoleInfo (RoleInfo.java:shutdownLeaderElection(134)) - d479fc48-3b3e-4e94-9a71-350452190094: shutdown LeaderElection
2019-09-24 22:10:08,437 [d479fc48-3b3e-4e94-9a71-350452190094@group-99BE392F4883:LeaderElection4] INFO  impl.RaftServerImpl (RaftServerImpl.java:setRole(174)) - d479fc48-3b3e-4e94-9a71-350452190094@group-99BE392F4883: changes role from CANDIDATE to LEADER at term 1 for changeToLeader
2019-09-24 22:10:08,437 [d479fc48-3b3e-4e94-9a71-350452190094@group-99BE392F4883:LeaderElection4] INFO  impl.RaftServerImpl (ServerState.java:setLeader(253)) - d479fc48-3b3e-4e94-9a71-350452190094@group-99BE392F4883: change Leader from null to d479fc48-3b3e-4e94-9a71-350452190094 at term 1 for becomeLeader, leader elected after 5253ms
2019-09-24 22:10:08,439 [d479fc48-3b3e-4e94-9a71-350452190094@group-99BE392F4883:LeaderElection4] INFO  server.RaftServerConfigKeys (ConfUtils.java:logGet(43)) - raft.server.staging.catchup.gap = 1000 (default)
2019-09-24 22:10:08,439 [d479fc48-3b3e-4e94-9a71-350452190094@group-99BE392F4883:LeaderElection4] INFO  server.RaftServerConfigKeys (ConfUtils.java:logGet(43)) - raft.server.rpc.sleep.time = 25ms (default)
2019-09-24 22:10:08,439 [d479fc48-3b3e-4e94-9a71-350452190094@group-99BE392F4883:LeaderElection4] INFO  server.RaftServerConfigKeys (ConfUtils.java:logGet(43)) - raft.server.write.element-limit = 4096 (default)
2019-09-24 22:10:08,439 [d479fc48-3b3e-4e94-9a71-350452190094@group-99BE392F4883:LeaderElection4] INFO  server.RaftServerConfigKeys (ConfUtils.java:logGet(43)) - raft.server.watch.timeout = 10s (default)
2019-09-24 22:10:08,439 [d479fc48-3b3e-4e94-9a71-350452190094@group-99BE392F4883:LeaderElection4] INFO  server.RaftServerConfigKeys (ConfUtils.java:logGet(43)) - raft.server.watch.timeout.denomination = 1s (default)
2019-09-24 22:10:08,440 [d479fc48-3b3e-4e94-9a71-350452190094@group-99BE392F4883:LeaderElection4] INFO  server.RaftServerConfigKeys (ConfUtils.java:logGet(43)) - raft.server.watch.element-limit = 65536 (default)
2019-09-24 22:10:08,443 [Thread-252] INFO  impl.FollowerState (FollowerState.java:run(106)) - a975b012-7e14-4989-9e13-cc869fccbfcb:group-0A9FB70D4C1C changes to CANDIDATE, lastRpcTime:5046, electionTimeout:5046ms
2019-09-24 22:10:08,443 [Thread-252] INFO  impl.RoleInfo (RoleInfo.java:shutdownFollowerState(121)) - a975b012-7e14-4989-9e13-cc869fccbfcb: shutdown FollowerState
2019-09-24 22:10:08,443 [Thread-252] INFO  impl.RaftServerImpl (RaftServerImpl.java:setRole(174)) - a975b012-7e14-4989-9e13-cc869fccbfcb@group-0A9FB70D4C1C: changes role from  FOLLOWER to CANDIDATE at term 0 for changeToCandidate
2019-09-24 22:10:08,443 [Thread-252] INFO  impl.RoleInfo (RoleInfo.java:updateAndGet(143)) - a975b012-7e14-4989-9e13-cc869fccbfcb: start LeaderElection
2019-09-24 22:10:08,443 [d479fc48-3b3e-4e94-9a71-350452190094@group-99BE392F4883:LeaderElection4] INFO  impl.RoleInfo (RoleInfo.java:updateAndGet(143)) - d479fc48-3b3e-4e94-9a71-350452190094: start LeaderState
2019-09-24 22:10:08,444 [d479fc48-3b3e-4e94-9a71-350452190094@group-99BE392F4883:LeaderElection4] INFO  segmented.SegmentedRaftLogWorker (SegmentedRaftLogWorker.java:startLogSegment(380)) - d479fc48-3b3e-4e94-9a71-350452190094@group-99BE392F4883-SegmentedRaftLogWorker: Starting segment from index:0
2019-09-24 22:10:08,447 [d479fc48-3b3e-4e94-9a71-350452190094@group-99BE392F4883:LeaderElection4] INFO  impl.RaftServerImpl (ServerState.java:setRaftConf(354)) - d479fc48-3b3e-4e94-9a71-350452190094@group-99BE392F4883: set configuration 0: [d479fc48-3b3e-4e94-9a71-350452190094:192.168.151.66:41431], old=null at 0
2019-09-24 22:10:08,458 [359d4a8a-7123-4aa7-8691-eb230ca57380@group-1345F7D857D8-SegmentedRaftLogWorker] INFO  segmented.SegmentedRaftLogWorker (SegmentedRaftLogWorker.java:execute(569)) - 359d4a8a-7123-4aa7-8691-eb230ca57380@group-1345F7D857D8-SegmentedRaftLogWorker: created new log segment /workdir/hadoop-ozone/integration-test/target/test-dir/MiniOzoneClusterImpl-625ae465-5e4c-4ec2-831f-6349f2abf3b1/datanode-2/data/ratis/4d5f1bd9-132d-40ec-b71c-1345f7d857d8/current/log_inprogress_0
2019-09-24 22:10:08,460 [a975b012-7e14-4989-9e13-cc869fccbfcb@group-0A9FB70D4C1C:LeaderElection5] INFO  impl.LeaderElection (LeaderElection.java:askForVotes(182)) - a975b012-7e14-4989-9e13-cc869fccbfcb@group-0A9FB70D4C1C:LeaderElection5: begin an election at term 1 for -1: [a975b012-7e14-4989-9e13-cc869fccbfcb:192.168.151.66:43445], old=null
2019-09-24 22:10:08,461 [a975b012-7e14-4989-9e13-cc869fccbfcb@group-0A9FB70D4C1C:LeaderElection5] INFO  impl.RoleInfo (RoleInfo.java:shutdownLeaderElection(134)) - a975b012-7e14-4989-9e13-cc869fccbfcb: shutdown LeaderElection
2019-09-24 22:10:08,461 [a975b012-7e14-4989-9e13-cc869fccbfcb@group-0A9FB70D4C1C:LeaderElection5] INFO  impl.RaftServerImpl (RaftServerImpl.java:setRole(174)) - a975b012-7e14-4989-9e13-cc869fccbfcb@group-0A9FB70D4C1C: changes role from CANDIDATE to LEADER at term 1 for changeToLeader
2019-09-24 22:10:08,461 [a975b012-7e14-4989-9e13-cc869fccbfcb@group-0A9FB70D4C1C:LeaderElection5] INFO  impl.RaftServerImpl (ServerState.java:setLeader(253)) - a975b012-7e14-4989-9e13-cc869fccbfcb@group-0A9FB70D4C1C: change Leader from null to a975b012-7e14-4989-9e13-cc869fccbfcb at term 1 for becomeLeader, leader elected after 5076ms
2019-09-24 22:10:08,473 [a975b012-7e14-4989-9e13-cc869fccbfcb@group-0A9FB70D4C1C:LeaderElection5] INFO  server.RaftServerConfigKeys (ConfUtils.java:logGet(43)) - raft.server.staging.catchup.gap = 1000 (default)
2019-09-24 22:10:08,473 [a975b012-7e14-4989-9e13-cc869fccbfcb@group-0A9FB70D4C1C:LeaderElection5] INFO  server.RaftServerConfigKeys (ConfUtils.java:logGet(43)) - raft.server.rpc.sleep.time = 25ms (default)
2019-09-24 22:10:08,473 [a975b012-7e14-4989-9e13-cc869fccbfcb@group-0A9FB70D4C1C:LeaderElection5] INFO  server.RaftServerConfigKeys (ConfUtils.java:logGet(43)) - raft.server.write.element-limit = 4096 (default)
2019-09-24 22:10:08,473 [a975b012-7e14-4989-9e13-cc869fccbfcb@group-0A9FB70D4C1C:LeaderElection5] INFO  server.RaftServerConfigKeys (ConfUtils.java:logGet(43)) - raft.server.watch.timeout = 10s (default)
2019-09-24 22:10:08,473 [a975b012-7e14-4989-9e13-cc869fccbfcb@group-0A9FB70D4C1C:LeaderElection5] INFO  server.RaftServerConfigKeys (ConfUtils.java:logGet(43)) - raft.server.watch.timeout.denomination = 1s (default)
2019-09-24 22:10:08,474 [a975b012-7e14-4989-9e13-cc869fccbfcb@group-0A9FB70D4C1C:LeaderElection5] INFO  server.RaftServerConfigKeys (ConfUtils.java:logGet(43)) - raft.server.watch.element-limit = 65536 (default)
2019-09-24 22:10:08,477 [a975b012-7e14-4989-9e13-cc869fccbfcb@group-0A9FB70D4C1C:LeaderElection5] INFO  impl.RoleInfo (RoleInfo.java:updateAndGet(143)) - a975b012-7e14-4989-9e13-cc869fccbfcb: start LeaderState
2019-09-24 22:10:08,477 [a975b012-7e14-4989-9e13-cc869fccbfcb@group-0A9FB70D4C1C:LeaderElection5] INFO  segmented.SegmentedRaftLogWorker (SegmentedRaftLogWorker.java:startLogSegment(380)) - a975b012-7e14-4989-9e13-cc869fccbfcb@group-0A9FB70D4C1C-SegmentedRaftLogWorker: Starting segment from index:0
2019-09-24 22:10:08,478 [a975b012-7e14-4989-9e13-cc869fccbfcb@group-0A9FB70D4C1C:LeaderElection5] INFO  impl.RaftServerImpl (ServerState.java:setRaftConf(354)) - a975b012-7e14-4989-9e13-cc869fccbfcb@group-0A9FB70D4C1C: set configuration 0: [a975b012-7e14-4989-9e13-cc869fccbfcb:192.168.151.66:43445], old=null at 0
2019-09-24 22:10:08,494 [d479fc48-3b3e-4e94-9a71-350452190094@group-99BE392F4883-SegmentedRaftLogWorker] INFO  segmented.SegmentedRaftLogWorker (SegmentedRaftLogWorker.java:execute(569)) - d479fc48-3b3e-4e94-9a71-350452190094@group-99BE392F4883-SegmentedRaftLogWorker: created new log segment /workdir/hadoop-ozone/integration-test/target/test-dir/MiniOzoneClusterImpl-625ae465-5e4c-4ec2-831f-6349f2abf3b1/datanode-5/data/ratis/0fdd9377-e4bc-4807-9e35-99be392f4883/current/log_inprogress_0
2019-09-24 22:10:08,507 [a975b012-7e14-4989-9e13-cc869fccbfcb@group-0A9FB70D4C1C-SegmentedRaftLogWorker] INFO  segmented.SegmentedRaftLogWorker (SegmentedRaftLogWorker.java:execute(569)) - a975b012-7e14-4989-9e13-cc869fccbfcb@group-0A9FB70D4C1C-SegmentedRaftLogWorker: created new log segment /workdir/hadoop-ozone/integration-test/target/test-dir/MiniOzoneClusterImpl-625ae465-5e4c-4ec2-831f-6349f2abf3b1/datanode-6/data/ratis/1c5587c0-4d0f-4da7-b4e5-0a9fb70d4c1c/current/log_inprogress_0
2019-09-24 22:10:08,640 [Thread-258] INFO  impl.FollowerState (FollowerState.java:run(106)) - fcffd87e-625a-4e43-93d0-8a9595161c67:group-BB63CCBFDCC8 changes to CANDIDATE, lastRpcTime:5081, electionTimeout:5081ms
2019-09-24 22:10:08,640 [Thread-258] INFO  impl.RoleInfo (RoleInfo.java:shutdownFollowerState(121)) - fcffd87e-625a-4e43-93d0-8a9595161c67: shutdown FollowerState
2019-09-24 22:10:08,641 [Thread-258] INFO  impl.RaftServerImpl (RaftServerImpl.java:setRole(174)) - fcffd87e-625a-4e43-93d0-8a9595161c67@group-BB63CCBFDCC8: changes role from  FOLLOWER to CANDIDATE at term 0 for changeToCandidate
2019-09-24 22:10:08,641 [Thread-258] INFO  impl.RoleInfo (RoleInfo.java:updateAndGet(143)) - fcffd87e-625a-4e43-93d0-8a9595161c67: start LeaderElection
2019-09-24 22:10:08,653 [Thread-255] INFO  impl.FollowerState (FollowerState.java:run(106)) - 81dc61f5-3f0d-4495-99d5-0d8363b24cff:group-1DFD99F71FC5 changes to CANDIDATE, lastRpcTime:5174, electionTimeout:5174ms
2019-09-24 22:10:08,653 [Thread-255] INFO  impl.RoleInfo (RoleInfo.java:shutdownFollowerState(121)) - 81dc61f5-3f0d-4495-99d5-0d8363b24cff: shutdown FollowerState
2019-09-24 22:10:08,653 [Thread-255] INFO  impl.RaftServerImpl (RaftServerImpl.java:setRole(174)) - 81dc61f5-3f0d-4495-99d5-0d8363b24cff@group-1DFD99F71FC5: changes role from  FOLLOWER to CANDIDATE at term 0 for changeToCandidate
2019-09-24 22:10:08,653 [Thread-255] INFO  impl.RoleInfo (RoleInfo.java:updateAndGet(143)) - 81dc61f5-3f0d-4495-99d5-0d8363b24cff: start LeaderElection
2019-09-24 22:10:08,671 [81dc61f5-3f0d-4495-99d5-0d8363b24cff@group-1DFD99F71FC5:LeaderElection7] INFO  impl.LeaderElection (LeaderElection.java:askForVotes(182)) - 81dc61f5-3f0d-4495-99d5-0d8363b24cff@group-1DFD99F71FC5:LeaderElection7: begin an election at term 1 for -1: [81dc61f5-3f0d-4495-99d5-0d8363b24cff:192.168.151.66:36247], old=null
2019-09-24 22:10:08,671 [fcffd87e-625a-4e43-93d0-8a9595161c67@group-BB63CCBFDCC8:LeaderElection6] INFO  impl.LeaderElection (LeaderElection.java:askForVotes(182)) - fcffd87e-625a-4e43-93d0-8a9595161c67@group-BB63CCBFDCC8:LeaderElection6: begin an election at term 1 for -1: [fcffd87e-625a-4e43-93d0-8a9595161c67:192.168.151.66:35754], old=null
2019-09-24 22:10:08,671 [81dc61f5-3f0d-4495-99d5-0d8363b24cff@group-1DFD99F71FC5:LeaderElection7] INFO  impl.RoleInfo (RoleInfo.java:shutdownLeaderElection(134)) - 81dc61f5-3f0d-4495-99d5-0d8363b24cff: shutdown LeaderElection
2019-09-24 22:10:08,671 [fcffd87e-625a-4e43-93d0-8a9595161c67@group-BB63CCBFDCC8:LeaderElection6] INFO  impl.RoleInfo (RoleInfo.java:shutdownLeaderElection(134)) - fcffd87e-625a-4e43-93d0-8a9595161c67: shutdown LeaderElection
2019-09-24 22:10:08,671 [81dc61f5-3f0d-4495-99d5-0d8363b24cff@group-1DFD99F71FC5:LeaderElection7] INFO  impl.RaftServerImpl (RaftServerImpl.java:setRole(174)) - 81dc61f5-3f0d-4495-99d5-0d8363b24cff@group-1DFD99F71FC5: changes role from CANDIDATE to LEADER at term 1 for changeToLeader
2019-09-24 22:10:08,672 [fcffd87e-625a-4e43-93d0-8a9595161c67@group-BB63CCBFDCC8:LeaderElection6] INFO  impl.RaftServerImpl (RaftServerImpl.java:setRole(174)) - fcffd87e-625a-4e43-93d0-8a9595161c67@group-BB63CCBFDCC8: changes role from CANDIDATE to LEADER at term 1 for changeToLeader
2019-09-24 22:10:08,672 [81dc61f5-3f0d-4495-99d5-0d8363b24cff@group-1DFD99F71FC5:LeaderElection7] INFO  impl.RaftServerImpl (ServerState.java:setLeader(253)) - 81dc61f5-3f0d-4495-99d5-0d8363b24cff@group-1DFD99F71FC5: change Leader from null to 81dc61f5-3f0d-4495-99d5-0d8363b24cff at term 1 for becomeLeader, leader elected after 5201ms
2019-09-24 22:10:08,672 [fcffd87e-625a-4e43-93d0-8a9595161c67@group-BB63CCBFDCC8:LeaderElection6] INFO  impl.RaftServerImpl (ServerState.java:setLeader(253)) - fcffd87e-625a-4e43-93d0-8a9595161c67@group-BB63CCBFDCC8: change Leader from null to fcffd87e-625a-4e43-93d0-8a9595161c67 at term 1 for becomeLeader, leader elected after 5124ms
2019-09-24 22:10:08,673 [81dc61f5-3f0d-4495-99d5-0d8363b24cff@group-1DFD99F71FC5:LeaderElection7] INFO  server.RaftServerConfigKeys (ConfUtils.java:logGet(43)) - raft.server.staging.catchup.gap = 1000 (default)
2019-09-24 22:10:08,675 [fcffd87e-625a-4e43-93d0-8a9595161c67@group-BB63CCBFDCC8:LeaderElection6] INFO  server.RaftServerConfigKeys (ConfUtils.java:logGet(43)) - raft.server.staging.catchup.gap = 1000 (default)
2019-09-24 22:10:08,675 [81dc61f5-3f0d-4495-99d5-0d8363b24cff@group-1DFD99F71FC5:LeaderElection7] INFO  server.RaftServerConfigKeys (ConfUtils.java:logGet(43)) - raft.server.rpc.sleep.time = 25ms (default)
2019-09-24 22:10:08,675 [fcffd87e-625a-4e43-93d0-8a9595161c67@group-BB63CCBFDCC8:LeaderElection6] INFO  server.RaftServerConfigKeys (ConfUtils.java:logGet(43)) - raft.server.rpc.sleep.time = 25ms (default)
2019-09-24 22:10:08,675 [81dc61f5-3f0d-4495-99d5-0d8363b24cff@group-1DFD99F71FC5:LeaderElection7] INFO  server.RaftServerConfigKeys (ConfUtils.java:logGet(43)) - raft.server.write.element-limit = 4096 (default)
2019-09-24 22:10:08,675 [fcffd87e-625a-4e43-93d0-8a9595161c67@group-BB63CCBFDCC8:LeaderElection6] INFO  server.RaftServerConfigKeys (ConfUtils.java:logGet(43)) - raft.server.write.element-limit = 4096 (default)
2019-09-24 22:10:08,675 [81dc61f5-3f0d-4495-99d5-0d8363b24cff@group-1DFD99F71FC5:LeaderElection7] INFO  server.RaftServerConfigKeys (ConfUtils.java:logGet(43)) - raft.server.watch.timeout = 10s (default)
2019-09-24 22:10:08,676 [fcffd87e-625a-4e43-93d0-8a9595161c67@group-BB63CCBFDCC8:LeaderElection6] INFO  server.RaftServerConfigKeys (ConfUtils.java:logGet(43)) - raft.server.watch.timeout = 10s (default)
2019-09-24 22:10:08,676 [81dc61f5-3f0d-4495-99d5-0d8363b24cff@group-1DFD99F71FC5:LeaderElection7] INFO  server.RaftServerConfigKeys (ConfUtils.java:logGet(43)) - raft.server.watch.timeout.denomination = 1s (default)
2019-09-24 22:10:08,676 [fcffd87e-625a-4e43-93d0-8a9595161c67@group-BB63CCBFDCC8:LeaderElection6] INFO  server.RaftServerConfigKeys (ConfUtils.java:logGet(43)) - raft.server.watch.timeout.denomination = 1s (default)
2019-09-24 22:10:08,676 [81dc61f5-3f0d-4495-99d5-0d8363b24cff@group-1DFD99F71FC5:LeaderElection7] INFO  server.RaftServerConfigKeys (ConfUtils.java:logGet(43)) - raft.server.watch.element-limit = 65536 (default)
2019-09-24 22:10:08,676 [fcffd87e-625a-4e43-93d0-8a9595161c67@group-BB63CCBFDCC8:LeaderElection6] INFO  server.RaftServerConfigKeys (ConfUtils.java:logGet(43)) - raft.server.watch.element-limit = 65536 (default)
2019-09-24 22:10:08,679 [81dc61f5-3f0d-4495-99d5-0d8363b24cff@group-1DFD99F71FC5:LeaderElection7] INFO  impl.RoleInfo (RoleInfo.java:updateAndGet(143)) - 81dc61f5-3f0d-4495-99d5-0d8363b24cff: start LeaderState
2019-09-24 22:10:08,679 [fcffd87e-625a-4e43-93d0-8a9595161c67@group-BB63CCBFDCC8:LeaderElection6] INFO  impl.RoleInfo (RoleInfo.java:updateAndGet(143)) - fcffd87e-625a-4e43-93d0-8a9595161c67: start LeaderState
2019-09-24 22:10:08,679 [81dc61f5-3f0d-4495-99d5-0d8363b24cff@group-1DFD99F71FC5:LeaderElection7] INFO  segmented.SegmentedRaftLogWorker (SegmentedRaftLogWorker.java:startLogSegment(380)) - 81dc61f5-3f0d-4495-99d5-0d8363b24cff@group-1DFD99F71FC5-SegmentedRaftLogWorker: Starting segment from index:0
2019-09-24 22:10:08,679 [fcffd87e-625a-4e43-93d0-8a9595161c67@group-BB63CCBFDCC8:LeaderElection6] INFO  segmented.SegmentedRaftLogWorker (SegmentedRaftLogWorker.java:startLogSegment(380)) - fcffd87e-625a-4e43-93d0-8a9595161c67@group-BB63CCBFDCC8-SegmentedRaftLogWorker: Starting segment from index:0
2019-09-24 22:10:08,680 [81dc61f5-3f0d-4495-99d5-0d8363b24cff@group-1DFD99F71FC5:LeaderElection7] INFO  impl.RaftServerImpl (ServerState.java:setRaftConf(354)) - 81dc61f5-3f0d-4495-99d5-0d8363b24cff@group-1DFD99F71FC5: set configuration 0: [81dc61f5-3f0d-4495-99d5-0d8363b24cff:192.168.151.66:36247], old=null at 0
2019-09-24 22:10:08,692 [Thread-263] INFO  impl.FollowerState (FollowerState.java:run(106)) - d1c7ea34-e1d6-47f6-9bf9-085803419fb1:group-4D927244C400 changes to CANDIDATE, lastRpcTime:5024, electionTimeout:5018ms
2019-09-24 22:10:08,692 [fcffd87e-625a-4e43-93d0-8a9595161c67@group-BB63CCBFDCC8:LeaderElection6] INFO  impl.RaftServerImpl (ServerState.java:setRaftConf(354)) - fcffd87e-625a-4e43-93d0-8a9595161c67@group-BB63CCBFDCC8: set configuration 0: [fcffd87e-625a-4e43-93d0-8a9595161c67:192.168.151.66:35754], old=null at 0
2019-09-24 22:10:08,692 [Thread-267] INFO  impl.FollowerState (FollowerState.java:run(106)) - 359d4a8a-7123-4aa7-8691-eb230ca57380:group-4D927244C400 changes to CANDIDATE, lastRpcTime:5016, electionTimeout:5010ms
2019-09-24 22:10:08,707 [81dc61f5-3f0d-4495-99d5-0d8363b24cff@group-1DFD99F71FC5-SegmentedRaftLogWorker] INFO  segmented.SegmentedRaftLogWorker (SegmentedRaftLogWorker.java:execute(569)) - 81dc61f5-3f0d-4495-99d5-0d8363b24cff@group-1DFD99F71FC5-SegmentedRaftLogWorker: created new log segment /workdir/hadoop-ozone/integration-test/target/test-dir/MiniOzoneClusterImpl-625ae465-5e4c-4ec2-831f-6349f2abf3b1/datanode-4/data/ratis/132cef49-169f-4ec5-9dfb-1dfd99f71fc5/current/log_inprogress_0
2019-09-24 22:10:08,692 [Thread-263] INFO  impl.RoleInfo (RoleInfo.java:shutdownFollowerState(121)) - d1c7ea34-e1d6-47f6-9bf9-085803419fb1: shutdown FollowerState
2019-09-24 22:10:08,707 [Thread-267] INFO  impl.RoleInfo (RoleInfo.java:shutdownFollowerState(121)) - 359d4a8a-7123-4aa7-8691-eb230ca57380: shutdown FollowerState
2019-09-24 22:10:08,707 [Thread-263] INFO  impl.RaftServerImpl (RaftServerImpl.java:setRole(174)) - d1c7ea34-e1d6-47f6-9bf9-085803419fb1@group-4D927244C400: changes role from  FOLLOWER to CANDIDATE at term 0 for changeToCandidate
2019-09-24 22:10:08,707 [Thread-267] INFO  impl.RaftServerImpl (RaftServerImpl.java:setRole(174)) - 359d4a8a-7123-4aa7-8691-eb230ca57380@group-4D927244C400: changes role from  FOLLOWER to CANDIDATE at term 0 for changeToCandidate
2019-09-24 22:10:08,708 [Thread-263] INFO  impl.RoleInfo (RoleInfo.java:updateAndGet(143)) - d1c7ea34-e1d6-47f6-9bf9-085803419fb1: start LeaderElection
2019-09-24 22:10:08,708 [Thread-267] INFO  impl.RoleInfo (RoleInfo.java:updateAndGet(143)) - 359d4a8a-7123-4aa7-8691-eb230ca57380: start LeaderElection
2019-09-24 22:10:08,720 [fcffd87e-625a-4e43-93d0-8a9595161c67@group-BB63CCBFDCC8-SegmentedRaftLogWorker] INFO  segmented.SegmentedRaftLogWorker (SegmentedRaftLogWorker.java:execute(569)) - fcffd87e-625a-4e43-93d0-8a9595161c67@group-BB63CCBFDCC8-SegmentedRaftLogWorker: created new log segment /workdir/hadoop-ozone/integration-test/target/test-dir/MiniOzoneClusterImpl-625ae465-5e4c-4ec2-831f-6349f2abf3b1/datanode-1/data/ratis/3e397f8b-a7ca-4a6f-ab51-bb63ccbfdcc8/current/log_inprogress_0
2019-09-24 22:10:08,720 [359d4a8a-7123-4aa7-8691-eb230ca57380@group-4D927244C400:LeaderElection9] INFO  impl.LeaderElection (LeaderElection.java:askForVotes(182)) - 359d4a8a-7123-4aa7-8691-eb230ca57380@group-4D927244C400:LeaderElection9: begin an election at term 1 for -1: [d479fc48-3b3e-4e94-9a71-350452190094:192.168.151.66:41431, d1c7ea34-e1d6-47f6-9bf9-085803419fb1:192.168.151.66:40540, 359d4a8a-7123-4aa7-8691-eb230ca57380:192.168.151.66:32879], old=null
2019-09-24 22:10:08,720 [d1c7ea34-e1d6-47f6-9bf9-085803419fb1@group-4D927244C400:LeaderElection8] INFO  impl.LeaderElection (LeaderElection.java:askForVotes(182)) - d1c7ea34-e1d6-47f6-9bf9-085803419fb1@group-4D927244C400:LeaderElection8: begin an election at term 1 for -1: [d479fc48-3b3e-4e94-9a71-350452190094:192.168.151.66:41431, d1c7ea34-e1d6-47f6-9bf9-085803419fb1:192.168.151.66:40540, 359d4a8a-7123-4aa7-8691-eb230ca57380:192.168.151.66:32879], old=null
2019-09-24 22:10:08,753 [grpc-default-executor-3] INFO  impl.RaftServerImpl (RaftServerImpl.java:setRole(174)) - d479fc48-3b3e-4e94-9a71-350452190094@group-4D927244C400: changes role from  FOLLOWER to FOLLOWER at term 1 for recognizeCandidate:d1c7ea34-e1d6-47f6-9bf9-085803419fb1
2019-09-24 22:10:08,753 [grpc-default-executor-3] INFO  impl.RoleInfo (RoleInfo.java:shutdownFollowerState(121)) - d479fc48-3b3e-4e94-9a71-350452190094: shutdown FollowerState
2019-09-24 22:10:08,753 [grpc-default-executor-3] INFO  impl.RoleInfo (RoleInfo.java:updateAndGet(143)) - d479fc48-3b3e-4e94-9a71-350452190094: start FollowerState
2019-09-24 22:10:08,789 [d1c7ea34-e1d6-47f6-9bf9-085803419fb1@group-4D927244C400:LeaderElection8] INFO  impl.LeaderElection (LeaderElection.java:logAndReturn(56)) - d1c7ea34-e1d6-47f6-9bf9-085803419fb1@group-4D927244C400:LeaderElection8: Election PASSED; received 2 response(s) [d1c7ea34-e1d6-47f6-9bf9-085803419fb1<-d479fc48-3b3e-4e94-9a71-350452190094#0:OK-t1, d1c7ea34-e1d6-47f6-9bf9-085803419fb1<-359d4a8a-7123-4aa7-8691-eb230ca57380#0:FAIL-t1] and 0 exception(s); d1c7ea34-e1d6-47f6-9bf9-085803419fb1@group-4D927244C400:t1, leader=null, voted=d1c7ea34-e1d6-47f6-9bf9-085803419fb1, raftlog=d1c7ea34-e1d6-47f6-9bf9-085803419fb1@group-4D927244C400-SegmentedRaftLog:OPENED:c-1,f-1,i0, conf=-1: [d479fc48-3b3e-4e94-9a71-350452190094:192.168.151.66:41431, d1c7ea34-e1d6-47f6-9bf9-085803419fb1:192.168.151.66:40540, 359d4a8a-7123-4aa7-8691-eb230ca57380:192.168.151.66:32879], old=null
2019-09-24 22:10:08,789 [359d4a8a-7123-4aa7-8691-eb230ca57380@group-4D927244C400:LeaderElection9] INFO  impl.LeaderElection (LeaderElection.java:logAndReturn(56)) - 359d4a8a-7123-4aa7-8691-eb230ca57380@group-4D927244C400:LeaderElection9: Election REJECTED; received 2 response(s) [359d4a8a-7123-4aa7-8691-eb230ca57380<-d479fc48-3b3e-4e94-9a71-350452190094#0:FAIL-t1, 359d4a8a-7123-4aa7-8691-eb230ca57380<-d1c7ea34-e1d6-47f6-9bf9-085803419fb1#0:FAIL-t1] and 0 exception(s); 359d4a8a-7123-4aa7-8691-eb230ca57380@group-4D927244C400:t1, leader=null, voted=359d4a8a-7123-4aa7-8691-eb230ca57380, raftlog=359d4a8a-7123-4aa7-8691-eb230ca57380@group-4D927244C400-SegmentedRaftLog:OPENED:c-1,f-1,i0, conf=-1: [d479fc48-3b3e-4e94-9a71-350452190094:192.168.151.66:41431, d1c7ea34-e1d6-47f6-9bf9-085803419fb1:192.168.151.66:40540, 359d4a8a-7123-4aa7-8691-eb230ca57380:192.168.151.66:32879], old=null
2019-09-24 22:10:08,789 [d1c7ea34-e1d6-47f6-9bf9-085803419fb1@group-4D927244C400:LeaderElection8] INFO  impl.RoleInfo (RoleInfo.java:shutdownLeaderElection(134)) - d1c7ea34-e1d6-47f6-9bf9-085803419fb1: shutdown LeaderElection
2019-09-24 22:10:08,791 [359d4a8a-7123-4aa7-8691-eb230ca57380@group-4D927244C400:LeaderElection9] INFO  impl.RaftServerImpl (RaftServerImpl.java:setRole(174)) - 359d4a8a-7123-4aa7-8691-eb230ca57380@group-4D927244C400: changes role from CANDIDATE to FOLLOWER at term 1 for DISCOVERED_A_NEW_TERM
2019-09-24 22:10:08,791 [d1c7ea34-e1d6-47f6-9bf9-085803419fb1@group-4D927244C400:LeaderElection8] INFO  impl.RaftServerImpl (RaftServerImpl.java:setRole(174)) - d1c7ea34-e1d6-47f6-9bf9-085803419fb1@group-4D927244C400: changes role from CANDIDATE to LEADER at term 1 for changeToLeader
2019-09-24 22:10:08,793 [359d4a8a-7123-4aa7-8691-eb230ca57380@group-4D927244C400:LeaderElection9] INFO  impl.RoleInfo (RoleInfo.java:shutdownLeaderElection(134)) - 359d4a8a-7123-4aa7-8691-eb230ca57380: shutdown LeaderElection
2019-09-24 22:10:08,798 [d1c7ea34-e1d6-47f6-9bf9-085803419fb1@group-4D927244C400:LeaderElection8] INFO  impl.RaftServerImpl (ServerState.java:setLeader(253)) - d1c7ea34-e1d6-47f6-9bf9-085803419fb1@group-4D927244C400: change Leader from null to d1c7ea34-e1d6-47f6-9bf9-085803419fb1 at term 1 for becomeLeader, leader elected after 5136ms
2019-09-24 22:10:08,799 [359d4a8a-7123-4aa7-8691-eb230ca57380@group-4D927244C400:LeaderElection9] INFO  impl.RoleInfo (RoleInfo.java:updateAndGet(143)) - 359d4a8a-7123-4aa7-8691-eb230ca57380: start FollowerState
2019-09-24 22:10:08,799 [d1c7ea34-e1d6-47f6-9bf9-085803419fb1@group-4D927244C400:LeaderElection8] INFO  server.RaftServerConfigKeys (ConfUtils.java:logGet(43)) - raft.server.staging.catchup.gap = 1000 (default)
2019-09-24 22:10:08,800 [d1c7ea34-e1d6-47f6-9bf9-085803419fb1@group-4D927244C400:LeaderElection8] INFO  server.RaftServerConfigKeys (ConfUtils.java:logGet(43)) - raft.server.rpc.sleep.time = 25ms (default)
2019-09-24 22:10:08,801 [d1c7ea34-e1d6-47f6-9bf9-085803419fb1@group-4D927244C400:LeaderElection8] INFO  server.RaftServerConfigKeys (ConfUtils.java:logGet(43)) - raft.server.write.element-limit = 4096 (default)
2019-09-24 22:10:08,801 [d1c7ea34-e1d6-47f6-9bf9-085803419fb1@group-4D927244C400:LeaderElection8] INFO  server.RaftServerConfigKeys (ConfUtils.java:logGet(43)) - raft.server.watch.timeout = 10s (default)
2019-09-24 22:10:08,801 [d1c7ea34-e1d6-47f6-9bf9-085803419fb1@group-4D927244C400:LeaderElection8] INFO  server.RaftServerConfigKeys (ConfUtils.java:logGet(43)) - raft.server.watch.timeout.denomination = 1s (default)
2019-09-24 22:10:08,802 [d1c7ea34-e1d6-47f6-9bf9-085803419fb1@group-4D927244C400:LeaderElection8] INFO  server.RaftServerConfigKeys (ConfUtils.java:logGet(43)) - raft.server.watch.element-limit = 65536 (default)
2019-09-24 22:10:08,845 [main] INFO  ipc.Client (Client.java:handleConnectionFailure(948)) - Retrying connect to server: localhost/127.0.0.1:0. Already tried 4 time(s); retry policy is RetryUpToMaximumCountWithFixedSleep(maxRetries=10, sleepTime=1000 MILLISECONDS)
2019-09-24 22:10:08,855 [d1c7ea34-e1d6-47f6-9bf9-085803419fb1@group-4D927244C400:LeaderElection8] INFO  server.RaftServerConfigKeys (ConfUtils.java:logGet(43)) - raft.server.log.appender.snapshot.chunk.size.max = 16MB (=16777216) (default)
2019-09-24 22:10:08,856 [d1c7ea34-e1d6-47f6-9bf9-085803419fb1@group-4D927244C400:LeaderElection8] INFO  server.RaftServerConfigKeys (ConfUtils.java:logGet(43)) - raft.server.log.appender.buffer.byte-limit = 33554432 (custom)
2019-09-24 22:10:08,856 [d1c7ea34-e1d6-47f6-9bf9-085803419fb1@group-4D927244C400:LeaderElection8] INFO  server.RaftServerConfigKeys (ConfUtils.java:logGet(43)) - raft.server.log.appender.buffer.element-limit = 1 (custom)
2019-09-24 22:10:08,860 [d1c7ea34-e1d6-47f6-9bf9-085803419fb1@group-4D927244C400:LeaderElection8] INFO  grpc.GrpcConfigKeys$Server (ConfUtils.java:logGet(43)) - raft.grpc.server.leader.outstanding.appends.max = 128 (default)
2019-09-24 22:10:08,867 [d1c7ea34-e1d6-47f6-9bf9-085803419fb1@group-4D927244C400:LeaderElection8] INFO  server.RaftServerConfigKeys (ConfUtils.java:logGet(43)) - raft.server.rpc.request.timeout = 3000ms (default)
2019-09-24 22:10:08,867 [d1c7ea34-e1d6-47f6-9bf9-085803419fb1@group-4D927244C400:LeaderElection8] INFO  server.RaftServerConfigKeys (ConfUtils.java:logGet(43)) - raft.server.log.appender.install.snapshot.enabled = false (custom)
2019-09-24 22:10:08,868 [d1c7ea34-e1d6-47f6-9bf9-085803419fb1@group-4D927244C400:LeaderElection8] INFO  server.RaftServerConfigKeys (ConfUtils.java:logGet(43)) - raft.server.log.appender.snapshot.chunk.size.max = 16MB (=16777216) (default)
2019-09-24 22:10:08,870 [d1c7ea34-e1d6-47f6-9bf9-085803419fb1@group-4D927244C400:LeaderElection8] INFO  server.RaftServerConfigKeys (ConfUtils.java:logGet(43)) - raft.server.log.appender.buffer.byte-limit = 33554432 (custom)
2019-09-24 22:10:08,870 [d1c7ea34-e1d6-47f6-9bf9-085803419fb1@group-4D927244C400:LeaderElection8] INFO  server.RaftServerConfigKeys (ConfUtils.java:logGet(43)) - raft.server.log.appender.buffer.element-limit = 1 (custom)
2019-09-24 22:10:08,874 [d1c7ea34-e1d6-47f6-9bf9-085803419fb1@group-4D927244C400:LeaderElection8] INFO  grpc.GrpcConfigKeys$Server (ConfUtils.java:logGet(43)) - raft.grpc.server.leader.outstanding.appends.max = 128 (default)
2019-09-24 22:10:08,875 [d1c7ea34-e1d6-47f6-9bf9-085803419fb1@group-4D927244C400:LeaderElection8] INFO  server.RaftServerConfigKeys (ConfUtils.java:logGet(43)) - raft.server.rpc.request.timeout = 3000ms (default)
2019-09-24 22:10:08,875 [d1c7ea34-e1d6-47f6-9bf9-085803419fb1@group-4D927244C400:LeaderElection8] INFO  server.RaftServerConfigKeys (ConfUtils.java:logGet(43)) - raft.server.log.appender.install.snapshot.enabled = false (custom)
2019-09-24 22:10:08,890 [Thread-274] INFO  impl.FollowerState (FollowerState.java:run(106)) - a975b012-7e14-4989-9e13-cc869fccbfcb:group-5DE5786A30A2 changes to CANDIDATE, lastRpcTime:5114, electionTimeout:5111ms
2019-09-24 22:10:08,892 [Thread-274] INFO  impl.RoleInfo (RoleInfo.java:shutdownFollowerState(121)) - a975b012-7e14-4989-9e13-cc869fccbfcb: shutdown FollowerState
2019-09-24 22:10:08,892 [Thread-274] INFO  impl.RaftServerImpl (RaftServerImpl.java:setRole(174)) - a975b012-7e14-4989-9e13-cc869fccbfcb@group-5DE5786A30A2: changes role from  FOLLOWER to CANDIDATE at term 0 for changeToCandidate
2019-09-24 22:10:08,893 [Thread-274] INFO  impl.RoleInfo (RoleInfo.java:updateAndGet(143)) - a975b012-7e14-4989-9e13-cc869fccbfcb: start LeaderElection
2019-09-24 22:10:08,897 [d1c7ea34-e1d6-47f6-9bf9-085803419fb1@group-4D927244C400:LeaderElection8] INFO  impl.RoleInfo (RoleInfo.java:updateAndGet(143)) - d1c7ea34-e1d6-47f6-9bf9-085803419fb1: start LeaderState
2019-09-24 22:10:08,897 [d1c7ea34-e1d6-47f6-9bf9-085803419fb1@group-4D927244C400:LeaderElection8] INFO  segmented.SegmentedRaftLogWorker (SegmentedRaftLogWorker.java:startLogSegment(380)) - d1c7ea34-e1d6-47f6-9bf9-085803419fb1@group-4D927244C400-SegmentedRaftLogWorker: Starting segment from index:0
2019-09-24 22:10:08,898 [d1c7ea34-e1d6-47f6-9bf9-085803419fb1@group-4D927244C400:LeaderElection8] INFO  impl.RaftServerImpl (ServerState.java:setRaftConf(354)) - d1c7ea34-e1d6-47f6-9bf9-085803419fb1@group-4D927244C400: set configuration 0: [d479fc48-3b3e-4e94-9a71-350452190094:192.168.151.66:41431, d1c7ea34-e1d6-47f6-9bf9-085803419fb1:192.168.151.66:40540, 359d4a8a-7123-4aa7-8691-eb230ca57380:192.168.151.66:32879], old=null at 0
2019-09-24 22:10:08,910 [a975b012-7e14-4989-9e13-cc869fccbfcb@group-5DE5786A30A2:LeaderElection10] INFO  impl.LeaderElection (LeaderElection.java:askForVotes(182)) - a975b012-7e14-4989-9e13-cc869fccbfcb@group-5DE5786A30A2:LeaderElection10: begin an election at term 1 for -1: [81dc61f5-3f0d-4495-99d5-0d8363b24cff:192.168.151.66:36247, b4b9e96e-7bb7-46f7-837e-d6d8a00df559:192.168.151.66:38593, a975b012-7e14-4989-9e13-cc869fccbfcb:192.168.151.66:43445], old=null
2019-09-24 22:10:08,913 [d1c7ea34-e1d6-47f6-9bf9-085803419fb1@group-4D927244C400-SegmentedRaftLogWorker] INFO  segmented.SegmentedRaftLogWorker (SegmentedRaftLogWorker.java:execute(569)) - d1c7ea34-e1d6-47f6-9bf9-085803419fb1@group-4D927244C400-SegmentedRaftLogWorker: created new log segment /workdir/hadoop-ozone/integration-test/target/test-dir/MiniOzoneClusterImpl-625ae465-5e4c-4ec2-831f-6349f2abf3b1/datanode-3/data/ratis/2d35a69f-e775-44ca-9c3d-4d927244c400/current/log_inprogress_0
2019-09-24 22:10:08,920 [Thread-272] INFO  impl.FollowerState (FollowerState.java:run(106)) - b4b9e96e-7bb7-46f7-837e-d6d8a00df559:group-5DE5786A30A2 changes to CANDIDATE, lastRpcTime:5146, electionTimeout:5146ms
2019-09-24 22:10:08,920 [Thread-272] INFO  impl.RoleInfo (RoleInfo.java:shutdownFollowerState(121)) - b4b9e96e-7bb7-46f7-837e-d6d8a00df559: shutdown FollowerState
2019-09-24 22:10:08,920 [Thread-272] INFO  impl.RaftServerImpl (RaftServerImpl.java:setRole(174)) - b4b9e96e-7bb7-46f7-837e-d6d8a00df559@group-5DE5786A30A2: changes role from  FOLLOWER to CANDIDATE at term 0 for changeToCandidate
2019-09-24 22:10:08,921 [Thread-272] INFO  impl.RoleInfo (RoleInfo.java:updateAndGet(143)) - b4b9e96e-7bb7-46f7-837e-d6d8a00df559: start LeaderElection
2019-09-24 22:10:08,928 [b4b9e96e-7bb7-46f7-837e-d6d8a00df559@group-5DE5786A30A2:LeaderElection11] INFO  impl.LeaderElection (LeaderElection.java:askForVotes(182)) - b4b9e96e-7bb7-46f7-837e-d6d8a00df559@group-5DE5786A30A2:LeaderElection11: begin an election at term 1 for -1: [81dc61f5-3f0d-4495-99d5-0d8363b24cff:192.168.151.66:36247, b4b9e96e-7bb7-46f7-837e-d6d8a00df559:192.168.151.66:38593, a975b012-7e14-4989-9e13-cc869fccbfcb:192.168.151.66:43445], old=null
2019-09-24 22:10:08,936 [Thread-275] INFO  impl.FollowerState (FollowerState.java:run(106)) - 81dc61f5-3f0d-4495-99d5-0d8363b24cff:group-5DE5786A30A2 changes to CANDIDATE, lastRpcTime:5161, electionTimeout:5159ms
2019-09-24 22:10:08,936 [Thread-275] INFO  impl.RoleInfo (RoleInfo.java:shutdownFollowerState(121)) - 81dc61f5-3f0d-4495-99d5-0d8363b24cff: shutdown FollowerState
2019-09-24 22:10:08,936 [Thread-275] INFO  impl.RaftServerImpl (RaftServerImpl.java:setRole(174)) - 81dc61f5-3f0d-4495-99d5-0d8363b24cff@group-5DE5786A30A2: changes role from  FOLLOWER to CANDIDATE at term 0 for changeToCandidate
2019-09-24 22:10:08,936 [Thread-275] INFO  impl.RoleInfo (RoleInfo.java:updateAndGet(143)) - 81dc61f5-3f0d-4495-99d5-0d8363b24cff: start LeaderElection
2019-09-24 22:10:08,969 [81dc61f5-3f0d-4495-99d5-0d8363b24cff@group-5DE5786A30A2:LeaderElection12] INFO  impl.LeaderElection (LeaderElection.java:askForVotes(182)) - 81dc61f5-3f0d-4495-99d5-0d8363b24cff@group-5DE5786A30A2:LeaderElection12: begin an election at term 1 for -1: [81dc61f5-3f0d-4495-99d5-0d8363b24cff:192.168.151.66:36247, b4b9e96e-7bb7-46f7-837e-d6d8a00df559:192.168.151.66:38593, a975b012-7e14-4989-9e13-cc869fccbfcb:192.168.151.66:43445], old=null
2019-09-24 22:10:08,983 [grpc-default-executor-1] INFO  impl.RaftServerImpl (ServerState.java:setLeader(253)) - d479fc48-3b3e-4e94-9a71-350452190094@group-4D927244C400: change Leader from null to d1c7ea34-e1d6-47f6-9bf9-085803419fb1 at term 1 for appendEntries, leader elected after 5324ms
2019-09-24 22:10:08,983 [grpc-default-executor-0] INFO  impl.RaftServerImpl (ServerState.java:setLeader(253)) - 359d4a8a-7123-4aa7-8691-eb230ca57380@group-4D927244C400: change Leader from null to d1c7ea34-e1d6-47f6-9bf9-085803419fb1 at term 1 for appendEntries, leader elected after 5324ms
2019-09-24 22:10:08,991 [a975b012-7e14-4989-9e13-cc869fccbfcb@group-5DE5786A30A2:LeaderElection10] INFO  impl.LeaderElection (LeaderElection.java:logAndReturn(56)) - a975b012-7e14-4989-9e13-cc869fccbfcb@group-5DE5786A30A2:LeaderElection10: Election REJECTED; received 2 response(s) [a975b012-7e14-4989-9e13-cc869fccbfcb<-81dc61f5-3f0d-4495-99d5-0d8363b24cff#0:FAIL-t1, a975b012-7e14-4989-9e13-cc869fccbfcb<-b4b9e96e-7bb7-46f7-837e-d6d8a00df559#0:FAIL-t1] and 0 exception(s); a975b012-7e14-4989-9e13-cc869fccbfcb@group-5DE5786A30A2:t1, leader=null, voted=a975b012-7e14-4989-9e13-cc869fccbfcb, raftlog=a975b012-7e14-4989-9e13-cc869fccbfcb@group-5DE5786A30A2-SegmentedRaftLog:OPENED:c-1,f-1,i0, conf=-1: [81dc61f5-3f0d-4495-99d5-0d8363b24cff:192.168.151.66:36247, b4b9e96e-7bb7-46f7-837e-d6d8a00df559:192.168.151.66:38593, a975b012-7e14-4989-9e13-cc869fccbfcb:192.168.151.66:43445], old=null
2019-09-24 22:10:08,991 [b4b9e96e-7bb7-46f7-837e-d6d8a00df559@group-5DE5786A30A2:LeaderElection11] INFO  impl.LeaderElection (LeaderElection.java:logAndReturn(56)) - b4b9e96e-7bb7-46f7-837e-d6d8a00df559@group-5DE5786A30A2:LeaderElection11: Election REJECTED; received 2 response(s) [b4b9e96e-7bb7-46f7-837e-d6d8a00df559<-81dc61f5-3f0d-4495-99d5-0d8363b24cff#0:FAIL-t1, b4b9e96e-7bb7-46f7-837e-d6d8a00df559<-a975b012-7e14-4989-9e13-cc869fccbfcb#0:FAIL-t1] and 0 exception(s); b4b9e96e-7bb7-46f7-837e-d6d8a00df559@group-5DE5786A30A2:t1, leader=null, voted=b4b9e96e-7bb7-46f7-837e-d6d8a00df559, raftlog=b4b9e96e-7bb7-46f7-837e-d6d8a00df559@group-5DE5786A30A2-SegmentedRaftLog:OPENED:c-1,f-1,i0, conf=-1: [81dc61f5-3f0d-4495-99d5-0d8363b24cff:192.168.151.66:36247, b4b9e96e-7bb7-46f7-837e-d6d8a00df559:192.168.151.66:38593, a975b012-7e14-4989-9e13-cc869fccbfcb:192.168.151.66:43445], old=null
2019-09-24 22:10:08,991 [a975b012-7e14-4989-9e13-cc869fccbfcb@group-5DE5786A30A2:LeaderElection10] INFO  impl.RaftServerImpl (RaftServerImpl.java:setRole(174)) - a975b012-7e14-4989-9e13-cc869fccbfcb@group-5DE5786A30A2: changes role from CANDIDATE to FOLLOWER at term 1 for DISCOVERED_A_NEW_TERM
2019-09-24 22:10:08,995 [b4b9e96e-7bb7-46f7-837e-d6d8a00df559@group-5DE5786A30A2:LeaderElection11] INFO  impl.RaftServerImpl (RaftServerImpl.java:setRole(174)) - b4b9e96e-7bb7-46f7-837e-d6d8a00df559@group-5DE5786A30A2: changes role from CANDIDATE to FOLLOWER at term 1 for DISCOVERED_A_NEW_TERM
2019-09-24 22:10:08,999 [a975b012-7e14-4989-9e13-cc869fccbfcb@group-5DE5786A30A2:LeaderElection10] INFO  impl.RoleInfo (RoleInfo.java:shutdownLeaderElection(134)) - a975b012-7e14-4989-9e13-cc869fccbfcb: shutdown LeaderElection
2019-09-24 22:10:08,999 [b4b9e96e-7bb7-46f7-837e-d6d8a00df559@group-5DE5786A30A2:LeaderElection11] INFO  impl.RoleInfo (RoleInfo.java:shutdownLeaderElection(134)) - b4b9e96e-7bb7-46f7-837e-d6d8a00df559: shutdown LeaderElection
2019-09-24 22:10:09,000 [a975b012-7e14-4989-9e13-cc869fccbfcb@group-5DE5786A30A2:LeaderElection10] INFO  impl.RoleInfo (RoleInfo.java:updateAndGet(143)) - a975b012-7e14-4989-9e13-cc869fccbfcb: start FollowerState
2019-09-24 22:10:09,002 [b4b9e96e-7bb7-46f7-837e-d6d8a00df559@group-5DE5786A30A2:LeaderElection11] INFO  impl.RoleInfo (RoleInfo.java:updateAndGet(143)) - b4b9e96e-7bb7-46f7-837e-d6d8a00df559: start FollowerState
2019-09-24 22:10:09,022 [81dc61f5-3f0d-4495-99d5-0d8363b24cff@group-5DE5786A30A2:LeaderElection12] INFO  impl.LeaderElection (LeaderElection.java:logAndReturn(56)) - 81dc61f5-3f0d-4495-99d5-0d8363b24cff@group-5DE5786A30A2:LeaderElection12: Election REJECTED; received 2 response(s) [81dc61f5-3f0d-4495-99d5-0d8363b24cff<-b4b9e96e-7bb7-46f7-837e-d6d8a00df559#0:FAIL-t1, 81dc61f5-3f0d-4495-99d5-0d8363b24cff<-a975b012-7e14-4989-9e13-cc869fccbfcb#0:FAIL-t1] and 0 exception(s); 81dc61f5-3f0d-4495-99d5-0d8363b24cff@group-5DE5786A30A2:t1, leader=null, voted=81dc61f5-3f0d-4495-99d5-0d8363b24cff, raftlog=81dc61f5-3f0d-4495-99d5-0d8363b24cff@group-5DE5786A30A2-SegmentedRaftLog:OPENED:c-1,f-1,i0, conf=-1: [81dc61f5-3f0d-4495-99d5-0d8363b24cff:192.168.151.66:36247, b4b9e96e-7bb7-46f7-837e-d6d8a00df559:192.168.151.66:38593, a975b012-7e14-4989-9e13-cc869fccbfcb:192.168.151.66:43445], old=null
2019-09-24 22:10:09,022 [81dc61f5-3f0d-4495-99d5-0d8363b24cff@group-5DE5786A30A2:LeaderElection12] INFO  impl.RaftServerImpl (RaftServerImpl.java:setRole(174)) - 81dc61f5-3f0d-4495-99d5-0d8363b24cff@group-5DE5786A30A2: changes role from CANDIDATE to FOLLOWER at term 1 for DISCOVERED_A_NEW_TERM
2019-09-24 22:10:09,022 [81dc61f5-3f0d-4495-99d5-0d8363b24cff@group-5DE5786A30A2:LeaderElection12] INFO  impl.RoleInfo (RoleInfo.java:shutdownLeaderElection(134)) - 81dc61f5-3f0d-4495-99d5-0d8363b24cff: shutdown LeaderElection
2019-09-24 22:10:09,029 [81dc61f5-3f0d-4495-99d5-0d8363b24cff@group-5DE5786A30A2:LeaderElection12] INFO  impl.RoleInfo (RoleInfo.java:updateAndGet(143)) - 81dc61f5-3f0d-4495-99d5-0d8363b24cff: start FollowerState
2019-09-24 22:10:09,044 [grpc-default-executor-1] INFO  impl.RaftServerImpl (ServerState.java:setRaftConf(354)) - d479fc48-3b3e-4e94-9a71-350452190094@group-4D927244C400: set configuration 0: [d479fc48-3b3e-4e94-9a71-350452190094:192.168.151.66:41431, d1c7ea34-e1d6-47f6-9bf9-085803419fb1:192.168.151.66:40540, 359d4a8a-7123-4aa7-8691-eb230ca57380:192.168.151.66:32879], old=null at 0
2019-09-24 22:10:09,046 [grpc-default-executor-0] INFO  impl.RaftServerImpl (ServerState.java:setRaftConf(354)) - 359d4a8a-7123-4aa7-8691-eb230ca57380@group-4D927244C400: set configuration 0: [d479fc48-3b3e-4e94-9a71-350452190094:192.168.151.66:41431, d1c7ea34-e1d6-47f6-9bf9-085803419fb1:192.168.151.66:40540, 359d4a8a-7123-4aa7-8691-eb230ca57380:192.168.151.66:32879], old=null at 0
2019-09-24 22:10:09,046 [grpc-default-executor-1] INFO  segmented.SegmentedRaftLogWorker (SegmentedRaftLogWorker.java:startLogSegment(380)) - d479fc48-3b3e-4e94-9a71-350452190094@group-4D927244C400-SegmentedRaftLogWorker: Starting segment from index:0
2019-09-24 22:10:09,047 [grpc-default-executor-0] INFO  segmented.SegmentedRaftLogWorker (SegmentedRaftLogWorker.java:startLogSegment(380)) - 359d4a8a-7123-4aa7-8691-eb230ca57380@group-4D927244C400-SegmentedRaftLogWorker: Starting segment from index:0
2019-09-24 22:10:09,072 [d479fc48-3b3e-4e94-9a71-350452190094@group-4D927244C400-SegmentedRaftLogWorker] INFO  segmented.SegmentedRaftLogWorker (SegmentedRaftLogWorker.java:execute(569)) - d479fc48-3b3e-4e94-9a71-350452190094@group-4D927244C400-SegmentedRaftLogWorker: created new log segment /workdir/hadoop-ozone/integration-test/target/test-dir/MiniOzoneClusterImpl-625ae465-5e4c-4ec2-831f-6349f2abf3b1/datanode-5/data/ratis/2d35a69f-e775-44ca-9c3d-4d927244c400/current/log_inprogress_0
2019-09-24 22:10:09,072 [359d4a8a-7123-4aa7-8691-eb230ca57380@group-4D927244C400-SegmentedRaftLogWorker] INFO  segmented.SegmentedRaftLogWorker (SegmentedRaftLogWorker.java:execute(569)) - 359d4a8a-7123-4aa7-8691-eb230ca57380@group-4D927244C400-SegmentedRaftLogWorker: created new log segment /workdir/hadoop-ozone/integration-test/target/test-dir/MiniOzoneClusterImpl-625ae465-5e4c-4ec2-831f-6349f2abf3b1/datanode-2/data/ratis/2d35a69f-e775-44ca-9c3d-4d927244c400/current/log_inprogress_0
2019-09-24 22:10:09,852 [main] INFO  ipc.Client (Client.java:handleConnectionFailure(948)) - Retrying connect to server: localhost/127.0.0.1:0. Already tried 5 time(s); retry policy is RetryUpToMaximumCountWithFixedSleep(maxRetries=10, sleepTime=1000 MILLISECONDS)
2019-09-24 22:10:10,853 [main] INFO  ipc.Client (Client.java:handleConnectionFailure(948)) - Retrying connect to server: localhost/127.0.0.1:0. Already tried 6 time(s); retry policy is RetryUpToMaximumCountWithFixedSleep(maxRetries=10, sleepTime=1000 MILLISECONDS)
2019-09-24 22:10:11,854 [main] INFO  ipc.Client (Client.java:handleConnectionFailure(948)) - Retrying connect to server: localhost/127.0.0.1:0. Already tried 7 time(s); retry policy is RetryUpToMaximumCountWithFixedSleep(maxRetries=10, sleepTime=1000 MILLISECONDS)
2019-09-24 22:10:12,855 [main] INFO  ipc.Client (Client.java:handleConnectionFailure(948)) - Retrying connect to server: localhost/127.0.0.1:0. Already tried 8 time(s); retry policy is RetryUpToMaximumCountWithFixedSleep(maxRetries=10, sleepTime=1000 MILLISECONDS)
2019-09-24 22:10:13,856 [main] INFO  ipc.Client (Client.java:handleConnectionFailure(948)) - Retrying connect to server: localhost/127.0.0.1:0. Already tried 9 time(s); retry policy is RetryUpToMaximumCountWithFixedSleep(maxRetries=10, sleepTime=1000 MILLISECONDS)
2019-09-24 22:10:14,101 [Thread-319] INFO  impl.FollowerState (FollowerState.java:run(106)) - b4b9e96e-7bb7-46f7-837e-d6d8a00df559:group-5DE5786A30A2 changes to CANDIDATE, lastRpcTime:5099, electionTimeout:5095ms
2019-09-24 22:10:14,101 [Thread-319] INFO  impl.RoleInfo (RoleInfo.java:shutdownFollowerState(121)) - b4b9e96e-7bb7-46f7-837e-d6d8a00df559: shutdown FollowerState
2019-09-24 22:10:14,101 [Thread-319] INFO  impl.RaftServerImpl (RaftServerImpl.java:setRole(174)) - b4b9e96e-7bb7-46f7-837e-d6d8a00df559@group-5DE5786A30A2: changes role from  FOLLOWER to CANDIDATE at term 1 for changeToCandidate
2019-09-24 22:10:14,102 [Thread-319] INFO  impl.RoleInfo (RoleInfo.java:updateAndGet(143)) - b4b9e96e-7bb7-46f7-837e-d6d8a00df559: start LeaderElection
2019-09-24 22:10:14,119 [b4b9e96e-7bb7-46f7-837e-d6d8a00df559@group-5DE5786A30A2:LeaderElection13] INFO  impl.LeaderElection (LeaderElection.java:askForVotes(182)) - b4b9e96e-7bb7-46f7-837e-d6d8a00df559@group-5DE5786A30A2:LeaderElection13: begin an election at term 2 for -1: [81dc61f5-3f0d-4495-99d5-0d8363b24cff:192.168.151.66:36247, b4b9e96e-7bb7-46f7-837e-d6d8a00df559:192.168.151.66:38593, a975b012-7e14-4989-9e13-cc869fccbfcb:192.168.151.66:43445], old=null
2019-09-24 22:10:14,126 [grpc-default-executor-0] INFO  impl.RaftServerImpl (RaftServerImpl.java:setRole(174)) - a975b012-7e14-4989-9e13-cc869fccbfcb@group-5DE5786A30A2: changes role from  FOLLOWER to FOLLOWER at term 2 for recognizeCandidate:b4b9e96e-7bb7-46f7-837e-d6d8a00df559
2019-09-24 22:10:14,127 [grpc-default-executor-1] INFO  impl.RaftServerImpl (RaftServerImpl.java:setRole(174)) - 81dc61f5-3f0d-4495-99d5-0d8363b24cff@group-5DE5786A30A2: changes role from  FOLLOWER to FOLLOWER at term 2 for recognizeCandidate:b4b9e96e-7bb7-46f7-837e-d6d8a00df559
2019-09-24 22:10:14,127 [grpc-default-executor-1] INFO  impl.RoleInfo (RoleInfo.java:shutdownFollowerState(121)) - 81dc61f5-3f0d-4495-99d5-0d8363b24cff: shutdown FollowerState
2019-09-24 22:10:14,127 [grpc-default-executor-0] INFO  impl.RoleInfo (RoleInfo.java:shutdownFollowerState(121)) - a975b012-7e14-4989-9e13-cc869fccbfcb: shutdown FollowerState
2019-09-24 22:10:14,127 [grpc-default-executor-1] INFO  impl.RoleInfo (RoleInfo.java:updateAndGet(143)) - 81dc61f5-3f0d-4495-99d5-0d8363b24cff: start FollowerState
2019-09-24 22:10:14,127 [Thread-318] INFO  impl.FollowerState (FollowerState.java:run(115)) - a975b012-7e14-4989-9e13-cc869fccbfcb: FollowerState was interrupted: java.lang.InterruptedException: sleep interrupted
2019-09-24 22:10:14,127 [Thread-320] INFO  impl.FollowerState (FollowerState.java:run(115)) - 81dc61f5-3f0d-4495-99d5-0d8363b24cff: FollowerState was interrupted: java.lang.InterruptedException: sleep interrupted
2019-09-24 22:10:14,127 [grpc-default-executor-0] INFO  impl.RoleInfo (RoleInfo.java:updateAndGet(143)) - a975b012-7e14-4989-9e13-cc869fccbfcb: start FollowerState
2019-09-24 22:10:14,147 [b4b9e96e-7bb7-46f7-837e-d6d8a00df559@group-5DE5786A30A2:LeaderElection13] INFO  impl.LeaderElection (LeaderElection.java:logAndReturn(56)) - b4b9e96e-7bb7-46f7-837e-d6d8a00df559@group-5DE5786A30A2:LeaderElection13: Election PASSED; received 1 response(s) [b4b9e96e-7bb7-46f7-837e-d6d8a00df559<-a975b012-7e14-4989-9e13-cc869fccbfcb#0:OK-t2] and 0 exception(s); b4b9e96e-7bb7-46f7-837e-d6d8a00df559@group-5DE5786A30A2:t2, leader=null, voted=b4b9e96e-7bb7-46f7-837e-d6d8a00df559, raftlog=b4b9e96e-7bb7-46f7-837e-d6d8a00df559@group-5DE5786A30A2-SegmentedRaftLog:OPENED:c-1,f-1,i0, conf=-1: [81dc61f5-3f0d-4495-99d5-0d8363b24cff:192.168.151.66:36247, b4b9e96e-7bb7-46f7-837e-d6d8a00df559:192.168.151.66:38593, a975b012-7e14-4989-9e13-cc869fccbfcb:192.168.151.66:43445], old=null
2019-09-24 22:10:14,147 [b4b9e96e-7bb7-46f7-837e-d6d8a00df559@group-5DE5786A30A2:LeaderElection13] INFO  impl.RoleInfo (RoleInfo.java:shutdownLeaderElection(134)) - b4b9e96e-7bb7-46f7-837e-d6d8a00df559: shutdown LeaderElection
2019-09-24 22:10:14,149 [b4b9e96e-7bb7-46f7-837e-d6d8a00df559@group-5DE5786A30A2:LeaderElection13] INFO  impl.RaftServerImpl (RaftServerImpl.java:setRole(174)) - b4b9e96e-7bb7-46f7-837e-d6d8a00df559@group-5DE5786A30A2: changes role from CANDIDATE to LEADER at term 2 for changeToLeader
2019-09-24 22:10:14,150 [b4b9e96e-7bb7-46f7-837e-d6d8a00df559@group-5DE5786A30A2:LeaderElection13] INFO  impl.RaftServerImpl (ServerState.java:setLeader(253)) - b4b9e96e-7bb7-46f7-837e-d6d8a00df559@group-5DE5786A30A2: change Leader from null to b4b9e96e-7bb7-46f7-837e-d6d8a00df559 at term 2 for becomeLeader, leader elected after 10387ms
2019-09-24 22:10:14,150 [b4b9e96e-7bb7-46f7-837e-d6d8a00df559@group-5DE5786A30A2:LeaderElection13] INFO  server.RaftServerConfigKeys (ConfUtils.java:logGet(43)) - raft.server.staging.catchup.gap = 1000 (default)
2019-09-24 22:10:14,150 [b4b9e96e-7bb7-46f7-837e-d6d8a00df559@group-5DE5786A30A2:LeaderElection13] INFO  server.RaftServerConfigKeys (ConfUtils.java:logGet(43)) - raft.server.rpc.sleep.time = 25ms (default)
2019-09-24 22:10:14,150 [b4b9e96e-7bb7-46f7-837e-d6d8a00df559@group-5DE5786A30A2:LeaderElection13] INFO  server.RaftServerConfigKeys (ConfUtils.java:logGet(43)) - raft.server.write.element-limit = 4096 (default)
2019-09-24 22:10:14,150 [b4b9e96e-7bb7-46f7-837e-d6d8a00df559@group-5DE5786A30A2:LeaderElection13] INFO  server.RaftServerConfigKeys (ConfUtils.java:logGet(43)) - raft.server.watch.timeout = 10s (default)
2019-09-24 22:10:14,151 [b4b9e96e-7bb7-46f7-837e-d6d8a00df559@group-5DE5786A30A2:LeaderElection13] INFO  server.RaftServerConfigKeys (ConfUtils.java:logGet(43)) - raft.server.watch.timeout.denomination = 1s (default)
2019-09-24 22:10:14,151 [b4b9e96e-7bb7-46f7-837e-d6d8a00df559@group-5DE5786A30A2:LeaderElection13] INFO  server.RaftServerConfigKeys (ConfUtils.java:logGet(43)) - raft.server.watch.element-limit = 65536 (default)
2019-09-24 22:10:14,153 [b4b9e96e-7bb7-46f7-837e-d6d8a00df559@group-5DE5786A30A2:LeaderElection13] INFO  server.RaftServerConfigKeys (ConfUtils.java:logGet(43)) - raft.server.log.appender.snapshot.chunk.size.max = 16MB (=16777216) (default)
2019-09-24 22:10:14,154 [b4b9e96e-7bb7-46f7-837e-d6d8a00df559@group-5DE5786A30A2:LeaderElection13] INFO  server.RaftServerConfigKeys (ConfUtils.java:logGet(43)) - raft.server.log.appender.buffer.byte-limit = 33554432 (custom)
2019-09-24 22:10:14,154 [b4b9e96e-7bb7-46f7-837e-d6d8a00df559@group-5DE5786A30A2:LeaderElection13] INFO  server.RaftServerConfigKeys (ConfUtils.java:logGet(43)) - raft.server.log.appender.buffer.element-limit = 1 (custom)
2019-09-24 22:10:14,154 [b4b9e96e-7bb7-46f7-837e-d6d8a00df559@group-5DE5786A30A2:LeaderElection13] INFO  grpc.GrpcConfigKeys$Server (ConfUtils.java:logGet(43)) - raft.grpc.server.leader.outstanding.appends.max = 128 (default)
2019-09-24 22:10:14,156 [b4b9e96e-7bb7-46f7-837e-d6d8a00df559@group-5DE5786A30A2:LeaderElection13] INFO  server.RaftServerConfigKeys (ConfUtils.java:logGet(43)) - raft.server.rpc.request.timeout = 3000ms (default)
2019-09-24 22:10:14,156 [b4b9e96e-7bb7-46f7-837e-d6d8a00df559@group-5DE5786A30A2:LeaderElection13] INFO  server.RaftServerConfigKeys (ConfUtils.java:logGet(43)) - raft.server.log.appender.install.snapshot.enabled = false (custom)
2019-09-24 22:10:14,156 [b4b9e96e-7bb7-46f7-837e-d6d8a00df559@group-5DE5786A30A2:LeaderElection13] INFO  server.RaftServerConfigKeys (ConfUtils.java:logGet(43)) - raft.server.log.appender.snapshot.chunk.size.max = 16MB (=16777216) (default)
2019-09-24 22:10:14,156 [b4b9e96e-7bb7-46f7-837e-d6d8a00df559@group-5DE5786A30A2:LeaderElection13] INFO  server.RaftServerConfigKeys (ConfUtils.java:logGet(43)) - raft.server.log.appender.buffer.byte-limit = 33554432 (custom)
2019-09-24 22:10:14,157 [b4b9e96e-7bb7-46f7-837e-d6d8a00df559@group-5DE5786A30A2:LeaderElection13] INFO  server.RaftServerConfigKeys (ConfUtils.java:logGet(43)) - raft.server.log.appender.buffer.element-limit = 1 (custom)
2019-09-24 22:10:14,157 [b4b9e96e-7bb7-46f7-837e-d6d8a00df559@group-5DE5786A30A2:LeaderElection13] INFO  grpc.GrpcConfigKeys$Server (ConfUtils.java:logGet(43)) - raft.grpc.server.leader.outstanding.appends.max = 128 (default)
2019-09-24 22:10:14,157 [b4b9e96e-7bb7-46f7-837e-d6d8a00df559@group-5DE5786A30A2:LeaderElection13] INFO  server.RaftServerConfigKeys (ConfUtils.java:logGet(43)) - raft.server.rpc.request.timeout = 3000ms (default)
2019-09-24 22:10:14,157 [b4b9e96e-7bb7-46f7-837e-d6d8a00df559@group-5DE5786A30A2:LeaderElection13] INFO  server.RaftServerConfigKeys (ConfUtils.java:logGet(43)) - raft.server.log.appender.install.snapshot.enabled = false (custom)
2019-09-24 22:10:14,158 [b4b9e96e-7bb7-46f7-837e-d6d8a00df559@group-5DE5786A30A2:LeaderElection13] INFO  impl.RoleInfo (RoleInfo.java:updateAndGet(143)) - b4b9e96e-7bb7-46f7-837e-d6d8a00df559: start LeaderState
2019-09-24 22:10:14,158 [b4b9e96e-7bb7-46f7-837e-d6d8a00df559@group-5DE5786A30A2:LeaderElection13] INFO  segmented.SegmentedRaftLogWorker (SegmentedRaftLogWorker.java:startLogSegment(380)) - b4b9e96e-7bb7-46f7-837e-d6d8a00df559@group-5DE5786A30A2-SegmentedRaftLogWorker: Starting segment from index:0
2019-09-24 22:10:14,159 [b4b9e96e-7bb7-46f7-837e-d6d8a00df559@group-5DE5786A30A2:LeaderElection13] INFO  impl.RaftServerImpl (ServerState.java:setRaftConf(354)) - b4b9e96e-7bb7-46f7-837e-d6d8a00df559@group-5DE5786A30A2: set configuration 0: [81dc61f5-3f0d-4495-99d5-0d8363b24cff:192.168.151.66:36247, b4b9e96e-7bb7-46f7-837e-d6d8a00df559:192.168.151.66:38593, a975b012-7e14-4989-9e13-cc869fccbfcb:192.168.151.66:43445], old=null at 0
2019-09-24 22:10:14,177 [grpc-default-executor-1] INFO  impl.RaftServerImpl (ServerState.java:setLeader(253)) - 81dc61f5-3f0d-4495-99d5-0d8363b24cff@group-5DE5786A30A2: change Leader from null to b4b9e96e-7bb7-46f7-837e-d6d8a00df559 at term 2 for appendEntries, leader elected after 10415ms
2019-09-24 22:10:14,177 [grpc-default-executor-0] INFO  impl.RaftServerImpl (ServerState.java:setLeader(253)) - a975b012-7e14-4989-9e13-cc869fccbfcb@group-5DE5786A30A2: change Leader from null to b4b9e96e-7bb7-46f7-837e-d6d8a00df559 at term 2 for appendEntries, leader elected after 10415ms
2019-09-24 22:10:14,183 [grpc-default-executor-0] INFO  impl.RaftServerImpl (ServerState.java:setRaftConf(354)) - 81dc61f5-3f0d-4495-99d5-0d8363b24cff@group-5DE5786A30A2: set configuration 0: [81dc61f5-3f0d-4495-99d5-0d8363b24cff:192.168.151.66:36247, b4b9e96e-7bb7-46f7-837e-d6d8a00df559:192.168.151.66:38593, a975b012-7e14-4989-9e13-cc869fccbfcb:192.168.151.66:43445], old=null at 0
2019-09-24 22:10:14,183 [grpc-default-executor-1] INFO  impl.RaftServerImpl (ServerState.java:setRaftConf(354)) - a975b012-7e14-4989-9e13-cc869fccbfcb@group-5DE5786A30A2: set configuration 0: [81dc61f5-3f0d-4495-99d5-0d8363b24cff:192.168.151.66:36247, b4b9e96e-7bb7-46f7-837e-d6d8a00df559:192.168.151.66:38593, a975b012-7e14-4989-9e13-cc869fccbfcb:192.168.151.66:43445], old=null at 0
2019-09-24 22:10:14,184 [grpc-default-executor-0] INFO  segmented.SegmentedRaftLogWorker (SegmentedRaftLogWorker.java:startLogSegment(380)) - 81dc61f5-3f0d-4495-99d5-0d8363b24cff@group-5DE5786A30A2-SegmentedRaftLogWorker: Starting segment from index:0
2019-09-24 22:10:14,184 [grpc-default-executor-1] INFO  segmented.SegmentedRaftLogWorker (SegmentedRaftLogWorker.java:startLogSegment(380)) - a975b012-7e14-4989-9e13-cc869fccbfcb@group-5DE5786A30A2-SegmentedRaftLogWorker: Starting segment from index:0
2019-09-24 22:10:14,189 [b4b9e96e-7bb7-46f7-837e-d6d8a00df559@group-5DE5786A30A2-SegmentedRaftLogWorker] INFO  segmented.SegmentedRaftLogWorker (SegmentedRaftLogWorker.java:execute(569)) - b4b9e96e-7bb7-46f7-837e-d6d8a00df559@group-5DE5786A30A2-SegmentedRaftLogWorker: created new log segment /workdir/hadoop-ozone/integration-test/target/test-dir/MiniOzoneClusterImpl-625ae465-5e4c-4ec2-831f-6349f2abf3b1/datanode-0/data/ratis/034eb7cd-e11c-4e27-9bc6-5de5786a30a2/current/log_inprogress_0
2019-09-24 22:10:14,216 [81dc61f5-3f0d-4495-99d5-0d8363b24cff@group-5DE5786A30A2-SegmentedRaftLogWorker] INFO  segmented.SegmentedRaftLogWorker (SegmentedRaftLogWorker.java:execute(569)) - 81dc61f5-3f0d-4495-99d5-0d8363b24cff@group-5DE5786A30A2-SegmentedRaftLogWorker: created new log segment /workdir/hadoop-ozone/integration-test/target/test-dir/MiniOzoneClusterImpl-625ae465-5e4c-4ec2-831f-6349f2abf3b1/datanode-4/data/ratis/034eb7cd-e11c-4e27-9bc6-5de5786a30a2/current/log_inprogress_0
2019-09-24 22:10:14,216 [a975b012-7e14-4989-9e13-cc869fccbfcb@group-5DE5786A30A2-SegmentedRaftLogWorker] INFO  segmented.SegmentedRaftLogWorker (SegmentedRaftLogWorker.java:execute(569)) - a975b012-7e14-4989-9e13-cc869fccbfcb@group-5DE5786A30A2-SegmentedRaftLogWorker: created new log segment /workdir/hadoop-ozone/integration-test/target/test-dir/MiniOzoneClusterImpl-625ae465-5e4c-4ec2-831f-6349f2abf3b1/datanode-6/data/ratis/034eb7cd-e11c-4e27-9bc6-5de5786a30a2/current/log_inprogress_0
2019-09-24 22:10:14,861 [main] INFO  ipc.Client (Client.java:handleConnectionFailure(948)) - Retrying connect to server: localhost/127.0.0.1:0. Already tried 0 time(s); retry policy is RetryUpToMaximumCountWithFixedSleep(maxRetries=10, sleepTime=1000 MILLISECONDS)
2019-09-24 22:10:15,862 [main] INFO  ipc.Client (Client.java:handleConnectionFailure(948)) - Retrying connect to server: localhost/127.0.0.1:0. Already tried 1 time(s); retry policy is RetryUpToMaximumCountWithFixedSleep(maxRetries=10, sleepTime=1000 MILLISECONDS)
2019-09-24 22:10:16,864 [main] INFO  ipc.Client (Client.java:handleConnectionFailure(948)) - Retrying connect to server: localhost/127.0.0.1:0. Already tried 2 time(s); retry policy is RetryUpToMaximumCountWithFixedSleep(maxRetries=10, sleepTime=1000 MILLISECONDS)
2019-09-24 22:10:17,865 [main] INFO  ipc.Client (Client.java:handleConnectionFailure(948)) - Retrying connect to server: localhost/127.0.0.1:0. Already tried 3 time(s); retry policy is RetryUpToMaximumCountWithFixedSleep(maxRetries=10, sleepTime=1000 MILLISECONDS)
2019-09-24 22:10:18,866 [main] INFO  ipc.Client (Client.java:handleConnectionFailure(948)) - Retrying connect to server: localhost/127.0.0.1:0. Already tried 4 time(s); retry policy is RetryUpToMaximumCountWithFixedSleep(maxRetries=10, sleepTime=1000 MILLISECONDS)
2019-09-24 22:10:19,867 [main] INFO  ipc.Client (Client.java:handleConnectionFailure(948)) - Retrying connect to server: localhost/127.0.0.1:0. Already tried 5 time(s); retry policy is RetryUpToMaximumCountWithFixedSleep(maxRetries=10, sleepTime=1000 MILLISECONDS)
2019-09-24 22:10:20,868 [main] INFO  ipc.Client (Client.java:handleConnectionFailure(948)) - Retrying connect to server: localhost/127.0.0.1:0. Already tried 6 time(s); retry policy is RetryUpToMaximumCountWithFixedSleep(maxRetries=10, sleepTime=1000 MILLISECONDS)
2019-09-24 22:10:21,869 [main] INFO  ipc.Client (Client.java:handleConnectionFailure(948)) - Retrying connect to server: localhost/127.0.0.1:0. Already tried 7 time(s); retry policy is RetryUpToMaximumCountWithFixedSleep(maxRetries=10, sleepTime=1000 MILLISECONDS)
2019-09-24 22:10:22,870 [main] INFO  ipc.Client (Client.java:handleConnectionFailure(948)) - Retrying connect to server: localhost/127.0.0.1:0. Already tried 8 time(s); retry policy is RetryUpToMaximumCountWithFixedSleep(maxRetries=10, sleepTime=1000 MILLISECONDS)
2019-09-24 22:10:23,871 [main] INFO  ipc.Client (Client.java:handleConnectionFailure(948)) - Retrying connect to server: localhost/127.0.0.1:0. Already tried 9 time(s); retry policy is RetryUpToMaximumCountWithFixedSleep(maxRetries=10, sleepTime=1000 MILLISECONDS)
2019-09-24 22:10:23,872 [main] INFO  retry.RetryInvocationHandler (RetryInvocationHandler.java:log(411)) - com.google.protobuf.ServiceException: java.net.ConnectException: Your endpoint configuration is wrong; For more details see:  http://wiki.apache.org/hadoop/UnsetHostnameOrPort, while invoking $Proxy37.submitRequest over nodeId=null,nodeAddress=127.0.0.1:0 after 1 failover attempts. Trying to failover immediately.
2019-09-24 22:10:24,873 [main] INFO  ipc.Client (Client.java:handleConnectionFailure(948)) - Retrying connect to server: localhost/127.0.0.1:0. Already tried 0 time(s); retry policy is RetryUpToMaximumCountWithFixedSleep(maxRetries=10, sleepTime=1000 MILLISECONDS)
2019-09-24 22:10:25,874 [main] INFO  ipc.Client (Client.java:handleConnectionFailure(948)) - Retrying connect to server: localhost/127.0.0.1:0. Already tried 1 time(s); retry policy is RetryUpToMaximumCountWithFixedSleep(maxRetries=10, sleepTime=1000 MILLISECONDS)
2019-09-24 22:10:26,876 [main] INFO  ipc.Client (Client.java:handleConnectionFailure(948)) - Retrying connect to server: localhost/127.0.0.1:0. Already tried 2 time(s); retry policy is RetryUpToMaximumCountWithFixedSleep(maxRetries=10, sleepTime=1000 MILLISECONDS)
2019-09-24 22:10:27,877 [main] INFO  ipc.Client (Client.java:handleConnectionFailure(948)) - Retrying connect to server: localhost/127.0.0.1:0. Already tried 3 time(s); retry policy is RetryUpToMaximumCountWithFixedSleep(maxRetries=10, sleepTime=1000 MILLISECONDS)
2019-09-24 22:10:28,878 [main] INFO  ipc.Client (Client.java:handleConnectionFailure(948)) - Retrying connect to server: localhost/127.0.0.1:0. Already tried 4 time(s); retry policy is RetryUpToMaximumCountWithFixedSleep(maxRetries=10, sleepTime=1000 MILLISECONDS)
2019-09-24 22:10:29,879 [main] INFO  ipc.Client (Client.java:handleConnectionFailure(948)) - Retrying connect to server: localhost/127.0.0.1:0. Already tried 5 time(s); retry policy is RetryUpToMaximumCountWithFixedSleep(maxRetries=10, sleepTime=1000 MILLISECONDS)
2019-09-24 22:10:30,880 [main] INFO  ipc.Client (Client.java:handleConnectionFailure(948)) - Retrying connect to server: localhost/127.0.0.1:0. Already tried 6 time(s); retry policy is RetryUpToMaximumCountWithFixedSleep(maxRetries=10, sleepTime=1000 MILLISECONDS)
2019-09-24 22:10:31,881 [main] INFO  ipc.Client (Client.java:handleConnectionFailure(948)) - Retrying connect to server: localhost/127.0.0.1:0. Already tried 7 time(s); retry policy is RetryUpToMaximumCountWithFixedSleep(maxRetries=10, sleepTime=1000 MILLISECONDS)
2019-09-24 22:10:32,882 [main] INFO  ipc.Client (Client.java:handleConnectionFailure(948)) - Retrying connect to server: localhost/127.0.0.1:0. Already tried 8 time(s); retry policy is RetryUpToMaximumCountWithFixedSleep(maxRetries=10, sleepTime=1000 MILLISECONDS)
2019-09-24 22:10:33,883 [main] INFO  ipc.Client (Client.java:handleConnectionFailure(948)) - Retrying connect to server: localhost/127.0.0.1:0. Already tried 9 time(s); retry policy is RetryUpToMaximumCountWithFixedSleep(maxRetries=10, sleepTime=1000 MILLISECONDS)
2019-09-24 22:10:33,884 [main] INFO  retry.RetryInvocationHandler (RetryInvocationHandler.java:log(411)) - com.google.protobuf.ServiceException: java.net.ConnectException: Your endpoint configuration is wrong; For more details see:  http://wiki.apache.org/hadoop/UnsetHostnameOrPort, while invoking $Proxy37.submitRequest over nodeId=null,nodeAddress=127.0.0.1:0 after 2 failover attempts. Trying to failover immediately.
2019-09-24 22:10:34,885 [main] INFO  ipc.Client (Client.java:handleConnectionFailure(948)) - Retrying connect to server: localhost/127.0.0.1:0. Already tried 0 time(s); retry policy is RetryUpToMaximumCountWithFixedSleep(maxRetries=10, sleepTime=1000 MILLISECONDS)
2019-09-24 22:10:35,886 [main] INFO  ipc.Client (Client.java:handleConnectionFailure(948)) - Retrying connect to server: localhost/127.0.0.1:0. Already tried 1 time(s); retry policy is RetryUpToMaximumCountWithFixedSleep(maxRetries=10, sleepTime=1000 MILLISECONDS)
2019-09-24 22:10:36,887 [main] INFO  ipc.Client (Client.java:handleConnectionFailure(948)) - Retrying connect to server: localhost/127.0.0.1:0. Already tried 2 time(s); retry policy is RetryUpToMaximumCountWithFixedSleep(maxRetries=10, sleepTime=1000 MILLISECONDS)
2019-09-24 22:10:37,888 [main] INFO  ipc.Client (Client.java:handleConnectionFailure(948)) - Retrying connect to server: localhost/127.0.0.1:0. Already tried 3 time(s); retry policy is RetryUpToMaximumCountWithFixedSleep(maxRetries=10, sleepTime=1000 MILLISECONDS)
2019-09-24 22:10:38,889 [main] INFO  ipc.Client (Client.java:handleConnectionFailure(948)) - Retrying connect to server: localhost/127.0.0.1:0. Already tried 4 time(s); retry policy is RetryUpToMaximumCountWithFixedSleep(maxRetries=10, sleepTime=1000 MILLISECONDS)
2019-09-24 22:10:39,890 [main] INFO  ipc.Client (Client.java:handleConnectionFailure(948)) - Retrying connect to server: localhost/127.0.0.1:0. Already tried 5 time(s); retry policy is RetryUpToMaximumCountWithFixedSleep(maxRetries=10, sleepTime=1000 MILLISECONDS)
2019-09-24 22:10:40,891 [main] INFO  ipc.Client (Client.java:handleConnectionFailure(948)) - Retrying connect to server: localhost/127.0.0.1:0. Already tried 6 time(s); retry policy is RetryUpToMaximumCountWithFixedSleep(maxRetries=10, sleepTime=1000 MILLISECONDS)
2019-09-24 22:10:41,892 [main] INFO  ipc.Client (Client.java:handleConnectionFailure(948)) - Retrying connect to server: localhost/127.0.0.1:0. Already tried 7 time(s); retry policy is RetryUpToMaximumCountWithFixedSleep(maxRetries=10, sleepTime=1000 MILLISECONDS)
2019-09-24 22:10:42,893 [main] INFO  ipc.Client (Client.java:handleConnectionFailure(948)) - Retrying connect to server: localhost/127.0.0.1:0. Already tried 8 time(s); retry policy is RetryUpToMaximumCountWithFixedSleep(maxRetries=10, sleepTime=1000 MILLISECONDS)
2019-09-24 22:10:43,894 [main] INFO  ipc.Client (Client.java:handleConnectionFailure(948)) - Retrying connect to server: localhost/127.0.0.1:0. Already tried 9 time(s); retry policy is RetryUpToMaximumCountWithFixedSleep(maxRetries=10, sleepTime=1000 MILLISECONDS)
2019-09-24 22:10:43,895 [main] INFO  retry.RetryInvocationHandler (RetryInvocationHandler.java:log(411)) - com.google.protobuf.ServiceException: java.net.ConnectException: Your endpoint configuration is wrong; For more details see:  http://wiki.apache.org/hadoop/UnsetHostnameOrPort, while invoking $Proxy37.submitRequest over nodeId=null,nodeAddress=127.0.0.1:0 after 3 failover attempts. Trying to failover immediately.
2019-09-24 22:10:44,896 [main] INFO  ipc.Client (Client.java:handleConnectionFailure(948)) - Retrying connect to server: localhost/127.0.0.1:0. Already tried 0 time(s); retry policy is RetryUpToMaximumCountWithFixedSleep(maxRetries=10, sleepTime=1000 MILLISECONDS)
2019-09-24 22:10:45,897 [main] INFO  ipc.Client (Client.java:handleConnectionFailure(948)) - Retrying connect to server: localhost/127.0.0.1:0. Already tried 1 time(s); retry policy is RetryUpToMaximumCountWithFixedSleep(maxRetries=10, sleepTime=1000 MILLISECONDS)
2019-09-24 22:10:46,899 [main] INFO  ipc.Client (Client.java:handleConnectionFailure(948)) - Retrying connect to server: localhost/127.0.0.1:0. Already tried 2 time(s); retry policy is RetryUpToMaximumCountWithFixedSleep(maxRetries=10, sleepTime=1000 MILLISECONDS)
2019-09-24 22:10:47,900 [main] INFO  ipc.Client (Client.java:handleConnectionFailure(948)) - Retrying connect to server: localhost/127.0.0.1:0. Already tried 3 time(s); retry policy is RetryUpToMaximumCountWithFixedSleep(maxRetries=10, sleepTime=1000 MILLISECONDS)
2019-09-24 22:10:48,901 [main] INFO  ipc.Client (Client.java:handleConnectionFailure(948)) - Retrying connect to server: localhost/127.0.0.1:0. Already tried 4 time(s); retry policy is RetryUpToMaximumCountWithFixedSleep(maxRetries=10, sleepTime=1000 MILLISECONDS)
2019-09-24 22:10:49,902 [main] INFO  ipc.Client (Client.java:handleConnectionFailure(948)) - Retrying connect to server: localhost/127.0.0.1:0. Already tried 5 time(s); retry policy is RetryUpToMaximumCountWithFixedSleep(maxRetries=10, sleepTime=1000 MILLISECONDS)
2019-09-24 22:10:50,903 [main] INFO  ipc.Client (Client.java:handleConnectionFailure(948)) - Retrying connect to server: localhost/127.0.0.1:0. Already tried 6 time(s); retry policy is RetryUpToMaximumCountWithFixedSleep(maxRetries=10, sleepTime=1000 MILLISECONDS)
2019-09-24 22:10:51,904 [main] INFO  ipc.Client (Client.java:handleConnectionFailure(948)) - Retrying connect to server: localhost/127.0.0.1:0. Already tried 7 time(s); retry policy is RetryUpToMaximumCountWithFixedSleep(maxRetries=10, sleepTime=1000 MILLISECONDS)
2019-09-24 22:10:52,905 [main] INFO  ipc.Client (Client.java:handleConnectionFailure(948)) - Retrying connect to server: localhost/127.0.0.1:0. Already tried 8 time(s); retry policy is RetryUpToMaximumCountWithFixedSleep(maxRetries=10, sleepTime=1000 MILLISECONDS)
2019-09-24 22:10:53,906 [main] INFO  ipc.Client (Client.java:handleConnectionFailure(948)) - Retrying connect to server: localhost/127.0.0.1:0. Already tried 9 time(s); retry policy is RetryUpToMaximumCountWithFixedSleep(maxRetries=10, sleepTime=1000 MILLISECONDS)
2019-09-24 22:10:53,908 [main] INFO  retry.RetryInvocationHandler (RetryInvocationHandler.java:log(411)) - com.google.protobuf.ServiceException: java.net.ConnectException: Your endpoint configuration is wrong; For more details see:  http://wiki.apache.org/hadoop/UnsetHostnameOrPort, while invoking $Proxy37.submitRequest over nodeId=null,nodeAddress=127.0.0.1:0 after 4 failover attempts. Trying to failover immediately.
2019-09-24 22:10:54,909 [main] INFO  ipc.Client (Client.java:handleConnectionFailure(948)) - Retrying connect to server: localhost/127.0.0.1:0. Already tried 0 time(s); retry policy is RetryUpToMaximumCountWithFixedSleep(maxRetries=10, sleepTime=1000 MILLISECONDS)
2019-09-24 22:10:55,910 [main] INFO  ipc.Client (Client.java:handleConnectionFailure(948)) - Retrying connect to server: localhost/127.0.0.1:0. Already tried 1 time(s); retry policy is RetryUpToMaximumCountWithFixedSleep(maxRetries=10, sleepTime=1000 MILLISECONDS)
2019-09-24 22:10:56,911 [main] INFO  ipc.Client (Client.java:handleConnectionFailure(948)) - Retrying connect to server: localhost/127.0.0.1:0. Already tried 2 time(s); retry policy is RetryUpToMaximumCountWithFixedSleep(maxRetries=10, sleepTime=1000 MILLISECONDS)
2019-09-24 22:10:57,912 [main] INFO  ipc.Client (Client.java:handleConnectionFailure(948)) - Retrying connect to server: localhost/127.0.0.1:0. Already tried 3 time(s); retry policy is RetryUpToMaximumCountWithFixedSleep(maxRetries=10, sleepTime=1000 MILLISECONDS)
2019-09-24 22:10:58,914 [main] INFO  ipc.Client (Client.java:handleConnectionFailure(948)) - Retrying connect to server: localhost/127.0.0.1:0. Already tried 4 time(s); retry policy is RetryUpToMaximumCountWithFixedSleep(maxRetries=10, sleepTime=1000 MILLISECONDS)
2019-09-24 22:10:59,915 [main] INFO  ipc.Client (Client.java:handleConnectionFailure(948)) - Retrying connect to server: localhost/127.0.0.1:0. Already tried 5 time(s); retry policy is RetryUpToMaximumCountWithFixedSleep(maxRetries=10, sleepTime=1000 MILLISECONDS)
2019-09-24 22:11:00,916 [main] INFO  ipc.Client (Client.java:handleConnectionFailure(948)) - Retrying connect to server: localhost/127.0.0.1:0. Already tried 6 time(s); retry policy is RetryUpToMaximumCountWithFixedSleep(maxRetries=10, sleepTime=1000 MILLISECONDS)
2019-09-24 22:11:01,917 [main] INFO  ipc.Client (Client.java:handleConnectionFailure(948)) - Retrying connect to server: localhost/127.0.0.1:0. Already tried 7 time(s); retry policy is RetryUpToMaximumCountWithFixedSleep(maxRetries=10, sleepTime=1000 MILLISECONDS)
2019-09-24 22:11:02,918 [main] INFO  ipc.Client (Client.java:handleConnectionFailure(948)) - Retrying connect to server: localhost/127.0.0.1:0. Already tried 8 time(s); retry policy is RetryUpToMaximumCountWithFixedSleep(maxRetries=10, sleepTime=1000 MILLISECONDS)
2019-09-24 22:11:03,919 [main] INFO  ipc.Client (Client.java:handleConnectionFailure(948)) - Retrying connect to server: localhost/127.0.0.1:0. Already tried 9 time(s); retry policy is RetryUpToMaximumCountWithFixedSleep(maxRetries=10, sleepTime=1000 MILLISECONDS)
2019-09-24 22:11:03,920 [main] INFO  retry.RetryInvocationHandler (RetryInvocationHandler.java:log(411)) - com.google.protobuf.ServiceException: java.net.ConnectException: Your endpoint configuration is wrong; For more details see:  http://wiki.apache.org/hadoop/UnsetHostnameOrPort, while invoking $Proxy37.submitRequest over nodeId=null,nodeAddress=127.0.0.1:0 after 5 failover attempts. Trying to failover immediately.
2019-09-24 22:11:04,921 [main] INFO  ipc.Client (Client.java:handleConnectionFailure(948)) - Retrying connect to server: localhost/127.0.0.1:0. Already tried 0 time(s); retry policy is RetryUpToMaximumCountWithFixedSleep(maxRetries=10, sleepTime=1000 MILLISECONDS)
2019-09-24 22:11:05,922 [main] INFO  ipc.Client (Client.java:handleConnectionFailure(948)) - Retrying connect to server: localhost/127.0.0.1:0. Already tried 1 time(s); retry policy is RetryUpToMaximumCountWithFixedSleep(maxRetries=10, sleepTime=1000 MILLISECONDS)
2019-09-24 22:11:06,924 [main] INFO  ipc.Client (Client.java:handleConnectionFailure(948)) - Retrying connect to server: localhost/127.0.0.1:0. Already tried 2 time(s); retry policy is RetryUpToMaximumCountWithFixedSleep(maxRetries=10, sleepTime=1000 MILLISECONDS)
2019-09-24 22:11:07,925 [main] INFO  ipc.Client (Client.java:handleConnectionFailure(948)) - Retrying connect to server: localhost/127.0.0.1:0. Already tried 3 time(s); retry policy is RetryUpToMaximumCountWithFixedSleep(maxRetries=10, sleepTime=1000 MILLISECONDS)
2019-09-24 22:11:08,926 [main] INFO  ipc.Client (Client.java:handleConnectionFailure(948)) - Retrying connect to server: localhost/127.0.0.1:0. Already tried 4 time(s); retry policy is RetryUpToMaximumCountWithFixedSleep(maxRetries=10, sleepTime=1000 MILLISECONDS)
2019-09-24 22:11:09,928 [main] INFO  ipc.Client (Client.java:handleConnectionFailure(948)) - Retrying connect to server: localhost/127.0.0.1:0. Already tried 5 time(s); retry policy is RetryUpToMaximumCountWithFixedSleep(maxRetries=10, sleepTime=1000 MILLISECONDS)
2019-09-24 22:11:10,929 [main] INFO  ipc.Client (Client.java:handleConnectionFailure(948)) - Retrying connect to server: localhost/127.0.0.1:0. Already tried 6 time(s); retry policy is RetryUpToMaximumCountWithFixedSleep(maxRetries=10, sleepTime=1000 MILLISECONDS)
2019-09-24 22:11:11,930 [main] INFO  ipc.Client (Client.java:handleConnectionFailure(948)) - Retrying connect to server: localhost/127.0.0.1:0. Already tried 7 time(s); retry policy is RetryUpToMaximumCountWithFixedSleep(maxRetries=10, sleepTime=1000 MILLISECONDS)
2019-09-24 22:11:12,931 [main] INFO  ipc.Client (Client.java:handleConnectionFailure(948)) - Retrying connect to server: localhost/127.0.0.1:0. Already tried 8 time(s); retry policy is RetryUpToMaximumCountWithFixedSleep(maxRetries=10, sleepTime=1000 MILLISECONDS)
2019-09-24 22:11:13,932 [main] INFO  ipc.Client (Client.java:handleConnectionFailure(948)) - Retrying connect to server: localhost/127.0.0.1:0. Already tried 9 time(s); retry policy is RetryUpToMaximumCountWithFixedSleep(maxRetries=10, sleepTime=1000 MILLISECONDS)
2019-09-24 22:11:13,934 [main] INFO  retry.RetryInvocationHandler (RetryInvocationHandler.java:log(411)) - com.google.protobuf.ServiceException: java.net.ConnectException: Your endpoint configuration is wrong; For more details see:  http://wiki.apache.org/hadoop/UnsetHostnameOrPort, while invoking $Proxy37.submitRequest over nodeId=null,nodeAddress=127.0.0.1:0 after 6 failover attempts. Trying to failover immediately.
2019-09-24 22:11:14,935 [main] INFO  ipc.Client (Client.java:handleConnectionFailure(948)) - Retrying connect to server: localhost/127.0.0.1:0. Already tried 0 time(s); retry policy is RetryUpToMaximumCountWithFixedSleep(maxRetries=10, sleepTime=1000 MILLISECONDS)
2019-09-24 22:11:15,936 [main] INFO  ipc.Client (Client.java:handleConnectionFailure(948)) - Retrying connect to server: localhost/127.0.0.1:0. Already tried 1 time(s); retry policy is RetryUpToMaximumCountWithFixedSleep(maxRetries=10, sleepTime=1000 MILLISECONDS)
2019-09-24 22:11:16,937 [main] INFO  ipc.Client (Client.java:handleConnectionFailure(948)) - Retrying connect to server: localhost/127.0.0.1:0. Already tried 2 time(s); retry policy is RetryUpToMaximumCountWithFixedSleep(maxRetries=10, sleepTime=1000 MILLISECONDS)
2019-09-24 22:11:17,938 [main] INFO  ipc.Client (Client.java:handleConnectionFailure(948)) - Retrying connect to server: localhost/127.0.0.1:0. Already tried 3 time(s); retry policy is RetryUpToMaximumCountWithFixedSleep(maxRetries=10, sleepTime=1000 MILLISECONDS)
2019-09-24 22:11:18,939 [main] INFO  ipc.Client (Client.java:handleConnectionFailure(948)) - Retrying connect to server: localhost/127.0.0.1:0. Already tried 4 time(s); retry policy is RetryUpToMaximumCountWithFixedSleep(maxRetries=10, sleepTime=1000 MILLISECONDS)
2019-09-24 22:11:19,940 [main] INFO  ipc.Client (Client.java:handleConnectionFailure(948)) - Retrying connect to server: localhost/127.0.0.1:0. Already tried 5 time(s); retry policy is RetryUpToMaximumCountWithFixedSleep(maxRetries=10, sleepTime=1000 MILLISECONDS)
2019-09-24 22:11:20,941 [main] INFO  ipc.Client (Client.java:handleConnectionFailure(948)) - Retrying connect to server: localhost/127.0.0.1:0. Already tried 6 time(s); retry policy is RetryUpToMaximumCountWithFixedSleep(maxRetries=10, sleepTime=1000 MILLISECONDS)
2019-09-24 22:11:21,943 [main] INFO  ipc.Client (Client.java:handleConnectionFailure(948)) - Retrying connect to server: localhost/127.0.0.1:0. Already tried 7 time(s); retry policy is RetryUpToMaximumCountWithFixedSleep(maxRetries=10, sleepTime=1000 MILLISECONDS)
2019-09-24 22:11:22,944 [main] INFO  ipc.Client (Client.java:handleConnectionFailure(948)) - Retrying connect to server: localhost/127.0.0.1:0. Already tried 8 time(s); retry policy is RetryUpToMaximumCountWithFixedSleep(maxRetries=10, sleepTime=1000 MILLISECONDS)
2019-09-24 22:11:23,945 [main] INFO  ipc.Client (Client.java:handleConnectionFailure(948)) - Retrying connect to server: localhost/127.0.0.1:0. Already tried 9 time(s); retry policy is RetryUpToMaximumCountWithFixedSleep(maxRetries=10, sleepTime=1000 MILLISECONDS)
2019-09-24 22:11:23,946 [main] INFO  retry.RetryInvocationHandler (RetryInvocationHandler.java:log(411)) - com.google.protobuf.ServiceException: java.net.ConnectException: Your endpoint configuration is wrong; For more details see:  http://wiki.apache.org/hadoop/UnsetHostnameOrPort, while invoking $Proxy37.submitRequest over nodeId=null,nodeAddress=127.0.0.1:0 after 7 failover attempts. Trying to failover immediately.
2019-09-24 22:11:24,947 [main] INFO  ipc.Client (Client.java:handleConnectionFailure(948)) - Retrying connect to server: localhost/127.0.0.1:0. Already tried 0 time(s); retry policy is RetryUpToMaximumCountWithFixedSleep(maxRetries=10, sleepTime=1000 MILLISECONDS)
2019-09-24 22:11:25,948 [main] INFO  ipc.Client (Client.java:handleConnectionFailure(948)) - Retrying connect to server: localhost/127.0.0.1:0. Already tried 1 time(s); retry policy is RetryUpToMaximumCountWithFixedSleep(maxRetries=10, sleepTime=1000 MILLISECONDS)
2019-09-24 22:11:26,950 [main] INFO  ipc.Client (Client.java:handleConnectionFailure(948)) - Retrying connect to server: localhost/127.0.0.1:0. Already tried 2 time(s); retry policy is RetryUpToMaximumCountWithFixedSleep(maxRetries=10, sleepTime=1000 MILLISECONDS)
2019-09-24 22:11:27,951 [main] INFO  ipc.Client (Client.java:handleConnectionFailure(948)) - Retrying connect to server: localhost/127.0.0.1:0. Already tried 3 time(s); retry policy is RetryUpToMaximumCountWithFixedSleep(maxRetries=10, sleepTime=1000 MILLISECONDS)
2019-09-24 22:11:28,952 [main] INFO  ipc.Client (Client.java:handleConnectionFailure(948)) - Retrying connect to server: localhost/127.0.0.1:0. Already tried 4 time(s); retry policy is RetryUpToMaximumCountWithFixedSleep(maxRetries=10, sleepTime=1000 MILLISECONDS)
2019-09-24 22:11:29,953 [main] INFO  ipc.Client (Client.java:handleConnectionFailure(948)) - Retrying connect to server: localhost/127.0.0.1:0. Already tried 5 time(s); retry policy is RetryUpToMaximumCountWithFixedSleep(maxRetries=10, sleepTime=1000 MILLISECONDS)
2019-09-24 22:11:30,954 [main] INFO  ipc.Client (Client.java:handleConnectionFailure(948)) - Retrying connect to server: localhost/127.0.0.1:0. Already tried 6 time(s); retry policy is RetryUpToMaximumCountWithFixedSleep(maxRetries=10, sleepTime=1000 MILLISECONDS)
2019-09-24 22:11:31,955 [main] INFO  ipc.Client (Client.java:handleConnectionFailure(948)) - Retrying connect to server: localhost/127.0.0.1:0. Already tried 7 time(s); retry policy is RetryUpToMaximumCountWithFixedSleep(maxRetries=10, sleepTime=1000 MILLISECONDS)
2019-09-24 22:11:32,956 [main] INFO  ipc.Client (Client.java:handleConnectionFailure(948)) - Retrying connect to server: localhost/127.0.0.1:0. Already tried 8 time(s); retry policy is RetryUpToMaximumCountWithFixedSleep(maxRetries=10, sleepTime=1000 MILLISECONDS)
2019-09-24 22:11:33,958 [main] INFO  ipc.Client (Client.java:handleConnectionFailure(948)) - Retrying connect to server: localhost/127.0.0.1:0. Already tried 9 time(s); retry policy is RetryUpToMaximumCountWithFixedSleep(maxRetries=10, sleepTime=1000 MILLISECONDS)
2019-09-24 22:11:33,959 [main] INFO  retry.RetryInvocationHandler (RetryInvocationHandler.java:log(411)) - com.google.protobuf.ServiceException: java.net.ConnectException: Your endpoint configuration is wrong; For more details see:  http://wiki.apache.org/hadoop/UnsetHostnameOrPort, while invoking $Proxy37.submitRequest over nodeId=null,nodeAddress=127.0.0.1:0 after 8 failover attempts. Trying to failover immediately.
2019-09-24 22:11:34,960 [main] INFO  ipc.Client (Client.java:handleConnectionFailure(948)) - Retrying connect to server: localhost/127.0.0.1:0. Already tried 0 time(s); retry policy is RetryUpToMaximumCountWithFixedSleep(maxRetries=10, sleepTime=1000 MILLISECONDS)
2019-09-24 22:11:35,961 [main] INFO  ipc.Client (Client.java:handleConnectionFailure(948)) - Retrying connect to server: localhost/127.0.0.1:0. Already tried 1 time(s); retry policy is RetryUpToMaximumCountWithFixedSleep(maxRetries=10, sleepTime=1000 MILLISECONDS)
2019-09-24 22:11:36,962 [main] INFO  ipc.Client (Client.java:handleConnectionFailure(948)) - Retrying connect to server: localhost/127.0.0.1:0. Already tried 2 time(s); retry policy is RetryUpToMaximumCountWithFixedSleep(maxRetries=10, sleepTime=1000 MILLISECONDS)
2019-09-24 22:11:37,963 [main] INFO  ipc.Client (Client.java:handleConnectionFailure(948)) - Retrying connect to server: localhost/127.0.0.1:0. Already tried 3 time(s); retry policy is RetryUpToMaximumCountWithFixedSleep(maxRetries=10, sleepTime=1000 MILLISECONDS)
2019-09-24 22:11:38,964 [main] INFO  ipc.Client (Client.java:handleConnectionFailure(948)) - Retrying connect to server: localhost/127.0.0.1:0. Already tried 4 time(s); retry policy is RetryUpToMaximumCountWithFixedSleep(maxRetries=10, sleepTime=1000 MILLISECONDS)
2019-09-24 22:11:39,965 [main] INFO  ipc.Client (Client.java:handleConnectionFailure(948)) - Retrying connect to server: localhost/127.0.0.1:0. Already tried 5 time(s); retry policy is RetryUpToMaximumCountWithFixedSleep(maxRetries=10, sleepTime=1000 MILLISECONDS)
2019-09-24 22:11:40,966 [main] INFO  ipc.Client (Client.java:handleConnectionFailure(948)) - Retrying connect to server: localhost/127.0.0.1:0. Already tried 6 time(s); retry policy is RetryUpToMaximumCountWithFixedSleep(maxRetries=10, sleepTime=1000 MILLISECONDS)
2019-09-24 22:11:41,967 [main] INFO  ipc.Client (Client.java:handleConnectionFailure(948)) - Retrying connect to server: localhost/127.0.0.1:0. Already tried 7 time(s); retry policy is RetryUpToMaximumCountWithFixedSleep(maxRetries=10, sleepTime=1000 MILLISECONDS)
2019-09-24 22:11:42,968 [main] INFO  ipc.Client (Client.java:handleConnectionFailure(948)) - Retrying connect to server: localhost/127.0.0.1:0. Already tried 8 time(s); retry policy is RetryUpToMaximumCountWithFixedSleep(maxRetries=10, sleepTime=1000 MILLISECONDS)
2019-09-24 22:11:43,969 [main] INFO  ipc.Client (Client.java:handleConnectionFailure(948)) - Retrying connect to server: localhost/127.0.0.1:0. Already tried 9 time(s); retry policy is RetryUpToMaximumCountWithFixedSleep(maxRetries=10, sleepTime=1000 MILLISECONDS)
2019-09-24 22:11:43,970 [main] INFO  retry.RetryInvocationHandler (RetryInvocationHandler.java:log(411)) - com.google.protobuf.ServiceException: java.net.ConnectException: Your endpoint configuration is wrong; For more details see:  http://wiki.apache.org/hadoop/UnsetHostnameOrPort, while invoking $Proxy37.submitRequest over nodeId=null,nodeAddress=127.0.0.1:0 after 9 failover attempts. Trying to failover immediately.
2019-09-24 22:11:44,971 [main] INFO  ipc.Client (Client.java:handleConnectionFailure(948)) - Retrying connect to server: localhost/127.0.0.1:0. Already tried 0 time(s); retry policy is RetryUpToMaximumCountWithFixedSleep(maxRetries=10, sleepTime=1000 MILLISECONDS)
2019-09-24 22:11:45,972 [main] INFO  ipc.Client (Client.java:handleConnectionFailure(948)) - Retrying connect to server: localhost/127.0.0.1:0. Already tried 1 time(s); retry policy is RetryUpToMaximumCountWithFixedSleep(maxRetries=10, sleepTime=1000 MILLISECONDS)
2019-09-24 22:11:46,973 [main] INFO  ipc.Client (Client.java:handleConnectionFailure(948)) - Retrying connect to server: localhost/127.0.0.1:0. Already tried 2 time(s); retry policy is RetryUpToMaximumCountWithFixedSleep(maxRetries=10, sleepTime=1000 MILLISECONDS)
2019-09-24 22:11:47,975 [main] INFO  ipc.Client (Client.java:handleConnectionFailure(948)) - Retrying connect to server: localhost/127.0.0.1:0. Already tried 3 time(s); retry policy is RetryUpToMaximumCountWithFixedSleep(maxRetries=10, sleepTime=1000 MILLISECONDS)
2019-09-24 22:11:48,976 [main] INFO  ipc.Client (Client.java:handleConnectionFailure(948)) - Retrying connect to server: localhost/127.0.0.1:0. Already tried 4 time(s); retry policy is RetryUpToMaximumCountWithFixedSleep(maxRetries=10, sleepTime=1000 MILLISECONDS)
2019-09-24 22:11:49,977 [main] INFO  ipc.Client (Client.java:handleConnectionFailure(948)) - Retrying connect to server: localhost/127.0.0.1:0. Already tried 5 time(s); retry policy is RetryUpToMaximumCountWithFixedSleep(maxRetries=10, sleepTime=1000 MILLISECONDS)
2019-09-24 22:11:50,978 [main] INFO  ipc.Client (Client.java:handleConnectionFailure(948)) - Retrying connect to server: localhost/127.0.0.1:0. Already tried 6 time(s); retry policy is RetryUpToMaximumCountWithFixedSleep(maxRetries=10, sleepTime=1000 MILLISECONDS)
2019-09-24 22:11:51,979 [main] INFO  ipc.Client (Client.java:handleConnectionFailure(948)) - Retrying connect to server: localhost/127.0.0.1:0. Already tried 7 time(s); retry policy is RetryUpToMaximumCountWithFixedSleep(maxRetries=10, sleepTime=1000 MILLISECONDS)
2019-09-24 22:11:52,980 [main] INFO  ipc.Client (Client.java:handleConnectionFailure(948)) - Retrying connect to server: localhost/127.0.0.1:0. Already tried 8 time(s); retry policy is RetryUpToMaximumCountWithFixedSleep(maxRetries=10, sleepTime=1000 MILLISECONDS)
2019-09-24 22:11:53,981 [main] INFO  ipc.Client (Client.java:handleConnectionFailure(948)) - Retrying connect to server: localhost/127.0.0.1:0. Already tried 9 time(s); retry policy is RetryUpToMaximumCountWithFixedSleep(maxRetries=10, sleepTime=1000 MILLISECONDS)
2019-09-24 22:11:53,982 [main] ERROR ha.OMFailoverProxyProvider (OzoneManagerProtocolClientSideTranslatorPB.java:getRetryAction(268)) - Failed to connect to OM. Attempted 10 retries and 10 failovers
2019-09-24 22:11:53,984 [main] ERROR client.OzoneClientFactory (OzoneClientFactory.java:getClientProtocol(259)) - Couldn't create RpcClient protocol exception: 
java.net.ConnectException: Your endpoint configuration is wrong; For more details see:  http://wiki.apache.org/hadoop/UnsetHostnameOrPort
	at sun.reflect.NativeConstructorAccessorImpl.newInstance0(Native Method)
	at sun.reflect.NativeConstructorAccessorImpl.newInstance(NativeConstructorAccessorImpl.java:62)
	at sun.reflect.DelegatingConstructorAccessorImpl.newInstance(DelegatingConstructorAccessorImpl.java:45)
	at java.lang.reflect.Constructor.newInstance(Constructor.java:423)
	at org.apache.hadoop.net.NetUtils.wrapWithMessage(NetUtils.java:831)
	at org.apache.hadoop.net.NetUtils.wrapException(NetUtils.java:751)
	at org.apache.hadoop.ipc.Client.getRpcResponse(Client.java:1515)
	at org.apache.hadoop.ipc.Client.call(Client.java:1457)
	at org.apache.hadoop.ipc.Client.call(Client.java:1367)
	at org.apache.hadoop.ipc.ProtobufRpcEngine$Invoker.invoke(ProtobufRpcEngine.java:228)
	at org.apache.hadoop.ipc.ProtobufRpcEngine$Invoker.invoke(ProtobufRpcEngine.java:116)
	at com.sun.proxy.$Proxy37.submitRequest(Unknown Source)
	at sun.reflect.NativeMethodAccessorImpl.invoke0(Native Method)
	at sun.reflect.NativeMethodAccessorImpl.invoke(NativeMethodAccessorImpl.java:62)
	at sun.reflect.DelegatingMethodAccessorImpl.invoke(DelegatingMethodAccessorImpl.java:43)
	at java.lang.reflect.Method.invoke(Method.java:498)
	at org.apache.hadoop.io.retry.RetryInvocationHandler.invokeMethod(RetryInvocationHandler.java:422)
	at org.apache.hadoop.io.retry.RetryInvocationHandler$Call.invokeMethod(RetryInvocationHandler.java:165)
	at org.apache.hadoop.io.retry.RetryInvocationHandler$Call.invoke(RetryInvocationHandler.java:157)
	at org.apache.hadoop.io.retry.RetryInvocationHandler$Call.invokeOnce(RetryInvocationHandler.java:95)
	at org.apache.hadoop.io.retry.RetryInvocationHandler.invoke(RetryInvocationHandler.java:359)
	at com.sun.proxy.$Proxy37.submitRequest(Unknown Source)
	at org.apache.hadoop.ozone.om.protocolPB.OzoneManagerProtocolClientSideTranslatorPB.submitRequest(OzoneManagerProtocolClientSideTranslatorPB.java:338)
	at org.apache.hadoop.ozone.om.protocolPB.OzoneManagerProtocolClientSideTranslatorPB.getServiceInfo(OzoneManagerProtocolClientSideTranslatorPB.java:1223)
	at sun.reflect.NativeMethodAccessorImpl.invoke0(Native Method)
	at sun.reflect.NativeMethodAccessorImpl.invoke(NativeMethodAccessorImpl.java:62)
	at sun.reflect.DelegatingMethodAccessorImpl.invoke(DelegatingMethodAccessorImpl.java:43)
	at java.lang.reflect.Method.invoke(Method.java:498)
	at org.apache.hadoop.hdds.tracing.TraceAllMethod.invoke(TraceAllMethod.java:66)
	at com.sun.proxy.$Proxy38.getServiceInfo(Unknown Source)
	at org.apache.hadoop.ozone.client.rpc.RpcClient.<init>(RpcClient.java:154)
	at org.apache.hadoop.ozone.client.OzoneClientFactory.getClientProtocol(OzoneClientFactory.java:256)
	at org.apache.hadoop.ozone.client.OzoneClientFactory.getClientProtocol(OzoneClientFactory.java:239)
	at org.apache.hadoop.ozone.client.OzoneClientFactory.getClient(OzoneClientFactory.java:75)
	at org.apache.hadoop.ozone.client.rpc.TestCloseContainerHandlingByClient.init(TestCloseContainerHandlingByClient.java:97)
	at sun.reflect.NativeMethodAccessorImpl.invoke0(Native Method)
	at sun.reflect.NativeMethodAccessorImpl.invoke(NativeMethodAccessorImpl.java:62)
	at sun.reflect.DelegatingMethodAccessorImpl.invoke(DelegatingMethodAccessorImpl.java:43)
	at java.lang.reflect.Method.invoke(Method.java:498)
	at org.junit.runners.model.FrameworkMethod$1.runReflectiveCall(FrameworkMethod.java:47)
	at org.junit.internal.runners.model.ReflectiveCallable.run(ReflectiveCallable.java:12)
	at org.junit.runners.model.FrameworkMethod.invokeExplosively(FrameworkMethod.java:44)
	at org.junit.internal.runners.statements.RunBefores.evaluate(RunBefores.java:24)
	at org.junit.internal.runners.statements.RunAfters.evaluate(RunAfters.java:27)
	at org.junit.runners.ParentRunner.run(ParentRunner.java:309)
	at org.apache.maven.surefire.junit4.JUnit4Provider.execute(JUnit4Provider.java:365)
	at org.apache.maven.surefire.junit4.JUnit4Provider.executeWithRerun(JUnit4Provider.java:273)
	at org.apache.maven.surefire.junit4.JUnit4Provider.executeTestSet(JUnit4Provider.java:238)
	at org.apache.maven.surefire.junit4.JUnit4Provider.invoke(JUnit4Provider.java:159)
	at org.apache.maven.surefire.booter.ForkedBooter.invokeProviderInSameClassLoader(ForkedBooter.java:384)
	at org.apache.maven.surefire.booter.ForkedBooter.runSuitesInProcess(ForkedBooter.java:345)
	at org.apache.maven.surefire.booter.ForkedBooter.execute(ForkedBooter.java:126)
	at org.apache.maven.surefire.booter.ForkedBooter.main(ForkedBooter.java:418)
Caused by: java.net.ConnectException: Connection refused
	at sun.nio.ch.SocketChannelImpl.checkConnect(Native Method)
	at sun.nio.ch.SocketChannelImpl.finishConnect(SocketChannelImpl.java:717)
	at org.apache.hadoop.net.SocketIOWithTimeout.connect(SocketIOWithTimeout.java:206)
	at org.apache.hadoop.net.NetUtils.connect(NetUtils.java:531)
	at org.apache.hadoop.ipc.Client$Connection.setupConnection(Client.java:690)
	at org.apache.hadoop.ipc.Client$Connection.setupIOstreams(Client.java:794)
	at org.apache.hadoop.ipc.Client$Connection.access$3700(Client.java:411)
	at org.apache.hadoop.ipc.Client.getConnection(Client.java:1572)
	at org.apache.hadoop.ipc.Client.call(Client.java:1403)
	... 45 more
2019-09-24 22:11:53,987 [main] INFO  ozone.MiniOzoneClusterImpl (MiniOzoneClusterImpl.java:shutdown(314)) - Shutting down the Mini Ozone Cluster
2019-09-24 22:11:53,987 [main] INFO  ozone.MiniOzoneClusterImpl (MiniOzoneClusterImpl.java:stop(330)) - Stopping the Mini Ozone Cluster
2019-09-24 22:11:53,987 [main] INFO  ozone.MiniOzoneClusterImpl (MiniOzoneClusterImpl.java:stopOM(400)) - Stopping the OzoneManager
2019-09-24 22:11:53,987 [main] INFO  ipc.Server (Server.java:stop(3082)) - Stopping server on 38046
2019-09-24 22:11:54,000 [IPC Server listener on 38046] INFO  ipc.Server (Server.java:run(1185)) - Stopping IPC Server listener on 38046
2019-09-24 22:11:54,003 [main] INFO  ratis.OzoneManagerDoubleBuffer (OzoneManagerDoubleBuffer.java:stop(248)) - Stopping OMDoubleBuffer flush thread
2019-09-24 22:11:54,006 [IPC Server Responder] INFO  ipc.Server (Server.java:run(1319)) - Stopping IPC Server Responder
2019-09-24 22:11:54,011 [OMDoubleBufferFlushThread] INFO  ratis.OzoneManagerDoubleBuffer (OzoneManagerDoubleBuffer.java:flushTransactions(191)) - OMDoubleBuffer flush thread OMDoubleBufferFlushThread is interrupted and will exit. OMDoubleBufferFlushThread
2019-09-24 22:11:54,027 [main] INFO  utils.BackgroundService (BackgroundService.java:shutdown(148)) - Shutting down service KeyDeletingService
2019-09-24 22:11:54,031 [main] INFO  handler.ContextHandler (ContextHandler.java:doStop(910)) - Stopped o.e.j.w.WebAppContext@1cbb3d3b{/,null,UNAVAILABLE}{/ozoneManager}
2019-09-24 22:11:54,037 [main] INFO  server.AbstractConnector (AbstractConnector.java:doStop(318)) - Stopped ServerConnector@529cfee5{HTTP/1.1,[http/1.1]}{0.0.0.0:0}
2019-09-24 22:11:54,038 [main] INFO  handler.ContextHandler (ContextHandler.java:doStop(910)) - Stopped o.e.j.s.ServletContextHandler@629f066f{/static,file:///workdir/hadoop-ozone/integration-test/target/test-classes/webapps/static,UNAVAILABLE}
2019-09-24 22:11:54,038 [main] INFO  handler.ContextHandler (ContextHandler.java:doStop(910)) - Stopped o.e.j.s.ServletContextHandler@5cf8edcf{/logs,file:///workdir/hadoop-ozone/integration-test/target/log,UNAVAILABLE}
2019-09-24 22:11:54,042 [main] INFO  ozone.MiniOzoneClusterImpl (MiniOzoneClusterImpl.java:stopDatanodes(377)) - Stopping the HddsDatanodes
2019-09-24 22:11:54,130 [Datanode State Machine Thread - 0] INFO  statemachine.DatanodeStateMachine (DatanodeStateMachine.java:lambda$startDaemon$0(350)) - Ozone container server started.
2019-09-24 22:11:54,346 [Datanode State Machine Thread - 0] INFO  statemachine.DatanodeStateMachine (DatanodeStateMachine.java:lambda$startDaemon$0(350)) - Ozone container server started.
2019-09-24 22:11:56,214 [EventQueue-StaleNodeForStaleNodeHandler] INFO  node.StaleNodeHandler (StaleNodeHandler.java:onMessage(58)) - Datanode fcffd87e-625a-4e43-93d0-8a9595161c67{ip: 192.168.151.66, host: pr-hdds-2162-v2v4x-1150571016, networkLocation: /default-rack, certSerialId: null} moved to stale state. Finalizing its pipelines [PipelineID=3e397f8b-a7ca-4a6f-ab51-bb63ccbfdcc8]
2019-09-24 22:11:56,215 [EventQueue-StaleNodeForStaleNodeHandler] INFO  pipeline.SCMPipelineManager (SCMPipelineManager.java:finalizeAndDestroyPipeline(315)) - destroying pipeline:Pipeline[ Id: 3e397f8b-a7ca-4a6f-ab51-bb63ccbfdcc8, Nodes: fcffd87e-625a-4e43-93d0-8a9595161c67{ip: 192.168.151.66, host: pr-hdds-2162-v2v4x-1150571016, networkLocation: /default-rack, certSerialId: null}, Type:RATIS, Factor:ONE, State:OPEN]
2019-09-24 22:11:56,219 [EventQueue-StaleNodeForStaleNodeHandler] INFO  pipeline.PipelineStateManager (PipelineStateManager.java:finalizePipeline(123)) - Pipeline Pipeline[ Id: 3e397f8b-a7ca-4a6f-ab51-bb63ccbfdcc8, Nodes: fcffd87e-625a-4e43-93d0-8a9595161c67{ip: 192.168.151.66, host: pr-hdds-2162-v2v4x-1150571016, networkLocation: /default-rack, certSerialId: null}, Type:RATIS, Factor:ONE, State:CLOSED] moved to CLOSED state
2019-09-24 22:11:56,414 [EventQueue-StaleNodeForStaleNodeHandler] INFO  node.StaleNodeHandler (StaleNodeHandler.java:onMessage(58)) - Datanode 81dc61f5-3f0d-4495-99d5-0d8363b24cff{ip: 192.168.151.66, host: pr-hdds-2162-v2v4x-1150571016, networkLocation: /default-rack, certSerialId: null} moved to stale state. Finalizing its pipelines [PipelineID=034eb7cd-e11c-4e27-9bc6-5de5786a30a2, PipelineID=132cef49-169f-4ec5-9dfb-1dfd99f71fc5]
2019-09-24 22:11:56,414 [EventQueue-StaleNodeForStaleNodeHandler] INFO  pipeline.SCMPipelineManager (SCMPipelineManager.java:finalizeAndDestroyPipeline(315)) - destroying pipeline:Pipeline[ Id: 034eb7cd-e11c-4e27-9bc6-5de5786a30a2, Nodes: b4b9e96e-7bb7-46f7-837e-d6d8a00df559{ip: 192.168.151.66, host: pr-hdds-2162-v2v4x-1150571016, networkLocation: /default-rack, certSerialId: null}a975b012-7e14-4989-9e13-cc869fccbfcb{ip: 192.168.151.66, host: pr-hdds-2162-v2v4x-1150571016, networkLocation: /default-rack, certSerialId: null}81dc61f5-3f0d-4495-99d5-0d8363b24cff{ip: 192.168.151.66, host: pr-hdds-2162-v2v4x-1150571016, networkLocation: /default-rack, certSerialId: null}, Type:RATIS, Factor:THREE, State:OPEN]
2019-09-24 22:11:56,415 [EventQueue-StaleNodeForStaleNodeHandler] INFO  pipeline.PipelineStateManager (PipelineStateManager.java:finalizePipeline(123)) - Pipeline Pipeline[ Id: 034eb7cd-e11c-4e27-9bc6-5de5786a30a2, Nodes: b4b9e96e-7bb7-46f7-837e-d6d8a00df559{ip: 192.168.151.66, host: pr-hdds-2162-v2v4x-1150571016, networkLocation: /default-rack, certSerialId: null}a975b012-7e14-4989-9e13-cc869fccbfcb{ip: 192.168.151.66, host: pr-hdds-2162-v2v4x-1150571016, networkLocation: /default-rack, certSerialId: null}81dc61f5-3f0d-4495-99d5-0d8363b24cff{ip: 192.168.151.66, host: pr-hdds-2162-v2v4x-1150571016, networkLocation: /default-rack, certSerialId: null}, Type:RATIS, Factor:THREE, State:CLOSED] moved to CLOSED state
2019-09-24 22:11:56,415 [EventQueue-StaleNodeForStaleNodeHandler] INFO  pipeline.SCMPipelineManager (SCMPipelineManager.java:finalizeAndDestroyPipeline(315)) - destroying pipeline:Pipeline[ Id: 132cef49-169f-4ec5-9dfb-1dfd99f71fc5, Nodes: 81dc61f5-3f0d-4495-99d5-0d8363b24cff{ip: 192.168.151.66, host: pr-hdds-2162-v2v4x-1150571016, networkLocation: /default-rack, certSerialId: null}, Type:RATIS, Factor:ONE, State:OPEN]
2019-09-24 22:11:56,415 [EventQueue-StaleNodeForStaleNodeHandler] INFO  pipeline.PipelineStateManager (PipelineStateManager.java:finalizePipeline(123)) - Pipeline Pipeline[ Id: 132cef49-169f-4ec5-9dfb-1dfd99f71fc5, Nodes: 81dc61f5-3f0d-4495-99d5-0d8363b24cff{ip: 192.168.151.66, host: pr-hdds-2162-v2v4x-1150571016, networkLocation: /default-rack, certSerialId: null}, Type:RATIS, Factor:ONE, State:CLOSED] moved to CLOSED state
2019-09-24 22:11:59,045 [main] INFO  ozoneimpl.OzoneContainer (OzoneContainer.java:stop(231)) - Attempting to stop container services.
2019-09-24 22:11:59,045 [ForkJoinPool.commonPool-worker-0] INFO  ozoneimpl.OzoneContainer (OzoneContainer.java:stop(231)) - Attempting to stop container services.
2019-09-24 22:11:59,048 [main] INFO  impl.RaftServerProxy (RaftServerProxy.java:lambda$close$4(314)) - 81dc61f5-3f0d-4495-99d5-0d8363b24cff: close
2019-09-24 22:11:59,048 [ForkJoinPool.commonPool-worker-0] INFO  impl.RaftServerProxy (RaftServerProxy.java:lambda$close$4(314)) - fcffd87e-625a-4e43-93d0-8a9595161c67: close
2019-09-24 22:11:59,051 [main] INFO  impl.RaftServerImpl (RaftServerImpl.java:lambda$shutdown$3(251)) - 81dc61f5-3f0d-4495-99d5-0d8363b24cff@group-5DE5786A30A2: shutdown
2019-09-24 22:11:59,051 [ForkJoinPool.commonPool-worker-0] INFO  impl.RaftServerImpl (RaftServerImpl.java:lambda$shutdown$3(251)) - fcffd87e-625a-4e43-93d0-8a9595161c67@group-BB63CCBFDCC8: shutdown
2019-09-24 22:11:59,051 [main] INFO  util.JmxRegister (JmxRegister.java:unregister(73)) - Successfully un-registered JMX Bean with object name Ratis:service=RaftServer,group=group-5DE5786A30A2,id=81dc61f5-3f0d-4495-99d5-0d8363b24cff
2019-09-24 22:11:59,051 [ForkJoinPool.commonPool-worker-0] INFO  util.JmxRegister (JmxRegister.java:unregister(73)) - Successfully un-registered JMX Bean with object name Ratis:service=RaftServer,group=group-BB63CCBFDCC8,id=fcffd87e-625a-4e43-93d0-8a9595161c67
2019-09-24 22:11:59,051 [main] INFO  impl.RoleInfo (RoleInfo.java:shutdownFollowerState(121)) - 81dc61f5-3f0d-4495-99d5-0d8363b24cff: shutdown FollowerState
2019-09-24 22:11:59,052 [ForkJoinPool.commonPool-worker-0] INFO  impl.RoleInfo (RoleInfo.java:shutdownLeaderState(104)) - fcffd87e-625a-4e43-93d0-8a9595161c67: shutdown LeaderState
2019-09-24 22:11:59,052 [Thread-331] INFO  impl.FollowerState (FollowerState.java:run(115)) - 81dc61f5-3f0d-4495-99d5-0d8363b24cff: FollowerState was interrupted: java.lang.InterruptedException: sleep interrupted
2019-09-24 22:11:59,052 [main] INFO  impl.StateMachineUpdater (StateMachineUpdater.java:stopAndJoin(125)) - 81dc61f5-3f0d-4495-99d5-0d8363b24cff@group-5DE5786A30A2-StateMachineUpdater: set stopIndex = 0
2019-09-24 22:11:59,055 [main] INFO  impl.RaftServerImpl (ServerState.java:close(385)) - 81dc61f5-3f0d-4495-99d5-0d8363b24cff@group-5DE5786A30A2: closes. applyIndex: 0
2019-09-24 22:11:59,056 [ForkJoinPool.commonPool-worker-0] INFO  impl.PendingRequests (PendingRequests.java:sendNotLeaderResponses(202)) - fcffd87e-625a-4e43-93d0-8a9595161c67-PendingRequests: sendNotLeaderResponses
2019-09-24 22:11:59,057 [81dc61f5-3f0d-4495-99d5-0d8363b24cff@group-5DE5786A30A2-SegmentedRaftLogWorker] INFO  segmented.SegmentedRaftLogWorker (SegmentedRaftLogWorker.java:run(313)) - 81dc61f5-3f0d-4495-99d5-0d8363b24cff@group-5DE5786A30A2-SegmentedRaftLogWorker was interrupted, exiting. There are 0 tasks remaining in the queue.
2019-09-24 22:11:59,059 [main] INFO  segmented.SegmentedRaftLogWorker (SegmentedRaftLogWorker.java:close(228)) - 81dc61f5-3f0d-4495-99d5-0d8363b24cff@group-5DE5786A30A2-SegmentedRaftLogWorker close()
2019-09-24 22:11:59,059 [ForkJoinPool.commonPool-worker-0] INFO  impl.StateMachineUpdater (StateMachineUpdater.java:stopAndJoin(125)) - fcffd87e-625a-4e43-93d0-8a9595161c67@group-BB63CCBFDCC8-StateMachineUpdater: set stopIndex = 0
2019-09-24 22:11:59,064 [main] INFO  impl.RaftServerImpl (RaftServerImpl.java:lambda$shutdown$3(251)) - 81dc61f5-3f0d-4495-99d5-0d8363b24cff@group-1DFD99F71FC5: shutdown
2019-09-24 22:11:59,064 [ForkJoinPool.commonPool-worker-0] INFO  impl.RaftServerImpl (ServerState.java:close(385)) - fcffd87e-625a-4e43-93d0-8a9595161c67@group-BB63CCBFDCC8: closes. applyIndex: 0
2019-09-24 22:11:59,065 [main] INFO  util.JmxRegister (JmxRegister.java:unregister(73)) - Successfully un-registered JMX Bean with object name Ratis:service=RaftServer,group=group-1DFD99F71FC5,id=81dc61f5-3f0d-4495-99d5-0d8363b24cff
2019-09-24 22:11:59,065 [fcffd87e-625a-4e43-93d0-8a9595161c67@group-BB63CCBFDCC8-SegmentedRaftLogWorker] INFO  segmented.SegmentedRaftLogWorker (SegmentedRaftLogWorker.java:run(313)) - fcffd87e-625a-4e43-93d0-8a9595161c67@group-BB63CCBFDCC8-SegmentedRaftLogWorker was interrupted, exiting. There are 0 tasks remaining in the queue.
2019-09-24 22:11:59,065 [main] INFO  impl.RoleInfo (RoleInfo.java:shutdownLeaderState(104)) - 81dc61f5-3f0d-4495-99d5-0d8363b24cff: shutdown LeaderState
2019-09-24 22:11:59,067 [ForkJoinPool.commonPool-worker-0] INFO  segmented.SegmentedRaftLogWorker (SegmentedRaftLogWorker.java:close(228)) - fcffd87e-625a-4e43-93d0-8a9595161c67@group-BB63CCBFDCC8-SegmentedRaftLogWorker close()
2019-09-24 22:11:59,067 [main] INFO  impl.PendingRequests (PendingRequests.java:sendNotLeaderResponses(202)) - 81dc61f5-3f0d-4495-99d5-0d8363b24cff-PendingRequests: sendNotLeaderResponses
2019-09-24 22:11:59,072 [main] INFO  impl.StateMachineUpdater (StateMachineUpdater.java:stopAndJoin(125)) - 81dc61f5-3f0d-4495-99d5-0d8363b24cff@group-1DFD99F71FC5-StateMachineUpdater: set stopIndex = 0
2019-09-24 22:11:59,072 [ForkJoinPool.commonPool-worker-0] INFO  server.GrpcService (GrpcService.java:closeImpl(164)) - fcffd87e-625a-4e43-93d0-8a9595161c67: shutdown server with port 35754 now
2019-09-24 22:11:59,072 [main] INFO  impl.RaftServerImpl (ServerState.java:close(385)) - 81dc61f5-3f0d-4495-99d5-0d8363b24cff@group-1DFD99F71FC5: closes. applyIndex: 0
2019-09-24 22:11:59,072 [81dc61f5-3f0d-4495-99d5-0d8363b24cff@group-1DFD99F71FC5-SegmentedRaftLogWorker] INFO  segmented.SegmentedRaftLogWorker (SegmentedRaftLogWorker.java:run(313)) - 81dc61f5-3f0d-4495-99d5-0d8363b24cff@group-1DFD99F71FC5-SegmentedRaftLogWorker was interrupted, exiting. There are 0 tasks remaining in the queue.
2019-09-24 22:11:59,074 [main] INFO  segmented.SegmentedRaftLogWorker (SegmentedRaftLogWorker.java:close(228)) - 81dc61f5-3f0d-4495-99d5-0d8363b24cff@group-1DFD99F71FC5-SegmentedRaftLogWorker close()
2019-09-24 22:11:59,077 [main] INFO  server.GrpcService (GrpcService.java:closeImpl(164)) - 81dc61f5-3f0d-4495-99d5-0d8363b24cff: shutdown server with port 36247 now
2019-09-24 22:11:59,082 [ForkJoinPool.commonPool-worker-0] INFO  server.GrpcService (GrpcService.java:closeImpl(172)) - fcffd87e-625a-4e43-93d0-8a9595161c67: shutdown server with port 35754 successfully
2019-09-24 22:11:59,086 [refreshUsed-/workdir/hadoop-ozone/integration-test/target/test-dir/MiniOzoneClusterImpl-625ae465-5e4c-4ec2-831f-6349f2abf3b1/datanode-1/data/containers] WARN  fs.CachingGetSpaceUsed (CachingGetSpaceUsed.java:run(183)) - Thread Interrupted waiting to refresh disk information: sleep interrupted
2019-09-24 22:11:59,087 [main] INFO  server.GrpcService (GrpcService.java:closeImpl(172)) - 81dc61f5-3f0d-4495-99d5-0d8363b24cff: shutdown server with port 36247 successfully
2019-09-24 22:11:59,087 [grpc-default-executor-0] WARN  server.GrpcServerProtocolService (LogUtils.java:warn(134)) - 81dc61f5-3f0d-4495-99d5-0d8363b24cff: installSnapshot onError, lastRequest: b4b9e96e-7bb7-46f7-837e-d6d8a00df559->81dc61f5-3f0d-4495-99d5-0d8363b24cff#42-t2, previous=(t:2, i:0), leaderCommit=0, initializing? false, entries: <empty>: org.apache.ratis.thirdparty.io.grpc.StatusRuntimeException: CANCELLED: cancelled before receiving half close
2019-09-24 22:11:59,091 [refreshUsed-/workdir/hadoop-ozone/integration-test/target/test-dir/MiniOzoneClusterImpl-625ae465-5e4c-4ec2-831f-6349f2abf3b1/datanode-4/data/containers] WARN  fs.CachingGetSpaceUsed (CachingGetSpaceUsed.java:run(183)) - Thread Interrupted waiting to refresh disk information: sleep interrupted
2019-09-24 22:11:59,098 [grpc-default-executor-1] WARN  server.GrpcLogAppender (LogUtils.java:warn(134)) - b4b9e96e-7bb7-46f7-837e-d6d8a00df559@group-5DE5786A30A2->81dc61f5-3f0d-4495-99d5-0d8363b24cff-AppendLogResponseHandler: Failed appendEntries: org.apache.ratis.thirdparty.io.grpc.StatusRuntimeException: CANCELLED: HTTP/2 error code: CANCEL
Received Rst Stream
2019-09-24 22:11:59,103 [grpc-default-executor-1] INFO  impl.FollowerInfo (FollowerInfo.java:lambda$new$0(51)) - b4b9e96e-7bb7-46f7-837e-d6d8a00df559@group-5DE5786A30A2->81dc61f5-3f0d-4495-99d5-0d8363b24cff: nextIndex: updateUnconditionally 1 -> 0
2019-09-24 22:11:59,400 [ForkJoinPool.commonPool-worker-0] INFO  utils.BackgroundService (BackgroundService.java:shutdown(148)) - Shutting down service BlockDeletingService
2019-09-24 22:11:59,400 [main] INFO  utils.BackgroundService (BackgroundService.java:shutdown(148)) - Shutting down service BlockDeletingService
2019-09-24 22:11:59,405 [ForkJoinPool.commonPool-worker-0] INFO  statemachine.DatanodeStateMachine (DatanodeStateMachine.java:stopDaemon(395)) - Ozone container server stopped.
2019-09-24 22:11:59,405 [main] INFO  statemachine.DatanodeStateMachine (DatanodeStateMachine.java:stopDaemon(395)) - Ozone container server stopped.
2019-09-24 22:11:59,410 [ForkJoinPool.commonPool-worker-0] INFO  handler.ContextHandler (ContextHandler.java:doStop(910)) - Stopped o.e.j.w.WebAppContext@a92be4f{/,null,UNAVAILABLE}{/hddsDatanode}
2019-09-24 22:11:59,410 [main] INFO  handler.ContextHandler (ContextHandler.java:doStop(910)) - Stopped o.e.j.w.WebAppContext@7b306b9f{/,null,UNAVAILABLE}{/hddsDatanode}
2019-09-24 22:11:59,411 [ForkJoinPool.commonPool-worker-0] INFO  server.AbstractConnector (AbstractConnector.java:doStop(318)) - Stopped ServerConnector@53e800f9{HTTP/1.1,[http/1.1]}{0.0.0.0:0}
2019-09-24 22:11:59,411 [main] INFO  server.AbstractConnector (AbstractConnector.java:doStop(318)) - Stopped ServerConnector@142213d5{HTTP/1.1,[http/1.1]}{0.0.0.0:0}
2019-09-24 22:11:59,412 [ForkJoinPool.commonPool-worker-0] INFO  handler.ContextHandler (ContextHandler.java:doStop(910)) - Stopped o.e.j.s.ServletContextHandler@a9f023e{/static,jar:file:/home/user/.m2/repository/org/apache/hadoop/hadoop-hdds-container-service/0.5.0-SNAPSHOT/hadoop-hdds-container-service-0.5.0-SNAPSHOT.jar!/webapps/static,UNAVAILABLE}
2019-09-24 22:11:59,413 [main] INFO  handler.ContextHandler (ContextHandler.java:doStop(910)) - Stopped o.e.j.s.ServletContextHandler@1457fde{/static,jar:file:/home/user/.m2/repository/org/apache/hadoop/hadoop-hdds-container-service/0.5.0-SNAPSHOT/hadoop-hdds-container-service-0.5.0-SNAPSHOT.jar!/webapps/static,UNAVAILABLE}
2019-09-24 22:11:59,414 [ForkJoinPool.commonPool-worker-0] INFO  handler.ContextHandler (ContextHandler.java:doStop(910)) - Stopped o.e.j.s.ServletContextHandler@2f1d0bbc{/logs,file:///workdir/hadoop-ozone/integration-test/target/log,UNAVAILABLE}
2019-09-24 22:11:59,414 [main] INFO  handler.ContextHandler (ContextHandler.java:doStop(910)) - Stopped o.e.j.s.ServletContextHandler@50fb33a{/logs,file:///workdir/hadoop-ozone/integration-test/target/log,UNAVAILABLE}
2019-09-24 22:11:59,415 [grpc-default-executor-6] WARN  server.GrpcLogAppender (LogUtils.java:warn(134)) - b4b9e96e-7bb7-46f7-837e-d6d8a00df559@group-5DE5786A30A2->81dc61f5-3f0d-4495-99d5-0d8363b24cff-AppendLogResponseHandler: Failed appendEntries: org.apache.ratis.thirdparty.io.grpc.StatusRuntimeException: UNAVAILABLE: io exception
2019-09-24 22:11:59,418 [grpc-default-executor-6] INFO  impl.FollowerInfo (FollowerInfo.java:lambda$new$0(51)) - b4b9e96e-7bb7-46f7-837e-d6d8a00df559@group-5DE5786A30A2->81dc61f5-3f0d-4495-99d5-0d8363b24cff: nextIndex: updateUnconditionally 0 -> 0
2019-09-24 22:12:00,385 [Datanode State Machine Thread - 0] INFO  statemachine.DatanodeStateMachine (DatanodeStateMachine.java:lambda$startDaemon$0(350)) - Ozone container server started.
2019-09-24 22:12:00,386 [Datanode State Machine Thread - 0] INFO  statemachine.DatanodeStateMachine (DatanodeStateMachine.java:lambda$startDaemon$0(350)) - Ozone container server started.
2019-09-24 22:12:01,900 [grpc-default-executor-1] WARN  server.GrpcLogAppender (LogUtils.java:warn(134)) - b4b9e96e-7bb7-46f7-837e-d6d8a00df559@group-5DE5786A30A2->81dc61f5-3f0d-4495-99d5-0d8363b24cff-AppendLogResponseHandler: Failed appendEntries: org.apache.ratis.thirdparty.io.grpc.StatusRuntimeException: UNAVAILABLE: io exception
2019-09-24 22:12:01,902 [grpc-default-executor-1] INFO  impl.FollowerInfo (FollowerInfo.java:lambda$new$0(51)) - b4b9e96e-7bb7-46f7-837e-d6d8a00df559@group-5DE5786A30A2->81dc61f5-3f0d-4495-99d5-0d8363b24cff: nextIndex: updateUnconditionally 0 -> 0
2019-09-24 22:12:02,491 [EventQueue-StaleNodeForStaleNodeHandler] INFO  node.StaleNodeHandler (StaleNodeHandler.java:onMessage(58)) - Datanode d1c7ea34-e1d6-47f6-9bf9-085803419fb1{ip: 192.168.151.66, host: pr-hdds-2162-v2v4x-1150571016, networkLocation: /default-rack, certSerialId: null} moved to stale state. Finalizing its pipelines [PipelineID=e19fbd3b-c4e3-4662-ae37-dc1af15ca726, PipelineID=2d35a69f-e775-44ca-9c3d-4d927244c400]
2019-09-24 22:12:02,491 [EventQueue-StaleNodeForStaleNodeHandler] INFO  pipeline.SCMPipelineManager (SCMPipelineManager.java:finalizeAndDestroyPipeline(315)) - destroying pipeline:Pipeline[ Id: e19fbd3b-c4e3-4662-ae37-dc1af15ca726, Nodes: d1c7ea34-e1d6-47f6-9bf9-085803419fb1{ip: 192.168.151.66, host: pr-hdds-2162-v2v4x-1150571016, networkLocation: /default-rack, certSerialId: null}, Type:RATIS, Factor:ONE, State:OPEN]
2019-09-24 22:12:02,491 [EventQueue-StaleNodeForStaleNodeHandler] INFO  pipeline.PipelineStateManager (PipelineStateManager.java:finalizePipeline(123)) - Pipeline Pipeline[ Id: e19fbd3b-c4e3-4662-ae37-dc1af15ca726, Nodes: d1c7ea34-e1d6-47f6-9bf9-085803419fb1{ip: 192.168.151.66, host: pr-hdds-2162-v2v4x-1150571016, networkLocation: /default-rack, certSerialId: null}, Type:RATIS, Factor:ONE, State:CLOSED] moved to CLOSED state
2019-09-24 22:12:02,492 [EventQueue-StaleNodeForStaleNodeHandler] INFO  pipeline.SCMPipelineManager (SCMPipelineManager.java:finalizeAndDestroyPipeline(315)) - destroying pipeline:Pipeline[ Id: 2d35a69f-e775-44ca-9c3d-4d927244c400, Nodes: d1c7ea34-e1d6-47f6-9bf9-085803419fb1{ip: 192.168.151.66, host: pr-hdds-2162-v2v4x-1150571016, networkLocation: /default-rack, certSerialId: null}d479fc48-3b3e-4e94-9a71-350452190094{ip: 192.168.151.66, host: pr-hdds-2162-v2v4x-1150571016, networkLocation: /default-rack, certSerialId: null}359d4a8a-7123-4aa7-8691-eb230ca57380{ip: 192.168.151.66, host: pr-hdds-2162-v2v4x-1150571016, networkLocation: /default-rack, certSerialId: null}, Type:RATIS, Factor:THREE, State:OPEN]
2019-09-24 22:12:02,492 [EventQueue-StaleNodeForStaleNodeHandler] INFO  pipeline.PipelineStateManager (PipelineStateManager.java:finalizePipeline(123)) - Pipeline Pipeline[ Id: 2d35a69f-e775-44ca-9c3d-4d927244c400, Nodes: d1c7ea34-e1d6-47f6-9bf9-085803419fb1{ip: 192.168.151.66, host: pr-hdds-2162-v2v4x-1150571016, networkLocation: /default-rack, certSerialId: null}d479fc48-3b3e-4e94-9a71-350452190094{ip: 192.168.151.66, host: pr-hdds-2162-v2v4x-1150571016, networkLocation: /default-rack, certSerialId: null}359d4a8a-7123-4aa7-8691-eb230ca57380{ip: 192.168.151.66, host: pr-hdds-2162-v2v4x-1150571016, networkLocation: /default-rack, certSerialId: null}, Type:RATIS, Factor:THREE, State:CLOSED] moved to CLOSED state
2019-09-24 22:12:02,492 [EventQueue-StaleNodeForStaleNodeHandler] INFO  node.StaleNodeHandler (StaleNodeHandler.java:onMessage(58)) - Datanode 359d4a8a-7123-4aa7-8691-eb230ca57380{ip: 192.168.151.66, host: pr-hdds-2162-v2v4x-1150571016, networkLocation: /default-rack, certSerialId: null} moved to stale state. Finalizing its pipelines [PipelineID=4d5f1bd9-132d-40ec-b71c-1345f7d857d8, PipelineID=2d35a69f-e775-44ca-9c3d-4d927244c400]
2019-09-24 22:12:02,492 [EventQueue-StaleNodeForStaleNodeHandler] INFO  pipeline.SCMPipelineManager (SCMPipelineManager.java:finalizeAndDestroyPipeline(315)) - destroying pipeline:Pipeline[ Id: 4d5f1bd9-132d-40ec-b71c-1345f7d857d8, Nodes: 359d4a8a-7123-4aa7-8691-eb230ca57380{ip: 192.168.151.66, host: pr-hdds-2162-v2v4x-1150571016, networkLocation: /default-rack, certSerialId: null}, Type:RATIS, Factor:ONE, State:OPEN]
2019-09-24 22:12:02,492 [EventQueue-StaleNodeForStaleNodeHandler] INFO  pipeline.PipelineStateManager (PipelineStateManager.java:finalizePipeline(123)) - Pipeline Pipeline[ Id: 4d5f1bd9-132d-40ec-b71c-1345f7d857d8, Nodes: 359d4a8a-7123-4aa7-8691-eb230ca57380{ip: 192.168.151.66, host: pr-hdds-2162-v2v4x-1150571016, networkLocation: /default-rack, certSerialId: null}, Type:RATIS, Factor:ONE, State:CLOSED] moved to CLOSED state
2019-09-24 22:12:02,492 [EventQueue-StaleNodeForStaleNodeHandler] INFO  pipeline.SCMPipelineManager (SCMPipelineManager.java:finalizeAndDestroyPipeline(315)) - destroying pipeline:Pipeline[ Id: 2d35a69f-e775-44ca-9c3d-4d927244c400, Nodes: d1c7ea34-e1d6-47f6-9bf9-085803419fb1{ip: 192.168.151.66, host: pr-hdds-2162-v2v4x-1150571016, networkLocation: /default-rack, certSerialId: null}d479fc48-3b3e-4e94-9a71-350452190094{ip: 192.168.151.66, host: pr-hdds-2162-v2v4x-1150571016, networkLocation: /default-rack, certSerialId: null}359d4a8a-7123-4aa7-8691-eb230ca57380{ip: 192.168.151.66, host: pr-hdds-2162-v2v4x-1150571016, networkLocation: /default-rack, certSerialId: null}, Type:RATIS, Factor:THREE, State:CLOSED]
2019-09-24 22:12:03,818 [grpc-default-executor-6] INFO  impl.RaftServerProxy (RaftServerProxy.java:addNew(89)) - b4b9e96e-7bb7-46f7-837e-d6d8a00df559: addNew group-B2BE589C0BCF:[d479fc48-3b3e-4e94-9a71-350452190094:192.168.151.66:41431, b4b9e96e-7bb7-46f7-837e-d6d8a00df559:192.168.151.66:38593, a975b012-7e14-4989-9e13-cc869fccbfcb:192.168.151.66:43445] returns group-B2BE589C0BCF:java.util.concurrent.CompletableFuture@27835edb[Not completed]
2019-09-24 22:12:03,821 [grpc-default-executor-0] INFO  impl.RaftServerProxy (RaftServerProxy.java:addNew(89)) - a975b012-7e14-4989-9e13-cc869fccbfcb: addNew group-B2BE589C0BCF:[d479fc48-3b3e-4e94-9a71-350452190094:192.168.151.66:41431, b4b9e96e-7bb7-46f7-837e-d6d8a00df559:192.168.151.66:38593, a975b012-7e14-4989-9e13-cc869fccbfcb:192.168.151.66:43445] returns group-B2BE589C0BCF:java.util.concurrent.CompletableFuture@4d1a39fd[Not completed]
2019-09-24 22:12:03,818 [grpc-default-executor-1] INFO  impl.RaftServerProxy (RaftServerProxy.java:addNew(89)) - d479fc48-3b3e-4e94-9a71-350452190094: addNew group-B2BE589C0BCF:[d479fc48-3b3e-4e94-9a71-350452190094:192.168.151.66:41431, b4b9e96e-7bb7-46f7-837e-d6d8a00df559:192.168.151.66:38593, a975b012-7e14-4989-9e13-cc869fccbfcb:192.168.151.66:43445] returns group-B2BE589C0BCF:java.util.concurrent.CompletableFuture@64d7be95[Not completed]
2019-09-24 22:12:03,823 [pool-27-thread-1] INFO  impl.RaftServerImpl (RaftServerImpl.java:<init>(95)) - b4b9e96e-7bb7-46f7-837e-d6d8a00df559: new RaftServerImpl for group-B2BE589C0BCF:[d479fc48-3b3e-4e94-9a71-350452190094:192.168.151.66:41431, b4b9e96e-7bb7-46f7-837e-d6d8a00df559:192.168.151.66:38593, a975b012-7e14-4989-9e13-cc869fccbfcb:192.168.151.66:43445] with ContainerStateMachine:uninitialized
2019-09-24 22:12:03,824 [pool-27-thread-1] INFO  server.RaftServerConfigKeys (ConfUtils.java:logGet(43)) - raft.server.rpc.timeout.min = 5s (custom)
2019-09-24 22:12:03,824 [pool-27-thread-1] INFO  server.RaftServerConfigKeys (ConfUtils.java:logGet(43)) - raft.server.rpc.timeout.max = 5200ms (custom)
2019-09-24 22:12:03,824 [pool-27-thread-1] INFO  server.RaftServerConfigKeys (ConfUtils.java:logGet(43)) - raft.server.rpcslowness.timeout = 120s (custom)
2019-09-24 22:12:03,824 [pool-27-thread-1] INFO  server.RaftServerConfigKeys (ConfUtils.java:logGet(43)) - raft.server.sleep.deviation.threshold = 300 (default)
2019-09-24 22:12:03,824 [pool-27-thread-1] INFO  server.RaftServerConfigKeys (ConfUtils.java:logGet(43)) - raft.server.log.appender.install.snapshot.enabled = false (custom)
2019-09-24 22:12:03,824 [pool-27-thread-1] INFO  impl.RaftServerImpl (ServerState.java:<init>(103)) - b4b9e96e-7bb7-46f7-837e-d6d8a00df559@group-B2BE589C0BCF: ConfigurationManager, init=-1: [d479fc48-3b3e-4e94-9a71-350452190094:192.168.151.66:41431, b4b9e96e-7bb7-46f7-837e-d6d8a00df559:192.168.151.66:38593, a975b012-7e14-4989-9e13-cc869fccbfcb:192.168.151.66:43445], old=null, confs=<EMPTY_MAP>
2019-09-24 22:12:03,824 [pool-87-thread-1] INFO  impl.RaftServerImpl (RaftServerImpl.java:<init>(95)) - a975b012-7e14-4989-9e13-cc869fccbfcb: new RaftServerImpl for group-B2BE589C0BCF:[d479fc48-3b3e-4e94-9a71-350452190094:192.168.151.66:41431, b4b9e96e-7bb7-46f7-837e-d6d8a00df559:192.168.151.66:38593, a975b012-7e14-4989-9e13-cc869fccbfcb:192.168.151.66:43445] with ContainerStateMachine:uninitialized
2019-09-24 22:12:03,824 [pool-87-thread-1] INFO  server.RaftServerConfigKeys (ConfUtils.java:logGet(43)) - raft.server.rpc.timeout.min = 5s (custom)
2019-09-24 22:12:03,825 [pool-27-thread-1] INFO  server.RaftServerConfigKeys (ConfUtils.java:logGet(43)) - raft.server.storage.dir = [/workdir/hadoop-ozone/integration-test/target/test-dir/MiniOzoneClusterImpl-625ae465-5e4c-4ec2-831f-6349f2abf3b1/datanode-0/data/ratis] (custom)
2019-09-24 22:12:03,825 [pool-87-thread-1] INFO  server.RaftServerConfigKeys (ConfUtils.java:logGet(43)) - raft.server.rpc.timeout.max = 5200ms (custom)
2019-09-24 22:12:03,825 [pool-87-thread-1] INFO  server.RaftServerConfigKeys (ConfUtils.java:logGet(43)) - raft.server.rpcslowness.timeout = 120s (custom)
2019-09-24 22:12:03,825 [pool-87-thread-1] INFO  server.RaftServerConfigKeys (ConfUtils.java:logGet(43)) - raft.server.sleep.deviation.threshold = 300 (default)
2019-09-24 22:12:03,825 [pool-27-thread-1] INFO  storage.RaftStorageDirectory (RaftStorageDirectory.java:analyzeStorage(246)) - The storage directory /workdir/hadoop-ozone/integration-test/target/test-dir/MiniOzoneClusterImpl-625ae465-5e4c-4ec2-831f-6349f2abf3b1/datanode-0/data/ratis/4b852fae-2428-4061-b77c-b2be589c0bcf does not exist. Creating ...
2019-09-24 22:12:03,825 [pool-77-thread-1] INFO  impl.RaftServerImpl (RaftServerImpl.java:<init>(95)) - d479fc48-3b3e-4e94-9a71-350452190094: new RaftServerImpl for group-B2BE589C0BCF:[d479fc48-3b3e-4e94-9a71-350452190094:192.168.151.66:41431, b4b9e96e-7bb7-46f7-837e-d6d8a00df559:192.168.151.66:38593, a975b012-7e14-4989-9e13-cc869fccbfcb:192.168.151.66:43445] with ContainerStateMachine:uninitialized
2019-09-24 22:12:03,825 [pool-87-thread-1] INFO  server.RaftServerConfigKeys (ConfUtils.java:logGet(43)) - raft.server.log.appender.install.snapshot.enabled = false (custom)
2019-09-24 22:12:03,825 [pool-77-thread-1] INFO  server.RaftServerConfigKeys (ConfUtils.java:logGet(43)) - raft.server.rpc.timeout.min = 5s (custom)
2019-09-24 22:12:03,825 [pool-87-thread-1] INFO  impl.RaftServerImpl (ServerState.java:<init>(103)) - a975b012-7e14-4989-9e13-cc869fccbfcb@group-B2BE589C0BCF: ConfigurationManager, init=-1: [d479fc48-3b3e-4e94-9a71-350452190094:192.168.151.66:41431, b4b9e96e-7bb7-46f7-837e-d6d8a00df559:192.168.151.66:38593, a975b012-7e14-4989-9e13-cc869fccbfcb:192.168.151.66:43445], old=null, confs=<EMPTY_MAP>
2019-09-24 22:12:03,826 [pool-77-thread-1] INFO  server.RaftServerConfigKeys (ConfUtils.java:logGet(43)) - raft.server.rpc.timeout.max = 5200ms (custom)
2019-09-24 22:12:03,826 [pool-87-thread-1] INFO  server.RaftServerConfigKeys (ConfUtils.java:logGet(43)) - raft.server.storage.dir = [/workdir/hadoop-ozone/integration-test/target/test-dir/MiniOzoneClusterImpl-625ae465-5e4c-4ec2-831f-6349f2abf3b1/datanode-6/data/ratis] (custom)
2019-09-24 22:12:03,826 [pool-77-thread-1] INFO  server.RaftServerConfigKeys (ConfUtils.java:logGet(43)) - raft.server.rpcslowness.timeout = 120s (custom)
2019-09-24 22:12:03,826 [pool-77-thread-1] INFO  server.RaftServerConfigKeys (ConfUtils.java:logGet(43)) - raft.server.sleep.deviation.threshold = 300 (default)
2019-09-24 22:12:03,826 [pool-77-thread-1] INFO  server.RaftServerConfigKeys (ConfUtils.java:logGet(43)) - raft.server.log.appender.install.snapshot.enabled = false (custom)
2019-09-24 22:12:03,826 [pool-87-thread-1] INFO  storage.RaftStorageDirectory (RaftStorageDirectory.java:analyzeStorage(246)) - The storage directory /workdir/hadoop-ozone/integration-test/target/test-dir/MiniOzoneClusterImpl-625ae465-5e4c-4ec2-831f-6349f2abf3b1/datanode-6/data/ratis/4b852fae-2428-4061-b77c-b2be589c0bcf does not exist. Creating ...
2019-09-24 22:12:03,826 [pool-77-thread-1] INFO  impl.RaftServerImpl (ServerState.java:<init>(103)) - d479fc48-3b3e-4e94-9a71-350452190094@group-B2BE589C0BCF: ConfigurationManager, init=-1: [d479fc48-3b3e-4e94-9a71-350452190094:192.168.151.66:41431, b4b9e96e-7bb7-46f7-837e-d6d8a00df559:192.168.151.66:38593, a975b012-7e14-4989-9e13-cc869fccbfcb:192.168.151.66:43445], old=null, confs=<EMPTY_MAP>
2019-09-24 22:12:03,827 [pool-77-thread-1] INFO  server.RaftServerConfigKeys (ConfUtils.java:logGet(43)) - raft.server.storage.dir = [/workdir/hadoop-ozone/integration-test/target/test-dir/MiniOzoneClusterImpl-625ae465-5e4c-4ec2-831f-6349f2abf3b1/datanode-5/data/ratis] (custom)
2019-09-24 22:12:03,827 [pool-77-thread-1] INFO  storage.RaftStorageDirectory (RaftStorageDirectory.java:analyzeStorage(246)) - The storage directory /workdir/hadoop-ozone/integration-test/target/test-dir/MiniOzoneClusterImpl-625ae465-5e4c-4ec2-831f-6349f2abf3b1/datanode-5/data/ratis/4b852fae-2428-4061-b77c-b2be589c0bcf does not exist. Creating ...
2019-09-24 22:12:03,839 [pool-87-thread-1] INFO  storage.RaftStorageDirectory (RaftStorageDirectory.java:tryLock(328)) - Lock on /workdir/hadoop-ozone/integration-test/target/test-dir/MiniOzoneClusterImpl-625ae465-5e4c-4ec2-831f-6349f2abf3b1/datanode-6/data/ratis/4b852fae-2428-4061-b77c-b2be589c0bcf/in_use.lock acquired by nodename 13453@pr-hdds-2162-v2v4x-1150571016
2019-09-24 22:12:03,839 [pool-27-thread-1] INFO  storage.RaftStorageDirectory (RaftStorageDirectory.java:tryLock(328)) - Lock on /workdir/hadoop-ozone/integration-test/target/test-dir/MiniOzoneClusterImpl-625ae465-5e4c-4ec2-831f-6349f2abf3b1/datanode-0/data/ratis/4b852fae-2428-4061-b77c-b2be589c0bcf/in_use.lock acquired by nodename 13453@pr-hdds-2162-v2v4x-1150571016
2019-09-24 22:12:03,839 [pool-77-thread-1] INFO  storage.RaftStorageDirectory (RaftStorageDirectory.java:tryLock(328)) - Lock on /workdir/hadoop-ozone/integration-test/target/test-dir/MiniOzoneClusterImpl-625ae465-5e4c-4ec2-831f-6349f2abf3b1/datanode-5/data/ratis/4b852fae-2428-4061-b77c-b2be589c0bcf/in_use.lock acquired by nodename 13453@pr-hdds-2162-v2v4x-1150571016
2019-09-24 22:12:03,852 [pool-77-thread-1] INFO  storage.RaftStorage (RaftStorage.java:format(72)) - Storage directory /workdir/hadoop-ozone/integration-test/target/test-dir/MiniOzoneClusterImpl-625ae465-5e4c-4ec2-831f-6349f2abf3b1/datanode-5/data/ratis/4b852fae-2428-4061-b77c-b2be589c0bcf has been successfully formatted.
2019-09-24 22:12:03,853 [pool-27-thread-1] INFO  storage.RaftStorage (RaftStorage.java:format(72)) - Storage directory /workdir/hadoop-ozone/integration-test/target/test-dir/MiniOzoneClusterImpl-625ae465-5e4c-4ec2-831f-6349f2abf3b1/datanode-0/data/ratis/4b852fae-2428-4061-b77c-b2be589c0bcf has been successfully formatted.
2019-09-24 22:12:03,852 [pool-87-thread-1] INFO  storage.RaftStorage (RaftStorage.java:format(72)) - Storage directory /workdir/hadoop-ozone/integration-test/target/test-dir/MiniOzoneClusterImpl-625ae465-5e4c-4ec2-831f-6349f2abf3b1/datanode-6/data/ratis/4b852fae-2428-4061-b77c-b2be589c0bcf has been successfully formatted.
2019-09-24 22:12:03,853 [pool-77-thread-1] INFO  ratis.ContainerStateMachine (ContainerStateMachine.java:loadSnapshot(230)) - group-B2BE589C0BCF: The snapshot info is null. Setting the last applied indexto:(t:0, i:~)
2019-09-24 22:12:03,853 [pool-27-thread-1] INFO  ratis.ContainerStateMachine (ContainerStateMachine.java:loadSnapshot(230)) - group-B2BE589C0BCF: The snapshot info is null. Setting the last applied indexto:(t:0, i:~)
2019-09-24 22:12:03,853 [pool-77-thread-1] INFO  server.RaftServerConfigKeys (ConfUtils.java:logGet(43)) - raft.server.notification.no-leader.timeout = 120s (custom)
2019-09-24 22:12:03,853 [pool-87-thread-1] INFO  ratis.ContainerStateMachine (ContainerStateMachine.java:loadSnapshot(230)) - group-B2BE589C0BCF: The snapshot info is null. Setting the last applied indexto:(t:0, i:~)
2019-09-24 22:12:03,853 [pool-77-thread-1] INFO  server.RaftServerConfigKeys (ConfUtils.java:logGet(43)) - raft.server.log.use.memory = false (default)
2019-09-24 22:12:03,853 [pool-27-thread-1] INFO  server.RaftServerConfigKeys (ConfUtils.java:logGet(43)) - raft.server.notification.no-leader.timeout = 120s (custom)
2019-09-24 22:12:03,853 [pool-77-thread-1] INFO  server.RaftServerConfigKeys (ConfUtils.java:logGet(43)) - raft.server.log.purge.gap = 1000000 (custom)
2019-09-24 22:12:03,853 [pool-87-thread-1] INFO  server.RaftServerConfigKeys (ConfUtils.java:logGet(43)) - raft.server.notification.no-leader.timeout = 120s (custom)
2019-09-24 22:12:03,854 [pool-77-thread-1] INFO  server.RaftServerConfigKeys (ConfUtils.java:logGet(43)) - raft.server.log.appender.buffer.byte-limit = 33554432 (custom)
2019-09-24 22:12:03,854 [pool-27-thread-1] INFO  server.RaftServerConfigKeys (ConfUtils.java:logGet(43)) - raft.server.log.use.memory = false (default)
2019-09-24 22:12:03,854 [pool-77-thread-1] INFO  server.RaftServerConfigKeys (ConfUtils.java:logGet(43)) - raft.server.log.segment.size.max = 1048576 (custom)
2019-09-24 22:12:03,854 [pool-87-thread-1] INFO  server.RaftServerConfigKeys (ConfUtils.java:logGet(43)) - raft.server.log.use.memory = false (default)
2019-09-24 22:12:03,854 [pool-77-thread-1] INFO  server.RaftServerConfigKeys (ConfUtils.java:logGet(43)) - raft.server.log.segment.cache.num.max = 2 (custom)
2019-09-24 22:12:03,854 [pool-27-thread-1] INFO  server.RaftServerConfigKeys (ConfUtils.java:logGet(43)) - raft.server.log.purge.gap = 1000000 (custom)
2019-09-24 22:12:03,854 [pool-77-thread-1] INFO  segmented.SegmentedRaftLogWorker (SegmentedRaftLogWorker.java:<init>(172)) - new d479fc48-3b3e-4e94-9a71-350452190094@group-B2BE589C0BCF-SegmentedRaftLogWorker for RaftStorage:Storage Directory /workdir/hadoop-ozone/integration-test/target/test-dir/MiniOzoneClusterImpl-625ae465-5e4c-4ec2-831f-6349f2abf3b1/datanode-5/data/ratis/4b852fae-2428-4061-b77c-b2be589c0bcf
2019-09-24 22:12:03,854 [pool-87-thread-1] INFO  server.RaftServerConfigKeys (ConfUtils.java:logGet(43)) - raft.server.log.purge.gap = 1000000 (custom)
2019-09-24 22:12:03,855 [pool-77-thread-1] INFO  server.RaftServerConfigKeys (ConfUtils.java:logGet(43)) - raft.server.log.queue.byte-limit = 2147483647 (custom)
2019-09-24 22:12:03,854 [pool-27-thread-1] INFO  server.RaftServerConfigKeys (ConfUtils.java:logGet(43)) - raft.server.log.appender.buffer.byte-limit = 33554432 (custom)
2019-09-24 22:12:03,855 [pool-77-thread-1] INFO  server.RaftServerConfigKeys (ConfUtils.java:logGet(43)) - raft.server.log.queue.element-limit = 1024 (custom)
2019-09-24 22:12:03,855 [pool-87-thread-1] INFO  server.RaftServerConfigKeys (ConfUtils.java:logGet(43)) - raft.server.log.appender.buffer.byte-limit = 33554432 (custom)
2019-09-24 22:12:03,855 [pool-77-thread-1] INFO  server.RaftServerConfigKeys (ConfUtils.java:logGet(43)) - raft.server.log.segment.size.max = 1048576 (custom)
2019-09-24 22:12:03,855 [pool-27-thread-1] INFO  server.RaftServerConfigKeys (ConfUtils.java:logGet(43)) - raft.server.log.segment.size.max = 1048576 (custom)
2019-09-24 22:12:03,855 [pool-77-thread-1] INFO  server.RaftServerConfigKeys (ConfUtils.java:logGet(43)) - raft.server.log.preallocated.size = 16384 (custom)
2019-09-24 22:12:03,855 [pool-87-thread-1] INFO  server.RaftServerConfigKeys (ConfUtils.java:logGet(43)) - raft.server.log.segment.size.max = 1048576 (custom)
2019-09-24 22:12:03,855 [pool-77-thread-1] INFO  server.RaftServerConfigKeys (ConfUtils.java:logGet(43)) - raft.server.log.write.buffer.size = 33554432 (custom)
2019-09-24 22:12:03,855 [pool-27-thread-1] INFO  server.RaftServerConfigKeys (ConfUtils.java:logGet(43)) - raft.server.log.segment.cache.num.max = 2 (custom)
2019-09-24 22:12:03,856 [pool-77-thread-1] INFO  server.RaftServerConfigKeys (ConfUtils.java:logGet(43)) - raft.server.log.force.sync.num = 128 (default)
2019-09-24 22:12:03,856 [pool-87-thread-1] INFO  server.RaftServerConfigKeys (ConfUtils.java:logGet(43)) - raft.server.log.segment.cache.num.max = 2 (custom)
2019-09-24 22:12:03,856 [pool-77-thread-1] INFO  server.RaftServerConfigKeys (ConfUtils.java:logGet(43)) - raft.server.log.statemachine.data.sync = true (default)
2019-09-24 22:12:03,856 [pool-77-thread-1] INFO  server.RaftServerConfigKeys (ConfUtils.java:logGet(43)) - raft.server.log.statemachine.data.sync.timeout = 10s (default)
2019-09-24 22:12:03,856 [pool-27-thread-1] INFO  segmented.SegmentedRaftLogWorker (SegmentedRaftLogWorker.java:<init>(172)) - new b4b9e96e-7bb7-46f7-837e-d6d8a00df559@group-B2BE589C0BCF-SegmentedRaftLogWorker for RaftStorage:Storage Directory /workdir/hadoop-ozone/integration-test/target/test-dir/MiniOzoneClusterImpl-625ae465-5e4c-4ec2-831f-6349f2abf3b1/datanode-0/data/ratis/4b852fae-2428-4061-b77c-b2be589c0bcf
2019-09-24 22:12:03,856 [pool-77-thread-1] INFO  server.RaftServerConfigKeys (ConfUtils.java:logGet(43)) - raft.server.log.statemachine.data.sync.timeout.retry = -1 (default)
2019-09-24 22:12:03,856 [pool-87-thread-1] INFO  segmented.SegmentedRaftLogWorker (SegmentedRaftLogWorker.java:<init>(172)) - new a975b012-7e14-4989-9e13-cc869fccbfcb@group-B2BE589C0BCF-SegmentedRaftLogWorker for RaftStorage:Storage Directory /workdir/hadoop-ozone/integration-test/target/test-dir/MiniOzoneClusterImpl-625ae465-5e4c-4ec2-831f-6349f2abf3b1/datanode-6/data/ratis/4b852fae-2428-4061-b77c-b2be589c0bcf
2019-09-24 22:12:03,856 [pool-77-thread-1] INFO  server.RaftServerConfigKeys (ConfUtils.java:logGet(43)) - raft.server.log.statemachine.data.caching.enabled = true (custom)
2019-09-24 22:12:03,856 [pool-27-thread-1] INFO  server.RaftServerConfigKeys (ConfUtils.java:logGet(43)) - raft.server.log.queue.byte-limit = 2147483647 (custom)
2019-09-24 22:12:03,857 [pool-87-thread-1] INFO  server.RaftServerConfigKeys (ConfUtils.java:logGet(43)) - raft.server.log.queue.byte-limit = 2147483647 (custom)
2019-09-24 22:12:03,857 [pool-27-thread-1] INFO  server.RaftServerConfigKeys (ConfUtils.java:logGet(43)) - raft.server.log.queue.element-limit = 1024 (custom)
2019-09-24 22:12:03,857 [pool-77-thread-1] INFO  segmented.SegmentedRaftLogWorker (SegmentedRaftLogWorker.java:lambda$new$0(132)) - d479fc48-3b3e-4e94-9a71-350452190094@group-B2BE589C0BCF-SegmentedRaftLogWorker: flushIndex: setUnconditionally 0 -> -1
2019-09-24 22:12:03,857 [pool-27-thread-1] INFO  server.RaftServerConfigKeys (ConfUtils.java:logGet(43)) - raft.server.log.segment.size.max = 1048576 (custom)
2019-09-24 22:12:03,857 [pool-87-thread-1] INFO  server.RaftServerConfigKeys (ConfUtils.java:logGet(43)) - raft.server.log.queue.element-limit = 1024 (custom)
2019-09-24 22:12:03,857 [pool-77-thread-1] INFO  server.RaftServerConfigKeys (ConfUtils.java:logGet(43)) - raft.server.snapshot.auto.trigger.enabled = true (custom)
2019-09-24 22:12:03,857 [pool-27-thread-1] INFO  server.RaftServerConfigKeys (ConfUtils.java:logGet(43)) - raft.server.log.preallocated.size = 16384 (custom)
2019-09-24 22:12:03,857 [pool-77-thread-1] INFO  server.RaftServerConfigKeys (ConfUtils.java:logGet(43)) - raft.server.snapshot.auto.trigger.threshold = 10000 (custom)
2019-09-24 22:12:03,857 [pool-87-thread-1] INFO  server.RaftServerConfigKeys (ConfUtils.java:logGet(43)) - raft.server.log.segment.size.max = 1048576 (custom)
2019-09-24 22:12:03,858 [pool-77-thread-1] INFO  server.RaftServerConfigKeys (ConfUtils.java:logGet(43)) - raft.server.snapshot.retention.num.files = 5 (custom)
2019-09-24 22:12:03,858 [pool-27-thread-1] INFO  server.RaftServerConfigKeys (ConfUtils.java:logGet(43)) - raft.server.log.write.buffer.size = 33554432 (custom)
2019-09-24 22:12:03,858 [pool-77-thread-1] INFO  server.RaftServerConfigKeys (ConfUtils.java:logGet(43)) - raft.server.retrycache.expirytime = 600000ms (custom)
2019-09-24 22:12:03,858 [pool-87-thread-1] INFO  server.RaftServerConfigKeys (ConfUtils.java:logGet(43)) - raft.server.log.preallocated.size = 16384 (custom)
2019-09-24 22:12:03,858 [pool-27-thread-1] INFO  server.RaftServerConfigKeys (ConfUtils.java:logGet(43)) - raft.server.log.force.sync.num = 128 (default)
2019-09-24 22:12:03,858 [pool-87-thread-1] INFO  server.RaftServerConfigKeys (ConfUtils.java:logGet(43)) - raft.server.log.write.buffer.size = 33554432 (custom)
2019-09-24 22:12:03,858 [pool-27-thread-1] INFO  server.RaftServerConfigKeys (ConfUtils.java:logGet(43)) - raft.server.log.statemachine.data.sync = true (default)
2019-09-24 22:12:03,858 [pool-87-thread-1] INFO  server.RaftServerConfigKeys (ConfUtils.java:logGet(43)) - raft.server.log.force.sync.num = 128 (default)
2019-09-24 22:12:03,859 [pool-27-thread-1] INFO  server.RaftServerConfigKeys (ConfUtils.java:logGet(43)) - raft.server.log.statemachine.data.sync.timeout = 10s (default)
2019-09-24 22:12:03,859 [pool-87-thread-1] INFO  server.RaftServerConfigKeys (ConfUtils.java:logGet(43)) - raft.server.log.statemachine.data.sync = true (default)
2019-09-24 22:12:03,859 [pool-27-thread-1] INFO  server.RaftServerConfigKeys (ConfUtils.java:logGet(43)) - raft.server.log.statemachine.data.sync.timeout.retry = -1 (default)
2019-09-24 22:12:03,859 [pool-87-thread-1] INFO  server.RaftServerConfigKeys (ConfUtils.java:logGet(43)) - raft.server.log.statemachine.data.sync.timeout = 10s (default)
2019-09-24 22:12:03,859 [pool-27-thread-1] INFO  server.RaftServerConfigKeys (ConfUtils.java:logGet(43)) - raft.server.log.statemachine.data.caching.enabled = true (custom)
2019-09-24 22:12:03,859 [pool-87-thread-1] INFO  server.RaftServerConfigKeys (ConfUtils.java:logGet(43)) - raft.server.log.statemachine.data.sync.timeout.retry = -1 (default)
2019-09-24 22:12:03,860 [pool-27-thread-1] INFO  segmented.SegmentedRaftLogWorker (SegmentedRaftLogWorker.java:lambda$new$0(132)) - b4b9e96e-7bb7-46f7-837e-d6d8a00df559@group-B2BE589C0BCF-SegmentedRaftLogWorker: flushIndex: setUnconditionally 0 -> -1
2019-09-24 22:12:03,860 [pool-87-thread-1] INFO  server.RaftServerConfigKeys (ConfUtils.java:logGet(43)) - raft.server.log.statemachine.data.caching.enabled = true (custom)
2019-09-24 22:12:03,860 [pool-27-thread-1] INFO  server.RaftServerConfigKeys (ConfUtils.java:logGet(43)) - raft.server.snapshot.auto.trigger.enabled = true (custom)
2019-09-24 22:12:03,860 [pool-27-thread-1] INFO  server.RaftServerConfigKeys (ConfUtils.java:logGet(43)) - raft.server.snapshot.auto.trigger.threshold = 10000 (custom)
2019-09-24 22:12:03,860 [pool-87-thread-1] INFO  segmented.SegmentedRaftLogWorker (SegmentedRaftLogWorker.java:lambda$new$0(132)) - a975b012-7e14-4989-9e13-cc869fccbfcb@group-B2BE589C0BCF-SegmentedRaftLogWorker: flushIndex: setUnconditionally 0 -> -1
2019-09-24 22:12:03,860 [pool-27-thread-1] INFO  server.RaftServerConfigKeys (ConfUtils.java:logGet(43)) - raft.server.snapshot.retention.num.files = 5 (custom)
2019-09-24 22:12:03,860 [pool-27-thread-1] INFO  server.RaftServerConfigKeys (ConfUtils.java:logGet(43)) - raft.server.retrycache.expirytime = 600000ms (custom)
2019-09-24 22:12:03,860 [pool-77-thread-1] INFO  impl.RaftServerImpl (RaftServerImpl.java:start(185)) - d479fc48-3b3e-4e94-9a71-350452190094@group-B2BE589C0BCF: start as a follower, conf=-1: [d479fc48-3b3e-4e94-9a71-350452190094:192.168.151.66:41431, b4b9e96e-7bb7-46f7-837e-d6d8a00df559:192.168.151.66:38593, a975b012-7e14-4989-9e13-cc869fccbfcb:192.168.151.66:43445], old=null
2019-09-24 22:12:03,860 [pool-87-thread-1] INFO  server.RaftServerConfigKeys (ConfUtils.java:logGet(43)) - raft.server.snapshot.auto.trigger.enabled = true (custom)
2019-09-24 22:12:03,861 [pool-77-thread-1] INFO  impl.RaftServerImpl (RaftServerImpl.java:setRole(174)) - d479fc48-3b3e-4e94-9a71-350452190094@group-B2BE589C0BCF: changes role from      null to FOLLOWER at term 0 for startAsFollower
2019-09-24 22:12:03,861 [pool-87-thread-1] INFO  server.RaftServerConfigKeys (ConfUtils.java:logGet(43)) - raft.server.snapshot.auto.trigger.threshold = 10000 (custom)
2019-09-24 22:12:03,861 [pool-77-thread-1] INFO  impl.RoleInfo (RoleInfo.java:updateAndGet(143)) - d479fc48-3b3e-4e94-9a71-350452190094: start FollowerState
2019-09-24 22:12:03,861 [pool-87-thread-1] INFO  server.RaftServerConfigKeys (ConfUtils.java:logGet(43)) - raft.server.snapshot.retention.num.files = 5 (custom)
2019-09-24 22:12:03,861 [pool-87-thread-1] INFO  server.RaftServerConfigKeys (ConfUtils.java:logGet(43)) - raft.server.retrycache.expirytime = 600000ms (custom)
2019-09-24 22:12:03,861 [pool-77-thread-1] INFO  util.JmxRegister (JmxRegister.java:tryRegister(44)) - Successfully registered JMX Bean with object name Ratis:service=RaftServer,group=group-B2BE589C0BCF,id=d479fc48-3b3e-4e94-9a71-350452190094
2019-09-24 22:12:03,863 [pool-27-thread-1] INFO  impl.RaftServerImpl (RaftServerImpl.java:start(185)) - b4b9e96e-7bb7-46f7-837e-d6d8a00df559@group-B2BE589C0BCF: start as a follower, conf=-1: [d479fc48-3b3e-4e94-9a71-350452190094:192.168.151.66:41431, b4b9e96e-7bb7-46f7-837e-d6d8a00df559:192.168.151.66:38593, a975b012-7e14-4989-9e13-cc869fccbfcb:192.168.151.66:43445], old=null
2019-09-24 22:12:03,863 [pool-27-thread-1] INFO  impl.RaftServerImpl (RaftServerImpl.java:setRole(174)) - b4b9e96e-7bb7-46f7-837e-d6d8a00df559@group-B2BE589C0BCF: changes role from      null to FOLLOWER at term 0 for startAsFollower
2019-09-24 22:12:03,863 [pool-27-thread-1] INFO  impl.RoleInfo (RoleInfo.java:updateAndGet(143)) - b4b9e96e-7bb7-46f7-837e-d6d8a00df559: start FollowerState
2019-09-24 22:12:03,865 [pool-27-thread-1] INFO  util.JmxRegister (JmxRegister.java:tryRegister(44)) - Successfully registered JMX Bean with object name Ratis:service=RaftServer,group=group-B2BE589C0BCF,id=b4b9e96e-7bb7-46f7-837e-d6d8a00df559
2019-09-24 22:12:03,866 [pool-87-thread-1] INFO  impl.RaftServerImpl (RaftServerImpl.java:start(185)) - a975b012-7e14-4989-9e13-cc869fccbfcb@group-B2BE589C0BCF: start as a follower, conf=-1: [d479fc48-3b3e-4e94-9a71-350452190094:192.168.151.66:41431, b4b9e96e-7bb7-46f7-837e-d6d8a00df559:192.168.151.66:38593, a975b012-7e14-4989-9e13-cc869fccbfcb:192.168.151.66:43445], old=null
2019-09-24 22:12:03,866 [pool-87-thread-1] INFO  impl.RaftServerImpl (RaftServerImpl.java:setRole(174)) - a975b012-7e14-4989-9e13-cc869fccbfcb@group-B2BE589C0BCF: changes role from      null to FOLLOWER at term 0 for startAsFollower
2019-09-24 22:12:03,866 [pool-87-thread-1] INFO  impl.RoleInfo (RoleInfo.java:updateAndGet(143)) - a975b012-7e14-4989-9e13-cc869fccbfcb: start FollowerState
2019-09-24 22:12:03,868 [pool-87-thread-1] INFO  util.JmxRegister (JmxRegister.java:tryRegister(44)) - Successfully registered JMX Bean with object name Ratis:service=RaftServer,group=group-B2BE589C0BCF,id=a975b012-7e14-4989-9e13-cc869fccbfcb
2019-09-24 22:12:03,872 [RatisPipelineUtilsThread] INFO  pipeline.PipelineStateManager (PipelineStateManager.java:addPipeline(56)) - Created pipeline Pipeline[ Id: 4b852fae-2428-4061-b77c-b2be589c0bcf, Nodes: d479fc48-3b3e-4e94-9a71-350452190094{ip: 192.168.151.66, host: pr-hdds-2162-v2v4x-1150571016, networkLocation: /default-rack, certSerialId: null}b4b9e96e-7bb7-46f7-837e-d6d8a00df559{ip: 192.168.151.66, host: pr-hdds-2162-v2v4x-1150571016, networkLocation: /default-rack, certSerialId: null}a975b012-7e14-4989-9e13-cc869fccbfcb{ip: 192.168.151.66, host: pr-hdds-2162-v2v4x-1150571016, networkLocation: /default-rack, certSerialId: null}, Type:RATIS, Factor:THREE, State:OPEN]
2019-09-24 22:12:04,400 [grpc-default-executor-6] WARN  server.GrpcLogAppender (LogUtils.java:warn(134)) - b4b9e96e-7bb7-46f7-837e-d6d8a00df559@group-5DE5786A30A2->81dc61f5-3f0d-4495-99d5-0d8363b24cff-AppendLogResponseHandler: Failed appendEntries: org.apache.ratis.thirdparty.io.grpc.StatusRuntimeException: UNAVAILABLE: io exception
2019-09-24 22:12:04,402 [grpc-default-executor-6] INFO  impl.FollowerInfo (FollowerInfo.java:lambda$new$0(51)) - b4b9e96e-7bb7-46f7-837e-d6d8a00df559@group-5DE5786A30A2->81dc61f5-3f0d-4495-99d5-0d8363b24cff: nextIndex: updateUnconditionally 0 -> 0
2019-09-24 22:12:04,418 [main] INFO  ozoneimpl.OzoneContainer (OzoneContainer.java:stop(231)) - Attempting to stop container services.
2019-09-24 22:12:04,418 [ForkJoinPool.commonPool-worker-0] INFO  ozoneimpl.OzoneContainer (OzoneContainer.java:stop(231)) - Attempting to stop container services.
2019-09-24 22:12:04,421 [main] INFO  impl.RaftServerProxy (RaftServerProxy.java:lambda$close$4(314)) - d1c7ea34-e1d6-47f6-9bf9-085803419fb1: close
2019-09-24 22:12:04,421 [ForkJoinPool.commonPool-worker-0] INFO  impl.RaftServerProxy (RaftServerProxy.java:lambda$close$4(314)) - 359d4a8a-7123-4aa7-8691-eb230ca57380: close
2019-09-24 22:12:04,422 [main] INFO  impl.RaftServerImpl (RaftServerImpl.java:lambda$shutdown$3(251)) - d1c7ea34-e1d6-47f6-9bf9-085803419fb1@group-DC1AF15CA726: shutdown
2019-09-24 22:12:04,422 [ForkJoinPool.commonPool-worker-0] INFO  impl.RaftServerImpl (RaftServerImpl.java:lambda$shutdown$3(251)) - 359d4a8a-7123-4aa7-8691-eb230ca57380@group-1345F7D857D8: shutdown
2019-09-24 22:12:04,422 [main] INFO  util.JmxRegister (JmxRegister.java:unregister(73)) - Successfully un-registered JMX Bean with object name Ratis:service=RaftServer,group=group-DC1AF15CA726,id=d1c7ea34-e1d6-47f6-9bf9-085803419fb1
2019-09-24 22:12:04,422 [ForkJoinPool.commonPool-worker-0] INFO  util.JmxRegister (JmxRegister.java:unregister(73)) - Successfully un-registered JMX Bean with object name Ratis:service=RaftServer,group=group-1345F7D857D8,id=359d4a8a-7123-4aa7-8691-eb230ca57380
2019-09-24 22:12:04,422 [main] INFO  impl.RoleInfo (RoleInfo.java:shutdownLeaderState(104)) - d1c7ea34-e1d6-47f6-9bf9-085803419fb1: shutdown LeaderState
2019-09-24 22:12:04,423 [ForkJoinPool.commonPool-worker-0] INFO  impl.RoleInfo (RoleInfo.java:shutdownLeaderState(104)) - 359d4a8a-7123-4aa7-8691-eb230ca57380: shutdown LeaderState
2019-09-24 22:12:04,423 [main] INFO  impl.PendingRequests (PendingRequests.java:sendNotLeaderResponses(202)) - d1c7ea34-e1d6-47f6-9bf9-085803419fb1-PendingRequests: sendNotLeaderResponses
2019-09-24 22:12:04,423 [ForkJoinPool.commonPool-worker-0] INFO  impl.PendingRequests (PendingRequests.java:sendNotLeaderResponses(202)) - 359d4a8a-7123-4aa7-8691-eb230ca57380-PendingRequests: sendNotLeaderResponses
2019-09-24 22:12:04,423 [main] INFO  impl.StateMachineUpdater (StateMachineUpdater.java:stopAndJoin(125)) - d1c7ea34-e1d6-47f6-9bf9-085803419fb1@group-DC1AF15CA726-StateMachineUpdater: set stopIndex = 0
2019-09-24 22:12:04,424 [ForkJoinPool.commonPool-worker-0] INFO  impl.StateMachineUpdater (StateMachineUpdater.java:stopAndJoin(125)) - 359d4a8a-7123-4aa7-8691-eb230ca57380@group-1345F7D857D8-StateMachineUpdater: set stopIndex = 0
2019-09-24 22:12:04,424 [ForkJoinPool.commonPool-worker-0] INFO  impl.RaftServerImpl (ServerState.java:close(385)) - 359d4a8a-7123-4aa7-8691-eb230ca57380@group-1345F7D857D8: closes. applyIndex: 0
2019-09-24 22:12:04,424 [main] INFO  impl.RaftServerImpl (ServerState.java:close(385)) - d1c7ea34-e1d6-47f6-9bf9-085803419fb1@group-DC1AF15CA726: closes. applyIndex: 0
2019-09-24 22:12:04,424 [359d4a8a-7123-4aa7-8691-eb230ca57380@group-1345F7D857D8-SegmentedRaftLogWorker] INFO  segmented.SegmentedRaftLogWorker (SegmentedRaftLogWorker.java:run(313)) - 359d4a8a-7123-4aa7-8691-eb230ca57380@group-1345F7D857D8-SegmentedRaftLogWorker was interrupted, exiting. There are 0 tasks remaining in the queue.
2019-09-24 22:12:04,425 [d1c7ea34-e1d6-47f6-9bf9-085803419fb1@group-DC1AF15CA726-SegmentedRaftLogWorker] INFO  segmented.SegmentedRaftLogWorker (SegmentedRaftLogWorker.java:run(313)) - d1c7ea34-e1d6-47f6-9bf9-085803419fb1@group-DC1AF15CA726-SegmentedRaftLogWorker was interrupted, exiting. There are 0 tasks remaining in the queue.
2019-09-24 22:12:04,427 [ForkJoinPool.commonPool-worker-0] INFO  segmented.SegmentedRaftLogWorker (SegmentedRaftLogWorker.java:close(228)) - 359d4a8a-7123-4aa7-8691-eb230ca57380@group-1345F7D857D8-SegmentedRaftLogWorker close()
2019-09-24 22:12:04,428 [main] INFO  segmented.SegmentedRaftLogWorker (SegmentedRaftLogWorker.java:close(228)) - d1c7ea34-e1d6-47f6-9bf9-085803419fb1@group-DC1AF15CA726-SegmentedRaftLogWorker close()
2019-09-24 22:12:04,431 [ForkJoinPool.commonPool-worker-0] INFO  impl.RaftServerImpl (RaftServerImpl.java:lambda$shutdown$3(251)) - 359d4a8a-7123-4aa7-8691-eb230ca57380@group-4D927244C400: shutdown
2019-09-24 22:12:04,434 [main] INFO  impl.RaftServerImpl (RaftServerImpl.java:lambda$shutdown$3(251)) - d1c7ea34-e1d6-47f6-9bf9-085803419fb1@group-4D927244C400: shutdown
2019-09-24 22:12:04,434 [ForkJoinPool.commonPool-worker-0] INFO  util.JmxRegister (JmxRegister.java:unregister(73)) - Successfully un-registered JMX Bean with object name Ratis:service=RaftServer,group=group-4D927244C400,id=359d4a8a-7123-4aa7-8691-eb230ca57380
2019-09-24 22:12:04,434 [main] INFO  util.JmxRegister (JmxRegister.java:unregister(73)) - Successfully un-registered JMX Bean with object name Ratis:service=RaftServer,group=group-4D927244C400,id=d1c7ea34-e1d6-47f6-9bf9-085803419fb1
2019-09-24 22:12:04,435 [ForkJoinPool.commonPool-worker-0] INFO  impl.RoleInfo (RoleInfo.java:shutdownFollowerState(121)) - 359d4a8a-7123-4aa7-8691-eb230ca57380: shutdown FollowerState
2019-09-24 22:12:04,435 [main] INFO  impl.RoleInfo (RoleInfo.java:shutdownLeaderState(104)) - d1c7ea34-e1d6-47f6-9bf9-085803419fb1: shutdown LeaderState
2019-09-24 22:12:04,435 [Thread-301] INFO  impl.FollowerState (FollowerState.java:run(115)) - 359d4a8a-7123-4aa7-8691-eb230ca57380: FollowerState was interrupted: java.lang.InterruptedException: sleep interrupted
2019-09-24 22:12:04,435 [ForkJoinPool.commonPool-worker-0] INFO  impl.StateMachineUpdater (StateMachineUpdater.java:stopAndJoin(125)) - 359d4a8a-7123-4aa7-8691-eb230ca57380@group-4D927244C400-StateMachineUpdater: set stopIndex = 0
2019-09-24 22:12:04,439 [org.apache.ratis.server.impl.LogAppender$AppenderDaemon$$Lambda$386/1064588669@793a0667] WARN  server.GrpcLogAppender (GrpcLogAppender.java:mayWait(143)) - d1c7ea34-e1d6-47f6-9bf9-085803419fb1@group-4D927244C400->359d4a8a-7123-4aa7-8691-eb230ca57380-GrpcLogAppender: Wait interrupted by java.lang.InterruptedException
2019-09-24 22:12:04,439 [org.apache.ratis.server.impl.LogAppender$AppenderDaemon$$Lambda$386/1064588669@3f286724] WARN  server.GrpcLogAppender (GrpcLogAppender.java:mayWait(143)) - d1c7ea34-e1d6-47f6-9bf9-085803419fb1@group-4D927244C400->d479fc48-3b3e-4e94-9a71-350452190094-GrpcLogAppender: Wait interrupted by java.lang.InterruptedException
2019-09-24 22:12:04,438 [main] INFO  impl.PendingRequests (PendingRequests.java:sendNotLeaderResponses(202)) - d1c7ea34-e1d6-47f6-9bf9-085803419fb1-PendingRequests: sendNotLeaderResponses
2019-09-24 22:12:04,440 [main] INFO  impl.StateMachineUpdater (StateMachineUpdater.java:stopAndJoin(125)) - d1c7ea34-e1d6-47f6-9bf9-085803419fb1@group-4D927244C400-StateMachineUpdater: set stopIndex = 0
2019-09-24 22:12:04,440 [main] INFO  impl.RaftServerImpl (ServerState.java:close(385)) - d1c7ea34-e1d6-47f6-9bf9-085803419fb1@group-4D927244C400: closes. applyIndex: 0
2019-09-24 22:12:04,440 [ForkJoinPool.commonPool-worker-0] INFO  impl.RaftServerImpl (ServerState.java:close(385)) - 359d4a8a-7123-4aa7-8691-eb230ca57380@group-4D927244C400: closes. applyIndex: 0
2019-09-24 22:12:04,441 [d1c7ea34-e1d6-47f6-9bf9-085803419fb1@group-4D927244C400-SegmentedRaftLogWorker] INFO  segmented.SegmentedRaftLogWorker (SegmentedRaftLogWorker.java:run(313)) - d1c7ea34-e1d6-47f6-9bf9-085803419fb1@group-4D927244C400-SegmentedRaftLogWorker was interrupted, exiting. There are 0 tasks remaining in the queue.
2019-09-24 22:12:04,441 [359d4a8a-7123-4aa7-8691-eb230ca57380@group-4D927244C400-SegmentedRaftLogWorker] INFO  segmented.SegmentedRaftLogWorker (SegmentedRaftLogWorker.java:run(313)) - 359d4a8a-7123-4aa7-8691-eb230ca57380@group-4D927244C400-SegmentedRaftLogWorker was interrupted, exiting. There are 0 tasks remaining in the queue.
2019-09-24 22:12:04,441 [grpc-default-executor-6] INFO  server.GrpcServerProtocolService (GrpcServerProtocolService.java:onCompleted(113)) - d479fc48-3b3e-4e94-9a71-350452190094: Completed APPEND_ENTRIES, lastRequest: d1c7ea34-e1d6-47f6-9bf9-085803419fb1->d479fc48-3b3e-4e94-9a71-350452190094#47-t1, previous=(t:1, i:0), leaderCommit=0, initializing? false, entries: <empty>
2019-09-24 22:12:04,441 [grpc-default-executor-1] INFO  server.GrpcServerProtocolService (GrpcServerProtocolService.java:onCompleted(113)) - 359d4a8a-7123-4aa7-8691-eb230ca57380: Completed APPEND_ENTRIES, lastRequest: d1c7ea34-e1d6-47f6-9bf9-085803419fb1->359d4a8a-7123-4aa7-8691-eb230ca57380#47-t1, previous=(t:1, i:0), leaderCommit=0, initializing? false, entries: <empty>
2019-09-24 22:12:04,445 [ForkJoinPool.commonPool-worker-0] INFO  segmented.SegmentedRaftLogWorker (SegmentedRaftLogWorker.java:close(228)) - 359d4a8a-7123-4aa7-8691-eb230ca57380@group-4D927244C400-SegmentedRaftLogWorker close()
2019-09-24 22:12:04,444 [main] INFO  segmented.SegmentedRaftLogWorker (SegmentedRaftLogWorker.java:close(228)) - d1c7ea34-e1d6-47f6-9bf9-085803419fb1@group-4D927244C400-SegmentedRaftLogWorker close()
2019-09-24 22:12:04,448 [ForkJoinPool.commonPool-worker-0] INFO  server.GrpcService (GrpcService.java:closeImpl(164)) - 359d4a8a-7123-4aa7-8691-eb230ca57380: shutdown server with port 32879 now
2019-09-24 22:12:04,450 [main] INFO  server.GrpcService (GrpcService.java:closeImpl(164)) - d1c7ea34-e1d6-47f6-9bf9-085803419fb1: shutdown server with port 40540 now
2019-09-24 22:12:04,453 [grpc-default-executor-1] INFO  server.GrpcLogAppender (GrpcLogAppender.java:onCompleted(293)) - d1c7ea34-e1d6-47f6-9bf9-085803419fb1@group-4D927244C400->359d4a8a-7123-4aa7-8691-eb230ca57380-AppendLogResponseHandler: follower responses appendEntries COMPLETED
2019-09-24 22:12:04,455 [grpc-default-executor-0] INFO  server.GrpcLogAppender (GrpcLogAppender.java:onCompleted(293)) - d1c7ea34-e1d6-47f6-9bf9-085803419fb1@group-4D927244C400->d479fc48-3b3e-4e94-9a71-350452190094-AppendLogResponseHandler: follower responses appendEntries COMPLETED
2019-09-24 22:12:04,456 [ForkJoinPool.commonPool-worker-0] INFO  server.GrpcService (GrpcService.java:closeImpl(172)) - 359d4a8a-7123-4aa7-8691-eb230ca57380: shutdown server with port 32879 successfully
2019-09-24 22:12:04,456 [grpc-default-executor-0] INFO  impl.FollowerInfo (FollowerInfo.java:lambda$new$0(51)) - d1c7ea34-e1d6-47f6-9bf9-085803419fb1@group-4D927244C400->d479fc48-3b3e-4e94-9a71-350452190094: nextIndex: updateUnconditionally 1 -> 0
2019-09-24 22:12:04,456 [grpc-default-executor-1] INFO  impl.FollowerInfo (FollowerInfo.java:lambda$new$0(51)) - d1c7ea34-e1d6-47f6-9bf9-085803419fb1@group-4D927244C400->359d4a8a-7123-4aa7-8691-eb230ca57380: nextIndex: updateUnconditionally 1 -> 0
2019-09-24 22:12:04,456 [main] INFO  server.GrpcService (GrpcService.java:closeImpl(172)) - d1c7ea34-e1d6-47f6-9bf9-085803419fb1: shutdown server with port 40540 successfully
2019-09-24 22:12:04,464 [refreshUsed-/workdir/hadoop-ozone/integration-test/target/test-dir/MiniOzoneClusterImpl-625ae465-5e4c-4ec2-831f-6349f2abf3b1/datanode-3/data/containers] WARN  fs.CachingGetSpaceUsed (CachingGetSpaceUsed.java:run(183)) - Thread Interrupted waiting to refresh disk information: sleep interrupted
2019-09-24 22:12:04,467 [refreshUsed-/workdir/hadoop-ozone/integration-test/target/test-dir/MiniOzoneClusterImpl-625ae465-5e4c-4ec2-831f-6349f2abf3b1/datanode-2/data/containers] WARN  fs.CachingGetSpaceUsed (CachingGetSpaceUsed.java:run(183)) - Thread Interrupted waiting to refresh disk information: sleep interrupted
2019-09-24 22:12:04,480 [main] INFO  utils.BackgroundService (BackgroundService.java:shutdown(148)) - Shutting down service BlockDeletingService
2019-09-24 22:12:04,480 [ForkJoinPool.commonPool-worker-0] INFO  utils.BackgroundService (BackgroundService.java:shutdown(148)) - Shutting down service BlockDeletingService
2019-09-24 22:12:04,483 [main] INFO  statemachine.DatanodeStateMachine (DatanodeStateMachine.java:stopDaemon(395)) - Ozone container server stopped.
2019-09-24 22:12:04,485 [ForkJoinPool.commonPool-worker-0] INFO  statemachine.DatanodeStateMachine (DatanodeStateMachine.java:stopDaemon(395)) - Ozone container server stopped.
2019-09-24 22:12:04,488 [ForkJoinPool.commonPool-worker-0] INFO  handler.ContextHandler (ContextHandler.java:doStop(910)) - Stopped o.e.j.w.WebAppContext@7e642b88{/,null,UNAVAILABLE}{/hddsDatanode}
2019-09-24 22:12:04,488 [main] INFO  handler.ContextHandler (ContextHandler.java:doStop(910)) - Stopped o.e.j.w.WebAppContext@15b642b9{/,null,UNAVAILABLE}{/hddsDatanode}
2019-09-24 22:12:04,489 [main] INFO  server.AbstractConnector (AbstractConnector.java:doStop(318)) - Stopped ServerConnector@518bfd90{HTTP/1.1,[http/1.1]}{0.0.0.0:0}
2019-09-24 22:12:04,489 [ForkJoinPool.commonPool-worker-0] INFO  server.AbstractConnector (AbstractConnector.java:doStop(318)) - Stopped ServerConnector@6b350309{HTTP/1.1,[http/1.1]}{0.0.0.0:0}
2019-09-24 22:12:04,489 [main] INFO  handler.ContextHandler (ContextHandler.java:doStop(910)) - Stopped o.e.j.s.ServletContextHandler@43af351a{/static,jar:file:/home/user/.m2/repository/org/apache/hadoop/hadoop-hdds-container-service/0.5.0-SNAPSHOT/hadoop-hdds-container-service-0.5.0-SNAPSHOT.jar!/webapps/static,UNAVAILABLE}
2019-09-24 22:12:04,491 [ForkJoinPool.commonPool-worker-0] INFO  handler.ContextHandler (ContextHandler.java:doStop(910)) - Stopped o.e.j.s.ServletContextHandler@726aa968{/static,jar:file:/home/user/.m2/repository/org/apache/hadoop/hadoop-hdds-container-service/0.5.0-SNAPSHOT/hadoop-hdds-container-service-0.5.0-SNAPSHOT.jar!/webapps/static,UNAVAILABLE}
2019-09-24 22:12:04,491 [main] INFO  handler.ContextHandler (ContextHandler.java:doStop(910)) - Stopped o.e.j.s.ServletContextHandler@97d0c06{/logs,file:///workdir/hadoop-ozone/integration-test/target/log,UNAVAILABLE}
2019-09-24 22:12:04,492 [ForkJoinPool.commonPool-worker-0] INFO  handler.ContextHandler (ContextHandler.java:doStop(910)) - Stopped o.e.j.s.ServletContextHandler@36681447{/logs,file:///workdir/hadoop-ozone/integration-test/target/log,UNAVAILABLE}
2019-09-24 22:12:04,508 [Datanode State Machine Thread - 0] INFO  statemachine.DatanodeStateMachine (DatanodeStateMachine.java:lambda$startDaemon$0(350)) - Ozone container server started.
2019-09-24 22:12:05,058 [Datanode State Machine Thread - 0] INFO  statemachine.DatanodeStateMachine (DatanodeStateMachine.java:lambda$startDaemon$0(350)) - Ozone container server started.
2019-09-24 22:12:06,596 [EventQueue-StaleNodeForStaleNodeHandler] INFO  node.StaleNodeHandler (StaleNodeHandler.java:onMessage(58)) - Datanode a975b012-7e14-4989-9e13-cc869fccbfcb{ip: 192.168.151.66, host: pr-hdds-2162-v2v4x-1150571016, networkLocation: /default-rack, certSerialId: null} moved to stale state. Finalizing its pipelines [PipelineID=034eb7cd-e11c-4e27-9bc6-5de5786a30a2, PipelineID=4b852fae-2428-4061-b77c-b2be589c0bcf, PipelineID=1c5587c0-4d0f-4da7-b4e5-0a9fb70d4c1c]
2019-09-24 22:12:06,597 [EventQueue-StaleNodeForStaleNodeHandler] INFO  pipeline.SCMPipelineManager (SCMPipelineManager.java:finalizeAndDestroyPipeline(315)) - destroying pipeline:Pipeline[ Id: 034eb7cd-e11c-4e27-9bc6-5de5786a30a2, Nodes: b4b9e96e-7bb7-46f7-837e-d6d8a00df559{ip: 192.168.151.66, host: pr-hdds-2162-v2v4x-1150571016, networkLocation: /default-rack, certSerialId: null}a975b012-7e14-4989-9e13-cc869fccbfcb{ip: 192.168.151.66, host: pr-hdds-2162-v2v4x-1150571016, networkLocation: /default-rack, certSerialId: null}81dc61f5-3f0d-4495-99d5-0d8363b24cff{ip: 192.168.151.66, host: pr-hdds-2162-v2v4x-1150571016, networkLocation: /default-rack, certSerialId: null}, Type:RATIS, Factor:THREE, State:CLOSED]
2019-09-24 22:12:06,597 [EventQueue-StaleNodeForStaleNodeHandler] INFO  pipeline.SCMPipelineManager (SCMPipelineManager.java:finalizeAndDestroyPipeline(315)) - destroying pipeline:Pipeline[ Id: 4b852fae-2428-4061-b77c-b2be589c0bcf, Nodes: d479fc48-3b3e-4e94-9a71-350452190094{ip: 192.168.151.66, host: pr-hdds-2162-v2v4x-1150571016, networkLocation: /default-rack, certSerialId: null}b4b9e96e-7bb7-46f7-837e-d6d8a00df559{ip: 192.168.151.66, host: pr-hdds-2162-v2v4x-1150571016, networkLocation: /default-rack, certSerialId: null}a975b012-7e14-4989-9e13-cc869fccbfcb{ip: 192.168.151.66, host: pr-hdds-2162-v2v4x-1150571016, networkLocation: /default-rack, certSerialId: null}, Type:RATIS, Factor:THREE, State:OPEN]
2019-09-24 22:12:06,597 [EventQueue-StaleNodeForStaleNodeHandler] INFO  pipeline.PipelineStateManager (PipelineStateManager.java:finalizePipeline(123)) - Pipeline Pipeline[ Id: 4b852fae-2428-4061-b77c-b2be589c0bcf, Nodes: d479fc48-3b3e-4e94-9a71-350452190094{ip: 192.168.151.66, host: pr-hdds-2162-v2v4x-1150571016, networkLocation: /default-rack, certSerialId: null}b4b9e96e-7bb7-46f7-837e-d6d8a00df559{ip: 192.168.151.66, host: pr-hdds-2162-v2v4x-1150571016, networkLocation: /default-rack, certSerialId: null}a975b012-7e14-4989-9e13-cc869fccbfcb{ip: 192.168.151.66, host: pr-hdds-2162-v2v4x-1150571016, networkLocation: /default-rack, certSerialId: null}, Type:RATIS, Factor:THREE, State:CLOSED] moved to CLOSED state
2019-09-24 22:12:06,598 [EventQueue-StaleNodeForStaleNodeHandler] INFO  pipeline.SCMPipelineManager (SCMPipelineManager.java:finalizeAndDestroyPipeline(315)) - destroying pipeline:Pipeline[ Id: 1c5587c0-4d0f-4da7-b4e5-0a9fb70d4c1c, Nodes: a975b012-7e14-4989-9e13-cc869fccbfcb{ip: 192.168.151.66, host: pr-hdds-2162-v2v4x-1150571016, networkLocation: /default-rack, certSerialId: null}, Type:RATIS, Factor:ONE, State:OPEN]
2019-09-24 22:12:06,598 [EventQueue-StaleNodeForStaleNodeHandler] INFO  pipeline.PipelineStateManager (PipelineStateManager.java:finalizePipeline(123)) - Pipeline Pipeline[ Id: 1c5587c0-4d0f-4da7-b4e5-0a9fb70d4c1c, Nodes: a975b012-7e14-4989-9e13-cc869fccbfcb{ip: 192.168.151.66, host: pr-hdds-2162-v2v4x-1150571016, networkLocation: /default-rack, certSerialId: null}, Type:RATIS, Factor:ONE, State:CLOSED] moved to CLOSED state
2019-09-24 22:12:06,903 [grpc-default-executor-6] WARN  server.GrpcLogAppender (LogUtils.java:warn(134)) - b4b9e96e-7bb7-46f7-837e-d6d8a00df559@group-5DE5786A30A2->81dc61f5-3f0d-4495-99d5-0d8363b24cff-AppendLogResponseHandler: Failed appendEntries: org.apache.ratis.thirdparty.io.grpc.StatusRuntimeException: UNAVAILABLE: io exception
2019-09-24 22:12:06,905 [grpc-default-executor-6] INFO  impl.FollowerInfo (FollowerInfo.java:lambda$new$0(51)) - b4b9e96e-7bb7-46f7-837e-d6d8a00df559@group-5DE5786A30A2->81dc61f5-3f0d-4495-99d5-0d8363b24cff: nextIndex: updateUnconditionally 0 -> 0
2019-09-24 22:12:07,097 [EventQueue-StaleNodeForStaleNodeHandler] INFO  node.StaleNodeHandler (StaleNodeHandler.java:onMessage(58)) - Datanode b4b9e96e-7bb7-46f7-837e-d6d8a00df559{ip: 192.168.151.66, host: pr-hdds-2162-v2v4x-1150571016, networkLocation: /default-rack, certSerialId: null} moved to stale state. Finalizing its pipelines [PipelineID=034eb7cd-e11c-4e27-9bc6-5de5786a30a2, PipelineID=4b852fae-2428-4061-b77c-b2be589c0bcf, PipelineID=d581b082-2f67-4087-906e-d6463f33edcf]
2019-09-24 22:12:07,098 [EventQueue-StaleNodeForStaleNodeHandler] INFO  pipeline.SCMPipelineManager (SCMPipelineManager.java:finalizeAndDestroyPipeline(315)) - destroying pipeline:Pipeline[ Id: 034eb7cd-e11c-4e27-9bc6-5de5786a30a2, Nodes: b4b9e96e-7bb7-46f7-837e-d6d8a00df559{ip: 192.168.151.66, host: pr-hdds-2162-v2v4x-1150571016, networkLocation: /default-rack, certSerialId: null}a975b012-7e14-4989-9e13-cc869fccbfcb{ip: 192.168.151.66, host: pr-hdds-2162-v2v4x-1150571016, networkLocation: /default-rack, certSerialId: null}81dc61f5-3f0d-4495-99d5-0d8363b24cff{ip: 192.168.151.66, host: pr-hdds-2162-v2v4x-1150571016, networkLocation: /default-rack, certSerialId: null}, Type:RATIS, Factor:THREE, State:CLOSED]
2019-09-24 22:12:07,098 [EventQueue-StaleNodeForStaleNodeHandler] INFO  pipeline.SCMPipelineManager (SCMPipelineManager.java:finalizeAndDestroyPipeline(315)) - destroying pipeline:Pipeline[ Id: 4b852fae-2428-4061-b77c-b2be589c0bcf, Nodes: d479fc48-3b3e-4e94-9a71-350452190094{ip: 192.168.151.66, host: pr-hdds-2162-v2v4x-1150571016, networkLocation: /default-rack, certSerialId: null}b4b9e96e-7bb7-46f7-837e-d6d8a00df559{ip: 192.168.151.66, host: pr-hdds-2162-v2v4x-1150571016, networkLocation: /default-rack, certSerialId: null}a975b012-7e14-4989-9e13-cc869fccbfcb{ip: 192.168.151.66, host: pr-hdds-2162-v2v4x-1150571016, networkLocation: /default-rack, certSerialId: null}, Type:RATIS, Factor:THREE, State:CLOSED]
2019-09-24 22:12:07,098 [EventQueue-StaleNodeForStaleNodeHandler] INFO  pipeline.SCMPipelineManager (SCMPipelineManager.java:finalizeAndDestroyPipeline(315)) - destroying pipeline:Pipeline[ Id: d581b082-2f67-4087-906e-d6463f33edcf, Nodes: b4b9e96e-7bb7-46f7-837e-d6d8a00df559{ip: 192.168.151.66, host: pr-hdds-2162-v2v4x-1150571016, networkLocation: /default-rack, certSerialId: null}, Type:RATIS, Factor:ONE, State:OPEN]
2019-09-24 22:12:07,098 [EventQueue-StaleNodeForStaleNodeHandler] INFO  pipeline.PipelineStateManager (PipelineStateManager.java:finalizePipeline(123)) - Pipeline Pipeline[ Id: d581b082-2f67-4087-906e-d6463f33edcf, Nodes: b4b9e96e-7bb7-46f7-837e-d6d8a00df559{ip: 192.168.151.66, host: pr-hdds-2162-v2v4x-1150571016, networkLocation: /default-rack, certSerialId: null}, Type:RATIS, Factor:ONE, State:CLOSED] moved to CLOSED state
2019-09-24 22:12:08,929 [Thread-537] INFO  impl.FollowerState (FollowerState.java:run(106)) - d479fc48-3b3e-4e94-9a71-350452190094:group-B2BE589C0BCF changes to CANDIDATE, lastRpcTime:5068, electionTimeout:5068ms
2019-09-24 22:12:08,932 [Thread-537] INFO  impl.RoleInfo (RoleInfo.java:shutdownFollowerState(121)) - d479fc48-3b3e-4e94-9a71-350452190094: shutdown FollowerState
2019-09-24 22:12:08,932 [Thread-537] INFO  impl.RaftServerImpl (RaftServerImpl.java:setRole(174)) - d479fc48-3b3e-4e94-9a71-350452190094@group-B2BE589C0BCF: changes role from  FOLLOWER to CANDIDATE at term 0 for changeToCandidate
2019-09-24 22:12:08,932 [Thread-537] INFO  impl.RoleInfo (RoleInfo.java:updateAndGet(143)) - d479fc48-3b3e-4e94-9a71-350452190094: start LeaderElection
2019-09-24 22:12:08,939 [Thread-540] INFO  impl.FollowerState (FollowerState.java:run(106)) - b4b9e96e-7bb7-46f7-837e-d6d8a00df559:group-B2BE589C0BCF changes to CANDIDATE, lastRpcTime:5076, electionTimeout:5074ms
2019-09-24 22:12:08,940 [Thread-540] INFO  impl.RoleInfo (RoleInfo.java:shutdownFollowerState(121)) - b4b9e96e-7bb7-46f7-837e-d6d8a00df559: shutdown FollowerState
2019-09-24 22:12:08,940 [Thread-540] INFO  impl.RaftServerImpl (RaftServerImpl.java:setRole(174)) - b4b9e96e-7bb7-46f7-837e-d6d8a00df559@group-B2BE589C0BCF: changes role from  FOLLOWER to CANDIDATE at term 0 for changeToCandidate
2019-09-24 22:12:08,940 [Thread-540] INFO  impl.RoleInfo (RoleInfo.java:updateAndGet(143)) - b4b9e96e-7bb7-46f7-837e-d6d8a00df559: start LeaderElection
2019-09-24 22:12:08,950 [b4b9e96e-7bb7-46f7-837e-d6d8a00df559@group-B2BE589C0BCF:LeaderElection15] INFO  impl.LeaderElection (LeaderElection.java:askForVotes(182)) - b4b9e96e-7bb7-46f7-837e-d6d8a00df559@group-B2BE589C0BCF:LeaderElection15: begin an election at term 1 for -1: [d479fc48-3b3e-4e94-9a71-350452190094:192.168.151.66:41431, b4b9e96e-7bb7-46f7-837e-d6d8a00df559:192.168.151.66:38593, a975b012-7e14-4989-9e13-cc869fccbfcb:192.168.151.66:43445], old=null
2019-09-24 22:12:08,950 [d479fc48-3b3e-4e94-9a71-350452190094@group-B2BE589C0BCF:LeaderElection14] INFO  impl.LeaderElection (LeaderElection.java:askForVotes(182)) - d479fc48-3b3e-4e94-9a71-350452190094@group-B2BE589C0BCF:LeaderElection14: begin an election at term 1 for -1: [d479fc48-3b3e-4e94-9a71-350452190094:192.168.151.66:41431, b4b9e96e-7bb7-46f7-837e-d6d8a00df559:192.168.151.66:38593, a975b012-7e14-4989-9e13-cc869fccbfcb:192.168.151.66:43445], old=null
2019-09-24 22:12:08,958 [grpc-default-executor-0] INFO  impl.RaftServerImpl (RaftServerImpl.java:setRole(174)) - a975b012-7e14-4989-9e13-cc869fccbfcb@group-B2BE589C0BCF: changes role from  FOLLOWER to FOLLOWER at term 1 for recognizeCandidate:b4b9e96e-7bb7-46f7-837e-d6d8a00df559
2019-09-24 22:12:08,958 [grpc-default-executor-0] INFO  impl.RoleInfo (RoleInfo.java:shutdownFollowerState(121)) - a975b012-7e14-4989-9e13-cc869fccbfcb: shutdown FollowerState
2019-09-24 22:12:08,959 [grpc-default-executor-0] INFO  impl.RoleInfo (RoleInfo.java:updateAndGet(143)) - a975b012-7e14-4989-9e13-cc869fccbfcb: start FollowerState
2019-09-24 22:12:08,959 [Thread-542] INFO  impl.FollowerState (FollowerState.java:run(115)) - a975b012-7e14-4989-9e13-cc869fccbfcb: FollowerState was interrupted: java.lang.InterruptedException: sleep interrupted
2019-09-24 22:12:08,980 [b4b9e96e-7bb7-46f7-837e-d6d8a00df559@group-B2BE589C0BCF:LeaderElection15] INFO  impl.LeaderElection (LeaderElection.java:logAndReturn(56)) - b4b9e96e-7bb7-46f7-837e-d6d8a00df559@group-B2BE589C0BCF:LeaderElection15: Election PASSED; received 2 response(s) [b4b9e96e-7bb7-46f7-837e-d6d8a00df559<-d479fc48-3b3e-4e94-9a71-350452190094#0:FAIL-t1, b4b9e96e-7bb7-46f7-837e-d6d8a00df559<-a975b012-7e14-4989-9e13-cc869fccbfcb#0:OK-t1] and 0 exception(s); b4b9e96e-7bb7-46f7-837e-d6d8a00df559@group-B2BE589C0BCF:t1, leader=null, voted=b4b9e96e-7bb7-46f7-837e-d6d8a00df559, raftlog=b4b9e96e-7bb7-46f7-837e-d6d8a00df559@group-B2BE589C0BCF-SegmentedRaftLog:OPENED:c-1,f-1,i0, conf=-1: [d479fc48-3b3e-4e94-9a71-350452190094:192.168.151.66:41431, b4b9e96e-7bb7-46f7-837e-d6d8a00df559:192.168.151.66:38593, a975b012-7e14-4989-9e13-cc869fccbfcb:192.168.151.66:43445], old=null
2019-09-24 22:12:08,980 [d479fc48-3b3e-4e94-9a71-350452190094@group-B2BE589C0BCF:LeaderElection14] INFO  impl.LeaderElection (LeaderElection.java:logAndReturn(56)) - d479fc48-3b3e-4e94-9a71-350452190094@group-B2BE589C0BCF:LeaderElection14: Election REJECTED; received 2 response(s) [d479fc48-3b3e-4e94-9a71-350452190094<-b4b9e96e-7bb7-46f7-837e-d6d8a00df559#0:FAIL-t1, d479fc48-3b3e-4e94-9a71-350452190094<-a975b012-7e14-4989-9e13-cc869fccbfcb#0:FAIL-t1] and 0 exception(s); d479fc48-3b3e-4e94-9a71-350452190094@group-B2BE589C0BCF:t1, leader=null, voted=d479fc48-3b3e-4e94-9a71-350452190094, raftlog=d479fc48-3b3e-4e94-9a71-350452190094@group-B2BE589C0BCF-SegmentedRaftLog:OPENED:c-1,f-1,i0, conf=-1: [d479fc48-3b3e-4e94-9a71-350452190094:192.168.151.66:41431, b4b9e96e-7bb7-46f7-837e-d6d8a00df559:192.168.151.66:38593, a975b012-7e14-4989-9e13-cc869fccbfcb:192.168.151.66:43445], old=null
2019-09-24 22:12:08,980 [b4b9e96e-7bb7-46f7-837e-d6d8a00df559@group-B2BE589C0BCF:LeaderElection15] INFO  impl.RoleInfo (RoleInfo.java:shutdownLeaderElection(134)) - b4b9e96e-7bb7-46f7-837e-d6d8a00df559: shutdown LeaderElection
2019-09-24 22:12:08,983 [d479fc48-3b3e-4e94-9a71-350452190094@group-B2BE589C0BCF:LeaderElection14] INFO  impl.RaftServerImpl (RaftServerImpl.java:setRole(174)) - d479fc48-3b3e-4e94-9a71-350452190094@group-B2BE589C0BCF: changes role from CANDIDATE to FOLLOWER at term 1 for DISCOVERED_A_NEW_TERM
2019-09-24 22:12:08,985 [d479fc48-3b3e-4e94-9a71-350452190094@group-B2BE589C0BCF:LeaderElection14] INFO  impl.RoleInfo (RoleInfo.java:shutdownLeaderElection(134)) - d479fc48-3b3e-4e94-9a71-350452190094: shutdown LeaderElection
2019-09-24 22:12:08,984 [b4b9e96e-7bb7-46f7-837e-d6d8a00df559@group-B2BE589C0BCF:LeaderElection15] INFO  impl.RaftServerImpl (RaftServerImpl.java:setRole(174)) - b4b9e96e-7bb7-46f7-837e-d6d8a00df559@group-B2BE589C0BCF: changes role from CANDIDATE to LEADER at term 1 for changeToLeader
2019-09-24 22:12:08,985 [b4b9e96e-7bb7-46f7-837e-d6d8a00df559@group-B2BE589C0BCF:LeaderElection15] INFO  impl.RaftServerImpl (ServerState.java:setLeader(253)) - b4b9e96e-7bb7-46f7-837e-d6d8a00df559@group-B2BE589C0BCF: change Leader from null to b4b9e96e-7bb7-46f7-837e-d6d8a00df559 at term 1 for becomeLeader, leader elected after 5132ms
2019-09-24 22:12:08,985 [d479fc48-3b3e-4e94-9a71-350452190094@group-B2BE589C0BCF:LeaderElection14] INFO  impl.RoleInfo (RoleInfo.java:updateAndGet(143)) - d479fc48-3b3e-4e94-9a71-350452190094: start FollowerState
2019-09-24 22:12:08,986 [b4b9e96e-7bb7-46f7-837e-d6d8a00df559@group-B2BE589C0BCF:LeaderElection15] INFO  server.RaftServerConfigKeys (ConfUtils.java:logGet(43)) - raft.server.staging.catchup.gap = 1000 (default)
2019-09-24 22:12:08,986 [b4b9e96e-7bb7-46f7-837e-d6d8a00df559@group-B2BE589C0BCF:LeaderElection15] INFO  server.RaftServerConfigKeys (ConfUtils.java:logGet(43)) - raft.server.rpc.sleep.time = 25ms (default)
2019-09-24 22:12:08,987 [b4b9e96e-7bb7-46f7-837e-d6d8a00df559@group-B2BE589C0BCF:LeaderElection15] INFO  server.RaftServerConfigKeys (ConfUtils.java:logGet(43)) - raft.server.write.element-limit = 4096 (default)
2019-09-24 22:12:08,987 [b4b9e96e-7bb7-46f7-837e-d6d8a00df559@group-B2BE589C0BCF:LeaderElection15] INFO  server.RaftServerConfigKeys (ConfUtils.java:logGet(43)) - raft.server.watch.timeout = 10s (default)
2019-09-24 22:12:08,987 [b4b9e96e-7bb7-46f7-837e-d6d8a00df559@group-B2BE589C0BCF:LeaderElection15] INFO  server.RaftServerConfigKeys (ConfUtils.java:logGet(43)) - raft.server.watch.timeout.denomination = 1s (default)
2019-09-24 22:12:08,987 [b4b9e96e-7bb7-46f7-837e-d6d8a00df559@group-B2BE589C0BCF:LeaderElection15] INFO  server.RaftServerConfigKeys (ConfUtils.java:logGet(43)) - raft.server.watch.element-limit = 65536 (default)
2019-09-24 22:12:08,989 [b4b9e96e-7bb7-46f7-837e-d6d8a00df559@group-B2BE589C0BCF:LeaderElection15] INFO  server.RaftServerConfigKeys (ConfUtils.java:logGet(43)) - raft.server.log.appender.snapshot.chunk.size.max = 16MB (=16777216) (default)
2019-09-24 22:12:08,989 [b4b9e96e-7bb7-46f7-837e-d6d8a00df559@group-B2BE589C0BCF:LeaderElection15] INFO  server.RaftServerConfigKeys (ConfUtils.java:logGet(43)) - raft.server.log.appender.buffer.byte-limit = 33554432 (custom)
2019-09-24 22:12:08,989 [b4b9e96e-7bb7-46f7-837e-d6d8a00df559@group-B2BE589C0BCF:LeaderElection15] INFO  server.RaftServerConfigKeys (ConfUtils.java:logGet(43)) - raft.server.log.appender.buffer.element-limit = 1 (custom)
2019-09-24 22:12:08,989 [b4b9e96e-7bb7-46f7-837e-d6d8a00df559@group-B2BE589C0BCF:LeaderElection15] INFO  grpc.GrpcConfigKeys$Server (ConfUtils.java:logGet(43)) - raft.grpc.server.leader.outstanding.appends.max = 128 (default)
2019-09-24 22:12:08,989 [b4b9e96e-7bb7-46f7-837e-d6d8a00df559@group-B2BE589C0BCF:LeaderElection15] INFO  server.RaftServerConfigKeys (ConfUtils.java:logGet(43)) - raft.server.rpc.request.timeout = 3000ms (default)
2019-09-24 22:12:08,990 [b4b9e96e-7bb7-46f7-837e-d6d8a00df559@group-B2BE589C0BCF:LeaderElection15] INFO  server.RaftServerConfigKeys (ConfUtils.java:logGet(43)) - raft.server.log.appender.install.snapshot.enabled = false (custom)
2019-09-24 22:12:08,990 [b4b9e96e-7bb7-46f7-837e-d6d8a00df559@group-B2BE589C0BCF:LeaderElection15] INFO  server.RaftServerConfigKeys (ConfUtils.java:logGet(43)) - raft.server.log.appender.snapshot.chunk.size.max = 16MB (=16777216) (default)
2019-09-24 22:12:08,990 [b4b9e96e-7bb7-46f7-837e-d6d8a00df559@group-B2BE589C0BCF:LeaderElection15] INFO  server.RaftServerConfigKeys (ConfUtils.java:logGet(43)) - raft.server.log.appender.buffer.byte-limit = 33554432 (custom)
2019-09-24 22:12:08,990 [b4b9e96e-7bb7-46f7-837e-d6d8a00df559@group-B2BE589C0BCF:LeaderElection15] INFO  server.RaftServerConfigKeys (ConfUtils.java:logGet(43)) - raft.server.log.appender.buffer.element-limit = 1 (custom)
2019-09-24 22:12:08,990 [b4b9e96e-7bb7-46f7-837e-d6d8a00df559@group-B2BE589C0BCF:LeaderElection15] INFO  grpc.GrpcConfigKeys$Server (ConfUtils.java:logGet(43)) - raft.grpc.server.leader.outstanding.appends.max = 128 (default)
2019-09-24 22:12:08,990 [b4b9e96e-7bb7-46f7-837e-d6d8a00df559@group-B2BE589C0BCF:LeaderElection15] INFO  server.RaftServerConfigKeys (ConfUtils.java:logGet(43)) - raft.server.rpc.request.timeout = 3000ms (default)
2019-09-24 22:12:08,990 [b4b9e96e-7bb7-46f7-837e-d6d8a00df559@group-B2BE589C0BCF:LeaderElection15] INFO  server.RaftServerConfigKeys (ConfUtils.java:logGet(43)) - raft.server.log.appender.install.snapshot.enabled = false (custom)
2019-09-24 22:12:08,990 [b4b9e96e-7bb7-46f7-837e-d6d8a00df559@group-B2BE589C0BCF:LeaderElection15] INFO  impl.RoleInfo (RoleInfo.java:updateAndGet(143)) - b4b9e96e-7bb7-46f7-837e-d6d8a00df559: start LeaderState
2019-09-24 22:12:08,991 [b4b9e96e-7bb7-46f7-837e-d6d8a00df559@group-B2BE589C0BCF:LeaderElection15] INFO  segmented.SegmentedRaftLogWorker (SegmentedRaftLogWorker.java:startLogSegment(380)) - b4b9e96e-7bb7-46f7-837e-d6d8a00df559@group-B2BE589C0BCF-SegmentedRaftLogWorker: Starting segment from index:0
2019-09-24 22:12:08,991 [b4b9e96e-7bb7-46f7-837e-d6d8a00df559@group-B2BE589C0BCF:LeaderElection15] INFO  impl.RaftServerImpl (ServerState.java:setRaftConf(354)) - b4b9e96e-7bb7-46f7-837e-d6d8a00df559@group-B2BE589C0BCF: set configuration 0: [d479fc48-3b3e-4e94-9a71-350452190094:192.168.151.66:41431, b4b9e96e-7bb7-46f7-837e-d6d8a00df559:192.168.151.66:38593, a975b012-7e14-4989-9e13-cc869fccbfcb:192.168.151.66:43445], old=null at 0
2019-09-24 22:12:09,004 [grpc-default-executor-6] INFO  impl.RaftServerImpl (ServerState.java:setLeader(253)) - d479fc48-3b3e-4e94-9a71-350452190094@group-B2BE589C0BCF: change Leader from null to b4b9e96e-7bb7-46f7-837e-d6d8a00df559 at term 1 for appendEntries, leader elected after 5151ms
2019-09-24 22:12:09,005 [grpc-default-executor-0] INFO  impl.RaftServerImpl (ServerState.java:setLeader(253)) - a975b012-7e14-4989-9e13-cc869fccbfcb@group-B2BE589C0BCF: change Leader from null to b4b9e96e-7bb7-46f7-837e-d6d8a00df559 at term 1 for appendEntries, leader elected after 5151ms
2019-09-24 22:12:09,007 [grpc-default-executor-6] INFO  impl.RaftServerImpl (ServerState.java:setRaftConf(354)) - d479fc48-3b3e-4e94-9a71-350452190094@group-B2BE589C0BCF: set configuration 0: [d479fc48-3b3e-4e94-9a71-350452190094:192.168.151.66:41431, b4b9e96e-7bb7-46f7-837e-d6d8a00df559:192.168.151.66:38593, a975b012-7e14-4989-9e13-cc869fccbfcb:192.168.151.66:43445], old=null at 0
2019-09-24 22:12:09,007 [grpc-default-executor-0] INFO  impl.RaftServerImpl (ServerState.java:setRaftConf(354)) - a975b012-7e14-4989-9e13-cc869fccbfcb@group-B2BE589C0BCF: set configuration 0: [d479fc48-3b3e-4e94-9a71-350452190094:192.168.151.66:41431, b4b9e96e-7bb7-46f7-837e-d6d8a00df559:192.168.151.66:38593, a975b012-7e14-4989-9e13-cc869fccbfcb:192.168.151.66:43445], old=null at 0
2019-09-24 22:12:09,007 [grpc-default-executor-6] INFO  segmented.SegmentedRaftLogWorker (SegmentedRaftLogWorker.java:startLogSegment(380)) - d479fc48-3b3e-4e94-9a71-350452190094@group-B2BE589C0BCF-SegmentedRaftLogWorker: Starting segment from index:0
2019-09-24 22:12:09,007 [grpc-default-executor-0] INFO  segmented.SegmentedRaftLogWorker (SegmentedRaftLogWorker.java:startLogSegment(380)) - a975b012-7e14-4989-9e13-cc869fccbfcb@group-B2BE589C0BCF-SegmentedRaftLogWorker: Starting segment from index:0
2019-09-24 22:12:09,015 [b4b9e96e-7bb7-46f7-837e-d6d8a00df559@group-B2BE589C0BCF-SegmentedRaftLogWorker] INFO  segmented.SegmentedRaftLogWorker (SegmentedRaftLogWorker.java:execute(569)) - b4b9e96e-7bb7-46f7-837e-d6d8a00df559@group-B2BE589C0BCF-SegmentedRaftLogWorker: created new log segment /workdir/hadoop-ozone/integration-test/target/test-dir/MiniOzoneClusterImpl-625ae465-5e4c-4ec2-831f-6349f2abf3b1/datanode-0/data/ratis/4b852fae-2428-4061-b77c-b2be589c0bcf/current/log_inprogress_0
2019-09-24 22:12:09,028 [a975b012-7e14-4989-9e13-cc869fccbfcb@group-B2BE589C0BCF-SegmentedRaftLogWorker] INFO  segmented.SegmentedRaftLogWorker (SegmentedRaftLogWorker.java:execute(569)) - a975b012-7e14-4989-9e13-cc869fccbfcb@group-B2BE589C0BCF-SegmentedRaftLogWorker: created new log segment /workdir/hadoop-ozone/integration-test/target/test-dir/MiniOzoneClusterImpl-625ae465-5e4c-4ec2-831f-6349f2abf3b1/datanode-6/data/ratis/4b852fae-2428-4061-b77c-b2be589c0bcf/current/log_inprogress_0
2019-09-24 22:12:09,028 [d479fc48-3b3e-4e94-9a71-350452190094@group-B2BE589C0BCF-SegmentedRaftLogWorker] INFO  segmented.SegmentedRaftLogWorker (SegmentedRaftLogWorker.java:execute(569)) - d479fc48-3b3e-4e94-9a71-350452190094@group-B2BE589C0BCF-SegmentedRaftLogWorker: created new log segment /workdir/hadoop-ozone/integration-test/target/test-dir/MiniOzoneClusterImpl-625ae465-5e4c-4ec2-831f-6349f2abf3b1/datanode-5/data/ratis/4b852fae-2428-4061-b77c-b2be589c0bcf/current/log_inprogress_0
2019-09-24 22:12:09,404 [grpc-default-executor-1] WARN  server.GrpcLogAppender (LogUtils.java:warn(134)) - b4b9e96e-7bb7-46f7-837e-d6d8a00df559@group-5DE5786A30A2->81dc61f5-3f0d-4495-99d5-0d8363b24cff-AppendLogResponseHandler: Failed appendEntries: org.apache.ratis.thirdparty.io.grpc.StatusRuntimeException: UNAVAILABLE: io exception
2019-09-24 22:12:09,405 [grpc-default-executor-1] INFO  impl.FollowerInfo (FollowerInfo.java:lambda$new$0(51)) - b4b9e96e-7bb7-46f7-837e-d6d8a00df559@group-5DE5786A30A2->81dc61f5-3f0d-4495-99d5-0d8363b24cff: nextIndex: updateUnconditionally 0 -> 0
2019-09-24 22:12:09,493 [ForkJoinPool.commonPool-worker-0] INFO  ozoneimpl.OzoneContainer (OzoneContainer.java:stop(231)) - Attempting to stop container services.
2019-09-24 22:12:09,493 [main] INFO  ozoneimpl.OzoneContainer (OzoneContainer.java:stop(231)) - Attempting to stop container services.
2019-09-24 22:12:09,493 [ForkJoinPool.commonPool-worker-0] INFO  impl.RaftServerProxy (RaftServerProxy.java:lambda$close$4(314)) - b4b9e96e-7bb7-46f7-837e-d6d8a00df559: close
2019-09-24 22:12:09,494 [main] INFO  impl.RaftServerProxy (RaftServerProxy.java:lambda$close$4(314)) - a975b012-7e14-4989-9e13-cc869fccbfcb: close
2019-09-24 22:12:09,494 [ForkJoinPool.commonPool-worker-0] INFO  impl.RaftServerImpl (RaftServerImpl.java:lambda$shutdown$3(251)) - b4b9e96e-7bb7-46f7-837e-d6d8a00df559@group-5DE5786A30A2: shutdown
2019-09-24 22:12:09,494 [main] INFO  impl.RaftServerImpl (RaftServerImpl.java:lambda$shutdown$3(251)) - a975b012-7e14-4989-9e13-cc869fccbfcb@group-5DE5786A30A2: shutdown
2019-09-24 22:12:09,494 [ForkJoinPool.commonPool-worker-0] INFO  util.JmxRegister (JmxRegister.java:unregister(73)) - Successfully un-registered JMX Bean with object name Ratis:service=RaftServer,group=group-5DE5786A30A2,id=b4b9e96e-7bb7-46f7-837e-d6d8a00df559
2019-09-24 22:12:09,495 [main] INFO  util.JmxRegister (JmxRegister.java:unregister(73)) - Successfully un-registered JMX Bean with object name Ratis:service=RaftServer,group=group-5DE5786A30A2,id=a975b012-7e14-4989-9e13-cc869fccbfcb
2019-09-24 22:12:09,495 [ForkJoinPool.commonPool-worker-0] INFO  impl.RoleInfo (RoleInfo.java:shutdownLeaderState(104)) - b4b9e96e-7bb7-46f7-837e-d6d8a00df559: shutdown LeaderState
2019-09-24 22:12:09,495 [main] INFO  impl.RoleInfo (RoleInfo.java:shutdownFollowerState(121)) - a975b012-7e14-4989-9e13-cc869fccbfcb: shutdown FollowerState
2019-09-24 22:12:09,497 [org.apache.ratis.server.impl.LogAppender$AppenderDaemon$$Lambda$386/1064588669@4110b88e] WARN  server.GrpcLogAppender (GrpcLogAppender.java:mayWait(143)) - b4b9e96e-7bb7-46f7-837e-d6d8a00df559@group-5DE5786A30A2->a975b012-7e14-4989-9e13-cc869fccbfcb-GrpcLogAppender: Wait interrupted by java.lang.InterruptedException
2019-09-24 22:12:09,497 [ForkJoinPool.commonPool-worker-0] INFO  impl.PendingRequests (PendingRequests.java:sendNotLeaderResponses(202)) - b4b9e96e-7bb7-46f7-837e-d6d8a00df559-PendingRequests: sendNotLeaderResponses
2019-09-24 22:12:09,497 [org.apache.ratis.server.impl.LogAppender$AppenderDaemon$$Lambda$386/1064588669@7f0b38cb] WARN  server.GrpcLogAppender (GrpcLogAppender.java:mayWait(143)) - b4b9e96e-7bb7-46f7-837e-d6d8a00df559@group-5DE5786A30A2->81dc61f5-3f0d-4495-99d5-0d8363b24cff-GrpcLogAppender: Wait interrupted by java.lang.InterruptedException
2019-09-24 22:12:09,498 [ForkJoinPool.commonPool-worker-0] INFO  impl.StateMachineUpdater (StateMachineUpdater.java:stopAndJoin(125)) - b4b9e96e-7bb7-46f7-837e-d6d8a00df559@group-5DE5786A30A2-StateMachineUpdater: set stopIndex = 0
2019-09-24 22:12:09,497 [Thread-332] INFO  impl.FollowerState (FollowerState.java:run(115)) - a975b012-7e14-4989-9e13-cc869fccbfcb: FollowerState was interrupted: java.lang.InterruptedException: sleep interrupted
2019-09-24 22:12:09,497 [main] INFO  impl.StateMachineUpdater (StateMachineUpdater.java:stopAndJoin(125)) - a975b012-7e14-4989-9e13-cc869fccbfcb@group-5DE5786A30A2-StateMachineUpdater: set stopIndex = 0
2019-09-24 22:12:09,500 [ForkJoinPool.commonPool-worker-0] INFO  impl.RaftServerImpl (ServerState.java:close(385)) - b4b9e96e-7bb7-46f7-837e-d6d8a00df559@group-5DE5786A30A2: closes. applyIndex: 0
2019-09-24 22:12:09,499 [grpc-default-executor-1] INFO  server.GrpcServerProtocolService (GrpcServerProtocolService.java:onCompleted(113)) - a975b012-7e14-4989-9e13-cc869fccbfcb: Completed APPEND_ENTRIES, lastRequest: b4b9e96e-7bb7-46f7-837e-d6d8a00df559->a975b012-7e14-4989-9e13-cc869fccbfcb#47-t2, previous=(t:2, i:0), leaderCommit=0, initializing? false, entries: <empty>
2019-09-24 22:12:09,500 [main] INFO  impl.RaftServerImpl (ServerState.java:close(385)) - a975b012-7e14-4989-9e13-cc869fccbfcb@group-5DE5786A30A2: closes. applyIndex: 0
2019-09-24 22:12:09,501 [b4b9e96e-7bb7-46f7-837e-d6d8a00df559@group-5DE5786A30A2-SegmentedRaftLogWorker] INFO  segmented.SegmentedRaftLogWorker (SegmentedRaftLogWorker.java:run(313)) - b4b9e96e-7bb7-46f7-837e-d6d8a00df559@group-5DE5786A30A2-SegmentedRaftLogWorker was interrupted, exiting. There are 0 tasks remaining in the queue.
2019-09-24 22:12:09,501 [a975b012-7e14-4989-9e13-cc869fccbfcb@group-5DE5786A30A2-SegmentedRaftLogWorker] INFO  segmented.SegmentedRaftLogWorker (SegmentedRaftLogWorker.java:run(313)) - a975b012-7e14-4989-9e13-cc869fccbfcb@group-5DE5786A30A2-SegmentedRaftLogWorker was interrupted, exiting. There are 0 tasks remaining in the queue.
2019-09-24 22:12:09,502 [ForkJoinPool.commonPool-worker-0] INFO  segmented.SegmentedRaftLogWorker (SegmentedRaftLogWorker.java:close(228)) - b4b9e96e-7bb7-46f7-837e-d6d8a00df559@group-5DE5786A30A2-SegmentedRaftLogWorker close()
2019-09-24 22:12:09,502 [main] INFO  segmented.SegmentedRaftLogWorker (SegmentedRaftLogWorker.java:close(228)) - a975b012-7e14-4989-9e13-cc869fccbfcb@group-5DE5786A30A2-SegmentedRaftLogWorker close()
2019-09-24 22:12:09,502 [grpc-default-executor-1] INFO  server.GrpcLogAppender (GrpcLogAppender.java:onCompleted(293)) - b4b9e96e-7bb7-46f7-837e-d6d8a00df559@group-5DE5786A30A2->a975b012-7e14-4989-9e13-cc869fccbfcb-AppendLogResponseHandler: follower responses appendEntries COMPLETED
2019-09-24 22:12:09,506 [main] INFO  impl.RaftServerImpl (RaftServerImpl.java:lambda$shutdown$3(251)) - a975b012-7e14-4989-9e13-cc869fccbfcb@group-B2BE589C0BCF: shutdown
2019-09-24 22:12:09,504 [ForkJoinPool.commonPool-worker-0] INFO  impl.RaftServerImpl (RaftServerImpl.java:lambda$shutdown$3(251)) - b4b9e96e-7bb7-46f7-837e-d6d8a00df559@group-B2BE589C0BCF: shutdown
2019-09-24 22:12:09,507 [grpc-default-executor-0] WARN  server.GrpcLogAppender (LogUtils.java:warn(134)) - b4b9e96e-7bb7-46f7-837e-d6d8a00df559@group-B2BE589C0BCF->a975b012-7e14-4989-9e13-cc869fccbfcb-AppendLogResponseHandler: Failed appendEntries: org.apache.ratis.thirdparty.io.grpc.StatusRuntimeException: UNAVAILABLE: Channel shutdownNow invoked
2019-09-24 22:12:09,507 [grpc-default-executor-0] INFO  impl.FollowerInfo (FollowerInfo.java:lambda$new$0(51)) - b4b9e96e-7bb7-46f7-837e-d6d8a00df559@group-B2BE589C0BCF->a975b012-7e14-4989-9e13-cc869fccbfcb: nextIndex: updateUnconditionally 1 -> 0
2019-09-24 22:12:09,507 [main] INFO  util.JmxRegister (JmxRegister.java:unregister(73)) - Successfully un-registered JMX Bean with object name Ratis:service=RaftServer,group=group-B2BE589C0BCF,id=a975b012-7e14-4989-9e13-cc869fccbfcb
2019-09-24 22:12:09,509 [main] INFO  impl.RoleInfo (RoleInfo.java:shutdownFollowerState(121)) - a975b012-7e14-4989-9e13-cc869fccbfcb: shutdown FollowerState
2019-09-24 22:12:09,506 [grpc-default-executor-1] INFO  impl.FollowerInfo (FollowerInfo.java:lambda$new$0(51)) - b4b9e96e-7bb7-46f7-837e-d6d8a00df559@group-5DE5786A30A2->a975b012-7e14-4989-9e13-cc869fccbfcb: nextIndex: updateUnconditionally 1 -> 0
2019-09-24 22:12:09,509 [Thread-554] INFO  impl.FollowerState (FollowerState.java:run(115)) - a975b012-7e14-4989-9e13-cc869fccbfcb: FollowerState was interrupted: java.lang.InterruptedException: sleep interrupted
2019-09-24 22:12:09,509 [main] INFO  impl.StateMachineUpdater (StateMachineUpdater.java:stopAndJoin(125)) - a975b012-7e14-4989-9e13-cc869fccbfcb@group-B2BE589C0BCF-StateMachineUpdater: set stopIndex = -1
2019-09-24 22:12:09,507 [ForkJoinPool.commonPool-worker-0] INFO  util.JmxRegister (JmxRegister.java:unregister(73)) - Successfully un-registered JMX Bean with object name Ratis:service=RaftServer,group=group-B2BE589C0BCF,id=b4b9e96e-7bb7-46f7-837e-d6d8a00df559
2019-09-24 22:12:09,510 [main] INFO  impl.RaftServerImpl (ServerState.java:close(385)) - a975b012-7e14-4989-9e13-cc869fccbfcb@group-B2BE589C0BCF: closes. applyIndex: -1
2019-09-24 22:12:09,510 [grpc-default-executor-7] WARN  server.GrpcServerProtocolService (LogUtils.java:warn(134)) - a975b012-7e14-4989-9e13-cc869fccbfcb: installSnapshot onError, lastRequest: b4b9e96e-7bb7-46f7-837e-d6d8a00df559->a975b012-7e14-4989-9e13-cc869fccbfcb#1-t1, previous=(t:0, i:0), leaderCommit=-1, initializing? false, entries: size=1, first=(t:1, i:0), CONFIGURATIONENTRY: org.apache.ratis.thirdparty.io.grpc.StatusRuntimeException: CANCELLED: cancelled before receiving half close
2019-09-24 22:12:09,511 [a975b012-7e14-4989-9e13-cc869fccbfcb@group-B2BE589C0BCF-SegmentedRaftLogWorker] INFO  segmented.SegmentedRaftLogWorker (SegmentedRaftLogWorker.java:run(313)) - a975b012-7e14-4989-9e13-cc869fccbfcb@group-B2BE589C0BCF-SegmentedRaftLogWorker was interrupted, exiting. There are 0 tasks remaining in the queue.
2019-09-24 22:12:09,511 [ForkJoinPool.commonPool-worker-0] INFO  impl.RoleInfo (RoleInfo.java:shutdownLeaderState(104)) - b4b9e96e-7bb7-46f7-837e-d6d8a00df559: shutdown LeaderState
2019-09-24 22:12:09,513 [main] INFO  segmented.SegmentedRaftLogWorker (SegmentedRaftLogWorker.java:close(228)) - a975b012-7e14-4989-9e13-cc869fccbfcb@group-B2BE589C0BCF-SegmentedRaftLogWorker close()
2019-09-24 22:12:09,515 [org.apache.ratis.server.impl.LogAppender$AppenderDaemon$$Lambda$386/1064588669@2814a028] WARN  server.GrpcLogAppender (GrpcLogAppender.java:mayWait(143)) - b4b9e96e-7bb7-46f7-837e-d6d8a00df559@group-B2BE589C0BCF->d479fc48-3b3e-4e94-9a71-350452190094-GrpcLogAppender: Wait interrupted by java.lang.InterruptedException
2019-09-24 22:12:09,515 [ForkJoinPool.commonPool-worker-0] INFO  impl.PendingRequests (PendingRequests.java:sendNotLeaderResponses(202)) - b4b9e96e-7bb7-46f7-837e-d6d8a00df559-PendingRequests: sendNotLeaderResponses
2019-09-24 22:12:09,520 [ForkJoinPool.commonPool-worker-0] INFO  impl.StateMachineUpdater (StateMachineUpdater.java:stopAndJoin(125)) - b4b9e96e-7bb7-46f7-837e-d6d8a00df559@group-B2BE589C0BCF-StateMachineUpdater: set stopIndex = 0
2019-09-24 22:12:09,515 [org.apache.ratis.server.impl.LogAppender$AppenderDaemon$$Lambda$386/1064588669@3d2bb70c] WARN  server.GrpcLogAppender (GrpcLogAppender.java:mayWait(143)) - b4b9e96e-7bb7-46f7-837e-d6d8a00df559@group-B2BE589C0BCF->a975b012-7e14-4989-9e13-cc869fccbfcb-GrpcLogAppender: Wait interrupted by java.lang.InterruptedException
2019-09-24 22:12:09,522 [grpc-default-executor-1] INFO  server.GrpcServerProtocolService (GrpcServerProtocolService.java:onCompleted(113)) - d479fc48-3b3e-4e94-9a71-350452190094: Completed APPEND_ENTRIES, lastRequest: b4b9e96e-7bb7-46f7-837e-d6d8a00df559->d479fc48-3b3e-4e94-9a71-350452190094#1-t1, previous=(t:0, i:0), leaderCommit=-1, initializing? false, entries: size=1, first=(t:1, i:0), CONFIGURATIONENTRY
2019-09-24 22:12:09,520 [main] INFO  impl.RaftServerImpl (RaftServerImpl.java:lambda$shutdown$3(251)) - a975b012-7e14-4989-9e13-cc869fccbfcb@group-0A9FB70D4C1C: shutdown
2019-09-24 22:12:09,525 [ForkJoinPool.commonPool-worker-0] INFO  impl.RaftServerImpl (ServerState.java:close(385)) - b4b9e96e-7bb7-46f7-837e-d6d8a00df559@group-B2BE589C0BCF: closes. applyIndex: 0
2019-09-24 22:12:09,526 [main] INFO  util.JmxRegister (JmxRegister.java:unregister(73)) - Successfully un-registered JMX Bean with object name Ratis:service=RaftServer,group=group-0A9FB70D4C1C,id=a975b012-7e14-4989-9e13-cc869fccbfcb
2019-09-24 22:12:09,527 [b4b9e96e-7bb7-46f7-837e-d6d8a00df559@group-B2BE589C0BCF-SegmentedRaftLogWorker] INFO  segmented.SegmentedRaftLogWorker (SegmentedRaftLogWorker.java:run(313)) - b4b9e96e-7bb7-46f7-837e-d6d8a00df559@group-B2BE589C0BCF-SegmentedRaftLogWorker was interrupted, exiting. There are 0 tasks remaining in the queue.
2019-09-24 22:12:09,527 [grpc-default-executor-7] INFO  server.GrpcLogAppender (GrpcLogAppender.java:onCompleted(293)) - b4b9e96e-7bb7-46f7-837e-d6d8a00df559@group-B2BE589C0BCF->d479fc48-3b3e-4e94-9a71-350452190094-AppendLogResponseHandler: follower responses appendEntries COMPLETED
2019-09-24 22:12:09,527 [ForkJoinPool.commonPool-worker-0] INFO  segmented.SegmentedRaftLogWorker (SegmentedRaftLogWorker.java:close(228)) - b4b9e96e-7bb7-46f7-837e-d6d8a00df559@group-B2BE589C0BCF-SegmentedRaftLogWorker close()
2019-09-24 22:12:09,527 [main] INFO  impl.RoleInfo (RoleInfo.java:shutdownLeaderState(104)) - a975b012-7e14-4989-9e13-cc869fccbfcb: shutdown LeaderState
2019-09-24 22:12:09,528 [grpc-default-executor-7] INFO  impl.FollowerInfo (FollowerInfo.java:lambda$new$0(51)) - b4b9e96e-7bb7-46f7-837e-d6d8a00df559@group-B2BE589C0BCF->d479fc48-3b3e-4e94-9a71-350452190094: nextIndex: updateUnconditionally 1 -> 0
2019-09-24 22:12:09,528 [main] INFO  impl.PendingRequests (PendingRequests.java:sendNotLeaderResponses(202)) - a975b012-7e14-4989-9e13-cc869fccbfcb-PendingRequests: sendNotLeaderResponses
2019-09-24 22:12:09,529 [ForkJoinPool.commonPool-worker-0] INFO  impl.RaftServerImpl (RaftServerImpl.java:lambda$shutdown$3(251)) - b4b9e96e-7bb7-46f7-837e-d6d8a00df559@group-D6463F33EDCF: shutdown
2019-09-24 22:12:09,530 [main] INFO  impl.StateMachineUpdater (StateMachineUpdater.java:stopAndJoin(125)) - a975b012-7e14-4989-9e13-cc869fccbfcb@group-0A9FB70D4C1C-StateMachineUpdater: set stopIndex = 0
2019-09-24 22:12:09,530 [ForkJoinPool.commonPool-worker-0] INFO  util.JmxRegister (JmxRegister.java:unregister(73)) - Successfully un-registered JMX Bean with object name Ratis:service=RaftServer,group=group-D6463F33EDCF,id=b4b9e96e-7bb7-46f7-837e-d6d8a00df559
2019-09-24 22:12:09,530 [main] INFO  impl.RaftServerImpl (ServerState.java:close(385)) - a975b012-7e14-4989-9e13-cc869fccbfcb@group-0A9FB70D4C1C: closes. applyIndex: 0
2019-09-24 22:12:09,530 [ForkJoinPool.commonPool-worker-0] INFO  impl.RoleInfo (RoleInfo.java:shutdownLeaderState(104)) - b4b9e96e-7bb7-46f7-837e-d6d8a00df559: shutdown LeaderState
2019-09-24 22:12:09,530 [a975b012-7e14-4989-9e13-cc869fccbfcb@group-0A9FB70D4C1C-SegmentedRaftLogWorker] INFO  segmented.SegmentedRaftLogWorker (SegmentedRaftLogWorker.java:run(313)) - a975b012-7e14-4989-9e13-cc869fccbfcb@group-0A9FB70D4C1C-SegmentedRaftLogWorker was interrupted, exiting. There are 0 tasks remaining in the queue.
2019-09-24 22:12:09,531 [ForkJoinPool.commonPool-worker-0] INFO  impl.PendingRequests (PendingRequests.java:sendNotLeaderResponses(202)) - b4b9e96e-7bb7-46f7-837e-d6d8a00df559-PendingRequests: sendNotLeaderResponses
2019-09-24 22:12:09,531 [main] INFO  segmented.SegmentedRaftLogWorker (SegmentedRaftLogWorker.java:close(228)) - a975b012-7e14-4989-9e13-cc869fccbfcb@group-0A9FB70D4C1C-SegmentedRaftLogWorker close()
2019-09-24 22:12:09,531 [ForkJoinPool.commonPool-worker-0] INFO  impl.StateMachineUpdater (StateMachineUpdater.java:stopAndJoin(125)) - b4b9e96e-7bb7-46f7-837e-d6d8a00df559@group-D6463F33EDCF-StateMachineUpdater: set stopIndex = 0
2019-09-24 22:12:09,532 [main] INFO  server.GrpcService (GrpcService.java:closeImpl(164)) - a975b012-7e14-4989-9e13-cc869fccbfcb: shutdown server with port 43445 now
2019-09-24 22:12:09,532 [ForkJoinPool.commonPool-worker-0] INFO  impl.RaftServerImpl (ServerState.java:close(385)) - b4b9e96e-7bb7-46f7-837e-d6d8a00df559@group-D6463F33EDCF: closes. applyIndex: 0
2019-09-24 22:12:09,533 [b4b9e96e-7bb7-46f7-837e-d6d8a00df559@group-D6463F33EDCF-SegmentedRaftLogWorker] INFO  segmented.SegmentedRaftLogWorker (SegmentedRaftLogWorker.java:run(313)) - b4b9e96e-7bb7-46f7-837e-d6d8a00df559@group-D6463F33EDCF-SegmentedRaftLogWorker was interrupted, exiting. There are 0 tasks remaining in the queue.
2019-09-24 22:12:09,534 [main] INFO  server.GrpcService (GrpcService.java:closeImpl(172)) - a975b012-7e14-4989-9e13-cc869fccbfcb: shutdown server with port 43445 successfully
2019-09-24 22:12:09,534 [ForkJoinPool.commonPool-worker-0] INFO  segmented.SegmentedRaftLogWorker (SegmentedRaftLogWorker.java:close(228)) - b4b9e96e-7bb7-46f7-837e-d6d8a00df559@group-D6463F33EDCF-SegmentedRaftLogWorker close()
2019-09-24 22:12:09,536 [ForkJoinPool.commonPool-worker-0] INFO  server.GrpcService (GrpcService.java:closeImpl(164)) - b4b9e96e-7bb7-46f7-837e-d6d8a00df559: shutdown server with port 38593 now
2019-09-24 22:12:09,536 [ForkJoinPool.commonPool-worker-0] INFO  server.GrpcService (GrpcService.java:closeImpl(172)) - b4b9e96e-7bb7-46f7-837e-d6d8a00df559: shutdown server with port 38593 successfully
2019-09-24 22:12:09,538 [refreshUsed-/workdir/hadoop-ozone/integration-test/target/test-dir/MiniOzoneClusterImpl-625ae465-5e4c-4ec2-831f-6349f2abf3b1/datanode-0/data/containers] WARN  fs.CachingGetSpaceUsed (CachingGetSpaceUsed.java:run(183)) - Thread Interrupted waiting to refresh disk information: sleep interrupted
2019-09-24 22:12:09,544 [refreshUsed-/workdir/hadoop-ozone/integration-test/target/test-dir/MiniOzoneClusterImpl-625ae465-5e4c-4ec2-831f-6349f2abf3b1/datanode-6/data/containers] WARN  fs.CachingGetSpaceUsed (CachingGetSpaceUsed.java:run(183)) - Thread Interrupted waiting to refresh disk information: sleep interrupted
2019-09-24 22:12:09,551 [main] INFO  utils.BackgroundService (BackgroundService.java:shutdown(148)) - Shutting down service BlockDeletingService
2019-09-24 22:12:09,554 [main] INFO  statemachine.DatanodeStateMachine (DatanodeStateMachine.java:stopDaemon(395)) - Ozone container server stopped.
2019-09-24 22:12:09,554 [ForkJoinPool.commonPool-worker-0] INFO  utils.BackgroundService (BackgroundService.java:shutdown(148)) - Shutting down service BlockDeletingService
2019-09-24 22:12:09,554 [main] INFO  handler.ContextHandler (ContextHandler.java:doStop(910)) - Stopped o.e.j.w.WebAppContext@1e9469b8{/,null,UNAVAILABLE}{/hddsDatanode}
2019-09-24 22:12:09,555 [main] INFO  server.AbstractConnector (AbstractConnector.java:doStop(318)) - Stopped ServerConnector@5a08efdc{HTTP/1.1,[http/1.1]}{0.0.0.0:0}
2019-09-24 22:12:09,555 [main] INFO  handler.ContextHandler (ContextHandler.java:doStop(910)) - Stopped o.e.j.s.ServletContextHandler@6edf29c1{/static,jar:file:/home/user/.m2/repository/org/apache/hadoop/hadoop-hdds-container-service/0.5.0-SNAPSHOT/hadoop-hdds-container-service-0.5.0-SNAPSHOT.jar!/webapps/static,UNAVAILABLE}
2019-09-24 22:12:09,556 [main] INFO  handler.ContextHandler (ContextHandler.java:doStop(910)) - Stopped o.e.j.s.ServletContextHandler@7c8c70d6{/logs,file:///workdir/hadoop-ozone/integration-test/target/log,UNAVAILABLE}
2019-09-24 22:12:09,558 [ForkJoinPool.commonPool-worker-0] INFO  statemachine.DatanodeStateMachine (DatanodeStateMachine.java:stopDaemon(395)) - Ozone container server stopped.
2019-09-24 22:12:09,560 [ForkJoinPool.commonPool-worker-0] INFO  handler.ContextHandler (ContextHandler.java:doStop(910)) - Stopped o.e.j.w.WebAppContext@cdb2d95{/,null,UNAVAILABLE}{/hddsDatanode}
2019-09-24 22:12:09,561 [ForkJoinPool.commonPool-worker-0] INFO  server.AbstractConnector (AbstractConnector.java:doStop(318)) - Stopped ServerConnector@122d6c22{HTTP/1.1,[http/1.1]}{0.0.0.0:0}
2019-09-24 22:12:09,561 [ForkJoinPool.commonPool-worker-0] INFO  handler.ContextHandler (ContextHandler.java:doStop(910)) - Stopped o.e.j.s.ServletContextHandler@252dc8c4{/static,jar:file:/home/user/.m2/repository/org/apache/hadoop/hadoop-hdds-container-service/0.5.0-SNAPSHOT/hadoop-hdds-container-service-0.5.0-SNAPSHOT.jar!/webapps/static,UNAVAILABLE}
2019-09-24 22:12:09,562 [ForkJoinPool.commonPool-worker-0] INFO  handler.ContextHandler (ContextHandler.java:doStop(910)) - Stopped o.e.j.s.ServletContextHandler@7ff35a3f{/logs,file:///workdir/hadoop-ozone/integration-test/target/log,UNAVAILABLE}
2019-09-24 22:12:10,424 [Datanode State Machine Thread - 0] INFO  statemachine.DatanodeStateMachine (DatanodeStateMachine.java:lambda$startDaemon$0(350)) - Ozone container server started.
2019-09-24 22:12:10,594 [Thread-300] INFO  impl.FollowerState (FollowerState.java:run(106)) - d479fc48-3b3e-4e94-9a71-350452190094:group-4D927244C400 changes to CANDIDATE, lastRpcTime:6189, electionTimeout:5010ms
2019-09-24 22:12:10,595 [Thread-300] INFO  impl.RoleInfo (RoleInfo.java:shutdownFollowerState(121)) - d479fc48-3b3e-4e94-9a71-350452190094: shutdown FollowerState
2019-09-24 22:12:10,595 [Thread-300] INFO  impl.RaftServerImpl (RaftServerImpl.java:setRole(174)) - d479fc48-3b3e-4e94-9a71-350452190094@group-4D927244C400: changes role from  FOLLOWER to CANDIDATE at term 1 for changeToCandidate
2019-09-24 22:12:10,595 [Thread-300] INFO  impl.RoleInfo (RoleInfo.java:updateAndGet(143)) - d479fc48-3b3e-4e94-9a71-350452190094: start LeaderElection
2019-09-24 22:12:10,595 [d479fc48-3b3e-4e94-9a71-350452190094@group-4D927244C400:LeaderElection16] INFO  impl.RaftServerImpl (ServerState.java:setLeader(253)) - d479fc48-3b3e-4e94-9a71-350452190094@group-4D927244C400: change Leader from d1c7ea34-e1d6-47f6-9bf9-085803419fb1 to null at term 1 for initElection
2019-09-24 22:12:11,852 [d479fc48-3b3e-4e94-9a71-350452190094@group-4D927244C400:LeaderElection16] INFO  impl.LeaderElection (LeaderElection.java:askForVotes(182)) - d479fc48-3b3e-4e94-9a71-350452190094@group-4D927244C400:LeaderElection16: begin an election at term 2 for 0: [d479fc48-3b3e-4e94-9a71-350452190094:192.168.151.66:41431, d1c7ea34-e1d6-47f6-9bf9-085803419fb1:192.168.151.66:40540, 359d4a8a-7123-4aa7-8691-eb230ca57380:192.168.151.66:32879], old=null
2019-09-24 22:12:11,860 [d479fc48-3b3e-4e94-9a71-350452190094@group-4D927244C400:LeaderElection16] INFO  impl.LeaderElection (LogUtils.java:infoOrTrace(149)) - d479fc48-3b3e-4e94-9a71-350452190094@group-4D927244C400:LeaderElection16 got exception when requesting votes: {}
java.util.concurrent.ExecutionException: org.apache.ratis.thirdparty.io.grpc.StatusRuntimeException: UNAVAILABLE: io exception
	at java.util.concurrent.FutureTask.report(FutureTask.java:122)
	at java.util.concurrent.FutureTask.get(FutureTask.java:192)
	at org.apache.ratis.server.impl.LeaderElection.waitForResults(LeaderElection.java:263)
	at org.apache.ratis.server.impl.LeaderElection.askForVotes(LeaderElection.java:201)
	at org.apache.ratis.server.impl.LeaderElection.run(LeaderElection.java:133)
	at java.lang.Thread.run(Thread.java:748)
Caused by: org.apache.ratis.thirdparty.io.grpc.StatusRuntimeException: UNAVAILABLE: io exception
	at org.apache.ratis.thirdparty.io.grpc.stub.ClientCalls.toStatusRuntimeException(ClientCalls.java:233)
	at org.apache.ratis.thirdparty.io.grpc.stub.ClientCalls.getUnchecked(ClientCalls.java:214)
	at org.apache.ratis.thirdparty.io.grpc.stub.ClientCalls.blockingUnaryCall(ClientCalls.java:139)
	at org.apache.ratis.proto.grpc.RaftServerProtocolServiceGrpc$RaftServerProtocolServiceBlockingStub.requestVote(RaftServerProtocolServiceGrpc.java:265)
	at org.apache.ratis.grpc.server.GrpcServerProtocolClient.requestVote(GrpcServerProtocolClient.java:90)
	at org.apache.ratis.grpc.server.GrpcService.requestVote(GrpcService.java:204)
	at org.apache.ratis.server.impl.LeaderElection.lambda$submitRequests$1(LeaderElection.java:238)
	at java.util.concurrent.FutureTask.run(FutureTask.java:266)
	at java.util.concurrent.Executors$RunnableAdapter.call(Executors.java:511)
	at java.util.concurrent.FutureTask.run(FutureTask.java:266)
	at java.util.concurrent.ThreadPoolExecutor.runWorker(ThreadPoolExecutor.java:1149)
	at java.util.concurrent.ThreadPoolExecutor$Worker.run(ThreadPoolExecutor.java:624)
	... 1 more
Caused by: org.apache.ratis.thirdparty.io.netty.channel.AbstractChannel$AnnotatedConnectException: Connection refused: /192.168.151.66:40540
	at sun.nio.ch.SocketChannelImpl.checkConnect(Native Method)
	at sun.nio.ch.SocketChannelImpl.finishConnect(SocketChannelImpl.java:717)
	at org.apache.ratis.thirdparty.io.netty.channel.socket.nio.NioSocketChannel.doFinishConnect(NioSocketChannel.java:327)
	at org.apache.ratis.thirdparty.io.netty.channel.nio.AbstractNioChannel$AbstractNioUnsafe.finishConnect(AbstractNioChannel.java:340)
	at org.apache.ratis.thirdparty.io.netty.channel.nio.NioEventLoop.processSelectedKey(NioEventLoop.java:632)
	at org.apache.ratis.thirdparty.io.netty.channel.nio.NioEventLoop.processSelectedKeysOptimized(NioEventLoop.java:579)
	at org.apache.ratis.thirdparty.io.netty.channel.nio.NioEventLoop.processSelectedKeys(NioEventLoop.java:496)
	at org.apache.ratis.thirdparty.io.netty.channel.nio.NioEventLoop.run(NioEventLoop.java:458)
	at org.apache.ratis.thirdparty.io.netty.util.concurrent.SingleThreadEventExecutor$5.run(SingleThreadEventExecutor.java:897)
	at org.apache.ratis.thirdparty.io.netty.util.concurrent.FastThreadLocalRunnable.run(FastThreadLocalRunnable.java:30)
	... 1 more
Caused by: java.net.ConnectException: Connection refused
	... 11 more
2019-09-24 22:12:11,862 [d479fc48-3b3e-4e94-9a71-350452190094@group-4D927244C400:LeaderElection16] INFO  impl.LeaderElection (LogUtils.java:infoOrTrace(149)) - d479fc48-3b3e-4e94-9a71-350452190094@group-4D927244C400:LeaderElection16 got exception when requesting votes: {}
java.util.concurrent.ExecutionException: org.apache.ratis.thirdparty.io.grpc.StatusRuntimeException: UNAVAILABLE: io exception
	at java.util.concurrent.FutureTask.report(FutureTask.java:122)
	at java.util.concurrent.FutureTask.get(FutureTask.java:192)
	at org.apache.ratis.server.impl.LeaderElection.waitForResults(LeaderElection.java:263)
	at org.apache.ratis.server.impl.LeaderElection.askForVotes(LeaderElection.java:201)
	at org.apache.ratis.server.impl.LeaderElection.run(LeaderElection.java:133)
	at java.lang.Thread.run(Thread.java:748)
Caused by: org.apache.ratis.thirdparty.io.grpc.StatusRuntimeException: UNAVAILABLE: io exception
	at org.apache.ratis.thirdparty.io.grpc.stub.ClientCalls.toStatusRuntimeException(ClientCalls.java:233)
	at org.apache.ratis.thirdparty.io.grpc.stub.ClientCalls.getUnchecked(ClientCalls.java:214)
	at org.apache.ratis.thirdparty.io.grpc.stub.ClientCalls.blockingUnaryCall(ClientCalls.java:139)
	at org.apache.ratis.proto.grpc.RaftServerProtocolServiceGrpc$RaftServerProtocolServiceBlockingStub.requestVote(RaftServerProtocolServiceGrpc.java:265)
	at org.apache.ratis.grpc.server.GrpcServerProtocolClient.requestVote(GrpcServerProtocolClient.java:90)
	at org.apache.ratis.grpc.server.GrpcService.requestVote(GrpcService.java:204)
	at org.apache.ratis.server.impl.LeaderElection.lambda$submitRequests$1(LeaderElection.java:238)
	at java.util.concurrent.FutureTask.run(FutureTask.java:266)
	at java.util.concurrent.Executors$RunnableAdapter.call(Executors.java:511)
	at java.util.concurrent.FutureTask.run(FutureTask.java:266)
	at java.util.concurrent.ThreadPoolExecutor.runWorker(ThreadPoolExecutor.java:1149)
	at java.util.concurrent.ThreadPoolExecutor$Worker.run(ThreadPoolExecutor.java:624)
	... 1 more
Caused by: org.apache.ratis.thirdparty.io.netty.channel.AbstractChannel$AnnotatedConnectException: Connection refused: /192.168.151.66:32879
	at sun.nio.ch.SocketChannelImpl.checkConnect(Native Method)
	at sun.nio.ch.SocketChannelImpl.finishConnect(SocketChannelImpl.java:717)
	at org.apache.ratis.thirdparty.io.netty.channel.socket.nio.NioSocketChannel.doFinishConnect(NioSocketChannel.java:327)
	at org.apache.ratis.thirdparty.io.netty.channel.nio.AbstractNioChannel$AbstractNioUnsafe.finishConnect(AbstractNioChannel.java:340)
	at org.apache.ratis.thirdparty.io.netty.channel.nio.NioEventLoop.processSelectedKey(NioEventLoop.java:632)
	at org.apache.ratis.thirdparty.io.netty.channel.nio.NioEventLoop.processSelectedKeysOptimized(NioEventLoop.java:579)
	at org.apache.ratis.thirdparty.io.netty.channel.nio.NioEventLoop.processSelectedKeys(NioEventLoop.java:496)
	at org.apache.ratis.thirdparty.io.netty.channel.nio.NioEventLoop.run(NioEventLoop.java:458)
	at org.apache.ratis.thirdparty.io.netty.util.concurrent.SingleThreadEventExecutor$5.run(SingleThreadEventExecutor.java:897)
	at org.apache.ratis.thirdparty.io.netty.util.concurrent.FastThreadLocalRunnable.run(FastThreadLocalRunnable.java:30)
	... 1 more
Caused by: java.net.ConnectException: Connection refused
	... 11 more
2019-09-24 22:12:11,863 [d479fc48-3b3e-4e94-9a71-350452190094@group-4D927244C400:LeaderElection16] INFO  impl.LeaderElection (LeaderElection.java:logAndReturn(56)) - d479fc48-3b3e-4e94-9a71-350452190094@group-4D927244C400:LeaderElection16: Election REJECTED; received 0 response(s) [] and 2 exception(s); d479fc48-3b3e-4e94-9a71-350452190094@group-4D927244C400:t2, leader=null, voted=d479fc48-3b3e-4e94-9a71-350452190094, raftlog=d479fc48-3b3e-4e94-9a71-350452190094@group-4D927244C400-SegmentedRaftLog:OPENED:c0,f0,i0, conf=0: [d479fc48-3b3e-4e94-9a71-350452190094:192.168.151.66:41431, d1c7ea34-e1d6-47f6-9bf9-085803419fb1:192.168.151.66:40540, 359d4a8a-7123-4aa7-8691-eb230ca57380:192.168.151.66:32879], old=null
2019-09-24 22:12:11,864 [d479fc48-3b3e-4e94-9a71-350452190094@group-4D927244C400:LeaderElection16] INFO  impl.LeaderElection (LogUtils.java:infoOrTrace(149)) -   Exception 0: {}
java.util.concurrent.ExecutionException: org.apache.ratis.thirdparty.io.grpc.StatusRuntimeException: UNAVAILABLE: io exception
	at java.util.concurrent.FutureTask.report(FutureTask.java:122)
	at java.util.concurrent.FutureTask.get(FutureTask.java:192)
	at org.apache.ratis.server.impl.LeaderElection.waitForResults(LeaderElection.java:263)
	at org.apache.ratis.server.impl.LeaderElection.askForVotes(LeaderElection.java:201)
	at org.apache.ratis.server.impl.LeaderElection.run(LeaderElection.java:133)
	at java.lang.Thread.run(Thread.java:748)
Caused by: org.apache.ratis.thirdparty.io.grpc.StatusRuntimeException: UNAVAILABLE: io exception
	at org.apache.ratis.thirdparty.io.grpc.stub.ClientCalls.toStatusRuntimeException(ClientCalls.java:233)
	at org.apache.ratis.thirdparty.io.grpc.stub.ClientCalls.getUnchecked(ClientCalls.java:214)
	at org.apache.ratis.thirdparty.io.grpc.stub.ClientCalls.blockingUnaryCall(ClientCalls.java:139)
	at org.apache.ratis.proto.grpc.RaftServerProtocolServiceGrpc$RaftServerProtocolServiceBlockingStub.requestVote(RaftServerProtocolServiceGrpc.java:265)
	at org.apache.ratis.grpc.server.GrpcServerProtocolClient.requestVote(GrpcServerProtocolClient.java:90)
	at org.apache.ratis.grpc.server.GrpcService.requestVote(GrpcService.java:204)
	at org.apache.ratis.server.impl.LeaderElection.lambda$submitRequests$1(LeaderElection.java:238)
	at java.util.concurrent.FutureTask.run(FutureTask.java:266)
	at java.util.concurrent.Executors$RunnableAdapter.call(Executors.java:511)
	at java.util.concurrent.FutureTask.run(FutureTask.java:266)
	at java.util.concurrent.ThreadPoolExecutor.runWorker(ThreadPoolExecutor.java:1149)
	at java.util.concurrent.ThreadPoolExecutor$Worker.run(ThreadPoolExecutor.java:624)
	... 1 more
Caused by: org.apache.ratis.thirdparty.io.netty.channel.AbstractChannel$AnnotatedConnectException: Connection refused: /192.168.151.66:40540
	at sun.nio.ch.SocketChannelImpl.checkConnect(Native Method)
	at sun.nio.ch.SocketChannelImpl.finishConnect(SocketChannelImpl.java:717)
	at org.apache.ratis.thirdparty.io.netty.channel.socket.nio.NioSocketChannel.doFinishConnect(NioSocketChannel.java:327)
	at org.apache.ratis.thirdparty.io.netty.channel.nio.AbstractNioChannel$AbstractNioUnsafe.finishConnect(AbstractNioChannel.java:340)
	at org.apache.ratis.thirdparty.io.netty.channel.nio.NioEventLoop.processSelectedKey(NioEventLoop.java:632)
	at org.apache.ratis.thirdparty.io.netty.channel.nio.NioEventLoop.processSelectedKeysOptimized(NioEventLoop.java:579)
	at org.apache.ratis.thirdparty.io.netty.channel.nio.NioEventLoop.processSelectedKeys(NioEventLoop.java:496)
	at org.apache.ratis.thirdparty.io.netty.channel.nio.NioEventLoop.run(NioEventLoop.java:458)
	at org.apache.ratis.thirdparty.io.netty.util.concurrent.SingleThreadEventExecutor$5.run(SingleThreadEventExecutor.java:897)
	at org.apache.ratis.thirdparty.io.netty.util.concurrent.FastThreadLocalRunnable.run(FastThreadLocalRunnable.java:30)
	... 1 more
Caused by: java.net.ConnectException: Connection refused
	... 11 more
2019-09-24 22:12:11,864 [d479fc48-3b3e-4e94-9a71-350452190094@group-4D927244C400:LeaderElection16] INFO  impl.LeaderElection (LogUtils.java:infoOrTrace(149)) -   Exception 1: {}
java.util.concurrent.ExecutionException: org.apache.ratis.thirdparty.io.grpc.StatusRuntimeException: UNAVAILABLE: io exception
	at java.util.concurrent.FutureTask.report(FutureTask.java:122)
	at java.util.concurrent.FutureTask.get(FutureTask.java:192)
	at org.apache.ratis.server.impl.LeaderElection.waitForResults(LeaderElection.java:263)
	at org.apache.ratis.server.impl.LeaderElection.askForVotes(LeaderElection.java:201)
	at org.apache.ratis.server.impl.LeaderElection.run(LeaderElection.java:133)
	at java.lang.Thread.run(Thread.java:748)
Caused by: org.apache.ratis.thirdparty.io.grpc.StatusRuntimeException: UNAVAILABLE: io exception
	at org.apache.ratis.thirdparty.io.grpc.stub.ClientCalls.toStatusRuntimeException(ClientCalls.java:233)
	at org.apache.ratis.thirdparty.io.grpc.stub.ClientCalls.getUnchecked(ClientCalls.java:214)
	at org.apache.ratis.thirdparty.io.grpc.stub.ClientCalls.blockingUnaryCall(ClientCalls.java:139)
	at org.apache.ratis.proto.grpc.RaftServerProtocolServiceGrpc$RaftServerProtocolServiceBlockingStub.requestVote(RaftServerProtocolServiceGrpc.java:265)
	at org.apache.ratis.grpc.server.GrpcServerProtocolClient.requestVote(GrpcServerProtocolClient.java:90)
	at org.apache.ratis.grpc.server.GrpcService.requestVote(GrpcService.java:204)
	at org.apache.ratis.server.impl.LeaderElection.lambda$submitRequests$1(LeaderElection.java:238)
	at java.util.concurrent.FutureTask.run(FutureTask.java:266)
	at java.util.concurrent.Executors$RunnableAdapter.call(Executors.java:511)
	at java.util.concurrent.FutureTask.run(FutureTask.java:266)
	at java.util.concurrent.ThreadPoolExecutor.runWorker(ThreadPoolExecutor.java:1149)
	at java.util.concurrent.ThreadPoolExecutor$Worker.run(ThreadPoolExecutor.java:624)
	... 1 more
Caused by: org.apache.ratis.thirdparty.io.netty.channel.AbstractChannel$AnnotatedConnectException: Connection refused: /192.168.151.66:32879
	at sun.nio.ch.SocketChannelImpl.checkConnect(Native Method)
	at sun.nio.ch.SocketChannelImpl.finishConnect(SocketChannelImpl.java:717)
	at org.apache.ratis.thirdparty.io.netty.channel.socket.nio.NioSocketChannel.doFinishConnect(NioSocketChannel.java:327)
	at org.apache.ratis.thirdparty.io.netty.channel.nio.AbstractNioChannel$AbstractNioUnsafe.finishConnect(AbstractNioChannel.java:340)
	at org.apache.ratis.thirdparty.io.netty.channel.nio.NioEventLoop.processSelectedKey(NioEventLoop.java:632)
	at org.apache.ratis.thirdparty.io.netty.channel.nio.NioEventLoop.processSelectedKeysOptimized(NioEventLoop.java:579)
	at org.apache.ratis.thirdparty.io.netty.channel.nio.NioEventLoop.processSelectedKeys(NioEventLoop.java:496)
	at org.apache.ratis.thirdparty.io.netty.channel.nio.NioEventLoop.run(NioEventLoop.java:458)
	at org.apache.ratis.thirdparty.io.netty.util.concurrent.SingleThreadEventExecutor$5.run(SingleThreadEventExecutor.java:897)
	at org.apache.ratis.thirdparty.io.netty.util.concurrent.FastThreadLocalRunnable.run(FastThreadLocalRunnable.java:30)
	... 1 more
Caused by: java.net.ConnectException: Connection refused
	... 11 more
2019-09-24 22:12:11,865 [d479fc48-3b3e-4e94-9a71-350452190094@group-4D927244C400:LeaderElection16] INFO  impl.RaftServerImpl (RaftServerImpl.java:setRole(174)) - d479fc48-3b3e-4e94-9a71-350452190094@group-4D927244C400: changes role from CANDIDATE to FOLLOWER at term 2 for DISCOVERED_A_NEW_TERM
2019-09-24 22:12:11,866 [d479fc48-3b3e-4e94-9a71-350452190094@group-4D927244C400:LeaderElection16] INFO  impl.RoleInfo (RoleInfo.java:shutdownLeaderElection(134)) - d479fc48-3b3e-4e94-9a71-350452190094: shutdown LeaderElection
2019-09-24 22:12:11,866 [d479fc48-3b3e-4e94-9a71-350452190094@group-4D927244C400:LeaderElection16] INFO  impl.RoleInfo (RoleInfo.java:updateAndGet(143)) - d479fc48-3b3e-4e94-9a71-350452190094: start FollowerState
2019-09-24 22:12:12,507 [EventQueue-StaleNodeForStaleNodeHandler] INFO  node.StaleNodeHandler (StaleNodeHandler.java:onMessage(58)) - Datanode d479fc48-3b3e-4e94-9a71-350452190094{ip: 192.168.151.66, host: pr-hdds-2162-v2v4x-1150571016, networkLocation: /default-rack, certSerialId: null} moved to stale state. Finalizing its pipelines [PipelineID=4b852fae-2428-4061-b77c-b2be589c0bcf, PipelineID=0fdd9377-e4bc-4807-9e35-99be392f4883, PipelineID=2d35a69f-e775-44ca-9c3d-4d927244c400]
2019-09-24 22:12:12,508 [EventQueue-StaleNodeForStaleNodeHandler] INFO  pipeline.SCMPipelineManager (SCMPipelineManager.java:finalizeAndDestroyPipeline(315)) - destroying pipeline:Pipeline[ Id: 4b852fae-2428-4061-b77c-b2be589c0bcf, Nodes: d479fc48-3b3e-4e94-9a71-350452190094{ip: 192.168.151.66, host: pr-hdds-2162-v2v4x-1150571016, networkLocation: /default-rack, certSerialId: null}b4b9e96e-7bb7-46f7-837e-d6d8a00df559{ip: 192.168.151.66, host: pr-hdds-2162-v2v4x-1150571016, networkLocation: /default-rack, certSerialId: null}a975b012-7e14-4989-9e13-cc869fccbfcb{ip: 192.168.151.66, host: pr-hdds-2162-v2v4x-1150571016, networkLocation: /default-rack, certSerialId: null}, Type:RATIS, Factor:THREE, State:CLOSED]
2019-09-24 22:12:12,508 [EventQueue-StaleNodeForStaleNodeHandler] INFO  pipeline.SCMPipelineManager (SCMPipelineManager.java:finalizeAndDestroyPipeline(315)) - destroying pipeline:Pipeline[ Id: 0fdd9377-e4bc-4807-9e35-99be392f4883, Nodes: d479fc48-3b3e-4e94-9a71-350452190094{ip: 192.168.151.66, host: pr-hdds-2162-v2v4x-1150571016, networkLocation: /default-rack, certSerialId: null}, Type:RATIS, Factor:ONE, State:OPEN]
2019-09-24 22:12:12,508 [EventQueue-StaleNodeForStaleNodeHandler] INFO  pipeline.PipelineStateManager (PipelineStateManager.java:finalizePipeline(123)) - Pipeline Pipeline[ Id: 0fdd9377-e4bc-4807-9e35-99be392f4883, Nodes: d479fc48-3b3e-4e94-9a71-350452190094{ip: 192.168.151.66, host: pr-hdds-2162-v2v4x-1150571016, networkLocation: /default-rack, certSerialId: null}, Type:RATIS, Factor:ONE, State:CLOSED] moved to CLOSED state
2019-09-24 22:12:12,508 [EventQueue-StaleNodeForStaleNodeHandler] INFO  pipeline.SCMPipelineManager (SCMPipelineManager.java:finalizeAndDestroyPipeline(315)) - destroying pipeline:Pipeline[ Id: 2d35a69f-e775-44ca-9c3d-4d927244c400, Nodes: d1c7ea34-e1d6-47f6-9bf9-085803419fb1{ip: 192.168.151.66, host: pr-hdds-2162-v2v4x-1150571016, networkLocation: /default-rack, certSerialId: null}d479fc48-3b3e-4e94-9a71-350452190094{ip: 192.168.151.66, host: pr-hdds-2162-v2v4x-1150571016, networkLocation: /default-rack, certSerialId: null}359d4a8a-7123-4aa7-8691-eb230ca57380{ip: 192.168.151.66, host: pr-hdds-2162-v2v4x-1150571016, networkLocation: /default-rack, certSerialId: null}, Type:RATIS, Factor:THREE, State:CLOSED]
2019-09-24 22:12:14,558 [main] INFO  ozoneimpl.OzoneContainer (OzoneContainer.java:stop(231)) - Attempting to stop container services.
2019-09-24 22:12:14,560 [main] INFO  impl.RaftServerProxy (RaftServerProxy.java:lambda$close$4(314)) - d479fc48-3b3e-4e94-9a71-350452190094: close
2019-09-24 22:12:14,561 [main] INFO  impl.RaftServerImpl (RaftServerImpl.java:lambda$shutdown$3(251)) - d479fc48-3b3e-4e94-9a71-350452190094@group-B2BE589C0BCF: shutdown
2019-09-24 22:12:14,561 [ForkJoinPool.commonPool-worker-1] INFO  impl.RaftServerImpl (RaftServerImpl.java:lambda$shutdown$3(251)) - d479fc48-3b3e-4e94-9a71-350452190094@group-4D927244C400: shutdown
2019-09-24 22:12:14,561 [main] INFO  util.JmxRegister (JmxRegister.java:unregister(73)) - Successfully un-registered JMX Bean with object name Ratis:service=RaftServer,group=group-B2BE589C0BCF,id=d479fc48-3b3e-4e94-9a71-350452190094
2019-09-24 22:12:14,562 [ForkJoinPool.commonPool-worker-1] INFO  util.JmxRegister (JmxRegister.java:unregister(73)) - Successfully un-registered JMX Bean with object name Ratis:service=RaftServer,group=group-4D927244C400,id=d479fc48-3b3e-4e94-9a71-350452190094
2019-09-24 22:12:14,563 [main] INFO  impl.RoleInfo (RoleInfo.java:shutdownFollowerState(121)) - d479fc48-3b3e-4e94-9a71-350452190094: shutdown FollowerState
2019-09-24 22:12:14,563 [ForkJoinPool.commonPool-worker-1] INFO  impl.RoleInfo (RoleInfo.java:shutdownFollowerState(121)) - d479fc48-3b3e-4e94-9a71-350452190094: shutdown FollowerState
2019-09-24 22:12:14,563 [Thread-555] INFO  impl.FollowerState (FollowerState.java:run(115)) - d479fc48-3b3e-4e94-9a71-350452190094: FollowerState was interrupted: java.lang.InterruptedException: sleep interrupted
2019-09-24 22:12:14,563 [Thread-569] INFO  impl.FollowerState (FollowerState.java:run(115)) - d479fc48-3b3e-4e94-9a71-350452190094: FollowerState was interrupted: java.lang.InterruptedException: sleep interrupted
2019-09-24 22:12:14,563 [main] INFO  impl.StateMachineUpdater (StateMachineUpdater.java:stopAndJoin(125)) - d479fc48-3b3e-4e94-9a71-350452190094@group-B2BE589C0BCF-StateMachineUpdater: set stopIndex = -1
2019-09-24 22:12:14,563 [ForkJoinPool.commonPool-worker-1] INFO  impl.StateMachineUpdater (StateMachineUpdater.java:stopAndJoin(125)) - d479fc48-3b3e-4e94-9a71-350452190094@group-4D927244C400-StateMachineUpdater: set stopIndex = 0
2019-09-24 22:12:14,566 [main] INFO  impl.RaftServerImpl (ServerState.java:close(385)) - d479fc48-3b3e-4e94-9a71-350452190094@group-B2BE589C0BCF: closes. applyIndex: -1
2019-09-24 22:12:14,566 [ForkJoinPool.commonPool-worker-1] INFO  impl.RaftServerImpl (ServerState.java:close(385)) - d479fc48-3b3e-4e94-9a71-350452190094@group-4D927244C400: closes. applyIndex: 0
2019-09-24 22:12:14,566 [d479fc48-3b3e-4e94-9a71-350452190094@group-B2BE589C0BCF-SegmentedRaftLogWorker] INFO  segmented.SegmentedRaftLogWorker (SegmentedRaftLogWorker.java:run(313)) - d479fc48-3b3e-4e94-9a71-350452190094@group-B2BE589C0BCF-SegmentedRaftLogWorker was interrupted, exiting. There are 0 tasks remaining in the queue.
2019-09-24 22:12:14,567 [d479fc48-3b3e-4e94-9a71-350452190094@group-4D927244C400-SegmentedRaftLogWorker] INFO  segmented.SegmentedRaftLogWorker (SegmentedRaftLogWorker.java:run(313)) - d479fc48-3b3e-4e94-9a71-350452190094@group-4D927244C400-SegmentedRaftLogWorker was interrupted, exiting. There are 0 tasks remaining in the queue.
2019-09-24 22:12:14,567 [main] INFO  segmented.SegmentedRaftLogWorker (SegmentedRaftLogWorker.java:close(228)) - d479fc48-3b3e-4e94-9a71-350452190094@group-B2BE589C0BCF-SegmentedRaftLogWorker close()
2019-09-24 22:12:14,567 [ForkJoinPool.commonPool-worker-1] INFO  segmented.SegmentedRaftLogWorker (SegmentedRaftLogWorker.java:close(228)) - d479fc48-3b3e-4e94-9a71-350452190094@group-4D927244C400-SegmentedRaftLogWorker close()
2019-09-24 22:12:14,568 [main] INFO  impl.RaftServerImpl (RaftServerImpl.java:lambda$shutdown$3(251)) - d479fc48-3b3e-4e94-9a71-350452190094@group-99BE392F4883: shutdown
2019-09-24 22:12:14,569 [main] INFO  util.JmxRegister (JmxRegister.java:unregister(73)) - Successfully un-registered JMX Bean with object name Ratis:service=RaftServer,group=group-99BE392F4883,id=d479fc48-3b3e-4e94-9a71-350452190094
2019-09-24 22:12:14,570 [main] INFO  impl.RoleInfo (RoleInfo.java:shutdownLeaderState(104)) - d479fc48-3b3e-4e94-9a71-350452190094: shutdown LeaderState
2019-09-24 22:12:14,570 [main] INFO  impl.PendingRequests (PendingRequests.java:sendNotLeaderResponses(202)) - d479fc48-3b3e-4e94-9a71-350452190094-PendingRequests: sendNotLeaderResponses
2019-09-24 22:12:14,571 [main] INFO  impl.StateMachineUpdater (StateMachineUpdater.java:stopAndJoin(125)) - d479fc48-3b3e-4e94-9a71-350452190094@group-99BE392F4883-StateMachineUpdater: set stopIndex = 0
2019-09-24 22:12:14,571 [main] INFO  impl.RaftServerImpl (ServerState.java:close(385)) - d479fc48-3b3e-4e94-9a71-350452190094@group-99BE392F4883: closes. applyIndex: 0
2019-09-24 22:12:14,572 [d479fc48-3b3e-4e94-9a71-350452190094@group-99BE392F4883-SegmentedRaftLogWorker] INFO  segmented.SegmentedRaftLogWorker (SegmentedRaftLogWorker.java:run(313)) - d479fc48-3b3e-4e94-9a71-350452190094@group-99BE392F4883-SegmentedRaftLogWorker was interrupted, exiting. There are 0 tasks remaining in the queue.
2019-09-24 22:12:14,572 [main] INFO  segmented.SegmentedRaftLogWorker (SegmentedRaftLogWorker.java:close(228)) - d479fc48-3b3e-4e94-9a71-350452190094@group-99BE392F4883-SegmentedRaftLogWorker close()
2019-09-24 22:12:14,573 [main] INFO  server.GrpcService (GrpcService.java:closeImpl(164)) - d479fc48-3b3e-4e94-9a71-350452190094: shutdown server with port 41431 now
2019-09-24 22:12:14,578 [main] INFO  server.GrpcService (GrpcService.java:closeImpl(172)) - d479fc48-3b3e-4e94-9a71-350452190094: shutdown server with port 41431 successfully
2019-09-24 22:12:14,584 [refreshUsed-/workdir/hadoop-ozone/integration-test/target/test-dir/MiniOzoneClusterImpl-625ae465-5e4c-4ec2-831f-6349f2abf3b1/datanode-5/data/containers] WARN  fs.CachingGetSpaceUsed (CachingGetSpaceUsed.java:run(183)) - Thread Interrupted waiting to refresh disk information: sleep interrupted
2019-09-24 22:12:14,602 [main] INFO  utils.BackgroundService (BackgroundService.java:shutdown(148)) - Shutting down service BlockDeletingService
2019-09-24 22:12:14,604 [main] INFO  statemachine.DatanodeStateMachine (DatanodeStateMachine.java:stopDaemon(395)) - Ozone container server stopped.
2019-09-24 22:12:14,605 [main] INFO  handler.ContextHandler (ContextHandler.java:doStop(910)) - Stopped o.e.j.w.WebAppContext@100c8b75{/,null,UNAVAILABLE}{/hddsDatanode}
2019-09-24 22:12:14,606 [main] INFO  server.AbstractConnector (AbstractConnector.java:doStop(318)) - Stopped ServerConnector@2bc378f7{HTTP/1.1,[http/1.1]}{0.0.0.0:0}
2019-09-24 22:12:14,606 [main] INFO  handler.ContextHandler (ContextHandler.java:doStop(910)) - Stopped o.e.j.s.ServletContextHandler@58fef7f7{/static,jar:file:/home/user/.m2/repository/org/apache/hadoop/hadoop-hdds-container-service/0.5.0-SNAPSHOT/hadoop-hdds-container-service-0.5.0-SNAPSHOT.jar!/webapps/static,UNAVAILABLE}
2019-09-24 22:12:14,607 [main] INFO  handler.ContextHandler (ContextHandler.java:doStop(910)) - Stopped o.e.j.s.ServletContextHandler@21505815{/logs,file:///workdir/hadoop-ozone/integration-test/target/log,UNAVAILABLE}
2019-09-24 22:12:14,608 [main] INFO  ozone.MiniOzoneClusterImpl (MiniOzoneClusterImpl.java:stopSCM(392)) - Stopping the StorageContainerManager
2019-09-24 22:12:14,608 [main] INFO  server.StorageContainerManager (StorageContainerManager.java:stop(808)) - Stopping Replication Manager Service.
2019-09-24 22:12:14,608 [main] INFO  container.ReplicationManager (ReplicationManager.java:stop(203)) - Stopping Replication Monitor Thread.
2019-09-24 22:12:14,608 [main] INFO  server.StorageContainerManager (StorageContainerManager.java:stop(815)) - Stopping Lease Manager of the command watchers
2019-09-24 22:12:14,608 [main] INFO  server.StorageContainerManager (StorageContainerManager.java:stop(822)) - Stopping datanode service RPC server
2019-09-24 22:12:14,609 [main] INFO  server.SCMDatanodeProtocolServer (SCMDatanodeProtocolServer.java:stop(367)) - Stopping the RPC server for DataNodes
2019-09-24 22:12:14,609 [main] INFO  ipc.Server (Server.java:stop(3082)) - Stopping server on 36847
2019-09-24 22:12:14,611 [IPC Server listener on 36847] INFO  ipc.Server (Server.java:run(1185)) - Stopping IPC Server listener on 36847
2019-09-24 22:12:14,611 [IPC Server Responder] INFO  ipc.Server (Server.java:run(1319)) - Stopping IPC Server Responder
2019-09-24 22:12:14,709 [SCM Heartbeat Processing Thread - 0] WARN  node.NodeStateManager (NodeStateManager.java:scheduleNextHealthCheck(646)) - Current Thread is interrupted, shutting down HB processing thread for Node Manager.
2019-09-24 22:12:14,709 [main] INFO  server.StorageContainerManager (StorageContainerManager.java:stop(830)) - Stopping block service RPC server
2019-09-24 22:12:14,709 [main] INFO  server.SCMBlockProtocolServer (SCMBlockProtocolServer.java:stop(155)) - Stopping the RPC server for Block Protocol
2019-09-24 22:12:14,710 [main] INFO  ipc.Server (Server.java:stop(3082)) - Stopping server on 33066
2019-09-24 22:12:14,711 [IPC Server listener on 33066] INFO  ipc.Server (Server.java:run(1185)) - Stopping IPC Server listener on 33066
2019-09-24 22:12:14,711 [main] INFO  server.StorageContainerManager (StorageContainerManager.java:stop(837)) - Stopping the StorageContainerLocationProtocol RPC server
2019-09-24 22:12:14,711 [IPC Server Responder] INFO  ipc.Server (Server.java:run(1319)) - Stopping IPC Server Responder
2019-09-24 22:12:14,712 [main] INFO  server.SCMClientProtocolServer (SCMClientProtocolServer.java:stop(159)) - Stopping the RPC server for Client Protocol
2019-09-24 22:12:14,712 [main] INFO  ipc.Server (Server.java:stop(3082)) - Stopping server on 46117
2019-09-24 22:12:14,714 [main] INFO  server.StorageContainerManager (StorageContainerManager.java:stop(844)) - Stopping Storage Container Manager HTTP server.
2019-09-24 22:12:14,714 [IPC Server listener on 46117] INFO  ipc.Server (Server.java:run(1185)) - Stopping IPC Server listener on 46117
2019-09-24 22:12:14,714 [IPC Server Responder] INFO  ipc.Server (Server.java:run(1319)) - Stopping IPC Server Responder
2019-09-24 22:12:14,714 [main] INFO  handler.ContextHandler (ContextHandler.java:doStop(910)) - Stopped o.e.j.w.WebAppContext@3591009c{/,null,UNAVAILABLE}{/scm}
2019-09-24 22:12:14,715 [main] INFO  server.AbstractConnector (AbstractConnector.java:doStop(318)) - Stopped ServerConnector@2de366bb{HTTP/1.1,[http/1.1]}{0.0.0.0:0}
2019-09-24 22:12:14,715 [main] INFO  handler.ContextHandler (ContextHandler.java:doStop(910)) - Stopped o.e.j.s.ServletContextHandler@64ba3208{/static,file:///workdir/hadoop-ozone/integration-test/target/test-classes/webapps/static,UNAVAILABLE}
2019-09-24 22:12:14,716 [main] INFO  handler.ContextHandler (ContextHandler.java:doStop(910)) - Stopped o.e.j.s.ServletContextHandler@299321e2{/logs,file:///workdir/hadoop-ozone/integration-test/target/log,UNAVAILABLE}
2019-09-24 22:12:14,716 [main] INFO  server.StorageContainerManager (StorageContainerManager.java:stop(855)) - Stopping Block Manager Service.
2019-09-24 22:12:14,716 [main] INFO  utils.BackgroundService (BackgroundService.java:shutdown(148)) - Shutting down service SCMBlockDeletingService
2019-09-24 22:12:14,717 [main] INFO  utils.BackgroundService (BackgroundService.java:shutdown(148)) - Shutting down service SCMBlockDeletingService
2019-09-24 22:12:14,717 [main] INFO  server.StorageContainerManager (StorageContainerManager.java:stop(877)) - Stopping SCM Event Queue.
2019-09-24 22:12:14,722 [main] INFO  impl.MetricsSystemImpl (MetricsSystemImpl.java:stop(210)) - Stopping ratis metrics system...
2019-09-24 22:12:14,730 [prometheus] INFO  impl.MetricsSinkAdapter (MetricsSinkAdapter.java:publishMetricsFromQueue(141)) - prometheus thread interrupted.
2019-09-24 22:12:14,730 [main] INFO  impl.MetricsSystemImpl (MetricsSystemImpl.java:stop(216)) - ratis metrics system stopped.
]]></system-out>
    <system-err><![CDATA[ERROR StatusLogger No Log4j 2 configuration file found. Using default configuration (logging only errors to the console), or user programmatically provided configurations. Set system property 'log4j2.debug' to show Log4j 2 internal initialization logging. See https://logging.apache.org/log4j/2.x/manual/configuration.html for instructions on how to configure Log4j 2
Sep 24, 2019 10:11:59 PM org.apache.ratis.thirdparty.io.grpc.internal.SerializingExecutor run
SEVERE: Exception while executing runnable org.apache.ratis.thirdparty.io.grpc.internal.ServerImpl$JumpToApplicationThreadServerStreamListener$1Closed@5011c7a8
org.apache.ratis.thirdparty.io.grpc.StatusRuntimeException: CANCELLED: call already cancelled
	at org.apache.ratis.thirdparty.io.grpc.Status.asRuntimeException(Status.java:517)
	at org.apache.ratis.thirdparty.io.grpc.stub.ServerCalls$ServerCallStreamObserverImpl.onCompleted(ServerCalls.java:356)
	at org.apache.ratis.grpc.server.GrpcServerProtocolService$ServerRequestStreamObserver.onError(GrpcServerProtocolService.java:121)
	at org.apache.ratis.thirdparty.io.grpc.stub.ServerCalls$StreamingServerCallHandler$StreamingServerCallListener.onCancel(ServerCalls.java:269)
	at org.apache.ratis.thirdparty.io.grpc.internal.ServerCallImpl$ServerStreamListenerImpl.closed(ServerCallImpl.java:293)
	at org.apache.ratis.thirdparty.io.grpc.internal.ServerImpl$JumpToApplicationThreadServerStreamListener$1Closed.runInContext(ServerImpl.java:741)
	at org.apache.ratis.thirdparty.io.grpc.internal.ContextRunnable.run(ContextRunnable.java:37)
	at org.apache.ratis.thirdparty.io.grpc.internal.SerializingExecutor.run(SerializingExecutor.java:123)
	at java.util.concurrent.ThreadPoolExecutor.runWorker(ThreadPoolExecutor.java:1149)
	at java.util.concurrent.ThreadPoolExecutor$Worker.run(ThreadPoolExecutor.java:624)
	at java.lang.Thread.run(Thread.java:748)

Sep 24, 2019 10:12:09 PM org.apache.ratis.thirdparty.io.grpc.internal.SerializingExecutor run
SEVERE: Exception while executing runnable org.apache.ratis.thirdparty.io.grpc.internal.ServerImpl$JumpToApplicationThreadServerStreamListener$1Closed@cbe1ea2
org.apache.ratis.thirdparty.io.grpc.StatusRuntimeException: CANCELLED: call already cancelled
	at org.apache.ratis.thirdparty.io.grpc.Status.asRuntimeException(Status.java:517)
	at org.apache.ratis.thirdparty.io.grpc.stub.ServerCalls$ServerCallStreamObserverImpl.onCompleted(ServerCalls.java:356)
	at org.apache.ratis.grpc.server.GrpcServerProtocolService$ServerRequestStreamObserver.onError(GrpcServerProtocolService.java:121)
	at org.apache.ratis.thirdparty.io.grpc.stub.ServerCalls$StreamingServerCallHandler$StreamingServerCallListener.onCancel(ServerCalls.java:269)
	at org.apache.ratis.thirdparty.io.grpc.internal.ServerCallImpl$ServerStreamListenerImpl.closed(ServerCallImpl.java:293)
	at org.apache.ratis.thirdparty.io.grpc.internal.ServerImpl$JumpToApplicationThreadServerStreamListener$1Closed.runInContext(ServerImpl.java:741)
	at org.apache.ratis.thirdparty.io.grpc.internal.ContextRunnable.run(ContextRunnable.java:37)
	at org.apache.ratis.thirdparty.io.grpc.internal.SerializingExecutor.run(SerializingExecutor.java:123)
	at java.util.concurrent.ThreadPoolExecutor.runWorker(ThreadPoolExecutor.java:1149)
	at java.util.concurrent.ThreadPoolExecutor$Worker.run(ThreadPoolExecutor.java:624)
	at java.lang.Thread.run(Thread.java:748)

]]></system-err>
  </testcase>
</testsuite>