<?xml version="1.0" encoding="UTF-8"?>
<testsuite xmlns:xsi="http://www.w3.org/2001/XMLSchema-instance" xsi:noNamespaceSchemaLocation="https://maven.apache.org/surefire/maven-surefire-plugin/xsd/surefire-test-report.xsd" name="org.apache.hadoop.ozone.client.rpc.TestSecureOzoneRpcClient" time="168.617" tests="1" errors="1" skipped="0" failures="0">
  <properties>
    <property name="awt.toolkit" value="sun.awt.X11.XToolkit"/>
    <property name="file.encoding.pkg" value="sun.io"/>
    <property name="java.specification.version" value="1.8"/>
    <property name="sun.cpu.isalist" value=""/>
    <property name="sun.jnu.encoding" value="UTF-8"/>
    <property name="java.class.path" value="/workdir/hadoop-ozone/integration-test/target/test-classes:/workdir/hadoop-ozone/integration-test/target/classes:/home/user/.m2/repository/org/apache/hadoop/hadoop-ozone-common/0.5.0-SNAPSHOT/hadoop-ozone-common-0.5.0-SNAPSHOT.jar:/home/user/.m2/repository/org/apache/commons/commons-compress/1.4.1/commons-compress-1.4.1.jar:/home/user/.m2/repository/org/tukaani/xz/1.0/xz-1.0.jar:/home/user/.m2/repository/org/apache/hadoop/hadoop-common/3.2.0/hadoop-common-3.2.0.jar:/home/user/.m2/repository/org/apache/hadoop/hadoop-hdfs/3.2.0/hadoop-hdfs-3.2.0.jar:/home/user/.m2/repository/org/apache/hadoop/hadoop-hdfs-client/3.2.0/hadoop-hdfs-client-3.2.0.jar:/home/user/.m2/repository/com/fasterxml/jackson/core/jackson-annotations/2.9.9/jackson-annotations-2.9.9.jar:/home/user/.m2/repository/org/apache/hadoop/hadoop-hdds-common/0.5.0-SNAPSHOT/hadoop-hdds-common-0.5.0-SNAPSHOT.jar:/home/user/.m2/repository/javax/annotation/javax.annotation-api/1.2/javax.annotation-api-1.2.jar:/home/user/.m2/repository/org/apache/ratis/ratis-server/0.4.0/ratis-server-0.4.0.jar:/home/user/.m2/repository/org/apache/ratis/ratis-thirdparty-misc/0.2.0/ratis-thirdparty-misc-0.2.0.jar:/home/user/.m2/repository/org/apache/ratis/ratis-proto/0.4.0/ratis-proto-0.4.0.jar:/home/user/.m2/repository/org/apache/ratis/ratis-common/0.4.0/ratis-common-0.4.0.jar:/home/user/.m2/repository/org/apache/ratis/ratis-client/0.4.0/ratis-client-0.4.0.jar:/home/user/.m2/repository/org/apache/ratis/ratis-metrics/0.4.0/ratis-metrics-0.4.0.jar:/home/user/.m2/repository/com/github/joshelser/dropwizard-metrics-hadoop-metrics2-reporter/0.1.2/dropwizard-metrics-hadoop-metrics2-reporter-0.1.2.jar:/home/user/.m2/repository/io/dropwizard/metrics/metrics-jvm/3.2.5/metrics-jvm-3.2.5.jar:/home/user/.m2/repository/io/dropwizard/metrics/metrics-ganglia/3.2.5/metrics-ganglia-3.2.5.jar:/home/user/.m2/repository/info/ganglia/gmetric4j/gmetric4j/1.0.7/gmetric4j-1.0.7.jar:/home/user/.m2/repository/org/apache/ratis/ratis-netty/0.4.0/ratis-netty-0.4.0.jar:/home/user/.m2/repository/org/apache/ratis/ratis-grpc/0.4.0/ratis-grpc-0.4.0.jar:/home/user/.m2/repository/org/rocksdb/rocksdbjni/6.0.1/rocksdbjni-6.0.1.jar:/home/user/.m2/repository/org/apache/logging/log4j/log4j-api/2.11.0/log4j-api-2.11.0.jar:/home/user/.m2/repository/org/apache/logging/log4j/log4j-core/2.11.0/log4j-core-2.11.0.jar:/home/user/.m2/repository/com/lmax/disruptor/3.4.2/disruptor-3.4.2.jar:/home/user/.m2/repository/org/apache/commons/commons-pool2/2.6.0/commons-pool2-2.6.0.jar:/home/user/.m2/repository/org/bouncycastle/bcpkix-jdk15on/1.60/bcpkix-jdk15on-1.60.jar:/home/user/.m2/repository/commons-validator/commons-validator/1.6/commons-validator-1.6.jar:/home/user/.m2/repository/commons-digester/commons-digester/1.8.1/commons-digester-1.8.1.jar:/home/user/.m2/repository/io/jaegertracing/jaeger-client/0.34.0/jaeger-client-0.34.0.jar:/home/user/.m2/repository/io/jaegertracing/jaeger-thrift/0.34.0/jaeger-thrift-0.34.0.jar:/home/user/.m2/repository/org/apache/thrift/libthrift/0.12.0/libthrift-0.12.0.jar:/home/user/.m2/repository/com/squareup/okhttp3/okhttp/3.9.0/okhttp-3.9.0.jar:/home/user/.m2/repository/com/squareup/okio/okio/1.13.0/okio-1.13.0.jar:/home/user/.m2/repository/io/jaegertracing/jaeger-core/0.34.0/jaeger-core-0.34.0.jar:/home/user/.m2/repository/io/jaegertracing/jaeger-tracerresolver/0.34.0/jaeger-tracerresolver-0.34.0.jar:/home/user/.m2/repository/io/opentracing/contrib/opentracing-tracerresolver/0.1.5/opentracing-tracerresolver-0.1.5.jar:/home/user/.m2/repository/io/opentracing/opentracing-util/0.31.0/opentracing-util-0.31.0.jar:/home/user/.m2/repository/io/opentracing/opentracing-api/0.31.0/opentracing-api-0.31.0.jar:/home/user/.m2/repository/io/opentracing/opentracing-noop/0.31.0/opentracing-noop-0.31.0.jar:/home/user/.m2/repository/org/apache/hadoop/hadoop-hdds-server-framework/0.5.0-SNAPSHOT/hadoop-hdds-server-framework-0.5.0-SNAPSHOT.jar:/home/user/.m2/repository/org/apache/hadoop/hadoop-hdds-container-service/0.5.0-SNAPSHOT/hadoop-hdds-container-service-0.5.0-SNAPSHOT.jar:/home/user/.m2/repository/org/apache/hadoop/hadoop-hdds-client/0.5.0-SNAPSHOT/hadoop-hdds-client-0.5.0-SNAPSHOT.jar:/home/user/.m2/repository/org/apache/hadoop/hadoop-hdds-tools/0.5.0-SNAPSHOT/hadoop-hdds-tools-0.5.0-SNAPSHOT.jar:/home/user/.m2/repository/org/apache/hadoop/hadoop-hdds-server-scm/0.5.0-SNAPSHOT/hadoop-hdds-server-scm-0.5.0-SNAPSHOT.jar:/home/user/.m2/repository/org/apache/hadoop/hadoop-hdds-docs/0.5.0-SNAPSHOT/hadoop-hdds-docs-0.5.0-SNAPSHOT.jar:/home/user/.m2/repository/io/dropwizard/metrics/metrics-core/3.2.4/metrics-core-3.2.4.jar:/home/user/.m2/repository/org/hamcrest/hamcrest-all/1.3/hamcrest-all-1.3.jar:/home/user/.m2/repository/org/bouncycastle/bcprov-jdk15on/1.60/bcprov-jdk15on-1.60.jar:/home/user/.m2/repository/info/picocli/picocli/3.9.6/picocli-3.9.6.jar:/home/user/.m2/repository/com/google/protobuf/protobuf-java/2.5.0/protobuf-java-2.5.0.jar:/home/user/.m2/repository/com/google/guava/guava/11.0.2/guava-11.0.2.jar:/home/user/.m2/repository/org/apache/hadoop/hadoop-ozone-ozone-manager/0.5.0-SNAPSHOT/hadoop-ozone-ozone-manager-0.5.0-SNAPSHOT.jar:/home/user/.m2/repository/org/apache/hadoop/hadoop-minikdc/3.2.0/hadoop-minikdc-3.2.0.jar:/home/user/.m2/repository/commons-io/commons-io/2.5/commons-io-2.5.jar:/home/user/.m2/repository/org/apache/kerby/kerb-simplekdc/1.0.1/kerb-simplekdc-1.0.1.jar:/home/user/.m2/repository/org/apache/kerby/kerb-client/1.0.1/kerb-client-1.0.1.jar:/home/user/.m2/repository/org/apache/kerby/kerby-config/1.0.1/kerby-config-1.0.1.jar:/home/user/.m2/repository/org/apache/kerby/kerb-core/1.0.1/kerb-core-1.0.1.jar:/home/user/.m2/repository/org/apache/kerby/kerby-pkix/1.0.1/kerby-pkix-1.0.1.jar:/home/user/.m2/repository/org/apache/kerby/kerby-asn1/1.0.1/kerby-asn1-1.0.1.jar:/home/user/.m2/repository/org/apache/kerby/kerby-util/1.0.1/kerby-util-1.0.1.jar:/home/user/.m2/repository/org/apache/kerby/kerb-common/1.0.1/kerb-common-1.0.1.jar:/home/user/.m2/repository/org/apache/kerby/kerb-crypto/1.0.1/kerb-crypto-1.0.1.jar:/home/user/.m2/repository/org/apache/kerby/kerb-util/1.0.1/kerb-util-1.0.1.jar:/home/user/.m2/repository/org/apache/kerby/token-provider/1.0.1/token-provider-1.0.1.jar:/home/user/.m2/repository/org/apache/kerby/kerb-admin/1.0.1/kerb-admin-1.0.1.jar:/home/user/.m2/repository/org/apache/kerby/kerb-server/1.0.1/kerb-server-1.0.1.jar:/home/user/.m2/repository/org/apache/kerby/kerb-identity/1.0.1/kerb-identity-1.0.1.jar:/home/user/.m2/repository/org/apache/kerby/kerby-xdr/1.0.1/kerby-xdr-1.0.1.jar:/home/user/.m2/repository/org/slf4j/slf4j-log4j12/1.7.25/slf4j-log4j12-1.7.25.jar:/home/user/.m2/repository/org/apache/hadoop/hadoop-ozone-s3gateway/0.5.0-SNAPSHOT/hadoop-ozone-s3gateway-0.5.0-SNAPSHOT.jar:/home/user/.m2/repository/org/jboss/weld/servlet/weld-servlet/2.4.7.Final/weld-servlet-2.4.7.Final.jar:/home/user/.m2/repository/org/glassfish/jersey/containers/jersey-container-servlet-core/2.27/jersey-container-servlet-core-2.27.jar:/home/user/.m2/repository/org/glassfish/hk2/external/javax.inject/2.5.0-b42/javax.inject-2.5.0-b42.jar:/home/user/.m2/repository/org/glassfish/jersey/core/jersey-common/2.27/jersey-common-2.27.jar:/home/user/.m2/repository/org/glassfish/hk2/osgi-resource-locator/1.0.1/osgi-resource-locator-1.0.1.jar:/home/user/.m2/repository/javax/ws/rs/javax.ws.rs-api/2.1/javax.ws.rs-api-2.1.jar:/home/user/.m2/repository/org/glassfish/jersey/ext/cdi/jersey-cdi1x/2.27/jersey-cdi1x-2.27.jar:/home/user/.m2/repository/org/glassfish/jersey/inject/jersey-hk2/2.27/jersey-hk2-2.27.jar:/home/user/.m2/repository/org/glassfish/hk2/hk2-locator/2.5.0-b42/hk2-locator-2.5.0-b42.jar:/home/user/.m2/repository/org/javassist/javassist/3.22.0-CR2/javassist-3.22.0-CR2.jar:/home/user/.m2/repository/org/glassfish/hk2/hk2-api/2.5.0/hk2-api-2.5.0.jar:/home/user/.m2/repository/org/glassfish/hk2/external/jakarta.inject/2.5.0/jakarta.inject-2.5.0.jar:/home/user/.m2/repository/org/glassfish/hk2/hk2-utils/2.5.0/hk2-utils-2.5.0.jar:/home/user/.m2/repository/jakarta/annotation/jakarta.annotation-api/1.3.4/jakarta.annotation-api-1.3.4.jar:/home/user/.m2/repository/org/glassfish/hk2/external/aopalliance-repackaged/2.5.0/aopalliance-repackaged-2.5.0.jar:/home/user/.m2/repository/com/fasterxml/jackson/dataformat/jackson-dataformat-xml/2.9.0/jackson-dataformat-xml-2.9.0.jar:/home/user/.m2/repository/com/fasterxml/jackson/core/jackson-core/2.9.9/jackson-core-2.9.9.jar:/home/user/.m2/repository/com/fasterxml/jackson/module/jackson-module-jaxb-annotations/2.9.9/jackson-module-jaxb-annotations-2.9.9.jar:/home/user/.m2/repository/javax/enterprise/cdi-api/1.2/cdi-api-1.2.jar:/home/user/.m2/repository/javax/el/javax.el-api/3.0.0/javax.el-api-3.0.0.jar:/home/user/.m2/repository/javax/interceptor/javax.interceptor-api/1.2/javax.interceptor-api-1.2.jar:/home/user/.m2/repository/javax/inject/javax.inject/1/javax.inject-1.jar:/home/user/.m2/repository/com/sun/xml/bind/jaxb-impl/2.3.0.1/jaxb-impl-2.3.0.1.jar:/home/user/.m2/repository/com/sun/xml/bind/jaxb-core/2.3.0.1/jaxb-core-2.3.0.1.jar:/home/user/.m2/repository/javax/xml/bind/jaxb-api/2.3.0/jaxb-api-2.3.0.jar:/home/user/.m2/repository/javax/activation/activation/1.1.1/activation-1.1.1.jar:/home/user/.m2/repository/org/apache/hadoop/hadoop-ozone-csi/0.5.0-SNAPSHOT/hadoop-ozone-csi-0.5.0-SNAPSHOT.jar:/home/user/.m2/repository/com/google/protobuf/protobuf-java-util/3.5.1/protobuf-java-util-3.5.1.jar:/home/user/.m2/repository/org/apache/hadoop/hadoop-hdds-config/0.5.0-SNAPSHOT/hadoop-hdds-config-0.5.0-SNAPSHOT.jar:/home/user/.m2/repository/io/grpc/grpc-netty/1.17.1/grpc-netty-1.17.1.jar:/home/user/.m2/repository/io/grpc/grpc-core/1.17.1/grpc-core-1.17.1.jar:/home/user/.m2/repository/io/grpc/grpc-context/1.17.1/grpc-context-1.17.1.jar:/home/user/.m2/repository/com/google/errorprone/error_prone_annotations/2.2.0/error_prone_annotations-2.2.0.jar:/home/user/.m2/repository/org/codehaus/mojo/animal-sniffer-annotations/1.17/animal-sniffer-annotations-1.17.jar:/home/user/.m2/repository/io/opencensus/opencensus-api/0.17.0/opencensus-api-0.17.0.jar:/home/user/.m2/repository/io/opencensus/opencensus-contrib-grpc-metrics/0.17.0/opencensus-contrib-grpc-metrics-0.17.0.jar:/home/user/.m2/repository/io/netty/netty-codec-http2/4.1.30.Final/netty-codec-http2-4.1.30.Final.jar:/home/user/.m2/repository/io/netty/netty-codec-http/4.1.30.Final/netty-codec-http-4.1.30.Final.jar:/home/user/.m2/repository/io/netty/netty-codec/4.1.30.Final/netty-codec-4.1.30.Final.jar:/home/user/.m2/repository/io/netty/netty-handler/4.1.30.Final/netty-handler-4.1.30.Final.jar:/home/user/.m2/repository/io/netty/netty-handler-proxy/4.1.30.Final/netty-handler-proxy-4.1.30.Final.jar:/home/user/.m2/repository/io/netty/netty-codec-socks/4.1.30.Final/netty-codec-socks-4.1.30.Final.jar:/home/user/.m2/repository/io/netty/netty-transport-native-epoll/4.1.30.Final/netty-transport-native-epoll-4.1.30.Final.jar:/home/user/.m2/repository/io/netty/netty-common/4.1.30.Final/netty-common-4.1.30.Final.jar:/home/user/.m2/repository/io/netty/netty-buffer/4.1.30.Final/netty-buffer-4.1.30.Final.jar:/home/user/.m2/repository/io/netty/netty-transport/4.1.30.Final/netty-transport-4.1.30.Final.jar:/home/user/.m2/repository/io/netty/netty-resolver/4.1.30.Final/netty-resolver-4.1.30.Final.jar:/home/user/.m2/repository/io/netty/netty-transport-native-unix-common/4.1.30.Final/netty-transport-native-unix-common-4.1.30.Final.jar:/home/user/.m2/repository/io/grpc/grpc-protobuf/1.17.1/grpc-protobuf-1.17.1.jar:/home/user/.m2/repository/com/google/api/grpc/proto-google-common-protos/1.0.0/proto-google-common-protos-1.0.0.jar:/home/user/.m2/repository/io/grpc/grpc-protobuf-lite/1.17.1/grpc-protobuf-lite-1.17.1.jar:/home/user/.m2/repository/io/grpc/grpc-stub/1.17.1/grpc-stub-1.17.1.jar:/home/user/.m2/repository/org/apache/hadoop/hadoop-ozone-recon/0.5.0-SNAPSHOT/hadoop-ozone-recon-0.5.0-SNAPSHOT.jar:/home/user/.m2/repository/org/apache/hadoop/hadoop-ozone-reconcodegen/0.5.0-SNAPSHOT/hadoop-ozone-reconcodegen-0.5.0-SNAPSHOT.jar:/home/user/.m2/repository/com/google/inject/extensions/guice-multibindings/4.0/guice-multibindings-4.0.jar:/home/user/.m2/repository/com/google/inject/guice/4.0/guice-4.0.jar:/home/user/.m2/repository/aopalliance/aopalliance/1.0/aopalliance-1.0.jar:/home/user/.m2/repository/com/google/inject/extensions/guice-servlet/4.0/guice-servlet-4.0.jar:/home/user/.m2/repository/org/glassfish/jersey/containers/jersey-container-servlet/2.27/jersey-container-servlet-2.27.jar:/home/user/.m2/repository/org/glassfish/hk2/guice-bridge/2.5.0/guice-bridge-2.5.0.jar:/home/user/.m2/repository/org/glassfish/jersey/core/jersey-server/2.27/jersey-server-2.27.jar:/home/user/.m2/repository/org/glassfish/jersey/core/jersey-client/2.27/jersey-client-2.27.jar:/home/user/.m2/repository/org/glassfish/jersey/media/jersey-media-jaxb/2.27/jersey-media-jaxb-2.27.jar:/home/user/.m2/repository/javax/validation/validation-api/1.1.0.Final/validation-api-1.1.0.Final.jar:/home/user/.m2/repository/org/glassfish/jersey/media/jersey-media-json-jackson/2.27/jersey-media-json-jackson-2.27.jar:/home/user/.m2/repository/org/glassfish/jersey/ext/jersey-entity-filtering/2.27/jersey-entity-filtering-2.27.jar:/home/user/.m2/repository/com/google/inject/extensions/guice-assistedinject/4.0/guice-assistedinject-4.0.jar:/home/user/.m2/repository/org/jooq/jooq/3.11.10/jooq-3.11.10.jar:/home/user/.m2/repository/org/jooq/jooq-meta/3.11.10/jooq-meta-3.11.10.jar:/home/user/.m2/repository/org/jooq/jooq-codegen/3.11.10/jooq-codegen-3.11.10.jar:/home/user/.m2/repository/com/jolbox/bonecp/0.8.0.RELEASE/bonecp-0.8.0.RELEASE.jar:/home/user/.m2/repository/org/xerial/sqlite-jdbc/3.25.2/sqlite-jdbc-3.25.2.jar:/home/user/.m2/repository/org/springframework/spring-jdbc/5.1.3.RELEASE/spring-jdbc-5.1.3.RELEASE.jar:/home/user/.m2/repository/org/springframework/spring-beans/5.1.3.RELEASE/spring-beans-5.1.3.RELEASE.jar:/home/user/.m2/repository/org/springframework/spring-core/5.1.3.RELEASE/spring-core-5.1.3.RELEASE.jar:/home/user/.m2/repository/org/springframework/spring-jcl/5.1.3.RELEASE/spring-jcl-5.1.3.RELEASE.jar:/home/user/.m2/repository/org/springframework/spring-tx/5.1.3.RELEASE/spring-tx-5.1.3.RELEASE.jar:/home/user/.m2/repository/org/apache/hadoop/hadoop-ozone-client/0.5.0-SNAPSHOT/hadoop-ozone-client-0.5.0-SNAPSHOT.jar:/home/user/.m2/repository/commons-lang/commons-lang/2.6/commons-lang-2.6.jar:/home/user/.m2/repository/org/apache/hadoop/hadoop-ozone-ozone-manager/0.5.0-SNAPSHOT/hadoop-ozone-ozone-manager-0.5.0-SNAPSHOT-tests.jar:/home/user/.m2/repository/junit/junit/4.11/junit-4.11.jar:/home/user/.m2/repository/org/hamcrest/hamcrest-core/1.3/hamcrest-core-1.3.jar:/home/user/.m2/repository/org/openjdk/jmh/jmh-core/1.19/jmh-core-1.19.jar:/home/user/.m2/repository/net/sf/jopt-simple/jopt-simple/4.6/jopt-simple-4.6.jar:/home/user/.m2/repository/org/apache/commons/commons-math3/3.1.1/commons-math3-3.1.1.jar:/home/user/.m2/repository/org/openjdk/jmh/jmh-generator-annprocess/1.19/jmh-generator-annprocess-1.19.jar:/home/user/.m2/repository/org/mockito/mockito-all/1.8.5/mockito-all-1.8.5.jar:/home/user/.m2/repository/org/apache/hadoop/hadoop-kms/3.2.0/hadoop-kms-3.2.0.jar:/home/user/.m2/repository/org/apache/hadoop/hadoop-auth/3.2.0/hadoop-auth-3.2.0.jar:/home/user/.m2/repository/com/nimbusds/nimbus-jose-jwt/4.41.1/nimbus-jose-jwt-4.41.1.jar:/home/user/.m2/repository/com/github/stephenc/jcip/jcip-annotations/1.0-1/jcip-annotations-1.0-1.jar:/home/user/.m2/repository/net/minidev/json-smart/2.3/json-smart-2.3.jar:/home/user/.m2/repository/net/minidev/accessors-smart/1.2/accessors-smart-1.2.jar:/home/user/.m2/repository/org/ow2/asm/asm/5.0.4/asm-5.0.4.jar:/home/user/.m2/repository/org/apache/curator/curator-framework/2.12.0/curator-framework-2.12.0.jar:/home/user/.m2/repository/com/sun/jersey/jersey-core/1.19/jersey-core-1.19.jar:/home/user/.m2/repository/javax/ws/rs/jsr311-api/1.1.1/jsr311-api-1.1.1.jar:/home/user/.m2/repository/com/sun/jersey/jersey-server/1.19/jersey-server-1.19.jar:/home/user/.m2/repository/javax/servlet/javax.servlet-api/3.1.0/javax.servlet-api-3.1.0.jar:/home/user/.m2/repository/org/eclipse/jetty/jetty-server/9.3.25.v20180904/jetty-server-9.3.25.v20180904.jar:/home/user/.m2/repository/org/eclipse/jetty/jetty-http/9.3.25.v20180904/jetty-http-9.3.25.v20180904.jar:/home/user/.m2/repository/org/eclipse/jetty/jetty-io/9.3.25.v20180904/jetty-io-9.3.25.v20180904.jar:/home/user/.m2/repository/org/eclipse/jetty/jetty-webapp/9.3.25.v20180904/jetty-webapp-9.3.25.v20180904.jar:/home/user/.m2/repository/org/eclipse/jetty/jetty-xml/9.3.25.v20180904/jetty-xml-9.3.25.v20180904.jar:/home/user/.m2/repository/log4j/log4j/1.2.17/log4j-1.2.17.jar:/home/user/.m2/repository/org/slf4j/slf4j-api/1.7.25/slf4j-api-1.7.25.jar:/home/user/.m2/repository/org/slf4j/jul-to-slf4j/1.7.25/jul-to-slf4j-1.7.25.jar:/home/user/.m2/repository/org/eclipse/jetty/jetty-util/9.3.25.v20180904/jetty-util-9.3.25.v20180904.jar:/home/user/.m2/repository/com/fasterxml/jackson/core/jackson-databind/2.9.9/jackson-databind-2.9.9.jar:/home/user/.m2/repository/org/apache/hadoop/hadoop-kms/3.2.0/hadoop-kms-3.2.0-tests.jar:/home/user/.m2/repository/org/apache/hadoop/hadoop-hdds-server-scm/0.5.0-SNAPSHOT/hadoop-hdds-server-scm-0.5.0-SNAPSHOT-tests.jar:/home/user/.m2/repository/org/apache/hadoop/hadoop-hdds-container-service/0.5.0-SNAPSHOT/hadoop-hdds-container-service-0.5.0-SNAPSHOT-tests.jar:/home/user/.m2/repository/org/yaml/snakeyaml/1.16/snakeyaml-1.16.jar:/home/user/.m2/repository/org/apache/hadoop/hadoop-common/3.2.0/hadoop-common-3.2.0-tests.jar:/home/user/.m2/repository/org/apache/hadoop/hadoop-annotations/3.2.0/hadoop-annotations-3.2.0.jar:/usr/lib/jvm/java-1.8-openjdk/jre/../lib/tools.jar:/home/user/.m2/repository/commons-cli/commons-cli/1.2/commons-cli-1.2.jar:/home/user/.m2/repository/org/apache/httpcomponents/httpclient/4.5.2/httpclient-4.5.2.jar:/home/user/.m2/repository/org/apache/httpcomponents/httpcore/4.4.4/httpcore-4.4.4.jar:/home/user/.m2/repository/commons-codec/commons-codec/1.11/commons-codec-1.11.jar:/home/user/.m2/repository/commons-net/commons-net/3.6/commons-net-3.6.jar:/home/user/.m2/repository/commons-collections/commons-collections/3.2.2/commons-collections-3.2.2.jar:/home/user/.m2/repository/org/eclipse/jetty/jetty-servlet/9.3.25.v20180904/jetty-servlet-9.3.25.v20180904.jar:/home/user/.m2/repository/org/eclipse/jetty/jetty-security/9.3.25.v20180904/jetty-security-9.3.25.v20180904.jar:/home/user/.m2/repository/javax/servlet/jsp/jsp-api/2.1/jsp-api-2.1.jar:/home/user/.m2/repository/com/sun/jersey/jersey-servlet/1.19/jersey-servlet-1.19.jar:/home/user/.m2/repository/com/sun/jersey/jersey-json/1.19/jersey-json-1.19.jar:/home/user/.m2/repository/org/codehaus/jettison/jettison/1.1/jettison-1.1.jar:/home/user/.m2/repository/org/codehaus/jackson/jackson-core-asl/1.9.13/jackson-core-asl-1.9.13.jar:/home/user/.m2/repository/org/codehaus/jackson/jackson-mapper-asl/1.9.13/jackson-mapper-asl-1.9.13.jar:/home/user/.m2/repository/org/codehaus/jackson/jackson-jaxrs/1.9.13/jackson-jaxrs-1.9.13.jar:/home/user/.m2/repository/org/codehaus/jackson/jackson-xc/1.9.13/jackson-xc-1.9.13.jar:/home/user/.m2/repository/commons-logging/commons-logging/1.1.3/commons-logging-1.1.3.jar:/home/user/.m2/repository/commons-beanutils/commons-beanutils/1.9.4/commons-beanutils-1.9.4.jar:/home/user/.m2/repository/org/apache/commons/commons-configuration2/2.1.1/commons-configuration2-2.1.1.jar:/home/user/.m2/repository/org/apache/commons/commons-lang3/3.7/commons-lang3-3.7.jar:/home/user/.m2/repository/org/apache/commons/commons-text/1.4/commons-text-1.4.jar:/home/user/.m2/repository/org/apache/avro/avro/1.7.7/avro-1.7.7.jar:/home/user/.m2/repository/com/thoughtworks/paranamer/paranamer/2.3/paranamer-2.3.jar:/home/user/.m2/repository/org/xerial/snappy/snappy-java/1.0.5/snappy-java-1.0.5.jar:/home/user/.m2/repository/com/google/re2j/re2j/1.1/re2j-1.1.jar:/home/user/.m2/repository/com/google/code/gson/gson/2.2.4/gson-2.2.4.jar:/home/user/.m2/repository/com/jcraft/jsch/0.1.54/jsch-0.1.54.jar:/home/user/.m2/repository/org/apache/curator/curator-client/2.12.0/curator-client-2.12.0.jar:/home/user/.m2/repository/org/apache/curator/curator-recipes/2.12.0/curator-recipes-2.12.0.jar:/home/user/.m2/repository/com/google/code/findbugs/jsr305/3.0.0/jsr305-3.0.0.jar:/home/user/.m2/repository/org/apache/htrace/htrace-core4/4.1.0-incubating/htrace-core4-4.1.0-incubating.jar:/home/user/.m2/repository/org/apache/zookeeper/zookeeper/3.4.13/zookeeper-3.4.13.jar:/home/user/.m2/repository/jline/jline/0.9.94/jline-0.9.94.jar:/home/user/.m2/repository/org/apache/yetus/audience-annotations/0.5.0/audience-annotations-0.5.0.jar:/home/user/.m2/repository/org/codehaus/woodstox/stax2-api/3.1.4/stax2-api-3.1.4.jar:/home/user/.m2/repository/com/fasterxml/woodstox/woodstox-core/5.0.3/woodstox-core-5.0.3.jar:/home/user/.m2/repository/dnsjava/dnsjava/2.1.7/dnsjava-2.1.7.jar:/home/user/.m2/repository/org/apache/hadoop/hadoop-hdfs/3.2.0/hadoop-hdfs-3.2.0-tests.jar:/home/user/.m2/repository/org/eclipse/jetty/jetty-util-ajax/9.3.25.v20180904/jetty-util-ajax-9.3.25.v20180904.jar:/home/user/.m2/repository/commons-daemon/commons-daemon/1.0.13/commons-daemon-1.0.13.jar:/home/user/.m2/repository/io/netty/netty/3.10.5.Final/netty-3.10.5.Final.jar:/home/user/.m2/repository/io/netty/netty-all/4.0.52.Final/netty-all-4.0.52.Final.jar:/home/user/.m2/repository/org/fusesource/leveldbjni/leveldbjni-all/1.8/leveldbjni-all-1.8.jar:"/>
    <property name="java.vm.vendor" value="IcedTea"/>
    <property name="sun.arch.data.model" value="64"/>
    <property name="test.build.dir" value="/workdir/hadoop-ozone/integration-test/target/test-dir"/>
    <property name="test.cache.data" value=""/>
    <property name="java.vendor.url" value="https://icedtea.classpath.org"/>
    <property name="user.timezone" value=""/>
    <property name="java.vm.specification.version" value="1.8"/>
    <property name="os.name" value="Linux"/>
    <property name="test.build.data" value="/workdir/hadoop-ozone/integration-test/target/test-dir"/>
    <property name="user.country" value="US"/>
    <property name="sun.java.launcher" value="SUN_STANDARD"/>
    <property name="sun.boot.library.path" value="/usr/lib/jvm/java-1.8-openjdk/jre/lib/amd64"/>
    <property name="sun.java.command" value="/workdir/hadoop-ozone/integration-test/target/surefire/surefirebooter4249114437959068557.jar /workdir/hadoop-ozone/integration-test/target/surefire 2019-09-24T20-51-17_462-jvmRun1 surefire7961552784356960604tmp surefire_671768720127089393827tmp"/>
    <property name="test" value="!TestMiniChaosOzoneCluster"/>
    <property name="surefire.test.class.path" value="/workdir/hadoop-ozone/integration-test/target/test-classes:/workdir/hadoop-ozone/integration-test/target/classes:/home/user/.m2/repository/org/apache/hadoop/hadoop-ozone-common/0.5.0-SNAPSHOT/hadoop-ozone-common-0.5.0-SNAPSHOT.jar:/home/user/.m2/repository/org/apache/commons/commons-compress/1.4.1/commons-compress-1.4.1.jar:/home/user/.m2/repository/org/tukaani/xz/1.0/xz-1.0.jar:/home/user/.m2/repository/org/apache/hadoop/hadoop-common/3.2.0/hadoop-common-3.2.0.jar:/home/user/.m2/repository/org/apache/hadoop/hadoop-hdfs/3.2.0/hadoop-hdfs-3.2.0.jar:/home/user/.m2/repository/org/apache/hadoop/hadoop-hdfs-client/3.2.0/hadoop-hdfs-client-3.2.0.jar:/home/user/.m2/repository/com/fasterxml/jackson/core/jackson-annotations/2.9.9/jackson-annotations-2.9.9.jar:/home/user/.m2/repository/org/apache/hadoop/hadoop-hdds-common/0.5.0-SNAPSHOT/hadoop-hdds-common-0.5.0-SNAPSHOT.jar:/home/user/.m2/repository/javax/annotation/javax.annotation-api/1.2/javax.annotation-api-1.2.jar:/home/user/.m2/repository/org/apache/ratis/ratis-server/0.4.0/ratis-server-0.4.0.jar:/home/user/.m2/repository/org/apache/ratis/ratis-thirdparty-misc/0.2.0/ratis-thirdparty-misc-0.2.0.jar:/home/user/.m2/repository/org/apache/ratis/ratis-proto/0.4.0/ratis-proto-0.4.0.jar:/home/user/.m2/repository/org/apache/ratis/ratis-common/0.4.0/ratis-common-0.4.0.jar:/home/user/.m2/repository/org/apache/ratis/ratis-client/0.4.0/ratis-client-0.4.0.jar:/home/user/.m2/repository/org/apache/ratis/ratis-metrics/0.4.0/ratis-metrics-0.4.0.jar:/home/user/.m2/repository/com/github/joshelser/dropwizard-metrics-hadoop-metrics2-reporter/0.1.2/dropwizard-metrics-hadoop-metrics2-reporter-0.1.2.jar:/home/user/.m2/repository/io/dropwizard/metrics/metrics-jvm/3.2.5/metrics-jvm-3.2.5.jar:/home/user/.m2/repository/io/dropwizard/metrics/metrics-ganglia/3.2.5/metrics-ganglia-3.2.5.jar:/home/user/.m2/repository/info/ganglia/gmetric4j/gmetric4j/1.0.7/gmetric4j-1.0.7.jar:/home/user/.m2/repository/org/apache/ratis/ratis-netty/0.4.0/ratis-netty-0.4.0.jar:/home/user/.m2/repository/org/apache/ratis/ratis-grpc/0.4.0/ratis-grpc-0.4.0.jar:/home/user/.m2/repository/org/rocksdb/rocksdbjni/6.0.1/rocksdbjni-6.0.1.jar:/home/user/.m2/repository/org/apache/logging/log4j/log4j-api/2.11.0/log4j-api-2.11.0.jar:/home/user/.m2/repository/org/apache/logging/log4j/log4j-core/2.11.0/log4j-core-2.11.0.jar:/home/user/.m2/repository/com/lmax/disruptor/3.4.2/disruptor-3.4.2.jar:/home/user/.m2/repository/org/apache/commons/commons-pool2/2.6.0/commons-pool2-2.6.0.jar:/home/user/.m2/repository/org/bouncycastle/bcpkix-jdk15on/1.60/bcpkix-jdk15on-1.60.jar:/home/user/.m2/repository/commons-validator/commons-validator/1.6/commons-validator-1.6.jar:/home/user/.m2/repository/commons-digester/commons-digester/1.8.1/commons-digester-1.8.1.jar:/home/user/.m2/repository/io/jaegertracing/jaeger-client/0.34.0/jaeger-client-0.34.0.jar:/home/user/.m2/repository/io/jaegertracing/jaeger-thrift/0.34.0/jaeger-thrift-0.34.0.jar:/home/user/.m2/repository/org/apache/thrift/libthrift/0.12.0/libthrift-0.12.0.jar:/home/user/.m2/repository/com/squareup/okhttp3/okhttp/3.9.0/okhttp-3.9.0.jar:/home/user/.m2/repository/com/squareup/okio/okio/1.13.0/okio-1.13.0.jar:/home/user/.m2/repository/io/jaegertracing/jaeger-core/0.34.0/jaeger-core-0.34.0.jar:/home/user/.m2/repository/io/jaegertracing/jaeger-tracerresolver/0.34.0/jaeger-tracerresolver-0.34.0.jar:/home/user/.m2/repository/io/opentracing/contrib/opentracing-tracerresolver/0.1.5/opentracing-tracerresolver-0.1.5.jar:/home/user/.m2/repository/io/opentracing/opentracing-util/0.31.0/opentracing-util-0.31.0.jar:/home/user/.m2/repository/io/opentracing/opentracing-api/0.31.0/opentracing-api-0.31.0.jar:/home/user/.m2/repository/io/opentracing/opentracing-noop/0.31.0/opentracing-noop-0.31.0.jar:/home/user/.m2/repository/org/apache/hadoop/hadoop-hdds-server-framework/0.5.0-SNAPSHOT/hadoop-hdds-server-framework-0.5.0-SNAPSHOT.jar:/home/user/.m2/repository/org/apache/hadoop/hadoop-hdds-container-service/0.5.0-SNAPSHOT/hadoop-hdds-container-service-0.5.0-SNAPSHOT.jar:/home/user/.m2/repository/org/apache/hadoop/hadoop-hdds-client/0.5.0-SNAPSHOT/hadoop-hdds-client-0.5.0-SNAPSHOT.jar:/home/user/.m2/repository/org/apache/hadoop/hadoop-hdds-tools/0.5.0-SNAPSHOT/hadoop-hdds-tools-0.5.0-SNAPSHOT.jar:/home/user/.m2/repository/org/apache/hadoop/hadoop-hdds-server-scm/0.5.0-SNAPSHOT/hadoop-hdds-server-scm-0.5.0-SNAPSHOT.jar:/home/user/.m2/repository/org/apache/hadoop/hadoop-hdds-docs/0.5.0-SNAPSHOT/hadoop-hdds-docs-0.5.0-SNAPSHOT.jar:/home/user/.m2/repository/io/dropwizard/metrics/metrics-core/3.2.4/metrics-core-3.2.4.jar:/home/user/.m2/repository/org/hamcrest/hamcrest-all/1.3/hamcrest-all-1.3.jar:/home/user/.m2/repository/org/bouncycastle/bcprov-jdk15on/1.60/bcprov-jdk15on-1.60.jar:/home/user/.m2/repository/info/picocli/picocli/3.9.6/picocli-3.9.6.jar:/home/user/.m2/repository/com/google/protobuf/protobuf-java/2.5.0/protobuf-java-2.5.0.jar:/home/user/.m2/repository/com/google/guava/guava/11.0.2/guava-11.0.2.jar:/home/user/.m2/repository/org/apache/hadoop/hadoop-ozone-ozone-manager/0.5.0-SNAPSHOT/hadoop-ozone-ozone-manager-0.5.0-SNAPSHOT.jar:/home/user/.m2/repository/org/apache/hadoop/hadoop-minikdc/3.2.0/hadoop-minikdc-3.2.0.jar:/home/user/.m2/repository/commons-io/commons-io/2.5/commons-io-2.5.jar:/home/user/.m2/repository/org/apache/kerby/kerb-simplekdc/1.0.1/kerb-simplekdc-1.0.1.jar:/home/user/.m2/repository/org/apache/kerby/kerb-client/1.0.1/kerb-client-1.0.1.jar:/home/user/.m2/repository/org/apache/kerby/kerby-config/1.0.1/kerby-config-1.0.1.jar:/home/user/.m2/repository/org/apache/kerby/kerb-core/1.0.1/kerb-core-1.0.1.jar:/home/user/.m2/repository/org/apache/kerby/kerby-pkix/1.0.1/kerby-pkix-1.0.1.jar:/home/user/.m2/repository/org/apache/kerby/kerby-asn1/1.0.1/kerby-asn1-1.0.1.jar:/home/user/.m2/repository/org/apache/kerby/kerby-util/1.0.1/kerby-util-1.0.1.jar:/home/user/.m2/repository/org/apache/kerby/kerb-common/1.0.1/kerb-common-1.0.1.jar:/home/user/.m2/repository/org/apache/kerby/kerb-crypto/1.0.1/kerb-crypto-1.0.1.jar:/home/user/.m2/repository/org/apache/kerby/kerb-util/1.0.1/kerb-util-1.0.1.jar:/home/user/.m2/repository/org/apache/kerby/token-provider/1.0.1/token-provider-1.0.1.jar:/home/user/.m2/repository/org/apache/kerby/kerb-admin/1.0.1/kerb-admin-1.0.1.jar:/home/user/.m2/repository/org/apache/kerby/kerb-server/1.0.1/kerb-server-1.0.1.jar:/home/user/.m2/repository/org/apache/kerby/kerb-identity/1.0.1/kerb-identity-1.0.1.jar:/home/user/.m2/repository/org/apache/kerby/kerby-xdr/1.0.1/kerby-xdr-1.0.1.jar:/home/user/.m2/repository/org/slf4j/slf4j-log4j12/1.7.25/slf4j-log4j12-1.7.25.jar:/home/user/.m2/repository/org/apache/hadoop/hadoop-ozone-s3gateway/0.5.0-SNAPSHOT/hadoop-ozone-s3gateway-0.5.0-SNAPSHOT.jar:/home/user/.m2/repository/org/jboss/weld/servlet/weld-servlet/2.4.7.Final/weld-servlet-2.4.7.Final.jar:/home/user/.m2/repository/org/glassfish/jersey/containers/jersey-container-servlet-core/2.27/jersey-container-servlet-core-2.27.jar:/home/user/.m2/repository/org/glassfish/hk2/external/javax.inject/2.5.0-b42/javax.inject-2.5.0-b42.jar:/home/user/.m2/repository/org/glassfish/jersey/core/jersey-common/2.27/jersey-common-2.27.jar:/home/user/.m2/repository/org/glassfish/hk2/osgi-resource-locator/1.0.1/osgi-resource-locator-1.0.1.jar:/home/user/.m2/repository/javax/ws/rs/javax.ws.rs-api/2.1/javax.ws.rs-api-2.1.jar:/home/user/.m2/repository/org/glassfish/jersey/ext/cdi/jersey-cdi1x/2.27/jersey-cdi1x-2.27.jar:/home/user/.m2/repository/org/glassfish/jersey/inject/jersey-hk2/2.27/jersey-hk2-2.27.jar:/home/user/.m2/repository/org/glassfish/hk2/hk2-locator/2.5.0-b42/hk2-locator-2.5.0-b42.jar:/home/user/.m2/repository/org/javassist/javassist/3.22.0-CR2/javassist-3.22.0-CR2.jar:/home/user/.m2/repository/org/glassfish/hk2/hk2-api/2.5.0/hk2-api-2.5.0.jar:/home/user/.m2/repository/org/glassfish/hk2/external/jakarta.inject/2.5.0/jakarta.inject-2.5.0.jar:/home/user/.m2/repository/org/glassfish/hk2/hk2-utils/2.5.0/hk2-utils-2.5.0.jar:/home/user/.m2/repository/jakarta/annotation/jakarta.annotation-api/1.3.4/jakarta.annotation-api-1.3.4.jar:/home/user/.m2/repository/org/glassfish/hk2/external/aopalliance-repackaged/2.5.0/aopalliance-repackaged-2.5.0.jar:/home/user/.m2/repository/com/fasterxml/jackson/dataformat/jackson-dataformat-xml/2.9.0/jackson-dataformat-xml-2.9.0.jar:/home/user/.m2/repository/com/fasterxml/jackson/core/jackson-core/2.9.9/jackson-core-2.9.9.jar:/home/user/.m2/repository/com/fasterxml/jackson/module/jackson-module-jaxb-annotations/2.9.9/jackson-module-jaxb-annotations-2.9.9.jar:/home/user/.m2/repository/javax/enterprise/cdi-api/1.2/cdi-api-1.2.jar:/home/user/.m2/repository/javax/el/javax.el-api/3.0.0/javax.el-api-3.0.0.jar:/home/user/.m2/repository/javax/interceptor/javax.interceptor-api/1.2/javax.interceptor-api-1.2.jar:/home/user/.m2/repository/javax/inject/javax.inject/1/javax.inject-1.jar:/home/user/.m2/repository/com/sun/xml/bind/jaxb-impl/2.3.0.1/jaxb-impl-2.3.0.1.jar:/home/user/.m2/repository/com/sun/xml/bind/jaxb-core/2.3.0.1/jaxb-core-2.3.0.1.jar:/home/user/.m2/repository/javax/xml/bind/jaxb-api/2.3.0/jaxb-api-2.3.0.jar:/home/user/.m2/repository/javax/activation/activation/1.1.1/activation-1.1.1.jar:/home/user/.m2/repository/org/apache/hadoop/hadoop-ozone-csi/0.5.0-SNAPSHOT/hadoop-ozone-csi-0.5.0-SNAPSHOT.jar:/home/user/.m2/repository/com/google/protobuf/protobuf-java-util/3.5.1/protobuf-java-util-3.5.1.jar:/home/user/.m2/repository/org/apache/hadoop/hadoop-hdds-config/0.5.0-SNAPSHOT/hadoop-hdds-config-0.5.0-SNAPSHOT.jar:/home/user/.m2/repository/io/grpc/grpc-netty/1.17.1/grpc-netty-1.17.1.jar:/home/user/.m2/repository/io/grpc/grpc-core/1.17.1/grpc-core-1.17.1.jar:/home/user/.m2/repository/io/grpc/grpc-context/1.17.1/grpc-context-1.17.1.jar:/home/user/.m2/repository/com/google/errorprone/error_prone_annotations/2.2.0/error_prone_annotations-2.2.0.jar:/home/user/.m2/repository/org/codehaus/mojo/animal-sniffer-annotations/1.17/animal-sniffer-annotations-1.17.jar:/home/user/.m2/repository/io/opencensus/opencensus-api/0.17.0/opencensus-api-0.17.0.jar:/home/user/.m2/repository/io/opencensus/opencensus-contrib-grpc-metrics/0.17.0/opencensus-contrib-grpc-metrics-0.17.0.jar:/home/user/.m2/repository/io/netty/netty-codec-http2/4.1.30.Final/netty-codec-http2-4.1.30.Final.jar:/home/user/.m2/repository/io/netty/netty-codec-http/4.1.30.Final/netty-codec-http-4.1.30.Final.jar:/home/user/.m2/repository/io/netty/netty-codec/4.1.30.Final/netty-codec-4.1.30.Final.jar:/home/user/.m2/repository/io/netty/netty-handler/4.1.30.Final/netty-handler-4.1.30.Final.jar:/home/user/.m2/repository/io/netty/netty-handler-proxy/4.1.30.Final/netty-handler-proxy-4.1.30.Final.jar:/home/user/.m2/repository/io/netty/netty-codec-socks/4.1.30.Final/netty-codec-socks-4.1.30.Final.jar:/home/user/.m2/repository/io/netty/netty-transport-native-epoll/4.1.30.Final/netty-transport-native-epoll-4.1.30.Final.jar:/home/user/.m2/repository/io/netty/netty-common/4.1.30.Final/netty-common-4.1.30.Final.jar:/home/user/.m2/repository/io/netty/netty-buffer/4.1.30.Final/netty-buffer-4.1.30.Final.jar:/home/user/.m2/repository/io/netty/netty-transport/4.1.30.Final/netty-transport-4.1.30.Final.jar:/home/user/.m2/repository/io/netty/netty-resolver/4.1.30.Final/netty-resolver-4.1.30.Final.jar:/home/user/.m2/repository/io/netty/netty-transport-native-unix-common/4.1.30.Final/netty-transport-native-unix-common-4.1.30.Final.jar:/home/user/.m2/repository/io/grpc/grpc-protobuf/1.17.1/grpc-protobuf-1.17.1.jar:/home/user/.m2/repository/com/google/api/grpc/proto-google-common-protos/1.0.0/proto-google-common-protos-1.0.0.jar:/home/user/.m2/repository/io/grpc/grpc-protobuf-lite/1.17.1/grpc-protobuf-lite-1.17.1.jar:/home/user/.m2/repository/io/grpc/grpc-stub/1.17.1/grpc-stub-1.17.1.jar:/home/user/.m2/repository/org/apache/hadoop/hadoop-ozone-recon/0.5.0-SNAPSHOT/hadoop-ozone-recon-0.5.0-SNAPSHOT.jar:/home/user/.m2/repository/org/apache/hadoop/hadoop-ozone-reconcodegen/0.5.0-SNAPSHOT/hadoop-ozone-reconcodegen-0.5.0-SNAPSHOT.jar:/home/user/.m2/repository/com/google/inject/extensions/guice-multibindings/4.0/guice-multibindings-4.0.jar:/home/user/.m2/repository/com/google/inject/guice/4.0/guice-4.0.jar:/home/user/.m2/repository/aopalliance/aopalliance/1.0/aopalliance-1.0.jar:/home/user/.m2/repository/com/google/inject/extensions/guice-servlet/4.0/guice-servlet-4.0.jar:/home/user/.m2/repository/org/glassfish/jersey/containers/jersey-container-servlet/2.27/jersey-container-servlet-2.27.jar:/home/user/.m2/repository/org/glassfish/hk2/guice-bridge/2.5.0/guice-bridge-2.5.0.jar:/home/user/.m2/repository/org/glassfish/jersey/core/jersey-server/2.27/jersey-server-2.27.jar:/home/user/.m2/repository/org/glassfish/jersey/core/jersey-client/2.27/jersey-client-2.27.jar:/home/user/.m2/repository/org/glassfish/jersey/media/jersey-media-jaxb/2.27/jersey-media-jaxb-2.27.jar:/home/user/.m2/repository/javax/validation/validation-api/1.1.0.Final/validation-api-1.1.0.Final.jar:/home/user/.m2/repository/org/glassfish/jersey/media/jersey-media-json-jackson/2.27/jersey-media-json-jackson-2.27.jar:/home/user/.m2/repository/org/glassfish/jersey/ext/jersey-entity-filtering/2.27/jersey-entity-filtering-2.27.jar:/home/user/.m2/repository/com/google/inject/extensions/guice-assistedinject/4.0/guice-assistedinject-4.0.jar:/home/user/.m2/repository/org/jooq/jooq/3.11.10/jooq-3.11.10.jar:/home/user/.m2/repository/org/jooq/jooq-meta/3.11.10/jooq-meta-3.11.10.jar:/home/user/.m2/repository/org/jooq/jooq-codegen/3.11.10/jooq-codegen-3.11.10.jar:/home/user/.m2/repository/com/jolbox/bonecp/0.8.0.RELEASE/bonecp-0.8.0.RELEASE.jar:/home/user/.m2/repository/org/xerial/sqlite-jdbc/3.25.2/sqlite-jdbc-3.25.2.jar:/home/user/.m2/repository/org/springframework/spring-jdbc/5.1.3.RELEASE/spring-jdbc-5.1.3.RELEASE.jar:/home/user/.m2/repository/org/springframework/spring-beans/5.1.3.RELEASE/spring-beans-5.1.3.RELEASE.jar:/home/user/.m2/repository/org/springframework/spring-core/5.1.3.RELEASE/spring-core-5.1.3.RELEASE.jar:/home/user/.m2/repository/org/springframework/spring-jcl/5.1.3.RELEASE/spring-jcl-5.1.3.RELEASE.jar:/home/user/.m2/repository/org/springframework/spring-tx/5.1.3.RELEASE/spring-tx-5.1.3.RELEASE.jar:/home/user/.m2/repository/org/apache/hadoop/hadoop-ozone-client/0.5.0-SNAPSHOT/hadoop-ozone-client-0.5.0-SNAPSHOT.jar:/home/user/.m2/repository/commons-lang/commons-lang/2.6/commons-lang-2.6.jar:/home/user/.m2/repository/org/apache/hadoop/hadoop-ozone-ozone-manager/0.5.0-SNAPSHOT/hadoop-ozone-ozone-manager-0.5.0-SNAPSHOT-tests.jar:/home/user/.m2/repository/junit/junit/4.11/junit-4.11.jar:/home/user/.m2/repository/org/hamcrest/hamcrest-core/1.3/hamcrest-core-1.3.jar:/home/user/.m2/repository/org/openjdk/jmh/jmh-core/1.19/jmh-core-1.19.jar:/home/user/.m2/repository/net/sf/jopt-simple/jopt-simple/4.6/jopt-simple-4.6.jar:/home/user/.m2/repository/org/apache/commons/commons-math3/3.1.1/commons-math3-3.1.1.jar:/home/user/.m2/repository/org/openjdk/jmh/jmh-generator-annprocess/1.19/jmh-generator-annprocess-1.19.jar:/home/user/.m2/repository/org/mockito/mockito-all/1.8.5/mockito-all-1.8.5.jar:/home/user/.m2/repository/org/apache/hadoop/hadoop-kms/3.2.0/hadoop-kms-3.2.0.jar:/home/user/.m2/repository/org/apache/hadoop/hadoop-auth/3.2.0/hadoop-auth-3.2.0.jar:/home/user/.m2/repository/com/nimbusds/nimbus-jose-jwt/4.41.1/nimbus-jose-jwt-4.41.1.jar:/home/user/.m2/repository/com/github/stephenc/jcip/jcip-annotations/1.0-1/jcip-annotations-1.0-1.jar:/home/user/.m2/repository/net/minidev/json-smart/2.3/json-smart-2.3.jar:/home/user/.m2/repository/net/minidev/accessors-smart/1.2/accessors-smart-1.2.jar:/home/user/.m2/repository/org/ow2/asm/asm/5.0.4/asm-5.0.4.jar:/home/user/.m2/repository/org/apache/curator/curator-framework/2.12.0/curator-framework-2.12.0.jar:/home/user/.m2/repository/com/sun/jersey/jersey-core/1.19/jersey-core-1.19.jar:/home/user/.m2/repository/javax/ws/rs/jsr311-api/1.1.1/jsr311-api-1.1.1.jar:/home/user/.m2/repository/com/sun/jersey/jersey-server/1.19/jersey-server-1.19.jar:/home/user/.m2/repository/javax/servlet/javax.servlet-api/3.1.0/javax.servlet-api-3.1.0.jar:/home/user/.m2/repository/org/eclipse/jetty/jetty-server/9.3.25.v20180904/jetty-server-9.3.25.v20180904.jar:/home/user/.m2/repository/org/eclipse/jetty/jetty-http/9.3.25.v20180904/jetty-http-9.3.25.v20180904.jar:/home/user/.m2/repository/org/eclipse/jetty/jetty-io/9.3.25.v20180904/jetty-io-9.3.25.v20180904.jar:/home/user/.m2/repository/org/eclipse/jetty/jetty-webapp/9.3.25.v20180904/jetty-webapp-9.3.25.v20180904.jar:/home/user/.m2/repository/org/eclipse/jetty/jetty-xml/9.3.25.v20180904/jetty-xml-9.3.25.v20180904.jar:/home/user/.m2/repository/log4j/log4j/1.2.17/log4j-1.2.17.jar:/home/user/.m2/repository/org/slf4j/slf4j-api/1.7.25/slf4j-api-1.7.25.jar:/home/user/.m2/repository/org/slf4j/jul-to-slf4j/1.7.25/jul-to-slf4j-1.7.25.jar:/home/user/.m2/repository/org/eclipse/jetty/jetty-util/9.3.25.v20180904/jetty-util-9.3.25.v20180904.jar:/home/user/.m2/repository/com/fasterxml/jackson/core/jackson-databind/2.9.9/jackson-databind-2.9.9.jar:/home/user/.m2/repository/org/apache/hadoop/hadoop-kms/3.2.0/hadoop-kms-3.2.0-tests.jar:/home/user/.m2/repository/org/apache/hadoop/hadoop-hdds-server-scm/0.5.0-SNAPSHOT/hadoop-hdds-server-scm-0.5.0-SNAPSHOT-tests.jar:/home/user/.m2/repository/org/apache/hadoop/hadoop-hdds-container-service/0.5.0-SNAPSHOT/hadoop-hdds-container-service-0.5.0-SNAPSHOT-tests.jar:/home/user/.m2/repository/org/yaml/snakeyaml/1.16/snakeyaml-1.16.jar:/home/user/.m2/repository/org/apache/hadoop/hadoop-common/3.2.0/hadoop-common-3.2.0-tests.jar:/home/user/.m2/repository/org/apache/hadoop/hadoop-annotations/3.2.0/hadoop-annotations-3.2.0.jar:/usr/lib/jvm/java-1.8-openjdk/jre/../lib/tools.jar:/home/user/.m2/repository/commons-cli/commons-cli/1.2/commons-cli-1.2.jar:/home/user/.m2/repository/org/apache/httpcomponents/httpclient/4.5.2/httpclient-4.5.2.jar:/home/user/.m2/repository/org/apache/httpcomponents/httpcore/4.4.4/httpcore-4.4.4.jar:/home/user/.m2/repository/commons-codec/commons-codec/1.11/commons-codec-1.11.jar:/home/user/.m2/repository/commons-net/commons-net/3.6/commons-net-3.6.jar:/home/user/.m2/repository/commons-collections/commons-collections/3.2.2/commons-collections-3.2.2.jar:/home/user/.m2/repository/org/eclipse/jetty/jetty-servlet/9.3.25.v20180904/jetty-servlet-9.3.25.v20180904.jar:/home/user/.m2/repository/org/eclipse/jetty/jetty-security/9.3.25.v20180904/jetty-security-9.3.25.v20180904.jar:/home/user/.m2/repository/javax/servlet/jsp/jsp-api/2.1/jsp-api-2.1.jar:/home/user/.m2/repository/com/sun/jersey/jersey-servlet/1.19/jersey-servlet-1.19.jar:/home/user/.m2/repository/com/sun/jersey/jersey-json/1.19/jersey-json-1.19.jar:/home/user/.m2/repository/org/codehaus/jettison/jettison/1.1/jettison-1.1.jar:/home/user/.m2/repository/org/codehaus/jackson/jackson-core-asl/1.9.13/jackson-core-asl-1.9.13.jar:/home/user/.m2/repository/org/codehaus/jackson/jackson-mapper-asl/1.9.13/jackson-mapper-asl-1.9.13.jar:/home/user/.m2/repository/org/codehaus/jackson/jackson-jaxrs/1.9.13/jackson-jaxrs-1.9.13.jar:/home/user/.m2/repository/org/codehaus/jackson/jackson-xc/1.9.13/jackson-xc-1.9.13.jar:/home/user/.m2/repository/commons-logging/commons-logging/1.1.3/commons-logging-1.1.3.jar:/home/user/.m2/repository/commons-beanutils/commons-beanutils/1.9.4/commons-beanutils-1.9.4.jar:/home/user/.m2/repository/org/apache/commons/commons-configuration2/2.1.1/commons-configuration2-2.1.1.jar:/home/user/.m2/repository/org/apache/commons/commons-lang3/3.7/commons-lang3-3.7.jar:/home/user/.m2/repository/org/apache/commons/commons-text/1.4/commons-text-1.4.jar:/home/user/.m2/repository/org/apache/avro/avro/1.7.7/avro-1.7.7.jar:/home/user/.m2/repository/com/thoughtworks/paranamer/paranamer/2.3/paranamer-2.3.jar:/home/user/.m2/repository/org/xerial/snappy/snappy-java/1.0.5/snappy-java-1.0.5.jar:/home/user/.m2/repository/com/google/re2j/re2j/1.1/re2j-1.1.jar:/home/user/.m2/repository/com/google/code/gson/gson/2.2.4/gson-2.2.4.jar:/home/user/.m2/repository/com/jcraft/jsch/0.1.54/jsch-0.1.54.jar:/home/user/.m2/repository/org/apache/curator/curator-client/2.12.0/curator-client-2.12.0.jar:/home/user/.m2/repository/org/apache/curator/curator-recipes/2.12.0/curator-recipes-2.12.0.jar:/home/user/.m2/repository/com/google/code/findbugs/jsr305/3.0.0/jsr305-3.0.0.jar:/home/user/.m2/repository/org/apache/htrace/htrace-core4/4.1.0-incubating/htrace-core4-4.1.0-incubating.jar:/home/user/.m2/repository/org/apache/zookeeper/zookeeper/3.4.13/zookeeper-3.4.13.jar:/home/user/.m2/repository/jline/jline/0.9.94/jline-0.9.94.jar:/home/user/.m2/repository/org/apache/yetus/audience-annotations/0.5.0/audience-annotations-0.5.0.jar:/home/user/.m2/repository/org/codehaus/woodstox/stax2-api/3.1.4/stax2-api-3.1.4.jar:/home/user/.m2/repository/com/fasterxml/woodstox/woodstox-core/5.0.3/woodstox-core-5.0.3.jar:/home/user/.m2/repository/dnsjava/dnsjava/2.1.7/dnsjava-2.1.7.jar:/home/user/.m2/repository/org/apache/hadoop/hadoop-hdfs/3.2.0/hadoop-hdfs-3.2.0-tests.jar:/home/user/.m2/repository/org/eclipse/jetty/jetty-util-ajax/9.3.25.v20180904/jetty-util-ajax-9.3.25.v20180904.jar:/home/user/.m2/repository/commons-daemon/commons-daemon/1.0.13/commons-daemon-1.0.13.jar:/home/user/.m2/repository/io/netty/netty/3.10.5.Final/netty-3.10.5.Final.jar:/home/user/.m2/repository/io/netty/netty-all/4.0.52.Final/netty-all-4.0.52.Final.jar:/home/user/.m2/repository/org/fusesource/leveldbjni/leveldbjni-all/1.8/leveldbjni-all-1.8.jar:"/>
    <property name="sun.cpu.endian" value="little"/>
    <property name="user.home" value="/home/user"/>
    <property name="user.language" value="en"/>
    <property name="java.specification.vendor" value="Oracle Corporation"/>
    <property name="java.home" value="/usr/lib/jvm/java-1.8-openjdk/jre"/>
    <property name="java.security.krb5.conf" value="/workdir/hadoop-ozone/integration-test/target/test-classes/krb5.conf"/>
    <property name="basedir" value="/workdir/hadoop-ozone/integration-test"/>
    <property name="file.separator" value="/"/>
    <property name="line.separator" value="&#10;"/>
    <property name="java.vm.specification.vendor" value="Oracle Corporation"/>
    <property name="java.specification.name" value="Java Platform API Specification"/>
    <property name="java.awt.graphicsenv" value="sun.awt.X11GraphicsEnvironment"/>
    <property name="surefire.real.class.path" value="/workdir/hadoop-ozone/integration-test/target/surefire/surefirebooter4249114437959068557.jar"/>
    <property name="hadoop.log.dir" value="/workdir/hadoop-ozone/integration-test/target/log"/>
    <property name="sun.boot.class.path" value="/usr/lib/jvm/java-1.8-openjdk/jre/lib/resources.jar:/usr/lib/jvm/java-1.8-openjdk/jre/lib/rt.jar:/usr/lib/jvm/java-1.8-openjdk/jre/lib/sunrsasign.jar:/usr/lib/jvm/java-1.8-openjdk/jre/lib/jsse.jar:/usr/lib/jvm/java-1.8-openjdk/jre/lib/jce.jar:/usr/lib/jvm/java-1.8-openjdk/jre/lib/charsets.jar:/usr/lib/jvm/java-1.8-openjdk/jre/lib/jfr.jar:/usr/lib/jvm/java-1.8-openjdk/jre/classes"/>
    <property name="sun.management.compiler" value="HotSpot 64-Bit Tiered Compilers"/>
    <property name="java.runtime.version" value="1.8.0_212-b04"/>
    <property name="java.net.preferIPv4Stack" value="true"/>
    <property name="user.name" value="jenkins1000"/>
    <property name="path.separator" value=":"/>
    <property name="java.security.egd" value="file:///dev/urandom"/>
    <property name="os.version" value="3.10.0-957.12.2.el7.x86_64"/>
    <property name="java.endorsed.dirs" value="/usr/lib/jvm/java-1.8-openjdk/jre/lib/endorsed"/>
    <property name="java.runtime.name" value="OpenJDK Runtime Environment"/>
    <property name="file.encoding" value="UTF-8"/>
    <property name="java.vm.name" value="OpenJDK 64-Bit Server VM"/>
    <property name="test.build.webapps" value=""/>
    <property name="localRepository" value="/home/user/.m2/repository"/>
    <property name="java.vendor.url.bug" value="https://icedtea.classpath.org/bugzilla"/>
    <property name="java.io.tmpdir" value="/tmp"/>
    <property name="require.test.libhadoop" value=""/>
    <property name="java.version" value="1.8.0_212"/>
    <property name="user.dir" value="/workdir/hadoop-ozone/integration-test"/>
    <property name="os.arch" value="amd64"/>
    <property name="java.vm.specification.name" value="Java Virtual Machine Specification"/>
    <property name="test.build.classes" value="/workdir/hadoop-ozone/integration-test/target/test-classes"/>
    <property name="java.awt.printerjob" value="sun.print.PSPrinterJob"/>
    <property name="sun.os.patch.level" value="unknown"/>
    <property name="hadoop.tmp.dir" value="/workdir/hadoop-ozone/integration-test/target/tmp"/>
    <property name="java.library.path" value="/usr/lib/jvm/java-1.8-openjdk/jre/lib/amd64/server:/usr/lib/jvm/java-1.8-openjdk/jre/lib/amd64:/usr/lib/jvm/java-1.8-openjdk/jre/../lib/amd64:/workdir/hadoop-ozone/integration-test/target/native/target/usr/local/lib:/workdir/hadoop-ozone/integration-test/../../hadoop-common-project/hadoop-common/target/native/target/usr/local/lib:/usr/java/packages/lib/amd64:/usr/lib64:/lib64:/lib:/usr/lib"/>
    <property name="java.vm.info" value="mixed mode"/>
    <property name="java.vendor" value="IcedTea"/>
    <property name="java.vm.version" value="25.212-b04"/>
    <property name="java.ext.dirs" value="/usr/lib/jvm/java-1.8-openjdk/jre/lib/ext:/usr/java/packages/lib/ext"/>
    <property name="sun.io.unicode.encoding" value="UnicodeLittle"/>
    <property name="java.class.version" value="52.0"/>
  </properties>
  <testcase name="org.apache.hadoop.ozone.client.rpc.TestSecureOzoneRpcClient" classname="org.apache.hadoop.ozone.client.rpc.TestSecureOzoneRpcClient" time="168.617">
    <error message="Connection refused" type="java.net.ConnectException"><![CDATA[java.net.ConnectException: Connection refused
	at sun.nio.ch.SocketChannelImpl.checkConnect(Native Method)
	at sun.nio.ch.SocketChannelImpl.finishConnect(SocketChannelImpl.java:717)
	at org.apache.hadoop.net.SocketIOWithTimeout.connect(SocketIOWithTimeout.java:206)
	at org.apache.hadoop.net.NetUtils.connect(NetUtils.java:531)
	at org.apache.hadoop.ipc.Client$Connection.setupConnection(Client.java:690)
	at org.apache.hadoop.ipc.Client$Connection.setupIOstreams(Client.java:794)
	at org.apache.hadoop.ipc.Client$Connection.access$3700(Client.java:411)
	at org.apache.hadoop.ipc.Client.getConnection(Client.java:1572)
	at org.apache.hadoop.ipc.Client.call(Client.java:1403)
	at org.apache.hadoop.ipc.Client.call(Client.java:1367)
	at org.apache.hadoop.ipc.ProtobufRpcEngine$Invoker.invoke(ProtobufRpcEngine.java:228)
	at org.apache.hadoop.ipc.ProtobufRpcEngine$Invoker.invoke(ProtobufRpcEngine.java:116)
	at com.sun.proxy.$Proxy37.submitRequest(Unknown Source)
	at sun.reflect.NativeMethodAccessorImpl.invoke0(Native Method)
	at sun.reflect.NativeMethodAccessorImpl.invoke(NativeMethodAccessorImpl.java:62)
	at sun.reflect.DelegatingMethodAccessorImpl.invoke(DelegatingMethodAccessorImpl.java:43)
	at java.lang.reflect.Method.invoke(Method.java:498)
	at org.apache.hadoop.io.retry.RetryInvocationHandler.invokeMethod(RetryInvocationHandler.java:422)
	at org.apache.hadoop.io.retry.RetryInvocationHandler$Call.invokeMethod(RetryInvocationHandler.java:165)
	at org.apache.hadoop.io.retry.RetryInvocationHandler$Call.invoke(RetryInvocationHandler.java:157)
	at org.apache.hadoop.io.retry.RetryInvocationHandler$Call.invokeOnce(RetryInvocationHandler.java:95)
	at org.apache.hadoop.io.retry.RetryInvocationHandler.invoke(RetryInvocationHandler.java:359)
	at com.sun.proxy.$Proxy37.submitRequest(Unknown Source)
	at org.apache.hadoop.ozone.om.protocolPB.OzoneManagerProtocolClientSideTranslatorPB.submitRequest(OzoneManagerProtocolClientSideTranslatorPB.java:338)
	at org.apache.hadoop.ozone.om.protocolPB.OzoneManagerProtocolClientSideTranslatorPB.getServiceInfo(OzoneManagerProtocolClientSideTranslatorPB.java:1223)
	at sun.reflect.NativeMethodAccessorImpl.invoke0(Native Method)
	at sun.reflect.NativeMethodAccessorImpl.invoke(NativeMethodAccessorImpl.java:62)
	at sun.reflect.DelegatingMethodAccessorImpl.invoke(DelegatingMethodAccessorImpl.java:43)
	at java.lang.reflect.Method.invoke(Method.java:498)
	at org.apache.hadoop.hdds.tracing.TraceAllMethod.invoke(TraceAllMethod.java:66)
	at com.sun.proxy.$Proxy38.getServiceInfo(Unknown Source)
	at org.apache.hadoop.ozone.client.rpc.RpcClient.<init>(RpcClient.java:154)
	at org.apache.hadoop.ozone.client.OzoneClientFactory.getClientProtocol(OzoneClientFactory.java:256)
	at org.apache.hadoop.ozone.client.OzoneClientFactory.getClientProtocol(OzoneClientFactory.java:239)
	at org.apache.hadoop.ozone.client.OzoneClientFactory.getRpcClient(OzoneClientFactory.java:203)
	at org.apache.hadoop.ozone.client.rpc.TestSecureOzoneRpcClient.init(TestSecureOzoneRpcClient.java:118)
	at sun.reflect.NativeMethodAccessorImpl.invoke0(Native Method)
	at sun.reflect.NativeMethodAccessorImpl.invoke(NativeMethodAccessorImpl.java:62)
	at sun.reflect.DelegatingMethodAccessorImpl.invoke(DelegatingMethodAccessorImpl.java:43)
	at java.lang.reflect.Method.invoke(Method.java:498)
	at org.junit.runners.model.FrameworkMethod$1.runReflectiveCall(FrameworkMethod.java:47)
	at org.junit.internal.runners.model.ReflectiveCallable.run(ReflectiveCallable.java:12)
	at org.junit.runners.model.FrameworkMethod.invokeExplosively(FrameworkMethod.java:44)
	at org.junit.internal.runners.statements.RunBefores.evaluate(RunBefores.java:24)
	at org.junit.internal.runners.statements.RunAfters.evaluate(RunAfters.java:27)
	at org.junit.runners.ParentRunner.run(ParentRunner.java:309)
	at org.apache.maven.surefire.junit4.JUnit4Provider.execute(JUnit4Provider.java:365)
	at org.apache.maven.surefire.junit4.JUnit4Provider.executeWithRerun(JUnit4Provider.java:273)
	at org.apache.maven.surefire.junit4.JUnit4Provider.executeTestSet(JUnit4Provider.java:238)
	at org.apache.maven.surefire.junit4.JUnit4Provider.invoke(JUnit4Provider.java:159)
	at org.apache.maven.surefire.booter.ForkedBooter.invokeProviderInSameClassLoader(ForkedBooter.java:384)
	at org.apache.maven.surefire.booter.ForkedBooter.runSuitesInProcess(ForkedBooter.java:345)
	at org.apache.maven.surefire.booter.ForkedBooter.execute(ForkedBooter.java:126)
	at org.apache.maven.surefire.booter.ForkedBooter.main(ForkedBooter.java:418)
]]></error>
    <system-out><![CDATA[2019-09-24 22:40:34,260 [main] WARN  server.ServerUtils (ServerUtils.java:getScmDbDir(145)) - ozone.scm.db.dirs is not configured. We recommend adding this setting. Falling back to ozone.metadata.dirs instead.
2019-09-24 22:40:44,235 [main] WARN  server.ServerUtils (ServerUtils.java:getScmDbDir(145)) - ozone.scm.db.dirs is not configured. We recommend adding this setting. Falling back to ozone.metadata.dirs instead.
2019-09-24 22:40:44,238 [main] WARN  server.ServerUtils (ServerUtils.java:getScmDbDir(145)) - ozone.scm.db.dirs is not configured. We recommend adding this setting. Falling back to ozone.metadata.dirs instead.
2019-09-24 22:40:44,257 [main] INFO  util.log (Log.java:initialized(192)) - Logging initialized @13588ms
2019-09-24 22:40:44,360 [main] INFO  db.DBStoreBuilder (DBStoreBuilder.java:addTable(110)) - using custom profile for table: deletedBlocks
2019-09-24 22:40:44,361 [main] INFO  db.DBStoreBuilder (DBStoreBuilder.java:processTables(161)) - Using default column profile:DBProfile.DISK for Table:deletedBlocks
2019-09-24 22:40:44,361 [main] INFO  db.DBStoreBuilder (DBStoreBuilder.java:addTable(110)) - using custom profile for table: validCerts
2019-09-24 22:40:44,361 [main] INFO  db.DBStoreBuilder (DBStoreBuilder.java:processTables(161)) - Using default column profile:DBProfile.DISK for Table:validCerts
2019-09-24 22:40:44,362 [main] INFO  db.DBStoreBuilder (DBStoreBuilder.java:addTable(110)) - using custom profile for table: revokedCerts
2019-09-24 22:40:44,362 [main] INFO  db.DBStoreBuilder (DBStoreBuilder.java:processTables(161)) - Using default column profile:DBProfile.DISK for Table:revokedCerts
2019-09-24 22:40:44,374 [main] INFO  db.DBStoreBuilder (DBStoreBuilder.java:addTable(110)) - using custom profile for table: default
2019-09-24 22:40:44,374 [main] INFO  db.DBStoreBuilder (DBStoreBuilder.java:processTables(167)) - Using default column profile:DBProfile.DISK for Table:default
2019-09-24 22:40:44,375 [main] INFO  db.DBStoreBuilder (DBStoreBuilder.java:getDbProfile(198)) - Using default options. DBProfile.DISK
2019-09-24 22:40:55,611 [main] INFO  net.NodeSchemaLoader (NodeSchemaLoader.java:loadSchemaFromFile(125)) - Loading file from sun.misc.CompoundEnumeration@3f053c80
2019-09-24 22:40:55,612 [main] INFO  net.NodeSchemaLoader (NodeSchemaLoader.java:loadSchema(171)) - Loading network topology layer schema file
2019-09-24 22:40:55,678 [main] WARN  server.ServerUtils (ServerUtils.java:sanitizeUserArgs(70)) - ozone.scm.stale.node.interval value = 300000 is larger than max = 100000 based on the key value of ozone.scm.heartbeat.thread.interval, reset to the max value 100000.
2019-09-24 22:40:55,680 [main] WARN  server.ServerUtils (ServerUtils.java:sanitizeUserArgs(70)) - ozone.scm.stale.node.interval value = 300000 is larger than max = 100000 based on the key value of ozone.scm.heartbeat.thread.interval, reset to the max value 100000.
2019-09-24 22:40:55,682 [main] INFO  node.SCMNodeManager (SCMNodeManager.java:<init>(114)) - Entering startup safe mode.
2019-09-24 22:40:55,700 [main] INFO  algorithms.ContainerPlacementPolicyFactory (ContainerPlacementPolicyFactory.java:getPolicy(57)) - Create container placement policy of type org.apache.hadoop.hdds.scm.container.placement.algorithms.SCMContainerPlacementRandom
2019-09-24 22:40:55,713 [main] WARN  server.ServerUtils (ServerUtils.java:getScmDbDir(145)) - ozone.scm.db.dirs is not configured. We recommend adding this setting. Falling back to ozone.metadata.dirs instead.
2019-09-24 22:40:55,779 [main] INFO  pipeline.SCMPipelineManager (SCMPipelineManager.java:initializePipelineState(132)) - No pipeline exists in current db
2019-09-24 22:40:55,782 [main] WARN  server.ServerUtils (ServerUtils.java:getScmDbDir(145)) - ozone.scm.db.dirs is not configured. We recommend adding this setting. Falling back to ozone.metadata.dirs instead.
2019-09-24 22:40:55,878 [main] WARN  events.EventQueue (EventQueue.java:fireEvent(183)) - No event handler registered for event TypedEvent{payloadType=SafeModeStatus, name='SafeModeStatus'}
2019-09-24 22:40:56,017 [main] INFO  ipc.CallQueueManager (CallQueueManager.java:<init>(84)) - Using callQueue: class java.util.concurrent.LinkedBlockingQueue, queueCapacity: 2000, scheduler: class org.apache.hadoop.ipc.DefaultRpcScheduler, ipcBackoff: false.
2019-09-24 22:40:56,053 [Socket Reader #1 for port 41688] INFO  ipc.Server (Server.java:run(1074)) - Starting Socket Reader #1 for port 41688
2019-09-24 22:40:56,077 [main] INFO  ipc.CallQueueManager (CallQueueManager.java:<init>(84)) - Using callQueue: class java.util.concurrent.LinkedBlockingQueue, queueCapacity: 2000, scheduler: class org.apache.hadoop.ipc.DefaultRpcScheduler, ipcBackoff: false.
2019-09-24 22:40:56,078 [Socket Reader #1 for port 36122] INFO  ipc.Server (Server.java:run(1074)) - Starting Socket Reader #1 for port 36122
2019-09-24 22:40:56,086 [main] INFO  ipc.CallQueueManager (CallQueueManager.java:<init>(84)) - Using callQueue: class java.util.concurrent.LinkedBlockingQueue, queueCapacity: 2000, scheduler: class org.apache.hadoop.ipc.DefaultRpcScheduler, ipcBackoff: false.
2019-09-24 22:40:56,086 [Socket Reader #1 for port 46294] INFO  ipc.Server (Server.java:run(1074)) - Starting Socket Reader #1 for port 46294
2019-09-24 22:40:56,108 [main] INFO  hdfs.DFSUtil (DFSUtil.java:httpServerTemplateForNNAndJN(1641)) - Starting Web-server for scm at: http://0.0.0.0:0
2019-09-24 22:40:56,232 [main] INFO  server.AuthenticationFilter (AuthenticationFilter.java:constructSecretProvider(240)) - Unable to initialize FileSignerSecretProvider, falling back to use random secrets.
2019-09-24 22:40:56,239 [main] WARN  http.HttpRequestLog (HttpRequestLog.java:getRequestLog(97)) - Jetty request log can only be enabled using Log4j
2019-09-24 22:40:56,247 [main] INFO  http.HttpServer2 (HttpServer2.java:addGlobalFilter(975)) - Added global filter 'safety' (class=org.apache.hadoop.http.HttpServer2$QuotingInputFilter)
2019-09-24 22:40:56,249 [main] INFO  http.HttpServer2 (HttpServer2.java:addFilter(948)) - Added filter static_user_filter (class=org.apache.hadoop.http.lib.StaticUserWebFilter$StaticUserFilter) to context scm
2019-09-24 22:40:56,250 [main] INFO  http.HttpServer2 (HttpServer2.java:addFilter(958)) - Added filter static_user_filter (class=org.apache.hadoop.http.lib.StaticUserWebFilter$StaticUserFilter) to context static
2019-09-24 22:40:56,250 [main] INFO  http.HttpServer2 (HttpServer2.java:addFilter(958)) - Added filter static_user_filter (class=org.apache.hadoop.http.lib.StaticUserWebFilter$StaticUserFilter) to context logs
2019-09-24 22:40:56,278 [main] INFO  server.StorageContainerManager (StorageContainerManager.java:start(770)) - StorageContainerLocationProtocol RPC server is listening at /0.0.0.0:46294
2019-09-24 22:40:56,333 [main] WARN  impl.MetricsConfig (MetricsConfig.java:loadFirst(134)) - Cannot locate configuration: tried hadoop-metrics2-storagecontainermanager.properties,hadoop-metrics2.properties
2019-09-24 22:40:56,345 [main] INFO  impl.MetricsSystemImpl (MetricsSystemImpl.java:startTimer(374)) - Scheduled Metric snapshot period at 10 second(s).
2019-09-24 22:40:56,345 [main] INFO  impl.MetricsSystemImpl (MetricsSystemImpl.java:start(191)) - StorageContainerManager metrics system started
2019-09-24 22:40:56,386 [main] INFO  server.SCMClientProtocolServer (SCMClientProtocolServer.java:start(151)) - RPC server for Client  is listening at /0.0.0.0:46294
2019-09-24 22:40:56,386 [IPC Server Responder] INFO  ipc.Server (Server.java:run(1314)) - IPC Server Responder: starting
2019-09-24 22:40:56,387 [IPC Server listener on 46294] INFO  ipc.Server (Server.java:run(1153)) - IPC Server listener on 46294: starting
2019-09-24 22:40:56,391 [main] INFO  server.StorageContainerManager (StorageContainerManager.java:start(780)) - ScmBlockLocationProtocol RPC server is listening at /0.0.0.0:36122
2019-09-24 22:40:56,392 [main] INFO  server.SCMBlockProtocolServer (SCMBlockProtocolServer.java:start(146)) - RPC server for Block Protocol is listening at /0.0.0.0:36122
2019-09-24 22:40:56,392 [IPC Server Responder] INFO  ipc.Server (Server.java:run(1314)) - IPC Server Responder: starting
2019-09-24 22:40:56,393 [IPC Server listener on 36122] INFO  ipc.Server (Server.java:run(1153)) - IPC Server listener on 36122: starting
2019-09-24 22:40:56,396 [main] INFO  server.StorageContainerManager (StorageContainerManager.java:start(784)) - ScmDatanodeProtocl RPC server is listening at /0.0.0.0:41688
2019-09-24 22:40:56,397 [main] INFO  server.SCMDatanodeProtocolServer (SCMDatanodeProtocolServer.java:start(191)) - RPC server for DataNodes is listening at /0.0.0.0:41688
2019-09-24 22:40:56,399 [IPC Server Responder] INFO  ipc.Server (Server.java:run(1314)) - IPC Server Responder: starting
2019-09-24 22:40:56,399 [IPC Server listener on 41688] INFO  ipc.Server (Server.java:run(1153)) - IPC Server listener on 41688: starting
2019-09-24 22:40:56,412 [main] INFO  http.HttpServer2 (HttpServer2.java:bindListener(1191)) - Jetty bound to port 39602
2019-09-24 22:40:56,414 [main] INFO  server.Server (Server.java:doStart(351)) - jetty-9.3.25.v20180904, build timestamp: 2018-09-04T21:11:46Z, git hash: 3ce520221d0240229c862b122d2b06c12a625732
2019-09-24 22:40:56,450 [main] INFO  handler.ContextHandler (ContextHandler.java:doStart(781)) - Started o.e.j.s.ServletContextHandler@5987e932{/logs,file:///workdir/hadoop-ozone/integration-test/target/log,AVAILABLE}
2019-09-24 22:40:56,450 [main] INFO  handler.ContextHandler (ContextHandler.java:doStart(781)) - Started o.e.j.s.ServletContextHandler@5bbbdd4b{/static,file:///workdir/hadoop-ozone/integration-test/target/test-classes/webapps/static,AVAILABLE}
2019-09-24 22:40:56,480 [main] INFO  handler.ContextHandler (ContextHandler.java:doStart(781)) - Started o.e.j.w.WebAppContext@41477a6d{/,file:///workdir/hadoop-ozone/integration-test/target/test-classes/webapps/scm/,AVAILABLE}{/scm}
2019-09-24 22:40:56,486 [main] INFO  server.AbstractConnector (AbstractConnector.java:doStart(278)) - Started ServerConnector@45394b31{HTTP/1.1,[http/1.1]}{0.0.0.0:39602}
2019-09-24 22:40:56,486 [main] INFO  server.Server (Server.java:doStart(419)) - Started @25817ms
2019-09-24 22:40:56,488 [main] INFO  impl.MetricsSinkAdapter (MetricsSinkAdapter.java:start(204)) - Sink prometheus started
2019-09-24 22:40:56,488 [main] INFO  impl.MetricsSystemImpl (MetricsSystemImpl.java:registerSink(301)) - Registered sink prometheus
2019-09-24 22:40:56,490 [main] INFO  server.BaseHttpServer (BaseHttpServer.java:updateConnectorAddress(215)) - HTTP server of SCM is listening at http://0.0.0.0:39602
2019-09-24 22:40:56,502 [org.apache.hadoop.util.JvmPauseMonitor$Monitor@56781d96] INFO  util.JvmPauseMonitor (JvmPauseMonitor.java:run(188)) - Starting JVM pause monitor
2019-09-24 22:40:56,505 [main] WARN  server.ServerUtils (ServerUtils.java:getDBPath(222)) - ozone.om.db.dirs is not configured. We recommend adding this setting. Falling back to ozone.metadata.dirs instead.
2019-09-24 22:40:56,524 [main] INFO  ha.OMHANodeDetails (OMHANodeDetails.java:loadOMHAConfig(181)) - Configuration either no ozone.om.address set. Falling back to the default OM address /127.0.0.1:0
2019-09-24 22:40:56,525 [main] INFO  ha.OMHANodeDetails (OMHANodeDetails.java:getOMNodeDetails(211)) - OM Service ID is not set. Setting it to the default ID: omServiceIdDefault
2019-09-24 22:40:56,527 [main] WARN  server.ServerUtils (ServerUtils.java:getDBPath(222)) - ozone.om.db.dirs is not configured. We recommend adding this setting. Falling back to ozone.metadata.dirs instead.
2019-09-24 22:40:56,528 [main] WARN  server.ServerUtils (ServerUtils.java:getDBPath(222)) - ozone.om.db.dirs is not configured. We recommend adding this setting. Falling back to ozone.metadata.dirs instead.
2019-09-24 22:40:56,644 [main] WARN  server.ServerUtils (ServerUtils.java:getDBPath(222)) - ozone.om.db.dirs is not configured. We recommend adding this setting. Falling back to ozone.metadata.dirs instead.
2019-09-24 22:40:56,650 [main] INFO  db.DBStoreBuilder (DBStoreBuilder.java:addTable(110)) - using custom profile for table: userTable
2019-09-24 22:40:56,650 [main] INFO  db.DBStoreBuilder (DBStoreBuilder.java:processTables(161)) - Using default column profile:DBProfile.DISK for Table:userTable
2019-09-24 22:40:56,650 [main] INFO  db.DBStoreBuilder (DBStoreBuilder.java:addTable(110)) - using custom profile for table: volumeTable
2019-09-24 22:40:56,650 [main] INFO  db.DBStoreBuilder (DBStoreBuilder.java:processTables(161)) - Using default column profile:DBProfile.DISK for Table:volumeTable
2019-09-24 22:40:56,651 [main] INFO  db.DBStoreBuilder (DBStoreBuilder.java:addTable(110)) - using custom profile for table: bucketTable
2019-09-24 22:40:56,651 [main] INFO  db.DBStoreBuilder (DBStoreBuilder.java:processTables(161)) - Using default column profile:DBProfile.DISK for Table:bucketTable
2019-09-24 22:40:56,651 [main] INFO  db.DBStoreBuilder (DBStoreBuilder.java:addTable(110)) - using custom profile for table: keyTable
2019-09-24 22:40:56,651 [main] INFO  db.DBStoreBuilder (DBStoreBuilder.java:processTables(161)) - Using default column profile:DBProfile.DISK for Table:keyTable
2019-09-24 22:40:56,651 [main] INFO  db.DBStoreBuilder (DBStoreBuilder.java:addTable(110)) - using custom profile for table: deletedTable
2019-09-24 22:40:56,652 [main] INFO  db.DBStoreBuilder (DBStoreBuilder.java:processTables(161)) - Using default column profile:DBProfile.DISK for Table:deletedTable
2019-09-24 22:40:56,652 [main] INFO  db.DBStoreBuilder (DBStoreBuilder.java:addTable(110)) - using custom profile for table: openKeyTable
2019-09-24 22:40:56,652 [main] INFO  db.DBStoreBuilder (DBStoreBuilder.java:processTables(161)) - Using default column profile:DBProfile.DISK for Table:openKeyTable
2019-09-24 22:40:56,652 [main] INFO  db.DBStoreBuilder (DBStoreBuilder.java:addTable(110)) - using custom profile for table: s3Table
2019-09-24 22:40:56,652 [main] INFO  db.DBStoreBuilder (DBStoreBuilder.java:processTables(161)) - Using default column profile:DBProfile.DISK for Table:s3Table
2019-09-24 22:40:56,653 [main] INFO  db.DBStoreBuilder (DBStoreBuilder.java:addTable(110)) - using custom profile for table: multipartInfoTable
2019-09-24 22:40:56,653 [main] INFO  db.DBStoreBuilder (DBStoreBuilder.java:processTables(161)) - Using default column profile:DBProfile.DISK for Table:multipartInfoTable
2019-09-24 22:40:56,653 [main] INFO  db.DBStoreBuilder (DBStoreBuilder.java:addTable(110)) - using custom profile for table: dTokenTable
2019-09-24 22:40:56,653 [main] INFO  db.DBStoreBuilder (DBStoreBuilder.java:processTables(161)) - Using default column profile:DBProfile.DISK for Table:dTokenTable
2019-09-24 22:40:56,653 [main] INFO  db.DBStoreBuilder (DBStoreBuilder.java:addTable(110)) - using custom profile for table: s3SecretTable
2019-09-24 22:40:56,653 [main] INFO  db.DBStoreBuilder (DBStoreBuilder.java:processTables(161)) - Using default column profile:DBProfile.DISK for Table:s3SecretTable
2019-09-24 22:40:56,654 [main] INFO  db.DBStoreBuilder (DBStoreBuilder.java:addTable(110)) - using custom profile for table: prefixTable
2019-09-24 22:40:56,654 [main] INFO  db.DBStoreBuilder (DBStoreBuilder.java:processTables(161)) - Using default column profile:DBProfile.DISK for Table:prefixTable
2019-09-24 22:40:56,654 [main] INFO  db.DBStoreBuilder (DBStoreBuilder.java:addTable(110)) - using custom profile for table: default
2019-09-24 22:40:56,654 [main] INFO  db.DBStoreBuilder (DBStoreBuilder.java:processTables(167)) - Using default column profile:DBProfile.DISK for Table:default
2019-09-24 22:40:56,654 [main] INFO  db.DBStoreBuilder (DBStoreBuilder.java:getDbProfile(198)) - Using default options. DBProfile.DISK
2019-09-24 22:40:57,248 [main] INFO  ipc.CallQueueManager (CallQueueManager.java:<init>(84)) - Using callQueue: class java.util.concurrent.LinkedBlockingQueue, queueCapacity: 2000, scheduler: class org.apache.hadoop.ipc.DefaultRpcScheduler, ipcBackoff: false.
2019-09-24 22:40:57,250 [Socket Reader #1 for port 34476] INFO  ipc.Server (Server.java:run(1074)) - Starting Socket Reader #1 for port 34476
2019-09-24 22:40:57,276 [main] INFO  om.OzoneManager (OzoneManager.java:start(1069)) - OzoneManager RPC server is listening at localhost/127.0.0.1:34476
2019-09-24 22:40:57,276 [main] INFO  impl.MetricsSystemImpl (MetricsSystemImpl.java:init(158)) - OzoneManager metrics system started (again)
2019-09-24 22:40:57,292 [IPC Server Responder] INFO  ipc.Server (Server.java:run(1314)) - IPC Server Responder: starting
2019-09-24 22:40:57,292 [IPC Server listener on 34476] INFO  ipc.Server (Server.java:run(1153)) - IPC Server listener on 34476: starting
2019-09-24 22:40:57,312 [main] INFO  hdfs.DFSUtil (DFSUtil.java:httpServerTemplateForNNAndJN(1641)) - Starting Web-server for ozoneManager at: http://0.0.0.0:0
2019-09-24 22:40:57,315 [main] INFO  server.AuthenticationFilter (AuthenticationFilter.java:constructSecretProvider(240)) - Unable to initialize FileSignerSecretProvider, falling back to use random secrets.
2019-09-24 22:40:57,316 [main] WARN  http.HttpRequestLog (HttpRequestLog.java:getRequestLog(97)) - Jetty request log can only be enabled using Log4j
2019-09-24 22:40:57,320 [main] INFO  http.HttpServer2 (HttpServer2.java:addGlobalFilter(975)) - Added global filter 'safety' (class=org.apache.hadoop.http.HttpServer2$QuotingInputFilter)
2019-09-24 22:40:57,321 [main] INFO  http.HttpServer2 (HttpServer2.java:addFilter(948)) - Added filter static_user_filter (class=org.apache.hadoop.http.lib.StaticUserWebFilter$StaticUserFilter) to context ozoneManager
2019-09-24 22:40:57,322 [main] INFO  http.HttpServer2 (HttpServer2.java:addFilter(958)) - Added filter static_user_filter (class=org.apache.hadoop.http.lib.StaticUserWebFilter$StaticUserFilter) to context static
2019-09-24 22:40:57,322 [main] INFO  http.HttpServer2 (HttpServer2.java:addFilter(958)) - Added filter static_user_filter (class=org.apache.hadoop.http.lib.StaticUserWebFilter$StaticUserFilter) to context logs
2019-09-24 22:40:57,325 [main] INFO  http.HttpServer2 (HttpServer2.java:bindListener(1191)) - Jetty bound to port 44577
2019-09-24 22:40:57,326 [main] INFO  server.Server (Server.java:doStart(351)) - jetty-9.3.25.v20180904, build timestamp: 2018-09-04T21:11:46Z, git hash: 3ce520221d0240229c862b122d2b06c12a625732
2019-09-24 22:40:57,328 [main] INFO  handler.ContextHandler (ContextHandler.java:doStart(781)) - Started o.e.j.s.ServletContextHandler@185f7840{/logs,file:///workdir/hadoop-ozone/integration-test/target/log,AVAILABLE}
2019-09-24 22:40:57,330 [main] INFO  handler.ContextHandler (ContextHandler.java:doStart(781)) - Started o.e.j.s.ServletContextHandler@7e7f0f0a{/static,file:///workdir/hadoop-ozone/integration-test/target/test-classes/webapps/static,AVAILABLE}
2019-09-24 22:40:57,337 [main] INFO  handler.ContextHandler (ContextHandler.java:doStart(781)) - Started o.e.j.w.WebAppContext@55f8669d{/,file:///workdir/hadoop-ozone/integration-test/target/test-classes/webapps/ozoneManager/,AVAILABLE}{/ozoneManager}
2019-09-24 22:40:57,339 [main] INFO  server.AbstractConnector (AbstractConnector.java:doStart(278)) - Started ServerConnector@6be25526{HTTP/1.1,[http/1.1]}{0.0.0.0:44577}
2019-09-24 22:40:57,339 [main] INFO  server.Server (Server.java:doStart(419)) - Started @26670ms
2019-09-24 22:40:57,339 [main] WARN  impl.MetricsSystemImpl (MetricsSystemImpl.java:register(276)) - Sink prometheus already exists!
2019-09-24 22:40:57,340 [main] INFO  server.BaseHttpServer (BaseHttpServer.java:updateConnectorAddress(215)) - HTTP server of OZONEMANAGER is listening at http://0.0.0.0:44577
2019-09-24 22:40:57,655 [main] INFO  impl.MetricsSystemImpl (MetricsSystemImpl.java:init(158)) - HddsDatanode metrics system started (again)
2019-09-24 22:40:57,714 [main] INFO  ozone.HddsDatanodeService (HddsDatanodeService.java:start(184)) - HddsDatanodeService host:pr-hdds-2162-v2v4x-1150571016 ip:192.168.151.66
2019-09-24 22:40:57,755 [main] INFO  volume.HddsVolume (HddsVolume.java:<init>(176)) - Creating Volume: /workdir/hadoop-ozone/integration-test/target/test-dir/MiniOzoneClusterImpl-9f0f2ccb-738a-4344-bc48-f2576ae9334a/datanode-0/data/containers/hdds of  storage type : DISK and capacity : 1482555576320
2019-09-24 22:40:57,758 [main] INFO  volume.VolumeSet (VolumeSet.java:initializeVolumeSet(170)) - Added Volume : /workdir/hadoop-ozone/integration-test/target/test-dir/MiniOzoneClusterImpl-9f0f2ccb-738a-4344-bc48-f2576ae9334a/datanode-0/data/containers/hdds to VolumeSet
2019-09-24 22:40:57,761 [main] INFO  volume.ThrottledAsyncChecker (ThrottledAsyncChecker.java:schedule(139)) - Scheduling a check for org.apache.hadoop.ozone.container.common.volume.HddsVolume@13f9ad9
2019-09-24 22:40:57,782 [main] INFO  volume.HddsVolumeChecker (HddsVolumeChecker.java:checkAllVolumes(202)) - Scheduled health check for volume org.apache.hadoop.ozone.container.common.volume.HddsVolume@13f9ad9
2019-09-24 22:40:57,895 [main] INFO  impl.RaftServerProxy (ConfUtils.java:logGet(43)) - raft.rpc.type = GRPC (default)
2019-09-24 22:40:57,961 [main] INFO  grpc.GrpcFactory (GrpcFactory.java:checkPooledByteBufAllocatorUseCacheForAllThreads(45)) - PERFORMANCE WARNING: useCacheForAllThreads is true that may cause Netty to create a lot garbage objects and, as a result, trigger GC.
	It is recommended to disable useCacheForAllThreads by setting -Dorg.apache.ratis.thirdparty.io.netty.allocator.useCacheForAllThreads=false in command line.
2019-09-24 22:40:57,966 [main] INFO  grpc.GrpcConfigKeys$Server (ConfUtils.java:logGet(43)) - raft.grpc.server.port = 0 (default)
2019-09-24 22:40:57,967 [main] INFO  server.GrpcService (ConfUtils.java:logGet(43)) - raft.grpc.message.size.max = 33570816 (custom)
2019-09-24 22:40:57,968 [main] INFO  server.RaftServerConfigKeys (ConfUtils.java:logGet(43)) - raft.server.log.appender.buffer.byte-limit = 33554432 (custom)
2019-09-24 22:40:57,969 [main] INFO  server.GrpcService (ConfUtils.java:logGet(43)) - raft.grpc.flow.control.window = 1MB (=1048576) (default)
2019-09-24 22:40:57,970 [main] INFO  server.RaftServerConfigKeys (ConfUtils.java:logGet(43)) - raft.server.rpc.request.timeout = 3000ms (default)
2019-09-24 22:40:58,128 [main] INFO  server.RaftServerConfigKeys (ConfUtils.java:logGet(43)) - raft.server.storage.dir = [/workdir/hadoop-ozone/integration-test/target/test-dir/MiniOzoneClusterImpl-9f0f2ccb-738a-4344-bc48-f2576ae9334a/datanode-0/data/ratis] (custom)
2019-09-24 22:40:58,182 [main] INFO  hdfs.DFSUtil (DFSUtil.java:httpServerTemplateForNNAndJN(1641)) - Starting Web-server for hddsDatanode at: http://0.0.0.0:0
2019-09-24 22:40:58,183 [main] INFO  server.AuthenticationFilter (AuthenticationFilter.java:constructSecretProvider(240)) - Unable to initialize FileSignerSecretProvider, falling back to use random secrets.
2019-09-24 22:40:58,184 [main] WARN  http.HttpRequestLog (HttpRequestLog.java:getRequestLog(97)) - Jetty request log can only be enabled using Log4j
2019-09-24 22:40:58,186 [main] INFO  http.HttpServer2 (HttpServer2.java:addGlobalFilter(975)) - Added global filter 'safety' (class=org.apache.hadoop.http.HttpServer2$QuotingInputFilter)
2019-09-24 22:40:58,186 [main] INFO  http.HttpServer2 (HttpServer2.java:addFilter(948)) - Added filter static_user_filter (class=org.apache.hadoop.http.lib.StaticUserWebFilter$StaticUserFilter) to context hddsDatanode
2019-09-24 22:40:58,186 [main] INFO  http.HttpServer2 (HttpServer2.java:addFilter(958)) - Added filter static_user_filter (class=org.apache.hadoop.http.lib.StaticUserWebFilter$StaticUserFilter) to context logs
2019-09-24 22:40:58,187 [main] INFO  http.HttpServer2 (HttpServer2.java:addFilter(958)) - Added filter static_user_filter (class=org.apache.hadoop.http.lib.StaticUserWebFilter$StaticUserFilter) to context static
2019-09-24 22:40:58,187 [main] INFO  http.HttpServer2 (HttpServer2.java:bindListener(1191)) - Jetty bound to port 35286
2019-09-24 22:40:58,188 [main] INFO  server.Server (Server.java:doStart(351)) - jetty-9.3.25.v20180904, build timestamp: 2018-09-04T21:11:46Z, git hash: 3ce520221d0240229c862b122d2b06c12a625732
2019-09-24 22:40:58,191 [main] INFO  handler.ContextHandler (ContextHandler.java:doStart(781)) - Started o.e.j.s.ServletContextHandler@43af351a{/logs,file:///workdir/hadoop-ozone/integration-test/target/log,AVAILABLE}
2019-09-24 22:40:58,192 [main] INFO  handler.ContextHandler (ContextHandler.java:doStart(781)) - Started o.e.j.s.ServletContextHandler@72f9f27c{/static,jar:file:/home/user/.m2/repository/org/apache/hadoop/hadoop-hdds-container-service/0.5.0-SNAPSHOT/hadoop-hdds-container-service-0.5.0-SNAPSHOT.jar!/webapps/static,AVAILABLE}
2019-09-24 22:40:58,224 [main] INFO  handler.ContextHandler (ContextHandler.java:doStart(781)) - Started o.e.j.w.WebAppContext@56dfab87{/,file:///tmp/jetty-0.0.0.0-35286-hddsDatanode-_-any-6372122804214738403.dir/webapp/,AVAILABLE}{/hddsDatanode}
2019-09-24 22:40:58,225 [main] INFO  server.AbstractConnector (AbstractConnector.java:doStart(278)) - Started ServerConnector@715b886f{HTTP/1.1,[http/1.1]}{0.0.0.0:35286}
2019-09-24 22:40:58,226 [main] INFO  server.Server (Server.java:doStart(419)) - Started @27557ms
2019-09-24 22:40:58,226 [main] WARN  impl.MetricsSystemImpl (MetricsSystemImpl.java:register(276)) - Sink prometheus already exists!
2019-09-24 22:40:58,227 [main] INFO  server.BaseHttpServer (BaseHttpServer.java:updateConnectorAddress(215)) - HTTP server of HDDSDATANODE is listening at http://0.0.0.0:35286
2019-09-24 22:40:58,228 [main] INFO  impl.MetricsSystemImpl (MetricsSystemImpl.java:init(158)) - HddsDatanode metrics system started (again)
2019-09-24 22:40:58,232 [main] INFO  ozone.HddsDatanodeService (HddsDatanodeService.java:start(184)) - HddsDatanodeService host:pr-hdds-2162-v2v4x-1150571016 ip:192.168.151.66
2019-09-24 22:40:58,235 [org.apache.hadoop.util.JvmPauseMonitor$Monitor@575425cb] INFO  util.JvmPauseMonitor (JvmPauseMonitor.java:run(188)) - Starting JVM pause monitor
2019-09-24 22:40:58,241 [main] INFO  volume.HddsVolume (HddsVolume.java:<init>(176)) - Creating Volume: /workdir/hadoop-ozone/integration-test/target/test-dir/MiniOzoneClusterImpl-9f0f2ccb-738a-4344-bc48-f2576ae9334a/datanode-1/data/containers/hdds of  storage type : DISK and capacity : 1482555576320
2019-09-24 22:40:58,243 [main] INFO  volume.VolumeSet (VolumeSet.java:initializeVolumeSet(170)) - Added Volume : /workdir/hadoop-ozone/integration-test/target/test-dir/MiniOzoneClusterImpl-9f0f2ccb-738a-4344-bc48-f2576ae9334a/datanode-1/data/containers/hdds to VolumeSet
2019-09-24 22:40:58,244 [main] INFO  volume.ThrottledAsyncChecker (ThrottledAsyncChecker.java:schedule(139)) - Scheduling a check for org.apache.hadoop.ozone.container.common.volume.HddsVolume@3f0d6038
2019-09-24 22:40:58,245 [main] INFO  volume.HddsVolumeChecker (HddsVolumeChecker.java:checkAllVolumes(202)) - Scheduled health check for volume org.apache.hadoop.ozone.container.common.volume.HddsVolume@3f0d6038
2019-09-24 22:40:58,271 [main] INFO  impl.RaftServerProxy (ConfUtils.java:logGet(43)) - raft.rpc.type = GRPC (default)
2019-09-24 22:40:58,271 [main] INFO  grpc.GrpcFactory (GrpcFactory.java:checkPooledByteBufAllocatorUseCacheForAllThreads(45)) - PERFORMANCE WARNING: useCacheForAllThreads is true that may cause Netty to create a lot garbage objects and, as a result, trigger GC.
	It is recommended to disable useCacheForAllThreads by setting -Dorg.apache.ratis.thirdparty.io.netty.allocator.useCacheForAllThreads=false in command line.
2019-09-24 22:40:58,272 [main] INFO  grpc.GrpcConfigKeys$Server (ConfUtils.java:logGet(43)) - raft.grpc.server.port = 0 (default)
2019-09-24 22:40:58,272 [main] INFO  server.GrpcService (ConfUtils.java:logGet(43)) - raft.grpc.message.size.max = 33570816 (custom)
2019-09-24 22:40:58,273 [main] INFO  server.RaftServerConfigKeys (ConfUtils.java:logGet(43)) - raft.server.log.appender.buffer.byte-limit = 33554432 (custom)
2019-09-24 22:40:58,273 [main] INFO  server.GrpcService (ConfUtils.java:logGet(43)) - raft.grpc.flow.control.window = 1MB (=1048576) (default)
2019-09-24 22:40:58,273 [main] INFO  server.RaftServerConfigKeys (ConfUtils.java:logGet(43)) - raft.server.rpc.request.timeout = 3000ms (default)
2019-09-24 22:40:58,274 [main] INFO  server.RaftServerConfigKeys (ConfUtils.java:logGet(43)) - raft.server.storage.dir = [/workdir/hadoop-ozone/integration-test/target/test-dir/MiniOzoneClusterImpl-9f0f2ccb-738a-4344-bc48-f2576ae9334a/datanode-1/data/ratis] (custom)
2019-09-24 22:40:58,277 [main] INFO  hdfs.DFSUtil (DFSUtil.java:httpServerTemplateForNNAndJN(1641)) - Starting Web-server for hddsDatanode at: http://0.0.0.0:0
2019-09-24 22:40:58,279 [main] INFO  server.AuthenticationFilter (AuthenticationFilter.java:constructSecretProvider(240)) - Unable to initialize FileSignerSecretProvider, falling back to use random secrets.
2019-09-24 22:40:58,279 [main] WARN  http.HttpRequestLog (HttpRequestLog.java:getRequestLog(97)) - Jetty request log can only be enabled using Log4j
2019-09-24 22:40:58,282 [main] INFO  http.HttpServer2 (HttpServer2.java:addGlobalFilter(975)) - Added global filter 'safety' (class=org.apache.hadoop.http.HttpServer2$QuotingInputFilter)
2019-09-24 22:40:58,283 [main] INFO  http.HttpServer2 (HttpServer2.java:addFilter(948)) - Added filter static_user_filter (class=org.apache.hadoop.http.lib.StaticUserWebFilter$StaticUserFilter) to context hddsDatanode
2019-09-24 22:40:58,283 [main] INFO  http.HttpServer2 (HttpServer2.java:addFilter(958)) - Added filter static_user_filter (class=org.apache.hadoop.http.lib.StaticUserWebFilter$StaticUserFilter) to context logs
2019-09-24 22:40:58,283 [main] INFO  http.HttpServer2 (HttpServer2.java:addFilter(958)) - Added filter static_user_filter (class=org.apache.hadoop.http.lib.StaticUserWebFilter$StaticUserFilter) to context static
2019-09-24 22:40:58,284 [main] INFO  http.HttpServer2 (HttpServer2.java:bindListener(1191)) - Jetty bound to port 39164
2019-09-24 22:40:58,285 [main] INFO  server.Server (Server.java:doStart(351)) - jetty-9.3.25.v20180904, build timestamp: 2018-09-04T21:11:46Z, git hash: 3ce520221d0240229c862b122d2b06c12a625732
2019-09-24 22:40:58,287 [main] INFO  handler.ContextHandler (ContextHandler.java:doStart(781)) - Started o.e.j.s.ServletContextHandler@68b9834c{/logs,file:///workdir/hadoop-ozone/integration-test/target/log,AVAILABLE}
2019-09-24 22:40:58,288 [main] INFO  handler.ContextHandler (ContextHandler.java:doStart(781)) - Started o.e.j.s.ServletContextHandler@671d1157{/static,jar:file:/home/user/.m2/repository/org/apache/hadoop/hadoop-hdds-container-service/0.5.0-SNAPSHOT/hadoop-hdds-container-service-0.5.0-SNAPSHOT.jar!/webapps/static,AVAILABLE}
2019-09-24 22:40:58,329 [main] INFO  handler.ContextHandler (ContextHandler.java:doStart(781)) - Started o.e.j.w.WebAppContext@5a1c3cb4{/,file:///tmp/jetty-0.0.0.0-39164-hddsDatanode-_-any-8950840369109189441.dir/webapp/,AVAILABLE}{/hddsDatanode}
2019-09-24 22:40:58,330 [main] INFO  server.AbstractConnector (AbstractConnector.java:doStart(278)) - Started ServerConnector@76ad6715{HTTP/1.1,[http/1.1]}{0.0.0.0:39164}
2019-09-24 22:40:58,331 [main] INFO  server.Server (Server.java:doStart(419)) - Started @27662ms
2019-09-24 22:40:58,331 [main] WARN  impl.MetricsSystemImpl (MetricsSystemImpl.java:register(276)) - Sink prometheus already exists!
2019-09-24 22:40:58,332 [main] INFO  server.BaseHttpServer (BaseHttpServer.java:updateConnectorAddress(215)) - HTTP server of HDDSDATANODE is listening at http://0.0.0.0:39164
2019-09-24 22:40:58,333 [main] INFO  impl.MetricsSystemImpl (MetricsSystemImpl.java:init(158)) - HddsDatanode metrics system started (again)
2019-09-24 22:40:58,336 [org.apache.hadoop.util.JvmPauseMonitor$Monitor@5a008d88] INFO  util.JvmPauseMonitor (JvmPauseMonitor.java:run(188)) - Starting JVM pause monitor
2019-09-24 22:40:58,337 [main] INFO  ozone.HddsDatanodeService (HddsDatanodeService.java:start(184)) - HddsDatanodeService host:pr-hdds-2162-v2v4x-1150571016 ip:192.168.151.66
2019-09-24 22:40:58,344 [main] INFO  volume.HddsVolume (HddsVolume.java:<init>(176)) - Creating Volume: /workdir/hadoop-ozone/integration-test/target/test-dir/MiniOzoneClusterImpl-9f0f2ccb-738a-4344-bc48-f2576ae9334a/datanode-2/data/containers/hdds of  storage type : DISK and capacity : 1482555576320
2019-09-24 22:40:58,344 [main] INFO  volume.VolumeSet (VolumeSet.java:initializeVolumeSet(170)) - Added Volume : /workdir/hadoop-ozone/integration-test/target/test-dir/MiniOzoneClusterImpl-9f0f2ccb-738a-4344-bc48-f2576ae9334a/datanode-2/data/containers/hdds to VolumeSet
2019-09-24 22:40:58,344 [main] INFO  volume.ThrottledAsyncChecker (ThrottledAsyncChecker.java:schedule(139)) - Scheduling a check for org.apache.hadoop.ozone.container.common.volume.HddsVolume@32130e61
2019-09-24 22:40:58,345 [main] INFO  volume.HddsVolumeChecker (HddsVolumeChecker.java:checkAllVolumes(202)) - Scheduled health check for volume org.apache.hadoop.ozone.container.common.volume.HddsVolume@32130e61
2019-09-24 22:40:58,360 [main] INFO  impl.RaftServerProxy (ConfUtils.java:logGet(43)) - raft.rpc.type = GRPC (default)
2019-09-24 22:40:58,360 [main] INFO  grpc.GrpcFactory (GrpcFactory.java:checkPooledByteBufAllocatorUseCacheForAllThreads(45)) - PERFORMANCE WARNING: useCacheForAllThreads is true that may cause Netty to create a lot garbage objects and, as a result, trigger GC.
	It is recommended to disable useCacheForAllThreads by setting -Dorg.apache.ratis.thirdparty.io.netty.allocator.useCacheForAllThreads=false in command line.
2019-09-24 22:40:58,360 [main] INFO  grpc.GrpcConfigKeys$Server (ConfUtils.java:logGet(43)) - raft.grpc.server.port = 0 (default)
2019-09-24 22:40:58,361 [main] INFO  server.GrpcService (ConfUtils.java:logGet(43)) - raft.grpc.message.size.max = 33570816 (custom)
2019-09-24 22:40:58,361 [main] INFO  server.RaftServerConfigKeys (ConfUtils.java:logGet(43)) - raft.server.log.appender.buffer.byte-limit = 33554432 (custom)
2019-09-24 22:40:58,361 [main] INFO  server.GrpcService (ConfUtils.java:logGet(43)) - raft.grpc.flow.control.window = 1MB (=1048576) (default)
2019-09-24 22:40:58,361 [main] INFO  server.RaftServerConfigKeys (ConfUtils.java:logGet(43)) - raft.server.rpc.request.timeout = 3000ms (default)
2019-09-24 22:40:58,362 [main] INFO  server.RaftServerConfigKeys (ConfUtils.java:logGet(43)) - raft.server.storage.dir = [/workdir/hadoop-ozone/integration-test/target/test-dir/MiniOzoneClusterImpl-9f0f2ccb-738a-4344-bc48-f2576ae9334a/datanode-2/data/ratis] (custom)
2019-09-24 22:40:58,364 [main] INFO  hdfs.DFSUtil (DFSUtil.java:httpServerTemplateForNNAndJN(1641)) - Starting Web-server for hddsDatanode at: http://0.0.0.0:0
2019-09-24 22:40:58,366 [main] INFO  server.AuthenticationFilter (AuthenticationFilter.java:constructSecretProvider(240)) - Unable to initialize FileSignerSecretProvider, falling back to use random secrets.
2019-09-24 22:40:58,366 [main] WARN  http.HttpRequestLog (HttpRequestLog.java:getRequestLog(97)) - Jetty request log can only be enabled using Log4j
2019-09-24 22:40:58,367 [Datanode State Machine Thread - 0] INFO  datanode.InitDatanodeState (InitDatanodeState.java:persistContainerDatanodeDetails(140)) - DatanodeDetails is persisted to /workdir/hadoop-ozone/integration-test/target/test-dir/MiniOzoneClusterImpl-9f0f2ccb-738a-4344-bc48-f2576ae9334a/datanode-0/meta/datanode.id
2019-09-24 22:40:58,369 [main] INFO  http.HttpServer2 (HttpServer2.java:addGlobalFilter(975)) - Added global filter 'safety' (class=org.apache.hadoop.http.HttpServer2$QuotingInputFilter)
2019-09-24 22:40:58,371 [main] INFO  http.HttpServer2 (HttpServer2.java:addFilter(948)) - Added filter static_user_filter (class=org.apache.hadoop.http.lib.StaticUserWebFilter$StaticUserFilter) to context hddsDatanode
2019-09-24 22:40:58,371 [main] INFO  http.HttpServer2 (HttpServer2.java:addFilter(958)) - Added filter static_user_filter (class=org.apache.hadoop.http.lib.StaticUserWebFilter$StaticUserFilter) to context logs
2019-09-24 22:40:58,371 [main] INFO  http.HttpServer2 (HttpServer2.java:addFilter(958)) - Added filter static_user_filter (class=org.apache.hadoop.http.lib.StaticUserWebFilter$StaticUserFilter) to context static
2019-09-24 22:40:58,372 [Datanode State Machine Thread - 0] INFO  datanode.InitDatanodeState (InitDatanodeState.java:persistContainerDatanodeDetails(140)) - DatanodeDetails is persisted to /workdir/hadoop-ozone/integration-test/target/test-dir/MiniOzoneClusterImpl-9f0f2ccb-738a-4344-bc48-f2576ae9334a/datanode-1/meta/datanode.id
2019-09-24 22:40:58,373 [main] INFO  http.HttpServer2 (HttpServer2.java:bindListener(1191)) - Jetty bound to port 35321
2019-09-24 22:40:58,373 [main] INFO  server.Server (Server.java:doStart(351)) - jetty-9.3.25.v20180904, build timestamp: 2018-09-04T21:11:46Z, git hash: 3ce520221d0240229c862b122d2b06c12a625732
2019-09-24 22:40:58,379 [main] INFO  handler.ContextHandler (ContextHandler.java:doStart(781)) - Started o.e.j.s.ServletContextHandler@4f9a6c2d{/logs,file:///workdir/hadoop-ozone/integration-test/target/log,AVAILABLE}
2019-09-24 22:40:58,379 [main] INFO  handler.ContextHandler (ContextHandler.java:doStart(781)) - Started o.e.j.s.ServletContextHandler@75de6341{/static,jar:file:/home/user/.m2/repository/org/apache/hadoop/hadoop-hdds-container-service/0.5.0-SNAPSHOT/hadoop-hdds-container-service-0.5.0-SNAPSHOT.jar!/webapps/static,AVAILABLE}
2019-09-24 22:40:58,409 [main] INFO  handler.ContextHandler (ContextHandler.java:doStart(781)) - Started o.e.j.w.WebAppContext@3ba46e63{/,file:///tmp/jetty-0.0.0.0-35321-hddsDatanode-_-any-5723079532183192787.dir/webapp/,AVAILABLE}{/hddsDatanode}
2019-09-24 22:40:58,409 [main] INFO  server.AbstractConnector (AbstractConnector.java:doStart(278)) - Started ServerConnector@788ddc1f{HTTP/1.1,[http/1.1]}{0.0.0.0:35321}
2019-09-24 22:40:58,410 [main] INFO  server.Server (Server.java:doStart(419)) - Started @27741ms
2019-09-24 22:40:58,410 [main] WARN  impl.MetricsSystemImpl (MetricsSystemImpl.java:register(276)) - Sink prometheus already exists!
2019-09-24 22:40:58,411 [main] INFO  server.BaseHttpServer (BaseHttpServer.java:updateConnectorAddress(215)) - HTTP server of HDDSDATANODE is listening at http://0.0.0.0:35321
2019-09-24 22:40:58,412 [main] INFO  impl.MetricsSystemImpl (MetricsSystemImpl.java:init(158)) - HddsDatanode metrics system started (again)
2019-09-24 22:40:58,415 [main] INFO  ozone.HddsDatanodeService (HddsDatanodeService.java:start(184)) - HddsDatanodeService host:pr-hdds-2162-v2v4x-1150571016 ip:192.168.151.66
2019-09-24 22:40:58,415 [org.apache.hadoop.util.JvmPauseMonitor$Monitor@3e88d87f] INFO  util.JvmPauseMonitor (JvmPauseMonitor.java:run(188)) - Starting JVM pause monitor
2019-09-24 22:40:58,418 [Datanode State Machine Thread - 0] INFO  datanode.InitDatanodeState (InitDatanodeState.java:persistContainerDatanodeDetails(140)) - DatanodeDetails is persisted to /workdir/hadoop-ozone/integration-test/target/test-dir/MiniOzoneClusterImpl-9f0f2ccb-738a-4344-bc48-f2576ae9334a/datanode-2/meta/datanode.id
2019-09-24 22:40:58,422 [main] INFO  volume.HddsVolume (HddsVolume.java:<init>(176)) - Creating Volume: /workdir/hadoop-ozone/integration-test/target/test-dir/MiniOzoneClusterImpl-9f0f2ccb-738a-4344-bc48-f2576ae9334a/datanode-3/data/containers/hdds of  storage type : DISK and capacity : 1482555576320
2019-09-24 22:40:58,423 [main] INFO  volume.VolumeSet (VolumeSet.java:initializeVolumeSet(170)) - Added Volume : /workdir/hadoop-ozone/integration-test/target/test-dir/MiniOzoneClusterImpl-9f0f2ccb-738a-4344-bc48-f2576ae9334a/datanode-3/data/containers/hdds to VolumeSet
2019-09-24 22:40:58,423 [main] INFO  volume.ThrottledAsyncChecker (ThrottledAsyncChecker.java:schedule(139)) - Scheduling a check for org.apache.hadoop.ozone.container.common.volume.HddsVolume@29149030
2019-09-24 22:40:58,423 [main] INFO  volume.HddsVolumeChecker (HddsVolumeChecker.java:checkAllVolumes(202)) - Scheduled health check for volume org.apache.hadoop.ozone.container.common.volume.HddsVolume@29149030
2019-09-24 22:40:58,439 [main] INFO  impl.RaftServerProxy (ConfUtils.java:logGet(43)) - raft.rpc.type = GRPC (default)
2019-09-24 22:40:58,439 [main] INFO  grpc.GrpcFactory (GrpcFactory.java:checkPooledByteBufAllocatorUseCacheForAllThreads(45)) - PERFORMANCE WARNING: useCacheForAllThreads is true that may cause Netty to create a lot garbage objects and, as a result, trigger GC.
	It is recommended to disable useCacheForAllThreads by setting -Dorg.apache.ratis.thirdparty.io.netty.allocator.useCacheForAllThreads=false in command line.
2019-09-24 22:40:58,439 [main] INFO  grpc.GrpcConfigKeys$Server (ConfUtils.java:logGet(43)) - raft.grpc.server.port = 0 (default)
2019-09-24 22:40:58,440 [main] INFO  server.GrpcService (ConfUtils.java:logGet(43)) - raft.grpc.message.size.max = 33570816 (custom)
2019-09-24 22:40:58,440 [main] INFO  server.RaftServerConfigKeys (ConfUtils.java:logGet(43)) - raft.server.log.appender.buffer.byte-limit = 33554432 (custom)
2019-09-24 22:40:58,440 [main] INFO  server.GrpcService (ConfUtils.java:logGet(43)) - raft.grpc.flow.control.window = 1MB (=1048576) (default)
2019-09-24 22:40:58,440 [main] INFO  server.RaftServerConfigKeys (ConfUtils.java:logGet(43)) - raft.server.rpc.request.timeout = 3000ms (default)
2019-09-24 22:40:58,441 [main] INFO  server.RaftServerConfigKeys (ConfUtils.java:logGet(43)) - raft.server.storage.dir = [/workdir/hadoop-ozone/integration-test/target/test-dir/MiniOzoneClusterImpl-9f0f2ccb-738a-4344-bc48-f2576ae9334a/datanode-3/data/ratis] (custom)
2019-09-24 22:40:58,443 [main] INFO  hdfs.DFSUtil (DFSUtil.java:httpServerTemplateForNNAndJN(1641)) - Starting Web-server for hddsDatanode at: http://0.0.0.0:0
2019-09-24 22:40:58,444 [main] INFO  server.AuthenticationFilter (AuthenticationFilter.java:constructSecretProvider(240)) - Unable to initialize FileSignerSecretProvider, falling back to use random secrets.
2019-09-24 22:40:58,444 [main] WARN  http.HttpRequestLog (HttpRequestLog.java:getRequestLog(97)) - Jetty request log can only be enabled using Log4j
2019-09-24 22:40:58,446 [main] INFO  http.HttpServer2 (HttpServer2.java:addGlobalFilter(975)) - Added global filter 'safety' (class=org.apache.hadoop.http.HttpServer2$QuotingInputFilter)
2019-09-24 22:40:58,447 [main] INFO  http.HttpServer2 (HttpServer2.java:addFilter(948)) - Added filter static_user_filter (class=org.apache.hadoop.http.lib.StaticUserWebFilter$StaticUserFilter) to context hddsDatanode
2019-09-24 22:40:58,447 [main] INFO  http.HttpServer2 (HttpServer2.java:addFilter(958)) - Added filter static_user_filter (class=org.apache.hadoop.http.lib.StaticUserWebFilter$StaticUserFilter) to context static
2019-09-24 22:40:58,447 [main] INFO  http.HttpServer2 (HttpServer2.java:addFilter(958)) - Added filter static_user_filter (class=org.apache.hadoop.http.lib.StaticUserWebFilter$StaticUserFilter) to context logs
2019-09-24 22:40:58,448 [main] INFO  http.HttpServer2 (HttpServer2.java:bindListener(1191)) - Jetty bound to port 44793
2019-09-24 22:40:58,448 [main] INFO  server.Server (Server.java:doStart(351)) - jetty-9.3.25.v20180904, build timestamp: 2018-09-04T21:11:46Z, git hash: 3ce520221d0240229c862b122d2b06c12a625732
2019-09-24 22:40:58,450 [main] INFO  handler.ContextHandler (ContextHandler.java:doStart(781)) - Started o.e.j.s.ServletContextHandler@753aca85{/logs,file:///workdir/hadoop-ozone/integration-test/target/log,AVAILABLE}
2019-09-24 22:40:58,450 [main] INFO  handler.ContextHandler (ContextHandler.java:doStart(781)) - Started o.e.j.s.ServletContextHandler@574a89e2{/static,jar:file:/home/user/.m2/repository/org/apache/hadoop/hadoop-hdds-container-service/0.5.0-SNAPSHOT/hadoop-hdds-container-service-0.5.0-SNAPSHOT.jar!/webapps/static,AVAILABLE}
2019-09-24 22:40:58,492 [main] INFO  handler.ContextHandler (ContextHandler.java:doStart(781)) - Started o.e.j.w.WebAppContext@984169e{/,file:///tmp/jetty-0.0.0.0-44793-hddsDatanode-_-any-2499275628519603788.dir/webapp/,AVAILABLE}{/hddsDatanode}
2019-09-24 22:40:58,493 [main] INFO  server.AbstractConnector (AbstractConnector.java:doStart(278)) - Started ServerConnector@43f1bb92{HTTP/1.1,[http/1.1]}{0.0.0.0:44793}
2019-09-24 22:40:58,494 [main] INFO  server.Server (Server.java:doStart(419)) - Started @27825ms
2019-09-24 22:40:58,495 [main] WARN  impl.MetricsSystemImpl (MetricsSystemImpl.java:register(276)) - Sink prometheus already exists!
2019-09-24 22:40:58,496 [main] INFO  server.BaseHttpServer (BaseHttpServer.java:updateConnectorAddress(215)) - HTTP server of HDDSDATANODE is listening at http://0.0.0.0:44793
2019-09-24 22:40:58,496 [main] INFO  impl.MetricsSystemImpl (MetricsSystemImpl.java:init(158)) - HddsDatanode metrics system started (again)
2019-09-24 22:40:58,500 [org.apache.hadoop.util.JvmPauseMonitor$Monitor@1be73b8c] INFO  util.JvmPauseMonitor (JvmPauseMonitor.java:run(188)) - Starting JVM pause monitor
2019-09-24 22:40:58,501 [main] INFO  ozone.HddsDatanodeService (HddsDatanodeService.java:start(184)) - HddsDatanodeService host:pr-hdds-2162-v2v4x-1150571016 ip:192.168.151.66
2019-09-24 22:40:58,503 [Datanode State Machine Thread - 0] INFO  datanode.InitDatanodeState (InitDatanodeState.java:persistContainerDatanodeDetails(140)) - DatanodeDetails is persisted to /workdir/hadoop-ozone/integration-test/target/test-dir/MiniOzoneClusterImpl-9f0f2ccb-738a-4344-bc48-f2576ae9334a/datanode-3/meta/datanode.id
2019-09-24 22:40:58,509 [main] INFO  volume.HddsVolume (HddsVolume.java:<init>(176)) - Creating Volume: /workdir/hadoop-ozone/integration-test/target/test-dir/MiniOzoneClusterImpl-9f0f2ccb-738a-4344-bc48-f2576ae9334a/datanode-4/data/containers/hdds of  storage type : DISK and capacity : 1482555576320
2019-09-24 22:40:58,510 [main] INFO  volume.VolumeSet (VolumeSet.java:initializeVolumeSet(170)) - Added Volume : /workdir/hadoop-ozone/integration-test/target/test-dir/MiniOzoneClusterImpl-9f0f2ccb-738a-4344-bc48-f2576ae9334a/datanode-4/data/containers/hdds to VolumeSet
2019-09-24 22:40:58,510 [main] INFO  volume.ThrottledAsyncChecker (ThrottledAsyncChecker.java:schedule(139)) - Scheduling a check for org.apache.hadoop.ozone.container.common.volume.HddsVolume@378f002a
2019-09-24 22:40:58,511 [main] INFO  volume.HddsVolumeChecker (HddsVolumeChecker.java:checkAllVolumes(202)) - Scheduled health check for volume org.apache.hadoop.ozone.container.common.volume.HddsVolume@378f002a
2019-09-24 22:40:58,531 [main] INFO  impl.RaftServerProxy (ConfUtils.java:logGet(43)) - raft.rpc.type = GRPC (default)
2019-09-24 22:40:58,532 [main] INFO  grpc.GrpcFactory (GrpcFactory.java:checkPooledByteBufAllocatorUseCacheForAllThreads(45)) - PERFORMANCE WARNING: useCacheForAllThreads is true that may cause Netty to create a lot garbage objects and, as a result, trigger GC.
	It is recommended to disable useCacheForAllThreads by setting -Dorg.apache.ratis.thirdparty.io.netty.allocator.useCacheForAllThreads=false in command line.
2019-09-24 22:40:58,532 [main] INFO  grpc.GrpcConfigKeys$Server (ConfUtils.java:logGet(43)) - raft.grpc.server.port = 0 (default)
2019-09-24 22:40:58,532 [main] INFO  server.GrpcService (ConfUtils.java:logGet(43)) - raft.grpc.message.size.max = 33570816 (custom)
2019-09-24 22:40:58,533 [main] INFO  server.RaftServerConfigKeys (ConfUtils.java:logGet(43)) - raft.server.log.appender.buffer.byte-limit = 33554432 (custom)
2019-09-24 22:40:58,533 [main] INFO  server.GrpcService (ConfUtils.java:logGet(43)) - raft.grpc.flow.control.window = 1MB (=1048576) (default)
2019-09-24 22:40:58,533 [main] INFO  server.RaftServerConfigKeys (ConfUtils.java:logGet(43)) - raft.server.rpc.request.timeout = 3000ms (default)
2019-09-24 22:40:58,534 [main] INFO  server.RaftServerConfigKeys (ConfUtils.java:logGet(43)) - raft.server.storage.dir = [/workdir/hadoop-ozone/integration-test/target/test-dir/MiniOzoneClusterImpl-9f0f2ccb-738a-4344-bc48-f2576ae9334a/datanode-4/data/ratis] (custom)
2019-09-24 22:40:58,536 [main] INFO  hdfs.DFSUtil (DFSUtil.java:httpServerTemplateForNNAndJN(1641)) - Starting Web-server for hddsDatanode at: http://0.0.0.0:0
2019-09-24 22:40:58,538 [main] INFO  server.AuthenticationFilter (AuthenticationFilter.java:constructSecretProvider(240)) - Unable to initialize FileSignerSecretProvider, falling back to use random secrets.
2019-09-24 22:40:58,539 [main] WARN  http.HttpRequestLog (HttpRequestLog.java:getRequestLog(97)) - Jetty request log can only be enabled using Log4j
2019-09-24 22:40:58,541 [main] INFO  http.HttpServer2 (HttpServer2.java:addGlobalFilter(975)) - Added global filter 'safety' (class=org.apache.hadoop.http.HttpServer2$QuotingInputFilter)
2019-09-24 22:40:58,542 [main] INFO  http.HttpServer2 (HttpServer2.java:addFilter(948)) - Added filter static_user_filter (class=org.apache.hadoop.http.lib.StaticUserWebFilter$StaticUserFilter) to context hddsDatanode
2019-09-24 22:40:58,542 [main] INFO  http.HttpServer2 (HttpServer2.java:addFilter(958)) - Added filter static_user_filter (class=org.apache.hadoop.http.lib.StaticUserWebFilter$StaticUserFilter) to context logs
2019-09-24 22:40:58,542 [main] INFO  http.HttpServer2 (HttpServer2.java:addFilter(958)) - Added filter static_user_filter (class=org.apache.hadoop.http.lib.StaticUserWebFilter$StaticUserFilter) to context static
2019-09-24 22:40:58,543 [main] INFO  http.HttpServer2 (HttpServer2.java:bindListener(1191)) - Jetty bound to port 38094
2019-09-24 22:40:58,543 [main] INFO  server.Server (Server.java:doStart(351)) - jetty-9.3.25.v20180904, build timestamp: 2018-09-04T21:11:46Z, git hash: 3ce520221d0240229c862b122d2b06c12a625732
2019-09-24 22:40:58,546 [main] INFO  handler.ContextHandler (ContextHandler.java:doStart(781)) - Started o.e.j.s.ServletContextHandler@544e8149{/logs,file:///workdir/hadoop-ozone/integration-test/target/log,AVAILABLE}
2019-09-24 22:40:58,546 [main] INFO  handler.ContextHandler (ContextHandler.java:doStart(781)) - Started o.e.j.s.ServletContextHandler@1a96d94c{/static,jar:file:/home/user/.m2/repository/org/apache/hadoop/hadoop-hdds-container-service/0.5.0-SNAPSHOT/hadoop-hdds-container-service-0.5.0-SNAPSHOT.jar!/webapps/static,AVAILABLE}
2019-09-24 22:40:58,585 [main] INFO  handler.ContextHandler (ContextHandler.java:doStart(781)) - Started o.e.j.w.WebAppContext@6d5c2745{/,file:///tmp/jetty-0.0.0.0-38094-hddsDatanode-_-any-7028727148280258255.dir/webapp/,AVAILABLE}{/hddsDatanode}
2019-09-24 22:40:58,585 [main] INFO  server.AbstractConnector (AbstractConnector.java:doStart(278)) - Started ServerConnector@44b29496{HTTP/1.1,[http/1.1]}{0.0.0.0:38094}
2019-09-24 22:40:58,586 [main] INFO  server.Server (Server.java:doStart(419)) - Started @27918ms
2019-09-24 22:40:58,587 [main] WARN  impl.MetricsSystemImpl (MetricsSystemImpl.java:register(276)) - Sink prometheus already exists!
2019-09-24 22:40:58,587 [main] INFO  server.BaseHttpServer (BaseHttpServer.java:updateConnectorAddress(215)) - HTTP server of HDDSDATANODE is listening at http://0.0.0.0:38094
2019-09-24 22:40:58,588 [main] INFO  impl.MetricsSystemImpl (MetricsSystemImpl.java:init(158)) - HddsDatanode metrics system started (again)
2019-09-24 22:40:58,592 [main] INFO  ozone.HddsDatanodeService (HddsDatanodeService.java:start(184)) - HddsDatanodeService host:pr-hdds-2162-v2v4x-1150571016 ip:192.168.151.66
2019-09-24 22:40:58,592 [org.apache.hadoop.util.JvmPauseMonitor$Monitor@500f302d] INFO  util.JvmPauseMonitor (JvmPauseMonitor.java:run(188)) - Starting JVM pause monitor
2019-09-24 22:40:58,595 [Datanode State Machine Thread - 0] INFO  datanode.InitDatanodeState (InitDatanodeState.java:persistContainerDatanodeDetails(140)) - DatanodeDetails is persisted to /workdir/hadoop-ozone/integration-test/target/test-dir/MiniOzoneClusterImpl-9f0f2ccb-738a-4344-bc48-f2576ae9334a/datanode-4/meta/datanode.id
2019-09-24 22:40:58,603 [main] INFO  volume.HddsVolume (HddsVolume.java:<init>(176)) - Creating Volume: /workdir/hadoop-ozone/integration-test/target/test-dir/MiniOzoneClusterImpl-9f0f2ccb-738a-4344-bc48-f2576ae9334a/datanode-5/data/containers/hdds of  storage type : DISK and capacity : 1482555576320
2019-09-24 22:40:58,603 [main] INFO  volume.VolumeSet (VolumeSet.java:initializeVolumeSet(170)) - Added Volume : /workdir/hadoop-ozone/integration-test/target/test-dir/MiniOzoneClusterImpl-9f0f2ccb-738a-4344-bc48-f2576ae9334a/datanode-5/data/containers/hdds to VolumeSet
2019-09-24 22:40:58,603 [main] INFO  volume.ThrottledAsyncChecker (ThrottledAsyncChecker.java:schedule(139)) - Scheduling a check for org.apache.hadoop.ozone.container.common.volume.HddsVolume@5a3a1bf9
2019-09-24 22:40:58,604 [main] INFO  volume.HddsVolumeChecker (HddsVolumeChecker.java:checkAllVolumes(202)) - Scheduled health check for volume org.apache.hadoop.ozone.container.common.volume.HddsVolume@5a3a1bf9
2019-09-24 22:40:58,619 [main] INFO  impl.RaftServerProxy (ConfUtils.java:logGet(43)) - raft.rpc.type = GRPC (default)
2019-09-24 22:40:58,620 [main] INFO  grpc.GrpcFactory (GrpcFactory.java:checkPooledByteBufAllocatorUseCacheForAllThreads(45)) - PERFORMANCE WARNING: useCacheForAllThreads is true that may cause Netty to create a lot garbage objects and, as a result, trigger GC.
	It is recommended to disable useCacheForAllThreads by setting -Dorg.apache.ratis.thirdparty.io.netty.allocator.useCacheForAllThreads=false in command line.
2019-09-24 22:40:58,620 [main] INFO  grpc.GrpcConfigKeys$Server (ConfUtils.java:logGet(43)) - raft.grpc.server.port = 0 (default)
2019-09-24 22:40:58,620 [main] INFO  server.GrpcService (ConfUtils.java:logGet(43)) - raft.grpc.message.size.max = 33570816 (custom)
2019-09-24 22:40:58,620 [main] INFO  server.RaftServerConfigKeys (ConfUtils.java:logGet(43)) - raft.server.log.appender.buffer.byte-limit = 33554432 (custom)
2019-09-24 22:40:58,621 [main] INFO  server.GrpcService (ConfUtils.java:logGet(43)) - raft.grpc.flow.control.window = 1MB (=1048576) (default)
2019-09-24 22:40:58,621 [main] INFO  server.RaftServerConfigKeys (ConfUtils.java:logGet(43)) - raft.server.rpc.request.timeout = 3000ms (default)
2019-09-24 22:40:58,621 [main] INFO  server.RaftServerConfigKeys (ConfUtils.java:logGet(43)) - raft.server.storage.dir = [/workdir/hadoop-ozone/integration-test/target/test-dir/MiniOzoneClusterImpl-9f0f2ccb-738a-4344-bc48-f2576ae9334a/datanode-5/data/ratis] (custom)
2019-09-24 22:40:58,623 [main] INFO  hdfs.DFSUtil (DFSUtil.java:httpServerTemplateForNNAndJN(1641)) - Starting Web-server for hddsDatanode at: http://0.0.0.0:0
2019-09-24 22:40:58,625 [main] INFO  server.AuthenticationFilter (AuthenticationFilter.java:constructSecretProvider(240)) - Unable to initialize FileSignerSecretProvider, falling back to use random secrets.
2019-09-24 22:40:58,625 [main] WARN  http.HttpRequestLog (HttpRequestLog.java:getRequestLog(97)) - Jetty request log can only be enabled using Log4j
2019-09-24 22:40:58,627 [main] INFO  http.HttpServer2 (HttpServer2.java:addGlobalFilter(975)) - Added global filter 'safety' (class=org.apache.hadoop.http.HttpServer2$QuotingInputFilter)
2019-09-24 22:40:58,627 [main] INFO  http.HttpServer2 (HttpServer2.java:addFilter(948)) - Added filter static_user_filter (class=org.apache.hadoop.http.lib.StaticUserWebFilter$StaticUserFilter) to context hddsDatanode
2019-09-24 22:40:58,628 [main] INFO  http.HttpServer2 (HttpServer2.java:addFilter(958)) - Added filter static_user_filter (class=org.apache.hadoop.http.lib.StaticUserWebFilter$StaticUserFilter) to context static
2019-09-24 22:40:58,628 [main] INFO  http.HttpServer2 (HttpServer2.java:addFilter(958)) - Added filter static_user_filter (class=org.apache.hadoop.http.lib.StaticUserWebFilter$StaticUserFilter) to context logs
2019-09-24 22:40:58,629 [main] INFO  http.HttpServer2 (HttpServer2.java:bindListener(1191)) - Jetty bound to port 37175
2019-09-24 22:40:58,629 [main] INFO  server.Server (Server.java:doStart(351)) - jetty-9.3.25.v20180904, build timestamp: 2018-09-04T21:11:46Z, git hash: 3ce520221d0240229c862b122d2b06c12a625732
2019-09-24 22:40:58,631 [main] INFO  handler.ContextHandler (ContextHandler.java:doStart(781)) - Started o.e.j.s.ServletContextHandler@714f3da4{/logs,file:///workdir/hadoop-ozone/integration-test/target/log,AVAILABLE}
2019-09-24 22:40:58,631 [main] INFO  handler.ContextHandler (ContextHandler.java:doStart(781)) - Started o.e.j.s.ServletContextHandler@1f53481b{/static,jar:file:/home/user/.m2/repository/org/apache/hadoop/hadoop-hdds-container-service/0.5.0-SNAPSHOT/hadoop-hdds-container-service-0.5.0-SNAPSHOT.jar!/webapps/static,AVAILABLE}
2019-09-24 22:40:58,661 [main] INFO  handler.ContextHandler (ContextHandler.java:doStart(781)) - Started o.e.j.w.WebAppContext@2975a9e{/,file:///tmp/jetty-0.0.0.0-37175-hddsDatanode-_-any-3508040831423760525.dir/webapp/,AVAILABLE}{/hddsDatanode}
2019-09-24 22:40:58,662 [main] INFO  server.AbstractConnector (AbstractConnector.java:doStart(278)) - Started ServerConnector@765ffb14{HTTP/1.1,[http/1.1]}{0.0.0.0:37175}
2019-09-24 22:40:58,663 [main] INFO  server.Server (Server.java:doStart(419)) - Started @27994ms
2019-09-24 22:40:58,663 [main] WARN  impl.MetricsSystemImpl (MetricsSystemImpl.java:register(276)) - Sink prometheus already exists!
2019-09-24 22:40:58,664 [main] INFO  server.BaseHttpServer (BaseHttpServer.java:updateConnectorAddress(215)) - HTTP server of HDDSDATANODE is listening at http://0.0.0.0:37175
2019-09-24 22:40:58,664 [main] INFO  impl.MetricsSystemImpl (MetricsSystemImpl.java:init(158)) - HddsDatanode metrics system started (again)
2019-09-24 22:40:58,670 [main] INFO  ozone.HddsDatanodeService (HddsDatanodeService.java:start(184)) - HddsDatanodeService host:pr-hdds-2162-v2v4x-1150571016 ip:192.168.151.66
2019-09-24 22:40:58,670 [org.apache.hadoop.util.JvmPauseMonitor$Monitor@2bdddc25] INFO  util.JvmPauseMonitor (JvmPauseMonitor.java:run(188)) - Starting JVM pause monitor
2019-09-24 22:40:58,673 [Datanode State Machine Thread - 0] INFO  datanode.InitDatanodeState (InitDatanodeState.java:persistContainerDatanodeDetails(140)) - DatanodeDetails is persisted to /workdir/hadoop-ozone/integration-test/target/test-dir/MiniOzoneClusterImpl-9f0f2ccb-738a-4344-bc48-f2576ae9334a/datanode-5/meta/datanode.id
2019-09-24 22:40:58,678 [main] INFO  volume.HddsVolume (HddsVolume.java:<init>(176)) - Creating Volume: /workdir/hadoop-ozone/integration-test/target/test-dir/MiniOzoneClusterImpl-9f0f2ccb-738a-4344-bc48-f2576ae9334a/datanode-6/data/containers/hdds of  storage type : DISK and capacity : 1482555576320
2019-09-24 22:40:58,678 [main] INFO  volume.VolumeSet (VolumeSet.java:initializeVolumeSet(170)) - Added Volume : /workdir/hadoop-ozone/integration-test/target/test-dir/MiniOzoneClusterImpl-9f0f2ccb-738a-4344-bc48-f2576ae9334a/datanode-6/data/containers/hdds to VolumeSet
2019-09-24 22:40:58,678 [main] INFO  volume.ThrottledAsyncChecker (ThrottledAsyncChecker.java:schedule(139)) - Scheduling a check for org.apache.hadoop.ozone.container.common.volume.HddsVolume@52ff99cd
2019-09-24 22:40:58,679 [main] INFO  volume.HddsVolumeChecker (HddsVolumeChecker.java:checkAllVolumes(202)) - Scheduled health check for volume org.apache.hadoop.ozone.container.common.volume.HddsVolume@52ff99cd
2019-09-24 22:40:58,697 [main] INFO  impl.RaftServerProxy (ConfUtils.java:logGet(43)) - raft.rpc.type = GRPC (default)
2019-09-24 22:40:58,697 [main] INFO  grpc.GrpcFactory (GrpcFactory.java:checkPooledByteBufAllocatorUseCacheForAllThreads(45)) - PERFORMANCE WARNING: useCacheForAllThreads is true that may cause Netty to create a lot garbage objects and, as a result, trigger GC.
	It is recommended to disable useCacheForAllThreads by setting -Dorg.apache.ratis.thirdparty.io.netty.allocator.useCacheForAllThreads=false in command line.
2019-09-24 22:40:58,697 [main] INFO  grpc.GrpcConfigKeys$Server (ConfUtils.java:logGet(43)) - raft.grpc.server.port = 0 (default)
2019-09-24 22:40:58,698 [main] INFO  server.GrpcService (ConfUtils.java:logGet(43)) - raft.grpc.message.size.max = 33570816 (custom)
2019-09-24 22:40:58,698 [main] INFO  server.RaftServerConfigKeys (ConfUtils.java:logGet(43)) - raft.server.log.appender.buffer.byte-limit = 33554432 (custom)
2019-09-24 22:40:58,699 [main] INFO  server.GrpcService (ConfUtils.java:logGet(43)) - raft.grpc.flow.control.window = 1MB (=1048576) (default)
2019-09-24 22:40:58,699 [main] INFO  server.RaftServerConfigKeys (ConfUtils.java:logGet(43)) - raft.server.rpc.request.timeout = 3000ms (default)
2019-09-24 22:40:58,700 [main] INFO  server.RaftServerConfigKeys (ConfUtils.java:logGet(43)) - raft.server.storage.dir = [/workdir/hadoop-ozone/integration-test/target/test-dir/MiniOzoneClusterImpl-9f0f2ccb-738a-4344-bc48-f2576ae9334a/datanode-6/data/ratis] (custom)
2019-09-24 22:40:58,702 [main] INFO  hdfs.DFSUtil (DFSUtil.java:httpServerTemplateForNNAndJN(1641)) - Starting Web-server for hddsDatanode at: http://0.0.0.0:0
2019-09-24 22:40:58,704 [main] INFO  server.AuthenticationFilter (AuthenticationFilter.java:constructSecretProvider(240)) - Unable to initialize FileSignerSecretProvider, falling back to use random secrets.
2019-09-24 22:40:58,704 [main] WARN  http.HttpRequestLog (HttpRequestLog.java:getRequestLog(97)) - Jetty request log can only be enabled using Log4j
2019-09-24 22:40:58,705 [main] INFO  http.HttpServer2 (HttpServer2.java:addGlobalFilter(975)) - Added global filter 'safety' (class=org.apache.hadoop.http.HttpServer2$QuotingInputFilter)
2019-09-24 22:40:58,706 [main] INFO  http.HttpServer2 (HttpServer2.java:addFilter(948)) - Added filter static_user_filter (class=org.apache.hadoop.http.lib.StaticUserWebFilter$StaticUserFilter) to context hddsDatanode
2019-09-24 22:40:58,706 [main] INFO  http.HttpServer2 (HttpServer2.java:addFilter(958)) - Added filter static_user_filter (class=org.apache.hadoop.http.lib.StaticUserWebFilter$StaticUserFilter) to context logs
2019-09-24 22:40:58,706 [main] INFO  http.HttpServer2 (HttpServer2.java:addFilter(958)) - Added filter static_user_filter (class=org.apache.hadoop.http.lib.StaticUserWebFilter$StaticUserFilter) to context static
2019-09-24 22:40:58,707 [main] INFO  http.HttpServer2 (HttpServer2.java:bindListener(1191)) - Jetty bound to port 33532
2019-09-24 22:40:58,707 [main] INFO  server.Server (Server.java:doStart(351)) - jetty-9.3.25.v20180904, build timestamp: 2018-09-04T21:11:46Z, git hash: 3ce520221d0240229c862b122d2b06c12a625732
2019-09-24 22:40:58,709 [main] INFO  handler.ContextHandler (ContextHandler.java:doStart(781)) - Started o.e.j.s.ServletContextHandler@77049094{/logs,file:///workdir/hadoop-ozone/integration-test/target/log,AVAILABLE}
2019-09-24 22:40:58,709 [main] INFO  handler.ContextHandler (ContextHandler.java:doStart(781)) - Started o.e.j.s.ServletContextHandler@59bbe88a{/static,jar:file:/home/user/.m2/repository/org/apache/hadoop/hadoop-hdds-container-service/0.5.0-SNAPSHOT/hadoop-hdds-container-service-0.5.0-SNAPSHOT.jar!/webapps/static,AVAILABLE}
2019-09-24 22:40:58,738 [main] INFO  handler.ContextHandler (ContextHandler.java:doStart(781)) - Started o.e.j.w.WebAppContext@640ab13c{/,file:///tmp/jetty-0.0.0.0-33532-hddsDatanode-_-any-8159915673233751228.dir/webapp/,AVAILABLE}{/hddsDatanode}
2019-09-24 22:40:58,739 [main] INFO  server.AbstractConnector (AbstractConnector.java:doStart(278)) - Started ServerConnector@1e0a864d{HTTP/1.1,[http/1.1]}{0.0.0.0:33532}
2019-09-24 22:40:58,739 [main] INFO  server.Server (Server.java:doStart(419)) - Started @28070ms
2019-09-24 22:40:58,739 [main] WARN  impl.MetricsSystemImpl (MetricsSystemImpl.java:register(276)) - Sink prometheus already exists!
2019-09-24 22:40:58,740 [main] INFO  server.BaseHttpServer (BaseHttpServer.java:updateConnectorAddress(215)) - HTTP server of HDDSDATANODE is listening at http://0.0.0.0:33532
2019-09-24 22:40:58,740 [main] INFO  impl.MetricsSystemImpl (MetricsSystemImpl.java:init(158)) - HddsDatanode metrics system started (again)
2019-09-24 22:40:58,745 [main] INFO  ozone.HddsDatanodeService (HddsDatanodeService.java:start(184)) - HddsDatanodeService host:pr-hdds-2162-v2v4x-1150571016 ip:192.168.151.66
2019-09-24 22:40:58,745 [org.apache.hadoop.util.JvmPauseMonitor$Monitor@312c4860] INFO  util.JvmPauseMonitor (JvmPauseMonitor.java:run(188)) - Starting JVM pause monitor
2019-09-24 22:40:58,748 [Datanode State Machine Thread - 0] INFO  datanode.InitDatanodeState (InitDatanodeState.java:persistContainerDatanodeDetails(140)) - DatanodeDetails is persisted to /workdir/hadoop-ozone/integration-test/target/test-dir/MiniOzoneClusterImpl-9f0f2ccb-738a-4344-bc48-f2576ae9334a/datanode-6/meta/datanode.id
2019-09-24 22:40:58,755 [main] INFO  volume.HddsVolume (HddsVolume.java:<init>(176)) - Creating Volume: /workdir/hadoop-ozone/integration-test/target/test-dir/MiniOzoneClusterImpl-9f0f2ccb-738a-4344-bc48-f2576ae9334a/datanode-7/data/containers/hdds of  storage type : DISK and capacity : 1482555576320
2019-09-24 22:40:58,755 [main] INFO  volume.VolumeSet (VolumeSet.java:initializeVolumeSet(170)) - Added Volume : /workdir/hadoop-ozone/integration-test/target/test-dir/MiniOzoneClusterImpl-9f0f2ccb-738a-4344-bc48-f2576ae9334a/datanode-7/data/containers/hdds to VolumeSet
2019-09-24 22:40:58,755 [main] INFO  volume.ThrottledAsyncChecker (ThrottledAsyncChecker.java:schedule(139)) - Scheduling a check for org.apache.hadoop.ozone.container.common.volume.HddsVolume@33ecbd6c
2019-09-24 22:40:58,756 [main] INFO  volume.HddsVolumeChecker (HddsVolumeChecker.java:checkAllVolumes(202)) - Scheduled health check for volume org.apache.hadoop.ozone.container.common.volume.HddsVolume@33ecbd6c
2019-09-24 22:40:58,770 [main] INFO  impl.RaftServerProxy (ConfUtils.java:logGet(43)) - raft.rpc.type = GRPC (default)
2019-09-24 22:40:58,770 [main] INFO  grpc.GrpcFactory (GrpcFactory.java:checkPooledByteBufAllocatorUseCacheForAllThreads(45)) - PERFORMANCE WARNING: useCacheForAllThreads is true that may cause Netty to create a lot garbage objects and, as a result, trigger GC.
	It is recommended to disable useCacheForAllThreads by setting -Dorg.apache.ratis.thirdparty.io.netty.allocator.useCacheForAllThreads=false in command line.
2019-09-24 22:40:58,770 [main] INFO  grpc.GrpcConfigKeys$Server (ConfUtils.java:logGet(43)) - raft.grpc.server.port = 0 (default)
2019-09-24 22:40:58,770 [main] INFO  server.GrpcService (ConfUtils.java:logGet(43)) - raft.grpc.message.size.max = 33570816 (custom)
2019-09-24 22:40:58,771 [main] INFO  server.RaftServerConfigKeys (ConfUtils.java:logGet(43)) - raft.server.log.appender.buffer.byte-limit = 33554432 (custom)
2019-09-24 22:40:58,771 [main] INFO  server.GrpcService (ConfUtils.java:logGet(43)) - raft.grpc.flow.control.window = 1MB (=1048576) (default)
2019-09-24 22:40:58,771 [main] INFO  server.RaftServerConfigKeys (ConfUtils.java:logGet(43)) - raft.server.rpc.request.timeout = 3000ms (default)
2019-09-24 22:40:58,771 [main] INFO  server.RaftServerConfigKeys (ConfUtils.java:logGet(43)) - raft.server.storage.dir = [/workdir/hadoop-ozone/integration-test/target/test-dir/MiniOzoneClusterImpl-9f0f2ccb-738a-4344-bc48-f2576ae9334a/datanode-7/data/ratis] (custom)
2019-09-24 22:40:58,773 [main] INFO  hdfs.DFSUtil (DFSUtil.java:httpServerTemplateForNNAndJN(1641)) - Starting Web-server for hddsDatanode at: http://0.0.0.0:0
2019-09-24 22:40:58,774 [main] INFO  server.AuthenticationFilter (AuthenticationFilter.java:constructSecretProvider(240)) - Unable to initialize FileSignerSecretProvider, falling back to use random secrets.
2019-09-24 22:40:58,775 [main] WARN  http.HttpRequestLog (HttpRequestLog.java:getRequestLog(97)) - Jetty request log can only be enabled using Log4j
2019-09-24 22:40:58,776 [main] INFO  http.HttpServer2 (HttpServer2.java:addGlobalFilter(975)) - Added global filter 'safety' (class=org.apache.hadoop.http.HttpServer2$QuotingInputFilter)
2019-09-24 22:40:58,777 [main] INFO  http.HttpServer2 (HttpServer2.java:addFilter(948)) - Added filter static_user_filter (class=org.apache.hadoop.http.lib.StaticUserWebFilter$StaticUserFilter) to context hddsDatanode
2019-09-24 22:40:58,777 [main] INFO  http.HttpServer2 (HttpServer2.java:addFilter(958)) - Added filter static_user_filter (class=org.apache.hadoop.http.lib.StaticUserWebFilter$StaticUserFilter) to context logs
2019-09-24 22:40:58,777 [main] INFO  http.HttpServer2 (HttpServer2.java:addFilter(958)) - Added filter static_user_filter (class=org.apache.hadoop.http.lib.StaticUserWebFilter$StaticUserFilter) to context static
2019-09-24 22:40:58,778 [main] INFO  http.HttpServer2 (HttpServer2.java:bindListener(1191)) - Jetty bound to port 39273
2019-09-24 22:40:58,778 [main] INFO  server.Server (Server.java:doStart(351)) - jetty-9.3.25.v20180904, build timestamp: 2018-09-04T21:11:46Z, git hash: 3ce520221d0240229c862b122d2b06c12a625732
2019-09-24 22:40:58,780 [main] INFO  handler.ContextHandler (ContextHandler.java:doStart(781)) - Started o.e.j.s.ServletContextHandler@a50d709{/logs,file:///workdir/hadoop-ozone/integration-test/target/log,AVAILABLE}
2019-09-24 22:40:58,780 [main] INFO  handler.ContextHandler (ContextHandler.java:doStart(781)) - Started o.e.j.s.ServletContextHandler@6920b0bc{/static,jar:file:/home/user/.m2/repository/org/apache/hadoop/hadoop-hdds-container-service/0.5.0-SNAPSHOT/hadoop-hdds-container-service-0.5.0-SNAPSHOT.jar!/webapps/static,AVAILABLE}
2019-09-24 22:40:58,808 [main] INFO  handler.ContextHandler (ContextHandler.java:doStart(781)) - Started o.e.j.w.WebAppContext@1d12e953{/,file:///tmp/jetty-0.0.0.0-39273-hddsDatanode-_-any-1482397652722830573.dir/webapp/,AVAILABLE}{/hddsDatanode}
2019-09-24 22:40:58,809 [main] INFO  server.AbstractConnector (AbstractConnector.java:doStart(278)) - Started ServerConnector@57cb70be{HTTP/1.1,[http/1.1]}{0.0.0.0:39273}
2019-09-24 22:40:58,810 [main] INFO  server.Server (Server.java:doStart(419)) - Started @28141ms
2019-09-24 22:40:58,810 [main] WARN  impl.MetricsSystemImpl (MetricsSystemImpl.java:register(276)) - Sink prometheus already exists!
2019-09-24 22:40:58,810 [main] INFO  server.BaseHttpServer (BaseHttpServer.java:updateConnectorAddress(215)) - HTTP server of HDDSDATANODE is listening at http://0.0.0.0:39273
2019-09-24 22:40:58,811 [main] INFO  impl.MetricsSystemImpl (MetricsSystemImpl.java:init(158)) - HddsDatanode metrics system started (again)
2019-09-24 22:40:58,815 [main] INFO  ozone.HddsDatanodeService (HddsDatanodeService.java:start(184)) - HddsDatanodeService host:pr-hdds-2162-v2v4x-1150571016 ip:192.168.151.66
2019-09-24 22:40:58,816 [org.apache.hadoop.util.JvmPauseMonitor$Monitor@35f55402] INFO  util.JvmPauseMonitor (JvmPauseMonitor.java:run(188)) - Starting JVM pause monitor
2019-09-24 22:40:58,818 [Datanode State Machine Thread - 0] INFO  datanode.InitDatanodeState (InitDatanodeState.java:persistContainerDatanodeDetails(140)) - DatanodeDetails is persisted to /workdir/hadoop-ozone/integration-test/target/test-dir/MiniOzoneClusterImpl-9f0f2ccb-738a-4344-bc48-f2576ae9334a/datanode-7/meta/datanode.id
2019-09-24 22:40:58,822 [main] INFO  volume.HddsVolume (HddsVolume.java:<init>(176)) - Creating Volume: /workdir/hadoop-ozone/integration-test/target/test-dir/MiniOzoneClusterImpl-9f0f2ccb-738a-4344-bc48-f2576ae9334a/datanode-8/data/containers/hdds of  storage type : DISK and capacity : 1482555576320
2019-09-24 22:40:58,822 [main] INFO  volume.VolumeSet (VolumeSet.java:initializeVolumeSet(170)) - Added Volume : /workdir/hadoop-ozone/integration-test/target/test-dir/MiniOzoneClusterImpl-9f0f2ccb-738a-4344-bc48-f2576ae9334a/datanode-8/data/containers/hdds to VolumeSet
2019-09-24 22:40:58,823 [main] INFO  volume.ThrottledAsyncChecker (ThrottledAsyncChecker.java:schedule(139)) - Scheduling a check for org.apache.hadoop.ozone.container.common.volume.HddsVolume@33956d1a
2019-09-24 22:40:58,823 [main] INFO  volume.HddsVolumeChecker (HddsVolumeChecker.java:checkAllVolumes(202)) - Scheduled health check for volume org.apache.hadoop.ozone.container.common.volume.HddsVolume@33956d1a
2019-09-24 22:40:58,836 [main] INFO  impl.RaftServerProxy (ConfUtils.java:logGet(43)) - raft.rpc.type = GRPC (default)
2019-09-24 22:40:58,836 [main] INFO  grpc.GrpcFactory (GrpcFactory.java:checkPooledByteBufAllocatorUseCacheForAllThreads(45)) - PERFORMANCE WARNING: useCacheForAllThreads is true that may cause Netty to create a lot garbage objects and, as a result, trigger GC.
	It is recommended to disable useCacheForAllThreads by setting -Dorg.apache.ratis.thirdparty.io.netty.allocator.useCacheForAllThreads=false in command line.
2019-09-24 22:40:58,837 [main] INFO  grpc.GrpcConfigKeys$Server (ConfUtils.java:logGet(43)) - raft.grpc.server.port = 0 (default)
2019-09-24 22:40:58,837 [main] INFO  server.GrpcService (ConfUtils.java:logGet(43)) - raft.grpc.message.size.max = 33570816 (custom)
2019-09-24 22:40:58,837 [main] INFO  server.RaftServerConfigKeys (ConfUtils.java:logGet(43)) - raft.server.log.appender.buffer.byte-limit = 33554432 (custom)
2019-09-24 22:40:58,837 [main] INFO  server.GrpcService (ConfUtils.java:logGet(43)) - raft.grpc.flow.control.window = 1MB (=1048576) (default)
2019-09-24 22:40:58,837 [main] INFO  server.RaftServerConfigKeys (ConfUtils.java:logGet(43)) - raft.server.rpc.request.timeout = 3000ms (default)
2019-09-24 22:40:58,838 [main] INFO  server.RaftServerConfigKeys (ConfUtils.java:logGet(43)) - raft.server.storage.dir = [/workdir/hadoop-ozone/integration-test/target/test-dir/MiniOzoneClusterImpl-9f0f2ccb-738a-4344-bc48-f2576ae9334a/datanode-8/data/ratis] (custom)
2019-09-24 22:40:58,839 [main] INFO  hdfs.DFSUtil (DFSUtil.java:httpServerTemplateForNNAndJN(1641)) - Starting Web-server for hddsDatanode at: http://0.0.0.0:0
2019-09-24 22:40:58,840 [main] INFO  server.AuthenticationFilter (AuthenticationFilter.java:constructSecretProvider(240)) - Unable to initialize FileSignerSecretProvider, falling back to use random secrets.
2019-09-24 22:40:58,841 [main] WARN  http.HttpRequestLog (HttpRequestLog.java:getRequestLog(97)) - Jetty request log can only be enabled using Log4j
2019-09-24 22:40:58,842 [main] INFO  http.HttpServer2 (HttpServer2.java:addGlobalFilter(975)) - Added global filter 'safety' (class=org.apache.hadoop.http.HttpServer2$QuotingInputFilter)
2019-09-24 22:40:58,843 [main] INFO  http.HttpServer2 (HttpServer2.java:addFilter(948)) - Added filter static_user_filter (class=org.apache.hadoop.http.lib.StaticUserWebFilter$StaticUserFilter) to context hddsDatanode
2019-09-24 22:40:58,843 [main] INFO  http.HttpServer2 (HttpServer2.java:addFilter(958)) - Added filter static_user_filter (class=org.apache.hadoop.http.lib.StaticUserWebFilter$StaticUserFilter) to context static
2019-09-24 22:40:58,843 [main] INFO  http.HttpServer2 (HttpServer2.java:addFilter(958)) - Added filter static_user_filter (class=org.apache.hadoop.http.lib.StaticUserWebFilter$StaticUserFilter) to context logs
2019-09-24 22:40:58,844 [main] INFO  http.HttpServer2 (HttpServer2.java:bindListener(1191)) - Jetty bound to port 39857
2019-09-24 22:40:58,844 [main] INFO  server.Server (Server.java:doStart(351)) - jetty-9.3.25.v20180904, build timestamp: 2018-09-04T21:11:46Z, git hash: 3ce520221d0240229c862b122d2b06c12a625732
2019-09-24 22:40:58,846 [main] INFO  handler.ContextHandler (ContextHandler.java:doStart(781)) - Started o.e.j.s.ServletContextHandler@75120e58{/logs,file:///workdir/hadoop-ozone/integration-test/target/log,AVAILABLE}
2019-09-24 22:40:58,846 [main] INFO  handler.ContextHandler (ContextHandler.java:doStart(781)) - Started o.e.j.s.ServletContextHandler@2a367e93{/static,jar:file:/home/user/.m2/repository/org/apache/hadoop/hadoop-hdds-container-service/0.5.0-SNAPSHOT/hadoop-hdds-container-service-0.5.0-SNAPSHOT.jar!/webapps/static,AVAILABLE}
2019-09-24 22:40:58,885 [main] INFO  handler.ContextHandler (ContextHandler.java:doStart(781)) - Started o.e.j.w.WebAppContext@4e682398{/,file:///tmp/jetty-0.0.0.0-39857-hddsDatanode-_-any-5330612793145599831.dir/webapp/,AVAILABLE}{/hddsDatanode}
2019-09-24 22:40:58,886 [main] INFO  server.AbstractConnector (AbstractConnector.java:doStart(278)) - Started ServerConnector@670b3ca{HTTP/1.1,[http/1.1]}{0.0.0.0:39857}
2019-09-24 22:40:58,887 [main] INFO  server.Server (Server.java:doStart(419)) - Started @28218ms
2019-09-24 22:40:58,888 [main] WARN  impl.MetricsSystemImpl (MetricsSystemImpl.java:register(276)) - Sink prometheus already exists!
2019-09-24 22:40:58,888 [main] INFO  server.BaseHttpServer (BaseHttpServer.java:updateConnectorAddress(215)) - HTTP server of HDDSDATANODE is listening at http://0.0.0.0:39857
2019-09-24 22:40:58,889 [main] INFO  impl.MetricsSystemImpl (MetricsSystemImpl.java:init(158)) - HddsDatanode metrics system started (again)
2019-09-24 22:40:58,893 [main] INFO  ozone.HddsDatanodeService (HddsDatanodeService.java:start(184)) - HddsDatanodeService host:pr-hdds-2162-v2v4x-1150571016 ip:192.168.151.66
2019-09-24 22:40:58,893 [org.apache.hadoop.util.JvmPauseMonitor$Monitor@488d1812] INFO  util.JvmPauseMonitor (JvmPauseMonitor.java:run(188)) - Starting JVM pause monitor
2019-09-24 22:40:58,896 [Datanode State Machine Thread - 0] INFO  datanode.InitDatanodeState (InitDatanodeState.java:persistContainerDatanodeDetails(140)) - DatanodeDetails is persisted to /workdir/hadoop-ozone/integration-test/target/test-dir/MiniOzoneClusterImpl-9f0f2ccb-738a-4344-bc48-f2576ae9334a/datanode-8/meta/datanode.id
2019-09-24 22:40:58,900 [main] INFO  volume.HddsVolume (HddsVolume.java:<init>(176)) - Creating Volume: /workdir/hadoop-ozone/integration-test/target/test-dir/MiniOzoneClusterImpl-9f0f2ccb-738a-4344-bc48-f2576ae9334a/datanode-9/data/containers/hdds of  storage type : DISK and capacity : 1482555576320
2019-09-24 22:40:58,900 [main] INFO  volume.VolumeSet (VolumeSet.java:initializeVolumeSet(170)) - Added Volume : /workdir/hadoop-ozone/integration-test/target/test-dir/MiniOzoneClusterImpl-9f0f2ccb-738a-4344-bc48-f2576ae9334a/datanode-9/data/containers/hdds to VolumeSet
2019-09-24 22:40:58,901 [main] INFO  volume.ThrottledAsyncChecker (ThrottledAsyncChecker.java:schedule(139)) - Scheduling a check for org.apache.hadoop.ozone.container.common.volume.HddsVolume@474821de
2019-09-24 22:40:58,901 [main] INFO  volume.HddsVolumeChecker (HddsVolumeChecker.java:checkAllVolumes(202)) - Scheduled health check for volume org.apache.hadoop.ozone.container.common.volume.HddsVolume@474821de
2019-09-24 22:40:58,915 [main] INFO  impl.RaftServerProxy (ConfUtils.java:logGet(43)) - raft.rpc.type = GRPC (default)
2019-09-24 22:40:58,915 [main] INFO  grpc.GrpcFactory (GrpcFactory.java:checkPooledByteBufAllocatorUseCacheForAllThreads(45)) - PERFORMANCE WARNING: useCacheForAllThreads is true that may cause Netty to create a lot garbage objects and, as a result, trigger GC.
	It is recommended to disable useCacheForAllThreads by setting -Dorg.apache.ratis.thirdparty.io.netty.allocator.useCacheForAllThreads=false in command line.
2019-09-24 22:40:58,915 [main] INFO  grpc.GrpcConfigKeys$Server (ConfUtils.java:logGet(43)) - raft.grpc.server.port = 0 (default)
2019-09-24 22:40:58,915 [main] INFO  server.GrpcService (ConfUtils.java:logGet(43)) - raft.grpc.message.size.max = 33570816 (custom)
2019-09-24 22:40:58,915 [main] INFO  server.RaftServerConfigKeys (ConfUtils.java:logGet(43)) - raft.server.log.appender.buffer.byte-limit = 33554432 (custom)
2019-09-24 22:40:58,916 [main] INFO  server.GrpcService (ConfUtils.java:logGet(43)) - raft.grpc.flow.control.window = 1MB (=1048576) (default)
2019-09-24 22:40:58,916 [main] INFO  server.RaftServerConfigKeys (ConfUtils.java:logGet(43)) - raft.server.rpc.request.timeout = 3000ms (default)
2019-09-24 22:40:58,916 [main] INFO  server.RaftServerConfigKeys (ConfUtils.java:logGet(43)) - raft.server.storage.dir = [/workdir/hadoop-ozone/integration-test/target/test-dir/MiniOzoneClusterImpl-9f0f2ccb-738a-4344-bc48-f2576ae9334a/datanode-9/data/ratis] (custom)
2019-09-24 22:40:58,918 [main] INFO  hdfs.DFSUtil (DFSUtil.java:httpServerTemplateForNNAndJN(1641)) - Starting Web-server for hddsDatanode at: http://0.0.0.0:0
2019-09-24 22:40:58,919 [main] INFO  server.AuthenticationFilter (AuthenticationFilter.java:constructSecretProvider(240)) - Unable to initialize FileSignerSecretProvider, falling back to use random secrets.
2019-09-24 22:40:58,920 [main] WARN  http.HttpRequestLog (HttpRequestLog.java:getRequestLog(97)) - Jetty request log can only be enabled using Log4j
2019-09-24 22:40:58,921 [main] INFO  http.HttpServer2 (HttpServer2.java:addGlobalFilter(975)) - Added global filter 'safety' (class=org.apache.hadoop.http.HttpServer2$QuotingInputFilter)
2019-09-24 22:40:58,921 [main] INFO  http.HttpServer2 (HttpServer2.java:addFilter(948)) - Added filter static_user_filter (class=org.apache.hadoop.http.lib.StaticUserWebFilter$StaticUserFilter) to context hddsDatanode
2019-09-24 22:40:58,922 [main] INFO  http.HttpServer2 (HttpServer2.java:addFilter(958)) - Added filter static_user_filter (class=org.apache.hadoop.http.lib.StaticUserWebFilter$StaticUserFilter) to context logs
2019-09-24 22:40:58,922 [main] INFO  http.HttpServer2 (HttpServer2.java:addFilter(958)) - Added filter static_user_filter (class=org.apache.hadoop.http.lib.StaticUserWebFilter$StaticUserFilter) to context static
2019-09-24 22:40:58,922 [main] INFO  http.HttpServer2 (HttpServer2.java:bindListener(1191)) - Jetty bound to port 41377
2019-09-24 22:40:58,923 [main] INFO  server.Server (Server.java:doStart(351)) - jetty-9.3.25.v20180904, build timestamp: 2018-09-04T21:11:46Z, git hash: 3ce520221d0240229c862b122d2b06c12a625732
2019-09-24 22:40:58,924 [main] INFO  handler.ContextHandler (ContextHandler.java:doStart(781)) - Started o.e.j.s.ServletContextHandler@5e1dde44{/logs,file:///workdir/hadoop-ozone/integration-test/target/log,AVAILABLE}
2019-09-24 22:40:58,925 [main] INFO  handler.ContextHandler (ContextHandler.java:doStart(781)) - Started o.e.j.s.ServletContextHandler@71e35c4{/static,jar:file:/home/user/.m2/repository/org/apache/hadoop/hadoop-hdds-container-service/0.5.0-SNAPSHOT/hadoop-hdds-container-service-0.5.0-SNAPSHOT.jar!/webapps/static,AVAILABLE}
2019-09-24 22:40:58,952 [main] INFO  handler.ContextHandler (ContextHandler.java:doStart(781)) - Started o.e.j.w.WebAppContext@6f76c2cc{/,file:///tmp/jetty-0.0.0.0-41377-hddsDatanode-_-any-442910380408625940.dir/webapp/,AVAILABLE}{/hddsDatanode}
2019-09-24 22:40:58,953 [main] INFO  server.AbstractConnector (AbstractConnector.java:doStart(278)) - Started ServerConnector@306f6f1d{HTTP/1.1,[http/1.1]}{0.0.0.0:41377}
2019-09-24 22:40:58,954 [main] INFO  server.Server (Server.java:doStart(419)) - Started @28285ms
2019-09-24 22:40:58,954 [main] WARN  impl.MetricsSystemImpl (MetricsSystemImpl.java:register(276)) - Sink prometheus already exists!
2019-09-24 22:40:58,955 [main] INFO  server.BaseHttpServer (BaseHttpServer.java:updateConnectorAddress(215)) - HTTP server of HDDSDATANODE is listening at http://0.0.0.0:41377
2019-09-24 22:40:58,959 [main] INFO  security.OzoneBlockTokenSecretManager (OzoneSecretManager.java:updateCurrentKey(167)) - Updating the current master key for generating tokens
2019-09-24 22:40:58,960 [org.apache.hadoop.util.JvmPauseMonitor$Monitor@33cdb63e] INFO  util.JvmPauseMonitor (JvmPauseMonitor.java:run(188)) - Starting JVM pause monitor
2019-09-24 22:40:58,963 [Datanode State Machine Thread - 0] INFO  datanode.InitDatanodeState (InitDatanodeState.java:persistContainerDatanodeDetails(140)) - DatanodeDetails is persisted to /workdir/hadoop-ozone/integration-test/target/test-dir/MiniOzoneClusterImpl-9f0f2ccb-738a-4344-bc48-f2576ae9334a/datanode-9/meta/datanode.id
2019-09-24 22:40:58,979 [main] INFO  om.OzoneManager (OzoneManager.java:readKeyPair(713)) - Reading keypair and certificate from file system.
2019-09-24 22:40:58,979 [main] INFO  om.OzoneManager (OzoneManager.java:startSecretManager(679)) - Starting OM block token secret manager
2019-09-24 22:40:58,979 [main] INFO  security.OzoneBlockTokenSecretManager (OzoneSecretManager.java:updateCurrentKey(167)) - Updating the current master key for generating tokens
2019-09-24 22:40:58,980 [main] INFO  ozone.MiniOzoneClusterImpl (MiniOzoneClusterImpl.java:lambda$waitForClusterToBeReady$0(147)) - Waiting for cluster to be ready. Got 0 of 10 DN Heartbeats.
2019-09-24 22:40:59,980 [main] INFO  ozone.MiniOzoneClusterImpl (MiniOzoneClusterImpl.java:lambda$waitForClusterToBeReady$0(147)) - Waiting for cluster to be ready. Got 0 of 10 DN Heartbeats.
2019-09-24 22:41:00,506 [Datanode State Machine Thread - 0] INFO  ozoneimpl.OzoneContainer (OzoneContainer.java:start(217)) - Attempting to start container services.
2019-09-24 22:41:00,506 [Datanode State Machine Thread - 0] INFO  ozoneimpl.OzoneContainer (OzoneContainer.java:start(217)) - Attempting to start container services.
2019-09-24 22:41:00,506 [Datanode State Machine Thread - 0] INFO  ozoneimpl.OzoneContainer (OzoneContainer.java:start(217)) - Attempting to start container services.
2019-09-24 22:41:00,511 [Datanode State Machine Thread - 0] INFO  ozoneimpl.OzoneContainer (OzoneContainer.java:start(217)) - Attempting to start container services.
2019-09-24 22:41:00,518 [Datanode State Machine Thread - 0] INFO  ozoneimpl.OzoneContainer (OzoneContainer.java:startContainerScrub(179)) - Background container scanner has been disabled.
2019-09-24 22:41:00,518 [Datanode State Machine Thread - 0] INFO  ozoneimpl.OzoneContainer (OzoneContainer.java:startContainerScrub(179)) - Background container scanner has been disabled.
2019-09-24 22:41:00,518 [Datanode State Machine Thread - 0] INFO  ratis.XceiverServerRatis (XceiverServerRatis.java:start(411)) - Starting XceiverServerRatis ed156df5-2bd4-47ff-b40d-dee021ecbbab at port 0
2019-09-24 22:41:00,518 [Datanode State Machine Thread - 0] INFO  ozoneimpl.OzoneContainer (OzoneContainer.java:startContainerScrub(179)) - Background container scanner has been disabled.
2019-09-24 22:41:00,518 [Datanode State Machine Thread - 0] INFO  ozoneimpl.OzoneContainer (OzoneContainer.java:startContainerScrub(179)) - Background container scanner has been disabled.
2019-09-24 22:41:00,519 [Datanode State Machine Thread - 0] INFO  ratis.XceiverServerRatis (XceiverServerRatis.java:start(411)) - Starting XceiverServerRatis fa75059b-409c-42ba-aabb-33da8f2e557d at port 0
2019-09-24 22:41:00,518 [Datanode State Machine Thread - 0] INFO  ratis.XceiverServerRatis (XceiverServerRatis.java:start(411)) - Starting XceiverServerRatis 3716a3a4-b37c-4a3e-91b5-9d776be92922 at port 0
2019-09-24 22:41:00,519 [Datanode State Machine Thread - 0] INFO  ratis.XceiverServerRatis (XceiverServerRatis.java:start(411)) - Starting XceiverServerRatis 7f5dd112-3930-4cdb-a0ff-40ada89e25be at port 0
2019-09-24 22:41:00,556 [Datanode State Machine Thread - 0] INFO  impl.RaftServerProxy (RaftServerProxy.java:lambda$start$3(299)) - ed156df5-2bd4-47ff-b40d-dee021ecbbab: start RPC server
2019-09-24 22:41:00,560 [Datanode State Machine Thread - 0] INFO  impl.RaftServerProxy (RaftServerProxy.java:lambda$start$3(299)) - 3716a3a4-b37c-4a3e-91b5-9d776be92922: start RPC server
2019-09-24 22:41:00,561 [Datanode State Machine Thread - 0] INFO  impl.RaftServerProxy (RaftServerProxy.java:lambda$start$3(299)) - fa75059b-409c-42ba-aabb-33da8f2e557d: start RPC server
2019-09-24 22:41:00,562 [Datanode State Machine Thread - 0] INFO  impl.RaftServerProxy (RaftServerProxy.java:lambda$start$3(299)) - 7f5dd112-3930-4cdb-a0ff-40ada89e25be: start RPC server
2019-09-24 22:41:00,608 [Datanode State Machine Thread - 0] INFO  ozoneimpl.OzoneContainer (OzoneContainer.java:start(217)) - Attempting to start container services.
2019-09-24 22:41:00,609 [Datanode State Machine Thread - 0] INFO  ozoneimpl.OzoneContainer (OzoneContainer.java:startContainerScrub(179)) - Background container scanner has been disabled.
2019-09-24 22:41:00,609 [Datanode State Machine Thread - 0] INFO  ratis.XceiverServerRatis (XceiverServerRatis.java:start(411)) - Starting XceiverServerRatis faf732d4-9705-4e91-a5ff-9b5c287516c2 at port 0
2019-09-24 22:41:00,618 [Datanode State Machine Thread - 0] INFO  impl.RaftServerProxy (RaftServerProxy.java:lambda$start$3(299)) - faf732d4-9705-4e91-a5ff-9b5c287516c2: start RPC server
2019-09-24 22:41:00,698 [Datanode State Machine Thread - 0] INFO  ozoneimpl.OzoneContainer (OzoneContainer.java:start(217)) - Attempting to start container services.
2019-09-24 22:41:00,699 [Datanode State Machine Thread - 0] INFO  ozoneimpl.OzoneContainer (OzoneContainer.java:startContainerScrub(179)) - Background container scanner has been disabled.
2019-09-24 22:41:00,699 [Datanode State Machine Thread - 0] INFO  ratis.XceiverServerRatis (XceiverServerRatis.java:start(411)) - Starting XceiverServerRatis 991de87b-0f41-4d84-9a26-7b325c2c170c at port 0
2019-09-24 22:41:00,706 [Datanode State Machine Thread - 0] INFO  server.GrpcService (GrpcService.java:startImpl(158)) - fa75059b-409c-42ba-aabb-33da8f2e557d: GrpcService started, listening on 0.0.0.0/0.0.0.0:35520
2019-09-24 22:41:00,706 [Datanode State Machine Thread - 0] INFO  server.GrpcService (GrpcService.java:startImpl(158)) - faf732d4-9705-4e91-a5ff-9b5c287516c2: GrpcService started, listening on 0.0.0.0/0.0.0.0:34652
2019-09-24 22:41:00,707 [Datanode State Machine Thread - 0] INFO  server.GrpcService (GrpcService.java:startImpl(158)) - ed156df5-2bd4-47ff-b40d-dee021ecbbab: GrpcService started, listening on 0.0.0.0/0.0.0.0:42232
2019-09-24 22:41:00,707 [Datanode State Machine Thread - 0] INFO  ratis.XceiverServerRatis (XceiverServerRatis.java:start(421)) - XceiverServerRatis fa75059b-409c-42ba-aabb-33da8f2e557d is started using port 35520
2019-09-24 22:41:00,706 [Datanode State Machine Thread - 0] INFO  server.GrpcService (GrpcService.java:startImpl(158)) - 7f5dd112-3930-4cdb-a0ff-40ada89e25be: GrpcService started, listening on 0.0.0.0/0.0.0.0:46159
2019-09-24 22:41:00,708 [Datanode State Machine Thread - 0] INFO  impl.RaftServerProxy (RaftServerProxy.java:lambda$start$3(299)) - 991de87b-0f41-4d84-9a26-7b325c2c170c: start RPC server
2019-09-24 22:41:00,708 [Datanode State Machine Thread - 0] INFO  ratis.XceiverServerRatis (XceiverServerRatis.java:start(421)) - XceiverServerRatis ed156df5-2bd4-47ff-b40d-dee021ecbbab is started using port 42232
2019-09-24 22:41:00,707 [Datanode State Machine Thread - 0] INFO  server.GrpcService (GrpcService.java:startImpl(158)) - 3716a3a4-b37c-4a3e-91b5-9d776be92922: GrpcService started, listening on 0.0.0.0/0.0.0.0:42029
2019-09-24 22:41:00,707 [Datanode State Machine Thread - 0] INFO  ratis.XceiverServerRatis (XceiverServerRatis.java:start(421)) - XceiverServerRatis faf732d4-9705-4e91-a5ff-9b5c287516c2 is started using port 34652
2019-09-24 22:41:00,711 [Datanode State Machine Thread - 0] INFO  ratis.XceiverServerRatis (XceiverServerRatis.java:start(421)) - XceiverServerRatis 3716a3a4-b37c-4a3e-91b5-9d776be92922 is started using port 42029
2019-09-24 22:41:00,708 [Datanode State Machine Thread - 0] INFO  ratis.XceiverServerRatis (XceiverServerRatis.java:start(421)) - XceiverServerRatis 7f5dd112-3930-4cdb-a0ff-40ada89e25be is started using port 46159
2019-09-24 22:41:00,717 [Datanode State Machine Thread - 0] INFO  server.GrpcService (GrpcService.java:startImpl(158)) - 991de87b-0f41-4d84-9a26-7b325c2c170c: GrpcService started, listening on 0.0.0.0/0.0.0.0:37010
2019-09-24 22:41:00,720 [Datanode State Machine Thread - 0] INFO  ratis.XceiverServerRatis (XceiverServerRatis.java:start(421)) - XceiverServerRatis 991de87b-0f41-4d84-9a26-7b325c2c170c is started using port 37010
2019-09-24 22:41:00,720 [Datanode State Machine Thread - 0] INFO  server.XceiverServerGrpc (XceiverServerGrpc.java:start(149)) - XceiverServerGrpc fa75059b-409c-42ba-aabb-33da8f2e557d is started using port 43281
2019-09-24 22:41:00,721 [Datanode State Machine Thread - 0] INFO  server.XceiverServerGrpc (XceiverServerGrpc.java:start(149)) - XceiverServerGrpc ed156df5-2bd4-47ff-b40d-dee021ecbbab is started using port 40977
2019-09-24 22:41:00,726 [Datanode State Machine Thread - 0] INFO  server.XceiverServerGrpc (XceiverServerGrpc.java:start(149)) - XceiverServerGrpc faf732d4-9705-4e91-a5ff-9b5c287516c2 is started using port 34973
2019-09-24 22:41:00,726 [Datanode State Machine Thread - 0] INFO  server.XceiverServerGrpc (XceiverServerGrpc.java:start(149)) - XceiverServerGrpc 3716a3a4-b37c-4a3e-91b5-9d776be92922 is started using port 42065
2019-09-24 22:41:00,726 [Datanode State Machine Thread - 0] INFO  server.XceiverServerGrpc (XceiverServerGrpc.java:start(149)) - XceiverServerGrpc 7f5dd112-3930-4cdb-a0ff-40ada89e25be is started using port 45029
2019-09-24 22:41:00,726 [Datanode State Machine Thread - 0] INFO  server.XceiverServerGrpc (XceiverServerGrpc.java:start(149)) - XceiverServerGrpc 991de87b-0f41-4d84-9a26-7b325c2c170c is started using port 41468
2019-09-24 22:41:00,772 [Datanode State Machine Thread - 0] INFO  ozoneimpl.OzoneContainer (OzoneContainer.java:start(217)) - Attempting to start container services.
2019-09-24 22:41:00,772 [Datanode State Machine Thread - 0] INFO  ozoneimpl.OzoneContainer (OzoneContainer.java:startContainerScrub(179)) - Background container scanner has been disabled.
2019-09-24 22:41:00,772 [Datanode State Machine Thread - 0] INFO  ratis.XceiverServerRatis (XceiverServerRatis.java:start(411)) - Starting XceiverServerRatis 053bbe9f-e617-47d8-81f1-5a2d0a241cc5 at port 0
2019-09-24 22:41:00,779 [Datanode State Machine Thread - 0] INFO  impl.RaftServerProxy (RaftServerProxy.java:lambda$start$3(299)) - 053bbe9f-e617-47d8-81f1-5a2d0a241cc5: start RPC server
2019-09-24 22:41:00,783 [Datanode State Machine Thread - 0] INFO  server.GrpcService (GrpcService.java:startImpl(158)) - 053bbe9f-e617-47d8-81f1-5a2d0a241cc5: GrpcService started, listening on 0.0.0.0/0.0.0.0:33565
2019-09-24 22:41:00,784 [Datanode State Machine Thread - 0] INFO  ratis.XceiverServerRatis (XceiverServerRatis.java:start(421)) - XceiverServerRatis 053bbe9f-e617-47d8-81f1-5a2d0a241cc5 is started using port 33565
2019-09-24 22:41:00,788 [Datanode State Machine Thread - 0] INFO  server.XceiverServerGrpc (XceiverServerGrpc.java:start(149)) - XceiverServerGrpc 053bbe9f-e617-47d8-81f1-5a2d0a241cc5 is started using port 39863
2019-09-24 22:41:00,841 [Datanode State Machine Thread - 0] INFO  ozoneimpl.OzoneContainer (OzoneContainer.java:start(217)) - Attempting to start container services.
2019-09-24 22:41:00,841 [Datanode State Machine Thread - 0] INFO  ozoneimpl.OzoneContainer (OzoneContainer.java:startContainerScrub(179)) - Background container scanner has been disabled.
2019-09-24 22:41:00,842 [Datanode State Machine Thread - 0] INFO  ratis.XceiverServerRatis (XceiverServerRatis.java:start(411)) - Starting XceiverServerRatis ef51bf3c-7b8f-4ad7-803c-941f117d7a0b at port 0
2019-09-24 22:41:00,852 [Datanode State Machine Thread - 0] INFO  impl.RaftServerProxy (RaftServerProxy.java:lambda$start$3(299)) - ef51bf3c-7b8f-4ad7-803c-941f117d7a0b: start RPC server
2019-09-24 22:41:00,857 [Datanode State Machine Thread - 0] INFO  server.GrpcService (GrpcService.java:startImpl(158)) - ef51bf3c-7b8f-4ad7-803c-941f117d7a0b: GrpcService started, listening on 0.0.0.0/0.0.0.0:45660
2019-09-24 22:41:00,857 [Datanode State Machine Thread - 0] INFO  ratis.XceiverServerRatis (XceiverServerRatis.java:start(421)) - XceiverServerRatis ef51bf3c-7b8f-4ad7-803c-941f117d7a0b is started using port 45660
2019-09-24 22:41:00,862 [Datanode State Machine Thread - 0] INFO  server.XceiverServerGrpc (XceiverServerGrpc.java:start(149)) - XceiverServerGrpc ef51bf3c-7b8f-4ad7-803c-941f117d7a0b is started using port 33108
2019-09-24 22:41:00,909 [Datanode State Machine Thread - 0] INFO  ozoneimpl.OzoneContainer (OzoneContainer.java:start(217)) - Attempting to start container services.
2019-09-24 22:41:00,910 [Datanode State Machine Thread - 0] INFO  ozoneimpl.OzoneContainer (OzoneContainer.java:startContainerScrub(179)) - Background container scanner has been disabled.
2019-09-24 22:41:00,910 [Datanode State Machine Thread - 0] INFO  ratis.XceiverServerRatis (XceiverServerRatis.java:start(411)) - Starting XceiverServerRatis 44386e62-51f5-4810-a1c5-3bae63c25e40 at port 0
2019-09-24 22:41:00,920 [Datanode State Machine Thread - 0] INFO  impl.RaftServerProxy (RaftServerProxy.java:lambda$start$3(299)) - 44386e62-51f5-4810-a1c5-3bae63c25e40: start RPC server
2019-09-24 22:41:00,925 [Datanode State Machine Thread - 0] INFO  server.GrpcService (GrpcService.java:startImpl(158)) - 44386e62-51f5-4810-a1c5-3bae63c25e40: GrpcService started, listening on 0.0.0.0/0.0.0.0:32774
2019-09-24 22:41:00,925 [Datanode State Machine Thread - 0] INFO  ratis.XceiverServerRatis (XceiverServerRatis.java:start(421)) - XceiverServerRatis 44386e62-51f5-4810-a1c5-3bae63c25e40 is started using port 32774
2019-09-24 22:41:00,932 [Datanode State Machine Thread - 0] INFO  server.XceiverServerGrpc (XceiverServerGrpc.java:start(149)) - XceiverServerGrpc 44386e62-51f5-4810-a1c5-3bae63c25e40 is started using port 33467
2019-09-24 22:41:00,981 [main] INFO  ozone.MiniOzoneClusterImpl (MiniOzoneClusterImpl.java:lambda$waitForClusterToBeReady$0(147)) - Waiting for cluster to be ready. Got 0 of 10 DN Heartbeats.
2019-09-24 22:41:00,988 [Datanode State Machine Thread - 0] INFO  ozoneimpl.OzoneContainer (OzoneContainer.java:start(217)) - Attempting to start container services.
2019-09-24 22:41:00,989 [Datanode State Machine Thread - 0] INFO  ozoneimpl.OzoneContainer (OzoneContainer.java:startContainerScrub(179)) - Background container scanner has been disabled.
2019-09-24 22:41:00,989 [Datanode State Machine Thread - 0] INFO  ratis.XceiverServerRatis (XceiverServerRatis.java:start(411)) - Starting XceiverServerRatis cb722849-6bd8-4357-8e8b-3e62b976c654 at port 0
2019-09-24 22:41:01,001 [Datanode State Machine Thread - 0] INFO  impl.RaftServerProxy (RaftServerProxy.java:lambda$start$3(299)) - cb722849-6bd8-4357-8e8b-3e62b976c654: start RPC server
2019-09-24 22:41:01,017 [Datanode State Machine Thread - 0] INFO  server.GrpcService (GrpcService.java:startImpl(158)) - cb722849-6bd8-4357-8e8b-3e62b976c654: GrpcService started, listening on 0.0.0.0/0.0.0.0:33208
2019-09-24 22:41:01,018 [Datanode State Machine Thread - 0] INFO  ratis.XceiverServerRatis (XceiverServerRatis.java:start(421)) - XceiverServerRatis cb722849-6bd8-4357-8e8b-3e62b976c654 is started using port 33208
2019-09-24 22:41:01,040 [Datanode State Machine Thread - 0] INFO  server.XceiverServerGrpc (XceiverServerGrpc.java:start(149)) - XceiverServerGrpc cb722849-6bd8-4357-8e8b-3e62b976c654 is started using port 36484
2019-09-24 22:41:01,982 [main] INFO  ozone.MiniOzoneClusterImpl (MiniOzoneClusterImpl.java:lambda$waitForClusterToBeReady$0(147)) - Waiting for cluster to be ready. Got 0 of 10 DN Heartbeats.
2019-09-24 22:41:02,280 [IPC Server handler 8 on 41688] INFO  net.NetworkTopology (NetworkTopologyImpl.java:add(111)) - Added a new node: /default-rack/7f5dd112-3930-4cdb-a0ff-40ada89e25be
2019-09-24 22:41:02,282 [IPC Server handler 8 on 41688] INFO  node.SCMNodeManager (SCMNodeManager.java:register(266)) - Registered Data node : 7f5dd112-3930-4cdb-a0ff-40ada89e25be{ip: 192.168.151.66, host: pr-hdds-2162-v2v4x-1150571016, networkLocation: /default-rack, certSerialId: null}
2019-09-24 22:41:02,286 [EventQueue-NodeRegistrationContainerReportForDataNodeSafeModeRule] INFO  safemode.SCMSafeModeManager (DataNodeSafeModeRule.java:process(71)) - SCM in safe mode. 1 DataNodes registered, 1 required.
2019-09-24 22:41:02,289 [EventQueue-NodeRegistrationContainerReportForDataNodeSafeModeRule] INFO  safemode.SCMSafeModeManager (SCMSafeModeManager.java:validateSafeModeExitRules(177)) - ScmSafeModeManager, all rules are successfully validated
2019-09-24 22:41:02,289 [EventQueue-NodeRegistrationContainerReportForDataNodeSafeModeRule] INFO  safemode.SCMSafeModeManager (SCMSafeModeManager.java:exitSafeMode(193)) - SCM exiting safe mode.
2019-09-24 22:41:02,341 [IPC Server handler 10 on 41688] INFO  net.NetworkTopology (NetworkTopologyImpl.java:add(111)) - Added a new node: /default-rack/ed156df5-2bd4-47ff-b40d-dee021ecbbab
2019-09-24 22:41:02,343 [IPC Server handler 10 on 41688] INFO  node.SCMNodeManager (SCMNodeManager.java:register(266)) - Registered Data node : ed156df5-2bd4-47ff-b40d-dee021ecbbab{ip: 192.168.151.66, host: pr-hdds-2162-v2v4x-1150571016, networkLocation: /default-rack, certSerialId: null}
2019-09-24 22:41:02,419 [IPC Server handler 4 on 41688] INFO  net.NetworkTopology (NetworkTopologyImpl.java:add(111)) - Added a new node: /default-rack/fa75059b-409c-42ba-aabb-33da8f2e557d
2019-09-24 22:41:02,419 [IPC Server handler 4 on 41688] INFO  node.SCMNodeManager (SCMNodeManager.java:register(266)) - Registered Data node : fa75059b-409c-42ba-aabb-33da8f2e557d{ip: 192.168.151.66, host: pr-hdds-2162-v2v4x-1150571016, networkLocation: /default-rack, certSerialId: null}
2019-09-24 22:41:02,509 [IPC Server handler 5 on 41688] INFO  net.NetworkTopology (NetworkTopologyImpl.java:add(111)) - Added a new node: /default-rack/3716a3a4-b37c-4a3e-91b5-9d776be92922
2019-09-24 22:41:02,509 [IPC Server handler 5 on 41688] INFO  node.SCMNodeManager (SCMNodeManager.java:register(266)) - Registered Data node : 3716a3a4-b37c-4a3e-91b5-9d776be92922{ip: 192.168.151.66, host: pr-hdds-2162-v2v4x-1150571016, networkLocation: /default-rack, certSerialId: null}
2019-09-24 22:41:02,596 [IPC Server handler 3 on 41688] INFO  net.NetworkTopology (NetworkTopologyImpl.java:add(111)) - Added a new node: /default-rack/faf732d4-9705-4e91-a5ff-9b5c287516c2
2019-09-24 22:41:02,596 [IPC Server handler 3 on 41688] INFO  node.SCMNodeManager (SCMNodeManager.java:register(266)) - Registered Data node : faf732d4-9705-4e91-a5ff-9b5c287516c2{ip: 192.168.151.66, host: pr-hdds-2162-v2v4x-1150571016, networkLocation: /default-rack, certSerialId: null}
2019-09-24 22:41:02,716 [IPC Server handler 7 on 41688] INFO  net.NetworkTopology (NetworkTopologyImpl.java:add(111)) - Added a new node: /default-rack/991de87b-0f41-4d84-9a26-7b325c2c170c
2019-09-24 22:41:02,717 [IPC Server handler 7 on 41688] INFO  node.SCMNodeManager (SCMNodeManager.java:register(266)) - Registered Data node : 991de87b-0f41-4d84-9a26-7b325c2c170c{ip: 192.168.151.66, host: pr-hdds-2162-v2v4x-1150571016, networkLocation: /default-rack, certSerialId: null}
2019-09-24 22:41:02,751 [IPC Server handler 2 on 41688] INFO  net.NetworkTopology (NetworkTopologyImpl.java:add(111)) - Added a new node: /default-rack/053bbe9f-e617-47d8-81f1-5a2d0a241cc5
2019-09-24 22:41:02,751 [IPC Server handler 2 on 41688] INFO  node.SCMNodeManager (SCMNodeManager.java:register(266)) - Registered Data node : 053bbe9f-e617-47d8-81f1-5a2d0a241cc5{ip: 192.168.151.66, host: pr-hdds-2162-v2v4x-1150571016, networkLocation: /default-rack, certSerialId: null}
2019-09-24 22:41:02,820 [IPC Server handler 6 on 41688] INFO  net.NetworkTopology (NetworkTopologyImpl.java:add(111)) - Added a new node: /default-rack/ef51bf3c-7b8f-4ad7-803c-941f117d7a0b
2019-09-24 22:41:02,820 [IPC Server handler 6 on 41688] INFO  node.SCMNodeManager (SCMNodeManager.java:register(266)) - Registered Data node : ef51bf3c-7b8f-4ad7-803c-941f117d7a0b{ip: 192.168.151.66, host: pr-hdds-2162-v2v4x-1150571016, networkLocation: /default-rack, certSerialId: null}
2019-09-24 22:41:02,887 [grpc-default-executor-0] INFO  impl.RaftServerProxy (RaftServerProxy.java:addNew(89)) - 7f5dd112-3930-4cdb-a0ff-40ada89e25be: addNew group-E043103B8611:[7f5dd112-3930-4cdb-a0ff-40ada89e25be:192.168.151.66:46159] returns group-E043103B8611:java.util.concurrent.CompletableFuture@1782292f[Not completed]
2019-09-24 22:41:02,898 [IPC Server handler 12 on 41688] INFO  net.NetworkTopology (NetworkTopologyImpl.java:add(111)) - Added a new node: /default-rack/44386e62-51f5-4810-a1c5-3bae63c25e40
2019-09-24 22:41:02,898 [IPC Server handler 12 on 41688] INFO  node.SCMNodeManager (SCMNodeManager.java:register(266)) - Registered Data node : 44386e62-51f5-4810-a1c5-3bae63c25e40{ip: 192.168.151.66, host: pr-hdds-2162-v2v4x-1150571016, networkLocation: /default-rack, certSerialId: null}
2019-09-24 22:41:02,905 [pool-27-thread-1] INFO  impl.RaftServerImpl (RaftServerImpl.java:<init>(95)) - 7f5dd112-3930-4cdb-a0ff-40ada89e25be: new RaftServerImpl for group-E043103B8611:[7f5dd112-3930-4cdb-a0ff-40ada89e25be:192.168.151.66:46159] with ContainerStateMachine:uninitialized
2019-09-24 22:41:02,907 [pool-27-thread-1] INFO  server.RaftServerConfigKeys (ConfUtils.java:logGet(43)) - raft.server.rpc.timeout.min = 5s (custom)
2019-09-24 22:41:02,910 [pool-27-thread-1] INFO  server.RaftServerConfigKeys (ConfUtils.java:logGet(43)) - raft.server.rpc.timeout.max = 5200ms (custom)
2019-09-24 22:41:02,910 [pool-27-thread-1] INFO  server.RaftServerConfigKeys (ConfUtils.java:logGet(43)) - raft.server.rpcslowness.timeout = 120s (custom)
2019-09-24 22:41:02,910 [pool-27-thread-1] INFO  server.RaftServerConfigKeys (ConfUtils.java:logGet(43)) - raft.server.sleep.deviation.threshold = 300 (default)
2019-09-24 22:41:02,911 [pool-27-thread-1] INFO  server.RaftServerConfigKeys (ConfUtils.java:logGet(43)) - raft.server.log.appender.install.snapshot.enabled = false (custom)
2019-09-24 22:41:02,920 [pool-27-thread-1] INFO  impl.RaftServerImpl (ServerState.java:<init>(103)) - 7f5dd112-3930-4cdb-a0ff-40ada89e25be@group-E043103B8611: ConfigurationManager, init=-1: [7f5dd112-3930-4cdb-a0ff-40ada89e25be:192.168.151.66:46159], old=null, confs=<EMPTY_MAP>
2019-09-24 22:41:02,920 [pool-27-thread-1] INFO  server.RaftServerConfigKeys (ConfUtils.java:logGet(43)) - raft.server.storage.dir = [/workdir/hadoop-ozone/integration-test/target/test-dir/MiniOzoneClusterImpl-9f0f2ccb-738a-4344-bc48-f2576ae9334a/datanode-0/data/ratis] (custom)
2019-09-24 22:41:02,929 [pool-27-thread-1] INFO  storage.RaftStorageDirectory (RaftStorageDirectory.java:analyzeStorage(246)) - The storage directory /workdir/hadoop-ozone/integration-test/target/test-dir/MiniOzoneClusterImpl-9f0f2ccb-738a-4344-bc48-f2576ae9334a/datanode-0/data/ratis/0d88219a-44d6-418b-b87d-e043103b8611 does not exist. Creating ...
2019-09-24 22:41:02,949 [pool-27-thread-1] INFO  storage.RaftStorageDirectory (RaftStorageDirectory.java:tryLock(328)) - Lock on /workdir/hadoop-ozone/integration-test/target/test-dir/MiniOzoneClusterImpl-9f0f2ccb-738a-4344-bc48-f2576ae9334a/datanode-0/data/ratis/0d88219a-44d6-418b-b87d-e043103b8611/in_use.lock acquired by nodename 29871@pr-hdds-2162-v2v4x-1150571016
2019-09-24 22:41:02,977 [pool-27-thread-1] INFO  storage.RaftStorage (RaftStorage.java:format(72)) - Storage directory /workdir/hadoop-ozone/integration-test/target/test-dir/MiniOzoneClusterImpl-9f0f2ccb-738a-4344-bc48-f2576ae9334a/datanode-0/data/ratis/0d88219a-44d6-418b-b87d-e043103b8611 has been successfully formatted.
2019-09-24 22:41:02,978 [IPC Server handler 8 on 41688] INFO  net.NetworkTopology (NetworkTopologyImpl.java:add(111)) - Added a new node: /default-rack/cb722849-6bd8-4357-8e8b-3e62b976c654
2019-09-24 22:41:02,978 [IPC Server handler 8 on 41688] INFO  node.SCMNodeManager (SCMNodeManager.java:register(266)) - Registered Data node : cb722849-6bd8-4357-8e8b-3e62b976c654{ip: 192.168.151.66, host: pr-hdds-2162-v2v4x-1150571016, networkLocation: /default-rack, certSerialId: null}
2019-09-24 22:41:02,980 [pool-27-thread-1] INFO  ratis.ContainerStateMachine (ContainerStateMachine.java:loadSnapshot(230)) - group-E043103B8611: The snapshot info is null. Setting the last applied indexto:(t:0, i:~)
2019-09-24 22:41:02,980 [pool-27-thread-1] INFO  server.RaftServerConfigKeys (ConfUtils.java:logGet(43)) - raft.server.notification.no-leader.timeout = 120s (custom)
2019-09-24 22:41:02,982 [main] INFO  ozone.MiniOzoneClusterImpl (MiniOzoneClusterImpl.java:lambda$waitForClusterToBeReady$0(147)) - Cluster is ready. Got 10 of 10 DN Heartbeats.
2019-09-24 22:41:02,983 [pool-27-thread-1] INFO  server.RaftServerConfigKeys (ConfUtils.java:logGet(43)) - raft.server.log.use.memory = false (default)
2019-09-24 22:41:02,992 [pool-27-thread-1] INFO  server.RaftServerConfigKeys (ConfUtils.java:logGet(43)) - raft.server.log.purge.gap = 1000000 (custom)
2019-09-24 22:41:02,992 [pool-27-thread-1] INFO  server.RaftServerConfigKeys (ConfUtils.java:logGet(43)) - raft.server.log.appender.buffer.byte-limit = 33554432 (custom)
2019-09-24 22:41:02,996 [pool-27-thread-1] INFO  server.RaftServerConfigKeys (ConfUtils.java:logGet(43)) - raft.server.log.segment.size.max = 1048576 (custom)
2019-09-24 22:41:03,002 [pool-27-thread-1] INFO  server.RaftServerConfigKeys (ConfUtils.java:logGet(43)) - raft.server.log.segment.cache.num.max = 2 (custom)
2019-09-24 22:41:03,009 [pool-27-thread-1] INFO  segmented.SegmentedRaftLogWorker (SegmentedRaftLogWorker.java:<init>(172)) - new 7f5dd112-3930-4cdb-a0ff-40ada89e25be@group-E043103B8611-SegmentedRaftLogWorker for RaftStorage:Storage Directory /workdir/hadoop-ozone/integration-test/target/test-dir/MiniOzoneClusterImpl-9f0f2ccb-738a-4344-bc48-f2576ae9334a/datanode-0/data/ratis/0d88219a-44d6-418b-b87d-e043103b8611
2019-09-24 22:41:03,011 [pool-27-thread-1] INFO  impl.MetricsSystemImpl (MetricsSystemImpl.java:init(158)) - ratis metrics system started (again)
2019-09-24 22:41:03,018 [pool-27-thread-1] INFO  metrics.MetricRegistries (MetricRegistriesLoader.java:load(64)) - Loaded MetricRegistries class org.apache.ratis.metrics.impl.MetricRegistriesImpl
2019-09-24 22:41:03,149 [pool-27-thread-1] INFO  server.RaftServerConfigKeys (ConfUtils.java:logGet(43)) - raft.server.log.queue.byte-limit = 2147483647 (custom)
2019-09-24 22:41:03,149 [pool-27-thread-1] INFO  server.RaftServerConfigKeys (ConfUtils.java:logGet(43)) - raft.server.log.queue.element-limit = 1024 (custom)
2019-09-24 22:41:03,153 [pool-27-thread-1] INFO  server.RaftServerConfigKeys (ConfUtils.java:logGet(43)) - raft.server.log.segment.size.max = 1048576 (custom)
2019-09-24 22:41:03,154 [pool-27-thread-1] INFO  server.RaftServerConfigKeys (ConfUtils.java:logGet(43)) - raft.server.log.preallocated.size = 16384 (custom)
2019-09-24 22:41:03,154 [pool-27-thread-1] INFO  server.RaftServerConfigKeys (ConfUtils.java:logGet(43)) - raft.server.log.write.buffer.size = 33554432 (custom)
2019-09-24 22:41:03,155 [pool-27-thread-1] INFO  server.RaftServerConfigKeys (ConfUtils.java:logGet(43)) - raft.server.log.force.sync.num = 128 (default)
2019-09-24 22:41:03,156 [pool-27-thread-1] INFO  server.RaftServerConfigKeys (ConfUtils.java:logGet(43)) - raft.server.log.statemachine.data.sync = true (default)
2019-09-24 22:41:03,156 [pool-27-thread-1] INFO  server.RaftServerConfigKeys (ConfUtils.java:logGet(43)) - raft.server.log.statemachine.data.sync.timeout = 10s (default)
2019-09-24 22:41:03,157 [pool-27-thread-1] INFO  server.RaftServerConfigKeys (ConfUtils.java:logGet(43)) - raft.server.log.statemachine.data.sync.timeout.retry = -1 (default)
2019-09-24 22:41:03,167 [pool-27-thread-1] INFO  server.RaftServerConfigKeys (ConfUtils.java:logGet(43)) - raft.server.log.statemachine.data.caching.enabled = true (custom)
2019-09-24 22:41:03,172 [pool-27-thread-1] INFO  segmented.SegmentedRaftLogWorker (SegmentedRaftLogWorker.java:lambda$new$0(132)) - 7f5dd112-3930-4cdb-a0ff-40ada89e25be@group-E043103B8611-SegmentedRaftLogWorker: flushIndex: setUnconditionally 0 -> -1
2019-09-24 22:41:03,176 [pool-27-thread-1] INFO  server.RaftServerConfigKeys (ConfUtils.java:logGet(43)) - raft.server.snapshot.auto.trigger.enabled = true (custom)
2019-09-24 22:41:03,177 [pool-27-thread-1] INFO  server.RaftServerConfigKeys (ConfUtils.java:logGet(43)) - raft.server.snapshot.auto.trigger.threshold = 10000 (custom)
2019-09-24 22:41:03,178 [pool-27-thread-1] INFO  server.RaftServerConfigKeys (ConfUtils.java:logGet(43)) - raft.server.snapshot.retention.num.files = 5 (custom)
2019-09-24 22:41:03,178 [pool-27-thread-1] INFO  server.RaftServerConfigKeys (ConfUtils.java:logGet(43)) - raft.server.retrycache.expirytime = 600000ms (custom)
2019-09-24 22:41:03,205 [pool-27-thread-1] INFO  impl.RaftServerImpl (RaftServerImpl.java:start(185)) - 7f5dd112-3930-4cdb-a0ff-40ada89e25be@group-E043103B8611: start as a follower, conf=-1: [7f5dd112-3930-4cdb-a0ff-40ada89e25be:192.168.151.66:46159], old=null
2019-09-24 22:41:03,206 [pool-27-thread-1] INFO  impl.RaftServerImpl (RaftServerImpl.java:setRole(174)) - 7f5dd112-3930-4cdb-a0ff-40ada89e25be@group-E043103B8611: changes role from      null to FOLLOWER at term 0 for startAsFollower
2019-09-24 22:41:03,207 [pool-27-thread-1] INFO  impl.RoleInfo (RoleInfo.java:updateAndGet(143)) - 7f5dd112-3930-4cdb-a0ff-40ada89e25be: start FollowerState
2019-09-24 22:41:03,208 [pool-27-thread-1] INFO  util.JmxRegister (JmxRegister.java:tryRegister(44)) - Successfully registered JMX Bean with object name Ratis:service=RaftServer,group=group-E043103B8611,id=7f5dd112-3930-4cdb-a0ff-40ada89e25be
2019-09-24 22:41:03,287 [RatisPipelineUtilsThread] INFO  pipeline.PipelineStateManager (PipelineStateManager.java:addPipeline(56)) - Created pipeline Pipeline[ Id: 0d88219a-44d6-418b-b87d-e043103b8611, Nodes: 7f5dd112-3930-4cdb-a0ff-40ada89e25be{ip: 192.168.151.66, host: pr-hdds-2162-v2v4x-1150571016, networkLocation: /default-rack, certSerialId: null}, Type:RATIS, Factor:ONE, State:OPEN]
2019-09-24 22:41:03,322 [grpc-default-executor-0] INFO  impl.RaftServerProxy (RaftServerProxy.java:addNew(89)) - ef51bf3c-7b8f-4ad7-803c-941f117d7a0b: addNew group-F2A0427B3123:[ef51bf3c-7b8f-4ad7-803c-941f117d7a0b:192.168.151.66:45660] returns group-F2A0427B3123:java.util.concurrent.CompletableFuture@354f8989[Not completed]
2019-09-24 22:41:03,392 [pool-97-thread-1] INFO  impl.RaftServerImpl (RaftServerImpl.java:<init>(95)) - ef51bf3c-7b8f-4ad7-803c-941f117d7a0b: new RaftServerImpl for group-F2A0427B3123:[ef51bf3c-7b8f-4ad7-803c-941f117d7a0b:192.168.151.66:45660] with ContainerStateMachine:uninitialized
2019-09-24 22:41:03,394 [pool-97-thread-1] INFO  server.RaftServerConfigKeys (ConfUtils.java:logGet(43)) - raft.server.rpc.timeout.min = 5s (custom)
2019-09-24 22:41:03,394 [pool-97-thread-1] INFO  server.RaftServerConfigKeys (ConfUtils.java:logGet(43)) - raft.server.rpc.timeout.max = 5200ms (custom)
2019-09-24 22:41:03,394 [pool-97-thread-1] INFO  server.RaftServerConfigKeys (ConfUtils.java:logGet(43)) - raft.server.rpcslowness.timeout = 120s (custom)
2019-09-24 22:41:03,395 [pool-97-thread-1] INFO  server.RaftServerConfigKeys (ConfUtils.java:logGet(43)) - raft.server.sleep.deviation.threshold = 300 (default)
2019-09-24 22:41:03,395 [pool-97-thread-1] INFO  server.RaftServerConfigKeys (ConfUtils.java:logGet(43)) - raft.server.log.appender.install.snapshot.enabled = false (custom)
2019-09-24 22:41:03,395 [pool-97-thread-1] INFO  impl.RaftServerImpl (ServerState.java:<init>(103)) - ef51bf3c-7b8f-4ad7-803c-941f117d7a0b@group-F2A0427B3123: ConfigurationManager, init=-1: [ef51bf3c-7b8f-4ad7-803c-941f117d7a0b:192.168.151.66:45660], old=null, confs=<EMPTY_MAP>
2019-09-24 22:41:03,395 [pool-97-thread-1] INFO  server.RaftServerConfigKeys (ConfUtils.java:logGet(43)) - raft.server.storage.dir = [/workdir/hadoop-ozone/integration-test/target/test-dir/MiniOzoneClusterImpl-9f0f2ccb-738a-4344-bc48-f2576ae9334a/datanode-7/data/ratis] (custom)
2019-09-24 22:41:03,396 [pool-97-thread-1] INFO  storage.RaftStorageDirectory (RaftStorageDirectory.java:analyzeStorage(246)) - The storage directory /workdir/hadoop-ozone/integration-test/target/test-dir/MiniOzoneClusterImpl-9f0f2ccb-738a-4344-bc48-f2576ae9334a/datanode-7/data/ratis/7636fc2c-bae2-4f9d-b6cb-f2a0427b3123 does not exist. Creating ...
2019-09-24 22:41:03,411 [pool-97-thread-1] INFO  storage.RaftStorageDirectory (RaftStorageDirectory.java:tryLock(328)) - Lock on /workdir/hadoop-ozone/integration-test/target/test-dir/MiniOzoneClusterImpl-9f0f2ccb-738a-4344-bc48-f2576ae9334a/datanode-7/data/ratis/7636fc2c-bae2-4f9d-b6cb-f2a0427b3123/in_use.lock acquired by nodename 29871@pr-hdds-2162-v2v4x-1150571016
2019-09-24 22:41:03,424 [pool-97-thread-1] INFO  storage.RaftStorage (RaftStorage.java:format(72)) - Storage directory /workdir/hadoop-ozone/integration-test/target/test-dir/MiniOzoneClusterImpl-9f0f2ccb-738a-4344-bc48-f2576ae9334a/datanode-7/data/ratis/7636fc2c-bae2-4f9d-b6cb-f2a0427b3123 has been successfully formatted.
2019-09-24 22:41:03,426 [pool-97-thread-1] INFO  ratis.ContainerStateMachine (ContainerStateMachine.java:loadSnapshot(230)) - group-F2A0427B3123: The snapshot info is null. Setting the last applied indexto:(t:0, i:~)
2019-09-24 22:41:03,429 [pool-97-thread-1] INFO  server.RaftServerConfigKeys (ConfUtils.java:logGet(43)) - raft.server.notification.no-leader.timeout = 120s (custom)
2019-09-24 22:41:03,429 [pool-97-thread-1] INFO  server.RaftServerConfigKeys (ConfUtils.java:logGet(43)) - raft.server.log.use.memory = false (default)
2019-09-24 22:41:03,429 [pool-97-thread-1] INFO  server.RaftServerConfigKeys (ConfUtils.java:logGet(43)) - raft.server.log.purge.gap = 1000000 (custom)
2019-09-24 22:41:03,430 [pool-97-thread-1] INFO  server.RaftServerConfigKeys (ConfUtils.java:logGet(43)) - raft.server.log.appender.buffer.byte-limit = 33554432 (custom)
2019-09-24 22:41:03,430 [pool-97-thread-1] INFO  server.RaftServerConfigKeys (ConfUtils.java:logGet(43)) - raft.server.log.segment.size.max = 1048576 (custom)
2019-09-24 22:41:03,430 [pool-97-thread-1] INFO  server.RaftServerConfigKeys (ConfUtils.java:logGet(43)) - raft.server.log.segment.cache.num.max = 2 (custom)
2019-09-24 22:41:03,430 [pool-97-thread-1] INFO  segmented.SegmentedRaftLogWorker (SegmentedRaftLogWorker.java:<init>(172)) - new ef51bf3c-7b8f-4ad7-803c-941f117d7a0b@group-F2A0427B3123-SegmentedRaftLogWorker for RaftStorage:Storage Directory /workdir/hadoop-ozone/integration-test/target/test-dir/MiniOzoneClusterImpl-9f0f2ccb-738a-4344-bc48-f2576ae9334a/datanode-7/data/ratis/7636fc2c-bae2-4f9d-b6cb-f2a0427b3123
2019-09-24 22:41:03,439 [pool-97-thread-1] INFO  server.RaftServerConfigKeys (ConfUtils.java:logGet(43)) - raft.server.log.queue.byte-limit = 2147483647 (custom)
2019-09-24 22:41:03,439 [pool-97-thread-1] INFO  server.RaftServerConfigKeys (ConfUtils.java:logGet(43)) - raft.server.log.queue.element-limit = 1024 (custom)
2019-09-24 22:41:03,439 [pool-97-thread-1] INFO  server.RaftServerConfigKeys (ConfUtils.java:logGet(43)) - raft.server.log.segment.size.max = 1048576 (custom)
2019-09-24 22:41:03,439 [pool-97-thread-1] INFO  server.RaftServerConfigKeys (ConfUtils.java:logGet(43)) - raft.server.log.preallocated.size = 16384 (custom)
2019-09-24 22:41:03,439 [pool-97-thread-1] INFO  server.RaftServerConfigKeys (ConfUtils.java:logGet(43)) - raft.server.log.write.buffer.size = 33554432 (custom)
2019-09-24 22:41:03,440 [pool-97-thread-1] INFO  server.RaftServerConfigKeys (ConfUtils.java:logGet(43)) - raft.server.log.force.sync.num = 128 (default)
2019-09-24 22:41:03,440 [pool-97-thread-1] INFO  server.RaftServerConfigKeys (ConfUtils.java:logGet(43)) - raft.server.log.statemachine.data.sync = true (default)
2019-09-24 22:41:03,440 [pool-97-thread-1] INFO  server.RaftServerConfigKeys (ConfUtils.java:logGet(43)) - raft.server.log.statemachine.data.sync.timeout = 10s (default)
2019-09-24 22:41:03,440 [pool-97-thread-1] INFO  server.RaftServerConfigKeys (ConfUtils.java:logGet(43)) - raft.server.log.statemachine.data.sync.timeout.retry = -1 (default)
2019-09-24 22:41:03,441 [pool-97-thread-1] INFO  server.RaftServerConfigKeys (ConfUtils.java:logGet(43)) - raft.server.log.statemachine.data.caching.enabled = true (custom)
2019-09-24 22:41:03,441 [pool-97-thread-1] INFO  segmented.SegmentedRaftLogWorker (SegmentedRaftLogWorker.java:lambda$new$0(132)) - ef51bf3c-7b8f-4ad7-803c-941f117d7a0b@group-F2A0427B3123-SegmentedRaftLogWorker: flushIndex: setUnconditionally 0 -> -1
2019-09-24 22:41:03,441 [pool-97-thread-1] INFO  server.RaftServerConfigKeys (ConfUtils.java:logGet(43)) - raft.server.snapshot.auto.trigger.enabled = true (custom)
2019-09-24 22:41:03,442 [pool-97-thread-1] INFO  server.RaftServerConfigKeys (ConfUtils.java:logGet(43)) - raft.server.snapshot.auto.trigger.threshold = 10000 (custom)
2019-09-24 22:41:03,442 [pool-97-thread-1] INFO  server.RaftServerConfigKeys (ConfUtils.java:logGet(43)) - raft.server.snapshot.retention.num.files = 5 (custom)
2019-09-24 22:41:03,442 [pool-97-thread-1] INFO  server.RaftServerConfigKeys (ConfUtils.java:logGet(43)) - raft.server.retrycache.expirytime = 600000ms (custom)
2019-09-24 22:41:03,447 [pool-97-thread-1] INFO  impl.RaftServerImpl (RaftServerImpl.java:start(185)) - ef51bf3c-7b8f-4ad7-803c-941f117d7a0b@group-F2A0427B3123: start as a follower, conf=-1: [ef51bf3c-7b8f-4ad7-803c-941f117d7a0b:192.168.151.66:45660], old=null
2019-09-24 22:41:03,448 [pool-97-thread-1] INFO  impl.RaftServerImpl (RaftServerImpl.java:setRole(174)) - ef51bf3c-7b8f-4ad7-803c-941f117d7a0b@group-F2A0427B3123: changes role from      null to FOLLOWER at term 0 for startAsFollower
2019-09-24 22:41:03,448 [pool-97-thread-1] INFO  impl.RoleInfo (RoleInfo.java:updateAndGet(143)) - ef51bf3c-7b8f-4ad7-803c-941f117d7a0b: start FollowerState
2019-09-24 22:41:03,457 [pool-97-thread-1] INFO  util.JmxRegister (JmxRegister.java:tryRegister(44)) - Successfully registered JMX Bean with object name Ratis:service=RaftServer,group=group-F2A0427B3123,id=ef51bf3c-7b8f-4ad7-803c-941f117d7a0b
2019-09-24 22:41:03,476 [RatisPipelineUtilsThread] INFO  pipeline.PipelineStateManager (PipelineStateManager.java:addPipeline(56)) - Created pipeline Pipeline[ Id: 7636fc2c-bae2-4f9d-b6cb-f2a0427b3123, Nodes: ef51bf3c-7b8f-4ad7-803c-941f117d7a0b{ip: 192.168.151.66, host: pr-hdds-2162-v2v4x-1150571016, networkLocation: /default-rack, certSerialId: null}, Type:RATIS, Factor:ONE, State:OPEN]
2019-09-24 22:41:03,507 [grpc-default-executor-0] INFO  impl.RaftServerProxy (RaftServerProxy.java:addNew(89)) - ed156df5-2bd4-47ff-b40d-dee021ecbbab: addNew group-FA4A02AB1C4F:[ed156df5-2bd4-47ff-b40d-dee021ecbbab:192.168.151.66:42232] returns group-FA4A02AB1C4F:java.util.concurrent.CompletableFuture@50e1a9b1[Not completed]
2019-09-24 22:41:03,554 [pool-37-thread-1] INFO  impl.RaftServerImpl (RaftServerImpl.java:<init>(95)) - ed156df5-2bd4-47ff-b40d-dee021ecbbab: new RaftServerImpl for group-FA4A02AB1C4F:[ed156df5-2bd4-47ff-b40d-dee021ecbbab:192.168.151.66:42232] with ContainerStateMachine:uninitialized
2019-09-24 22:41:03,555 [pool-37-thread-1] INFO  server.RaftServerConfigKeys (ConfUtils.java:logGet(43)) - raft.server.rpc.timeout.min = 5s (custom)
2019-09-24 22:41:03,555 [pool-37-thread-1] INFO  server.RaftServerConfigKeys (ConfUtils.java:logGet(43)) - raft.server.rpc.timeout.max = 5200ms (custom)
2019-09-24 22:41:03,555 [pool-37-thread-1] INFO  server.RaftServerConfigKeys (ConfUtils.java:logGet(43)) - raft.server.rpcslowness.timeout = 120s (custom)
2019-09-24 22:41:03,555 [pool-37-thread-1] INFO  server.RaftServerConfigKeys (ConfUtils.java:logGet(43)) - raft.server.sleep.deviation.threshold = 300 (default)
2019-09-24 22:41:03,555 [pool-37-thread-1] INFO  server.RaftServerConfigKeys (ConfUtils.java:logGet(43)) - raft.server.log.appender.install.snapshot.enabled = false (custom)
2019-09-24 22:41:03,555 [pool-37-thread-1] INFO  impl.RaftServerImpl (ServerState.java:<init>(103)) - ed156df5-2bd4-47ff-b40d-dee021ecbbab@group-FA4A02AB1C4F: ConfigurationManager, init=-1: [ed156df5-2bd4-47ff-b40d-dee021ecbbab:192.168.151.66:42232], old=null, confs=<EMPTY_MAP>
2019-09-24 22:41:03,556 [pool-37-thread-1] INFO  server.RaftServerConfigKeys (ConfUtils.java:logGet(43)) - raft.server.storage.dir = [/workdir/hadoop-ozone/integration-test/target/test-dir/MiniOzoneClusterImpl-9f0f2ccb-738a-4344-bc48-f2576ae9334a/datanode-1/data/ratis] (custom)
2019-09-24 22:41:03,556 [pool-37-thread-1] INFO  storage.RaftStorageDirectory (RaftStorageDirectory.java:analyzeStorage(246)) - The storage directory /workdir/hadoop-ozone/integration-test/target/test-dir/MiniOzoneClusterImpl-9f0f2ccb-738a-4344-bc48-f2576ae9334a/datanode-1/data/ratis/1ac2efbc-d9da-4b39-80c8-fa4a02ab1c4f does not exist. Creating ...
2019-09-24 22:41:03,569 [pool-37-thread-1] INFO  storage.RaftStorageDirectory (RaftStorageDirectory.java:tryLock(328)) - Lock on /workdir/hadoop-ozone/integration-test/target/test-dir/MiniOzoneClusterImpl-9f0f2ccb-738a-4344-bc48-f2576ae9334a/datanode-1/data/ratis/1ac2efbc-d9da-4b39-80c8-fa4a02ab1c4f/in_use.lock acquired by nodename 29871@pr-hdds-2162-v2v4x-1150571016
2019-09-24 22:41:03,581 [pool-37-thread-1] INFO  storage.RaftStorage (RaftStorage.java:format(72)) - Storage directory /workdir/hadoop-ozone/integration-test/target/test-dir/MiniOzoneClusterImpl-9f0f2ccb-738a-4344-bc48-f2576ae9334a/datanode-1/data/ratis/1ac2efbc-d9da-4b39-80c8-fa4a02ab1c4f has been successfully formatted.
2019-09-24 22:41:03,582 [pool-37-thread-1] INFO  ratis.ContainerStateMachine (ContainerStateMachine.java:loadSnapshot(230)) - group-FA4A02AB1C4F: The snapshot info is null. Setting the last applied indexto:(t:0, i:~)
2019-09-24 22:41:03,582 [pool-37-thread-1] INFO  server.RaftServerConfigKeys (ConfUtils.java:logGet(43)) - raft.server.notification.no-leader.timeout = 120s (custom)
2019-09-24 22:41:03,582 [pool-37-thread-1] INFO  server.RaftServerConfigKeys (ConfUtils.java:logGet(43)) - raft.server.log.use.memory = false (default)
2019-09-24 22:41:03,582 [pool-37-thread-1] INFO  server.RaftServerConfigKeys (ConfUtils.java:logGet(43)) - raft.server.log.purge.gap = 1000000 (custom)
2019-09-24 22:41:03,582 [pool-37-thread-1] INFO  server.RaftServerConfigKeys (ConfUtils.java:logGet(43)) - raft.server.log.appender.buffer.byte-limit = 33554432 (custom)
2019-09-24 22:41:03,582 [pool-37-thread-1] INFO  server.RaftServerConfigKeys (ConfUtils.java:logGet(43)) - raft.server.log.segment.size.max = 1048576 (custom)
2019-09-24 22:41:03,582 [pool-37-thread-1] INFO  server.RaftServerConfigKeys (ConfUtils.java:logGet(43)) - raft.server.log.segment.cache.num.max = 2 (custom)
2019-09-24 22:41:03,583 [pool-37-thread-1] INFO  segmented.SegmentedRaftLogWorker (SegmentedRaftLogWorker.java:<init>(172)) - new ed156df5-2bd4-47ff-b40d-dee021ecbbab@group-FA4A02AB1C4F-SegmentedRaftLogWorker for RaftStorage:Storage Directory /workdir/hadoop-ozone/integration-test/target/test-dir/MiniOzoneClusterImpl-9f0f2ccb-738a-4344-bc48-f2576ae9334a/datanode-1/data/ratis/1ac2efbc-d9da-4b39-80c8-fa4a02ab1c4f
2019-09-24 22:41:03,626 [pool-37-thread-1] INFO  server.RaftServerConfigKeys (ConfUtils.java:logGet(43)) - raft.server.log.queue.byte-limit = 2147483647 (custom)
2019-09-24 22:41:03,626 [pool-37-thread-1] INFO  server.RaftServerConfigKeys (ConfUtils.java:logGet(43)) - raft.server.log.queue.element-limit = 1024 (custom)
2019-09-24 22:41:03,627 [pool-37-thread-1] INFO  server.RaftServerConfigKeys (ConfUtils.java:logGet(43)) - raft.server.log.segment.size.max = 1048576 (custom)
2019-09-24 22:41:03,627 [pool-37-thread-1] INFO  server.RaftServerConfigKeys (ConfUtils.java:logGet(43)) - raft.server.log.preallocated.size = 16384 (custom)
2019-09-24 22:41:03,627 [pool-37-thread-1] INFO  server.RaftServerConfigKeys (ConfUtils.java:logGet(43)) - raft.server.log.write.buffer.size = 33554432 (custom)
2019-09-24 22:41:03,627 [pool-37-thread-1] INFO  server.RaftServerConfigKeys (ConfUtils.java:logGet(43)) - raft.server.log.force.sync.num = 128 (default)
2019-09-24 22:41:03,627 [pool-37-thread-1] INFO  server.RaftServerConfigKeys (ConfUtils.java:logGet(43)) - raft.server.log.statemachine.data.sync = true (default)
2019-09-24 22:41:03,627 [pool-37-thread-1] INFO  server.RaftServerConfigKeys (ConfUtils.java:logGet(43)) - raft.server.log.statemachine.data.sync.timeout = 10s (default)
2019-09-24 22:41:03,627 [pool-37-thread-1] INFO  server.RaftServerConfigKeys (ConfUtils.java:logGet(43)) - raft.server.log.statemachine.data.sync.timeout.retry = -1 (default)
2019-09-24 22:41:03,628 [pool-37-thread-1] INFO  server.RaftServerConfigKeys (ConfUtils.java:logGet(43)) - raft.server.log.statemachine.data.caching.enabled = true (custom)
2019-09-24 22:41:03,628 [pool-37-thread-1] INFO  segmented.SegmentedRaftLogWorker (SegmentedRaftLogWorker.java:lambda$new$0(132)) - ed156df5-2bd4-47ff-b40d-dee021ecbbab@group-FA4A02AB1C4F-SegmentedRaftLogWorker: flushIndex: setUnconditionally 0 -> -1
2019-09-24 22:41:03,628 [pool-37-thread-1] INFO  server.RaftServerConfigKeys (ConfUtils.java:logGet(43)) - raft.server.snapshot.auto.trigger.enabled = true (custom)
2019-09-24 22:41:03,629 [pool-37-thread-1] INFO  server.RaftServerConfigKeys (ConfUtils.java:logGet(43)) - raft.server.snapshot.auto.trigger.threshold = 10000 (custom)
2019-09-24 22:41:03,629 [pool-37-thread-1] INFO  server.RaftServerConfigKeys (ConfUtils.java:logGet(43)) - raft.server.snapshot.retention.num.files = 5 (custom)
2019-09-24 22:41:03,629 [pool-37-thread-1] INFO  server.RaftServerConfigKeys (ConfUtils.java:logGet(43)) - raft.server.retrycache.expirytime = 600000ms (custom)
2019-09-24 22:41:03,633 [pool-37-thread-1] INFO  impl.RaftServerImpl (RaftServerImpl.java:start(185)) - ed156df5-2bd4-47ff-b40d-dee021ecbbab@group-FA4A02AB1C4F: start as a follower, conf=-1: [ed156df5-2bd4-47ff-b40d-dee021ecbbab:192.168.151.66:42232], old=null
2019-09-24 22:41:03,633 [pool-37-thread-1] INFO  impl.RaftServerImpl (RaftServerImpl.java:setRole(174)) - ed156df5-2bd4-47ff-b40d-dee021ecbbab@group-FA4A02AB1C4F: changes role from      null to FOLLOWER at term 0 for startAsFollower
2019-09-24 22:41:03,634 [pool-37-thread-1] INFO  impl.RoleInfo (RoleInfo.java:updateAndGet(143)) - ed156df5-2bd4-47ff-b40d-dee021ecbbab: start FollowerState
2019-09-24 22:41:03,636 [pool-37-thread-1] INFO  util.JmxRegister (JmxRegister.java:tryRegister(44)) - Successfully registered JMX Bean with object name Ratis:service=RaftServer,group=group-FA4A02AB1C4F,id=ed156df5-2bd4-47ff-b40d-dee021ecbbab
2019-09-24 22:41:03,649 [RatisPipelineUtilsThread] INFO  pipeline.PipelineStateManager (PipelineStateManager.java:addPipeline(56)) - Created pipeline Pipeline[ Id: 1ac2efbc-d9da-4b39-80c8-fa4a02ab1c4f, Nodes: ed156df5-2bd4-47ff-b40d-dee021ecbbab{ip: 192.168.151.66, host: pr-hdds-2162-v2v4x-1150571016, networkLocation: /default-rack, certSerialId: null}, Type:RATIS, Factor:ONE, State:OPEN]
2019-09-24 22:41:03,670 [grpc-default-executor-0] INFO  impl.RaftServerProxy (RaftServerProxy.java:addNew(89)) - faf732d4-9705-4e91-a5ff-9b5c287516c2: addNew group-E43D5F8C5A46:[faf732d4-9705-4e91-a5ff-9b5c287516c2:192.168.151.66:34652] returns group-E43D5F8C5A46:java.util.concurrent.CompletableFuture@288689d1[Not completed]
2019-09-24 22:41:03,673 [pool-67-thread-1] INFO  impl.RaftServerImpl (RaftServerImpl.java:<init>(95)) - faf732d4-9705-4e91-a5ff-9b5c287516c2: new RaftServerImpl for group-E43D5F8C5A46:[faf732d4-9705-4e91-a5ff-9b5c287516c2:192.168.151.66:34652] with ContainerStateMachine:uninitialized
2019-09-24 22:41:03,674 [pool-67-thread-1] INFO  server.RaftServerConfigKeys (ConfUtils.java:logGet(43)) - raft.server.rpc.timeout.min = 5s (custom)
2019-09-24 22:41:03,674 [pool-67-thread-1] INFO  server.RaftServerConfigKeys (ConfUtils.java:logGet(43)) - raft.server.rpc.timeout.max = 5200ms (custom)
2019-09-24 22:41:03,674 [pool-67-thread-1] INFO  server.RaftServerConfigKeys (ConfUtils.java:logGet(43)) - raft.server.rpcslowness.timeout = 120s (custom)
2019-09-24 22:41:03,674 [pool-67-thread-1] INFO  server.RaftServerConfigKeys (ConfUtils.java:logGet(43)) - raft.server.sleep.deviation.threshold = 300 (default)
2019-09-24 22:41:03,674 [pool-67-thread-1] INFO  server.RaftServerConfigKeys (ConfUtils.java:logGet(43)) - raft.server.log.appender.install.snapshot.enabled = false (custom)
2019-09-24 22:41:03,674 [pool-67-thread-1] INFO  impl.RaftServerImpl (ServerState.java:<init>(103)) - faf732d4-9705-4e91-a5ff-9b5c287516c2@group-E43D5F8C5A46: ConfigurationManager, init=-1: [faf732d4-9705-4e91-a5ff-9b5c287516c2:192.168.151.66:34652], old=null, confs=<EMPTY_MAP>
2019-09-24 22:41:03,675 [pool-67-thread-1] INFO  server.RaftServerConfigKeys (ConfUtils.java:logGet(43)) - raft.server.storage.dir = [/workdir/hadoop-ozone/integration-test/target/test-dir/MiniOzoneClusterImpl-9f0f2ccb-738a-4344-bc48-f2576ae9334a/datanode-4/data/ratis] (custom)
2019-09-24 22:41:03,675 [pool-67-thread-1] INFO  storage.RaftStorageDirectory (RaftStorageDirectory.java:analyzeStorage(246)) - The storage directory /workdir/hadoop-ozone/integration-test/target/test-dir/MiniOzoneClusterImpl-9f0f2ccb-738a-4344-bc48-f2576ae9334a/datanode-4/data/ratis/6787dea4-b66d-4819-b450-e43d5f8c5a46 does not exist. Creating ...
2019-09-24 22:41:03,688 [pool-67-thread-1] INFO  storage.RaftStorageDirectory (RaftStorageDirectory.java:tryLock(328)) - Lock on /workdir/hadoop-ozone/integration-test/target/test-dir/MiniOzoneClusterImpl-9f0f2ccb-738a-4344-bc48-f2576ae9334a/datanode-4/data/ratis/6787dea4-b66d-4819-b450-e43d5f8c5a46/in_use.lock acquired by nodename 29871@pr-hdds-2162-v2v4x-1150571016
2019-09-24 22:41:03,701 [pool-67-thread-1] INFO  storage.RaftStorage (RaftStorage.java:format(72)) - Storage directory /workdir/hadoop-ozone/integration-test/target/test-dir/MiniOzoneClusterImpl-9f0f2ccb-738a-4344-bc48-f2576ae9334a/datanode-4/data/ratis/6787dea4-b66d-4819-b450-e43d5f8c5a46 has been successfully formatted.
2019-09-24 22:41:03,702 [pool-67-thread-1] INFO  ratis.ContainerStateMachine (ContainerStateMachine.java:loadSnapshot(230)) - group-E43D5F8C5A46: The snapshot info is null. Setting the last applied indexto:(t:0, i:~)
2019-09-24 22:41:03,702 [pool-67-thread-1] INFO  server.RaftServerConfigKeys (ConfUtils.java:logGet(43)) - raft.server.notification.no-leader.timeout = 120s (custom)
2019-09-24 22:41:03,702 [pool-67-thread-1] INFO  server.RaftServerConfigKeys (ConfUtils.java:logGet(43)) - raft.server.log.use.memory = false (default)
2019-09-24 22:41:03,702 [pool-67-thread-1] INFO  server.RaftServerConfigKeys (ConfUtils.java:logGet(43)) - raft.server.log.purge.gap = 1000000 (custom)
2019-09-24 22:41:03,702 [pool-67-thread-1] INFO  server.RaftServerConfigKeys (ConfUtils.java:logGet(43)) - raft.server.log.appender.buffer.byte-limit = 33554432 (custom)
2019-09-24 22:41:03,702 [pool-67-thread-1] INFO  server.RaftServerConfigKeys (ConfUtils.java:logGet(43)) - raft.server.log.segment.size.max = 1048576 (custom)
2019-09-24 22:41:03,702 [pool-67-thread-1] INFO  server.RaftServerConfigKeys (ConfUtils.java:logGet(43)) - raft.server.log.segment.cache.num.max = 2 (custom)
2019-09-24 22:41:03,703 [pool-67-thread-1] INFO  segmented.SegmentedRaftLogWorker (SegmentedRaftLogWorker.java:<init>(172)) - new faf732d4-9705-4e91-a5ff-9b5c287516c2@group-E43D5F8C5A46-SegmentedRaftLogWorker for RaftStorage:Storage Directory /workdir/hadoop-ozone/integration-test/target/test-dir/MiniOzoneClusterImpl-9f0f2ccb-738a-4344-bc48-f2576ae9334a/datanode-4/data/ratis/6787dea4-b66d-4819-b450-e43d5f8c5a46
2019-09-24 22:41:03,706 [pool-67-thread-1] INFO  server.RaftServerConfigKeys (ConfUtils.java:logGet(43)) - raft.server.log.queue.byte-limit = 2147483647 (custom)
2019-09-24 22:41:03,706 [pool-67-thread-1] INFO  server.RaftServerConfigKeys (ConfUtils.java:logGet(43)) - raft.server.log.queue.element-limit = 1024 (custom)
2019-09-24 22:41:03,706 [pool-67-thread-1] INFO  server.RaftServerConfigKeys (ConfUtils.java:logGet(43)) - raft.server.log.segment.size.max = 1048576 (custom)
2019-09-24 22:41:03,706 [pool-67-thread-1] INFO  server.RaftServerConfigKeys (ConfUtils.java:logGet(43)) - raft.server.log.preallocated.size = 16384 (custom)
2019-09-24 22:41:03,706 [pool-67-thread-1] INFO  server.RaftServerConfigKeys (ConfUtils.java:logGet(43)) - raft.server.log.write.buffer.size = 33554432 (custom)
2019-09-24 22:41:03,706 [pool-67-thread-1] INFO  server.RaftServerConfigKeys (ConfUtils.java:logGet(43)) - raft.server.log.force.sync.num = 128 (default)
2019-09-24 22:41:03,707 [pool-67-thread-1] INFO  server.RaftServerConfigKeys (ConfUtils.java:logGet(43)) - raft.server.log.statemachine.data.sync = true (default)
2019-09-24 22:41:03,707 [pool-67-thread-1] INFO  server.RaftServerConfigKeys (ConfUtils.java:logGet(43)) - raft.server.log.statemachine.data.sync.timeout = 10s (default)
2019-09-24 22:41:03,707 [pool-67-thread-1] INFO  server.RaftServerConfigKeys (ConfUtils.java:logGet(43)) - raft.server.log.statemachine.data.sync.timeout.retry = -1 (default)
2019-09-24 22:41:03,708 [pool-67-thread-1] INFO  server.RaftServerConfigKeys (ConfUtils.java:logGet(43)) - raft.server.log.statemachine.data.caching.enabled = true (custom)
2019-09-24 22:41:03,708 [pool-67-thread-1] INFO  segmented.SegmentedRaftLogWorker (SegmentedRaftLogWorker.java:lambda$new$0(132)) - faf732d4-9705-4e91-a5ff-9b5c287516c2@group-E43D5F8C5A46-SegmentedRaftLogWorker: flushIndex: setUnconditionally 0 -> -1
2019-09-24 22:41:03,708 [pool-67-thread-1] INFO  server.RaftServerConfigKeys (ConfUtils.java:logGet(43)) - raft.server.snapshot.auto.trigger.enabled = true (custom)
2019-09-24 22:41:03,709 [pool-67-thread-1] INFO  server.RaftServerConfigKeys (ConfUtils.java:logGet(43)) - raft.server.snapshot.auto.trigger.threshold = 10000 (custom)
2019-09-24 22:41:03,709 [pool-67-thread-1] INFO  server.RaftServerConfigKeys (ConfUtils.java:logGet(43)) - raft.server.snapshot.retention.num.files = 5 (custom)
2019-09-24 22:41:03,709 [pool-67-thread-1] INFO  server.RaftServerConfigKeys (ConfUtils.java:logGet(43)) - raft.server.retrycache.expirytime = 600000ms (custom)
2019-09-24 22:41:03,715 [pool-67-thread-1] INFO  impl.RaftServerImpl (RaftServerImpl.java:start(185)) - faf732d4-9705-4e91-a5ff-9b5c287516c2@group-E43D5F8C5A46: start as a follower, conf=-1: [faf732d4-9705-4e91-a5ff-9b5c287516c2:192.168.151.66:34652], old=null
2019-09-24 22:41:03,715 [pool-67-thread-1] INFO  impl.RaftServerImpl (RaftServerImpl.java:setRole(174)) - faf732d4-9705-4e91-a5ff-9b5c287516c2@group-E43D5F8C5A46: changes role from      null to FOLLOWER at term 0 for startAsFollower
2019-09-24 22:41:03,715 [pool-67-thread-1] INFO  impl.RoleInfo (RoleInfo.java:updateAndGet(143)) - faf732d4-9705-4e91-a5ff-9b5c287516c2: start FollowerState
2019-09-24 22:41:03,716 [pool-67-thread-1] INFO  util.JmxRegister (JmxRegister.java:tryRegister(44)) - Successfully registered JMX Bean with object name Ratis:service=RaftServer,group=group-E43D5F8C5A46,id=faf732d4-9705-4e91-a5ff-9b5c287516c2
2019-09-24 22:41:03,732 [RatisPipelineUtilsThread] INFO  pipeline.PipelineStateManager (PipelineStateManager.java:addPipeline(56)) - Created pipeline Pipeline[ Id: 6787dea4-b66d-4819-b450-e43d5f8c5a46, Nodes: faf732d4-9705-4e91-a5ff-9b5c287516c2{ip: 192.168.151.66, host: pr-hdds-2162-v2v4x-1150571016, networkLocation: /default-rack, certSerialId: null}, Type:RATIS, Factor:ONE, State:OPEN]
2019-09-24 22:41:03,747 [grpc-default-executor-0] INFO  impl.RaftServerProxy (RaftServerProxy.java:addNew(89)) - 053bbe9f-e617-47d8-81f1-5a2d0a241cc5: addNew group-EE6BE6D99450:[053bbe9f-e617-47d8-81f1-5a2d0a241cc5:192.168.151.66:33565] returns group-EE6BE6D99450:java.util.concurrent.CompletableFuture@150763ba[Not completed]
2019-09-24 22:41:03,752 [pool-87-thread-1] INFO  impl.RaftServerImpl (RaftServerImpl.java:<init>(95)) - 053bbe9f-e617-47d8-81f1-5a2d0a241cc5: new RaftServerImpl for group-EE6BE6D99450:[053bbe9f-e617-47d8-81f1-5a2d0a241cc5:192.168.151.66:33565] with ContainerStateMachine:uninitialized
2019-09-24 22:41:03,752 [pool-87-thread-1] INFO  server.RaftServerConfigKeys (ConfUtils.java:logGet(43)) - raft.server.rpc.timeout.min = 5s (custom)
2019-09-24 22:41:03,752 [pool-87-thread-1] INFO  server.RaftServerConfigKeys (ConfUtils.java:logGet(43)) - raft.server.rpc.timeout.max = 5200ms (custom)
2019-09-24 22:41:03,752 [pool-87-thread-1] INFO  server.RaftServerConfigKeys (ConfUtils.java:logGet(43)) - raft.server.rpcslowness.timeout = 120s (custom)
2019-09-24 22:41:03,752 [pool-87-thread-1] INFO  server.RaftServerConfigKeys (ConfUtils.java:logGet(43)) - raft.server.sleep.deviation.threshold = 300 (default)
2019-09-24 22:41:03,753 [pool-87-thread-1] INFO  server.RaftServerConfigKeys (ConfUtils.java:logGet(43)) - raft.server.log.appender.install.snapshot.enabled = false (custom)
2019-09-24 22:41:03,753 [pool-87-thread-1] INFO  impl.RaftServerImpl (ServerState.java:<init>(103)) - 053bbe9f-e617-47d8-81f1-5a2d0a241cc5@group-EE6BE6D99450: ConfigurationManager, init=-1: [053bbe9f-e617-47d8-81f1-5a2d0a241cc5:192.168.151.66:33565], old=null, confs=<EMPTY_MAP>
2019-09-24 22:41:03,753 [pool-87-thread-1] INFO  server.RaftServerConfigKeys (ConfUtils.java:logGet(43)) - raft.server.storage.dir = [/workdir/hadoop-ozone/integration-test/target/test-dir/MiniOzoneClusterImpl-9f0f2ccb-738a-4344-bc48-f2576ae9334a/datanode-6/data/ratis] (custom)
2019-09-24 22:41:03,754 [pool-87-thread-1] INFO  storage.RaftStorageDirectory (RaftStorageDirectory.java:analyzeStorage(246)) - The storage directory /workdir/hadoop-ozone/integration-test/target/test-dir/MiniOzoneClusterImpl-9f0f2ccb-738a-4344-bc48-f2576ae9334a/datanode-6/data/ratis/b3b0f511-6df7-4e39-8eaa-ee6be6d99450 does not exist. Creating ...
2019-09-24 22:41:03,766 [pool-87-thread-1] INFO  storage.RaftStorageDirectory (RaftStorageDirectory.java:tryLock(328)) - Lock on /workdir/hadoop-ozone/integration-test/target/test-dir/MiniOzoneClusterImpl-9f0f2ccb-738a-4344-bc48-f2576ae9334a/datanode-6/data/ratis/b3b0f511-6df7-4e39-8eaa-ee6be6d99450/in_use.lock acquired by nodename 29871@pr-hdds-2162-v2v4x-1150571016
2019-09-24 22:41:03,779 [pool-87-thread-1] INFO  storage.RaftStorage (RaftStorage.java:format(72)) - Storage directory /workdir/hadoop-ozone/integration-test/target/test-dir/MiniOzoneClusterImpl-9f0f2ccb-738a-4344-bc48-f2576ae9334a/datanode-6/data/ratis/b3b0f511-6df7-4e39-8eaa-ee6be6d99450 has been successfully formatted.
2019-09-24 22:41:03,779 [pool-87-thread-1] INFO  ratis.ContainerStateMachine (ContainerStateMachine.java:loadSnapshot(230)) - group-EE6BE6D99450: The snapshot info is null. Setting the last applied indexto:(t:0, i:~)
2019-09-24 22:41:03,780 [pool-87-thread-1] INFO  server.RaftServerConfigKeys (ConfUtils.java:logGet(43)) - raft.server.notification.no-leader.timeout = 120s (custom)
2019-09-24 22:41:03,780 [pool-87-thread-1] INFO  server.RaftServerConfigKeys (ConfUtils.java:logGet(43)) - raft.server.log.use.memory = false (default)
2019-09-24 22:41:03,780 [pool-87-thread-1] INFO  server.RaftServerConfigKeys (ConfUtils.java:logGet(43)) - raft.server.log.purge.gap = 1000000 (custom)
2019-09-24 22:41:03,780 [pool-87-thread-1] INFO  server.RaftServerConfigKeys (ConfUtils.java:logGet(43)) - raft.server.log.appender.buffer.byte-limit = 33554432 (custom)
2019-09-24 22:41:03,780 [pool-87-thread-1] INFO  server.RaftServerConfigKeys (ConfUtils.java:logGet(43)) - raft.server.log.segment.size.max = 1048576 (custom)
2019-09-24 22:41:03,780 [pool-87-thread-1] INFO  server.RaftServerConfigKeys (ConfUtils.java:logGet(43)) - raft.server.log.segment.cache.num.max = 2 (custom)
2019-09-24 22:41:03,780 [pool-87-thread-1] INFO  segmented.SegmentedRaftLogWorker (SegmentedRaftLogWorker.java:<init>(172)) - new 053bbe9f-e617-47d8-81f1-5a2d0a241cc5@group-EE6BE6D99450-SegmentedRaftLogWorker for RaftStorage:Storage Directory /workdir/hadoop-ozone/integration-test/target/test-dir/MiniOzoneClusterImpl-9f0f2ccb-738a-4344-bc48-f2576ae9334a/datanode-6/data/ratis/b3b0f511-6df7-4e39-8eaa-ee6be6d99450
2019-09-24 22:41:03,784 [pool-87-thread-1] INFO  server.RaftServerConfigKeys (ConfUtils.java:logGet(43)) - raft.server.log.queue.byte-limit = 2147483647 (custom)
2019-09-24 22:41:03,784 [pool-87-thread-1] INFO  server.RaftServerConfigKeys (ConfUtils.java:logGet(43)) - raft.server.log.queue.element-limit = 1024 (custom)
2019-09-24 22:41:03,784 [pool-87-thread-1] INFO  server.RaftServerConfigKeys (ConfUtils.java:logGet(43)) - raft.server.log.segment.size.max = 1048576 (custom)
2019-09-24 22:41:03,784 [pool-87-thread-1] INFO  server.RaftServerConfigKeys (ConfUtils.java:logGet(43)) - raft.server.log.preallocated.size = 16384 (custom)
2019-09-24 22:41:03,785 [pool-87-thread-1] INFO  server.RaftServerConfigKeys (ConfUtils.java:logGet(43)) - raft.server.log.write.buffer.size = 33554432 (custom)
2019-09-24 22:41:03,785 [pool-87-thread-1] INFO  server.RaftServerConfigKeys (ConfUtils.java:logGet(43)) - raft.server.log.force.sync.num = 128 (default)
2019-09-24 22:41:03,785 [pool-87-thread-1] INFO  server.RaftServerConfigKeys (ConfUtils.java:logGet(43)) - raft.server.log.statemachine.data.sync = true (default)
2019-09-24 22:41:03,785 [pool-87-thread-1] INFO  server.RaftServerConfigKeys (ConfUtils.java:logGet(43)) - raft.server.log.statemachine.data.sync.timeout = 10s (default)
2019-09-24 22:41:03,785 [pool-87-thread-1] INFO  server.RaftServerConfigKeys (ConfUtils.java:logGet(43)) - raft.server.log.statemachine.data.sync.timeout.retry = -1 (default)
2019-09-24 22:41:03,785 [pool-87-thread-1] INFO  server.RaftServerConfigKeys (ConfUtils.java:logGet(43)) - raft.server.log.statemachine.data.caching.enabled = true (custom)
2019-09-24 22:41:03,786 [pool-87-thread-1] INFO  segmented.SegmentedRaftLogWorker (SegmentedRaftLogWorker.java:lambda$new$0(132)) - 053bbe9f-e617-47d8-81f1-5a2d0a241cc5@group-EE6BE6D99450-SegmentedRaftLogWorker: flushIndex: setUnconditionally 0 -> -1
2019-09-24 22:41:03,786 [pool-87-thread-1] INFO  server.RaftServerConfigKeys (ConfUtils.java:logGet(43)) - raft.server.snapshot.auto.trigger.enabled = true (custom)
2019-09-24 22:41:03,786 [pool-87-thread-1] INFO  server.RaftServerConfigKeys (ConfUtils.java:logGet(43)) - raft.server.snapshot.auto.trigger.threshold = 10000 (custom)
2019-09-24 22:41:03,786 [pool-87-thread-1] INFO  server.RaftServerConfigKeys (ConfUtils.java:logGet(43)) - raft.server.snapshot.retention.num.files = 5 (custom)
2019-09-24 22:41:03,786 [pool-87-thread-1] INFO  server.RaftServerConfigKeys (ConfUtils.java:logGet(43)) - raft.server.retrycache.expirytime = 600000ms (custom)
2019-09-24 22:41:03,790 [pool-87-thread-1] INFO  impl.RaftServerImpl (RaftServerImpl.java:start(185)) - 053bbe9f-e617-47d8-81f1-5a2d0a241cc5@group-EE6BE6D99450: start as a follower, conf=-1: [053bbe9f-e617-47d8-81f1-5a2d0a241cc5:192.168.151.66:33565], old=null
2019-09-24 22:41:03,790 [pool-87-thread-1] INFO  impl.RaftServerImpl (RaftServerImpl.java:setRole(174)) - 053bbe9f-e617-47d8-81f1-5a2d0a241cc5@group-EE6BE6D99450: changes role from      null to FOLLOWER at term 0 for startAsFollower
2019-09-24 22:41:03,790 [pool-87-thread-1] INFO  impl.RoleInfo (RoleInfo.java:updateAndGet(143)) - 053bbe9f-e617-47d8-81f1-5a2d0a241cc5: start FollowerState
2019-09-24 22:41:03,790 [pool-87-thread-1] INFO  util.JmxRegister (JmxRegister.java:tryRegister(44)) - Successfully registered JMX Bean with object name Ratis:service=RaftServer,group=group-EE6BE6D99450,id=053bbe9f-e617-47d8-81f1-5a2d0a241cc5
2019-09-24 22:41:03,806 [RatisPipelineUtilsThread] INFO  pipeline.PipelineStateManager (PipelineStateManager.java:addPipeline(56)) - Created pipeline Pipeline[ Id: b3b0f511-6df7-4e39-8eaa-ee6be6d99450, Nodes: 053bbe9f-e617-47d8-81f1-5a2d0a241cc5{ip: 192.168.151.66, host: pr-hdds-2162-v2v4x-1150571016, networkLocation: /default-rack, certSerialId: null}, Type:RATIS, Factor:ONE, State:OPEN]
2019-09-24 22:41:03,827 [grpc-default-executor-0] INFO  impl.RaftServerProxy (RaftServerProxy.java:addNew(89)) - 44386e62-51f5-4810-a1c5-3bae63c25e40: addNew group-40389E4FFFF3:[44386e62-51f5-4810-a1c5-3bae63c25e40:192.168.151.66:32774] returns group-40389E4FFFF3:java.util.concurrent.CompletableFuture@7c58ac8d[Not completed]
2019-09-24 22:41:03,833 [pool-107-thread-1] INFO  impl.RaftServerImpl (RaftServerImpl.java:<init>(95)) - 44386e62-51f5-4810-a1c5-3bae63c25e40: new RaftServerImpl for group-40389E4FFFF3:[44386e62-51f5-4810-a1c5-3bae63c25e40:192.168.151.66:32774] with ContainerStateMachine:uninitialized
2019-09-24 22:41:03,833 [pool-107-thread-1] INFO  server.RaftServerConfigKeys (ConfUtils.java:logGet(43)) - raft.server.rpc.timeout.min = 5s (custom)
2019-09-24 22:41:03,833 [pool-107-thread-1] INFO  server.RaftServerConfigKeys (ConfUtils.java:logGet(43)) - raft.server.rpc.timeout.max = 5200ms (custom)
2019-09-24 22:41:03,833 [pool-107-thread-1] INFO  server.RaftServerConfigKeys (ConfUtils.java:logGet(43)) - raft.server.rpcslowness.timeout = 120s (custom)
2019-09-24 22:41:03,833 [pool-107-thread-1] INFO  server.RaftServerConfigKeys (ConfUtils.java:logGet(43)) - raft.server.sleep.deviation.threshold = 300 (default)
2019-09-24 22:41:03,833 [pool-107-thread-1] INFO  server.RaftServerConfigKeys (ConfUtils.java:logGet(43)) - raft.server.log.appender.install.snapshot.enabled = false (custom)
2019-09-24 22:41:03,834 [pool-107-thread-1] INFO  impl.RaftServerImpl (ServerState.java:<init>(103)) - 44386e62-51f5-4810-a1c5-3bae63c25e40@group-40389E4FFFF3: ConfigurationManager, init=-1: [44386e62-51f5-4810-a1c5-3bae63c25e40:192.168.151.66:32774], old=null, confs=<EMPTY_MAP>
2019-09-24 22:41:03,834 [pool-107-thread-1] INFO  server.RaftServerConfigKeys (ConfUtils.java:logGet(43)) - raft.server.storage.dir = [/workdir/hadoop-ozone/integration-test/target/test-dir/MiniOzoneClusterImpl-9f0f2ccb-738a-4344-bc48-f2576ae9334a/datanode-8/data/ratis] (custom)
2019-09-24 22:41:03,834 [pool-107-thread-1] INFO  storage.RaftStorageDirectory (RaftStorageDirectory.java:analyzeStorage(246)) - The storage directory /workdir/hadoop-ozone/integration-test/target/test-dir/MiniOzoneClusterImpl-9f0f2ccb-738a-4344-bc48-f2576ae9334a/datanode-8/data/ratis/e8820ea3-0ba8-4045-b324-40389e4ffff3 does not exist. Creating ...
2019-09-24 22:41:03,847 [pool-107-thread-1] INFO  storage.RaftStorageDirectory (RaftStorageDirectory.java:tryLock(328)) - Lock on /workdir/hadoop-ozone/integration-test/target/test-dir/MiniOzoneClusterImpl-9f0f2ccb-738a-4344-bc48-f2576ae9334a/datanode-8/data/ratis/e8820ea3-0ba8-4045-b324-40389e4ffff3/in_use.lock acquired by nodename 29871@pr-hdds-2162-v2v4x-1150571016
2019-09-24 22:41:03,878 [pool-107-thread-1] INFO  storage.RaftStorage (RaftStorage.java:format(72)) - Storage directory /workdir/hadoop-ozone/integration-test/target/test-dir/MiniOzoneClusterImpl-9f0f2ccb-738a-4344-bc48-f2576ae9334a/datanode-8/data/ratis/e8820ea3-0ba8-4045-b324-40389e4ffff3 has been successfully formatted.
2019-09-24 22:41:03,878 [pool-107-thread-1] INFO  ratis.ContainerStateMachine (ContainerStateMachine.java:loadSnapshot(230)) - group-40389E4FFFF3: The snapshot info is null. Setting the last applied indexto:(t:0, i:~)
2019-09-24 22:41:03,878 [pool-107-thread-1] INFO  server.RaftServerConfigKeys (ConfUtils.java:logGet(43)) - raft.server.notification.no-leader.timeout = 120s (custom)
2019-09-24 22:41:03,878 [pool-107-thread-1] INFO  server.RaftServerConfigKeys (ConfUtils.java:logGet(43)) - raft.server.log.use.memory = false (default)
2019-09-24 22:41:03,879 [pool-107-thread-1] INFO  server.RaftServerConfigKeys (ConfUtils.java:logGet(43)) - raft.server.log.purge.gap = 1000000 (custom)
2019-09-24 22:41:03,879 [pool-107-thread-1] INFO  server.RaftServerConfigKeys (ConfUtils.java:logGet(43)) - raft.server.log.appender.buffer.byte-limit = 33554432 (custom)
2019-09-24 22:41:03,879 [pool-107-thread-1] INFO  server.RaftServerConfigKeys (ConfUtils.java:logGet(43)) - raft.server.log.segment.size.max = 1048576 (custom)
2019-09-24 22:41:03,879 [pool-107-thread-1] INFO  server.RaftServerConfigKeys (ConfUtils.java:logGet(43)) - raft.server.log.segment.cache.num.max = 2 (custom)
2019-09-24 22:41:03,879 [pool-107-thread-1] INFO  segmented.SegmentedRaftLogWorker (SegmentedRaftLogWorker.java:<init>(172)) - new 44386e62-51f5-4810-a1c5-3bae63c25e40@group-40389E4FFFF3-SegmentedRaftLogWorker for RaftStorage:Storage Directory /workdir/hadoop-ozone/integration-test/target/test-dir/MiniOzoneClusterImpl-9f0f2ccb-738a-4344-bc48-f2576ae9334a/datanode-8/data/ratis/e8820ea3-0ba8-4045-b324-40389e4ffff3
2019-09-24 22:41:03,883 [pool-107-thread-1] INFO  server.RaftServerConfigKeys (ConfUtils.java:logGet(43)) - raft.server.log.queue.byte-limit = 2147483647 (custom)
2019-09-24 22:41:03,884 [pool-107-thread-1] INFO  server.RaftServerConfigKeys (ConfUtils.java:logGet(43)) - raft.server.log.queue.element-limit = 1024 (custom)
2019-09-24 22:41:03,884 [pool-107-thread-1] INFO  server.RaftServerConfigKeys (ConfUtils.java:logGet(43)) - raft.server.log.segment.size.max = 1048576 (custom)
2019-09-24 22:41:03,884 [pool-107-thread-1] INFO  server.RaftServerConfigKeys (ConfUtils.java:logGet(43)) - raft.server.log.preallocated.size = 16384 (custom)
2019-09-24 22:41:03,884 [pool-107-thread-1] INFO  server.RaftServerConfigKeys (ConfUtils.java:logGet(43)) - raft.server.log.write.buffer.size = 33554432 (custom)
2019-09-24 22:41:03,884 [pool-107-thread-1] INFO  server.RaftServerConfigKeys (ConfUtils.java:logGet(43)) - raft.server.log.force.sync.num = 128 (default)
2019-09-24 22:41:03,885 [pool-107-thread-1] INFO  server.RaftServerConfigKeys (ConfUtils.java:logGet(43)) - raft.server.log.statemachine.data.sync = true (default)
2019-09-24 22:41:03,885 [pool-107-thread-1] INFO  server.RaftServerConfigKeys (ConfUtils.java:logGet(43)) - raft.server.log.statemachine.data.sync.timeout = 10s (default)
2019-09-24 22:41:03,885 [pool-107-thread-1] INFO  server.RaftServerConfigKeys (ConfUtils.java:logGet(43)) - raft.server.log.statemachine.data.sync.timeout.retry = -1 (default)
2019-09-24 22:41:03,886 [pool-107-thread-1] INFO  server.RaftServerConfigKeys (ConfUtils.java:logGet(43)) - raft.server.log.statemachine.data.caching.enabled = true (custom)
2019-09-24 22:41:03,886 [pool-107-thread-1] INFO  segmented.SegmentedRaftLogWorker (SegmentedRaftLogWorker.java:lambda$new$0(132)) - 44386e62-51f5-4810-a1c5-3bae63c25e40@group-40389E4FFFF3-SegmentedRaftLogWorker: flushIndex: setUnconditionally 0 -> -1
2019-09-24 22:41:03,886 [pool-107-thread-1] INFO  server.RaftServerConfigKeys (ConfUtils.java:logGet(43)) - raft.server.snapshot.auto.trigger.enabled = true (custom)
2019-09-24 22:41:03,887 [pool-107-thread-1] INFO  server.RaftServerConfigKeys (ConfUtils.java:logGet(43)) - raft.server.snapshot.auto.trigger.threshold = 10000 (custom)
2019-09-24 22:41:03,887 [pool-107-thread-1] INFO  server.RaftServerConfigKeys (ConfUtils.java:logGet(43)) - raft.server.snapshot.retention.num.files = 5 (custom)
2019-09-24 22:41:03,887 [pool-107-thread-1] INFO  server.RaftServerConfigKeys (ConfUtils.java:logGet(43)) - raft.server.retrycache.expirytime = 600000ms (custom)
2019-09-24 22:41:03,891 [pool-107-thread-1] INFO  impl.RaftServerImpl (RaftServerImpl.java:start(185)) - 44386e62-51f5-4810-a1c5-3bae63c25e40@group-40389E4FFFF3: start as a follower, conf=-1: [44386e62-51f5-4810-a1c5-3bae63c25e40:192.168.151.66:32774], old=null
2019-09-24 22:41:03,891 [pool-107-thread-1] INFO  impl.RaftServerImpl (RaftServerImpl.java:setRole(174)) - 44386e62-51f5-4810-a1c5-3bae63c25e40@group-40389E4FFFF3: changes role from      null to FOLLOWER at term 0 for startAsFollower
2019-09-24 22:41:03,891 [pool-107-thread-1] INFO  impl.RoleInfo (RoleInfo.java:updateAndGet(143)) - 44386e62-51f5-4810-a1c5-3bae63c25e40: start FollowerState
2019-09-24 22:41:03,892 [pool-107-thread-1] INFO  util.JmxRegister (JmxRegister.java:tryRegister(44)) - Successfully registered JMX Bean with object name Ratis:service=RaftServer,group=group-40389E4FFFF3,id=44386e62-51f5-4810-a1c5-3bae63c25e40
2019-09-24 22:41:03,908 [RatisPipelineUtilsThread] INFO  pipeline.PipelineStateManager (PipelineStateManager.java:addPipeline(56)) - Created pipeline Pipeline[ Id: e8820ea3-0ba8-4045-b324-40389e4ffff3, Nodes: 44386e62-51f5-4810-a1c5-3bae63c25e40{ip: 192.168.151.66, host: pr-hdds-2162-v2v4x-1150571016, networkLocation: /default-rack, certSerialId: null}, Type:RATIS, Factor:ONE, State:OPEN]
2019-09-24 22:41:03,929 [grpc-default-executor-0] INFO  impl.RaftServerProxy (RaftServerProxy.java:addNew(89)) - 991de87b-0f41-4d84-9a26-7b325c2c170c: addNew group-4C625659BF47:[991de87b-0f41-4d84-9a26-7b325c2c170c:192.168.151.66:37010] returns group-4C625659BF47:java.util.concurrent.CompletableFuture@1cbd6208[Not completed]
2019-09-24 22:41:03,937 [pool-77-thread-1] INFO  impl.RaftServerImpl (RaftServerImpl.java:<init>(95)) - 991de87b-0f41-4d84-9a26-7b325c2c170c: new RaftServerImpl for group-4C625659BF47:[991de87b-0f41-4d84-9a26-7b325c2c170c:192.168.151.66:37010] with ContainerStateMachine:uninitialized
2019-09-24 22:41:03,937 [pool-77-thread-1] INFO  server.RaftServerConfigKeys (ConfUtils.java:logGet(43)) - raft.server.rpc.timeout.min = 5s (custom)
2019-09-24 22:41:03,937 [pool-77-thread-1] INFO  server.RaftServerConfigKeys (ConfUtils.java:logGet(43)) - raft.server.rpc.timeout.max = 5200ms (custom)
2019-09-24 22:41:03,938 [pool-77-thread-1] INFO  server.RaftServerConfigKeys (ConfUtils.java:logGet(43)) - raft.server.rpcslowness.timeout = 120s (custom)
2019-09-24 22:41:03,938 [pool-77-thread-1] INFO  server.RaftServerConfigKeys (ConfUtils.java:logGet(43)) - raft.server.sleep.deviation.threshold = 300 (default)
2019-09-24 22:41:03,938 [pool-77-thread-1] INFO  server.RaftServerConfigKeys (ConfUtils.java:logGet(43)) - raft.server.log.appender.install.snapshot.enabled = false (custom)
2019-09-24 22:41:03,938 [pool-77-thread-1] INFO  impl.RaftServerImpl (ServerState.java:<init>(103)) - 991de87b-0f41-4d84-9a26-7b325c2c170c@group-4C625659BF47: ConfigurationManager, init=-1: [991de87b-0f41-4d84-9a26-7b325c2c170c:192.168.151.66:37010], old=null, confs=<EMPTY_MAP>
2019-09-24 22:41:03,938 [pool-77-thread-1] INFO  server.RaftServerConfigKeys (ConfUtils.java:logGet(43)) - raft.server.storage.dir = [/workdir/hadoop-ozone/integration-test/target/test-dir/MiniOzoneClusterImpl-9f0f2ccb-738a-4344-bc48-f2576ae9334a/datanode-5/data/ratis] (custom)
2019-09-24 22:41:03,939 [pool-77-thread-1] INFO  storage.RaftStorageDirectory (RaftStorageDirectory.java:analyzeStorage(246)) - The storage directory /workdir/hadoop-ozone/integration-test/target/test-dir/MiniOzoneClusterImpl-9f0f2ccb-738a-4344-bc48-f2576ae9334a/datanode-5/data/ratis/eab33c00-29aa-4217-bdf1-4c625659bf47 does not exist. Creating ...
2019-09-24 22:41:03,951 [pool-77-thread-1] INFO  storage.RaftStorageDirectory (RaftStorageDirectory.java:tryLock(328)) - Lock on /workdir/hadoop-ozone/integration-test/target/test-dir/MiniOzoneClusterImpl-9f0f2ccb-738a-4344-bc48-f2576ae9334a/datanode-5/data/ratis/eab33c00-29aa-4217-bdf1-4c625659bf47/in_use.lock acquired by nodename 29871@pr-hdds-2162-v2v4x-1150571016
2019-09-24 22:41:03,965 [pool-77-thread-1] INFO  storage.RaftStorage (RaftStorage.java:format(72)) - Storage directory /workdir/hadoop-ozone/integration-test/target/test-dir/MiniOzoneClusterImpl-9f0f2ccb-738a-4344-bc48-f2576ae9334a/datanode-5/data/ratis/eab33c00-29aa-4217-bdf1-4c625659bf47 has been successfully formatted.
2019-09-24 22:41:03,965 [pool-77-thread-1] INFO  ratis.ContainerStateMachine (ContainerStateMachine.java:loadSnapshot(230)) - group-4C625659BF47: The snapshot info is null. Setting the last applied indexto:(t:0, i:~)
2019-09-24 22:41:03,965 [pool-77-thread-1] INFO  server.RaftServerConfigKeys (ConfUtils.java:logGet(43)) - raft.server.notification.no-leader.timeout = 120s (custom)
2019-09-24 22:41:03,965 [pool-77-thread-1] INFO  server.RaftServerConfigKeys (ConfUtils.java:logGet(43)) - raft.server.log.use.memory = false (default)
2019-09-24 22:41:03,966 [pool-77-thread-1] INFO  server.RaftServerConfigKeys (ConfUtils.java:logGet(43)) - raft.server.log.purge.gap = 1000000 (custom)
2019-09-24 22:41:03,966 [pool-77-thread-1] INFO  server.RaftServerConfigKeys (ConfUtils.java:logGet(43)) - raft.server.log.appender.buffer.byte-limit = 33554432 (custom)
2019-09-24 22:41:03,966 [pool-77-thread-1] INFO  server.RaftServerConfigKeys (ConfUtils.java:logGet(43)) - raft.server.log.segment.size.max = 1048576 (custom)
2019-09-24 22:41:03,966 [pool-77-thread-1] INFO  server.RaftServerConfigKeys (ConfUtils.java:logGet(43)) - raft.server.log.segment.cache.num.max = 2 (custom)
2019-09-24 22:41:03,966 [pool-77-thread-1] INFO  segmented.SegmentedRaftLogWorker (SegmentedRaftLogWorker.java:<init>(172)) - new 991de87b-0f41-4d84-9a26-7b325c2c170c@group-4C625659BF47-SegmentedRaftLogWorker for RaftStorage:Storage Directory /workdir/hadoop-ozone/integration-test/target/test-dir/MiniOzoneClusterImpl-9f0f2ccb-738a-4344-bc48-f2576ae9334a/datanode-5/data/ratis/eab33c00-29aa-4217-bdf1-4c625659bf47
2019-09-24 22:41:03,970 [pool-77-thread-1] INFO  server.RaftServerConfigKeys (ConfUtils.java:logGet(43)) - raft.server.log.queue.byte-limit = 2147483647 (custom)
2019-09-24 22:41:03,970 [pool-77-thread-1] INFO  server.RaftServerConfigKeys (ConfUtils.java:logGet(43)) - raft.server.log.queue.element-limit = 1024 (custom)
2019-09-24 22:41:03,970 [pool-77-thread-1] INFO  server.RaftServerConfigKeys (ConfUtils.java:logGet(43)) - raft.server.log.segment.size.max = 1048576 (custom)
2019-09-24 22:41:03,971 [pool-77-thread-1] INFO  server.RaftServerConfigKeys (ConfUtils.java:logGet(43)) - raft.server.log.preallocated.size = 16384 (custom)
2019-09-24 22:41:03,971 [pool-77-thread-1] INFO  server.RaftServerConfigKeys (ConfUtils.java:logGet(43)) - raft.server.log.write.buffer.size = 33554432 (custom)
2019-09-24 22:41:03,971 [pool-77-thread-1] INFO  server.RaftServerConfigKeys (ConfUtils.java:logGet(43)) - raft.server.log.force.sync.num = 128 (default)
2019-09-24 22:41:03,971 [pool-77-thread-1] INFO  server.RaftServerConfigKeys (ConfUtils.java:logGet(43)) - raft.server.log.statemachine.data.sync = true (default)
2019-09-24 22:41:03,971 [pool-77-thread-1] INFO  server.RaftServerConfigKeys (ConfUtils.java:logGet(43)) - raft.server.log.statemachine.data.sync.timeout = 10s (default)
2019-09-24 22:41:03,971 [pool-77-thread-1] INFO  server.RaftServerConfigKeys (ConfUtils.java:logGet(43)) - raft.server.log.statemachine.data.sync.timeout.retry = -1 (default)
2019-09-24 22:41:03,972 [pool-77-thread-1] INFO  server.RaftServerConfigKeys (ConfUtils.java:logGet(43)) - raft.server.log.statemachine.data.caching.enabled = true (custom)
2019-09-24 22:41:03,972 [pool-77-thread-1] INFO  segmented.SegmentedRaftLogWorker (SegmentedRaftLogWorker.java:lambda$new$0(132)) - 991de87b-0f41-4d84-9a26-7b325c2c170c@group-4C625659BF47-SegmentedRaftLogWorker: flushIndex: setUnconditionally 0 -> -1
2019-09-24 22:41:03,972 [pool-77-thread-1] INFO  server.RaftServerConfigKeys (ConfUtils.java:logGet(43)) - raft.server.snapshot.auto.trigger.enabled = true (custom)
2019-09-24 22:41:03,973 [pool-77-thread-1] INFO  server.RaftServerConfigKeys (ConfUtils.java:logGet(43)) - raft.server.snapshot.auto.trigger.threshold = 10000 (custom)
2019-09-24 22:41:03,973 [pool-77-thread-1] INFO  server.RaftServerConfigKeys (ConfUtils.java:logGet(43)) - raft.server.snapshot.retention.num.files = 5 (custom)
2019-09-24 22:41:03,973 [pool-77-thread-1] INFO  server.RaftServerConfigKeys (ConfUtils.java:logGet(43)) - raft.server.retrycache.expirytime = 600000ms (custom)
2019-09-24 22:41:03,976 [pool-77-thread-1] INFO  impl.RaftServerImpl (RaftServerImpl.java:start(185)) - 991de87b-0f41-4d84-9a26-7b325c2c170c@group-4C625659BF47: start as a follower, conf=-1: [991de87b-0f41-4d84-9a26-7b325c2c170c:192.168.151.66:37010], old=null
2019-09-24 22:41:03,976 [pool-77-thread-1] INFO  impl.RaftServerImpl (RaftServerImpl.java:setRole(174)) - 991de87b-0f41-4d84-9a26-7b325c2c170c@group-4C625659BF47: changes role from      null to FOLLOWER at term 0 for startAsFollower
2019-09-24 22:41:03,976 [pool-77-thread-1] INFO  impl.RoleInfo (RoleInfo.java:updateAndGet(143)) - 991de87b-0f41-4d84-9a26-7b325c2c170c: start FollowerState
2019-09-24 22:41:03,977 [pool-77-thread-1] INFO  util.JmxRegister (JmxRegister.java:tryRegister(44)) - Successfully registered JMX Bean with object name Ratis:service=RaftServer,group=group-4C625659BF47,id=991de87b-0f41-4d84-9a26-7b325c2c170c
2019-09-24 22:41:03,999 [RatisPipelineUtilsThread] INFO  pipeline.PipelineStateManager (PipelineStateManager.java:addPipeline(56)) - Created pipeline Pipeline[ Id: eab33c00-29aa-4217-bdf1-4c625659bf47, Nodes: 991de87b-0f41-4d84-9a26-7b325c2c170c{ip: 192.168.151.66, host: pr-hdds-2162-v2v4x-1150571016, networkLocation: /default-rack, certSerialId: null}, Type:RATIS, Factor:ONE, State:OPEN]
2019-09-24 22:41:04,020 [grpc-default-executor-0] INFO  impl.RaftServerProxy (RaftServerProxy.java:addNew(89)) - 3716a3a4-b37c-4a3e-91b5-9d776be92922: addNew group-4B6004E2DC26:[3716a3a4-b37c-4a3e-91b5-9d776be92922:192.168.151.66:42029] returns group-4B6004E2DC26:java.util.concurrent.CompletableFuture@3a9d2a77[Not completed]
2019-09-24 22:41:04,026 [pool-57-thread-1] INFO  impl.RaftServerImpl (RaftServerImpl.java:<init>(95)) - 3716a3a4-b37c-4a3e-91b5-9d776be92922: new RaftServerImpl for group-4B6004E2DC26:[3716a3a4-b37c-4a3e-91b5-9d776be92922:192.168.151.66:42029] with ContainerStateMachine:uninitialized
2019-09-24 22:41:04,026 [pool-57-thread-1] INFO  server.RaftServerConfigKeys (ConfUtils.java:logGet(43)) - raft.server.rpc.timeout.min = 5s (custom)
2019-09-24 22:41:04,027 [pool-57-thread-1] INFO  server.RaftServerConfigKeys (ConfUtils.java:logGet(43)) - raft.server.rpc.timeout.max = 5200ms (custom)
2019-09-24 22:41:04,027 [pool-57-thread-1] INFO  server.RaftServerConfigKeys (ConfUtils.java:logGet(43)) - raft.server.rpcslowness.timeout = 120s (custom)
2019-09-24 22:41:04,027 [pool-57-thread-1] INFO  server.RaftServerConfigKeys (ConfUtils.java:logGet(43)) - raft.server.sleep.deviation.threshold = 300 (default)
2019-09-24 22:41:04,027 [pool-57-thread-1] INFO  server.RaftServerConfigKeys (ConfUtils.java:logGet(43)) - raft.server.log.appender.install.snapshot.enabled = false (custom)
2019-09-24 22:41:04,027 [pool-57-thread-1] INFO  impl.RaftServerImpl (ServerState.java:<init>(103)) - 3716a3a4-b37c-4a3e-91b5-9d776be92922@group-4B6004E2DC26: ConfigurationManager, init=-1: [3716a3a4-b37c-4a3e-91b5-9d776be92922:192.168.151.66:42029], old=null, confs=<EMPTY_MAP>
2019-09-24 22:41:04,028 [pool-57-thread-1] INFO  server.RaftServerConfigKeys (ConfUtils.java:logGet(43)) - raft.server.storage.dir = [/workdir/hadoop-ozone/integration-test/target/test-dir/MiniOzoneClusterImpl-9f0f2ccb-738a-4344-bc48-f2576ae9334a/datanode-3/data/ratis] (custom)
2019-09-24 22:41:04,028 [pool-57-thread-1] INFO  storage.RaftStorageDirectory (RaftStorageDirectory.java:analyzeStorage(246)) - The storage directory /workdir/hadoop-ozone/integration-test/target/test-dir/MiniOzoneClusterImpl-9f0f2ccb-738a-4344-bc48-f2576ae9334a/datanode-3/data/ratis/67cda828-da9a-4609-b396-4b6004e2dc26 does not exist. Creating ...
2019-09-24 22:41:04,041 [pool-57-thread-1] INFO  storage.RaftStorageDirectory (RaftStorageDirectory.java:tryLock(328)) - Lock on /workdir/hadoop-ozone/integration-test/target/test-dir/MiniOzoneClusterImpl-9f0f2ccb-738a-4344-bc48-f2576ae9334a/datanode-3/data/ratis/67cda828-da9a-4609-b396-4b6004e2dc26/in_use.lock acquired by nodename 29871@pr-hdds-2162-v2v4x-1150571016
2019-09-24 22:41:04,054 [pool-57-thread-1] INFO  storage.RaftStorage (RaftStorage.java:format(72)) - Storage directory /workdir/hadoop-ozone/integration-test/target/test-dir/MiniOzoneClusterImpl-9f0f2ccb-738a-4344-bc48-f2576ae9334a/datanode-3/data/ratis/67cda828-da9a-4609-b396-4b6004e2dc26 has been successfully formatted.
2019-09-24 22:41:04,054 [pool-57-thread-1] INFO  ratis.ContainerStateMachine (ContainerStateMachine.java:loadSnapshot(230)) - group-4B6004E2DC26: The snapshot info is null. Setting the last applied indexto:(t:0, i:~)
2019-09-24 22:41:04,054 [pool-57-thread-1] INFO  server.RaftServerConfigKeys (ConfUtils.java:logGet(43)) - raft.server.notification.no-leader.timeout = 120s (custom)
2019-09-24 22:41:04,054 [pool-57-thread-1] INFO  server.RaftServerConfigKeys (ConfUtils.java:logGet(43)) - raft.server.log.use.memory = false (default)
2019-09-24 22:41:04,055 [pool-57-thread-1] INFO  server.RaftServerConfigKeys (ConfUtils.java:logGet(43)) - raft.server.log.purge.gap = 1000000 (custom)
2019-09-24 22:41:04,055 [pool-57-thread-1] INFO  server.RaftServerConfigKeys (ConfUtils.java:logGet(43)) - raft.server.log.appender.buffer.byte-limit = 33554432 (custom)
2019-09-24 22:41:04,055 [pool-57-thread-1] INFO  server.RaftServerConfigKeys (ConfUtils.java:logGet(43)) - raft.server.log.segment.size.max = 1048576 (custom)
2019-09-24 22:41:04,055 [pool-57-thread-1] INFO  server.RaftServerConfigKeys (ConfUtils.java:logGet(43)) - raft.server.log.segment.cache.num.max = 2 (custom)
2019-09-24 22:41:04,056 [pool-57-thread-1] INFO  segmented.SegmentedRaftLogWorker (SegmentedRaftLogWorker.java:<init>(172)) - new 3716a3a4-b37c-4a3e-91b5-9d776be92922@group-4B6004E2DC26-SegmentedRaftLogWorker for RaftStorage:Storage Directory /workdir/hadoop-ozone/integration-test/target/test-dir/MiniOzoneClusterImpl-9f0f2ccb-738a-4344-bc48-f2576ae9334a/datanode-3/data/ratis/67cda828-da9a-4609-b396-4b6004e2dc26
2019-09-24 22:41:04,060 [pool-57-thread-1] INFO  server.RaftServerConfigKeys (ConfUtils.java:logGet(43)) - raft.server.log.queue.byte-limit = 2147483647 (custom)
2019-09-24 22:41:04,060 [pool-57-thread-1] INFO  server.RaftServerConfigKeys (ConfUtils.java:logGet(43)) - raft.server.log.queue.element-limit = 1024 (custom)
2019-09-24 22:41:04,060 [pool-57-thread-1] INFO  server.RaftServerConfigKeys (ConfUtils.java:logGet(43)) - raft.server.log.segment.size.max = 1048576 (custom)
2019-09-24 22:41:04,061 [pool-57-thread-1] INFO  server.RaftServerConfigKeys (ConfUtils.java:logGet(43)) - raft.server.log.preallocated.size = 16384 (custom)
2019-09-24 22:41:04,061 [pool-57-thread-1] INFO  server.RaftServerConfigKeys (ConfUtils.java:logGet(43)) - raft.server.log.write.buffer.size = 33554432 (custom)
2019-09-24 22:41:04,061 [pool-57-thread-1] INFO  server.RaftServerConfigKeys (ConfUtils.java:logGet(43)) - raft.server.log.force.sync.num = 128 (default)
2019-09-24 22:41:04,061 [pool-57-thread-1] INFO  server.RaftServerConfigKeys (ConfUtils.java:logGet(43)) - raft.server.log.statemachine.data.sync = true (default)
2019-09-24 22:41:04,062 [pool-57-thread-1] INFO  server.RaftServerConfigKeys (ConfUtils.java:logGet(43)) - raft.server.log.statemachine.data.sync.timeout = 10s (default)
2019-09-24 22:41:04,062 [pool-57-thread-1] INFO  server.RaftServerConfigKeys (ConfUtils.java:logGet(43)) - raft.server.log.statemachine.data.sync.timeout.retry = -1 (default)
2019-09-24 22:41:04,062 [pool-57-thread-1] INFO  server.RaftServerConfigKeys (ConfUtils.java:logGet(43)) - raft.server.log.statemachine.data.caching.enabled = true (custom)
2019-09-24 22:41:04,063 [pool-57-thread-1] INFO  segmented.SegmentedRaftLogWorker (SegmentedRaftLogWorker.java:lambda$new$0(132)) - 3716a3a4-b37c-4a3e-91b5-9d776be92922@group-4B6004E2DC26-SegmentedRaftLogWorker: flushIndex: setUnconditionally 0 -> -1
2019-09-24 22:41:04,063 [pool-57-thread-1] INFO  server.RaftServerConfigKeys (ConfUtils.java:logGet(43)) - raft.server.snapshot.auto.trigger.enabled = true (custom)
2019-09-24 22:41:04,063 [pool-57-thread-1] INFO  server.RaftServerConfigKeys (ConfUtils.java:logGet(43)) - raft.server.snapshot.auto.trigger.threshold = 10000 (custom)
2019-09-24 22:41:04,064 [pool-57-thread-1] INFO  server.RaftServerConfigKeys (ConfUtils.java:logGet(43)) - raft.server.snapshot.retention.num.files = 5 (custom)
2019-09-24 22:41:04,064 [pool-57-thread-1] INFO  server.RaftServerConfigKeys (ConfUtils.java:logGet(43)) - raft.server.retrycache.expirytime = 600000ms (custom)
2019-09-24 22:41:04,068 [pool-57-thread-1] INFO  impl.RaftServerImpl (RaftServerImpl.java:start(185)) - 3716a3a4-b37c-4a3e-91b5-9d776be92922@group-4B6004E2DC26: start as a follower, conf=-1: [3716a3a4-b37c-4a3e-91b5-9d776be92922:192.168.151.66:42029], old=null
2019-09-24 22:41:04,068 [pool-57-thread-1] INFO  impl.RaftServerImpl (RaftServerImpl.java:setRole(174)) - 3716a3a4-b37c-4a3e-91b5-9d776be92922@group-4B6004E2DC26: changes role from      null to FOLLOWER at term 0 for startAsFollower
2019-09-24 22:41:04,068 [pool-57-thread-1] INFO  impl.RoleInfo (RoleInfo.java:updateAndGet(143)) - 3716a3a4-b37c-4a3e-91b5-9d776be92922: start FollowerState
2019-09-24 22:41:04,069 [pool-57-thread-1] INFO  util.JmxRegister (JmxRegister.java:tryRegister(44)) - Successfully registered JMX Bean with object name Ratis:service=RaftServer,group=group-4B6004E2DC26,id=3716a3a4-b37c-4a3e-91b5-9d776be92922
2019-09-24 22:41:04,083 [RatisPipelineUtilsThread] INFO  pipeline.PipelineStateManager (PipelineStateManager.java:addPipeline(56)) - Created pipeline Pipeline[ Id: 67cda828-da9a-4609-b396-4b6004e2dc26, Nodes: 3716a3a4-b37c-4a3e-91b5-9d776be92922{ip: 192.168.151.66, host: pr-hdds-2162-v2v4x-1150571016, networkLocation: /default-rack, certSerialId: null}, Type:RATIS, Factor:ONE, State:OPEN]
2019-09-24 22:41:04,097 [grpc-default-executor-0] INFO  impl.RaftServerProxy (RaftServerProxy.java:addNew(89)) - fa75059b-409c-42ba-aabb-33da8f2e557d: addNew group-FCC044D1734E:[fa75059b-409c-42ba-aabb-33da8f2e557d:192.168.151.66:35520] returns group-FCC044D1734E:java.util.concurrent.CompletableFuture@d5f6c7c[Not completed]
2019-09-24 22:41:04,106 [pool-47-thread-1] INFO  impl.RaftServerImpl (RaftServerImpl.java:<init>(95)) - fa75059b-409c-42ba-aabb-33da8f2e557d: new RaftServerImpl for group-FCC044D1734E:[fa75059b-409c-42ba-aabb-33da8f2e557d:192.168.151.66:35520] with ContainerStateMachine:uninitialized
2019-09-24 22:41:04,106 [pool-47-thread-1] INFO  server.RaftServerConfigKeys (ConfUtils.java:logGet(43)) - raft.server.rpc.timeout.min = 5s (custom)
2019-09-24 22:41:04,106 [pool-47-thread-1] INFO  server.RaftServerConfigKeys (ConfUtils.java:logGet(43)) - raft.server.rpc.timeout.max = 5200ms (custom)
2019-09-24 22:41:04,106 [pool-47-thread-1] INFO  server.RaftServerConfigKeys (ConfUtils.java:logGet(43)) - raft.server.rpcslowness.timeout = 120s (custom)
2019-09-24 22:41:04,107 [pool-47-thread-1] INFO  server.RaftServerConfigKeys (ConfUtils.java:logGet(43)) - raft.server.sleep.deviation.threshold = 300 (default)
2019-09-24 22:41:04,107 [pool-47-thread-1] INFO  server.RaftServerConfigKeys (ConfUtils.java:logGet(43)) - raft.server.log.appender.install.snapshot.enabled = false (custom)
2019-09-24 22:41:04,107 [pool-47-thread-1] INFO  impl.RaftServerImpl (ServerState.java:<init>(103)) - fa75059b-409c-42ba-aabb-33da8f2e557d@group-FCC044D1734E: ConfigurationManager, init=-1: [fa75059b-409c-42ba-aabb-33da8f2e557d:192.168.151.66:35520], old=null, confs=<EMPTY_MAP>
2019-09-24 22:41:04,107 [pool-47-thread-1] INFO  server.RaftServerConfigKeys (ConfUtils.java:logGet(43)) - raft.server.storage.dir = [/workdir/hadoop-ozone/integration-test/target/test-dir/MiniOzoneClusterImpl-9f0f2ccb-738a-4344-bc48-f2576ae9334a/datanode-2/data/ratis] (custom)
2019-09-24 22:41:04,108 [pool-47-thread-1] INFO  storage.RaftStorageDirectory (RaftStorageDirectory.java:analyzeStorage(246)) - The storage directory /workdir/hadoop-ozone/integration-test/target/test-dir/MiniOzoneClusterImpl-9f0f2ccb-738a-4344-bc48-f2576ae9334a/datanode-2/data/ratis/8744d577-bdda-4a09-86f2-fcc044d1734e does not exist. Creating ...
2019-09-24 22:41:04,120 [pool-47-thread-1] INFO  storage.RaftStorageDirectory (RaftStorageDirectory.java:tryLock(328)) - Lock on /workdir/hadoop-ozone/integration-test/target/test-dir/MiniOzoneClusterImpl-9f0f2ccb-738a-4344-bc48-f2576ae9334a/datanode-2/data/ratis/8744d577-bdda-4a09-86f2-fcc044d1734e/in_use.lock acquired by nodename 29871@pr-hdds-2162-v2v4x-1150571016
2019-09-24 22:41:04,139 [pool-47-thread-1] INFO  storage.RaftStorage (RaftStorage.java:format(72)) - Storage directory /workdir/hadoop-ozone/integration-test/target/test-dir/MiniOzoneClusterImpl-9f0f2ccb-738a-4344-bc48-f2576ae9334a/datanode-2/data/ratis/8744d577-bdda-4a09-86f2-fcc044d1734e has been successfully formatted.
2019-09-24 22:41:04,139 [pool-47-thread-1] INFO  ratis.ContainerStateMachine (ContainerStateMachine.java:loadSnapshot(230)) - group-FCC044D1734E: The snapshot info is null. Setting the last applied indexto:(t:0, i:~)
2019-09-24 22:41:04,139 [pool-47-thread-1] INFO  server.RaftServerConfigKeys (ConfUtils.java:logGet(43)) - raft.server.notification.no-leader.timeout = 120s (custom)
2019-09-24 22:41:04,139 [pool-47-thread-1] INFO  server.RaftServerConfigKeys (ConfUtils.java:logGet(43)) - raft.server.log.use.memory = false (default)
2019-09-24 22:41:04,140 [pool-47-thread-1] INFO  server.RaftServerConfigKeys (ConfUtils.java:logGet(43)) - raft.server.log.purge.gap = 1000000 (custom)
2019-09-24 22:41:04,140 [pool-47-thread-1] INFO  server.RaftServerConfigKeys (ConfUtils.java:logGet(43)) - raft.server.log.appender.buffer.byte-limit = 33554432 (custom)
2019-09-24 22:41:04,140 [pool-47-thread-1] INFO  server.RaftServerConfigKeys (ConfUtils.java:logGet(43)) - raft.server.log.segment.size.max = 1048576 (custom)
2019-09-24 22:41:04,140 [pool-47-thread-1] INFO  server.RaftServerConfigKeys (ConfUtils.java:logGet(43)) - raft.server.log.segment.cache.num.max = 2 (custom)
2019-09-24 22:41:04,140 [pool-47-thread-1] INFO  segmented.SegmentedRaftLogWorker (SegmentedRaftLogWorker.java:<init>(172)) - new fa75059b-409c-42ba-aabb-33da8f2e557d@group-FCC044D1734E-SegmentedRaftLogWorker for RaftStorage:Storage Directory /workdir/hadoop-ozone/integration-test/target/test-dir/MiniOzoneClusterImpl-9f0f2ccb-738a-4344-bc48-f2576ae9334a/datanode-2/data/ratis/8744d577-bdda-4a09-86f2-fcc044d1734e
2019-09-24 22:41:04,143 [pool-47-thread-1] INFO  server.RaftServerConfigKeys (ConfUtils.java:logGet(43)) - raft.server.log.queue.byte-limit = 2147483647 (custom)
2019-09-24 22:41:04,143 [pool-47-thread-1] INFO  server.RaftServerConfigKeys (ConfUtils.java:logGet(43)) - raft.server.log.queue.element-limit = 1024 (custom)
2019-09-24 22:41:04,144 [pool-47-thread-1] INFO  server.RaftServerConfigKeys (ConfUtils.java:logGet(43)) - raft.server.log.segment.size.max = 1048576 (custom)
2019-09-24 22:41:04,144 [pool-47-thread-1] INFO  server.RaftServerConfigKeys (ConfUtils.java:logGet(43)) - raft.server.log.preallocated.size = 16384 (custom)
2019-09-24 22:41:04,144 [pool-47-thread-1] INFO  server.RaftServerConfigKeys (ConfUtils.java:logGet(43)) - raft.server.log.write.buffer.size = 33554432 (custom)
2019-09-24 22:41:04,144 [pool-47-thread-1] INFO  server.RaftServerConfigKeys (ConfUtils.java:logGet(43)) - raft.server.log.force.sync.num = 128 (default)
2019-09-24 22:41:04,145 [pool-47-thread-1] INFO  server.RaftServerConfigKeys (ConfUtils.java:logGet(43)) - raft.server.log.statemachine.data.sync = true (default)
2019-09-24 22:41:04,145 [pool-47-thread-1] INFO  server.RaftServerConfigKeys (ConfUtils.java:logGet(43)) - raft.server.log.statemachine.data.sync.timeout = 10s (default)
2019-09-24 22:41:04,145 [pool-47-thread-1] INFO  server.RaftServerConfigKeys (ConfUtils.java:logGet(43)) - raft.server.log.statemachine.data.sync.timeout.retry = -1 (default)
2019-09-24 22:41:04,145 [pool-47-thread-1] INFO  server.RaftServerConfigKeys (ConfUtils.java:logGet(43)) - raft.server.log.statemachine.data.caching.enabled = true (custom)
2019-09-24 22:41:04,146 [pool-47-thread-1] INFO  segmented.SegmentedRaftLogWorker (SegmentedRaftLogWorker.java:lambda$new$0(132)) - fa75059b-409c-42ba-aabb-33da8f2e557d@group-FCC044D1734E-SegmentedRaftLogWorker: flushIndex: setUnconditionally 0 -> -1
2019-09-24 22:41:04,146 [pool-47-thread-1] INFO  server.RaftServerConfigKeys (ConfUtils.java:logGet(43)) - raft.server.snapshot.auto.trigger.enabled = true (custom)
2019-09-24 22:41:04,146 [pool-47-thread-1] INFO  server.RaftServerConfigKeys (ConfUtils.java:logGet(43)) - raft.server.snapshot.auto.trigger.threshold = 10000 (custom)
2019-09-24 22:41:04,146 [pool-47-thread-1] INFO  server.RaftServerConfigKeys (ConfUtils.java:logGet(43)) - raft.server.snapshot.retention.num.files = 5 (custom)
2019-09-24 22:41:04,147 [pool-47-thread-1] INFO  server.RaftServerConfigKeys (ConfUtils.java:logGet(43)) - raft.server.retrycache.expirytime = 600000ms (custom)
2019-09-24 22:41:04,151 [pool-47-thread-1] INFO  impl.RaftServerImpl (RaftServerImpl.java:start(185)) - fa75059b-409c-42ba-aabb-33da8f2e557d@group-FCC044D1734E: start as a follower, conf=-1: [fa75059b-409c-42ba-aabb-33da8f2e557d:192.168.151.66:35520], old=null
2019-09-24 22:41:04,151 [pool-47-thread-1] INFO  impl.RaftServerImpl (RaftServerImpl.java:setRole(174)) - fa75059b-409c-42ba-aabb-33da8f2e557d@group-FCC044D1734E: changes role from      null to FOLLOWER at term 0 for startAsFollower
2019-09-24 22:41:04,151 [pool-47-thread-1] INFO  impl.RoleInfo (RoleInfo.java:updateAndGet(143)) - fa75059b-409c-42ba-aabb-33da8f2e557d: start FollowerState
2019-09-24 22:41:04,152 [pool-47-thread-1] INFO  util.JmxRegister (JmxRegister.java:tryRegister(44)) - Successfully registered JMX Bean with object name Ratis:service=RaftServer,group=group-FCC044D1734E,id=fa75059b-409c-42ba-aabb-33da8f2e557d
2019-09-24 22:41:04,164 [RatisPipelineUtilsThread] INFO  pipeline.PipelineStateManager (PipelineStateManager.java:addPipeline(56)) - Created pipeline Pipeline[ Id: 8744d577-bdda-4a09-86f2-fcc044d1734e, Nodes: fa75059b-409c-42ba-aabb-33da8f2e557d{ip: 192.168.151.66, host: pr-hdds-2162-v2v4x-1150571016, networkLocation: /default-rack, certSerialId: null}, Type:RATIS, Factor:ONE, State:OPEN]
2019-09-24 22:41:04,187 [grpc-default-executor-0] INFO  impl.RaftServerProxy (RaftServerProxy.java:addNew(89)) - cb722849-6bd8-4357-8e8b-3e62b976c654: addNew group-1DA8232007F6:[cb722849-6bd8-4357-8e8b-3e62b976c654:192.168.151.66:33208] returns group-1DA8232007F6:java.util.concurrent.CompletableFuture@5bc741f[Not completed]
2019-09-24 22:41:04,190 [pool-117-thread-1] INFO  impl.RaftServerImpl (RaftServerImpl.java:<init>(95)) - cb722849-6bd8-4357-8e8b-3e62b976c654: new RaftServerImpl for group-1DA8232007F6:[cb722849-6bd8-4357-8e8b-3e62b976c654:192.168.151.66:33208] with ContainerStateMachine:uninitialized
2019-09-24 22:41:04,190 [pool-117-thread-1] INFO  server.RaftServerConfigKeys (ConfUtils.java:logGet(43)) - raft.server.rpc.timeout.min = 5s (custom)
2019-09-24 22:41:04,190 [pool-117-thread-1] INFO  server.RaftServerConfigKeys (ConfUtils.java:logGet(43)) - raft.server.rpc.timeout.max = 5200ms (custom)
2019-09-24 22:41:04,190 [pool-117-thread-1] INFO  server.RaftServerConfigKeys (ConfUtils.java:logGet(43)) - raft.server.rpcslowness.timeout = 120s (custom)
2019-09-24 22:41:04,190 [pool-117-thread-1] INFO  server.RaftServerConfigKeys (ConfUtils.java:logGet(43)) - raft.server.sleep.deviation.threshold = 300 (default)
2019-09-24 22:41:04,190 [pool-117-thread-1] INFO  server.RaftServerConfigKeys (ConfUtils.java:logGet(43)) - raft.server.log.appender.install.snapshot.enabled = false (custom)
2019-09-24 22:41:04,191 [pool-117-thread-1] INFO  impl.RaftServerImpl (ServerState.java:<init>(103)) - cb722849-6bd8-4357-8e8b-3e62b976c654@group-1DA8232007F6: ConfigurationManager, init=-1: [cb722849-6bd8-4357-8e8b-3e62b976c654:192.168.151.66:33208], old=null, confs=<EMPTY_MAP>
2019-09-24 22:41:04,191 [pool-117-thread-1] INFO  server.RaftServerConfigKeys (ConfUtils.java:logGet(43)) - raft.server.storage.dir = [/workdir/hadoop-ozone/integration-test/target/test-dir/MiniOzoneClusterImpl-9f0f2ccb-738a-4344-bc48-f2576ae9334a/datanode-9/data/ratis] (custom)
2019-09-24 22:41:04,191 [pool-117-thread-1] INFO  storage.RaftStorageDirectory (RaftStorageDirectory.java:analyzeStorage(246)) - The storage directory /workdir/hadoop-ozone/integration-test/target/test-dir/MiniOzoneClusterImpl-9f0f2ccb-738a-4344-bc48-f2576ae9334a/datanode-9/data/ratis/81c1eb3a-d066-402f-9313-1da8232007f6 does not exist. Creating ...
2019-09-24 22:41:04,205 [pool-117-thread-1] INFO  storage.RaftStorageDirectory (RaftStorageDirectory.java:tryLock(328)) - Lock on /workdir/hadoop-ozone/integration-test/target/test-dir/MiniOzoneClusterImpl-9f0f2ccb-738a-4344-bc48-f2576ae9334a/datanode-9/data/ratis/81c1eb3a-d066-402f-9313-1da8232007f6/in_use.lock acquired by nodename 29871@pr-hdds-2162-v2v4x-1150571016
2019-09-24 22:41:04,218 [pool-117-thread-1] INFO  storage.RaftStorage (RaftStorage.java:format(72)) - Storage directory /workdir/hadoop-ozone/integration-test/target/test-dir/MiniOzoneClusterImpl-9f0f2ccb-738a-4344-bc48-f2576ae9334a/datanode-9/data/ratis/81c1eb3a-d066-402f-9313-1da8232007f6 has been successfully formatted.
2019-09-24 22:41:04,219 [pool-117-thread-1] INFO  ratis.ContainerStateMachine (ContainerStateMachine.java:loadSnapshot(230)) - group-1DA8232007F6: The snapshot info is null. Setting the last applied indexto:(t:0, i:~)
2019-09-24 22:41:04,219 [pool-117-thread-1] INFO  server.RaftServerConfigKeys (ConfUtils.java:logGet(43)) - raft.server.notification.no-leader.timeout = 120s (custom)
2019-09-24 22:41:04,219 [pool-117-thread-1] INFO  server.RaftServerConfigKeys (ConfUtils.java:logGet(43)) - raft.server.log.use.memory = false (default)
2019-09-24 22:41:04,219 [pool-117-thread-1] INFO  server.RaftServerConfigKeys (ConfUtils.java:logGet(43)) - raft.server.log.purge.gap = 1000000 (custom)
2019-09-24 22:41:04,219 [pool-117-thread-1] INFO  server.RaftServerConfigKeys (ConfUtils.java:logGet(43)) - raft.server.log.appender.buffer.byte-limit = 33554432 (custom)
2019-09-24 22:41:04,219 [pool-117-thread-1] INFO  server.RaftServerConfigKeys (ConfUtils.java:logGet(43)) - raft.server.log.segment.size.max = 1048576 (custom)
2019-09-24 22:41:04,220 [pool-117-thread-1] INFO  server.RaftServerConfigKeys (ConfUtils.java:logGet(43)) - raft.server.log.segment.cache.num.max = 2 (custom)
2019-09-24 22:41:04,220 [pool-117-thread-1] INFO  segmented.SegmentedRaftLogWorker (SegmentedRaftLogWorker.java:<init>(172)) - new cb722849-6bd8-4357-8e8b-3e62b976c654@group-1DA8232007F6-SegmentedRaftLogWorker for RaftStorage:Storage Directory /workdir/hadoop-ozone/integration-test/target/test-dir/MiniOzoneClusterImpl-9f0f2ccb-738a-4344-bc48-f2576ae9334a/datanode-9/data/ratis/81c1eb3a-d066-402f-9313-1da8232007f6
2019-09-24 22:41:04,223 [pool-117-thread-1] INFO  server.RaftServerConfigKeys (ConfUtils.java:logGet(43)) - raft.server.log.queue.byte-limit = 2147483647 (custom)
2019-09-24 22:41:04,223 [pool-117-thread-1] INFO  server.RaftServerConfigKeys (ConfUtils.java:logGet(43)) - raft.server.log.queue.element-limit = 1024 (custom)
2019-09-24 22:41:04,223 [pool-117-thread-1] INFO  server.RaftServerConfigKeys (ConfUtils.java:logGet(43)) - raft.server.log.segment.size.max = 1048576 (custom)
2019-09-24 22:41:04,223 [pool-117-thread-1] INFO  server.RaftServerConfigKeys (ConfUtils.java:logGet(43)) - raft.server.log.preallocated.size = 16384 (custom)
2019-09-24 22:41:04,224 [pool-117-thread-1] INFO  server.RaftServerConfigKeys (ConfUtils.java:logGet(43)) - raft.server.log.write.buffer.size = 33554432 (custom)
2019-09-24 22:41:04,224 [pool-117-thread-1] INFO  server.RaftServerConfigKeys (ConfUtils.java:logGet(43)) - raft.server.log.force.sync.num = 128 (default)
2019-09-24 22:41:04,224 [pool-117-thread-1] INFO  server.RaftServerConfigKeys (ConfUtils.java:logGet(43)) - raft.server.log.statemachine.data.sync = true (default)
2019-09-24 22:41:04,224 [pool-117-thread-1] INFO  server.RaftServerConfigKeys (ConfUtils.java:logGet(43)) - raft.server.log.statemachine.data.sync.timeout = 10s (default)
2019-09-24 22:41:04,224 [pool-117-thread-1] INFO  server.RaftServerConfigKeys (ConfUtils.java:logGet(43)) - raft.server.log.statemachine.data.sync.timeout.retry = -1 (default)
2019-09-24 22:41:04,225 [pool-117-thread-1] INFO  server.RaftServerConfigKeys (ConfUtils.java:logGet(43)) - raft.server.log.statemachine.data.caching.enabled = true (custom)
2019-09-24 22:41:04,225 [pool-117-thread-1] INFO  segmented.SegmentedRaftLogWorker (SegmentedRaftLogWorker.java:lambda$new$0(132)) - cb722849-6bd8-4357-8e8b-3e62b976c654@group-1DA8232007F6-SegmentedRaftLogWorker: flushIndex: setUnconditionally 0 -> -1
2019-09-24 22:41:04,225 [pool-117-thread-1] INFO  server.RaftServerConfigKeys (ConfUtils.java:logGet(43)) - raft.server.snapshot.auto.trigger.enabled = true (custom)
2019-09-24 22:41:04,226 [pool-117-thread-1] INFO  server.RaftServerConfigKeys (ConfUtils.java:logGet(43)) - raft.server.snapshot.auto.trigger.threshold = 10000 (custom)
2019-09-24 22:41:04,226 [pool-117-thread-1] INFO  server.RaftServerConfigKeys (ConfUtils.java:logGet(43)) - raft.server.snapshot.retention.num.files = 5 (custom)
2019-09-24 22:41:04,226 [pool-117-thread-1] INFO  server.RaftServerConfigKeys (ConfUtils.java:logGet(43)) - raft.server.retrycache.expirytime = 600000ms (custom)
2019-09-24 22:41:04,229 [pool-117-thread-1] INFO  impl.RaftServerImpl (RaftServerImpl.java:start(185)) - cb722849-6bd8-4357-8e8b-3e62b976c654@group-1DA8232007F6: start as a follower, conf=-1: [cb722849-6bd8-4357-8e8b-3e62b976c654:192.168.151.66:33208], old=null
2019-09-24 22:41:04,229 [pool-117-thread-1] INFO  impl.RaftServerImpl (RaftServerImpl.java:setRole(174)) - cb722849-6bd8-4357-8e8b-3e62b976c654@group-1DA8232007F6: changes role from      null to FOLLOWER at term 0 for startAsFollower
2019-09-24 22:41:04,229 [pool-117-thread-1] INFO  impl.RoleInfo (RoleInfo.java:updateAndGet(143)) - cb722849-6bd8-4357-8e8b-3e62b976c654: start FollowerState
2019-09-24 22:41:04,230 [pool-117-thread-1] INFO  util.JmxRegister (JmxRegister.java:tryRegister(44)) - Successfully registered JMX Bean with object name Ratis:service=RaftServer,group=group-1DA8232007F6,id=cb722849-6bd8-4357-8e8b-3e62b976c654
2019-09-24 22:41:04,242 [RatisPipelineUtilsThread] INFO  pipeline.PipelineStateManager (PipelineStateManager.java:addPipeline(56)) - Created pipeline Pipeline[ Id: 81c1eb3a-d066-402f-9313-1da8232007f6, Nodes: cb722849-6bd8-4357-8e8b-3e62b976c654{ip: 192.168.151.66, host: pr-hdds-2162-v2v4x-1150571016, networkLocation: /default-rack, certSerialId: null}, Type:RATIS, Factor:ONE, State:OPEN]
2019-09-24 22:41:04,286 [grpc-default-executor-2] INFO  impl.RaftServerProxy (RaftServerProxy.java:addNew(89)) - ed156df5-2bd4-47ff-b40d-dee021ecbbab: addNew group-62F8E6E769DC:[ed156df5-2bd4-47ff-b40d-dee021ecbbab:192.168.151.66:42232, ef51bf3c-7b8f-4ad7-803c-941f117d7a0b:192.168.151.66:45660, faf732d4-9705-4e91-a5ff-9b5c287516c2:192.168.151.66:34652] returns group-62F8E6E769DC:java.util.concurrent.CompletableFuture@45514632[Not completed]
2019-09-24 22:41:04,286 [grpc-default-executor-1] INFO  impl.RaftServerProxy (RaftServerProxy.java:addNew(89)) - faf732d4-9705-4e91-a5ff-9b5c287516c2: addNew group-62F8E6E769DC:[ed156df5-2bd4-47ff-b40d-dee021ecbbab:192.168.151.66:42232, ef51bf3c-7b8f-4ad7-803c-941f117d7a0b:192.168.151.66:45660, faf732d4-9705-4e91-a5ff-9b5c287516c2:192.168.151.66:34652] returns group-62F8E6E769DC:java.util.concurrent.CompletableFuture@c1b2642[Not completed]
2019-09-24 22:41:04,286 [grpc-default-executor-0] INFO  impl.RaftServerProxy (RaftServerProxy.java:addNew(89)) - ef51bf3c-7b8f-4ad7-803c-941f117d7a0b: addNew group-62F8E6E769DC:[ed156df5-2bd4-47ff-b40d-dee021ecbbab:192.168.151.66:42232, ef51bf3c-7b8f-4ad7-803c-941f117d7a0b:192.168.151.66:45660, faf732d4-9705-4e91-a5ff-9b5c287516c2:192.168.151.66:34652] returns group-62F8E6E769DC:java.util.concurrent.CompletableFuture@3cf2b0a5[Not completed]
2019-09-24 22:41:04,291 [pool-37-thread-1] INFO  impl.RaftServerImpl (RaftServerImpl.java:<init>(95)) - ed156df5-2bd4-47ff-b40d-dee021ecbbab: new RaftServerImpl for group-62F8E6E769DC:[ed156df5-2bd4-47ff-b40d-dee021ecbbab:192.168.151.66:42232, ef51bf3c-7b8f-4ad7-803c-941f117d7a0b:192.168.151.66:45660, faf732d4-9705-4e91-a5ff-9b5c287516c2:192.168.151.66:34652] with ContainerStateMachine:uninitialized
2019-09-24 22:41:04,291 [pool-37-thread-1] INFO  server.RaftServerConfigKeys (ConfUtils.java:logGet(43)) - raft.server.rpc.timeout.min = 5s (custom)
2019-09-24 22:41:04,291 [pool-37-thread-1] INFO  server.RaftServerConfigKeys (ConfUtils.java:logGet(43)) - raft.server.rpc.timeout.max = 5200ms (custom)
2019-09-24 22:41:04,291 [pool-37-thread-1] INFO  server.RaftServerConfigKeys (ConfUtils.java:logGet(43)) - raft.server.rpcslowness.timeout = 120s (custom)
2019-09-24 22:41:04,291 [pool-97-thread-1] INFO  impl.RaftServerImpl (RaftServerImpl.java:<init>(95)) - ef51bf3c-7b8f-4ad7-803c-941f117d7a0b: new RaftServerImpl for group-62F8E6E769DC:[ed156df5-2bd4-47ff-b40d-dee021ecbbab:192.168.151.66:42232, ef51bf3c-7b8f-4ad7-803c-941f117d7a0b:192.168.151.66:45660, faf732d4-9705-4e91-a5ff-9b5c287516c2:192.168.151.66:34652] with ContainerStateMachine:uninitialized
2019-09-24 22:41:04,291 [pool-37-thread-1] INFO  server.RaftServerConfigKeys (ConfUtils.java:logGet(43)) - raft.server.sleep.deviation.threshold = 300 (default)
2019-09-24 22:41:04,291 [pool-97-thread-1] INFO  server.RaftServerConfigKeys (ConfUtils.java:logGet(43)) - raft.server.rpc.timeout.min = 5s (custom)
2019-09-24 22:41:04,291 [pool-37-thread-1] INFO  server.RaftServerConfigKeys (ConfUtils.java:logGet(43)) - raft.server.log.appender.install.snapshot.enabled = false (custom)
2019-09-24 22:41:04,292 [pool-97-thread-1] INFO  server.RaftServerConfigKeys (ConfUtils.java:logGet(43)) - raft.server.rpc.timeout.max = 5200ms (custom)
2019-09-24 22:41:04,292 [pool-37-thread-1] INFO  impl.RaftServerImpl (ServerState.java:<init>(103)) - ed156df5-2bd4-47ff-b40d-dee021ecbbab@group-62F8E6E769DC: ConfigurationManager, init=-1: [ed156df5-2bd4-47ff-b40d-dee021ecbbab:192.168.151.66:42232, ef51bf3c-7b8f-4ad7-803c-941f117d7a0b:192.168.151.66:45660, faf732d4-9705-4e91-a5ff-9b5c287516c2:192.168.151.66:34652], old=null, confs=<EMPTY_MAP>
2019-09-24 22:41:04,292 [pool-97-thread-1] INFO  server.RaftServerConfigKeys (ConfUtils.java:logGet(43)) - raft.server.rpcslowness.timeout = 120s (custom)
2019-09-24 22:41:04,292 [pool-97-thread-1] INFO  server.RaftServerConfigKeys (ConfUtils.java:logGet(43)) - raft.server.sleep.deviation.threshold = 300 (default)
2019-09-24 22:41:04,292 [pool-37-thread-1] INFO  server.RaftServerConfigKeys (ConfUtils.java:logGet(43)) - raft.server.storage.dir = [/workdir/hadoop-ozone/integration-test/target/test-dir/MiniOzoneClusterImpl-9f0f2ccb-738a-4344-bc48-f2576ae9334a/datanode-1/data/ratis] (custom)
2019-09-24 22:41:04,292 [pool-67-thread-1] INFO  impl.RaftServerImpl (RaftServerImpl.java:<init>(95)) - faf732d4-9705-4e91-a5ff-9b5c287516c2: new RaftServerImpl for group-62F8E6E769DC:[ed156df5-2bd4-47ff-b40d-dee021ecbbab:192.168.151.66:42232, ef51bf3c-7b8f-4ad7-803c-941f117d7a0b:192.168.151.66:45660, faf732d4-9705-4e91-a5ff-9b5c287516c2:192.168.151.66:34652] with ContainerStateMachine:uninitialized
2019-09-24 22:41:04,292 [pool-97-thread-1] INFO  server.RaftServerConfigKeys (ConfUtils.java:logGet(43)) - raft.server.log.appender.install.snapshot.enabled = false (custom)
2019-09-24 22:41:04,292 [pool-67-thread-1] INFO  server.RaftServerConfigKeys (ConfUtils.java:logGet(43)) - raft.server.rpc.timeout.min = 5s (custom)
2019-09-24 22:41:04,293 [pool-37-thread-1] INFO  storage.RaftStorageDirectory (RaftStorageDirectory.java:analyzeStorage(246)) - The storage directory /workdir/hadoop-ozone/integration-test/target/test-dir/MiniOzoneClusterImpl-9f0f2ccb-738a-4344-bc48-f2576ae9334a/datanode-1/data/ratis/5bf811d0-be00-4de4-83d6-62f8e6e769dc does not exist. Creating ...
2019-09-24 22:41:04,293 [pool-97-thread-1] INFO  impl.RaftServerImpl (ServerState.java:<init>(103)) - ef51bf3c-7b8f-4ad7-803c-941f117d7a0b@group-62F8E6E769DC: ConfigurationManager, init=-1: [ed156df5-2bd4-47ff-b40d-dee021ecbbab:192.168.151.66:42232, ef51bf3c-7b8f-4ad7-803c-941f117d7a0b:192.168.151.66:45660, faf732d4-9705-4e91-a5ff-9b5c287516c2:192.168.151.66:34652], old=null, confs=<EMPTY_MAP>
2019-09-24 22:41:04,293 [pool-67-thread-1] INFO  server.RaftServerConfigKeys (ConfUtils.java:logGet(43)) - raft.server.rpc.timeout.max = 5200ms (custom)
2019-09-24 22:41:04,293 [pool-97-thread-1] INFO  server.RaftServerConfigKeys (ConfUtils.java:logGet(43)) - raft.server.storage.dir = [/workdir/hadoop-ozone/integration-test/target/test-dir/MiniOzoneClusterImpl-9f0f2ccb-738a-4344-bc48-f2576ae9334a/datanode-7/data/ratis] (custom)
2019-09-24 22:41:04,293 [pool-67-thread-1] INFO  server.RaftServerConfigKeys (ConfUtils.java:logGet(43)) - raft.server.rpcslowness.timeout = 120s (custom)
2019-09-24 22:41:04,293 [pool-67-thread-1] INFO  server.RaftServerConfigKeys (ConfUtils.java:logGet(43)) - raft.server.sleep.deviation.threshold = 300 (default)
2019-09-24 22:41:04,293 [pool-97-thread-1] INFO  storage.RaftStorageDirectory (RaftStorageDirectory.java:analyzeStorage(246)) - The storage directory /workdir/hadoop-ozone/integration-test/target/test-dir/MiniOzoneClusterImpl-9f0f2ccb-738a-4344-bc48-f2576ae9334a/datanode-7/data/ratis/5bf811d0-be00-4de4-83d6-62f8e6e769dc does not exist. Creating ...
2019-09-24 22:41:04,293 [pool-67-thread-1] INFO  server.RaftServerConfigKeys (ConfUtils.java:logGet(43)) - raft.server.log.appender.install.snapshot.enabled = false (custom)
2019-09-24 22:41:04,294 [pool-67-thread-1] INFO  impl.RaftServerImpl (ServerState.java:<init>(103)) - faf732d4-9705-4e91-a5ff-9b5c287516c2@group-62F8E6E769DC: ConfigurationManager, init=-1: [ed156df5-2bd4-47ff-b40d-dee021ecbbab:192.168.151.66:42232, ef51bf3c-7b8f-4ad7-803c-941f117d7a0b:192.168.151.66:45660, faf732d4-9705-4e91-a5ff-9b5c287516c2:192.168.151.66:34652], old=null, confs=<EMPTY_MAP>
2019-09-24 22:41:04,294 [pool-67-thread-1] INFO  server.RaftServerConfigKeys (ConfUtils.java:logGet(43)) - raft.server.storage.dir = [/workdir/hadoop-ozone/integration-test/target/test-dir/MiniOzoneClusterImpl-9f0f2ccb-738a-4344-bc48-f2576ae9334a/datanode-4/data/ratis] (custom)
2019-09-24 22:41:04,294 [pool-67-thread-1] INFO  storage.RaftStorageDirectory (RaftStorageDirectory.java:analyzeStorage(246)) - The storage directory /workdir/hadoop-ozone/integration-test/target/test-dir/MiniOzoneClusterImpl-9f0f2ccb-738a-4344-bc48-f2576ae9334a/datanode-4/data/ratis/5bf811d0-be00-4de4-83d6-62f8e6e769dc does not exist. Creating ...
2019-09-24 22:41:04,306 [pool-97-thread-1] INFO  storage.RaftStorageDirectory (RaftStorageDirectory.java:tryLock(328)) - Lock on /workdir/hadoop-ozone/integration-test/target/test-dir/MiniOzoneClusterImpl-9f0f2ccb-738a-4344-bc48-f2576ae9334a/datanode-7/data/ratis/5bf811d0-be00-4de4-83d6-62f8e6e769dc/in_use.lock acquired by nodename 29871@pr-hdds-2162-v2v4x-1150571016
2019-09-24 22:41:04,306 [pool-67-thread-1] INFO  storage.RaftStorageDirectory (RaftStorageDirectory.java:tryLock(328)) - Lock on /workdir/hadoop-ozone/integration-test/target/test-dir/MiniOzoneClusterImpl-9f0f2ccb-738a-4344-bc48-f2576ae9334a/datanode-4/data/ratis/5bf811d0-be00-4de4-83d6-62f8e6e769dc/in_use.lock acquired by nodename 29871@pr-hdds-2162-v2v4x-1150571016
2019-09-24 22:41:04,306 [pool-37-thread-1] INFO  storage.RaftStorageDirectory (RaftStorageDirectory.java:tryLock(328)) - Lock on /workdir/hadoop-ozone/integration-test/target/test-dir/MiniOzoneClusterImpl-9f0f2ccb-738a-4344-bc48-f2576ae9334a/datanode-1/data/ratis/5bf811d0-be00-4de4-83d6-62f8e6e769dc/in_use.lock acquired by nodename 29871@pr-hdds-2162-v2v4x-1150571016
2019-09-24 22:41:04,310 [main] INFO  ipc.Client (Client.java:handleConnectionFailure(948)) - Retrying connect to server: localhost/127.0.0.1:0. Already tried 0 time(s); retry policy is RetryUpToMaximumCountWithFixedSleep(maxRetries=10, sleepTime=1000 MILLISECONDS)
2019-09-24 22:41:04,320 [pool-37-thread-1] INFO  storage.RaftStorage (RaftStorage.java:format(72)) - Storage directory /workdir/hadoop-ozone/integration-test/target/test-dir/MiniOzoneClusterImpl-9f0f2ccb-738a-4344-bc48-f2576ae9334a/datanode-1/data/ratis/5bf811d0-be00-4de4-83d6-62f8e6e769dc has been successfully formatted.
2019-09-24 22:41:04,320 [pool-67-thread-1] INFO  storage.RaftStorage (RaftStorage.java:format(72)) - Storage directory /workdir/hadoop-ozone/integration-test/target/test-dir/MiniOzoneClusterImpl-9f0f2ccb-738a-4344-bc48-f2576ae9334a/datanode-4/data/ratis/5bf811d0-be00-4de4-83d6-62f8e6e769dc has been successfully formatted.
2019-09-24 22:41:04,320 [pool-97-thread-1] INFO  storage.RaftStorage (RaftStorage.java:format(72)) - Storage directory /workdir/hadoop-ozone/integration-test/target/test-dir/MiniOzoneClusterImpl-9f0f2ccb-738a-4344-bc48-f2576ae9334a/datanode-7/data/ratis/5bf811d0-be00-4de4-83d6-62f8e6e769dc has been successfully formatted.
2019-09-24 22:41:04,320 [pool-37-thread-1] INFO  ratis.ContainerStateMachine (ContainerStateMachine.java:loadSnapshot(230)) - group-62F8E6E769DC: The snapshot info is null. Setting the last applied indexto:(t:0, i:~)
2019-09-24 22:41:04,320 [pool-67-thread-1] INFO  ratis.ContainerStateMachine (ContainerStateMachine.java:loadSnapshot(230)) - group-62F8E6E769DC: The snapshot info is null. Setting the last applied indexto:(t:0, i:~)
2019-09-24 22:41:04,320 [pool-97-thread-1] INFO  ratis.ContainerStateMachine (ContainerStateMachine.java:loadSnapshot(230)) - group-62F8E6E769DC: The snapshot info is null. Setting the last applied indexto:(t:0, i:~)
2019-09-24 22:41:04,320 [pool-37-thread-1] INFO  server.RaftServerConfigKeys (ConfUtils.java:logGet(43)) - raft.server.notification.no-leader.timeout = 120s (custom)
2019-09-24 22:41:04,321 [pool-97-thread-1] INFO  server.RaftServerConfigKeys (ConfUtils.java:logGet(43)) - raft.server.notification.no-leader.timeout = 120s (custom)
2019-09-24 22:41:04,321 [pool-67-thread-1] INFO  server.RaftServerConfigKeys (ConfUtils.java:logGet(43)) - raft.server.notification.no-leader.timeout = 120s (custom)
2019-09-24 22:41:04,321 [pool-97-thread-1] INFO  server.RaftServerConfigKeys (ConfUtils.java:logGet(43)) - raft.server.log.use.memory = false (default)
2019-09-24 22:41:04,321 [pool-37-thread-1] INFO  server.RaftServerConfigKeys (ConfUtils.java:logGet(43)) - raft.server.log.use.memory = false (default)
2019-09-24 22:41:04,321 [pool-97-thread-1] INFO  server.RaftServerConfigKeys (ConfUtils.java:logGet(43)) - raft.server.log.purge.gap = 1000000 (custom)
2019-09-24 22:41:04,321 [pool-67-thread-1] INFO  server.RaftServerConfigKeys (ConfUtils.java:logGet(43)) - raft.server.log.use.memory = false (default)
2019-09-24 22:41:04,321 [pool-97-thread-1] INFO  server.RaftServerConfigKeys (ConfUtils.java:logGet(43)) - raft.server.log.appender.buffer.byte-limit = 33554432 (custom)
2019-09-24 22:41:04,321 [pool-37-thread-1] INFO  server.RaftServerConfigKeys (ConfUtils.java:logGet(43)) - raft.server.log.purge.gap = 1000000 (custom)
2019-09-24 22:41:04,322 [pool-97-thread-1] INFO  server.RaftServerConfigKeys (ConfUtils.java:logGet(43)) - raft.server.log.segment.size.max = 1048576 (custom)
2019-09-24 22:41:04,322 [pool-67-thread-1] INFO  server.RaftServerConfigKeys (ConfUtils.java:logGet(43)) - raft.server.log.purge.gap = 1000000 (custom)
2019-09-24 22:41:04,322 [pool-97-thread-1] INFO  server.RaftServerConfigKeys (ConfUtils.java:logGet(43)) - raft.server.log.segment.cache.num.max = 2 (custom)
2019-09-24 22:41:04,322 [pool-37-thread-1] INFO  server.RaftServerConfigKeys (ConfUtils.java:logGet(43)) - raft.server.log.appender.buffer.byte-limit = 33554432 (custom)
2019-09-24 22:41:04,322 [pool-97-thread-1] INFO  segmented.SegmentedRaftLogWorker (SegmentedRaftLogWorker.java:<init>(172)) - new ef51bf3c-7b8f-4ad7-803c-941f117d7a0b@group-62F8E6E769DC-SegmentedRaftLogWorker for RaftStorage:Storage Directory /workdir/hadoop-ozone/integration-test/target/test-dir/MiniOzoneClusterImpl-9f0f2ccb-738a-4344-bc48-f2576ae9334a/datanode-7/data/ratis/5bf811d0-be00-4de4-83d6-62f8e6e769dc
2019-09-24 22:41:04,322 [pool-67-thread-1] INFO  server.RaftServerConfigKeys (ConfUtils.java:logGet(43)) - raft.server.log.appender.buffer.byte-limit = 33554432 (custom)
2019-09-24 22:41:04,323 [pool-97-thread-1] INFO  server.RaftServerConfigKeys (ConfUtils.java:logGet(43)) - raft.server.log.queue.byte-limit = 2147483647 (custom)
2019-09-24 22:41:04,323 [pool-37-thread-1] INFO  server.RaftServerConfigKeys (ConfUtils.java:logGet(43)) - raft.server.log.segment.size.max = 1048576 (custom)
2019-09-24 22:41:04,323 [pool-97-thread-1] INFO  server.RaftServerConfigKeys (ConfUtils.java:logGet(43)) - raft.server.log.queue.element-limit = 1024 (custom)
2019-09-24 22:41:04,323 [pool-67-thread-1] INFO  server.RaftServerConfigKeys (ConfUtils.java:logGet(43)) - raft.server.log.segment.size.max = 1048576 (custom)
2019-09-24 22:41:04,323 [pool-97-thread-1] INFO  server.RaftServerConfigKeys (ConfUtils.java:logGet(43)) - raft.server.log.segment.size.max = 1048576 (custom)
2019-09-24 22:41:04,323 [pool-37-thread-1] INFO  server.RaftServerConfigKeys (ConfUtils.java:logGet(43)) - raft.server.log.segment.cache.num.max = 2 (custom)
2019-09-24 22:41:04,323 [pool-97-thread-1] INFO  server.RaftServerConfigKeys (ConfUtils.java:logGet(43)) - raft.server.log.preallocated.size = 16384 (custom)
2019-09-24 22:41:04,323 [pool-67-thread-1] INFO  server.RaftServerConfigKeys (ConfUtils.java:logGet(43)) - raft.server.log.segment.cache.num.max = 2 (custom)
2019-09-24 22:41:04,324 [pool-97-thread-1] INFO  server.RaftServerConfigKeys (ConfUtils.java:logGet(43)) - raft.server.log.write.buffer.size = 33554432 (custom)
2019-09-24 22:41:04,324 [pool-37-thread-1] INFO  segmented.SegmentedRaftLogWorker (SegmentedRaftLogWorker.java:<init>(172)) - new ed156df5-2bd4-47ff-b40d-dee021ecbbab@group-62F8E6E769DC-SegmentedRaftLogWorker for RaftStorage:Storage Directory /workdir/hadoop-ozone/integration-test/target/test-dir/MiniOzoneClusterImpl-9f0f2ccb-738a-4344-bc48-f2576ae9334a/datanode-1/data/ratis/5bf811d0-be00-4de4-83d6-62f8e6e769dc
2019-09-24 22:41:04,324 [pool-97-thread-1] INFO  server.RaftServerConfigKeys (ConfUtils.java:logGet(43)) - raft.server.log.force.sync.num = 128 (default)
2019-09-24 22:41:04,324 [pool-67-thread-1] INFO  segmented.SegmentedRaftLogWorker (SegmentedRaftLogWorker.java:<init>(172)) - new faf732d4-9705-4e91-a5ff-9b5c287516c2@group-62F8E6E769DC-SegmentedRaftLogWorker for RaftStorage:Storage Directory /workdir/hadoop-ozone/integration-test/target/test-dir/MiniOzoneClusterImpl-9f0f2ccb-738a-4344-bc48-f2576ae9334a/datanode-4/data/ratis/5bf811d0-be00-4de4-83d6-62f8e6e769dc
2019-09-24 22:41:04,324 [pool-97-thread-1] INFO  server.RaftServerConfigKeys (ConfUtils.java:logGet(43)) - raft.server.log.statemachine.data.sync = true (default)
2019-09-24 22:41:04,324 [pool-37-thread-1] INFO  server.RaftServerConfigKeys (ConfUtils.java:logGet(43)) - raft.server.log.queue.byte-limit = 2147483647 (custom)
2019-09-24 22:41:04,325 [pool-97-thread-1] INFO  server.RaftServerConfigKeys (ConfUtils.java:logGet(43)) - raft.server.log.statemachine.data.sync.timeout = 10s (default)
2019-09-24 22:41:04,324 [pool-67-thread-1] INFO  server.RaftServerConfigKeys (ConfUtils.java:logGet(43)) - raft.server.log.queue.byte-limit = 2147483647 (custom)
2019-09-24 22:41:04,325 [pool-97-thread-1] INFO  server.RaftServerConfigKeys (ConfUtils.java:logGet(43)) - raft.server.log.statemachine.data.sync.timeout.retry = -1 (default)
2019-09-24 22:41:04,325 [pool-37-thread-1] INFO  server.RaftServerConfigKeys (ConfUtils.java:logGet(43)) - raft.server.log.queue.element-limit = 1024 (custom)
2019-09-24 22:41:04,325 [pool-67-thread-1] INFO  server.RaftServerConfigKeys (ConfUtils.java:logGet(43)) - raft.server.log.queue.element-limit = 1024 (custom)
2019-09-24 22:41:04,325 [pool-37-thread-1] INFO  server.RaftServerConfigKeys (ConfUtils.java:logGet(43)) - raft.server.log.segment.size.max = 1048576 (custom)
2019-09-24 22:41:04,325 [pool-97-thread-1] INFO  server.RaftServerConfigKeys (ConfUtils.java:logGet(43)) - raft.server.log.statemachine.data.caching.enabled = true (custom)
2019-09-24 22:41:04,326 [pool-37-thread-1] INFO  server.RaftServerConfigKeys (ConfUtils.java:logGet(43)) - raft.server.log.preallocated.size = 16384 (custom)
2019-09-24 22:41:04,325 [pool-67-thread-1] INFO  server.RaftServerConfigKeys (ConfUtils.java:logGet(43)) - raft.server.log.segment.size.max = 1048576 (custom)
2019-09-24 22:41:04,326 [pool-37-thread-1] INFO  server.RaftServerConfigKeys (ConfUtils.java:logGet(43)) - raft.server.log.write.buffer.size = 33554432 (custom)
2019-09-24 22:41:04,326 [pool-67-thread-1] INFO  server.RaftServerConfigKeys (ConfUtils.java:logGet(43)) - raft.server.log.preallocated.size = 16384 (custom)
2019-09-24 22:41:04,326 [pool-97-thread-1] INFO  segmented.SegmentedRaftLogWorker (SegmentedRaftLogWorker.java:lambda$new$0(132)) - ef51bf3c-7b8f-4ad7-803c-941f117d7a0b@group-62F8E6E769DC-SegmentedRaftLogWorker: flushIndex: setUnconditionally 0 -> -1
2019-09-24 22:41:04,326 [pool-67-thread-1] INFO  server.RaftServerConfigKeys (ConfUtils.java:logGet(43)) - raft.server.log.write.buffer.size = 33554432 (custom)
2019-09-24 22:41:04,326 [pool-37-thread-1] INFO  server.RaftServerConfigKeys (ConfUtils.java:logGet(43)) - raft.server.log.force.sync.num = 128 (default)
2019-09-24 22:41:04,327 [pool-67-thread-1] INFO  server.RaftServerConfigKeys (ConfUtils.java:logGet(43)) - raft.server.log.force.sync.num = 128 (default)
2019-09-24 22:41:04,327 [pool-97-thread-1] INFO  server.RaftServerConfigKeys (ConfUtils.java:logGet(43)) - raft.server.snapshot.auto.trigger.enabled = true (custom)
2019-09-24 22:41:04,327 [pool-37-thread-1] INFO  server.RaftServerConfigKeys (ConfUtils.java:logGet(43)) - raft.server.log.statemachine.data.sync = true (default)
2019-09-24 22:41:04,327 [pool-97-thread-1] INFO  server.RaftServerConfigKeys (ConfUtils.java:logGet(43)) - raft.server.snapshot.auto.trigger.threshold = 10000 (custom)
2019-09-24 22:41:04,327 [pool-67-thread-1] INFO  server.RaftServerConfigKeys (ConfUtils.java:logGet(43)) - raft.server.log.statemachine.data.sync = true (default)
2019-09-24 22:41:04,327 [pool-97-thread-1] INFO  server.RaftServerConfigKeys (ConfUtils.java:logGet(43)) - raft.server.snapshot.retention.num.files = 5 (custom)
2019-09-24 22:41:04,327 [pool-37-thread-1] INFO  server.RaftServerConfigKeys (ConfUtils.java:logGet(43)) - raft.server.log.statemachine.data.sync.timeout = 10s (default)
2019-09-24 22:41:04,328 [pool-97-thread-1] INFO  server.RaftServerConfigKeys (ConfUtils.java:logGet(43)) - raft.server.retrycache.expirytime = 600000ms (custom)
2019-09-24 22:41:04,327 [pool-67-thread-1] INFO  server.RaftServerConfigKeys (ConfUtils.java:logGet(43)) - raft.server.log.statemachine.data.sync.timeout = 10s (default)
2019-09-24 22:41:04,328 [pool-37-thread-1] INFO  server.RaftServerConfigKeys (ConfUtils.java:logGet(43)) - raft.server.log.statemachine.data.sync.timeout.retry = -1 (default)
2019-09-24 22:41:04,328 [pool-67-thread-1] INFO  server.RaftServerConfigKeys (ConfUtils.java:logGet(43)) - raft.server.log.statemachine.data.sync.timeout.retry = -1 (default)
2019-09-24 22:41:04,328 [pool-37-thread-1] INFO  server.RaftServerConfigKeys (ConfUtils.java:logGet(43)) - raft.server.log.statemachine.data.caching.enabled = true (custom)
2019-09-24 22:41:04,328 [pool-67-thread-1] INFO  server.RaftServerConfigKeys (ConfUtils.java:logGet(43)) - raft.server.log.statemachine.data.caching.enabled = true (custom)
2019-09-24 22:41:04,328 [pool-37-thread-1] INFO  segmented.SegmentedRaftLogWorker (SegmentedRaftLogWorker.java:lambda$new$0(132)) - ed156df5-2bd4-47ff-b40d-dee021ecbbab@group-62F8E6E769DC-SegmentedRaftLogWorker: flushIndex: setUnconditionally 0 -> -1
2019-09-24 22:41:04,329 [pool-67-thread-1] INFO  segmented.SegmentedRaftLogWorker (SegmentedRaftLogWorker.java:lambda$new$0(132)) - faf732d4-9705-4e91-a5ff-9b5c287516c2@group-62F8E6E769DC-SegmentedRaftLogWorker: flushIndex: setUnconditionally 0 -> -1
2019-09-24 22:41:04,329 [pool-37-thread-1] INFO  server.RaftServerConfigKeys (ConfUtils.java:logGet(43)) - raft.server.snapshot.auto.trigger.enabled = true (custom)
2019-09-24 22:41:04,329 [pool-37-thread-1] INFO  server.RaftServerConfigKeys (ConfUtils.java:logGet(43)) - raft.server.snapshot.auto.trigger.threshold = 10000 (custom)
2019-09-24 22:41:04,329 [pool-37-thread-1] INFO  server.RaftServerConfigKeys (ConfUtils.java:logGet(43)) - raft.server.snapshot.retention.num.files = 5 (custom)
2019-09-24 22:41:04,329 [pool-67-thread-1] INFO  server.RaftServerConfigKeys (ConfUtils.java:logGet(43)) - raft.server.snapshot.auto.trigger.enabled = true (custom)
2019-09-24 22:41:04,329 [pool-37-thread-1] INFO  server.RaftServerConfigKeys (ConfUtils.java:logGet(43)) - raft.server.retrycache.expirytime = 600000ms (custom)
2019-09-24 22:41:04,329 [pool-67-thread-1] INFO  server.RaftServerConfigKeys (ConfUtils.java:logGet(43)) - raft.server.snapshot.auto.trigger.threshold = 10000 (custom)
2019-09-24 22:41:04,329 [pool-67-thread-1] INFO  server.RaftServerConfigKeys (ConfUtils.java:logGet(43)) - raft.server.snapshot.retention.num.files = 5 (custom)
2019-09-24 22:41:04,330 [pool-67-thread-1] INFO  server.RaftServerConfigKeys (ConfUtils.java:logGet(43)) - raft.server.retrycache.expirytime = 600000ms (custom)
2019-09-24 22:41:04,331 [pool-97-thread-1] INFO  impl.RaftServerImpl (RaftServerImpl.java:start(185)) - ef51bf3c-7b8f-4ad7-803c-941f117d7a0b@group-62F8E6E769DC: start as a follower, conf=-1: [ed156df5-2bd4-47ff-b40d-dee021ecbbab:192.168.151.66:42232, ef51bf3c-7b8f-4ad7-803c-941f117d7a0b:192.168.151.66:45660, faf732d4-9705-4e91-a5ff-9b5c287516c2:192.168.151.66:34652], old=null
2019-09-24 22:41:04,332 [pool-97-thread-1] INFO  impl.RaftServerImpl (RaftServerImpl.java:setRole(174)) - ef51bf3c-7b8f-4ad7-803c-941f117d7a0b@group-62F8E6E769DC: changes role from      null to FOLLOWER at term 0 for startAsFollower
2019-09-24 22:41:04,332 [pool-97-thread-1] INFO  impl.RoleInfo (RoleInfo.java:updateAndGet(143)) - ef51bf3c-7b8f-4ad7-803c-941f117d7a0b: start FollowerState
2019-09-24 22:41:04,332 [pool-97-thread-1] INFO  util.JmxRegister (JmxRegister.java:tryRegister(44)) - Successfully registered JMX Bean with object name Ratis:service=RaftServer,group=group-62F8E6E769DC,id=ef51bf3c-7b8f-4ad7-803c-941f117d7a0b
2019-09-24 22:41:04,333 [pool-37-thread-1] INFO  impl.RaftServerImpl (RaftServerImpl.java:start(185)) - ed156df5-2bd4-47ff-b40d-dee021ecbbab@group-62F8E6E769DC: start as a follower, conf=-1: [ed156df5-2bd4-47ff-b40d-dee021ecbbab:192.168.151.66:42232, ef51bf3c-7b8f-4ad7-803c-941f117d7a0b:192.168.151.66:45660, faf732d4-9705-4e91-a5ff-9b5c287516c2:192.168.151.66:34652], old=null
2019-09-24 22:41:04,333 [pool-37-thread-1] INFO  impl.RaftServerImpl (RaftServerImpl.java:setRole(174)) - ed156df5-2bd4-47ff-b40d-dee021ecbbab@group-62F8E6E769DC: changes role from      null to FOLLOWER at term 0 for startAsFollower
2019-09-24 22:41:04,333 [pool-37-thread-1] INFO  impl.RoleInfo (RoleInfo.java:updateAndGet(143)) - ed156df5-2bd4-47ff-b40d-dee021ecbbab: start FollowerState
2019-09-24 22:41:04,333 [pool-37-thread-1] INFO  util.JmxRegister (JmxRegister.java:tryRegister(44)) - Successfully registered JMX Bean with object name Ratis:service=RaftServer,group=group-62F8E6E769DC,id=ed156df5-2bd4-47ff-b40d-dee021ecbbab
2019-09-24 22:41:04,333 [pool-67-thread-1] INFO  impl.RaftServerImpl (RaftServerImpl.java:start(185)) - faf732d4-9705-4e91-a5ff-9b5c287516c2@group-62F8E6E769DC: start as a follower, conf=-1: [ed156df5-2bd4-47ff-b40d-dee021ecbbab:192.168.151.66:42232, ef51bf3c-7b8f-4ad7-803c-941f117d7a0b:192.168.151.66:45660, faf732d4-9705-4e91-a5ff-9b5c287516c2:192.168.151.66:34652], old=null
2019-09-24 22:41:04,334 [pool-67-thread-1] INFO  impl.RaftServerImpl (RaftServerImpl.java:setRole(174)) - faf732d4-9705-4e91-a5ff-9b5c287516c2@group-62F8E6E769DC: changes role from      null to FOLLOWER at term 0 for startAsFollower
2019-09-24 22:41:04,334 [pool-67-thread-1] INFO  impl.RoleInfo (RoleInfo.java:updateAndGet(143)) - faf732d4-9705-4e91-a5ff-9b5c287516c2: start FollowerState
2019-09-24 22:41:04,337 [pool-67-thread-1] INFO  util.JmxRegister (JmxRegister.java:tryRegister(44)) - Successfully registered JMX Bean with object name Ratis:service=RaftServer,group=group-62F8E6E769DC,id=faf732d4-9705-4e91-a5ff-9b5c287516c2
2019-09-24 22:41:04,364 [RatisPipelineUtilsThread] INFO  pipeline.PipelineStateManager (PipelineStateManager.java:addPipeline(56)) - Created pipeline Pipeline[ Id: 5bf811d0-be00-4de4-83d6-62f8e6e769dc, Nodes: ef51bf3c-7b8f-4ad7-803c-941f117d7a0b{ip: 192.168.151.66, host: pr-hdds-2162-v2v4x-1150571016, networkLocation: /default-rack, certSerialId: null}ed156df5-2bd4-47ff-b40d-dee021ecbbab{ip: 192.168.151.66, host: pr-hdds-2162-v2v4x-1150571016, networkLocation: /default-rack, certSerialId: null}faf732d4-9705-4e91-a5ff-9b5c287516c2{ip: 192.168.151.66, host: pr-hdds-2162-v2v4x-1150571016, networkLocation: /default-rack, certSerialId: null}, Type:RATIS, Factor:THREE, State:OPEN]
2019-09-24 22:41:04,412 [grpc-default-executor-0] INFO  impl.RaftServerProxy (RaftServerProxy.java:addNew(89)) - 053bbe9f-e617-47d8-81f1-5a2d0a241cc5: addNew group-68F9DFA996A4:[44386e62-51f5-4810-a1c5-3bae63c25e40:192.168.151.66:32774, 7f5dd112-3930-4cdb-a0ff-40ada89e25be:192.168.151.66:46159, 053bbe9f-e617-47d8-81f1-5a2d0a241cc5:192.168.151.66:33565] returns group-68F9DFA996A4:java.util.concurrent.CompletableFuture@5d13a3fc[Not completed]
2019-09-24 22:41:04,413 [grpc-default-executor-2] INFO  impl.RaftServerProxy (RaftServerProxy.java:addNew(89)) - 44386e62-51f5-4810-a1c5-3bae63c25e40: addNew group-68F9DFA996A4:[44386e62-51f5-4810-a1c5-3bae63c25e40:192.168.151.66:32774, 7f5dd112-3930-4cdb-a0ff-40ada89e25be:192.168.151.66:46159, 053bbe9f-e617-47d8-81f1-5a2d0a241cc5:192.168.151.66:33565] returns group-68F9DFA996A4:java.util.concurrent.CompletableFuture@7eb6c4a9[Not completed]
2019-09-24 22:41:04,415 [grpc-default-executor-1] INFO  impl.RaftServerProxy (RaftServerProxy.java:addNew(89)) - 7f5dd112-3930-4cdb-a0ff-40ada89e25be: addNew group-68F9DFA996A4:[44386e62-51f5-4810-a1c5-3bae63c25e40:192.168.151.66:32774, 7f5dd112-3930-4cdb-a0ff-40ada89e25be:192.168.151.66:46159, 053bbe9f-e617-47d8-81f1-5a2d0a241cc5:192.168.151.66:33565] returns group-68F9DFA996A4:java.util.concurrent.CompletableFuture@4d262c79[Not completed]
2019-09-24 22:41:04,416 [pool-87-thread-1] INFO  impl.RaftServerImpl (RaftServerImpl.java:<init>(95)) - 053bbe9f-e617-47d8-81f1-5a2d0a241cc5: new RaftServerImpl for group-68F9DFA996A4:[44386e62-51f5-4810-a1c5-3bae63c25e40:192.168.151.66:32774, 7f5dd112-3930-4cdb-a0ff-40ada89e25be:192.168.151.66:46159, 053bbe9f-e617-47d8-81f1-5a2d0a241cc5:192.168.151.66:33565] with ContainerStateMachine:uninitialized
2019-09-24 22:41:04,416 [pool-87-thread-1] INFO  server.RaftServerConfigKeys (ConfUtils.java:logGet(43)) - raft.server.rpc.timeout.min = 5s (custom)
2019-09-24 22:41:04,416 [pool-87-thread-1] INFO  server.RaftServerConfigKeys (ConfUtils.java:logGet(43)) - raft.server.rpc.timeout.max = 5200ms (custom)
2019-09-24 22:41:04,418 [pool-87-thread-1] INFO  server.RaftServerConfigKeys (ConfUtils.java:logGet(43)) - raft.server.rpcslowness.timeout = 120s (custom)
2019-09-24 22:41:04,418 [pool-87-thread-1] INFO  server.RaftServerConfigKeys (ConfUtils.java:logGet(43)) - raft.server.sleep.deviation.threshold = 300 (default)
2019-09-24 22:41:04,418 [pool-87-thread-1] INFO  server.RaftServerConfigKeys (ConfUtils.java:logGet(43)) - raft.server.log.appender.install.snapshot.enabled = false (custom)
2019-09-24 22:41:04,418 [pool-87-thread-1] INFO  impl.RaftServerImpl (ServerState.java:<init>(103)) - 053bbe9f-e617-47d8-81f1-5a2d0a241cc5@group-68F9DFA996A4: ConfigurationManager, init=-1: [44386e62-51f5-4810-a1c5-3bae63c25e40:192.168.151.66:32774, 7f5dd112-3930-4cdb-a0ff-40ada89e25be:192.168.151.66:46159, 053bbe9f-e617-47d8-81f1-5a2d0a241cc5:192.168.151.66:33565], old=null, confs=<EMPTY_MAP>
2019-09-24 22:41:04,418 [pool-87-thread-1] INFO  server.RaftServerConfigKeys (ConfUtils.java:logGet(43)) - raft.server.storage.dir = [/workdir/hadoop-ozone/integration-test/target/test-dir/MiniOzoneClusterImpl-9f0f2ccb-738a-4344-bc48-f2576ae9334a/datanode-6/data/ratis] (custom)
2019-09-24 22:41:04,418 [pool-27-thread-1] INFO  impl.RaftServerImpl (RaftServerImpl.java:<init>(95)) - 7f5dd112-3930-4cdb-a0ff-40ada89e25be: new RaftServerImpl for group-68F9DFA996A4:[44386e62-51f5-4810-a1c5-3bae63c25e40:192.168.151.66:32774, 7f5dd112-3930-4cdb-a0ff-40ada89e25be:192.168.151.66:46159, 053bbe9f-e617-47d8-81f1-5a2d0a241cc5:192.168.151.66:33565] with ContainerStateMachine:uninitialized
2019-09-24 22:41:04,419 [pool-87-thread-1] INFO  storage.RaftStorageDirectory (RaftStorageDirectory.java:analyzeStorage(246)) - The storage directory /workdir/hadoop-ozone/integration-test/target/test-dir/MiniOzoneClusterImpl-9f0f2ccb-738a-4344-bc48-f2576ae9334a/datanode-6/data/ratis/fbdcdd06-97e8-4e69-b882-68f9dfa996a4 does not exist. Creating ...
2019-09-24 22:41:04,419 [pool-27-thread-1] INFO  server.RaftServerConfigKeys (ConfUtils.java:logGet(43)) - raft.server.rpc.timeout.min = 5s (custom)
2019-09-24 22:41:04,419 [pool-27-thread-1] INFO  server.RaftServerConfigKeys (ConfUtils.java:logGet(43)) - raft.server.rpc.timeout.max = 5200ms (custom)
2019-09-24 22:41:04,419 [pool-27-thread-1] INFO  server.RaftServerConfigKeys (ConfUtils.java:logGet(43)) - raft.server.rpcslowness.timeout = 120s (custom)
2019-09-24 22:41:04,419 [pool-27-thread-1] INFO  server.RaftServerConfigKeys (ConfUtils.java:logGet(43)) - raft.server.sleep.deviation.threshold = 300 (default)
2019-09-24 22:41:04,419 [pool-27-thread-1] INFO  server.RaftServerConfigKeys (ConfUtils.java:logGet(43)) - raft.server.log.appender.install.snapshot.enabled = false (custom)
2019-09-24 22:41:04,419 [pool-27-thread-1] INFO  impl.RaftServerImpl (ServerState.java:<init>(103)) - 7f5dd112-3930-4cdb-a0ff-40ada89e25be@group-68F9DFA996A4: ConfigurationManager, init=-1: [44386e62-51f5-4810-a1c5-3bae63c25e40:192.168.151.66:32774, 7f5dd112-3930-4cdb-a0ff-40ada89e25be:192.168.151.66:46159, 053bbe9f-e617-47d8-81f1-5a2d0a241cc5:192.168.151.66:33565], old=null, confs=<EMPTY_MAP>
2019-09-24 22:41:04,419 [pool-27-thread-1] INFO  server.RaftServerConfigKeys (ConfUtils.java:logGet(43)) - raft.server.storage.dir = [/workdir/hadoop-ozone/integration-test/target/test-dir/MiniOzoneClusterImpl-9f0f2ccb-738a-4344-bc48-f2576ae9334a/datanode-0/data/ratis] (custom)
2019-09-24 22:41:04,420 [pool-107-thread-1] INFO  impl.RaftServerImpl (RaftServerImpl.java:<init>(95)) - 44386e62-51f5-4810-a1c5-3bae63c25e40: new RaftServerImpl for group-68F9DFA996A4:[44386e62-51f5-4810-a1c5-3bae63c25e40:192.168.151.66:32774, 7f5dd112-3930-4cdb-a0ff-40ada89e25be:192.168.151.66:46159, 053bbe9f-e617-47d8-81f1-5a2d0a241cc5:192.168.151.66:33565] with ContainerStateMachine:uninitialized
2019-09-24 22:41:04,420 [pool-27-thread-1] INFO  storage.RaftStorageDirectory (RaftStorageDirectory.java:analyzeStorage(246)) - The storage directory /workdir/hadoop-ozone/integration-test/target/test-dir/MiniOzoneClusterImpl-9f0f2ccb-738a-4344-bc48-f2576ae9334a/datanode-0/data/ratis/fbdcdd06-97e8-4e69-b882-68f9dfa996a4 does not exist. Creating ...
2019-09-24 22:41:04,420 [pool-107-thread-1] INFO  server.RaftServerConfigKeys (ConfUtils.java:logGet(43)) - raft.server.rpc.timeout.min = 5s (custom)
2019-09-24 22:41:04,420 [pool-107-thread-1] INFO  server.RaftServerConfigKeys (ConfUtils.java:logGet(43)) - raft.server.rpc.timeout.max = 5200ms (custom)
2019-09-24 22:41:04,420 [pool-107-thread-1] INFO  server.RaftServerConfigKeys (ConfUtils.java:logGet(43)) - raft.server.rpcslowness.timeout = 120s (custom)
2019-09-24 22:41:04,420 [pool-107-thread-1] INFO  server.RaftServerConfigKeys (ConfUtils.java:logGet(43)) - raft.server.sleep.deviation.threshold = 300 (default)
2019-09-24 22:41:04,421 [pool-107-thread-1] INFO  server.RaftServerConfigKeys (ConfUtils.java:logGet(43)) - raft.server.log.appender.install.snapshot.enabled = false (custom)
2019-09-24 22:41:04,421 [pool-107-thread-1] INFO  impl.RaftServerImpl (ServerState.java:<init>(103)) - 44386e62-51f5-4810-a1c5-3bae63c25e40@group-68F9DFA996A4: ConfigurationManager, init=-1: [44386e62-51f5-4810-a1c5-3bae63c25e40:192.168.151.66:32774, 7f5dd112-3930-4cdb-a0ff-40ada89e25be:192.168.151.66:46159, 053bbe9f-e617-47d8-81f1-5a2d0a241cc5:192.168.151.66:33565], old=null, confs=<EMPTY_MAP>
2019-09-24 22:41:04,421 [pool-107-thread-1] INFO  server.RaftServerConfigKeys (ConfUtils.java:logGet(43)) - raft.server.storage.dir = [/workdir/hadoop-ozone/integration-test/target/test-dir/MiniOzoneClusterImpl-9f0f2ccb-738a-4344-bc48-f2576ae9334a/datanode-8/data/ratis] (custom)
2019-09-24 22:41:04,421 [pool-107-thread-1] INFO  storage.RaftStorageDirectory (RaftStorageDirectory.java:analyzeStorage(246)) - The storage directory /workdir/hadoop-ozone/integration-test/target/test-dir/MiniOzoneClusterImpl-9f0f2ccb-738a-4344-bc48-f2576ae9334a/datanode-8/data/ratis/fbdcdd06-97e8-4e69-b882-68f9dfa996a4 does not exist. Creating ...
2019-09-24 22:41:04,432 [pool-27-thread-1] INFO  storage.RaftStorageDirectory (RaftStorageDirectory.java:tryLock(328)) - Lock on /workdir/hadoop-ozone/integration-test/target/test-dir/MiniOzoneClusterImpl-9f0f2ccb-738a-4344-bc48-f2576ae9334a/datanode-0/data/ratis/fbdcdd06-97e8-4e69-b882-68f9dfa996a4/in_use.lock acquired by nodename 29871@pr-hdds-2162-v2v4x-1150571016
2019-09-24 22:41:04,432 [pool-107-thread-1] INFO  storage.RaftStorageDirectory (RaftStorageDirectory.java:tryLock(328)) - Lock on /workdir/hadoop-ozone/integration-test/target/test-dir/MiniOzoneClusterImpl-9f0f2ccb-738a-4344-bc48-f2576ae9334a/datanode-8/data/ratis/fbdcdd06-97e8-4e69-b882-68f9dfa996a4/in_use.lock acquired by nodename 29871@pr-hdds-2162-v2v4x-1150571016
2019-09-24 22:41:04,432 [pool-87-thread-1] INFO  storage.RaftStorageDirectory (RaftStorageDirectory.java:tryLock(328)) - Lock on /workdir/hadoop-ozone/integration-test/target/test-dir/MiniOzoneClusterImpl-9f0f2ccb-738a-4344-bc48-f2576ae9334a/datanode-6/data/ratis/fbdcdd06-97e8-4e69-b882-68f9dfa996a4/in_use.lock acquired by nodename 29871@pr-hdds-2162-v2v4x-1150571016
2019-09-24 22:41:04,446 [pool-87-thread-1] INFO  storage.RaftStorage (RaftStorage.java:format(72)) - Storage directory /workdir/hadoop-ozone/integration-test/target/test-dir/MiniOzoneClusterImpl-9f0f2ccb-738a-4344-bc48-f2576ae9334a/datanode-6/data/ratis/fbdcdd06-97e8-4e69-b882-68f9dfa996a4 has been successfully formatted.
2019-09-24 22:41:04,446 [pool-107-thread-1] INFO  storage.RaftStorage (RaftStorage.java:format(72)) - Storage directory /workdir/hadoop-ozone/integration-test/target/test-dir/MiniOzoneClusterImpl-9f0f2ccb-738a-4344-bc48-f2576ae9334a/datanode-8/data/ratis/fbdcdd06-97e8-4e69-b882-68f9dfa996a4 has been successfully formatted.
2019-09-24 22:41:04,446 [pool-27-thread-1] INFO  storage.RaftStorage (RaftStorage.java:format(72)) - Storage directory /workdir/hadoop-ozone/integration-test/target/test-dir/MiniOzoneClusterImpl-9f0f2ccb-738a-4344-bc48-f2576ae9334a/datanode-0/data/ratis/fbdcdd06-97e8-4e69-b882-68f9dfa996a4 has been successfully formatted.
2019-09-24 22:41:04,447 [pool-107-thread-1] INFO  ratis.ContainerStateMachine (ContainerStateMachine.java:loadSnapshot(230)) - group-68F9DFA996A4: The snapshot info is null. Setting the last applied indexto:(t:0, i:~)
2019-09-24 22:41:04,446 [pool-87-thread-1] INFO  ratis.ContainerStateMachine (ContainerStateMachine.java:loadSnapshot(230)) - group-68F9DFA996A4: The snapshot info is null. Setting the last applied indexto:(t:0, i:~)
2019-09-24 22:41:04,447 [pool-107-thread-1] INFO  server.RaftServerConfigKeys (ConfUtils.java:logGet(43)) - raft.server.notification.no-leader.timeout = 120s (custom)
2019-09-24 22:41:04,447 [pool-27-thread-1] INFO  ratis.ContainerStateMachine (ContainerStateMachine.java:loadSnapshot(230)) - group-68F9DFA996A4: The snapshot info is null. Setting the last applied indexto:(t:0, i:~)
2019-09-24 22:41:04,447 [pool-107-thread-1] INFO  server.RaftServerConfigKeys (ConfUtils.java:logGet(43)) - raft.server.log.use.memory = false (default)
2019-09-24 22:41:04,447 [pool-87-thread-1] INFO  server.RaftServerConfigKeys (ConfUtils.java:logGet(43)) - raft.server.notification.no-leader.timeout = 120s (custom)
2019-09-24 22:41:04,447 [pool-107-thread-1] INFO  server.RaftServerConfigKeys (ConfUtils.java:logGet(43)) - raft.server.log.purge.gap = 1000000 (custom)
2019-09-24 22:41:04,447 [pool-27-thread-1] INFO  server.RaftServerConfigKeys (ConfUtils.java:logGet(43)) - raft.server.notification.no-leader.timeout = 120s (custom)
2019-09-24 22:41:04,448 [pool-107-thread-1] INFO  server.RaftServerConfigKeys (ConfUtils.java:logGet(43)) - raft.server.log.appender.buffer.byte-limit = 33554432 (custom)
2019-09-24 22:41:04,448 [pool-87-thread-1] INFO  server.RaftServerConfigKeys (ConfUtils.java:logGet(43)) - raft.server.log.use.memory = false (default)
2019-09-24 22:41:04,448 [pool-107-thread-1] INFO  server.RaftServerConfigKeys (ConfUtils.java:logGet(43)) - raft.server.log.segment.size.max = 1048576 (custom)
2019-09-24 22:41:04,448 [pool-27-thread-1] INFO  server.RaftServerConfigKeys (ConfUtils.java:logGet(43)) - raft.server.log.use.memory = false (default)
2019-09-24 22:41:04,448 [pool-107-thread-1] INFO  server.RaftServerConfigKeys (ConfUtils.java:logGet(43)) - raft.server.log.segment.cache.num.max = 2 (custom)
2019-09-24 22:41:04,448 [pool-87-thread-1] INFO  server.RaftServerConfigKeys (ConfUtils.java:logGet(43)) - raft.server.log.purge.gap = 1000000 (custom)
2019-09-24 22:41:04,449 [pool-107-thread-1] INFO  segmented.SegmentedRaftLogWorker (SegmentedRaftLogWorker.java:<init>(172)) - new 44386e62-51f5-4810-a1c5-3bae63c25e40@group-68F9DFA996A4-SegmentedRaftLogWorker for RaftStorage:Storage Directory /workdir/hadoop-ozone/integration-test/target/test-dir/MiniOzoneClusterImpl-9f0f2ccb-738a-4344-bc48-f2576ae9334a/datanode-8/data/ratis/fbdcdd06-97e8-4e69-b882-68f9dfa996a4
2019-09-24 22:41:04,449 [pool-27-thread-1] INFO  server.RaftServerConfigKeys (ConfUtils.java:logGet(43)) - raft.server.log.purge.gap = 1000000 (custom)
2019-09-24 22:41:04,449 [pool-107-thread-1] INFO  server.RaftServerConfigKeys (ConfUtils.java:logGet(43)) - raft.server.log.queue.byte-limit = 2147483647 (custom)
2019-09-24 22:41:04,449 [pool-87-thread-1] INFO  server.RaftServerConfigKeys (ConfUtils.java:logGet(43)) - raft.server.log.appender.buffer.byte-limit = 33554432 (custom)
2019-09-24 22:41:04,449 [pool-107-thread-1] INFO  server.RaftServerConfigKeys (ConfUtils.java:logGet(43)) - raft.server.log.queue.element-limit = 1024 (custom)
2019-09-24 22:41:04,449 [pool-27-thread-1] INFO  server.RaftServerConfigKeys (ConfUtils.java:logGet(43)) - raft.server.log.appender.buffer.byte-limit = 33554432 (custom)
2019-09-24 22:41:04,450 [pool-107-thread-1] INFO  server.RaftServerConfigKeys (ConfUtils.java:logGet(43)) - raft.server.log.segment.size.max = 1048576 (custom)
2019-09-24 22:41:04,449 [pool-87-thread-1] INFO  server.RaftServerConfigKeys (ConfUtils.java:logGet(43)) - raft.server.log.segment.size.max = 1048576 (custom)
2019-09-24 22:41:04,450 [pool-107-thread-1] INFO  server.RaftServerConfigKeys (ConfUtils.java:logGet(43)) - raft.server.log.preallocated.size = 16384 (custom)
2019-09-24 22:41:04,450 [pool-27-thread-1] INFO  server.RaftServerConfigKeys (ConfUtils.java:logGet(43)) - raft.server.log.segment.size.max = 1048576 (custom)
2019-09-24 22:41:04,450 [pool-107-thread-1] INFO  server.RaftServerConfigKeys (ConfUtils.java:logGet(43)) - raft.server.log.write.buffer.size = 33554432 (custom)
2019-09-24 22:41:04,450 [pool-87-thread-1] INFO  server.RaftServerConfigKeys (ConfUtils.java:logGet(43)) - raft.server.log.segment.cache.num.max = 2 (custom)
2019-09-24 22:41:04,451 [pool-107-thread-1] INFO  server.RaftServerConfigKeys (ConfUtils.java:logGet(43)) - raft.server.log.force.sync.num = 128 (default)
2019-09-24 22:41:04,450 [pool-27-thread-1] INFO  server.RaftServerConfigKeys (ConfUtils.java:logGet(43)) - raft.server.log.segment.cache.num.max = 2 (custom)
2019-09-24 22:41:04,451 [pool-107-thread-1] INFO  server.RaftServerConfigKeys (ConfUtils.java:logGet(43)) - raft.server.log.statemachine.data.sync = true (default)
2019-09-24 22:41:04,451 [pool-87-thread-1] INFO  segmented.SegmentedRaftLogWorker (SegmentedRaftLogWorker.java:<init>(172)) - new 053bbe9f-e617-47d8-81f1-5a2d0a241cc5@group-68F9DFA996A4-SegmentedRaftLogWorker for RaftStorage:Storage Directory /workdir/hadoop-ozone/integration-test/target/test-dir/MiniOzoneClusterImpl-9f0f2ccb-738a-4344-bc48-f2576ae9334a/datanode-6/data/ratis/fbdcdd06-97e8-4e69-b882-68f9dfa996a4
2019-09-24 22:41:04,451 [pool-107-thread-1] INFO  server.RaftServerConfigKeys (ConfUtils.java:logGet(43)) - raft.server.log.statemachine.data.sync.timeout = 10s (default)
2019-09-24 22:41:04,451 [pool-27-thread-1] INFO  segmented.SegmentedRaftLogWorker (SegmentedRaftLogWorker.java:<init>(172)) - new 7f5dd112-3930-4cdb-a0ff-40ada89e25be@group-68F9DFA996A4-SegmentedRaftLogWorker for RaftStorage:Storage Directory /workdir/hadoop-ozone/integration-test/target/test-dir/MiniOzoneClusterImpl-9f0f2ccb-738a-4344-bc48-f2576ae9334a/datanode-0/data/ratis/fbdcdd06-97e8-4e69-b882-68f9dfa996a4
2019-09-24 22:41:04,452 [pool-107-thread-1] INFO  server.RaftServerConfigKeys (ConfUtils.java:logGet(43)) - raft.server.log.statemachine.data.sync.timeout.retry = -1 (default)
2019-09-24 22:41:04,451 [pool-87-thread-1] INFO  server.RaftServerConfigKeys (ConfUtils.java:logGet(43)) - raft.server.log.queue.byte-limit = 2147483647 (custom)
2019-09-24 22:41:04,452 [pool-27-thread-1] INFO  server.RaftServerConfigKeys (ConfUtils.java:logGet(43)) - raft.server.log.queue.byte-limit = 2147483647 (custom)
2019-09-24 22:41:04,452 [pool-87-thread-1] INFO  server.RaftServerConfigKeys (ConfUtils.java:logGet(43)) - raft.server.log.queue.element-limit = 1024 (custom)
2019-09-24 22:41:04,452 [pool-107-thread-1] INFO  server.RaftServerConfigKeys (ConfUtils.java:logGet(43)) - raft.server.log.statemachine.data.caching.enabled = true (custom)
2019-09-24 22:41:04,452 [pool-87-thread-1] INFO  server.RaftServerConfigKeys (ConfUtils.java:logGet(43)) - raft.server.log.segment.size.max = 1048576 (custom)
2019-09-24 22:41:04,452 [pool-27-thread-1] INFO  server.RaftServerConfigKeys (ConfUtils.java:logGet(43)) - raft.server.log.queue.element-limit = 1024 (custom)
2019-09-24 22:41:04,453 [pool-107-thread-1] INFO  segmented.SegmentedRaftLogWorker (SegmentedRaftLogWorker.java:lambda$new$0(132)) - 44386e62-51f5-4810-a1c5-3bae63c25e40@group-68F9DFA996A4-SegmentedRaftLogWorker: flushIndex: setUnconditionally 0 -> -1
2019-09-24 22:41:04,452 [pool-87-thread-1] INFO  server.RaftServerConfigKeys (ConfUtils.java:logGet(43)) - raft.server.log.preallocated.size = 16384 (custom)
2019-09-24 22:41:04,453 [pool-27-thread-1] INFO  server.RaftServerConfigKeys (ConfUtils.java:logGet(43)) - raft.server.log.segment.size.max = 1048576 (custom)
2019-09-24 22:41:04,453 [pool-107-thread-1] INFO  server.RaftServerConfigKeys (ConfUtils.java:logGet(43)) - raft.server.snapshot.auto.trigger.enabled = true (custom)
2019-09-24 22:41:04,453 [pool-87-thread-1] INFO  server.RaftServerConfigKeys (ConfUtils.java:logGet(43)) - raft.server.log.write.buffer.size = 33554432 (custom)
2019-09-24 22:41:04,453 [pool-107-thread-1] INFO  server.RaftServerConfigKeys (ConfUtils.java:logGet(43)) - raft.server.snapshot.auto.trigger.threshold = 10000 (custom)
2019-09-24 22:41:04,453 [pool-27-thread-1] INFO  server.RaftServerConfigKeys (ConfUtils.java:logGet(43)) - raft.server.log.preallocated.size = 16384 (custom)
2019-09-24 22:41:04,453 [pool-107-thread-1] INFO  server.RaftServerConfigKeys (ConfUtils.java:logGet(43)) - raft.server.snapshot.retention.num.files = 5 (custom)
2019-09-24 22:41:04,453 [pool-87-thread-1] INFO  server.RaftServerConfigKeys (ConfUtils.java:logGet(43)) - raft.server.log.force.sync.num = 128 (default)
2019-09-24 22:41:04,454 [pool-27-thread-1] INFO  server.RaftServerConfigKeys (ConfUtils.java:logGet(43)) - raft.server.log.write.buffer.size = 33554432 (custom)
2019-09-24 22:41:04,454 [pool-107-thread-1] INFO  server.RaftServerConfigKeys (ConfUtils.java:logGet(43)) - raft.server.retrycache.expirytime = 600000ms (custom)
2019-09-24 22:41:04,454 [pool-87-thread-1] INFO  server.RaftServerConfigKeys (ConfUtils.java:logGet(43)) - raft.server.log.statemachine.data.sync = true (default)
2019-09-24 22:41:04,454 [pool-27-thread-1] INFO  server.RaftServerConfigKeys (ConfUtils.java:logGet(43)) - raft.server.log.force.sync.num = 128 (default)
2019-09-24 22:41:04,454 [pool-87-thread-1] INFO  server.RaftServerConfigKeys (ConfUtils.java:logGet(43)) - raft.server.log.statemachine.data.sync.timeout = 10s (default)
2019-09-24 22:41:04,454 [pool-27-thread-1] INFO  server.RaftServerConfigKeys (ConfUtils.java:logGet(43)) - raft.server.log.statemachine.data.sync = true (default)
2019-09-24 22:41:04,455 [pool-87-thread-1] INFO  server.RaftServerConfigKeys (ConfUtils.java:logGet(43)) - raft.server.log.statemachine.data.sync.timeout.retry = -1 (default)
2019-09-24 22:41:04,455 [pool-27-thread-1] INFO  server.RaftServerConfigKeys (ConfUtils.java:logGet(43)) - raft.server.log.statemachine.data.sync.timeout = 10s (default)
2019-09-24 22:41:04,455 [pool-87-thread-1] INFO  server.RaftServerConfigKeys (ConfUtils.java:logGet(43)) - raft.server.log.statemachine.data.caching.enabled = true (custom)
2019-09-24 22:41:04,455 [pool-27-thread-1] INFO  server.RaftServerConfigKeys (ConfUtils.java:logGet(43)) - raft.server.log.statemachine.data.sync.timeout.retry = -1 (default)
2019-09-24 22:41:04,455 [pool-87-thread-1] INFO  segmented.SegmentedRaftLogWorker (SegmentedRaftLogWorker.java:lambda$new$0(132)) - 053bbe9f-e617-47d8-81f1-5a2d0a241cc5@group-68F9DFA996A4-SegmentedRaftLogWorker: flushIndex: setUnconditionally 0 -> -1
2019-09-24 22:41:04,455 [pool-27-thread-1] INFO  server.RaftServerConfigKeys (ConfUtils.java:logGet(43)) - raft.server.log.statemachine.data.caching.enabled = true (custom)
2019-09-24 22:41:04,455 [pool-87-thread-1] INFO  server.RaftServerConfigKeys (ConfUtils.java:logGet(43)) - raft.server.snapshot.auto.trigger.enabled = true (custom)
2019-09-24 22:41:04,456 [pool-87-thread-1] INFO  server.RaftServerConfigKeys (ConfUtils.java:logGet(43)) - raft.server.snapshot.auto.trigger.threshold = 10000 (custom)
2019-09-24 22:41:04,456 [pool-87-thread-1] INFO  server.RaftServerConfigKeys (ConfUtils.java:logGet(43)) - raft.server.snapshot.retention.num.files = 5 (custom)
2019-09-24 22:41:04,456 [pool-27-thread-1] INFO  segmented.SegmentedRaftLogWorker (SegmentedRaftLogWorker.java:lambda$new$0(132)) - 7f5dd112-3930-4cdb-a0ff-40ada89e25be@group-68F9DFA996A4-SegmentedRaftLogWorker: flushIndex: setUnconditionally 0 -> -1
2019-09-24 22:41:04,456 [pool-87-thread-1] INFO  server.RaftServerConfigKeys (ConfUtils.java:logGet(43)) - raft.server.retrycache.expirytime = 600000ms (custom)
2019-09-24 22:41:04,456 [pool-27-thread-1] INFO  server.RaftServerConfigKeys (ConfUtils.java:logGet(43)) - raft.server.snapshot.auto.trigger.enabled = true (custom)
2019-09-24 22:41:04,456 [pool-27-thread-1] INFO  server.RaftServerConfigKeys (ConfUtils.java:logGet(43)) - raft.server.snapshot.auto.trigger.threshold = 10000 (custom)
2019-09-24 22:41:04,456 [pool-27-thread-1] INFO  server.RaftServerConfigKeys (ConfUtils.java:logGet(43)) - raft.server.snapshot.retention.num.files = 5 (custom)
2019-09-24 22:41:04,457 [pool-27-thread-1] INFO  server.RaftServerConfigKeys (ConfUtils.java:logGet(43)) - raft.server.retrycache.expirytime = 600000ms (custom)
2019-09-24 22:41:04,457 [pool-107-thread-1] INFO  impl.RaftServerImpl (RaftServerImpl.java:start(185)) - 44386e62-51f5-4810-a1c5-3bae63c25e40@group-68F9DFA996A4: start as a follower, conf=-1: [44386e62-51f5-4810-a1c5-3bae63c25e40:192.168.151.66:32774, 7f5dd112-3930-4cdb-a0ff-40ada89e25be:192.168.151.66:46159, 053bbe9f-e617-47d8-81f1-5a2d0a241cc5:192.168.151.66:33565], old=null
2019-09-24 22:41:04,457 [pool-107-thread-1] INFO  impl.RaftServerImpl (RaftServerImpl.java:setRole(174)) - 44386e62-51f5-4810-a1c5-3bae63c25e40@group-68F9DFA996A4: changes role from      null to FOLLOWER at term 0 for startAsFollower
2019-09-24 22:41:04,458 [pool-107-thread-1] INFO  impl.RoleInfo (RoleInfo.java:updateAndGet(143)) - 44386e62-51f5-4810-a1c5-3bae63c25e40: start FollowerState
2019-09-24 22:41:04,458 [pool-87-thread-1] INFO  impl.RaftServerImpl (RaftServerImpl.java:start(185)) - 053bbe9f-e617-47d8-81f1-5a2d0a241cc5@group-68F9DFA996A4: start as a follower, conf=-1: [44386e62-51f5-4810-a1c5-3bae63c25e40:192.168.151.66:32774, 7f5dd112-3930-4cdb-a0ff-40ada89e25be:192.168.151.66:46159, 053bbe9f-e617-47d8-81f1-5a2d0a241cc5:192.168.151.66:33565], old=null
2019-09-24 22:41:04,458 [pool-87-thread-1] INFO  impl.RaftServerImpl (RaftServerImpl.java:setRole(174)) - 053bbe9f-e617-47d8-81f1-5a2d0a241cc5@group-68F9DFA996A4: changes role from      null to FOLLOWER at term 0 for startAsFollower
2019-09-24 22:41:04,458 [pool-87-thread-1] INFO  impl.RoleInfo (RoleInfo.java:updateAndGet(143)) - 053bbe9f-e617-47d8-81f1-5a2d0a241cc5: start FollowerState
2019-09-24 22:41:04,458 [pool-107-thread-1] INFO  util.JmxRegister (JmxRegister.java:tryRegister(44)) - Successfully registered JMX Bean with object name Ratis:service=RaftServer,group=group-68F9DFA996A4,id=44386e62-51f5-4810-a1c5-3bae63c25e40
2019-09-24 22:41:04,459 [pool-87-thread-1] INFO  util.JmxRegister (JmxRegister.java:tryRegister(44)) - Successfully registered JMX Bean with object name Ratis:service=RaftServer,group=group-68F9DFA996A4,id=053bbe9f-e617-47d8-81f1-5a2d0a241cc5
2019-09-24 22:41:04,460 [pool-27-thread-1] INFO  impl.RaftServerImpl (RaftServerImpl.java:start(185)) - 7f5dd112-3930-4cdb-a0ff-40ada89e25be@group-68F9DFA996A4: start as a follower, conf=-1: [44386e62-51f5-4810-a1c5-3bae63c25e40:192.168.151.66:32774, 7f5dd112-3930-4cdb-a0ff-40ada89e25be:192.168.151.66:46159, 053bbe9f-e617-47d8-81f1-5a2d0a241cc5:192.168.151.66:33565], old=null
2019-09-24 22:41:04,460 [pool-27-thread-1] INFO  impl.RaftServerImpl (RaftServerImpl.java:setRole(174)) - 7f5dd112-3930-4cdb-a0ff-40ada89e25be@group-68F9DFA996A4: changes role from      null to FOLLOWER at term 0 for startAsFollower
2019-09-24 22:41:04,460 [pool-27-thread-1] INFO  impl.RoleInfo (RoleInfo.java:updateAndGet(143)) - 7f5dd112-3930-4cdb-a0ff-40ada89e25be: start FollowerState
2019-09-24 22:41:04,472 [pool-27-thread-1] INFO  util.JmxRegister (JmxRegister.java:tryRegister(44)) - Successfully registered JMX Bean with object name Ratis:service=RaftServer,group=group-68F9DFA996A4,id=7f5dd112-3930-4cdb-a0ff-40ada89e25be
2019-09-24 22:41:04,482 [RatisPipelineUtilsThread] INFO  pipeline.PipelineStateManager (PipelineStateManager.java:addPipeline(56)) - Created pipeline Pipeline[ Id: fbdcdd06-97e8-4e69-b882-68f9dfa996a4, Nodes: 7f5dd112-3930-4cdb-a0ff-40ada89e25be{ip: 192.168.151.66, host: pr-hdds-2162-v2v4x-1150571016, networkLocation: /default-rack, certSerialId: null}053bbe9f-e617-47d8-81f1-5a2d0a241cc5{ip: 192.168.151.66, host: pr-hdds-2162-v2v4x-1150571016, networkLocation: /default-rack, certSerialId: null}44386e62-51f5-4810-a1c5-3bae63c25e40{ip: 192.168.151.66, host: pr-hdds-2162-v2v4x-1150571016, networkLocation: /default-rack, certSerialId: null}, Type:RATIS, Factor:THREE, State:OPEN]
2019-09-24 22:41:04,497 [grpc-default-executor-0] INFO  impl.RaftServerProxy (RaftServerProxy.java:addNew(89)) - 3716a3a4-b37c-4a3e-91b5-9d776be92922: addNew group-E79BDEEF64FC:[3716a3a4-b37c-4a3e-91b5-9d776be92922:192.168.151.66:42029, 991de87b-0f41-4d84-9a26-7b325c2c170c:192.168.151.66:37010, fa75059b-409c-42ba-aabb-33da8f2e557d:192.168.151.66:35520] returns group-E79BDEEF64FC:java.util.concurrent.CompletableFuture@4367ff32[Not completed]
2019-09-24 22:41:04,504 [grpc-default-executor-2] INFO  impl.RaftServerProxy (RaftServerProxy.java:addNew(89)) - 991de87b-0f41-4d84-9a26-7b325c2c170c: addNew group-E79BDEEF64FC:[3716a3a4-b37c-4a3e-91b5-9d776be92922:192.168.151.66:42029, 991de87b-0f41-4d84-9a26-7b325c2c170c:192.168.151.66:37010, fa75059b-409c-42ba-aabb-33da8f2e557d:192.168.151.66:35520] returns group-E79BDEEF64FC:java.util.concurrent.CompletableFuture@57293743[Not completed]
2019-09-24 22:41:04,504 [grpc-default-executor-0] INFO  impl.RaftServerProxy (RaftServerProxy.java:addNew(89)) - fa75059b-409c-42ba-aabb-33da8f2e557d: addNew group-E79BDEEF64FC:[3716a3a4-b37c-4a3e-91b5-9d776be92922:192.168.151.66:42029, 991de87b-0f41-4d84-9a26-7b325c2c170c:192.168.151.66:37010, fa75059b-409c-42ba-aabb-33da8f2e557d:192.168.151.66:35520] returns group-E79BDEEF64FC:java.util.concurrent.CompletableFuture@3aba8e1[Not completed]
2019-09-24 22:41:04,507 [pool-57-thread-1] INFO  impl.RaftServerImpl (RaftServerImpl.java:<init>(95)) - 3716a3a4-b37c-4a3e-91b5-9d776be92922: new RaftServerImpl for group-E79BDEEF64FC:[3716a3a4-b37c-4a3e-91b5-9d776be92922:192.168.151.66:42029, 991de87b-0f41-4d84-9a26-7b325c2c170c:192.168.151.66:37010, fa75059b-409c-42ba-aabb-33da8f2e557d:192.168.151.66:35520] with ContainerStateMachine:uninitialized
2019-09-24 22:41:04,507 [pool-57-thread-1] INFO  server.RaftServerConfigKeys (ConfUtils.java:logGet(43)) - raft.server.rpc.timeout.min = 5s (custom)
2019-09-24 22:41:04,507 [pool-57-thread-1] INFO  server.RaftServerConfigKeys (ConfUtils.java:logGet(43)) - raft.server.rpc.timeout.max = 5200ms (custom)
2019-09-24 22:41:04,507 [pool-57-thread-1] INFO  server.RaftServerConfigKeys (ConfUtils.java:logGet(43)) - raft.server.rpcslowness.timeout = 120s (custom)
2019-09-24 22:41:04,508 [pool-57-thread-1] INFO  server.RaftServerConfigKeys (ConfUtils.java:logGet(43)) - raft.server.sleep.deviation.threshold = 300 (default)
2019-09-24 22:41:04,508 [pool-57-thread-1] INFO  server.RaftServerConfigKeys (ConfUtils.java:logGet(43)) - raft.server.log.appender.install.snapshot.enabled = false (custom)
2019-09-24 22:41:04,508 [pool-57-thread-1] INFO  impl.RaftServerImpl (ServerState.java:<init>(103)) - 3716a3a4-b37c-4a3e-91b5-9d776be92922@group-E79BDEEF64FC: ConfigurationManager, init=-1: [3716a3a4-b37c-4a3e-91b5-9d776be92922:192.168.151.66:42029, 991de87b-0f41-4d84-9a26-7b325c2c170c:192.168.151.66:37010, fa75059b-409c-42ba-aabb-33da8f2e557d:192.168.151.66:35520], old=null, confs=<EMPTY_MAP>
2019-09-24 22:41:04,508 [pool-47-thread-1] INFO  impl.RaftServerImpl (RaftServerImpl.java:<init>(95)) - fa75059b-409c-42ba-aabb-33da8f2e557d: new RaftServerImpl for group-E79BDEEF64FC:[3716a3a4-b37c-4a3e-91b5-9d776be92922:192.168.151.66:42029, 991de87b-0f41-4d84-9a26-7b325c2c170c:192.168.151.66:37010, fa75059b-409c-42ba-aabb-33da8f2e557d:192.168.151.66:35520] with ContainerStateMachine:uninitialized
2019-09-24 22:41:04,508 [pool-57-thread-1] INFO  server.RaftServerConfigKeys (ConfUtils.java:logGet(43)) - raft.server.storage.dir = [/workdir/hadoop-ozone/integration-test/target/test-dir/MiniOzoneClusterImpl-9f0f2ccb-738a-4344-bc48-f2576ae9334a/datanode-3/data/ratis] (custom)
2019-09-24 22:41:04,508 [pool-47-thread-1] INFO  server.RaftServerConfigKeys (ConfUtils.java:logGet(43)) - raft.server.rpc.timeout.min = 5s (custom)
2019-09-24 22:41:04,508 [pool-47-thread-1] INFO  server.RaftServerConfigKeys (ConfUtils.java:logGet(43)) - raft.server.rpc.timeout.max = 5200ms (custom)
2019-09-24 22:41:04,509 [pool-57-thread-1] INFO  storage.RaftStorageDirectory (RaftStorageDirectory.java:analyzeStorage(246)) - The storage directory /workdir/hadoop-ozone/integration-test/target/test-dir/MiniOzoneClusterImpl-9f0f2ccb-738a-4344-bc48-f2576ae9334a/datanode-3/data/ratis/35bc465f-1423-4c16-be94-e79bdeef64fc does not exist. Creating ...
2019-09-24 22:41:04,509 [pool-77-thread-1] INFO  impl.RaftServerImpl (RaftServerImpl.java:<init>(95)) - 991de87b-0f41-4d84-9a26-7b325c2c170c: new RaftServerImpl for group-E79BDEEF64FC:[3716a3a4-b37c-4a3e-91b5-9d776be92922:192.168.151.66:42029, 991de87b-0f41-4d84-9a26-7b325c2c170c:192.168.151.66:37010, fa75059b-409c-42ba-aabb-33da8f2e557d:192.168.151.66:35520] with ContainerStateMachine:uninitialized
2019-09-24 22:41:04,509 [pool-47-thread-1] INFO  server.RaftServerConfigKeys (ConfUtils.java:logGet(43)) - raft.server.rpcslowness.timeout = 120s (custom)
2019-09-24 22:41:04,509 [pool-77-thread-1] INFO  server.RaftServerConfigKeys (ConfUtils.java:logGet(43)) - raft.server.rpc.timeout.min = 5s (custom)
2019-09-24 22:41:04,509 [pool-47-thread-1] INFO  server.RaftServerConfigKeys (ConfUtils.java:logGet(43)) - raft.server.sleep.deviation.threshold = 300 (default)
2019-09-24 22:41:04,509 [pool-77-thread-1] INFO  server.RaftServerConfigKeys (ConfUtils.java:logGet(43)) - raft.server.rpc.timeout.max = 5200ms (custom)
2019-09-24 22:41:04,509 [pool-47-thread-1] INFO  server.RaftServerConfigKeys (ConfUtils.java:logGet(43)) - raft.server.log.appender.install.snapshot.enabled = false (custom)
2019-09-24 22:41:04,509 [pool-77-thread-1] INFO  server.RaftServerConfigKeys (ConfUtils.java:logGet(43)) - raft.server.rpcslowness.timeout = 120s (custom)
2019-09-24 22:41:04,510 [pool-47-thread-1] INFO  impl.RaftServerImpl (ServerState.java:<init>(103)) - fa75059b-409c-42ba-aabb-33da8f2e557d@group-E79BDEEF64FC: ConfigurationManager, init=-1: [3716a3a4-b37c-4a3e-91b5-9d776be92922:192.168.151.66:42029, 991de87b-0f41-4d84-9a26-7b325c2c170c:192.168.151.66:37010, fa75059b-409c-42ba-aabb-33da8f2e557d:192.168.151.66:35520], old=null, confs=<EMPTY_MAP>
2019-09-24 22:41:04,510 [pool-77-thread-1] INFO  server.RaftServerConfigKeys (ConfUtils.java:logGet(43)) - raft.server.sleep.deviation.threshold = 300 (default)
2019-09-24 22:41:04,510 [pool-47-thread-1] INFO  server.RaftServerConfigKeys (ConfUtils.java:logGet(43)) - raft.server.storage.dir = [/workdir/hadoop-ozone/integration-test/target/test-dir/MiniOzoneClusterImpl-9f0f2ccb-738a-4344-bc48-f2576ae9334a/datanode-2/data/ratis] (custom)
2019-09-24 22:41:04,510 [pool-77-thread-1] INFO  server.RaftServerConfigKeys (ConfUtils.java:logGet(43)) - raft.server.log.appender.install.snapshot.enabled = false (custom)
2019-09-24 22:41:04,510 [pool-77-thread-1] INFO  impl.RaftServerImpl (ServerState.java:<init>(103)) - 991de87b-0f41-4d84-9a26-7b325c2c170c@group-E79BDEEF64FC: ConfigurationManager, init=-1: [3716a3a4-b37c-4a3e-91b5-9d776be92922:192.168.151.66:42029, 991de87b-0f41-4d84-9a26-7b325c2c170c:192.168.151.66:37010, fa75059b-409c-42ba-aabb-33da8f2e557d:192.168.151.66:35520], old=null, confs=<EMPTY_MAP>
2019-09-24 22:41:04,510 [pool-47-thread-1] INFO  storage.RaftStorageDirectory (RaftStorageDirectory.java:analyzeStorage(246)) - The storage directory /workdir/hadoop-ozone/integration-test/target/test-dir/MiniOzoneClusterImpl-9f0f2ccb-738a-4344-bc48-f2576ae9334a/datanode-2/data/ratis/35bc465f-1423-4c16-be94-e79bdeef64fc does not exist. Creating ...
2019-09-24 22:41:04,510 [pool-77-thread-1] INFO  server.RaftServerConfigKeys (ConfUtils.java:logGet(43)) - raft.server.storage.dir = [/workdir/hadoop-ozone/integration-test/target/test-dir/MiniOzoneClusterImpl-9f0f2ccb-738a-4344-bc48-f2576ae9334a/datanode-5/data/ratis] (custom)
2019-09-24 22:41:04,511 [pool-77-thread-1] INFO  storage.RaftStorageDirectory (RaftStorageDirectory.java:analyzeStorage(246)) - The storage directory /workdir/hadoop-ozone/integration-test/target/test-dir/MiniOzoneClusterImpl-9f0f2ccb-738a-4344-bc48-f2576ae9334a/datanode-5/data/ratis/35bc465f-1423-4c16-be94-e79bdeef64fc does not exist. Creating ...
2019-09-24 22:41:04,523 [pool-57-thread-1] INFO  storage.RaftStorageDirectory (RaftStorageDirectory.java:tryLock(328)) - Lock on /workdir/hadoop-ozone/integration-test/target/test-dir/MiniOzoneClusterImpl-9f0f2ccb-738a-4344-bc48-f2576ae9334a/datanode-3/data/ratis/35bc465f-1423-4c16-be94-e79bdeef64fc/in_use.lock acquired by nodename 29871@pr-hdds-2162-v2v4x-1150571016
2019-09-24 22:41:04,523 [pool-47-thread-1] INFO  storage.RaftStorageDirectory (RaftStorageDirectory.java:tryLock(328)) - Lock on /workdir/hadoop-ozone/integration-test/target/test-dir/MiniOzoneClusterImpl-9f0f2ccb-738a-4344-bc48-f2576ae9334a/datanode-2/data/ratis/35bc465f-1423-4c16-be94-e79bdeef64fc/in_use.lock acquired by nodename 29871@pr-hdds-2162-v2v4x-1150571016
2019-09-24 22:41:04,523 [pool-77-thread-1] INFO  storage.RaftStorageDirectory (RaftStorageDirectory.java:tryLock(328)) - Lock on /workdir/hadoop-ozone/integration-test/target/test-dir/MiniOzoneClusterImpl-9f0f2ccb-738a-4344-bc48-f2576ae9334a/datanode-5/data/ratis/35bc465f-1423-4c16-be94-e79bdeef64fc/in_use.lock acquired by nodename 29871@pr-hdds-2162-v2v4x-1150571016
2019-09-24 22:41:04,537 [pool-77-thread-1] INFO  storage.RaftStorage (RaftStorage.java:format(72)) - Storage directory /workdir/hadoop-ozone/integration-test/target/test-dir/MiniOzoneClusterImpl-9f0f2ccb-738a-4344-bc48-f2576ae9334a/datanode-5/data/ratis/35bc465f-1423-4c16-be94-e79bdeef64fc has been successfully formatted.
2019-09-24 22:41:04,538 [pool-57-thread-1] INFO  storage.RaftStorage (RaftStorage.java:format(72)) - Storage directory /workdir/hadoop-ozone/integration-test/target/test-dir/MiniOzoneClusterImpl-9f0f2ccb-738a-4344-bc48-f2576ae9334a/datanode-3/data/ratis/35bc465f-1423-4c16-be94-e79bdeef64fc has been successfully formatted.
2019-09-24 22:41:04,538 [pool-47-thread-1] INFO  storage.RaftStorage (RaftStorage.java:format(72)) - Storage directory /workdir/hadoop-ozone/integration-test/target/test-dir/MiniOzoneClusterImpl-9f0f2ccb-738a-4344-bc48-f2576ae9334a/datanode-2/data/ratis/35bc465f-1423-4c16-be94-e79bdeef64fc has been successfully formatted.
2019-09-24 22:41:04,538 [pool-57-thread-1] INFO  ratis.ContainerStateMachine (ContainerStateMachine.java:loadSnapshot(230)) - group-E79BDEEF64FC: The snapshot info is null. Setting the last applied indexto:(t:0, i:~)
2019-09-24 22:41:04,538 [pool-77-thread-1] INFO  ratis.ContainerStateMachine (ContainerStateMachine.java:loadSnapshot(230)) - group-E79BDEEF64FC: The snapshot info is null. Setting the last applied indexto:(t:0, i:~)
2019-09-24 22:41:04,538 [pool-47-thread-1] INFO  ratis.ContainerStateMachine (ContainerStateMachine.java:loadSnapshot(230)) - group-E79BDEEF64FC: The snapshot info is null. Setting the last applied indexto:(t:0, i:~)
2019-09-24 22:41:04,538 [pool-57-thread-1] INFO  server.RaftServerConfigKeys (ConfUtils.java:logGet(43)) - raft.server.notification.no-leader.timeout = 120s (custom)
2019-09-24 22:41:04,539 [pool-47-thread-1] INFO  server.RaftServerConfigKeys (ConfUtils.java:logGet(43)) - raft.server.notification.no-leader.timeout = 120s (custom)
2019-09-24 22:41:04,538 [pool-77-thread-1] INFO  server.RaftServerConfigKeys (ConfUtils.java:logGet(43)) - raft.server.notification.no-leader.timeout = 120s (custom)
2019-09-24 22:41:04,539 [pool-47-thread-1] INFO  server.RaftServerConfigKeys (ConfUtils.java:logGet(43)) - raft.server.log.use.memory = false (default)
2019-09-24 22:41:04,539 [pool-57-thread-1] INFO  server.RaftServerConfigKeys (ConfUtils.java:logGet(43)) - raft.server.log.use.memory = false (default)
2019-09-24 22:41:04,539 [pool-47-thread-1] INFO  server.RaftServerConfigKeys (ConfUtils.java:logGet(43)) - raft.server.log.purge.gap = 1000000 (custom)
2019-09-24 22:41:04,539 [pool-77-thread-1] INFO  server.RaftServerConfigKeys (ConfUtils.java:logGet(43)) - raft.server.log.use.memory = false (default)
2019-09-24 22:41:04,539 [pool-47-thread-1] INFO  server.RaftServerConfigKeys (ConfUtils.java:logGet(43)) - raft.server.log.appender.buffer.byte-limit = 33554432 (custom)
2019-09-24 22:41:04,539 [pool-57-thread-1] INFO  server.RaftServerConfigKeys (ConfUtils.java:logGet(43)) - raft.server.log.purge.gap = 1000000 (custom)
2019-09-24 22:41:04,540 [pool-47-thread-1] INFO  server.RaftServerConfigKeys (ConfUtils.java:logGet(43)) - raft.server.log.segment.size.max = 1048576 (custom)
2019-09-24 22:41:04,540 [pool-77-thread-1] INFO  server.RaftServerConfigKeys (ConfUtils.java:logGet(43)) - raft.server.log.purge.gap = 1000000 (custom)
2019-09-24 22:41:04,540 [pool-47-thread-1] INFO  server.RaftServerConfigKeys (ConfUtils.java:logGet(43)) - raft.server.log.segment.cache.num.max = 2 (custom)
2019-09-24 22:41:04,540 [pool-57-thread-1] INFO  server.RaftServerConfigKeys (ConfUtils.java:logGet(43)) - raft.server.log.appender.buffer.byte-limit = 33554432 (custom)
2019-09-24 22:41:04,540 [pool-47-thread-1] INFO  segmented.SegmentedRaftLogWorker (SegmentedRaftLogWorker.java:<init>(172)) - new fa75059b-409c-42ba-aabb-33da8f2e557d@group-E79BDEEF64FC-SegmentedRaftLogWorker for RaftStorage:Storage Directory /workdir/hadoop-ozone/integration-test/target/test-dir/MiniOzoneClusterImpl-9f0f2ccb-738a-4344-bc48-f2576ae9334a/datanode-2/data/ratis/35bc465f-1423-4c16-be94-e79bdeef64fc
2019-09-24 22:41:04,540 [pool-77-thread-1] INFO  server.RaftServerConfigKeys (ConfUtils.java:logGet(43)) - raft.server.log.appender.buffer.byte-limit = 33554432 (custom)
2019-09-24 22:41:04,541 [pool-47-thread-1] INFO  server.RaftServerConfigKeys (ConfUtils.java:logGet(43)) - raft.server.log.queue.byte-limit = 2147483647 (custom)
2019-09-24 22:41:04,541 [pool-47-thread-1] INFO  server.RaftServerConfigKeys (ConfUtils.java:logGet(43)) - raft.server.log.queue.element-limit = 1024 (custom)
2019-09-24 22:41:04,541 [pool-57-thread-1] INFO  server.RaftServerConfigKeys (ConfUtils.java:logGet(43)) - raft.server.log.segment.size.max = 1048576 (custom)
2019-09-24 22:41:04,541 [pool-47-thread-1] INFO  server.RaftServerConfigKeys (ConfUtils.java:logGet(43)) - raft.server.log.segment.size.max = 1048576 (custom)
2019-09-24 22:41:04,541 [pool-77-thread-1] INFO  server.RaftServerConfigKeys (ConfUtils.java:logGet(43)) - raft.server.log.segment.size.max = 1048576 (custom)
2019-09-24 22:41:04,542 [pool-47-thread-1] INFO  server.RaftServerConfigKeys (ConfUtils.java:logGet(43)) - raft.server.log.preallocated.size = 16384 (custom)
2019-09-24 22:41:04,541 [pool-57-thread-1] INFO  server.RaftServerConfigKeys (ConfUtils.java:logGet(43)) - raft.server.log.segment.cache.num.max = 2 (custom)
2019-09-24 22:41:04,542 [pool-47-thread-1] INFO  server.RaftServerConfigKeys (ConfUtils.java:logGet(43)) - raft.server.log.write.buffer.size = 33554432 (custom)
2019-09-24 22:41:04,542 [pool-77-thread-1] INFO  server.RaftServerConfigKeys (ConfUtils.java:logGet(43)) - raft.server.log.segment.cache.num.max = 2 (custom)
2019-09-24 22:41:04,542 [pool-47-thread-1] INFO  server.RaftServerConfigKeys (ConfUtils.java:logGet(43)) - raft.server.log.force.sync.num = 128 (default)
2019-09-24 22:41:04,542 [pool-57-thread-1] INFO  segmented.SegmentedRaftLogWorker (SegmentedRaftLogWorker.java:<init>(172)) - new 3716a3a4-b37c-4a3e-91b5-9d776be92922@group-E79BDEEF64FC-SegmentedRaftLogWorker for RaftStorage:Storage Directory /workdir/hadoop-ozone/integration-test/target/test-dir/MiniOzoneClusterImpl-9f0f2ccb-738a-4344-bc48-f2576ae9334a/datanode-3/data/ratis/35bc465f-1423-4c16-be94-e79bdeef64fc
2019-09-24 22:41:04,543 [pool-47-thread-1] INFO  server.RaftServerConfigKeys (ConfUtils.java:logGet(43)) - raft.server.log.statemachine.data.sync = true (default)
2019-09-24 22:41:04,542 [pool-77-thread-1] INFO  segmented.SegmentedRaftLogWorker (SegmentedRaftLogWorker.java:<init>(172)) - new 991de87b-0f41-4d84-9a26-7b325c2c170c@group-E79BDEEF64FC-SegmentedRaftLogWorker for RaftStorage:Storage Directory /workdir/hadoop-ozone/integration-test/target/test-dir/MiniOzoneClusterImpl-9f0f2ccb-738a-4344-bc48-f2576ae9334a/datanode-5/data/ratis/35bc465f-1423-4c16-be94-e79bdeef64fc
2019-09-24 22:41:04,543 [pool-47-thread-1] INFO  server.RaftServerConfigKeys (ConfUtils.java:logGet(43)) - raft.server.log.statemachine.data.sync.timeout = 10s (default)
2019-09-24 22:41:04,543 [pool-57-thread-1] INFO  server.RaftServerConfigKeys (ConfUtils.java:logGet(43)) - raft.server.log.queue.byte-limit = 2147483647 (custom)
2019-09-24 22:41:04,543 [pool-47-thread-1] INFO  server.RaftServerConfigKeys (ConfUtils.java:logGet(43)) - raft.server.log.statemachine.data.sync.timeout.retry = -1 (default)
2019-09-24 22:41:04,543 [pool-77-thread-1] INFO  server.RaftServerConfigKeys (ConfUtils.java:logGet(43)) - raft.server.log.queue.byte-limit = 2147483647 (custom)
2019-09-24 22:41:04,544 [pool-47-thread-1] INFO  server.RaftServerConfigKeys (ConfUtils.java:logGet(43)) - raft.server.log.statemachine.data.caching.enabled = true (custom)
2019-09-24 22:41:04,543 [pool-57-thread-1] INFO  server.RaftServerConfigKeys (ConfUtils.java:logGet(43)) - raft.server.log.queue.element-limit = 1024 (custom)
2019-09-24 22:41:04,544 [pool-77-thread-1] INFO  server.RaftServerConfigKeys (ConfUtils.java:logGet(43)) - raft.server.log.queue.element-limit = 1024 (custom)
2019-09-24 22:41:04,544 [pool-47-thread-1] INFO  segmented.SegmentedRaftLogWorker (SegmentedRaftLogWorker.java:lambda$new$0(132)) - fa75059b-409c-42ba-aabb-33da8f2e557d@group-E79BDEEF64FC-SegmentedRaftLogWorker: flushIndex: setUnconditionally 0 -> -1
2019-09-24 22:41:04,544 [pool-57-thread-1] INFO  server.RaftServerConfigKeys (ConfUtils.java:logGet(43)) - raft.server.log.segment.size.max = 1048576 (custom)
2019-09-24 22:41:04,544 [pool-77-thread-1] INFO  server.RaftServerConfigKeys (ConfUtils.java:logGet(43)) - raft.server.log.segment.size.max = 1048576 (custom)
2019-09-24 22:41:04,544 [pool-47-thread-1] INFO  server.RaftServerConfigKeys (ConfUtils.java:logGet(43)) - raft.server.snapshot.auto.trigger.enabled = true (custom)
2019-09-24 22:41:04,544 [pool-57-thread-1] INFO  server.RaftServerConfigKeys (ConfUtils.java:logGet(43)) - raft.server.log.preallocated.size = 16384 (custom)
2019-09-24 22:41:04,545 [pool-47-thread-1] INFO  server.RaftServerConfigKeys (ConfUtils.java:logGet(43)) - raft.server.snapshot.auto.trigger.threshold = 10000 (custom)
2019-09-24 22:41:04,545 [pool-77-thread-1] INFO  server.RaftServerConfigKeys (ConfUtils.java:logGet(43)) - raft.server.log.preallocated.size = 16384 (custom)
2019-09-24 22:41:04,545 [pool-47-thread-1] INFO  server.RaftServerConfigKeys (ConfUtils.java:logGet(43)) - raft.server.snapshot.retention.num.files = 5 (custom)
2019-09-24 22:41:04,545 [pool-57-thread-1] INFO  server.RaftServerConfigKeys (ConfUtils.java:logGet(43)) - raft.server.log.write.buffer.size = 33554432 (custom)
2019-09-24 22:41:04,545 [pool-77-thread-1] INFO  server.RaftServerConfigKeys (ConfUtils.java:logGet(43)) - raft.server.log.write.buffer.size = 33554432 (custom)
2019-09-24 22:41:04,546 [pool-47-thread-1] INFO  server.RaftServerConfigKeys (ConfUtils.java:logGet(43)) - raft.server.retrycache.expirytime = 600000ms (custom)
2019-09-24 22:41:04,546 [pool-57-thread-1] INFO  server.RaftServerConfigKeys (ConfUtils.java:logGet(43)) - raft.server.log.force.sync.num = 128 (default)
2019-09-24 22:41:04,546 [pool-77-thread-1] INFO  server.RaftServerConfigKeys (ConfUtils.java:logGet(43)) - raft.server.log.force.sync.num = 128 (default)
2019-09-24 22:41:04,546 [pool-57-thread-1] INFO  server.RaftServerConfigKeys (ConfUtils.java:logGet(43)) - raft.server.log.statemachine.data.sync = true (default)
2019-09-24 22:41:04,546 [pool-77-thread-1] INFO  server.RaftServerConfigKeys (ConfUtils.java:logGet(43)) - raft.server.log.statemachine.data.sync = true (default)
2019-09-24 22:41:04,546 [pool-57-thread-1] INFO  server.RaftServerConfigKeys (ConfUtils.java:logGet(43)) - raft.server.log.statemachine.data.sync.timeout = 10s (default)
2019-09-24 22:41:04,546 [pool-77-thread-1] INFO  server.RaftServerConfigKeys (ConfUtils.java:logGet(43)) - raft.server.log.statemachine.data.sync.timeout = 10s (default)
2019-09-24 22:41:04,547 [pool-57-thread-1] INFO  server.RaftServerConfigKeys (ConfUtils.java:logGet(43)) - raft.server.log.statemachine.data.sync.timeout.retry = -1 (default)
2019-09-24 22:41:04,547 [pool-77-thread-1] INFO  server.RaftServerConfigKeys (ConfUtils.java:logGet(43)) - raft.server.log.statemachine.data.sync.timeout.retry = -1 (default)
2019-09-24 22:41:04,547 [pool-57-thread-1] INFO  server.RaftServerConfigKeys (ConfUtils.java:logGet(43)) - raft.server.log.statemachine.data.caching.enabled = true (custom)
2019-09-24 22:41:04,547 [pool-77-thread-1] INFO  server.RaftServerConfigKeys (ConfUtils.java:logGet(43)) - raft.server.log.statemachine.data.caching.enabled = true (custom)
2019-09-24 22:41:04,547 [pool-57-thread-1] INFO  segmented.SegmentedRaftLogWorker (SegmentedRaftLogWorker.java:lambda$new$0(132)) - 3716a3a4-b37c-4a3e-91b5-9d776be92922@group-E79BDEEF64FC-SegmentedRaftLogWorker: flushIndex: setUnconditionally 0 -> -1
2019-09-24 22:41:04,547 [pool-77-thread-1] INFO  segmented.SegmentedRaftLogWorker (SegmentedRaftLogWorker.java:lambda$new$0(132)) - 991de87b-0f41-4d84-9a26-7b325c2c170c@group-E79BDEEF64FC-SegmentedRaftLogWorker: flushIndex: setUnconditionally 0 -> -1
2019-09-24 22:41:04,548 [pool-57-thread-1] INFO  server.RaftServerConfigKeys (ConfUtils.java:logGet(43)) - raft.server.snapshot.auto.trigger.enabled = true (custom)
2019-09-24 22:41:04,548 [pool-57-thread-1] INFO  server.RaftServerConfigKeys (ConfUtils.java:logGet(43)) - raft.server.snapshot.auto.trigger.threshold = 10000 (custom)
2019-09-24 22:41:04,548 [pool-77-thread-1] INFO  server.RaftServerConfigKeys (ConfUtils.java:logGet(43)) - raft.server.snapshot.auto.trigger.enabled = true (custom)
2019-09-24 22:41:04,548 [pool-57-thread-1] INFO  server.RaftServerConfigKeys (ConfUtils.java:logGet(43)) - raft.server.snapshot.retention.num.files = 5 (custom)
2019-09-24 22:41:04,548 [pool-77-thread-1] INFO  server.RaftServerConfigKeys (ConfUtils.java:logGet(43)) - raft.server.snapshot.auto.trigger.threshold = 10000 (custom)
2019-09-24 22:41:04,548 [pool-57-thread-1] INFO  server.RaftServerConfigKeys (ConfUtils.java:logGet(43)) - raft.server.retrycache.expirytime = 600000ms (custom)
2019-09-24 22:41:04,548 [pool-77-thread-1] INFO  server.RaftServerConfigKeys (ConfUtils.java:logGet(43)) - raft.server.snapshot.retention.num.files = 5 (custom)
2019-09-24 22:41:04,549 [pool-77-thread-1] INFO  server.RaftServerConfigKeys (ConfUtils.java:logGet(43)) - raft.server.retrycache.expirytime = 600000ms (custom)
2019-09-24 22:41:04,549 [pool-47-thread-1] INFO  impl.RaftServerImpl (RaftServerImpl.java:start(185)) - fa75059b-409c-42ba-aabb-33da8f2e557d@group-E79BDEEF64FC: start as a follower, conf=-1: [3716a3a4-b37c-4a3e-91b5-9d776be92922:192.168.151.66:42029, 991de87b-0f41-4d84-9a26-7b325c2c170c:192.168.151.66:37010, fa75059b-409c-42ba-aabb-33da8f2e557d:192.168.151.66:35520], old=null
2019-09-24 22:41:04,549 [pool-47-thread-1] INFO  impl.RaftServerImpl (RaftServerImpl.java:setRole(174)) - fa75059b-409c-42ba-aabb-33da8f2e557d@group-E79BDEEF64FC: changes role from      null to FOLLOWER at term 0 for startAsFollower
2019-09-24 22:41:04,549 [pool-47-thread-1] INFO  impl.RoleInfo (RoleInfo.java:updateAndGet(143)) - fa75059b-409c-42ba-aabb-33da8f2e557d: start FollowerState
2019-09-24 22:41:04,550 [pool-47-thread-1] INFO  util.JmxRegister (JmxRegister.java:tryRegister(44)) - Successfully registered JMX Bean with object name Ratis:service=RaftServer,group=group-E79BDEEF64FC,id=fa75059b-409c-42ba-aabb-33da8f2e557d
2019-09-24 22:41:04,551 [pool-57-thread-1] INFO  impl.RaftServerImpl (RaftServerImpl.java:start(185)) - 3716a3a4-b37c-4a3e-91b5-9d776be92922@group-E79BDEEF64FC: start as a follower, conf=-1: [3716a3a4-b37c-4a3e-91b5-9d776be92922:192.168.151.66:42029, 991de87b-0f41-4d84-9a26-7b325c2c170c:192.168.151.66:37010, fa75059b-409c-42ba-aabb-33da8f2e557d:192.168.151.66:35520], old=null
2019-09-24 22:41:04,552 [pool-57-thread-1] INFO  impl.RaftServerImpl (RaftServerImpl.java:setRole(174)) - 3716a3a4-b37c-4a3e-91b5-9d776be92922@group-E79BDEEF64FC: changes role from      null to FOLLOWER at term 0 for startAsFollower
2019-09-24 22:41:04,552 [pool-77-thread-1] INFO  impl.RaftServerImpl (RaftServerImpl.java:start(185)) - 991de87b-0f41-4d84-9a26-7b325c2c170c@group-E79BDEEF64FC: start as a follower, conf=-1: [3716a3a4-b37c-4a3e-91b5-9d776be92922:192.168.151.66:42029, 991de87b-0f41-4d84-9a26-7b325c2c170c:192.168.151.66:37010, fa75059b-409c-42ba-aabb-33da8f2e557d:192.168.151.66:35520], old=null
2019-09-24 22:41:04,552 [pool-57-thread-1] INFO  impl.RoleInfo (RoleInfo.java:updateAndGet(143)) - 3716a3a4-b37c-4a3e-91b5-9d776be92922: start FollowerState
2019-09-24 22:41:04,552 [pool-77-thread-1] INFO  impl.RaftServerImpl (RaftServerImpl.java:setRole(174)) - 991de87b-0f41-4d84-9a26-7b325c2c170c@group-E79BDEEF64FC: changes role from      null to FOLLOWER at term 0 for startAsFollower
2019-09-24 22:41:04,554 [pool-77-thread-1] INFO  impl.RoleInfo (RoleInfo.java:updateAndGet(143)) - 991de87b-0f41-4d84-9a26-7b325c2c170c: start FollowerState
2019-09-24 22:41:04,555 [pool-57-thread-1] INFO  util.JmxRegister (JmxRegister.java:tryRegister(44)) - Successfully registered JMX Bean with object name Ratis:service=RaftServer,group=group-E79BDEEF64FC,id=3716a3a4-b37c-4a3e-91b5-9d776be92922
2019-09-24 22:41:04,555 [pool-77-thread-1] INFO  util.JmxRegister (JmxRegister.java:tryRegister(44)) - Successfully registered JMX Bean with object name Ratis:service=RaftServer,group=group-E79BDEEF64FC,id=991de87b-0f41-4d84-9a26-7b325c2c170c
2019-09-24 22:41:04,564 [RatisPipelineUtilsThread] INFO  pipeline.PipelineStateManager (PipelineStateManager.java:addPipeline(56)) - Created pipeline Pipeline[ Id: 35bc465f-1423-4c16-be94-e79bdeef64fc, Nodes: 991de87b-0f41-4d84-9a26-7b325c2c170c{ip: 192.168.151.66, host: pr-hdds-2162-v2v4x-1150571016, networkLocation: /default-rack, certSerialId: null}3716a3a4-b37c-4a3e-91b5-9d776be92922{ip: 192.168.151.66, host: pr-hdds-2162-v2v4x-1150571016, networkLocation: /default-rack, certSerialId: null}fa75059b-409c-42ba-aabb-33da8f2e557d{ip: 192.168.151.66, host: pr-hdds-2162-v2v4x-1150571016, networkLocation: /default-rack, certSerialId: null}, Type:RATIS, Factor:THREE, State:OPEN]
2019-09-24 22:41:05,295 [Thread-282] INFO  container.ReplicationManager (ReplicationManager.java:start(162)) - Starting Replication Monitor Thread.
2019-09-24 22:41:05,300 [ReplicationMonitor] INFO  container.ReplicationManager (ReplicationManager.java:run(225)) - Replication Monitor Thread took 1 milliseconds for processing 0 containers.
2019-09-24 22:41:05,312 [main] INFO  ipc.Client (Client.java:handleConnectionFailure(948)) - Retrying connect to server: localhost/127.0.0.1:0. Already tried 1 time(s); retry policy is RetryUpToMaximumCountWithFixedSleep(maxRetries=10, sleepTime=1000 MILLISECONDS)
2019-09-24 22:41:06,313 [main] INFO  ipc.Client (Client.java:handleConnectionFailure(948)) - Retrying connect to server: localhost/127.0.0.1:0. Already tried 2 time(s); retry policy is RetryUpToMaximumCountWithFixedSleep(maxRetries=10, sleepTime=1000 MILLISECONDS)
2019-09-24 22:41:07,315 [main] INFO  ipc.Client (Client.java:handleConnectionFailure(948)) - Retrying connect to server: localhost/127.0.0.1:0. Already tried 3 time(s); retry policy is RetryUpToMaximumCountWithFixedSleep(maxRetries=10, sleepTime=1000 MILLISECONDS)
2019-09-24 22:41:08,316 [main] INFO  ipc.Client (Client.java:handleConnectionFailure(948)) - Retrying connect to server: localhost/127.0.0.1:0. Already tried 4 time(s); retry policy is RetryUpToMaximumCountWithFixedSleep(maxRetries=10, sleepTime=1000 MILLISECONDS)
2019-09-24 22:41:08,337 [Thread-284] INFO  impl.FollowerState (FollowerState.java:run(106)) - 7f5dd112-3930-4cdb-a0ff-40ada89e25be:group-E043103B8611 changes to CANDIDATE, lastRpcTime:5130, electionTimeout:5129ms
2019-09-24 22:41:08,339 [Thread-284] INFO  impl.RoleInfo (RoleInfo.java:shutdownFollowerState(121)) - 7f5dd112-3930-4cdb-a0ff-40ada89e25be: shutdown FollowerState
2019-09-24 22:41:08,340 [Thread-284] INFO  impl.RaftServerImpl (RaftServerImpl.java:setRole(174)) - 7f5dd112-3930-4cdb-a0ff-40ada89e25be@group-E043103B8611: changes role from  FOLLOWER to CANDIDATE at term 0 for changeToCandidate
2019-09-24 22:41:08,352 [Thread-284] INFO  impl.RoleInfo (RoleInfo.java:updateAndGet(143)) - 7f5dd112-3930-4cdb-a0ff-40ada89e25be: start LeaderElection
2019-09-24 22:41:08,387 [7f5dd112-3930-4cdb-a0ff-40ada89e25be@group-E043103B8611:LeaderElection1] INFO  impl.LeaderElection (LeaderElection.java:askForVotes(182)) - 7f5dd112-3930-4cdb-a0ff-40ada89e25be@group-E043103B8611:LeaderElection1: begin an election at term 1 for -1: [7f5dd112-3930-4cdb-a0ff-40ada89e25be:192.168.151.66:46159], old=null
2019-09-24 22:41:08,389 [7f5dd112-3930-4cdb-a0ff-40ada89e25be@group-E043103B8611:LeaderElection1] INFO  impl.RoleInfo (RoleInfo.java:shutdownLeaderElection(134)) - 7f5dd112-3930-4cdb-a0ff-40ada89e25be: shutdown LeaderElection
2019-09-24 22:41:08,390 [7f5dd112-3930-4cdb-a0ff-40ada89e25be@group-E043103B8611:LeaderElection1] INFO  impl.RaftServerImpl (RaftServerImpl.java:setRole(174)) - 7f5dd112-3930-4cdb-a0ff-40ada89e25be@group-E043103B8611: changes role from CANDIDATE to LEADER at term 1 for changeToLeader
2019-09-24 22:41:08,390 [7f5dd112-3930-4cdb-a0ff-40ada89e25be@group-E043103B8611:LeaderElection1] INFO  impl.RaftServerImpl (ServerState.java:setLeader(253)) - 7f5dd112-3930-4cdb-a0ff-40ada89e25be@group-E043103B8611: change Leader from null to 7f5dd112-3930-4cdb-a0ff-40ada89e25be at term 1 for becomeLeader, leader elected after 5409ms
2019-09-24 22:41:08,398 [7f5dd112-3930-4cdb-a0ff-40ada89e25be@group-E043103B8611:LeaderElection1] INFO  server.RaftServerConfigKeys (ConfUtils.java:logGet(43)) - raft.server.staging.catchup.gap = 1000 (default)
2019-09-24 22:41:08,398 [7f5dd112-3930-4cdb-a0ff-40ada89e25be@group-E043103B8611:LeaderElection1] INFO  server.RaftServerConfigKeys (ConfUtils.java:logGet(43)) - raft.server.rpc.sleep.time = 25ms (default)
2019-09-24 22:41:08,402 [7f5dd112-3930-4cdb-a0ff-40ada89e25be@group-E043103B8611:LeaderElection1] INFO  server.RaftServerConfigKeys (ConfUtils.java:logGet(43)) - raft.server.write.element-limit = 4096 (default)
2019-09-24 22:41:08,405 [7f5dd112-3930-4cdb-a0ff-40ada89e25be@group-E043103B8611:LeaderElection1] INFO  server.RaftServerConfigKeys (ConfUtils.java:logGet(43)) - raft.server.watch.timeout = 10s (default)
2019-09-24 22:41:08,405 [7f5dd112-3930-4cdb-a0ff-40ada89e25be@group-E043103B8611:LeaderElection1] INFO  server.RaftServerConfigKeys (ConfUtils.java:logGet(43)) - raft.server.watch.timeout.denomination = 1s (default)
2019-09-24 22:41:08,407 [7f5dd112-3930-4cdb-a0ff-40ada89e25be@group-E043103B8611:LeaderElection1] INFO  server.RaftServerConfigKeys (ConfUtils.java:logGet(43)) - raft.server.watch.element-limit = 65536 (default)
2019-09-24 22:41:08,423 [7f5dd112-3930-4cdb-a0ff-40ada89e25be@group-E043103B8611:LeaderElection1] INFO  impl.RoleInfo (RoleInfo.java:updateAndGet(143)) - 7f5dd112-3930-4cdb-a0ff-40ada89e25be: start LeaderState
2019-09-24 22:41:08,452 [7f5dd112-3930-4cdb-a0ff-40ada89e25be@group-E043103B8611:LeaderElection1] INFO  segmented.SegmentedRaftLogWorker (SegmentedRaftLogWorker.java:startLogSegment(380)) - 7f5dd112-3930-4cdb-a0ff-40ada89e25be@group-E043103B8611-SegmentedRaftLogWorker: Starting segment from index:0
2019-09-24 22:41:08,463 [7f5dd112-3930-4cdb-a0ff-40ada89e25be@group-E043103B8611:LeaderElection1] INFO  impl.RaftServerImpl (ServerState.java:setRaftConf(354)) - 7f5dd112-3930-4cdb-a0ff-40ada89e25be@group-E043103B8611: set configuration 0: [7f5dd112-3930-4cdb-a0ff-40ada89e25be:192.168.151.66:46159], old=null at 0
2019-09-24 22:41:08,466 [Thread-288] INFO  impl.FollowerState (FollowerState.java:run(106)) - ef51bf3c-7b8f-4ad7-803c-941f117d7a0b:group-F2A0427B3123 changes to CANDIDATE, lastRpcTime:5017, electionTimeout:5007ms
2019-09-24 22:41:08,469 [Thread-288] INFO  impl.RoleInfo (RoleInfo.java:shutdownFollowerState(121)) - ef51bf3c-7b8f-4ad7-803c-941f117d7a0b: shutdown FollowerState
2019-09-24 22:41:08,469 [Thread-288] INFO  impl.RaftServerImpl (RaftServerImpl.java:setRole(174)) - ef51bf3c-7b8f-4ad7-803c-941f117d7a0b@group-F2A0427B3123: changes role from  FOLLOWER to CANDIDATE at term 0 for changeToCandidate
2019-09-24 22:41:08,469 [Thread-288] INFO  impl.RoleInfo (RoleInfo.java:updateAndGet(143)) - ef51bf3c-7b8f-4ad7-803c-941f117d7a0b: start LeaderElection
2019-09-24 22:41:08,491 [ef51bf3c-7b8f-4ad7-803c-941f117d7a0b@group-F2A0427B3123:LeaderElection2] INFO  impl.LeaderElection (LeaderElection.java:askForVotes(182)) - ef51bf3c-7b8f-4ad7-803c-941f117d7a0b@group-F2A0427B3123:LeaderElection2: begin an election at term 1 for -1: [ef51bf3c-7b8f-4ad7-803c-941f117d7a0b:192.168.151.66:45660], old=null
2019-09-24 22:41:08,491 [ef51bf3c-7b8f-4ad7-803c-941f117d7a0b@group-F2A0427B3123:LeaderElection2] INFO  impl.RoleInfo (RoleInfo.java:shutdownLeaderElection(134)) - ef51bf3c-7b8f-4ad7-803c-941f117d7a0b: shutdown LeaderElection
2019-09-24 22:41:08,491 [ef51bf3c-7b8f-4ad7-803c-941f117d7a0b@group-F2A0427B3123:LeaderElection2] INFO  impl.RaftServerImpl (RaftServerImpl.java:setRole(174)) - ef51bf3c-7b8f-4ad7-803c-941f117d7a0b@group-F2A0427B3123: changes role from CANDIDATE to LEADER at term 1 for changeToLeader
2019-09-24 22:41:08,491 [ef51bf3c-7b8f-4ad7-803c-941f117d7a0b@group-F2A0427B3123:LeaderElection2] INFO  impl.RaftServerImpl (ServerState.java:setLeader(253)) - ef51bf3c-7b8f-4ad7-803c-941f117d7a0b@group-F2A0427B3123: change Leader from null to ef51bf3c-7b8f-4ad7-803c-941f117d7a0b at term 1 for becomeLeader, leader elected after 5062ms
2019-09-24 22:41:08,491 [ef51bf3c-7b8f-4ad7-803c-941f117d7a0b@group-F2A0427B3123:LeaderElection2] INFO  server.RaftServerConfigKeys (ConfUtils.java:logGet(43)) - raft.server.staging.catchup.gap = 1000 (default)
2019-09-24 22:41:08,491 [ef51bf3c-7b8f-4ad7-803c-941f117d7a0b@group-F2A0427B3123:LeaderElection2] INFO  server.RaftServerConfigKeys (ConfUtils.java:logGet(43)) - raft.server.rpc.sleep.time = 25ms (default)
2019-09-24 22:41:08,492 [ef51bf3c-7b8f-4ad7-803c-941f117d7a0b@group-F2A0427B3123:LeaderElection2] INFO  server.RaftServerConfigKeys (ConfUtils.java:logGet(43)) - raft.server.write.element-limit = 4096 (default)
2019-09-24 22:41:08,492 [ef51bf3c-7b8f-4ad7-803c-941f117d7a0b@group-F2A0427B3123:LeaderElection2] INFO  server.RaftServerConfigKeys (ConfUtils.java:logGet(43)) - raft.server.watch.timeout = 10s (default)
2019-09-24 22:41:08,492 [ef51bf3c-7b8f-4ad7-803c-941f117d7a0b@group-F2A0427B3123:LeaderElection2] INFO  server.RaftServerConfigKeys (ConfUtils.java:logGet(43)) - raft.server.watch.timeout.denomination = 1s (default)
2019-09-24 22:41:08,492 [ef51bf3c-7b8f-4ad7-803c-941f117d7a0b@group-F2A0427B3123:LeaderElection2] INFO  server.RaftServerConfigKeys (ConfUtils.java:logGet(43)) - raft.server.watch.element-limit = 65536 (default)
2019-09-24 22:41:08,495 [ef51bf3c-7b8f-4ad7-803c-941f117d7a0b@group-F2A0427B3123:LeaderElection2] INFO  impl.RoleInfo (RoleInfo.java:updateAndGet(143)) - ef51bf3c-7b8f-4ad7-803c-941f117d7a0b: start LeaderState
2019-09-24 22:41:08,495 [ef51bf3c-7b8f-4ad7-803c-941f117d7a0b@group-F2A0427B3123:LeaderElection2] INFO  segmented.SegmentedRaftLogWorker (SegmentedRaftLogWorker.java:startLogSegment(380)) - ef51bf3c-7b8f-4ad7-803c-941f117d7a0b@group-F2A0427B3123-SegmentedRaftLogWorker: Starting segment from index:0
2019-09-24 22:41:08,496 [ef51bf3c-7b8f-4ad7-803c-941f117d7a0b@group-F2A0427B3123:LeaderElection2] INFO  impl.RaftServerImpl (ServerState.java:setRaftConf(354)) - ef51bf3c-7b8f-4ad7-803c-941f117d7a0b@group-F2A0427B3123: set configuration 0: [ef51bf3c-7b8f-4ad7-803c-941f117d7a0b:192.168.151.66:45660], old=null at 0
2019-09-24 22:41:08,651 [7f5dd112-3930-4cdb-a0ff-40ada89e25be@group-E043103B8611-SegmentedRaftLogWorker] INFO  segmented.SegmentedRaftLogWorker (SegmentedRaftLogWorker.java:execute(569)) - 7f5dd112-3930-4cdb-a0ff-40ada89e25be@group-E043103B8611-SegmentedRaftLogWorker: created new log segment /workdir/hadoop-ozone/integration-test/target/test-dir/MiniOzoneClusterImpl-9f0f2ccb-738a-4344-bc48-f2576ae9334a/datanode-0/data/ratis/0d88219a-44d6-418b-b87d-e043103b8611/current/log_inprogress_0
2019-09-24 22:41:08,651 [ef51bf3c-7b8f-4ad7-803c-941f117d7a0b@group-F2A0427B3123-SegmentedRaftLogWorker] INFO  segmented.SegmentedRaftLogWorker (SegmentedRaftLogWorker.java:execute(569)) - ef51bf3c-7b8f-4ad7-803c-941f117d7a0b@group-F2A0427B3123-SegmentedRaftLogWorker: created new log segment /workdir/hadoop-ozone/integration-test/target/test-dir/MiniOzoneClusterImpl-9f0f2ccb-738a-4344-bc48-f2576ae9334a/datanode-7/data/ratis/7636fc2c-bae2-4f9d-b6cb-f2a0427b3123/current/log_inprogress_0
2019-09-24 22:41:08,821 [Thread-291] INFO  impl.FollowerState (FollowerState.java:run(106)) - ed156df5-2bd4-47ff-b40d-dee021ecbbab:group-FA4A02AB1C4F changes to CANDIDATE, lastRpcTime:5187, electionTimeout:5185ms
2019-09-24 22:41:08,821 [Thread-291] INFO  impl.RoleInfo (RoleInfo.java:shutdownFollowerState(121)) - ed156df5-2bd4-47ff-b40d-dee021ecbbab: shutdown FollowerState
2019-09-24 22:41:08,821 [Thread-291] INFO  impl.RaftServerImpl (RaftServerImpl.java:setRole(174)) - ed156df5-2bd4-47ff-b40d-dee021ecbbab@group-FA4A02AB1C4F: changes role from  FOLLOWER to CANDIDATE at term 0 for changeToCandidate
2019-09-24 22:41:08,822 [Thread-291] INFO  impl.RoleInfo (RoleInfo.java:updateAndGet(143)) - ed156df5-2bd4-47ff-b40d-dee021ecbbab: start LeaderElection
2019-09-24 22:41:08,832 [Thread-297] INFO  impl.FollowerState (FollowerState.java:run(106)) - 053bbe9f-e617-47d8-81f1-5a2d0a241cc5:group-EE6BE6D99450 changes to CANDIDATE, lastRpcTime:5041, electionTimeout:5041ms
2019-09-24 22:41:08,832 [Thread-297] INFO  impl.RoleInfo (RoleInfo.java:shutdownFollowerState(121)) - 053bbe9f-e617-47d8-81f1-5a2d0a241cc5: shutdown FollowerState
2019-09-24 22:41:08,832 [Thread-297] INFO  impl.RaftServerImpl (RaftServerImpl.java:setRole(174)) - 053bbe9f-e617-47d8-81f1-5a2d0a241cc5@group-EE6BE6D99450: changes role from  FOLLOWER to CANDIDATE at term 0 for changeToCandidate
2019-09-24 22:41:08,832 [Thread-297] INFO  impl.RoleInfo (RoleInfo.java:updateAndGet(143)) - 053bbe9f-e617-47d8-81f1-5a2d0a241cc5: start LeaderElection
2019-09-24 22:41:08,843 [053bbe9f-e617-47d8-81f1-5a2d0a241cc5@group-EE6BE6D99450:LeaderElection4] INFO  impl.LeaderElection (LeaderElection.java:askForVotes(182)) - 053bbe9f-e617-47d8-81f1-5a2d0a241cc5@group-EE6BE6D99450:LeaderElection4: begin an election at term 1 for -1: [053bbe9f-e617-47d8-81f1-5a2d0a241cc5:192.168.151.66:33565], old=null
2019-09-24 22:41:08,843 [ed156df5-2bd4-47ff-b40d-dee021ecbbab@group-FA4A02AB1C4F:LeaderElection3] INFO  impl.LeaderElection (LeaderElection.java:askForVotes(182)) - ed156df5-2bd4-47ff-b40d-dee021ecbbab@group-FA4A02AB1C4F:LeaderElection3: begin an election at term 1 for -1: [ed156df5-2bd4-47ff-b40d-dee021ecbbab:192.168.151.66:42232], old=null
2019-09-24 22:41:08,846 [053bbe9f-e617-47d8-81f1-5a2d0a241cc5@group-EE6BE6D99450:LeaderElection4] INFO  impl.RoleInfo (RoleInfo.java:shutdownLeaderElection(134)) - 053bbe9f-e617-47d8-81f1-5a2d0a241cc5: shutdown LeaderElection
2019-09-24 22:41:08,846 [ed156df5-2bd4-47ff-b40d-dee021ecbbab@group-FA4A02AB1C4F:LeaderElection3] INFO  impl.RoleInfo (RoleInfo.java:shutdownLeaderElection(134)) - ed156df5-2bd4-47ff-b40d-dee021ecbbab: shutdown LeaderElection
2019-09-24 22:41:08,846 [053bbe9f-e617-47d8-81f1-5a2d0a241cc5@group-EE6BE6D99450:LeaderElection4] INFO  impl.RaftServerImpl (RaftServerImpl.java:setRole(174)) - 053bbe9f-e617-47d8-81f1-5a2d0a241cc5@group-EE6BE6D99450: changes role from CANDIDATE to LEADER at term 1 for changeToLeader
2019-09-24 22:41:08,846 [ed156df5-2bd4-47ff-b40d-dee021ecbbab@group-FA4A02AB1C4F:LeaderElection3] INFO  impl.RaftServerImpl (RaftServerImpl.java:setRole(174)) - ed156df5-2bd4-47ff-b40d-dee021ecbbab@group-FA4A02AB1C4F: changes role from CANDIDATE to LEADER at term 1 for changeToLeader
2019-09-24 22:41:08,847 [053bbe9f-e617-47d8-81f1-5a2d0a241cc5@group-EE6BE6D99450:LeaderElection4] INFO  impl.RaftServerImpl (ServerState.java:setLeader(253)) - 053bbe9f-e617-47d8-81f1-5a2d0a241cc5@group-EE6BE6D99450: change Leader from null to 053bbe9f-e617-47d8-81f1-5a2d0a241cc5 at term 1 for becomeLeader, leader elected after 5066ms
2019-09-24 22:41:08,847 [ed156df5-2bd4-47ff-b40d-dee021ecbbab@group-FA4A02AB1C4F:LeaderElection3] INFO  impl.RaftServerImpl (ServerState.java:setLeader(253)) - ed156df5-2bd4-47ff-b40d-dee021ecbbab@group-FA4A02AB1C4F: change Leader from null to ed156df5-2bd4-47ff-b40d-dee021ecbbab at term 1 for becomeLeader, leader elected after 5264ms
2019-09-24 22:41:08,847 [053bbe9f-e617-47d8-81f1-5a2d0a241cc5@group-EE6BE6D99450:LeaderElection4] INFO  server.RaftServerConfigKeys (ConfUtils.java:logGet(43)) - raft.server.staging.catchup.gap = 1000 (default)
2019-09-24 22:41:08,847 [ed156df5-2bd4-47ff-b40d-dee021ecbbab@group-FA4A02AB1C4F:LeaderElection3] INFO  server.RaftServerConfigKeys (ConfUtils.java:logGet(43)) - raft.server.staging.catchup.gap = 1000 (default)
2019-09-24 22:41:08,847 [053bbe9f-e617-47d8-81f1-5a2d0a241cc5@group-EE6BE6D99450:LeaderElection4] INFO  server.RaftServerConfigKeys (ConfUtils.java:logGet(43)) - raft.server.rpc.sleep.time = 25ms (default)
2019-09-24 22:41:08,847 [ed156df5-2bd4-47ff-b40d-dee021ecbbab@group-FA4A02AB1C4F:LeaderElection3] INFO  server.RaftServerConfigKeys (ConfUtils.java:logGet(43)) - raft.server.rpc.sleep.time = 25ms (default)
2019-09-24 22:41:08,847 [053bbe9f-e617-47d8-81f1-5a2d0a241cc5@group-EE6BE6D99450:LeaderElection4] INFO  server.RaftServerConfigKeys (ConfUtils.java:logGet(43)) - raft.server.write.element-limit = 4096 (default)
2019-09-24 22:41:08,848 [ed156df5-2bd4-47ff-b40d-dee021ecbbab@group-FA4A02AB1C4F:LeaderElection3] INFO  server.RaftServerConfigKeys (ConfUtils.java:logGet(43)) - raft.server.write.element-limit = 4096 (default)
2019-09-24 22:41:08,848 [053bbe9f-e617-47d8-81f1-5a2d0a241cc5@group-EE6BE6D99450:LeaderElection4] INFO  server.RaftServerConfigKeys (ConfUtils.java:logGet(43)) - raft.server.watch.timeout = 10s (default)
2019-09-24 22:41:08,848 [ed156df5-2bd4-47ff-b40d-dee021ecbbab@group-FA4A02AB1C4F:LeaderElection3] INFO  server.RaftServerConfigKeys (ConfUtils.java:logGet(43)) - raft.server.watch.timeout = 10s (default)
2019-09-24 22:41:08,848 [053bbe9f-e617-47d8-81f1-5a2d0a241cc5@group-EE6BE6D99450:LeaderElection4] INFO  server.RaftServerConfigKeys (ConfUtils.java:logGet(43)) - raft.server.watch.timeout.denomination = 1s (default)
2019-09-24 22:41:08,848 [ed156df5-2bd4-47ff-b40d-dee021ecbbab@group-FA4A02AB1C4F:LeaderElection3] INFO  server.RaftServerConfigKeys (ConfUtils.java:logGet(43)) - raft.server.watch.timeout.denomination = 1s (default)
2019-09-24 22:41:08,848 [053bbe9f-e617-47d8-81f1-5a2d0a241cc5@group-EE6BE6D99450:LeaderElection4] INFO  server.RaftServerConfigKeys (ConfUtils.java:logGet(43)) - raft.server.watch.element-limit = 65536 (default)
2019-09-24 22:41:08,848 [ed156df5-2bd4-47ff-b40d-dee021ecbbab@group-FA4A02AB1C4F:LeaderElection3] INFO  server.RaftServerConfigKeys (ConfUtils.java:logGet(43)) - raft.server.watch.element-limit = 65536 (default)
2019-09-24 22:41:08,852 [053bbe9f-e617-47d8-81f1-5a2d0a241cc5@group-EE6BE6D99450:LeaderElection4] INFO  impl.RoleInfo (RoleInfo.java:updateAndGet(143)) - 053bbe9f-e617-47d8-81f1-5a2d0a241cc5: start LeaderState
2019-09-24 22:41:08,852 [ed156df5-2bd4-47ff-b40d-dee021ecbbab@group-FA4A02AB1C4F:LeaderElection3] INFO  impl.RoleInfo (RoleInfo.java:updateAndGet(143)) - ed156df5-2bd4-47ff-b40d-dee021ecbbab: start LeaderState
2019-09-24 22:41:08,853 [053bbe9f-e617-47d8-81f1-5a2d0a241cc5@group-EE6BE6D99450:LeaderElection4] INFO  segmented.SegmentedRaftLogWorker (SegmentedRaftLogWorker.java:startLogSegment(380)) - 053bbe9f-e617-47d8-81f1-5a2d0a241cc5@group-EE6BE6D99450-SegmentedRaftLogWorker: Starting segment from index:0
2019-09-24 22:41:08,853 [ed156df5-2bd4-47ff-b40d-dee021ecbbab@group-FA4A02AB1C4F:LeaderElection3] INFO  segmented.SegmentedRaftLogWorker (SegmentedRaftLogWorker.java:startLogSegment(380)) - ed156df5-2bd4-47ff-b40d-dee021ecbbab@group-FA4A02AB1C4F-SegmentedRaftLogWorker: Starting segment from index:0
2019-09-24 22:41:08,853 [053bbe9f-e617-47d8-81f1-5a2d0a241cc5@group-EE6BE6D99450:LeaderElection4] INFO  impl.RaftServerImpl (ServerState.java:setRaftConf(354)) - 053bbe9f-e617-47d8-81f1-5a2d0a241cc5@group-EE6BE6D99450: set configuration 0: [053bbe9f-e617-47d8-81f1-5a2d0a241cc5:192.168.151.66:33565], old=null at 0
2019-09-24 22:41:08,853 [ed156df5-2bd4-47ff-b40d-dee021ecbbab@group-FA4A02AB1C4F:LeaderElection3] INFO  impl.RaftServerImpl (ServerState.java:setRaftConf(354)) - ed156df5-2bd4-47ff-b40d-dee021ecbbab@group-FA4A02AB1C4F: set configuration 0: [ed156df5-2bd4-47ff-b40d-dee021ecbbab:192.168.151.66:42232], old=null at 0
2019-09-24 22:41:08,875 [Thread-294] INFO  impl.FollowerState (FollowerState.java:run(106)) - faf732d4-9705-4e91-a5ff-9b5c287516c2:group-E43D5F8C5A46 changes to CANDIDATE, lastRpcTime:5160, electionTimeout:5157ms
2019-09-24 22:41:08,878 [Thread-294] INFO  impl.RoleInfo (RoleInfo.java:shutdownFollowerState(121)) - faf732d4-9705-4e91-a5ff-9b5c287516c2: shutdown FollowerState
2019-09-24 22:41:08,878 [Thread-294] INFO  impl.RaftServerImpl (RaftServerImpl.java:setRole(174)) - faf732d4-9705-4e91-a5ff-9b5c287516c2@group-E43D5F8C5A46: changes role from  FOLLOWER to CANDIDATE at term 0 for changeToCandidate
2019-09-24 22:41:08,879 [Thread-294] INFO  impl.RoleInfo (RoleInfo.java:updateAndGet(143)) - faf732d4-9705-4e91-a5ff-9b5c287516c2: start LeaderElection
2019-09-24 22:41:08,906 [ed156df5-2bd4-47ff-b40d-dee021ecbbab@group-FA4A02AB1C4F-SegmentedRaftLogWorker] INFO  segmented.SegmentedRaftLogWorker (SegmentedRaftLogWorker.java:execute(569)) - ed156df5-2bd4-47ff-b40d-dee021ecbbab@group-FA4A02AB1C4F-SegmentedRaftLogWorker: created new log segment /workdir/hadoop-ozone/integration-test/target/test-dir/MiniOzoneClusterImpl-9f0f2ccb-738a-4344-bc48-f2576ae9334a/datanode-1/data/ratis/1ac2efbc-d9da-4b39-80c8-fa4a02ab1c4f/current/log_inprogress_0
2019-09-24 22:41:08,907 [faf732d4-9705-4e91-a5ff-9b5c287516c2@group-E43D5F8C5A46:LeaderElection5] INFO  impl.LeaderElection (LeaderElection.java:askForVotes(182)) - faf732d4-9705-4e91-a5ff-9b5c287516c2@group-E43D5F8C5A46:LeaderElection5: begin an election at term 1 for -1: [faf732d4-9705-4e91-a5ff-9b5c287516c2:192.168.151.66:34652], old=null
2019-09-24 22:41:08,906 [053bbe9f-e617-47d8-81f1-5a2d0a241cc5@group-EE6BE6D99450-SegmentedRaftLogWorker] INFO  segmented.SegmentedRaftLogWorker (SegmentedRaftLogWorker.java:execute(569)) - 053bbe9f-e617-47d8-81f1-5a2d0a241cc5@group-EE6BE6D99450-SegmentedRaftLogWorker: created new log segment /workdir/hadoop-ozone/integration-test/target/test-dir/MiniOzoneClusterImpl-9f0f2ccb-738a-4344-bc48-f2576ae9334a/datanode-6/data/ratis/b3b0f511-6df7-4e39-8eaa-ee6be6d99450/current/log_inprogress_0
2019-09-24 22:41:08,907 [faf732d4-9705-4e91-a5ff-9b5c287516c2@group-E43D5F8C5A46:LeaderElection5] INFO  impl.RoleInfo (RoleInfo.java:shutdownLeaderElection(134)) - faf732d4-9705-4e91-a5ff-9b5c287516c2: shutdown LeaderElection
2019-09-24 22:41:08,907 [faf732d4-9705-4e91-a5ff-9b5c287516c2@group-E43D5F8C5A46:LeaderElection5] INFO  impl.RaftServerImpl (RaftServerImpl.java:setRole(174)) - faf732d4-9705-4e91-a5ff-9b5c287516c2@group-E43D5F8C5A46: changes role from CANDIDATE to LEADER at term 1 for changeToLeader
2019-09-24 22:41:08,907 [faf732d4-9705-4e91-a5ff-9b5c287516c2@group-E43D5F8C5A46:LeaderElection5] INFO  impl.RaftServerImpl (ServerState.java:setLeader(253)) - faf732d4-9705-4e91-a5ff-9b5c287516c2@group-E43D5F8C5A46: change Leader from null to faf732d4-9705-4e91-a5ff-9b5c287516c2 at term 1 for becomeLeader, leader elected after 5205ms
2019-09-24 22:41:08,907 [faf732d4-9705-4e91-a5ff-9b5c287516c2@group-E43D5F8C5A46:LeaderElection5] INFO  server.RaftServerConfigKeys (ConfUtils.java:logGet(43)) - raft.server.staging.catchup.gap = 1000 (default)
2019-09-24 22:41:08,908 [faf732d4-9705-4e91-a5ff-9b5c287516c2@group-E43D5F8C5A46:LeaderElection5] INFO  server.RaftServerConfigKeys (ConfUtils.java:logGet(43)) - raft.server.rpc.sleep.time = 25ms (default)
2019-09-24 22:41:08,908 [faf732d4-9705-4e91-a5ff-9b5c287516c2@group-E43D5F8C5A46:LeaderElection5] INFO  server.RaftServerConfigKeys (ConfUtils.java:logGet(43)) - raft.server.write.element-limit = 4096 (default)
2019-09-24 22:41:08,908 [faf732d4-9705-4e91-a5ff-9b5c287516c2@group-E43D5F8C5A46:LeaderElection5] INFO  server.RaftServerConfigKeys (ConfUtils.java:logGet(43)) - raft.server.watch.timeout = 10s (default)
2019-09-24 22:41:08,908 [faf732d4-9705-4e91-a5ff-9b5c287516c2@group-E43D5F8C5A46:LeaderElection5] INFO  server.RaftServerConfigKeys (ConfUtils.java:logGet(43)) - raft.server.watch.timeout.denomination = 1s (default)
2019-09-24 22:41:08,909 [faf732d4-9705-4e91-a5ff-9b5c287516c2@group-E43D5F8C5A46:LeaderElection5] INFO  server.RaftServerConfigKeys (ConfUtils.java:logGet(43)) - raft.server.watch.element-limit = 65536 (default)
2019-09-24 22:41:08,912 [faf732d4-9705-4e91-a5ff-9b5c287516c2@group-E43D5F8C5A46:LeaderElection5] INFO  impl.RoleInfo (RoleInfo.java:updateAndGet(143)) - faf732d4-9705-4e91-a5ff-9b5c287516c2: start LeaderState
2019-09-24 22:41:08,912 [faf732d4-9705-4e91-a5ff-9b5c287516c2@group-E43D5F8C5A46:LeaderElection5] INFO  segmented.SegmentedRaftLogWorker (SegmentedRaftLogWorker.java:startLogSegment(380)) - faf732d4-9705-4e91-a5ff-9b5c287516c2@group-E43D5F8C5A46-SegmentedRaftLogWorker: Starting segment from index:0
2019-09-24 22:41:08,913 [faf732d4-9705-4e91-a5ff-9b5c287516c2@group-E43D5F8C5A46:LeaderElection5] INFO  impl.RaftServerImpl (ServerState.java:setRaftConf(354)) - faf732d4-9705-4e91-a5ff-9b5c287516c2@group-E43D5F8C5A46: set configuration 0: [faf732d4-9705-4e91-a5ff-9b5c287516c2:192.168.151.66:34652], old=null at 0
2019-09-24 22:41:08,949 [faf732d4-9705-4e91-a5ff-9b5c287516c2@group-E43D5F8C5A46-SegmentedRaftLogWorker] INFO  segmented.SegmentedRaftLogWorker (SegmentedRaftLogWorker.java:execute(569)) - faf732d4-9705-4e91-a5ff-9b5c287516c2@group-E43D5F8C5A46-SegmentedRaftLogWorker: created new log segment /workdir/hadoop-ozone/integration-test/target/test-dir/MiniOzoneClusterImpl-9f0f2ccb-738a-4344-bc48-f2576ae9334a/datanode-4/data/ratis/6787dea4-b66d-4819-b450-e43d5f8c5a46/current/log_inprogress_0
2019-09-24 22:41:09,014 [Thread-300] INFO  impl.FollowerState (FollowerState.java:run(106)) - 44386e62-51f5-4810-a1c5-3bae63c25e40:group-40389E4FFFF3 changes to CANDIDATE, lastRpcTime:5122, electionTimeout:5122ms
2019-09-24 22:41:09,014 [Thread-300] INFO  impl.RoleInfo (RoleInfo.java:shutdownFollowerState(121)) - 44386e62-51f5-4810-a1c5-3bae63c25e40: shutdown FollowerState
2019-09-24 22:41:09,014 [Thread-300] INFO  impl.RaftServerImpl (RaftServerImpl.java:setRole(174)) - 44386e62-51f5-4810-a1c5-3bae63c25e40@group-40389E4FFFF3: changes role from  FOLLOWER to CANDIDATE at term 0 for changeToCandidate
2019-09-24 22:41:09,015 [Thread-300] INFO  impl.RoleInfo (RoleInfo.java:updateAndGet(143)) - 44386e62-51f5-4810-a1c5-3bae63c25e40: start LeaderElection
2019-09-24 22:41:09,021 [Thread-303] INFO  impl.FollowerState (FollowerState.java:run(106)) - 991de87b-0f41-4d84-9a26-7b325c2c170c:group-4C625659BF47 changes to CANDIDATE, lastRpcTime:5044, electionTimeout:5044ms
2019-09-24 22:41:09,021 [Thread-303] INFO  impl.RoleInfo (RoleInfo.java:shutdownFollowerState(121)) - 991de87b-0f41-4d84-9a26-7b325c2c170c: shutdown FollowerState
2019-09-24 22:41:09,021 [Thread-303] INFO  impl.RaftServerImpl (RaftServerImpl.java:setRole(174)) - 991de87b-0f41-4d84-9a26-7b325c2c170c@group-4C625659BF47: changes role from  FOLLOWER to CANDIDATE at term 0 for changeToCandidate
2019-09-24 22:41:09,021 [Thread-303] INFO  impl.RoleInfo (RoleInfo.java:updateAndGet(143)) - 991de87b-0f41-4d84-9a26-7b325c2c170c: start LeaderElection
2019-09-24 22:41:09,044 [991de87b-0f41-4d84-9a26-7b325c2c170c@group-4C625659BF47:LeaderElection7] INFO  impl.LeaderElection (LeaderElection.java:askForVotes(182)) - 991de87b-0f41-4d84-9a26-7b325c2c170c@group-4C625659BF47:LeaderElection7: begin an election at term 1 for -1: [991de87b-0f41-4d84-9a26-7b325c2c170c:192.168.151.66:37010], old=null
2019-09-24 22:41:09,044 [44386e62-51f5-4810-a1c5-3bae63c25e40@group-40389E4FFFF3:LeaderElection6] INFO  impl.LeaderElection (LeaderElection.java:askForVotes(182)) - 44386e62-51f5-4810-a1c5-3bae63c25e40@group-40389E4FFFF3:LeaderElection6: begin an election at term 1 for -1: [44386e62-51f5-4810-a1c5-3bae63c25e40:192.168.151.66:32774], old=null
2019-09-24 22:41:09,044 [991de87b-0f41-4d84-9a26-7b325c2c170c@group-4C625659BF47:LeaderElection7] INFO  impl.RoleInfo (RoleInfo.java:shutdownLeaderElection(134)) - 991de87b-0f41-4d84-9a26-7b325c2c170c: shutdown LeaderElection
2019-09-24 22:41:09,044 [44386e62-51f5-4810-a1c5-3bae63c25e40@group-40389E4FFFF3:LeaderElection6] INFO  impl.RoleInfo (RoleInfo.java:shutdownLeaderElection(134)) - 44386e62-51f5-4810-a1c5-3bae63c25e40: shutdown LeaderElection
2019-09-24 22:41:09,044 [991de87b-0f41-4d84-9a26-7b325c2c170c@group-4C625659BF47:LeaderElection7] INFO  impl.RaftServerImpl (RaftServerImpl.java:setRole(174)) - 991de87b-0f41-4d84-9a26-7b325c2c170c@group-4C625659BF47: changes role from CANDIDATE to LEADER at term 1 for changeToLeader
2019-09-24 22:41:09,044 [44386e62-51f5-4810-a1c5-3bae63c25e40@group-40389E4FFFF3:LeaderElection6] INFO  impl.RaftServerImpl (RaftServerImpl.java:setRole(174)) - 44386e62-51f5-4810-a1c5-3bae63c25e40@group-40389E4FFFF3: changes role from CANDIDATE to LEADER at term 1 for changeToLeader
2019-09-24 22:41:09,044 [991de87b-0f41-4d84-9a26-7b325c2c170c@group-4C625659BF47:LeaderElection7] INFO  impl.RaftServerImpl (ServerState.java:setLeader(253)) - 991de87b-0f41-4d84-9a26-7b325c2c170c@group-4C625659BF47: change Leader from null to 991de87b-0f41-4d84-9a26-7b325c2c170c at term 1 for becomeLeader, leader elected after 5079ms
2019-09-24 22:41:09,045 [44386e62-51f5-4810-a1c5-3bae63c25e40@group-40389E4FFFF3:LeaderElection6] INFO  impl.RaftServerImpl (ServerState.java:setLeader(253)) - 44386e62-51f5-4810-a1c5-3bae63c25e40@group-40389E4FFFF3: change Leader from null to 44386e62-51f5-4810-a1c5-3bae63c25e40 at term 1 for becomeLeader, leader elected after 5166ms
2019-09-24 22:41:09,045 [991de87b-0f41-4d84-9a26-7b325c2c170c@group-4C625659BF47:LeaderElection7] INFO  server.RaftServerConfigKeys (ConfUtils.java:logGet(43)) - raft.server.staging.catchup.gap = 1000 (default)
2019-09-24 22:41:09,045 [44386e62-51f5-4810-a1c5-3bae63c25e40@group-40389E4FFFF3:LeaderElection6] INFO  server.RaftServerConfigKeys (ConfUtils.java:logGet(43)) - raft.server.staging.catchup.gap = 1000 (default)
2019-09-24 22:41:09,045 [991de87b-0f41-4d84-9a26-7b325c2c170c@group-4C625659BF47:LeaderElection7] INFO  server.RaftServerConfigKeys (ConfUtils.java:logGet(43)) - raft.server.rpc.sleep.time = 25ms (default)
2019-09-24 22:41:09,045 [44386e62-51f5-4810-a1c5-3bae63c25e40@group-40389E4FFFF3:LeaderElection6] INFO  server.RaftServerConfigKeys (ConfUtils.java:logGet(43)) - raft.server.rpc.sleep.time = 25ms (default)
2019-09-24 22:41:09,045 [991de87b-0f41-4d84-9a26-7b325c2c170c@group-4C625659BF47:LeaderElection7] INFO  server.RaftServerConfigKeys (ConfUtils.java:logGet(43)) - raft.server.write.element-limit = 4096 (default)
2019-09-24 22:41:09,045 [44386e62-51f5-4810-a1c5-3bae63c25e40@group-40389E4FFFF3:LeaderElection6] INFO  server.RaftServerConfigKeys (ConfUtils.java:logGet(43)) - raft.server.write.element-limit = 4096 (default)
2019-09-24 22:41:09,046 [991de87b-0f41-4d84-9a26-7b325c2c170c@group-4C625659BF47:LeaderElection7] INFO  server.RaftServerConfigKeys (ConfUtils.java:logGet(43)) - raft.server.watch.timeout = 10s (default)
2019-09-24 22:41:09,046 [44386e62-51f5-4810-a1c5-3bae63c25e40@group-40389E4FFFF3:LeaderElection6] INFO  server.RaftServerConfigKeys (ConfUtils.java:logGet(43)) - raft.server.watch.timeout = 10s (default)
2019-09-24 22:41:09,046 [991de87b-0f41-4d84-9a26-7b325c2c170c@group-4C625659BF47:LeaderElection7] INFO  server.RaftServerConfigKeys (ConfUtils.java:logGet(43)) - raft.server.watch.timeout.denomination = 1s (default)
2019-09-24 22:41:09,046 [44386e62-51f5-4810-a1c5-3bae63c25e40@group-40389E4FFFF3:LeaderElection6] INFO  server.RaftServerConfigKeys (ConfUtils.java:logGet(43)) - raft.server.watch.timeout.denomination = 1s (default)
2019-09-24 22:41:09,046 [991de87b-0f41-4d84-9a26-7b325c2c170c@group-4C625659BF47:LeaderElection7] INFO  server.RaftServerConfigKeys (ConfUtils.java:logGet(43)) - raft.server.watch.element-limit = 65536 (default)
2019-09-24 22:41:09,046 [44386e62-51f5-4810-a1c5-3bae63c25e40@group-40389E4FFFF3:LeaderElection6] INFO  server.RaftServerConfigKeys (ConfUtils.java:logGet(43)) - raft.server.watch.element-limit = 65536 (default)
2019-09-24 22:41:09,050 [991de87b-0f41-4d84-9a26-7b325c2c170c@group-4C625659BF47:LeaderElection7] INFO  impl.RoleInfo (RoleInfo.java:updateAndGet(143)) - 991de87b-0f41-4d84-9a26-7b325c2c170c: start LeaderState
2019-09-24 22:41:09,050 [44386e62-51f5-4810-a1c5-3bae63c25e40@group-40389E4FFFF3:LeaderElection6] INFO  impl.RoleInfo (RoleInfo.java:updateAndGet(143)) - 44386e62-51f5-4810-a1c5-3bae63c25e40: start LeaderState
2019-09-24 22:41:09,051 [991de87b-0f41-4d84-9a26-7b325c2c170c@group-4C625659BF47:LeaderElection7] INFO  segmented.SegmentedRaftLogWorker (SegmentedRaftLogWorker.java:startLogSegment(380)) - 991de87b-0f41-4d84-9a26-7b325c2c170c@group-4C625659BF47-SegmentedRaftLogWorker: Starting segment from index:0
2019-09-24 22:41:09,051 [44386e62-51f5-4810-a1c5-3bae63c25e40@group-40389E4FFFF3:LeaderElection6] INFO  segmented.SegmentedRaftLogWorker (SegmentedRaftLogWorker.java:startLogSegment(380)) - 44386e62-51f5-4810-a1c5-3bae63c25e40@group-40389E4FFFF3-SegmentedRaftLogWorker: Starting segment from index:0
2019-09-24 22:41:09,051 [991de87b-0f41-4d84-9a26-7b325c2c170c@group-4C625659BF47:LeaderElection7] INFO  impl.RaftServerImpl (ServerState.java:setRaftConf(354)) - 991de87b-0f41-4d84-9a26-7b325c2c170c@group-4C625659BF47: set configuration 0: [991de87b-0f41-4d84-9a26-7b325c2c170c:192.168.151.66:37010], old=null at 0
2019-09-24 22:41:09,075 [44386e62-51f5-4810-a1c5-3bae63c25e40@group-40389E4FFFF3:LeaderElection6] INFO  impl.RaftServerImpl (ServerState.java:setRaftConf(354)) - 44386e62-51f5-4810-a1c5-3bae63c25e40@group-40389E4FFFF3: set configuration 0: [44386e62-51f5-4810-a1c5-3bae63c25e40:192.168.151.66:32774], old=null at 0
2019-09-24 22:41:09,087 [991de87b-0f41-4d84-9a26-7b325c2c170c@group-4C625659BF47-SegmentedRaftLogWorker] INFO  segmented.SegmentedRaftLogWorker (SegmentedRaftLogWorker.java:execute(569)) - 991de87b-0f41-4d84-9a26-7b325c2c170c@group-4C625659BF47-SegmentedRaftLogWorker: created new log segment /workdir/hadoop-ozone/integration-test/target/test-dir/MiniOzoneClusterImpl-9f0f2ccb-738a-4344-bc48-f2576ae9334a/datanode-5/data/ratis/eab33c00-29aa-4217-bdf1-4c625659bf47/current/log_inprogress_0
2019-09-24 22:41:09,087 [44386e62-51f5-4810-a1c5-3bae63c25e40@group-40389E4FFFF3-SegmentedRaftLogWorker] INFO  segmented.SegmentedRaftLogWorker (SegmentedRaftLogWorker.java:execute(569)) - 44386e62-51f5-4810-a1c5-3bae63c25e40@group-40389E4FFFF3-SegmentedRaftLogWorker: created new log segment /workdir/hadoop-ozone/integration-test/target/test-dir/MiniOzoneClusterImpl-9f0f2ccb-738a-4344-bc48-f2576ae9334a/datanode-8/data/ratis/e8820ea3-0ba8-4045-b324-40389e4ffff3/current/log_inprogress_0
2019-09-24 22:41:09,252 [Thread-306] INFO  impl.FollowerState (FollowerState.java:run(106)) - 3716a3a4-b37c-4a3e-91b5-9d776be92922:group-4B6004E2DC26 changes to CANDIDATE, lastRpcTime:5183, electionTimeout:5183ms
2019-09-24 22:41:09,252 [Thread-306] INFO  impl.RoleInfo (RoleInfo.java:shutdownFollowerState(121)) - 3716a3a4-b37c-4a3e-91b5-9d776be92922: shutdown FollowerState
2019-09-24 22:41:09,252 [Thread-306] INFO  impl.RaftServerImpl (RaftServerImpl.java:setRole(174)) - 3716a3a4-b37c-4a3e-91b5-9d776be92922@group-4B6004E2DC26: changes role from  FOLLOWER to CANDIDATE at term 0 for changeToCandidate
2019-09-24 22:41:09,253 [Thread-306] INFO  impl.RoleInfo (RoleInfo.java:updateAndGet(143)) - 3716a3a4-b37c-4a3e-91b5-9d776be92922: start LeaderElection
2019-09-24 22:41:09,269 [Thread-309] INFO  impl.FollowerState (FollowerState.java:run(106)) - fa75059b-409c-42ba-aabb-33da8f2e557d:group-FCC044D1734E changes to CANDIDATE, lastRpcTime:5117, electionTimeout:5117ms
2019-09-24 22:41:09,269 [Thread-309] INFO  impl.RoleInfo (RoleInfo.java:shutdownFollowerState(121)) - fa75059b-409c-42ba-aabb-33da8f2e557d: shutdown FollowerState
2019-09-24 22:41:09,270 [Thread-309] INFO  impl.RaftServerImpl (RaftServerImpl.java:setRole(174)) - fa75059b-409c-42ba-aabb-33da8f2e557d@group-FCC044D1734E: changes role from  FOLLOWER to CANDIDATE at term 0 for changeToCandidate
2019-09-24 22:41:09,270 [Thread-309] INFO  impl.RoleInfo (RoleInfo.java:updateAndGet(143)) - fa75059b-409c-42ba-aabb-33da8f2e557d: start LeaderElection
2019-09-24 22:41:09,277 [3716a3a4-b37c-4a3e-91b5-9d776be92922@group-4B6004E2DC26:LeaderElection8] INFO  impl.LeaderElection (LeaderElection.java:askForVotes(182)) - 3716a3a4-b37c-4a3e-91b5-9d776be92922@group-4B6004E2DC26:LeaderElection8: begin an election at term 1 for -1: [3716a3a4-b37c-4a3e-91b5-9d776be92922:192.168.151.66:42029], old=null
2019-09-24 22:41:09,277 [3716a3a4-b37c-4a3e-91b5-9d776be92922@group-4B6004E2DC26:LeaderElection8] INFO  impl.RoleInfo (RoleInfo.java:shutdownLeaderElection(134)) - 3716a3a4-b37c-4a3e-91b5-9d776be92922: shutdown LeaderElection
2019-09-24 22:41:09,278 [3716a3a4-b37c-4a3e-91b5-9d776be92922@group-4B6004E2DC26:LeaderElection8] INFO  impl.RaftServerImpl (RaftServerImpl.java:setRole(174)) - 3716a3a4-b37c-4a3e-91b5-9d776be92922@group-4B6004E2DC26: changes role from CANDIDATE to LEADER at term 1 for changeToLeader
2019-09-24 22:41:09,278 [3716a3a4-b37c-4a3e-91b5-9d776be92922@group-4B6004E2DC26:LeaderElection8] INFO  impl.RaftServerImpl (ServerState.java:setLeader(253)) - 3716a3a4-b37c-4a3e-91b5-9d776be92922@group-4B6004E2DC26: change Leader from null to 3716a3a4-b37c-4a3e-91b5-9d776be92922 at term 1 for becomeLeader, leader elected after 5223ms
2019-09-24 22:41:09,278 [3716a3a4-b37c-4a3e-91b5-9d776be92922@group-4B6004E2DC26:LeaderElection8] INFO  server.RaftServerConfigKeys (ConfUtils.java:logGet(43)) - raft.server.staging.catchup.gap = 1000 (default)
2019-09-24 22:41:09,278 [3716a3a4-b37c-4a3e-91b5-9d776be92922@group-4B6004E2DC26:LeaderElection8] INFO  server.RaftServerConfigKeys (ConfUtils.java:logGet(43)) - raft.server.rpc.sleep.time = 25ms (default)
2019-09-24 22:41:09,278 [3716a3a4-b37c-4a3e-91b5-9d776be92922@group-4B6004E2DC26:LeaderElection8] INFO  server.RaftServerConfigKeys (ConfUtils.java:logGet(43)) - raft.server.write.element-limit = 4096 (default)
2019-09-24 22:41:09,279 [3716a3a4-b37c-4a3e-91b5-9d776be92922@group-4B6004E2DC26:LeaderElection8] INFO  server.RaftServerConfigKeys (ConfUtils.java:logGet(43)) - raft.server.watch.timeout = 10s (default)
2019-09-24 22:41:09,279 [3716a3a4-b37c-4a3e-91b5-9d776be92922@group-4B6004E2DC26:LeaderElection8] INFO  server.RaftServerConfigKeys (ConfUtils.java:logGet(43)) - raft.server.watch.timeout.denomination = 1s (default)
2019-09-24 22:41:09,279 [3716a3a4-b37c-4a3e-91b5-9d776be92922@group-4B6004E2DC26:LeaderElection8] INFO  server.RaftServerConfigKeys (ConfUtils.java:logGet(43)) - raft.server.watch.element-limit = 65536 (default)
2019-09-24 22:41:09,282 [3716a3a4-b37c-4a3e-91b5-9d776be92922@group-4B6004E2DC26:LeaderElection8] INFO  impl.RoleInfo (RoleInfo.java:updateAndGet(143)) - 3716a3a4-b37c-4a3e-91b5-9d776be92922: start LeaderState
2019-09-24 22:41:09,283 [3716a3a4-b37c-4a3e-91b5-9d776be92922@group-4B6004E2DC26:LeaderElection8] INFO  segmented.SegmentedRaftLogWorker (SegmentedRaftLogWorker.java:startLogSegment(380)) - 3716a3a4-b37c-4a3e-91b5-9d776be92922@group-4B6004E2DC26-SegmentedRaftLogWorker: Starting segment from index:0
2019-09-24 22:41:09,283 [3716a3a4-b37c-4a3e-91b5-9d776be92922@group-4B6004E2DC26:LeaderElection8] INFO  impl.RaftServerImpl (ServerState.java:setRaftConf(354)) - 3716a3a4-b37c-4a3e-91b5-9d776be92922@group-4B6004E2DC26: set configuration 0: [3716a3a4-b37c-4a3e-91b5-9d776be92922:192.168.151.66:42029], old=null at 0
2019-09-24 22:41:09,303 [fa75059b-409c-42ba-aabb-33da8f2e557d@group-FCC044D1734E:LeaderElection9] INFO  impl.LeaderElection (LeaderElection.java:askForVotes(182)) - fa75059b-409c-42ba-aabb-33da8f2e557d@group-FCC044D1734E:LeaderElection9: begin an election at term 1 for -1: [fa75059b-409c-42ba-aabb-33da8f2e557d:192.168.151.66:35520], old=null
2019-09-24 22:41:09,304 [fa75059b-409c-42ba-aabb-33da8f2e557d@group-FCC044D1734E:LeaderElection9] INFO  impl.RoleInfo (RoleInfo.java:shutdownLeaderElection(134)) - fa75059b-409c-42ba-aabb-33da8f2e557d: shutdown LeaderElection
2019-09-24 22:41:09,304 [fa75059b-409c-42ba-aabb-33da8f2e557d@group-FCC044D1734E:LeaderElection9] INFO  impl.RaftServerImpl (RaftServerImpl.java:setRole(174)) - fa75059b-409c-42ba-aabb-33da8f2e557d@group-FCC044D1734E: changes role from CANDIDATE to LEADER at term 1 for changeToLeader
2019-09-24 22:41:09,304 [fa75059b-409c-42ba-aabb-33da8f2e557d@group-FCC044D1734E:LeaderElection9] INFO  impl.RaftServerImpl (ServerState.java:setLeader(253)) - fa75059b-409c-42ba-aabb-33da8f2e557d@group-FCC044D1734E: change Leader from null to fa75059b-409c-42ba-aabb-33da8f2e557d at term 1 for becomeLeader, leader elected after 5165ms
2019-09-24 22:41:09,304 [fa75059b-409c-42ba-aabb-33da8f2e557d@group-FCC044D1734E:LeaderElection9] INFO  server.RaftServerConfigKeys (ConfUtils.java:logGet(43)) - raft.server.staging.catchup.gap = 1000 (default)
2019-09-24 22:41:09,305 [fa75059b-409c-42ba-aabb-33da8f2e557d@group-FCC044D1734E:LeaderElection9] INFO  server.RaftServerConfigKeys (ConfUtils.java:logGet(43)) - raft.server.rpc.sleep.time = 25ms (default)
2019-09-24 22:41:09,305 [fa75059b-409c-42ba-aabb-33da8f2e557d@group-FCC044D1734E:LeaderElection9] INFO  server.RaftServerConfigKeys (ConfUtils.java:logGet(43)) - raft.server.write.element-limit = 4096 (default)
2019-09-24 22:41:09,305 [fa75059b-409c-42ba-aabb-33da8f2e557d@group-FCC044D1734E:LeaderElection9] INFO  server.RaftServerConfigKeys (ConfUtils.java:logGet(43)) - raft.server.watch.timeout = 10s (default)
2019-09-24 22:41:09,305 [fa75059b-409c-42ba-aabb-33da8f2e557d@group-FCC044D1734E:LeaderElection9] INFO  server.RaftServerConfigKeys (ConfUtils.java:logGet(43)) - raft.server.watch.timeout.denomination = 1s (default)
2019-09-24 22:41:09,306 [fa75059b-409c-42ba-aabb-33da8f2e557d@group-FCC044D1734E:LeaderElection9] INFO  server.RaftServerConfigKeys (ConfUtils.java:logGet(43)) - raft.server.watch.element-limit = 65536 (default)
2019-09-24 22:41:09,310 [fa75059b-409c-42ba-aabb-33da8f2e557d@group-FCC044D1734E:LeaderElection9] INFO  impl.RoleInfo (RoleInfo.java:updateAndGet(143)) - fa75059b-409c-42ba-aabb-33da8f2e557d: start LeaderState
2019-09-24 22:41:09,310 [fa75059b-409c-42ba-aabb-33da8f2e557d@group-FCC044D1734E:LeaderElection9] INFO  segmented.SegmentedRaftLogWorker (SegmentedRaftLogWorker.java:startLogSegment(380)) - fa75059b-409c-42ba-aabb-33da8f2e557d@group-FCC044D1734E-SegmentedRaftLogWorker: Starting segment from index:0
2019-09-24 22:41:09,311 [fa75059b-409c-42ba-aabb-33da8f2e557d@group-FCC044D1734E:LeaderElection9] INFO  impl.RaftServerImpl (ServerState.java:setRaftConf(354)) - fa75059b-409c-42ba-aabb-33da8f2e557d@group-FCC044D1734E: set configuration 0: [fa75059b-409c-42ba-aabb-33da8f2e557d:192.168.151.66:35520], old=null at 0
2019-09-24 22:41:09,330 [main] INFO  ipc.Client (Client.java:handleConnectionFailure(948)) - Retrying connect to server: localhost/127.0.0.1:0. Already tried 5 time(s); retry policy is RetryUpToMaximumCountWithFixedSleep(maxRetries=10, sleepTime=1000 MILLISECONDS)
2019-09-24 22:41:09,330 [3716a3a4-b37c-4a3e-91b5-9d776be92922@group-4B6004E2DC26-SegmentedRaftLogWorker] INFO  segmented.SegmentedRaftLogWorker (SegmentedRaftLogWorker.java:execute(569)) - 3716a3a4-b37c-4a3e-91b5-9d776be92922@group-4B6004E2DC26-SegmentedRaftLogWorker: created new log segment /workdir/hadoop-ozone/integration-test/target/test-dir/MiniOzoneClusterImpl-9f0f2ccb-738a-4344-bc48-f2576ae9334a/datanode-3/data/ratis/67cda828-da9a-4609-b396-4b6004e2dc26/current/log_inprogress_0
2019-09-24 22:41:09,343 [fa75059b-409c-42ba-aabb-33da8f2e557d@group-FCC044D1734E-SegmentedRaftLogWorker] INFO  segmented.SegmentedRaftLogWorker (SegmentedRaftLogWorker.java:execute(569)) - fa75059b-409c-42ba-aabb-33da8f2e557d@group-FCC044D1734E-SegmentedRaftLogWorker: created new log segment /workdir/hadoop-ozone/integration-test/target/test-dir/MiniOzoneClusterImpl-9f0f2ccb-738a-4344-bc48-f2576ae9334a/datanode-2/data/ratis/8744d577-bdda-4a09-86f2-fcc044d1734e/current/log_inprogress_0
2019-09-24 22:41:09,372 [Thread-312] INFO  impl.FollowerState (FollowerState.java:run(106)) - cb722849-6bd8-4357-8e8b-3e62b976c654:group-1DA8232007F6 changes to CANDIDATE, lastRpcTime:5142, electionTimeout:5142ms
2019-09-24 22:41:09,372 [Thread-312] INFO  impl.RoleInfo (RoleInfo.java:shutdownFollowerState(121)) - cb722849-6bd8-4357-8e8b-3e62b976c654: shutdown FollowerState
2019-09-24 22:41:09,372 [Thread-312] INFO  impl.RaftServerImpl (RaftServerImpl.java:setRole(174)) - cb722849-6bd8-4357-8e8b-3e62b976c654@group-1DA8232007F6: changes role from  FOLLOWER to CANDIDATE at term 0 for changeToCandidate
2019-09-24 22:41:09,373 [Thread-312] INFO  impl.RoleInfo (RoleInfo.java:updateAndGet(143)) - cb722849-6bd8-4357-8e8b-3e62b976c654: start LeaderElection
2019-09-24 22:41:09,391 [cb722849-6bd8-4357-8e8b-3e62b976c654@group-1DA8232007F6:LeaderElection10] INFO  impl.LeaderElection (LeaderElection.java:askForVotes(182)) - cb722849-6bd8-4357-8e8b-3e62b976c654@group-1DA8232007F6:LeaderElection10: begin an election at term 1 for -1: [cb722849-6bd8-4357-8e8b-3e62b976c654:192.168.151.66:33208], old=null
2019-09-24 22:41:09,391 [cb722849-6bd8-4357-8e8b-3e62b976c654@group-1DA8232007F6:LeaderElection10] INFO  impl.RoleInfo (RoleInfo.java:shutdownLeaderElection(134)) - cb722849-6bd8-4357-8e8b-3e62b976c654: shutdown LeaderElection
2019-09-24 22:41:09,391 [cb722849-6bd8-4357-8e8b-3e62b976c654@group-1DA8232007F6:LeaderElection10] INFO  impl.RaftServerImpl (RaftServerImpl.java:setRole(174)) - cb722849-6bd8-4357-8e8b-3e62b976c654@group-1DA8232007F6: changes role from CANDIDATE to LEADER at term 1 for changeToLeader
2019-09-24 22:41:09,391 [cb722849-6bd8-4357-8e8b-3e62b976c654@group-1DA8232007F6:LeaderElection10] INFO  impl.RaftServerImpl (ServerState.java:setLeader(253)) - cb722849-6bd8-4357-8e8b-3e62b976c654@group-1DA8232007F6: change Leader from null to cb722849-6bd8-4357-8e8b-3e62b976c654 at term 1 for becomeLeader, leader elected after 5172ms
2019-09-24 22:41:09,391 [cb722849-6bd8-4357-8e8b-3e62b976c654@group-1DA8232007F6:LeaderElection10] INFO  server.RaftServerConfigKeys (ConfUtils.java:logGet(43)) - raft.server.staging.catchup.gap = 1000 (default)
2019-09-24 22:41:09,392 [cb722849-6bd8-4357-8e8b-3e62b976c654@group-1DA8232007F6:LeaderElection10] INFO  server.RaftServerConfigKeys (ConfUtils.java:logGet(43)) - raft.server.rpc.sleep.time = 25ms (default)
2019-09-24 22:41:09,392 [cb722849-6bd8-4357-8e8b-3e62b976c654@group-1DA8232007F6:LeaderElection10] INFO  server.RaftServerConfigKeys (ConfUtils.java:logGet(43)) - raft.server.write.element-limit = 4096 (default)
2019-09-24 22:41:09,392 [cb722849-6bd8-4357-8e8b-3e62b976c654@group-1DA8232007F6:LeaderElection10] INFO  server.RaftServerConfigKeys (ConfUtils.java:logGet(43)) - raft.server.watch.timeout = 10s (default)
2019-09-24 22:41:09,392 [cb722849-6bd8-4357-8e8b-3e62b976c654@group-1DA8232007F6:LeaderElection10] INFO  server.RaftServerConfigKeys (ConfUtils.java:logGet(43)) - raft.server.watch.timeout.denomination = 1s (default)
2019-09-24 22:41:09,392 [cb722849-6bd8-4357-8e8b-3e62b976c654@group-1DA8232007F6:LeaderElection10] INFO  server.RaftServerConfigKeys (ConfUtils.java:logGet(43)) - raft.server.watch.element-limit = 65536 (default)
2019-09-24 22:41:09,395 [cb722849-6bd8-4357-8e8b-3e62b976c654@group-1DA8232007F6:LeaderElection10] INFO  impl.RoleInfo (RoleInfo.java:updateAndGet(143)) - cb722849-6bd8-4357-8e8b-3e62b976c654: start LeaderState
2019-09-24 22:41:09,396 [cb722849-6bd8-4357-8e8b-3e62b976c654@group-1DA8232007F6:LeaderElection10] INFO  segmented.SegmentedRaftLogWorker (SegmentedRaftLogWorker.java:startLogSegment(380)) - cb722849-6bd8-4357-8e8b-3e62b976c654@group-1DA8232007F6-SegmentedRaftLogWorker: Starting segment from index:0
2019-09-24 22:41:09,396 [cb722849-6bd8-4357-8e8b-3e62b976c654@group-1DA8232007F6:LeaderElection10] INFO  impl.RaftServerImpl (ServerState.java:setRaftConf(354)) - cb722849-6bd8-4357-8e8b-3e62b976c654@group-1DA8232007F6: set configuration 0: [cb722849-6bd8-4357-8e8b-3e62b976c654:192.168.151.66:33208], old=null at 0
2019-09-24 22:41:09,419 [Thread-319] INFO  impl.FollowerState (FollowerState.java:run(106)) - ed156df5-2bd4-47ff-b40d-dee021ecbbab:group-62F8E6E769DC changes to CANDIDATE, lastRpcTime:5085, electionTimeout:5066ms
2019-09-24 22:41:09,419 [Thread-319] INFO  impl.RoleInfo (RoleInfo.java:shutdownFollowerState(121)) - ed156df5-2bd4-47ff-b40d-dee021ecbbab: shutdown FollowerState
2019-09-24 22:41:09,420 [Thread-319] INFO  impl.RaftServerImpl (RaftServerImpl.java:setRole(174)) - ed156df5-2bd4-47ff-b40d-dee021ecbbab@group-62F8E6E769DC: changes role from  FOLLOWER to CANDIDATE at term 0 for changeToCandidate
2019-09-24 22:41:09,420 [Thread-319] INFO  impl.RoleInfo (RoleInfo.java:updateAndGet(143)) - ed156df5-2bd4-47ff-b40d-dee021ecbbab: start LeaderElection
2019-09-24 22:41:09,439 [cb722849-6bd8-4357-8e8b-3e62b976c654@group-1DA8232007F6-SegmentedRaftLogWorker] INFO  segmented.SegmentedRaftLogWorker (SegmentedRaftLogWorker.java:execute(569)) - cb722849-6bd8-4357-8e8b-3e62b976c654@group-1DA8232007F6-SegmentedRaftLogWorker: created new log segment /workdir/hadoop-ozone/integration-test/target/test-dir/MiniOzoneClusterImpl-9f0f2ccb-738a-4344-bc48-f2576ae9334a/datanode-9/data/ratis/81c1eb3a-d066-402f-9313-1da8232007f6/current/log_inprogress_0
2019-09-24 22:41:09,439 [ed156df5-2bd4-47ff-b40d-dee021ecbbab@group-62F8E6E769DC:LeaderElection11] INFO  impl.LeaderElection (LeaderElection.java:askForVotes(182)) - ed156df5-2bd4-47ff-b40d-dee021ecbbab@group-62F8E6E769DC:LeaderElection11: begin an election at term 1 for -1: [ed156df5-2bd4-47ff-b40d-dee021ecbbab:192.168.151.66:42232, ef51bf3c-7b8f-4ad7-803c-941f117d7a0b:192.168.151.66:45660, faf732d4-9705-4e91-a5ff-9b5c287516c2:192.168.151.66:34652], old=null
2019-09-24 22:41:09,482 [grpc-default-executor-0] INFO  impl.RaftServerImpl (RaftServerImpl.java:setRole(174)) - faf732d4-9705-4e91-a5ff-9b5c287516c2@group-62F8E6E769DC: changes role from  FOLLOWER to FOLLOWER at term 1 for recognizeCandidate:ed156df5-2bd4-47ff-b40d-dee021ecbbab
2019-09-24 22:41:09,482 [grpc-default-executor-2] INFO  impl.RaftServerImpl (RaftServerImpl.java:setRole(174)) - ef51bf3c-7b8f-4ad7-803c-941f117d7a0b@group-62F8E6E769DC: changes role from  FOLLOWER to FOLLOWER at term 1 for recognizeCandidate:ed156df5-2bd4-47ff-b40d-dee021ecbbab
2019-09-24 22:41:09,482 [grpc-default-executor-0] INFO  impl.RoleInfo (RoleInfo.java:shutdownFollowerState(121)) - faf732d4-9705-4e91-a5ff-9b5c287516c2: shutdown FollowerState
2019-09-24 22:41:09,482 [grpc-default-executor-2] INFO  impl.RoleInfo (RoleInfo.java:shutdownFollowerState(121)) - ef51bf3c-7b8f-4ad7-803c-941f117d7a0b: shutdown FollowerState
2019-09-24 22:41:09,483 [grpc-default-executor-0] INFO  impl.RoleInfo (RoleInfo.java:updateAndGet(143)) - faf732d4-9705-4e91-a5ff-9b5c287516c2: start FollowerState
2019-09-24 22:41:09,483 [grpc-default-executor-2] INFO  impl.RoleInfo (RoleInfo.java:updateAndGet(143)) - ef51bf3c-7b8f-4ad7-803c-941f117d7a0b: start FollowerState
2019-09-24 22:41:09,483 [Thread-321] INFO  impl.FollowerState (FollowerState.java:run(115)) - faf732d4-9705-4e91-a5ff-9b5c287516c2: FollowerState was interrupted: java.lang.InterruptedException: sleep interrupted
2019-09-24 22:41:09,483 [Thread-317] INFO  impl.FollowerState (FollowerState.java:run(115)) - ef51bf3c-7b8f-4ad7-803c-941f117d7a0b: FollowerState was interrupted: java.lang.InterruptedException: sleep interrupted
2019-09-24 22:41:09,522 [ed156df5-2bd4-47ff-b40d-dee021ecbbab@group-62F8E6E769DC:LeaderElection11] INFO  impl.LeaderElection (LeaderElection.java:logAndReturn(56)) - ed156df5-2bd4-47ff-b40d-dee021ecbbab@group-62F8E6E769DC:LeaderElection11: Election PASSED; received 1 response(s) [ed156df5-2bd4-47ff-b40d-dee021ecbbab<-ef51bf3c-7b8f-4ad7-803c-941f117d7a0b#0:OK-t1] and 0 exception(s); ed156df5-2bd4-47ff-b40d-dee021ecbbab@group-62F8E6E769DC:t1, leader=null, voted=ed156df5-2bd4-47ff-b40d-dee021ecbbab, raftlog=ed156df5-2bd4-47ff-b40d-dee021ecbbab@group-62F8E6E769DC-SegmentedRaftLog:OPENED:c-1,f-1,i0, conf=-1: [ed156df5-2bd4-47ff-b40d-dee021ecbbab:192.168.151.66:42232, ef51bf3c-7b8f-4ad7-803c-941f117d7a0b:192.168.151.66:45660, faf732d4-9705-4e91-a5ff-9b5c287516c2:192.168.151.66:34652], old=null
2019-09-24 22:41:09,522 [ed156df5-2bd4-47ff-b40d-dee021ecbbab@group-62F8E6E769DC:LeaderElection11] INFO  impl.RoleInfo (RoleInfo.java:shutdownLeaderElection(134)) - ed156df5-2bd4-47ff-b40d-dee021ecbbab: shutdown LeaderElection
2019-09-24 22:41:09,522 [ed156df5-2bd4-47ff-b40d-dee021ecbbab@group-62F8E6E769DC:LeaderElection11] INFO  impl.RaftServerImpl (RaftServerImpl.java:setRole(174)) - ed156df5-2bd4-47ff-b40d-dee021ecbbab@group-62F8E6E769DC: changes role from CANDIDATE to LEADER at term 1 for changeToLeader
2019-09-24 22:41:09,524 [ed156df5-2bd4-47ff-b40d-dee021ecbbab@group-62F8E6E769DC:LeaderElection11] INFO  impl.RaftServerImpl (ServerState.java:setLeader(253)) - ed156df5-2bd4-47ff-b40d-dee021ecbbab@group-62F8E6E769DC: change Leader from null to ed156df5-2bd4-47ff-b40d-dee021ecbbab at term 1 for becomeLeader, leader elected after 5203ms
2019-09-24 22:41:09,524 [ed156df5-2bd4-47ff-b40d-dee021ecbbab@group-62F8E6E769DC:LeaderElection11] INFO  server.RaftServerConfigKeys (ConfUtils.java:logGet(43)) - raft.server.staging.catchup.gap = 1000 (default)
2019-09-24 22:41:09,524 [ed156df5-2bd4-47ff-b40d-dee021ecbbab@group-62F8E6E769DC:LeaderElection11] INFO  server.RaftServerConfigKeys (ConfUtils.java:logGet(43)) - raft.server.rpc.sleep.time = 25ms (default)
2019-09-24 22:41:09,525 [ed156df5-2bd4-47ff-b40d-dee021ecbbab@group-62F8E6E769DC:LeaderElection11] INFO  server.RaftServerConfigKeys (ConfUtils.java:logGet(43)) - raft.server.write.element-limit = 4096 (default)
2019-09-24 22:41:09,525 [ed156df5-2bd4-47ff-b40d-dee021ecbbab@group-62F8E6E769DC:LeaderElection11] INFO  server.RaftServerConfigKeys (ConfUtils.java:logGet(43)) - raft.server.watch.timeout = 10s (default)
2019-09-24 22:41:09,525 [ed156df5-2bd4-47ff-b40d-dee021ecbbab@group-62F8E6E769DC:LeaderElection11] INFO  server.RaftServerConfigKeys (ConfUtils.java:logGet(43)) - raft.server.watch.timeout.denomination = 1s (default)
2019-09-24 22:41:09,525 [ed156df5-2bd4-47ff-b40d-dee021ecbbab@group-62F8E6E769DC:LeaderElection11] INFO  server.RaftServerConfigKeys (ConfUtils.java:logGet(43)) - raft.server.watch.element-limit = 65536 (default)
2019-09-24 22:41:09,530 [ed156df5-2bd4-47ff-b40d-dee021ecbbab@group-62F8E6E769DC:LeaderElection11] INFO  server.RaftServerConfigKeys (ConfUtils.java:logGet(43)) - raft.server.log.appender.snapshot.chunk.size.max = 16MB (=16777216) (default)
2019-09-24 22:41:09,531 [ed156df5-2bd4-47ff-b40d-dee021ecbbab@group-62F8E6E769DC:LeaderElection11] INFO  server.RaftServerConfigKeys (ConfUtils.java:logGet(43)) - raft.server.log.appender.buffer.byte-limit = 33554432 (custom)
2019-09-24 22:41:09,531 [ed156df5-2bd4-47ff-b40d-dee021ecbbab@group-62F8E6E769DC:LeaderElection11] INFO  server.RaftServerConfigKeys (ConfUtils.java:logGet(43)) - raft.server.log.appender.buffer.element-limit = 1 (custom)
2019-09-24 22:41:09,532 [Thread-327] INFO  impl.FollowerState (FollowerState.java:run(106)) - 053bbe9f-e617-47d8-81f1-5a2d0a241cc5:group-68F9DFA996A4 changes to CANDIDATE, lastRpcTime:5073, electionTimeout:5073ms
2019-09-24 22:41:09,534 [Thread-327] INFO  impl.RoleInfo (RoleInfo.java:shutdownFollowerState(121)) - 053bbe9f-e617-47d8-81f1-5a2d0a241cc5: shutdown FollowerState
2019-09-24 22:41:09,534 [Thread-327] INFO  impl.RaftServerImpl (RaftServerImpl.java:setRole(174)) - 053bbe9f-e617-47d8-81f1-5a2d0a241cc5@group-68F9DFA996A4: changes role from  FOLLOWER to CANDIDATE at term 0 for changeToCandidate
2019-09-24 22:41:09,534 [Thread-327] INFO  impl.RoleInfo (RoleInfo.java:updateAndGet(143)) - 053bbe9f-e617-47d8-81f1-5a2d0a241cc5: start LeaderElection
2019-09-24 22:41:09,540 [ed156df5-2bd4-47ff-b40d-dee021ecbbab@group-62F8E6E769DC:LeaderElection11] INFO  grpc.GrpcConfigKeys$Server (ConfUtils.java:logGet(43)) - raft.grpc.server.leader.outstanding.appends.max = 128 (default)
2019-09-24 22:41:09,540 [ed156df5-2bd4-47ff-b40d-dee021ecbbab@group-62F8E6E769DC:LeaderElection11] INFO  server.RaftServerConfigKeys (ConfUtils.java:logGet(43)) - raft.server.rpc.request.timeout = 3000ms (default)
2019-09-24 22:41:09,541 [ed156df5-2bd4-47ff-b40d-dee021ecbbab@group-62F8E6E769DC:LeaderElection11] INFO  server.RaftServerConfigKeys (ConfUtils.java:logGet(43)) - raft.server.log.appender.install.snapshot.enabled = false (custom)
2019-09-24 22:41:09,542 [ed156df5-2bd4-47ff-b40d-dee021ecbbab@group-62F8E6E769DC:LeaderElection11] INFO  server.RaftServerConfigKeys (ConfUtils.java:logGet(43)) - raft.server.log.appender.snapshot.chunk.size.max = 16MB (=16777216) (default)
2019-09-24 22:41:09,542 [ed156df5-2bd4-47ff-b40d-dee021ecbbab@group-62F8E6E769DC:LeaderElection11] INFO  server.RaftServerConfigKeys (ConfUtils.java:logGet(43)) - raft.server.log.appender.buffer.byte-limit = 33554432 (custom)
2019-09-24 22:41:09,542 [ed156df5-2bd4-47ff-b40d-dee021ecbbab@group-62F8E6E769DC:LeaderElection11] INFO  server.RaftServerConfigKeys (ConfUtils.java:logGet(43)) - raft.server.log.appender.buffer.element-limit = 1 (custom)
2019-09-24 22:41:09,542 [ed156df5-2bd4-47ff-b40d-dee021ecbbab@group-62F8E6E769DC:LeaderElection11] INFO  grpc.GrpcConfigKeys$Server (ConfUtils.java:logGet(43)) - raft.grpc.server.leader.outstanding.appends.max = 128 (default)
2019-09-24 22:41:09,543 [ed156df5-2bd4-47ff-b40d-dee021ecbbab@group-62F8E6E769DC:LeaderElection11] INFO  server.RaftServerConfigKeys (ConfUtils.java:logGet(43)) - raft.server.rpc.request.timeout = 3000ms (default)
2019-09-24 22:41:09,543 [ed156df5-2bd4-47ff-b40d-dee021ecbbab@group-62F8E6E769DC:LeaderElection11] INFO  server.RaftServerConfigKeys (ConfUtils.java:logGet(43)) - raft.server.log.appender.install.snapshot.enabled = false (custom)
2019-09-24 22:41:09,545 [Thread-326] INFO  impl.FollowerState (FollowerState.java:run(106)) - 44386e62-51f5-4810-a1c5-3bae63c25e40:group-68F9DFA996A4 changes to CANDIDATE, lastRpcTime:5087, electionTimeout:5087ms
2019-09-24 22:41:09,546 [Thread-326] INFO  impl.RoleInfo (RoleInfo.java:shutdownFollowerState(121)) - 44386e62-51f5-4810-a1c5-3bae63c25e40: shutdown FollowerState
2019-09-24 22:41:09,546 [Thread-326] INFO  impl.RaftServerImpl (RaftServerImpl.java:setRole(174)) - 44386e62-51f5-4810-a1c5-3bae63c25e40@group-68F9DFA996A4: changes role from  FOLLOWER to CANDIDATE at term 0 for changeToCandidate
2019-09-24 22:41:09,546 [Thread-326] INFO  impl.RoleInfo (RoleInfo.java:updateAndGet(143)) - 44386e62-51f5-4810-a1c5-3bae63c25e40: start LeaderElection
2019-09-24 22:41:09,547 [ed156df5-2bd4-47ff-b40d-dee021ecbbab@group-62F8E6E769DC:LeaderElection11] INFO  impl.RoleInfo (RoleInfo.java:updateAndGet(143)) - ed156df5-2bd4-47ff-b40d-dee021ecbbab: start LeaderState
2019-09-24 22:41:09,552 [053bbe9f-e617-47d8-81f1-5a2d0a241cc5@group-68F9DFA996A4:LeaderElection12] INFO  impl.LeaderElection (LeaderElection.java:askForVotes(182)) - 053bbe9f-e617-47d8-81f1-5a2d0a241cc5@group-68F9DFA996A4:LeaderElection12: begin an election at term 1 for -1: [44386e62-51f5-4810-a1c5-3bae63c25e40:192.168.151.66:32774, 7f5dd112-3930-4cdb-a0ff-40ada89e25be:192.168.151.66:46159, 053bbe9f-e617-47d8-81f1-5a2d0a241cc5:192.168.151.66:33565], old=null
2019-09-24 22:41:09,552 [ed156df5-2bd4-47ff-b40d-dee021ecbbab@group-62F8E6E769DC:LeaderElection11] INFO  segmented.SegmentedRaftLogWorker (SegmentedRaftLogWorker.java:startLogSegment(380)) - ed156df5-2bd4-47ff-b40d-dee021ecbbab@group-62F8E6E769DC-SegmentedRaftLogWorker: Starting segment from index:0
2019-09-24 22:41:09,554 [ed156df5-2bd4-47ff-b40d-dee021ecbbab@group-62F8E6E769DC:LeaderElection11] INFO  impl.RaftServerImpl (ServerState.java:setRaftConf(354)) - ed156df5-2bd4-47ff-b40d-dee021ecbbab@group-62F8E6E769DC: set configuration 0: [ed156df5-2bd4-47ff-b40d-dee021ecbbab:192.168.151.66:42232, ef51bf3c-7b8f-4ad7-803c-941f117d7a0b:192.168.151.66:45660, faf732d4-9705-4e91-a5ff-9b5c287516c2:192.168.151.66:34652], old=null at 0
2019-09-24 22:41:09,576 [44386e62-51f5-4810-a1c5-3bae63c25e40@group-68F9DFA996A4:LeaderElection13] INFO  impl.LeaderElection (LeaderElection.java:askForVotes(182)) - 44386e62-51f5-4810-a1c5-3bae63c25e40@group-68F9DFA996A4:LeaderElection13: begin an election at term 1 for -1: [44386e62-51f5-4810-a1c5-3bae63c25e40:192.168.151.66:32774, 7f5dd112-3930-4cdb-a0ff-40ada89e25be:192.168.151.66:46159, 053bbe9f-e617-47d8-81f1-5a2d0a241cc5:192.168.151.66:33565], old=null
2019-09-24 22:41:09,576 [Thread-330] INFO  impl.FollowerState (FollowerState.java:run(106)) - 7f5dd112-3930-4cdb-a0ff-40ada89e25be:group-68F9DFA996A4 changes to CANDIDATE, lastRpcTime:5116, electionTimeout:5104ms
2019-09-24 22:41:09,579 [ed156df5-2bd4-47ff-b40d-dee021ecbbab@group-62F8E6E769DC-SegmentedRaftLogWorker] INFO  segmented.SegmentedRaftLogWorker (SegmentedRaftLogWorker.java:execute(569)) - ed156df5-2bd4-47ff-b40d-dee021ecbbab@group-62F8E6E769DC-SegmentedRaftLogWorker: created new log segment /workdir/hadoop-ozone/integration-test/target/test-dir/MiniOzoneClusterImpl-9f0f2ccb-738a-4344-bc48-f2576ae9334a/datanode-1/data/ratis/5bf811d0-be00-4de4-83d6-62f8e6e769dc/current/log_inprogress_0
2019-09-24 22:41:09,581 [Thread-330] INFO  impl.RoleInfo (RoleInfo.java:shutdownFollowerState(121)) - 7f5dd112-3930-4cdb-a0ff-40ada89e25be: shutdown FollowerState
2019-09-24 22:41:09,583 [Thread-330] INFO  impl.RaftServerImpl (RaftServerImpl.java:setRole(174)) - 7f5dd112-3930-4cdb-a0ff-40ada89e25be@group-68F9DFA996A4: changes role from  FOLLOWER to CANDIDATE at term 0 for changeToCandidate
2019-09-24 22:41:09,584 [Thread-330] INFO  impl.RoleInfo (RoleInfo.java:updateAndGet(143)) - 7f5dd112-3930-4cdb-a0ff-40ada89e25be: start LeaderElection
2019-09-24 22:41:09,591 [Thread-337] INFO  impl.FollowerState (FollowerState.java:run(106)) - 3716a3a4-b37c-4a3e-91b5-9d776be92922:group-E79BDEEF64FC changes to CANDIDATE, lastRpcTime:5038, electionTimeout:5033ms
2019-09-24 22:41:09,595 [Thread-337] INFO  impl.RoleInfo (RoleInfo.java:shutdownFollowerState(121)) - 3716a3a4-b37c-4a3e-91b5-9d776be92922: shutdown FollowerState
2019-09-24 22:41:09,598 [Thread-337] INFO  impl.RaftServerImpl (RaftServerImpl.java:setRole(174)) - 3716a3a4-b37c-4a3e-91b5-9d776be92922@group-E79BDEEF64FC: changes role from  FOLLOWER to CANDIDATE at term 0 for changeToCandidate
2019-09-24 22:41:09,598 [Thread-337] INFO  impl.RoleInfo (RoleInfo.java:updateAndGet(143)) - 3716a3a4-b37c-4a3e-91b5-9d776be92922: start LeaderElection
2019-09-24 22:41:09,608 [7f5dd112-3930-4cdb-a0ff-40ada89e25be@group-68F9DFA996A4:LeaderElection14] INFO  impl.LeaderElection (LeaderElection.java:askForVotes(182)) - 7f5dd112-3930-4cdb-a0ff-40ada89e25be@group-68F9DFA996A4:LeaderElection14: begin an election at term 1 for -1: [44386e62-51f5-4810-a1c5-3bae63c25e40:192.168.151.66:32774, 7f5dd112-3930-4cdb-a0ff-40ada89e25be:192.168.151.66:46159, 053bbe9f-e617-47d8-81f1-5a2d0a241cc5:192.168.151.66:33565], old=null
2019-09-24 22:41:09,621 [Thread-338] INFO  impl.FollowerState (FollowerState.java:run(106)) - 991de87b-0f41-4d84-9a26-7b325c2c170c:group-E79BDEEF64FC changes to CANDIDATE, lastRpcTime:5066, electionTimeout:5065ms
2019-09-24 22:41:09,621 [Thread-338] INFO  impl.RoleInfo (RoleInfo.java:shutdownFollowerState(121)) - 991de87b-0f41-4d84-9a26-7b325c2c170c: shutdown FollowerState
2019-09-24 22:41:09,622 [Thread-338] INFO  impl.RaftServerImpl (RaftServerImpl.java:setRole(174)) - 991de87b-0f41-4d84-9a26-7b325c2c170c@group-E79BDEEF64FC: changes role from  FOLLOWER to CANDIDATE at term 0 for changeToCandidate
2019-09-24 22:41:09,622 [Thread-335] INFO  impl.FollowerState (FollowerState.java:run(106)) - fa75059b-409c-42ba-aabb-33da8f2e557d:group-E79BDEEF64FC changes to CANDIDATE, lastRpcTime:5072, electionTimeout:5072ms
2019-09-24 22:41:09,622 [Thread-338] INFO  impl.RoleInfo (RoleInfo.java:updateAndGet(143)) - 991de87b-0f41-4d84-9a26-7b325c2c170c: start LeaderElection
2019-09-24 22:41:09,622 [Thread-335] INFO  impl.RoleInfo (RoleInfo.java:shutdownFollowerState(121)) - fa75059b-409c-42ba-aabb-33da8f2e557d: shutdown FollowerState
2019-09-24 22:41:09,630 [Thread-335] INFO  impl.RaftServerImpl (RaftServerImpl.java:setRole(174)) - fa75059b-409c-42ba-aabb-33da8f2e557d@group-E79BDEEF64FC: changes role from  FOLLOWER to CANDIDATE at term 0 for changeToCandidate
2019-09-24 22:41:09,631 [3716a3a4-b37c-4a3e-91b5-9d776be92922@group-E79BDEEF64FC:LeaderElection15] INFO  impl.LeaderElection (LeaderElection.java:askForVotes(182)) - 3716a3a4-b37c-4a3e-91b5-9d776be92922@group-E79BDEEF64FC:LeaderElection15: begin an election at term 1 for -1: [3716a3a4-b37c-4a3e-91b5-9d776be92922:192.168.151.66:42029, 991de87b-0f41-4d84-9a26-7b325c2c170c:192.168.151.66:37010, fa75059b-409c-42ba-aabb-33da8f2e557d:192.168.151.66:35520], old=null
2019-09-24 22:41:09,631 [Thread-335] INFO  impl.RoleInfo (RoleInfo.java:updateAndGet(143)) - fa75059b-409c-42ba-aabb-33da8f2e557d: start LeaderElection
2019-09-24 22:41:09,649 [991de87b-0f41-4d84-9a26-7b325c2c170c@group-E79BDEEF64FC:LeaderElection16] INFO  impl.LeaderElection (LeaderElection.java:askForVotes(182)) - 991de87b-0f41-4d84-9a26-7b325c2c170c@group-E79BDEEF64FC:LeaderElection16: begin an election at term 1 for -1: [3716a3a4-b37c-4a3e-91b5-9d776be92922:192.168.151.66:42029, 991de87b-0f41-4d84-9a26-7b325c2c170c:192.168.151.66:37010, fa75059b-409c-42ba-aabb-33da8f2e557d:192.168.151.66:35520], old=null
2019-09-24 22:41:09,649 [fa75059b-409c-42ba-aabb-33da8f2e557d@group-E79BDEEF64FC:LeaderElection17] INFO  impl.LeaderElection (LeaderElection.java:askForVotes(182)) - fa75059b-409c-42ba-aabb-33da8f2e557d@group-E79BDEEF64FC:LeaderElection17: begin an election at term 1 for -1: [3716a3a4-b37c-4a3e-91b5-9d776be92922:192.168.151.66:42029, 991de87b-0f41-4d84-9a26-7b325c2c170c:192.168.151.66:37010, fa75059b-409c-42ba-aabb-33da8f2e557d:192.168.151.66:35520], old=null
2019-09-24 22:41:09,652 [053bbe9f-e617-47d8-81f1-5a2d0a241cc5@group-68F9DFA996A4:LeaderElection12] INFO  impl.LeaderElection (LeaderElection.java:logAndReturn(56)) - 053bbe9f-e617-47d8-81f1-5a2d0a241cc5@group-68F9DFA996A4:LeaderElection12: Election REJECTED; received 2 response(s) [053bbe9f-e617-47d8-81f1-5a2d0a241cc5<-44386e62-51f5-4810-a1c5-3bae63c25e40#0:FAIL-t1, 053bbe9f-e617-47d8-81f1-5a2d0a241cc5<-7f5dd112-3930-4cdb-a0ff-40ada89e25be#0:FAIL-t1] and 0 exception(s); 053bbe9f-e617-47d8-81f1-5a2d0a241cc5@group-68F9DFA996A4:t1, leader=null, voted=053bbe9f-e617-47d8-81f1-5a2d0a241cc5, raftlog=053bbe9f-e617-47d8-81f1-5a2d0a241cc5@group-68F9DFA996A4-SegmentedRaftLog:OPENED:c-1,f-1,i0, conf=-1: [44386e62-51f5-4810-a1c5-3bae63c25e40:192.168.151.66:32774, 7f5dd112-3930-4cdb-a0ff-40ada89e25be:192.168.151.66:46159, 053bbe9f-e617-47d8-81f1-5a2d0a241cc5:192.168.151.66:33565], old=null
2019-09-24 22:41:09,652 [053bbe9f-e617-47d8-81f1-5a2d0a241cc5@group-68F9DFA996A4:LeaderElection12] INFO  impl.RaftServerImpl (RaftServerImpl.java:setRole(174)) - 053bbe9f-e617-47d8-81f1-5a2d0a241cc5@group-68F9DFA996A4: changes role from CANDIDATE to FOLLOWER at term 1 for DISCOVERED_A_NEW_TERM
2019-09-24 22:41:09,652 [053bbe9f-e617-47d8-81f1-5a2d0a241cc5@group-68F9DFA996A4:LeaderElection12] INFO  impl.RoleInfo (RoleInfo.java:shutdownLeaderElection(134)) - 053bbe9f-e617-47d8-81f1-5a2d0a241cc5: shutdown LeaderElection
2019-09-24 22:41:09,655 [053bbe9f-e617-47d8-81f1-5a2d0a241cc5@group-68F9DFA996A4:LeaderElection12] INFO  impl.RoleInfo (RoleInfo.java:updateAndGet(143)) - 053bbe9f-e617-47d8-81f1-5a2d0a241cc5: start FollowerState
2019-09-24 22:41:09,671 [44386e62-51f5-4810-a1c5-3bae63c25e40@group-68F9DFA996A4:LeaderElection13] INFO  impl.LeaderElection (LeaderElection.java:logAndReturn(56)) - 44386e62-51f5-4810-a1c5-3bae63c25e40@group-68F9DFA996A4:LeaderElection13: Election REJECTED; received 2 response(s) [44386e62-51f5-4810-a1c5-3bae63c25e40<-7f5dd112-3930-4cdb-a0ff-40ada89e25be#0:FAIL-t1, 44386e62-51f5-4810-a1c5-3bae63c25e40<-053bbe9f-e617-47d8-81f1-5a2d0a241cc5#0:FAIL-t1] and 0 exception(s); 44386e62-51f5-4810-a1c5-3bae63c25e40@group-68F9DFA996A4:t1, leader=null, voted=44386e62-51f5-4810-a1c5-3bae63c25e40, raftlog=44386e62-51f5-4810-a1c5-3bae63c25e40@group-68F9DFA996A4-SegmentedRaftLog:OPENED:c-1,f-1,i0, conf=-1: [44386e62-51f5-4810-a1c5-3bae63c25e40:192.168.151.66:32774, 7f5dd112-3930-4cdb-a0ff-40ada89e25be:192.168.151.66:46159, 053bbe9f-e617-47d8-81f1-5a2d0a241cc5:192.168.151.66:33565], old=null
2019-09-24 22:41:09,673 [44386e62-51f5-4810-a1c5-3bae63c25e40@group-68F9DFA996A4:LeaderElection13] INFO  impl.RaftServerImpl (RaftServerImpl.java:setRole(174)) - 44386e62-51f5-4810-a1c5-3bae63c25e40@group-68F9DFA996A4: changes role from CANDIDATE to FOLLOWER at term 1 for DISCOVERED_A_NEW_TERM
2019-09-24 22:41:09,673 [44386e62-51f5-4810-a1c5-3bae63c25e40@group-68F9DFA996A4:LeaderElection13] INFO  impl.RoleInfo (RoleInfo.java:shutdownLeaderElection(134)) - 44386e62-51f5-4810-a1c5-3bae63c25e40: shutdown LeaderElection
2019-09-24 22:41:09,675 [44386e62-51f5-4810-a1c5-3bae63c25e40@group-68F9DFA996A4:LeaderElection13] INFO  impl.RoleInfo (RoleInfo.java:updateAndGet(143)) - 44386e62-51f5-4810-a1c5-3bae63c25e40: start FollowerState
2019-09-24 22:41:09,683 [grpc-default-executor-1] INFO  impl.RaftServerImpl (ServerState.java:setLeader(253)) - faf732d4-9705-4e91-a5ff-9b5c287516c2@group-62F8E6E769DC: change Leader from null to ed156df5-2bd4-47ff-b40d-dee021ecbbab at term 1 for appendEntries, leader elected after 5362ms
2019-09-24 22:41:09,687 [grpc-default-executor-3] INFO  impl.RaftServerImpl (ServerState.java:setLeader(253)) - ef51bf3c-7b8f-4ad7-803c-941f117d7a0b@group-62F8E6E769DC: change Leader from null to ed156df5-2bd4-47ff-b40d-dee021ecbbab at term 1 for appendEntries, leader elected after 5366ms
2019-09-24 22:41:09,715 [3716a3a4-b37c-4a3e-91b5-9d776be92922@group-E79BDEEF64FC:LeaderElection15] INFO  impl.LeaderElection (LeaderElection.java:logAndReturn(56)) - 3716a3a4-b37c-4a3e-91b5-9d776be92922@group-E79BDEEF64FC:LeaderElection15: Election REJECTED; received 2 response(s) [3716a3a4-b37c-4a3e-91b5-9d776be92922<-fa75059b-409c-42ba-aabb-33da8f2e557d#0:FAIL-t1, 3716a3a4-b37c-4a3e-91b5-9d776be92922<-991de87b-0f41-4d84-9a26-7b325c2c170c#0:FAIL-t1] and 0 exception(s); 3716a3a4-b37c-4a3e-91b5-9d776be92922@group-E79BDEEF64FC:t1, leader=null, voted=3716a3a4-b37c-4a3e-91b5-9d776be92922, raftlog=3716a3a4-b37c-4a3e-91b5-9d776be92922@group-E79BDEEF64FC-SegmentedRaftLog:OPENED:c-1,f-1,i0, conf=-1: [3716a3a4-b37c-4a3e-91b5-9d776be92922:192.168.151.66:42029, 991de87b-0f41-4d84-9a26-7b325c2c170c:192.168.151.66:37010, fa75059b-409c-42ba-aabb-33da8f2e557d:192.168.151.66:35520], old=null
2019-09-24 22:41:09,725 [3716a3a4-b37c-4a3e-91b5-9d776be92922@group-E79BDEEF64FC:LeaderElection15] INFO  impl.RaftServerImpl (RaftServerImpl.java:setRole(174)) - 3716a3a4-b37c-4a3e-91b5-9d776be92922@group-E79BDEEF64FC: changes role from CANDIDATE to FOLLOWER at term 1 for DISCOVERED_A_NEW_TERM
2019-09-24 22:41:09,725 [3716a3a4-b37c-4a3e-91b5-9d776be92922@group-E79BDEEF64FC:LeaderElection15] INFO  impl.RoleInfo (RoleInfo.java:shutdownLeaderElection(134)) - 3716a3a4-b37c-4a3e-91b5-9d776be92922: shutdown LeaderElection
2019-09-24 22:41:09,727 [3716a3a4-b37c-4a3e-91b5-9d776be92922@group-E79BDEEF64FC:LeaderElection15] INFO  impl.RoleInfo (RoleInfo.java:updateAndGet(143)) - 3716a3a4-b37c-4a3e-91b5-9d776be92922: start FollowerState
2019-09-24 22:41:09,731 [fa75059b-409c-42ba-aabb-33da8f2e557d@group-E79BDEEF64FC:LeaderElection17] INFO  impl.LeaderElection (LeaderElection.java:logAndReturn(56)) - fa75059b-409c-42ba-aabb-33da8f2e557d@group-E79BDEEF64FC:LeaderElection17: Election REJECTED; received 2 response(s) [fa75059b-409c-42ba-aabb-33da8f2e557d<-3716a3a4-b37c-4a3e-91b5-9d776be92922#0:FAIL-t1, fa75059b-409c-42ba-aabb-33da8f2e557d<-991de87b-0f41-4d84-9a26-7b325c2c170c#0:FAIL-t1] and 0 exception(s); fa75059b-409c-42ba-aabb-33da8f2e557d@group-E79BDEEF64FC:t1, leader=null, voted=fa75059b-409c-42ba-aabb-33da8f2e557d, raftlog=fa75059b-409c-42ba-aabb-33da8f2e557d@group-E79BDEEF64FC-SegmentedRaftLog:OPENED:c-1,f-1,i0, conf=-1: [3716a3a4-b37c-4a3e-91b5-9d776be92922:192.168.151.66:42029, 991de87b-0f41-4d84-9a26-7b325c2c170c:192.168.151.66:37010, fa75059b-409c-42ba-aabb-33da8f2e557d:192.168.151.66:35520], old=null
2019-09-24 22:41:09,733 [fa75059b-409c-42ba-aabb-33da8f2e557d@group-E79BDEEF64FC:LeaderElection17] INFO  impl.RaftServerImpl (RaftServerImpl.java:setRole(174)) - fa75059b-409c-42ba-aabb-33da8f2e557d@group-E79BDEEF64FC: changes role from CANDIDATE to FOLLOWER at term 1 for DISCOVERED_A_NEW_TERM
2019-09-24 22:41:09,735 [fa75059b-409c-42ba-aabb-33da8f2e557d@group-E79BDEEF64FC:LeaderElection17] INFO  impl.RoleInfo (RoleInfo.java:shutdownLeaderElection(134)) - fa75059b-409c-42ba-aabb-33da8f2e557d: shutdown LeaderElection
2019-09-24 22:41:09,735 [fa75059b-409c-42ba-aabb-33da8f2e557d@group-E79BDEEF64FC:LeaderElection17] INFO  impl.RoleInfo (RoleInfo.java:updateAndGet(143)) - fa75059b-409c-42ba-aabb-33da8f2e557d: start FollowerState
2019-09-24 22:41:09,735 [7f5dd112-3930-4cdb-a0ff-40ada89e25be@group-68F9DFA996A4:LeaderElection14] INFO  impl.LeaderElection (LeaderElection.java:logAndReturn(56)) - 7f5dd112-3930-4cdb-a0ff-40ada89e25be@group-68F9DFA996A4:LeaderElection14: Election REJECTED; received 2 response(s) [7f5dd112-3930-4cdb-a0ff-40ada89e25be<-44386e62-51f5-4810-a1c5-3bae63c25e40#0:FAIL-t1, 7f5dd112-3930-4cdb-a0ff-40ada89e25be<-053bbe9f-e617-47d8-81f1-5a2d0a241cc5#0:FAIL-t1] and 0 exception(s); 7f5dd112-3930-4cdb-a0ff-40ada89e25be@group-68F9DFA996A4:t1, leader=null, voted=7f5dd112-3930-4cdb-a0ff-40ada89e25be, raftlog=7f5dd112-3930-4cdb-a0ff-40ada89e25be@group-68F9DFA996A4-SegmentedRaftLog:OPENED:c-1,f-1,i0, conf=-1: [44386e62-51f5-4810-a1c5-3bae63c25e40:192.168.151.66:32774, 7f5dd112-3930-4cdb-a0ff-40ada89e25be:192.168.151.66:46159, 053bbe9f-e617-47d8-81f1-5a2d0a241cc5:192.168.151.66:33565], old=null
2019-09-24 22:41:09,737 [7f5dd112-3930-4cdb-a0ff-40ada89e25be@group-68F9DFA996A4:LeaderElection14] INFO  impl.RaftServerImpl (RaftServerImpl.java:setRole(174)) - 7f5dd112-3930-4cdb-a0ff-40ada89e25be@group-68F9DFA996A4: changes role from CANDIDATE to FOLLOWER at term 1 for DISCOVERED_A_NEW_TERM
2019-09-24 22:41:09,737 [7f5dd112-3930-4cdb-a0ff-40ada89e25be@group-68F9DFA996A4:LeaderElection14] INFO  impl.RoleInfo (RoleInfo.java:shutdownLeaderElection(134)) - 7f5dd112-3930-4cdb-a0ff-40ada89e25be: shutdown LeaderElection
2019-09-24 22:41:09,737 [7f5dd112-3930-4cdb-a0ff-40ada89e25be@group-68F9DFA996A4:LeaderElection14] INFO  impl.RoleInfo (RoleInfo.java:updateAndGet(143)) - 7f5dd112-3930-4cdb-a0ff-40ada89e25be: start FollowerState
2019-09-24 22:41:09,742 [991de87b-0f41-4d84-9a26-7b325c2c170c@group-E79BDEEF64FC:LeaderElection16] INFO  impl.LeaderElection (LeaderElection.java:logAndReturn(56)) - 991de87b-0f41-4d84-9a26-7b325c2c170c@group-E79BDEEF64FC:LeaderElection16: Election REJECTED; received 2 response(s) [991de87b-0f41-4d84-9a26-7b325c2c170c<-3716a3a4-b37c-4a3e-91b5-9d776be92922#0:FAIL-t1, 991de87b-0f41-4d84-9a26-7b325c2c170c<-fa75059b-409c-42ba-aabb-33da8f2e557d#0:FAIL-t1] and 0 exception(s); 991de87b-0f41-4d84-9a26-7b325c2c170c@group-E79BDEEF64FC:t1, leader=null, voted=991de87b-0f41-4d84-9a26-7b325c2c170c, raftlog=991de87b-0f41-4d84-9a26-7b325c2c170c@group-E79BDEEF64FC-SegmentedRaftLog:OPENED:c-1,f-1,i0, conf=-1: [3716a3a4-b37c-4a3e-91b5-9d776be92922:192.168.151.66:42029, 991de87b-0f41-4d84-9a26-7b325c2c170c:192.168.151.66:37010, fa75059b-409c-42ba-aabb-33da8f2e557d:192.168.151.66:35520], old=null
2019-09-24 22:41:09,745 [991de87b-0f41-4d84-9a26-7b325c2c170c@group-E79BDEEF64FC:LeaderElection16] INFO  impl.RaftServerImpl (RaftServerImpl.java:setRole(174)) - 991de87b-0f41-4d84-9a26-7b325c2c170c@group-E79BDEEF64FC: changes role from CANDIDATE to FOLLOWER at term 1 for DISCOVERED_A_NEW_TERM
2019-09-24 22:41:09,745 [991de87b-0f41-4d84-9a26-7b325c2c170c@group-E79BDEEF64FC:LeaderElection16] INFO  impl.RoleInfo (RoleInfo.java:shutdownLeaderElection(134)) - 991de87b-0f41-4d84-9a26-7b325c2c170c: shutdown LeaderElection
2019-09-24 22:41:09,746 [991de87b-0f41-4d84-9a26-7b325c2c170c@group-E79BDEEF64FC:LeaderElection16] INFO  impl.RoleInfo (RoleInfo.java:updateAndGet(143)) - 991de87b-0f41-4d84-9a26-7b325c2c170c: start FollowerState
2019-09-24 22:41:09,753 [grpc-default-executor-3] INFO  impl.RaftServerImpl (ServerState.java:setRaftConf(354)) - ef51bf3c-7b8f-4ad7-803c-941f117d7a0b@group-62F8E6E769DC: set configuration 0: [ed156df5-2bd4-47ff-b40d-dee021ecbbab:192.168.151.66:42232, ef51bf3c-7b8f-4ad7-803c-941f117d7a0b:192.168.151.66:45660, faf732d4-9705-4e91-a5ff-9b5c287516c2:192.168.151.66:34652], old=null at 0
2019-09-24 22:41:09,753 [grpc-default-executor-1] INFO  impl.RaftServerImpl (ServerState.java:setRaftConf(354)) - faf732d4-9705-4e91-a5ff-9b5c287516c2@group-62F8E6E769DC: set configuration 0: [ed156df5-2bd4-47ff-b40d-dee021ecbbab:192.168.151.66:42232, ef51bf3c-7b8f-4ad7-803c-941f117d7a0b:192.168.151.66:45660, faf732d4-9705-4e91-a5ff-9b5c287516c2:192.168.151.66:34652], old=null at 0
2019-09-24 22:41:09,755 [grpc-default-executor-3] INFO  segmented.SegmentedRaftLogWorker (SegmentedRaftLogWorker.java:startLogSegment(380)) - ef51bf3c-7b8f-4ad7-803c-941f117d7a0b@group-62F8E6E769DC-SegmentedRaftLogWorker: Starting segment from index:0
2019-09-24 22:41:09,755 [grpc-default-executor-1] INFO  segmented.SegmentedRaftLogWorker (SegmentedRaftLogWorker.java:startLogSegment(380)) - faf732d4-9705-4e91-a5ff-9b5c287516c2@group-62F8E6E769DC-SegmentedRaftLogWorker: Starting segment from index:0
2019-09-24 22:41:09,780 [faf732d4-9705-4e91-a5ff-9b5c287516c2@group-62F8E6E769DC-SegmentedRaftLogWorker] INFO  segmented.SegmentedRaftLogWorker (SegmentedRaftLogWorker.java:execute(569)) - faf732d4-9705-4e91-a5ff-9b5c287516c2@group-62F8E6E769DC-SegmentedRaftLogWorker: created new log segment /workdir/hadoop-ozone/integration-test/target/test-dir/MiniOzoneClusterImpl-9f0f2ccb-738a-4344-bc48-f2576ae9334a/datanode-4/data/ratis/5bf811d0-be00-4de4-83d6-62f8e6e769dc/current/log_inprogress_0
2019-09-24 22:41:09,780 [ef51bf3c-7b8f-4ad7-803c-941f117d7a0b@group-62F8E6E769DC-SegmentedRaftLogWorker] INFO  segmented.SegmentedRaftLogWorker (SegmentedRaftLogWorker.java:execute(569)) - ef51bf3c-7b8f-4ad7-803c-941f117d7a0b@group-62F8E6E769DC-SegmentedRaftLogWorker: created new log segment /workdir/hadoop-ozone/integration-test/target/test-dir/MiniOzoneClusterImpl-9f0f2ccb-738a-4344-bc48-f2576ae9334a/datanode-7/data/ratis/5bf811d0-be00-4de4-83d6-62f8e6e769dc/current/log_inprogress_0
2019-09-24 22:41:10,332 [main] INFO  ipc.Client (Client.java:handleConnectionFailure(948)) - Retrying connect to server: localhost/127.0.0.1:0. Already tried 6 time(s); retry policy is RetryUpToMaximumCountWithFixedSleep(maxRetries=10, sleepTime=1000 MILLISECONDS)
2019-09-24 22:41:11,333 [main] INFO  ipc.Client (Client.java:handleConnectionFailure(948)) - Retrying connect to server: localhost/127.0.0.1:0. Already tried 7 time(s); retry policy is RetryUpToMaximumCountWithFixedSleep(maxRetries=10, sleepTime=1000 MILLISECONDS)
2019-09-24 22:41:12,334 [main] INFO  ipc.Client (Client.java:handleConnectionFailure(948)) - Retrying connect to server: localhost/127.0.0.1:0. Already tried 8 time(s); retry policy is RetryUpToMaximumCountWithFixedSleep(maxRetries=10, sleepTime=1000 MILLISECONDS)
2019-09-24 22:41:13,336 [main] INFO  ipc.Client (Client.java:handleConnectionFailure(948)) - Retrying connect to server: localhost/127.0.0.1:0. Already tried 9 time(s); retry policy is RetryUpToMaximumCountWithFixedSleep(maxRetries=10, sleepTime=1000 MILLISECONDS)
2019-09-24 22:41:14,342 [main] INFO  ipc.Client (Client.java:handleConnectionFailure(948)) - Retrying connect to server: localhost/127.0.0.1:0. Already tried 0 time(s); retry policy is RetryUpToMaximumCountWithFixedSleep(maxRetries=10, sleepTime=1000 MILLISECONDS)
2019-09-24 22:41:14,693 [Thread-391] INFO  impl.FollowerState (FollowerState.java:run(106)) - 44386e62-51f5-4810-a1c5-3bae63c25e40:group-68F9DFA996A4 changes to CANDIDATE, lastRpcTime:5017, electionTimeout:5011ms
2019-09-24 22:41:14,693 [Thread-391] INFO  impl.RoleInfo (RoleInfo.java:shutdownFollowerState(121)) - 44386e62-51f5-4810-a1c5-3bae63c25e40: shutdown FollowerState
2019-09-24 22:41:14,693 [Thread-391] INFO  impl.RaftServerImpl (RaftServerImpl.java:setRole(174)) - 44386e62-51f5-4810-a1c5-3bae63c25e40@group-68F9DFA996A4: changes role from  FOLLOWER to CANDIDATE at term 1 for changeToCandidate
2019-09-24 22:41:14,693 [Thread-391] INFO  impl.RoleInfo (RoleInfo.java:updateAndGet(143)) - 44386e62-51f5-4810-a1c5-3bae63c25e40: start LeaderElection
2019-09-24 22:41:14,712 [Thread-390] INFO  impl.FollowerState (FollowerState.java:run(106)) - 053bbe9f-e617-47d8-81f1-5a2d0a241cc5:group-68F9DFA996A4 changes to CANDIDATE, lastRpcTime:5057, electionTimeout:5052ms
2019-09-24 22:41:14,712 [Thread-390] INFO  impl.RoleInfo (RoleInfo.java:shutdownFollowerState(121)) - 053bbe9f-e617-47d8-81f1-5a2d0a241cc5: shutdown FollowerState
2019-09-24 22:41:14,712 [Thread-390] INFO  impl.RaftServerImpl (RaftServerImpl.java:setRole(174)) - 053bbe9f-e617-47d8-81f1-5a2d0a241cc5@group-68F9DFA996A4: changes role from  FOLLOWER to CANDIDATE at term 1 for changeToCandidate
2019-09-24 22:41:14,713 [Thread-390] INFO  impl.RoleInfo (RoleInfo.java:updateAndGet(143)) - 053bbe9f-e617-47d8-81f1-5a2d0a241cc5: start LeaderElection
2019-09-24 22:41:14,744 [053bbe9f-e617-47d8-81f1-5a2d0a241cc5@group-68F9DFA996A4:LeaderElection19] INFO  impl.LeaderElection (LeaderElection.java:askForVotes(182)) - 053bbe9f-e617-47d8-81f1-5a2d0a241cc5@group-68F9DFA996A4:LeaderElection19: begin an election at term 2 for -1: [44386e62-51f5-4810-a1c5-3bae63c25e40:192.168.151.66:32774, 7f5dd112-3930-4cdb-a0ff-40ada89e25be:192.168.151.66:46159, 053bbe9f-e617-47d8-81f1-5a2d0a241cc5:192.168.151.66:33565], old=null
2019-09-24 22:41:14,744 [44386e62-51f5-4810-a1c5-3bae63c25e40@group-68F9DFA996A4:LeaderElection18] INFO  impl.LeaderElection (LeaderElection.java:askForVotes(182)) - 44386e62-51f5-4810-a1c5-3bae63c25e40@group-68F9DFA996A4:LeaderElection18: begin an election at term 2 for -1: [44386e62-51f5-4810-a1c5-3bae63c25e40:192.168.151.66:32774, 7f5dd112-3930-4cdb-a0ff-40ada89e25be:192.168.151.66:46159, 053bbe9f-e617-47d8-81f1-5a2d0a241cc5:192.168.151.66:33565], old=null
2019-09-24 22:41:14,762 [grpc-default-executor-1] INFO  impl.RaftServerImpl (RaftServerImpl.java:setRole(174)) - 7f5dd112-3930-4cdb-a0ff-40ada89e25be@group-68F9DFA996A4: changes role from  FOLLOWER to FOLLOWER at term 2 for recognizeCandidate:053bbe9f-e617-47d8-81f1-5a2d0a241cc5
2019-09-24 22:41:14,762 [grpc-default-executor-1] INFO  impl.RoleInfo (RoleInfo.java:shutdownFollowerState(121)) - 7f5dd112-3930-4cdb-a0ff-40ada89e25be: shutdown FollowerState
2019-09-24 22:41:14,762 [grpc-default-executor-1] INFO  impl.RoleInfo (RoleInfo.java:updateAndGet(143)) - 7f5dd112-3930-4cdb-a0ff-40ada89e25be: start FollowerState
2019-09-24 22:41:14,762 [Thread-396] INFO  impl.FollowerState (FollowerState.java:run(115)) - 7f5dd112-3930-4cdb-a0ff-40ada89e25be: FollowerState was interrupted: java.lang.InterruptedException: sleep interrupted
2019-09-24 22:41:14,779 [053bbe9f-e617-47d8-81f1-5a2d0a241cc5@group-68F9DFA996A4:LeaderElection19] INFO  impl.LeaderElection (LeaderElection.java:logAndReturn(56)) - 053bbe9f-e617-47d8-81f1-5a2d0a241cc5@group-68F9DFA996A4:LeaderElection19: Election PASSED; received 2 response(s) [053bbe9f-e617-47d8-81f1-5a2d0a241cc5<-44386e62-51f5-4810-a1c5-3bae63c25e40#0:FAIL-t2, 053bbe9f-e617-47d8-81f1-5a2d0a241cc5<-7f5dd112-3930-4cdb-a0ff-40ada89e25be#0:OK-t2] and 0 exception(s); 053bbe9f-e617-47d8-81f1-5a2d0a241cc5@group-68F9DFA996A4:t2, leader=null, voted=053bbe9f-e617-47d8-81f1-5a2d0a241cc5, raftlog=053bbe9f-e617-47d8-81f1-5a2d0a241cc5@group-68F9DFA996A4-SegmentedRaftLog:OPENED:c-1,f-1,i0, conf=-1: [44386e62-51f5-4810-a1c5-3bae63c25e40:192.168.151.66:32774, 7f5dd112-3930-4cdb-a0ff-40ada89e25be:192.168.151.66:46159, 053bbe9f-e617-47d8-81f1-5a2d0a241cc5:192.168.151.66:33565], old=null
2019-09-24 22:41:14,779 [053bbe9f-e617-47d8-81f1-5a2d0a241cc5@group-68F9DFA996A4:LeaderElection19] INFO  impl.RoleInfo (RoleInfo.java:shutdownLeaderElection(134)) - 053bbe9f-e617-47d8-81f1-5a2d0a241cc5: shutdown LeaderElection
2019-09-24 22:41:14,782 [053bbe9f-e617-47d8-81f1-5a2d0a241cc5@group-68F9DFA996A4:LeaderElection19] INFO  impl.RaftServerImpl (RaftServerImpl.java:setRole(174)) - 053bbe9f-e617-47d8-81f1-5a2d0a241cc5@group-68F9DFA996A4: changes role from CANDIDATE to LEADER at term 2 for changeToLeader
2019-09-24 22:41:14,782 [053bbe9f-e617-47d8-81f1-5a2d0a241cc5@group-68F9DFA996A4:LeaderElection19] INFO  impl.RaftServerImpl (ServerState.java:setLeader(253)) - 053bbe9f-e617-47d8-81f1-5a2d0a241cc5@group-68F9DFA996A4: change Leader from null to 053bbe9f-e617-47d8-81f1-5a2d0a241cc5 at term 2 for becomeLeader, leader elected after 10334ms
2019-09-24 22:41:14,785 [053bbe9f-e617-47d8-81f1-5a2d0a241cc5@group-68F9DFA996A4:LeaderElection19] INFO  server.RaftServerConfigKeys (ConfUtils.java:logGet(43)) - raft.server.staging.catchup.gap = 1000 (default)
2019-09-24 22:41:14,785 [053bbe9f-e617-47d8-81f1-5a2d0a241cc5@group-68F9DFA996A4:LeaderElection19] INFO  server.RaftServerConfigKeys (ConfUtils.java:logGet(43)) - raft.server.rpc.sleep.time = 25ms (default)
2019-09-24 22:41:14,785 [44386e62-51f5-4810-a1c5-3bae63c25e40@group-68F9DFA996A4:LeaderElection18] INFO  impl.LeaderElection (LeaderElection.java:logAndReturn(56)) - 44386e62-51f5-4810-a1c5-3bae63c25e40@group-68F9DFA996A4:LeaderElection18: Election REJECTED; received 2 response(s) [44386e62-51f5-4810-a1c5-3bae63c25e40<-7f5dd112-3930-4cdb-a0ff-40ada89e25be#0:FAIL-t2, 44386e62-51f5-4810-a1c5-3bae63c25e40<-053bbe9f-e617-47d8-81f1-5a2d0a241cc5#0:FAIL-t2] and 0 exception(s); 44386e62-51f5-4810-a1c5-3bae63c25e40@group-68F9DFA996A4:t2, leader=null, voted=44386e62-51f5-4810-a1c5-3bae63c25e40, raftlog=44386e62-51f5-4810-a1c5-3bae63c25e40@group-68F9DFA996A4-SegmentedRaftLog:OPENED:c-1,f-1,i0, conf=-1: [44386e62-51f5-4810-a1c5-3bae63c25e40:192.168.151.66:32774, 7f5dd112-3930-4cdb-a0ff-40ada89e25be:192.168.151.66:46159, 053bbe9f-e617-47d8-81f1-5a2d0a241cc5:192.168.151.66:33565], old=null
2019-09-24 22:41:14,787 [053bbe9f-e617-47d8-81f1-5a2d0a241cc5@group-68F9DFA996A4:LeaderElection19] INFO  server.RaftServerConfigKeys (ConfUtils.java:logGet(43)) - raft.server.write.element-limit = 4096 (default)
2019-09-24 22:41:14,787 [44386e62-51f5-4810-a1c5-3bae63c25e40@group-68F9DFA996A4:LeaderElection18] INFO  impl.RaftServerImpl (RaftServerImpl.java:setRole(174)) - 44386e62-51f5-4810-a1c5-3bae63c25e40@group-68F9DFA996A4: changes role from CANDIDATE to FOLLOWER at term 2 for DISCOVERED_A_NEW_TERM
2019-09-24 22:41:14,792 [053bbe9f-e617-47d8-81f1-5a2d0a241cc5@group-68F9DFA996A4:LeaderElection19] INFO  server.RaftServerConfigKeys (ConfUtils.java:logGet(43)) - raft.server.watch.timeout = 10s (default)
2019-09-24 22:41:14,795 [44386e62-51f5-4810-a1c5-3bae63c25e40@group-68F9DFA996A4:LeaderElection18] INFO  impl.RoleInfo (RoleInfo.java:shutdownLeaderElection(134)) - 44386e62-51f5-4810-a1c5-3bae63c25e40: shutdown LeaderElection
2019-09-24 22:41:14,795 [053bbe9f-e617-47d8-81f1-5a2d0a241cc5@group-68F9DFA996A4:LeaderElection19] INFO  server.RaftServerConfigKeys (ConfUtils.java:logGet(43)) - raft.server.watch.timeout.denomination = 1s (default)
2019-09-24 22:41:14,795 [44386e62-51f5-4810-a1c5-3bae63c25e40@group-68F9DFA996A4:LeaderElection18] INFO  impl.RoleInfo (RoleInfo.java:updateAndGet(143)) - 44386e62-51f5-4810-a1c5-3bae63c25e40: start FollowerState
2019-09-24 22:41:14,795 [053bbe9f-e617-47d8-81f1-5a2d0a241cc5@group-68F9DFA996A4:LeaderElection19] INFO  server.RaftServerConfigKeys (ConfUtils.java:logGet(43)) - raft.server.watch.element-limit = 65536 (default)
2019-09-24 22:41:14,799 [Thread-395] INFO  impl.FollowerState (FollowerState.java:run(106)) - fa75059b-409c-42ba-aabb-33da8f2e557d:group-E79BDEEF64FC changes to CANDIDATE, lastRpcTime:5064, electionTimeout:5064ms
2019-09-24 22:41:14,800 [Thread-395] INFO  impl.RoleInfo (RoleInfo.java:shutdownFollowerState(121)) - fa75059b-409c-42ba-aabb-33da8f2e557d: shutdown FollowerState
2019-09-24 22:41:14,800 [Thread-395] INFO  impl.RaftServerImpl (RaftServerImpl.java:setRole(174)) - fa75059b-409c-42ba-aabb-33da8f2e557d@group-E79BDEEF64FC: changes role from  FOLLOWER to CANDIDATE at term 1 for changeToCandidate
2019-09-24 22:41:14,800 [Thread-395] INFO  impl.RoleInfo (RoleInfo.java:updateAndGet(143)) - fa75059b-409c-42ba-aabb-33da8f2e557d: start LeaderElection
2019-09-24 22:41:14,801 [053bbe9f-e617-47d8-81f1-5a2d0a241cc5@group-68F9DFA996A4:LeaderElection19] INFO  server.RaftServerConfigKeys (ConfUtils.java:logGet(43)) - raft.server.log.appender.snapshot.chunk.size.max = 16MB (=16777216) (default)
2019-09-24 22:41:14,801 [053bbe9f-e617-47d8-81f1-5a2d0a241cc5@group-68F9DFA996A4:LeaderElection19] INFO  server.RaftServerConfigKeys (ConfUtils.java:logGet(43)) - raft.server.log.appender.buffer.byte-limit = 33554432 (custom)
2019-09-24 22:41:14,802 [053bbe9f-e617-47d8-81f1-5a2d0a241cc5@group-68F9DFA996A4:LeaderElection19] INFO  server.RaftServerConfigKeys (ConfUtils.java:logGet(43)) - raft.server.log.appender.buffer.element-limit = 1 (custom)
2019-09-24 22:41:14,802 [053bbe9f-e617-47d8-81f1-5a2d0a241cc5@group-68F9DFA996A4:LeaderElection19] INFO  grpc.GrpcConfigKeys$Server (ConfUtils.java:logGet(43)) - raft.grpc.server.leader.outstanding.appends.max = 128 (default)
2019-09-24 22:41:14,804 [053bbe9f-e617-47d8-81f1-5a2d0a241cc5@group-68F9DFA996A4:LeaderElection19] INFO  server.RaftServerConfigKeys (ConfUtils.java:logGet(43)) - raft.server.rpc.request.timeout = 3000ms (default)
2019-09-24 22:41:14,805 [053bbe9f-e617-47d8-81f1-5a2d0a241cc5@group-68F9DFA996A4:LeaderElection19] INFO  server.RaftServerConfigKeys (ConfUtils.java:logGet(43)) - raft.server.log.appender.install.snapshot.enabled = false (custom)
2019-09-24 22:41:14,805 [053bbe9f-e617-47d8-81f1-5a2d0a241cc5@group-68F9DFA996A4:LeaderElection19] INFO  server.RaftServerConfigKeys (ConfUtils.java:logGet(43)) - raft.server.log.appender.snapshot.chunk.size.max = 16MB (=16777216) (default)
2019-09-24 22:41:14,805 [053bbe9f-e617-47d8-81f1-5a2d0a241cc5@group-68F9DFA996A4:LeaderElection19] INFO  server.RaftServerConfigKeys (ConfUtils.java:logGet(43)) - raft.server.log.appender.buffer.byte-limit = 33554432 (custom)
2019-09-24 22:41:14,805 [053bbe9f-e617-47d8-81f1-5a2d0a241cc5@group-68F9DFA996A4:LeaderElection19] INFO  server.RaftServerConfigKeys (ConfUtils.java:logGet(43)) - raft.server.log.appender.buffer.element-limit = 1 (custom)
2019-09-24 22:41:14,806 [053bbe9f-e617-47d8-81f1-5a2d0a241cc5@group-68F9DFA996A4:LeaderElection19] INFO  grpc.GrpcConfigKeys$Server (ConfUtils.java:logGet(43)) - raft.grpc.server.leader.outstanding.appends.max = 128 (default)
2019-09-24 22:41:14,806 [053bbe9f-e617-47d8-81f1-5a2d0a241cc5@group-68F9DFA996A4:LeaderElection19] INFO  server.RaftServerConfigKeys (ConfUtils.java:logGet(43)) - raft.server.rpc.request.timeout = 3000ms (default)
2019-09-24 22:41:14,806 [053bbe9f-e617-47d8-81f1-5a2d0a241cc5@group-68F9DFA996A4:LeaderElection19] INFO  server.RaftServerConfigKeys (ConfUtils.java:logGet(43)) - raft.server.log.appender.install.snapshot.enabled = false (custom)
2019-09-24 22:41:14,807 [053bbe9f-e617-47d8-81f1-5a2d0a241cc5@group-68F9DFA996A4:LeaderElection19] INFO  impl.RoleInfo (RoleInfo.java:updateAndGet(143)) - 053bbe9f-e617-47d8-81f1-5a2d0a241cc5: start LeaderState
2019-09-24 22:41:14,807 [053bbe9f-e617-47d8-81f1-5a2d0a241cc5@group-68F9DFA996A4:LeaderElection19] INFO  segmented.SegmentedRaftLogWorker (SegmentedRaftLogWorker.java:startLogSegment(380)) - 053bbe9f-e617-47d8-81f1-5a2d0a241cc5@group-68F9DFA996A4-SegmentedRaftLogWorker: Starting segment from index:0
2019-09-24 22:41:14,808 [053bbe9f-e617-47d8-81f1-5a2d0a241cc5@group-68F9DFA996A4:LeaderElection19] INFO  impl.RaftServerImpl (ServerState.java:setRaftConf(354)) - 053bbe9f-e617-47d8-81f1-5a2d0a241cc5@group-68F9DFA996A4: set configuration 0: [44386e62-51f5-4810-a1c5-3bae63c25e40:192.168.151.66:32774, 7f5dd112-3930-4cdb-a0ff-40ada89e25be:192.168.151.66:46159, 053bbe9f-e617-47d8-81f1-5a2d0a241cc5:192.168.151.66:33565], old=null at 0
2019-09-24 22:41:14,831 [Thread-397] INFO  impl.FollowerState (FollowerState.java:run(106)) - 991de87b-0f41-4d84-9a26-7b325c2c170c:group-E79BDEEF64FC changes to CANDIDATE, lastRpcTime:5085, electionTimeout:5066ms
2019-09-24 22:41:14,831 [fa75059b-409c-42ba-aabb-33da8f2e557d@group-E79BDEEF64FC:LeaderElection20] INFO  impl.LeaderElection (LeaderElection.java:askForVotes(182)) - fa75059b-409c-42ba-aabb-33da8f2e557d@group-E79BDEEF64FC:LeaderElection20: begin an election at term 2 for -1: [3716a3a4-b37c-4a3e-91b5-9d776be92922:192.168.151.66:42029, 991de87b-0f41-4d84-9a26-7b325c2c170c:192.168.151.66:37010, fa75059b-409c-42ba-aabb-33da8f2e557d:192.168.151.66:35520], old=null
2019-09-24 22:41:14,831 [Thread-394] INFO  impl.FollowerState (FollowerState.java:run(106)) - 3716a3a4-b37c-4a3e-91b5-9d776be92922:group-E79BDEEF64FC changes to CANDIDATE, lastRpcTime:5103, electionTimeout:5084ms
2019-09-24 22:41:14,831 [Thread-397] INFO  impl.RoleInfo (RoleInfo.java:shutdownFollowerState(121)) - 991de87b-0f41-4d84-9a26-7b325c2c170c: shutdown FollowerState
2019-09-24 22:41:14,831 [Thread-394] INFO  impl.RoleInfo (RoleInfo.java:shutdownFollowerState(121)) - 3716a3a4-b37c-4a3e-91b5-9d776be92922: shutdown FollowerState
2019-09-24 22:41:14,831 [Thread-397] INFO  impl.RaftServerImpl (RaftServerImpl.java:setRole(174)) - 991de87b-0f41-4d84-9a26-7b325c2c170c@group-E79BDEEF64FC: changes role from  FOLLOWER to CANDIDATE at term 1 for changeToCandidate
2019-09-24 22:41:14,832 [Thread-394] INFO  impl.RaftServerImpl (RaftServerImpl.java:setRole(174)) - 3716a3a4-b37c-4a3e-91b5-9d776be92922@group-E79BDEEF64FC: changes role from  FOLLOWER to CANDIDATE at term 1 for changeToCandidate
2019-09-24 22:41:14,832 [Thread-397] INFO  impl.RoleInfo (RoleInfo.java:updateAndGet(143)) - 991de87b-0f41-4d84-9a26-7b325c2c170c: start LeaderElection
2019-09-24 22:41:14,833 [Thread-394] INFO  impl.RoleInfo (RoleInfo.java:updateAndGet(143)) - 3716a3a4-b37c-4a3e-91b5-9d776be92922: start LeaderElection
2019-09-24 22:41:14,834 [grpc-default-executor-5] INFO  impl.RaftServerImpl (ServerState.java:setLeader(253)) - 44386e62-51f5-4810-a1c5-3bae63c25e40@group-68F9DFA996A4: change Leader from null to 053bbe9f-e617-47d8-81f1-5a2d0a241cc5 at term 2 for appendEntries, leader elected after 10387ms
2019-09-24 22:41:14,834 [grpc-default-executor-1] INFO  impl.RaftServerImpl (ServerState.java:setLeader(253)) - 7f5dd112-3930-4cdb-a0ff-40ada89e25be@group-68F9DFA996A4: change Leader from null to 053bbe9f-e617-47d8-81f1-5a2d0a241cc5 at term 2 for appendEntries, leader elected after 10386ms
2019-09-24 22:41:14,848 [053bbe9f-e617-47d8-81f1-5a2d0a241cc5@group-68F9DFA996A4-SegmentedRaftLogWorker] INFO  segmented.SegmentedRaftLogWorker (SegmentedRaftLogWorker.java:execute(569)) - 053bbe9f-e617-47d8-81f1-5a2d0a241cc5@group-68F9DFA996A4-SegmentedRaftLogWorker: created new log segment /workdir/hadoop-ozone/integration-test/target/test-dir/MiniOzoneClusterImpl-9f0f2ccb-738a-4344-bc48-f2576ae9334a/datanode-6/data/ratis/fbdcdd06-97e8-4e69-b882-68f9dfa996a4/current/log_inprogress_0
2019-09-24 22:41:14,848 [991de87b-0f41-4d84-9a26-7b325c2c170c@group-E79BDEEF64FC:LeaderElection21] INFO  impl.LeaderElection (LeaderElection.java:askForVotes(182)) - 991de87b-0f41-4d84-9a26-7b325c2c170c@group-E79BDEEF64FC:LeaderElection21: begin an election at term 2 for -1: [3716a3a4-b37c-4a3e-91b5-9d776be92922:192.168.151.66:42029, 991de87b-0f41-4d84-9a26-7b325c2c170c:192.168.151.66:37010, fa75059b-409c-42ba-aabb-33da8f2e557d:192.168.151.66:35520], old=null
2019-09-24 22:41:14,848 [3716a3a4-b37c-4a3e-91b5-9d776be92922@group-E79BDEEF64FC:LeaderElection22] INFO  impl.LeaderElection (LeaderElection.java:askForVotes(182)) - 3716a3a4-b37c-4a3e-91b5-9d776be92922@group-E79BDEEF64FC:LeaderElection22: begin an election at term 2 for -1: [3716a3a4-b37c-4a3e-91b5-9d776be92922:192.168.151.66:42029, 991de87b-0f41-4d84-9a26-7b325c2c170c:192.168.151.66:37010, fa75059b-409c-42ba-aabb-33da8f2e557d:192.168.151.66:35520], old=null
2019-09-24 22:41:14,851 [fa75059b-409c-42ba-aabb-33da8f2e557d@group-E79BDEEF64FC:LeaderElection20] INFO  impl.LeaderElection (LeaderElection.java:logAndReturn(56)) - fa75059b-409c-42ba-aabb-33da8f2e557d@group-E79BDEEF64FC:LeaderElection20: Election REJECTED; received 2 response(s) [fa75059b-409c-42ba-aabb-33da8f2e557d<-3716a3a4-b37c-4a3e-91b5-9d776be92922#0:FAIL-t2, fa75059b-409c-42ba-aabb-33da8f2e557d<-991de87b-0f41-4d84-9a26-7b325c2c170c#0:FAIL-t2] and 0 exception(s); fa75059b-409c-42ba-aabb-33da8f2e557d@group-E79BDEEF64FC:t2, leader=null, voted=fa75059b-409c-42ba-aabb-33da8f2e557d, raftlog=fa75059b-409c-42ba-aabb-33da8f2e557d@group-E79BDEEF64FC-SegmentedRaftLog:OPENED:c-1,f-1,i0, conf=-1: [3716a3a4-b37c-4a3e-91b5-9d776be92922:192.168.151.66:42029, 991de87b-0f41-4d84-9a26-7b325c2c170c:192.168.151.66:37010, fa75059b-409c-42ba-aabb-33da8f2e557d:192.168.151.66:35520], old=null
2019-09-24 22:41:14,851 [fa75059b-409c-42ba-aabb-33da8f2e557d@group-E79BDEEF64FC:LeaderElection20] INFO  impl.RaftServerImpl (RaftServerImpl.java:setRole(174)) - fa75059b-409c-42ba-aabb-33da8f2e557d@group-E79BDEEF64FC: changes role from CANDIDATE to FOLLOWER at term 2 for DISCOVERED_A_NEW_TERM
2019-09-24 22:41:14,853 [fa75059b-409c-42ba-aabb-33da8f2e557d@group-E79BDEEF64FC:LeaderElection20] INFO  impl.RoleInfo (RoleInfo.java:shutdownLeaderElection(134)) - fa75059b-409c-42ba-aabb-33da8f2e557d: shutdown LeaderElection
2019-09-24 22:41:14,854 [fa75059b-409c-42ba-aabb-33da8f2e557d@group-E79BDEEF64FC:LeaderElection20] INFO  impl.RoleInfo (RoleInfo.java:updateAndGet(143)) - fa75059b-409c-42ba-aabb-33da8f2e557d: start FollowerState
2019-09-24 22:41:14,859 [grpc-default-executor-0] INFO  impl.RaftServerImpl (ServerState.java:setRaftConf(354)) - 44386e62-51f5-4810-a1c5-3bae63c25e40@group-68F9DFA996A4: set configuration 0: [44386e62-51f5-4810-a1c5-3bae63c25e40:192.168.151.66:32774, 7f5dd112-3930-4cdb-a0ff-40ada89e25be:192.168.151.66:46159, 053bbe9f-e617-47d8-81f1-5a2d0a241cc5:192.168.151.66:33565], old=null at 0
2019-09-24 22:41:14,861 [grpc-default-executor-5] INFO  impl.RaftServerImpl (ServerState.java:setRaftConf(354)) - 7f5dd112-3930-4cdb-a0ff-40ada89e25be@group-68F9DFA996A4: set configuration 0: [44386e62-51f5-4810-a1c5-3bae63c25e40:192.168.151.66:32774, 7f5dd112-3930-4cdb-a0ff-40ada89e25be:192.168.151.66:46159, 053bbe9f-e617-47d8-81f1-5a2d0a241cc5:192.168.151.66:33565], old=null at 0
2019-09-24 22:41:14,862 [grpc-default-executor-0] INFO  segmented.SegmentedRaftLogWorker (SegmentedRaftLogWorker.java:startLogSegment(380)) - 44386e62-51f5-4810-a1c5-3bae63c25e40@group-68F9DFA996A4-SegmentedRaftLogWorker: Starting segment from index:0
2019-09-24 22:41:14,862 [grpc-default-executor-5] INFO  segmented.SegmentedRaftLogWorker (SegmentedRaftLogWorker.java:startLogSegment(380)) - 7f5dd112-3930-4cdb-a0ff-40ada89e25be@group-68F9DFA996A4-SegmentedRaftLogWorker: Starting segment from index:0
2019-09-24 22:41:14,863 [3716a3a4-b37c-4a3e-91b5-9d776be92922@group-E79BDEEF64FC:LeaderElection22] INFO  impl.LeaderElection (LeaderElection.java:logAndReturn(56)) - 3716a3a4-b37c-4a3e-91b5-9d776be92922@group-E79BDEEF64FC:LeaderElection22: Election REJECTED; received 2 response(s) [3716a3a4-b37c-4a3e-91b5-9d776be92922<-991de87b-0f41-4d84-9a26-7b325c2c170c#0:FAIL-t2, 3716a3a4-b37c-4a3e-91b5-9d776be92922<-fa75059b-409c-42ba-aabb-33da8f2e557d#0:FAIL-t2] and 0 exception(s); 3716a3a4-b37c-4a3e-91b5-9d776be92922@group-E79BDEEF64FC:t2, leader=null, voted=3716a3a4-b37c-4a3e-91b5-9d776be92922, raftlog=3716a3a4-b37c-4a3e-91b5-9d776be92922@group-E79BDEEF64FC-SegmentedRaftLog:OPENED:c-1,f-1,i0, conf=-1: [3716a3a4-b37c-4a3e-91b5-9d776be92922:192.168.151.66:42029, 991de87b-0f41-4d84-9a26-7b325c2c170c:192.168.151.66:37010, fa75059b-409c-42ba-aabb-33da8f2e557d:192.168.151.66:35520], old=null
2019-09-24 22:41:14,863 [3716a3a4-b37c-4a3e-91b5-9d776be92922@group-E79BDEEF64FC:LeaderElection22] INFO  impl.RaftServerImpl (RaftServerImpl.java:setRole(174)) - 3716a3a4-b37c-4a3e-91b5-9d776be92922@group-E79BDEEF64FC: changes role from CANDIDATE to FOLLOWER at term 2 for DISCOVERED_A_NEW_TERM
2019-09-24 22:41:14,884 [3716a3a4-b37c-4a3e-91b5-9d776be92922@group-E79BDEEF64FC:LeaderElection22] INFO  impl.RoleInfo (RoleInfo.java:shutdownLeaderElection(134)) - 3716a3a4-b37c-4a3e-91b5-9d776be92922: shutdown LeaderElection
2019-09-24 22:41:14,884 [3716a3a4-b37c-4a3e-91b5-9d776be92922@group-E79BDEEF64FC:LeaderElection22] INFO  impl.RoleInfo (RoleInfo.java:updateAndGet(143)) - 3716a3a4-b37c-4a3e-91b5-9d776be92922: start FollowerState
2019-09-24 22:41:14,885 [991de87b-0f41-4d84-9a26-7b325c2c170c@group-E79BDEEF64FC:LeaderElection21] INFO  impl.LeaderElection (LeaderElection.java:logAndReturn(56)) - 991de87b-0f41-4d84-9a26-7b325c2c170c@group-E79BDEEF64FC:LeaderElection21: Election REJECTED; received 2 response(s) [991de87b-0f41-4d84-9a26-7b325c2c170c<-3716a3a4-b37c-4a3e-91b5-9d776be92922#0:FAIL-t2, 991de87b-0f41-4d84-9a26-7b325c2c170c<-fa75059b-409c-42ba-aabb-33da8f2e557d#0:FAIL-t2] and 0 exception(s); 991de87b-0f41-4d84-9a26-7b325c2c170c@group-E79BDEEF64FC:t2, leader=null, voted=991de87b-0f41-4d84-9a26-7b325c2c170c, raftlog=991de87b-0f41-4d84-9a26-7b325c2c170c@group-E79BDEEF64FC-SegmentedRaftLog:OPENED:c-1,f-1,i0, conf=-1: [3716a3a4-b37c-4a3e-91b5-9d776be92922:192.168.151.66:42029, 991de87b-0f41-4d84-9a26-7b325c2c170c:192.168.151.66:37010, fa75059b-409c-42ba-aabb-33da8f2e557d:192.168.151.66:35520], old=null
2019-09-24 22:41:14,887 [991de87b-0f41-4d84-9a26-7b325c2c170c@group-E79BDEEF64FC:LeaderElection21] INFO  impl.RaftServerImpl (RaftServerImpl.java:setRole(174)) - 991de87b-0f41-4d84-9a26-7b325c2c170c@group-E79BDEEF64FC: changes role from CANDIDATE to FOLLOWER at term 2 for DISCOVERED_A_NEW_TERM
2019-09-24 22:41:14,888 [991de87b-0f41-4d84-9a26-7b325c2c170c@group-E79BDEEF64FC:LeaderElection21] INFO  impl.RoleInfo (RoleInfo.java:shutdownLeaderElection(134)) - 991de87b-0f41-4d84-9a26-7b325c2c170c: shutdown LeaderElection
2019-09-24 22:41:14,889 [991de87b-0f41-4d84-9a26-7b325c2c170c@group-E79BDEEF64FC:LeaderElection21] INFO  impl.RoleInfo (RoleInfo.java:updateAndGet(143)) - 991de87b-0f41-4d84-9a26-7b325c2c170c: start FollowerState
2019-09-24 22:41:14,913 [44386e62-51f5-4810-a1c5-3bae63c25e40@group-68F9DFA996A4-SegmentedRaftLogWorker] INFO  segmented.SegmentedRaftLogWorker (SegmentedRaftLogWorker.java:execute(569)) - 44386e62-51f5-4810-a1c5-3bae63c25e40@group-68F9DFA996A4-SegmentedRaftLogWorker: created new log segment /workdir/hadoop-ozone/integration-test/target/test-dir/MiniOzoneClusterImpl-9f0f2ccb-738a-4344-bc48-f2576ae9334a/datanode-8/data/ratis/fbdcdd06-97e8-4e69-b882-68f9dfa996a4/current/log_inprogress_0
2019-09-24 22:41:14,913 [7f5dd112-3930-4cdb-a0ff-40ada89e25be@group-68F9DFA996A4-SegmentedRaftLogWorker] INFO  segmented.SegmentedRaftLogWorker (SegmentedRaftLogWorker.java:execute(569)) - 7f5dd112-3930-4cdb-a0ff-40ada89e25be@group-68F9DFA996A4-SegmentedRaftLogWorker: created new log segment /workdir/hadoop-ozone/integration-test/target/test-dir/MiniOzoneClusterImpl-9f0f2ccb-738a-4344-bc48-f2576ae9334a/datanode-0/data/ratis/fbdcdd06-97e8-4e69-b882-68f9dfa996a4/current/log_inprogress_0
2019-09-24 22:41:15,343 [main] INFO  ipc.Client (Client.java:handleConnectionFailure(948)) - Retrying connect to server: localhost/127.0.0.1:0. Already tried 1 time(s); retry policy is RetryUpToMaximumCountWithFixedSleep(maxRetries=10, sleepTime=1000 MILLISECONDS)
2019-09-24 22:41:16,344 [main] INFO  ipc.Client (Client.java:handleConnectionFailure(948)) - Retrying connect to server: localhost/127.0.0.1:0. Already tried 2 time(s); retry policy is RetryUpToMaximumCountWithFixedSleep(maxRetries=10, sleepTime=1000 MILLISECONDS)
2019-09-24 22:41:17,346 [main] INFO  ipc.Client (Client.java:handleConnectionFailure(948)) - Retrying connect to server: localhost/127.0.0.1:0. Already tried 3 time(s); retry policy is RetryUpToMaximumCountWithFixedSleep(maxRetries=10, sleepTime=1000 MILLISECONDS)
2019-09-24 22:41:18,348 [main] INFO  ipc.Client (Client.java:handleConnectionFailure(948)) - Retrying connect to server: localhost/127.0.0.1:0. Already tried 4 time(s); retry policy is RetryUpToMaximumCountWithFixedSleep(maxRetries=10, sleepTime=1000 MILLISECONDS)
2019-09-24 22:41:19,349 [main] INFO  ipc.Client (Client.java:handleConnectionFailure(948)) - Retrying connect to server: localhost/127.0.0.1:0. Already tried 5 time(s); retry policy is RetryUpToMaximumCountWithFixedSleep(maxRetries=10, sleepTime=1000 MILLISECONDS)
2019-09-24 22:41:19,907 [Thread-431] INFO  impl.FollowerState (FollowerState.java:run(106)) - 991de87b-0f41-4d84-9a26-7b325c2c170c:group-E79BDEEF64FC changes to CANDIDATE, lastRpcTime:5018, electionTimeout:5016ms
2019-09-24 22:41:19,907 [Thread-431] INFO  impl.RoleInfo (RoleInfo.java:shutdownFollowerState(121)) - 991de87b-0f41-4d84-9a26-7b325c2c170c: shutdown FollowerState
2019-09-24 22:41:19,908 [Thread-431] INFO  impl.RaftServerImpl (RaftServerImpl.java:setRole(174)) - 991de87b-0f41-4d84-9a26-7b325c2c170c@group-E79BDEEF64FC: changes role from  FOLLOWER to CANDIDATE at term 2 for changeToCandidate
2019-09-24 22:41:19,908 [Thread-431] INFO  impl.RoleInfo (RoleInfo.java:updateAndGet(143)) - 991de87b-0f41-4d84-9a26-7b325c2c170c: start LeaderElection
2019-09-24 22:41:19,946 [Thread-430] INFO  impl.FollowerState (FollowerState.java:run(106)) - 3716a3a4-b37c-4a3e-91b5-9d776be92922:group-E79BDEEF64FC changes to CANDIDATE, lastRpcTime:5061, electionTimeout:5059ms
2019-09-24 22:41:19,946 [Thread-430] INFO  impl.RoleInfo (RoleInfo.java:shutdownFollowerState(121)) - 3716a3a4-b37c-4a3e-91b5-9d776be92922: shutdown FollowerState
2019-09-24 22:41:19,946 [991de87b-0f41-4d84-9a26-7b325c2c170c@group-E79BDEEF64FC:LeaderElection23] INFO  impl.LeaderElection (LeaderElection.java:askForVotes(182)) - 991de87b-0f41-4d84-9a26-7b325c2c170c@group-E79BDEEF64FC:LeaderElection23: begin an election at term 3 for -1: [3716a3a4-b37c-4a3e-91b5-9d776be92922:192.168.151.66:42029, 991de87b-0f41-4d84-9a26-7b325c2c170c:192.168.151.66:37010, fa75059b-409c-42ba-aabb-33da8f2e557d:192.168.151.66:35520], old=null
2019-09-24 22:41:19,946 [Thread-430] INFO  impl.RaftServerImpl (RaftServerImpl.java:setRole(174)) - 3716a3a4-b37c-4a3e-91b5-9d776be92922@group-E79BDEEF64FC: changes role from  FOLLOWER to CANDIDATE at term 2 for changeToCandidate
2019-09-24 22:41:19,947 [Thread-430] INFO  impl.RoleInfo (RoleInfo.java:updateAndGet(143)) - 3716a3a4-b37c-4a3e-91b5-9d776be92922: start LeaderElection
2019-09-24 22:41:19,953 [3716a3a4-b37c-4a3e-91b5-9d776be92922@group-E79BDEEF64FC:LeaderElection24] INFO  impl.LeaderElection (LeaderElection.java:askForVotes(182)) - 3716a3a4-b37c-4a3e-91b5-9d776be92922@group-E79BDEEF64FC:LeaderElection24: begin an election at term 3 for -1: [3716a3a4-b37c-4a3e-91b5-9d776be92922:192.168.151.66:42029, 991de87b-0f41-4d84-9a26-7b325c2c170c:192.168.151.66:37010, fa75059b-409c-42ba-aabb-33da8f2e557d:192.168.151.66:35520], old=null
2019-09-24 22:41:19,955 [grpc-default-executor-5] INFO  impl.RaftServerImpl (RaftServerImpl.java:setRole(174)) - fa75059b-409c-42ba-aabb-33da8f2e557d@group-E79BDEEF64FC: changes role from  FOLLOWER to FOLLOWER at term 3 for recognizeCandidate:991de87b-0f41-4d84-9a26-7b325c2c170c
2019-09-24 22:41:19,955 [grpc-default-executor-5] INFO  impl.RoleInfo (RoleInfo.java:shutdownFollowerState(121)) - fa75059b-409c-42ba-aabb-33da8f2e557d: shutdown FollowerState
2019-09-24 22:41:19,955 [grpc-default-executor-5] INFO  impl.RoleInfo (RoleInfo.java:updateAndGet(143)) - fa75059b-409c-42ba-aabb-33da8f2e557d: start FollowerState
2019-09-24 22:41:19,956 [Thread-429] INFO  impl.FollowerState (FollowerState.java:run(115)) - fa75059b-409c-42ba-aabb-33da8f2e557d: FollowerState was interrupted: java.lang.InterruptedException: sleep interrupted
2019-09-24 22:41:19,973 [991de87b-0f41-4d84-9a26-7b325c2c170c@group-E79BDEEF64FC:LeaderElection23] INFO  impl.LeaderElection (LeaderElection.java:logAndReturn(56)) - 991de87b-0f41-4d84-9a26-7b325c2c170c@group-E79BDEEF64FC:LeaderElection23: Election PASSED; received 2 response(s) [991de87b-0f41-4d84-9a26-7b325c2c170c<-3716a3a4-b37c-4a3e-91b5-9d776be92922#0:FAIL-t3, 991de87b-0f41-4d84-9a26-7b325c2c170c<-fa75059b-409c-42ba-aabb-33da8f2e557d#0:OK-t3] and 0 exception(s); 991de87b-0f41-4d84-9a26-7b325c2c170c@group-E79BDEEF64FC:t3, leader=null, voted=991de87b-0f41-4d84-9a26-7b325c2c170c, raftlog=991de87b-0f41-4d84-9a26-7b325c2c170c@group-E79BDEEF64FC-SegmentedRaftLog:OPENED:c-1,f-1,i0, conf=-1: [3716a3a4-b37c-4a3e-91b5-9d776be92922:192.168.151.66:42029, 991de87b-0f41-4d84-9a26-7b325c2c170c:192.168.151.66:37010, fa75059b-409c-42ba-aabb-33da8f2e557d:192.168.151.66:35520], old=null
2019-09-24 22:41:19,973 [991de87b-0f41-4d84-9a26-7b325c2c170c@group-E79BDEEF64FC:LeaderElection23] INFO  impl.RoleInfo (RoleInfo.java:shutdownLeaderElection(134)) - 991de87b-0f41-4d84-9a26-7b325c2c170c: shutdown LeaderElection
2019-09-24 22:41:19,976 [991de87b-0f41-4d84-9a26-7b325c2c170c@group-E79BDEEF64FC:LeaderElection23] INFO  impl.RaftServerImpl (RaftServerImpl.java:setRole(174)) - 991de87b-0f41-4d84-9a26-7b325c2c170c@group-E79BDEEF64FC: changes role from CANDIDATE to LEADER at term 3 for changeToLeader
2019-09-24 22:41:19,976 [991de87b-0f41-4d84-9a26-7b325c2c170c@group-E79BDEEF64FC:LeaderElection23] INFO  impl.RaftServerImpl (ServerState.java:setLeader(253)) - 991de87b-0f41-4d84-9a26-7b325c2c170c@group-E79BDEEF64FC: change Leader from null to 991de87b-0f41-4d84-9a26-7b325c2c170c at term 3 for becomeLeader, leader elected after 15437ms
2019-09-24 22:41:19,976 [3716a3a4-b37c-4a3e-91b5-9d776be92922@group-E79BDEEF64FC:LeaderElection24] INFO  impl.LeaderElection (LeaderElection.java:logAndReturn(56)) - 3716a3a4-b37c-4a3e-91b5-9d776be92922@group-E79BDEEF64FC:LeaderElection24: Election REJECTED; received 2 response(s) [3716a3a4-b37c-4a3e-91b5-9d776be92922<-991de87b-0f41-4d84-9a26-7b325c2c170c#0:FAIL-t3, 3716a3a4-b37c-4a3e-91b5-9d776be92922<-fa75059b-409c-42ba-aabb-33da8f2e557d#0:FAIL-t3] and 0 exception(s); 3716a3a4-b37c-4a3e-91b5-9d776be92922@group-E79BDEEF64FC:t3, leader=null, voted=3716a3a4-b37c-4a3e-91b5-9d776be92922, raftlog=3716a3a4-b37c-4a3e-91b5-9d776be92922@group-E79BDEEF64FC-SegmentedRaftLog:OPENED:c-1,f-1,i0, conf=-1: [3716a3a4-b37c-4a3e-91b5-9d776be92922:192.168.151.66:42029, 991de87b-0f41-4d84-9a26-7b325c2c170c:192.168.151.66:37010, fa75059b-409c-42ba-aabb-33da8f2e557d:192.168.151.66:35520], old=null
2019-09-24 22:41:19,979 [991de87b-0f41-4d84-9a26-7b325c2c170c@group-E79BDEEF64FC:LeaderElection23] INFO  server.RaftServerConfigKeys (ConfUtils.java:logGet(43)) - raft.server.staging.catchup.gap = 1000 (default)
2019-09-24 22:41:19,979 [3716a3a4-b37c-4a3e-91b5-9d776be92922@group-E79BDEEF64FC:LeaderElection24] INFO  impl.RaftServerImpl (RaftServerImpl.java:setRole(174)) - 3716a3a4-b37c-4a3e-91b5-9d776be92922@group-E79BDEEF64FC: changes role from CANDIDATE to FOLLOWER at term 3 for DISCOVERED_A_NEW_TERM
2019-09-24 22:41:19,982 [991de87b-0f41-4d84-9a26-7b325c2c170c@group-E79BDEEF64FC:LeaderElection23] INFO  server.RaftServerConfigKeys (ConfUtils.java:logGet(43)) - raft.server.rpc.sleep.time = 25ms (default)
2019-09-24 22:41:19,986 [3716a3a4-b37c-4a3e-91b5-9d776be92922@group-E79BDEEF64FC:LeaderElection24] INFO  impl.RoleInfo (RoleInfo.java:shutdownLeaderElection(134)) - 3716a3a4-b37c-4a3e-91b5-9d776be92922: shutdown LeaderElection
2019-09-24 22:41:19,986 [991de87b-0f41-4d84-9a26-7b325c2c170c@group-E79BDEEF64FC:LeaderElection23] INFO  server.RaftServerConfigKeys (ConfUtils.java:logGet(43)) - raft.server.write.element-limit = 4096 (default)
2019-09-24 22:41:19,987 [3716a3a4-b37c-4a3e-91b5-9d776be92922@group-E79BDEEF64FC:LeaderElection24] INFO  impl.RoleInfo (RoleInfo.java:updateAndGet(143)) - 3716a3a4-b37c-4a3e-91b5-9d776be92922: start FollowerState
2019-09-24 22:41:19,987 [991de87b-0f41-4d84-9a26-7b325c2c170c@group-E79BDEEF64FC:LeaderElection23] INFO  server.RaftServerConfigKeys (ConfUtils.java:logGet(43)) - raft.server.watch.timeout = 10s (default)
2019-09-24 22:41:19,987 [991de87b-0f41-4d84-9a26-7b325c2c170c@group-E79BDEEF64FC:LeaderElection23] INFO  server.RaftServerConfigKeys (ConfUtils.java:logGet(43)) - raft.server.watch.timeout.denomination = 1s (default)
2019-09-24 22:41:20,006 [991de87b-0f41-4d84-9a26-7b325c2c170c@group-E79BDEEF64FC:LeaderElection23] INFO  server.RaftServerConfigKeys (ConfUtils.java:logGet(43)) - raft.server.watch.element-limit = 65536 (default)
2019-09-24 22:41:20,011 [991de87b-0f41-4d84-9a26-7b325c2c170c@group-E79BDEEF64FC:LeaderElection23] INFO  server.RaftServerConfigKeys (ConfUtils.java:logGet(43)) - raft.server.log.appender.snapshot.chunk.size.max = 16MB (=16777216) (default)
2019-09-24 22:41:20,012 [991de87b-0f41-4d84-9a26-7b325c2c170c@group-E79BDEEF64FC:LeaderElection23] INFO  server.RaftServerConfigKeys (ConfUtils.java:logGet(43)) - raft.server.log.appender.buffer.byte-limit = 33554432 (custom)
2019-09-24 22:41:20,012 [991de87b-0f41-4d84-9a26-7b325c2c170c@group-E79BDEEF64FC:LeaderElection23] INFO  server.RaftServerConfigKeys (ConfUtils.java:logGet(43)) - raft.server.log.appender.buffer.element-limit = 1 (custom)
2019-09-24 22:41:20,012 [991de87b-0f41-4d84-9a26-7b325c2c170c@group-E79BDEEF64FC:LeaderElection23] INFO  grpc.GrpcConfigKeys$Server (ConfUtils.java:logGet(43)) - raft.grpc.server.leader.outstanding.appends.max = 128 (default)
2019-09-24 22:41:20,012 [991de87b-0f41-4d84-9a26-7b325c2c170c@group-E79BDEEF64FC:LeaderElection23] INFO  server.RaftServerConfigKeys (ConfUtils.java:logGet(43)) - raft.server.rpc.request.timeout = 3000ms (default)
2019-09-24 22:41:20,013 [991de87b-0f41-4d84-9a26-7b325c2c170c@group-E79BDEEF64FC:LeaderElection23] INFO  server.RaftServerConfigKeys (ConfUtils.java:logGet(43)) - raft.server.log.appender.install.snapshot.enabled = false (custom)
2019-09-24 22:41:20,013 [991de87b-0f41-4d84-9a26-7b325c2c170c@group-E79BDEEF64FC:LeaderElection23] INFO  server.RaftServerConfigKeys (ConfUtils.java:logGet(43)) - raft.server.log.appender.snapshot.chunk.size.max = 16MB (=16777216) (default)
2019-09-24 22:41:20,013 [991de87b-0f41-4d84-9a26-7b325c2c170c@group-E79BDEEF64FC:LeaderElection23] INFO  server.RaftServerConfigKeys (ConfUtils.java:logGet(43)) - raft.server.log.appender.buffer.byte-limit = 33554432 (custom)
2019-09-24 22:41:20,013 [991de87b-0f41-4d84-9a26-7b325c2c170c@group-E79BDEEF64FC:LeaderElection23] INFO  server.RaftServerConfigKeys (ConfUtils.java:logGet(43)) - raft.server.log.appender.buffer.element-limit = 1 (custom)
2019-09-24 22:41:20,014 [991de87b-0f41-4d84-9a26-7b325c2c170c@group-E79BDEEF64FC:LeaderElection23] INFO  grpc.GrpcConfigKeys$Server (ConfUtils.java:logGet(43)) - raft.grpc.server.leader.outstanding.appends.max = 128 (default)
2019-09-24 22:41:20,014 [991de87b-0f41-4d84-9a26-7b325c2c170c@group-E79BDEEF64FC:LeaderElection23] INFO  server.RaftServerConfigKeys (ConfUtils.java:logGet(43)) - raft.server.rpc.request.timeout = 3000ms (default)
2019-09-24 22:41:20,014 [991de87b-0f41-4d84-9a26-7b325c2c170c@group-E79BDEEF64FC:LeaderElection23] INFO  server.RaftServerConfigKeys (ConfUtils.java:logGet(43)) - raft.server.log.appender.install.snapshot.enabled = false (custom)
2019-09-24 22:41:20,014 [991de87b-0f41-4d84-9a26-7b325c2c170c@group-E79BDEEF64FC:LeaderElection23] INFO  impl.RoleInfo (RoleInfo.java:updateAndGet(143)) - 991de87b-0f41-4d84-9a26-7b325c2c170c: start LeaderState
2019-09-24 22:41:20,015 [991de87b-0f41-4d84-9a26-7b325c2c170c@group-E79BDEEF64FC:LeaderElection23] INFO  segmented.SegmentedRaftLogWorker (SegmentedRaftLogWorker.java:startLogSegment(380)) - 991de87b-0f41-4d84-9a26-7b325c2c170c@group-E79BDEEF64FC-SegmentedRaftLogWorker: Starting segment from index:0
2019-09-24 22:41:20,016 [991de87b-0f41-4d84-9a26-7b325c2c170c@group-E79BDEEF64FC:LeaderElection23] INFO  impl.RaftServerImpl (ServerState.java:setRaftConf(354)) - 991de87b-0f41-4d84-9a26-7b325c2c170c@group-E79BDEEF64FC: set configuration 0: [3716a3a4-b37c-4a3e-91b5-9d776be92922:192.168.151.66:42029, 991de87b-0f41-4d84-9a26-7b325c2c170c:192.168.151.66:37010, fa75059b-409c-42ba-aabb-33da8f2e557d:192.168.151.66:35520], old=null at 0
2019-09-24 22:41:20,019 [grpc-default-executor-5] INFO  impl.RaftServerImpl (ServerState.java:setLeader(253)) - 3716a3a4-b37c-4a3e-91b5-9d776be92922@group-E79BDEEF64FC: change Leader from null to 991de87b-0f41-4d84-9a26-7b325c2c170c at term 3 for appendEntries, leader elected after 15480ms
2019-09-24 22:41:20,019 [grpc-default-executor-0] INFO  impl.RaftServerImpl (ServerState.java:setLeader(253)) - fa75059b-409c-42ba-aabb-33da8f2e557d@group-E79BDEEF64FC: change Leader from null to 991de87b-0f41-4d84-9a26-7b325c2c170c at term 3 for appendEntries, leader elected after 15480ms
2019-09-24 22:41:20,024 [grpc-default-executor-0] INFO  impl.RaftServerImpl (ServerState.java:setRaftConf(354)) - 3716a3a4-b37c-4a3e-91b5-9d776be92922@group-E79BDEEF64FC: set configuration 0: [3716a3a4-b37c-4a3e-91b5-9d776be92922:192.168.151.66:42029, 991de87b-0f41-4d84-9a26-7b325c2c170c:192.168.151.66:37010, fa75059b-409c-42ba-aabb-33da8f2e557d:192.168.151.66:35520], old=null at 0
2019-09-24 22:41:20,024 [grpc-default-executor-5] INFO  impl.RaftServerImpl (ServerState.java:setRaftConf(354)) - fa75059b-409c-42ba-aabb-33da8f2e557d@group-E79BDEEF64FC: set configuration 0: [3716a3a4-b37c-4a3e-91b5-9d776be92922:192.168.151.66:42029, 991de87b-0f41-4d84-9a26-7b325c2c170c:192.168.151.66:37010, fa75059b-409c-42ba-aabb-33da8f2e557d:192.168.151.66:35520], old=null at 0
2019-09-24 22:41:20,024 [grpc-default-executor-0] INFO  segmented.SegmentedRaftLogWorker (SegmentedRaftLogWorker.java:startLogSegment(380)) - 3716a3a4-b37c-4a3e-91b5-9d776be92922@group-E79BDEEF64FC-SegmentedRaftLogWorker: Starting segment from index:0
2019-09-24 22:41:20,025 [grpc-default-executor-5] INFO  segmented.SegmentedRaftLogWorker (SegmentedRaftLogWorker.java:startLogSegment(380)) - fa75059b-409c-42ba-aabb-33da8f2e557d@group-E79BDEEF64FC-SegmentedRaftLogWorker: Starting segment from index:0
2019-09-24 22:41:20,055 [fa75059b-409c-42ba-aabb-33da8f2e557d@group-E79BDEEF64FC-SegmentedRaftLogWorker] INFO  segmented.SegmentedRaftLogWorker (SegmentedRaftLogWorker.java:execute(569)) - fa75059b-409c-42ba-aabb-33da8f2e557d@group-E79BDEEF64FC-SegmentedRaftLogWorker: created new log segment /workdir/hadoop-ozone/integration-test/target/test-dir/MiniOzoneClusterImpl-9f0f2ccb-738a-4344-bc48-f2576ae9334a/datanode-2/data/ratis/35bc465f-1423-4c16-be94-e79bdeef64fc/current/log_inprogress_0
2019-09-24 22:41:20,055 [991de87b-0f41-4d84-9a26-7b325c2c170c@group-E79BDEEF64FC-SegmentedRaftLogWorker] INFO  segmented.SegmentedRaftLogWorker (SegmentedRaftLogWorker.java:execute(569)) - 991de87b-0f41-4d84-9a26-7b325c2c170c@group-E79BDEEF64FC-SegmentedRaftLogWorker: created new log segment /workdir/hadoop-ozone/integration-test/target/test-dir/MiniOzoneClusterImpl-9f0f2ccb-738a-4344-bc48-f2576ae9334a/datanode-5/data/ratis/35bc465f-1423-4c16-be94-e79bdeef64fc/current/log_inprogress_0
2019-09-24 22:41:20,055 [3716a3a4-b37c-4a3e-91b5-9d776be92922@group-E79BDEEF64FC-SegmentedRaftLogWorker] INFO  segmented.SegmentedRaftLogWorker (SegmentedRaftLogWorker.java:execute(569)) - 3716a3a4-b37c-4a3e-91b5-9d776be92922@group-E79BDEEF64FC-SegmentedRaftLogWorker: created new log segment /workdir/hadoop-ozone/integration-test/target/test-dir/MiniOzoneClusterImpl-9f0f2ccb-738a-4344-bc48-f2576ae9334a/datanode-3/data/ratis/35bc465f-1423-4c16-be94-e79bdeef64fc/current/log_inprogress_0
2019-09-24 22:41:20,351 [main] INFO  ipc.Client (Client.java:handleConnectionFailure(948)) - Retrying connect to server: localhost/127.0.0.1:0. Already tried 6 time(s); retry policy is RetryUpToMaximumCountWithFixedSleep(maxRetries=10, sleepTime=1000 MILLISECONDS)
2019-09-24 22:41:21,352 [main] INFO  ipc.Client (Client.java:handleConnectionFailure(948)) - Retrying connect to server: localhost/127.0.0.1:0. Already tried 7 time(s); retry policy is RetryUpToMaximumCountWithFixedSleep(maxRetries=10, sleepTime=1000 MILLISECONDS)
2019-09-24 22:41:22,353 [main] INFO  ipc.Client (Client.java:handleConnectionFailure(948)) - Retrying connect to server: localhost/127.0.0.1:0. Already tried 8 time(s); retry policy is RetryUpToMaximumCountWithFixedSleep(maxRetries=10, sleepTime=1000 MILLISECONDS)
2019-09-24 22:41:23,354 [main] INFO  ipc.Client (Client.java:handleConnectionFailure(948)) - Retrying connect to server: localhost/127.0.0.1:0. Already tried 9 time(s); retry policy is RetryUpToMaximumCountWithFixedSleep(maxRetries=10, sleepTime=1000 MILLISECONDS)
2019-09-24 22:41:23,356 [main] INFO  retry.RetryInvocationHandler (RetryInvocationHandler.java:log(411)) - com.google.protobuf.ServiceException: java.net.ConnectException: Your endpoint configuration is wrong; For more details see:  http://wiki.apache.org/hadoop/UnsetHostnameOrPort, while invoking $Proxy37.submitRequest over nodeId=null,nodeAddress=127.0.0.1:0 after 1 failover attempts. Trying to failover immediately.
2019-09-24 22:41:24,357 [main] INFO  ipc.Client (Client.java:handleConnectionFailure(948)) - Retrying connect to server: localhost/127.0.0.1:0. Already tried 0 time(s); retry policy is RetryUpToMaximumCountWithFixedSleep(maxRetries=10, sleepTime=1000 MILLISECONDS)
2019-09-24 22:41:25,358 [main] INFO  ipc.Client (Client.java:handleConnectionFailure(948)) - Retrying connect to server: localhost/127.0.0.1:0. Already tried 1 time(s); retry policy is RetryUpToMaximumCountWithFixedSleep(maxRetries=10, sleepTime=1000 MILLISECONDS)
2019-09-24 22:41:26,361 [main] INFO  ipc.Client (Client.java:handleConnectionFailure(948)) - Retrying connect to server: localhost/127.0.0.1:0. Already tried 2 time(s); retry policy is RetryUpToMaximumCountWithFixedSleep(maxRetries=10, sleepTime=1000 MILLISECONDS)
2019-09-24 22:41:27,363 [main] INFO  ipc.Client (Client.java:handleConnectionFailure(948)) - Retrying connect to server: localhost/127.0.0.1:0. Already tried 3 time(s); retry policy is RetryUpToMaximumCountWithFixedSleep(maxRetries=10, sleepTime=1000 MILLISECONDS)
2019-09-24 22:41:28,662 [main] INFO  ipc.Client (Client.java:handleConnectionFailure(948)) - Retrying connect to server: localhost/127.0.0.1:0. Already tried 4 time(s); retry policy is RetryUpToMaximumCountWithFixedSleep(maxRetries=10, sleepTime=1000 MILLISECONDS)
2019-09-24 22:41:29,665 [main] INFO  ipc.Client (Client.java:handleConnectionFailure(948)) - Retrying connect to server: localhost/127.0.0.1:0. Already tried 5 time(s); retry policy is RetryUpToMaximumCountWithFixedSleep(maxRetries=10, sleepTime=1000 MILLISECONDS)
2019-09-24 22:41:30,670 [main] INFO  ipc.Client (Client.java:handleConnectionFailure(948)) - Retrying connect to server: localhost/127.0.0.1:0. Already tried 6 time(s); retry policy is RetryUpToMaximumCountWithFixedSleep(maxRetries=10, sleepTime=1000 MILLISECONDS)
2019-09-24 22:41:31,674 [main] INFO  ipc.Client (Client.java:handleConnectionFailure(948)) - Retrying connect to server: localhost/127.0.0.1:0. Already tried 7 time(s); retry policy is RetryUpToMaximumCountWithFixedSleep(maxRetries=10, sleepTime=1000 MILLISECONDS)
2019-09-24 22:41:32,680 [main] INFO  ipc.Client (Client.java:handleConnectionFailure(948)) - Retrying connect to server: localhost/127.0.0.1:0. Already tried 8 time(s); retry policy is RetryUpToMaximumCountWithFixedSleep(maxRetries=10, sleepTime=1000 MILLISECONDS)
2019-09-24 22:41:33,683 [main] INFO  ipc.Client (Client.java:handleConnectionFailure(948)) - Retrying connect to server: localhost/127.0.0.1:0. Already tried 9 time(s); retry policy is RetryUpToMaximumCountWithFixedSleep(maxRetries=10, sleepTime=1000 MILLISECONDS)
2019-09-24 22:41:33,685 [main] INFO  retry.RetryInvocationHandler (RetryInvocationHandler.java:log(411)) - com.google.protobuf.ServiceException: java.net.ConnectException: Your endpoint configuration is wrong; For more details see:  http://wiki.apache.org/hadoop/UnsetHostnameOrPort, while invoking $Proxy37.submitRequest over nodeId=null,nodeAddress=127.0.0.1:0 after 2 failover attempts. Trying to failover immediately.
2019-09-24 22:41:34,687 [main] INFO  ipc.Client (Client.java:handleConnectionFailure(948)) - Retrying connect to server: localhost/127.0.0.1:0. Already tried 0 time(s); retry policy is RetryUpToMaximumCountWithFixedSleep(maxRetries=10, sleepTime=1000 MILLISECONDS)
2019-09-24 22:41:35,688 [main] INFO  ipc.Client (Client.java:handleConnectionFailure(948)) - Retrying connect to server: localhost/127.0.0.1:0. Already tried 1 time(s); retry policy is RetryUpToMaximumCountWithFixedSleep(maxRetries=10, sleepTime=1000 MILLISECONDS)
2019-09-24 22:41:36,689 [main] INFO  ipc.Client (Client.java:handleConnectionFailure(948)) - Retrying connect to server: localhost/127.0.0.1:0. Already tried 2 time(s); retry policy is RetryUpToMaximumCountWithFixedSleep(maxRetries=10, sleepTime=1000 MILLISECONDS)
2019-09-24 22:41:37,690 [main] INFO  ipc.Client (Client.java:handleConnectionFailure(948)) - Retrying connect to server: localhost/127.0.0.1:0. Already tried 3 time(s); retry policy is RetryUpToMaximumCountWithFixedSleep(maxRetries=10, sleepTime=1000 MILLISECONDS)
2019-09-24 22:41:38,692 [main] INFO  ipc.Client (Client.java:handleConnectionFailure(948)) - Retrying connect to server: localhost/127.0.0.1:0. Already tried 4 time(s); retry policy is RetryUpToMaximumCountWithFixedSleep(maxRetries=10, sleepTime=1000 MILLISECONDS)
2019-09-24 22:41:39,693 [main] INFO  ipc.Client (Client.java:handleConnectionFailure(948)) - Retrying connect to server: localhost/127.0.0.1:0. Already tried 5 time(s); retry policy is RetryUpToMaximumCountWithFixedSleep(maxRetries=10, sleepTime=1000 MILLISECONDS)
2019-09-24 22:41:40,694 [main] INFO  ipc.Client (Client.java:handleConnectionFailure(948)) - Retrying connect to server: localhost/127.0.0.1:0. Already tried 6 time(s); retry policy is RetryUpToMaximumCountWithFixedSleep(maxRetries=10, sleepTime=1000 MILLISECONDS)
2019-09-24 22:41:41,695 [main] INFO  ipc.Client (Client.java:handleConnectionFailure(948)) - Retrying connect to server: localhost/127.0.0.1:0. Already tried 7 time(s); retry policy is RetryUpToMaximumCountWithFixedSleep(maxRetries=10, sleepTime=1000 MILLISECONDS)
2019-09-24 22:41:42,696 [main] INFO  ipc.Client (Client.java:handleConnectionFailure(948)) - Retrying connect to server: localhost/127.0.0.1:0. Already tried 8 time(s); retry policy is RetryUpToMaximumCountWithFixedSleep(maxRetries=10, sleepTime=1000 MILLISECONDS)
2019-09-24 22:41:43,697 [main] INFO  ipc.Client (Client.java:handleConnectionFailure(948)) - Retrying connect to server: localhost/127.0.0.1:0. Already tried 9 time(s); retry policy is RetryUpToMaximumCountWithFixedSleep(maxRetries=10, sleepTime=1000 MILLISECONDS)
2019-09-24 22:41:43,699 [main] INFO  retry.RetryInvocationHandler (RetryInvocationHandler.java:log(411)) - com.google.protobuf.ServiceException: java.net.ConnectException: Your endpoint configuration is wrong; For more details see:  http://wiki.apache.org/hadoop/UnsetHostnameOrPort, while invoking $Proxy37.submitRequest over nodeId=null,nodeAddress=127.0.0.1:0 after 3 failover attempts. Trying to failover immediately.
2019-09-24 22:41:44,700 [main] INFO  ipc.Client (Client.java:handleConnectionFailure(948)) - Retrying connect to server: localhost/127.0.0.1:0. Already tried 0 time(s); retry policy is RetryUpToMaximumCountWithFixedSleep(maxRetries=10, sleepTime=1000 MILLISECONDS)
2019-09-24 22:41:45,700 [main] INFO  ipc.Client (Client.java:handleConnectionFailure(948)) - Retrying connect to server: localhost/127.0.0.1:0. Already tried 1 time(s); retry policy is RetryUpToMaximumCountWithFixedSleep(maxRetries=10, sleepTime=1000 MILLISECONDS)
2019-09-24 22:41:46,702 [main] INFO  ipc.Client (Client.java:handleConnectionFailure(948)) - Retrying connect to server: localhost/127.0.0.1:0. Already tried 2 time(s); retry policy is RetryUpToMaximumCountWithFixedSleep(maxRetries=10, sleepTime=1000 MILLISECONDS)
2019-09-24 22:41:47,706 [main] INFO  ipc.Client (Client.java:handleConnectionFailure(948)) - Retrying connect to server: localhost/127.0.0.1:0. Already tried 3 time(s); retry policy is RetryUpToMaximumCountWithFixedSleep(maxRetries=10, sleepTime=1000 MILLISECONDS)
2019-09-24 22:41:48,709 [main] INFO  ipc.Client (Client.java:handleConnectionFailure(948)) - Retrying connect to server: localhost/127.0.0.1:0. Already tried 4 time(s); retry policy is RetryUpToMaximumCountWithFixedSleep(maxRetries=10, sleepTime=1000 MILLISECONDS)
2019-09-24 22:41:49,718 [main] INFO  ipc.Client (Client.java:handleConnectionFailure(948)) - Retrying connect to server: localhost/127.0.0.1:0. Already tried 5 time(s); retry policy is RetryUpToMaximumCountWithFixedSleep(maxRetries=10, sleepTime=1000 MILLISECONDS)
2019-09-24 22:41:50,720 [main] INFO  ipc.Client (Client.java:handleConnectionFailure(948)) - Retrying connect to server: localhost/127.0.0.1:0. Already tried 6 time(s); retry policy is RetryUpToMaximumCountWithFixedSleep(maxRetries=10, sleepTime=1000 MILLISECONDS)
2019-09-24 22:41:51,721 [main] INFO  ipc.Client (Client.java:handleConnectionFailure(948)) - Retrying connect to server: localhost/127.0.0.1:0. Already tried 7 time(s); retry policy is RetryUpToMaximumCountWithFixedSleep(maxRetries=10, sleepTime=1000 MILLISECONDS)
2019-09-24 22:41:52,722 [main] INFO  ipc.Client (Client.java:handleConnectionFailure(948)) - Retrying connect to server: localhost/127.0.0.1:0. Already tried 8 time(s); retry policy is RetryUpToMaximumCountWithFixedSleep(maxRetries=10, sleepTime=1000 MILLISECONDS)
2019-09-24 22:41:53,723 [main] INFO  ipc.Client (Client.java:handleConnectionFailure(948)) - Retrying connect to server: localhost/127.0.0.1:0. Already tried 9 time(s); retry policy is RetryUpToMaximumCountWithFixedSleep(maxRetries=10, sleepTime=1000 MILLISECONDS)
2019-09-24 22:41:53,724 [main] INFO  retry.RetryInvocationHandler (RetryInvocationHandler.java:log(411)) - com.google.protobuf.ServiceException: java.net.ConnectException: Your endpoint configuration is wrong; For more details see:  http://wiki.apache.org/hadoop/UnsetHostnameOrPort, while invoking $Proxy37.submitRequest over nodeId=null,nodeAddress=127.0.0.1:0 after 4 failover attempts. Trying to failover immediately.
2019-09-24 22:41:54,725 [main] INFO  ipc.Client (Client.java:handleConnectionFailure(948)) - Retrying connect to server: localhost/127.0.0.1:0. Already tried 0 time(s); retry policy is RetryUpToMaximumCountWithFixedSleep(maxRetries=10, sleepTime=1000 MILLISECONDS)
2019-09-24 22:41:55,726 [main] INFO  ipc.Client (Client.java:handleConnectionFailure(948)) - Retrying connect to server: localhost/127.0.0.1:0. Already tried 1 time(s); retry policy is RetryUpToMaximumCountWithFixedSleep(maxRetries=10, sleepTime=1000 MILLISECONDS)
2019-09-24 22:41:56,727 [main] INFO  ipc.Client (Client.java:handleConnectionFailure(948)) - Retrying connect to server: localhost/127.0.0.1:0. Already tried 2 time(s); retry policy is RetryUpToMaximumCountWithFixedSleep(maxRetries=10, sleepTime=1000 MILLISECONDS)
2019-09-24 22:41:57,728 [main] INFO  ipc.Client (Client.java:handleConnectionFailure(948)) - Retrying connect to server: localhost/127.0.0.1:0. Already tried 3 time(s); retry policy is RetryUpToMaximumCountWithFixedSleep(maxRetries=10, sleepTime=1000 MILLISECONDS)
2019-09-24 22:41:58,729 [main] INFO  ipc.Client (Client.java:handleConnectionFailure(948)) - Retrying connect to server: localhost/127.0.0.1:0. Already tried 4 time(s); retry policy is RetryUpToMaximumCountWithFixedSleep(maxRetries=10, sleepTime=1000 MILLISECONDS)
2019-09-24 22:41:59,730 [main] INFO  ipc.Client (Client.java:handleConnectionFailure(948)) - Retrying connect to server: localhost/127.0.0.1:0. Already tried 5 time(s); retry policy is RetryUpToMaximumCountWithFixedSleep(maxRetries=10, sleepTime=1000 MILLISECONDS)
2019-09-24 22:42:00,731 [main] INFO  ipc.Client (Client.java:handleConnectionFailure(948)) - Retrying connect to server: localhost/127.0.0.1:0. Already tried 6 time(s); retry policy is RetryUpToMaximumCountWithFixedSleep(maxRetries=10, sleepTime=1000 MILLISECONDS)
2019-09-24 22:42:01,733 [main] INFO  ipc.Client (Client.java:handleConnectionFailure(948)) - Retrying connect to server: localhost/127.0.0.1:0. Already tried 7 time(s); retry policy is RetryUpToMaximumCountWithFixedSleep(maxRetries=10, sleepTime=1000 MILLISECONDS)
2019-09-24 22:42:02,734 [main] INFO  ipc.Client (Client.java:handleConnectionFailure(948)) - Retrying connect to server: localhost/127.0.0.1:0. Already tried 8 time(s); retry policy is RetryUpToMaximumCountWithFixedSleep(maxRetries=10, sleepTime=1000 MILLISECONDS)
2019-09-24 22:42:03,735 [main] INFO  ipc.Client (Client.java:handleConnectionFailure(948)) - Retrying connect to server: localhost/127.0.0.1:0. Already tried 9 time(s); retry policy is RetryUpToMaximumCountWithFixedSleep(maxRetries=10, sleepTime=1000 MILLISECONDS)
2019-09-24 22:42:03,736 [main] INFO  retry.RetryInvocationHandler (RetryInvocationHandler.java:log(411)) - com.google.protobuf.ServiceException: java.net.ConnectException: Your endpoint configuration is wrong; For more details see:  http://wiki.apache.org/hadoop/UnsetHostnameOrPort, while invoking $Proxy37.submitRequest over nodeId=null,nodeAddress=127.0.0.1:0 after 5 failover attempts. Trying to failover immediately.
2019-09-24 22:42:04,737 [main] INFO  ipc.Client (Client.java:handleConnectionFailure(948)) - Retrying connect to server: localhost/127.0.0.1:0. Already tried 0 time(s); retry policy is RetryUpToMaximumCountWithFixedSleep(maxRetries=10, sleepTime=1000 MILLISECONDS)
2019-09-24 22:42:05,739 [main] INFO  ipc.Client (Client.java:handleConnectionFailure(948)) - Retrying connect to server: localhost/127.0.0.1:0. Already tried 1 time(s); retry policy is RetryUpToMaximumCountWithFixedSleep(maxRetries=10, sleepTime=1000 MILLISECONDS)
2019-09-24 22:42:06,740 [main] INFO  ipc.Client (Client.java:handleConnectionFailure(948)) - Retrying connect to server: localhost/127.0.0.1:0. Already tried 2 time(s); retry policy is RetryUpToMaximumCountWithFixedSleep(maxRetries=10, sleepTime=1000 MILLISECONDS)
2019-09-24 22:42:07,741 [main] INFO  ipc.Client (Client.java:handleConnectionFailure(948)) - Retrying connect to server: localhost/127.0.0.1:0. Already tried 3 time(s); retry policy is RetryUpToMaximumCountWithFixedSleep(maxRetries=10, sleepTime=1000 MILLISECONDS)
2019-09-24 22:42:08,742 [main] INFO  ipc.Client (Client.java:handleConnectionFailure(948)) - Retrying connect to server: localhost/127.0.0.1:0. Already tried 4 time(s); retry policy is RetryUpToMaximumCountWithFixedSleep(maxRetries=10, sleepTime=1000 MILLISECONDS)
2019-09-24 22:42:09,744 [main] INFO  ipc.Client (Client.java:handleConnectionFailure(948)) - Retrying connect to server: localhost/127.0.0.1:0. Already tried 5 time(s); retry policy is RetryUpToMaximumCountWithFixedSleep(maxRetries=10, sleepTime=1000 MILLISECONDS)
2019-09-24 22:42:10,745 [main] INFO  ipc.Client (Client.java:handleConnectionFailure(948)) - Retrying connect to server: localhost/127.0.0.1:0. Already tried 6 time(s); retry policy is RetryUpToMaximumCountWithFixedSleep(maxRetries=10, sleepTime=1000 MILLISECONDS)
2019-09-24 22:42:11,746 [main] INFO  ipc.Client (Client.java:handleConnectionFailure(948)) - Retrying connect to server: localhost/127.0.0.1:0. Already tried 7 time(s); retry policy is RetryUpToMaximumCountWithFixedSleep(maxRetries=10, sleepTime=1000 MILLISECONDS)
2019-09-24 22:42:12,748 [main] INFO  ipc.Client (Client.java:handleConnectionFailure(948)) - Retrying connect to server: localhost/127.0.0.1:0. Already tried 8 time(s); retry policy is RetryUpToMaximumCountWithFixedSleep(maxRetries=10, sleepTime=1000 MILLISECONDS)
2019-09-24 22:42:13,749 [main] INFO  ipc.Client (Client.java:handleConnectionFailure(948)) - Retrying connect to server: localhost/127.0.0.1:0. Already tried 9 time(s); retry policy is RetryUpToMaximumCountWithFixedSleep(maxRetries=10, sleepTime=1000 MILLISECONDS)
2019-09-24 22:42:13,750 [main] INFO  retry.RetryInvocationHandler (RetryInvocationHandler.java:log(411)) - com.google.protobuf.ServiceException: java.net.ConnectException: Your endpoint configuration is wrong; For more details see:  http://wiki.apache.org/hadoop/UnsetHostnameOrPort, while invoking $Proxy37.submitRequest over nodeId=null,nodeAddress=127.0.0.1:0 after 6 failover attempts. Trying to failover immediately.
2019-09-24 22:42:14,751 [main] INFO  ipc.Client (Client.java:handleConnectionFailure(948)) - Retrying connect to server: localhost/127.0.0.1:0. Already tried 0 time(s); retry policy is RetryUpToMaximumCountWithFixedSleep(maxRetries=10, sleepTime=1000 MILLISECONDS)
2019-09-24 22:42:15,753 [main] INFO  ipc.Client (Client.java:handleConnectionFailure(948)) - Retrying connect to server: localhost/127.0.0.1:0. Already tried 1 time(s); retry policy is RetryUpToMaximumCountWithFixedSleep(maxRetries=10, sleepTime=1000 MILLISECONDS)
2019-09-24 22:42:16,754 [main] INFO  ipc.Client (Client.java:handleConnectionFailure(948)) - Retrying connect to server: localhost/127.0.0.1:0. Already tried 2 time(s); retry policy is RetryUpToMaximumCountWithFixedSleep(maxRetries=10, sleepTime=1000 MILLISECONDS)
2019-09-24 22:42:17,755 [main] INFO  ipc.Client (Client.java:handleConnectionFailure(948)) - Retrying connect to server: localhost/127.0.0.1:0. Already tried 3 time(s); retry policy is RetryUpToMaximumCountWithFixedSleep(maxRetries=10, sleepTime=1000 MILLISECONDS)
2019-09-24 22:42:18,757 [main] INFO  ipc.Client (Client.java:handleConnectionFailure(948)) - Retrying connect to server: localhost/127.0.0.1:0. Already tried 4 time(s); retry policy is RetryUpToMaximumCountWithFixedSleep(maxRetries=10, sleepTime=1000 MILLISECONDS)
2019-09-24 22:42:19,758 [main] INFO  ipc.Client (Client.java:handleConnectionFailure(948)) - Retrying connect to server: localhost/127.0.0.1:0. Already tried 5 time(s); retry policy is RetryUpToMaximumCountWithFixedSleep(maxRetries=10, sleepTime=1000 MILLISECONDS)
2019-09-24 22:42:20,759 [main] INFO  ipc.Client (Client.java:handleConnectionFailure(948)) - Retrying connect to server: localhost/127.0.0.1:0. Already tried 6 time(s); retry policy is RetryUpToMaximumCountWithFixedSleep(maxRetries=10, sleepTime=1000 MILLISECONDS)
2019-09-24 22:42:21,760 [main] INFO  ipc.Client (Client.java:handleConnectionFailure(948)) - Retrying connect to server: localhost/127.0.0.1:0. Already tried 7 time(s); retry policy is RetryUpToMaximumCountWithFixedSleep(maxRetries=10, sleepTime=1000 MILLISECONDS)
2019-09-24 22:42:22,761 [main] INFO  ipc.Client (Client.java:handleConnectionFailure(948)) - Retrying connect to server: localhost/127.0.0.1:0. Already tried 8 time(s); retry policy is RetryUpToMaximumCountWithFixedSleep(maxRetries=10, sleepTime=1000 MILLISECONDS)
2019-09-24 22:42:23,762 [main] INFO  ipc.Client (Client.java:handleConnectionFailure(948)) - Retrying connect to server: localhost/127.0.0.1:0. Already tried 9 time(s); retry policy is RetryUpToMaximumCountWithFixedSleep(maxRetries=10, sleepTime=1000 MILLISECONDS)
2019-09-24 22:42:23,764 [main] INFO  retry.RetryInvocationHandler (RetryInvocationHandler.java:log(411)) - com.google.protobuf.ServiceException: java.net.ConnectException: Your endpoint configuration is wrong; For more details see:  http://wiki.apache.org/hadoop/UnsetHostnameOrPort, while invoking $Proxy37.submitRequest over nodeId=null,nodeAddress=127.0.0.1:0 after 7 failover attempts. Trying to failover immediately.
2019-09-24 22:42:24,765 [main] INFO  ipc.Client (Client.java:handleConnectionFailure(948)) - Retrying connect to server: localhost/127.0.0.1:0. Already tried 0 time(s); retry policy is RetryUpToMaximumCountWithFixedSleep(maxRetries=10, sleepTime=1000 MILLISECONDS)
2019-09-24 22:42:25,766 [main] INFO  ipc.Client (Client.java:handleConnectionFailure(948)) - Retrying connect to server: localhost/127.0.0.1:0. Already tried 1 time(s); retry policy is RetryUpToMaximumCountWithFixedSleep(maxRetries=10, sleepTime=1000 MILLISECONDS)
2019-09-24 22:42:26,767 [main] INFO  ipc.Client (Client.java:handleConnectionFailure(948)) - Retrying connect to server: localhost/127.0.0.1:0. Already tried 2 time(s); retry policy is RetryUpToMaximumCountWithFixedSleep(maxRetries=10, sleepTime=1000 MILLISECONDS)
2019-09-24 22:42:27,769 [main] INFO  ipc.Client (Client.java:handleConnectionFailure(948)) - Retrying connect to server: localhost/127.0.0.1:0. Already tried 3 time(s); retry policy is RetryUpToMaximumCountWithFixedSleep(maxRetries=10, sleepTime=1000 MILLISECONDS)
2019-09-24 22:42:28,770 [main] INFO  ipc.Client (Client.java:handleConnectionFailure(948)) - Retrying connect to server: localhost/127.0.0.1:0. Already tried 4 time(s); retry policy is RetryUpToMaximumCountWithFixedSleep(maxRetries=10, sleepTime=1000 MILLISECONDS)
2019-09-24 22:42:29,771 [main] INFO  ipc.Client (Client.java:handleConnectionFailure(948)) - Retrying connect to server: localhost/127.0.0.1:0. Already tried 5 time(s); retry policy is RetryUpToMaximumCountWithFixedSleep(maxRetries=10, sleepTime=1000 MILLISECONDS)
2019-09-24 22:42:30,773 [main] INFO  ipc.Client (Client.java:handleConnectionFailure(948)) - Retrying connect to server: localhost/127.0.0.1:0. Already tried 6 time(s); retry policy is RetryUpToMaximumCountWithFixedSleep(maxRetries=10, sleepTime=1000 MILLISECONDS)
2019-09-24 22:42:31,774 [main] INFO  ipc.Client (Client.java:handleConnectionFailure(948)) - Retrying connect to server: localhost/127.0.0.1:0. Already tried 7 time(s); retry policy is RetryUpToMaximumCountWithFixedSleep(maxRetries=10, sleepTime=1000 MILLISECONDS)
2019-09-24 22:42:32,775 [main] INFO  ipc.Client (Client.java:handleConnectionFailure(948)) - Retrying connect to server: localhost/127.0.0.1:0. Already tried 8 time(s); retry policy is RetryUpToMaximumCountWithFixedSleep(maxRetries=10, sleepTime=1000 MILLISECONDS)
2019-09-24 22:42:33,777 [main] INFO  ipc.Client (Client.java:handleConnectionFailure(948)) - Retrying connect to server: localhost/127.0.0.1:0. Already tried 9 time(s); retry policy is RetryUpToMaximumCountWithFixedSleep(maxRetries=10, sleepTime=1000 MILLISECONDS)
2019-09-24 22:42:33,779 [main] INFO  retry.RetryInvocationHandler (RetryInvocationHandler.java:log(411)) - com.google.protobuf.ServiceException: java.net.ConnectException: Your endpoint configuration is wrong; For more details see:  http://wiki.apache.org/hadoop/UnsetHostnameOrPort, while invoking $Proxy37.submitRequest over nodeId=null,nodeAddress=127.0.0.1:0 after 8 failover attempts. Trying to failover immediately.
2019-09-24 22:42:34,781 [main] INFO  ipc.Client (Client.java:handleConnectionFailure(948)) - Retrying connect to server: localhost/127.0.0.1:0. Already tried 0 time(s); retry policy is RetryUpToMaximumCountWithFixedSleep(maxRetries=10, sleepTime=1000 MILLISECONDS)
2019-09-24 22:42:35,782 [main] INFO  ipc.Client (Client.java:handleConnectionFailure(948)) - Retrying connect to server: localhost/127.0.0.1:0. Already tried 1 time(s); retry policy is RetryUpToMaximumCountWithFixedSleep(maxRetries=10, sleepTime=1000 MILLISECONDS)
2019-09-24 22:42:36,786 [main] INFO  ipc.Client (Client.java:handleConnectionFailure(948)) - Retrying connect to server: localhost/127.0.0.1:0. Already tried 2 time(s); retry policy is RetryUpToMaximumCountWithFixedSleep(maxRetries=10, sleepTime=1000 MILLISECONDS)
2019-09-24 22:42:37,792 [main] INFO  ipc.Client (Client.java:handleConnectionFailure(948)) - Retrying connect to server: localhost/127.0.0.1:0. Already tried 3 time(s); retry policy is RetryUpToMaximumCountWithFixedSleep(maxRetries=10, sleepTime=1000 MILLISECONDS)
2019-09-24 22:42:38,797 [main] INFO  ipc.Client (Client.java:handleConnectionFailure(948)) - Retrying connect to server: localhost/127.0.0.1:0. Already tried 4 time(s); retry policy is RetryUpToMaximumCountWithFixedSleep(maxRetries=10, sleepTime=1000 MILLISECONDS)
2019-09-24 22:42:39,798 [main] INFO  ipc.Client (Client.java:handleConnectionFailure(948)) - Retrying connect to server: localhost/127.0.0.1:0. Already tried 5 time(s); retry policy is RetryUpToMaximumCountWithFixedSleep(maxRetries=10, sleepTime=1000 MILLISECONDS)
2019-09-24 22:42:40,803 [main] INFO  ipc.Client (Client.java:handleConnectionFailure(948)) - Retrying connect to server: localhost/127.0.0.1:0. Already tried 6 time(s); retry policy is RetryUpToMaximumCountWithFixedSleep(maxRetries=10, sleepTime=1000 MILLISECONDS)
2019-09-24 22:42:41,807 [main] INFO  ipc.Client (Client.java:handleConnectionFailure(948)) - Retrying connect to server: localhost/127.0.0.1:0. Already tried 7 time(s); retry policy is RetryUpToMaximumCountWithFixedSleep(maxRetries=10, sleepTime=1000 MILLISECONDS)
2019-09-24 22:42:42,811 [main] INFO  ipc.Client (Client.java:handleConnectionFailure(948)) - Retrying connect to server: localhost/127.0.0.1:0. Already tried 8 time(s); retry policy is RetryUpToMaximumCountWithFixedSleep(maxRetries=10, sleepTime=1000 MILLISECONDS)
2019-09-24 22:42:43,813 [main] INFO  ipc.Client (Client.java:handleConnectionFailure(948)) - Retrying connect to server: localhost/127.0.0.1:0. Already tried 9 time(s); retry policy is RetryUpToMaximumCountWithFixedSleep(maxRetries=10, sleepTime=1000 MILLISECONDS)
2019-09-24 22:42:43,814 [main] INFO  retry.RetryInvocationHandler (RetryInvocationHandler.java:log(411)) - com.google.protobuf.ServiceException: java.net.ConnectException: Your endpoint configuration is wrong; For more details see:  http://wiki.apache.org/hadoop/UnsetHostnameOrPort, while invoking $Proxy37.submitRequest over nodeId=null,nodeAddress=127.0.0.1:0 after 9 failover attempts. Trying to failover immediately.
2019-09-24 22:42:44,815 [main] INFO  ipc.Client (Client.java:handleConnectionFailure(948)) - Retrying connect to server: localhost/127.0.0.1:0. Already tried 0 time(s); retry policy is RetryUpToMaximumCountWithFixedSleep(maxRetries=10, sleepTime=1000 MILLISECONDS)
2019-09-24 22:42:45,816 [main] INFO  ipc.Client (Client.java:handleConnectionFailure(948)) - Retrying connect to server: localhost/127.0.0.1:0. Already tried 1 time(s); retry policy is RetryUpToMaximumCountWithFixedSleep(maxRetries=10, sleepTime=1000 MILLISECONDS)
2019-09-24 22:42:46,820 [main] INFO  ipc.Client (Client.java:handleConnectionFailure(948)) - Retrying connect to server: localhost/127.0.0.1:0. Already tried 2 time(s); retry policy is RetryUpToMaximumCountWithFixedSleep(maxRetries=10, sleepTime=1000 MILLISECONDS)
2019-09-24 22:42:47,828 [main] INFO  ipc.Client (Client.java:handleConnectionFailure(948)) - Retrying connect to server: localhost/127.0.0.1:0. Already tried 3 time(s); retry policy is RetryUpToMaximumCountWithFixedSleep(maxRetries=10, sleepTime=1000 MILLISECONDS)
2019-09-24 22:42:48,830 [main] INFO  ipc.Client (Client.java:handleConnectionFailure(948)) - Retrying connect to server: localhost/127.0.0.1:0. Already tried 4 time(s); retry policy is RetryUpToMaximumCountWithFixedSleep(maxRetries=10, sleepTime=1000 MILLISECONDS)
2019-09-24 22:42:49,832 [main] INFO  ipc.Client (Client.java:handleConnectionFailure(948)) - Retrying connect to server: localhost/127.0.0.1:0. Already tried 5 time(s); retry policy is RetryUpToMaximumCountWithFixedSleep(maxRetries=10, sleepTime=1000 MILLISECONDS)
2019-09-24 22:42:50,836 [main] INFO  ipc.Client (Client.java:handleConnectionFailure(948)) - Retrying connect to server: localhost/127.0.0.1:0. Already tried 6 time(s); retry policy is RetryUpToMaximumCountWithFixedSleep(maxRetries=10, sleepTime=1000 MILLISECONDS)
2019-09-24 22:42:51,837 [main] INFO  ipc.Client (Client.java:handleConnectionFailure(948)) - Retrying connect to server: localhost/127.0.0.1:0. Already tried 7 time(s); retry policy is RetryUpToMaximumCountWithFixedSleep(maxRetries=10, sleepTime=1000 MILLISECONDS)
2019-09-24 22:42:52,841 [main] INFO  ipc.Client (Client.java:handleConnectionFailure(948)) - Retrying connect to server: localhost/127.0.0.1:0. Already tried 8 time(s); retry policy is RetryUpToMaximumCountWithFixedSleep(maxRetries=10, sleepTime=1000 MILLISECONDS)
2019-09-24 22:42:53,846 [main] INFO  ipc.Client (Client.java:handleConnectionFailure(948)) - Retrying connect to server: localhost/127.0.0.1:0. Already tried 9 time(s); retry policy is RetryUpToMaximumCountWithFixedSleep(maxRetries=10, sleepTime=1000 MILLISECONDS)
2019-09-24 22:42:53,848 [main] ERROR ha.OMFailoverProxyProvider (OzoneManagerProtocolClientSideTranslatorPB.java:getRetryAction(268)) - Failed to connect to OM. Attempted 10 retries and 10 failovers
2019-09-24 22:42:53,852 [main] ERROR client.OzoneClientFactory (OzoneClientFactory.java:getClientProtocol(259)) - Couldn't create RpcClient protocol exception: 
java.net.ConnectException: Your endpoint configuration is wrong; For more details see:  http://wiki.apache.org/hadoop/UnsetHostnameOrPort
	at sun.reflect.NativeConstructorAccessorImpl.newInstance0(Native Method)
	at sun.reflect.NativeConstructorAccessorImpl.newInstance(NativeConstructorAccessorImpl.java:62)
	at sun.reflect.DelegatingConstructorAccessorImpl.newInstance(DelegatingConstructorAccessorImpl.java:45)
	at java.lang.reflect.Constructor.newInstance(Constructor.java:423)
	at org.apache.hadoop.net.NetUtils.wrapWithMessage(NetUtils.java:831)
	at org.apache.hadoop.net.NetUtils.wrapException(NetUtils.java:751)
	at org.apache.hadoop.ipc.Client.getRpcResponse(Client.java:1515)
	at org.apache.hadoop.ipc.Client.call(Client.java:1457)
	at org.apache.hadoop.ipc.Client.call(Client.java:1367)
	at org.apache.hadoop.ipc.ProtobufRpcEngine$Invoker.invoke(ProtobufRpcEngine.java:228)
	at org.apache.hadoop.ipc.ProtobufRpcEngine$Invoker.invoke(ProtobufRpcEngine.java:116)
	at com.sun.proxy.$Proxy37.submitRequest(Unknown Source)
	at sun.reflect.NativeMethodAccessorImpl.invoke0(Native Method)
	at sun.reflect.NativeMethodAccessorImpl.invoke(NativeMethodAccessorImpl.java:62)
	at sun.reflect.DelegatingMethodAccessorImpl.invoke(DelegatingMethodAccessorImpl.java:43)
	at java.lang.reflect.Method.invoke(Method.java:498)
	at org.apache.hadoop.io.retry.RetryInvocationHandler.invokeMethod(RetryInvocationHandler.java:422)
	at org.apache.hadoop.io.retry.RetryInvocationHandler$Call.invokeMethod(RetryInvocationHandler.java:165)
	at org.apache.hadoop.io.retry.RetryInvocationHandler$Call.invoke(RetryInvocationHandler.java:157)
	at org.apache.hadoop.io.retry.RetryInvocationHandler$Call.invokeOnce(RetryInvocationHandler.java:95)
	at org.apache.hadoop.io.retry.RetryInvocationHandler.invoke(RetryInvocationHandler.java:359)
	at com.sun.proxy.$Proxy37.submitRequest(Unknown Source)
	at org.apache.hadoop.ozone.om.protocolPB.OzoneManagerProtocolClientSideTranslatorPB.submitRequest(OzoneManagerProtocolClientSideTranslatorPB.java:338)
	at org.apache.hadoop.ozone.om.protocolPB.OzoneManagerProtocolClientSideTranslatorPB.getServiceInfo(OzoneManagerProtocolClientSideTranslatorPB.java:1223)
	at sun.reflect.NativeMethodAccessorImpl.invoke0(Native Method)
	at sun.reflect.NativeMethodAccessorImpl.invoke(NativeMethodAccessorImpl.java:62)
	at sun.reflect.DelegatingMethodAccessorImpl.invoke(DelegatingMethodAccessorImpl.java:43)
	at java.lang.reflect.Method.invoke(Method.java:498)
	at org.apache.hadoop.hdds.tracing.TraceAllMethod.invoke(TraceAllMethod.java:66)
	at com.sun.proxy.$Proxy38.getServiceInfo(Unknown Source)
	at org.apache.hadoop.ozone.client.rpc.RpcClient.<init>(RpcClient.java:154)
	at org.apache.hadoop.ozone.client.OzoneClientFactory.getClientProtocol(OzoneClientFactory.java:256)
	at org.apache.hadoop.ozone.client.OzoneClientFactory.getClientProtocol(OzoneClientFactory.java:239)
	at org.apache.hadoop.ozone.client.OzoneClientFactory.getRpcClient(OzoneClientFactory.java:203)
	at org.apache.hadoop.ozone.client.rpc.TestSecureOzoneRpcClient.init(TestSecureOzoneRpcClient.java:118)
	at sun.reflect.NativeMethodAccessorImpl.invoke0(Native Method)
	at sun.reflect.NativeMethodAccessorImpl.invoke(NativeMethodAccessorImpl.java:62)
	at sun.reflect.DelegatingMethodAccessorImpl.invoke(DelegatingMethodAccessorImpl.java:43)
	at java.lang.reflect.Method.invoke(Method.java:498)
	at org.junit.runners.model.FrameworkMethod$1.runReflectiveCall(FrameworkMethod.java:47)
	at org.junit.internal.runners.model.ReflectiveCallable.run(ReflectiveCallable.java:12)
	at org.junit.runners.model.FrameworkMethod.invokeExplosively(FrameworkMethod.java:44)
	at org.junit.internal.runners.statements.RunBefores.evaluate(RunBefores.java:24)
	at org.junit.internal.runners.statements.RunAfters.evaluate(RunAfters.java:27)
	at org.junit.runners.ParentRunner.run(ParentRunner.java:309)
	at org.apache.maven.surefire.junit4.JUnit4Provider.execute(JUnit4Provider.java:365)
	at org.apache.maven.surefire.junit4.JUnit4Provider.executeWithRerun(JUnit4Provider.java:273)
	at org.apache.maven.surefire.junit4.JUnit4Provider.executeTestSet(JUnit4Provider.java:238)
	at org.apache.maven.surefire.junit4.JUnit4Provider.invoke(JUnit4Provider.java:159)
	at org.apache.maven.surefire.booter.ForkedBooter.invokeProviderInSameClassLoader(ForkedBooter.java:384)
	at org.apache.maven.surefire.booter.ForkedBooter.runSuitesInProcess(ForkedBooter.java:345)
	at org.apache.maven.surefire.booter.ForkedBooter.execute(ForkedBooter.java:126)
	at org.apache.maven.surefire.booter.ForkedBooter.main(ForkedBooter.java:418)
Caused by: java.net.ConnectException: Connection refused
	at sun.nio.ch.SocketChannelImpl.checkConnect(Native Method)
	at sun.nio.ch.SocketChannelImpl.finishConnect(SocketChannelImpl.java:717)
	at org.apache.hadoop.net.SocketIOWithTimeout.connect(SocketIOWithTimeout.java:206)
	at org.apache.hadoop.net.NetUtils.connect(NetUtils.java:531)
	at org.apache.hadoop.ipc.Client$Connection.setupConnection(Client.java:690)
	at org.apache.hadoop.ipc.Client$Connection.setupIOstreams(Client.java:794)
	at org.apache.hadoop.ipc.Client$Connection.access$3700(Client.java:411)
	at org.apache.hadoop.ipc.Client.getConnection(Client.java:1572)
	at org.apache.hadoop.ipc.Client.call(Client.java:1403)
	... 45 more
2019-09-24 22:42:53,856 [main] INFO  ozone.MiniOzoneClusterImpl (MiniOzoneClusterImpl.java:shutdown(314)) - Shutting down the Mini Ozone Cluster
2019-09-24 22:42:53,858 [main] INFO  ozone.MiniOzoneClusterImpl (MiniOzoneClusterImpl.java:stop(330)) - Stopping the Mini Ozone Cluster
2019-09-24 22:42:53,858 [main] INFO  ozone.MiniOzoneClusterImpl (MiniOzoneClusterImpl.java:stopOM(400)) - Stopping the OzoneManager
2019-09-24 22:42:53,858 [main] INFO  ipc.Server (Server.java:stop(3082)) - Stopping server on 34476
2019-09-24 22:42:53,875 [IPC Server listener on 34476] INFO  ipc.Server (Server.java:run(1185)) - Stopping IPC Server listener on 34476
2019-09-24 22:42:53,879 [main] INFO  ratis.OzoneManagerDoubleBuffer (OzoneManagerDoubleBuffer.java:stop(248)) - Stopping OMDoubleBuffer flush thread
2019-09-24 22:42:53,888 [IPC Server Responder] INFO  ipc.Server (Server.java:run(1319)) - Stopping IPC Server Responder
2019-09-24 22:42:53,899 [OMDoubleBufferFlushThread] INFO  ratis.OzoneManagerDoubleBuffer (OzoneManagerDoubleBuffer.java:flushTransactions(191)) - OMDoubleBuffer flush thread OMDoubleBufferFlushThread is interrupted and will exit. OMDoubleBufferFlushThread
2019-09-24 22:42:53,931 [main] INFO  utils.BackgroundService (BackgroundService.java:shutdown(148)) - Shutting down service KeyDeletingService
2019-09-24 22:42:53,932 [main] INFO  om.OzoneManager (OzoneManager.java:stopSecretManager(651)) - Stopping OM block token manager.
2019-09-24 22:42:53,937 [main] INFO  handler.ContextHandler (ContextHandler.java:doStop(910)) - Stopped o.e.j.w.WebAppContext@55f8669d{/,null,UNAVAILABLE}{/ozoneManager}
2019-09-24 22:42:53,946 [main] INFO  server.AbstractConnector (AbstractConnector.java:doStop(318)) - Stopped ServerConnector@6be25526{HTTP/1.1,[http/1.1]}{0.0.0.0:0}
2019-09-24 22:42:53,946 [main] INFO  handler.ContextHandler (ContextHandler.java:doStop(910)) - Stopped o.e.j.s.ServletContextHandler@7e7f0f0a{/static,file:///workdir/hadoop-ozone/integration-test/target/test-classes/webapps/static,UNAVAILABLE}
2019-09-24 22:42:53,947 [main] INFO  handler.ContextHandler (ContextHandler.java:doStop(910)) - Stopped o.e.j.s.ServletContextHandler@185f7840{/logs,file:///workdir/hadoop-ozone/integration-test/target/log,UNAVAILABLE}
2019-09-24 22:42:53,953 [main] INFO  ozone.MiniOzoneClusterImpl (MiniOzoneClusterImpl.java:stopDatanodes(377)) - Stopping the HddsDatanodes
2019-09-24 22:42:54,683 [Datanode State Machine Thread - 0] INFO  statemachine.DatanodeStateMachine (DatanodeStateMachine.java:lambda$startDaemon$0(350)) - Ozone container server started.
2019-09-24 22:42:54,729 [Datanode State Machine Thread - 0] INFO  statemachine.DatanodeStateMachine (DatanodeStateMachine.java:lambda$startDaemon$0(350)) - Ozone container server started.
2019-09-24 22:42:58,959 [main] INFO  ozoneimpl.OzoneContainer (OzoneContainer.java:stop(231)) - Attempting to stop container services.
2019-09-24 22:42:58,959 [ForkJoinPool.commonPool-worker-0] INFO  ozoneimpl.OzoneContainer (OzoneContainer.java:stop(231)) - Attempting to stop container services.
2019-09-24 22:42:58,960 [main] INFO  impl.RaftServerProxy (RaftServerProxy.java:lambda$close$4(314)) - 991de87b-0f41-4d84-9a26-7b325c2c170c: close
2019-09-24 22:42:58,960 [ForkJoinPool.commonPool-worker-0] INFO  impl.RaftServerProxy (RaftServerProxy.java:lambda$close$4(314)) - fa75059b-409c-42ba-aabb-33da8f2e557d: close
2019-09-24 22:42:58,964 [main] INFO  impl.RaftServerImpl (RaftServerImpl.java:lambda$shutdown$3(251)) - 991de87b-0f41-4d84-9a26-7b325c2c170c@group-4C625659BF47: shutdown
2019-09-24 22:42:58,964 [ForkJoinPool.commonPool-worker-0] INFO  impl.RaftServerImpl (RaftServerImpl.java:lambda$shutdown$3(251)) - fa75059b-409c-42ba-aabb-33da8f2e557d@group-E79BDEEF64FC: shutdown
2019-09-24 22:42:58,965 [main] INFO  util.JmxRegister (JmxRegister.java:unregister(73)) - Successfully un-registered JMX Bean with object name Ratis:service=RaftServer,group=group-4C625659BF47,id=991de87b-0f41-4d84-9a26-7b325c2c170c
2019-09-24 22:42:58,965 [ForkJoinPool.commonPool-worker-0] INFO  util.JmxRegister (JmxRegister.java:unregister(73)) - Successfully un-registered JMX Bean with object name Ratis:service=RaftServer,group=group-E79BDEEF64FC,id=fa75059b-409c-42ba-aabb-33da8f2e557d
2019-09-24 22:42:58,965 [main] INFO  impl.RoleInfo (RoleInfo.java:shutdownLeaderState(104)) - 991de87b-0f41-4d84-9a26-7b325c2c170c: shutdown LeaderState
2019-09-24 22:42:58,966 [ForkJoinPool.commonPool-worker-0] INFO  impl.RoleInfo (RoleInfo.java:shutdownFollowerState(121)) - fa75059b-409c-42ba-aabb-33da8f2e557d: shutdown FollowerState
2019-09-24 22:42:58,966 [ForkJoinPool.commonPool-worker-0] INFO  impl.StateMachineUpdater (StateMachineUpdater.java:stopAndJoin(125)) - fa75059b-409c-42ba-aabb-33da8f2e557d@group-E79BDEEF64FC-StateMachineUpdater: set stopIndex = 0
2019-09-24 22:42:58,966 [Thread-448] INFO  impl.FollowerState (FollowerState.java:run(115)) - fa75059b-409c-42ba-aabb-33da8f2e557d: FollowerState was interrupted: java.lang.InterruptedException: sleep interrupted
2019-09-24 22:42:58,967 [main] INFO  impl.PendingRequests (PendingRequests.java:sendNotLeaderResponses(202)) - 991de87b-0f41-4d84-9a26-7b325c2c170c-PendingRequests: sendNotLeaderResponses
2019-09-24 22:42:58,971 [ForkJoinPool.commonPool-worker-0] INFO  impl.RaftServerImpl (ServerState.java:close(385)) - fa75059b-409c-42ba-aabb-33da8f2e557d@group-E79BDEEF64FC: closes. applyIndex: 0
2019-09-24 22:42:58,973 [main] INFO  impl.StateMachineUpdater (StateMachineUpdater.java:stopAndJoin(125)) - 991de87b-0f41-4d84-9a26-7b325c2c170c@group-4C625659BF47-StateMachineUpdater: set stopIndex = 0
2019-09-24 22:42:58,977 [main] INFO  impl.RaftServerImpl (ServerState.java:close(385)) - 991de87b-0f41-4d84-9a26-7b325c2c170c@group-4C625659BF47: closes. applyIndex: 0
2019-09-24 22:42:58,977 [991de87b-0f41-4d84-9a26-7b325c2c170c@group-4C625659BF47-SegmentedRaftLogWorker] INFO  segmented.SegmentedRaftLogWorker (SegmentedRaftLogWorker.java:run(313)) - 991de87b-0f41-4d84-9a26-7b325c2c170c@group-4C625659BF47-SegmentedRaftLogWorker was interrupted, exiting. There are 0 tasks remaining in the queue.
2019-09-24 22:42:58,977 [fa75059b-409c-42ba-aabb-33da8f2e557d@group-E79BDEEF64FC-SegmentedRaftLogWorker] INFO  segmented.SegmentedRaftLogWorker (SegmentedRaftLogWorker.java:run(313)) - fa75059b-409c-42ba-aabb-33da8f2e557d@group-E79BDEEF64FC-SegmentedRaftLogWorker was interrupted, exiting. There are 0 tasks remaining in the queue.
2019-09-24 22:42:58,981 [main] INFO  segmented.SegmentedRaftLogWorker (SegmentedRaftLogWorker.java:close(228)) - 991de87b-0f41-4d84-9a26-7b325c2c170c@group-4C625659BF47-SegmentedRaftLogWorker close()
2019-09-24 22:42:58,981 [ForkJoinPool.commonPool-worker-0] INFO  segmented.SegmentedRaftLogWorker (SegmentedRaftLogWorker.java:close(228)) - fa75059b-409c-42ba-aabb-33da8f2e557d@group-E79BDEEF64FC-SegmentedRaftLogWorker close()
2019-09-24 22:42:58,989 [main] INFO  impl.RaftServerImpl (RaftServerImpl.java:lambda$shutdown$3(251)) - 991de87b-0f41-4d84-9a26-7b325c2c170c@group-E79BDEEF64FC: shutdown
2019-09-24 22:42:58,992 [ForkJoinPool.commonPool-worker-0] INFO  impl.RaftServerImpl (RaftServerImpl.java:lambda$shutdown$3(251)) - fa75059b-409c-42ba-aabb-33da8f2e557d@group-FCC044D1734E: shutdown
2019-09-24 22:42:58,992 [main] INFO  util.JmxRegister (JmxRegister.java:unregister(73)) - Successfully un-registered JMX Bean with object name Ratis:service=RaftServer,group=group-E79BDEEF64FC,id=991de87b-0f41-4d84-9a26-7b325c2c170c
2019-09-24 22:42:58,993 [ForkJoinPool.commonPool-worker-0] INFO  util.JmxRegister (JmxRegister.java:unregister(73)) - Successfully un-registered JMX Bean with object name Ratis:service=RaftServer,group=group-FCC044D1734E,id=fa75059b-409c-42ba-aabb-33da8f2e557d
2019-09-24 22:42:58,993 [main] INFO  impl.RoleInfo (RoleInfo.java:shutdownLeaderState(104)) - 991de87b-0f41-4d84-9a26-7b325c2c170c: shutdown LeaderState
2019-09-24 22:42:58,993 [ForkJoinPool.commonPool-worker-0] INFO  impl.RoleInfo (RoleInfo.java:shutdownLeaderState(104)) - fa75059b-409c-42ba-aabb-33da8f2e557d: shutdown LeaderState
2019-09-24 22:42:58,999 [org.apache.ratis.server.impl.LogAppender$AppenderDaemon$$Lambda$419/1658333478@6898bd71] WARN  server.GrpcLogAppender (GrpcLogAppender.java:mayWait(143)) - 991de87b-0f41-4d84-9a26-7b325c2c170c@group-E79BDEEF64FC->fa75059b-409c-42ba-aabb-33da8f2e557d-GrpcLogAppender: Wait interrupted by java.lang.InterruptedException
2019-09-24 22:42:58,999 [org.apache.ratis.server.impl.LogAppender$AppenderDaemon$$Lambda$419/1658333478@667e1cfc] WARN  server.GrpcLogAppender (GrpcLogAppender.java:mayWait(143)) - 991de87b-0f41-4d84-9a26-7b325c2c170c@group-E79BDEEF64FC->3716a3a4-b37c-4a3e-91b5-9d776be92922-GrpcLogAppender: Wait interrupted by java.lang.InterruptedException
2019-09-24 22:42:58,999 [main] INFO  impl.PendingRequests (PendingRequests.java:sendNotLeaderResponses(202)) - 991de87b-0f41-4d84-9a26-7b325c2c170c-PendingRequests: sendNotLeaderResponses
2019-09-24 22:42:59,001 [ForkJoinPool.commonPool-worker-0] INFO  impl.PendingRequests (PendingRequests.java:sendNotLeaderResponses(202)) - fa75059b-409c-42ba-aabb-33da8f2e557d-PendingRequests: sendNotLeaderResponses
2019-09-24 22:42:59,005 [main] INFO  impl.StateMachineUpdater (StateMachineUpdater.java:stopAndJoin(125)) - 991de87b-0f41-4d84-9a26-7b325c2c170c@group-E79BDEEF64FC-StateMachineUpdater: set stopIndex = 0
2019-09-24 22:42:59,005 [ForkJoinPool.commonPool-worker-0] INFO  impl.StateMachineUpdater (StateMachineUpdater.java:stopAndJoin(125)) - fa75059b-409c-42ba-aabb-33da8f2e557d@group-FCC044D1734E-StateMachineUpdater: set stopIndex = 0
2019-09-24 22:42:59,005 [main] INFO  impl.RaftServerImpl (ServerState.java:close(385)) - 991de87b-0f41-4d84-9a26-7b325c2c170c@group-E79BDEEF64FC: closes. applyIndex: 0
2019-09-24 22:42:59,006 [ForkJoinPool.commonPool-worker-0] INFO  impl.RaftServerImpl (ServerState.java:close(385)) - fa75059b-409c-42ba-aabb-33da8f2e557d@group-FCC044D1734E: closes. applyIndex: 0
2019-09-24 22:42:59,006 [991de87b-0f41-4d84-9a26-7b325c2c170c@group-E79BDEEF64FC-SegmentedRaftLogWorker] INFO  segmented.SegmentedRaftLogWorker (SegmentedRaftLogWorker.java:run(313)) - 991de87b-0f41-4d84-9a26-7b325c2c170c@group-E79BDEEF64FC-SegmentedRaftLogWorker was interrupted, exiting. There are 0 tasks remaining in the queue.
2019-09-24 22:42:59,007 [fa75059b-409c-42ba-aabb-33da8f2e557d@group-FCC044D1734E-SegmentedRaftLogWorker] INFO  segmented.SegmentedRaftLogWorker (SegmentedRaftLogWorker.java:run(313)) - fa75059b-409c-42ba-aabb-33da8f2e557d@group-FCC044D1734E-SegmentedRaftLogWorker was interrupted, exiting. There are 0 tasks remaining in the queue.
2019-09-24 22:42:59,010 [main] INFO  segmented.SegmentedRaftLogWorker (SegmentedRaftLogWorker.java:close(228)) - 991de87b-0f41-4d84-9a26-7b325c2c170c@group-E79BDEEF64FC-SegmentedRaftLogWorker close()
2019-09-24 22:42:59,013 [ForkJoinPool.commonPool-worker-0] INFO  segmented.SegmentedRaftLogWorker (SegmentedRaftLogWorker.java:close(228)) - fa75059b-409c-42ba-aabb-33da8f2e557d@group-FCC044D1734E-SegmentedRaftLogWorker close()
2019-09-24 22:42:59,024 [main] INFO  server.GrpcService (GrpcService.java:closeImpl(164)) - 991de87b-0f41-4d84-9a26-7b325c2c170c: shutdown server with port 37010 now
2019-09-24 22:42:59,024 [grpc-default-executor-6] INFO  server.GrpcServerProtocolService (GrpcServerProtocolService.java:onCompleted(113)) - 3716a3a4-b37c-4a3e-91b5-9d776be92922: Completed APPEND_ENTRIES, lastRequest: 991de87b-0f41-4d84-9a26-7b325c2c170c->3716a3a4-b37c-4a3e-91b5-9d776be92922#40-t3, previous=(t:3, i:0), leaderCommit=0, initializing? false, entries: <empty>
2019-09-24 22:42:59,024 [grpc-default-executor-7] INFO  server.GrpcServerProtocolService (GrpcServerProtocolService.java:onCompleted(113)) - fa75059b-409c-42ba-aabb-33da8f2e557d: Completed APPEND_ENTRIES, lastRequest: 991de87b-0f41-4d84-9a26-7b325c2c170c->fa75059b-409c-42ba-aabb-33da8f2e557d#40-t3, previous=(t:3, i:0), leaderCommit=0, initializing? false, entries: <empty>
2019-09-24 22:42:59,024 [ForkJoinPool.commonPool-worker-0] INFO  server.GrpcService (GrpcService.java:closeImpl(164)) - fa75059b-409c-42ba-aabb-33da8f2e557d: shutdown server with port 35520 now
2019-09-24 22:42:59,040 [grpc-default-executor-7] INFO  server.GrpcLogAppender (GrpcLogAppender.java:onCompleted(293)) - 991de87b-0f41-4d84-9a26-7b325c2c170c@group-E79BDEEF64FC->fa75059b-409c-42ba-aabb-33da8f2e557d-AppendLogResponseHandler: follower responses appendEntries COMPLETED
2019-09-24 22:42:59,041 [grpc-default-executor-7] INFO  impl.FollowerInfo (FollowerInfo.java:lambda$new$0(51)) - 991de87b-0f41-4d84-9a26-7b325c2c170c@group-E79BDEEF64FC->fa75059b-409c-42ba-aabb-33da8f2e557d: nextIndex: updateUnconditionally 1 -> 0
2019-09-24 22:42:59,041 [grpc-default-executor-6] INFO  server.GrpcLogAppender (GrpcLogAppender.java:onError(282)) - 991de87b-0f41-4d84-9a26-7b325c2c170c@group-E79BDEEF64FC->3716a3a4-b37c-4a3e-91b5-9d776be92922-GrpcLogAppender is stopped
2019-09-24 22:42:59,043 [main] INFO  server.GrpcService (GrpcService.java:closeImpl(172)) - 991de87b-0f41-4d84-9a26-7b325c2c170c: shutdown server with port 37010 successfully
2019-09-24 22:42:59,044 [ForkJoinPool.commonPool-worker-0] INFO  server.GrpcService (GrpcService.java:closeImpl(172)) - fa75059b-409c-42ba-aabb-33da8f2e557d: shutdown server with port 35520 successfully
2019-09-24 22:42:59,048 [refreshUsed-/workdir/hadoop-ozone/integration-test/target/test-dir/MiniOzoneClusterImpl-9f0f2ccb-738a-4344-bc48-f2576ae9334a/datanode-5/data/containers] WARN  fs.CachingGetSpaceUsed (CachingGetSpaceUsed.java:run(183)) - Thread Interrupted waiting to refresh disk information: sleep interrupted
2019-09-24 22:42:59,049 [refreshUsed-/workdir/hadoop-ozone/integration-test/target/test-dir/MiniOzoneClusterImpl-9f0f2ccb-738a-4344-bc48-f2576ae9334a/datanode-2/data/containers] WARN  fs.CachingGetSpaceUsed (CachingGetSpaceUsed.java:run(183)) - Thread Interrupted waiting to refresh disk information: sleep interrupted
2019-09-24 22:42:59,076 [main] INFO  utils.BackgroundService (BackgroundService.java:shutdown(148)) - Shutting down service BlockDeletingService
2019-09-24 22:42:59,084 [main] INFO  statemachine.DatanodeStateMachine (DatanodeStateMachine.java:stopDaemon(395)) - Ozone container server stopped.
2019-09-24 22:42:59,086 [main] INFO  handler.ContextHandler (ContextHandler.java:doStop(910)) - Stopped o.e.j.w.WebAppContext@2975a9e{/,null,UNAVAILABLE}{/hddsDatanode}
2019-09-24 22:42:59,086 [main] INFO  server.AbstractConnector (AbstractConnector.java:doStop(318)) - Stopped ServerConnector@765ffb14{HTTP/1.1,[http/1.1]}{0.0.0.0:0}
2019-09-24 22:42:59,087 [main] INFO  handler.ContextHandler (ContextHandler.java:doStop(910)) - Stopped o.e.j.s.ServletContextHandler@1f53481b{/static,jar:file:/home/user/.m2/repository/org/apache/hadoop/hadoop-hdds-container-service/0.5.0-SNAPSHOT/hadoop-hdds-container-service-0.5.0-SNAPSHOT.jar!/webapps/static,UNAVAILABLE}
2019-09-24 22:42:59,089 [ForkJoinPool.commonPool-worker-0] INFO  utils.BackgroundService (BackgroundService.java:shutdown(148)) - Shutting down service BlockDeletingService
2019-09-24 22:42:59,091 [main] INFO  handler.ContextHandler (ContextHandler.java:doStop(910)) - Stopped o.e.j.s.ServletContextHandler@714f3da4{/logs,file:///workdir/hadoop-ozone/integration-test/target/log,UNAVAILABLE}
2019-09-24 22:42:59,098 [ForkJoinPool.commonPool-worker-0] INFO  statemachine.DatanodeStateMachine (DatanodeStateMachine.java:stopDaemon(395)) - Ozone container server stopped.
2019-09-24 22:42:59,104 [ForkJoinPool.commonPool-worker-0] INFO  handler.ContextHandler (ContextHandler.java:doStop(910)) - Stopped o.e.j.w.WebAppContext@3ba46e63{/,null,UNAVAILABLE}{/hddsDatanode}
2019-09-24 22:42:59,106 [ForkJoinPool.commonPool-worker-0] INFO  server.AbstractConnector (AbstractConnector.java:doStop(318)) - Stopped ServerConnector@788ddc1f{HTTP/1.1,[http/1.1]}{0.0.0.0:0}
2019-09-24 22:42:59,110 [ForkJoinPool.commonPool-worker-0] INFO  handler.ContextHandler (ContextHandler.java:doStop(910)) - Stopped o.e.j.s.ServletContextHandler@75de6341{/static,jar:file:/home/user/.m2/repository/org/apache/hadoop/hadoop-hdds-container-service/0.5.0-SNAPSHOT/hadoop-hdds-container-service-0.5.0-SNAPSHOT.jar!/webapps/static,UNAVAILABLE}
2019-09-24 22:42:59,112 [ForkJoinPool.commonPool-worker-0] INFO  handler.ContextHandler (ContextHandler.java:doStop(910)) - Stopped o.e.j.s.ServletContextHandler@4f9a6c2d{/logs,file:///workdir/hadoop-ozone/integration-test/target/log,UNAVAILABLE}
2019-09-24 22:42:59,697 [Datanode State Machine Thread - 0] INFO  statemachine.DatanodeStateMachine (DatanodeStateMachine.java:lambda$startDaemon$0(350)) - Ozone container server started.
2019-09-24 22:42:59,769 [Datanode State Machine Thread - 0] INFO  statemachine.DatanodeStateMachine (DatanodeStateMachine.java:lambda$startDaemon$0(350)) - Ozone container server started.
2019-09-24 22:43:04,093 [main] INFO  ozoneimpl.OzoneContainer (OzoneContainer.java:stop(231)) - Attempting to stop container services.
2019-09-24 22:43:04,094 [main] INFO  impl.RaftServerProxy (RaftServerProxy.java:lambda$close$4(314)) - 053bbe9f-e617-47d8-81f1-5a2d0a241cc5: close
2019-09-24 22:43:04,094 [main] INFO  impl.RaftServerImpl (RaftServerImpl.java:lambda$shutdown$3(251)) - 053bbe9f-e617-47d8-81f1-5a2d0a241cc5@group-EE6BE6D99450: shutdown
2019-09-24 22:43:04,095 [main] INFO  util.JmxRegister (JmxRegister.java:unregister(73)) - Successfully un-registered JMX Bean with object name Ratis:service=RaftServer,group=group-EE6BE6D99450,id=053bbe9f-e617-47d8-81f1-5a2d0a241cc5
2019-09-24 22:43:04,095 [main] INFO  impl.RoleInfo (RoleInfo.java:shutdownLeaderState(104)) - 053bbe9f-e617-47d8-81f1-5a2d0a241cc5: shutdown LeaderState
2019-09-24 22:43:04,095 [main] INFO  impl.PendingRequests (PendingRequests.java:sendNotLeaderResponses(202)) - 053bbe9f-e617-47d8-81f1-5a2d0a241cc5-PendingRequests: sendNotLeaderResponses
2019-09-24 22:43:04,096 [main] INFO  impl.StateMachineUpdater (StateMachineUpdater.java:stopAndJoin(125)) - 053bbe9f-e617-47d8-81f1-5a2d0a241cc5@group-EE6BE6D99450-StateMachineUpdater: set stopIndex = 0
2019-09-24 22:43:04,097 [main] INFO  impl.RaftServerImpl (ServerState.java:close(385)) - 053bbe9f-e617-47d8-81f1-5a2d0a241cc5@group-EE6BE6D99450: closes. applyIndex: 0
2019-09-24 22:43:04,097 [053bbe9f-e617-47d8-81f1-5a2d0a241cc5@group-EE6BE6D99450-SegmentedRaftLogWorker] INFO  segmented.SegmentedRaftLogWorker (SegmentedRaftLogWorker.java:run(313)) - 053bbe9f-e617-47d8-81f1-5a2d0a241cc5@group-EE6BE6D99450-SegmentedRaftLogWorker was interrupted, exiting. There are 0 tasks remaining in the queue.
2019-09-24 22:43:04,100 [main] INFO  segmented.SegmentedRaftLogWorker (SegmentedRaftLogWorker.java:close(228)) - 053bbe9f-e617-47d8-81f1-5a2d0a241cc5@group-EE6BE6D99450-SegmentedRaftLogWorker close()
2019-09-24 22:43:04,104 [main] INFO  impl.RaftServerImpl (RaftServerImpl.java:lambda$shutdown$3(251)) - 053bbe9f-e617-47d8-81f1-5a2d0a241cc5@group-68F9DFA996A4: shutdown
2019-09-24 22:43:04,105 [main] INFO  util.JmxRegister (JmxRegister.java:unregister(73)) - Successfully un-registered JMX Bean with object name Ratis:service=RaftServer,group=group-68F9DFA996A4,id=053bbe9f-e617-47d8-81f1-5a2d0a241cc5
2019-09-24 22:43:04,105 [main] INFO  impl.RoleInfo (RoleInfo.java:shutdownLeaderState(104)) - 053bbe9f-e617-47d8-81f1-5a2d0a241cc5: shutdown LeaderState
2019-09-24 22:43:04,110 [main] INFO  impl.PendingRequests (PendingRequests.java:sendNotLeaderResponses(202)) - 053bbe9f-e617-47d8-81f1-5a2d0a241cc5-PendingRequests: sendNotLeaderResponses
2019-09-24 22:43:04,110 [org.apache.ratis.server.impl.LogAppender$AppenderDaemon$$Lambda$419/1658333478@7ab36606] WARN  server.GrpcLogAppender (GrpcLogAppender.java:mayWait(143)) - 053bbe9f-e617-47d8-81f1-5a2d0a241cc5@group-68F9DFA996A4->44386e62-51f5-4810-a1c5-3bae63c25e40-GrpcLogAppender: Wait interrupted by java.lang.InterruptedException
2019-09-24 22:43:04,110 [org.apache.ratis.server.impl.LogAppender$AppenderDaemon$$Lambda$419/1658333478@3242300] WARN  server.GrpcLogAppender (GrpcLogAppender.java:mayWait(143)) - 053bbe9f-e617-47d8-81f1-5a2d0a241cc5@group-68F9DFA996A4->7f5dd112-3930-4cdb-a0ff-40ada89e25be-GrpcLogAppender: Wait interrupted by java.lang.InterruptedException
2019-09-24 22:43:04,111 [main] INFO  impl.StateMachineUpdater (StateMachineUpdater.java:stopAndJoin(125)) - 053bbe9f-e617-47d8-81f1-5a2d0a241cc5@group-68F9DFA996A4-StateMachineUpdater: set stopIndex = 0
2019-09-24 22:43:04,111 [main] INFO  impl.RaftServerImpl (ServerState.java:close(385)) - 053bbe9f-e617-47d8-81f1-5a2d0a241cc5@group-68F9DFA996A4: closes. applyIndex: 0
2019-09-24 22:43:04,112 [grpc-default-executor-6] INFO  server.GrpcServerProtocolService (GrpcServerProtocolService.java:onCompleted(113)) - 44386e62-51f5-4810-a1c5-3bae63c25e40: Completed APPEND_ENTRIES, lastRequest: 053bbe9f-e617-47d8-81f1-5a2d0a241cc5->44386e62-51f5-4810-a1c5-3bae63c25e40#44-t2, previous=(t:2, i:0), leaderCommit=0, initializing? false, entries: <empty>
2019-09-24 22:43:04,112 [grpc-default-executor-5] INFO  server.GrpcServerProtocolService (GrpcServerProtocolService.java:onCompleted(113)) - 7f5dd112-3930-4cdb-a0ff-40ada89e25be: Completed APPEND_ENTRIES, lastRequest: 053bbe9f-e617-47d8-81f1-5a2d0a241cc5->7f5dd112-3930-4cdb-a0ff-40ada89e25be#44-t2, previous=(t:2, i:0), leaderCommit=0, initializing? false, entries: <empty>
2019-09-24 22:43:04,112 [053bbe9f-e617-47d8-81f1-5a2d0a241cc5@group-68F9DFA996A4-SegmentedRaftLogWorker] INFO  segmented.SegmentedRaftLogWorker (SegmentedRaftLogWorker.java:run(313)) - 053bbe9f-e617-47d8-81f1-5a2d0a241cc5@group-68F9DFA996A4-SegmentedRaftLogWorker was interrupted, exiting. There are 0 tasks remaining in the queue.
2019-09-24 22:43:04,115 [main] INFO  segmented.SegmentedRaftLogWorker (SegmentedRaftLogWorker.java:close(228)) - 053bbe9f-e617-47d8-81f1-5a2d0a241cc5@group-68F9DFA996A4-SegmentedRaftLogWorker close()
2019-09-24 22:43:04,115 [grpc-default-executor-6] INFO  server.GrpcLogAppender (GrpcLogAppender.java:onCompleted(293)) - 053bbe9f-e617-47d8-81f1-5a2d0a241cc5@group-68F9DFA996A4->44386e62-51f5-4810-a1c5-3bae63c25e40-AppendLogResponseHandler: follower responses appendEntries COMPLETED
2019-09-24 22:43:04,120 [main] INFO  server.GrpcService (GrpcService.java:closeImpl(164)) - 053bbe9f-e617-47d8-81f1-5a2d0a241cc5: shutdown server with port 33565 now
2019-09-24 22:43:04,115 [grpc-default-executor-5] INFO  server.GrpcLogAppender (GrpcLogAppender.java:onCompleted(293)) - 053bbe9f-e617-47d8-81f1-5a2d0a241cc5@group-68F9DFA996A4->7f5dd112-3930-4cdb-a0ff-40ada89e25be-AppendLogResponseHandler: follower responses appendEntries COMPLETED
2019-09-24 22:43:04,115 [ForkJoinPool.commonPool-worker-0] INFO  ozoneimpl.OzoneContainer (OzoneContainer.java:stop(231)) - Attempting to stop container services.
2019-09-24 22:43:04,124 [grpc-default-executor-5] INFO  impl.FollowerInfo (FollowerInfo.java:lambda$new$0(51)) - 053bbe9f-e617-47d8-81f1-5a2d0a241cc5@group-68F9DFA996A4->7f5dd112-3930-4cdb-a0ff-40ada89e25be: nextIndex: updateUnconditionally 1 -> 0
2019-09-24 22:43:04,125 [ForkJoinPool.commonPool-worker-0] INFO  impl.RaftServerProxy (RaftServerProxy.java:lambda$close$4(314)) - 3716a3a4-b37c-4a3e-91b5-9d776be92922: close
2019-09-24 22:43:04,122 [grpc-default-executor-6] INFO  impl.FollowerInfo (FollowerInfo.java:lambda$new$0(51)) - 053bbe9f-e617-47d8-81f1-5a2d0a241cc5@group-68F9DFA996A4->44386e62-51f5-4810-a1c5-3bae63c25e40: nextIndex: updateUnconditionally 1 -> 0
2019-09-24 22:43:04,125 [ForkJoinPool.commonPool-worker-0] INFO  impl.RaftServerImpl (RaftServerImpl.java:lambda$shutdown$3(251)) - 3716a3a4-b37c-4a3e-91b5-9d776be92922@group-4B6004E2DC26: shutdown
2019-09-24 22:43:04,125 [main] INFO  server.GrpcService (GrpcService.java:closeImpl(172)) - 053bbe9f-e617-47d8-81f1-5a2d0a241cc5: shutdown server with port 33565 successfully
2019-09-24 22:43:04,126 [ForkJoinPool.commonPool-worker-0] INFO  util.JmxRegister (JmxRegister.java:unregister(73)) - Successfully un-registered JMX Bean with object name Ratis:service=RaftServer,group=group-4B6004E2DC26,id=3716a3a4-b37c-4a3e-91b5-9d776be92922
2019-09-24 22:43:04,126 [ForkJoinPool.commonPool-worker-0] INFO  impl.RoleInfo (RoleInfo.java:shutdownLeaderState(104)) - 3716a3a4-b37c-4a3e-91b5-9d776be92922: shutdown LeaderState
2019-09-24 22:43:04,127 [ForkJoinPool.commonPool-worker-0] INFO  impl.PendingRequests (PendingRequests.java:sendNotLeaderResponses(202)) - 3716a3a4-b37c-4a3e-91b5-9d776be92922-PendingRequests: sendNotLeaderResponses
2019-09-24 22:43:04,127 [ForkJoinPool.commonPool-worker-0] INFO  impl.StateMachineUpdater (StateMachineUpdater.java:stopAndJoin(125)) - 3716a3a4-b37c-4a3e-91b5-9d776be92922@group-4B6004E2DC26-StateMachineUpdater: set stopIndex = 0
2019-09-24 22:43:04,127 [ForkJoinPool.commonPool-worker-0] INFO  impl.RaftServerImpl (ServerState.java:close(385)) - 3716a3a4-b37c-4a3e-91b5-9d776be92922@group-4B6004E2DC26: closes. applyIndex: 0
2019-09-24 22:43:04,128 [3716a3a4-b37c-4a3e-91b5-9d776be92922@group-4B6004E2DC26-SegmentedRaftLogWorker] INFO  segmented.SegmentedRaftLogWorker (SegmentedRaftLogWorker.java:run(313)) - 3716a3a4-b37c-4a3e-91b5-9d776be92922@group-4B6004E2DC26-SegmentedRaftLogWorker was interrupted, exiting. There are 0 tasks remaining in the queue.
2019-09-24 22:43:04,139 [refreshUsed-/workdir/hadoop-ozone/integration-test/target/test-dir/MiniOzoneClusterImpl-9f0f2ccb-738a-4344-bc48-f2576ae9334a/datanode-6/data/containers] WARN  fs.CachingGetSpaceUsed (CachingGetSpaceUsed.java:run(183)) - Thread Interrupted waiting to refresh disk information: sleep interrupted
2019-09-24 22:43:04,147 [ForkJoinPool.commonPool-worker-0] INFO  segmented.SegmentedRaftLogWorker (SegmentedRaftLogWorker.java:close(228)) - 3716a3a4-b37c-4a3e-91b5-9d776be92922@group-4B6004E2DC26-SegmentedRaftLogWorker close()
2019-09-24 22:43:04,151 [ForkJoinPool.commonPool-worker-0] INFO  impl.RaftServerImpl (RaftServerImpl.java:lambda$shutdown$3(251)) - 3716a3a4-b37c-4a3e-91b5-9d776be92922@group-E79BDEEF64FC: shutdown
2019-09-24 22:43:04,152 [ForkJoinPool.commonPool-worker-0] INFO  util.JmxRegister (JmxRegister.java:unregister(73)) - Successfully un-registered JMX Bean with object name Ratis:service=RaftServer,group=group-E79BDEEF64FC,id=3716a3a4-b37c-4a3e-91b5-9d776be92922
2019-09-24 22:43:04,152 [ForkJoinPool.commonPool-worker-0] INFO  impl.RoleInfo (RoleInfo.java:shutdownFollowerState(121)) - 3716a3a4-b37c-4a3e-91b5-9d776be92922: shutdown FollowerState
2019-09-24 22:43:04,152 [ForkJoinPool.commonPool-worker-0] INFO  impl.StateMachineUpdater (StateMachineUpdater.java:stopAndJoin(125)) - 3716a3a4-b37c-4a3e-91b5-9d776be92922@group-E79BDEEF64FC-StateMachineUpdater: set stopIndex = 0
2019-09-24 22:43:04,152 [Thread-450] INFO  impl.FollowerState (FollowerState.java:run(115)) - 3716a3a4-b37c-4a3e-91b5-9d776be92922: FollowerState was interrupted: java.lang.InterruptedException: sleep interrupted
2019-09-24 22:43:04,154 [ForkJoinPool.commonPool-worker-0] INFO  impl.RaftServerImpl (ServerState.java:close(385)) - 3716a3a4-b37c-4a3e-91b5-9d776be92922@group-E79BDEEF64FC: closes. applyIndex: 0
2019-09-24 22:43:04,155 [3716a3a4-b37c-4a3e-91b5-9d776be92922@group-E79BDEEF64FC-SegmentedRaftLogWorker] INFO  segmented.SegmentedRaftLogWorker (SegmentedRaftLogWorker.java:run(313)) - 3716a3a4-b37c-4a3e-91b5-9d776be92922@group-E79BDEEF64FC-SegmentedRaftLogWorker was interrupted, exiting. There are 0 tasks remaining in the queue.
2019-09-24 22:43:04,157 [ForkJoinPool.commonPool-worker-0] INFO  segmented.SegmentedRaftLogWorker (SegmentedRaftLogWorker.java:close(228)) - 3716a3a4-b37c-4a3e-91b5-9d776be92922@group-E79BDEEF64FC-SegmentedRaftLogWorker close()
2019-09-24 22:43:04,161 [ForkJoinPool.commonPool-worker-0] INFO  server.GrpcService (GrpcService.java:closeImpl(164)) - 3716a3a4-b37c-4a3e-91b5-9d776be92922: shutdown server with port 42029 now
2019-09-24 22:43:04,165 [ForkJoinPool.commonPool-worker-0] INFO  server.GrpcService (GrpcService.java:closeImpl(172)) - 3716a3a4-b37c-4a3e-91b5-9d776be92922: shutdown server with port 42029 successfully
2019-09-24 22:43:04,168 [main] INFO  utils.BackgroundService (BackgroundService.java:shutdown(148)) - Shutting down service BlockDeletingService
2019-09-24 22:43:04,174 [main] INFO  statemachine.DatanodeStateMachine (DatanodeStateMachine.java:stopDaemon(395)) - Ozone container server stopped.
2019-09-24 22:43:04,175 [main] INFO  handler.ContextHandler (ContextHandler.java:doStop(910)) - Stopped o.e.j.w.WebAppContext@640ab13c{/,null,UNAVAILABLE}{/hddsDatanode}
2019-09-24 22:43:04,177 [refreshUsed-/workdir/hadoop-ozone/integration-test/target/test-dir/MiniOzoneClusterImpl-9f0f2ccb-738a-4344-bc48-f2576ae9334a/datanode-3/data/containers] WARN  fs.CachingGetSpaceUsed (CachingGetSpaceUsed.java:run(183)) - Thread Interrupted waiting to refresh disk information: sleep interrupted
2019-09-24 22:43:04,177 [main] INFO  server.AbstractConnector (AbstractConnector.java:doStop(318)) - Stopped ServerConnector@1e0a864d{HTTP/1.1,[http/1.1]}{0.0.0.0:0}
2019-09-24 22:43:04,178 [main] INFO  handler.ContextHandler (ContextHandler.java:doStop(910)) - Stopped o.e.j.s.ServletContextHandler@59bbe88a{/static,jar:file:/home/user/.m2/repository/org/apache/hadoop/hadoop-hdds-container-service/0.5.0-SNAPSHOT/hadoop-hdds-container-service-0.5.0-SNAPSHOT.jar!/webapps/static,UNAVAILABLE}
2019-09-24 22:43:04,179 [main] INFO  handler.ContextHandler (ContextHandler.java:doStop(910)) - Stopped o.e.j.s.ServletContextHandler@77049094{/logs,file:///workdir/hadoop-ozone/integration-test/target/log,UNAVAILABLE}
2019-09-24 22:43:04,193 [ForkJoinPool.commonPool-worker-0] INFO  utils.BackgroundService (BackgroundService.java:shutdown(148)) - Shutting down service BlockDeletingService
2019-09-24 22:43:04,198 [ForkJoinPool.commonPool-worker-0] INFO  statemachine.DatanodeStateMachine (DatanodeStateMachine.java:stopDaemon(395)) - Ozone container server stopped.
2019-09-24 22:43:04,203 [ForkJoinPool.commonPool-worker-0] INFO  handler.ContextHandler (ContextHandler.java:doStop(910)) - Stopped o.e.j.w.WebAppContext@984169e{/,null,UNAVAILABLE}{/hddsDatanode}
2019-09-24 22:43:04,204 [ForkJoinPool.commonPool-worker-0] INFO  server.AbstractConnector (AbstractConnector.java:doStop(318)) - Stopped ServerConnector@43f1bb92{HTTP/1.1,[http/1.1]}{0.0.0.0:0}
2019-09-24 22:43:04,206 [ForkJoinPool.commonPool-worker-0] INFO  handler.ContextHandler (ContextHandler.java:doStop(910)) - Stopped o.e.j.s.ServletContextHandler@574a89e2{/static,jar:file:/home/user/.m2/repository/org/apache/hadoop/hadoop-hdds-container-service/0.5.0-SNAPSHOT/hadoop-hdds-container-service-0.5.0-SNAPSHOT.jar!/webapps/static,UNAVAILABLE}
2019-09-24 22:43:04,207 [ForkJoinPool.commonPool-worker-0] INFO  handler.ContextHandler (ContextHandler.java:doStop(910)) - Stopped o.e.j.s.ServletContextHandler@753aca85{/logs,file:///workdir/hadoop-ozone/integration-test/target/log,UNAVAILABLE}
2019-09-24 22:43:04,675 [Datanode State Machine Thread - 0] INFO  statemachine.DatanodeStateMachine (DatanodeStateMachine.java:lambda$startDaemon$0(350)) - Ozone container server started.
2019-09-24 22:43:04,921 [Datanode State Machine Thread - 0] INFO  statemachine.DatanodeStateMachine (DatanodeStateMachine.java:lambda$startDaemon$0(350)) - Ozone container server started.
2019-09-24 22:43:09,180 [main] INFO  ozoneimpl.OzoneContainer (OzoneContainer.java:stop(231)) - Attempting to stop container services.
2019-09-24 22:43:09,181 [main] INFO  impl.RaftServerProxy (RaftServerProxy.java:lambda$close$4(314)) - 44386e62-51f5-4810-a1c5-3bae63c25e40: close
2019-09-24 22:43:09,182 [main] INFO  impl.RaftServerImpl (RaftServerImpl.java:lambda$shutdown$3(251)) - 44386e62-51f5-4810-a1c5-3bae63c25e40@group-40389E4FFFF3: shutdown
2019-09-24 22:43:09,182 [main] INFO  util.JmxRegister (JmxRegister.java:unregister(73)) - Successfully un-registered JMX Bean with object name Ratis:service=RaftServer,group=group-40389E4FFFF3,id=44386e62-51f5-4810-a1c5-3bae63c25e40
2019-09-24 22:43:09,182 [main] INFO  impl.RoleInfo (RoleInfo.java:shutdownLeaderState(104)) - 44386e62-51f5-4810-a1c5-3bae63c25e40: shutdown LeaderState
2019-09-24 22:43:09,183 [main] INFO  impl.PendingRequests (PendingRequests.java:sendNotLeaderResponses(202)) - 44386e62-51f5-4810-a1c5-3bae63c25e40-PendingRequests: sendNotLeaderResponses
2019-09-24 22:43:09,183 [main] INFO  impl.StateMachineUpdater (StateMachineUpdater.java:stopAndJoin(125)) - 44386e62-51f5-4810-a1c5-3bae63c25e40@group-40389E4FFFF3-StateMachineUpdater: set stopIndex = 0
2019-09-24 22:43:09,184 [main] INFO  impl.RaftServerImpl (ServerState.java:close(385)) - 44386e62-51f5-4810-a1c5-3bae63c25e40@group-40389E4FFFF3: closes. applyIndex: 0
2019-09-24 22:43:09,185 [44386e62-51f5-4810-a1c5-3bae63c25e40@group-40389E4FFFF3-SegmentedRaftLogWorker] INFO  segmented.SegmentedRaftLogWorker (SegmentedRaftLogWorker.java:run(313)) - 44386e62-51f5-4810-a1c5-3bae63c25e40@group-40389E4FFFF3-SegmentedRaftLogWorker was interrupted, exiting. There are 0 tasks remaining in the queue.
2019-09-24 22:43:09,188 [main] INFO  segmented.SegmentedRaftLogWorker (SegmentedRaftLogWorker.java:close(228)) - 44386e62-51f5-4810-a1c5-3bae63c25e40@group-40389E4FFFF3-SegmentedRaftLogWorker close()
2019-09-24 22:43:09,192 [main] INFO  impl.RaftServerImpl (RaftServerImpl.java:lambda$shutdown$3(251)) - 44386e62-51f5-4810-a1c5-3bae63c25e40@group-68F9DFA996A4: shutdown
2019-09-24 22:43:09,192 [main] INFO  util.JmxRegister (JmxRegister.java:unregister(73)) - Successfully un-registered JMX Bean with object name Ratis:service=RaftServer,group=group-68F9DFA996A4,id=44386e62-51f5-4810-a1c5-3bae63c25e40
2019-09-24 22:43:09,192 [main] INFO  impl.RoleInfo (RoleInfo.java:shutdownFollowerState(121)) - 44386e62-51f5-4810-a1c5-3bae63c25e40: shutdown FollowerState
2019-09-24 22:43:09,193 [main] INFO  impl.StateMachineUpdater (StateMachineUpdater.java:stopAndJoin(125)) - 44386e62-51f5-4810-a1c5-3bae63c25e40@group-68F9DFA996A4-StateMachineUpdater: set stopIndex = 0
2019-09-24 22:43:09,193 [Thread-411] INFO  impl.FollowerState (FollowerState.java:run(115)) - 44386e62-51f5-4810-a1c5-3bae63c25e40: FollowerState was interrupted: java.lang.InterruptedException: sleep interrupted
2019-09-24 22:43:09,193 [main] INFO  impl.RaftServerImpl (ServerState.java:close(385)) - 44386e62-51f5-4810-a1c5-3bae63c25e40@group-68F9DFA996A4: closes. applyIndex: 0
2019-09-24 22:43:09,195 [44386e62-51f5-4810-a1c5-3bae63c25e40@group-68F9DFA996A4-SegmentedRaftLogWorker] INFO  segmented.SegmentedRaftLogWorker (SegmentedRaftLogWorker.java:run(313)) - 44386e62-51f5-4810-a1c5-3bae63c25e40@group-68F9DFA996A4-SegmentedRaftLogWorker was interrupted, exiting. There are 0 tasks remaining in the queue.
2019-09-24 22:43:09,197 [main] INFO  segmented.SegmentedRaftLogWorker (SegmentedRaftLogWorker.java:close(228)) - 44386e62-51f5-4810-a1c5-3bae63c25e40@group-68F9DFA996A4-SegmentedRaftLogWorker close()
2019-09-24 22:43:09,207 [main] INFO  server.GrpcService (GrpcService.java:closeImpl(164)) - 44386e62-51f5-4810-a1c5-3bae63c25e40: shutdown server with port 32774 now
2019-09-24 22:43:09,210 [ForkJoinPool.commonPool-worker-0] INFO  ozoneimpl.OzoneContainer (OzoneContainer.java:stop(231)) - Attempting to stop container services.
2019-09-24 22:43:09,212 [ForkJoinPool.commonPool-worker-0] INFO  impl.RaftServerProxy (RaftServerProxy.java:lambda$close$4(314)) - faf732d4-9705-4e91-a5ff-9b5c287516c2: close
2019-09-24 22:43:09,212 [main] INFO  server.GrpcService (GrpcService.java:closeImpl(172)) - 44386e62-51f5-4810-a1c5-3bae63c25e40: shutdown server with port 32774 successfully
2019-09-24 22:43:09,212 [ForkJoinPool.commonPool-worker-0] INFO  impl.RaftServerImpl (RaftServerImpl.java:lambda$shutdown$3(251)) - faf732d4-9705-4e91-a5ff-9b5c287516c2@group-E43D5F8C5A46: shutdown
2019-09-24 22:43:09,213 [ForkJoinPool.commonPool-worker-0] INFO  util.JmxRegister (JmxRegister.java:unregister(73)) - Successfully un-registered JMX Bean with object name Ratis:service=RaftServer,group=group-E43D5F8C5A46,id=faf732d4-9705-4e91-a5ff-9b5c287516c2
2019-09-24 22:43:09,213 [ForkJoinPool.commonPool-worker-0] INFO  impl.RoleInfo (RoleInfo.java:shutdownLeaderState(104)) - faf732d4-9705-4e91-a5ff-9b5c287516c2: shutdown LeaderState
2019-09-24 22:43:09,213 [ForkJoinPool.commonPool-worker-0] INFO  impl.PendingRequests (PendingRequests.java:sendNotLeaderResponses(202)) - faf732d4-9705-4e91-a5ff-9b5c287516c2-PendingRequests: sendNotLeaderResponses
2019-09-24 22:43:09,213 [ForkJoinPool.commonPool-worker-0] INFO  impl.StateMachineUpdater (StateMachineUpdater.java:stopAndJoin(125)) - faf732d4-9705-4e91-a5ff-9b5c287516c2@group-E43D5F8C5A46-StateMachineUpdater: set stopIndex = 0
2019-09-24 22:43:09,214 [ForkJoinPool.commonPool-worker-0] INFO  impl.RaftServerImpl (ServerState.java:close(385)) - faf732d4-9705-4e91-a5ff-9b5c287516c2@group-E43D5F8C5A46: closes. applyIndex: 0
2019-09-24 22:43:09,214 [refreshUsed-/workdir/hadoop-ozone/integration-test/target/test-dir/MiniOzoneClusterImpl-9f0f2ccb-738a-4344-bc48-f2576ae9334a/datanode-8/data/containers] WARN  fs.CachingGetSpaceUsed (CachingGetSpaceUsed.java:run(183)) - Thread Interrupted waiting to refresh disk information: sleep interrupted
2019-09-24 22:43:09,214 [faf732d4-9705-4e91-a5ff-9b5c287516c2@group-E43D5F8C5A46-SegmentedRaftLogWorker] INFO  segmented.SegmentedRaftLogWorker (SegmentedRaftLogWorker.java:run(313)) - faf732d4-9705-4e91-a5ff-9b5c287516c2@group-E43D5F8C5A46-SegmentedRaftLogWorker was interrupted, exiting. There are 0 tasks remaining in the queue.
2019-09-24 22:43:09,214 [ForkJoinPool.commonPool-worker-0] INFO  segmented.SegmentedRaftLogWorker (SegmentedRaftLogWorker.java:close(228)) - faf732d4-9705-4e91-a5ff-9b5c287516c2@group-E43D5F8C5A46-SegmentedRaftLogWorker close()
2019-09-24 22:43:09,217 [ForkJoinPool.commonPool-worker-0] INFO  impl.RaftServerImpl (RaftServerImpl.java:lambda$shutdown$3(251)) - faf732d4-9705-4e91-a5ff-9b5c287516c2@group-62F8E6E769DC: shutdown
2019-09-24 22:43:09,217 [ForkJoinPool.commonPool-worker-0] INFO  util.JmxRegister (JmxRegister.java:unregister(73)) - Successfully un-registered JMX Bean with object name Ratis:service=RaftServer,group=group-62F8E6E769DC,id=faf732d4-9705-4e91-a5ff-9b5c287516c2
2019-09-24 22:43:09,217 [ForkJoinPool.commonPool-worker-0] INFO  impl.RoleInfo (RoleInfo.java:shutdownFollowerState(121)) - faf732d4-9705-4e91-a5ff-9b5c287516c2: shutdown FollowerState
2019-09-24 22:43:09,218 [ForkJoinPool.commonPool-worker-0] INFO  impl.StateMachineUpdater (StateMachineUpdater.java:stopAndJoin(125)) - faf732d4-9705-4e91-a5ff-9b5c287516c2@group-62F8E6E769DC-StateMachineUpdater: set stopIndex = 0
2019-09-24 22:43:09,219 [Thread-365] INFO  impl.FollowerState (FollowerState.java:run(115)) - faf732d4-9705-4e91-a5ff-9b5c287516c2: FollowerState was interrupted: java.lang.InterruptedException: sleep interrupted
2019-09-24 22:43:09,221 [ForkJoinPool.commonPool-worker-0] INFO  impl.RaftServerImpl (ServerState.java:close(385)) - faf732d4-9705-4e91-a5ff-9b5c287516c2@group-62F8E6E769DC: closes. applyIndex: 0
2019-09-24 22:43:09,222 [faf732d4-9705-4e91-a5ff-9b5c287516c2@group-62F8E6E769DC-SegmentedRaftLogWorker] INFO  segmented.SegmentedRaftLogWorker (SegmentedRaftLogWorker.java:run(313)) - faf732d4-9705-4e91-a5ff-9b5c287516c2@group-62F8E6E769DC-SegmentedRaftLogWorker was interrupted, exiting. There are 0 tasks remaining in the queue.
2019-09-24 22:43:09,222 [ForkJoinPool.commonPool-worker-0] INFO  segmented.SegmentedRaftLogWorker (SegmentedRaftLogWorker.java:close(228)) - faf732d4-9705-4e91-a5ff-9b5c287516c2@group-62F8E6E769DC-SegmentedRaftLogWorker close()
2019-09-24 22:43:09,223 [ForkJoinPool.commonPool-worker-0] INFO  server.GrpcService (GrpcService.java:closeImpl(164)) - faf732d4-9705-4e91-a5ff-9b5c287516c2: shutdown server with port 34652 now
2019-09-24 22:43:09,227 [ForkJoinPool.commonPool-worker-0] INFO  server.GrpcService (GrpcService.java:closeImpl(172)) - faf732d4-9705-4e91-a5ff-9b5c287516c2: shutdown server with port 34652 successfully
2019-09-24 22:43:09,228 [grpc-default-executor-7] WARN  server.GrpcServerProtocolService (LogUtils.java:warn(134)) - faf732d4-9705-4e91-a5ff-9b5c287516c2: installSnapshot onError, lastRequest: ed156df5-2bd4-47ff-b40d-dee021ecbbab->faf732d4-9705-4e91-a5ff-9b5c287516c2#48-t1, previous=(t:1, i:0), leaderCommit=0, initializing? false, entries: <empty>: org.apache.ratis.thirdparty.io.grpc.StatusRuntimeException: CANCELLED: cancelled before receiving half close
2019-09-24 22:43:09,228 [grpc-default-executor-5] WARN  server.GrpcLogAppender (LogUtils.java:warn(134)) - ed156df5-2bd4-47ff-b40d-dee021ecbbab@group-62F8E6E769DC->faf732d4-9705-4e91-a5ff-9b5c287516c2-AppendLogResponseHandler: Failed appendEntries: org.apache.ratis.thirdparty.io.grpc.StatusRuntimeException: CANCELLED: HTTP/2 error code: CANCEL
Received Rst Stream
2019-09-24 22:43:09,230 [grpc-default-executor-5] INFO  impl.FollowerInfo (FollowerInfo.java:lambda$new$0(51)) - ed156df5-2bd4-47ff-b40d-dee021ecbbab@group-62F8E6E769DC->faf732d4-9705-4e91-a5ff-9b5c287516c2: nextIndex: updateUnconditionally 1 -> 0
2019-09-24 22:43:09,236 [refreshUsed-/workdir/hadoop-ozone/integration-test/target/test-dir/MiniOzoneClusterImpl-9f0f2ccb-738a-4344-bc48-f2576ae9334a/datanode-4/data/containers] WARN  fs.CachingGetSpaceUsed (CachingGetSpaceUsed.java:run(183)) - Thread Interrupted waiting to refresh disk information: sleep interrupted
2019-09-24 22:43:09,237 [main] INFO  utils.BackgroundService (BackgroundService.java:shutdown(148)) - Shutting down service BlockDeletingService
2019-09-24 22:43:09,241 [main] INFO  statemachine.DatanodeStateMachine (DatanodeStateMachine.java:stopDaemon(395)) - Ozone container server stopped.
2019-09-24 22:43:09,242 [main] INFO  handler.ContextHandler (ContextHandler.java:doStop(910)) - Stopped o.e.j.w.WebAppContext@4e682398{/,null,UNAVAILABLE}{/hddsDatanode}
2019-09-24 22:43:09,243 [main] INFO  server.AbstractConnector (AbstractConnector.java:doStop(318)) - Stopped ServerConnector@670b3ca{HTTP/1.1,[http/1.1]}{0.0.0.0:0}
2019-09-24 22:43:09,243 [main] INFO  handler.ContextHandler (ContextHandler.java:doStop(910)) - Stopped o.e.j.s.ServletContextHandler@2a367e93{/static,jar:file:/home/user/.m2/repository/org/apache/hadoop/hadoop-hdds-container-service/0.5.0-SNAPSHOT/hadoop-hdds-container-service-0.5.0-SNAPSHOT.jar!/webapps/static,UNAVAILABLE}
2019-09-24 22:43:09,244 [main] INFO  handler.ContextHandler (ContextHandler.java:doStop(910)) - Stopped o.e.j.s.ServletContextHandler@75120e58{/logs,file:///workdir/hadoop-ozone/integration-test/target/log,UNAVAILABLE}
2019-09-24 22:43:09,249 [ForkJoinPool.commonPool-worker-0] INFO  utils.BackgroundService (BackgroundService.java:shutdown(148)) - Shutting down service BlockDeletingService
2019-09-24 22:43:09,253 [ForkJoinPool.commonPool-worker-0] INFO  statemachine.DatanodeStateMachine (DatanodeStateMachine.java:stopDaemon(395)) - Ozone container server stopped.
2019-09-24 22:43:09,257 [ForkJoinPool.commonPool-worker-0] INFO  handler.ContextHandler (ContextHandler.java:doStop(910)) - Stopped o.e.j.w.WebAppContext@6d5c2745{/,null,UNAVAILABLE}{/hddsDatanode}
2019-09-24 22:43:09,257 [ForkJoinPool.commonPool-worker-0] INFO  server.AbstractConnector (AbstractConnector.java:doStop(318)) - Stopped ServerConnector@44b29496{HTTP/1.1,[http/1.1]}{0.0.0.0:0}
2019-09-24 22:43:09,258 [ForkJoinPool.commonPool-worker-0] INFO  handler.ContextHandler (ContextHandler.java:doStop(910)) - Stopped o.e.j.s.ServletContextHandler@1a96d94c{/static,jar:file:/home/user/.m2/repository/org/apache/hadoop/hadoop-hdds-container-service/0.5.0-SNAPSHOT/hadoop-hdds-container-service-0.5.0-SNAPSHOT.jar!/webapps/static,UNAVAILABLE}
2019-09-24 22:43:09,260 [ForkJoinPool.commonPool-worker-0] INFO  handler.ContextHandler (ContextHandler.java:doStop(910)) - Stopped o.e.j.s.ServletContextHandler@544e8149{/logs,file:///workdir/hadoop-ozone/integration-test/target/log,UNAVAILABLE}
2019-09-24 22:43:09,679 [Datanode State Machine Thread - 0] INFO  statemachine.DatanodeStateMachine (DatanodeStateMachine.java:lambda$startDaemon$0(350)) - Ozone container server started.
2019-09-24 22:43:10,041 [Datanode State Machine Thread - 0] INFO  statemachine.DatanodeStateMachine (DatanodeStateMachine.java:lambda$startDaemon$0(350)) - Ozone container server started.
2019-09-24 22:43:10,095 [grpc-default-executor-7] WARN  server.GrpcLogAppender (LogUtils.java:warn(134)) - ed156df5-2bd4-47ff-b40d-dee021ecbbab@group-62F8E6E769DC->faf732d4-9705-4e91-a5ff-9b5c287516c2-AppendLogResponseHandler: Failed appendEntries: org.apache.ratis.thirdparty.io.grpc.StatusRuntimeException: UNAVAILABLE: io exception
2019-09-24 22:43:10,097 [grpc-default-executor-7] INFO  impl.FollowerInfo (FollowerInfo.java:lambda$new$0(51)) - ed156df5-2bd4-47ff-b40d-dee021ecbbab@group-62F8E6E769DC->faf732d4-9705-4e91-a5ff-9b5c287516c2: nextIndex: updateUnconditionally 0 -> 0
2019-09-24 22:43:12,430 [Thread-409] INFO  impl.FollowerState (FollowerState.java:run(106)) - 7f5dd112-3930-4cdb-a0ff-40ada89e25be:group-68F9DFA996A4 changes to CANDIDATE, lastRpcTime:9860, electionTimeout:5175ms
2019-09-24 22:43:12,431 [Thread-409] INFO  impl.RoleInfo (RoleInfo.java:shutdownFollowerState(121)) - 7f5dd112-3930-4cdb-a0ff-40ada89e25be: shutdown FollowerState
2019-09-24 22:43:12,431 [Thread-409] INFO  impl.RaftServerImpl (RaftServerImpl.java:setRole(174)) - 7f5dd112-3930-4cdb-a0ff-40ada89e25be@group-68F9DFA996A4: changes role from  FOLLOWER to CANDIDATE at term 2 for changeToCandidate
2019-09-24 22:43:12,431 [Thread-409] INFO  impl.RoleInfo (RoleInfo.java:updateAndGet(143)) - 7f5dd112-3930-4cdb-a0ff-40ada89e25be: start LeaderElection
2019-09-24 22:43:12,437 [7f5dd112-3930-4cdb-a0ff-40ada89e25be@group-68F9DFA996A4:LeaderElection25] INFO  impl.RaftServerImpl (ServerState.java:setLeader(253)) - 7f5dd112-3930-4cdb-a0ff-40ada89e25be@group-68F9DFA996A4: change Leader from 053bbe9f-e617-47d8-81f1-5a2d0a241cc5 to null at term 2 for initElection
2019-09-24 22:43:12,451 [7f5dd112-3930-4cdb-a0ff-40ada89e25be@group-68F9DFA996A4:LeaderElection25] INFO  impl.LeaderElection (LeaderElection.java:askForVotes(182)) - 7f5dd112-3930-4cdb-a0ff-40ada89e25be@group-68F9DFA996A4:LeaderElection25: begin an election at term 3 for 0: [44386e62-51f5-4810-a1c5-3bae63c25e40:192.168.151.66:32774, 7f5dd112-3930-4cdb-a0ff-40ada89e25be:192.168.151.66:46159, 053bbe9f-e617-47d8-81f1-5a2d0a241cc5:192.168.151.66:33565], old=null
2019-09-24 22:43:12,458 [7f5dd112-3930-4cdb-a0ff-40ada89e25be@group-68F9DFA996A4:LeaderElection25] INFO  impl.LeaderElection (LogUtils.java:infoOrTrace(149)) - 7f5dd112-3930-4cdb-a0ff-40ada89e25be@group-68F9DFA996A4:LeaderElection25 got exception when requesting votes: {}
java.util.concurrent.ExecutionException: org.apache.ratis.thirdparty.io.grpc.StatusRuntimeException: UNAVAILABLE: io exception
	at java.util.concurrent.FutureTask.report(FutureTask.java:122)
	at java.util.concurrent.FutureTask.get(FutureTask.java:192)
	at org.apache.ratis.server.impl.LeaderElection.waitForResults(LeaderElection.java:263)
	at org.apache.ratis.server.impl.LeaderElection.askForVotes(LeaderElection.java:201)
	at org.apache.ratis.server.impl.LeaderElection.run(LeaderElection.java:133)
	at java.lang.Thread.run(Thread.java:748)
Caused by: org.apache.ratis.thirdparty.io.grpc.StatusRuntimeException: UNAVAILABLE: io exception
	at org.apache.ratis.thirdparty.io.grpc.stub.ClientCalls.toStatusRuntimeException(ClientCalls.java:233)
	at org.apache.ratis.thirdparty.io.grpc.stub.ClientCalls.getUnchecked(ClientCalls.java:214)
	at org.apache.ratis.thirdparty.io.grpc.stub.ClientCalls.blockingUnaryCall(ClientCalls.java:139)
	at org.apache.ratis.proto.grpc.RaftServerProtocolServiceGrpc$RaftServerProtocolServiceBlockingStub.requestVote(RaftServerProtocolServiceGrpc.java:265)
	at org.apache.ratis.grpc.server.GrpcServerProtocolClient.requestVote(GrpcServerProtocolClient.java:90)
	at org.apache.ratis.grpc.server.GrpcService.requestVote(GrpcService.java:204)
	at org.apache.ratis.server.impl.LeaderElection.lambda$submitRequests$1(LeaderElection.java:238)
	at java.util.concurrent.FutureTask.run(FutureTask.java:266)
	at java.util.concurrent.Executors$RunnableAdapter.call(Executors.java:511)
	at java.util.concurrent.FutureTask.run(FutureTask.java:266)
	at java.util.concurrent.ThreadPoolExecutor.runWorker(ThreadPoolExecutor.java:1149)
	at java.util.concurrent.ThreadPoolExecutor$Worker.run(ThreadPoolExecutor.java:624)
	... 1 more
Caused by: org.apache.ratis.thirdparty.io.netty.channel.AbstractChannel$AnnotatedConnectException: Connection refused: /192.168.151.66:32774
	at sun.nio.ch.SocketChannelImpl.checkConnect(Native Method)
	at sun.nio.ch.SocketChannelImpl.finishConnect(SocketChannelImpl.java:717)
	at org.apache.ratis.thirdparty.io.netty.channel.socket.nio.NioSocketChannel.doFinishConnect(NioSocketChannel.java:327)
	at org.apache.ratis.thirdparty.io.netty.channel.nio.AbstractNioChannel$AbstractNioUnsafe.finishConnect(AbstractNioChannel.java:340)
	at org.apache.ratis.thirdparty.io.netty.channel.nio.NioEventLoop.processSelectedKey(NioEventLoop.java:632)
	at org.apache.ratis.thirdparty.io.netty.channel.nio.NioEventLoop.processSelectedKeysOptimized(NioEventLoop.java:579)
	at org.apache.ratis.thirdparty.io.netty.channel.nio.NioEventLoop.processSelectedKeys(NioEventLoop.java:496)
	at org.apache.ratis.thirdparty.io.netty.channel.nio.NioEventLoop.run(NioEventLoop.java:458)
	at org.apache.ratis.thirdparty.io.netty.util.concurrent.SingleThreadEventExecutor$5.run(SingleThreadEventExecutor.java:897)
	at org.apache.ratis.thirdparty.io.netty.util.concurrent.FastThreadLocalRunnable.run(FastThreadLocalRunnable.java:30)
	... 1 more
Caused by: java.net.ConnectException: Connection refused
	... 11 more
2019-09-24 22:43:12,461 [7f5dd112-3930-4cdb-a0ff-40ada89e25be@group-68F9DFA996A4:LeaderElection25] INFO  impl.LeaderElection (LogUtils.java:infoOrTrace(149)) - 7f5dd112-3930-4cdb-a0ff-40ada89e25be@group-68F9DFA996A4:LeaderElection25 got exception when requesting votes: {}
java.util.concurrent.ExecutionException: org.apache.ratis.thirdparty.io.grpc.StatusRuntimeException: UNAVAILABLE: io exception
	at java.util.concurrent.FutureTask.report(FutureTask.java:122)
	at java.util.concurrent.FutureTask.get(FutureTask.java:192)
	at org.apache.ratis.server.impl.LeaderElection.waitForResults(LeaderElection.java:263)
	at org.apache.ratis.server.impl.LeaderElection.askForVotes(LeaderElection.java:201)
	at org.apache.ratis.server.impl.LeaderElection.run(LeaderElection.java:133)
	at java.lang.Thread.run(Thread.java:748)
Caused by: org.apache.ratis.thirdparty.io.grpc.StatusRuntimeException: UNAVAILABLE: io exception
	at org.apache.ratis.thirdparty.io.grpc.stub.ClientCalls.toStatusRuntimeException(ClientCalls.java:233)
	at org.apache.ratis.thirdparty.io.grpc.stub.ClientCalls.getUnchecked(ClientCalls.java:214)
	at org.apache.ratis.thirdparty.io.grpc.stub.ClientCalls.blockingUnaryCall(ClientCalls.java:139)
	at org.apache.ratis.proto.grpc.RaftServerProtocolServiceGrpc$RaftServerProtocolServiceBlockingStub.requestVote(RaftServerProtocolServiceGrpc.java:265)
	at org.apache.ratis.grpc.server.GrpcServerProtocolClient.requestVote(GrpcServerProtocolClient.java:90)
	at org.apache.ratis.grpc.server.GrpcService.requestVote(GrpcService.java:204)
	at org.apache.ratis.server.impl.LeaderElection.lambda$submitRequests$1(LeaderElection.java:238)
	at java.util.concurrent.FutureTask.run(FutureTask.java:266)
	at java.util.concurrent.Executors$RunnableAdapter.call(Executors.java:511)
	at java.util.concurrent.FutureTask.run(FutureTask.java:266)
	at java.util.concurrent.ThreadPoolExecutor.runWorker(ThreadPoolExecutor.java:1149)
	at java.util.concurrent.ThreadPoolExecutor$Worker.run(ThreadPoolExecutor.java:624)
	... 1 more
Caused by: org.apache.ratis.thirdparty.io.netty.channel.AbstractChannel$AnnotatedConnectException: Connection refused: /192.168.151.66:33565
	at sun.nio.ch.SocketChannelImpl.checkConnect(Native Method)
	at sun.nio.ch.SocketChannelImpl.finishConnect(SocketChannelImpl.java:717)
	at org.apache.ratis.thirdparty.io.netty.channel.socket.nio.NioSocketChannel.doFinishConnect(NioSocketChannel.java:327)
	at org.apache.ratis.thirdparty.io.netty.channel.nio.AbstractNioChannel$AbstractNioUnsafe.finishConnect(AbstractNioChannel.java:340)
	at org.apache.ratis.thirdparty.io.netty.channel.nio.NioEventLoop.processSelectedKey(NioEventLoop.java:632)
	at org.apache.ratis.thirdparty.io.netty.channel.nio.NioEventLoop.processSelectedKeysOptimized(NioEventLoop.java:579)
	at org.apache.ratis.thirdparty.io.netty.channel.nio.NioEventLoop.processSelectedKeys(NioEventLoop.java:496)
	at org.apache.ratis.thirdparty.io.netty.channel.nio.NioEventLoop.run(NioEventLoop.java:458)
	at org.apache.ratis.thirdparty.io.netty.util.concurrent.SingleThreadEventExecutor$5.run(SingleThreadEventExecutor.java:897)
	at org.apache.ratis.thirdparty.io.netty.util.concurrent.FastThreadLocalRunnable.run(FastThreadLocalRunnable.java:30)
	... 1 more
Caused by: java.net.ConnectException: Connection refused
	... 11 more
2019-09-24 22:43:12,463 [7f5dd112-3930-4cdb-a0ff-40ada89e25be@group-68F9DFA996A4:LeaderElection25] INFO  impl.LeaderElection (LeaderElection.java:logAndReturn(56)) - 7f5dd112-3930-4cdb-a0ff-40ada89e25be@group-68F9DFA996A4:LeaderElection25: Election REJECTED; received 0 response(s) [] and 2 exception(s); 7f5dd112-3930-4cdb-a0ff-40ada89e25be@group-68F9DFA996A4:t3, leader=null, voted=7f5dd112-3930-4cdb-a0ff-40ada89e25be, raftlog=7f5dd112-3930-4cdb-a0ff-40ada89e25be@group-68F9DFA996A4-SegmentedRaftLog:OPENED:c0,f0,i0, conf=0: [44386e62-51f5-4810-a1c5-3bae63c25e40:192.168.151.66:32774, 7f5dd112-3930-4cdb-a0ff-40ada89e25be:192.168.151.66:46159, 053bbe9f-e617-47d8-81f1-5a2d0a241cc5:192.168.151.66:33565], old=null
2019-09-24 22:43:12,464 [7f5dd112-3930-4cdb-a0ff-40ada89e25be@group-68F9DFA996A4:LeaderElection25] INFO  impl.LeaderElection (LogUtils.java:infoOrTrace(149)) -   Exception 0: {}
java.util.concurrent.ExecutionException: org.apache.ratis.thirdparty.io.grpc.StatusRuntimeException: UNAVAILABLE: io exception
	at java.util.concurrent.FutureTask.report(FutureTask.java:122)
	at java.util.concurrent.FutureTask.get(FutureTask.java:192)
	at org.apache.ratis.server.impl.LeaderElection.waitForResults(LeaderElection.java:263)
	at org.apache.ratis.server.impl.LeaderElection.askForVotes(LeaderElection.java:201)
	at org.apache.ratis.server.impl.LeaderElection.run(LeaderElection.java:133)
	at java.lang.Thread.run(Thread.java:748)
Caused by: org.apache.ratis.thirdparty.io.grpc.StatusRuntimeException: UNAVAILABLE: io exception
	at org.apache.ratis.thirdparty.io.grpc.stub.ClientCalls.toStatusRuntimeException(ClientCalls.java:233)
	at org.apache.ratis.thirdparty.io.grpc.stub.ClientCalls.getUnchecked(ClientCalls.java:214)
	at org.apache.ratis.thirdparty.io.grpc.stub.ClientCalls.blockingUnaryCall(ClientCalls.java:139)
	at org.apache.ratis.proto.grpc.RaftServerProtocolServiceGrpc$RaftServerProtocolServiceBlockingStub.requestVote(RaftServerProtocolServiceGrpc.java:265)
	at org.apache.ratis.grpc.server.GrpcServerProtocolClient.requestVote(GrpcServerProtocolClient.java:90)
	at org.apache.ratis.grpc.server.GrpcService.requestVote(GrpcService.java:204)
	at org.apache.ratis.server.impl.LeaderElection.lambda$submitRequests$1(LeaderElection.java:238)
	at java.util.concurrent.FutureTask.run(FutureTask.java:266)
	at java.util.concurrent.Executors$RunnableAdapter.call(Executors.java:511)
	at java.util.concurrent.FutureTask.run(FutureTask.java:266)
	at java.util.concurrent.ThreadPoolExecutor.runWorker(ThreadPoolExecutor.java:1149)
	at java.util.concurrent.ThreadPoolExecutor$Worker.run(ThreadPoolExecutor.java:624)
	... 1 more
Caused by: org.apache.ratis.thirdparty.io.netty.channel.AbstractChannel$AnnotatedConnectException: Connection refused: /192.168.151.66:32774
	at sun.nio.ch.SocketChannelImpl.checkConnect(Native Method)
	at sun.nio.ch.SocketChannelImpl.finishConnect(SocketChannelImpl.java:717)
	at org.apache.ratis.thirdparty.io.netty.channel.socket.nio.NioSocketChannel.doFinishConnect(NioSocketChannel.java:327)
	at org.apache.ratis.thirdparty.io.netty.channel.nio.AbstractNioChannel$AbstractNioUnsafe.finishConnect(AbstractNioChannel.java:340)
	at org.apache.ratis.thirdparty.io.netty.channel.nio.NioEventLoop.processSelectedKey(NioEventLoop.java:632)
	at org.apache.ratis.thirdparty.io.netty.channel.nio.NioEventLoop.processSelectedKeysOptimized(NioEventLoop.java:579)
	at org.apache.ratis.thirdparty.io.netty.channel.nio.NioEventLoop.processSelectedKeys(NioEventLoop.java:496)
	at org.apache.ratis.thirdparty.io.netty.channel.nio.NioEventLoop.run(NioEventLoop.java:458)
	at org.apache.ratis.thirdparty.io.netty.util.concurrent.SingleThreadEventExecutor$5.run(SingleThreadEventExecutor.java:897)
	at org.apache.ratis.thirdparty.io.netty.util.concurrent.FastThreadLocalRunnable.run(FastThreadLocalRunnable.java:30)
	... 1 more
Caused by: java.net.ConnectException: Connection refused
	... 11 more
2019-09-24 22:43:12,464 [7f5dd112-3930-4cdb-a0ff-40ada89e25be@group-68F9DFA996A4:LeaderElection25] INFO  impl.LeaderElection (LogUtils.java:infoOrTrace(149)) -   Exception 1: {}
java.util.concurrent.ExecutionException: org.apache.ratis.thirdparty.io.grpc.StatusRuntimeException: UNAVAILABLE: io exception
	at java.util.concurrent.FutureTask.report(FutureTask.java:122)
	at java.util.concurrent.FutureTask.get(FutureTask.java:192)
	at org.apache.ratis.server.impl.LeaderElection.waitForResults(LeaderElection.java:263)
	at org.apache.ratis.server.impl.LeaderElection.askForVotes(LeaderElection.java:201)
	at org.apache.ratis.server.impl.LeaderElection.run(LeaderElection.java:133)
	at java.lang.Thread.run(Thread.java:748)
Caused by: org.apache.ratis.thirdparty.io.grpc.StatusRuntimeException: UNAVAILABLE: io exception
	at org.apache.ratis.thirdparty.io.grpc.stub.ClientCalls.toStatusRuntimeException(ClientCalls.java:233)
	at org.apache.ratis.thirdparty.io.grpc.stub.ClientCalls.getUnchecked(ClientCalls.java:214)
	at org.apache.ratis.thirdparty.io.grpc.stub.ClientCalls.blockingUnaryCall(ClientCalls.java:139)
	at org.apache.ratis.proto.grpc.RaftServerProtocolServiceGrpc$RaftServerProtocolServiceBlockingStub.requestVote(RaftServerProtocolServiceGrpc.java:265)
	at org.apache.ratis.grpc.server.GrpcServerProtocolClient.requestVote(GrpcServerProtocolClient.java:90)
	at org.apache.ratis.grpc.server.GrpcService.requestVote(GrpcService.java:204)
	at org.apache.ratis.server.impl.LeaderElection.lambda$submitRequests$1(LeaderElection.java:238)
	at java.util.concurrent.FutureTask.run(FutureTask.java:266)
	at java.util.concurrent.Executors$RunnableAdapter.call(Executors.java:511)
	at java.util.concurrent.FutureTask.run(FutureTask.java:266)
	at java.util.concurrent.ThreadPoolExecutor.runWorker(ThreadPoolExecutor.java:1149)
	at java.util.concurrent.ThreadPoolExecutor$Worker.run(ThreadPoolExecutor.java:624)
	... 1 more
Caused by: org.apache.ratis.thirdparty.io.netty.channel.AbstractChannel$AnnotatedConnectException: Connection refused: /192.168.151.66:33565
	at sun.nio.ch.SocketChannelImpl.checkConnect(Native Method)
	at sun.nio.ch.SocketChannelImpl.finishConnect(SocketChannelImpl.java:717)
	at org.apache.ratis.thirdparty.io.netty.channel.socket.nio.NioSocketChannel.doFinishConnect(NioSocketChannel.java:327)
	at org.apache.ratis.thirdparty.io.netty.channel.nio.AbstractNioChannel$AbstractNioUnsafe.finishConnect(AbstractNioChannel.java:340)
	at org.apache.ratis.thirdparty.io.netty.channel.nio.NioEventLoop.processSelectedKey(NioEventLoop.java:632)
	at org.apache.ratis.thirdparty.io.netty.channel.nio.NioEventLoop.processSelectedKeysOptimized(NioEventLoop.java:579)
	at org.apache.ratis.thirdparty.io.netty.channel.nio.NioEventLoop.processSelectedKeys(NioEventLoop.java:496)
	at org.apache.ratis.thirdparty.io.netty.channel.nio.NioEventLoop.run(NioEventLoop.java:458)
	at org.apache.ratis.thirdparty.io.netty.util.concurrent.SingleThreadEventExecutor$5.run(SingleThreadEventExecutor.java:897)
	at org.apache.ratis.thirdparty.io.netty.util.concurrent.FastThreadLocalRunnable.run(FastThreadLocalRunnable.java:30)
	... 1 more
Caused by: java.net.ConnectException: Connection refused
	... 11 more
2019-09-24 22:43:12,465 [7f5dd112-3930-4cdb-a0ff-40ada89e25be@group-68F9DFA996A4:LeaderElection25] INFO  impl.RaftServerImpl (RaftServerImpl.java:setRole(174)) - 7f5dd112-3930-4cdb-a0ff-40ada89e25be@group-68F9DFA996A4: changes role from CANDIDATE to FOLLOWER at term 3 for DISCOVERED_A_NEW_TERM
2019-09-24 22:43:12,465 [7f5dd112-3930-4cdb-a0ff-40ada89e25be@group-68F9DFA996A4:LeaderElection25] INFO  impl.RoleInfo (RoleInfo.java:shutdownLeaderElection(134)) - 7f5dd112-3930-4cdb-a0ff-40ada89e25be: shutdown LeaderElection
2019-09-24 22:43:12,465 [7f5dd112-3930-4cdb-a0ff-40ada89e25be@group-68F9DFA996A4:LeaderElection25] INFO  impl.RoleInfo (RoleInfo.java:updateAndGet(143)) - 7f5dd112-3930-4cdb-a0ff-40ada89e25be: start FollowerState
2019-09-24 22:43:12,590 [grpc-default-executor-6] WARN  server.GrpcLogAppender (LogUtils.java:warn(134)) - ed156df5-2bd4-47ff-b40d-dee021ecbbab@group-62F8E6E769DC->faf732d4-9705-4e91-a5ff-9b5c287516c2-AppendLogResponseHandler: Failed appendEntries: org.apache.ratis.thirdparty.io.grpc.StatusRuntimeException: UNAVAILABLE: io exception
2019-09-24 22:43:12,594 [grpc-default-executor-6] INFO  impl.FollowerInfo (FollowerInfo.java:lambda$new$0(51)) - ed156df5-2bd4-47ff-b40d-dee021ecbbab@group-62F8E6E769DC->faf732d4-9705-4e91-a5ff-9b5c287516c2: nextIndex: updateUnconditionally 0 -> 0
2019-09-24 22:43:14,245 [main] INFO  ozoneimpl.OzoneContainer (OzoneContainer.java:stop(231)) - Attempting to stop container services.
2019-09-24 22:43:14,246 [main] INFO  impl.RaftServerProxy (RaftServerProxy.java:lambda$close$4(314)) - cb722849-6bd8-4357-8e8b-3e62b976c654: close
2019-09-24 22:43:14,247 [main] INFO  impl.RaftServerImpl (RaftServerImpl.java:lambda$shutdown$3(251)) - cb722849-6bd8-4357-8e8b-3e62b976c654@group-1DA8232007F6: shutdown
2019-09-24 22:43:14,247 [main] INFO  util.JmxRegister (JmxRegister.java:unregister(73)) - Successfully un-registered JMX Bean with object name Ratis:service=RaftServer,group=group-1DA8232007F6,id=cb722849-6bd8-4357-8e8b-3e62b976c654
2019-09-24 22:43:14,248 [main] INFO  impl.RoleInfo (RoleInfo.java:shutdownLeaderState(104)) - cb722849-6bd8-4357-8e8b-3e62b976c654: shutdown LeaderState
2019-09-24 22:43:14,248 [main] INFO  impl.PendingRequests (PendingRequests.java:sendNotLeaderResponses(202)) - cb722849-6bd8-4357-8e8b-3e62b976c654-PendingRequests: sendNotLeaderResponses
2019-09-24 22:43:14,249 [main] INFO  impl.StateMachineUpdater (StateMachineUpdater.java:stopAndJoin(125)) - cb722849-6bd8-4357-8e8b-3e62b976c654@group-1DA8232007F6-StateMachineUpdater: set stopIndex = 0
2019-09-24 22:43:14,249 [main] INFO  impl.RaftServerImpl (ServerState.java:close(385)) - cb722849-6bd8-4357-8e8b-3e62b976c654@group-1DA8232007F6: closes. applyIndex: 0
2019-09-24 22:43:14,250 [cb722849-6bd8-4357-8e8b-3e62b976c654@group-1DA8232007F6-SegmentedRaftLogWorker] INFO  segmented.SegmentedRaftLogWorker (SegmentedRaftLogWorker.java:run(313)) - cb722849-6bd8-4357-8e8b-3e62b976c654@group-1DA8232007F6-SegmentedRaftLogWorker was interrupted, exiting. There are 0 tasks remaining in the queue.
2019-09-24 22:43:14,250 [main] INFO  segmented.SegmentedRaftLogWorker (SegmentedRaftLogWorker.java:close(228)) - cb722849-6bd8-4357-8e8b-3e62b976c654@group-1DA8232007F6-SegmentedRaftLogWorker close()
2019-09-24 22:43:14,254 [main] INFO  server.GrpcService (GrpcService.java:closeImpl(164)) - cb722849-6bd8-4357-8e8b-3e62b976c654: shutdown server with port 33208 now
2019-09-24 22:43:14,256 [main] INFO  server.GrpcService (GrpcService.java:closeImpl(172)) - cb722849-6bd8-4357-8e8b-3e62b976c654: shutdown server with port 33208 successfully
2019-09-24 22:43:14,259 [refreshUsed-/workdir/hadoop-ozone/integration-test/target/test-dir/MiniOzoneClusterImpl-9f0f2ccb-738a-4344-bc48-f2576ae9334a/datanode-9/data/containers] WARN  fs.CachingGetSpaceUsed (CachingGetSpaceUsed.java:run(183)) - Thread Interrupted waiting to refresh disk information: sleep interrupted
2019-09-24 22:43:14,261 [ForkJoinPool.commonPool-worker-0] INFO  ozoneimpl.OzoneContainer (OzoneContainer.java:stop(231)) - Attempting to stop container services.
2019-09-24 22:43:14,338 [ForkJoinPool.commonPool-worker-0] INFO  impl.RaftServerProxy (RaftServerProxy.java:lambda$close$4(314)) - 7f5dd112-3930-4cdb-a0ff-40ada89e25be: close
2019-09-24 22:43:14,339 [ForkJoinPool.commonPool-worker-0] INFO  impl.RaftServerImpl (RaftServerImpl.java:lambda$shutdown$3(251)) - 7f5dd112-3930-4cdb-a0ff-40ada89e25be@group-E043103B8611: shutdown
2019-09-24 22:43:14,339 [ForkJoinPool.commonPool-worker-0] INFO  util.JmxRegister (JmxRegister.java:unregister(73)) - Successfully un-registered JMX Bean with object name Ratis:service=RaftServer,group=group-E043103B8611,id=7f5dd112-3930-4cdb-a0ff-40ada89e25be
2019-09-24 22:43:14,339 [ForkJoinPool.commonPool-worker-0] INFO  impl.RoleInfo (RoleInfo.java:shutdownLeaderState(104)) - 7f5dd112-3930-4cdb-a0ff-40ada89e25be: shutdown LeaderState
2019-09-24 22:43:14,340 [ForkJoinPool.commonPool-worker-0] INFO  impl.PendingRequests (PendingRequests.java:sendNotLeaderResponses(202)) - 7f5dd112-3930-4cdb-a0ff-40ada89e25be-PendingRequests: sendNotLeaderResponses
2019-09-24 22:43:14,340 [ForkJoinPool.commonPool-worker-0] INFO  impl.StateMachineUpdater (StateMachineUpdater.java:stopAndJoin(125)) - 7f5dd112-3930-4cdb-a0ff-40ada89e25be@group-E043103B8611-StateMachineUpdater: set stopIndex = 0
2019-09-24 22:43:14,341 [ForkJoinPool.commonPool-worker-0] INFO  impl.RaftServerImpl (ServerState.java:close(385)) - 7f5dd112-3930-4cdb-a0ff-40ada89e25be@group-E043103B8611: closes. applyIndex: 0
2019-09-24 22:43:14,341 [7f5dd112-3930-4cdb-a0ff-40ada89e25be@group-E043103B8611-SegmentedRaftLogWorker] INFO  segmented.SegmentedRaftLogWorker (SegmentedRaftLogWorker.java:run(313)) - 7f5dd112-3930-4cdb-a0ff-40ada89e25be@group-E043103B8611-SegmentedRaftLogWorker was interrupted, exiting. There are 0 tasks remaining in the queue.
2019-09-24 22:43:14,342 [ForkJoinPool.commonPool-worker-0] INFO  segmented.SegmentedRaftLogWorker (SegmentedRaftLogWorker.java:close(228)) - 7f5dd112-3930-4cdb-a0ff-40ada89e25be@group-E043103B8611-SegmentedRaftLogWorker close()
2019-09-24 22:43:14,344 [ForkJoinPool.commonPool-worker-0] INFO  impl.RaftServerImpl (RaftServerImpl.java:lambda$shutdown$3(251)) - 7f5dd112-3930-4cdb-a0ff-40ada89e25be@group-68F9DFA996A4: shutdown
2019-09-24 22:43:14,344 [ForkJoinPool.commonPool-worker-0] INFO  util.JmxRegister (JmxRegister.java:unregister(73)) - Successfully un-registered JMX Bean with object name Ratis:service=RaftServer,group=group-68F9DFA996A4,id=7f5dd112-3930-4cdb-a0ff-40ada89e25be
2019-09-24 22:43:14,345 [ForkJoinPool.commonPool-worker-0] INFO  impl.RoleInfo (RoleInfo.java:shutdownFollowerState(121)) - 7f5dd112-3930-4cdb-a0ff-40ada89e25be: shutdown FollowerState
2019-09-24 22:43:14,345 [ForkJoinPool.commonPool-worker-0] INFO  impl.StateMachineUpdater (StateMachineUpdater.java:stopAndJoin(125)) - 7f5dd112-3930-4cdb-a0ff-40ada89e25be@group-68F9DFA996A4-StateMachineUpdater: set stopIndex = 0
2019-09-24 22:43:14,345 [Thread-737] INFO  impl.FollowerState (FollowerState.java:run(115)) - 7f5dd112-3930-4cdb-a0ff-40ada89e25be: FollowerState was interrupted: java.lang.InterruptedException: sleep interrupted
2019-09-24 22:43:14,345 [ForkJoinPool.commonPool-worker-0] INFO  impl.RaftServerImpl (ServerState.java:close(385)) - 7f5dd112-3930-4cdb-a0ff-40ada89e25be@group-68F9DFA996A4: closes. applyIndex: 0
2019-09-24 22:43:14,347 [7f5dd112-3930-4cdb-a0ff-40ada89e25be@group-68F9DFA996A4-SegmentedRaftLogWorker] INFO  segmented.SegmentedRaftLogWorker (SegmentedRaftLogWorker.java:run(313)) - 7f5dd112-3930-4cdb-a0ff-40ada89e25be@group-68F9DFA996A4-SegmentedRaftLogWorker was interrupted, exiting. There are 0 tasks remaining in the queue.
2019-09-24 22:43:14,364 [ForkJoinPool.commonPool-worker-0] INFO  segmented.SegmentedRaftLogWorker (SegmentedRaftLogWorker.java:close(228)) - 7f5dd112-3930-4cdb-a0ff-40ada89e25be@group-68F9DFA996A4-SegmentedRaftLogWorker close()
2019-09-24 22:43:14,372 [ForkJoinPool.commonPool-worker-0] INFO  server.GrpcService (GrpcService.java:closeImpl(164)) - 7f5dd112-3930-4cdb-a0ff-40ada89e25be: shutdown server with port 46159 now
2019-09-24 22:43:14,381 [ForkJoinPool.commonPool-worker-0] INFO  server.GrpcService (GrpcService.java:closeImpl(172)) - 7f5dd112-3930-4cdb-a0ff-40ada89e25be: shutdown server with port 46159 successfully
2019-09-24 22:43:14,383 [refreshUsed-/workdir/hadoop-ozone/integration-test/target/test-dir/MiniOzoneClusterImpl-9f0f2ccb-738a-4344-bc48-f2576ae9334a/datanode-0/data/containers] WARN  fs.CachingGetSpaceUsed (CachingGetSpaceUsed.java:run(183)) - Thread Interrupted waiting to refresh disk information: sleep interrupted
2019-09-24 22:43:14,386 [main] INFO  utils.BackgroundService (BackgroundService.java:shutdown(148)) - Shutting down service BlockDeletingService
2019-09-24 22:43:14,392 [main] INFO  statemachine.DatanodeStateMachine (DatanodeStateMachine.java:stopDaemon(395)) - Ozone container server stopped.
2019-09-24 22:43:14,393 [main] INFO  handler.ContextHandler (ContextHandler.java:doStop(910)) - Stopped o.e.j.w.WebAppContext@6f76c2cc{/,null,UNAVAILABLE}{/hddsDatanode}
2019-09-24 22:43:14,394 [main] INFO  server.AbstractConnector (AbstractConnector.java:doStop(318)) - Stopped ServerConnector@306f6f1d{HTTP/1.1,[http/1.1]}{0.0.0.0:0}
2019-09-24 22:43:14,394 [main] INFO  handler.ContextHandler (ContextHandler.java:doStop(910)) - Stopped o.e.j.s.ServletContextHandler@71e35c4{/static,jar:file:/home/user/.m2/repository/org/apache/hadoop/hadoop-hdds-container-service/0.5.0-SNAPSHOT/hadoop-hdds-container-service-0.5.0-SNAPSHOT.jar!/webapps/static,UNAVAILABLE}
2019-09-24 22:43:14,395 [main] INFO  handler.ContextHandler (ContextHandler.java:doStop(910)) - Stopped o.e.j.s.ServletContextHandler@5e1dde44{/logs,file:///workdir/hadoop-ozone/integration-test/target/log,UNAVAILABLE}
2019-09-24 22:43:14,403 [ForkJoinPool.commonPool-worker-0] INFO  utils.BackgroundService (BackgroundService.java:shutdown(148)) - Shutting down service BlockDeletingService
2019-09-24 22:43:14,407 [ForkJoinPool.commonPool-worker-0] INFO  statemachine.DatanodeStateMachine (DatanodeStateMachine.java:stopDaemon(395)) - Ozone container server stopped.
2019-09-24 22:43:14,410 [ForkJoinPool.commonPool-worker-0] INFO  handler.ContextHandler (ContextHandler.java:doStop(910)) - Stopped o.e.j.w.WebAppContext@56dfab87{/,null,UNAVAILABLE}{/hddsDatanode}
2019-09-24 22:43:14,411 [ForkJoinPool.commonPool-worker-0] INFO  server.AbstractConnector (AbstractConnector.java:doStop(318)) - Stopped ServerConnector@715b886f{HTTP/1.1,[http/1.1]}{0.0.0.0:0}
2019-09-24 22:43:14,413 [ForkJoinPool.commonPool-worker-0] INFO  handler.ContextHandler (ContextHandler.java:doStop(910)) - Stopped o.e.j.s.ServletContextHandler@72f9f27c{/static,jar:file:/home/user/.m2/repository/org/apache/hadoop/hadoop-hdds-container-service/0.5.0-SNAPSHOT/hadoop-hdds-container-service-0.5.0-SNAPSHOT.jar!/webapps/static,UNAVAILABLE}
2019-09-24 22:43:14,414 [ForkJoinPool.commonPool-worker-0] INFO  handler.ContextHandler (ContextHandler.java:doStop(910)) - Stopped o.e.j.s.ServletContextHandler@43af351a{/logs,file:///workdir/hadoop-ozone/integration-test/target/log,UNAVAILABLE}
2019-09-24 22:43:14,714 [Datanode State Machine Thread - 0] INFO  statemachine.DatanodeStateMachine (DatanodeStateMachine.java:lambda$startDaemon$0(350)) - Ozone container server started.
2019-09-24 22:43:14,847 [Datanode State Machine Thread - 0] INFO  statemachine.DatanodeStateMachine (DatanodeStateMachine.java:lambda$startDaemon$0(350)) - Ozone container server started.
2019-09-24 22:43:15,094 [grpc-default-executor-6] WARN  server.GrpcLogAppender (LogUtils.java:warn(134)) - ed156df5-2bd4-47ff-b40d-dee021ecbbab@group-62F8E6E769DC->faf732d4-9705-4e91-a5ff-9b5c287516c2-AppendLogResponseHandler: Failed appendEntries: org.apache.ratis.thirdparty.io.grpc.StatusRuntimeException: UNAVAILABLE: io exception
2019-09-24 22:43:15,096 [grpc-default-executor-6] INFO  impl.FollowerInfo (FollowerInfo.java:lambda$new$0(51)) - ed156df5-2bd4-47ff-b40d-dee021ecbbab@group-62F8E6E769DC->faf732d4-9705-4e91-a5ff-9b5c287516c2: nextIndex: updateUnconditionally 0 -> 0
2019-09-24 22:43:17,596 [grpc-default-executor-5] WARN  server.GrpcLogAppender (LogUtils.java:warn(134)) - ed156df5-2bd4-47ff-b40d-dee021ecbbab@group-62F8E6E769DC->faf732d4-9705-4e91-a5ff-9b5c287516c2-AppendLogResponseHandler: Failed appendEntries: org.apache.ratis.thirdparty.io.grpc.StatusRuntimeException: UNAVAILABLE: io exception
2019-09-24 22:43:17,598 [grpc-default-executor-5] INFO  impl.FollowerInfo (FollowerInfo.java:lambda$new$0(51)) - ed156df5-2bd4-47ff-b40d-dee021ecbbab@group-62F8E6E769DC->faf732d4-9705-4e91-a5ff-9b5c287516c2: nextIndex: updateUnconditionally 0 -> 0
2019-09-24 22:43:19,396 [main] INFO  ozoneimpl.OzoneContainer (OzoneContainer.java:stop(231)) - Attempting to stop container services.
2019-09-24 22:43:19,397 [main] INFO  impl.RaftServerProxy (RaftServerProxy.java:lambda$close$4(314)) - ef51bf3c-7b8f-4ad7-803c-941f117d7a0b: close
2019-09-24 22:43:19,397 [main] INFO  impl.RaftServerImpl (RaftServerImpl.java:lambda$shutdown$3(251)) - ef51bf3c-7b8f-4ad7-803c-941f117d7a0b@group-F2A0427B3123: shutdown
2019-09-24 22:43:19,398 [main] INFO  util.JmxRegister (JmxRegister.java:unregister(73)) - Successfully un-registered JMX Bean with object name Ratis:service=RaftServer,group=group-F2A0427B3123,id=ef51bf3c-7b8f-4ad7-803c-941f117d7a0b
2019-09-24 22:43:19,398 [main] INFO  impl.RoleInfo (RoleInfo.java:shutdownLeaderState(104)) - ef51bf3c-7b8f-4ad7-803c-941f117d7a0b: shutdown LeaderState
2019-09-24 22:43:19,398 [main] INFO  impl.PendingRequests (PendingRequests.java:sendNotLeaderResponses(202)) - ef51bf3c-7b8f-4ad7-803c-941f117d7a0b-PendingRequests: sendNotLeaderResponses
2019-09-24 22:43:19,399 [main] INFO  impl.StateMachineUpdater (StateMachineUpdater.java:stopAndJoin(125)) - ef51bf3c-7b8f-4ad7-803c-941f117d7a0b@group-F2A0427B3123-StateMachineUpdater: set stopIndex = 0
2019-09-24 22:43:19,399 [main] INFO  impl.RaftServerImpl (ServerState.java:close(385)) - ef51bf3c-7b8f-4ad7-803c-941f117d7a0b@group-F2A0427B3123: closes. applyIndex: 0
2019-09-24 22:43:19,400 [ef51bf3c-7b8f-4ad7-803c-941f117d7a0b@group-F2A0427B3123-SegmentedRaftLogWorker] INFO  segmented.SegmentedRaftLogWorker (SegmentedRaftLogWorker.java:run(313)) - ef51bf3c-7b8f-4ad7-803c-941f117d7a0b@group-F2A0427B3123-SegmentedRaftLogWorker was interrupted, exiting. There are 0 tasks remaining in the queue.
2019-09-24 22:43:19,400 [main] INFO  segmented.SegmentedRaftLogWorker (SegmentedRaftLogWorker.java:close(228)) - ef51bf3c-7b8f-4ad7-803c-941f117d7a0b@group-F2A0427B3123-SegmentedRaftLogWorker close()
2019-09-24 22:43:19,402 [main] INFO  impl.RaftServerImpl (RaftServerImpl.java:lambda$shutdown$3(251)) - ef51bf3c-7b8f-4ad7-803c-941f117d7a0b@group-62F8E6E769DC: shutdown
2019-09-24 22:43:19,403 [main] INFO  util.JmxRegister (JmxRegister.java:unregister(73)) - Successfully un-registered JMX Bean with object name Ratis:service=RaftServer,group=group-62F8E6E769DC,id=ef51bf3c-7b8f-4ad7-803c-941f117d7a0b
2019-09-24 22:43:19,403 [main] INFO  impl.RoleInfo (RoleInfo.java:shutdownFollowerState(121)) - ef51bf3c-7b8f-4ad7-803c-941f117d7a0b: shutdown FollowerState
2019-09-24 22:43:19,403 [main] INFO  impl.StateMachineUpdater (StateMachineUpdater.java:stopAndJoin(125)) - ef51bf3c-7b8f-4ad7-803c-941f117d7a0b@group-62F8E6E769DC-StateMachineUpdater: set stopIndex = 0
2019-09-24 22:43:19,403 [Thread-366] INFO  impl.FollowerState (FollowerState.java:run(115)) - ef51bf3c-7b8f-4ad7-803c-941f117d7a0b: FollowerState was interrupted: java.lang.InterruptedException: sleep interrupted
2019-09-24 22:43:19,404 [main] INFO  impl.RaftServerImpl (ServerState.java:close(385)) - ef51bf3c-7b8f-4ad7-803c-941f117d7a0b@group-62F8E6E769DC: closes. applyIndex: 0
2019-09-24 22:43:19,404 [ef51bf3c-7b8f-4ad7-803c-941f117d7a0b@group-62F8E6E769DC-SegmentedRaftLogWorker] INFO  segmented.SegmentedRaftLogWorker (SegmentedRaftLogWorker.java:run(313)) - ef51bf3c-7b8f-4ad7-803c-941f117d7a0b@group-62F8E6E769DC-SegmentedRaftLogWorker was interrupted, exiting. There are 0 tasks remaining in the queue.
2019-09-24 22:43:19,405 [main] INFO  segmented.SegmentedRaftLogWorker (SegmentedRaftLogWorker.java:close(228)) - ef51bf3c-7b8f-4ad7-803c-941f117d7a0b@group-62F8E6E769DC-SegmentedRaftLogWorker close()
2019-09-24 22:43:19,406 [main] INFO  server.GrpcService (GrpcService.java:closeImpl(164)) - ef51bf3c-7b8f-4ad7-803c-941f117d7a0b: shutdown server with port 45660 now
2019-09-24 22:43:19,407 [grpc-default-executor-5] WARN  server.GrpcServerProtocolService (LogUtils.java:warn(134)) - ef51bf3c-7b8f-4ad7-803c-941f117d7a0b: installSnapshot onError, lastRequest: ed156df5-2bd4-47ff-b40d-dee021ecbbab->ef51bf3c-7b8f-4ad7-803c-941f117d7a0b#52-t1, previous=(t:1, i:0), leaderCommit=0, initializing? false, entries: <empty>: org.apache.ratis.thirdparty.io.grpc.StatusRuntimeException: CANCELLED: cancelled before receiving half close
2019-09-24 22:43:19,407 [main] INFO  server.GrpcService (GrpcService.java:closeImpl(172)) - ef51bf3c-7b8f-4ad7-803c-941f117d7a0b: shutdown server with port 45660 successfully
2019-09-24 22:43:19,409 [grpc-default-executor-7] WARN  server.GrpcLogAppender (LogUtils.java:warn(134)) - ed156df5-2bd4-47ff-b40d-dee021ecbbab@group-62F8E6E769DC->ef51bf3c-7b8f-4ad7-803c-941f117d7a0b-AppendLogResponseHandler: Failed appendEntries: org.apache.ratis.thirdparty.io.grpc.StatusRuntimeException: CANCELLED: HTTP/2 error code: CANCEL
Received Rst Stream
2019-09-24 22:43:19,410 [grpc-default-executor-7] INFO  impl.FollowerInfo (FollowerInfo.java:lambda$new$0(51)) - ed156df5-2bd4-47ff-b40d-dee021ecbbab@group-62F8E6E769DC->ef51bf3c-7b8f-4ad7-803c-941f117d7a0b: nextIndex: updateUnconditionally 1 -> 0
2019-09-24 22:43:19,412 [refreshUsed-/workdir/hadoop-ozone/integration-test/target/test-dir/MiniOzoneClusterImpl-9f0f2ccb-738a-4344-bc48-f2576ae9334a/datanode-7/data/containers] WARN  fs.CachingGetSpaceUsed (CachingGetSpaceUsed.java:run(183)) - Thread Interrupted waiting to refresh disk information: sleep interrupted
2019-09-24 22:43:19,415 [ForkJoinPool.commonPool-worker-0] INFO  ozoneimpl.OzoneContainer (OzoneContainer.java:stop(231)) - Attempting to stop container services.
2019-09-24 22:43:19,415 [ForkJoinPool.commonPool-worker-0] INFO  impl.RaftServerProxy (RaftServerProxy.java:lambda$close$4(314)) - ed156df5-2bd4-47ff-b40d-dee021ecbbab: close
2019-09-24 22:43:19,415 [ForkJoinPool.commonPool-worker-0] INFO  impl.RaftServerImpl (RaftServerImpl.java:lambda$shutdown$3(251)) - ed156df5-2bd4-47ff-b40d-dee021ecbbab@group-62F8E6E769DC: shutdown
2019-09-24 22:43:19,416 [ForkJoinPool.commonPool-worker-0] INFO  util.JmxRegister (JmxRegister.java:unregister(73)) - Successfully un-registered JMX Bean with object name Ratis:service=RaftServer,group=group-62F8E6E769DC,id=ed156df5-2bd4-47ff-b40d-dee021ecbbab
2019-09-24 22:43:19,416 [ForkJoinPool.commonPool-worker-0] INFO  impl.RoleInfo (RoleInfo.java:shutdownLeaderState(104)) - ed156df5-2bd4-47ff-b40d-dee021ecbbab: shutdown LeaderState
2019-09-24 22:43:19,417 [org.apache.ratis.server.impl.LogAppender$AppenderDaemon$$Lambda$419/1658333478@7ea31d18] WARN  server.GrpcLogAppender (GrpcLogAppender.java:mayWait(143)) - ed156df5-2bd4-47ff-b40d-dee021ecbbab@group-62F8E6E769DC->ef51bf3c-7b8f-4ad7-803c-941f117d7a0b-GrpcLogAppender: Wait interrupted by java.lang.InterruptedException
2019-09-24 22:43:19,418 [ForkJoinPool.commonPool-worker-0] INFO  impl.PendingRequests (PendingRequests.java:sendNotLeaderResponses(202)) - ed156df5-2bd4-47ff-b40d-dee021ecbbab-PendingRequests: sendNotLeaderResponses
2019-09-24 22:43:19,418 [org.apache.ratis.server.impl.LogAppender$AppenderDaemon$$Lambda$419/1658333478@40a0619e] WARN  server.GrpcLogAppender (GrpcLogAppender.java:mayWait(143)) - ed156df5-2bd4-47ff-b40d-dee021ecbbab@group-62F8E6E769DC->faf732d4-9705-4e91-a5ff-9b5c287516c2-GrpcLogAppender: Wait interrupted by java.lang.InterruptedException
2019-09-24 22:43:19,418 [ForkJoinPool.commonPool-worker-0] INFO  impl.StateMachineUpdater (StateMachineUpdater.java:stopAndJoin(125)) - ed156df5-2bd4-47ff-b40d-dee021ecbbab@group-62F8E6E769DC-StateMachineUpdater: set stopIndex = 0
2019-09-24 22:43:19,418 [ForkJoinPool.commonPool-worker-0] INFO  impl.RaftServerImpl (ServerState.java:close(385)) - ed156df5-2bd4-47ff-b40d-dee021ecbbab@group-62F8E6E769DC: closes. applyIndex: 0
2019-09-24 22:43:19,419 [ed156df5-2bd4-47ff-b40d-dee021ecbbab@group-62F8E6E769DC-SegmentedRaftLogWorker] INFO  segmented.SegmentedRaftLogWorker (SegmentedRaftLogWorker.java:run(313)) - ed156df5-2bd4-47ff-b40d-dee021ecbbab@group-62F8E6E769DC-SegmentedRaftLogWorker was interrupted, exiting. There are 0 tasks remaining in the queue.
2019-09-24 22:43:19,419 [ForkJoinPool.commonPool-worker-0] INFO  segmented.SegmentedRaftLogWorker (SegmentedRaftLogWorker.java:close(228)) - ed156df5-2bd4-47ff-b40d-dee021ecbbab@group-62F8E6E769DC-SegmentedRaftLogWorker close()
2019-09-24 22:43:19,420 [ForkJoinPool.commonPool-worker-0] INFO  impl.RaftServerImpl (RaftServerImpl.java:lambda$shutdown$3(251)) - ed156df5-2bd4-47ff-b40d-dee021ecbbab@group-FA4A02AB1C4F: shutdown
2019-09-24 22:43:19,420 [ForkJoinPool.commonPool-worker-0] INFO  util.JmxRegister (JmxRegister.java:unregister(73)) - Successfully un-registered JMX Bean with object name Ratis:service=RaftServer,group=group-FA4A02AB1C4F,id=ed156df5-2bd4-47ff-b40d-dee021ecbbab
2019-09-24 22:43:19,420 [ForkJoinPool.commonPool-worker-0] INFO  impl.RoleInfo (RoleInfo.java:shutdownLeaderState(104)) - ed156df5-2bd4-47ff-b40d-dee021ecbbab: shutdown LeaderState
2019-09-24 22:43:19,421 [ForkJoinPool.commonPool-worker-0] INFO  impl.PendingRequests (PendingRequests.java:sendNotLeaderResponses(202)) - ed156df5-2bd4-47ff-b40d-dee021ecbbab-PendingRequests: sendNotLeaderResponses
2019-09-24 22:43:19,421 [ForkJoinPool.commonPool-worker-0] INFO  impl.StateMachineUpdater (StateMachineUpdater.java:stopAndJoin(125)) - ed156df5-2bd4-47ff-b40d-dee021ecbbab@group-FA4A02AB1C4F-StateMachineUpdater: set stopIndex = 0
2019-09-24 22:43:19,421 [ForkJoinPool.commonPool-worker-0] INFO  impl.RaftServerImpl (ServerState.java:close(385)) - ed156df5-2bd4-47ff-b40d-dee021ecbbab@group-FA4A02AB1C4F: closes. applyIndex: 0
2019-09-24 22:43:19,422 [ed156df5-2bd4-47ff-b40d-dee021ecbbab@group-FA4A02AB1C4F-SegmentedRaftLogWorker] INFO  segmented.SegmentedRaftLogWorker (SegmentedRaftLogWorker.java:run(313)) - ed156df5-2bd4-47ff-b40d-dee021ecbbab@group-FA4A02AB1C4F-SegmentedRaftLogWorker was interrupted, exiting. There are 0 tasks remaining in the queue.
2019-09-24 22:43:19,422 [ForkJoinPool.commonPool-worker-0] INFO  segmented.SegmentedRaftLogWorker (SegmentedRaftLogWorker.java:close(228)) - ed156df5-2bd4-47ff-b40d-dee021ecbbab@group-FA4A02AB1C4F-SegmentedRaftLogWorker close()
2019-09-24 22:43:19,423 [ForkJoinPool.commonPool-worker-0] INFO  server.GrpcService (GrpcService.java:closeImpl(164)) - ed156df5-2bd4-47ff-b40d-dee021ecbbab: shutdown server with port 42232 now
2019-09-24 22:43:19,423 [ForkJoinPool.commonPool-worker-0] INFO  server.GrpcService (GrpcService.java:closeImpl(172)) - ed156df5-2bd4-47ff-b40d-dee021ecbbab: shutdown server with port 42232 successfully
2019-09-24 22:43:19,426 [main] INFO  utils.BackgroundService (BackgroundService.java:shutdown(148)) - Shutting down service BlockDeletingService
2019-09-24 22:43:19,426 [refreshUsed-/workdir/hadoop-ozone/integration-test/target/test-dir/MiniOzoneClusterImpl-9f0f2ccb-738a-4344-bc48-f2576ae9334a/datanode-1/data/containers] WARN  fs.CachingGetSpaceUsed (CachingGetSpaceUsed.java:run(183)) - Thread Interrupted waiting to refresh disk information: sleep interrupted
2019-09-24 22:43:19,429 [main] INFO  statemachine.DatanodeStateMachine (DatanodeStateMachine.java:stopDaemon(395)) - Ozone container server stopped.
2019-09-24 22:43:19,430 [main] INFO  handler.ContextHandler (ContextHandler.java:doStop(910)) - Stopped o.e.j.w.WebAppContext@1d12e953{/,null,UNAVAILABLE}{/hddsDatanode}
2019-09-24 22:43:19,433 [main] INFO  server.AbstractConnector (AbstractConnector.java:doStop(318)) - Stopped ServerConnector@57cb70be{HTTP/1.1,[http/1.1]}{0.0.0.0:0}
2019-09-24 22:43:19,433 [main] INFO  handler.ContextHandler (ContextHandler.java:doStop(910)) - Stopped o.e.j.s.ServletContextHandler@6920b0bc{/static,jar:file:/home/user/.m2/repository/org/apache/hadoop/hadoop-hdds-container-service/0.5.0-SNAPSHOT/hadoop-hdds-container-service-0.5.0-SNAPSHOT.jar!/webapps/static,UNAVAILABLE}
2019-09-24 22:43:19,433 [main] INFO  handler.ContextHandler (ContextHandler.java:doStop(910)) - Stopped o.e.j.s.ServletContextHandler@a50d709{/logs,file:///workdir/hadoop-ozone/integration-test/target/log,UNAVAILABLE}
2019-09-24 22:43:19,441 [ForkJoinPool.commonPool-worker-0] INFO  utils.BackgroundService (BackgroundService.java:shutdown(148)) - Shutting down service BlockDeletingService
2019-09-24 22:43:19,443 [ForkJoinPool.commonPool-worker-0] INFO  statemachine.DatanodeStateMachine (DatanodeStateMachine.java:stopDaemon(395)) - Ozone container server stopped.
2019-09-24 22:43:19,446 [ForkJoinPool.commonPool-worker-0] INFO  handler.ContextHandler (ContextHandler.java:doStop(910)) - Stopped o.e.j.w.WebAppContext@5a1c3cb4{/,null,UNAVAILABLE}{/hddsDatanode}
2019-09-24 22:43:19,446 [ForkJoinPool.commonPool-worker-0] INFO  server.AbstractConnector (AbstractConnector.java:doStop(318)) - Stopped ServerConnector@76ad6715{HTTP/1.1,[http/1.1]}{0.0.0.0:0}
2019-09-24 22:43:19,447 [ForkJoinPool.commonPool-worker-0] INFO  handler.ContextHandler (ContextHandler.java:doStop(910)) - Stopped o.e.j.s.ServletContextHandler@671d1157{/static,jar:file:/home/user/.m2/repository/org/apache/hadoop/hadoop-hdds-container-service/0.5.0-SNAPSHOT/hadoop-hdds-container-service-0.5.0-SNAPSHOT.jar!/webapps/static,UNAVAILABLE}
2019-09-24 22:43:19,448 [ForkJoinPool.commonPool-worker-0] INFO  handler.ContextHandler (ContextHandler.java:doStop(910)) - Stopped o.e.j.s.ServletContextHandler@68b9834c{/logs,file:///workdir/hadoop-ozone/integration-test/target/log,UNAVAILABLE}
2019-09-24 22:43:19,449 [main] INFO  ozone.MiniOzoneClusterImpl (MiniOzoneClusterImpl.java:stopSCM(392)) - Stopping the StorageContainerManager
2019-09-24 22:43:19,449 [main] INFO  server.StorageContainerManager (StorageContainerManager.java:stop(808)) - Stopping Replication Manager Service.
2019-09-24 22:43:19,449 [main] INFO  container.ReplicationManager (ReplicationManager.java:stop(203)) - Stopping Replication Monitor Thread.
2019-09-24 22:43:19,449 [main] INFO  server.StorageContainerManager (StorageContainerManager.java:stop(815)) - Stopping Lease Manager of the command watchers
2019-09-24 22:43:19,450 [main] INFO  server.StorageContainerManager (StorageContainerManager.java:stop(822)) - Stopping datanode service RPC server
2019-09-24 22:43:19,450 [main] INFO  server.SCMDatanodeProtocolServer (SCMDatanodeProtocolServer.java:stop(367)) - Stopping the RPC server for DataNodes
2019-09-24 22:43:19,450 [main] INFO  ipc.Server (Server.java:stop(3082)) - Stopping server on 41688
2019-09-24 22:43:19,451 [IPC Server listener on 41688] INFO  ipc.Server (Server.java:run(1185)) - Stopping IPC Server listener on 41688
2019-09-24 22:43:19,453 [IPC Server Responder] INFO  ipc.Server (Server.java:run(1319)) - Stopping IPC Server Responder
2019-09-24 22:43:19,541 [SCM Heartbeat Processing Thread - 0] WARN  node.NodeStateManager (NodeStateManager.java:scheduleNextHealthCheck(646)) - Current Thread is interrupted, shutting down HB processing thread for Node Manager.
2019-09-24 22:43:19,541 [main] INFO  server.StorageContainerManager (StorageContainerManager.java:stop(830)) - Stopping block service RPC server
2019-09-24 22:43:19,541 [main] INFO  server.SCMBlockProtocolServer (SCMBlockProtocolServer.java:stop(155)) - Stopping the RPC server for Block Protocol
2019-09-24 22:43:19,541 [main] INFO  ipc.Server (Server.java:stop(3082)) - Stopping server on 36122
2019-09-24 22:43:19,544 [IPC Server listener on 36122] INFO  ipc.Server (Server.java:run(1185)) - Stopping IPC Server listener on 36122
2019-09-24 22:43:19,544 [IPC Server Responder] INFO  ipc.Server (Server.java:run(1319)) - Stopping IPC Server Responder
2019-09-24 22:43:19,544 [main] INFO  server.StorageContainerManager (StorageContainerManager.java:stop(837)) - Stopping the StorageContainerLocationProtocol RPC server
2019-09-24 22:43:19,544 [main] INFO  server.SCMClientProtocolServer (SCMClientProtocolServer.java:stop(159)) - Stopping the RPC server for Client Protocol
2019-09-24 22:43:19,545 [main] INFO  ipc.Server (Server.java:stop(3082)) - Stopping server on 46294
2019-09-24 22:43:19,547 [IPC Server listener on 46294] INFO  ipc.Server (Server.java:run(1185)) - Stopping IPC Server listener on 46294
2019-09-24 22:43:19,547 [main] INFO  server.StorageContainerManager (StorageContainerManager.java:stop(844)) - Stopping Storage Container Manager HTTP server.
2019-09-24 22:43:19,547 [IPC Server Responder] INFO  ipc.Server (Server.java:run(1319)) - Stopping IPC Server Responder
2019-09-24 22:43:19,548 [main] INFO  handler.ContextHandler (ContextHandler.java:doStop(910)) - Stopped o.e.j.w.WebAppContext@41477a6d{/,null,UNAVAILABLE}{/scm}
2019-09-24 22:43:19,549 [main] INFO  server.AbstractConnector (AbstractConnector.java:doStop(318)) - Stopped ServerConnector@45394b31{HTTP/1.1,[http/1.1]}{0.0.0.0:0}
2019-09-24 22:43:19,549 [main] INFO  handler.ContextHandler (ContextHandler.java:doStop(910)) - Stopped o.e.j.s.ServletContextHandler@5bbbdd4b{/static,file:///workdir/hadoop-ozone/integration-test/target/test-classes/webapps/static,UNAVAILABLE}
2019-09-24 22:43:19,550 [main] INFO  handler.ContextHandler (ContextHandler.java:doStop(910)) - Stopped o.e.j.s.ServletContextHandler@5987e932{/logs,file:///workdir/hadoop-ozone/integration-test/target/log,UNAVAILABLE}
2019-09-24 22:43:19,550 [main] INFO  server.StorageContainerManager (StorageContainerManager.java:stop(855)) - Stopping Block Manager Service.
2019-09-24 22:43:19,551 [main] INFO  utils.BackgroundService (BackgroundService.java:shutdown(148)) - Shutting down service SCMBlockDeletingService
2019-09-24 22:43:19,551 [main] INFO  utils.BackgroundService (BackgroundService.java:shutdown(148)) - Shutting down service SCMBlockDeletingService
2019-09-24 22:43:19,552 [main] INFO  server.StorageContainerManager (StorageContainerManager.java:stop(877)) - Stopping SCM Event Queue.
2019-09-24 22:43:19,559 [main] INFO  impl.MetricsSystemImpl (MetricsSystemImpl.java:stop(210)) - Stopping ratis metrics system...
2019-09-24 22:43:19,568 [prometheus] INFO  impl.MetricsSinkAdapter (MetricsSinkAdapter.java:publishMetricsFromQueue(141)) - prometheus thread interrupted.
2019-09-24 22:43:19,568 [main] INFO  impl.MetricsSystemImpl (MetricsSystemImpl.java:stop(216)) - ratis metrics system stopped.
]]></system-out>
    <system-err><![CDATA[ERROR StatusLogger No Log4j 2 configuration file found. Using default configuration (logging only errors to the console), or user programmatically provided configurations. Set system property 'log4j2.debug' to show Log4j 2 internal initialization logging. See https://logging.apache.org/log4j/2.x/manual/configuration.html for instructions on how to configure Log4j 2
Sep 24, 2019 10:43:09 PM org.apache.ratis.thirdparty.io.grpc.internal.SerializingExecutor run
SEVERE: Exception while executing runnable org.apache.ratis.thirdparty.io.grpc.internal.ServerImpl$JumpToApplicationThreadServerStreamListener$1Closed@293d1071
org.apache.ratis.thirdparty.io.grpc.StatusRuntimeException: CANCELLED: call already cancelled
	at org.apache.ratis.thirdparty.io.grpc.Status.asRuntimeException(Status.java:517)
	at org.apache.ratis.thirdparty.io.grpc.stub.ServerCalls$ServerCallStreamObserverImpl.onCompleted(ServerCalls.java:356)
	at org.apache.ratis.grpc.server.GrpcServerProtocolService$ServerRequestStreamObserver.onError(GrpcServerProtocolService.java:121)
	at org.apache.ratis.thirdparty.io.grpc.stub.ServerCalls$StreamingServerCallHandler$StreamingServerCallListener.onCancel(ServerCalls.java:269)
	at org.apache.ratis.thirdparty.io.grpc.internal.ServerCallImpl$ServerStreamListenerImpl.closed(ServerCallImpl.java:293)
	at org.apache.ratis.thirdparty.io.grpc.internal.ServerImpl$JumpToApplicationThreadServerStreamListener$1Closed.runInContext(ServerImpl.java:741)
	at org.apache.ratis.thirdparty.io.grpc.internal.ContextRunnable.run(ContextRunnable.java:37)
	at org.apache.ratis.thirdparty.io.grpc.internal.SerializingExecutor.run(SerializingExecutor.java:123)
	at java.util.concurrent.ThreadPoolExecutor.runWorker(ThreadPoolExecutor.java:1149)
	at java.util.concurrent.ThreadPoolExecutor$Worker.run(ThreadPoolExecutor.java:624)
	at java.lang.Thread.run(Thread.java:748)

Sep 24, 2019 10:43:19 PM org.apache.ratis.thirdparty.io.grpc.internal.SerializingExecutor run
SEVERE: Exception while executing runnable org.apache.ratis.thirdparty.io.grpc.internal.ServerImpl$JumpToApplicationThreadServerStreamListener$1Closed@5422907b
org.apache.ratis.thirdparty.io.grpc.StatusRuntimeException: CANCELLED: call already cancelled
	at org.apache.ratis.thirdparty.io.grpc.Status.asRuntimeException(Status.java:517)
	at org.apache.ratis.thirdparty.io.grpc.stub.ServerCalls$ServerCallStreamObserverImpl.onCompleted(ServerCalls.java:356)
	at org.apache.ratis.grpc.server.GrpcServerProtocolService$ServerRequestStreamObserver.onError(GrpcServerProtocolService.java:121)
	at org.apache.ratis.thirdparty.io.grpc.stub.ServerCalls$StreamingServerCallHandler$StreamingServerCallListener.onCancel(ServerCalls.java:269)
	at org.apache.ratis.thirdparty.io.grpc.internal.ServerCallImpl$ServerStreamListenerImpl.closed(ServerCallImpl.java:293)
	at org.apache.ratis.thirdparty.io.grpc.internal.ServerImpl$JumpToApplicationThreadServerStreamListener$1Closed.runInContext(ServerImpl.java:741)
	at org.apache.ratis.thirdparty.io.grpc.internal.ContextRunnable.run(ContextRunnable.java:37)
	at org.apache.ratis.thirdparty.io.grpc.internal.SerializingExecutor.run(SerializingExecutor.java:123)
	at java.util.concurrent.ThreadPoolExecutor.runWorker(ThreadPoolExecutor.java:1149)
	at java.util.concurrent.ThreadPoolExecutor$Worker.run(ThreadPoolExecutor.java:624)
	at java.lang.Thread.run(Thread.java:748)

]]></system-err>
  </testcase>
</testsuite>