<?xml version="1.0" encoding="UTF-8"?>
<testsuite xmlns:xsi="http://www.w3.org/2001/XMLSchema-instance" xsi:noNamespaceSchemaLocation="https://maven.apache.org/surefire/maven-surefire-plugin/xsd/surefire-test-report.xsd" name="org.apache.hadoop.ozone.client.rpc.TestBlockOutputStream" time="141.455" tests="1" errors="1" skipped="0" failures="0">
  <properties>
    <property name="awt.toolkit" value="sun.awt.X11.XToolkit"/>
    <property name="file.encoding.pkg" value="sun.io"/>
    <property name="java.specification.version" value="1.8"/>
    <property name="sun.cpu.isalist" value=""/>
    <property name="sun.jnu.encoding" value="UTF-8"/>
    <property name="java.class.path" value="/workdir/hadoop-ozone/integration-test/target/test-classes:/workdir/hadoop-ozone/integration-test/target/classes:/home/user/.m2/repository/org/apache/hadoop/hadoop-ozone-common/0.5.0-SNAPSHOT/hadoop-ozone-common-0.5.0-SNAPSHOT.jar:/home/user/.m2/repository/org/apache/commons/commons-compress/1.4.1/commons-compress-1.4.1.jar:/home/user/.m2/repository/org/tukaani/xz/1.0/xz-1.0.jar:/home/user/.m2/repository/org/apache/hadoop/hadoop-common/3.2.0/hadoop-common-3.2.0.jar:/home/user/.m2/repository/org/apache/hadoop/hadoop-hdfs/3.2.0/hadoop-hdfs-3.2.0.jar:/home/user/.m2/repository/org/apache/hadoop/hadoop-hdfs-client/3.2.0/hadoop-hdfs-client-3.2.0.jar:/home/user/.m2/repository/com/fasterxml/jackson/core/jackson-annotations/2.9.9/jackson-annotations-2.9.9.jar:/home/user/.m2/repository/org/apache/hadoop/hadoop-hdds-common/0.5.0-SNAPSHOT/hadoop-hdds-common-0.5.0-SNAPSHOT.jar:/home/user/.m2/repository/javax/annotation/javax.annotation-api/1.2/javax.annotation-api-1.2.jar:/home/user/.m2/repository/org/apache/ratis/ratis-server/0.4.0/ratis-server-0.4.0.jar:/home/user/.m2/repository/org/apache/ratis/ratis-thirdparty-misc/0.2.0/ratis-thirdparty-misc-0.2.0.jar:/home/user/.m2/repository/org/apache/ratis/ratis-proto/0.4.0/ratis-proto-0.4.0.jar:/home/user/.m2/repository/org/apache/ratis/ratis-common/0.4.0/ratis-common-0.4.0.jar:/home/user/.m2/repository/org/apache/ratis/ratis-client/0.4.0/ratis-client-0.4.0.jar:/home/user/.m2/repository/org/apache/ratis/ratis-metrics/0.4.0/ratis-metrics-0.4.0.jar:/home/user/.m2/repository/com/github/joshelser/dropwizard-metrics-hadoop-metrics2-reporter/0.1.2/dropwizard-metrics-hadoop-metrics2-reporter-0.1.2.jar:/home/user/.m2/repository/io/dropwizard/metrics/metrics-jvm/3.2.5/metrics-jvm-3.2.5.jar:/home/user/.m2/repository/io/dropwizard/metrics/metrics-ganglia/3.2.5/metrics-ganglia-3.2.5.jar:/home/user/.m2/repository/info/ganglia/gmetric4j/gmetric4j/1.0.7/gmetric4j-1.0.7.jar:/home/user/.m2/repository/org/apache/ratis/ratis-netty/0.4.0/ratis-netty-0.4.0.jar:/home/user/.m2/repository/org/apache/ratis/ratis-grpc/0.4.0/ratis-grpc-0.4.0.jar:/home/user/.m2/repository/org/rocksdb/rocksdbjni/6.0.1/rocksdbjni-6.0.1.jar:/home/user/.m2/repository/org/apache/logging/log4j/log4j-api/2.11.0/log4j-api-2.11.0.jar:/home/user/.m2/repository/org/apache/logging/log4j/log4j-core/2.11.0/log4j-core-2.11.0.jar:/home/user/.m2/repository/com/lmax/disruptor/3.4.2/disruptor-3.4.2.jar:/home/user/.m2/repository/org/apache/commons/commons-pool2/2.6.0/commons-pool2-2.6.0.jar:/home/user/.m2/repository/org/bouncycastle/bcpkix-jdk15on/1.60/bcpkix-jdk15on-1.60.jar:/home/user/.m2/repository/commons-validator/commons-validator/1.6/commons-validator-1.6.jar:/home/user/.m2/repository/commons-digester/commons-digester/1.8.1/commons-digester-1.8.1.jar:/home/user/.m2/repository/io/jaegertracing/jaeger-client/0.34.0/jaeger-client-0.34.0.jar:/home/user/.m2/repository/io/jaegertracing/jaeger-thrift/0.34.0/jaeger-thrift-0.34.0.jar:/home/user/.m2/repository/org/apache/thrift/libthrift/0.12.0/libthrift-0.12.0.jar:/home/user/.m2/repository/com/squareup/okhttp3/okhttp/3.9.0/okhttp-3.9.0.jar:/home/user/.m2/repository/com/squareup/okio/okio/1.13.0/okio-1.13.0.jar:/home/user/.m2/repository/io/jaegertracing/jaeger-core/0.34.0/jaeger-core-0.34.0.jar:/home/user/.m2/repository/io/jaegertracing/jaeger-tracerresolver/0.34.0/jaeger-tracerresolver-0.34.0.jar:/home/user/.m2/repository/io/opentracing/contrib/opentracing-tracerresolver/0.1.5/opentracing-tracerresolver-0.1.5.jar:/home/user/.m2/repository/io/opentracing/opentracing-util/0.31.0/opentracing-util-0.31.0.jar:/home/user/.m2/repository/io/opentracing/opentracing-api/0.31.0/opentracing-api-0.31.0.jar:/home/user/.m2/repository/io/opentracing/opentracing-noop/0.31.0/opentracing-noop-0.31.0.jar:/home/user/.m2/repository/org/apache/hadoop/hadoop-hdds-server-framework/0.5.0-SNAPSHOT/hadoop-hdds-server-framework-0.5.0-SNAPSHOT.jar:/home/user/.m2/repository/org/apache/hadoop/hadoop-hdds-container-service/0.5.0-SNAPSHOT/hadoop-hdds-container-service-0.5.0-SNAPSHOT.jar:/home/user/.m2/repository/org/apache/hadoop/hadoop-hdds-client/0.5.0-SNAPSHOT/hadoop-hdds-client-0.5.0-SNAPSHOT.jar:/home/user/.m2/repository/org/apache/hadoop/hadoop-hdds-tools/0.5.0-SNAPSHOT/hadoop-hdds-tools-0.5.0-SNAPSHOT.jar:/home/user/.m2/repository/org/apache/hadoop/hadoop-hdds-server-scm/0.5.0-SNAPSHOT/hadoop-hdds-server-scm-0.5.0-SNAPSHOT.jar:/home/user/.m2/repository/org/apache/hadoop/hadoop-hdds-docs/0.5.0-SNAPSHOT/hadoop-hdds-docs-0.5.0-SNAPSHOT.jar:/home/user/.m2/repository/io/dropwizard/metrics/metrics-core/3.2.4/metrics-core-3.2.4.jar:/home/user/.m2/repository/org/hamcrest/hamcrest-all/1.3/hamcrest-all-1.3.jar:/home/user/.m2/repository/org/bouncycastle/bcprov-jdk15on/1.60/bcprov-jdk15on-1.60.jar:/home/user/.m2/repository/info/picocli/picocli/3.9.6/picocli-3.9.6.jar:/home/user/.m2/repository/com/google/protobuf/protobuf-java/2.5.0/protobuf-java-2.5.0.jar:/home/user/.m2/repository/com/google/guava/guava/11.0.2/guava-11.0.2.jar:/home/user/.m2/repository/org/apache/hadoop/hadoop-ozone-ozone-manager/0.5.0-SNAPSHOT/hadoop-ozone-ozone-manager-0.5.0-SNAPSHOT.jar:/home/user/.m2/repository/org/apache/hadoop/hadoop-minikdc/3.2.0/hadoop-minikdc-3.2.0.jar:/home/user/.m2/repository/commons-io/commons-io/2.5/commons-io-2.5.jar:/home/user/.m2/repository/org/apache/kerby/kerb-simplekdc/1.0.1/kerb-simplekdc-1.0.1.jar:/home/user/.m2/repository/org/apache/kerby/kerb-client/1.0.1/kerb-client-1.0.1.jar:/home/user/.m2/repository/org/apache/kerby/kerby-config/1.0.1/kerby-config-1.0.1.jar:/home/user/.m2/repository/org/apache/kerby/kerb-core/1.0.1/kerb-core-1.0.1.jar:/home/user/.m2/repository/org/apache/kerby/kerby-pkix/1.0.1/kerby-pkix-1.0.1.jar:/home/user/.m2/repository/org/apache/kerby/kerby-asn1/1.0.1/kerby-asn1-1.0.1.jar:/home/user/.m2/repository/org/apache/kerby/kerby-util/1.0.1/kerby-util-1.0.1.jar:/home/user/.m2/repository/org/apache/kerby/kerb-common/1.0.1/kerb-common-1.0.1.jar:/home/user/.m2/repository/org/apache/kerby/kerb-crypto/1.0.1/kerb-crypto-1.0.1.jar:/home/user/.m2/repository/org/apache/kerby/kerb-util/1.0.1/kerb-util-1.0.1.jar:/home/user/.m2/repository/org/apache/kerby/token-provider/1.0.1/token-provider-1.0.1.jar:/home/user/.m2/repository/org/apache/kerby/kerb-admin/1.0.1/kerb-admin-1.0.1.jar:/home/user/.m2/repository/org/apache/kerby/kerb-server/1.0.1/kerb-server-1.0.1.jar:/home/user/.m2/repository/org/apache/kerby/kerb-identity/1.0.1/kerb-identity-1.0.1.jar:/home/user/.m2/repository/org/apache/kerby/kerby-xdr/1.0.1/kerby-xdr-1.0.1.jar:/home/user/.m2/repository/org/slf4j/slf4j-log4j12/1.7.25/slf4j-log4j12-1.7.25.jar:/home/user/.m2/repository/org/apache/hadoop/hadoop-ozone-s3gateway/0.5.0-SNAPSHOT/hadoop-ozone-s3gateway-0.5.0-SNAPSHOT.jar:/home/user/.m2/repository/org/jboss/weld/servlet/weld-servlet/2.4.7.Final/weld-servlet-2.4.7.Final.jar:/home/user/.m2/repository/org/glassfish/jersey/containers/jersey-container-servlet-core/2.27/jersey-container-servlet-core-2.27.jar:/home/user/.m2/repository/org/glassfish/hk2/external/javax.inject/2.5.0-b42/javax.inject-2.5.0-b42.jar:/home/user/.m2/repository/org/glassfish/jersey/core/jersey-common/2.27/jersey-common-2.27.jar:/home/user/.m2/repository/org/glassfish/hk2/osgi-resource-locator/1.0.1/osgi-resource-locator-1.0.1.jar:/home/user/.m2/repository/javax/ws/rs/javax.ws.rs-api/2.1/javax.ws.rs-api-2.1.jar:/home/user/.m2/repository/org/glassfish/jersey/ext/cdi/jersey-cdi1x/2.27/jersey-cdi1x-2.27.jar:/home/user/.m2/repository/org/glassfish/jersey/inject/jersey-hk2/2.27/jersey-hk2-2.27.jar:/home/user/.m2/repository/org/glassfish/hk2/hk2-locator/2.5.0-b42/hk2-locator-2.5.0-b42.jar:/home/user/.m2/repository/org/javassist/javassist/3.22.0-CR2/javassist-3.22.0-CR2.jar:/home/user/.m2/repository/org/glassfish/hk2/hk2-api/2.5.0/hk2-api-2.5.0.jar:/home/user/.m2/repository/org/glassfish/hk2/external/jakarta.inject/2.5.0/jakarta.inject-2.5.0.jar:/home/user/.m2/repository/org/glassfish/hk2/hk2-utils/2.5.0/hk2-utils-2.5.0.jar:/home/user/.m2/repository/jakarta/annotation/jakarta.annotation-api/1.3.4/jakarta.annotation-api-1.3.4.jar:/home/user/.m2/repository/org/glassfish/hk2/external/aopalliance-repackaged/2.5.0/aopalliance-repackaged-2.5.0.jar:/home/user/.m2/repository/com/fasterxml/jackson/dataformat/jackson-dataformat-xml/2.9.0/jackson-dataformat-xml-2.9.0.jar:/home/user/.m2/repository/com/fasterxml/jackson/core/jackson-core/2.9.9/jackson-core-2.9.9.jar:/home/user/.m2/repository/com/fasterxml/jackson/module/jackson-module-jaxb-annotations/2.9.9/jackson-module-jaxb-annotations-2.9.9.jar:/home/user/.m2/repository/javax/enterprise/cdi-api/1.2/cdi-api-1.2.jar:/home/user/.m2/repository/javax/el/javax.el-api/3.0.0/javax.el-api-3.0.0.jar:/home/user/.m2/repository/javax/interceptor/javax.interceptor-api/1.2/javax.interceptor-api-1.2.jar:/home/user/.m2/repository/javax/inject/javax.inject/1/javax.inject-1.jar:/home/user/.m2/repository/com/sun/xml/bind/jaxb-impl/2.3.0.1/jaxb-impl-2.3.0.1.jar:/home/user/.m2/repository/com/sun/xml/bind/jaxb-core/2.3.0.1/jaxb-core-2.3.0.1.jar:/home/user/.m2/repository/javax/xml/bind/jaxb-api/2.3.0/jaxb-api-2.3.0.jar:/home/user/.m2/repository/javax/activation/activation/1.1.1/activation-1.1.1.jar:/home/user/.m2/repository/org/apache/hadoop/hadoop-ozone-csi/0.5.0-SNAPSHOT/hadoop-ozone-csi-0.5.0-SNAPSHOT.jar:/home/user/.m2/repository/com/google/protobuf/protobuf-java-util/3.5.1/protobuf-java-util-3.5.1.jar:/home/user/.m2/repository/org/apache/hadoop/hadoop-hdds-config/0.5.0-SNAPSHOT/hadoop-hdds-config-0.5.0-SNAPSHOT.jar:/home/user/.m2/repository/io/grpc/grpc-netty/1.17.1/grpc-netty-1.17.1.jar:/home/user/.m2/repository/io/grpc/grpc-core/1.17.1/grpc-core-1.17.1.jar:/home/user/.m2/repository/io/grpc/grpc-context/1.17.1/grpc-context-1.17.1.jar:/home/user/.m2/repository/com/google/errorprone/error_prone_annotations/2.2.0/error_prone_annotations-2.2.0.jar:/home/user/.m2/repository/org/codehaus/mojo/animal-sniffer-annotations/1.17/animal-sniffer-annotations-1.17.jar:/home/user/.m2/repository/io/opencensus/opencensus-api/0.17.0/opencensus-api-0.17.0.jar:/home/user/.m2/repository/io/opencensus/opencensus-contrib-grpc-metrics/0.17.0/opencensus-contrib-grpc-metrics-0.17.0.jar:/home/user/.m2/repository/io/netty/netty-codec-http2/4.1.30.Final/netty-codec-http2-4.1.30.Final.jar:/home/user/.m2/repository/io/netty/netty-codec-http/4.1.30.Final/netty-codec-http-4.1.30.Final.jar:/home/user/.m2/repository/io/netty/netty-codec/4.1.30.Final/netty-codec-4.1.30.Final.jar:/home/user/.m2/repository/io/netty/netty-handler/4.1.30.Final/netty-handler-4.1.30.Final.jar:/home/user/.m2/repository/io/netty/netty-handler-proxy/4.1.30.Final/netty-handler-proxy-4.1.30.Final.jar:/home/user/.m2/repository/io/netty/netty-codec-socks/4.1.30.Final/netty-codec-socks-4.1.30.Final.jar:/home/user/.m2/repository/io/netty/netty-transport-native-epoll/4.1.30.Final/netty-transport-native-epoll-4.1.30.Final.jar:/home/user/.m2/repository/io/netty/netty-common/4.1.30.Final/netty-common-4.1.30.Final.jar:/home/user/.m2/repository/io/netty/netty-buffer/4.1.30.Final/netty-buffer-4.1.30.Final.jar:/home/user/.m2/repository/io/netty/netty-transport/4.1.30.Final/netty-transport-4.1.30.Final.jar:/home/user/.m2/repository/io/netty/netty-resolver/4.1.30.Final/netty-resolver-4.1.30.Final.jar:/home/user/.m2/repository/io/netty/netty-transport-native-unix-common/4.1.30.Final/netty-transport-native-unix-common-4.1.30.Final.jar:/home/user/.m2/repository/io/grpc/grpc-protobuf/1.17.1/grpc-protobuf-1.17.1.jar:/home/user/.m2/repository/com/google/api/grpc/proto-google-common-protos/1.0.0/proto-google-common-protos-1.0.0.jar:/home/user/.m2/repository/io/grpc/grpc-protobuf-lite/1.17.1/grpc-protobuf-lite-1.17.1.jar:/home/user/.m2/repository/io/grpc/grpc-stub/1.17.1/grpc-stub-1.17.1.jar:/home/user/.m2/repository/org/apache/hadoop/hadoop-ozone-recon/0.5.0-SNAPSHOT/hadoop-ozone-recon-0.5.0-SNAPSHOT.jar:/home/user/.m2/repository/org/apache/hadoop/hadoop-ozone-reconcodegen/0.5.0-SNAPSHOT/hadoop-ozone-reconcodegen-0.5.0-SNAPSHOT.jar:/home/user/.m2/repository/com/google/inject/extensions/guice-multibindings/4.0/guice-multibindings-4.0.jar:/home/user/.m2/repository/com/google/inject/guice/4.0/guice-4.0.jar:/home/user/.m2/repository/aopalliance/aopalliance/1.0/aopalliance-1.0.jar:/home/user/.m2/repository/com/google/inject/extensions/guice-servlet/4.0/guice-servlet-4.0.jar:/home/user/.m2/repository/org/glassfish/jersey/containers/jersey-container-servlet/2.27/jersey-container-servlet-2.27.jar:/home/user/.m2/repository/org/glassfish/hk2/guice-bridge/2.5.0/guice-bridge-2.5.0.jar:/home/user/.m2/repository/org/glassfish/jersey/core/jersey-server/2.27/jersey-server-2.27.jar:/home/user/.m2/repository/org/glassfish/jersey/core/jersey-client/2.27/jersey-client-2.27.jar:/home/user/.m2/repository/org/glassfish/jersey/media/jersey-media-jaxb/2.27/jersey-media-jaxb-2.27.jar:/home/user/.m2/repository/javax/validation/validation-api/1.1.0.Final/validation-api-1.1.0.Final.jar:/home/user/.m2/repository/org/glassfish/jersey/media/jersey-media-json-jackson/2.27/jersey-media-json-jackson-2.27.jar:/home/user/.m2/repository/org/glassfish/jersey/ext/jersey-entity-filtering/2.27/jersey-entity-filtering-2.27.jar:/home/user/.m2/repository/com/google/inject/extensions/guice-assistedinject/4.0/guice-assistedinject-4.0.jar:/home/user/.m2/repository/org/jooq/jooq/3.11.10/jooq-3.11.10.jar:/home/user/.m2/repository/org/jooq/jooq-meta/3.11.10/jooq-meta-3.11.10.jar:/home/user/.m2/repository/org/jooq/jooq-codegen/3.11.10/jooq-codegen-3.11.10.jar:/home/user/.m2/repository/com/jolbox/bonecp/0.8.0.RELEASE/bonecp-0.8.0.RELEASE.jar:/home/user/.m2/repository/org/xerial/sqlite-jdbc/3.25.2/sqlite-jdbc-3.25.2.jar:/home/user/.m2/repository/org/springframework/spring-jdbc/5.1.3.RELEASE/spring-jdbc-5.1.3.RELEASE.jar:/home/user/.m2/repository/org/springframework/spring-beans/5.1.3.RELEASE/spring-beans-5.1.3.RELEASE.jar:/home/user/.m2/repository/org/springframework/spring-core/5.1.3.RELEASE/spring-core-5.1.3.RELEASE.jar:/home/user/.m2/repository/org/springframework/spring-jcl/5.1.3.RELEASE/spring-jcl-5.1.3.RELEASE.jar:/home/user/.m2/repository/org/springframework/spring-tx/5.1.3.RELEASE/spring-tx-5.1.3.RELEASE.jar:/home/user/.m2/repository/org/apache/hadoop/hadoop-ozone-client/0.5.0-SNAPSHOT/hadoop-ozone-client-0.5.0-SNAPSHOT.jar:/home/user/.m2/repository/commons-lang/commons-lang/2.6/commons-lang-2.6.jar:/home/user/.m2/repository/org/apache/hadoop/hadoop-ozone-ozone-manager/0.5.0-SNAPSHOT/hadoop-ozone-ozone-manager-0.5.0-SNAPSHOT-tests.jar:/home/user/.m2/repository/junit/junit/4.11/junit-4.11.jar:/home/user/.m2/repository/org/hamcrest/hamcrest-core/1.3/hamcrest-core-1.3.jar:/home/user/.m2/repository/org/openjdk/jmh/jmh-core/1.19/jmh-core-1.19.jar:/home/user/.m2/repository/net/sf/jopt-simple/jopt-simple/4.6/jopt-simple-4.6.jar:/home/user/.m2/repository/org/apache/commons/commons-math3/3.1.1/commons-math3-3.1.1.jar:/home/user/.m2/repository/org/openjdk/jmh/jmh-generator-annprocess/1.19/jmh-generator-annprocess-1.19.jar:/home/user/.m2/repository/org/mockito/mockito-all/1.8.5/mockito-all-1.8.5.jar:/home/user/.m2/repository/org/apache/hadoop/hadoop-kms/3.2.0/hadoop-kms-3.2.0.jar:/home/user/.m2/repository/org/apache/hadoop/hadoop-auth/3.2.0/hadoop-auth-3.2.0.jar:/home/user/.m2/repository/com/nimbusds/nimbus-jose-jwt/4.41.1/nimbus-jose-jwt-4.41.1.jar:/home/user/.m2/repository/com/github/stephenc/jcip/jcip-annotations/1.0-1/jcip-annotations-1.0-1.jar:/home/user/.m2/repository/net/minidev/json-smart/2.3/json-smart-2.3.jar:/home/user/.m2/repository/net/minidev/accessors-smart/1.2/accessors-smart-1.2.jar:/home/user/.m2/repository/org/ow2/asm/asm/5.0.4/asm-5.0.4.jar:/home/user/.m2/repository/org/apache/curator/curator-framework/2.12.0/curator-framework-2.12.0.jar:/home/user/.m2/repository/com/sun/jersey/jersey-core/1.19/jersey-core-1.19.jar:/home/user/.m2/repository/javax/ws/rs/jsr311-api/1.1.1/jsr311-api-1.1.1.jar:/home/user/.m2/repository/com/sun/jersey/jersey-server/1.19/jersey-server-1.19.jar:/home/user/.m2/repository/javax/servlet/javax.servlet-api/3.1.0/javax.servlet-api-3.1.0.jar:/home/user/.m2/repository/org/eclipse/jetty/jetty-server/9.3.25.v20180904/jetty-server-9.3.25.v20180904.jar:/home/user/.m2/repository/org/eclipse/jetty/jetty-http/9.3.25.v20180904/jetty-http-9.3.25.v20180904.jar:/home/user/.m2/repository/org/eclipse/jetty/jetty-io/9.3.25.v20180904/jetty-io-9.3.25.v20180904.jar:/home/user/.m2/repository/org/eclipse/jetty/jetty-webapp/9.3.25.v20180904/jetty-webapp-9.3.25.v20180904.jar:/home/user/.m2/repository/org/eclipse/jetty/jetty-xml/9.3.25.v20180904/jetty-xml-9.3.25.v20180904.jar:/home/user/.m2/repository/log4j/log4j/1.2.17/log4j-1.2.17.jar:/home/user/.m2/repository/org/slf4j/slf4j-api/1.7.25/slf4j-api-1.7.25.jar:/home/user/.m2/repository/org/slf4j/jul-to-slf4j/1.7.25/jul-to-slf4j-1.7.25.jar:/home/user/.m2/repository/org/eclipse/jetty/jetty-util/9.3.25.v20180904/jetty-util-9.3.25.v20180904.jar:/home/user/.m2/repository/com/fasterxml/jackson/core/jackson-databind/2.9.9/jackson-databind-2.9.9.jar:/home/user/.m2/repository/org/apache/hadoop/hadoop-kms/3.2.0/hadoop-kms-3.2.0-tests.jar:/home/user/.m2/repository/org/apache/hadoop/hadoop-hdds-server-scm/0.5.0-SNAPSHOT/hadoop-hdds-server-scm-0.5.0-SNAPSHOT-tests.jar:/home/user/.m2/repository/org/apache/hadoop/hadoop-hdds-container-service/0.5.0-SNAPSHOT/hadoop-hdds-container-service-0.5.0-SNAPSHOT-tests.jar:/home/user/.m2/repository/org/yaml/snakeyaml/1.16/snakeyaml-1.16.jar:/home/user/.m2/repository/org/apache/hadoop/hadoop-common/3.2.0/hadoop-common-3.2.0-tests.jar:/home/user/.m2/repository/org/apache/hadoop/hadoop-annotations/3.2.0/hadoop-annotations-3.2.0.jar:/usr/lib/jvm/java-1.8-openjdk/jre/../lib/tools.jar:/home/user/.m2/repository/commons-cli/commons-cli/1.2/commons-cli-1.2.jar:/home/user/.m2/repository/org/apache/httpcomponents/httpclient/4.5.2/httpclient-4.5.2.jar:/home/user/.m2/repository/org/apache/httpcomponents/httpcore/4.4.4/httpcore-4.4.4.jar:/home/user/.m2/repository/commons-codec/commons-codec/1.11/commons-codec-1.11.jar:/home/user/.m2/repository/commons-net/commons-net/3.6/commons-net-3.6.jar:/home/user/.m2/repository/commons-collections/commons-collections/3.2.2/commons-collections-3.2.2.jar:/home/user/.m2/repository/org/eclipse/jetty/jetty-servlet/9.3.25.v20180904/jetty-servlet-9.3.25.v20180904.jar:/home/user/.m2/repository/org/eclipse/jetty/jetty-security/9.3.25.v20180904/jetty-security-9.3.25.v20180904.jar:/home/user/.m2/repository/javax/servlet/jsp/jsp-api/2.1/jsp-api-2.1.jar:/home/user/.m2/repository/com/sun/jersey/jersey-servlet/1.19/jersey-servlet-1.19.jar:/home/user/.m2/repository/com/sun/jersey/jersey-json/1.19/jersey-json-1.19.jar:/home/user/.m2/repository/org/codehaus/jettison/jettison/1.1/jettison-1.1.jar:/home/user/.m2/repository/org/codehaus/jackson/jackson-core-asl/1.9.13/jackson-core-asl-1.9.13.jar:/home/user/.m2/repository/org/codehaus/jackson/jackson-mapper-asl/1.9.13/jackson-mapper-asl-1.9.13.jar:/home/user/.m2/repository/org/codehaus/jackson/jackson-jaxrs/1.9.13/jackson-jaxrs-1.9.13.jar:/home/user/.m2/repository/org/codehaus/jackson/jackson-xc/1.9.13/jackson-xc-1.9.13.jar:/home/user/.m2/repository/commons-logging/commons-logging/1.1.3/commons-logging-1.1.3.jar:/home/user/.m2/repository/commons-beanutils/commons-beanutils/1.9.4/commons-beanutils-1.9.4.jar:/home/user/.m2/repository/org/apache/commons/commons-configuration2/2.1.1/commons-configuration2-2.1.1.jar:/home/user/.m2/repository/org/apache/commons/commons-lang3/3.7/commons-lang3-3.7.jar:/home/user/.m2/repository/org/apache/commons/commons-text/1.4/commons-text-1.4.jar:/home/user/.m2/repository/org/apache/avro/avro/1.7.7/avro-1.7.7.jar:/home/user/.m2/repository/com/thoughtworks/paranamer/paranamer/2.3/paranamer-2.3.jar:/home/user/.m2/repository/org/xerial/snappy/snappy-java/1.0.5/snappy-java-1.0.5.jar:/home/user/.m2/repository/com/google/re2j/re2j/1.1/re2j-1.1.jar:/home/user/.m2/repository/com/google/code/gson/gson/2.2.4/gson-2.2.4.jar:/home/user/.m2/repository/com/jcraft/jsch/0.1.54/jsch-0.1.54.jar:/home/user/.m2/repository/org/apache/curator/curator-client/2.12.0/curator-client-2.12.0.jar:/home/user/.m2/repository/org/apache/curator/curator-recipes/2.12.0/curator-recipes-2.12.0.jar:/home/user/.m2/repository/com/google/code/findbugs/jsr305/3.0.0/jsr305-3.0.0.jar:/home/user/.m2/repository/org/apache/htrace/htrace-core4/4.1.0-incubating/htrace-core4-4.1.0-incubating.jar:/home/user/.m2/repository/org/apache/zookeeper/zookeeper/3.4.13/zookeeper-3.4.13.jar:/home/user/.m2/repository/jline/jline/0.9.94/jline-0.9.94.jar:/home/user/.m2/repository/org/apache/yetus/audience-annotations/0.5.0/audience-annotations-0.5.0.jar:/home/user/.m2/repository/org/codehaus/woodstox/stax2-api/3.1.4/stax2-api-3.1.4.jar:/home/user/.m2/repository/com/fasterxml/woodstox/woodstox-core/5.0.3/woodstox-core-5.0.3.jar:/home/user/.m2/repository/dnsjava/dnsjava/2.1.7/dnsjava-2.1.7.jar:/home/user/.m2/repository/org/apache/hadoop/hadoop-hdfs/3.2.0/hadoop-hdfs-3.2.0-tests.jar:/home/user/.m2/repository/org/eclipse/jetty/jetty-util-ajax/9.3.25.v20180904/jetty-util-ajax-9.3.25.v20180904.jar:/home/user/.m2/repository/commons-daemon/commons-daemon/1.0.13/commons-daemon-1.0.13.jar:/home/user/.m2/repository/io/netty/netty/3.10.5.Final/netty-3.10.5.Final.jar:/home/user/.m2/repository/io/netty/netty-all/4.0.52.Final/netty-all-4.0.52.Final.jar:/home/user/.m2/repository/org/fusesource/leveldbjni/leveldbjni-all/1.8/leveldbjni-all-1.8.jar:"/>
    <property name="java.vm.vendor" value="IcedTea"/>
    <property name="sun.arch.data.model" value="64"/>
    <property name="test.build.dir" value="/workdir/hadoop-ozone/integration-test/target/test-dir"/>
    <property name="test.cache.data" value=""/>
    <property name="java.vendor.url" value="https://icedtea.classpath.org"/>
    <property name="user.timezone" value=""/>
    <property name="java.vm.specification.version" value="1.8"/>
    <property name="os.name" value="Linux"/>
    <property name="test.build.data" value="/workdir/hadoop-ozone/integration-test/target/test-dir"/>
    <property name="user.country" value="US"/>
    <property name="sun.java.launcher" value="SUN_STANDARD"/>
    <property name="sun.boot.library.path" value="/usr/lib/jvm/java-1.8-openjdk/jre/lib/amd64"/>
    <property name="sun.java.command" value="/workdir/hadoop-ozone/integration-test/target/surefire/surefirebooter897430753785127694.jar /workdir/hadoop-ozone/integration-test/target/surefire 2019-09-24T20-51-17_462-jvmRun1 surefire5785749012989813060tmp surefire_784200110407097935715tmp"/>
    <property name="test" value="!TestMiniChaosOzoneCluster"/>
    <property name="surefire.test.class.path" value="/workdir/hadoop-ozone/integration-test/target/test-classes:/workdir/hadoop-ozone/integration-test/target/classes:/home/user/.m2/repository/org/apache/hadoop/hadoop-ozone-common/0.5.0-SNAPSHOT/hadoop-ozone-common-0.5.0-SNAPSHOT.jar:/home/user/.m2/repository/org/apache/commons/commons-compress/1.4.1/commons-compress-1.4.1.jar:/home/user/.m2/repository/org/tukaani/xz/1.0/xz-1.0.jar:/home/user/.m2/repository/org/apache/hadoop/hadoop-common/3.2.0/hadoop-common-3.2.0.jar:/home/user/.m2/repository/org/apache/hadoop/hadoop-hdfs/3.2.0/hadoop-hdfs-3.2.0.jar:/home/user/.m2/repository/org/apache/hadoop/hadoop-hdfs-client/3.2.0/hadoop-hdfs-client-3.2.0.jar:/home/user/.m2/repository/com/fasterxml/jackson/core/jackson-annotations/2.9.9/jackson-annotations-2.9.9.jar:/home/user/.m2/repository/org/apache/hadoop/hadoop-hdds-common/0.5.0-SNAPSHOT/hadoop-hdds-common-0.5.0-SNAPSHOT.jar:/home/user/.m2/repository/javax/annotation/javax.annotation-api/1.2/javax.annotation-api-1.2.jar:/home/user/.m2/repository/org/apache/ratis/ratis-server/0.4.0/ratis-server-0.4.0.jar:/home/user/.m2/repository/org/apache/ratis/ratis-thirdparty-misc/0.2.0/ratis-thirdparty-misc-0.2.0.jar:/home/user/.m2/repository/org/apache/ratis/ratis-proto/0.4.0/ratis-proto-0.4.0.jar:/home/user/.m2/repository/org/apache/ratis/ratis-common/0.4.0/ratis-common-0.4.0.jar:/home/user/.m2/repository/org/apache/ratis/ratis-client/0.4.0/ratis-client-0.4.0.jar:/home/user/.m2/repository/org/apache/ratis/ratis-metrics/0.4.0/ratis-metrics-0.4.0.jar:/home/user/.m2/repository/com/github/joshelser/dropwizard-metrics-hadoop-metrics2-reporter/0.1.2/dropwizard-metrics-hadoop-metrics2-reporter-0.1.2.jar:/home/user/.m2/repository/io/dropwizard/metrics/metrics-jvm/3.2.5/metrics-jvm-3.2.5.jar:/home/user/.m2/repository/io/dropwizard/metrics/metrics-ganglia/3.2.5/metrics-ganglia-3.2.5.jar:/home/user/.m2/repository/info/ganglia/gmetric4j/gmetric4j/1.0.7/gmetric4j-1.0.7.jar:/home/user/.m2/repository/org/apache/ratis/ratis-netty/0.4.0/ratis-netty-0.4.0.jar:/home/user/.m2/repository/org/apache/ratis/ratis-grpc/0.4.0/ratis-grpc-0.4.0.jar:/home/user/.m2/repository/org/rocksdb/rocksdbjni/6.0.1/rocksdbjni-6.0.1.jar:/home/user/.m2/repository/org/apache/logging/log4j/log4j-api/2.11.0/log4j-api-2.11.0.jar:/home/user/.m2/repository/org/apache/logging/log4j/log4j-core/2.11.0/log4j-core-2.11.0.jar:/home/user/.m2/repository/com/lmax/disruptor/3.4.2/disruptor-3.4.2.jar:/home/user/.m2/repository/org/apache/commons/commons-pool2/2.6.0/commons-pool2-2.6.0.jar:/home/user/.m2/repository/org/bouncycastle/bcpkix-jdk15on/1.60/bcpkix-jdk15on-1.60.jar:/home/user/.m2/repository/commons-validator/commons-validator/1.6/commons-validator-1.6.jar:/home/user/.m2/repository/commons-digester/commons-digester/1.8.1/commons-digester-1.8.1.jar:/home/user/.m2/repository/io/jaegertracing/jaeger-client/0.34.0/jaeger-client-0.34.0.jar:/home/user/.m2/repository/io/jaegertracing/jaeger-thrift/0.34.0/jaeger-thrift-0.34.0.jar:/home/user/.m2/repository/org/apache/thrift/libthrift/0.12.0/libthrift-0.12.0.jar:/home/user/.m2/repository/com/squareup/okhttp3/okhttp/3.9.0/okhttp-3.9.0.jar:/home/user/.m2/repository/com/squareup/okio/okio/1.13.0/okio-1.13.0.jar:/home/user/.m2/repository/io/jaegertracing/jaeger-core/0.34.0/jaeger-core-0.34.0.jar:/home/user/.m2/repository/io/jaegertracing/jaeger-tracerresolver/0.34.0/jaeger-tracerresolver-0.34.0.jar:/home/user/.m2/repository/io/opentracing/contrib/opentracing-tracerresolver/0.1.5/opentracing-tracerresolver-0.1.5.jar:/home/user/.m2/repository/io/opentracing/opentracing-util/0.31.0/opentracing-util-0.31.0.jar:/home/user/.m2/repository/io/opentracing/opentracing-api/0.31.0/opentracing-api-0.31.0.jar:/home/user/.m2/repository/io/opentracing/opentracing-noop/0.31.0/opentracing-noop-0.31.0.jar:/home/user/.m2/repository/org/apache/hadoop/hadoop-hdds-server-framework/0.5.0-SNAPSHOT/hadoop-hdds-server-framework-0.5.0-SNAPSHOT.jar:/home/user/.m2/repository/org/apache/hadoop/hadoop-hdds-container-service/0.5.0-SNAPSHOT/hadoop-hdds-container-service-0.5.0-SNAPSHOT.jar:/home/user/.m2/repository/org/apache/hadoop/hadoop-hdds-client/0.5.0-SNAPSHOT/hadoop-hdds-client-0.5.0-SNAPSHOT.jar:/home/user/.m2/repository/org/apache/hadoop/hadoop-hdds-tools/0.5.0-SNAPSHOT/hadoop-hdds-tools-0.5.0-SNAPSHOT.jar:/home/user/.m2/repository/org/apache/hadoop/hadoop-hdds-server-scm/0.5.0-SNAPSHOT/hadoop-hdds-server-scm-0.5.0-SNAPSHOT.jar:/home/user/.m2/repository/org/apache/hadoop/hadoop-hdds-docs/0.5.0-SNAPSHOT/hadoop-hdds-docs-0.5.0-SNAPSHOT.jar:/home/user/.m2/repository/io/dropwizard/metrics/metrics-core/3.2.4/metrics-core-3.2.4.jar:/home/user/.m2/repository/org/hamcrest/hamcrest-all/1.3/hamcrest-all-1.3.jar:/home/user/.m2/repository/org/bouncycastle/bcprov-jdk15on/1.60/bcprov-jdk15on-1.60.jar:/home/user/.m2/repository/info/picocli/picocli/3.9.6/picocli-3.9.6.jar:/home/user/.m2/repository/com/google/protobuf/protobuf-java/2.5.0/protobuf-java-2.5.0.jar:/home/user/.m2/repository/com/google/guava/guava/11.0.2/guava-11.0.2.jar:/home/user/.m2/repository/org/apache/hadoop/hadoop-ozone-ozone-manager/0.5.0-SNAPSHOT/hadoop-ozone-ozone-manager-0.5.0-SNAPSHOT.jar:/home/user/.m2/repository/org/apache/hadoop/hadoop-minikdc/3.2.0/hadoop-minikdc-3.2.0.jar:/home/user/.m2/repository/commons-io/commons-io/2.5/commons-io-2.5.jar:/home/user/.m2/repository/org/apache/kerby/kerb-simplekdc/1.0.1/kerb-simplekdc-1.0.1.jar:/home/user/.m2/repository/org/apache/kerby/kerb-client/1.0.1/kerb-client-1.0.1.jar:/home/user/.m2/repository/org/apache/kerby/kerby-config/1.0.1/kerby-config-1.0.1.jar:/home/user/.m2/repository/org/apache/kerby/kerb-core/1.0.1/kerb-core-1.0.1.jar:/home/user/.m2/repository/org/apache/kerby/kerby-pkix/1.0.1/kerby-pkix-1.0.1.jar:/home/user/.m2/repository/org/apache/kerby/kerby-asn1/1.0.1/kerby-asn1-1.0.1.jar:/home/user/.m2/repository/org/apache/kerby/kerby-util/1.0.1/kerby-util-1.0.1.jar:/home/user/.m2/repository/org/apache/kerby/kerb-common/1.0.1/kerb-common-1.0.1.jar:/home/user/.m2/repository/org/apache/kerby/kerb-crypto/1.0.1/kerb-crypto-1.0.1.jar:/home/user/.m2/repository/org/apache/kerby/kerb-util/1.0.1/kerb-util-1.0.1.jar:/home/user/.m2/repository/org/apache/kerby/token-provider/1.0.1/token-provider-1.0.1.jar:/home/user/.m2/repository/org/apache/kerby/kerb-admin/1.0.1/kerb-admin-1.0.1.jar:/home/user/.m2/repository/org/apache/kerby/kerb-server/1.0.1/kerb-server-1.0.1.jar:/home/user/.m2/repository/org/apache/kerby/kerb-identity/1.0.1/kerb-identity-1.0.1.jar:/home/user/.m2/repository/org/apache/kerby/kerby-xdr/1.0.1/kerby-xdr-1.0.1.jar:/home/user/.m2/repository/org/slf4j/slf4j-log4j12/1.7.25/slf4j-log4j12-1.7.25.jar:/home/user/.m2/repository/org/apache/hadoop/hadoop-ozone-s3gateway/0.5.0-SNAPSHOT/hadoop-ozone-s3gateway-0.5.0-SNAPSHOT.jar:/home/user/.m2/repository/org/jboss/weld/servlet/weld-servlet/2.4.7.Final/weld-servlet-2.4.7.Final.jar:/home/user/.m2/repository/org/glassfish/jersey/containers/jersey-container-servlet-core/2.27/jersey-container-servlet-core-2.27.jar:/home/user/.m2/repository/org/glassfish/hk2/external/javax.inject/2.5.0-b42/javax.inject-2.5.0-b42.jar:/home/user/.m2/repository/org/glassfish/jersey/core/jersey-common/2.27/jersey-common-2.27.jar:/home/user/.m2/repository/org/glassfish/hk2/osgi-resource-locator/1.0.1/osgi-resource-locator-1.0.1.jar:/home/user/.m2/repository/javax/ws/rs/javax.ws.rs-api/2.1/javax.ws.rs-api-2.1.jar:/home/user/.m2/repository/org/glassfish/jersey/ext/cdi/jersey-cdi1x/2.27/jersey-cdi1x-2.27.jar:/home/user/.m2/repository/org/glassfish/jersey/inject/jersey-hk2/2.27/jersey-hk2-2.27.jar:/home/user/.m2/repository/org/glassfish/hk2/hk2-locator/2.5.0-b42/hk2-locator-2.5.0-b42.jar:/home/user/.m2/repository/org/javassist/javassist/3.22.0-CR2/javassist-3.22.0-CR2.jar:/home/user/.m2/repository/org/glassfish/hk2/hk2-api/2.5.0/hk2-api-2.5.0.jar:/home/user/.m2/repository/org/glassfish/hk2/external/jakarta.inject/2.5.0/jakarta.inject-2.5.0.jar:/home/user/.m2/repository/org/glassfish/hk2/hk2-utils/2.5.0/hk2-utils-2.5.0.jar:/home/user/.m2/repository/jakarta/annotation/jakarta.annotation-api/1.3.4/jakarta.annotation-api-1.3.4.jar:/home/user/.m2/repository/org/glassfish/hk2/external/aopalliance-repackaged/2.5.0/aopalliance-repackaged-2.5.0.jar:/home/user/.m2/repository/com/fasterxml/jackson/dataformat/jackson-dataformat-xml/2.9.0/jackson-dataformat-xml-2.9.0.jar:/home/user/.m2/repository/com/fasterxml/jackson/core/jackson-core/2.9.9/jackson-core-2.9.9.jar:/home/user/.m2/repository/com/fasterxml/jackson/module/jackson-module-jaxb-annotations/2.9.9/jackson-module-jaxb-annotations-2.9.9.jar:/home/user/.m2/repository/javax/enterprise/cdi-api/1.2/cdi-api-1.2.jar:/home/user/.m2/repository/javax/el/javax.el-api/3.0.0/javax.el-api-3.0.0.jar:/home/user/.m2/repository/javax/interceptor/javax.interceptor-api/1.2/javax.interceptor-api-1.2.jar:/home/user/.m2/repository/javax/inject/javax.inject/1/javax.inject-1.jar:/home/user/.m2/repository/com/sun/xml/bind/jaxb-impl/2.3.0.1/jaxb-impl-2.3.0.1.jar:/home/user/.m2/repository/com/sun/xml/bind/jaxb-core/2.3.0.1/jaxb-core-2.3.0.1.jar:/home/user/.m2/repository/javax/xml/bind/jaxb-api/2.3.0/jaxb-api-2.3.0.jar:/home/user/.m2/repository/javax/activation/activation/1.1.1/activation-1.1.1.jar:/home/user/.m2/repository/org/apache/hadoop/hadoop-ozone-csi/0.5.0-SNAPSHOT/hadoop-ozone-csi-0.5.0-SNAPSHOT.jar:/home/user/.m2/repository/com/google/protobuf/protobuf-java-util/3.5.1/protobuf-java-util-3.5.1.jar:/home/user/.m2/repository/org/apache/hadoop/hadoop-hdds-config/0.5.0-SNAPSHOT/hadoop-hdds-config-0.5.0-SNAPSHOT.jar:/home/user/.m2/repository/io/grpc/grpc-netty/1.17.1/grpc-netty-1.17.1.jar:/home/user/.m2/repository/io/grpc/grpc-core/1.17.1/grpc-core-1.17.1.jar:/home/user/.m2/repository/io/grpc/grpc-context/1.17.1/grpc-context-1.17.1.jar:/home/user/.m2/repository/com/google/errorprone/error_prone_annotations/2.2.0/error_prone_annotations-2.2.0.jar:/home/user/.m2/repository/org/codehaus/mojo/animal-sniffer-annotations/1.17/animal-sniffer-annotations-1.17.jar:/home/user/.m2/repository/io/opencensus/opencensus-api/0.17.0/opencensus-api-0.17.0.jar:/home/user/.m2/repository/io/opencensus/opencensus-contrib-grpc-metrics/0.17.0/opencensus-contrib-grpc-metrics-0.17.0.jar:/home/user/.m2/repository/io/netty/netty-codec-http2/4.1.30.Final/netty-codec-http2-4.1.30.Final.jar:/home/user/.m2/repository/io/netty/netty-codec-http/4.1.30.Final/netty-codec-http-4.1.30.Final.jar:/home/user/.m2/repository/io/netty/netty-codec/4.1.30.Final/netty-codec-4.1.30.Final.jar:/home/user/.m2/repository/io/netty/netty-handler/4.1.30.Final/netty-handler-4.1.30.Final.jar:/home/user/.m2/repository/io/netty/netty-handler-proxy/4.1.30.Final/netty-handler-proxy-4.1.30.Final.jar:/home/user/.m2/repository/io/netty/netty-codec-socks/4.1.30.Final/netty-codec-socks-4.1.30.Final.jar:/home/user/.m2/repository/io/netty/netty-transport-native-epoll/4.1.30.Final/netty-transport-native-epoll-4.1.30.Final.jar:/home/user/.m2/repository/io/netty/netty-common/4.1.30.Final/netty-common-4.1.30.Final.jar:/home/user/.m2/repository/io/netty/netty-buffer/4.1.30.Final/netty-buffer-4.1.30.Final.jar:/home/user/.m2/repository/io/netty/netty-transport/4.1.30.Final/netty-transport-4.1.30.Final.jar:/home/user/.m2/repository/io/netty/netty-resolver/4.1.30.Final/netty-resolver-4.1.30.Final.jar:/home/user/.m2/repository/io/netty/netty-transport-native-unix-common/4.1.30.Final/netty-transport-native-unix-common-4.1.30.Final.jar:/home/user/.m2/repository/io/grpc/grpc-protobuf/1.17.1/grpc-protobuf-1.17.1.jar:/home/user/.m2/repository/com/google/api/grpc/proto-google-common-protos/1.0.0/proto-google-common-protos-1.0.0.jar:/home/user/.m2/repository/io/grpc/grpc-protobuf-lite/1.17.1/grpc-protobuf-lite-1.17.1.jar:/home/user/.m2/repository/io/grpc/grpc-stub/1.17.1/grpc-stub-1.17.1.jar:/home/user/.m2/repository/org/apache/hadoop/hadoop-ozone-recon/0.5.0-SNAPSHOT/hadoop-ozone-recon-0.5.0-SNAPSHOT.jar:/home/user/.m2/repository/org/apache/hadoop/hadoop-ozone-reconcodegen/0.5.0-SNAPSHOT/hadoop-ozone-reconcodegen-0.5.0-SNAPSHOT.jar:/home/user/.m2/repository/com/google/inject/extensions/guice-multibindings/4.0/guice-multibindings-4.0.jar:/home/user/.m2/repository/com/google/inject/guice/4.0/guice-4.0.jar:/home/user/.m2/repository/aopalliance/aopalliance/1.0/aopalliance-1.0.jar:/home/user/.m2/repository/com/google/inject/extensions/guice-servlet/4.0/guice-servlet-4.0.jar:/home/user/.m2/repository/org/glassfish/jersey/containers/jersey-container-servlet/2.27/jersey-container-servlet-2.27.jar:/home/user/.m2/repository/org/glassfish/hk2/guice-bridge/2.5.0/guice-bridge-2.5.0.jar:/home/user/.m2/repository/org/glassfish/jersey/core/jersey-server/2.27/jersey-server-2.27.jar:/home/user/.m2/repository/org/glassfish/jersey/core/jersey-client/2.27/jersey-client-2.27.jar:/home/user/.m2/repository/org/glassfish/jersey/media/jersey-media-jaxb/2.27/jersey-media-jaxb-2.27.jar:/home/user/.m2/repository/javax/validation/validation-api/1.1.0.Final/validation-api-1.1.0.Final.jar:/home/user/.m2/repository/org/glassfish/jersey/media/jersey-media-json-jackson/2.27/jersey-media-json-jackson-2.27.jar:/home/user/.m2/repository/org/glassfish/jersey/ext/jersey-entity-filtering/2.27/jersey-entity-filtering-2.27.jar:/home/user/.m2/repository/com/google/inject/extensions/guice-assistedinject/4.0/guice-assistedinject-4.0.jar:/home/user/.m2/repository/org/jooq/jooq/3.11.10/jooq-3.11.10.jar:/home/user/.m2/repository/org/jooq/jooq-meta/3.11.10/jooq-meta-3.11.10.jar:/home/user/.m2/repository/org/jooq/jooq-codegen/3.11.10/jooq-codegen-3.11.10.jar:/home/user/.m2/repository/com/jolbox/bonecp/0.8.0.RELEASE/bonecp-0.8.0.RELEASE.jar:/home/user/.m2/repository/org/xerial/sqlite-jdbc/3.25.2/sqlite-jdbc-3.25.2.jar:/home/user/.m2/repository/org/springframework/spring-jdbc/5.1.3.RELEASE/spring-jdbc-5.1.3.RELEASE.jar:/home/user/.m2/repository/org/springframework/spring-beans/5.1.3.RELEASE/spring-beans-5.1.3.RELEASE.jar:/home/user/.m2/repository/org/springframework/spring-core/5.1.3.RELEASE/spring-core-5.1.3.RELEASE.jar:/home/user/.m2/repository/org/springframework/spring-jcl/5.1.3.RELEASE/spring-jcl-5.1.3.RELEASE.jar:/home/user/.m2/repository/org/springframework/spring-tx/5.1.3.RELEASE/spring-tx-5.1.3.RELEASE.jar:/home/user/.m2/repository/org/apache/hadoop/hadoop-ozone-client/0.5.0-SNAPSHOT/hadoop-ozone-client-0.5.0-SNAPSHOT.jar:/home/user/.m2/repository/commons-lang/commons-lang/2.6/commons-lang-2.6.jar:/home/user/.m2/repository/org/apache/hadoop/hadoop-ozone-ozone-manager/0.5.0-SNAPSHOT/hadoop-ozone-ozone-manager-0.5.0-SNAPSHOT-tests.jar:/home/user/.m2/repository/junit/junit/4.11/junit-4.11.jar:/home/user/.m2/repository/org/hamcrest/hamcrest-core/1.3/hamcrest-core-1.3.jar:/home/user/.m2/repository/org/openjdk/jmh/jmh-core/1.19/jmh-core-1.19.jar:/home/user/.m2/repository/net/sf/jopt-simple/jopt-simple/4.6/jopt-simple-4.6.jar:/home/user/.m2/repository/org/apache/commons/commons-math3/3.1.1/commons-math3-3.1.1.jar:/home/user/.m2/repository/org/openjdk/jmh/jmh-generator-annprocess/1.19/jmh-generator-annprocess-1.19.jar:/home/user/.m2/repository/org/mockito/mockito-all/1.8.5/mockito-all-1.8.5.jar:/home/user/.m2/repository/org/apache/hadoop/hadoop-kms/3.2.0/hadoop-kms-3.2.0.jar:/home/user/.m2/repository/org/apache/hadoop/hadoop-auth/3.2.0/hadoop-auth-3.2.0.jar:/home/user/.m2/repository/com/nimbusds/nimbus-jose-jwt/4.41.1/nimbus-jose-jwt-4.41.1.jar:/home/user/.m2/repository/com/github/stephenc/jcip/jcip-annotations/1.0-1/jcip-annotations-1.0-1.jar:/home/user/.m2/repository/net/minidev/json-smart/2.3/json-smart-2.3.jar:/home/user/.m2/repository/net/minidev/accessors-smart/1.2/accessors-smart-1.2.jar:/home/user/.m2/repository/org/ow2/asm/asm/5.0.4/asm-5.0.4.jar:/home/user/.m2/repository/org/apache/curator/curator-framework/2.12.0/curator-framework-2.12.0.jar:/home/user/.m2/repository/com/sun/jersey/jersey-core/1.19/jersey-core-1.19.jar:/home/user/.m2/repository/javax/ws/rs/jsr311-api/1.1.1/jsr311-api-1.1.1.jar:/home/user/.m2/repository/com/sun/jersey/jersey-server/1.19/jersey-server-1.19.jar:/home/user/.m2/repository/javax/servlet/javax.servlet-api/3.1.0/javax.servlet-api-3.1.0.jar:/home/user/.m2/repository/org/eclipse/jetty/jetty-server/9.3.25.v20180904/jetty-server-9.3.25.v20180904.jar:/home/user/.m2/repository/org/eclipse/jetty/jetty-http/9.3.25.v20180904/jetty-http-9.3.25.v20180904.jar:/home/user/.m2/repository/org/eclipse/jetty/jetty-io/9.3.25.v20180904/jetty-io-9.3.25.v20180904.jar:/home/user/.m2/repository/org/eclipse/jetty/jetty-webapp/9.3.25.v20180904/jetty-webapp-9.3.25.v20180904.jar:/home/user/.m2/repository/org/eclipse/jetty/jetty-xml/9.3.25.v20180904/jetty-xml-9.3.25.v20180904.jar:/home/user/.m2/repository/log4j/log4j/1.2.17/log4j-1.2.17.jar:/home/user/.m2/repository/org/slf4j/slf4j-api/1.7.25/slf4j-api-1.7.25.jar:/home/user/.m2/repository/org/slf4j/jul-to-slf4j/1.7.25/jul-to-slf4j-1.7.25.jar:/home/user/.m2/repository/org/eclipse/jetty/jetty-util/9.3.25.v20180904/jetty-util-9.3.25.v20180904.jar:/home/user/.m2/repository/com/fasterxml/jackson/core/jackson-databind/2.9.9/jackson-databind-2.9.9.jar:/home/user/.m2/repository/org/apache/hadoop/hadoop-kms/3.2.0/hadoop-kms-3.2.0-tests.jar:/home/user/.m2/repository/org/apache/hadoop/hadoop-hdds-server-scm/0.5.0-SNAPSHOT/hadoop-hdds-server-scm-0.5.0-SNAPSHOT-tests.jar:/home/user/.m2/repository/org/apache/hadoop/hadoop-hdds-container-service/0.5.0-SNAPSHOT/hadoop-hdds-container-service-0.5.0-SNAPSHOT-tests.jar:/home/user/.m2/repository/org/yaml/snakeyaml/1.16/snakeyaml-1.16.jar:/home/user/.m2/repository/org/apache/hadoop/hadoop-common/3.2.0/hadoop-common-3.2.0-tests.jar:/home/user/.m2/repository/org/apache/hadoop/hadoop-annotations/3.2.0/hadoop-annotations-3.2.0.jar:/usr/lib/jvm/java-1.8-openjdk/jre/../lib/tools.jar:/home/user/.m2/repository/commons-cli/commons-cli/1.2/commons-cli-1.2.jar:/home/user/.m2/repository/org/apache/httpcomponents/httpclient/4.5.2/httpclient-4.5.2.jar:/home/user/.m2/repository/org/apache/httpcomponents/httpcore/4.4.4/httpcore-4.4.4.jar:/home/user/.m2/repository/commons-codec/commons-codec/1.11/commons-codec-1.11.jar:/home/user/.m2/repository/commons-net/commons-net/3.6/commons-net-3.6.jar:/home/user/.m2/repository/commons-collections/commons-collections/3.2.2/commons-collections-3.2.2.jar:/home/user/.m2/repository/org/eclipse/jetty/jetty-servlet/9.3.25.v20180904/jetty-servlet-9.3.25.v20180904.jar:/home/user/.m2/repository/org/eclipse/jetty/jetty-security/9.3.25.v20180904/jetty-security-9.3.25.v20180904.jar:/home/user/.m2/repository/javax/servlet/jsp/jsp-api/2.1/jsp-api-2.1.jar:/home/user/.m2/repository/com/sun/jersey/jersey-servlet/1.19/jersey-servlet-1.19.jar:/home/user/.m2/repository/com/sun/jersey/jersey-json/1.19/jersey-json-1.19.jar:/home/user/.m2/repository/org/codehaus/jettison/jettison/1.1/jettison-1.1.jar:/home/user/.m2/repository/org/codehaus/jackson/jackson-core-asl/1.9.13/jackson-core-asl-1.9.13.jar:/home/user/.m2/repository/org/codehaus/jackson/jackson-mapper-asl/1.9.13/jackson-mapper-asl-1.9.13.jar:/home/user/.m2/repository/org/codehaus/jackson/jackson-jaxrs/1.9.13/jackson-jaxrs-1.9.13.jar:/home/user/.m2/repository/org/codehaus/jackson/jackson-xc/1.9.13/jackson-xc-1.9.13.jar:/home/user/.m2/repository/commons-logging/commons-logging/1.1.3/commons-logging-1.1.3.jar:/home/user/.m2/repository/commons-beanutils/commons-beanutils/1.9.4/commons-beanutils-1.9.4.jar:/home/user/.m2/repository/org/apache/commons/commons-configuration2/2.1.1/commons-configuration2-2.1.1.jar:/home/user/.m2/repository/org/apache/commons/commons-lang3/3.7/commons-lang3-3.7.jar:/home/user/.m2/repository/org/apache/commons/commons-text/1.4/commons-text-1.4.jar:/home/user/.m2/repository/org/apache/avro/avro/1.7.7/avro-1.7.7.jar:/home/user/.m2/repository/com/thoughtworks/paranamer/paranamer/2.3/paranamer-2.3.jar:/home/user/.m2/repository/org/xerial/snappy/snappy-java/1.0.5/snappy-java-1.0.5.jar:/home/user/.m2/repository/com/google/re2j/re2j/1.1/re2j-1.1.jar:/home/user/.m2/repository/com/google/code/gson/gson/2.2.4/gson-2.2.4.jar:/home/user/.m2/repository/com/jcraft/jsch/0.1.54/jsch-0.1.54.jar:/home/user/.m2/repository/org/apache/curator/curator-client/2.12.0/curator-client-2.12.0.jar:/home/user/.m2/repository/org/apache/curator/curator-recipes/2.12.0/curator-recipes-2.12.0.jar:/home/user/.m2/repository/com/google/code/findbugs/jsr305/3.0.0/jsr305-3.0.0.jar:/home/user/.m2/repository/org/apache/htrace/htrace-core4/4.1.0-incubating/htrace-core4-4.1.0-incubating.jar:/home/user/.m2/repository/org/apache/zookeeper/zookeeper/3.4.13/zookeeper-3.4.13.jar:/home/user/.m2/repository/jline/jline/0.9.94/jline-0.9.94.jar:/home/user/.m2/repository/org/apache/yetus/audience-annotations/0.5.0/audience-annotations-0.5.0.jar:/home/user/.m2/repository/org/codehaus/woodstox/stax2-api/3.1.4/stax2-api-3.1.4.jar:/home/user/.m2/repository/com/fasterxml/woodstox/woodstox-core/5.0.3/woodstox-core-5.0.3.jar:/home/user/.m2/repository/dnsjava/dnsjava/2.1.7/dnsjava-2.1.7.jar:/home/user/.m2/repository/org/apache/hadoop/hadoop-hdfs/3.2.0/hadoop-hdfs-3.2.0-tests.jar:/home/user/.m2/repository/org/eclipse/jetty/jetty-util-ajax/9.3.25.v20180904/jetty-util-ajax-9.3.25.v20180904.jar:/home/user/.m2/repository/commons-daemon/commons-daemon/1.0.13/commons-daemon-1.0.13.jar:/home/user/.m2/repository/io/netty/netty/3.10.5.Final/netty-3.10.5.Final.jar:/home/user/.m2/repository/io/netty/netty-all/4.0.52.Final/netty-all-4.0.52.Final.jar:/home/user/.m2/repository/org/fusesource/leveldbjni/leveldbjni-all/1.8/leveldbjni-all-1.8.jar:"/>
    <property name="sun.cpu.endian" value="little"/>
    <property name="user.home" value="/home/user"/>
    <property name="user.language" value="en"/>
    <property name="java.specification.vendor" value="Oracle Corporation"/>
    <property name="java.home" value="/usr/lib/jvm/java-1.8-openjdk/jre"/>
    <property name="java.security.krb5.conf" value="/workdir/hadoop-ozone/integration-test/target/test-classes/krb5.conf"/>
    <property name="basedir" value="/workdir/hadoop-ozone/integration-test"/>
    <property name="file.separator" value="/"/>
    <property name="line.separator" value="&#10;"/>
    <property name="java.vm.specification.vendor" value="Oracle Corporation"/>
    <property name="java.specification.name" value="Java Platform API Specification"/>
    <property name="java.awt.graphicsenv" value="sun.awt.X11GraphicsEnvironment"/>
    <property name="surefire.real.class.path" value="/workdir/hadoop-ozone/integration-test/target/surefire/surefirebooter897430753785127694.jar"/>
    <property name="hadoop.log.dir" value="/workdir/hadoop-ozone/integration-test/target/log"/>
    <property name="sun.boot.class.path" value="/usr/lib/jvm/java-1.8-openjdk/jre/lib/resources.jar:/usr/lib/jvm/java-1.8-openjdk/jre/lib/rt.jar:/usr/lib/jvm/java-1.8-openjdk/jre/lib/sunrsasign.jar:/usr/lib/jvm/java-1.8-openjdk/jre/lib/jsse.jar:/usr/lib/jvm/java-1.8-openjdk/jre/lib/jce.jar:/usr/lib/jvm/java-1.8-openjdk/jre/lib/charsets.jar:/usr/lib/jvm/java-1.8-openjdk/jre/lib/jfr.jar:/usr/lib/jvm/java-1.8-openjdk/jre/classes"/>
    <property name="sun.management.compiler" value="HotSpot 64-Bit Tiered Compilers"/>
    <property name="java.runtime.version" value="1.8.0_212-b04"/>
    <property name="java.net.preferIPv4Stack" value="true"/>
    <property name="user.name" value="jenkins1000"/>
    <property name="path.separator" value=":"/>
    <property name="java.security.egd" value="file:///dev/urandom"/>
    <property name="os.version" value="3.10.0-957.12.2.el7.x86_64"/>
    <property name="java.endorsed.dirs" value="/usr/lib/jvm/java-1.8-openjdk/jre/lib/endorsed"/>
    <property name="java.runtime.name" value="OpenJDK Runtime Environment"/>
    <property name="file.encoding" value="UTF-8"/>
    <property name="java.vm.name" value="OpenJDK 64-Bit Server VM"/>
    <property name="test.build.webapps" value=""/>
    <property name="localRepository" value="/home/user/.m2/repository"/>
    <property name="java.vendor.url.bug" value="https://icedtea.classpath.org/bugzilla"/>
    <property name="java.io.tmpdir" value="/tmp"/>
    <property name="require.test.libhadoop" value=""/>
    <property name="java.version" value="1.8.0_212"/>
    <property name="user.dir" value="/workdir/hadoop-ozone/integration-test"/>
    <property name="os.arch" value="amd64"/>
    <property name="java.vm.specification.name" value="Java Virtual Machine Specification"/>
    <property name="test.build.classes" value="/workdir/hadoop-ozone/integration-test/target/test-classes"/>
    <property name="java.awt.printerjob" value="sun.print.PSPrinterJob"/>
    <property name="sun.os.patch.level" value="unknown"/>
    <property name="hadoop.tmp.dir" value="/workdir/hadoop-ozone/integration-test/target/tmp"/>
    <property name="java.library.path" value="/usr/lib/jvm/java-1.8-openjdk/jre/lib/amd64/server:/usr/lib/jvm/java-1.8-openjdk/jre/lib/amd64:/usr/lib/jvm/java-1.8-openjdk/jre/../lib/amd64:/workdir/hadoop-ozone/integration-test/target/native/target/usr/local/lib:/workdir/hadoop-ozone/integration-test/../../hadoop-common-project/hadoop-common/target/native/target/usr/local/lib:/usr/java/packages/lib/amd64:/usr/lib64:/lib64:/lib:/usr/lib"/>
    <property name="java.vm.info" value="mixed mode"/>
    <property name="java.vendor" value="IcedTea"/>
    <property name="java.vm.version" value="25.212-b04"/>
    <property name="java.ext.dirs" value="/usr/lib/jvm/java-1.8-openjdk/jre/lib/ext:/usr/java/packages/lib/ext"/>
    <property name="sun.io.unicode.encoding" value="UnicodeLittle"/>
    <property name="java.class.version" value="52.0"/>
  </properties>
  <testcase name="org.apache.hadoop.ozone.client.rpc.TestBlockOutputStream" classname="org.apache.hadoop.ozone.client.rpc.TestBlockOutputStream" time="141.455">
    <error message="Connection refused" type="java.net.ConnectException"><![CDATA[java.net.ConnectException: Connection refused
	at sun.nio.ch.SocketChannelImpl.checkConnect(Native Method)
	at sun.nio.ch.SocketChannelImpl.finishConnect(SocketChannelImpl.java:717)
	at org.apache.hadoop.net.SocketIOWithTimeout.connect(SocketIOWithTimeout.java:206)
	at org.apache.hadoop.net.NetUtils.connect(NetUtils.java:531)
	at org.apache.hadoop.ipc.Client$Connection.setupConnection(Client.java:690)
	at org.apache.hadoop.ipc.Client$Connection.setupIOstreams(Client.java:794)
	at org.apache.hadoop.ipc.Client$Connection.access$3700(Client.java:411)
	at org.apache.hadoop.ipc.Client.getConnection(Client.java:1572)
	at org.apache.hadoop.ipc.Client.call(Client.java:1403)
	at org.apache.hadoop.ipc.Client.call(Client.java:1367)
	at org.apache.hadoop.ipc.ProtobufRpcEngine$Invoker.invoke(ProtobufRpcEngine.java:228)
	at org.apache.hadoop.ipc.ProtobufRpcEngine$Invoker.invoke(ProtobufRpcEngine.java:116)
	at com.sun.proxy.$Proxy36.submitRequest(Unknown Source)
	at sun.reflect.NativeMethodAccessorImpl.invoke0(Native Method)
	at sun.reflect.NativeMethodAccessorImpl.invoke(NativeMethodAccessorImpl.java:62)
	at sun.reflect.DelegatingMethodAccessorImpl.invoke(DelegatingMethodAccessorImpl.java:43)
	at java.lang.reflect.Method.invoke(Method.java:498)
	at org.apache.hadoop.io.retry.RetryInvocationHandler.invokeMethod(RetryInvocationHandler.java:422)
	at org.apache.hadoop.io.retry.RetryInvocationHandler$Call.invokeMethod(RetryInvocationHandler.java:165)
	at org.apache.hadoop.io.retry.RetryInvocationHandler$Call.invoke(RetryInvocationHandler.java:157)
	at org.apache.hadoop.io.retry.RetryInvocationHandler$Call.invokeOnce(RetryInvocationHandler.java:95)
	at org.apache.hadoop.io.retry.RetryInvocationHandler.invoke(RetryInvocationHandler.java:359)
	at com.sun.proxy.$Proxy36.submitRequest(Unknown Source)
	at org.apache.hadoop.ozone.om.protocolPB.OzoneManagerProtocolClientSideTranslatorPB.submitRequest(OzoneManagerProtocolClientSideTranslatorPB.java:338)
	at org.apache.hadoop.ozone.om.protocolPB.OzoneManagerProtocolClientSideTranslatorPB.getServiceInfo(OzoneManagerProtocolClientSideTranslatorPB.java:1223)
	at sun.reflect.NativeMethodAccessorImpl.invoke0(Native Method)
	at sun.reflect.NativeMethodAccessorImpl.invoke(NativeMethodAccessorImpl.java:62)
	at sun.reflect.DelegatingMethodAccessorImpl.invoke(DelegatingMethodAccessorImpl.java:43)
	at java.lang.reflect.Method.invoke(Method.java:498)
	at org.apache.hadoop.hdds.tracing.TraceAllMethod.invoke(TraceAllMethod.java:66)
	at com.sun.proxy.$Proxy37.getServiceInfo(Unknown Source)
	at org.apache.hadoop.ozone.client.rpc.RpcClient.<init>(RpcClient.java:154)
	at org.apache.hadoop.ozone.client.OzoneClientFactory.getClientProtocol(OzoneClientFactory.java:256)
	at org.apache.hadoop.ozone.client.OzoneClientFactory.getClientProtocol(OzoneClientFactory.java:239)
	at org.apache.hadoop.ozone.client.OzoneClientFactory.getClient(OzoneClientFactory.java:75)
	at org.apache.hadoop.ozone.client.rpc.TestBlockOutputStream.init(TestBlockOutputStream.java:95)
	at sun.reflect.NativeMethodAccessorImpl.invoke0(Native Method)
	at sun.reflect.NativeMethodAccessorImpl.invoke(NativeMethodAccessorImpl.java:62)
	at sun.reflect.DelegatingMethodAccessorImpl.invoke(DelegatingMethodAccessorImpl.java:43)
	at java.lang.reflect.Method.invoke(Method.java:498)
	at org.junit.runners.model.FrameworkMethod$1.runReflectiveCall(FrameworkMethod.java:47)
	at org.junit.internal.runners.model.ReflectiveCallable.run(ReflectiveCallable.java:12)
	at org.junit.runners.model.FrameworkMethod.invokeExplosively(FrameworkMethod.java:44)
	at org.junit.internal.runners.statements.RunBefores.evaluate(RunBefores.java:24)
	at org.junit.internal.runners.statements.RunAfters.evaluate(RunAfters.java:27)
	at org.junit.runners.ParentRunner.run(ParentRunner.java:309)
	at org.apache.maven.surefire.junit4.JUnit4Provider.execute(JUnit4Provider.java:365)
	at org.apache.maven.surefire.junit4.JUnit4Provider.executeWithRerun(JUnit4Provider.java:273)
	at org.apache.maven.surefire.junit4.JUnit4Provider.executeTestSet(JUnit4Provider.java:238)
	at org.apache.maven.surefire.junit4.JUnit4Provider.invoke(JUnit4Provider.java:159)
	at org.apache.maven.surefire.booter.ForkedBooter.invokeProviderInSameClassLoader(ForkedBooter.java:384)
	at org.apache.maven.surefire.booter.ForkedBooter.runSuitesInProcess(ForkedBooter.java:345)
	at org.apache.maven.surefire.booter.ForkedBooter.execute(ForkedBooter.java:126)
	at org.apache.maven.surefire.booter.ForkedBooter.main(ForkedBooter.java:418)
]]></error>
    <system-out><![CDATA[2019-09-24 23:21:03,957 [main] WARN  server.ServerUtils (ServerUtils.java:getScmDbDir(145)) - ozone.scm.db.dirs is not configured. We recommend adding this setting. Falling back to ozone.metadata.dirs instead.
2019-09-24 23:21:04,055 [main] WARN  server.ServerUtils (ServerUtils.java:getScmDbDir(145)) - ozone.scm.db.dirs is not configured. We recommend adding this setting. Falling back to ozone.metadata.dirs instead.
2019-09-24 23:21:04,058 [main] WARN  server.ServerUtils (ServerUtils.java:getScmDbDir(145)) - ozone.scm.db.dirs is not configured. We recommend adding this setting. Falling back to ozone.metadata.dirs instead.
2019-09-24 23:21:04,075 [main] INFO  util.log (Log.java:initialized(192)) - Logging initialized @878ms
2019-09-24 23:21:04,178 [main] INFO  db.DBStoreBuilder (DBStoreBuilder.java:addTable(110)) - using custom profile for table: deletedBlocks
2019-09-24 23:21:04,178 [main] INFO  db.DBStoreBuilder (DBStoreBuilder.java:processTables(161)) - Using default column profile:DBProfile.DISK for Table:deletedBlocks
2019-09-24 23:21:04,179 [main] INFO  db.DBStoreBuilder (DBStoreBuilder.java:addTable(110)) - using custom profile for table: validCerts
2019-09-24 23:21:04,179 [main] INFO  db.DBStoreBuilder (DBStoreBuilder.java:processTables(161)) - Using default column profile:DBProfile.DISK for Table:validCerts
2019-09-24 23:21:04,179 [main] INFO  db.DBStoreBuilder (DBStoreBuilder.java:addTable(110)) - using custom profile for table: revokedCerts
2019-09-24 23:21:04,179 [main] INFO  db.DBStoreBuilder (DBStoreBuilder.java:processTables(161)) - Using default column profile:DBProfile.DISK for Table:revokedCerts
2019-09-24 23:21:04,191 [main] INFO  db.DBStoreBuilder (DBStoreBuilder.java:addTable(110)) - using custom profile for table: default
2019-09-24 23:21:04,191 [main] INFO  db.DBStoreBuilder (DBStoreBuilder.java:processTables(167)) - Using default column profile:DBProfile.DISK for Table:default
2019-09-24 23:21:04,193 [main] INFO  db.DBStoreBuilder (DBStoreBuilder.java:getDbProfile(198)) - Using default options. DBProfile.DISK
2019-09-24 23:21:04,514 [main] INFO  net.NodeSchemaLoader (NodeSchemaLoader.java:loadSchemaFromFile(125)) - Loading file from sun.misc.CompoundEnumeration@a1153bc
2019-09-24 23:21:04,516 [main] INFO  net.NodeSchemaLoader (NodeSchemaLoader.java:loadSchema(171)) - Loading network topology layer schema file
2019-09-24 23:21:04,587 [main] INFO  node.SCMNodeManager (SCMNodeManager.java:<init>(114)) - Entering startup safe mode.
2019-09-24 23:21:04,662 [main] INFO  algorithms.ContainerPlacementPolicyFactory (ContainerPlacementPolicyFactory.java:getPolicy(57)) - Create container placement policy of type org.apache.hadoop.hdds.scm.container.placement.algorithms.SCMContainerPlacementRandom
2019-09-24 23:21:04,676 [main] WARN  server.ServerUtils (ServerUtils.java:getScmDbDir(145)) - ozone.scm.db.dirs is not configured. We recommend adding this setting. Falling back to ozone.metadata.dirs instead.
2019-09-24 23:21:04,758 [main] INFO  pipeline.SCMPipelineManager (SCMPipelineManager.java:initializePipelineState(132)) - No pipeline exists in current db
2019-09-24 23:21:04,761 [main] WARN  server.ServerUtils (ServerUtils.java:getScmDbDir(145)) - ozone.scm.db.dirs is not configured. We recommend adding this setting. Falling back to ozone.metadata.dirs instead.
2019-09-24 23:21:04,887 [main] WARN  events.EventQueue (EventQueue.java:fireEvent(183)) - No event handler registered for event TypedEvent{payloadType=SafeModeStatus, name='SafeModeStatus'}
2019-09-24 23:21:05,250 [main] INFO  ipc.CallQueueManager (CallQueueManager.java:<init>(84)) - Using callQueue: class java.util.concurrent.LinkedBlockingQueue, queueCapacity: 2000, scheduler: class org.apache.hadoop.ipc.DefaultRpcScheduler, ipcBackoff: false.
2019-09-24 23:21:05,278 [Socket Reader #1 for port 45718] INFO  ipc.Server (Server.java:run(1074)) - Starting Socket Reader #1 for port 45718
2019-09-24 23:21:05,435 [main] INFO  ipc.CallQueueManager (CallQueueManager.java:<init>(84)) - Using callQueue: class java.util.concurrent.LinkedBlockingQueue, queueCapacity: 2000, scheduler: class org.apache.hadoop.ipc.DefaultRpcScheduler, ipcBackoff: false.
2019-09-24 23:21:05,437 [Socket Reader #1 for port 32857] INFO  ipc.Server (Server.java:run(1074)) - Starting Socket Reader #1 for port 32857
2019-09-24 23:21:05,449 [main] INFO  ipc.CallQueueManager (CallQueueManager.java:<init>(84)) - Using callQueue: class java.util.concurrent.LinkedBlockingQueue, queueCapacity: 2000, scheduler: class org.apache.hadoop.ipc.DefaultRpcScheduler, ipcBackoff: false.
2019-09-24 23:21:05,450 [Socket Reader #1 for port 35650] INFO  ipc.Server (Server.java:run(1074)) - Starting Socket Reader #1 for port 35650
2019-09-24 23:21:05,480 [main] INFO  hdfs.DFSUtil (DFSUtil.java:httpServerTemplateForNNAndJN(1641)) - Starting Web-server for scm at: http://0.0.0.0:0
2019-09-24 23:21:05,644 [main] INFO  server.AuthenticationFilter (AuthenticationFilter.java:constructSecretProvider(240)) - Unable to initialize FileSignerSecretProvider, falling back to use random secrets.
2019-09-24 23:21:05,652 [main] WARN  http.HttpRequestLog (HttpRequestLog.java:getRequestLog(97)) - Jetty request log can only be enabled using Log4j
2019-09-24 23:21:05,659 [main] INFO  http.HttpServer2 (HttpServer2.java:addGlobalFilter(975)) - Added global filter 'safety' (class=org.apache.hadoop.http.HttpServer2$QuotingInputFilter)
2019-09-24 23:21:05,662 [main] INFO  http.HttpServer2 (HttpServer2.java:addFilter(948)) - Added filter static_user_filter (class=org.apache.hadoop.http.lib.StaticUserWebFilter$StaticUserFilter) to context scm
2019-09-24 23:21:05,662 [main] INFO  http.HttpServer2 (HttpServer2.java:addFilter(958)) - Added filter static_user_filter (class=org.apache.hadoop.http.lib.StaticUserWebFilter$StaticUserFilter) to context logs
2019-09-24 23:21:05,662 [main] INFO  http.HttpServer2 (HttpServer2.java:addFilter(958)) - Added filter static_user_filter (class=org.apache.hadoop.http.lib.StaticUserWebFilter$StaticUserFilter) to context static
2019-09-24 23:21:05,691 [main] INFO  server.StorageContainerManager (StorageContainerManager.java:start(770)) - StorageContainerLocationProtocol RPC server is listening at /0.0.0.0:35650
2019-09-24 23:21:05,748 [main] WARN  impl.MetricsConfig (MetricsConfig.java:loadFirst(134)) - Cannot locate configuration: tried hadoop-metrics2-storagecontainermanager.properties,hadoop-metrics2.properties
2019-09-24 23:21:05,761 [main] INFO  impl.MetricsSystemImpl (MetricsSystemImpl.java:startTimer(374)) - Scheduled Metric snapshot period at 10 second(s).
2019-09-24 23:21:05,761 [main] INFO  impl.MetricsSystemImpl (MetricsSystemImpl.java:start(191)) - StorageContainerManager metrics system started
2019-09-24 23:21:05,978 [main] INFO  server.SCMClientProtocolServer (SCMClientProtocolServer.java:start(151)) - RPC server for Client  is listening at /0.0.0.0:35650
2019-09-24 23:21:05,980 [IPC Server Responder] INFO  ipc.Server (Server.java:run(1314)) - IPC Server Responder: starting
2019-09-24 23:21:05,980 [IPC Server listener on 35650] INFO  ipc.Server (Server.java:run(1153)) - IPC Server listener on 35650: starting
2019-09-24 23:21:05,984 [main] INFO  server.StorageContainerManager (StorageContainerManager.java:start(780)) - ScmBlockLocationProtocol RPC server is listening at /0.0.0.0:32857
2019-09-24 23:21:05,986 [main] INFO  server.SCMBlockProtocolServer (SCMBlockProtocolServer.java:start(146)) - RPC server for Block Protocol is listening at /0.0.0.0:32857
2019-09-24 23:21:05,987 [IPC Server Responder] INFO  ipc.Server (Server.java:run(1314)) - IPC Server Responder: starting
2019-09-24 23:21:05,987 [IPC Server listener on 32857] INFO  ipc.Server (Server.java:run(1153)) - IPC Server listener on 32857: starting
2019-09-24 23:21:05,998 [main] INFO  server.StorageContainerManager (StorageContainerManager.java:start(784)) - ScmDatanodeProtocl RPC server is listening at /0.0.0.0:45718
2019-09-24 23:21:05,998 [main] INFO  server.SCMDatanodeProtocolServer (SCMDatanodeProtocolServer.java:start(191)) - RPC server for DataNodes is listening at /0.0.0.0:45718
2019-09-24 23:21:05,999 [IPC Server Responder] INFO  ipc.Server (Server.java:run(1314)) - IPC Server Responder: starting
2019-09-24 23:21:06,000 [IPC Server listener on 45718] INFO  ipc.Server (Server.java:run(1153)) - IPC Server listener on 45718: starting
2019-09-24 23:21:06,014 [main] INFO  http.HttpServer2 (HttpServer2.java:bindListener(1191)) - Jetty bound to port 36260
2019-09-24 23:21:06,016 [main] INFO  server.Server (Server.java:doStart(351)) - jetty-9.3.25.v20180904, build timestamp: 2018-09-04T21:11:46Z, git hash: 3ce520221d0240229c862b122d2b06c12a625732
2019-09-24 23:21:06,056 [main] INFO  handler.ContextHandler (ContextHandler.java:doStart(781)) - Started o.e.j.s.ServletContextHandler@732f29af{/logs,file:///workdir/hadoop-ozone/integration-test/target/log,AVAILABLE}
2019-09-24 23:21:06,057 [main] INFO  handler.ContextHandler (ContextHandler.java:doStart(781)) - Started o.e.j.s.ServletContextHandler@6622fc65{/static,file:///workdir/hadoop-ozone/integration-test/target/test-classes/webapps/static,AVAILABLE}
2019-09-24 23:21:06,088 [main] INFO  handler.ContextHandler (ContextHandler.java:doStart(781)) - Started o.e.j.w.WebAppContext@7555b920{/,file:///workdir/hadoop-ozone/integration-test/target/test-classes/webapps/scm/,AVAILABLE}{/scm}
2019-09-24 23:21:06,093 [main] INFO  server.AbstractConnector (AbstractConnector.java:doStart(278)) - Started ServerConnector@6db66836{HTTP/1.1,[http/1.1]}{0.0.0.0:36260}
2019-09-24 23:21:06,093 [main] INFO  server.Server (Server.java:doStart(419)) - Started @2896ms
2019-09-24 23:21:06,095 [main] INFO  impl.MetricsSinkAdapter (MetricsSinkAdapter.java:start(204)) - Sink prometheus started
2019-09-24 23:21:06,095 [main] INFO  impl.MetricsSystemImpl (MetricsSystemImpl.java:registerSink(301)) - Registered sink prometheus
2019-09-24 23:21:06,098 [main] INFO  server.BaseHttpServer (BaseHttpServer.java:updateConnectorAddress(215)) - HTTP server of SCM is listening at http://0.0.0.0:36260
2019-09-24 23:21:06,104 [org.apache.hadoop.util.JvmPauseMonitor$Monitor@78461bc4] INFO  util.JvmPauseMonitor (JvmPauseMonitor.java:run(188)) - Starting JVM pause monitor
2019-09-24 23:21:06,106 [main] WARN  server.ServerUtils (ServerUtils.java:getDBPath(222)) - ozone.om.db.dirs is not configured. We recommend adding this setting. Falling back to ozone.metadata.dirs instead.
2019-09-24 23:21:06,217 [main] INFO  ha.OMHANodeDetails (OMHANodeDetails.java:loadOMHAConfig(181)) - Configuration either no ozone.om.address set. Falling back to the default OM address /127.0.0.1:0
2019-09-24 23:21:06,218 [main] INFO  ha.OMHANodeDetails (OMHANodeDetails.java:getOMNodeDetails(211)) - OM Service ID is not set. Setting it to the default ID: omServiceIdDefault
2019-09-24 23:21:06,219 [main] WARN  server.ServerUtils (ServerUtils.java:getDBPath(222)) - ozone.om.db.dirs is not configured. We recommend adding this setting. Falling back to ozone.metadata.dirs instead.
2019-09-24 23:21:06,220 [main] WARN  server.ServerUtils (ServerUtils.java:getDBPath(222)) - ozone.om.db.dirs is not configured. We recommend adding this setting. Falling back to ozone.metadata.dirs instead.
2019-09-24 23:21:06,971 [main] WARN  server.ServerUtils (ServerUtils.java:getDBPath(222)) - ozone.om.db.dirs is not configured. We recommend adding this setting. Falling back to ozone.metadata.dirs instead.
2019-09-24 23:21:06,979 [main] INFO  db.DBStoreBuilder (DBStoreBuilder.java:addTable(110)) - using custom profile for table: userTable
2019-09-24 23:21:06,979 [main] INFO  db.DBStoreBuilder (DBStoreBuilder.java:processTables(161)) - Using default column profile:DBProfile.DISK for Table:userTable
2019-09-24 23:21:06,980 [main] INFO  db.DBStoreBuilder (DBStoreBuilder.java:addTable(110)) - using custom profile for table: volumeTable
2019-09-24 23:21:06,980 [main] INFO  db.DBStoreBuilder (DBStoreBuilder.java:processTables(161)) - Using default column profile:DBProfile.DISK for Table:volumeTable
2019-09-24 23:21:06,980 [main] INFO  db.DBStoreBuilder (DBStoreBuilder.java:addTable(110)) - using custom profile for table: bucketTable
2019-09-24 23:21:06,980 [main] INFO  db.DBStoreBuilder (DBStoreBuilder.java:processTables(161)) - Using default column profile:DBProfile.DISK for Table:bucketTable
2019-09-24 23:21:06,981 [main] INFO  db.DBStoreBuilder (DBStoreBuilder.java:addTable(110)) - using custom profile for table: keyTable
2019-09-24 23:21:06,981 [main] INFO  db.DBStoreBuilder (DBStoreBuilder.java:processTables(161)) - Using default column profile:DBProfile.DISK for Table:keyTable
2019-09-24 23:21:06,981 [main] INFO  db.DBStoreBuilder (DBStoreBuilder.java:addTable(110)) - using custom profile for table: deletedTable
2019-09-24 23:21:06,981 [main] INFO  db.DBStoreBuilder (DBStoreBuilder.java:processTables(161)) - Using default column profile:DBProfile.DISK for Table:deletedTable
2019-09-24 23:21:06,982 [main] INFO  db.DBStoreBuilder (DBStoreBuilder.java:addTable(110)) - using custom profile for table: openKeyTable
2019-09-24 23:21:06,982 [main] INFO  db.DBStoreBuilder (DBStoreBuilder.java:processTables(161)) - Using default column profile:DBProfile.DISK for Table:openKeyTable
2019-09-24 23:21:06,982 [main] INFO  db.DBStoreBuilder (DBStoreBuilder.java:addTable(110)) - using custom profile for table: s3Table
2019-09-24 23:21:06,982 [main] INFO  db.DBStoreBuilder (DBStoreBuilder.java:processTables(161)) - Using default column profile:DBProfile.DISK for Table:s3Table
2019-09-24 23:21:06,983 [main] INFO  db.DBStoreBuilder (DBStoreBuilder.java:addTable(110)) - using custom profile for table: multipartInfoTable
2019-09-24 23:21:06,983 [main] INFO  db.DBStoreBuilder (DBStoreBuilder.java:processTables(161)) - Using default column profile:DBProfile.DISK for Table:multipartInfoTable
2019-09-24 23:21:06,983 [main] INFO  db.DBStoreBuilder (DBStoreBuilder.java:addTable(110)) - using custom profile for table: dTokenTable
2019-09-24 23:21:06,983 [main] INFO  db.DBStoreBuilder (DBStoreBuilder.java:processTables(161)) - Using default column profile:DBProfile.DISK for Table:dTokenTable
2019-09-24 23:21:06,984 [main] INFO  db.DBStoreBuilder (DBStoreBuilder.java:addTable(110)) - using custom profile for table: s3SecretTable
2019-09-24 23:21:06,984 [main] INFO  db.DBStoreBuilder (DBStoreBuilder.java:processTables(161)) - Using default column profile:DBProfile.DISK for Table:s3SecretTable
2019-09-24 23:21:06,984 [main] INFO  db.DBStoreBuilder (DBStoreBuilder.java:addTable(110)) - using custom profile for table: prefixTable
2019-09-24 23:21:06,984 [main] INFO  db.DBStoreBuilder (DBStoreBuilder.java:processTables(161)) - Using default column profile:DBProfile.DISK for Table:prefixTable
2019-09-24 23:21:06,985 [main] INFO  db.DBStoreBuilder (DBStoreBuilder.java:addTable(110)) - using custom profile for table: default
2019-09-24 23:21:06,985 [main] INFO  db.DBStoreBuilder (DBStoreBuilder.java:processTables(167)) - Using default column profile:DBProfile.DISK for Table:default
2019-09-24 23:21:06,985 [main] INFO  db.DBStoreBuilder (DBStoreBuilder.java:getDbProfile(198)) - Using default options. DBProfile.DISK
2019-09-24 23:21:07,431 [main] INFO  ipc.CallQueueManager (CallQueueManager.java:<init>(84)) - Using callQueue: class java.util.concurrent.LinkedBlockingQueue, queueCapacity: 2000, scheduler: class org.apache.hadoop.ipc.DefaultRpcScheduler, ipcBackoff: false.
2019-09-24 23:21:07,432 [Socket Reader #1 for port 39269] INFO  ipc.Server (Server.java:run(1074)) - Starting Socket Reader #1 for port 39269
2019-09-24 23:21:07,456 [main] INFO  om.OzoneManager (OzoneManager.java:start(1069)) - OzoneManager RPC server is listening at localhost/127.0.0.1:39269
2019-09-24 23:21:07,456 [main] INFO  impl.MetricsSystemImpl (MetricsSystemImpl.java:init(158)) - OzoneManager metrics system started (again)
2019-09-24 23:21:07,458 [IPC Server Responder] INFO  ipc.Server (Server.java:run(1314)) - IPC Server Responder: starting
2019-09-24 23:21:07,459 [IPC Server listener on 39269] INFO  ipc.Server (Server.java:run(1153)) - IPC Server listener on 39269: starting
2019-09-24 23:21:07,475 [main] INFO  hdfs.DFSUtil (DFSUtil.java:httpServerTemplateForNNAndJN(1641)) - Starting Web-server for ozoneManager at: http://0.0.0.0:0
2019-09-24 23:21:07,478 [main] INFO  server.AuthenticationFilter (AuthenticationFilter.java:constructSecretProvider(240)) - Unable to initialize FileSignerSecretProvider, falling back to use random secrets.
2019-09-24 23:21:07,479 [main] WARN  http.HttpRequestLog (HttpRequestLog.java:getRequestLog(97)) - Jetty request log can only be enabled using Log4j
2019-09-24 23:21:07,482 [main] INFO  http.HttpServer2 (HttpServer2.java:addGlobalFilter(975)) - Added global filter 'safety' (class=org.apache.hadoop.http.HttpServer2$QuotingInputFilter)
2019-09-24 23:21:07,484 [main] INFO  http.HttpServer2 (HttpServer2.java:addFilter(948)) - Added filter static_user_filter (class=org.apache.hadoop.http.lib.StaticUserWebFilter$StaticUserFilter) to context ozoneManager
2019-09-24 23:21:07,485 [main] INFO  http.HttpServer2 (HttpServer2.java:addFilter(958)) - Added filter static_user_filter (class=org.apache.hadoop.http.lib.StaticUserWebFilter$StaticUserFilter) to context static
2019-09-24 23:21:07,485 [main] INFO  http.HttpServer2 (HttpServer2.java:addFilter(958)) - Added filter static_user_filter (class=org.apache.hadoop.http.lib.StaticUserWebFilter$StaticUserFilter) to context logs
2019-09-24 23:21:07,488 [main] INFO  http.HttpServer2 (HttpServer2.java:bindListener(1191)) - Jetty bound to port 33716
2019-09-24 23:21:07,488 [main] INFO  server.Server (Server.java:doStart(351)) - jetty-9.3.25.v20180904, build timestamp: 2018-09-04T21:11:46Z, git hash: 3ce520221d0240229c862b122d2b06c12a625732
2019-09-24 23:21:07,491 [main] INFO  handler.ContextHandler (ContextHandler.java:doStart(781)) - Started o.e.j.s.ServletContextHandler@67dba613{/logs,file:///workdir/hadoop-ozone/integration-test/target/log,AVAILABLE}
2019-09-24 23:21:07,492 [main] INFO  handler.ContextHandler (ContextHandler.java:doStart(781)) - Started o.e.j.s.ServletContextHandler@5cf8edcf{/static,file:///workdir/hadoop-ozone/integration-test/target/test-classes/webapps/static,AVAILABLE}
2019-09-24 23:21:07,499 [main] INFO  handler.ContextHandler (ContextHandler.java:doStart(781)) - Started o.e.j.w.WebAppContext@22d1886d{/,file:///workdir/hadoop-ozone/integration-test/target/test-classes/webapps/ozoneManager/,AVAILABLE}{/ozoneManager}
2019-09-24 23:21:07,501 [main] INFO  server.AbstractConnector (AbstractConnector.java:doStart(278)) - Started ServerConnector@7df60067{HTTP/1.1,[http/1.1]}{0.0.0.0:33716}
2019-09-24 23:21:07,502 [main] INFO  server.Server (Server.java:doStart(419)) - Started @4305ms
2019-09-24 23:21:07,503 [main] WARN  impl.MetricsSystemImpl (MetricsSystemImpl.java:register(276)) - Sink prometheus already exists!
2019-09-24 23:21:07,504 [main] INFO  server.BaseHttpServer (BaseHttpServer.java:updateConnectorAddress(215)) - HTTP server of OZONEMANAGER is listening at http://0.0.0.0:33716
2019-09-24 23:21:07,848 [main] INFO  impl.MetricsSystemImpl (MetricsSystemImpl.java:init(158)) - HddsDatanode metrics system started (again)
2019-09-24 23:21:07,903 [main] INFO  ozone.HddsDatanodeService (HddsDatanodeService.java:start(184)) - HddsDatanodeService host:pr-hdds-2162-v2v4x-1150571016 ip:192.168.151.66
2019-09-24 23:21:07,939 [main] INFO  volume.HddsVolume (HddsVolume.java:<init>(176)) - Creating Volume: /workdir/hadoop-ozone/integration-test/target/test-dir/MiniOzoneClusterImpl-8c4156f6-ba4f-4261-a5fa-d2631acace6e/datanode-0/data/containers/hdds of  storage type : DISK and capacity : 1482555576320
2019-09-24 23:21:07,941 [main] INFO  volume.VolumeSet (VolumeSet.java:initializeVolumeSet(170)) - Added Volume : /workdir/hadoop-ozone/integration-test/target/test-dir/MiniOzoneClusterImpl-8c4156f6-ba4f-4261-a5fa-d2631acace6e/datanode-0/data/containers/hdds to VolumeSet
2019-09-24 23:21:07,944 [main] INFO  volume.ThrottledAsyncChecker (ThrottledAsyncChecker.java:schedule(139)) - Scheduling a check for org.apache.hadoop.ozone.container.common.volume.HddsVolume@5411dd90
2019-09-24 23:21:07,962 [main] INFO  volume.HddsVolumeChecker (HddsVolumeChecker.java:checkAllVolumes(202)) - Scheduled health check for volume org.apache.hadoop.ozone.container.common.volume.HddsVolume@5411dd90
2019-09-24 23:21:08,067 [main] INFO  impl.RaftServerProxy (ConfUtils.java:logGet(43)) - raft.rpc.type = GRPC (default)
2019-09-24 23:21:08,148 [main] INFO  grpc.GrpcFactory (GrpcFactory.java:checkPooledByteBufAllocatorUseCacheForAllThreads(45)) - PERFORMANCE WARNING: useCacheForAllThreads is true that may cause Netty to create a lot garbage objects and, as a result, trigger GC.
	It is recommended to disable useCacheForAllThreads by setting -Dorg.apache.ratis.thirdparty.io.netty.allocator.useCacheForAllThreads=false in command line.
2019-09-24 23:21:08,156 [main] INFO  grpc.GrpcConfigKeys$Server (ConfUtils.java:logGet(43)) - raft.grpc.server.port = 0 (default)
2019-09-24 23:21:08,157 [main] INFO  server.GrpcService (ConfUtils.java:logGet(43)) - raft.grpc.message.size.max = 33570816 (custom)
2019-09-24 23:21:08,159 [main] INFO  server.RaftServerConfigKeys (ConfUtils.java:logGet(43)) - raft.server.log.appender.buffer.byte-limit = 33554432 (custom)
2019-09-24 23:21:08,160 [main] INFO  server.GrpcService (ConfUtils.java:logGet(43)) - raft.grpc.flow.control.window = 1MB (=1048576) (default)
2019-09-24 23:21:08,161 [main] INFO  server.RaftServerConfigKeys (ConfUtils.java:logGet(43)) - raft.server.rpc.request.timeout = 3000ms (default)
2019-09-24 23:21:08,332 [main] INFO  server.RaftServerConfigKeys (ConfUtils.java:logGet(43)) - raft.server.storage.dir = [/workdir/hadoop-ozone/integration-test/target/test-dir/MiniOzoneClusterImpl-8c4156f6-ba4f-4261-a5fa-d2631acace6e/datanode-0/data/ratis] (custom)
2019-09-24 23:21:08,387 [main] INFO  hdfs.DFSUtil (DFSUtil.java:httpServerTemplateForNNAndJN(1641)) - Starting Web-server for hddsDatanode at: http://0.0.0.0:0
2019-09-24 23:21:08,390 [main] INFO  server.AuthenticationFilter (AuthenticationFilter.java:constructSecretProvider(240)) - Unable to initialize FileSignerSecretProvider, falling back to use random secrets.
2019-09-24 23:21:08,392 [main] WARN  http.HttpRequestLog (HttpRequestLog.java:getRequestLog(97)) - Jetty request log can only be enabled using Log4j
2019-09-24 23:21:08,395 [main] INFO  http.HttpServer2 (HttpServer2.java:addGlobalFilter(975)) - Added global filter 'safety' (class=org.apache.hadoop.http.HttpServer2$QuotingInputFilter)
2019-09-24 23:21:08,396 [main] INFO  http.HttpServer2 (HttpServer2.java:addFilter(948)) - Added filter static_user_filter (class=org.apache.hadoop.http.lib.StaticUserWebFilter$StaticUserFilter) to context hddsDatanode
2019-09-24 23:21:08,396 [main] INFO  http.HttpServer2 (HttpServer2.java:addFilter(958)) - Added filter static_user_filter (class=org.apache.hadoop.http.lib.StaticUserWebFilter$StaticUserFilter) to context logs
2019-09-24 23:21:08,396 [main] INFO  http.HttpServer2 (HttpServer2.java:addFilter(958)) - Added filter static_user_filter (class=org.apache.hadoop.http.lib.StaticUserWebFilter$StaticUserFilter) to context static
2019-09-24 23:21:08,399 [main] INFO  http.HttpServer2 (HttpServer2.java:bindListener(1191)) - Jetty bound to port 37829
2019-09-24 23:21:08,400 [main] INFO  server.Server (Server.java:doStart(351)) - jetty-9.3.25.v20180904, build timestamp: 2018-09-04T21:11:46Z, git hash: 3ce520221d0240229c862b122d2b06c12a625732
2019-09-24 23:21:08,407 [main] INFO  handler.ContextHandler (ContextHandler.java:doStart(781)) - Started o.e.j.s.ServletContextHandler@6d1dcdff{/logs,file:///workdir/hadoop-ozone/integration-test/target/log,AVAILABLE}
2019-09-24 23:21:08,409 [main] INFO  handler.ContextHandler (ContextHandler.java:doStart(781)) - Started o.e.j.s.ServletContextHandler@7ff35a3f{/static,jar:file:/home/user/.m2/repository/org/apache/hadoop/hadoop-hdds-container-service/0.5.0-SNAPSHOT/hadoop-hdds-container-service-0.5.0-SNAPSHOT.jar!/webapps/static,AVAILABLE}
2019-09-24 23:21:08,477 [main] INFO  handler.ContextHandler (ContextHandler.java:doStart(781)) - Started o.e.j.w.WebAppContext@a66e580{/,file:///tmp/jetty-0.0.0.0-37829-hddsDatanode-_-any-6436406599057283015.dir/webapp/,AVAILABLE}{/hddsDatanode}
2019-09-24 23:21:08,479 [main] INFO  server.AbstractConnector (AbstractConnector.java:doStart(278)) - Started ServerConnector@5b852b49{HTTP/1.1,[http/1.1]}{0.0.0.0:37829}
2019-09-24 23:21:08,481 [main] INFO  server.Server (Server.java:doStart(419)) - Started @5284ms
2019-09-24 23:21:08,481 [main] WARN  impl.MetricsSystemImpl (MetricsSystemImpl.java:register(276)) - Sink prometheus already exists!
2019-09-24 23:21:08,483 [main] INFO  server.BaseHttpServer (BaseHttpServer.java:updateConnectorAddress(215)) - HTTP server of HDDSDATANODE is listening at http://0.0.0.0:37829
2019-09-24 23:21:08,484 [main] INFO  impl.MetricsSystemImpl (MetricsSystemImpl.java:init(158)) - HddsDatanode metrics system started (again)
2019-09-24 23:21:08,491 [org.apache.hadoop.util.JvmPauseMonitor$Monitor@4b805390] INFO  util.JvmPauseMonitor (JvmPauseMonitor.java:run(188)) - Starting JVM pause monitor
2019-09-24 23:21:08,491 [main] INFO  ozone.HddsDatanodeService (HddsDatanodeService.java:start(184)) - HddsDatanodeService host:pr-hdds-2162-v2v4x-1150571016 ip:192.168.151.66
2019-09-24 23:21:08,503 [main] INFO  volume.HddsVolume (HddsVolume.java:<init>(176)) - Creating Volume: /workdir/hadoop-ozone/integration-test/target/test-dir/MiniOzoneClusterImpl-8c4156f6-ba4f-4261-a5fa-d2631acace6e/datanode-1/data/containers/hdds of  storage type : DISK and capacity : 1482555576320
2019-09-24 23:21:08,504 [main] INFO  volume.VolumeSet (VolumeSet.java:initializeVolumeSet(170)) - Added Volume : /workdir/hadoop-ozone/integration-test/target/test-dir/MiniOzoneClusterImpl-8c4156f6-ba4f-4261-a5fa-d2631acace6e/datanode-1/data/containers/hdds to VolumeSet
2019-09-24 23:21:08,505 [main] INFO  volume.ThrottledAsyncChecker (ThrottledAsyncChecker.java:schedule(139)) - Scheduling a check for org.apache.hadoop.ozone.container.common.volume.HddsVolume@5bc28f40
2019-09-24 23:21:08,505 [main] INFO  volume.HddsVolumeChecker (HddsVolumeChecker.java:checkAllVolumes(202)) - Scheduled health check for volume org.apache.hadoop.ozone.container.common.volume.HddsVolume@5bc28f40
2019-09-24 23:21:08,525 [main] INFO  impl.RaftServerProxy (ConfUtils.java:logGet(43)) - raft.rpc.type = GRPC (default)
2019-09-24 23:21:08,525 [main] INFO  grpc.GrpcFactory (GrpcFactory.java:checkPooledByteBufAllocatorUseCacheForAllThreads(45)) - PERFORMANCE WARNING: useCacheForAllThreads is true that may cause Netty to create a lot garbage objects and, as a result, trigger GC.
	It is recommended to disable useCacheForAllThreads by setting -Dorg.apache.ratis.thirdparty.io.netty.allocator.useCacheForAllThreads=false in command line.
2019-09-24 23:21:08,526 [main] INFO  grpc.GrpcConfigKeys$Server (ConfUtils.java:logGet(43)) - raft.grpc.server.port = 0 (default)
2019-09-24 23:21:08,526 [main] INFO  server.GrpcService (ConfUtils.java:logGet(43)) - raft.grpc.message.size.max = 33570816 (custom)
2019-09-24 23:21:08,526 [main] INFO  server.RaftServerConfigKeys (ConfUtils.java:logGet(43)) - raft.server.log.appender.buffer.byte-limit = 33554432 (custom)
2019-09-24 23:21:08,527 [main] INFO  server.GrpcService (ConfUtils.java:logGet(43)) - raft.grpc.flow.control.window = 1MB (=1048576) (default)
2019-09-24 23:21:08,527 [main] INFO  server.RaftServerConfigKeys (ConfUtils.java:logGet(43)) - raft.server.rpc.request.timeout = 3000ms (default)
2019-09-24 23:21:08,528 [main] INFO  server.RaftServerConfigKeys (ConfUtils.java:logGet(43)) - raft.server.storage.dir = [/workdir/hadoop-ozone/integration-test/target/test-dir/MiniOzoneClusterImpl-8c4156f6-ba4f-4261-a5fa-d2631acace6e/datanode-1/data/ratis] (custom)
2019-09-24 23:21:08,530 [main] INFO  hdfs.DFSUtil (DFSUtil.java:httpServerTemplateForNNAndJN(1641)) - Starting Web-server for hddsDatanode at: http://0.0.0.0:0
2019-09-24 23:21:08,532 [main] INFO  server.AuthenticationFilter (AuthenticationFilter.java:constructSecretProvider(240)) - Unable to initialize FileSignerSecretProvider, falling back to use random secrets.
2019-09-24 23:21:08,533 [main] WARN  http.HttpRequestLog (HttpRequestLog.java:getRequestLog(97)) - Jetty request log can only be enabled using Log4j
2019-09-24 23:21:08,535 [main] INFO  http.HttpServer2 (HttpServer2.java:addGlobalFilter(975)) - Added global filter 'safety' (class=org.apache.hadoop.http.HttpServer2$QuotingInputFilter)
2019-09-24 23:21:08,536 [main] INFO  http.HttpServer2 (HttpServer2.java:addFilter(948)) - Added filter static_user_filter (class=org.apache.hadoop.http.lib.StaticUserWebFilter$StaticUserFilter) to context hddsDatanode
2019-09-24 23:21:08,536 [main] INFO  http.HttpServer2 (HttpServer2.java:addFilter(958)) - Added filter static_user_filter (class=org.apache.hadoop.http.lib.StaticUserWebFilter$StaticUserFilter) to context static
2019-09-24 23:21:08,537 [main] INFO  http.HttpServer2 (HttpServer2.java:addFilter(958)) - Added filter static_user_filter (class=org.apache.hadoop.http.lib.StaticUserWebFilter$StaticUserFilter) to context logs
2019-09-24 23:21:08,537 [main] INFO  http.HttpServer2 (HttpServer2.java:bindListener(1191)) - Jetty bound to port 46527
2019-09-24 23:21:08,538 [main] INFO  server.Server (Server.java:doStart(351)) - jetty-9.3.25.v20180904, build timestamp: 2018-09-04T21:11:46Z, git hash: 3ce520221d0240229c862b122d2b06c12a625732
2019-09-24 23:21:08,541 [main] INFO  handler.ContextHandler (ContextHandler.java:doStart(781)) - Started o.e.j.s.ServletContextHandler@6cd64ee8{/logs,file:///workdir/hadoop-ozone/integration-test/target/log,AVAILABLE}
2019-09-24 23:21:08,542 [main] INFO  handler.ContextHandler (ContextHandler.java:doStart(781)) - Started o.e.j.s.ServletContextHandler@2f1d0bbc{/static,jar:file:/home/user/.m2/repository/org/apache/hadoop/hadoop-hdds-container-service/0.5.0-SNAPSHOT/hadoop-hdds-container-service-0.5.0-SNAPSHOT.jar!/webapps/static,AVAILABLE}
2019-09-24 23:21:08,575 [main] INFO  handler.ContextHandler (ContextHandler.java:doStart(781)) - Started o.e.j.w.WebAppContext@59072e9d{/,file:///tmp/jetty-0.0.0.0-46527-hddsDatanode-_-any-4638383903025024454.dir/webapp/,AVAILABLE}{/hddsDatanode}
2019-09-24 23:21:08,576 [main] INFO  server.AbstractConnector (AbstractConnector.java:doStart(278)) - Started ServerConnector@58472096{HTTP/1.1,[http/1.1]}{0.0.0.0:46527}
2019-09-24 23:21:08,578 [main] INFO  server.Server (Server.java:doStart(419)) - Started @5381ms
2019-09-24 23:21:08,578 [main] WARN  impl.MetricsSystemImpl (MetricsSystemImpl.java:register(276)) - Sink prometheus already exists!
2019-09-24 23:21:08,579 [main] INFO  server.BaseHttpServer (BaseHttpServer.java:updateConnectorAddress(215)) - HTTP server of HDDSDATANODE is listening at http://0.0.0.0:46527
2019-09-24 23:21:08,579 [main] INFO  impl.MetricsSystemImpl (MetricsSystemImpl.java:init(158)) - HddsDatanode metrics system started (again)
2019-09-24 23:21:08,583 [org.apache.hadoop.util.JvmPauseMonitor$Monitor@ebf160c] INFO  util.JvmPauseMonitor (JvmPauseMonitor.java:run(188)) - Starting JVM pause monitor
2019-09-24 23:21:08,583 [main] INFO  ozone.HddsDatanodeService (HddsDatanodeService.java:start(184)) - HddsDatanodeService host:pr-hdds-2162-v2v4x-1150571016 ip:192.168.151.66
2019-09-24 23:21:08,592 [main] INFO  volume.HddsVolume (HddsVolume.java:<init>(176)) - Creating Volume: /workdir/hadoop-ozone/integration-test/target/test-dir/MiniOzoneClusterImpl-8c4156f6-ba4f-4261-a5fa-d2631acace6e/datanode-2/data/containers/hdds of  storage type : DISK and capacity : 1482555576320
2019-09-24 23:21:08,592 [main] INFO  volume.VolumeSet (VolumeSet.java:initializeVolumeSet(170)) - Added Volume : /workdir/hadoop-ozone/integration-test/target/test-dir/MiniOzoneClusterImpl-8c4156f6-ba4f-4261-a5fa-d2631acace6e/datanode-2/data/containers/hdds to VolumeSet
2019-09-24 23:21:08,592 [main] INFO  volume.ThrottledAsyncChecker (ThrottledAsyncChecker.java:schedule(139)) - Scheduling a check for org.apache.hadoop.ozone.container.common.volume.HddsVolume@6cc86152
2019-09-24 23:21:08,593 [main] INFO  volume.HddsVolumeChecker (HddsVolumeChecker.java:checkAllVolumes(202)) - Scheduled health check for volume org.apache.hadoop.ozone.container.common.volume.HddsVolume@6cc86152
2019-09-24 23:21:08,606 [main] INFO  impl.RaftServerProxy (ConfUtils.java:logGet(43)) - raft.rpc.type = GRPC (default)
2019-09-24 23:21:08,606 [main] INFO  grpc.GrpcFactory (GrpcFactory.java:checkPooledByteBufAllocatorUseCacheForAllThreads(45)) - PERFORMANCE WARNING: useCacheForAllThreads is true that may cause Netty to create a lot garbage objects and, as a result, trigger GC.
	It is recommended to disable useCacheForAllThreads by setting -Dorg.apache.ratis.thirdparty.io.netty.allocator.useCacheForAllThreads=false in command line.
2019-09-24 23:21:08,607 [main] INFO  grpc.GrpcConfigKeys$Server (ConfUtils.java:logGet(43)) - raft.grpc.server.port = 0 (default)
2019-09-24 23:21:08,607 [main] INFO  server.GrpcService (ConfUtils.java:logGet(43)) - raft.grpc.message.size.max = 33570816 (custom)
2019-09-24 23:21:08,607 [main] INFO  server.RaftServerConfigKeys (ConfUtils.java:logGet(43)) - raft.server.log.appender.buffer.byte-limit = 33554432 (custom)
2019-09-24 23:21:08,607 [main] INFO  server.GrpcService (ConfUtils.java:logGet(43)) - raft.grpc.flow.control.window = 1MB (=1048576) (default)
2019-09-24 23:21:08,608 [main] INFO  server.RaftServerConfigKeys (ConfUtils.java:logGet(43)) - raft.server.rpc.request.timeout = 3000ms (default)
2019-09-24 23:21:08,608 [main] INFO  server.RaftServerConfigKeys (ConfUtils.java:logGet(43)) - raft.server.storage.dir = [/workdir/hadoop-ozone/integration-test/target/test-dir/MiniOzoneClusterImpl-8c4156f6-ba4f-4261-a5fa-d2631acace6e/datanode-2/data/ratis] (custom)
2019-09-24 23:21:08,610 [main] INFO  hdfs.DFSUtil (DFSUtil.java:httpServerTemplateForNNAndJN(1641)) - Starting Web-server for hddsDatanode at: http://0.0.0.0:0
2019-09-24 23:21:08,611 [main] INFO  server.AuthenticationFilter (AuthenticationFilter.java:constructSecretProvider(240)) - Unable to initialize FileSignerSecretProvider, falling back to use random secrets.
2019-09-24 23:21:08,612 [main] WARN  http.HttpRequestLog (HttpRequestLog.java:getRequestLog(97)) - Jetty request log can only be enabled using Log4j
2019-09-24 23:21:08,613 [main] INFO  http.HttpServer2 (HttpServer2.java:addGlobalFilter(975)) - Added global filter 'safety' (class=org.apache.hadoop.http.HttpServer2$QuotingInputFilter)
2019-09-24 23:21:08,614 [main] INFO  http.HttpServer2 (HttpServer2.java:addFilter(948)) - Added filter static_user_filter (class=org.apache.hadoop.http.lib.StaticUserWebFilter$StaticUserFilter) to context hddsDatanode
2019-09-24 23:21:08,614 [main] INFO  http.HttpServer2 (HttpServer2.java:addFilter(958)) - Added filter static_user_filter (class=org.apache.hadoop.http.lib.StaticUserWebFilter$StaticUserFilter) to context logs
2019-09-24 23:21:08,614 [main] INFO  http.HttpServer2 (HttpServer2.java:addFilter(958)) - Added filter static_user_filter (class=org.apache.hadoop.http.lib.StaticUserWebFilter$StaticUserFilter) to context static
2019-09-24 23:21:08,615 [main] INFO  http.HttpServer2 (HttpServer2.java:bindListener(1191)) - Jetty bound to port 36974
2019-09-24 23:21:08,615 [main] INFO  server.Server (Server.java:doStart(351)) - jetty-9.3.25.v20180904, build timestamp: 2018-09-04T21:11:46Z, git hash: 3ce520221d0240229c862b122d2b06c12a625732
2019-09-24 23:21:08,617 [main] INFO  handler.ContextHandler (ContextHandler.java:doStart(781)) - Started o.e.j.s.ServletContextHandler@77b919a3{/logs,file:///workdir/hadoop-ozone/integration-test/target/log,AVAILABLE}
2019-09-24 23:21:08,618 [main] INFO  handler.ContextHandler (ContextHandler.java:doStart(781)) - Started o.e.j.s.ServletContextHandler@36681447{/static,jar:file:/home/user/.m2/repository/org/apache/hadoop/hadoop-hdds-container-service/0.5.0-SNAPSHOT/hadoop-hdds-container-service-0.5.0-SNAPSHOT.jar!/webapps/static,AVAILABLE}
2019-09-24 23:21:08,644 [Datanode State Machine Thread - 0] INFO  datanode.InitDatanodeState (InitDatanodeState.java:persistContainerDatanodeDetails(140)) - DatanodeDetails is persisted to /workdir/hadoop-ozone/integration-test/target/test-dir/MiniOzoneClusterImpl-8c4156f6-ba4f-4261-a5fa-d2631acace6e/datanode-0/meta/datanode.id
2019-09-24 23:21:08,650 [Datanode State Machine Thread - 0] INFO  datanode.InitDatanodeState (InitDatanodeState.java:persistContainerDatanodeDetails(140)) - DatanodeDetails is persisted to /workdir/hadoop-ozone/integration-test/target/test-dir/MiniOzoneClusterImpl-8c4156f6-ba4f-4261-a5fa-d2631acace6e/datanode-1/meta/datanode.id
2019-09-24 23:21:08,651 [main] INFO  handler.ContextHandler (ContextHandler.java:doStart(781)) - Started o.e.j.w.WebAppContext@12e0f1cb{/,file:///tmp/jetty-0.0.0.0-36974-hddsDatanode-_-any-2183177685304799062.dir/webapp/,AVAILABLE}{/hddsDatanode}
2019-09-24 23:21:08,651 [main] INFO  server.AbstractConnector (AbstractConnector.java:doStart(278)) - Started ServerConnector@4a163575{HTTP/1.1,[http/1.1]}{0.0.0.0:36974}
2019-09-24 23:21:08,652 [main] INFO  server.Server (Server.java:doStart(419)) - Started @5455ms
2019-09-24 23:21:08,653 [main] WARN  impl.MetricsSystemImpl (MetricsSystemImpl.java:register(276)) - Sink prometheus already exists!
2019-09-24 23:21:08,654 [main] INFO  server.BaseHttpServer (BaseHttpServer.java:updateConnectorAddress(215)) - HTTP server of HDDSDATANODE is listening at http://0.0.0.0:36974
2019-09-24 23:21:08,654 [main] INFO  impl.MetricsSystemImpl (MetricsSystemImpl.java:init(158)) - HddsDatanode metrics system started (again)
2019-09-24 23:21:08,657 [main] INFO  ozone.HddsDatanodeService (HddsDatanodeService.java:start(184)) - HddsDatanodeService host:pr-hdds-2162-v2v4x-1150571016 ip:192.168.151.66
2019-09-24 23:21:08,658 [org.apache.hadoop.util.JvmPauseMonitor$Monitor@3adbe250] INFO  util.JvmPauseMonitor (JvmPauseMonitor.java:run(188)) - Starting JVM pause monitor
2019-09-24 23:21:08,661 [Datanode State Machine Thread - 0] INFO  datanode.InitDatanodeState (InitDatanodeState.java:persistContainerDatanodeDetails(140)) - DatanodeDetails is persisted to /workdir/hadoop-ozone/integration-test/target/test-dir/MiniOzoneClusterImpl-8c4156f6-ba4f-4261-a5fa-d2631acace6e/datanode-2/meta/datanode.id
2019-09-24 23:21:08,665 [main] INFO  volume.HddsVolume (HddsVolume.java:<init>(176)) - Creating Volume: /workdir/hadoop-ozone/integration-test/target/test-dir/MiniOzoneClusterImpl-8c4156f6-ba4f-4261-a5fa-d2631acace6e/datanode-3/data/containers/hdds of  storage type : DISK and capacity : 1482555576320
2019-09-24 23:21:08,666 [main] INFO  volume.VolumeSet (VolumeSet.java:initializeVolumeSet(170)) - Added Volume : /workdir/hadoop-ozone/integration-test/target/test-dir/MiniOzoneClusterImpl-8c4156f6-ba4f-4261-a5fa-d2631acace6e/datanode-3/data/containers/hdds to VolumeSet
2019-09-24 23:21:08,666 [main] INFO  volume.ThrottledAsyncChecker (ThrottledAsyncChecker.java:schedule(139)) - Scheduling a check for org.apache.hadoop.ozone.container.common.volume.HddsVolume@4613311f
2019-09-24 23:21:08,667 [main] INFO  volume.HddsVolumeChecker (HddsVolumeChecker.java:checkAllVolumes(202)) - Scheduled health check for volume org.apache.hadoop.ozone.container.common.volume.HddsVolume@4613311f
2019-09-24 23:21:08,679 [main] INFO  impl.RaftServerProxy (ConfUtils.java:logGet(43)) - raft.rpc.type = GRPC (default)
2019-09-24 23:21:08,679 [main] INFO  grpc.GrpcFactory (GrpcFactory.java:checkPooledByteBufAllocatorUseCacheForAllThreads(45)) - PERFORMANCE WARNING: useCacheForAllThreads is true that may cause Netty to create a lot garbage objects and, as a result, trigger GC.
	It is recommended to disable useCacheForAllThreads by setting -Dorg.apache.ratis.thirdparty.io.netty.allocator.useCacheForAllThreads=false in command line.
2019-09-24 23:21:08,679 [main] INFO  grpc.GrpcConfigKeys$Server (ConfUtils.java:logGet(43)) - raft.grpc.server.port = 0 (default)
2019-09-24 23:21:08,680 [main] INFO  server.GrpcService (ConfUtils.java:logGet(43)) - raft.grpc.message.size.max = 33570816 (custom)
2019-09-24 23:21:08,680 [main] INFO  server.RaftServerConfigKeys (ConfUtils.java:logGet(43)) - raft.server.log.appender.buffer.byte-limit = 33554432 (custom)
2019-09-24 23:21:08,680 [main] INFO  server.GrpcService (ConfUtils.java:logGet(43)) - raft.grpc.flow.control.window = 1MB (=1048576) (default)
2019-09-24 23:21:08,680 [main] INFO  server.RaftServerConfigKeys (ConfUtils.java:logGet(43)) - raft.server.rpc.request.timeout = 3000ms (default)
2019-09-24 23:21:08,681 [main] INFO  server.RaftServerConfigKeys (ConfUtils.java:logGet(43)) - raft.server.storage.dir = [/workdir/hadoop-ozone/integration-test/target/test-dir/MiniOzoneClusterImpl-8c4156f6-ba4f-4261-a5fa-d2631acace6e/datanode-3/data/ratis] (custom)
2019-09-24 23:21:08,682 [main] INFO  hdfs.DFSUtil (DFSUtil.java:httpServerTemplateForNNAndJN(1641)) - Starting Web-server for hddsDatanode at: http://0.0.0.0:0
2019-09-24 23:21:08,683 [main] INFO  server.AuthenticationFilter (AuthenticationFilter.java:constructSecretProvider(240)) - Unable to initialize FileSignerSecretProvider, falling back to use random secrets.
2019-09-24 23:21:08,684 [main] WARN  http.HttpRequestLog (HttpRequestLog.java:getRequestLog(97)) - Jetty request log can only be enabled using Log4j
2019-09-24 23:21:08,685 [main] INFO  http.HttpServer2 (HttpServer2.java:addGlobalFilter(975)) - Added global filter 'safety' (class=org.apache.hadoop.http.HttpServer2$QuotingInputFilter)
2019-09-24 23:21:08,686 [main] INFO  http.HttpServer2 (HttpServer2.java:addFilter(948)) - Added filter static_user_filter (class=org.apache.hadoop.http.lib.StaticUserWebFilter$StaticUserFilter) to context hddsDatanode
2019-09-24 23:21:08,686 [main] INFO  http.HttpServer2 (HttpServer2.java:addFilter(958)) - Added filter static_user_filter (class=org.apache.hadoop.http.lib.StaticUserWebFilter$StaticUserFilter) to context logs
2019-09-24 23:21:08,686 [main] INFO  http.HttpServer2 (HttpServer2.java:addFilter(958)) - Added filter static_user_filter (class=org.apache.hadoop.http.lib.StaticUserWebFilter$StaticUserFilter) to context static
2019-09-24 23:21:08,687 [main] INFO  http.HttpServer2 (HttpServer2.java:bindListener(1191)) - Jetty bound to port 34574
2019-09-24 23:21:08,687 [main] INFO  server.Server (Server.java:doStart(351)) - jetty-9.3.25.v20180904, build timestamp: 2018-09-04T21:11:46Z, git hash: 3ce520221d0240229c862b122d2b06c12a625732
2019-09-24 23:21:08,691 [main] INFO  handler.ContextHandler (ContextHandler.java:doStart(781)) - Started o.e.j.s.ServletContextHandler@41eb94bc{/logs,file:///workdir/hadoop-ozone/integration-test/target/log,AVAILABLE}
2019-09-24 23:21:08,691 [main] INFO  handler.ContextHandler (ContextHandler.java:doStart(781)) - Started o.e.j.s.ServletContextHandler@97d0c06{/static,jar:file:/home/user/.m2/repository/org/apache/hadoop/hadoop-hdds-container-service/0.5.0-SNAPSHOT/hadoop-hdds-container-service-0.5.0-SNAPSHOT.jar!/webapps/static,AVAILABLE}
2019-09-24 23:21:08,720 [main] INFO  handler.ContextHandler (ContextHandler.java:doStart(781)) - Started o.e.j.w.WebAppContext@38eb0f4d{/,file:///tmp/jetty-0.0.0.0-34574-hddsDatanode-_-any-6711744559316321139.dir/webapp/,AVAILABLE}{/hddsDatanode}
2019-09-24 23:21:08,721 [main] INFO  server.AbstractConnector (AbstractConnector.java:doStart(278)) - Started ServerConnector@437486cd{HTTP/1.1,[http/1.1]}{0.0.0.0:34574}
2019-09-24 23:21:08,725 [main] INFO  server.Server (Server.java:doStart(419)) - Started @5527ms
2019-09-24 23:21:08,725 [main] WARN  impl.MetricsSystemImpl (MetricsSystemImpl.java:register(276)) - Sink prometheus already exists!
2019-09-24 23:21:08,727 [main] INFO  server.BaseHttpServer (BaseHttpServer.java:updateConnectorAddress(215)) - HTTP server of HDDSDATANODE is listening at http://0.0.0.0:34574
2019-09-24 23:21:08,727 [main] INFO  impl.MetricsSystemImpl (MetricsSystemImpl.java:init(158)) - HddsDatanode metrics system started (again)
2019-09-24 23:21:08,731 [main] INFO  ozone.HddsDatanodeService (HddsDatanodeService.java:start(184)) - HddsDatanodeService host:pr-hdds-2162-v2v4x-1150571016 ip:192.168.151.66
2019-09-24 23:21:08,731 [org.apache.hadoop.util.JvmPauseMonitor$Monitor@75f210b5] INFO  util.JvmPauseMonitor (JvmPauseMonitor.java:run(188)) - Starting JVM pause monitor
2019-09-24 23:21:08,735 [Datanode State Machine Thread - 0] INFO  datanode.InitDatanodeState (InitDatanodeState.java:persistContainerDatanodeDetails(140)) - DatanodeDetails is persisted to /workdir/hadoop-ozone/integration-test/target/test-dir/MiniOzoneClusterImpl-8c4156f6-ba4f-4261-a5fa-d2631acace6e/datanode-3/meta/datanode.id
2019-09-24 23:21:08,739 [main] INFO  volume.HddsVolume (HddsVolume.java:<init>(176)) - Creating Volume: /workdir/hadoop-ozone/integration-test/target/test-dir/MiniOzoneClusterImpl-8c4156f6-ba4f-4261-a5fa-d2631acace6e/datanode-4/data/containers/hdds of  storage type : DISK and capacity : 1482555576320
2019-09-24 23:21:08,740 [main] INFO  volume.VolumeSet (VolumeSet.java:initializeVolumeSet(170)) - Added Volume : /workdir/hadoop-ozone/integration-test/target/test-dir/MiniOzoneClusterImpl-8c4156f6-ba4f-4261-a5fa-d2631acace6e/datanode-4/data/containers/hdds to VolumeSet
2019-09-24 23:21:08,740 [main] INFO  volume.ThrottledAsyncChecker (ThrottledAsyncChecker.java:schedule(139)) - Scheduling a check for org.apache.hadoop.ozone.container.common.volume.HddsVolume@1687eb01
2019-09-24 23:21:08,741 [main] INFO  volume.HddsVolumeChecker (HddsVolumeChecker.java:checkAllVolumes(202)) - Scheduled health check for volume org.apache.hadoop.ozone.container.common.volume.HddsVolume@1687eb01
2019-09-24 23:21:08,753 [main] INFO  impl.RaftServerProxy (ConfUtils.java:logGet(43)) - raft.rpc.type = GRPC (default)
2019-09-24 23:21:08,753 [main] INFO  grpc.GrpcFactory (GrpcFactory.java:checkPooledByteBufAllocatorUseCacheForAllThreads(45)) - PERFORMANCE WARNING: useCacheForAllThreads is true that may cause Netty to create a lot garbage objects and, as a result, trigger GC.
	It is recommended to disable useCacheForAllThreads by setting -Dorg.apache.ratis.thirdparty.io.netty.allocator.useCacheForAllThreads=false in command line.
2019-09-24 23:21:08,754 [main] INFO  grpc.GrpcConfigKeys$Server (ConfUtils.java:logGet(43)) - raft.grpc.server.port = 0 (default)
2019-09-24 23:21:08,754 [main] INFO  server.GrpcService (ConfUtils.java:logGet(43)) - raft.grpc.message.size.max = 33570816 (custom)
2019-09-24 23:21:08,754 [main] INFO  server.RaftServerConfigKeys (ConfUtils.java:logGet(43)) - raft.server.log.appender.buffer.byte-limit = 33554432 (custom)
2019-09-24 23:21:08,754 [main] INFO  server.GrpcService (ConfUtils.java:logGet(43)) - raft.grpc.flow.control.window = 1MB (=1048576) (default)
2019-09-24 23:21:08,754 [main] INFO  server.RaftServerConfigKeys (ConfUtils.java:logGet(43)) - raft.server.rpc.request.timeout = 3000ms (default)
2019-09-24 23:21:08,755 [main] INFO  server.RaftServerConfigKeys (ConfUtils.java:logGet(43)) - raft.server.storage.dir = [/workdir/hadoop-ozone/integration-test/target/test-dir/MiniOzoneClusterImpl-8c4156f6-ba4f-4261-a5fa-d2631acace6e/datanode-4/data/ratis] (custom)
2019-09-24 23:21:08,756 [main] INFO  hdfs.DFSUtil (DFSUtil.java:httpServerTemplateForNNAndJN(1641)) - Starting Web-server for hddsDatanode at: http://0.0.0.0:0
2019-09-24 23:21:08,758 [main] INFO  server.AuthenticationFilter (AuthenticationFilter.java:constructSecretProvider(240)) - Unable to initialize FileSignerSecretProvider, falling back to use random secrets.
2019-09-24 23:21:08,758 [main] WARN  http.HttpRequestLog (HttpRequestLog.java:getRequestLog(97)) - Jetty request log can only be enabled using Log4j
2019-09-24 23:21:08,759 [main] INFO  http.HttpServer2 (HttpServer2.java:addGlobalFilter(975)) - Added global filter 'safety' (class=org.apache.hadoop.http.HttpServer2$QuotingInputFilter)
2019-09-24 23:21:08,760 [main] INFO  http.HttpServer2 (HttpServer2.java:addFilter(948)) - Added filter static_user_filter (class=org.apache.hadoop.http.lib.StaticUserWebFilter$StaticUserFilter) to context hddsDatanode
2019-09-24 23:21:08,760 [main] INFO  http.HttpServer2 (HttpServer2.java:addFilter(958)) - Added filter static_user_filter (class=org.apache.hadoop.http.lib.StaticUserWebFilter$StaticUserFilter) to context static
2019-09-24 23:21:08,760 [main] INFO  http.HttpServer2 (HttpServer2.java:addFilter(958)) - Added filter static_user_filter (class=org.apache.hadoop.http.lib.StaticUserWebFilter$StaticUserFilter) to context logs
2019-09-24 23:21:08,761 [main] INFO  http.HttpServer2 (HttpServer2.java:bindListener(1191)) - Jetty bound to port 46503
2019-09-24 23:21:08,761 [main] INFO  server.Server (Server.java:doStart(351)) - jetty-9.3.25.v20180904, build timestamp: 2018-09-04T21:11:46Z, git hash: 3ce520221d0240229c862b122d2b06c12a625732
2019-09-24 23:21:08,764 [main] INFO  handler.ContextHandler (ContextHandler.java:doStart(781)) - Started o.e.j.s.ServletContextHandler@1dc3502b{/logs,file:///workdir/hadoop-ozone/integration-test/target/log,AVAILABLE}
2019-09-24 23:21:08,764 [main] INFO  handler.ContextHandler (ContextHandler.java:doStart(781)) - Started o.e.j.s.ServletContextHandler@67e13bd0{/static,jar:file:/home/user/.m2/repository/org/apache/hadoop/hadoop-hdds-container-service/0.5.0-SNAPSHOT/hadoop-hdds-container-service-0.5.0-SNAPSHOT.jar!/webapps/static,AVAILABLE}
2019-09-24 23:21:08,793 [main] INFO  handler.ContextHandler (ContextHandler.java:doStart(781)) - Started o.e.j.w.WebAppContext@eac3a26{/,file:///tmp/jetty-0.0.0.0-46503-hddsDatanode-_-any-6390802623852932744.dir/webapp/,AVAILABLE}{/hddsDatanode}
2019-09-24 23:21:08,794 [main] INFO  server.AbstractConnector (AbstractConnector.java:doStart(278)) - Started ServerConnector@10b1a751{HTTP/1.1,[http/1.1]}{0.0.0.0:46503}
2019-09-24 23:21:08,794 [main] INFO  server.Server (Server.java:doStart(419)) - Started @5597ms
2019-09-24 23:21:08,797 [main] WARN  impl.MetricsSystemImpl (MetricsSystemImpl.java:register(276)) - Sink prometheus already exists!
2019-09-24 23:21:08,797 [main] INFO  server.BaseHttpServer (BaseHttpServer.java:updateConnectorAddress(215)) - HTTP server of HDDSDATANODE is listening at http://0.0.0.0:46503
2019-09-24 23:21:08,798 [main] INFO  impl.MetricsSystemImpl (MetricsSystemImpl.java:init(158)) - HddsDatanode metrics system started (again)
2019-09-24 23:21:08,801 [main] INFO  ozone.HddsDatanodeService (HddsDatanodeService.java:start(184)) - HddsDatanodeService host:pr-hdds-2162-v2v4x-1150571016 ip:192.168.151.66
2019-09-24 23:21:08,802 [org.apache.hadoop.util.JvmPauseMonitor$Monitor@7c8dafd9] INFO  util.JvmPauseMonitor (JvmPauseMonitor.java:run(188)) - Starting JVM pause monitor
2019-09-24 23:21:08,805 [Datanode State Machine Thread - 0] INFO  datanode.InitDatanodeState (InitDatanodeState.java:persistContainerDatanodeDetails(140)) - DatanodeDetails is persisted to /workdir/hadoop-ozone/integration-test/target/test-dir/MiniOzoneClusterImpl-8c4156f6-ba4f-4261-a5fa-d2631acace6e/datanode-4/meta/datanode.id
2019-09-24 23:21:08,810 [main] INFO  volume.HddsVolume (HddsVolume.java:<init>(176)) - Creating Volume: /workdir/hadoop-ozone/integration-test/target/test-dir/MiniOzoneClusterImpl-8c4156f6-ba4f-4261-a5fa-d2631acace6e/datanode-5/data/containers/hdds of  storage type : DISK and capacity : 1482555576320
2019-09-24 23:21:08,810 [main] INFO  volume.VolumeSet (VolumeSet.java:initializeVolumeSet(170)) - Added Volume : /workdir/hadoop-ozone/integration-test/target/test-dir/MiniOzoneClusterImpl-8c4156f6-ba4f-4261-a5fa-d2631acace6e/datanode-5/data/containers/hdds to VolumeSet
2019-09-24 23:21:08,810 [main] INFO  volume.ThrottledAsyncChecker (ThrottledAsyncChecker.java:schedule(139)) - Scheduling a check for org.apache.hadoop.ozone.container.common.volume.HddsVolume@74ea46e2
2019-09-24 23:21:08,811 [main] INFO  volume.HddsVolumeChecker (HddsVolumeChecker.java:checkAllVolumes(202)) - Scheduled health check for volume org.apache.hadoop.ozone.container.common.volume.HddsVolume@74ea46e2
2019-09-24 23:21:08,828 [main] INFO  impl.RaftServerProxy (ConfUtils.java:logGet(43)) - raft.rpc.type = GRPC (default)
2019-09-24 23:21:08,828 [main] INFO  grpc.GrpcFactory (GrpcFactory.java:checkPooledByteBufAllocatorUseCacheForAllThreads(45)) - PERFORMANCE WARNING: useCacheForAllThreads is true that may cause Netty to create a lot garbage objects and, as a result, trigger GC.
	It is recommended to disable useCacheForAllThreads by setting -Dorg.apache.ratis.thirdparty.io.netty.allocator.useCacheForAllThreads=false in command line.
2019-09-24 23:21:08,828 [main] INFO  grpc.GrpcConfigKeys$Server (ConfUtils.java:logGet(43)) - raft.grpc.server.port = 0 (default)
2019-09-24 23:21:08,828 [main] INFO  server.GrpcService (ConfUtils.java:logGet(43)) - raft.grpc.message.size.max = 33570816 (custom)
2019-09-24 23:21:08,829 [main] INFO  server.RaftServerConfigKeys (ConfUtils.java:logGet(43)) - raft.server.log.appender.buffer.byte-limit = 33554432 (custom)
2019-09-24 23:21:08,829 [main] INFO  server.GrpcService (ConfUtils.java:logGet(43)) - raft.grpc.flow.control.window = 1MB (=1048576) (default)
2019-09-24 23:21:08,829 [main] INFO  server.RaftServerConfigKeys (ConfUtils.java:logGet(43)) - raft.server.rpc.request.timeout = 3000ms (default)
2019-09-24 23:21:08,830 [main] INFO  server.RaftServerConfigKeys (ConfUtils.java:logGet(43)) - raft.server.storage.dir = [/workdir/hadoop-ozone/integration-test/target/test-dir/MiniOzoneClusterImpl-8c4156f6-ba4f-4261-a5fa-d2631acace6e/datanode-5/data/ratis] (custom)
2019-09-24 23:21:08,831 [main] INFO  hdfs.DFSUtil (DFSUtil.java:httpServerTemplateForNNAndJN(1641)) - Starting Web-server for hddsDatanode at: http://0.0.0.0:0
2019-09-24 23:21:08,832 [main] INFO  server.AuthenticationFilter (AuthenticationFilter.java:constructSecretProvider(240)) - Unable to initialize FileSignerSecretProvider, falling back to use random secrets.
2019-09-24 23:21:08,833 [main] WARN  http.HttpRequestLog (HttpRequestLog.java:getRequestLog(97)) - Jetty request log can only be enabled using Log4j
2019-09-24 23:21:08,834 [main] INFO  http.HttpServer2 (HttpServer2.java:addGlobalFilter(975)) - Added global filter 'safety' (class=org.apache.hadoop.http.HttpServer2$QuotingInputFilter)
2019-09-24 23:21:08,835 [main] INFO  http.HttpServer2 (HttpServer2.java:addFilter(948)) - Added filter static_user_filter (class=org.apache.hadoop.http.lib.StaticUserWebFilter$StaticUserFilter) to context hddsDatanode
2019-09-24 23:21:08,835 [main] INFO  http.HttpServer2 (HttpServer2.java:addFilter(958)) - Added filter static_user_filter (class=org.apache.hadoop.http.lib.StaticUserWebFilter$StaticUserFilter) to context logs
2019-09-24 23:21:08,835 [main] INFO  http.HttpServer2 (HttpServer2.java:addFilter(958)) - Added filter static_user_filter (class=org.apache.hadoop.http.lib.StaticUserWebFilter$StaticUserFilter) to context static
2019-09-24 23:21:08,836 [main] INFO  http.HttpServer2 (HttpServer2.java:bindListener(1191)) - Jetty bound to port 44308
2019-09-24 23:21:08,836 [main] INFO  server.Server (Server.java:doStart(351)) - jetty-9.3.25.v20180904, build timestamp: 2018-09-04T21:11:46Z, git hash: 3ce520221d0240229c862b122d2b06c12a625732
2019-09-24 23:21:08,838 [main] INFO  handler.ContextHandler (ContextHandler.java:doStart(781)) - Started o.e.j.s.ServletContextHandler@534180a2{/logs,file:///workdir/hadoop-ozone/integration-test/target/log,AVAILABLE}
2019-09-24 23:21:08,838 [main] INFO  handler.ContextHandler (ContextHandler.java:doStart(781)) - Started o.e.j.s.ServletContextHandler@21505815{/static,jar:file:/home/user/.m2/repository/org/apache/hadoop/hadoop-hdds-container-service/0.5.0-SNAPSHOT/hadoop-hdds-container-service-0.5.0-SNAPSHOT.jar!/webapps/static,AVAILABLE}
2019-09-24 23:21:08,867 [main] INFO  handler.ContextHandler (ContextHandler.java:doStart(781)) - Started o.e.j.w.WebAppContext@3a26ec8d{/,file:///tmp/jetty-0.0.0.0-44308-hddsDatanode-_-any-1616648683700794859.dir/webapp/,AVAILABLE}{/hddsDatanode}
2019-09-24 23:21:08,868 [main] INFO  server.AbstractConnector (AbstractConnector.java:doStart(278)) - Started ServerConnector@17143b3b{HTTP/1.1,[http/1.1]}{0.0.0.0:44308}
2019-09-24 23:21:08,869 [main] INFO  server.Server (Server.java:doStart(419)) - Started @5672ms
2019-09-24 23:21:08,869 [main] WARN  impl.MetricsSystemImpl (MetricsSystemImpl.java:register(276)) - Sink prometheus already exists!
2019-09-24 23:21:08,870 [main] INFO  server.BaseHttpServer (BaseHttpServer.java:updateConnectorAddress(215)) - HTTP server of HDDSDATANODE is listening at http://0.0.0.0:44308
2019-09-24 23:21:08,870 [main] INFO  impl.MetricsSystemImpl (MetricsSystemImpl.java:init(158)) - HddsDatanode metrics system started (again)
2019-09-24 23:21:08,874 [main] INFO  ozone.HddsDatanodeService (HddsDatanodeService.java:start(184)) - HddsDatanodeService host:pr-hdds-2162-v2v4x-1150571016 ip:192.168.151.66
2019-09-24 23:21:08,874 [org.apache.hadoop.util.JvmPauseMonitor$Monitor@1ff372de] INFO  util.JvmPauseMonitor (JvmPauseMonitor.java:run(188)) - Starting JVM pause monitor
2019-09-24 23:21:08,878 [Datanode State Machine Thread - 0] INFO  datanode.InitDatanodeState (InitDatanodeState.java:persistContainerDatanodeDetails(140)) - DatanodeDetails is persisted to /workdir/hadoop-ozone/integration-test/target/test-dir/MiniOzoneClusterImpl-8c4156f6-ba4f-4261-a5fa-d2631acace6e/datanode-5/meta/datanode.id
2019-09-24 23:21:08,881 [main] INFO  volume.HddsVolume (HddsVolume.java:<init>(176)) - Creating Volume: /workdir/hadoop-ozone/integration-test/target/test-dir/MiniOzoneClusterImpl-8c4156f6-ba4f-4261-a5fa-d2631acace6e/datanode-6/data/containers/hdds of  storage type : DISK and capacity : 1482555576320
2019-09-24 23:21:08,881 [main] INFO  volume.VolumeSet (VolumeSet.java:initializeVolumeSet(170)) - Added Volume : /workdir/hadoop-ozone/integration-test/target/test-dir/MiniOzoneClusterImpl-8c4156f6-ba4f-4261-a5fa-d2631acace6e/datanode-6/data/containers/hdds to VolumeSet
2019-09-24 23:21:08,882 [main] INFO  volume.ThrottledAsyncChecker (ThrottledAsyncChecker.java:schedule(139)) - Scheduling a check for org.apache.hadoop.ozone.container.common.volume.HddsVolume@7ab34619
2019-09-24 23:21:08,882 [main] INFO  volume.HddsVolumeChecker (HddsVolumeChecker.java:checkAllVolumes(202)) - Scheduled health check for volume org.apache.hadoop.ozone.container.common.volume.HddsVolume@7ab34619
2019-09-24 23:21:08,896 [main] INFO  impl.RaftServerProxy (ConfUtils.java:logGet(43)) - raft.rpc.type = GRPC (default)
2019-09-24 23:21:08,896 [main] INFO  grpc.GrpcFactory (GrpcFactory.java:checkPooledByteBufAllocatorUseCacheForAllThreads(45)) - PERFORMANCE WARNING: useCacheForAllThreads is true that may cause Netty to create a lot garbage objects and, as a result, trigger GC.
	It is recommended to disable useCacheForAllThreads by setting -Dorg.apache.ratis.thirdparty.io.netty.allocator.useCacheForAllThreads=false in command line.
2019-09-24 23:21:08,896 [main] INFO  grpc.GrpcConfigKeys$Server (ConfUtils.java:logGet(43)) - raft.grpc.server.port = 0 (default)
2019-09-24 23:21:08,896 [main] INFO  server.GrpcService (ConfUtils.java:logGet(43)) - raft.grpc.message.size.max = 33570816 (custom)
2019-09-24 23:21:08,897 [main] INFO  server.RaftServerConfigKeys (ConfUtils.java:logGet(43)) - raft.server.log.appender.buffer.byte-limit = 33554432 (custom)
2019-09-24 23:21:08,897 [main] INFO  server.GrpcService (ConfUtils.java:logGet(43)) - raft.grpc.flow.control.window = 1MB (=1048576) (default)
2019-09-24 23:21:08,897 [main] INFO  server.RaftServerConfigKeys (ConfUtils.java:logGet(43)) - raft.server.rpc.request.timeout = 3000ms (default)
2019-09-24 23:21:08,898 [main] INFO  server.RaftServerConfigKeys (ConfUtils.java:logGet(43)) - raft.server.storage.dir = [/workdir/hadoop-ozone/integration-test/target/test-dir/MiniOzoneClusterImpl-8c4156f6-ba4f-4261-a5fa-d2631acace6e/datanode-6/data/ratis] (custom)
2019-09-24 23:21:08,899 [main] INFO  hdfs.DFSUtil (DFSUtil.java:httpServerTemplateForNNAndJN(1641)) - Starting Web-server for hddsDatanode at: http://0.0.0.0:0
2019-09-24 23:21:08,900 [main] INFO  server.AuthenticationFilter (AuthenticationFilter.java:constructSecretProvider(240)) - Unable to initialize FileSignerSecretProvider, falling back to use random secrets.
2019-09-24 23:21:08,901 [main] WARN  http.HttpRequestLog (HttpRequestLog.java:getRequestLog(97)) - Jetty request log can only be enabled using Log4j
2019-09-24 23:21:08,902 [main] INFO  http.HttpServer2 (HttpServer2.java:addGlobalFilter(975)) - Added global filter 'safety' (class=org.apache.hadoop.http.HttpServer2$QuotingInputFilter)
2019-09-24 23:21:08,903 [main] INFO  http.HttpServer2 (HttpServer2.java:addFilter(948)) - Added filter static_user_filter (class=org.apache.hadoop.http.lib.StaticUserWebFilter$StaticUserFilter) to context hddsDatanode
2019-09-24 23:21:08,903 [main] INFO  http.HttpServer2 (HttpServer2.java:addFilter(958)) - Added filter static_user_filter (class=org.apache.hadoop.http.lib.StaticUserWebFilter$StaticUserFilter) to context logs
2019-09-24 23:21:08,903 [main] INFO  http.HttpServer2 (HttpServer2.java:addFilter(958)) - Added filter static_user_filter (class=org.apache.hadoop.http.lib.StaticUserWebFilter$StaticUserFilter) to context static
2019-09-24 23:21:08,904 [main] INFO  http.HttpServer2 (HttpServer2.java:bindListener(1191)) - Jetty bound to port 38068
2019-09-24 23:21:08,904 [main] INFO  server.Server (Server.java:doStart(351)) - jetty-9.3.25.v20180904, build timestamp: 2018-09-04T21:11:46Z, git hash: 3ce520221d0240229c862b122d2b06c12a625732
2019-09-24 23:21:08,906 [main] INFO  handler.ContextHandler (ContextHandler.java:doStart(781)) - Started o.e.j.s.ServletContextHandler@34780cd9{/logs,file:///workdir/hadoop-ozone/integration-test/target/log,AVAILABLE}
2019-09-24 23:21:08,906 [main] INFO  handler.ContextHandler (ContextHandler.java:doStart(781)) - Started o.e.j.s.ServletContextHandler@7c8c70d6{/static,jar:file:/home/user/.m2/repository/org/apache/hadoop/hadoop-hdds-container-service/0.5.0-SNAPSHOT/hadoop-hdds-container-service-0.5.0-SNAPSHOT.jar!/webapps/static,AVAILABLE}
2019-09-24 23:21:08,935 [main] INFO  handler.ContextHandler (ContextHandler.java:doStart(781)) - Started o.e.j.w.WebAppContext@625dfff3{/,file:///tmp/jetty-0.0.0.0-38068-hddsDatanode-_-any-6111562532918917708.dir/webapp/,AVAILABLE}{/hddsDatanode}
2019-09-24 23:21:08,936 [main] INFO  server.AbstractConnector (AbstractConnector.java:doStart(278)) - Started ServerConnector@26350ea2{HTTP/1.1,[http/1.1]}{0.0.0.0:38068}
2019-09-24 23:21:08,937 [main] INFO  server.Server (Server.java:doStart(419)) - Started @5740ms
2019-09-24 23:21:08,937 [main] WARN  impl.MetricsSystemImpl (MetricsSystemImpl.java:register(276)) - Sink prometheus already exists!
2019-09-24 23:21:08,937 [main] INFO  server.BaseHttpServer (BaseHttpServer.java:updateConnectorAddress(215)) - HTTP server of HDDSDATANODE is listening at http://0.0.0.0:38068
2019-09-24 23:21:08,940 [main] INFO  ozone.MiniOzoneClusterImpl (MiniOzoneClusterImpl.java:lambda$waitForClusterToBeReady$0(147)) - Waiting for cluster to be ready. Got 0 of 7 DN Heartbeats.
2019-09-24 23:21:08,941 [org.apache.hadoop.util.JvmPauseMonitor$Monitor@58878280] INFO  util.JvmPauseMonitor (JvmPauseMonitor.java:run(188)) - Starting JVM pause monitor
2019-09-24 23:21:08,945 [Datanode State Machine Thread - 0] INFO  datanode.InitDatanodeState (InitDatanodeState.java:persistContainerDatanodeDetails(140)) - DatanodeDetails is persisted to /workdir/hadoop-ozone/integration-test/target/test-dir/MiniOzoneClusterImpl-8c4156f6-ba4f-4261-a5fa-d2631acace6e/datanode-6/meta/datanode.id
2019-09-24 23:21:09,941 [main] INFO  ozone.MiniOzoneClusterImpl (MiniOzoneClusterImpl.java:lambda$waitForClusterToBeReady$0(147)) - Waiting for cluster to be ready. Got 0 of 7 DN Heartbeats.
2019-09-24 23:21:10,567 [Datanode State Machine Thread - 0] INFO  ozoneimpl.OzoneContainer (OzoneContainer.java:start(217)) - Attempting to start container services.
2019-09-24 23:21:10,571 [Datanode State Machine Thread - 0] INFO  ozoneimpl.OzoneContainer (OzoneContainer.java:startContainerScrub(179)) - Background container scanner has been disabled.
2019-09-24 23:21:10,572 [Datanode State Machine Thread - 0] INFO  ratis.XceiverServerRatis (XceiverServerRatis.java:start(411)) - Starting XceiverServerRatis 69e28fe1-00c1-4445-ac62-1ecce60d6724 at port 0
2019-09-24 23:21:10,605 [Datanode State Machine Thread - 0] INFO  impl.RaftServerProxy (RaftServerProxy.java:lambda$start$3(299)) - 69e28fe1-00c1-4445-ac62-1ecce60d6724: start RPC server
2019-09-24 23:21:10,615 [Datanode State Machine Thread - 0] INFO  ozoneimpl.OzoneContainer (OzoneContainer.java:start(217)) - Attempting to start container services.
2019-09-24 23:21:10,623 [Datanode State Machine Thread - 0] INFO  ozoneimpl.OzoneContainer (OzoneContainer.java:startContainerScrub(179)) - Background container scanner has been disabled.
2019-09-24 23:21:10,624 [Datanode State Machine Thread - 0] INFO  ratis.XceiverServerRatis (XceiverServerRatis.java:start(411)) - Starting XceiverServerRatis eb551bd8-dc24-44e0-bb3e-8d47f4074a43 at port 0
2019-09-24 23:21:10,635 [Datanode State Machine Thread - 0] INFO  impl.RaftServerProxy (RaftServerProxy.java:lambda$start$3(299)) - eb551bd8-dc24-44e0-bb3e-8d47f4074a43: start RPC server
2019-09-24 23:21:10,674 [Datanode State Machine Thread - 0] INFO  ozoneimpl.OzoneContainer (OzoneContainer.java:start(217)) - Attempting to start container services.
2019-09-24 23:21:10,679 [Datanode State Machine Thread - 0] INFO  ozoneimpl.OzoneContainer (OzoneContainer.java:startContainerScrub(179)) - Background container scanner has been disabled.
2019-09-24 23:21:10,679 [Datanode State Machine Thread - 0] INFO  ratis.XceiverServerRatis (XceiverServerRatis.java:start(411)) - Starting XceiverServerRatis 5930ff46-859e-45ff-a1c3-694564283812 at port 0
2019-09-24 23:21:10,689 [Datanode State Machine Thread - 0] INFO  impl.RaftServerProxy (RaftServerProxy.java:lambda$start$3(299)) - 5930ff46-859e-45ff-a1c3-694564283812: start RPC server
2019-09-24 23:21:10,750 [Datanode State Machine Thread - 0] INFO  ozoneimpl.OzoneContainer (OzoneContainer.java:start(217)) - Attempting to start container services.
2019-09-24 23:21:10,750 [Datanode State Machine Thread - 0] INFO  ozoneimpl.OzoneContainer (OzoneContainer.java:startContainerScrub(179)) - Background container scanner has been disabled.
2019-09-24 23:21:10,750 [Datanode State Machine Thread - 0] INFO  ratis.XceiverServerRatis (XceiverServerRatis.java:start(411)) - Starting XceiverServerRatis 689e79db-c0a9-475a-9361-b09b91adf7c9 at port 0
2019-09-24 23:21:10,759 [Datanode State Machine Thread - 0] INFO  impl.RaftServerProxy (RaftServerProxy.java:lambda$start$3(299)) - 689e79db-c0a9-475a-9361-b09b91adf7c9: start RPC server
2019-09-24 23:21:10,805 [Datanode State Machine Thread - 0] INFO  server.GrpcService (GrpcService.java:startImpl(158)) - 69e28fe1-00c1-4445-ac62-1ecce60d6724: GrpcService started, listening on 0.0.0.0/0.0.0.0:44017
2019-09-24 23:21:10,805 [Datanode State Machine Thread - 0] INFO  server.GrpcService (GrpcService.java:startImpl(158)) - eb551bd8-dc24-44e0-bb3e-8d47f4074a43: GrpcService started, listening on 0.0.0.0/0.0.0.0:35415
2019-09-24 23:21:10,807 [Datanode State Machine Thread - 0] INFO  ratis.XceiverServerRatis (XceiverServerRatis.java:start(421)) - XceiverServerRatis 69e28fe1-00c1-4445-ac62-1ecce60d6724 is started using port 44017
2019-09-24 23:21:10,805 [Datanode State Machine Thread - 0] INFO  server.GrpcService (GrpcService.java:startImpl(158)) - 5930ff46-859e-45ff-a1c3-694564283812: GrpcService started, listening on 0.0.0.0/0.0.0.0:39468
2019-09-24 23:21:10,805 [Datanode State Machine Thread - 0] INFO  server.GrpcService (GrpcService.java:startImpl(158)) - 689e79db-c0a9-475a-9361-b09b91adf7c9: GrpcService started, listening on 0.0.0.0/0.0.0.0:41183
2019-09-24 23:21:10,808 [Datanode State Machine Thread - 0] INFO  ratis.XceiverServerRatis (XceiverServerRatis.java:start(421)) - XceiverServerRatis 5930ff46-859e-45ff-a1c3-694564283812 is started using port 39468
2019-09-24 23:21:10,807 [Datanode State Machine Thread - 0] INFO  ratis.XceiverServerRatis (XceiverServerRatis.java:start(421)) - XceiverServerRatis eb551bd8-dc24-44e0-bb3e-8d47f4074a43 is started using port 35415
2019-09-24 23:21:10,808 [Datanode State Machine Thread - 0] INFO  ratis.XceiverServerRatis (XceiverServerRatis.java:start(421)) - XceiverServerRatis 689e79db-c0a9-475a-9361-b09b91adf7c9 is started using port 41183
2019-09-24 23:21:10,818 [Datanode State Machine Thread - 0] INFO  server.XceiverServerGrpc (XceiverServerGrpc.java:start(149)) - XceiverServerGrpc 69e28fe1-00c1-4445-ac62-1ecce60d6724 is started using port 38483
2019-09-24 23:21:10,820 [Datanode State Machine Thread - 0] INFO  server.XceiverServerGrpc (XceiverServerGrpc.java:start(149)) - XceiverServerGrpc eb551bd8-dc24-44e0-bb3e-8d47f4074a43 is started using port 33945
2019-09-24 23:21:10,820 [Datanode State Machine Thread - 0] INFO  ozoneimpl.OzoneContainer (OzoneContainer.java:start(217)) - Attempting to start container services.
2019-09-24 23:21:10,819 [Datanode State Machine Thread - 0] INFO  server.XceiverServerGrpc (XceiverServerGrpc.java:start(149)) - XceiverServerGrpc 5930ff46-859e-45ff-a1c3-694564283812 is started using port 38860
2019-09-24 23:21:10,819 [Datanode State Machine Thread - 0] INFO  server.XceiverServerGrpc (XceiverServerGrpc.java:start(149)) - XceiverServerGrpc 689e79db-c0a9-475a-9361-b09b91adf7c9 is started using port 43853
2019-09-24 23:21:10,821 [Datanode State Machine Thread - 0] INFO  ozoneimpl.OzoneContainer (OzoneContainer.java:startContainerScrub(179)) - Background container scanner has been disabled.
2019-09-24 23:21:10,821 [Datanode State Machine Thread - 0] INFO  ratis.XceiverServerRatis (XceiverServerRatis.java:start(411)) - Starting XceiverServerRatis 37b0da62-ae9d-4986-ae1d-9039375746e7 at port 0
2019-09-24 23:21:10,833 [Datanode State Machine Thread - 0] INFO  impl.RaftServerProxy (RaftServerProxy.java:lambda$start$3(299)) - 37b0da62-ae9d-4986-ae1d-9039375746e7: start RPC server
2019-09-24 23:21:10,836 [Datanode State Machine Thread - 0] INFO  server.GrpcService (GrpcService.java:startImpl(158)) - 37b0da62-ae9d-4986-ae1d-9039375746e7: GrpcService started, listening on 0.0.0.0/0.0.0.0:35327
2019-09-24 23:21:10,836 [Datanode State Machine Thread - 0] INFO  ratis.XceiverServerRatis (XceiverServerRatis.java:start(421)) - XceiverServerRatis 37b0da62-ae9d-4986-ae1d-9039375746e7 is started using port 35327
2019-09-24 23:21:10,839 [Datanode State Machine Thread - 0] INFO  server.XceiverServerGrpc (XceiverServerGrpc.java:start(149)) - XceiverServerGrpc 37b0da62-ae9d-4986-ae1d-9039375746e7 is started using port 41818
2019-09-24 23:21:10,890 [Datanode State Machine Thread - 0] INFO  ozoneimpl.OzoneContainer (OzoneContainer.java:start(217)) - Attempting to start container services.
2019-09-24 23:21:10,890 [Datanode State Machine Thread - 0] INFO  ozoneimpl.OzoneContainer (OzoneContainer.java:startContainerScrub(179)) - Background container scanner has been disabled.
2019-09-24 23:21:10,890 [Datanode State Machine Thread - 0] INFO  ratis.XceiverServerRatis (XceiverServerRatis.java:start(411)) - Starting XceiverServerRatis e20300c2-033d-4ad5-a085-155d7a933709 at port 0
2019-09-24 23:21:10,899 [Datanode State Machine Thread - 0] INFO  impl.RaftServerProxy (RaftServerProxy.java:lambda$start$3(299)) - e20300c2-033d-4ad5-a085-155d7a933709: start RPC server
2019-09-24 23:21:10,902 [Datanode State Machine Thread - 0] INFO  server.GrpcService (GrpcService.java:startImpl(158)) - e20300c2-033d-4ad5-a085-155d7a933709: GrpcService started, listening on 0.0.0.0/0.0.0.0:45929
2019-09-24 23:21:10,902 [Datanode State Machine Thread - 0] INFO  ratis.XceiverServerRatis (XceiverServerRatis.java:start(421)) - XceiverServerRatis e20300c2-033d-4ad5-a085-155d7a933709 is started using port 45929
2019-09-24 23:21:10,905 [Datanode State Machine Thread - 0] INFO  server.XceiverServerGrpc (XceiverServerGrpc.java:start(149)) - XceiverServerGrpc e20300c2-033d-4ad5-a085-155d7a933709 is started using port 37929
2019-09-24 23:21:10,944 [main] INFO  ozone.MiniOzoneClusterImpl (MiniOzoneClusterImpl.java:lambda$waitForClusterToBeReady$0(147)) - Waiting for cluster to be ready. Got 0 of 7 DN Heartbeats.
2019-09-24 23:21:10,958 [Datanode State Machine Thread - 0] INFO  ozoneimpl.OzoneContainer (OzoneContainer.java:start(217)) - Attempting to start container services.
2019-09-24 23:21:10,958 [Datanode State Machine Thread - 0] INFO  ozoneimpl.OzoneContainer (OzoneContainer.java:startContainerScrub(179)) - Background container scanner has been disabled.
2019-09-24 23:21:10,958 [Datanode State Machine Thread - 0] INFO  ratis.XceiverServerRatis (XceiverServerRatis.java:start(411)) - Starting XceiverServerRatis a3290348-6ac5-4de5-b30b-c7902ea8fed4 at port 0
2019-09-24 23:21:10,969 [Datanode State Machine Thread - 0] INFO  impl.RaftServerProxy (RaftServerProxy.java:lambda$start$3(299)) - a3290348-6ac5-4de5-b30b-c7902ea8fed4: start RPC server
2019-09-24 23:21:10,973 [Datanode State Machine Thread - 0] INFO  server.GrpcService (GrpcService.java:startImpl(158)) - a3290348-6ac5-4de5-b30b-c7902ea8fed4: GrpcService started, listening on 0.0.0.0/0.0.0.0:41100
2019-09-24 23:21:10,974 [Datanode State Machine Thread - 0] INFO  ratis.XceiverServerRatis (XceiverServerRatis.java:start(421)) - XceiverServerRatis a3290348-6ac5-4de5-b30b-c7902ea8fed4 is started using port 41100
2019-09-24 23:21:10,978 [Datanode State Machine Thread - 0] INFO  server.XceiverServerGrpc (XceiverServerGrpc.java:start(149)) - XceiverServerGrpc a3290348-6ac5-4de5-b30b-c7902ea8fed4 is started using port 35096
2019-09-24 23:21:11,944 [main] INFO  ozone.MiniOzoneClusterImpl (MiniOzoneClusterImpl.java:lambda$waitForClusterToBeReady$0(147)) - Waiting for cluster to be ready. Got 0 of 7 DN Heartbeats.
2019-09-24 23:21:12,539 [IPC Server handler 2 on 45718] INFO  net.NetworkTopology (NetworkTopologyImpl.java:add(111)) - Added a new node: /default-rack/69e28fe1-00c1-4445-ac62-1ecce60d6724
2019-09-24 23:21:12,540 [IPC Server handler 2 on 45718] INFO  node.SCMNodeManager (SCMNodeManager.java:register(266)) - Registered Data node : 69e28fe1-00c1-4445-ac62-1ecce60d6724{ip: 192.168.151.66, host: pr-hdds-2162-v2v4x-1150571016, networkLocation: /default-rack, certSerialId: null}
2019-09-24 23:21:12,548 [EventQueue-NodeRegistrationContainerReportForDataNodeSafeModeRule] INFO  safemode.SCMSafeModeManager (DataNodeSafeModeRule.java:process(71)) - SCM in safe mode. 1 DataNodes registered, 1 required.
2019-09-24 23:21:12,548 [EventQueue-NodeRegistrationContainerReportForDataNodeSafeModeRule] INFO  safemode.SCMSafeModeManager (SCMSafeModeManager.java:validateSafeModeExitRules(177)) - ScmSafeModeManager, all rules are successfully validated
2019-09-24 23:21:12,548 [EventQueue-NodeRegistrationContainerReportForDataNodeSafeModeRule] INFO  safemode.SCMSafeModeManager (SCMSafeModeManager.java:exitSafeMode(193)) - SCM exiting safe mode.
2019-09-24 23:21:12,586 [IPC Server handler 3 on 45718] INFO  net.NetworkTopology (NetworkTopologyImpl.java:add(111)) - Added a new node: /default-rack/eb551bd8-dc24-44e0-bb3e-8d47f4074a43
2019-09-24 23:21:12,587 [IPC Server handler 3 on 45718] INFO  node.SCMNodeManager (SCMNodeManager.java:register(266)) - Registered Data node : eb551bd8-dc24-44e0-bb3e-8d47f4074a43{ip: 192.168.151.66, host: pr-hdds-2162-v2v4x-1150571016, networkLocation: /default-rack, certSerialId: null}
2019-09-24 23:21:12,661 [IPC Server handler 0 on 45718] INFO  net.NetworkTopology (NetworkTopologyImpl.java:add(111)) - Added a new node: /default-rack/5930ff46-859e-45ff-a1c3-694564283812
2019-09-24 23:21:12,661 [IPC Server handler 0 on 45718] INFO  node.SCMNodeManager (SCMNodeManager.java:register(266)) - Registered Data node : 5930ff46-859e-45ff-a1c3-694564283812{ip: 192.168.151.66, host: pr-hdds-2162-v2v4x-1150571016, networkLocation: /default-rack, certSerialId: null}
2019-09-24 23:21:12,735 [IPC Server handler 1 on 45718] INFO  net.NetworkTopology (NetworkTopologyImpl.java:add(111)) - Added a new node: /default-rack/689e79db-c0a9-475a-9361-b09b91adf7c9
2019-09-24 23:21:12,735 [IPC Server handler 1 on 45718] INFO  node.SCMNodeManager (SCMNodeManager.java:register(266)) - Registered Data node : 689e79db-c0a9-475a-9361-b09b91adf7c9{ip: 192.168.151.66, host: pr-hdds-2162-v2v4x-1150571016, networkLocation: /default-rack, certSerialId: null}
2019-09-24 23:21:12,805 [IPC Server handler 4 on 45718] INFO  net.NetworkTopology (NetworkTopologyImpl.java:add(111)) - Added a new node: /default-rack/37b0da62-ae9d-4986-ae1d-9039375746e7
2019-09-24 23:21:12,805 [IPC Server handler 4 on 45718] INFO  node.SCMNodeManager (SCMNodeManager.java:register(266)) - Registered Data node : 37b0da62-ae9d-4986-ae1d-9039375746e7{ip: 192.168.151.66, host: pr-hdds-2162-v2v4x-1150571016, networkLocation: /default-rack, certSerialId: null}
2019-09-24 23:21:12,878 [IPC Server handler 6 on 45718] INFO  net.NetworkTopology (NetworkTopologyImpl.java:add(111)) - Added a new node: /default-rack/e20300c2-033d-4ad5-a085-155d7a933709
2019-09-24 23:21:12,878 [IPC Server handler 6 on 45718] INFO  node.SCMNodeManager (SCMNodeManager.java:register(266)) - Registered Data node : e20300c2-033d-4ad5-a085-155d7a933709{ip: 192.168.151.66, host: pr-hdds-2162-v2v4x-1150571016, networkLocation: /default-rack, certSerialId: null}
2019-09-24 23:21:12,945 [main] INFO  ozone.MiniOzoneClusterImpl (MiniOzoneClusterImpl.java:lambda$waitForClusterToBeReady$0(147)) - Waiting for cluster to be ready. Got 6 of 7 DN Heartbeats.
2019-09-24 23:21:12,945 [IPC Server handler 7 on 45718] INFO  net.NetworkTopology (NetworkTopologyImpl.java:add(111)) - Added a new node: /default-rack/a3290348-6ac5-4de5-b30b-c7902ea8fed4
2019-09-24 23:21:12,945 [IPC Server handler 7 on 45718] INFO  node.SCMNodeManager (SCMNodeManager.java:register(266)) - Registered Data node : a3290348-6ac5-4de5-b30b-c7902ea8fed4{ip: 192.168.151.66, host: pr-hdds-2162-v2v4x-1150571016, networkLocation: /default-rack, certSerialId: null}
2019-09-24 23:21:13,109 [grpc-default-executor-0] INFO  impl.RaftServerProxy (RaftServerProxy.java:addNew(89)) - 69e28fe1-00c1-4445-ac62-1ecce60d6724: addNew group-20B6E8884658:[69e28fe1-00c1-4445-ac62-1ecce60d6724:192.168.151.66:44017] returns group-20B6E8884658:java.util.concurrent.CompletableFuture@28de79a6[Not completed]
2019-09-24 23:21:13,134 [pool-27-thread-1] INFO  impl.RaftServerImpl (RaftServerImpl.java:<init>(95)) - 69e28fe1-00c1-4445-ac62-1ecce60d6724: new RaftServerImpl for group-20B6E8884658:[69e28fe1-00c1-4445-ac62-1ecce60d6724:192.168.151.66:44017] with ContainerStateMachine:uninitialized
2019-09-24 23:21:13,136 [pool-27-thread-1] INFO  server.RaftServerConfigKeys (ConfUtils.java:logGet(43)) - raft.server.rpc.timeout.min = 5s (custom)
2019-09-24 23:21:13,138 [pool-27-thread-1] INFO  server.RaftServerConfigKeys (ConfUtils.java:logGet(43)) - raft.server.rpc.timeout.max = 5200ms (custom)
2019-09-24 23:21:13,138 [pool-27-thread-1] INFO  server.RaftServerConfigKeys (ConfUtils.java:logGet(43)) - raft.server.rpcslowness.timeout = 120s (custom)
2019-09-24 23:21:13,139 [pool-27-thread-1] INFO  server.RaftServerConfigKeys (ConfUtils.java:logGet(43)) - raft.server.sleep.deviation.threshold = 300 (default)
2019-09-24 23:21:13,140 [pool-27-thread-1] INFO  server.RaftServerConfigKeys (ConfUtils.java:logGet(43)) - raft.server.log.appender.install.snapshot.enabled = false (custom)
2019-09-24 23:21:13,149 [pool-27-thread-1] INFO  impl.RaftServerImpl (ServerState.java:<init>(103)) - 69e28fe1-00c1-4445-ac62-1ecce60d6724@group-20B6E8884658: ConfigurationManager, init=-1: [69e28fe1-00c1-4445-ac62-1ecce60d6724:192.168.151.66:44017], old=null, confs=<EMPTY_MAP>
2019-09-24 23:21:13,150 [pool-27-thread-1] INFO  server.RaftServerConfigKeys (ConfUtils.java:logGet(43)) - raft.server.storage.dir = [/workdir/hadoop-ozone/integration-test/target/test-dir/MiniOzoneClusterImpl-8c4156f6-ba4f-4261-a5fa-d2631acace6e/datanode-0/data/ratis] (custom)
2019-09-24 23:21:13,158 [pool-27-thread-1] INFO  storage.RaftStorageDirectory (RaftStorageDirectory.java:analyzeStorage(246)) - The storage directory /workdir/hadoop-ozone/integration-test/target/test-dir/MiniOzoneClusterImpl-8c4156f6-ba4f-4261-a5fa-d2631acace6e/datanode-0/data/ratis/8ee9c467-43c8-4b40-9ee8-20b6e8884658 does not exist. Creating ...
2019-09-24 23:21:13,177 [pool-27-thread-1] INFO  storage.RaftStorageDirectory (RaftStorageDirectory.java:tryLock(328)) - Lock on /workdir/hadoop-ozone/integration-test/target/test-dir/MiniOzoneClusterImpl-8c4156f6-ba4f-4261-a5fa-d2631acace6e/datanode-0/data/ratis/8ee9c467-43c8-4b40-9ee8-20b6e8884658/in_use.lock acquired by nodename 27986@pr-hdds-2162-v2v4x-1150571016
2019-09-24 23:21:13,192 [pool-27-thread-1] INFO  storage.RaftStorage (RaftStorage.java:format(72)) - Storage directory /workdir/hadoop-ozone/integration-test/target/test-dir/MiniOzoneClusterImpl-8c4156f6-ba4f-4261-a5fa-d2631acace6e/datanode-0/data/ratis/8ee9c467-43c8-4b40-9ee8-20b6e8884658 has been successfully formatted.
2019-09-24 23:21:13,195 [pool-27-thread-1] INFO  ratis.ContainerStateMachine (ContainerStateMachine.java:loadSnapshot(230)) - group-20B6E8884658: The snapshot info is null. Setting the last applied indexto:(t:0, i:~)
2019-09-24 23:21:13,195 [pool-27-thread-1] INFO  server.RaftServerConfigKeys (ConfUtils.java:logGet(43)) - raft.server.notification.no-leader.timeout = 120s (custom)
2019-09-24 23:21:13,198 [pool-27-thread-1] INFO  server.RaftServerConfigKeys (ConfUtils.java:logGet(43)) - raft.server.log.use.memory = false (default)
2019-09-24 23:21:13,204 [pool-27-thread-1] INFO  server.RaftServerConfigKeys (ConfUtils.java:logGet(43)) - raft.server.log.purge.gap = 1000000 (custom)
2019-09-24 23:21:13,204 [pool-27-thread-1] INFO  server.RaftServerConfigKeys (ConfUtils.java:logGet(43)) - raft.server.log.appender.buffer.byte-limit = 33554432 (custom)
2019-09-24 23:21:13,207 [pool-27-thread-1] INFO  server.RaftServerConfigKeys (ConfUtils.java:logGet(43)) - raft.server.log.segment.size.max = 1048576 (custom)
2019-09-24 23:21:13,211 [pool-27-thread-1] INFO  server.RaftServerConfigKeys (ConfUtils.java:logGet(43)) - raft.server.log.segment.cache.num.max = 2 (custom)
2019-09-24 23:21:13,217 [pool-27-thread-1] INFO  segmented.SegmentedRaftLogWorker (SegmentedRaftLogWorker.java:<init>(172)) - new 69e28fe1-00c1-4445-ac62-1ecce60d6724@group-20B6E8884658-SegmentedRaftLogWorker for RaftStorage:Storage Directory /workdir/hadoop-ozone/integration-test/target/test-dir/MiniOzoneClusterImpl-8c4156f6-ba4f-4261-a5fa-d2631acace6e/datanode-0/data/ratis/8ee9c467-43c8-4b40-9ee8-20b6e8884658
2019-09-24 23:21:13,219 [pool-27-thread-1] INFO  impl.MetricsSystemImpl (MetricsSystemImpl.java:init(158)) - ratis metrics system started (again)
2019-09-24 23:21:13,226 [pool-27-thread-1] INFO  metrics.MetricRegistries (MetricRegistriesLoader.java:load(64)) - Loaded MetricRegistries class org.apache.ratis.metrics.impl.MetricRegistriesImpl
2019-09-24 23:21:13,257 [pool-27-thread-1] INFO  server.RaftServerConfigKeys (ConfUtils.java:logGet(43)) - raft.server.log.queue.byte-limit = 2147483647 (custom)
2019-09-24 23:21:13,257 [pool-27-thread-1] INFO  server.RaftServerConfigKeys (ConfUtils.java:logGet(43)) - raft.server.log.queue.element-limit = 1024 (custom)
2019-09-24 23:21:13,262 [pool-27-thread-1] INFO  server.RaftServerConfigKeys (ConfUtils.java:logGet(43)) - raft.server.log.segment.size.max = 1048576 (custom)
2019-09-24 23:21:13,263 [pool-27-thread-1] INFO  server.RaftServerConfigKeys (ConfUtils.java:logGet(43)) - raft.server.log.preallocated.size = 16384 (custom)
2019-09-24 23:21:13,263 [pool-27-thread-1] INFO  server.RaftServerConfigKeys (ConfUtils.java:logGet(43)) - raft.server.log.write.buffer.size = 33554432 (custom)
2019-09-24 23:21:13,263 [pool-27-thread-1] INFO  server.RaftServerConfigKeys (ConfUtils.java:logGet(43)) - raft.server.log.force.sync.num = 128 (default)
2019-09-24 23:21:13,264 [pool-27-thread-1] INFO  server.RaftServerConfigKeys (ConfUtils.java:logGet(43)) - raft.server.log.statemachine.data.sync = true (default)
2019-09-24 23:21:13,265 [pool-27-thread-1] INFO  server.RaftServerConfigKeys (ConfUtils.java:logGet(43)) - raft.server.log.statemachine.data.sync.timeout = 10s (default)
2019-09-24 23:21:13,265 [pool-27-thread-1] INFO  server.RaftServerConfigKeys (ConfUtils.java:logGet(43)) - raft.server.log.statemachine.data.sync.timeout.retry = -1 (default)
2019-09-24 23:21:13,274 [pool-27-thread-1] INFO  server.RaftServerConfigKeys (ConfUtils.java:logGet(43)) - raft.server.log.statemachine.data.caching.enabled = true (custom)
2019-09-24 23:21:13,278 [pool-27-thread-1] INFO  segmented.SegmentedRaftLogWorker (SegmentedRaftLogWorker.java:lambda$new$0(132)) - 69e28fe1-00c1-4445-ac62-1ecce60d6724@group-20B6E8884658-SegmentedRaftLogWorker: flushIndex: setUnconditionally 0 -> -1
2019-09-24 23:21:13,282 [pool-27-thread-1] INFO  server.RaftServerConfigKeys (ConfUtils.java:logGet(43)) - raft.server.snapshot.auto.trigger.enabled = true (custom)
2019-09-24 23:21:13,283 [pool-27-thread-1] INFO  server.RaftServerConfigKeys (ConfUtils.java:logGet(43)) - raft.server.snapshot.auto.trigger.threshold = 10000 (custom)
2019-09-24 23:21:13,283 [pool-27-thread-1] INFO  server.RaftServerConfigKeys (ConfUtils.java:logGet(43)) - raft.server.snapshot.retention.num.files = 5 (custom)
2019-09-24 23:21:13,284 [pool-27-thread-1] INFO  server.RaftServerConfigKeys (ConfUtils.java:logGet(43)) - raft.server.retrycache.expirytime = 600000ms (custom)
2019-09-24 23:21:13,308 [pool-27-thread-1] INFO  impl.RaftServerImpl (RaftServerImpl.java:start(185)) - 69e28fe1-00c1-4445-ac62-1ecce60d6724@group-20B6E8884658: start as a follower, conf=-1: [69e28fe1-00c1-4445-ac62-1ecce60d6724:192.168.151.66:44017], old=null
2019-09-24 23:21:13,309 [pool-27-thread-1] INFO  impl.RaftServerImpl (RaftServerImpl.java:setRole(174)) - 69e28fe1-00c1-4445-ac62-1ecce60d6724@group-20B6E8884658: changes role from      null to FOLLOWER at term 0 for startAsFollower
2019-09-24 23:21:13,310 [pool-27-thread-1] INFO  impl.RoleInfo (RoleInfo.java:updateAndGet(143)) - 69e28fe1-00c1-4445-ac62-1ecce60d6724: start FollowerState
2019-09-24 23:21:13,312 [pool-27-thread-1] INFO  util.JmxRegister (JmxRegister.java:tryRegister(44)) - Successfully registered JMX Bean with object name Ratis:service=RaftServer,group=group-20B6E8884658,id=69e28fe1-00c1-4445-ac62-1ecce60d6724
2019-09-24 23:21:13,386 [RatisPipelineUtilsThread] INFO  pipeline.PipelineStateManager (PipelineStateManager.java:addPipeline(56)) - Created pipeline Pipeline[ Id: 8ee9c467-43c8-4b40-9ee8-20b6e8884658, Nodes: 69e28fe1-00c1-4445-ac62-1ecce60d6724{ip: 192.168.151.66, host: pr-hdds-2162-v2v4x-1150571016, networkLocation: /default-rack, certSerialId: null}, Type:RATIS, Factor:ONE, State:OPEN]
2019-09-24 23:21:13,420 [grpc-default-executor-0] INFO  impl.RaftServerProxy (RaftServerProxy.java:addNew(89)) - eb551bd8-dc24-44e0-bb3e-8d47f4074a43: addNew group-F2AF15F7DE5D:[eb551bd8-dc24-44e0-bb3e-8d47f4074a43:192.168.151.66:35415] returns group-F2AF15F7DE5D:java.util.concurrent.CompletableFuture@50f658f1[Not completed]
2019-09-24 23:21:13,483 [pool-37-thread-1] INFO  impl.RaftServerImpl (RaftServerImpl.java:<init>(95)) - eb551bd8-dc24-44e0-bb3e-8d47f4074a43: new RaftServerImpl for group-F2AF15F7DE5D:[eb551bd8-dc24-44e0-bb3e-8d47f4074a43:192.168.151.66:35415] with ContainerStateMachine:uninitialized
2019-09-24 23:21:13,485 [pool-37-thread-1] INFO  server.RaftServerConfigKeys (ConfUtils.java:logGet(43)) - raft.server.rpc.timeout.min = 5s (custom)
2019-09-24 23:21:13,486 [pool-37-thread-1] INFO  server.RaftServerConfigKeys (ConfUtils.java:logGet(43)) - raft.server.rpc.timeout.max = 5200ms (custom)
2019-09-24 23:21:13,486 [pool-37-thread-1] INFO  server.RaftServerConfigKeys (ConfUtils.java:logGet(43)) - raft.server.rpcslowness.timeout = 120s (custom)
2019-09-24 23:21:13,486 [pool-37-thread-1] INFO  server.RaftServerConfigKeys (ConfUtils.java:logGet(43)) - raft.server.sleep.deviation.threshold = 300 (default)
2019-09-24 23:21:13,486 [pool-37-thread-1] INFO  server.RaftServerConfigKeys (ConfUtils.java:logGet(43)) - raft.server.log.appender.install.snapshot.enabled = false (custom)
2019-09-24 23:21:13,486 [pool-37-thread-1] INFO  impl.RaftServerImpl (ServerState.java:<init>(103)) - eb551bd8-dc24-44e0-bb3e-8d47f4074a43@group-F2AF15F7DE5D: ConfigurationManager, init=-1: [eb551bd8-dc24-44e0-bb3e-8d47f4074a43:192.168.151.66:35415], old=null, confs=<EMPTY_MAP>
2019-09-24 23:21:13,487 [pool-37-thread-1] INFO  server.RaftServerConfigKeys (ConfUtils.java:logGet(43)) - raft.server.storage.dir = [/workdir/hadoop-ozone/integration-test/target/test-dir/MiniOzoneClusterImpl-8c4156f6-ba4f-4261-a5fa-d2631acace6e/datanode-1/data/ratis] (custom)
2019-09-24 23:21:13,487 [pool-37-thread-1] INFO  storage.RaftStorageDirectory (RaftStorageDirectory.java:analyzeStorage(246)) - The storage directory /workdir/hadoop-ozone/integration-test/target/test-dir/MiniOzoneClusterImpl-8c4156f6-ba4f-4261-a5fa-d2631acace6e/datanode-1/data/ratis/de4950a4-bae2-4695-94d3-f2af15f7de5d does not exist. Creating ...
2019-09-24 23:21:13,512 [pool-37-thread-1] INFO  storage.RaftStorageDirectory (RaftStorageDirectory.java:tryLock(328)) - Lock on /workdir/hadoop-ozone/integration-test/target/test-dir/MiniOzoneClusterImpl-8c4156f6-ba4f-4261-a5fa-d2631acace6e/datanode-1/data/ratis/de4950a4-bae2-4695-94d3-f2af15f7de5d/in_use.lock acquired by nodename 27986@pr-hdds-2162-v2v4x-1150571016
2019-09-24 23:21:13,536 [pool-37-thread-1] INFO  storage.RaftStorage (RaftStorage.java:format(72)) - Storage directory /workdir/hadoop-ozone/integration-test/target/test-dir/MiniOzoneClusterImpl-8c4156f6-ba4f-4261-a5fa-d2631acace6e/datanode-1/data/ratis/de4950a4-bae2-4695-94d3-f2af15f7de5d has been successfully formatted.
2019-09-24 23:21:13,538 [pool-37-thread-1] INFO  ratis.ContainerStateMachine (ContainerStateMachine.java:loadSnapshot(230)) - group-F2AF15F7DE5D: The snapshot info is null. Setting the last applied indexto:(t:0, i:~)
2019-09-24 23:21:13,541 [pool-37-thread-1] INFO  server.RaftServerConfigKeys (ConfUtils.java:logGet(43)) - raft.server.notification.no-leader.timeout = 120s (custom)
2019-09-24 23:21:13,541 [pool-37-thread-1] INFO  server.RaftServerConfigKeys (ConfUtils.java:logGet(43)) - raft.server.log.use.memory = false (default)
2019-09-24 23:21:13,541 [pool-37-thread-1] INFO  server.RaftServerConfigKeys (ConfUtils.java:logGet(43)) - raft.server.log.purge.gap = 1000000 (custom)
2019-09-24 23:21:13,541 [pool-37-thread-1] INFO  server.RaftServerConfigKeys (ConfUtils.java:logGet(43)) - raft.server.log.appender.buffer.byte-limit = 33554432 (custom)
2019-09-24 23:21:13,541 [pool-37-thread-1] INFO  server.RaftServerConfigKeys (ConfUtils.java:logGet(43)) - raft.server.log.segment.size.max = 1048576 (custom)
2019-09-24 23:21:13,542 [pool-37-thread-1] INFO  server.RaftServerConfigKeys (ConfUtils.java:logGet(43)) - raft.server.log.segment.cache.num.max = 2 (custom)
2019-09-24 23:21:13,542 [pool-37-thread-1] INFO  segmented.SegmentedRaftLogWorker (SegmentedRaftLogWorker.java:<init>(172)) - new eb551bd8-dc24-44e0-bb3e-8d47f4074a43@group-F2AF15F7DE5D-SegmentedRaftLogWorker for RaftStorage:Storage Directory /workdir/hadoop-ozone/integration-test/target/test-dir/MiniOzoneClusterImpl-8c4156f6-ba4f-4261-a5fa-d2631acace6e/datanode-1/data/ratis/de4950a4-bae2-4695-94d3-f2af15f7de5d
2019-09-24 23:21:13,550 [pool-37-thread-1] INFO  server.RaftServerConfigKeys (ConfUtils.java:logGet(43)) - raft.server.log.queue.byte-limit = 2147483647 (custom)
2019-09-24 23:21:13,551 [pool-37-thread-1] INFO  server.RaftServerConfigKeys (ConfUtils.java:logGet(43)) - raft.server.log.queue.element-limit = 1024 (custom)
2019-09-24 23:21:13,551 [pool-37-thread-1] INFO  server.RaftServerConfigKeys (ConfUtils.java:logGet(43)) - raft.server.log.segment.size.max = 1048576 (custom)
2019-09-24 23:21:13,551 [pool-37-thread-1] INFO  server.RaftServerConfigKeys (ConfUtils.java:logGet(43)) - raft.server.log.preallocated.size = 16384 (custom)
2019-09-24 23:21:13,552 [pool-37-thread-1] INFO  server.RaftServerConfigKeys (ConfUtils.java:logGet(43)) - raft.server.log.write.buffer.size = 33554432 (custom)
2019-09-24 23:21:13,552 [pool-37-thread-1] INFO  server.RaftServerConfigKeys (ConfUtils.java:logGet(43)) - raft.server.log.force.sync.num = 128 (default)
2019-09-24 23:21:13,552 [pool-37-thread-1] INFO  server.RaftServerConfigKeys (ConfUtils.java:logGet(43)) - raft.server.log.statemachine.data.sync = true (default)
2019-09-24 23:21:13,552 [pool-37-thread-1] INFO  server.RaftServerConfigKeys (ConfUtils.java:logGet(43)) - raft.server.log.statemachine.data.sync.timeout = 10s (default)
2019-09-24 23:21:13,552 [pool-37-thread-1] INFO  server.RaftServerConfigKeys (ConfUtils.java:logGet(43)) - raft.server.log.statemachine.data.sync.timeout.retry = -1 (default)
2019-09-24 23:21:13,553 [pool-37-thread-1] INFO  server.RaftServerConfigKeys (ConfUtils.java:logGet(43)) - raft.server.log.statemachine.data.caching.enabled = true (custom)
2019-09-24 23:21:13,553 [pool-37-thread-1] INFO  segmented.SegmentedRaftLogWorker (SegmentedRaftLogWorker.java:lambda$new$0(132)) - eb551bd8-dc24-44e0-bb3e-8d47f4074a43@group-F2AF15F7DE5D-SegmentedRaftLogWorker: flushIndex: setUnconditionally 0 -> -1
2019-09-24 23:21:13,554 [pool-37-thread-1] INFO  server.RaftServerConfigKeys (ConfUtils.java:logGet(43)) - raft.server.snapshot.auto.trigger.enabled = true (custom)
2019-09-24 23:21:13,554 [pool-37-thread-1] INFO  server.RaftServerConfigKeys (ConfUtils.java:logGet(43)) - raft.server.snapshot.auto.trigger.threshold = 10000 (custom)
2019-09-24 23:21:13,554 [pool-37-thread-1] INFO  server.RaftServerConfigKeys (ConfUtils.java:logGet(43)) - raft.server.snapshot.retention.num.files = 5 (custom)
2019-09-24 23:21:13,555 [pool-37-thread-1] INFO  server.RaftServerConfigKeys (ConfUtils.java:logGet(43)) - raft.server.retrycache.expirytime = 600000ms (custom)
2019-09-24 23:21:13,561 [pool-37-thread-1] INFO  impl.RaftServerImpl (RaftServerImpl.java:start(185)) - eb551bd8-dc24-44e0-bb3e-8d47f4074a43@group-F2AF15F7DE5D: start as a follower, conf=-1: [eb551bd8-dc24-44e0-bb3e-8d47f4074a43:192.168.151.66:35415], old=null
2019-09-24 23:21:13,561 [pool-37-thread-1] INFO  impl.RaftServerImpl (RaftServerImpl.java:setRole(174)) - eb551bd8-dc24-44e0-bb3e-8d47f4074a43@group-F2AF15F7DE5D: changes role from      null to FOLLOWER at term 0 for startAsFollower
2019-09-24 23:21:13,562 [pool-37-thread-1] INFO  impl.RoleInfo (RoleInfo.java:updateAndGet(143)) - eb551bd8-dc24-44e0-bb3e-8d47f4074a43: start FollowerState
2019-09-24 23:21:13,564 [pool-37-thread-1] INFO  util.JmxRegister (JmxRegister.java:tryRegister(44)) - Successfully registered JMX Bean with object name Ratis:service=RaftServer,group=group-F2AF15F7DE5D,id=eb551bd8-dc24-44e0-bb3e-8d47f4074a43
2019-09-24 23:21:13,580 [RatisPipelineUtilsThread] INFO  pipeline.PipelineStateManager (PipelineStateManager.java:addPipeline(56)) - Created pipeline Pipeline[ Id: de4950a4-bae2-4695-94d3-f2af15f7de5d, Nodes: eb551bd8-dc24-44e0-bb3e-8d47f4074a43{ip: 192.168.151.66, host: pr-hdds-2162-v2v4x-1150571016, networkLocation: /default-rack, certSerialId: null}, Type:RATIS, Factor:ONE, State:OPEN]
2019-09-24 23:21:13,610 [grpc-default-executor-0] INFO  impl.RaftServerProxy (RaftServerProxy.java:addNew(89)) - a3290348-6ac5-4de5-b30b-c7902ea8fed4: addNew group-E2F35B8D7347:[a3290348-6ac5-4de5-b30b-c7902ea8fed4:192.168.151.66:41100] returns group-E2F35B8D7347:java.util.concurrent.CompletableFuture@5a29db82[Not completed]
2019-09-24 23:21:13,640 [pool-87-thread-1] INFO  impl.RaftServerImpl (RaftServerImpl.java:<init>(95)) - a3290348-6ac5-4de5-b30b-c7902ea8fed4: new RaftServerImpl for group-E2F35B8D7347:[a3290348-6ac5-4de5-b30b-c7902ea8fed4:192.168.151.66:41100] with ContainerStateMachine:uninitialized
2019-09-24 23:21:13,640 [pool-87-thread-1] INFO  server.RaftServerConfigKeys (ConfUtils.java:logGet(43)) - raft.server.rpc.timeout.min = 5s (custom)
2019-09-24 23:21:13,640 [pool-87-thread-1] INFO  server.RaftServerConfigKeys (ConfUtils.java:logGet(43)) - raft.server.rpc.timeout.max = 5200ms (custom)
2019-09-24 23:21:13,641 [pool-87-thread-1] INFO  server.RaftServerConfigKeys (ConfUtils.java:logGet(43)) - raft.server.rpcslowness.timeout = 120s (custom)
2019-09-24 23:21:13,641 [pool-87-thread-1] INFO  server.RaftServerConfigKeys (ConfUtils.java:logGet(43)) - raft.server.sleep.deviation.threshold = 300 (default)
2019-09-24 23:21:13,641 [pool-87-thread-1] INFO  server.RaftServerConfigKeys (ConfUtils.java:logGet(43)) - raft.server.log.appender.install.snapshot.enabled = false (custom)
2019-09-24 23:21:13,641 [pool-87-thread-1] INFO  impl.RaftServerImpl (ServerState.java:<init>(103)) - a3290348-6ac5-4de5-b30b-c7902ea8fed4@group-E2F35B8D7347: ConfigurationManager, init=-1: [a3290348-6ac5-4de5-b30b-c7902ea8fed4:192.168.151.66:41100], old=null, confs=<EMPTY_MAP>
2019-09-24 23:21:13,641 [pool-87-thread-1] INFO  server.RaftServerConfigKeys (ConfUtils.java:logGet(43)) - raft.server.storage.dir = [/workdir/hadoop-ozone/integration-test/target/test-dir/MiniOzoneClusterImpl-8c4156f6-ba4f-4261-a5fa-d2631acace6e/datanode-6/data/ratis] (custom)
2019-09-24 23:21:13,642 [pool-87-thread-1] INFO  storage.RaftStorageDirectory (RaftStorageDirectory.java:analyzeStorage(246)) - The storage directory /workdir/hadoop-ozone/integration-test/target/test-dir/MiniOzoneClusterImpl-8c4156f6-ba4f-4261-a5fa-d2631acace6e/datanode-6/data/ratis/efa1bdd2-7eb1-4120-82cf-e2f35b8d7347 does not exist. Creating ...
2019-09-24 23:21:13,655 [pool-87-thread-1] INFO  storage.RaftStorageDirectory (RaftStorageDirectory.java:tryLock(328)) - Lock on /workdir/hadoop-ozone/integration-test/target/test-dir/MiniOzoneClusterImpl-8c4156f6-ba4f-4261-a5fa-d2631acace6e/datanode-6/data/ratis/efa1bdd2-7eb1-4120-82cf-e2f35b8d7347/in_use.lock acquired by nodename 27986@pr-hdds-2162-v2v4x-1150571016
2019-09-24 23:21:13,668 [pool-87-thread-1] INFO  storage.RaftStorage (RaftStorage.java:format(72)) - Storage directory /workdir/hadoop-ozone/integration-test/target/test-dir/MiniOzoneClusterImpl-8c4156f6-ba4f-4261-a5fa-d2631acace6e/datanode-6/data/ratis/efa1bdd2-7eb1-4120-82cf-e2f35b8d7347 has been successfully formatted.
2019-09-24 23:21:13,669 [pool-87-thread-1] INFO  ratis.ContainerStateMachine (ContainerStateMachine.java:loadSnapshot(230)) - group-E2F35B8D7347: The snapshot info is null. Setting the last applied indexto:(t:0, i:~)
2019-09-24 23:21:13,669 [pool-87-thread-1] INFO  server.RaftServerConfigKeys (ConfUtils.java:logGet(43)) - raft.server.notification.no-leader.timeout = 120s (custom)
2019-09-24 23:21:13,669 [pool-87-thread-1] INFO  server.RaftServerConfigKeys (ConfUtils.java:logGet(43)) - raft.server.log.use.memory = false (default)
2019-09-24 23:21:13,669 [pool-87-thread-1] INFO  server.RaftServerConfigKeys (ConfUtils.java:logGet(43)) - raft.server.log.purge.gap = 1000000 (custom)
2019-09-24 23:21:13,670 [pool-87-thread-1] INFO  server.RaftServerConfigKeys (ConfUtils.java:logGet(43)) - raft.server.log.appender.buffer.byte-limit = 33554432 (custom)
2019-09-24 23:21:13,670 [pool-87-thread-1] INFO  server.RaftServerConfigKeys (ConfUtils.java:logGet(43)) - raft.server.log.segment.size.max = 1048576 (custom)
2019-09-24 23:21:13,670 [pool-87-thread-1] INFO  server.RaftServerConfigKeys (ConfUtils.java:logGet(43)) - raft.server.log.segment.cache.num.max = 2 (custom)
2019-09-24 23:21:13,670 [pool-87-thread-1] INFO  segmented.SegmentedRaftLogWorker (SegmentedRaftLogWorker.java:<init>(172)) - new a3290348-6ac5-4de5-b30b-c7902ea8fed4@group-E2F35B8D7347-SegmentedRaftLogWorker for RaftStorage:Storage Directory /workdir/hadoop-ozone/integration-test/target/test-dir/MiniOzoneClusterImpl-8c4156f6-ba4f-4261-a5fa-d2631acace6e/datanode-6/data/ratis/efa1bdd2-7eb1-4120-82cf-e2f35b8d7347
2019-09-24 23:21:13,720 [pool-87-thread-1] INFO  server.RaftServerConfigKeys (ConfUtils.java:logGet(43)) - raft.server.log.queue.byte-limit = 2147483647 (custom)
2019-09-24 23:21:13,720 [pool-87-thread-1] INFO  server.RaftServerConfigKeys (ConfUtils.java:logGet(43)) - raft.server.log.queue.element-limit = 1024 (custom)
2019-09-24 23:21:13,721 [pool-87-thread-1] INFO  server.RaftServerConfigKeys (ConfUtils.java:logGet(43)) - raft.server.log.segment.size.max = 1048576 (custom)
2019-09-24 23:21:13,721 [pool-87-thread-1] INFO  server.RaftServerConfigKeys (ConfUtils.java:logGet(43)) - raft.server.log.preallocated.size = 16384 (custom)
2019-09-24 23:21:13,722 [pool-87-thread-1] INFO  server.RaftServerConfigKeys (ConfUtils.java:logGet(43)) - raft.server.log.write.buffer.size = 33554432 (custom)
2019-09-24 23:21:13,722 [pool-87-thread-1] INFO  server.RaftServerConfigKeys (ConfUtils.java:logGet(43)) - raft.server.log.force.sync.num = 128 (default)
2019-09-24 23:21:13,722 [pool-87-thread-1] INFO  server.RaftServerConfigKeys (ConfUtils.java:logGet(43)) - raft.server.log.statemachine.data.sync = true (default)
2019-09-24 23:21:13,722 [pool-87-thread-1] INFO  server.RaftServerConfigKeys (ConfUtils.java:logGet(43)) - raft.server.log.statemachine.data.sync.timeout = 10s (default)
2019-09-24 23:21:13,723 [pool-87-thread-1] INFO  server.RaftServerConfigKeys (ConfUtils.java:logGet(43)) - raft.server.log.statemachine.data.sync.timeout.retry = -1 (default)
2019-09-24 23:21:13,723 [pool-87-thread-1] INFO  server.RaftServerConfigKeys (ConfUtils.java:logGet(43)) - raft.server.log.statemachine.data.caching.enabled = true (custom)
2019-09-24 23:21:13,724 [pool-87-thread-1] INFO  segmented.SegmentedRaftLogWorker (SegmentedRaftLogWorker.java:lambda$new$0(132)) - a3290348-6ac5-4de5-b30b-c7902ea8fed4@group-E2F35B8D7347-SegmentedRaftLogWorker: flushIndex: setUnconditionally 0 -> -1
2019-09-24 23:21:13,724 [pool-87-thread-1] INFO  server.RaftServerConfigKeys (ConfUtils.java:logGet(43)) - raft.server.snapshot.auto.trigger.enabled = true (custom)
2019-09-24 23:21:13,724 [pool-87-thread-1] INFO  server.RaftServerConfigKeys (ConfUtils.java:logGet(43)) - raft.server.snapshot.auto.trigger.threshold = 10000 (custom)
2019-09-24 23:21:13,725 [pool-87-thread-1] INFO  server.RaftServerConfigKeys (ConfUtils.java:logGet(43)) - raft.server.snapshot.retention.num.files = 5 (custom)
2019-09-24 23:21:13,726 [pool-87-thread-1] INFO  server.RaftServerConfigKeys (ConfUtils.java:logGet(43)) - raft.server.retrycache.expirytime = 600000ms (custom)
2019-09-24 23:21:13,732 [pool-87-thread-1] INFO  impl.RaftServerImpl (RaftServerImpl.java:start(185)) - a3290348-6ac5-4de5-b30b-c7902ea8fed4@group-E2F35B8D7347: start as a follower, conf=-1: [a3290348-6ac5-4de5-b30b-c7902ea8fed4:192.168.151.66:41100], old=null
2019-09-24 23:21:13,732 [pool-87-thread-1] INFO  impl.RaftServerImpl (RaftServerImpl.java:setRole(174)) - a3290348-6ac5-4de5-b30b-c7902ea8fed4@group-E2F35B8D7347: changes role from      null to FOLLOWER at term 0 for startAsFollower
2019-09-24 23:21:13,733 [pool-87-thread-1] INFO  impl.RoleInfo (RoleInfo.java:updateAndGet(143)) - a3290348-6ac5-4de5-b30b-c7902ea8fed4: start FollowerState
2019-09-24 23:21:13,733 [pool-87-thread-1] INFO  util.JmxRegister (JmxRegister.java:tryRegister(44)) - Successfully registered JMX Bean with object name Ratis:service=RaftServer,group=group-E2F35B8D7347,id=a3290348-6ac5-4de5-b30b-c7902ea8fed4
2019-09-24 23:21:13,748 [RatisPipelineUtilsThread] INFO  pipeline.PipelineStateManager (PipelineStateManager.java:addPipeline(56)) - Created pipeline Pipeline[ Id: efa1bdd2-7eb1-4120-82cf-e2f35b8d7347, Nodes: a3290348-6ac5-4de5-b30b-c7902ea8fed4{ip: 192.168.151.66, host: pr-hdds-2162-v2v4x-1150571016, networkLocation: /default-rack, certSerialId: null}, Type:RATIS, Factor:ONE, State:OPEN]
2019-09-24 23:21:13,771 [grpc-default-executor-0] INFO  impl.RaftServerProxy (RaftServerProxy.java:addNew(89)) - 689e79db-c0a9-475a-9361-b09b91adf7c9: addNew group-C2974B5F8EBA:[689e79db-c0a9-475a-9361-b09b91adf7c9:192.168.151.66:41183] returns group-C2974B5F8EBA:java.util.concurrent.CompletableFuture@5dbcac82[Not completed]
2019-09-24 23:21:13,775 [pool-57-thread-1] INFO  impl.RaftServerImpl (RaftServerImpl.java:<init>(95)) - 689e79db-c0a9-475a-9361-b09b91adf7c9: new RaftServerImpl for group-C2974B5F8EBA:[689e79db-c0a9-475a-9361-b09b91adf7c9:192.168.151.66:41183] with ContainerStateMachine:uninitialized
2019-09-24 23:21:13,776 [pool-57-thread-1] INFO  server.RaftServerConfigKeys (ConfUtils.java:logGet(43)) - raft.server.rpc.timeout.min = 5s (custom)
2019-09-24 23:21:13,776 [pool-57-thread-1] INFO  server.RaftServerConfigKeys (ConfUtils.java:logGet(43)) - raft.server.rpc.timeout.max = 5200ms (custom)
2019-09-24 23:21:13,776 [pool-57-thread-1] INFO  server.RaftServerConfigKeys (ConfUtils.java:logGet(43)) - raft.server.rpcslowness.timeout = 120s (custom)
2019-09-24 23:21:13,776 [pool-57-thread-1] INFO  server.RaftServerConfigKeys (ConfUtils.java:logGet(43)) - raft.server.sleep.deviation.threshold = 300 (default)
2019-09-24 23:21:13,776 [pool-57-thread-1] INFO  server.RaftServerConfigKeys (ConfUtils.java:logGet(43)) - raft.server.log.appender.install.snapshot.enabled = false (custom)
2019-09-24 23:21:13,777 [pool-57-thread-1] INFO  impl.RaftServerImpl (ServerState.java:<init>(103)) - 689e79db-c0a9-475a-9361-b09b91adf7c9@group-C2974B5F8EBA: ConfigurationManager, init=-1: [689e79db-c0a9-475a-9361-b09b91adf7c9:192.168.151.66:41183], old=null, confs=<EMPTY_MAP>
2019-09-24 23:21:13,777 [pool-57-thread-1] INFO  server.RaftServerConfigKeys (ConfUtils.java:logGet(43)) - raft.server.storage.dir = [/workdir/hadoop-ozone/integration-test/target/test-dir/MiniOzoneClusterImpl-8c4156f6-ba4f-4261-a5fa-d2631acace6e/datanode-3/data/ratis] (custom)
2019-09-24 23:21:13,777 [pool-57-thread-1] INFO  storage.RaftStorageDirectory (RaftStorageDirectory.java:analyzeStorage(246)) - The storage directory /workdir/hadoop-ozone/integration-test/target/test-dir/MiniOzoneClusterImpl-8c4156f6-ba4f-4261-a5fa-d2631acace6e/datanode-3/data/ratis/138d664a-86be-48b7-92aa-c2974b5f8eba does not exist. Creating ...
2019-09-24 23:21:13,790 [pool-57-thread-1] INFO  storage.RaftStorageDirectory (RaftStorageDirectory.java:tryLock(328)) - Lock on /workdir/hadoop-ozone/integration-test/target/test-dir/MiniOzoneClusterImpl-8c4156f6-ba4f-4261-a5fa-d2631acace6e/datanode-3/data/ratis/138d664a-86be-48b7-92aa-c2974b5f8eba/in_use.lock acquired by nodename 27986@pr-hdds-2162-v2v4x-1150571016
2019-09-24 23:21:13,809 [pool-57-thread-1] INFO  storage.RaftStorage (RaftStorage.java:format(72)) - Storage directory /workdir/hadoop-ozone/integration-test/target/test-dir/MiniOzoneClusterImpl-8c4156f6-ba4f-4261-a5fa-d2631acace6e/datanode-3/data/ratis/138d664a-86be-48b7-92aa-c2974b5f8eba has been successfully formatted.
2019-09-24 23:21:13,809 [pool-57-thread-1] INFO  ratis.ContainerStateMachine (ContainerStateMachine.java:loadSnapshot(230)) - group-C2974B5F8EBA: The snapshot info is null. Setting the last applied indexto:(t:0, i:~)
2019-09-24 23:21:13,809 [pool-57-thread-1] INFO  server.RaftServerConfigKeys (ConfUtils.java:logGet(43)) - raft.server.notification.no-leader.timeout = 120s (custom)
2019-09-24 23:21:13,810 [pool-57-thread-1] INFO  server.RaftServerConfigKeys (ConfUtils.java:logGet(43)) - raft.server.log.use.memory = false (default)
2019-09-24 23:21:13,810 [pool-57-thread-1] INFO  server.RaftServerConfigKeys (ConfUtils.java:logGet(43)) - raft.server.log.purge.gap = 1000000 (custom)
2019-09-24 23:21:13,810 [pool-57-thread-1] INFO  server.RaftServerConfigKeys (ConfUtils.java:logGet(43)) - raft.server.log.appender.buffer.byte-limit = 33554432 (custom)
2019-09-24 23:21:13,810 [pool-57-thread-1] INFO  server.RaftServerConfigKeys (ConfUtils.java:logGet(43)) - raft.server.log.segment.size.max = 1048576 (custom)
2019-09-24 23:21:13,810 [pool-57-thread-1] INFO  server.RaftServerConfigKeys (ConfUtils.java:logGet(43)) - raft.server.log.segment.cache.num.max = 2 (custom)
2019-09-24 23:21:13,811 [pool-57-thread-1] INFO  segmented.SegmentedRaftLogWorker (SegmentedRaftLogWorker.java:<init>(172)) - new 689e79db-c0a9-475a-9361-b09b91adf7c9@group-C2974B5F8EBA-SegmentedRaftLogWorker for RaftStorage:Storage Directory /workdir/hadoop-ozone/integration-test/target/test-dir/MiniOzoneClusterImpl-8c4156f6-ba4f-4261-a5fa-d2631acace6e/datanode-3/data/ratis/138d664a-86be-48b7-92aa-c2974b5f8eba
2019-09-24 23:21:13,816 [pool-57-thread-1] INFO  server.RaftServerConfigKeys (ConfUtils.java:logGet(43)) - raft.server.log.queue.byte-limit = 2147483647 (custom)
2019-09-24 23:21:13,816 [pool-57-thread-1] INFO  server.RaftServerConfigKeys (ConfUtils.java:logGet(43)) - raft.server.log.queue.element-limit = 1024 (custom)
2019-09-24 23:21:13,816 [pool-57-thread-1] INFO  server.RaftServerConfigKeys (ConfUtils.java:logGet(43)) - raft.server.log.segment.size.max = 1048576 (custom)
2019-09-24 23:21:13,816 [pool-57-thread-1] INFO  server.RaftServerConfigKeys (ConfUtils.java:logGet(43)) - raft.server.log.preallocated.size = 16384 (custom)
2019-09-24 23:21:13,816 [pool-57-thread-1] INFO  server.RaftServerConfigKeys (ConfUtils.java:logGet(43)) - raft.server.log.write.buffer.size = 33554432 (custom)
2019-09-24 23:21:13,816 [pool-57-thread-1] INFO  server.RaftServerConfigKeys (ConfUtils.java:logGet(43)) - raft.server.log.force.sync.num = 128 (default)
2019-09-24 23:21:13,817 [pool-57-thread-1] INFO  server.RaftServerConfigKeys (ConfUtils.java:logGet(43)) - raft.server.log.statemachine.data.sync = true (default)
2019-09-24 23:21:13,817 [pool-57-thread-1] INFO  server.RaftServerConfigKeys (ConfUtils.java:logGet(43)) - raft.server.log.statemachine.data.sync.timeout = 10s (default)
2019-09-24 23:21:13,817 [pool-57-thread-1] INFO  server.RaftServerConfigKeys (ConfUtils.java:logGet(43)) - raft.server.log.statemachine.data.sync.timeout.retry = -1 (default)
2019-09-24 23:21:13,817 [pool-57-thread-1] INFO  server.RaftServerConfigKeys (ConfUtils.java:logGet(43)) - raft.server.log.statemachine.data.caching.enabled = true (custom)
2019-09-24 23:21:13,818 [pool-57-thread-1] INFO  segmented.SegmentedRaftLogWorker (SegmentedRaftLogWorker.java:lambda$new$0(132)) - 689e79db-c0a9-475a-9361-b09b91adf7c9@group-C2974B5F8EBA-SegmentedRaftLogWorker: flushIndex: setUnconditionally 0 -> -1
2019-09-24 23:21:13,818 [pool-57-thread-1] INFO  server.RaftServerConfigKeys (ConfUtils.java:logGet(43)) - raft.server.snapshot.auto.trigger.enabled = true (custom)
2019-09-24 23:21:13,818 [pool-57-thread-1] INFO  server.RaftServerConfigKeys (ConfUtils.java:logGet(43)) - raft.server.snapshot.auto.trigger.threshold = 10000 (custom)
2019-09-24 23:21:13,818 [pool-57-thread-1] INFO  server.RaftServerConfigKeys (ConfUtils.java:logGet(43)) - raft.server.snapshot.retention.num.files = 5 (custom)
2019-09-24 23:21:13,819 [pool-57-thread-1] INFO  server.RaftServerConfigKeys (ConfUtils.java:logGet(43)) - raft.server.retrycache.expirytime = 600000ms (custom)
2019-09-24 23:21:13,823 [pool-57-thread-1] INFO  impl.RaftServerImpl (RaftServerImpl.java:start(185)) - 689e79db-c0a9-475a-9361-b09b91adf7c9@group-C2974B5F8EBA: start as a follower, conf=-1: [689e79db-c0a9-475a-9361-b09b91adf7c9:192.168.151.66:41183], old=null
2019-09-24 23:21:13,824 [pool-57-thread-1] INFO  impl.RaftServerImpl (RaftServerImpl.java:setRole(174)) - 689e79db-c0a9-475a-9361-b09b91adf7c9@group-C2974B5F8EBA: changes role from      null to FOLLOWER at term 0 for startAsFollower
2019-09-24 23:21:13,824 [pool-57-thread-1] INFO  impl.RoleInfo (RoleInfo.java:updateAndGet(143)) - 689e79db-c0a9-475a-9361-b09b91adf7c9: start FollowerState
2019-09-24 23:21:13,824 [pool-57-thread-1] INFO  util.JmxRegister (JmxRegister.java:tryRegister(44)) - Successfully registered JMX Bean with object name Ratis:service=RaftServer,group=group-C2974B5F8EBA,id=689e79db-c0a9-475a-9361-b09b91adf7c9
2019-09-24 23:21:13,835 [RatisPipelineUtilsThread] INFO  pipeline.PipelineStateManager (PipelineStateManager.java:addPipeline(56)) - Created pipeline Pipeline[ Id: 138d664a-86be-48b7-92aa-c2974b5f8eba, Nodes: 689e79db-c0a9-475a-9361-b09b91adf7c9{ip: 192.168.151.66, host: pr-hdds-2162-v2v4x-1150571016, networkLocation: /default-rack, certSerialId: null}, Type:RATIS, Factor:ONE, State:OPEN]
2019-09-24 23:21:13,854 [grpc-default-executor-0] INFO  impl.RaftServerProxy (RaftServerProxy.java:addNew(89)) - 5930ff46-859e-45ff-a1c3-694564283812: addNew group-1AC46BC061F5:[5930ff46-859e-45ff-a1c3-694564283812:192.168.151.66:39468] returns group-1AC46BC061F5:java.util.concurrent.CompletableFuture@d0d0184[Not completed]
2019-09-24 23:21:13,856 [pool-47-thread-1] INFO  impl.RaftServerImpl (RaftServerImpl.java:<init>(95)) - 5930ff46-859e-45ff-a1c3-694564283812: new RaftServerImpl for group-1AC46BC061F5:[5930ff46-859e-45ff-a1c3-694564283812:192.168.151.66:39468] with ContainerStateMachine:uninitialized
2019-09-24 23:21:13,857 [pool-47-thread-1] INFO  server.RaftServerConfigKeys (ConfUtils.java:logGet(43)) - raft.server.rpc.timeout.min = 5s (custom)
2019-09-24 23:21:13,857 [pool-47-thread-1] INFO  server.RaftServerConfigKeys (ConfUtils.java:logGet(43)) - raft.server.rpc.timeout.max = 5200ms (custom)
2019-09-24 23:21:13,857 [pool-47-thread-1] INFO  server.RaftServerConfigKeys (ConfUtils.java:logGet(43)) - raft.server.rpcslowness.timeout = 120s (custom)
2019-09-24 23:21:13,857 [pool-47-thread-1] INFO  server.RaftServerConfigKeys (ConfUtils.java:logGet(43)) - raft.server.sleep.deviation.threshold = 300 (default)
2019-09-24 23:21:13,857 [pool-47-thread-1] INFO  server.RaftServerConfigKeys (ConfUtils.java:logGet(43)) - raft.server.log.appender.install.snapshot.enabled = false (custom)
2019-09-24 23:21:13,857 [pool-47-thread-1] INFO  impl.RaftServerImpl (ServerState.java:<init>(103)) - 5930ff46-859e-45ff-a1c3-694564283812@group-1AC46BC061F5: ConfigurationManager, init=-1: [5930ff46-859e-45ff-a1c3-694564283812:192.168.151.66:39468], old=null, confs=<EMPTY_MAP>
2019-09-24 23:21:13,857 [pool-47-thread-1] INFO  server.RaftServerConfigKeys (ConfUtils.java:logGet(43)) - raft.server.storage.dir = [/workdir/hadoop-ozone/integration-test/target/test-dir/MiniOzoneClusterImpl-8c4156f6-ba4f-4261-a5fa-d2631acace6e/datanode-2/data/ratis] (custom)
2019-09-24 23:21:13,858 [pool-47-thread-1] INFO  storage.RaftStorageDirectory (RaftStorageDirectory.java:analyzeStorage(246)) - The storage directory /workdir/hadoop-ozone/integration-test/target/test-dir/MiniOzoneClusterImpl-8c4156f6-ba4f-4261-a5fa-d2631acace6e/datanode-2/data/ratis/1e68c9fa-bece-4191-835f-1ac46bc061f5 does not exist. Creating ...
2019-09-24 23:21:13,871 [pool-47-thread-1] INFO  storage.RaftStorageDirectory (RaftStorageDirectory.java:tryLock(328)) - Lock on /workdir/hadoop-ozone/integration-test/target/test-dir/MiniOzoneClusterImpl-8c4156f6-ba4f-4261-a5fa-d2631acace6e/datanode-2/data/ratis/1e68c9fa-bece-4191-835f-1ac46bc061f5/in_use.lock acquired by nodename 27986@pr-hdds-2162-v2v4x-1150571016
2019-09-24 23:21:13,884 [pool-47-thread-1] INFO  storage.RaftStorage (RaftStorage.java:format(72)) - Storage directory /workdir/hadoop-ozone/integration-test/target/test-dir/MiniOzoneClusterImpl-8c4156f6-ba4f-4261-a5fa-d2631acace6e/datanode-2/data/ratis/1e68c9fa-bece-4191-835f-1ac46bc061f5 has been successfully formatted.
2019-09-24 23:21:13,884 [pool-47-thread-1] INFO  ratis.ContainerStateMachine (ContainerStateMachine.java:loadSnapshot(230)) - group-1AC46BC061F5: The snapshot info is null. Setting the last applied indexto:(t:0, i:~)
2019-09-24 23:21:13,884 [pool-47-thread-1] INFO  server.RaftServerConfigKeys (ConfUtils.java:logGet(43)) - raft.server.notification.no-leader.timeout = 120s (custom)
2019-09-24 23:21:13,885 [pool-47-thread-1] INFO  server.RaftServerConfigKeys (ConfUtils.java:logGet(43)) - raft.server.log.use.memory = false (default)
2019-09-24 23:21:13,885 [pool-47-thread-1] INFO  server.RaftServerConfigKeys (ConfUtils.java:logGet(43)) - raft.server.log.purge.gap = 1000000 (custom)
2019-09-24 23:21:13,885 [pool-47-thread-1] INFO  server.RaftServerConfigKeys (ConfUtils.java:logGet(43)) - raft.server.log.appender.buffer.byte-limit = 33554432 (custom)
2019-09-24 23:21:13,885 [pool-47-thread-1] INFO  server.RaftServerConfigKeys (ConfUtils.java:logGet(43)) - raft.server.log.segment.size.max = 1048576 (custom)
2019-09-24 23:21:13,885 [pool-47-thread-1] INFO  server.RaftServerConfigKeys (ConfUtils.java:logGet(43)) - raft.server.log.segment.cache.num.max = 2 (custom)
2019-09-24 23:21:13,885 [pool-47-thread-1] INFO  segmented.SegmentedRaftLogWorker (SegmentedRaftLogWorker.java:<init>(172)) - new 5930ff46-859e-45ff-a1c3-694564283812@group-1AC46BC061F5-SegmentedRaftLogWorker for RaftStorage:Storage Directory /workdir/hadoop-ozone/integration-test/target/test-dir/MiniOzoneClusterImpl-8c4156f6-ba4f-4261-a5fa-d2631acace6e/datanode-2/data/ratis/1e68c9fa-bece-4191-835f-1ac46bc061f5
2019-09-24 23:21:13,888 [pool-47-thread-1] INFO  server.RaftServerConfigKeys (ConfUtils.java:logGet(43)) - raft.server.log.queue.byte-limit = 2147483647 (custom)
2019-09-24 23:21:13,889 [pool-47-thread-1] INFO  server.RaftServerConfigKeys (ConfUtils.java:logGet(43)) - raft.server.log.queue.element-limit = 1024 (custom)
2019-09-24 23:21:13,889 [pool-47-thread-1] INFO  server.RaftServerConfigKeys (ConfUtils.java:logGet(43)) - raft.server.log.segment.size.max = 1048576 (custom)
2019-09-24 23:21:13,890 [pool-47-thread-1] INFO  server.RaftServerConfigKeys (ConfUtils.java:logGet(43)) - raft.server.log.preallocated.size = 16384 (custom)
2019-09-24 23:21:13,890 [pool-47-thread-1] INFO  server.RaftServerConfigKeys (ConfUtils.java:logGet(43)) - raft.server.log.write.buffer.size = 33554432 (custom)
2019-09-24 23:21:13,890 [pool-47-thread-1] INFO  server.RaftServerConfigKeys (ConfUtils.java:logGet(43)) - raft.server.log.force.sync.num = 128 (default)
2019-09-24 23:21:13,890 [pool-47-thread-1] INFO  server.RaftServerConfigKeys (ConfUtils.java:logGet(43)) - raft.server.log.statemachine.data.sync = true (default)
2019-09-24 23:21:13,890 [pool-47-thread-1] INFO  server.RaftServerConfigKeys (ConfUtils.java:logGet(43)) - raft.server.log.statemachine.data.sync.timeout = 10s (default)
2019-09-24 23:21:13,890 [pool-47-thread-1] INFO  server.RaftServerConfigKeys (ConfUtils.java:logGet(43)) - raft.server.log.statemachine.data.sync.timeout.retry = -1 (default)
2019-09-24 23:21:13,890 [pool-47-thread-1] INFO  server.RaftServerConfigKeys (ConfUtils.java:logGet(43)) - raft.server.log.statemachine.data.caching.enabled = true (custom)
2019-09-24 23:21:13,891 [pool-47-thread-1] INFO  segmented.SegmentedRaftLogWorker (SegmentedRaftLogWorker.java:lambda$new$0(132)) - 5930ff46-859e-45ff-a1c3-694564283812@group-1AC46BC061F5-SegmentedRaftLogWorker: flushIndex: setUnconditionally 0 -> -1
2019-09-24 23:21:13,891 [pool-47-thread-1] INFO  server.RaftServerConfigKeys (ConfUtils.java:logGet(43)) - raft.server.snapshot.auto.trigger.enabled = true (custom)
2019-09-24 23:21:13,891 [pool-47-thread-1] INFO  server.RaftServerConfigKeys (ConfUtils.java:logGet(43)) - raft.server.snapshot.auto.trigger.threshold = 10000 (custom)
2019-09-24 23:21:13,891 [pool-47-thread-1] INFO  server.RaftServerConfigKeys (ConfUtils.java:logGet(43)) - raft.server.snapshot.retention.num.files = 5 (custom)
2019-09-24 23:21:13,891 [pool-47-thread-1] INFO  server.RaftServerConfigKeys (ConfUtils.java:logGet(43)) - raft.server.retrycache.expirytime = 600000ms (custom)
2019-09-24 23:21:13,894 [pool-47-thread-1] INFO  impl.RaftServerImpl (RaftServerImpl.java:start(185)) - 5930ff46-859e-45ff-a1c3-694564283812@group-1AC46BC061F5: start as a follower, conf=-1: [5930ff46-859e-45ff-a1c3-694564283812:192.168.151.66:39468], old=null
2019-09-24 23:21:13,895 [pool-47-thread-1] INFO  impl.RaftServerImpl (RaftServerImpl.java:setRole(174)) - 5930ff46-859e-45ff-a1c3-694564283812@group-1AC46BC061F5: changes role from      null to FOLLOWER at term 0 for startAsFollower
2019-09-24 23:21:13,895 [pool-47-thread-1] INFO  impl.RoleInfo (RoleInfo.java:updateAndGet(143)) - 5930ff46-859e-45ff-a1c3-694564283812: start FollowerState
2019-09-24 23:21:13,895 [pool-47-thread-1] INFO  util.JmxRegister (JmxRegister.java:tryRegister(44)) - Successfully registered JMX Bean with object name Ratis:service=RaftServer,group=group-1AC46BC061F5,id=5930ff46-859e-45ff-a1c3-694564283812
2019-09-24 23:21:13,905 [RatisPipelineUtilsThread] INFO  pipeline.PipelineStateManager (PipelineStateManager.java:addPipeline(56)) - Created pipeline Pipeline[ Id: 1e68c9fa-bece-4191-835f-1ac46bc061f5, Nodes: 5930ff46-859e-45ff-a1c3-694564283812{ip: 192.168.151.66, host: pr-hdds-2162-v2v4x-1150571016, networkLocation: /default-rack, certSerialId: null}, Type:RATIS, Factor:ONE, State:OPEN]
2019-09-24 23:21:13,926 [grpc-default-executor-0] INFO  impl.RaftServerProxy (RaftServerProxy.java:addNew(89)) - e20300c2-033d-4ad5-a085-155d7a933709: addNew group-18474DA75312:[e20300c2-033d-4ad5-a085-155d7a933709:192.168.151.66:45929] returns group-18474DA75312:java.util.concurrent.CompletableFuture@3f158f6c[Not completed]
2019-09-24 23:21:13,930 [pool-77-thread-1] INFO  impl.RaftServerImpl (RaftServerImpl.java:<init>(95)) - e20300c2-033d-4ad5-a085-155d7a933709: new RaftServerImpl for group-18474DA75312:[e20300c2-033d-4ad5-a085-155d7a933709:192.168.151.66:45929] with ContainerStateMachine:uninitialized
2019-09-24 23:21:13,930 [pool-77-thread-1] INFO  server.RaftServerConfigKeys (ConfUtils.java:logGet(43)) - raft.server.rpc.timeout.min = 5s (custom)
2019-09-24 23:21:13,930 [pool-77-thread-1] INFO  server.RaftServerConfigKeys (ConfUtils.java:logGet(43)) - raft.server.rpc.timeout.max = 5200ms (custom)
2019-09-24 23:21:13,930 [pool-77-thread-1] INFO  server.RaftServerConfigKeys (ConfUtils.java:logGet(43)) - raft.server.rpcslowness.timeout = 120s (custom)
2019-09-24 23:21:13,930 [pool-77-thread-1] INFO  server.RaftServerConfigKeys (ConfUtils.java:logGet(43)) - raft.server.sleep.deviation.threshold = 300 (default)
2019-09-24 23:21:13,930 [pool-77-thread-1] INFO  server.RaftServerConfigKeys (ConfUtils.java:logGet(43)) - raft.server.log.appender.install.snapshot.enabled = false (custom)
2019-09-24 23:21:13,931 [pool-77-thread-1] INFO  impl.RaftServerImpl (ServerState.java:<init>(103)) - e20300c2-033d-4ad5-a085-155d7a933709@group-18474DA75312: ConfigurationManager, init=-1: [e20300c2-033d-4ad5-a085-155d7a933709:192.168.151.66:45929], old=null, confs=<EMPTY_MAP>
2019-09-24 23:21:13,931 [pool-77-thread-1] INFO  server.RaftServerConfigKeys (ConfUtils.java:logGet(43)) - raft.server.storage.dir = [/workdir/hadoop-ozone/integration-test/target/test-dir/MiniOzoneClusterImpl-8c4156f6-ba4f-4261-a5fa-d2631acace6e/datanode-5/data/ratis] (custom)
2019-09-24 23:21:13,931 [pool-77-thread-1] INFO  storage.RaftStorageDirectory (RaftStorageDirectory.java:analyzeStorage(246)) - The storage directory /workdir/hadoop-ozone/integration-test/target/test-dir/MiniOzoneClusterImpl-8c4156f6-ba4f-4261-a5fa-d2631acace6e/datanode-5/data/ratis/1474d7f8-f73c-4d0a-96b4-18474da75312 does not exist. Creating ...
2019-09-24 23:21:13,944 [pool-77-thread-1] INFO  storage.RaftStorageDirectory (RaftStorageDirectory.java:tryLock(328)) - Lock on /workdir/hadoop-ozone/integration-test/target/test-dir/MiniOzoneClusterImpl-8c4156f6-ba4f-4261-a5fa-d2631acace6e/datanode-5/data/ratis/1474d7f8-f73c-4d0a-96b4-18474da75312/in_use.lock acquired by nodename 27986@pr-hdds-2162-v2v4x-1150571016
2019-09-24 23:21:13,945 [main] INFO  ozone.MiniOzoneClusterImpl (MiniOzoneClusterImpl.java:lambda$waitForClusterToBeReady$0(147)) - Cluster is ready. Got 7 of 7 DN Heartbeats.
2019-09-24 23:21:13,957 [pool-77-thread-1] INFO  storage.RaftStorage (RaftStorage.java:format(72)) - Storage directory /workdir/hadoop-ozone/integration-test/target/test-dir/MiniOzoneClusterImpl-8c4156f6-ba4f-4261-a5fa-d2631acace6e/datanode-5/data/ratis/1474d7f8-f73c-4d0a-96b4-18474da75312 has been successfully formatted.
2019-09-24 23:21:13,957 [pool-77-thread-1] INFO  ratis.ContainerStateMachine (ContainerStateMachine.java:loadSnapshot(230)) - group-18474DA75312: The snapshot info is null. Setting the last applied indexto:(t:0, i:~)
2019-09-24 23:21:13,957 [pool-77-thread-1] INFO  server.RaftServerConfigKeys (ConfUtils.java:logGet(43)) - raft.server.notification.no-leader.timeout = 120s (custom)
2019-09-24 23:21:13,957 [pool-77-thread-1] INFO  server.RaftServerConfigKeys (ConfUtils.java:logGet(43)) - raft.server.log.use.memory = false (default)
2019-09-24 23:21:13,957 [pool-77-thread-1] INFO  server.RaftServerConfigKeys (ConfUtils.java:logGet(43)) - raft.server.log.purge.gap = 1000000 (custom)
2019-09-24 23:21:13,957 [pool-77-thread-1] INFO  server.RaftServerConfigKeys (ConfUtils.java:logGet(43)) - raft.server.log.appender.buffer.byte-limit = 33554432 (custom)
2019-09-24 23:21:13,958 [pool-77-thread-1] INFO  server.RaftServerConfigKeys (ConfUtils.java:logGet(43)) - raft.server.log.segment.size.max = 1048576 (custom)
2019-09-24 23:21:13,958 [pool-77-thread-1] INFO  server.RaftServerConfigKeys (ConfUtils.java:logGet(43)) - raft.server.log.segment.cache.num.max = 2 (custom)
2019-09-24 23:21:13,958 [pool-77-thread-1] INFO  segmented.SegmentedRaftLogWorker (SegmentedRaftLogWorker.java:<init>(172)) - new e20300c2-033d-4ad5-a085-155d7a933709@group-18474DA75312-SegmentedRaftLogWorker for RaftStorage:Storage Directory /workdir/hadoop-ozone/integration-test/target/test-dir/MiniOzoneClusterImpl-8c4156f6-ba4f-4261-a5fa-d2631acace6e/datanode-5/data/ratis/1474d7f8-f73c-4d0a-96b4-18474da75312
2019-09-24 23:21:13,961 [pool-77-thread-1] INFO  server.RaftServerConfigKeys (ConfUtils.java:logGet(43)) - raft.server.log.queue.byte-limit = 2147483647 (custom)
2019-09-24 23:21:13,961 [pool-77-thread-1] INFO  server.RaftServerConfigKeys (ConfUtils.java:logGet(43)) - raft.server.log.queue.element-limit = 1024 (custom)
2019-09-24 23:21:13,961 [pool-77-thread-1] INFO  server.RaftServerConfigKeys (ConfUtils.java:logGet(43)) - raft.server.log.segment.size.max = 1048576 (custom)
2019-09-24 23:21:13,961 [pool-77-thread-1] INFO  server.RaftServerConfigKeys (ConfUtils.java:logGet(43)) - raft.server.log.preallocated.size = 16384 (custom)
2019-09-24 23:21:13,961 [pool-77-thread-1] INFO  server.RaftServerConfigKeys (ConfUtils.java:logGet(43)) - raft.server.log.write.buffer.size = 33554432 (custom)
2019-09-24 23:21:13,961 [pool-77-thread-1] INFO  server.RaftServerConfigKeys (ConfUtils.java:logGet(43)) - raft.server.log.force.sync.num = 128 (default)
2019-09-24 23:21:13,961 [pool-77-thread-1] INFO  server.RaftServerConfigKeys (ConfUtils.java:logGet(43)) - raft.server.log.statemachine.data.sync = true (default)
2019-09-24 23:21:13,961 [pool-77-thread-1] INFO  server.RaftServerConfigKeys (ConfUtils.java:logGet(43)) - raft.server.log.statemachine.data.sync.timeout = 10s (default)
2019-09-24 23:21:13,962 [pool-77-thread-1] INFO  server.RaftServerConfigKeys (ConfUtils.java:logGet(43)) - raft.server.log.statemachine.data.sync.timeout.retry = -1 (default)
2019-09-24 23:21:13,962 [pool-77-thread-1] INFO  server.RaftServerConfigKeys (ConfUtils.java:logGet(43)) - raft.server.log.statemachine.data.caching.enabled = true (custom)
2019-09-24 23:21:13,962 [pool-77-thread-1] INFO  segmented.SegmentedRaftLogWorker (SegmentedRaftLogWorker.java:lambda$new$0(132)) - e20300c2-033d-4ad5-a085-155d7a933709@group-18474DA75312-SegmentedRaftLogWorker: flushIndex: setUnconditionally 0 -> -1
2019-09-24 23:21:13,963 [pool-77-thread-1] INFO  server.RaftServerConfigKeys (ConfUtils.java:logGet(43)) - raft.server.snapshot.auto.trigger.enabled = true (custom)
2019-09-24 23:21:13,963 [pool-77-thread-1] INFO  server.RaftServerConfigKeys (ConfUtils.java:logGet(43)) - raft.server.snapshot.auto.trigger.threshold = 10000 (custom)
2019-09-24 23:21:13,963 [pool-77-thread-1] INFO  server.RaftServerConfigKeys (ConfUtils.java:logGet(43)) - raft.server.snapshot.retention.num.files = 5 (custom)
2019-09-24 23:21:13,963 [pool-77-thread-1] INFO  server.RaftServerConfigKeys (ConfUtils.java:logGet(43)) - raft.server.retrycache.expirytime = 600000ms (custom)
2019-09-24 23:21:13,966 [pool-77-thread-1] INFO  impl.RaftServerImpl (RaftServerImpl.java:start(185)) - e20300c2-033d-4ad5-a085-155d7a933709@group-18474DA75312: start as a follower, conf=-1: [e20300c2-033d-4ad5-a085-155d7a933709:192.168.151.66:45929], old=null
2019-09-24 23:21:13,967 [pool-77-thread-1] INFO  impl.RaftServerImpl (RaftServerImpl.java:setRole(174)) - e20300c2-033d-4ad5-a085-155d7a933709@group-18474DA75312: changes role from      null to FOLLOWER at term 0 for startAsFollower
2019-09-24 23:21:13,967 [pool-77-thread-1] INFO  impl.RoleInfo (RoleInfo.java:updateAndGet(143)) - e20300c2-033d-4ad5-a085-155d7a933709: start FollowerState
2019-09-24 23:21:13,967 [pool-77-thread-1] INFO  util.JmxRegister (JmxRegister.java:tryRegister(44)) - Successfully registered JMX Bean with object name Ratis:service=RaftServer,group=group-18474DA75312,id=e20300c2-033d-4ad5-a085-155d7a933709
2019-09-24 23:21:13,980 [RatisPipelineUtilsThread] INFO  pipeline.PipelineStateManager (PipelineStateManager.java:addPipeline(56)) - Created pipeline Pipeline[ Id: 1474d7f8-f73c-4d0a-96b4-18474da75312, Nodes: e20300c2-033d-4ad5-a085-155d7a933709{ip: 192.168.151.66, host: pr-hdds-2162-v2v4x-1150571016, networkLocation: /default-rack, certSerialId: null}, Type:RATIS, Factor:ONE, State:OPEN]
2019-09-24 23:21:13,996 [grpc-default-executor-0] INFO  impl.RaftServerProxy (RaftServerProxy.java:addNew(89)) - 37b0da62-ae9d-4986-ae1d-9039375746e7: addNew group-C58B6356DC78:[37b0da62-ae9d-4986-ae1d-9039375746e7:192.168.151.66:35327] returns group-C58B6356DC78:java.util.concurrent.CompletableFuture@64317468[Not completed]
2019-09-24 23:21:14,000 [pool-67-thread-1] INFO  impl.RaftServerImpl (RaftServerImpl.java:<init>(95)) - 37b0da62-ae9d-4986-ae1d-9039375746e7: new RaftServerImpl for group-C58B6356DC78:[37b0da62-ae9d-4986-ae1d-9039375746e7:192.168.151.66:35327] with ContainerStateMachine:uninitialized
2019-09-24 23:21:14,001 [pool-67-thread-1] INFO  server.RaftServerConfigKeys (ConfUtils.java:logGet(43)) - raft.server.rpc.timeout.min = 5s (custom)
2019-09-24 23:21:14,001 [pool-67-thread-1] INFO  server.RaftServerConfigKeys (ConfUtils.java:logGet(43)) - raft.server.rpc.timeout.max = 5200ms (custom)
2019-09-24 23:21:14,001 [pool-67-thread-1] INFO  server.RaftServerConfigKeys (ConfUtils.java:logGet(43)) - raft.server.rpcslowness.timeout = 120s (custom)
2019-09-24 23:21:14,001 [pool-67-thread-1] INFO  server.RaftServerConfigKeys (ConfUtils.java:logGet(43)) - raft.server.sleep.deviation.threshold = 300 (default)
2019-09-24 23:21:14,002 [pool-67-thread-1] INFO  server.RaftServerConfigKeys (ConfUtils.java:logGet(43)) - raft.server.log.appender.install.snapshot.enabled = false (custom)
2019-09-24 23:21:14,002 [pool-67-thread-1] INFO  impl.RaftServerImpl (ServerState.java:<init>(103)) - 37b0da62-ae9d-4986-ae1d-9039375746e7@group-C58B6356DC78: ConfigurationManager, init=-1: [37b0da62-ae9d-4986-ae1d-9039375746e7:192.168.151.66:35327], old=null, confs=<EMPTY_MAP>
2019-09-24 23:21:14,002 [pool-67-thread-1] INFO  server.RaftServerConfigKeys (ConfUtils.java:logGet(43)) - raft.server.storage.dir = [/workdir/hadoop-ozone/integration-test/target/test-dir/MiniOzoneClusterImpl-8c4156f6-ba4f-4261-a5fa-d2631acace6e/datanode-4/data/ratis] (custom)
2019-09-24 23:21:14,002 [pool-67-thread-1] INFO  storage.RaftStorageDirectory (RaftStorageDirectory.java:analyzeStorage(246)) - The storage directory /workdir/hadoop-ozone/integration-test/target/test-dir/MiniOzoneClusterImpl-8c4156f6-ba4f-4261-a5fa-d2631acace6e/datanode-4/data/ratis/54d8fcce-60ea-4c68-91d3-c58b6356dc78 does not exist. Creating ...
2019-09-24 23:21:14,016 [pool-67-thread-1] INFO  storage.RaftStorageDirectory (RaftStorageDirectory.java:tryLock(328)) - Lock on /workdir/hadoop-ozone/integration-test/target/test-dir/MiniOzoneClusterImpl-8c4156f6-ba4f-4261-a5fa-d2631acace6e/datanode-4/data/ratis/54d8fcce-60ea-4c68-91d3-c58b6356dc78/in_use.lock acquired by nodename 27986@pr-hdds-2162-v2v4x-1150571016
2019-09-24 23:21:14,029 [pool-67-thread-1] INFO  storage.RaftStorage (RaftStorage.java:format(72)) - Storage directory /workdir/hadoop-ozone/integration-test/target/test-dir/MiniOzoneClusterImpl-8c4156f6-ba4f-4261-a5fa-d2631acace6e/datanode-4/data/ratis/54d8fcce-60ea-4c68-91d3-c58b6356dc78 has been successfully formatted.
2019-09-24 23:21:14,029 [pool-67-thread-1] INFO  ratis.ContainerStateMachine (ContainerStateMachine.java:loadSnapshot(230)) - group-C58B6356DC78: The snapshot info is null. Setting the last applied indexto:(t:0, i:~)
2019-09-24 23:21:14,029 [pool-67-thread-1] INFO  server.RaftServerConfigKeys (ConfUtils.java:logGet(43)) - raft.server.notification.no-leader.timeout = 120s (custom)
2019-09-24 23:21:14,029 [pool-67-thread-1] INFO  server.RaftServerConfigKeys (ConfUtils.java:logGet(43)) - raft.server.log.use.memory = false (default)
2019-09-24 23:21:14,029 [pool-67-thread-1] INFO  server.RaftServerConfigKeys (ConfUtils.java:logGet(43)) - raft.server.log.purge.gap = 1000000 (custom)
2019-09-24 23:21:14,029 [pool-67-thread-1] INFO  server.RaftServerConfigKeys (ConfUtils.java:logGet(43)) - raft.server.log.appender.buffer.byte-limit = 33554432 (custom)
2019-09-24 23:21:14,029 [pool-67-thread-1] INFO  server.RaftServerConfigKeys (ConfUtils.java:logGet(43)) - raft.server.log.segment.size.max = 1048576 (custom)
2019-09-24 23:21:14,030 [pool-67-thread-1] INFO  server.RaftServerConfigKeys (ConfUtils.java:logGet(43)) - raft.server.log.segment.cache.num.max = 2 (custom)
2019-09-24 23:21:14,030 [pool-67-thread-1] INFO  segmented.SegmentedRaftLogWorker (SegmentedRaftLogWorker.java:<init>(172)) - new 37b0da62-ae9d-4986-ae1d-9039375746e7@group-C58B6356DC78-SegmentedRaftLogWorker for RaftStorage:Storage Directory /workdir/hadoop-ozone/integration-test/target/test-dir/MiniOzoneClusterImpl-8c4156f6-ba4f-4261-a5fa-d2631acace6e/datanode-4/data/ratis/54d8fcce-60ea-4c68-91d3-c58b6356dc78
2019-09-24 23:21:14,032 [pool-67-thread-1] INFO  server.RaftServerConfigKeys (ConfUtils.java:logGet(43)) - raft.server.log.queue.byte-limit = 2147483647 (custom)
2019-09-24 23:21:14,032 [pool-67-thread-1] INFO  server.RaftServerConfigKeys (ConfUtils.java:logGet(43)) - raft.server.log.queue.element-limit = 1024 (custom)
2019-09-24 23:21:14,033 [pool-67-thread-1] INFO  server.RaftServerConfigKeys (ConfUtils.java:logGet(43)) - raft.server.log.segment.size.max = 1048576 (custom)
2019-09-24 23:21:14,034 [pool-67-thread-1] INFO  server.RaftServerConfigKeys (ConfUtils.java:logGet(43)) - raft.server.log.preallocated.size = 16384 (custom)
2019-09-24 23:21:14,034 [pool-67-thread-1] INFO  server.RaftServerConfigKeys (ConfUtils.java:logGet(43)) - raft.server.log.write.buffer.size = 33554432 (custom)
2019-09-24 23:21:14,034 [pool-67-thread-1] INFO  server.RaftServerConfigKeys (ConfUtils.java:logGet(43)) - raft.server.log.force.sync.num = 128 (default)
2019-09-24 23:21:14,034 [pool-67-thread-1] INFO  server.RaftServerConfigKeys (ConfUtils.java:logGet(43)) - raft.server.log.statemachine.data.sync = true (default)
2019-09-24 23:21:14,034 [pool-67-thread-1] INFO  server.RaftServerConfigKeys (ConfUtils.java:logGet(43)) - raft.server.log.statemachine.data.sync.timeout = 10s (default)
2019-09-24 23:21:14,034 [pool-67-thread-1] INFO  server.RaftServerConfigKeys (ConfUtils.java:logGet(43)) - raft.server.log.statemachine.data.sync.timeout.retry = -1 (default)
2019-09-24 23:21:14,035 [pool-67-thread-1] INFO  server.RaftServerConfigKeys (ConfUtils.java:logGet(43)) - raft.server.log.statemachine.data.caching.enabled = true (custom)
2019-09-24 23:21:14,035 [pool-67-thread-1] INFO  segmented.SegmentedRaftLogWorker (SegmentedRaftLogWorker.java:lambda$new$0(132)) - 37b0da62-ae9d-4986-ae1d-9039375746e7@group-C58B6356DC78-SegmentedRaftLogWorker: flushIndex: setUnconditionally 0 -> -1
2019-09-24 23:21:14,035 [pool-67-thread-1] INFO  server.RaftServerConfigKeys (ConfUtils.java:logGet(43)) - raft.server.snapshot.auto.trigger.enabled = true (custom)
2019-09-24 23:21:14,035 [pool-67-thread-1] INFO  server.RaftServerConfigKeys (ConfUtils.java:logGet(43)) - raft.server.snapshot.auto.trigger.threshold = 10000 (custom)
2019-09-24 23:21:14,035 [pool-67-thread-1] INFO  server.RaftServerConfigKeys (ConfUtils.java:logGet(43)) - raft.server.snapshot.retention.num.files = 5 (custom)
2019-09-24 23:21:14,036 [pool-67-thread-1] INFO  server.RaftServerConfigKeys (ConfUtils.java:logGet(43)) - raft.server.retrycache.expirytime = 600000ms (custom)
2019-09-24 23:21:14,038 [pool-67-thread-1] INFO  impl.RaftServerImpl (RaftServerImpl.java:start(185)) - 37b0da62-ae9d-4986-ae1d-9039375746e7@group-C58B6356DC78: start as a follower, conf=-1: [37b0da62-ae9d-4986-ae1d-9039375746e7:192.168.151.66:35327], old=null
2019-09-24 23:21:14,038 [pool-67-thread-1] INFO  impl.RaftServerImpl (RaftServerImpl.java:setRole(174)) - 37b0da62-ae9d-4986-ae1d-9039375746e7@group-C58B6356DC78: changes role from      null to FOLLOWER at term 0 for startAsFollower
2019-09-24 23:21:14,039 [pool-67-thread-1] INFO  impl.RoleInfo (RoleInfo.java:updateAndGet(143)) - 37b0da62-ae9d-4986-ae1d-9039375746e7: start FollowerState
2019-09-24 23:21:14,039 [pool-67-thread-1] INFO  util.JmxRegister (JmxRegister.java:tryRegister(44)) - Successfully registered JMX Bean with object name Ratis:service=RaftServer,group=group-C58B6356DC78,id=37b0da62-ae9d-4986-ae1d-9039375746e7
2019-09-24 23:21:14,056 [RatisPipelineUtilsThread] INFO  pipeline.PipelineStateManager (PipelineStateManager.java:addPipeline(56)) - Created pipeline Pipeline[ Id: 54d8fcce-60ea-4c68-91d3-c58b6356dc78, Nodes: 37b0da62-ae9d-4986-ae1d-9039375746e7{ip: 192.168.151.66, host: pr-hdds-2162-v2v4x-1150571016, networkLocation: /default-rack, certSerialId: null}, Type:RATIS, Factor:ONE, State:OPEN]
2019-09-24 23:21:14,093 [grpc-default-executor-1] INFO  impl.RaftServerProxy (RaftServerProxy.java:addNew(89)) - a3290348-6ac5-4de5-b30b-c7902ea8fed4: addNew group-950F7E900701:[eb551bd8-dc24-44e0-bb3e-8d47f4074a43:192.168.151.66:35415, 69e28fe1-00c1-4445-ac62-1ecce60d6724:192.168.151.66:44017, a3290348-6ac5-4de5-b30b-c7902ea8fed4:192.168.151.66:41100] returns group-950F7E900701:java.util.concurrent.CompletableFuture@53ed702c[Not completed]
2019-09-24 23:21:14,094 [grpc-default-executor-0] INFO  impl.RaftServerProxy (RaftServerProxy.java:addNew(89)) - 69e28fe1-00c1-4445-ac62-1ecce60d6724: addNew group-950F7E900701:[eb551bd8-dc24-44e0-bb3e-8d47f4074a43:192.168.151.66:35415, 69e28fe1-00c1-4445-ac62-1ecce60d6724:192.168.151.66:44017, a3290348-6ac5-4de5-b30b-c7902ea8fed4:192.168.151.66:41100] returns group-950F7E900701:java.util.concurrent.CompletableFuture@36c905ca[Not completed]
2019-09-24 23:21:14,094 [grpc-default-executor-2] INFO  impl.RaftServerProxy (RaftServerProxy.java:addNew(89)) - eb551bd8-dc24-44e0-bb3e-8d47f4074a43: addNew group-950F7E900701:[eb551bd8-dc24-44e0-bb3e-8d47f4074a43:192.168.151.66:35415, 69e28fe1-00c1-4445-ac62-1ecce60d6724:192.168.151.66:44017, a3290348-6ac5-4de5-b30b-c7902ea8fed4:192.168.151.66:41100] returns group-950F7E900701:java.util.concurrent.CompletableFuture@348da18b[Not completed]
2019-09-24 23:21:14,097 [pool-87-thread-1] INFO  impl.RaftServerImpl (RaftServerImpl.java:<init>(95)) - a3290348-6ac5-4de5-b30b-c7902ea8fed4: new RaftServerImpl for group-950F7E900701:[eb551bd8-dc24-44e0-bb3e-8d47f4074a43:192.168.151.66:35415, 69e28fe1-00c1-4445-ac62-1ecce60d6724:192.168.151.66:44017, a3290348-6ac5-4de5-b30b-c7902ea8fed4:192.168.151.66:41100] with ContainerStateMachine:uninitialized
2019-09-24 23:21:14,097 [pool-87-thread-1] INFO  server.RaftServerConfigKeys (ConfUtils.java:logGet(43)) - raft.server.rpc.timeout.min = 5s (custom)
2019-09-24 23:21:14,097 [pool-87-thread-1] INFO  server.RaftServerConfigKeys (ConfUtils.java:logGet(43)) - raft.server.rpc.timeout.max = 5200ms (custom)
2019-09-24 23:21:14,098 [pool-87-thread-1] INFO  server.RaftServerConfigKeys (ConfUtils.java:logGet(43)) - raft.server.rpcslowness.timeout = 120s (custom)
2019-09-24 23:21:14,098 [pool-87-thread-1] INFO  server.RaftServerConfigKeys (ConfUtils.java:logGet(43)) - raft.server.sleep.deviation.threshold = 300 (default)
2019-09-24 23:21:14,098 [pool-37-thread-1] INFO  impl.RaftServerImpl (RaftServerImpl.java:<init>(95)) - eb551bd8-dc24-44e0-bb3e-8d47f4074a43: new RaftServerImpl for group-950F7E900701:[eb551bd8-dc24-44e0-bb3e-8d47f4074a43:192.168.151.66:35415, 69e28fe1-00c1-4445-ac62-1ecce60d6724:192.168.151.66:44017, a3290348-6ac5-4de5-b30b-c7902ea8fed4:192.168.151.66:41100] with ContainerStateMachine:uninitialized
2019-09-24 23:21:14,098 [pool-87-thread-1] INFO  server.RaftServerConfigKeys (ConfUtils.java:logGet(43)) - raft.server.log.appender.install.snapshot.enabled = false (custom)
2019-09-24 23:21:14,098 [pool-37-thread-1] INFO  server.RaftServerConfigKeys (ConfUtils.java:logGet(43)) - raft.server.rpc.timeout.min = 5s (custom)
2019-09-24 23:21:14,099 [pool-87-thread-1] INFO  impl.RaftServerImpl (ServerState.java:<init>(103)) - a3290348-6ac5-4de5-b30b-c7902ea8fed4@group-950F7E900701: ConfigurationManager, init=-1: [eb551bd8-dc24-44e0-bb3e-8d47f4074a43:192.168.151.66:35415, 69e28fe1-00c1-4445-ac62-1ecce60d6724:192.168.151.66:44017, a3290348-6ac5-4de5-b30b-c7902ea8fed4:192.168.151.66:41100], old=null, confs=<EMPTY_MAP>
2019-09-24 23:21:14,099 [pool-27-thread-1] INFO  impl.RaftServerImpl (RaftServerImpl.java:<init>(95)) - 69e28fe1-00c1-4445-ac62-1ecce60d6724: new RaftServerImpl for group-950F7E900701:[eb551bd8-dc24-44e0-bb3e-8d47f4074a43:192.168.151.66:35415, 69e28fe1-00c1-4445-ac62-1ecce60d6724:192.168.151.66:44017, a3290348-6ac5-4de5-b30b-c7902ea8fed4:192.168.151.66:41100] with ContainerStateMachine:uninitialized
2019-09-24 23:21:14,099 [pool-37-thread-1] INFO  server.RaftServerConfigKeys (ConfUtils.java:logGet(43)) - raft.server.rpc.timeout.max = 5200ms (custom)
2019-09-24 23:21:14,099 [pool-27-thread-1] INFO  server.RaftServerConfigKeys (ConfUtils.java:logGet(43)) - raft.server.rpc.timeout.min = 5s (custom)
2019-09-24 23:21:14,099 [pool-87-thread-1] INFO  server.RaftServerConfigKeys (ConfUtils.java:logGet(43)) - raft.server.storage.dir = [/workdir/hadoop-ozone/integration-test/target/test-dir/MiniOzoneClusterImpl-8c4156f6-ba4f-4261-a5fa-d2631acace6e/datanode-6/data/ratis] (custom)
2019-09-24 23:21:14,099 [pool-27-thread-1] INFO  server.RaftServerConfigKeys (ConfUtils.java:logGet(43)) - raft.server.rpc.timeout.max = 5200ms (custom)
2019-09-24 23:21:14,099 [pool-37-thread-1] INFO  server.RaftServerConfigKeys (ConfUtils.java:logGet(43)) - raft.server.rpcslowness.timeout = 120s (custom)
2019-09-24 23:21:14,100 [pool-27-thread-1] INFO  server.RaftServerConfigKeys (ConfUtils.java:logGet(43)) - raft.server.rpcslowness.timeout = 120s (custom)
2019-09-24 23:21:14,100 [pool-37-thread-1] INFO  server.RaftServerConfigKeys (ConfUtils.java:logGet(43)) - raft.server.sleep.deviation.threshold = 300 (default)
2019-09-24 23:21:14,100 [pool-87-thread-1] INFO  storage.RaftStorageDirectory (RaftStorageDirectory.java:analyzeStorage(246)) - The storage directory /workdir/hadoop-ozone/integration-test/target/test-dir/MiniOzoneClusterImpl-8c4156f6-ba4f-4261-a5fa-d2631acace6e/datanode-6/data/ratis/899d1e79-d122-4f3e-802f-950f7e900701 does not exist. Creating ...
2019-09-24 23:21:14,100 [pool-27-thread-1] INFO  server.RaftServerConfigKeys (ConfUtils.java:logGet(43)) - raft.server.sleep.deviation.threshold = 300 (default)
2019-09-24 23:21:14,100 [pool-37-thread-1] INFO  server.RaftServerConfigKeys (ConfUtils.java:logGet(43)) - raft.server.log.appender.install.snapshot.enabled = false (custom)
2019-09-24 23:21:14,100 [pool-27-thread-1] INFO  server.RaftServerConfigKeys (ConfUtils.java:logGet(43)) - raft.server.log.appender.install.snapshot.enabled = false (custom)
2019-09-24 23:21:14,101 [pool-37-thread-1] INFO  impl.RaftServerImpl (ServerState.java:<init>(103)) - eb551bd8-dc24-44e0-bb3e-8d47f4074a43@group-950F7E900701: ConfigurationManager, init=-1: [eb551bd8-dc24-44e0-bb3e-8d47f4074a43:192.168.151.66:35415, 69e28fe1-00c1-4445-ac62-1ecce60d6724:192.168.151.66:44017, a3290348-6ac5-4de5-b30b-c7902ea8fed4:192.168.151.66:41100], old=null, confs=<EMPTY_MAP>
2019-09-24 23:21:14,101 [pool-27-thread-1] INFO  impl.RaftServerImpl (ServerState.java:<init>(103)) - 69e28fe1-00c1-4445-ac62-1ecce60d6724@group-950F7E900701: ConfigurationManager, init=-1: [eb551bd8-dc24-44e0-bb3e-8d47f4074a43:192.168.151.66:35415, 69e28fe1-00c1-4445-ac62-1ecce60d6724:192.168.151.66:44017, a3290348-6ac5-4de5-b30b-c7902ea8fed4:192.168.151.66:41100], old=null, confs=<EMPTY_MAP>
2019-09-24 23:21:14,101 [pool-37-thread-1] INFO  server.RaftServerConfigKeys (ConfUtils.java:logGet(43)) - raft.server.storage.dir = [/workdir/hadoop-ozone/integration-test/target/test-dir/MiniOzoneClusterImpl-8c4156f6-ba4f-4261-a5fa-d2631acace6e/datanode-1/data/ratis] (custom)
2019-09-24 23:21:14,101 [pool-27-thread-1] INFO  server.RaftServerConfigKeys (ConfUtils.java:logGet(43)) - raft.server.storage.dir = [/workdir/hadoop-ozone/integration-test/target/test-dir/MiniOzoneClusterImpl-8c4156f6-ba4f-4261-a5fa-d2631acace6e/datanode-0/data/ratis] (custom)
2019-09-24 23:21:14,102 [pool-37-thread-1] INFO  storage.RaftStorageDirectory (RaftStorageDirectory.java:analyzeStorage(246)) - The storage directory /workdir/hadoop-ozone/integration-test/target/test-dir/MiniOzoneClusterImpl-8c4156f6-ba4f-4261-a5fa-d2631acace6e/datanode-1/data/ratis/899d1e79-d122-4f3e-802f-950f7e900701 does not exist. Creating ...
2019-09-24 23:21:14,102 [pool-27-thread-1] INFO  storage.RaftStorageDirectory (RaftStorageDirectory.java:analyzeStorage(246)) - The storage directory /workdir/hadoop-ozone/integration-test/target/test-dir/MiniOzoneClusterImpl-8c4156f6-ba4f-4261-a5fa-d2631acace6e/datanode-0/data/ratis/899d1e79-d122-4f3e-802f-950f7e900701 does not exist. Creating ...
2019-09-24 23:21:14,114 [pool-27-thread-1] INFO  storage.RaftStorageDirectory (RaftStorageDirectory.java:tryLock(328)) - Lock on /workdir/hadoop-ozone/integration-test/target/test-dir/MiniOzoneClusterImpl-8c4156f6-ba4f-4261-a5fa-d2631acace6e/datanode-0/data/ratis/899d1e79-d122-4f3e-802f-950f7e900701/in_use.lock acquired by nodename 27986@pr-hdds-2162-v2v4x-1150571016
2019-09-24 23:21:14,114 [pool-37-thread-1] INFO  storage.RaftStorageDirectory (RaftStorageDirectory.java:tryLock(328)) - Lock on /workdir/hadoop-ozone/integration-test/target/test-dir/MiniOzoneClusterImpl-8c4156f6-ba4f-4261-a5fa-d2631acace6e/datanode-1/data/ratis/899d1e79-d122-4f3e-802f-950f7e900701/in_use.lock acquired by nodename 27986@pr-hdds-2162-v2v4x-1150571016
2019-09-24 23:21:14,114 [pool-87-thread-1] INFO  storage.RaftStorageDirectory (RaftStorageDirectory.java:tryLock(328)) - Lock on /workdir/hadoop-ozone/integration-test/target/test-dir/MiniOzoneClusterImpl-8c4156f6-ba4f-4261-a5fa-d2631acace6e/datanode-6/data/ratis/899d1e79-d122-4f3e-802f-950f7e900701/in_use.lock acquired by nodename 27986@pr-hdds-2162-v2v4x-1150571016
2019-09-24 23:21:14,127 [pool-27-thread-1] INFO  storage.RaftStorage (RaftStorage.java:format(72)) - Storage directory /workdir/hadoop-ozone/integration-test/target/test-dir/MiniOzoneClusterImpl-8c4156f6-ba4f-4261-a5fa-d2631acace6e/datanode-0/data/ratis/899d1e79-d122-4f3e-802f-950f7e900701 has been successfully formatted.
2019-09-24 23:21:14,127 [pool-37-thread-1] INFO  storage.RaftStorage (RaftStorage.java:format(72)) - Storage directory /workdir/hadoop-ozone/integration-test/target/test-dir/MiniOzoneClusterImpl-8c4156f6-ba4f-4261-a5fa-d2631acace6e/datanode-1/data/ratis/899d1e79-d122-4f3e-802f-950f7e900701 has been successfully formatted.
2019-09-24 23:21:14,127 [pool-87-thread-1] INFO  storage.RaftStorage (RaftStorage.java:format(72)) - Storage directory /workdir/hadoop-ozone/integration-test/target/test-dir/MiniOzoneClusterImpl-8c4156f6-ba4f-4261-a5fa-d2631acace6e/datanode-6/data/ratis/899d1e79-d122-4f3e-802f-950f7e900701 has been successfully formatted.
2019-09-24 23:21:14,127 [pool-27-thread-1] INFO  ratis.ContainerStateMachine (ContainerStateMachine.java:loadSnapshot(230)) - group-950F7E900701: The snapshot info is null. Setting the last applied indexto:(t:0, i:~)
2019-09-24 23:21:14,128 [pool-37-thread-1] INFO  ratis.ContainerStateMachine (ContainerStateMachine.java:loadSnapshot(230)) - group-950F7E900701: The snapshot info is null. Setting the last applied indexto:(t:0, i:~)
2019-09-24 23:21:14,128 [pool-27-thread-1] INFO  server.RaftServerConfigKeys (ConfUtils.java:logGet(43)) - raft.server.notification.no-leader.timeout = 120s (custom)
2019-09-24 23:21:14,128 [pool-87-thread-1] INFO  ratis.ContainerStateMachine (ContainerStateMachine.java:loadSnapshot(230)) - group-950F7E900701: The snapshot info is null. Setting the last applied indexto:(t:0, i:~)
2019-09-24 23:21:14,128 [pool-27-thread-1] INFO  server.RaftServerConfigKeys (ConfUtils.java:logGet(43)) - raft.server.log.use.memory = false (default)
2019-09-24 23:21:14,128 [pool-37-thread-1] INFO  server.RaftServerConfigKeys (ConfUtils.java:logGet(43)) - raft.server.notification.no-leader.timeout = 120s (custom)
2019-09-24 23:21:14,128 [pool-27-thread-1] INFO  server.RaftServerConfigKeys (ConfUtils.java:logGet(43)) - raft.server.log.purge.gap = 1000000 (custom)
2019-09-24 23:21:14,128 [pool-87-thread-1] INFO  server.RaftServerConfigKeys (ConfUtils.java:logGet(43)) - raft.server.notification.no-leader.timeout = 120s (custom)
2019-09-24 23:21:14,129 [pool-27-thread-1] INFO  server.RaftServerConfigKeys (ConfUtils.java:logGet(43)) - raft.server.log.appender.buffer.byte-limit = 33554432 (custom)
2019-09-24 23:21:14,129 [pool-37-thread-1] INFO  server.RaftServerConfigKeys (ConfUtils.java:logGet(43)) - raft.server.log.use.memory = false (default)
2019-09-24 23:21:14,129 [pool-27-thread-1] INFO  server.RaftServerConfigKeys (ConfUtils.java:logGet(43)) - raft.server.log.segment.size.max = 1048576 (custom)
2019-09-24 23:21:14,129 [pool-87-thread-1] INFO  server.RaftServerConfigKeys (ConfUtils.java:logGet(43)) - raft.server.log.use.memory = false (default)
2019-09-24 23:21:14,129 [pool-27-thread-1] INFO  server.RaftServerConfigKeys (ConfUtils.java:logGet(43)) - raft.server.log.segment.cache.num.max = 2 (custom)
2019-09-24 23:21:14,129 [pool-37-thread-1] INFO  server.RaftServerConfigKeys (ConfUtils.java:logGet(43)) - raft.server.log.purge.gap = 1000000 (custom)
2019-09-24 23:21:14,130 [pool-27-thread-1] INFO  segmented.SegmentedRaftLogWorker (SegmentedRaftLogWorker.java:<init>(172)) - new 69e28fe1-00c1-4445-ac62-1ecce60d6724@group-950F7E900701-SegmentedRaftLogWorker for RaftStorage:Storage Directory /workdir/hadoop-ozone/integration-test/target/test-dir/MiniOzoneClusterImpl-8c4156f6-ba4f-4261-a5fa-d2631acace6e/datanode-0/data/ratis/899d1e79-d122-4f3e-802f-950f7e900701
2019-09-24 23:21:14,129 [pool-87-thread-1] INFO  server.RaftServerConfigKeys (ConfUtils.java:logGet(43)) - raft.server.log.purge.gap = 1000000 (custom)
2019-09-24 23:21:14,130 [pool-27-thread-1] INFO  server.RaftServerConfigKeys (ConfUtils.java:logGet(43)) - raft.server.log.queue.byte-limit = 2147483647 (custom)
2019-09-24 23:21:14,130 [pool-37-thread-1] INFO  server.RaftServerConfigKeys (ConfUtils.java:logGet(43)) - raft.server.log.appender.buffer.byte-limit = 33554432 (custom)
2019-09-24 23:21:14,130 [pool-27-thread-1] INFO  server.RaftServerConfigKeys (ConfUtils.java:logGet(43)) - raft.server.log.queue.element-limit = 1024 (custom)
2019-09-24 23:21:14,130 [pool-87-thread-1] INFO  server.RaftServerConfigKeys (ConfUtils.java:logGet(43)) - raft.server.log.appender.buffer.byte-limit = 33554432 (custom)
2019-09-24 23:21:14,130 [pool-27-thread-1] INFO  server.RaftServerConfigKeys (ConfUtils.java:logGet(43)) - raft.server.log.segment.size.max = 1048576 (custom)
2019-09-24 23:21:14,130 [pool-37-thread-1] INFO  server.RaftServerConfigKeys (ConfUtils.java:logGet(43)) - raft.server.log.segment.size.max = 1048576 (custom)
2019-09-24 23:21:14,131 [pool-27-thread-1] INFO  server.RaftServerConfigKeys (ConfUtils.java:logGet(43)) - raft.server.log.preallocated.size = 16384 (custom)
2019-09-24 23:21:14,131 [pool-87-thread-1] INFO  server.RaftServerConfigKeys (ConfUtils.java:logGet(43)) - raft.server.log.segment.size.max = 1048576 (custom)
2019-09-24 23:21:14,131 [pool-27-thread-1] INFO  server.RaftServerConfigKeys (ConfUtils.java:logGet(43)) - raft.server.log.write.buffer.size = 33554432 (custom)
2019-09-24 23:21:14,131 [pool-37-thread-1] INFO  server.RaftServerConfigKeys (ConfUtils.java:logGet(43)) - raft.server.log.segment.cache.num.max = 2 (custom)
2019-09-24 23:21:14,131 [pool-27-thread-1] INFO  server.RaftServerConfigKeys (ConfUtils.java:logGet(43)) - raft.server.log.force.sync.num = 128 (default)
2019-09-24 23:21:14,132 [pool-27-thread-1] INFO  server.RaftServerConfigKeys (ConfUtils.java:logGet(43)) - raft.server.log.statemachine.data.sync = true (default)
2019-09-24 23:21:14,131 [pool-87-thread-1] INFO  server.RaftServerConfigKeys (ConfUtils.java:logGet(43)) - raft.server.log.segment.cache.num.max = 2 (custom)
2019-09-24 23:21:14,132 [pool-27-thread-1] INFO  server.RaftServerConfigKeys (ConfUtils.java:logGet(43)) - raft.server.log.statemachine.data.sync.timeout = 10s (default)
2019-09-24 23:21:14,132 [pool-27-thread-1] INFO  server.RaftServerConfigKeys (ConfUtils.java:logGet(43)) - raft.server.log.statemachine.data.sync.timeout.retry = -1 (default)
2019-09-24 23:21:14,131 [pool-37-thread-1] INFO  segmented.SegmentedRaftLogWorker (SegmentedRaftLogWorker.java:<init>(172)) - new eb551bd8-dc24-44e0-bb3e-8d47f4074a43@group-950F7E900701-SegmentedRaftLogWorker for RaftStorage:Storage Directory /workdir/hadoop-ozone/integration-test/target/test-dir/MiniOzoneClusterImpl-8c4156f6-ba4f-4261-a5fa-d2631acace6e/datanode-1/data/ratis/899d1e79-d122-4f3e-802f-950f7e900701
2019-09-24 23:21:14,132 [pool-27-thread-1] INFO  server.RaftServerConfigKeys (ConfUtils.java:logGet(43)) - raft.server.log.statemachine.data.caching.enabled = true (custom)
2019-09-24 23:21:14,132 [pool-87-thread-1] INFO  segmented.SegmentedRaftLogWorker (SegmentedRaftLogWorker.java:<init>(172)) - new a3290348-6ac5-4de5-b30b-c7902ea8fed4@group-950F7E900701-SegmentedRaftLogWorker for RaftStorage:Storage Directory /workdir/hadoop-ozone/integration-test/target/test-dir/MiniOzoneClusterImpl-8c4156f6-ba4f-4261-a5fa-d2631acace6e/datanode-6/data/ratis/899d1e79-d122-4f3e-802f-950f7e900701
2019-09-24 23:21:14,132 [pool-37-thread-1] INFO  server.RaftServerConfigKeys (ConfUtils.java:logGet(43)) - raft.server.log.queue.byte-limit = 2147483647 (custom)
2019-09-24 23:21:14,133 [pool-27-thread-1] INFO  segmented.SegmentedRaftLogWorker (SegmentedRaftLogWorker.java:lambda$new$0(132)) - 69e28fe1-00c1-4445-ac62-1ecce60d6724@group-950F7E900701-SegmentedRaftLogWorker: flushIndex: setUnconditionally 0 -> -1
2019-09-24 23:21:14,133 [pool-87-thread-1] INFO  server.RaftServerConfigKeys (ConfUtils.java:logGet(43)) - raft.server.log.queue.byte-limit = 2147483647 (custom)
2019-09-24 23:21:14,133 [pool-27-thread-1] INFO  server.RaftServerConfigKeys (ConfUtils.java:logGet(43)) - raft.server.snapshot.auto.trigger.enabled = true (custom)
2019-09-24 23:21:14,133 [pool-37-thread-1] INFO  server.RaftServerConfigKeys (ConfUtils.java:logGet(43)) - raft.server.log.queue.element-limit = 1024 (custom)
2019-09-24 23:21:14,133 [pool-27-thread-1] INFO  server.RaftServerConfigKeys (ConfUtils.java:logGet(43)) - raft.server.snapshot.auto.trigger.threshold = 10000 (custom)
2019-09-24 23:21:14,133 [pool-37-thread-1] INFO  server.RaftServerConfigKeys (ConfUtils.java:logGet(43)) - raft.server.log.segment.size.max = 1048576 (custom)
2019-09-24 23:21:14,133 [pool-87-thread-1] INFO  server.RaftServerConfigKeys (ConfUtils.java:logGet(43)) - raft.server.log.queue.element-limit = 1024 (custom)
2019-09-24 23:21:14,134 [pool-37-thread-1] INFO  server.RaftServerConfigKeys (ConfUtils.java:logGet(43)) - raft.server.log.preallocated.size = 16384 (custom)
2019-09-24 23:21:14,133 [pool-27-thread-1] INFO  server.RaftServerConfigKeys (ConfUtils.java:logGet(43)) - raft.server.snapshot.retention.num.files = 5 (custom)
2019-09-24 23:21:14,134 [pool-37-thread-1] INFO  server.RaftServerConfigKeys (ConfUtils.java:logGet(43)) - raft.server.log.write.buffer.size = 33554432 (custom)
2019-09-24 23:21:14,134 [pool-87-thread-1] INFO  server.RaftServerConfigKeys (ConfUtils.java:logGet(43)) - raft.server.log.segment.size.max = 1048576 (custom)
2019-09-24 23:21:14,134 [pool-37-thread-1] INFO  server.RaftServerConfigKeys (ConfUtils.java:logGet(43)) - raft.server.log.force.sync.num = 128 (default)
2019-09-24 23:21:14,134 [pool-27-thread-1] INFO  server.RaftServerConfigKeys (ConfUtils.java:logGet(43)) - raft.server.retrycache.expirytime = 600000ms (custom)
2019-09-24 23:21:14,135 [pool-37-thread-1] INFO  server.RaftServerConfigKeys (ConfUtils.java:logGet(43)) - raft.server.log.statemachine.data.sync = true (default)
2019-09-24 23:21:14,134 [pool-87-thread-1] INFO  server.RaftServerConfigKeys (ConfUtils.java:logGet(43)) - raft.server.log.preallocated.size = 16384 (custom)
2019-09-24 23:21:14,135 [pool-37-thread-1] INFO  server.RaftServerConfigKeys (ConfUtils.java:logGet(43)) - raft.server.log.statemachine.data.sync.timeout = 10s (default)
2019-09-24 23:21:14,135 [pool-87-thread-1] INFO  server.RaftServerConfigKeys (ConfUtils.java:logGet(43)) - raft.server.log.write.buffer.size = 33554432 (custom)
2019-09-24 23:21:14,135 [pool-37-thread-1] INFO  server.RaftServerConfigKeys (ConfUtils.java:logGet(43)) - raft.server.log.statemachine.data.sync.timeout.retry = -1 (default)
2019-09-24 23:21:14,135 [pool-87-thread-1] INFO  server.RaftServerConfigKeys (ConfUtils.java:logGet(43)) - raft.server.log.force.sync.num = 128 (default)
2019-09-24 23:21:14,136 [pool-37-thread-1] INFO  server.RaftServerConfigKeys (ConfUtils.java:logGet(43)) - raft.server.log.statemachine.data.caching.enabled = true (custom)
2019-09-24 23:21:14,136 [pool-87-thread-1] INFO  server.RaftServerConfigKeys (ConfUtils.java:logGet(43)) - raft.server.log.statemachine.data.sync = true (default)
2019-09-24 23:21:14,136 [pool-87-thread-1] INFO  server.RaftServerConfigKeys (ConfUtils.java:logGet(43)) - raft.server.log.statemachine.data.sync.timeout = 10s (default)
2019-09-24 23:21:14,136 [pool-37-thread-1] INFO  segmented.SegmentedRaftLogWorker (SegmentedRaftLogWorker.java:lambda$new$0(132)) - eb551bd8-dc24-44e0-bb3e-8d47f4074a43@group-950F7E900701-SegmentedRaftLogWorker: flushIndex: setUnconditionally 0 -> -1
2019-09-24 23:21:14,136 [pool-87-thread-1] INFO  server.RaftServerConfigKeys (ConfUtils.java:logGet(43)) - raft.server.log.statemachine.data.sync.timeout.retry = -1 (default)
2019-09-24 23:21:14,137 [pool-37-thread-1] INFO  server.RaftServerConfigKeys (ConfUtils.java:logGet(43)) - raft.server.snapshot.auto.trigger.enabled = true (custom)
2019-09-24 23:21:14,137 [pool-87-thread-1] INFO  server.RaftServerConfigKeys (ConfUtils.java:logGet(43)) - raft.server.log.statemachine.data.caching.enabled = true (custom)
2019-09-24 23:21:14,137 [pool-37-thread-1] INFO  server.RaftServerConfigKeys (ConfUtils.java:logGet(43)) - raft.server.snapshot.auto.trigger.threshold = 10000 (custom)
2019-09-24 23:21:14,137 [pool-37-thread-1] INFO  server.RaftServerConfigKeys (ConfUtils.java:logGet(43)) - raft.server.snapshot.retention.num.files = 5 (custom)
2019-09-24 23:21:14,137 [pool-87-thread-1] INFO  segmented.SegmentedRaftLogWorker (SegmentedRaftLogWorker.java:lambda$new$0(132)) - a3290348-6ac5-4de5-b30b-c7902ea8fed4@group-950F7E900701-SegmentedRaftLogWorker: flushIndex: setUnconditionally 0 -> -1
2019-09-24 23:21:14,137 [pool-37-thread-1] INFO  server.RaftServerConfigKeys (ConfUtils.java:logGet(43)) - raft.server.retrycache.expirytime = 600000ms (custom)
2019-09-24 23:21:14,137 [pool-27-thread-1] INFO  impl.RaftServerImpl (RaftServerImpl.java:start(185)) - 69e28fe1-00c1-4445-ac62-1ecce60d6724@group-950F7E900701: start as a follower, conf=-1: [eb551bd8-dc24-44e0-bb3e-8d47f4074a43:192.168.151.66:35415, 69e28fe1-00c1-4445-ac62-1ecce60d6724:192.168.151.66:44017, a3290348-6ac5-4de5-b30b-c7902ea8fed4:192.168.151.66:41100], old=null
2019-09-24 23:21:14,138 [pool-87-thread-1] INFO  server.RaftServerConfigKeys (ConfUtils.java:logGet(43)) - raft.server.snapshot.auto.trigger.enabled = true (custom)
2019-09-24 23:21:14,138 [pool-27-thread-1] INFO  impl.RaftServerImpl (RaftServerImpl.java:setRole(174)) - 69e28fe1-00c1-4445-ac62-1ecce60d6724@group-950F7E900701: changes role from      null to FOLLOWER at term 0 for startAsFollower
2019-09-24 23:21:14,138 [pool-87-thread-1] INFO  server.RaftServerConfigKeys (ConfUtils.java:logGet(43)) - raft.server.snapshot.auto.trigger.threshold = 10000 (custom)
2019-09-24 23:21:14,138 [pool-27-thread-1] INFO  impl.RoleInfo (RoleInfo.java:updateAndGet(143)) - 69e28fe1-00c1-4445-ac62-1ecce60d6724: start FollowerState
2019-09-24 23:21:14,138 [pool-87-thread-1] INFO  server.RaftServerConfigKeys (ConfUtils.java:logGet(43)) - raft.server.snapshot.retention.num.files = 5 (custom)
2019-09-24 23:21:14,138 [pool-87-thread-1] INFO  server.RaftServerConfigKeys (ConfUtils.java:logGet(43)) - raft.server.retrycache.expirytime = 600000ms (custom)
2019-09-24 23:21:14,138 [pool-27-thread-1] INFO  util.JmxRegister (JmxRegister.java:tryRegister(44)) - Successfully registered JMX Bean with object name Ratis:service=RaftServer,group=group-950F7E900701,id=69e28fe1-00c1-4445-ac62-1ecce60d6724
2019-09-24 23:21:14,141 [pool-37-thread-1] INFO  impl.RaftServerImpl (RaftServerImpl.java:start(185)) - eb551bd8-dc24-44e0-bb3e-8d47f4074a43@group-950F7E900701: start as a follower, conf=-1: [eb551bd8-dc24-44e0-bb3e-8d47f4074a43:192.168.151.66:35415, 69e28fe1-00c1-4445-ac62-1ecce60d6724:192.168.151.66:44017, a3290348-6ac5-4de5-b30b-c7902ea8fed4:192.168.151.66:41100], old=null
2019-09-24 23:21:14,141 [pool-37-thread-1] INFO  impl.RaftServerImpl (RaftServerImpl.java:setRole(174)) - eb551bd8-dc24-44e0-bb3e-8d47f4074a43@group-950F7E900701: changes role from      null to FOLLOWER at term 0 for startAsFollower
2019-09-24 23:21:14,141 [pool-37-thread-1] INFO  impl.RoleInfo (RoleInfo.java:updateAndGet(143)) - eb551bd8-dc24-44e0-bb3e-8d47f4074a43: start FollowerState
2019-09-24 23:21:14,142 [pool-37-thread-1] INFO  util.JmxRegister (JmxRegister.java:tryRegister(44)) - Successfully registered JMX Bean with object name Ratis:service=RaftServer,group=group-950F7E900701,id=eb551bd8-dc24-44e0-bb3e-8d47f4074a43
2019-09-24 23:21:14,142 [pool-87-thread-1] INFO  impl.RaftServerImpl (RaftServerImpl.java:start(185)) - a3290348-6ac5-4de5-b30b-c7902ea8fed4@group-950F7E900701: start as a follower, conf=-1: [eb551bd8-dc24-44e0-bb3e-8d47f4074a43:192.168.151.66:35415, 69e28fe1-00c1-4445-ac62-1ecce60d6724:192.168.151.66:44017, a3290348-6ac5-4de5-b30b-c7902ea8fed4:192.168.151.66:41100], old=null
2019-09-24 23:21:14,142 [pool-87-thread-1] INFO  impl.RaftServerImpl (RaftServerImpl.java:setRole(174)) - a3290348-6ac5-4de5-b30b-c7902ea8fed4@group-950F7E900701: changes role from      null to FOLLOWER at term 0 for startAsFollower
2019-09-24 23:21:14,142 [pool-87-thread-1] INFO  impl.RoleInfo (RoleInfo.java:updateAndGet(143)) - a3290348-6ac5-4de5-b30b-c7902ea8fed4: start FollowerState
2019-09-24 23:21:14,145 [pool-87-thread-1] INFO  util.JmxRegister (JmxRegister.java:tryRegister(44)) - Successfully registered JMX Bean with object name Ratis:service=RaftServer,group=group-950F7E900701,id=a3290348-6ac5-4de5-b30b-c7902ea8fed4
2019-09-24 23:21:14,169 [RatisPipelineUtilsThread] INFO  pipeline.PipelineStateManager (PipelineStateManager.java:addPipeline(56)) - Created pipeline Pipeline[ Id: 899d1e79-d122-4f3e-802f-950f7e900701, Nodes: 69e28fe1-00c1-4445-ac62-1ecce60d6724{ip: 192.168.151.66, host: pr-hdds-2162-v2v4x-1150571016, networkLocation: /default-rack, certSerialId: null}eb551bd8-dc24-44e0-bb3e-8d47f4074a43{ip: 192.168.151.66, host: pr-hdds-2162-v2v4x-1150571016, networkLocation: /default-rack, certSerialId: null}a3290348-6ac5-4de5-b30b-c7902ea8fed4{ip: 192.168.151.66, host: pr-hdds-2162-v2v4x-1150571016, networkLocation: /default-rack, certSerialId: null}, Type:RATIS, Factor:THREE, State:OPEN]
2019-09-24 23:21:14,202 [grpc-default-executor-0] INFO  impl.RaftServerProxy (RaftServerProxy.java:addNew(89)) - 689e79db-c0a9-475a-9361-b09b91adf7c9: addNew group-5AC1E90E483A:[e20300c2-033d-4ad5-a085-155d7a933709:192.168.151.66:45929, 689e79db-c0a9-475a-9361-b09b91adf7c9:192.168.151.66:41183, 5930ff46-859e-45ff-a1c3-694564283812:192.168.151.66:39468] returns group-5AC1E90E483A:java.util.concurrent.CompletableFuture@49a3a885[Not completed]
2019-09-24 23:21:14,202 [grpc-default-executor-2] INFO  impl.RaftServerProxy (RaftServerProxy.java:addNew(89)) - e20300c2-033d-4ad5-a085-155d7a933709: addNew group-5AC1E90E483A:[e20300c2-033d-4ad5-a085-155d7a933709:192.168.151.66:45929, 689e79db-c0a9-475a-9361-b09b91adf7c9:192.168.151.66:41183, 5930ff46-859e-45ff-a1c3-694564283812:192.168.151.66:39468] returns group-5AC1E90E483A:java.util.concurrent.CompletableFuture@61bd17a6[Not completed]
2019-09-24 23:21:14,204 [grpc-default-executor-1] INFO  impl.RaftServerProxy (RaftServerProxy.java:addNew(89)) - 5930ff46-859e-45ff-a1c3-694564283812: addNew group-5AC1E90E483A:[e20300c2-033d-4ad5-a085-155d7a933709:192.168.151.66:45929, 689e79db-c0a9-475a-9361-b09b91adf7c9:192.168.151.66:41183, 5930ff46-859e-45ff-a1c3-694564283812:192.168.151.66:39468] returns group-5AC1E90E483A:java.util.concurrent.CompletableFuture@12d07a17[Not completed]
2019-09-24 23:21:14,207 [pool-57-thread-1] INFO  impl.RaftServerImpl (RaftServerImpl.java:<init>(95)) - 689e79db-c0a9-475a-9361-b09b91adf7c9: new RaftServerImpl for group-5AC1E90E483A:[e20300c2-033d-4ad5-a085-155d7a933709:192.168.151.66:45929, 689e79db-c0a9-475a-9361-b09b91adf7c9:192.168.151.66:41183, 5930ff46-859e-45ff-a1c3-694564283812:192.168.151.66:39468] with ContainerStateMachine:uninitialized
2019-09-24 23:21:14,207 [pool-57-thread-1] INFO  server.RaftServerConfigKeys (ConfUtils.java:logGet(43)) - raft.server.rpc.timeout.min = 5s (custom)
2019-09-24 23:21:14,207 [pool-57-thread-1] INFO  server.RaftServerConfigKeys (ConfUtils.java:logGet(43)) - raft.server.rpc.timeout.max = 5200ms (custom)
2019-09-24 23:21:14,208 [pool-57-thread-1] INFO  server.RaftServerConfigKeys (ConfUtils.java:logGet(43)) - raft.server.rpcslowness.timeout = 120s (custom)
2019-09-24 23:21:14,208 [pool-57-thread-1] INFO  server.RaftServerConfigKeys (ConfUtils.java:logGet(43)) - raft.server.sleep.deviation.threshold = 300 (default)
2019-09-24 23:21:14,208 [pool-47-thread-1] INFO  impl.RaftServerImpl (RaftServerImpl.java:<init>(95)) - 5930ff46-859e-45ff-a1c3-694564283812: new RaftServerImpl for group-5AC1E90E483A:[e20300c2-033d-4ad5-a085-155d7a933709:192.168.151.66:45929, 689e79db-c0a9-475a-9361-b09b91adf7c9:192.168.151.66:41183, 5930ff46-859e-45ff-a1c3-694564283812:192.168.151.66:39468] with ContainerStateMachine:uninitialized
2019-09-24 23:21:14,208 [pool-57-thread-1] INFO  server.RaftServerConfigKeys (ConfUtils.java:logGet(43)) - raft.server.log.appender.install.snapshot.enabled = false (custom)
2019-09-24 23:21:14,208 [pool-47-thread-1] INFO  server.RaftServerConfigKeys (ConfUtils.java:logGet(43)) - raft.server.rpc.timeout.min = 5s (custom)
2019-09-24 23:21:14,208 [pool-57-thread-1] INFO  impl.RaftServerImpl (ServerState.java:<init>(103)) - 689e79db-c0a9-475a-9361-b09b91adf7c9@group-5AC1E90E483A: ConfigurationManager, init=-1: [e20300c2-033d-4ad5-a085-155d7a933709:192.168.151.66:45929, 689e79db-c0a9-475a-9361-b09b91adf7c9:192.168.151.66:41183, 5930ff46-859e-45ff-a1c3-694564283812:192.168.151.66:39468], old=null, confs=<EMPTY_MAP>
2019-09-24 23:21:14,208 [pool-47-thread-1] INFO  server.RaftServerConfigKeys (ConfUtils.java:logGet(43)) - raft.server.rpc.timeout.max = 5200ms (custom)
2019-09-24 23:21:14,209 [pool-47-thread-1] INFO  server.RaftServerConfigKeys (ConfUtils.java:logGet(43)) - raft.server.rpcslowness.timeout = 120s (custom)
2019-09-24 23:21:14,209 [pool-57-thread-1] INFO  server.RaftServerConfigKeys (ConfUtils.java:logGet(43)) - raft.server.storage.dir = [/workdir/hadoop-ozone/integration-test/target/test-dir/MiniOzoneClusterImpl-8c4156f6-ba4f-4261-a5fa-d2631acace6e/datanode-3/data/ratis] (custom)
2019-09-24 23:21:14,209 [pool-47-thread-1] INFO  server.RaftServerConfigKeys (ConfUtils.java:logGet(43)) - raft.server.sleep.deviation.threshold = 300 (default)
2019-09-24 23:21:14,209 [pool-77-thread-1] INFO  impl.RaftServerImpl (RaftServerImpl.java:<init>(95)) - e20300c2-033d-4ad5-a085-155d7a933709: new RaftServerImpl for group-5AC1E90E483A:[e20300c2-033d-4ad5-a085-155d7a933709:192.168.151.66:45929, 689e79db-c0a9-475a-9361-b09b91adf7c9:192.168.151.66:41183, 5930ff46-859e-45ff-a1c3-694564283812:192.168.151.66:39468] with ContainerStateMachine:uninitialized
2019-09-24 23:21:14,209 [pool-47-thread-1] INFO  server.RaftServerConfigKeys (ConfUtils.java:logGet(43)) - raft.server.log.appender.install.snapshot.enabled = false (custom)
2019-09-24 23:21:14,209 [pool-77-thread-1] INFO  server.RaftServerConfigKeys (ConfUtils.java:logGet(43)) - raft.server.rpc.timeout.min = 5s (custom)
2019-09-24 23:21:14,209 [pool-57-thread-1] INFO  storage.RaftStorageDirectory (RaftStorageDirectory.java:analyzeStorage(246)) - The storage directory /workdir/hadoop-ozone/integration-test/target/test-dir/MiniOzoneClusterImpl-8c4156f6-ba4f-4261-a5fa-d2631acace6e/datanode-3/data/ratis/bc6551b2-d42b-4055-acf6-5ac1e90e483a does not exist. Creating ...
2019-09-24 23:21:14,209 [pool-77-thread-1] INFO  server.RaftServerConfigKeys (ConfUtils.java:logGet(43)) - raft.server.rpc.timeout.max = 5200ms (custom)
2019-09-24 23:21:14,209 [pool-47-thread-1] INFO  impl.RaftServerImpl (ServerState.java:<init>(103)) - 5930ff46-859e-45ff-a1c3-694564283812@group-5AC1E90E483A: ConfigurationManager, init=-1: [e20300c2-033d-4ad5-a085-155d7a933709:192.168.151.66:45929, 689e79db-c0a9-475a-9361-b09b91adf7c9:192.168.151.66:41183, 5930ff46-859e-45ff-a1c3-694564283812:192.168.151.66:39468], old=null, confs=<EMPTY_MAP>
2019-09-24 23:21:14,210 [pool-77-thread-1] INFO  server.RaftServerConfigKeys (ConfUtils.java:logGet(43)) - raft.server.rpcslowness.timeout = 120s (custom)
2019-09-24 23:21:14,210 [pool-47-thread-1] INFO  server.RaftServerConfigKeys (ConfUtils.java:logGet(43)) - raft.server.storage.dir = [/workdir/hadoop-ozone/integration-test/target/test-dir/MiniOzoneClusterImpl-8c4156f6-ba4f-4261-a5fa-d2631acace6e/datanode-2/data/ratis] (custom)
2019-09-24 23:21:14,210 [pool-77-thread-1] INFO  server.RaftServerConfigKeys (ConfUtils.java:logGet(43)) - raft.server.sleep.deviation.threshold = 300 (default)
2019-09-24 23:21:14,210 [pool-77-thread-1] INFO  server.RaftServerConfigKeys (ConfUtils.java:logGet(43)) - raft.server.log.appender.install.snapshot.enabled = false (custom)
2019-09-24 23:21:14,210 [pool-47-thread-1] INFO  storage.RaftStorageDirectory (RaftStorageDirectory.java:analyzeStorage(246)) - The storage directory /workdir/hadoop-ozone/integration-test/target/test-dir/MiniOzoneClusterImpl-8c4156f6-ba4f-4261-a5fa-d2631acace6e/datanode-2/data/ratis/bc6551b2-d42b-4055-acf6-5ac1e90e483a does not exist. Creating ...
2019-09-24 23:21:14,210 [pool-77-thread-1] INFO  impl.RaftServerImpl (ServerState.java:<init>(103)) - e20300c2-033d-4ad5-a085-155d7a933709@group-5AC1E90E483A: ConfigurationManager, init=-1: [e20300c2-033d-4ad5-a085-155d7a933709:192.168.151.66:45929, 689e79db-c0a9-475a-9361-b09b91adf7c9:192.168.151.66:41183, 5930ff46-859e-45ff-a1c3-694564283812:192.168.151.66:39468], old=null, confs=<EMPTY_MAP>
2019-09-24 23:21:14,211 [pool-77-thread-1] INFO  server.RaftServerConfigKeys (ConfUtils.java:logGet(43)) - raft.server.storage.dir = [/workdir/hadoop-ozone/integration-test/target/test-dir/MiniOzoneClusterImpl-8c4156f6-ba4f-4261-a5fa-d2631acace6e/datanode-5/data/ratis] (custom)
2019-09-24 23:21:14,211 [pool-77-thread-1] INFO  storage.RaftStorageDirectory (RaftStorageDirectory.java:analyzeStorage(246)) - The storage directory /workdir/hadoop-ozone/integration-test/target/test-dir/MiniOzoneClusterImpl-8c4156f6-ba4f-4261-a5fa-d2631acace6e/datanode-5/data/ratis/bc6551b2-d42b-4055-acf6-5ac1e90e483a does not exist. Creating ...
2019-09-24 23:21:14,223 [pool-47-thread-1] INFO  storage.RaftStorageDirectory (RaftStorageDirectory.java:tryLock(328)) - Lock on /workdir/hadoop-ozone/integration-test/target/test-dir/MiniOzoneClusterImpl-8c4156f6-ba4f-4261-a5fa-d2631acace6e/datanode-2/data/ratis/bc6551b2-d42b-4055-acf6-5ac1e90e483a/in_use.lock acquired by nodename 27986@pr-hdds-2162-v2v4x-1150571016
2019-09-24 23:21:14,223 [pool-57-thread-1] INFO  storage.RaftStorageDirectory (RaftStorageDirectory.java:tryLock(328)) - Lock on /workdir/hadoop-ozone/integration-test/target/test-dir/MiniOzoneClusterImpl-8c4156f6-ba4f-4261-a5fa-d2631acace6e/datanode-3/data/ratis/bc6551b2-d42b-4055-acf6-5ac1e90e483a/in_use.lock acquired by nodename 27986@pr-hdds-2162-v2v4x-1150571016
2019-09-24 23:21:14,223 [pool-77-thread-1] INFO  storage.RaftStorageDirectory (RaftStorageDirectory.java:tryLock(328)) - Lock on /workdir/hadoop-ozone/integration-test/target/test-dir/MiniOzoneClusterImpl-8c4156f6-ba4f-4261-a5fa-d2631acace6e/datanode-5/data/ratis/bc6551b2-d42b-4055-acf6-5ac1e90e483a/in_use.lock acquired by nodename 27986@pr-hdds-2162-v2v4x-1150571016
2019-09-24 23:21:14,237 [pool-47-thread-1] INFO  storage.RaftStorage (RaftStorage.java:format(72)) - Storage directory /workdir/hadoop-ozone/integration-test/target/test-dir/MiniOzoneClusterImpl-8c4156f6-ba4f-4261-a5fa-d2631acace6e/datanode-2/data/ratis/bc6551b2-d42b-4055-acf6-5ac1e90e483a has been successfully formatted.
2019-09-24 23:21:14,237 [pool-77-thread-1] INFO  storage.RaftStorage (RaftStorage.java:format(72)) - Storage directory /workdir/hadoop-ozone/integration-test/target/test-dir/MiniOzoneClusterImpl-8c4156f6-ba4f-4261-a5fa-d2631acace6e/datanode-5/data/ratis/bc6551b2-d42b-4055-acf6-5ac1e90e483a has been successfully formatted.
2019-09-24 23:21:14,237 [pool-47-thread-1] INFO  ratis.ContainerStateMachine (ContainerStateMachine.java:loadSnapshot(230)) - group-5AC1E90E483A: The snapshot info is null. Setting the last applied indexto:(t:0, i:~)
2019-09-24 23:21:14,237 [pool-57-thread-1] INFO  storage.RaftStorage (RaftStorage.java:format(72)) - Storage directory /workdir/hadoop-ozone/integration-test/target/test-dir/MiniOzoneClusterImpl-8c4156f6-ba4f-4261-a5fa-d2631acace6e/datanode-3/data/ratis/bc6551b2-d42b-4055-acf6-5ac1e90e483a has been successfully formatted.
2019-09-24 23:21:14,237 [pool-77-thread-1] INFO  ratis.ContainerStateMachine (ContainerStateMachine.java:loadSnapshot(230)) - group-5AC1E90E483A: The snapshot info is null. Setting the last applied indexto:(t:0, i:~)
2019-09-24 23:21:14,237 [pool-57-thread-1] INFO  ratis.ContainerStateMachine (ContainerStateMachine.java:loadSnapshot(230)) - group-5AC1E90E483A: The snapshot info is null. Setting the last applied indexto:(t:0, i:~)
2019-09-24 23:21:14,237 [pool-47-thread-1] INFO  server.RaftServerConfigKeys (ConfUtils.java:logGet(43)) - raft.server.notification.no-leader.timeout = 120s (custom)
2019-09-24 23:21:14,238 [pool-57-thread-1] INFO  server.RaftServerConfigKeys (ConfUtils.java:logGet(43)) - raft.server.notification.no-leader.timeout = 120s (custom)
2019-09-24 23:21:14,238 [pool-77-thread-1] INFO  server.RaftServerConfigKeys (ConfUtils.java:logGet(43)) - raft.server.notification.no-leader.timeout = 120s (custom)
2019-09-24 23:21:14,238 [pool-57-thread-1] INFO  server.RaftServerConfigKeys (ConfUtils.java:logGet(43)) - raft.server.log.use.memory = false (default)
2019-09-24 23:21:14,238 [pool-47-thread-1] INFO  server.RaftServerConfigKeys (ConfUtils.java:logGet(43)) - raft.server.log.use.memory = false (default)
2019-09-24 23:21:14,238 [pool-57-thread-1] INFO  server.RaftServerConfigKeys (ConfUtils.java:logGet(43)) - raft.server.log.purge.gap = 1000000 (custom)
2019-09-24 23:21:14,238 [pool-77-thread-1] INFO  server.RaftServerConfigKeys (ConfUtils.java:logGet(43)) - raft.server.log.use.memory = false (default)
2019-09-24 23:21:14,238 [pool-57-thread-1] INFO  server.RaftServerConfigKeys (ConfUtils.java:logGet(43)) - raft.server.log.appender.buffer.byte-limit = 33554432 (custom)
2019-09-24 23:21:14,238 [pool-47-thread-1] INFO  server.RaftServerConfigKeys (ConfUtils.java:logGet(43)) - raft.server.log.purge.gap = 1000000 (custom)
2019-09-24 23:21:14,239 [pool-57-thread-1] INFO  server.RaftServerConfigKeys (ConfUtils.java:logGet(43)) - raft.server.log.segment.size.max = 1048576 (custom)
2019-09-24 23:21:14,239 [pool-77-thread-1] INFO  server.RaftServerConfigKeys (ConfUtils.java:logGet(43)) - raft.server.log.purge.gap = 1000000 (custom)
2019-09-24 23:21:14,239 [pool-57-thread-1] INFO  server.RaftServerConfigKeys (ConfUtils.java:logGet(43)) - raft.server.log.segment.cache.num.max = 2 (custom)
2019-09-24 23:21:14,239 [pool-47-thread-1] INFO  server.RaftServerConfigKeys (ConfUtils.java:logGet(43)) - raft.server.log.appender.buffer.byte-limit = 33554432 (custom)
2019-09-24 23:21:14,239 [pool-57-thread-1] INFO  segmented.SegmentedRaftLogWorker (SegmentedRaftLogWorker.java:<init>(172)) - new 689e79db-c0a9-475a-9361-b09b91adf7c9@group-5AC1E90E483A-SegmentedRaftLogWorker for RaftStorage:Storage Directory /workdir/hadoop-ozone/integration-test/target/test-dir/MiniOzoneClusterImpl-8c4156f6-ba4f-4261-a5fa-d2631acace6e/datanode-3/data/ratis/bc6551b2-d42b-4055-acf6-5ac1e90e483a
2019-09-24 23:21:14,239 [pool-77-thread-1] INFO  server.RaftServerConfigKeys (ConfUtils.java:logGet(43)) - raft.server.log.appender.buffer.byte-limit = 33554432 (custom)
2019-09-24 23:21:14,239 [pool-57-thread-1] INFO  server.RaftServerConfigKeys (ConfUtils.java:logGet(43)) - raft.server.log.queue.byte-limit = 2147483647 (custom)
2019-09-24 23:21:14,239 [pool-47-thread-1] INFO  server.RaftServerConfigKeys (ConfUtils.java:logGet(43)) - raft.server.log.segment.size.max = 1048576 (custom)
2019-09-24 23:21:14,240 [pool-57-thread-1] INFO  server.RaftServerConfigKeys (ConfUtils.java:logGet(43)) - raft.server.log.queue.element-limit = 1024 (custom)
2019-09-24 23:21:14,240 [pool-77-thread-1] INFO  server.RaftServerConfigKeys (ConfUtils.java:logGet(43)) - raft.server.log.segment.size.max = 1048576 (custom)
2019-09-24 23:21:14,240 [pool-57-thread-1] INFO  server.RaftServerConfigKeys (ConfUtils.java:logGet(43)) - raft.server.log.segment.size.max = 1048576 (custom)
2019-09-24 23:21:14,240 [pool-47-thread-1] INFO  server.RaftServerConfigKeys (ConfUtils.java:logGet(43)) - raft.server.log.segment.cache.num.max = 2 (custom)
2019-09-24 23:21:14,240 [pool-57-thread-1] INFO  server.RaftServerConfigKeys (ConfUtils.java:logGet(43)) - raft.server.log.preallocated.size = 16384 (custom)
2019-09-24 23:21:14,240 [pool-77-thread-1] INFO  server.RaftServerConfigKeys (ConfUtils.java:logGet(43)) - raft.server.log.segment.cache.num.max = 2 (custom)
2019-09-24 23:21:14,241 [pool-57-thread-1] INFO  server.RaftServerConfigKeys (ConfUtils.java:logGet(43)) - raft.server.log.write.buffer.size = 33554432 (custom)
2019-09-24 23:21:14,240 [pool-47-thread-1] INFO  segmented.SegmentedRaftLogWorker (SegmentedRaftLogWorker.java:<init>(172)) - new 5930ff46-859e-45ff-a1c3-694564283812@group-5AC1E90E483A-SegmentedRaftLogWorker for RaftStorage:Storage Directory /workdir/hadoop-ozone/integration-test/target/test-dir/MiniOzoneClusterImpl-8c4156f6-ba4f-4261-a5fa-d2631acace6e/datanode-2/data/ratis/bc6551b2-d42b-4055-acf6-5ac1e90e483a
2019-09-24 23:21:14,241 [pool-57-thread-1] INFO  server.RaftServerConfigKeys (ConfUtils.java:logGet(43)) - raft.server.log.force.sync.num = 128 (default)
2019-09-24 23:21:14,241 [pool-77-thread-1] INFO  segmented.SegmentedRaftLogWorker (SegmentedRaftLogWorker.java:<init>(172)) - new e20300c2-033d-4ad5-a085-155d7a933709@group-5AC1E90E483A-SegmentedRaftLogWorker for RaftStorage:Storage Directory /workdir/hadoop-ozone/integration-test/target/test-dir/MiniOzoneClusterImpl-8c4156f6-ba4f-4261-a5fa-d2631acace6e/datanode-5/data/ratis/bc6551b2-d42b-4055-acf6-5ac1e90e483a
2019-09-24 23:21:14,241 [pool-57-thread-1] INFO  server.RaftServerConfigKeys (ConfUtils.java:logGet(43)) - raft.server.log.statemachine.data.sync = true (default)
2019-09-24 23:21:14,241 [pool-47-thread-1] INFO  server.RaftServerConfigKeys (ConfUtils.java:logGet(43)) - raft.server.log.queue.byte-limit = 2147483647 (custom)
2019-09-24 23:21:14,242 [pool-57-thread-1] INFO  server.RaftServerConfigKeys (ConfUtils.java:logGet(43)) - raft.server.log.statemachine.data.sync.timeout = 10s (default)
2019-09-24 23:21:14,241 [pool-77-thread-1] INFO  server.RaftServerConfigKeys (ConfUtils.java:logGet(43)) - raft.server.log.queue.byte-limit = 2147483647 (custom)
2019-09-24 23:21:14,242 [pool-57-thread-1] INFO  server.RaftServerConfigKeys (ConfUtils.java:logGet(43)) - raft.server.log.statemachine.data.sync.timeout.retry = -1 (default)
2019-09-24 23:21:14,242 [pool-47-thread-1] INFO  server.RaftServerConfigKeys (ConfUtils.java:logGet(43)) - raft.server.log.queue.element-limit = 1024 (custom)
2019-09-24 23:21:14,242 [pool-77-thread-1] INFO  server.RaftServerConfigKeys (ConfUtils.java:logGet(43)) - raft.server.log.queue.element-limit = 1024 (custom)
2019-09-24 23:21:14,242 [pool-47-thread-1] INFO  server.RaftServerConfigKeys (ConfUtils.java:logGet(43)) - raft.server.log.segment.size.max = 1048576 (custom)
2019-09-24 23:21:14,242 [pool-57-thread-1] INFO  server.RaftServerConfigKeys (ConfUtils.java:logGet(43)) - raft.server.log.statemachine.data.caching.enabled = true (custom)
2019-09-24 23:21:14,242 [pool-47-thread-1] INFO  server.RaftServerConfigKeys (ConfUtils.java:logGet(43)) - raft.server.log.preallocated.size = 16384 (custom)
2019-09-24 23:21:14,242 [pool-77-thread-1] INFO  server.RaftServerConfigKeys (ConfUtils.java:logGet(43)) - raft.server.log.segment.size.max = 1048576 (custom)
2019-09-24 23:21:14,243 [pool-57-thread-1] INFO  segmented.SegmentedRaftLogWorker (SegmentedRaftLogWorker.java:lambda$new$0(132)) - 689e79db-c0a9-475a-9361-b09b91adf7c9@group-5AC1E90E483A-SegmentedRaftLogWorker: flushIndex: setUnconditionally 0 -> -1
2019-09-24 23:21:14,243 [pool-47-thread-1] INFO  server.RaftServerConfigKeys (ConfUtils.java:logGet(43)) - raft.server.log.write.buffer.size = 33554432 (custom)
2019-09-24 23:21:14,243 [pool-77-thread-1] INFO  server.RaftServerConfigKeys (ConfUtils.java:logGet(43)) - raft.server.log.preallocated.size = 16384 (custom)
2019-09-24 23:21:14,243 [pool-57-thread-1] INFO  server.RaftServerConfigKeys (ConfUtils.java:logGet(43)) - raft.server.snapshot.auto.trigger.enabled = true (custom)
2019-09-24 23:21:14,243 [pool-47-thread-1] INFO  server.RaftServerConfigKeys (ConfUtils.java:logGet(43)) - raft.server.log.force.sync.num = 128 (default)
2019-09-24 23:21:14,243 [pool-57-thread-1] INFO  server.RaftServerConfigKeys (ConfUtils.java:logGet(43)) - raft.server.snapshot.auto.trigger.threshold = 10000 (custom)
2019-09-24 23:21:14,243 [pool-77-thread-1] INFO  server.RaftServerConfigKeys (ConfUtils.java:logGet(43)) - raft.server.log.write.buffer.size = 33554432 (custom)
2019-09-24 23:21:14,244 [pool-57-thread-1] INFO  server.RaftServerConfigKeys (ConfUtils.java:logGet(43)) - raft.server.snapshot.retention.num.files = 5 (custom)
2019-09-24 23:21:14,243 [pool-47-thread-1] INFO  server.RaftServerConfigKeys (ConfUtils.java:logGet(43)) - raft.server.log.statemachine.data.sync = true (default)
2019-09-24 23:21:14,244 [pool-57-thread-1] INFO  server.RaftServerConfigKeys (ConfUtils.java:logGet(43)) - raft.server.retrycache.expirytime = 600000ms (custom)
2019-09-24 23:21:14,244 [pool-47-thread-1] INFO  server.RaftServerConfigKeys (ConfUtils.java:logGet(43)) - raft.server.log.statemachine.data.sync.timeout = 10s (default)
2019-09-24 23:21:14,244 [pool-77-thread-1] INFO  server.RaftServerConfigKeys (ConfUtils.java:logGet(43)) - raft.server.log.force.sync.num = 128 (default)
2019-09-24 23:21:14,244 [pool-47-thread-1] INFO  server.RaftServerConfigKeys (ConfUtils.java:logGet(43)) - raft.server.log.statemachine.data.sync.timeout.retry = -1 (default)
2019-09-24 23:21:14,244 [pool-77-thread-1] INFO  server.RaftServerConfigKeys (ConfUtils.java:logGet(43)) - raft.server.log.statemachine.data.sync = true (default)
2019-09-24 23:21:14,245 [pool-47-thread-1] INFO  server.RaftServerConfigKeys (ConfUtils.java:logGet(43)) - raft.server.log.statemachine.data.caching.enabled = true (custom)
2019-09-24 23:21:14,245 [pool-77-thread-1] INFO  server.RaftServerConfigKeys (ConfUtils.java:logGet(43)) - raft.server.log.statemachine.data.sync.timeout = 10s (default)
2019-09-24 23:21:14,245 [pool-47-thread-1] INFO  segmented.SegmentedRaftLogWorker (SegmentedRaftLogWorker.java:lambda$new$0(132)) - 5930ff46-859e-45ff-a1c3-694564283812@group-5AC1E90E483A-SegmentedRaftLogWorker: flushIndex: setUnconditionally 0 -> -1
2019-09-24 23:21:14,245 [pool-77-thread-1] INFO  server.RaftServerConfigKeys (ConfUtils.java:logGet(43)) - raft.server.log.statemachine.data.sync.timeout.retry = -1 (default)
2019-09-24 23:21:14,245 [pool-47-thread-1] INFO  server.RaftServerConfigKeys (ConfUtils.java:logGet(43)) - raft.server.snapshot.auto.trigger.enabled = true (custom)
2019-09-24 23:21:14,245 [pool-77-thread-1] INFO  server.RaftServerConfigKeys (ConfUtils.java:logGet(43)) - raft.server.log.statemachine.data.caching.enabled = true (custom)
2019-09-24 23:21:14,245 [pool-47-thread-1] INFO  server.RaftServerConfigKeys (ConfUtils.java:logGet(43)) - raft.server.snapshot.auto.trigger.threshold = 10000 (custom)
2019-09-24 23:21:14,246 [pool-47-thread-1] INFO  server.RaftServerConfigKeys (ConfUtils.java:logGet(43)) - raft.server.snapshot.retention.num.files = 5 (custom)
2019-09-24 23:21:14,246 [pool-77-thread-1] INFO  segmented.SegmentedRaftLogWorker (SegmentedRaftLogWorker.java:lambda$new$0(132)) - e20300c2-033d-4ad5-a085-155d7a933709@group-5AC1E90E483A-SegmentedRaftLogWorker: flushIndex: setUnconditionally 0 -> -1
2019-09-24 23:21:14,246 [pool-47-thread-1] INFO  server.RaftServerConfigKeys (ConfUtils.java:logGet(43)) - raft.server.retrycache.expirytime = 600000ms (custom)
2019-09-24 23:21:14,247 [pool-77-thread-1] INFO  server.RaftServerConfigKeys (ConfUtils.java:logGet(43)) - raft.server.snapshot.auto.trigger.enabled = true (custom)
2019-09-24 23:21:14,247 [pool-77-thread-1] INFO  server.RaftServerConfigKeys (ConfUtils.java:logGet(43)) - raft.server.snapshot.auto.trigger.threshold = 10000 (custom)
2019-09-24 23:21:14,247 [pool-77-thread-1] INFO  server.RaftServerConfigKeys (ConfUtils.java:logGet(43)) - raft.server.snapshot.retention.num.files = 5 (custom)
2019-09-24 23:21:14,247 [pool-77-thread-1] INFO  server.RaftServerConfigKeys (ConfUtils.java:logGet(43)) - raft.server.retrycache.expirytime = 600000ms (custom)
2019-09-24 23:21:14,247 [pool-57-thread-1] INFO  impl.RaftServerImpl (RaftServerImpl.java:start(185)) - 689e79db-c0a9-475a-9361-b09b91adf7c9@group-5AC1E90E483A: start as a follower, conf=-1: [e20300c2-033d-4ad5-a085-155d7a933709:192.168.151.66:45929, 689e79db-c0a9-475a-9361-b09b91adf7c9:192.168.151.66:41183, 5930ff46-859e-45ff-a1c3-694564283812:192.168.151.66:39468], old=null
2019-09-24 23:21:14,248 [pool-57-thread-1] INFO  impl.RaftServerImpl (RaftServerImpl.java:setRole(174)) - 689e79db-c0a9-475a-9361-b09b91adf7c9@group-5AC1E90E483A: changes role from      null to FOLLOWER at term 0 for startAsFollower
2019-09-24 23:21:14,248 [pool-57-thread-1] INFO  impl.RoleInfo (RoleInfo.java:updateAndGet(143)) - 689e79db-c0a9-475a-9361-b09b91adf7c9: start FollowerState
2019-09-24 23:21:14,248 [pool-57-thread-1] INFO  util.JmxRegister (JmxRegister.java:tryRegister(44)) - Successfully registered JMX Bean with object name Ratis:service=RaftServer,group=group-5AC1E90E483A,id=689e79db-c0a9-475a-9361-b09b91adf7c9
2019-09-24 23:21:14,248 [pool-47-thread-1] INFO  impl.RaftServerImpl (RaftServerImpl.java:start(185)) - 5930ff46-859e-45ff-a1c3-694564283812@group-5AC1E90E483A: start as a follower, conf=-1: [e20300c2-033d-4ad5-a085-155d7a933709:192.168.151.66:45929, 689e79db-c0a9-475a-9361-b09b91adf7c9:192.168.151.66:41183, 5930ff46-859e-45ff-a1c3-694564283812:192.168.151.66:39468], old=null
2019-09-24 23:21:14,248 [pool-47-thread-1] INFO  impl.RaftServerImpl (RaftServerImpl.java:setRole(174)) - 5930ff46-859e-45ff-a1c3-694564283812@group-5AC1E90E483A: changes role from      null to FOLLOWER at term 0 for startAsFollower
2019-09-24 23:21:14,249 [pool-47-thread-1] INFO  impl.RoleInfo (RoleInfo.java:updateAndGet(143)) - 5930ff46-859e-45ff-a1c3-694564283812: start FollowerState
2019-09-24 23:21:14,249 [pool-47-thread-1] INFO  util.JmxRegister (JmxRegister.java:tryRegister(44)) - Successfully registered JMX Bean with object name Ratis:service=RaftServer,group=group-5AC1E90E483A,id=5930ff46-859e-45ff-a1c3-694564283812
2019-09-24 23:21:14,254 [pool-77-thread-1] INFO  impl.RaftServerImpl (RaftServerImpl.java:start(185)) - e20300c2-033d-4ad5-a085-155d7a933709@group-5AC1E90E483A: start as a follower, conf=-1: [e20300c2-033d-4ad5-a085-155d7a933709:192.168.151.66:45929, 689e79db-c0a9-475a-9361-b09b91adf7c9:192.168.151.66:41183, 5930ff46-859e-45ff-a1c3-694564283812:192.168.151.66:39468], old=null
2019-09-24 23:21:14,255 [pool-77-thread-1] INFO  impl.RaftServerImpl (RaftServerImpl.java:setRole(174)) - e20300c2-033d-4ad5-a085-155d7a933709@group-5AC1E90E483A: changes role from      null to FOLLOWER at term 0 for startAsFollower
2019-09-24 23:21:14,256 [pool-77-thread-1] INFO  impl.RoleInfo (RoleInfo.java:updateAndGet(143)) - e20300c2-033d-4ad5-a085-155d7a933709: start FollowerState
2019-09-24 23:21:14,256 [pool-77-thread-1] INFO  util.JmxRegister (JmxRegister.java:tryRegister(44)) - Successfully registered JMX Bean with object name Ratis:service=RaftServer,group=group-5AC1E90E483A,id=e20300c2-033d-4ad5-a085-155d7a933709
2019-09-24 23:21:14,271 [RatisPipelineUtilsThread] INFO  pipeline.PipelineStateManager (PipelineStateManager.java:addPipeline(56)) - Created pipeline Pipeline[ Id: bc6551b2-d42b-4055-acf6-5ac1e90e483a, Nodes: 689e79db-c0a9-475a-9361-b09b91adf7c9{ip: 192.168.151.66, host: pr-hdds-2162-v2v4x-1150571016, networkLocation: /default-rack, certSerialId: null}5930ff46-859e-45ff-a1c3-694564283812{ip: 192.168.151.66, host: pr-hdds-2162-v2v4x-1150571016, networkLocation: /default-rack, certSerialId: null}e20300c2-033d-4ad5-a085-155d7a933709{ip: 192.168.151.66, host: pr-hdds-2162-v2v4x-1150571016, networkLocation: /default-rack, certSerialId: null}, Type:RATIS, Factor:THREE, State:OPEN]
2019-09-24 23:21:15,307 [main] INFO  ipc.Client (Client.java:handleConnectionFailure(948)) - Retrying connect to server: localhost/127.0.0.1:0. Already tried 0 time(s); retry policy is RetryUpToMaximumCountWithFixedSleep(maxRetries=10, sleepTime=1000 MILLISECONDS)
2019-09-24 23:21:15,556 [Thread-238] INFO  container.ReplicationManager (ReplicationManager.java:start(162)) - Starting Replication Monitor Thread.
2019-09-24 23:21:15,561 [ReplicationMonitor] INFO  container.ReplicationManager (ReplicationManager.java:run(225)) - Replication Monitor Thread took 1 milliseconds for processing 0 containers.
2019-09-24 23:21:16,308 [main] INFO  ipc.Client (Client.java:handleConnectionFailure(948)) - Retrying connect to server: localhost/127.0.0.1:0. Already tried 1 time(s); retry policy is RetryUpToMaximumCountWithFixedSleep(maxRetries=10, sleepTime=1000 MILLISECONDS)
2019-09-24 23:21:17,309 [main] INFO  ipc.Client (Client.java:handleConnectionFailure(948)) - Retrying connect to server: localhost/127.0.0.1:0. Already tried 2 time(s); retry policy is RetryUpToMaximumCountWithFixedSleep(maxRetries=10, sleepTime=1000 MILLISECONDS)
2019-09-24 23:21:18,311 [main] INFO  ipc.Client (Client.java:handleConnectionFailure(948)) - Retrying connect to server: localhost/127.0.0.1:0. Already tried 3 time(s); retry policy is RetryUpToMaximumCountWithFixedSleep(maxRetries=10, sleepTime=1000 MILLISECONDS)
2019-09-24 23:21:18,465 [Thread-240] INFO  impl.FollowerState (FollowerState.java:run(106)) - 69e28fe1-00c1-4445-ac62-1ecce60d6724:group-20B6E8884658 changes to CANDIDATE, lastRpcTime:5154, electionTimeout:5154ms
2019-09-24 23:21:18,468 [Thread-240] INFO  impl.RoleInfo (RoleInfo.java:shutdownFollowerState(121)) - 69e28fe1-00c1-4445-ac62-1ecce60d6724: shutdown FollowerState
2019-09-24 23:21:18,468 [Thread-240] INFO  impl.RaftServerImpl (RaftServerImpl.java:setRole(174)) - 69e28fe1-00c1-4445-ac62-1ecce60d6724@group-20B6E8884658: changes role from  FOLLOWER to CANDIDATE at term 0 for changeToCandidate
2019-09-24 23:21:18,477 [Thread-240] INFO  impl.RoleInfo (RoleInfo.java:updateAndGet(143)) - 69e28fe1-00c1-4445-ac62-1ecce60d6724: start LeaderElection
2019-09-24 23:21:18,505 [69e28fe1-00c1-4445-ac62-1ecce60d6724@group-20B6E8884658:LeaderElection1] INFO  impl.LeaderElection (LeaderElection.java:askForVotes(182)) - 69e28fe1-00c1-4445-ac62-1ecce60d6724@group-20B6E8884658:LeaderElection1: begin an election at term 1 for -1: [69e28fe1-00c1-4445-ac62-1ecce60d6724:192.168.151.66:44017], old=null
2019-09-24 23:21:18,507 [69e28fe1-00c1-4445-ac62-1ecce60d6724@group-20B6E8884658:LeaderElection1] INFO  impl.RoleInfo (RoleInfo.java:shutdownLeaderElection(134)) - 69e28fe1-00c1-4445-ac62-1ecce60d6724: shutdown LeaderElection
2019-09-24 23:21:18,508 [69e28fe1-00c1-4445-ac62-1ecce60d6724@group-20B6E8884658:LeaderElection1] INFO  impl.RaftServerImpl (RaftServerImpl.java:setRole(174)) - 69e28fe1-00c1-4445-ac62-1ecce60d6724@group-20B6E8884658: changes role from CANDIDATE to LEADER at term 1 for changeToLeader
2019-09-24 23:21:18,508 [69e28fe1-00c1-4445-ac62-1ecce60d6724@group-20B6E8884658:LeaderElection1] INFO  impl.RaftServerImpl (ServerState.java:setLeader(253)) - 69e28fe1-00c1-4445-ac62-1ecce60d6724@group-20B6E8884658: change Leader from null to 69e28fe1-00c1-4445-ac62-1ecce60d6724 at term 1 for becomeLeader, leader elected after 5313ms
2019-09-24 23:21:18,518 [69e28fe1-00c1-4445-ac62-1ecce60d6724@group-20B6E8884658:LeaderElection1] INFO  server.RaftServerConfigKeys (ConfUtils.java:logGet(43)) - raft.server.staging.catchup.gap = 1000 (default)
2019-09-24 23:21:18,519 [69e28fe1-00c1-4445-ac62-1ecce60d6724@group-20B6E8884658:LeaderElection1] INFO  server.RaftServerConfigKeys (ConfUtils.java:logGet(43)) - raft.server.rpc.sleep.time = 25ms (default)
2019-09-24 23:21:18,522 [69e28fe1-00c1-4445-ac62-1ecce60d6724@group-20B6E8884658:LeaderElection1] INFO  server.RaftServerConfigKeys (ConfUtils.java:logGet(43)) - raft.server.write.element-limit = 4096 (default)
2019-09-24 23:21:18,525 [69e28fe1-00c1-4445-ac62-1ecce60d6724@group-20B6E8884658:LeaderElection1] INFO  server.RaftServerConfigKeys (ConfUtils.java:logGet(43)) - raft.server.watch.timeout = 10s (default)
2019-09-24 23:21:18,525 [69e28fe1-00c1-4445-ac62-1ecce60d6724@group-20B6E8884658:LeaderElection1] INFO  server.RaftServerConfigKeys (ConfUtils.java:logGet(43)) - raft.server.watch.timeout.denomination = 1s (default)
2019-09-24 23:21:18,526 [69e28fe1-00c1-4445-ac62-1ecce60d6724@group-20B6E8884658:LeaderElection1] INFO  server.RaftServerConfigKeys (ConfUtils.java:logGet(43)) - raft.server.watch.element-limit = 65536 (default)
2019-09-24 23:21:18,539 [69e28fe1-00c1-4445-ac62-1ecce60d6724@group-20B6E8884658:LeaderElection1] INFO  impl.RoleInfo (RoleInfo.java:updateAndGet(143)) - 69e28fe1-00c1-4445-ac62-1ecce60d6724: start LeaderState
2019-09-24 23:21:18,562 [69e28fe1-00c1-4445-ac62-1ecce60d6724@group-20B6E8884658:LeaderElection1] INFO  segmented.SegmentedRaftLogWorker (SegmentedRaftLogWorker.java:startLogSegment(380)) - 69e28fe1-00c1-4445-ac62-1ecce60d6724@group-20B6E8884658-SegmentedRaftLogWorker: Starting segment from index:0
2019-09-24 23:21:18,570 [69e28fe1-00c1-4445-ac62-1ecce60d6724@group-20B6E8884658:LeaderElection1] INFO  impl.RaftServerImpl (ServerState.java:setRaftConf(354)) - 69e28fe1-00c1-4445-ac62-1ecce60d6724@group-20B6E8884658: set configuration 0: [69e28fe1-00c1-4445-ac62-1ecce60d6724:192.168.151.66:44017], old=null at 0
2019-09-24 23:21:18,582 [Thread-243] INFO  impl.FollowerState (FollowerState.java:run(106)) - eb551bd8-dc24-44e0-bb3e-8d47f4074a43:group-F2AF15F7DE5D changes to CANDIDATE, lastRpcTime:5020, electionTimeout:5018ms
2019-09-24 23:21:18,583 [Thread-243] INFO  impl.RoleInfo (RoleInfo.java:shutdownFollowerState(121)) - eb551bd8-dc24-44e0-bb3e-8d47f4074a43: shutdown FollowerState
2019-09-24 23:21:18,583 [Thread-243] INFO  impl.RaftServerImpl (RaftServerImpl.java:setRole(174)) - eb551bd8-dc24-44e0-bb3e-8d47f4074a43@group-F2AF15F7DE5D: changes role from  FOLLOWER to CANDIDATE at term 0 for changeToCandidate
2019-09-24 23:21:18,584 [Thread-243] INFO  impl.RoleInfo (RoleInfo.java:updateAndGet(143)) - eb551bd8-dc24-44e0-bb3e-8d47f4074a43: start LeaderElection
2019-09-24 23:21:18,599 [eb551bd8-dc24-44e0-bb3e-8d47f4074a43@group-F2AF15F7DE5D:LeaderElection2] INFO  impl.LeaderElection (LeaderElection.java:askForVotes(182)) - eb551bd8-dc24-44e0-bb3e-8d47f4074a43@group-F2AF15F7DE5D:LeaderElection2: begin an election at term 1 for -1: [eb551bd8-dc24-44e0-bb3e-8d47f4074a43:192.168.151.66:35415], old=null
2019-09-24 23:21:18,600 [eb551bd8-dc24-44e0-bb3e-8d47f4074a43@group-F2AF15F7DE5D:LeaderElection2] INFO  impl.RoleInfo (RoleInfo.java:shutdownLeaderElection(134)) - eb551bd8-dc24-44e0-bb3e-8d47f4074a43: shutdown LeaderElection
2019-09-24 23:21:18,600 [eb551bd8-dc24-44e0-bb3e-8d47f4074a43@group-F2AF15F7DE5D:LeaderElection2] INFO  impl.RaftServerImpl (RaftServerImpl.java:setRole(174)) - eb551bd8-dc24-44e0-bb3e-8d47f4074a43@group-F2AF15F7DE5D: changes role from CANDIDATE to LEADER at term 1 for changeToLeader
2019-09-24 23:21:18,600 [eb551bd8-dc24-44e0-bb3e-8d47f4074a43@group-F2AF15F7DE5D:LeaderElection2] INFO  impl.RaftServerImpl (ServerState.java:setLeader(253)) - eb551bd8-dc24-44e0-bb3e-8d47f4074a43@group-F2AF15F7DE5D: change Leader from null to eb551bd8-dc24-44e0-bb3e-8d47f4074a43 at term 1 for becomeLeader, leader elected after 5059ms
2019-09-24 23:21:18,602 [eb551bd8-dc24-44e0-bb3e-8d47f4074a43@group-F2AF15F7DE5D:LeaderElection2] INFO  server.RaftServerConfigKeys (ConfUtils.java:logGet(43)) - raft.server.staging.catchup.gap = 1000 (default)
2019-09-24 23:21:18,602 [eb551bd8-dc24-44e0-bb3e-8d47f4074a43@group-F2AF15F7DE5D:LeaderElection2] INFO  server.RaftServerConfigKeys (ConfUtils.java:logGet(43)) - raft.server.rpc.sleep.time = 25ms (default)
2019-09-24 23:21:18,602 [eb551bd8-dc24-44e0-bb3e-8d47f4074a43@group-F2AF15F7DE5D:LeaderElection2] INFO  server.RaftServerConfigKeys (ConfUtils.java:logGet(43)) - raft.server.write.element-limit = 4096 (default)
2019-09-24 23:21:18,603 [eb551bd8-dc24-44e0-bb3e-8d47f4074a43@group-F2AF15F7DE5D:LeaderElection2] INFO  server.RaftServerConfigKeys (ConfUtils.java:logGet(43)) - raft.server.watch.timeout = 10s (default)
2019-09-24 23:21:18,603 [eb551bd8-dc24-44e0-bb3e-8d47f4074a43@group-F2AF15F7DE5D:LeaderElection2] INFO  server.RaftServerConfigKeys (ConfUtils.java:logGet(43)) - raft.server.watch.timeout.denomination = 1s (default)
2019-09-24 23:21:18,603 [eb551bd8-dc24-44e0-bb3e-8d47f4074a43@group-F2AF15F7DE5D:LeaderElection2] INFO  server.RaftServerConfigKeys (ConfUtils.java:logGet(43)) - raft.server.watch.element-limit = 65536 (default)
2019-09-24 23:21:18,606 [eb551bd8-dc24-44e0-bb3e-8d47f4074a43@group-F2AF15F7DE5D:LeaderElection2] INFO  impl.RoleInfo (RoleInfo.java:updateAndGet(143)) - eb551bd8-dc24-44e0-bb3e-8d47f4074a43: start LeaderState
2019-09-24 23:21:18,606 [eb551bd8-dc24-44e0-bb3e-8d47f4074a43@group-F2AF15F7DE5D:LeaderElection2] INFO  segmented.SegmentedRaftLogWorker (SegmentedRaftLogWorker.java:startLogSegment(380)) - eb551bd8-dc24-44e0-bb3e-8d47f4074a43@group-F2AF15F7DE5D-SegmentedRaftLogWorker: Starting segment from index:0
2019-09-24 23:21:18,607 [eb551bd8-dc24-44e0-bb3e-8d47f4074a43@group-F2AF15F7DE5D:LeaderElection2] INFO  impl.RaftServerImpl (ServerState.java:setRaftConf(354)) - eb551bd8-dc24-44e0-bb3e-8d47f4074a43@group-F2AF15F7DE5D: set configuration 0: [eb551bd8-dc24-44e0-bb3e-8d47f4074a43:192.168.151.66:35415], old=null at 0
2019-09-24 23:21:18,762 [69e28fe1-00c1-4445-ac62-1ecce60d6724@group-20B6E8884658-SegmentedRaftLogWorker] INFO  segmented.SegmentedRaftLogWorker (SegmentedRaftLogWorker.java:execute(569)) - 69e28fe1-00c1-4445-ac62-1ecce60d6724@group-20B6E8884658-SegmentedRaftLogWorker: created new log segment /workdir/hadoop-ozone/integration-test/target/test-dir/MiniOzoneClusterImpl-8c4156f6-ba4f-4261-a5fa-d2631acace6e/datanode-0/data/ratis/8ee9c467-43c8-4b40-9ee8-20b6e8884658/current/log_inprogress_0
2019-09-24 23:21:18,762 [eb551bd8-dc24-44e0-bb3e-8d47f4074a43@group-F2AF15F7DE5D-SegmentedRaftLogWorker] INFO  segmented.SegmentedRaftLogWorker (SegmentedRaftLogWorker.java:execute(569)) - eb551bd8-dc24-44e0-bb3e-8d47f4074a43@group-F2AF15F7DE5D-SegmentedRaftLogWorker: created new log segment /workdir/hadoop-ozone/integration-test/target/test-dir/MiniOzoneClusterImpl-8c4156f6-ba4f-4261-a5fa-d2631acace6e/datanode-1/data/ratis/de4950a4-bae2-4695-94d3-f2af15f7de5d/current/log_inprogress_0
2019-09-24 23:21:18,905 [Thread-249] INFO  impl.FollowerState (FollowerState.java:run(106)) - 689e79db-c0a9-475a-9361-b09b91adf7c9:group-C2974B5F8EBA changes to CANDIDATE, lastRpcTime:5081, electionTimeout:5081ms
2019-09-24 23:21:18,906 [Thread-249] INFO  impl.RoleInfo (RoleInfo.java:shutdownFollowerState(121)) - 689e79db-c0a9-475a-9361-b09b91adf7c9: shutdown FollowerState
2019-09-24 23:21:18,906 [Thread-249] INFO  impl.RaftServerImpl (RaftServerImpl.java:setRole(174)) - 689e79db-c0a9-475a-9361-b09b91adf7c9@group-C2974B5F8EBA: changes role from  FOLLOWER to CANDIDATE at term 0 for changeToCandidate
2019-09-24 23:21:18,906 [Thread-249] INFO  impl.RoleInfo (RoleInfo.java:updateAndGet(143)) - 689e79db-c0a9-475a-9361-b09b91adf7c9: start LeaderElection
2019-09-24 23:21:18,928 [Thread-246] INFO  impl.FollowerState (FollowerState.java:run(106)) - a3290348-6ac5-4de5-b30b-c7902ea8fed4:group-E2F35B8D7347 changes to CANDIDATE, lastRpcTime:5195, electionTimeout:5195ms
2019-09-24 23:21:18,929 [Thread-246] INFO  impl.RoleInfo (RoleInfo.java:shutdownFollowerState(121)) - a3290348-6ac5-4de5-b30b-c7902ea8fed4: shutdown FollowerState
2019-09-24 23:21:18,929 [Thread-246] INFO  impl.RaftServerImpl (RaftServerImpl.java:setRole(174)) - a3290348-6ac5-4de5-b30b-c7902ea8fed4@group-E2F35B8D7347: changes role from  FOLLOWER to CANDIDATE at term 0 for changeToCandidate
2019-09-24 23:21:18,929 [Thread-246] INFO  impl.RoleInfo (RoleInfo.java:updateAndGet(143)) - a3290348-6ac5-4de5-b30b-c7902ea8fed4: start LeaderElection
2019-09-24 23:21:18,935 [689e79db-c0a9-475a-9361-b09b91adf7c9@group-C2974B5F8EBA:LeaderElection3] INFO  impl.LeaderElection (LeaderElection.java:askForVotes(182)) - 689e79db-c0a9-475a-9361-b09b91adf7c9@group-C2974B5F8EBA:LeaderElection3: begin an election at term 1 for -1: [689e79db-c0a9-475a-9361-b09b91adf7c9:192.168.151.66:41183], old=null
2019-09-24 23:21:18,948 [689e79db-c0a9-475a-9361-b09b91adf7c9@group-C2974B5F8EBA:LeaderElection3] INFO  impl.RoleInfo (RoleInfo.java:shutdownLeaderElection(134)) - 689e79db-c0a9-475a-9361-b09b91adf7c9: shutdown LeaderElection
2019-09-24 23:21:18,948 [689e79db-c0a9-475a-9361-b09b91adf7c9@group-C2974B5F8EBA:LeaderElection3] INFO  impl.RaftServerImpl (RaftServerImpl.java:setRole(174)) - 689e79db-c0a9-475a-9361-b09b91adf7c9@group-C2974B5F8EBA: changes role from CANDIDATE to LEADER at term 1 for changeToLeader
2019-09-24 23:21:18,948 [689e79db-c0a9-475a-9361-b09b91adf7c9@group-C2974B5F8EBA:LeaderElection3] INFO  impl.RaftServerImpl (ServerState.java:setLeader(253)) - 689e79db-c0a9-475a-9361-b09b91adf7c9@group-C2974B5F8EBA: change Leader from null to 689e79db-c0a9-475a-9361-b09b91adf7c9 at term 1 for becomeLeader, leader elected after 5138ms
2019-09-24 23:21:18,950 [689e79db-c0a9-475a-9361-b09b91adf7c9@group-C2974B5F8EBA:LeaderElection3] INFO  server.RaftServerConfigKeys (ConfUtils.java:logGet(43)) - raft.server.staging.catchup.gap = 1000 (default)
2019-09-24 23:21:18,950 [689e79db-c0a9-475a-9361-b09b91adf7c9@group-C2974B5F8EBA:LeaderElection3] INFO  server.RaftServerConfigKeys (ConfUtils.java:logGet(43)) - raft.server.rpc.sleep.time = 25ms (default)
2019-09-24 23:21:18,951 [689e79db-c0a9-475a-9361-b09b91adf7c9@group-C2974B5F8EBA:LeaderElection3] INFO  server.RaftServerConfigKeys (ConfUtils.java:logGet(43)) - raft.server.write.element-limit = 4096 (default)
2019-09-24 23:21:18,951 [689e79db-c0a9-475a-9361-b09b91adf7c9@group-C2974B5F8EBA:LeaderElection3] INFO  server.RaftServerConfigKeys (ConfUtils.java:logGet(43)) - raft.server.watch.timeout = 10s (default)
2019-09-24 23:21:18,951 [689e79db-c0a9-475a-9361-b09b91adf7c9@group-C2974B5F8EBA:LeaderElection3] INFO  server.RaftServerConfigKeys (ConfUtils.java:logGet(43)) - raft.server.watch.timeout.denomination = 1s (default)
2019-09-24 23:21:18,951 [689e79db-c0a9-475a-9361-b09b91adf7c9@group-C2974B5F8EBA:LeaderElection3] INFO  server.RaftServerConfigKeys (ConfUtils.java:logGet(43)) - raft.server.watch.element-limit = 65536 (default)
2019-09-24 23:21:18,955 [689e79db-c0a9-475a-9361-b09b91adf7c9@group-C2974B5F8EBA:LeaderElection3] INFO  impl.RoleInfo (RoleInfo.java:updateAndGet(143)) - 689e79db-c0a9-475a-9361-b09b91adf7c9: start LeaderState
2019-09-24 23:21:18,956 [689e79db-c0a9-475a-9361-b09b91adf7c9@group-C2974B5F8EBA:LeaderElection3] INFO  segmented.SegmentedRaftLogWorker (SegmentedRaftLogWorker.java:startLogSegment(380)) - 689e79db-c0a9-475a-9361-b09b91adf7c9@group-C2974B5F8EBA-SegmentedRaftLogWorker: Starting segment from index:0
2019-09-24 23:21:18,956 [689e79db-c0a9-475a-9361-b09b91adf7c9@group-C2974B5F8EBA:LeaderElection3] INFO  impl.RaftServerImpl (ServerState.java:setRaftConf(354)) - 689e79db-c0a9-475a-9361-b09b91adf7c9@group-C2974B5F8EBA: set configuration 0: [689e79db-c0a9-475a-9361-b09b91adf7c9:192.168.151.66:41183], old=null at 0
2019-09-24 23:21:18,977 [a3290348-6ac5-4de5-b30b-c7902ea8fed4@group-E2F35B8D7347:LeaderElection4] INFO  impl.LeaderElection (LeaderElection.java:askForVotes(182)) - a3290348-6ac5-4de5-b30b-c7902ea8fed4@group-E2F35B8D7347:LeaderElection4: begin an election at term 1 for -1: [a3290348-6ac5-4de5-b30b-c7902ea8fed4:192.168.151.66:41100], old=null
2019-09-24 23:21:18,979 [a3290348-6ac5-4de5-b30b-c7902ea8fed4@group-E2F35B8D7347:LeaderElection4] INFO  impl.RoleInfo (RoleInfo.java:shutdownLeaderElection(134)) - a3290348-6ac5-4de5-b30b-c7902ea8fed4: shutdown LeaderElection
2019-09-24 23:21:18,979 [Thread-252] INFO  impl.FollowerState (FollowerState.java:run(106)) - 5930ff46-859e-45ff-a1c3-694564283812:group-1AC46BC061F5 changes to CANDIDATE, lastRpcTime:5084, electionTimeout:5084ms
2019-09-24 23:21:18,979 [a3290348-6ac5-4de5-b30b-c7902ea8fed4@group-E2F35B8D7347:LeaderElection4] INFO  impl.RaftServerImpl (RaftServerImpl.java:setRole(174)) - a3290348-6ac5-4de5-b30b-c7902ea8fed4@group-E2F35B8D7347: changes role from CANDIDATE to LEADER at term 1 for changeToLeader
2019-09-24 23:21:18,980 [Thread-252] INFO  impl.RoleInfo (RoleInfo.java:shutdownFollowerState(121)) - 5930ff46-859e-45ff-a1c3-694564283812: shutdown FollowerState
2019-09-24 23:21:18,980 [a3290348-6ac5-4de5-b30b-c7902ea8fed4@group-E2F35B8D7347:LeaderElection4] INFO  impl.RaftServerImpl (ServerState.java:setLeader(253)) - a3290348-6ac5-4de5-b30b-c7902ea8fed4@group-E2F35B8D7347: change Leader from null to a3290348-6ac5-4de5-b30b-c7902ea8fed4 at term 1 for becomeLeader, leader elected after 5310ms
2019-09-24 23:21:18,980 [Thread-252] INFO  impl.RaftServerImpl (RaftServerImpl.java:setRole(174)) - 5930ff46-859e-45ff-a1c3-694564283812@group-1AC46BC061F5: changes role from  FOLLOWER to CANDIDATE at term 0 for changeToCandidate
2019-09-24 23:21:18,982 [a3290348-6ac5-4de5-b30b-c7902ea8fed4@group-E2F35B8D7347:LeaderElection4] INFO  server.RaftServerConfigKeys (ConfUtils.java:logGet(43)) - raft.server.staging.catchup.gap = 1000 (default)
2019-09-24 23:21:18,982 [Thread-252] INFO  impl.RoleInfo (RoleInfo.java:updateAndGet(143)) - 5930ff46-859e-45ff-a1c3-694564283812: start LeaderElection
2019-09-24 23:21:18,982 [a3290348-6ac5-4de5-b30b-c7902ea8fed4@group-E2F35B8D7347:LeaderElection4] INFO  server.RaftServerConfigKeys (ConfUtils.java:logGet(43)) - raft.server.rpc.sleep.time = 25ms (default)
2019-09-24 23:21:18,982 [a3290348-6ac5-4de5-b30b-c7902ea8fed4@group-E2F35B8D7347:LeaderElection4] INFO  server.RaftServerConfigKeys (ConfUtils.java:logGet(43)) - raft.server.write.element-limit = 4096 (default)
2019-09-24 23:21:18,985 [a3290348-6ac5-4de5-b30b-c7902ea8fed4@group-E2F35B8D7347:LeaderElection4] INFO  server.RaftServerConfigKeys (ConfUtils.java:logGet(43)) - raft.server.watch.timeout = 10s (default)
2019-09-24 23:21:18,987 [a3290348-6ac5-4de5-b30b-c7902ea8fed4@group-E2F35B8D7347:LeaderElection4] INFO  server.RaftServerConfigKeys (ConfUtils.java:logGet(43)) - raft.server.watch.timeout.denomination = 1s (default)
2019-09-24 23:21:18,987 [a3290348-6ac5-4de5-b30b-c7902ea8fed4@group-E2F35B8D7347:LeaderElection4] INFO  server.RaftServerConfigKeys (ConfUtils.java:logGet(43)) - raft.server.watch.element-limit = 65536 (default)
2019-09-24 23:21:18,990 [a3290348-6ac5-4de5-b30b-c7902ea8fed4@group-E2F35B8D7347:LeaderElection4] INFO  impl.RoleInfo (RoleInfo.java:updateAndGet(143)) - a3290348-6ac5-4de5-b30b-c7902ea8fed4: start LeaderState
2019-09-24 23:21:18,991 [a3290348-6ac5-4de5-b30b-c7902ea8fed4@group-E2F35B8D7347:LeaderElection4] INFO  segmented.SegmentedRaftLogWorker (SegmentedRaftLogWorker.java:startLogSegment(380)) - a3290348-6ac5-4de5-b30b-c7902ea8fed4@group-E2F35B8D7347-SegmentedRaftLogWorker: Starting segment from index:0
2019-09-24 23:21:18,991 [a3290348-6ac5-4de5-b30b-c7902ea8fed4@group-E2F35B8D7347:LeaderElection4] INFO  impl.RaftServerImpl (ServerState.java:setRaftConf(354)) - a3290348-6ac5-4de5-b30b-c7902ea8fed4@group-E2F35B8D7347: set configuration 0: [a3290348-6ac5-4de5-b30b-c7902ea8fed4:192.168.151.66:41100], old=null at 0
2019-09-24 23:21:19,000 [689e79db-c0a9-475a-9361-b09b91adf7c9@group-C2974B5F8EBA-SegmentedRaftLogWorker] INFO  segmented.SegmentedRaftLogWorker (SegmentedRaftLogWorker.java:execute(569)) - 689e79db-c0a9-475a-9361-b09b91adf7c9@group-C2974B5F8EBA-SegmentedRaftLogWorker: created new log segment /workdir/hadoop-ozone/integration-test/target/test-dir/MiniOzoneClusterImpl-8c4156f6-ba4f-4261-a5fa-d2631acace6e/datanode-3/data/ratis/138d664a-86be-48b7-92aa-c2974b5f8eba/current/log_inprogress_0
2019-09-24 23:21:19,000 [5930ff46-859e-45ff-a1c3-694564283812@group-1AC46BC061F5:LeaderElection5] INFO  impl.LeaderElection (LeaderElection.java:askForVotes(182)) - 5930ff46-859e-45ff-a1c3-694564283812@group-1AC46BC061F5:LeaderElection5: begin an election at term 1 for -1: [5930ff46-859e-45ff-a1c3-694564283812:192.168.151.66:39468], old=null
2019-09-24 23:21:19,000 [5930ff46-859e-45ff-a1c3-694564283812@group-1AC46BC061F5:LeaderElection5] INFO  impl.RoleInfo (RoleInfo.java:shutdownLeaderElection(134)) - 5930ff46-859e-45ff-a1c3-694564283812: shutdown LeaderElection
2019-09-24 23:21:19,000 [5930ff46-859e-45ff-a1c3-694564283812@group-1AC46BC061F5:LeaderElection5] INFO  impl.RaftServerImpl (RaftServerImpl.java:setRole(174)) - 5930ff46-859e-45ff-a1c3-694564283812@group-1AC46BC061F5: changes role from CANDIDATE to LEADER at term 1 for changeToLeader
2019-09-24 23:21:19,000 [5930ff46-859e-45ff-a1c3-694564283812@group-1AC46BC061F5:LeaderElection5] INFO  impl.RaftServerImpl (ServerState.java:setLeader(253)) - 5930ff46-859e-45ff-a1c3-694564283812@group-1AC46BC061F5: change Leader from null to 5930ff46-859e-45ff-a1c3-694564283812 at term 1 for becomeLeader, leader elected after 5115ms
2019-09-24 23:21:19,019 [5930ff46-859e-45ff-a1c3-694564283812@group-1AC46BC061F5:LeaderElection5] INFO  server.RaftServerConfigKeys (ConfUtils.java:logGet(43)) - raft.server.staging.catchup.gap = 1000 (default)
2019-09-24 23:21:19,020 [5930ff46-859e-45ff-a1c3-694564283812@group-1AC46BC061F5:LeaderElection5] INFO  server.RaftServerConfigKeys (ConfUtils.java:logGet(43)) - raft.server.rpc.sleep.time = 25ms (default)
2019-09-24 23:21:19,020 [5930ff46-859e-45ff-a1c3-694564283812@group-1AC46BC061F5:LeaderElection5] INFO  server.RaftServerConfigKeys (ConfUtils.java:logGet(43)) - raft.server.write.element-limit = 4096 (default)
2019-09-24 23:21:19,020 [5930ff46-859e-45ff-a1c3-694564283812@group-1AC46BC061F5:LeaderElection5] INFO  server.RaftServerConfigKeys (ConfUtils.java:logGet(43)) - raft.server.watch.timeout = 10s (default)
2019-09-24 23:21:19,020 [5930ff46-859e-45ff-a1c3-694564283812@group-1AC46BC061F5:LeaderElection5] INFO  server.RaftServerConfigKeys (ConfUtils.java:logGet(43)) - raft.server.watch.timeout.denomination = 1s (default)
2019-09-24 23:21:19,020 [5930ff46-859e-45ff-a1c3-694564283812@group-1AC46BC061F5:LeaderElection5] INFO  server.RaftServerConfigKeys (ConfUtils.java:logGet(43)) - raft.server.watch.element-limit = 65536 (default)
2019-09-24 23:21:19,024 [5930ff46-859e-45ff-a1c3-694564283812@group-1AC46BC061F5:LeaderElection5] INFO  impl.RoleInfo (RoleInfo.java:updateAndGet(143)) - 5930ff46-859e-45ff-a1c3-694564283812: start LeaderState
2019-09-24 23:21:19,024 [5930ff46-859e-45ff-a1c3-694564283812@group-1AC46BC061F5:LeaderElection5] INFO  segmented.SegmentedRaftLogWorker (SegmentedRaftLogWorker.java:startLogSegment(380)) - 5930ff46-859e-45ff-a1c3-694564283812@group-1AC46BC061F5-SegmentedRaftLogWorker: Starting segment from index:0
2019-09-24 23:21:19,025 [5930ff46-859e-45ff-a1c3-694564283812@group-1AC46BC061F5:LeaderElection5] INFO  impl.RaftServerImpl (ServerState.java:setRaftConf(354)) - 5930ff46-859e-45ff-a1c3-694564283812@group-1AC46BC061F5: set configuration 0: [5930ff46-859e-45ff-a1c3-694564283812:192.168.151.66:39468], old=null at 0
2019-09-24 23:21:19,044 [Thread-255] INFO  impl.FollowerState (FollowerState.java:run(106)) - e20300c2-033d-4ad5-a085-155d7a933709:group-18474DA75312 changes to CANDIDATE, lastRpcTime:5077, electionTimeout:5069ms
2019-09-24 23:21:19,046 [a3290348-6ac5-4de5-b30b-c7902ea8fed4@group-E2F35B8D7347-SegmentedRaftLogWorker] INFO  segmented.SegmentedRaftLogWorker (SegmentedRaftLogWorker.java:execute(569)) - a3290348-6ac5-4de5-b30b-c7902ea8fed4@group-E2F35B8D7347-SegmentedRaftLogWorker: created new log segment /workdir/hadoop-ozone/integration-test/target/test-dir/MiniOzoneClusterImpl-8c4156f6-ba4f-4261-a5fa-d2631acace6e/datanode-6/data/ratis/efa1bdd2-7eb1-4120-82cf-e2f35b8d7347/current/log_inprogress_0
2019-09-24 23:21:19,047 [Thread-255] INFO  impl.RoleInfo (RoleInfo.java:shutdownFollowerState(121)) - e20300c2-033d-4ad5-a085-155d7a933709: shutdown FollowerState
2019-09-24 23:21:19,047 [Thread-255] INFO  impl.RaftServerImpl (RaftServerImpl.java:setRole(174)) - e20300c2-033d-4ad5-a085-155d7a933709@group-18474DA75312: changes role from  FOLLOWER to CANDIDATE at term 0 for changeToCandidate
2019-09-24 23:21:19,047 [Thread-255] INFO  impl.RoleInfo (RoleInfo.java:updateAndGet(143)) - e20300c2-033d-4ad5-a085-155d7a933709: start LeaderElection
2019-09-24 23:21:19,054 [5930ff46-859e-45ff-a1c3-694564283812@group-1AC46BC061F5-SegmentedRaftLogWorker] INFO  segmented.SegmentedRaftLogWorker (SegmentedRaftLogWorker.java:execute(569)) - 5930ff46-859e-45ff-a1c3-694564283812@group-1AC46BC061F5-SegmentedRaftLogWorker: created new log segment /workdir/hadoop-ozone/integration-test/target/test-dir/MiniOzoneClusterImpl-8c4156f6-ba4f-4261-a5fa-d2631acace6e/datanode-2/data/ratis/1e68c9fa-bece-4191-835f-1ac46bc061f5/current/log_inprogress_0
2019-09-24 23:21:19,067 [e20300c2-033d-4ad5-a085-155d7a933709@group-18474DA75312:LeaderElection6] INFO  impl.LeaderElection (LeaderElection.java:askForVotes(182)) - e20300c2-033d-4ad5-a085-155d7a933709@group-18474DA75312:LeaderElection6: begin an election at term 1 for -1: [e20300c2-033d-4ad5-a085-155d7a933709:192.168.151.66:45929], old=null
2019-09-24 23:21:19,067 [e20300c2-033d-4ad5-a085-155d7a933709@group-18474DA75312:LeaderElection6] INFO  impl.RoleInfo (RoleInfo.java:shutdownLeaderElection(134)) - e20300c2-033d-4ad5-a085-155d7a933709: shutdown LeaderElection
2019-09-24 23:21:19,067 [e20300c2-033d-4ad5-a085-155d7a933709@group-18474DA75312:LeaderElection6] INFO  impl.RaftServerImpl (RaftServerImpl.java:setRole(174)) - e20300c2-033d-4ad5-a085-155d7a933709@group-18474DA75312: changes role from CANDIDATE to LEADER at term 1 for changeToLeader
2019-09-24 23:21:19,067 [e20300c2-033d-4ad5-a085-155d7a933709@group-18474DA75312:LeaderElection6] INFO  impl.RaftServerImpl (ServerState.java:setLeader(253)) - e20300c2-033d-4ad5-a085-155d7a933709@group-18474DA75312: change Leader from null to e20300c2-033d-4ad5-a085-155d7a933709 at term 1 for becomeLeader, leader elected after 5110ms
2019-09-24 23:21:19,069 [e20300c2-033d-4ad5-a085-155d7a933709@group-18474DA75312:LeaderElection6] INFO  server.RaftServerConfigKeys (ConfUtils.java:logGet(43)) - raft.server.staging.catchup.gap = 1000 (default)
2019-09-24 23:21:19,069 [e20300c2-033d-4ad5-a085-155d7a933709@group-18474DA75312:LeaderElection6] INFO  server.RaftServerConfigKeys (ConfUtils.java:logGet(43)) - raft.server.rpc.sleep.time = 25ms (default)
2019-09-24 23:21:19,070 [e20300c2-033d-4ad5-a085-155d7a933709@group-18474DA75312:LeaderElection6] INFO  server.RaftServerConfigKeys (ConfUtils.java:logGet(43)) - raft.server.write.element-limit = 4096 (default)
2019-09-24 23:21:19,070 [e20300c2-033d-4ad5-a085-155d7a933709@group-18474DA75312:LeaderElection6] INFO  server.RaftServerConfigKeys (ConfUtils.java:logGet(43)) - raft.server.watch.timeout = 10s (default)
2019-09-24 23:21:19,070 [e20300c2-033d-4ad5-a085-155d7a933709@group-18474DA75312:LeaderElection6] INFO  server.RaftServerConfigKeys (ConfUtils.java:logGet(43)) - raft.server.watch.timeout.denomination = 1s (default)
2019-09-24 23:21:19,070 [e20300c2-033d-4ad5-a085-155d7a933709@group-18474DA75312:LeaderElection6] INFO  server.RaftServerConfigKeys (ConfUtils.java:logGet(43)) - raft.server.watch.element-limit = 65536 (default)
2019-09-24 23:21:19,074 [e20300c2-033d-4ad5-a085-155d7a933709@group-18474DA75312:LeaderElection6] INFO  impl.RoleInfo (RoleInfo.java:updateAndGet(143)) - e20300c2-033d-4ad5-a085-155d7a933709: start LeaderState
2019-09-24 23:21:19,074 [e20300c2-033d-4ad5-a085-155d7a933709@group-18474DA75312:LeaderElection6] INFO  segmented.SegmentedRaftLogWorker (SegmentedRaftLogWorker.java:startLogSegment(380)) - e20300c2-033d-4ad5-a085-155d7a933709@group-18474DA75312-SegmentedRaftLogWorker: Starting segment from index:0
2019-09-24 23:21:19,075 [e20300c2-033d-4ad5-a085-155d7a933709@group-18474DA75312:LeaderElection6] INFO  impl.RaftServerImpl (ServerState.java:setRaftConf(354)) - e20300c2-033d-4ad5-a085-155d7a933709@group-18474DA75312: set configuration 0: [e20300c2-033d-4ad5-a085-155d7a933709:192.168.151.66:45929], old=null at 0
2019-09-24 23:21:19,118 [e20300c2-033d-4ad5-a085-155d7a933709@group-18474DA75312-SegmentedRaftLogWorker] INFO  segmented.SegmentedRaftLogWorker (SegmentedRaftLogWorker.java:execute(569)) - e20300c2-033d-4ad5-a085-155d7a933709@group-18474DA75312-SegmentedRaftLogWorker: created new log segment /workdir/hadoop-ozone/integration-test/target/test-dir/MiniOzoneClusterImpl-8c4156f6-ba4f-4261-a5fa-d2631acace6e/datanode-5/data/ratis/1474d7f8-f73c-4d0a-96b4-18474da75312/current/log_inprogress_0
2019-09-24 23:21:19,128 [Thread-258] INFO  impl.FollowerState (FollowerState.java:run(106)) - 37b0da62-ae9d-4986-ae1d-9039375746e7:group-C58B6356DC78 changes to CANDIDATE, lastRpcTime:5089, electionTimeout:5088ms
2019-09-24 23:21:19,128 [Thread-258] INFO  impl.RoleInfo (RoleInfo.java:shutdownFollowerState(121)) - 37b0da62-ae9d-4986-ae1d-9039375746e7: shutdown FollowerState
2019-09-24 23:21:19,128 [Thread-258] INFO  impl.RaftServerImpl (RaftServerImpl.java:setRole(174)) - 37b0da62-ae9d-4986-ae1d-9039375746e7@group-C58B6356DC78: changes role from  FOLLOWER to CANDIDATE at term 0 for changeToCandidate
2019-09-24 23:21:19,129 [Thread-258] INFO  impl.RoleInfo (RoleInfo.java:updateAndGet(143)) - 37b0da62-ae9d-4986-ae1d-9039375746e7: start LeaderElection
2019-09-24 23:21:19,145 [37b0da62-ae9d-4986-ae1d-9039375746e7@group-C58B6356DC78:LeaderElection7] INFO  impl.LeaderElection (LeaderElection.java:askForVotes(182)) - 37b0da62-ae9d-4986-ae1d-9039375746e7@group-C58B6356DC78:LeaderElection7: begin an election at term 1 for -1: [37b0da62-ae9d-4986-ae1d-9039375746e7:192.168.151.66:35327], old=null
2019-09-24 23:21:19,146 [37b0da62-ae9d-4986-ae1d-9039375746e7@group-C58B6356DC78:LeaderElection7] INFO  impl.RoleInfo (RoleInfo.java:shutdownLeaderElection(134)) - 37b0da62-ae9d-4986-ae1d-9039375746e7: shutdown LeaderElection
2019-09-24 23:21:19,146 [37b0da62-ae9d-4986-ae1d-9039375746e7@group-C58B6356DC78:LeaderElection7] INFO  impl.RaftServerImpl (RaftServerImpl.java:setRole(174)) - 37b0da62-ae9d-4986-ae1d-9039375746e7@group-C58B6356DC78: changes role from CANDIDATE to LEADER at term 1 for changeToLeader
2019-09-24 23:21:19,146 [37b0da62-ae9d-4986-ae1d-9039375746e7@group-C58B6356DC78:LeaderElection7] INFO  impl.RaftServerImpl (ServerState.java:setLeader(253)) - 37b0da62-ae9d-4986-ae1d-9039375746e7@group-C58B6356DC78: change Leader from null to 37b0da62-ae9d-4986-ae1d-9039375746e7 at term 1 for becomeLeader, leader elected after 5117ms
2019-09-24 23:21:19,148 [37b0da62-ae9d-4986-ae1d-9039375746e7@group-C58B6356DC78:LeaderElection7] INFO  server.RaftServerConfigKeys (ConfUtils.java:logGet(43)) - raft.server.staging.catchup.gap = 1000 (default)
2019-09-24 23:21:19,148 [37b0da62-ae9d-4986-ae1d-9039375746e7@group-C58B6356DC78:LeaderElection7] INFO  server.RaftServerConfigKeys (ConfUtils.java:logGet(43)) - raft.server.rpc.sleep.time = 25ms (default)
2019-09-24 23:21:19,148 [37b0da62-ae9d-4986-ae1d-9039375746e7@group-C58B6356DC78:LeaderElection7] INFO  server.RaftServerConfigKeys (ConfUtils.java:logGet(43)) - raft.server.write.element-limit = 4096 (default)
2019-09-24 23:21:19,149 [37b0da62-ae9d-4986-ae1d-9039375746e7@group-C58B6356DC78:LeaderElection7] INFO  server.RaftServerConfigKeys (ConfUtils.java:logGet(43)) - raft.server.watch.timeout = 10s (default)
2019-09-24 23:21:19,149 [37b0da62-ae9d-4986-ae1d-9039375746e7@group-C58B6356DC78:LeaderElection7] INFO  server.RaftServerConfigKeys (ConfUtils.java:logGet(43)) - raft.server.watch.timeout.denomination = 1s (default)
2019-09-24 23:21:19,149 [37b0da62-ae9d-4986-ae1d-9039375746e7@group-C58B6356DC78:LeaderElection7] INFO  server.RaftServerConfigKeys (ConfUtils.java:logGet(43)) - raft.server.watch.element-limit = 65536 (default)
2019-09-24 23:21:19,152 [37b0da62-ae9d-4986-ae1d-9039375746e7@group-C58B6356DC78:LeaderElection7] INFO  impl.RoleInfo (RoleInfo.java:updateAndGet(143)) - 37b0da62-ae9d-4986-ae1d-9039375746e7: start LeaderState
2019-09-24 23:21:19,153 [37b0da62-ae9d-4986-ae1d-9039375746e7@group-C58B6356DC78:LeaderElection7] INFO  segmented.SegmentedRaftLogWorker (SegmentedRaftLogWorker.java:startLogSegment(380)) - 37b0da62-ae9d-4986-ae1d-9039375746e7@group-C58B6356DC78-SegmentedRaftLogWorker: Starting segment from index:0
2019-09-24 23:21:19,154 [37b0da62-ae9d-4986-ae1d-9039375746e7@group-C58B6356DC78:LeaderElection7] INFO  impl.RaftServerImpl (ServerState.java:setRaftConf(354)) - 37b0da62-ae9d-4986-ae1d-9039375746e7@group-C58B6356DC78: set configuration 0: [37b0da62-ae9d-4986-ae1d-9039375746e7:192.168.151.66:35327], old=null at 0
2019-09-24 23:21:19,186 [37b0da62-ae9d-4986-ae1d-9039375746e7@group-C58B6356DC78-SegmentedRaftLogWorker] INFO  segmented.SegmentedRaftLogWorker (SegmentedRaftLogWorker.java:execute(569)) - 37b0da62-ae9d-4986-ae1d-9039375746e7@group-C58B6356DC78-SegmentedRaftLogWorker: created new log segment /workdir/hadoop-ozone/integration-test/target/test-dir/MiniOzoneClusterImpl-8c4156f6-ba4f-4261-a5fa-d2631acace6e/datanode-4/data/ratis/54d8fcce-60ea-4c68-91d3-c58b6356dc78/current/log_inprogress_0
2019-09-24 23:21:19,252 [Thread-265] INFO  impl.FollowerState (FollowerState.java:run(106)) - eb551bd8-dc24-44e0-bb3e-8d47f4074a43:group-950F7E900701 changes to CANDIDATE, lastRpcTime:5110, electionTimeout:5110ms
2019-09-24 23:21:19,252 [Thread-265] INFO  impl.RoleInfo (RoleInfo.java:shutdownFollowerState(121)) - eb551bd8-dc24-44e0-bb3e-8d47f4074a43: shutdown FollowerState
2019-09-24 23:21:19,252 [Thread-265] INFO  impl.RaftServerImpl (RaftServerImpl.java:setRole(174)) - eb551bd8-dc24-44e0-bb3e-8d47f4074a43@group-950F7E900701: changes role from  FOLLOWER to CANDIDATE at term 0 for changeToCandidate
2019-09-24 23:21:19,253 [Thread-265] INFO  impl.RoleInfo (RoleInfo.java:updateAndGet(143)) - eb551bd8-dc24-44e0-bb3e-8d47f4074a43: start LeaderElection
2019-09-24 23:21:19,264 [Thread-272] INFO  impl.FollowerState (FollowerState.java:run(106)) - 689e79db-c0a9-475a-9361-b09b91adf7c9:group-5AC1E90E483A changes to CANDIDATE, lastRpcTime:5016, electionTimeout:5016ms
2019-09-24 23:21:19,264 [Thread-272] INFO  impl.RoleInfo (RoleInfo.java:shutdownFollowerState(121)) - 689e79db-c0a9-475a-9361-b09b91adf7c9: shutdown FollowerState
2019-09-24 23:21:19,265 [Thread-272] INFO  impl.RaftServerImpl (RaftServerImpl.java:setRole(174)) - 689e79db-c0a9-475a-9361-b09b91adf7c9@group-5AC1E90E483A: changes role from  FOLLOWER to CANDIDATE at term 0 for changeToCandidate
2019-09-24 23:21:19,265 [Thread-272] INFO  impl.RoleInfo (RoleInfo.java:updateAndGet(143)) - 689e79db-c0a9-475a-9361-b09b91adf7c9: start LeaderElection
2019-09-24 23:21:19,280 [Thread-266] INFO  impl.FollowerState (FollowerState.java:run(106)) - a3290348-6ac5-4de5-b30b-c7902ea8fed4:group-950F7E900701 changes to CANDIDATE, lastRpcTime:5138, electionTimeout:5135ms
2019-09-24 23:21:19,281 [Thread-266] INFO  impl.RoleInfo (RoleInfo.java:shutdownFollowerState(121)) - a3290348-6ac5-4de5-b30b-c7902ea8fed4: shutdown FollowerState
2019-09-24 23:21:19,281 [Thread-266] INFO  impl.RaftServerImpl (RaftServerImpl.java:setRole(174)) - a3290348-6ac5-4de5-b30b-c7902ea8fed4@group-950F7E900701: changes role from  FOLLOWER to CANDIDATE at term 0 for changeToCandidate
2019-09-24 23:21:19,281 [Thread-266] INFO  impl.RoleInfo (RoleInfo.java:updateAndGet(143)) - a3290348-6ac5-4de5-b30b-c7902ea8fed4: start LeaderElection
2019-09-24 23:21:19,281 [eb551bd8-dc24-44e0-bb3e-8d47f4074a43@group-950F7E900701:LeaderElection8] INFO  impl.LeaderElection (LeaderElection.java:askForVotes(182)) - eb551bd8-dc24-44e0-bb3e-8d47f4074a43@group-950F7E900701:LeaderElection8: begin an election at term 1 for -1: [eb551bd8-dc24-44e0-bb3e-8d47f4074a43:192.168.151.66:35415, 69e28fe1-00c1-4445-ac62-1ecce60d6724:192.168.151.66:44017, a3290348-6ac5-4de5-b30b-c7902ea8fed4:192.168.151.66:41100], old=null
2019-09-24 23:21:19,286 [Thread-262] INFO  impl.FollowerState (FollowerState.java:run(106)) - 69e28fe1-00c1-4445-ac62-1ecce60d6724:group-950F7E900701 changes to CANDIDATE, lastRpcTime:5147, electionTimeout:5146ms
2019-09-24 23:21:19,286 [689e79db-c0a9-475a-9361-b09b91adf7c9@group-5AC1E90E483A:LeaderElection9] INFO  impl.LeaderElection (LeaderElection.java:askForVotes(182)) - 689e79db-c0a9-475a-9361-b09b91adf7c9@group-5AC1E90E483A:LeaderElection9: begin an election at term 1 for -1: [e20300c2-033d-4ad5-a085-155d7a933709:192.168.151.66:45929, 689e79db-c0a9-475a-9361-b09b91adf7c9:192.168.151.66:41183, 5930ff46-859e-45ff-a1c3-694564283812:192.168.151.66:39468], old=null
2019-09-24 23:21:19,286 [Thread-262] INFO  impl.RoleInfo (RoleInfo.java:shutdownFollowerState(121)) - 69e28fe1-00c1-4445-ac62-1ecce60d6724: shutdown FollowerState
2019-09-24 23:21:19,286 [Thread-262] INFO  impl.RaftServerImpl (RaftServerImpl.java:setRole(174)) - 69e28fe1-00c1-4445-ac62-1ecce60d6724@group-950F7E900701: changes role from  FOLLOWER to CANDIDATE at term 0 for changeToCandidate
2019-09-24 23:21:19,287 [Thread-262] INFO  impl.RoleInfo (RoleInfo.java:updateAndGet(143)) - 69e28fe1-00c1-4445-ac62-1ecce60d6724: start LeaderElection
2019-09-24 23:21:19,313 [main] INFO  ipc.Client (Client.java:handleConnectionFailure(948)) - Retrying connect to server: localhost/127.0.0.1:0. Already tried 4 time(s); retry policy is RetryUpToMaximumCountWithFixedSleep(maxRetries=10, sleepTime=1000 MILLISECONDS)
2019-09-24 23:21:19,313 [69e28fe1-00c1-4445-ac62-1ecce60d6724@group-950F7E900701:LeaderElection11] INFO  impl.LeaderElection (LeaderElection.java:askForVotes(182)) - 69e28fe1-00c1-4445-ac62-1ecce60d6724@group-950F7E900701:LeaderElection11: begin an election at term 1 for -1: [eb551bd8-dc24-44e0-bb3e-8d47f4074a43:192.168.151.66:35415, 69e28fe1-00c1-4445-ac62-1ecce60d6724:192.168.151.66:44017, a3290348-6ac5-4de5-b30b-c7902ea8fed4:192.168.151.66:41100], old=null
2019-09-24 23:21:19,313 [a3290348-6ac5-4de5-b30b-c7902ea8fed4@group-950F7E900701:LeaderElection10] INFO  impl.LeaderElection (LeaderElection.java:askForVotes(182)) - a3290348-6ac5-4de5-b30b-c7902ea8fed4@group-950F7E900701:LeaderElection10: begin an election at term 1 for -1: [eb551bd8-dc24-44e0-bb3e-8d47f4074a43:192.168.151.66:35415, 69e28fe1-00c1-4445-ac62-1ecce60d6724:192.168.151.66:44017, a3290348-6ac5-4de5-b30b-c7902ea8fed4:192.168.151.66:41100], old=null
2019-09-24 23:21:19,378 [Thread-276] INFO  impl.FollowerState (FollowerState.java:run(106)) - e20300c2-033d-4ad5-a085-155d7a933709:group-5AC1E90E483A changes to CANDIDATE, lastRpcTime:5122, electionTimeout:5097ms
2019-09-24 23:21:19,379 [Thread-273] INFO  impl.FollowerState (FollowerState.java:run(106)) - 5930ff46-859e-45ff-a1c3-694564283812:group-5AC1E90E483A changes to CANDIDATE, lastRpcTime:5130, electionTimeout:5070ms
2019-09-24 23:21:19,379 [Thread-276] INFO  impl.RoleInfo (RoleInfo.java:shutdownFollowerState(121)) - e20300c2-033d-4ad5-a085-155d7a933709: shutdown FollowerState
2019-09-24 23:21:19,386 [Thread-276] INFO  impl.RaftServerImpl (RaftServerImpl.java:setRole(174)) - e20300c2-033d-4ad5-a085-155d7a933709@group-5AC1E90E483A: changes role from  FOLLOWER to CANDIDATE at term 0 for changeToCandidate
2019-09-24 23:21:19,390 [Thread-276] INFO  impl.RoleInfo (RoleInfo.java:updateAndGet(143)) - e20300c2-033d-4ad5-a085-155d7a933709: start LeaderElection
2019-09-24 23:21:19,393 [Thread-273] INFO  impl.RoleInfo (RoleInfo.java:shutdownFollowerState(121)) - 5930ff46-859e-45ff-a1c3-694564283812: shutdown FollowerState
2019-09-24 23:21:19,393 [Thread-273] INFO  impl.RaftServerImpl (RaftServerImpl.java:setRole(174)) - 5930ff46-859e-45ff-a1c3-694564283812@group-5AC1E90E483A: changes role from  FOLLOWER to CANDIDATE at term 0 for changeToCandidate
2019-09-24 23:21:19,399 [Thread-273] INFO  impl.RoleInfo (RoleInfo.java:updateAndGet(143)) - 5930ff46-859e-45ff-a1c3-694564283812: start LeaderElection
2019-09-24 23:21:19,430 [5930ff46-859e-45ff-a1c3-694564283812@group-5AC1E90E483A:LeaderElection13] INFO  impl.LeaderElection (LeaderElection.java:askForVotes(182)) - 5930ff46-859e-45ff-a1c3-694564283812@group-5AC1E90E483A:LeaderElection13: begin an election at term 1 for -1: [e20300c2-033d-4ad5-a085-155d7a933709:192.168.151.66:45929, 689e79db-c0a9-475a-9361-b09b91adf7c9:192.168.151.66:41183, 5930ff46-859e-45ff-a1c3-694564283812:192.168.151.66:39468], old=null
2019-09-24 23:21:19,433 [e20300c2-033d-4ad5-a085-155d7a933709@group-5AC1E90E483A:LeaderElection12] INFO  impl.LeaderElection (LeaderElection.java:askForVotes(182)) - e20300c2-033d-4ad5-a085-155d7a933709@group-5AC1E90E483A:LeaderElection12: begin an election at term 1 for -1: [e20300c2-033d-4ad5-a085-155d7a933709:192.168.151.66:45929, 689e79db-c0a9-475a-9361-b09b91adf7c9:192.168.151.66:41183, 5930ff46-859e-45ff-a1c3-694564283812:192.168.151.66:39468], old=null
2019-09-24 23:21:19,493 [eb551bd8-dc24-44e0-bb3e-8d47f4074a43@group-950F7E900701:LeaderElection8] INFO  impl.LeaderElection (LeaderElection.java:logAndReturn(56)) - eb551bd8-dc24-44e0-bb3e-8d47f4074a43@group-950F7E900701:LeaderElection8: Election REJECTED; received 2 response(s) [eb551bd8-dc24-44e0-bb3e-8d47f4074a43<-69e28fe1-00c1-4445-ac62-1ecce60d6724#0:FAIL-t1, eb551bd8-dc24-44e0-bb3e-8d47f4074a43<-a3290348-6ac5-4de5-b30b-c7902ea8fed4#0:FAIL-t1] and 0 exception(s); eb551bd8-dc24-44e0-bb3e-8d47f4074a43@group-950F7E900701:t1, leader=null, voted=eb551bd8-dc24-44e0-bb3e-8d47f4074a43, raftlog=eb551bd8-dc24-44e0-bb3e-8d47f4074a43@group-950F7E900701-SegmentedRaftLog:OPENED:c-1,f-1,i0, conf=-1: [eb551bd8-dc24-44e0-bb3e-8d47f4074a43:192.168.151.66:35415, 69e28fe1-00c1-4445-ac62-1ecce60d6724:192.168.151.66:44017, a3290348-6ac5-4de5-b30b-c7902ea8fed4:192.168.151.66:41100], old=null
2019-09-24 23:21:19,493 [689e79db-c0a9-475a-9361-b09b91adf7c9@group-5AC1E90E483A:LeaderElection9] INFO  impl.LeaderElection (LeaderElection.java:logAndReturn(56)) - 689e79db-c0a9-475a-9361-b09b91adf7c9@group-5AC1E90E483A:LeaderElection9: Election REJECTED; received 2 response(s) [689e79db-c0a9-475a-9361-b09b91adf7c9<-e20300c2-033d-4ad5-a085-155d7a933709#0:FAIL-t1, 689e79db-c0a9-475a-9361-b09b91adf7c9<-5930ff46-859e-45ff-a1c3-694564283812#0:FAIL-t1] and 0 exception(s); 689e79db-c0a9-475a-9361-b09b91adf7c9@group-5AC1E90E483A:t1, leader=null, voted=689e79db-c0a9-475a-9361-b09b91adf7c9, raftlog=689e79db-c0a9-475a-9361-b09b91adf7c9@group-5AC1E90E483A-SegmentedRaftLog:OPENED:c-1,f-1,i0, conf=-1: [e20300c2-033d-4ad5-a085-155d7a933709:192.168.151.66:45929, 689e79db-c0a9-475a-9361-b09b91adf7c9:192.168.151.66:41183, 5930ff46-859e-45ff-a1c3-694564283812:192.168.151.66:39468], old=null
2019-09-24 23:21:19,497 [eb551bd8-dc24-44e0-bb3e-8d47f4074a43@group-950F7E900701:LeaderElection8] INFO  impl.RaftServerImpl (RaftServerImpl.java:setRole(174)) - eb551bd8-dc24-44e0-bb3e-8d47f4074a43@group-950F7E900701: changes role from CANDIDATE to FOLLOWER at term 1 for DISCOVERED_A_NEW_TERM
2019-09-24 23:21:19,497 [689e79db-c0a9-475a-9361-b09b91adf7c9@group-5AC1E90E483A:LeaderElection9] INFO  impl.RaftServerImpl (RaftServerImpl.java:setRole(174)) - 689e79db-c0a9-475a-9361-b09b91adf7c9@group-5AC1E90E483A: changes role from CANDIDATE to FOLLOWER at term 1 for DISCOVERED_A_NEW_TERM
2019-09-24 23:21:19,500 [689e79db-c0a9-475a-9361-b09b91adf7c9@group-5AC1E90E483A:LeaderElection9] INFO  impl.RoleInfo (RoleInfo.java:shutdownLeaderElection(134)) - 689e79db-c0a9-475a-9361-b09b91adf7c9: shutdown LeaderElection
2019-09-24 23:21:19,507 [eb551bd8-dc24-44e0-bb3e-8d47f4074a43@group-950F7E900701:LeaderElection8] INFO  impl.RoleInfo (RoleInfo.java:shutdownLeaderElection(134)) - eb551bd8-dc24-44e0-bb3e-8d47f4074a43: shutdown LeaderElection
2019-09-24 23:21:19,507 [689e79db-c0a9-475a-9361-b09b91adf7c9@group-5AC1E90E483A:LeaderElection9] INFO  impl.RoleInfo (RoleInfo.java:updateAndGet(143)) - 689e79db-c0a9-475a-9361-b09b91adf7c9: start FollowerState
2019-09-24 23:21:19,507 [eb551bd8-dc24-44e0-bb3e-8d47f4074a43@group-950F7E900701:LeaderElection8] INFO  impl.RoleInfo (RoleInfo.java:updateAndGet(143)) - eb551bd8-dc24-44e0-bb3e-8d47f4074a43: start FollowerState
2019-09-24 23:21:19,521 [69e28fe1-00c1-4445-ac62-1ecce60d6724@group-950F7E900701:LeaderElection11] INFO  impl.LeaderElection (LeaderElection.java:logAndReturn(56)) - 69e28fe1-00c1-4445-ac62-1ecce60d6724@group-950F7E900701:LeaderElection11: Election REJECTED; received 2 response(s) [69e28fe1-00c1-4445-ac62-1ecce60d6724<-eb551bd8-dc24-44e0-bb3e-8d47f4074a43#0:FAIL-t1, 69e28fe1-00c1-4445-ac62-1ecce60d6724<-a3290348-6ac5-4de5-b30b-c7902ea8fed4#0:FAIL-t1] and 0 exception(s); 69e28fe1-00c1-4445-ac62-1ecce60d6724@group-950F7E900701:t1, leader=null, voted=69e28fe1-00c1-4445-ac62-1ecce60d6724, raftlog=69e28fe1-00c1-4445-ac62-1ecce60d6724@group-950F7E900701-SegmentedRaftLog:OPENED:c-1,f-1,i0, conf=-1: [eb551bd8-dc24-44e0-bb3e-8d47f4074a43:192.168.151.66:35415, 69e28fe1-00c1-4445-ac62-1ecce60d6724:192.168.151.66:44017, a3290348-6ac5-4de5-b30b-c7902ea8fed4:192.168.151.66:41100], old=null
2019-09-24 23:21:19,528 [69e28fe1-00c1-4445-ac62-1ecce60d6724@group-950F7E900701:LeaderElection11] INFO  impl.RaftServerImpl (RaftServerImpl.java:setRole(174)) - 69e28fe1-00c1-4445-ac62-1ecce60d6724@group-950F7E900701: changes role from CANDIDATE to FOLLOWER at term 1 for DISCOVERED_A_NEW_TERM
2019-09-24 23:21:19,529 [69e28fe1-00c1-4445-ac62-1ecce60d6724@group-950F7E900701:LeaderElection11] INFO  impl.RoleInfo (RoleInfo.java:shutdownLeaderElection(134)) - 69e28fe1-00c1-4445-ac62-1ecce60d6724: shutdown LeaderElection
2019-09-24 23:21:19,531 [69e28fe1-00c1-4445-ac62-1ecce60d6724@group-950F7E900701:LeaderElection11] INFO  impl.RoleInfo (RoleInfo.java:updateAndGet(143)) - 69e28fe1-00c1-4445-ac62-1ecce60d6724: start FollowerState
2019-09-24 23:21:19,533 [e20300c2-033d-4ad5-a085-155d7a933709@group-5AC1E90E483A:LeaderElection12] INFO  impl.LeaderElection (LeaderElection.java:logAndReturn(56)) - e20300c2-033d-4ad5-a085-155d7a933709@group-5AC1E90E483A:LeaderElection12: Election REJECTED; received 2 response(s) [e20300c2-033d-4ad5-a085-155d7a933709<-689e79db-c0a9-475a-9361-b09b91adf7c9#0:FAIL-t1, e20300c2-033d-4ad5-a085-155d7a933709<-5930ff46-859e-45ff-a1c3-694564283812#0:FAIL-t1] and 0 exception(s); e20300c2-033d-4ad5-a085-155d7a933709@group-5AC1E90E483A:t1, leader=null, voted=e20300c2-033d-4ad5-a085-155d7a933709, raftlog=e20300c2-033d-4ad5-a085-155d7a933709@group-5AC1E90E483A-SegmentedRaftLog:OPENED:c-1,f-1,i0, conf=-1: [e20300c2-033d-4ad5-a085-155d7a933709:192.168.151.66:45929, 689e79db-c0a9-475a-9361-b09b91adf7c9:192.168.151.66:41183, 5930ff46-859e-45ff-a1c3-694564283812:192.168.151.66:39468], old=null
2019-09-24 23:21:19,534 [e20300c2-033d-4ad5-a085-155d7a933709@group-5AC1E90E483A:LeaderElection12] INFO  impl.RaftServerImpl (RaftServerImpl.java:setRole(174)) - e20300c2-033d-4ad5-a085-155d7a933709@group-5AC1E90E483A: changes role from CANDIDATE to FOLLOWER at term 1 for DISCOVERED_A_NEW_TERM
2019-09-24 23:21:19,536 [e20300c2-033d-4ad5-a085-155d7a933709@group-5AC1E90E483A:LeaderElection12] INFO  impl.RoleInfo (RoleInfo.java:shutdownLeaderElection(134)) - e20300c2-033d-4ad5-a085-155d7a933709: shutdown LeaderElection
2019-09-24 23:21:19,537 [e20300c2-033d-4ad5-a085-155d7a933709@group-5AC1E90E483A:LeaderElection12] INFO  impl.RoleInfo (RoleInfo.java:updateAndGet(143)) - e20300c2-033d-4ad5-a085-155d7a933709: start FollowerState
2019-09-24 23:21:19,543 [a3290348-6ac5-4de5-b30b-c7902ea8fed4@group-950F7E900701:LeaderElection10] INFO  impl.LeaderElection (LeaderElection.java:logAndReturn(56)) - a3290348-6ac5-4de5-b30b-c7902ea8fed4@group-950F7E900701:LeaderElection10: Election REJECTED; received 2 response(s) [a3290348-6ac5-4de5-b30b-c7902ea8fed4<-eb551bd8-dc24-44e0-bb3e-8d47f4074a43#0:FAIL-t1, a3290348-6ac5-4de5-b30b-c7902ea8fed4<-69e28fe1-00c1-4445-ac62-1ecce60d6724#0:FAIL-t1] and 0 exception(s); a3290348-6ac5-4de5-b30b-c7902ea8fed4@group-950F7E900701:t1, leader=null, voted=a3290348-6ac5-4de5-b30b-c7902ea8fed4, raftlog=a3290348-6ac5-4de5-b30b-c7902ea8fed4@group-950F7E900701-SegmentedRaftLog:OPENED:c-1,f-1,i0, conf=-1: [eb551bd8-dc24-44e0-bb3e-8d47f4074a43:192.168.151.66:35415, 69e28fe1-00c1-4445-ac62-1ecce60d6724:192.168.151.66:44017, a3290348-6ac5-4de5-b30b-c7902ea8fed4:192.168.151.66:41100], old=null
2019-09-24 23:21:19,545 [a3290348-6ac5-4de5-b30b-c7902ea8fed4@group-950F7E900701:LeaderElection10] INFO  impl.RaftServerImpl (RaftServerImpl.java:setRole(174)) - a3290348-6ac5-4de5-b30b-c7902ea8fed4@group-950F7E900701: changes role from CANDIDATE to FOLLOWER at term 1 for DISCOVERED_A_NEW_TERM
2019-09-24 23:21:19,550 [a3290348-6ac5-4de5-b30b-c7902ea8fed4@group-950F7E900701:LeaderElection10] INFO  impl.RoleInfo (RoleInfo.java:shutdownLeaderElection(134)) - a3290348-6ac5-4de5-b30b-c7902ea8fed4: shutdown LeaderElection
2019-09-24 23:21:19,550 [a3290348-6ac5-4de5-b30b-c7902ea8fed4@group-950F7E900701:LeaderElection10] INFO  impl.RoleInfo (RoleInfo.java:updateAndGet(143)) - a3290348-6ac5-4de5-b30b-c7902ea8fed4: start FollowerState
2019-09-24 23:21:19,552 [5930ff46-859e-45ff-a1c3-694564283812@group-5AC1E90E483A:LeaderElection13] INFO  impl.LeaderElection (LeaderElection.java:logAndReturn(56)) - 5930ff46-859e-45ff-a1c3-694564283812@group-5AC1E90E483A:LeaderElection13: Election REJECTED; received 2 response(s) [5930ff46-859e-45ff-a1c3-694564283812<-e20300c2-033d-4ad5-a085-155d7a933709#0:FAIL-t1, 5930ff46-859e-45ff-a1c3-694564283812<-689e79db-c0a9-475a-9361-b09b91adf7c9#0:FAIL-t1] and 0 exception(s); 5930ff46-859e-45ff-a1c3-694564283812@group-5AC1E90E483A:t1, leader=null, voted=5930ff46-859e-45ff-a1c3-694564283812, raftlog=5930ff46-859e-45ff-a1c3-694564283812@group-5AC1E90E483A-SegmentedRaftLog:OPENED:c-1,f-1,i0, conf=-1: [e20300c2-033d-4ad5-a085-155d7a933709:192.168.151.66:45929, 689e79db-c0a9-475a-9361-b09b91adf7c9:192.168.151.66:41183, 5930ff46-859e-45ff-a1c3-694564283812:192.168.151.66:39468], old=null
2019-09-24 23:21:19,554 [5930ff46-859e-45ff-a1c3-694564283812@group-5AC1E90E483A:LeaderElection13] INFO  impl.RaftServerImpl (RaftServerImpl.java:setRole(174)) - 5930ff46-859e-45ff-a1c3-694564283812@group-5AC1E90E483A: changes role from CANDIDATE to FOLLOWER at term 1 for DISCOVERED_A_NEW_TERM
2019-09-24 23:21:19,554 [5930ff46-859e-45ff-a1c3-694564283812@group-5AC1E90E483A:LeaderElection13] INFO  impl.RoleInfo (RoleInfo.java:shutdownLeaderElection(134)) - 5930ff46-859e-45ff-a1c3-694564283812: shutdown LeaderElection
2019-09-24 23:21:19,554 [5930ff46-859e-45ff-a1c3-694564283812@group-5AC1E90E483A:LeaderElection13] INFO  impl.RoleInfo (RoleInfo.java:updateAndGet(143)) - 5930ff46-859e-45ff-a1c3-694564283812: start FollowerState
2019-09-24 23:21:20,314 [main] INFO  ipc.Client (Client.java:handleConnectionFailure(948)) - Retrying connect to server: localhost/127.0.0.1:0. Already tried 5 time(s); retry policy is RetryUpToMaximumCountWithFixedSleep(maxRetries=10, sleepTime=1000 MILLISECONDS)
2019-09-24 23:21:21,317 [main] INFO  ipc.Client (Client.java:handleConnectionFailure(948)) - Retrying connect to server: localhost/127.0.0.1:0. Already tried 6 time(s); retry policy is RetryUpToMaximumCountWithFixedSleep(maxRetries=10, sleepTime=1000 MILLISECONDS)
2019-09-24 23:21:22,318 [main] INFO  ipc.Client (Client.java:handleConnectionFailure(948)) - Retrying connect to server: localhost/127.0.0.1:0. Already tried 7 time(s); retry policy is RetryUpToMaximumCountWithFixedSleep(maxRetries=10, sleepTime=1000 MILLISECONDS)
2019-09-24 23:21:23,320 [main] INFO  ipc.Client (Client.java:handleConnectionFailure(948)) - Retrying connect to server: localhost/127.0.0.1:0. Already tried 8 time(s); retry policy is RetryUpToMaximumCountWithFixedSleep(maxRetries=10, sleepTime=1000 MILLISECONDS)
2019-09-24 23:21:24,321 [main] INFO  ipc.Client (Client.java:handleConnectionFailure(948)) - Retrying connect to server: localhost/127.0.0.1:0. Already tried 9 time(s); retry policy is RetryUpToMaximumCountWithFixedSleep(maxRetries=10, sleepTime=1000 MILLISECONDS)
2019-09-24 23:21:24,551 [Thread-312] INFO  impl.FollowerState (FollowerState.java:run(106)) - 689e79db-c0a9-475a-9361-b09b91adf7c9:group-5AC1E90E483A changes to CANDIDATE, lastRpcTime:5043, electionTimeout:5043ms
2019-09-24 23:21:24,551 [Thread-312] INFO  impl.RoleInfo (RoleInfo.java:shutdownFollowerState(121)) - 689e79db-c0a9-475a-9361-b09b91adf7c9: shutdown FollowerState
2019-09-24 23:21:24,551 [Thread-312] INFO  impl.RaftServerImpl (RaftServerImpl.java:setRole(174)) - 689e79db-c0a9-475a-9361-b09b91adf7c9@group-5AC1E90E483A: changes role from  FOLLOWER to CANDIDATE at term 1 for changeToCandidate
2019-09-24 23:21:24,552 [Thread-312] INFO  impl.RoleInfo (RoleInfo.java:updateAndGet(143)) - 689e79db-c0a9-475a-9361-b09b91adf7c9: start LeaderElection
2019-09-24 23:21:24,570 [689e79db-c0a9-475a-9361-b09b91adf7c9@group-5AC1E90E483A:LeaderElection14] INFO  impl.LeaderElection (LeaderElection.java:askForVotes(182)) - 689e79db-c0a9-475a-9361-b09b91adf7c9@group-5AC1E90E483A:LeaderElection14: begin an election at term 2 for -1: [e20300c2-033d-4ad5-a085-155d7a933709:192.168.151.66:45929, 689e79db-c0a9-475a-9361-b09b91adf7c9:192.168.151.66:41183, 5930ff46-859e-45ff-a1c3-694564283812:192.168.151.66:39468], old=null
2019-09-24 23:21:24,577 [grpc-default-executor-1] INFO  impl.RaftServerImpl (RaftServerImpl.java:setRole(174)) - 5930ff46-859e-45ff-a1c3-694564283812@group-5AC1E90E483A: changes role from  FOLLOWER to FOLLOWER at term 2 for recognizeCandidate:689e79db-c0a9-475a-9361-b09b91adf7c9
2019-09-24 23:21:24,578 [grpc-default-executor-2] INFO  impl.RaftServerImpl (RaftServerImpl.java:setRole(174)) - e20300c2-033d-4ad5-a085-155d7a933709@group-5AC1E90E483A: changes role from  FOLLOWER to FOLLOWER at term 2 for recognizeCandidate:689e79db-c0a9-475a-9361-b09b91adf7c9
2019-09-24 23:21:24,578 [grpc-default-executor-1] INFO  impl.RoleInfo (RoleInfo.java:shutdownFollowerState(121)) - 5930ff46-859e-45ff-a1c3-694564283812: shutdown FollowerState
2019-09-24 23:21:24,578 [grpc-default-executor-2] INFO  impl.RoleInfo (RoleInfo.java:shutdownFollowerState(121)) - e20300c2-033d-4ad5-a085-155d7a933709: shutdown FollowerState
2019-09-24 23:21:24,578 [grpc-default-executor-1] INFO  impl.RoleInfo (RoleInfo.java:updateAndGet(143)) - 5930ff46-859e-45ff-a1c3-694564283812: start FollowerState
2019-09-24 23:21:24,578 [Thread-317] INFO  impl.FollowerState (FollowerState.java:run(115)) - 5930ff46-859e-45ff-a1c3-694564283812: FollowerState was interrupted: java.lang.InterruptedException: sleep interrupted
2019-09-24 23:21:24,578 [grpc-default-executor-2] INFO  impl.RoleInfo (RoleInfo.java:updateAndGet(143)) - e20300c2-033d-4ad5-a085-155d7a933709: start FollowerState
2019-09-24 23:21:24,578 [Thread-315] INFO  impl.FollowerState (FollowerState.java:run(115)) - e20300c2-033d-4ad5-a085-155d7a933709: FollowerState was interrupted: java.lang.InterruptedException: sleep interrupted
2019-09-24 23:21:24,594 [Thread-314] INFO  impl.FollowerState (FollowerState.java:run(106)) - 69e28fe1-00c1-4445-ac62-1ecce60d6724:group-950F7E900701 changes to CANDIDATE, lastRpcTime:5062, electionTimeout:5061ms
2019-09-24 23:21:24,594 [Thread-314] INFO  impl.RoleInfo (RoleInfo.java:shutdownFollowerState(121)) - 69e28fe1-00c1-4445-ac62-1ecce60d6724: shutdown FollowerState
2019-09-24 23:21:24,594 [Thread-314] INFO  impl.RaftServerImpl (RaftServerImpl.java:setRole(174)) - 69e28fe1-00c1-4445-ac62-1ecce60d6724@group-950F7E900701: changes role from  FOLLOWER to CANDIDATE at term 1 for changeToCandidate
2019-09-24 23:21:24,594 [Thread-314] INFO  impl.RoleInfo (RoleInfo.java:updateAndGet(143)) - 69e28fe1-00c1-4445-ac62-1ecce60d6724: start LeaderElection
2019-09-24 23:21:24,604 [69e28fe1-00c1-4445-ac62-1ecce60d6724@group-950F7E900701:LeaderElection15] INFO  impl.LeaderElection (LeaderElection.java:askForVotes(182)) - 69e28fe1-00c1-4445-ac62-1ecce60d6724@group-950F7E900701:LeaderElection15: begin an election at term 2 for -1: [eb551bd8-dc24-44e0-bb3e-8d47f4074a43:192.168.151.66:35415, 69e28fe1-00c1-4445-ac62-1ecce60d6724:192.168.151.66:44017, a3290348-6ac5-4de5-b30b-c7902ea8fed4:192.168.151.66:41100], old=null
2019-09-24 23:21:24,608 [689e79db-c0a9-475a-9361-b09b91adf7c9@group-5AC1E90E483A:LeaderElection14] INFO  impl.LeaderElection (LeaderElection.java:logAndReturn(56)) - 689e79db-c0a9-475a-9361-b09b91adf7c9@group-5AC1E90E483A:LeaderElection14: Election PASSED; received 1 response(s) [689e79db-c0a9-475a-9361-b09b91adf7c9<-e20300c2-033d-4ad5-a085-155d7a933709#0:OK-t2] and 0 exception(s); 689e79db-c0a9-475a-9361-b09b91adf7c9@group-5AC1E90E483A:t2, leader=null, voted=689e79db-c0a9-475a-9361-b09b91adf7c9, raftlog=689e79db-c0a9-475a-9361-b09b91adf7c9@group-5AC1E90E483A-SegmentedRaftLog:OPENED:c-1,f-1,i0, conf=-1: [e20300c2-033d-4ad5-a085-155d7a933709:192.168.151.66:45929, 689e79db-c0a9-475a-9361-b09b91adf7c9:192.168.151.66:41183, 5930ff46-859e-45ff-a1c3-694564283812:192.168.151.66:39468], old=null
2019-09-24 23:21:24,608 [689e79db-c0a9-475a-9361-b09b91adf7c9@group-5AC1E90E483A:LeaderElection14] INFO  impl.RoleInfo (RoleInfo.java:shutdownLeaderElection(134)) - 689e79db-c0a9-475a-9361-b09b91adf7c9: shutdown LeaderElection
2019-09-24 23:21:24,610 [Thread-313] INFO  impl.FollowerState (FollowerState.java:run(106)) - eb551bd8-dc24-44e0-bb3e-8d47f4074a43:group-950F7E900701 changes to CANDIDATE, lastRpcTime:5102, electionTimeout:5098ms
2019-09-24 23:21:24,613 [Thread-313] INFO  impl.RoleInfo (RoleInfo.java:shutdownFollowerState(121)) - eb551bd8-dc24-44e0-bb3e-8d47f4074a43: shutdown FollowerState
2019-09-24 23:21:24,613 [689e79db-c0a9-475a-9361-b09b91adf7c9@group-5AC1E90E483A:LeaderElection14] INFO  impl.RaftServerImpl (RaftServerImpl.java:setRole(174)) - 689e79db-c0a9-475a-9361-b09b91adf7c9@group-5AC1E90E483A: changes role from CANDIDATE to LEADER at term 2 for changeToLeader
2019-09-24 23:21:24,615 [Thread-313] INFO  impl.RaftServerImpl (RaftServerImpl.java:setRole(174)) - eb551bd8-dc24-44e0-bb3e-8d47f4074a43@group-950F7E900701: changes role from  FOLLOWER to CANDIDATE at term 1 for changeToCandidate
2019-09-24 23:21:24,615 [689e79db-c0a9-475a-9361-b09b91adf7c9@group-5AC1E90E483A:LeaderElection14] INFO  impl.RaftServerImpl (ServerState.java:setLeader(253)) - 689e79db-c0a9-475a-9361-b09b91adf7c9@group-5AC1E90E483A: change Leader from null to 689e79db-c0a9-475a-9361-b09b91adf7c9 at term 2 for becomeLeader, leader elected after 10377ms
2019-09-24 23:21:24,617 [689e79db-c0a9-475a-9361-b09b91adf7c9@group-5AC1E90E483A:LeaderElection14] INFO  server.RaftServerConfigKeys (ConfUtils.java:logGet(43)) - raft.server.staging.catchup.gap = 1000 (default)
2019-09-24 23:21:24,617 [grpc-default-executor-1] INFO  impl.RaftServerImpl (RaftServerImpl.java:setRole(174)) - a3290348-6ac5-4de5-b30b-c7902ea8fed4@group-950F7E900701: changes role from  FOLLOWER to FOLLOWER at term 2 for recognizeCandidate:69e28fe1-00c1-4445-ac62-1ecce60d6724
2019-09-24 23:21:24,618 [grpc-default-executor-1] INFO  impl.RoleInfo (RoleInfo.java:shutdownFollowerState(121)) - a3290348-6ac5-4de5-b30b-c7902ea8fed4: shutdown FollowerState
2019-09-24 23:21:24,617 [Thread-313] INFO  impl.RoleInfo (RoleInfo.java:updateAndGet(143)) - eb551bd8-dc24-44e0-bb3e-8d47f4074a43: start LeaderElection
2019-09-24 23:21:24,618 [Thread-316] INFO  impl.FollowerState (FollowerState.java:run(115)) - a3290348-6ac5-4de5-b30b-c7902ea8fed4: FollowerState was interrupted: java.lang.InterruptedException: sleep interrupted
2019-09-24 23:21:24,618 [grpc-default-executor-1] INFO  impl.RoleInfo (RoleInfo.java:updateAndGet(143)) - a3290348-6ac5-4de5-b30b-c7902ea8fed4: start FollowerState
2019-09-24 23:21:24,618 [689e79db-c0a9-475a-9361-b09b91adf7c9@group-5AC1E90E483A:LeaderElection14] INFO  server.RaftServerConfigKeys (ConfUtils.java:logGet(43)) - raft.server.rpc.sleep.time = 25ms (default)
2019-09-24 23:21:24,625 [689e79db-c0a9-475a-9361-b09b91adf7c9@group-5AC1E90E483A:LeaderElection14] INFO  server.RaftServerConfigKeys (ConfUtils.java:logGet(43)) - raft.server.write.element-limit = 4096 (default)
2019-09-24 23:21:24,625 [689e79db-c0a9-475a-9361-b09b91adf7c9@group-5AC1E90E483A:LeaderElection14] INFO  server.RaftServerConfigKeys (ConfUtils.java:logGet(43)) - raft.server.watch.timeout = 10s (default)
2019-09-24 23:21:24,626 [689e79db-c0a9-475a-9361-b09b91adf7c9@group-5AC1E90E483A:LeaderElection14] INFO  server.RaftServerConfigKeys (ConfUtils.java:logGet(43)) - raft.server.watch.timeout.denomination = 1s (default)
2019-09-24 23:21:24,626 [689e79db-c0a9-475a-9361-b09b91adf7c9@group-5AC1E90E483A:LeaderElection14] INFO  server.RaftServerConfigKeys (ConfUtils.java:logGet(43)) - raft.server.watch.element-limit = 65536 (default)
2019-09-24 23:21:24,632 [689e79db-c0a9-475a-9361-b09b91adf7c9@group-5AC1E90E483A:LeaderElection14] INFO  server.RaftServerConfigKeys (ConfUtils.java:logGet(43)) - raft.server.log.appender.snapshot.chunk.size.max = 16MB (=16777216) (default)
2019-09-24 23:21:24,632 [689e79db-c0a9-475a-9361-b09b91adf7c9@group-5AC1E90E483A:LeaderElection14] INFO  server.RaftServerConfigKeys (ConfUtils.java:logGet(43)) - raft.server.log.appender.buffer.byte-limit = 33554432 (custom)
2019-09-24 23:21:24,633 [689e79db-c0a9-475a-9361-b09b91adf7c9@group-5AC1E90E483A:LeaderElection14] INFO  server.RaftServerConfigKeys (ConfUtils.java:logGet(43)) - raft.server.log.appender.buffer.element-limit = 1 (custom)
2019-09-24 23:21:24,638 [eb551bd8-dc24-44e0-bb3e-8d47f4074a43@group-950F7E900701:LeaderElection16] INFO  impl.LeaderElection (LeaderElection.java:askForVotes(182)) - eb551bd8-dc24-44e0-bb3e-8d47f4074a43@group-950F7E900701:LeaderElection16: begin an election at term 2 for -1: [eb551bd8-dc24-44e0-bb3e-8d47f4074a43:192.168.151.66:35415, 69e28fe1-00c1-4445-ac62-1ecce60d6724:192.168.151.66:44017, a3290348-6ac5-4de5-b30b-c7902ea8fed4:192.168.151.66:41100], old=null
2019-09-24 23:21:24,638 [689e79db-c0a9-475a-9361-b09b91adf7c9@group-5AC1E90E483A:LeaderElection14] INFO  grpc.GrpcConfigKeys$Server (ConfUtils.java:logGet(43)) - raft.grpc.server.leader.outstanding.appends.max = 128 (default)
2019-09-24 23:21:24,638 [689e79db-c0a9-475a-9361-b09b91adf7c9@group-5AC1E90E483A:LeaderElection14] INFO  server.RaftServerConfigKeys (ConfUtils.java:logGet(43)) - raft.server.rpc.request.timeout = 3000ms (default)
2019-09-24 23:21:24,639 [689e79db-c0a9-475a-9361-b09b91adf7c9@group-5AC1E90E483A:LeaderElection14] INFO  server.RaftServerConfigKeys (ConfUtils.java:logGet(43)) - raft.server.log.appender.install.snapshot.enabled = false (custom)
2019-09-24 23:21:24,640 [69e28fe1-00c1-4445-ac62-1ecce60d6724@group-950F7E900701:LeaderElection15] INFO  impl.LeaderElection (LeaderElection.java:logAndReturn(56)) - 69e28fe1-00c1-4445-ac62-1ecce60d6724@group-950F7E900701:LeaderElection15: Election PASSED; received 1 response(s) [69e28fe1-00c1-4445-ac62-1ecce60d6724<-a3290348-6ac5-4de5-b30b-c7902ea8fed4#0:OK-t2] and 0 exception(s); 69e28fe1-00c1-4445-ac62-1ecce60d6724@group-950F7E900701:t2, leader=null, voted=69e28fe1-00c1-4445-ac62-1ecce60d6724, raftlog=69e28fe1-00c1-4445-ac62-1ecce60d6724@group-950F7E900701-SegmentedRaftLog:OPENED:c-1,f-1,i0, conf=-1: [eb551bd8-dc24-44e0-bb3e-8d47f4074a43:192.168.151.66:35415, 69e28fe1-00c1-4445-ac62-1ecce60d6724:192.168.151.66:44017, a3290348-6ac5-4de5-b30b-c7902ea8fed4:192.168.151.66:41100], old=null
2019-09-24 23:21:24,640 [689e79db-c0a9-475a-9361-b09b91adf7c9@group-5AC1E90E483A:LeaderElection14] INFO  server.RaftServerConfigKeys (ConfUtils.java:logGet(43)) - raft.server.log.appender.snapshot.chunk.size.max = 16MB (=16777216) (default)
2019-09-24 23:21:24,640 [69e28fe1-00c1-4445-ac62-1ecce60d6724@group-950F7E900701:LeaderElection15] INFO  impl.RoleInfo (RoleInfo.java:shutdownLeaderElection(134)) - 69e28fe1-00c1-4445-ac62-1ecce60d6724: shutdown LeaderElection
2019-09-24 23:21:24,643 [689e79db-c0a9-475a-9361-b09b91adf7c9@group-5AC1E90E483A:LeaderElection14] INFO  server.RaftServerConfigKeys (ConfUtils.java:logGet(43)) - raft.server.log.appender.buffer.byte-limit = 33554432 (custom)
2019-09-24 23:21:24,645 [69e28fe1-00c1-4445-ac62-1ecce60d6724@group-950F7E900701:LeaderElection15] INFO  impl.RaftServerImpl (RaftServerImpl.java:setRole(174)) - 69e28fe1-00c1-4445-ac62-1ecce60d6724@group-950F7E900701: changes role from CANDIDATE to LEADER at term 2 for changeToLeader
2019-09-24 23:21:24,645 [689e79db-c0a9-475a-9361-b09b91adf7c9@group-5AC1E90E483A:LeaderElection14] INFO  server.RaftServerConfigKeys (ConfUtils.java:logGet(43)) - raft.server.log.appender.buffer.element-limit = 1 (custom)
2019-09-24 23:21:24,646 [69e28fe1-00c1-4445-ac62-1ecce60d6724@group-950F7E900701:LeaderElection15] INFO  impl.RaftServerImpl (ServerState.java:setLeader(253)) - 69e28fe1-00c1-4445-ac62-1ecce60d6724@group-950F7E900701: change Leader from null to 69e28fe1-00c1-4445-ac62-1ecce60d6724 at term 2 for becomeLeader, leader elected after 10517ms
2019-09-24 23:21:24,646 [689e79db-c0a9-475a-9361-b09b91adf7c9@group-5AC1E90E483A:LeaderElection14] INFO  grpc.GrpcConfigKeys$Server (ConfUtils.java:logGet(43)) - raft.grpc.server.leader.outstanding.appends.max = 128 (default)
2019-09-24 23:21:24,648 [69e28fe1-00c1-4445-ac62-1ecce60d6724@group-950F7E900701:LeaderElection15] INFO  server.RaftServerConfigKeys (ConfUtils.java:logGet(43)) - raft.server.staging.catchup.gap = 1000 (default)
2019-09-24 23:21:24,650 [689e79db-c0a9-475a-9361-b09b91adf7c9@group-5AC1E90E483A:LeaderElection14] INFO  server.RaftServerConfigKeys (ConfUtils.java:logGet(43)) - raft.server.rpc.request.timeout = 3000ms (default)
2019-09-24 23:21:24,651 [69e28fe1-00c1-4445-ac62-1ecce60d6724@group-950F7E900701:LeaderElection15] INFO  server.RaftServerConfigKeys (ConfUtils.java:logGet(43)) - raft.server.rpc.sleep.time = 25ms (default)
2019-09-24 23:21:24,651 [689e79db-c0a9-475a-9361-b09b91adf7c9@group-5AC1E90E483A:LeaderElection14] INFO  server.RaftServerConfigKeys (ConfUtils.java:logGet(43)) - raft.server.log.appender.install.snapshot.enabled = false (custom)
2019-09-24 23:21:24,651 [69e28fe1-00c1-4445-ac62-1ecce60d6724@group-950F7E900701:LeaderElection15] INFO  server.RaftServerConfigKeys (ConfUtils.java:logGet(43)) - raft.server.write.element-limit = 4096 (default)
2019-09-24 23:21:24,651 [69e28fe1-00c1-4445-ac62-1ecce60d6724@group-950F7E900701:LeaderElection15] INFO  server.RaftServerConfigKeys (ConfUtils.java:logGet(43)) - raft.server.watch.timeout = 10s (default)
2019-09-24 23:21:24,652 [69e28fe1-00c1-4445-ac62-1ecce60d6724@group-950F7E900701:LeaderElection15] INFO  server.RaftServerConfigKeys (ConfUtils.java:logGet(43)) - raft.server.watch.timeout.denomination = 1s (default)
2019-09-24 23:21:24,652 [69e28fe1-00c1-4445-ac62-1ecce60d6724@group-950F7E900701:LeaderElection15] INFO  server.RaftServerConfigKeys (ConfUtils.java:logGet(43)) - raft.server.watch.element-limit = 65536 (default)
2019-09-24 23:21:24,655 [69e28fe1-00c1-4445-ac62-1ecce60d6724@group-950F7E900701:LeaderElection15] INFO  server.RaftServerConfigKeys (ConfUtils.java:logGet(43)) - raft.server.log.appender.snapshot.chunk.size.max = 16MB (=16777216) (default)
2019-09-24 23:21:24,655 [69e28fe1-00c1-4445-ac62-1ecce60d6724@group-950F7E900701:LeaderElection15] INFO  server.RaftServerConfigKeys (ConfUtils.java:logGet(43)) - raft.server.log.appender.buffer.byte-limit = 33554432 (custom)
2019-09-24 23:21:24,655 [69e28fe1-00c1-4445-ac62-1ecce60d6724@group-950F7E900701:LeaderElection15] INFO  server.RaftServerConfigKeys (ConfUtils.java:logGet(43)) - raft.server.log.appender.buffer.element-limit = 1 (custom)
2019-09-24 23:21:24,655 [689e79db-c0a9-475a-9361-b09b91adf7c9@group-5AC1E90E483A:LeaderElection14] INFO  impl.RoleInfo (RoleInfo.java:updateAndGet(143)) - 689e79db-c0a9-475a-9361-b09b91adf7c9: start LeaderState
2019-09-24 23:21:24,656 [69e28fe1-00c1-4445-ac62-1ecce60d6724@group-950F7E900701:LeaderElection15] INFO  grpc.GrpcConfigKeys$Server (ConfUtils.java:logGet(43)) - raft.grpc.server.leader.outstanding.appends.max = 128 (default)
2019-09-24 23:21:24,658 [689e79db-c0a9-475a-9361-b09b91adf7c9@group-5AC1E90E483A:LeaderElection14] INFO  segmented.SegmentedRaftLogWorker (SegmentedRaftLogWorker.java:startLogSegment(380)) - 689e79db-c0a9-475a-9361-b09b91adf7c9@group-5AC1E90E483A-SegmentedRaftLogWorker: Starting segment from index:0
2019-09-24 23:21:24,658 [69e28fe1-00c1-4445-ac62-1ecce60d6724@group-950F7E900701:LeaderElection15] INFO  server.RaftServerConfigKeys (ConfUtils.java:logGet(43)) - raft.server.rpc.request.timeout = 3000ms (default)
2019-09-24 23:21:24,658 [69e28fe1-00c1-4445-ac62-1ecce60d6724@group-950F7E900701:LeaderElection15] INFO  server.RaftServerConfigKeys (ConfUtils.java:logGet(43)) - raft.server.log.appender.install.snapshot.enabled = false (custom)
2019-09-24 23:21:24,659 [69e28fe1-00c1-4445-ac62-1ecce60d6724@group-950F7E900701:LeaderElection15] INFO  server.RaftServerConfigKeys (ConfUtils.java:logGet(43)) - raft.server.log.appender.snapshot.chunk.size.max = 16MB (=16777216) (default)
2019-09-24 23:21:24,659 [69e28fe1-00c1-4445-ac62-1ecce60d6724@group-950F7E900701:LeaderElection15] INFO  server.RaftServerConfigKeys (ConfUtils.java:logGet(43)) - raft.server.log.appender.buffer.byte-limit = 33554432 (custom)
2019-09-24 23:21:24,659 [689e79db-c0a9-475a-9361-b09b91adf7c9@group-5AC1E90E483A:LeaderElection14] INFO  impl.RaftServerImpl (ServerState.java:setRaftConf(354)) - 689e79db-c0a9-475a-9361-b09b91adf7c9@group-5AC1E90E483A: set configuration 0: [e20300c2-033d-4ad5-a085-155d7a933709:192.168.151.66:45929, 689e79db-c0a9-475a-9361-b09b91adf7c9:192.168.151.66:41183, 5930ff46-859e-45ff-a1c3-694564283812:192.168.151.66:39468], old=null at 0
2019-09-24 23:21:24,659 [69e28fe1-00c1-4445-ac62-1ecce60d6724@group-950F7E900701:LeaderElection15] INFO  server.RaftServerConfigKeys (ConfUtils.java:logGet(43)) - raft.server.log.appender.buffer.element-limit = 1 (custom)
2019-09-24 23:21:24,680 [69e28fe1-00c1-4445-ac62-1ecce60d6724@group-950F7E900701:LeaderElection15] INFO  grpc.GrpcConfigKeys$Server (ConfUtils.java:logGet(43)) - raft.grpc.server.leader.outstanding.appends.max = 128 (default)
2019-09-24 23:21:24,680 [69e28fe1-00c1-4445-ac62-1ecce60d6724@group-950F7E900701:LeaderElection15] INFO  server.RaftServerConfigKeys (ConfUtils.java:logGet(43)) - raft.server.rpc.request.timeout = 3000ms (default)
2019-09-24 23:21:24,680 [69e28fe1-00c1-4445-ac62-1ecce60d6724@group-950F7E900701:LeaderElection15] INFO  server.RaftServerConfigKeys (ConfUtils.java:logGet(43)) - raft.server.log.appender.install.snapshot.enabled = false (custom)
2019-09-24 23:21:24,680 [69e28fe1-00c1-4445-ac62-1ecce60d6724@group-950F7E900701:LeaderElection15] INFO  impl.RoleInfo (RoleInfo.java:updateAndGet(143)) - 69e28fe1-00c1-4445-ac62-1ecce60d6724: start LeaderState
2019-09-24 23:21:24,681 [69e28fe1-00c1-4445-ac62-1ecce60d6724@group-950F7E900701:LeaderElection15] INFO  segmented.SegmentedRaftLogWorker (SegmentedRaftLogWorker.java:startLogSegment(380)) - 69e28fe1-00c1-4445-ac62-1ecce60d6724@group-950F7E900701-SegmentedRaftLogWorker: Starting segment from index:0
2019-09-24 23:21:24,701 [689e79db-c0a9-475a-9361-b09b91adf7c9@group-5AC1E90E483A-SegmentedRaftLogWorker] INFO  segmented.SegmentedRaftLogWorker (SegmentedRaftLogWorker.java:execute(569)) - 689e79db-c0a9-475a-9361-b09b91adf7c9@group-5AC1E90E483A-SegmentedRaftLogWorker: created new log segment /workdir/hadoop-ozone/integration-test/target/test-dir/MiniOzoneClusterImpl-8c4156f6-ba4f-4261-a5fa-d2631acace6e/datanode-3/data/ratis/bc6551b2-d42b-4055-acf6-5ac1e90e483a/current/log_inprogress_0
2019-09-24 23:21:24,701 [69e28fe1-00c1-4445-ac62-1ecce60d6724@group-950F7E900701:LeaderElection15] INFO  impl.RaftServerImpl (ServerState.java:setRaftConf(354)) - 69e28fe1-00c1-4445-ac62-1ecce60d6724@group-950F7E900701: set configuration 0: [eb551bd8-dc24-44e0-bb3e-8d47f4074a43:192.168.151.66:35415, 69e28fe1-00c1-4445-ac62-1ecce60d6724:192.168.151.66:44017, a3290348-6ac5-4de5-b30b-c7902ea8fed4:192.168.151.66:41100], old=null at 0
2019-09-24 23:21:24,704 [grpc-default-executor-1] INFO  impl.RaftServerImpl (RaftServerImpl.java:requestVote(758)) - 69e28fe1-00c1-4445-ac62-1ecce60d6724@group-950F7E900701-   LEADER: Withhold vote from candidate eb551bd8-dc24-44e0-bb3e-8d47f4074a43 with term 2. State: leader=69e28fe1-00c1-4445-ac62-1ecce60d6724, term=2, lastRpcElapsed=null
2019-09-24 23:21:24,708 [eb551bd8-dc24-44e0-bb3e-8d47f4074a43@group-950F7E900701:LeaderElection16] INFO  impl.LeaderElection (LeaderElection.java:logAndReturn(56)) - eb551bd8-dc24-44e0-bb3e-8d47f4074a43@group-950F7E900701:LeaderElection16: Election REJECTED; received 2 response(s) [eb551bd8-dc24-44e0-bb3e-8d47f4074a43<-69e28fe1-00c1-4445-ac62-1ecce60d6724#0:FAIL-t2, eb551bd8-dc24-44e0-bb3e-8d47f4074a43<-a3290348-6ac5-4de5-b30b-c7902ea8fed4#0:FAIL-t2] and 0 exception(s); eb551bd8-dc24-44e0-bb3e-8d47f4074a43@group-950F7E900701:t2, leader=null, voted=eb551bd8-dc24-44e0-bb3e-8d47f4074a43, raftlog=eb551bd8-dc24-44e0-bb3e-8d47f4074a43@group-950F7E900701-SegmentedRaftLog:OPENED:c-1,f-1,i0, conf=-1: [eb551bd8-dc24-44e0-bb3e-8d47f4074a43:192.168.151.66:35415, 69e28fe1-00c1-4445-ac62-1ecce60d6724:192.168.151.66:44017, a3290348-6ac5-4de5-b30b-c7902ea8fed4:192.168.151.66:41100], old=null
2019-09-24 23:21:24,708 [eb551bd8-dc24-44e0-bb3e-8d47f4074a43@group-950F7E900701:LeaderElection16] INFO  impl.RaftServerImpl (RaftServerImpl.java:setRole(174)) - eb551bd8-dc24-44e0-bb3e-8d47f4074a43@group-950F7E900701: changes role from CANDIDATE to FOLLOWER at term 2 for DISCOVERED_A_NEW_TERM
2019-09-24 23:21:24,710 [eb551bd8-dc24-44e0-bb3e-8d47f4074a43@group-950F7E900701:LeaderElection16] INFO  impl.RoleInfo (RoleInfo.java:shutdownLeaderElection(134)) - eb551bd8-dc24-44e0-bb3e-8d47f4074a43: shutdown LeaderElection
2019-09-24 23:21:24,711 [eb551bd8-dc24-44e0-bb3e-8d47f4074a43@group-950F7E900701:LeaderElection16] INFO  impl.RoleInfo (RoleInfo.java:updateAndGet(143)) - eb551bd8-dc24-44e0-bb3e-8d47f4074a43: start FollowerState
2019-09-24 23:21:24,713 [69e28fe1-00c1-4445-ac62-1ecce60d6724@group-950F7E900701-SegmentedRaftLogWorker] INFO  segmented.SegmentedRaftLogWorker (SegmentedRaftLogWorker.java:execute(569)) - 69e28fe1-00c1-4445-ac62-1ecce60d6724@group-950F7E900701-SegmentedRaftLogWorker: created new log segment /workdir/hadoop-ozone/integration-test/target/test-dir/MiniOzoneClusterImpl-8c4156f6-ba4f-4261-a5fa-d2631acace6e/datanode-0/data/ratis/899d1e79-d122-4f3e-802f-950f7e900701/current/log_inprogress_0
2019-09-24 23:21:24,738 [grpc-default-executor-2] INFO  impl.RaftServerImpl (ServerState.java:setLeader(253)) - e20300c2-033d-4ad5-a085-155d7a933709@group-5AC1E90E483A: change Leader from null to 689e79db-c0a9-475a-9361-b09b91adf7c9 at term 2 for appendEntries, leader elected after 10500ms
2019-09-24 23:21:24,738 [grpc-default-executor-3] INFO  impl.RaftServerImpl (ServerState.java:setLeader(253)) - 5930ff46-859e-45ff-a1c3-694564283812@group-5AC1E90E483A: change Leader from null to 689e79db-c0a9-475a-9361-b09b91adf7c9 at term 2 for appendEntries, leader elected after 10500ms
2019-09-24 23:21:24,738 [grpc-default-executor-1] INFO  impl.RaftServerImpl (ServerState.java:setLeader(253)) - eb551bd8-dc24-44e0-bb3e-8d47f4074a43@group-950F7E900701: change Leader from null to 69e28fe1-00c1-4445-ac62-1ecce60d6724 at term 2 for appendEntries, leader elected after 10609ms
2019-09-24 23:21:24,738 [grpc-default-executor-6] INFO  impl.RaftServerImpl (ServerState.java:setLeader(253)) - a3290348-6ac5-4de5-b30b-c7902ea8fed4@group-950F7E900701: change Leader from null to 69e28fe1-00c1-4445-ac62-1ecce60d6724 at term 2 for appendEntries, leader elected after 10609ms
2019-09-24 23:21:24,777 [grpc-default-executor-3] INFO  impl.RaftServerImpl (ServerState.java:setRaftConf(354)) - 5930ff46-859e-45ff-a1c3-694564283812@group-5AC1E90E483A: set configuration 0: [e20300c2-033d-4ad5-a085-155d7a933709:192.168.151.66:45929, 689e79db-c0a9-475a-9361-b09b91adf7c9:192.168.151.66:41183, 5930ff46-859e-45ff-a1c3-694564283812:192.168.151.66:39468], old=null at 0
2019-09-24 23:21:24,777 [grpc-default-executor-1] INFO  impl.RaftServerImpl (ServerState.java:setRaftConf(354)) - e20300c2-033d-4ad5-a085-155d7a933709@group-5AC1E90E483A: set configuration 0: [e20300c2-033d-4ad5-a085-155d7a933709:192.168.151.66:45929, 689e79db-c0a9-475a-9361-b09b91adf7c9:192.168.151.66:41183, 5930ff46-859e-45ff-a1c3-694564283812:192.168.151.66:39468], old=null at 0
2019-09-24 23:21:24,777 [grpc-default-executor-2] INFO  impl.RaftServerImpl (ServerState.java:setRaftConf(354)) - a3290348-6ac5-4de5-b30b-c7902ea8fed4@group-950F7E900701: set configuration 0: [eb551bd8-dc24-44e0-bb3e-8d47f4074a43:192.168.151.66:35415, 69e28fe1-00c1-4445-ac62-1ecce60d6724:192.168.151.66:44017, a3290348-6ac5-4de5-b30b-c7902ea8fed4:192.168.151.66:41100], old=null at 0
2019-09-24 23:21:24,777 [grpc-default-executor-6] INFO  impl.RaftServerImpl (ServerState.java:setRaftConf(354)) - eb551bd8-dc24-44e0-bb3e-8d47f4074a43@group-950F7E900701: set configuration 0: [eb551bd8-dc24-44e0-bb3e-8d47f4074a43:192.168.151.66:35415, 69e28fe1-00c1-4445-ac62-1ecce60d6724:192.168.151.66:44017, a3290348-6ac5-4de5-b30b-c7902ea8fed4:192.168.151.66:41100], old=null at 0
2019-09-24 23:21:24,778 [grpc-default-executor-2] INFO  segmented.SegmentedRaftLogWorker (SegmentedRaftLogWorker.java:startLogSegment(380)) - a3290348-6ac5-4de5-b30b-c7902ea8fed4@group-950F7E900701-SegmentedRaftLogWorker: Starting segment from index:0
2019-09-24 23:21:24,778 [grpc-default-executor-1] INFO  segmented.SegmentedRaftLogWorker (SegmentedRaftLogWorker.java:startLogSegment(380)) - e20300c2-033d-4ad5-a085-155d7a933709@group-5AC1E90E483A-SegmentedRaftLogWorker: Starting segment from index:0
2019-09-24 23:21:24,777 [grpc-default-executor-3] INFO  segmented.SegmentedRaftLogWorker (SegmentedRaftLogWorker.java:startLogSegment(380)) - 5930ff46-859e-45ff-a1c3-694564283812@group-5AC1E90E483A-SegmentedRaftLogWorker: Starting segment from index:0
2019-09-24 23:21:24,778 [grpc-default-executor-6] INFO  segmented.SegmentedRaftLogWorker (SegmentedRaftLogWorker.java:startLogSegment(380)) - eb551bd8-dc24-44e0-bb3e-8d47f4074a43@group-950F7E900701-SegmentedRaftLogWorker: Starting segment from index:0
2019-09-24 23:21:24,817 [eb551bd8-dc24-44e0-bb3e-8d47f4074a43@group-950F7E900701-SegmentedRaftLogWorker] INFO  segmented.SegmentedRaftLogWorker (SegmentedRaftLogWorker.java:execute(569)) - eb551bd8-dc24-44e0-bb3e-8d47f4074a43@group-950F7E900701-SegmentedRaftLogWorker: created new log segment /workdir/hadoop-ozone/integration-test/target/test-dir/MiniOzoneClusterImpl-8c4156f6-ba4f-4261-a5fa-d2631acace6e/datanode-1/data/ratis/899d1e79-d122-4f3e-802f-950f7e900701/current/log_inprogress_0
2019-09-24 23:21:24,817 [e20300c2-033d-4ad5-a085-155d7a933709@group-5AC1E90E483A-SegmentedRaftLogWorker] INFO  segmented.SegmentedRaftLogWorker (SegmentedRaftLogWorker.java:execute(569)) - e20300c2-033d-4ad5-a085-155d7a933709@group-5AC1E90E483A-SegmentedRaftLogWorker: created new log segment /workdir/hadoop-ozone/integration-test/target/test-dir/MiniOzoneClusterImpl-8c4156f6-ba4f-4261-a5fa-d2631acace6e/datanode-5/data/ratis/bc6551b2-d42b-4055-acf6-5ac1e90e483a/current/log_inprogress_0
2019-09-24 23:21:24,817 [a3290348-6ac5-4de5-b30b-c7902ea8fed4@group-950F7E900701-SegmentedRaftLogWorker] INFO  segmented.SegmentedRaftLogWorker (SegmentedRaftLogWorker.java:execute(569)) - a3290348-6ac5-4de5-b30b-c7902ea8fed4@group-950F7E900701-SegmentedRaftLogWorker: created new log segment /workdir/hadoop-ozone/integration-test/target/test-dir/MiniOzoneClusterImpl-8c4156f6-ba4f-4261-a5fa-d2631acace6e/datanode-6/data/ratis/899d1e79-d122-4f3e-802f-950f7e900701/current/log_inprogress_0
2019-09-24 23:21:24,817 [5930ff46-859e-45ff-a1c3-694564283812@group-5AC1E90E483A-SegmentedRaftLogWorker] INFO  segmented.SegmentedRaftLogWorker (SegmentedRaftLogWorker.java:execute(569)) - 5930ff46-859e-45ff-a1c3-694564283812@group-5AC1E90E483A-SegmentedRaftLogWorker: created new log segment /workdir/hadoop-ozone/integration-test/target/test-dir/MiniOzoneClusterImpl-8c4156f6-ba4f-4261-a5fa-d2631acace6e/datanode-2/data/ratis/bc6551b2-d42b-4055-acf6-5ac1e90e483a/current/log_inprogress_0
2019-09-24 23:21:25,327 [main] INFO  ipc.Client (Client.java:handleConnectionFailure(948)) - Retrying connect to server: localhost/127.0.0.1:0. Already tried 0 time(s); retry policy is RetryUpToMaximumCountWithFixedSleep(maxRetries=10, sleepTime=1000 MILLISECONDS)
2019-09-24 23:21:26,328 [main] INFO  ipc.Client (Client.java:handleConnectionFailure(948)) - Retrying connect to server: localhost/127.0.0.1:0. Already tried 1 time(s); retry policy is RetryUpToMaximumCountWithFixedSleep(maxRetries=10, sleepTime=1000 MILLISECONDS)
2019-09-24 23:21:27,330 [main] INFO  ipc.Client (Client.java:handleConnectionFailure(948)) - Retrying connect to server: localhost/127.0.0.1:0. Already tried 2 time(s); retry policy is RetryUpToMaximumCountWithFixedSleep(maxRetries=10, sleepTime=1000 MILLISECONDS)
2019-09-24 23:21:28,332 [main] INFO  ipc.Client (Client.java:handleConnectionFailure(948)) - Retrying connect to server: localhost/127.0.0.1:0. Already tried 3 time(s); retry policy is RetryUpToMaximumCountWithFixedSleep(maxRetries=10, sleepTime=1000 MILLISECONDS)
2019-09-24 23:21:29,333 [main] INFO  ipc.Client (Client.java:handleConnectionFailure(948)) - Retrying connect to server: localhost/127.0.0.1:0. Already tried 4 time(s); retry policy is RetryUpToMaximumCountWithFixedSleep(maxRetries=10, sleepTime=1000 MILLISECONDS)
2019-09-24 23:21:30,334 [main] INFO  ipc.Client (Client.java:handleConnectionFailure(948)) - Retrying connect to server: localhost/127.0.0.1:0. Already tried 5 time(s); retry policy is RetryUpToMaximumCountWithFixedSleep(maxRetries=10, sleepTime=1000 MILLISECONDS)
2019-09-24 23:21:31,336 [main] INFO  ipc.Client (Client.java:handleConnectionFailure(948)) - Retrying connect to server: localhost/127.0.0.1:0. Already tried 6 time(s); retry policy is RetryUpToMaximumCountWithFixedSleep(maxRetries=10, sleepTime=1000 MILLISECONDS)
2019-09-24 23:21:32,337 [main] INFO  ipc.Client (Client.java:handleConnectionFailure(948)) - Retrying connect to server: localhost/127.0.0.1:0. Already tried 7 time(s); retry policy is RetryUpToMaximumCountWithFixedSleep(maxRetries=10, sleepTime=1000 MILLISECONDS)
2019-09-24 23:21:33,338 [main] INFO  ipc.Client (Client.java:handleConnectionFailure(948)) - Retrying connect to server: localhost/127.0.0.1:0. Already tried 8 time(s); retry policy is RetryUpToMaximumCountWithFixedSleep(maxRetries=10, sleepTime=1000 MILLISECONDS)
2019-09-24 23:21:34,340 [main] INFO  ipc.Client (Client.java:handleConnectionFailure(948)) - Retrying connect to server: localhost/127.0.0.1:0. Already tried 9 time(s); retry policy is RetryUpToMaximumCountWithFixedSleep(maxRetries=10, sleepTime=1000 MILLISECONDS)
2019-09-24 23:21:34,343 [main] INFO  retry.RetryInvocationHandler (RetryInvocationHandler.java:log(411)) - com.google.protobuf.ServiceException: java.net.ConnectException: Your endpoint configuration is wrong; For more details see:  http://wiki.apache.org/hadoop/UnsetHostnameOrPort, while invoking $Proxy36.submitRequest over nodeId=null,nodeAddress=127.0.0.1:0 after 1 failover attempts. Trying to failover immediately.
2019-09-24 23:21:35,345 [main] INFO  ipc.Client (Client.java:handleConnectionFailure(948)) - Retrying connect to server: localhost/127.0.0.1:0. Already tried 0 time(s); retry policy is RetryUpToMaximumCountWithFixedSleep(maxRetries=10, sleepTime=1000 MILLISECONDS)
2019-09-24 23:21:36,346 [main] INFO  ipc.Client (Client.java:handleConnectionFailure(948)) - Retrying connect to server: localhost/127.0.0.1:0. Already tried 1 time(s); retry policy is RetryUpToMaximumCountWithFixedSleep(maxRetries=10, sleepTime=1000 MILLISECONDS)
2019-09-24 23:21:37,348 [main] INFO  ipc.Client (Client.java:handleConnectionFailure(948)) - Retrying connect to server: localhost/127.0.0.1:0. Already tried 2 time(s); retry policy is RetryUpToMaximumCountWithFixedSleep(maxRetries=10, sleepTime=1000 MILLISECONDS)
2019-09-24 23:21:38,349 [main] INFO  ipc.Client (Client.java:handleConnectionFailure(948)) - Retrying connect to server: localhost/127.0.0.1:0. Already tried 3 time(s); retry policy is RetryUpToMaximumCountWithFixedSleep(maxRetries=10, sleepTime=1000 MILLISECONDS)
2019-09-24 23:21:39,350 [main] INFO  ipc.Client (Client.java:handleConnectionFailure(948)) - Retrying connect to server: localhost/127.0.0.1:0. Already tried 4 time(s); retry policy is RetryUpToMaximumCountWithFixedSleep(maxRetries=10, sleepTime=1000 MILLISECONDS)
2019-09-24 23:21:40,352 [main] INFO  ipc.Client (Client.java:handleConnectionFailure(948)) - Retrying connect to server: localhost/127.0.0.1:0. Already tried 5 time(s); retry policy is RetryUpToMaximumCountWithFixedSleep(maxRetries=10, sleepTime=1000 MILLISECONDS)
2019-09-24 23:21:41,353 [main] INFO  ipc.Client (Client.java:handleConnectionFailure(948)) - Retrying connect to server: localhost/127.0.0.1:0. Already tried 6 time(s); retry policy is RetryUpToMaximumCountWithFixedSleep(maxRetries=10, sleepTime=1000 MILLISECONDS)
2019-09-24 23:21:42,354 [main] INFO  ipc.Client (Client.java:handleConnectionFailure(948)) - Retrying connect to server: localhost/127.0.0.1:0. Already tried 7 time(s); retry policy is RetryUpToMaximumCountWithFixedSleep(maxRetries=10, sleepTime=1000 MILLISECONDS)
2019-09-24 23:21:43,355 [main] INFO  ipc.Client (Client.java:handleConnectionFailure(948)) - Retrying connect to server: localhost/127.0.0.1:0. Already tried 8 time(s); retry policy is RetryUpToMaximumCountWithFixedSleep(maxRetries=10, sleepTime=1000 MILLISECONDS)
2019-09-24 23:21:44,356 [main] INFO  ipc.Client (Client.java:handleConnectionFailure(948)) - Retrying connect to server: localhost/127.0.0.1:0. Already tried 9 time(s); retry policy is RetryUpToMaximumCountWithFixedSleep(maxRetries=10, sleepTime=1000 MILLISECONDS)
2019-09-24 23:21:44,358 [main] INFO  retry.RetryInvocationHandler (RetryInvocationHandler.java:log(411)) - com.google.protobuf.ServiceException: java.net.ConnectException: Your endpoint configuration is wrong; For more details see:  http://wiki.apache.org/hadoop/UnsetHostnameOrPort, while invoking $Proxy36.submitRequest over nodeId=null,nodeAddress=127.0.0.1:0 after 2 failover attempts. Trying to failover immediately.
2019-09-24 23:21:45,359 [main] INFO  ipc.Client (Client.java:handleConnectionFailure(948)) - Retrying connect to server: localhost/127.0.0.1:0. Already tried 0 time(s); retry policy is RetryUpToMaximumCountWithFixedSleep(maxRetries=10, sleepTime=1000 MILLISECONDS)
2019-09-24 23:21:46,361 [main] INFO  ipc.Client (Client.java:handleConnectionFailure(948)) - Retrying connect to server: localhost/127.0.0.1:0. Already tried 1 time(s); retry policy is RetryUpToMaximumCountWithFixedSleep(maxRetries=10, sleepTime=1000 MILLISECONDS)
2019-09-24 23:21:47,363 [main] INFO  ipc.Client (Client.java:handleConnectionFailure(948)) - Retrying connect to server: localhost/127.0.0.1:0. Already tried 2 time(s); retry policy is RetryUpToMaximumCountWithFixedSleep(maxRetries=10, sleepTime=1000 MILLISECONDS)
2019-09-24 23:21:48,364 [main] INFO  ipc.Client (Client.java:handleConnectionFailure(948)) - Retrying connect to server: localhost/127.0.0.1:0. Already tried 3 time(s); retry policy is RetryUpToMaximumCountWithFixedSleep(maxRetries=10, sleepTime=1000 MILLISECONDS)
2019-09-24 23:21:49,365 [main] INFO  ipc.Client (Client.java:handleConnectionFailure(948)) - Retrying connect to server: localhost/127.0.0.1:0. Already tried 4 time(s); retry policy is RetryUpToMaximumCountWithFixedSleep(maxRetries=10, sleepTime=1000 MILLISECONDS)
2019-09-24 23:21:50,367 [main] INFO  ipc.Client (Client.java:handleConnectionFailure(948)) - Retrying connect to server: localhost/127.0.0.1:0. Already tried 5 time(s); retry policy is RetryUpToMaximumCountWithFixedSleep(maxRetries=10, sleepTime=1000 MILLISECONDS)
2019-09-24 23:21:51,368 [main] INFO  ipc.Client (Client.java:handleConnectionFailure(948)) - Retrying connect to server: localhost/127.0.0.1:0. Already tried 6 time(s); retry policy is RetryUpToMaximumCountWithFixedSleep(maxRetries=10, sleepTime=1000 MILLISECONDS)
2019-09-24 23:21:52,369 [main] INFO  ipc.Client (Client.java:handleConnectionFailure(948)) - Retrying connect to server: localhost/127.0.0.1:0. Already tried 7 time(s); retry policy is RetryUpToMaximumCountWithFixedSleep(maxRetries=10, sleepTime=1000 MILLISECONDS)
2019-09-24 23:21:53,370 [main] INFO  ipc.Client (Client.java:handleConnectionFailure(948)) - Retrying connect to server: localhost/127.0.0.1:0. Already tried 8 time(s); retry policy is RetryUpToMaximumCountWithFixedSleep(maxRetries=10, sleepTime=1000 MILLISECONDS)
2019-09-24 23:21:54,371 [main] INFO  ipc.Client (Client.java:handleConnectionFailure(948)) - Retrying connect to server: localhost/127.0.0.1:0. Already tried 9 time(s); retry policy is RetryUpToMaximumCountWithFixedSleep(maxRetries=10, sleepTime=1000 MILLISECONDS)
2019-09-24 23:21:54,373 [main] INFO  retry.RetryInvocationHandler (RetryInvocationHandler.java:log(411)) - com.google.protobuf.ServiceException: java.net.ConnectException: Your endpoint configuration is wrong; For more details see:  http://wiki.apache.org/hadoop/UnsetHostnameOrPort, while invoking $Proxy36.submitRequest over nodeId=null,nodeAddress=127.0.0.1:0 after 3 failover attempts. Trying to failover immediately.
2019-09-24 23:21:55,374 [main] INFO  ipc.Client (Client.java:handleConnectionFailure(948)) - Retrying connect to server: localhost/127.0.0.1:0. Already tried 0 time(s); retry policy is RetryUpToMaximumCountWithFixedSleep(maxRetries=10, sleepTime=1000 MILLISECONDS)
2019-09-24 23:21:56,375 [main] INFO  ipc.Client (Client.java:handleConnectionFailure(948)) - Retrying connect to server: localhost/127.0.0.1:0. Already tried 1 time(s); retry policy is RetryUpToMaximumCountWithFixedSleep(maxRetries=10, sleepTime=1000 MILLISECONDS)
2019-09-24 23:21:57,377 [main] INFO  ipc.Client (Client.java:handleConnectionFailure(948)) - Retrying connect to server: localhost/127.0.0.1:0. Already tried 2 time(s); retry policy is RetryUpToMaximumCountWithFixedSleep(maxRetries=10, sleepTime=1000 MILLISECONDS)
2019-09-24 23:21:58,377 [main] INFO  ipc.Client (Client.java:handleConnectionFailure(948)) - Retrying connect to server: localhost/127.0.0.1:0. Already tried 3 time(s); retry policy is RetryUpToMaximumCountWithFixedSleep(maxRetries=10, sleepTime=1000 MILLISECONDS)
2019-09-24 23:21:59,378 [main] INFO  ipc.Client (Client.java:handleConnectionFailure(948)) - Retrying connect to server: localhost/127.0.0.1:0. Already tried 4 time(s); retry policy is RetryUpToMaximumCountWithFixedSleep(maxRetries=10, sleepTime=1000 MILLISECONDS)
2019-09-24 23:22:00,380 [main] INFO  ipc.Client (Client.java:handleConnectionFailure(948)) - Retrying connect to server: localhost/127.0.0.1:0. Already tried 5 time(s); retry policy is RetryUpToMaximumCountWithFixedSleep(maxRetries=10, sleepTime=1000 MILLISECONDS)
2019-09-24 23:22:01,381 [main] INFO  ipc.Client (Client.java:handleConnectionFailure(948)) - Retrying connect to server: localhost/127.0.0.1:0. Already tried 6 time(s); retry policy is RetryUpToMaximumCountWithFixedSleep(maxRetries=10, sleepTime=1000 MILLISECONDS)
2019-09-24 23:22:02,382 [main] INFO  ipc.Client (Client.java:handleConnectionFailure(948)) - Retrying connect to server: localhost/127.0.0.1:0. Already tried 7 time(s); retry policy is RetryUpToMaximumCountWithFixedSleep(maxRetries=10, sleepTime=1000 MILLISECONDS)
2019-09-24 23:22:03,383 [main] INFO  ipc.Client (Client.java:handleConnectionFailure(948)) - Retrying connect to server: localhost/127.0.0.1:0. Already tried 8 time(s); retry policy is RetryUpToMaximumCountWithFixedSleep(maxRetries=10, sleepTime=1000 MILLISECONDS)
2019-09-24 23:22:04,384 [main] INFO  ipc.Client (Client.java:handleConnectionFailure(948)) - Retrying connect to server: localhost/127.0.0.1:0. Already tried 9 time(s); retry policy is RetryUpToMaximumCountWithFixedSleep(maxRetries=10, sleepTime=1000 MILLISECONDS)
2019-09-24 23:22:04,386 [main] INFO  retry.RetryInvocationHandler (RetryInvocationHandler.java:log(411)) - com.google.protobuf.ServiceException: java.net.ConnectException: Your endpoint configuration is wrong; For more details see:  http://wiki.apache.org/hadoop/UnsetHostnameOrPort, while invoking $Proxy36.submitRequest over nodeId=null,nodeAddress=127.0.0.1:0 after 4 failover attempts. Trying to failover immediately.
2019-09-24 23:22:05,387 [main] INFO  ipc.Client (Client.java:handleConnectionFailure(948)) - Retrying connect to server: localhost/127.0.0.1:0. Already tried 0 time(s); retry policy is RetryUpToMaximumCountWithFixedSleep(maxRetries=10, sleepTime=1000 MILLISECONDS)
2019-09-24 23:22:06,389 [main] INFO  ipc.Client (Client.java:handleConnectionFailure(948)) - Retrying connect to server: localhost/127.0.0.1:0. Already tried 1 time(s); retry policy is RetryUpToMaximumCountWithFixedSleep(maxRetries=10, sleepTime=1000 MILLISECONDS)
2019-09-24 23:22:07,390 [main] INFO  ipc.Client (Client.java:handleConnectionFailure(948)) - Retrying connect to server: localhost/127.0.0.1:0. Already tried 2 time(s); retry policy is RetryUpToMaximumCountWithFixedSleep(maxRetries=10, sleepTime=1000 MILLISECONDS)
2019-09-24 23:22:08,391 [main] INFO  ipc.Client (Client.java:handleConnectionFailure(948)) - Retrying connect to server: localhost/127.0.0.1:0. Already tried 3 time(s); retry policy is RetryUpToMaximumCountWithFixedSleep(maxRetries=10, sleepTime=1000 MILLISECONDS)
2019-09-24 23:22:09,393 [main] INFO  ipc.Client (Client.java:handleConnectionFailure(948)) - Retrying connect to server: localhost/127.0.0.1:0. Already tried 4 time(s); retry policy is RetryUpToMaximumCountWithFixedSleep(maxRetries=10, sleepTime=1000 MILLISECONDS)
2019-09-24 23:22:10,394 [main] INFO  ipc.Client (Client.java:handleConnectionFailure(948)) - Retrying connect to server: localhost/127.0.0.1:0. Already tried 5 time(s); retry policy is RetryUpToMaximumCountWithFixedSleep(maxRetries=10, sleepTime=1000 MILLISECONDS)
2019-09-24 23:22:11,395 [main] INFO  ipc.Client (Client.java:handleConnectionFailure(948)) - Retrying connect to server: localhost/127.0.0.1:0. Already tried 6 time(s); retry policy is RetryUpToMaximumCountWithFixedSleep(maxRetries=10, sleepTime=1000 MILLISECONDS)
2019-09-24 23:22:12,396 [main] INFO  ipc.Client (Client.java:handleConnectionFailure(948)) - Retrying connect to server: localhost/127.0.0.1:0. Already tried 7 time(s); retry policy is RetryUpToMaximumCountWithFixedSleep(maxRetries=10, sleepTime=1000 MILLISECONDS)
2019-09-24 23:22:13,398 [main] INFO  ipc.Client (Client.java:handleConnectionFailure(948)) - Retrying connect to server: localhost/127.0.0.1:0. Already tried 8 time(s); retry policy is RetryUpToMaximumCountWithFixedSleep(maxRetries=10, sleepTime=1000 MILLISECONDS)
2019-09-24 23:22:14,399 [main] INFO  ipc.Client (Client.java:handleConnectionFailure(948)) - Retrying connect to server: localhost/127.0.0.1:0. Already tried 9 time(s); retry policy is RetryUpToMaximumCountWithFixedSleep(maxRetries=10, sleepTime=1000 MILLISECONDS)
2019-09-24 23:22:14,401 [main] INFO  retry.RetryInvocationHandler (RetryInvocationHandler.java:log(411)) - com.google.protobuf.ServiceException: java.net.ConnectException: Your endpoint configuration is wrong; For more details see:  http://wiki.apache.org/hadoop/UnsetHostnameOrPort, while invoking $Proxy36.submitRequest over nodeId=null,nodeAddress=127.0.0.1:0 after 5 failover attempts. Trying to failover immediately.
2019-09-24 23:22:15,402 [main] INFO  ipc.Client (Client.java:handleConnectionFailure(948)) - Retrying connect to server: localhost/127.0.0.1:0. Already tried 0 time(s); retry policy is RetryUpToMaximumCountWithFixedSleep(maxRetries=10, sleepTime=1000 MILLISECONDS)
2019-09-24 23:22:16,403 [main] INFO  ipc.Client (Client.java:handleConnectionFailure(948)) - Retrying connect to server: localhost/127.0.0.1:0. Already tried 1 time(s); retry policy is RetryUpToMaximumCountWithFixedSleep(maxRetries=10, sleepTime=1000 MILLISECONDS)
2019-09-24 23:22:17,404 [main] INFO  ipc.Client (Client.java:handleConnectionFailure(948)) - Retrying connect to server: localhost/127.0.0.1:0. Already tried 2 time(s); retry policy is RetryUpToMaximumCountWithFixedSleep(maxRetries=10, sleepTime=1000 MILLISECONDS)
2019-09-24 23:22:18,406 [main] INFO  ipc.Client (Client.java:handleConnectionFailure(948)) - Retrying connect to server: localhost/127.0.0.1:0. Already tried 3 time(s); retry policy is RetryUpToMaximumCountWithFixedSleep(maxRetries=10, sleepTime=1000 MILLISECONDS)
2019-09-24 23:22:19,407 [main] INFO  ipc.Client (Client.java:handleConnectionFailure(948)) - Retrying connect to server: localhost/127.0.0.1:0. Already tried 4 time(s); retry policy is RetryUpToMaximumCountWithFixedSleep(maxRetries=10, sleepTime=1000 MILLISECONDS)
2019-09-24 23:22:20,408 [main] INFO  ipc.Client (Client.java:handleConnectionFailure(948)) - Retrying connect to server: localhost/127.0.0.1:0. Already tried 5 time(s); retry policy is RetryUpToMaximumCountWithFixedSleep(maxRetries=10, sleepTime=1000 MILLISECONDS)
2019-09-24 23:22:21,409 [main] INFO  ipc.Client (Client.java:handleConnectionFailure(948)) - Retrying connect to server: localhost/127.0.0.1:0. Already tried 6 time(s); retry policy is RetryUpToMaximumCountWithFixedSleep(maxRetries=10, sleepTime=1000 MILLISECONDS)
2019-09-24 23:22:22,410 [main] INFO  ipc.Client (Client.java:handleConnectionFailure(948)) - Retrying connect to server: localhost/127.0.0.1:0. Already tried 7 time(s); retry policy is RetryUpToMaximumCountWithFixedSleep(maxRetries=10, sleepTime=1000 MILLISECONDS)
2019-09-24 23:22:23,411 [main] INFO  ipc.Client (Client.java:handleConnectionFailure(948)) - Retrying connect to server: localhost/127.0.0.1:0. Already tried 8 time(s); retry policy is RetryUpToMaximumCountWithFixedSleep(maxRetries=10, sleepTime=1000 MILLISECONDS)
2019-09-24 23:22:24,412 [main] INFO  ipc.Client (Client.java:handleConnectionFailure(948)) - Retrying connect to server: localhost/127.0.0.1:0. Already tried 9 time(s); retry policy is RetryUpToMaximumCountWithFixedSleep(maxRetries=10, sleepTime=1000 MILLISECONDS)
2019-09-24 23:22:24,414 [main] INFO  retry.RetryInvocationHandler (RetryInvocationHandler.java:log(411)) - com.google.protobuf.ServiceException: java.net.ConnectException: Your endpoint configuration is wrong; For more details see:  http://wiki.apache.org/hadoop/UnsetHostnameOrPort, while invoking $Proxy36.submitRequest over nodeId=null,nodeAddress=127.0.0.1:0 after 6 failover attempts. Trying to failover immediately.
2019-09-24 23:22:25,415 [main] INFO  ipc.Client (Client.java:handleConnectionFailure(948)) - Retrying connect to server: localhost/127.0.0.1:0. Already tried 0 time(s); retry policy is RetryUpToMaximumCountWithFixedSleep(maxRetries=10, sleepTime=1000 MILLISECONDS)
2019-09-24 23:22:26,416 [main] INFO  ipc.Client (Client.java:handleConnectionFailure(948)) - Retrying connect to server: localhost/127.0.0.1:0. Already tried 1 time(s); retry policy is RetryUpToMaximumCountWithFixedSleep(maxRetries=10, sleepTime=1000 MILLISECONDS)
2019-09-24 23:22:27,418 [main] INFO  ipc.Client (Client.java:handleConnectionFailure(948)) - Retrying connect to server: localhost/127.0.0.1:0. Already tried 2 time(s); retry policy is RetryUpToMaximumCountWithFixedSleep(maxRetries=10, sleepTime=1000 MILLISECONDS)
2019-09-24 23:22:28,420 [main] INFO  ipc.Client (Client.java:handleConnectionFailure(948)) - Retrying connect to server: localhost/127.0.0.1:0. Already tried 3 time(s); retry policy is RetryUpToMaximumCountWithFixedSleep(maxRetries=10, sleepTime=1000 MILLISECONDS)
2019-09-24 23:22:29,421 [main] INFO  ipc.Client (Client.java:handleConnectionFailure(948)) - Retrying connect to server: localhost/127.0.0.1:0. Already tried 4 time(s); retry policy is RetryUpToMaximumCountWithFixedSleep(maxRetries=10, sleepTime=1000 MILLISECONDS)
2019-09-24 23:22:30,422 [main] INFO  ipc.Client (Client.java:handleConnectionFailure(948)) - Retrying connect to server: localhost/127.0.0.1:0. Already tried 5 time(s); retry policy is RetryUpToMaximumCountWithFixedSleep(maxRetries=10, sleepTime=1000 MILLISECONDS)
2019-09-24 23:22:31,423 [main] INFO  ipc.Client (Client.java:handleConnectionFailure(948)) - Retrying connect to server: localhost/127.0.0.1:0. Already tried 6 time(s); retry policy is RetryUpToMaximumCountWithFixedSleep(maxRetries=10, sleepTime=1000 MILLISECONDS)
2019-09-24 23:22:32,424 [main] INFO  ipc.Client (Client.java:handleConnectionFailure(948)) - Retrying connect to server: localhost/127.0.0.1:0. Already tried 7 time(s); retry policy is RetryUpToMaximumCountWithFixedSleep(maxRetries=10, sleepTime=1000 MILLISECONDS)
2019-09-24 23:22:33,425 [main] INFO  ipc.Client (Client.java:handleConnectionFailure(948)) - Retrying connect to server: localhost/127.0.0.1:0. Already tried 8 time(s); retry policy is RetryUpToMaximumCountWithFixedSleep(maxRetries=10, sleepTime=1000 MILLISECONDS)
2019-09-24 23:22:34,427 [main] INFO  ipc.Client (Client.java:handleConnectionFailure(948)) - Retrying connect to server: localhost/127.0.0.1:0. Already tried 9 time(s); retry policy is RetryUpToMaximumCountWithFixedSleep(maxRetries=10, sleepTime=1000 MILLISECONDS)
2019-09-24 23:22:34,429 [main] INFO  retry.RetryInvocationHandler (RetryInvocationHandler.java:log(411)) - com.google.protobuf.ServiceException: java.net.ConnectException: Your endpoint configuration is wrong; For more details see:  http://wiki.apache.org/hadoop/UnsetHostnameOrPort, while invoking $Proxy36.submitRequest over nodeId=null,nodeAddress=127.0.0.1:0 after 7 failover attempts. Trying to failover immediately.
2019-09-24 23:22:35,430 [main] INFO  ipc.Client (Client.java:handleConnectionFailure(948)) - Retrying connect to server: localhost/127.0.0.1:0. Already tried 0 time(s); retry policy is RetryUpToMaximumCountWithFixedSleep(maxRetries=10, sleepTime=1000 MILLISECONDS)
2019-09-24 23:22:36,432 [main] INFO  ipc.Client (Client.java:handleConnectionFailure(948)) - Retrying connect to server: localhost/127.0.0.1:0. Already tried 1 time(s); retry policy is RetryUpToMaximumCountWithFixedSleep(maxRetries=10, sleepTime=1000 MILLISECONDS)
2019-09-24 23:22:37,436 [main] INFO  ipc.Client (Client.java:handleConnectionFailure(948)) - Retrying connect to server: localhost/127.0.0.1:0. Already tried 2 time(s); retry policy is RetryUpToMaximumCountWithFixedSleep(maxRetries=10, sleepTime=1000 MILLISECONDS)
2019-09-24 23:22:38,437 [main] INFO  ipc.Client (Client.java:handleConnectionFailure(948)) - Retrying connect to server: localhost/127.0.0.1:0. Already tried 3 time(s); retry policy is RetryUpToMaximumCountWithFixedSleep(maxRetries=10, sleepTime=1000 MILLISECONDS)
2019-09-24 23:22:39,439 [main] INFO  ipc.Client (Client.java:handleConnectionFailure(948)) - Retrying connect to server: localhost/127.0.0.1:0. Already tried 4 time(s); retry policy is RetryUpToMaximumCountWithFixedSleep(maxRetries=10, sleepTime=1000 MILLISECONDS)
2019-09-24 23:22:40,440 [main] INFO  ipc.Client (Client.java:handleConnectionFailure(948)) - Retrying connect to server: localhost/127.0.0.1:0. Already tried 5 time(s); retry policy is RetryUpToMaximumCountWithFixedSleep(maxRetries=10, sleepTime=1000 MILLISECONDS)
2019-09-24 23:22:41,441 [main] INFO  ipc.Client (Client.java:handleConnectionFailure(948)) - Retrying connect to server: localhost/127.0.0.1:0. Already tried 6 time(s); retry policy is RetryUpToMaximumCountWithFixedSleep(maxRetries=10, sleepTime=1000 MILLISECONDS)
2019-09-24 23:22:42,442 [main] INFO  ipc.Client (Client.java:handleConnectionFailure(948)) - Retrying connect to server: localhost/127.0.0.1:0. Already tried 7 time(s); retry policy is RetryUpToMaximumCountWithFixedSleep(maxRetries=10, sleepTime=1000 MILLISECONDS)
2019-09-24 23:22:43,443 [main] INFO  ipc.Client (Client.java:handleConnectionFailure(948)) - Retrying connect to server: localhost/127.0.0.1:0. Already tried 8 time(s); retry policy is RetryUpToMaximumCountWithFixedSleep(maxRetries=10, sleepTime=1000 MILLISECONDS)
2019-09-24 23:22:44,445 [main] INFO  ipc.Client (Client.java:handleConnectionFailure(948)) - Retrying connect to server: localhost/127.0.0.1:0. Already tried 9 time(s); retry policy is RetryUpToMaximumCountWithFixedSleep(maxRetries=10, sleepTime=1000 MILLISECONDS)
2019-09-24 23:22:44,446 [main] INFO  retry.RetryInvocationHandler (RetryInvocationHandler.java:log(411)) - com.google.protobuf.ServiceException: java.net.ConnectException: Your endpoint configuration is wrong; For more details see:  http://wiki.apache.org/hadoop/UnsetHostnameOrPort, while invoking $Proxy36.submitRequest over nodeId=null,nodeAddress=127.0.0.1:0 after 8 failover attempts. Trying to failover immediately.
2019-09-24 23:22:45,448 [main] INFO  ipc.Client (Client.java:handleConnectionFailure(948)) - Retrying connect to server: localhost/127.0.0.1:0. Already tried 0 time(s); retry policy is RetryUpToMaximumCountWithFixedSleep(maxRetries=10, sleepTime=1000 MILLISECONDS)
2019-09-24 23:22:46,449 [main] INFO  ipc.Client (Client.java:handleConnectionFailure(948)) - Retrying connect to server: localhost/127.0.0.1:0. Already tried 1 time(s); retry policy is RetryUpToMaximumCountWithFixedSleep(maxRetries=10, sleepTime=1000 MILLISECONDS)
2019-09-24 23:22:47,450 [main] INFO  ipc.Client (Client.java:handleConnectionFailure(948)) - Retrying connect to server: localhost/127.0.0.1:0. Already tried 2 time(s); retry policy is RetryUpToMaximumCountWithFixedSleep(maxRetries=10, sleepTime=1000 MILLISECONDS)
2019-09-24 23:22:48,451 [main] INFO  ipc.Client (Client.java:handleConnectionFailure(948)) - Retrying connect to server: localhost/127.0.0.1:0. Already tried 3 time(s); retry policy is RetryUpToMaximumCountWithFixedSleep(maxRetries=10, sleepTime=1000 MILLISECONDS)
2019-09-24 23:22:49,452 [main] INFO  ipc.Client (Client.java:handleConnectionFailure(948)) - Retrying connect to server: localhost/127.0.0.1:0. Already tried 4 time(s); retry policy is RetryUpToMaximumCountWithFixedSleep(maxRetries=10, sleepTime=1000 MILLISECONDS)
2019-09-24 23:22:50,453 [main] INFO  ipc.Client (Client.java:handleConnectionFailure(948)) - Retrying connect to server: localhost/127.0.0.1:0. Already tried 5 time(s); retry policy is RetryUpToMaximumCountWithFixedSleep(maxRetries=10, sleepTime=1000 MILLISECONDS)
2019-09-24 23:22:51,455 [main] INFO  ipc.Client (Client.java:handleConnectionFailure(948)) - Retrying connect to server: localhost/127.0.0.1:0. Already tried 6 time(s); retry policy is RetryUpToMaximumCountWithFixedSleep(maxRetries=10, sleepTime=1000 MILLISECONDS)
2019-09-24 23:22:52,456 [main] INFO  ipc.Client (Client.java:handleConnectionFailure(948)) - Retrying connect to server: localhost/127.0.0.1:0. Already tried 7 time(s); retry policy is RetryUpToMaximumCountWithFixedSleep(maxRetries=10, sleepTime=1000 MILLISECONDS)
2019-09-24 23:22:53,456 [main] INFO  ipc.Client (Client.java:handleConnectionFailure(948)) - Retrying connect to server: localhost/127.0.0.1:0. Already tried 8 time(s); retry policy is RetryUpToMaximumCountWithFixedSleep(maxRetries=10, sleepTime=1000 MILLISECONDS)
2019-09-24 23:22:54,458 [main] INFO  ipc.Client (Client.java:handleConnectionFailure(948)) - Retrying connect to server: localhost/127.0.0.1:0. Already tried 9 time(s); retry policy is RetryUpToMaximumCountWithFixedSleep(maxRetries=10, sleepTime=1000 MILLISECONDS)
2019-09-24 23:22:54,460 [main] INFO  retry.RetryInvocationHandler (RetryInvocationHandler.java:log(411)) - com.google.protobuf.ServiceException: java.net.ConnectException: Your endpoint configuration is wrong; For more details see:  http://wiki.apache.org/hadoop/UnsetHostnameOrPort, while invoking $Proxy36.submitRequest over nodeId=null,nodeAddress=127.0.0.1:0 after 9 failover attempts. Trying to failover immediately.
2019-09-24 23:22:55,461 [main] INFO  ipc.Client (Client.java:handleConnectionFailure(948)) - Retrying connect to server: localhost/127.0.0.1:0. Already tried 0 time(s); retry policy is RetryUpToMaximumCountWithFixedSleep(maxRetries=10, sleepTime=1000 MILLISECONDS)
2019-09-24 23:22:56,462 [main] INFO  ipc.Client (Client.java:handleConnectionFailure(948)) - Retrying connect to server: localhost/127.0.0.1:0. Already tried 1 time(s); retry policy is RetryUpToMaximumCountWithFixedSleep(maxRetries=10, sleepTime=1000 MILLISECONDS)
2019-09-24 23:22:57,463 [main] INFO  ipc.Client (Client.java:handleConnectionFailure(948)) - Retrying connect to server: localhost/127.0.0.1:0. Already tried 2 time(s); retry policy is RetryUpToMaximumCountWithFixedSleep(maxRetries=10, sleepTime=1000 MILLISECONDS)
2019-09-24 23:22:58,464 [main] INFO  ipc.Client (Client.java:handleConnectionFailure(948)) - Retrying connect to server: localhost/127.0.0.1:0. Already tried 3 time(s); retry policy is RetryUpToMaximumCountWithFixedSleep(maxRetries=10, sleepTime=1000 MILLISECONDS)
2019-09-24 23:22:59,465 [main] INFO  ipc.Client (Client.java:handleConnectionFailure(948)) - Retrying connect to server: localhost/127.0.0.1:0. Already tried 4 time(s); retry policy is RetryUpToMaximumCountWithFixedSleep(maxRetries=10, sleepTime=1000 MILLISECONDS)
2019-09-24 23:23:00,467 [main] INFO  ipc.Client (Client.java:handleConnectionFailure(948)) - Retrying connect to server: localhost/127.0.0.1:0. Already tried 5 time(s); retry policy is RetryUpToMaximumCountWithFixedSleep(maxRetries=10, sleepTime=1000 MILLISECONDS)
2019-09-24 23:23:01,469 [main] INFO  ipc.Client (Client.java:handleConnectionFailure(948)) - Retrying connect to server: localhost/127.0.0.1:0. Already tried 6 time(s); retry policy is RetryUpToMaximumCountWithFixedSleep(maxRetries=10, sleepTime=1000 MILLISECONDS)
2019-09-24 23:23:02,470 [main] INFO  ipc.Client (Client.java:handleConnectionFailure(948)) - Retrying connect to server: localhost/127.0.0.1:0. Already tried 7 time(s); retry policy is RetryUpToMaximumCountWithFixedSleep(maxRetries=10, sleepTime=1000 MILLISECONDS)
2019-09-24 23:23:03,472 [main] INFO  ipc.Client (Client.java:handleConnectionFailure(948)) - Retrying connect to server: localhost/127.0.0.1:0. Already tried 8 time(s); retry policy is RetryUpToMaximumCountWithFixedSleep(maxRetries=10, sleepTime=1000 MILLISECONDS)
2019-09-24 23:23:04,473 [main] INFO  ipc.Client (Client.java:handleConnectionFailure(948)) - Retrying connect to server: localhost/127.0.0.1:0. Already tried 9 time(s); retry policy is RetryUpToMaximumCountWithFixedSleep(maxRetries=10, sleepTime=1000 MILLISECONDS)
2019-09-24 23:23:04,475 [main] ERROR ha.OMFailoverProxyProvider (OzoneManagerProtocolClientSideTranslatorPB.java:getRetryAction(268)) - Failed to connect to OM. Attempted 10 retries and 10 failovers
2019-09-24 23:23:04,479 [main] ERROR client.OzoneClientFactory (OzoneClientFactory.java:getClientProtocol(259)) - Couldn't create RpcClient protocol exception: 
java.net.ConnectException: Your endpoint configuration is wrong; For more details see:  http://wiki.apache.org/hadoop/UnsetHostnameOrPort
	at sun.reflect.NativeConstructorAccessorImpl.newInstance0(Native Method)
	at sun.reflect.NativeConstructorAccessorImpl.newInstance(NativeConstructorAccessorImpl.java:62)
	at sun.reflect.DelegatingConstructorAccessorImpl.newInstance(DelegatingConstructorAccessorImpl.java:45)
	at java.lang.reflect.Constructor.newInstance(Constructor.java:423)
	at org.apache.hadoop.net.NetUtils.wrapWithMessage(NetUtils.java:831)
	at org.apache.hadoop.net.NetUtils.wrapException(NetUtils.java:751)
	at org.apache.hadoop.ipc.Client.getRpcResponse(Client.java:1515)
	at org.apache.hadoop.ipc.Client.call(Client.java:1457)
	at org.apache.hadoop.ipc.Client.call(Client.java:1367)
	at org.apache.hadoop.ipc.ProtobufRpcEngine$Invoker.invoke(ProtobufRpcEngine.java:228)
	at org.apache.hadoop.ipc.ProtobufRpcEngine$Invoker.invoke(ProtobufRpcEngine.java:116)
	at com.sun.proxy.$Proxy36.submitRequest(Unknown Source)
	at sun.reflect.NativeMethodAccessorImpl.invoke0(Native Method)
	at sun.reflect.NativeMethodAccessorImpl.invoke(NativeMethodAccessorImpl.java:62)
	at sun.reflect.DelegatingMethodAccessorImpl.invoke(DelegatingMethodAccessorImpl.java:43)
	at java.lang.reflect.Method.invoke(Method.java:498)
	at org.apache.hadoop.io.retry.RetryInvocationHandler.invokeMethod(RetryInvocationHandler.java:422)
	at org.apache.hadoop.io.retry.RetryInvocationHandler$Call.invokeMethod(RetryInvocationHandler.java:165)
	at org.apache.hadoop.io.retry.RetryInvocationHandler$Call.invoke(RetryInvocationHandler.java:157)
	at org.apache.hadoop.io.retry.RetryInvocationHandler$Call.invokeOnce(RetryInvocationHandler.java:95)
	at org.apache.hadoop.io.retry.RetryInvocationHandler.invoke(RetryInvocationHandler.java:359)
	at com.sun.proxy.$Proxy36.submitRequest(Unknown Source)
	at org.apache.hadoop.ozone.om.protocolPB.OzoneManagerProtocolClientSideTranslatorPB.submitRequest(OzoneManagerProtocolClientSideTranslatorPB.java:338)
	at org.apache.hadoop.ozone.om.protocolPB.OzoneManagerProtocolClientSideTranslatorPB.getServiceInfo(OzoneManagerProtocolClientSideTranslatorPB.java:1223)
	at sun.reflect.NativeMethodAccessorImpl.invoke0(Native Method)
	at sun.reflect.NativeMethodAccessorImpl.invoke(NativeMethodAccessorImpl.java:62)
	at sun.reflect.DelegatingMethodAccessorImpl.invoke(DelegatingMethodAccessorImpl.java:43)
	at java.lang.reflect.Method.invoke(Method.java:498)
	at org.apache.hadoop.hdds.tracing.TraceAllMethod.invoke(TraceAllMethod.java:66)
	at com.sun.proxy.$Proxy37.getServiceInfo(Unknown Source)
	at org.apache.hadoop.ozone.client.rpc.RpcClient.<init>(RpcClient.java:154)
	at org.apache.hadoop.ozone.client.OzoneClientFactory.getClientProtocol(OzoneClientFactory.java:256)
	at org.apache.hadoop.ozone.client.OzoneClientFactory.getClientProtocol(OzoneClientFactory.java:239)
	at org.apache.hadoop.ozone.client.OzoneClientFactory.getClient(OzoneClientFactory.java:75)
	at org.apache.hadoop.ozone.client.rpc.TestBlockOutputStream.init(TestBlockOutputStream.java:95)
	at sun.reflect.NativeMethodAccessorImpl.invoke0(Native Method)
	at sun.reflect.NativeMethodAccessorImpl.invoke(NativeMethodAccessorImpl.java:62)
	at sun.reflect.DelegatingMethodAccessorImpl.invoke(DelegatingMethodAccessorImpl.java:43)
	at java.lang.reflect.Method.invoke(Method.java:498)
	at org.junit.runners.model.FrameworkMethod$1.runReflectiveCall(FrameworkMethod.java:47)
	at org.junit.internal.runners.model.ReflectiveCallable.run(ReflectiveCallable.java:12)
	at org.junit.runners.model.FrameworkMethod.invokeExplosively(FrameworkMethod.java:44)
	at org.junit.internal.runners.statements.RunBefores.evaluate(RunBefores.java:24)
	at org.junit.internal.runners.statements.RunAfters.evaluate(RunAfters.java:27)
	at org.junit.runners.ParentRunner.run(ParentRunner.java:309)
	at org.apache.maven.surefire.junit4.JUnit4Provider.execute(JUnit4Provider.java:365)
	at org.apache.maven.surefire.junit4.JUnit4Provider.executeWithRerun(JUnit4Provider.java:273)
	at org.apache.maven.surefire.junit4.JUnit4Provider.executeTestSet(JUnit4Provider.java:238)
	at org.apache.maven.surefire.junit4.JUnit4Provider.invoke(JUnit4Provider.java:159)
	at org.apache.maven.surefire.booter.ForkedBooter.invokeProviderInSameClassLoader(ForkedBooter.java:384)
	at org.apache.maven.surefire.booter.ForkedBooter.runSuitesInProcess(ForkedBooter.java:345)
	at org.apache.maven.surefire.booter.ForkedBooter.execute(ForkedBooter.java:126)
	at org.apache.maven.surefire.booter.ForkedBooter.main(ForkedBooter.java:418)
Caused by: java.net.ConnectException: Connection refused
	at sun.nio.ch.SocketChannelImpl.checkConnect(Native Method)
	at sun.nio.ch.SocketChannelImpl.finishConnect(SocketChannelImpl.java:717)
	at org.apache.hadoop.net.SocketIOWithTimeout.connect(SocketIOWithTimeout.java:206)
	at org.apache.hadoop.net.NetUtils.connect(NetUtils.java:531)
	at org.apache.hadoop.ipc.Client$Connection.setupConnection(Client.java:690)
	at org.apache.hadoop.ipc.Client$Connection.setupIOstreams(Client.java:794)
	at org.apache.hadoop.ipc.Client$Connection.access$3700(Client.java:411)
	at org.apache.hadoop.ipc.Client.getConnection(Client.java:1572)
	at org.apache.hadoop.ipc.Client.call(Client.java:1403)
	... 45 more
2019-09-24 23:23:04,484 [main] INFO  ozone.MiniOzoneClusterImpl (MiniOzoneClusterImpl.java:shutdown(314)) - Shutting down the Mini Ozone Cluster
2019-09-24 23:23:04,484 [main] INFO  ozone.MiniOzoneClusterImpl (MiniOzoneClusterImpl.java:stop(330)) - Stopping the Mini Ozone Cluster
2019-09-24 23:23:04,485 [main] INFO  ozone.MiniOzoneClusterImpl (MiniOzoneClusterImpl.java:stopOM(400)) - Stopping the OzoneManager
2019-09-24 23:23:04,485 [main] INFO  ipc.Server (Server.java:stop(3082)) - Stopping server on 39269
2019-09-24 23:23:04,507 [IPC Server listener on 39269] INFO  ipc.Server (Server.java:run(1185)) - Stopping IPC Server listener on 39269
2019-09-24 23:23:04,512 [main] INFO  ratis.OzoneManagerDoubleBuffer (OzoneManagerDoubleBuffer.java:stop(248)) - Stopping OMDoubleBuffer flush thread
2019-09-24 23:23:04,544 [IPC Server Responder] INFO  ipc.Server (Server.java:run(1319)) - Stopping IPC Server Responder
2019-09-24 23:23:04,545 [OMDoubleBufferFlushThread] INFO  ratis.OzoneManagerDoubleBuffer (OzoneManagerDoubleBuffer.java:flushTransactions(191)) - OMDoubleBuffer flush thread OMDoubleBufferFlushThread is interrupted and will exit. OMDoubleBufferFlushThread
2019-09-24 23:23:04,548 [main] INFO  utils.BackgroundService (BackgroundService.java:shutdown(148)) - Shutting down service KeyDeletingService
2019-09-24 23:23:04,553 [main] INFO  handler.ContextHandler (ContextHandler.java:doStop(910)) - Stopped o.e.j.w.WebAppContext@22d1886d{/,null,UNAVAILABLE}{/ozoneManager}
2019-09-24 23:23:04,561 [main] INFO  server.AbstractConnector (AbstractConnector.java:doStop(318)) - Stopped ServerConnector@7df60067{HTTP/1.1,[http/1.1]}{0.0.0.0:0}
2019-09-24 23:23:04,562 [main] INFO  handler.ContextHandler (ContextHandler.java:doStop(910)) - Stopped o.e.j.s.ServletContextHandler@5cf8edcf{/static,file:///workdir/hadoop-ozone/integration-test/target/test-classes/webapps/static,UNAVAILABLE}
2019-09-24 23:23:04,562 [main] INFO  handler.ContextHandler (ContextHandler.java:doStop(910)) - Stopped o.e.j.s.ServletContextHandler@67dba613{/logs,file:///workdir/hadoop-ozone/integration-test/target/log,UNAVAILABLE}
2019-09-24 23:23:04,569 [main] INFO  ozone.MiniOzoneClusterImpl (MiniOzoneClusterImpl.java:stopDatanodes(377)) - Stopping the HddsDatanodes
2019-09-24 23:23:04,945 [Datanode State Machine Thread - 0] INFO  statemachine.DatanodeStateMachine (DatanodeStateMachine.java:lambda$startDaemon$0(350)) - Ozone container server started.
2019-09-24 23:23:04,948 [Datanode State Machine Thread - 0] INFO  statemachine.DatanodeStateMachine (DatanodeStateMachine.java:lambda$startDaemon$0(350)) - Ozone container server started.
2019-09-24 23:23:06,985 [EventQueue-StaleNodeForStaleNodeHandler] INFO  node.StaleNodeHandler (StaleNodeHandler.java:onMessage(58)) - Datanode eb551bd8-dc24-44e0-bb3e-8d47f4074a43{ip: 192.168.151.66, host: pr-hdds-2162-v2v4x-1150571016, networkLocation: /default-rack, certSerialId: null} moved to stale state. Finalizing its pipelines [PipelineID=899d1e79-d122-4f3e-802f-950f7e900701, PipelineID=de4950a4-bae2-4695-94d3-f2af15f7de5d]
2019-09-24 23:23:06,986 [EventQueue-StaleNodeForStaleNodeHandler] INFO  pipeline.SCMPipelineManager (SCMPipelineManager.java:finalizeAndDestroyPipeline(315)) - destroying pipeline:Pipeline[ Id: 899d1e79-d122-4f3e-802f-950f7e900701, Nodes: 69e28fe1-00c1-4445-ac62-1ecce60d6724{ip: 192.168.151.66, host: pr-hdds-2162-v2v4x-1150571016, networkLocation: /default-rack, certSerialId: null}eb551bd8-dc24-44e0-bb3e-8d47f4074a43{ip: 192.168.151.66, host: pr-hdds-2162-v2v4x-1150571016, networkLocation: /default-rack, certSerialId: null}a3290348-6ac5-4de5-b30b-c7902ea8fed4{ip: 192.168.151.66, host: pr-hdds-2162-v2v4x-1150571016, networkLocation: /default-rack, certSerialId: null}, Type:RATIS, Factor:THREE, State:OPEN]
2019-09-24 23:23:06,987 [EventQueue-StaleNodeForStaleNodeHandler] INFO  pipeline.PipelineStateManager (PipelineStateManager.java:finalizePipeline(123)) - Pipeline Pipeline[ Id: 899d1e79-d122-4f3e-802f-950f7e900701, Nodes: 69e28fe1-00c1-4445-ac62-1ecce60d6724{ip: 192.168.151.66, host: pr-hdds-2162-v2v4x-1150571016, networkLocation: /default-rack, certSerialId: null}eb551bd8-dc24-44e0-bb3e-8d47f4074a43{ip: 192.168.151.66, host: pr-hdds-2162-v2v4x-1150571016, networkLocation: /default-rack, certSerialId: null}a3290348-6ac5-4de5-b30b-c7902ea8fed4{ip: 192.168.151.66, host: pr-hdds-2162-v2v4x-1150571016, networkLocation: /default-rack, certSerialId: null}, Type:RATIS, Factor:THREE, State:CLOSED] moved to CLOSED state
2019-09-24 23:23:06,989 [EventQueue-StaleNodeForStaleNodeHandler] INFO  pipeline.SCMPipelineManager (SCMPipelineManager.java:finalizeAndDestroyPipeline(315)) - destroying pipeline:Pipeline[ Id: de4950a4-bae2-4695-94d3-f2af15f7de5d, Nodes: eb551bd8-dc24-44e0-bb3e-8d47f4074a43{ip: 192.168.151.66, host: pr-hdds-2162-v2v4x-1150571016, networkLocation: /default-rack, certSerialId: null}, Type:RATIS, Factor:ONE, State:OPEN]
2019-09-24 23:23:06,993 [EventQueue-StaleNodeForStaleNodeHandler] INFO  pipeline.PipelineStateManager (PipelineStateManager.java:finalizePipeline(123)) - Pipeline Pipeline[ Id: de4950a4-bae2-4695-94d3-f2af15f7de5d, Nodes: eb551bd8-dc24-44e0-bb3e-8d47f4074a43{ip: 192.168.151.66, host: pr-hdds-2162-v2v4x-1150571016, networkLocation: /default-rack, certSerialId: null}, Type:RATIS, Factor:ONE, State:CLOSED] moved to CLOSED state
2019-09-24 23:23:06,994 [EventQueue-StaleNodeForStaleNodeHandler] INFO  node.StaleNodeHandler (StaleNodeHandler.java:onMessage(58)) - Datanode 37b0da62-ae9d-4986-ae1d-9039375746e7{ip: 192.168.151.66, host: pr-hdds-2162-v2v4x-1150571016, networkLocation: /default-rack, certSerialId: null} moved to stale state. Finalizing its pipelines [PipelineID=54d8fcce-60ea-4c68-91d3-c58b6356dc78]
2019-09-24 23:23:06,994 [EventQueue-StaleNodeForStaleNodeHandler] INFO  pipeline.SCMPipelineManager (SCMPipelineManager.java:finalizeAndDestroyPipeline(315)) - destroying pipeline:Pipeline[ Id: 54d8fcce-60ea-4c68-91d3-c58b6356dc78, Nodes: 37b0da62-ae9d-4986-ae1d-9039375746e7{ip: 192.168.151.66, host: pr-hdds-2162-v2v4x-1150571016, networkLocation: /default-rack, certSerialId: null}, Type:RATIS, Factor:ONE, State:OPEN]
2019-09-24 23:23:06,994 [EventQueue-StaleNodeForStaleNodeHandler] INFO  pipeline.PipelineStateManager (PipelineStateManager.java:finalizePipeline(123)) - Pipeline Pipeline[ Id: 54d8fcce-60ea-4c68-91d3-c58b6356dc78, Nodes: 37b0da62-ae9d-4986-ae1d-9039375746e7{ip: 192.168.151.66, host: pr-hdds-2162-v2v4x-1150571016, networkLocation: /default-rack, certSerialId: null}, Type:RATIS, Factor:ONE, State:CLOSED] moved to CLOSED state
2019-09-24 23:23:09,574 [main] INFO  ozoneimpl.OzoneContainer (OzoneContainer.java:stop(231)) - Attempting to stop container services.
2019-09-24 23:23:09,574 [ForkJoinPool.commonPool-worker-0] INFO  ozoneimpl.OzoneContainer (OzoneContainer.java:stop(231)) - Attempting to stop container services.
2019-09-24 23:23:09,581 [main] INFO  impl.RaftServerProxy (RaftServerProxy.java:lambda$close$4(314)) - 37b0da62-ae9d-4986-ae1d-9039375746e7: close
2019-09-24 23:23:09,581 [ForkJoinPool.commonPool-worker-0] INFO  impl.RaftServerProxy (RaftServerProxy.java:lambda$close$4(314)) - eb551bd8-dc24-44e0-bb3e-8d47f4074a43: close
2019-09-24 23:23:09,584 [main] INFO  impl.RaftServerImpl (RaftServerImpl.java:lambda$shutdown$3(251)) - 37b0da62-ae9d-4986-ae1d-9039375746e7@group-C58B6356DC78: shutdown
2019-09-24 23:23:09,584 [ForkJoinPool.commonPool-worker-0] INFO  impl.RaftServerImpl (RaftServerImpl.java:lambda$shutdown$3(251)) - eb551bd8-dc24-44e0-bb3e-8d47f4074a43@group-950F7E900701: shutdown
2019-09-24 23:23:09,584 [main] INFO  util.JmxRegister (JmxRegister.java:unregister(73)) - Successfully un-registered JMX Bean with object name Ratis:service=RaftServer,group=group-C58B6356DC78,id=37b0da62-ae9d-4986-ae1d-9039375746e7
2019-09-24 23:23:09,585 [ForkJoinPool.commonPool-worker-0] INFO  util.JmxRegister (JmxRegister.java:unregister(73)) - Successfully un-registered JMX Bean with object name Ratis:service=RaftServer,group=group-950F7E900701,id=eb551bd8-dc24-44e0-bb3e-8d47f4074a43
2019-09-24 23:23:09,585 [main] INFO  impl.RoleInfo (RoleInfo.java:shutdownLeaderState(104)) - 37b0da62-ae9d-4986-ae1d-9039375746e7: shutdown LeaderState
2019-09-24 23:23:09,585 [ForkJoinPool.commonPool-worker-0] INFO  impl.RoleInfo (RoleInfo.java:shutdownFollowerState(121)) - eb551bd8-dc24-44e0-bb3e-8d47f4074a43: shutdown FollowerState
2019-09-24 23:23:09,586 [ForkJoinPool.commonPool-worker-0] INFO  impl.StateMachineUpdater (StateMachineUpdater.java:stopAndJoin(125)) - eb551bd8-dc24-44e0-bb3e-8d47f4074a43@group-950F7E900701-StateMachineUpdater: set stopIndex = 0
2019-09-24 23:23:09,586 [Thread-337] INFO  impl.FollowerState (FollowerState.java:run(115)) - eb551bd8-dc24-44e0-bb3e-8d47f4074a43: FollowerState was interrupted: java.lang.InterruptedException: sleep interrupted
2019-09-24 23:23:09,586 [main] INFO  impl.PendingRequests (PendingRequests.java:sendNotLeaderResponses(202)) - 37b0da62-ae9d-4986-ae1d-9039375746e7-PendingRequests: sendNotLeaderResponses
2019-09-24 23:23:09,596 [ForkJoinPool.commonPool-worker-0] INFO  impl.RaftServerImpl (ServerState.java:close(385)) - eb551bd8-dc24-44e0-bb3e-8d47f4074a43@group-950F7E900701: closes. applyIndex: 0
2019-09-24 23:23:09,599 [main] INFO  impl.StateMachineUpdater (StateMachineUpdater.java:stopAndJoin(125)) - 37b0da62-ae9d-4986-ae1d-9039375746e7@group-C58B6356DC78-StateMachineUpdater: set stopIndex = 0
2019-09-24 23:23:09,601 [main] INFO  impl.RaftServerImpl (ServerState.java:close(385)) - 37b0da62-ae9d-4986-ae1d-9039375746e7@group-C58B6356DC78: closes. applyIndex: 0
2019-09-24 23:23:09,601 [eb551bd8-dc24-44e0-bb3e-8d47f4074a43@group-950F7E900701-SegmentedRaftLogWorker] INFO  segmented.SegmentedRaftLogWorker (SegmentedRaftLogWorker.java:run(313)) - eb551bd8-dc24-44e0-bb3e-8d47f4074a43@group-950F7E900701-SegmentedRaftLogWorker was interrupted, exiting. There are 0 tasks remaining in the queue.
2019-09-24 23:23:09,602 [37b0da62-ae9d-4986-ae1d-9039375746e7@group-C58B6356DC78-SegmentedRaftLogWorker] INFO  segmented.SegmentedRaftLogWorker (SegmentedRaftLogWorker.java:run(313)) - 37b0da62-ae9d-4986-ae1d-9039375746e7@group-C58B6356DC78-SegmentedRaftLogWorker was interrupted, exiting. There are 0 tasks remaining in the queue.
2019-09-24 23:23:09,605 [main] INFO  segmented.SegmentedRaftLogWorker (SegmentedRaftLogWorker.java:close(228)) - 37b0da62-ae9d-4986-ae1d-9039375746e7@group-C58B6356DC78-SegmentedRaftLogWorker close()
2019-09-24 23:23:09,605 [ForkJoinPool.commonPool-worker-0] INFO  segmented.SegmentedRaftLogWorker (SegmentedRaftLogWorker.java:close(228)) - eb551bd8-dc24-44e0-bb3e-8d47f4074a43@group-950F7E900701-SegmentedRaftLogWorker close()
2019-09-24 23:23:09,610 [ForkJoinPool.commonPool-worker-0] INFO  impl.RaftServerImpl (RaftServerImpl.java:lambda$shutdown$3(251)) - eb551bd8-dc24-44e0-bb3e-8d47f4074a43@group-F2AF15F7DE5D: shutdown
2019-09-24 23:23:09,611 [ForkJoinPool.commonPool-worker-0] INFO  util.JmxRegister (JmxRegister.java:unregister(73)) - Successfully un-registered JMX Bean with object name Ratis:service=RaftServer,group=group-F2AF15F7DE5D,id=eb551bd8-dc24-44e0-bb3e-8d47f4074a43
2019-09-24 23:23:09,611 [main] INFO  server.GrpcService (GrpcService.java:closeImpl(164)) - 37b0da62-ae9d-4986-ae1d-9039375746e7: shutdown server with port 35327 now
2019-09-24 23:23:09,611 [ForkJoinPool.commonPool-worker-0] INFO  impl.RoleInfo (RoleInfo.java:shutdownLeaderState(104)) - eb551bd8-dc24-44e0-bb3e-8d47f4074a43: shutdown LeaderState
2019-09-24 23:23:09,612 [ForkJoinPool.commonPool-worker-0] INFO  impl.PendingRequests (PendingRequests.java:sendNotLeaderResponses(202)) - eb551bd8-dc24-44e0-bb3e-8d47f4074a43-PendingRequests: sendNotLeaderResponses
2019-09-24 23:23:09,614 [ForkJoinPool.commonPool-worker-0] INFO  impl.StateMachineUpdater (StateMachineUpdater.java:stopAndJoin(125)) - eb551bd8-dc24-44e0-bb3e-8d47f4074a43@group-F2AF15F7DE5D-StateMachineUpdater: set stopIndex = 0
2019-09-24 23:23:09,614 [ForkJoinPool.commonPool-worker-0] INFO  impl.RaftServerImpl (ServerState.java:close(385)) - eb551bd8-dc24-44e0-bb3e-8d47f4074a43@group-F2AF15F7DE5D: closes. applyIndex: 0
2019-09-24 23:23:09,615 [eb551bd8-dc24-44e0-bb3e-8d47f4074a43@group-F2AF15F7DE5D-SegmentedRaftLogWorker] INFO  segmented.SegmentedRaftLogWorker (SegmentedRaftLogWorker.java:run(313)) - eb551bd8-dc24-44e0-bb3e-8d47f4074a43@group-F2AF15F7DE5D-SegmentedRaftLogWorker was interrupted, exiting. There are 0 tasks remaining in the queue.
2019-09-24 23:23:09,618 [ForkJoinPool.commonPool-worker-0] INFO  segmented.SegmentedRaftLogWorker (SegmentedRaftLogWorker.java:close(228)) - eb551bd8-dc24-44e0-bb3e-8d47f4074a43@group-F2AF15F7DE5D-SegmentedRaftLogWorker close()
2019-09-24 23:23:09,623 [main] INFO  server.GrpcService (GrpcService.java:closeImpl(172)) - 37b0da62-ae9d-4986-ae1d-9039375746e7: shutdown server with port 35327 successfully
2019-09-24 23:23:09,623 [ForkJoinPool.commonPool-worker-0] INFO  server.GrpcService (GrpcService.java:closeImpl(164)) - eb551bd8-dc24-44e0-bb3e-8d47f4074a43: shutdown server with port 35415 now
2019-09-24 23:23:09,635 [ForkJoinPool.commonPool-worker-0] INFO  server.GrpcService (GrpcService.java:closeImpl(172)) - eb551bd8-dc24-44e0-bb3e-8d47f4074a43: shutdown server with port 35415 successfully
2019-09-24 23:23:09,637 [grpc-default-executor-3] WARN  server.GrpcServerProtocolService (LogUtils.java:warn(134)) - eb551bd8-dc24-44e0-bb3e-8d47f4074a43: installSnapshot onError, lastRequest: 69e28fe1-00c1-4445-ac62-1ecce60d6724->eb551bd8-dc24-44e0-bb3e-8d47f4074a43#42-t2, previous=(t:2, i:0), leaderCommit=0, initializing? false, entries: <empty>: org.apache.ratis.thirdparty.io.grpc.StatusRuntimeException: CANCELLED: cancelled before receiving half close
2019-09-24 23:23:09,638 [grpc-default-executor-1] WARN  server.GrpcLogAppender (LogUtils.java:warn(134)) - 69e28fe1-00c1-4445-ac62-1ecce60d6724@group-950F7E900701->eb551bd8-dc24-44e0-bb3e-8d47f4074a43-AppendLogResponseHandler: Failed appendEntries: org.apache.ratis.thirdparty.io.grpc.StatusRuntimeException: CANCELLED: HTTP/2 error code: CANCEL
Received Rst Stream
2019-09-24 23:23:09,642 [refreshUsed-/workdir/hadoop-ozone/integration-test/target/test-dir/MiniOzoneClusterImpl-8c4156f6-ba4f-4261-a5fa-d2631acace6e/datanode-1/data/containers] WARN  fs.CachingGetSpaceUsed (CachingGetSpaceUsed.java:run(183)) - Thread Interrupted waiting to refresh disk information: sleep interrupted
2019-09-24 23:23:09,644 [grpc-default-executor-1] INFO  impl.FollowerInfo (FollowerInfo.java:lambda$new$0(51)) - 69e28fe1-00c1-4445-ac62-1ecce60d6724@group-950F7E900701->eb551bd8-dc24-44e0-bb3e-8d47f4074a43: nextIndex: updateUnconditionally 1 -> 0
2019-09-24 23:23:09,654 [refreshUsed-/workdir/hadoop-ozone/integration-test/target/test-dir/MiniOzoneClusterImpl-8c4156f6-ba4f-4261-a5fa-d2631acace6e/datanode-4/data/containers] WARN  fs.CachingGetSpaceUsed (CachingGetSpaceUsed.java:run(183)) - Thread Interrupted waiting to refresh disk information: sleep interrupted
2019-09-24 23:23:09,670 [main] INFO  utils.BackgroundService (BackgroundService.java:shutdown(148)) - Shutting down service BlockDeletingService
2019-09-24 23:23:09,675 [main] INFO  statemachine.DatanodeStateMachine (DatanodeStateMachine.java:stopDaemon(395)) - Ozone container server stopped.
2019-09-24 23:23:09,676 [main] INFO  handler.ContextHandler (ContextHandler.java:doStop(910)) - Stopped o.e.j.w.WebAppContext@eac3a26{/,null,UNAVAILABLE}{/hddsDatanode}
2019-09-24 23:23:09,677 [ForkJoinPool.commonPool-worker-0] INFO  utils.BackgroundService (BackgroundService.java:shutdown(148)) - Shutting down service BlockDeletingService
2019-09-24 23:23:09,678 [main] INFO  server.AbstractConnector (AbstractConnector.java:doStop(318)) - Stopped ServerConnector@10b1a751{HTTP/1.1,[http/1.1]}{0.0.0.0:0}
2019-09-24 23:23:09,681 [ForkJoinPool.commonPool-worker-0] INFO  statemachine.DatanodeStateMachine (DatanodeStateMachine.java:stopDaemon(395)) - Ozone container server stopped.
2019-09-24 23:23:09,682 [main] INFO  handler.ContextHandler (ContextHandler.java:doStop(910)) - Stopped o.e.j.s.ServletContextHandler@67e13bd0{/static,jar:file:/home/user/.m2/repository/org/apache/hadoop/hadoop-hdds-container-service/0.5.0-SNAPSHOT/hadoop-hdds-container-service-0.5.0-SNAPSHOT.jar!/webapps/static,UNAVAILABLE}
2019-09-24 23:23:09,684 [main] INFO  handler.ContextHandler (ContextHandler.java:doStop(910)) - Stopped o.e.j.s.ServletContextHandler@1dc3502b{/logs,file:///workdir/hadoop-ozone/integration-test/target/log,UNAVAILABLE}
2019-09-24 23:23:09,686 [ForkJoinPool.commonPool-worker-0] INFO  handler.ContextHandler (ContextHandler.java:doStop(910)) - Stopped o.e.j.w.WebAppContext@59072e9d{/,null,UNAVAILABLE}{/hddsDatanode}
2019-09-24 23:23:09,687 [ForkJoinPool.commonPool-worker-0] INFO  server.AbstractConnector (AbstractConnector.java:doStop(318)) - Stopped ServerConnector@58472096{HTTP/1.1,[http/1.1]}{0.0.0.0:0}
2019-09-24 23:23:09,689 [ForkJoinPool.commonPool-worker-0] INFO  handler.ContextHandler (ContextHandler.java:doStop(910)) - Stopped o.e.j.s.ServletContextHandler@2f1d0bbc{/static,jar:file:/home/user/.m2/repository/org/apache/hadoop/hadoop-hdds-container-service/0.5.0-SNAPSHOT/hadoop-hdds-container-service-0.5.0-SNAPSHOT.jar!/webapps/static,UNAVAILABLE}
2019-09-24 23:23:09,690 [ForkJoinPool.commonPool-worker-0] INFO  handler.ContextHandler (ContextHandler.java:doStop(910)) - Stopped o.e.j.s.ServletContextHandler@6cd64ee8{/logs,file:///workdir/hadoop-ozone/integration-test/target/log,UNAVAILABLE}
2019-09-24 23:23:09,944 [Datanode State Machine Thread - 0] INFO  statemachine.DatanodeStateMachine (DatanodeStateMachine.java:lambda$startDaemon$0(350)) - Ozone container server started.
2019-09-24 23:23:09,947 [Datanode State Machine Thread - 0] INFO  statemachine.DatanodeStateMachine (DatanodeStateMachine.java:lambda$startDaemon$0(350)) - Ozone container server started.
2019-09-24 23:23:10,089 [grpc-default-executor-6] WARN  server.GrpcLogAppender (LogUtils.java:warn(134)) - 69e28fe1-00c1-4445-ac62-1ecce60d6724@group-950F7E900701->eb551bd8-dc24-44e0-bb3e-8d47f4074a43-AppendLogResponseHandler: Failed appendEntries: org.apache.ratis.thirdparty.io.grpc.StatusRuntimeException: UNAVAILABLE: io exception
2019-09-24 23:23:10,093 [grpc-default-executor-6] INFO  impl.FollowerInfo (FollowerInfo.java:lambda$new$0(51)) - 69e28fe1-00c1-4445-ac62-1ecce60d6724@group-950F7E900701->eb551bd8-dc24-44e0-bb3e-8d47f4074a43: nextIndex: updateUnconditionally 0 -> 0
2019-09-24 23:23:12,000 [EventQueue-StaleNodeForStaleNodeHandler] INFO  node.StaleNodeHandler (StaleNodeHandler.java:onMessage(58)) - Datanode 689e79db-c0a9-475a-9361-b09b91adf7c9{ip: 192.168.151.66, host: pr-hdds-2162-v2v4x-1150571016, networkLocation: /default-rack, certSerialId: null} moved to stale state. Finalizing its pipelines [PipelineID=138d664a-86be-48b7-92aa-c2974b5f8eba, PipelineID=bc6551b2-d42b-4055-acf6-5ac1e90e483a]
2019-09-24 23:23:12,000 [EventQueue-StaleNodeForStaleNodeHandler] INFO  pipeline.SCMPipelineManager (SCMPipelineManager.java:finalizeAndDestroyPipeline(315)) - destroying pipeline:Pipeline[ Id: 138d664a-86be-48b7-92aa-c2974b5f8eba, Nodes: 689e79db-c0a9-475a-9361-b09b91adf7c9{ip: 192.168.151.66, host: pr-hdds-2162-v2v4x-1150571016, networkLocation: /default-rack, certSerialId: null}, Type:RATIS, Factor:ONE, State:OPEN]
2019-09-24 23:23:12,001 [EventQueue-StaleNodeForStaleNodeHandler] INFO  pipeline.PipelineStateManager (PipelineStateManager.java:finalizePipeline(123)) - Pipeline Pipeline[ Id: 138d664a-86be-48b7-92aa-c2974b5f8eba, Nodes: 689e79db-c0a9-475a-9361-b09b91adf7c9{ip: 192.168.151.66, host: pr-hdds-2162-v2v4x-1150571016, networkLocation: /default-rack, certSerialId: null}, Type:RATIS, Factor:ONE, State:CLOSED] moved to CLOSED state
2019-09-24 23:23:12,001 [EventQueue-StaleNodeForStaleNodeHandler] INFO  pipeline.SCMPipelineManager (SCMPipelineManager.java:finalizeAndDestroyPipeline(315)) - destroying pipeline:Pipeline[ Id: bc6551b2-d42b-4055-acf6-5ac1e90e483a, Nodes: 689e79db-c0a9-475a-9361-b09b91adf7c9{ip: 192.168.151.66, host: pr-hdds-2162-v2v4x-1150571016, networkLocation: /default-rack, certSerialId: null}5930ff46-859e-45ff-a1c3-694564283812{ip: 192.168.151.66, host: pr-hdds-2162-v2v4x-1150571016, networkLocation: /default-rack, certSerialId: null}e20300c2-033d-4ad5-a085-155d7a933709{ip: 192.168.151.66, host: pr-hdds-2162-v2v4x-1150571016, networkLocation: /default-rack, certSerialId: null}, Type:RATIS, Factor:THREE, State:OPEN]
2019-09-24 23:23:12,001 [EventQueue-StaleNodeForStaleNodeHandler] INFO  pipeline.PipelineStateManager (PipelineStateManager.java:finalizePipeline(123)) - Pipeline Pipeline[ Id: bc6551b2-d42b-4055-acf6-5ac1e90e483a, Nodes: 689e79db-c0a9-475a-9361-b09b91adf7c9{ip: 192.168.151.66, host: pr-hdds-2162-v2v4x-1150571016, networkLocation: /default-rack, certSerialId: null}5930ff46-859e-45ff-a1c3-694564283812{ip: 192.168.151.66, host: pr-hdds-2162-v2v4x-1150571016, networkLocation: /default-rack, certSerialId: null}e20300c2-033d-4ad5-a085-155d7a933709{ip: 192.168.151.66, host: pr-hdds-2162-v2v4x-1150571016, networkLocation: /default-rack, certSerialId: null}, Type:RATIS, Factor:THREE, State:CLOSED] moved to CLOSED state
2019-09-24 23:23:12,001 [EventQueue-StaleNodeForStaleNodeHandler] INFO  node.StaleNodeHandler (StaleNodeHandler.java:onMessage(58)) - Datanode 5930ff46-859e-45ff-a1c3-694564283812{ip: 192.168.151.66, host: pr-hdds-2162-v2v4x-1150571016, networkLocation: /default-rack, certSerialId: null} moved to stale state. Finalizing its pipelines [PipelineID=1e68c9fa-bece-4191-835f-1ac46bc061f5, PipelineID=bc6551b2-d42b-4055-acf6-5ac1e90e483a]
2019-09-24 23:23:12,002 [EventQueue-StaleNodeForStaleNodeHandler] INFO  pipeline.SCMPipelineManager (SCMPipelineManager.java:finalizeAndDestroyPipeline(315)) - destroying pipeline:Pipeline[ Id: 1e68c9fa-bece-4191-835f-1ac46bc061f5, Nodes: 5930ff46-859e-45ff-a1c3-694564283812{ip: 192.168.151.66, host: pr-hdds-2162-v2v4x-1150571016, networkLocation: /default-rack, certSerialId: null}, Type:RATIS, Factor:ONE, State:OPEN]
2019-09-24 23:23:12,002 [EventQueue-StaleNodeForStaleNodeHandler] INFO  pipeline.PipelineStateManager (PipelineStateManager.java:finalizePipeline(123)) - Pipeline Pipeline[ Id: 1e68c9fa-bece-4191-835f-1ac46bc061f5, Nodes: 5930ff46-859e-45ff-a1c3-694564283812{ip: 192.168.151.66, host: pr-hdds-2162-v2v4x-1150571016, networkLocation: /default-rack, certSerialId: null}, Type:RATIS, Factor:ONE, State:CLOSED] moved to CLOSED state
2019-09-24 23:23:12,002 [EventQueue-StaleNodeForStaleNodeHandler] INFO  pipeline.SCMPipelineManager (SCMPipelineManager.java:finalizeAndDestroyPipeline(315)) - destroying pipeline:Pipeline[ Id: bc6551b2-d42b-4055-acf6-5ac1e90e483a, Nodes: 689e79db-c0a9-475a-9361-b09b91adf7c9{ip: 192.168.151.66, host: pr-hdds-2162-v2v4x-1150571016, networkLocation: /default-rack, certSerialId: null}5930ff46-859e-45ff-a1c3-694564283812{ip: 192.168.151.66, host: pr-hdds-2162-v2v4x-1150571016, networkLocation: /default-rack, certSerialId: null}e20300c2-033d-4ad5-a085-155d7a933709{ip: 192.168.151.66, host: pr-hdds-2162-v2v4x-1150571016, networkLocation: /default-rack, certSerialId: null}, Type:RATIS, Factor:THREE, State:CLOSED]
2019-09-24 23:23:12,581 [grpc-default-executor-3] WARN  server.GrpcLogAppender (LogUtils.java:warn(134)) - 69e28fe1-00c1-4445-ac62-1ecce60d6724@group-950F7E900701->eb551bd8-dc24-44e0-bb3e-8d47f4074a43-AppendLogResponseHandler: Failed appendEntries: org.apache.ratis.thirdparty.io.grpc.StatusRuntimeException: UNAVAILABLE: io exception
2019-09-24 23:23:12,586 [grpc-default-executor-3] INFO  impl.FollowerInfo (FollowerInfo.java:lambda$new$0(51)) - 69e28fe1-00c1-4445-ac62-1ecce60d6724@group-950F7E900701->eb551bd8-dc24-44e0-bb3e-8d47f4074a43: nextIndex: updateUnconditionally 0 -> 0
2019-09-24 23:23:14,297 [grpc-default-executor-6] INFO  impl.RaftServerProxy (RaftServerProxy.java:addNew(89)) - 69e28fe1-00c1-4445-ac62-1ecce60d6724: addNew group-1BBB9C408696:[e20300c2-033d-4ad5-a085-155d7a933709:192.168.151.66:45929, 69e28fe1-00c1-4445-ac62-1ecce60d6724:192.168.151.66:44017, a3290348-6ac5-4de5-b30b-c7902ea8fed4:192.168.151.66:41100] returns group-1BBB9C408696:java.util.concurrent.CompletableFuture@6b8bb97f[Not completed]
2019-09-24 23:23:14,297 [grpc-default-executor-3] INFO  impl.RaftServerProxy (RaftServerProxy.java:addNew(89)) - a3290348-6ac5-4de5-b30b-c7902ea8fed4: addNew group-1BBB9C408696:[e20300c2-033d-4ad5-a085-155d7a933709:192.168.151.66:45929, 69e28fe1-00c1-4445-ac62-1ecce60d6724:192.168.151.66:44017, a3290348-6ac5-4de5-b30b-c7902ea8fed4:192.168.151.66:41100] returns group-1BBB9C408696:java.util.concurrent.CompletableFuture@265e13d8[Not completed]
2019-09-24 23:23:14,297 [grpc-default-executor-2] INFO  impl.RaftServerProxy (RaftServerProxy.java:addNew(89)) - e20300c2-033d-4ad5-a085-155d7a933709: addNew group-1BBB9C408696:[e20300c2-033d-4ad5-a085-155d7a933709:192.168.151.66:45929, 69e28fe1-00c1-4445-ac62-1ecce60d6724:192.168.151.66:44017, a3290348-6ac5-4de5-b30b-c7902ea8fed4:192.168.151.66:41100] returns group-1BBB9C408696:java.util.concurrent.CompletableFuture@70b847f4[Not completed]
2019-09-24 23:23:14,304 [pool-27-thread-1] INFO  impl.RaftServerImpl (RaftServerImpl.java:<init>(95)) - 69e28fe1-00c1-4445-ac62-1ecce60d6724: new RaftServerImpl for group-1BBB9C408696:[e20300c2-033d-4ad5-a085-155d7a933709:192.168.151.66:45929, 69e28fe1-00c1-4445-ac62-1ecce60d6724:192.168.151.66:44017, a3290348-6ac5-4de5-b30b-c7902ea8fed4:192.168.151.66:41100] with ContainerStateMachine:uninitialized
2019-09-24 23:23:14,305 [pool-27-thread-1] INFO  server.RaftServerConfigKeys (ConfUtils.java:logGet(43)) - raft.server.rpc.timeout.min = 5s (custom)
2019-09-24 23:23:14,306 [pool-27-thread-1] INFO  server.RaftServerConfigKeys (ConfUtils.java:logGet(43)) - raft.server.rpc.timeout.max = 5200ms (custom)
2019-09-24 23:23:14,306 [pool-87-thread-1] INFO  impl.RaftServerImpl (RaftServerImpl.java:<init>(95)) - a3290348-6ac5-4de5-b30b-c7902ea8fed4: new RaftServerImpl for group-1BBB9C408696:[e20300c2-033d-4ad5-a085-155d7a933709:192.168.151.66:45929, 69e28fe1-00c1-4445-ac62-1ecce60d6724:192.168.151.66:44017, a3290348-6ac5-4de5-b30b-c7902ea8fed4:192.168.151.66:41100] with ContainerStateMachine:uninitialized
2019-09-24 23:23:14,306 [pool-27-thread-1] INFO  server.RaftServerConfigKeys (ConfUtils.java:logGet(43)) - raft.server.rpcslowness.timeout = 120s (custom)
2019-09-24 23:23:14,306 [pool-87-thread-1] INFO  server.RaftServerConfigKeys (ConfUtils.java:logGet(43)) - raft.server.rpc.timeout.min = 5s (custom)
2019-09-24 23:23:14,306 [pool-27-thread-1] INFO  server.RaftServerConfigKeys (ConfUtils.java:logGet(43)) - raft.server.sleep.deviation.threshold = 300 (default)
2019-09-24 23:23:14,307 [pool-87-thread-1] INFO  server.RaftServerConfigKeys (ConfUtils.java:logGet(43)) - raft.server.rpc.timeout.max = 5200ms (custom)
2019-09-24 23:23:14,307 [pool-77-thread-1] INFO  impl.RaftServerImpl (RaftServerImpl.java:<init>(95)) - e20300c2-033d-4ad5-a085-155d7a933709: new RaftServerImpl for group-1BBB9C408696:[e20300c2-033d-4ad5-a085-155d7a933709:192.168.151.66:45929, 69e28fe1-00c1-4445-ac62-1ecce60d6724:192.168.151.66:44017, a3290348-6ac5-4de5-b30b-c7902ea8fed4:192.168.151.66:41100] with ContainerStateMachine:uninitialized
2019-09-24 23:23:14,307 [pool-27-thread-1] INFO  server.RaftServerConfigKeys (ConfUtils.java:logGet(43)) - raft.server.log.appender.install.snapshot.enabled = false (custom)
2019-09-24 23:23:14,307 [pool-77-thread-1] INFO  server.RaftServerConfigKeys (ConfUtils.java:logGet(43)) - raft.server.rpc.timeout.min = 5s (custom)
2019-09-24 23:23:14,307 [pool-87-thread-1] INFO  server.RaftServerConfigKeys (ConfUtils.java:logGet(43)) - raft.server.rpcslowness.timeout = 120s (custom)
2019-09-24 23:23:14,307 [pool-77-thread-1] INFO  server.RaftServerConfigKeys (ConfUtils.java:logGet(43)) - raft.server.rpc.timeout.max = 5200ms (custom)
2019-09-24 23:23:14,307 [pool-27-thread-1] INFO  impl.RaftServerImpl (ServerState.java:<init>(103)) - 69e28fe1-00c1-4445-ac62-1ecce60d6724@group-1BBB9C408696: ConfigurationManager, init=-1: [e20300c2-033d-4ad5-a085-155d7a933709:192.168.151.66:45929, 69e28fe1-00c1-4445-ac62-1ecce60d6724:192.168.151.66:44017, a3290348-6ac5-4de5-b30b-c7902ea8fed4:192.168.151.66:41100], old=null, confs=<EMPTY_MAP>
2019-09-24 23:23:14,308 [pool-77-thread-1] INFO  server.RaftServerConfigKeys (ConfUtils.java:logGet(43)) - raft.server.rpcslowness.timeout = 120s (custom)
2019-09-24 23:23:14,308 [pool-87-thread-1] INFO  server.RaftServerConfigKeys (ConfUtils.java:logGet(43)) - raft.server.sleep.deviation.threshold = 300 (default)
2019-09-24 23:23:14,308 [pool-77-thread-1] INFO  server.RaftServerConfigKeys (ConfUtils.java:logGet(43)) - raft.server.sleep.deviation.threshold = 300 (default)
2019-09-24 23:23:14,309 [pool-87-thread-1] INFO  server.RaftServerConfigKeys (ConfUtils.java:logGet(43)) - raft.server.log.appender.install.snapshot.enabled = false (custom)
2019-09-24 23:23:14,309 [pool-27-thread-1] INFO  server.RaftServerConfigKeys (ConfUtils.java:logGet(43)) - raft.server.storage.dir = [/workdir/hadoop-ozone/integration-test/target/test-dir/MiniOzoneClusterImpl-8c4156f6-ba4f-4261-a5fa-d2631acace6e/datanode-0/data/ratis] (custom)
2019-09-24 23:23:14,309 [pool-77-thread-1] INFO  server.RaftServerConfigKeys (ConfUtils.java:logGet(43)) - raft.server.log.appender.install.snapshot.enabled = false (custom)
2019-09-24 23:23:14,309 [pool-87-thread-1] INFO  impl.RaftServerImpl (ServerState.java:<init>(103)) - a3290348-6ac5-4de5-b30b-c7902ea8fed4@group-1BBB9C408696: ConfigurationManager, init=-1: [e20300c2-033d-4ad5-a085-155d7a933709:192.168.151.66:45929, 69e28fe1-00c1-4445-ac62-1ecce60d6724:192.168.151.66:44017, a3290348-6ac5-4de5-b30b-c7902ea8fed4:192.168.151.66:41100], old=null, confs=<EMPTY_MAP>
2019-09-24 23:23:14,309 [pool-77-thread-1] INFO  impl.RaftServerImpl (ServerState.java:<init>(103)) - e20300c2-033d-4ad5-a085-155d7a933709@group-1BBB9C408696: ConfigurationManager, init=-1: [e20300c2-033d-4ad5-a085-155d7a933709:192.168.151.66:45929, 69e28fe1-00c1-4445-ac62-1ecce60d6724:192.168.151.66:44017, a3290348-6ac5-4de5-b30b-c7902ea8fed4:192.168.151.66:41100], old=null, confs=<EMPTY_MAP>
2019-09-24 23:23:14,310 [pool-87-thread-1] INFO  server.RaftServerConfigKeys (ConfUtils.java:logGet(43)) - raft.server.storage.dir = [/workdir/hadoop-ozone/integration-test/target/test-dir/MiniOzoneClusterImpl-8c4156f6-ba4f-4261-a5fa-d2631acace6e/datanode-6/data/ratis] (custom)
2019-09-24 23:23:14,310 [pool-77-thread-1] INFO  server.RaftServerConfigKeys (ConfUtils.java:logGet(43)) - raft.server.storage.dir = [/workdir/hadoop-ozone/integration-test/target/test-dir/MiniOzoneClusterImpl-8c4156f6-ba4f-4261-a5fa-d2631acace6e/datanode-5/data/ratis] (custom)
2019-09-24 23:23:14,310 [pool-27-thread-1] INFO  storage.RaftStorageDirectory (RaftStorageDirectory.java:analyzeStorage(246)) - The storage directory /workdir/hadoop-ozone/integration-test/target/test-dir/MiniOzoneClusterImpl-8c4156f6-ba4f-4261-a5fa-d2631acace6e/datanode-0/data/ratis/300f194e-2a01-4554-b7dd-1bbb9c408696 does not exist. Creating ...
2019-09-24 23:23:14,310 [pool-87-thread-1] INFO  storage.RaftStorageDirectory (RaftStorageDirectory.java:analyzeStorage(246)) - The storage directory /workdir/hadoop-ozone/integration-test/target/test-dir/MiniOzoneClusterImpl-8c4156f6-ba4f-4261-a5fa-d2631acace6e/datanode-6/data/ratis/300f194e-2a01-4554-b7dd-1bbb9c408696 does not exist. Creating ...
2019-09-24 23:23:14,310 [pool-77-thread-1] INFO  storage.RaftStorageDirectory (RaftStorageDirectory.java:analyzeStorage(246)) - The storage directory /workdir/hadoop-ozone/integration-test/target/test-dir/MiniOzoneClusterImpl-8c4156f6-ba4f-4261-a5fa-d2631acace6e/datanode-5/data/ratis/300f194e-2a01-4554-b7dd-1bbb9c408696 does not exist. Creating ...
2019-09-24 23:23:14,324 [pool-27-thread-1] INFO  storage.RaftStorageDirectory (RaftStorageDirectory.java:tryLock(328)) - Lock on /workdir/hadoop-ozone/integration-test/target/test-dir/MiniOzoneClusterImpl-8c4156f6-ba4f-4261-a5fa-d2631acace6e/datanode-0/data/ratis/300f194e-2a01-4554-b7dd-1bbb9c408696/in_use.lock acquired by nodename 27986@pr-hdds-2162-v2v4x-1150571016
2019-09-24 23:23:14,324 [pool-87-thread-1] INFO  storage.RaftStorageDirectory (RaftStorageDirectory.java:tryLock(328)) - Lock on /workdir/hadoop-ozone/integration-test/target/test-dir/MiniOzoneClusterImpl-8c4156f6-ba4f-4261-a5fa-d2631acace6e/datanode-6/data/ratis/300f194e-2a01-4554-b7dd-1bbb9c408696/in_use.lock acquired by nodename 27986@pr-hdds-2162-v2v4x-1150571016
2019-09-24 23:23:14,324 [pool-77-thread-1] INFO  storage.RaftStorageDirectory (RaftStorageDirectory.java:tryLock(328)) - Lock on /workdir/hadoop-ozone/integration-test/target/test-dir/MiniOzoneClusterImpl-8c4156f6-ba4f-4261-a5fa-d2631acace6e/datanode-5/data/ratis/300f194e-2a01-4554-b7dd-1bbb9c408696/in_use.lock acquired by nodename 27986@pr-hdds-2162-v2v4x-1150571016
2019-09-24 23:23:14,349 [pool-77-thread-1] INFO  storage.RaftStorage (RaftStorage.java:format(72)) - Storage directory /workdir/hadoop-ozone/integration-test/target/test-dir/MiniOzoneClusterImpl-8c4156f6-ba4f-4261-a5fa-d2631acace6e/datanode-5/data/ratis/300f194e-2a01-4554-b7dd-1bbb9c408696 has been successfully formatted.
2019-09-24 23:23:14,349 [pool-27-thread-1] INFO  storage.RaftStorage (RaftStorage.java:format(72)) - Storage directory /workdir/hadoop-ozone/integration-test/target/test-dir/MiniOzoneClusterImpl-8c4156f6-ba4f-4261-a5fa-d2631acace6e/datanode-0/data/ratis/300f194e-2a01-4554-b7dd-1bbb9c408696 has been successfully formatted.
2019-09-24 23:23:14,349 [pool-87-thread-1] INFO  storage.RaftStorage (RaftStorage.java:format(72)) - Storage directory /workdir/hadoop-ozone/integration-test/target/test-dir/MiniOzoneClusterImpl-8c4156f6-ba4f-4261-a5fa-d2631acace6e/datanode-6/data/ratis/300f194e-2a01-4554-b7dd-1bbb9c408696 has been successfully formatted.
2019-09-24 23:23:14,349 [pool-77-thread-1] INFO  ratis.ContainerStateMachine (ContainerStateMachine.java:loadSnapshot(230)) - group-1BBB9C408696: The snapshot info is null. Setting the last applied indexto:(t:0, i:~)
2019-09-24 23:23:14,349 [pool-27-thread-1] INFO  ratis.ContainerStateMachine (ContainerStateMachine.java:loadSnapshot(230)) - group-1BBB9C408696: The snapshot info is null. Setting the last applied indexto:(t:0, i:~)
2019-09-24 23:23:14,350 [pool-77-thread-1] INFO  server.RaftServerConfigKeys (ConfUtils.java:logGet(43)) - raft.server.notification.no-leader.timeout = 120s (custom)
2019-09-24 23:23:14,350 [pool-87-thread-1] INFO  ratis.ContainerStateMachine (ContainerStateMachine.java:loadSnapshot(230)) - group-1BBB9C408696: The snapshot info is null. Setting the last applied indexto:(t:0, i:~)
2019-09-24 23:23:14,350 [pool-77-thread-1] INFO  server.RaftServerConfigKeys (ConfUtils.java:logGet(43)) - raft.server.log.use.memory = false (default)
2019-09-24 23:23:14,350 [pool-27-thread-1] INFO  server.RaftServerConfigKeys (ConfUtils.java:logGet(43)) - raft.server.notification.no-leader.timeout = 120s (custom)
2019-09-24 23:23:14,350 [pool-77-thread-1] INFO  server.RaftServerConfigKeys (ConfUtils.java:logGet(43)) - raft.server.log.purge.gap = 1000000 (custom)
2019-09-24 23:23:14,350 [pool-87-thread-1] INFO  server.RaftServerConfigKeys (ConfUtils.java:logGet(43)) - raft.server.notification.no-leader.timeout = 120s (custom)
2019-09-24 23:23:14,351 [pool-77-thread-1] INFO  server.RaftServerConfigKeys (ConfUtils.java:logGet(43)) - raft.server.log.appender.buffer.byte-limit = 33554432 (custom)
2019-09-24 23:23:14,351 [pool-27-thread-1] INFO  server.RaftServerConfigKeys (ConfUtils.java:logGet(43)) - raft.server.log.use.memory = false (default)
2019-09-24 23:23:14,351 [pool-77-thread-1] INFO  server.RaftServerConfigKeys (ConfUtils.java:logGet(43)) - raft.server.log.segment.size.max = 1048576 (custom)
2019-09-24 23:23:14,351 [pool-87-thread-1] INFO  server.RaftServerConfigKeys (ConfUtils.java:logGet(43)) - raft.server.log.use.memory = false (default)
2019-09-24 23:23:14,352 [pool-77-thread-1] INFO  server.RaftServerConfigKeys (ConfUtils.java:logGet(43)) - raft.server.log.segment.cache.num.max = 2 (custom)
2019-09-24 23:23:14,351 [pool-27-thread-1] INFO  server.RaftServerConfigKeys (ConfUtils.java:logGet(43)) - raft.server.log.purge.gap = 1000000 (custom)
2019-09-24 23:23:14,352 [pool-77-thread-1] INFO  segmented.SegmentedRaftLogWorker (SegmentedRaftLogWorker.java:<init>(172)) - new e20300c2-033d-4ad5-a085-155d7a933709@group-1BBB9C408696-SegmentedRaftLogWorker for RaftStorage:Storage Directory /workdir/hadoop-ozone/integration-test/target/test-dir/MiniOzoneClusterImpl-8c4156f6-ba4f-4261-a5fa-d2631acace6e/datanode-5/data/ratis/300f194e-2a01-4554-b7dd-1bbb9c408696
2019-09-24 23:23:14,352 [pool-87-thread-1] INFO  server.RaftServerConfigKeys (ConfUtils.java:logGet(43)) - raft.server.log.purge.gap = 1000000 (custom)
2019-09-24 23:23:14,352 [pool-77-thread-1] INFO  server.RaftServerConfigKeys (ConfUtils.java:logGet(43)) - raft.server.log.queue.byte-limit = 2147483647 (custom)
2019-09-24 23:23:14,352 [pool-27-thread-1] INFO  server.RaftServerConfigKeys (ConfUtils.java:logGet(43)) - raft.server.log.appender.buffer.byte-limit = 33554432 (custom)
2019-09-24 23:23:14,353 [pool-77-thread-1] INFO  server.RaftServerConfigKeys (ConfUtils.java:logGet(43)) - raft.server.log.queue.element-limit = 1024 (custom)
2019-09-24 23:23:14,352 [pool-87-thread-1] INFO  server.RaftServerConfigKeys (ConfUtils.java:logGet(43)) - raft.server.log.appender.buffer.byte-limit = 33554432 (custom)
2019-09-24 23:23:14,353 [pool-77-thread-1] INFO  server.RaftServerConfigKeys (ConfUtils.java:logGet(43)) - raft.server.log.segment.size.max = 1048576 (custom)
2019-09-24 23:23:14,353 [pool-27-thread-1] INFO  server.RaftServerConfigKeys (ConfUtils.java:logGet(43)) - raft.server.log.segment.size.max = 1048576 (custom)
2019-09-24 23:23:14,353 [pool-77-thread-1] INFO  server.RaftServerConfigKeys (ConfUtils.java:logGet(43)) - raft.server.log.preallocated.size = 16384 (custom)
2019-09-24 23:23:14,353 [pool-87-thread-1] INFO  server.RaftServerConfigKeys (ConfUtils.java:logGet(43)) - raft.server.log.segment.size.max = 1048576 (custom)
2019-09-24 23:23:14,354 [pool-77-thread-1] INFO  server.RaftServerConfigKeys (ConfUtils.java:logGet(43)) - raft.server.log.write.buffer.size = 33554432 (custom)
2019-09-24 23:23:14,353 [pool-27-thread-1] INFO  server.RaftServerConfigKeys (ConfUtils.java:logGet(43)) - raft.server.log.segment.cache.num.max = 2 (custom)
2019-09-24 23:23:14,354 [pool-77-thread-1] INFO  server.RaftServerConfigKeys (ConfUtils.java:logGet(43)) - raft.server.log.force.sync.num = 128 (default)
2019-09-24 23:23:14,354 [pool-87-thread-1] INFO  server.RaftServerConfigKeys (ConfUtils.java:logGet(43)) - raft.server.log.segment.cache.num.max = 2 (custom)
2019-09-24 23:23:14,354 [pool-77-thread-1] INFO  server.RaftServerConfigKeys (ConfUtils.java:logGet(43)) - raft.server.log.statemachine.data.sync = true (default)
2019-09-24 23:23:14,354 [pool-27-thread-1] INFO  segmented.SegmentedRaftLogWorker (SegmentedRaftLogWorker.java:<init>(172)) - new 69e28fe1-00c1-4445-ac62-1ecce60d6724@group-1BBB9C408696-SegmentedRaftLogWorker for RaftStorage:Storage Directory /workdir/hadoop-ozone/integration-test/target/test-dir/MiniOzoneClusterImpl-8c4156f6-ba4f-4261-a5fa-d2631acace6e/datanode-0/data/ratis/300f194e-2a01-4554-b7dd-1bbb9c408696
2019-09-24 23:23:14,355 [pool-77-thread-1] INFO  server.RaftServerConfigKeys (ConfUtils.java:logGet(43)) - raft.server.log.statemachine.data.sync.timeout = 10s (default)
2019-09-24 23:23:14,354 [pool-87-thread-1] INFO  segmented.SegmentedRaftLogWorker (SegmentedRaftLogWorker.java:<init>(172)) - new a3290348-6ac5-4de5-b30b-c7902ea8fed4@group-1BBB9C408696-SegmentedRaftLogWorker for RaftStorage:Storage Directory /workdir/hadoop-ozone/integration-test/target/test-dir/MiniOzoneClusterImpl-8c4156f6-ba4f-4261-a5fa-d2631acace6e/datanode-6/data/ratis/300f194e-2a01-4554-b7dd-1bbb9c408696
2019-09-24 23:23:14,355 [pool-77-thread-1] INFO  server.RaftServerConfigKeys (ConfUtils.java:logGet(43)) - raft.server.log.statemachine.data.sync.timeout.retry = -1 (default)
2019-09-24 23:23:14,355 [pool-27-thread-1] INFO  server.RaftServerConfigKeys (ConfUtils.java:logGet(43)) - raft.server.log.queue.byte-limit = 2147483647 (custom)
2019-09-24 23:23:14,355 [pool-87-thread-1] INFO  server.RaftServerConfigKeys (ConfUtils.java:logGet(43)) - raft.server.log.queue.byte-limit = 2147483647 (custom)
2019-09-24 23:23:14,356 [pool-27-thread-1] INFO  server.RaftServerConfigKeys (ConfUtils.java:logGet(43)) - raft.server.log.queue.element-limit = 1024 (custom)
2019-09-24 23:23:14,356 [pool-77-thread-1] INFO  server.RaftServerConfigKeys (ConfUtils.java:logGet(43)) - raft.server.log.statemachine.data.caching.enabled = true (custom)
2019-09-24 23:23:14,356 [pool-27-thread-1] INFO  server.RaftServerConfigKeys (ConfUtils.java:logGet(43)) - raft.server.log.segment.size.max = 1048576 (custom)
2019-09-24 23:23:14,356 [pool-87-thread-1] INFO  server.RaftServerConfigKeys (ConfUtils.java:logGet(43)) - raft.server.log.queue.element-limit = 1024 (custom)
2019-09-24 23:23:14,356 [pool-27-thread-1] INFO  server.RaftServerConfigKeys (ConfUtils.java:logGet(43)) - raft.server.log.preallocated.size = 16384 (custom)
2019-09-24 23:23:14,357 [pool-87-thread-1] INFO  server.RaftServerConfigKeys (ConfUtils.java:logGet(43)) - raft.server.log.segment.size.max = 1048576 (custom)
2019-09-24 23:23:14,356 [pool-77-thread-1] INFO  segmented.SegmentedRaftLogWorker (SegmentedRaftLogWorker.java:lambda$new$0(132)) - e20300c2-033d-4ad5-a085-155d7a933709@group-1BBB9C408696-SegmentedRaftLogWorker: flushIndex: setUnconditionally 0 -> -1
2019-09-24 23:23:14,357 [pool-87-thread-1] INFO  server.RaftServerConfigKeys (ConfUtils.java:logGet(43)) - raft.server.log.preallocated.size = 16384 (custom)
2019-09-24 23:23:14,357 [pool-27-thread-1] INFO  server.RaftServerConfigKeys (ConfUtils.java:logGet(43)) - raft.server.log.write.buffer.size = 33554432 (custom)
2019-09-24 23:23:14,357 [pool-87-thread-1] INFO  server.RaftServerConfigKeys (ConfUtils.java:logGet(43)) - raft.server.log.write.buffer.size = 33554432 (custom)
2019-09-24 23:23:14,358 [pool-77-thread-1] INFO  server.RaftServerConfigKeys (ConfUtils.java:logGet(43)) - raft.server.snapshot.auto.trigger.enabled = true (custom)
2019-09-24 23:23:14,357 [pool-27-thread-1] INFO  server.RaftServerConfigKeys (ConfUtils.java:logGet(43)) - raft.server.log.force.sync.num = 128 (default)
2019-09-24 23:23:14,358 [pool-77-thread-1] INFO  server.RaftServerConfigKeys (ConfUtils.java:logGet(43)) - raft.server.snapshot.auto.trigger.threshold = 10000 (custom)
2019-09-24 23:23:14,358 [pool-87-thread-1] INFO  server.RaftServerConfigKeys (ConfUtils.java:logGet(43)) - raft.server.log.force.sync.num = 128 (default)
2019-09-24 23:23:14,358 [pool-77-thread-1] INFO  server.RaftServerConfigKeys (ConfUtils.java:logGet(43)) - raft.server.snapshot.retention.num.files = 5 (custom)
2019-09-24 23:23:14,358 [pool-27-thread-1] INFO  server.RaftServerConfigKeys (ConfUtils.java:logGet(43)) - raft.server.log.statemachine.data.sync = true (default)
2019-09-24 23:23:14,359 [pool-77-thread-1] INFO  server.RaftServerConfigKeys (ConfUtils.java:logGet(43)) - raft.server.retrycache.expirytime = 600000ms (custom)
2019-09-24 23:23:14,358 [pool-87-thread-1] INFO  server.RaftServerConfigKeys (ConfUtils.java:logGet(43)) - raft.server.log.statemachine.data.sync = true (default)
2019-09-24 23:23:14,359 [pool-27-thread-1] INFO  server.RaftServerConfigKeys (ConfUtils.java:logGet(43)) - raft.server.log.statemachine.data.sync.timeout = 10s (default)
2019-09-24 23:23:14,359 [pool-87-thread-1] INFO  server.RaftServerConfigKeys (ConfUtils.java:logGet(43)) - raft.server.log.statemachine.data.sync.timeout = 10s (default)
2019-09-24 23:23:14,359 [pool-27-thread-1] INFO  server.RaftServerConfigKeys (ConfUtils.java:logGet(43)) - raft.server.log.statemachine.data.sync.timeout.retry = -1 (default)
2019-09-24 23:23:14,359 [pool-87-thread-1] INFO  server.RaftServerConfigKeys (ConfUtils.java:logGet(43)) - raft.server.log.statemachine.data.sync.timeout.retry = -1 (default)
2019-09-24 23:23:14,360 [pool-27-thread-1] INFO  server.RaftServerConfigKeys (ConfUtils.java:logGet(43)) - raft.server.log.statemachine.data.caching.enabled = true (custom)
2019-09-24 23:23:14,360 [pool-87-thread-1] INFO  server.RaftServerConfigKeys (ConfUtils.java:logGet(43)) - raft.server.log.statemachine.data.caching.enabled = true (custom)
2019-09-24 23:23:14,360 [pool-27-thread-1] INFO  segmented.SegmentedRaftLogWorker (SegmentedRaftLogWorker.java:lambda$new$0(132)) - 69e28fe1-00c1-4445-ac62-1ecce60d6724@group-1BBB9C408696-SegmentedRaftLogWorker: flushIndex: setUnconditionally 0 -> -1
2019-09-24 23:23:14,360 [pool-87-thread-1] INFO  segmented.SegmentedRaftLogWorker (SegmentedRaftLogWorker.java:lambda$new$0(132)) - a3290348-6ac5-4de5-b30b-c7902ea8fed4@group-1BBB9C408696-SegmentedRaftLogWorker: flushIndex: setUnconditionally 0 -> -1
2019-09-24 23:23:14,361 [pool-27-thread-1] INFO  server.RaftServerConfigKeys (ConfUtils.java:logGet(43)) - raft.server.snapshot.auto.trigger.enabled = true (custom)
2019-09-24 23:23:14,361 [pool-27-thread-1] INFO  server.RaftServerConfigKeys (ConfUtils.java:logGet(43)) - raft.server.snapshot.auto.trigger.threshold = 10000 (custom)
2019-09-24 23:23:14,361 [pool-87-thread-1] INFO  server.RaftServerConfigKeys (ConfUtils.java:logGet(43)) - raft.server.snapshot.auto.trigger.enabled = true (custom)
2019-09-24 23:23:14,361 [pool-27-thread-1] INFO  server.RaftServerConfigKeys (ConfUtils.java:logGet(43)) - raft.server.snapshot.retention.num.files = 5 (custom)
2019-09-24 23:23:14,361 [pool-87-thread-1] INFO  server.RaftServerConfigKeys (ConfUtils.java:logGet(43)) - raft.server.snapshot.auto.trigger.threshold = 10000 (custom)
2019-09-24 23:23:14,362 [pool-27-thread-1] INFO  server.RaftServerConfigKeys (ConfUtils.java:logGet(43)) - raft.server.retrycache.expirytime = 600000ms (custom)
2019-09-24 23:23:14,362 [pool-87-thread-1] INFO  server.RaftServerConfigKeys (ConfUtils.java:logGet(43)) - raft.server.snapshot.retention.num.files = 5 (custom)
2019-09-24 23:23:14,362 [pool-87-thread-1] INFO  server.RaftServerConfigKeys (ConfUtils.java:logGet(43)) - raft.server.retrycache.expirytime = 600000ms (custom)
2019-09-24 23:23:14,363 [pool-77-thread-1] INFO  impl.RaftServerImpl (RaftServerImpl.java:start(185)) - e20300c2-033d-4ad5-a085-155d7a933709@group-1BBB9C408696: start as a follower, conf=-1: [e20300c2-033d-4ad5-a085-155d7a933709:192.168.151.66:45929, 69e28fe1-00c1-4445-ac62-1ecce60d6724:192.168.151.66:44017, a3290348-6ac5-4de5-b30b-c7902ea8fed4:192.168.151.66:41100], old=null
2019-09-24 23:23:14,363 [pool-77-thread-1] INFO  impl.RaftServerImpl (RaftServerImpl.java:setRole(174)) - e20300c2-033d-4ad5-a085-155d7a933709@group-1BBB9C408696: changes role from      null to FOLLOWER at term 0 for startAsFollower
2019-09-24 23:23:14,364 [pool-77-thread-1] INFO  impl.RoleInfo (RoleInfo.java:updateAndGet(143)) - e20300c2-033d-4ad5-a085-155d7a933709: start FollowerState
2019-09-24 23:23:14,364 [pool-77-thread-1] INFO  util.JmxRegister (JmxRegister.java:tryRegister(44)) - Successfully registered JMX Bean with object name Ratis:service=RaftServer,group=group-1BBB9C408696,id=e20300c2-033d-4ad5-a085-155d7a933709
2019-09-24 23:23:14,365 [pool-27-thread-1] INFO  impl.RaftServerImpl (RaftServerImpl.java:start(185)) - 69e28fe1-00c1-4445-ac62-1ecce60d6724@group-1BBB9C408696: start as a follower, conf=-1: [e20300c2-033d-4ad5-a085-155d7a933709:192.168.151.66:45929, 69e28fe1-00c1-4445-ac62-1ecce60d6724:192.168.151.66:44017, a3290348-6ac5-4de5-b30b-c7902ea8fed4:192.168.151.66:41100], old=null
2019-09-24 23:23:14,366 [pool-27-thread-1] INFO  impl.RaftServerImpl (RaftServerImpl.java:setRole(174)) - 69e28fe1-00c1-4445-ac62-1ecce60d6724@group-1BBB9C408696: changes role from      null to FOLLOWER at term 0 for startAsFollower
2019-09-24 23:23:14,366 [pool-27-thread-1] INFO  impl.RoleInfo (RoleInfo.java:updateAndGet(143)) - 69e28fe1-00c1-4445-ac62-1ecce60d6724: start FollowerState
2019-09-24 23:23:14,366 [pool-87-thread-1] INFO  impl.RaftServerImpl (RaftServerImpl.java:start(185)) - a3290348-6ac5-4de5-b30b-c7902ea8fed4@group-1BBB9C408696: start as a follower, conf=-1: [e20300c2-033d-4ad5-a085-155d7a933709:192.168.151.66:45929, 69e28fe1-00c1-4445-ac62-1ecce60d6724:192.168.151.66:44017, a3290348-6ac5-4de5-b30b-c7902ea8fed4:192.168.151.66:41100], old=null
2019-09-24 23:23:14,366 [pool-87-thread-1] INFO  impl.RaftServerImpl (RaftServerImpl.java:setRole(174)) - a3290348-6ac5-4de5-b30b-c7902ea8fed4@group-1BBB9C408696: changes role from      null to FOLLOWER at term 0 for startAsFollower
2019-09-24 23:23:14,367 [pool-27-thread-1] INFO  util.JmxRegister (JmxRegister.java:tryRegister(44)) - Successfully registered JMX Bean with object name Ratis:service=RaftServer,group=group-1BBB9C408696,id=69e28fe1-00c1-4445-ac62-1ecce60d6724
2019-09-24 23:23:14,367 [pool-87-thread-1] INFO  impl.RoleInfo (RoleInfo.java:updateAndGet(143)) - a3290348-6ac5-4de5-b30b-c7902ea8fed4: start FollowerState
2019-09-24 23:23:14,367 [pool-87-thread-1] INFO  util.JmxRegister (JmxRegister.java:tryRegister(44)) - Successfully registered JMX Bean with object name Ratis:service=RaftServer,group=group-1BBB9C408696,id=a3290348-6ac5-4de5-b30b-c7902ea8fed4
2019-09-24 23:23:14,378 [RatisPipelineUtilsThread] INFO  pipeline.PipelineStateManager (PipelineStateManager.java:addPipeline(56)) - Created pipeline Pipeline[ Id: 300f194e-2a01-4554-b7dd-1bbb9c408696, Nodes: 69e28fe1-00c1-4445-ac62-1ecce60d6724{ip: 192.168.151.66, host: pr-hdds-2162-v2v4x-1150571016, networkLocation: /default-rack, certSerialId: null}a3290348-6ac5-4de5-b30b-c7902ea8fed4{ip: 192.168.151.66, host: pr-hdds-2162-v2v4x-1150571016, networkLocation: /default-rack, certSerialId: null}e20300c2-033d-4ad5-a085-155d7a933709{ip: 192.168.151.66, host: pr-hdds-2162-v2v4x-1150571016, networkLocation: /default-rack, certSerialId: null}, Type:RATIS, Factor:THREE, State:OPEN]
2019-09-24 23:23:14,688 [main] INFO  ozoneimpl.OzoneContainer (OzoneContainer.java:stop(231)) - Attempting to stop container services.
2019-09-24 23:23:14,689 [main] INFO  impl.RaftServerProxy (RaftServerProxy.java:lambda$close$4(314)) - 689e79db-c0a9-475a-9361-b09b91adf7c9: close
2019-09-24 23:23:14,690 [main] INFO  impl.RaftServerImpl (RaftServerImpl.java:lambda$shutdown$3(251)) - 689e79db-c0a9-475a-9361-b09b91adf7c9@group-C2974B5F8EBA: shutdown
2019-09-24 23:23:14,690 [main] INFO  util.JmxRegister (JmxRegister.java:unregister(73)) - Successfully un-registered JMX Bean with object name Ratis:service=RaftServer,group=group-C2974B5F8EBA,id=689e79db-c0a9-475a-9361-b09b91adf7c9
2019-09-24 23:23:14,690 [main] INFO  impl.RoleInfo (RoleInfo.java:shutdownLeaderState(104)) - 689e79db-c0a9-475a-9361-b09b91adf7c9: shutdown LeaderState
2019-09-24 23:23:14,691 [main] INFO  impl.PendingRequests (PendingRequests.java:sendNotLeaderResponses(202)) - 689e79db-c0a9-475a-9361-b09b91adf7c9-PendingRequests: sendNotLeaderResponses
2019-09-24 23:23:14,692 [main] INFO  impl.StateMachineUpdater (StateMachineUpdater.java:stopAndJoin(125)) - 689e79db-c0a9-475a-9361-b09b91adf7c9@group-C2974B5F8EBA-StateMachineUpdater: set stopIndex = 0
2019-09-24 23:23:14,692 [ForkJoinPool.commonPool-worker-0] INFO  ozoneimpl.OzoneContainer (OzoneContainer.java:stop(231)) - Attempting to stop container services.
2019-09-24 23:23:14,694 [main] INFO  impl.RaftServerImpl (ServerState.java:close(385)) - 689e79db-c0a9-475a-9361-b09b91adf7c9@group-C2974B5F8EBA: closes. applyIndex: 0
2019-09-24 23:23:14,695 [ForkJoinPool.commonPool-worker-0] INFO  impl.RaftServerProxy (RaftServerProxy.java:lambda$close$4(314)) - 5930ff46-859e-45ff-a1c3-694564283812: close
2019-09-24 23:23:14,695 [689e79db-c0a9-475a-9361-b09b91adf7c9@group-C2974B5F8EBA-SegmentedRaftLogWorker] INFO  segmented.SegmentedRaftLogWorker (SegmentedRaftLogWorker.java:run(313)) - 689e79db-c0a9-475a-9361-b09b91adf7c9@group-C2974B5F8EBA-SegmentedRaftLogWorker was interrupted, exiting. There are 0 tasks remaining in the queue.
2019-09-24 23:23:14,695 [ForkJoinPool.commonPool-worker-0] INFO  impl.RaftServerImpl (RaftServerImpl.java:lambda$shutdown$3(251)) - 5930ff46-859e-45ff-a1c3-694564283812@group-1AC46BC061F5: shutdown
2019-09-24 23:23:14,697 [main] INFO  segmented.SegmentedRaftLogWorker (SegmentedRaftLogWorker.java:close(228)) - 689e79db-c0a9-475a-9361-b09b91adf7c9@group-C2974B5F8EBA-SegmentedRaftLogWorker close()
2019-09-24 23:23:14,697 [ForkJoinPool.commonPool-worker-0] INFO  util.JmxRegister (JmxRegister.java:unregister(73)) - Successfully un-registered JMX Bean with object name Ratis:service=RaftServer,group=group-1AC46BC061F5,id=5930ff46-859e-45ff-a1c3-694564283812
2019-09-24 23:23:14,701 [main] INFO  impl.RaftServerImpl (RaftServerImpl.java:lambda$shutdown$3(251)) - 689e79db-c0a9-475a-9361-b09b91adf7c9@group-5AC1E90E483A: shutdown
2019-09-24 23:23:14,701 [ForkJoinPool.commonPool-worker-0] INFO  impl.RoleInfo (RoleInfo.java:shutdownLeaderState(104)) - 5930ff46-859e-45ff-a1c3-694564283812: shutdown LeaderState
2019-09-24 23:23:14,702 [main] INFO  util.JmxRegister (JmxRegister.java:unregister(73)) - Successfully un-registered JMX Bean with object name Ratis:service=RaftServer,group=group-5AC1E90E483A,id=689e79db-c0a9-475a-9361-b09b91adf7c9
2019-09-24 23:23:14,702 [ForkJoinPool.commonPool-worker-0] INFO  impl.PendingRequests (PendingRequests.java:sendNotLeaderResponses(202)) - 5930ff46-859e-45ff-a1c3-694564283812-PendingRequests: sendNotLeaderResponses
2019-09-24 23:23:14,702 [main] INFO  impl.RoleInfo (RoleInfo.java:shutdownLeaderState(104)) - 689e79db-c0a9-475a-9361-b09b91adf7c9: shutdown LeaderState
2019-09-24 23:23:14,703 [ForkJoinPool.commonPool-worker-0] INFO  impl.StateMachineUpdater (StateMachineUpdater.java:stopAndJoin(125)) - 5930ff46-859e-45ff-a1c3-694564283812@group-1AC46BC061F5-StateMachineUpdater: set stopIndex = 0
2019-09-24 23:23:14,707 [main] INFO  impl.PendingRequests (PendingRequests.java:sendNotLeaderResponses(202)) - 689e79db-c0a9-475a-9361-b09b91adf7c9-PendingRequests: sendNotLeaderResponses
2019-09-24 23:23:14,707 [ForkJoinPool.commonPool-worker-0] INFO  impl.RaftServerImpl (ServerState.java:close(385)) - 5930ff46-859e-45ff-a1c3-694564283812@group-1AC46BC061F5: closes. applyIndex: 0
2019-09-24 23:23:14,707 [org.apache.ratis.server.impl.LogAppender$AppenderDaemon$$Lambda$400/337369290@55ecc588] WARN  server.GrpcLogAppender (GrpcLogAppender.java:mayWait(143)) - 689e79db-c0a9-475a-9361-b09b91adf7c9@group-5AC1E90E483A->e20300c2-033d-4ad5-a085-155d7a933709-GrpcLogAppender: Wait interrupted by java.lang.InterruptedException
2019-09-24 23:23:14,707 [org.apache.ratis.server.impl.LogAppender$AppenderDaemon$$Lambda$400/337369290@7e065934] WARN  server.GrpcLogAppender (GrpcLogAppender.java:mayWait(143)) - 689e79db-c0a9-475a-9361-b09b91adf7c9@group-5AC1E90E483A->5930ff46-859e-45ff-a1c3-694564283812-GrpcLogAppender: Wait interrupted by java.lang.InterruptedException
2019-09-24 23:23:14,708 [5930ff46-859e-45ff-a1c3-694564283812@group-1AC46BC061F5-SegmentedRaftLogWorker] INFO  segmented.SegmentedRaftLogWorker (SegmentedRaftLogWorker.java:run(313)) - 5930ff46-859e-45ff-a1c3-694564283812@group-1AC46BC061F5-SegmentedRaftLogWorker was interrupted, exiting. There are 0 tasks remaining in the queue.
2019-09-24 23:23:14,707 [main] INFO  impl.StateMachineUpdater (StateMachineUpdater.java:stopAndJoin(125)) - 689e79db-c0a9-475a-9361-b09b91adf7c9@group-5AC1E90E483A-StateMachineUpdater: set stopIndex = 0
2019-09-24 23:23:14,710 [main] INFO  impl.RaftServerImpl (ServerState.java:close(385)) - 689e79db-c0a9-475a-9361-b09b91adf7c9@group-5AC1E90E483A: closes. applyIndex: 0
2019-09-24 23:23:14,710 [ForkJoinPool.commonPool-worker-0] INFO  segmented.SegmentedRaftLogWorker (SegmentedRaftLogWorker.java:close(228)) - 5930ff46-859e-45ff-a1c3-694564283812@group-1AC46BC061F5-SegmentedRaftLogWorker close()
2019-09-24 23:23:14,716 [ForkJoinPool.commonPool-worker-0] INFO  impl.RaftServerImpl (RaftServerImpl.java:lambda$shutdown$3(251)) - 5930ff46-859e-45ff-a1c3-694564283812@group-5AC1E90E483A: shutdown
2019-09-24 23:23:14,716 [689e79db-c0a9-475a-9361-b09b91adf7c9@group-5AC1E90E483A-SegmentedRaftLogWorker] INFO  segmented.SegmentedRaftLogWorker (SegmentedRaftLogWorker.java:run(313)) - 689e79db-c0a9-475a-9361-b09b91adf7c9@group-5AC1E90E483A-SegmentedRaftLogWorker was interrupted, exiting. There are 0 tasks remaining in the queue.
2019-09-24 23:23:14,717 [ForkJoinPool.commonPool-worker-0] INFO  util.JmxRegister (JmxRegister.java:unregister(73)) - Successfully un-registered JMX Bean with object name Ratis:service=RaftServer,group=group-5AC1E90E483A,id=5930ff46-859e-45ff-a1c3-694564283812
2019-09-24 23:23:14,719 [main] INFO  segmented.SegmentedRaftLogWorker (SegmentedRaftLogWorker.java:close(228)) - 689e79db-c0a9-475a-9361-b09b91adf7c9@group-5AC1E90E483A-SegmentedRaftLogWorker close()
2019-09-24 23:23:14,719 [grpc-default-executor-2] INFO  server.GrpcServerProtocolService (GrpcServerProtocolService.java:onCompleted(113)) - e20300c2-033d-4ad5-a085-155d7a933709: Completed APPEND_ENTRIES, lastRequest: 689e79db-c0a9-475a-9361-b09b91adf7c9->e20300c2-033d-4ad5-a085-155d7a933709#44-t2, previous=(t:2, i:0), leaderCommit=0, initializing? false, entries: <empty>
2019-09-24 23:23:14,719 [grpc-default-executor-3] INFO  server.GrpcServerProtocolService (GrpcServerProtocolService.java:onCompleted(113)) - 5930ff46-859e-45ff-a1c3-694564283812: Completed APPEND_ENTRIES, lastRequest: 689e79db-c0a9-475a-9361-b09b91adf7c9->5930ff46-859e-45ff-a1c3-694564283812#44-t2, previous=(t:2, i:0), leaderCommit=0, initializing? false, entries: <empty>
2019-09-24 23:23:14,719 [ForkJoinPool.commonPool-worker-0] INFO  impl.RoleInfo (RoleInfo.java:shutdownFollowerState(121)) - 5930ff46-859e-45ff-a1c3-694564283812: shutdown FollowerState
2019-09-24 23:23:14,724 [main] INFO  server.GrpcService (GrpcService.java:closeImpl(164)) - 689e79db-c0a9-475a-9361-b09b91adf7c9: shutdown server with port 41183 now
2019-09-24 23:23:14,724 [Thread-322] INFO  impl.FollowerState (FollowerState.java:run(115)) - 5930ff46-859e-45ff-a1c3-694564283812: FollowerState was interrupted: java.lang.InterruptedException: sleep interrupted
2019-09-24 23:23:14,724 [ForkJoinPool.commonPool-worker-0] INFO  impl.StateMachineUpdater (StateMachineUpdater.java:stopAndJoin(125)) - 5930ff46-859e-45ff-a1c3-694564283812@group-5AC1E90E483A-StateMachineUpdater: set stopIndex = 0
2019-09-24 23:23:14,729 [ForkJoinPool.commonPool-worker-0] INFO  impl.RaftServerImpl (ServerState.java:close(385)) - 5930ff46-859e-45ff-a1c3-694564283812@group-5AC1E90E483A: closes. applyIndex: 0
2019-09-24 23:23:14,731 [5930ff46-859e-45ff-a1c3-694564283812@group-5AC1E90E483A-SegmentedRaftLogWorker] INFO  segmented.SegmentedRaftLogWorker (SegmentedRaftLogWorker.java:run(313)) - 5930ff46-859e-45ff-a1c3-694564283812@group-5AC1E90E483A-SegmentedRaftLogWorker was interrupted, exiting. There are 0 tasks remaining in the queue.
2019-09-24 23:23:14,731 [main] INFO  server.GrpcService (GrpcService.java:closeImpl(172)) - 689e79db-c0a9-475a-9361-b09b91adf7c9: shutdown server with port 41183 successfully
2019-09-24 23:23:14,734 [grpc-default-executor-3] INFO  server.GrpcLogAppender (GrpcLogAppender.java:onError(282)) - 689e79db-c0a9-475a-9361-b09b91adf7c9@group-5AC1E90E483A->e20300c2-033d-4ad5-a085-155d7a933709-GrpcLogAppender is stopped
2019-09-24 23:23:14,733 [ForkJoinPool.commonPool-worker-0] INFO  segmented.SegmentedRaftLogWorker (SegmentedRaftLogWorker.java:close(228)) - 5930ff46-859e-45ff-a1c3-694564283812@group-5AC1E90E483A-SegmentedRaftLogWorker close()
2019-09-24 23:23:14,734 [grpc-default-executor-6] INFO  server.GrpcLogAppender (GrpcLogAppender.java:onError(282)) - 689e79db-c0a9-475a-9361-b09b91adf7c9@group-5AC1E90E483A->5930ff46-859e-45ff-a1c3-694564283812-GrpcLogAppender is stopped
2019-09-24 23:23:14,738 [ForkJoinPool.commonPool-worker-0] INFO  server.GrpcService (GrpcService.java:closeImpl(164)) - 5930ff46-859e-45ff-a1c3-694564283812: shutdown server with port 39468 now
2019-09-24 23:23:14,741 [refreshUsed-/workdir/hadoop-ozone/integration-test/target/test-dir/MiniOzoneClusterImpl-8c4156f6-ba4f-4261-a5fa-d2631acace6e/datanode-3/data/containers] WARN  fs.CachingGetSpaceUsed (CachingGetSpaceUsed.java:run(183)) - Thread Interrupted waiting to refresh disk information: sleep interrupted
2019-09-24 23:23:14,743 [ForkJoinPool.commonPool-worker-0] INFO  server.GrpcService (GrpcService.java:closeImpl(172)) - 5930ff46-859e-45ff-a1c3-694564283812: shutdown server with port 39468 successfully
2019-09-24 23:23:14,745 [refreshUsed-/workdir/hadoop-ozone/integration-test/target/test-dir/MiniOzoneClusterImpl-8c4156f6-ba4f-4261-a5fa-d2631acace6e/datanode-2/data/containers] WARN  fs.CachingGetSpaceUsed (CachingGetSpaceUsed.java:run(183)) - Thread Interrupted waiting to refresh disk information: sleep interrupted
2019-09-24 23:23:14,766 [ForkJoinPool.commonPool-worker-0] INFO  utils.BackgroundService (BackgroundService.java:shutdown(148)) - Shutting down service BlockDeletingService
2019-09-24 23:23:14,766 [main] INFO  utils.BackgroundService (BackgroundService.java:shutdown(148)) - Shutting down service BlockDeletingService
2019-09-24 23:23:14,771 [ForkJoinPool.commonPool-worker-0] INFO  statemachine.DatanodeStateMachine (DatanodeStateMachine.java:stopDaemon(395)) - Ozone container server stopped.
2019-09-24 23:23:14,776 [main] INFO  statemachine.DatanodeStateMachine (DatanodeStateMachine.java:stopDaemon(395)) - Ozone container server stopped.
2019-09-24 23:23:14,780 [ForkJoinPool.commonPool-worker-0] INFO  handler.ContextHandler (ContextHandler.java:doStop(910)) - Stopped o.e.j.w.WebAppContext@12e0f1cb{/,null,UNAVAILABLE}{/hddsDatanode}
2019-09-24 23:23:14,780 [main] INFO  handler.ContextHandler (ContextHandler.java:doStop(910)) - Stopped o.e.j.w.WebAppContext@38eb0f4d{/,null,UNAVAILABLE}{/hddsDatanode}
2019-09-24 23:23:14,781 [ForkJoinPool.commonPool-worker-0] INFO  server.AbstractConnector (AbstractConnector.java:doStop(318)) - Stopped ServerConnector@4a163575{HTTP/1.1,[http/1.1]}{0.0.0.0:0}
2019-09-24 23:23:14,781 [main] INFO  server.AbstractConnector (AbstractConnector.java:doStop(318)) - Stopped ServerConnector@437486cd{HTTP/1.1,[http/1.1]}{0.0.0.0:0}
2019-09-24 23:23:14,782 [ForkJoinPool.commonPool-worker-0] INFO  handler.ContextHandler (ContextHandler.java:doStop(910)) - Stopped o.e.j.s.ServletContextHandler@36681447{/static,jar:file:/home/user/.m2/repository/org/apache/hadoop/hadoop-hdds-container-service/0.5.0-SNAPSHOT/hadoop-hdds-container-service-0.5.0-SNAPSHOT.jar!/webapps/static,UNAVAILABLE}
2019-09-24 23:23:14,782 [main] INFO  handler.ContextHandler (ContextHandler.java:doStop(910)) - Stopped o.e.j.s.ServletContextHandler@97d0c06{/static,jar:file:/home/user/.m2/repository/org/apache/hadoop/hadoop-hdds-container-service/0.5.0-SNAPSHOT/hadoop-hdds-container-service-0.5.0-SNAPSHOT.jar!/webapps/static,UNAVAILABLE}
2019-09-24 23:23:14,784 [ForkJoinPool.commonPool-worker-0] INFO  handler.ContextHandler (ContextHandler.java:doStop(910)) - Stopped o.e.j.s.ServletContextHandler@77b919a3{/logs,file:///workdir/hadoop-ozone/integration-test/target/log,UNAVAILABLE}
2019-09-24 23:23:14,784 [main] INFO  handler.ContextHandler (ContextHandler.java:doStop(910)) - Stopped o.e.j.s.ServletContextHandler@41eb94bc{/logs,file:///workdir/hadoop-ozone/integration-test/target/log,UNAVAILABLE}
2019-09-24 23:23:14,970 [Datanode State Machine Thread - 0] INFO  statemachine.DatanodeStateMachine (DatanodeStateMachine.java:lambda$startDaemon$0(350)) - Ozone container server started.
2019-09-24 23:23:15,085 [grpc-default-executor-2] WARN  server.GrpcLogAppender (LogUtils.java:warn(134)) - 69e28fe1-00c1-4445-ac62-1ecce60d6724@group-950F7E900701->eb551bd8-dc24-44e0-bb3e-8d47f4074a43-AppendLogResponseHandler: Failed appendEntries: org.apache.ratis.thirdparty.io.grpc.StatusRuntimeException: UNAVAILABLE: io exception
2019-09-24 23:23:15,087 [grpc-default-executor-2] INFO  impl.FollowerInfo (FollowerInfo.java:lambda$new$0(51)) - 69e28fe1-00c1-4445-ac62-1ecce60d6724@group-950F7E900701->eb551bd8-dc24-44e0-bb3e-8d47f4074a43: nextIndex: updateUnconditionally 0 -> 0
2019-09-24 23:23:15,512 [Datanode State Machine Thread - 0] INFO  statemachine.DatanodeStateMachine (DatanodeStateMachine.java:lambda$startDaemon$0(350)) - Ozone container server started.
2019-09-24 23:23:17,020 [EventQueue-StaleNodeForStaleNodeHandler] INFO  node.StaleNodeHandler (StaleNodeHandler.java:onMessage(58)) - Datanode a3290348-6ac5-4de5-b30b-c7902ea8fed4{ip: 192.168.151.66, host: pr-hdds-2162-v2v4x-1150571016, networkLocation: /default-rack, certSerialId: null} moved to stale state. Finalizing its pipelines [PipelineID=efa1bdd2-7eb1-4120-82cf-e2f35b8d7347, PipelineID=300f194e-2a01-4554-b7dd-1bbb9c408696, PipelineID=899d1e79-d122-4f3e-802f-950f7e900701]
2019-09-24 23:23:17,021 [EventQueue-StaleNodeForStaleNodeHandler] INFO  pipeline.SCMPipelineManager (SCMPipelineManager.java:finalizeAndDestroyPipeline(315)) - destroying pipeline:Pipeline[ Id: efa1bdd2-7eb1-4120-82cf-e2f35b8d7347, Nodes: a3290348-6ac5-4de5-b30b-c7902ea8fed4{ip: 192.168.151.66, host: pr-hdds-2162-v2v4x-1150571016, networkLocation: /default-rack, certSerialId: null}, Type:RATIS, Factor:ONE, State:OPEN]
2019-09-24 23:23:17,021 [EventQueue-StaleNodeForStaleNodeHandler] INFO  pipeline.PipelineStateManager (PipelineStateManager.java:finalizePipeline(123)) - Pipeline Pipeline[ Id: efa1bdd2-7eb1-4120-82cf-e2f35b8d7347, Nodes: a3290348-6ac5-4de5-b30b-c7902ea8fed4{ip: 192.168.151.66, host: pr-hdds-2162-v2v4x-1150571016, networkLocation: /default-rack, certSerialId: null}, Type:RATIS, Factor:ONE, State:CLOSED] moved to CLOSED state
2019-09-24 23:23:17,021 [EventQueue-StaleNodeForStaleNodeHandler] INFO  pipeline.SCMPipelineManager (SCMPipelineManager.java:finalizeAndDestroyPipeline(315)) - destroying pipeline:Pipeline[ Id: 300f194e-2a01-4554-b7dd-1bbb9c408696, Nodes: 69e28fe1-00c1-4445-ac62-1ecce60d6724{ip: 192.168.151.66, host: pr-hdds-2162-v2v4x-1150571016, networkLocation: /default-rack, certSerialId: null}a3290348-6ac5-4de5-b30b-c7902ea8fed4{ip: 192.168.151.66, host: pr-hdds-2162-v2v4x-1150571016, networkLocation: /default-rack, certSerialId: null}e20300c2-033d-4ad5-a085-155d7a933709{ip: 192.168.151.66, host: pr-hdds-2162-v2v4x-1150571016, networkLocation: /default-rack, certSerialId: null}, Type:RATIS, Factor:THREE, State:OPEN]
2019-09-24 23:23:17,021 [EventQueue-StaleNodeForStaleNodeHandler] INFO  pipeline.PipelineStateManager (PipelineStateManager.java:finalizePipeline(123)) - Pipeline Pipeline[ Id: 300f194e-2a01-4554-b7dd-1bbb9c408696, Nodes: 69e28fe1-00c1-4445-ac62-1ecce60d6724{ip: 192.168.151.66, host: pr-hdds-2162-v2v4x-1150571016, networkLocation: /default-rack, certSerialId: null}a3290348-6ac5-4de5-b30b-c7902ea8fed4{ip: 192.168.151.66, host: pr-hdds-2162-v2v4x-1150571016, networkLocation: /default-rack, certSerialId: null}e20300c2-033d-4ad5-a085-155d7a933709{ip: 192.168.151.66, host: pr-hdds-2162-v2v4x-1150571016, networkLocation: /default-rack, certSerialId: null}, Type:RATIS, Factor:THREE, State:CLOSED] moved to CLOSED state
2019-09-24 23:23:17,022 [EventQueue-StaleNodeForStaleNodeHandler] INFO  pipeline.SCMPipelineManager (SCMPipelineManager.java:finalizeAndDestroyPipeline(315)) - destroying pipeline:Pipeline[ Id: 899d1e79-d122-4f3e-802f-950f7e900701, Nodes: 69e28fe1-00c1-4445-ac62-1ecce60d6724{ip: 192.168.151.66, host: pr-hdds-2162-v2v4x-1150571016, networkLocation: /default-rack, certSerialId: null}eb551bd8-dc24-44e0-bb3e-8d47f4074a43{ip: 192.168.151.66, host: pr-hdds-2162-v2v4x-1150571016, networkLocation: /default-rack, certSerialId: null}a3290348-6ac5-4de5-b30b-c7902ea8fed4{ip: 192.168.151.66, host: pr-hdds-2162-v2v4x-1150571016, networkLocation: /default-rack, certSerialId: null}, Type:RATIS, Factor:THREE, State:CLOSED]
2019-09-24 23:23:17,521 [EventQueue-StaleNodeForStaleNodeHandler] INFO  node.StaleNodeHandler (StaleNodeHandler.java:onMessage(58)) - Datanode 69e28fe1-00c1-4445-ac62-1ecce60d6724{ip: 192.168.151.66, host: pr-hdds-2162-v2v4x-1150571016, networkLocation: /default-rack, certSerialId: null} moved to stale state. Finalizing its pipelines [PipelineID=300f194e-2a01-4554-b7dd-1bbb9c408696, PipelineID=8ee9c467-43c8-4b40-9ee8-20b6e8884658, PipelineID=899d1e79-d122-4f3e-802f-950f7e900701]
2019-09-24 23:23:17,521 [EventQueue-StaleNodeForStaleNodeHandler] INFO  pipeline.SCMPipelineManager (SCMPipelineManager.java:finalizeAndDestroyPipeline(315)) - destroying pipeline:Pipeline[ Id: 300f194e-2a01-4554-b7dd-1bbb9c408696, Nodes: 69e28fe1-00c1-4445-ac62-1ecce60d6724{ip: 192.168.151.66, host: pr-hdds-2162-v2v4x-1150571016, networkLocation: /default-rack, certSerialId: null}a3290348-6ac5-4de5-b30b-c7902ea8fed4{ip: 192.168.151.66, host: pr-hdds-2162-v2v4x-1150571016, networkLocation: /default-rack, certSerialId: null}e20300c2-033d-4ad5-a085-155d7a933709{ip: 192.168.151.66, host: pr-hdds-2162-v2v4x-1150571016, networkLocation: /default-rack, certSerialId: null}, Type:RATIS, Factor:THREE, State:CLOSED]
2019-09-24 23:23:17,522 [EventQueue-StaleNodeForStaleNodeHandler] INFO  pipeline.SCMPipelineManager (SCMPipelineManager.java:finalizeAndDestroyPipeline(315)) - destroying pipeline:Pipeline[ Id: 8ee9c467-43c8-4b40-9ee8-20b6e8884658, Nodes: 69e28fe1-00c1-4445-ac62-1ecce60d6724{ip: 192.168.151.66, host: pr-hdds-2162-v2v4x-1150571016, networkLocation: /default-rack, certSerialId: null}, Type:RATIS, Factor:ONE, State:OPEN]
2019-09-24 23:23:17,522 [EventQueue-StaleNodeForStaleNodeHandler] INFO  pipeline.PipelineStateManager (PipelineStateManager.java:finalizePipeline(123)) - Pipeline Pipeline[ Id: 8ee9c467-43c8-4b40-9ee8-20b6e8884658, Nodes: 69e28fe1-00c1-4445-ac62-1ecce60d6724{ip: 192.168.151.66, host: pr-hdds-2162-v2v4x-1150571016, networkLocation: /default-rack, certSerialId: null}, Type:RATIS, Factor:ONE, State:CLOSED] moved to CLOSED state
2019-09-24 23:23:17,522 [EventQueue-StaleNodeForStaleNodeHandler] INFO  pipeline.SCMPipelineManager (SCMPipelineManager.java:finalizeAndDestroyPipeline(315)) - destroying pipeline:Pipeline[ Id: 899d1e79-d122-4f3e-802f-950f7e900701, Nodes: 69e28fe1-00c1-4445-ac62-1ecce60d6724{ip: 192.168.151.66, host: pr-hdds-2162-v2v4x-1150571016, networkLocation: /default-rack, certSerialId: null}eb551bd8-dc24-44e0-bb3e-8d47f4074a43{ip: 192.168.151.66, host: pr-hdds-2162-v2v4x-1150571016, networkLocation: /default-rack, certSerialId: null}a3290348-6ac5-4de5-b30b-c7902ea8fed4{ip: 192.168.151.66, host: pr-hdds-2162-v2v4x-1150571016, networkLocation: /default-rack, certSerialId: null}, Type:RATIS, Factor:THREE, State:CLOSED]
2019-09-24 23:23:17,588 [grpc-default-executor-3] WARN  server.GrpcLogAppender (LogUtils.java:warn(134)) - 69e28fe1-00c1-4445-ac62-1ecce60d6724@group-950F7E900701->eb551bd8-dc24-44e0-bb3e-8d47f4074a43-AppendLogResponseHandler: Failed appendEntries: org.apache.ratis.thirdparty.io.grpc.StatusRuntimeException: UNAVAILABLE: io exception
2019-09-24 23:23:17,591 [grpc-default-executor-3] INFO  impl.FollowerInfo (FollowerInfo.java:lambda$new$0(51)) - 69e28fe1-00c1-4445-ac62-1ecce60d6724@group-950F7E900701->eb551bd8-dc24-44e0-bb3e-8d47f4074a43: nextIndex: updateUnconditionally 0 -> 0
2019-09-24 23:23:19,448 [Thread-548] INFO  impl.FollowerState (FollowerState.java:run(106)) - 69e28fe1-00c1-4445-ac62-1ecce60d6724:group-1BBB9C408696 changes to CANDIDATE, lastRpcTime:5081, electionTimeout:5081ms
2019-09-24 23:23:19,450 [Thread-548] INFO  impl.RoleInfo (RoleInfo.java:shutdownFollowerState(121)) - 69e28fe1-00c1-4445-ac62-1ecce60d6724: shutdown FollowerState
2019-09-24 23:23:19,450 [Thread-548] INFO  impl.RaftServerImpl (RaftServerImpl.java:setRole(174)) - 69e28fe1-00c1-4445-ac62-1ecce60d6724@group-1BBB9C408696: changes role from  FOLLOWER to CANDIDATE at term 0 for changeToCandidate
2019-09-24 23:23:19,451 [Thread-548] INFO  impl.RoleInfo (RoleInfo.java:updateAndGet(143)) - 69e28fe1-00c1-4445-ac62-1ecce60d6724: start LeaderElection
2019-09-24 23:23:19,460 [Thread-549] INFO  impl.FollowerState (FollowerState.java:run(106)) - a3290348-6ac5-4de5-b30b-c7902ea8fed4:group-1BBB9C408696 changes to CANDIDATE, lastRpcTime:5093, electionTimeout:5089ms
2019-09-24 23:23:19,460 [Thread-549] INFO  impl.RoleInfo (RoleInfo.java:shutdownFollowerState(121)) - a3290348-6ac5-4de5-b30b-c7902ea8fed4: shutdown FollowerState
2019-09-24 23:23:19,460 [Thread-549] INFO  impl.RaftServerImpl (RaftServerImpl.java:setRole(174)) - a3290348-6ac5-4de5-b30b-c7902ea8fed4@group-1BBB9C408696: changes role from  FOLLOWER to CANDIDATE at term 0 for changeToCandidate
2019-09-24 23:23:19,461 [Thread-549] INFO  impl.RoleInfo (RoleInfo.java:updateAndGet(143)) - a3290348-6ac5-4de5-b30b-c7902ea8fed4: start LeaderElection
2019-09-24 23:23:19,469 [a3290348-6ac5-4de5-b30b-c7902ea8fed4@group-1BBB9C408696:LeaderElection18] INFO  impl.LeaderElection (LeaderElection.java:askForVotes(182)) - a3290348-6ac5-4de5-b30b-c7902ea8fed4@group-1BBB9C408696:LeaderElection18: begin an election at term 1 for -1: [e20300c2-033d-4ad5-a085-155d7a933709:192.168.151.66:45929, 69e28fe1-00c1-4445-ac62-1ecce60d6724:192.168.151.66:44017, a3290348-6ac5-4de5-b30b-c7902ea8fed4:192.168.151.66:41100], old=null
2019-09-24 23:23:19,469 [69e28fe1-00c1-4445-ac62-1ecce60d6724@group-1BBB9C408696:LeaderElection17] INFO  impl.LeaderElection (LeaderElection.java:askForVotes(182)) - 69e28fe1-00c1-4445-ac62-1ecce60d6724@group-1BBB9C408696:LeaderElection17: begin an election at term 1 for -1: [e20300c2-033d-4ad5-a085-155d7a933709:192.168.151.66:45929, 69e28fe1-00c1-4445-ac62-1ecce60d6724:192.168.151.66:44017, a3290348-6ac5-4de5-b30b-c7902ea8fed4:192.168.151.66:41100], old=null
2019-09-24 23:23:19,483 [Thread-546] INFO  impl.FollowerState (FollowerState.java:run(106)) - e20300c2-033d-4ad5-a085-155d7a933709:group-1BBB9C408696 changes to CANDIDATE, lastRpcTime:5119, electionTimeout:5119ms
2019-09-24 23:23:19,486 [Thread-546] INFO  impl.RoleInfo (RoleInfo.java:shutdownFollowerState(121)) - e20300c2-033d-4ad5-a085-155d7a933709: shutdown FollowerState
2019-09-24 23:23:19,486 [Thread-546] INFO  impl.RaftServerImpl (RaftServerImpl.java:setRole(174)) - e20300c2-033d-4ad5-a085-155d7a933709@group-1BBB9C408696: changes role from  FOLLOWER to CANDIDATE at term 0 for changeToCandidate
2019-09-24 23:23:19,487 [Thread-546] INFO  impl.RoleInfo (RoleInfo.java:updateAndGet(143)) - e20300c2-033d-4ad5-a085-155d7a933709: start LeaderElection
2019-09-24 23:23:19,488 [grpc-default-executor-6] INFO  impl.RaftServerImpl (RaftServerImpl.java:setRole(174)) - e20300c2-033d-4ad5-a085-155d7a933709@group-1BBB9C408696: changes role from CANDIDATE to FOLLOWER at term 1 for recognizeCandidate:a3290348-6ac5-4de5-b30b-c7902ea8fed4
2019-09-24 23:23:19,488 [grpc-default-executor-6] INFO  impl.RoleInfo (RoleInfo.java:shutdownLeaderElection(134)) - e20300c2-033d-4ad5-a085-155d7a933709: shutdown LeaderElection
2019-09-24 23:23:19,488 [grpc-default-executor-6] INFO  impl.RoleInfo (RoleInfo.java:updateAndGet(143)) - e20300c2-033d-4ad5-a085-155d7a933709: start FollowerState
2019-09-24 23:23:19,502 [grpc-default-executor-3] INFO  impl.RaftServerImpl (RaftServerImpl.java:setRole(174)) - e20300c2-033d-4ad5-a085-155d7a933709@group-1BBB9C408696: changes role from  FOLLOWER to FOLLOWER at term 1 for recognizeCandidate:69e28fe1-00c1-4445-ac62-1ecce60d6724
2019-09-24 23:23:19,502 [grpc-default-executor-3] INFO  impl.RoleInfo (RoleInfo.java:shutdownFollowerState(121)) - e20300c2-033d-4ad5-a085-155d7a933709: shutdown FollowerState
2019-09-24 23:23:19,503 [grpc-default-executor-3] INFO  impl.RoleInfo (RoleInfo.java:updateAndGet(143)) - e20300c2-033d-4ad5-a085-155d7a933709: start FollowerState
2019-09-24 23:23:19,503 [Thread-561] INFO  impl.FollowerState (FollowerState.java:run(115)) - e20300c2-033d-4ad5-a085-155d7a933709: FollowerState was interrupted: java.lang.InterruptedException: sleep interrupted
2019-09-24 23:23:19,504 [a3290348-6ac5-4de5-b30b-c7902ea8fed4@group-1BBB9C408696:LeaderElection18] INFO  impl.LeaderElection (LeaderElection.java:logAndReturn(56)) - a3290348-6ac5-4de5-b30b-c7902ea8fed4@group-1BBB9C408696:LeaderElection18: Election REJECTED; received 2 response(s) [a3290348-6ac5-4de5-b30b-c7902ea8fed4<-e20300c2-033d-4ad5-a085-155d7a933709#0:FAIL-t1, a3290348-6ac5-4de5-b30b-c7902ea8fed4<-69e28fe1-00c1-4445-ac62-1ecce60d6724#0:FAIL-t1] and 0 exception(s); a3290348-6ac5-4de5-b30b-c7902ea8fed4@group-1BBB9C408696:t1, leader=null, voted=a3290348-6ac5-4de5-b30b-c7902ea8fed4, raftlog=a3290348-6ac5-4de5-b30b-c7902ea8fed4@group-1BBB9C408696-SegmentedRaftLog:OPENED:c-1,f-1,i0, conf=-1: [e20300c2-033d-4ad5-a085-155d7a933709:192.168.151.66:45929, 69e28fe1-00c1-4445-ac62-1ecce60d6724:192.168.151.66:44017, a3290348-6ac5-4de5-b30b-c7902ea8fed4:192.168.151.66:41100], old=null
2019-09-24 23:23:19,505 [a3290348-6ac5-4de5-b30b-c7902ea8fed4@group-1BBB9C408696:LeaderElection18] INFO  impl.RaftServerImpl (RaftServerImpl.java:setRole(174)) - a3290348-6ac5-4de5-b30b-c7902ea8fed4@group-1BBB9C408696: changes role from CANDIDATE to FOLLOWER at term 1 for DISCOVERED_A_NEW_TERM
2019-09-24 23:23:19,505 [a3290348-6ac5-4de5-b30b-c7902ea8fed4@group-1BBB9C408696:LeaderElection18] INFO  impl.RoleInfo (RoleInfo.java:shutdownLeaderElection(134)) - a3290348-6ac5-4de5-b30b-c7902ea8fed4: shutdown LeaderElection
2019-09-24 23:23:19,507 [a3290348-6ac5-4de5-b30b-c7902ea8fed4@group-1BBB9C408696:LeaderElection18] INFO  impl.RoleInfo (RoleInfo.java:updateAndGet(143)) - a3290348-6ac5-4de5-b30b-c7902ea8fed4: start FollowerState
2019-09-24 23:23:19,521 [69e28fe1-00c1-4445-ac62-1ecce60d6724@group-1BBB9C408696:LeaderElection17] INFO  impl.LeaderElection (LeaderElection.java:logAndReturn(56)) - 69e28fe1-00c1-4445-ac62-1ecce60d6724@group-1BBB9C408696:LeaderElection17: Election PASSED; received 2 response(s) [69e28fe1-00c1-4445-ac62-1ecce60d6724<-e20300c2-033d-4ad5-a085-155d7a933709#0:OK-t1, 69e28fe1-00c1-4445-ac62-1ecce60d6724<-a3290348-6ac5-4de5-b30b-c7902ea8fed4#0:FAIL-t1] and 0 exception(s); 69e28fe1-00c1-4445-ac62-1ecce60d6724@group-1BBB9C408696:t1, leader=null, voted=69e28fe1-00c1-4445-ac62-1ecce60d6724, raftlog=69e28fe1-00c1-4445-ac62-1ecce60d6724@group-1BBB9C408696-SegmentedRaftLog:OPENED:c-1,f-1,i0, conf=-1: [e20300c2-033d-4ad5-a085-155d7a933709:192.168.151.66:45929, 69e28fe1-00c1-4445-ac62-1ecce60d6724:192.168.151.66:44017, a3290348-6ac5-4de5-b30b-c7902ea8fed4:192.168.151.66:41100], old=null
2019-09-24 23:23:19,522 [69e28fe1-00c1-4445-ac62-1ecce60d6724@group-1BBB9C408696:LeaderElection17] INFO  impl.RoleInfo (RoleInfo.java:shutdownLeaderElection(134)) - 69e28fe1-00c1-4445-ac62-1ecce60d6724: shutdown LeaderElection
2019-09-24 23:23:19,522 [69e28fe1-00c1-4445-ac62-1ecce60d6724@group-1BBB9C408696:LeaderElection17] INFO  impl.RaftServerImpl (RaftServerImpl.java:setRole(174)) - 69e28fe1-00c1-4445-ac62-1ecce60d6724@group-1BBB9C408696: changes role from CANDIDATE to LEADER at term 1 for changeToLeader
2019-09-24 23:23:19,523 [69e28fe1-00c1-4445-ac62-1ecce60d6724@group-1BBB9C408696:LeaderElection17] INFO  impl.RaftServerImpl (ServerState.java:setLeader(253)) - 69e28fe1-00c1-4445-ac62-1ecce60d6724@group-1BBB9C408696: change Leader from null to 69e28fe1-00c1-4445-ac62-1ecce60d6724 at term 1 for becomeLeader, leader elected after 5172ms
2019-09-24 23:23:19,523 [69e28fe1-00c1-4445-ac62-1ecce60d6724@group-1BBB9C408696:LeaderElection17] INFO  server.RaftServerConfigKeys (ConfUtils.java:logGet(43)) - raft.server.staging.catchup.gap = 1000 (default)
2019-09-24 23:23:19,523 [69e28fe1-00c1-4445-ac62-1ecce60d6724@group-1BBB9C408696:LeaderElection17] INFO  server.RaftServerConfigKeys (ConfUtils.java:logGet(43)) - raft.server.rpc.sleep.time = 25ms (default)
2019-09-24 23:23:19,523 [69e28fe1-00c1-4445-ac62-1ecce60d6724@group-1BBB9C408696:LeaderElection17] INFO  server.RaftServerConfigKeys (ConfUtils.java:logGet(43)) - raft.server.write.element-limit = 4096 (default)
2019-09-24 23:23:19,523 [69e28fe1-00c1-4445-ac62-1ecce60d6724@group-1BBB9C408696:LeaderElection17] INFO  server.RaftServerConfigKeys (ConfUtils.java:logGet(43)) - raft.server.watch.timeout = 10s (default)
2019-09-24 23:23:19,523 [69e28fe1-00c1-4445-ac62-1ecce60d6724@group-1BBB9C408696:LeaderElection17] INFO  server.RaftServerConfigKeys (ConfUtils.java:logGet(43)) - raft.server.watch.timeout.denomination = 1s (default)
2019-09-24 23:23:19,523 [69e28fe1-00c1-4445-ac62-1ecce60d6724@group-1BBB9C408696:LeaderElection17] INFO  server.RaftServerConfigKeys (ConfUtils.java:logGet(43)) - raft.server.watch.element-limit = 65536 (default)
2019-09-24 23:23:19,526 [69e28fe1-00c1-4445-ac62-1ecce60d6724@group-1BBB9C408696:LeaderElection17] INFO  server.RaftServerConfigKeys (ConfUtils.java:logGet(43)) - raft.server.log.appender.snapshot.chunk.size.max = 16MB (=16777216) (default)
2019-09-24 23:23:19,526 [69e28fe1-00c1-4445-ac62-1ecce60d6724@group-1BBB9C408696:LeaderElection17] INFO  server.RaftServerConfigKeys (ConfUtils.java:logGet(43)) - raft.server.log.appender.buffer.byte-limit = 33554432 (custom)
2019-09-24 23:23:19,526 [69e28fe1-00c1-4445-ac62-1ecce60d6724@group-1BBB9C408696:LeaderElection17] INFO  server.RaftServerConfigKeys (ConfUtils.java:logGet(43)) - raft.server.log.appender.buffer.element-limit = 1 (custom)
2019-09-24 23:23:19,526 [69e28fe1-00c1-4445-ac62-1ecce60d6724@group-1BBB9C408696:LeaderElection17] INFO  grpc.GrpcConfigKeys$Server (ConfUtils.java:logGet(43)) - raft.grpc.server.leader.outstanding.appends.max = 128 (default)
2019-09-24 23:23:19,526 [69e28fe1-00c1-4445-ac62-1ecce60d6724@group-1BBB9C408696:LeaderElection17] INFO  server.RaftServerConfigKeys (ConfUtils.java:logGet(43)) - raft.server.rpc.request.timeout = 3000ms (default)
2019-09-24 23:23:19,526 [69e28fe1-00c1-4445-ac62-1ecce60d6724@group-1BBB9C408696:LeaderElection17] INFO  server.RaftServerConfigKeys (ConfUtils.java:logGet(43)) - raft.server.log.appender.install.snapshot.enabled = false (custom)
2019-09-24 23:23:19,527 [69e28fe1-00c1-4445-ac62-1ecce60d6724@group-1BBB9C408696:LeaderElection17] INFO  server.RaftServerConfigKeys (ConfUtils.java:logGet(43)) - raft.server.log.appender.snapshot.chunk.size.max = 16MB (=16777216) (default)
2019-09-24 23:23:19,527 [69e28fe1-00c1-4445-ac62-1ecce60d6724@group-1BBB9C408696:LeaderElection17] INFO  server.RaftServerConfigKeys (ConfUtils.java:logGet(43)) - raft.server.log.appender.buffer.byte-limit = 33554432 (custom)
2019-09-24 23:23:19,527 [69e28fe1-00c1-4445-ac62-1ecce60d6724@group-1BBB9C408696:LeaderElection17] INFO  server.RaftServerConfigKeys (ConfUtils.java:logGet(43)) - raft.server.log.appender.buffer.element-limit = 1 (custom)
2019-09-24 23:23:19,527 [69e28fe1-00c1-4445-ac62-1ecce60d6724@group-1BBB9C408696:LeaderElection17] INFO  grpc.GrpcConfigKeys$Server (ConfUtils.java:logGet(43)) - raft.grpc.server.leader.outstanding.appends.max = 128 (default)
2019-09-24 23:23:19,527 [69e28fe1-00c1-4445-ac62-1ecce60d6724@group-1BBB9C408696:LeaderElection17] INFO  server.RaftServerConfigKeys (ConfUtils.java:logGet(43)) - raft.server.rpc.request.timeout = 3000ms (default)
2019-09-24 23:23:19,527 [69e28fe1-00c1-4445-ac62-1ecce60d6724@group-1BBB9C408696:LeaderElection17] INFO  server.RaftServerConfigKeys (ConfUtils.java:logGet(43)) - raft.server.log.appender.install.snapshot.enabled = false (custom)
2019-09-24 23:23:19,528 [69e28fe1-00c1-4445-ac62-1ecce60d6724@group-1BBB9C408696:LeaderElection17] INFO  impl.RoleInfo (RoleInfo.java:updateAndGet(143)) - 69e28fe1-00c1-4445-ac62-1ecce60d6724: start LeaderState
2019-09-24 23:23:19,528 [69e28fe1-00c1-4445-ac62-1ecce60d6724@group-1BBB9C408696:LeaderElection17] INFO  segmented.SegmentedRaftLogWorker (SegmentedRaftLogWorker.java:startLogSegment(380)) - 69e28fe1-00c1-4445-ac62-1ecce60d6724@group-1BBB9C408696-SegmentedRaftLogWorker: Starting segment from index:0
2019-09-24 23:23:19,529 [69e28fe1-00c1-4445-ac62-1ecce60d6724@group-1BBB9C408696:LeaderElection17] INFO  impl.RaftServerImpl (ServerState.java:setRaftConf(354)) - 69e28fe1-00c1-4445-ac62-1ecce60d6724@group-1BBB9C408696: set configuration 0: [e20300c2-033d-4ad5-a085-155d7a933709:192.168.151.66:45929, 69e28fe1-00c1-4445-ac62-1ecce60d6724:192.168.151.66:44017, a3290348-6ac5-4de5-b30b-c7902ea8fed4:192.168.151.66:41100], old=null at 0
2019-09-24 23:23:19,549 [e20300c2-033d-4ad5-a085-155d7a933709@group-1BBB9C408696:LeaderElection19] INFO  impl.LeaderElection (LeaderElection.java:askForVotes(182)) - e20300c2-033d-4ad5-a085-155d7a933709@group-1BBB9C408696:LeaderElection19: begin an election at term 2 for -1: [e20300c2-033d-4ad5-a085-155d7a933709:192.168.151.66:45929, 69e28fe1-00c1-4445-ac62-1ecce60d6724:192.168.151.66:44017, a3290348-6ac5-4de5-b30b-c7902ea8fed4:192.168.151.66:41100], old=null
2019-09-24 23:23:19,551 [e20300c2-033d-4ad5-a085-155d7a933709@group-1BBB9C408696:LeaderElection19] INFO  impl.LeaderElection (LeaderElection.java:logAndReturn(56)) - e20300c2-033d-4ad5-a085-155d7a933709@group-1BBB9C408696:LeaderElection19: Election REJECTED; received 0 response(s) [] and 0 exception(s); e20300c2-033d-4ad5-a085-155d7a933709@group-1BBB9C408696:t2, leader=null, voted=e20300c2-033d-4ad5-a085-155d7a933709, raftlog=e20300c2-033d-4ad5-a085-155d7a933709@group-1BBB9C408696-SegmentedRaftLog:OPENED:c-1,f-1,i0, conf=-1: [e20300c2-033d-4ad5-a085-155d7a933709:192.168.151.66:45929, 69e28fe1-00c1-4445-ac62-1ecce60d6724:192.168.151.66:44017, a3290348-6ac5-4de5-b30b-c7902ea8fed4:192.168.151.66:41100], old=null
2019-09-24 23:23:19,557 [grpc-default-executor-1] INFO  impl.RaftServerImpl (ServerState.java:setLeader(253)) - a3290348-6ac5-4de5-b30b-c7902ea8fed4@group-1BBB9C408696: change Leader from null to 69e28fe1-00c1-4445-ac62-1ecce60d6724 at term 1 for appendEntries, leader elected after 5206ms
2019-09-24 23:23:19,560 [Thread-564] INFO  impl.RaftServerImpl (ServerState.java:setLeader(253)) - 69e28fe1-00c1-4445-ac62-1ecce60d6724@group-1BBB9C408696: change Leader from 69e28fe1-00c1-4445-ac62-1ecce60d6724 to null at term 2 for updateCurrentTerm
2019-09-24 23:23:19,565 [69e28fe1-00c1-4445-ac62-1ecce60d6724@group-1BBB9C408696-SegmentedRaftLogWorker] INFO  segmented.SegmentedRaftLogWorker (SegmentedRaftLogWorker.java:execute(569)) - 69e28fe1-00c1-4445-ac62-1ecce60d6724@group-1BBB9C408696-SegmentedRaftLogWorker: created new log segment /workdir/hadoop-ozone/integration-test/target/test-dir/MiniOzoneClusterImpl-8c4156f6-ba4f-4261-a5fa-d2631acace6e/datanode-0/data/ratis/300f194e-2a01-4554-b7dd-1bbb9c408696/current/log_inprogress_0
2019-09-24 23:23:19,567 [Thread-564] INFO  impl.RaftServerImpl (RaftServerImpl.java:setRole(174)) - 69e28fe1-00c1-4445-ac62-1ecce60d6724@group-1BBB9C408696: changes role from    LEADER to FOLLOWER at term 2 for stepDown
2019-09-24 23:23:19,567 [Thread-564] INFO  impl.RoleInfo (RoleInfo.java:shutdownLeaderState(104)) - 69e28fe1-00c1-4445-ac62-1ecce60d6724: shutdown LeaderState
2019-09-24 23:23:19,571 [org.apache.ratis.server.impl.LogAppender$AppenderDaemon$$Lambda$400/337369290@3cd83286] WARN  server.GrpcLogAppender (GrpcLogAppender.java:mayWait(143)) - 69e28fe1-00c1-4445-ac62-1ecce60d6724@group-1BBB9C408696->e20300c2-033d-4ad5-a085-155d7a933709-GrpcLogAppender: Wait interrupted by java.lang.InterruptedException
2019-09-24 23:23:19,571 [org.apache.ratis.server.impl.LogAppender$AppenderDaemon$$Lambda$400/337369290@59dac234] WARN  server.GrpcLogAppender (GrpcLogAppender.java:mayWait(143)) - 69e28fe1-00c1-4445-ac62-1ecce60d6724@group-1BBB9C408696->a3290348-6ac5-4de5-b30b-c7902ea8fed4-GrpcLogAppender: Wait interrupted by java.lang.InterruptedException
2019-09-24 23:23:19,574 [grpc-default-executor-6] INFO  impl.RaftServerImpl (ServerState.java:setLeader(253)) - a3290348-6ac5-4de5-b30b-c7902ea8fed4@group-1BBB9C408696: change Leader from 69e28fe1-00c1-4445-ac62-1ecce60d6724 to null at term 2 for updateCurrentTerm
2019-09-24 23:23:19,574 [grpc-default-executor-6] INFO  impl.RaftServerImpl (RaftServerImpl.java:setRole(174)) - a3290348-6ac5-4de5-b30b-c7902ea8fed4@group-1BBB9C408696: changes role from  FOLLOWER to FOLLOWER at term 2 for recognizeCandidate:e20300c2-033d-4ad5-a085-155d7a933709
2019-09-24 23:23:19,574 [grpc-default-executor-3] INFO  server.GrpcServerProtocolService (GrpcServerProtocolService.java:onCompleted(113)) - e20300c2-033d-4ad5-a085-155d7a933709: Completed APPEND_ENTRIES, lastRequest: 69e28fe1-00c1-4445-ac62-1ecce60d6724->e20300c2-033d-4ad5-a085-155d7a933709#0-t1, previous=(t:0, i:0), leaderCommit=-1, initializing? false, entries: <empty>
2019-09-24 23:23:19,574 [grpc-default-executor-6] INFO  impl.RoleInfo (RoleInfo.java:shutdownFollowerState(121)) - a3290348-6ac5-4de5-b30b-c7902ea8fed4: shutdown FollowerState
2019-09-24 23:23:19,574 [Thread-564] INFO  impl.PendingRequests (PendingRequests.java:sendNotLeaderResponses(202)) - 69e28fe1-00c1-4445-ac62-1ecce60d6724-PendingRequests: sendNotLeaderResponses
2019-09-24 23:23:19,574 [grpc-default-executor-6] INFO  impl.RoleInfo (RoleInfo.java:updateAndGet(143)) - a3290348-6ac5-4de5-b30b-c7902ea8fed4: start FollowerState
2019-09-24 23:23:19,574 [Thread-563] INFO  impl.FollowerState (FollowerState.java:run(115)) - a3290348-6ac5-4de5-b30b-c7902ea8fed4: FollowerState was interrupted: java.lang.InterruptedException: sleep interrupted
2019-09-24 23:23:19,577 [Thread-564] INFO  impl.RoleInfo (RoleInfo.java:updateAndGet(143)) - 69e28fe1-00c1-4445-ac62-1ecce60d6724: start FollowerState
2019-09-24 23:23:19,577 [grpc-default-executor-7] INFO  server.GrpcLogAppender (GrpcLogAppender.java:onCompleted(293)) - 69e28fe1-00c1-4445-ac62-1ecce60d6724@group-1BBB9C408696->e20300c2-033d-4ad5-a085-155d7a933709-AppendLogResponseHandler: follower responses appendEntries COMPLETED
2019-09-24 23:23:19,579 [grpc-default-executor-7] INFO  impl.FollowerInfo (FollowerInfo.java:lambda$new$0(51)) - 69e28fe1-00c1-4445-ac62-1ecce60d6724@group-1BBB9C408696->e20300c2-033d-4ad5-a085-155d7a933709: nextIndex: updateUnconditionally 0 -> 0
2019-09-24 23:23:19,594 [grpc-default-executor-1] INFO  impl.RaftServerImpl (RaftServerImpl.java:setRole(174)) - 69e28fe1-00c1-4445-ac62-1ecce60d6724@group-1BBB9C408696: changes role from  FOLLOWER to FOLLOWER at term 2 for recognizeCandidate:e20300c2-033d-4ad5-a085-155d7a933709
2019-09-24 23:23:19,595 [grpc-default-executor-1] INFO  impl.RoleInfo (RoleInfo.java:shutdownFollowerState(121)) - 69e28fe1-00c1-4445-ac62-1ecce60d6724: shutdown FollowerState
2019-09-24 23:23:19,595 [Thread-573] INFO  impl.FollowerState (FollowerState.java:run(115)) - 69e28fe1-00c1-4445-ac62-1ecce60d6724: FollowerState was interrupted: java.lang.InterruptedException: sleep interrupted
2019-09-24 23:23:19,595 [grpc-default-executor-1] INFO  impl.RoleInfo (RoleInfo.java:updateAndGet(143)) - 69e28fe1-00c1-4445-ac62-1ecce60d6724: start FollowerState
2019-09-24 23:23:19,597 [grpc-default-executor-2] INFO  server.GrpcServerProtocolService (GrpcServerProtocolService.java:onCompleted(113)) - a3290348-6ac5-4de5-b30b-c7902ea8fed4: Completed APPEND_ENTRIES, lastRequest: 69e28fe1-00c1-4445-ac62-1ecce60d6724->a3290348-6ac5-4de5-b30b-c7902ea8fed4#1-t1, previous=(t:0, i:0), leaderCommit=-1, initializing? false, entries: size=1, first=(t:1, i:0), CONFIGURATIONENTRY
2019-09-24 23:23:19,600 [grpc-default-executor-6] INFO  server.GrpcLogAppender (GrpcLogAppender.java:onCompleted(293)) - 69e28fe1-00c1-4445-ac62-1ecce60d6724@group-1BBB9C408696->a3290348-6ac5-4de5-b30b-c7902ea8fed4-AppendLogResponseHandler: follower responses appendEntries COMPLETED
2019-09-24 23:23:19,602 [grpc-default-executor-6] INFO  impl.FollowerInfo (FollowerInfo.java:lambda$new$0(51)) - 69e28fe1-00c1-4445-ac62-1ecce60d6724@group-1BBB9C408696->a3290348-6ac5-4de5-b30b-c7902ea8fed4: nextIndex: updateUnconditionally 1 -> 0
2019-09-24 23:23:19,605 [grpc-default-executor-6] WARN  server.GrpcLogAppender (LogUtils.java:warn(134)) - 69e28fe1-00c1-4445-ac62-1ecce60d6724@group-950F7E900701->a3290348-6ac5-4de5-b30b-c7902ea8fed4-AppendLogResponseHandler: Failed appendEntries: org.apache.ratis.thirdparty.io.grpc.StatusRuntimeException: UNAVAILABLE: Channel shutdownNow invoked
2019-09-24 23:23:19,605 [grpc-default-executor-6] INFO  impl.FollowerInfo (FollowerInfo.java:lambda$new$0(51)) - 69e28fe1-00c1-4445-ac62-1ecce60d6724@group-950F7E900701->a3290348-6ac5-4de5-b30b-c7902ea8fed4: nextIndex: updateUnconditionally 1 -> 0
2019-09-24 23:23:19,607 [grpc-default-executor-2] WARN  server.GrpcServerProtocolService (LogUtils.java:warn(134)) - a3290348-6ac5-4de5-b30b-c7902ea8fed4: installSnapshot onError, lastRequest: 69e28fe1-00c1-4445-ac62-1ecce60d6724->a3290348-6ac5-4de5-b30b-c7902ea8fed4#46-t2, previous=(t:2, i:0), leaderCommit=0, initializing? false, entries: <empty>: org.apache.ratis.thirdparty.io.grpc.StatusRuntimeException: CANCELLED: cancelled before receiving half close
2019-09-24 23:23:19,787 [main] INFO  ozoneimpl.OzoneContainer (OzoneContainer.java:stop(231)) - Attempting to stop container services.
2019-09-24 23:23:19,787 [ForkJoinPool.commonPool-worker-0] INFO  ozoneimpl.OzoneContainer (OzoneContainer.java:stop(231)) - Attempting to stop container services.
2019-09-24 23:23:19,787 [main] INFO  impl.RaftServerProxy (RaftServerProxy.java:lambda$close$4(314)) - a3290348-6ac5-4de5-b30b-c7902ea8fed4: close
2019-09-24 23:23:19,788 [ForkJoinPool.commonPool-worker-0] INFO  impl.RaftServerProxy (RaftServerProxy.java:lambda$close$4(314)) - 69e28fe1-00c1-4445-ac62-1ecce60d6724: close
2019-09-24 23:23:19,788 [main] INFO  impl.RaftServerImpl (RaftServerImpl.java:lambda$shutdown$3(251)) - a3290348-6ac5-4de5-b30b-c7902ea8fed4@group-E2F35B8D7347: shutdown
2019-09-24 23:23:19,788 [ForkJoinPool.commonPool-worker-0] INFO  impl.RaftServerImpl (RaftServerImpl.java:lambda$shutdown$3(251)) - 69e28fe1-00c1-4445-ac62-1ecce60d6724@group-1BBB9C408696: shutdown
2019-09-24 23:23:19,788 [main] INFO  util.JmxRegister (JmxRegister.java:unregister(73)) - Successfully un-registered JMX Bean with object name Ratis:service=RaftServer,group=group-E2F35B8D7347,id=a3290348-6ac5-4de5-b30b-c7902ea8fed4
2019-09-24 23:23:19,789 [ForkJoinPool.commonPool-worker-0] INFO  util.JmxRegister (JmxRegister.java:unregister(73)) - Successfully un-registered JMX Bean with object name Ratis:service=RaftServer,group=group-1BBB9C408696,id=69e28fe1-00c1-4445-ac62-1ecce60d6724
2019-09-24 23:23:19,789 [main] INFO  impl.RoleInfo (RoleInfo.java:shutdownLeaderState(104)) - a3290348-6ac5-4de5-b30b-c7902ea8fed4: shutdown LeaderState
2019-09-24 23:23:19,789 [ForkJoinPool.commonPool-worker-0] INFO  impl.RoleInfo (RoleInfo.java:shutdownFollowerState(121)) - 69e28fe1-00c1-4445-ac62-1ecce60d6724: shutdown FollowerState
2019-09-24 23:23:19,790 [main] INFO  impl.PendingRequests (PendingRequests.java:sendNotLeaderResponses(202)) - a3290348-6ac5-4de5-b30b-c7902ea8fed4-PendingRequests: sendNotLeaderResponses
2019-09-24 23:23:19,790 [Thread-574] INFO  impl.FollowerState (FollowerState.java:run(115)) - 69e28fe1-00c1-4445-ac62-1ecce60d6724: FollowerState was interrupted: java.lang.InterruptedException: sleep interrupted
2019-09-24 23:23:19,790 [ForkJoinPool.commonPool-worker-0] INFO  impl.StateMachineUpdater (StateMachineUpdater.java:stopAndJoin(125)) - 69e28fe1-00c1-4445-ac62-1ecce60d6724@group-1BBB9C408696-StateMachineUpdater: set stopIndex = -1
2019-09-24 23:23:19,792 [main] INFO  impl.StateMachineUpdater (StateMachineUpdater.java:stopAndJoin(125)) - a3290348-6ac5-4de5-b30b-c7902ea8fed4@group-E2F35B8D7347-StateMachineUpdater: set stopIndex = 0
2019-09-24 23:23:19,794 [ForkJoinPool.commonPool-worker-0] INFO  impl.RaftServerImpl (ServerState.java:close(385)) - 69e28fe1-00c1-4445-ac62-1ecce60d6724@group-1BBB9C408696: closes. applyIndex: -1
2019-09-24 23:23:19,795 [main] INFO  impl.RaftServerImpl (ServerState.java:close(385)) - a3290348-6ac5-4de5-b30b-c7902ea8fed4@group-E2F35B8D7347: closes. applyIndex: 0
2019-09-24 23:23:19,795 [69e28fe1-00c1-4445-ac62-1ecce60d6724@group-1BBB9C408696-SegmentedRaftLogWorker] INFO  segmented.SegmentedRaftLogWorker (SegmentedRaftLogWorker.java:run(313)) - 69e28fe1-00c1-4445-ac62-1ecce60d6724@group-1BBB9C408696-SegmentedRaftLogWorker was interrupted, exiting. There are 0 tasks remaining in the queue.
2019-09-24 23:23:19,795 [a3290348-6ac5-4de5-b30b-c7902ea8fed4@group-E2F35B8D7347-SegmentedRaftLogWorker] INFO  segmented.SegmentedRaftLogWorker (SegmentedRaftLogWorker.java:run(313)) - a3290348-6ac5-4de5-b30b-c7902ea8fed4@group-E2F35B8D7347-SegmentedRaftLogWorker was interrupted, exiting. There are 0 tasks remaining in the queue.
2019-09-24 23:23:19,797 [ForkJoinPool.commonPool-worker-0] INFO  segmented.SegmentedRaftLogWorker (SegmentedRaftLogWorker.java:close(228)) - 69e28fe1-00c1-4445-ac62-1ecce60d6724@group-1BBB9C408696-SegmentedRaftLogWorker close()
2019-09-24 23:23:19,798 [main] INFO  segmented.SegmentedRaftLogWorker (SegmentedRaftLogWorker.java:close(228)) - a3290348-6ac5-4de5-b30b-c7902ea8fed4@group-E2F35B8D7347-SegmentedRaftLogWorker close()
2019-09-24 23:23:19,801 [ForkJoinPool.commonPool-worker-0] INFO  impl.RaftServerImpl (RaftServerImpl.java:lambda$shutdown$3(251)) - 69e28fe1-00c1-4445-ac62-1ecce60d6724@group-20B6E8884658: shutdown
2019-09-24 23:23:19,804 [main] INFO  impl.RaftServerImpl (RaftServerImpl.java:lambda$shutdown$3(251)) - a3290348-6ac5-4de5-b30b-c7902ea8fed4@group-1BBB9C408696: shutdown
2019-09-24 23:23:19,804 [ForkJoinPool.commonPool-worker-0] INFO  util.JmxRegister (JmxRegister.java:unregister(73)) - Successfully un-registered JMX Bean with object name Ratis:service=RaftServer,group=group-20B6E8884658,id=69e28fe1-00c1-4445-ac62-1ecce60d6724
2019-09-24 23:23:19,804 [main] INFO  util.JmxRegister (JmxRegister.java:unregister(73)) - Successfully un-registered JMX Bean with object name Ratis:service=RaftServer,group=group-1BBB9C408696,id=a3290348-6ac5-4de5-b30b-c7902ea8fed4
2019-09-24 23:23:19,805 [ForkJoinPool.commonPool-worker-0] INFO  impl.RoleInfo (RoleInfo.java:shutdownLeaderState(104)) - 69e28fe1-00c1-4445-ac62-1ecce60d6724: shutdown LeaderState
2019-09-24 23:23:19,805 [main] INFO  impl.RoleInfo (RoleInfo.java:shutdownFollowerState(121)) - a3290348-6ac5-4de5-b30b-c7902ea8fed4: shutdown FollowerState
2019-09-24 23:23:19,805 [ForkJoinPool.commonPool-worker-0] INFO  impl.PendingRequests (PendingRequests.java:sendNotLeaderResponses(202)) - 69e28fe1-00c1-4445-ac62-1ecce60d6724-PendingRequests: sendNotLeaderResponses
2019-09-24 23:23:19,806 [Thread-572] INFO  impl.FollowerState (FollowerState.java:run(115)) - a3290348-6ac5-4de5-b30b-c7902ea8fed4: FollowerState was interrupted: java.lang.InterruptedException: sleep interrupted
2019-09-24 23:23:19,806 [main] INFO  impl.StateMachineUpdater (StateMachineUpdater.java:stopAndJoin(125)) - a3290348-6ac5-4de5-b30b-c7902ea8fed4@group-1BBB9C408696-StateMachineUpdater: set stopIndex = -1
2019-09-24 23:23:19,811 [ForkJoinPool.commonPool-worker-0] INFO  impl.StateMachineUpdater (StateMachineUpdater.java:stopAndJoin(125)) - 69e28fe1-00c1-4445-ac62-1ecce60d6724@group-20B6E8884658-StateMachineUpdater: set stopIndex = 0
2019-09-24 23:23:19,813 [main] INFO  impl.RaftServerImpl (ServerState.java:close(385)) - a3290348-6ac5-4de5-b30b-c7902ea8fed4@group-1BBB9C408696: closes. applyIndex: -1
2019-09-24 23:23:19,813 [ForkJoinPool.commonPool-worker-0] INFO  impl.RaftServerImpl (ServerState.java:close(385)) - 69e28fe1-00c1-4445-ac62-1ecce60d6724@group-20B6E8884658: closes. applyIndex: 0
2019-09-24 23:23:19,814 [a3290348-6ac5-4de5-b30b-c7902ea8fed4@group-1BBB9C408696-SegmentedRaftLogWorker] INFO  segmented.SegmentedRaftLogWorker (SegmentedRaftLogWorker.java:run(313)) - a3290348-6ac5-4de5-b30b-c7902ea8fed4@group-1BBB9C408696-SegmentedRaftLogWorker was interrupted, exiting. There are 0 tasks remaining in the queue.
2019-09-24 23:23:19,814 [69e28fe1-00c1-4445-ac62-1ecce60d6724@group-20B6E8884658-SegmentedRaftLogWorker] INFO  segmented.SegmentedRaftLogWorker (SegmentedRaftLogWorker.java:run(313)) - 69e28fe1-00c1-4445-ac62-1ecce60d6724@group-20B6E8884658-SegmentedRaftLogWorker was interrupted, exiting. There are 0 tasks remaining in the queue.
2019-09-24 23:23:19,814 [main] INFO  segmented.SegmentedRaftLogWorker (SegmentedRaftLogWorker.java:close(228)) - a3290348-6ac5-4de5-b30b-c7902ea8fed4@group-1BBB9C408696-SegmentedRaftLogWorker close()
2019-09-24 23:23:19,816 [ForkJoinPool.commonPool-worker-0] INFO  segmented.SegmentedRaftLogWorker (SegmentedRaftLogWorker.java:close(228)) - 69e28fe1-00c1-4445-ac62-1ecce60d6724@group-20B6E8884658-SegmentedRaftLogWorker close()
2019-09-24 23:23:19,821 [main] INFO  impl.RaftServerImpl (RaftServerImpl.java:lambda$shutdown$3(251)) - a3290348-6ac5-4de5-b30b-c7902ea8fed4@group-950F7E900701: shutdown
2019-09-24 23:23:19,823 [ForkJoinPool.commonPool-worker-0] INFO  impl.RaftServerImpl (RaftServerImpl.java:lambda$shutdown$3(251)) - 69e28fe1-00c1-4445-ac62-1ecce60d6724@group-950F7E900701: shutdown
2019-09-24 23:23:19,823 [main] INFO  util.JmxRegister (JmxRegister.java:unregister(73)) - Successfully un-registered JMX Bean with object name Ratis:service=RaftServer,group=group-950F7E900701,id=a3290348-6ac5-4de5-b30b-c7902ea8fed4
2019-09-24 23:23:19,824 [ForkJoinPool.commonPool-worker-0] INFO  util.JmxRegister (JmxRegister.java:unregister(73)) - Successfully un-registered JMX Bean with object name Ratis:service=RaftServer,group=group-950F7E900701,id=69e28fe1-00c1-4445-ac62-1ecce60d6724
2019-09-24 23:23:19,824 [main] INFO  impl.RoleInfo (RoleInfo.java:shutdownFollowerState(121)) - a3290348-6ac5-4de5-b30b-c7902ea8fed4: shutdown FollowerState
2019-09-24 23:23:19,824 [ForkJoinPool.commonPool-worker-0] INFO  impl.RoleInfo (RoleInfo.java:shutdownLeaderState(104)) - 69e28fe1-00c1-4445-ac62-1ecce60d6724: shutdown LeaderState
2019-09-24 23:23:19,825 [Thread-328] INFO  impl.FollowerState (FollowerState.java:run(115)) - a3290348-6ac5-4de5-b30b-c7902ea8fed4: FollowerState was interrupted: java.lang.InterruptedException: sleep interrupted
2019-09-24 23:23:19,827 [org.apache.ratis.server.impl.LogAppender$AppenderDaemon$$Lambda$400/337369290@789776d6] WARN  server.GrpcLogAppender (GrpcLogAppender.java:mayWait(143)) - 69e28fe1-00c1-4445-ac62-1ecce60d6724@group-950F7E900701->eb551bd8-dc24-44e0-bb3e-8d47f4074a43-GrpcLogAppender: Wait interrupted by java.lang.InterruptedException
2019-09-24 23:23:19,825 [main] INFO  impl.StateMachineUpdater (StateMachineUpdater.java:stopAndJoin(125)) - a3290348-6ac5-4de5-b30b-c7902ea8fed4@group-950F7E900701-StateMachineUpdater: set stopIndex = 0
2019-09-24 23:23:19,827 [org.apache.ratis.server.impl.LogAppender$AppenderDaemon$$Lambda$400/337369290@2382a3a0] WARN  server.GrpcLogAppender (GrpcLogAppender.java:mayWait(143)) - 69e28fe1-00c1-4445-ac62-1ecce60d6724@group-950F7E900701->a3290348-6ac5-4de5-b30b-c7902ea8fed4-GrpcLogAppender: Wait interrupted by java.lang.InterruptedException
2019-09-24 23:23:19,827 [ForkJoinPool.commonPool-worker-0] INFO  impl.PendingRequests (PendingRequests.java:sendNotLeaderResponses(202)) - 69e28fe1-00c1-4445-ac62-1ecce60d6724-PendingRequests: sendNotLeaderResponses
2019-09-24 23:23:19,828 [main] INFO  impl.RaftServerImpl (ServerState.java:close(385)) - a3290348-6ac5-4de5-b30b-c7902ea8fed4@group-950F7E900701: closes. applyIndex: 0
2019-09-24 23:23:19,829 [ForkJoinPool.commonPool-worker-0] INFO  impl.StateMachineUpdater (StateMachineUpdater.java:stopAndJoin(125)) - 69e28fe1-00c1-4445-ac62-1ecce60d6724@group-950F7E900701-StateMachineUpdater: set stopIndex = 0
2019-09-24 23:23:19,829 [a3290348-6ac5-4de5-b30b-c7902ea8fed4@group-950F7E900701-SegmentedRaftLogWorker] INFO  segmented.SegmentedRaftLogWorker (SegmentedRaftLogWorker.java:run(313)) - a3290348-6ac5-4de5-b30b-c7902ea8fed4@group-950F7E900701-SegmentedRaftLogWorker was interrupted, exiting. There are 0 tasks remaining in the queue.
2019-09-24 23:23:19,829 [ForkJoinPool.commonPool-worker-0] INFO  impl.RaftServerImpl (ServerState.java:close(385)) - 69e28fe1-00c1-4445-ac62-1ecce60d6724@group-950F7E900701: closes. applyIndex: 0
2019-09-24 23:23:19,830 [main] INFO  segmented.SegmentedRaftLogWorker (SegmentedRaftLogWorker.java:close(228)) - a3290348-6ac5-4de5-b30b-c7902ea8fed4@group-950F7E900701-SegmentedRaftLogWorker close()
2019-09-24 23:23:19,830 [69e28fe1-00c1-4445-ac62-1ecce60d6724@group-950F7E900701-SegmentedRaftLogWorker] INFO  segmented.SegmentedRaftLogWorker (SegmentedRaftLogWorker.java:run(313)) - 69e28fe1-00c1-4445-ac62-1ecce60d6724@group-950F7E900701-SegmentedRaftLogWorker was interrupted, exiting. There are 0 tasks remaining in the queue.
2019-09-24 23:23:19,831 [main] INFO  server.GrpcService (GrpcService.java:closeImpl(164)) - a3290348-6ac5-4de5-b30b-c7902ea8fed4: shutdown server with port 41100 now
2019-09-24 23:23:19,832 [ForkJoinPool.commonPool-worker-0] INFO  segmented.SegmentedRaftLogWorker (SegmentedRaftLogWorker.java:close(228)) - 69e28fe1-00c1-4445-ac62-1ecce60d6724@group-950F7E900701-SegmentedRaftLogWorker close()
2019-09-24 23:23:19,835 [ForkJoinPool.commonPool-worker-0] INFO  server.GrpcService (GrpcService.java:closeImpl(164)) - 69e28fe1-00c1-4445-ac62-1ecce60d6724: shutdown server with port 44017 now
2019-09-24 23:23:19,836 [main] INFO  server.GrpcService (GrpcService.java:closeImpl(172)) - a3290348-6ac5-4de5-b30b-c7902ea8fed4: shutdown server with port 41100 successfully
2019-09-24 23:23:19,837 [ForkJoinPool.commonPool-worker-0] INFO  server.GrpcService (GrpcService.java:closeImpl(172)) - 69e28fe1-00c1-4445-ac62-1ecce60d6724: shutdown server with port 44017 successfully
2019-09-24 23:23:19,840 [refreshUsed-/workdir/hadoop-ozone/integration-test/target/test-dir/MiniOzoneClusterImpl-8c4156f6-ba4f-4261-a5fa-d2631acace6e/datanode-6/data/containers] WARN  fs.CachingGetSpaceUsed (CachingGetSpaceUsed.java:run(183)) - Thread Interrupted waiting to refresh disk information: sleep interrupted
2019-09-24 23:23:19,848 [refreshUsed-/workdir/hadoop-ozone/integration-test/target/test-dir/MiniOzoneClusterImpl-8c4156f6-ba4f-4261-a5fa-d2631acace6e/datanode-0/data/containers] WARN  fs.CachingGetSpaceUsed (CachingGetSpaceUsed.java:run(183)) - Thread Interrupted waiting to refresh disk information: sleep interrupted
2019-09-24 23:23:19,857 [main] INFO  utils.BackgroundService (BackgroundService.java:shutdown(148)) - Shutting down service BlockDeletingService
2019-09-24 23:23:19,861 [main] INFO  statemachine.DatanodeStateMachine (DatanodeStateMachine.java:stopDaemon(395)) - Ozone container server stopped.
2019-09-24 23:23:19,862 [main] INFO  handler.ContextHandler (ContextHandler.java:doStop(910)) - Stopped o.e.j.w.WebAppContext@625dfff3{/,null,UNAVAILABLE}{/hddsDatanode}
2019-09-24 23:23:19,863 [main] INFO  server.AbstractConnector (AbstractConnector.java:doStop(318)) - Stopped ServerConnector@26350ea2{HTTP/1.1,[http/1.1]}{0.0.0.0:0}
2019-09-24 23:23:19,864 [main] INFO  handler.ContextHandler (ContextHandler.java:doStop(910)) - Stopped o.e.j.s.ServletContextHandler@7c8c70d6{/static,jar:file:/home/user/.m2/repository/org/apache/hadoop/hadoop-hdds-container-service/0.5.0-SNAPSHOT/hadoop-hdds-container-service-0.5.0-SNAPSHOT.jar!/webapps/static,UNAVAILABLE}
2019-09-24 23:23:19,864 [main] INFO  handler.ContextHandler (ContextHandler.java:doStop(910)) - Stopped o.e.j.s.ServletContextHandler@34780cd9{/logs,file:///workdir/hadoop-ozone/integration-test/target/log,UNAVAILABLE}
2019-09-24 23:23:19,869 [ForkJoinPool.commonPool-worker-0] INFO  utils.BackgroundService (BackgroundService.java:shutdown(148)) - Shutting down service BlockDeletingService
2019-09-24 23:23:19,872 [ForkJoinPool.commonPool-worker-0] INFO  statemachine.DatanodeStateMachine (DatanodeStateMachine.java:stopDaemon(395)) - Ozone container server stopped.
2019-09-24 23:23:19,876 [ForkJoinPool.commonPool-worker-0] INFO  handler.ContextHandler (ContextHandler.java:doStop(910)) - Stopped o.e.j.w.WebAppContext@a66e580{/,null,UNAVAILABLE}{/hddsDatanode}
2019-09-24 23:23:19,876 [ForkJoinPool.commonPool-worker-0] INFO  server.AbstractConnector (AbstractConnector.java:doStop(318)) - Stopped ServerConnector@5b852b49{HTTP/1.1,[http/1.1]}{0.0.0.0:0}
2019-09-24 23:23:19,878 [ForkJoinPool.commonPool-worker-0] INFO  handler.ContextHandler (ContextHandler.java:doStop(910)) - Stopped o.e.j.s.ServletContextHandler@7ff35a3f{/static,jar:file:/home/user/.m2/repository/org/apache/hadoop/hadoop-hdds-container-service/0.5.0-SNAPSHOT/hadoop-hdds-container-service-0.5.0-SNAPSHOT.jar!/webapps/static,UNAVAILABLE}
2019-09-24 23:23:19,879 [ForkJoinPool.commonPool-worker-0] INFO  handler.ContextHandler (ContextHandler.java:doStop(910)) - Stopped o.e.j.s.ServletContextHandler@6d1dcdff{/logs,file:///workdir/hadoop-ozone/integration-test/target/log,UNAVAILABLE}
2019-09-24 23:23:19,946 [Datanode State Machine Thread - 0] INFO  statemachine.DatanodeStateMachine (DatanodeStateMachine.java:lambda$startDaemon$0(350)) - Ozone container server started.
2019-09-24 23:23:22,028 [EventQueue-StaleNodeForStaleNodeHandler] INFO  node.StaleNodeHandler (StaleNodeHandler.java:onMessage(58)) - Datanode e20300c2-033d-4ad5-a085-155d7a933709{ip: 192.168.151.66, host: pr-hdds-2162-v2v4x-1150571016, networkLocation: /default-rack, certSerialId: null} moved to stale state. Finalizing its pipelines [PipelineID=300f194e-2a01-4554-b7dd-1bbb9c408696, PipelineID=bc6551b2-d42b-4055-acf6-5ac1e90e483a, PipelineID=1474d7f8-f73c-4d0a-96b4-18474da75312]
2019-09-24 23:23:22,029 [EventQueue-StaleNodeForStaleNodeHandler] INFO  pipeline.SCMPipelineManager (SCMPipelineManager.java:finalizeAndDestroyPipeline(315)) - destroying pipeline:Pipeline[ Id: 300f194e-2a01-4554-b7dd-1bbb9c408696, Nodes: 69e28fe1-00c1-4445-ac62-1ecce60d6724{ip: 192.168.151.66, host: pr-hdds-2162-v2v4x-1150571016, networkLocation: /default-rack, certSerialId: null}a3290348-6ac5-4de5-b30b-c7902ea8fed4{ip: 192.168.151.66, host: pr-hdds-2162-v2v4x-1150571016, networkLocation: /default-rack, certSerialId: null}e20300c2-033d-4ad5-a085-155d7a933709{ip: 192.168.151.66, host: pr-hdds-2162-v2v4x-1150571016, networkLocation: /default-rack, certSerialId: null}, Type:RATIS, Factor:THREE, State:CLOSED]
2019-09-24 23:23:22,029 [EventQueue-StaleNodeForStaleNodeHandler] INFO  pipeline.SCMPipelineManager (SCMPipelineManager.java:finalizeAndDestroyPipeline(315)) - destroying pipeline:Pipeline[ Id: bc6551b2-d42b-4055-acf6-5ac1e90e483a, Nodes: 689e79db-c0a9-475a-9361-b09b91adf7c9{ip: 192.168.151.66, host: pr-hdds-2162-v2v4x-1150571016, networkLocation: /default-rack, certSerialId: null}5930ff46-859e-45ff-a1c3-694564283812{ip: 192.168.151.66, host: pr-hdds-2162-v2v4x-1150571016, networkLocation: /default-rack, certSerialId: null}e20300c2-033d-4ad5-a085-155d7a933709{ip: 192.168.151.66, host: pr-hdds-2162-v2v4x-1150571016, networkLocation: /default-rack, certSerialId: null}, Type:RATIS, Factor:THREE, State:CLOSED]
2019-09-24 23:23:22,030 [EventQueue-StaleNodeForStaleNodeHandler] INFO  pipeline.SCMPipelineManager (SCMPipelineManager.java:finalizeAndDestroyPipeline(315)) - destroying pipeline:Pipeline[ Id: 1474d7f8-f73c-4d0a-96b4-18474da75312, Nodes: e20300c2-033d-4ad5-a085-155d7a933709{ip: 192.168.151.66, host: pr-hdds-2162-v2v4x-1150571016, networkLocation: /default-rack, certSerialId: null}, Type:RATIS, Factor:ONE, State:OPEN]
2019-09-24 23:23:22,030 [EventQueue-StaleNodeForStaleNodeHandler] INFO  pipeline.PipelineStateManager (PipelineStateManager.java:finalizePipeline(123)) - Pipeline Pipeline[ Id: 1474d7f8-f73c-4d0a-96b4-18474da75312, Nodes: e20300c2-033d-4ad5-a085-155d7a933709{ip: 192.168.151.66, host: pr-hdds-2162-v2v4x-1150571016, networkLocation: /default-rack, certSerialId: null}, Type:RATIS, Factor:ONE, State:CLOSED] moved to CLOSED state
2019-09-24 23:23:22,424 [Thread-323] INFO  impl.FollowerState (FollowerState.java:run(106)) - e20300c2-033d-4ad5-a085-155d7a933709:group-5AC1E90E483A changes to CANDIDATE, lastRpcTime:9842, electionTimeout:5009ms
2019-09-24 23:23:22,425 [Thread-323] INFO  impl.RoleInfo (RoleInfo.java:shutdownFollowerState(121)) - e20300c2-033d-4ad5-a085-155d7a933709: shutdown FollowerState
2019-09-24 23:23:22,425 [Thread-323] INFO  impl.RaftServerImpl (RaftServerImpl.java:setRole(174)) - e20300c2-033d-4ad5-a085-155d7a933709@group-5AC1E90E483A: changes role from  FOLLOWER to CANDIDATE at term 2 for changeToCandidate
2019-09-24 23:23:22,426 [Thread-323] INFO  impl.RoleInfo (RoleInfo.java:updateAndGet(143)) - e20300c2-033d-4ad5-a085-155d7a933709: start LeaderElection
2019-09-24 23:23:22,426 [e20300c2-033d-4ad5-a085-155d7a933709@group-5AC1E90E483A:LeaderElection20] INFO  impl.RaftServerImpl (ServerState.java:setLeader(253)) - e20300c2-033d-4ad5-a085-155d7a933709@group-5AC1E90E483A: change Leader from 689e79db-c0a9-475a-9361-b09b91adf7c9 to null at term 2 for initElection
2019-09-24 23:23:22,460 [e20300c2-033d-4ad5-a085-155d7a933709@group-5AC1E90E483A:LeaderElection20] INFO  impl.LeaderElection (LeaderElection.java:askForVotes(182)) - e20300c2-033d-4ad5-a085-155d7a933709@group-5AC1E90E483A:LeaderElection20: begin an election at term 3 for 0: [e20300c2-033d-4ad5-a085-155d7a933709:192.168.151.66:45929, 689e79db-c0a9-475a-9361-b09b91adf7c9:192.168.151.66:41183, 5930ff46-859e-45ff-a1c3-694564283812:192.168.151.66:39468], old=null
2019-09-24 23:23:22,467 [e20300c2-033d-4ad5-a085-155d7a933709@group-5AC1E90E483A:LeaderElection20] INFO  impl.LeaderElection (LogUtils.java:infoOrTrace(149)) - e20300c2-033d-4ad5-a085-155d7a933709@group-5AC1E90E483A:LeaderElection20 got exception when requesting votes: {}
java.util.concurrent.ExecutionException: org.apache.ratis.thirdparty.io.grpc.StatusRuntimeException: UNAVAILABLE: io exception
	at java.util.concurrent.FutureTask.report(FutureTask.java:122)
	at java.util.concurrent.FutureTask.get(FutureTask.java:192)
	at org.apache.ratis.server.impl.LeaderElection.waitForResults(LeaderElection.java:263)
	at org.apache.ratis.server.impl.LeaderElection.askForVotes(LeaderElection.java:201)
	at org.apache.ratis.server.impl.LeaderElection.run(LeaderElection.java:133)
	at java.lang.Thread.run(Thread.java:748)
Caused by: org.apache.ratis.thirdparty.io.grpc.StatusRuntimeException: UNAVAILABLE: io exception
	at org.apache.ratis.thirdparty.io.grpc.stub.ClientCalls.toStatusRuntimeException(ClientCalls.java:233)
	at org.apache.ratis.thirdparty.io.grpc.stub.ClientCalls.getUnchecked(ClientCalls.java:214)
	at org.apache.ratis.thirdparty.io.grpc.stub.ClientCalls.blockingUnaryCall(ClientCalls.java:139)
	at org.apache.ratis.proto.grpc.RaftServerProtocolServiceGrpc$RaftServerProtocolServiceBlockingStub.requestVote(RaftServerProtocolServiceGrpc.java:265)
	at org.apache.ratis.grpc.server.GrpcServerProtocolClient.requestVote(GrpcServerProtocolClient.java:90)
	at org.apache.ratis.grpc.server.GrpcService.requestVote(GrpcService.java:204)
	at org.apache.ratis.server.impl.LeaderElection.lambda$submitRequests$1(LeaderElection.java:238)
	at java.util.concurrent.FutureTask.run(FutureTask.java:266)
	at java.util.concurrent.Executors$RunnableAdapter.call(Executors.java:511)
	at java.util.concurrent.FutureTask.run(FutureTask.java:266)
	at java.util.concurrent.ThreadPoolExecutor.runWorker(ThreadPoolExecutor.java:1149)
	at java.util.concurrent.ThreadPoolExecutor$Worker.run(ThreadPoolExecutor.java:624)
	... 1 more
Caused by: org.apache.ratis.thirdparty.io.netty.channel.AbstractChannel$AnnotatedConnectException: Connection refused: /192.168.151.66:39468
	at sun.nio.ch.SocketChannelImpl.checkConnect(Native Method)
	at sun.nio.ch.SocketChannelImpl.finishConnect(SocketChannelImpl.java:717)
	at org.apache.ratis.thirdparty.io.netty.channel.socket.nio.NioSocketChannel.doFinishConnect(NioSocketChannel.java:327)
	at org.apache.ratis.thirdparty.io.netty.channel.nio.AbstractNioChannel$AbstractNioUnsafe.finishConnect(AbstractNioChannel.java:340)
	at org.apache.ratis.thirdparty.io.netty.channel.nio.NioEventLoop.processSelectedKey(NioEventLoop.java:632)
	at org.apache.ratis.thirdparty.io.netty.channel.nio.NioEventLoop.processSelectedKeysOptimized(NioEventLoop.java:579)
	at org.apache.ratis.thirdparty.io.netty.channel.nio.NioEventLoop.processSelectedKeys(NioEventLoop.java:496)
	at org.apache.ratis.thirdparty.io.netty.channel.nio.NioEventLoop.run(NioEventLoop.java:458)
	at org.apache.ratis.thirdparty.io.netty.util.concurrent.SingleThreadEventExecutor$5.run(SingleThreadEventExecutor.java:897)
	at org.apache.ratis.thirdparty.io.netty.util.concurrent.FastThreadLocalRunnable.run(FastThreadLocalRunnable.java:30)
	... 1 more
Caused by: java.net.ConnectException: Connection refused
	... 11 more
2019-09-24 23:23:22,469 [e20300c2-033d-4ad5-a085-155d7a933709@group-5AC1E90E483A:LeaderElection20] INFO  impl.LeaderElection (LogUtils.java:infoOrTrace(149)) - e20300c2-033d-4ad5-a085-155d7a933709@group-5AC1E90E483A:LeaderElection20 got exception when requesting votes: {}
java.util.concurrent.ExecutionException: org.apache.ratis.thirdparty.io.grpc.StatusRuntimeException: UNAVAILABLE: io exception
	at java.util.concurrent.FutureTask.report(FutureTask.java:122)
	at java.util.concurrent.FutureTask.get(FutureTask.java:192)
	at org.apache.ratis.server.impl.LeaderElection.waitForResults(LeaderElection.java:263)
	at org.apache.ratis.server.impl.LeaderElection.askForVotes(LeaderElection.java:201)
	at org.apache.ratis.server.impl.LeaderElection.run(LeaderElection.java:133)
	at java.lang.Thread.run(Thread.java:748)
Caused by: org.apache.ratis.thirdparty.io.grpc.StatusRuntimeException: UNAVAILABLE: io exception
	at org.apache.ratis.thirdparty.io.grpc.stub.ClientCalls.toStatusRuntimeException(ClientCalls.java:233)
	at org.apache.ratis.thirdparty.io.grpc.stub.ClientCalls.getUnchecked(ClientCalls.java:214)
	at org.apache.ratis.thirdparty.io.grpc.stub.ClientCalls.blockingUnaryCall(ClientCalls.java:139)
	at org.apache.ratis.proto.grpc.RaftServerProtocolServiceGrpc$RaftServerProtocolServiceBlockingStub.requestVote(RaftServerProtocolServiceGrpc.java:265)
	at org.apache.ratis.grpc.server.GrpcServerProtocolClient.requestVote(GrpcServerProtocolClient.java:90)
	at org.apache.ratis.grpc.server.GrpcService.requestVote(GrpcService.java:204)
	at org.apache.ratis.server.impl.LeaderElection.lambda$submitRequests$1(LeaderElection.java:238)
	at java.util.concurrent.FutureTask.run(FutureTask.java:266)
	at java.util.concurrent.Executors$RunnableAdapter.call(Executors.java:511)
	at java.util.concurrent.FutureTask.run(FutureTask.java:266)
	at java.util.concurrent.ThreadPoolExecutor.runWorker(ThreadPoolExecutor.java:1149)
	at java.util.concurrent.ThreadPoolExecutor$Worker.run(ThreadPoolExecutor.java:624)
	... 1 more
Caused by: org.apache.ratis.thirdparty.io.netty.channel.AbstractChannel$AnnotatedConnectException: Connection refused: /192.168.151.66:41183
	at sun.nio.ch.SocketChannelImpl.checkConnect(Native Method)
	at sun.nio.ch.SocketChannelImpl.finishConnect(SocketChannelImpl.java:717)
	at org.apache.ratis.thirdparty.io.netty.channel.socket.nio.NioSocketChannel.doFinishConnect(NioSocketChannel.java:327)
	at org.apache.ratis.thirdparty.io.netty.channel.nio.AbstractNioChannel$AbstractNioUnsafe.finishConnect(AbstractNioChannel.java:340)
	at org.apache.ratis.thirdparty.io.netty.channel.nio.NioEventLoop.processSelectedKey(NioEventLoop.java:632)
	at org.apache.ratis.thirdparty.io.netty.channel.nio.NioEventLoop.processSelectedKeysOptimized(NioEventLoop.java:579)
	at org.apache.ratis.thirdparty.io.netty.channel.nio.NioEventLoop.processSelectedKeys(NioEventLoop.java:496)
	at org.apache.ratis.thirdparty.io.netty.channel.nio.NioEventLoop.run(NioEventLoop.java:458)
	at org.apache.ratis.thirdparty.io.netty.util.concurrent.SingleThreadEventExecutor$5.run(SingleThreadEventExecutor.java:897)
	at org.apache.ratis.thirdparty.io.netty.util.concurrent.FastThreadLocalRunnable.run(FastThreadLocalRunnable.java:30)
	... 1 more
Caused by: java.net.ConnectException: Connection refused
	... 11 more
2019-09-24 23:23:22,471 [e20300c2-033d-4ad5-a085-155d7a933709@group-5AC1E90E483A:LeaderElection20] INFO  impl.LeaderElection (LeaderElection.java:logAndReturn(56)) - e20300c2-033d-4ad5-a085-155d7a933709@group-5AC1E90E483A:LeaderElection20: Election REJECTED; received 0 response(s) [] and 2 exception(s); e20300c2-033d-4ad5-a085-155d7a933709@group-5AC1E90E483A:t3, leader=null, voted=e20300c2-033d-4ad5-a085-155d7a933709, raftlog=e20300c2-033d-4ad5-a085-155d7a933709@group-5AC1E90E483A-SegmentedRaftLog:OPENED:c0,f0,i0, conf=0: [e20300c2-033d-4ad5-a085-155d7a933709:192.168.151.66:45929, 689e79db-c0a9-475a-9361-b09b91adf7c9:192.168.151.66:41183, 5930ff46-859e-45ff-a1c3-694564283812:192.168.151.66:39468], old=null
2019-09-24 23:23:22,471 [e20300c2-033d-4ad5-a085-155d7a933709@group-5AC1E90E483A:LeaderElection20] INFO  impl.LeaderElection (LogUtils.java:infoOrTrace(149)) -   Exception 0: {}
java.util.concurrent.ExecutionException: org.apache.ratis.thirdparty.io.grpc.StatusRuntimeException: UNAVAILABLE: io exception
	at java.util.concurrent.FutureTask.report(FutureTask.java:122)
	at java.util.concurrent.FutureTask.get(FutureTask.java:192)
	at org.apache.ratis.server.impl.LeaderElection.waitForResults(LeaderElection.java:263)
	at org.apache.ratis.server.impl.LeaderElection.askForVotes(LeaderElection.java:201)
	at org.apache.ratis.server.impl.LeaderElection.run(LeaderElection.java:133)
	at java.lang.Thread.run(Thread.java:748)
Caused by: org.apache.ratis.thirdparty.io.grpc.StatusRuntimeException: UNAVAILABLE: io exception
	at org.apache.ratis.thirdparty.io.grpc.stub.ClientCalls.toStatusRuntimeException(ClientCalls.java:233)
	at org.apache.ratis.thirdparty.io.grpc.stub.ClientCalls.getUnchecked(ClientCalls.java:214)
	at org.apache.ratis.thirdparty.io.grpc.stub.ClientCalls.blockingUnaryCall(ClientCalls.java:139)
	at org.apache.ratis.proto.grpc.RaftServerProtocolServiceGrpc$RaftServerProtocolServiceBlockingStub.requestVote(RaftServerProtocolServiceGrpc.java:265)
	at org.apache.ratis.grpc.server.GrpcServerProtocolClient.requestVote(GrpcServerProtocolClient.java:90)
	at org.apache.ratis.grpc.server.GrpcService.requestVote(GrpcService.java:204)
	at org.apache.ratis.server.impl.LeaderElection.lambda$submitRequests$1(LeaderElection.java:238)
	at java.util.concurrent.FutureTask.run(FutureTask.java:266)
	at java.util.concurrent.Executors$RunnableAdapter.call(Executors.java:511)
	at java.util.concurrent.FutureTask.run(FutureTask.java:266)
	at java.util.concurrent.ThreadPoolExecutor.runWorker(ThreadPoolExecutor.java:1149)
	at java.util.concurrent.ThreadPoolExecutor$Worker.run(ThreadPoolExecutor.java:624)
	... 1 more
Caused by: org.apache.ratis.thirdparty.io.netty.channel.AbstractChannel$AnnotatedConnectException: Connection refused: /192.168.151.66:39468
	at sun.nio.ch.SocketChannelImpl.checkConnect(Native Method)
	at sun.nio.ch.SocketChannelImpl.finishConnect(SocketChannelImpl.java:717)
	at org.apache.ratis.thirdparty.io.netty.channel.socket.nio.NioSocketChannel.doFinishConnect(NioSocketChannel.java:327)
	at org.apache.ratis.thirdparty.io.netty.channel.nio.AbstractNioChannel$AbstractNioUnsafe.finishConnect(AbstractNioChannel.java:340)
	at org.apache.ratis.thirdparty.io.netty.channel.nio.NioEventLoop.processSelectedKey(NioEventLoop.java:632)
	at org.apache.ratis.thirdparty.io.netty.channel.nio.NioEventLoop.processSelectedKeysOptimized(NioEventLoop.java:579)
	at org.apache.ratis.thirdparty.io.netty.channel.nio.NioEventLoop.processSelectedKeys(NioEventLoop.java:496)
	at org.apache.ratis.thirdparty.io.netty.channel.nio.NioEventLoop.run(NioEventLoop.java:458)
	at org.apache.ratis.thirdparty.io.netty.util.concurrent.SingleThreadEventExecutor$5.run(SingleThreadEventExecutor.java:897)
	at org.apache.ratis.thirdparty.io.netty.util.concurrent.FastThreadLocalRunnable.run(FastThreadLocalRunnable.java:30)
	... 1 more
Caused by: java.net.ConnectException: Connection refused
	... 11 more
2019-09-24 23:23:22,472 [e20300c2-033d-4ad5-a085-155d7a933709@group-5AC1E90E483A:LeaderElection20] INFO  impl.LeaderElection (LogUtils.java:infoOrTrace(149)) -   Exception 1: {}
java.util.concurrent.ExecutionException: org.apache.ratis.thirdparty.io.grpc.StatusRuntimeException: UNAVAILABLE: io exception
	at java.util.concurrent.FutureTask.report(FutureTask.java:122)
	at java.util.concurrent.FutureTask.get(FutureTask.java:192)
	at org.apache.ratis.server.impl.LeaderElection.waitForResults(LeaderElection.java:263)
	at org.apache.ratis.server.impl.LeaderElection.askForVotes(LeaderElection.java:201)
	at org.apache.ratis.server.impl.LeaderElection.run(LeaderElection.java:133)
	at java.lang.Thread.run(Thread.java:748)
Caused by: org.apache.ratis.thirdparty.io.grpc.StatusRuntimeException: UNAVAILABLE: io exception
	at org.apache.ratis.thirdparty.io.grpc.stub.ClientCalls.toStatusRuntimeException(ClientCalls.java:233)
	at org.apache.ratis.thirdparty.io.grpc.stub.ClientCalls.getUnchecked(ClientCalls.java:214)
	at org.apache.ratis.thirdparty.io.grpc.stub.ClientCalls.blockingUnaryCall(ClientCalls.java:139)
	at org.apache.ratis.proto.grpc.RaftServerProtocolServiceGrpc$RaftServerProtocolServiceBlockingStub.requestVote(RaftServerProtocolServiceGrpc.java:265)
	at org.apache.ratis.grpc.server.GrpcServerProtocolClient.requestVote(GrpcServerProtocolClient.java:90)
	at org.apache.ratis.grpc.server.GrpcService.requestVote(GrpcService.java:204)
	at org.apache.ratis.server.impl.LeaderElection.lambda$submitRequests$1(LeaderElection.java:238)
	at java.util.concurrent.FutureTask.run(FutureTask.java:266)
	at java.util.concurrent.Executors$RunnableAdapter.call(Executors.java:511)
	at java.util.concurrent.FutureTask.run(FutureTask.java:266)
	at java.util.concurrent.ThreadPoolExecutor.runWorker(ThreadPoolExecutor.java:1149)
	at java.util.concurrent.ThreadPoolExecutor$Worker.run(ThreadPoolExecutor.java:624)
	... 1 more
Caused by: org.apache.ratis.thirdparty.io.netty.channel.AbstractChannel$AnnotatedConnectException: Connection refused: /192.168.151.66:41183
	at sun.nio.ch.SocketChannelImpl.checkConnect(Native Method)
	at sun.nio.ch.SocketChannelImpl.finishConnect(SocketChannelImpl.java:717)
	at org.apache.ratis.thirdparty.io.netty.channel.socket.nio.NioSocketChannel.doFinishConnect(NioSocketChannel.java:327)
	at org.apache.ratis.thirdparty.io.netty.channel.nio.AbstractNioChannel$AbstractNioUnsafe.finishConnect(AbstractNioChannel.java:340)
	at org.apache.ratis.thirdparty.io.netty.channel.nio.NioEventLoop.processSelectedKey(NioEventLoop.java:632)
	at org.apache.ratis.thirdparty.io.netty.channel.nio.NioEventLoop.processSelectedKeysOptimized(NioEventLoop.java:579)
	at org.apache.ratis.thirdparty.io.netty.channel.nio.NioEventLoop.processSelectedKeys(NioEventLoop.java:496)
	at org.apache.ratis.thirdparty.io.netty.channel.nio.NioEventLoop.run(NioEventLoop.java:458)
	at org.apache.ratis.thirdparty.io.netty.util.concurrent.SingleThreadEventExecutor$5.run(SingleThreadEventExecutor.java:897)
	at org.apache.ratis.thirdparty.io.netty.util.concurrent.FastThreadLocalRunnable.run(FastThreadLocalRunnable.java:30)
	... 1 more
Caused by: java.net.ConnectException: Connection refused
	... 11 more
2019-09-24 23:23:22,472 [e20300c2-033d-4ad5-a085-155d7a933709@group-5AC1E90E483A:LeaderElection20] INFO  impl.RaftServerImpl (RaftServerImpl.java:setRole(174)) - e20300c2-033d-4ad5-a085-155d7a933709@group-5AC1E90E483A: changes role from CANDIDATE to FOLLOWER at term 3 for DISCOVERED_A_NEW_TERM
2019-09-24 23:23:22,474 [e20300c2-033d-4ad5-a085-155d7a933709@group-5AC1E90E483A:LeaderElection20] INFO  impl.RoleInfo (RoleInfo.java:shutdownLeaderElection(134)) - e20300c2-033d-4ad5-a085-155d7a933709: shutdown LeaderElection
2019-09-24 23:23:22,474 [e20300c2-033d-4ad5-a085-155d7a933709@group-5AC1E90E483A:LeaderElection20] INFO  impl.RoleInfo (RoleInfo.java:updateAndGet(143)) - e20300c2-033d-4ad5-a085-155d7a933709: start FollowerState
2019-09-24 23:23:24,545 [Thread-562] INFO  impl.FollowerState (FollowerState.java:run(106)) - e20300c2-033d-4ad5-a085-155d7a933709:group-1BBB9C408696 changes to CANDIDATE, lastRpcTime:5042, electionTimeout:5041ms
2019-09-24 23:23:24,547 [Thread-562] INFO  impl.RoleInfo (RoleInfo.java:shutdownFollowerState(121)) - e20300c2-033d-4ad5-a085-155d7a933709: shutdown FollowerState
2019-09-24 23:23:24,547 [Thread-562] INFO  impl.RaftServerImpl (RaftServerImpl.java:setRole(174)) - e20300c2-033d-4ad5-a085-155d7a933709@group-1BBB9C408696: changes role from  FOLLOWER to CANDIDATE at term 2 for changeToCandidate
2019-09-24 23:23:24,547 [Thread-562] INFO  impl.RoleInfo (RoleInfo.java:updateAndGet(143)) - e20300c2-033d-4ad5-a085-155d7a933709: start LeaderElection
2019-09-24 23:23:24,563 [e20300c2-033d-4ad5-a085-155d7a933709@group-1BBB9C408696:LeaderElection21] INFO  impl.LeaderElection (LeaderElection.java:askForVotes(182)) - e20300c2-033d-4ad5-a085-155d7a933709@group-1BBB9C408696:LeaderElection21: begin an election at term 3 for -1: [e20300c2-033d-4ad5-a085-155d7a933709:192.168.151.66:45929, 69e28fe1-00c1-4445-ac62-1ecce60d6724:192.168.151.66:44017, a3290348-6ac5-4de5-b30b-c7902ea8fed4:192.168.151.66:41100], old=null
2019-09-24 23:23:24,567 [e20300c2-033d-4ad5-a085-155d7a933709@group-1BBB9C408696:LeaderElection21] INFO  impl.LeaderElection (LogUtils.java:infoOrTrace(149)) - e20300c2-033d-4ad5-a085-155d7a933709@group-1BBB9C408696:LeaderElection21 got exception when requesting votes: {}
java.util.concurrent.ExecutionException: org.apache.ratis.thirdparty.io.grpc.StatusRuntimeException: UNAVAILABLE: io exception
	at java.util.concurrent.FutureTask.report(FutureTask.java:122)
	at java.util.concurrent.FutureTask.get(FutureTask.java:192)
	at org.apache.ratis.server.impl.LeaderElection.waitForResults(LeaderElection.java:263)
	at org.apache.ratis.server.impl.LeaderElection.askForVotes(LeaderElection.java:201)
	at org.apache.ratis.server.impl.LeaderElection.run(LeaderElection.java:133)
	at java.lang.Thread.run(Thread.java:748)
Caused by: org.apache.ratis.thirdparty.io.grpc.StatusRuntimeException: UNAVAILABLE: io exception
	at org.apache.ratis.thirdparty.io.grpc.stub.ClientCalls.toStatusRuntimeException(ClientCalls.java:233)
	at org.apache.ratis.thirdparty.io.grpc.stub.ClientCalls.getUnchecked(ClientCalls.java:214)
	at org.apache.ratis.thirdparty.io.grpc.stub.ClientCalls.blockingUnaryCall(ClientCalls.java:139)
	at org.apache.ratis.proto.grpc.RaftServerProtocolServiceGrpc$RaftServerProtocolServiceBlockingStub.requestVote(RaftServerProtocolServiceGrpc.java:265)
	at org.apache.ratis.grpc.server.GrpcServerProtocolClient.requestVote(GrpcServerProtocolClient.java:90)
	at org.apache.ratis.grpc.server.GrpcService.requestVote(GrpcService.java:204)
	at org.apache.ratis.server.impl.LeaderElection.lambda$submitRequests$1(LeaderElection.java:238)
	at java.util.concurrent.FutureTask.run(FutureTask.java:266)
	at java.util.concurrent.Executors$RunnableAdapter.call(Executors.java:511)
	at java.util.concurrent.FutureTask.run(FutureTask.java:266)
	at java.util.concurrent.ThreadPoolExecutor.runWorker(ThreadPoolExecutor.java:1149)
	at java.util.concurrent.ThreadPoolExecutor$Worker.run(ThreadPoolExecutor.java:624)
	... 1 more
Caused by: org.apache.ratis.thirdparty.io.netty.channel.AbstractChannel$AnnotatedConnectException: Connection refused: /192.168.151.66:41100
	at sun.nio.ch.SocketChannelImpl.checkConnect(Native Method)
	at sun.nio.ch.SocketChannelImpl.finishConnect(SocketChannelImpl.java:717)
	at org.apache.ratis.thirdparty.io.netty.channel.socket.nio.NioSocketChannel.doFinishConnect(NioSocketChannel.java:327)
	at org.apache.ratis.thirdparty.io.netty.channel.nio.AbstractNioChannel$AbstractNioUnsafe.finishConnect(AbstractNioChannel.java:340)
	at org.apache.ratis.thirdparty.io.netty.channel.nio.NioEventLoop.processSelectedKey(NioEventLoop.java:632)
	at org.apache.ratis.thirdparty.io.netty.channel.nio.NioEventLoop.processSelectedKeysOptimized(NioEventLoop.java:579)
	at org.apache.ratis.thirdparty.io.netty.channel.nio.NioEventLoop.processSelectedKeys(NioEventLoop.java:496)
	at org.apache.ratis.thirdparty.io.netty.channel.nio.NioEventLoop.run(NioEventLoop.java:458)
	at org.apache.ratis.thirdparty.io.netty.util.concurrent.SingleThreadEventExecutor$5.run(SingleThreadEventExecutor.java:897)
	at org.apache.ratis.thirdparty.io.netty.util.concurrent.FastThreadLocalRunnable.run(FastThreadLocalRunnable.java:30)
	... 1 more
Caused by: java.net.ConnectException: Connection refused
	... 11 more
2019-09-24 23:23:24,568 [e20300c2-033d-4ad5-a085-155d7a933709@group-1BBB9C408696:LeaderElection21] INFO  impl.LeaderElection (LogUtils.java:infoOrTrace(149)) - e20300c2-033d-4ad5-a085-155d7a933709@group-1BBB9C408696:LeaderElection21 got exception when requesting votes: {}
java.util.concurrent.ExecutionException: org.apache.ratis.thirdparty.io.grpc.StatusRuntimeException: UNAVAILABLE: io exception
	at java.util.concurrent.FutureTask.report(FutureTask.java:122)
	at java.util.concurrent.FutureTask.get(FutureTask.java:192)
	at org.apache.ratis.server.impl.LeaderElection.waitForResults(LeaderElection.java:263)
	at org.apache.ratis.server.impl.LeaderElection.askForVotes(LeaderElection.java:201)
	at org.apache.ratis.server.impl.LeaderElection.run(LeaderElection.java:133)
	at java.lang.Thread.run(Thread.java:748)
Caused by: org.apache.ratis.thirdparty.io.grpc.StatusRuntimeException: UNAVAILABLE: io exception
	at org.apache.ratis.thirdparty.io.grpc.stub.ClientCalls.toStatusRuntimeException(ClientCalls.java:233)
	at org.apache.ratis.thirdparty.io.grpc.stub.ClientCalls.getUnchecked(ClientCalls.java:214)
	at org.apache.ratis.thirdparty.io.grpc.stub.ClientCalls.blockingUnaryCall(ClientCalls.java:139)
	at org.apache.ratis.proto.grpc.RaftServerProtocolServiceGrpc$RaftServerProtocolServiceBlockingStub.requestVote(RaftServerProtocolServiceGrpc.java:265)
	at org.apache.ratis.grpc.server.GrpcServerProtocolClient.requestVote(GrpcServerProtocolClient.java:90)
	at org.apache.ratis.grpc.server.GrpcService.requestVote(GrpcService.java:204)
	at org.apache.ratis.server.impl.LeaderElection.lambda$submitRequests$1(LeaderElection.java:238)
	at java.util.concurrent.FutureTask.run(FutureTask.java:266)
	at java.util.concurrent.Executors$RunnableAdapter.call(Executors.java:511)
	at java.util.concurrent.FutureTask.run(FutureTask.java:266)
	at java.util.concurrent.ThreadPoolExecutor.runWorker(ThreadPoolExecutor.java:1149)
	at java.util.concurrent.ThreadPoolExecutor$Worker.run(ThreadPoolExecutor.java:624)
	... 1 more
Caused by: org.apache.ratis.thirdparty.io.netty.channel.AbstractChannel$AnnotatedConnectException: Connection refused: /192.168.151.66:44017
	at sun.nio.ch.SocketChannelImpl.checkConnect(Native Method)
	at sun.nio.ch.SocketChannelImpl.finishConnect(SocketChannelImpl.java:717)
	at org.apache.ratis.thirdparty.io.netty.channel.socket.nio.NioSocketChannel.doFinishConnect(NioSocketChannel.java:327)
	at org.apache.ratis.thirdparty.io.netty.channel.nio.AbstractNioChannel$AbstractNioUnsafe.finishConnect(AbstractNioChannel.java:340)
	at org.apache.ratis.thirdparty.io.netty.channel.nio.NioEventLoop.processSelectedKey(NioEventLoop.java:632)
	at org.apache.ratis.thirdparty.io.netty.channel.nio.NioEventLoop.processSelectedKeysOptimized(NioEventLoop.java:579)
	at org.apache.ratis.thirdparty.io.netty.channel.nio.NioEventLoop.processSelectedKeys(NioEventLoop.java:496)
	at org.apache.ratis.thirdparty.io.netty.channel.nio.NioEventLoop.run(NioEventLoop.java:458)
	at org.apache.ratis.thirdparty.io.netty.util.concurrent.SingleThreadEventExecutor$5.run(SingleThreadEventExecutor.java:897)
	at org.apache.ratis.thirdparty.io.netty.util.concurrent.FastThreadLocalRunnable.run(FastThreadLocalRunnable.java:30)
	... 1 more
Caused by: java.net.ConnectException: Connection refused
	... 11 more
2019-09-24 23:23:24,570 [e20300c2-033d-4ad5-a085-155d7a933709@group-1BBB9C408696:LeaderElection21] INFO  impl.LeaderElection (LeaderElection.java:logAndReturn(56)) - e20300c2-033d-4ad5-a085-155d7a933709@group-1BBB9C408696:LeaderElection21: Election REJECTED; received 0 response(s) [] and 2 exception(s); e20300c2-033d-4ad5-a085-155d7a933709@group-1BBB9C408696:t3, leader=null, voted=e20300c2-033d-4ad5-a085-155d7a933709, raftlog=e20300c2-033d-4ad5-a085-155d7a933709@group-1BBB9C408696-SegmentedRaftLog:OPENED:c-1,f-1,i0, conf=-1: [e20300c2-033d-4ad5-a085-155d7a933709:192.168.151.66:45929, 69e28fe1-00c1-4445-ac62-1ecce60d6724:192.168.151.66:44017, a3290348-6ac5-4de5-b30b-c7902ea8fed4:192.168.151.66:41100], old=null
2019-09-24 23:23:24,570 [e20300c2-033d-4ad5-a085-155d7a933709@group-1BBB9C408696:LeaderElection21] INFO  impl.LeaderElection (LogUtils.java:infoOrTrace(149)) -   Exception 0: {}
java.util.concurrent.ExecutionException: org.apache.ratis.thirdparty.io.grpc.StatusRuntimeException: UNAVAILABLE: io exception
	at java.util.concurrent.FutureTask.report(FutureTask.java:122)
	at java.util.concurrent.FutureTask.get(FutureTask.java:192)
	at org.apache.ratis.server.impl.LeaderElection.waitForResults(LeaderElection.java:263)
	at org.apache.ratis.server.impl.LeaderElection.askForVotes(LeaderElection.java:201)
	at org.apache.ratis.server.impl.LeaderElection.run(LeaderElection.java:133)
	at java.lang.Thread.run(Thread.java:748)
Caused by: org.apache.ratis.thirdparty.io.grpc.StatusRuntimeException: UNAVAILABLE: io exception
	at org.apache.ratis.thirdparty.io.grpc.stub.ClientCalls.toStatusRuntimeException(ClientCalls.java:233)
	at org.apache.ratis.thirdparty.io.grpc.stub.ClientCalls.getUnchecked(ClientCalls.java:214)
	at org.apache.ratis.thirdparty.io.grpc.stub.ClientCalls.blockingUnaryCall(ClientCalls.java:139)
	at org.apache.ratis.proto.grpc.RaftServerProtocolServiceGrpc$RaftServerProtocolServiceBlockingStub.requestVote(RaftServerProtocolServiceGrpc.java:265)
	at org.apache.ratis.grpc.server.GrpcServerProtocolClient.requestVote(GrpcServerProtocolClient.java:90)
	at org.apache.ratis.grpc.server.GrpcService.requestVote(GrpcService.java:204)
	at org.apache.ratis.server.impl.LeaderElection.lambda$submitRequests$1(LeaderElection.java:238)
	at java.util.concurrent.FutureTask.run(FutureTask.java:266)
	at java.util.concurrent.Executors$RunnableAdapter.call(Executors.java:511)
	at java.util.concurrent.FutureTask.run(FutureTask.java:266)
	at java.util.concurrent.ThreadPoolExecutor.runWorker(ThreadPoolExecutor.java:1149)
	at java.util.concurrent.ThreadPoolExecutor$Worker.run(ThreadPoolExecutor.java:624)
	... 1 more
Caused by: org.apache.ratis.thirdparty.io.netty.channel.AbstractChannel$AnnotatedConnectException: Connection refused: /192.168.151.66:41100
	at sun.nio.ch.SocketChannelImpl.checkConnect(Native Method)
	at sun.nio.ch.SocketChannelImpl.finishConnect(SocketChannelImpl.java:717)
	at org.apache.ratis.thirdparty.io.netty.channel.socket.nio.NioSocketChannel.doFinishConnect(NioSocketChannel.java:327)
	at org.apache.ratis.thirdparty.io.netty.channel.nio.AbstractNioChannel$AbstractNioUnsafe.finishConnect(AbstractNioChannel.java:340)
	at org.apache.ratis.thirdparty.io.netty.channel.nio.NioEventLoop.processSelectedKey(NioEventLoop.java:632)
	at org.apache.ratis.thirdparty.io.netty.channel.nio.NioEventLoop.processSelectedKeysOptimized(NioEventLoop.java:579)
	at org.apache.ratis.thirdparty.io.netty.channel.nio.NioEventLoop.processSelectedKeys(NioEventLoop.java:496)
	at org.apache.ratis.thirdparty.io.netty.channel.nio.NioEventLoop.run(NioEventLoop.java:458)
	at org.apache.ratis.thirdparty.io.netty.util.concurrent.SingleThreadEventExecutor$5.run(SingleThreadEventExecutor.java:897)
	at org.apache.ratis.thirdparty.io.netty.util.concurrent.FastThreadLocalRunnable.run(FastThreadLocalRunnable.java:30)
	... 1 more
Caused by: java.net.ConnectException: Connection refused
	... 11 more
2019-09-24 23:23:24,570 [e20300c2-033d-4ad5-a085-155d7a933709@group-1BBB9C408696:LeaderElection21] INFO  impl.LeaderElection (LogUtils.java:infoOrTrace(149)) -   Exception 1: {}
java.util.concurrent.ExecutionException: org.apache.ratis.thirdparty.io.grpc.StatusRuntimeException: UNAVAILABLE: io exception
	at java.util.concurrent.FutureTask.report(FutureTask.java:122)
	at java.util.concurrent.FutureTask.get(FutureTask.java:192)
	at org.apache.ratis.server.impl.LeaderElection.waitForResults(LeaderElection.java:263)
	at org.apache.ratis.server.impl.LeaderElection.askForVotes(LeaderElection.java:201)
	at org.apache.ratis.server.impl.LeaderElection.run(LeaderElection.java:133)
	at java.lang.Thread.run(Thread.java:748)
Caused by: org.apache.ratis.thirdparty.io.grpc.StatusRuntimeException: UNAVAILABLE: io exception
	at org.apache.ratis.thirdparty.io.grpc.stub.ClientCalls.toStatusRuntimeException(ClientCalls.java:233)
	at org.apache.ratis.thirdparty.io.grpc.stub.ClientCalls.getUnchecked(ClientCalls.java:214)
	at org.apache.ratis.thirdparty.io.grpc.stub.ClientCalls.blockingUnaryCall(ClientCalls.java:139)
	at org.apache.ratis.proto.grpc.RaftServerProtocolServiceGrpc$RaftServerProtocolServiceBlockingStub.requestVote(RaftServerProtocolServiceGrpc.java:265)
	at org.apache.ratis.grpc.server.GrpcServerProtocolClient.requestVote(GrpcServerProtocolClient.java:90)
	at org.apache.ratis.grpc.server.GrpcService.requestVote(GrpcService.java:204)
	at org.apache.ratis.server.impl.LeaderElection.lambda$submitRequests$1(LeaderElection.java:238)
	at java.util.concurrent.FutureTask.run(FutureTask.java:266)
	at java.util.concurrent.Executors$RunnableAdapter.call(Executors.java:511)
	at java.util.concurrent.FutureTask.run(FutureTask.java:266)
	at java.util.concurrent.ThreadPoolExecutor.runWorker(ThreadPoolExecutor.java:1149)
	at java.util.concurrent.ThreadPoolExecutor$Worker.run(ThreadPoolExecutor.java:624)
	... 1 more
Caused by: org.apache.ratis.thirdparty.io.netty.channel.AbstractChannel$AnnotatedConnectException: Connection refused: /192.168.151.66:44017
	at sun.nio.ch.SocketChannelImpl.checkConnect(Native Method)
	at sun.nio.ch.SocketChannelImpl.finishConnect(SocketChannelImpl.java:717)
	at org.apache.ratis.thirdparty.io.netty.channel.socket.nio.NioSocketChannel.doFinishConnect(NioSocketChannel.java:327)
	at org.apache.ratis.thirdparty.io.netty.channel.nio.AbstractNioChannel$AbstractNioUnsafe.finishConnect(AbstractNioChannel.java:340)
	at org.apache.ratis.thirdparty.io.netty.channel.nio.NioEventLoop.processSelectedKey(NioEventLoop.java:632)
	at org.apache.ratis.thirdparty.io.netty.channel.nio.NioEventLoop.processSelectedKeysOptimized(NioEventLoop.java:579)
	at org.apache.ratis.thirdparty.io.netty.channel.nio.NioEventLoop.processSelectedKeys(NioEventLoop.java:496)
	at org.apache.ratis.thirdparty.io.netty.channel.nio.NioEventLoop.run(NioEventLoop.java:458)
	at org.apache.ratis.thirdparty.io.netty.util.concurrent.SingleThreadEventExecutor$5.run(SingleThreadEventExecutor.java:897)
	at org.apache.ratis.thirdparty.io.netty.util.concurrent.FastThreadLocalRunnable.run(FastThreadLocalRunnable.java:30)
	... 1 more
Caused by: java.net.ConnectException: Connection refused
	... 11 more
2019-09-24 23:23:24,571 [e20300c2-033d-4ad5-a085-155d7a933709@group-1BBB9C408696:LeaderElection21] INFO  impl.RaftServerImpl (RaftServerImpl.java:setRole(174)) - e20300c2-033d-4ad5-a085-155d7a933709@group-1BBB9C408696: changes role from CANDIDATE to FOLLOWER at term 3 for DISCOVERED_A_NEW_TERM
2019-09-24 23:23:24,572 [e20300c2-033d-4ad5-a085-155d7a933709@group-1BBB9C408696:LeaderElection21] INFO  impl.RoleInfo (RoleInfo.java:shutdownLeaderElection(134)) - e20300c2-033d-4ad5-a085-155d7a933709: shutdown LeaderElection
2019-09-24 23:23:24,573 [e20300c2-033d-4ad5-a085-155d7a933709@group-1BBB9C408696:LeaderElection21] INFO  impl.RoleInfo (RoleInfo.java:updateAndGet(143)) - e20300c2-033d-4ad5-a085-155d7a933709: start FollowerState
2019-09-24 23:23:24,866 [main] INFO  ozoneimpl.OzoneContainer (OzoneContainer.java:stop(231)) - Attempting to stop container services.
2019-09-24 23:23:24,867 [main] INFO  impl.RaftServerProxy (RaftServerProxy.java:lambda$close$4(314)) - e20300c2-033d-4ad5-a085-155d7a933709: close
2019-09-24 23:23:24,868 [main] INFO  impl.RaftServerImpl (RaftServerImpl.java:lambda$shutdown$3(251)) - e20300c2-033d-4ad5-a085-155d7a933709@group-1BBB9C408696: shutdown
2019-09-24 23:23:24,868 [ForkJoinPool.commonPool-worker-1] INFO  impl.RaftServerImpl (RaftServerImpl.java:lambda$shutdown$3(251)) - e20300c2-033d-4ad5-a085-155d7a933709@group-5AC1E90E483A: shutdown
2019-09-24 23:23:24,868 [main] INFO  util.JmxRegister (JmxRegister.java:unregister(73)) - Successfully un-registered JMX Bean with object name Ratis:service=RaftServer,group=group-1BBB9C408696,id=e20300c2-033d-4ad5-a085-155d7a933709
2019-09-24 23:23:24,869 [ForkJoinPool.commonPool-worker-1] INFO  util.JmxRegister (JmxRegister.java:unregister(73)) - Successfully un-registered JMX Bean with object name Ratis:service=RaftServer,group=group-5AC1E90E483A,id=e20300c2-033d-4ad5-a085-155d7a933709
2019-09-24 23:23:24,869 [main] INFO  impl.RoleInfo (RoleInfo.java:shutdownFollowerState(121)) - e20300c2-033d-4ad5-a085-155d7a933709: shutdown FollowerState
2019-09-24 23:23:24,869 [ForkJoinPool.commonPool-worker-1] INFO  impl.RoleInfo (RoleInfo.java:shutdownFollowerState(121)) - e20300c2-033d-4ad5-a085-155d7a933709: shutdown FollowerState
2019-09-24 23:23:24,870 [Thread-582] INFO  impl.FollowerState (FollowerState.java:run(115)) - e20300c2-033d-4ad5-a085-155d7a933709: FollowerState was interrupted: java.lang.InterruptedException: sleep interrupted
2019-09-24 23:23:24,870 [Thread-578] INFO  impl.FollowerState (FollowerState.java:run(115)) - e20300c2-033d-4ad5-a085-155d7a933709: FollowerState was interrupted: java.lang.InterruptedException: sleep interrupted
2019-09-24 23:23:24,870 [main] INFO  impl.StateMachineUpdater (StateMachineUpdater.java:stopAndJoin(125)) - e20300c2-033d-4ad5-a085-155d7a933709@group-1BBB9C408696-StateMachineUpdater: set stopIndex = -1
2019-09-24 23:23:24,872 [main] INFO  impl.RaftServerImpl (ServerState.java:close(385)) - e20300c2-033d-4ad5-a085-155d7a933709@group-1BBB9C408696: closes. applyIndex: -1
2019-09-24 23:23:24,870 [ForkJoinPool.commonPool-worker-1] INFO  impl.StateMachineUpdater (StateMachineUpdater.java:stopAndJoin(125)) - e20300c2-033d-4ad5-a085-155d7a933709@group-5AC1E90E483A-StateMachineUpdater: set stopIndex = 0
2019-09-24 23:23:24,873 [e20300c2-033d-4ad5-a085-155d7a933709@group-1BBB9C408696-SegmentedRaftLogWorker] INFO  segmented.SegmentedRaftLogWorker (SegmentedRaftLogWorker.java:run(313)) - e20300c2-033d-4ad5-a085-155d7a933709@group-1BBB9C408696-SegmentedRaftLogWorker was interrupted, exiting. There are 0 tasks remaining in the queue.
2019-09-24 23:23:24,873 [ForkJoinPool.commonPool-worker-1] INFO  impl.RaftServerImpl (ServerState.java:close(385)) - e20300c2-033d-4ad5-a085-155d7a933709@group-5AC1E90E483A: closes. applyIndex: 0
2019-09-24 23:23:24,873 [main] INFO  segmented.SegmentedRaftLogWorker (SegmentedRaftLogWorker.java:close(228)) - e20300c2-033d-4ad5-a085-155d7a933709@group-1BBB9C408696-SegmentedRaftLogWorker close()
2019-09-24 23:23:24,874 [e20300c2-033d-4ad5-a085-155d7a933709@group-5AC1E90E483A-SegmentedRaftLogWorker] INFO  segmented.SegmentedRaftLogWorker (SegmentedRaftLogWorker.java:run(313)) - e20300c2-033d-4ad5-a085-155d7a933709@group-5AC1E90E483A-SegmentedRaftLogWorker was interrupted, exiting. There are 0 tasks remaining in the queue.
2019-09-24 23:23:24,875 [ForkJoinPool.commonPool-worker-1] INFO  segmented.SegmentedRaftLogWorker (SegmentedRaftLogWorker.java:close(228)) - e20300c2-033d-4ad5-a085-155d7a933709@group-5AC1E90E483A-SegmentedRaftLogWorker close()
2019-09-24 23:23:24,876 [ForkJoinPool.commonPool-worker-1] INFO  impl.RaftServerImpl (RaftServerImpl.java:lambda$shutdown$3(251)) - e20300c2-033d-4ad5-a085-155d7a933709@group-18474DA75312: shutdown
2019-09-24 23:23:24,876 [ForkJoinPool.commonPool-worker-1] INFO  util.JmxRegister (JmxRegister.java:unregister(73)) - Successfully un-registered JMX Bean with object name Ratis:service=RaftServer,group=group-18474DA75312,id=e20300c2-033d-4ad5-a085-155d7a933709
2019-09-24 23:23:24,877 [ForkJoinPool.commonPool-worker-1] INFO  impl.RoleInfo (RoleInfo.java:shutdownLeaderState(104)) - e20300c2-033d-4ad5-a085-155d7a933709: shutdown LeaderState
2019-09-24 23:23:24,877 [ForkJoinPool.commonPool-worker-1] INFO  impl.PendingRequests (PendingRequests.java:sendNotLeaderResponses(202)) - e20300c2-033d-4ad5-a085-155d7a933709-PendingRequests: sendNotLeaderResponses
2019-09-24 23:23:24,877 [ForkJoinPool.commonPool-worker-1] INFO  impl.StateMachineUpdater (StateMachineUpdater.java:stopAndJoin(125)) - e20300c2-033d-4ad5-a085-155d7a933709@group-18474DA75312-StateMachineUpdater: set stopIndex = 0
2019-09-24 23:23:24,878 [ForkJoinPool.commonPool-worker-1] INFO  impl.RaftServerImpl (ServerState.java:close(385)) - e20300c2-033d-4ad5-a085-155d7a933709@group-18474DA75312: closes. applyIndex: 0
2019-09-24 23:23:24,879 [e20300c2-033d-4ad5-a085-155d7a933709@group-18474DA75312-SegmentedRaftLogWorker] INFO  segmented.SegmentedRaftLogWorker (SegmentedRaftLogWorker.java:run(313)) - e20300c2-033d-4ad5-a085-155d7a933709@group-18474DA75312-SegmentedRaftLogWorker was interrupted, exiting. There are 0 tasks remaining in the queue.
2019-09-24 23:23:24,879 [ForkJoinPool.commonPool-worker-1] INFO  segmented.SegmentedRaftLogWorker (SegmentedRaftLogWorker.java:close(228)) - e20300c2-033d-4ad5-a085-155d7a933709@group-18474DA75312-SegmentedRaftLogWorker close()
2019-09-24 23:23:24,880 [main] INFO  server.GrpcService (GrpcService.java:closeImpl(164)) - e20300c2-033d-4ad5-a085-155d7a933709: shutdown server with port 45929 now
2019-09-24 23:23:24,887 [main] INFO  server.GrpcService (GrpcService.java:closeImpl(172)) - e20300c2-033d-4ad5-a085-155d7a933709: shutdown server with port 45929 successfully
2019-09-24 23:23:24,897 [refreshUsed-/workdir/hadoop-ozone/integration-test/target/test-dir/MiniOzoneClusterImpl-8c4156f6-ba4f-4261-a5fa-d2631acace6e/datanode-5/data/containers] WARN  fs.CachingGetSpaceUsed (CachingGetSpaceUsed.java:run(183)) - Thread Interrupted waiting to refresh disk information: sleep interrupted
2019-09-24 23:23:24,916 [main] INFO  utils.BackgroundService (BackgroundService.java:shutdown(148)) - Shutting down service BlockDeletingService
2019-09-24 23:23:24,919 [main] INFO  statemachine.DatanodeStateMachine (DatanodeStateMachine.java:stopDaemon(395)) - Ozone container server stopped.
2019-09-24 23:23:24,920 [main] INFO  handler.ContextHandler (ContextHandler.java:doStop(910)) - Stopped o.e.j.w.WebAppContext@3a26ec8d{/,null,UNAVAILABLE}{/hddsDatanode}
2019-09-24 23:23:24,921 [main] INFO  server.AbstractConnector (AbstractConnector.java:doStop(318)) - Stopped ServerConnector@17143b3b{HTTP/1.1,[http/1.1]}{0.0.0.0:0}
2019-09-24 23:23:24,922 [main] INFO  handler.ContextHandler (ContextHandler.java:doStop(910)) - Stopped o.e.j.s.ServletContextHandler@21505815{/static,jar:file:/home/user/.m2/repository/org/apache/hadoop/hadoop-hdds-container-service/0.5.0-SNAPSHOT/hadoop-hdds-container-service-0.5.0-SNAPSHOT.jar!/webapps/static,UNAVAILABLE}
2019-09-24 23:23:24,922 [main] INFO  handler.ContextHandler (ContextHandler.java:doStop(910)) - Stopped o.e.j.s.ServletContextHandler@534180a2{/logs,file:///workdir/hadoop-ozone/integration-test/target/log,UNAVAILABLE}
2019-09-24 23:23:24,923 [main] INFO  ozone.MiniOzoneClusterImpl (MiniOzoneClusterImpl.java:stopSCM(392)) - Stopping the StorageContainerManager
2019-09-24 23:23:24,924 [main] INFO  server.StorageContainerManager (StorageContainerManager.java:stop(808)) - Stopping Replication Manager Service.
2019-09-24 23:23:24,924 [main] INFO  container.ReplicationManager (ReplicationManager.java:stop(203)) - Stopping Replication Monitor Thread.
2019-09-24 23:23:24,924 [main] INFO  server.StorageContainerManager (StorageContainerManager.java:stop(815)) - Stopping Lease Manager of the command watchers
2019-09-24 23:23:24,924 [main] INFO  server.StorageContainerManager (StorageContainerManager.java:stop(822)) - Stopping datanode service RPC server
2019-09-24 23:23:24,924 [main] INFO  server.SCMDatanodeProtocolServer (SCMDatanodeProtocolServer.java:stop(367)) - Stopping the RPC server for DataNodes
2019-09-24 23:23:24,925 [main] INFO  ipc.Server (Server.java:stop(3082)) - Stopping server on 45718
2019-09-24 23:23:24,927 [IPC Server listener on 45718] INFO  ipc.Server (Server.java:run(1185)) - Stopping IPC Server listener on 45718
2019-09-24 23:23:24,928 [IPC Server Responder] INFO  ipc.Server (Server.java:run(1319)) - Stopping IPC Server Responder
2019-09-24 23:23:24,933 [SCM Heartbeat Processing Thread - 0] WARN  node.NodeStateManager (NodeStateManager.java:scheduleNextHealthCheck(646)) - Current Thread is interrupted, shutting down HB processing thread for Node Manager.
2019-09-24 23:23:24,933 [main] INFO  server.StorageContainerManager (StorageContainerManager.java:stop(830)) - Stopping block service RPC server
2019-09-24 23:23:24,933 [main] INFO  server.SCMBlockProtocolServer (SCMBlockProtocolServer.java:stop(155)) - Stopping the RPC server for Block Protocol
2019-09-24 23:23:24,933 [main] INFO  ipc.Server (Server.java:stop(3082)) - Stopping server on 32857
2019-09-24 23:23:24,936 [IPC Server listener on 32857] INFO  ipc.Server (Server.java:run(1185)) - Stopping IPC Server listener on 32857
2019-09-24 23:23:24,936 [main] INFO  server.StorageContainerManager (StorageContainerManager.java:stop(837)) - Stopping the StorageContainerLocationProtocol RPC server
2019-09-24 23:23:24,936 [IPC Server Responder] INFO  ipc.Server (Server.java:run(1319)) - Stopping IPC Server Responder
2019-09-24 23:23:24,936 [main] INFO  server.SCMClientProtocolServer (SCMClientProtocolServer.java:stop(159)) - Stopping the RPC server for Client Protocol
2019-09-24 23:23:24,936 [main] INFO  ipc.Server (Server.java:stop(3082)) - Stopping server on 35650
2019-09-24 23:23:24,940 [IPC Server listener on 35650] INFO  ipc.Server (Server.java:run(1185)) - Stopping IPC Server listener on 35650
2019-09-24 23:23:24,940 [main] INFO  server.StorageContainerManager (StorageContainerManager.java:stop(844)) - Stopping Storage Container Manager HTTP server.
2019-09-24 23:23:24,940 [IPC Server Responder] INFO  ipc.Server (Server.java:run(1319)) - Stopping IPC Server Responder
2019-09-24 23:23:24,941 [main] INFO  handler.ContextHandler (ContextHandler.java:doStop(910)) - Stopped o.e.j.w.WebAppContext@7555b920{/,null,UNAVAILABLE}{/scm}
2019-09-24 23:23:24,942 [main] INFO  server.AbstractConnector (AbstractConnector.java:doStop(318)) - Stopped ServerConnector@6db66836{HTTP/1.1,[http/1.1]}{0.0.0.0:0}
2019-09-24 23:23:24,942 [main] INFO  handler.ContextHandler (ContextHandler.java:doStop(910)) - Stopped o.e.j.s.ServletContextHandler@6622fc65{/static,file:///workdir/hadoop-ozone/integration-test/target/test-classes/webapps/static,UNAVAILABLE}
2019-09-24 23:23:24,942 [main] INFO  handler.ContextHandler (ContextHandler.java:doStop(910)) - Stopped o.e.j.s.ServletContextHandler@732f29af{/logs,file:///workdir/hadoop-ozone/integration-test/target/log,UNAVAILABLE}
2019-09-24 23:23:24,943 [main] INFO  server.StorageContainerManager (StorageContainerManager.java:stop(855)) - Stopping Block Manager Service.
2019-09-24 23:23:24,944 [main] INFO  utils.BackgroundService (BackgroundService.java:shutdown(148)) - Shutting down service SCMBlockDeletingService
2019-09-24 23:23:24,944 [main] INFO  utils.BackgroundService (BackgroundService.java:shutdown(148)) - Shutting down service SCMBlockDeletingService
2019-09-24 23:23:24,945 [main] INFO  server.StorageContainerManager (StorageContainerManager.java:stop(877)) - Stopping SCM Event Queue.
2019-09-24 23:23:24,953 [main] INFO  impl.MetricsSystemImpl (MetricsSystemImpl.java:stop(210)) - Stopping ratis metrics system...
2019-09-24 23:23:24,964 [prometheus] INFO  impl.MetricsSinkAdapter (MetricsSinkAdapter.java:publishMetricsFromQueue(141)) - prometheus thread interrupted.
2019-09-24 23:23:24,964 [main] INFO  impl.MetricsSystemImpl (MetricsSystemImpl.java:stop(216)) - ratis metrics system stopped.
]]></system-out>
    <system-err><![CDATA[ERROR StatusLogger No Log4j 2 configuration file found. Using default configuration (logging only errors to the console), or user programmatically provided configurations. Set system property 'log4j2.debug' to show Log4j 2 internal initialization logging. See https://logging.apache.org/log4j/2.x/manual/configuration.html for instructions on how to configure Log4j 2
Sep 24, 2019 11:23:09 PM org.apache.ratis.thirdparty.io.grpc.internal.SerializingExecutor run
SEVERE: Exception while executing runnable org.apache.ratis.thirdparty.io.grpc.internal.ServerImpl$JumpToApplicationThreadServerStreamListener$1Closed@503ea09f
org.apache.ratis.thirdparty.io.grpc.StatusRuntimeException: CANCELLED: call already cancelled
	at org.apache.ratis.thirdparty.io.grpc.Status.asRuntimeException(Status.java:517)
	at org.apache.ratis.thirdparty.io.grpc.stub.ServerCalls$ServerCallStreamObserverImpl.onCompleted(ServerCalls.java:356)
	at org.apache.ratis.grpc.server.GrpcServerProtocolService$ServerRequestStreamObserver.onError(GrpcServerProtocolService.java:121)
	at org.apache.ratis.thirdparty.io.grpc.stub.ServerCalls$StreamingServerCallHandler$StreamingServerCallListener.onCancel(ServerCalls.java:269)
	at org.apache.ratis.thirdparty.io.grpc.internal.ServerCallImpl$ServerStreamListenerImpl.closed(ServerCallImpl.java:293)
	at org.apache.ratis.thirdparty.io.grpc.internal.ServerImpl$JumpToApplicationThreadServerStreamListener$1Closed.runInContext(ServerImpl.java:741)
	at org.apache.ratis.thirdparty.io.grpc.internal.ContextRunnable.run(ContextRunnable.java:37)
	at org.apache.ratis.thirdparty.io.grpc.internal.SerializingExecutor.run(SerializingExecutor.java:123)
	at java.util.concurrent.ThreadPoolExecutor.runWorker(ThreadPoolExecutor.java:1149)
	at java.util.concurrent.ThreadPoolExecutor$Worker.run(ThreadPoolExecutor.java:624)
	at java.lang.Thread.run(Thread.java:748)

Sep 24, 2019 11:23:19 PM org.apache.ratis.thirdparty.io.grpc.internal.SerializingExecutor run
SEVERE: Exception while executing runnable org.apache.ratis.thirdparty.io.grpc.internal.ServerImpl$JumpToApplicationThreadServerStreamListener$1Closed@7bda0ccc
org.apache.ratis.thirdparty.io.grpc.StatusRuntimeException: CANCELLED: call already cancelled
	at org.apache.ratis.thirdparty.io.grpc.Status.asRuntimeException(Status.java:517)
	at org.apache.ratis.thirdparty.io.grpc.stub.ServerCalls$ServerCallStreamObserverImpl.onCompleted(ServerCalls.java:356)
	at org.apache.ratis.grpc.server.GrpcServerProtocolService$ServerRequestStreamObserver.onError(GrpcServerProtocolService.java:121)
	at org.apache.ratis.thirdparty.io.grpc.stub.ServerCalls$StreamingServerCallHandler$StreamingServerCallListener.onCancel(ServerCalls.java:269)
	at org.apache.ratis.thirdparty.io.grpc.internal.ServerCallImpl$ServerStreamListenerImpl.closed(ServerCallImpl.java:293)
	at org.apache.ratis.thirdparty.io.grpc.internal.ServerImpl$JumpToApplicationThreadServerStreamListener$1Closed.runInContext(ServerImpl.java:741)
	at org.apache.ratis.thirdparty.io.grpc.internal.ContextRunnable.run(ContextRunnable.java:37)
	at org.apache.ratis.thirdparty.io.grpc.internal.SerializingExecutor.run(SerializingExecutor.java:123)
	at java.util.concurrent.ThreadPoolExecutor.runWorker(ThreadPoolExecutor.java:1149)
	at java.util.concurrent.ThreadPoolExecutor$Worker.run(ThreadPoolExecutor.java:624)
	at java.lang.Thread.run(Thread.java:748)

]]></system-err>
  </testcase>
</testsuite>