<?xml version="1.0" encoding="UTF-8"?>
<testsuite xmlns:xsi="http://www.w3.org/2001/XMLSchema-instance" xsi:noNamespaceSchemaLocation="https://maven.apache.org/surefire/maven-surefire-plugin/xsd/surefire-test-report.xsd" name="org.apache.hadoop.ozone.client.rpc.TestBlockOutputStreamWithFailures" time="698.895" tests="8" errors="0" skipped="0" failures="1">
  <properties>
    <property name="awt.toolkit" value="sun.awt.X11.XToolkit"/>
    <property name="file.encoding.pkg" value="sun.io"/>
    <property name="java.specification.version" value="1.8"/>
    <property name="sun.cpu.isalist" value=""/>
    <property name="sun.jnu.encoding" value="UTF-8"/>
    <property name="java.class.path" value="/workdir/hadoop-ozone/integration-test/target/test-classes:/workdir/hadoop-ozone/integration-test/target/classes:/home/user/.m2/repository/org/apache/hadoop/hadoop-ozone-common/0.5.0-SNAPSHOT/hadoop-ozone-common-0.5.0-SNAPSHOT.jar:/home/user/.m2/repository/org/apache/commons/commons-compress/1.4.1/commons-compress-1.4.1.jar:/home/user/.m2/repository/org/tukaani/xz/1.0/xz-1.0.jar:/home/user/.m2/repository/org/apache/hadoop/hadoop-common/3.2.0/hadoop-common-3.2.0.jar:/home/user/.m2/repository/org/apache/hadoop/hadoop-hdfs/3.2.0/hadoop-hdfs-3.2.0.jar:/home/user/.m2/repository/org/apache/hadoop/hadoop-hdfs-client/3.2.0/hadoop-hdfs-client-3.2.0.jar:/home/user/.m2/repository/com/fasterxml/jackson/core/jackson-annotations/2.9.5/jackson-annotations-2.9.5.jar:/home/user/.m2/repository/org/apache/hadoop/hadoop-hdds-common/0.5.0-SNAPSHOT/hadoop-hdds-common-0.5.0-SNAPSHOT.jar:/home/user/.m2/repository/javax/annotation/javax.annotation-api/1.2/javax.annotation-api-1.2.jar:/home/user/.m2/repository/org/apache/ratis/ratis-server/0.4.0-2337318-SNAPSHOT/ratis-server-0.4.0-2337318-SNAPSHOT.jar:/home/user/.m2/repository/org/apache/ratis/ratis-thirdparty-misc/0.2.0/ratis-thirdparty-misc-0.2.0.jar:/home/user/.m2/repository/org/apache/ratis/ratis-proto/0.4.0-2337318-SNAPSHOT/ratis-proto-0.4.0-2337318-SNAPSHOT.jar:/home/user/.m2/repository/org/apache/ratis/ratis-common/0.4.0-2337318-SNAPSHOT/ratis-common-0.4.0-2337318-SNAPSHOT.jar:/home/user/.m2/repository/org/apache/ratis/ratis-client/0.4.0-2337318-SNAPSHOT/ratis-client-0.4.0-2337318-SNAPSHOT.jar:/home/user/.m2/repository/org/apache/ratis/ratis-metrics/0.4.0-2337318-SNAPSHOT/ratis-metrics-0.4.0-2337318-SNAPSHOT.jar:/home/user/.m2/repository/org/apache/ratis/ratis-netty/0.4.0-2337318-SNAPSHOT/ratis-netty-0.4.0-2337318-SNAPSHOT.jar:/home/user/.m2/repository/org/apache/ratis/ratis-grpc/0.4.0-2337318-SNAPSHOT/ratis-grpc-0.4.0-2337318-SNAPSHOT.jar:/home/user/.m2/repository/org/rocksdb/rocksdbjni/6.0.1/rocksdbjni-6.0.1.jar:/home/user/.m2/repository/org/apache/logging/log4j/log4j-api/2.11.0/log4j-api-2.11.0.jar:/home/user/.m2/repository/org/apache/logging/log4j/log4j-core/2.11.0/log4j-core-2.11.0.jar:/home/user/.m2/repository/com/lmax/disruptor/3.4.2/disruptor-3.4.2.jar:/home/user/.m2/repository/org/apache/commons/commons-pool2/2.6.0/commons-pool2-2.6.0.jar:/home/user/.m2/repository/org/bouncycastle/bcpkix-jdk15on/1.60/bcpkix-jdk15on-1.60.jar:/home/user/.m2/repository/commons-validator/commons-validator/1.6/commons-validator-1.6.jar:/home/user/.m2/repository/commons-digester/commons-digester/1.8.1/commons-digester-1.8.1.jar:/home/user/.m2/repository/io/jaegertracing/jaeger-client/0.33.1/jaeger-client-0.33.1.jar:/home/user/.m2/repository/io/jaegertracing/jaeger-thrift/0.33.1/jaeger-thrift-0.33.1.jar:/home/user/.m2/repository/org/apache/thrift/libthrift/0.11.0/libthrift-0.11.0.jar:/home/user/.m2/repository/com/squareup/okhttp3/okhttp/3.9.0/okhttp-3.9.0.jar:/home/user/.m2/repository/com/squareup/okio/okio/1.13.0/okio-1.13.0.jar:/home/user/.m2/repository/io/jaegertracing/jaeger-core/0.33.1/jaeger-core-0.33.1.jar:/home/user/.m2/repository/io/jaegertracing/jaeger-tracerresolver/0.33.1/jaeger-tracerresolver-0.33.1.jar:/home/user/.m2/repository/io/opentracing/contrib/opentracing-tracerresolver/0.1.5/opentracing-tracerresolver-0.1.5.jar:/home/user/.m2/repository/io/opentracing/opentracing-util/0.31.0/opentracing-util-0.31.0.jar:/home/user/.m2/repository/io/opentracing/opentracing-api/0.31.0/opentracing-api-0.31.0.jar:/home/user/.m2/repository/io/opentracing/opentracing-noop/0.31.0/opentracing-noop-0.31.0.jar:/home/user/.m2/repository/org/apache/hadoop/hadoop-hdds-server-framework/0.5.0-SNAPSHOT/hadoop-hdds-server-framework-0.5.0-SNAPSHOT.jar:/home/user/.m2/repository/org/apache/hadoop/hadoop-hdds-container-service/0.5.0-SNAPSHOT/hadoop-hdds-container-service-0.5.0-SNAPSHOT.jar:/home/user/.m2/repository/org/apache/hadoop/hadoop-hdds-client/0.5.0-SNAPSHOT/hadoop-hdds-client-0.5.0-SNAPSHOT.jar:/home/user/.m2/repository/org/apache/hadoop/hadoop-hdds-tools/0.5.0-SNAPSHOT/hadoop-hdds-tools-0.5.0-SNAPSHOT.jar:/home/user/.m2/repository/org/apache/hadoop/hadoop-hdds-server-scm/0.5.0-SNAPSHOT/hadoop-hdds-server-scm-0.5.0-SNAPSHOT.jar:/home/user/.m2/repository/org/apache/hadoop/hadoop-hdds-docs/0.5.0-SNAPSHOT/hadoop-hdds-docs-0.5.0-SNAPSHOT.jar:/home/user/.m2/repository/io/dropwizard/metrics/metrics-core/3.2.4/metrics-core-3.2.4.jar:/home/user/.m2/repository/org/hamcrest/hamcrest-all/1.3/hamcrest-all-1.3.jar:/home/user/.m2/repository/org/bouncycastle/bcprov-jdk15on/1.60/bcprov-jdk15on-1.60.jar:/home/user/.m2/repository/info/picocli/picocli/3.9.6/picocli-3.9.6.jar:/home/user/.m2/repository/com/google/protobuf/protobuf-java/2.5.0/protobuf-java-2.5.0.jar:/home/user/.m2/repository/com/google/guava/guava/11.0.2/guava-11.0.2.jar:/home/user/.m2/repository/org/apache/hadoop/hadoop-ozone-ozone-manager/0.5.0-SNAPSHOT/hadoop-ozone-ozone-manager-0.5.0-SNAPSHOT.jar:/home/user/.m2/repository/org/apache/hadoop/hadoop-minikdc/3.2.0/hadoop-minikdc-3.2.0.jar:/home/user/.m2/repository/commons-io/commons-io/2.5/commons-io-2.5.jar:/home/user/.m2/repository/org/apache/kerby/kerb-simplekdc/1.0.1/kerb-simplekdc-1.0.1.jar:/home/user/.m2/repository/org/apache/kerby/kerb-client/1.0.1/kerb-client-1.0.1.jar:/home/user/.m2/repository/org/apache/kerby/kerby-config/1.0.1/kerby-config-1.0.1.jar:/home/user/.m2/repository/org/apache/kerby/kerb-core/1.0.1/kerb-core-1.0.1.jar:/home/user/.m2/repository/org/apache/kerby/kerby-pkix/1.0.1/kerby-pkix-1.0.1.jar:/home/user/.m2/repository/org/apache/kerby/kerby-asn1/1.0.1/kerby-asn1-1.0.1.jar:/home/user/.m2/repository/org/apache/kerby/kerby-util/1.0.1/kerby-util-1.0.1.jar:/home/user/.m2/repository/org/apache/kerby/kerb-common/1.0.1/kerb-common-1.0.1.jar:/home/user/.m2/repository/org/apache/kerby/kerb-crypto/1.0.1/kerb-crypto-1.0.1.jar:/home/user/.m2/repository/org/apache/kerby/kerb-util/1.0.1/kerb-util-1.0.1.jar:/home/user/.m2/repository/org/apache/kerby/token-provider/1.0.1/token-provider-1.0.1.jar:/home/user/.m2/repository/org/apache/kerby/kerb-admin/1.0.1/kerb-admin-1.0.1.jar:/home/user/.m2/repository/org/apache/kerby/kerb-server/1.0.1/kerb-server-1.0.1.jar:/home/user/.m2/repository/org/apache/kerby/kerb-identity/1.0.1/kerb-identity-1.0.1.jar:/home/user/.m2/repository/org/apache/kerby/kerby-xdr/1.0.1/kerby-xdr-1.0.1.jar:/home/user/.m2/repository/org/slf4j/slf4j-log4j12/1.7.25/slf4j-log4j12-1.7.25.jar:/home/user/.m2/repository/org/apache/hadoop/hadoop-ozone-objectstore-service/0.5.0-SNAPSHOT/hadoop-ozone-objectstore-service-0.5.0-SNAPSHOT.jar:/home/user/.m2/repository/org/apache/hadoop/hadoop-ozone-s3gateway/0.5.0-SNAPSHOT/hadoop-ozone-s3gateway-0.5.0-SNAPSHOT.jar:/home/user/.m2/repository/org/jboss/weld/servlet/weld-servlet/2.4.7.Final/weld-servlet-2.4.7.Final.jar:/home/user/.m2/repository/org/glassfish/jersey/containers/jersey-container-servlet-core/2.27/jersey-container-servlet-core-2.27.jar:/home/user/.m2/repository/org/glassfish/hk2/external/javax.inject/2.5.0-b42/javax.inject-2.5.0-b42.jar:/home/user/.m2/repository/org/glassfish/jersey/core/jersey-common/2.27/jersey-common-2.27.jar:/home/user/.m2/repository/org/glassfish/hk2/osgi-resource-locator/1.0.1/osgi-resource-locator-1.0.1.jar:/home/user/.m2/repository/javax/ws/rs/javax.ws.rs-api/2.1/javax.ws.rs-api-2.1.jar:/home/user/.m2/repository/org/glassfish/jersey/ext/cdi/jersey-cdi1x/2.27/jersey-cdi1x-2.27.jar:/home/user/.m2/repository/org/glassfish/jersey/inject/jersey-hk2/2.27/jersey-hk2-2.27.jar:/home/user/.m2/repository/org/glassfish/hk2/hk2-locator/2.5.0-b42/hk2-locator-2.5.0-b42.jar:/home/user/.m2/repository/org/javassist/javassist/3.22.0-CR2/javassist-3.22.0-CR2.jar:/home/user/.m2/repository/org/glassfish/hk2/hk2-api/2.5.0/hk2-api-2.5.0.jar:/home/user/.m2/repository/org/glassfish/hk2/external/jakarta.inject/2.5.0/jakarta.inject-2.5.0.jar:/home/user/.m2/repository/org/glassfish/hk2/hk2-utils/2.5.0/hk2-utils-2.5.0.jar:/home/user/.m2/repository/jakarta/annotation/jakarta.annotation-api/1.3.4/jakarta.annotation-api-1.3.4.jar:/home/user/.m2/repository/org/glassfish/hk2/external/aopalliance-repackaged/2.5.0/aopalliance-repackaged-2.5.0.jar:/home/user/.m2/repository/com/fasterxml/jackson/dataformat/jackson-dataformat-xml/2.9.0/jackson-dataformat-xml-2.9.0.jar:/home/user/.m2/repository/com/fasterxml/jackson/core/jackson-core/2.9.5/jackson-core-2.9.5.jar:/home/user/.m2/repository/com/fasterxml/jackson/module/jackson-module-jaxb-annotations/2.9.5/jackson-module-jaxb-annotations-2.9.5.jar:/home/user/.m2/repository/javax/enterprise/cdi-api/1.2/cdi-api-1.2.jar:/home/user/.m2/repository/javax/el/javax.el-api/3.0.0/javax.el-api-3.0.0.jar:/home/user/.m2/repository/javax/interceptor/javax.interceptor-api/1.2/javax.interceptor-api-1.2.jar:/home/user/.m2/repository/javax/inject/javax.inject/1/javax.inject-1.jar:/home/user/.m2/repository/com/sun/xml/bind/jaxb-impl/2.3.0.1/jaxb-impl-2.3.0.1.jar:/home/user/.m2/repository/com/sun/xml/bind/jaxb-core/2.3.0.1/jaxb-core-2.3.0.1.jar:/home/user/.m2/repository/javax/xml/bind/jaxb-api/2.3.0/jaxb-api-2.3.0.jar:/home/user/.m2/repository/javax/activation/activation/1.1.1/activation-1.1.1.jar:/home/user/.m2/repository/org/apache/hadoop/hadoop-ozone-csi/0.5.0-SNAPSHOT/hadoop-ozone-csi-0.5.0-SNAPSHOT.jar:/home/user/.m2/repository/com/google/protobuf/protobuf-java-util/3.5.1/protobuf-java-util-3.5.1.jar:/home/user/.m2/repository/org/apache/hadoop/hadoop-hdds-config/0.5.0-SNAPSHOT/hadoop-hdds-config-0.5.0-SNAPSHOT.jar:/home/user/.m2/repository/io/grpc/grpc-netty/1.17.1/grpc-netty-1.17.1.jar:/home/user/.m2/repository/io/grpc/grpc-core/1.17.1/grpc-core-1.17.1.jar:/home/user/.m2/repository/io/grpc/grpc-context/1.17.1/grpc-context-1.17.1.jar:/home/user/.m2/repository/com/google/errorprone/error_prone_annotations/2.2.0/error_prone_annotations-2.2.0.jar:/home/user/.m2/repository/org/codehaus/mojo/animal-sniffer-annotations/1.17/animal-sniffer-annotations-1.17.jar:/home/user/.m2/repository/io/opencensus/opencensus-api/0.17.0/opencensus-api-0.17.0.jar:/home/user/.m2/repository/io/opencensus/opencensus-contrib-grpc-metrics/0.17.0/opencensus-contrib-grpc-metrics-0.17.0.jar:/home/user/.m2/repository/io/netty/netty-codec-http2/4.1.30.Final/netty-codec-http2-4.1.30.Final.jar:/home/user/.m2/repository/io/netty/netty-codec-http/4.1.30.Final/netty-codec-http-4.1.30.Final.jar:/home/user/.m2/repository/io/netty/netty-codec/4.1.30.Final/netty-codec-4.1.30.Final.jar:/home/user/.m2/repository/io/netty/netty-handler/4.1.30.Final/netty-handler-4.1.30.Final.jar:/home/user/.m2/repository/io/netty/netty-handler-proxy/4.1.30.Final/netty-handler-proxy-4.1.30.Final.jar:/home/user/.m2/repository/io/netty/netty-codec-socks/4.1.30.Final/netty-codec-socks-4.1.30.Final.jar:/home/user/.m2/repository/io/netty/netty-transport-native-epoll/4.1.30.Final/netty-transport-native-epoll-4.1.30.Final.jar:/home/user/.m2/repository/io/netty/netty-common/4.1.30.Final/netty-common-4.1.30.Final.jar:/home/user/.m2/repository/io/netty/netty-buffer/4.1.30.Final/netty-buffer-4.1.30.Final.jar:/home/user/.m2/repository/io/netty/netty-transport/4.1.30.Final/netty-transport-4.1.30.Final.jar:/home/user/.m2/repository/io/netty/netty-resolver/4.1.30.Final/netty-resolver-4.1.30.Final.jar:/home/user/.m2/repository/io/netty/netty-transport-native-unix-common/4.1.30.Final/netty-transport-native-unix-common-4.1.30.Final.jar:/home/user/.m2/repository/io/grpc/grpc-protobuf/1.17.1/grpc-protobuf-1.17.1.jar:/home/user/.m2/repository/com/google/api/grpc/proto-google-common-protos/1.0.0/proto-google-common-protos-1.0.0.jar:/home/user/.m2/repository/io/grpc/grpc-protobuf-lite/1.17.1/grpc-protobuf-lite-1.17.1.jar:/home/user/.m2/repository/io/grpc/grpc-stub/1.17.1/grpc-stub-1.17.1.jar:/home/user/.m2/repository/org/apache/hadoop/hadoop-ozone-recon/0.5.0-SNAPSHOT/hadoop-ozone-recon-0.5.0-SNAPSHOT.jar:/home/user/.m2/repository/org/apache/hadoop/hadoop-ozone-reconcodegen/0.5.0-SNAPSHOT/hadoop-ozone-reconcodegen-0.5.0-SNAPSHOT.jar:/home/user/.m2/repository/com/google/inject/extensions/guice-multibindings/4.0/guice-multibindings-4.0.jar:/home/user/.m2/repository/com/google/inject/guice/4.0/guice-4.0.jar:/home/user/.m2/repository/aopalliance/aopalliance/1.0/aopalliance-1.0.jar:/home/user/.m2/repository/com/google/inject/extensions/guice-servlet/4.0/guice-servlet-4.0.jar:/home/user/.m2/repository/org/glassfish/jersey/containers/jersey-container-servlet/2.27/jersey-container-servlet-2.27.jar:/home/user/.m2/repository/org/glassfish/hk2/guice-bridge/2.5.0/guice-bridge-2.5.0.jar:/home/user/.m2/repository/org/glassfish/jersey/core/jersey-server/2.27/jersey-server-2.27.jar:/home/user/.m2/repository/org/glassfish/jersey/core/jersey-client/2.27/jersey-client-2.27.jar:/home/user/.m2/repository/org/glassfish/jersey/media/jersey-media-jaxb/2.27/jersey-media-jaxb-2.27.jar:/home/user/.m2/repository/javax/validation/validation-api/1.1.0.Final/validation-api-1.1.0.Final.jar:/home/user/.m2/repository/org/glassfish/jersey/media/jersey-media-json-jackson/2.27/jersey-media-json-jackson-2.27.jar:/home/user/.m2/repository/org/glassfish/jersey/ext/jersey-entity-filtering/2.27/jersey-entity-filtering-2.27.jar:/home/user/.m2/repository/com/google/inject/extensions/guice-assistedinject/4.0/guice-assistedinject-4.0.jar:/home/user/.m2/repository/org/jooq/jooq/3.11.10/jooq-3.11.10.jar:/home/user/.m2/repository/org/jooq/jooq-meta/3.11.10/jooq-meta-3.11.10.jar:/home/user/.m2/repository/org/jooq/jooq-codegen/3.11.10/jooq-codegen-3.11.10.jar:/home/user/.m2/repository/com/jolbox/bonecp/0.8.0.RELEASE/bonecp-0.8.0.RELEASE.jar:/home/user/.m2/repository/org/xerial/sqlite-jdbc/3.25.2/sqlite-jdbc-3.25.2.jar:/home/user/.m2/repository/org/springframework/spring-jdbc/5.1.3.RELEASE/spring-jdbc-5.1.3.RELEASE.jar:/home/user/.m2/repository/org/springframework/spring-beans/5.1.3.RELEASE/spring-beans-5.1.3.RELEASE.jar:/home/user/.m2/repository/org/springframework/spring-core/5.1.3.RELEASE/spring-core-5.1.3.RELEASE.jar:/home/user/.m2/repository/org/springframework/spring-jcl/5.1.3.RELEASE/spring-jcl-5.1.3.RELEASE.jar:/home/user/.m2/repository/org/springframework/spring-tx/5.1.3.RELEASE/spring-tx-5.1.3.RELEASE.jar:/home/user/.m2/repository/org/apache/hadoop/hadoop-ozone-client/0.5.0-SNAPSHOT/hadoop-ozone-client-0.5.0-SNAPSHOT.jar:/home/user/.m2/repository/commons-lang/commons-lang/2.6/commons-lang-2.6.jar:/home/user/.m2/repository/org/apache/hadoop/hadoop-ozone-ozone-manager/0.5.0-SNAPSHOT/hadoop-ozone-ozone-manager-0.5.0-SNAPSHOT-tests.jar:/home/user/.m2/repository/junit/junit/4.11/junit-4.11.jar:/home/user/.m2/repository/org/hamcrest/hamcrest-core/1.3/hamcrest-core-1.3.jar:/home/user/.m2/repository/org/openjdk/jmh/jmh-core/1.19/jmh-core-1.19.jar:/home/user/.m2/repository/net/sf/jopt-simple/jopt-simple/4.6/jopt-simple-4.6.jar:/home/user/.m2/repository/org/apache/commons/commons-math3/3.1.1/commons-math3-3.1.1.jar:/home/user/.m2/repository/org/openjdk/jmh/jmh-generator-annprocess/1.19/jmh-generator-annprocess-1.19.jar:/home/user/.m2/repository/org/mockito/mockito-all/1.8.5/mockito-all-1.8.5.jar:/home/user/.m2/repository/org/apache/hadoop/hadoop-kms/3.2.0/hadoop-kms-3.2.0.jar:/home/user/.m2/repository/org/apache/hadoop/hadoop-auth/3.2.0/hadoop-auth-3.2.0.jar:/home/user/.m2/repository/com/nimbusds/nimbus-jose-jwt/4.41.1/nimbus-jose-jwt-4.41.1.jar:/home/user/.m2/repository/com/github/stephenc/jcip/jcip-annotations/1.0-1/jcip-annotations-1.0-1.jar:/home/user/.m2/repository/net/minidev/json-smart/2.3/json-smart-2.3.jar:/home/user/.m2/repository/net/minidev/accessors-smart/1.2/accessors-smart-1.2.jar:/home/user/.m2/repository/org/ow2/asm/asm/5.0.4/asm-5.0.4.jar:/home/user/.m2/repository/org/apache/curator/curator-framework/2.12.0/curator-framework-2.12.0.jar:/home/user/.m2/repository/com/sun/jersey/jersey-core/1.19/jersey-core-1.19.jar:/home/user/.m2/repository/javax/ws/rs/jsr311-api/1.1.1/jsr311-api-1.1.1.jar:/home/user/.m2/repository/com/sun/jersey/jersey-server/1.19/jersey-server-1.19.jar:/home/user/.m2/repository/javax/servlet/javax.servlet-api/3.1.0/javax.servlet-api-3.1.0.jar:/home/user/.m2/repository/org/eclipse/jetty/jetty-server/9.3.24.v20180605/jetty-server-9.3.24.v20180605.jar:/home/user/.m2/repository/org/eclipse/jetty/jetty-http/9.3.24.v20180605/jetty-http-9.3.24.v20180605.jar:/home/user/.m2/repository/org/eclipse/jetty/jetty-io/9.3.24.v20180605/jetty-io-9.3.24.v20180605.jar:/home/user/.m2/repository/org/eclipse/jetty/jetty-webapp/9.3.24.v20180605/jetty-webapp-9.3.24.v20180605.jar:/home/user/.m2/repository/org/eclipse/jetty/jetty-xml/9.3.24.v20180605/jetty-xml-9.3.24.v20180605.jar:/home/user/.m2/repository/log4j/log4j/1.2.17/log4j-1.2.17.jar:/home/user/.m2/repository/org/slf4j/slf4j-api/1.7.25/slf4j-api-1.7.25.jar:/home/user/.m2/repository/org/slf4j/jul-to-slf4j/1.7.25/jul-to-slf4j-1.7.25.jar:/home/user/.m2/repository/org/eclipse/jetty/jetty-util/9.3.24.v20180605/jetty-util-9.3.24.v20180605.jar:/home/user/.m2/repository/com/fasterxml/jackson/core/jackson-databind/2.9.5/jackson-databind-2.9.5.jar:/home/user/.m2/repository/org/apache/hadoop/hadoop-kms/3.2.0/hadoop-kms-3.2.0-tests.jar:/home/user/.m2/repository/org/apache/hadoop/hadoop-hdds-server-scm/0.5.0-SNAPSHOT/hadoop-hdds-server-scm-0.5.0-SNAPSHOT-tests.jar:/home/user/.m2/repository/org/apache/hadoop/hadoop-hdds-container-service/0.5.0-SNAPSHOT/hadoop-hdds-container-service-0.5.0-SNAPSHOT-tests.jar:/home/user/.m2/repository/org/yaml/snakeyaml/1.16/snakeyaml-1.16.jar:/home/user/.m2/repository/org/apache/hadoop/hadoop-common/3.2.0/hadoop-common-3.2.0-tests.jar:/home/user/.m2/repository/org/apache/hadoop/hadoop-annotations/3.2.0/hadoop-annotations-3.2.0.jar:/usr/lib/jvm/java-1.8-openjdk/jre/../lib/tools.jar:/home/user/.m2/repository/commons-cli/commons-cli/1.2/commons-cli-1.2.jar:/home/user/.m2/repository/org/apache/httpcomponents/httpclient/4.5.2/httpclient-4.5.2.jar:/home/user/.m2/repository/org/apache/httpcomponents/httpcore/4.4.4/httpcore-4.4.4.jar:/home/user/.m2/repository/commons-codec/commons-codec/1.11/commons-codec-1.11.jar:/home/user/.m2/repository/commons-net/commons-net/3.6/commons-net-3.6.jar:/home/user/.m2/repository/commons-collections/commons-collections/3.2.2/commons-collections-3.2.2.jar:/home/user/.m2/repository/org/eclipse/jetty/jetty-servlet/9.3.24.v20180605/jetty-servlet-9.3.24.v20180605.jar:/home/user/.m2/repository/org/eclipse/jetty/jetty-security/9.3.24.v20180605/jetty-security-9.3.24.v20180605.jar:/home/user/.m2/repository/javax/servlet/jsp/jsp-api/2.1/jsp-api-2.1.jar:/home/user/.m2/repository/com/sun/jersey/jersey-servlet/1.19/jersey-servlet-1.19.jar:/home/user/.m2/repository/com/sun/jersey/jersey-json/1.19/jersey-json-1.19.jar:/home/user/.m2/repository/org/codehaus/jettison/jettison/1.1/jettison-1.1.jar:/home/user/.m2/repository/org/codehaus/jackson/jackson-core-asl/1.9.13/jackson-core-asl-1.9.13.jar:/home/user/.m2/repository/org/codehaus/jackson/jackson-mapper-asl/1.9.13/jackson-mapper-asl-1.9.13.jar:/home/user/.m2/repository/org/codehaus/jackson/jackson-jaxrs/1.9.13/jackson-jaxrs-1.9.13.jar:/home/user/.m2/repository/org/codehaus/jackson/jackson-xc/1.9.13/jackson-xc-1.9.13.jar:/home/user/.m2/repository/commons-logging/commons-logging/1.1.3/commons-logging-1.1.3.jar:/home/user/.m2/repository/commons-beanutils/commons-beanutils/1.9.3/commons-beanutils-1.9.3.jar:/home/user/.m2/repository/org/apache/commons/commons-configuration2/2.1.1/commons-configuration2-2.1.1.jar:/home/user/.m2/repository/org/apache/commons/commons-lang3/3.7/commons-lang3-3.7.jar:/home/user/.m2/repository/org/apache/commons/commons-text/1.4/commons-text-1.4.jar:/home/user/.m2/repository/org/apache/avro/avro/1.7.7/avro-1.7.7.jar:/home/user/.m2/repository/com/thoughtworks/paranamer/paranamer/2.3/paranamer-2.3.jar:/home/user/.m2/repository/org/xerial/snappy/snappy-java/1.0.5/snappy-java-1.0.5.jar:/home/user/.m2/repository/com/google/re2j/re2j/1.1/re2j-1.1.jar:/home/user/.m2/repository/com/google/code/gson/gson/2.2.4/gson-2.2.4.jar:/home/user/.m2/repository/com/jcraft/jsch/0.1.54/jsch-0.1.54.jar:/home/user/.m2/repository/org/apache/curator/curator-client/2.12.0/curator-client-2.12.0.jar:/home/user/.m2/repository/org/apache/curator/curator-recipes/2.12.0/curator-recipes-2.12.0.jar:/home/user/.m2/repository/com/google/code/findbugs/jsr305/3.0.0/jsr305-3.0.0.jar:/home/user/.m2/repository/org/apache/htrace/htrace-core4/4.1.0-incubating/htrace-core4-4.1.0-incubating.jar:/home/user/.m2/repository/org/apache/zookeeper/zookeeper/3.4.13/zookeeper-3.4.13.jar:/home/user/.m2/repository/org/apache/yetus/audience-annotations/0.5.0/audience-annotations-0.5.0.jar:/home/user/.m2/repository/org/codehaus/woodstox/stax2-api/3.1.4/stax2-api-3.1.4.jar:/home/user/.m2/repository/com/fasterxml/woodstox/woodstox-core/5.0.3/woodstox-core-5.0.3.jar:/home/user/.m2/repository/dnsjava/dnsjava/2.1.7/dnsjava-2.1.7.jar:/home/user/.m2/repository/org/apache/hadoop/hadoop-hdfs/3.2.0/hadoop-hdfs-3.2.0-tests.jar:/home/user/.m2/repository/org/eclipse/jetty/jetty-util-ajax/9.3.24.v20180605/jetty-util-ajax-9.3.24.v20180605.jar:/home/user/.m2/repository/commons-daemon/commons-daemon/1.0.13/commons-daemon-1.0.13.jar:/home/user/.m2/repository/io/netty/netty/3.10.5.Final/netty-3.10.5.Final.jar:/home/user/.m2/repository/io/netty/netty-all/4.0.52.Final/netty-all-4.0.52.Final.jar:/home/user/.m2/repository/org/fusesource/leveldbjni/leveldbjni-all/1.8/leveldbjni-all-1.8.jar:"/>
    <property name="java.vm.vendor" value="IcedTea"/>
    <property name="sun.arch.data.model" value="64"/>
    <property name="test.build.dir" value="/workdir/hadoop-ozone/integration-test/target/test-dir"/>
    <property name="test.cache.data" value=""/>
    <property name="java.vendor.url" value="https://icedtea.classpath.org"/>
    <property name="user.timezone" value=""/>
    <property name="java.vm.specification.version" value="1.8"/>
    <property name="os.name" value="Linux"/>
    <property name="test.build.data" value="/workdir/hadoop-ozone/integration-test/target/test-dir"/>
    <property name="user.country" value="US"/>
    <property name="sun.java.launcher" value="SUN_STANDARD"/>
    <property name="sun.boot.library.path" value="/usr/lib/jvm/java-1.8-openjdk/jre/lib/amd64"/>
    <property name="sun.java.command" value="/workdir/hadoop-ozone/integration-test/target/surefire/surefirebooter7276926103044482590.jar /workdir/hadoop-ozone/integration-test/target/surefire 2019-08-20T17-59-15_050-jvmRun1 surefire4683297335837282521tmp surefire_201134407860209113051tmp"/>
    <property name="test" value="!TestMiniChaosOzoneCluster"/>
    <property name="surefire.test.class.path" value="/workdir/hadoop-ozone/integration-test/target/test-classes:/workdir/hadoop-ozone/integration-test/target/classes:/home/user/.m2/repository/org/apache/hadoop/hadoop-ozone-common/0.5.0-SNAPSHOT/hadoop-ozone-common-0.5.0-SNAPSHOT.jar:/home/user/.m2/repository/org/apache/commons/commons-compress/1.4.1/commons-compress-1.4.1.jar:/home/user/.m2/repository/org/tukaani/xz/1.0/xz-1.0.jar:/home/user/.m2/repository/org/apache/hadoop/hadoop-common/3.2.0/hadoop-common-3.2.0.jar:/home/user/.m2/repository/org/apache/hadoop/hadoop-hdfs/3.2.0/hadoop-hdfs-3.2.0.jar:/home/user/.m2/repository/org/apache/hadoop/hadoop-hdfs-client/3.2.0/hadoop-hdfs-client-3.2.0.jar:/home/user/.m2/repository/com/fasterxml/jackson/core/jackson-annotations/2.9.5/jackson-annotations-2.9.5.jar:/home/user/.m2/repository/org/apache/hadoop/hadoop-hdds-common/0.5.0-SNAPSHOT/hadoop-hdds-common-0.5.0-SNAPSHOT.jar:/home/user/.m2/repository/javax/annotation/javax.annotation-api/1.2/javax.annotation-api-1.2.jar:/home/user/.m2/repository/org/apache/ratis/ratis-server/0.4.0-2337318-SNAPSHOT/ratis-server-0.4.0-2337318-SNAPSHOT.jar:/home/user/.m2/repository/org/apache/ratis/ratis-thirdparty-misc/0.2.0/ratis-thirdparty-misc-0.2.0.jar:/home/user/.m2/repository/org/apache/ratis/ratis-proto/0.4.0-2337318-SNAPSHOT/ratis-proto-0.4.0-2337318-SNAPSHOT.jar:/home/user/.m2/repository/org/apache/ratis/ratis-common/0.4.0-2337318-SNAPSHOT/ratis-common-0.4.0-2337318-SNAPSHOT.jar:/home/user/.m2/repository/org/apache/ratis/ratis-client/0.4.0-2337318-SNAPSHOT/ratis-client-0.4.0-2337318-SNAPSHOT.jar:/home/user/.m2/repository/org/apache/ratis/ratis-metrics/0.4.0-2337318-SNAPSHOT/ratis-metrics-0.4.0-2337318-SNAPSHOT.jar:/home/user/.m2/repository/org/apache/ratis/ratis-netty/0.4.0-2337318-SNAPSHOT/ratis-netty-0.4.0-2337318-SNAPSHOT.jar:/home/user/.m2/repository/org/apache/ratis/ratis-grpc/0.4.0-2337318-SNAPSHOT/ratis-grpc-0.4.0-2337318-SNAPSHOT.jar:/home/user/.m2/repository/org/rocksdb/rocksdbjni/6.0.1/rocksdbjni-6.0.1.jar:/home/user/.m2/repository/org/apache/logging/log4j/log4j-api/2.11.0/log4j-api-2.11.0.jar:/home/user/.m2/repository/org/apache/logging/log4j/log4j-core/2.11.0/log4j-core-2.11.0.jar:/home/user/.m2/repository/com/lmax/disruptor/3.4.2/disruptor-3.4.2.jar:/home/user/.m2/repository/org/apache/commons/commons-pool2/2.6.0/commons-pool2-2.6.0.jar:/home/user/.m2/repository/org/bouncycastle/bcpkix-jdk15on/1.60/bcpkix-jdk15on-1.60.jar:/home/user/.m2/repository/commons-validator/commons-validator/1.6/commons-validator-1.6.jar:/home/user/.m2/repository/commons-digester/commons-digester/1.8.1/commons-digester-1.8.1.jar:/home/user/.m2/repository/io/jaegertracing/jaeger-client/0.33.1/jaeger-client-0.33.1.jar:/home/user/.m2/repository/io/jaegertracing/jaeger-thrift/0.33.1/jaeger-thrift-0.33.1.jar:/home/user/.m2/repository/org/apache/thrift/libthrift/0.11.0/libthrift-0.11.0.jar:/home/user/.m2/repository/com/squareup/okhttp3/okhttp/3.9.0/okhttp-3.9.0.jar:/home/user/.m2/repository/com/squareup/okio/okio/1.13.0/okio-1.13.0.jar:/home/user/.m2/repository/io/jaegertracing/jaeger-core/0.33.1/jaeger-core-0.33.1.jar:/home/user/.m2/repository/io/jaegertracing/jaeger-tracerresolver/0.33.1/jaeger-tracerresolver-0.33.1.jar:/home/user/.m2/repository/io/opentracing/contrib/opentracing-tracerresolver/0.1.5/opentracing-tracerresolver-0.1.5.jar:/home/user/.m2/repository/io/opentracing/opentracing-util/0.31.0/opentracing-util-0.31.0.jar:/home/user/.m2/repository/io/opentracing/opentracing-api/0.31.0/opentracing-api-0.31.0.jar:/home/user/.m2/repository/io/opentracing/opentracing-noop/0.31.0/opentracing-noop-0.31.0.jar:/home/user/.m2/repository/org/apache/hadoop/hadoop-hdds-server-framework/0.5.0-SNAPSHOT/hadoop-hdds-server-framework-0.5.0-SNAPSHOT.jar:/home/user/.m2/repository/org/apache/hadoop/hadoop-hdds-container-service/0.5.0-SNAPSHOT/hadoop-hdds-container-service-0.5.0-SNAPSHOT.jar:/home/user/.m2/repository/org/apache/hadoop/hadoop-hdds-client/0.5.0-SNAPSHOT/hadoop-hdds-client-0.5.0-SNAPSHOT.jar:/home/user/.m2/repository/org/apache/hadoop/hadoop-hdds-tools/0.5.0-SNAPSHOT/hadoop-hdds-tools-0.5.0-SNAPSHOT.jar:/home/user/.m2/repository/org/apache/hadoop/hadoop-hdds-server-scm/0.5.0-SNAPSHOT/hadoop-hdds-server-scm-0.5.0-SNAPSHOT.jar:/home/user/.m2/repository/org/apache/hadoop/hadoop-hdds-docs/0.5.0-SNAPSHOT/hadoop-hdds-docs-0.5.0-SNAPSHOT.jar:/home/user/.m2/repository/io/dropwizard/metrics/metrics-core/3.2.4/metrics-core-3.2.4.jar:/home/user/.m2/repository/org/hamcrest/hamcrest-all/1.3/hamcrest-all-1.3.jar:/home/user/.m2/repository/org/bouncycastle/bcprov-jdk15on/1.60/bcprov-jdk15on-1.60.jar:/home/user/.m2/repository/info/picocli/picocli/3.9.6/picocli-3.9.6.jar:/home/user/.m2/repository/com/google/protobuf/protobuf-java/2.5.0/protobuf-java-2.5.0.jar:/home/user/.m2/repository/com/google/guava/guava/11.0.2/guava-11.0.2.jar:/home/user/.m2/repository/org/apache/hadoop/hadoop-ozone-ozone-manager/0.5.0-SNAPSHOT/hadoop-ozone-ozone-manager-0.5.0-SNAPSHOT.jar:/home/user/.m2/repository/org/apache/hadoop/hadoop-minikdc/3.2.0/hadoop-minikdc-3.2.0.jar:/home/user/.m2/repository/commons-io/commons-io/2.5/commons-io-2.5.jar:/home/user/.m2/repository/org/apache/kerby/kerb-simplekdc/1.0.1/kerb-simplekdc-1.0.1.jar:/home/user/.m2/repository/org/apache/kerby/kerb-client/1.0.1/kerb-client-1.0.1.jar:/home/user/.m2/repository/org/apache/kerby/kerby-config/1.0.1/kerby-config-1.0.1.jar:/home/user/.m2/repository/org/apache/kerby/kerb-core/1.0.1/kerb-core-1.0.1.jar:/home/user/.m2/repository/org/apache/kerby/kerby-pkix/1.0.1/kerby-pkix-1.0.1.jar:/home/user/.m2/repository/org/apache/kerby/kerby-asn1/1.0.1/kerby-asn1-1.0.1.jar:/home/user/.m2/repository/org/apache/kerby/kerby-util/1.0.1/kerby-util-1.0.1.jar:/home/user/.m2/repository/org/apache/kerby/kerb-common/1.0.1/kerb-common-1.0.1.jar:/home/user/.m2/repository/org/apache/kerby/kerb-crypto/1.0.1/kerb-crypto-1.0.1.jar:/home/user/.m2/repository/org/apache/kerby/kerb-util/1.0.1/kerb-util-1.0.1.jar:/home/user/.m2/repository/org/apache/kerby/token-provider/1.0.1/token-provider-1.0.1.jar:/home/user/.m2/repository/org/apache/kerby/kerb-admin/1.0.1/kerb-admin-1.0.1.jar:/home/user/.m2/repository/org/apache/kerby/kerb-server/1.0.1/kerb-server-1.0.1.jar:/home/user/.m2/repository/org/apache/kerby/kerb-identity/1.0.1/kerb-identity-1.0.1.jar:/home/user/.m2/repository/org/apache/kerby/kerby-xdr/1.0.1/kerby-xdr-1.0.1.jar:/home/user/.m2/repository/org/slf4j/slf4j-log4j12/1.7.25/slf4j-log4j12-1.7.25.jar:/home/user/.m2/repository/org/apache/hadoop/hadoop-ozone-objectstore-service/0.5.0-SNAPSHOT/hadoop-ozone-objectstore-service-0.5.0-SNAPSHOT.jar:/home/user/.m2/repository/org/apache/hadoop/hadoop-ozone-s3gateway/0.5.0-SNAPSHOT/hadoop-ozone-s3gateway-0.5.0-SNAPSHOT.jar:/home/user/.m2/repository/org/jboss/weld/servlet/weld-servlet/2.4.7.Final/weld-servlet-2.4.7.Final.jar:/home/user/.m2/repository/org/glassfish/jersey/containers/jersey-container-servlet-core/2.27/jersey-container-servlet-core-2.27.jar:/home/user/.m2/repository/org/glassfish/hk2/external/javax.inject/2.5.0-b42/javax.inject-2.5.0-b42.jar:/home/user/.m2/repository/org/glassfish/jersey/core/jersey-common/2.27/jersey-common-2.27.jar:/home/user/.m2/repository/org/glassfish/hk2/osgi-resource-locator/1.0.1/osgi-resource-locator-1.0.1.jar:/home/user/.m2/repository/javax/ws/rs/javax.ws.rs-api/2.1/javax.ws.rs-api-2.1.jar:/home/user/.m2/repository/org/glassfish/jersey/ext/cdi/jersey-cdi1x/2.27/jersey-cdi1x-2.27.jar:/home/user/.m2/repository/org/glassfish/jersey/inject/jersey-hk2/2.27/jersey-hk2-2.27.jar:/home/user/.m2/repository/org/glassfish/hk2/hk2-locator/2.5.0-b42/hk2-locator-2.5.0-b42.jar:/home/user/.m2/repository/org/javassist/javassist/3.22.0-CR2/javassist-3.22.0-CR2.jar:/home/user/.m2/repository/org/glassfish/hk2/hk2-api/2.5.0/hk2-api-2.5.0.jar:/home/user/.m2/repository/org/glassfish/hk2/external/jakarta.inject/2.5.0/jakarta.inject-2.5.0.jar:/home/user/.m2/repository/org/glassfish/hk2/hk2-utils/2.5.0/hk2-utils-2.5.0.jar:/home/user/.m2/repository/jakarta/annotation/jakarta.annotation-api/1.3.4/jakarta.annotation-api-1.3.4.jar:/home/user/.m2/repository/org/glassfish/hk2/external/aopalliance-repackaged/2.5.0/aopalliance-repackaged-2.5.0.jar:/home/user/.m2/repository/com/fasterxml/jackson/dataformat/jackson-dataformat-xml/2.9.0/jackson-dataformat-xml-2.9.0.jar:/home/user/.m2/repository/com/fasterxml/jackson/core/jackson-core/2.9.5/jackson-core-2.9.5.jar:/home/user/.m2/repository/com/fasterxml/jackson/module/jackson-module-jaxb-annotations/2.9.5/jackson-module-jaxb-annotations-2.9.5.jar:/home/user/.m2/repository/javax/enterprise/cdi-api/1.2/cdi-api-1.2.jar:/home/user/.m2/repository/javax/el/javax.el-api/3.0.0/javax.el-api-3.0.0.jar:/home/user/.m2/repository/javax/interceptor/javax.interceptor-api/1.2/javax.interceptor-api-1.2.jar:/home/user/.m2/repository/javax/inject/javax.inject/1/javax.inject-1.jar:/home/user/.m2/repository/com/sun/xml/bind/jaxb-impl/2.3.0.1/jaxb-impl-2.3.0.1.jar:/home/user/.m2/repository/com/sun/xml/bind/jaxb-core/2.3.0.1/jaxb-core-2.3.0.1.jar:/home/user/.m2/repository/javax/xml/bind/jaxb-api/2.3.0/jaxb-api-2.3.0.jar:/home/user/.m2/repository/javax/activation/activation/1.1.1/activation-1.1.1.jar:/home/user/.m2/repository/org/apache/hadoop/hadoop-ozone-csi/0.5.0-SNAPSHOT/hadoop-ozone-csi-0.5.0-SNAPSHOT.jar:/home/user/.m2/repository/com/google/protobuf/protobuf-java-util/3.5.1/protobuf-java-util-3.5.1.jar:/home/user/.m2/repository/org/apache/hadoop/hadoop-hdds-config/0.5.0-SNAPSHOT/hadoop-hdds-config-0.5.0-SNAPSHOT.jar:/home/user/.m2/repository/io/grpc/grpc-netty/1.17.1/grpc-netty-1.17.1.jar:/home/user/.m2/repository/io/grpc/grpc-core/1.17.1/grpc-core-1.17.1.jar:/home/user/.m2/repository/io/grpc/grpc-context/1.17.1/grpc-context-1.17.1.jar:/home/user/.m2/repository/com/google/errorprone/error_prone_annotations/2.2.0/error_prone_annotations-2.2.0.jar:/home/user/.m2/repository/org/codehaus/mojo/animal-sniffer-annotations/1.17/animal-sniffer-annotations-1.17.jar:/home/user/.m2/repository/io/opencensus/opencensus-api/0.17.0/opencensus-api-0.17.0.jar:/home/user/.m2/repository/io/opencensus/opencensus-contrib-grpc-metrics/0.17.0/opencensus-contrib-grpc-metrics-0.17.0.jar:/home/user/.m2/repository/io/netty/netty-codec-http2/4.1.30.Final/netty-codec-http2-4.1.30.Final.jar:/home/user/.m2/repository/io/netty/netty-codec-http/4.1.30.Final/netty-codec-http-4.1.30.Final.jar:/home/user/.m2/repository/io/netty/netty-codec/4.1.30.Final/netty-codec-4.1.30.Final.jar:/home/user/.m2/repository/io/netty/netty-handler/4.1.30.Final/netty-handler-4.1.30.Final.jar:/home/user/.m2/repository/io/netty/netty-handler-proxy/4.1.30.Final/netty-handler-proxy-4.1.30.Final.jar:/home/user/.m2/repository/io/netty/netty-codec-socks/4.1.30.Final/netty-codec-socks-4.1.30.Final.jar:/home/user/.m2/repository/io/netty/netty-transport-native-epoll/4.1.30.Final/netty-transport-native-epoll-4.1.30.Final.jar:/home/user/.m2/repository/io/netty/netty-common/4.1.30.Final/netty-common-4.1.30.Final.jar:/home/user/.m2/repository/io/netty/netty-buffer/4.1.30.Final/netty-buffer-4.1.30.Final.jar:/home/user/.m2/repository/io/netty/netty-transport/4.1.30.Final/netty-transport-4.1.30.Final.jar:/home/user/.m2/repository/io/netty/netty-resolver/4.1.30.Final/netty-resolver-4.1.30.Final.jar:/home/user/.m2/repository/io/netty/netty-transport-native-unix-common/4.1.30.Final/netty-transport-native-unix-common-4.1.30.Final.jar:/home/user/.m2/repository/io/grpc/grpc-protobuf/1.17.1/grpc-protobuf-1.17.1.jar:/home/user/.m2/repository/com/google/api/grpc/proto-google-common-protos/1.0.0/proto-google-common-protos-1.0.0.jar:/home/user/.m2/repository/io/grpc/grpc-protobuf-lite/1.17.1/grpc-protobuf-lite-1.17.1.jar:/home/user/.m2/repository/io/grpc/grpc-stub/1.17.1/grpc-stub-1.17.1.jar:/home/user/.m2/repository/org/apache/hadoop/hadoop-ozone-recon/0.5.0-SNAPSHOT/hadoop-ozone-recon-0.5.0-SNAPSHOT.jar:/home/user/.m2/repository/org/apache/hadoop/hadoop-ozone-reconcodegen/0.5.0-SNAPSHOT/hadoop-ozone-reconcodegen-0.5.0-SNAPSHOT.jar:/home/user/.m2/repository/com/google/inject/extensions/guice-multibindings/4.0/guice-multibindings-4.0.jar:/home/user/.m2/repository/com/google/inject/guice/4.0/guice-4.0.jar:/home/user/.m2/repository/aopalliance/aopalliance/1.0/aopalliance-1.0.jar:/home/user/.m2/repository/com/google/inject/extensions/guice-servlet/4.0/guice-servlet-4.0.jar:/home/user/.m2/repository/org/glassfish/jersey/containers/jersey-container-servlet/2.27/jersey-container-servlet-2.27.jar:/home/user/.m2/repository/org/glassfish/hk2/guice-bridge/2.5.0/guice-bridge-2.5.0.jar:/home/user/.m2/repository/org/glassfish/jersey/core/jersey-server/2.27/jersey-server-2.27.jar:/home/user/.m2/repository/org/glassfish/jersey/core/jersey-client/2.27/jersey-client-2.27.jar:/home/user/.m2/repository/org/glassfish/jersey/media/jersey-media-jaxb/2.27/jersey-media-jaxb-2.27.jar:/home/user/.m2/repository/javax/validation/validation-api/1.1.0.Final/validation-api-1.1.0.Final.jar:/home/user/.m2/repository/org/glassfish/jersey/media/jersey-media-json-jackson/2.27/jersey-media-json-jackson-2.27.jar:/home/user/.m2/repository/org/glassfish/jersey/ext/jersey-entity-filtering/2.27/jersey-entity-filtering-2.27.jar:/home/user/.m2/repository/com/google/inject/extensions/guice-assistedinject/4.0/guice-assistedinject-4.0.jar:/home/user/.m2/repository/org/jooq/jooq/3.11.10/jooq-3.11.10.jar:/home/user/.m2/repository/org/jooq/jooq-meta/3.11.10/jooq-meta-3.11.10.jar:/home/user/.m2/repository/org/jooq/jooq-codegen/3.11.10/jooq-codegen-3.11.10.jar:/home/user/.m2/repository/com/jolbox/bonecp/0.8.0.RELEASE/bonecp-0.8.0.RELEASE.jar:/home/user/.m2/repository/org/xerial/sqlite-jdbc/3.25.2/sqlite-jdbc-3.25.2.jar:/home/user/.m2/repository/org/springframework/spring-jdbc/5.1.3.RELEASE/spring-jdbc-5.1.3.RELEASE.jar:/home/user/.m2/repository/org/springframework/spring-beans/5.1.3.RELEASE/spring-beans-5.1.3.RELEASE.jar:/home/user/.m2/repository/org/springframework/spring-core/5.1.3.RELEASE/spring-core-5.1.3.RELEASE.jar:/home/user/.m2/repository/org/springframework/spring-jcl/5.1.3.RELEASE/spring-jcl-5.1.3.RELEASE.jar:/home/user/.m2/repository/org/springframework/spring-tx/5.1.3.RELEASE/spring-tx-5.1.3.RELEASE.jar:/home/user/.m2/repository/org/apache/hadoop/hadoop-ozone-client/0.5.0-SNAPSHOT/hadoop-ozone-client-0.5.0-SNAPSHOT.jar:/home/user/.m2/repository/commons-lang/commons-lang/2.6/commons-lang-2.6.jar:/home/user/.m2/repository/org/apache/hadoop/hadoop-ozone-ozone-manager/0.5.0-SNAPSHOT/hadoop-ozone-ozone-manager-0.5.0-SNAPSHOT-tests.jar:/home/user/.m2/repository/junit/junit/4.11/junit-4.11.jar:/home/user/.m2/repository/org/hamcrest/hamcrest-core/1.3/hamcrest-core-1.3.jar:/home/user/.m2/repository/org/openjdk/jmh/jmh-core/1.19/jmh-core-1.19.jar:/home/user/.m2/repository/net/sf/jopt-simple/jopt-simple/4.6/jopt-simple-4.6.jar:/home/user/.m2/repository/org/apache/commons/commons-math3/3.1.1/commons-math3-3.1.1.jar:/home/user/.m2/repository/org/openjdk/jmh/jmh-generator-annprocess/1.19/jmh-generator-annprocess-1.19.jar:/home/user/.m2/repository/org/mockito/mockito-all/1.8.5/mockito-all-1.8.5.jar:/home/user/.m2/repository/org/apache/hadoop/hadoop-kms/3.2.0/hadoop-kms-3.2.0.jar:/home/user/.m2/repository/org/apache/hadoop/hadoop-auth/3.2.0/hadoop-auth-3.2.0.jar:/home/user/.m2/repository/com/nimbusds/nimbus-jose-jwt/4.41.1/nimbus-jose-jwt-4.41.1.jar:/home/user/.m2/repository/com/github/stephenc/jcip/jcip-annotations/1.0-1/jcip-annotations-1.0-1.jar:/home/user/.m2/repository/net/minidev/json-smart/2.3/json-smart-2.3.jar:/home/user/.m2/repository/net/minidev/accessors-smart/1.2/accessors-smart-1.2.jar:/home/user/.m2/repository/org/ow2/asm/asm/5.0.4/asm-5.0.4.jar:/home/user/.m2/repository/org/apache/curator/curator-framework/2.12.0/curator-framework-2.12.0.jar:/home/user/.m2/repository/com/sun/jersey/jersey-core/1.19/jersey-core-1.19.jar:/home/user/.m2/repository/javax/ws/rs/jsr311-api/1.1.1/jsr311-api-1.1.1.jar:/home/user/.m2/repository/com/sun/jersey/jersey-server/1.19/jersey-server-1.19.jar:/home/user/.m2/repository/javax/servlet/javax.servlet-api/3.1.0/javax.servlet-api-3.1.0.jar:/home/user/.m2/repository/org/eclipse/jetty/jetty-server/9.3.24.v20180605/jetty-server-9.3.24.v20180605.jar:/home/user/.m2/repository/org/eclipse/jetty/jetty-http/9.3.24.v20180605/jetty-http-9.3.24.v20180605.jar:/home/user/.m2/repository/org/eclipse/jetty/jetty-io/9.3.24.v20180605/jetty-io-9.3.24.v20180605.jar:/home/user/.m2/repository/org/eclipse/jetty/jetty-webapp/9.3.24.v20180605/jetty-webapp-9.3.24.v20180605.jar:/home/user/.m2/repository/org/eclipse/jetty/jetty-xml/9.3.24.v20180605/jetty-xml-9.3.24.v20180605.jar:/home/user/.m2/repository/log4j/log4j/1.2.17/log4j-1.2.17.jar:/home/user/.m2/repository/org/slf4j/slf4j-api/1.7.25/slf4j-api-1.7.25.jar:/home/user/.m2/repository/org/slf4j/jul-to-slf4j/1.7.25/jul-to-slf4j-1.7.25.jar:/home/user/.m2/repository/org/eclipse/jetty/jetty-util/9.3.24.v20180605/jetty-util-9.3.24.v20180605.jar:/home/user/.m2/repository/com/fasterxml/jackson/core/jackson-databind/2.9.5/jackson-databind-2.9.5.jar:/home/user/.m2/repository/org/apache/hadoop/hadoop-kms/3.2.0/hadoop-kms-3.2.0-tests.jar:/home/user/.m2/repository/org/apache/hadoop/hadoop-hdds-server-scm/0.5.0-SNAPSHOT/hadoop-hdds-server-scm-0.5.0-SNAPSHOT-tests.jar:/home/user/.m2/repository/org/apache/hadoop/hadoop-hdds-container-service/0.5.0-SNAPSHOT/hadoop-hdds-container-service-0.5.0-SNAPSHOT-tests.jar:/home/user/.m2/repository/org/yaml/snakeyaml/1.16/snakeyaml-1.16.jar:/home/user/.m2/repository/org/apache/hadoop/hadoop-common/3.2.0/hadoop-common-3.2.0-tests.jar:/home/user/.m2/repository/org/apache/hadoop/hadoop-annotations/3.2.0/hadoop-annotations-3.2.0.jar:/usr/lib/jvm/java-1.8-openjdk/jre/../lib/tools.jar:/home/user/.m2/repository/commons-cli/commons-cli/1.2/commons-cli-1.2.jar:/home/user/.m2/repository/org/apache/httpcomponents/httpclient/4.5.2/httpclient-4.5.2.jar:/home/user/.m2/repository/org/apache/httpcomponents/httpcore/4.4.4/httpcore-4.4.4.jar:/home/user/.m2/repository/commons-codec/commons-codec/1.11/commons-codec-1.11.jar:/home/user/.m2/repository/commons-net/commons-net/3.6/commons-net-3.6.jar:/home/user/.m2/repository/commons-collections/commons-collections/3.2.2/commons-collections-3.2.2.jar:/home/user/.m2/repository/org/eclipse/jetty/jetty-servlet/9.3.24.v20180605/jetty-servlet-9.3.24.v20180605.jar:/home/user/.m2/repository/org/eclipse/jetty/jetty-security/9.3.24.v20180605/jetty-security-9.3.24.v20180605.jar:/home/user/.m2/repository/javax/servlet/jsp/jsp-api/2.1/jsp-api-2.1.jar:/home/user/.m2/repository/com/sun/jersey/jersey-servlet/1.19/jersey-servlet-1.19.jar:/home/user/.m2/repository/com/sun/jersey/jersey-json/1.19/jersey-json-1.19.jar:/home/user/.m2/repository/org/codehaus/jettison/jettison/1.1/jettison-1.1.jar:/home/user/.m2/repository/org/codehaus/jackson/jackson-core-asl/1.9.13/jackson-core-asl-1.9.13.jar:/home/user/.m2/repository/org/codehaus/jackson/jackson-mapper-asl/1.9.13/jackson-mapper-asl-1.9.13.jar:/home/user/.m2/repository/org/codehaus/jackson/jackson-jaxrs/1.9.13/jackson-jaxrs-1.9.13.jar:/home/user/.m2/repository/org/codehaus/jackson/jackson-xc/1.9.13/jackson-xc-1.9.13.jar:/home/user/.m2/repository/commons-logging/commons-logging/1.1.3/commons-logging-1.1.3.jar:/home/user/.m2/repository/commons-beanutils/commons-beanutils/1.9.3/commons-beanutils-1.9.3.jar:/home/user/.m2/repository/org/apache/commons/commons-configuration2/2.1.1/commons-configuration2-2.1.1.jar:/home/user/.m2/repository/org/apache/commons/commons-lang3/3.7/commons-lang3-3.7.jar:/home/user/.m2/repository/org/apache/commons/commons-text/1.4/commons-text-1.4.jar:/home/user/.m2/repository/org/apache/avro/avro/1.7.7/avro-1.7.7.jar:/home/user/.m2/repository/com/thoughtworks/paranamer/paranamer/2.3/paranamer-2.3.jar:/home/user/.m2/repository/org/xerial/snappy/snappy-java/1.0.5/snappy-java-1.0.5.jar:/home/user/.m2/repository/com/google/re2j/re2j/1.1/re2j-1.1.jar:/home/user/.m2/repository/com/google/code/gson/gson/2.2.4/gson-2.2.4.jar:/home/user/.m2/repository/com/jcraft/jsch/0.1.54/jsch-0.1.54.jar:/home/user/.m2/repository/org/apache/curator/curator-client/2.12.0/curator-client-2.12.0.jar:/home/user/.m2/repository/org/apache/curator/curator-recipes/2.12.0/curator-recipes-2.12.0.jar:/home/user/.m2/repository/com/google/code/findbugs/jsr305/3.0.0/jsr305-3.0.0.jar:/home/user/.m2/repository/org/apache/htrace/htrace-core4/4.1.0-incubating/htrace-core4-4.1.0-incubating.jar:/home/user/.m2/repository/org/apache/zookeeper/zookeeper/3.4.13/zookeeper-3.4.13.jar:/home/user/.m2/repository/org/apache/yetus/audience-annotations/0.5.0/audience-annotations-0.5.0.jar:/home/user/.m2/repository/org/codehaus/woodstox/stax2-api/3.1.4/stax2-api-3.1.4.jar:/home/user/.m2/repository/com/fasterxml/woodstox/woodstox-core/5.0.3/woodstox-core-5.0.3.jar:/home/user/.m2/repository/dnsjava/dnsjava/2.1.7/dnsjava-2.1.7.jar:/home/user/.m2/repository/org/apache/hadoop/hadoop-hdfs/3.2.0/hadoop-hdfs-3.2.0-tests.jar:/home/user/.m2/repository/org/eclipse/jetty/jetty-util-ajax/9.3.24.v20180605/jetty-util-ajax-9.3.24.v20180605.jar:/home/user/.m2/repository/commons-daemon/commons-daemon/1.0.13/commons-daemon-1.0.13.jar:/home/user/.m2/repository/io/netty/netty/3.10.5.Final/netty-3.10.5.Final.jar:/home/user/.m2/repository/io/netty/netty-all/4.0.52.Final/netty-all-4.0.52.Final.jar:/home/user/.m2/repository/org/fusesource/leveldbjni/leveldbjni-all/1.8/leveldbjni-all-1.8.jar:"/>
    <property name="sun.cpu.endian" value="little"/>
    <property name="user.home" value="/home/user"/>
    <property name="user.language" value="en"/>
    <property name="java.specification.vendor" value="Oracle Corporation"/>
    <property name="java.home" value="/usr/lib/jvm/java-1.8-openjdk/jre"/>
    <property name="java.security.krb5.conf" value="/workdir/hadoop-ozone/integration-test/target/test-classes/krb5.conf"/>
    <property name="basedir" value="/workdir/hadoop-ozone/integration-test"/>
    <property name="file.separator" value="/"/>
    <property name="line.separator" value="&#10;"/>
    <property name="java.vm.specification.vendor" value="Oracle Corporation"/>
    <property name="java.specification.name" value="Java Platform API Specification"/>
    <property name="java.awt.graphicsenv" value="sun.awt.X11GraphicsEnvironment"/>
    <property name="surefire.real.class.path" value="/workdir/hadoop-ozone/integration-test/target/surefire/surefirebooter7276926103044482590.jar"/>
    <property name="hadoop.log.dir" value="/workdir/hadoop-ozone/integration-test/target/log"/>
    <property name="sun.boot.class.path" value="/usr/lib/jvm/java-1.8-openjdk/jre/lib/resources.jar:/usr/lib/jvm/java-1.8-openjdk/jre/lib/rt.jar:/usr/lib/jvm/java-1.8-openjdk/jre/lib/sunrsasign.jar:/usr/lib/jvm/java-1.8-openjdk/jre/lib/jsse.jar:/usr/lib/jvm/java-1.8-openjdk/jre/lib/jce.jar:/usr/lib/jvm/java-1.8-openjdk/jre/lib/charsets.jar:/usr/lib/jvm/java-1.8-openjdk/jre/lib/jfr.jar:/usr/lib/jvm/java-1.8-openjdk/jre/classes"/>
    <property name="sun.management.compiler" value="HotSpot 64-Bit Tiered Compilers"/>
    <property name="java.runtime.version" value="1.8.0_212-b04"/>
    <property name="java.net.preferIPv4Stack" value="true"/>
    <property name="user.name" value="jenkins1000"/>
    <property name="path.separator" value=":"/>
    <property name="java.security.egd" value="file:///dev/urandom"/>
    <property name="os.version" value="3.10.0-957.12.2.el7.x86_64"/>
    <property name="java.endorsed.dirs" value="/usr/lib/jvm/java-1.8-openjdk/jre/lib/endorsed"/>
    <property name="java.runtime.name" value="OpenJDK Runtime Environment"/>
    <property name="file.encoding" value="UTF-8"/>
    <property name="java.vm.name" value="OpenJDK 64-Bit Server VM"/>
    <property name="test.build.webapps" value=""/>
    <property name="localRepository" value="/home/user/.m2/repository"/>
    <property name="java.vendor.url.bug" value="https://icedtea.classpath.org/bugzilla"/>
    <property name="java.io.tmpdir" value="/tmp"/>
    <property name="require.test.libhadoop" value=""/>
    <property name="java.version" value="1.8.0_212"/>
    <property name="user.dir" value="/workdir/hadoop-ozone/integration-test"/>
    <property name="os.arch" value="amd64"/>
    <property name="java.vm.specification.name" value="Java Virtual Machine Specification"/>
    <property name="test.build.classes" value="/workdir/hadoop-ozone/integration-test/target/test-classes"/>
    <property name="java.awt.printerjob" value="sun.print.PSPrinterJob"/>
    <property name="sun.os.patch.level" value="unknown"/>
    <property name="hadoop.tmp.dir" value="/workdir/hadoop-ozone/integration-test/target/tmp"/>
    <property name="java.library.path" value="/usr/lib/jvm/java-1.8-openjdk/jre/lib/amd64/server:/usr/lib/jvm/java-1.8-openjdk/jre/lib/amd64:/usr/lib/jvm/java-1.8-openjdk/jre/../lib/amd64:/workdir/hadoop-ozone/integration-test/target/native/target/usr/local/lib:/workdir/hadoop-ozone/integration-test/../../hadoop-common-project/hadoop-common/target/native/target/usr/local/lib:/usr/java/packages/lib/amd64:/usr/lib64:/lib64:/lib:/usr/lib"/>
    <property name="java.vm.info" value="mixed mode"/>
    <property name="java.vendor" value="IcedTea"/>
    <property name="java.vm.version" value="25.212-b04"/>
    <property name="java.ext.dirs" value="/usr/lib/jvm/java-1.8-openjdk/jre/lib/ext:/usr/java/packages/lib/ext"/>
    <property name="sun.io.unicode.encoding" value="UnicodeLittle"/>
    <property name="java.class.version" value="52.0"/>
  </properties>
  <testcase name="test2DatanodesFailure" classname="org.apache.hadoop.ozone.client.rpc.TestBlockOutputStreamWithFailures" time="48.1"/>
  <testcase name="testDatanodeFailureWithPreAllocation" classname="org.apache.hadoop.ozone.client.rpc.TestBlockOutputStreamWithFailures" time="225.806"/>
  <testcase name="testDatanodeFailureWithSingleNodeRatis" classname="org.apache.hadoop.ozone.client.rpc.TestBlockOutputStreamWithFailures" time="228.866"/>
  <testcase name="testWatchForCommitWithSingleNodeRatis" classname="org.apache.hadoop.ozone.client.rpc.TestBlockOutputStreamWithFailures" time="34.975"/>
  <testcase name="testWatchForCommitDatanodeFailure" classname="org.apache.hadoop.ozone.client.rpc.TestBlockOutputStreamWithFailures" time="43.539">
    <failure message="expected:&lt;2&gt; but was:&lt;3&gt;" type="java.lang.AssertionError"><![CDATA[java.lang.AssertionError: expected:<2> but was:<3>
	at org.junit.Assert.fail(Assert.java:88)
	at org.junit.Assert.failNotEquals(Assert.java:743)
	at org.junit.Assert.assertEquals(Assert.java:118)
	at org.junit.Assert.assertEquals(Assert.java:555)
	at org.junit.Assert.assertEquals(Assert.java:542)
	at org.apache.hadoop.ozone.client.rpc.TestBlockOutputStreamWithFailures.testWatchForCommitDatanodeFailure(TestBlockOutputStreamWithFailures.java:366)
	at sun.reflect.NativeMethodAccessorImpl.invoke0(Native Method)
	at sun.reflect.NativeMethodAccessorImpl.invoke(NativeMethodAccessorImpl.java:62)
	at sun.reflect.DelegatingMethodAccessorImpl.invoke(DelegatingMethodAccessorImpl.java:43)
	at java.lang.reflect.Method.invoke(Method.java:498)
	at org.junit.runners.model.FrameworkMethod$1.runReflectiveCall(FrameworkMethod.java:47)
	at org.junit.internal.runners.model.ReflectiveCallable.run(ReflectiveCallable.java:12)
	at org.junit.runners.model.FrameworkMethod.invokeExplosively(FrameworkMethod.java:44)
	at org.junit.internal.runners.statements.InvokeMethod.evaluate(InvokeMethod.java:17)
	at org.junit.internal.runners.statements.RunBefores.evaluate(RunBefores.java:26)
	at org.junit.internal.runners.statements.RunAfters.evaluate(RunAfters.java:27)
	at org.junit.runners.ParentRunner.runLeaf(ParentRunner.java:271)
	at org.junit.runners.BlockJUnit4ClassRunner.runChild(BlockJUnit4ClassRunner.java:70)
	at org.junit.runners.BlockJUnit4ClassRunner.runChild(BlockJUnit4ClassRunner.java:50)
	at org.junit.runners.ParentRunner$3.run(ParentRunner.java:238)
	at org.junit.runners.ParentRunner$1.schedule(ParentRunner.java:63)
	at org.junit.runners.ParentRunner.runChildren(ParentRunner.java:236)
	at org.junit.runners.ParentRunner.access$000(ParentRunner.java:53)
	at org.junit.runners.ParentRunner$2.evaluate(ParentRunner.java:229)
	at org.junit.runners.ParentRunner.run(ParentRunner.java:309)
	at org.apache.maven.surefire.junit4.JUnit4Provider.execute(JUnit4Provider.java:365)
	at org.apache.maven.surefire.junit4.JUnit4Provider.executeWithRerun(JUnit4Provider.java:273)
	at org.apache.maven.surefire.junit4.JUnit4Provider.executeTestSet(JUnit4Provider.java:238)
	at org.apache.maven.surefire.junit4.JUnit4Provider.invoke(JUnit4Provider.java:159)
	at org.apache.maven.surefire.booter.ForkedBooter.invokeProviderInSameClassLoader(ForkedBooter.java:384)
	at org.apache.maven.surefire.booter.ForkedBooter.runSuitesInProcess(ForkedBooter.java:345)
	at org.apache.maven.surefire.booter.ForkedBooter.execute(ForkedBooter.java:126)
	at org.apache.maven.surefire.booter.ForkedBooter.main(ForkedBooter.java:418)
]]></failure>
    <system-out><![CDATA[2019-08-20 18:27:39,657 [main] WARN  server.ServerUtils (ServerUtils.java:getScmDbDir(145)) - ozone.scm.db.dirs is not configured. We recommend adding this setting. Falling back to ozone.metadata.dirs instead.
2019-08-20 18:27:39,696 [main] WARN  server.ServerUtils (ServerUtils.java:getScmDbDir(145)) - ozone.scm.db.dirs is not configured. We recommend adding this setting. Falling back to ozone.metadata.dirs instead.
2019-08-20 18:27:39,696 [main] WARN  server.ServerUtils (ServerUtils.java:getScmDbDir(145)) - ozone.scm.db.dirs is not configured. We recommend adding this setting. Falling back to ozone.metadata.dirs instead.
2019-08-20 18:27:39,697 [main] INFO  db.DBStoreBuilder (DBStoreBuilder.java:addTable(110)) - using custom profile for table: deletedBlocks
2019-08-20 18:27:39,697 [main] INFO  db.DBStoreBuilder (DBStoreBuilder.java:processTables(161)) - Using default column profile:DBProfile.DISK for Table:deletedBlocks
2019-08-20 18:27:39,697 [main] INFO  db.DBStoreBuilder (DBStoreBuilder.java:addTable(110)) - using custom profile for table: validCerts
2019-08-20 18:27:39,698 [main] INFO  db.DBStoreBuilder (DBStoreBuilder.java:processTables(161)) - Using default column profile:DBProfile.DISK for Table:validCerts
2019-08-20 18:27:39,698 [main] INFO  db.DBStoreBuilder (DBStoreBuilder.java:addTable(110)) - using custom profile for table: revokedCerts
2019-08-20 18:27:39,698 [main] INFO  db.DBStoreBuilder (DBStoreBuilder.java:processTables(161)) - Using default column profile:DBProfile.DISK for Table:revokedCerts
2019-08-20 18:27:39,698 [main] INFO  db.DBStoreBuilder (DBStoreBuilder.java:addTable(110)) - using custom profile for table: default
2019-08-20 18:27:39,699 [main] INFO  db.DBStoreBuilder (DBStoreBuilder.java:processTables(167)) - Using default column profile:DBProfile.DISK for Table:default
2019-08-20 18:27:39,699 [main] INFO  db.DBStoreBuilder (DBStoreBuilder.java:getDbProfile(198)) - Using default options. DBProfile.DISK
2019-08-20 18:27:39,898 [main] INFO  net.NodeSchemaLoader (NodeSchemaLoader.java:loadSchemaFromFile(125)) - Loading file from sun.misc.CompoundEnumeration@4dfbe8c2
2019-08-20 18:27:39,898 [main] INFO  net.NodeSchemaLoader (NodeSchemaLoader.java:loadSchema(171)) - Loading network topology layer schema file
2019-08-20 18:27:39,904 [main] INFO  node.SCMNodeManager (SCMNodeManager.java:<init>(121)) - Entering startup safe mode.
2019-08-20 18:27:39,905 [main] INFO  algorithms.ContainerPlacementPolicyFactory (ContainerPlacementPolicyFactory.java:getPolicy(55)) - Create container placement policy of type org.apache.hadoop.hdds.scm.container.placement.algorithms.SCMContainerPlacementRandom
2019-08-20 18:27:39,905 [main] WARN  server.ServerUtils (ServerUtils.java:getScmDbDir(145)) - ozone.scm.db.dirs is not configured. We recommend adding this setting. Falling back to ozone.metadata.dirs instead.
2019-08-20 18:27:39,995 [main] INFO  pipeline.SCMPipelineManager (SCMPipelineManager.java:initializePipelineState(126)) - No pipeline exists in current db
2019-08-20 18:27:39,996 [main] WARN  server.ServerUtils (ServerUtils.java:getScmDbDir(145)) - ozone.scm.db.dirs is not configured. We recommend adding this setting. Falling back to ozone.metadata.dirs instead.
2019-08-20 18:27:40,076 [main] WARN  events.EventQueue (EventQueue.java:fireEvent(175)) - No event handler registered for event TypedEvent{payloadType=SafeModeStatus, name='SafeModeStatus'}
2019-08-20 18:27:40,077 [main] INFO  ipc.CallQueueManager (CallQueueManager.java:<init>(84)) - Using callQueue: class java.util.concurrent.LinkedBlockingQueue, queueCapacity: 2000, scheduler: class org.apache.hadoop.ipc.DefaultRpcScheduler, ipcBackoff: false.
2019-08-20 18:27:40,079 [Socket Reader #1 for port 42371] INFO  ipc.Server (Server.java:run(1074)) - Starting Socket Reader #1 for port 42371
2019-08-20 18:27:40,081 [main] INFO  ipc.CallQueueManager (CallQueueManager.java:<init>(84)) - Using callQueue: class java.util.concurrent.LinkedBlockingQueue, queueCapacity: 2000, scheduler: class org.apache.hadoop.ipc.DefaultRpcScheduler, ipcBackoff: false.
2019-08-20 18:27:40,082 [Socket Reader #1 for port 40035] INFO  ipc.Server (Server.java:run(1074)) - Starting Socket Reader #1 for port 40035
2019-08-20 18:27:40,083 [main] INFO  ipc.CallQueueManager (CallQueueManager.java:<init>(84)) - Using callQueue: class java.util.concurrent.LinkedBlockingQueue, queueCapacity: 2000, scheduler: class org.apache.hadoop.ipc.DefaultRpcScheduler, ipcBackoff: false.
2019-08-20 18:27:40,084 [Socket Reader #1 for port 44571] INFO  ipc.Server (Server.java:run(1074)) - Starting Socket Reader #1 for port 44571
2019-08-20 18:27:40,086 [main] INFO  hdfs.DFSUtil (DFSUtil.java:httpServerTemplateForNNAndJN(1641)) - Starting Web-server for scm at: http://0.0.0.0:0
2019-08-20 18:27:40,089 [main] INFO  server.AuthenticationFilter (AuthenticationFilter.java:constructSecretProvider(240)) - Unable to initialize FileSignerSecretProvider, falling back to use random secrets.
2019-08-20 18:27:40,090 [main] WARN  http.HttpRequestLog (HttpRequestLog.java:getRequestLog(97)) - Jetty request log can only be enabled using Log4j
2019-08-20 18:27:40,092 [main] INFO  http.HttpServer2 (HttpServer2.java:addGlobalFilter(975)) - Added global filter 'safety' (class=org.apache.hadoop.http.HttpServer2$QuotingInputFilter)
2019-08-20 18:27:40,093 [main] INFO  http.HttpServer2 (HttpServer2.java:addFilter(948)) - Added filter static_user_filter (class=org.apache.hadoop.http.lib.StaticUserWebFilter$StaticUserFilter) to context scm
2019-08-20 18:27:40,093 [main] INFO  http.HttpServer2 (HttpServer2.java:addFilter(958)) - Added filter static_user_filter (class=org.apache.hadoop.http.lib.StaticUserWebFilter$StaticUserFilter) to context logs
2019-08-20 18:27:40,093 [main] INFO  http.HttpServer2 (HttpServer2.java:addFilter(958)) - Added filter static_user_filter (class=org.apache.hadoop.http.lib.StaticUserWebFilter$StaticUserFilter) to context static
2019-08-20 18:27:40,096 [main] INFO  server.StorageContainerManager (StorageContainerManager.java:start(759)) - StorageContainerLocationProtocol RPC server is listening at /0.0.0.0:44571
2019-08-20 18:27:40,099 [main] WARN  impl.MetricsConfig (MetricsConfig.java:loadFirst(134)) - Cannot locate configuration: tried hadoop-metrics2-storagecontainermanager.properties,hadoop-metrics2.properties
2019-08-20 18:27:40,100 [main] INFO  impl.MetricsSystemImpl (MetricsSystemImpl.java:startTimer(374)) - Scheduled Metric snapshot period at 10 second(s).
2019-08-20 18:27:40,100 [main] INFO  impl.MetricsSystemImpl (MetricsSystemImpl.java:start(191)) - StorageContainerManager metrics system started
2019-08-20 18:27:40,180 [main] INFO  server.SCMClientProtocolServer (SCMClientProtocolServer.java:start(151)) - RPC server for Client  is listening at /0.0.0.0:44571
2019-08-20 18:27:40,181 [IPC Server Responder] INFO  ipc.Server (Server.java:run(1314)) - IPC Server Responder: starting
2019-08-20 18:27:40,181 [IPC Server listener on 44571] INFO  ipc.Server (Server.java:run(1153)) - IPC Server listener on 44571: starting
2019-08-20 18:27:40,184 [main] INFO  server.StorageContainerManager (StorageContainerManager.java:start(769)) - ScmBlockLocationProtocol RPC server is listening at /0.0.0.0:40035
2019-08-20 18:27:40,184 [main] INFO  server.SCMBlockProtocolServer (SCMBlockProtocolServer.java:start(140)) - RPC server for Block Protocol is listening at /0.0.0.0:40035
2019-08-20 18:27:40,185 [IPC Server Responder] INFO  ipc.Server (Server.java:run(1314)) - IPC Server Responder: starting
2019-08-20 18:27:40,185 [IPC Server listener on 40035] INFO  ipc.Server (Server.java:run(1153)) - IPC Server listener on 40035: starting
2019-08-20 18:27:40,188 [main] INFO  server.StorageContainerManager (StorageContainerManager.java:start(773)) - ScmDatanodeProtocl RPC server is listening at /0.0.0.0:42371
2019-08-20 18:27:40,188 [main] INFO  server.SCMDatanodeProtocolServer (SCMDatanodeProtocolServer.java:start(191)) - RPC server for DataNodes is listening at /0.0.0.0:42371
2019-08-20 18:27:40,189 [IPC Server Responder] INFO  ipc.Server (Server.java:run(1314)) - IPC Server Responder: starting
2019-08-20 18:27:40,189 [IPC Server listener on 42371] INFO  ipc.Server (Server.java:run(1153)) - IPC Server listener on 42371: starting
2019-08-20 18:27:40,192 [main] INFO  http.HttpServer2 (HttpServer2.java:bindListener(1191)) - Jetty bound to port 35791
2019-08-20 18:27:40,192 [main] INFO  server.Server (Server.java:doStart(351)) - jetty-9.3.24.v20180605, build timestamp: 2018-06-05T17:11:56Z, git hash: 84205aa28f11a4f31f2a3b86d1bba2cc8ab69827
2019-08-20 18:27:40,194 [main] INFO  handler.ContextHandler (ContextHandler.java:doStart(781)) - Started o.e.j.s.ServletContextHandler@5e572ad6{/logs,file:///workdir/hadoop-ozone/integration-test/target/log,AVAILABLE}
2019-08-20 18:27:40,195 [main] INFO  handler.ContextHandler (ContextHandler.java:doStart(781)) - Started o.e.j.s.ServletContextHandler@69c53b72{/static,file:///workdir/hadoop-ozone/integration-test/target/test-classes/webapps/static,AVAILABLE}
2019-08-20 18:27:40,198 [main] INFO  handler.ContextHandler (ContextHandler.java:doStart(781)) - Started o.e.j.w.WebAppContext@30be6a05{/,file:///workdir/hadoop-ozone/integration-test/target/test-classes/webapps/scm/,AVAILABLE}{/scm}
2019-08-20 18:27:40,199 [main] INFO  server.AbstractConnector (AbstractConnector.java:doStart(278)) - Started ServerConnector@6812708d{HTTP/1.1,[http/1.1]}{0.0.0.0:35791}
2019-08-20 18:27:40,199 [main] INFO  server.Server (Server.java:doStart(419)) - Started @538981ms
2019-08-20 18:27:40,200 [main] INFO  server.BaseHttpServer (BaseHttpServer.java:updateConnectorAddress(213)) - HTTP server of SCM is listening at http://0.0.0.0:35791
2019-08-20 18:27:40,201 [main] WARN  server.ServerUtils (ServerUtils.java:getDBPath(222)) - ozone.om.db.dirs is not configured. We recommend adding this setting. Falling back to ozone.metadata.dirs instead.
2019-08-20 18:27:40,201 [org.apache.hadoop.util.JvmPauseMonitor$Monitor@123a21ad] INFO  util.JvmPauseMonitor (JvmPauseMonitor.java:run(188)) - Starting JVM pause monitor
2019-08-20 18:27:40,214 [main] WARN  server.ServerUtils (ServerUtils.java:getDBPath(222)) - ozone.om.db.dirs is not configured. We recommend adding this setting. Falling back to ozone.metadata.dirs instead.
2019-08-20 18:27:40,215 [main] WARN  server.ServerUtils (ServerUtils.java:getDBPath(222)) - ozone.om.db.dirs is not configured. We recommend adding this setting. Falling back to ozone.metadata.dirs instead.
2019-08-20 18:27:40,215 [main] INFO  om.OzoneManager (OzoneManager.java:setOMNodeDetails(648)) - OM Service ID is not set. Setting it to the default ID: omServiceIdDefault
2019-08-20 18:27:40,215 [main] INFO  om.OzoneManager (OzoneManager.java:setOMNodeDetails(654)) - OM Node ID is not set. Setting it to the OmStorage's OmID: 644cdb97-d7ad-498c-83db-a32bf5b126d1
2019-08-20 18:27:40,215 [main] INFO  om.OzoneManager (OzoneManager.java:loadOMHAConfigs(605)) - Found matching OM address with OMServiceId: null, OMNodeId: null, RPC Address: localhost:0 and Ratis port: 9872
2019-08-20 18:27:40,218 | INFO  | SCMAudit | user=jenkins1000 | ip=192.168.5.186 | op=GET_SCM_INFO null | ret=SUCCESS |  
2019-08-20 18:27:40,220 [main] WARN  server.ServerUtils (ServerUtils.java:getDBPath(222)) - ozone.om.db.dirs is not configured. We recommend adding this setting. Falling back to ozone.metadata.dirs instead.
2019-08-20 18:27:40,221 [main] INFO  db.DBStoreBuilder (DBStoreBuilder.java:addTable(110)) - using custom profile for table: userTable
2019-08-20 18:27:40,221 [main] INFO  db.DBStoreBuilder (DBStoreBuilder.java:processTables(161)) - Using default column profile:DBProfile.DISK for Table:userTable
2019-08-20 18:27:40,221 [main] INFO  db.DBStoreBuilder (DBStoreBuilder.java:addTable(110)) - using custom profile for table: volumeTable
2019-08-20 18:27:40,221 [main] INFO  db.DBStoreBuilder (DBStoreBuilder.java:processTables(161)) - Using default column profile:DBProfile.DISK for Table:volumeTable
2019-08-20 18:27:40,221 [main] INFO  db.DBStoreBuilder (DBStoreBuilder.java:addTable(110)) - using custom profile for table: bucketTable
2019-08-20 18:27:40,221 [main] INFO  db.DBStoreBuilder (DBStoreBuilder.java:processTables(161)) - Using default column profile:DBProfile.DISK for Table:bucketTable
2019-08-20 18:27:40,222 [main] INFO  db.DBStoreBuilder (DBStoreBuilder.java:addTable(110)) - using custom profile for table: keyTable
2019-08-20 18:27:40,222 [main] INFO  db.DBStoreBuilder (DBStoreBuilder.java:processTables(161)) - Using default column profile:DBProfile.DISK for Table:keyTable
2019-08-20 18:27:40,222 [main] INFO  db.DBStoreBuilder (DBStoreBuilder.java:addTable(110)) - using custom profile for table: deletedTable
2019-08-20 18:27:40,222 [main] INFO  db.DBStoreBuilder (DBStoreBuilder.java:processTables(161)) - Using default column profile:DBProfile.DISK for Table:deletedTable
2019-08-20 18:27:40,222 [main] INFO  db.DBStoreBuilder (DBStoreBuilder.java:addTable(110)) - using custom profile for table: openKeyTable
2019-08-20 18:27:40,222 [main] INFO  db.DBStoreBuilder (DBStoreBuilder.java:processTables(161)) - Using default column profile:DBProfile.DISK for Table:openKeyTable
2019-08-20 18:27:40,223 [main] INFO  db.DBStoreBuilder (DBStoreBuilder.java:addTable(110)) - using custom profile for table: s3Table
2019-08-20 18:27:40,223 [main] INFO  db.DBStoreBuilder (DBStoreBuilder.java:processTables(161)) - Using default column profile:DBProfile.DISK for Table:s3Table
2019-08-20 18:27:40,223 [main] INFO  db.DBStoreBuilder (DBStoreBuilder.java:addTable(110)) - using custom profile for table: multipartInfoTable
2019-08-20 18:27:40,223 [main] INFO  db.DBStoreBuilder (DBStoreBuilder.java:processTables(161)) - Using default column profile:DBProfile.DISK for Table:multipartInfoTable
2019-08-20 18:27:40,223 [main] INFO  db.DBStoreBuilder (DBStoreBuilder.java:addTable(110)) - using custom profile for table: dTokenTable
2019-08-20 18:27:40,223 [main] INFO  db.DBStoreBuilder (DBStoreBuilder.java:processTables(161)) - Using default column profile:DBProfile.DISK for Table:dTokenTable
2019-08-20 18:27:40,224 [main] INFO  db.DBStoreBuilder (DBStoreBuilder.java:addTable(110)) - using custom profile for table: s3SecretTable
2019-08-20 18:27:40,224 [main] INFO  db.DBStoreBuilder (DBStoreBuilder.java:processTables(161)) - Using default column profile:DBProfile.DISK for Table:s3SecretTable
2019-08-20 18:27:40,224 [main] INFO  db.DBStoreBuilder (DBStoreBuilder.java:addTable(110)) - using custom profile for table: prefixTable
2019-08-20 18:27:40,224 [main] INFO  db.DBStoreBuilder (DBStoreBuilder.java:processTables(161)) - Using default column profile:DBProfile.DISK for Table:prefixTable
2019-08-20 18:27:40,224 [main] INFO  db.DBStoreBuilder (DBStoreBuilder.java:addTable(110)) - using custom profile for table: default
2019-08-20 18:27:40,225 [main] INFO  db.DBStoreBuilder (DBStoreBuilder.java:processTables(167)) - Using default column profile:DBProfile.DISK for Table:default
2019-08-20 18:27:40,225 [main] INFO  db.DBStoreBuilder (DBStoreBuilder.java:getDbProfile(198)) - Using default options. DBProfile.DISK
2019-08-20 18:27:40,838 [main] INFO  ipc.CallQueueManager (CallQueueManager.java:<init>(84)) - Using callQueue: class java.util.concurrent.LinkedBlockingQueue, queueCapacity: 2000, scheduler: class org.apache.hadoop.ipc.DefaultRpcScheduler, ipcBackoff: false.
2019-08-20 18:27:40,839 [Socket Reader #1 for port 40225] INFO  ipc.Server (Server.java:run(1074)) - Starting Socket Reader #1 for port 40225
2019-08-20 18:27:40,850 [main] INFO  om.OzoneManager (OzoneManager.java:start(1259)) - OzoneManager RPC server is listening at localhost/127.0.0.1:40225
2019-08-20 18:27:40,850 [main] INFO  impl.MetricsSystemImpl (MetricsSystemImpl.java:init(158)) - OzoneManager metrics system started (again)
2019-08-20 18:27:40,850 [IPC Server listener on 40225] INFO  ipc.Server (Server.java:run(1153)) - IPC Server listener on 40225: starting
2019-08-20 18:27:40,850 [IPC Server Responder] INFO  ipc.Server (Server.java:run(1314)) - IPC Server Responder: starting
2019-08-20 18:27:40,855 [main] INFO  hdfs.DFSUtil (DFSUtil.java:httpServerTemplateForNNAndJN(1641)) - Starting Web-server for ozoneManager at: http://0.0.0.0:0
2019-08-20 18:27:40,856 [main] INFO  server.AuthenticationFilter (AuthenticationFilter.java:constructSecretProvider(240)) - Unable to initialize FileSignerSecretProvider, falling back to use random secrets.
2019-08-20 18:27:40,856 [main] WARN  http.HttpRequestLog (HttpRequestLog.java:getRequestLog(97)) - Jetty request log can only be enabled using Log4j
2019-08-20 18:27:40,857 [main] INFO  http.HttpServer2 (HttpServer2.java:addGlobalFilter(975)) - Added global filter 'safety' (class=org.apache.hadoop.http.HttpServer2$QuotingInputFilter)
2019-08-20 18:27:40,858 [main] INFO  http.HttpServer2 (HttpServer2.java:addFilter(948)) - Added filter static_user_filter (class=org.apache.hadoop.http.lib.StaticUserWebFilter$StaticUserFilter) to context ozoneManager
2019-08-20 18:27:40,858 [main] INFO  http.HttpServer2 (HttpServer2.java:addFilter(958)) - Added filter static_user_filter (class=org.apache.hadoop.http.lib.StaticUserWebFilter$StaticUserFilter) to context logs
2019-08-20 18:27:40,858 [main] INFO  http.HttpServer2 (HttpServer2.java:addFilter(958)) - Added filter static_user_filter (class=org.apache.hadoop.http.lib.StaticUserWebFilter$StaticUserFilter) to context static
2019-08-20 18:27:40,859 [main] INFO  http.HttpServer2 (HttpServer2.java:bindListener(1191)) - Jetty bound to port 41387
2019-08-20 18:27:40,859 [main] INFO  server.Server (Server.java:doStart(351)) - jetty-9.3.24.v20180605, build timestamp: 2018-06-05T17:11:56Z, git hash: 84205aa28f11a4f31f2a3b86d1bba2cc8ab69827
2019-08-20 18:27:40,860 [main] INFO  handler.ContextHandler (ContextHandler.java:doStart(781)) - Started o.e.j.s.ServletContextHandler@4b0df349{/logs,file:///workdir/hadoop-ozone/integration-test/target/log,AVAILABLE}
2019-08-20 18:27:40,861 [main] INFO  handler.ContextHandler (ContextHandler.java:doStart(781)) - Started o.e.j.s.ServletContextHandler@48463900{/static,file:///workdir/hadoop-ozone/integration-test/target/test-classes/webapps/static,AVAILABLE}
2019-08-20 18:27:40,864 [main] INFO  handler.ContextHandler (ContextHandler.java:doStart(781)) - Started o.e.j.w.WebAppContext@7df994ec{/,file:///workdir/hadoop-ozone/integration-test/target/test-classes/webapps/ozoneManager/,AVAILABLE}{/ozoneManager}
2019-08-20 18:27:40,864 [main] INFO  server.AbstractConnector (AbstractConnector.java:doStart(278)) - Started ServerConnector@1c8da7e8{HTTP/1.1,[http/1.1]}{0.0.0.0:41387}
2019-08-20 18:27:40,865 [main] INFO  server.Server (Server.java:doStart(419)) - Started @539647ms
2019-08-20 18:27:40,866 [main] INFO  server.BaseHttpServer (BaseHttpServer.java:updateConnectorAddress(213)) - HTTP server of OZONEMANAGER is listening at http://0.0.0.0:41387
2019-08-20 18:27:40,877 [main] INFO  impl.MetricsSystemImpl (MetricsSystemImpl.java:init(158)) - HddsDatanode metrics system started (again)
2019-08-20 18:27:40,879 [main] INFO  ozone.HddsDatanodeService (HddsDatanodeService.java:start(184)) - HddsDatanodeService host:pr-hdds-1753-5g2nl-2460324467 ip:192.168.5.186
2019-08-20 18:27:40,888 [main] INFO  volume.HddsVolume (HddsVolume.java:<init>(176)) - Creating Volume: /workdir/hadoop-ozone/integration-test/target/test-dir/MiniOzoneClusterImpl-9a1dce89-8836-4893-b9ec-7edc085093e3/datanode-0/data/containers/hdds of  storage type : DISK and capacity : 1482555576320
2019-08-20 18:27:40,889 [main] INFO  volume.VolumeSet (VolumeSet.java:initializeVolumeSet(170)) - Added Volume : /workdir/hadoop-ozone/integration-test/target/test-dir/MiniOzoneClusterImpl-9a1dce89-8836-4893-b9ec-7edc085093e3/datanode-0/data/containers/hdds to VolumeSet
2019-08-20 18:27:40,889 [main] INFO  volume.ThrottledAsyncChecker (ThrottledAsyncChecker.java:schedule(140)) - Scheduling a check for org.apache.hadoop.ozone.container.common.volume.HddsVolume@4a234e1f
2019-08-20 18:27:40,889 [main] INFO  volume.HddsVolumeChecker (HddsVolumeChecker.java:checkAllVolumes(203)) - Scheduled health check for volume org.apache.hadoop.ozone.container.common.volume.HddsVolume@4a234e1f
2019-08-20 18:27:40,905 [main] INFO  impl.RaftServerProxy (ConfUtils.java:logGet(43)) - raft.rpc.type = GRPC (default)
2019-08-20 18:27:40,906 [main] INFO  grpc.GrpcFactory (GrpcFactory.java:checkPooledByteBufAllocatorUseCacheForAllThreads(45)) - PERFORMANCE WARNING: useCacheForAllThreads is true that may cause Netty to create a lot garbage objects and, as a result, trigger GC.
	It is recommended to disable useCacheForAllThreads by setting -Dorg.apache.ratis.thirdparty.io.netty.allocator.useCacheForAllThreads=false in command line.
2019-08-20 18:27:40,906 [main] INFO  grpc.GrpcConfigKeys$Server (ConfUtils.java:logGet(43)) - raft.grpc.server.port = 0 (default)
2019-08-20 18:27:40,906 [main] INFO  server.GrpcService (ConfUtils.java:logGet(43)) - raft.grpc.message.size.max = 33570816 (custom)
2019-08-20 18:27:40,906 [main] INFO  server.RaftServerConfigKeys (ConfUtils.java:logGet(43)) - raft.server.log.appender.buffer.byte-limit = 33554432 (custom)
2019-08-20 18:27:40,906 [main] INFO  server.GrpcService (ConfUtils.java:logGet(43)) - raft.grpc.flow.control.window = 1MB (=1048576) (default)
2019-08-20 18:27:40,907 [main] INFO  server.RaftServerConfigKeys (ConfUtils.java:logGet(43)) - raft.server.rpc.request.timeout = 3000ms (default)
2019-08-20 18:27:40,907 [main] INFO  server.RaftServerConfigKeys (ConfUtils.java:logGet(43)) - raft.server.storage.dir = [/workdir/hadoop-ozone/integration-test/target/test-dir/MiniOzoneClusterImpl-9a1dce89-8836-4893-b9ec-7edc085093e3/datanode-0/data/ratis] (custom)
2019-08-20 18:27:40,908 [main] INFO  replication.SimpleContainerDownloader (SimpleContainerDownloader.java:<init>(72)) - Starting container downloader service to copy containers to replicate.
2019-08-20 18:27:40,909 [main] INFO  hdfs.DFSUtil (DFSUtil.java:httpServerTemplateForNNAndJN(1641)) - Starting Web-server for hddsDatanode at: http://0.0.0.0:0
2019-08-20 18:27:40,910 [main] INFO  server.AuthenticationFilter (AuthenticationFilter.java:constructSecretProvider(240)) - Unable to initialize FileSignerSecretProvider, falling back to use random secrets.
2019-08-20 18:27:40,910 [main] WARN  http.HttpRequestLog (HttpRequestLog.java:getRequestLog(97)) - Jetty request log can only be enabled using Log4j
2019-08-20 18:27:40,912 [main] INFO  http.HttpServer2 (HttpServer2.java:addGlobalFilter(975)) - Added global filter 'safety' (class=org.apache.hadoop.http.HttpServer2$QuotingInputFilter)
2019-08-20 18:27:40,912 [main] INFO  http.HttpServer2 (HttpServer2.java:addFilter(948)) - Added filter static_user_filter (class=org.apache.hadoop.http.lib.StaticUserWebFilter$StaticUserFilter) to context hddsDatanode
2019-08-20 18:27:40,912 [main] INFO  http.HttpServer2 (HttpServer2.java:addFilter(958)) - Added filter static_user_filter (class=org.apache.hadoop.http.lib.StaticUserWebFilter$StaticUserFilter) to context static
2019-08-20 18:27:40,912 [main] INFO  http.HttpServer2 (HttpServer2.java:addFilter(958)) - Added filter static_user_filter (class=org.apache.hadoop.http.lib.StaticUserWebFilter$StaticUserFilter) to context logs
2019-08-20 18:27:40,913 [main] INFO  http.HttpServer2 (HttpServer2.java:bindListener(1191)) - Jetty bound to port 39335
2019-08-20 18:27:40,913 [main] INFO  server.Server (Server.java:doStart(351)) - jetty-9.3.24.v20180605, build timestamp: 2018-06-05T17:11:56Z, git hash: 84205aa28f11a4f31f2a3b86d1bba2cc8ab69827
2019-08-20 18:27:40,914 [main] INFO  handler.ContextHandler (ContextHandler.java:doStart(781)) - Started o.e.j.s.ServletContextHandler@a6fc2e1{/logs,file:///workdir/hadoop-ozone/integration-test/target/log,AVAILABLE}
2019-08-20 18:27:40,915 [main] INFO  handler.ContextHandler (ContextHandler.java:doStart(781)) - Started o.e.j.s.ServletContextHandler@3f54fabc{/static,jar:file:/home/user/.m2/repository/org/apache/hadoop/hadoop-hdds-container-service/0.5.0-SNAPSHOT/hadoop-hdds-container-service-0.5.0-SNAPSHOT.jar!/webapps/static,AVAILABLE}
2019-08-20 18:27:40,949 [main] INFO  handler.ContextHandler (ContextHandler.java:doStart(781)) - Started o.e.j.w.WebAppContext@7e584f3c{/,file:///tmp/jetty-0.0.0.0-39335-hddsDatanode-_-any-8237621226664330903.dir/webapp/,AVAILABLE}{/hddsDatanode}
2019-08-20 18:27:40,950 [main] INFO  server.AbstractConnector (AbstractConnector.java:doStart(278)) - Started ServerConnector@5f113867{HTTP/1.1,[http/1.1]}{0.0.0.0:39335}
2019-08-20 18:27:40,951 [main] INFO  server.Server (Server.java:doStart(419)) - Started @539733ms
2019-08-20 18:27:40,952 [main] INFO  server.BaseHttpServer (BaseHttpServer.java:updateConnectorAddress(213)) - HTTP server of HDDSDATANODE is listening at http://0.0.0.0:39335
2019-08-20 18:27:41,083 | INFO  | ObjectStoreRestHttpServer | Listening HDDS REST traffic on /0.0.0.0:38859 |  
2019-08-20 18:27:41,083 [main] INFO  ozone.HddsDatanodeService (HddsDatanodeService.java:startPlugins(395)) - Started plug-in org.apache.hadoop.ozone.web.OzoneHddsDatanodeService@539570b8
2019-08-20 18:27:41,083 [main] INFO  impl.MetricsSystemImpl (MetricsSystemImpl.java:init(158)) - HddsDatanode metrics system started (again)
2019-08-20 18:27:41,086 [main] INFO  ozone.HddsDatanodeService (HddsDatanodeService.java:start(184)) - HddsDatanodeService host:pr-hdds-1753-5g2nl-2460324467 ip:192.168.5.186
2019-08-20 18:27:41,086 [org.apache.hadoop.util.JvmPauseMonitor$Monitor@762b3542] INFO  util.JvmPauseMonitor (JvmPauseMonitor.java:run(188)) - Starting JVM pause monitor
2019-08-20 18:27:41,088 [Datanode State Machine Thread - 0] INFO  datanode.InitDatanodeState (InitDatanodeState.java:persistContainerDatanodeDetails(140)) - DatanodeDetails is persisted to /workdir/hadoop-ozone/integration-test/target/test-dir/MiniOzoneClusterImpl-9a1dce89-8836-4893-b9ec-7edc085093e3/datanode-0/meta/datanode.id
2019-08-20 18:27:41,094 [main] INFO  volume.HddsVolume (HddsVolume.java:<init>(176)) - Creating Volume: /workdir/hadoop-ozone/integration-test/target/test-dir/MiniOzoneClusterImpl-9a1dce89-8836-4893-b9ec-7edc085093e3/datanode-1/data/containers/hdds of  storage type : DISK and capacity : 1482555576320
2019-08-20 18:27:41,094 [main] INFO  volume.VolumeSet (VolumeSet.java:initializeVolumeSet(170)) - Added Volume : /workdir/hadoop-ozone/integration-test/target/test-dir/MiniOzoneClusterImpl-9a1dce89-8836-4893-b9ec-7edc085093e3/datanode-1/data/containers/hdds to VolumeSet
2019-08-20 18:27:41,094 [main] INFO  volume.ThrottledAsyncChecker (ThrottledAsyncChecker.java:schedule(140)) - Scheduling a check for org.apache.hadoop.ozone.container.common.volume.HddsVolume@2d6abfc7
2019-08-20 18:27:41,095 [main] INFO  volume.HddsVolumeChecker (HddsVolumeChecker.java:checkAllVolumes(203)) - Scheduled health check for volume org.apache.hadoop.ozone.container.common.volume.HddsVolume@2d6abfc7
2019-08-20 18:27:41,109 [main] INFO  impl.RaftServerProxy (ConfUtils.java:logGet(43)) - raft.rpc.type = GRPC (default)
2019-08-20 18:27:41,109 [main] INFO  grpc.GrpcFactory (GrpcFactory.java:checkPooledByteBufAllocatorUseCacheForAllThreads(45)) - PERFORMANCE WARNING: useCacheForAllThreads is true that may cause Netty to create a lot garbage objects and, as a result, trigger GC.
	It is recommended to disable useCacheForAllThreads by setting -Dorg.apache.ratis.thirdparty.io.netty.allocator.useCacheForAllThreads=false in command line.
2019-08-20 18:27:41,110 [main] INFO  grpc.GrpcConfigKeys$Server (ConfUtils.java:logGet(43)) - raft.grpc.server.port = 0 (default)
2019-08-20 18:27:41,110 [main] INFO  server.GrpcService (ConfUtils.java:logGet(43)) - raft.grpc.message.size.max = 33570816 (custom)
2019-08-20 18:27:41,110 [main] INFO  server.RaftServerConfigKeys (ConfUtils.java:logGet(43)) - raft.server.log.appender.buffer.byte-limit = 33554432 (custom)
2019-08-20 18:27:41,110 [main] INFO  server.GrpcService (ConfUtils.java:logGet(43)) - raft.grpc.flow.control.window = 1MB (=1048576) (default)
2019-08-20 18:27:41,110 [main] INFO  server.RaftServerConfigKeys (ConfUtils.java:logGet(43)) - raft.server.rpc.request.timeout = 3000ms (default)
2019-08-20 18:27:41,111 [main] INFO  server.RaftServerConfigKeys (ConfUtils.java:logGet(43)) - raft.server.storage.dir = [/workdir/hadoop-ozone/integration-test/target/test-dir/MiniOzoneClusterImpl-9a1dce89-8836-4893-b9ec-7edc085093e3/datanode-1/data/ratis] (custom)
2019-08-20 18:27:41,111 [main] INFO  replication.SimpleContainerDownloader (SimpleContainerDownloader.java:<init>(72)) - Starting container downloader service to copy containers to replicate.
2019-08-20 18:27:41,112 [main] INFO  hdfs.DFSUtil (DFSUtil.java:httpServerTemplateForNNAndJN(1641)) - Starting Web-server for hddsDatanode at: http://0.0.0.0:0
2019-08-20 18:27:41,113 [main] INFO  server.AuthenticationFilter (AuthenticationFilter.java:constructSecretProvider(240)) - Unable to initialize FileSignerSecretProvider, falling back to use random secrets.
2019-08-20 18:27:41,114 [main] WARN  http.HttpRequestLog (HttpRequestLog.java:getRequestLog(97)) - Jetty request log can only be enabled using Log4j
2019-08-20 18:27:41,115 [main] INFO  http.HttpServer2 (HttpServer2.java:addGlobalFilter(975)) - Added global filter 'safety' (class=org.apache.hadoop.http.HttpServer2$QuotingInputFilter)
2019-08-20 18:27:41,115 [main] INFO  http.HttpServer2 (HttpServer2.java:addFilter(948)) - Added filter static_user_filter (class=org.apache.hadoop.http.lib.StaticUserWebFilter$StaticUserFilter) to context hddsDatanode
2019-08-20 18:27:41,115 [main] INFO  http.HttpServer2 (HttpServer2.java:addFilter(958)) - Added filter static_user_filter (class=org.apache.hadoop.http.lib.StaticUserWebFilter$StaticUserFilter) to context static
2019-08-20 18:27:41,115 [main] INFO  http.HttpServer2 (HttpServer2.java:addFilter(958)) - Added filter static_user_filter (class=org.apache.hadoop.http.lib.StaticUserWebFilter$StaticUserFilter) to context logs
2019-08-20 18:27:41,116 [main] INFO  http.HttpServer2 (HttpServer2.java:bindListener(1191)) - Jetty bound to port 33881
2019-08-20 18:27:41,116 [main] INFO  server.Server (Server.java:doStart(351)) - jetty-9.3.24.v20180605, build timestamp: 2018-06-05T17:11:56Z, git hash: 84205aa28f11a4f31f2a3b86d1bba2cc8ab69827
2019-08-20 18:27:41,118 [main] INFO  handler.ContextHandler (ContextHandler.java:doStart(781)) - Started o.e.j.s.ServletContextHandler@741f8cf{/logs,file:///workdir/hadoop-ozone/integration-test/target/log,AVAILABLE}
2019-08-20 18:27:41,118 [main] INFO  handler.ContextHandler (ContextHandler.java:doStart(781)) - Started o.e.j.s.ServletContextHandler@1df8ea34{/static,jar:file:/home/user/.m2/repository/org/apache/hadoop/hadoop-hdds-container-service/0.5.0-SNAPSHOT/hadoop-hdds-container-service-0.5.0-SNAPSHOT.jar!/webapps/static,AVAILABLE}
2019-08-20 18:27:41,146 [main] INFO  handler.ContextHandler (ContextHandler.java:doStart(781)) - Started o.e.j.w.WebAppContext@2b26d289{/,file:///tmp/jetty-0.0.0.0-33881-hddsDatanode-_-any-2275324541251820887.dir/webapp/,AVAILABLE}{/hddsDatanode}
2019-08-20 18:27:41,146 [main] INFO  server.AbstractConnector (AbstractConnector.java:doStart(278)) - Started ServerConnector@7f680a9a{HTTP/1.1,[http/1.1]}{0.0.0.0:33881}
2019-08-20 18:27:41,146 [main] INFO  server.Server (Server.java:doStart(419)) - Started @539928ms
2019-08-20 18:27:41,149 [main] INFO  server.BaseHttpServer (BaseHttpServer.java:updateConnectorAddress(213)) - HTTP server of HDDSDATANODE is listening at http://0.0.0.0:33881
2019-08-20 18:27:41,300 | INFO  | ObjectStoreRestHttpServer | Listening HDDS REST traffic on /0.0.0.0:37727 |  
2019-08-20 18:27:41,300 [main] INFO  ozone.HddsDatanodeService (HddsDatanodeService.java:startPlugins(395)) - Started plug-in org.apache.hadoop.ozone.web.OzoneHddsDatanodeService@23c24c0e
2019-08-20 18:27:41,300 [main] INFO  impl.MetricsSystemImpl (MetricsSystemImpl.java:init(158)) - HddsDatanode metrics system started (again)
2019-08-20 18:27:41,303 [org.apache.hadoop.util.JvmPauseMonitor$Monitor@3535c1da] INFO  util.JvmPauseMonitor (JvmPauseMonitor.java:run(188)) - Starting JVM pause monitor
2019-08-20 18:27:41,303 [main] INFO  ozone.HddsDatanodeService (HddsDatanodeService.java:start(184)) - HddsDatanodeService host:pr-hdds-1753-5g2nl-2460324467 ip:192.168.5.186
2019-08-20 18:27:41,304 [Datanode State Machine Thread - 0] INFO  datanode.InitDatanodeState (InitDatanodeState.java:persistContainerDatanodeDetails(140)) - DatanodeDetails is persisted to /workdir/hadoop-ozone/integration-test/target/test-dir/MiniOzoneClusterImpl-9a1dce89-8836-4893-b9ec-7edc085093e3/datanode-1/meta/datanode.id
2019-08-20 18:27:41,312 [main] INFO  volume.HddsVolume (HddsVolume.java:<init>(176)) - Creating Volume: /workdir/hadoop-ozone/integration-test/target/test-dir/MiniOzoneClusterImpl-9a1dce89-8836-4893-b9ec-7edc085093e3/datanode-2/data/containers/hdds of  storage type : DISK and capacity : 1482555576320
2019-08-20 18:27:41,312 [main] INFO  volume.VolumeSet (VolumeSet.java:initializeVolumeSet(170)) - Added Volume : /workdir/hadoop-ozone/integration-test/target/test-dir/MiniOzoneClusterImpl-9a1dce89-8836-4893-b9ec-7edc085093e3/datanode-2/data/containers/hdds to VolumeSet
2019-08-20 18:27:41,312 [main] INFO  volume.ThrottledAsyncChecker (ThrottledAsyncChecker.java:schedule(140)) - Scheduling a check for org.apache.hadoop.ozone.container.common.volume.HddsVolume@6d810e94
2019-08-20 18:27:41,313 [main] INFO  volume.HddsVolumeChecker (HddsVolumeChecker.java:checkAllVolumes(203)) - Scheduled health check for volume org.apache.hadoop.ozone.container.common.volume.HddsVolume@6d810e94
2019-08-20 18:27:41,326 [main] INFO  impl.RaftServerProxy (ConfUtils.java:logGet(43)) - raft.rpc.type = GRPC (default)
2019-08-20 18:27:41,326 [main] INFO  grpc.GrpcFactory (GrpcFactory.java:checkPooledByteBufAllocatorUseCacheForAllThreads(45)) - PERFORMANCE WARNING: useCacheForAllThreads is true that may cause Netty to create a lot garbage objects and, as a result, trigger GC.
	It is recommended to disable useCacheForAllThreads by setting -Dorg.apache.ratis.thirdparty.io.netty.allocator.useCacheForAllThreads=false in command line.
2019-08-20 18:27:41,327 [main] INFO  grpc.GrpcConfigKeys$Server (ConfUtils.java:logGet(43)) - raft.grpc.server.port = 0 (default)
2019-08-20 18:27:41,327 [main] INFO  server.GrpcService (ConfUtils.java:logGet(43)) - raft.grpc.message.size.max = 33570816 (custom)
2019-08-20 18:27:41,327 [main] INFO  server.RaftServerConfigKeys (ConfUtils.java:logGet(43)) - raft.server.log.appender.buffer.byte-limit = 33554432 (custom)
2019-08-20 18:27:41,327 [main] INFO  server.GrpcService (ConfUtils.java:logGet(43)) - raft.grpc.flow.control.window = 1MB (=1048576) (default)
2019-08-20 18:27:41,327 [main] INFO  server.RaftServerConfigKeys (ConfUtils.java:logGet(43)) - raft.server.rpc.request.timeout = 3000ms (default)
2019-08-20 18:27:41,328 [main] INFO  server.RaftServerConfigKeys (ConfUtils.java:logGet(43)) - raft.server.storage.dir = [/workdir/hadoop-ozone/integration-test/target/test-dir/MiniOzoneClusterImpl-9a1dce89-8836-4893-b9ec-7edc085093e3/datanode-2/data/ratis] (custom)
2019-08-20 18:27:41,328 [main] INFO  replication.SimpleContainerDownloader (SimpleContainerDownloader.java:<init>(72)) - Starting container downloader service to copy containers to replicate.
2019-08-20 18:27:41,329 [main] INFO  hdfs.DFSUtil (DFSUtil.java:httpServerTemplateForNNAndJN(1641)) - Starting Web-server for hddsDatanode at: http://0.0.0.0:0
2019-08-20 18:27:41,330 [main] INFO  server.AuthenticationFilter (AuthenticationFilter.java:constructSecretProvider(240)) - Unable to initialize FileSignerSecretProvider, falling back to use random secrets.
2019-08-20 18:27:41,331 [main] WARN  http.HttpRequestLog (HttpRequestLog.java:getRequestLog(97)) - Jetty request log can only be enabled using Log4j
2019-08-20 18:27:41,332 [main] INFO  http.HttpServer2 (HttpServer2.java:addGlobalFilter(975)) - Added global filter 'safety' (class=org.apache.hadoop.http.HttpServer2$QuotingInputFilter)
2019-08-20 18:27:41,333 [main] INFO  http.HttpServer2 (HttpServer2.java:addFilter(948)) - Added filter static_user_filter (class=org.apache.hadoop.http.lib.StaticUserWebFilter$StaticUserFilter) to context hddsDatanode
2019-08-20 18:27:41,333 [main] INFO  http.HttpServer2 (HttpServer2.java:addFilter(958)) - Added filter static_user_filter (class=org.apache.hadoop.http.lib.StaticUserWebFilter$StaticUserFilter) to context static
2019-08-20 18:27:41,333 [main] INFO  http.HttpServer2 (HttpServer2.java:addFilter(958)) - Added filter static_user_filter (class=org.apache.hadoop.http.lib.StaticUserWebFilter$StaticUserFilter) to context logs
2019-08-20 18:27:41,334 [main] INFO  http.HttpServer2 (HttpServer2.java:bindListener(1191)) - Jetty bound to port 36208
2019-08-20 18:27:41,334 [main] INFO  server.Server (Server.java:doStart(351)) - jetty-9.3.24.v20180605, build timestamp: 2018-06-05T17:11:56Z, git hash: 84205aa28f11a4f31f2a3b86d1bba2cc8ab69827
2019-08-20 18:27:41,335 [main] INFO  handler.ContextHandler (ContextHandler.java:doStart(781)) - Started o.e.j.s.ServletContextHandler@445adbd7{/logs,file:///workdir/hadoop-ozone/integration-test/target/log,AVAILABLE}
2019-08-20 18:27:41,336 [main] INFO  handler.ContextHandler (ContextHandler.java:doStart(781)) - Started o.e.j.s.ServletContextHandler@7b06dce0{/static,jar:file:/home/user/.m2/repository/org/apache/hadoop/hadoop-hdds-container-service/0.5.0-SNAPSHOT/hadoop-hdds-container-service-0.5.0-SNAPSHOT.jar!/webapps/static,AVAILABLE}
2019-08-20 18:27:41,360 [main] INFO  handler.ContextHandler (ContextHandler.java:doStart(781)) - Started o.e.j.w.WebAppContext@7053b64b{/,file:///tmp/jetty-0.0.0.0-36208-hddsDatanode-_-any-2270449429708465629.dir/webapp/,AVAILABLE}{/hddsDatanode}
2019-08-20 18:27:41,360 [main] INFO  server.AbstractConnector (AbstractConnector.java:doStart(278)) - Started ServerConnector@7f5b0926{HTTP/1.1,[http/1.1]}{0.0.0.0:36208}
2019-08-20 18:27:41,361 [main] INFO  server.Server (Server.java:doStart(419)) - Started @540143ms
2019-08-20 18:27:41,362 [main] INFO  server.BaseHttpServer (BaseHttpServer.java:updateConnectorAddress(213)) - HTTP server of HDDSDATANODE is listening at http://0.0.0.0:36208
2019-08-20 18:27:41,469 | INFO  | ObjectStoreRestHttpServer | Listening HDDS REST traffic on /0.0.0.0:42098 |  
2019-08-20 18:27:41,469 [main] INFO  ozone.HddsDatanodeService (HddsDatanodeService.java:startPlugins(395)) - Started plug-in org.apache.hadoop.ozone.web.OzoneHddsDatanodeService@65f8933b
2019-08-20 18:27:41,469 [main] INFO  impl.MetricsSystemImpl (MetricsSystemImpl.java:init(158)) - HddsDatanode metrics system started (again)
2019-08-20 18:27:41,472 [main] INFO  ozone.HddsDatanodeService (HddsDatanodeService.java:start(184)) - HddsDatanodeService host:pr-hdds-1753-5g2nl-2460324467 ip:192.168.5.186
2019-08-20 18:27:41,472 [org.apache.hadoop.util.JvmPauseMonitor$Monitor@1156eea8] INFO  util.JvmPauseMonitor (JvmPauseMonitor.java:run(188)) - Starting JVM pause monitor
2019-08-20 18:27:41,473 [Datanode State Machine Thread - 0] INFO  datanode.InitDatanodeState (InitDatanodeState.java:persistContainerDatanodeDetails(140)) - DatanodeDetails is persisted to /workdir/hadoop-ozone/integration-test/target/test-dir/MiniOzoneClusterImpl-9a1dce89-8836-4893-b9ec-7edc085093e3/datanode-2/meta/datanode.id
2019-08-20 18:27:41,482 [main] INFO  volume.HddsVolume (HddsVolume.java:<init>(176)) - Creating Volume: /workdir/hadoop-ozone/integration-test/target/test-dir/MiniOzoneClusterImpl-9a1dce89-8836-4893-b9ec-7edc085093e3/datanode-3/data/containers/hdds of  storage type : DISK and capacity : 1482555576320
2019-08-20 18:27:41,482 [main] INFO  volume.VolumeSet (VolumeSet.java:initializeVolumeSet(170)) - Added Volume : /workdir/hadoop-ozone/integration-test/target/test-dir/MiniOzoneClusterImpl-9a1dce89-8836-4893-b9ec-7edc085093e3/datanode-3/data/containers/hdds to VolumeSet
2019-08-20 18:27:41,482 [main] INFO  volume.ThrottledAsyncChecker (ThrottledAsyncChecker.java:schedule(140)) - Scheduling a check for org.apache.hadoop.ozone.container.common.volume.HddsVolume@66464f27
2019-08-20 18:27:41,483 [main] INFO  volume.HddsVolumeChecker (HddsVolumeChecker.java:checkAllVolumes(203)) - Scheduled health check for volume org.apache.hadoop.ozone.container.common.volume.HddsVolume@66464f27
2019-08-20 18:27:41,495 [main] INFO  impl.RaftServerProxy (ConfUtils.java:logGet(43)) - raft.rpc.type = GRPC (default)
2019-08-20 18:27:41,495 [main] INFO  grpc.GrpcFactory (GrpcFactory.java:checkPooledByteBufAllocatorUseCacheForAllThreads(45)) - PERFORMANCE WARNING: useCacheForAllThreads is true that may cause Netty to create a lot garbage objects and, as a result, trigger GC.
	It is recommended to disable useCacheForAllThreads by setting -Dorg.apache.ratis.thirdparty.io.netty.allocator.useCacheForAllThreads=false in command line.
2019-08-20 18:27:41,495 [main] INFO  grpc.GrpcConfigKeys$Server (ConfUtils.java:logGet(43)) - raft.grpc.server.port = 0 (default)
2019-08-20 18:27:41,495 [main] INFO  server.GrpcService (ConfUtils.java:logGet(43)) - raft.grpc.message.size.max = 33570816 (custom)
2019-08-20 18:27:41,495 [main] INFO  server.RaftServerConfigKeys (ConfUtils.java:logGet(43)) - raft.server.log.appender.buffer.byte-limit = 33554432 (custom)
2019-08-20 18:27:41,495 [main] INFO  server.GrpcService (ConfUtils.java:logGet(43)) - raft.grpc.flow.control.window = 1MB (=1048576) (default)
2019-08-20 18:27:41,496 [main] INFO  server.RaftServerConfigKeys (ConfUtils.java:logGet(43)) - raft.server.rpc.request.timeout = 3000ms (default)
2019-08-20 18:27:41,496 [main] INFO  server.RaftServerConfigKeys (ConfUtils.java:logGet(43)) - raft.server.storage.dir = [/workdir/hadoop-ozone/integration-test/target/test-dir/MiniOzoneClusterImpl-9a1dce89-8836-4893-b9ec-7edc085093e3/datanode-3/data/ratis] (custom)
2019-08-20 18:27:41,496 [main] INFO  replication.SimpleContainerDownloader (SimpleContainerDownloader.java:<init>(72)) - Starting container downloader service to copy containers to replicate.
2019-08-20 18:27:41,497 [main] INFO  hdfs.DFSUtil (DFSUtil.java:httpServerTemplateForNNAndJN(1641)) - Starting Web-server for hddsDatanode at: http://0.0.0.0:0
2019-08-20 18:27:41,499 [main] INFO  server.AuthenticationFilter (AuthenticationFilter.java:constructSecretProvider(240)) - Unable to initialize FileSignerSecretProvider, falling back to use random secrets.
2019-08-20 18:27:41,499 [main] WARN  http.HttpRequestLog (HttpRequestLog.java:getRequestLog(97)) - Jetty request log can only be enabled using Log4j
2019-08-20 18:27:41,500 [main] INFO  http.HttpServer2 (HttpServer2.java:addGlobalFilter(975)) - Added global filter 'safety' (class=org.apache.hadoop.http.HttpServer2$QuotingInputFilter)
2019-08-20 18:27:41,501 [main] INFO  http.HttpServer2 (HttpServer2.java:addFilter(948)) - Added filter static_user_filter (class=org.apache.hadoop.http.lib.StaticUserWebFilter$StaticUserFilter) to context hddsDatanode
2019-08-20 18:27:41,501 [main] INFO  http.HttpServer2 (HttpServer2.java:addFilter(958)) - Added filter static_user_filter (class=org.apache.hadoop.http.lib.StaticUserWebFilter$StaticUserFilter) to context static
2019-08-20 18:27:41,501 [main] INFO  http.HttpServer2 (HttpServer2.java:addFilter(958)) - Added filter static_user_filter (class=org.apache.hadoop.http.lib.StaticUserWebFilter$StaticUserFilter) to context logs
2019-08-20 18:27:41,501 [main] INFO  http.HttpServer2 (HttpServer2.java:bindListener(1191)) - Jetty bound to port 43016
2019-08-20 18:27:41,502 [main] INFO  server.Server (Server.java:doStart(351)) - jetty-9.3.24.v20180605, build timestamp: 2018-06-05T17:11:56Z, git hash: 84205aa28f11a4f31f2a3b86d1bba2cc8ab69827
2019-08-20 18:27:41,503 [main] INFO  handler.ContextHandler (ContextHandler.java:doStart(781)) - Started o.e.j.s.ServletContextHandler@53d3d604{/logs,file:///workdir/hadoop-ozone/integration-test/target/log,AVAILABLE}
2019-08-20 18:27:41,503 [main] INFO  handler.ContextHandler (ContextHandler.java:doStart(781)) - Started o.e.j.s.ServletContextHandler@5e3a577a{/static,jar:file:/home/user/.m2/repository/org/apache/hadoop/hadoop-hdds-container-service/0.5.0-SNAPSHOT/hadoop-hdds-container-service-0.5.0-SNAPSHOT.jar!/webapps/static,AVAILABLE}
2019-08-20 18:27:41,529 [main] INFO  handler.ContextHandler (ContextHandler.java:doStart(781)) - Started o.e.j.w.WebAppContext@2f4c83f1{/,file:///tmp/jetty-0.0.0.0-43016-hddsDatanode-_-any-8216640835616685221.dir/webapp/,AVAILABLE}{/hddsDatanode}
2019-08-20 18:27:41,529 [main] INFO  server.AbstractConnector (AbstractConnector.java:doStart(278)) - Started ServerConnector@5a90ea5c{HTTP/1.1,[http/1.1]}{0.0.0.0:43016}
2019-08-20 18:27:41,530 [main] INFO  server.Server (Server.java:doStart(419)) - Started @540312ms
2019-08-20 18:27:41,531 [main] INFO  server.BaseHttpServer (BaseHttpServer.java:updateConnectorAddress(213)) - HTTP server of HDDSDATANODE is listening at http://0.0.0.0:43016
2019-08-20 18:27:41,644 | INFO  | ObjectStoreRestHttpServer | Listening HDDS REST traffic on /0.0.0.0:34514 |  
2019-08-20 18:27:41,644 [main] INFO  ozone.HddsDatanodeService (HddsDatanodeService.java:startPlugins(395)) - Started plug-in org.apache.hadoop.ozone.web.OzoneHddsDatanodeService@75452b01
2019-08-20 18:27:41,644 [main] INFO  impl.MetricsSystemImpl (MetricsSystemImpl.java:init(158)) - HddsDatanode metrics system started (again)
2019-08-20 18:27:41,647 [org.apache.hadoop.util.JvmPauseMonitor$Monitor@1849a96] INFO  util.JvmPauseMonitor (JvmPauseMonitor.java:run(188)) - Starting JVM pause monitor
2019-08-20 18:27:41,648 [main] INFO  ozone.HddsDatanodeService (HddsDatanodeService.java:start(184)) - HddsDatanodeService host:pr-hdds-1753-5g2nl-2460324467 ip:192.168.5.186
2019-08-20 18:27:41,649 [Datanode State Machine Thread - 0] INFO  datanode.InitDatanodeState (InitDatanodeState.java:persistContainerDatanodeDetails(140)) - DatanodeDetails is persisted to /workdir/hadoop-ozone/integration-test/target/test-dir/MiniOzoneClusterImpl-9a1dce89-8836-4893-b9ec-7edc085093e3/datanode-3/meta/datanode.id
2019-08-20 18:27:41,853 [main] INFO  volume.HddsVolume (HddsVolume.java:<init>(176)) - Creating Volume: /workdir/hadoop-ozone/integration-test/target/test-dir/MiniOzoneClusterImpl-9a1dce89-8836-4893-b9ec-7edc085093e3/datanode-4/data/containers/hdds of  storage type : DISK and capacity : 1482555576320
2019-08-20 18:27:41,914 [main] INFO  volume.VolumeSet (VolumeSet.java:initializeVolumeSet(170)) - Added Volume : /workdir/hadoop-ozone/integration-test/target/test-dir/MiniOzoneClusterImpl-9a1dce89-8836-4893-b9ec-7edc085093e3/datanode-4/data/containers/hdds to VolumeSet
2019-08-20 18:27:41,915 [main] INFO  volume.ThrottledAsyncChecker (ThrottledAsyncChecker.java:schedule(140)) - Scheduling a check for org.apache.hadoop.ozone.container.common.volume.HddsVolume@56a34c0e
2019-08-20 18:27:41,917 [main] INFO  volume.HddsVolumeChecker (HddsVolumeChecker.java:checkAllVolumes(203)) - Scheduled health check for volume org.apache.hadoop.ozone.container.common.volume.HddsVolume@56a34c0e
2019-08-20 18:27:41,936 [main] INFO  impl.RaftServerProxy (ConfUtils.java:logGet(43)) - raft.rpc.type = GRPC (default)
2019-08-20 18:27:41,937 [main] INFO  grpc.GrpcFactory (GrpcFactory.java:checkPooledByteBufAllocatorUseCacheForAllThreads(45)) - PERFORMANCE WARNING: useCacheForAllThreads is true that may cause Netty to create a lot garbage objects and, as a result, trigger GC.
	It is recommended to disable useCacheForAllThreads by setting -Dorg.apache.ratis.thirdparty.io.netty.allocator.useCacheForAllThreads=false in command line.
2019-08-20 18:27:41,937 [main] INFO  grpc.GrpcConfigKeys$Server (ConfUtils.java:logGet(43)) - raft.grpc.server.port = 0 (default)
2019-08-20 18:27:41,937 [main] INFO  server.GrpcService (ConfUtils.java:logGet(43)) - raft.grpc.message.size.max = 33570816 (custom)
2019-08-20 18:27:41,938 [main] INFO  server.RaftServerConfigKeys (ConfUtils.java:logGet(43)) - raft.server.log.appender.buffer.byte-limit = 33554432 (custom)
2019-08-20 18:27:41,938 [main] INFO  server.GrpcService (ConfUtils.java:logGet(43)) - raft.grpc.flow.control.window = 1MB (=1048576) (default)
2019-08-20 18:27:41,938 [main] INFO  server.RaftServerConfigKeys (ConfUtils.java:logGet(43)) - raft.server.rpc.request.timeout = 3000ms (default)
2019-08-20 18:27:41,939 [main] INFO  server.RaftServerConfigKeys (ConfUtils.java:logGet(43)) - raft.server.storage.dir = [/workdir/hadoop-ozone/integration-test/target/test-dir/MiniOzoneClusterImpl-9a1dce89-8836-4893-b9ec-7edc085093e3/datanode-4/data/ratis] (custom)
2019-08-20 18:27:41,939 [main] INFO  replication.SimpleContainerDownloader (SimpleContainerDownloader.java:<init>(72)) - Starting container downloader service to copy containers to replicate.
2019-08-20 18:27:41,941 [main] INFO  hdfs.DFSUtil (DFSUtil.java:httpServerTemplateForNNAndJN(1641)) - Starting Web-server for hddsDatanode at: http://0.0.0.0:0
2019-08-20 18:27:41,942 [main] INFO  server.AuthenticationFilter (AuthenticationFilter.java:constructSecretProvider(240)) - Unable to initialize FileSignerSecretProvider, falling back to use random secrets.
2019-08-20 18:27:41,943 [main] WARN  http.HttpRequestLog (HttpRequestLog.java:getRequestLog(97)) - Jetty request log can only be enabled using Log4j
2019-08-20 18:27:41,944 [main] INFO  http.HttpServer2 (HttpServer2.java:addGlobalFilter(975)) - Added global filter 'safety' (class=org.apache.hadoop.http.HttpServer2$QuotingInputFilter)
2019-08-20 18:27:41,944 [main] INFO  http.HttpServer2 (HttpServer2.java:addFilter(948)) - Added filter static_user_filter (class=org.apache.hadoop.http.lib.StaticUserWebFilter$StaticUserFilter) to context hddsDatanode
2019-08-20 18:27:41,945 [main] INFO  http.HttpServer2 (HttpServer2.java:addFilter(958)) - Added filter static_user_filter (class=org.apache.hadoop.http.lib.StaticUserWebFilter$StaticUserFilter) to context logs
2019-08-20 18:27:41,945 [main] INFO  http.HttpServer2 (HttpServer2.java:addFilter(958)) - Added filter static_user_filter (class=org.apache.hadoop.http.lib.StaticUserWebFilter$StaticUserFilter) to context static
2019-08-20 18:27:41,945 [main] INFO  http.HttpServer2 (HttpServer2.java:bindListener(1191)) - Jetty bound to port 32788
2019-08-20 18:27:41,945 [main] INFO  server.Server (Server.java:doStart(351)) - jetty-9.3.24.v20180605, build timestamp: 2018-06-05T17:11:56Z, git hash: 84205aa28f11a4f31f2a3b86d1bba2cc8ab69827
2019-08-20 18:27:41,947 [main] INFO  handler.ContextHandler (ContextHandler.java:doStart(781)) - Started o.e.j.s.ServletContextHandler@10fa270e{/logs,file:///workdir/hadoop-ozone/integration-test/target/log,AVAILABLE}
2019-08-20 18:27:41,947 [main] INFO  handler.ContextHandler (ContextHandler.java:doStart(781)) - Started o.e.j.s.ServletContextHandler@51c660c8{/static,jar:file:/home/user/.m2/repository/org/apache/hadoop/hadoop-hdds-container-service/0.5.0-SNAPSHOT/hadoop-hdds-container-service-0.5.0-SNAPSHOT.jar!/webapps/static,AVAILABLE}
2019-08-20 18:27:41,972 [main] INFO  handler.ContextHandler (ContextHandler.java:doStart(781)) - Started o.e.j.w.WebAppContext@3b25ce5e{/,file:///tmp/jetty-0.0.0.0-32788-hddsDatanode-_-any-4419530425458833974.dir/webapp/,AVAILABLE}{/hddsDatanode}
2019-08-20 18:27:41,972 [main] INFO  server.AbstractConnector (AbstractConnector.java:doStart(278)) - Started ServerConnector@7b99e726{HTTP/1.1,[http/1.1]}{0.0.0.0:32788}
2019-08-20 18:27:41,973 [main] INFO  server.Server (Server.java:doStart(419)) - Started @540755ms
2019-08-20 18:27:41,974 [main] INFO  server.BaseHttpServer (BaseHttpServer.java:updateConnectorAddress(213)) - HTTP server of HDDSDATANODE is listening at http://0.0.0.0:32788
2019-08-20 18:27:42,082 | INFO  | ObjectStoreRestHttpServer | Listening HDDS REST traffic on /0.0.0.0:45858 |  
2019-08-20 18:27:42,082 [main] INFO  ozone.HddsDatanodeService (HddsDatanodeService.java:startPlugins(395)) - Started plug-in org.apache.hadoop.ozone.web.OzoneHddsDatanodeService@78395e28
2019-08-20 18:27:42,082 [main] INFO  impl.MetricsSystemImpl (MetricsSystemImpl.java:init(158)) - HddsDatanode metrics system started (again)
2019-08-20 18:27:42,086 [org.apache.hadoop.util.JvmPauseMonitor$Monitor@33769f32] INFO  util.JvmPauseMonitor (JvmPauseMonitor.java:run(188)) - Starting JVM pause monitor
2019-08-20 18:27:42,086 [main] INFO  ozone.HddsDatanodeService (HddsDatanodeService.java:start(184)) - HddsDatanodeService host:pr-hdds-1753-5g2nl-2460324467 ip:192.168.5.186
2019-08-20 18:27:42,088 [Datanode State Machine Thread - 0] INFO  datanode.InitDatanodeState (InitDatanodeState.java:persistContainerDatanodeDetails(140)) - DatanodeDetails is persisted to /workdir/hadoop-ozone/integration-test/target/test-dir/MiniOzoneClusterImpl-9a1dce89-8836-4893-b9ec-7edc085093e3/datanode-4/meta/datanode.id
2019-08-20 18:27:42,097 [main] INFO  volume.HddsVolume (HddsVolume.java:<init>(176)) - Creating Volume: /workdir/hadoop-ozone/integration-test/target/test-dir/MiniOzoneClusterImpl-9a1dce89-8836-4893-b9ec-7edc085093e3/datanode-5/data/containers/hdds of  storage type : DISK and capacity : 1482555576320
2019-08-20 18:27:42,097 [main] INFO  volume.VolumeSet (VolumeSet.java:initializeVolumeSet(170)) - Added Volume : /workdir/hadoop-ozone/integration-test/target/test-dir/MiniOzoneClusterImpl-9a1dce89-8836-4893-b9ec-7edc085093e3/datanode-5/data/containers/hdds to VolumeSet
2019-08-20 18:27:42,097 [main] INFO  volume.ThrottledAsyncChecker (ThrottledAsyncChecker.java:schedule(140)) - Scheduling a check for org.apache.hadoop.ozone.container.common.volume.HddsVolume@28833fff
2019-08-20 18:27:42,098 [main] INFO  volume.HddsVolumeChecker (HddsVolumeChecker.java:checkAllVolumes(203)) - Scheduled health check for volume org.apache.hadoop.ozone.container.common.volume.HddsVolume@28833fff
2019-08-20 18:27:42,112 [main] INFO  impl.RaftServerProxy (ConfUtils.java:logGet(43)) - raft.rpc.type = GRPC (default)
2019-08-20 18:27:42,113 [main] INFO  grpc.GrpcFactory (GrpcFactory.java:checkPooledByteBufAllocatorUseCacheForAllThreads(45)) - PERFORMANCE WARNING: useCacheForAllThreads is true that may cause Netty to create a lot garbage objects and, as a result, trigger GC.
	It is recommended to disable useCacheForAllThreads by setting -Dorg.apache.ratis.thirdparty.io.netty.allocator.useCacheForAllThreads=false in command line.
2019-08-20 18:27:42,113 [main] INFO  grpc.GrpcConfigKeys$Server (ConfUtils.java:logGet(43)) - raft.grpc.server.port = 0 (default)
2019-08-20 18:27:42,113 [main] INFO  server.GrpcService (ConfUtils.java:logGet(43)) - raft.grpc.message.size.max = 33570816 (custom)
2019-08-20 18:27:42,114 [main] INFO  server.RaftServerConfigKeys (ConfUtils.java:logGet(43)) - raft.server.log.appender.buffer.byte-limit = 33554432 (custom)
2019-08-20 18:27:42,114 [main] INFO  server.GrpcService (ConfUtils.java:logGet(43)) - raft.grpc.flow.control.window = 1MB (=1048576) (default)
2019-08-20 18:27:42,114 [main] INFO  server.RaftServerConfigKeys (ConfUtils.java:logGet(43)) - raft.server.rpc.request.timeout = 3000ms (default)
2019-08-20 18:27:42,115 [main] INFO  server.RaftServerConfigKeys (ConfUtils.java:logGet(43)) - raft.server.storage.dir = [/workdir/hadoop-ozone/integration-test/target/test-dir/MiniOzoneClusterImpl-9a1dce89-8836-4893-b9ec-7edc085093e3/datanode-5/data/ratis] (custom)
2019-08-20 18:27:42,115 [main] INFO  replication.SimpleContainerDownloader (SimpleContainerDownloader.java:<init>(72)) - Starting container downloader service to copy containers to replicate.
2019-08-20 18:27:42,117 [main] INFO  hdfs.DFSUtil (DFSUtil.java:httpServerTemplateForNNAndJN(1641)) - Starting Web-server for hddsDatanode at: http://0.0.0.0:0
2019-08-20 18:27:42,118 [main] INFO  server.AuthenticationFilter (AuthenticationFilter.java:constructSecretProvider(240)) - Unable to initialize FileSignerSecretProvider, falling back to use random secrets.
2019-08-20 18:27:42,119 [main] WARN  http.HttpRequestLog (HttpRequestLog.java:getRequestLog(97)) - Jetty request log can only be enabled using Log4j
2019-08-20 18:27:42,121 [main] INFO  http.HttpServer2 (HttpServer2.java:addGlobalFilter(975)) - Added global filter 'safety' (class=org.apache.hadoop.http.HttpServer2$QuotingInputFilter)
2019-08-20 18:27:42,121 [main] INFO  http.HttpServer2 (HttpServer2.java:addFilter(948)) - Added filter static_user_filter (class=org.apache.hadoop.http.lib.StaticUserWebFilter$StaticUserFilter) to context hddsDatanode
2019-08-20 18:27:42,121 [main] INFO  http.HttpServer2 (HttpServer2.java:addFilter(958)) - Added filter static_user_filter (class=org.apache.hadoop.http.lib.StaticUserWebFilter$StaticUserFilter) to context logs
2019-08-20 18:27:42,121 [main] INFO  http.HttpServer2 (HttpServer2.java:addFilter(958)) - Added filter static_user_filter (class=org.apache.hadoop.http.lib.StaticUserWebFilter$StaticUserFilter) to context static
2019-08-20 18:27:42,122 [main] INFO  http.HttpServer2 (HttpServer2.java:bindListener(1191)) - Jetty bound to port 35277
2019-08-20 18:27:42,122 [main] INFO  server.Server (Server.java:doStart(351)) - jetty-9.3.24.v20180605, build timestamp: 2018-06-05T17:11:56Z, git hash: 84205aa28f11a4f31f2a3b86d1bba2cc8ab69827
2019-08-20 18:27:42,124 [main] INFO  handler.ContextHandler (ContextHandler.java:doStart(781)) - Started o.e.j.s.ServletContextHandler@2787abe4{/logs,file:///workdir/hadoop-ozone/integration-test/target/log,AVAILABLE}
2019-08-20 18:27:42,125 [main] INFO  handler.ContextHandler (ContextHandler.java:doStart(781)) - Started o.e.j.s.ServletContextHandler@41ff98dc{/static,jar:file:/home/user/.m2/repository/org/apache/hadoop/hadoop-hdds-container-service/0.5.0-SNAPSHOT/hadoop-hdds-container-service-0.5.0-SNAPSHOT.jar!/webapps/static,AVAILABLE}
2019-08-20 18:27:42,152 [main] INFO  handler.ContextHandler (ContextHandler.java:doStart(781)) - Started o.e.j.w.WebAppContext@1633962a{/,file:///tmp/jetty-0.0.0.0-35277-hddsDatanode-_-any-4628341930778461637.dir/webapp/,AVAILABLE}{/hddsDatanode}
2019-08-20 18:27:42,152 [main] INFO  server.AbstractConnector (AbstractConnector.java:doStart(278)) - Started ServerConnector@2afd8972{HTTP/1.1,[http/1.1]}{0.0.0.0:35277}
2019-08-20 18:27:42,154 [main] INFO  server.Server (Server.java:doStart(419)) - Started @540936ms
2019-08-20 18:27:42,155 [main] INFO  server.BaseHttpServer (BaseHttpServer.java:updateConnectorAddress(213)) - HTTP server of HDDSDATANODE is listening at http://0.0.0.0:35277
2019-08-20 18:27:42,260 | INFO  | ObjectStoreRestHttpServer | Listening HDDS REST traffic on /0.0.0.0:35180 |  
2019-08-20 18:27:42,260 [main] INFO  ozone.HddsDatanodeService (HddsDatanodeService.java:startPlugins(395)) - Started plug-in org.apache.hadoop.ozone.web.OzoneHddsDatanodeService@3449cddf
2019-08-20 18:27:42,261 [main] INFO  impl.MetricsSystemImpl (MetricsSystemImpl.java:init(158)) - HddsDatanode metrics system started (again)
2019-08-20 18:27:42,264 [org.apache.hadoop.util.JvmPauseMonitor$Monitor@6094534f] INFO  util.JvmPauseMonitor (JvmPauseMonitor.java:run(188)) - Starting JVM pause monitor
2019-08-20 18:27:42,265 [main] INFO  ozone.HddsDatanodeService (HddsDatanodeService.java:start(184)) - HddsDatanodeService host:pr-hdds-1753-5g2nl-2460324467 ip:192.168.5.186
2019-08-20 18:27:42,266 [Datanode State Machine Thread - 0] INFO  datanode.InitDatanodeState (InitDatanodeState.java:persistContainerDatanodeDetails(140)) - DatanodeDetails is persisted to /workdir/hadoop-ozone/integration-test/target/test-dir/MiniOzoneClusterImpl-9a1dce89-8836-4893-b9ec-7edc085093e3/datanode-5/meta/datanode.id
2019-08-20 18:27:42,274 [main] INFO  volume.HddsVolume (HddsVolume.java:<init>(176)) - Creating Volume: /workdir/hadoop-ozone/integration-test/target/test-dir/MiniOzoneClusterImpl-9a1dce89-8836-4893-b9ec-7edc085093e3/datanode-6/data/containers/hdds of  storage type : DISK and capacity : 1482555576320
2019-08-20 18:27:42,275 [main] INFO  volume.VolumeSet (VolumeSet.java:initializeVolumeSet(170)) - Added Volume : /workdir/hadoop-ozone/integration-test/target/test-dir/MiniOzoneClusterImpl-9a1dce89-8836-4893-b9ec-7edc085093e3/datanode-6/data/containers/hdds to VolumeSet
2019-08-20 18:27:42,275 [main] INFO  volume.ThrottledAsyncChecker (ThrottledAsyncChecker.java:schedule(140)) - Scheduling a check for org.apache.hadoop.ozone.container.common.volume.HddsVolume@22ac1a0d
2019-08-20 18:27:42,275 [main] INFO  volume.HddsVolumeChecker (HddsVolumeChecker.java:checkAllVolumes(203)) - Scheduled health check for volume org.apache.hadoop.ozone.container.common.volume.HddsVolume@22ac1a0d
2019-08-20 18:27:42,292 [main] INFO  impl.RaftServerProxy (ConfUtils.java:logGet(43)) - raft.rpc.type = GRPC (default)
2019-08-20 18:27:42,293 [main] INFO  grpc.GrpcFactory (GrpcFactory.java:checkPooledByteBufAllocatorUseCacheForAllThreads(45)) - PERFORMANCE WARNING: useCacheForAllThreads is true that may cause Netty to create a lot garbage objects and, as a result, trigger GC.
	It is recommended to disable useCacheForAllThreads by setting -Dorg.apache.ratis.thirdparty.io.netty.allocator.useCacheForAllThreads=false in command line.
2019-08-20 18:27:42,293 [main] INFO  grpc.GrpcConfigKeys$Server (ConfUtils.java:logGet(43)) - raft.grpc.server.port = 0 (default)
2019-08-20 18:27:42,293 [main] INFO  server.GrpcService (ConfUtils.java:logGet(43)) - raft.grpc.message.size.max = 33570816 (custom)
2019-08-20 18:27:42,293 [main] INFO  server.RaftServerConfigKeys (ConfUtils.java:logGet(43)) - raft.server.log.appender.buffer.byte-limit = 33554432 (custom)
2019-08-20 18:27:42,294 [main] INFO  server.GrpcService (ConfUtils.java:logGet(43)) - raft.grpc.flow.control.window = 1MB (=1048576) (default)
2019-08-20 18:27:42,294 [main] INFO  server.RaftServerConfigKeys (ConfUtils.java:logGet(43)) - raft.server.rpc.request.timeout = 3000ms (default)
2019-08-20 18:27:42,294 [main] INFO  server.RaftServerConfigKeys (ConfUtils.java:logGet(43)) - raft.server.storage.dir = [/workdir/hadoop-ozone/integration-test/target/test-dir/MiniOzoneClusterImpl-9a1dce89-8836-4893-b9ec-7edc085093e3/datanode-6/data/ratis] (custom)
2019-08-20 18:27:42,295 [main] INFO  replication.SimpleContainerDownloader (SimpleContainerDownloader.java:<init>(72)) - Starting container downloader service to copy containers to replicate.
2019-08-20 18:27:42,296 [main] INFO  hdfs.DFSUtil (DFSUtil.java:httpServerTemplateForNNAndJN(1641)) - Starting Web-server for hddsDatanode at: http://0.0.0.0:0
2019-08-20 18:27:42,297 [main] INFO  server.AuthenticationFilter (AuthenticationFilter.java:constructSecretProvider(240)) - Unable to initialize FileSignerSecretProvider, falling back to use random secrets.
2019-08-20 18:27:42,297 [main] WARN  http.HttpRequestLog (HttpRequestLog.java:getRequestLog(97)) - Jetty request log can only be enabled using Log4j
2019-08-20 18:27:42,298 [main] INFO  http.HttpServer2 (HttpServer2.java:addGlobalFilter(975)) - Added global filter 'safety' (class=org.apache.hadoop.http.HttpServer2$QuotingInputFilter)
2019-08-20 18:27:42,299 [main] INFO  http.HttpServer2 (HttpServer2.java:addFilter(948)) - Added filter static_user_filter (class=org.apache.hadoop.http.lib.StaticUserWebFilter$StaticUserFilter) to context hddsDatanode
2019-08-20 18:27:42,299 [main] INFO  http.HttpServer2 (HttpServer2.java:addFilter(958)) - Added filter static_user_filter (class=org.apache.hadoop.http.lib.StaticUserWebFilter$StaticUserFilter) to context static
2019-08-20 18:27:42,299 [main] INFO  http.HttpServer2 (HttpServer2.java:addFilter(958)) - Added filter static_user_filter (class=org.apache.hadoop.http.lib.StaticUserWebFilter$StaticUserFilter) to context logs
2019-08-20 18:27:42,299 [main] INFO  http.HttpServer2 (HttpServer2.java:bindListener(1191)) - Jetty bound to port 41769
2019-08-20 18:27:42,300 [main] INFO  server.Server (Server.java:doStart(351)) - jetty-9.3.24.v20180605, build timestamp: 2018-06-05T17:11:56Z, git hash: 84205aa28f11a4f31f2a3b86d1bba2cc8ab69827
2019-08-20 18:27:42,302 [main] INFO  handler.ContextHandler (ContextHandler.java:doStart(781)) - Started o.e.j.s.ServletContextHandler@3a89f2a0{/logs,file:///workdir/hadoop-ozone/integration-test/target/log,AVAILABLE}
2019-08-20 18:27:42,302 [main] INFO  handler.ContextHandler (ContextHandler.java:doStart(781)) - Started o.e.j.s.ServletContextHandler@24e6bd00{/static,jar:file:/home/user/.m2/repository/org/apache/hadoop/hadoop-hdds-container-service/0.5.0-SNAPSHOT/hadoop-hdds-container-service-0.5.0-SNAPSHOT.jar!/webapps/static,AVAILABLE}
2019-08-20 18:27:42,336 [main] INFO  handler.ContextHandler (ContextHandler.java:doStart(781)) - Started o.e.j.w.WebAppContext@2c6c6b7b{/,file:///tmp/jetty-0.0.0.0-41769-hddsDatanode-_-any-1401080684482704341.dir/webapp/,AVAILABLE}{/hddsDatanode}
2019-08-20 18:27:42,337 [main] INFO  server.AbstractConnector (AbstractConnector.java:doStart(278)) - Started ServerConnector@f714749{HTTP/1.1,[http/1.1]}{0.0.0.0:41769}
2019-08-20 18:27:42,341 [main] INFO  server.Server (Server.java:doStart(419)) - Started @541123ms
2019-08-20 18:27:42,342 [main] INFO  server.BaseHttpServer (BaseHttpServer.java:updateConnectorAddress(213)) - HTTP server of HDDSDATANODE is listening at http://0.0.0.0:41769
2019-08-20 18:27:42,467 | INFO  | ObjectStoreRestHttpServer | Listening HDDS REST traffic on /0.0.0.0:35602 |  
2019-08-20 18:27:42,467 [main] INFO  ozone.HddsDatanodeService (HddsDatanodeService.java:startPlugins(395)) - Started plug-in org.apache.hadoop.ozone.web.OzoneHddsDatanodeService@538c90bf
2019-08-20 18:27:42,468 [main] INFO  ozone.MiniOzoneClusterImpl (MiniOzoneClusterImpl.java:lambda$waitForClusterToBeReady$0(142)) - Waiting for cluster to be ready. Got 0 of 7 DN Heartbeats.
2019-08-20 18:27:42,469 [org.apache.hadoop.util.JvmPauseMonitor$Monitor@7e2d85aa] INFO  util.JvmPauseMonitor (JvmPauseMonitor.java:run(188)) - Starting JVM pause monitor
2019-08-20 18:27:42,471 [Datanode State Machine Thread - 0] INFO  datanode.InitDatanodeState (InitDatanodeState.java:persistContainerDatanodeDetails(140)) - DatanodeDetails is persisted to /workdir/hadoop-ozone/integration-test/target/test-dir/MiniOzoneClusterImpl-9a1dce89-8836-4893-b9ec-7edc085093e3/datanode-6/meta/datanode.id
2019-08-20 18:27:43,093 | INFO  | SCMAudit | user=jenkins1000 | ip=192.168.5.186 | op=GET_VERSION null | ret=SUCCESS |  
2019-08-20 18:27:43,131 [Datanode State Machine Thread - 0] INFO  ozoneimpl.OzoneContainer (OzoneContainer.java:start(186)) - Attempting to start container services.
2019-08-20 18:27:43,132 [Datanode State Machine Thread - 0] INFO  ozoneimpl.OzoneContainer (OzoneContainer.java:startContainerScrub(160)) - Background container scrubber has been disabled by hdds.containerscrub.enabled
2019-08-20 18:27:43,132 [Datanode State Machine Thread - 0] INFO  ratis.XceiverServerRatis (XceiverServerRatis.java:start(389)) - Starting XceiverServerRatis 30a77774-759b-47e5-ab65-fec5a133fac9 at port 0
2019-08-20 18:27:43,138 [Datanode State Machine Thread - 0] INFO  impl.RaftServerProxy (RaftServerProxy.java:lambda$start$3(299)) - 30a77774-759b-47e5-ab65-fec5a133fac9: start RPC server
2019-08-20 18:27:43,140 [Datanode State Machine Thread - 0] INFO  server.GrpcService (GrpcService.java:startImpl(149)) - 30a77774-759b-47e5-ab65-fec5a133fac9: GrpcService started, listening on 0.0.0.0/0.0.0.0:36538
2019-08-20 18:27:43,141 [Datanode State Machine Thread - 0] INFO  ratis.XceiverServerRatis (XceiverServerRatis.java:start(399)) - XceiverServerRatis 30a77774-759b-47e5-ab65-fec5a133fac9 is started using port 36538
2019-08-20 18:27:43,142 [Datanode State Machine Thread - 0] INFO  server.XceiverServerGrpc (XceiverServerGrpc.java:start(161)) - XceiverServerGrpc 30a77774-759b-47e5-ab65-fec5a133fac9 is started using port 41281
2019-08-20 18:27:43,303 | INFO  | SCMAudit | user=jenkins1000 | ip=192.168.5.186 | op=GET_VERSION null | ret=SUCCESS |  
2019-08-20 18:27:43,316 [Datanode State Machine Thread - 0] INFO  ozoneimpl.OzoneContainer (OzoneContainer.java:start(186)) - Attempting to start container services.
2019-08-20 18:27:43,316 [Datanode State Machine Thread - 0] INFO  ozoneimpl.OzoneContainer (OzoneContainer.java:startContainerScrub(160)) - Background container scrubber has been disabled by hdds.containerscrub.enabled
2019-08-20 18:27:43,316 [Datanode State Machine Thread - 0] INFO  ratis.XceiverServerRatis (XceiverServerRatis.java:start(389)) - Starting XceiverServerRatis 75361d20-0014-4d84-b06d-e0cee43a4090 at port 0
2019-08-20 18:27:43,323 [Datanode State Machine Thread - 0] INFO  impl.RaftServerProxy (RaftServerProxy.java:lambda$start$3(299)) - 75361d20-0014-4d84-b06d-e0cee43a4090: start RPC server
2019-08-20 18:27:43,324 [Datanode State Machine Thread - 0] INFO  server.GrpcService (GrpcService.java:startImpl(149)) - 75361d20-0014-4d84-b06d-e0cee43a4090: GrpcService started, listening on 0.0.0.0/0.0.0.0:45094
2019-08-20 18:27:43,324 [Datanode State Machine Thread - 0] INFO  ratis.XceiverServerRatis (XceiverServerRatis.java:start(399)) - XceiverServerRatis 75361d20-0014-4d84-b06d-e0cee43a4090 is started using port 45094
2019-08-20 18:27:43,324 [Datanode State Machine Thread - 0] INFO  server.XceiverServerGrpc (XceiverServerGrpc.java:start(161)) - XceiverServerGrpc 75361d20-0014-4d84-b06d-e0cee43a4090 is started using port 37744
2019-08-20 18:27:43,468 [main] INFO  ozone.MiniOzoneClusterImpl (MiniOzoneClusterImpl.java:lambda$waitForClusterToBeReady$0(142)) - Waiting for cluster to be ready. Got 0 of 7 DN Heartbeats.
2019-08-20 18:27:43,473 | INFO  | SCMAudit | user=jenkins1000 | ip=192.168.5.186 | op=GET_VERSION null | ret=SUCCESS |  
2019-08-20 18:27:43,489 [Datanode State Machine Thread - 0] INFO  ozoneimpl.OzoneContainer (OzoneContainer.java:start(186)) - Attempting to start container services.
2019-08-20 18:27:43,489 [Datanode State Machine Thread - 0] INFO  ozoneimpl.OzoneContainer (OzoneContainer.java:startContainerScrub(160)) - Background container scrubber has been disabled by hdds.containerscrub.enabled
2019-08-20 18:27:43,489 [Datanode State Machine Thread - 0] INFO  ratis.XceiverServerRatis (XceiverServerRatis.java:start(389)) - Starting XceiverServerRatis 3ebf1703-8ccb-431f-b530-5c0bec173472 at port 0
2019-08-20 18:27:43,496 [Datanode State Machine Thread - 0] INFO  impl.RaftServerProxy (RaftServerProxy.java:lambda$start$3(299)) - 3ebf1703-8ccb-431f-b530-5c0bec173472: start RPC server
2019-08-20 18:27:43,499 [Datanode State Machine Thread - 0] INFO  server.GrpcService (GrpcService.java:startImpl(149)) - 3ebf1703-8ccb-431f-b530-5c0bec173472: GrpcService started, listening on 0.0.0.0/0.0.0.0:46419
2019-08-20 18:27:43,499 [Datanode State Machine Thread - 0] INFO  ratis.XceiverServerRatis (XceiverServerRatis.java:start(399)) - XceiverServerRatis 3ebf1703-8ccb-431f-b530-5c0bec173472 is started using port 46419
2019-08-20 18:27:43,501 [Datanode State Machine Thread - 0] INFO  server.XceiverServerGrpc (XceiverServerGrpc.java:start(161)) - XceiverServerGrpc 3ebf1703-8ccb-431f-b530-5c0bec173472 is started using port 41254
2019-08-20 18:27:43,648 | INFO  | SCMAudit | user=jenkins1000 | ip=192.168.5.186 | op=GET_VERSION null | ret=SUCCESS |  
2019-08-20 18:27:43,675 [Datanode State Machine Thread - 0] INFO  ozoneimpl.OzoneContainer (OzoneContainer.java:start(186)) - Attempting to start container services.
2019-08-20 18:27:43,675 [Datanode State Machine Thread - 0] INFO  ozoneimpl.OzoneContainer (OzoneContainer.java:startContainerScrub(160)) - Background container scrubber has been disabled by hdds.containerscrub.enabled
2019-08-20 18:27:43,675 [Datanode State Machine Thread - 0] INFO  ratis.XceiverServerRatis (XceiverServerRatis.java:start(389)) - Starting XceiverServerRatis b81439af-67f0-46d4-9ea9-2a1de01bfb7b at port 0
2019-08-20 18:27:43,681 [Datanode State Machine Thread - 0] INFO  impl.RaftServerProxy (RaftServerProxy.java:lambda$start$3(299)) - b81439af-67f0-46d4-9ea9-2a1de01bfb7b: start RPC server
2019-08-20 18:27:43,682 [Datanode State Machine Thread - 0] INFO  server.GrpcService (GrpcService.java:startImpl(149)) - b81439af-67f0-46d4-9ea9-2a1de01bfb7b: GrpcService started, listening on 0.0.0.0/0.0.0.0:37071
2019-08-20 18:27:43,682 [Datanode State Machine Thread - 0] INFO  ratis.XceiverServerRatis (XceiverServerRatis.java:start(399)) - XceiverServerRatis b81439af-67f0-46d4-9ea9-2a1de01bfb7b is started using port 37071
2019-08-20 18:27:43,682 [Datanode State Machine Thread - 0] INFO  server.XceiverServerGrpc (XceiverServerGrpc.java:start(161)) - XceiverServerGrpc b81439af-67f0-46d4-9ea9-2a1de01bfb7b is started using port 38321
2019-08-20 18:27:44,087 | INFO  | SCMAudit | user=jenkins1000 | ip=192.168.5.186 | op=GET_VERSION null | ret=SUCCESS |  
2019-08-20 18:27:44,115 [Datanode State Machine Thread - 0] INFO  ozoneimpl.OzoneContainer (OzoneContainer.java:start(186)) - Attempting to start container services.
2019-08-20 18:27:44,115 [Datanode State Machine Thread - 0] INFO  ozoneimpl.OzoneContainer (OzoneContainer.java:startContainerScrub(160)) - Background container scrubber has been disabled by hdds.containerscrub.enabled
2019-08-20 18:27:44,115 [Datanode State Machine Thread - 0] INFO  ratis.XceiverServerRatis (XceiverServerRatis.java:start(389)) - Starting XceiverServerRatis 0330fd69-8ead-45d6-95d3-ef0ad53800cd at port 0
2019-08-20 18:27:44,119 [Datanode State Machine Thread - 0] INFO  impl.RaftServerProxy (RaftServerProxy.java:lambda$start$3(299)) - 0330fd69-8ead-45d6-95d3-ef0ad53800cd: start RPC server
2019-08-20 18:27:44,120 [Datanode State Machine Thread - 0] INFO  server.GrpcService (GrpcService.java:startImpl(149)) - 0330fd69-8ead-45d6-95d3-ef0ad53800cd: GrpcService started, listening on 0.0.0.0/0.0.0.0:39049
2019-08-20 18:27:44,120 [Datanode State Machine Thread - 0] INFO  ratis.XceiverServerRatis (XceiverServerRatis.java:start(399)) - XceiverServerRatis 0330fd69-8ead-45d6-95d3-ef0ad53800cd is started using port 39049
2019-08-20 18:27:44,121 [Datanode State Machine Thread - 0] INFO  server.XceiverServerGrpc (XceiverServerGrpc.java:start(161)) - XceiverServerGrpc 0330fd69-8ead-45d6-95d3-ef0ad53800cd is started using port 38233
2019-08-20 18:27:44,265 | INFO  | SCMAudit | user=jenkins1000 | ip=192.168.5.186 | op=GET_VERSION null | ret=SUCCESS |  
2019-08-20 18:27:44,278 [Datanode State Machine Thread - 0] INFO  ozoneimpl.OzoneContainer (OzoneContainer.java:start(186)) - Attempting to start container services.
2019-08-20 18:27:44,278 [Datanode State Machine Thread - 0] INFO  ozoneimpl.OzoneContainer (OzoneContainer.java:startContainerScrub(160)) - Background container scrubber has been disabled by hdds.containerscrub.enabled
2019-08-20 18:27:44,278 [Datanode State Machine Thread - 0] INFO  ratis.XceiverServerRatis (XceiverServerRatis.java:start(389)) - Starting XceiverServerRatis b8907872-efa4-4493-acc5-388a2f6162ac at port 0
2019-08-20 18:27:44,284 [Datanode State Machine Thread - 0] INFO  impl.RaftServerProxy (RaftServerProxy.java:lambda$start$3(299)) - b8907872-efa4-4493-acc5-388a2f6162ac: start RPC server
2019-08-20 18:27:44,292 [Datanode State Machine Thread - 0] INFO  server.GrpcService (GrpcService.java:startImpl(149)) - b8907872-efa4-4493-acc5-388a2f6162ac: GrpcService started, listening on 0.0.0.0/0.0.0.0:43646
2019-08-20 18:27:44,293 [Datanode State Machine Thread - 0] INFO  ratis.XceiverServerRatis (XceiverServerRatis.java:start(399)) - XceiverServerRatis b8907872-efa4-4493-acc5-388a2f6162ac is started using port 43646
2019-08-20 18:27:44,293 [Datanode State Machine Thread - 0] INFO  server.XceiverServerGrpc (XceiverServerGrpc.java:start(161)) - XceiverServerGrpc b8907872-efa4-4493-acc5-388a2f6162ac is started using port 43762
2019-08-20 18:27:44,469 [main] INFO  ozone.MiniOzoneClusterImpl (MiniOzoneClusterImpl.java:lambda$waitForClusterToBeReady$0(142)) - Waiting for cluster to be ready. Got 0 of 7 DN Heartbeats.
2019-08-20 18:27:44,470 | INFO  | SCMAudit | user=jenkins1000 | ip=192.168.5.186 | op=GET_VERSION null | ret=SUCCESS |  
2019-08-20 18:27:44,483 [Datanode State Machine Thread - 0] INFO  ozoneimpl.OzoneContainer (OzoneContainer.java:start(186)) - Attempting to start container services.
2019-08-20 18:27:44,484 [Datanode State Machine Thread - 0] INFO  ozoneimpl.OzoneContainer (OzoneContainer.java:startContainerScrub(160)) - Background container scrubber has been disabled by hdds.containerscrub.enabled
2019-08-20 18:27:44,484 [Datanode State Machine Thread - 0] INFO  ratis.XceiverServerRatis (XceiverServerRatis.java:start(389)) - Starting XceiverServerRatis 410b0fde-0c93-4dd6-a3fa-75ce07d6351d at port 0
2019-08-20 18:27:44,489 [Datanode State Machine Thread - 0] INFO  impl.RaftServerProxy (RaftServerProxy.java:lambda$start$3(299)) - 410b0fde-0c93-4dd6-a3fa-75ce07d6351d: start RPC server
2019-08-20 18:27:44,490 [Datanode State Machine Thread - 0] INFO  server.GrpcService (GrpcService.java:startImpl(149)) - 410b0fde-0c93-4dd6-a3fa-75ce07d6351d: GrpcService started, listening on 0.0.0.0/0.0.0.0:43029
2019-08-20 18:27:44,490 [Datanode State Machine Thread - 0] INFO  ratis.XceiverServerRatis (XceiverServerRatis.java:start(399)) - XceiverServerRatis 410b0fde-0c93-4dd6-a3fa-75ce07d6351d is started using port 43029
2019-08-20 18:27:44,490 [Datanode State Machine Thread - 0] INFO  server.XceiverServerGrpc (XceiverServerGrpc.java:start(161)) - XceiverServerGrpc 410b0fde-0c93-4dd6-a3fa-75ce07d6351d is started using port 38559
2019-08-20 18:27:45,092 [IPC Server handler 3 on 42371] INFO  net.NetworkTopology (NetworkTopologyImpl.java:add(110)) - Added a new node: /default-rack/30a77774-759b-47e5-ab65-fec5a133fac9
2019-08-20 18:27:45,095 [IPC Server handler 3 on 42371] INFO  node.SCMNodeManager (SCMNodeManager.java:register(273)) - Registered Data node : 30a77774-759b-47e5-ab65-fec5a133fac9{ip: 192.168.5.186, host: pr-hdds-1753-5g2nl-2460324467, networkLocation: /default-rack, certSerialId: null}
2019-08-20 18:27:45,096 [EventQueue-NodeRegistrationContainerReportForDataNodeSafeModeRule] INFO  safemode.SCMSafeModeManager (DataNodeSafeModeRule.java:process(71)) - SCM in safe mode. 1 DataNodes registered, 1 required.
2019-08-20 18:27:45,098 [EventQueue-NodeRegistrationContainerReportForContainerSafeModeRule] INFO  safemode.SCMSafeModeManager (SCMSafeModeManager.java:validateSafeModeExitRules(177)) - ScmSafeModeManager, all rules are successfully validated
2019-08-20 18:27:45,099 | INFO  | SCMAudit | user=jenkins1000 | ip=192.168.5.186 | op=REGISTER {datanodeDetails=30a77774-759b-47e5-ab65-fec5a133fac9{ip: 192.168.5.186, host: pr-hdds-1753-5g2nl-2460324467, networkLocation: /default-rack, certSerialId: null}} | ret=SUCCESS |  
2019-08-20 18:27:45,099 [EventQueue-NodeRegistrationContainerReportForContainerSafeModeRule] INFO  safemode.SCMSafeModeManager (SCMSafeModeManager.java:exitSafeMode(193)) - SCM exiting safe mode.
2019-08-20 18:27:45,124 [grpc-default-executor-5] INFO  impl.RaftServerProxy (RaftServerProxy.java:addNew(89)) - 30a77774-759b-47e5-ab65-fec5a133fac9: addNew group-A3F8A05E2983:[30a77774-759b-47e5-ab65-fec5a133fac9:192.168.5.186:36538] returns group-A3F8A05E2983:java.util.concurrent.CompletableFuture@3dc9ff3a[Not completed]
2019-08-20 18:27:45,126 [pool-439-thread-1] INFO  impl.RaftServerImpl (RaftServerImpl.java:<init>(93)) - 30a77774-759b-47e5-ab65-fec5a133fac9: new RaftServerImpl for group-A3F8A05E2983:[30a77774-759b-47e5-ab65-fec5a133fac9:192.168.5.186:36538] with ContainerStateMachine:uninitialized
2019-08-20 18:27:45,126 [pool-439-thread-1] INFO  server.RaftServerConfigKeys (ConfUtils.java:logGet(43)) - raft.server.rpc.timeout.min = 5s (custom)
2019-08-20 18:27:45,126 [pool-439-thread-1] INFO  server.RaftServerConfigKeys (ConfUtils.java:logGet(43)) - raft.server.rpc.timeout.max = 5200ms (custom)
2019-08-20 18:27:45,126 [pool-439-thread-1] INFO  server.RaftServerConfigKeys (ConfUtils.java:logGet(43)) - raft.server.rpcslowness.timeout = 120s (custom)
2019-08-20 18:27:45,126 [pool-439-thread-1] INFO  server.RaftServerConfigKeys (ConfUtils.java:logGet(43)) - raft.server.sleep.deviation.threshold = 300 (default)
2019-08-20 18:27:45,126 [pool-439-thread-1] INFO  server.RaftServerConfigKeys (ConfUtils.java:logGet(43)) - raft.server.log.appender.install.snapshot.enabled = false (custom)
2019-08-20 18:27:45,126 [pool-439-thread-1] INFO  impl.RaftServerImpl (ServerState.java:<init>(105)) - 30a77774-759b-47e5-ab65-fec5a133fac9:group-A3F8A05E2983 ConfigurationManager, init=-1: [30a77774-759b-47e5-ab65-fec5a133fac9:192.168.5.186:36538], old=null, confs=<EMPTY_MAP>
2019-08-20 18:27:45,127 [pool-439-thread-1] INFO  server.RaftServerConfigKeys (ConfUtils.java:logGet(43)) - raft.server.storage.dir = [/workdir/hadoop-ozone/integration-test/target/test-dir/MiniOzoneClusterImpl-9a1dce89-8836-4893-b9ec-7edc085093e3/datanode-0/data/ratis] (custom)
2019-08-20 18:27:45,127 [pool-439-thread-1] INFO  storage.RaftStorageDirectory (RaftStorageDirectory.java:analyzeStorage(246)) - The storage directory /workdir/hadoop-ozone/integration-test/target/test-dir/MiniOzoneClusterImpl-9a1dce89-8836-4893-b9ec-7edc085093e3/datanode-0/data/ratis/79bb5a73-6dca-4db7-8a0e-a3f8a05e2983 does not exist. Creating ...
2019-08-20 18:27:45,140 [pool-439-thread-1] INFO  storage.RaftStorageDirectory (RaftStorageDirectory.java:tryLock(328)) - Lock on /workdir/hadoop-ozone/integration-test/target/test-dir/MiniOzoneClusterImpl-9a1dce89-8836-4893-b9ec-7edc085093e3/datanode-0/data/ratis/79bb5a73-6dca-4db7-8a0e-a3f8a05e2983/in_use.lock acquired by nodename 29610@pr-hdds-1753-5g2nl-2460324467
2019-08-20 18:27:45,154 [pool-439-thread-1] INFO  storage.RaftStorage (RaftStorage.java:format(72)) - Storage directory /workdir/hadoop-ozone/integration-test/target/test-dir/MiniOzoneClusterImpl-9a1dce89-8836-4893-b9ec-7edc085093e3/datanode-0/data/ratis/79bb5a73-6dca-4db7-8a0e-a3f8a05e2983 has been successfully formatted.
2019-08-20 18:27:45,154 [pool-439-thread-1] INFO  ratis.ContainerStateMachine (ContainerStateMachine.java:loadSnapshot(227)) - group-A3F8A05E2983: The snapshot info is null. Setting the last applied indexto:(t:0, i:~)
2019-08-20 18:27:45,154 [pool-439-thread-1] INFO  server.RaftServerConfigKeys (ConfUtils.java:logGet(43)) - raft.server.leader.election.timeout = 120s (custom)
2019-08-20 18:27:45,154 [pool-439-thread-1] INFO  server.RaftServerConfigKeys (ConfUtils.java:logGet(43)) - raft.server.log.use.memory = false (default)
2019-08-20 18:27:45,154 [pool-439-thread-1] INFO  server.RaftServerConfigKeys (ConfUtils.java:logGet(43)) - raft.server.log.purge.gap = 1000000 (custom)
2019-08-20 18:27:45,155 [pool-439-thread-1] INFO  server.RaftServerConfigKeys (ConfUtils.java:logGet(43)) - raft.server.log.appender.buffer.byte-limit = 33554432 (custom)
2019-08-20 18:27:45,155 [pool-439-thread-1] INFO  server.RaftServerConfigKeys (ConfUtils.java:logGet(43)) - raft.server.log.segment.size.max = 1048576 (custom)
2019-08-20 18:27:45,155 [pool-439-thread-1] INFO  server.RaftServerConfigKeys (ConfUtils.java:logGet(43)) - raft.server.log.segment.cache.num.max = 2 (custom)
2019-08-20 18:27:45,155 [pool-439-thread-1] INFO  segmented.SegmentedRaftLogWorker (SegmentedRaftLogWorker.java:<init>(172)) - new 30a77774-759b-47e5-ab65-fec5a133fac9-SegmentedRaftLogWorker:Storage Directory /workdir/hadoop-ozone/integration-test/target/test-dir/MiniOzoneClusterImpl-9a1dce89-8836-4893-b9ec-7edc085093e3/datanode-0/data/ratis/79bb5a73-6dca-4db7-8a0e-a3f8a05e2983 for RaftStorage:Storage Directory /workdir/hadoop-ozone/integration-test/target/test-dir/MiniOzoneClusterImpl-9a1dce89-8836-4893-b9ec-7edc085093e3/datanode-0/data/ratis/79bb5a73-6dca-4db7-8a0e-a3f8a05e2983
2019-08-20 18:27:45,155 [pool-439-thread-1] INFO  server.RaftServerConfigKeys (ConfUtils.java:logGet(43)) - raft.server.log.queue.byte-limit = 2147483647 (custom)
2019-08-20 18:27:45,155 [pool-439-thread-1] INFO  server.RaftServerConfigKeys (ConfUtils.java:logGet(43)) - raft.server.log.queue.element-limit = 1024 (custom)
2019-08-20 18:27:45,156 [pool-439-thread-1] INFO  server.RaftServerConfigKeys (ConfUtils.java:logGet(43)) - raft.server.log.segment.size.max = 1048576 (custom)
2019-08-20 18:27:45,156 [pool-439-thread-1] INFO  server.RaftServerConfigKeys (ConfUtils.java:logGet(43)) - raft.server.log.preallocated.size = 16384 (custom)
2019-08-20 18:27:45,156 [pool-439-thread-1] INFO  server.RaftServerConfigKeys (ConfUtils.java:logGet(43)) - raft.server.log.write.buffer.size = 33554432 (custom)
2019-08-20 18:27:45,156 [pool-439-thread-1] INFO  server.RaftServerConfigKeys (ConfUtils.java:logGet(43)) - raft.server.log.force.sync.num = 128 (default)
2019-08-20 18:27:45,156 [pool-439-thread-1] INFO  server.RaftServerConfigKeys (ConfUtils.java:logGet(43)) - raft.server.log.statemachine.data.sync = true (default)
2019-08-20 18:27:45,156 [pool-439-thread-1] INFO  server.RaftServerConfigKeys (ConfUtils.java:logGet(43)) - raft.server.log.statemachine.data.sync.timeout = 10s (default)
2019-08-20 18:27:45,157 [pool-439-thread-1] INFO  server.RaftServerConfigKeys (ConfUtils.java:logGet(43)) - raft.server.log.statemachine.data.sync.timeout.retry = -1 (default)
2019-08-20 18:27:45,157 [pool-439-thread-1] INFO  server.RaftServerConfigKeys (ConfUtils.java:logGet(43)) - raft.server.log.statemachine.data.caching.enabled = true (custom)
2019-08-20 18:27:45,157 [pool-439-thread-1] INFO  segmented.SegmentedRaftLogWorker (SegmentedRaftLogWorker.java:lambda$new$0(132)) - 30a77774-759b-47e5-ab65-fec5a133fac9-SegmentedRaftLogWorker:Storage Directory /workdir/hadoop-ozone/integration-test/target/test-dir/MiniOzoneClusterImpl-9a1dce89-8836-4893-b9ec-7edc085093e3/datanode-0/data/ratis/79bb5a73-6dca-4db7-8a0e-a3f8a05e2983: flushIndex: setUnconditionally 0 -> -1
2019-08-20 18:27:45,158 [pool-439-thread-1] INFO  server.RaftServerConfigKeys (ConfUtils.java:logGet(43)) - raft.server.snapshot.auto.trigger.enabled = true (custom)
2019-08-20 18:27:45,158 [pool-439-thread-1] INFO  server.RaftServerConfigKeys (ConfUtils.java:logGet(43)) - raft.server.snapshot.auto.trigger.threshold = 10000 (custom)
2019-08-20 18:27:45,158 [pool-439-thread-1] INFO  server.RaftServerConfigKeys (ConfUtils.java:logGet(43)) - raft.server.retrycache.expirytime = 600000ms (custom)
2019-08-20 18:27:45,159 [pool-439-thread-1] INFO  impl.RaftServerImpl (RaftServerImpl.java:start(180)) - 30a77774-759b-47e5-ab65-fec5a133fac9: start group-A3F8A05E2983
2019-08-20 18:27:45,159 [pool-439-thread-1] INFO  impl.RaftServerImpl (RaftServerImpl.java:setRole(171)) - 30a77774-759b-47e5-ab65-fec5a133fac9:group-A3F8A05E2983 changes role from null to FOLLOWER at term 0 for startAsFollower
2019-08-20 18:27:45,159 [pool-439-thread-1] INFO  impl.RoleInfo (RoleInfo.java:updateAndGet(143)) - 30a77774-759b-47e5-ab65-fec5a133fac9: start FollowerState
2019-08-20 18:27:45,160 [pool-439-thread-1] INFO  util.JmxRegister (JmxRegister.java:tryRegister(44)) - Successfully registered JMX Bean with object name Ratis:service=RaftServer,group=group-A3F8A05E2983,id=30a77774-759b-47e5-ab65-fec5a133fac9
2019-08-20 18:27:45,166 [RatisPipelineUtilsThread] INFO  pipeline.PipelineStateManager (PipelineStateManager.java:addPipeline(56)) - Created pipeline Pipeline[ Id: 79bb5a73-6dca-4db7-8a0e-a3f8a05e2983, Nodes: 30a77774-759b-47e5-ab65-fec5a133fac9{ip: 192.168.5.186, host: pr-hdds-1753-5g2nl-2460324467, networkLocation: /default-rack, certSerialId: null}, Type:RATIS, Factor:ONE, State:OPEN]
2019-08-20 18:27:45,305 [IPC Server handler 2 on 42371] INFO  net.NetworkTopology (NetworkTopologyImpl.java:add(110)) - Added a new node: /default-rack/75361d20-0014-4d84-b06d-e0cee43a4090
2019-08-20 18:27:45,305 [IPC Server handler 2 on 42371] INFO  node.SCMNodeManager (SCMNodeManager.java:register(273)) - Registered Data node : 75361d20-0014-4d84-b06d-e0cee43a4090{ip: 192.168.5.186, host: pr-hdds-1753-5g2nl-2460324467, networkLocation: /default-rack, certSerialId: null}
2019-08-20 18:27:45,306 | INFO  | SCMAudit | user=jenkins1000 | ip=192.168.5.186 | op=REGISTER {datanodeDetails=75361d20-0014-4d84-b06d-e0cee43a4090{ip: 192.168.5.186, host: pr-hdds-1753-5g2nl-2460324467, networkLocation: /default-rack, certSerialId: null}} | ret=SUCCESS |  
2019-08-20 18:27:45,313 [grpc-default-executor-5] INFO  impl.RaftServerProxy (RaftServerProxy.java:addNew(89)) - 75361d20-0014-4d84-b06d-e0cee43a4090: addNew group-36E7B0CBEE36:[75361d20-0014-4d84-b06d-e0cee43a4090:192.168.5.186:45094] returns group-36E7B0CBEE36:java.util.concurrent.CompletableFuture@74dfcaa1[Not completed]
2019-08-20 18:27:45,314 [pool-450-thread-1] INFO  impl.RaftServerImpl (RaftServerImpl.java:<init>(93)) - 75361d20-0014-4d84-b06d-e0cee43a4090: new RaftServerImpl for group-36E7B0CBEE36:[75361d20-0014-4d84-b06d-e0cee43a4090:192.168.5.186:45094] with ContainerStateMachine:uninitialized
2019-08-20 18:27:45,315 [pool-450-thread-1] INFO  server.RaftServerConfigKeys (ConfUtils.java:logGet(43)) - raft.server.rpc.timeout.min = 5s (custom)
2019-08-20 18:27:45,315 [pool-450-thread-1] INFO  server.RaftServerConfigKeys (ConfUtils.java:logGet(43)) - raft.server.rpc.timeout.max = 5200ms (custom)
2019-08-20 18:27:45,315 [pool-450-thread-1] INFO  server.RaftServerConfigKeys (ConfUtils.java:logGet(43)) - raft.server.rpcslowness.timeout = 120s (custom)
2019-08-20 18:27:45,315 [pool-450-thread-1] INFO  server.RaftServerConfigKeys (ConfUtils.java:logGet(43)) - raft.server.sleep.deviation.threshold = 300 (default)
2019-08-20 18:27:45,315 [pool-450-thread-1] INFO  server.RaftServerConfigKeys (ConfUtils.java:logGet(43)) - raft.server.log.appender.install.snapshot.enabled = false (custom)
2019-08-20 18:27:45,316 [pool-450-thread-1] INFO  impl.RaftServerImpl (ServerState.java:<init>(105)) - 75361d20-0014-4d84-b06d-e0cee43a4090:group-36E7B0CBEE36 ConfigurationManager, init=-1: [75361d20-0014-4d84-b06d-e0cee43a4090:192.168.5.186:45094], old=null, confs=<EMPTY_MAP>
2019-08-20 18:27:45,316 [pool-450-thread-1] INFO  server.RaftServerConfigKeys (ConfUtils.java:logGet(43)) - raft.server.storage.dir = [/workdir/hadoop-ozone/integration-test/target/test-dir/MiniOzoneClusterImpl-9a1dce89-8836-4893-b9ec-7edc085093e3/datanode-1/data/ratis] (custom)
2019-08-20 18:27:45,316 [pool-450-thread-1] INFO  storage.RaftStorageDirectory (RaftStorageDirectory.java:analyzeStorage(246)) - The storage directory /workdir/hadoop-ozone/integration-test/target/test-dir/MiniOzoneClusterImpl-9a1dce89-8836-4893-b9ec-7edc085093e3/datanode-1/data/ratis/5ae2420f-16ed-4672-8cdb-36e7b0cbee36 does not exist. Creating ...
2019-08-20 18:27:45,342 [pool-450-thread-1] INFO  storage.RaftStorageDirectory (RaftStorageDirectory.java:tryLock(328)) - Lock on /workdir/hadoop-ozone/integration-test/target/test-dir/MiniOzoneClusterImpl-9a1dce89-8836-4893-b9ec-7edc085093e3/datanode-1/data/ratis/5ae2420f-16ed-4672-8cdb-36e7b0cbee36/in_use.lock acquired by nodename 29610@pr-hdds-1753-5g2nl-2460324467
2019-08-20 18:27:45,355 [pool-450-thread-1] INFO  storage.RaftStorage (RaftStorage.java:format(72)) - Storage directory /workdir/hadoop-ozone/integration-test/target/test-dir/MiniOzoneClusterImpl-9a1dce89-8836-4893-b9ec-7edc085093e3/datanode-1/data/ratis/5ae2420f-16ed-4672-8cdb-36e7b0cbee36 has been successfully formatted.
2019-08-20 18:27:45,356 [pool-450-thread-1] INFO  ratis.ContainerStateMachine (ContainerStateMachine.java:loadSnapshot(227)) - group-36E7B0CBEE36: The snapshot info is null. Setting the last applied indexto:(t:0, i:~)
2019-08-20 18:27:45,356 [pool-450-thread-1] INFO  server.RaftServerConfigKeys (ConfUtils.java:logGet(43)) - raft.server.leader.election.timeout = 120s (custom)
2019-08-20 18:27:45,356 [pool-450-thread-1] INFO  server.RaftServerConfigKeys (ConfUtils.java:logGet(43)) - raft.server.log.use.memory = false (default)
2019-08-20 18:27:45,356 [pool-450-thread-1] INFO  server.RaftServerConfigKeys (ConfUtils.java:logGet(43)) - raft.server.log.purge.gap = 1000000 (custom)
2019-08-20 18:27:45,356 [pool-450-thread-1] INFO  server.RaftServerConfigKeys (ConfUtils.java:logGet(43)) - raft.server.log.appender.buffer.byte-limit = 33554432 (custom)
2019-08-20 18:27:45,357 [pool-450-thread-1] INFO  server.RaftServerConfigKeys (ConfUtils.java:logGet(43)) - raft.server.log.segment.size.max = 1048576 (custom)
2019-08-20 18:27:45,357 [pool-450-thread-1] INFO  server.RaftServerConfigKeys (ConfUtils.java:logGet(43)) - raft.server.log.segment.cache.num.max = 2 (custom)
2019-08-20 18:27:45,357 [pool-450-thread-1] INFO  segmented.SegmentedRaftLogWorker (SegmentedRaftLogWorker.java:<init>(172)) - new 75361d20-0014-4d84-b06d-e0cee43a4090-SegmentedRaftLogWorker:Storage Directory /workdir/hadoop-ozone/integration-test/target/test-dir/MiniOzoneClusterImpl-9a1dce89-8836-4893-b9ec-7edc085093e3/datanode-1/data/ratis/5ae2420f-16ed-4672-8cdb-36e7b0cbee36 for RaftStorage:Storage Directory /workdir/hadoop-ozone/integration-test/target/test-dir/MiniOzoneClusterImpl-9a1dce89-8836-4893-b9ec-7edc085093e3/datanode-1/data/ratis/5ae2420f-16ed-4672-8cdb-36e7b0cbee36
2019-08-20 18:27:45,357 [pool-450-thread-1] INFO  server.RaftServerConfigKeys (ConfUtils.java:logGet(43)) - raft.server.log.queue.byte-limit = 2147483647 (custom)
2019-08-20 18:27:45,357 [pool-450-thread-1] INFO  server.RaftServerConfigKeys (ConfUtils.java:logGet(43)) - raft.server.log.queue.element-limit = 1024 (custom)
2019-08-20 18:27:45,358 [pool-450-thread-1] INFO  server.RaftServerConfigKeys (ConfUtils.java:logGet(43)) - raft.server.log.segment.size.max = 1048576 (custom)
2019-08-20 18:27:45,358 [pool-450-thread-1] INFO  server.RaftServerConfigKeys (ConfUtils.java:logGet(43)) - raft.server.log.preallocated.size = 16384 (custom)
2019-08-20 18:27:45,358 [pool-450-thread-1] INFO  server.RaftServerConfigKeys (ConfUtils.java:logGet(43)) - raft.server.log.write.buffer.size = 33554432 (custom)
2019-08-20 18:27:45,358 [pool-450-thread-1] INFO  server.RaftServerConfigKeys (ConfUtils.java:logGet(43)) - raft.server.log.force.sync.num = 128 (default)
2019-08-20 18:27:45,358 [pool-450-thread-1] INFO  server.RaftServerConfigKeys (ConfUtils.java:logGet(43)) - raft.server.log.statemachine.data.sync = true (default)
2019-08-20 18:27:45,358 [pool-450-thread-1] INFO  server.RaftServerConfigKeys (ConfUtils.java:logGet(43)) - raft.server.log.statemachine.data.sync.timeout = 10s (default)
2019-08-20 18:27:45,359 [pool-450-thread-1] INFO  server.RaftServerConfigKeys (ConfUtils.java:logGet(43)) - raft.server.log.statemachine.data.sync.timeout.retry = -1 (default)
2019-08-20 18:27:45,359 [pool-450-thread-1] INFO  server.RaftServerConfigKeys (ConfUtils.java:logGet(43)) - raft.server.log.statemachine.data.caching.enabled = true (custom)
2019-08-20 18:27:45,359 [pool-450-thread-1] INFO  segmented.SegmentedRaftLogWorker (SegmentedRaftLogWorker.java:lambda$new$0(132)) - 75361d20-0014-4d84-b06d-e0cee43a4090-SegmentedRaftLogWorker:Storage Directory /workdir/hadoop-ozone/integration-test/target/test-dir/MiniOzoneClusterImpl-9a1dce89-8836-4893-b9ec-7edc085093e3/datanode-1/data/ratis/5ae2420f-16ed-4672-8cdb-36e7b0cbee36: flushIndex: setUnconditionally 0 -> -1
2019-08-20 18:27:45,360 [pool-450-thread-1] INFO  server.RaftServerConfigKeys (ConfUtils.java:logGet(43)) - raft.server.snapshot.auto.trigger.enabled = true (custom)
2019-08-20 18:27:45,360 [pool-450-thread-1] INFO  server.RaftServerConfigKeys (ConfUtils.java:logGet(43)) - raft.server.snapshot.auto.trigger.threshold = 10000 (custom)
2019-08-20 18:27:45,360 [pool-450-thread-1] INFO  server.RaftServerConfigKeys (ConfUtils.java:logGet(43)) - raft.server.retrycache.expirytime = 600000ms (custom)
2019-08-20 18:27:45,360 [pool-450-thread-1] INFO  impl.RaftServerImpl (RaftServerImpl.java:start(180)) - 75361d20-0014-4d84-b06d-e0cee43a4090: start group-36E7B0CBEE36
2019-08-20 18:27:45,360 [pool-450-thread-1] INFO  impl.RaftServerImpl (RaftServerImpl.java:setRole(171)) - 75361d20-0014-4d84-b06d-e0cee43a4090:group-36E7B0CBEE36 changes role from null to FOLLOWER at term 0 for startAsFollower
2019-08-20 18:27:45,360 [pool-450-thread-1] INFO  impl.RoleInfo (RoleInfo.java:updateAndGet(143)) - 75361d20-0014-4d84-b06d-e0cee43a4090: start FollowerState
2019-08-20 18:27:45,361 [pool-450-thread-1] INFO  util.JmxRegister (JmxRegister.java:tryRegister(44)) - Successfully registered JMX Bean with object name Ratis:service=RaftServer,group=group-36E7B0CBEE36,id=75361d20-0014-4d84-b06d-e0cee43a4090
2019-08-20 18:27:45,367 [RatisPipelineUtilsThread] INFO  pipeline.PipelineStateManager (PipelineStateManager.java:addPipeline(56)) - Created pipeline Pipeline[ Id: 5ae2420f-16ed-4672-8cdb-36e7b0cbee36, Nodes: 75361d20-0014-4d84-b06d-e0cee43a4090{ip: 192.168.5.186, host: pr-hdds-1753-5g2nl-2460324467, networkLocation: /default-rack, certSerialId: null}, Type:RATIS, Factor:ONE, State:OPEN]
2019-08-20 18:27:45,469 [main] INFO  ozone.MiniOzoneClusterImpl (MiniOzoneClusterImpl.java:lambda$waitForClusterToBeReady$0(142)) - Waiting for cluster to be ready. Got 2 of 7 DN Heartbeats.
2019-08-20 18:27:45,473 [IPC Server handler 1 on 42371] INFO  net.NetworkTopology (NetworkTopologyImpl.java:add(110)) - Added a new node: /default-rack/3ebf1703-8ccb-431f-b530-5c0bec173472
2019-08-20 18:27:45,474 [IPC Server handler 1 on 42371] INFO  node.SCMNodeManager (SCMNodeManager.java:register(273)) - Registered Data node : 3ebf1703-8ccb-431f-b530-5c0bec173472{ip: 192.168.5.186, host: pr-hdds-1753-5g2nl-2460324467, networkLocation: /default-rack, certSerialId: null}
2019-08-20 18:27:45,474 | INFO  | SCMAudit | user=jenkins1000 | ip=192.168.5.186 | op=REGISTER {datanodeDetails=3ebf1703-8ccb-431f-b530-5c0bec173472{ip: 192.168.5.186, host: pr-hdds-1753-5g2nl-2460324467, networkLocation: /default-rack, certSerialId: null}} | ret=SUCCESS |  
2019-08-20 18:27:45,482 [grpc-default-executor-5] INFO  impl.RaftServerProxy (RaftServerProxy.java:addNew(89)) - 3ebf1703-8ccb-431f-b530-5c0bec173472: addNew group-87EC798E8439:[3ebf1703-8ccb-431f-b530-5c0bec173472:192.168.5.186:46419] returns group-87EC798E8439:java.util.concurrent.CompletableFuture@1b46997[Not completed]
2019-08-20 18:27:45,483 [pool-461-thread-1] INFO  impl.RaftServerImpl (RaftServerImpl.java:<init>(93)) - 3ebf1703-8ccb-431f-b530-5c0bec173472: new RaftServerImpl for group-87EC798E8439:[3ebf1703-8ccb-431f-b530-5c0bec173472:192.168.5.186:46419] with ContainerStateMachine:uninitialized
2019-08-20 18:27:45,483 [pool-461-thread-1] INFO  server.RaftServerConfigKeys (ConfUtils.java:logGet(43)) - raft.server.rpc.timeout.min = 5s (custom)
2019-08-20 18:27:45,483 [pool-461-thread-1] INFO  server.RaftServerConfigKeys (ConfUtils.java:logGet(43)) - raft.server.rpc.timeout.max = 5200ms (custom)
2019-08-20 18:27:45,483 [pool-461-thread-1] INFO  server.RaftServerConfigKeys (ConfUtils.java:logGet(43)) - raft.server.rpcslowness.timeout = 120s (custom)
2019-08-20 18:27:45,484 [pool-461-thread-1] INFO  server.RaftServerConfigKeys (ConfUtils.java:logGet(43)) - raft.server.sleep.deviation.threshold = 300 (default)
2019-08-20 18:27:45,484 [pool-461-thread-1] INFO  server.RaftServerConfigKeys (ConfUtils.java:logGet(43)) - raft.server.log.appender.install.snapshot.enabled = false (custom)
2019-08-20 18:27:45,484 [pool-461-thread-1] INFO  impl.RaftServerImpl (ServerState.java:<init>(105)) - 3ebf1703-8ccb-431f-b530-5c0bec173472:group-87EC798E8439 ConfigurationManager, init=-1: [3ebf1703-8ccb-431f-b530-5c0bec173472:192.168.5.186:46419], old=null, confs=<EMPTY_MAP>
2019-08-20 18:27:45,484 [pool-461-thread-1] INFO  server.RaftServerConfigKeys (ConfUtils.java:logGet(43)) - raft.server.storage.dir = [/workdir/hadoop-ozone/integration-test/target/test-dir/MiniOzoneClusterImpl-9a1dce89-8836-4893-b9ec-7edc085093e3/datanode-2/data/ratis] (custom)
2019-08-20 18:27:45,485 [pool-461-thread-1] INFO  storage.RaftStorageDirectory (RaftStorageDirectory.java:analyzeStorage(246)) - The storage directory /workdir/hadoop-ozone/integration-test/target/test-dir/MiniOzoneClusterImpl-9a1dce89-8836-4893-b9ec-7edc085093e3/datanode-2/data/ratis/4b5b6a95-ace7-4030-9ff8-87ec798e8439 does not exist. Creating ...
2019-08-20 18:27:45,498 [pool-461-thread-1] INFO  storage.RaftStorageDirectory (RaftStorageDirectory.java:tryLock(328)) - Lock on /workdir/hadoop-ozone/integration-test/target/test-dir/MiniOzoneClusterImpl-9a1dce89-8836-4893-b9ec-7edc085093e3/datanode-2/data/ratis/4b5b6a95-ace7-4030-9ff8-87ec798e8439/in_use.lock acquired by nodename 29610@pr-hdds-1753-5g2nl-2460324467
2019-08-20 18:27:45,511 [pool-461-thread-1] INFO  storage.RaftStorage (RaftStorage.java:format(72)) - Storage directory /workdir/hadoop-ozone/integration-test/target/test-dir/MiniOzoneClusterImpl-9a1dce89-8836-4893-b9ec-7edc085093e3/datanode-2/data/ratis/4b5b6a95-ace7-4030-9ff8-87ec798e8439 has been successfully formatted.
2019-08-20 18:27:45,511 [pool-461-thread-1] INFO  ratis.ContainerStateMachine (ContainerStateMachine.java:loadSnapshot(227)) - group-87EC798E8439: The snapshot info is null. Setting the last applied indexto:(t:0, i:~)
2019-08-20 18:27:45,511 [pool-461-thread-1] INFO  server.RaftServerConfigKeys (ConfUtils.java:logGet(43)) - raft.server.leader.election.timeout = 120s (custom)
2019-08-20 18:27:45,511 [pool-461-thread-1] INFO  server.RaftServerConfigKeys (ConfUtils.java:logGet(43)) - raft.server.log.use.memory = false (default)
2019-08-20 18:27:45,512 [pool-461-thread-1] INFO  server.RaftServerConfigKeys (ConfUtils.java:logGet(43)) - raft.server.log.purge.gap = 1000000 (custom)
2019-08-20 18:27:45,512 [pool-461-thread-1] INFO  server.RaftServerConfigKeys (ConfUtils.java:logGet(43)) - raft.server.log.appender.buffer.byte-limit = 33554432 (custom)
2019-08-20 18:27:45,512 [pool-461-thread-1] INFO  server.RaftServerConfigKeys (ConfUtils.java:logGet(43)) - raft.server.log.segment.size.max = 1048576 (custom)
2019-08-20 18:27:45,512 [pool-461-thread-1] INFO  server.RaftServerConfigKeys (ConfUtils.java:logGet(43)) - raft.server.log.segment.cache.num.max = 2 (custom)
2019-08-20 18:27:45,512 [pool-461-thread-1] INFO  segmented.SegmentedRaftLogWorker (SegmentedRaftLogWorker.java:<init>(172)) - new 3ebf1703-8ccb-431f-b530-5c0bec173472-SegmentedRaftLogWorker:Storage Directory /workdir/hadoop-ozone/integration-test/target/test-dir/MiniOzoneClusterImpl-9a1dce89-8836-4893-b9ec-7edc085093e3/datanode-2/data/ratis/4b5b6a95-ace7-4030-9ff8-87ec798e8439 for RaftStorage:Storage Directory /workdir/hadoop-ozone/integration-test/target/test-dir/MiniOzoneClusterImpl-9a1dce89-8836-4893-b9ec-7edc085093e3/datanode-2/data/ratis/4b5b6a95-ace7-4030-9ff8-87ec798e8439
2019-08-20 18:27:45,512 [pool-461-thread-1] INFO  server.RaftServerConfigKeys (ConfUtils.java:logGet(43)) - raft.server.log.queue.byte-limit = 2147483647 (custom)
2019-08-20 18:27:45,513 [pool-461-thread-1] INFO  server.RaftServerConfigKeys (ConfUtils.java:logGet(43)) - raft.server.log.queue.element-limit = 1024 (custom)
2019-08-20 18:27:45,513 [pool-461-thread-1] INFO  server.RaftServerConfigKeys (ConfUtils.java:logGet(43)) - raft.server.log.segment.size.max = 1048576 (custom)
2019-08-20 18:27:45,513 [pool-461-thread-1] INFO  server.RaftServerConfigKeys (ConfUtils.java:logGet(43)) - raft.server.log.preallocated.size = 16384 (custom)
2019-08-20 18:27:45,513 [pool-461-thread-1] INFO  server.RaftServerConfigKeys (ConfUtils.java:logGet(43)) - raft.server.log.write.buffer.size = 33554432 (custom)
2019-08-20 18:27:45,513 [pool-461-thread-1] INFO  server.RaftServerConfigKeys (ConfUtils.java:logGet(43)) - raft.server.log.force.sync.num = 128 (default)
2019-08-20 18:27:45,513 [pool-461-thread-1] INFO  server.RaftServerConfigKeys (ConfUtils.java:logGet(43)) - raft.server.log.statemachine.data.sync = true (default)
2019-08-20 18:27:45,514 [pool-461-thread-1] INFO  server.RaftServerConfigKeys (ConfUtils.java:logGet(43)) - raft.server.log.statemachine.data.sync.timeout = 10s (default)
2019-08-20 18:27:45,514 [pool-461-thread-1] INFO  server.RaftServerConfigKeys (ConfUtils.java:logGet(43)) - raft.server.log.statemachine.data.sync.timeout.retry = -1 (default)
2019-08-20 18:27:45,514 [pool-461-thread-1] INFO  server.RaftServerConfigKeys (ConfUtils.java:logGet(43)) - raft.server.log.statemachine.data.caching.enabled = true (custom)
2019-08-20 18:27:45,514 [pool-461-thread-1] INFO  segmented.SegmentedRaftLogWorker (SegmentedRaftLogWorker.java:lambda$new$0(132)) - 3ebf1703-8ccb-431f-b530-5c0bec173472-SegmentedRaftLogWorker:Storage Directory /workdir/hadoop-ozone/integration-test/target/test-dir/MiniOzoneClusterImpl-9a1dce89-8836-4893-b9ec-7edc085093e3/datanode-2/data/ratis/4b5b6a95-ace7-4030-9ff8-87ec798e8439: flushIndex: setUnconditionally 0 -> -1
2019-08-20 18:27:45,515 [pool-461-thread-1] INFO  server.RaftServerConfigKeys (ConfUtils.java:logGet(43)) - raft.server.snapshot.auto.trigger.enabled = true (custom)
2019-08-20 18:27:45,515 [pool-461-thread-1] INFO  server.RaftServerConfigKeys (ConfUtils.java:logGet(43)) - raft.server.snapshot.auto.trigger.threshold = 10000 (custom)
2019-08-20 18:27:45,515 [pool-461-thread-1] INFO  server.RaftServerConfigKeys (ConfUtils.java:logGet(43)) - raft.server.retrycache.expirytime = 600000ms (custom)
2019-08-20 18:27:45,515 [pool-461-thread-1] INFO  impl.RaftServerImpl (RaftServerImpl.java:start(180)) - 3ebf1703-8ccb-431f-b530-5c0bec173472: start group-87EC798E8439
2019-08-20 18:27:45,516 [pool-461-thread-1] INFO  impl.RaftServerImpl (RaftServerImpl.java:setRole(171)) - 3ebf1703-8ccb-431f-b530-5c0bec173472:group-87EC798E8439 changes role from null to FOLLOWER at term 0 for startAsFollower
2019-08-20 18:27:45,516 [pool-461-thread-1] INFO  impl.RoleInfo (RoleInfo.java:updateAndGet(143)) - 3ebf1703-8ccb-431f-b530-5c0bec173472: start FollowerState
2019-08-20 18:27:45,516 [pool-461-thread-1] INFO  util.JmxRegister (JmxRegister.java:tryRegister(44)) - Successfully registered JMX Bean with object name Ratis:service=RaftServer,group=group-87EC798E8439,id=3ebf1703-8ccb-431f-b530-5c0bec173472
2019-08-20 18:27:45,521 [RatisPipelineUtilsThread] INFO  pipeline.PipelineStateManager (PipelineStateManager.java:addPipeline(56)) - Created pipeline Pipeline[ Id: 4b5b6a95-ace7-4030-9ff8-87ec798e8439, Nodes: 3ebf1703-8ccb-431f-b530-5c0bec173472{ip: 192.168.5.186, host: pr-hdds-1753-5g2nl-2460324467, networkLocation: /default-rack, certSerialId: null}, Type:RATIS, Factor:ONE, State:OPEN]
2019-08-20 18:27:45,532 [grpc-default-executor-6] INFO  impl.RaftServerProxy (RaftServerProxy.java:addNew(89)) - 30a77774-759b-47e5-ab65-fec5a133fac9: addNew group-894662AAAA7C:[75361d20-0014-4d84-b06d-e0cee43a4090:192.168.5.186:45094, 30a77774-759b-47e5-ab65-fec5a133fac9:192.168.5.186:36538, 3ebf1703-8ccb-431f-b530-5c0bec173472:192.168.5.186:46419] returns group-894662AAAA7C:java.util.concurrent.CompletableFuture@65c4d522[Not completed]
2019-08-20 18:27:45,532 [grpc-default-executor-3] INFO  impl.RaftServerProxy (RaftServerProxy.java:addNew(89)) - 75361d20-0014-4d84-b06d-e0cee43a4090: addNew group-894662AAAA7C:[75361d20-0014-4d84-b06d-e0cee43a4090:192.168.5.186:45094, 30a77774-759b-47e5-ab65-fec5a133fac9:192.168.5.186:36538, 3ebf1703-8ccb-431f-b530-5c0bec173472:192.168.5.186:46419] returns group-894662AAAA7C:java.util.concurrent.CompletableFuture@173b01c7[Not completed]
2019-08-20 18:27:45,532 [grpc-default-executor-5] INFO  impl.RaftServerProxy (RaftServerProxy.java:addNew(89)) - 3ebf1703-8ccb-431f-b530-5c0bec173472: addNew group-894662AAAA7C:[75361d20-0014-4d84-b06d-e0cee43a4090:192.168.5.186:45094, 30a77774-759b-47e5-ab65-fec5a133fac9:192.168.5.186:36538, 3ebf1703-8ccb-431f-b530-5c0bec173472:192.168.5.186:46419] returns group-894662AAAA7C:java.util.concurrent.CompletableFuture@63985738[Not completed]
2019-08-20 18:27:45,533 [pool-450-thread-1] INFO  impl.RaftServerImpl (RaftServerImpl.java:<init>(93)) - 75361d20-0014-4d84-b06d-e0cee43a4090: new RaftServerImpl for group-894662AAAA7C:[75361d20-0014-4d84-b06d-e0cee43a4090:192.168.5.186:45094, 30a77774-759b-47e5-ab65-fec5a133fac9:192.168.5.186:36538, 3ebf1703-8ccb-431f-b530-5c0bec173472:192.168.5.186:46419] with ContainerStateMachine:uninitialized
2019-08-20 18:27:45,533 [pool-450-thread-1] INFO  server.RaftServerConfigKeys (ConfUtils.java:logGet(43)) - raft.server.rpc.timeout.min = 5s (custom)
2019-08-20 18:27:45,533 [pool-450-thread-1] INFO  server.RaftServerConfigKeys (ConfUtils.java:logGet(43)) - raft.server.rpc.timeout.max = 5200ms (custom)
2019-08-20 18:27:45,534 [pool-450-thread-1] INFO  server.RaftServerConfigKeys (ConfUtils.java:logGet(43)) - raft.server.rpcslowness.timeout = 120s (custom)
2019-08-20 18:27:45,534 [pool-450-thread-1] INFO  server.RaftServerConfigKeys (ConfUtils.java:logGet(43)) - raft.server.sleep.deviation.threshold = 300 (default)
2019-08-20 18:27:45,534 [pool-461-thread-1] INFO  impl.RaftServerImpl (RaftServerImpl.java:<init>(93)) - 3ebf1703-8ccb-431f-b530-5c0bec173472: new RaftServerImpl for group-894662AAAA7C:[75361d20-0014-4d84-b06d-e0cee43a4090:192.168.5.186:45094, 30a77774-759b-47e5-ab65-fec5a133fac9:192.168.5.186:36538, 3ebf1703-8ccb-431f-b530-5c0bec173472:192.168.5.186:46419] with ContainerStateMachine:uninitialized
2019-08-20 18:27:45,534 [pool-450-thread-1] INFO  server.RaftServerConfigKeys (ConfUtils.java:logGet(43)) - raft.server.log.appender.install.snapshot.enabled = false (custom)
2019-08-20 18:27:45,534 [pool-461-thread-1] INFO  server.RaftServerConfigKeys (ConfUtils.java:logGet(43)) - raft.server.rpc.timeout.min = 5s (custom)
2019-08-20 18:27:45,534 [pool-450-thread-1] INFO  impl.RaftServerImpl (ServerState.java:<init>(105)) - 75361d20-0014-4d84-b06d-e0cee43a4090:group-894662AAAA7C ConfigurationManager, init=-1: [75361d20-0014-4d84-b06d-e0cee43a4090:192.168.5.186:45094, 30a77774-759b-47e5-ab65-fec5a133fac9:192.168.5.186:36538, 3ebf1703-8ccb-431f-b530-5c0bec173472:192.168.5.186:46419], old=null, confs=<EMPTY_MAP>
2019-08-20 18:27:45,534 [pool-461-thread-1] INFO  server.RaftServerConfigKeys (ConfUtils.java:logGet(43)) - raft.server.rpc.timeout.max = 5200ms (custom)
2019-08-20 18:27:45,534 [pool-450-thread-1] INFO  server.RaftServerConfigKeys (ConfUtils.java:logGet(43)) - raft.server.storage.dir = [/workdir/hadoop-ozone/integration-test/target/test-dir/MiniOzoneClusterImpl-9a1dce89-8836-4893-b9ec-7edc085093e3/datanode-1/data/ratis] (custom)
2019-08-20 18:27:45,535 [pool-461-thread-1] INFO  server.RaftServerConfigKeys (ConfUtils.java:logGet(43)) - raft.server.rpcslowness.timeout = 120s (custom)
2019-08-20 18:27:45,534 [pool-439-thread-1] INFO  impl.RaftServerImpl (RaftServerImpl.java:<init>(93)) - 30a77774-759b-47e5-ab65-fec5a133fac9: new RaftServerImpl for group-894662AAAA7C:[75361d20-0014-4d84-b06d-e0cee43a4090:192.168.5.186:45094, 30a77774-759b-47e5-ab65-fec5a133fac9:192.168.5.186:36538, 3ebf1703-8ccb-431f-b530-5c0bec173472:192.168.5.186:46419] with ContainerStateMachine:uninitialized
2019-08-20 18:27:45,535 [pool-461-thread-1] INFO  server.RaftServerConfigKeys (ConfUtils.java:logGet(43)) - raft.server.sleep.deviation.threshold = 300 (default)
2019-08-20 18:27:45,535 [pool-450-thread-1] INFO  storage.RaftStorageDirectory (RaftStorageDirectory.java:analyzeStorage(246)) - The storage directory /workdir/hadoop-ozone/integration-test/target/test-dir/MiniOzoneClusterImpl-9a1dce89-8836-4893-b9ec-7edc085093e3/datanode-1/data/ratis/c6296c2a-406d-4855-8ee5-894662aaaa7c does not exist. Creating ...
2019-08-20 18:27:45,535 [pool-461-thread-1] INFO  server.RaftServerConfigKeys (ConfUtils.java:logGet(43)) - raft.server.log.appender.install.snapshot.enabled = false (custom)
2019-08-20 18:27:45,535 [pool-439-thread-1] INFO  server.RaftServerConfigKeys (ConfUtils.java:logGet(43)) - raft.server.rpc.timeout.min = 5s (custom)
2019-08-20 18:27:45,535 [pool-461-thread-1] INFO  impl.RaftServerImpl (ServerState.java:<init>(105)) - 3ebf1703-8ccb-431f-b530-5c0bec173472:group-894662AAAA7C ConfigurationManager, init=-1: [75361d20-0014-4d84-b06d-e0cee43a4090:192.168.5.186:45094, 30a77774-759b-47e5-ab65-fec5a133fac9:192.168.5.186:36538, 3ebf1703-8ccb-431f-b530-5c0bec173472:192.168.5.186:46419], old=null, confs=<EMPTY_MAP>
2019-08-20 18:27:45,536 [pool-439-thread-1] INFO  server.RaftServerConfigKeys (ConfUtils.java:logGet(43)) - raft.server.rpc.timeout.max = 5200ms (custom)
2019-08-20 18:27:45,536 [pool-461-thread-1] INFO  server.RaftServerConfigKeys (ConfUtils.java:logGet(43)) - raft.server.storage.dir = [/workdir/hadoop-ozone/integration-test/target/test-dir/MiniOzoneClusterImpl-9a1dce89-8836-4893-b9ec-7edc085093e3/datanode-2/data/ratis] (custom)
2019-08-20 18:27:45,536 [pool-439-thread-1] INFO  server.RaftServerConfigKeys (ConfUtils.java:logGet(43)) - raft.server.rpcslowness.timeout = 120s (custom)
2019-08-20 18:27:45,536 [pool-439-thread-1] INFO  server.RaftServerConfigKeys (ConfUtils.java:logGet(43)) - raft.server.sleep.deviation.threshold = 300 (default)
2019-08-20 18:27:45,536 [pool-461-thread-1] INFO  storage.RaftStorageDirectory (RaftStorageDirectory.java:analyzeStorage(246)) - The storage directory /workdir/hadoop-ozone/integration-test/target/test-dir/MiniOzoneClusterImpl-9a1dce89-8836-4893-b9ec-7edc085093e3/datanode-2/data/ratis/c6296c2a-406d-4855-8ee5-894662aaaa7c does not exist. Creating ...
2019-08-20 18:27:45,536 [pool-439-thread-1] INFO  server.RaftServerConfigKeys (ConfUtils.java:logGet(43)) - raft.server.log.appender.install.snapshot.enabled = false (custom)
2019-08-20 18:27:45,537 [pool-439-thread-1] INFO  impl.RaftServerImpl (ServerState.java:<init>(105)) - 30a77774-759b-47e5-ab65-fec5a133fac9:group-894662AAAA7C ConfigurationManager, init=-1: [75361d20-0014-4d84-b06d-e0cee43a4090:192.168.5.186:45094, 30a77774-759b-47e5-ab65-fec5a133fac9:192.168.5.186:36538, 3ebf1703-8ccb-431f-b530-5c0bec173472:192.168.5.186:46419], old=null, confs=<EMPTY_MAP>
2019-08-20 18:27:45,537 [pool-439-thread-1] INFO  server.RaftServerConfigKeys (ConfUtils.java:logGet(43)) - raft.server.storage.dir = [/workdir/hadoop-ozone/integration-test/target/test-dir/MiniOzoneClusterImpl-9a1dce89-8836-4893-b9ec-7edc085093e3/datanode-0/data/ratis] (custom)
2019-08-20 18:27:45,537 [pool-439-thread-1] INFO  storage.RaftStorageDirectory (RaftStorageDirectory.java:analyzeStorage(246)) - The storage directory /workdir/hadoop-ozone/integration-test/target/test-dir/MiniOzoneClusterImpl-9a1dce89-8836-4893-b9ec-7edc085093e3/datanode-0/data/ratis/c6296c2a-406d-4855-8ee5-894662aaaa7c does not exist. Creating ...
2019-08-20 18:27:45,548 [pool-439-thread-1] INFO  storage.RaftStorageDirectory (RaftStorageDirectory.java:tryLock(328)) - Lock on /workdir/hadoop-ozone/integration-test/target/test-dir/MiniOzoneClusterImpl-9a1dce89-8836-4893-b9ec-7edc085093e3/datanode-0/data/ratis/c6296c2a-406d-4855-8ee5-894662aaaa7c/in_use.lock acquired by nodename 29610@pr-hdds-1753-5g2nl-2460324467
2019-08-20 18:27:45,548 [pool-450-thread-1] INFO  storage.RaftStorageDirectory (RaftStorageDirectory.java:tryLock(328)) - Lock on /workdir/hadoop-ozone/integration-test/target/test-dir/MiniOzoneClusterImpl-9a1dce89-8836-4893-b9ec-7edc085093e3/datanode-1/data/ratis/c6296c2a-406d-4855-8ee5-894662aaaa7c/in_use.lock acquired by nodename 29610@pr-hdds-1753-5g2nl-2460324467
2019-08-20 18:27:45,548 [pool-461-thread-1] INFO  storage.RaftStorageDirectory (RaftStorageDirectory.java:tryLock(328)) - Lock on /workdir/hadoop-ozone/integration-test/target/test-dir/MiniOzoneClusterImpl-9a1dce89-8836-4893-b9ec-7edc085093e3/datanode-2/data/ratis/c6296c2a-406d-4855-8ee5-894662aaaa7c/in_use.lock acquired by nodename 29610@pr-hdds-1753-5g2nl-2460324467
2019-08-20 18:27:45,563 [pool-461-thread-1] INFO  storage.RaftStorage (RaftStorage.java:format(72)) - Storage directory /workdir/hadoop-ozone/integration-test/target/test-dir/MiniOzoneClusterImpl-9a1dce89-8836-4893-b9ec-7edc085093e3/datanode-2/data/ratis/c6296c2a-406d-4855-8ee5-894662aaaa7c has been successfully formatted.
2019-08-20 18:27:45,563 [pool-450-thread-1] INFO  storage.RaftStorage (RaftStorage.java:format(72)) - Storage directory /workdir/hadoop-ozone/integration-test/target/test-dir/MiniOzoneClusterImpl-9a1dce89-8836-4893-b9ec-7edc085093e3/datanode-1/data/ratis/c6296c2a-406d-4855-8ee5-894662aaaa7c has been successfully formatted.
2019-08-20 18:27:45,563 [pool-439-thread-1] INFO  storage.RaftStorage (RaftStorage.java:format(72)) - Storage directory /workdir/hadoop-ozone/integration-test/target/test-dir/MiniOzoneClusterImpl-9a1dce89-8836-4893-b9ec-7edc085093e3/datanode-0/data/ratis/c6296c2a-406d-4855-8ee5-894662aaaa7c has been successfully formatted.
2019-08-20 18:27:45,563 [pool-461-thread-1] INFO  ratis.ContainerStateMachine (ContainerStateMachine.java:loadSnapshot(227)) - group-894662AAAA7C: The snapshot info is null. Setting the last applied indexto:(t:0, i:~)
2019-08-20 18:27:45,563 [pool-439-thread-1] INFO  ratis.ContainerStateMachine (ContainerStateMachine.java:loadSnapshot(227)) - group-894662AAAA7C: The snapshot info is null. Setting the last applied indexto:(t:0, i:~)
2019-08-20 18:27:45,563 [pool-461-thread-1] INFO  server.RaftServerConfigKeys (ConfUtils.java:logGet(43)) - raft.server.leader.election.timeout = 120s (custom)
2019-08-20 18:27:45,564 [pool-439-thread-1] INFO  server.RaftServerConfigKeys (ConfUtils.java:logGet(43)) - raft.server.leader.election.timeout = 120s (custom)
2019-08-20 18:27:45,564 [pool-461-thread-1] INFO  server.RaftServerConfigKeys (ConfUtils.java:logGet(43)) - raft.server.log.use.memory = false (default)
2019-08-20 18:27:45,564 [pool-450-thread-1] INFO  ratis.ContainerStateMachine (ContainerStateMachine.java:loadSnapshot(227)) - group-894662AAAA7C: The snapshot info is null. Setting the last applied indexto:(t:0, i:~)
2019-08-20 18:27:45,564 [pool-439-thread-1] INFO  server.RaftServerConfigKeys (ConfUtils.java:logGet(43)) - raft.server.log.use.memory = false (default)
2019-08-20 18:27:45,564 [pool-450-thread-1] INFO  server.RaftServerConfigKeys (ConfUtils.java:logGet(43)) - raft.server.leader.election.timeout = 120s (custom)
2019-08-20 18:27:45,564 [pool-461-thread-1] INFO  server.RaftServerConfigKeys (ConfUtils.java:logGet(43)) - raft.server.log.purge.gap = 1000000 (custom)
2019-08-20 18:27:45,564 [pool-450-thread-1] INFO  server.RaftServerConfigKeys (ConfUtils.java:logGet(43)) - raft.server.log.use.memory = false (default)
2019-08-20 18:27:45,564 [pool-439-thread-1] INFO  server.RaftServerConfigKeys (ConfUtils.java:logGet(43)) - raft.server.log.purge.gap = 1000000 (custom)
2019-08-20 18:27:45,565 [pool-450-thread-1] INFO  server.RaftServerConfigKeys (ConfUtils.java:logGet(43)) - raft.server.log.purge.gap = 1000000 (custom)
2019-08-20 18:27:45,565 [pool-461-thread-1] INFO  server.RaftServerConfigKeys (ConfUtils.java:logGet(43)) - raft.server.log.appender.buffer.byte-limit = 33554432 (custom)
2019-08-20 18:27:45,565 [pool-450-thread-1] INFO  server.RaftServerConfigKeys (ConfUtils.java:logGet(43)) - raft.server.log.appender.buffer.byte-limit = 33554432 (custom)
2019-08-20 18:27:45,565 [pool-439-thread-1] INFO  server.RaftServerConfigKeys (ConfUtils.java:logGet(43)) - raft.server.log.appender.buffer.byte-limit = 33554432 (custom)
2019-08-20 18:27:45,565 [pool-450-thread-1] INFO  server.RaftServerConfigKeys (ConfUtils.java:logGet(43)) - raft.server.log.segment.size.max = 1048576 (custom)
2019-08-20 18:27:45,565 [pool-461-thread-1] INFO  server.RaftServerConfigKeys (ConfUtils.java:logGet(43)) - raft.server.log.segment.size.max = 1048576 (custom)
2019-08-20 18:27:45,566 [pool-450-thread-1] INFO  server.RaftServerConfigKeys (ConfUtils.java:logGet(43)) - raft.server.log.segment.cache.num.max = 2 (custom)
2019-08-20 18:27:45,565 [pool-439-thread-1] INFO  server.RaftServerConfigKeys (ConfUtils.java:logGet(43)) - raft.server.log.segment.size.max = 1048576 (custom)
2019-08-20 18:27:45,566 [pool-450-thread-1] INFO  segmented.SegmentedRaftLogWorker (SegmentedRaftLogWorker.java:<init>(172)) - new 75361d20-0014-4d84-b06d-e0cee43a4090-SegmentedRaftLogWorker:Storage Directory /workdir/hadoop-ozone/integration-test/target/test-dir/MiniOzoneClusterImpl-9a1dce89-8836-4893-b9ec-7edc085093e3/datanode-1/data/ratis/c6296c2a-406d-4855-8ee5-894662aaaa7c for RaftStorage:Storage Directory /workdir/hadoop-ozone/integration-test/target/test-dir/MiniOzoneClusterImpl-9a1dce89-8836-4893-b9ec-7edc085093e3/datanode-1/data/ratis/c6296c2a-406d-4855-8ee5-894662aaaa7c
2019-08-20 18:27:45,566 [pool-461-thread-1] INFO  server.RaftServerConfigKeys (ConfUtils.java:logGet(43)) - raft.server.log.segment.cache.num.max = 2 (custom)
2019-08-20 18:27:45,566 [pool-450-thread-1] INFO  server.RaftServerConfigKeys (ConfUtils.java:logGet(43)) - raft.server.log.queue.byte-limit = 2147483647 (custom)
2019-08-20 18:27:45,566 [pool-439-thread-1] INFO  server.RaftServerConfigKeys (ConfUtils.java:logGet(43)) - raft.server.log.segment.cache.num.max = 2 (custom)
2019-08-20 18:27:45,567 [pool-450-thread-1] INFO  server.RaftServerConfigKeys (ConfUtils.java:logGet(43)) - raft.server.log.queue.element-limit = 1024 (custom)
2019-08-20 18:27:45,566 [pool-461-thread-1] INFO  segmented.SegmentedRaftLogWorker (SegmentedRaftLogWorker.java:<init>(172)) - new 3ebf1703-8ccb-431f-b530-5c0bec173472-SegmentedRaftLogWorker:Storage Directory /workdir/hadoop-ozone/integration-test/target/test-dir/MiniOzoneClusterImpl-9a1dce89-8836-4893-b9ec-7edc085093e3/datanode-2/data/ratis/c6296c2a-406d-4855-8ee5-894662aaaa7c for RaftStorage:Storage Directory /workdir/hadoop-ozone/integration-test/target/test-dir/MiniOzoneClusterImpl-9a1dce89-8836-4893-b9ec-7edc085093e3/datanode-2/data/ratis/c6296c2a-406d-4855-8ee5-894662aaaa7c
2019-08-20 18:27:45,567 [pool-450-thread-1] INFO  server.RaftServerConfigKeys (ConfUtils.java:logGet(43)) - raft.server.log.segment.size.max = 1048576 (custom)
2019-08-20 18:27:45,567 [pool-439-thread-1] INFO  segmented.SegmentedRaftLogWorker (SegmentedRaftLogWorker.java:<init>(172)) - new 30a77774-759b-47e5-ab65-fec5a133fac9-SegmentedRaftLogWorker:Storage Directory /workdir/hadoop-ozone/integration-test/target/test-dir/MiniOzoneClusterImpl-9a1dce89-8836-4893-b9ec-7edc085093e3/datanode-0/data/ratis/c6296c2a-406d-4855-8ee5-894662aaaa7c for RaftStorage:Storage Directory /workdir/hadoop-ozone/integration-test/target/test-dir/MiniOzoneClusterImpl-9a1dce89-8836-4893-b9ec-7edc085093e3/datanode-0/data/ratis/c6296c2a-406d-4855-8ee5-894662aaaa7c
2019-08-20 18:27:45,567 [pool-450-thread-1] INFO  server.RaftServerConfigKeys (ConfUtils.java:logGet(43)) - raft.server.log.preallocated.size = 16384 (custom)
2019-08-20 18:27:45,567 [pool-450-thread-1] INFO  server.RaftServerConfigKeys (ConfUtils.java:logGet(43)) - raft.server.log.write.buffer.size = 33554432 (custom)
2019-08-20 18:27:45,567 [pool-461-thread-1] INFO  server.RaftServerConfigKeys (ConfUtils.java:logGet(43)) - raft.server.log.queue.byte-limit = 2147483647 (custom)
2019-08-20 18:27:45,568 [pool-450-thread-1] INFO  server.RaftServerConfigKeys (ConfUtils.java:logGet(43)) - raft.server.log.force.sync.num = 128 (default)
2019-08-20 18:27:45,567 [pool-439-thread-1] INFO  server.RaftServerConfigKeys (ConfUtils.java:logGet(43)) - raft.server.log.queue.byte-limit = 2147483647 (custom)
2019-08-20 18:27:45,568 [pool-450-thread-1] INFO  server.RaftServerConfigKeys (ConfUtils.java:logGet(43)) - raft.server.log.statemachine.data.sync = true (default)
2019-08-20 18:27:45,568 [pool-461-thread-1] INFO  server.RaftServerConfigKeys (ConfUtils.java:logGet(43)) - raft.server.log.queue.element-limit = 1024 (custom)
2019-08-20 18:27:45,568 [pool-450-thread-1] INFO  server.RaftServerConfigKeys (ConfUtils.java:logGet(43)) - raft.server.log.statemachine.data.sync.timeout = 10s (default)
2019-08-20 18:27:45,568 [pool-439-thread-1] INFO  server.RaftServerConfigKeys (ConfUtils.java:logGet(43)) - raft.server.log.queue.element-limit = 1024 (custom)
2019-08-20 18:27:45,568 [pool-450-thread-1] INFO  server.RaftServerConfigKeys (ConfUtils.java:logGet(43)) - raft.server.log.statemachine.data.sync.timeout.retry = -1 (default)
2019-08-20 18:27:45,568 [pool-461-thread-1] INFO  server.RaftServerConfigKeys (ConfUtils.java:logGet(43)) - raft.server.log.segment.size.max = 1048576 (custom)
2019-08-20 18:27:45,569 [pool-450-thread-1] INFO  server.RaftServerConfigKeys (ConfUtils.java:logGet(43)) - raft.server.log.statemachine.data.caching.enabled = true (custom)
2019-08-20 18:27:45,569 [pool-439-thread-1] INFO  server.RaftServerConfigKeys (ConfUtils.java:logGet(43)) - raft.server.log.segment.size.max = 1048576 (custom)
2019-08-20 18:27:45,569 [pool-461-thread-1] INFO  server.RaftServerConfigKeys (ConfUtils.java:logGet(43)) - raft.server.log.preallocated.size = 16384 (custom)
2019-08-20 18:27:45,569 [pool-450-thread-1] INFO  segmented.SegmentedRaftLogWorker (SegmentedRaftLogWorker.java:lambda$new$0(132)) - 75361d20-0014-4d84-b06d-e0cee43a4090-SegmentedRaftLogWorker:Storage Directory /workdir/hadoop-ozone/integration-test/target/test-dir/MiniOzoneClusterImpl-9a1dce89-8836-4893-b9ec-7edc085093e3/datanode-1/data/ratis/c6296c2a-406d-4855-8ee5-894662aaaa7c: flushIndex: setUnconditionally 0 -> -1
2019-08-20 18:27:45,569 [pool-439-thread-1] INFO  server.RaftServerConfigKeys (ConfUtils.java:logGet(43)) - raft.server.log.preallocated.size = 16384 (custom)
2019-08-20 18:27:45,569 [pool-461-thread-1] INFO  server.RaftServerConfigKeys (ConfUtils.java:logGet(43)) - raft.server.log.write.buffer.size = 33554432 (custom)
2019-08-20 18:27:45,570 [pool-450-thread-1] INFO  server.RaftServerConfigKeys (ConfUtils.java:logGet(43)) - raft.server.snapshot.auto.trigger.enabled = true (custom)
2019-08-20 18:27:45,570 [pool-439-thread-1] INFO  server.RaftServerConfigKeys (ConfUtils.java:logGet(43)) - raft.server.log.write.buffer.size = 33554432 (custom)
2019-08-20 18:27:45,570 [pool-450-thread-1] INFO  server.RaftServerConfigKeys (ConfUtils.java:logGet(43)) - raft.server.snapshot.auto.trigger.threshold = 10000 (custom)
2019-08-20 18:27:45,570 [pool-461-thread-1] INFO  server.RaftServerConfigKeys (ConfUtils.java:logGet(43)) - raft.server.log.force.sync.num = 128 (default)
2019-08-20 18:27:45,570 [pool-450-thread-1] INFO  server.RaftServerConfigKeys (ConfUtils.java:logGet(43)) - raft.server.retrycache.expirytime = 600000ms (custom)
2019-08-20 18:27:45,570 [pool-439-thread-1] INFO  server.RaftServerConfigKeys (ConfUtils.java:logGet(43)) - raft.server.log.force.sync.num = 128 (default)
2019-08-20 18:27:45,570 [pool-450-thread-1] INFO  impl.RaftServerImpl (RaftServerImpl.java:start(180)) - 75361d20-0014-4d84-b06d-e0cee43a4090: start group-894662AAAA7C
2019-08-20 18:27:45,570 [pool-461-thread-1] INFO  server.RaftServerConfigKeys (ConfUtils.java:logGet(43)) - raft.server.log.statemachine.data.sync = true (default)
2019-08-20 18:27:45,571 [pool-450-thread-1] INFO  impl.RaftServerImpl (RaftServerImpl.java:setRole(171)) - 75361d20-0014-4d84-b06d-e0cee43a4090:group-894662AAAA7C changes role from null to FOLLOWER at term 0 for startAsFollower
2019-08-20 18:27:45,571 [pool-439-thread-1] INFO  server.RaftServerConfigKeys (ConfUtils.java:logGet(43)) - raft.server.log.statemachine.data.sync = true (default)
2019-08-20 18:27:45,571 [pool-450-thread-1] INFO  impl.RoleInfo (RoleInfo.java:updateAndGet(143)) - 75361d20-0014-4d84-b06d-e0cee43a4090: start FollowerState
2019-08-20 18:27:45,571 [pool-461-thread-1] INFO  server.RaftServerConfigKeys (ConfUtils.java:logGet(43)) - raft.server.log.statemachine.data.sync.timeout = 10s (default)
2019-08-20 18:27:45,571 [pool-439-thread-1] INFO  server.RaftServerConfigKeys (ConfUtils.java:logGet(43)) - raft.server.log.statemachine.data.sync.timeout = 10s (default)
2019-08-20 18:27:45,571 [pool-461-thread-1] INFO  server.RaftServerConfigKeys (ConfUtils.java:logGet(43)) - raft.server.log.statemachine.data.sync.timeout.retry = -1 (default)
2019-08-20 18:27:45,581 [pool-450-thread-1] INFO  util.JmxRegister (JmxRegister.java:tryRegister(44)) - Successfully registered JMX Bean with object name Ratis:service=RaftServer,group=group-894662AAAA7C,id=75361d20-0014-4d84-b06d-e0cee43a4090
2019-08-20 18:27:45,572 [pool-439-thread-1] INFO  server.RaftServerConfigKeys (ConfUtils.java:logGet(43)) - raft.server.log.statemachine.data.sync.timeout.retry = -1 (default)
2019-08-20 18:27:45,581 [pool-461-thread-1] INFO  server.RaftServerConfigKeys (ConfUtils.java:logGet(43)) - raft.server.log.statemachine.data.caching.enabled = true (custom)
2019-08-20 18:27:45,581 [pool-439-thread-1] INFO  server.RaftServerConfigKeys (ConfUtils.java:logGet(43)) - raft.server.log.statemachine.data.caching.enabled = true (custom)
2019-08-20 18:27:45,588 [pool-461-thread-1] INFO  segmented.SegmentedRaftLogWorker (SegmentedRaftLogWorker.java:lambda$new$0(132)) - 3ebf1703-8ccb-431f-b530-5c0bec173472-SegmentedRaftLogWorker:Storage Directory /workdir/hadoop-ozone/integration-test/target/test-dir/MiniOzoneClusterImpl-9a1dce89-8836-4893-b9ec-7edc085093e3/datanode-2/data/ratis/c6296c2a-406d-4855-8ee5-894662aaaa7c: flushIndex: setUnconditionally 0 -> -1
2019-08-20 18:27:45,588 [pool-439-thread-1] INFO  segmented.SegmentedRaftLogWorker (SegmentedRaftLogWorker.java:lambda$new$0(132)) - 30a77774-759b-47e5-ab65-fec5a133fac9-SegmentedRaftLogWorker:Storage Directory /workdir/hadoop-ozone/integration-test/target/test-dir/MiniOzoneClusterImpl-9a1dce89-8836-4893-b9ec-7edc085093e3/datanode-0/data/ratis/c6296c2a-406d-4855-8ee5-894662aaaa7c: flushIndex: setUnconditionally 0 -> -1
2019-08-20 18:27:45,589 [pool-461-thread-1] INFO  server.RaftServerConfigKeys (ConfUtils.java:logGet(43)) - raft.server.snapshot.auto.trigger.enabled = true (custom)
2019-08-20 18:27:45,591 [pool-439-thread-1] INFO  server.RaftServerConfigKeys (ConfUtils.java:logGet(43)) - raft.server.snapshot.auto.trigger.enabled = true (custom)
2019-08-20 18:27:45,591 [pool-461-thread-1] INFO  server.RaftServerConfigKeys (ConfUtils.java:logGet(43)) - raft.server.snapshot.auto.trigger.threshold = 10000 (custom)
2019-08-20 18:27:45,591 [pool-439-thread-1] INFO  server.RaftServerConfigKeys (ConfUtils.java:logGet(43)) - raft.server.snapshot.auto.trigger.threshold = 10000 (custom)
2019-08-20 18:27:45,591 [pool-461-thread-1] INFO  server.RaftServerConfigKeys (ConfUtils.java:logGet(43)) - raft.server.retrycache.expirytime = 600000ms (custom)
2019-08-20 18:27:45,591 [pool-439-thread-1] INFO  server.RaftServerConfigKeys (ConfUtils.java:logGet(43)) - raft.server.retrycache.expirytime = 600000ms (custom)
2019-08-20 18:27:45,592 [pool-461-thread-1] INFO  impl.RaftServerImpl (RaftServerImpl.java:start(180)) - 3ebf1703-8ccb-431f-b530-5c0bec173472: start group-894662AAAA7C
2019-08-20 18:27:45,592 [pool-439-thread-1] INFO  impl.RaftServerImpl (RaftServerImpl.java:start(180)) - 30a77774-759b-47e5-ab65-fec5a133fac9: start group-894662AAAA7C
2019-08-20 18:27:45,592 [pool-461-thread-1] INFO  impl.RaftServerImpl (RaftServerImpl.java:setRole(171)) - 3ebf1703-8ccb-431f-b530-5c0bec173472:group-894662AAAA7C changes role from null to FOLLOWER at term 0 for startAsFollower
2019-08-20 18:27:45,592 [pool-439-thread-1] INFO  impl.RaftServerImpl (RaftServerImpl.java:setRole(171)) - 30a77774-759b-47e5-ab65-fec5a133fac9:group-894662AAAA7C changes role from null to FOLLOWER at term 0 for startAsFollower
2019-08-20 18:27:45,592 [pool-461-thread-1] INFO  impl.RoleInfo (RoleInfo.java:updateAndGet(143)) - 3ebf1703-8ccb-431f-b530-5c0bec173472: start FollowerState
2019-08-20 18:27:45,592 [pool-439-thread-1] INFO  impl.RoleInfo (RoleInfo.java:updateAndGet(143)) - 30a77774-759b-47e5-ab65-fec5a133fac9: start FollowerState
2019-08-20 18:27:45,593 [pool-461-thread-1] INFO  util.JmxRegister (JmxRegister.java:tryRegister(44)) - Successfully registered JMX Bean with object name Ratis:service=RaftServer,group=group-894662AAAA7C,id=3ebf1703-8ccb-431f-b530-5c0bec173472
2019-08-20 18:27:45,593 [pool-439-thread-1] INFO  util.JmxRegister (JmxRegister.java:tryRegister(44)) - Successfully registered JMX Bean with object name Ratis:service=RaftServer,group=group-894662AAAA7C,id=30a77774-759b-47e5-ab65-fec5a133fac9
2019-08-20 18:27:45,597 [RatisPipelineUtilsThread] INFO  pipeline.PipelineStateManager (PipelineStateManager.java:addPipeline(56)) - Created pipeline Pipeline[ Id: c6296c2a-406d-4855-8ee5-894662aaaa7c, Nodes: 3ebf1703-8ccb-431f-b530-5c0bec173472{ip: 192.168.5.186, host: pr-hdds-1753-5g2nl-2460324467, networkLocation: /default-rack, certSerialId: null}30a77774-759b-47e5-ab65-fec5a133fac9{ip: 192.168.5.186, host: pr-hdds-1753-5g2nl-2460324467, networkLocation: /default-rack, certSerialId: null}75361d20-0014-4d84-b06d-e0cee43a4090{ip: 192.168.5.186, host: pr-hdds-1753-5g2nl-2460324467, networkLocation: /default-rack, certSerialId: null}, Type:RATIS, Factor:THREE, State:OPEN]
2019-08-20 18:27:45,649 [IPC Server handler 3 on 42371] INFO  net.NetworkTopology (NetworkTopologyImpl.java:add(110)) - Added a new node: /default-rack/b81439af-67f0-46d4-9ea9-2a1de01bfb7b
2019-08-20 18:27:45,650 [IPC Server handler 3 on 42371] INFO  node.SCMNodeManager (SCMNodeManager.java:register(273)) - Registered Data node : b81439af-67f0-46d4-9ea9-2a1de01bfb7b{ip: 192.168.5.186, host: pr-hdds-1753-5g2nl-2460324467, networkLocation: /default-rack, certSerialId: null}
2019-08-20 18:27:45,650 | INFO  | SCMAudit | user=jenkins1000 | ip=192.168.5.186 | op=REGISTER {datanodeDetails=b81439af-67f0-46d4-9ea9-2a1de01bfb7b{ip: 192.168.5.186, host: pr-hdds-1753-5g2nl-2460324467, networkLocation: /default-rack, certSerialId: null}} | ret=SUCCESS |  
2019-08-20 18:27:45,656 [grpc-default-executor-5] INFO  impl.RaftServerProxy (RaftServerProxy.java:addNew(89)) - b81439af-67f0-46d4-9ea9-2a1de01bfb7b: addNew group-3EB48B9CE895:[b81439af-67f0-46d4-9ea9-2a1de01bfb7b:192.168.5.186:37071] returns group-3EB48B9CE895:java.util.concurrent.CompletableFuture@49dc7a05[Not completed]
2019-08-20 18:27:45,657 [pool-472-thread-1] INFO  impl.RaftServerImpl (RaftServerImpl.java:<init>(93)) - b81439af-67f0-46d4-9ea9-2a1de01bfb7b: new RaftServerImpl for group-3EB48B9CE895:[b81439af-67f0-46d4-9ea9-2a1de01bfb7b:192.168.5.186:37071] with ContainerStateMachine:uninitialized
2019-08-20 18:27:45,658 [pool-472-thread-1] INFO  server.RaftServerConfigKeys (ConfUtils.java:logGet(43)) - raft.server.rpc.timeout.min = 5s (custom)
2019-08-20 18:27:45,658 [pool-472-thread-1] INFO  server.RaftServerConfigKeys (ConfUtils.java:logGet(43)) - raft.server.rpc.timeout.max = 5200ms (custom)
2019-08-20 18:27:45,658 [pool-472-thread-1] INFO  server.RaftServerConfigKeys (ConfUtils.java:logGet(43)) - raft.server.rpcslowness.timeout = 120s (custom)
2019-08-20 18:27:45,658 [pool-472-thread-1] INFO  server.RaftServerConfigKeys (ConfUtils.java:logGet(43)) - raft.server.sleep.deviation.threshold = 300 (default)
2019-08-20 18:27:45,658 [pool-472-thread-1] INFO  server.RaftServerConfigKeys (ConfUtils.java:logGet(43)) - raft.server.log.appender.install.snapshot.enabled = false (custom)
2019-08-20 18:27:45,658 [pool-472-thread-1] INFO  impl.RaftServerImpl (ServerState.java:<init>(105)) - b81439af-67f0-46d4-9ea9-2a1de01bfb7b:group-3EB48B9CE895 ConfigurationManager, init=-1: [b81439af-67f0-46d4-9ea9-2a1de01bfb7b:192.168.5.186:37071], old=null, confs=<EMPTY_MAP>
2019-08-20 18:27:45,659 [pool-472-thread-1] INFO  server.RaftServerConfigKeys (ConfUtils.java:logGet(43)) - raft.server.storage.dir = [/workdir/hadoop-ozone/integration-test/target/test-dir/MiniOzoneClusterImpl-9a1dce89-8836-4893-b9ec-7edc085093e3/datanode-3/data/ratis] (custom)
2019-08-20 18:27:45,659 [pool-472-thread-1] INFO  storage.RaftStorageDirectory (RaftStorageDirectory.java:analyzeStorage(246)) - The storage directory /workdir/hadoop-ozone/integration-test/target/test-dir/MiniOzoneClusterImpl-9a1dce89-8836-4893-b9ec-7edc085093e3/datanode-3/data/ratis/5e117430-30c7-43f0-9499-3eb48b9ce895 does not exist. Creating ...
2019-08-20 18:27:45,672 [pool-472-thread-1] INFO  storage.RaftStorageDirectory (RaftStorageDirectory.java:tryLock(328)) - Lock on /workdir/hadoop-ozone/integration-test/target/test-dir/MiniOzoneClusterImpl-9a1dce89-8836-4893-b9ec-7edc085093e3/datanode-3/data/ratis/5e117430-30c7-43f0-9499-3eb48b9ce895/in_use.lock acquired by nodename 29610@pr-hdds-1753-5g2nl-2460324467
2019-08-20 18:27:45,685 [pool-472-thread-1] INFO  storage.RaftStorage (RaftStorage.java:format(72)) - Storage directory /workdir/hadoop-ozone/integration-test/target/test-dir/MiniOzoneClusterImpl-9a1dce89-8836-4893-b9ec-7edc085093e3/datanode-3/data/ratis/5e117430-30c7-43f0-9499-3eb48b9ce895 has been successfully formatted.
2019-08-20 18:27:45,686 [pool-472-thread-1] INFO  ratis.ContainerStateMachine (ContainerStateMachine.java:loadSnapshot(227)) - group-3EB48B9CE895: The snapshot info is null. Setting the last applied indexto:(t:0, i:~)
2019-08-20 18:27:45,686 [pool-472-thread-1] INFO  server.RaftServerConfigKeys (ConfUtils.java:logGet(43)) - raft.server.leader.election.timeout = 120s (custom)
2019-08-20 18:27:45,686 [pool-472-thread-1] INFO  server.RaftServerConfigKeys (ConfUtils.java:logGet(43)) - raft.server.log.use.memory = false (default)
2019-08-20 18:27:45,686 [pool-472-thread-1] INFO  server.RaftServerConfigKeys (ConfUtils.java:logGet(43)) - raft.server.log.purge.gap = 1000000 (custom)
2019-08-20 18:27:45,686 [pool-472-thread-1] INFO  server.RaftServerConfigKeys (ConfUtils.java:logGet(43)) - raft.server.log.appender.buffer.byte-limit = 33554432 (custom)
2019-08-20 18:27:45,687 [pool-472-thread-1] INFO  server.RaftServerConfigKeys (ConfUtils.java:logGet(43)) - raft.server.log.segment.size.max = 1048576 (custom)
2019-08-20 18:27:45,687 [pool-472-thread-1] INFO  server.RaftServerConfigKeys (ConfUtils.java:logGet(43)) - raft.server.log.segment.cache.num.max = 2 (custom)
2019-08-20 18:27:45,687 [pool-472-thread-1] INFO  segmented.SegmentedRaftLogWorker (SegmentedRaftLogWorker.java:<init>(172)) - new b81439af-67f0-46d4-9ea9-2a1de01bfb7b-SegmentedRaftLogWorker:Storage Directory /workdir/hadoop-ozone/integration-test/target/test-dir/MiniOzoneClusterImpl-9a1dce89-8836-4893-b9ec-7edc085093e3/datanode-3/data/ratis/5e117430-30c7-43f0-9499-3eb48b9ce895 for RaftStorage:Storage Directory /workdir/hadoop-ozone/integration-test/target/test-dir/MiniOzoneClusterImpl-9a1dce89-8836-4893-b9ec-7edc085093e3/datanode-3/data/ratis/5e117430-30c7-43f0-9499-3eb48b9ce895
2019-08-20 18:27:45,687 [pool-472-thread-1] INFO  server.RaftServerConfigKeys (ConfUtils.java:logGet(43)) - raft.server.log.queue.byte-limit = 2147483647 (custom)
2019-08-20 18:27:45,688 [pool-472-thread-1] INFO  server.RaftServerConfigKeys (ConfUtils.java:logGet(43)) - raft.server.log.queue.element-limit = 1024 (custom)
2019-08-20 18:27:45,688 [pool-472-thread-1] INFO  server.RaftServerConfigKeys (ConfUtils.java:logGet(43)) - raft.server.log.segment.size.max = 1048576 (custom)
2019-08-20 18:27:45,688 [pool-472-thread-1] INFO  server.RaftServerConfigKeys (ConfUtils.java:logGet(43)) - raft.server.log.preallocated.size = 16384 (custom)
2019-08-20 18:27:45,688 [pool-472-thread-1] INFO  server.RaftServerConfigKeys (ConfUtils.java:logGet(43)) - raft.server.log.write.buffer.size = 33554432 (custom)
2019-08-20 18:27:45,688 [pool-472-thread-1] INFO  server.RaftServerConfigKeys (ConfUtils.java:logGet(43)) - raft.server.log.force.sync.num = 128 (default)
2019-08-20 18:27:45,688 [pool-472-thread-1] INFO  server.RaftServerConfigKeys (ConfUtils.java:logGet(43)) - raft.server.log.statemachine.data.sync = true (default)
2019-08-20 18:27:45,689 [pool-472-thread-1] INFO  server.RaftServerConfigKeys (ConfUtils.java:logGet(43)) - raft.server.log.statemachine.data.sync.timeout = 10s (default)
2019-08-20 18:27:45,689 [pool-472-thread-1] INFO  server.RaftServerConfigKeys (ConfUtils.java:logGet(43)) - raft.server.log.statemachine.data.sync.timeout.retry = -1 (default)
2019-08-20 18:27:45,689 [pool-472-thread-1] INFO  server.RaftServerConfigKeys (ConfUtils.java:logGet(43)) - raft.server.log.statemachine.data.caching.enabled = true (custom)
2019-08-20 18:27:45,689 [pool-472-thread-1] INFO  segmented.SegmentedRaftLogWorker (SegmentedRaftLogWorker.java:lambda$new$0(132)) - b81439af-67f0-46d4-9ea9-2a1de01bfb7b-SegmentedRaftLogWorker:Storage Directory /workdir/hadoop-ozone/integration-test/target/test-dir/MiniOzoneClusterImpl-9a1dce89-8836-4893-b9ec-7edc085093e3/datanode-3/data/ratis/5e117430-30c7-43f0-9499-3eb48b9ce895: flushIndex: setUnconditionally 0 -> -1
2019-08-20 18:27:45,690 [pool-472-thread-1] INFO  server.RaftServerConfigKeys (ConfUtils.java:logGet(43)) - raft.server.snapshot.auto.trigger.enabled = true (custom)
2019-08-20 18:27:45,690 [pool-472-thread-1] INFO  server.RaftServerConfigKeys (ConfUtils.java:logGet(43)) - raft.server.snapshot.auto.trigger.threshold = 10000 (custom)
2019-08-20 18:27:45,690 [pool-472-thread-1] INFO  server.RaftServerConfigKeys (ConfUtils.java:logGet(43)) - raft.server.retrycache.expirytime = 600000ms (custom)
2019-08-20 18:27:45,690 [pool-472-thread-1] INFO  impl.RaftServerImpl (RaftServerImpl.java:start(180)) - b81439af-67f0-46d4-9ea9-2a1de01bfb7b: start group-3EB48B9CE895
2019-08-20 18:27:45,691 [pool-472-thread-1] INFO  impl.RaftServerImpl (RaftServerImpl.java:setRole(171)) - b81439af-67f0-46d4-9ea9-2a1de01bfb7b:group-3EB48B9CE895 changes role from null to FOLLOWER at term 0 for startAsFollower
2019-08-20 18:27:45,691 [pool-472-thread-1] INFO  impl.RoleInfo (RoleInfo.java:updateAndGet(143)) - b81439af-67f0-46d4-9ea9-2a1de01bfb7b: start FollowerState
2019-08-20 18:27:45,691 [pool-472-thread-1] INFO  util.JmxRegister (JmxRegister.java:tryRegister(44)) - Successfully registered JMX Bean with object name Ratis:service=RaftServer,group=group-3EB48B9CE895,id=b81439af-67f0-46d4-9ea9-2a1de01bfb7b
2019-08-20 18:27:45,696 [RatisPipelineUtilsThread] INFO  pipeline.PipelineStateManager (PipelineStateManager.java:addPipeline(56)) - Created pipeline Pipeline[ Id: 5e117430-30c7-43f0-9499-3eb48b9ce895, Nodes: b81439af-67f0-46d4-9ea9-2a1de01bfb7b{ip: 192.168.5.186, host: pr-hdds-1753-5g2nl-2460324467, networkLocation: /default-rack, certSerialId: null}, Type:RATIS, Factor:ONE, State:OPEN]
2019-08-20 18:27:46,087 [IPC Server handler 4 on 42371] INFO  net.NetworkTopology (NetworkTopologyImpl.java:add(110)) - Added a new node: /default-rack/0330fd69-8ead-45d6-95d3-ef0ad53800cd
2019-08-20 18:27:46,088 [IPC Server handler 4 on 42371] INFO  node.SCMNodeManager (SCMNodeManager.java:register(273)) - Registered Data node : 0330fd69-8ead-45d6-95d3-ef0ad53800cd{ip: 192.168.5.186, host: pr-hdds-1753-5g2nl-2460324467, networkLocation: /default-rack, certSerialId: null}
2019-08-20 18:27:46,092 | INFO  | SCMAudit | user=jenkins1000 | ip=192.168.5.186 | op=REGISTER {datanodeDetails=0330fd69-8ead-45d6-95d3-ef0ad53800cd{ip: 192.168.5.186, host: pr-hdds-1753-5g2nl-2460324467, networkLocation: /default-rack, certSerialId: null}} | ret=SUCCESS |  
2019-08-20 18:27:46,099 [grpc-default-executor-5] INFO  impl.RaftServerProxy (RaftServerProxy.java:addNew(89)) - 0330fd69-8ead-45d6-95d3-ef0ad53800cd: addNew group-839C8DDC001A:[0330fd69-8ead-45d6-95d3-ef0ad53800cd:192.168.5.186:39049] returns group-839C8DDC001A:java.util.concurrent.CompletableFuture@1bfe1b84[Not completed]
2019-08-20 18:27:46,100 [pool-483-thread-1] INFO  impl.RaftServerImpl (RaftServerImpl.java:<init>(93)) - 0330fd69-8ead-45d6-95d3-ef0ad53800cd: new RaftServerImpl for group-839C8DDC001A:[0330fd69-8ead-45d6-95d3-ef0ad53800cd:192.168.5.186:39049] with ContainerStateMachine:uninitialized
2019-08-20 18:27:46,101 [pool-483-thread-1] INFO  server.RaftServerConfigKeys (ConfUtils.java:logGet(43)) - raft.server.rpc.timeout.min = 5s (custom)
2019-08-20 18:27:46,101 [pool-483-thread-1] INFO  server.RaftServerConfigKeys (ConfUtils.java:logGet(43)) - raft.server.rpc.timeout.max = 5200ms (custom)
2019-08-20 18:27:46,101 [pool-483-thread-1] INFO  server.RaftServerConfigKeys (ConfUtils.java:logGet(43)) - raft.server.rpcslowness.timeout = 120s (custom)
2019-08-20 18:27:46,101 [pool-483-thread-1] INFO  server.RaftServerConfigKeys (ConfUtils.java:logGet(43)) - raft.server.sleep.deviation.threshold = 300 (default)
2019-08-20 18:27:46,101 [pool-483-thread-1] INFO  server.RaftServerConfigKeys (ConfUtils.java:logGet(43)) - raft.server.log.appender.install.snapshot.enabled = false (custom)
2019-08-20 18:27:46,101 [pool-483-thread-1] INFO  impl.RaftServerImpl (ServerState.java:<init>(105)) - 0330fd69-8ead-45d6-95d3-ef0ad53800cd:group-839C8DDC001A ConfigurationManager, init=-1: [0330fd69-8ead-45d6-95d3-ef0ad53800cd:192.168.5.186:39049], old=null, confs=<EMPTY_MAP>
2019-08-20 18:27:46,102 [pool-483-thread-1] INFO  server.RaftServerConfigKeys (ConfUtils.java:logGet(43)) - raft.server.storage.dir = [/workdir/hadoop-ozone/integration-test/target/test-dir/MiniOzoneClusterImpl-9a1dce89-8836-4893-b9ec-7edc085093e3/datanode-4/data/ratis] (custom)
2019-08-20 18:27:46,102 [pool-483-thread-1] INFO  storage.RaftStorageDirectory (RaftStorageDirectory.java:analyzeStorage(246)) - The storage directory /workdir/hadoop-ozone/integration-test/target/test-dir/MiniOzoneClusterImpl-9a1dce89-8836-4893-b9ec-7edc085093e3/datanode-4/data/ratis/5bb85a75-9fa1-42cf-a8b4-839c8ddc001a does not exist. Creating ...
2019-08-20 18:27:46,115 [pool-483-thread-1] INFO  storage.RaftStorageDirectory (RaftStorageDirectory.java:tryLock(328)) - Lock on /workdir/hadoop-ozone/integration-test/target/test-dir/MiniOzoneClusterImpl-9a1dce89-8836-4893-b9ec-7edc085093e3/datanode-4/data/ratis/5bb85a75-9fa1-42cf-a8b4-839c8ddc001a/in_use.lock acquired by nodename 29610@pr-hdds-1753-5g2nl-2460324467
2019-08-20 18:27:46,128 [pool-483-thread-1] INFO  storage.RaftStorage (RaftStorage.java:format(72)) - Storage directory /workdir/hadoop-ozone/integration-test/target/test-dir/MiniOzoneClusterImpl-9a1dce89-8836-4893-b9ec-7edc085093e3/datanode-4/data/ratis/5bb85a75-9fa1-42cf-a8b4-839c8ddc001a has been successfully formatted.
2019-08-20 18:27:46,128 [pool-483-thread-1] INFO  ratis.ContainerStateMachine (ContainerStateMachine.java:loadSnapshot(227)) - group-839C8DDC001A: The snapshot info is null. Setting the last applied indexto:(t:0, i:~)
2019-08-20 18:27:46,128 [pool-483-thread-1] INFO  server.RaftServerConfigKeys (ConfUtils.java:logGet(43)) - raft.server.leader.election.timeout = 120s (custom)
2019-08-20 18:27:46,129 [pool-483-thread-1] INFO  server.RaftServerConfigKeys (ConfUtils.java:logGet(43)) - raft.server.log.use.memory = false (default)
2019-08-20 18:27:46,129 [pool-483-thread-1] INFO  server.RaftServerConfigKeys (ConfUtils.java:logGet(43)) - raft.server.log.purge.gap = 1000000 (custom)
2019-08-20 18:27:46,129 [pool-483-thread-1] INFO  server.RaftServerConfigKeys (ConfUtils.java:logGet(43)) - raft.server.log.appender.buffer.byte-limit = 33554432 (custom)
2019-08-20 18:27:46,129 [pool-483-thread-1] INFO  server.RaftServerConfigKeys (ConfUtils.java:logGet(43)) - raft.server.log.segment.size.max = 1048576 (custom)
2019-08-20 18:27:46,129 [pool-483-thread-1] INFO  server.RaftServerConfigKeys (ConfUtils.java:logGet(43)) - raft.server.log.segment.cache.num.max = 2 (custom)
2019-08-20 18:27:46,129 [pool-483-thread-1] INFO  segmented.SegmentedRaftLogWorker (SegmentedRaftLogWorker.java:<init>(172)) - new 0330fd69-8ead-45d6-95d3-ef0ad53800cd-SegmentedRaftLogWorker:Storage Directory /workdir/hadoop-ozone/integration-test/target/test-dir/MiniOzoneClusterImpl-9a1dce89-8836-4893-b9ec-7edc085093e3/datanode-4/data/ratis/5bb85a75-9fa1-42cf-a8b4-839c8ddc001a for RaftStorage:Storage Directory /workdir/hadoop-ozone/integration-test/target/test-dir/MiniOzoneClusterImpl-9a1dce89-8836-4893-b9ec-7edc085093e3/datanode-4/data/ratis/5bb85a75-9fa1-42cf-a8b4-839c8ddc001a
2019-08-20 18:27:46,130 [pool-483-thread-1] INFO  server.RaftServerConfigKeys (ConfUtils.java:logGet(43)) - raft.server.log.queue.byte-limit = 2147483647 (custom)
2019-08-20 18:27:46,130 [pool-483-thread-1] INFO  server.RaftServerConfigKeys (ConfUtils.java:logGet(43)) - raft.server.log.queue.element-limit = 1024 (custom)
2019-08-20 18:27:46,130 [pool-483-thread-1] INFO  server.RaftServerConfigKeys (ConfUtils.java:logGet(43)) - raft.server.log.segment.size.max = 1048576 (custom)
2019-08-20 18:27:46,130 [pool-483-thread-1] INFO  server.RaftServerConfigKeys (ConfUtils.java:logGet(43)) - raft.server.log.preallocated.size = 16384 (custom)
2019-08-20 18:27:46,130 [pool-483-thread-1] INFO  server.RaftServerConfigKeys (ConfUtils.java:logGet(43)) - raft.server.log.write.buffer.size = 33554432 (custom)
2019-08-20 18:27:46,131 [pool-483-thread-1] INFO  server.RaftServerConfigKeys (ConfUtils.java:logGet(43)) - raft.server.log.force.sync.num = 128 (default)
2019-08-20 18:27:46,131 [pool-483-thread-1] INFO  server.RaftServerConfigKeys (ConfUtils.java:logGet(43)) - raft.server.log.statemachine.data.sync = true (default)
2019-08-20 18:27:46,131 [pool-483-thread-1] INFO  server.RaftServerConfigKeys (ConfUtils.java:logGet(43)) - raft.server.log.statemachine.data.sync.timeout = 10s (default)
2019-08-20 18:27:46,131 [pool-483-thread-1] INFO  server.RaftServerConfigKeys (ConfUtils.java:logGet(43)) - raft.server.log.statemachine.data.sync.timeout.retry = -1 (default)
2019-08-20 18:27:46,131 [pool-483-thread-1] INFO  server.RaftServerConfigKeys (ConfUtils.java:logGet(43)) - raft.server.log.statemachine.data.caching.enabled = true (custom)
2019-08-20 18:27:46,132 [pool-483-thread-1] INFO  segmented.SegmentedRaftLogWorker (SegmentedRaftLogWorker.java:lambda$new$0(132)) - 0330fd69-8ead-45d6-95d3-ef0ad53800cd-SegmentedRaftLogWorker:Storage Directory /workdir/hadoop-ozone/integration-test/target/test-dir/MiniOzoneClusterImpl-9a1dce89-8836-4893-b9ec-7edc085093e3/datanode-4/data/ratis/5bb85a75-9fa1-42cf-a8b4-839c8ddc001a: flushIndex: setUnconditionally 0 -> -1
2019-08-20 18:27:46,132 [pool-483-thread-1] INFO  server.RaftServerConfigKeys (ConfUtils.java:logGet(43)) - raft.server.snapshot.auto.trigger.enabled = true (custom)
2019-08-20 18:27:46,132 [pool-483-thread-1] INFO  server.RaftServerConfigKeys (ConfUtils.java:logGet(43)) - raft.server.snapshot.auto.trigger.threshold = 10000 (custom)
2019-08-20 18:27:46,133 [pool-483-thread-1] INFO  server.RaftServerConfigKeys (ConfUtils.java:logGet(43)) - raft.server.retrycache.expirytime = 600000ms (custom)
2019-08-20 18:27:46,133 [pool-483-thread-1] INFO  impl.RaftServerImpl (RaftServerImpl.java:start(180)) - 0330fd69-8ead-45d6-95d3-ef0ad53800cd: start group-839C8DDC001A
2019-08-20 18:27:46,133 [pool-483-thread-1] INFO  impl.RaftServerImpl (RaftServerImpl.java:setRole(171)) - 0330fd69-8ead-45d6-95d3-ef0ad53800cd:group-839C8DDC001A changes role from null to FOLLOWER at term 0 for startAsFollower
2019-08-20 18:27:46,133 [pool-483-thread-1] INFO  impl.RoleInfo (RoleInfo.java:updateAndGet(143)) - 0330fd69-8ead-45d6-95d3-ef0ad53800cd: start FollowerState
2019-08-20 18:27:46,134 [pool-483-thread-1] INFO  util.JmxRegister (JmxRegister.java:tryRegister(44)) - Successfully registered JMX Bean with object name Ratis:service=RaftServer,group=group-839C8DDC001A,id=0330fd69-8ead-45d6-95d3-ef0ad53800cd
2019-08-20 18:27:46,139 [RatisPipelineUtilsThread] INFO  pipeline.PipelineStateManager (PipelineStateManager.java:addPipeline(56)) - Created pipeline Pipeline[ Id: 5bb85a75-9fa1-42cf-a8b4-839c8ddc001a, Nodes: 0330fd69-8ead-45d6-95d3-ef0ad53800cd{ip: 192.168.5.186, host: pr-hdds-1753-5g2nl-2460324467, networkLocation: /default-rack, certSerialId: null}, Type:RATIS, Factor:ONE, State:OPEN]
2019-08-20 18:27:46,266 [IPC Server handler 2 on 42371] INFO  net.NetworkTopology (NetworkTopologyImpl.java:add(110)) - Added a new node: /default-rack/b8907872-efa4-4493-acc5-388a2f6162ac
2019-08-20 18:27:46,266 [IPC Server handler 2 on 42371] INFO  node.SCMNodeManager (SCMNodeManager.java:register(273)) - Registered Data node : b8907872-efa4-4493-acc5-388a2f6162ac{ip: 192.168.5.186, host: pr-hdds-1753-5g2nl-2460324467, networkLocation: /default-rack, certSerialId: null}
2019-08-20 18:27:46,266 | INFO  | SCMAudit | user=jenkins1000 | ip=192.168.5.186 | op=REGISTER {datanodeDetails=b8907872-efa4-4493-acc5-388a2f6162ac{ip: 192.168.5.186, host: pr-hdds-1753-5g2nl-2460324467, networkLocation: /default-rack, certSerialId: null}} | ret=SUCCESS |  
2019-08-20 18:27:46,273 [grpc-default-executor-5] INFO  impl.RaftServerProxy (RaftServerProxy.java:addNew(89)) - b8907872-efa4-4493-acc5-388a2f6162ac: addNew group-DE5B9DF39E7A:[b8907872-efa4-4493-acc5-388a2f6162ac:192.168.5.186:43646] returns group-DE5B9DF39E7A:java.util.concurrent.CompletableFuture@55fddecf[Not completed]
2019-08-20 18:27:46,274 [pool-494-thread-1] INFO  impl.RaftServerImpl (RaftServerImpl.java:<init>(93)) - b8907872-efa4-4493-acc5-388a2f6162ac: new RaftServerImpl for group-DE5B9DF39E7A:[b8907872-efa4-4493-acc5-388a2f6162ac:192.168.5.186:43646] with ContainerStateMachine:uninitialized
2019-08-20 18:27:46,274 [pool-494-thread-1] INFO  server.RaftServerConfigKeys (ConfUtils.java:logGet(43)) - raft.server.rpc.timeout.min = 5s (custom)
2019-08-20 18:27:46,274 [pool-494-thread-1] INFO  server.RaftServerConfigKeys (ConfUtils.java:logGet(43)) - raft.server.rpc.timeout.max = 5200ms (custom)
2019-08-20 18:27:46,274 [pool-494-thread-1] INFO  server.RaftServerConfigKeys (ConfUtils.java:logGet(43)) - raft.server.rpcslowness.timeout = 120s (custom)
2019-08-20 18:27:46,275 [pool-494-thread-1] INFO  server.RaftServerConfigKeys (ConfUtils.java:logGet(43)) - raft.server.sleep.deviation.threshold = 300 (default)
2019-08-20 18:27:46,275 [pool-494-thread-1] INFO  server.RaftServerConfigKeys (ConfUtils.java:logGet(43)) - raft.server.log.appender.install.snapshot.enabled = false (custom)
2019-08-20 18:27:46,275 [pool-494-thread-1] INFO  impl.RaftServerImpl (ServerState.java:<init>(105)) - b8907872-efa4-4493-acc5-388a2f6162ac:group-DE5B9DF39E7A ConfigurationManager, init=-1: [b8907872-efa4-4493-acc5-388a2f6162ac:192.168.5.186:43646], old=null, confs=<EMPTY_MAP>
2019-08-20 18:27:46,275 [pool-494-thread-1] INFO  server.RaftServerConfigKeys (ConfUtils.java:logGet(43)) - raft.server.storage.dir = [/workdir/hadoop-ozone/integration-test/target/test-dir/MiniOzoneClusterImpl-9a1dce89-8836-4893-b9ec-7edc085093e3/datanode-5/data/ratis] (custom)
2019-08-20 18:27:46,276 [pool-494-thread-1] INFO  storage.RaftStorageDirectory (RaftStorageDirectory.java:analyzeStorage(246)) - The storage directory /workdir/hadoop-ozone/integration-test/target/test-dir/MiniOzoneClusterImpl-9a1dce89-8836-4893-b9ec-7edc085093e3/datanode-5/data/ratis/94646cf4-49df-49a1-b4f5-de5b9df39e7a does not exist. Creating ...
2019-08-20 18:27:46,289 [pool-494-thread-1] INFO  storage.RaftStorageDirectory (RaftStorageDirectory.java:tryLock(328)) - Lock on /workdir/hadoop-ozone/integration-test/target/test-dir/MiniOzoneClusterImpl-9a1dce89-8836-4893-b9ec-7edc085093e3/datanode-5/data/ratis/94646cf4-49df-49a1-b4f5-de5b9df39e7a/in_use.lock acquired by nodename 29610@pr-hdds-1753-5g2nl-2460324467
2019-08-20 18:27:46,302 [pool-494-thread-1] INFO  storage.RaftStorage (RaftStorage.java:format(72)) - Storage directory /workdir/hadoop-ozone/integration-test/target/test-dir/MiniOzoneClusterImpl-9a1dce89-8836-4893-b9ec-7edc085093e3/datanode-5/data/ratis/94646cf4-49df-49a1-b4f5-de5b9df39e7a has been successfully formatted.
2019-08-20 18:27:46,302 [pool-494-thread-1] INFO  ratis.ContainerStateMachine (ContainerStateMachine.java:loadSnapshot(227)) - group-DE5B9DF39E7A: The snapshot info is null. Setting the last applied indexto:(t:0, i:~)
2019-08-20 18:27:46,303 [pool-494-thread-1] INFO  server.RaftServerConfigKeys (ConfUtils.java:logGet(43)) - raft.server.leader.election.timeout = 120s (custom)
2019-08-20 18:27:46,303 [pool-494-thread-1] INFO  server.RaftServerConfigKeys (ConfUtils.java:logGet(43)) - raft.server.log.use.memory = false (default)
2019-08-20 18:27:46,303 [pool-494-thread-1] INFO  server.RaftServerConfigKeys (ConfUtils.java:logGet(43)) - raft.server.log.purge.gap = 1000000 (custom)
2019-08-20 18:27:46,303 [pool-494-thread-1] INFO  server.RaftServerConfigKeys (ConfUtils.java:logGet(43)) - raft.server.log.appender.buffer.byte-limit = 33554432 (custom)
2019-08-20 18:27:46,303 [pool-494-thread-1] INFO  server.RaftServerConfigKeys (ConfUtils.java:logGet(43)) - raft.server.log.segment.size.max = 1048576 (custom)
2019-08-20 18:27:46,303 [pool-494-thread-1] INFO  server.RaftServerConfigKeys (ConfUtils.java:logGet(43)) - raft.server.log.segment.cache.num.max = 2 (custom)
2019-08-20 18:27:46,304 [pool-494-thread-1] INFO  segmented.SegmentedRaftLogWorker (SegmentedRaftLogWorker.java:<init>(172)) - new b8907872-efa4-4493-acc5-388a2f6162ac-SegmentedRaftLogWorker:Storage Directory /workdir/hadoop-ozone/integration-test/target/test-dir/MiniOzoneClusterImpl-9a1dce89-8836-4893-b9ec-7edc085093e3/datanode-5/data/ratis/94646cf4-49df-49a1-b4f5-de5b9df39e7a for RaftStorage:Storage Directory /workdir/hadoop-ozone/integration-test/target/test-dir/MiniOzoneClusterImpl-9a1dce89-8836-4893-b9ec-7edc085093e3/datanode-5/data/ratis/94646cf4-49df-49a1-b4f5-de5b9df39e7a
2019-08-20 18:27:46,304 [pool-494-thread-1] INFO  server.RaftServerConfigKeys (ConfUtils.java:logGet(43)) - raft.server.log.queue.byte-limit = 2147483647 (custom)
2019-08-20 18:27:46,304 [pool-494-thread-1] INFO  server.RaftServerConfigKeys (ConfUtils.java:logGet(43)) - raft.server.log.queue.element-limit = 1024 (custom)
2019-08-20 18:27:46,304 [pool-494-thread-1] INFO  server.RaftServerConfigKeys (ConfUtils.java:logGet(43)) - raft.server.log.segment.size.max = 1048576 (custom)
2019-08-20 18:27:46,304 [pool-494-thread-1] INFO  server.RaftServerConfigKeys (ConfUtils.java:logGet(43)) - raft.server.log.preallocated.size = 16384 (custom)
2019-08-20 18:27:46,305 [pool-494-thread-1] INFO  server.RaftServerConfigKeys (ConfUtils.java:logGet(43)) - raft.server.log.write.buffer.size = 33554432 (custom)
2019-08-20 18:27:46,305 [pool-494-thread-1] INFO  server.RaftServerConfigKeys (ConfUtils.java:logGet(43)) - raft.server.log.force.sync.num = 128 (default)
2019-08-20 18:27:46,305 [pool-494-thread-1] INFO  server.RaftServerConfigKeys (ConfUtils.java:logGet(43)) - raft.server.log.statemachine.data.sync = true (default)
2019-08-20 18:27:46,305 [pool-494-thread-1] INFO  server.RaftServerConfigKeys (ConfUtils.java:logGet(43)) - raft.server.log.statemachine.data.sync.timeout = 10s (default)
2019-08-20 18:27:46,305 [pool-494-thread-1] INFO  server.RaftServerConfigKeys (ConfUtils.java:logGet(43)) - raft.server.log.statemachine.data.sync.timeout.retry = -1 (default)
2019-08-20 18:27:46,306 [pool-494-thread-1] INFO  server.RaftServerConfigKeys (ConfUtils.java:logGet(43)) - raft.server.log.statemachine.data.caching.enabled = true (custom)
2019-08-20 18:27:46,306 [pool-494-thread-1] INFO  segmented.SegmentedRaftLogWorker (SegmentedRaftLogWorker.java:lambda$new$0(132)) - b8907872-efa4-4493-acc5-388a2f6162ac-SegmentedRaftLogWorker:Storage Directory /workdir/hadoop-ozone/integration-test/target/test-dir/MiniOzoneClusterImpl-9a1dce89-8836-4893-b9ec-7edc085093e3/datanode-5/data/ratis/94646cf4-49df-49a1-b4f5-de5b9df39e7a: flushIndex: setUnconditionally 0 -> -1
2019-08-20 18:27:46,306 [pool-494-thread-1] INFO  server.RaftServerConfigKeys (ConfUtils.java:logGet(43)) - raft.server.snapshot.auto.trigger.enabled = true (custom)
2019-08-20 18:27:46,306 [pool-494-thread-1] INFO  server.RaftServerConfigKeys (ConfUtils.java:logGet(43)) - raft.server.snapshot.auto.trigger.threshold = 10000 (custom)
2019-08-20 18:27:46,307 [pool-494-thread-1] INFO  server.RaftServerConfigKeys (ConfUtils.java:logGet(43)) - raft.server.retrycache.expirytime = 600000ms (custom)
2019-08-20 18:27:46,307 [pool-494-thread-1] INFO  impl.RaftServerImpl (RaftServerImpl.java:start(180)) - b8907872-efa4-4493-acc5-388a2f6162ac: start group-DE5B9DF39E7A
2019-08-20 18:27:46,307 [pool-494-thread-1] INFO  impl.RaftServerImpl (RaftServerImpl.java:setRole(171)) - b8907872-efa4-4493-acc5-388a2f6162ac:group-DE5B9DF39E7A changes role from null to FOLLOWER at term 0 for startAsFollower
2019-08-20 18:27:46,307 [pool-494-thread-1] INFO  impl.RoleInfo (RoleInfo.java:updateAndGet(143)) - b8907872-efa4-4493-acc5-388a2f6162ac: start FollowerState
2019-08-20 18:27:46,308 [pool-494-thread-1] INFO  util.JmxRegister (JmxRegister.java:tryRegister(44)) - Successfully registered JMX Bean with object name Ratis:service=RaftServer,group=group-DE5B9DF39E7A,id=b8907872-efa4-4493-acc5-388a2f6162ac
2019-08-20 18:27:46,312 [RatisPipelineUtilsThread] INFO  pipeline.PipelineStateManager (PipelineStateManager.java:addPipeline(56)) - Created pipeline Pipeline[ Id: 94646cf4-49df-49a1-b4f5-de5b9df39e7a, Nodes: b8907872-efa4-4493-acc5-388a2f6162ac{ip: 192.168.5.186, host: pr-hdds-1753-5g2nl-2460324467, networkLocation: /default-rack, certSerialId: null}, Type:RATIS, Factor:ONE, State:OPEN]
2019-08-20 18:27:46,325 [grpc-default-executor-5] INFO  impl.RaftServerProxy (RaftServerProxy.java:addNew(89)) - b8907872-efa4-4493-acc5-388a2f6162ac: addNew group-F96715C59315:[b81439af-67f0-46d4-9ea9-2a1de01bfb7b:192.168.5.186:37071, b8907872-efa4-4493-acc5-388a2f6162ac:192.168.5.186:43646, 0330fd69-8ead-45d6-95d3-ef0ad53800cd:192.168.5.186:39049] returns group-F96715C59315:java.util.concurrent.CompletableFuture@4d2a1183[Not completed]
2019-08-20 18:27:46,325 [grpc-default-executor-6] INFO  impl.RaftServerProxy (RaftServerProxy.java:addNew(89)) - b81439af-67f0-46d4-9ea9-2a1de01bfb7b: addNew group-F96715C59315:[b81439af-67f0-46d4-9ea9-2a1de01bfb7b:192.168.5.186:37071, b8907872-efa4-4493-acc5-388a2f6162ac:192.168.5.186:43646, 0330fd69-8ead-45d6-95d3-ef0ad53800cd:192.168.5.186:39049] returns group-F96715C59315:java.util.concurrent.CompletableFuture@353cc085[Not completed]
2019-08-20 18:27:46,325 [grpc-default-executor-3] INFO  impl.RaftServerProxy (RaftServerProxy.java:addNew(89)) - 0330fd69-8ead-45d6-95d3-ef0ad53800cd: addNew group-F96715C59315:[b81439af-67f0-46d4-9ea9-2a1de01bfb7b:192.168.5.186:37071, b8907872-efa4-4493-acc5-388a2f6162ac:192.168.5.186:43646, 0330fd69-8ead-45d6-95d3-ef0ad53800cd:192.168.5.186:39049] returns group-F96715C59315:java.util.concurrent.CompletableFuture@5c253ed0[Not completed]
2019-08-20 18:27:46,326 [pool-494-thread-1] INFO  impl.RaftServerImpl (RaftServerImpl.java:<init>(93)) - b8907872-efa4-4493-acc5-388a2f6162ac: new RaftServerImpl for group-F96715C59315:[b81439af-67f0-46d4-9ea9-2a1de01bfb7b:192.168.5.186:37071, b8907872-efa4-4493-acc5-388a2f6162ac:192.168.5.186:43646, 0330fd69-8ead-45d6-95d3-ef0ad53800cd:192.168.5.186:39049] with ContainerStateMachine:uninitialized
2019-08-20 18:27:46,326 [pool-494-thread-1] INFO  server.RaftServerConfigKeys (ConfUtils.java:logGet(43)) - raft.server.rpc.timeout.min = 5s (custom)
2019-08-20 18:27:46,326 [pool-494-thread-1] INFO  server.RaftServerConfigKeys (ConfUtils.java:logGet(43)) - raft.server.rpc.timeout.max = 5200ms (custom)
2019-08-20 18:27:46,327 [pool-494-thread-1] INFO  server.RaftServerConfigKeys (ConfUtils.java:logGet(43)) - raft.server.rpcslowness.timeout = 120s (custom)
2019-08-20 18:27:46,327 [pool-494-thread-1] INFO  server.RaftServerConfigKeys (ConfUtils.java:logGet(43)) - raft.server.sleep.deviation.threshold = 300 (default)
2019-08-20 18:27:46,327 [pool-472-thread-1] INFO  impl.RaftServerImpl (RaftServerImpl.java:<init>(93)) - b81439af-67f0-46d4-9ea9-2a1de01bfb7b: new RaftServerImpl for group-F96715C59315:[b81439af-67f0-46d4-9ea9-2a1de01bfb7b:192.168.5.186:37071, b8907872-efa4-4493-acc5-388a2f6162ac:192.168.5.186:43646, 0330fd69-8ead-45d6-95d3-ef0ad53800cd:192.168.5.186:39049] with ContainerStateMachine:uninitialized
2019-08-20 18:27:46,327 [pool-494-thread-1] INFO  server.RaftServerConfigKeys (ConfUtils.java:logGet(43)) - raft.server.log.appender.install.snapshot.enabled = false (custom)
2019-08-20 18:27:46,327 [pool-472-thread-1] INFO  server.RaftServerConfigKeys (ConfUtils.java:logGet(43)) - raft.server.rpc.timeout.min = 5s (custom)
2019-08-20 18:27:46,327 [pool-483-thread-1] INFO  impl.RaftServerImpl (RaftServerImpl.java:<init>(93)) - 0330fd69-8ead-45d6-95d3-ef0ad53800cd: new RaftServerImpl for group-F96715C59315:[b81439af-67f0-46d4-9ea9-2a1de01bfb7b:192.168.5.186:37071, b8907872-efa4-4493-acc5-388a2f6162ac:192.168.5.186:43646, 0330fd69-8ead-45d6-95d3-ef0ad53800cd:192.168.5.186:39049] with ContainerStateMachine:uninitialized
2019-08-20 18:27:46,327 [pool-494-thread-1] INFO  impl.RaftServerImpl (ServerState.java:<init>(105)) - b8907872-efa4-4493-acc5-388a2f6162ac:group-F96715C59315 ConfigurationManager, init=-1: [b81439af-67f0-46d4-9ea9-2a1de01bfb7b:192.168.5.186:37071, b8907872-efa4-4493-acc5-388a2f6162ac:192.168.5.186:43646, 0330fd69-8ead-45d6-95d3-ef0ad53800cd:192.168.5.186:39049], old=null, confs=<EMPTY_MAP>
2019-08-20 18:27:46,328 [pool-483-thread-1] INFO  server.RaftServerConfigKeys (ConfUtils.java:logGet(43)) - raft.server.rpc.timeout.min = 5s (custom)
2019-08-20 18:27:46,328 [pool-483-thread-1] INFO  server.RaftServerConfigKeys (ConfUtils.java:logGet(43)) - raft.server.rpc.timeout.max = 5200ms (custom)
2019-08-20 18:27:46,327 [pool-472-thread-1] INFO  server.RaftServerConfigKeys (ConfUtils.java:logGet(43)) - raft.server.rpc.timeout.max = 5200ms (custom)
2019-08-20 18:27:46,328 [pool-483-thread-1] INFO  server.RaftServerConfigKeys (ConfUtils.java:logGet(43)) - raft.server.rpcslowness.timeout = 120s (custom)
2019-08-20 18:27:46,328 [pool-483-thread-1] INFO  server.RaftServerConfigKeys (ConfUtils.java:logGet(43)) - raft.server.sleep.deviation.threshold = 300 (default)
2019-08-20 18:27:46,328 [pool-494-thread-1] INFO  server.RaftServerConfigKeys (ConfUtils.java:logGet(43)) - raft.server.storage.dir = [/workdir/hadoop-ozone/integration-test/target/test-dir/MiniOzoneClusterImpl-9a1dce89-8836-4893-b9ec-7edc085093e3/datanode-5/data/ratis] (custom)
2019-08-20 18:27:46,328 [pool-483-thread-1] INFO  server.RaftServerConfigKeys (ConfUtils.java:logGet(43)) - raft.server.log.appender.install.snapshot.enabled = false (custom)
2019-08-20 18:27:46,328 [pool-472-thread-1] INFO  server.RaftServerConfigKeys (ConfUtils.java:logGet(43)) - raft.server.rpcslowness.timeout = 120s (custom)
2019-08-20 18:27:46,329 [pool-494-thread-1] INFO  storage.RaftStorageDirectory (RaftStorageDirectory.java:analyzeStorage(246)) - The storage directory /workdir/hadoop-ozone/integration-test/target/test-dir/MiniOzoneClusterImpl-9a1dce89-8836-4893-b9ec-7edc085093e3/datanode-5/data/ratis/614e5141-bdf3-4559-8dbb-f96715c59315 does not exist. Creating ...
2019-08-20 18:27:46,329 [pool-483-thread-1] INFO  impl.RaftServerImpl (ServerState.java:<init>(105)) - 0330fd69-8ead-45d6-95d3-ef0ad53800cd:group-F96715C59315 ConfigurationManager, init=-1: [b81439af-67f0-46d4-9ea9-2a1de01bfb7b:192.168.5.186:37071, b8907872-efa4-4493-acc5-388a2f6162ac:192.168.5.186:43646, 0330fd69-8ead-45d6-95d3-ef0ad53800cd:192.168.5.186:39049], old=null, confs=<EMPTY_MAP>
2019-08-20 18:27:46,329 [pool-472-thread-1] INFO  server.RaftServerConfigKeys (ConfUtils.java:logGet(43)) - raft.server.sleep.deviation.threshold = 300 (default)
2019-08-20 18:27:46,329 [pool-483-thread-1] INFO  server.RaftServerConfigKeys (ConfUtils.java:logGet(43)) - raft.server.storage.dir = [/workdir/hadoop-ozone/integration-test/target/test-dir/MiniOzoneClusterImpl-9a1dce89-8836-4893-b9ec-7edc085093e3/datanode-4/data/ratis] (custom)
2019-08-20 18:27:46,329 [pool-472-thread-1] INFO  server.RaftServerConfigKeys (ConfUtils.java:logGet(43)) - raft.server.log.appender.install.snapshot.enabled = false (custom)
2019-08-20 18:27:46,330 [pool-472-thread-1] INFO  impl.RaftServerImpl (ServerState.java:<init>(105)) - b81439af-67f0-46d4-9ea9-2a1de01bfb7b:group-F96715C59315 ConfigurationManager, init=-1: [b81439af-67f0-46d4-9ea9-2a1de01bfb7b:192.168.5.186:37071, b8907872-efa4-4493-acc5-388a2f6162ac:192.168.5.186:43646, 0330fd69-8ead-45d6-95d3-ef0ad53800cd:192.168.5.186:39049], old=null, confs=<EMPTY_MAP>
2019-08-20 18:27:46,330 [pool-483-thread-1] INFO  storage.RaftStorageDirectory (RaftStorageDirectory.java:analyzeStorage(246)) - The storage directory /workdir/hadoop-ozone/integration-test/target/test-dir/MiniOzoneClusterImpl-9a1dce89-8836-4893-b9ec-7edc085093e3/datanode-4/data/ratis/614e5141-bdf3-4559-8dbb-f96715c59315 does not exist. Creating ...
2019-08-20 18:27:46,330 [pool-472-thread-1] INFO  server.RaftServerConfigKeys (ConfUtils.java:logGet(43)) - raft.server.storage.dir = [/workdir/hadoop-ozone/integration-test/target/test-dir/MiniOzoneClusterImpl-9a1dce89-8836-4893-b9ec-7edc085093e3/datanode-3/data/ratis] (custom)
2019-08-20 18:27:46,331 [pool-472-thread-1] INFO  storage.RaftStorageDirectory (RaftStorageDirectory.java:analyzeStorage(246)) - The storage directory /workdir/hadoop-ozone/integration-test/target/test-dir/MiniOzoneClusterImpl-9a1dce89-8836-4893-b9ec-7edc085093e3/datanode-3/data/ratis/614e5141-bdf3-4559-8dbb-f96715c59315 does not exist. Creating ...
2019-08-20 18:27:46,342 [pool-472-thread-1] INFO  storage.RaftStorageDirectory (RaftStorageDirectory.java:tryLock(328)) - Lock on /workdir/hadoop-ozone/integration-test/target/test-dir/MiniOzoneClusterImpl-9a1dce89-8836-4893-b9ec-7edc085093e3/datanode-3/data/ratis/614e5141-bdf3-4559-8dbb-f96715c59315/in_use.lock acquired by nodename 29610@pr-hdds-1753-5g2nl-2460324467
2019-08-20 18:27:46,342 [pool-483-thread-1] INFO  storage.RaftStorageDirectory (RaftStorageDirectory.java:tryLock(328)) - Lock on /workdir/hadoop-ozone/integration-test/target/test-dir/MiniOzoneClusterImpl-9a1dce89-8836-4893-b9ec-7edc085093e3/datanode-4/data/ratis/614e5141-bdf3-4559-8dbb-f96715c59315/in_use.lock acquired by nodename 29610@pr-hdds-1753-5g2nl-2460324467
2019-08-20 18:27:46,342 [pool-494-thread-1] INFO  storage.RaftStorageDirectory (RaftStorageDirectory.java:tryLock(328)) - Lock on /workdir/hadoop-ozone/integration-test/target/test-dir/MiniOzoneClusterImpl-9a1dce89-8836-4893-b9ec-7edc085093e3/datanode-5/data/ratis/614e5141-bdf3-4559-8dbb-f96715c59315/in_use.lock acquired by nodename 29610@pr-hdds-1753-5g2nl-2460324467
2019-08-20 18:27:46,356 [pool-472-thread-1] INFO  storage.RaftStorage (RaftStorage.java:format(72)) - Storage directory /workdir/hadoop-ozone/integration-test/target/test-dir/MiniOzoneClusterImpl-9a1dce89-8836-4893-b9ec-7edc085093e3/datanode-3/data/ratis/614e5141-bdf3-4559-8dbb-f96715c59315 has been successfully formatted.
2019-08-20 18:27:46,356 [pool-494-thread-1] INFO  storage.RaftStorage (RaftStorage.java:format(72)) - Storage directory /workdir/hadoop-ozone/integration-test/target/test-dir/MiniOzoneClusterImpl-9a1dce89-8836-4893-b9ec-7edc085093e3/datanode-5/data/ratis/614e5141-bdf3-4559-8dbb-f96715c59315 has been successfully formatted.
2019-08-20 18:27:46,357 [pool-472-thread-1] INFO  ratis.ContainerStateMachine (ContainerStateMachine.java:loadSnapshot(227)) - group-F96715C59315: The snapshot info is null. Setting the last applied indexto:(t:0, i:~)
2019-08-20 18:27:46,356 [pool-483-thread-1] INFO  storage.RaftStorage (RaftStorage.java:format(72)) - Storage directory /workdir/hadoop-ozone/integration-test/target/test-dir/MiniOzoneClusterImpl-9a1dce89-8836-4893-b9ec-7edc085093e3/datanode-4/data/ratis/614e5141-bdf3-4559-8dbb-f96715c59315 has been successfully formatted.
2019-08-20 18:27:46,357 [pool-494-thread-1] INFO  ratis.ContainerStateMachine (ContainerStateMachine.java:loadSnapshot(227)) - group-F96715C59315: The snapshot info is null. Setting the last applied indexto:(t:0, i:~)
2019-08-20 18:27:46,357 [pool-472-thread-1] INFO  server.RaftServerConfigKeys (ConfUtils.java:logGet(43)) - raft.server.leader.election.timeout = 120s (custom)
2019-08-20 18:27:46,357 [pool-494-thread-1] INFO  server.RaftServerConfigKeys (ConfUtils.java:logGet(43)) - raft.server.leader.election.timeout = 120s (custom)
2019-08-20 18:27:46,357 [pool-483-thread-1] INFO  ratis.ContainerStateMachine (ContainerStateMachine.java:loadSnapshot(227)) - group-F96715C59315: The snapshot info is null. Setting the last applied indexto:(t:0, i:~)
2019-08-20 18:27:46,358 [pool-494-thread-1] INFO  server.RaftServerConfigKeys (ConfUtils.java:logGet(43)) - raft.server.log.use.memory = false (default)
2019-08-20 18:27:46,357 [pool-472-thread-1] INFO  server.RaftServerConfigKeys (ConfUtils.java:logGet(43)) - raft.server.log.use.memory = false (default)
2019-08-20 18:27:46,358 [pool-494-thread-1] INFO  server.RaftServerConfigKeys (ConfUtils.java:logGet(43)) - raft.server.log.purge.gap = 1000000 (custom)
2019-08-20 18:27:46,358 [pool-483-thread-1] INFO  server.RaftServerConfigKeys (ConfUtils.java:logGet(43)) - raft.server.leader.election.timeout = 120s (custom)
2019-08-20 18:27:46,358 [pool-494-thread-1] INFO  server.RaftServerConfigKeys (ConfUtils.java:logGet(43)) - raft.server.log.appender.buffer.byte-limit = 33554432 (custom)
2019-08-20 18:27:46,358 [pool-472-thread-1] INFO  server.RaftServerConfigKeys (ConfUtils.java:logGet(43)) - raft.server.log.purge.gap = 1000000 (custom)
2019-08-20 18:27:46,359 [pool-494-thread-1] INFO  server.RaftServerConfigKeys (ConfUtils.java:logGet(43)) - raft.server.log.segment.size.max = 1048576 (custom)
2019-08-20 18:27:46,359 [pool-494-thread-1] INFO  server.RaftServerConfigKeys (ConfUtils.java:logGet(43)) - raft.server.log.segment.cache.num.max = 2 (custom)
2019-08-20 18:27:46,358 [pool-483-thread-1] INFO  server.RaftServerConfigKeys (ConfUtils.java:logGet(43)) - raft.server.log.use.memory = false (default)
2019-08-20 18:27:46,359 [pool-494-thread-1] INFO  segmented.SegmentedRaftLogWorker (SegmentedRaftLogWorker.java:<init>(172)) - new b8907872-efa4-4493-acc5-388a2f6162ac-SegmentedRaftLogWorker:Storage Directory /workdir/hadoop-ozone/integration-test/target/test-dir/MiniOzoneClusterImpl-9a1dce89-8836-4893-b9ec-7edc085093e3/datanode-5/data/ratis/614e5141-bdf3-4559-8dbb-f96715c59315 for RaftStorage:Storage Directory /workdir/hadoop-ozone/integration-test/target/test-dir/MiniOzoneClusterImpl-9a1dce89-8836-4893-b9ec-7edc085093e3/datanode-5/data/ratis/614e5141-bdf3-4559-8dbb-f96715c59315
2019-08-20 18:27:46,359 [pool-472-thread-1] INFO  server.RaftServerConfigKeys (ConfUtils.java:logGet(43)) - raft.server.log.appender.buffer.byte-limit = 33554432 (custom)
2019-08-20 18:27:46,360 [pool-494-thread-1] INFO  server.RaftServerConfigKeys (ConfUtils.java:logGet(43)) - raft.server.log.queue.byte-limit = 2147483647 (custom)
2019-08-20 18:27:46,359 [pool-483-thread-1] INFO  server.RaftServerConfigKeys (ConfUtils.java:logGet(43)) - raft.server.log.purge.gap = 1000000 (custom)
2019-08-20 18:27:46,360 [pool-494-thread-1] INFO  server.RaftServerConfigKeys (ConfUtils.java:logGet(43)) - raft.server.log.queue.element-limit = 1024 (custom)
2019-08-20 18:27:46,360 [pool-472-thread-1] INFO  server.RaftServerConfigKeys (ConfUtils.java:logGet(43)) - raft.server.log.segment.size.max = 1048576 (custom)
2019-08-20 18:27:46,360 [pool-494-thread-1] INFO  server.RaftServerConfigKeys (ConfUtils.java:logGet(43)) - raft.server.log.segment.size.max = 1048576 (custom)
2019-08-20 18:27:46,360 [pool-483-thread-1] INFO  server.RaftServerConfigKeys (ConfUtils.java:logGet(43)) - raft.server.log.appender.buffer.byte-limit = 33554432 (custom)
2019-08-20 18:27:46,360 [pool-494-thread-1] INFO  server.RaftServerConfigKeys (ConfUtils.java:logGet(43)) - raft.server.log.preallocated.size = 16384 (custom)
2019-08-20 18:27:46,360 [pool-472-thread-1] INFO  server.RaftServerConfigKeys (ConfUtils.java:logGet(43)) - raft.server.log.segment.cache.num.max = 2 (custom)
2019-08-20 18:27:46,361 [pool-494-thread-1] INFO  server.RaftServerConfigKeys (ConfUtils.java:logGet(43)) - raft.server.log.write.buffer.size = 33554432 (custom)
2019-08-20 18:27:46,361 [pool-483-thread-1] INFO  server.RaftServerConfigKeys (ConfUtils.java:logGet(43)) - raft.server.log.segment.size.max = 1048576 (custom)
2019-08-20 18:27:46,361 [pool-494-thread-1] INFO  server.RaftServerConfigKeys (ConfUtils.java:logGet(43)) - raft.server.log.force.sync.num = 128 (default)
2019-08-20 18:27:46,361 [pool-472-thread-1] INFO  segmented.SegmentedRaftLogWorker (SegmentedRaftLogWorker.java:<init>(172)) - new b81439af-67f0-46d4-9ea9-2a1de01bfb7b-SegmentedRaftLogWorker:Storage Directory /workdir/hadoop-ozone/integration-test/target/test-dir/MiniOzoneClusterImpl-9a1dce89-8836-4893-b9ec-7edc085093e3/datanode-3/data/ratis/614e5141-bdf3-4559-8dbb-f96715c59315 for RaftStorage:Storage Directory /workdir/hadoop-ozone/integration-test/target/test-dir/MiniOzoneClusterImpl-9a1dce89-8836-4893-b9ec-7edc085093e3/datanode-3/data/ratis/614e5141-bdf3-4559-8dbb-f96715c59315
2019-08-20 18:27:46,361 [pool-494-thread-1] INFO  server.RaftServerConfigKeys (ConfUtils.java:logGet(43)) - raft.server.log.statemachine.data.sync = true (default)
2019-08-20 18:27:46,361 [pool-483-thread-1] INFO  server.RaftServerConfigKeys (ConfUtils.java:logGet(43)) - raft.server.log.segment.cache.num.max = 2 (custom)
2019-08-20 18:27:46,362 [pool-494-thread-1] INFO  server.RaftServerConfigKeys (ConfUtils.java:logGet(43)) - raft.server.log.statemachine.data.sync.timeout = 10s (default)
2019-08-20 18:27:46,362 [pool-472-thread-1] INFO  server.RaftServerConfigKeys (ConfUtils.java:logGet(43)) - raft.server.log.queue.byte-limit = 2147483647 (custom)
2019-08-20 18:27:46,362 [pool-494-thread-1] INFO  server.RaftServerConfigKeys (ConfUtils.java:logGet(43)) - raft.server.log.statemachine.data.sync.timeout.retry = -1 (default)
2019-08-20 18:27:46,362 [pool-483-thread-1] INFO  segmented.SegmentedRaftLogWorker (SegmentedRaftLogWorker.java:<init>(172)) - new 0330fd69-8ead-45d6-95d3-ef0ad53800cd-SegmentedRaftLogWorker:Storage Directory /workdir/hadoop-ozone/integration-test/target/test-dir/MiniOzoneClusterImpl-9a1dce89-8836-4893-b9ec-7edc085093e3/datanode-4/data/ratis/614e5141-bdf3-4559-8dbb-f96715c59315 for RaftStorage:Storage Directory /workdir/hadoop-ozone/integration-test/target/test-dir/MiniOzoneClusterImpl-9a1dce89-8836-4893-b9ec-7edc085093e3/datanode-4/data/ratis/614e5141-bdf3-4559-8dbb-f96715c59315
2019-08-20 18:27:46,363 [pool-494-thread-1] INFO  server.RaftServerConfigKeys (ConfUtils.java:logGet(43)) - raft.server.log.statemachine.data.caching.enabled = true (custom)
2019-08-20 18:27:46,362 [pool-472-thread-1] INFO  server.RaftServerConfigKeys (ConfUtils.java:logGet(43)) - raft.server.log.queue.element-limit = 1024 (custom)
2019-08-20 18:27:46,363 [pool-483-thread-1] INFO  server.RaftServerConfigKeys (ConfUtils.java:logGet(43)) - raft.server.log.queue.byte-limit = 2147483647 (custom)
2019-08-20 18:27:46,363 [pool-494-thread-1] INFO  segmented.SegmentedRaftLogWorker (SegmentedRaftLogWorker.java:lambda$new$0(132)) - b8907872-efa4-4493-acc5-388a2f6162ac-SegmentedRaftLogWorker:Storage Directory /workdir/hadoop-ozone/integration-test/target/test-dir/MiniOzoneClusterImpl-9a1dce89-8836-4893-b9ec-7edc085093e3/datanode-5/data/ratis/614e5141-bdf3-4559-8dbb-f96715c59315: flushIndex: setUnconditionally 0 -> -1
2019-08-20 18:27:46,363 [pool-472-thread-1] INFO  server.RaftServerConfigKeys (ConfUtils.java:logGet(43)) - raft.server.log.segment.size.max = 1048576 (custom)
2019-08-20 18:27:46,363 [pool-483-thread-1] INFO  server.RaftServerConfigKeys (ConfUtils.java:logGet(43)) - raft.server.log.queue.element-limit = 1024 (custom)
2019-08-20 18:27:46,364 [pool-494-thread-1] INFO  server.RaftServerConfigKeys (ConfUtils.java:logGet(43)) - raft.server.snapshot.auto.trigger.enabled = true (custom)
2019-08-20 18:27:46,364 [pool-472-thread-1] INFO  server.RaftServerConfigKeys (ConfUtils.java:logGet(43)) - raft.server.log.preallocated.size = 16384 (custom)
2019-08-20 18:27:46,364 [pool-494-thread-1] INFO  server.RaftServerConfigKeys (ConfUtils.java:logGet(43)) - raft.server.snapshot.auto.trigger.threshold = 10000 (custom)
2019-08-20 18:27:46,364 [pool-483-thread-1] INFO  server.RaftServerConfigKeys (ConfUtils.java:logGet(43)) - raft.server.log.segment.size.max = 1048576 (custom)
2019-08-20 18:27:46,364 [pool-494-thread-1] INFO  server.RaftServerConfigKeys (ConfUtils.java:logGet(43)) - raft.server.retrycache.expirytime = 600000ms (custom)
2019-08-20 18:27:46,364 [pool-472-thread-1] INFO  server.RaftServerConfigKeys (ConfUtils.java:logGet(43)) - raft.server.log.write.buffer.size = 33554432 (custom)
2019-08-20 18:27:46,365 [pool-494-thread-1] INFO  impl.RaftServerImpl (RaftServerImpl.java:start(180)) - b8907872-efa4-4493-acc5-388a2f6162ac: start group-F96715C59315
2019-08-20 18:27:46,364 [pool-483-thread-1] INFO  server.RaftServerConfigKeys (ConfUtils.java:logGet(43)) - raft.server.log.preallocated.size = 16384 (custom)
2019-08-20 18:27:46,365 [pool-494-thread-1] INFO  impl.RaftServerImpl (RaftServerImpl.java:setRole(171)) - b8907872-efa4-4493-acc5-388a2f6162ac:group-F96715C59315 changes role from null to FOLLOWER at term 0 for startAsFollower
2019-08-20 18:27:46,365 [pool-472-thread-1] INFO  server.RaftServerConfigKeys (ConfUtils.java:logGet(43)) - raft.server.log.force.sync.num = 128 (default)
2019-08-20 18:27:46,365 [pool-494-thread-1] INFO  impl.RoleInfo (RoleInfo.java:updateAndGet(143)) - b8907872-efa4-4493-acc5-388a2f6162ac: start FollowerState
2019-08-20 18:27:46,365 [pool-483-thread-1] INFO  server.RaftServerConfigKeys (ConfUtils.java:logGet(43)) - raft.server.log.write.buffer.size = 33554432 (custom)
2019-08-20 18:27:46,365 [pool-472-thread-1] INFO  server.RaftServerConfigKeys (ConfUtils.java:logGet(43)) - raft.server.log.statemachine.data.sync = true (default)
2019-08-20 18:27:46,366 [pool-494-thread-1] INFO  util.JmxRegister (JmxRegister.java:tryRegister(44)) - Successfully registered JMX Bean with object name Ratis:service=RaftServer,group=group-F96715C59315,id=b8907872-efa4-4493-acc5-388a2f6162ac
2019-08-20 18:27:46,366 [pool-483-thread-1] INFO  server.RaftServerConfigKeys (ConfUtils.java:logGet(43)) - raft.server.log.force.sync.num = 128 (default)
2019-08-20 18:27:46,366 [pool-472-thread-1] INFO  server.RaftServerConfigKeys (ConfUtils.java:logGet(43)) - raft.server.log.statemachine.data.sync.timeout = 10s (default)
2019-08-20 18:27:46,366 [pool-483-thread-1] INFO  server.RaftServerConfigKeys (ConfUtils.java:logGet(43)) - raft.server.log.statemachine.data.sync = true (default)
2019-08-20 18:27:46,366 [pool-472-thread-1] INFO  server.RaftServerConfigKeys (ConfUtils.java:logGet(43)) - raft.server.log.statemachine.data.sync.timeout.retry = -1 (default)
2019-08-20 18:27:46,366 [pool-483-thread-1] INFO  server.RaftServerConfigKeys (ConfUtils.java:logGet(43)) - raft.server.log.statemachine.data.sync.timeout = 10s (default)
2019-08-20 18:27:46,367 [pool-472-thread-1] INFO  server.RaftServerConfigKeys (ConfUtils.java:logGet(43)) - raft.server.log.statemachine.data.caching.enabled = true (custom)
2019-08-20 18:27:46,367 [pool-483-thread-1] INFO  server.RaftServerConfigKeys (ConfUtils.java:logGet(43)) - raft.server.log.statemachine.data.sync.timeout.retry = -1 (default)
2019-08-20 18:27:46,367 [pool-472-thread-1] INFO  segmented.SegmentedRaftLogWorker (SegmentedRaftLogWorker.java:lambda$new$0(132)) - b81439af-67f0-46d4-9ea9-2a1de01bfb7b-SegmentedRaftLogWorker:Storage Directory /workdir/hadoop-ozone/integration-test/target/test-dir/MiniOzoneClusterImpl-9a1dce89-8836-4893-b9ec-7edc085093e3/datanode-3/data/ratis/614e5141-bdf3-4559-8dbb-f96715c59315: flushIndex: setUnconditionally 0 -> -1
2019-08-20 18:27:46,367 [pool-483-thread-1] INFO  server.RaftServerConfigKeys (ConfUtils.java:logGet(43)) - raft.server.log.statemachine.data.caching.enabled = true (custom)
2019-08-20 18:27:46,370 [pool-472-thread-1] INFO  server.RaftServerConfigKeys (ConfUtils.java:logGet(43)) - raft.server.snapshot.auto.trigger.enabled = true (custom)
2019-08-20 18:27:46,370 [pool-483-thread-1] INFO  segmented.SegmentedRaftLogWorker (SegmentedRaftLogWorker.java:lambda$new$0(132)) - 0330fd69-8ead-45d6-95d3-ef0ad53800cd-SegmentedRaftLogWorker:Storage Directory /workdir/hadoop-ozone/integration-test/target/test-dir/MiniOzoneClusterImpl-9a1dce89-8836-4893-b9ec-7edc085093e3/datanode-4/data/ratis/614e5141-bdf3-4559-8dbb-f96715c59315: flushIndex: setUnconditionally 0 -> -1
2019-08-20 18:27:46,370 [pool-472-thread-1] INFO  server.RaftServerConfigKeys (ConfUtils.java:logGet(43)) - raft.server.snapshot.auto.trigger.threshold = 10000 (custom)
2019-08-20 18:27:46,371 [pool-483-thread-1] INFO  server.RaftServerConfigKeys (ConfUtils.java:logGet(43)) - raft.server.snapshot.auto.trigger.enabled = true (custom)
2019-08-20 18:27:46,371 [pool-472-thread-1] INFO  server.RaftServerConfigKeys (ConfUtils.java:logGet(43)) - raft.server.retrycache.expirytime = 600000ms (custom)
2019-08-20 18:27:46,371 [pool-483-thread-1] INFO  server.RaftServerConfigKeys (ConfUtils.java:logGet(43)) - raft.server.snapshot.auto.trigger.threshold = 10000 (custom)
2019-08-20 18:27:46,371 [pool-472-thread-1] INFO  impl.RaftServerImpl (RaftServerImpl.java:start(180)) - b81439af-67f0-46d4-9ea9-2a1de01bfb7b: start group-F96715C59315
2019-08-20 18:27:46,371 [pool-483-thread-1] INFO  server.RaftServerConfigKeys (ConfUtils.java:logGet(43)) - raft.server.retrycache.expirytime = 600000ms (custom)
2019-08-20 18:27:46,372 [pool-472-thread-1] INFO  impl.RaftServerImpl (RaftServerImpl.java:setRole(171)) - b81439af-67f0-46d4-9ea9-2a1de01bfb7b:group-F96715C59315 changes role from null to FOLLOWER at term 0 for startAsFollower
2019-08-20 18:27:46,372 [pool-483-thread-1] INFO  impl.RaftServerImpl (RaftServerImpl.java:start(180)) - 0330fd69-8ead-45d6-95d3-ef0ad53800cd: start group-F96715C59315
2019-08-20 18:27:46,372 [pool-472-thread-1] INFO  impl.RoleInfo (RoleInfo.java:updateAndGet(143)) - b81439af-67f0-46d4-9ea9-2a1de01bfb7b: start FollowerState
2019-08-20 18:27:46,372 [pool-483-thread-1] INFO  impl.RaftServerImpl (RaftServerImpl.java:setRole(171)) - 0330fd69-8ead-45d6-95d3-ef0ad53800cd:group-F96715C59315 changes role from null to FOLLOWER at term 0 for startAsFollower
2019-08-20 18:27:46,372 [pool-483-thread-1] INFO  impl.RoleInfo (RoleInfo.java:updateAndGet(143)) - 0330fd69-8ead-45d6-95d3-ef0ad53800cd: start FollowerState
2019-08-20 18:27:46,372 [pool-472-thread-1] INFO  util.JmxRegister (JmxRegister.java:tryRegister(44)) - Successfully registered JMX Bean with object name Ratis:service=RaftServer,group=group-F96715C59315,id=b81439af-67f0-46d4-9ea9-2a1de01bfb7b
2019-08-20 18:27:46,373 [pool-483-thread-1] INFO  util.JmxRegister (JmxRegister.java:tryRegister(44)) - Successfully registered JMX Bean with object name Ratis:service=RaftServer,group=group-F96715C59315,id=0330fd69-8ead-45d6-95d3-ef0ad53800cd
2019-08-20 18:27:46,380 [RatisPipelineUtilsThread] INFO  pipeline.PipelineStateManager (PipelineStateManager.java:addPipeline(56)) - Created pipeline Pipeline[ Id: 614e5141-bdf3-4559-8dbb-f96715c59315, Nodes: b8907872-efa4-4493-acc5-388a2f6162ac{ip: 192.168.5.186, host: pr-hdds-1753-5g2nl-2460324467, networkLocation: /default-rack, certSerialId: null}b81439af-67f0-46d4-9ea9-2a1de01bfb7b{ip: 192.168.5.186, host: pr-hdds-1753-5g2nl-2460324467, networkLocation: /default-rack, certSerialId: null}0330fd69-8ead-45d6-95d3-ef0ad53800cd{ip: 192.168.5.186, host: pr-hdds-1753-5g2nl-2460324467, networkLocation: /default-rack, certSerialId: null}, Type:RATIS, Factor:THREE, State:OPEN]
2019-08-20 18:27:46,470 [main] INFO  ozone.MiniOzoneClusterImpl (MiniOzoneClusterImpl.java:lambda$waitForClusterToBeReady$0(142)) - Waiting for cluster to be ready. Got 6 of 7 DN Heartbeats.
2019-08-20 18:27:46,471 [IPC Server handler 1 on 42371] INFO  net.NetworkTopology (NetworkTopologyImpl.java:add(110)) - Added a new node: /default-rack/410b0fde-0c93-4dd6-a3fa-75ce07d6351d
2019-08-20 18:27:46,471 [IPC Server handler 1 on 42371] INFO  node.SCMNodeManager (SCMNodeManager.java:register(273)) - Registered Data node : 410b0fde-0c93-4dd6-a3fa-75ce07d6351d{ip: 192.168.5.186, host: pr-hdds-1753-5g2nl-2460324467, networkLocation: /default-rack, certSerialId: null}
2019-08-20 18:27:46,474 | INFO  | SCMAudit | user=jenkins1000 | ip=192.168.5.186 | op=REGISTER {datanodeDetails=410b0fde-0c93-4dd6-a3fa-75ce07d6351d{ip: 192.168.5.186, host: pr-hdds-1753-5g2nl-2460324467, networkLocation: /default-rack, certSerialId: null}} | ret=SUCCESS |  
2019-08-20 18:27:46,481 [grpc-default-executor-3] INFO  impl.RaftServerProxy (RaftServerProxy.java:addNew(89)) - 410b0fde-0c93-4dd6-a3fa-75ce07d6351d: addNew group-52275C6884BF:[410b0fde-0c93-4dd6-a3fa-75ce07d6351d:192.168.5.186:43029] returns group-52275C6884BF:java.util.concurrent.CompletableFuture@712950c0[Not completed]
2019-08-20 18:27:46,482 [pool-505-thread-1] INFO  impl.RaftServerImpl (RaftServerImpl.java:<init>(93)) - 410b0fde-0c93-4dd6-a3fa-75ce07d6351d: new RaftServerImpl for group-52275C6884BF:[410b0fde-0c93-4dd6-a3fa-75ce07d6351d:192.168.5.186:43029] with ContainerStateMachine:uninitialized
2019-08-20 18:27:46,482 [pool-505-thread-1] INFO  server.RaftServerConfigKeys (ConfUtils.java:logGet(43)) - raft.server.rpc.timeout.min = 5s (custom)
2019-08-20 18:27:46,482 [pool-505-thread-1] INFO  server.RaftServerConfigKeys (ConfUtils.java:logGet(43)) - raft.server.rpc.timeout.max = 5200ms (custom)
2019-08-20 18:27:46,483 [pool-505-thread-1] INFO  server.RaftServerConfigKeys (ConfUtils.java:logGet(43)) - raft.server.rpcslowness.timeout = 120s (custom)
2019-08-20 18:27:46,483 [pool-505-thread-1] INFO  server.RaftServerConfigKeys (ConfUtils.java:logGet(43)) - raft.server.sleep.deviation.threshold = 300 (default)
2019-08-20 18:27:46,483 [pool-505-thread-1] INFO  server.RaftServerConfigKeys (ConfUtils.java:logGet(43)) - raft.server.log.appender.install.snapshot.enabled = false (custom)
2019-08-20 18:27:46,483 [pool-505-thread-1] INFO  impl.RaftServerImpl (ServerState.java:<init>(105)) - 410b0fde-0c93-4dd6-a3fa-75ce07d6351d:group-52275C6884BF ConfigurationManager, init=-1: [410b0fde-0c93-4dd6-a3fa-75ce07d6351d:192.168.5.186:43029], old=null, confs=<EMPTY_MAP>
2019-08-20 18:27:46,483 [pool-505-thread-1] INFO  server.RaftServerConfigKeys (ConfUtils.java:logGet(43)) - raft.server.storage.dir = [/workdir/hadoop-ozone/integration-test/target/test-dir/MiniOzoneClusterImpl-9a1dce89-8836-4893-b9ec-7edc085093e3/datanode-6/data/ratis] (custom)
2019-08-20 18:27:46,484 [pool-505-thread-1] INFO  storage.RaftStorageDirectory (RaftStorageDirectory.java:analyzeStorage(246)) - The storage directory /workdir/hadoop-ozone/integration-test/target/test-dir/MiniOzoneClusterImpl-9a1dce89-8836-4893-b9ec-7edc085093e3/datanode-6/data/ratis/97b45f47-e1a6-42be-9c39-52275c6884bf does not exist. Creating ...
2019-08-20 18:27:46,496 [pool-505-thread-1] INFO  storage.RaftStorageDirectory (RaftStorageDirectory.java:tryLock(328)) - Lock on /workdir/hadoop-ozone/integration-test/target/test-dir/MiniOzoneClusterImpl-9a1dce89-8836-4893-b9ec-7edc085093e3/datanode-6/data/ratis/97b45f47-e1a6-42be-9c39-52275c6884bf/in_use.lock acquired by nodename 29610@pr-hdds-1753-5g2nl-2460324467
2019-08-20 18:27:46,509 [pool-505-thread-1] INFO  storage.RaftStorage (RaftStorage.java:format(72)) - Storage directory /workdir/hadoop-ozone/integration-test/target/test-dir/MiniOzoneClusterImpl-9a1dce89-8836-4893-b9ec-7edc085093e3/datanode-6/data/ratis/97b45f47-e1a6-42be-9c39-52275c6884bf has been successfully formatted.
2019-08-20 18:27:46,510 [pool-505-thread-1] INFO  ratis.ContainerStateMachine (ContainerStateMachine.java:loadSnapshot(227)) - group-52275C6884BF: The snapshot info is null. Setting the last applied indexto:(t:0, i:~)
2019-08-20 18:27:46,510 [pool-505-thread-1] INFO  server.RaftServerConfigKeys (ConfUtils.java:logGet(43)) - raft.server.leader.election.timeout = 120s (custom)
2019-08-20 18:27:46,510 [pool-505-thread-1] INFO  server.RaftServerConfigKeys (ConfUtils.java:logGet(43)) - raft.server.log.use.memory = false (default)
2019-08-20 18:27:46,510 [pool-505-thread-1] INFO  server.RaftServerConfigKeys (ConfUtils.java:logGet(43)) - raft.server.log.purge.gap = 1000000 (custom)
2019-08-20 18:27:46,510 [pool-505-thread-1] INFO  server.RaftServerConfigKeys (ConfUtils.java:logGet(43)) - raft.server.log.appender.buffer.byte-limit = 33554432 (custom)
2019-08-20 18:27:46,511 [pool-505-thread-1] INFO  server.RaftServerConfigKeys (ConfUtils.java:logGet(43)) - raft.server.log.segment.size.max = 1048576 (custom)
2019-08-20 18:27:46,511 [pool-505-thread-1] INFO  server.RaftServerConfigKeys (ConfUtils.java:logGet(43)) - raft.server.log.segment.cache.num.max = 2 (custom)
2019-08-20 18:27:46,511 [pool-505-thread-1] INFO  segmented.SegmentedRaftLogWorker (SegmentedRaftLogWorker.java:<init>(172)) - new 410b0fde-0c93-4dd6-a3fa-75ce07d6351d-SegmentedRaftLogWorker:Storage Directory /workdir/hadoop-ozone/integration-test/target/test-dir/MiniOzoneClusterImpl-9a1dce89-8836-4893-b9ec-7edc085093e3/datanode-6/data/ratis/97b45f47-e1a6-42be-9c39-52275c6884bf for RaftStorage:Storage Directory /workdir/hadoop-ozone/integration-test/target/test-dir/MiniOzoneClusterImpl-9a1dce89-8836-4893-b9ec-7edc085093e3/datanode-6/data/ratis/97b45f47-e1a6-42be-9c39-52275c6884bf
2019-08-20 18:27:46,511 [pool-505-thread-1] INFO  server.RaftServerConfigKeys (ConfUtils.java:logGet(43)) - raft.server.log.queue.byte-limit = 2147483647 (custom)
2019-08-20 18:27:46,511 [pool-505-thread-1] INFO  server.RaftServerConfigKeys (ConfUtils.java:logGet(43)) - raft.server.log.queue.element-limit = 1024 (custom)
2019-08-20 18:27:46,512 [pool-505-thread-1] INFO  server.RaftServerConfigKeys (ConfUtils.java:logGet(43)) - raft.server.log.segment.size.max = 1048576 (custom)
2019-08-20 18:27:46,512 [pool-505-thread-1] INFO  server.RaftServerConfigKeys (ConfUtils.java:logGet(43)) - raft.server.log.preallocated.size = 16384 (custom)
2019-08-20 18:27:46,512 [pool-505-thread-1] INFO  server.RaftServerConfigKeys (ConfUtils.java:logGet(43)) - raft.server.log.write.buffer.size = 33554432 (custom)
2019-08-20 18:27:46,512 [pool-505-thread-1] INFO  server.RaftServerConfigKeys (ConfUtils.java:logGet(43)) - raft.server.log.force.sync.num = 128 (default)
2019-08-20 18:27:46,512 [pool-505-thread-1] INFO  server.RaftServerConfigKeys (ConfUtils.java:logGet(43)) - raft.server.log.statemachine.data.sync = true (default)
2019-08-20 18:27:46,513 [pool-505-thread-1] INFO  server.RaftServerConfigKeys (ConfUtils.java:logGet(43)) - raft.server.log.statemachine.data.sync.timeout = 10s (default)
2019-08-20 18:27:46,513 [pool-505-thread-1] INFO  server.RaftServerConfigKeys (ConfUtils.java:logGet(43)) - raft.server.log.statemachine.data.sync.timeout.retry = -1 (default)
2019-08-20 18:27:46,513 [pool-505-thread-1] INFO  server.RaftServerConfigKeys (ConfUtils.java:logGet(43)) - raft.server.log.statemachine.data.caching.enabled = true (custom)
2019-08-20 18:27:46,513 [pool-505-thread-1] INFO  segmented.SegmentedRaftLogWorker (SegmentedRaftLogWorker.java:lambda$new$0(132)) - 410b0fde-0c93-4dd6-a3fa-75ce07d6351d-SegmentedRaftLogWorker:Storage Directory /workdir/hadoop-ozone/integration-test/target/test-dir/MiniOzoneClusterImpl-9a1dce89-8836-4893-b9ec-7edc085093e3/datanode-6/data/ratis/97b45f47-e1a6-42be-9c39-52275c6884bf: flushIndex: setUnconditionally 0 -> -1
2019-08-20 18:27:46,514 [pool-505-thread-1] INFO  server.RaftServerConfigKeys (ConfUtils.java:logGet(43)) - raft.server.snapshot.auto.trigger.enabled = true (custom)
2019-08-20 18:27:46,514 [pool-505-thread-1] INFO  server.RaftServerConfigKeys (ConfUtils.java:logGet(43)) - raft.server.snapshot.auto.trigger.threshold = 10000 (custom)
2019-08-20 18:27:46,514 [pool-505-thread-1] INFO  server.RaftServerConfigKeys (ConfUtils.java:logGet(43)) - raft.server.retrycache.expirytime = 600000ms (custom)
2019-08-20 18:27:46,514 [pool-505-thread-1] INFO  impl.RaftServerImpl (RaftServerImpl.java:start(180)) - 410b0fde-0c93-4dd6-a3fa-75ce07d6351d: start group-52275C6884BF
2019-08-20 18:27:46,515 [pool-505-thread-1] INFO  impl.RaftServerImpl (RaftServerImpl.java:setRole(171)) - 410b0fde-0c93-4dd6-a3fa-75ce07d6351d:group-52275C6884BF changes role from null to FOLLOWER at term 0 for startAsFollower
2019-08-20 18:27:46,515 [pool-505-thread-1] INFO  impl.RoleInfo (RoleInfo.java:updateAndGet(143)) - 410b0fde-0c93-4dd6-a3fa-75ce07d6351d: start FollowerState
2019-08-20 18:27:46,515 [pool-505-thread-1] INFO  util.JmxRegister (JmxRegister.java:tryRegister(44)) - Successfully registered JMX Bean with object name Ratis:service=RaftServer,group=group-52275C6884BF,id=410b0fde-0c93-4dd6-a3fa-75ce07d6351d
2019-08-20 18:27:46,520 [RatisPipelineUtilsThread] INFO  pipeline.PipelineStateManager (PipelineStateManager.java:addPipeline(56)) - Created pipeline Pipeline[ Id: 97b45f47-e1a6-42be-9c39-52275c6884bf, Nodes: 410b0fde-0c93-4dd6-a3fa-75ce07d6351d{ip: 192.168.5.186, host: pr-hdds-1753-5g2nl-2460324467, networkLocation: /default-rack, certSerialId: null}, Type:RATIS, Factor:ONE, State:OPEN]
2019-08-20 18:27:47,086 | INFO  | SCMAudit | user=jenkins1000 | ip=192.168.5.186 | op=SEND_HEARTBEAT {datanodeUUID=30a77774-759b-47e5-ab65-fec5a133fac9, command=[]} | ret=SUCCESS |  
2019-08-20 18:27:47,304 | INFO  | SCMAudit | user=jenkins1000 | ip=192.168.5.186 | op=SEND_HEARTBEAT {datanodeUUID=75361d20-0014-4d84-b06d-e0cee43a4090, command=[]} | ret=SUCCESS |  
2019-08-20 18:27:47,470 [main] INFO  ozone.MiniOzoneClusterImpl (MiniOzoneClusterImpl.java:lambda$waitForClusterToBeReady$0(142)) - Cluster is ready. Got 7 of 7 DN Heartbeats.
2019-08-20 18:27:47,474 | INFO  | SCMAudit | user=jenkins1000 | ip=192.168.5.186 | op=SEND_HEARTBEAT {datanodeUUID=3ebf1703-8ccb-431f-b530-5c0bec173472, command=[]} | ret=SUCCESS |  
2019-08-20 18:27:47,512 [main] INFO  rpc.RpcClient (RpcClient.java:createVolume(292)) - Creating Volume: testblockoutputstream, with jenkins1000 as owner.
2019-08-20 18:27:47,514 | INFO  | OMAudit | user=jenkins1000 | ip=127.0.0.1 | op=CREATE_VOLUME {admin=jenkins1000, owner=jenkins1000, volume=testblockoutputstream, creationTime=1566325667513, quotaInBytes=1152921504606846976} | ret=SUCCESS |  
2019-08-20 18:27:47,526 | INFO  | OMAudit | user=jenkins1000 | ip=127.0.0.1 | op=READ_VOLUME {volume=testblockoutputstream} | ret=SUCCESS |  
2019-08-20 18:27:47,527 [main] INFO  rpc.RpcClient (RpcClient.java:createBucket(431)) - Creating Bucket: testblockoutputstream/testblockoutputstream, with Versioning false and Storage Type set to DISK and Encryption set to false 
2019-08-20 18:27:47,532 | INFO  | OMAudit | user=jenkins1000 | ip=127.0.0.1 | op=CREATE_BUCKET {volume=testblockoutputstream, bucket=testblockoutputstream, acls=[user:jenkins1000:a[ACCESS], group:default:a[ACCESS]], isVersionEnabled=false, storageType=DISK, creationTime=0} | ret=SUCCESS |  
2019-08-20 18:27:47,533 | INFO  | OMAudit | user=jenkins1000 | ip=127.0.0.1 | op=READ_VOLUME {volume=testblockoutputstream} | ret=SUCCESS |  
2019-08-20 18:27:47,535 | INFO  | OMAudit | user=jenkins1000 | ip=127.0.0.1 | op=READ_BUCKET {volume=testblockoutputstream, bucket=testblockoutputstream} | ret=SUCCESS |  
2019-08-20 18:27:47,540 | INFO  | SCMAudit | user=jenkins1000 | ip=192.168.5.186 | op=ALLOCATE_BLOCK {owner=644cdb97-d7ad-498c-83db-a32bf5b126d1, size=800, type=RATIS, factor=THREE} | ret=SUCCESS |  
2019-08-20 18:27:47,544 | INFO  | OMAudit | user=jenkins1000 | ip=127.0.0.1 | op=ALLOCATE_KEY {volume=testblockoutputstream, bucket=testblockoutputstream, key=1e5ae7d7-40c6-4036-b63b-4ef011c0d469, dataSize=0, replicationType=RATIS, replicationFactor=THREE, keyLocationInfo=null} | ret=SUCCESS |  
2019-08-20 18:27:47,561 [grpc-default-executor-3] INFO  client.GrpcClientProtocolClient (GrpcClientProtocolClient.java:onNext(255)) - client-AF20C520F50F->b8907872-efa4-4493-acc5-388a2f6162ac: receive RaftClientReply:client-AF20C520F50F->b8907872-efa4-4493-acc5-388a2f6162ac@group-F96715C59315, cid=175, FAILED org.apache.ratis.protocol.NotLeaderException: Server b8907872-efa4-4493-acc5-388a2f6162ac is not the leader (null). Request must be sent to leader., logIndex=0, commits[b8907872-efa4-4493-acc5-388a2f6162ac:c-1]
2019-08-20 18:27:47,649 | INFO  | SCMAudit | user=jenkins1000 | ip=192.168.5.186 | op=SEND_HEARTBEAT {datanodeUUID=b81439af-67f0-46d4-9ea9-2a1de01bfb7b, command=[]} | ret=SUCCESS |  
2019-08-20 18:27:48,087 | INFO  | SCMAudit | user=jenkins1000 | ip=192.168.5.186 | op=SEND_HEARTBEAT {datanodeUUID=30a77774-759b-47e5-ab65-fec5a133fac9, command=[]} | ret=SUCCESS |  
2019-08-20 18:27:48,087 | INFO  | SCMAudit | user=jenkins1000 | ip=192.168.5.186 | op=SEND_HEARTBEAT {datanodeUUID=0330fd69-8ead-45d6-95d3-ef0ad53800cd, command=[]} | ret=SUCCESS |  
2019-08-20 18:27:48,100 [Thread-3267] INFO  container.ReplicationManager (ReplicationManager.java:start(152)) - Starting Replication Monitor Thread.
2019-08-20 18:27:48,105 [ReplicationMonitor] INFO  container.ReplicationManager (ReplicationManager.java:run(215)) - Replication Monitor Thread took 1 milliseconds for processing 1 containers.
2019-08-20 18:27:48,265 | INFO  | SCMAudit | user=jenkins1000 | ip=192.168.5.186 | op=SEND_HEARTBEAT {datanodeUUID=b8907872-efa4-4493-acc5-388a2f6162ac, command=[]} | ret=SUCCESS |  
2019-08-20 18:27:48,304 | INFO  | SCMAudit | user=jenkins1000 | ip=192.168.5.186 | op=SEND_HEARTBEAT {datanodeUUID=75361d20-0014-4d84-b06d-e0cee43a4090, command=[]} | ret=SUCCESS |  
2019-08-20 18:27:48,470 | INFO  | SCMAudit | user=jenkins1000 | ip=192.168.5.186 | op=SEND_HEARTBEAT {datanodeUUID=410b0fde-0c93-4dd6-a3fa-75ce07d6351d, command=[]} | ret=SUCCESS |  
2019-08-20 18:27:48,474 | INFO  | SCMAudit | user=jenkins1000 | ip=192.168.5.186 | op=SEND_HEARTBEAT {datanodeUUID=3ebf1703-8ccb-431f-b530-5c0bec173472, command=[]} | ret=SUCCESS |  
2019-08-20 18:27:48,577 [grpc-default-executor-3] INFO  client.GrpcClientProtocolClient (GrpcClientProtocolClient.java:onNext(255)) - client-AF20C520F50F->b81439af-67f0-46d4-9ea9-2a1de01bfb7b: receive RaftClientReply:client-AF20C520F50F->b81439af-67f0-46d4-9ea9-2a1de01bfb7b@group-F96715C59315, cid=175, FAILED org.apache.ratis.protocol.NotLeaderException: Server b81439af-67f0-46d4-9ea9-2a1de01bfb7b is not the leader (null). Request must be sent to leader., logIndex=0, commits[b81439af-67f0-46d4-9ea9-2a1de01bfb7b:c-1]
2019-08-20 18:27:48,649 | INFO  | SCMAudit | user=jenkins1000 | ip=192.168.5.186 | op=SEND_HEARTBEAT {datanodeUUID=b81439af-67f0-46d4-9ea9-2a1de01bfb7b, command=[]} | ret=SUCCESS |  
2019-08-20 18:27:49,087 | INFO  | SCMAudit | user=jenkins1000 | ip=192.168.5.186 | op=SEND_HEARTBEAT {datanodeUUID=0330fd69-8ead-45d6-95d3-ef0ad53800cd, command=[]} | ret=SUCCESS |  
2019-08-20 18:27:49,087 | INFO  | SCMAudit | user=jenkins1000 | ip=192.168.5.186 | op=SEND_HEARTBEAT {datanodeUUID=30a77774-759b-47e5-ab65-fec5a133fac9, command=[]} | ret=SUCCESS |  
2019-08-20 18:27:49,265 | INFO  | SCMAudit | user=jenkins1000 | ip=192.168.5.186 | op=SEND_HEARTBEAT {datanodeUUID=b8907872-efa4-4493-acc5-388a2f6162ac, command=[]} | ret=SUCCESS |  
2019-08-20 18:27:49,304 | INFO  | SCMAudit | user=jenkins1000 | ip=192.168.5.186 | op=SEND_HEARTBEAT {datanodeUUID=75361d20-0014-4d84-b06d-e0cee43a4090, command=[]} | ret=SUCCESS |  
2019-08-20 18:27:49,470 | INFO  | SCMAudit | user=jenkins1000 | ip=192.168.5.186 | op=SEND_HEARTBEAT {datanodeUUID=410b0fde-0c93-4dd6-a3fa-75ce07d6351d, command=[]} | ret=SUCCESS |  
2019-08-20 18:27:49,474 | INFO  | SCMAudit | user=jenkins1000 | ip=192.168.5.186 | op=SEND_HEARTBEAT {datanodeUUID=3ebf1703-8ccb-431f-b530-5c0bec173472, command=[]} | ret=SUCCESS |  
2019-08-20 18:27:49,592 [grpc-default-executor-6] INFO  client.GrpcClientProtocolClient (GrpcClientProtocolClient.java:onNext(255)) - client-AF20C520F50F->0330fd69-8ead-45d6-95d3-ef0ad53800cd: receive RaftClientReply:client-AF20C520F50F->0330fd69-8ead-45d6-95d3-ef0ad53800cd@group-F96715C59315, cid=175, FAILED org.apache.ratis.protocol.NotLeaderException: Server 0330fd69-8ead-45d6-95d3-ef0ad53800cd is not the leader (null). Request must be sent to leader., logIndex=0, commits[0330fd69-8ead-45d6-95d3-ef0ad53800cd:c-1]
2019-08-20 18:27:49,649 | INFO  | SCMAudit | user=jenkins1000 | ip=192.168.5.186 | op=SEND_HEARTBEAT {datanodeUUID=b81439af-67f0-46d4-9ea9-2a1de01bfb7b, command=[]} | ret=SUCCESS |  
2019-08-20 18:27:50,087 | INFO  | SCMAudit | user=jenkins1000 | ip=192.168.5.186 | op=SEND_HEARTBEAT {datanodeUUID=30a77774-759b-47e5-ab65-fec5a133fac9, command=[]} | ret=SUCCESS |  
2019-08-20 18:27:50,087 | INFO  | SCMAudit | user=jenkins1000 | ip=192.168.5.186 | op=SEND_HEARTBEAT {datanodeUUID=0330fd69-8ead-45d6-95d3-ef0ad53800cd, command=[]} | ret=SUCCESS |  
2019-08-20 18:27:50,181 [Thread-3269] INFO  impl.FollowerState (FollowerState.java:run(106)) - 30a77774-759b-47e5-ab65-fec5a133fac9:group-A3F8A05E2983 changes to CANDIDATE, lastRpcTime:5022, electionTimeout:5022ms
2019-08-20 18:27:50,182 [Thread-3269] INFO  impl.RoleInfo (RoleInfo.java:shutdownFollowerState(121)) - 30a77774-759b-47e5-ab65-fec5a133fac9: shutdown FollowerState
2019-08-20 18:27:50,182 [Thread-3269] INFO  impl.RaftServerImpl (RaftServerImpl.java:setRole(171)) - 30a77774-759b-47e5-ab65-fec5a133fac9:group-A3F8A05E2983 changes role from FOLLOWER to CANDIDATE at term 0 for changeToCandidate
2019-08-20 18:27:50,182 [Thread-3269] INFO  impl.RoleInfo (RoleInfo.java:updateAndGet(143)) - 30a77774-759b-47e5-ab65-fec5a133fac9: start LeaderElection
2019-08-20 18:27:50,214 [30a77774-759b-47e5-ab65-fec5a133fac9:group-A3F8A05E2983:LeaderElection49] INFO  impl.LeaderElection (LeaderElection.java:askForVotes(181)) - 30a77774-759b-47e5-ab65-fec5a133fac9:group-A3F8A05E2983:LeaderElection49: begin an election at term 1 for -1: [30a77774-759b-47e5-ab65-fec5a133fac9:192.168.5.186:36538], old=null
2019-08-20 18:27:50,214 [30a77774-759b-47e5-ab65-fec5a133fac9:group-A3F8A05E2983:LeaderElection49] INFO  impl.RoleInfo (RoleInfo.java:shutdownLeaderElection(134)) - 30a77774-759b-47e5-ab65-fec5a133fac9: shutdown LeaderElection
2019-08-20 18:27:50,214 [30a77774-759b-47e5-ab65-fec5a133fac9:group-A3F8A05E2983:LeaderElection49] INFO  impl.RaftServerImpl (RaftServerImpl.java:setRole(171)) - 30a77774-759b-47e5-ab65-fec5a133fac9:group-A3F8A05E2983 changes role from CANDIDATE to LEADER at term 1 for changeToLeader
2019-08-20 18:27:50,215 [30a77774-759b-47e5-ab65-fec5a133fac9:group-A3F8A05E2983:LeaderElection49] INFO  impl.RaftServerImpl (ServerState.java:setLeader(263)) - 30a77774-759b-47e5-ab65-fec5a133fac9:group-A3F8A05E2983 change Leader from null to 30a77774-759b-47e5-ab65-fec5a133fac9 at term 1 for becomeLeader, leader elected after 5060ms
2019-08-20 18:27:50,215 [30a77774-759b-47e5-ab65-fec5a133fac9:group-A3F8A05E2983:LeaderElection49] INFO  server.RaftServerConfigKeys (ConfUtils.java:logGet(43)) - raft.server.staging.catchup.gap = 1000 (default)
2019-08-20 18:27:50,215 [30a77774-759b-47e5-ab65-fec5a133fac9:group-A3F8A05E2983:LeaderElection49] INFO  server.RaftServerConfigKeys (ConfUtils.java:logGet(43)) - raft.server.rpc.sleep.time = 25ms (default)
2019-08-20 18:27:50,215 [30a77774-759b-47e5-ab65-fec5a133fac9:group-A3F8A05E2983:LeaderElection49] INFO  server.RaftServerConfigKeys (ConfUtils.java:logGet(43)) - raft.server.write.element-limit = 4096 (default)
2019-08-20 18:27:50,215 [30a77774-759b-47e5-ab65-fec5a133fac9:group-A3F8A05E2983:LeaderElection49] INFO  server.RaftServerConfigKeys (ConfUtils.java:logGet(43)) - raft.server.watch.timeout = 10s (default)
2019-08-20 18:27:50,215 [30a77774-759b-47e5-ab65-fec5a133fac9:group-A3F8A05E2983:LeaderElection49] INFO  server.RaftServerConfigKeys (ConfUtils.java:logGet(43)) - raft.server.watch.timeout.denomination = 1s (default)
2019-08-20 18:27:50,215 [30a77774-759b-47e5-ab65-fec5a133fac9:group-A3F8A05E2983:LeaderElection49] INFO  server.RaftServerConfigKeys (ConfUtils.java:logGet(43)) - raft.server.watch.element-limit = 65536 (default)
2019-08-20 18:27:50,216 [30a77774-759b-47e5-ab65-fec5a133fac9:group-A3F8A05E2983:LeaderElection49] INFO  impl.RoleInfo (RoleInfo.java:updateAndGet(143)) - 30a77774-759b-47e5-ab65-fec5a133fac9: start LeaderState
2019-08-20 18:27:50,216 [30a77774-759b-47e5-ab65-fec5a133fac9:group-A3F8A05E2983:LeaderElection49] INFO  segmented.SegmentedRaftLogWorker (SegmentedRaftLogWorker.java:startLogSegment(380)) - 30a77774-759b-47e5-ab65-fec5a133fac9-SegmentedRaftLogWorker:Storage Directory /workdir/hadoop-ozone/integration-test/target/test-dir/MiniOzoneClusterImpl-9a1dce89-8836-4893-b9ec-7edc085093e3/datanode-0/data/ratis/79bb5a73-6dca-4db7-8a0e-a3f8a05e2983: Starting segment from index:0
2019-08-20 18:27:50,217 [30a77774-759b-47e5-ab65-fec5a133fac9:group-A3F8A05E2983:LeaderElection49] INFO  impl.RaftServerImpl (ServerState.java:setRaftConf(361)) - 30a77774-759b-47e5-ab65-fec5a133fac9:group-A3F8A05E2983 set configuration 0: [30a77774-759b-47e5-ab65-fec5a133fac9:192.168.5.186:36538], old=null at 0
2019-08-20 18:27:50,259 [30a77774-759b-47e5-ab65-fec5a133fac9-SegmentedRaftLogWorker:Storage Directory /workdir/hadoop-ozone/integration-test/target/test-dir/MiniOzoneClusterImpl-9a1dce89-8836-4893-b9ec-7edc085093e3/datanode-0/data/ratis/79bb5a73-6dca-4db7-8a0e-a3f8a05e2983] INFO  segmented.SegmentedRaftLogWorker (SegmentedRaftLogWorker.java:execute(569)) - 30a77774-759b-47e5-ab65-fec5a133fac9-SegmentedRaftLogWorker:Storage Directory /workdir/hadoop-ozone/integration-test/target/test-dir/MiniOzoneClusterImpl-9a1dce89-8836-4893-b9ec-7edc085093e3/datanode-0/data/ratis/79bb5a73-6dca-4db7-8a0e-a3f8a05e2983: created new log segment /workdir/hadoop-ozone/integration-test/target/test-dir/MiniOzoneClusterImpl-9a1dce89-8836-4893-b9ec-7edc085093e3/datanode-0/data/ratis/79bb5a73-6dca-4db7-8a0e-a3f8a05e2983/current/log_inprogress_0
2019-08-20 18:27:50,265 | INFO  | SCMAudit | user=jenkins1000 | ip=192.168.5.186 | op=SEND_HEARTBEAT {datanodeUUID=b8907872-efa4-4493-acc5-388a2f6162ac, command=[]} | ret=SUCCESS |  
2019-08-20 18:27:50,304 | INFO  | SCMAudit | user=jenkins1000 | ip=192.168.5.186 | op=SEND_HEARTBEAT {datanodeUUID=75361d20-0014-4d84-b06d-e0cee43a4090, command=[]} | ret=SUCCESS |  
2019-08-20 18:27:50,413 [Thread-3272] INFO  impl.FollowerState (FollowerState.java:run(106)) - 75361d20-0014-4d84-b06d-e0cee43a4090:group-36E7B0CBEE36 changes to CANDIDATE, lastRpcTime:5052, electionTimeout:5052ms
2019-08-20 18:27:50,413 [Thread-3272] INFO  impl.RoleInfo (RoleInfo.java:shutdownFollowerState(121)) - 75361d20-0014-4d84-b06d-e0cee43a4090: shutdown FollowerState
2019-08-20 18:27:50,413 [Thread-3272] INFO  impl.RaftServerImpl (RaftServerImpl.java:setRole(171)) - 75361d20-0014-4d84-b06d-e0cee43a4090:group-36E7B0CBEE36 changes role from FOLLOWER to CANDIDATE at term 0 for changeToCandidate
2019-08-20 18:27:50,413 [Thread-3272] INFO  impl.RoleInfo (RoleInfo.java:updateAndGet(143)) - 75361d20-0014-4d84-b06d-e0cee43a4090: start LeaderElection
2019-08-20 18:27:50,432 [75361d20-0014-4d84-b06d-e0cee43a4090:group-36E7B0CBEE36:LeaderElection50] INFO  impl.LeaderElection (LeaderElection.java:askForVotes(181)) - 75361d20-0014-4d84-b06d-e0cee43a4090:group-36E7B0CBEE36:LeaderElection50: begin an election at term 1 for -1: [75361d20-0014-4d84-b06d-e0cee43a4090:192.168.5.186:45094], old=null
2019-08-20 18:27:50,432 [75361d20-0014-4d84-b06d-e0cee43a4090:group-36E7B0CBEE36:LeaderElection50] INFO  impl.RoleInfo (RoleInfo.java:shutdownLeaderElection(134)) - 75361d20-0014-4d84-b06d-e0cee43a4090: shutdown LeaderElection
2019-08-20 18:27:50,432 [75361d20-0014-4d84-b06d-e0cee43a4090:group-36E7B0CBEE36:LeaderElection50] INFO  impl.RaftServerImpl (RaftServerImpl.java:setRole(171)) - 75361d20-0014-4d84-b06d-e0cee43a4090:group-36E7B0CBEE36 changes role from CANDIDATE to LEADER at term 1 for changeToLeader
2019-08-20 18:27:50,432 [75361d20-0014-4d84-b06d-e0cee43a4090:group-36E7B0CBEE36:LeaderElection50] INFO  impl.RaftServerImpl (ServerState.java:setLeader(263)) - 75361d20-0014-4d84-b06d-e0cee43a4090:group-36E7B0CBEE36 change Leader from null to 75361d20-0014-4d84-b06d-e0cee43a4090 at term 1 for becomeLeader, leader elected after 5076ms
2019-08-20 18:27:50,432 [75361d20-0014-4d84-b06d-e0cee43a4090:group-36E7B0CBEE36:LeaderElection50] INFO  server.RaftServerConfigKeys (ConfUtils.java:logGet(43)) - raft.server.staging.catchup.gap = 1000 (default)
2019-08-20 18:27:50,432 [75361d20-0014-4d84-b06d-e0cee43a4090:group-36E7B0CBEE36:LeaderElection50] INFO  server.RaftServerConfigKeys (ConfUtils.java:logGet(43)) - raft.server.rpc.sleep.time = 25ms (default)
2019-08-20 18:27:50,433 [75361d20-0014-4d84-b06d-e0cee43a4090:group-36E7B0CBEE36:LeaderElection50] INFO  server.RaftServerConfigKeys (ConfUtils.java:logGet(43)) - raft.server.write.element-limit = 4096 (default)
2019-08-20 18:27:50,433 [75361d20-0014-4d84-b06d-e0cee43a4090:group-36E7B0CBEE36:LeaderElection50] INFO  server.RaftServerConfigKeys (ConfUtils.java:logGet(43)) - raft.server.watch.timeout = 10s (default)
2019-08-20 18:27:50,433 [75361d20-0014-4d84-b06d-e0cee43a4090:group-36E7B0CBEE36:LeaderElection50] INFO  server.RaftServerConfigKeys (ConfUtils.java:logGet(43)) - raft.server.watch.timeout.denomination = 1s (default)
2019-08-20 18:27:50,433 [75361d20-0014-4d84-b06d-e0cee43a4090:group-36E7B0CBEE36:LeaderElection50] INFO  server.RaftServerConfigKeys (ConfUtils.java:logGet(43)) - raft.server.watch.element-limit = 65536 (default)
2019-08-20 18:27:50,433 [75361d20-0014-4d84-b06d-e0cee43a4090:group-36E7B0CBEE36:LeaderElection50] INFO  impl.RoleInfo (RoleInfo.java:updateAndGet(143)) - 75361d20-0014-4d84-b06d-e0cee43a4090: start LeaderState
2019-08-20 18:27:50,433 [75361d20-0014-4d84-b06d-e0cee43a4090:group-36E7B0CBEE36:LeaderElection50] INFO  segmented.SegmentedRaftLogWorker (SegmentedRaftLogWorker.java:startLogSegment(380)) - 75361d20-0014-4d84-b06d-e0cee43a4090-SegmentedRaftLogWorker:Storage Directory /workdir/hadoop-ozone/integration-test/target/test-dir/MiniOzoneClusterImpl-9a1dce89-8836-4893-b9ec-7edc085093e3/datanode-1/data/ratis/5ae2420f-16ed-4672-8cdb-36e7b0cbee36: Starting segment from index:0
2019-08-20 18:27:50,434 [75361d20-0014-4d84-b06d-e0cee43a4090:group-36E7B0CBEE36:LeaderElection50] INFO  impl.RaftServerImpl (ServerState.java:setRaftConf(361)) - 75361d20-0014-4d84-b06d-e0cee43a4090:group-36E7B0CBEE36 set configuration 0: [75361d20-0014-4d84-b06d-e0cee43a4090:192.168.5.186:45094], old=null at 0
2019-08-20 18:27:50,469 | INFO  | SCMAudit | user=jenkins1000 | ip=192.168.5.186 | op=SEND_HEARTBEAT {datanodeUUID=410b0fde-0c93-4dd6-a3fa-75ce07d6351d, command=[]} | ret=SUCCESS |  
2019-08-20 18:27:50,474 | INFO  | SCMAudit | user=jenkins1000 | ip=192.168.5.186 | op=SEND_HEARTBEAT {datanodeUUID=3ebf1703-8ccb-431f-b530-5c0bec173472, command=[]} | ret=SUCCESS |  
2019-08-20 18:27:50,479 [75361d20-0014-4d84-b06d-e0cee43a4090-SegmentedRaftLogWorker:Storage Directory /workdir/hadoop-ozone/integration-test/target/test-dir/MiniOzoneClusterImpl-9a1dce89-8836-4893-b9ec-7edc085093e3/datanode-1/data/ratis/5ae2420f-16ed-4672-8cdb-36e7b0cbee36] INFO  segmented.SegmentedRaftLogWorker (SegmentedRaftLogWorker.java:execute(569)) - 75361d20-0014-4d84-b06d-e0cee43a4090-SegmentedRaftLogWorker:Storage Directory /workdir/hadoop-ozone/integration-test/target/test-dir/MiniOzoneClusterImpl-9a1dce89-8836-4893-b9ec-7edc085093e3/datanode-1/data/ratis/5ae2420f-16ed-4672-8cdb-36e7b0cbee36: created new log segment /workdir/hadoop-ozone/integration-test/target/test-dir/MiniOzoneClusterImpl-9a1dce89-8836-4893-b9ec-7edc085093e3/datanode-1/data/ratis/5ae2420f-16ed-4672-8cdb-36e7b0cbee36/current/log_inprogress_0
2019-08-20 18:27:50,597 [Thread-3278] INFO  impl.FollowerState (FollowerState.java:run(106)) - 75361d20-0014-4d84-b06d-e0cee43a4090:group-894662AAAA7C changes to CANDIDATE, lastRpcTime:5025, electionTimeout:5025ms
2019-08-20 18:27:50,597 [Thread-3278] INFO  impl.RoleInfo (RoleInfo.java:shutdownFollowerState(121)) - 75361d20-0014-4d84-b06d-e0cee43a4090: shutdown FollowerState
2019-08-20 18:27:50,597 [Thread-3278] INFO  impl.RaftServerImpl (RaftServerImpl.java:setRole(171)) - 75361d20-0014-4d84-b06d-e0cee43a4090:group-894662AAAA7C changes role from FOLLOWER to CANDIDATE at term 0 for changeToCandidate
2019-08-20 18:27:50,597 [Thread-3278] INFO  impl.RoleInfo (RoleInfo.java:updateAndGet(143)) - 75361d20-0014-4d84-b06d-e0cee43a4090: start LeaderElection
2019-08-20 18:27:50,610 [grpc-default-executor-6] INFO  client.GrpcClientProtocolClient (GrpcClientProtocolClient.java:onNext(255)) - client-AF20C520F50F->b8907872-efa4-4493-acc5-388a2f6162ac: receive RaftClientReply:client-AF20C520F50F->b8907872-efa4-4493-acc5-388a2f6162ac@group-F96715C59315, cid=175, FAILED org.apache.ratis.protocol.NotLeaderException: Server b8907872-efa4-4493-acc5-388a2f6162ac is not the leader (null). Request must be sent to leader., logIndex=0, commits[b8907872-efa4-4493-acc5-388a2f6162ac:c-1]
2019-08-20 18:27:50,619 [75361d20-0014-4d84-b06d-e0cee43a4090:group-894662AAAA7C:LeaderElection51] INFO  impl.LeaderElection (LeaderElection.java:askForVotes(181)) - 75361d20-0014-4d84-b06d-e0cee43a4090:group-894662AAAA7C:LeaderElection51: begin an election at term 1 for -1: [75361d20-0014-4d84-b06d-e0cee43a4090:192.168.5.186:45094, 30a77774-759b-47e5-ab65-fec5a133fac9:192.168.5.186:36538, 3ebf1703-8ccb-431f-b530-5c0bec173472:192.168.5.186:46419], old=null
2019-08-20 18:27:50,624 [grpc-default-executor-6] INFO  impl.RaftServerImpl (RaftServerImpl.java:setRole(171)) - 30a77774-759b-47e5-ab65-fec5a133fac9:group-894662AAAA7C changes role from FOLLOWER to FOLLOWER at term 1 for recognizeCandidate:75361d20-0014-4d84-b06d-e0cee43a4090
2019-08-20 18:27:50,624 [grpc-default-executor-6] INFO  impl.RoleInfo (RoleInfo.java:shutdownFollowerState(121)) - 30a77774-759b-47e5-ab65-fec5a133fac9: shutdown FollowerState
2019-08-20 18:27:50,624 [grpc-default-executor-3] INFO  impl.RaftServerImpl (RaftServerImpl.java:setRole(171)) - 3ebf1703-8ccb-431f-b530-5c0bec173472:group-894662AAAA7C changes role from FOLLOWER to FOLLOWER at term 1 for recognizeCandidate:75361d20-0014-4d84-b06d-e0cee43a4090
2019-08-20 18:27:50,624 [Thread-3283] INFO  impl.FollowerState (FollowerState.java:run(114)) - 30a77774-759b-47e5-ab65-fec5a133fac9: FollowerState was interrupted: java.lang.InterruptedException: sleep interrupted
2019-08-20 18:27:50,624 [grpc-default-executor-6] INFO  impl.RoleInfo (RoleInfo.java:updateAndGet(143)) - 30a77774-759b-47e5-ab65-fec5a133fac9: start FollowerState
2019-08-20 18:27:50,624 [grpc-default-executor-3] INFO  impl.RoleInfo (RoleInfo.java:shutdownFollowerState(121)) - 3ebf1703-8ccb-431f-b530-5c0bec173472: shutdown FollowerState
2019-08-20 18:27:50,627 [grpc-default-executor-3] INFO  impl.RoleInfo (RoleInfo.java:updateAndGet(143)) - 3ebf1703-8ccb-431f-b530-5c0bec173472: start FollowerState
2019-08-20 18:27:50,627 [Thread-3282] INFO  impl.FollowerState (FollowerState.java:run(114)) - 3ebf1703-8ccb-431f-b530-5c0bec173472: FollowerState was interrupted: java.lang.InterruptedException: sleep interrupted
2019-08-20 18:27:50,645 [Thread-3275] INFO  impl.FollowerState (FollowerState.java:run(106)) - 3ebf1703-8ccb-431f-b530-5c0bec173472:group-87EC798E8439 changes to CANDIDATE, lastRpcTime:5129, electionTimeout:5129ms
2019-08-20 18:27:50,645 [Thread-3275] INFO  impl.RoleInfo (RoleInfo.java:shutdownFollowerState(121)) - 3ebf1703-8ccb-431f-b530-5c0bec173472: shutdown FollowerState
2019-08-20 18:27:50,645 [75361d20-0014-4d84-b06d-e0cee43a4090:group-894662AAAA7C:LeaderElection51] INFO  impl.LeaderElection (LeaderElection.java:logAndReturn(56)) - 75361d20-0014-4d84-b06d-e0cee43a4090:group-894662AAAA7C:LeaderElection51: Election PASSED; received 1 response(s) [75361d20-0014-4d84-b06d-e0cee43a4090<-3ebf1703-8ccb-431f-b530-5c0bec173472#0:OK-t1] and 0 exception(s); 75361d20-0014-4d84-b06d-e0cee43a4090:t1, leader=null, voted=75361d20-0014-4d84-b06d-e0cee43a4090, raftlog=75361d20-0014-4d84-b06d-e0cee43a4090-SegmentedRaftLog:OPENED:c-1,f-1,i0, conf=-1: [75361d20-0014-4d84-b06d-e0cee43a4090:192.168.5.186:45094, 30a77774-759b-47e5-ab65-fec5a133fac9:192.168.5.186:36538, 3ebf1703-8ccb-431f-b530-5c0bec173472:192.168.5.186:46419], old=null
2019-08-20 18:27:50,645 [Thread-3275] INFO  impl.RaftServerImpl (RaftServerImpl.java:setRole(171)) - 3ebf1703-8ccb-431f-b530-5c0bec173472:group-87EC798E8439 changes role from FOLLOWER to CANDIDATE at term 0 for changeToCandidate
2019-08-20 18:27:50,646 [75361d20-0014-4d84-b06d-e0cee43a4090:group-894662AAAA7C:LeaderElection51] INFO  impl.RoleInfo (RoleInfo.java:shutdownLeaderElection(134)) - 75361d20-0014-4d84-b06d-e0cee43a4090: shutdown LeaderElection
2019-08-20 18:27:50,646 [Thread-3275] INFO  impl.RoleInfo (RoleInfo.java:updateAndGet(143)) - 3ebf1703-8ccb-431f-b530-5c0bec173472: start LeaderElection
2019-08-20 18:27:50,648 [75361d20-0014-4d84-b06d-e0cee43a4090:group-894662AAAA7C:LeaderElection51] INFO  impl.RaftServerImpl (RaftServerImpl.java:setRole(171)) - 75361d20-0014-4d84-b06d-e0cee43a4090:group-894662AAAA7C changes role from CANDIDATE to LEADER at term 1 for changeToLeader
2019-08-20 18:27:50,648 [75361d20-0014-4d84-b06d-e0cee43a4090:group-894662AAAA7C:LeaderElection51] INFO  impl.RaftServerImpl (ServerState.java:setLeader(263)) - 75361d20-0014-4d84-b06d-e0cee43a4090:group-894662AAAA7C change Leader from null to 75361d20-0014-4d84-b06d-e0cee43a4090 at term 1 for becomeLeader, leader elected after 5084ms
2019-08-20 18:27:50,651 [75361d20-0014-4d84-b06d-e0cee43a4090:group-894662AAAA7C:LeaderElection51] INFO  server.RaftServerConfigKeys (ConfUtils.java:logGet(43)) - raft.server.staging.catchup.gap = 1000 (default)
2019-08-20 18:27:50,653 | INFO  | SCMAudit | user=jenkins1000 | ip=192.168.5.186 | op=SEND_HEARTBEAT {datanodeUUID=b81439af-67f0-46d4-9ea9-2a1de01bfb7b, command=[]} | ret=SUCCESS |  
2019-08-20 18:27:50,653 [75361d20-0014-4d84-b06d-e0cee43a4090:group-894662AAAA7C:LeaderElection51] INFO  server.RaftServerConfigKeys (ConfUtils.java:logGet(43)) - raft.server.rpc.sleep.time = 25ms (default)
2019-08-20 18:27:50,654 [75361d20-0014-4d84-b06d-e0cee43a4090:group-894662AAAA7C:LeaderElection51] INFO  server.RaftServerConfigKeys (ConfUtils.java:logGet(43)) - raft.server.write.element-limit = 4096 (default)
2019-08-20 18:27:50,654 [75361d20-0014-4d84-b06d-e0cee43a4090:group-894662AAAA7C:LeaderElection51] INFO  server.RaftServerConfigKeys (ConfUtils.java:logGet(43)) - raft.server.watch.timeout = 10s (default)
2019-08-20 18:27:50,654 [75361d20-0014-4d84-b06d-e0cee43a4090:group-894662AAAA7C:LeaderElection51] INFO  server.RaftServerConfigKeys (ConfUtils.java:logGet(43)) - raft.server.watch.timeout.denomination = 1s (default)
2019-08-20 18:27:50,654 [75361d20-0014-4d84-b06d-e0cee43a4090:group-894662AAAA7C:LeaderElection51] INFO  server.RaftServerConfigKeys (ConfUtils.java:logGet(43)) - raft.server.watch.element-limit = 65536 (default)
2019-08-20 18:27:50,654 [75361d20-0014-4d84-b06d-e0cee43a4090:group-894662AAAA7C:LeaderElection51] INFO  server.RaftServerConfigKeys (ConfUtils.java:logGet(43)) - raft.server.log.appender.snapshot.chunk.size.max = 16MB (=16777216) (default)
2019-08-20 18:27:50,655 [75361d20-0014-4d84-b06d-e0cee43a4090:group-894662AAAA7C:LeaderElection51] INFO  server.RaftServerConfigKeys (ConfUtils.java:logGet(43)) - raft.server.log.appender.buffer.byte-limit = 33554432 (custom)
2019-08-20 18:27:50,655 [75361d20-0014-4d84-b06d-e0cee43a4090:group-894662AAAA7C:LeaderElection51] INFO  server.RaftServerConfigKeys (ConfUtils.java:logGet(43)) - raft.server.log.appender.buffer.element-limit = 1 (custom)
2019-08-20 18:27:50,655 [75361d20-0014-4d84-b06d-e0cee43a4090:group-894662AAAA7C:LeaderElection51] INFO  grpc.GrpcConfigKeys$Server (ConfUtils.java:logGet(43)) - raft.grpc.server.leader.outstanding.appends.max = 128 (default)
2019-08-20 18:27:50,655 [75361d20-0014-4d84-b06d-e0cee43a4090:group-894662AAAA7C:LeaderElection51] INFO  server.RaftServerConfigKeys (ConfUtils.java:logGet(43)) - raft.server.rpc.request.timeout = 3000ms (default)
2019-08-20 18:27:50,656 [75361d20-0014-4d84-b06d-e0cee43a4090:group-894662AAAA7C:LeaderElection51] INFO  server.RaftServerConfigKeys (ConfUtils.java:logGet(43)) - raft.server.log.appender.install.snapshot.enabled = false (custom)
2019-08-20 18:27:50,656 [75361d20-0014-4d84-b06d-e0cee43a4090:group-894662AAAA7C:LeaderElection51] INFO  server.RaftServerConfigKeys (ConfUtils.java:logGet(43)) - raft.server.log.appender.snapshot.chunk.size.max = 16MB (=16777216) (default)
2019-08-20 18:27:50,656 [75361d20-0014-4d84-b06d-e0cee43a4090:group-894662AAAA7C:LeaderElection51] INFO  server.RaftServerConfigKeys (ConfUtils.java:logGet(43)) - raft.server.log.appender.buffer.byte-limit = 33554432 (custom)
2019-08-20 18:27:50,656 [75361d20-0014-4d84-b06d-e0cee43a4090:group-894662AAAA7C:LeaderElection51] INFO  server.RaftServerConfigKeys (ConfUtils.java:logGet(43)) - raft.server.log.appender.buffer.element-limit = 1 (custom)
2019-08-20 18:27:50,656 [75361d20-0014-4d84-b06d-e0cee43a4090:group-894662AAAA7C:LeaderElection51] INFO  grpc.GrpcConfigKeys$Server (ConfUtils.java:logGet(43)) - raft.grpc.server.leader.outstanding.appends.max = 128 (default)
2019-08-20 18:27:50,657 [75361d20-0014-4d84-b06d-e0cee43a4090:group-894662AAAA7C:LeaderElection51] INFO  server.RaftServerConfigKeys (ConfUtils.java:logGet(43)) - raft.server.rpc.request.timeout = 3000ms (default)
2019-08-20 18:27:50,657 [75361d20-0014-4d84-b06d-e0cee43a4090:group-894662AAAA7C:LeaderElection51] INFO  server.RaftServerConfigKeys (ConfUtils.java:logGet(43)) - raft.server.log.appender.install.snapshot.enabled = false (custom)
2019-08-20 18:27:50,657 [75361d20-0014-4d84-b06d-e0cee43a4090:group-894662AAAA7C:LeaderElection51] INFO  impl.RoleInfo (RoleInfo.java:updateAndGet(143)) - 75361d20-0014-4d84-b06d-e0cee43a4090: start LeaderState
2019-08-20 18:27:50,657 [75361d20-0014-4d84-b06d-e0cee43a4090:group-894662AAAA7C:LeaderElection51] INFO  segmented.SegmentedRaftLogWorker (SegmentedRaftLogWorker.java:startLogSegment(380)) - 75361d20-0014-4d84-b06d-e0cee43a4090-SegmentedRaftLogWorker:Storage Directory /workdir/hadoop-ozone/integration-test/target/test-dir/MiniOzoneClusterImpl-9a1dce89-8836-4893-b9ec-7edc085093e3/datanode-1/data/ratis/c6296c2a-406d-4855-8ee5-894662aaaa7c: Starting segment from index:0
2019-08-20 18:27:50,658 [75361d20-0014-4d84-b06d-e0cee43a4090:group-894662AAAA7C:LeaderElection51] INFO  impl.RaftServerImpl (ServerState.java:setRaftConf(361)) - 75361d20-0014-4d84-b06d-e0cee43a4090:group-894662AAAA7C set configuration 0: [75361d20-0014-4d84-b06d-e0cee43a4090:192.168.5.186:45094, 30a77774-759b-47e5-ab65-fec5a133fac9:192.168.5.186:36538, 3ebf1703-8ccb-431f-b530-5c0bec173472:192.168.5.186:46419], old=null at 0
2019-08-20 18:27:50,698 [3ebf1703-8ccb-431f-b530-5c0bec173472:group-87EC798E8439:LeaderElection52] INFO  impl.LeaderElection (LeaderElection.java:askForVotes(181)) - 3ebf1703-8ccb-431f-b530-5c0bec173472:group-87EC798E8439:LeaderElection52: begin an election at term 1 for -1: [3ebf1703-8ccb-431f-b530-5c0bec173472:192.168.5.186:46419], old=null
2019-08-20 18:27:50,699 [3ebf1703-8ccb-431f-b530-5c0bec173472:group-87EC798E8439:LeaderElection52] INFO  impl.RoleInfo (RoleInfo.java:shutdownLeaderElection(134)) - 3ebf1703-8ccb-431f-b530-5c0bec173472: shutdown LeaderElection
2019-08-20 18:27:50,699 [3ebf1703-8ccb-431f-b530-5c0bec173472:group-87EC798E8439:LeaderElection52] INFO  impl.RaftServerImpl (RaftServerImpl.java:setRole(171)) - 3ebf1703-8ccb-431f-b530-5c0bec173472:group-87EC798E8439 changes role from CANDIDATE to LEADER at term 1 for changeToLeader
2019-08-20 18:27:50,699 [3ebf1703-8ccb-431f-b530-5c0bec173472:group-87EC798E8439:LeaderElection52] INFO  impl.RaftServerImpl (ServerState.java:setLeader(263)) - 3ebf1703-8ccb-431f-b530-5c0bec173472:group-87EC798E8439 change Leader from null to 3ebf1703-8ccb-431f-b530-5c0bec173472 at term 1 for becomeLeader, leader elected after 5187ms
2019-08-20 18:27:50,699 [3ebf1703-8ccb-431f-b530-5c0bec173472:group-87EC798E8439:LeaderElection52] INFO  server.RaftServerConfigKeys (ConfUtils.java:logGet(43)) - raft.server.staging.catchup.gap = 1000 (default)
2019-08-20 18:27:50,699 [3ebf1703-8ccb-431f-b530-5c0bec173472:group-87EC798E8439:LeaderElection52] INFO  server.RaftServerConfigKeys (ConfUtils.java:logGet(43)) - raft.server.rpc.sleep.time = 25ms (default)
2019-08-20 18:27:50,700 [3ebf1703-8ccb-431f-b530-5c0bec173472:group-87EC798E8439:LeaderElection52] INFO  server.RaftServerConfigKeys (ConfUtils.java:logGet(43)) - raft.server.write.element-limit = 4096 (default)
2019-08-20 18:27:50,700 [3ebf1703-8ccb-431f-b530-5c0bec173472:group-87EC798E8439:LeaderElection52] INFO  server.RaftServerConfigKeys (ConfUtils.java:logGet(43)) - raft.server.watch.timeout = 10s (default)
2019-08-20 18:27:50,700 [grpc-default-executor-3] INFO  impl.RaftServerImpl (ServerState.java:setLeader(263)) - 3ebf1703-8ccb-431f-b530-5c0bec173472:group-894662AAAA7C change Leader from null to 75361d20-0014-4d84-b06d-e0cee43a4090 at term 1 for appendEntries, leader elected after 5136ms
2019-08-20 18:27:50,700 [3ebf1703-8ccb-431f-b530-5c0bec173472:group-87EC798E8439:LeaderElection52] INFO  server.RaftServerConfigKeys (ConfUtils.java:logGet(43)) - raft.server.watch.timeout.denomination = 1s (default)
2019-08-20 18:27:50,700 [grpc-default-executor-6] INFO  impl.RaftServerImpl (ServerState.java:setLeader(263)) - 30a77774-759b-47e5-ab65-fec5a133fac9:group-894662AAAA7C change Leader from null to 75361d20-0014-4d84-b06d-e0cee43a4090 at term 1 for appendEntries, leader elected after 5136ms
2019-08-20 18:27:50,700 [3ebf1703-8ccb-431f-b530-5c0bec173472:group-87EC798E8439:LeaderElection52] INFO  server.RaftServerConfigKeys (ConfUtils.java:logGet(43)) - raft.server.watch.element-limit = 65536 (default)
2019-08-20 18:27:50,703 [3ebf1703-8ccb-431f-b530-5c0bec173472:group-87EC798E8439:LeaderElection52] INFO  impl.RoleInfo (RoleInfo.java:updateAndGet(143)) - 3ebf1703-8ccb-431f-b530-5c0bec173472: start LeaderState
2019-08-20 18:27:50,714 [75361d20-0014-4d84-b06d-e0cee43a4090-SegmentedRaftLogWorker:Storage Directory /workdir/hadoop-ozone/integration-test/target/test-dir/MiniOzoneClusterImpl-9a1dce89-8836-4893-b9ec-7edc085093e3/datanode-1/data/ratis/c6296c2a-406d-4855-8ee5-894662aaaa7c] INFO  segmented.SegmentedRaftLogWorker (SegmentedRaftLogWorker.java:execute(569)) - 75361d20-0014-4d84-b06d-e0cee43a4090-SegmentedRaftLogWorker:Storage Directory /workdir/hadoop-ozone/integration-test/target/test-dir/MiniOzoneClusterImpl-9a1dce89-8836-4893-b9ec-7edc085093e3/datanode-1/data/ratis/c6296c2a-406d-4855-8ee5-894662aaaa7c: created new log segment /workdir/hadoop-ozone/integration-test/target/test-dir/MiniOzoneClusterImpl-9a1dce89-8836-4893-b9ec-7edc085093e3/datanode-1/data/ratis/c6296c2a-406d-4855-8ee5-894662aaaa7c/current/log_inprogress_0
2019-08-20 18:27:50,715 [3ebf1703-8ccb-431f-b530-5c0bec173472:group-87EC798E8439:LeaderElection52] INFO  segmented.SegmentedRaftLogWorker (SegmentedRaftLogWorker.java:startLogSegment(380)) - 3ebf1703-8ccb-431f-b530-5c0bec173472-SegmentedRaftLogWorker:Storage Directory /workdir/hadoop-ozone/integration-test/target/test-dir/MiniOzoneClusterImpl-9a1dce89-8836-4893-b9ec-7edc085093e3/datanode-2/data/ratis/4b5b6a95-ace7-4030-9ff8-87ec798e8439: Starting segment from index:0
2019-08-20 18:27:50,716 [3ebf1703-8ccb-431f-b530-5c0bec173472:group-87EC798E8439:LeaderElection52] INFO  impl.RaftServerImpl (ServerState.java:setRaftConf(361)) - 3ebf1703-8ccb-431f-b530-5c0bec173472:group-87EC798E8439 set configuration 0: [3ebf1703-8ccb-431f-b530-5c0bec173472:192.168.5.186:46419], old=null at 0
2019-08-20 18:27:50,760 [grpc-default-executor-3] INFO  impl.RaftServerImpl (ServerState.java:setRaftConf(361)) - 3ebf1703-8ccb-431f-b530-5c0bec173472:group-894662AAAA7C set configuration 0: [75361d20-0014-4d84-b06d-e0cee43a4090:192.168.5.186:45094, 30a77774-759b-47e5-ab65-fec5a133fac9:192.168.5.186:36538, 3ebf1703-8ccb-431f-b530-5c0bec173472:192.168.5.186:46419], old=null at 0
2019-08-20 18:27:50,760 [grpc-default-executor-6] INFO  impl.RaftServerImpl (ServerState.java:setRaftConf(361)) - 30a77774-759b-47e5-ab65-fec5a133fac9:group-894662AAAA7C set configuration 0: [75361d20-0014-4d84-b06d-e0cee43a4090:192.168.5.186:45094, 30a77774-759b-47e5-ab65-fec5a133fac9:192.168.5.186:36538, 3ebf1703-8ccb-431f-b530-5c0bec173472:192.168.5.186:46419], old=null at 0
2019-08-20 18:27:50,760 [grpc-default-executor-3] INFO  segmented.SegmentedRaftLogWorker (SegmentedRaftLogWorker.java:startLogSegment(380)) - 3ebf1703-8ccb-431f-b530-5c0bec173472-SegmentedRaftLogWorker:Storage Directory /workdir/hadoop-ozone/integration-test/target/test-dir/MiniOzoneClusterImpl-9a1dce89-8836-4893-b9ec-7edc085093e3/datanode-2/data/ratis/c6296c2a-406d-4855-8ee5-894662aaaa7c: Starting segment from index:0
2019-08-20 18:27:50,761 [grpc-default-executor-6] INFO  segmented.SegmentedRaftLogWorker (SegmentedRaftLogWorker.java:startLogSegment(380)) - 30a77774-759b-47e5-ab65-fec5a133fac9-SegmentedRaftLogWorker:Storage Directory /workdir/hadoop-ozone/integration-test/target/test-dir/MiniOzoneClusterImpl-9a1dce89-8836-4893-b9ec-7edc085093e3/datanode-0/data/ratis/c6296c2a-406d-4855-8ee5-894662aaaa7c: Starting segment from index:0
2019-08-20 18:27:50,769 [3ebf1703-8ccb-431f-b530-5c0bec173472-SegmentedRaftLogWorker:Storage Directory /workdir/hadoop-ozone/integration-test/target/test-dir/MiniOzoneClusterImpl-9a1dce89-8836-4893-b9ec-7edc085093e3/datanode-2/data/ratis/4b5b6a95-ace7-4030-9ff8-87ec798e8439] INFO  segmented.SegmentedRaftLogWorker (SegmentedRaftLogWorker.java:execute(569)) - 3ebf1703-8ccb-431f-b530-5c0bec173472-SegmentedRaftLogWorker:Storage Directory /workdir/hadoop-ozone/integration-test/target/test-dir/MiniOzoneClusterImpl-9a1dce89-8836-4893-b9ec-7edc085093e3/datanode-2/data/ratis/4b5b6a95-ace7-4030-9ff8-87ec798e8439: created new log segment /workdir/hadoop-ozone/integration-test/target/test-dir/MiniOzoneClusterImpl-9a1dce89-8836-4893-b9ec-7edc085093e3/datanode-2/data/ratis/4b5b6a95-ace7-4030-9ff8-87ec798e8439/current/log_inprogress_0
2019-08-20 18:27:50,813 [30a77774-759b-47e5-ab65-fec5a133fac9-SegmentedRaftLogWorker:Storage Directory /workdir/hadoop-ozone/integration-test/target/test-dir/MiniOzoneClusterImpl-9a1dce89-8836-4893-b9ec-7edc085093e3/datanode-0/data/ratis/c6296c2a-406d-4855-8ee5-894662aaaa7c] INFO  segmented.SegmentedRaftLogWorker (SegmentedRaftLogWorker.java:execute(569)) - 30a77774-759b-47e5-ab65-fec5a133fac9-SegmentedRaftLogWorker:Storage Directory /workdir/hadoop-ozone/integration-test/target/test-dir/MiniOzoneClusterImpl-9a1dce89-8836-4893-b9ec-7edc085093e3/datanode-0/data/ratis/c6296c2a-406d-4855-8ee5-894662aaaa7c: created new log segment /workdir/hadoop-ozone/integration-test/target/test-dir/MiniOzoneClusterImpl-9a1dce89-8836-4893-b9ec-7edc085093e3/datanode-0/data/ratis/c6296c2a-406d-4855-8ee5-894662aaaa7c/current/log_inprogress_0
2019-08-20 18:27:50,814 [3ebf1703-8ccb-431f-b530-5c0bec173472-SegmentedRaftLogWorker:Storage Directory /workdir/hadoop-ozone/integration-test/target/test-dir/MiniOzoneClusterImpl-9a1dce89-8836-4893-b9ec-7edc085093e3/datanode-2/data/ratis/c6296c2a-406d-4855-8ee5-894662aaaa7c] INFO  segmented.SegmentedRaftLogWorker (SegmentedRaftLogWorker.java:execute(569)) - 3ebf1703-8ccb-431f-b530-5c0bec173472-SegmentedRaftLogWorker:Storage Directory /workdir/hadoop-ozone/integration-test/target/test-dir/MiniOzoneClusterImpl-9a1dce89-8836-4893-b9ec-7edc085093e3/datanode-2/data/ratis/c6296c2a-406d-4855-8ee5-894662aaaa7c: created new log segment /workdir/hadoop-ozone/integration-test/target/test-dir/MiniOzoneClusterImpl-9a1dce89-8836-4893-b9ec-7edc085093e3/datanode-2/data/ratis/c6296c2a-406d-4855-8ee5-894662aaaa7c/current/log_inprogress_0
2019-08-20 18:27:50,855 [Thread-3287] INFO  impl.FollowerState (FollowerState.java:run(106)) - b81439af-67f0-46d4-9ea9-2a1de01bfb7b:group-3EB48B9CE895 changes to CANDIDATE, lastRpcTime:5163, electionTimeout:5163ms
2019-08-20 18:27:50,855 [Thread-3287] INFO  impl.RoleInfo (RoleInfo.java:shutdownFollowerState(121)) - b81439af-67f0-46d4-9ea9-2a1de01bfb7b: shutdown FollowerState
2019-08-20 18:27:50,855 [Thread-3287] INFO  impl.RaftServerImpl (RaftServerImpl.java:setRole(171)) - b81439af-67f0-46d4-9ea9-2a1de01bfb7b:group-3EB48B9CE895 changes role from FOLLOWER to CANDIDATE at term 0 for changeToCandidate
2019-08-20 18:27:50,855 [Thread-3287] INFO  impl.RoleInfo (RoleInfo.java:updateAndGet(143)) - b81439af-67f0-46d4-9ea9-2a1de01bfb7b: start LeaderElection
2019-08-20 18:27:50,875 [b81439af-67f0-46d4-9ea9-2a1de01bfb7b:group-3EB48B9CE895:LeaderElection53] INFO  impl.LeaderElection (LeaderElection.java:askForVotes(181)) - b81439af-67f0-46d4-9ea9-2a1de01bfb7b:group-3EB48B9CE895:LeaderElection53: begin an election at term 1 for -1: [b81439af-67f0-46d4-9ea9-2a1de01bfb7b:192.168.5.186:37071], old=null
2019-08-20 18:27:50,875 [b81439af-67f0-46d4-9ea9-2a1de01bfb7b:group-3EB48B9CE895:LeaderElection53] INFO  impl.RoleInfo (RoleInfo.java:shutdownLeaderElection(134)) - b81439af-67f0-46d4-9ea9-2a1de01bfb7b: shutdown LeaderElection
2019-08-20 18:27:50,875 [b81439af-67f0-46d4-9ea9-2a1de01bfb7b:group-3EB48B9CE895:LeaderElection53] INFO  impl.RaftServerImpl (RaftServerImpl.java:setRole(171)) - b81439af-67f0-46d4-9ea9-2a1de01bfb7b:group-3EB48B9CE895 changes role from CANDIDATE to LEADER at term 1 for changeToLeader
2019-08-20 18:27:50,875 [b81439af-67f0-46d4-9ea9-2a1de01bfb7b:group-3EB48B9CE895:LeaderElection53] INFO  impl.RaftServerImpl (ServerState.java:setLeader(263)) - b81439af-67f0-46d4-9ea9-2a1de01bfb7b:group-3EB48B9CE895 change Leader from null to b81439af-67f0-46d4-9ea9-2a1de01bfb7b at term 1 for becomeLeader, leader elected after 5189ms
2019-08-20 18:27:50,875 [b81439af-67f0-46d4-9ea9-2a1de01bfb7b:group-3EB48B9CE895:LeaderElection53] INFO  server.RaftServerConfigKeys (ConfUtils.java:logGet(43)) - raft.server.staging.catchup.gap = 1000 (default)
2019-08-20 18:27:50,876 [b81439af-67f0-46d4-9ea9-2a1de01bfb7b:group-3EB48B9CE895:LeaderElection53] INFO  server.RaftServerConfigKeys (ConfUtils.java:logGet(43)) - raft.server.rpc.sleep.time = 25ms (default)
2019-08-20 18:27:50,876 [b81439af-67f0-46d4-9ea9-2a1de01bfb7b:group-3EB48B9CE895:LeaderElection53] INFO  server.RaftServerConfigKeys (ConfUtils.java:logGet(43)) - raft.server.write.element-limit = 4096 (default)
2019-08-20 18:27:50,876 [b81439af-67f0-46d4-9ea9-2a1de01bfb7b:group-3EB48B9CE895:LeaderElection53] INFO  server.RaftServerConfigKeys (ConfUtils.java:logGet(43)) - raft.server.watch.timeout = 10s (default)
2019-08-20 18:27:50,876 [b81439af-67f0-46d4-9ea9-2a1de01bfb7b:group-3EB48B9CE895:LeaderElection53] INFO  server.RaftServerConfigKeys (ConfUtils.java:logGet(43)) - raft.server.watch.timeout.denomination = 1s (default)
2019-08-20 18:27:50,876 [b81439af-67f0-46d4-9ea9-2a1de01bfb7b:group-3EB48B9CE895:LeaderElection53] INFO  server.RaftServerConfigKeys (ConfUtils.java:logGet(43)) - raft.server.watch.element-limit = 65536 (default)
2019-08-20 18:27:50,876 [b81439af-67f0-46d4-9ea9-2a1de01bfb7b:group-3EB48B9CE895:LeaderElection53] INFO  impl.RoleInfo (RoleInfo.java:updateAndGet(143)) - b81439af-67f0-46d4-9ea9-2a1de01bfb7b: start LeaderState
2019-08-20 18:27:50,877 [b81439af-67f0-46d4-9ea9-2a1de01bfb7b:group-3EB48B9CE895:LeaderElection53] INFO  segmented.SegmentedRaftLogWorker (SegmentedRaftLogWorker.java:startLogSegment(380)) - b81439af-67f0-46d4-9ea9-2a1de01bfb7b-SegmentedRaftLogWorker:Storage Directory /workdir/hadoop-ozone/integration-test/target/test-dir/MiniOzoneClusterImpl-9a1dce89-8836-4893-b9ec-7edc085093e3/datanode-3/data/ratis/5e117430-30c7-43f0-9499-3eb48b9ce895: Starting segment from index:0
2019-08-20 18:27:50,877 [b81439af-67f0-46d4-9ea9-2a1de01bfb7b:group-3EB48B9CE895:LeaderElection53] INFO  impl.RaftServerImpl (ServerState.java:setRaftConf(361)) - b81439af-67f0-46d4-9ea9-2a1de01bfb7b:group-3EB48B9CE895 set configuration 0: [b81439af-67f0-46d4-9ea9-2a1de01bfb7b:192.168.5.186:37071], old=null at 0
2019-08-20 18:27:50,931 [b81439af-67f0-46d4-9ea9-2a1de01bfb7b-SegmentedRaftLogWorker:Storage Directory /workdir/hadoop-ozone/integration-test/target/test-dir/MiniOzoneClusterImpl-9a1dce89-8836-4893-b9ec-7edc085093e3/datanode-3/data/ratis/5e117430-30c7-43f0-9499-3eb48b9ce895] INFO  segmented.SegmentedRaftLogWorker (SegmentedRaftLogWorker.java:execute(569)) - b81439af-67f0-46d4-9ea9-2a1de01bfb7b-SegmentedRaftLogWorker:Storage Directory /workdir/hadoop-ozone/integration-test/target/test-dir/MiniOzoneClusterImpl-9a1dce89-8836-4893-b9ec-7edc085093e3/datanode-3/data/ratis/5e117430-30c7-43f0-9499-3eb48b9ce895: created new log segment /workdir/hadoop-ozone/integration-test/target/test-dir/MiniOzoneClusterImpl-9a1dce89-8836-4893-b9ec-7edc085093e3/datanode-3/data/ratis/5e117430-30c7-43f0-9499-3eb48b9ce895/current/log_inprogress_0
2019-08-20 18:27:51,087 | INFO  | SCMAudit | user=jenkins1000 | ip=192.168.5.186 | op=SEND_HEARTBEAT {datanodeUUID=30a77774-759b-47e5-ab65-fec5a133fac9, command=[]} | ret=SUCCESS |  
2019-08-20 18:27:51,087 | INFO  | SCMAudit | user=jenkins1000 | ip=192.168.5.186 | op=SEND_HEARTBEAT {datanodeUUID=0330fd69-8ead-45d6-95d3-ef0ad53800cd, command=[]} | ret=SUCCESS |  
2019-08-20 18:27:51,265 | INFO  | SCMAudit | user=jenkins1000 | ip=192.168.5.186 | op=SEND_HEARTBEAT {datanodeUUID=b8907872-efa4-4493-acc5-388a2f6162ac, command=[]} | ret=SUCCESS |  
2019-08-20 18:27:51,304 | INFO  | SCMAudit | user=jenkins1000 | ip=192.168.5.186 | op=SEND_HEARTBEAT {datanodeUUID=75361d20-0014-4d84-b06d-e0cee43a4090, command=[]} | ret=SUCCESS |  
2019-08-20 18:27:51,328 [Thread-3290] INFO  impl.FollowerState (FollowerState.java:run(106)) - 0330fd69-8ead-45d6-95d3-ef0ad53800cd:group-839C8DDC001A changes to CANDIDATE, lastRpcTime:5194, electionTimeout:5194ms
2019-08-20 18:27:51,328 [Thread-3290] INFO  impl.RoleInfo (RoleInfo.java:shutdownFollowerState(121)) - 0330fd69-8ead-45d6-95d3-ef0ad53800cd: shutdown FollowerState
2019-08-20 18:27:51,328 [Thread-3290] INFO  impl.RaftServerImpl (RaftServerImpl.java:setRole(171)) - 0330fd69-8ead-45d6-95d3-ef0ad53800cd:group-839C8DDC001A changes role from FOLLOWER to CANDIDATE at term 0 for changeToCandidate
2019-08-20 18:27:51,328 [Thread-3290] INFO  impl.RoleInfo (RoleInfo.java:updateAndGet(143)) - 0330fd69-8ead-45d6-95d3-ef0ad53800cd: start LeaderElection
2019-08-20 18:27:51,348 [0330fd69-8ead-45d6-95d3-ef0ad53800cd:group-839C8DDC001A:LeaderElection54] INFO  impl.LeaderElection (LeaderElection.java:askForVotes(181)) - 0330fd69-8ead-45d6-95d3-ef0ad53800cd:group-839C8DDC001A:LeaderElection54: begin an election at term 1 for -1: [0330fd69-8ead-45d6-95d3-ef0ad53800cd:192.168.5.186:39049], old=null
2019-08-20 18:27:51,348 [0330fd69-8ead-45d6-95d3-ef0ad53800cd:group-839C8DDC001A:LeaderElection54] INFO  impl.RoleInfo (RoleInfo.java:shutdownLeaderElection(134)) - 0330fd69-8ead-45d6-95d3-ef0ad53800cd: shutdown LeaderElection
2019-08-20 18:27:51,348 [0330fd69-8ead-45d6-95d3-ef0ad53800cd:group-839C8DDC001A:LeaderElection54] INFO  impl.RaftServerImpl (RaftServerImpl.java:setRole(171)) - 0330fd69-8ead-45d6-95d3-ef0ad53800cd:group-839C8DDC001A changes role from CANDIDATE to LEADER at term 1 for changeToLeader
2019-08-20 18:27:51,348 [0330fd69-8ead-45d6-95d3-ef0ad53800cd:group-839C8DDC001A:LeaderElection54] INFO  impl.RaftServerImpl (ServerState.java:setLeader(263)) - 0330fd69-8ead-45d6-95d3-ef0ad53800cd:group-839C8DDC001A change Leader from null to 0330fd69-8ead-45d6-95d3-ef0ad53800cd at term 1 for becomeLeader, leader elected after 5219ms
2019-08-20 18:27:51,349 [0330fd69-8ead-45d6-95d3-ef0ad53800cd:group-839C8DDC001A:LeaderElection54] INFO  server.RaftServerConfigKeys (ConfUtils.java:logGet(43)) - raft.server.staging.catchup.gap = 1000 (default)
2019-08-20 18:27:51,349 [0330fd69-8ead-45d6-95d3-ef0ad53800cd:group-839C8DDC001A:LeaderElection54] INFO  server.RaftServerConfigKeys (ConfUtils.java:logGet(43)) - raft.server.rpc.sleep.time = 25ms (default)
2019-08-20 18:27:51,349 [0330fd69-8ead-45d6-95d3-ef0ad53800cd:group-839C8DDC001A:LeaderElection54] INFO  server.RaftServerConfigKeys (ConfUtils.java:logGet(43)) - raft.server.write.element-limit = 4096 (default)
2019-08-20 18:27:51,349 [0330fd69-8ead-45d6-95d3-ef0ad53800cd:group-839C8DDC001A:LeaderElection54] INFO  server.RaftServerConfigKeys (ConfUtils.java:logGet(43)) - raft.server.watch.timeout = 10s (default)
2019-08-20 18:27:51,349 [0330fd69-8ead-45d6-95d3-ef0ad53800cd:group-839C8DDC001A:LeaderElection54] INFO  server.RaftServerConfigKeys (ConfUtils.java:logGet(43)) - raft.server.watch.timeout.denomination = 1s (default)
2019-08-20 18:27:51,349 [0330fd69-8ead-45d6-95d3-ef0ad53800cd:group-839C8DDC001A:LeaderElection54] INFO  server.RaftServerConfigKeys (ConfUtils.java:logGet(43)) - raft.server.watch.element-limit = 65536 (default)
2019-08-20 18:27:51,350 [0330fd69-8ead-45d6-95d3-ef0ad53800cd:group-839C8DDC001A:LeaderElection54] INFO  impl.RoleInfo (RoleInfo.java:updateAndGet(143)) - 0330fd69-8ead-45d6-95d3-ef0ad53800cd: start LeaderState
2019-08-20 18:27:51,350 [0330fd69-8ead-45d6-95d3-ef0ad53800cd:group-839C8DDC001A:LeaderElection54] INFO  segmented.SegmentedRaftLogWorker (SegmentedRaftLogWorker.java:startLogSegment(380)) - 0330fd69-8ead-45d6-95d3-ef0ad53800cd-SegmentedRaftLogWorker:Storage Directory /workdir/hadoop-ozone/integration-test/target/test-dir/MiniOzoneClusterImpl-9a1dce89-8836-4893-b9ec-7edc085093e3/datanode-4/data/ratis/5bb85a75-9fa1-42cf-a8b4-839c8ddc001a: Starting segment from index:0
2019-08-20 18:27:51,350 [0330fd69-8ead-45d6-95d3-ef0ad53800cd:group-839C8DDC001A:LeaderElection54] INFO  impl.RaftServerImpl (ServerState.java:setRaftConf(361)) - 0330fd69-8ead-45d6-95d3-ef0ad53800cd:group-839C8DDC001A set configuration 0: [0330fd69-8ead-45d6-95d3-ef0ad53800cd:192.168.5.186:39049], old=null at 0
2019-08-20 18:27:51,411 [0330fd69-8ead-45d6-95d3-ef0ad53800cd-SegmentedRaftLogWorker:Storage Directory /workdir/hadoop-ozone/integration-test/target/test-dir/MiniOzoneClusterImpl-9a1dce89-8836-4893-b9ec-7edc085093e3/datanode-4/data/ratis/5bb85a75-9fa1-42cf-a8b4-839c8ddc001a] INFO  segmented.SegmentedRaftLogWorker (SegmentedRaftLogWorker.java:execute(569)) - 0330fd69-8ead-45d6-95d3-ef0ad53800cd-SegmentedRaftLogWorker:Storage Directory /workdir/hadoop-ozone/integration-test/target/test-dir/MiniOzoneClusterImpl-9a1dce89-8836-4893-b9ec-7edc085093e3/datanode-4/data/ratis/5bb85a75-9fa1-42cf-a8b4-839c8ddc001a: created new log segment /workdir/hadoop-ozone/integration-test/target/test-dir/MiniOzoneClusterImpl-9a1dce89-8836-4893-b9ec-7edc085093e3/datanode-4/data/ratis/5bb85a75-9fa1-42cf-a8b4-839c8ddc001a/current/log_inprogress_0
2019-08-20 18:27:51,435 [Thread-3296] INFO  impl.FollowerState (FollowerState.java:run(106)) - b8907872-efa4-4493-acc5-388a2f6162ac:group-F96715C59315 changes to CANDIDATE, lastRpcTime:5069, electionTimeout:5069ms
2019-08-20 18:27:51,435 [Thread-3296] INFO  impl.RoleInfo (RoleInfo.java:shutdownFollowerState(121)) - b8907872-efa4-4493-acc5-388a2f6162ac: shutdown FollowerState
2019-08-20 18:27:51,435 [Thread-3296] INFO  impl.RaftServerImpl (RaftServerImpl.java:setRole(171)) - b8907872-efa4-4493-acc5-388a2f6162ac:group-F96715C59315 changes role from FOLLOWER to CANDIDATE at term 0 for changeToCandidate
2019-08-20 18:27:51,435 [Thread-3296] INFO  impl.RoleInfo (RoleInfo.java:updateAndGet(143)) - b8907872-efa4-4493-acc5-388a2f6162ac: start LeaderElection
2019-08-20 18:27:51,453 [b8907872-efa4-4493-acc5-388a2f6162ac:group-F96715C59315:LeaderElection55] INFO  impl.LeaderElection (LeaderElection.java:askForVotes(181)) - b8907872-efa4-4493-acc5-388a2f6162ac:group-F96715C59315:LeaderElection55: begin an election at term 1 for -1: [b81439af-67f0-46d4-9ea9-2a1de01bfb7b:192.168.5.186:37071, b8907872-efa4-4493-acc5-388a2f6162ac:192.168.5.186:43646, 0330fd69-8ead-45d6-95d3-ef0ad53800cd:192.168.5.186:39049], old=null
2019-08-20 18:27:51,458 [grpc-default-executor-3] INFO  impl.RaftServerImpl (RaftServerImpl.java:setRole(171)) - b81439af-67f0-46d4-9ea9-2a1de01bfb7b:group-F96715C59315 changes role from FOLLOWER to FOLLOWER at term 1 for recognizeCandidate:b8907872-efa4-4493-acc5-388a2f6162ac
2019-08-20 18:27:51,459 [grpc-default-executor-6] INFO  impl.RaftServerImpl (RaftServerImpl.java:setRole(171)) - 0330fd69-8ead-45d6-95d3-ef0ad53800cd:group-F96715C59315 changes role from FOLLOWER to FOLLOWER at term 1 for recognizeCandidate:b8907872-efa4-4493-acc5-388a2f6162ac
2019-08-20 18:27:51,459 [grpc-default-executor-3] INFO  impl.RoleInfo (RoleInfo.java:shutdownFollowerState(121)) - b81439af-67f0-46d4-9ea9-2a1de01bfb7b: shutdown FollowerState
2019-08-20 18:27:51,459 [grpc-default-executor-6] INFO  impl.RoleInfo (RoleInfo.java:shutdownFollowerState(121)) - 0330fd69-8ead-45d6-95d3-ef0ad53800cd: shutdown FollowerState
2019-08-20 18:27:51,459 [grpc-default-executor-3] INFO  impl.RoleInfo (RoleInfo.java:updateAndGet(143)) - b81439af-67f0-46d4-9ea9-2a1de01bfb7b: start FollowerState
2019-08-20 18:27:51,459 [Thread-3301] INFO  impl.FollowerState (FollowerState.java:run(114)) - 0330fd69-8ead-45d6-95d3-ef0ad53800cd: FollowerState was interrupted: java.lang.InterruptedException: sleep interrupted
2019-08-20 18:27:51,459 [grpc-default-executor-6] INFO  impl.RoleInfo (RoleInfo.java:updateAndGet(143)) - 0330fd69-8ead-45d6-95d3-ef0ad53800cd: start FollowerState
2019-08-20 18:27:51,459 [Thread-3300] INFO  impl.FollowerState (FollowerState.java:run(114)) - b81439af-67f0-46d4-9ea9-2a1de01bfb7b: FollowerState was interrupted: java.lang.InterruptedException: sleep interrupted
2019-08-20 18:27:51,462 [Thread-3293] INFO  impl.FollowerState (FollowerState.java:run(106)) - b8907872-efa4-4493-acc5-388a2f6162ac:group-DE5B9DF39E7A changes to CANDIDATE, lastRpcTime:5154, electionTimeout:5154ms
2019-08-20 18:27:51,465 [Thread-3293] INFO  impl.RoleInfo (RoleInfo.java:shutdownFollowerState(121)) - b8907872-efa4-4493-acc5-388a2f6162ac: shutdown FollowerState
2019-08-20 18:27:51,465 [Thread-3293] INFO  impl.RaftServerImpl (RaftServerImpl.java:setRole(171)) - b8907872-efa4-4493-acc5-388a2f6162ac:group-DE5B9DF39E7A changes role from FOLLOWER to CANDIDATE at term 0 for changeToCandidate
2019-08-20 18:27:51,465 [Thread-3293] INFO  impl.RoleInfo (RoleInfo.java:updateAndGet(143)) - b8907872-efa4-4493-acc5-388a2f6162ac: start LeaderElection
2019-08-20 18:27:51,470 | INFO  | SCMAudit | user=jenkins1000 | ip=192.168.5.186 | op=SEND_HEARTBEAT {datanodeUUID=410b0fde-0c93-4dd6-a3fa-75ce07d6351d, command=[]} | ret=SUCCESS |  
2019-08-20 18:27:51,474 | INFO  | SCMAudit | user=jenkins1000 | ip=192.168.5.186 | op=SEND_HEARTBEAT {datanodeUUID=3ebf1703-8ccb-431f-b530-5c0bec173472, command=[]} | ret=SUCCESS |  
2019-08-20 18:27:51,480 [b8907872-efa4-4493-acc5-388a2f6162ac:group-DE5B9DF39E7A:LeaderElection56] INFO  impl.LeaderElection (LeaderElection.java:askForVotes(181)) - b8907872-efa4-4493-acc5-388a2f6162ac:group-DE5B9DF39E7A:LeaderElection56: begin an election at term 1 for -1: [b8907872-efa4-4493-acc5-388a2f6162ac:192.168.5.186:43646], old=null
2019-08-20 18:27:51,481 [b8907872-efa4-4493-acc5-388a2f6162ac:group-DE5B9DF39E7A:LeaderElection56] INFO  impl.RoleInfo (RoleInfo.java:shutdownLeaderElection(134)) - b8907872-efa4-4493-acc5-388a2f6162ac: shutdown LeaderElection
2019-08-20 18:27:51,481 [b8907872-efa4-4493-acc5-388a2f6162ac:group-DE5B9DF39E7A:LeaderElection56] INFO  impl.RaftServerImpl (RaftServerImpl.java:setRole(171)) - b8907872-efa4-4493-acc5-388a2f6162ac:group-DE5B9DF39E7A changes role from CANDIDATE to LEADER at term 1 for changeToLeader
2019-08-20 18:27:51,481 [b8907872-efa4-4493-acc5-388a2f6162ac:group-DE5B9DF39E7A:LeaderElection56] INFO  impl.RaftServerImpl (ServerState.java:setLeader(263)) - b8907872-efa4-4493-acc5-388a2f6162ac:group-DE5B9DF39E7A change Leader from null to b8907872-efa4-4493-acc5-388a2f6162ac at term 1 for becomeLeader, leader elected after 5178ms
2019-08-20 18:27:51,491 [b8907872-efa4-4493-acc5-388a2f6162ac:group-DE5B9DF39E7A:LeaderElection56] INFO  server.RaftServerConfigKeys (ConfUtils.java:logGet(43)) - raft.server.staging.catchup.gap = 1000 (default)
2019-08-20 18:27:51,491 [b8907872-efa4-4493-acc5-388a2f6162ac:group-DE5B9DF39E7A:LeaderElection56] INFO  server.RaftServerConfigKeys (ConfUtils.java:logGet(43)) - raft.server.rpc.sleep.time = 25ms (default)
2019-08-20 18:27:51,491 [b8907872-efa4-4493-acc5-388a2f6162ac:group-F96715C59315:LeaderElection55] INFO  impl.LeaderElection (LeaderElection.java:logAndReturn(56)) - b8907872-efa4-4493-acc5-388a2f6162ac:group-F96715C59315:LeaderElection55: Election PASSED; received 1 response(s) [b8907872-efa4-4493-acc5-388a2f6162ac<-b81439af-67f0-46d4-9ea9-2a1de01bfb7b#0:OK-t1] and 0 exception(s); b8907872-efa4-4493-acc5-388a2f6162ac:t1, leader=null, voted=b8907872-efa4-4493-acc5-388a2f6162ac, raftlog=b8907872-efa4-4493-acc5-388a2f6162ac-SegmentedRaftLog:OPENED:c-1,f-1,i0, conf=-1: [b81439af-67f0-46d4-9ea9-2a1de01bfb7b:192.168.5.186:37071, b8907872-efa4-4493-acc5-388a2f6162ac:192.168.5.186:43646, 0330fd69-8ead-45d6-95d3-ef0ad53800cd:192.168.5.186:39049], old=null
2019-08-20 18:27:51,491 [b8907872-efa4-4493-acc5-388a2f6162ac:group-DE5B9DF39E7A:LeaderElection56] INFO  server.RaftServerConfigKeys (ConfUtils.java:logGet(43)) - raft.server.write.element-limit = 4096 (default)
2019-08-20 18:27:51,491 [b8907872-efa4-4493-acc5-388a2f6162ac:group-F96715C59315:LeaderElection55] INFO  impl.RoleInfo (RoleInfo.java:shutdownLeaderElection(134)) - b8907872-efa4-4493-acc5-388a2f6162ac: shutdown LeaderElection
2019-08-20 18:27:51,494 [b8907872-efa4-4493-acc5-388a2f6162ac:group-DE5B9DF39E7A:LeaderElection56] INFO  server.RaftServerConfigKeys (ConfUtils.java:logGet(43)) - raft.server.watch.timeout = 10s (default)
2019-08-20 18:27:51,494 [b8907872-efa4-4493-acc5-388a2f6162ac:group-DE5B9DF39E7A:LeaderElection56] INFO  server.RaftServerConfigKeys (ConfUtils.java:logGet(43)) - raft.server.watch.timeout.denomination = 1s (default)
2019-08-20 18:27:51,494 [b8907872-efa4-4493-acc5-388a2f6162ac:group-F96715C59315:LeaderElection55] INFO  impl.RaftServerImpl (RaftServerImpl.java:setRole(171)) - b8907872-efa4-4493-acc5-388a2f6162ac:group-F96715C59315 changes role from CANDIDATE to LEADER at term 1 for changeToLeader
2019-08-20 18:27:51,494 [b8907872-efa4-4493-acc5-388a2f6162ac:group-DE5B9DF39E7A:LeaderElection56] INFO  server.RaftServerConfigKeys (ConfUtils.java:logGet(43)) - raft.server.watch.element-limit = 65536 (default)
2019-08-20 18:27:51,494 [b8907872-efa4-4493-acc5-388a2f6162ac:group-F96715C59315:LeaderElection55] INFO  impl.RaftServerImpl (ServerState.java:setLeader(263)) - b8907872-efa4-4493-acc5-388a2f6162ac:group-F96715C59315 change Leader from null to b8907872-efa4-4493-acc5-388a2f6162ac at term 1 for becomeLeader, leader elected after 5137ms
2019-08-20 18:27:51,495 [b8907872-efa4-4493-acc5-388a2f6162ac:group-DE5B9DF39E7A:LeaderElection56] INFO  impl.RoleInfo (RoleInfo.java:updateAndGet(143)) - b8907872-efa4-4493-acc5-388a2f6162ac: start LeaderState
2019-08-20 18:27:51,495 [b8907872-efa4-4493-acc5-388a2f6162ac:group-F96715C59315:LeaderElection55] INFO  server.RaftServerConfigKeys (ConfUtils.java:logGet(43)) - raft.server.staging.catchup.gap = 1000 (default)
2019-08-20 18:27:51,495 [b8907872-efa4-4493-acc5-388a2f6162ac:group-F96715C59315:LeaderElection55] INFO  server.RaftServerConfigKeys (ConfUtils.java:logGet(43)) - raft.server.rpc.sleep.time = 25ms (default)
2019-08-20 18:27:51,495 [b8907872-efa4-4493-acc5-388a2f6162ac:group-DE5B9DF39E7A:LeaderElection56] INFO  segmented.SegmentedRaftLogWorker (SegmentedRaftLogWorker.java:startLogSegment(380)) - b8907872-efa4-4493-acc5-388a2f6162ac-SegmentedRaftLogWorker:Storage Directory /workdir/hadoop-ozone/integration-test/target/test-dir/MiniOzoneClusterImpl-9a1dce89-8836-4893-b9ec-7edc085093e3/datanode-5/data/ratis/94646cf4-49df-49a1-b4f5-de5b9df39e7a: Starting segment from index:0
2019-08-20 18:27:51,495 [b8907872-efa4-4493-acc5-388a2f6162ac:group-F96715C59315:LeaderElection55] INFO  server.RaftServerConfigKeys (ConfUtils.java:logGet(43)) - raft.server.write.element-limit = 4096 (default)
2019-08-20 18:27:51,495 [b8907872-efa4-4493-acc5-388a2f6162ac:group-F96715C59315:LeaderElection55] INFO  server.RaftServerConfigKeys (ConfUtils.java:logGet(43)) - raft.server.watch.timeout = 10s (default)
2019-08-20 18:27:51,496 [b8907872-efa4-4493-acc5-388a2f6162ac:group-F96715C59315:LeaderElection55] INFO  server.RaftServerConfigKeys (ConfUtils.java:logGet(43)) - raft.server.watch.timeout.denomination = 1s (default)
2019-08-20 18:27:51,496 [b8907872-efa4-4493-acc5-388a2f6162ac:group-DE5B9DF39E7A:LeaderElection56] INFO  impl.RaftServerImpl (ServerState.java:setRaftConf(361)) - b8907872-efa4-4493-acc5-388a2f6162ac:group-DE5B9DF39E7A set configuration 0: [b8907872-efa4-4493-acc5-388a2f6162ac:192.168.5.186:43646], old=null at 0
2019-08-20 18:27:51,496 [b8907872-efa4-4493-acc5-388a2f6162ac:group-F96715C59315:LeaderElection55] INFO  server.RaftServerConfigKeys (ConfUtils.java:logGet(43)) - raft.server.watch.element-limit = 65536 (default)
2019-08-20 18:27:51,543 [b8907872-efa4-4493-acc5-388a2f6162ac:group-F96715C59315:LeaderElection55] INFO  server.RaftServerConfigKeys (ConfUtils.java:logGet(43)) - raft.server.log.appender.snapshot.chunk.size.max = 16MB (=16777216) (default)
2019-08-20 18:27:51,543 [b8907872-efa4-4493-acc5-388a2f6162ac:group-F96715C59315:LeaderElection55] INFO  server.RaftServerConfigKeys (ConfUtils.java:logGet(43)) - raft.server.log.appender.buffer.byte-limit = 33554432 (custom)
2019-08-20 18:27:51,543 [b8907872-efa4-4493-acc5-388a2f6162ac:group-F96715C59315:LeaderElection55] INFO  server.RaftServerConfigKeys (ConfUtils.java:logGet(43)) - raft.server.log.appender.buffer.element-limit = 1 (custom)
2019-08-20 18:27:51,544 [b8907872-efa4-4493-acc5-388a2f6162ac:group-F96715C59315:LeaderElection55] INFO  grpc.GrpcConfigKeys$Server (ConfUtils.java:logGet(43)) - raft.grpc.server.leader.outstanding.appends.max = 128 (default)
2019-08-20 18:27:51,544 [b8907872-efa4-4493-acc5-388a2f6162ac:group-F96715C59315:LeaderElection55] INFO  server.RaftServerConfigKeys (ConfUtils.java:logGet(43)) - raft.server.rpc.request.timeout = 3000ms (default)
2019-08-20 18:27:51,544 [b8907872-efa4-4493-acc5-388a2f6162ac:group-F96715C59315:LeaderElection55] INFO  server.RaftServerConfigKeys (ConfUtils.java:logGet(43)) - raft.server.log.appender.install.snapshot.enabled = false (custom)
2019-08-20 18:27:51,544 [b8907872-efa4-4493-acc5-388a2f6162ac:group-F96715C59315:LeaderElection55] INFO  server.RaftServerConfigKeys (ConfUtils.java:logGet(43)) - raft.server.log.appender.snapshot.chunk.size.max = 16MB (=16777216) (default)
2019-08-20 18:27:51,544 [b8907872-efa4-4493-acc5-388a2f6162ac:group-F96715C59315:LeaderElection55] INFO  server.RaftServerConfigKeys (ConfUtils.java:logGet(43)) - raft.server.log.appender.buffer.byte-limit = 33554432 (custom)
2019-08-20 18:27:51,545 [b8907872-efa4-4493-acc5-388a2f6162ac:group-F96715C59315:LeaderElection55] INFO  server.RaftServerConfigKeys (ConfUtils.java:logGet(43)) - raft.server.log.appender.buffer.element-limit = 1 (custom)
2019-08-20 18:27:51,545 [b8907872-efa4-4493-acc5-388a2f6162ac:group-F96715C59315:LeaderElection55] INFO  grpc.GrpcConfigKeys$Server (ConfUtils.java:logGet(43)) - raft.grpc.server.leader.outstanding.appends.max = 128 (default)
2019-08-20 18:27:51,545 [b8907872-efa4-4493-acc5-388a2f6162ac:group-F96715C59315:LeaderElection55] INFO  server.RaftServerConfigKeys (ConfUtils.java:logGet(43)) - raft.server.rpc.request.timeout = 3000ms (default)
2019-08-20 18:27:51,545 [b8907872-efa4-4493-acc5-388a2f6162ac:group-F96715C59315:LeaderElection55] INFO  server.RaftServerConfigKeys (ConfUtils.java:logGet(43)) - raft.server.log.appender.install.snapshot.enabled = false (custom)
2019-08-20 18:27:51,546 [b8907872-efa4-4493-acc5-388a2f6162ac:group-F96715C59315:LeaderElection55] INFO  impl.RoleInfo (RoleInfo.java:updateAndGet(143)) - b8907872-efa4-4493-acc5-388a2f6162ac: start LeaderState
2019-08-20 18:27:51,546 [b8907872-efa4-4493-acc5-388a2f6162ac:group-F96715C59315:LeaderElection55] INFO  segmented.SegmentedRaftLogWorker (SegmentedRaftLogWorker.java:startLogSegment(380)) - b8907872-efa4-4493-acc5-388a2f6162ac-SegmentedRaftLogWorker:Storage Directory /workdir/hadoop-ozone/integration-test/target/test-dir/MiniOzoneClusterImpl-9a1dce89-8836-4893-b9ec-7edc085093e3/datanode-5/data/ratis/614e5141-bdf3-4559-8dbb-f96715c59315: Starting segment from index:0
2019-08-20 18:27:51,547 [b8907872-efa4-4493-acc5-388a2f6162ac:group-F96715C59315:LeaderElection55] INFO  impl.RaftServerImpl (ServerState.java:setRaftConf(361)) - b8907872-efa4-4493-acc5-388a2f6162ac:group-F96715C59315 set configuration 0: [b81439af-67f0-46d4-9ea9-2a1de01bfb7b:192.168.5.186:37071, b8907872-efa4-4493-acc5-388a2f6162ac:192.168.5.186:43646, 0330fd69-8ead-45d6-95d3-ef0ad53800cd:192.168.5.186:39049], old=null at 0
2019-08-20 18:27:51,586 [b8907872-efa4-4493-acc5-388a2f6162ac-SegmentedRaftLogWorker:Storage Directory /workdir/hadoop-ozone/integration-test/target/test-dir/MiniOzoneClusterImpl-9a1dce89-8836-4893-b9ec-7edc085093e3/datanode-5/data/ratis/94646cf4-49df-49a1-b4f5-de5b9df39e7a] INFO  segmented.SegmentedRaftLogWorker (SegmentedRaftLogWorker.java:execute(569)) - b8907872-efa4-4493-acc5-388a2f6162ac-SegmentedRaftLogWorker:Storage Directory /workdir/hadoop-ozone/integration-test/target/test-dir/MiniOzoneClusterImpl-9a1dce89-8836-4893-b9ec-7edc085093e3/datanode-5/data/ratis/94646cf4-49df-49a1-b4f5-de5b9df39e7a: created new log segment /workdir/hadoop-ozone/integration-test/target/test-dir/MiniOzoneClusterImpl-9a1dce89-8836-4893-b9ec-7edc085093e3/datanode-5/data/ratis/94646cf4-49df-49a1-b4f5-de5b9df39e7a/current/log_inprogress_0
2019-08-20 18:27:51,589 [grpc-default-executor-6] INFO  impl.RaftServerImpl (ServerState.java:setLeader(263)) - b81439af-67f0-46d4-9ea9-2a1de01bfb7b:group-F96715C59315 change Leader from null to b8907872-efa4-4493-acc5-388a2f6162ac at term 1 for appendEntries, leader elected after 5232ms
2019-08-20 18:27:51,589 [grpc-default-executor-3] INFO  impl.RaftServerImpl (ServerState.java:setLeader(263)) - 0330fd69-8ead-45d6-95d3-ef0ad53800cd:group-F96715C59315 change Leader from null to b8907872-efa4-4493-acc5-388a2f6162ac at term 1 for appendEntries, leader elected after 5231ms
2019-08-20 18:27:51,594 [grpc-default-executor-6] INFO  impl.RaftServerImpl (ServerState.java:setRaftConf(361)) - b81439af-67f0-46d4-9ea9-2a1de01bfb7b:group-F96715C59315 set configuration 0: [b81439af-67f0-46d4-9ea9-2a1de01bfb7b:192.168.5.186:37071, b8907872-efa4-4493-acc5-388a2f6162ac:192.168.5.186:43646, 0330fd69-8ead-45d6-95d3-ef0ad53800cd:192.168.5.186:39049], old=null at 0
2019-08-20 18:27:51,594 [grpc-default-executor-6] INFO  segmented.SegmentedRaftLogWorker (SegmentedRaftLogWorker.java:startLogSegment(380)) - b81439af-67f0-46d4-9ea9-2a1de01bfb7b-SegmentedRaftLogWorker:Storage Directory /workdir/hadoop-ozone/integration-test/target/test-dir/MiniOzoneClusterImpl-9a1dce89-8836-4893-b9ec-7edc085093e3/datanode-3/data/ratis/614e5141-bdf3-4559-8dbb-f96715c59315: Starting segment from index:0
2019-08-20 18:27:51,594 [grpc-default-executor-3] INFO  impl.RaftServerImpl (ServerState.java:setRaftConf(361)) - 0330fd69-8ead-45d6-95d3-ef0ad53800cd:group-F96715C59315 set configuration 0: [b81439af-67f0-46d4-9ea9-2a1de01bfb7b:192.168.5.186:37071, b8907872-efa4-4493-acc5-388a2f6162ac:192.168.5.186:43646, 0330fd69-8ead-45d6-95d3-ef0ad53800cd:192.168.5.186:39049], old=null at 0
2019-08-20 18:27:51,595 [grpc-default-executor-3] INFO  segmented.SegmentedRaftLogWorker (SegmentedRaftLogWorker.java:startLogSegment(380)) - 0330fd69-8ead-45d6-95d3-ef0ad53800cd-SegmentedRaftLogWorker:Storage Directory /workdir/hadoop-ozone/integration-test/target/test-dir/MiniOzoneClusterImpl-9a1dce89-8836-4893-b9ec-7edc085093e3/datanode-4/data/ratis/614e5141-bdf3-4559-8dbb-f96715c59315: Starting segment from index:0
2019-08-20 18:27:51,598 [b8907872-efa4-4493-acc5-388a2f6162ac-SegmentedRaftLogWorker:Storage Directory /workdir/hadoop-ozone/integration-test/target/test-dir/MiniOzoneClusterImpl-9a1dce89-8836-4893-b9ec-7edc085093e3/datanode-5/data/ratis/614e5141-bdf3-4559-8dbb-f96715c59315] INFO  segmented.SegmentedRaftLogWorker (SegmentedRaftLogWorker.java:execute(569)) - b8907872-efa4-4493-acc5-388a2f6162ac-SegmentedRaftLogWorker:Storage Directory /workdir/hadoop-ozone/integration-test/target/test-dir/MiniOzoneClusterImpl-9a1dce89-8836-4893-b9ec-7edc085093e3/datanode-5/data/ratis/614e5141-bdf3-4559-8dbb-f96715c59315: created new log segment /workdir/hadoop-ozone/integration-test/target/test-dir/MiniOzoneClusterImpl-9a1dce89-8836-4893-b9ec-7edc085093e3/datanode-5/data/ratis/614e5141-bdf3-4559-8dbb-f96715c59315/current/log_inprogress_0
2019-08-20 18:27:51,649 | INFO  | SCMAudit | user=jenkins1000 | ip=192.168.5.186 | op=SEND_HEARTBEAT {datanodeUUID=b81439af-67f0-46d4-9ea9-2a1de01bfb7b, command=[]} | ret=SUCCESS |  
2019-08-20 18:27:51,649 [grpc-default-executor-3] INFO  client.GrpcClientProtocolClient (GrpcClientProtocolClient.java:onNext(255)) - client-AF20C520F50F->b81439af-67f0-46d4-9ea9-2a1de01bfb7b: receive RaftClientReply:client-AF20C520F50F->b81439af-67f0-46d4-9ea9-2a1de01bfb7b@group-F96715C59315, cid=175, FAILED org.apache.ratis.protocol.NotLeaderException: Server b81439af-67f0-46d4-9ea9-2a1de01bfb7b is not the leader (b8907872-efa4-4493-acc5-388a2f6162ac:192.168.5.186:43646). Request must be sent to leader., logIndex=0, commits[b81439af-67f0-46d4-9ea9-2a1de01bfb7b:c-1, b8907872-efa4-4493-acc5-388a2f6162ac:c-1, 0330fd69-8ead-45d6-95d3-ef0ad53800cd:c-1]
2019-08-20 18:27:51,657 [b81439af-67f0-46d4-9ea9-2a1de01bfb7b-SegmentedRaftLogWorker:Storage Directory /workdir/hadoop-ozone/integration-test/target/test-dir/MiniOzoneClusterImpl-9a1dce89-8836-4893-b9ec-7edc085093e3/datanode-3/data/ratis/614e5141-bdf3-4559-8dbb-f96715c59315] INFO  segmented.SegmentedRaftLogWorker (SegmentedRaftLogWorker.java:execute(569)) - b81439af-67f0-46d4-9ea9-2a1de01bfb7b-SegmentedRaftLogWorker:Storage Directory /workdir/hadoop-ozone/integration-test/target/test-dir/MiniOzoneClusterImpl-9a1dce89-8836-4893-b9ec-7edc085093e3/datanode-3/data/ratis/614e5141-bdf3-4559-8dbb-f96715c59315: created new log segment /workdir/hadoop-ozone/integration-test/target/test-dir/MiniOzoneClusterImpl-9a1dce89-8836-4893-b9ec-7edc085093e3/datanode-3/data/ratis/614e5141-bdf3-4559-8dbb-f96715c59315/current/log_inprogress_0
2019-08-20 18:27:51,657 [0330fd69-8ead-45d6-95d3-ef0ad53800cd-SegmentedRaftLogWorker:Storage Directory /workdir/hadoop-ozone/integration-test/target/test-dir/MiniOzoneClusterImpl-9a1dce89-8836-4893-b9ec-7edc085093e3/datanode-4/data/ratis/614e5141-bdf3-4559-8dbb-f96715c59315] INFO  segmented.SegmentedRaftLogWorker (SegmentedRaftLogWorker.java:execute(569)) - 0330fd69-8ead-45d6-95d3-ef0ad53800cd-SegmentedRaftLogWorker:Storage Directory /workdir/hadoop-ozone/integration-test/target/test-dir/MiniOzoneClusterImpl-9a1dce89-8836-4893-b9ec-7edc085093e3/datanode-4/data/ratis/614e5141-bdf3-4559-8dbb-f96715c59315: created new log segment /workdir/hadoop-ozone/integration-test/target/test-dir/MiniOzoneClusterImpl-9a1dce89-8836-4893-b9ec-7edc085093e3/datanode-4/data/ratis/614e5141-bdf3-4559-8dbb-f96715c59315/current/log_inprogress_0
2019-08-20 18:27:51,661 [Thread-3305] INFO  impl.FollowerState (FollowerState.java:run(106)) - 410b0fde-0c93-4dd6-a3fa-75ce07d6351d:group-52275C6884BF changes to CANDIDATE, lastRpcTime:5146, electionTimeout:5146ms
2019-08-20 18:27:51,661 [Thread-3305] INFO  impl.RoleInfo (RoleInfo.java:shutdownFollowerState(121)) - 410b0fde-0c93-4dd6-a3fa-75ce07d6351d: shutdown FollowerState
2019-08-20 18:27:51,662 [Thread-3305] INFO  impl.RaftServerImpl (RaftServerImpl.java:setRole(171)) - 410b0fde-0c93-4dd6-a3fa-75ce07d6351d:group-52275C6884BF changes role from FOLLOWER to CANDIDATE at term 0 for changeToCandidate
2019-08-20 18:27:51,662 [Thread-3305] INFO  impl.RoleInfo (RoleInfo.java:updateAndGet(143)) - 410b0fde-0c93-4dd6-a3fa-75ce07d6351d: start LeaderElection
2019-08-20 18:27:51,680 [410b0fde-0c93-4dd6-a3fa-75ce07d6351d:group-52275C6884BF:LeaderElection57] INFO  impl.LeaderElection (LeaderElection.java:askForVotes(181)) - 410b0fde-0c93-4dd6-a3fa-75ce07d6351d:group-52275C6884BF:LeaderElection57: begin an election at term 1 for -1: [410b0fde-0c93-4dd6-a3fa-75ce07d6351d:192.168.5.186:43029], old=null
2019-08-20 18:27:51,681 [410b0fde-0c93-4dd6-a3fa-75ce07d6351d:group-52275C6884BF:LeaderElection57] INFO  impl.RoleInfo (RoleInfo.java:shutdownLeaderElection(134)) - 410b0fde-0c93-4dd6-a3fa-75ce07d6351d: shutdown LeaderElection
2019-08-20 18:27:51,681 [410b0fde-0c93-4dd6-a3fa-75ce07d6351d:group-52275C6884BF:LeaderElection57] INFO  impl.RaftServerImpl (RaftServerImpl.java:setRole(171)) - 410b0fde-0c93-4dd6-a3fa-75ce07d6351d:group-52275C6884BF changes role from CANDIDATE to LEADER at term 1 for changeToLeader
2019-08-20 18:27:51,681 [410b0fde-0c93-4dd6-a3fa-75ce07d6351d:group-52275C6884BF:LeaderElection57] INFO  impl.RaftServerImpl (ServerState.java:setLeader(263)) - 410b0fde-0c93-4dd6-a3fa-75ce07d6351d:group-52275C6884BF change Leader from null to 410b0fde-0c93-4dd6-a3fa-75ce07d6351d at term 1 for becomeLeader, leader elected after 5171ms
2019-08-20 18:27:51,681 [410b0fde-0c93-4dd6-a3fa-75ce07d6351d:group-52275C6884BF:LeaderElection57] INFO  server.RaftServerConfigKeys (ConfUtils.java:logGet(43)) - raft.server.staging.catchup.gap = 1000 (default)
2019-08-20 18:27:51,681 [410b0fde-0c93-4dd6-a3fa-75ce07d6351d:group-52275C6884BF:LeaderElection57] INFO  server.RaftServerConfigKeys (ConfUtils.java:logGet(43)) - raft.server.rpc.sleep.time = 25ms (default)
2019-08-20 18:27:51,681 [410b0fde-0c93-4dd6-a3fa-75ce07d6351d:group-52275C6884BF:LeaderElection57] INFO  server.RaftServerConfigKeys (ConfUtils.java:logGet(43)) - raft.server.write.element-limit = 4096 (default)
2019-08-20 18:27:51,682 [410b0fde-0c93-4dd6-a3fa-75ce07d6351d:group-52275C6884BF:LeaderElection57] INFO  server.RaftServerConfigKeys (ConfUtils.java:logGet(43)) - raft.server.watch.timeout = 10s (default)
2019-08-20 18:27:51,682 [410b0fde-0c93-4dd6-a3fa-75ce07d6351d:group-52275C6884BF:LeaderElection57] INFO  server.RaftServerConfigKeys (ConfUtils.java:logGet(43)) - raft.server.watch.timeout.denomination = 1s (default)
2019-08-20 18:27:51,682 [410b0fde-0c93-4dd6-a3fa-75ce07d6351d:group-52275C6884BF:LeaderElection57] INFO  server.RaftServerConfigKeys (ConfUtils.java:logGet(43)) - raft.server.watch.element-limit = 65536 (default)
2019-08-20 18:27:51,682 [410b0fde-0c93-4dd6-a3fa-75ce07d6351d:group-52275C6884BF:LeaderElection57] INFO  impl.RoleInfo (RoleInfo.java:updateAndGet(143)) - 410b0fde-0c93-4dd6-a3fa-75ce07d6351d: start LeaderState
2019-08-20 18:27:51,683 [410b0fde-0c93-4dd6-a3fa-75ce07d6351d:group-52275C6884BF:LeaderElection57] INFO  segmented.SegmentedRaftLogWorker (SegmentedRaftLogWorker.java:startLogSegment(380)) - 410b0fde-0c93-4dd6-a3fa-75ce07d6351d-SegmentedRaftLogWorker:Storage Directory /workdir/hadoop-ozone/integration-test/target/test-dir/MiniOzoneClusterImpl-9a1dce89-8836-4893-b9ec-7edc085093e3/datanode-6/data/ratis/97b45f47-e1a6-42be-9c39-52275c6884bf: Starting segment from index:0
2019-08-20 18:27:51,683 [410b0fde-0c93-4dd6-a3fa-75ce07d6351d:group-52275C6884BF:LeaderElection57] INFO  impl.RaftServerImpl (ServerState.java:setRaftConf(361)) - 410b0fde-0c93-4dd6-a3fa-75ce07d6351d:group-52275C6884BF set configuration 0: [410b0fde-0c93-4dd6-a3fa-75ce07d6351d:192.168.5.186:43029], old=null at 0
2019-08-20 18:27:51,729 [410b0fde-0c93-4dd6-a3fa-75ce07d6351d-SegmentedRaftLogWorker:Storage Directory /workdir/hadoop-ozone/integration-test/target/test-dir/MiniOzoneClusterImpl-9a1dce89-8836-4893-b9ec-7edc085093e3/datanode-6/data/ratis/97b45f47-e1a6-42be-9c39-52275c6884bf] INFO  segmented.SegmentedRaftLogWorker (SegmentedRaftLogWorker.java:execute(569)) - 410b0fde-0c93-4dd6-a3fa-75ce07d6351d-SegmentedRaftLogWorker:Storage Directory /workdir/hadoop-ozone/integration-test/target/test-dir/MiniOzoneClusterImpl-9a1dce89-8836-4893-b9ec-7edc085093e3/datanode-6/data/ratis/97b45f47-e1a6-42be-9c39-52275c6884bf: created new log segment /workdir/hadoop-ozone/integration-test/target/test-dir/MiniOzoneClusterImpl-9a1dce89-8836-4893-b9ec-7edc085093e3/datanode-6/data/ratis/97b45f47-e1a6-42be-9c39-52275c6884bf/current/log_inprogress_0
2019-08-20 18:27:51,798 | INFO  | DNAudit | user=null | ip=null | op=WRITE_CHUNK {blockData=conID: 1 locID: 102650718947901454 bcsId: 0} | ret=SUCCESS |  
2019-08-20 18:27:51,798 | INFO  | DNAudit | user=null | ip=null | op=WRITE_CHUNK {blockData=conID: 1 locID: 102650718947901454 bcsId: 0} | ret=SUCCESS |  
2019-08-20 18:27:51,798 | INFO  | DNAudit | user=null | ip=null | op=WRITE_CHUNK {blockData=conID: 1 locID: 102650718947901454 bcsId: 0} | ret=SUCCESS |  
2019-08-20 18:27:51,799 | INFO  | SCMAudit | user=jenkins1000 | ip=192.168.5.186 | op=SEND_HEARTBEAT {datanodeUUID=b8907872-efa4-4493-acc5-388a2f6162ac, command=[]} | ret=SUCCESS |  
2019-08-20 18:27:51,799 | INFO  | SCMAudit | user=jenkins1000 | ip=192.168.5.186 | op=SEND_HEARTBEAT {datanodeUUID=0330fd69-8ead-45d6-95d3-ef0ad53800cd, command=[]} | ret=SUCCESS |  
2019-08-20 18:27:51,799 | INFO  | SCMAudit | user=jenkins1000 | ip=192.168.5.186 | op=SEND_HEARTBEAT {datanodeUUID=b81439af-67f0-46d4-9ea9-2a1de01bfb7b, command=[]} | ret=SUCCESS |  
2019-08-20 18:27:51,812 | INFO  | DNAudit | user=null | ip=null | op=WRITE_CHUNK {blockData=conID: 1 locID: 102650718947901454 bcsId: 0} | ret=SUCCESS |  
2019-08-20 18:27:51,818 [grpc-default-executor-3] INFO  client.GrpcClientProtocolClient (GrpcClientProtocolClient.java:onNext(255)) - client-AF20C520F50F->b8907872-efa4-4493-acc5-388a2f6162ac: receive RaftClientReply:client-AF20C520F50F->b8907872-efa4-4493-acc5-388a2f6162ac@group-F96715C59315, cid=175, SUCCESS, logIndex=1, commits[b8907872-efa4-4493-acc5-388a2f6162ac:c1, b81439af-67f0-46d4-9ea9-2a1de01bfb7b:c0, 0330fd69-8ead-45d6-95d3-ef0ad53800cd:c0]
2019-08-20 18:27:51,821 | INFO  | DNAudit | user=null | ip=null | op=WRITE_CHUNK {blockData=conID: 1 locID: 102650718947901454 bcsId: 0} | ret=SUCCESS |  
2019-08-20 18:27:51,823 | INFO  | DNAudit | user=null | ip=null | op=WRITE_CHUNK {blockData=conID: 1 locID: 102650718947901454 bcsId: 0} | ret=SUCCESS |  
2019-08-20 18:27:51,823 | INFO  | DNAudit | user=null | ip=null | op=WRITE_CHUNK {blockData=conID: 1 locID: 102650718947901454 bcsId: 0} | ret=SUCCESS |  
2019-08-20 18:27:51,827 | INFO  | DNAudit | user=null | ip=null | op=WRITE_CHUNK {blockData=conID: 1 locID: 102650718947901454 bcsId: 0} | ret=SUCCESS |  
2019-08-20 18:27:51,827 | INFO  | DNAudit | user=null | ip=null | op=WRITE_CHUNK {blockData=conID: 1 locID: 102650718947901454 bcsId: 0} | ret=SUCCESS |  
2019-08-20 18:27:51,828 | INFO  | DNAudit | user=null | ip=null | op=WRITE_CHUNK {blockData=conID: 1 locID: 102650718947901454 bcsId: 0} | ret=SUCCESS |  
2019-08-20 18:27:51,828 | INFO  | DNAudit | user=null | ip=null | op=WRITE_CHUNK {blockData=conID: 1 locID: 102650718947901454 bcsId: 0} | ret=SUCCESS |  
2019-08-20 18:27:51,829 | INFO  | DNAudit | user=null | ip=null | op=WRITE_CHUNK {blockData=conID: 1 locID: 102650718947901454 bcsId: 0} | ret=SUCCESS |  
2019-08-20 18:27:51,829 | INFO  | DNAudit | user=null | ip=null | op=WRITE_CHUNK {blockData=conID: 1 locID: 102650718947901454 bcsId: 0} | ret=SUCCESS |  
2019-08-20 18:27:51,830 | INFO  | DNAudit | user=null | ip=null | op=WRITE_CHUNK {blockData=conID: 1 locID: 102650718947901454 bcsId: 0} | ret=SUCCESS |  
2019-08-20 18:27:51,830 | INFO  | DNAudit | user=null | ip=null | op=WRITE_CHUNK {blockData=conID: 1 locID: 102650718947901454 bcsId: 0} | ret=SUCCESS |  
2019-08-20 18:27:51,833 | INFO  | DNAudit | user=null | ip=null | op=WRITE_CHUNK {blockData=conID: 1 locID: 102650718947901454 bcsId: 0} | ret=SUCCESS |  
2019-08-20 18:27:51,833 [grpc-default-executor-3] INFO  client.GrpcClientProtocolClient (GrpcClientProtocolClient.java:onNext(255)) - client-AF20C520F50F->b8907872-efa4-4493-acc5-388a2f6162ac: receive RaftClientReply:client-AF20C520F50F->b8907872-efa4-4493-acc5-388a2f6162ac@group-F96715C59315, cid=176, SUCCESS, logIndex=3, commits[b8907872-efa4-4493-acc5-388a2f6162ac:c4, b81439af-67f0-46d4-9ea9-2a1de01bfb7b:c1, 0330fd69-8ead-45d6-95d3-ef0ad53800cd:c1]
2019-08-20 18:27:51,837 | INFO  | DNAudit | user=null | ip=null | op=WRITE_CHUNK {blockData=conID: 1 locID: 102650718947901454 bcsId: 0} | ret=SUCCESS |  
2019-08-20 18:27:51,841 | INFO  | DNAudit | user=null | ip=null | op=WRITE_CHUNK {blockData=conID: 1 locID: 102650718947901454 bcsId: 0} | ret=SUCCESS |  
2019-08-20 18:27:51,890 | INFO  | DNAudit | user=null | ip=null | op=PUT_BLOCK {blockData=[blockId=conID: 1 locID: 102650718947901454 bcsId: 0,size=200]} | ret=SUCCESS |  
2019-08-20 18:27:51,891 | INFO  | DNAudit | user=null | ip=null | op=WRITE_CHUNK {blockData=conID: 1 locID: 102650718947901454 bcsId: 0} | ret=SUCCESS |  
2019-08-20 18:27:51,892 [grpc-default-executor-3] INFO  client.GrpcClientProtocolClient (GrpcClientProtocolClient.java:onNext(255)) - client-AF20C520F50F->b8907872-efa4-4493-acc5-388a2f6162ac: receive RaftClientReply:client-AF20C520F50F->b8907872-efa4-4493-acc5-388a2f6162ac@group-F96715C59315, cid=177, SUCCESS, logIndex=4, commits[b8907872-efa4-4493-acc5-388a2f6162ac:c12, b81439af-67f0-46d4-9ea9-2a1de01bfb7b:c7, 0330fd69-8ead-45d6-95d3-ef0ad53800cd:c7]
2019-08-20 18:27:51,892 | INFO  | DNAudit | user=null | ip=null | op=WRITE_CHUNK {blockData=conID: 1 locID: 102650718947901454 bcsId: 0} | ret=SUCCESS |  
2019-08-20 18:27:51,892 [grpc-default-executor-3] INFO  client.GrpcClientProtocolClient (GrpcClientProtocolClient.java:onNext(255)) - client-AF20C520F50F->b8907872-efa4-4493-acc5-388a2f6162ac: receive RaftClientReply:client-AF20C520F50F->b8907872-efa4-4493-acc5-388a2f6162ac@group-F96715C59315, cid=178, SUCCESS, logIndex=5, commits[b8907872-efa4-4493-acc5-388a2f6162ac:c12, b81439af-67f0-46d4-9ea9-2a1de01bfb7b:c7, 0330fd69-8ead-45d6-95d3-ef0ad53800cd:c7]
2019-08-20 18:27:51,894 [grpc-default-executor-3] INFO  client.GrpcClientProtocolClient (GrpcClientProtocolClient.java:onNext(255)) - client-AF20C520F50F->b8907872-efa4-4493-acc5-388a2f6162ac: receive RaftClientReply:client-AF20C520F50F->b8907872-efa4-4493-acc5-388a2f6162ac@group-F96715C59315, cid=179, SUCCESS, logIndex=6, commits[b8907872-efa4-4493-acc5-388a2f6162ac:c12, b81439af-67f0-46d4-9ea9-2a1de01bfb7b:c7, 0330fd69-8ead-45d6-95d3-ef0ad53800cd:c7]
2019-08-20 18:27:51,950 | INFO  | DNAudit | user=null | ip=null | op=PUT_BLOCK {blockData=[blockId=conID: 1 locID: 102650718947901454 bcsId: 0,size=200]} | ret=SUCCESS |  
2019-08-20 18:27:51,950 | INFO  | DNAudit | user=null | ip=null | op=WRITE_CHUNK {blockData=conID: 1 locID: 102650718947901454 bcsId: 0} | ret=SUCCESS |  
2019-08-20 18:27:51,951 | INFO  | DNAudit | user=null | ip=null | op=WRITE_CHUNK {blockData=conID: 1 locID: 102650718947901454 bcsId: 0} | ret=SUCCESS |  
2019-08-20 18:27:52,008 | INFO  | DNAudit | user=null | ip=null | op=PUT_BLOCK {blockData=[blockId=conID: 1 locID: 102650718947901454 bcsId: 0,size=400]} | ret=SUCCESS |  
2019-08-20 18:27:52,008 | INFO  | DNAudit | user=null | ip=null | op=PUT_BLOCK {blockData=[blockId=conID: 1 locID: 102650718947901454 bcsId: 0,size=400]} | ret=SUCCESS |  
2019-08-20 18:27:52,008 | INFO  | DNAudit | user=null | ip=null | op=PUT_BLOCK {blockData=[blockId=conID: 1 locID: 102650718947901454 bcsId: 0,size=200]} | ret=SUCCESS |  
2019-08-20 18:27:52,009 | INFO  | DNAudit | user=null | ip=null | op=WRITE_CHUNK {blockData=conID: 1 locID: 102650718947901454 bcsId: 0} | ret=SUCCESS |  
2019-08-20 18:27:52,010 | INFO  | DNAudit | user=null | ip=null | op=WRITE_CHUNK {blockData=conID: 1 locID: 102650718947901454 bcsId: 0} | ret=SUCCESS |  
2019-08-20 18:27:52,010 [grpc-default-executor-3] INFO  client.GrpcClientProtocolClient (GrpcClientProtocolClient.java:onNext(255)) - client-AF20C520F50F->b8907872-efa4-4493-acc5-388a2f6162ac: receive RaftClientReply:client-AF20C520F50F->b8907872-efa4-4493-acc5-388a2f6162ac@group-F96715C59315, cid=180, SUCCESS, logIndex=7, commits[b8907872-efa4-4493-acc5-388a2f6162ac:c12, b81439af-67f0-46d4-9ea9-2a1de01bfb7b:c7, 0330fd69-8ead-45d6-95d3-ef0ad53800cd:c7]
2019-08-20 18:27:52,011 | INFO  | DNAudit | user=null | ip=null | op=PUT_BLOCK {blockData=[blockId=conID: 1 locID: 102650718947901454 bcsId: 0,size=400]} | ret=SUCCESS |  
2019-08-20 18:27:52,014 | INFO  | DNAudit | user=null | ip=null | op=WRITE_CHUNK {blockData=conID: 1 locID: 102650718947901454 bcsId: 7} | ret=SUCCESS |  
2019-08-20 18:27:52,015 | INFO  | DNAudit | user=null | ip=null | op=WRITE_CHUNK {blockData=conID: 1 locID: 102650718947901454 bcsId: 7} | ret=SUCCESS |  
2019-08-20 18:27:52,015 | INFO  | DNAudit | user=null | ip=null | op=WRITE_CHUNK {blockData=conID: 1 locID: 102650718947901454 bcsId: 7} | ret=SUCCESS |  
2019-08-20 18:27:52,028 | INFO  | DNAudit | user=null | ip=null | op=WRITE_CHUNK {blockData=conID: 1 locID: 102650718947901454 bcsId: 7} | ret=SUCCESS |  
2019-08-20 18:27:52,029 | INFO  | DNAudit | user=null | ip=null | op=PUT_BLOCK {blockData=[blockId=conID: 1 locID: 102650718947901454 bcsId: 0,size=450]} | ret=SUCCESS |  
2019-08-20 18:27:52,029 [grpc-default-executor-3] INFO  client.GrpcClientProtocolClient (GrpcClientProtocolClient.java:onNext(255)) - client-AF20C520F50F->b8907872-efa4-4493-acc5-388a2f6162ac: receive RaftClientReply:client-AF20C520F50F->b8907872-efa4-4493-acc5-388a2f6162ac@group-F96715C59315, cid=181, SUCCESS, logIndex=13, commits[b8907872-efa4-4493-acc5-388a2f6162ac:c14, b81439af-67f0-46d4-9ea9-2a1de01bfb7b:c12, 0330fd69-8ead-45d6-95d3-ef0ad53800cd:c12]
2019-08-20 18:27:52,030 [grpc-default-executor-3] INFO  client.GrpcClientProtocolClient (GrpcClientProtocolClient.java:onNext(255)) - client-AF20C520F50F->b8907872-efa4-4493-acc5-388a2f6162ac: receive RaftClientReply:client-AF20C520F50F->b8907872-efa4-4493-acc5-388a2f6162ac@group-F96715C59315, cid=182, SUCCESS, logIndex=14, commits[b8907872-efa4-4493-acc5-388a2f6162ac:c14, b81439af-67f0-46d4-9ea9-2a1de01bfb7b:c12, 0330fd69-8ead-45d6-95d3-ef0ad53800cd:c12]
2019-08-20 18:27:52,040 | INFO  | DNAudit | user=null | ip=null | op=WRITE_CHUNK {blockData=conID: 1 locID: 102650718947901454 bcsId: 7} | ret=SUCCESS |  
2019-08-20 18:27:52,040 | INFO  | DNAudit | user=null | ip=null | op=WRITE_CHUNK {blockData=conID: 1 locID: 102650718947901454 bcsId: 7} | ret=SUCCESS |  
2019-08-20 18:27:52,041 | INFO  | DNAudit | user=null | ip=null | op=PUT_BLOCK {blockData=[blockId=conID: 1 locID: 102650718947901454 bcsId: 0,size=450]} | ret=SUCCESS |  
2019-08-20 18:27:52,042 | INFO  | DNAudit | user=null | ip=null | op=PUT_BLOCK {blockData=[blockId=conID: 1 locID: 102650718947901454 bcsId: 0,size=450]} | ret=SUCCESS |  
2019-08-20 18:27:52,047 [grpc-default-executor-3] INFO  client.GrpcClientProtocolClient (GrpcClientProtocolClient.java:onNext(255)) - client-AF20C520F50F->b8907872-efa4-4493-acc5-388a2f6162ac: receive RaftClientReply:client-AF20C520F50F->b8907872-efa4-4493-acc5-388a2f6162ac@group-F96715C59315, cid=183, SUCCESS, logIndex=0, commits[b8907872-efa4-4493-acc5-388a2f6162ac:c16, b81439af-67f0-46d4-9ea9-2a1de01bfb7b:c14, 0330fd69-8ead-45d6-95d3-ef0ad53800cd:c14]
2019-08-20 18:27:52,048 [main] INFO  datanode.ObjectStoreHandler (ObjectStoreHandler.java:close(155)) - Closing ObjectStoreHandler.
2019-08-20 18:27:52,048 [main] INFO  ozone.HddsDatanodeService (HddsDatanodeService.java:stop(451)) - Stopped plug-in org.apache.hadoop.ozone.web.OzoneHddsDatanodeService@3449cddf
2019-08-20 18:27:52,088 | INFO  | SCMAudit | user=jenkins1000 | ip=192.168.5.186 | op=SEND_HEARTBEAT {datanodeUUID=30a77774-759b-47e5-ab65-fec5a133fac9, command=[]} | ret=SUCCESS |  
2019-08-20 18:27:52,304 | INFO  | SCMAudit | user=jenkins1000 | ip=192.168.5.186 | op=SEND_HEARTBEAT {datanodeUUID=75361d20-0014-4d84-b06d-e0cee43a4090, command=[]} | ret=SUCCESS |  
2019-08-20 18:27:52,470 | INFO  | SCMAudit | user=jenkins1000 | ip=192.168.5.186 | op=SEND_HEARTBEAT {datanodeUUID=410b0fde-0c93-4dd6-a3fa-75ce07d6351d, command=[]} | ret=SUCCESS |  
2019-08-20 18:27:52,474 | INFO  | SCMAudit | user=jenkins1000 | ip=192.168.5.186 | op=SEND_HEARTBEAT {datanodeUUID=3ebf1703-8ccb-431f-b530-5c0bec173472, command=[]} | ret=SUCCESS |  
2019-08-20 18:27:52,797 [Datanode State Machine Thread - 0] INFO  statemachine.DatanodeStateMachine (DatanodeStateMachine.java:lambda$startDaemon$0(350)) - Ozone container server started.
2019-08-20 18:27:52,798 | INFO  | SCMAudit | user=jenkins1000 | ip=192.168.5.186 | op=SEND_HEARTBEAT {datanodeUUID=0330fd69-8ead-45d6-95d3-ef0ad53800cd, command=[]} | ret=SUCCESS |  
2019-08-20 18:27:52,798 | INFO  | SCMAudit | user=jenkins1000 | ip=192.168.5.186 | op=SEND_HEARTBEAT {datanodeUUID=b81439af-67f0-46d4-9ea9-2a1de01bfb7b, command=[]} | ret=SUCCESS |  
2019-08-20 18:27:53,087 | INFO  | SCMAudit | user=jenkins1000 | ip=192.168.5.186 | op=SEND_HEARTBEAT {datanodeUUID=30a77774-759b-47e5-ab65-fec5a133fac9, command=[]} | ret=SUCCESS |  
2019-08-20 18:27:53,305 | INFO  | SCMAudit | user=jenkins1000 | ip=192.168.5.186 | op=SEND_HEARTBEAT {datanodeUUID=75361d20-0014-4d84-b06d-e0cee43a4090, command=[]} | ret=SUCCESS |  
2019-08-20 18:27:53,471 | INFO  | SCMAudit | user=jenkins1000 | ip=192.168.5.186 | op=SEND_HEARTBEAT {datanodeUUID=410b0fde-0c93-4dd6-a3fa-75ce07d6351d, command=[]} | ret=SUCCESS |  
2019-08-20 18:27:53,474 | INFO  | SCMAudit | user=jenkins1000 | ip=192.168.5.186 | op=SEND_HEARTBEAT {datanodeUUID=3ebf1703-8ccb-431f-b530-5c0bec173472, command=[]} | ret=SUCCESS |  
2019-08-20 18:27:53,798 | INFO  | SCMAudit | user=jenkins1000 | ip=192.168.5.186 | op=SEND_HEARTBEAT {datanodeUUID=b81439af-67f0-46d4-9ea9-2a1de01bfb7b, command=[]} | ret=SUCCESS |  
2019-08-20 18:27:53,798 | INFO  | SCMAudit | user=jenkins1000 | ip=192.168.5.186 | op=SEND_HEARTBEAT {datanodeUUID=0330fd69-8ead-45d6-95d3-ef0ad53800cd, command=[]} | ret=SUCCESS |  
2019-08-20 18:27:54,087 | INFO  | SCMAudit | user=jenkins1000 | ip=192.168.5.186 | op=SEND_HEARTBEAT {datanodeUUID=30a77774-759b-47e5-ab65-fec5a133fac9, command=[]} | ret=SUCCESS |  
2019-08-20 18:27:54,305 | INFO  | SCMAudit | user=jenkins1000 | ip=192.168.5.186 | op=SEND_HEARTBEAT {datanodeUUID=75361d20-0014-4d84-b06d-e0cee43a4090, command=[]} | ret=SUCCESS |  
2019-08-20 18:27:54,471 | INFO  | SCMAudit | user=jenkins1000 | ip=192.168.5.186 | op=SEND_HEARTBEAT {datanodeUUID=410b0fde-0c93-4dd6-a3fa-75ce07d6351d, command=[]} | ret=SUCCESS |  
2019-08-20 18:27:54,474 | INFO  | SCMAudit | user=jenkins1000 | ip=192.168.5.186 | op=SEND_HEARTBEAT {datanodeUUID=3ebf1703-8ccb-431f-b530-5c0bec173472, command=[]} | ret=SUCCESS |  
2019-08-20 18:27:54,798 | INFO  | SCMAudit | user=jenkins1000 | ip=192.168.5.186 | op=SEND_HEARTBEAT {datanodeUUID=0330fd69-8ead-45d6-95d3-ef0ad53800cd, command=[]} | ret=SUCCESS |  
2019-08-20 18:27:54,798 | INFO  | SCMAudit | user=jenkins1000 | ip=192.168.5.186 | op=SEND_HEARTBEAT {datanodeUUID=b81439af-67f0-46d4-9ea9-2a1de01bfb7b, command=[]} | ret=SUCCESS |  
2019-08-20 18:27:55,087 | INFO  | SCMAudit | user=jenkins1000 | ip=192.168.5.186 | op=SEND_HEARTBEAT {datanodeUUID=30a77774-759b-47e5-ab65-fec5a133fac9, command=[]} | ret=SUCCESS |  
2019-08-20 18:27:55,305 | INFO  | SCMAudit | user=jenkins1000 | ip=192.168.5.186 | op=SEND_HEARTBEAT {datanodeUUID=75361d20-0014-4d84-b06d-e0cee43a4090, command=[]} | ret=SUCCESS |  
2019-08-20 18:27:55,472 | INFO  | SCMAudit | user=jenkins1000 | ip=192.168.5.186 | op=SEND_HEARTBEAT {datanodeUUID=410b0fde-0c93-4dd6-a3fa-75ce07d6351d, command=[]} | ret=SUCCESS |  
2019-08-20 18:27:55,474 | INFO  | SCMAudit | user=jenkins1000 | ip=192.168.5.186 | op=SEND_HEARTBEAT {datanodeUUID=3ebf1703-8ccb-431f-b530-5c0bec173472, command=[]} | ret=SUCCESS |  
2019-08-20 18:27:55,798 | INFO  | SCMAudit | user=jenkins1000 | ip=192.168.5.186 | op=SEND_HEARTBEAT {datanodeUUID=b81439af-67f0-46d4-9ea9-2a1de01bfb7b, command=[]} | ret=SUCCESS |  
2019-08-20 18:27:55,798 | INFO  | SCMAudit | user=jenkins1000 | ip=192.168.5.186 | op=SEND_HEARTBEAT {datanodeUUID=0330fd69-8ead-45d6-95d3-ef0ad53800cd, command=[]} | ret=SUCCESS |  
2019-08-20 18:27:56,087 | INFO  | SCMAudit | user=jenkins1000 | ip=192.168.5.186 | op=SEND_HEARTBEAT {datanodeUUID=30a77774-759b-47e5-ab65-fec5a133fac9, command=[]} | ret=SUCCESS |  
2019-08-20 18:27:56,305 | INFO  | SCMAudit | user=jenkins1000 | ip=192.168.5.186 | op=SEND_HEARTBEAT {datanodeUUID=75361d20-0014-4d84-b06d-e0cee43a4090, command=[]} | ret=SUCCESS |  
2019-08-20 18:27:56,472 | INFO  | SCMAudit | user=jenkins1000 | ip=192.168.5.186 | op=SEND_HEARTBEAT {datanodeUUID=410b0fde-0c93-4dd6-a3fa-75ce07d6351d, command=[]} | ret=SUCCESS |  
2019-08-20 18:27:56,474 | INFO  | SCMAudit | user=jenkins1000 | ip=192.168.5.186 | op=SEND_HEARTBEAT {datanodeUUID=3ebf1703-8ccb-431f-b530-5c0bec173472, command=[]} | ret=SUCCESS |  
2019-08-20 18:27:56,798 | INFO  | SCMAudit | user=jenkins1000 | ip=192.168.5.186 | op=SEND_HEARTBEAT {datanodeUUID=0330fd69-8ead-45d6-95d3-ef0ad53800cd, command=[]} | ret=SUCCESS |  
2019-08-20 18:27:56,798 | INFO  | SCMAudit | user=jenkins1000 | ip=192.168.5.186 | op=SEND_HEARTBEAT {datanodeUUID=b81439af-67f0-46d4-9ea9-2a1de01bfb7b, command=[]} | ret=SUCCESS |  
2019-08-20 18:27:56,853 [EventQueue-StaleNodeForStaleNodeHandler] INFO  node.StaleNodeHandler (StaleNodeHandler.java:onMessage(58)) - Datanode b8907872-efa4-4493-acc5-388a2f6162ac{ip: 192.168.5.186, host: pr-hdds-1753-5g2nl-2460324467, networkLocation: /default-rack, certSerialId: null} moved to stale state. Finalizing its pipelines [PipelineID=94646cf4-49df-49a1-b4f5-de5b9df39e7a, PipelineID=614e5141-bdf3-4559-8dbb-f96715c59315]
2019-08-20 18:27:56,853 [EventQueue-StaleNodeForStaleNodeHandler] INFO  pipeline.SCMPipelineManager (SCMPipelineManager.java:finalizeAndDestroyPipeline(309)) - destroying pipeline:Pipeline[ Id: 94646cf4-49df-49a1-b4f5-de5b9df39e7a, Nodes: b8907872-efa4-4493-acc5-388a2f6162ac{ip: 192.168.5.186, host: pr-hdds-1753-5g2nl-2460324467, networkLocation: /default-rack, certSerialId: null}, Type:RATIS, Factor:ONE, State:OPEN]
2019-08-20 18:27:56,854 [EventQueue-StaleNodeForStaleNodeHandler] INFO  pipeline.PipelineStateManager (PipelineStateManager.java:finalizePipeline(123)) - Pipeline Pipeline[ Id: 94646cf4-49df-49a1-b4f5-de5b9df39e7a, Nodes: b8907872-efa4-4493-acc5-388a2f6162ac{ip: 192.168.5.186, host: pr-hdds-1753-5g2nl-2460324467, networkLocation: /default-rack, certSerialId: null}, Type:RATIS, Factor:ONE, State:CLOSED] moved to CLOSED state
2019-08-20 18:27:56,854 [EventQueue-StaleNodeForStaleNodeHandler] INFO  pipeline.SCMPipelineManager (SCMPipelineManager.java:finalizeAndDestroyPipeline(309)) - destroying pipeline:Pipeline[ Id: 614e5141-bdf3-4559-8dbb-f96715c59315, Nodes: b8907872-efa4-4493-acc5-388a2f6162ac{ip: 192.168.5.186, host: pr-hdds-1753-5g2nl-2460324467, networkLocation: /default-rack, certSerialId: null}b81439af-67f0-46d4-9ea9-2a1de01bfb7b{ip: 192.168.5.186, host: pr-hdds-1753-5g2nl-2460324467, networkLocation: /default-rack, certSerialId: null}0330fd69-8ead-45d6-95d3-ef0ad53800cd{ip: 192.168.5.186, host: pr-hdds-1753-5g2nl-2460324467, networkLocation: /default-rack, certSerialId: null}, Type:RATIS, Factor:THREE, State:OPEN]
2019-08-20 18:27:56,854 [EventQueue-StaleNodeForStaleNodeHandler] INFO  pipeline.PipelineStateManager (PipelineStateManager.java:finalizePipeline(123)) - Pipeline Pipeline[ Id: 614e5141-bdf3-4559-8dbb-f96715c59315, Nodes: b8907872-efa4-4493-acc5-388a2f6162ac{ip: 192.168.5.186, host: pr-hdds-1753-5g2nl-2460324467, networkLocation: /default-rack, certSerialId: null}b81439af-67f0-46d4-9ea9-2a1de01bfb7b{ip: 192.168.5.186, host: pr-hdds-1753-5g2nl-2460324467, networkLocation: /default-rack, certSerialId: null}0330fd69-8ead-45d6-95d3-ef0ad53800cd{ip: 192.168.5.186, host: pr-hdds-1753-5g2nl-2460324467, networkLocation: /default-rack, certSerialId: null}, Type:RATIS, Factor:THREE, State:CLOSED] moved to CLOSED state
2019-08-20 18:27:56,855 [EventQueue-CloseContainerForCloseContainerEventHandler] INFO  container.CloseContainerEventHandler (CloseContainerEventHandler.java:onMessage(61)) - Close container Event triggered for container : #1
2019-08-20 18:27:57,053 [main] INFO  ozoneimpl.OzoneContainer (OzoneContainer.java:stop(199)) - Attempting to stop container services.
2019-08-20 18:27:57,054 [main] INFO  impl.RaftServerProxy (RaftServerProxy.java:lambda$close$4(314)) - b8907872-efa4-4493-acc5-388a2f6162ac: close
2019-08-20 18:27:57,054 [main] INFO  impl.RaftServerImpl (RaftServerImpl.java:lambda$shutdown$3(245)) - b8907872-efa4-4493-acc5-388a2f6162ac: shutdown group-DE5B9DF39E7A
2019-08-20 18:27:57,055 [main] INFO  util.JmxRegister (JmxRegister.java:unregister(73)) - Successfully un-registered JMX Bean with object name Ratis:service=RaftServer,group=group-DE5B9DF39E7A,id=b8907872-efa4-4493-acc5-388a2f6162ac
2019-08-20 18:27:57,055 [main] INFO  impl.RoleInfo (RoleInfo.java:shutdownLeaderState(104)) - b8907872-efa4-4493-acc5-388a2f6162ac: shutdown LeaderState
2019-08-20 18:27:57,056 [main] INFO  impl.PendingRequests (PendingRequests.java:sendNotLeaderResponses(202)) - b8907872-efa4-4493-acc5-388a2f6162ac-PendingRequests: sendNotLeaderResponses
2019-08-20 18:27:57,056 [main] INFO  impl.StateMachineUpdater (StateMachineUpdater.java:stopAndJoin(115)) - StateMachineUpdater:b8907872-efa4-4493-acc5-388a2f6162ac:group-DE5B9DF39E7A: set stopIndex = 0
2019-08-20 18:27:57,059 [main] INFO  impl.RaftServerImpl (ServerState.java:close(394)) - b8907872-efa4-4493-acc5-388a2f6162ac:group-DE5B9DF39E7A closes. The last applied log index is 0
2019-08-20 18:27:57,060 [b8907872-efa4-4493-acc5-388a2f6162ac-SegmentedRaftLogWorker:Storage Directory /workdir/hadoop-ozone/integration-test/target/test-dir/MiniOzoneClusterImpl-9a1dce89-8836-4893-b9ec-7edc085093e3/datanode-5/data/ratis/94646cf4-49df-49a1-b4f5-de5b9df39e7a] INFO  segmented.SegmentedRaftLogWorker (SegmentedRaftLogWorker.java:run(313)) - b8907872-efa4-4493-acc5-388a2f6162ac-SegmentedRaftLogWorker:Storage Directory /workdir/hadoop-ozone/integration-test/target/test-dir/MiniOzoneClusterImpl-9a1dce89-8836-4893-b9ec-7edc085093e3/datanode-5/data/ratis/94646cf4-49df-49a1-b4f5-de5b9df39e7a was interrupted, exiting. There are 0 tasks remaining in the queue.
2019-08-20 18:27:57,062 [main] INFO  segmented.SegmentedRaftLogWorker (SegmentedRaftLogWorker.java:close(228)) - b8907872-efa4-4493-acc5-388a2f6162ac-SegmentedRaftLogWorker:Storage Directory /workdir/hadoop-ozone/integration-test/target/test-dir/MiniOzoneClusterImpl-9a1dce89-8836-4893-b9ec-7edc085093e3/datanode-5/data/ratis/94646cf4-49df-49a1-b4f5-de5b9df39e7a close()
2019-08-20 18:27:57,067 [main] INFO  impl.RaftServerImpl (RaftServerImpl.java:lambda$shutdown$3(245)) - b8907872-efa4-4493-acc5-388a2f6162ac: shutdown group-F96715C59315
2019-08-20 18:27:57,067 [main] INFO  util.JmxRegister (JmxRegister.java:unregister(73)) - Successfully un-registered JMX Bean with object name Ratis:service=RaftServer,group=group-F96715C59315,id=b8907872-efa4-4493-acc5-388a2f6162ac
2019-08-20 18:27:57,068 [main] INFO  impl.RoleInfo (RoleInfo.java:shutdownLeaderState(104)) - b8907872-efa4-4493-acc5-388a2f6162ac: shutdown LeaderState
2019-08-20 18:27:57,072 [main] INFO  impl.PendingRequests (PendingRequests.java:sendNotLeaderResponses(202)) - b8907872-efa4-4493-acc5-388a2f6162ac-PendingRequests: sendNotLeaderResponses
2019-08-20 18:27:57,072 [org.apache.ratis.server.impl.LogAppender$AppenderDaemon$$Lambda$487/598906950@e1079fa] WARN  server.GrpcLogAppender (GrpcLogAppender.java:mayWait(143)) - GrpcLogAppender(b8907872-efa4-4493-acc5-388a2f6162ac->0330fd69-8ead-45d6-95d3-ef0ad53800cd): Wait interrupted by java.lang.InterruptedException
2019-08-20 18:27:57,072 [org.apache.ratis.server.impl.LogAppender$AppenderDaemon$$Lambda$487/598906950@4b12eefc] WARN  server.GrpcLogAppender (GrpcLogAppender.java:mayWait(143)) - GrpcLogAppender(b8907872-efa4-4493-acc5-388a2f6162ac->b81439af-67f0-46d4-9ea9-2a1de01bfb7b): Wait interrupted by java.lang.InterruptedException
2019-08-20 18:27:57,077 [main] INFO  impl.StateMachineUpdater (StateMachineUpdater.java:stopAndJoin(115)) - StateMachineUpdater:b8907872-efa4-4493-acc5-388a2f6162ac:group-F96715C59315: set stopIndex = 16
2019-08-20 18:27:57,081 [StateMachineUpdater:b8907872-efa4-4493-acc5-388a2f6162ac:group-F96715C59315] INFO  ratis.ContainerStateMachine (ContainerStateMachine.java:takeSnapshot(284)) - group-F96715C59315: Taking a snapshot at:(t:1, i:14) file /workdir/hadoop-ozone/integration-test/target/test-dir/MiniOzoneClusterImpl-9a1dce89-8836-4893-b9ec-7edc085093e3/datanode-5/data/ratis/614e5141-bdf3-4559-8dbb-f96715c59315/sm/snapshot.1_14
2019-08-20 18:27:57,084 [grpc-default-executor-5] INFO  server.GrpcServerProtocolService (GrpcServerProtocolService.java:onCompleted(104)) - b81439af-67f0-46d4-9ea9-2a1de01bfb7b: appendEntries completed
2019-08-20 18:27:57,084 [grpc-default-executor-3] INFO  server.GrpcServerProtocolService (GrpcServerProtocolService.java:onCompleted(104)) - 0330fd69-8ead-45d6-95d3-ef0ad53800cd: appendEntries completed
2019-08-20 18:27:57,085 [grpc-default-executor-5] INFO  server.GrpcLogAppender (GrpcLogAppender.java:onCompleted(292)) - b8907872-efa4-4493-acc5-388a2f6162ac->b81439af-67f0-46d4-9ea9-2a1de01bfb7b: follower responses appendEntries COMPLETED
2019-08-20 18:27:57,085 [grpc-default-executor-3] INFO  server.GrpcLogAppender (GrpcLogAppender.java:onCompleted(292)) - b8907872-efa4-4493-acc5-388a2f6162ac->0330fd69-8ead-45d6-95d3-ef0ad53800cd: follower responses appendEntries COMPLETED
2019-08-20 18:27:57,085 [grpc-default-executor-5] INFO  impl.FollowerInfo (FollowerInfo.java:lambda$new$0(50)) - b8907872-efa4-4493-acc5-388a2f6162ac->b81439af-67f0-46d4-9ea9-2a1de01bfb7b: nextIndex: updateUnconditionally 17 -> 16
2019-08-20 18:27:57,086 [grpc-default-executor-3] INFO  impl.FollowerInfo (FollowerInfo.java:lambda$new$0(50)) - b8907872-efa4-4493-acc5-388a2f6162ac->0330fd69-8ead-45d6-95d3-ef0ad53800cd: nextIndex: updateUnconditionally 17 -> 16
2019-08-20 18:27:57,087 | INFO  | SCMAudit | user=jenkins1000 | ip=192.168.5.186 | op=SEND_HEARTBEAT {datanodeUUID=30a77774-759b-47e5-ab65-fec5a133fac9, command=[]} | ret=SUCCESS |  
2019-08-20 18:27:57,118 [StateMachineUpdater:b8907872-efa4-4493-acc5-388a2f6162ac:group-F96715C59315] INFO  ratis.ContainerStateMachine (ContainerStateMachine.java:takeSnapshot(295)) - group-F96715C59315: Finished taking a snapshot at:(t:1, i:14) file:/workdir/hadoop-ozone/integration-test/target/test-dir/MiniOzoneClusterImpl-9a1dce89-8836-4893-b9ec-7edc085093e3/datanode-5/data/ratis/614e5141-bdf3-4559-8dbb-f96715c59315/sm/snapshot.1_14 time:39
2019-08-20 18:27:57,118 [StateMachineUpdater:b8907872-efa4-4493-acc5-388a2f6162ac:group-F96715C59315] INFO  impl.StateMachineUpdater (StateMachineUpdater.java:takeSnapshot(242)) - StateMachineUpdater:b8907872-efa4-4493-acc5-388a2f6162ac:group-F96715C59315: Took a snapshot at index 14
2019-08-20 18:27:57,118 [StateMachineUpdater:b8907872-efa4-4493-acc5-388a2f6162ac:group-F96715C59315] INFO  impl.StateMachineUpdater (StateMachineUpdater.java:lambda$new$0(80)) - StateMachineUpdater:b8907872-efa4-4493-acc5-388a2f6162ac:group-F96715C59315: snapshotIndex: updateIncreasingly -1 -> 14
2019-08-20 18:27:57,119 [main] INFO  impl.RaftServerImpl (ServerState.java:close(394)) - b8907872-efa4-4493-acc5-388a2f6162ac:group-F96715C59315 closes. The last applied log index is 16
2019-08-20 18:27:57,119 [b8907872-efa4-4493-acc5-388a2f6162ac-SegmentedRaftLogWorker:Storage Directory /workdir/hadoop-ozone/integration-test/target/test-dir/MiniOzoneClusterImpl-9a1dce89-8836-4893-b9ec-7edc085093e3/datanode-5/data/ratis/614e5141-bdf3-4559-8dbb-f96715c59315] INFO  segmented.SegmentedRaftLogWorker (SegmentedRaftLogWorker.java:run(313)) - b8907872-efa4-4493-acc5-388a2f6162ac-SegmentedRaftLogWorker:Storage Directory /workdir/hadoop-ozone/integration-test/target/test-dir/MiniOzoneClusterImpl-9a1dce89-8836-4893-b9ec-7edc085093e3/datanode-5/data/ratis/614e5141-bdf3-4559-8dbb-f96715c59315 was interrupted, exiting. There are 0 tasks remaining in the queue.
2019-08-20 18:27:57,122 [main] INFO  segmented.SegmentedRaftLogWorker (SegmentedRaftLogWorker.java:close(228)) - b8907872-efa4-4493-acc5-388a2f6162ac-SegmentedRaftLogWorker:Storage Directory /workdir/hadoop-ozone/integration-test/target/test-dir/MiniOzoneClusterImpl-9a1dce89-8836-4893-b9ec-7edc085093e3/datanode-5/data/ratis/614e5141-bdf3-4559-8dbb-f96715c59315 close()
2019-08-20 18:27:57,127 [main] INFO  server.GrpcService (GrpcService.java:closeImpl(155)) - b8907872-efa4-4493-acc5-388a2f6162ac: shutdown server with port 43646 now
2019-08-20 18:27:57,128 [grpc-default-executor-5] WARN  client.GrpcClientProtocolService (LogUtils.java:warn(134)) - 3-UnorderedRequestStreamObserver3: onError: org.apache.ratis.thirdparty.io.grpc.StatusRuntimeException: CANCELLED: cancelled before receiving half close
2019-08-20 18:27:57,128 [main] INFO  server.GrpcService (GrpcService.java:closeImpl(163)) - b8907872-efa4-4493-acc5-388a2f6162ac: shutdown server with port 43646 successfully
2019-08-20 18:27:57,130 [main] INFO  utils.BackgroundService (BackgroundService.java:shutdown(148)) - Shutting down service BlockDeletingService
2019-08-20 18:27:57,132 [refreshUsed-/workdir/hadoop-ozone/integration-test/target/test-dir/MiniOzoneClusterImpl-9a1dce89-8836-4893-b9ec-7edc085093e3/datanode-5/data/containers] WARN  fs.CachingGetSpaceUsed (CachingGetSpaceUsed.java:run(183)) - Thread Interrupted waiting to refresh disk information: sleep interrupted
2019-08-20 18:27:57,171 [main] INFO  statemachine.DatanodeStateMachine (DatanodeStateMachine.java:stopDaemon(395)) - Ozone container server stopped.
2019-08-20 18:27:57,173 [main] INFO  handler.ContextHandler (ContextHandler.java:doStop(910)) - Stopped o.e.j.w.WebAppContext@1633962a{/,null,UNAVAILABLE}{/hddsDatanode}
2019-08-20 18:27:57,174 [main] INFO  server.AbstractConnector (AbstractConnector.java:doStop(318)) - Stopped ServerConnector@2afd8972{HTTP/1.1,[http/1.1]}{0.0.0.0:0}
2019-08-20 18:27:57,175 [main] INFO  handler.ContextHandler (ContextHandler.java:doStop(910)) - Stopped o.e.j.s.ServletContextHandler@41ff98dc{/static,jar:file:/home/user/.m2/repository/org/apache/hadoop/hadoop-hdds-container-service/0.5.0-SNAPSHOT/hadoop-hdds-container-service-0.5.0-SNAPSHOT.jar!/webapps/static,UNAVAILABLE}
2019-08-20 18:27:57,176 [main] INFO  handler.ContextHandler (ContextHandler.java:doStop(910)) - Stopped o.e.j.s.ServletContextHandler@2787abe4{/logs,file:///workdir/hadoop-ozone/integration-test/target/log,UNAVAILABLE}
2019-08-20 18:27:57,305 | INFO  | SCMAudit | user=jenkins1000 | ip=192.168.5.186 | op=SEND_HEARTBEAT {datanodeUUID=75361d20-0014-4d84-b06d-e0cee43a4090, command=[]} | ret=SUCCESS |  
2019-08-20 18:27:57,472 | INFO  | SCMAudit | user=jenkins1000 | ip=192.168.5.186 | op=SEND_HEARTBEAT {datanodeUUID=410b0fde-0c93-4dd6-a3fa-75ce07d6351d, command=[]} | ret=SUCCESS |  
2019-08-20 18:27:57,474 | INFO  | SCMAudit | user=jenkins1000 | ip=192.168.5.186 | op=SEND_HEARTBEAT {datanodeUUID=3ebf1703-8ccb-431f-b530-5c0bec173472, command=[]} | ret=SUCCESS |  
2019-08-20 18:27:57,800 | INFO  | SCMAudit | user=jenkins1000 | ip=192.168.5.186 | op=SEND_HEARTBEAT {datanodeUUID=b81439af-67f0-46d4-9ea9-2a1de01bfb7b, command=[commandType: closeContainerCommand closeContainerCommandProto { containerID: 1 pipelineID { id: "614e5141-bdf3-4559-8dbb-f96715c59315" } cmdId: 1 force: false } ]} | ret=SUCCESS |  
2019-08-20 18:27:57,800 | INFO  | SCMAudit | user=jenkins1000 | ip=192.168.5.186 | op=SEND_HEARTBEAT {datanodeUUID=0330fd69-8ead-45d6-95d3-ef0ad53800cd, command=[commandType: closeContainerCommand closeContainerCommandProto { containerID: 1 pipelineID { id: "614e5141-bdf3-4559-8dbb-f96715c59315" } cmdId: 1 force: false } ]} | ret=SUCCESS |  
2019-08-20 18:27:58,087 | INFO  | SCMAudit | user=jenkins1000 | ip=192.168.5.186 | op=SEND_HEARTBEAT {datanodeUUID=30a77774-759b-47e5-ab65-fec5a133fac9, command=[]} | ret=SUCCESS |  
2019-08-20 18:27:58,306 | INFO  | SCMAudit | user=jenkins1000 | ip=192.168.5.186 | op=SEND_HEARTBEAT {datanodeUUID=75361d20-0014-4d84-b06d-e0cee43a4090, command=[]} | ret=SUCCESS |  
2019-08-20 18:27:58,472 | INFO  | SCMAudit | user=jenkins1000 | ip=192.168.5.186 | op=SEND_HEARTBEAT {datanodeUUID=410b0fde-0c93-4dd6-a3fa-75ce07d6351d, command=[]} | ret=SUCCESS |  
2019-08-20 18:27:58,473 | INFO  | SCMAudit | user=jenkins1000 | ip=192.168.5.186 | op=SEND_HEARTBEAT {datanodeUUID=3ebf1703-8ccb-431f-b530-5c0bec173472, command=[]} | ret=SUCCESS |  
2019-08-20 18:27:58,799 | INFO  | SCMAudit | user=jenkins1000 | ip=192.168.5.186 | op=SEND_HEARTBEAT {datanodeUUID=0330fd69-8ead-45d6-95d3-ef0ad53800cd, command=[]} | ret=SUCCESS |  
2019-08-20 18:27:58,799 | INFO  | SCMAudit | user=jenkins1000 | ip=192.168.5.186 | op=SEND_HEARTBEAT {datanodeUUID=b81439af-67f0-46d4-9ea9-2a1de01bfb7b, command=[]} | ret=SUCCESS |  
2019-08-20 18:27:58,815 | INFO  | SCMAudit | user=jenkins1000 | ip=192.168.5.186 | op=SEND_HEARTBEAT {datanodeUUID=0330fd69-8ead-45d6-95d3-ef0ad53800cd, command=[]} | ret=SUCCESS |  
2019-08-20 18:27:59,087 | INFO  | SCMAudit | user=jenkins1000 | ip=192.168.5.186 | op=SEND_HEARTBEAT {datanodeUUID=30a77774-759b-47e5-ab65-fec5a133fac9, command=[]} | ret=SUCCESS |  
2019-08-20 18:27:59,195 [grpc-default-executor-5] INFO  client.GrpcClientProtocolClient (GrpcClientProtocolClient.java:onNext(255)) - client-AF20C520F50F->b81439af-67f0-46d4-9ea9-2a1de01bfb7b: receive RaftClientReply:client-AF20C520F50F->b81439af-67f0-46d4-9ea9-2a1de01bfb7b@group-F96715C59315, cid=184, FAILED org.apache.ratis.protocol.NotLeaderException: Server b81439af-67f0-46d4-9ea9-2a1de01bfb7b is not the leader (b8907872-efa4-4493-acc5-388a2f6162ac:192.168.5.186:43646). Request must be sent to leader., logIndex=0, commits[b81439af-67f0-46d4-9ea9-2a1de01bfb7b:c16, b8907872-efa4-4493-acc5-388a2f6162ac:c16, 0330fd69-8ead-45d6-95d3-ef0ad53800cd:c16]
2019-08-20 18:27:59,306 | INFO  | SCMAudit | user=jenkins1000 | ip=192.168.5.186 | op=SEND_HEARTBEAT {datanodeUUID=75361d20-0014-4d84-b06d-e0cee43a4090, command=[]} | ret=SUCCESS |  
2019-08-20 18:27:59,472 | INFO  | SCMAudit | user=jenkins1000 | ip=192.168.5.186 | op=SEND_HEARTBEAT {datanodeUUID=410b0fde-0c93-4dd6-a3fa-75ce07d6351d, command=[]} | ret=SUCCESS |  
2019-08-20 18:27:59,474 | INFO  | SCMAudit | user=jenkins1000 | ip=192.168.5.186 | op=SEND_HEARTBEAT {datanodeUUID=3ebf1703-8ccb-431f-b530-5c0bec173472, command=[]} | ret=SUCCESS |  
2019-08-20 18:27:59,800 | INFO  | SCMAudit | user=jenkins1000 | ip=192.168.5.186 | op=SEND_HEARTBEAT {datanodeUUID=b81439af-67f0-46d4-9ea9-2a1de01bfb7b, command=[]} | ret=SUCCESS |  
2019-08-20 18:27:59,813 | INFO  | SCMAudit | user=jenkins1000 | ip=192.168.5.186 | op=SEND_HEARTBEAT {datanodeUUID=b81439af-67f0-46d4-9ea9-2a1de01bfb7b, command=[]} | ret=SUCCESS |  
2019-08-20 18:27:59,814 | INFO  | SCMAudit | user=jenkins1000 | ip=192.168.5.186 | op=SEND_HEARTBEAT {datanodeUUID=0330fd69-8ead-45d6-95d3-ef0ad53800cd, command=[]} | ret=SUCCESS |  
2019-08-20 18:28:00,088 | INFO  | SCMAudit | user=jenkins1000 | ip=192.168.5.186 | op=SEND_HEARTBEAT {datanodeUUID=30a77774-759b-47e5-ab65-fec5a133fac9, command=[]} | ret=SUCCESS |  
2019-08-20 18:28:00,213 [grpc-default-executor-3] INFO  client.GrpcClientProtocolClient (GrpcClientProtocolClient.java:onNext(255)) - client-AF20C520F50F->b81439af-67f0-46d4-9ea9-2a1de01bfb7b: receive RaftClientReply:client-AF20C520F50F->b81439af-67f0-46d4-9ea9-2a1de01bfb7b@group-F96715C59315, cid=184, FAILED org.apache.ratis.protocol.NotLeaderException: Server b81439af-67f0-46d4-9ea9-2a1de01bfb7b is not the leader (b8907872-efa4-4493-acc5-388a2f6162ac:192.168.5.186:43646). Request must be sent to leader., logIndex=0, commits[b81439af-67f0-46d4-9ea9-2a1de01bfb7b:c16, b8907872-efa4-4493-acc5-388a2f6162ac:c16, 0330fd69-8ead-45d6-95d3-ef0ad53800cd:c16]
2019-08-20 18:28:00,306 | INFO  | SCMAudit | user=jenkins1000 | ip=192.168.5.186 | op=SEND_HEARTBEAT {datanodeUUID=75361d20-0014-4d84-b06d-e0cee43a4090, command=[]} | ret=SUCCESS |  
2019-08-20 18:28:00,472 | INFO  | SCMAudit | user=jenkins1000 | ip=192.168.5.186 | op=SEND_HEARTBEAT {datanodeUUID=410b0fde-0c93-4dd6-a3fa-75ce07d6351d, command=[]} | ret=SUCCESS |  
2019-08-20 18:28:00,473 | INFO  | SCMAudit | user=jenkins1000 | ip=192.168.5.186 | op=SEND_HEARTBEAT {datanodeUUID=3ebf1703-8ccb-431f-b530-5c0bec173472, command=[]} | ret=SUCCESS |  
2019-08-20 18:28:00,814 | INFO  | SCMAudit | user=jenkins1000 | ip=192.168.5.186 | op=SEND_HEARTBEAT {datanodeUUID=0330fd69-8ead-45d6-95d3-ef0ad53800cd, command=[]} | ret=SUCCESS |  
2019-08-20 18:28:00,814 | INFO  | SCMAudit | user=jenkins1000 | ip=192.168.5.186 | op=SEND_HEARTBEAT {datanodeUUID=b81439af-67f0-46d4-9ea9-2a1de01bfb7b, command=[]} | ret=SUCCESS |  
2019-08-20 18:28:01,088 | INFO  | SCMAudit | user=jenkins1000 | ip=192.168.5.186 | op=SEND_HEARTBEAT {datanodeUUID=30a77774-759b-47e5-ab65-fec5a133fac9, command=[]} | ret=SUCCESS |  
2019-08-20 18:28:01,234 [grpc-default-executor-5] INFO  client.GrpcClientProtocolClient (GrpcClientProtocolClient.java:onNext(255)) - client-AF20C520F50F->b81439af-67f0-46d4-9ea9-2a1de01bfb7b: receive RaftClientReply:client-AF20C520F50F->b81439af-67f0-46d4-9ea9-2a1de01bfb7b@group-F96715C59315, cid=184, FAILED org.apache.ratis.protocol.NotLeaderException: Server b81439af-67f0-46d4-9ea9-2a1de01bfb7b is not the leader (b8907872-efa4-4493-acc5-388a2f6162ac:192.168.5.186:43646). Request must be sent to leader., logIndex=0, commits[b81439af-67f0-46d4-9ea9-2a1de01bfb7b:c16, b8907872-efa4-4493-acc5-388a2f6162ac:c16, 0330fd69-8ead-45d6-95d3-ef0ad53800cd:c16]
2019-08-20 18:28:01,307 | INFO  | SCMAudit | user=jenkins1000 | ip=192.168.5.186 | op=SEND_HEARTBEAT {datanodeUUID=75361d20-0014-4d84-b06d-e0cee43a4090, command=[]} | ret=SUCCESS |  
2019-08-20 18:28:01,473 | INFO  | SCMAudit | user=jenkins1000 | ip=192.168.5.186 | op=SEND_HEARTBEAT {datanodeUUID=410b0fde-0c93-4dd6-a3fa-75ce07d6351d, command=[]} | ret=SUCCESS |  
2019-08-20 18:28:01,473 | INFO  | SCMAudit | user=jenkins1000 | ip=192.168.5.186 | op=SEND_HEARTBEAT {datanodeUUID=3ebf1703-8ccb-431f-b530-5c0bec173472, command=[]} | ret=SUCCESS |  
2019-08-20 18:28:01,814 | INFO  | SCMAudit | user=jenkins1000 | ip=192.168.5.186 | op=SEND_HEARTBEAT {datanodeUUID=0330fd69-8ead-45d6-95d3-ef0ad53800cd, command=[]} | ret=SUCCESS |  
2019-08-20 18:28:01,814 | INFO  | SCMAudit | user=jenkins1000 | ip=192.168.5.186 | op=SEND_HEARTBEAT {datanodeUUID=b81439af-67f0-46d4-9ea9-2a1de01bfb7b, command=[]} | ret=SUCCESS |  
2019-08-20 18:28:02,088 | INFO  | SCMAudit | user=jenkins1000 | ip=192.168.5.186 | op=SEND_HEARTBEAT {datanodeUUID=30a77774-759b-47e5-ab65-fec5a133fac9, command=[]} | ret=SUCCESS |  
2019-08-20 18:28:02,249 [grpc-default-executor-3] INFO  client.GrpcClientProtocolClient (GrpcClientProtocolClient.java:onNext(255)) - client-AF20C520F50F->b81439af-67f0-46d4-9ea9-2a1de01bfb7b: receive RaftClientReply:client-AF20C520F50F->b81439af-67f0-46d4-9ea9-2a1de01bfb7b@group-F96715C59315, cid=184, FAILED org.apache.ratis.protocol.NotLeaderException: Server b81439af-67f0-46d4-9ea9-2a1de01bfb7b is not the leader (b8907872-efa4-4493-acc5-388a2f6162ac:192.168.5.186:43646). Request must be sent to leader., logIndex=0, commits[b81439af-67f0-46d4-9ea9-2a1de01bfb7b:c16, b8907872-efa4-4493-acc5-388a2f6162ac:c16, 0330fd69-8ead-45d6-95d3-ef0ad53800cd:c16]
2019-08-20 18:28:02,307 | INFO  | SCMAudit | user=jenkins1000 | ip=192.168.5.186 | op=SEND_HEARTBEAT {datanodeUUID=75361d20-0014-4d84-b06d-e0cee43a4090, command=[]} | ret=SUCCESS |  
2019-08-20 18:28:02,473 | INFO  | SCMAudit | user=jenkins1000 | ip=192.168.5.186 | op=SEND_HEARTBEAT {datanodeUUID=410b0fde-0c93-4dd6-a3fa-75ce07d6351d, command=[]} | ret=SUCCESS |  
2019-08-20 18:28:02,474 | INFO  | SCMAudit | user=jenkins1000 | ip=192.168.5.186 | op=SEND_HEARTBEAT {datanodeUUID=3ebf1703-8ccb-431f-b530-5c0bec173472, command=[]} | ret=SUCCESS |  
2019-08-20 18:28:02,814 | INFO  | SCMAudit | user=jenkins1000 | ip=192.168.5.186 | op=SEND_HEARTBEAT {datanodeUUID=b81439af-67f0-46d4-9ea9-2a1de01bfb7b, command=[]} | ret=SUCCESS |  
2019-08-20 18:28:02,814 | INFO  | SCMAudit | user=jenkins1000 | ip=192.168.5.186 | op=SEND_HEARTBEAT {datanodeUUID=0330fd69-8ead-45d6-95d3-ef0ad53800cd, command=[]} | ret=SUCCESS |  
2019-08-20 18:28:03,088 | INFO  | SCMAudit | user=jenkins1000 | ip=192.168.5.186 | op=SEND_HEARTBEAT {datanodeUUID=30a77774-759b-47e5-ab65-fec5a133fac9, command=[]} | ret=SUCCESS |  
2019-08-20 18:28:03,265 [grpc-default-executor-5] INFO  client.GrpcClientProtocolClient (GrpcClientProtocolClient.java:onNext(255)) - client-AF20C520F50F->b81439af-67f0-46d4-9ea9-2a1de01bfb7b: receive RaftClientReply:client-AF20C520F50F->b81439af-67f0-46d4-9ea9-2a1de01bfb7b@group-F96715C59315, cid=184, FAILED org.apache.ratis.protocol.NotLeaderException: Server b81439af-67f0-46d4-9ea9-2a1de01bfb7b is not the leader (b8907872-efa4-4493-acc5-388a2f6162ac:192.168.5.186:43646). Request must be sent to leader., logIndex=0, commits[b81439af-67f0-46d4-9ea9-2a1de01bfb7b:c16, b8907872-efa4-4493-acc5-388a2f6162ac:c16, 0330fd69-8ead-45d6-95d3-ef0ad53800cd:c16]
2019-08-20 18:28:03,307 | INFO  | SCMAudit | user=jenkins1000 | ip=192.168.5.186 | op=SEND_HEARTBEAT {datanodeUUID=75361d20-0014-4d84-b06d-e0cee43a4090, command=[]} | ret=SUCCESS |  
2019-08-20 18:28:03,473 | INFO  | SCMAudit | user=jenkins1000 | ip=192.168.5.186 | op=SEND_HEARTBEAT {datanodeUUID=410b0fde-0c93-4dd6-a3fa-75ce07d6351d, command=[]} | ret=SUCCESS |  
2019-08-20 18:28:03,475 | INFO  | SCMAudit | user=jenkins1000 | ip=192.168.5.186 | op=SEND_HEARTBEAT {datanodeUUID=3ebf1703-8ccb-431f-b530-5c0bec173472, command=[]} | ret=SUCCESS |  
2019-08-20 18:28:03,814 | INFO  | SCMAudit | user=jenkins1000 | ip=192.168.5.186 | op=SEND_HEARTBEAT {datanodeUUID=b81439af-67f0-46d4-9ea9-2a1de01bfb7b, command=[]} | ret=SUCCESS |  
2019-08-20 18:28:03,814 | INFO  | SCMAudit | user=jenkins1000 | ip=192.168.5.186 | op=SEND_HEARTBEAT {datanodeUUID=0330fd69-8ead-45d6-95d3-ef0ad53800cd, command=[]} | ret=SUCCESS |  
2019-08-20 18:28:04,088 | INFO  | SCMAudit | user=jenkins1000 | ip=192.168.5.186 | op=SEND_HEARTBEAT {datanodeUUID=30a77774-759b-47e5-ab65-fec5a133fac9, command=[]} | ret=SUCCESS |  
2019-08-20 18:28:04,282 [grpc-default-executor-7] INFO  client.GrpcClientProtocolClient (GrpcClientProtocolClient.java:onNext(255)) - client-AF20C520F50F->0330fd69-8ead-45d6-95d3-ef0ad53800cd: receive RaftClientReply:client-AF20C520F50F->0330fd69-8ead-45d6-95d3-ef0ad53800cd@group-F96715C59315, cid=184, FAILED org.apache.ratis.protocol.NotLeaderException: Server 0330fd69-8ead-45d6-95d3-ef0ad53800cd is not the leader (b8907872-efa4-4493-acc5-388a2f6162ac:192.168.5.186:43646). Request must be sent to leader., logIndex=0, commits[0330fd69-8ead-45d6-95d3-ef0ad53800cd:c16, b81439af-67f0-46d4-9ea9-2a1de01bfb7b:c16, b8907872-efa4-4493-acc5-388a2f6162ac:c16]
2019-08-20 18:28:04,307 | INFO  | SCMAudit | user=jenkins1000 | ip=192.168.5.186 | op=SEND_HEARTBEAT {datanodeUUID=75361d20-0014-4d84-b06d-e0cee43a4090, command=[]} | ret=SUCCESS |  
2019-08-20 18:28:04,473 | INFO  | SCMAudit | user=jenkins1000 | ip=192.168.5.186 | op=SEND_HEARTBEAT {datanodeUUID=410b0fde-0c93-4dd6-a3fa-75ce07d6351d, command=[]} | ret=SUCCESS |  
2019-08-20 18:28:04,476 | INFO  | SCMAudit | user=jenkins1000 | ip=192.168.5.186 | op=SEND_HEARTBEAT {datanodeUUID=3ebf1703-8ccb-431f-b530-5c0bec173472, command=[]} | ret=SUCCESS |  
2019-08-20 18:28:04,814 | INFO  | SCMAudit | user=jenkins1000 | ip=192.168.5.186 | op=SEND_HEARTBEAT {datanodeUUID=0330fd69-8ead-45d6-95d3-ef0ad53800cd, command=[]} | ret=SUCCESS |  
2019-08-20 18:28:04,816 | INFO  | SCMAudit | user=jenkins1000 | ip=192.168.5.186 | op=SEND_HEARTBEAT {datanodeUUID=b81439af-67f0-46d4-9ea9-2a1de01bfb7b, command=[]} | ret=SUCCESS |  
2019-08-20 18:28:05,089 | INFO  | SCMAudit | user=jenkins1000 | ip=192.168.5.186 | op=SEND_HEARTBEAT {datanodeUUID=30a77774-759b-47e5-ab65-fec5a133fac9, command=[]} | ret=SUCCESS |  
2019-08-20 18:28:05,305 [grpc-default-executor-5] INFO  client.GrpcClientProtocolClient (GrpcClientProtocolClient.java:onNext(255)) - client-AF20C520F50F->0330fd69-8ead-45d6-95d3-ef0ad53800cd: receive RaftClientReply:client-AF20C520F50F->0330fd69-8ead-45d6-95d3-ef0ad53800cd@group-F96715C59315, cid=184, FAILED org.apache.ratis.protocol.NotLeaderException: Server 0330fd69-8ead-45d6-95d3-ef0ad53800cd is not the leader (b8907872-efa4-4493-acc5-388a2f6162ac:192.168.5.186:43646). Request must be sent to leader., logIndex=0, commits[0330fd69-8ead-45d6-95d3-ef0ad53800cd:c16, b81439af-67f0-46d4-9ea9-2a1de01bfb7b:c16, b8907872-efa4-4493-acc5-388a2f6162ac:c16]
2019-08-20 18:28:05,310 | INFO  | SCMAudit | user=jenkins1000 | ip=192.168.5.186 | op=SEND_HEARTBEAT {datanodeUUID=75361d20-0014-4d84-b06d-e0cee43a4090, command=[]} | ret=SUCCESS |  
2019-08-20 18:28:05,473 | INFO  | SCMAudit | user=jenkins1000 | ip=192.168.5.186 | op=SEND_HEARTBEAT {datanodeUUID=410b0fde-0c93-4dd6-a3fa-75ce07d6351d, command=[]} | ret=SUCCESS |  
2019-08-20 18:28:05,477 | INFO  | SCMAudit | user=jenkins1000 | ip=192.168.5.186 | op=SEND_HEARTBEAT {datanodeUUID=3ebf1703-8ccb-431f-b530-5c0bec173472, command=[]} | ret=SUCCESS |  
2019-08-20 18:28:05,814 | INFO  | SCMAudit | user=jenkins1000 | ip=192.168.5.186 | op=SEND_HEARTBEAT {datanodeUUID=b81439af-67f0-46d4-9ea9-2a1de01bfb7b, command=[]} | ret=SUCCESS |  
2019-08-20 18:28:05,814 | INFO  | SCMAudit | user=jenkins1000 | ip=192.168.5.186 | op=SEND_HEARTBEAT {datanodeUUID=0330fd69-8ead-45d6-95d3-ef0ad53800cd, command=[]} | ret=SUCCESS |  
2019-08-20 18:28:06,088 | INFO  | SCMAudit | user=jenkins1000 | ip=192.168.5.186 | op=SEND_HEARTBEAT {datanodeUUID=30a77774-759b-47e5-ab65-fec5a133fac9, command=[]} | ret=SUCCESS |  
2019-08-20 18:28:06,310 | INFO  | SCMAudit | user=jenkins1000 | ip=192.168.5.186 | op=SEND_HEARTBEAT {datanodeUUID=75361d20-0014-4d84-b06d-e0cee43a4090, command=[]} | ret=SUCCESS |  
2019-08-20 18:28:06,322 [grpc-default-executor-7] INFO  client.GrpcClientProtocolClient (GrpcClientProtocolClient.java:onNext(255)) - client-AF20C520F50F->b81439af-67f0-46d4-9ea9-2a1de01bfb7b: receive RaftClientReply:client-AF20C520F50F->b81439af-67f0-46d4-9ea9-2a1de01bfb7b@group-F96715C59315, cid=184, FAILED org.apache.ratis.protocol.NotLeaderException: Server b81439af-67f0-46d4-9ea9-2a1de01bfb7b is not the leader (b8907872-efa4-4493-acc5-388a2f6162ac:192.168.5.186:43646). Request must be sent to leader., logIndex=0, commits[b81439af-67f0-46d4-9ea9-2a1de01bfb7b:c16, b8907872-efa4-4493-acc5-388a2f6162ac:c16, 0330fd69-8ead-45d6-95d3-ef0ad53800cd:c16]
2019-08-20 18:28:06,473 | INFO  | SCMAudit | user=jenkins1000 | ip=192.168.5.186 | op=SEND_HEARTBEAT {datanodeUUID=410b0fde-0c93-4dd6-a3fa-75ce07d6351d, command=[]} | ret=SUCCESS |  
2019-08-20 18:28:06,477 | INFO  | SCMAudit | user=jenkins1000 | ip=192.168.5.186 | op=SEND_HEARTBEAT {datanodeUUID=3ebf1703-8ccb-431f-b530-5c0bec173472, command=[]} | ret=SUCCESS |  
2019-08-20 18:28:06,548 [Thread-3349] INFO  impl.FollowerState (FollowerState.java:run(106)) - b81439af-67f0-46d4-9ea9-2a1de01bfb7b:group-F96715C59315 changes to CANDIDATE, lastRpcTime:9501, electionTimeout:5028ms
2019-08-20 18:28:06,548 [Thread-3349] INFO  impl.RoleInfo (RoleInfo.java:shutdownFollowerState(121)) - b81439af-67f0-46d4-9ea9-2a1de01bfb7b: shutdown FollowerState
2019-08-20 18:28:06,548 [Thread-3349] INFO  impl.RaftServerImpl (RaftServerImpl.java:setRole(171)) - b81439af-67f0-46d4-9ea9-2a1de01bfb7b:group-F96715C59315 changes role from FOLLOWER to CANDIDATE at term 1 for changeToCandidate
2019-08-20 18:28:06,548 [Thread-3349] INFO  impl.RoleInfo (RoleInfo.java:updateAndGet(143)) - b81439af-67f0-46d4-9ea9-2a1de01bfb7b: start LeaderElection
2019-08-20 18:28:06,552 [b81439af-67f0-46d4-9ea9-2a1de01bfb7b:group-F96715C59315:LeaderElection58] INFO  impl.RaftServerImpl (ServerState.java:setLeader(263)) - b81439af-67f0-46d4-9ea9-2a1de01bfb7b:group-F96715C59315 change Leader from b8907872-efa4-4493-acc5-388a2f6162ac to null at term 1 for initElection
2019-08-20 18:28:06,566 [b81439af-67f0-46d4-9ea9-2a1de01bfb7b:group-F96715C59315:LeaderElection58] INFO  impl.LeaderElection (LeaderElection.java:askForVotes(181)) - b81439af-67f0-46d4-9ea9-2a1de01bfb7b:group-F96715C59315:LeaderElection58: begin an election at term 2 for 0: [b81439af-67f0-46d4-9ea9-2a1de01bfb7b:192.168.5.186:37071, b8907872-efa4-4493-acc5-388a2f6162ac:192.168.5.186:43646, 0330fd69-8ead-45d6-95d3-ef0ad53800cd:192.168.5.186:39049], old=null
2019-08-20 18:28:06,569 [b81439af-67f0-46d4-9ea9-2a1de01bfb7b:group-F96715C59315:LeaderElection58] INFO  impl.LeaderElection (LogUtils.java:infoOrTrace(149)) - b81439af-67f0-46d4-9ea9-2a1de01bfb7b:group-F96715C59315:LeaderElection58 got exception when requesting votes: {}
java.util.concurrent.ExecutionException: org.apache.ratis.thirdparty.io.grpc.StatusRuntimeException: UNAVAILABLE: io exception
	at java.util.concurrent.FutureTask.report(FutureTask.java:122)
	at java.util.concurrent.FutureTask.get(FutureTask.java:192)
	at org.apache.ratis.server.impl.LeaderElection.waitForResults(LeaderElection.java:262)
	at org.apache.ratis.server.impl.LeaderElection.askForVotes(LeaderElection.java:200)
	at org.apache.ratis.server.impl.LeaderElection.run(LeaderElection.java:130)
	at java.lang.Thread.run(Thread.java:748)
Caused by: org.apache.ratis.thirdparty.io.grpc.StatusRuntimeException: UNAVAILABLE: io exception
	at org.apache.ratis.thirdparty.io.grpc.stub.ClientCalls.toStatusRuntimeException(ClientCalls.java:233)
	at org.apache.ratis.thirdparty.io.grpc.stub.ClientCalls.getUnchecked(ClientCalls.java:214)
	at org.apache.ratis.thirdparty.io.grpc.stub.ClientCalls.blockingUnaryCall(ClientCalls.java:139)
	at org.apache.ratis.proto.grpc.RaftServerProtocolServiceGrpc$RaftServerProtocolServiceBlockingStub.requestVote(RaftServerProtocolServiceGrpc.java:265)
	at org.apache.ratis.grpc.server.GrpcServerProtocolClient.requestVote(GrpcServerProtocolClient.java:83)
	at org.apache.ratis.grpc.server.GrpcService.requestVote(GrpcService.java:195)
	at org.apache.ratis.server.impl.LeaderElection.lambda$submitRequests$1(LeaderElection.java:237)
	at java.util.concurrent.FutureTask.run(FutureTask.java:266)
	at java.util.concurrent.Executors$RunnableAdapter.call(Executors.java:511)
	at java.util.concurrent.FutureTask.run(FutureTask.java:266)
	at java.util.concurrent.ThreadPoolExecutor.runWorker(ThreadPoolExecutor.java:1149)
	at java.util.concurrent.ThreadPoolExecutor$Worker.run(ThreadPoolExecutor.java:624)
	... 1 more
Caused by: org.apache.ratis.thirdparty.io.netty.channel.AbstractChannel$AnnotatedConnectException: Connection refused: /192.168.5.186:43646
	at sun.nio.ch.SocketChannelImpl.checkConnect(Native Method)
	at sun.nio.ch.SocketChannelImpl.finishConnect(SocketChannelImpl.java:717)
	at org.apache.ratis.thirdparty.io.netty.channel.socket.nio.NioSocketChannel.doFinishConnect(NioSocketChannel.java:327)
	at org.apache.ratis.thirdparty.io.netty.channel.nio.AbstractNioChannel$AbstractNioUnsafe.finishConnect(AbstractNioChannel.java:340)
	at org.apache.ratis.thirdparty.io.netty.channel.nio.NioEventLoop.processSelectedKey(NioEventLoop.java:632)
	at org.apache.ratis.thirdparty.io.netty.channel.nio.NioEventLoop.processSelectedKeysOptimized(NioEventLoop.java:579)
	at org.apache.ratis.thirdparty.io.netty.channel.nio.NioEventLoop.processSelectedKeys(NioEventLoop.java:496)
	at org.apache.ratis.thirdparty.io.netty.channel.nio.NioEventLoop.run(NioEventLoop.java:458)
	at org.apache.ratis.thirdparty.io.netty.util.concurrent.SingleThreadEventExecutor$5.run(SingleThreadEventExecutor.java:897)
	at org.apache.ratis.thirdparty.io.netty.util.concurrent.FastThreadLocalRunnable.run(FastThreadLocalRunnable.java:30)
	... 1 more
Caused by: java.net.ConnectException: Connection refused
	... 11 more
2019-08-20 18:28:06,574 [grpc-default-executor-7] INFO  impl.RaftServerImpl (ServerState.java:setLeader(263)) - 0330fd69-8ead-45d6-95d3-ef0ad53800cd:group-F96715C59315 change Leader from b8907872-efa4-4493-acc5-388a2f6162ac to null at term 2 for updateCurrentTerm
2019-08-20 18:28:06,574 [grpc-default-executor-7] INFO  impl.RaftServerImpl (RaftServerImpl.java:setRole(171)) - 0330fd69-8ead-45d6-95d3-ef0ad53800cd:group-F96715C59315 changes role from FOLLOWER to FOLLOWER at term 2 for recognizeCandidate:b81439af-67f0-46d4-9ea9-2a1de01bfb7b
2019-08-20 18:28:06,574 [grpc-default-executor-7] INFO  impl.RoleInfo (RoleInfo.java:shutdownFollowerState(121)) - 0330fd69-8ead-45d6-95d3-ef0ad53800cd: shutdown FollowerState
2019-08-20 18:28:06,575 [grpc-default-executor-7] INFO  impl.RoleInfo (RoleInfo.java:updateAndGet(143)) - 0330fd69-8ead-45d6-95d3-ef0ad53800cd: start FollowerState
2019-08-20 18:28:06,575 [Thread-3350] INFO  impl.FollowerState (FollowerState.java:run(114)) - 0330fd69-8ead-45d6-95d3-ef0ad53800cd: FollowerState was interrupted: java.lang.InterruptedException: sleep interrupted
2019-08-20 18:28:06,594 [b81439af-67f0-46d4-9ea9-2a1de01bfb7b:group-F96715C59315:LeaderElection58] INFO  impl.LeaderElection (LeaderElection.java:logAndReturn(56)) - b81439af-67f0-46d4-9ea9-2a1de01bfb7b:group-F96715C59315:LeaderElection58: Election PASSED; received 1 response(s) [b81439af-67f0-46d4-9ea9-2a1de01bfb7b<-0330fd69-8ead-45d6-95d3-ef0ad53800cd#0:OK-t2] and 1 exception(s); b81439af-67f0-46d4-9ea9-2a1de01bfb7b:t2, leader=null, voted=b81439af-67f0-46d4-9ea9-2a1de01bfb7b, raftlog=b81439af-67f0-46d4-9ea9-2a1de01bfb7b-SegmentedRaftLog:OPENED:c16,f16,i16, conf=0: [b81439af-67f0-46d4-9ea9-2a1de01bfb7b:192.168.5.186:37071, b8907872-efa4-4493-acc5-388a2f6162ac:192.168.5.186:43646, 0330fd69-8ead-45d6-95d3-ef0ad53800cd:192.168.5.186:39049], old=null
2019-08-20 18:28:06,594 [b81439af-67f0-46d4-9ea9-2a1de01bfb7b:group-F96715C59315:LeaderElection58] INFO  impl.LeaderElection (LogUtils.java:infoOrTrace(149)) -   Exception 0: {}
java.util.concurrent.ExecutionException: org.apache.ratis.thirdparty.io.grpc.StatusRuntimeException: UNAVAILABLE: io exception
	at java.util.concurrent.FutureTask.report(FutureTask.java:122)
	at java.util.concurrent.FutureTask.get(FutureTask.java:192)
	at org.apache.ratis.server.impl.LeaderElection.waitForResults(LeaderElection.java:262)
	at org.apache.ratis.server.impl.LeaderElection.askForVotes(LeaderElection.java:200)
	at org.apache.ratis.server.impl.LeaderElection.run(LeaderElection.java:130)
	at java.lang.Thread.run(Thread.java:748)
Caused by: org.apache.ratis.thirdparty.io.grpc.StatusRuntimeException: UNAVAILABLE: io exception
	at org.apache.ratis.thirdparty.io.grpc.stub.ClientCalls.toStatusRuntimeException(ClientCalls.java:233)
	at org.apache.ratis.thirdparty.io.grpc.stub.ClientCalls.getUnchecked(ClientCalls.java:214)
	at org.apache.ratis.thirdparty.io.grpc.stub.ClientCalls.blockingUnaryCall(ClientCalls.java:139)
	at org.apache.ratis.proto.grpc.RaftServerProtocolServiceGrpc$RaftServerProtocolServiceBlockingStub.requestVote(RaftServerProtocolServiceGrpc.java:265)
	at org.apache.ratis.grpc.server.GrpcServerProtocolClient.requestVote(GrpcServerProtocolClient.java:83)
	at org.apache.ratis.grpc.server.GrpcService.requestVote(GrpcService.java:195)
	at org.apache.ratis.server.impl.LeaderElection.lambda$submitRequests$1(LeaderElection.java:237)
	at java.util.concurrent.FutureTask.run(FutureTask.java:266)
	at java.util.concurrent.Executors$RunnableAdapter.call(Executors.java:511)
	at java.util.concurrent.FutureTask.run(FutureTask.java:266)
	at java.util.concurrent.ThreadPoolExecutor.runWorker(ThreadPoolExecutor.java:1149)
	at java.util.concurrent.ThreadPoolExecutor$Worker.run(ThreadPoolExecutor.java:624)
	... 1 more
Caused by: org.apache.ratis.thirdparty.io.netty.channel.AbstractChannel$AnnotatedConnectException: Connection refused: /192.168.5.186:43646
	at sun.nio.ch.SocketChannelImpl.checkConnect(Native Method)
	at sun.nio.ch.SocketChannelImpl.finishConnect(SocketChannelImpl.java:717)
	at org.apache.ratis.thirdparty.io.netty.channel.socket.nio.NioSocketChannel.doFinishConnect(NioSocketChannel.java:327)
	at org.apache.ratis.thirdparty.io.netty.channel.nio.AbstractNioChannel$AbstractNioUnsafe.finishConnect(AbstractNioChannel.java:340)
	at org.apache.ratis.thirdparty.io.netty.channel.nio.NioEventLoop.processSelectedKey(NioEventLoop.java:632)
	at org.apache.ratis.thirdparty.io.netty.channel.nio.NioEventLoop.processSelectedKeysOptimized(NioEventLoop.java:579)
	at org.apache.ratis.thirdparty.io.netty.channel.nio.NioEventLoop.processSelectedKeys(NioEventLoop.java:496)
	at org.apache.ratis.thirdparty.io.netty.channel.nio.NioEventLoop.run(NioEventLoop.java:458)
	at org.apache.ratis.thirdparty.io.netty.util.concurrent.SingleThreadEventExecutor$5.run(SingleThreadEventExecutor.java:897)
	at org.apache.ratis.thirdparty.io.netty.util.concurrent.FastThreadLocalRunnable.run(FastThreadLocalRunnable.java:30)
	... 1 more
Caused by: java.net.ConnectException: Connection refused
	... 11 more
2019-08-20 18:28:06,594 [b81439af-67f0-46d4-9ea9-2a1de01bfb7b:group-F96715C59315:LeaderElection58] INFO  impl.RoleInfo (RoleInfo.java:shutdownLeaderElection(134)) - b81439af-67f0-46d4-9ea9-2a1de01bfb7b: shutdown LeaderElection
2019-08-20 18:28:06,608 [b81439af-67f0-46d4-9ea9-2a1de01bfb7b:group-F96715C59315:LeaderElection58] INFO  impl.RaftServerImpl (RaftServerImpl.java:setRole(171)) - b81439af-67f0-46d4-9ea9-2a1de01bfb7b:group-F96715C59315 changes role from CANDIDATE to LEADER at term 2 for changeToLeader
2019-08-20 18:28:06,608 [b81439af-67f0-46d4-9ea9-2a1de01bfb7b:group-F96715C59315:LeaderElection58] INFO  impl.RaftServerImpl (ServerState.java:setLeader(263)) - b81439af-67f0-46d4-9ea9-2a1de01bfb7b:group-F96715C59315 change Leader from null to b81439af-67f0-46d4-9ea9-2a1de01bfb7b at term 2 for becomeLeader, leader elected after 55ms
2019-08-20 18:28:06,608 [b81439af-67f0-46d4-9ea9-2a1de01bfb7b:group-F96715C59315:LeaderElection58] INFO  server.RaftServerConfigKeys (ConfUtils.java:logGet(43)) - raft.server.staging.catchup.gap = 1000 (default)
2019-08-20 18:28:06,608 [b81439af-67f0-46d4-9ea9-2a1de01bfb7b:group-F96715C59315:LeaderElection58] INFO  server.RaftServerConfigKeys (ConfUtils.java:logGet(43)) - raft.server.rpc.sleep.time = 25ms (default)
2019-08-20 18:28:06,609 [b81439af-67f0-46d4-9ea9-2a1de01bfb7b:group-F96715C59315:LeaderElection58] INFO  server.RaftServerConfigKeys (ConfUtils.java:logGet(43)) - raft.server.write.element-limit = 4096 (default)
2019-08-20 18:28:06,609 [b81439af-67f0-46d4-9ea9-2a1de01bfb7b:group-F96715C59315:LeaderElection58] INFO  server.RaftServerConfigKeys (ConfUtils.java:logGet(43)) - raft.server.watch.timeout = 10s (default)
2019-08-20 18:28:06,609 [b81439af-67f0-46d4-9ea9-2a1de01bfb7b:group-F96715C59315:LeaderElection58] INFO  server.RaftServerConfigKeys (ConfUtils.java:logGet(43)) - raft.server.watch.timeout.denomination = 1s (default)
2019-08-20 18:28:06,609 [b81439af-67f0-46d4-9ea9-2a1de01bfb7b:group-F96715C59315:LeaderElection58] INFO  server.RaftServerConfigKeys (ConfUtils.java:logGet(43)) - raft.server.watch.element-limit = 65536 (default)
2019-08-20 18:28:06,609 [b81439af-67f0-46d4-9ea9-2a1de01bfb7b:group-F96715C59315:LeaderElection58] INFO  server.RaftServerConfigKeys (ConfUtils.java:logGet(43)) - raft.server.log.appender.snapshot.chunk.size.max = 16MB (=16777216) (default)
2019-08-20 18:28:06,610 [b81439af-67f0-46d4-9ea9-2a1de01bfb7b:group-F96715C59315:LeaderElection58] INFO  server.RaftServerConfigKeys (ConfUtils.java:logGet(43)) - raft.server.log.appender.buffer.byte-limit = 33554432 (custom)
2019-08-20 18:28:06,610 [b81439af-67f0-46d4-9ea9-2a1de01bfb7b:group-F96715C59315:LeaderElection58] INFO  server.RaftServerConfigKeys (ConfUtils.java:logGet(43)) - raft.server.log.appender.buffer.element-limit = 1 (custom)
2019-08-20 18:28:06,610 [b81439af-67f0-46d4-9ea9-2a1de01bfb7b:group-F96715C59315:LeaderElection58] INFO  grpc.GrpcConfigKeys$Server (ConfUtils.java:logGet(43)) - raft.grpc.server.leader.outstanding.appends.max = 128 (default)
2019-08-20 18:28:06,610 [b81439af-67f0-46d4-9ea9-2a1de01bfb7b:group-F96715C59315:LeaderElection58] INFO  server.RaftServerConfigKeys (ConfUtils.java:logGet(43)) - raft.server.rpc.request.timeout = 3000ms (default)
2019-08-20 18:28:06,611 [b81439af-67f0-46d4-9ea9-2a1de01bfb7b:group-F96715C59315:LeaderElection58] INFO  server.RaftServerConfigKeys (ConfUtils.java:logGet(43)) - raft.server.log.appender.install.snapshot.enabled = false (custom)
2019-08-20 18:28:06,611 [b81439af-67f0-46d4-9ea9-2a1de01bfb7b:group-F96715C59315:LeaderElection58] INFO  server.RaftServerConfigKeys (ConfUtils.java:logGet(43)) - raft.server.log.appender.snapshot.chunk.size.max = 16MB (=16777216) (default)
2019-08-20 18:28:06,611 [b81439af-67f0-46d4-9ea9-2a1de01bfb7b:group-F96715C59315:LeaderElection58] INFO  server.RaftServerConfigKeys (ConfUtils.java:logGet(43)) - raft.server.log.appender.buffer.byte-limit = 33554432 (custom)
2019-08-20 18:28:06,611 [b81439af-67f0-46d4-9ea9-2a1de01bfb7b:group-F96715C59315:LeaderElection58] INFO  server.RaftServerConfigKeys (ConfUtils.java:logGet(43)) - raft.server.log.appender.buffer.element-limit = 1 (custom)
2019-08-20 18:28:06,611 [b81439af-67f0-46d4-9ea9-2a1de01bfb7b:group-F96715C59315:LeaderElection58] INFO  grpc.GrpcConfigKeys$Server (ConfUtils.java:logGet(43)) - raft.grpc.server.leader.outstanding.appends.max = 128 (default)
2019-08-20 18:28:06,612 [b81439af-67f0-46d4-9ea9-2a1de01bfb7b:group-F96715C59315:LeaderElection58] INFO  server.RaftServerConfigKeys (ConfUtils.java:logGet(43)) - raft.server.rpc.request.timeout = 3000ms (default)
2019-08-20 18:28:06,612 [b81439af-67f0-46d4-9ea9-2a1de01bfb7b:group-F96715C59315:LeaderElection58] INFO  server.RaftServerConfigKeys (ConfUtils.java:logGet(43)) - raft.server.log.appender.install.snapshot.enabled = false (custom)
2019-08-20 18:28:06,612 [b81439af-67f0-46d4-9ea9-2a1de01bfb7b:group-F96715C59315:LeaderElection58] INFO  impl.RoleInfo (RoleInfo.java:updateAndGet(143)) - b81439af-67f0-46d4-9ea9-2a1de01bfb7b: start LeaderState
2019-08-20 18:28:06,613 [b81439af-67f0-46d4-9ea9-2a1de01bfb7b:group-F96715C59315:LeaderElection58] INFO  segmented.SegmentedRaftLogWorker (SegmentedRaftLogWorker.java:rollLogSegment(385)) - b81439af-67f0-46d4-9ea9-2a1de01bfb7b-SegmentedRaftLogWorker:Storage Directory /workdir/hadoop-ozone/integration-test/target/test-dir/MiniOzoneClusterImpl-9a1dce89-8836-4893-b9ec-7edc085093e3/datanode-3/data/ratis/614e5141-bdf3-4559-8dbb-f96715c59315: Rolling segment log-0_16 to index:16
2019-08-20 18:28:06,614 [b81439af-67f0-46d4-9ea9-2a1de01bfb7b:group-F96715C59315:LeaderElection58] INFO  impl.RaftServerImpl (ServerState.java:setRaftConf(361)) - b81439af-67f0-46d4-9ea9-2a1de01bfb7b:group-F96715C59315 set configuration 17: [b81439af-67f0-46d4-9ea9-2a1de01bfb7b:192.168.5.186:37071, b8907872-efa4-4493-acc5-388a2f6162ac:192.168.5.186:43646, 0330fd69-8ead-45d6-95d3-ef0ad53800cd:192.168.5.186:39049], old=null at 17
2019-08-20 18:28:06,614 [b81439af-67f0-46d4-9ea9-2a1de01bfb7b-SegmentedRaftLogWorker:Storage Directory /workdir/hadoop-ozone/integration-test/target/test-dir/MiniOzoneClusterImpl-9a1dce89-8836-4893-b9ec-7edc085093e3/datanode-3/data/ratis/614e5141-bdf3-4559-8dbb-f96715c59315] INFO  segmented.SegmentedRaftLogWorker (SegmentedRaftLogWorker.java:execute(526)) - b81439af-67f0-46d4-9ea9-2a1de01bfb7b-SegmentedRaftLogWorker:Storage Directory /workdir/hadoop-ozone/integration-test/target/test-dir/MiniOzoneClusterImpl-9a1dce89-8836-4893-b9ec-7edc085093e3/datanode-3/data/ratis/614e5141-bdf3-4559-8dbb-f96715c59315: Rolled log segment from /workdir/hadoop-ozone/integration-test/target/test-dir/MiniOzoneClusterImpl-9a1dce89-8836-4893-b9ec-7edc085093e3/datanode-3/data/ratis/614e5141-bdf3-4559-8dbb-f96715c59315/current/log_inprogress_0 to /workdir/hadoop-ozone/integration-test/target/test-dir/MiniOzoneClusterImpl-9a1dce89-8836-4893-b9ec-7edc085093e3/datanode-3/data/ratis/614e5141-bdf3-4559-8dbb-f96715c59315/current/log_0-16
2019-08-20 18:28:06,614 [grpc-default-executor-7] WARN  server.GrpcLogAppender (LogUtils.java:warn(134)) - b81439af-67f0-46d4-9ea9-2a1de01bfb7b->b8907872-efa4-4493-acc5-388a2f6162ac: Failed appendEntries: org.apache.ratis.thirdparty.io.grpc.StatusRuntimeException: UNAVAILABLE: io exception
2019-08-20 18:28:06,615 [grpc-default-executor-7] INFO  impl.FollowerInfo (FollowerInfo.java:lambda$new$0(50)) - b81439af-67f0-46d4-9ea9-2a1de01bfb7b->b8907872-efa4-4493-acc5-388a2f6162ac: nextIndex: updateUnconditionally 17 -> 1
2019-08-20 18:28:06,615 [grpc-default-executor-7] INFO  impl.RaftServerImpl (ServerState.java:setLeader(263)) - 0330fd69-8ead-45d6-95d3-ef0ad53800cd:group-F96715C59315 change Leader from null to b81439af-67f0-46d4-9ea9-2a1de01bfb7b at term 2 for appendEntries, leader elected after 41ms
2019-08-20 18:28:06,618 [grpc-default-executor-7] INFO  impl.RaftServerImpl (ServerState.java:setRaftConf(361)) - 0330fd69-8ead-45d6-95d3-ef0ad53800cd:group-F96715C59315 set configuration 17: [b81439af-67f0-46d4-9ea9-2a1de01bfb7b:192.168.5.186:37071, b8907872-efa4-4493-acc5-388a2f6162ac:192.168.5.186:43646, 0330fd69-8ead-45d6-95d3-ef0ad53800cd:192.168.5.186:39049], old=null at 17
2019-08-20 18:28:06,619 [grpc-default-executor-7] INFO  segmented.SegmentedRaftLogWorker (SegmentedRaftLogWorker.java:rollLogSegment(385)) - 0330fd69-8ead-45d6-95d3-ef0ad53800cd-SegmentedRaftLogWorker:Storage Directory /workdir/hadoop-ozone/integration-test/target/test-dir/MiniOzoneClusterImpl-9a1dce89-8836-4893-b9ec-7edc085093e3/datanode-4/data/ratis/614e5141-bdf3-4559-8dbb-f96715c59315: Rolling segment log-0_16 to index:16
2019-08-20 18:28:06,619 [0330fd69-8ead-45d6-95d3-ef0ad53800cd-SegmentedRaftLogWorker:Storage Directory /workdir/hadoop-ozone/integration-test/target/test-dir/MiniOzoneClusterImpl-9a1dce89-8836-4893-b9ec-7edc085093e3/datanode-4/data/ratis/614e5141-bdf3-4559-8dbb-f96715c59315] INFO  segmented.SegmentedRaftLogWorker (SegmentedRaftLogWorker.java:execute(526)) - 0330fd69-8ead-45d6-95d3-ef0ad53800cd-SegmentedRaftLogWorker:Storage Directory /workdir/hadoop-ozone/integration-test/target/test-dir/MiniOzoneClusterImpl-9a1dce89-8836-4893-b9ec-7edc085093e3/datanode-4/data/ratis/614e5141-bdf3-4559-8dbb-f96715c59315: Rolled log segment from /workdir/hadoop-ozone/integration-test/target/test-dir/MiniOzoneClusterImpl-9a1dce89-8836-4893-b9ec-7edc085093e3/datanode-4/data/ratis/614e5141-bdf3-4559-8dbb-f96715c59315/current/log_inprogress_0 to /workdir/hadoop-ozone/integration-test/target/test-dir/MiniOzoneClusterImpl-9a1dce89-8836-4893-b9ec-7edc085093e3/datanode-4/data/ratis/614e5141-bdf3-4559-8dbb-f96715c59315/current/log_0-16
2019-08-20 18:28:06,666 [b81439af-67f0-46d4-9ea9-2a1de01bfb7b-SegmentedRaftLogWorker:Storage Directory /workdir/hadoop-ozone/integration-test/target/test-dir/MiniOzoneClusterImpl-9a1dce89-8836-4893-b9ec-7edc085093e3/datanode-3/data/ratis/614e5141-bdf3-4559-8dbb-f96715c59315] INFO  segmented.SegmentedRaftLogWorker (SegmentedRaftLogWorker.java:execute(569)) - b81439af-67f0-46d4-9ea9-2a1de01bfb7b-SegmentedRaftLogWorker:Storage Directory /workdir/hadoop-ozone/integration-test/target/test-dir/MiniOzoneClusterImpl-9a1dce89-8836-4893-b9ec-7edc085093e3/datanode-3/data/ratis/614e5141-bdf3-4559-8dbb-f96715c59315: created new log segment /workdir/hadoop-ozone/integration-test/target/test-dir/MiniOzoneClusterImpl-9a1dce89-8836-4893-b9ec-7edc085093e3/datanode-3/data/ratis/614e5141-bdf3-4559-8dbb-f96715c59315/current/log_inprogress_17
2019-08-20 18:28:06,666 [0330fd69-8ead-45d6-95d3-ef0ad53800cd-SegmentedRaftLogWorker:Storage Directory /workdir/hadoop-ozone/integration-test/target/test-dir/MiniOzoneClusterImpl-9a1dce89-8836-4893-b9ec-7edc085093e3/datanode-4/data/ratis/614e5141-bdf3-4559-8dbb-f96715c59315] INFO  segmented.SegmentedRaftLogWorker (SegmentedRaftLogWorker.java:execute(569)) - 0330fd69-8ead-45d6-95d3-ef0ad53800cd-SegmentedRaftLogWorker:Storage Directory /workdir/hadoop-ozone/integration-test/target/test-dir/MiniOzoneClusterImpl-9a1dce89-8836-4893-b9ec-7edc085093e3/datanode-4/data/ratis/614e5141-bdf3-4559-8dbb-f96715c59315: created new log segment /workdir/hadoop-ozone/integration-test/target/test-dir/MiniOzoneClusterImpl-9a1dce89-8836-4893-b9ec-7edc085093e3/datanode-4/data/ratis/614e5141-bdf3-4559-8dbb-f96715c59315/current/log_inprogress_17
2019-08-20 18:28:06,691 | INFO  | DNAudit | user=null | ip=null | op=READ_CHUNK {blockData=conID: 1 locID: 102650718947901454 bcsId: 0} | ret=SUCCESS |  
2019-08-20 18:28:06,698 [grpc-default-executor-3] WARN  server.GrpcLogAppender (LogUtils.java:warn(134)) - b81439af-67f0-46d4-9ea9-2a1de01bfb7b->b8907872-efa4-4493-acc5-388a2f6162ac: Failed appendEntries: org.apache.ratis.thirdparty.io.grpc.StatusRuntimeException: UNAVAILABLE: io exception
2019-08-20 18:28:06,698 [grpc-default-executor-3] INFO  impl.FollowerInfo (FollowerInfo.java:lambda$new$0(50)) - b81439af-67f0-46d4-9ea9-2a1de01bfb7b->b8907872-efa4-4493-acc5-388a2f6162ac: nextIndex: updateUnconditionally 2 -> 1
2019-08-20 18:28:06,814 | INFO  | SCMAudit | user=jenkins1000 | ip=192.168.5.186 | op=SEND_HEARTBEAT {datanodeUUID=b81439af-67f0-46d4-9ea9-2a1de01bfb7b, command=[]} | ret=SUCCESS |  
2019-08-20 18:28:06,814 | INFO  | SCMAudit | user=jenkins1000 | ip=192.168.5.186 | op=SEND_HEARTBEAT {datanodeUUID=0330fd69-8ead-45d6-95d3-ef0ad53800cd, command=[]} | ret=SUCCESS |  
2019-08-20 18:28:07,088 | INFO  | SCMAudit | user=jenkins1000 | ip=192.168.5.186 | op=SEND_HEARTBEAT {datanodeUUID=30a77774-759b-47e5-ab65-fec5a133fac9, command=[]} | ret=SUCCESS |  
2019-08-20 18:28:07,310 | INFO  | SCMAudit | user=jenkins1000 | ip=192.168.5.186 | op=SEND_HEARTBEAT {datanodeUUID=75361d20-0014-4d84-b06d-e0cee43a4090, command=[]} | ret=SUCCESS |  
2019-08-20 18:28:07,331 | ERROR | DNAudit | user=null | ip=null | op=WRITE_CHUNK {blockData=conID: 1 locID: 102650718947901454 bcsId: 14} | ret=FAILURE | org.apache.hadoop.hdds.scm.container.common.helpers.ContainerNotOpenException: Container 1 in CLOSING state
	at org.apache.hadoop.ozone.container.common.impl.HddsDispatcher.validateContainerCommand(HddsDispatcher.java:408)
	at org.apache.hadoop.ozone.container.common.transport.server.ratis.ContainerStateMachine.startTransaction(ContainerStateMachine.java:310) 
2019-08-20 18:28:07,344 [grpc-default-executor-3] INFO  client.GrpcClientProtocolClient (GrpcClientProtocolClient.java:onNext(255)) - client-AF20C520F50F->b81439af-67f0-46d4-9ea9-2a1de01bfb7b: receive RaftClientReply:client-AF20C520F50F->b81439af-67f0-46d4-9ea9-2a1de01bfb7b@group-F96715C59315, cid=184, FAILED org.apache.ratis.protocol.StateMachineException: org.apache.hadoop.hdds.scm.container.common.helpers.ContainerNotOpenException from Server b81439af-67f0-46d4-9ea9-2a1de01bfb7b: Container 1 in CLOSING state, logIndex=0, commits[b81439af-67f0-46d4-9ea9-2a1de01bfb7b:c18, b8907872-efa4-4493-acc5-388a2f6162ac:c16, 0330fd69-8ead-45d6-95d3-ef0ad53800cd:c17]
2019-08-20 18:28:07,346 | ERROR | DNAudit | user=null | ip=null | op=WRITE_CHUNK {blockData=conID: 1 locID: 102650718947901454 bcsId: 14} | ret=FAILURE | org.apache.hadoop.hdds.scm.container.common.helpers.ContainerNotOpenException: Container 1 in CLOSING state
	at org.apache.hadoop.ozone.container.common.impl.HddsDispatcher.validateContainerCommand(HddsDispatcher.java:408)
	at org.apache.hadoop.ozone.container.common.transport.server.ratis.ContainerStateMachine.startTransaction(ContainerStateMachine.java:310) 
2019-08-20 18:28:07,348 | ERROR | DNAudit | user=null | ip=null | op=PUT_BLOCK {blockData=[blockId=conID: 1 locID: 102650718947901454 bcsId: 0,size=650]} | ret=FAILURE | org.apache.hadoop.hdds.scm.container.common.helpers.ContainerNotOpenException: Container 1 in CLOSING state
	at org.apache.hadoop.ozone.container.common.impl.HddsDispatcher.validateContainerCommand(HddsDispatcher.java:408)
	at org.apache.hadoop.ozone.container.common.transport.server.ratis.ContainerStateMachine.startTransaction(ContainerStateMachine.java:310) 
2019-08-20 18:28:07,355 | ERROR | DNAudit | user=null | ip=null | op=WRITE_CHUNK {blockData=conID: 1 locID: 102650718947901454 bcsId: 14} | ret=FAILURE | org.apache.hadoop.hdds.scm.container.common.helpers.ContainerNotOpenException: Container 1 in CLOSING state
	at org.apache.hadoop.ozone.container.common.impl.HddsDispatcher.validateContainerCommand(HddsDispatcher.java:408)
	at org.apache.hadoop.ozone.container.common.transport.server.ratis.ContainerStateMachine.startTransaction(ContainerStateMachine.java:310) 
2019-08-20 18:28:07,358 [grpc-default-executor-3] INFO  client.GrpcClientProtocolClient (GrpcClientProtocolClient.java:onNext(255)) - client-AF20C520F50F->b81439af-67f0-46d4-9ea9-2a1de01bfb7b: receive RaftClientReply:client-AF20C520F50F->b81439af-67f0-46d4-9ea9-2a1de01bfb7b@group-F96715C59315, cid=185, FAILED org.apache.ratis.protocol.StateMachineException: org.apache.hadoop.hdds.scm.container.common.helpers.ContainerNotOpenException from Server b81439af-67f0-46d4-9ea9-2a1de01bfb7b: Container 1 in CLOSING state, logIndex=0, commits[b81439af-67f0-46d4-9ea9-2a1de01bfb7b:c18, b8907872-efa4-4493-acc5-388a2f6162ac:c16, 0330fd69-8ead-45d6-95d3-ef0ad53800cd:c17]
2019-08-20 18:28:07,360 | ERROR | DNAudit | user=null | ip=null | op=WRITE_CHUNK {blockData=conID: 1 locID: 102650718947901454 bcsId: 14} | ret=FAILURE | org.apache.hadoop.hdds.scm.container.common.helpers.ContainerNotOpenException: Container 1 in CLOSING state
	at org.apache.hadoop.ozone.container.common.impl.HddsDispatcher.validateContainerCommand(HddsDispatcher.java:408)
	at org.apache.hadoop.ozone.container.common.transport.server.ratis.ContainerStateMachine.startTransaction(ContainerStateMachine.java:310) 
2019-08-20 18:28:07,363 [grpc-default-executor-3] INFO  client.GrpcClientProtocolClient (GrpcClientProtocolClient.java:onNext(255)) - client-AF20C520F50F->b81439af-67f0-46d4-9ea9-2a1de01bfb7b: receive RaftClientReply:client-AF20C520F50F->b81439af-67f0-46d4-9ea9-2a1de01bfb7b@group-F96715C59315, cid=186, FAILED org.apache.ratis.protocol.StateMachineException: org.apache.hadoop.hdds.scm.container.common.helpers.ContainerNotOpenException from Server b81439af-67f0-46d4-9ea9-2a1de01bfb7b: Container 1 in CLOSING state, logIndex=0, commits[b81439af-67f0-46d4-9ea9-2a1de01bfb7b:c18, b8907872-efa4-4493-acc5-388a2f6162ac:c16, 0330fd69-8ead-45d6-95d3-ef0ad53800cd:c17]
2019-08-20 18:28:07,364 | ERROR | DNAudit | user=null | ip=null | op=PUT_BLOCK {blockData=[blockId=conID: 1 locID: 102650718947901454 bcsId: 0,size=800]} | ret=FAILURE | org.apache.hadoop.hdds.scm.container.common.helpers.ContainerNotOpenException: Container 1 in CLOSING state
	at org.apache.hadoop.ozone.container.common.impl.HddsDispatcher.validateContainerCommand(HddsDispatcher.java:408)
	at org.apache.hadoop.ozone.container.common.transport.server.ratis.ContainerStateMachine.startTransaction(ContainerStateMachine.java:310) 
2019-08-20 18:28:07,380 [grpc-default-executor-3] INFO  client.GrpcClientProtocolClient (GrpcClientProtocolClient.java:onNext(255)) - client-AF20C520F50F->b81439af-67f0-46d4-9ea9-2a1de01bfb7b: receive RaftClientReply:client-AF20C520F50F->b81439af-67f0-46d4-9ea9-2a1de01bfb7b@group-F96715C59315, cid=187, FAILED org.apache.ratis.protocol.StateMachineException: org.apache.hadoop.hdds.scm.container.common.helpers.ContainerNotOpenException from Server b81439af-67f0-46d4-9ea9-2a1de01bfb7b: Container 1 in CLOSING state, logIndex=0, commits[b81439af-67f0-46d4-9ea9-2a1de01bfb7b:c18, b8907872-efa4-4493-acc5-388a2f6162ac:c16, 0330fd69-8ead-45d6-95d3-ef0ad53800cd:c17]
2019-08-20 18:28:07,381 [grpc-default-executor-3] INFO  client.GrpcClientProtocolClient (GrpcClientProtocolClient.java:onNext(255)) - client-AF20C520F50F->b81439af-67f0-46d4-9ea9-2a1de01bfb7b: receive RaftClientReply:client-AF20C520F50F->b81439af-67f0-46d4-9ea9-2a1de01bfb7b@group-F96715C59315, cid=188, FAILED org.apache.ratis.protocol.StateMachineException: org.apache.hadoop.hdds.scm.container.common.helpers.ContainerNotOpenException from Server b81439af-67f0-46d4-9ea9-2a1de01bfb7b: Container 1 in CLOSING state, logIndex=0, commits[b81439af-67f0-46d4-9ea9-2a1de01bfb7b:c18, b8907872-efa4-4493-acc5-388a2f6162ac:c16, 0330fd69-8ead-45d6-95d3-ef0ad53800cd:c17]
2019-08-20 18:28:07,383 [grpc-default-executor-3] INFO  client.GrpcClientProtocolClient (GrpcClientProtocolClient.java:onNext(255)) - client-AF20C520F50F->b81439af-67f0-46d4-9ea9-2a1de01bfb7b: receive RaftClientReply:client-AF20C520F50F->b81439af-67f0-46d4-9ea9-2a1de01bfb7b@group-F96715C59315, cid=189, FAILED org.apache.ratis.protocol.StateMachineException: org.apache.hadoop.hdds.scm.container.common.helpers.ContainerNotOpenException from Server b81439af-67f0-46d4-9ea9-2a1de01bfb7b: Container 1 in CLOSING state, logIndex=0, commits[b81439af-67f0-46d4-9ea9-2a1de01bfb7b:c18, b8907872-efa4-4493-acc5-388a2f6162ac:c16, 0330fd69-8ead-45d6-95d3-ef0ad53800cd:c17]
2019-08-20 18:28:07,417 | INFO  | SCMAudit | user=jenkins1000 | ip=192.168.5.186 | op=ALLOCATE_BLOCK {owner=644cdb97-d7ad-498c-83db-a32bf5b126d1, size=800, type=RATIS, factor=THREE} | ret=SUCCESS |  
2019-08-20 18:28:07,418 | INFO  | OMAudit | user=jenkins1000 | ip=127.0.0.1 | op=ALLOCATE_BLOCK {volume=testblockoutputstream, bucket=testblockoutputstream, key=1e5ae7d7-40c6-4036-b63b-4ef011c0d469, dataSize=0, replicationType=null, replicationFactor=null, keyLocationInfo=null, clientID=102650718947704845} | ret=SUCCESS |  
2019-08-20 18:28:07,432 [grpc-default-executor-5] INFO  client.GrpcClientProtocolClient (GrpcClientProtocolClient.java:onNext(255)) - client-D8252EB2B19F->3ebf1703-8ccb-431f-b530-5c0bec173472: receive RaftClientReply:client-D8252EB2B19F->3ebf1703-8ccb-431f-b530-5c0bec173472@group-894662AAAA7C, cid=190, FAILED org.apache.ratis.protocol.NotLeaderException: Server 3ebf1703-8ccb-431f-b530-5c0bec173472 is not the leader (75361d20-0014-4d84-b06d-e0cee43a4090:192.168.5.186:45094). Request must be sent to leader., logIndex=0, commits[3ebf1703-8ccb-431f-b530-5c0bec173472:c0, 75361d20-0014-4d84-b06d-e0cee43a4090:c0, 30a77774-759b-47e5-ab65-fec5a133fac9:c0]
2019-08-20 18:28:07,473 | INFO  | SCMAudit | user=jenkins1000 | ip=192.168.5.186 | op=SEND_HEARTBEAT {datanodeUUID=410b0fde-0c93-4dd6-a3fa-75ce07d6351d, command=[]} | ret=SUCCESS |  
2019-08-20 18:28:07,477 | INFO  | SCMAudit | user=jenkins1000 | ip=192.168.5.186 | op=SEND_HEARTBEAT {datanodeUUID=3ebf1703-8ccb-431f-b530-5c0bec173472, command=[]} | ret=SUCCESS |  
2019-08-20 18:28:07,558 | INFO  | DNAudit | user=null | ip=null | op=WRITE_CHUNK {blockData=conID: 2 locID: 102650720250560527 bcsId: 0} | ret=SUCCESS |  
2019-08-20 18:28:07,558 | INFO  | DNAudit | user=null | ip=null | op=WRITE_CHUNK {blockData=conID: 2 locID: 102650720250560527 bcsId: 0} | ret=SUCCESS |  
2019-08-20 18:28:07,558 | INFO  | DNAudit | user=null | ip=null | op=WRITE_CHUNK {blockData=conID: 2 locID: 102650720250560527 bcsId: 0} | ret=SUCCESS |  
2019-08-20 18:28:07,558 | INFO  | SCMAudit | user=jenkins1000 | ip=192.168.5.186 | op=SEND_HEARTBEAT {datanodeUUID=3ebf1703-8ccb-431f-b530-5c0bec173472, command=[]} | ret=SUCCESS |  
2019-08-20 18:28:07,558 | INFO  | SCMAudit | user=jenkins1000 | ip=192.168.5.186 | op=SEND_HEARTBEAT {datanodeUUID=75361d20-0014-4d84-b06d-e0cee43a4090, command=[]} | ret=SUCCESS |  
2019-08-20 18:28:07,558 | INFO  | SCMAudit | user=jenkins1000 | ip=192.168.5.186 | op=SEND_HEARTBEAT {datanodeUUID=30a77774-759b-47e5-ab65-fec5a133fac9, command=[]} | ret=SUCCESS |  
2019-08-20 18:28:07,568 | INFO  | DNAudit | user=null | ip=null | op=WRITE_CHUNK {blockData=conID: 2 locID: 102650720250560527 bcsId: 0} | ret=SUCCESS |  
2019-08-20 18:28:07,573 [grpc-default-executor-3] INFO  client.GrpcClientProtocolClient (GrpcClientProtocolClient.java:onNext(255)) - client-D8252EB2B19F->75361d20-0014-4d84-b06d-e0cee43a4090: receive RaftClientReply:client-D8252EB2B19F->75361d20-0014-4d84-b06d-e0cee43a4090@group-894662AAAA7C, cid=190, SUCCESS, logIndex=1, commits[75361d20-0014-4d84-b06d-e0cee43a4090:c1, 30a77774-759b-47e5-ab65-fec5a133fac9:c0, 3ebf1703-8ccb-431f-b530-5c0bec173472:c0]
2019-08-20 18:28:07,576 | INFO  | DNAudit | user=null | ip=null | op=WRITE_CHUNK {blockData=conID: 2 locID: 102650720250560527 bcsId: 0} | ret=SUCCESS |  
2019-08-20 18:28:07,577 | INFO  | DNAudit | user=null | ip=null | op=WRITE_CHUNK {blockData=conID: 2 locID: 102650720250560527 bcsId: 0} | ret=SUCCESS |  
2019-08-20 18:28:07,577 | INFO  | DNAudit | user=null | ip=null | op=WRITE_CHUNK {blockData=conID: 2 locID: 102650720250560527 bcsId: 0} | ret=SUCCESS |  
2019-08-20 18:28:07,577 | INFO  | DNAudit | user=null | ip=null | op=WRITE_CHUNK {blockData=conID: 2 locID: 102650720250560527 bcsId: 0} | ret=SUCCESS |  
2019-08-20 18:28:07,578 | INFO  | DNAudit | user=null | ip=null | op=WRITE_CHUNK {blockData=conID: 2 locID: 102650720250560527 bcsId: 0} | ret=SUCCESS |  
2019-08-20 18:28:07,578 | INFO  | DNAudit | user=null | ip=null | op=WRITE_CHUNK {blockData=conID: 2 locID: 102650720250560527 bcsId: 0} | ret=SUCCESS |  
2019-08-20 18:28:07,578 | INFO  | DNAudit | user=null | ip=null | op=WRITE_CHUNK {blockData=conID: 2 locID: 102650720250560527 bcsId: 0} | ret=SUCCESS |  
2019-08-20 18:28:07,579 | INFO  | DNAudit | user=null | ip=null | op=WRITE_CHUNK {blockData=conID: 2 locID: 102650720250560527 bcsId: 0} | ret=SUCCESS |  
2019-08-20 18:28:07,579 | INFO  | DNAudit | user=null | ip=null | op=WRITE_CHUNK {blockData=conID: 2 locID: 102650720250560527 bcsId: 0} | ret=SUCCESS |  
2019-08-20 18:28:07,580 | INFO  | DNAudit | user=null | ip=null | op=WRITE_CHUNK {blockData=conID: 2 locID: 102650720250560527 bcsId: 0} | ret=SUCCESS |  
2019-08-20 18:28:07,580 | INFO  | DNAudit | user=null | ip=null | op=WRITE_CHUNK {blockData=conID: 2 locID: 102650720250560527 bcsId: 0} | ret=SUCCESS |  
2019-08-20 18:28:07,582 | INFO  | DNAudit | user=null | ip=null | op=WRITE_CHUNK {blockData=conID: 2 locID: 102650720250560527 bcsId: 0} | ret=SUCCESS |  
2019-08-20 18:28:07,586 [grpc-default-executor-5] INFO  client.GrpcClientProtocolClient (GrpcClientProtocolClient.java:onNext(255)) - client-D8252EB2B19F->75361d20-0014-4d84-b06d-e0cee43a4090: receive RaftClientReply:client-D8252EB2B19F->75361d20-0014-4d84-b06d-e0cee43a4090@group-894662AAAA7C, cid=191, SUCCESS, logIndex=3, commits[75361d20-0014-4d84-b06d-e0cee43a4090:c6, 30a77774-759b-47e5-ab65-fec5a133fac9:c1, 3ebf1703-8ccb-431f-b530-5c0bec173472:c1]
2019-08-20 18:28:07,592 | INFO  | DNAudit | user=null | ip=null | op=WRITE_CHUNK {blockData=conID: 2 locID: 102650720250560527 bcsId: 0} | ret=SUCCESS |  
2019-08-20 18:28:07,594 | INFO  | DNAudit | user=null | ip=null | op=WRITE_CHUNK {blockData=conID: 2 locID: 102650720250560527 bcsId: 0} | ret=SUCCESS |  
2019-08-20 18:28:07,652 | INFO  | DNAudit | user=null | ip=null | op=PUT_BLOCK {blockData=[blockId=conID: 2 locID: 102650720250560527 bcsId: 0,size=200]} | ret=SUCCESS |  
2019-08-20 18:28:07,653 | INFO  | DNAudit | user=null | ip=null | op=WRITE_CHUNK {blockData=conID: 2 locID: 102650720250560527 bcsId: 0} | ret=SUCCESS |  
2019-08-20 18:28:07,654 | INFO  | DNAudit | user=null | ip=null | op=WRITE_CHUNK {blockData=conID: 2 locID: 102650720250560527 bcsId: 0} | ret=SUCCESS |  
2019-08-20 18:28:07,655 [grpc-default-executor-5] INFO  client.GrpcClientProtocolClient (GrpcClientProtocolClient.java:onNext(255)) - client-D8252EB2B19F->75361d20-0014-4d84-b06d-e0cee43a4090: receive RaftClientReply:client-D8252EB2B19F->75361d20-0014-4d84-b06d-e0cee43a4090@group-894662AAAA7C, cid=192, SUCCESS, logIndex=4, commits[75361d20-0014-4d84-b06d-e0cee43a4090:c11, 30a77774-759b-47e5-ab65-fec5a133fac9:c7, 3ebf1703-8ccb-431f-b530-5c0bec173472:c7]
2019-08-20 18:28:07,656 [grpc-default-executor-5] INFO  client.GrpcClientProtocolClient (GrpcClientProtocolClient.java:onNext(255)) - client-D8252EB2B19F->75361d20-0014-4d84-b06d-e0cee43a4090: receive RaftClientReply:client-D8252EB2B19F->75361d20-0014-4d84-b06d-e0cee43a4090@group-894662AAAA7C, cid=193, SUCCESS, logIndex=5, commits[75361d20-0014-4d84-b06d-e0cee43a4090:c11, 30a77774-759b-47e5-ab65-fec5a133fac9:c7, 3ebf1703-8ccb-431f-b530-5c0bec173472:c7]
2019-08-20 18:28:07,656 [grpc-default-executor-5] INFO  client.GrpcClientProtocolClient (GrpcClientProtocolClient.java:onNext(255)) - client-D8252EB2B19F->75361d20-0014-4d84-b06d-e0cee43a4090: receive RaftClientReply:client-D8252EB2B19F->75361d20-0014-4d84-b06d-e0cee43a4090@group-894662AAAA7C, cid=194, SUCCESS, logIndex=6, commits[75361d20-0014-4d84-b06d-e0cee43a4090:c11, 30a77774-759b-47e5-ab65-fec5a133fac9:c7, 3ebf1703-8ccb-431f-b530-5c0bec173472:c7]
2019-08-20 18:28:07,696 | INFO  | DNAudit | user=null | ip=null | op=PUT_BLOCK {blockData=[blockId=conID: 2 locID: 102650720250560527 bcsId: 0,size=200]} | ret=SUCCESS |  
2019-08-20 18:28:07,697 | INFO  | DNAudit | user=null | ip=null | op=WRITE_CHUNK {blockData=conID: 2 locID: 102650720250560527 bcsId: 0} | ret=SUCCESS |  
2019-08-20 18:28:07,697 | INFO  | DNAudit | user=null | ip=null | op=WRITE_CHUNK {blockData=conID: 2 locID: 102650720250560527 bcsId: 0} | ret=SUCCESS |  
2019-08-20 18:28:07,736 | INFO  | DNAudit | user=null | ip=null | op=PUT_BLOCK {blockData=[blockId=conID: 2 locID: 102650720250560527 bcsId: 0,size=400]} | ret=SUCCESS |  
2019-08-20 18:28:07,736 | INFO  | DNAudit | user=null | ip=null | op=PUT_BLOCK {blockData=[blockId=conID: 2 locID: 102650720250560527 bcsId: 0,size=200]} | ret=SUCCESS |  
2019-08-20 18:28:07,736 | INFO  | DNAudit | user=null | ip=null | op=PUT_BLOCK {blockData=[blockId=conID: 2 locID: 102650720250560527 bcsId: 0,size=400]} | ret=SUCCESS |  
2019-08-20 18:28:07,736 | INFO  | DNAudit | user=null | ip=null | op=WRITE_CHUNK {blockData=conID: 2 locID: 102650720250560527 bcsId: 0} | ret=SUCCESS |  
2019-08-20 18:28:07,737 | INFO  | DNAudit | user=null | ip=null | op=WRITE_CHUNK {blockData=conID: 2 locID: 102650720250560527 bcsId: 0} | ret=SUCCESS |  
2019-08-20 18:28:07,737 | INFO  | DNAudit | user=null | ip=null | op=PUT_BLOCK {blockData=[blockId=conID: 2 locID: 102650720250560527 bcsId: 0,size=400]} | ret=SUCCESS |  
2019-08-20 18:28:07,737 [grpc-default-executor-5] INFO  client.GrpcClientProtocolClient (GrpcClientProtocolClient.java:onNext(255)) - client-D8252EB2B19F->75361d20-0014-4d84-b06d-e0cee43a4090: receive RaftClientReply:client-D8252EB2B19F->75361d20-0014-4d84-b06d-e0cee43a4090@group-894662AAAA7C, cid=195, SUCCESS, logIndex=7, commits[75361d20-0014-4d84-b06d-e0cee43a4090:c11, 30a77774-759b-47e5-ab65-fec5a133fac9:c7, 3ebf1703-8ccb-431f-b530-5c0bec173472:c7]
2019-08-20 18:28:07,740 | INFO  | DNAudit | user=null | ip=null | op=WRITE_CHUNK {blockData=conID: 2 locID: 102650720250560527 bcsId: 7} | ret=SUCCESS |  
2019-08-20 18:28:07,742 | INFO  | DNAudit | user=null | ip=null | op=WRITE_CHUNK {blockData=conID: 2 locID: 102650720250560527 bcsId: 7} | ret=SUCCESS |  
2019-08-20 18:28:07,742 | INFO  | DNAudit | user=null | ip=null | op=WRITE_CHUNK {blockData=conID: 2 locID: 102650720250560527 bcsId: 7} | ret=SUCCESS |  
2019-08-20 18:28:07,750 | INFO  | DNAudit | user=null | ip=null | op=WRITE_CHUNK {blockData=conID: 2 locID: 102650720250560527 bcsId: 7} | ret=SUCCESS |  
2019-08-20 18:28:07,753 | INFO  | DNAudit | user=null | ip=null | op=PUT_BLOCK {blockData=[blockId=conID: 2 locID: 102650720250560527 bcsId: 0,size=450]} | ret=SUCCESS |  
2019-08-20 18:28:07,754 [grpc-default-executor-3] INFO  client.GrpcClientProtocolClient (GrpcClientProtocolClient.java:onNext(255)) - client-D8252EB2B19F->75361d20-0014-4d84-b06d-e0cee43a4090: receive RaftClientReply:client-D8252EB2B19F->75361d20-0014-4d84-b06d-e0cee43a4090@group-894662AAAA7C, cid=196, SUCCESS, logIndex=12, commits[75361d20-0014-4d84-b06d-e0cee43a4090:c12, 30a77774-759b-47e5-ab65-fec5a133fac9:c11, 3ebf1703-8ccb-431f-b530-5c0bec173472:c11]
2019-08-20 18:28:07,754 [grpc-default-executor-3] INFO  client.GrpcClientProtocolClient (GrpcClientProtocolClient.java:onNext(255)) - client-D8252EB2B19F->75361d20-0014-4d84-b06d-e0cee43a4090: receive RaftClientReply:client-D8252EB2B19F->75361d20-0014-4d84-b06d-e0cee43a4090@group-894662AAAA7C, cid=197, SUCCESS, logIndex=13, commits[75361d20-0014-4d84-b06d-e0cee43a4090:c13, 30a77774-759b-47e5-ab65-fec5a133fac9:c11, 3ebf1703-8ccb-431f-b530-5c0bec173472:c11]
2019-08-20 18:28:07,762 | INFO  | DNAudit | user=null | ip=null | op=WRITE_CHUNK {blockData=conID: 2 locID: 102650720250560527 bcsId: 7} | ret=SUCCESS |  
2019-08-20 18:28:07,762 | INFO  | DNAudit | user=null | ip=null | op=WRITE_CHUNK {blockData=conID: 2 locID: 102650720250560527 bcsId: 7} | ret=SUCCESS |  
2019-08-20 18:28:07,763 | INFO  | DNAudit | user=null | ip=null | op=PUT_BLOCK {blockData=[blockId=conID: 2 locID: 102650720250560527 bcsId: 0,size=450]} | ret=SUCCESS |  
2019-08-20 18:28:07,764 | INFO  | DNAudit | user=null | ip=null | op=PUT_BLOCK {blockData=[blockId=conID: 2 locID: 102650720250560527 bcsId: 0,size=450]} | ret=SUCCESS |  
2019-08-20 18:28:07,766 [grpc-default-executor-3] INFO  client.GrpcClientProtocolClient (GrpcClientProtocolClient.java:onNext(255)) - client-D8252EB2B19F->75361d20-0014-4d84-b06d-e0cee43a4090: receive RaftClientReply:client-D8252EB2B19F->75361d20-0014-4d84-b06d-e0cee43a4090@group-894662AAAA7C, cid=198, SUCCESS, logIndex=0, commits[75361d20-0014-4d84-b06d-e0cee43a4090:c15, 30a77774-759b-47e5-ab65-fec5a133fac9:c13, 3ebf1703-8ccb-431f-b530-5c0bec173472:c13]
2019-08-20 18:28:07,767 [main] INFO  ozone.MiniOzoneClusterImpl (MiniOzoneClusterImpl.java:shutdown(321)) - Shutting down the Mini Ozone Cluster
2019-08-20 18:28:07,768 | INFO  | SCMAudit | user=null | ip=null | op=GET_SCM_INFO null | ret=SUCCESS |  
2019-08-20 18:28:07,768 [main] INFO  ozone.MiniOzoneClusterImpl (MiniOzoneClusterImpl.java:stop(336)) - Stopping the Mini Ozone Cluster
2019-08-20 18:28:07,768 [main] INFO  ozone.MiniOzoneClusterImpl (MiniOzoneClusterImpl.java:stop(338)) - Stopping the OzoneManager
2019-08-20 18:28:07,768 [main] INFO  ipc.Server (Server.java:stop(3082)) - Stopping server on 40225
2019-08-20 18:28:07,776 [IPC Server listener on 40225] INFO  ipc.Server (Server.java:run(1185)) - Stopping IPC Server listener on 40225
2019-08-20 18:28:07,782 [main] INFO  ratis.OzoneManagerDoubleBuffer (OzoneManagerDoubleBuffer.java:stop(248)) - Stopping OMDoubleBuffer flush thread
2019-08-20 18:28:07,783 [IPC Server Responder] INFO  ipc.Server (Server.java:run(1319)) - Stopping IPC Server Responder
2019-08-20 18:28:07,784 [OMDoubleBufferFlushThread] INFO  ratis.OzoneManagerDoubleBuffer (OzoneManagerDoubleBuffer.java:flushTransactions(191)) - OMDoubleBuffer flush thread OMDoubleBufferFlushThread is interrupted and will exit. OMDoubleBufferFlushThread
2019-08-20 18:28:07,784 [main] INFO  utils.BackgroundService (BackgroundService.java:shutdown(148)) - Shutting down service KeyDeletingService
2019-08-20 18:28:07,786 [main] INFO  handler.ContextHandler (ContextHandler.java:doStop(910)) - Stopped o.e.j.w.WebAppContext@7df994ec{/,null,UNAVAILABLE}{/ozoneManager}
2019-08-20 18:28:07,786 [main] INFO  server.AbstractConnector (AbstractConnector.java:doStop(318)) - Stopped ServerConnector@1c8da7e8{HTTP/1.1,[http/1.1]}{0.0.0.0:0}
2019-08-20 18:28:07,787 [main] INFO  handler.ContextHandler (ContextHandler.java:doStop(910)) - Stopped o.e.j.s.ServletContextHandler@48463900{/static,file:///workdir/hadoop-ozone/integration-test/target/test-classes/webapps/static,UNAVAILABLE}
2019-08-20 18:28:07,787 [main] INFO  handler.ContextHandler (ContextHandler.java:doStop(910)) - Stopped o.e.j.s.ServletContextHandler@4b0df349{/logs,file:///workdir/hadoop-ozone/integration-test/target/log,UNAVAILABLE}
2019-08-20 18:28:07,790 [main] INFO  ozone.MiniOzoneClusterImpl (MiniOzoneClusterImpl.java:stop(344)) - Shutting the HddsDatanodes
2019-08-20 18:28:07,790 [main] INFO  datanode.ObjectStoreHandler (ObjectStoreHandler.java:close(155)) - Closing ObjectStoreHandler.
2019-08-20 18:28:07,790 [ForkJoinPool.commonPool-worker-0] INFO  datanode.ObjectStoreHandler (ObjectStoreHandler.java:close(155)) - Closing ObjectStoreHandler.
2019-08-20 18:28:07,791 [main] INFO  ozone.HddsDatanodeService (HddsDatanodeService.java:stop(451)) - Stopped plug-in org.apache.hadoop.ozone.web.OzoneHddsDatanodeService@78395e28
2019-08-20 18:28:07,791 [ForkJoinPool.commonPool-worker-0] INFO  ozone.HddsDatanodeService (HddsDatanodeService.java:stop(451)) - Stopped plug-in org.apache.hadoop.ozone.web.OzoneHddsDatanodeService@23c24c0e
2019-08-20 18:28:07,813 [Datanode State Machine Thread - 0] INFO  statemachine.DatanodeStateMachine (DatanodeStateMachine.java:lambda$startDaemon$0(350)) - Ozone container server started.
2019-08-20 18:28:07,814 | INFO  | SCMAudit | user=jenkins1000 | ip=192.168.5.186 | op=SEND_HEARTBEAT {datanodeUUID=b81439af-67f0-46d4-9ea9-2a1de01bfb7b, command=[]} | ret=SUCCESS |  
2019-08-20 18:28:08,473 | INFO  | SCMAudit | user=jenkins1000 | ip=192.168.5.186 | op=SEND_HEARTBEAT {datanodeUUID=410b0fde-0c93-4dd6-a3fa-75ce07d6351d, command=[]} | ret=SUCCESS |  
2019-08-20 18:28:08,558 | INFO  | SCMAudit | user=jenkins1000 | ip=192.168.5.186 | op=SEND_HEARTBEAT {datanodeUUID=3ebf1703-8ccb-431f-b530-5c0bec173472, command=[]} | ret=SUCCESS |  
2019-08-20 18:28:08,559 [Datanode State Machine Thread - 0] INFO  statemachine.DatanodeStateMachine (DatanodeStateMachine.java:lambda$startDaemon$0(350)) - Ozone container server started.
2019-08-20 18:28:08,559 | INFO  | SCMAudit | user=jenkins1000 | ip=192.168.5.186 | op=SEND_HEARTBEAT {datanodeUUID=30a77774-759b-47e5-ab65-fec5a133fac9, command=[]} | ret=SUCCESS |  
2019-08-20 18:28:08,814 | INFO  | SCMAudit | user=jenkins1000 | ip=192.168.5.186 | op=SEND_HEARTBEAT {datanodeUUID=b81439af-67f0-46d4-9ea9-2a1de01bfb7b, command=[]} | ret=SUCCESS |  
2019-08-20 18:28:09,200 [grpc-default-executor-3] WARN  server.GrpcLogAppender (LogUtils.java:warn(134)) - b81439af-67f0-46d4-9ea9-2a1de01bfb7b->b8907872-efa4-4493-acc5-388a2f6162ac: Failed appendEntries: org.apache.ratis.thirdparty.io.grpc.StatusRuntimeException: UNAVAILABLE: io exception
2019-08-20 18:28:09,200 [grpc-default-executor-3] INFO  impl.FollowerInfo (FollowerInfo.java:lambda$new$0(50)) - b81439af-67f0-46d4-9ea9-2a1de01bfb7b->b8907872-efa4-4493-acc5-388a2f6162ac: nextIndex: updateUnconditionally 1 -> 0
2019-08-20 18:28:09,473 | INFO  | SCMAudit | user=jenkins1000 | ip=192.168.5.186 | op=SEND_HEARTBEAT {datanodeUUID=410b0fde-0c93-4dd6-a3fa-75ce07d6351d, command=[]} | ret=SUCCESS |  
2019-08-20 18:28:09,558 | INFO  | SCMAudit | user=jenkins1000 | ip=192.168.5.186 | op=SEND_HEARTBEAT {datanodeUUID=3ebf1703-8ccb-431f-b530-5c0bec173472, command=[]} | ret=SUCCESS |  
2019-08-20 18:28:09,559 | INFO  | SCMAudit | user=jenkins1000 | ip=192.168.5.186 | op=SEND_HEARTBEAT {datanodeUUID=30a77774-759b-47e5-ab65-fec5a133fac9, command=[]} | ret=SUCCESS |  
2019-08-20 18:28:09,814 | INFO  | SCMAudit | user=jenkins1000 | ip=192.168.5.186 | op=SEND_HEARTBEAT {datanodeUUID=b81439af-67f0-46d4-9ea9-2a1de01bfb7b, command=[]} | ret=SUCCESS |  
2019-08-20 18:28:10,473 | INFO  | SCMAudit | user=jenkins1000 | ip=192.168.5.186 | op=SEND_HEARTBEAT {datanodeUUID=410b0fde-0c93-4dd6-a3fa-75ce07d6351d, command=[]} | ret=SUCCESS |  
2019-08-20 18:28:10,558 | INFO  | SCMAudit | user=jenkins1000 | ip=192.168.5.186 | op=SEND_HEARTBEAT {datanodeUUID=3ebf1703-8ccb-431f-b530-5c0bec173472, command=[]} | ret=SUCCESS |  
2019-08-20 18:28:10,559 | INFO  | SCMAudit | user=jenkins1000 | ip=192.168.5.186 | op=SEND_HEARTBEAT {datanodeUUID=30a77774-759b-47e5-ab65-fec5a133fac9, command=[]} | ret=SUCCESS |  
2019-08-20 18:28:10,815 | INFO  | SCMAudit | user=jenkins1000 | ip=192.168.5.186 | op=SEND_HEARTBEAT {datanodeUUID=b81439af-67f0-46d4-9ea9-2a1de01bfb7b, command=[]} | ret=SUCCESS |  
2019-08-20 18:28:11,473 | INFO  | SCMAudit | user=jenkins1000 | ip=192.168.5.186 | op=SEND_HEARTBEAT {datanodeUUID=410b0fde-0c93-4dd6-a3fa-75ce07d6351d, command=[]} | ret=SUCCESS |  
2019-08-20 18:28:11,558 | INFO  | SCMAudit | user=jenkins1000 | ip=192.168.5.186 | op=SEND_HEARTBEAT {datanodeUUID=3ebf1703-8ccb-431f-b530-5c0bec173472, command=[]} | ret=SUCCESS |  
2019-08-20 18:28:11,558 | INFO  | SCMAudit | user=jenkins1000 | ip=192.168.5.186 | op=SEND_HEARTBEAT {datanodeUUID=30a77774-759b-47e5-ab65-fec5a133fac9, command=[]} | ret=SUCCESS |  
2019-08-20 18:28:11,701 [grpc-default-executor-5] WARN  server.GrpcLogAppender (LogUtils.java:warn(134)) - b81439af-67f0-46d4-9ea9-2a1de01bfb7b->b8907872-efa4-4493-acc5-388a2f6162ac: Failed appendEntries: org.apache.ratis.thirdparty.io.grpc.StatusRuntimeException: UNAVAILABLE: io exception
2019-08-20 18:28:11,701 [grpc-default-executor-5] INFO  impl.FollowerInfo (FollowerInfo.java:lambda$new$0(50)) - b81439af-67f0-46d4-9ea9-2a1de01bfb7b->b8907872-efa4-4493-acc5-388a2f6162ac: nextIndex: updateUnconditionally 0 -> 0
2019-08-20 18:28:11,815 | INFO  | SCMAudit | user=jenkins1000 | ip=192.168.5.186 | op=SEND_HEARTBEAT {datanodeUUID=b81439af-67f0-46d4-9ea9-2a1de01bfb7b, command=[]} | ret=SUCCESS |  
2019-08-20 18:28:11,887 [EventQueue-StaleNodeForStaleNodeHandler] INFO  node.StaleNodeHandler (StaleNodeHandler.java:onMessage(58)) - Datanode 0330fd69-8ead-45d6-95d3-ef0ad53800cd{ip: 192.168.5.186, host: pr-hdds-1753-5g2nl-2460324467, networkLocation: /default-rack, certSerialId: null} moved to stale state. Finalizing its pipelines [PipelineID=614e5141-bdf3-4559-8dbb-f96715c59315, PipelineID=5bb85a75-9fa1-42cf-a8b4-839c8ddc001a]
2019-08-20 18:28:11,887 [EventQueue-StaleNodeForStaleNodeHandler] INFO  pipeline.SCMPipelineManager (SCMPipelineManager.java:finalizeAndDestroyPipeline(309)) - destroying pipeline:Pipeline[ Id: 614e5141-bdf3-4559-8dbb-f96715c59315, Nodes: b8907872-efa4-4493-acc5-388a2f6162ac{ip: 192.168.5.186, host: pr-hdds-1753-5g2nl-2460324467, networkLocation: /default-rack, certSerialId: null}b81439af-67f0-46d4-9ea9-2a1de01bfb7b{ip: 192.168.5.186, host: pr-hdds-1753-5g2nl-2460324467, networkLocation: /default-rack, certSerialId: null}0330fd69-8ead-45d6-95d3-ef0ad53800cd{ip: 192.168.5.186, host: pr-hdds-1753-5g2nl-2460324467, networkLocation: /default-rack, certSerialId: null}, Type:RATIS, Factor:THREE, State:CLOSED]
2019-08-20 18:28:11,887 [EventQueue-StaleNodeForStaleNodeHandler] INFO  pipeline.SCMPipelineManager (SCMPipelineManager.java:finalizeAndDestroyPipeline(309)) - destroying pipeline:Pipeline[ Id: 5bb85a75-9fa1-42cf-a8b4-839c8ddc001a, Nodes: 0330fd69-8ead-45d6-95d3-ef0ad53800cd{ip: 192.168.5.186, host: pr-hdds-1753-5g2nl-2460324467, networkLocation: /default-rack, certSerialId: null}, Type:RATIS, Factor:ONE, State:OPEN]
2019-08-20 18:28:11,888 [EventQueue-StaleNodeForStaleNodeHandler] INFO  pipeline.PipelineStateManager (PipelineStateManager.java:finalizePipeline(123)) - Pipeline Pipeline[ Id: 5bb85a75-9fa1-42cf-a8b4-839c8ddc001a, Nodes: 0330fd69-8ead-45d6-95d3-ef0ad53800cd{ip: 192.168.5.186, host: pr-hdds-1753-5g2nl-2460324467, networkLocation: /default-rack, certSerialId: null}, Type:RATIS, Factor:ONE, State:CLOSED] moved to CLOSED state
2019-08-20 18:28:12,473 | INFO  | SCMAudit | user=jenkins1000 | ip=192.168.5.186 | op=SEND_HEARTBEAT {datanodeUUID=410b0fde-0c93-4dd6-a3fa-75ce07d6351d, command=[]} | ret=SUCCESS |  
2019-08-20 18:28:12,558 | INFO  | SCMAudit | user=jenkins1000 | ip=192.168.5.186 | op=SEND_HEARTBEAT {datanodeUUID=3ebf1703-8ccb-431f-b530-5c0bec173472, command=[]} | ret=SUCCESS |  
2019-08-20 18:28:12,559 | INFO  | SCMAudit | user=jenkins1000 | ip=192.168.5.186 | op=SEND_HEARTBEAT {datanodeUUID=30a77774-759b-47e5-ab65-fec5a133fac9, command=[]} | ret=SUCCESS |  
2019-08-20 18:28:12,588 [EventQueue-StaleNodeForStaleNodeHandler] INFO  node.StaleNodeHandler (StaleNodeHandler.java:onMessage(58)) - Datanode 75361d20-0014-4d84-b06d-e0cee43a4090{ip: 192.168.5.186, host: pr-hdds-1753-5g2nl-2460324467, networkLocation: /default-rack, certSerialId: null} moved to stale state. Finalizing its pipelines [PipelineID=5ae2420f-16ed-4672-8cdb-36e7b0cbee36, PipelineID=c6296c2a-406d-4855-8ee5-894662aaaa7c]
2019-08-20 18:28:12,588 [EventQueue-StaleNodeForStaleNodeHandler] INFO  pipeline.SCMPipelineManager (SCMPipelineManager.java:finalizeAndDestroyPipeline(309)) - destroying pipeline:Pipeline[ Id: 5ae2420f-16ed-4672-8cdb-36e7b0cbee36, Nodes: 75361d20-0014-4d84-b06d-e0cee43a4090{ip: 192.168.5.186, host: pr-hdds-1753-5g2nl-2460324467, networkLocation: /default-rack, certSerialId: null}, Type:RATIS, Factor:ONE, State:OPEN]
2019-08-20 18:28:12,589 [EventQueue-StaleNodeForStaleNodeHandler] INFO  pipeline.PipelineStateManager (PipelineStateManager.java:finalizePipeline(123)) - Pipeline Pipeline[ Id: 5ae2420f-16ed-4672-8cdb-36e7b0cbee36, Nodes: 75361d20-0014-4d84-b06d-e0cee43a4090{ip: 192.168.5.186, host: pr-hdds-1753-5g2nl-2460324467, networkLocation: /default-rack, certSerialId: null}, Type:RATIS, Factor:ONE, State:CLOSED] moved to CLOSED state
2019-08-20 18:28:12,589 [EventQueue-StaleNodeForStaleNodeHandler] INFO  pipeline.SCMPipelineManager (SCMPipelineManager.java:finalizeAndDestroyPipeline(309)) - destroying pipeline:Pipeline[ Id: c6296c2a-406d-4855-8ee5-894662aaaa7c, Nodes: 3ebf1703-8ccb-431f-b530-5c0bec173472{ip: 192.168.5.186, host: pr-hdds-1753-5g2nl-2460324467, networkLocation: /default-rack, certSerialId: null}30a77774-759b-47e5-ab65-fec5a133fac9{ip: 192.168.5.186, host: pr-hdds-1753-5g2nl-2460324467, networkLocation: /default-rack, certSerialId: null}75361d20-0014-4d84-b06d-e0cee43a4090{ip: 192.168.5.186, host: pr-hdds-1753-5g2nl-2460324467, networkLocation: /default-rack, certSerialId: null}, Type:RATIS, Factor:THREE, State:OPEN]
2019-08-20 18:28:12,589 [EventQueue-StaleNodeForStaleNodeHandler] INFO  pipeline.PipelineStateManager (PipelineStateManager.java:finalizePipeline(123)) - Pipeline Pipeline[ Id: c6296c2a-406d-4855-8ee5-894662aaaa7c, Nodes: 3ebf1703-8ccb-431f-b530-5c0bec173472{ip: 192.168.5.186, host: pr-hdds-1753-5g2nl-2460324467, networkLocation: /default-rack, certSerialId: null}30a77774-759b-47e5-ab65-fec5a133fac9{ip: 192.168.5.186, host: pr-hdds-1753-5g2nl-2460324467, networkLocation: /default-rack, certSerialId: null}75361d20-0014-4d84-b06d-e0cee43a4090{ip: 192.168.5.186, host: pr-hdds-1753-5g2nl-2460324467, networkLocation: /default-rack, certSerialId: null}, Type:RATIS, Factor:THREE, State:CLOSED] moved to CLOSED state
2019-08-20 18:28:12,589 [EventQueue-CloseContainerForCloseContainerEventHandler] INFO  container.CloseContainerEventHandler (CloseContainerEventHandler.java:onMessage(61)) - Close container Event triggered for container : #2
2019-08-20 18:28:12,792 [main] INFO  ozoneimpl.OzoneContainer (OzoneContainer.java:stop(199)) - Attempting to stop container services.
2019-08-20 18:28:12,792 [ForkJoinPool.commonPool-worker-0] INFO  ozoneimpl.OzoneContainer (OzoneContainer.java:stop(199)) - Attempting to stop container services.
2019-08-20 18:28:12,793 [main] INFO  impl.RaftServerProxy (RaftServerProxy.java:lambda$close$4(314)) - 0330fd69-8ead-45d6-95d3-ef0ad53800cd: close
2019-08-20 18:28:12,793 [ForkJoinPool.commonPool-worker-0] INFO  impl.RaftServerProxy (RaftServerProxy.java:lambda$close$4(314)) - 75361d20-0014-4d84-b06d-e0cee43a4090: close
2019-08-20 18:28:12,793 [main] INFO  impl.RaftServerImpl (RaftServerImpl.java:lambda$shutdown$3(245)) - 0330fd69-8ead-45d6-95d3-ef0ad53800cd: shutdown group-F96715C59315
2019-08-20 18:28:12,793 [ForkJoinPool.commonPool-worker-0] INFO  impl.RaftServerImpl (RaftServerImpl.java:lambda$shutdown$3(245)) - 75361d20-0014-4d84-b06d-e0cee43a4090: shutdown group-36E7B0CBEE36
2019-08-20 18:28:12,794 [main] INFO  util.JmxRegister (JmxRegister.java:unregister(73)) - Successfully un-registered JMX Bean with object name Ratis:service=RaftServer,group=group-F96715C59315,id=0330fd69-8ead-45d6-95d3-ef0ad53800cd
2019-08-20 18:28:12,794 [ForkJoinPool.commonPool-worker-0] INFO  util.JmxRegister (JmxRegister.java:unregister(73)) - Successfully un-registered JMX Bean with object name Ratis:service=RaftServer,group=group-36E7B0CBEE36,id=75361d20-0014-4d84-b06d-e0cee43a4090
2019-08-20 18:28:12,795 [main] INFO  impl.RoleInfo (RoleInfo.java:shutdownFollowerState(121)) - 0330fd69-8ead-45d6-95d3-ef0ad53800cd: shutdown FollowerState
2019-08-20 18:28:12,795 [ForkJoinPool.commonPool-worker-0] INFO  impl.RoleInfo (RoleInfo.java:shutdownLeaderState(104)) - 75361d20-0014-4d84-b06d-e0cee43a4090: shutdown LeaderState
2019-08-20 18:28:12,796 [StateMachineUpdater:0330fd69-8ead-45d6-95d3-ef0ad53800cd:group-F96715C59315] INFO  ratis.ContainerStateMachine (ContainerStateMachine.java:takeSnapshot(284)) - group-F96715C59315: Taking a snapshot at:(t:1, i:14) file /workdir/hadoop-ozone/integration-test/target/test-dir/MiniOzoneClusterImpl-9a1dce89-8836-4893-b9ec-7edc085093e3/datanode-4/data/ratis/614e5141-bdf3-4559-8dbb-f96715c59315/sm/snapshot.1_14
2019-08-20 18:28:12,796 [Thread-3479] INFO  impl.FollowerState (FollowerState.java:run(114)) - 0330fd69-8ead-45d6-95d3-ef0ad53800cd: FollowerState was interrupted: java.lang.InterruptedException: sleep interrupted
2019-08-20 18:28:12,795 [main] INFO  impl.StateMachineUpdater (StateMachineUpdater.java:stopAndJoin(115)) - StateMachineUpdater:0330fd69-8ead-45d6-95d3-ef0ad53800cd:group-F96715C59315: set stopIndex = 18
2019-08-20 18:28:12,796 [ForkJoinPool.commonPool-worker-0] INFO  impl.PendingRequests (PendingRequests.java:sendNotLeaderResponses(202)) - 75361d20-0014-4d84-b06d-e0cee43a4090-PendingRequests: sendNotLeaderResponses
2019-08-20 18:28:12,800 [ForkJoinPool.commonPool-worker-0] INFO  impl.StateMachineUpdater (StateMachineUpdater.java:stopAndJoin(115)) - StateMachineUpdater:75361d20-0014-4d84-b06d-e0cee43a4090:group-36E7B0CBEE36: set stopIndex = 0
2019-08-20 18:28:12,801 [ForkJoinPool.commonPool-worker-0] INFO  impl.RaftServerImpl (ServerState.java:close(394)) - 75361d20-0014-4d84-b06d-e0cee43a4090:group-36E7B0CBEE36 closes. The last applied log index is 0
2019-08-20 18:28:12,801 [75361d20-0014-4d84-b06d-e0cee43a4090-SegmentedRaftLogWorker:Storage Directory /workdir/hadoop-ozone/integration-test/target/test-dir/MiniOzoneClusterImpl-9a1dce89-8836-4893-b9ec-7edc085093e3/datanode-1/data/ratis/5ae2420f-16ed-4672-8cdb-36e7b0cbee36] INFO  segmented.SegmentedRaftLogWorker (SegmentedRaftLogWorker.java:run(313)) - 75361d20-0014-4d84-b06d-e0cee43a4090-SegmentedRaftLogWorker:Storage Directory /workdir/hadoop-ozone/integration-test/target/test-dir/MiniOzoneClusterImpl-9a1dce89-8836-4893-b9ec-7edc085093e3/datanode-1/data/ratis/5ae2420f-16ed-4672-8cdb-36e7b0cbee36 was interrupted, exiting. There are 0 tasks remaining in the queue.
2019-08-20 18:28:12,804 [ForkJoinPool.commonPool-worker-0] INFO  segmented.SegmentedRaftLogWorker (SegmentedRaftLogWorker.java:close(228)) - 75361d20-0014-4d84-b06d-e0cee43a4090-SegmentedRaftLogWorker:Storage Directory /workdir/hadoop-ozone/integration-test/target/test-dir/MiniOzoneClusterImpl-9a1dce89-8836-4893-b9ec-7edc085093e3/datanode-1/data/ratis/5ae2420f-16ed-4672-8cdb-36e7b0cbee36 close()
2019-08-20 18:28:12,808 [ForkJoinPool.commonPool-worker-0] INFO  impl.RaftServerImpl (RaftServerImpl.java:lambda$shutdown$3(245)) - 75361d20-0014-4d84-b06d-e0cee43a4090: shutdown group-894662AAAA7C
2019-08-20 18:28:12,809 [ForkJoinPool.commonPool-worker-0] INFO  util.JmxRegister (JmxRegister.java:unregister(73)) - Successfully un-registered JMX Bean with object name Ratis:service=RaftServer,group=group-894662AAAA7C,id=75361d20-0014-4d84-b06d-e0cee43a4090
2019-08-20 18:28:12,809 [ForkJoinPool.commonPool-worker-0] INFO  impl.RoleInfo (RoleInfo.java:shutdownLeaderState(104)) - 75361d20-0014-4d84-b06d-e0cee43a4090: shutdown LeaderState
2019-08-20 18:28:12,813 [org.apache.ratis.server.impl.LogAppender$AppenderDaemon$$Lambda$487/598906950@4a212242] WARN  server.GrpcLogAppender (GrpcLogAppender.java:mayWait(143)) - GrpcLogAppender(75361d20-0014-4d84-b06d-e0cee43a4090->30a77774-759b-47e5-ab65-fec5a133fac9): Wait interrupted by java.lang.InterruptedException
2019-08-20 18:28:12,813 [ForkJoinPool.commonPool-worker-0] INFO  impl.PendingRequests (PendingRequests.java:sendNotLeaderResponses(202)) - 75361d20-0014-4d84-b06d-e0cee43a4090-PendingRequests: sendNotLeaderResponses
2019-08-20 18:28:12,814 [StateMachineUpdater:0330fd69-8ead-45d6-95d3-ef0ad53800cd:group-F96715C59315] INFO  ratis.ContainerStateMachine (ContainerStateMachine.java:takeSnapshot(295)) - group-F96715C59315: Finished taking a snapshot at:(t:1, i:14) file:/workdir/hadoop-ozone/integration-test/target/test-dir/MiniOzoneClusterImpl-9a1dce89-8836-4893-b9ec-7edc085093e3/datanode-4/data/ratis/614e5141-bdf3-4559-8dbb-f96715c59315/sm/snapshot.1_14 time:18
2019-08-20 18:28:12,814 [StateMachineUpdater:0330fd69-8ead-45d6-95d3-ef0ad53800cd:group-F96715C59315] INFO  impl.StateMachineUpdater (StateMachineUpdater.java:takeSnapshot(242)) - StateMachineUpdater:0330fd69-8ead-45d6-95d3-ef0ad53800cd:group-F96715C59315: Took a snapshot at index 14
2019-08-20 18:28:12,813 [org.apache.ratis.server.impl.LogAppender$AppenderDaemon$$Lambda$487/598906950@f23b562] WARN  server.GrpcLogAppender (GrpcLogAppender.java:mayWait(143)) - GrpcLogAppender(75361d20-0014-4d84-b06d-e0cee43a4090->3ebf1703-8ccb-431f-b530-5c0bec173472): Wait interrupted by java.lang.InterruptedException
2019-08-20 18:28:12,818 [ForkJoinPool.commonPool-worker-0] INFO  impl.StateMachineUpdater (StateMachineUpdater.java:stopAndJoin(115)) - StateMachineUpdater:75361d20-0014-4d84-b06d-e0cee43a4090:group-894662AAAA7C: set stopIndex = 15
2019-08-20 18:28:12,818 [StateMachineUpdater:0330fd69-8ead-45d6-95d3-ef0ad53800cd:group-F96715C59315] INFO  impl.StateMachineUpdater (StateMachineUpdater.java:lambda$new$0(80)) - StateMachineUpdater:0330fd69-8ead-45d6-95d3-ef0ad53800cd:group-F96715C59315: snapshotIndex: updateIncreasingly -1 -> 14
2019-08-20 18:28:12,814 [grpc-default-executor-3] INFO  server.GrpcServerProtocolService (GrpcServerProtocolService.java:onCompleted(104)) - 30a77774-759b-47e5-ab65-fec5a133fac9: appendEntries completed
2019-08-20 18:28:12,819 | INFO  | SCMAudit | user=jenkins1000 | ip=192.168.5.186 | op=SEND_HEARTBEAT {datanodeUUID=b81439af-67f0-46d4-9ea9-2a1de01bfb7b, command=[]} | ret=SUCCESS |  
2019-08-20 18:28:12,818 [StateMachineUpdater:75361d20-0014-4d84-b06d-e0cee43a4090:group-894662AAAA7C] INFO  ratis.ContainerStateMachine (ContainerStateMachine.java:takeSnapshot(284)) - group-894662AAAA7C: Taking a snapshot at:(t:1, i:13) file /workdir/hadoop-ozone/integration-test/target/test-dir/MiniOzoneClusterImpl-9a1dce89-8836-4893-b9ec-7edc085093e3/datanode-1/data/ratis/c6296c2a-406d-4855-8ee5-894662aaaa7c/sm/snapshot.1_13
2019-08-20 18:28:12,819 [grpc-default-executor-3] INFO  server.GrpcServerProtocolService (GrpcServerProtocolService.java:onCompleted(104)) - 3ebf1703-8ccb-431f-b530-5c0bec173472: appendEntries completed
2019-08-20 18:28:12,819 [main] INFO  impl.RaftServerImpl (ServerState.java:close(394)) - 0330fd69-8ead-45d6-95d3-ef0ad53800cd:group-F96715C59315 closes. The last applied log index is 18
2019-08-20 18:28:12,820 [grpc-default-executor-3] INFO  server.GrpcLogAppender (GrpcLogAppender.java:onCompleted(292)) - 75361d20-0014-4d84-b06d-e0cee43a4090->3ebf1703-8ccb-431f-b530-5c0bec173472: follower responses appendEntries COMPLETED
2019-08-20 18:28:12,819 [grpc-default-executor-5] INFO  server.GrpcLogAppender (GrpcLogAppender.java:onCompleted(292)) - 75361d20-0014-4d84-b06d-e0cee43a4090->30a77774-759b-47e5-ab65-fec5a133fac9: follower responses appendEntries COMPLETED
2019-08-20 18:28:12,821 [grpc-default-executor-3] INFO  impl.FollowerInfo (FollowerInfo.java:lambda$new$0(50)) - 75361d20-0014-4d84-b06d-e0cee43a4090->3ebf1703-8ccb-431f-b530-5c0bec173472: nextIndex: updateUnconditionally 16 -> 15
2019-08-20 18:28:12,820 [0330fd69-8ead-45d6-95d3-ef0ad53800cd-SegmentedRaftLogWorker:Storage Directory /workdir/hadoop-ozone/integration-test/target/test-dir/MiniOzoneClusterImpl-9a1dce89-8836-4893-b9ec-7edc085093e3/datanode-4/data/ratis/614e5141-bdf3-4559-8dbb-f96715c59315] INFO  segmented.SegmentedRaftLogWorker (SegmentedRaftLogWorker.java:run(313)) - 0330fd69-8ead-45d6-95d3-ef0ad53800cd-SegmentedRaftLogWorker:Storage Directory /workdir/hadoop-ozone/integration-test/target/test-dir/MiniOzoneClusterImpl-9a1dce89-8836-4893-b9ec-7edc085093e3/datanode-4/data/ratis/614e5141-bdf3-4559-8dbb-f96715c59315 was interrupted, exiting. There are 0 tasks remaining in the queue.
2019-08-20 18:28:12,821 [grpc-default-executor-5] INFO  impl.FollowerInfo (FollowerInfo.java:lambda$new$0(50)) - 75361d20-0014-4d84-b06d-e0cee43a4090->30a77774-759b-47e5-ab65-fec5a133fac9: nextIndex: updateUnconditionally 16 -> 15
2019-08-20 18:28:12,823 [main] INFO  segmented.SegmentedRaftLogWorker (SegmentedRaftLogWorker.java:close(228)) - 0330fd69-8ead-45d6-95d3-ef0ad53800cd-SegmentedRaftLogWorker:Storage Directory /workdir/hadoop-ozone/integration-test/target/test-dir/MiniOzoneClusterImpl-9a1dce89-8836-4893-b9ec-7edc085093e3/datanode-4/data/ratis/614e5141-bdf3-4559-8dbb-f96715c59315 close()
2019-08-20 18:28:12,828 [main] INFO  impl.RaftServerImpl (RaftServerImpl.java:lambda$shutdown$3(245)) - 0330fd69-8ead-45d6-95d3-ef0ad53800cd: shutdown group-839C8DDC001A
2019-08-20 18:28:12,829 [main] INFO  util.JmxRegister (JmxRegister.java:unregister(73)) - Successfully un-registered JMX Bean with object name Ratis:service=RaftServer,group=group-839C8DDC001A,id=0330fd69-8ead-45d6-95d3-ef0ad53800cd
2019-08-20 18:28:12,829 [main] INFO  impl.RoleInfo (RoleInfo.java:shutdownLeaderState(104)) - 0330fd69-8ead-45d6-95d3-ef0ad53800cd: shutdown LeaderState
2019-08-20 18:28:12,829 [main] INFO  impl.PendingRequests (PendingRequests.java:sendNotLeaderResponses(202)) - 0330fd69-8ead-45d6-95d3-ef0ad53800cd-PendingRequests: sendNotLeaderResponses
2019-08-20 18:28:12,830 [main] INFO  impl.StateMachineUpdater (StateMachineUpdater.java:stopAndJoin(115)) - StateMachineUpdater:0330fd69-8ead-45d6-95d3-ef0ad53800cd:group-839C8DDC001A: set stopIndex = 0
2019-08-20 18:28:12,830 [main] INFO  impl.RaftServerImpl (ServerState.java:close(394)) - 0330fd69-8ead-45d6-95d3-ef0ad53800cd:group-839C8DDC001A closes. The last applied log index is 0
2019-08-20 18:28:12,831 [0330fd69-8ead-45d6-95d3-ef0ad53800cd-SegmentedRaftLogWorker:Storage Directory /workdir/hadoop-ozone/integration-test/target/test-dir/MiniOzoneClusterImpl-9a1dce89-8836-4893-b9ec-7edc085093e3/datanode-4/data/ratis/5bb85a75-9fa1-42cf-a8b4-839c8ddc001a] INFO  segmented.SegmentedRaftLogWorker (SegmentedRaftLogWorker.java:run(313)) - 0330fd69-8ead-45d6-95d3-ef0ad53800cd-SegmentedRaftLogWorker:Storage Directory /workdir/hadoop-ozone/integration-test/target/test-dir/MiniOzoneClusterImpl-9a1dce89-8836-4893-b9ec-7edc085093e3/datanode-4/data/ratis/5bb85a75-9fa1-42cf-a8b4-839c8ddc001a was interrupted, exiting. There are 0 tasks remaining in the queue.
2019-08-20 18:28:12,834 [StateMachineUpdater:75361d20-0014-4d84-b06d-e0cee43a4090:group-894662AAAA7C] INFO  ratis.ContainerStateMachine (ContainerStateMachine.java:takeSnapshot(295)) - group-894662AAAA7C: Finished taking a snapshot at:(t:1, i:13) file:/workdir/hadoop-ozone/integration-test/target/test-dir/MiniOzoneClusterImpl-9a1dce89-8836-4893-b9ec-7edc085093e3/datanode-1/data/ratis/c6296c2a-406d-4855-8ee5-894662aaaa7c/sm/snapshot.1_13 time:15
2019-08-20 18:28:12,834 [main] INFO  segmented.SegmentedRaftLogWorker (SegmentedRaftLogWorker.java:close(228)) - 0330fd69-8ead-45d6-95d3-ef0ad53800cd-SegmentedRaftLogWorker:Storage Directory /workdir/hadoop-ozone/integration-test/target/test-dir/MiniOzoneClusterImpl-9a1dce89-8836-4893-b9ec-7edc085093e3/datanode-4/data/ratis/5bb85a75-9fa1-42cf-a8b4-839c8ddc001a close()
2019-08-20 18:28:12,834 [StateMachineUpdater:75361d20-0014-4d84-b06d-e0cee43a4090:group-894662AAAA7C] INFO  impl.StateMachineUpdater (StateMachineUpdater.java:takeSnapshot(242)) - StateMachineUpdater:75361d20-0014-4d84-b06d-e0cee43a4090:group-894662AAAA7C: Took a snapshot at index 13
2019-08-20 18:28:12,836 [StateMachineUpdater:75361d20-0014-4d84-b06d-e0cee43a4090:group-894662AAAA7C] INFO  impl.StateMachineUpdater (StateMachineUpdater.java:lambda$new$0(80)) - StateMachineUpdater:75361d20-0014-4d84-b06d-e0cee43a4090:group-894662AAAA7C: snapshotIndex: updateIncreasingly -1 -> 13
2019-08-20 18:28:12,839 [main] INFO  server.GrpcService (GrpcService.java:closeImpl(155)) - 0330fd69-8ead-45d6-95d3-ef0ad53800cd: shutdown server with port 39049 now
2019-08-20 18:28:12,839 [ForkJoinPool.commonPool-worker-0] INFO  impl.RaftServerImpl (ServerState.java:close(394)) - 75361d20-0014-4d84-b06d-e0cee43a4090:group-894662AAAA7C closes. The last applied log index is 15
2019-08-20 18:28:12,840 [75361d20-0014-4d84-b06d-e0cee43a4090-SegmentedRaftLogWorker:Storage Directory /workdir/hadoop-ozone/integration-test/target/test-dir/MiniOzoneClusterImpl-9a1dce89-8836-4893-b9ec-7edc085093e3/datanode-1/data/ratis/c6296c2a-406d-4855-8ee5-894662aaaa7c] INFO  segmented.SegmentedRaftLogWorker (SegmentedRaftLogWorker.java:run(313)) - 75361d20-0014-4d84-b06d-e0cee43a4090-SegmentedRaftLogWorker:Storage Directory /workdir/hadoop-ozone/integration-test/target/test-dir/MiniOzoneClusterImpl-9a1dce89-8836-4893-b9ec-7edc085093e3/datanode-1/data/ratis/c6296c2a-406d-4855-8ee5-894662aaaa7c was interrupted, exiting. There are 0 tasks remaining in the queue.
2019-08-20 18:28:12,840 [grpc-default-executor-3] WARN  server.GrpcServerProtocolService (LogUtils.java:warn(134)) - 0330fd69-8ead-45d6-95d3-ef0ad53800cd: appendEntries onError: org.apache.ratis.thirdparty.io.grpc.StatusRuntimeException: CANCELLED: cancelled before receiving half close
2019-08-20 18:28:12,842 [main] INFO  server.GrpcService (GrpcService.java:closeImpl(163)) - 0330fd69-8ead-45d6-95d3-ef0ad53800cd: shutdown server with port 39049 successfully
2019-08-20 18:28:12,842 [ForkJoinPool.commonPool-worker-0] INFO  segmented.SegmentedRaftLogWorker (SegmentedRaftLogWorker.java:close(228)) - 75361d20-0014-4d84-b06d-e0cee43a4090-SegmentedRaftLogWorker:Storage Directory /workdir/hadoop-ozone/integration-test/target/test-dir/MiniOzoneClusterImpl-9a1dce89-8836-4893-b9ec-7edc085093e3/datanode-1/data/ratis/c6296c2a-406d-4855-8ee5-894662aaaa7c close()
2019-08-20 18:28:12,842 [grpc-default-executor-5] WARN  server.GrpcLogAppender (LogUtils.java:warn(134)) - b81439af-67f0-46d4-9ea9-2a1de01bfb7b->0330fd69-8ead-45d6-95d3-ef0ad53800cd: Failed appendEntries: org.apache.ratis.thirdparty.io.grpc.StatusRuntimeException: CANCELLED: HTTP/2 error code: CANCEL
Received Rst Stream
2019-08-20 18:28:12,846 [grpc-default-executor-5] INFO  impl.FollowerInfo (FollowerInfo.java:lambda$new$0(50)) - b81439af-67f0-46d4-9ea9-2a1de01bfb7b->0330fd69-8ead-45d6-95d3-ef0ad53800cd: nextIndex: updateUnconditionally 19 -> 18
2019-08-20 18:28:12,848 [ForkJoinPool.commonPool-worker-0] INFO  server.GrpcService (GrpcService.java:closeImpl(155)) - 75361d20-0014-4d84-b06d-e0cee43a4090: shutdown server with port 45094 now
2019-08-20 18:28:12,848 [main] INFO  utils.BackgroundService (BackgroundService.java:shutdown(148)) - Shutting down service BlockDeletingService
2019-08-20 18:28:12,849 [grpc-default-executor-3] WARN  client.GrpcClientProtocolService (LogUtils.java:warn(134)) - 1-UnorderedRequestStreamObserver1: onError: org.apache.ratis.thirdparty.io.grpc.StatusRuntimeException: CANCELLED: cancelled before receiving half close
2019-08-20 18:28:12,849 [ForkJoinPool.commonPool-worker-0] INFO  server.GrpcService (GrpcService.java:closeImpl(163)) - 75361d20-0014-4d84-b06d-e0cee43a4090: shutdown server with port 45094 successfully
2019-08-20 18:28:12,849 [refreshUsed-/workdir/hadoop-ozone/integration-test/target/test-dir/MiniOzoneClusterImpl-9a1dce89-8836-4893-b9ec-7edc085093e3/datanode-4/data/containers] WARN  fs.CachingGetSpaceUsed (CachingGetSpaceUsed.java:run(183)) - Thread Interrupted waiting to refresh disk information: sleep interrupted
2019-08-20 18:28:12,851 [ForkJoinPool.commonPool-worker-0] INFO  utils.BackgroundService (BackgroundService.java:shutdown(148)) - Shutting down service BlockDeletingService
2019-08-20 18:28:12,854 [refreshUsed-/workdir/hadoop-ozone/integration-test/target/test-dir/MiniOzoneClusterImpl-9a1dce89-8836-4893-b9ec-7edc085093e3/datanode-1/data/containers] WARN  fs.CachingGetSpaceUsed (CachingGetSpaceUsed.java:run(183)) - Thread Interrupted waiting to refresh disk information: sleep interrupted
2019-08-20 18:28:12,873 [main] INFO  statemachine.DatanodeStateMachine (DatanodeStateMachine.java:stopDaemon(395)) - Ozone container server stopped.
2019-08-20 18:28:12,875 [main] INFO  handler.ContextHandler (ContextHandler.java:doStop(910)) - Stopped o.e.j.w.WebAppContext@3b25ce5e{/,null,UNAVAILABLE}{/hddsDatanode}
2019-08-20 18:28:12,876 [main] INFO  server.AbstractConnector (AbstractConnector.java:doStop(318)) - Stopped ServerConnector@7b99e726{HTTP/1.1,[http/1.1]}{0.0.0.0:0}
2019-08-20 18:28:12,876 [main] INFO  handler.ContextHandler (ContextHandler.java:doStop(910)) - Stopped o.e.j.s.ServletContextHandler@51c660c8{/static,jar:file:/home/user/.m2/repository/org/apache/hadoop/hadoop-hdds-container-service/0.5.0-SNAPSHOT/hadoop-hdds-container-service-0.5.0-SNAPSHOT.jar!/webapps/static,UNAVAILABLE}
2019-08-20 18:28:12,876 [main] INFO  handler.ContextHandler (ContextHandler.java:doStop(910)) - Stopped o.e.j.s.ServletContextHandler@10fa270e{/logs,file:///workdir/hadoop-ozone/integration-test/target/log,UNAVAILABLE}
2019-08-20 18:28:12,877 [main] INFO  datanode.ObjectStoreHandler (ObjectStoreHandler.java:close(155)) - Closing ObjectStoreHandler.
2019-08-20 18:28:12,878 [main] INFO  ozone.HddsDatanodeService (HddsDatanodeService.java:stop(451)) - Stopped plug-in org.apache.hadoop.ozone.web.OzoneHddsDatanodeService@75452b01
2019-08-20 18:28:12,882 [ForkJoinPool.commonPool-worker-0] INFO  statemachine.DatanodeStateMachine (DatanodeStateMachine.java:stopDaemon(395)) - Ozone container server stopped.
2019-08-20 18:28:12,887 [ForkJoinPool.commonPool-worker-0] INFO  handler.ContextHandler (ContextHandler.java:doStop(910)) - Stopped o.e.j.w.WebAppContext@2b26d289{/,null,UNAVAILABLE}{/hddsDatanode}
2019-08-20 18:28:12,888 [ForkJoinPool.commonPool-worker-0] INFO  server.AbstractConnector (AbstractConnector.java:doStop(318)) - Stopped ServerConnector@7f680a9a{HTTP/1.1,[http/1.1]}{0.0.0.0:0}
2019-08-20 18:28:12,889 [ForkJoinPool.commonPool-worker-0] INFO  handler.ContextHandler (ContextHandler.java:doStop(910)) - Stopped o.e.j.s.ServletContextHandler@1df8ea34{/static,jar:file:/home/user/.m2/repository/org/apache/hadoop/hadoop-hdds-container-service/0.5.0-SNAPSHOT/hadoop-hdds-container-service-0.5.0-SNAPSHOT.jar!/webapps/static,UNAVAILABLE}
2019-08-20 18:28:12,890 [ForkJoinPool.commonPool-worker-0] INFO  handler.ContextHandler (ContextHandler.java:doStop(910)) - Stopped o.e.j.s.ServletContextHandler@741f8cf{/logs,file:///workdir/hadoop-ozone/integration-test/target/log,UNAVAILABLE}
2019-08-20 18:28:12,891 [ForkJoinPool.commonPool-worker-0] INFO  datanode.ObjectStoreHandler (ObjectStoreHandler.java:close(155)) - Closing ObjectStoreHandler.
2019-08-20 18:28:12,891 [ForkJoinPool.commonPool-worker-0] INFO  ozone.HddsDatanodeService (HddsDatanodeService.java:stop(451)) - Stopped plug-in org.apache.hadoop.ozone.web.OzoneHddsDatanodeService@65f8933b
2019-08-20 18:28:13,473 | INFO  | SCMAudit | user=jenkins1000 | ip=192.168.5.186 | op=SEND_HEARTBEAT {datanodeUUID=410b0fde-0c93-4dd6-a3fa-75ce07d6351d, command=[]} | ret=SUCCESS |  
2019-08-20 18:28:13,558 [Datanode State Machine Thread - 0] INFO  statemachine.DatanodeStateMachine (DatanodeStateMachine.java:lambda$startDaemon$0(350)) - Ozone container server started.
2019-08-20 18:28:13,561 | INFO  | SCMAudit | user=jenkins1000 | ip=192.168.5.186 | op=SEND_HEARTBEAT {datanodeUUID=30a77774-759b-47e5-ab65-fec5a133fac9, command=[commandType: closeContainerCommand closeContainerCommandProto { containerID: 2 pipelineID { id: "c6296c2a-406d-4855-8ee5-894662aaaa7c" } cmdId: 2 force: false } ]} | ret=SUCCESS |  
2019-08-20 18:28:13,818 [Datanode State Machine Thread - 0] INFO  statemachine.DatanodeStateMachine (DatanodeStateMachine.java:lambda$startDaemon$0(350)) - Ozone container server started.
2019-08-20 18:28:14,201 [grpc-default-executor-5] WARN  server.GrpcLogAppender (LogUtils.java:warn(134)) - b81439af-67f0-46d4-9ea9-2a1de01bfb7b->b8907872-efa4-4493-acc5-388a2f6162ac: Failed appendEntries: org.apache.ratis.thirdparty.io.grpc.StatusRuntimeException: UNAVAILABLE: io exception
2019-08-20 18:28:14,201 [grpc-default-executor-5] INFO  impl.FollowerInfo (FollowerInfo.java:lambda$new$0(50)) - b81439af-67f0-46d4-9ea9-2a1de01bfb7b->b8907872-efa4-4493-acc5-388a2f6162ac: nextIndex: updateUnconditionally 0 -> 0
2019-08-20 18:28:14,201 [grpc-default-executor-8] WARN  server.GrpcLogAppender (LogUtils.java:warn(134)) - b81439af-67f0-46d4-9ea9-2a1de01bfb7b->0330fd69-8ead-45d6-95d3-ef0ad53800cd: Failed appendEntries: org.apache.ratis.thirdparty.io.grpc.StatusRuntimeException: UNAVAILABLE: io exception
2019-08-20 18:28:14,201 [grpc-default-executor-8] INFO  impl.FollowerInfo (FollowerInfo.java:lambda$new$0(50)) - b81439af-67f0-46d4-9ea9-2a1de01bfb7b->0330fd69-8ead-45d6-95d3-ef0ad53800cd: nextIndex: updateUnconditionally 18 -> 17
2019-08-20 18:28:14,474 | INFO  | SCMAudit | user=jenkins1000 | ip=192.168.5.186 | op=SEND_HEARTBEAT {datanodeUUID=410b0fde-0c93-4dd6-a3fa-75ce07d6351d, command=[]} | ret=SUCCESS |  
2019-08-20 18:28:14,560 | INFO  | SCMAudit | user=jenkins1000 | ip=192.168.5.186 | op=SEND_HEARTBEAT {datanodeUUID=30a77774-759b-47e5-ab65-fec5a133fac9, command=[]} | ret=SUCCESS |  
2019-08-20 18:28:15,473 | INFO  | SCMAudit | user=jenkins1000 | ip=192.168.5.186 | op=SEND_HEARTBEAT {datanodeUUID=410b0fde-0c93-4dd6-a3fa-75ce07d6351d, command=[]} | ret=SUCCESS |  
2019-08-20 18:28:15,560 | INFO  | SCMAudit | user=jenkins1000 | ip=192.168.5.186 | op=SEND_HEARTBEAT {datanodeUUID=30a77774-759b-47e5-ab65-fec5a133fac9, command=[]} | ret=SUCCESS |  
2019-08-20 18:28:15,590 | INFO  | SCMAudit | user=jenkins1000 | ip=192.168.5.186 | op=SEND_HEARTBEAT {datanodeUUID=30a77774-759b-47e5-ab65-fec5a133fac9, command=[]} | ret=SUCCESS |  
2019-08-20 18:28:16,473 | INFO  | SCMAudit | user=jenkins1000 | ip=192.168.5.186 | op=SEND_HEARTBEAT {datanodeUUID=410b0fde-0c93-4dd6-a3fa-75ce07d6351d, command=[]} | ret=SUCCESS |  
2019-08-20 18:28:16,590 | INFO  | SCMAudit | user=jenkins1000 | ip=192.168.5.186 | op=SEND_HEARTBEAT {datanodeUUID=30a77774-759b-47e5-ab65-fec5a133fac9, command=[]} | ret=SUCCESS |  
2019-08-20 18:28:16,702 [grpc-default-executor-3] WARN  server.GrpcLogAppender (LogUtils.java:warn(134)) - b81439af-67f0-46d4-9ea9-2a1de01bfb7b->b8907872-efa4-4493-acc5-388a2f6162ac: Failed appendEntries: org.apache.ratis.thirdparty.io.grpc.StatusRuntimeException: UNAVAILABLE: io exception
2019-08-20 18:28:16,702 [grpc-default-executor-7] WARN  server.GrpcLogAppender (LogUtils.java:warn(134)) - b81439af-67f0-46d4-9ea9-2a1de01bfb7b->0330fd69-8ead-45d6-95d3-ef0ad53800cd: Failed appendEntries: org.apache.ratis.thirdparty.io.grpc.StatusRuntimeException: UNAVAILABLE: io exception
2019-08-20 18:28:16,702 [grpc-default-executor-3] INFO  impl.FollowerInfo (FollowerInfo.java:lambda$new$0(50)) - b81439af-67f0-46d4-9ea9-2a1de01bfb7b->b8907872-efa4-4493-acc5-388a2f6162ac: nextIndex: updateUnconditionally 0 -> 0
2019-08-20 18:28:16,702 [grpc-default-executor-7] INFO  impl.FollowerInfo (FollowerInfo.java:lambda$new$0(50)) - b81439af-67f0-46d4-9ea9-2a1de01bfb7b->0330fd69-8ead-45d6-95d3-ef0ad53800cd: nextIndex: updateUnconditionally 17 -> 16
2019-08-20 18:28:17,473 | INFO  | SCMAudit | user=jenkins1000 | ip=192.168.5.186 | op=SEND_HEARTBEAT {datanodeUUID=410b0fde-0c93-4dd6-a3fa-75ce07d6351d, command=[]} | ret=SUCCESS |  
2019-08-20 18:28:17,590 | INFO  | SCMAudit | user=jenkins1000 | ip=192.168.5.186 | op=SEND_HEARTBEAT {datanodeUUID=30a77774-759b-47e5-ab65-fec5a133fac9, command=[]} | ret=SUCCESS |  
2019-08-20 18:28:17,597 [EventQueue-StaleNodeForStaleNodeHandler] INFO  node.StaleNodeHandler (StaleNodeHandler.java:onMessage(58)) - Datanode 3ebf1703-8ccb-431f-b530-5c0bec173472{ip: 192.168.5.186, host: pr-hdds-1753-5g2nl-2460324467, networkLocation: /default-rack, certSerialId: null} moved to stale state. Finalizing its pipelines [PipelineID=4b5b6a95-ace7-4030-9ff8-87ec798e8439, PipelineID=c6296c2a-406d-4855-8ee5-894662aaaa7c]
2019-08-20 18:28:17,598 [EventQueue-StaleNodeForStaleNodeHandler] INFO  pipeline.SCMPipelineManager (SCMPipelineManager.java:finalizeAndDestroyPipeline(309)) - destroying pipeline:Pipeline[ Id: 4b5b6a95-ace7-4030-9ff8-87ec798e8439, Nodes: 3ebf1703-8ccb-431f-b530-5c0bec173472{ip: 192.168.5.186, host: pr-hdds-1753-5g2nl-2460324467, networkLocation: /default-rack, certSerialId: null}, Type:RATIS, Factor:ONE, State:OPEN]
2019-08-20 18:28:17,598 [EventQueue-StaleNodeForStaleNodeHandler] INFO  pipeline.PipelineStateManager (PipelineStateManager.java:finalizePipeline(123)) - Pipeline Pipeline[ Id: 4b5b6a95-ace7-4030-9ff8-87ec798e8439, Nodes: 3ebf1703-8ccb-431f-b530-5c0bec173472{ip: 192.168.5.186, host: pr-hdds-1753-5g2nl-2460324467, networkLocation: /default-rack, certSerialId: null}, Type:RATIS, Factor:ONE, State:CLOSED] moved to CLOSED state
2019-08-20 18:28:17,598 [EventQueue-StaleNodeForStaleNodeHandler] INFO  pipeline.SCMPipelineManager (SCMPipelineManager.java:finalizeAndDestroyPipeline(309)) - destroying pipeline:Pipeline[ Id: c6296c2a-406d-4855-8ee5-894662aaaa7c, Nodes: 3ebf1703-8ccb-431f-b530-5c0bec173472{ip: 192.168.5.186, host: pr-hdds-1753-5g2nl-2460324467, networkLocation: /default-rack, certSerialId: null}30a77774-759b-47e5-ab65-fec5a133fac9{ip: 192.168.5.186, host: pr-hdds-1753-5g2nl-2460324467, networkLocation: /default-rack, certSerialId: null}75361d20-0014-4d84-b06d-e0cee43a4090{ip: 192.168.5.186, host: pr-hdds-1753-5g2nl-2460324467, networkLocation: /default-rack, certSerialId: null}, Type:RATIS, Factor:THREE, State:CLOSED]
2019-08-20 18:28:17,878 [main] INFO  ozoneimpl.OzoneContainer (OzoneContainer.java:stop(199)) - Attempting to stop container services.
2019-08-20 18:28:17,879 [main] INFO  impl.RaftServerProxy (RaftServerProxy.java:lambda$close$4(314)) - b81439af-67f0-46d4-9ea9-2a1de01bfb7b: close
2019-08-20 18:28:17,879 [main] INFO  impl.RaftServerImpl (RaftServerImpl.java:lambda$shutdown$3(245)) - b81439af-67f0-46d4-9ea9-2a1de01bfb7b: shutdown group-3EB48B9CE895
2019-08-20 18:28:17,880 [main] INFO  util.JmxRegister (JmxRegister.java:unregister(73)) - Successfully un-registered JMX Bean with object name Ratis:service=RaftServer,group=group-3EB48B9CE895,id=b81439af-67f0-46d4-9ea9-2a1de01bfb7b
2019-08-20 18:28:17,880 [main] INFO  impl.RoleInfo (RoleInfo.java:shutdownLeaderState(104)) - b81439af-67f0-46d4-9ea9-2a1de01bfb7b: shutdown LeaderState
2019-08-20 18:28:17,881 [main] INFO  impl.PendingRequests (PendingRequests.java:sendNotLeaderResponses(202)) - b81439af-67f0-46d4-9ea9-2a1de01bfb7b-PendingRequests: sendNotLeaderResponses
2019-08-20 18:28:17,881 [main] INFO  impl.StateMachineUpdater (StateMachineUpdater.java:stopAndJoin(115)) - StateMachineUpdater:b81439af-67f0-46d4-9ea9-2a1de01bfb7b:group-3EB48B9CE895: set stopIndex = 0
2019-08-20 18:28:17,882 [main] INFO  impl.RaftServerImpl (ServerState.java:close(394)) - b81439af-67f0-46d4-9ea9-2a1de01bfb7b:group-3EB48B9CE895 closes. The last applied log index is 0
2019-08-20 18:28:17,882 [b81439af-67f0-46d4-9ea9-2a1de01bfb7b-SegmentedRaftLogWorker:Storage Directory /workdir/hadoop-ozone/integration-test/target/test-dir/MiniOzoneClusterImpl-9a1dce89-8836-4893-b9ec-7edc085093e3/datanode-3/data/ratis/5e117430-30c7-43f0-9499-3eb48b9ce895] INFO  segmented.SegmentedRaftLogWorker (SegmentedRaftLogWorker.java:run(313)) - b81439af-67f0-46d4-9ea9-2a1de01bfb7b-SegmentedRaftLogWorker:Storage Directory /workdir/hadoop-ozone/integration-test/target/test-dir/MiniOzoneClusterImpl-9a1dce89-8836-4893-b9ec-7edc085093e3/datanode-3/data/ratis/5e117430-30c7-43f0-9499-3eb48b9ce895 was interrupted, exiting. There are 0 tasks remaining in the queue.
2019-08-20 18:28:17,886 [main] INFO  segmented.SegmentedRaftLogWorker (SegmentedRaftLogWorker.java:close(228)) - b81439af-67f0-46d4-9ea9-2a1de01bfb7b-SegmentedRaftLogWorker:Storage Directory /workdir/hadoop-ozone/integration-test/target/test-dir/MiniOzoneClusterImpl-9a1dce89-8836-4893-b9ec-7edc085093e3/datanode-3/data/ratis/5e117430-30c7-43f0-9499-3eb48b9ce895 close()
2019-08-20 18:28:17,891 [main] INFO  impl.RaftServerImpl (RaftServerImpl.java:lambda$shutdown$3(245)) - b81439af-67f0-46d4-9ea9-2a1de01bfb7b: shutdown group-F96715C59315
2019-08-20 18:28:17,891 [main] INFO  util.JmxRegister (JmxRegister.java:unregister(73)) - Successfully un-registered JMX Bean with object name Ratis:service=RaftServer,group=group-F96715C59315,id=b81439af-67f0-46d4-9ea9-2a1de01bfb7b
2019-08-20 18:28:17,892 [ForkJoinPool.commonPool-worker-0] INFO  ozoneimpl.OzoneContainer (OzoneContainer.java:stop(199)) - Attempting to stop container services.
2019-08-20 18:28:17,892 [main] INFO  impl.RoleInfo (RoleInfo.java:shutdownLeaderState(104)) - b81439af-67f0-46d4-9ea9-2a1de01bfb7b: shutdown LeaderState
2019-08-20 18:28:17,892 [ForkJoinPool.commonPool-worker-0] INFO  impl.RaftServerProxy (RaftServerProxy.java:lambda$close$4(314)) - 3ebf1703-8ccb-431f-b530-5c0bec173472: close
2019-08-20 18:28:17,897 [org.apache.ratis.server.impl.LogAppender$AppenderDaemon$$Lambda$487/598906950@30c9537b] WARN  server.GrpcLogAppender (GrpcLogAppender.java:mayWait(143)) - GrpcLogAppender(b81439af-67f0-46d4-9ea9-2a1de01bfb7b->b8907872-efa4-4493-acc5-388a2f6162ac): Wait interrupted by java.lang.InterruptedException
2019-08-20 18:28:17,897 [ForkJoinPool.commonPool-worker-0] INFO  impl.RaftServerImpl (RaftServerImpl.java:lambda$shutdown$3(245)) - 3ebf1703-8ccb-431f-b530-5c0bec173472: shutdown group-87EC798E8439
2019-08-20 18:28:17,897 [org.apache.ratis.server.impl.LogAppender$AppenderDaemon$$Lambda$487/598906950@ba58595] WARN  server.GrpcLogAppender (GrpcLogAppender.java:mayWait(143)) - GrpcLogAppender(b81439af-67f0-46d4-9ea9-2a1de01bfb7b->0330fd69-8ead-45d6-95d3-ef0ad53800cd): Wait interrupted by java.lang.InterruptedException
2019-08-20 18:28:17,897 [main] INFO  impl.PendingRequests (PendingRequests.java:sendNotLeaderResponses(202)) - b81439af-67f0-46d4-9ea9-2a1de01bfb7b-PendingRequests: sendNotLeaderResponses
2019-08-20 18:28:17,900 [ForkJoinPool.commonPool-worker-0] INFO  util.JmxRegister (JmxRegister.java:unregister(73)) - Successfully un-registered JMX Bean with object name Ratis:service=RaftServer,group=group-87EC798E8439,id=3ebf1703-8ccb-431f-b530-5c0bec173472
2019-08-20 18:28:17,903 [ForkJoinPool.commonPool-worker-0] INFO  impl.RoleInfo (RoleInfo.java:shutdownLeaderState(104)) - 3ebf1703-8ccb-431f-b530-5c0bec173472: shutdown LeaderState
2019-08-20 18:28:17,899 [EventQueue-StaleNodeForStaleNodeHandler] INFO  node.StaleNodeHandler (StaleNodeHandler.java:onMessage(58)) - Datanode b81439af-67f0-46d4-9ea9-2a1de01bfb7b{ip: 192.168.5.186, host: pr-hdds-1753-5g2nl-2460324467, networkLocation: /default-rack, certSerialId: null} moved to stale state. Finalizing its pipelines [PipelineID=5e117430-30c7-43f0-9499-3eb48b9ce895, PipelineID=614e5141-bdf3-4559-8dbb-f96715c59315]
2019-08-20 18:28:17,903 [ForkJoinPool.commonPool-worker-0] INFO  impl.PendingRequests (PendingRequests.java:sendNotLeaderResponses(202)) - 3ebf1703-8ccb-431f-b530-5c0bec173472-PendingRequests: sendNotLeaderResponses
2019-08-20 18:28:17,903 [StateMachineUpdater:b81439af-67f0-46d4-9ea9-2a1de01bfb7b:group-F96715C59315] INFO  ratis.ContainerStateMachine (ContainerStateMachine.java:takeSnapshot(284)) - group-F96715C59315: Taking a snapshot at:(t:1, i:14) file /workdir/hadoop-ozone/integration-test/target/test-dir/MiniOzoneClusterImpl-9a1dce89-8836-4893-b9ec-7edc085093e3/datanode-3/data/ratis/614e5141-bdf3-4559-8dbb-f96715c59315/sm/snapshot.1_14
2019-08-20 18:28:17,903 [main] INFO  impl.StateMachineUpdater (StateMachineUpdater.java:stopAndJoin(115)) - StateMachineUpdater:b81439af-67f0-46d4-9ea9-2a1de01bfb7b:group-F96715C59315: set stopIndex = 18
2019-08-20 18:28:17,904 [ForkJoinPool.commonPool-worker-0] INFO  impl.StateMachineUpdater (StateMachineUpdater.java:stopAndJoin(115)) - StateMachineUpdater:3ebf1703-8ccb-431f-b530-5c0bec173472:group-87EC798E8439: set stopIndex = 0
2019-08-20 18:28:17,904 [ForkJoinPool.commonPool-worker-0] INFO  impl.RaftServerImpl (ServerState.java:close(394)) - 3ebf1703-8ccb-431f-b530-5c0bec173472:group-87EC798E8439 closes. The last applied log index is 0
2019-08-20 18:28:17,903 [EventQueue-StaleNodeForStaleNodeHandler] INFO  pipeline.SCMPipelineManager (SCMPipelineManager.java:finalizeAndDestroyPipeline(309)) - destroying pipeline:Pipeline[ Id: 5e117430-30c7-43f0-9499-3eb48b9ce895, Nodes: b81439af-67f0-46d4-9ea9-2a1de01bfb7b{ip: 192.168.5.186, host: pr-hdds-1753-5g2nl-2460324467, networkLocation: /default-rack, certSerialId: null}, Type:RATIS, Factor:ONE, State:OPEN]
2019-08-20 18:28:17,905 [3ebf1703-8ccb-431f-b530-5c0bec173472-SegmentedRaftLogWorker:Storage Directory /workdir/hadoop-ozone/integration-test/target/test-dir/MiniOzoneClusterImpl-9a1dce89-8836-4893-b9ec-7edc085093e3/datanode-2/data/ratis/4b5b6a95-ace7-4030-9ff8-87ec798e8439] INFO  segmented.SegmentedRaftLogWorker (SegmentedRaftLogWorker.java:run(313)) - 3ebf1703-8ccb-431f-b530-5c0bec173472-SegmentedRaftLogWorker:Storage Directory /workdir/hadoop-ozone/integration-test/target/test-dir/MiniOzoneClusterImpl-9a1dce89-8836-4893-b9ec-7edc085093e3/datanode-2/data/ratis/4b5b6a95-ace7-4030-9ff8-87ec798e8439 was interrupted, exiting. There are 0 tasks remaining in the queue.
2019-08-20 18:28:17,905 [EventQueue-StaleNodeForStaleNodeHandler] INFO  pipeline.PipelineStateManager (PipelineStateManager.java:finalizePipeline(123)) - Pipeline Pipeline[ Id: 5e117430-30c7-43f0-9499-3eb48b9ce895, Nodes: b81439af-67f0-46d4-9ea9-2a1de01bfb7b{ip: 192.168.5.186, host: pr-hdds-1753-5g2nl-2460324467, networkLocation: /default-rack, certSerialId: null}, Type:RATIS, Factor:ONE, State:CLOSED] moved to CLOSED state
2019-08-20 18:28:17,907 [ForkJoinPool.commonPool-worker-0] INFO  segmented.SegmentedRaftLogWorker (SegmentedRaftLogWorker.java:close(228)) - 3ebf1703-8ccb-431f-b530-5c0bec173472-SegmentedRaftLogWorker:Storage Directory /workdir/hadoop-ozone/integration-test/target/test-dir/MiniOzoneClusterImpl-9a1dce89-8836-4893-b9ec-7edc085093e3/datanode-2/data/ratis/4b5b6a95-ace7-4030-9ff8-87ec798e8439 close()
2019-08-20 18:28:17,907 [EventQueue-StaleNodeForStaleNodeHandler] INFO  pipeline.SCMPipelineManager (SCMPipelineManager.java:finalizeAndDestroyPipeline(309)) - destroying pipeline:Pipeline[ Id: 614e5141-bdf3-4559-8dbb-f96715c59315, Nodes: b8907872-efa4-4493-acc5-388a2f6162ac{ip: 192.168.5.186, host: pr-hdds-1753-5g2nl-2460324467, networkLocation: /default-rack, certSerialId: null}b81439af-67f0-46d4-9ea9-2a1de01bfb7b{ip: 192.168.5.186, host: pr-hdds-1753-5g2nl-2460324467, networkLocation: /default-rack, certSerialId: null}0330fd69-8ead-45d6-95d3-ef0ad53800cd{ip: 192.168.5.186, host: pr-hdds-1753-5g2nl-2460324467, networkLocation: /default-rack, certSerialId: null}, Type:RATIS, Factor:THREE, State:CLOSED]
2019-08-20 18:28:17,910 [ForkJoinPool.commonPool-worker-0] INFO  impl.RaftServerImpl (RaftServerImpl.java:lambda$shutdown$3(245)) - 3ebf1703-8ccb-431f-b530-5c0bec173472: shutdown group-894662AAAA7C
2019-08-20 18:28:17,911 [ForkJoinPool.commonPool-worker-0] INFO  util.JmxRegister (JmxRegister.java:unregister(73)) - Successfully un-registered JMX Bean with object name Ratis:service=RaftServer,group=group-894662AAAA7C,id=3ebf1703-8ccb-431f-b530-5c0bec173472
2019-08-20 18:28:17,911 [ForkJoinPool.commonPool-worker-0] INFO  impl.RoleInfo (RoleInfo.java:shutdownFollowerState(121)) - 3ebf1703-8ccb-431f-b530-5c0bec173472: shutdown FollowerState
2019-08-20 18:28:17,911 [ForkJoinPool.commonPool-worker-0] INFO  impl.StateMachineUpdater (StateMachineUpdater.java:stopAndJoin(115)) - StateMachineUpdater:3ebf1703-8ccb-431f-b530-5c0bec173472:group-894662AAAA7C: set stopIndex = 15
2019-08-20 18:28:17,912 [Thread-3330] INFO  impl.FollowerState (FollowerState.java:run(114)) - 3ebf1703-8ccb-431f-b530-5c0bec173472: FollowerState was interrupted: java.lang.InterruptedException: sleep interrupted
2019-08-20 18:28:17,911 [StateMachineUpdater:3ebf1703-8ccb-431f-b530-5c0bec173472:group-894662AAAA7C] INFO  ratis.ContainerStateMachine (ContainerStateMachine.java:takeSnapshot(284)) - group-894662AAAA7C: Taking a snapshot at:(t:1, i:13) file /workdir/hadoop-ozone/integration-test/target/test-dir/MiniOzoneClusterImpl-9a1dce89-8836-4893-b9ec-7edc085093e3/datanode-2/data/ratis/c6296c2a-406d-4855-8ee5-894662aaaa7c/sm/snapshot.1_13
2019-08-20 18:28:17,917 [StateMachineUpdater:b81439af-67f0-46d4-9ea9-2a1de01bfb7b:group-F96715C59315] INFO  ratis.ContainerStateMachine (ContainerStateMachine.java:takeSnapshot(295)) - group-F96715C59315: Finished taking a snapshot at:(t:1, i:14) file:/workdir/hadoop-ozone/integration-test/target/test-dir/MiniOzoneClusterImpl-9a1dce89-8836-4893-b9ec-7edc085093e3/datanode-3/data/ratis/614e5141-bdf3-4559-8dbb-f96715c59315/sm/snapshot.1_14 time:14
2019-08-20 18:28:17,917 [StateMachineUpdater:b81439af-67f0-46d4-9ea9-2a1de01bfb7b:group-F96715C59315] INFO  impl.StateMachineUpdater (StateMachineUpdater.java:takeSnapshot(242)) - StateMachineUpdater:b81439af-67f0-46d4-9ea9-2a1de01bfb7b:group-F96715C59315: Took a snapshot at index 14
2019-08-20 18:28:17,917 [StateMachineUpdater:3ebf1703-8ccb-431f-b530-5c0bec173472:group-894662AAAA7C] INFO  ratis.ContainerStateMachine (ContainerStateMachine.java:takeSnapshot(295)) - group-894662AAAA7C: Finished taking a snapshot at:(t:1, i:13) file:/workdir/hadoop-ozone/integration-test/target/test-dir/MiniOzoneClusterImpl-9a1dce89-8836-4893-b9ec-7edc085093e3/datanode-2/data/ratis/c6296c2a-406d-4855-8ee5-894662aaaa7c/sm/snapshot.1_13 time:6
2019-08-20 18:28:17,918 [StateMachineUpdater:b81439af-67f0-46d4-9ea9-2a1de01bfb7b:group-F96715C59315] INFO  impl.StateMachineUpdater (StateMachineUpdater.java:lambda$new$0(80)) - StateMachineUpdater:b81439af-67f0-46d4-9ea9-2a1de01bfb7b:group-F96715C59315: snapshotIndex: updateIncreasingly -1 -> 14
2019-08-20 18:28:17,918 [StateMachineUpdater:3ebf1703-8ccb-431f-b530-5c0bec173472:group-894662AAAA7C] INFO  impl.StateMachineUpdater (StateMachineUpdater.java:takeSnapshot(242)) - StateMachineUpdater:3ebf1703-8ccb-431f-b530-5c0bec173472:group-894662AAAA7C: Took a snapshot at index 13
2019-08-20 18:28:17,918 [StateMachineUpdater:3ebf1703-8ccb-431f-b530-5c0bec173472:group-894662AAAA7C] INFO  impl.StateMachineUpdater (StateMachineUpdater.java:lambda$new$0(80)) - StateMachineUpdater:3ebf1703-8ccb-431f-b530-5c0bec173472:group-894662AAAA7C: snapshotIndex: updateIncreasingly -1 -> 13
2019-08-20 18:28:17,918 [main] INFO  impl.RaftServerImpl (ServerState.java:close(394)) - b81439af-67f0-46d4-9ea9-2a1de01bfb7b:group-F96715C59315 closes. The last applied log index is 18
2019-08-20 18:28:17,918 [ForkJoinPool.commonPool-worker-0] INFO  impl.RaftServerImpl (ServerState.java:close(394)) - 3ebf1703-8ccb-431f-b530-5c0bec173472:group-894662AAAA7C closes. The last applied log index is 15
2019-08-20 18:28:17,919 [b81439af-67f0-46d4-9ea9-2a1de01bfb7b-SegmentedRaftLogWorker:Storage Directory /workdir/hadoop-ozone/integration-test/target/test-dir/MiniOzoneClusterImpl-9a1dce89-8836-4893-b9ec-7edc085093e3/datanode-3/data/ratis/614e5141-bdf3-4559-8dbb-f96715c59315] INFO  segmented.SegmentedRaftLogWorker (SegmentedRaftLogWorker.java:run(313)) - b81439af-67f0-46d4-9ea9-2a1de01bfb7b-SegmentedRaftLogWorker:Storage Directory /workdir/hadoop-ozone/integration-test/target/test-dir/MiniOzoneClusterImpl-9a1dce89-8836-4893-b9ec-7edc085093e3/datanode-3/data/ratis/614e5141-bdf3-4559-8dbb-f96715c59315 was interrupted, exiting. There are 0 tasks remaining in the queue.
2019-08-20 18:28:17,921 [3ebf1703-8ccb-431f-b530-5c0bec173472-SegmentedRaftLogWorker:Storage Directory /workdir/hadoop-ozone/integration-test/target/test-dir/MiniOzoneClusterImpl-9a1dce89-8836-4893-b9ec-7edc085093e3/datanode-2/data/ratis/c6296c2a-406d-4855-8ee5-894662aaaa7c] INFO  segmented.SegmentedRaftLogWorker (SegmentedRaftLogWorker.java:run(313)) - 3ebf1703-8ccb-431f-b530-5c0bec173472-SegmentedRaftLogWorker:Storage Directory /workdir/hadoop-ozone/integration-test/target/test-dir/MiniOzoneClusterImpl-9a1dce89-8836-4893-b9ec-7edc085093e3/datanode-2/data/ratis/c6296c2a-406d-4855-8ee5-894662aaaa7c was interrupted, exiting. There are 0 tasks remaining in the queue.
2019-08-20 18:28:17,921 [main] INFO  segmented.SegmentedRaftLogWorker (SegmentedRaftLogWorker.java:close(228)) - b81439af-67f0-46d4-9ea9-2a1de01bfb7b-SegmentedRaftLogWorker:Storage Directory /workdir/hadoop-ozone/integration-test/target/test-dir/MiniOzoneClusterImpl-9a1dce89-8836-4893-b9ec-7edc085093e3/datanode-3/data/ratis/614e5141-bdf3-4559-8dbb-f96715c59315 close()
2019-08-20 18:28:17,923 [ForkJoinPool.commonPool-worker-0] INFO  segmented.SegmentedRaftLogWorker (SegmentedRaftLogWorker.java:close(228)) - 3ebf1703-8ccb-431f-b530-5c0bec173472-SegmentedRaftLogWorker:Storage Directory /workdir/hadoop-ozone/integration-test/target/test-dir/MiniOzoneClusterImpl-9a1dce89-8836-4893-b9ec-7edc085093e3/datanode-2/data/ratis/c6296c2a-406d-4855-8ee5-894662aaaa7c close()
2019-08-20 18:28:17,933 [main] INFO  server.GrpcService (GrpcService.java:closeImpl(155)) - b81439af-67f0-46d4-9ea9-2a1de01bfb7b: shutdown server with port 37071 now
2019-08-20 18:28:17,934 [ForkJoinPool.commonPool-worker-0] INFO  server.GrpcService (GrpcService.java:closeImpl(155)) - 3ebf1703-8ccb-431f-b530-5c0bec173472: shutdown server with port 46419 now
2019-08-20 18:28:17,935 [main] INFO  server.GrpcService (GrpcService.java:closeImpl(163)) - b81439af-67f0-46d4-9ea9-2a1de01bfb7b: shutdown server with port 37071 successfully
2019-08-20 18:28:17,935 [ForkJoinPool.commonPool-worker-0] INFO  server.GrpcService (GrpcService.java:closeImpl(163)) - 3ebf1703-8ccb-431f-b530-5c0bec173472: shutdown server with port 46419 successfully
2019-08-20 18:28:17,938 [main] INFO  utils.BackgroundService (BackgroundService.java:shutdown(148)) - Shutting down service BlockDeletingService
2019-08-20 18:28:17,939 [ForkJoinPool.commonPool-worker-0] INFO  utils.BackgroundService (BackgroundService.java:shutdown(148)) - Shutting down service BlockDeletingService
2019-08-20 18:28:17,946 [refreshUsed-/workdir/hadoop-ozone/integration-test/target/test-dir/MiniOzoneClusterImpl-9a1dce89-8836-4893-b9ec-7edc085093e3/datanode-2/data/containers] WARN  fs.CachingGetSpaceUsed (CachingGetSpaceUsed.java:run(183)) - Thread Interrupted waiting to refresh disk information: sleep interrupted
2019-08-20 18:28:17,946 [refreshUsed-/workdir/hadoop-ozone/integration-test/target/test-dir/MiniOzoneClusterImpl-9a1dce89-8836-4893-b9ec-7edc085093e3/datanode-3/data/containers] WARN  fs.CachingGetSpaceUsed (CachingGetSpaceUsed.java:run(183)) - Thread Interrupted waiting to refresh disk information: sleep interrupted
2019-08-20 18:28:17,962 [ForkJoinPool.commonPool-worker-0] INFO  statemachine.DatanodeStateMachine (DatanodeStateMachine.java:stopDaemon(395)) - Ozone container server stopped.
2019-08-20 18:28:17,967 [ForkJoinPool.commonPool-worker-0] INFO  handler.ContextHandler (ContextHandler.java:doStop(910)) - Stopped o.e.j.w.WebAppContext@7053b64b{/,null,UNAVAILABLE}{/hddsDatanode}
2019-08-20 18:28:17,968 [ForkJoinPool.commonPool-worker-0] INFO  server.AbstractConnector (AbstractConnector.java:doStop(318)) - Stopped ServerConnector@7f5b0926{HTTP/1.1,[http/1.1]}{0.0.0.0:0}
2019-08-20 18:28:17,969 [ForkJoinPool.commonPool-worker-0] INFO  handler.ContextHandler (ContextHandler.java:doStop(910)) - Stopped o.e.j.s.ServletContextHandler@7b06dce0{/static,jar:file:/home/user/.m2/repository/org/apache/hadoop/hadoop-hdds-container-service/0.5.0-SNAPSHOT/hadoop-hdds-container-service-0.5.0-SNAPSHOT.jar!/webapps/static,UNAVAILABLE}
2019-08-20 18:28:17,971 [ForkJoinPool.commonPool-worker-0] INFO  handler.ContextHandler (ContextHandler.java:doStop(910)) - Stopped o.e.j.s.ServletContextHandler@445adbd7{/logs,file:///workdir/hadoop-ozone/integration-test/target/log,UNAVAILABLE}
2019-08-20 18:28:17,972 [ForkJoinPool.commonPool-worker-0] INFO  datanode.ObjectStoreHandler (ObjectStoreHandler.java:close(155)) - Closing ObjectStoreHandler.
2019-08-20 18:28:17,972 [ForkJoinPool.commonPool-worker-0] INFO  ozone.HddsDatanodeService (HddsDatanodeService.java:stop(451)) - Stopped plug-in org.apache.hadoop.ozone.web.OzoneHddsDatanodeService@539570b8
2019-08-20 18:28:17,976 [main] INFO  statemachine.DatanodeStateMachine (DatanodeStateMachine.java:stopDaemon(395)) - Ozone container server stopped.
2019-08-20 18:28:17,977 [main] INFO  handler.ContextHandler (ContextHandler.java:doStop(910)) - Stopped o.e.j.w.WebAppContext@2f4c83f1{/,null,UNAVAILABLE}{/hddsDatanode}
2019-08-20 18:28:17,978 [main] INFO  server.AbstractConnector (AbstractConnector.java:doStop(318)) - Stopped ServerConnector@5a90ea5c{HTTP/1.1,[http/1.1]}{0.0.0.0:0}
2019-08-20 18:28:17,978 [main] INFO  handler.ContextHandler (ContextHandler.java:doStop(910)) - Stopped o.e.j.s.ServletContextHandler@5e3a577a{/static,jar:file:/home/user/.m2/repository/org/apache/hadoop/hadoop-hdds-container-service/0.5.0-SNAPSHOT/hadoop-hdds-container-service-0.5.0-SNAPSHOT.jar!/webapps/static,UNAVAILABLE}
2019-08-20 18:28:17,979 [main] INFO  handler.ContextHandler (ContextHandler.java:doStop(910)) - Stopped o.e.j.s.ServletContextHandler@53d3d604{/logs,file:///workdir/hadoop-ozone/integration-test/target/log,UNAVAILABLE}
2019-08-20 18:28:17,980 [main] INFO  datanode.ObjectStoreHandler (ObjectStoreHandler.java:close(155)) - Closing ObjectStoreHandler.
2019-08-20 18:28:17,980 [main] INFO  ozone.HddsDatanodeService (HddsDatanodeService.java:stop(451)) - Stopped plug-in org.apache.hadoop.ozone.web.OzoneHddsDatanodeService@538c90bf
2019-08-20 18:28:18,472 [Datanode State Machine Thread - 0] INFO  statemachine.DatanodeStateMachine (DatanodeStateMachine.java:lambda$startDaemon$0(350)) - Ozone container server started.
2019-08-20 18:28:18,589 [Datanode State Machine Thread - 0] INFO  statemachine.DatanodeStateMachine (DatanodeStateMachine.java:lambda$startDaemon$0(350)) - Ozone container server started.
2019-08-20 18:28:21,444 [Thread-3329] INFO  impl.FollowerState (FollowerState.java:run(106)) - 30a77774-759b-47e5-ab65-fec5a133fac9:group-894662AAAA7C changes to CANDIDATE, lastRpcTime:8675, electionTimeout:5121ms
2019-08-20 18:28:21,444 [Thread-3329] INFO  impl.RoleInfo (RoleInfo.java:shutdownFollowerState(121)) - 30a77774-759b-47e5-ab65-fec5a133fac9: shutdown FollowerState
2019-08-20 18:28:21,444 [Thread-3329] INFO  impl.RaftServerImpl (RaftServerImpl.java:setRole(171)) - 30a77774-759b-47e5-ab65-fec5a133fac9:group-894662AAAA7C changes role from FOLLOWER to CANDIDATE at term 1 for changeToCandidate
2019-08-20 18:28:21,444 [Thread-3329] INFO  impl.RoleInfo (RoleInfo.java:updateAndGet(143)) - 30a77774-759b-47e5-ab65-fec5a133fac9: start LeaderElection
2019-08-20 18:28:21,447 [30a77774-759b-47e5-ab65-fec5a133fac9:group-894662AAAA7C:LeaderElection59] INFO  impl.RaftServerImpl (ServerState.java:setLeader(263)) - 30a77774-759b-47e5-ab65-fec5a133fac9:group-894662AAAA7C change Leader from 75361d20-0014-4d84-b06d-e0cee43a4090 to null at term 1 for initElection
2019-08-20 18:28:21,461 [30a77774-759b-47e5-ab65-fec5a133fac9:group-894662AAAA7C:LeaderElection59] INFO  impl.LeaderElection (LeaderElection.java:askForVotes(181)) - 30a77774-759b-47e5-ab65-fec5a133fac9:group-894662AAAA7C:LeaderElection59: begin an election at term 2 for 0: [75361d20-0014-4d84-b06d-e0cee43a4090:192.168.5.186:45094, 30a77774-759b-47e5-ab65-fec5a133fac9:192.168.5.186:36538, 3ebf1703-8ccb-431f-b530-5c0bec173472:192.168.5.186:46419], old=null
2019-08-20 18:28:21,464 [30a77774-759b-47e5-ab65-fec5a133fac9:group-894662AAAA7C:LeaderElection59] INFO  impl.LeaderElection (LogUtils.java:infoOrTrace(149)) - 30a77774-759b-47e5-ab65-fec5a133fac9:group-894662AAAA7C:LeaderElection59 got exception when requesting votes: {}
java.util.concurrent.ExecutionException: org.apache.ratis.thirdparty.io.grpc.StatusRuntimeException: UNAVAILABLE: io exception
	at java.util.concurrent.FutureTask.report(FutureTask.java:122)
	at java.util.concurrent.FutureTask.get(FutureTask.java:192)
	at org.apache.ratis.server.impl.LeaderElection.waitForResults(LeaderElection.java:262)
	at org.apache.ratis.server.impl.LeaderElection.askForVotes(LeaderElection.java:200)
	at org.apache.ratis.server.impl.LeaderElection.run(LeaderElection.java:130)
	at java.lang.Thread.run(Thread.java:748)
Caused by: org.apache.ratis.thirdparty.io.grpc.StatusRuntimeException: UNAVAILABLE: io exception
	at org.apache.ratis.thirdparty.io.grpc.stub.ClientCalls.toStatusRuntimeException(ClientCalls.java:233)
	at org.apache.ratis.thirdparty.io.grpc.stub.ClientCalls.getUnchecked(ClientCalls.java:214)
	at org.apache.ratis.thirdparty.io.grpc.stub.ClientCalls.blockingUnaryCall(ClientCalls.java:139)
	at org.apache.ratis.proto.grpc.RaftServerProtocolServiceGrpc$RaftServerProtocolServiceBlockingStub.requestVote(RaftServerProtocolServiceGrpc.java:265)
	at org.apache.ratis.grpc.server.GrpcServerProtocolClient.requestVote(GrpcServerProtocolClient.java:83)
	at org.apache.ratis.grpc.server.GrpcService.requestVote(GrpcService.java:195)
	at org.apache.ratis.server.impl.LeaderElection.lambda$submitRequests$1(LeaderElection.java:237)
	at java.util.concurrent.FutureTask.run(FutureTask.java:266)
	at java.util.concurrent.Executors$RunnableAdapter.call(Executors.java:511)
	at java.util.concurrent.FutureTask.run(FutureTask.java:266)
	at java.util.concurrent.ThreadPoolExecutor.runWorker(ThreadPoolExecutor.java:1149)
	at java.util.concurrent.ThreadPoolExecutor$Worker.run(ThreadPoolExecutor.java:624)
	... 1 more
Caused by: org.apache.ratis.thirdparty.io.netty.channel.AbstractChannel$AnnotatedConnectException: Connection refused: /192.168.5.186:45094
	at sun.nio.ch.SocketChannelImpl.checkConnect(Native Method)
	at sun.nio.ch.SocketChannelImpl.finishConnect(SocketChannelImpl.java:717)
	at org.apache.ratis.thirdparty.io.netty.channel.socket.nio.NioSocketChannel.doFinishConnect(NioSocketChannel.java:327)
	at org.apache.ratis.thirdparty.io.netty.channel.nio.AbstractNioChannel$AbstractNioUnsafe.finishConnect(AbstractNioChannel.java:340)
	at org.apache.ratis.thirdparty.io.netty.channel.nio.NioEventLoop.processSelectedKey(NioEventLoop.java:632)
	at org.apache.ratis.thirdparty.io.netty.channel.nio.NioEventLoop.processSelectedKeysOptimized(NioEventLoop.java:579)
	at org.apache.ratis.thirdparty.io.netty.channel.nio.NioEventLoop.processSelectedKeys(NioEventLoop.java:496)
	at org.apache.ratis.thirdparty.io.netty.channel.nio.NioEventLoop.run(NioEventLoop.java:458)
	at org.apache.ratis.thirdparty.io.netty.util.concurrent.SingleThreadEventExecutor$5.run(SingleThreadEventExecutor.java:897)
	at org.apache.ratis.thirdparty.io.netty.util.concurrent.FastThreadLocalRunnable.run(FastThreadLocalRunnable.java:30)
	... 1 more
Caused by: java.net.ConnectException: Connection refused
	... 11 more
2019-08-20 18:28:21,465 [30a77774-759b-47e5-ab65-fec5a133fac9:group-894662AAAA7C:LeaderElection59] INFO  impl.LeaderElection (LogUtils.java:infoOrTrace(149)) - 30a77774-759b-47e5-ab65-fec5a133fac9:group-894662AAAA7C:LeaderElection59 got exception when requesting votes: {}
java.util.concurrent.ExecutionException: org.apache.ratis.thirdparty.io.grpc.StatusRuntimeException: UNAVAILABLE: io exception
	at java.util.concurrent.FutureTask.report(FutureTask.java:122)
	at java.util.concurrent.FutureTask.get(FutureTask.java:192)
	at org.apache.ratis.server.impl.LeaderElection.waitForResults(LeaderElection.java:262)
	at org.apache.ratis.server.impl.LeaderElection.askForVotes(LeaderElection.java:200)
	at org.apache.ratis.server.impl.LeaderElection.run(LeaderElection.java:130)
	at java.lang.Thread.run(Thread.java:748)
Caused by: org.apache.ratis.thirdparty.io.grpc.StatusRuntimeException: UNAVAILABLE: io exception
	at org.apache.ratis.thirdparty.io.grpc.stub.ClientCalls.toStatusRuntimeException(ClientCalls.java:233)
	at org.apache.ratis.thirdparty.io.grpc.stub.ClientCalls.getUnchecked(ClientCalls.java:214)
	at org.apache.ratis.thirdparty.io.grpc.stub.ClientCalls.blockingUnaryCall(ClientCalls.java:139)
	at org.apache.ratis.proto.grpc.RaftServerProtocolServiceGrpc$RaftServerProtocolServiceBlockingStub.requestVote(RaftServerProtocolServiceGrpc.java:265)
	at org.apache.ratis.grpc.server.GrpcServerProtocolClient.requestVote(GrpcServerProtocolClient.java:83)
	at org.apache.ratis.grpc.server.GrpcService.requestVote(GrpcService.java:195)
	at org.apache.ratis.server.impl.LeaderElection.lambda$submitRequests$1(LeaderElection.java:237)
	at java.util.concurrent.FutureTask.run(FutureTask.java:266)
	at java.util.concurrent.Executors$RunnableAdapter.call(Executors.java:511)
	at java.util.concurrent.FutureTask.run(FutureTask.java:266)
	at java.util.concurrent.ThreadPoolExecutor.runWorker(ThreadPoolExecutor.java:1149)
	at java.util.concurrent.ThreadPoolExecutor$Worker.run(ThreadPoolExecutor.java:624)
	... 1 more
Caused by: org.apache.ratis.thirdparty.io.netty.channel.AbstractChannel$AnnotatedConnectException: Connection refused: /192.168.5.186:46419
	at sun.nio.ch.SocketChannelImpl.checkConnect(Native Method)
	at sun.nio.ch.SocketChannelImpl.finishConnect(SocketChannelImpl.java:717)
	at org.apache.ratis.thirdparty.io.netty.channel.socket.nio.NioSocketChannel.doFinishConnect(NioSocketChannel.java:327)
	at org.apache.ratis.thirdparty.io.netty.channel.nio.AbstractNioChannel$AbstractNioUnsafe.finishConnect(AbstractNioChannel.java:340)
	at org.apache.ratis.thirdparty.io.netty.channel.nio.NioEventLoop.processSelectedKey(NioEventLoop.java:632)
	at org.apache.ratis.thirdparty.io.netty.channel.nio.NioEventLoop.processSelectedKeysOptimized(NioEventLoop.java:579)
	at org.apache.ratis.thirdparty.io.netty.channel.nio.NioEventLoop.processSelectedKeys(NioEventLoop.java:496)
	at org.apache.ratis.thirdparty.io.netty.channel.nio.NioEventLoop.run(NioEventLoop.java:458)
	at org.apache.ratis.thirdparty.io.netty.util.concurrent.SingleThreadEventExecutor$5.run(SingleThreadEventExecutor.java:897)
	at org.apache.ratis.thirdparty.io.netty.util.concurrent.FastThreadLocalRunnable.run(FastThreadLocalRunnable.java:30)
	... 1 more
Caused by: java.net.ConnectException: Connection refused
	... 11 more
2019-08-20 18:28:21,467 [30a77774-759b-47e5-ab65-fec5a133fac9:group-894662AAAA7C:LeaderElection59] INFO  impl.LeaderElection (LeaderElection.java:logAndReturn(56)) - 30a77774-759b-47e5-ab65-fec5a133fac9:group-894662AAAA7C:LeaderElection59: Election REJECTED; received 0 response(s) [] and 2 exception(s); 30a77774-759b-47e5-ab65-fec5a133fac9:t2, leader=null, voted=30a77774-759b-47e5-ab65-fec5a133fac9, raftlog=30a77774-759b-47e5-ab65-fec5a133fac9-SegmentedRaftLog:OPENED:c15,f15,i15, conf=0: [75361d20-0014-4d84-b06d-e0cee43a4090:192.168.5.186:45094, 30a77774-759b-47e5-ab65-fec5a133fac9:192.168.5.186:36538, 3ebf1703-8ccb-431f-b530-5c0bec173472:192.168.5.186:46419], old=null
2019-08-20 18:28:21,467 [30a77774-759b-47e5-ab65-fec5a133fac9:group-894662AAAA7C:LeaderElection59] INFO  impl.LeaderElection (LogUtils.java:infoOrTrace(149)) -   Exception 0: {}
java.util.concurrent.ExecutionException: org.apache.ratis.thirdparty.io.grpc.StatusRuntimeException: UNAVAILABLE: io exception
	at java.util.concurrent.FutureTask.report(FutureTask.java:122)
	at java.util.concurrent.FutureTask.get(FutureTask.java:192)
	at org.apache.ratis.server.impl.LeaderElection.waitForResults(LeaderElection.java:262)
	at org.apache.ratis.server.impl.LeaderElection.askForVotes(LeaderElection.java:200)
	at org.apache.ratis.server.impl.LeaderElection.run(LeaderElection.java:130)
	at java.lang.Thread.run(Thread.java:748)
Caused by: org.apache.ratis.thirdparty.io.grpc.StatusRuntimeException: UNAVAILABLE: io exception
	at org.apache.ratis.thirdparty.io.grpc.stub.ClientCalls.toStatusRuntimeException(ClientCalls.java:233)
	at org.apache.ratis.thirdparty.io.grpc.stub.ClientCalls.getUnchecked(ClientCalls.java:214)
	at org.apache.ratis.thirdparty.io.grpc.stub.ClientCalls.blockingUnaryCall(ClientCalls.java:139)
	at org.apache.ratis.proto.grpc.RaftServerProtocolServiceGrpc$RaftServerProtocolServiceBlockingStub.requestVote(RaftServerProtocolServiceGrpc.java:265)
	at org.apache.ratis.grpc.server.GrpcServerProtocolClient.requestVote(GrpcServerProtocolClient.java:83)
	at org.apache.ratis.grpc.server.GrpcService.requestVote(GrpcService.java:195)
	at org.apache.ratis.server.impl.LeaderElection.lambda$submitRequests$1(LeaderElection.java:237)
	at java.util.concurrent.FutureTask.run(FutureTask.java:266)
	at java.util.concurrent.Executors$RunnableAdapter.call(Executors.java:511)
	at java.util.concurrent.FutureTask.run(FutureTask.java:266)
	at java.util.concurrent.ThreadPoolExecutor.runWorker(ThreadPoolExecutor.java:1149)
	at java.util.concurrent.ThreadPoolExecutor$Worker.run(ThreadPoolExecutor.java:624)
	... 1 more
Caused by: org.apache.ratis.thirdparty.io.netty.channel.AbstractChannel$AnnotatedConnectException: Connection refused: /192.168.5.186:45094
	at sun.nio.ch.SocketChannelImpl.checkConnect(Native Method)
	at sun.nio.ch.SocketChannelImpl.finishConnect(SocketChannelImpl.java:717)
	at org.apache.ratis.thirdparty.io.netty.channel.socket.nio.NioSocketChannel.doFinishConnect(NioSocketChannel.java:327)
	at org.apache.ratis.thirdparty.io.netty.channel.nio.AbstractNioChannel$AbstractNioUnsafe.finishConnect(AbstractNioChannel.java:340)
	at org.apache.ratis.thirdparty.io.netty.channel.nio.NioEventLoop.processSelectedKey(NioEventLoop.java:632)
	at org.apache.ratis.thirdparty.io.netty.channel.nio.NioEventLoop.processSelectedKeysOptimized(NioEventLoop.java:579)
	at org.apache.ratis.thirdparty.io.netty.channel.nio.NioEventLoop.processSelectedKeys(NioEventLoop.java:496)
	at org.apache.ratis.thirdparty.io.netty.channel.nio.NioEventLoop.run(NioEventLoop.java:458)
	at org.apache.ratis.thirdparty.io.netty.util.concurrent.SingleThreadEventExecutor$5.run(SingleThreadEventExecutor.java:897)
	at org.apache.ratis.thirdparty.io.netty.util.concurrent.FastThreadLocalRunnable.run(FastThreadLocalRunnable.java:30)
	... 1 more
Caused by: java.net.ConnectException: Connection refused
	... 11 more
2019-08-20 18:28:21,467 [30a77774-759b-47e5-ab65-fec5a133fac9:group-894662AAAA7C:LeaderElection59] INFO  impl.LeaderElection (LogUtils.java:infoOrTrace(149)) -   Exception 1: {}
java.util.concurrent.ExecutionException: org.apache.ratis.thirdparty.io.grpc.StatusRuntimeException: UNAVAILABLE: io exception
	at java.util.concurrent.FutureTask.report(FutureTask.java:122)
	at java.util.concurrent.FutureTask.get(FutureTask.java:192)
	at org.apache.ratis.server.impl.LeaderElection.waitForResults(LeaderElection.java:262)
	at org.apache.ratis.server.impl.LeaderElection.askForVotes(LeaderElection.java:200)
	at org.apache.ratis.server.impl.LeaderElection.run(LeaderElection.java:130)
	at java.lang.Thread.run(Thread.java:748)
Caused by: org.apache.ratis.thirdparty.io.grpc.StatusRuntimeException: UNAVAILABLE: io exception
	at org.apache.ratis.thirdparty.io.grpc.stub.ClientCalls.toStatusRuntimeException(ClientCalls.java:233)
	at org.apache.ratis.thirdparty.io.grpc.stub.ClientCalls.getUnchecked(ClientCalls.java:214)
	at org.apache.ratis.thirdparty.io.grpc.stub.ClientCalls.blockingUnaryCall(ClientCalls.java:139)
	at org.apache.ratis.proto.grpc.RaftServerProtocolServiceGrpc$RaftServerProtocolServiceBlockingStub.requestVote(RaftServerProtocolServiceGrpc.java:265)
	at org.apache.ratis.grpc.server.GrpcServerProtocolClient.requestVote(GrpcServerProtocolClient.java:83)
	at org.apache.ratis.grpc.server.GrpcService.requestVote(GrpcService.java:195)
	at org.apache.ratis.server.impl.LeaderElection.lambda$submitRequests$1(LeaderElection.java:237)
	at java.util.concurrent.FutureTask.run(FutureTask.java:266)
	at java.util.concurrent.Executors$RunnableAdapter.call(Executors.java:511)
	at java.util.concurrent.FutureTask.run(FutureTask.java:266)
	at java.util.concurrent.ThreadPoolExecutor.runWorker(ThreadPoolExecutor.java:1149)
	at java.util.concurrent.ThreadPoolExecutor$Worker.run(ThreadPoolExecutor.java:624)
	... 1 more
Caused by: org.apache.ratis.thirdparty.io.netty.channel.AbstractChannel$AnnotatedConnectException: Connection refused: /192.168.5.186:46419
	at sun.nio.ch.SocketChannelImpl.checkConnect(Native Method)
	at sun.nio.ch.SocketChannelImpl.finishConnect(SocketChannelImpl.java:717)
	at org.apache.ratis.thirdparty.io.netty.channel.socket.nio.NioSocketChannel.doFinishConnect(NioSocketChannel.java:327)
	at org.apache.ratis.thirdparty.io.netty.channel.nio.AbstractNioChannel$AbstractNioUnsafe.finishConnect(AbstractNioChannel.java:340)
	at org.apache.ratis.thirdparty.io.netty.channel.nio.NioEventLoop.processSelectedKey(NioEventLoop.java:632)
	at org.apache.ratis.thirdparty.io.netty.channel.nio.NioEventLoop.processSelectedKeysOptimized(NioEventLoop.java:579)
	at org.apache.ratis.thirdparty.io.netty.channel.nio.NioEventLoop.processSelectedKeys(NioEventLoop.java:496)
	at org.apache.ratis.thirdparty.io.netty.channel.nio.NioEventLoop.run(NioEventLoop.java:458)
	at org.apache.ratis.thirdparty.io.netty.util.concurrent.SingleThreadEventExecutor$5.run(SingleThreadEventExecutor.java:897)
	at org.apache.ratis.thirdparty.io.netty.util.concurrent.FastThreadLocalRunnable.run(FastThreadLocalRunnable.java:30)
	... 1 more
Caused by: java.net.ConnectException: Connection refused
	... 11 more
2019-08-20 18:28:21,468 [30a77774-759b-47e5-ab65-fec5a133fac9:group-894662AAAA7C:LeaderElection59] INFO  impl.RaftServerImpl (RaftServerImpl.java:setRole(171)) - 30a77774-759b-47e5-ab65-fec5a133fac9:group-894662AAAA7C changes role from CANDIDATE to FOLLOWER at term 2 for DISCOVERED_A_NEW_TERM
2019-08-20 18:28:21,469 [30a77774-759b-47e5-ab65-fec5a133fac9:group-894662AAAA7C:LeaderElection59] INFO  impl.RoleInfo (RoleInfo.java:shutdownLeaderElection(134)) - 30a77774-759b-47e5-ab65-fec5a133fac9: shutdown LeaderElection
2019-08-20 18:28:21,469 [30a77774-759b-47e5-ab65-fec5a133fac9:group-894662AAAA7C:LeaderElection59] INFO  impl.RoleInfo (RoleInfo.java:updateAndGet(143)) - 30a77774-759b-47e5-ab65-fec5a133fac9: start FollowerState
2019-08-20 18:28:22,505 [EventQueue-StaleNodeForStaleNodeHandler] INFO  node.StaleNodeHandler (StaleNodeHandler.java:onMessage(58)) - Datanode 410b0fde-0c93-4dd6-a3fa-75ce07d6351d{ip: 192.168.5.186, host: pr-hdds-1753-5g2nl-2460324467, networkLocation: /default-rack, certSerialId: null} moved to stale state. Finalizing its pipelines [PipelineID=97b45f47-e1a6-42be-9c39-52275c6884bf]
2019-08-20 18:28:22,506 [EventQueue-StaleNodeForStaleNodeHandler] INFO  pipeline.SCMPipelineManager (SCMPipelineManager.java:finalizeAndDestroyPipeline(309)) - destroying pipeline:Pipeline[ Id: 97b45f47-e1a6-42be-9c39-52275c6884bf, Nodes: 410b0fde-0c93-4dd6-a3fa-75ce07d6351d{ip: 192.168.5.186, host: pr-hdds-1753-5g2nl-2460324467, networkLocation: /default-rack, certSerialId: null}, Type:RATIS, Factor:ONE, State:OPEN]
2019-08-20 18:28:22,506 [EventQueue-StaleNodeForStaleNodeHandler] INFO  pipeline.PipelineStateManager (PipelineStateManager.java:finalizePipeline(123)) - Pipeline Pipeline[ Id: 97b45f47-e1a6-42be-9c39-52275c6884bf, Nodes: 410b0fde-0c93-4dd6-a3fa-75ce07d6351d{ip: 192.168.5.186, host: pr-hdds-1753-5g2nl-2460324467, networkLocation: /default-rack, certSerialId: null}, Type:RATIS, Factor:ONE, State:CLOSED] moved to CLOSED state
2019-08-20 18:28:22,606 [EventQueue-StaleNodeForStaleNodeHandler] INFO  node.StaleNodeHandler (StaleNodeHandler.java:onMessage(58)) - Datanode 30a77774-759b-47e5-ab65-fec5a133fac9{ip: 192.168.5.186, host: pr-hdds-1753-5g2nl-2460324467, networkLocation: /default-rack, certSerialId: null} moved to stale state. Finalizing its pipelines [PipelineID=79bb5a73-6dca-4db7-8a0e-a3f8a05e2983, PipelineID=c6296c2a-406d-4855-8ee5-894662aaaa7c]
2019-08-20 18:28:22,606 [EventQueue-StaleNodeForStaleNodeHandler] INFO  pipeline.SCMPipelineManager (SCMPipelineManager.java:finalizeAndDestroyPipeline(309)) - destroying pipeline:Pipeline[ Id: 79bb5a73-6dca-4db7-8a0e-a3f8a05e2983, Nodes: 30a77774-759b-47e5-ab65-fec5a133fac9{ip: 192.168.5.186, host: pr-hdds-1753-5g2nl-2460324467, networkLocation: /default-rack, certSerialId: null}, Type:RATIS, Factor:ONE, State:OPEN]
2019-08-20 18:28:22,606 [EventQueue-StaleNodeForStaleNodeHandler] INFO  pipeline.PipelineStateManager (PipelineStateManager.java:finalizePipeline(123)) - Pipeline Pipeline[ Id: 79bb5a73-6dca-4db7-8a0e-a3f8a05e2983, Nodes: 30a77774-759b-47e5-ab65-fec5a133fac9{ip: 192.168.5.186, host: pr-hdds-1753-5g2nl-2460324467, networkLocation: /default-rack, certSerialId: null}, Type:RATIS, Factor:ONE, State:CLOSED] moved to CLOSED state
2019-08-20 18:28:22,606 [EventQueue-StaleNodeForStaleNodeHandler] INFO  pipeline.SCMPipelineManager (SCMPipelineManager.java:finalizeAndDestroyPipeline(309)) - destroying pipeline:Pipeline[ Id: c6296c2a-406d-4855-8ee5-894662aaaa7c, Nodes: 3ebf1703-8ccb-431f-b530-5c0bec173472{ip: 192.168.5.186, host: pr-hdds-1753-5g2nl-2460324467, networkLocation: /default-rack, certSerialId: null}30a77774-759b-47e5-ab65-fec5a133fac9{ip: 192.168.5.186, host: pr-hdds-1753-5g2nl-2460324467, networkLocation: /default-rack, certSerialId: null}75361d20-0014-4d84-b06d-e0cee43a4090{ip: 192.168.5.186, host: pr-hdds-1753-5g2nl-2460324467, networkLocation: /default-rack, certSerialId: null}, Type:RATIS, Factor:THREE, State:CLOSED]
2019-08-20 18:28:22,973 [ForkJoinPool.commonPool-worker-0] INFO  ozoneimpl.OzoneContainer (OzoneContainer.java:stop(199)) - Attempting to stop container services.
2019-08-20 18:28:22,973 [ForkJoinPool.commonPool-worker-0] INFO  impl.RaftServerProxy (RaftServerProxy.java:lambda$close$4(314)) - 30a77774-759b-47e5-ab65-fec5a133fac9: close
2019-08-20 18:28:22,973 [ForkJoinPool.commonPool-worker-0] INFO  impl.RaftServerImpl (RaftServerImpl.java:lambda$shutdown$3(245)) - 30a77774-759b-47e5-ab65-fec5a133fac9: shutdown group-A3F8A05E2983
2019-08-20 18:28:22,974 [ForkJoinPool.commonPool-worker-0] INFO  util.JmxRegister (JmxRegister.java:unregister(73)) - Successfully un-registered JMX Bean with object name Ratis:service=RaftServer,group=group-A3F8A05E2983,id=30a77774-759b-47e5-ab65-fec5a133fac9
2019-08-20 18:28:22,974 [ForkJoinPool.commonPool-worker-0] INFO  impl.RoleInfo (RoleInfo.java:shutdownLeaderState(104)) - 30a77774-759b-47e5-ab65-fec5a133fac9: shutdown LeaderState
2019-08-20 18:28:22,974 [ForkJoinPool.commonPool-worker-0] INFO  impl.PendingRequests (PendingRequests.java:sendNotLeaderResponses(202)) - 30a77774-759b-47e5-ab65-fec5a133fac9-PendingRequests: sendNotLeaderResponses
2019-08-20 18:28:22,974 [ForkJoinPool.commonPool-worker-0] INFO  impl.StateMachineUpdater (StateMachineUpdater.java:stopAndJoin(115)) - StateMachineUpdater:30a77774-759b-47e5-ab65-fec5a133fac9:group-A3F8A05E2983: set stopIndex = 0
2019-08-20 18:28:22,974 [ForkJoinPool.commonPool-worker-0] INFO  impl.RaftServerImpl (ServerState.java:close(394)) - 30a77774-759b-47e5-ab65-fec5a133fac9:group-A3F8A05E2983 closes. The last applied log index is 0
2019-08-20 18:28:22,975 [30a77774-759b-47e5-ab65-fec5a133fac9-SegmentedRaftLogWorker:Storage Directory /workdir/hadoop-ozone/integration-test/target/test-dir/MiniOzoneClusterImpl-9a1dce89-8836-4893-b9ec-7edc085093e3/datanode-0/data/ratis/79bb5a73-6dca-4db7-8a0e-a3f8a05e2983] INFO  segmented.SegmentedRaftLogWorker (SegmentedRaftLogWorker.java:run(313)) - 30a77774-759b-47e5-ab65-fec5a133fac9-SegmentedRaftLogWorker:Storage Directory /workdir/hadoop-ozone/integration-test/target/test-dir/MiniOzoneClusterImpl-9a1dce89-8836-4893-b9ec-7edc085093e3/datanode-0/data/ratis/79bb5a73-6dca-4db7-8a0e-a3f8a05e2983 was interrupted, exiting. There are 0 tasks remaining in the queue.
2019-08-20 18:28:22,975 [ForkJoinPool.commonPool-worker-0] INFO  segmented.SegmentedRaftLogWorker (SegmentedRaftLogWorker.java:close(228)) - 30a77774-759b-47e5-ab65-fec5a133fac9-SegmentedRaftLogWorker:Storage Directory /workdir/hadoop-ozone/integration-test/target/test-dir/MiniOzoneClusterImpl-9a1dce89-8836-4893-b9ec-7edc085093e3/datanode-0/data/ratis/79bb5a73-6dca-4db7-8a0e-a3f8a05e2983 close()
2019-08-20 18:28:22,977 [ForkJoinPool.commonPool-worker-0] INFO  impl.RaftServerImpl (RaftServerImpl.java:lambda$shutdown$3(245)) - 30a77774-759b-47e5-ab65-fec5a133fac9: shutdown group-894662AAAA7C
2019-08-20 18:28:22,977 [ForkJoinPool.commonPool-worker-0] INFO  util.JmxRegister (JmxRegister.java:unregister(73)) - Successfully un-registered JMX Bean with object name Ratis:service=RaftServer,group=group-894662AAAA7C,id=30a77774-759b-47e5-ab65-fec5a133fac9
2019-08-20 18:28:22,977 [ForkJoinPool.commonPool-worker-0] INFO  impl.RoleInfo (RoleInfo.java:shutdownFollowerState(121)) - 30a77774-759b-47e5-ab65-fec5a133fac9: shutdown FollowerState
2019-08-20 18:28:22,977 [ForkJoinPool.commonPool-worker-0] INFO  impl.StateMachineUpdater (StateMachineUpdater.java:stopAndJoin(115)) - StateMachineUpdater:30a77774-759b-47e5-ab65-fec5a133fac9:group-894662AAAA7C: set stopIndex = 15
2019-08-20 18:28:22,977 [StateMachineUpdater:30a77774-759b-47e5-ab65-fec5a133fac9:group-894662AAAA7C] INFO  ratis.ContainerStateMachine (ContainerStateMachine.java:takeSnapshot(284)) - group-894662AAAA7C: Taking a snapshot at:(t:1, i:13) file /workdir/hadoop-ozone/integration-test/target/test-dir/MiniOzoneClusterImpl-9a1dce89-8836-4893-b9ec-7edc085093e3/datanode-0/data/ratis/c6296c2a-406d-4855-8ee5-894662aaaa7c/sm/snapshot.1_13
2019-08-20 18:28:22,977 [Thread-3567] INFO  impl.FollowerState (FollowerState.java:run(114)) - 30a77774-759b-47e5-ab65-fec5a133fac9: FollowerState was interrupted: java.lang.InterruptedException: sleep interrupted
2019-08-20 18:28:22,981 [main] INFO  ozoneimpl.OzoneContainer (OzoneContainer.java:stop(199)) - Attempting to stop container services.
2019-08-20 18:28:22,982 [main] INFO  impl.RaftServerProxy (RaftServerProxy.java:lambda$close$4(314)) - 410b0fde-0c93-4dd6-a3fa-75ce07d6351d: close
2019-08-20 18:28:22,982 [main] INFO  impl.RaftServerImpl (RaftServerImpl.java:lambda$shutdown$3(245)) - 410b0fde-0c93-4dd6-a3fa-75ce07d6351d: shutdown group-52275C6884BF
2019-08-20 18:28:22,982 [main] INFO  util.JmxRegister (JmxRegister.java:unregister(73)) - Successfully un-registered JMX Bean with object name Ratis:service=RaftServer,group=group-52275C6884BF,id=410b0fde-0c93-4dd6-a3fa-75ce07d6351d
2019-08-20 18:28:22,982 [main] INFO  impl.RoleInfo (RoleInfo.java:shutdownLeaderState(104)) - 410b0fde-0c93-4dd6-a3fa-75ce07d6351d: shutdown LeaderState
2019-08-20 18:28:22,983 [main] INFO  impl.PendingRequests (PendingRequests.java:sendNotLeaderResponses(202)) - 410b0fde-0c93-4dd6-a3fa-75ce07d6351d-PendingRequests: sendNotLeaderResponses
2019-08-20 18:28:22,983 [main] INFO  impl.StateMachineUpdater (StateMachineUpdater.java:stopAndJoin(115)) - StateMachineUpdater:410b0fde-0c93-4dd6-a3fa-75ce07d6351d:group-52275C6884BF: set stopIndex = 0
2019-08-20 18:28:22,983 [main] INFO  impl.RaftServerImpl (ServerState.java:close(394)) - 410b0fde-0c93-4dd6-a3fa-75ce07d6351d:group-52275C6884BF closes. The last applied log index is 0
2019-08-20 18:28:22,983 [410b0fde-0c93-4dd6-a3fa-75ce07d6351d-SegmentedRaftLogWorker:Storage Directory /workdir/hadoop-ozone/integration-test/target/test-dir/MiniOzoneClusterImpl-9a1dce89-8836-4893-b9ec-7edc085093e3/datanode-6/data/ratis/97b45f47-e1a6-42be-9c39-52275c6884bf] INFO  segmented.SegmentedRaftLogWorker (SegmentedRaftLogWorker.java:run(313)) - 410b0fde-0c93-4dd6-a3fa-75ce07d6351d-SegmentedRaftLogWorker:Storage Directory /workdir/hadoop-ozone/integration-test/target/test-dir/MiniOzoneClusterImpl-9a1dce89-8836-4893-b9ec-7edc085093e3/datanode-6/data/ratis/97b45f47-e1a6-42be-9c39-52275c6884bf was interrupted, exiting. There are 0 tasks remaining in the queue.
2019-08-20 18:28:22,984 [main] INFO  segmented.SegmentedRaftLogWorker (SegmentedRaftLogWorker.java:close(228)) - 410b0fde-0c93-4dd6-a3fa-75ce07d6351d-SegmentedRaftLogWorker:Storage Directory /workdir/hadoop-ozone/integration-test/target/test-dir/MiniOzoneClusterImpl-9a1dce89-8836-4893-b9ec-7edc085093e3/datanode-6/data/ratis/97b45f47-e1a6-42be-9c39-52275c6884bf close()
2019-08-20 18:28:22,985 [main] INFO  server.GrpcService (GrpcService.java:closeImpl(155)) - 410b0fde-0c93-4dd6-a3fa-75ce07d6351d: shutdown server with port 43029 now
2019-08-20 18:28:22,990 [main] INFO  server.GrpcService (GrpcService.java:closeImpl(163)) - 410b0fde-0c93-4dd6-a3fa-75ce07d6351d: shutdown server with port 43029 successfully
2019-08-20 18:28:22,991 [main] INFO  utils.BackgroundService (BackgroundService.java:shutdown(148)) - Shutting down service BlockDeletingService
2019-08-20 18:28:22,993 [StateMachineUpdater:30a77774-759b-47e5-ab65-fec5a133fac9:group-894662AAAA7C] INFO  ratis.ContainerStateMachine (ContainerStateMachine.java:takeSnapshot(295)) - group-894662AAAA7C: Finished taking a snapshot at:(t:1, i:13) file:/workdir/hadoop-ozone/integration-test/target/test-dir/MiniOzoneClusterImpl-9a1dce89-8836-4893-b9ec-7edc085093e3/datanode-0/data/ratis/c6296c2a-406d-4855-8ee5-894662aaaa7c/sm/snapshot.1_13 time:16
2019-08-20 18:28:22,993 [StateMachineUpdater:30a77774-759b-47e5-ab65-fec5a133fac9:group-894662AAAA7C] INFO  impl.StateMachineUpdater (StateMachineUpdater.java:takeSnapshot(242)) - StateMachineUpdater:30a77774-759b-47e5-ab65-fec5a133fac9:group-894662AAAA7C: Took a snapshot at index 13
2019-08-20 18:28:22,993 [StateMachineUpdater:30a77774-759b-47e5-ab65-fec5a133fac9:group-894662AAAA7C] INFO  impl.StateMachineUpdater (StateMachineUpdater.java:lambda$new$0(80)) - StateMachineUpdater:30a77774-759b-47e5-ab65-fec5a133fac9:group-894662AAAA7C: snapshotIndex: updateIncreasingly -1 -> 13
2019-08-20 18:28:22,993 [refreshUsed-/workdir/hadoop-ozone/integration-test/target/test-dir/MiniOzoneClusterImpl-9a1dce89-8836-4893-b9ec-7edc085093e3/datanode-6/data/containers] WARN  fs.CachingGetSpaceUsed (CachingGetSpaceUsed.java:run(183)) - Thread Interrupted waiting to refresh disk information: sleep interrupted
2019-08-20 18:28:22,994 [ForkJoinPool.commonPool-worker-0] INFO  impl.RaftServerImpl (ServerState.java:close(394)) - 30a77774-759b-47e5-ab65-fec5a133fac9:group-894662AAAA7C closes. The last applied log index is 15
2019-08-20 18:28:22,994 [30a77774-759b-47e5-ab65-fec5a133fac9-SegmentedRaftLogWorker:Storage Directory /workdir/hadoop-ozone/integration-test/target/test-dir/MiniOzoneClusterImpl-9a1dce89-8836-4893-b9ec-7edc085093e3/datanode-0/data/ratis/c6296c2a-406d-4855-8ee5-894662aaaa7c] INFO  segmented.SegmentedRaftLogWorker (SegmentedRaftLogWorker.java:run(313)) - 30a77774-759b-47e5-ab65-fec5a133fac9-SegmentedRaftLogWorker:Storage Directory /workdir/hadoop-ozone/integration-test/target/test-dir/MiniOzoneClusterImpl-9a1dce89-8836-4893-b9ec-7edc085093e3/datanode-0/data/ratis/c6296c2a-406d-4855-8ee5-894662aaaa7c was interrupted, exiting. There are 0 tasks remaining in the queue.
2019-08-20 18:28:22,996 [ForkJoinPool.commonPool-worker-0] INFO  segmented.SegmentedRaftLogWorker (SegmentedRaftLogWorker.java:close(228)) - 30a77774-759b-47e5-ab65-fec5a133fac9-SegmentedRaftLogWorker:Storage Directory /workdir/hadoop-ozone/integration-test/target/test-dir/MiniOzoneClusterImpl-9a1dce89-8836-4893-b9ec-7edc085093e3/datanode-0/data/ratis/c6296c2a-406d-4855-8ee5-894662aaaa7c close()
2019-08-20 18:28:22,997 [ForkJoinPool.commonPool-worker-0] INFO  server.GrpcService (GrpcService.java:closeImpl(155)) - 30a77774-759b-47e5-ab65-fec5a133fac9: shutdown server with port 36538 now
2019-08-20 18:28:22,997 [ForkJoinPool.commonPool-worker-0] INFO  server.GrpcService (GrpcService.java:closeImpl(163)) - 30a77774-759b-47e5-ab65-fec5a133fac9: shutdown server with port 36538 successfully
2019-08-20 18:28:22,999 [ForkJoinPool.commonPool-worker-0] INFO  utils.BackgroundService (BackgroundService.java:shutdown(148)) - Shutting down service BlockDeletingService
2019-08-20 18:28:23,002 [refreshUsed-/workdir/hadoop-ozone/integration-test/target/test-dir/MiniOzoneClusterImpl-9a1dce89-8836-4893-b9ec-7edc085093e3/datanode-0/data/containers] WARN  fs.CachingGetSpaceUsed (CachingGetSpaceUsed.java:run(183)) - Thread Interrupted waiting to refresh disk information: sleep interrupted
2019-08-20 18:28:23,010 [main] INFO  statemachine.DatanodeStateMachine (DatanodeStateMachine.java:stopDaemon(395)) - Ozone container server stopped.
2019-08-20 18:28:23,011 [main] INFO  handler.ContextHandler (ContextHandler.java:doStop(910)) - Stopped o.e.j.w.WebAppContext@2c6c6b7b{/,null,UNAVAILABLE}{/hddsDatanode}
2019-08-20 18:28:23,012 [main] INFO  server.AbstractConnector (AbstractConnector.java:doStop(318)) - Stopped ServerConnector@f714749{HTTP/1.1,[http/1.1]}{0.0.0.0:0}
2019-08-20 18:28:23,012 [main] INFO  handler.ContextHandler (ContextHandler.java:doStop(910)) - Stopped o.e.j.s.ServletContextHandler@24e6bd00{/static,jar:file:/home/user/.m2/repository/org/apache/hadoop/hadoop-hdds-container-service/0.5.0-SNAPSHOT/hadoop-hdds-container-service-0.5.0-SNAPSHOT.jar!/webapps/static,UNAVAILABLE}
2019-08-20 18:28:23,013 [main] INFO  handler.ContextHandler (ContextHandler.java:doStop(910)) - Stopped o.e.j.s.ServletContextHandler@3a89f2a0{/logs,file:///workdir/hadoop-ozone/integration-test/target/log,UNAVAILABLE}
2019-08-20 18:28:23,016 [ForkJoinPool.commonPool-worker-0] INFO  statemachine.DatanodeStateMachine (DatanodeStateMachine.java:stopDaemon(395)) - Ozone container server stopped.
2019-08-20 18:28:23,019 [ForkJoinPool.commonPool-worker-0] INFO  handler.ContextHandler (ContextHandler.java:doStop(910)) - Stopped o.e.j.w.WebAppContext@7e584f3c{/,null,UNAVAILABLE}{/hddsDatanode}
2019-08-20 18:28:23,020 [ForkJoinPool.commonPool-worker-0] INFO  server.AbstractConnector (AbstractConnector.java:doStop(318)) - Stopped ServerConnector@5f113867{HTTP/1.1,[http/1.1]}{0.0.0.0:0}
2019-08-20 18:28:23,021 [ForkJoinPool.commonPool-worker-0] INFO  handler.ContextHandler (ContextHandler.java:doStop(910)) - Stopped o.e.j.s.ServletContextHandler@3f54fabc{/static,jar:file:/home/user/.m2/repository/org/apache/hadoop/hadoop-hdds-container-service/0.5.0-SNAPSHOT/hadoop-hdds-container-service-0.5.0-SNAPSHOT.jar!/webapps/static,UNAVAILABLE}
2019-08-20 18:28:23,022 [ForkJoinPool.commonPool-worker-0] INFO  handler.ContextHandler (ContextHandler.java:doStop(910)) - Stopped o.e.j.s.ServletContextHandler@a6fc2e1{/logs,file:///workdir/hadoop-ozone/integration-test/target/log,UNAVAILABLE}
2019-08-20 18:28:23,023 [main] INFO  ozone.MiniOzoneClusterImpl (MiniOzoneClusterImpl.java:stop(353)) - Stopping the StorageContainerManager
2019-08-20 18:28:23,023 [main] INFO  server.StorageContainerManager (StorageContainerManager.java:stop(797)) - Stopping Replication Manager Service.
2019-08-20 18:28:23,023 [main] INFO  container.ReplicationManager (ReplicationManager.java:stop(193)) - Stopping Replication Monitor Thread.
2019-08-20 18:28:23,024 [main] INFO  server.StorageContainerManager (StorageContainerManager.java:stop(804)) - Stopping Lease Manager of the command watchers
2019-08-20 18:28:23,024 [main] INFO  server.StorageContainerManager (StorageContainerManager.java:stop(811)) - Stopping datanode service RPC server
2019-08-20 18:28:23,024 [main] INFO  server.SCMDatanodeProtocolServer (SCMDatanodeProtocolServer.java:stop(367)) - Stopping the RPC server for DataNodes
2019-08-20 18:28:23,024 [main] INFO  ipc.Server (Server.java:stop(3082)) - Stopping server on 42371
2019-08-20 18:28:23,026 [IPC Server listener on 42371] INFO  ipc.Server (Server.java:run(1185)) - Stopping IPC Server listener on 42371
2019-08-20 18:28:23,027 [IPC Server Responder] INFO  ipc.Server (Server.java:run(1319)) - Stopping IPC Server Responder
2019-08-20 18:28:23,106 [SCM Heartbeat Processing Thread - 0] WARN  node.NodeStateManager (NodeStateManager.java:scheduleNextHealthCheck(646)) - Current Thread is interrupted, shutting down HB processing thread for Node Manager.
2019-08-20 18:28:23,106 [main] INFO  server.StorageContainerManager (StorageContainerManager.java:stop(819)) - Stopping block service RPC server
2019-08-20 18:28:23,107 [main] INFO  server.SCMBlockProtocolServer (SCMBlockProtocolServer.java:stop(148)) - Stopping the RPC server for Block Protocol
2019-08-20 18:28:23,107 [main] INFO  ipc.Server (Server.java:stop(3082)) - Stopping server on 40035
2019-08-20 18:28:23,109 [IPC Server listener on 40035] INFO  ipc.Server (Server.java:run(1185)) - Stopping IPC Server listener on 40035
2019-08-20 18:28:23,109 [main] INFO  server.StorageContainerManager (StorageContainerManager.java:stop(826)) - Stopping the StorageContainerLocationProtocol RPC server
2019-08-20 18:28:23,109 [main] INFO  server.SCMClientProtocolServer (SCMClientProtocolServer.java:stop(159)) - Stopping the RPC server for Client Protocol
2019-08-20 18:28:23,110 [main] INFO  ipc.Server (Server.java:stop(3082)) - Stopping server on 44571
2019-08-20 18:28:23,112 [IPC Server Responder] INFO  ipc.Server (Server.java:run(1319)) - Stopping IPC Server Responder
2019-08-20 18:28:23,112 [IPC Server listener on 44571] INFO  ipc.Server (Server.java:run(1185)) - Stopping IPC Server listener on 44571
2019-08-20 18:28:23,112 [main] INFO  server.StorageContainerManager (StorageContainerManager.java:stop(833)) - Stopping Storage Container Manager HTTP server.
2019-08-20 18:28:23,113 [IPC Server Responder] INFO  ipc.Server (Server.java:run(1319)) - Stopping IPC Server Responder
2019-08-20 18:28:23,114 [main] INFO  handler.ContextHandler (ContextHandler.java:doStop(910)) - Stopped o.e.j.w.WebAppContext@30be6a05{/,null,UNAVAILABLE}{/scm}
2019-08-20 18:28:23,115 [main] INFO  server.AbstractConnector (AbstractConnector.java:doStop(318)) - Stopped ServerConnector@6812708d{HTTP/1.1,[http/1.1]}{0.0.0.0:0}
2019-08-20 18:28:23,115 [main] INFO  handler.ContextHandler (ContextHandler.java:doStop(910)) - Stopped o.e.j.s.ServletContextHandler@69c53b72{/static,file:///workdir/hadoop-ozone/integration-test/target/test-classes/webapps/static,UNAVAILABLE}
2019-08-20 18:28:23,116 [main] INFO  handler.ContextHandler (ContextHandler.java:doStop(910)) - Stopped o.e.j.s.ServletContextHandler@5e572ad6{/logs,file:///workdir/hadoop-ozone/integration-test/target/log,UNAVAILABLE}
2019-08-20 18:28:23,117 [main] INFO  server.StorageContainerManager (StorageContainerManager.java:stop(844)) - Stopping Block Manager Service.
2019-08-20 18:28:23,117 [main] INFO  utils.BackgroundService (BackgroundService.java:shutdown(148)) - Shutting down service SCMBlockDeletingService
2019-08-20 18:28:23,117 [main] INFO  utils.BackgroundService (BackgroundService.java:shutdown(148)) - Shutting down service SCMBlockDeletingService
2019-08-20 18:28:23,118 [main] INFO  server.StorageContainerManager (StorageContainerManager.java:stop(866)) - Stopping SCM Event Queue.
2019-08-20 18:28:23,124 [main] INFO  impl.MetricsSystemImpl (MetricsSystemImpl.java:stop(210)) - Stopping HddsDatanode metrics system...
2019-08-20 18:28:23,135 [main] INFO  impl.MetricsSystemImpl (MetricsSystemImpl.java:stop(216)) - HddsDatanode metrics system stopped.
]]></system-out>
    <system-err><![CDATA[Aug 20, 2019 6:27:40 PM com.sun.jersey.server.impl.application.WebApplicationImpl _initiate
INFO: Initiating Jersey application, version 'Jersey: 1.19 02/11/2015 03:25 AM'
Aug 20, 2019 6:27:41 PM com.sun.jersey.server.impl.application.WebApplicationImpl _initiate
INFO: Initiating Jersey application, version 'Jersey: 1.19 02/11/2015 03:25 AM'
Aug 20, 2019 6:27:41 PM com.sun.jersey.server.impl.application.WebApplicationImpl _initiate
INFO: Initiating Jersey application, version 'Jersey: 1.19 02/11/2015 03:25 AM'
Aug 20, 2019 6:27:41 PM com.sun.jersey.server.impl.application.WebApplicationImpl _initiate
INFO: Initiating Jersey application, version 'Jersey: 1.19 02/11/2015 03:25 AM'
Aug 20, 2019 6:27:41 PM com.sun.jersey.server.impl.application.WebApplicationImpl _initiate
INFO: Initiating Jersey application, version 'Jersey: 1.19 02/11/2015 03:25 AM'
Aug 20, 2019 6:27:42 PM com.sun.jersey.server.impl.application.WebApplicationImpl _initiate
INFO: Initiating Jersey application, version 'Jersey: 1.19 02/11/2015 03:25 AM'
Aug 20, 2019 6:27:42 PM com.sun.jersey.server.impl.application.WebApplicationImpl _initiate
INFO: Initiating Jersey application, version 'Jersey: 1.19 02/11/2015 03:25 AM'
Aug 20, 2019 6:27:45 PM org.apache.ratis.thirdparty.io.grpc.internal.ManagedChannelOrphanWrapper$ManagedChannelReference cleanQueue
SEVERE: *~*~*~ Channel ManagedChannelImpl{logId=2580, target=192.168.5.186:34819} was not shutdown properly!!! ~*~*~*
    Make sure to call shutdown()/shutdownNow() and wait until awaitTermination() returns true.
java.lang.RuntimeException: ManagedChannel allocation site
	at org.apache.ratis.thirdparty.io.grpc.internal.ManagedChannelOrphanWrapper$ManagedChannelReference.<init>(ManagedChannelOrphanWrapper.java:103)
	at org.apache.ratis.thirdparty.io.grpc.internal.ManagedChannelOrphanWrapper.<init>(ManagedChannelOrphanWrapper.java:53)
	at org.apache.ratis.thirdparty.io.grpc.internal.ManagedChannelOrphanWrapper.<init>(ManagedChannelOrphanWrapper.java:44)
	at org.apache.ratis.thirdparty.io.grpc.internal.AbstractManagedChannelImplBuilder.build(AbstractManagedChannelImplBuilder.java:411)
	at org.apache.hadoop.hdds.scm.XceiverClientGrpc.connectToDatanode(XceiverClientGrpc.java:174)
	at org.apache.hadoop.hdds.scm.XceiverClientGrpc.reconnect(XceiverClientGrpc.java:422)
	at org.apache.hadoop.hdds.scm.XceiverClientGrpc.sendCommandAsync(XceiverClientGrpc.java:371)
	at org.apache.hadoop.hdds.scm.XceiverClientGrpc.sendCommandWithRetry(XceiverClientGrpc.java:284)
	at org.apache.hadoop.hdds.scm.XceiverClientGrpc.sendCommandWithTraceIDAndRetry(XceiverClientGrpc.java:250)
	at org.apache.hadoop.hdds.scm.XceiverClientGrpc.sendCommand(XceiverClientGrpc.java:233)
	at org.apache.hadoop.hdds.scm.storage.ContainerProtocolCalls.getBlock(ContainerProtocolCalls.java:118)
	at org.apache.hadoop.hdds.scm.storage.BlockInputStream.getChunkInfos(BlockInputStream.java:167)
	at org.apache.hadoop.hdds.scm.storage.BlockInputStream.initialize(BlockInputStream.java:118)
	at org.apache.hadoop.hdds.scm.storage.BlockInputStream.read(BlockInputStream.java:222)
	at org.apache.hadoop.ozone.client.io.KeyInputStream.read(KeyInputStream.java:171)
	at org.apache.hadoop.ozone.client.io.OzoneInputStream.read(OzoneInputStream.java:47)
	at java.io.InputStream.read(InputStream.java:101)
	at org.apache.hadoop.ozone.container.ContainerTestHelper.validateData(ContainerTestHelper.java:715)
	at org.apache.hadoop.ozone.client.rpc.TestBlockOutputStreamWithFailures.validateData(TestBlockOutputStreamWithFailures.java:1216)
	at org.apache.hadoop.ozone.client.rpc.TestBlockOutputStreamWithFailures.testWatchForCommitWithSingleNodeRatis(TestBlockOutputStreamWithFailures.java:918)
	at sun.reflect.NativeMethodAccessorImpl.invoke0(Native Method)
	at sun.reflect.NativeMethodAccessorImpl.invoke(NativeMethodAccessorImpl.java:62)
	at sun.reflect.DelegatingMethodAccessorImpl.invoke(DelegatingMethodAccessorImpl.java:43)
	at java.lang.reflect.Method.invoke(Method.java:498)
	at org.junit.runners.model.FrameworkMethod$1.runReflectiveCall(FrameworkMethod.java:47)
	at org.junit.internal.runners.model.ReflectiveCallable.run(ReflectiveCallable.java:12)
	at org.junit.runners.model.FrameworkMethod.invokeExplosively(FrameworkMethod.java:44)
	at org.junit.internal.runners.statements.InvokeMethod.evaluate(InvokeMethod.java:17)
	at org.junit.internal.runners.statements.RunBefores.evaluate(RunBefores.java:26)
	at org.junit.internal.runners.statements.RunAfters.evaluate(RunAfters.java:27)
	at org.junit.runners.ParentRunner.runLeaf(ParentRunner.java:271)
	at org.junit.runners.BlockJUnit4ClassRunner.runChild(BlockJUnit4ClassRunner.java:70)
	at org.junit.runners.BlockJUnit4ClassRunner.runChild(BlockJUnit4ClassRunner.java:50)
	at org.junit.runners.ParentRunner$3.run(ParentRunner.java:238)
	at org.junit.runners.ParentRunner$1.schedule(ParentRunner.java:63)
	at org.junit.runners.ParentRunner.runChildren(ParentRunner.java:236)
	at org.junit.runners.ParentRunner.access$000(ParentRunner.java:53)
	at org.junit.runners.ParentRunner$2.evaluate(ParentRunner.java:229)
	at org.junit.runners.ParentRunner.run(ParentRunner.java:309)
	at org.apache.maven.surefire.junit4.JUnit4Provider.execute(JUnit4Provider.java:365)
	at org.apache.maven.surefire.junit4.JUnit4Provider.executeWithRerun(JUnit4Provider.java:273)
	at org.apache.maven.surefire.junit4.JUnit4Provider.executeTestSet(JUnit4Provider.java:238)
	at org.apache.maven.surefire.junit4.JUnit4Provider.invoke(JUnit4Provider.java:159)
	at org.apache.maven.surefire.booter.ForkedBooter.invokeProviderInSameClassLoader(ForkedBooter.java:384)
	at org.apache.maven.surefire.booter.ForkedBooter.runSuitesInProcess(ForkedBooter.java:345)
	at org.apache.maven.surefire.booter.ForkedBooter.execute(ForkedBooter.java:126)
	at org.apache.maven.surefire.booter.ForkedBooter.main(ForkedBooter.java:418)

Aug 20, 2019 6:27:45 PM org.apache.ratis.thirdparty.io.grpc.internal.ManagedChannelOrphanWrapper$ManagedChannelReference cleanQueue
SEVERE: *~*~*~ Channel ManagedChannelImpl{logId=2575, target=192.168.5.186:45003} was not shutdown properly!!! ~*~*~*
    Make sure to call shutdown()/shutdownNow() and wait until awaitTermination() returns true.
java.lang.RuntimeException: ManagedChannel allocation site
	at org.apache.ratis.thirdparty.io.grpc.internal.ManagedChannelOrphanWrapper$ManagedChannelReference.<init>(ManagedChannelOrphanWrapper.java:103)
	at org.apache.ratis.thirdparty.io.grpc.internal.ManagedChannelOrphanWrapper.<init>(ManagedChannelOrphanWrapper.java:53)
	at org.apache.ratis.thirdparty.io.grpc.internal.ManagedChannelOrphanWrapper.<init>(ManagedChannelOrphanWrapper.java:44)
	at org.apache.ratis.thirdparty.io.grpc.internal.AbstractManagedChannelImplBuilder.build(AbstractManagedChannelImplBuilder.java:411)
	at org.apache.hadoop.hdds.scm.XceiverClientGrpc.connectToDatanode(XceiverClientGrpc.java:174)
	at org.apache.hadoop.hdds.scm.XceiverClientGrpc.reconnect(XceiverClientGrpc.java:422)
	at org.apache.hadoop.hdds.scm.XceiverClientGrpc.sendCommandAsync(XceiverClientGrpc.java:371)
	at org.apache.hadoop.hdds.scm.XceiverClientGrpc.sendCommandWithRetry(XceiverClientGrpc.java:284)
	at org.apache.hadoop.hdds.scm.XceiverClientGrpc.sendCommandWithTraceIDAndRetry(XceiverClientGrpc.java:250)
	at org.apache.hadoop.hdds.scm.XceiverClientGrpc.sendCommand(XceiverClientGrpc.java:233)
	at org.apache.hadoop.hdds.scm.storage.ContainerProtocolCalls.getBlock(ContainerProtocolCalls.java:118)
	at org.apache.hadoop.hdds.scm.storage.BlockInputStream.getChunkInfos(BlockInputStream.java:167)
	at org.apache.hadoop.hdds.scm.storage.BlockInputStream.initialize(BlockInputStream.java:118)
	at org.apache.hadoop.hdds.scm.storage.BlockInputStream.read(BlockInputStream.java:222)
	at org.apache.hadoop.ozone.client.io.KeyInputStream.read(KeyInputStream.java:171)
	at org.apache.hadoop.ozone.client.io.OzoneInputStream.read(OzoneInputStream.java:47)
	at java.io.InputStream.read(InputStream.java:101)
	at org.apache.hadoop.ozone.container.ContainerTestHelper.validateData(ContainerTestHelper.java:715)
	at org.apache.hadoop.ozone.client.rpc.TestBlockOutputStreamWithFailures.validateData(TestBlockOutputStreamWithFailures.java:1216)
	at org.apache.hadoop.ozone.client.rpc.TestBlockOutputStreamWithFailures.testWatchForCommitWithSingleNodeRatis(TestBlockOutputStreamWithFailures.java:918)
	at sun.reflect.NativeMethodAccessorImpl.invoke0(Native Method)
	at sun.reflect.NativeMethodAccessorImpl.invoke(NativeMethodAccessorImpl.java:62)
	at sun.reflect.DelegatingMethodAccessorImpl.invoke(DelegatingMethodAccessorImpl.java:43)
	at java.lang.reflect.Method.invoke(Method.java:498)
	at org.junit.runners.model.FrameworkMethod$1.runReflectiveCall(FrameworkMethod.java:47)
	at org.junit.internal.runners.model.ReflectiveCallable.run(ReflectiveCallable.java:12)
	at org.junit.runners.model.FrameworkMethod.invokeExplosively(FrameworkMethod.java:44)
	at org.junit.internal.runners.statements.InvokeMethod.evaluate(InvokeMethod.java:17)
	at org.junit.internal.runners.statements.RunBefores.evaluate(RunBefores.java:26)
	at org.junit.internal.runners.statements.RunAfters.evaluate(RunAfters.java:27)
	at org.junit.runners.ParentRunner.runLeaf(ParentRunner.java:271)
	at org.junit.runners.BlockJUnit4ClassRunner.runChild(BlockJUnit4ClassRunner.java:70)
	at org.junit.runners.BlockJUnit4ClassRunner.runChild(BlockJUnit4ClassRunner.java:50)
	at org.junit.runners.ParentRunner$3.run(ParentRunner.java:238)
	at org.junit.runners.ParentRunner$1.schedule(ParentRunner.java:63)
	at org.junit.runners.ParentRunner.runChildren(ParentRunner.java:236)
	at org.junit.runners.ParentRunner.access$000(ParentRunner.java:53)
	at org.junit.runners.ParentRunner$2.evaluate(ParentRunner.java:229)
	at org.junit.runners.ParentRunner.run(ParentRunner.java:309)
	at org.apache.maven.surefire.junit4.JUnit4Provider.execute(JUnit4Provider.java:365)
	at org.apache.maven.surefire.junit4.JUnit4Provider.executeWithRerun(JUnit4Provider.java:273)
	at org.apache.maven.surefire.junit4.JUnit4Provider.executeTestSet(JUnit4Provider.java:238)
	at org.apache.maven.surefire.junit4.JUnit4Provider.invoke(JUnit4Provider.java:159)
	at org.apache.maven.surefire.booter.ForkedBooter.invokeProviderInSameClassLoader(ForkedBooter.java:384)
	at org.apache.maven.surefire.booter.ForkedBooter.runSuitesInProcess(ForkedBooter.java:345)
	at org.apache.maven.surefire.booter.ForkedBooter.execute(ForkedBooter.java:126)
	at org.apache.maven.surefire.booter.ForkedBooter.main(ForkedBooter.java:418)

Aug 20, 2019 6:27:45 PM org.apache.ratis.thirdparty.io.grpc.internal.ManagedChannelOrphanWrapper$ManagedChannelReference cleanQueue
SEVERE: *~*~*~ Channel ManagedChannelImpl{logId=2570, target=192.168.5.186:43882} was not shutdown properly!!! ~*~*~*
    Make sure to call shutdown()/shutdownNow() and wait until awaitTermination() returns true.
java.lang.RuntimeException: ManagedChannel allocation site
	at org.apache.ratis.thirdparty.io.grpc.internal.ManagedChannelOrphanWrapper$ManagedChannelReference.<init>(ManagedChannelOrphanWrapper.java:103)
	at org.apache.ratis.thirdparty.io.grpc.internal.ManagedChannelOrphanWrapper.<init>(ManagedChannelOrphanWrapper.java:53)
	at org.apache.ratis.thirdparty.io.grpc.internal.ManagedChannelOrphanWrapper.<init>(ManagedChannelOrphanWrapper.java:44)
	at org.apache.ratis.thirdparty.io.grpc.internal.AbstractManagedChannelImplBuilder.build(AbstractManagedChannelImplBuilder.java:411)
	at org.apache.ratis.grpc.client.GrpcClientProtocolClient.<init>(GrpcClientProtocolClient.java:119)
	at org.apache.ratis.grpc.client.GrpcClientRpc.lambda$new$0(GrpcClientRpc.java:55)
	at org.apache.ratis.util.PeerProxyMap$PeerAndProxy.lambda$getProxy$0(PeerProxyMap.java:61)
	at org.apache.ratis.util.LifeCycle.startAndTransition(LifeCycle.java:202)
	at org.apache.ratis.util.PeerProxyMap$PeerAndProxy.getProxy(PeerProxyMap.java:60)
	at org.apache.ratis.util.PeerProxyMap.getProxy(PeerProxyMap.java:107)
	at org.apache.ratis.grpc.client.GrpcClientRpc.sendRequestAsync(GrpcClientRpc.java:66)
	at org.apache.ratis.client.impl.OrderedAsync.sendRequest(OrderedAsync.java:208)
	at org.apache.ratis.client.impl.OrderedAsync.sendRequestWithRetry(OrderedAsync.java:169)
	at org.apache.ratis.util.SlidingWindow$Client.sendOrDelayRequest(SlidingWindow.java:278)
	at org.apache.ratis.util.SlidingWindow$Client.submitNewRequest(SlidingWindow.java:257)
	at org.apache.ratis.client.impl.OrderedAsync.send(OrderedAsync.java:155)
	at org.apache.ratis.client.impl.RaftClientImpl.sendAsync(RaftClientImpl.java:145)
	at org.apache.ratis.client.impl.RaftClientImpl.sendAsync(RaftClientImpl.java:125)
	at org.apache.hadoop.hdds.scm.XceiverClientRatis.sendRequestAsync(XceiverClientRatis.java:224)
	at org.apache.hadoop.hdds.scm.XceiverClientRatis.sendCommandAsync(XceiverClientRatis.java:302)
	at org.apache.hadoop.hdds.scm.storage.ContainerProtocolCalls.writeChunkAsync(ContainerProtocolCalls.java:310)
	at org.apache.hadoop.hdds.scm.storage.BlockOutputStream.writeChunkToContainer(BlockOutputStream.java:601)
	at org.apache.hadoop.hdds.scm.storage.BlockOutputStream.writeChunk(BlockOutputStream.java:459)
	at org.apache.hadoop.hdds.scm.storage.BlockOutputStream.writeOnRetry(BlockOutputStream.java:285)
	at org.apache.hadoop.ozone.client.io.BlockOutputStreamEntry.writeOnRetry(BlockOutputStreamEntry.java:200)
	at org.apache.hadoop.ozone.client.io.KeyOutputStream.handleWrite(KeyOutputStream.java:209)
	at org.apache.hadoop.ozone.client.io.KeyOutputStream.handleRetry(KeyOutputStream.java:376)
	at org.apache.hadoop.ozone.client.io.KeyOutputStream.handleException(KeyOutputStream.java:325)
	at org.apache.hadoop.ozone.client.io.KeyOutputStream.handleFlushOrClose(KeyOutputStream.java:448)
	at org.apache.hadoop.ozone.client.io.KeyOutputStream.handleWrite(KeyOutputStream.java:235)
	at org.apache.hadoop.ozone.client.io.KeyOutputStream.write(KeyOutputStream.java:193)
	at org.apache.hadoop.ozone.client.io.OzoneOutputStream.write(OzoneOutputStream.java:49)
	at java.io.OutputStream.write(OutputStream.java:75)
	at org.apache.hadoop.ozone.client.rpc.TestBlockOutputStreamWithFailures.testWatchForCommitWithSingleNodeRatis(TestBlockOutputStreamWithFailures.java:885)
	at sun.reflect.NativeMethodAccessorImpl.invoke0(Native Method)
	at sun.reflect.NativeMethodAccessorImpl.invoke(NativeMethodAccessorImpl.java:62)
	at sun.reflect.DelegatingMethodAccessorImpl.invoke(DelegatingMethodAccessorImpl.java:43)
	at java.lang.reflect.Method.invoke(Method.java:498)
	at org.junit.runners.model.FrameworkMethod$1.runReflectiveCall(FrameworkMethod.java:47)
	at org.junit.internal.runners.model.ReflectiveCallable.run(ReflectiveCallable.java:12)
	at org.junit.runners.model.FrameworkMethod.invokeExplosively(FrameworkMethod.java:44)
	at org.junit.internal.runners.statements.InvokeMethod.evaluate(InvokeMethod.java:17)
	at org.junit.internal.runners.statements.RunBefores.evaluate(RunBefores.java:26)
	at org.junit.internal.runners.statements.RunAfters.evaluate(RunAfters.java:27)
	at org.junit.runners.ParentRunner.runLeaf(ParentRunner.java:271)
	at org.junit.runners.BlockJUnit4ClassRunner.runChild(BlockJUnit4ClassRunner.java:70)
	at org.junit.runners.BlockJUnit4ClassRunner.runChild(BlockJUnit4ClassRunner.java:50)
	at org.junit.runners.ParentRunner$3.run(ParentRunner.java:238)
	at org.junit.runners.ParentRunner$1.schedule(ParentRunner.java:63)
	at org.junit.runners.ParentRunner.runChildren(ParentRunner.java:236)
	at org.junit.runners.ParentRunner.access$000(ParentRunner.java:53)
	at org.junit.runners.ParentRunner$2.evaluate(ParentRunner.java:229)
	at org.junit.runners.ParentRunner.run(ParentRunner.java:309)
	at org.apache.maven.surefire.junit4.JUnit4Provider.execute(JUnit4Provider.java:365)
	at org.apache.maven.surefire.junit4.JUnit4Provider.executeWithRerun(JUnit4Provider.java:273)
	at org.apache.maven.surefire.junit4.JUnit4Provider.executeTestSet(JUnit4Provider.java:238)
	at org.apache.maven.surefire.junit4.JUnit4Provider.invoke(JUnit4Provider.java:159)
	at org.apache.maven.surefire.booter.ForkedBooter.invokeProviderInSameClassLoader(ForkedBooter.java:384)
	at org.apache.maven.surefire.booter.ForkedBooter.runSuitesInProcess(ForkedBooter.java:345)
	at org.apache.maven.surefire.booter.ForkedBooter.execute(ForkedBooter.java:126)
	at org.apache.maven.surefire.booter.ForkedBooter.main(ForkedBooter.java:418)

Aug 20, 2019 6:27:45 PM org.apache.ratis.thirdparty.io.grpc.internal.ManagedChannelOrphanWrapper$ManagedChannelReference cleanQueue
SEVERE: *~*~*~ Channel ManagedChannelImpl{logId=2565, target=192.168.5.186:37411} was not shutdown properly!!! ~*~*~*
    Make sure to call shutdown()/shutdownNow() and wait until awaitTermination() returns true.
java.lang.RuntimeException: ManagedChannel allocation site
	at org.apache.ratis.thirdparty.io.grpc.internal.ManagedChannelOrphanWrapper$ManagedChannelReference.<init>(ManagedChannelOrphanWrapper.java:103)
	at org.apache.ratis.thirdparty.io.grpc.internal.ManagedChannelOrphanWrapper.<init>(ManagedChannelOrphanWrapper.java:53)
	at org.apache.ratis.thirdparty.io.grpc.internal.ManagedChannelOrphanWrapper.<init>(ManagedChannelOrphanWrapper.java:44)
	at org.apache.ratis.thirdparty.io.grpc.internal.AbstractManagedChannelImplBuilder.build(AbstractManagedChannelImplBuilder.java:411)
	at org.apache.ratis.grpc.client.GrpcClientProtocolClient.<init>(GrpcClientProtocolClient.java:119)
	at org.apache.ratis.grpc.client.GrpcClientRpc.lambda$new$0(GrpcClientRpc.java:55)
	at org.apache.ratis.util.PeerProxyMap$PeerAndProxy.lambda$getProxy$0(PeerProxyMap.java:61)
	at org.apache.ratis.util.LifeCycle.startAndTransition(LifeCycle.java:202)
	at org.apache.ratis.util.PeerProxyMap$PeerAndProxy.getProxy(PeerProxyMap.java:60)
	at org.apache.ratis.util.PeerProxyMap.getProxy(PeerProxyMap.java:107)
	at org.apache.ratis.grpc.client.GrpcClientRpc.sendRequestAsync(GrpcClientRpc.java:66)
	at org.apache.ratis.client.impl.OrderedAsync.sendRequest(OrderedAsync.java:208)
	at org.apache.ratis.client.impl.OrderedAsync.sendRequestWithRetry(OrderedAsync.java:169)
	at org.apache.ratis.util.SlidingWindow$Client.sendOrDelayRequest(SlidingWindow.java:278)
	at org.apache.ratis.util.SlidingWindow$Client.retry(SlidingWindow.java:294)
	at org.apache.ratis.client.impl.OrderedAsync.lambda$scheduleWithTimeout$7(OrderedAsync.java:195)
	at org.apache.ratis.util.TimeoutScheduler.lambda$onTimeout$0(TimeoutScheduler.java:85)
	at org.apache.ratis.util.TimeoutScheduler.lambda$onTimeout$1(TimeoutScheduler.java:104)
	at org.apache.ratis.util.LogUtils.runAndLog(LogUtils.java:50)
	at org.apache.ratis.util.LogUtils$1.run(LogUtils.java:91)
	at java.util.concurrent.Executors$RunnableAdapter.call(Executors.java:511)
	at java.util.concurrent.FutureTask.run(FutureTask.java:266)
	at java.util.concurrent.ScheduledThreadPoolExecutor$ScheduledFutureTask.access$201(ScheduledThreadPoolExecutor.java:180)
	at java.util.concurrent.ScheduledThreadPoolExecutor$ScheduledFutureTask.run(ScheduledThreadPoolExecutor.java:293)
	at java.util.concurrent.ThreadPoolExecutor.runWorker(ThreadPoolExecutor.java:1149)
	at java.util.concurrent.ThreadPoolExecutor$Worker.run(ThreadPoolExecutor.java:624)
	at java.lang.Thread.run(Thread.java:748)

]]></system-err>
  </testcase>
  <testcase name="testFailureWithPrimeSizedData" classname="org.apache.hadoop.ozone.client.rpc.TestBlockOutputStreamWithFailures" time="33.904"/>
  <testcase name="testWatchForCommitWithCloseContainerException" classname="org.apache.hadoop.ozone.client.rpc.TestBlockOutputStreamWithFailures" time="35.894"/>
  <testcase name="testExceptionDuringClose" classname="org.apache.hadoop.ozone.client.rpc.TestBlockOutputStreamWithFailures" time="47.538"/>
</testsuite>