<?xml version="1.0" encoding="UTF-8"?>
<testsuite xmlns:xsi="http://www.w3.org/2001/XMLSchema-instance" xsi:noNamespaceSchemaLocation="https://maven.apache.org/surefire/maven-surefire-plugin/xsd/surefire-test-report.xsd" name="org.apache.hadoop.ozone.freon.TestRandomKeyGenerator" time="136.053" tests="5" errors="1" skipped="0" failures="0">
  <properties>
    <property name="awt.toolkit" value="sun.awt.X11.XToolkit"/>
    <property name="file.encoding.pkg" value="sun.io"/>
    <property name="java.specification.version" value="1.8"/>
    <property name="sun.cpu.isalist" value=""/>
    <property name="sun.jnu.encoding" value="UTF-8"/>
    <property name="java.class.path" value="/workdir/hadoop-ozone/tools/target/test-classes:/workdir/hadoop-ozone/tools/target/classes:/workdir/hadoop-ozone/ozone-manager/target/classes:/workdir/hadoop-hdds/docs/target/classes:/home/user/.m2/repository/org/bouncycastle/bcprov-jdk15on/1.60/bcprov-jdk15on-1.60.jar:/workdir/hadoop-ozone/common/target/classes:/home/user/.m2/repository/org/apache/commons/commons-compress/1.4.1/commons-compress-1.4.1.jar:/home/user/.m2/repository/org/tukaani/xz/1.0/xz-1.0.jar:/home/user/.m2/repository/org/apache/hadoop/hadoop-hdfs-client/3.2.0/hadoop-hdfs-client-3.2.0.jar:/home/user/.m2/repository/com/fasterxml/jackson/core/jackson-annotations/2.9.5/jackson-annotations-2.9.5.jar:/workdir/hadoop-hdds/common/target/classes:/workdir/hadoop-hdds/config/target/classes:/home/user/.m2/repository/javax/annotation/javax.annotation-api/1.2/javax.annotation-api-1.2.jar:/home/user/.m2/repository/org/apache/ratis/ratis-server/0.4.0-2337318-SNAPSHOT/ratis-server-0.4.0-2337318-SNAPSHOT.jar:/home/user/.m2/repository/org/apache/ratis/ratis-thirdparty-misc/0.2.0/ratis-thirdparty-misc-0.2.0.jar:/home/user/.m2/repository/org/apache/ratis/ratis-proto/0.4.0-2337318-SNAPSHOT/ratis-proto-0.4.0-2337318-SNAPSHOT.jar:/home/user/.m2/repository/org/apache/ratis/ratis-common/0.4.0-2337318-SNAPSHOT/ratis-common-0.4.0-2337318-SNAPSHOT.jar:/home/user/.m2/repository/org/apache/ratis/ratis-client/0.4.0-2337318-SNAPSHOT/ratis-client-0.4.0-2337318-SNAPSHOT.jar:/home/user/.m2/repository/org/apache/ratis/ratis-metrics/0.4.0-2337318-SNAPSHOT/ratis-metrics-0.4.0-2337318-SNAPSHOT.jar:/home/user/.m2/repository/org/apache/ratis/ratis-netty/0.4.0-2337318-SNAPSHOT/ratis-netty-0.4.0-2337318-SNAPSHOT.jar:/home/user/.m2/repository/org/apache/ratis/ratis-grpc/0.4.0-2337318-SNAPSHOT/ratis-grpc-0.4.0-2337318-SNAPSHOT.jar:/home/user/.m2/repository/org/rocksdb/rocksdbjni/6.0.1/rocksdbjni-6.0.1.jar:/home/user/.m2/repository/org/apache/logging/log4j/log4j-api/2.11.0/log4j-api-2.11.0.jar:/home/user/.m2/repository/org/apache/logging/log4j/log4j-core/2.11.0/log4j-core-2.11.0.jar:/home/user/.m2/repository/com/lmax/disruptor/3.4.2/disruptor-3.4.2.jar:/home/user/.m2/repository/org/apache/commons/commons-pool2/2.6.0/commons-pool2-2.6.0.jar:/home/user/.m2/repository/org/bouncycastle/bcpkix-jdk15on/1.60/bcpkix-jdk15on-1.60.jar:/home/user/.m2/repository/commons-validator/commons-validator/1.6/commons-validator-1.6.jar:/home/user/.m2/repository/commons-digester/commons-digester/1.8.1/commons-digester-1.8.1.jar:/home/user/.m2/repository/io/jaegertracing/jaeger-client/0.33.1/jaeger-client-0.33.1.jar:/home/user/.m2/repository/io/jaegertracing/jaeger-thrift/0.33.1/jaeger-thrift-0.33.1.jar:/home/user/.m2/repository/org/apache/thrift/libthrift/0.11.0/libthrift-0.11.0.jar:/home/user/.m2/repository/com/squareup/okhttp3/okhttp/3.9.0/okhttp-3.9.0.jar:/home/user/.m2/repository/com/squareup/okio/okio/1.13.0/okio-1.13.0.jar:/home/user/.m2/repository/io/jaegertracing/jaeger-core/0.33.1/jaeger-core-0.33.1.jar:/home/user/.m2/repository/io/jaegertracing/jaeger-tracerresolver/0.33.1/jaeger-tracerresolver-0.33.1.jar:/home/user/.m2/repository/io/opentracing/contrib/opentracing-tracerresolver/0.1.5/opentracing-tracerresolver-0.1.5.jar:/home/user/.m2/repository/io/opentracing/opentracing-util/0.31.0/opentracing-util-0.31.0.jar:/home/user/.m2/repository/io/opentracing/opentracing-api/0.31.0/opentracing-api-0.31.0.jar:/home/user/.m2/repository/io/opentracing/opentracing-noop/0.31.0/opentracing-noop-0.31.0.jar:/home/user/.m2/repository/org/yaml/snakeyaml/1.16/snakeyaml-1.16.jar:/workdir/hadoop-hdds/container-service/target/classes:/workdir/hadoop-hdds/client/target/classes:/workdir/hadoop-hdds/tools/target/classes:/home/user/.m2/repository/org/xerial/sqlite-jdbc/3.25.2/sqlite-jdbc-3.25.2.jar:/workdir/hadoop-hdds/server-scm/target/classes:/home/user/.m2/repository/org/hamcrest/hamcrest-all/1.3/hamcrest-all-1.3.jar:/home/user/.m2/repository/info/picocli/picocli/3.9.6/picocli-3.9.6.jar:/home/user/.m2/repository/com/google/protobuf/protobuf-java/2.5.0/protobuf-java-2.5.0.jar:/home/user/.m2/repository/com/google/guava/guava/11.0.2/guava-11.0.2.jar:/workdir/hadoop-ozone/client/target/classes:/home/user/.m2/repository/org/apache/hadoop/hadoop-ozone-filesystem/0.5.0-SNAPSHOT/hadoop-ozone-filesystem-0.5.0-SNAPSHOT.jar:/workdir/hadoop-hdds/framework/target/classes:/home/user/.m2/repository/org/apache/hadoop/hadoop-common/3.2.0/hadoop-common-3.2.0.jar:/home/user/.m2/repository/org/apache/hadoop/hadoop-annotations/3.2.0/hadoop-annotations-3.2.0.jar:/usr/lib/jvm/java-1.8-openjdk/jre/../lib/tools.jar:/home/user/.m2/repository/commons-cli/commons-cli/1.2/commons-cli-1.2.jar:/home/user/.m2/repository/org/apache/commons/commons-math3/3.1.1/commons-math3-3.1.1.jar:/home/user/.m2/repository/org/apache/httpcomponents/httpclient/4.5.2/httpclient-4.5.2.jar:/home/user/.m2/repository/org/apache/httpcomponents/httpcore/4.4.4/httpcore-4.4.4.jar:/home/user/.m2/repository/commons-codec/commons-codec/1.11/commons-codec-1.11.jar:/home/user/.m2/repository/commons-io/commons-io/2.5/commons-io-2.5.jar:/home/user/.m2/repository/commons-net/commons-net/3.6/commons-net-3.6.jar:/home/user/.m2/repository/commons-collections/commons-collections/3.2.2/commons-collections-3.2.2.jar:/home/user/.m2/repository/javax/servlet/javax.servlet-api/3.1.0/javax.servlet-api-3.1.0.jar:/home/user/.m2/repository/org/eclipse/jetty/jetty-server/9.3.24.v20180605/jetty-server-9.3.24.v20180605.jar:/home/user/.m2/repository/org/eclipse/jetty/jetty-http/9.3.24.v20180605/jetty-http-9.3.24.v20180605.jar:/home/user/.m2/repository/org/eclipse/jetty/jetty-io/9.3.24.v20180605/jetty-io-9.3.24.v20180605.jar:/home/user/.m2/repository/org/eclipse/jetty/jetty-util/9.3.24.v20180605/jetty-util-9.3.24.v20180605.jar:/home/user/.m2/repository/org/eclipse/jetty/jetty-servlet/9.3.24.v20180605/jetty-servlet-9.3.24.v20180605.jar:/home/user/.m2/repository/org/eclipse/jetty/jetty-security/9.3.24.v20180605/jetty-security-9.3.24.v20180605.jar:/home/user/.m2/repository/org/eclipse/jetty/jetty-webapp/9.3.24.v20180605/jetty-webapp-9.3.24.v20180605.jar:/home/user/.m2/repository/org/eclipse/jetty/jetty-xml/9.3.24.v20180605/jetty-xml-9.3.24.v20180605.jar:/home/user/.m2/repository/javax/servlet/jsp/jsp-api/2.1/jsp-api-2.1.jar:/home/user/.m2/repository/com/sun/jersey/jersey-core/1.19/jersey-core-1.19.jar:/home/user/.m2/repository/javax/ws/rs/jsr311-api/1.1.1/jsr311-api-1.1.1.jar:/home/user/.m2/repository/com/sun/jersey/jersey-servlet/1.19/jersey-servlet-1.19.jar:/home/user/.m2/repository/com/sun/jersey/jersey-json/1.19/jersey-json-1.19.jar:/home/user/.m2/repository/org/codehaus/jettison/jettison/1.1/jettison-1.1.jar:/home/user/.m2/repository/com/sun/xml/bind/jaxb-impl/2.3.0.1/jaxb-impl-2.3.0.1.jar:/home/user/.m2/repository/org/codehaus/jackson/jackson-core-asl/1.9.13/jackson-core-asl-1.9.13.jar:/home/user/.m2/repository/org/codehaus/jackson/jackson-mapper-asl/1.9.13/jackson-mapper-asl-1.9.13.jar:/home/user/.m2/repository/org/codehaus/jackson/jackson-jaxrs/1.9.13/jackson-jaxrs-1.9.13.jar:/home/user/.m2/repository/org/codehaus/jackson/jackson-xc/1.9.13/jackson-xc-1.9.13.jar:/home/user/.m2/repository/com/sun/jersey/jersey-server/1.19/jersey-server-1.19.jar:/home/user/.m2/repository/commons-logging/commons-logging/1.1.3/commons-logging-1.1.3.jar:/home/user/.m2/repository/log4j/log4j/1.2.17/log4j-1.2.17.jar:/home/user/.m2/repository/commons-beanutils/commons-beanutils/1.9.3/commons-beanutils-1.9.3.jar:/home/user/.m2/repository/org/apache/commons/commons-configuration2/2.1.1/commons-configuration2-2.1.1.jar:/home/user/.m2/repository/org/apache/commons/commons-lang3/3.7/commons-lang3-3.7.jar:/home/user/.m2/repository/org/apache/commons/commons-text/1.4/commons-text-1.4.jar:/home/user/.m2/repository/org/slf4j/slf4j-api/1.7.25/slf4j-api-1.7.25.jar:/home/user/.m2/repository/org/slf4j/slf4j-log4j12/1.7.25/slf4j-log4j12-1.7.25.jar:/home/user/.m2/repository/org/apache/avro/avro/1.7.7/avro-1.7.7.jar:/home/user/.m2/repository/com/thoughtworks/paranamer/paranamer/2.3/paranamer-2.3.jar:/home/user/.m2/repository/org/xerial/snappy/snappy-java/1.0.5/snappy-java-1.0.5.jar:/home/user/.m2/repository/com/google/re2j/re2j/1.1/re2j-1.1.jar:/home/user/.m2/repository/com/google/code/gson/gson/2.2.4/gson-2.2.4.jar:/home/user/.m2/repository/org/apache/hadoop/hadoop-auth/3.2.0/hadoop-auth-3.2.0.jar:/home/user/.m2/repository/com/nimbusds/nimbus-jose-jwt/4.41.1/nimbus-jose-jwt-4.41.1.jar:/home/user/.m2/repository/com/github/stephenc/jcip/jcip-annotations/1.0-1/jcip-annotations-1.0-1.jar:/home/user/.m2/repository/net/minidev/json-smart/2.3/json-smart-2.3.jar:/home/user/.m2/repository/net/minidev/accessors-smart/1.2/accessors-smart-1.2.jar:/home/user/.m2/repository/org/apache/curator/curator-framework/2.12.0/curator-framework-2.12.0.jar:/home/user/.m2/repository/com/jcraft/jsch/0.1.54/jsch-0.1.54.jar:/home/user/.m2/repository/org/apache/curator/curator-client/2.12.0/curator-client-2.12.0.jar:/home/user/.m2/repository/org/apache/curator/curator-recipes/2.12.0/curator-recipes-2.12.0.jar:/home/user/.m2/repository/com/google/code/findbugs/jsr305/3.0.0/jsr305-3.0.0.jar:/home/user/.m2/repository/org/apache/htrace/htrace-core4/4.1.0-incubating/htrace-core4-4.1.0-incubating.jar:/home/user/.m2/repository/org/apache/zookeeper/zookeeper/3.4.13/zookeeper-3.4.13.jar:/home/user/.m2/repository/org/apache/yetus/audience-annotations/0.5.0/audience-annotations-0.5.0.jar:/home/user/.m2/repository/org/apache/kerby/kerb-simplekdc/1.0.1/kerb-simplekdc-1.0.1.jar:/home/user/.m2/repository/org/apache/kerby/kerb-client/1.0.1/kerb-client-1.0.1.jar:/home/user/.m2/repository/org/apache/kerby/kerby-config/1.0.1/kerby-config-1.0.1.jar:/home/user/.m2/repository/org/apache/kerby/kerb-core/1.0.1/kerb-core-1.0.1.jar:/home/user/.m2/repository/org/apache/kerby/kerby-pkix/1.0.1/kerby-pkix-1.0.1.jar:/home/user/.m2/repository/org/apache/kerby/kerby-asn1/1.0.1/kerby-asn1-1.0.1.jar:/home/user/.m2/repository/org/apache/kerby/kerby-util/1.0.1/kerby-util-1.0.1.jar:/home/user/.m2/repository/org/apache/kerby/kerb-common/1.0.1/kerb-common-1.0.1.jar:/home/user/.m2/repository/org/apache/kerby/kerb-crypto/1.0.1/kerb-crypto-1.0.1.jar:/home/user/.m2/repository/org/apache/kerby/kerb-util/1.0.1/kerb-util-1.0.1.jar:/home/user/.m2/repository/org/apache/kerby/token-provider/1.0.1/token-provider-1.0.1.jar:/home/user/.m2/repository/org/apache/kerby/kerb-admin/1.0.1/kerb-admin-1.0.1.jar:/home/user/.m2/repository/org/apache/kerby/kerb-server/1.0.1/kerb-server-1.0.1.jar:/home/user/.m2/repository/org/apache/kerby/kerb-identity/1.0.1/kerb-identity-1.0.1.jar:/home/user/.m2/repository/org/apache/kerby/kerby-xdr/1.0.1/kerby-xdr-1.0.1.jar:/home/user/.m2/repository/com/fasterxml/jackson/core/jackson-databind/2.9.5/jackson-databind-2.9.5.jar:/home/user/.m2/repository/com/fasterxml/jackson/core/jackson-core/2.9.5/jackson-core-2.9.5.jar:/home/user/.m2/repository/org/codehaus/woodstox/stax2-api/3.1.4/stax2-api-3.1.4.jar:/home/user/.m2/repository/com/fasterxml/woodstox/woodstox-core/5.0.3/woodstox-core-5.0.3.jar:/home/user/.m2/repository/dnsjava/dnsjava/2.1.7/dnsjava-2.1.7.jar:/home/user/.m2/repository/org/apache/hadoop/hadoop-hdfs/3.2.0/hadoop-hdfs-3.2.0.jar:/home/user/.m2/repository/org/eclipse/jetty/jetty-util-ajax/9.3.24.v20180605/jetty-util-ajax-9.3.24.v20180605.jar:/home/user/.m2/repository/commons-daemon/commons-daemon/1.0.13/commons-daemon-1.0.13.jar:/home/user/.m2/repository/io/netty/netty/3.10.5.Final/netty-3.10.5.Final.jar:/home/user/.m2/repository/io/netty/netty-all/4.0.52.Final/netty-all-4.0.52.Final.jar:/home/user/.m2/repository/org/fusesource/leveldbjni/leveldbjni-all/1.8/leveldbjni-all-1.8.jar:/home/user/.m2/repository/com/sun/xml/bind/jaxb-core/2.3.0.1/jaxb-core-2.3.0.1.jar:/home/user/.m2/repository/javax/xml/bind/jaxb-api/2.3.0/jaxb-api-2.3.0.jar:/home/user/.m2/repository/javax/activation/activation/1.1.1/activation-1.1.1.jar:/home/user/.m2/repository/io/dropwizard/metrics/metrics-core/3.2.4/metrics-core-3.2.4.jar:/home/user/.m2/repository/org/openjdk/jmh/jmh-core/1.19/jmh-core-1.19.jar:/home/user/.m2/repository/net/sf/jopt-simple/jopt-simple/4.6/jopt-simple-4.6.jar:/home/user/.m2/repository/org/openjdk/jmh/jmh-generator-annprocess/1.19/jmh-generator-annprocess-1.19.jar:/home/user/.m2/repository/com/google/code/findbugs/findbugs/3.0.1/findbugs-3.0.1.jar:/home/user/.m2/repository/net/jcip/jcip-annotations/1.0/jcip-annotations-1.0.jar:/home/user/.m2/repository/com/google/code/findbugs/bcel-findbugs/6.0/bcel-findbugs-6.0.jar:/home/user/.m2/repository/com/google/code/findbugs/jFormatString/2.0.1/jFormatString-2.0.1.jar:/home/user/.m2/repository/dom4j/dom4j/1.6.1/dom4j-1.6.1.jar:/home/user/.m2/repository/xml-apis/xml-apis/1.0.b2/xml-apis-1.0.b2.jar:/home/user/.m2/repository/org/ow2/asm/asm-debug-all/5.0.2/asm-debug-all-5.0.2.jar:/home/user/.m2/repository/org/ow2/asm/asm-commons/5.0.2/asm-commons-5.0.2.jar:/home/user/.m2/repository/org/ow2/asm/asm-tree/5.0.2/asm-tree-5.0.2.jar:/home/user/.m2/repository/org/ow2/asm/asm/5.0.4/asm-5.0.4.jar:/home/user/.m2/repository/commons-lang/commons-lang/2.6/commons-lang-2.6.jar:/home/user/.m2/repository/com/apple/AppleJavaExtensions/1.4/AppleJavaExtensions-1.4.jar:/home/user/.m2/repository/jaxen/jaxen/1.1.6/jaxen-1.1.6.jar:/home/user/.m2/repository/junit/junit/4.11/junit-4.11.jar:/home/user/.m2/repository/org/hamcrest/hamcrest-core/1.3/hamcrest-core-1.3.jar:/home/user/.m2/repository/org/apache/hadoop/hadoop-common/3.2.0/hadoop-common-3.2.0-tests.jar:/home/user/.m2/repository/org/apache/hadoop/hadoop-ozone-integration-test/0.5.0-SNAPSHOT/hadoop-ozone-integration-test-0.5.0-SNAPSHOT-tests.jar:/workdir/hadoop-ozone/objectstore-service/target/classes:/workdir/hadoop-ozone/s3gateway/target/classes:/home/user/.m2/repository/org/jboss/weld/servlet/weld-servlet/2.4.7.Final/weld-servlet-2.4.7.Final.jar:/home/user/.m2/repository/org/glassfish/jersey/containers/jersey-container-servlet-core/2.27/jersey-container-servlet-core-2.27.jar:/home/user/.m2/repository/org/glassfish/hk2/external/javax.inject/2.5.0-b42/javax.inject-2.5.0-b42.jar:/home/user/.m2/repository/org/glassfish/jersey/core/jersey-common/2.27/jersey-common-2.27.jar:/home/user/.m2/repository/org/glassfish/hk2/osgi-resource-locator/1.0.1/osgi-resource-locator-1.0.1.jar:/home/user/.m2/repository/javax/ws/rs/javax.ws.rs-api/2.1/javax.ws.rs-api-2.1.jar:/home/user/.m2/repository/org/glassfish/jersey/ext/cdi/jersey-cdi1x/2.27/jersey-cdi1x-2.27.jar:/home/user/.m2/repository/org/glassfish/jersey/inject/jersey-hk2/2.27/jersey-hk2-2.27.jar:/home/user/.m2/repository/org/glassfish/hk2/hk2-locator/2.5.0-b42/hk2-locator-2.5.0-b42.jar:/home/user/.m2/repository/org/javassist/javassist/3.22.0-CR2/javassist-3.22.0-CR2.jar:/home/user/.m2/repository/org/glassfish/hk2/hk2-api/2.5.0/hk2-api-2.5.0.jar:/home/user/.m2/repository/org/glassfish/hk2/external/jakarta.inject/2.5.0/jakarta.inject-2.5.0.jar:/home/user/.m2/repository/org/glassfish/hk2/hk2-utils/2.5.0/hk2-utils-2.5.0.jar:/home/user/.m2/repository/jakarta/annotation/jakarta.annotation-api/1.3.4/jakarta.annotation-api-1.3.4.jar:/home/user/.m2/repository/org/glassfish/hk2/external/aopalliance-repackaged/2.5.0/aopalliance-repackaged-2.5.0.jar:/home/user/.m2/repository/com/fasterxml/jackson/dataformat/jackson-dataformat-xml/2.9.0/jackson-dataformat-xml-2.9.0.jar:/home/user/.m2/repository/com/fasterxml/jackson/module/jackson-module-jaxb-annotations/2.9.5/jackson-module-jaxb-annotations-2.9.5.jar:/home/user/.m2/repository/javax/enterprise/cdi-api/1.2/cdi-api-1.2.jar:/home/user/.m2/repository/javax/el/javax.el-api/3.0.0/javax.el-api-3.0.0.jar:/home/user/.m2/repository/javax/interceptor/javax.interceptor-api/1.2/javax.interceptor-api-1.2.jar:/home/user/.m2/repository/javax/inject/javax.inject/1/javax.inject-1.jar:/workdir/hadoop-ozone/csi/target/classes:/home/user/.m2/repository/com/google/protobuf/protobuf-java-util/3.5.1/protobuf-java-util-3.5.1.jar:/home/user/.m2/repository/io/grpc/grpc-netty/1.17.1/grpc-netty-1.17.1.jar:/home/user/.m2/repository/io/grpc/grpc-core/1.17.1/grpc-core-1.17.1.jar:/home/user/.m2/repository/io/grpc/grpc-context/1.17.1/grpc-context-1.17.1.jar:/home/user/.m2/repository/com/google/errorprone/error_prone_annotations/2.2.0/error_prone_annotations-2.2.0.jar:/home/user/.m2/repository/org/codehaus/mojo/animal-sniffer-annotations/1.17/animal-sniffer-annotations-1.17.jar:/home/user/.m2/repository/io/opencensus/opencensus-api/0.17.0/opencensus-api-0.17.0.jar:/home/user/.m2/repository/io/opencensus/opencensus-contrib-grpc-metrics/0.17.0/opencensus-contrib-grpc-metrics-0.17.0.jar:/home/user/.m2/repository/io/netty/netty-codec-http2/4.1.30.Final/netty-codec-http2-4.1.30.Final.jar:/home/user/.m2/repository/io/netty/netty-codec-http/4.1.30.Final/netty-codec-http-4.1.30.Final.jar:/home/user/.m2/repository/io/netty/netty-codec/4.1.30.Final/netty-codec-4.1.30.Final.jar:/home/user/.m2/repository/io/netty/netty-handler/4.1.30.Final/netty-handler-4.1.30.Final.jar:/home/user/.m2/repository/io/netty/netty-handler-proxy/4.1.30.Final/netty-handler-proxy-4.1.30.Final.jar:/home/user/.m2/repository/io/netty/netty-codec-socks/4.1.30.Final/netty-codec-socks-4.1.30.Final.jar:/home/user/.m2/repository/io/netty/netty-transport-native-epoll/4.1.30.Final/netty-transport-native-epoll-4.1.30.Final.jar:/home/user/.m2/repository/io/netty/netty-common/4.1.30.Final/netty-common-4.1.30.Final.jar:/home/user/.m2/repository/io/netty/netty-buffer/4.1.30.Final/netty-buffer-4.1.30.Final.jar:/home/user/.m2/repository/io/netty/netty-transport/4.1.30.Final/netty-transport-4.1.30.Final.jar:/home/user/.m2/repository/io/netty/netty-resolver/4.1.30.Final/netty-resolver-4.1.30.Final.jar:/home/user/.m2/repository/io/netty/netty-transport-native-unix-common/4.1.30.Final/netty-transport-native-unix-common-4.1.30.Final.jar:/home/user/.m2/repository/io/grpc/grpc-protobuf/1.17.1/grpc-protobuf-1.17.1.jar:/home/user/.m2/repository/com/google/api/grpc/proto-google-common-protos/1.0.0/proto-google-common-protos-1.0.0.jar:/home/user/.m2/repository/io/grpc/grpc-protobuf-lite/1.17.1/grpc-protobuf-lite-1.17.1.jar:/home/user/.m2/repository/io/grpc/grpc-stub/1.17.1/grpc-stub-1.17.1.jar:/workdir/hadoop-ozone/ozone-recon/target/classes:/workdir/hadoop-ozone/ozone-recon-codegen/target/classes:/home/user/.m2/repository/com/google/inject/extensions/guice-multibindings/4.0/guice-multibindings-4.0.jar:/home/user/.m2/repository/com/google/inject/guice/4.0/guice-4.0.jar:/home/user/.m2/repository/aopalliance/aopalliance/1.0/aopalliance-1.0.jar:/home/user/.m2/repository/com/google/inject/extensions/guice-servlet/4.0/guice-servlet-4.0.jar:/home/user/.m2/repository/org/glassfish/jersey/containers/jersey-container-servlet/2.27/jersey-container-servlet-2.27.jar:/home/user/.m2/repository/org/glassfish/hk2/guice-bridge/2.5.0/guice-bridge-2.5.0.jar:/home/user/.m2/repository/org/glassfish/jersey/core/jersey-server/2.27/jersey-server-2.27.jar:/home/user/.m2/repository/org/glassfish/jersey/core/jersey-client/2.27/jersey-client-2.27.jar:/home/user/.m2/repository/org/glassfish/jersey/media/jersey-media-jaxb/2.27/jersey-media-jaxb-2.27.jar:/home/user/.m2/repository/javax/validation/validation-api/1.1.0.Final/validation-api-1.1.0.Final.jar:/home/user/.m2/repository/org/glassfish/jersey/media/jersey-media-json-jackson/2.27/jersey-media-json-jackson-2.27.jar:/home/user/.m2/repository/org/glassfish/jersey/ext/jersey-entity-filtering/2.27/jersey-entity-filtering-2.27.jar:/home/user/.m2/repository/com/google/inject/extensions/guice-assistedinject/4.0/guice-assistedinject-4.0.jar:/home/user/.m2/repository/org/jooq/jooq/3.11.10/jooq-3.11.10.jar:/home/user/.m2/repository/org/jooq/jooq-meta/3.11.10/jooq-meta-3.11.10.jar:/home/user/.m2/repository/org/jooq/jooq-codegen/3.11.10/jooq-codegen-3.11.10.jar:/home/user/.m2/repository/com/jolbox/bonecp/0.8.0.RELEASE/bonecp-0.8.0.RELEASE.jar:/home/user/.m2/repository/org/springframework/spring-jdbc/5.1.3.RELEASE/spring-jdbc-5.1.3.RELEASE.jar:/home/user/.m2/repository/org/springframework/spring-beans/5.1.3.RELEASE/spring-beans-5.1.3.RELEASE.jar:/home/user/.m2/repository/org/springframework/spring-core/5.1.3.RELEASE/spring-core-5.1.3.RELEASE.jar:/home/user/.m2/repository/org/springframework/spring-jcl/5.1.3.RELEASE/spring-jcl-5.1.3.RELEASE.jar:/home/user/.m2/repository/org/springframework/spring-tx/5.1.3.RELEASE/spring-tx-5.1.3.RELEASE.jar:/home/user/.m2/repository/org/mockito/mockito-core/2.15.0/mockito-core-2.15.0.jar:/home/user/.m2/repository/net/bytebuddy/byte-buddy/1.7.9/byte-buddy-1.7.9.jar:/home/user/.m2/repository/net/bytebuddy/byte-buddy-agent/1.7.9/byte-buddy-agent-1.7.9.jar:/home/user/.m2/repository/org/objenesis/objenesis/1.0/objenesis-1.0.jar:"/>
    <property name="java.vm.vendor" value="IcedTea"/>
    <property name="sun.arch.data.model" value="64"/>
    <property name="test.build.dir" value="/workdir/hadoop-ozone/tools/target/test-dir"/>
    <property name="test.cache.data" value=""/>
    <property name="java.vendor.url" value="https://icedtea.classpath.org"/>
    <property name="user.timezone" value=""/>
    <property name="java.vm.specification.version" value="1.8"/>
    <property name="os.name" value="Linux"/>
    <property name="test.build.data" value="/workdir/hadoop-ozone/tools/target/test-dir"/>
    <property name="user.country" value="US"/>
    <property name="sun.java.launcher" value="SUN_STANDARD"/>
    <property name="sun.boot.library.path" value="/usr/lib/jvm/java-1.8-openjdk/jre/lib/amd64"/>
    <property name="sun.java.command" value="/workdir/hadoop-ozone/tools/target/surefire/surefirebooter257091085330723690.jar /workdir/hadoop-ozone/tools/target/surefire 2019-07-15T12-55-03_489-jvmRun1 surefire1679308999853976846tmp surefire_1038141331821795661095tmp"/>
    <property name="surefire.test.class.path" value="/workdir/hadoop-ozone/tools/target/test-classes:/workdir/hadoop-ozone/tools/target/classes:/workdir/hadoop-ozone/ozone-manager/target/classes:/workdir/hadoop-hdds/docs/target/classes:/home/user/.m2/repository/org/bouncycastle/bcprov-jdk15on/1.60/bcprov-jdk15on-1.60.jar:/workdir/hadoop-ozone/common/target/classes:/home/user/.m2/repository/org/apache/commons/commons-compress/1.4.1/commons-compress-1.4.1.jar:/home/user/.m2/repository/org/tukaani/xz/1.0/xz-1.0.jar:/home/user/.m2/repository/org/apache/hadoop/hadoop-hdfs-client/3.2.0/hadoop-hdfs-client-3.2.0.jar:/home/user/.m2/repository/com/fasterxml/jackson/core/jackson-annotations/2.9.5/jackson-annotations-2.9.5.jar:/workdir/hadoop-hdds/common/target/classes:/workdir/hadoop-hdds/config/target/classes:/home/user/.m2/repository/javax/annotation/javax.annotation-api/1.2/javax.annotation-api-1.2.jar:/home/user/.m2/repository/org/apache/ratis/ratis-server/0.4.0-2337318-SNAPSHOT/ratis-server-0.4.0-2337318-SNAPSHOT.jar:/home/user/.m2/repository/org/apache/ratis/ratis-thirdparty-misc/0.2.0/ratis-thirdparty-misc-0.2.0.jar:/home/user/.m2/repository/org/apache/ratis/ratis-proto/0.4.0-2337318-SNAPSHOT/ratis-proto-0.4.0-2337318-SNAPSHOT.jar:/home/user/.m2/repository/org/apache/ratis/ratis-common/0.4.0-2337318-SNAPSHOT/ratis-common-0.4.0-2337318-SNAPSHOT.jar:/home/user/.m2/repository/org/apache/ratis/ratis-client/0.4.0-2337318-SNAPSHOT/ratis-client-0.4.0-2337318-SNAPSHOT.jar:/home/user/.m2/repository/org/apache/ratis/ratis-metrics/0.4.0-2337318-SNAPSHOT/ratis-metrics-0.4.0-2337318-SNAPSHOT.jar:/home/user/.m2/repository/org/apache/ratis/ratis-netty/0.4.0-2337318-SNAPSHOT/ratis-netty-0.4.0-2337318-SNAPSHOT.jar:/home/user/.m2/repository/org/apache/ratis/ratis-grpc/0.4.0-2337318-SNAPSHOT/ratis-grpc-0.4.0-2337318-SNAPSHOT.jar:/home/user/.m2/repository/org/rocksdb/rocksdbjni/6.0.1/rocksdbjni-6.0.1.jar:/home/user/.m2/repository/org/apache/logging/log4j/log4j-api/2.11.0/log4j-api-2.11.0.jar:/home/user/.m2/repository/org/apache/logging/log4j/log4j-core/2.11.0/log4j-core-2.11.0.jar:/home/user/.m2/repository/com/lmax/disruptor/3.4.2/disruptor-3.4.2.jar:/home/user/.m2/repository/org/apache/commons/commons-pool2/2.6.0/commons-pool2-2.6.0.jar:/home/user/.m2/repository/org/bouncycastle/bcpkix-jdk15on/1.60/bcpkix-jdk15on-1.60.jar:/home/user/.m2/repository/commons-validator/commons-validator/1.6/commons-validator-1.6.jar:/home/user/.m2/repository/commons-digester/commons-digester/1.8.1/commons-digester-1.8.1.jar:/home/user/.m2/repository/io/jaegertracing/jaeger-client/0.33.1/jaeger-client-0.33.1.jar:/home/user/.m2/repository/io/jaegertracing/jaeger-thrift/0.33.1/jaeger-thrift-0.33.1.jar:/home/user/.m2/repository/org/apache/thrift/libthrift/0.11.0/libthrift-0.11.0.jar:/home/user/.m2/repository/com/squareup/okhttp3/okhttp/3.9.0/okhttp-3.9.0.jar:/home/user/.m2/repository/com/squareup/okio/okio/1.13.0/okio-1.13.0.jar:/home/user/.m2/repository/io/jaegertracing/jaeger-core/0.33.1/jaeger-core-0.33.1.jar:/home/user/.m2/repository/io/jaegertracing/jaeger-tracerresolver/0.33.1/jaeger-tracerresolver-0.33.1.jar:/home/user/.m2/repository/io/opentracing/contrib/opentracing-tracerresolver/0.1.5/opentracing-tracerresolver-0.1.5.jar:/home/user/.m2/repository/io/opentracing/opentracing-util/0.31.0/opentracing-util-0.31.0.jar:/home/user/.m2/repository/io/opentracing/opentracing-api/0.31.0/opentracing-api-0.31.0.jar:/home/user/.m2/repository/io/opentracing/opentracing-noop/0.31.0/opentracing-noop-0.31.0.jar:/home/user/.m2/repository/org/yaml/snakeyaml/1.16/snakeyaml-1.16.jar:/workdir/hadoop-hdds/container-service/target/classes:/workdir/hadoop-hdds/client/target/classes:/workdir/hadoop-hdds/tools/target/classes:/home/user/.m2/repository/org/xerial/sqlite-jdbc/3.25.2/sqlite-jdbc-3.25.2.jar:/workdir/hadoop-hdds/server-scm/target/classes:/home/user/.m2/repository/org/hamcrest/hamcrest-all/1.3/hamcrest-all-1.3.jar:/home/user/.m2/repository/info/picocli/picocli/3.9.6/picocli-3.9.6.jar:/home/user/.m2/repository/com/google/protobuf/protobuf-java/2.5.0/protobuf-java-2.5.0.jar:/home/user/.m2/repository/com/google/guava/guava/11.0.2/guava-11.0.2.jar:/workdir/hadoop-ozone/client/target/classes:/home/user/.m2/repository/org/apache/hadoop/hadoop-ozone-filesystem/0.5.0-SNAPSHOT/hadoop-ozone-filesystem-0.5.0-SNAPSHOT.jar:/workdir/hadoop-hdds/framework/target/classes:/home/user/.m2/repository/org/apache/hadoop/hadoop-common/3.2.0/hadoop-common-3.2.0.jar:/home/user/.m2/repository/org/apache/hadoop/hadoop-annotations/3.2.0/hadoop-annotations-3.2.0.jar:/usr/lib/jvm/java-1.8-openjdk/jre/../lib/tools.jar:/home/user/.m2/repository/commons-cli/commons-cli/1.2/commons-cli-1.2.jar:/home/user/.m2/repository/org/apache/commons/commons-math3/3.1.1/commons-math3-3.1.1.jar:/home/user/.m2/repository/org/apache/httpcomponents/httpclient/4.5.2/httpclient-4.5.2.jar:/home/user/.m2/repository/org/apache/httpcomponents/httpcore/4.4.4/httpcore-4.4.4.jar:/home/user/.m2/repository/commons-codec/commons-codec/1.11/commons-codec-1.11.jar:/home/user/.m2/repository/commons-io/commons-io/2.5/commons-io-2.5.jar:/home/user/.m2/repository/commons-net/commons-net/3.6/commons-net-3.6.jar:/home/user/.m2/repository/commons-collections/commons-collections/3.2.2/commons-collections-3.2.2.jar:/home/user/.m2/repository/javax/servlet/javax.servlet-api/3.1.0/javax.servlet-api-3.1.0.jar:/home/user/.m2/repository/org/eclipse/jetty/jetty-server/9.3.24.v20180605/jetty-server-9.3.24.v20180605.jar:/home/user/.m2/repository/org/eclipse/jetty/jetty-http/9.3.24.v20180605/jetty-http-9.3.24.v20180605.jar:/home/user/.m2/repository/org/eclipse/jetty/jetty-io/9.3.24.v20180605/jetty-io-9.3.24.v20180605.jar:/home/user/.m2/repository/org/eclipse/jetty/jetty-util/9.3.24.v20180605/jetty-util-9.3.24.v20180605.jar:/home/user/.m2/repository/org/eclipse/jetty/jetty-servlet/9.3.24.v20180605/jetty-servlet-9.3.24.v20180605.jar:/home/user/.m2/repository/org/eclipse/jetty/jetty-security/9.3.24.v20180605/jetty-security-9.3.24.v20180605.jar:/home/user/.m2/repository/org/eclipse/jetty/jetty-webapp/9.3.24.v20180605/jetty-webapp-9.3.24.v20180605.jar:/home/user/.m2/repository/org/eclipse/jetty/jetty-xml/9.3.24.v20180605/jetty-xml-9.3.24.v20180605.jar:/home/user/.m2/repository/javax/servlet/jsp/jsp-api/2.1/jsp-api-2.1.jar:/home/user/.m2/repository/com/sun/jersey/jersey-core/1.19/jersey-core-1.19.jar:/home/user/.m2/repository/javax/ws/rs/jsr311-api/1.1.1/jsr311-api-1.1.1.jar:/home/user/.m2/repository/com/sun/jersey/jersey-servlet/1.19/jersey-servlet-1.19.jar:/home/user/.m2/repository/com/sun/jersey/jersey-json/1.19/jersey-json-1.19.jar:/home/user/.m2/repository/org/codehaus/jettison/jettison/1.1/jettison-1.1.jar:/home/user/.m2/repository/com/sun/xml/bind/jaxb-impl/2.3.0.1/jaxb-impl-2.3.0.1.jar:/home/user/.m2/repository/org/codehaus/jackson/jackson-core-asl/1.9.13/jackson-core-asl-1.9.13.jar:/home/user/.m2/repository/org/codehaus/jackson/jackson-mapper-asl/1.9.13/jackson-mapper-asl-1.9.13.jar:/home/user/.m2/repository/org/codehaus/jackson/jackson-jaxrs/1.9.13/jackson-jaxrs-1.9.13.jar:/home/user/.m2/repository/org/codehaus/jackson/jackson-xc/1.9.13/jackson-xc-1.9.13.jar:/home/user/.m2/repository/com/sun/jersey/jersey-server/1.19/jersey-server-1.19.jar:/home/user/.m2/repository/commons-logging/commons-logging/1.1.3/commons-logging-1.1.3.jar:/home/user/.m2/repository/log4j/log4j/1.2.17/log4j-1.2.17.jar:/home/user/.m2/repository/commons-beanutils/commons-beanutils/1.9.3/commons-beanutils-1.9.3.jar:/home/user/.m2/repository/org/apache/commons/commons-configuration2/2.1.1/commons-configuration2-2.1.1.jar:/home/user/.m2/repository/org/apache/commons/commons-lang3/3.7/commons-lang3-3.7.jar:/home/user/.m2/repository/org/apache/commons/commons-text/1.4/commons-text-1.4.jar:/home/user/.m2/repository/org/slf4j/slf4j-api/1.7.25/slf4j-api-1.7.25.jar:/home/user/.m2/repository/org/slf4j/slf4j-log4j12/1.7.25/slf4j-log4j12-1.7.25.jar:/home/user/.m2/repository/org/apache/avro/avro/1.7.7/avro-1.7.7.jar:/home/user/.m2/repository/com/thoughtworks/paranamer/paranamer/2.3/paranamer-2.3.jar:/home/user/.m2/repository/org/xerial/snappy/snappy-java/1.0.5/snappy-java-1.0.5.jar:/home/user/.m2/repository/com/google/re2j/re2j/1.1/re2j-1.1.jar:/home/user/.m2/repository/com/google/code/gson/gson/2.2.4/gson-2.2.4.jar:/home/user/.m2/repository/org/apache/hadoop/hadoop-auth/3.2.0/hadoop-auth-3.2.0.jar:/home/user/.m2/repository/com/nimbusds/nimbus-jose-jwt/4.41.1/nimbus-jose-jwt-4.41.1.jar:/home/user/.m2/repository/com/github/stephenc/jcip/jcip-annotations/1.0-1/jcip-annotations-1.0-1.jar:/home/user/.m2/repository/net/minidev/json-smart/2.3/json-smart-2.3.jar:/home/user/.m2/repository/net/minidev/accessors-smart/1.2/accessors-smart-1.2.jar:/home/user/.m2/repository/org/apache/curator/curator-framework/2.12.0/curator-framework-2.12.0.jar:/home/user/.m2/repository/com/jcraft/jsch/0.1.54/jsch-0.1.54.jar:/home/user/.m2/repository/org/apache/curator/curator-client/2.12.0/curator-client-2.12.0.jar:/home/user/.m2/repository/org/apache/curator/curator-recipes/2.12.0/curator-recipes-2.12.0.jar:/home/user/.m2/repository/com/google/code/findbugs/jsr305/3.0.0/jsr305-3.0.0.jar:/home/user/.m2/repository/org/apache/htrace/htrace-core4/4.1.0-incubating/htrace-core4-4.1.0-incubating.jar:/home/user/.m2/repository/org/apache/zookeeper/zookeeper/3.4.13/zookeeper-3.4.13.jar:/home/user/.m2/repository/org/apache/yetus/audience-annotations/0.5.0/audience-annotations-0.5.0.jar:/home/user/.m2/repository/org/apache/kerby/kerb-simplekdc/1.0.1/kerb-simplekdc-1.0.1.jar:/home/user/.m2/repository/org/apache/kerby/kerb-client/1.0.1/kerb-client-1.0.1.jar:/home/user/.m2/repository/org/apache/kerby/kerby-config/1.0.1/kerby-config-1.0.1.jar:/home/user/.m2/repository/org/apache/kerby/kerb-core/1.0.1/kerb-core-1.0.1.jar:/home/user/.m2/repository/org/apache/kerby/kerby-pkix/1.0.1/kerby-pkix-1.0.1.jar:/home/user/.m2/repository/org/apache/kerby/kerby-asn1/1.0.1/kerby-asn1-1.0.1.jar:/home/user/.m2/repository/org/apache/kerby/kerby-util/1.0.1/kerby-util-1.0.1.jar:/home/user/.m2/repository/org/apache/kerby/kerb-common/1.0.1/kerb-common-1.0.1.jar:/home/user/.m2/repository/org/apache/kerby/kerb-crypto/1.0.1/kerb-crypto-1.0.1.jar:/home/user/.m2/repository/org/apache/kerby/kerb-util/1.0.1/kerb-util-1.0.1.jar:/home/user/.m2/repository/org/apache/kerby/token-provider/1.0.1/token-provider-1.0.1.jar:/home/user/.m2/repository/org/apache/kerby/kerb-admin/1.0.1/kerb-admin-1.0.1.jar:/home/user/.m2/repository/org/apache/kerby/kerb-server/1.0.1/kerb-server-1.0.1.jar:/home/user/.m2/repository/org/apache/kerby/kerb-identity/1.0.1/kerb-identity-1.0.1.jar:/home/user/.m2/repository/org/apache/kerby/kerby-xdr/1.0.1/kerby-xdr-1.0.1.jar:/home/user/.m2/repository/com/fasterxml/jackson/core/jackson-databind/2.9.5/jackson-databind-2.9.5.jar:/home/user/.m2/repository/com/fasterxml/jackson/core/jackson-core/2.9.5/jackson-core-2.9.5.jar:/home/user/.m2/repository/org/codehaus/woodstox/stax2-api/3.1.4/stax2-api-3.1.4.jar:/home/user/.m2/repository/com/fasterxml/woodstox/woodstox-core/5.0.3/woodstox-core-5.0.3.jar:/home/user/.m2/repository/dnsjava/dnsjava/2.1.7/dnsjava-2.1.7.jar:/home/user/.m2/repository/org/apache/hadoop/hadoop-hdfs/3.2.0/hadoop-hdfs-3.2.0.jar:/home/user/.m2/repository/org/eclipse/jetty/jetty-util-ajax/9.3.24.v20180605/jetty-util-ajax-9.3.24.v20180605.jar:/home/user/.m2/repository/commons-daemon/commons-daemon/1.0.13/commons-daemon-1.0.13.jar:/home/user/.m2/repository/io/netty/netty/3.10.5.Final/netty-3.10.5.Final.jar:/home/user/.m2/repository/io/netty/netty-all/4.0.52.Final/netty-all-4.0.52.Final.jar:/home/user/.m2/repository/org/fusesource/leveldbjni/leveldbjni-all/1.8/leveldbjni-all-1.8.jar:/home/user/.m2/repository/com/sun/xml/bind/jaxb-core/2.3.0.1/jaxb-core-2.3.0.1.jar:/home/user/.m2/repository/javax/xml/bind/jaxb-api/2.3.0/jaxb-api-2.3.0.jar:/home/user/.m2/repository/javax/activation/activation/1.1.1/activation-1.1.1.jar:/home/user/.m2/repository/io/dropwizard/metrics/metrics-core/3.2.4/metrics-core-3.2.4.jar:/home/user/.m2/repository/org/openjdk/jmh/jmh-core/1.19/jmh-core-1.19.jar:/home/user/.m2/repository/net/sf/jopt-simple/jopt-simple/4.6/jopt-simple-4.6.jar:/home/user/.m2/repository/org/openjdk/jmh/jmh-generator-annprocess/1.19/jmh-generator-annprocess-1.19.jar:/home/user/.m2/repository/com/google/code/findbugs/findbugs/3.0.1/findbugs-3.0.1.jar:/home/user/.m2/repository/net/jcip/jcip-annotations/1.0/jcip-annotations-1.0.jar:/home/user/.m2/repository/com/google/code/findbugs/bcel-findbugs/6.0/bcel-findbugs-6.0.jar:/home/user/.m2/repository/com/google/code/findbugs/jFormatString/2.0.1/jFormatString-2.0.1.jar:/home/user/.m2/repository/dom4j/dom4j/1.6.1/dom4j-1.6.1.jar:/home/user/.m2/repository/xml-apis/xml-apis/1.0.b2/xml-apis-1.0.b2.jar:/home/user/.m2/repository/org/ow2/asm/asm-debug-all/5.0.2/asm-debug-all-5.0.2.jar:/home/user/.m2/repository/org/ow2/asm/asm-commons/5.0.2/asm-commons-5.0.2.jar:/home/user/.m2/repository/org/ow2/asm/asm-tree/5.0.2/asm-tree-5.0.2.jar:/home/user/.m2/repository/org/ow2/asm/asm/5.0.4/asm-5.0.4.jar:/home/user/.m2/repository/commons-lang/commons-lang/2.6/commons-lang-2.6.jar:/home/user/.m2/repository/com/apple/AppleJavaExtensions/1.4/AppleJavaExtensions-1.4.jar:/home/user/.m2/repository/jaxen/jaxen/1.1.6/jaxen-1.1.6.jar:/home/user/.m2/repository/junit/junit/4.11/junit-4.11.jar:/home/user/.m2/repository/org/hamcrest/hamcrest-core/1.3/hamcrest-core-1.3.jar:/home/user/.m2/repository/org/apache/hadoop/hadoop-common/3.2.0/hadoop-common-3.2.0-tests.jar:/home/user/.m2/repository/org/apache/hadoop/hadoop-ozone-integration-test/0.5.0-SNAPSHOT/hadoop-ozone-integration-test-0.5.0-SNAPSHOT-tests.jar:/workdir/hadoop-ozone/objectstore-service/target/classes:/workdir/hadoop-ozone/s3gateway/target/classes:/home/user/.m2/repository/org/jboss/weld/servlet/weld-servlet/2.4.7.Final/weld-servlet-2.4.7.Final.jar:/home/user/.m2/repository/org/glassfish/jersey/containers/jersey-container-servlet-core/2.27/jersey-container-servlet-core-2.27.jar:/home/user/.m2/repository/org/glassfish/hk2/external/javax.inject/2.5.0-b42/javax.inject-2.5.0-b42.jar:/home/user/.m2/repository/org/glassfish/jersey/core/jersey-common/2.27/jersey-common-2.27.jar:/home/user/.m2/repository/org/glassfish/hk2/osgi-resource-locator/1.0.1/osgi-resource-locator-1.0.1.jar:/home/user/.m2/repository/javax/ws/rs/javax.ws.rs-api/2.1/javax.ws.rs-api-2.1.jar:/home/user/.m2/repository/org/glassfish/jersey/ext/cdi/jersey-cdi1x/2.27/jersey-cdi1x-2.27.jar:/home/user/.m2/repository/org/glassfish/jersey/inject/jersey-hk2/2.27/jersey-hk2-2.27.jar:/home/user/.m2/repository/org/glassfish/hk2/hk2-locator/2.5.0-b42/hk2-locator-2.5.0-b42.jar:/home/user/.m2/repository/org/javassist/javassist/3.22.0-CR2/javassist-3.22.0-CR2.jar:/home/user/.m2/repository/org/glassfish/hk2/hk2-api/2.5.0/hk2-api-2.5.0.jar:/home/user/.m2/repository/org/glassfish/hk2/external/jakarta.inject/2.5.0/jakarta.inject-2.5.0.jar:/home/user/.m2/repository/org/glassfish/hk2/hk2-utils/2.5.0/hk2-utils-2.5.0.jar:/home/user/.m2/repository/jakarta/annotation/jakarta.annotation-api/1.3.4/jakarta.annotation-api-1.3.4.jar:/home/user/.m2/repository/org/glassfish/hk2/external/aopalliance-repackaged/2.5.0/aopalliance-repackaged-2.5.0.jar:/home/user/.m2/repository/com/fasterxml/jackson/dataformat/jackson-dataformat-xml/2.9.0/jackson-dataformat-xml-2.9.0.jar:/home/user/.m2/repository/com/fasterxml/jackson/module/jackson-module-jaxb-annotations/2.9.5/jackson-module-jaxb-annotations-2.9.5.jar:/home/user/.m2/repository/javax/enterprise/cdi-api/1.2/cdi-api-1.2.jar:/home/user/.m2/repository/javax/el/javax.el-api/3.0.0/javax.el-api-3.0.0.jar:/home/user/.m2/repository/javax/interceptor/javax.interceptor-api/1.2/javax.interceptor-api-1.2.jar:/home/user/.m2/repository/javax/inject/javax.inject/1/javax.inject-1.jar:/workdir/hadoop-ozone/csi/target/classes:/home/user/.m2/repository/com/google/protobuf/protobuf-java-util/3.5.1/protobuf-java-util-3.5.1.jar:/home/user/.m2/repository/io/grpc/grpc-netty/1.17.1/grpc-netty-1.17.1.jar:/home/user/.m2/repository/io/grpc/grpc-core/1.17.1/grpc-core-1.17.1.jar:/home/user/.m2/repository/io/grpc/grpc-context/1.17.1/grpc-context-1.17.1.jar:/home/user/.m2/repository/com/google/errorprone/error_prone_annotations/2.2.0/error_prone_annotations-2.2.0.jar:/home/user/.m2/repository/org/codehaus/mojo/animal-sniffer-annotations/1.17/animal-sniffer-annotations-1.17.jar:/home/user/.m2/repository/io/opencensus/opencensus-api/0.17.0/opencensus-api-0.17.0.jar:/home/user/.m2/repository/io/opencensus/opencensus-contrib-grpc-metrics/0.17.0/opencensus-contrib-grpc-metrics-0.17.0.jar:/home/user/.m2/repository/io/netty/netty-codec-http2/4.1.30.Final/netty-codec-http2-4.1.30.Final.jar:/home/user/.m2/repository/io/netty/netty-codec-http/4.1.30.Final/netty-codec-http-4.1.30.Final.jar:/home/user/.m2/repository/io/netty/netty-codec/4.1.30.Final/netty-codec-4.1.30.Final.jar:/home/user/.m2/repository/io/netty/netty-handler/4.1.30.Final/netty-handler-4.1.30.Final.jar:/home/user/.m2/repository/io/netty/netty-handler-proxy/4.1.30.Final/netty-handler-proxy-4.1.30.Final.jar:/home/user/.m2/repository/io/netty/netty-codec-socks/4.1.30.Final/netty-codec-socks-4.1.30.Final.jar:/home/user/.m2/repository/io/netty/netty-transport-native-epoll/4.1.30.Final/netty-transport-native-epoll-4.1.30.Final.jar:/home/user/.m2/repository/io/netty/netty-common/4.1.30.Final/netty-common-4.1.30.Final.jar:/home/user/.m2/repository/io/netty/netty-buffer/4.1.30.Final/netty-buffer-4.1.30.Final.jar:/home/user/.m2/repository/io/netty/netty-transport/4.1.30.Final/netty-transport-4.1.30.Final.jar:/home/user/.m2/repository/io/netty/netty-resolver/4.1.30.Final/netty-resolver-4.1.30.Final.jar:/home/user/.m2/repository/io/netty/netty-transport-native-unix-common/4.1.30.Final/netty-transport-native-unix-common-4.1.30.Final.jar:/home/user/.m2/repository/io/grpc/grpc-protobuf/1.17.1/grpc-protobuf-1.17.1.jar:/home/user/.m2/repository/com/google/api/grpc/proto-google-common-protos/1.0.0/proto-google-common-protos-1.0.0.jar:/home/user/.m2/repository/io/grpc/grpc-protobuf-lite/1.17.1/grpc-protobuf-lite-1.17.1.jar:/home/user/.m2/repository/io/grpc/grpc-stub/1.17.1/grpc-stub-1.17.1.jar:/workdir/hadoop-ozone/ozone-recon/target/classes:/workdir/hadoop-ozone/ozone-recon-codegen/target/classes:/home/user/.m2/repository/com/google/inject/extensions/guice-multibindings/4.0/guice-multibindings-4.0.jar:/home/user/.m2/repository/com/google/inject/guice/4.0/guice-4.0.jar:/home/user/.m2/repository/aopalliance/aopalliance/1.0/aopalliance-1.0.jar:/home/user/.m2/repository/com/google/inject/extensions/guice-servlet/4.0/guice-servlet-4.0.jar:/home/user/.m2/repository/org/glassfish/jersey/containers/jersey-container-servlet/2.27/jersey-container-servlet-2.27.jar:/home/user/.m2/repository/org/glassfish/hk2/guice-bridge/2.5.0/guice-bridge-2.5.0.jar:/home/user/.m2/repository/org/glassfish/jersey/core/jersey-server/2.27/jersey-server-2.27.jar:/home/user/.m2/repository/org/glassfish/jersey/core/jersey-client/2.27/jersey-client-2.27.jar:/home/user/.m2/repository/org/glassfish/jersey/media/jersey-media-jaxb/2.27/jersey-media-jaxb-2.27.jar:/home/user/.m2/repository/javax/validation/validation-api/1.1.0.Final/validation-api-1.1.0.Final.jar:/home/user/.m2/repository/org/glassfish/jersey/media/jersey-media-json-jackson/2.27/jersey-media-json-jackson-2.27.jar:/home/user/.m2/repository/org/glassfish/jersey/ext/jersey-entity-filtering/2.27/jersey-entity-filtering-2.27.jar:/home/user/.m2/repository/com/google/inject/extensions/guice-assistedinject/4.0/guice-assistedinject-4.0.jar:/home/user/.m2/repository/org/jooq/jooq/3.11.10/jooq-3.11.10.jar:/home/user/.m2/repository/org/jooq/jooq-meta/3.11.10/jooq-meta-3.11.10.jar:/home/user/.m2/repository/org/jooq/jooq-codegen/3.11.10/jooq-codegen-3.11.10.jar:/home/user/.m2/repository/com/jolbox/bonecp/0.8.0.RELEASE/bonecp-0.8.0.RELEASE.jar:/home/user/.m2/repository/org/springframework/spring-jdbc/5.1.3.RELEASE/spring-jdbc-5.1.3.RELEASE.jar:/home/user/.m2/repository/org/springframework/spring-beans/5.1.3.RELEASE/spring-beans-5.1.3.RELEASE.jar:/home/user/.m2/repository/org/springframework/spring-core/5.1.3.RELEASE/spring-core-5.1.3.RELEASE.jar:/home/user/.m2/repository/org/springframework/spring-jcl/5.1.3.RELEASE/spring-jcl-5.1.3.RELEASE.jar:/home/user/.m2/repository/org/springframework/spring-tx/5.1.3.RELEASE/spring-tx-5.1.3.RELEASE.jar:/home/user/.m2/repository/org/mockito/mockito-core/2.15.0/mockito-core-2.15.0.jar:/home/user/.m2/repository/net/bytebuddy/byte-buddy/1.7.9/byte-buddy-1.7.9.jar:/home/user/.m2/repository/net/bytebuddy/byte-buddy-agent/1.7.9/byte-buddy-agent-1.7.9.jar:/home/user/.m2/repository/org/objenesis/objenesis/1.0/objenesis-1.0.jar:"/>
    <property name="sun.cpu.endian" value="little"/>
    <property name="user.home" value="/home/user"/>
    <property name="user.language" value="en"/>
    <property name="java.specification.vendor" value="Oracle Corporation"/>
    <property name="java.home" value="/usr/lib/jvm/java-1.8-openjdk/jre"/>
    <property name="java.security.krb5.conf" value="/workdir/hadoop-ozone/tools/target/test-classes/krb5.conf"/>
    <property name="basedir" value="/workdir/hadoop-ozone/tools"/>
    <property name="file.separator" value="/"/>
    <property name="line.separator" value="&#10;"/>
    <property name="java.vm.specification.vendor" value="Oracle Corporation"/>
    <property name="java.specification.name" value="Java Platform API Specification"/>
    <property name="java.awt.graphicsenv" value="sun.awt.X11GraphicsEnvironment"/>
    <property name="surefire.real.class.path" value="/workdir/hadoop-ozone/tools/target/surefire/surefirebooter257091085330723690.jar"/>
    <property name="hadoop.log.dir" value="/workdir/hadoop-ozone/tools/target/log"/>
    <property name="sun.boot.class.path" value="/usr/lib/jvm/java-1.8-openjdk/jre/lib/resources.jar:/usr/lib/jvm/java-1.8-openjdk/jre/lib/rt.jar:/usr/lib/jvm/java-1.8-openjdk/jre/lib/sunrsasign.jar:/usr/lib/jvm/java-1.8-openjdk/jre/lib/jsse.jar:/usr/lib/jvm/java-1.8-openjdk/jre/lib/jce.jar:/usr/lib/jvm/java-1.8-openjdk/jre/lib/charsets.jar:/usr/lib/jvm/java-1.8-openjdk/jre/lib/jfr.jar:/usr/lib/jvm/java-1.8-openjdk/jre/classes"/>
    <property name="sun.management.compiler" value="HotSpot 64-Bit Tiered Compilers"/>
    <property name="java.runtime.version" value="1.8.0_212-b04"/>
    <property name="java.net.preferIPv4Stack" value="true"/>
    <property name="user.name" value="jenkins1000"/>
    <property name="path.separator" value=":"/>
    <property name="java.security.egd" value="file:///dev/urandom"/>
    <property name="os.version" value="3.10.0-957.12.2.el7.x86_64"/>
    <property name="java.endorsed.dirs" value="/usr/lib/jvm/java-1.8-openjdk/jre/lib/endorsed"/>
    <property name="java.runtime.name" value="OpenJDK Runtime Environment"/>
    <property name="file.encoding" value="UTF-8"/>
    <property name="java.vm.name" value="OpenJDK 64-Bit Server VM"/>
    <property name="test.build.webapps" value=""/>
    <property name="localRepository" value="/home/user/.m2/repository"/>
    <property name="java.vendor.url.bug" value="https://icedtea.classpath.org/bugzilla"/>
    <property name="java.io.tmpdir" value="/tmp"/>
    <property name="require.test.libhadoop" value=""/>
    <property name="java.version" value="1.8.0_212"/>
    <property name="user.dir" value="/workdir/hadoop-ozone/tools"/>
    <property name="os.arch" value="amd64"/>
    <property name="java.vm.specification.name" value="Java Virtual Machine Specification"/>
    <property name="test.build.classes" value="/workdir/hadoop-ozone/tools/target/test-classes"/>
    <property name="java.awt.printerjob" value="sun.print.PSPrinterJob"/>
    <property name="sun.os.patch.level" value="unknown"/>
    <property name="hadoop.tmp.dir" value="/workdir/hadoop-ozone/tools/target/tmp"/>
    <property name="java.library.path" value="/usr/lib/jvm/java-1.8-openjdk/jre/lib/amd64/server:/usr/lib/jvm/java-1.8-openjdk/jre/lib/amd64:/usr/lib/jvm/java-1.8-openjdk/jre/../lib/amd64:/workdir/hadoop-ozone/tools/target/native/target/usr/local/lib:/workdir/hadoop-ozone/tools/../../hadoop-common-project/hadoop-common/target/native/target/usr/local/lib:/usr/java/packages/lib/amd64:/usr/lib64:/lib64:/lib:/usr/lib"/>
    <property name="java.vm.info" value="mixed mode"/>
    <property name="java.vendor" value="IcedTea"/>
    <property name="java.vm.version" value="25.212-b04"/>
    <property name="java.ext.dirs" value="/usr/lib/jvm/java-1.8-openjdk/jre/lib/ext:/usr/java/packages/lib/ext"/>
    <property name="sun.io.unicode.encoding" value="UnicodeLittle"/>
    <property name="java.class.version" value="52.0"/>
  </properties>
  <testcase name="ratisTest3" classname="org.apache.hadoop.ozone.freon.TestRandomKeyGenerator" time="10.324"/>
  <testcase name="testThreadPoolSize" classname="org.apache.hadoop.ozone.freon.TestRandomKeyGenerator" time="5.059"/>
  <testcase name="defaultTest" classname="org.apache.hadoop.ozone.freon.TestRandomKeyGenerator" time="5.025"/>
  <testcase name="bigFileThan2GB" classname="org.apache.hadoop.ozone.freon.TestRandomKeyGenerator" time="72.254">
    <error type="java.lang.UnsupportedOperationException">java.lang.UnsupportedOperationException
	at java.util.AbstractList.add(AbstractList.java:148)
	at java.util.AbstractList.add(AbstractList.java:108)
	at java.util.AbstractCollection.addAll(AbstractCollection.java:344)
	at org.apache.hadoop.hdds.scm.storage.BlockOutputStream.watchForCommit(BlockOutputStream.java:363)
	at org.apache.hadoop.hdds.scm.storage.BlockOutputStream.handleFlush(BlockOutputStream.java:487)
	at org.apache.hadoop.hdds.scm.storage.BlockOutputStream.close(BlockOutputStream.java:501)
	at org.apache.hadoop.ozone.client.io.BlockOutputStreamEntry.close(BlockOutputStreamEntry.java:143)
	at org.apache.hadoop.ozone.client.io.KeyOutputStream.handleFlushOrClose(KeyOutputStream.java:438)
	at org.apache.hadoop.ozone.client.io.KeyOutputStream.handleWrite(KeyOutputStream.java:235)
	at org.apache.hadoop.ozone.client.io.KeyOutputStream.write(KeyOutputStream.java:193)
	at org.apache.hadoop.ozone.client.io.OzoneOutputStream.write(OzoneOutputStream.java:49)
	at org.apache.hadoop.ozone.freon.RandomKeyGenerator$KeyProcessor.run(RandomKeyGenerator.java:693)
	at java.util.concurrent.Executors$RunnableAdapter.call(Executors.java:511)
	at java.util.concurrent.FutureTask.run(FutureTask.java:266)
	at java.util.concurrent.ThreadPoolExecutor.runWorker(ThreadPoolExecutor.java:1149)
	at java.util.concurrent.ThreadPoolExecutor$Worker.run(ThreadPoolExecutor.java:624)
	at java.lang.Thread.run(Thread.java:748)
</error>
    <system-out><![CDATA[2019-07-15 13:06:45,622 INFO  freon.RandomKeyGenerator (RandomKeyGenerator.java:call(262)) - Number of Threads: 1
2019-07-15 13:06:45,622 INFO  freon.RandomKeyGenerator (RandomKeyGenerator.java:call(267)) - Number of Volumes: 1.
2019-07-15 13:06:45,622 INFO  freon.RandomKeyGenerator (RandomKeyGenerator.java:call(268)) - Number of Buckets per Volume: 1.
2019-07-15 13:06:45,622 INFO  freon.RandomKeyGenerator (RandomKeyGenerator.java:call(269)) - Number of Keys per Bucket: 1.
2019-07-15 13:06:45,622 INFO  freon.RandomKeyGenerator (RandomKeyGenerator.java:call(270)) - Key size: 2147483657 bytes
2019-07-15 13:06:45,622 INFO  freon.RandomKeyGenerator (RandomKeyGenerator.java:call(271)) - Buffer size: 4096 bytes
2019-07-15 13:06:45,624 INFO  rpc.RpcClient (RpcClient.java:createVolume(287)) - Creating Volume: vol-0-42788, with jenkins1000 as owner.
2019-07-15 13:06:45,624 INFO  freon.RandomKeyGenerator (RandomKeyGenerator.java:call(286)) - Data validation is enabled.
2019-07-15 13:06:45,624 INFO  freon.RandomKeyGenerator (RandomKeyGenerator.java:call(299)) - Starting progress bar Thread.

 0.00% |█                                                                                                    |  0/1 Time: 0:00:002019-07-15 13:06:45,631 INFO  rpc.RpcClient (RpcClient.java:createBucket(424)) - Creating Bucket: vol-0-42788/bucket-0-35423, with Versioning false and Storage Type set to DISK and Encryption set to false 
2019-07-15 13:06:45,733 INFO  client.GrpcClientProtocolClient (GrpcClientProtocolClient.java:onNext(255)) - client-B30EC828C355->c26939f8-4d1f-4fb1-95c4-1aa8f7e5d3f6: receive RaftClientReply:client-B30EC828C355->c26939f8-4d1f-4fb1-95c4-1aa8f7e5d3f6@group-D25BE8053FEA, cid=600, SUCCESS, logIndex=715, commits[c26939f8-4d1f-4fb1-95c4-1aa8f7e5d3f6:c715, c5393538-959b-47cf-9d9c-19dac7bed4ee:c714, a2e6e0ff-38a8-4bcf-9958-a89ff312531d:c714]
2019-07-15 13:06:45,760 INFO  client.GrpcClientProtocolClient (GrpcClientProtocolClient.java:onNext(255)) - client-B30EC828C355->c26939f8-4d1f-4fb1-95c4-1aa8f7e5d3f6: receive RaftClientReply:client-B30EC828C355->c26939f8-4d1f-4fb1-95c4-1aa8f7e5d3f6@group-D25BE8053FEA, cid=601, SUCCESS, logIndex=717, commits[c26939f8-4d1f-4fb1-95c4-1aa8f7e5d3f6:c717, c5393538-959b-47cf-9d9c-19dac7bed4ee:c716, a2e6e0ff-38a8-4bcf-9958-a89ff312531d:c716]
2019-07-15 13:06:45,768 INFO  client.GrpcClientProtocolClient (GrpcClientProtocolClient.java:onNext(255)) - client-B30EC828C355->c26939f8-4d1f-4fb1-95c4-1aa8f7e5d3f6: receive RaftClientReply:client-B30EC828C355->c26939f8-4d1f-4fb1-95c4-1aa8f7e5d3f6@group-D25BE8053FEA, cid=602, SUCCESS, logIndex=718, commits[c26939f8-4d1f-4fb1-95c4-1aa8f7e5d3f6:c719, c5393538-959b-47cf-9d9c-19dac7bed4ee:c716, a2e6e0ff-38a8-4bcf-9958-a89ff312531d:c716]
2019-07-15 13:06:45,769 INFO  client.GrpcClientProtocolClient (GrpcClientProtocolClient.java:onNext(255)) - client-B30EC828C355->c26939f8-4d1f-4fb1-95c4-1aa8f7e5d3f6: receive RaftClientReply:client-B30EC828C355->c26939f8-4d1f-4fb1-95c4-1aa8f7e5d3f6@group-D25BE8053FEA, cid=603, SUCCESS, logIndex=719, commits[c26939f8-4d1f-4fb1-95c4-1aa8f7e5d3f6:c720, c5393538-959b-47cf-9d9c-19dac7bed4ee:c717, a2e6e0ff-38a8-4bcf-9958-a89ff312531d:c717]
2019-07-15 13:06:45,797 INFO  client.GrpcClientProtocolClient (GrpcClientProtocolClient.java:onNext(255)) - client-B30EC828C355->c26939f8-4d1f-4fb1-95c4-1aa8f7e5d3f6: receive RaftClientReply:client-B30EC828C355->c26939f8-4d1f-4fb1-95c4-1aa8f7e5d3f6@group-D25BE8053FEA, cid=604, SUCCESS, logIndex=723, commits[c26939f8-4d1f-4fb1-95c4-1aa8f7e5d3f6:c724, c5393538-959b-47cf-9d9c-19dac7bed4ee:c722, a2e6e0ff-38a8-4bcf-9958-a89ff312531d:c722]
2019-07-15 13:06:45,798 INFO  client.GrpcClientProtocolClient (GrpcClientProtocolClient.java:onNext(255)) - client-B30EC828C355->c26939f8-4d1f-4fb1-95c4-1aa8f7e5d3f6: receive RaftClientReply:client-B30EC828C355->c26939f8-4d1f-4fb1-95c4-1aa8f7e5d3f6@group-D25BE8053FEA, cid=605, SUCCESS, logIndex=724, commits[c26939f8-4d1f-4fb1-95c4-1aa8f7e5d3f6:c724, c5393538-959b-47cf-9d9c-19dac7bed4ee:c722, a2e6e0ff-38a8-4bcf-9958-a89ff312531d:c722]
2019-07-15 13:06:45,823 INFO  client.GrpcClientProtocolClient (GrpcClientProtocolClient.java:onNext(255)) - client-B30EC828C355->c26939f8-4d1f-4fb1-95c4-1aa8f7e5d3f6: receive RaftClientReply:client-B30EC828C355->c26939f8-4d1f-4fb1-95c4-1aa8f7e5d3f6@group-D25BE8053FEA, cid=606, SUCCESS, logIndex=727, commits[c26939f8-4d1f-4fb1-95c4-1aa8f7e5d3f6:c728, c5393538-959b-47cf-9d9c-19dac7bed4ee:c724, a2e6e0ff-38a8-4bcf-9958-a89ff312531d:c724]
2019-07-15 13:06:45,824 INFO  client.GrpcClientProtocolClient (GrpcClientProtocolClient.java:onNext(255)) - client-B30EC828C355->c26939f8-4d1f-4fb1-95c4-1aa8f7e5d3f6: receive RaftClientReply:client-B30EC828C355->c26939f8-4d1f-4fb1-95c4-1aa8f7e5d3f6@group-D25BE8053FEA, cid=607, SUCCESS, logIndex=728, commits[c26939f8-4d1f-4fb1-95c4-1aa8f7e5d3f6:c728, c5393538-959b-47cf-9d9c-19dac7bed4ee:c724, a2e6e0ff-38a8-4bcf-9958-a89ff312531d:c724]
2019-07-15 13:06:45,838 INFO  client.GrpcClientProtocolClient (GrpcClientProtocolClient.java:onNext(255)) - client-B30EC828C355->c26939f8-4d1f-4fb1-95c4-1aa8f7e5d3f6: receive RaftClientReply:client-B30EC828C355->c26939f8-4d1f-4fb1-95c4-1aa8f7e5d3f6@group-D25BE8053FEA, cid=608, SUCCESS, logIndex=0, commits[c26939f8-4d1f-4fb1-95c4-1aa8f7e5d3f6:c730, c5393538-959b-47cf-9d9c-19dac7bed4ee:c728, a2e6e0ff-38a8-4bcf-9958-a89ff312531d:c728]
2019-07-15 13:06:46,060 INFO  client.GrpcClientProtocolClient (GrpcClientProtocolClient.java:onNext(255)) - client-B30EC828C355->c26939f8-4d1f-4fb1-95c4-1aa8f7e5d3f6: receive RaftClientReply:client-B30EC828C355->c26939f8-4d1f-4fb1-95c4-1aa8f7e5d3f6@group-D25BE8053FEA, cid=609, SUCCESS, logIndex=731, commits[c26939f8-4d1f-4fb1-95c4-1aa8f7e5d3f6:c734, c5393538-959b-47cf-9d9c-19dac7bed4ee:c730, a2e6e0ff-38a8-4bcf-9958-a89ff312531d:c730]
2019-07-15 13:06:46,061 INFO  client.GrpcClientProtocolClient (GrpcClientProtocolClient.java:onNext(255)) - client-B30EC828C355->c26939f8-4d1f-4fb1-95c4-1aa8f7e5d3f6: receive RaftClientReply:client-B30EC828C355->c26939f8-4d1f-4fb1-95c4-1aa8f7e5d3f6@group-D25BE8053FEA, cid=610, SUCCESS, logIndex=732, commits[c26939f8-4d1f-4fb1-95c4-1aa8f7e5d3f6:c734, c5393538-959b-47cf-9d9c-19dac7bed4ee:c730, a2e6e0ff-38a8-4bcf-9958-a89ff312531d:c730]
2019-07-15 13:06:46,062 INFO  client.GrpcClientProtocolClient (GrpcClientProtocolClient.java:onNext(255)) - client-B30EC828C355->c26939f8-4d1f-4fb1-95c4-1aa8f7e5d3f6: receive RaftClientReply:client-B30EC828C355->c26939f8-4d1f-4fb1-95c4-1aa8f7e5d3f6@group-D25BE8053FEA, cid=611, SUCCESS, logIndex=733, commits[c26939f8-4d1f-4fb1-95c4-1aa8f7e5d3f6:c734, c5393538-959b-47cf-9d9c-19dac7bed4ee:c730, a2e6e0ff-38a8-4bcf-9958-a89ff312531d:c730]
2019-07-15 13:06:46,063 INFO  client.GrpcClientProtocolClient (GrpcClientProtocolClient.java:onNext(255)) - client-B30EC828C355->c26939f8-4d1f-4fb1-95c4-1aa8f7e5d3f6: receive RaftClientReply:client-B30EC828C355->c26939f8-4d1f-4fb1-95c4-1aa8f7e5d3f6@group-D25BE8053FEA, cid=612, SUCCESS, logIndex=734, commits[c26939f8-4d1f-4fb1-95c4-1aa8f7e5d3f6:c735, c5393538-959b-47cf-9d9c-19dac7bed4ee:c732, a2e6e0ff-38a8-4bcf-9958-a89ff312531d:c732]
2019-07-15 13:06:46,087 INFO  client.GrpcClientProtocolClient (GrpcClientProtocolClient.java:onNext(255)) - client-B30EC828C355->c26939f8-4d1f-4fb1-95c4-1aa8f7e5d3f6: receive RaftClientReply:client-B30EC828C355->c26939f8-4d1f-4fb1-95c4-1aa8f7e5d3f6@group-D25BE8053FEA, cid=613, SUCCESS, logIndex=739, commits[c26939f8-4d1f-4fb1-95c4-1aa8f7e5d3f6:c740, c5393538-959b-47cf-9d9c-19dac7bed4ee:c738, a2e6e0ff-38a8-4bcf-9958-a89ff312531d:c738]
2019-07-15 13:06:46,087 INFO  client.GrpcClientProtocolClient (GrpcClientProtocolClient.java:onNext(255)) - client-B30EC828C355->c26939f8-4d1f-4fb1-95c4-1aa8f7e5d3f6: receive RaftClientReply:client-B30EC828C355->c26939f8-4d1f-4fb1-95c4-1aa8f7e5d3f6@group-D25BE8053FEA, cid=614, SUCCESS, logIndex=740, commits[c26939f8-4d1f-4fb1-95c4-1aa8f7e5d3f6:c740, c5393538-959b-47cf-9d9c-19dac7bed4ee:c738, a2e6e0ff-38a8-4bcf-9958-a89ff312531d:c738]
2019-07-15 13:06:46,114 INFO  client.GrpcClientProtocolClient (GrpcClientProtocolClient.java:onNext(255)) - client-B30EC828C355->c26939f8-4d1f-4fb1-95c4-1aa8f7e5d3f6: receive RaftClientReply:client-B30EC828C355->c26939f8-4d1f-4fb1-95c4-1aa8f7e5d3f6@group-D25BE8053FEA, cid=615, SUCCESS, logIndex=743, commits[c26939f8-4d1f-4fb1-95c4-1aa8f7e5d3f6:c744, c5393538-959b-47cf-9d9c-19dac7bed4ee:c740, a2e6e0ff-38a8-4bcf-9958-a89ff312531d:c740]
2019-07-15 13:06:46,115 INFO  client.GrpcClientProtocolClient (GrpcClientProtocolClient.java:onNext(255)) - client-B30EC828C355->c26939f8-4d1f-4fb1-95c4-1aa8f7e5d3f6: receive RaftClientReply:client-B30EC828C355->c26939f8-4d1f-4fb1-95c4-1aa8f7e5d3f6@group-D25BE8053FEA, cid=616, SUCCESS, logIndex=744, commits[c26939f8-4d1f-4fb1-95c4-1aa8f7e5d3f6:c744, c5393538-959b-47cf-9d9c-19dac7bed4ee:c740, a2e6e0ff-38a8-4bcf-9958-a89ff312531d:c740]
2019-07-15 13:06:46,128 INFO  client.GrpcClientProtocolClient (GrpcClientProtocolClient.java:onNext(255)) - client-B30EC828C355->c26939f8-4d1f-4fb1-95c4-1aa8f7e5d3f6: receive RaftClientReply:client-B30EC828C355->c26939f8-4d1f-4fb1-95c4-1aa8f7e5d3f6@group-D25BE8053FEA, cid=617, SUCCESS, logIndex=0, commits[c26939f8-4d1f-4fb1-95c4-1aa8f7e5d3f6:c745, c5393538-959b-47cf-9d9c-19dac7bed4ee:c744, a2e6e0ff-38a8-4bcf-9958-a89ff312531d:c744]
2019-07-15 13:06:46,152 INFO  client.GrpcClientProtocolClient (GrpcClientProtocolClient.java:onNext(255)) - client-B30EC828C355->c26939f8-4d1f-4fb1-95c4-1aa8f7e5d3f6: receive RaftClientReply:client-B30EC828C355->c26939f8-4d1f-4fb1-95c4-1aa8f7e5d3f6@group-D25BE8053FEA, cid=618, SUCCESS, logIndex=747, commits[c26939f8-4d1f-4fb1-95c4-1aa8f7e5d3f6:c748, c5393538-959b-47cf-9d9c-19dac7bed4ee:c746, a2e6e0ff-38a8-4bcf-9958-a89ff312531d:c746]
2019-07-15 13:06:46,153 INFO  client.GrpcClientProtocolClient (GrpcClientProtocolClient.java:onNext(255)) - client-B30EC828C355->c26939f8-4d1f-4fb1-95c4-1aa8f7e5d3f6: receive RaftClientReply:client-B30EC828C355->c26939f8-4d1f-4fb1-95c4-1aa8f7e5d3f6@group-D25BE8053FEA, cid=619, SUCCESS, logIndex=748, commits[c26939f8-4d1f-4fb1-95c4-1aa8f7e5d3f6:c750, c5393538-959b-47cf-9d9c-19dac7bed4ee:c746, a2e6e0ff-38a8-4bcf-9958-a89ff312531d:c746]
2019-07-15 13:06:46,153 INFO  client.GrpcClientProtocolClient (GrpcClientProtocolClient.java:onNext(255)) - client-B30EC828C355->c26939f8-4d1f-4fb1-95c4-1aa8f7e5d3f6: receive RaftClientReply:client-B30EC828C355->c26939f8-4d1f-4fb1-95c4-1aa8f7e5d3f6@group-D25BE8053FEA, cid=620, SUCCESS, logIndex=749, commits[c26939f8-4d1f-4fb1-95c4-1aa8f7e5d3f6:c750, c5393538-959b-47cf-9d9c-19dac7bed4ee:c746, a2e6e0ff-38a8-4bcf-9958-a89ff312531d:c746]
2019-07-15 13:06:46,154 INFO  client.GrpcClientProtocolClient (GrpcClientProtocolClient.java:onNext(255)) - client-B30EC828C355->c26939f8-4d1f-4fb1-95c4-1aa8f7e5d3f6: receive RaftClientReply:client-B30EC828C355->c26939f8-4d1f-4fb1-95c4-1aa8f7e5d3f6@group-D25BE8053FEA, cid=621, SUCCESS, logIndex=750, commits[c26939f8-4d1f-4fb1-95c4-1aa8f7e5d3f6:c751, c5393538-959b-47cf-9d9c-19dac7bed4ee:c747, a2e6e0ff-38a8-4bcf-9958-a89ff312531d:c746]
2019-07-15 13:06:46,155 INFO  client.GrpcClientProtocolClient (GrpcClientProtocolClient.java:onNext(255)) - client-B30EC828C355->c26939f8-4d1f-4fb1-95c4-1aa8f7e5d3f6: receive RaftClientReply:client-B30EC828C355->c26939f8-4d1f-4fb1-95c4-1aa8f7e5d3f6@group-D25BE8053FEA, cid=622, SUCCESS, logIndex=0, commits[c26939f8-4d1f-4fb1-95c4-1aa8f7e5d3f6:c754, c5393538-959b-47cf-9d9c-19dac7bed4ee:c750, a2e6e0ff-38a8-4bcf-9958-a89ff312531d:c750]
2019-07-15 13:06:46,178 INFO  client.GrpcClientProtocolClient (GrpcClientProtocolClient.java:onNext(255)) - client-B30EC828C355->c26939f8-4d1f-4fb1-95c4-1aa8f7e5d3f6: receive RaftClientReply:client-B30EC828C355->c26939f8-4d1f-4fb1-95c4-1aa8f7e5d3f6@group-D25BE8053FEA, cid=623, SUCCESS, logIndex=755, commits[c26939f8-4d1f-4fb1-95c4-1aa8f7e5d3f6:c756, c5393538-959b-47cf-9d9c-19dac7bed4ee:c754, a2e6e0ff-38a8-4bcf-9958-a89ff312531d:c754]
2019-07-15 13:06:46,179 INFO  client.GrpcClientProtocolClient (GrpcClientProtocolClient.java:onNext(255)) - client-B30EC828C355->c26939f8-4d1f-4fb1-95c4-1aa8f7e5d3f6: receive RaftClientReply:client-B30EC828C355->c26939f8-4d1f-4fb1-95c4-1aa8f7e5d3f6@group-D25BE8053FEA, cid=624, SUCCESS, logIndex=756, commits[c26939f8-4d1f-4fb1-95c4-1aa8f7e5d3f6:c756, c5393538-959b-47cf-9d9c-19dac7bed4ee:c754, a2e6e0ff-38a8-4bcf-9958-a89ff312531d:c754]
2019-07-15 13:06:46,206 INFO  client.GrpcClientProtocolClient (GrpcClientProtocolClient.java:onNext(255)) - client-B30EC828C355->c26939f8-4d1f-4fb1-95c4-1aa8f7e5d3f6: receive RaftClientReply:client-B30EC828C355->c26939f8-4d1f-4fb1-95c4-1aa8f7e5d3f6@group-D25BE8053FEA, cid=625, SUCCESS, logIndex=759, commits[c26939f8-4d1f-4fb1-95c4-1aa8f7e5d3f6:c760, c5393538-959b-47cf-9d9c-19dac7bed4ee:c756, a2e6e0ff-38a8-4bcf-9958-a89ff312531d:c756]
2019-07-15 13:06:46,206 INFO  client.GrpcClientProtocolClient (GrpcClientProtocolClient.java:onNext(255)) - client-B30EC828C355->c26939f8-4d1f-4fb1-95c4-1aa8f7e5d3f6: receive RaftClientReply:client-B30EC828C355->c26939f8-4d1f-4fb1-95c4-1aa8f7e5d3f6@group-D25BE8053FEA, cid=626, SUCCESS, logIndex=760, commits[c26939f8-4d1f-4fb1-95c4-1aa8f7e5d3f6:c760, c5393538-959b-47cf-9d9c-19dac7bed4ee:c756, a2e6e0ff-38a8-4bcf-9958-a89ff312531d:c756]
2019-07-15 13:06:46,218 INFO  client.GrpcClientProtocolClient (GrpcClientProtocolClient.java:onNext(255)) - client-B30EC828C355->c26939f8-4d1f-4fb1-95c4-1aa8f7e5d3f6: receive RaftClientReply:client-B30EC828C355->c26939f8-4d1f-4fb1-95c4-1aa8f7e5d3f6@group-D25BE8053FEA, cid=627, SUCCESS, logIndex=0, commits[c26939f8-4d1f-4fb1-95c4-1aa8f7e5d3f6:c762, c5393538-959b-47cf-9d9c-19dac7bed4ee:c760, a2e6e0ff-38a8-4bcf-9958-a89ff312531d:c760]
2019-07-15 13:06:46,241 INFO  client.GrpcClientProtocolClient (GrpcClientProtocolClient.java:onNext(255)) - client-B30EC828C355->c26939f8-4d1f-4fb1-95c4-1aa8f7e5d3f6: receive RaftClientReply:client-B30EC828C355->c26939f8-4d1f-4fb1-95c4-1aa8f7e5d3f6@group-D25BE8053FEA, cid=628, SUCCESS, logIndex=763, commits[c26939f8-4d1f-4fb1-95c4-1aa8f7e5d3f6:c764, c5393538-959b-47cf-9d9c-19dac7bed4ee:c762, a2e6e0ff-38a8-4bcf-9958-a89ff312531d:c762]
2019-07-15 13:06:46,242 INFO  client.GrpcClientProtocolClient (GrpcClientProtocolClient.java:onNext(255)) - client-B30EC828C355->c26939f8-4d1f-4fb1-95c4-1aa8f7e5d3f6: receive RaftClientReply:client-B30EC828C355->c26939f8-4d1f-4fb1-95c4-1aa8f7e5d3f6@group-D25BE8053FEA, cid=629, SUCCESS, logIndex=764, commits[c26939f8-4d1f-4fb1-95c4-1aa8f7e5d3f6:c766, c5393538-959b-47cf-9d9c-19dac7bed4ee:c762, a2e6e0ff-38a8-4bcf-9958-a89ff312531d:c762]
2019-07-15 13:06:46,242 INFO  client.GrpcClientProtocolClient (GrpcClientProtocolClient.java:onNext(255)) - client-B30EC828C355->c26939f8-4d1f-4fb1-95c4-1aa8f7e5d3f6: receive RaftClientReply:client-B30EC828C355->c26939f8-4d1f-4fb1-95c4-1aa8f7e5d3f6@group-D25BE8053FEA, cid=630, SUCCESS, logIndex=765, commits[c26939f8-4d1f-4fb1-95c4-1aa8f7e5d3f6:c766, c5393538-959b-47cf-9d9c-19dac7bed4ee:c762, a2e6e0ff-38a8-4bcf-9958-a89ff312531d:c762]
2019-07-15 13:06:46,242 INFO  client.GrpcClientProtocolClient (GrpcClientProtocolClient.java:onNext(255)) - client-B30EC828C355->c26939f8-4d1f-4fb1-95c4-1aa8f7e5d3f6: receive RaftClientReply:client-B30EC828C355->c26939f8-4d1f-4fb1-95c4-1aa8f7e5d3f6@group-D25BE8053FEA, cid=631, SUCCESS, logIndex=766, commits[c26939f8-4d1f-4fb1-95c4-1aa8f7e5d3f6:c766, c5393538-959b-47cf-9d9c-19dac7bed4ee:c762, a2e6e0ff-38a8-4bcf-9958-a89ff312531d:c762]
2019-07-15 13:06:46,253 INFO  client.GrpcClientProtocolClient (GrpcClientProtocolClient.java:onNext(255)) - client-B30EC828C355->c26939f8-4d1f-4fb1-95c4-1aa8f7e5d3f6: receive RaftClientReply:client-B30EC828C355->c26939f8-4d1f-4fb1-95c4-1aa8f7e5d3f6@group-D25BE8053FEA, cid=632, SUCCESS, logIndex=0, commits[c26939f8-4d1f-4fb1-95c4-1aa8f7e5d3f6:c767, c5393538-959b-47cf-9d9c-19dac7bed4ee:c764, a2e6e0ff-38a8-4bcf-9958-a89ff312531d:c764]
2019-07-15 13:06:46,268 INFO  client.GrpcClientProtocolClient (GrpcClientProtocolClient.java:onNext(255)) - client-B30EC828C355->c26939f8-4d1f-4fb1-95c4-1aa8f7e5d3f6: receive RaftClientReply:client-B30EC828C355->c26939f8-4d1f-4fb1-95c4-1aa8f7e5d3f6@group-D25BE8053FEA, cid=633, SUCCESS, logIndex=771, commits[c26939f8-4d1f-4fb1-95c4-1aa8f7e5d3f6:c772, c5393538-959b-47cf-9d9c-19dac7bed4ee:c770, a2e6e0ff-38a8-4bcf-9958-a89ff312531d:c770]
2019-07-15 13:06:46,269 INFO  client.GrpcClientProtocolClient (GrpcClientProtocolClient.java:onNext(255)) - client-B30EC828C355->c26939f8-4d1f-4fb1-95c4-1aa8f7e5d3f6: receive RaftClientReply:client-B30EC828C355->c26939f8-4d1f-4fb1-95c4-1aa8f7e5d3f6@group-D25BE8053FEA, cid=634, SUCCESS, logIndex=772, commits[c26939f8-4d1f-4fb1-95c4-1aa8f7e5d3f6:c772, c5393538-959b-47cf-9d9c-19dac7bed4ee:c770, a2e6e0ff-38a8-4bcf-9958-a89ff312531d:c770]
2019-07-15 13:06:46,282 INFO  client.GrpcClientProtocolClient (GrpcClientProtocolClient.java:onNext(255)) - client-B30EC828C355->c26939f8-4d1f-4fb1-95c4-1aa8f7e5d3f6: receive RaftClientReply:client-B30EC828C355->c26939f8-4d1f-4fb1-95c4-1aa8f7e5d3f6@group-D25BE8053FEA, cid=635, SUCCESS, logIndex=775, commits[c26939f8-4d1f-4fb1-95c4-1aa8f7e5d3f6:c776, c5393538-959b-47cf-9d9c-19dac7bed4ee:c774, a2e6e0ff-38a8-4bcf-9958-a89ff312531d:c774]
2019-07-15 13:06:46,283 INFO  client.GrpcClientProtocolClient (GrpcClientProtocolClient.java:onNext(255)) - client-B30EC828C355->c26939f8-4d1f-4fb1-95c4-1aa8f7e5d3f6: receive RaftClientReply:client-B30EC828C355->c26939f8-4d1f-4fb1-95c4-1aa8f7e5d3f6@group-D25BE8053FEA, cid=636, SUCCESS, logIndex=776, commits[c26939f8-4d1f-4fb1-95c4-1aa8f7e5d3f6:c776, c5393538-959b-47cf-9d9c-19dac7bed4ee:c774, a2e6e0ff-38a8-4bcf-9958-a89ff312531d:c774]
2019-07-15 13:06:46,284 INFO  client.GrpcClientProtocolClient (GrpcClientProtocolClient.java:onNext(255)) - client-B30EC828C355->c26939f8-4d1f-4fb1-95c4-1aa8f7e5d3f6: receive RaftClientReply:client-B30EC828C355->c26939f8-4d1f-4fb1-95c4-1aa8f7e5d3f6@group-D25BE8053FEA, cid=637, SUCCESS, logIndex=0, commits[c26939f8-4d1f-4fb1-95c4-1aa8f7e5d3f6:c777, c5393538-959b-47cf-9d9c-19dac7bed4ee:c776, a2e6e0ff-38a8-4bcf-9958-a89ff312531d:c776]
2019-07-15 13:06:46,298 INFO  client.GrpcClientProtocolClient (GrpcClientProtocolClient.java:onNext(255)) - client-B30EC828C355->c26939f8-4d1f-4fb1-95c4-1aa8f7e5d3f6: receive RaftClientReply:client-B30EC828C355->c26939f8-4d1f-4fb1-95c4-1aa8f7e5d3f6@group-D25BE8053FEA, cid=638, SUCCESS, logIndex=779, commits[c26939f8-4d1f-4fb1-95c4-1aa8f7e5d3f6:c780, c5393538-959b-47cf-9d9c-19dac7bed4ee:c778, a2e6e0ff-38a8-4bcf-9958-a89ff312531d:c776]
2019-07-15 13:06:46,299 INFO  client.GrpcClientProtocolClient (GrpcClientProtocolClient.java:onNext(255)) - client-B30EC828C355->c26939f8-4d1f-4fb1-95c4-1aa8f7e5d3f6: receive RaftClientReply:client-B30EC828C355->c26939f8-4d1f-4fb1-95c4-1aa8f7e5d3f6@group-D25BE8053FEA, cid=639, SUCCESS, logIndex=780, commits[c26939f8-4d1f-4fb1-95c4-1aa8f7e5d3f6:c780, c5393538-959b-47cf-9d9c-19dac7bed4ee:c778, a2e6e0ff-38a8-4bcf-9958-a89ff312531d:c776]
2019-07-15 13:06:46,302 INFO  client.GrpcClientProtocolClient (GrpcClientProtocolClient.java:onNext(255)) - client-B30EC828C355->c26939f8-4d1f-4fb1-95c4-1aa8f7e5d3f6: receive RaftClientReply:client-B30EC828C355->c26939f8-4d1f-4fb1-95c4-1aa8f7e5d3f6@group-D25BE8053FEA, cid=640, SUCCESS, logIndex=781, commits[c26939f8-4d1f-4fb1-95c4-1aa8f7e5d3f6:c782, c5393538-959b-47cf-9d9c-19dac7bed4ee:c778, a2e6e0ff-38a8-4bcf-9958-a89ff312531d:c778]
2019-07-15 13:06:46,302 INFO  client.GrpcClientProtocolClient (GrpcClientProtocolClient.java:onNext(255)) - client-B30EC828C355->c26939f8-4d1f-4fb1-95c4-1aa8f7e5d3f6: receive RaftClientReply:client-B30EC828C355->c26939f8-4d1f-4fb1-95c4-1aa8f7e5d3f6@group-D25BE8053FEA, cid=641, SUCCESS, logIndex=782, commits[c26939f8-4d1f-4fb1-95c4-1aa8f7e5d3f6:c784, c5393538-959b-47cf-9d9c-19dac7bed4ee:c780, a2e6e0ff-38a8-4bcf-9958-a89ff312531d:c780]
2019-07-15 13:06:46,315 INFO  client.GrpcClientProtocolClient (GrpcClientProtocolClient.java:onNext(255)) - client-B30EC828C355->c26939f8-4d1f-4fb1-95c4-1aa8f7e5d3f6: receive RaftClientReply:client-B30EC828C355->c26939f8-4d1f-4fb1-95c4-1aa8f7e5d3f6@group-D25BE8053FEA, cid=642, SUCCESS, logIndex=787, commits[c26939f8-4d1f-4fb1-95c4-1aa8f7e5d3f6:c788, c5393538-959b-47cf-9d9c-19dac7bed4ee:c786, a2e6e0ff-38a8-4bcf-9958-a89ff312531d:c786]
2019-07-15 13:06:46,316 INFO  client.GrpcClientProtocolClient (GrpcClientProtocolClient.java:onNext(255)) - client-B30EC828C355->c26939f8-4d1f-4fb1-95c4-1aa8f7e5d3f6: receive RaftClientReply:client-B30EC828C355->c26939f8-4d1f-4fb1-95c4-1aa8f7e5d3f6@group-D25BE8053FEA, cid=643, SUCCESS, logIndex=788, commits[c26939f8-4d1f-4fb1-95c4-1aa8f7e5d3f6:c788, c5393538-959b-47cf-9d9c-19dac7bed4ee:c786, a2e6e0ff-38a8-4bcf-9958-a89ff312531d:c786]
2019-07-15 13:06:46,348 INFO  client.GrpcClientProtocolClient (GrpcClientProtocolClient.java:onNext(255)) - client-B30EC828C355->c26939f8-4d1f-4fb1-95c4-1aa8f7e5d3f6: receive RaftClientReply:client-B30EC828C355->c26939f8-4d1f-4fb1-95c4-1aa8f7e5d3f6@group-D25BE8053FEA, cid=644, SUCCESS, logIndex=791, commits[c26939f8-4d1f-4fb1-95c4-1aa8f7e5d3f6:c792, c5393538-959b-47cf-9d9c-19dac7bed4ee:c790, a2e6e0ff-38a8-4bcf-9958-a89ff312531d:c790]
2019-07-15 13:06:46,349 INFO  client.GrpcClientProtocolClient (GrpcClientProtocolClient.java:onNext(255)) - client-B30EC828C355->c26939f8-4d1f-4fb1-95c4-1aa8f7e5d3f6: receive RaftClientReply:client-B30EC828C355->c26939f8-4d1f-4fb1-95c4-1aa8f7e5d3f6@group-D25BE8053FEA, cid=645, SUCCESS, logIndex=792, commits[c26939f8-4d1f-4fb1-95c4-1aa8f7e5d3f6:c792, c5393538-959b-47cf-9d9c-19dac7bed4ee:c790, a2e6e0ff-38a8-4bcf-9958-a89ff312531d:c790]
2019-07-15 13:06:46,356 INFO  client.GrpcClientProtocolClient (GrpcClientProtocolClient.java:onNext(255)) - client-B30EC828C355->c26939f8-4d1f-4fb1-95c4-1aa8f7e5d3f6: receive RaftClientReply:client-B30EC828C355->c26939f8-4d1f-4fb1-95c4-1aa8f7e5d3f6@group-D25BE8053FEA, cid=646, SUCCESS, logIndex=0, commits[c26939f8-4d1f-4fb1-95c4-1aa8f7e5d3f6:c794, c5393538-959b-47cf-9d9c-19dac7bed4ee:c792, a2e6e0ff-38a8-4bcf-9958-a89ff312531d:c792]
2019-07-15 13:06:46,380 INFO  client.GrpcClientProtocolClient (GrpcClientProtocolClient.java:onNext(255)) - client-B30EC828C355->c26939f8-4d1f-4fb1-95c4-1aa8f7e5d3f6: receive RaftClientReply:client-B30EC828C355->c26939f8-4d1f-4fb1-95c4-1aa8f7e5d3f6@group-D25BE8053FEA, cid=647, SUCCESS, logIndex=795, commits[c26939f8-4d1f-4fb1-95c4-1aa8f7e5d3f6:c796, c5393538-959b-47cf-9d9c-19dac7bed4ee:c794, a2e6e0ff-38a8-4bcf-9958-a89ff312531d:c794]
2019-07-15 13:06:46,381 INFO  client.GrpcClientProtocolClient (GrpcClientProtocolClient.java:onNext(255)) - client-B30EC828C355->c26939f8-4d1f-4fb1-95c4-1aa8f7e5d3f6: receive RaftClientReply:client-B30EC828C355->c26939f8-4d1f-4fb1-95c4-1aa8f7e5d3f6@group-D25BE8053FEA, cid=648, SUCCESS, logIndex=796, commits[c26939f8-4d1f-4fb1-95c4-1aa8f7e5d3f6:c797, c5393538-959b-47cf-9d9c-19dac7bed4ee:c794, a2e6e0ff-38a8-4bcf-9958-a89ff312531d:c794]
2019-07-15 13:06:46,381 INFO  client.GrpcClientProtocolClient (GrpcClientProtocolClient.java:onNext(255)) - client-B30EC828C355->c26939f8-4d1f-4fb1-95c4-1aa8f7e5d3f6: receive RaftClientReply:client-B30EC828C355->c26939f8-4d1f-4fb1-95c4-1aa8f7e5d3f6@group-D25BE8053FEA, cid=649, SUCCESS, logIndex=797, commits[c26939f8-4d1f-4fb1-95c4-1aa8f7e5d3f6:c798, c5393538-959b-47cf-9d9c-19dac7bed4ee:c794, a2e6e0ff-38a8-4bcf-9958-a89ff312531d:c794]
2019-07-15 13:06:46,381 INFO  client.GrpcClientProtocolClient (GrpcClientProtocolClient.java:onNext(255)) - client-B30EC828C355->c26939f8-4d1f-4fb1-95c4-1aa8f7e5d3f6: receive RaftClientReply:client-B30EC828C355->c26939f8-4d1f-4fb1-95c4-1aa8f7e5d3f6@group-D25BE8053FEA, cid=650, SUCCESS, logIndex=798, commits[c26939f8-4d1f-4fb1-95c4-1aa8f7e5d3f6:c798, c5393538-959b-47cf-9d9c-19dac7bed4ee:c794, a2e6e0ff-38a8-4bcf-9958-a89ff312531d:c794]
2019-07-15 13:06:46,393 INFO  client.GrpcClientProtocolClient (GrpcClientProtocolClient.java:onNext(255)) - client-B30EC828C355->c26939f8-4d1f-4fb1-95c4-1aa8f7e5d3f6: receive RaftClientReply:client-B30EC828C355->c26939f8-4d1f-4fb1-95c4-1aa8f7e5d3f6@group-D25BE8053FEA, cid=651, SUCCESS, logIndex=0, commits[c26939f8-4d1f-4fb1-95c4-1aa8f7e5d3f6:c801, c5393538-959b-47cf-9d9c-19dac7bed4ee:c798, a2e6e0ff-38a8-4bcf-9958-a89ff312531d:c796]
2019-07-15 13:06:46,418 INFO  client.GrpcClientProtocolClient (GrpcClientProtocolClient.java:onNext(255)) - client-B30EC828C355->c26939f8-4d1f-4fb1-95c4-1aa8f7e5d3f6: receive RaftClientReply:client-B30EC828C355->c26939f8-4d1f-4fb1-95c4-1aa8f7e5d3f6@group-D25BE8053FEA, cid=652, SUCCESS, logIndex=803, commits[c26939f8-4d1f-4fb1-95c4-1aa8f7e5d3f6:c804, c5393538-959b-47cf-9d9c-19dac7bed4ee:c802, a2e6e0ff-38a8-4bcf-9958-a89ff312531d:c802]
2019-07-15 13:06:46,418 INFO  client.GrpcClientProtocolClient (GrpcClientProtocolClient.java:onNext(255)) - client-B30EC828C355->c26939f8-4d1f-4fb1-95c4-1aa8f7e5d3f6: receive RaftClientReply:client-B30EC828C355->c26939f8-4d1f-4fb1-95c4-1aa8f7e5d3f6@group-D25BE8053FEA, cid=653, SUCCESS, logIndex=804, commits[c26939f8-4d1f-4fb1-95c4-1aa8f7e5d3f6:c804, c5393538-959b-47cf-9d9c-19dac7bed4ee:c802, a2e6e0ff-38a8-4bcf-9958-a89ff312531d:c802]
2019-07-15 13:06:46,444 INFO  client.GrpcClientProtocolClient (GrpcClientProtocolClient.java:onNext(255)) - client-B30EC828C355->c26939f8-4d1f-4fb1-95c4-1aa8f7e5d3f6: receive RaftClientReply:client-B30EC828C355->c26939f8-4d1f-4fb1-95c4-1aa8f7e5d3f6@group-D25BE8053FEA, cid=654, SUCCESS, logIndex=807, commits[c26939f8-4d1f-4fb1-95c4-1aa8f7e5d3f6:c808, c5393538-959b-47cf-9d9c-19dac7bed4ee:c804, a2e6e0ff-38a8-4bcf-9958-a89ff312531d:c804]
2019-07-15 13:06:46,445 INFO  client.GrpcClientProtocolClient (GrpcClientProtocolClient.java:onNext(255)) - client-B30EC828C355->c26939f8-4d1f-4fb1-95c4-1aa8f7e5d3f6: receive RaftClientReply:client-B30EC828C355->c26939f8-4d1f-4fb1-95c4-1aa8f7e5d3f6@group-D25BE8053FEA, cid=655, SUCCESS, logIndex=808, commits[c26939f8-4d1f-4fb1-95c4-1aa8f7e5d3f6:c808, c5393538-959b-47cf-9d9c-19dac7bed4ee:c804, a2e6e0ff-38a8-4bcf-9958-a89ff312531d:c804]
2019-07-15 13:06:46,458 INFO  client.GrpcClientProtocolClient (GrpcClientProtocolClient.java:onNext(255)) - client-B30EC828C355->c26939f8-4d1f-4fb1-95c4-1aa8f7e5d3f6: receive RaftClientReply:client-B30EC828C355->c26939f8-4d1f-4fb1-95c4-1aa8f7e5d3f6@group-D25BE8053FEA, cid=656, SUCCESS, logIndex=0, commits[c26939f8-4d1f-4fb1-95c4-1aa8f7e5d3f6:c810, c5393538-959b-47cf-9d9c-19dac7bed4ee:c808, a2e6e0ff-38a8-4bcf-9958-a89ff312531d:c808]
2019-07-15 13:06:46,483 INFO  client.GrpcClientProtocolClient (GrpcClientProtocolClient.java:onNext(255)) - client-B30EC828C355->c26939f8-4d1f-4fb1-95c4-1aa8f7e5d3f6: receive RaftClientReply:client-B30EC828C355->c26939f8-4d1f-4fb1-95c4-1aa8f7e5d3f6@group-D25BE8053FEA, cid=657, SUCCESS, logIndex=811, commits[c26939f8-4d1f-4fb1-95c4-1aa8f7e5d3f6:c812, c5393538-959b-47cf-9d9c-19dac7bed4ee:c810, a2e6e0ff-38a8-4bcf-9958-a89ff312531d:c810]
2019-07-15 13:06:46,484 INFO  client.GrpcClientProtocolClient (GrpcClientProtocolClient.java:onNext(255)) - client-B30EC828C355->c26939f8-4d1f-4fb1-95c4-1aa8f7e5d3f6: receive RaftClientReply:client-B30EC828C355->c26939f8-4d1f-4fb1-95c4-1aa8f7e5d3f6@group-D25BE8053FEA, cid=658, SUCCESS, logIndex=812, commits[c26939f8-4d1f-4fb1-95c4-1aa8f7e5d3f6:c814, c5393538-959b-47cf-9d9c-19dac7bed4ee:c810, a2e6e0ff-38a8-4bcf-9958-a89ff312531d:c810]
2019-07-15 13:06:46,484 INFO  client.GrpcClientProtocolClient (GrpcClientProtocolClient.java:onNext(255)) - client-B30EC828C355->c26939f8-4d1f-4fb1-95c4-1aa8f7e5d3f6: receive RaftClientReply:client-B30EC828C355->c26939f8-4d1f-4fb1-95c4-1aa8f7e5d3f6@group-D25BE8053FEA, cid=659, SUCCESS, logIndex=813, commits[c26939f8-4d1f-4fb1-95c4-1aa8f7e5d3f6:c814, c5393538-959b-47cf-9d9c-19dac7bed4ee:c810, a2e6e0ff-38a8-4bcf-9958-a89ff312531d:c810]
2019-07-15 13:06:46,484 INFO  client.GrpcClientProtocolClient (GrpcClientProtocolClient.java:onNext(255)) - client-B30EC828C355->c26939f8-4d1f-4fb1-95c4-1aa8f7e5d3f6: receive RaftClientReply:client-B30EC828C355->c26939f8-4d1f-4fb1-95c4-1aa8f7e5d3f6@group-D25BE8053FEA, cid=660, SUCCESS, logIndex=814, commits[c26939f8-4d1f-4fb1-95c4-1aa8f7e5d3f6:c815, c5393538-959b-47cf-9d9c-19dac7bed4ee:c811, a2e6e0ff-38a8-4bcf-9958-a89ff312531d:c811]
2019-07-15 13:06:46,486 INFO  client.GrpcClientProtocolClient (GrpcClientProtocolClient.java:onNext(255)) - client-B30EC828C355->c26939f8-4d1f-4fb1-95c4-1aa8f7e5d3f6: receive RaftClientReply:client-B30EC828C355->c26939f8-4d1f-4fb1-95c4-1aa8f7e5d3f6@group-D25BE8053FEA, cid=661, SUCCESS, logIndex=0, commits[c26939f8-4d1f-4fb1-95c4-1aa8f7e5d3f6:c817, c5393538-959b-47cf-9d9c-19dac7bed4ee:c813, a2e6e0ff-38a8-4bcf-9958-a89ff312531d:c812]
2019-07-15 13:06:46,508 INFO  client.GrpcClientProtocolClient (GrpcClientProtocolClient.java:onNext(255)) - client-B30EC828C355->c26939f8-4d1f-4fb1-95c4-1aa8f7e5d3f6: receive RaftClientReply:client-B30EC828C355->c26939f8-4d1f-4fb1-95c4-1aa8f7e5d3f6@group-D25BE8053FEA, cid=662, SUCCESS, logIndex=819, commits[c26939f8-4d1f-4fb1-95c4-1aa8f7e5d3f6:c820, c5393538-959b-47cf-9d9c-19dac7bed4ee:c818, a2e6e0ff-38a8-4bcf-9958-a89ff312531d:c818]
2019-07-15 13:06:46,516 INFO  client.GrpcClientProtocolClient (GrpcClientProtocolClient.java:onNext(255)) - client-B30EC828C355->c26939f8-4d1f-4fb1-95c4-1aa8f7e5d3f6: receive RaftClientReply:client-B30EC828C355->c26939f8-4d1f-4fb1-95c4-1aa8f7e5d3f6@group-D25BE8053FEA, cid=663, SUCCESS, logIndex=820, commits[c26939f8-4d1f-4fb1-95c4-1aa8f7e5d3f6:c820, c5393538-959b-47cf-9d9c-19dac7bed4ee:c818, a2e6e0ff-38a8-4bcf-9958-a89ff312531d:c818]
2019-07-15 13:06:46,538 INFO  client.GrpcClientProtocolClient (GrpcClientProtocolClient.java:onNext(255)) - client-B30EC828C355->c26939f8-4d1f-4fb1-95c4-1aa8f7e5d3f6: receive RaftClientReply:client-B30EC828C355->c26939f8-4d1f-4fb1-95c4-1aa8f7e5d3f6@group-D25BE8053FEA, cid=664, SUCCESS, logIndex=823, commits[c26939f8-4d1f-4fb1-95c4-1aa8f7e5d3f6:c824, c5393538-959b-47cf-9d9c-19dac7bed4ee:c822, a2e6e0ff-38a8-4bcf-9958-a89ff312531d:c822]
2019-07-15 13:06:46,538 INFO  client.GrpcClientProtocolClient (GrpcClientProtocolClient.java:onNext(255)) - client-B30EC828C355->c26939f8-4d1f-4fb1-95c4-1aa8f7e5d3f6: receive RaftClientReply:client-B30EC828C355->c26939f8-4d1f-4fb1-95c4-1aa8f7e5d3f6@group-D25BE8053FEA, cid=665, SUCCESS, logIndex=824, commits[c26939f8-4d1f-4fb1-95c4-1aa8f7e5d3f6:c824, c5393538-959b-47cf-9d9c-19dac7bed4ee:c822, a2e6e0ff-38a8-4bcf-9958-a89ff312531d:c822]
2019-07-15 13:06:46,550 INFO  client.GrpcClientProtocolClient (GrpcClientProtocolClient.java:onNext(255)) - client-B30EC828C355->c26939f8-4d1f-4fb1-95c4-1aa8f7e5d3f6: receive RaftClientReply:client-B30EC828C355->c26939f8-4d1f-4fb1-95c4-1aa8f7e5d3f6@group-D25BE8053FEA, cid=666, SUCCESS, logIndex=0, commits[c26939f8-4d1f-4fb1-95c4-1aa8f7e5d3f6:c826, c5393538-959b-47cf-9d9c-19dac7bed4ee:c824, a2e6e0ff-38a8-4bcf-9958-a89ff312531d:c824]
2019-07-15 13:06:46,577 INFO  client.GrpcClientProtocolClient (GrpcClientProtocolClient.java:onNext(255)) - client-B30EC828C355->c26939f8-4d1f-4fb1-95c4-1aa8f7e5d3f6: receive RaftClientReply:client-B30EC828C355->c26939f8-4d1f-4fb1-95c4-1aa8f7e5d3f6@group-D25BE8053FEA, cid=667, SUCCESS, logIndex=827, commits[c26939f8-4d1f-4fb1-95c4-1aa8f7e5d3f6:c829, c5393538-959b-47cf-9d9c-19dac7bed4ee:c826, a2e6e0ff-38a8-4bcf-9958-a89ff312531d:c826]
2019-07-15 13:06:46,578 INFO  client.GrpcClientProtocolClient (GrpcClientProtocolClient.java:onNext(255)) - client-B30EC828C355->c26939f8-4d1f-4fb1-95c4-1aa8f7e5d3f6: receive RaftClientReply:client-B30EC828C355->c26939f8-4d1f-4fb1-95c4-1aa8f7e5d3f6@group-D25BE8053FEA, cid=668, SUCCESS, logIndex=828, commits[c26939f8-4d1f-4fb1-95c4-1aa8f7e5d3f6:c830, c5393538-959b-47cf-9d9c-19dac7bed4ee:c826, a2e6e0ff-38a8-4bcf-9958-a89ff312531d:c826]
2019-07-15 13:06:46,578 INFO  client.GrpcClientProtocolClient (GrpcClientProtocolClient.java:onNext(255)) - client-B30EC828C355->c26939f8-4d1f-4fb1-95c4-1aa8f7e5d3f6: receive RaftClientReply:client-B30EC828C355->c26939f8-4d1f-4fb1-95c4-1aa8f7e5d3f6@group-D25BE8053FEA, cid=669, SUCCESS, logIndex=829, commits[c26939f8-4d1f-4fb1-95c4-1aa8f7e5d3f6:c830, c5393538-959b-47cf-9d9c-19dac7bed4ee:c826, a2e6e0ff-38a8-4bcf-9958-a89ff312531d:c826]
2019-07-15 13:06:46,578 INFO  client.GrpcClientProtocolClient (GrpcClientProtocolClient.java:onNext(255)) - client-B30EC828C355->c26939f8-4d1f-4fb1-95c4-1aa8f7e5d3f6: receive RaftClientReply:client-B30EC828C355->c26939f8-4d1f-4fb1-95c4-1aa8f7e5d3f6@group-D25BE8053FEA, cid=670, SUCCESS, logIndex=830, commits[c26939f8-4d1f-4fb1-95c4-1aa8f7e5d3f6:c830, c5393538-959b-47cf-9d9c-19dac7bed4ee:c826, a2e6e0ff-38a8-4bcf-9958-a89ff312531d:c826]
2019-07-15 13:06:46,598 INFO  client.GrpcClientProtocolClient (GrpcClientProtocolClient.java:onNext(255)) - client-B30EC828C355->c26939f8-4d1f-4fb1-95c4-1aa8f7e5d3f6: receive RaftClientReply:client-B30EC828C355->c26939f8-4d1f-4fb1-95c4-1aa8f7e5d3f6@group-D25BE8053FEA, cid=671, SUCCESS, logIndex=0, commits[c26939f8-4d1f-4fb1-95c4-1aa8f7e5d3f6:c833, c5393538-959b-47cf-9d9c-19dac7bed4ee:c830, a2e6e0ff-38a8-4bcf-9958-a89ff312531d:c828]
2019-07-15 13:06:46,618 INFO  client.GrpcClientProtocolClient (GrpcClientProtocolClient.java:onNext(255)) - client-B30EC828C355->c26939f8-4d1f-4fb1-95c4-1aa8f7e5d3f6: receive RaftClientReply:client-B30EC828C355->c26939f8-4d1f-4fb1-95c4-1aa8f7e5d3f6@group-D25BE8053FEA, cid=672, SUCCESS, logIndex=835, commits[c26939f8-4d1f-4fb1-95c4-1aa8f7e5d3f6:c836, c5393538-959b-47cf-9d9c-19dac7bed4ee:c834, a2e6e0ff-38a8-4bcf-9958-a89ff312531d:c834]
2019-07-15 13:06:46,619 INFO  client.GrpcClientProtocolClient (GrpcClientProtocolClient.java:onNext(255)) - client-B30EC828C355->c26939f8-4d1f-4fb1-95c4-1aa8f7e5d3f6: receive RaftClientReply:client-B30EC828C355->c26939f8-4d1f-4fb1-95c4-1aa8f7e5d3f6@group-D25BE8053FEA, cid=673, SUCCESS, logIndex=836, commits[c26939f8-4d1f-4fb1-95c4-1aa8f7e5d3f6:c836, c5393538-959b-47cf-9d9c-19dac7bed4ee:c834, a2e6e0ff-38a8-4bcf-9958-a89ff312531d:c834]
 0.00% |█                                                                                                    |  0/1 Time: 0:00:012019-07-15 13:06:46,635 INFO  client.GrpcClientProtocolClient (GrpcClientProtocolClient.java:onNext(255)) - client-B30EC828C355->c26939f8-4d1f-4fb1-95c4-1aa8f7e5d3f6: receive RaftClientReply:client-B30EC828C355->c26939f8-4d1f-4fb1-95c4-1aa8f7e5d3f6@group-D25BE8053FEA, cid=674, SUCCESS, logIndex=839, commits[c26939f8-4d1f-4fb1-95c4-1aa8f7e5d3f6:c840, c5393538-959b-47cf-9d9c-19dac7bed4ee:c836, a2e6e0ff-38a8-4bcf-9958-a89ff312531d:c836]
2019-07-15 13:06:46,635 INFO  client.GrpcClientProtocolClient (GrpcClientProtocolClient.java:onNext(255)) - client-B30EC828C355->c26939f8-4d1f-4fb1-95c4-1aa8f7e5d3f6: receive RaftClientReply:client-B30EC828C355->c26939f8-4d1f-4fb1-95c4-1aa8f7e5d3f6@group-D25BE8053FEA, cid=675, SUCCESS, logIndex=840, commits[c26939f8-4d1f-4fb1-95c4-1aa8f7e5d3f6:c840, c5393538-959b-47cf-9d9c-19dac7bed4ee:c836, a2e6e0ff-38a8-4bcf-9958-a89ff312531d:c836]
2019-07-15 13:06:46,647 INFO  client.GrpcClientProtocolClient (GrpcClientProtocolClient.java:onNext(255)) - client-B30EC828C355->c26939f8-4d1f-4fb1-95c4-1aa8f7e5d3f6: receive RaftClientReply:client-B30EC828C355->c26939f8-4d1f-4fb1-95c4-1aa8f7e5d3f6@group-D25BE8053FEA, cid=676, SUCCESS, logIndex=0, commits[c26939f8-4d1f-4fb1-95c4-1aa8f7e5d3f6:c841, c5393538-959b-47cf-9d9c-19dac7bed4ee:c840, a2e6e0ff-38a8-4bcf-9958-a89ff312531d:c840]
2019-07-15 13:06:46,670 INFO  client.GrpcClientProtocolClient (GrpcClientProtocolClient.java:onNext(255)) - client-B30EC828C355->c26939f8-4d1f-4fb1-95c4-1aa8f7e5d3f6: receive RaftClientReply:client-B30EC828C355->c26939f8-4d1f-4fb1-95c4-1aa8f7e5d3f6@group-D25BE8053FEA, cid=677, SUCCESS, logIndex=843, commits[c26939f8-4d1f-4fb1-95c4-1aa8f7e5d3f6:c845, c5393538-959b-47cf-9d9c-19dac7bed4ee:c842, a2e6e0ff-38a8-4bcf-9958-a89ff312531d:c842]
2019-07-15 13:06:46,670 INFO  client.GrpcClientProtocolClient (GrpcClientProtocolClient.java:onNext(255)) - client-B30EC828C355->c26939f8-4d1f-4fb1-95c4-1aa8f7e5d3f6: receive RaftClientReply:client-B30EC828C355->c26939f8-4d1f-4fb1-95c4-1aa8f7e5d3f6@group-D25BE8053FEA, cid=678, SUCCESS, logIndex=844, commits[c26939f8-4d1f-4fb1-95c4-1aa8f7e5d3f6:c846, c5393538-959b-47cf-9d9c-19dac7bed4ee:c842, a2e6e0ff-38a8-4bcf-9958-a89ff312531d:c842]
2019-07-15 13:06:46,671 INFO  client.GrpcClientProtocolClient (GrpcClientProtocolClient.java:onNext(255)) - client-B30EC828C355->c26939f8-4d1f-4fb1-95c4-1aa8f7e5d3f6: receive RaftClientReply:client-B30EC828C355->c26939f8-4d1f-4fb1-95c4-1aa8f7e5d3f6@group-D25BE8053FEA, cid=679, SUCCESS, logIndex=845, commits[c26939f8-4d1f-4fb1-95c4-1aa8f7e5d3f6:c846, c5393538-959b-47cf-9d9c-19dac7bed4ee:c842, a2e6e0ff-38a8-4bcf-9958-a89ff312531d:c842]
2019-07-15 13:06:46,671 INFO  client.GrpcClientProtocolClient (GrpcClientProtocolClient.java:onNext(255)) - client-B30EC828C355->c26939f8-4d1f-4fb1-95c4-1aa8f7e5d3f6: receive RaftClientReply:client-B30EC828C355->c26939f8-4d1f-4fb1-95c4-1aa8f7e5d3f6@group-D25BE8053FEA, cid=680, SUCCESS, logIndex=846, commits[c26939f8-4d1f-4fb1-95c4-1aa8f7e5d3f6:c846, c5393538-959b-47cf-9d9c-19dac7bed4ee:c842, a2e6e0ff-38a8-4bcf-9958-a89ff312531d:c842]
2019-07-15 13:06:46,682 INFO  client.GrpcClientProtocolClient (GrpcClientProtocolClient.java:onNext(255)) - client-B30EC828C355->c26939f8-4d1f-4fb1-95c4-1aa8f7e5d3f6: receive RaftClientReply:client-B30EC828C355->c26939f8-4d1f-4fb1-95c4-1aa8f7e5d3f6@group-D25BE8053FEA, cid=681, SUCCESS, logIndex=0, commits[c26939f8-4d1f-4fb1-95c4-1aa8f7e5d3f6:c850, c5393538-959b-47cf-9d9c-19dac7bed4ee:c846, a2e6e0ff-38a8-4bcf-9958-a89ff312531d:c844]
2019-07-15 13:06:46,704 INFO  client.GrpcClientProtocolClient (GrpcClientProtocolClient.java:onNext(255)) - client-B30EC828C355->c26939f8-4d1f-4fb1-95c4-1aa8f7e5d3f6: receive RaftClientReply:client-B30EC828C355->c26939f8-4d1f-4fb1-95c4-1aa8f7e5d3f6@group-D25BE8053FEA, cid=682, SUCCESS, logIndex=851, commits[c26939f8-4d1f-4fb1-95c4-1aa8f7e5d3f6:c852, c5393538-959b-47cf-9d9c-19dac7bed4ee:c850, a2e6e0ff-38a8-4bcf-9958-a89ff312531d:c850]
2019-07-15 13:06:46,704 INFO  client.GrpcClientProtocolClient (GrpcClientProtocolClient.java:onNext(255)) - client-B30EC828C355->c26939f8-4d1f-4fb1-95c4-1aa8f7e5d3f6: receive RaftClientReply:client-B30EC828C355->c26939f8-4d1f-4fb1-95c4-1aa8f7e5d3f6@group-D25BE8053FEA, cid=683, SUCCESS, logIndex=852, commits[c26939f8-4d1f-4fb1-95c4-1aa8f7e5d3f6:c852, c5393538-959b-47cf-9d9c-19dac7bed4ee:c850, a2e6e0ff-38a8-4bcf-9958-a89ff312531d:c850]
2019-07-15 13:06:46,717 INFO  client.GrpcClientProtocolClient (GrpcClientProtocolClient.java:onNext(255)) - client-B30EC828C355->c26939f8-4d1f-4fb1-95c4-1aa8f7e5d3f6: receive RaftClientReply:client-B30EC828C355->c26939f8-4d1f-4fb1-95c4-1aa8f7e5d3f6@group-D25BE8053FEA, cid=684, SUCCESS, logIndex=855, commits[c26939f8-4d1f-4fb1-95c4-1aa8f7e5d3f6:c856, c5393538-959b-47cf-9d9c-19dac7bed4ee:c852, a2e6e0ff-38a8-4bcf-9958-a89ff312531d:c852]
2019-07-15 13:06:46,718 INFO  client.GrpcClientProtocolClient (GrpcClientProtocolClient.java:onNext(255)) - client-B30EC828C355->c26939f8-4d1f-4fb1-95c4-1aa8f7e5d3f6: receive RaftClientReply:client-B30EC828C355->c26939f8-4d1f-4fb1-95c4-1aa8f7e5d3f6@group-D25BE8053FEA, cid=685, SUCCESS, logIndex=856, commits[c26939f8-4d1f-4fb1-95c4-1aa8f7e5d3f6:c856, c5393538-959b-47cf-9d9c-19dac7bed4ee:c852, a2e6e0ff-38a8-4bcf-9958-a89ff312531d:c852]
2019-07-15 13:06:46,720 INFO  client.GrpcClientProtocolClient (GrpcClientProtocolClient.java:onNext(255)) - client-B30EC828C355->c26939f8-4d1f-4fb1-95c4-1aa8f7e5d3f6: receive RaftClientReply:client-B30EC828C355->c26939f8-4d1f-4fb1-95c4-1aa8f7e5d3f6@group-D25BE8053FEA, cid=686, SUCCESS, logIndex=0, commits[c26939f8-4d1f-4fb1-95c4-1aa8f7e5d3f6:c857, c5393538-959b-47cf-9d9c-19dac7bed4ee:c856, a2e6e0ff-38a8-4bcf-9958-a89ff312531d:c856]
2019-07-15 13:06:46,742 INFO  client.GrpcClientProtocolClient (GrpcClientProtocolClient.java:onNext(255)) - client-B30EC828C355->c26939f8-4d1f-4fb1-95c4-1aa8f7e5d3f6: receive RaftClientReply:client-B30EC828C355->c26939f8-4d1f-4fb1-95c4-1aa8f7e5d3f6@group-D25BE8053FEA, cid=687, SUCCESS, logIndex=859, commits[c26939f8-4d1f-4fb1-95c4-1aa8f7e5d3f6:c860, c5393538-959b-47cf-9d9c-19dac7bed4ee:c858, a2e6e0ff-38a8-4bcf-9958-a89ff312531d:c858]
2019-07-15 13:06:46,742 INFO  client.GrpcClientProtocolClient (GrpcClientProtocolClient.java:onNext(255)) - client-B30EC828C355->c26939f8-4d1f-4fb1-95c4-1aa8f7e5d3f6: receive RaftClientReply:client-B30EC828C355->c26939f8-4d1f-4fb1-95c4-1aa8f7e5d3f6@group-D25BE8053FEA, cid=688, SUCCESS, logIndex=860, commits[c26939f8-4d1f-4fb1-95c4-1aa8f7e5d3f6:c862, c5393538-959b-47cf-9d9c-19dac7bed4ee:c858, a2e6e0ff-38a8-4bcf-9958-a89ff312531d:c858]
2019-07-15 13:06:46,743 INFO  client.GrpcClientProtocolClient (GrpcClientProtocolClient.java:onNext(255)) - client-B30EC828C355->c26939f8-4d1f-4fb1-95c4-1aa8f7e5d3f6: receive RaftClientReply:client-B30EC828C355->c26939f8-4d1f-4fb1-95c4-1aa8f7e5d3f6@group-D25BE8053FEA, cid=689, SUCCESS, logIndex=861, commits[c26939f8-4d1f-4fb1-95c4-1aa8f7e5d3f6:c862, c5393538-959b-47cf-9d9c-19dac7bed4ee:c858, a2e6e0ff-38a8-4bcf-9958-a89ff312531d:c858]
2019-07-15 13:06:46,743 INFO  client.GrpcClientProtocolClient (GrpcClientProtocolClient.java:onNext(255)) - client-B30EC828C355->c26939f8-4d1f-4fb1-95c4-1aa8f7e5d3f6: receive RaftClientReply:client-B30EC828C355->c26939f8-4d1f-4fb1-95c4-1aa8f7e5d3f6@group-D25BE8053FEA, cid=690, SUCCESS, logIndex=862, commits[c26939f8-4d1f-4fb1-95c4-1aa8f7e5d3f6:c862, c5393538-959b-47cf-9d9c-19dac7bed4ee:c858, a2e6e0ff-38a8-4bcf-9958-a89ff312531d:c858]
2019-07-15 13:06:46,745 INFO  client.GrpcClientProtocolClient (GrpcClientProtocolClient.java:onNext(255)) - client-B30EC828C355->c26939f8-4d1f-4fb1-95c4-1aa8f7e5d3f6: receive RaftClientReply:client-B30EC828C355->c26939f8-4d1f-4fb1-95c4-1aa8f7e5d3f6@group-D25BE8053FEA, cid=691, SUCCESS, logIndex=0, commits[c26939f8-4d1f-4fb1-95c4-1aa8f7e5d3f6:c865, c5393538-959b-47cf-9d9c-19dac7bed4ee:c861, a2e6e0ff-38a8-4bcf-9958-a89ff312531d:c860]
2019-07-15 13:06:46,854 INFO  client.GrpcClientProtocolClient (GrpcClientProtocolClient.java:onNext(255)) - client-B30EC828C355->c26939f8-4d1f-4fb1-95c4-1aa8f7e5d3f6: receive RaftClientReply:client-B30EC828C355->c26939f8-4d1f-4fb1-95c4-1aa8f7e5d3f6@group-D25BE8053FEA, cid=692, SUCCESS, logIndex=867, commits[c26939f8-4d1f-4fb1-95c4-1aa8f7e5d3f6:c868, c5393538-959b-47cf-9d9c-19dac7bed4ee:c866, a2e6e0ff-38a8-4bcf-9958-a89ff312531d:c866]
2019-07-15 13:06:46,855 INFO  client.GrpcClientProtocolClient (GrpcClientProtocolClient.java:onNext(255)) - client-B30EC828C355->c26939f8-4d1f-4fb1-95c4-1aa8f7e5d3f6: receive RaftClientReply:client-B30EC828C355->c26939f8-4d1f-4fb1-95c4-1aa8f7e5d3f6@group-D25BE8053FEA, cid=693, SUCCESS, logIndex=868, commits[c26939f8-4d1f-4fb1-95c4-1aa8f7e5d3f6:c868, c5393538-959b-47cf-9d9c-19dac7bed4ee:c866, a2e6e0ff-38a8-4bcf-9958-a89ff312531d:c866]
2019-07-15 13:06:46,890 INFO  client.GrpcClientProtocolClient (GrpcClientProtocolClient.java:onNext(255)) - client-B30EC828C355->c26939f8-4d1f-4fb1-95c4-1aa8f7e5d3f6: receive RaftClientReply:client-B30EC828C355->c26939f8-4d1f-4fb1-95c4-1aa8f7e5d3f6@group-D25BE8053FEA, cid=694, SUCCESS, logIndex=871, commits[c26939f8-4d1f-4fb1-95c4-1aa8f7e5d3f6:c872, c5393538-959b-47cf-9d9c-19dac7bed4ee:c868, a2e6e0ff-38a8-4bcf-9958-a89ff312531d:c868]
2019-07-15 13:06:46,891 INFO  client.GrpcClientProtocolClient (GrpcClientProtocolClient.java:onNext(255)) - client-B30EC828C355->c26939f8-4d1f-4fb1-95c4-1aa8f7e5d3f6: receive RaftClientReply:client-B30EC828C355->c26939f8-4d1f-4fb1-95c4-1aa8f7e5d3f6@group-D25BE8053FEA, cid=695, SUCCESS, logIndex=872, commits[c26939f8-4d1f-4fb1-95c4-1aa8f7e5d3f6:c872, c5393538-959b-47cf-9d9c-19dac7bed4ee:c868, a2e6e0ff-38a8-4bcf-9958-a89ff312531d:c868]
2019-07-15 13:06:46,898 INFO  client.GrpcClientProtocolClient (GrpcClientProtocolClient.java:onNext(255)) - client-B30EC828C355->c26939f8-4d1f-4fb1-95c4-1aa8f7e5d3f6: receive RaftClientReply:client-B30EC828C355->c26939f8-4d1f-4fb1-95c4-1aa8f7e5d3f6@group-D25BE8053FEA, cid=696, SUCCESS, logIndex=0, commits[c26939f8-4d1f-4fb1-95c4-1aa8f7e5d3f6:c874, c5393538-959b-47cf-9d9c-19dac7bed4ee:c872, a2e6e0ff-38a8-4bcf-9958-a89ff312531d:c872]
2019-07-15 13:06:46,923 INFO  client.GrpcClientProtocolClient (GrpcClientProtocolClient.java:onNext(255)) - client-B30EC828C355->c26939f8-4d1f-4fb1-95c4-1aa8f7e5d3f6: receive RaftClientReply:client-B30EC828C355->c26939f8-4d1f-4fb1-95c4-1aa8f7e5d3f6@group-D25BE8053FEA, cid=697, SUCCESS, logIndex=875, commits[c26939f8-4d1f-4fb1-95c4-1aa8f7e5d3f6:c876, c5393538-959b-47cf-9d9c-19dac7bed4ee:c874, a2e6e0ff-38a8-4bcf-9958-a89ff312531d:c874]
2019-07-15 13:06:46,924 INFO  client.GrpcClientProtocolClient (GrpcClientProtocolClient.java:onNext(255)) - client-B30EC828C355->c26939f8-4d1f-4fb1-95c4-1aa8f7e5d3f6: receive RaftClientReply:client-B30EC828C355->c26939f8-4d1f-4fb1-95c4-1aa8f7e5d3f6@group-D25BE8053FEA, cid=698, SUCCESS, logIndex=876, commits[c26939f8-4d1f-4fb1-95c4-1aa8f7e5d3f6:c877, c5393538-959b-47cf-9d9c-19dac7bed4ee:c874, a2e6e0ff-38a8-4bcf-9958-a89ff312531d:c874]
2019-07-15 13:06:46,925 INFO  client.GrpcClientProtocolClient (GrpcClientProtocolClient.java:onNext(255)) - client-B30EC828C355->c26939f8-4d1f-4fb1-95c4-1aa8f7e5d3f6: receive RaftClientReply:client-B30EC828C355->c26939f8-4d1f-4fb1-95c4-1aa8f7e5d3f6@group-D25BE8053FEA, cid=699, SUCCESS, logIndex=877, commits[c26939f8-4d1f-4fb1-95c4-1aa8f7e5d3f6:c878, c5393538-959b-47cf-9d9c-19dac7bed4ee:c874, a2e6e0ff-38a8-4bcf-9958-a89ff312531d:c874]
2019-07-15 13:06:46,925 INFO  client.GrpcClientProtocolClient (GrpcClientProtocolClient.java:onNext(255)) - client-B30EC828C355->c26939f8-4d1f-4fb1-95c4-1aa8f7e5d3f6: receive RaftClientReply:client-B30EC828C355->c26939f8-4d1f-4fb1-95c4-1aa8f7e5d3f6@group-D25BE8053FEA, cid=700, SUCCESS, logIndex=878, commits[c26939f8-4d1f-4fb1-95c4-1aa8f7e5d3f6:c878, c5393538-959b-47cf-9d9c-19dac7bed4ee:c874, a2e6e0ff-38a8-4bcf-9958-a89ff312531d:c874]
2019-07-15 13:06:46,927 INFO  client.GrpcClientProtocolClient (GrpcClientProtocolClient.java:onNext(255)) - client-B30EC828C355->c26939f8-4d1f-4fb1-95c4-1aa8f7e5d3f6: receive RaftClientReply:client-B30EC828C355->c26939f8-4d1f-4fb1-95c4-1aa8f7e5d3f6@group-D25BE8053FEA, cid=701, SUCCESS, logIndex=0, commits[c26939f8-4d1f-4fb1-95c4-1aa8f7e5d3f6:c882, c5393538-959b-47cf-9d9c-19dac7bed4ee:c878, a2e6e0ff-38a8-4bcf-9958-a89ff312531d:c878]
2019-07-15 13:06:46,951 INFO  client.GrpcClientProtocolClient (GrpcClientProtocolClient.java:onNext(255)) - client-B30EC828C355->c26939f8-4d1f-4fb1-95c4-1aa8f7e5d3f6: receive RaftClientReply:client-B30EC828C355->c26939f8-4d1f-4fb1-95c4-1aa8f7e5d3f6@group-D25BE8053FEA, cid=702, SUCCESS, logIndex=883, commits[c26939f8-4d1f-4fb1-95c4-1aa8f7e5d3f6:c884, c5393538-959b-47cf-9d9c-19dac7bed4ee:c882, a2e6e0ff-38a8-4bcf-9958-a89ff312531d:c882]
2019-07-15 13:06:46,952 INFO  client.GrpcClientProtocolClient (GrpcClientProtocolClient.java:onNext(255)) - client-B30EC828C355->c26939f8-4d1f-4fb1-95c4-1aa8f7e5d3f6: receive RaftClientReply:client-B30EC828C355->c26939f8-4d1f-4fb1-95c4-1aa8f7e5d3f6@group-D25BE8053FEA, cid=703, SUCCESS, logIndex=884, commits[c26939f8-4d1f-4fb1-95c4-1aa8f7e5d3f6:c884, c5393538-959b-47cf-9d9c-19dac7bed4ee:c882, a2e6e0ff-38a8-4bcf-9958-a89ff312531d:c882]
2019-07-15 13:06:46,978 INFO  client.GrpcClientProtocolClient (GrpcClientProtocolClient.java:onNext(255)) - client-B30EC828C355->c26939f8-4d1f-4fb1-95c4-1aa8f7e5d3f6: receive RaftClientReply:client-B30EC828C355->c26939f8-4d1f-4fb1-95c4-1aa8f7e5d3f6@group-D25BE8053FEA, cid=704, SUCCESS, logIndex=887, commits[c26939f8-4d1f-4fb1-95c4-1aa8f7e5d3f6:c888, c5393538-959b-47cf-9d9c-19dac7bed4ee:c884, a2e6e0ff-38a8-4bcf-9958-a89ff312531d:c884]
2019-07-15 13:06:46,978 INFO  client.GrpcClientProtocolClient (GrpcClientProtocolClient.java:onNext(255)) - client-B30EC828C355->c26939f8-4d1f-4fb1-95c4-1aa8f7e5d3f6: receive RaftClientReply:client-B30EC828C355->c26939f8-4d1f-4fb1-95c4-1aa8f7e5d3f6@group-D25BE8053FEA, cid=705, SUCCESS, logIndex=888, commits[c26939f8-4d1f-4fb1-95c4-1aa8f7e5d3f6:c888, c5393538-959b-47cf-9d9c-19dac7bed4ee:c884, a2e6e0ff-38a8-4bcf-9958-a89ff312531d:c884]
2019-07-15 13:06:46,992 INFO  client.GrpcClientProtocolClient (GrpcClientProtocolClient.java:onNext(255)) - client-B30EC828C355->c26939f8-4d1f-4fb1-95c4-1aa8f7e5d3f6: receive RaftClientReply:client-B30EC828C355->c26939f8-4d1f-4fb1-95c4-1aa8f7e5d3f6@group-D25BE8053FEA, cid=706, SUCCESS, logIndex=0, commits[c26939f8-4d1f-4fb1-95c4-1aa8f7e5d3f6:c890, c5393538-959b-47cf-9d9c-19dac7bed4ee:c888, a2e6e0ff-38a8-4bcf-9958-a89ff312531d:c888]
2019-07-15 13:06:47,018 INFO  client.GrpcClientProtocolClient (GrpcClientProtocolClient.java:onNext(255)) - client-B30EC828C355->c26939f8-4d1f-4fb1-95c4-1aa8f7e5d3f6: receive RaftClientReply:client-B30EC828C355->c26939f8-4d1f-4fb1-95c4-1aa8f7e5d3f6@group-D25BE8053FEA, cid=707, SUCCESS, logIndex=891, commits[c26939f8-4d1f-4fb1-95c4-1aa8f7e5d3f6:c894, c5393538-959b-47cf-9d9c-19dac7bed4ee:c890, a2e6e0ff-38a8-4bcf-9958-a89ff312531d:c890]
2019-07-15 13:06:47,019 INFO  client.GrpcClientProtocolClient (GrpcClientProtocolClient.java:onNext(255)) - client-B30EC828C355->c26939f8-4d1f-4fb1-95c4-1aa8f7e5d3f6: receive RaftClientReply:client-B30EC828C355->c26939f8-4d1f-4fb1-95c4-1aa8f7e5d3f6@group-D25BE8053FEA, cid=708, SUCCESS, logIndex=892, commits[c26939f8-4d1f-4fb1-95c4-1aa8f7e5d3f6:c894, c5393538-959b-47cf-9d9c-19dac7bed4ee:c890, a2e6e0ff-38a8-4bcf-9958-a89ff312531d:c890]
2019-07-15 13:06:47,019 INFO  client.GrpcClientProtocolClient (GrpcClientProtocolClient.java:onNext(255)) - client-B30EC828C355->c26939f8-4d1f-4fb1-95c4-1aa8f7e5d3f6: receive RaftClientReply:client-B30EC828C355->c26939f8-4d1f-4fb1-95c4-1aa8f7e5d3f6@group-D25BE8053FEA, cid=709, SUCCESS, logIndex=893, commits[c26939f8-4d1f-4fb1-95c4-1aa8f7e5d3f6:c894, c5393538-959b-47cf-9d9c-19dac7bed4ee:c890, a2e6e0ff-38a8-4bcf-9958-a89ff312531d:c890]
2019-07-15 13:06:47,019 INFO  client.GrpcClientProtocolClient (GrpcClientProtocolClient.java:onNext(255)) - client-B30EC828C355->c26939f8-4d1f-4fb1-95c4-1aa8f7e5d3f6: receive RaftClientReply:client-B30EC828C355->c26939f8-4d1f-4fb1-95c4-1aa8f7e5d3f6@group-D25BE8053FEA, cid=710, SUCCESS, logIndex=894, commits[c26939f8-4d1f-4fb1-95c4-1aa8f7e5d3f6:c894, c5393538-959b-47cf-9d9c-19dac7bed4ee:c890, a2e6e0ff-38a8-4bcf-9958-a89ff312531d:c890]
2019-07-15 13:06:47,031 INFO  client.GrpcClientProtocolClient (GrpcClientProtocolClient.java:onNext(255)) - client-B30EC828C355->c26939f8-4d1f-4fb1-95c4-1aa8f7e5d3f6: receive RaftClientReply:client-B30EC828C355->c26939f8-4d1f-4fb1-95c4-1aa8f7e5d3f6@group-D25BE8053FEA, cid=711, SUCCESS, logIndex=0, commits[c26939f8-4d1f-4fb1-95c4-1aa8f7e5d3f6:c896, c5393538-959b-47cf-9d9c-19dac7bed4ee:c894, a2e6e0ff-38a8-4bcf-9958-a89ff312531d:c894]
2019-07-15 13:06:47,053 INFO  client.GrpcClientProtocolClient (GrpcClientProtocolClient.java:onNext(255)) - client-B30EC828C355->c26939f8-4d1f-4fb1-95c4-1aa8f7e5d3f6: receive RaftClientReply:client-B30EC828C355->c26939f8-4d1f-4fb1-95c4-1aa8f7e5d3f6@group-D25BE8053FEA, cid=712, SUCCESS, logIndex=897, commits[c26939f8-4d1f-4fb1-95c4-1aa8f7e5d3f6:c898, c5393538-959b-47cf-9d9c-19dac7bed4ee:c896, a2e6e0ff-38a8-4bcf-9958-a89ff312531d:c896]
2019-07-15 13:06:47,053 INFO  client.GrpcClientProtocolClient (GrpcClientProtocolClient.java:onNext(255)) - client-B30EC828C355->c26939f8-4d1f-4fb1-95c4-1aa8f7e5d3f6: receive RaftClientReply:client-B30EC828C355->c26939f8-4d1f-4fb1-95c4-1aa8f7e5d3f6@group-D25BE8053FEA, cid=713, SUCCESS, logIndex=898, commits[c26939f8-4d1f-4fb1-95c4-1aa8f7e5d3f6:c898, c5393538-959b-47cf-9d9c-19dac7bed4ee:c896, a2e6e0ff-38a8-4bcf-9958-a89ff312531d:c896]
2019-07-15 13:06:47,077 INFO  client.GrpcClientProtocolClient (GrpcClientProtocolClient.java:onNext(255)) - client-B30EC828C355->c26939f8-4d1f-4fb1-95c4-1aa8f7e5d3f6: receive RaftClientReply:client-B30EC828C355->c26939f8-4d1f-4fb1-95c4-1aa8f7e5d3f6@group-D25BE8053FEA, cid=714, SUCCESS, logIndex=901, commits[c26939f8-4d1f-4fb1-95c4-1aa8f7e5d3f6:c902, c5393538-959b-47cf-9d9c-19dac7bed4ee:c898, a2e6e0ff-38a8-4bcf-9958-a89ff312531d:c898]
2019-07-15 13:06:47,078 INFO  client.GrpcClientProtocolClient (GrpcClientProtocolClient.java:onNext(255)) - client-B30EC828C355->c26939f8-4d1f-4fb1-95c4-1aa8f7e5d3f6: receive RaftClientReply:client-B30EC828C355->c26939f8-4d1f-4fb1-95c4-1aa8f7e5d3f6@group-D25BE8053FEA, cid=715, SUCCESS, logIndex=902, commits[c26939f8-4d1f-4fb1-95c4-1aa8f7e5d3f6:c902, c5393538-959b-47cf-9d9c-19dac7bed4ee:c898, a2e6e0ff-38a8-4bcf-9958-a89ff312531d:c898]
2019-07-15 13:06:47,080 INFO  client.GrpcClientProtocolClient (GrpcClientProtocolClient.java:onNext(255)) - client-B30EC828C355->c26939f8-4d1f-4fb1-95c4-1aa8f7e5d3f6: receive RaftClientReply:client-B30EC828C355->c26939f8-4d1f-4fb1-95c4-1aa8f7e5d3f6@group-D25BE8053FEA, cid=716, SUCCESS, logIndex=0, commits[c26939f8-4d1f-4fb1-95c4-1aa8f7e5d3f6:c904, c5393538-959b-47cf-9d9c-19dac7bed4ee:c902, a2e6e0ff-38a8-4bcf-9958-a89ff312531d:c902]
2019-07-15 13:06:47,103 INFO  client.GrpcClientProtocolClient (GrpcClientProtocolClient.java:onNext(255)) - client-B30EC828C355->c26939f8-4d1f-4fb1-95c4-1aa8f7e5d3f6: receive RaftClientReply:client-B30EC828C355->c26939f8-4d1f-4fb1-95c4-1aa8f7e5d3f6@group-D25BE8053FEA, cid=717, SUCCESS, logIndex=905, commits[c26939f8-4d1f-4fb1-95c4-1aa8f7e5d3f6:c907, c5393538-959b-47cf-9d9c-19dac7bed4ee:c904, a2e6e0ff-38a8-4bcf-9958-a89ff312531d:c904]
2019-07-15 13:06:47,104 INFO  client.GrpcClientProtocolClient (GrpcClientProtocolClient.java:onNext(255)) - client-B30EC828C355->c26939f8-4d1f-4fb1-95c4-1aa8f7e5d3f6: receive RaftClientReply:client-B30EC828C355->c26939f8-4d1f-4fb1-95c4-1aa8f7e5d3f6@group-D25BE8053FEA, cid=718, SUCCESS, logIndex=906, commits[c26939f8-4d1f-4fb1-95c4-1aa8f7e5d3f6:c908, c5393538-959b-47cf-9d9c-19dac7bed4ee:c904, a2e6e0ff-38a8-4bcf-9958-a89ff312531d:c904]
2019-07-15 13:06:47,104 INFO  client.GrpcClientProtocolClient (GrpcClientProtocolClient.java:onNext(255)) - client-B30EC828C355->c26939f8-4d1f-4fb1-95c4-1aa8f7e5d3f6: receive RaftClientReply:client-B30EC828C355->c26939f8-4d1f-4fb1-95c4-1aa8f7e5d3f6@group-D25BE8053FEA, cid=719, SUCCESS, logIndex=907, commits[c26939f8-4d1f-4fb1-95c4-1aa8f7e5d3f6:c908, c5393538-959b-47cf-9d9c-19dac7bed4ee:c904, a2e6e0ff-38a8-4bcf-9958-a89ff312531d:c904]
2019-07-15 13:06:47,104 INFO  client.GrpcClientProtocolClient (GrpcClientProtocolClient.java:onNext(255)) - client-B30EC828C355->c26939f8-4d1f-4fb1-95c4-1aa8f7e5d3f6: receive RaftClientReply:client-B30EC828C355->c26939f8-4d1f-4fb1-95c4-1aa8f7e5d3f6@group-D25BE8053FEA, cid=720, SUCCESS, logIndex=908, commits[c26939f8-4d1f-4fb1-95c4-1aa8f7e5d3f6:c909, c5393538-959b-47cf-9d9c-19dac7bed4ee:c905, a2e6e0ff-38a8-4bcf-9958-a89ff312531d:c904]
2019-07-15 13:06:47,106 INFO  client.GrpcClientProtocolClient (GrpcClientProtocolClient.java:onNext(255)) - client-B30EC828C355->c26939f8-4d1f-4fb1-95c4-1aa8f7e5d3f6: receive RaftClientReply:client-B30EC828C355->c26939f8-4d1f-4fb1-95c4-1aa8f7e5d3f6@group-D25BE8053FEA, cid=721, SUCCESS, logIndex=0, commits[c26939f8-4d1f-4fb1-95c4-1aa8f7e5d3f6:c912, c5393538-959b-47cf-9d9c-19dac7bed4ee:c908, a2e6e0ff-38a8-4bcf-9958-a89ff312531d:c906]
2019-07-15 13:06:47,131 INFO  client.GrpcClientProtocolClient (GrpcClientProtocolClient.java:onNext(255)) - client-B30EC828C355->c26939f8-4d1f-4fb1-95c4-1aa8f7e5d3f6: receive RaftClientReply:client-B30EC828C355->c26939f8-4d1f-4fb1-95c4-1aa8f7e5d3f6@group-D25BE8053FEA, cid=722, SUCCESS, logIndex=913, commits[c26939f8-4d1f-4fb1-95c4-1aa8f7e5d3f6:c913, c5393538-959b-47cf-9d9c-19dac7bed4ee:c912, a2e6e0ff-38a8-4bcf-9958-a89ff312531d:c912]
2019-07-15 13:06:47,131 INFO  client.GrpcClientProtocolClient (GrpcClientProtocolClient.java:onNext(255)) - client-B30EC828C355->c26939f8-4d1f-4fb1-95c4-1aa8f7e5d3f6: receive RaftClientReply:client-B30EC828C355->c26939f8-4d1f-4fb1-95c4-1aa8f7e5d3f6@group-D25BE8053FEA, cid=723, SUCCESS, logIndex=914, commits[c26939f8-4d1f-4fb1-95c4-1aa8f7e5d3f6:c914, c5393538-959b-47cf-9d9c-19dac7bed4ee:c912, a2e6e0ff-38a8-4bcf-9958-a89ff312531d:c912]
2019-07-15 13:06:47,156 INFO  client.GrpcClientProtocolClient (GrpcClientProtocolClient.java:onNext(255)) - client-B30EC828C355->c26939f8-4d1f-4fb1-95c4-1aa8f7e5d3f6: receive RaftClientReply:client-B30EC828C355->c26939f8-4d1f-4fb1-95c4-1aa8f7e5d3f6@group-D25BE8053FEA, cid=724, SUCCESS, logIndex=917, commits[c26939f8-4d1f-4fb1-95c4-1aa8f7e5d3f6:c918, c5393538-959b-47cf-9d9c-19dac7bed4ee:c914, a2e6e0ff-38a8-4bcf-9958-a89ff312531d:c914]
2019-07-15 13:06:47,157 INFO  client.GrpcClientProtocolClient (GrpcClientProtocolClient.java:onNext(255)) - client-B30EC828C355->c26939f8-4d1f-4fb1-95c4-1aa8f7e5d3f6: receive RaftClientReply:client-B30EC828C355->c26939f8-4d1f-4fb1-95c4-1aa8f7e5d3f6@group-D25BE8053FEA, cid=725, SUCCESS, logIndex=918, commits[c26939f8-4d1f-4fb1-95c4-1aa8f7e5d3f6:c918, c5393538-959b-47cf-9d9c-19dac7bed4ee:c914, a2e6e0ff-38a8-4bcf-9958-a89ff312531d:c914]
2019-07-15 13:06:47,161 INFO  client.GrpcClientProtocolClient (GrpcClientProtocolClient.java:onNext(255)) - client-B30EC828C355->c26939f8-4d1f-4fb1-95c4-1aa8f7e5d3f6: receive RaftClientReply:client-B30EC828C355->c26939f8-4d1f-4fb1-95c4-1aa8f7e5d3f6@group-D25BE8053FEA, cid=726, SUCCESS, logIndex=0, commits[c26939f8-4d1f-4fb1-95c4-1aa8f7e5d3f6:c919, c5393538-959b-47cf-9d9c-19dac7bed4ee:c918, a2e6e0ff-38a8-4bcf-9958-a89ff312531d:c918]
2019-07-15 13:06:47,193 INFO  client.GrpcClientProtocolClient (GrpcClientProtocolClient.java:onNext(255)) - client-B30EC828C355->c26939f8-4d1f-4fb1-95c4-1aa8f7e5d3f6: receive RaftClientReply:client-B30EC828C355->c26939f8-4d1f-4fb1-95c4-1aa8f7e5d3f6@group-D25BE8053FEA, cid=727, SUCCESS, logIndex=921, commits[c26939f8-4d1f-4fb1-95c4-1aa8f7e5d3f6:c923, c5393538-959b-47cf-9d9c-19dac7bed4ee:c920, a2e6e0ff-38a8-4bcf-9958-a89ff312531d:c920]
2019-07-15 13:06:47,193 INFO  client.GrpcClientProtocolClient (GrpcClientProtocolClient.java:onNext(255)) - client-B30EC828C355->c26939f8-4d1f-4fb1-95c4-1aa8f7e5d3f6: receive RaftClientReply:client-B30EC828C355->c26939f8-4d1f-4fb1-95c4-1aa8f7e5d3f6@group-D25BE8053FEA, cid=728, SUCCESS, logIndex=922, commits[c26939f8-4d1f-4fb1-95c4-1aa8f7e5d3f6:c924, c5393538-959b-47cf-9d9c-19dac7bed4ee:c920, a2e6e0ff-38a8-4bcf-9958-a89ff312531d:c920]
2019-07-15 13:06:47,194 INFO  client.GrpcClientProtocolClient (GrpcClientProtocolClient.java:onNext(255)) - client-B30EC828C355->c26939f8-4d1f-4fb1-95c4-1aa8f7e5d3f6: receive RaftClientReply:client-B30EC828C355->c26939f8-4d1f-4fb1-95c4-1aa8f7e5d3f6@group-D25BE8053FEA, cid=729, SUCCESS, logIndex=923, commits[c26939f8-4d1f-4fb1-95c4-1aa8f7e5d3f6:c924, c5393538-959b-47cf-9d9c-19dac7bed4ee:c920, a2e6e0ff-38a8-4bcf-9958-a89ff312531d:c920]
2019-07-15 13:06:47,194 INFO  client.GrpcClientProtocolClient (GrpcClientProtocolClient.java:onNext(255)) - client-B30EC828C355->c26939f8-4d1f-4fb1-95c4-1aa8f7e5d3f6: receive RaftClientReply:client-B30EC828C355->c26939f8-4d1f-4fb1-95c4-1aa8f7e5d3f6@group-D25BE8053FEA, cid=730, SUCCESS, logIndex=924, commits[c26939f8-4d1f-4fb1-95c4-1aa8f7e5d3f6:c924, c5393538-959b-47cf-9d9c-19dac7bed4ee:c920, a2e6e0ff-38a8-4bcf-9958-a89ff312531d:c920]
2019-07-15 13:06:47,206 INFO  client.GrpcClientProtocolClient (GrpcClientProtocolClient.java:onNext(255)) - client-B30EC828C355->c26939f8-4d1f-4fb1-95c4-1aa8f7e5d3f6: receive RaftClientReply:client-B30EC828C355->c26939f8-4d1f-4fb1-95c4-1aa8f7e5d3f6@group-D25BE8053FEA, cid=731, SUCCESS, logIndex=0, commits[c26939f8-4d1f-4fb1-95c4-1aa8f7e5d3f6:c927, c5393538-959b-47cf-9d9c-19dac7bed4ee:c923, a2e6e0ff-38a8-4bcf-9958-a89ff312531d:c922]
2019-07-15 13:06:47,228 INFO  client.GrpcClientProtocolClient (GrpcClientProtocolClient.java:onNext(255)) - client-B30EC828C355->c26939f8-4d1f-4fb1-95c4-1aa8f7e5d3f6: receive RaftClientReply:client-B30EC828C355->c26939f8-4d1f-4fb1-95c4-1aa8f7e5d3f6@group-D25BE8053FEA, cid=732, SUCCESS, logIndex=929, commits[c26939f8-4d1f-4fb1-95c4-1aa8f7e5d3f6:c930, c5393538-959b-47cf-9d9c-19dac7bed4ee:c928, a2e6e0ff-38a8-4bcf-9958-a89ff312531d:c928]
2019-07-15 13:06:47,228 INFO  client.GrpcClientProtocolClient (GrpcClientProtocolClient.java:onNext(255)) - client-B30EC828C355->c26939f8-4d1f-4fb1-95c4-1aa8f7e5d3f6: receive RaftClientReply:client-B30EC828C355->c26939f8-4d1f-4fb1-95c4-1aa8f7e5d3f6@group-D25BE8053FEA, cid=733, SUCCESS, logIndex=930, commits[c26939f8-4d1f-4fb1-95c4-1aa8f7e5d3f6:c930, c5393538-959b-47cf-9d9c-19dac7bed4ee:c928, a2e6e0ff-38a8-4bcf-9958-a89ff312531d:c928]
2019-07-15 13:06:47,255 INFO  client.GrpcClientProtocolClient (GrpcClientProtocolClient.java:onNext(255)) - client-B30EC828C355->c26939f8-4d1f-4fb1-95c4-1aa8f7e5d3f6: receive RaftClientReply:client-B30EC828C355->c26939f8-4d1f-4fb1-95c4-1aa8f7e5d3f6@group-D25BE8053FEA, cid=734, SUCCESS, logIndex=933, commits[c26939f8-4d1f-4fb1-95c4-1aa8f7e5d3f6:c934, c5393538-959b-47cf-9d9c-19dac7bed4ee:c930, a2e6e0ff-38a8-4bcf-9958-a89ff312531d:c930]
2019-07-15 13:06:47,255 INFO  client.GrpcClientProtocolClient (GrpcClientProtocolClient.java:onNext(255)) - client-B30EC828C355->c26939f8-4d1f-4fb1-95c4-1aa8f7e5d3f6: receive RaftClientReply:client-B30EC828C355->c26939f8-4d1f-4fb1-95c4-1aa8f7e5d3f6@group-D25BE8053FEA, cid=735, SUCCESS, logIndex=934, commits[c26939f8-4d1f-4fb1-95c4-1aa8f7e5d3f6:c934, c5393538-959b-47cf-9d9c-19dac7bed4ee:c930, a2e6e0ff-38a8-4bcf-9958-a89ff312531d:c930]
2019-07-15 13:06:47,256 INFO  client.GrpcClientProtocolClient (GrpcClientProtocolClient.java:onNext(255)) - client-B30EC828C355->c26939f8-4d1f-4fb1-95c4-1aa8f7e5d3f6: receive RaftClientReply:client-B30EC828C355->c26939f8-4d1f-4fb1-95c4-1aa8f7e5d3f6@group-D25BE8053FEA, cid=736, SUCCESS, logIndex=0, commits[c26939f8-4d1f-4fb1-95c4-1aa8f7e5d3f6:c935, c5393538-959b-47cf-9d9c-19dac7bed4ee:c934, a2e6e0ff-38a8-4bcf-9958-a89ff312531d:c934]
2019-07-15 13:06:47,279 INFO  client.GrpcClientProtocolClient (GrpcClientProtocolClient.java:onNext(255)) - client-B30EC828C355->c26939f8-4d1f-4fb1-95c4-1aa8f7e5d3f6: receive RaftClientReply:client-B30EC828C355->c26939f8-4d1f-4fb1-95c4-1aa8f7e5d3f6@group-D25BE8053FEA, cid=737, SUCCESS, logIndex=937, commits[c26939f8-4d1f-4fb1-95c4-1aa8f7e5d3f6:c939, c5393538-959b-47cf-9d9c-19dac7bed4ee:c936, a2e6e0ff-38a8-4bcf-9958-a89ff312531d:c936]
2019-07-15 13:06:47,280 INFO  client.GrpcClientProtocolClient (GrpcClientProtocolClient.java:onNext(255)) - client-B30EC828C355->c26939f8-4d1f-4fb1-95c4-1aa8f7e5d3f6: receive RaftClientReply:client-B30EC828C355->c26939f8-4d1f-4fb1-95c4-1aa8f7e5d3f6@group-D25BE8053FEA, cid=738, SUCCESS, logIndex=938, commits[c26939f8-4d1f-4fb1-95c4-1aa8f7e5d3f6:c940, c5393538-959b-47cf-9d9c-19dac7bed4ee:c936, a2e6e0ff-38a8-4bcf-9958-a89ff312531d:c936]
2019-07-15 13:06:47,281 INFO  client.GrpcClientProtocolClient (GrpcClientProtocolClient.java:onNext(255)) - client-B30EC828C355->c26939f8-4d1f-4fb1-95c4-1aa8f7e5d3f6: receive RaftClientReply:client-B30EC828C355->c26939f8-4d1f-4fb1-95c4-1aa8f7e5d3f6@group-D25BE8053FEA, cid=739, SUCCESS, logIndex=939, commits[c26939f8-4d1f-4fb1-95c4-1aa8f7e5d3f6:c940, c5393538-959b-47cf-9d9c-19dac7bed4ee:c936, a2e6e0ff-38a8-4bcf-9958-a89ff312531d:c936]
2019-07-15 13:06:47,281 INFO  client.GrpcClientProtocolClient (GrpcClientProtocolClient.java:onNext(255)) - client-B30EC828C355->c26939f8-4d1f-4fb1-95c4-1aa8f7e5d3f6: receive RaftClientReply:client-B30EC828C355->c26939f8-4d1f-4fb1-95c4-1aa8f7e5d3f6@group-D25BE8053FEA, cid=740, SUCCESS, logIndex=940, commits[c26939f8-4d1f-4fb1-95c4-1aa8f7e5d3f6:c941, c5393538-959b-47cf-9d9c-19dac7bed4ee:c936, a2e6e0ff-38a8-4bcf-9958-a89ff312531d:c938]
2019-07-15 13:06:47,282 INFO  client.GrpcClientProtocolClient (GrpcClientProtocolClient.java:onNext(255)) - client-B30EC828C355->c26939f8-4d1f-4fb1-95c4-1aa8f7e5d3f6: receive RaftClientReply:client-B30EC828C355->c26939f8-4d1f-4fb1-95c4-1aa8f7e5d3f6@group-D25BE8053FEA, cid=741, SUCCESS, logIndex=0, commits[c26939f8-4d1f-4fb1-95c4-1aa8f7e5d3f6:c944, c5393538-959b-47cf-9d9c-19dac7bed4ee:c940, a2e6e0ff-38a8-4bcf-9958-a89ff312531d:c940]
2019-07-15 13:06:47,305 INFO  client.GrpcClientProtocolClient (GrpcClientProtocolClient.java:onNext(255)) - client-B30EC828C355->c26939f8-4d1f-4fb1-95c4-1aa8f7e5d3f6: receive RaftClientReply:client-B30EC828C355->c26939f8-4d1f-4fb1-95c4-1aa8f7e5d3f6@group-D25BE8053FEA, cid=742, SUCCESS, logIndex=945, commits[c26939f8-4d1f-4fb1-95c4-1aa8f7e5d3f6:c946, c5393538-959b-47cf-9d9c-19dac7bed4ee:c944, a2e6e0ff-38a8-4bcf-9958-a89ff312531d:c944]
2019-07-15 13:06:47,306 INFO  client.GrpcClientProtocolClient (GrpcClientProtocolClient.java:onNext(255)) - client-B30EC828C355->c26939f8-4d1f-4fb1-95c4-1aa8f7e5d3f6: receive RaftClientReply:client-B30EC828C355->c26939f8-4d1f-4fb1-95c4-1aa8f7e5d3f6@group-D25BE8053FEA, cid=743, SUCCESS, logIndex=946, commits[c26939f8-4d1f-4fb1-95c4-1aa8f7e5d3f6:c946, c5393538-959b-47cf-9d9c-19dac7bed4ee:c944, a2e6e0ff-38a8-4bcf-9958-a89ff312531d:c944]
2019-07-15 13:06:47,318 INFO  client.GrpcClientProtocolClient (GrpcClientProtocolClient.java:onNext(255)) - client-B30EC828C355->c26939f8-4d1f-4fb1-95c4-1aa8f7e5d3f6: receive RaftClientReply:client-B30EC828C355->c26939f8-4d1f-4fb1-95c4-1aa8f7e5d3f6@group-D25BE8053FEA, cid=744, SUCCESS, logIndex=949, commits[c26939f8-4d1f-4fb1-95c4-1aa8f7e5d3f6:c950, c5393538-959b-47cf-9d9c-19dac7bed4ee:c946, a2e6e0ff-38a8-4bcf-9958-a89ff312531d:c946]
2019-07-15 13:06:47,318 INFO  client.GrpcClientProtocolClient (GrpcClientProtocolClient.java:onNext(255)) - client-B30EC828C355->c26939f8-4d1f-4fb1-95c4-1aa8f7e5d3f6: receive RaftClientReply:client-B30EC828C355->c26939f8-4d1f-4fb1-95c4-1aa8f7e5d3f6@group-D25BE8053FEA, cid=745, SUCCESS, logIndex=950, commits[c26939f8-4d1f-4fb1-95c4-1aa8f7e5d3f6:c950, c5393538-959b-47cf-9d9c-19dac7bed4ee:c946, a2e6e0ff-38a8-4bcf-9958-a89ff312531d:c946]
2019-07-15 13:06:47,320 INFO  client.GrpcClientProtocolClient (GrpcClientProtocolClient.java:onNext(255)) - client-B30EC828C355->c26939f8-4d1f-4fb1-95c4-1aa8f7e5d3f6: receive RaftClientReply:client-B30EC828C355->c26939f8-4d1f-4fb1-95c4-1aa8f7e5d3f6@group-D25BE8053FEA, cid=746, SUCCESS, logIndex=0, commits[c26939f8-4d1f-4fb1-95c4-1aa8f7e5d3f6:c951, c5393538-959b-47cf-9d9c-19dac7bed4ee:c950, a2e6e0ff-38a8-4bcf-9958-a89ff312531d:c950]
2019-07-15 13:06:47,340 INFO  client.GrpcClientProtocolClient (GrpcClientProtocolClient.java:onNext(255)) - client-B30EC828C355->c26939f8-4d1f-4fb1-95c4-1aa8f7e5d3f6: receive RaftClientReply:client-B30EC828C355->c26939f8-4d1f-4fb1-95c4-1aa8f7e5d3f6@group-D25BE8053FEA, cid=747, SUCCESS, logIndex=953, commits[c26939f8-4d1f-4fb1-95c4-1aa8f7e5d3f6:c954, c5393538-959b-47cf-9d9c-19dac7bed4ee:c952, a2e6e0ff-38a8-4bcf-9958-a89ff312531d:c952]
2019-07-15 13:06:47,341 INFO  client.GrpcClientProtocolClient (GrpcClientProtocolClient.java:onNext(255)) - client-B30EC828C355->c26939f8-4d1f-4fb1-95c4-1aa8f7e5d3f6: receive RaftClientReply:client-B30EC828C355->c26939f8-4d1f-4fb1-95c4-1aa8f7e5d3f6@group-D25BE8053FEA, cid=748, SUCCESS, logIndex=954, commits[c26939f8-4d1f-4fb1-95c4-1aa8f7e5d3f6:c956, c5393538-959b-47cf-9d9c-19dac7bed4ee:c952, a2e6e0ff-38a8-4bcf-9958-a89ff312531d:c952]
2019-07-15 13:06:47,341 INFO  client.GrpcClientProtocolClient (GrpcClientProtocolClient.java:onNext(255)) - client-B30EC828C355->c26939f8-4d1f-4fb1-95c4-1aa8f7e5d3f6: receive RaftClientReply:client-B30EC828C355->c26939f8-4d1f-4fb1-95c4-1aa8f7e5d3f6@group-D25BE8053FEA, cid=749, SUCCESS, logIndex=955, commits[c26939f8-4d1f-4fb1-95c4-1aa8f7e5d3f6:c956, c5393538-959b-47cf-9d9c-19dac7bed4ee:c952, a2e6e0ff-38a8-4bcf-9958-a89ff312531d:c952]
2019-07-15 13:06:47,341 INFO  client.GrpcClientProtocolClient (GrpcClientProtocolClient.java:onNext(255)) - client-B30EC828C355->c26939f8-4d1f-4fb1-95c4-1aa8f7e5d3f6: receive RaftClientReply:client-B30EC828C355->c26939f8-4d1f-4fb1-95c4-1aa8f7e5d3f6@group-D25BE8053FEA, cid=750, SUCCESS, logIndex=956, commits[c26939f8-4d1f-4fb1-95c4-1aa8f7e5d3f6:c956, c5393538-959b-47cf-9d9c-19dac7bed4ee:c952, a2e6e0ff-38a8-4bcf-9958-a89ff312531d:c952]
2019-07-15 13:06:47,342 INFO  client.GrpcClientProtocolClient (GrpcClientProtocolClient.java:onNext(255)) - client-B30EC828C355->c26939f8-4d1f-4fb1-95c4-1aa8f7e5d3f6: receive RaftClientReply:client-B30EC828C355->c26939f8-4d1f-4fb1-95c4-1aa8f7e5d3f6@group-D25BE8053FEA, cid=751, SUCCESS, logIndex=0, commits[c26939f8-4d1f-4fb1-95c4-1aa8f7e5d3f6:c958, c5393538-959b-47cf-9d9c-19dac7bed4ee:c954, a2e6e0ff-38a8-4bcf-9958-a89ff312531d:c954]
2019-07-15 13:06:47,363 INFO  client.GrpcClientProtocolClient (GrpcClientProtocolClient.java:onNext(255)) - client-B30EC828C355->c26939f8-4d1f-4fb1-95c4-1aa8f7e5d3f6: receive RaftClientReply:client-B30EC828C355->c26939f8-4d1f-4fb1-95c4-1aa8f7e5d3f6@group-D25BE8053FEA, cid=752, SUCCESS, logIndex=960, commits[c26939f8-4d1f-4fb1-95c4-1aa8f7e5d3f6:c961, c5393538-959b-47cf-9d9c-19dac7bed4ee:c959, a2e6e0ff-38a8-4bcf-9958-a89ff312531d:c959]
2019-07-15 13:06:47,364 INFO  client.GrpcClientProtocolClient (GrpcClientProtocolClient.java:onNext(255)) - client-B30EC828C355->c26939f8-4d1f-4fb1-95c4-1aa8f7e5d3f6: receive RaftClientReply:client-B30EC828C355->c26939f8-4d1f-4fb1-95c4-1aa8f7e5d3f6@group-D25BE8053FEA, cid=753, SUCCESS, logIndex=961, commits[c26939f8-4d1f-4fb1-95c4-1aa8f7e5d3f6:c961, c5393538-959b-47cf-9d9c-19dac7bed4ee:c959, a2e6e0ff-38a8-4bcf-9958-a89ff312531d:c959]
2019-07-15 13:06:47,385 INFO  client.GrpcClientProtocolClient (GrpcClientProtocolClient.java:onNext(255)) - client-B30EC828C355->c26939f8-4d1f-4fb1-95c4-1aa8f7e5d3f6: receive RaftClientReply:client-B30EC828C355->c26939f8-4d1f-4fb1-95c4-1aa8f7e5d3f6@group-D25BE8053FEA, cid=754, SUCCESS, logIndex=964, commits[c26939f8-4d1f-4fb1-95c4-1aa8f7e5d3f6:c964, c5393538-959b-47cf-9d9c-19dac7bed4ee:c961, a2e6e0ff-38a8-4bcf-9958-a89ff312531d:c961]
2019-07-15 13:06:47,385 INFO  client.GrpcClientProtocolClient (GrpcClientProtocolClient.java:onNext(255)) - client-B30EC828C355->c26939f8-4d1f-4fb1-95c4-1aa8f7e5d3f6: receive RaftClientReply:client-B30EC828C355->c26939f8-4d1f-4fb1-95c4-1aa8f7e5d3f6@group-D25BE8053FEA, cid=755, SUCCESS, logIndex=965, commits[c26939f8-4d1f-4fb1-95c4-1aa8f7e5d3f6:c965, c5393538-959b-47cf-9d9c-19dac7bed4ee:c961, a2e6e0ff-38a8-4bcf-9958-a89ff312531d:c961]
2019-07-15 13:06:47,398 INFO  client.GrpcClientProtocolClient (GrpcClientProtocolClient.java:onNext(255)) - client-B30EC828C355->c26939f8-4d1f-4fb1-95c4-1aa8f7e5d3f6: receive RaftClientReply:client-B30EC828C355->c26939f8-4d1f-4fb1-95c4-1aa8f7e5d3f6@group-D25BE8053FEA, cid=756, SUCCESS, logIndex=0, commits[c26939f8-4d1f-4fb1-95c4-1aa8f7e5d3f6:c967, c5393538-959b-47cf-9d9c-19dac7bed4ee:c965, a2e6e0ff-38a8-4bcf-9958-a89ff312531d:c965]
2019-07-15 13:06:47,419 INFO  client.GrpcClientProtocolClient (GrpcClientProtocolClient.java:onNext(255)) - client-B30EC828C355->c26939f8-4d1f-4fb1-95c4-1aa8f7e5d3f6: receive RaftClientReply:client-B30EC828C355->c26939f8-4d1f-4fb1-95c4-1aa8f7e5d3f6@group-D25BE8053FEA, cid=757, SUCCESS, logIndex=968, commits[c26939f8-4d1f-4fb1-95c4-1aa8f7e5d3f6:c968, c5393538-959b-47cf-9d9c-19dac7bed4ee:c967, a2e6e0ff-38a8-4bcf-9958-a89ff312531d:c967]
2019-07-15 13:06:47,420 INFO  client.GrpcClientProtocolClient (GrpcClientProtocolClient.java:onNext(255)) - client-B30EC828C355->c26939f8-4d1f-4fb1-95c4-1aa8f7e5d3f6: receive RaftClientReply:client-B30EC828C355->c26939f8-4d1f-4fb1-95c4-1aa8f7e5d3f6@group-D25BE8053FEA, cid=758, SUCCESS, logIndex=969, commits[c26939f8-4d1f-4fb1-95c4-1aa8f7e5d3f6:c969, c5393538-959b-47cf-9d9c-19dac7bed4ee:c967, a2e6e0ff-38a8-4bcf-9958-a89ff312531d:c967]
2019-07-15 13:06:47,420 INFO  client.GrpcClientProtocolClient (GrpcClientProtocolClient.java:onNext(255)) - client-B30EC828C355->c26939f8-4d1f-4fb1-95c4-1aa8f7e5d3f6: receive RaftClientReply:client-B30EC828C355->c26939f8-4d1f-4fb1-95c4-1aa8f7e5d3f6@group-D25BE8053FEA, cid=759, SUCCESS, logIndex=970, commits[c26939f8-4d1f-4fb1-95c4-1aa8f7e5d3f6:c971, c5393538-959b-47cf-9d9c-19dac7bed4ee:c967, a2e6e0ff-38a8-4bcf-9958-a89ff312531d:c967]
2019-07-15 13:06:47,421 INFO  client.GrpcClientProtocolClient (GrpcClientProtocolClient.java:onNext(255)) - client-B30EC828C355->c26939f8-4d1f-4fb1-95c4-1aa8f7e5d3f6: receive RaftClientReply:client-B30EC828C355->c26939f8-4d1f-4fb1-95c4-1aa8f7e5d3f6@group-D25BE8053FEA, cid=760, SUCCESS, logIndex=971, commits[c26939f8-4d1f-4fb1-95c4-1aa8f7e5d3f6:c972, c5393538-959b-47cf-9d9c-19dac7bed4ee:c968, a2e6e0ff-38a8-4bcf-9958-a89ff312531d:c967]
2019-07-15 13:06:47,422 INFO  client.GrpcClientProtocolClient (GrpcClientProtocolClient.java:onNext(255)) - client-B30EC828C355->c26939f8-4d1f-4fb1-95c4-1aa8f7e5d3f6: receive RaftClientReply:client-B30EC828C355->c26939f8-4d1f-4fb1-95c4-1aa8f7e5d3f6@group-D25BE8053FEA, cid=761, SUCCESS, logIndex=0, commits[c26939f8-4d1f-4fb1-95c4-1aa8f7e5d3f6:c973, c5393538-959b-47cf-9d9c-19dac7bed4ee:c969, a2e6e0ff-38a8-4bcf-9958-a89ff312531d:c969]
2019-07-15 13:06:47,443 INFO  client.GrpcClientProtocolClient (GrpcClientProtocolClient.java:onNext(255)) - client-B30EC828C355->c26939f8-4d1f-4fb1-95c4-1aa8f7e5d3f6: receive RaftClientReply:client-B30EC828C355->c26939f8-4d1f-4fb1-95c4-1aa8f7e5d3f6@group-D25BE8053FEA, cid=762, SUCCESS, logIndex=976, commits[c26939f8-4d1f-4fb1-95c4-1aa8f7e5d3f6:c977, c5393538-959b-47cf-9d9c-19dac7bed4ee:c975, a2e6e0ff-38a8-4bcf-9958-a89ff312531d:c975]
2019-07-15 13:06:47,443 INFO  client.GrpcClientProtocolClient (GrpcClientProtocolClient.java:onNext(255)) - client-B30EC828C355->c26939f8-4d1f-4fb1-95c4-1aa8f7e5d3f6: receive RaftClientReply:client-B30EC828C355->c26939f8-4d1f-4fb1-95c4-1aa8f7e5d3f6@group-D25BE8053FEA, cid=763, SUCCESS, logIndex=977, commits[c26939f8-4d1f-4fb1-95c4-1aa8f7e5d3f6:c977, c5393538-959b-47cf-9d9c-19dac7bed4ee:c975, a2e6e0ff-38a8-4bcf-9958-a89ff312531d:c975]
2019-07-15 13:06:47,456 INFO  client.GrpcClientProtocolClient (GrpcClientProtocolClient.java:onNext(255)) - client-B30EC828C355->c26939f8-4d1f-4fb1-95c4-1aa8f7e5d3f6: receive RaftClientReply:client-B30EC828C355->c26939f8-4d1f-4fb1-95c4-1aa8f7e5d3f6@group-D25BE8053FEA, cid=764, SUCCESS, logIndex=980, commits[c26939f8-4d1f-4fb1-95c4-1aa8f7e5d3f6:c980, c5393538-959b-47cf-9d9c-19dac7bed4ee:c977, a2e6e0ff-38a8-4bcf-9958-a89ff312531d:c977]
2019-07-15 13:06:47,457 INFO  client.GrpcClientProtocolClient (GrpcClientProtocolClient.java:onNext(255)) - client-B30EC828C355->c26939f8-4d1f-4fb1-95c4-1aa8f7e5d3f6: receive RaftClientReply:client-B30EC828C355->c26939f8-4d1f-4fb1-95c4-1aa8f7e5d3f6@group-D25BE8053FEA, cid=765, SUCCESS, logIndex=981, commits[c26939f8-4d1f-4fb1-95c4-1aa8f7e5d3f6:c981, c5393538-959b-47cf-9d9c-19dac7bed4ee:c977, a2e6e0ff-38a8-4bcf-9958-a89ff312531d:c977]
2019-07-15 13:06:47,470 INFO  client.GrpcClientProtocolClient (GrpcClientProtocolClient.java:onNext(255)) - client-B30EC828C355->c26939f8-4d1f-4fb1-95c4-1aa8f7e5d3f6: receive RaftClientReply:client-B30EC828C355->c26939f8-4d1f-4fb1-95c4-1aa8f7e5d3f6@group-D25BE8053FEA, cid=766, SUCCESS, logIndex=0, commits[c26939f8-4d1f-4fb1-95c4-1aa8f7e5d3f6:c983, c5393538-959b-47cf-9d9c-19dac7bed4ee:c981, a2e6e0ff-38a8-4bcf-9958-a89ff312531d:c981]
2019-07-15 13:06:47,493 INFO  client.GrpcClientProtocolClient (GrpcClientProtocolClient.java:onNext(255)) - client-B30EC828C355->c26939f8-4d1f-4fb1-95c4-1aa8f7e5d3f6: receive RaftClientReply:client-B30EC828C355->c26939f8-4d1f-4fb1-95c4-1aa8f7e5d3f6@group-D25BE8053FEA, cid=767, SUCCESS, logIndex=984, commits[c26939f8-4d1f-4fb1-95c4-1aa8f7e5d3f6:c985, c5393538-959b-47cf-9d9c-19dac7bed4ee:c983, a2e6e0ff-38a8-4bcf-9958-a89ff312531d:c983]
2019-07-15 13:06:47,494 INFO  client.GrpcClientProtocolClient (GrpcClientProtocolClient.java:onNext(255)) - client-B30EC828C355->c26939f8-4d1f-4fb1-95c4-1aa8f7e5d3f6: receive RaftClientReply:client-B30EC828C355->c26939f8-4d1f-4fb1-95c4-1aa8f7e5d3f6@group-D25BE8053FEA, cid=768, SUCCESS, logIndex=985, commits[c26939f8-4d1f-4fb1-95c4-1aa8f7e5d3f6:c986, c5393538-959b-47cf-9d9c-19dac7bed4ee:c983, a2e6e0ff-38a8-4bcf-9958-a89ff312531d:c983]
2019-07-15 13:06:47,494 INFO  client.GrpcClientProtocolClient (GrpcClientProtocolClient.java:onNext(255)) - client-B30EC828C355->c26939f8-4d1f-4fb1-95c4-1aa8f7e5d3f6: receive RaftClientReply:client-B30EC828C355->c26939f8-4d1f-4fb1-95c4-1aa8f7e5d3f6@group-D25BE8053FEA, cid=769, SUCCESS, logIndex=986, commits[c26939f8-4d1f-4fb1-95c4-1aa8f7e5d3f6:c987, c5393538-959b-47cf-9d9c-19dac7bed4ee:c983, a2e6e0ff-38a8-4bcf-9958-a89ff312531d:c983]
2019-07-15 13:06:47,495 INFO  client.GrpcClientProtocolClient (GrpcClientProtocolClient.java:onNext(255)) - client-B30EC828C355->c26939f8-4d1f-4fb1-95c4-1aa8f7e5d3f6: receive RaftClientReply:client-B30EC828C355->c26939f8-4d1f-4fb1-95c4-1aa8f7e5d3f6@group-D25BE8053FEA, cid=770, SUCCESS, logIndex=987, commits[c26939f8-4d1f-4fb1-95c4-1aa8f7e5d3f6:c987, c5393538-959b-47cf-9d9c-19dac7bed4ee:c983, a2e6e0ff-38a8-4bcf-9958-a89ff312531d:c983]
2019-07-15 13:06:47,508 INFO  client.GrpcClientProtocolClient (GrpcClientProtocolClient.java:onNext(255)) - client-B30EC828C355->c26939f8-4d1f-4fb1-95c4-1aa8f7e5d3f6: receive RaftClientReply:client-B30EC828C355->c26939f8-4d1f-4fb1-95c4-1aa8f7e5d3f6@group-D25BE8053FEA, cid=771, SUCCESS, logIndex=0, commits[c26939f8-4d1f-4fb1-95c4-1aa8f7e5d3f6:c991, c5393538-959b-47cf-9d9c-19dac7bed4ee:c985, a2e6e0ff-38a8-4bcf-9958-a89ff312531d:c987]
2019-07-15 13:06:47,529 INFO  client.GrpcClientProtocolClient (GrpcClientProtocolClient.java:onNext(255)) - client-B30EC828C355->c26939f8-4d1f-4fb1-95c4-1aa8f7e5d3f6: receive RaftClientReply:client-B30EC828C355->c26939f8-4d1f-4fb1-95c4-1aa8f7e5d3f6@group-D25BE8053FEA, cid=772, SUCCESS, logIndex=992, commits[c26939f8-4d1f-4fb1-95c4-1aa8f7e5d3f6:c993, c5393538-959b-47cf-9d9c-19dac7bed4ee:c991, a2e6e0ff-38a8-4bcf-9958-a89ff312531d:c991]
2019-07-15 13:06:47,529 INFO  client.GrpcClientProtocolClient (GrpcClientProtocolClient.java:onNext(255)) - client-B30EC828C355->c26939f8-4d1f-4fb1-95c4-1aa8f7e5d3f6: receive RaftClientReply:client-B30EC828C355->c26939f8-4d1f-4fb1-95c4-1aa8f7e5d3f6@group-D25BE8053FEA, cid=773, SUCCESS, logIndex=993, commits[c26939f8-4d1f-4fb1-95c4-1aa8f7e5d3f6:c993, c5393538-959b-47cf-9d9c-19dac7bed4ee:c991, a2e6e0ff-38a8-4bcf-9958-a89ff312531d:c991]
2019-07-15 13:06:47,542 INFO  client.GrpcClientProtocolClient (GrpcClientProtocolClient.java:onNext(255)) - client-B30EC828C355->c26939f8-4d1f-4fb1-95c4-1aa8f7e5d3f6: receive RaftClientReply:client-B30EC828C355->c26939f8-4d1f-4fb1-95c4-1aa8f7e5d3f6@group-D25BE8053FEA, cid=774, SUCCESS, logIndex=996, commits[c26939f8-4d1f-4fb1-95c4-1aa8f7e5d3f6:c997, c5393538-959b-47cf-9d9c-19dac7bed4ee:c993, a2e6e0ff-38a8-4bcf-9958-a89ff312531d:c993]
2019-07-15 13:06:47,543 INFO  client.GrpcClientProtocolClient (GrpcClientProtocolClient.java:onNext(255)) - client-B30EC828C355->c26939f8-4d1f-4fb1-95c4-1aa8f7e5d3f6: receive RaftClientReply:client-B30EC828C355->c26939f8-4d1f-4fb1-95c4-1aa8f7e5d3f6@group-D25BE8053FEA, cid=775, SUCCESS, logIndex=997, commits[c26939f8-4d1f-4fb1-95c4-1aa8f7e5d3f6:c997, c5393538-959b-47cf-9d9c-19dac7bed4ee:c993, a2e6e0ff-38a8-4bcf-9958-a89ff312531d:c993]
2019-07-15 13:06:47,556 INFO  client.GrpcClientProtocolClient (GrpcClientProtocolClient.java:onNext(255)) - client-B30EC828C355->c26939f8-4d1f-4fb1-95c4-1aa8f7e5d3f6: receive RaftClientReply:client-B30EC828C355->c26939f8-4d1f-4fb1-95c4-1aa8f7e5d3f6@group-D25BE8053FEA, cid=776, SUCCESS, logIndex=0, commits[c26939f8-4d1f-4fb1-95c4-1aa8f7e5d3f6:c999, c5393538-959b-47cf-9d9c-19dac7bed4ee:c997, a2e6e0ff-38a8-4bcf-9958-a89ff312531d:c997]
 0.00% |█                                                                                                    |  0/1 Time: 0:00:022019-07-15 13:06:47,682 INFO  client.GrpcClientProtocolClient (GrpcClientProtocolClient.java:onNext(255)) - client-B30EC828C355->c26939f8-4d1f-4fb1-95c4-1aa8f7e5d3f6: receive RaftClientReply:client-B30EC828C355->c26939f8-4d1f-4fb1-95c4-1aa8f7e5d3f6@group-D25BE8053FEA, cid=777, SUCCESS, logIndex=1000, commits[c26939f8-4d1f-4fb1-95c4-1aa8f7e5d3f6:c1001, c5393538-959b-47cf-9d9c-19dac7bed4ee:c999, a2e6e0ff-38a8-4bcf-9958-a89ff312531d:c999]
2019-07-15 13:06:47,683 INFO  client.GrpcClientProtocolClient (GrpcClientProtocolClient.java:onNext(255)) - client-B30EC828C355->c26939f8-4d1f-4fb1-95c4-1aa8f7e5d3f6: receive RaftClientReply:client-B30EC828C355->c26939f8-4d1f-4fb1-95c4-1aa8f7e5d3f6@group-D25BE8053FEA, cid=778, SUCCESS, logIndex=1001, commits[c26939f8-4d1f-4fb1-95c4-1aa8f7e5d3f6:c1001, c5393538-959b-47cf-9d9c-19dac7bed4ee:c999, a2e6e0ff-38a8-4bcf-9958-a89ff312531d:c999]
2019-07-15 13:06:47,700 INFO  client.GrpcClientProtocolClient (GrpcClientProtocolClient.java:onNext(255)) - client-B30EC828C355->c26939f8-4d1f-4fb1-95c4-1aa8f7e5d3f6: receive RaftClientReply:client-B30EC828C355->c26939f8-4d1f-4fb1-95c4-1aa8f7e5d3f6@group-D25BE8053FEA, cid=779, SUCCESS, logIndex=1002, commits[c26939f8-4d1f-4fb1-95c4-1aa8f7e5d3f6:c1004, c5393538-959b-47cf-9d9c-19dac7bed4ee:c999, a2e6e0ff-38a8-4bcf-9958-a89ff312531d:c1000]
2019-07-15 13:06:47,700 INFO  client.GrpcClientProtocolClient (GrpcClientProtocolClient.java:onNext(255)) - client-B30EC828C355->c26939f8-4d1f-4fb1-95c4-1aa8f7e5d3f6: receive RaftClientReply:client-B30EC828C355->c26939f8-4d1f-4fb1-95c4-1aa8f7e5d3f6@group-D25BE8053FEA, cid=780, SUCCESS, logIndex=1003, commits[c26939f8-4d1f-4fb1-95c4-1aa8f7e5d3f6:c1005, c5393538-959b-47cf-9d9c-19dac7bed4ee:c1000, a2e6e0ff-38a8-4bcf-9958-a89ff312531d:c1001]
2019-07-15 13:06:47,702 INFO  client.GrpcClientProtocolClient (GrpcClientProtocolClient.java:onNext(255)) - client-B30EC828C355->c26939f8-4d1f-4fb1-95c4-1aa8f7e5d3f6: receive RaftClientReply:client-B30EC828C355->c26939f8-4d1f-4fb1-95c4-1aa8f7e5d3f6@group-D25BE8053FEA, cid=781, SUCCESS, logIndex=0, commits[c26939f8-4d1f-4fb1-95c4-1aa8f7e5d3f6:c1005, c5393538-959b-47cf-9d9c-19dac7bed4ee:c1001, a2e6e0ff-38a8-4bcf-9958-a89ff312531d:c1001]
2019-07-15 13:06:47,725 INFO  client.GrpcClientProtocolClient (GrpcClientProtocolClient.java:onNext(255)) - client-B30EC828C355->c26939f8-4d1f-4fb1-95c4-1aa8f7e5d3f6: receive RaftClientReply:client-B30EC828C355->c26939f8-4d1f-4fb1-95c4-1aa8f7e5d3f6@group-D25BE8053FEA, cid=782, SUCCESS, logIndex=1008, commits[c26939f8-4d1f-4fb1-95c4-1aa8f7e5d3f6:c1009, c5393538-959b-47cf-9d9c-19dac7bed4ee:c1006, a2e6e0ff-38a8-4bcf-9958-a89ff312531d:c1005]
2019-07-15 13:06:47,726 INFO  client.GrpcClientProtocolClient (GrpcClientProtocolClient.java:onNext(255)) - client-B30EC828C355->c26939f8-4d1f-4fb1-95c4-1aa8f7e5d3f6: receive RaftClientReply:client-B30EC828C355->c26939f8-4d1f-4fb1-95c4-1aa8f7e5d3f6@group-D25BE8053FEA, cid=783, SUCCESS, logIndex=1009, commits[c26939f8-4d1f-4fb1-95c4-1aa8f7e5d3f6:c1009, c5393538-959b-47cf-9d9c-19dac7bed4ee:c1006, a2e6e0ff-38a8-4bcf-9958-a89ff312531d:c1005]
2019-07-15 13:06:47,752 INFO  client.GrpcClientProtocolClient (GrpcClientProtocolClient.java:onNext(255)) - client-B30EC828C355->c26939f8-4d1f-4fb1-95c4-1aa8f7e5d3f6: receive RaftClientReply:client-B30EC828C355->c26939f8-4d1f-4fb1-95c4-1aa8f7e5d3f6@group-D25BE8053FEA, cid=784, SUCCESS, logIndex=1012, commits[c26939f8-4d1f-4fb1-95c4-1aa8f7e5d3f6:c1013, c5393538-959b-47cf-9d9c-19dac7bed4ee:c1009, a2e6e0ff-38a8-4bcf-9958-a89ff312531d:c1009]
2019-07-15 13:06:47,752 INFO  client.GrpcClientProtocolClient (GrpcClientProtocolClient.java:onNext(255)) - client-B30EC828C355->c26939f8-4d1f-4fb1-95c4-1aa8f7e5d3f6: receive RaftClientReply:client-B30EC828C355->c26939f8-4d1f-4fb1-95c4-1aa8f7e5d3f6@group-D25BE8053FEA, cid=785, SUCCESS, logIndex=1013, commits[c26939f8-4d1f-4fb1-95c4-1aa8f7e5d3f6:c1013, c5393538-959b-47cf-9d9c-19dac7bed4ee:c1009, a2e6e0ff-38a8-4bcf-9958-a89ff312531d:c1009]
2019-07-15 13:06:47,754 INFO  client.GrpcClientProtocolClient (GrpcClientProtocolClient.java:onNext(255)) - client-B30EC828C355->c26939f8-4d1f-4fb1-95c4-1aa8f7e5d3f6: receive RaftClientReply:client-B30EC828C355->c26939f8-4d1f-4fb1-95c4-1aa8f7e5d3f6@group-D25BE8053FEA, cid=786, SUCCESS, logIndex=0, commits[c26939f8-4d1f-4fb1-95c4-1aa8f7e5d3f6:c1015, c5393538-959b-47cf-9d9c-19dac7bed4ee:c1013, a2e6e0ff-38a8-4bcf-9958-a89ff312531d:c1013]
2019-07-15 13:06:47,777 INFO  client.GrpcClientProtocolClient (GrpcClientProtocolClient.java:onNext(255)) - client-B30EC828C355->c26939f8-4d1f-4fb1-95c4-1aa8f7e5d3f6: receive RaftClientReply:client-B30EC828C355->c26939f8-4d1f-4fb1-95c4-1aa8f7e5d3f6@group-D25BE8053FEA, cid=787, SUCCESS, logIndex=1016, commits[c26939f8-4d1f-4fb1-95c4-1aa8f7e5d3f6:c1017, c5393538-959b-47cf-9d9c-19dac7bed4ee:c1015, a2e6e0ff-38a8-4bcf-9958-a89ff312531d:c1015]
2019-07-15 13:06:47,778 INFO  client.GrpcClientProtocolClient (GrpcClientProtocolClient.java:onNext(255)) - client-B30EC828C355->c26939f8-4d1f-4fb1-95c4-1aa8f7e5d3f6: receive RaftClientReply:client-B30EC828C355->c26939f8-4d1f-4fb1-95c4-1aa8f7e5d3f6@group-D25BE8053FEA, cid=788, SUCCESS, logIndex=1017, commits[c26939f8-4d1f-4fb1-95c4-1aa8f7e5d3f6:c1018, c5393538-959b-47cf-9d9c-19dac7bed4ee:c1015, a2e6e0ff-38a8-4bcf-9958-a89ff312531d:c1015]
2019-07-15 13:06:47,778 INFO  client.GrpcClientProtocolClient (GrpcClientProtocolClient.java:onNext(255)) - client-B30EC828C355->c26939f8-4d1f-4fb1-95c4-1aa8f7e5d3f6: receive RaftClientReply:client-B30EC828C355->c26939f8-4d1f-4fb1-95c4-1aa8f7e5d3f6@group-D25BE8053FEA, cid=789, SUCCESS, logIndex=1018, commits[c26939f8-4d1f-4fb1-95c4-1aa8f7e5d3f6:c1019, c5393538-959b-47cf-9d9c-19dac7bed4ee:c1015, a2e6e0ff-38a8-4bcf-9958-a89ff312531d:c1015]
2019-07-15 13:06:47,778 INFO  client.GrpcClientProtocolClient (GrpcClientProtocolClient.java:onNext(255)) - client-B30EC828C355->c26939f8-4d1f-4fb1-95c4-1aa8f7e5d3f6: receive RaftClientReply:client-B30EC828C355->c26939f8-4d1f-4fb1-95c4-1aa8f7e5d3f6@group-D25BE8053FEA, cid=790, SUCCESS, logIndex=1019, commits[c26939f8-4d1f-4fb1-95c4-1aa8f7e5d3f6:c1019, c5393538-959b-47cf-9d9c-19dac7bed4ee:c1017, a2e6e0ff-38a8-4bcf-9958-a89ff312531d:c1015]
2019-07-15 13:06:47,780 INFO  client.GrpcClientProtocolClient (GrpcClientProtocolClient.java:onNext(255)) - client-B30EC828C355->c26939f8-4d1f-4fb1-95c4-1aa8f7e5d3f6: receive RaftClientReply:client-B30EC828C355->c26939f8-4d1f-4fb1-95c4-1aa8f7e5d3f6@group-D25BE8053FEA, cid=791, SUCCESS, logIndex=0, commits[c26939f8-4d1f-4fb1-95c4-1aa8f7e5d3f6:c1021, c5393538-959b-47cf-9d9c-19dac7bed4ee:c1017, a2e6e0ff-38a8-4bcf-9958-a89ff312531d:c1017]
2019-07-15 13:06:47,802 INFO  client.GrpcClientProtocolClient (GrpcClientProtocolClient.java:onNext(255)) - client-B30EC828C355->c26939f8-4d1f-4fb1-95c4-1aa8f7e5d3f6: receive RaftClientReply:client-B30EC828C355->c26939f8-4d1f-4fb1-95c4-1aa8f7e5d3f6@group-D25BE8053FEA, cid=792, SUCCESS, logIndex=1024, commits[c26939f8-4d1f-4fb1-95c4-1aa8f7e5d3f6:c1025, c5393538-959b-47cf-9d9c-19dac7bed4ee:c1023, a2e6e0ff-38a8-4bcf-9958-a89ff312531d:c1023]
2019-07-15 13:06:47,802 INFO  client.GrpcClientProtocolClient (GrpcClientProtocolClient.java:onNext(255)) - client-B30EC828C355->c26939f8-4d1f-4fb1-95c4-1aa8f7e5d3f6: receive RaftClientReply:client-B30EC828C355->c26939f8-4d1f-4fb1-95c4-1aa8f7e5d3f6@group-D25BE8053FEA, cid=793, SUCCESS, logIndex=1025, commits[c26939f8-4d1f-4fb1-95c4-1aa8f7e5d3f6:c1025, c5393538-959b-47cf-9d9c-19dac7bed4ee:c1023, a2e6e0ff-38a8-4bcf-9958-a89ff312531d:c1023]
2019-07-15 13:06:47,815 INFO  client.GrpcClientProtocolClient (GrpcClientProtocolClient.java:onNext(255)) - client-B30EC828C355->c26939f8-4d1f-4fb1-95c4-1aa8f7e5d3f6: receive RaftClientReply:client-B30EC828C355->c26939f8-4d1f-4fb1-95c4-1aa8f7e5d3f6@group-D25BE8053FEA, cid=794, SUCCESS, logIndex=1028, commits[c26939f8-4d1f-4fb1-95c4-1aa8f7e5d3f6:c1029, c5393538-959b-47cf-9d9c-19dac7bed4ee:c1025, a2e6e0ff-38a8-4bcf-9958-a89ff312531d:c1025]
2019-07-15 13:06:47,815 INFO  client.GrpcClientProtocolClient (GrpcClientProtocolClient.java:onNext(255)) - client-B30EC828C355->c26939f8-4d1f-4fb1-95c4-1aa8f7e5d3f6: receive RaftClientReply:client-B30EC828C355->c26939f8-4d1f-4fb1-95c4-1aa8f7e5d3f6@group-D25BE8053FEA, cid=795, SUCCESS, logIndex=1029, commits[c26939f8-4d1f-4fb1-95c4-1aa8f7e5d3f6:c1029, c5393538-959b-47cf-9d9c-19dac7bed4ee:c1025, a2e6e0ff-38a8-4bcf-9958-a89ff312531d:c1025]
2019-07-15 13:06:47,836 INFO  client.GrpcClientProtocolClient (GrpcClientProtocolClient.java:onNext(255)) - client-B30EC828C355->c26939f8-4d1f-4fb1-95c4-1aa8f7e5d3f6: receive RaftClientReply:client-B30EC828C355->c26939f8-4d1f-4fb1-95c4-1aa8f7e5d3f6@group-D25BE8053FEA, cid=796, SUCCESS, logIndex=0, commits[c26939f8-4d1f-4fb1-95c4-1aa8f7e5d3f6:c1030, c5393538-959b-47cf-9d9c-19dac7bed4ee:c1029, a2e6e0ff-38a8-4bcf-9958-a89ff312531d:c1029]
2019-07-15 13:06:47,858 INFO  client.GrpcClientProtocolClient (GrpcClientProtocolClient.java:onNext(255)) - client-B30EC828C355->c26939f8-4d1f-4fb1-95c4-1aa8f7e5d3f6: receive RaftClientReply:client-B30EC828C355->c26939f8-4d1f-4fb1-95c4-1aa8f7e5d3f6@group-D25BE8053FEA, cid=797, SUCCESS, logIndex=1032, commits[c26939f8-4d1f-4fb1-95c4-1aa8f7e5d3f6:c1032, c5393538-959b-47cf-9d9c-19dac7bed4ee:c1031, a2e6e0ff-38a8-4bcf-9958-a89ff312531d:c1031]
2019-07-15 13:06:47,858 INFO  client.GrpcClientProtocolClient (GrpcClientProtocolClient.java:onNext(255)) - client-B30EC828C355->c26939f8-4d1f-4fb1-95c4-1aa8f7e5d3f6: receive RaftClientReply:client-B30EC828C355->c26939f8-4d1f-4fb1-95c4-1aa8f7e5d3f6@group-D25BE8053FEA, cid=798, SUCCESS, logIndex=1033, commits[c26939f8-4d1f-4fb1-95c4-1aa8f7e5d3f6:c1034, c5393538-959b-47cf-9d9c-19dac7bed4ee:c1031, a2e6e0ff-38a8-4bcf-9958-a89ff312531d:c1031]
2019-07-15 13:06:47,859 INFO  client.GrpcClientProtocolClient (GrpcClientProtocolClient.java:onNext(255)) - client-B30EC828C355->c26939f8-4d1f-4fb1-95c4-1aa8f7e5d3f6: receive RaftClientReply:client-B30EC828C355->c26939f8-4d1f-4fb1-95c4-1aa8f7e5d3f6@group-D25BE8053FEA, cid=799, SUCCESS, logIndex=1034, commits[c26939f8-4d1f-4fb1-95c4-1aa8f7e5d3f6:c1035, c5393538-959b-47cf-9d9c-19dac7bed4ee:c1031, a2e6e0ff-38a8-4bcf-9958-a89ff312531d:c1031]
2019-07-15 13:06:47,859 INFO  client.GrpcClientProtocolClient (GrpcClientProtocolClient.java:onNext(255)) - client-B30EC828C355->c26939f8-4d1f-4fb1-95c4-1aa8f7e5d3f6: receive RaftClientReply:client-B30EC828C355->c26939f8-4d1f-4fb1-95c4-1aa8f7e5d3f6@group-D25BE8053FEA, cid=800, SUCCESS, logIndex=1035, commits[c26939f8-4d1f-4fb1-95c4-1aa8f7e5d3f6:c1035, c5393538-959b-47cf-9d9c-19dac7bed4ee:c1031, a2e6e0ff-38a8-4bcf-9958-a89ff312531d:c1031]
2019-07-15 13:06:47,860 INFO  client.GrpcClientProtocolClient (GrpcClientProtocolClient.java:onNext(255)) - client-B30EC828C355->c26939f8-4d1f-4fb1-95c4-1aa8f7e5d3f6: receive RaftClientReply:client-B30EC828C355->c26939f8-4d1f-4fb1-95c4-1aa8f7e5d3f6@group-D25BE8053FEA, cid=801, SUCCESS, logIndex=0, commits[c26939f8-4d1f-4fb1-95c4-1aa8f7e5d3f6:c1039, c5393538-959b-47cf-9d9c-19dac7bed4ee:c1033, a2e6e0ff-38a8-4bcf-9958-a89ff312531d:c1035]
2019-07-15 13:06:47,879 INFO  client.GrpcClientProtocolClient (GrpcClientProtocolClient.java:onNext(255)) - client-B30EC828C355->c26939f8-4d1f-4fb1-95c4-1aa8f7e5d3f6: receive RaftClientReply:client-B30EC828C355->c26939f8-4d1f-4fb1-95c4-1aa8f7e5d3f6@group-D25BE8053FEA, cid=802, SUCCESS, logIndex=1040, commits[c26939f8-4d1f-4fb1-95c4-1aa8f7e5d3f6:c1041, c5393538-959b-47cf-9d9c-19dac7bed4ee:c1039, a2e6e0ff-38a8-4bcf-9958-a89ff312531d:c1039]
2019-07-15 13:06:47,880 INFO  client.GrpcClientProtocolClient (GrpcClientProtocolClient.java:onNext(255)) - client-B30EC828C355->c26939f8-4d1f-4fb1-95c4-1aa8f7e5d3f6: receive RaftClientReply:client-B30EC828C355->c26939f8-4d1f-4fb1-95c4-1aa8f7e5d3f6@group-D25BE8053FEA, cid=803, SUCCESS, logIndex=1041, commits[c26939f8-4d1f-4fb1-95c4-1aa8f7e5d3f6:c1041, c5393538-959b-47cf-9d9c-19dac7bed4ee:c1039, a2e6e0ff-38a8-4bcf-9958-a89ff312531d:c1039]
2019-07-15 13:06:47,893 INFO  client.GrpcClientProtocolClient (GrpcClientProtocolClient.java:onNext(255)) - client-B30EC828C355->c26939f8-4d1f-4fb1-95c4-1aa8f7e5d3f6: receive RaftClientReply:client-B30EC828C355->c26939f8-4d1f-4fb1-95c4-1aa8f7e5d3f6@group-D25BE8053FEA, cid=804, SUCCESS, logIndex=1044, commits[c26939f8-4d1f-4fb1-95c4-1aa8f7e5d3f6:c1044, c5393538-959b-47cf-9d9c-19dac7bed4ee:c1041, a2e6e0ff-38a8-4bcf-9958-a89ff312531d:c1041]
2019-07-15 13:06:47,893 INFO  client.GrpcClientProtocolClient (GrpcClientProtocolClient.java:onNext(255)) - client-B30EC828C355->c26939f8-4d1f-4fb1-95c4-1aa8f7e5d3f6: receive RaftClientReply:client-B30EC828C355->c26939f8-4d1f-4fb1-95c4-1aa8f7e5d3f6@group-D25BE8053FEA, cid=805, SUCCESS, logIndex=1045, commits[c26939f8-4d1f-4fb1-95c4-1aa8f7e5d3f6:c1045, c5393538-959b-47cf-9d9c-19dac7bed4ee:c1041, a2e6e0ff-38a8-4bcf-9958-a89ff312531d:c1041]
2019-07-15 13:06:47,906 INFO  client.GrpcClientProtocolClient (GrpcClientProtocolClient.java:onNext(255)) - client-B30EC828C355->c26939f8-4d1f-4fb1-95c4-1aa8f7e5d3f6: receive RaftClientReply:client-B30EC828C355->c26939f8-4d1f-4fb1-95c4-1aa8f7e5d3f6@group-D25BE8053FEA, cid=806, SUCCESS, logIndex=0, commits[c26939f8-4d1f-4fb1-95c4-1aa8f7e5d3f6:c1047, c5393538-959b-47cf-9d9c-19dac7bed4ee:c1045, a2e6e0ff-38a8-4bcf-9958-a89ff312531d:c1045]
2019-07-15 13:06:47,938 INFO  client.GrpcClientProtocolClient (GrpcClientProtocolClient.java:onNext(255)) - client-B30EC828C355->c26939f8-4d1f-4fb1-95c4-1aa8f7e5d3f6: receive RaftClientReply:client-B30EC828C355->c26939f8-4d1f-4fb1-95c4-1aa8f7e5d3f6@group-D25BE8053FEA, cid=807, SUCCESS, logIndex=1048, commits[c26939f8-4d1f-4fb1-95c4-1aa8f7e5d3f6:c1051, c5393538-959b-47cf-9d9c-19dac7bed4ee:c1047, a2e6e0ff-38a8-4bcf-9958-a89ff312531d:c1047]
2019-07-15 13:06:47,939 INFO  client.GrpcClientProtocolClient (GrpcClientProtocolClient.java:onNext(255)) - client-B30EC828C355->c26939f8-4d1f-4fb1-95c4-1aa8f7e5d3f6: receive RaftClientReply:client-B30EC828C355->c26939f8-4d1f-4fb1-95c4-1aa8f7e5d3f6@group-D25BE8053FEA, cid=808, SUCCESS, logIndex=1049, commits[c26939f8-4d1f-4fb1-95c4-1aa8f7e5d3f6:c1051, c5393538-959b-47cf-9d9c-19dac7bed4ee:c1047, a2e6e0ff-38a8-4bcf-9958-a89ff312531d:c1047]
2019-07-15 13:06:47,940 INFO  client.GrpcClientProtocolClient (GrpcClientProtocolClient.java:onNext(255)) - client-B30EC828C355->c26939f8-4d1f-4fb1-95c4-1aa8f7e5d3f6: receive RaftClientReply:client-B30EC828C355->c26939f8-4d1f-4fb1-95c4-1aa8f7e5d3f6@group-D25BE8053FEA, cid=809, SUCCESS, logIndex=1050, commits[c26939f8-4d1f-4fb1-95c4-1aa8f7e5d3f6:c1051, c5393538-959b-47cf-9d9c-19dac7bed4ee:c1047, a2e6e0ff-38a8-4bcf-9958-a89ff312531d:c1047]
2019-07-15 13:06:47,940 INFO  client.GrpcClientProtocolClient (GrpcClientProtocolClient.java:onNext(255)) - client-B30EC828C355->c26939f8-4d1f-4fb1-95c4-1aa8f7e5d3f6: receive RaftClientReply:client-B30EC828C355->c26939f8-4d1f-4fb1-95c4-1aa8f7e5d3f6@group-D25BE8053FEA, cid=810, SUCCESS, logIndex=1051, commits[c26939f8-4d1f-4fb1-95c4-1aa8f7e5d3f6:c1051, c5393538-959b-47cf-9d9c-19dac7bed4ee:c1047, a2e6e0ff-38a8-4bcf-9958-a89ff312531d:c1047]
2019-07-15 13:06:47,950 INFO  client.GrpcClientProtocolClient (GrpcClientProtocolClient.java:onNext(255)) - client-B30EC828C355->c26939f8-4d1f-4fb1-95c4-1aa8f7e5d3f6: receive RaftClientReply:client-B30EC828C355->c26939f8-4d1f-4fb1-95c4-1aa8f7e5d3f6@group-D25BE8053FEA, cid=811, SUCCESS, logIndex=0, commits[c26939f8-4d1f-4fb1-95c4-1aa8f7e5d3f6:c1052, c5393538-959b-47cf-9d9c-19dac7bed4ee:c1050, a2e6e0ff-38a8-4bcf-9958-a89ff312531d:c1050]
2019-07-15 13:06:47,969 INFO  client.GrpcClientProtocolClient (GrpcClientProtocolClient.java:onNext(255)) - client-B30EC828C355->c26939f8-4d1f-4fb1-95c4-1aa8f7e5d3f6: receive RaftClientReply:client-B30EC828C355->c26939f8-4d1f-4fb1-95c4-1aa8f7e5d3f6@group-D25BE8053FEA, cid=812, SUCCESS, logIndex=1055, commits[c26939f8-4d1f-4fb1-95c4-1aa8f7e5d3f6:c1056, c5393538-959b-47cf-9d9c-19dac7bed4ee:c1054, a2e6e0ff-38a8-4bcf-9958-a89ff312531d:c1054]
2019-07-15 13:06:47,970 INFO  client.GrpcClientProtocolClient (GrpcClientProtocolClient.java:onNext(255)) - client-B30EC828C355->c26939f8-4d1f-4fb1-95c4-1aa8f7e5d3f6: receive RaftClientReply:client-B30EC828C355->c26939f8-4d1f-4fb1-95c4-1aa8f7e5d3f6@group-D25BE8053FEA, cid=813, SUCCESS, logIndex=1056, commits[c26939f8-4d1f-4fb1-95c4-1aa8f7e5d3f6:c1056, c5393538-959b-47cf-9d9c-19dac7bed4ee:c1054, a2e6e0ff-38a8-4bcf-9958-a89ff312531d:c1054]
2019-07-15 13:06:47,983 INFO  client.GrpcClientProtocolClient (GrpcClientProtocolClient.java:onNext(255)) - client-B30EC828C355->c26939f8-4d1f-4fb1-95c4-1aa8f7e5d3f6: receive RaftClientReply:client-B30EC828C355->c26939f8-4d1f-4fb1-95c4-1aa8f7e5d3f6@group-D25BE8053FEA, cid=814, SUCCESS, logIndex=1059, commits[c26939f8-4d1f-4fb1-95c4-1aa8f7e5d3f6:c1059, c5393538-959b-47cf-9d9c-19dac7bed4ee:c1056, a2e6e0ff-38a8-4bcf-9958-a89ff312531d:c1056]
2019-07-15 13:06:47,983 INFO  client.GrpcClientProtocolClient (GrpcClientProtocolClient.java:onNext(255)) - client-B30EC828C355->c26939f8-4d1f-4fb1-95c4-1aa8f7e5d3f6: receive RaftClientReply:client-B30EC828C355->c26939f8-4d1f-4fb1-95c4-1aa8f7e5d3f6@group-D25BE8053FEA, cid=815, SUCCESS, logIndex=1060, commits[c26939f8-4d1f-4fb1-95c4-1aa8f7e5d3f6:c1060, c5393538-959b-47cf-9d9c-19dac7bed4ee:c1056, a2e6e0ff-38a8-4bcf-9958-a89ff312531d:c1056]
2019-07-15 13:06:47,995 INFO  client.GrpcClientProtocolClient (GrpcClientProtocolClient.java:onNext(255)) - client-B30EC828C355->c26939f8-4d1f-4fb1-95c4-1aa8f7e5d3f6: receive RaftClientReply:client-B30EC828C355->c26939f8-4d1f-4fb1-95c4-1aa8f7e5d3f6@group-D25BE8053FEA, cid=816, SUCCESS, logIndex=0, commits[c26939f8-4d1f-4fb1-95c4-1aa8f7e5d3f6:c1062, c5393538-959b-47cf-9d9c-19dac7bed4ee:c1060, a2e6e0ff-38a8-4bcf-9958-a89ff312531d:c1060]
2019-07-15 13:06:48,015 INFO  client.GrpcClientProtocolClient (GrpcClientProtocolClient.java:onNext(255)) - client-B30EC828C355->c26939f8-4d1f-4fb1-95c4-1aa8f7e5d3f6: receive RaftClientReply:client-B30EC828C355->c26939f8-4d1f-4fb1-95c4-1aa8f7e5d3f6@group-D25BE8053FEA, cid=817, SUCCESS, logIndex=1063, commits[c26939f8-4d1f-4fb1-95c4-1aa8f7e5d3f6:c1064, c5393538-959b-47cf-9d9c-19dac7bed4ee:c1062, a2e6e0ff-38a8-4bcf-9958-a89ff312531d:c1062]
2019-07-15 13:06:48,016 INFO  client.GrpcClientProtocolClient (GrpcClientProtocolClient.java:onNext(255)) - client-B30EC828C355->c26939f8-4d1f-4fb1-95c4-1aa8f7e5d3f6: receive RaftClientReply:client-B30EC828C355->c26939f8-4d1f-4fb1-95c4-1aa8f7e5d3f6@group-D25BE8053FEA, cid=818, SUCCESS, logIndex=1064, commits[c26939f8-4d1f-4fb1-95c4-1aa8f7e5d3f6:c1064, c5393538-959b-47cf-9d9c-19dac7bed4ee:c1062, a2e6e0ff-38a8-4bcf-9958-a89ff312531d:c1062]
2019-07-15 13:06:48,016 INFO  client.GrpcClientProtocolClient (GrpcClientProtocolClient.java:onNext(255)) - client-B30EC828C355->c26939f8-4d1f-4fb1-95c4-1aa8f7e5d3f6: receive RaftClientReply:client-B30EC828C355->c26939f8-4d1f-4fb1-95c4-1aa8f7e5d3f6@group-D25BE8053FEA, cid=819, SUCCESS, logIndex=1065, commits[c26939f8-4d1f-4fb1-95c4-1aa8f7e5d3f6:c1066, c5393538-959b-47cf-9d9c-19dac7bed4ee:c1062, a2e6e0ff-38a8-4bcf-9958-a89ff312531d:c1062]
2019-07-15 13:06:48,016 INFO  client.GrpcClientProtocolClient (GrpcClientProtocolClient.java:onNext(255)) - client-B30EC828C355->c26939f8-4d1f-4fb1-95c4-1aa8f7e5d3f6: receive RaftClientReply:client-B30EC828C355->c26939f8-4d1f-4fb1-95c4-1aa8f7e5d3f6@group-D25BE8053FEA, cid=820, SUCCESS, logIndex=1066, commits[c26939f8-4d1f-4fb1-95c4-1aa8f7e5d3f6:c1066, c5393538-959b-47cf-9d9c-19dac7bed4ee:c1062, a2e6e0ff-38a8-4bcf-9958-a89ff312531d:c1062]
2019-07-15 13:06:48,018 INFO  client.GrpcClientProtocolClient (GrpcClientProtocolClient.java:onNext(255)) - client-B30EC828C355->c26939f8-4d1f-4fb1-95c4-1aa8f7e5d3f6: receive RaftClientReply:client-B30EC828C355->c26939f8-4d1f-4fb1-95c4-1aa8f7e5d3f6@group-D25BE8053FEA, cid=821, SUCCESS, logIndex=0, commits[c26939f8-4d1f-4fb1-95c4-1aa8f7e5d3f6:c1070, c5393538-959b-47cf-9d9c-19dac7bed4ee:c1066, a2e6e0ff-38a8-4bcf-9958-a89ff312531d:c1064]
2019-07-15 13:06:48,037 INFO  client.GrpcClientProtocolClient (GrpcClientProtocolClient.java:onNext(255)) - client-B30EC828C355->c26939f8-4d1f-4fb1-95c4-1aa8f7e5d3f6: receive RaftClientReply:client-B30EC828C355->c26939f8-4d1f-4fb1-95c4-1aa8f7e5d3f6@group-D25BE8053FEA, cid=822, SUCCESS, logIndex=1071, commits[c26939f8-4d1f-4fb1-95c4-1aa8f7e5d3f6:c1072, c5393538-959b-47cf-9d9c-19dac7bed4ee:c1070, a2e6e0ff-38a8-4bcf-9958-a89ff312531d:c1070]
2019-07-15 13:06:48,038 INFO  client.GrpcClientProtocolClient (GrpcClientProtocolClient.java:onNext(255)) - client-B30EC828C355->c26939f8-4d1f-4fb1-95c4-1aa8f7e5d3f6: receive RaftClientReply:client-B30EC828C355->c26939f8-4d1f-4fb1-95c4-1aa8f7e5d3f6@group-D25BE8053FEA, cid=823, SUCCESS, logIndex=1072, commits[c26939f8-4d1f-4fb1-95c4-1aa8f7e5d3f6:c1072, c5393538-959b-47cf-9d9c-19dac7bed4ee:c1070, a2e6e0ff-38a8-4bcf-9958-a89ff312531d:c1070]
2019-07-15 13:06:48,051 INFO  client.GrpcClientProtocolClient (GrpcClientProtocolClient.java:onNext(255)) - client-B30EC828C355->c26939f8-4d1f-4fb1-95c4-1aa8f7e5d3f6: receive RaftClientReply:client-B30EC828C355->c26939f8-4d1f-4fb1-95c4-1aa8f7e5d3f6@group-D25BE8053FEA, cid=824, SUCCESS, logIndex=1075, commits[c26939f8-4d1f-4fb1-95c4-1aa8f7e5d3f6:c1075, c5393538-959b-47cf-9d9c-19dac7bed4ee:c1072, a2e6e0ff-38a8-4bcf-9958-a89ff312531d:c1072]
2019-07-15 13:06:48,051 INFO  client.GrpcClientProtocolClient (GrpcClientProtocolClient.java:onNext(255)) - client-B30EC828C355->c26939f8-4d1f-4fb1-95c4-1aa8f7e5d3f6: receive RaftClientReply:client-B30EC828C355->c26939f8-4d1f-4fb1-95c4-1aa8f7e5d3f6@group-D25BE8053FEA, cid=825, SUCCESS, logIndex=1076, commits[c26939f8-4d1f-4fb1-95c4-1aa8f7e5d3f6:c1076, c5393538-959b-47cf-9d9c-19dac7bed4ee:c1072, a2e6e0ff-38a8-4bcf-9958-a89ff312531d:c1072]
2019-07-15 13:06:48,075 INFO  client.GrpcClientProtocolClient (GrpcClientProtocolClient.java:onNext(255)) - client-B30EC828C355->c26939f8-4d1f-4fb1-95c4-1aa8f7e5d3f6: receive RaftClientReply:client-B30EC828C355->c26939f8-4d1f-4fb1-95c4-1aa8f7e5d3f6@group-D25BE8053FEA, cid=826, SUCCESS, logIndex=0, commits[c26939f8-4d1f-4fb1-95c4-1aa8f7e5d3f6:c1078, c5393538-959b-47cf-9d9c-19dac7bed4ee:c1076, a2e6e0ff-38a8-4bcf-9958-a89ff312531d:c1076]
2019-07-15 13:06:48,095 INFO  client.GrpcClientProtocolClient (GrpcClientProtocolClient.java:onNext(255)) - client-B30EC828C355->c26939f8-4d1f-4fb1-95c4-1aa8f7e5d3f6: receive RaftClientReply:client-B30EC828C355->c26939f8-4d1f-4fb1-95c4-1aa8f7e5d3f6@group-D25BE8053FEA, cid=827, SUCCESS, logIndex=1079, commits[c26939f8-4d1f-4fb1-95c4-1aa8f7e5d3f6:c1080, c5393538-959b-47cf-9d9c-19dac7bed4ee:c1078, a2e6e0ff-38a8-4bcf-9958-a89ff312531d:c1078]
2019-07-15 13:06:48,096 INFO  client.GrpcClientProtocolClient (GrpcClientProtocolClient.java:onNext(255)) - client-B30EC828C355->c26939f8-4d1f-4fb1-95c4-1aa8f7e5d3f6: receive RaftClientReply:client-B30EC828C355->c26939f8-4d1f-4fb1-95c4-1aa8f7e5d3f6@group-D25BE8053FEA, cid=828, SUCCESS, logIndex=1080, commits[c26939f8-4d1f-4fb1-95c4-1aa8f7e5d3f6:c1080, c5393538-959b-47cf-9d9c-19dac7bed4ee:c1078, a2e6e0ff-38a8-4bcf-9958-a89ff312531d:c1078]
2019-07-15 13:06:48,096 INFO  client.GrpcClientProtocolClient (GrpcClientProtocolClient.java:onNext(255)) - client-B30EC828C355->c26939f8-4d1f-4fb1-95c4-1aa8f7e5d3f6: receive RaftClientReply:client-B30EC828C355->c26939f8-4d1f-4fb1-95c4-1aa8f7e5d3f6@group-D25BE8053FEA, cid=829, SUCCESS, logIndex=1081, commits[c26939f8-4d1f-4fb1-95c4-1aa8f7e5d3f6:c1082, c5393538-959b-47cf-9d9c-19dac7bed4ee:c1078, a2e6e0ff-38a8-4bcf-9958-a89ff312531d:c1078]
2019-07-15 13:06:48,096 INFO  client.GrpcClientProtocolClient (GrpcClientProtocolClient.java:onNext(255)) - client-B30EC828C355->c26939f8-4d1f-4fb1-95c4-1aa8f7e5d3f6: receive RaftClientReply:client-B30EC828C355->c26939f8-4d1f-4fb1-95c4-1aa8f7e5d3f6@group-D25BE8053FEA, cid=830, SUCCESS, logIndex=1082, commits[c26939f8-4d1f-4fb1-95c4-1aa8f7e5d3f6:c1082, c5393538-959b-47cf-9d9c-19dac7bed4ee:c1078, a2e6e0ff-38a8-4bcf-9958-a89ff312531d:c1078]
2019-07-15 13:06:48,097 INFO  client.GrpcClientProtocolClient (GrpcClientProtocolClient.java:onNext(255)) - client-B30EC828C355->c26939f8-4d1f-4fb1-95c4-1aa8f7e5d3f6: receive RaftClientReply:client-B30EC828C355->c26939f8-4d1f-4fb1-95c4-1aa8f7e5d3f6@group-D25BE8053FEA, cid=831, SUCCESS, logIndex=0, commits[c26939f8-4d1f-4fb1-95c4-1aa8f7e5d3f6:c1084, c5393538-959b-47cf-9d9c-19dac7bed4ee:c1080, a2e6e0ff-38a8-4bcf-9958-a89ff312531d:c1080]
2019-07-15 13:06:48,120 INFO  client.GrpcClientProtocolClient (GrpcClientProtocolClient.java:onNext(255)) - client-B30EC828C355->c26939f8-4d1f-4fb1-95c4-1aa8f7e5d3f6: receive RaftClientReply:client-B30EC828C355->c26939f8-4d1f-4fb1-95c4-1aa8f7e5d3f6@group-D25BE8053FEA, cid=832, SUCCESS, logIndex=1087, commits[c26939f8-4d1f-4fb1-95c4-1aa8f7e5d3f6:c1088, c5393538-959b-47cf-9d9c-19dac7bed4ee:c1086, a2e6e0ff-38a8-4bcf-9958-a89ff312531d:c1086]
2019-07-15 13:06:48,120 INFO  client.GrpcClientProtocolClient (GrpcClientProtocolClient.java:onNext(255)) - client-B30EC828C355->c26939f8-4d1f-4fb1-95c4-1aa8f7e5d3f6: receive RaftClientReply:client-B30EC828C355->c26939f8-4d1f-4fb1-95c4-1aa8f7e5d3f6@group-D25BE8053FEA, cid=833, SUCCESS, logIndex=1088, commits[c26939f8-4d1f-4fb1-95c4-1aa8f7e5d3f6:c1088, c5393538-959b-47cf-9d9c-19dac7bed4ee:c1086, a2e6e0ff-38a8-4bcf-9958-a89ff312531d:c1086]
2019-07-15 13:06:48,133 INFO  client.GrpcClientProtocolClient (GrpcClientProtocolClient.java:onNext(255)) - client-B30EC828C355->c26939f8-4d1f-4fb1-95c4-1aa8f7e5d3f6: receive RaftClientReply:client-B30EC828C355->c26939f8-4d1f-4fb1-95c4-1aa8f7e5d3f6@group-D25BE8053FEA, cid=834, SUCCESS, logIndex=1091, commits[c26939f8-4d1f-4fb1-95c4-1aa8f7e5d3f6:c1092, c5393538-959b-47cf-9d9c-19dac7bed4ee:c1088, a2e6e0ff-38a8-4bcf-9958-a89ff312531d:c1088]
2019-07-15 13:06:48,134 INFO  client.GrpcClientProtocolClient (GrpcClientProtocolClient.java:onNext(255)) - client-B30EC828C355->c26939f8-4d1f-4fb1-95c4-1aa8f7e5d3f6: receive RaftClientReply:client-B30EC828C355->c26939f8-4d1f-4fb1-95c4-1aa8f7e5d3f6@group-D25BE8053FEA, cid=835, SUCCESS, logIndex=1092, commits[c26939f8-4d1f-4fb1-95c4-1aa8f7e5d3f6:c1092, c5393538-959b-47cf-9d9c-19dac7bed4ee:c1088, a2e6e0ff-38a8-4bcf-9958-a89ff312531d:c1088]
2019-07-15 13:06:48,146 INFO  client.GrpcClientProtocolClient (GrpcClientProtocolClient.java:onNext(255)) - client-B30EC828C355->c26939f8-4d1f-4fb1-95c4-1aa8f7e5d3f6: receive RaftClientReply:client-B30EC828C355->c26939f8-4d1f-4fb1-95c4-1aa8f7e5d3f6@group-D25BE8053FEA, cid=836, SUCCESS, logIndex=0, commits[c26939f8-4d1f-4fb1-95c4-1aa8f7e5d3f6:c1094, c5393538-959b-47cf-9d9c-19dac7bed4ee:c1092, a2e6e0ff-38a8-4bcf-9958-a89ff312531d:c1092]
2019-07-15 13:06:48,165 INFO  client.GrpcClientProtocolClient (GrpcClientProtocolClient.java:onNext(255)) - client-B30EC828C355->c26939f8-4d1f-4fb1-95c4-1aa8f7e5d3f6: receive RaftClientReply:client-B30EC828C355->c26939f8-4d1f-4fb1-95c4-1aa8f7e5d3f6@group-D25BE8053FEA, cid=837, SUCCESS, logIndex=1095, commits[c26939f8-4d1f-4fb1-95c4-1aa8f7e5d3f6:c1096, c5393538-959b-47cf-9d9c-19dac7bed4ee:c1094, a2e6e0ff-38a8-4bcf-9958-a89ff312531d:c1094]
2019-07-15 13:06:48,166 INFO  client.GrpcClientProtocolClient (GrpcClientProtocolClient.java:onNext(255)) - client-B30EC828C355->c26939f8-4d1f-4fb1-95c4-1aa8f7e5d3f6: receive RaftClientReply:client-B30EC828C355->c26939f8-4d1f-4fb1-95c4-1aa8f7e5d3f6@group-D25BE8053FEA, cid=838, SUCCESS, logIndex=1096, commits[c26939f8-4d1f-4fb1-95c4-1aa8f7e5d3f6:c1096, c5393538-959b-47cf-9d9c-19dac7bed4ee:c1094, a2e6e0ff-38a8-4bcf-9958-a89ff312531d:c1094]
2019-07-15 13:06:48,166 INFO  client.GrpcClientProtocolClient (GrpcClientProtocolClient.java:onNext(255)) - client-B30EC828C355->c26939f8-4d1f-4fb1-95c4-1aa8f7e5d3f6: receive RaftClientReply:client-B30EC828C355->c26939f8-4d1f-4fb1-95c4-1aa8f7e5d3f6@group-D25BE8053FEA, cid=839, SUCCESS, logIndex=1097, commits[c26939f8-4d1f-4fb1-95c4-1aa8f7e5d3f6:c1098, c5393538-959b-47cf-9d9c-19dac7bed4ee:c1094, a2e6e0ff-38a8-4bcf-9958-a89ff312531d:c1094]
2019-07-15 13:06:48,167 INFO  client.GrpcClientProtocolClient (GrpcClientProtocolClient.java:onNext(255)) - client-B30EC828C355->c26939f8-4d1f-4fb1-95c4-1aa8f7e5d3f6: receive RaftClientReply:client-B30EC828C355->c26939f8-4d1f-4fb1-95c4-1aa8f7e5d3f6@group-D25BE8053FEA, cid=840, SUCCESS, logIndex=1098, commits[c26939f8-4d1f-4fb1-95c4-1aa8f7e5d3f6:c1098, c5393538-959b-47cf-9d9c-19dac7bed4ee:c1094, a2e6e0ff-38a8-4bcf-9958-a89ff312531d:c1094]
2019-07-15 13:06:48,168 INFO  client.GrpcClientProtocolClient (GrpcClientProtocolClient.java:onNext(255)) - client-B30EC828C355->c26939f8-4d1f-4fb1-95c4-1aa8f7e5d3f6: receive RaftClientReply:client-B30EC828C355->c26939f8-4d1f-4fb1-95c4-1aa8f7e5d3f6@group-D25BE8053FEA, cid=841, SUCCESS, logIndex=0, commits[c26939f8-4d1f-4fb1-95c4-1aa8f7e5d3f6:c1100, c5393538-959b-47cf-9d9c-19dac7bed4ee:c1096, a2e6e0ff-38a8-4bcf-9958-a89ff312531d:c1096]
2019-07-15 13:06:48,192 INFO  client.GrpcClientProtocolClient (GrpcClientProtocolClient.java:onNext(255)) - client-B30EC828C355->c26939f8-4d1f-4fb1-95c4-1aa8f7e5d3f6: receive RaftClientReply:client-B30EC828C355->c26939f8-4d1f-4fb1-95c4-1aa8f7e5d3f6@group-D25BE8053FEA, cid=842, SUCCESS, logIndex=1103, commits[c26939f8-4d1f-4fb1-95c4-1aa8f7e5d3f6:c1104, c5393538-959b-47cf-9d9c-19dac7bed4ee:c1102, a2e6e0ff-38a8-4bcf-9958-a89ff312531d:c1102]
2019-07-15 13:06:48,193 INFO  client.GrpcClientProtocolClient (GrpcClientProtocolClient.java:onNext(255)) - client-B30EC828C355->c26939f8-4d1f-4fb1-95c4-1aa8f7e5d3f6: receive RaftClientReply:client-B30EC828C355->c26939f8-4d1f-4fb1-95c4-1aa8f7e5d3f6@group-D25BE8053FEA, cid=843, SUCCESS, logIndex=1104, commits[c26939f8-4d1f-4fb1-95c4-1aa8f7e5d3f6:c1104, c5393538-959b-47cf-9d9c-19dac7bed4ee:c1102, a2e6e0ff-38a8-4bcf-9958-a89ff312531d:c1102]
2019-07-15 13:06:48,205 INFO  client.GrpcClientProtocolClient (GrpcClientProtocolClient.java:onNext(255)) - client-B30EC828C355->c26939f8-4d1f-4fb1-95c4-1aa8f7e5d3f6: receive RaftClientReply:client-B30EC828C355->c26939f8-4d1f-4fb1-95c4-1aa8f7e5d3f6@group-D25BE8053FEA, cid=844, SUCCESS, logIndex=1107, commits[c26939f8-4d1f-4fb1-95c4-1aa8f7e5d3f6:c1107, c5393538-959b-47cf-9d9c-19dac7bed4ee:c1104, a2e6e0ff-38a8-4bcf-9958-a89ff312531d:c1104]
2019-07-15 13:06:48,206 INFO  client.GrpcClientProtocolClient (GrpcClientProtocolClient.java:onNext(255)) - client-B30EC828C355->c26939f8-4d1f-4fb1-95c4-1aa8f7e5d3f6: receive RaftClientReply:client-B30EC828C355->c26939f8-4d1f-4fb1-95c4-1aa8f7e5d3f6@group-D25BE8053FEA, cid=845, SUCCESS, logIndex=1108, commits[c26939f8-4d1f-4fb1-95c4-1aa8f7e5d3f6:c1108, c5393538-959b-47cf-9d9c-19dac7bed4ee:c1104, a2e6e0ff-38a8-4bcf-9958-a89ff312531d:c1104]
2019-07-15 13:06:48,218 INFO  client.GrpcClientProtocolClient (GrpcClientProtocolClient.java:onNext(255)) - client-B30EC828C355->c26939f8-4d1f-4fb1-95c4-1aa8f7e5d3f6: receive RaftClientReply:client-B30EC828C355->c26939f8-4d1f-4fb1-95c4-1aa8f7e5d3f6@group-D25BE8053FEA, cid=846, SUCCESS, logIndex=0, commits[c26939f8-4d1f-4fb1-95c4-1aa8f7e5d3f6:c1110, c5393538-959b-47cf-9d9c-19dac7bed4ee:c1108, a2e6e0ff-38a8-4bcf-9958-a89ff312531d:c1108]
2019-07-15 13:06:48,357 INFO  client.GrpcClientProtocolClient (GrpcClientProtocolClient.java:onNext(255)) - client-B30EC828C355->c26939f8-4d1f-4fb1-95c4-1aa8f7e5d3f6: receive RaftClientReply:client-B30EC828C355->c26939f8-4d1f-4fb1-95c4-1aa8f7e5d3f6@group-D25BE8053FEA, cid=847, SUCCESS, logIndex=1111, commits[c26939f8-4d1f-4fb1-95c4-1aa8f7e5d3f6:c1112, c5393538-959b-47cf-9d9c-19dac7bed4ee:c1110, a2e6e0ff-38a8-4bcf-9958-a89ff312531d:c1110]
2019-07-15 13:06:48,357 INFO  client.GrpcClientProtocolClient (GrpcClientProtocolClient.java:onNext(255)) - client-B30EC828C355->c26939f8-4d1f-4fb1-95c4-1aa8f7e5d3f6: receive RaftClientReply:client-B30EC828C355->c26939f8-4d1f-4fb1-95c4-1aa8f7e5d3f6@group-D25BE8053FEA, cid=848, SUCCESS, logIndex=1112, commits[c26939f8-4d1f-4fb1-95c4-1aa8f7e5d3f6:c1114, c5393538-959b-47cf-9d9c-19dac7bed4ee:c1110, a2e6e0ff-38a8-4bcf-9958-a89ff312531d:c1110]
2019-07-15 13:06:48,358 INFO  client.GrpcClientProtocolClient (GrpcClientProtocolClient.java:onNext(255)) - client-B30EC828C355->c26939f8-4d1f-4fb1-95c4-1aa8f7e5d3f6: receive RaftClientReply:client-B30EC828C355->c26939f8-4d1f-4fb1-95c4-1aa8f7e5d3f6@group-D25BE8053FEA, cid=849, SUCCESS, logIndex=1113, commits[c26939f8-4d1f-4fb1-95c4-1aa8f7e5d3f6:c1114, c5393538-959b-47cf-9d9c-19dac7bed4ee:c1110, a2e6e0ff-38a8-4bcf-9958-a89ff312531d:c1110]
2019-07-15 13:06:48,358 INFO  client.GrpcClientProtocolClient (GrpcClientProtocolClient.java:onNext(255)) - client-B30EC828C355->c26939f8-4d1f-4fb1-95c4-1aa8f7e5d3f6: receive RaftClientReply:client-B30EC828C355->c26939f8-4d1f-4fb1-95c4-1aa8f7e5d3f6@group-D25BE8053FEA, cid=850, SUCCESS, logIndex=1114, commits[c26939f8-4d1f-4fb1-95c4-1aa8f7e5d3f6:c1114, c5393538-959b-47cf-9d9c-19dac7bed4ee:c1111, a2e6e0ff-38a8-4bcf-9958-a89ff312531d:c1110]
2019-07-15 13:06:48,360 INFO  client.GrpcClientProtocolClient (GrpcClientProtocolClient.java:onNext(255)) - client-B30EC828C355->c26939f8-4d1f-4fb1-95c4-1aa8f7e5d3f6: receive RaftClientReply:client-B30EC828C355->c26939f8-4d1f-4fb1-95c4-1aa8f7e5d3f6@group-D25BE8053FEA, cid=851, SUCCESS, logIndex=0, commits[c26939f8-4d1f-4fb1-95c4-1aa8f7e5d3f6:c1118, c5393538-959b-47cf-9d9c-19dac7bed4ee:c1114, a2e6e0ff-38a8-4bcf-9958-a89ff312531d:c1112]
2019-07-15 13:06:48,383 INFO  client.GrpcClientProtocolClient (GrpcClientProtocolClient.java:onNext(255)) - client-B30EC828C355->c26939f8-4d1f-4fb1-95c4-1aa8f7e5d3f6: receive RaftClientReply:client-B30EC828C355->c26939f8-4d1f-4fb1-95c4-1aa8f7e5d3f6@group-D25BE8053FEA, cid=852, SUCCESS, logIndex=1119, commits[c26939f8-4d1f-4fb1-95c4-1aa8f7e5d3f6:c1120, c5393538-959b-47cf-9d9c-19dac7bed4ee:c1118, a2e6e0ff-38a8-4bcf-9958-a89ff312531d:c1118]
2019-07-15 13:06:48,384 INFO  client.GrpcClientProtocolClient (GrpcClientProtocolClient.java:onNext(255)) - client-B30EC828C355->c26939f8-4d1f-4fb1-95c4-1aa8f7e5d3f6: receive RaftClientReply:client-B30EC828C355->c26939f8-4d1f-4fb1-95c4-1aa8f7e5d3f6@group-D25BE8053FEA, cid=853, SUCCESS, logIndex=1120, commits[c26939f8-4d1f-4fb1-95c4-1aa8f7e5d3f6:c1120, c5393538-959b-47cf-9d9c-19dac7bed4ee:c1118, a2e6e0ff-38a8-4bcf-9958-a89ff312531d:c1118]
2019-07-15 13:06:48,410 INFO  client.GrpcClientProtocolClient (GrpcClientProtocolClient.java:onNext(255)) - client-B30EC828C355->c26939f8-4d1f-4fb1-95c4-1aa8f7e5d3f6: receive RaftClientReply:client-B30EC828C355->c26939f8-4d1f-4fb1-95c4-1aa8f7e5d3f6@group-D25BE8053FEA, cid=854, SUCCESS, logIndex=1123, commits[c26939f8-4d1f-4fb1-95c4-1aa8f7e5d3f6:c1124, c5393538-959b-47cf-9d9c-19dac7bed4ee:c1120, a2e6e0ff-38a8-4bcf-9958-a89ff312531d:c1120]
2019-07-15 13:06:48,410 INFO  client.GrpcClientProtocolClient (GrpcClientProtocolClient.java:onNext(255)) - client-B30EC828C355->c26939f8-4d1f-4fb1-95c4-1aa8f7e5d3f6: receive RaftClientReply:client-B30EC828C355->c26939f8-4d1f-4fb1-95c4-1aa8f7e5d3f6@group-D25BE8053FEA, cid=855, SUCCESS, logIndex=1124, commits[c26939f8-4d1f-4fb1-95c4-1aa8f7e5d3f6:c1124, c5393538-959b-47cf-9d9c-19dac7bed4ee:c1120, a2e6e0ff-38a8-4bcf-9958-a89ff312531d:c1120]
2019-07-15 13:06:48,424 INFO  client.GrpcClientProtocolClient (GrpcClientProtocolClient.java:onNext(255)) - client-B30EC828C355->c26939f8-4d1f-4fb1-95c4-1aa8f7e5d3f6: receive RaftClientReply:client-B30EC828C355->c26939f8-4d1f-4fb1-95c4-1aa8f7e5d3f6@group-D25BE8053FEA, cid=856, SUCCESS, logIndex=0, commits[c26939f8-4d1f-4fb1-95c4-1aa8f7e5d3f6:c1125, c5393538-959b-47cf-9d9c-19dac7bed4ee:c1124, a2e6e0ff-38a8-4bcf-9958-a89ff312531d:c1124]
2019-07-15 13:06:48,447 INFO  client.GrpcClientProtocolClient (GrpcClientProtocolClient.java:onNext(255)) - client-B30EC828C355->c26939f8-4d1f-4fb1-95c4-1aa8f7e5d3f6: receive RaftClientReply:client-B30EC828C355->c26939f8-4d1f-4fb1-95c4-1aa8f7e5d3f6@group-D25BE8053FEA, cid=857, SUCCESS, logIndex=1127, commits[c26939f8-4d1f-4fb1-95c4-1aa8f7e5d3f6:c1128, c5393538-959b-47cf-9d9c-19dac7bed4ee:c1126, a2e6e0ff-38a8-4bcf-9958-a89ff312531d:c1126]
2019-07-15 13:06:48,447 INFO  client.GrpcClientProtocolClient (GrpcClientProtocolClient.java:onNext(255)) - client-B30EC828C355->c26939f8-4d1f-4fb1-95c4-1aa8f7e5d3f6: receive RaftClientReply:client-B30EC828C355->c26939f8-4d1f-4fb1-95c4-1aa8f7e5d3f6@group-D25BE8053FEA, cid=858, SUCCESS, logIndex=1128, commits[c26939f8-4d1f-4fb1-95c4-1aa8f7e5d3f6:c1128, c5393538-959b-47cf-9d9c-19dac7bed4ee:c1126, a2e6e0ff-38a8-4bcf-9958-a89ff312531d:c1126]
2019-07-15 13:06:48,448 INFO  client.GrpcClientProtocolClient (GrpcClientProtocolClient.java:onNext(255)) - client-B30EC828C355->c26939f8-4d1f-4fb1-95c4-1aa8f7e5d3f6: receive RaftClientReply:client-B30EC828C355->c26939f8-4d1f-4fb1-95c4-1aa8f7e5d3f6@group-D25BE8053FEA, cid=859, SUCCESS, logIndex=1129, commits[c26939f8-4d1f-4fb1-95c4-1aa8f7e5d3f6:c1129, c5393538-959b-47cf-9d9c-19dac7bed4ee:c1126, a2e6e0ff-38a8-4bcf-9958-a89ff312531d:c1126]
2019-07-15 13:06:48,448 INFO  client.GrpcClientProtocolClient (GrpcClientProtocolClient.java:onNext(255)) - client-B30EC828C355->c26939f8-4d1f-4fb1-95c4-1aa8f7e5d3f6: receive RaftClientReply:client-B30EC828C355->c26939f8-4d1f-4fb1-95c4-1aa8f7e5d3f6@group-D25BE8053FEA, cid=860, SUCCESS, logIndex=1130, commits[c26939f8-4d1f-4fb1-95c4-1aa8f7e5d3f6:c1130, c5393538-959b-47cf-9d9c-19dac7bed4ee:c1126, a2e6e0ff-38a8-4bcf-9958-a89ff312531d:c1126]
2019-07-15 13:06:48,450 INFO  client.GrpcClientProtocolClient (GrpcClientProtocolClient.java:onNext(255)) - client-B30EC828C355->c26939f8-4d1f-4fb1-95c4-1aa8f7e5d3f6: receive RaftClientReply:client-B30EC828C355->c26939f8-4d1f-4fb1-95c4-1aa8f7e5d3f6@group-D25BE8053FEA, cid=861, SUCCESS, logIndex=0, commits[c26939f8-4d1f-4fb1-95c4-1aa8f7e5d3f6:c1132, c5393538-959b-47cf-9d9c-19dac7bed4ee:c1128, a2e6e0ff-38a8-4bcf-9958-a89ff312531d:c1128]
2019-07-15 13:06:48,482 INFO  client.GrpcClientProtocolClient (GrpcClientProtocolClient.java:onNext(255)) - client-B30EC828C355->c26939f8-4d1f-4fb1-95c4-1aa8f7e5d3f6: receive RaftClientReply:client-B30EC828C355->c26939f8-4d1f-4fb1-95c4-1aa8f7e5d3f6@group-D25BE8053FEA, cid=862, SUCCESS, logIndex=1135, commits[c26939f8-4d1f-4fb1-95c4-1aa8f7e5d3f6:c1136, c5393538-959b-47cf-9d9c-19dac7bed4ee:c1134, a2e6e0ff-38a8-4bcf-9958-a89ff312531d:c1134]
2019-07-15 13:06:48,483 INFO  client.GrpcClientProtocolClient (GrpcClientProtocolClient.java:onNext(255)) - client-B30EC828C355->c26939f8-4d1f-4fb1-95c4-1aa8f7e5d3f6: receive RaftClientReply:client-B30EC828C355->c26939f8-4d1f-4fb1-95c4-1aa8f7e5d3f6@group-D25BE8053FEA, cid=863, SUCCESS, logIndex=1136, commits[c26939f8-4d1f-4fb1-95c4-1aa8f7e5d3f6:c1136, c5393538-959b-47cf-9d9c-19dac7bed4ee:c1134, a2e6e0ff-38a8-4bcf-9958-a89ff312531d:c1134]
2019-07-15 13:06:48,498 INFO  client.GrpcClientProtocolClient (GrpcClientProtocolClient.java:onNext(255)) - client-B30EC828C355->c26939f8-4d1f-4fb1-95c4-1aa8f7e5d3f6: receive RaftClientReply:client-B30EC828C355->c26939f8-4d1f-4fb1-95c4-1aa8f7e5d3f6@group-D25BE8053FEA, cid=864, SUCCESS, logIndex=1139, commits[c26939f8-4d1f-4fb1-95c4-1aa8f7e5d3f6:c1140, c5393538-959b-47cf-9d9c-19dac7bed4ee:c1136, a2e6e0ff-38a8-4bcf-9958-a89ff312531d:c1136]
2019-07-15 13:06:48,499 INFO  client.GrpcClientProtocolClient (GrpcClientProtocolClient.java:onNext(255)) - client-B30EC828C355->c26939f8-4d1f-4fb1-95c4-1aa8f7e5d3f6: receive RaftClientReply:client-B30EC828C355->c26939f8-4d1f-4fb1-95c4-1aa8f7e5d3f6@group-D25BE8053FEA, cid=865, SUCCESS, logIndex=1140, commits[c26939f8-4d1f-4fb1-95c4-1aa8f7e5d3f6:c1140, c5393538-959b-47cf-9d9c-19dac7bed4ee:c1136, a2e6e0ff-38a8-4bcf-9958-a89ff312531d:c1136]
2019-07-15 13:06:48,511 INFO  client.GrpcClientProtocolClient (GrpcClientProtocolClient.java:onNext(255)) - client-B30EC828C355->c26939f8-4d1f-4fb1-95c4-1aa8f7e5d3f6: receive RaftClientReply:client-B30EC828C355->c26939f8-4d1f-4fb1-95c4-1aa8f7e5d3f6@group-D25BE8053FEA, cid=866, SUCCESS, logIndex=0, commits[c26939f8-4d1f-4fb1-95c4-1aa8f7e5d3f6:c1142, c5393538-959b-47cf-9d9c-19dac7bed4ee:c1140, a2e6e0ff-38a8-4bcf-9958-a89ff312531d:c1140]
2019-07-15 13:06:48,531 INFO  client.GrpcClientProtocolClient (GrpcClientProtocolClient.java:onNext(255)) - client-B30EC828C355->c26939f8-4d1f-4fb1-95c4-1aa8f7e5d3f6: receive RaftClientReply:client-B30EC828C355->c26939f8-4d1f-4fb1-95c4-1aa8f7e5d3f6@group-D25BE8053FEA, cid=867, SUCCESS, logIndex=1143, commits[c26939f8-4d1f-4fb1-95c4-1aa8f7e5d3f6:c1145, c5393538-959b-47cf-9d9c-19dac7bed4ee:c1142, a2e6e0ff-38a8-4bcf-9958-a89ff312531d:c1142]
2019-07-15 13:06:48,532 INFO  client.GrpcClientProtocolClient (GrpcClientProtocolClient.java:onNext(255)) - client-B30EC828C355->c26939f8-4d1f-4fb1-95c4-1aa8f7e5d3f6: receive RaftClientReply:client-B30EC828C355->c26939f8-4d1f-4fb1-95c4-1aa8f7e5d3f6@group-D25BE8053FEA, cid=868, SUCCESS, logIndex=1144, commits[c26939f8-4d1f-4fb1-95c4-1aa8f7e5d3f6:c1146, c5393538-959b-47cf-9d9c-19dac7bed4ee:c1142, a2e6e0ff-38a8-4bcf-9958-a89ff312531d:c1142]
2019-07-15 13:06:48,532 INFO  client.GrpcClientProtocolClient (GrpcClientProtocolClient.java:onNext(255)) - client-B30EC828C355->c26939f8-4d1f-4fb1-95c4-1aa8f7e5d3f6: receive RaftClientReply:client-B30EC828C355->c26939f8-4d1f-4fb1-95c4-1aa8f7e5d3f6@group-D25BE8053FEA, cid=869, SUCCESS, logIndex=1145, commits[c26939f8-4d1f-4fb1-95c4-1aa8f7e5d3f6:c1146, c5393538-959b-47cf-9d9c-19dac7bed4ee:c1142, a2e6e0ff-38a8-4bcf-9958-a89ff312531d:c1142]
2019-07-15 13:06:48,533 INFO  client.GrpcClientProtocolClient (GrpcClientProtocolClient.java:onNext(255)) - client-B30EC828C355->c26939f8-4d1f-4fb1-95c4-1aa8f7e5d3f6: receive RaftClientReply:client-B30EC828C355->c26939f8-4d1f-4fb1-95c4-1aa8f7e5d3f6@group-D25BE8053FEA, cid=870, SUCCESS, logIndex=1146, commits[c26939f8-4d1f-4fb1-95c4-1aa8f7e5d3f6:c1146, c5393538-959b-47cf-9d9c-19dac7bed4ee:c1142, a2e6e0ff-38a8-4bcf-9958-a89ff312531d:c1142]
2019-07-15 13:06:48,534 INFO  client.GrpcClientProtocolClient (GrpcClientProtocolClient.java:onNext(255)) - client-B30EC828C355->c26939f8-4d1f-4fb1-95c4-1aa8f7e5d3f6: receive RaftClientReply:client-B30EC828C355->c26939f8-4d1f-4fb1-95c4-1aa8f7e5d3f6@group-D25BE8053FEA, cid=871, SUCCESS, logIndex=0, commits[c26939f8-4d1f-4fb1-95c4-1aa8f7e5d3f6:c1149, c5393538-959b-47cf-9d9c-19dac7bed4ee:c1145, a2e6e0ff-38a8-4bcf-9958-a89ff312531d:c1144]
2019-07-15 13:06:48,553 INFO  client.GrpcClientProtocolClient (GrpcClientProtocolClient.java:onNext(255)) - client-B30EC828C355->c26939f8-4d1f-4fb1-95c4-1aa8f7e5d3f6: receive RaftClientReply:client-B30EC828C355->c26939f8-4d1f-4fb1-95c4-1aa8f7e5d3f6@group-D25BE8053FEA, cid=872, SUCCESS, logIndex=1151, commits[c26939f8-4d1f-4fb1-95c4-1aa8f7e5d3f6:c1152, c5393538-959b-47cf-9d9c-19dac7bed4ee:c1150, a2e6e0ff-38a8-4bcf-9958-a89ff312531d:c1150]
2019-07-15 13:06:48,554 INFO  client.GrpcClientProtocolClient (GrpcClientProtocolClient.java:onNext(255)) - client-B30EC828C355->c26939f8-4d1f-4fb1-95c4-1aa8f7e5d3f6: receive RaftClientReply:client-B30EC828C355->c26939f8-4d1f-4fb1-95c4-1aa8f7e5d3f6@group-D25BE8053FEA, cid=873, SUCCESS, logIndex=1152, commits[c26939f8-4d1f-4fb1-95c4-1aa8f7e5d3f6:c1152, c5393538-959b-47cf-9d9c-19dac7bed4ee:c1150, a2e6e0ff-38a8-4bcf-9958-a89ff312531d:c1150]
2019-07-15 13:06:48,566 INFO  client.GrpcClientProtocolClient (GrpcClientProtocolClient.java:onNext(255)) - client-B30EC828C355->c26939f8-4d1f-4fb1-95c4-1aa8f7e5d3f6: receive RaftClientReply:client-B30EC828C355->c26939f8-4d1f-4fb1-95c4-1aa8f7e5d3f6@group-D25BE8053FEA, cid=874, SUCCESS, logIndex=1155, commits[c26939f8-4d1f-4fb1-95c4-1aa8f7e5d3f6:c1155, c5393538-959b-47cf-9d9c-19dac7bed4ee:c1152, a2e6e0ff-38a8-4bcf-9958-a89ff312531d:c1152]
2019-07-15 13:06:48,567 INFO  client.GrpcClientProtocolClient (GrpcClientProtocolClient.java:onNext(255)) - client-B30EC828C355->c26939f8-4d1f-4fb1-95c4-1aa8f7e5d3f6: receive RaftClientReply:client-B30EC828C355->c26939f8-4d1f-4fb1-95c4-1aa8f7e5d3f6@group-D25BE8053FEA, cid=875, SUCCESS, logIndex=1156, commits[c26939f8-4d1f-4fb1-95c4-1aa8f7e5d3f6:c1156, c5393538-959b-47cf-9d9c-19dac7bed4ee:c1152, a2e6e0ff-38a8-4bcf-9958-a89ff312531d:c1152]
2019-07-15 13:06:48,579 INFO  client.GrpcClientProtocolClient (GrpcClientProtocolClient.java:onNext(255)) - client-B30EC828C355->c26939f8-4d1f-4fb1-95c4-1aa8f7e5d3f6: receive RaftClientReply:client-B30EC828C355->c26939f8-4d1f-4fb1-95c4-1aa8f7e5d3f6@group-D25BE8053FEA, cid=876, SUCCESS, logIndex=0, commits[c26939f8-4d1f-4fb1-95c4-1aa8f7e5d3f6:c1158, c5393538-959b-47cf-9d9c-19dac7bed4ee:c1156, a2e6e0ff-38a8-4bcf-9958-a89ff312531d:c1156]
2019-07-15 13:06:48,598 INFO  client.GrpcClientProtocolClient (GrpcClientProtocolClient.java:onNext(255)) - client-B30EC828C355->c26939f8-4d1f-4fb1-95c4-1aa8f7e5d3f6: receive RaftClientReply:client-B30EC828C355->c26939f8-4d1f-4fb1-95c4-1aa8f7e5d3f6@group-D25BE8053FEA, cid=877, SUCCESS, logIndex=1159, commits[c26939f8-4d1f-4fb1-95c4-1aa8f7e5d3f6:c1160, c5393538-959b-47cf-9d9c-19dac7bed4ee:c1158, a2e6e0ff-38a8-4bcf-9958-a89ff312531d:c1158]
2019-07-15 13:06:48,599 INFO  client.GrpcClientProtocolClient (GrpcClientProtocolClient.java:onNext(255)) - client-B30EC828C355->c26939f8-4d1f-4fb1-95c4-1aa8f7e5d3f6: receive RaftClientReply:client-B30EC828C355->c26939f8-4d1f-4fb1-95c4-1aa8f7e5d3f6@group-D25BE8053FEA, cid=878, SUCCESS, logIndex=1160, commits[c26939f8-4d1f-4fb1-95c4-1aa8f7e5d3f6:c1160, c5393538-959b-47cf-9d9c-19dac7bed4ee:c1158, a2e6e0ff-38a8-4bcf-9958-a89ff312531d:c1158]
2019-07-15 13:06:48,599 INFO  client.GrpcClientProtocolClient (GrpcClientProtocolClient.java:onNext(255)) - client-B30EC828C355->c26939f8-4d1f-4fb1-95c4-1aa8f7e5d3f6: receive RaftClientReply:client-B30EC828C355->c26939f8-4d1f-4fb1-95c4-1aa8f7e5d3f6@group-D25BE8053FEA, cid=879, SUCCESS, logIndex=1161, commits[c26939f8-4d1f-4fb1-95c4-1aa8f7e5d3f6:c1162, c5393538-959b-47cf-9d9c-19dac7bed4ee:c1158, a2e6e0ff-38a8-4bcf-9958-a89ff312531d:c1158]
2019-07-15 13:06:48,599 INFO  client.GrpcClientProtocolClient (GrpcClientProtocolClient.java:onNext(255)) - client-B30EC828C355->c26939f8-4d1f-4fb1-95c4-1aa8f7e5d3f6: receive RaftClientReply:client-B30EC828C355->c26939f8-4d1f-4fb1-95c4-1aa8f7e5d3f6@group-D25BE8053FEA, cid=880, SUCCESS, logIndex=1162, commits[c26939f8-4d1f-4fb1-95c4-1aa8f7e5d3f6:c1162, c5393538-959b-47cf-9d9c-19dac7bed4ee:c1158, a2e6e0ff-38a8-4bcf-9958-a89ff312531d:c1158]
2019-07-15 13:06:48,601 INFO  client.GrpcClientProtocolClient (GrpcClientProtocolClient.java:onNext(255)) - client-B30EC828C355->c26939f8-4d1f-4fb1-95c4-1aa8f7e5d3f6: receive RaftClientReply:client-B30EC828C355->c26939f8-4d1f-4fb1-95c4-1aa8f7e5d3f6@group-D25BE8053FEA, cid=881, SUCCESS, logIndex=0, commits[c26939f8-4d1f-4fb1-95c4-1aa8f7e5d3f6:c1164, c5393538-959b-47cf-9d9c-19dac7bed4ee:c1160, a2e6e0ff-38a8-4bcf-9958-a89ff312531d:c1160]
2019-07-15 13:06:48,623 INFO  client.GrpcClientProtocolClient (GrpcClientProtocolClient.java:onNext(255)) - client-B30EC828C355->c26939f8-4d1f-4fb1-95c4-1aa8f7e5d3f6: receive RaftClientReply:client-B30EC828C355->c26939f8-4d1f-4fb1-95c4-1aa8f7e5d3f6@group-D25BE8053FEA, cid=882, SUCCESS, logIndex=1167, commits[c26939f8-4d1f-4fb1-95c4-1aa8f7e5d3f6:c1168, c5393538-959b-47cf-9d9c-19dac7bed4ee:c1166, a2e6e0ff-38a8-4bcf-9958-a89ff312531d:c1166]
2019-07-15 13:06:48,623 INFO  client.GrpcClientProtocolClient (GrpcClientProtocolClient.java:onNext(255)) - client-B30EC828C355->c26939f8-4d1f-4fb1-95c4-1aa8f7e5d3f6: receive RaftClientReply:client-B30EC828C355->c26939f8-4d1f-4fb1-95c4-1aa8f7e5d3f6@group-D25BE8053FEA, cid=883, SUCCESS, logIndex=1168, commits[c26939f8-4d1f-4fb1-95c4-1aa8f7e5d3f6:c1168, c5393538-959b-47cf-9d9c-19dac7bed4ee:c1166, a2e6e0ff-38a8-4bcf-9958-a89ff312531d:c1166]
2019-07-15 13:06:48,636 INFO  client.GrpcClientProtocolClient (GrpcClientProtocolClient.java:onNext(255)) - client-B30EC828C355->c26939f8-4d1f-4fb1-95c4-1aa8f7e5d3f6: receive RaftClientReply:client-B30EC828C355->c26939f8-4d1f-4fb1-95c4-1aa8f7e5d3f6@group-D25BE8053FEA, cid=884, SUCCESS, logIndex=1171, commits[c26939f8-4d1f-4fb1-95c4-1aa8f7e5d3f6:c1172, c5393538-959b-47cf-9d9c-19dac7bed4ee:c1168, a2e6e0ff-38a8-4bcf-9958-a89ff312531d:c1168]
2019-07-15 13:06:48,637 INFO  client.GrpcClientProtocolClient (GrpcClientProtocolClient.java:onNext(255)) - client-B30EC828C355->c26939f8-4d1f-4fb1-95c4-1aa8f7e5d3f6: receive RaftClientReply:client-B30EC828C355->c26939f8-4d1f-4fb1-95c4-1aa8f7e5d3f6@group-D25BE8053FEA, cid=885, SUCCESS, logIndex=1172, commits[c26939f8-4d1f-4fb1-95c4-1aa8f7e5d3f6:c1172, c5393538-959b-47cf-9d9c-19dac7bed4ee:c1168, a2e6e0ff-38a8-4bcf-9958-a89ff312531d:c1168]
2019-07-15 13:06:48,650 INFO  client.GrpcClientProtocolClient (GrpcClientProtocolClient.java:onNext(255)) - client-B30EC828C355->c26939f8-4d1f-4fb1-95c4-1aa8f7e5d3f6: receive RaftClientReply:client-B30EC828C355->c26939f8-4d1f-4fb1-95c4-1aa8f7e5d3f6@group-D25BE8053FEA, cid=886, SUCCESS, logIndex=0, commits[c26939f8-4d1f-4fb1-95c4-1aa8f7e5d3f6:c1174, c5393538-959b-47cf-9d9c-19dac7bed4ee:c1172, a2e6e0ff-38a8-4bcf-9958-a89ff312531d:c1172]
2019-07-15 13:06:48,669 INFO  client.GrpcClientProtocolClient (GrpcClientProtocolClient.java:onNext(255)) - client-B30EC828C355->c26939f8-4d1f-4fb1-95c4-1aa8f7e5d3f6: receive RaftClientReply:client-B30EC828C355->c26939f8-4d1f-4fb1-95c4-1aa8f7e5d3f6@group-D25BE8053FEA, cid=887, SUCCESS, logIndex=1175, commits[c26939f8-4d1f-4fb1-95c4-1aa8f7e5d3f6:c1176, c5393538-959b-47cf-9d9c-19dac7bed4ee:c1174, a2e6e0ff-38a8-4bcf-9958-a89ff312531d:c1174]
2019-07-15 13:06:48,670 INFO  client.GrpcClientProtocolClient (GrpcClientProtocolClient.java:onNext(255)) - client-B30EC828C355->c26939f8-4d1f-4fb1-95c4-1aa8f7e5d3f6: receive RaftClientReply:client-B30EC828C355->c26939f8-4d1f-4fb1-95c4-1aa8f7e5d3f6@group-D25BE8053FEA, cid=888, SUCCESS, logIndex=1176, commits[c26939f8-4d1f-4fb1-95c4-1aa8f7e5d3f6:c1176, c5393538-959b-47cf-9d9c-19dac7bed4ee:c1174, a2e6e0ff-38a8-4bcf-9958-a89ff312531d:c1174]
2019-07-15 13:06:48,670 INFO  client.GrpcClientProtocolClient (GrpcClientProtocolClient.java:onNext(255)) - client-B30EC828C355->c26939f8-4d1f-4fb1-95c4-1aa8f7e5d3f6: receive RaftClientReply:client-B30EC828C355->c26939f8-4d1f-4fb1-95c4-1aa8f7e5d3f6@group-D25BE8053FEA, cid=889, SUCCESS, logIndex=1177, commits[c26939f8-4d1f-4fb1-95c4-1aa8f7e5d3f6:c1178, c5393538-959b-47cf-9d9c-19dac7bed4ee:c1174, a2e6e0ff-38a8-4bcf-9958-a89ff312531d:c1174]
2019-07-15 13:06:48,671 INFO  client.GrpcClientProtocolClient (GrpcClientProtocolClient.java:onNext(255)) - client-B30EC828C355->c26939f8-4d1f-4fb1-95c4-1aa8f7e5d3f6: receive RaftClientReply:client-B30EC828C355->c26939f8-4d1f-4fb1-95c4-1aa8f7e5d3f6@group-D25BE8053FEA, cid=890, SUCCESS, logIndex=1178, commits[c26939f8-4d1f-4fb1-95c4-1aa8f7e5d3f6:c1178, c5393538-959b-47cf-9d9c-19dac7bed4ee:c1174, a2e6e0ff-38a8-4bcf-9958-a89ff312531d:c1174]
2019-07-15 13:06:48,672 INFO  client.GrpcClientProtocolClient (GrpcClientProtocolClient.java:onNext(255)) - client-B30EC828C355->c26939f8-4d1f-4fb1-95c4-1aa8f7e5d3f6: receive RaftClientReply:client-B30EC828C355->c26939f8-4d1f-4fb1-95c4-1aa8f7e5d3f6@group-D25BE8053FEA, cid=891, SUCCESS, logIndex=0, commits[c26939f8-4d1f-4fb1-95c4-1aa8f7e5d3f6:c1180, c5393538-959b-47cf-9d9c-19dac7bed4ee:c1176, a2e6e0ff-38a8-4bcf-9958-a89ff312531d:c1176]
 0.00% |█                                                                                                    |  0/1 Time: 0:00:032019-07-15 13:06:48,705 INFO  client.GrpcClientProtocolClient (GrpcClientProtocolClient.java:onNext(255)) - client-B30EC828C355->c26939f8-4d1f-4fb1-95c4-1aa8f7e5d3f6: receive RaftClientReply:client-B30EC828C355->c26939f8-4d1f-4fb1-95c4-1aa8f7e5d3f6@group-D25BE8053FEA, cid=892, SUCCESS, logIndex=1183, commits[c26939f8-4d1f-4fb1-95c4-1aa8f7e5d3f6:c1184, c5393538-959b-47cf-9d9c-19dac7bed4ee:c1182, a2e6e0ff-38a8-4bcf-9958-a89ff312531d:c1182]
2019-07-15 13:06:48,707 INFO  client.GrpcClientProtocolClient (GrpcClientProtocolClient.java:onNext(255)) - client-B30EC828C355->c26939f8-4d1f-4fb1-95c4-1aa8f7e5d3f6: receive RaftClientReply:client-B30EC828C355->c26939f8-4d1f-4fb1-95c4-1aa8f7e5d3f6@group-D25BE8053FEA, cid=893, SUCCESS, logIndex=1184, commits[c26939f8-4d1f-4fb1-95c4-1aa8f7e5d3f6:c1184, c5393538-959b-47cf-9d9c-19dac7bed4ee:c1182, a2e6e0ff-38a8-4bcf-9958-a89ff312531d:c1182]
2019-07-15 13:06:48,733 INFO  client.GrpcClientProtocolClient (GrpcClientProtocolClient.java:onNext(255)) - client-B30EC828C355->c26939f8-4d1f-4fb1-95c4-1aa8f7e5d3f6: receive RaftClientReply:client-B30EC828C355->c26939f8-4d1f-4fb1-95c4-1aa8f7e5d3f6@group-D25BE8053FEA, cid=894, SUCCESS, logIndex=1187, commits[c26939f8-4d1f-4fb1-95c4-1aa8f7e5d3f6:c1187, c5393538-959b-47cf-9d9c-19dac7bed4ee:c1184, a2e6e0ff-38a8-4bcf-9958-a89ff312531d:c1184]
2019-07-15 13:06:48,734 INFO  client.GrpcClientProtocolClient (GrpcClientProtocolClient.java:onNext(255)) - client-B30EC828C355->c26939f8-4d1f-4fb1-95c4-1aa8f7e5d3f6: receive RaftClientReply:client-B30EC828C355->c26939f8-4d1f-4fb1-95c4-1aa8f7e5d3f6@group-D25BE8053FEA, cid=895, SUCCESS, logIndex=1188, commits[c26939f8-4d1f-4fb1-95c4-1aa8f7e5d3f6:c1188, c5393538-959b-47cf-9d9c-19dac7bed4ee:c1184, a2e6e0ff-38a8-4bcf-9958-a89ff312531d:c1184]
2019-07-15 13:06:48,746 INFO  client.GrpcClientProtocolClient (GrpcClientProtocolClient.java:onNext(255)) - client-B30EC828C355->c26939f8-4d1f-4fb1-95c4-1aa8f7e5d3f6: receive RaftClientReply:client-B30EC828C355->c26939f8-4d1f-4fb1-95c4-1aa8f7e5d3f6@group-D25BE8053FEA, cid=896, SUCCESS, logIndex=0, commits[c26939f8-4d1f-4fb1-95c4-1aa8f7e5d3f6:c1190, c5393538-959b-47cf-9d9c-19dac7bed4ee:c1188, a2e6e0ff-38a8-4bcf-9958-a89ff312531d:c1188]
2019-07-15 13:06:48,770 INFO  client.GrpcClientProtocolClient (GrpcClientProtocolClient.java:onNext(255)) - client-B30EC828C355->c26939f8-4d1f-4fb1-95c4-1aa8f7e5d3f6: receive RaftClientReply:client-B30EC828C355->c26939f8-4d1f-4fb1-95c4-1aa8f7e5d3f6@group-D25BE8053FEA, cid=897, SUCCESS, logIndex=1191, commits[c26939f8-4d1f-4fb1-95c4-1aa8f7e5d3f6:c1192, c5393538-959b-47cf-9d9c-19dac7bed4ee:c1190, a2e6e0ff-38a8-4bcf-9958-a89ff312531d:c1190]
2019-07-15 13:06:48,771 INFO  client.GrpcClientProtocolClient (GrpcClientProtocolClient.java:onNext(255)) - client-B30EC828C355->c26939f8-4d1f-4fb1-95c4-1aa8f7e5d3f6: receive RaftClientReply:client-B30EC828C355->c26939f8-4d1f-4fb1-95c4-1aa8f7e5d3f6@group-D25BE8053FEA, cid=898, SUCCESS, logIndex=1192, commits[c26939f8-4d1f-4fb1-95c4-1aa8f7e5d3f6:c1192, c5393538-959b-47cf-9d9c-19dac7bed4ee:c1190, a2e6e0ff-38a8-4bcf-9958-a89ff312531d:c1190]
2019-07-15 13:06:48,771 INFO  client.GrpcClientProtocolClient (GrpcClientProtocolClient.java:onNext(255)) - client-B30EC828C355->c26939f8-4d1f-4fb1-95c4-1aa8f7e5d3f6: receive RaftClientReply:client-B30EC828C355->c26939f8-4d1f-4fb1-95c4-1aa8f7e5d3f6@group-D25BE8053FEA, cid=899, SUCCESS, logIndex=1193, commits[c26939f8-4d1f-4fb1-95c4-1aa8f7e5d3f6:c1194, c5393538-959b-47cf-9d9c-19dac7bed4ee:c1190, a2e6e0ff-38a8-4bcf-9958-a89ff312531d:c1190]
2019-07-15 13:06:48,772 INFO  client.GrpcClientProtocolClient (GrpcClientProtocolClient.java:onNext(255)) - client-B30EC828C355->c26939f8-4d1f-4fb1-95c4-1aa8f7e5d3f6: receive RaftClientReply:client-B30EC828C355->c26939f8-4d1f-4fb1-95c4-1aa8f7e5d3f6@group-D25BE8053FEA, cid=900, SUCCESS, logIndex=1194, commits[c26939f8-4d1f-4fb1-95c4-1aa8f7e5d3f6:c1194, c5393538-959b-47cf-9d9c-19dac7bed4ee:c1190, a2e6e0ff-38a8-4bcf-9958-a89ff312531d:c1190]
2019-07-15 13:06:48,773 INFO  client.GrpcClientProtocolClient (GrpcClientProtocolClient.java:onNext(255)) - client-B30EC828C355->c26939f8-4d1f-4fb1-95c4-1aa8f7e5d3f6: receive RaftClientReply:client-B30EC828C355->c26939f8-4d1f-4fb1-95c4-1aa8f7e5d3f6@group-D25BE8053FEA, cid=901, SUCCESS, logIndex=0, commits[c26939f8-4d1f-4fb1-95c4-1aa8f7e5d3f6:c1197, c5393538-959b-47cf-9d9c-19dac7bed4ee:c1194, a2e6e0ff-38a8-4bcf-9958-a89ff312531d:c1193]
2019-07-15 13:06:48,793 INFO  client.GrpcClientProtocolClient (GrpcClientProtocolClient.java:onNext(255)) - client-B30EC828C355->c26939f8-4d1f-4fb1-95c4-1aa8f7e5d3f6: receive RaftClientReply:client-B30EC828C355->c26939f8-4d1f-4fb1-95c4-1aa8f7e5d3f6@group-D25BE8053FEA, cid=902, SUCCESS, logIndex=1199, commits[c26939f8-4d1f-4fb1-95c4-1aa8f7e5d3f6:c1200, c5393538-959b-47cf-9d9c-19dac7bed4ee:c1198, a2e6e0ff-38a8-4bcf-9958-a89ff312531d:c1198]
2019-07-15 13:06:48,794 INFO  client.GrpcClientProtocolClient (GrpcClientProtocolClient.java:onNext(255)) - client-B30EC828C355->c26939f8-4d1f-4fb1-95c4-1aa8f7e5d3f6: receive RaftClientReply:client-B30EC828C355->c26939f8-4d1f-4fb1-95c4-1aa8f7e5d3f6@group-D25BE8053FEA, cid=903, SUCCESS, logIndex=1200, commits[c26939f8-4d1f-4fb1-95c4-1aa8f7e5d3f6:c1200, c5393538-959b-47cf-9d9c-19dac7bed4ee:c1198, a2e6e0ff-38a8-4bcf-9958-a89ff312531d:c1198]
2019-07-15 13:06:48,818 INFO  client.GrpcClientProtocolClient (GrpcClientProtocolClient.java:onNext(255)) - client-B30EC828C355->c26939f8-4d1f-4fb1-95c4-1aa8f7e5d3f6: receive RaftClientReply:client-B30EC828C355->c26939f8-4d1f-4fb1-95c4-1aa8f7e5d3f6@group-D25BE8053FEA, cid=904, SUCCESS, logIndex=1203, commits[c26939f8-4d1f-4fb1-95c4-1aa8f7e5d3f6:c1204, c5393538-959b-47cf-9d9c-19dac7bed4ee:c1200, a2e6e0ff-38a8-4bcf-9958-a89ff312531d:c1200]
2019-07-15 13:06:48,818 INFO  client.GrpcClientProtocolClient (GrpcClientProtocolClient.java:onNext(255)) - client-B30EC828C355->c26939f8-4d1f-4fb1-95c4-1aa8f7e5d3f6: receive RaftClientReply:client-B30EC828C355->c26939f8-4d1f-4fb1-95c4-1aa8f7e5d3f6@group-D25BE8053FEA, cid=905, SUCCESS, logIndex=1204, commits[c26939f8-4d1f-4fb1-95c4-1aa8f7e5d3f6:c1204, c5393538-959b-47cf-9d9c-19dac7bed4ee:c1200, a2e6e0ff-38a8-4bcf-9958-a89ff312531d:c1200]
2019-07-15 13:06:48,879 INFO  client.GrpcClientProtocolClient (GrpcClientProtocolClient.java:onNext(255)) - client-B30EC828C355->c26939f8-4d1f-4fb1-95c4-1aa8f7e5d3f6: receive RaftClientReply:client-B30EC828C355->c26939f8-4d1f-4fb1-95c4-1aa8f7e5d3f6@group-D25BE8053FEA, cid=906, SUCCESS, logIndex=0, commits[c26939f8-4d1f-4fb1-95c4-1aa8f7e5d3f6:c1204, c5393538-959b-47cf-9d9c-19dac7bed4ee:c1204, a2e6e0ff-38a8-4bcf-9958-a89ff312531d:c1204]
2019-07-15 13:06:48,903 INFO  client.GrpcClientProtocolClient (GrpcClientProtocolClient.java:onNext(255)) - client-B30EC828C355->c26939f8-4d1f-4fb1-95c4-1aa8f7e5d3f6: receive RaftClientReply:client-B30EC828C355->c26939f8-4d1f-4fb1-95c4-1aa8f7e5d3f6@group-D25BE8053FEA, cid=907, SUCCESS, logIndex=1207, commits[c26939f8-4d1f-4fb1-95c4-1aa8f7e5d3f6:c1208, c5393538-959b-47cf-9d9c-19dac7bed4ee:c1206, a2e6e0ff-38a8-4bcf-9958-a89ff312531d:c1206]
2019-07-15 13:06:48,904 INFO  client.GrpcClientProtocolClient (GrpcClientProtocolClient.java:onNext(255)) - client-B30EC828C355->c26939f8-4d1f-4fb1-95c4-1aa8f7e5d3f6: receive RaftClientReply:client-B30EC828C355->c26939f8-4d1f-4fb1-95c4-1aa8f7e5d3f6@group-D25BE8053FEA, cid=908, SUCCESS, logIndex=1208, commits[c26939f8-4d1f-4fb1-95c4-1aa8f7e5d3f6:c1209, c5393538-959b-47cf-9d9c-19dac7bed4ee:c1206, a2e6e0ff-38a8-4bcf-9958-a89ff312531d:c1206]
2019-07-15 13:06:48,904 INFO  client.GrpcClientProtocolClient (GrpcClientProtocolClient.java:onNext(255)) - client-B30EC828C355->c26939f8-4d1f-4fb1-95c4-1aa8f7e5d3f6: receive RaftClientReply:client-B30EC828C355->c26939f8-4d1f-4fb1-95c4-1aa8f7e5d3f6@group-D25BE8053FEA, cid=909, SUCCESS, logIndex=1209, commits[c26939f8-4d1f-4fb1-95c4-1aa8f7e5d3f6:c1210, c5393538-959b-47cf-9d9c-19dac7bed4ee:c1206, a2e6e0ff-38a8-4bcf-9958-a89ff312531d:c1206]
2019-07-15 13:06:48,905 INFO  client.GrpcClientProtocolClient (GrpcClientProtocolClient.java:onNext(255)) - client-B30EC828C355->c26939f8-4d1f-4fb1-95c4-1aa8f7e5d3f6: receive RaftClientReply:client-B30EC828C355->c26939f8-4d1f-4fb1-95c4-1aa8f7e5d3f6@group-D25BE8053FEA, cid=910, SUCCESS, logIndex=1210, commits[c26939f8-4d1f-4fb1-95c4-1aa8f7e5d3f6:c1211, c5393538-959b-47cf-9d9c-19dac7bed4ee:c1206, a2e6e0ff-38a8-4bcf-9958-a89ff312531d:c1207]
2019-07-15 13:06:48,906 INFO  client.GrpcClientProtocolClient (GrpcClientProtocolClient.java:onNext(255)) - client-B30EC828C355->c26939f8-4d1f-4fb1-95c4-1aa8f7e5d3f6: receive RaftClientReply:client-B30EC828C355->c26939f8-4d1f-4fb1-95c4-1aa8f7e5d3f6@group-D25BE8053FEA, cid=911, SUCCESS, logIndex=0, commits[c26939f8-4d1f-4fb1-95c4-1aa8f7e5d3f6:c1213, c5393538-959b-47cf-9d9c-19dac7bed4ee:c1208, a2e6e0ff-38a8-4bcf-9958-a89ff312531d:c1210]
2019-07-15 13:06:48,920 INFO  client.GrpcClientProtocolClient (GrpcClientProtocolClient.java:onNext(255)) - client-B30EC828C355->c26939f8-4d1f-4fb1-95c4-1aa8f7e5d3f6: receive RaftClientReply:client-B30EC828C355->c26939f8-4d1f-4fb1-95c4-1aa8f7e5d3f6@group-D25BE8053FEA, cid=912, SUCCESS, logIndex=1215, commits[c26939f8-4d1f-4fb1-95c4-1aa8f7e5d3f6:c1216, c5393538-959b-47cf-9d9c-19dac7bed4ee:c1214, a2e6e0ff-38a8-4bcf-9958-a89ff312531d:c1210]
2019-07-15 13:06:48,921 INFO  client.GrpcClientProtocolClient (GrpcClientProtocolClient.java:onNext(255)) - client-B30EC828C355->c26939f8-4d1f-4fb1-95c4-1aa8f7e5d3f6: receive RaftClientReply:client-B30EC828C355->c26939f8-4d1f-4fb1-95c4-1aa8f7e5d3f6@group-D25BE8053FEA, cid=913, SUCCESS, logIndex=1216, commits[c26939f8-4d1f-4fb1-95c4-1aa8f7e5d3f6:c1216, c5393538-959b-47cf-9d9c-19dac7bed4ee:c1214, a2e6e0ff-38a8-4bcf-9958-a89ff312531d:c1214]
2019-07-15 13:06:48,965 INFO  client.GrpcClientProtocolClient (GrpcClientProtocolClient.java:onNext(255)) - client-B30EC828C355->c26939f8-4d1f-4fb1-95c4-1aa8f7e5d3f6: receive RaftClientReply:client-B30EC828C355->c26939f8-4d1f-4fb1-95c4-1aa8f7e5d3f6@group-D25BE8053FEA, cid=914, SUCCESS, logIndex=1219, commits[c26939f8-4d1f-4fb1-95c4-1aa8f7e5d3f6:c1220, c5393538-959b-47cf-9d9c-19dac7bed4ee:c1218, a2e6e0ff-38a8-4bcf-9958-a89ff312531d:c1218]
2019-07-15 13:06:48,966 INFO  client.GrpcClientProtocolClient (GrpcClientProtocolClient.java:onNext(255)) - client-B30EC828C355->c26939f8-4d1f-4fb1-95c4-1aa8f7e5d3f6: receive RaftClientReply:client-B30EC828C355->c26939f8-4d1f-4fb1-95c4-1aa8f7e5d3f6@group-D25BE8053FEA, cid=915, SUCCESS, logIndex=1220, commits[c26939f8-4d1f-4fb1-95c4-1aa8f7e5d3f6:c1220, c5393538-959b-47cf-9d9c-19dac7bed4ee:c1218, a2e6e0ff-38a8-4bcf-9958-a89ff312531d:c1218]
2019-07-15 13:06:49,129 INFO  client.GrpcClientProtocolClient (GrpcClientProtocolClient.java:onNext(255)) - client-B30EC828C355->c26939f8-4d1f-4fb1-95c4-1aa8f7e5d3f6: receive RaftClientReply:client-B30EC828C355->c26939f8-4d1f-4fb1-95c4-1aa8f7e5d3f6@group-D25BE8053FEA, cid=916, SUCCESS, logIndex=0, commits[c26939f8-4d1f-4fb1-95c4-1aa8f7e5d3f6:c1222, c5393538-959b-47cf-9d9c-19dac7bed4ee:c1220, a2e6e0ff-38a8-4bcf-9958-a89ff312531d:c1220]
2019-07-15 13:06:49,153 INFO  client.GrpcClientProtocolClient (GrpcClientProtocolClient.java:onNext(255)) - client-B30EC828C355->c26939f8-4d1f-4fb1-95c4-1aa8f7e5d3f6: receive RaftClientReply:client-B30EC828C355->c26939f8-4d1f-4fb1-95c4-1aa8f7e5d3f6@group-D25BE8053FEA, cid=917, SUCCESS, logIndex=1223, commits[c26939f8-4d1f-4fb1-95c4-1aa8f7e5d3f6:c1224, c5393538-959b-47cf-9d9c-19dac7bed4ee:c1222, a2e6e0ff-38a8-4bcf-9958-a89ff312531d:c1222]
2019-07-15 13:06:49,154 INFO  client.GrpcClientProtocolClient (GrpcClientProtocolClient.java:onNext(255)) - client-B30EC828C355->c26939f8-4d1f-4fb1-95c4-1aa8f7e5d3f6: receive RaftClientReply:client-B30EC828C355->c26939f8-4d1f-4fb1-95c4-1aa8f7e5d3f6@group-D25BE8053FEA, cid=918, SUCCESS, logIndex=1224, commits[c26939f8-4d1f-4fb1-95c4-1aa8f7e5d3f6:c1226, c5393538-959b-47cf-9d9c-19dac7bed4ee:c1222, a2e6e0ff-38a8-4bcf-9958-a89ff312531d:c1222]
2019-07-15 13:06:49,154 INFO  client.GrpcClientProtocolClient (GrpcClientProtocolClient.java:onNext(255)) - client-B30EC828C355->c26939f8-4d1f-4fb1-95c4-1aa8f7e5d3f6: receive RaftClientReply:client-B30EC828C355->c26939f8-4d1f-4fb1-95c4-1aa8f7e5d3f6@group-D25BE8053FEA, cid=919, SUCCESS, logIndex=1225, commits[c26939f8-4d1f-4fb1-95c4-1aa8f7e5d3f6:c1226, c5393538-959b-47cf-9d9c-19dac7bed4ee:c1222, a2e6e0ff-38a8-4bcf-9958-a89ff312531d:c1222]
2019-07-15 13:06:49,155 INFO  client.GrpcClientProtocolClient (GrpcClientProtocolClient.java:onNext(255)) - client-B30EC828C355->c26939f8-4d1f-4fb1-95c4-1aa8f7e5d3f6: receive RaftClientReply:client-B30EC828C355->c26939f8-4d1f-4fb1-95c4-1aa8f7e5d3f6@group-D25BE8053FEA, cid=920, SUCCESS, logIndex=1226, commits[c26939f8-4d1f-4fb1-95c4-1aa8f7e5d3f6:c1227, c5393538-959b-47cf-9d9c-19dac7bed4ee:c1223, a2e6e0ff-38a8-4bcf-9958-a89ff312531d:c1222]
2019-07-15 13:06:49,156 INFO  client.GrpcClientProtocolClient (GrpcClientProtocolClient.java:onNext(255)) - client-B30EC828C355->c26939f8-4d1f-4fb1-95c4-1aa8f7e5d3f6: receive RaftClientReply:client-B30EC828C355->c26939f8-4d1f-4fb1-95c4-1aa8f7e5d3f6@group-D25BE8053FEA, cid=921, SUCCESS, logIndex=0, commits[c26939f8-4d1f-4fb1-95c4-1aa8f7e5d3f6:c1230, c5393538-959b-47cf-9d9c-19dac7bed4ee:c1226, a2e6e0ff-38a8-4bcf-9958-a89ff312531d:c1226]
2019-07-15 13:06:49,179 INFO  client.GrpcClientProtocolClient (GrpcClientProtocolClient.java:onNext(255)) - client-B30EC828C355->c26939f8-4d1f-4fb1-95c4-1aa8f7e5d3f6: receive RaftClientReply:client-B30EC828C355->c26939f8-4d1f-4fb1-95c4-1aa8f7e5d3f6@group-D25BE8053FEA, cid=922, SUCCESS, logIndex=1231, commits[c26939f8-4d1f-4fb1-95c4-1aa8f7e5d3f6:c1232, c5393538-959b-47cf-9d9c-19dac7bed4ee:c1230, a2e6e0ff-38a8-4bcf-9958-a89ff312531d:c1230]
2019-07-15 13:06:49,179 INFO  client.GrpcClientProtocolClient (GrpcClientProtocolClient.java:onNext(255)) - client-B30EC828C355->c26939f8-4d1f-4fb1-95c4-1aa8f7e5d3f6: receive RaftClientReply:client-B30EC828C355->c26939f8-4d1f-4fb1-95c4-1aa8f7e5d3f6@group-D25BE8053FEA, cid=923, SUCCESS, logIndex=1232, commits[c26939f8-4d1f-4fb1-95c4-1aa8f7e5d3f6:c1232, c5393538-959b-47cf-9d9c-19dac7bed4ee:c1230, a2e6e0ff-38a8-4bcf-9958-a89ff312531d:c1230]
2019-07-15 13:06:49,204 INFO  client.GrpcClientProtocolClient (GrpcClientProtocolClient.java:onNext(255)) - client-B30EC828C355->c26939f8-4d1f-4fb1-95c4-1aa8f7e5d3f6: receive RaftClientReply:client-B30EC828C355->c26939f8-4d1f-4fb1-95c4-1aa8f7e5d3f6@group-D25BE8053FEA, cid=924, SUCCESS, logIndex=1235, commits[c26939f8-4d1f-4fb1-95c4-1aa8f7e5d3f6:c1236, c5393538-959b-47cf-9d9c-19dac7bed4ee:c1232, a2e6e0ff-38a8-4bcf-9958-a89ff312531d:c1232]
2019-07-15 13:06:49,204 INFO  client.GrpcClientProtocolClient (GrpcClientProtocolClient.java:onNext(255)) - client-B30EC828C355->c26939f8-4d1f-4fb1-95c4-1aa8f7e5d3f6: receive RaftClientReply:client-B30EC828C355->c26939f8-4d1f-4fb1-95c4-1aa8f7e5d3f6@group-D25BE8053FEA, cid=925, SUCCESS, logIndex=1236, commits[c26939f8-4d1f-4fb1-95c4-1aa8f7e5d3f6:c1236, c5393538-959b-47cf-9d9c-19dac7bed4ee:c1232, a2e6e0ff-38a8-4bcf-9958-a89ff312531d:c1232]
2019-07-15 13:06:49,217 INFO  client.GrpcClientProtocolClient (GrpcClientProtocolClient.java:onNext(255)) - client-B30EC828C355->c26939f8-4d1f-4fb1-95c4-1aa8f7e5d3f6: receive RaftClientReply:client-B30EC828C355->c26939f8-4d1f-4fb1-95c4-1aa8f7e5d3f6@group-D25BE8053FEA, cid=926, SUCCESS, logIndex=0, commits[c26939f8-4d1f-4fb1-95c4-1aa8f7e5d3f6:c1238, c5393538-959b-47cf-9d9c-19dac7bed4ee:c1236, a2e6e0ff-38a8-4bcf-9958-a89ff312531d:c1236]
2019-07-15 13:06:49,241 INFO  client.GrpcClientProtocolClient (GrpcClientProtocolClient.java:onNext(255)) - client-B30EC828C355->c26939f8-4d1f-4fb1-95c4-1aa8f7e5d3f6: receive RaftClientReply:client-B30EC828C355->c26939f8-4d1f-4fb1-95c4-1aa8f7e5d3f6@group-D25BE8053FEA, cid=927, SUCCESS, logIndex=1239, commits[c26939f8-4d1f-4fb1-95c4-1aa8f7e5d3f6:c1240, c5393538-959b-47cf-9d9c-19dac7bed4ee:c1238, a2e6e0ff-38a8-4bcf-9958-a89ff312531d:c1238]
2019-07-15 13:06:49,242 INFO  client.GrpcClientProtocolClient (GrpcClientProtocolClient.java:onNext(255)) - client-B30EC828C355->c26939f8-4d1f-4fb1-95c4-1aa8f7e5d3f6: receive RaftClientReply:client-B30EC828C355->c26939f8-4d1f-4fb1-95c4-1aa8f7e5d3f6@group-D25BE8053FEA, cid=928, SUCCESS, logIndex=1240, commits[c26939f8-4d1f-4fb1-95c4-1aa8f7e5d3f6:c1241, c5393538-959b-47cf-9d9c-19dac7bed4ee:c1238, a2e6e0ff-38a8-4bcf-9958-a89ff312531d:c1238]
2019-07-15 13:06:49,242 INFO  client.GrpcClientProtocolClient (GrpcClientProtocolClient.java:onNext(255)) - client-B30EC828C355->c26939f8-4d1f-4fb1-95c4-1aa8f7e5d3f6: receive RaftClientReply:client-B30EC828C355->c26939f8-4d1f-4fb1-95c4-1aa8f7e5d3f6@group-D25BE8053FEA, cid=929, SUCCESS, logIndex=1241, commits[c26939f8-4d1f-4fb1-95c4-1aa8f7e5d3f6:c1242, c5393538-959b-47cf-9d9c-19dac7bed4ee:c1238, a2e6e0ff-38a8-4bcf-9958-a89ff312531d:c1238]
2019-07-15 13:06:49,242 INFO  client.GrpcClientProtocolClient (GrpcClientProtocolClient.java:onNext(255)) - client-B30EC828C355->c26939f8-4d1f-4fb1-95c4-1aa8f7e5d3f6: receive RaftClientReply:client-B30EC828C355->c26939f8-4d1f-4fb1-95c4-1aa8f7e5d3f6@group-D25BE8053FEA, cid=930, SUCCESS, logIndex=1242, commits[c26939f8-4d1f-4fb1-95c4-1aa8f7e5d3f6:c1242, c5393538-959b-47cf-9d9c-19dac7bed4ee:c1238, a2e6e0ff-38a8-4bcf-9958-a89ff312531d:c1238]
2019-07-15 13:06:49,244 INFO  client.GrpcClientProtocolClient (GrpcClientProtocolClient.java:onNext(255)) - client-B30EC828C355->c26939f8-4d1f-4fb1-95c4-1aa8f7e5d3f6: receive RaftClientReply:client-B30EC828C355->c26939f8-4d1f-4fb1-95c4-1aa8f7e5d3f6@group-D25BE8053FEA, cid=931, SUCCESS, logIndex=0, commits[c26939f8-4d1f-4fb1-95c4-1aa8f7e5d3f6:c1244, c5393538-959b-47cf-9d9c-19dac7bed4ee:c1240, a2e6e0ff-38a8-4bcf-9958-a89ff312531d:c1240]
2019-07-15 13:06:49,267 INFO  client.GrpcClientProtocolClient (GrpcClientProtocolClient.java:onNext(255)) - client-B30EC828C355->c26939f8-4d1f-4fb1-95c4-1aa8f7e5d3f6: receive RaftClientReply:client-B30EC828C355->c26939f8-4d1f-4fb1-95c4-1aa8f7e5d3f6@group-D25BE8053FEA, cid=932, SUCCESS, logIndex=1247, commits[c26939f8-4d1f-4fb1-95c4-1aa8f7e5d3f6:c1248, c5393538-959b-47cf-9d9c-19dac7bed4ee:c1246, a2e6e0ff-38a8-4bcf-9958-a89ff312531d:c1246]
2019-07-15 13:06:49,267 INFO  client.GrpcClientProtocolClient (GrpcClientProtocolClient.java:onNext(255)) - client-B30EC828C355->c26939f8-4d1f-4fb1-95c4-1aa8f7e5d3f6: receive RaftClientReply:client-B30EC828C355->c26939f8-4d1f-4fb1-95c4-1aa8f7e5d3f6@group-D25BE8053FEA, cid=933, SUCCESS, logIndex=1248, commits[c26939f8-4d1f-4fb1-95c4-1aa8f7e5d3f6:c1248, c5393538-959b-47cf-9d9c-19dac7bed4ee:c1246, a2e6e0ff-38a8-4bcf-9958-a89ff312531d:c1246]
2019-07-15 13:06:49,283 INFO  client.GrpcClientProtocolClient (GrpcClientProtocolClient.java:onNext(255)) - client-B30EC828C355->c26939f8-4d1f-4fb1-95c4-1aa8f7e5d3f6: receive RaftClientReply:client-B30EC828C355->c26939f8-4d1f-4fb1-95c4-1aa8f7e5d3f6@group-D25BE8053FEA, cid=934, SUCCESS, logIndex=1251, commits[c26939f8-4d1f-4fb1-95c4-1aa8f7e5d3f6:c1252, c5393538-959b-47cf-9d9c-19dac7bed4ee:c1247, a2e6e0ff-38a8-4bcf-9958-a89ff312531d:c1248]
2019-07-15 13:06:49,284 INFO  client.GrpcClientProtocolClient (GrpcClientProtocolClient.java:onNext(255)) - client-B30EC828C355->c26939f8-4d1f-4fb1-95c4-1aa8f7e5d3f6: receive RaftClientReply:client-B30EC828C355->c26939f8-4d1f-4fb1-95c4-1aa8f7e5d3f6@group-D25BE8053FEA, cid=935, SUCCESS, logIndex=1252, commits[c26939f8-4d1f-4fb1-95c4-1aa8f7e5d3f6:c1252, c5393538-959b-47cf-9d9c-19dac7bed4ee:c1247, a2e6e0ff-38a8-4bcf-9958-a89ff312531d:c1248]
2019-07-15 13:06:49,285 INFO  client.GrpcClientProtocolClient (GrpcClientProtocolClient.java:onNext(255)) - client-B30EC828C355->c26939f8-4d1f-4fb1-95c4-1aa8f7e5d3f6: receive RaftClientReply:client-B30EC828C355->c26939f8-4d1f-4fb1-95c4-1aa8f7e5d3f6@group-D25BE8053FEA, cid=936, SUCCESS, logIndex=0, commits[c26939f8-4d1f-4fb1-95c4-1aa8f7e5d3f6:c1252, c5393538-959b-47cf-9d9c-19dac7bed4ee:c1248, a2e6e0ff-38a8-4bcf-9958-a89ff312531d:c1248]
2019-07-15 13:06:49,288 INFO  client.GrpcClientProtocolClient (GrpcClientProtocolClient.java:onNext(255)) - client-B30EC828C355->c26939f8-4d1f-4fb1-95c4-1aa8f7e5d3f6: receive RaftClientReply:client-B30EC828C355->c26939f8-4d1f-4fb1-95c4-1aa8f7e5d3f6@group-D25BE8053FEA, cid=937, SUCCESS, logIndex=0, commits[c26939f8-4d1f-4fb1-95c4-1aa8f7e5d3f6:c1254, c5393538-959b-47cf-9d9c-19dac7bed4ee:c1252, a2e6e0ff-38a8-4bcf-9958-a89ff312531d:c1252]
2019-07-15 13:06:49,309 INFO  client.GrpcClientProtocolClient (GrpcClientProtocolClient.java:onNext(255)) - client-B30EC828C355->c26939f8-4d1f-4fb1-95c4-1aa8f7e5d3f6: receive RaftClientReply:client-B30EC828C355->c26939f8-4d1f-4fb1-95c4-1aa8f7e5d3f6@group-D25BE8053FEA, cid=938, SUCCESS, logIndex=1255, commits[c26939f8-4d1f-4fb1-95c4-1aa8f7e5d3f6:c1257, c5393538-959b-47cf-9d9c-19dac7bed4ee:c1254, a2e6e0ff-38a8-4bcf-9958-a89ff312531d:c1254]
2019-07-15 13:06:49,309 INFO  client.GrpcClientProtocolClient (GrpcClientProtocolClient.java:onNext(255)) - client-B30EC828C355->c26939f8-4d1f-4fb1-95c4-1aa8f7e5d3f6: receive RaftClientReply:client-B30EC828C355->c26939f8-4d1f-4fb1-95c4-1aa8f7e5d3f6@group-D25BE8053FEA, cid=939, SUCCESS, logIndex=1256, commits[c26939f8-4d1f-4fb1-95c4-1aa8f7e5d3f6:c1258, c5393538-959b-47cf-9d9c-19dac7bed4ee:c1254, a2e6e0ff-38a8-4bcf-9958-a89ff312531d:c1254]
2019-07-15 13:06:49,309 INFO  client.GrpcClientProtocolClient (GrpcClientProtocolClient.java:onNext(255)) - client-B30EC828C355->c26939f8-4d1f-4fb1-95c4-1aa8f7e5d3f6: receive RaftClientReply:client-B30EC828C355->c26939f8-4d1f-4fb1-95c4-1aa8f7e5d3f6@group-D25BE8053FEA, cid=940, SUCCESS, logIndex=1257, commits[c26939f8-4d1f-4fb1-95c4-1aa8f7e5d3f6:c1258, c5393538-959b-47cf-9d9c-19dac7bed4ee:c1254, a2e6e0ff-38a8-4bcf-9958-a89ff312531d:c1254]
2019-07-15 13:06:49,310 INFO  client.GrpcClientProtocolClient (GrpcClientProtocolClient.java:onNext(255)) - client-B30EC828C355->c26939f8-4d1f-4fb1-95c4-1aa8f7e5d3f6: receive RaftClientReply:client-B30EC828C355->c26939f8-4d1f-4fb1-95c4-1aa8f7e5d3f6@group-D25BE8053FEA, cid=941, SUCCESS, logIndex=1258, commits[c26939f8-4d1f-4fb1-95c4-1aa8f7e5d3f6:c1258, c5393538-959b-47cf-9d9c-19dac7bed4ee:c1254, a2e6e0ff-38a8-4bcf-9958-a89ff312531d:c1254]
2019-07-15 13:06:49,320 INFO  client.GrpcClientProtocolClient (GrpcClientProtocolClient.java:onNext(255)) - client-B30EC828C355->c26939f8-4d1f-4fb1-95c4-1aa8f7e5d3f6: receive RaftClientReply:client-B30EC828C355->c26939f8-4d1f-4fb1-95c4-1aa8f7e5d3f6@group-D25BE8053FEA, cid=942, SUCCESS, logIndex=0, commits[c26939f8-4d1f-4fb1-95c4-1aa8f7e5d3f6:c1259, c5393538-959b-47cf-9d9c-19dac7bed4ee:c1256, a2e6e0ff-38a8-4bcf-9958-a89ff312531d:c1256]
2019-07-15 13:06:49,341 INFO  client.GrpcClientProtocolClient (GrpcClientProtocolClient.java:onNext(255)) - client-B30EC828C355->c26939f8-4d1f-4fb1-95c4-1aa8f7e5d3f6: receive RaftClientReply:client-B30EC828C355->c26939f8-4d1f-4fb1-95c4-1aa8f7e5d3f6@group-D25BE8053FEA, cid=943, SUCCESS, logIndex=1263, commits[c26939f8-4d1f-4fb1-95c4-1aa8f7e5d3f6:c1264, c5393538-959b-47cf-9d9c-19dac7bed4ee:c1262, a2e6e0ff-38a8-4bcf-9958-a89ff312531d:c1262]
2019-07-15 13:06:49,342 INFO  client.GrpcClientProtocolClient (GrpcClientProtocolClient.java:onNext(255)) - client-B30EC828C355->c26939f8-4d1f-4fb1-95c4-1aa8f7e5d3f6: receive RaftClientReply:client-B30EC828C355->c26939f8-4d1f-4fb1-95c4-1aa8f7e5d3f6@group-D25BE8053FEA, cid=944, SUCCESS, logIndex=1264, commits[c26939f8-4d1f-4fb1-95c4-1aa8f7e5d3f6:c1264, c5393538-959b-47cf-9d9c-19dac7bed4ee:c1262, a2e6e0ff-38a8-4bcf-9958-a89ff312531d:c1262]
2019-07-15 13:06:49,354 INFO  client.GrpcClientProtocolClient (GrpcClientProtocolClient.java:onNext(255)) - client-B30EC828C355->c26939f8-4d1f-4fb1-95c4-1aa8f7e5d3f6: receive RaftClientReply:client-B30EC828C355->c26939f8-4d1f-4fb1-95c4-1aa8f7e5d3f6@group-D25BE8053FEA, cid=945, SUCCESS, logIndex=1267, commits[c26939f8-4d1f-4fb1-95c4-1aa8f7e5d3f6:c1268, c5393538-959b-47cf-9d9c-19dac7bed4ee:c1264, a2e6e0ff-38a8-4bcf-9958-a89ff312531d:c1263]
2019-07-15 13:06:49,355 INFO  client.GrpcClientProtocolClient (GrpcClientProtocolClient.java:onNext(255)) - client-B30EC828C355->c26939f8-4d1f-4fb1-95c4-1aa8f7e5d3f6: receive RaftClientReply:client-B30EC828C355->c26939f8-4d1f-4fb1-95c4-1aa8f7e5d3f6@group-D25BE8053FEA, cid=946, SUCCESS, logIndex=1268, commits[c26939f8-4d1f-4fb1-95c4-1aa8f7e5d3f6:c1268, c5393538-959b-47cf-9d9c-19dac7bed4ee:c1264, a2e6e0ff-38a8-4bcf-9958-a89ff312531d:c1264]
2019-07-15 13:06:49,356 INFO  client.GrpcClientProtocolClient (GrpcClientProtocolClient.java:onNext(255)) - client-B30EC828C355->c26939f8-4d1f-4fb1-95c4-1aa8f7e5d3f6: receive RaftClientReply:client-B30EC828C355->c26939f8-4d1f-4fb1-95c4-1aa8f7e5d3f6@group-D25BE8053FEA, cid=947, SUCCESS, logIndex=0, commits[c26939f8-4d1f-4fb1-95c4-1aa8f7e5d3f6:c1269, c5393538-959b-47cf-9d9c-19dac7bed4ee:c1268, a2e6e0ff-38a8-4bcf-9958-a89ff312531d:c1268]
2019-07-15 13:06:49,376 INFO  client.GrpcClientProtocolClient (GrpcClientProtocolClient.java:onNext(255)) - client-B30EC828C355->c26939f8-4d1f-4fb1-95c4-1aa8f7e5d3f6: receive RaftClientReply:client-B30EC828C355->c26939f8-4d1f-4fb1-95c4-1aa8f7e5d3f6@group-D25BE8053FEA, cid=948, SUCCESS, logIndex=1271, commits[c26939f8-4d1f-4fb1-95c4-1aa8f7e5d3f6:c1272, c5393538-959b-47cf-9d9c-19dac7bed4ee:c1270, a2e6e0ff-38a8-4bcf-9958-a89ff312531d:c1270]
2019-07-15 13:06:49,377 INFO  client.GrpcClientProtocolClient (GrpcClientProtocolClient.java:onNext(255)) - client-B30EC828C355->c26939f8-4d1f-4fb1-95c4-1aa8f7e5d3f6: receive RaftClientReply:client-B30EC828C355->c26939f8-4d1f-4fb1-95c4-1aa8f7e5d3f6@group-D25BE8053FEA, cid=949, SUCCESS, logIndex=1272, commits[c26939f8-4d1f-4fb1-95c4-1aa8f7e5d3f6:c1274, c5393538-959b-47cf-9d9c-19dac7bed4ee:c1270, a2e6e0ff-38a8-4bcf-9958-a89ff312531d:c1270]
2019-07-15 13:06:49,377 INFO  client.GrpcClientProtocolClient (GrpcClientProtocolClient.java:onNext(255)) - client-B30EC828C355->c26939f8-4d1f-4fb1-95c4-1aa8f7e5d3f6: receive RaftClientReply:client-B30EC828C355->c26939f8-4d1f-4fb1-95c4-1aa8f7e5d3f6@group-D25BE8053FEA, cid=950, SUCCESS, logIndex=1273, commits[c26939f8-4d1f-4fb1-95c4-1aa8f7e5d3f6:c1274, c5393538-959b-47cf-9d9c-19dac7bed4ee:c1270, a2e6e0ff-38a8-4bcf-9958-a89ff312531d:c1270]
2019-07-15 13:06:49,377 INFO  client.GrpcClientProtocolClient (GrpcClientProtocolClient.java:onNext(255)) - client-B30EC828C355->c26939f8-4d1f-4fb1-95c4-1aa8f7e5d3f6: receive RaftClientReply:client-B30EC828C355->c26939f8-4d1f-4fb1-95c4-1aa8f7e5d3f6@group-D25BE8053FEA, cid=951, SUCCESS, logIndex=1274, commits[c26939f8-4d1f-4fb1-95c4-1aa8f7e5d3f6:c1274, c5393538-959b-47cf-9d9c-19dac7bed4ee:c1270, a2e6e0ff-38a8-4bcf-9958-a89ff312531d:c1270]
2019-07-15 13:06:49,379 INFO  client.GrpcClientProtocolClient (GrpcClientProtocolClient.java:onNext(255)) - client-B30EC828C355->c26939f8-4d1f-4fb1-95c4-1aa8f7e5d3f6: receive RaftClientReply:client-B30EC828C355->c26939f8-4d1f-4fb1-95c4-1aa8f7e5d3f6@group-D25BE8053FEA, cid=952, SUCCESS, logIndex=0, commits[c26939f8-4d1f-4fb1-95c4-1aa8f7e5d3f6:c1276, c5393538-959b-47cf-9d9c-19dac7bed4ee:c1272, a2e6e0ff-38a8-4bcf-9958-a89ff312531d:c1272]
2019-07-15 13:06:49,398 INFO  client.GrpcClientProtocolClient (GrpcClientProtocolClient.java:onNext(255)) - client-B30EC828C355->c26939f8-4d1f-4fb1-95c4-1aa8f7e5d3f6: receive RaftClientReply:client-B30EC828C355->c26939f8-4d1f-4fb1-95c4-1aa8f7e5d3f6@group-D25BE8053FEA, cid=953, SUCCESS, logIndex=1278, commits[c26939f8-4d1f-4fb1-95c4-1aa8f7e5d3f6:c1279, c5393538-959b-47cf-9d9c-19dac7bed4ee:c1277, a2e6e0ff-38a8-4bcf-9958-a89ff312531d:c1277]
2019-07-15 13:06:49,399 INFO  client.GrpcClientProtocolClient (GrpcClientProtocolClient.java:onNext(255)) - client-B30EC828C355->c26939f8-4d1f-4fb1-95c4-1aa8f7e5d3f6: receive RaftClientReply:client-B30EC828C355->c26939f8-4d1f-4fb1-95c4-1aa8f7e5d3f6@group-D25BE8053FEA, cid=954, SUCCESS, logIndex=1279, commits[c26939f8-4d1f-4fb1-95c4-1aa8f7e5d3f6:c1279, c5393538-959b-47cf-9d9c-19dac7bed4ee:c1277, a2e6e0ff-38a8-4bcf-9958-a89ff312531d:c1277]
2019-07-15 13:06:49,412 INFO  client.GrpcClientProtocolClient (GrpcClientProtocolClient.java:onNext(255)) - client-B30EC828C355->c26939f8-4d1f-4fb1-95c4-1aa8f7e5d3f6: receive RaftClientReply:client-B30EC828C355->c26939f8-4d1f-4fb1-95c4-1aa8f7e5d3f6@group-D25BE8053FEA, cid=955, SUCCESS, logIndex=1282, commits[c26939f8-4d1f-4fb1-95c4-1aa8f7e5d3f6:c1283, c5393538-959b-47cf-9d9c-19dac7bed4ee:c1279, a2e6e0ff-38a8-4bcf-9958-a89ff312531d:c1279]
2019-07-15 13:06:49,412 INFO  client.GrpcClientProtocolClient (GrpcClientProtocolClient.java:onNext(255)) - client-B30EC828C355->c26939f8-4d1f-4fb1-95c4-1aa8f7e5d3f6: receive RaftClientReply:client-B30EC828C355->c26939f8-4d1f-4fb1-95c4-1aa8f7e5d3f6@group-D25BE8053FEA, cid=956, SUCCESS, logIndex=1283, commits[c26939f8-4d1f-4fb1-95c4-1aa8f7e5d3f6:c1283, c5393538-959b-47cf-9d9c-19dac7bed4ee:c1279, a2e6e0ff-38a8-4bcf-9958-a89ff312531d:c1279]
2019-07-15 13:06:49,425 INFO  client.GrpcClientProtocolClient (GrpcClientProtocolClient.java:onNext(255)) - client-B30EC828C355->c26939f8-4d1f-4fb1-95c4-1aa8f7e5d3f6: receive RaftClientReply:client-B30EC828C355->c26939f8-4d1f-4fb1-95c4-1aa8f7e5d3f6@group-D25BE8053FEA, cid=957, SUCCESS, logIndex=0, commits[c26939f8-4d1f-4fb1-95c4-1aa8f7e5d3f6:c1285, c5393538-959b-47cf-9d9c-19dac7bed4ee:c1283, a2e6e0ff-38a8-4bcf-9958-a89ff312531d:c1283]
2019-07-15 13:06:49,445 INFO  client.GrpcClientProtocolClient (GrpcClientProtocolClient.java:onNext(255)) - client-B30EC828C355->c26939f8-4d1f-4fb1-95c4-1aa8f7e5d3f6: receive RaftClientReply:client-B30EC828C355->c26939f8-4d1f-4fb1-95c4-1aa8f7e5d3f6@group-D25BE8053FEA, cid=958, SUCCESS, logIndex=1286, commits[c26939f8-4d1f-4fb1-95c4-1aa8f7e5d3f6:c1287, c5393538-959b-47cf-9d9c-19dac7bed4ee:c1285, a2e6e0ff-38a8-4bcf-9958-a89ff312531d:c1285]
2019-07-15 13:06:49,445 INFO  client.GrpcClientProtocolClient (GrpcClientProtocolClient.java:onNext(255)) - client-B30EC828C355->c26939f8-4d1f-4fb1-95c4-1aa8f7e5d3f6: receive RaftClientReply:client-B30EC828C355->c26939f8-4d1f-4fb1-95c4-1aa8f7e5d3f6@group-D25BE8053FEA, cid=959, SUCCESS, logIndex=1287, commits[c26939f8-4d1f-4fb1-95c4-1aa8f7e5d3f6:c1289, c5393538-959b-47cf-9d9c-19dac7bed4ee:c1285, a2e6e0ff-38a8-4bcf-9958-a89ff312531d:c1285]
2019-07-15 13:06:49,445 INFO  client.GrpcClientProtocolClient (GrpcClientProtocolClient.java:onNext(255)) - client-B30EC828C355->c26939f8-4d1f-4fb1-95c4-1aa8f7e5d3f6: receive RaftClientReply:client-B30EC828C355->c26939f8-4d1f-4fb1-95c4-1aa8f7e5d3f6@group-D25BE8053FEA, cid=960, SUCCESS, logIndex=1288, commits[c26939f8-4d1f-4fb1-95c4-1aa8f7e5d3f6:c1289, c5393538-959b-47cf-9d9c-19dac7bed4ee:c1285, a2e6e0ff-38a8-4bcf-9958-a89ff312531d:c1285]
2019-07-15 13:06:49,446 INFO  client.GrpcClientProtocolClient (GrpcClientProtocolClient.java:onNext(255)) - client-B30EC828C355->c26939f8-4d1f-4fb1-95c4-1aa8f7e5d3f6: receive RaftClientReply:client-B30EC828C355->c26939f8-4d1f-4fb1-95c4-1aa8f7e5d3f6@group-D25BE8053FEA, cid=961, SUCCESS, logIndex=1289, commits[c26939f8-4d1f-4fb1-95c4-1aa8f7e5d3f6:c1289, c5393538-959b-47cf-9d9c-19dac7bed4ee:c1285, a2e6e0ff-38a8-4bcf-9958-a89ff312531d:c1285]
2019-07-15 13:06:49,457 INFO  client.GrpcClientProtocolClient (GrpcClientProtocolClient.java:onNext(255)) - client-B30EC828C355->c26939f8-4d1f-4fb1-95c4-1aa8f7e5d3f6: receive RaftClientReply:client-B30EC828C355->c26939f8-4d1f-4fb1-95c4-1aa8f7e5d3f6@group-D25BE8053FEA, cid=962, SUCCESS, logIndex=0, commits[c26939f8-4d1f-4fb1-95c4-1aa8f7e5d3f6:c1292, c5393538-959b-47cf-9d9c-19dac7bed4ee:c1289, a2e6e0ff-38a8-4bcf-9958-a89ff312531d:c1287]
2019-07-15 13:06:49,475 INFO  client.GrpcClientProtocolClient (GrpcClientProtocolClient.java:onNext(255)) - client-B30EC828C355->c26939f8-4d1f-4fb1-95c4-1aa8f7e5d3f6: receive RaftClientReply:client-B30EC828C355->c26939f8-4d1f-4fb1-95c4-1aa8f7e5d3f6@group-D25BE8053FEA, cid=963, SUCCESS, logIndex=1293, commits[c26939f8-4d1f-4fb1-95c4-1aa8f7e5d3f6:c1294, c5393538-959b-47cf-9d9c-19dac7bed4ee:c1292, a2e6e0ff-38a8-4bcf-9958-a89ff312531d:c1292]
2019-07-15 13:06:49,476 INFO  client.GrpcClientProtocolClient (GrpcClientProtocolClient.java:onNext(255)) - client-B30EC828C355->c26939f8-4d1f-4fb1-95c4-1aa8f7e5d3f6: receive RaftClientReply:client-B30EC828C355->c26939f8-4d1f-4fb1-95c4-1aa8f7e5d3f6@group-D25BE8053FEA, cid=964, SUCCESS, logIndex=1294, commits[c26939f8-4d1f-4fb1-95c4-1aa8f7e5d3f6:c1294, c5393538-959b-47cf-9d9c-19dac7bed4ee:c1292, a2e6e0ff-38a8-4bcf-9958-a89ff312531d:c1292]
2019-07-15 13:06:49,486 INFO  client.GrpcClientProtocolClient (GrpcClientProtocolClient.java:onNext(255)) - client-B30EC828C355->c26939f8-4d1f-4fb1-95c4-1aa8f7e5d3f6: receive RaftClientReply:client-B30EC828C355->c26939f8-4d1f-4fb1-95c4-1aa8f7e5d3f6@group-D25BE8053FEA, cid=965, SUCCESS, logIndex=1297, commits[c26939f8-4d1f-4fb1-95c4-1aa8f7e5d3f6:c1298, c5393538-959b-47cf-9d9c-19dac7bed4ee:c1294, a2e6e0ff-38a8-4bcf-9958-a89ff312531d:c1296]
2019-07-15 13:06:49,487 INFO  client.GrpcClientProtocolClient (GrpcClientProtocolClient.java:onNext(255)) - client-B30EC828C355->c26939f8-4d1f-4fb1-95c4-1aa8f7e5d3f6: receive RaftClientReply:client-B30EC828C355->c26939f8-4d1f-4fb1-95c4-1aa8f7e5d3f6@group-D25BE8053FEA, cid=966, SUCCESS, logIndex=1298, commits[c26939f8-4d1f-4fb1-95c4-1aa8f7e5d3f6:c1298, c5393538-959b-47cf-9d9c-19dac7bed4ee:c1294, a2e6e0ff-38a8-4bcf-9958-a89ff312531d:c1296]
2019-07-15 13:06:49,490 INFO  client.GrpcClientProtocolClient (GrpcClientProtocolClient.java:onNext(255)) - client-B30EC828C355->c26939f8-4d1f-4fb1-95c4-1aa8f7e5d3f6: receive RaftClientReply:client-B30EC828C355->c26939f8-4d1f-4fb1-95c4-1aa8f7e5d3f6@group-D25BE8053FEA, cid=967, SUCCESS, logIndex=0, commits[c26939f8-4d1f-4fb1-95c4-1aa8f7e5d3f6:c1300, c5393538-959b-47cf-9d9c-19dac7bed4ee:c1298, a2e6e0ff-38a8-4bcf-9958-a89ff312531d:c1298]
2019-07-15 13:06:49,501 INFO  client.GrpcClientProtocolClient (GrpcClientProtocolClient.java:onNext(255)) - client-B30EC828C355->c26939f8-4d1f-4fb1-95c4-1aa8f7e5d3f6: receive RaftClientReply:client-B30EC828C355->c26939f8-4d1f-4fb1-95c4-1aa8f7e5d3f6@group-D25BE8053FEA, cid=968, SUCCESS, logIndex=1301, commits[c26939f8-4d1f-4fb1-95c4-1aa8f7e5d3f6:c1302, c5393538-959b-47cf-9d9c-19dac7bed4ee:c1298, a2e6e0ff-38a8-4bcf-9958-a89ff312531d:c1300]
2019-07-15 13:06:49,502 INFO  client.GrpcClientProtocolClient (GrpcClientProtocolClient.java:onNext(255)) - client-B30EC828C355->c26939f8-4d1f-4fb1-95c4-1aa8f7e5d3f6: receive RaftClientReply:client-B30EC828C355->c26939f8-4d1f-4fb1-95c4-1aa8f7e5d3f6@group-D25BE8053FEA, cid=969, SUCCESS, logIndex=1302, commits[c26939f8-4d1f-4fb1-95c4-1aa8f7e5d3f6:c1302, c5393538-959b-47cf-9d9c-19dac7bed4ee:c1298, a2e6e0ff-38a8-4bcf-9958-a89ff312531d:c1300]
2019-07-15 13:06:49,504 INFO  client.GrpcClientProtocolClient (GrpcClientProtocolClient.java:onNext(255)) - client-B30EC828C355->c26939f8-4d1f-4fb1-95c4-1aa8f7e5d3f6: receive RaftClientReply:client-B30EC828C355->c26939f8-4d1f-4fb1-95c4-1aa8f7e5d3f6@group-D25BE8053FEA, cid=970, SUCCESS, logIndex=1303, commits[c26939f8-4d1f-4fb1-95c4-1aa8f7e5d3f6:c1305, c5393538-959b-47cf-9d9c-19dac7bed4ee:c1302, a2e6e0ff-38a8-4bcf-9958-a89ff312531d:c1300]
2019-07-15 13:06:49,505 INFO  client.GrpcClientProtocolClient (GrpcClientProtocolClient.java:onNext(255)) - client-B30EC828C355->c26939f8-4d1f-4fb1-95c4-1aa8f7e5d3f6: receive RaftClientReply:client-B30EC828C355->c26939f8-4d1f-4fb1-95c4-1aa8f7e5d3f6@group-D25BE8053FEA, cid=971, SUCCESS, logIndex=1304, commits[c26939f8-4d1f-4fb1-95c4-1aa8f7e5d3f6:c1306, c5393538-959b-47cf-9d9c-19dac7bed4ee:c1302, a2e6e0ff-38a8-4bcf-9958-a89ff312531d:c1302]
2019-07-15 13:06:49,549 INFO  client.GrpcClientProtocolClient (GrpcClientProtocolClient.java:onNext(255)) - client-B30EC828C355->c26939f8-4d1f-4fb1-95c4-1aa8f7e5d3f6: receive RaftClientReply:client-B30EC828C355->c26939f8-4d1f-4fb1-95c4-1aa8f7e5d3f6@group-D25BE8053FEA, cid=972, SUCCESS, logIndex=1309, commits[c26939f8-4d1f-4fb1-95c4-1aa8f7e5d3f6:c1310, c5393538-959b-47cf-9d9c-19dac7bed4ee:c1308, a2e6e0ff-38a8-4bcf-9958-a89ff312531d:c1308]
2019-07-15 13:06:49,550 INFO  client.GrpcClientProtocolClient (GrpcClientProtocolClient.java:onNext(255)) - client-B30EC828C355->c26939f8-4d1f-4fb1-95c4-1aa8f7e5d3f6: receive RaftClientReply:client-B30EC828C355->c26939f8-4d1f-4fb1-95c4-1aa8f7e5d3f6@group-D25BE8053FEA, cid=973, SUCCESS, logIndex=1310, commits[c26939f8-4d1f-4fb1-95c4-1aa8f7e5d3f6:c1310, c5393538-959b-47cf-9d9c-19dac7bed4ee:c1308, a2e6e0ff-38a8-4bcf-9958-a89ff312531d:c1308]
2019-07-15 13:06:49,565 INFO  client.GrpcClientProtocolClient (GrpcClientProtocolClient.java:onNext(255)) - client-B30EC828C355->c26939f8-4d1f-4fb1-95c4-1aa8f7e5d3f6: receive RaftClientReply:client-B30EC828C355->c26939f8-4d1f-4fb1-95c4-1aa8f7e5d3f6@group-D25BE8053FEA, cid=974, SUCCESS, logIndex=1313, commits[c26939f8-4d1f-4fb1-95c4-1aa8f7e5d3f6:c1314, c5393538-959b-47cf-9d9c-19dac7bed4ee:c1310, a2e6e0ff-38a8-4bcf-9958-a89ff312531d:c1310]
2019-07-15 13:06:49,565 INFO  client.GrpcClientProtocolClient (GrpcClientProtocolClient.java:onNext(255)) - client-B30EC828C355->c26939f8-4d1f-4fb1-95c4-1aa8f7e5d3f6: receive RaftClientReply:client-B30EC828C355->c26939f8-4d1f-4fb1-95c4-1aa8f7e5d3f6@group-D25BE8053FEA, cid=975, SUCCESS, logIndex=1314, commits[c26939f8-4d1f-4fb1-95c4-1aa8f7e5d3f6:c1314, c5393538-959b-47cf-9d9c-19dac7bed4ee:c1310, a2e6e0ff-38a8-4bcf-9958-a89ff312531d:c1310]
2019-07-15 13:06:49,567 INFO  client.GrpcClientProtocolClient (GrpcClientProtocolClient.java:onNext(255)) - client-B30EC828C355->c26939f8-4d1f-4fb1-95c4-1aa8f7e5d3f6: receive RaftClientReply:client-B30EC828C355->c26939f8-4d1f-4fb1-95c4-1aa8f7e5d3f6@group-D25BE8053FEA, cid=976, SUCCESS, logIndex=0, commits[c26939f8-4d1f-4fb1-95c4-1aa8f7e5d3f6:c1315, c5393538-959b-47cf-9d9c-19dac7bed4ee:c1314, a2e6e0ff-38a8-4bcf-9958-a89ff312531d:c1314]
2019-07-15 13:06:49,592 INFO  client.GrpcClientProtocolClient (GrpcClientProtocolClient.java:onNext(255)) - client-B30EC828C355->c26939f8-4d1f-4fb1-95c4-1aa8f7e5d3f6: receive RaftClientReply:client-B30EC828C355->c26939f8-4d1f-4fb1-95c4-1aa8f7e5d3f6@group-D25BE8053FEA, cid=977, SUCCESS, logIndex=1317, commits[c26939f8-4d1f-4fb1-95c4-1aa8f7e5d3f6:c1318, c5393538-959b-47cf-9d9c-19dac7bed4ee:c1316, a2e6e0ff-38a8-4bcf-9958-a89ff312531d:c1316]
2019-07-15 13:06:49,593 INFO  client.GrpcClientProtocolClient (GrpcClientProtocolClient.java:onNext(255)) - client-B30EC828C355->c26939f8-4d1f-4fb1-95c4-1aa8f7e5d3f6: receive RaftClientReply:client-B30EC828C355->c26939f8-4d1f-4fb1-95c4-1aa8f7e5d3f6@group-D25BE8053FEA, cid=978, SUCCESS, logIndex=1318, commits[c26939f8-4d1f-4fb1-95c4-1aa8f7e5d3f6:c1320, c5393538-959b-47cf-9d9c-19dac7bed4ee:c1316, a2e6e0ff-38a8-4bcf-9958-a89ff312531d:c1316]
2019-07-15 13:06:49,594 INFO  client.GrpcClientProtocolClient (GrpcClientProtocolClient.java:onNext(255)) - client-B30EC828C355->c26939f8-4d1f-4fb1-95c4-1aa8f7e5d3f6: receive RaftClientReply:client-B30EC828C355->c26939f8-4d1f-4fb1-95c4-1aa8f7e5d3f6@group-D25BE8053FEA, cid=979, SUCCESS, logIndex=1319, commits[c26939f8-4d1f-4fb1-95c4-1aa8f7e5d3f6:c1320, c5393538-959b-47cf-9d9c-19dac7bed4ee:c1316, a2e6e0ff-38a8-4bcf-9958-a89ff312531d:c1316]
2019-07-15 13:06:49,594 INFO  client.GrpcClientProtocolClient (GrpcClientProtocolClient.java:onNext(255)) - client-B30EC828C355->c26939f8-4d1f-4fb1-95c4-1aa8f7e5d3f6: receive RaftClientReply:client-B30EC828C355->c26939f8-4d1f-4fb1-95c4-1aa8f7e5d3f6@group-D25BE8053FEA, cid=980, SUCCESS, logIndex=1320, commits[c26939f8-4d1f-4fb1-95c4-1aa8f7e5d3f6:c1320, c5393538-959b-47cf-9d9c-19dac7bed4ee:c1316, a2e6e0ff-38a8-4bcf-9958-a89ff312531d:c1316]
2019-07-15 13:06:49,595 INFO  client.GrpcClientProtocolClient (GrpcClientProtocolClient.java:onNext(255)) - client-B30EC828C355->c26939f8-4d1f-4fb1-95c4-1aa8f7e5d3f6: receive RaftClientReply:client-B30EC828C355->c26939f8-4d1f-4fb1-95c4-1aa8f7e5d3f6@group-D25BE8053FEA, cid=981, SUCCESS, logIndex=0, commits[c26939f8-4d1f-4fb1-95c4-1aa8f7e5d3f6:c1323, c5393538-959b-47cf-9d9c-19dac7bed4ee:c1319, a2e6e0ff-38a8-4bcf-9958-a89ff312531d:c1318]
2019-07-15 13:06:49,614 INFO  client.GrpcClientProtocolClient (GrpcClientProtocolClient.java:onNext(255)) - client-B30EC828C355->c26939f8-4d1f-4fb1-95c4-1aa8f7e5d3f6: receive RaftClientReply:client-B30EC828C355->c26939f8-4d1f-4fb1-95c4-1aa8f7e5d3f6@group-D25BE8053FEA, cid=982, SUCCESS, logIndex=1325, commits[c26939f8-4d1f-4fb1-95c4-1aa8f7e5d3f6:c1326, c5393538-959b-47cf-9d9c-19dac7bed4ee:c1324, a2e6e0ff-38a8-4bcf-9958-a89ff312531d:c1324]
2019-07-15 13:06:49,615 INFO  client.GrpcClientProtocolClient (GrpcClientProtocolClient.java:onNext(255)) - client-B30EC828C355->c26939f8-4d1f-4fb1-95c4-1aa8f7e5d3f6: receive RaftClientReply:client-B30EC828C355->c26939f8-4d1f-4fb1-95c4-1aa8f7e5d3f6@group-D25BE8053FEA, cid=983, SUCCESS, logIndex=1326, commits[c26939f8-4d1f-4fb1-95c4-1aa8f7e5d3f6:c1326, c5393538-959b-47cf-9d9c-19dac7bed4ee:c1324, a2e6e0ff-38a8-4bcf-9958-a89ff312531d:c1324]
2019-07-15 13:06:49,628 INFO  client.GrpcClientProtocolClient (GrpcClientProtocolClient.java:onNext(255)) - client-B30EC828C355->c26939f8-4d1f-4fb1-95c4-1aa8f7e5d3f6: receive RaftClientReply:client-B30EC828C355->c26939f8-4d1f-4fb1-95c4-1aa8f7e5d3f6@group-D25BE8053FEA, cid=984, SUCCESS, logIndex=1329, commits[c26939f8-4d1f-4fb1-95c4-1aa8f7e5d3f6:c1330, c5393538-959b-47cf-9d9c-19dac7bed4ee:c1326, a2e6e0ff-38a8-4bcf-9958-a89ff312531d:c1326]
2019-07-15 13:06:49,628 INFO  client.GrpcClientProtocolClient (GrpcClientProtocolClient.java:onNext(255)) - client-B30EC828C355->c26939f8-4d1f-4fb1-95c4-1aa8f7e5d3f6: receive RaftClientReply:client-B30EC828C355->c26939f8-4d1f-4fb1-95c4-1aa8f7e5d3f6@group-D25BE8053FEA, cid=985, SUCCESS, logIndex=1330, commits[c26939f8-4d1f-4fb1-95c4-1aa8f7e5d3f6:c1330, c5393538-959b-47cf-9d9c-19dac7bed4ee:c1326, a2e6e0ff-38a8-4bcf-9958-a89ff312531d:c1326]
 0.00% |█                                                                                                    |  0/1 Time: 0:00:042019-07-15 13:06:49,757 INFO  client.GrpcClientProtocolClient (GrpcClientProtocolClient.java:onNext(255)) - client-B30EC828C355->c26939f8-4d1f-4fb1-95c4-1aa8f7e5d3f6: receive RaftClientReply:client-B30EC828C355->c26939f8-4d1f-4fb1-95c4-1aa8f7e5d3f6@group-D25BE8053FEA, cid=986, SUCCESS, logIndex=0, commits[c26939f8-4d1f-4fb1-95c4-1aa8f7e5d3f6:c1332, c5393538-959b-47cf-9d9c-19dac7bed4ee:c1330, a2e6e0ff-38a8-4bcf-9958-a89ff312531d:c1330]
2019-07-15 13:06:49,807 INFO  client.GrpcClientProtocolClient (GrpcClientProtocolClient.java:onNext(255)) - client-B30EC828C355->c26939f8-4d1f-4fb1-95c4-1aa8f7e5d3f6: receive RaftClientReply:client-B30EC828C355->c26939f8-4d1f-4fb1-95c4-1aa8f7e5d3f6@group-D25BE8053FEA, cid=987, SUCCESS, logIndex=1333, commits[c26939f8-4d1f-4fb1-95c4-1aa8f7e5d3f6:c1334, c5393538-959b-47cf-9d9c-19dac7bed4ee:c1332, a2e6e0ff-38a8-4bcf-9958-a89ff312531d:c1332]
2019-07-15 13:06:49,808 INFO  client.GrpcClientProtocolClient (GrpcClientProtocolClient.java:onNext(255)) - client-B30EC828C355->c26939f8-4d1f-4fb1-95c4-1aa8f7e5d3f6: receive RaftClientReply:client-B30EC828C355->c26939f8-4d1f-4fb1-95c4-1aa8f7e5d3f6@group-D25BE8053FEA, cid=988, SUCCESS, logIndex=1334, commits[c26939f8-4d1f-4fb1-95c4-1aa8f7e5d3f6:c1334, c5393538-959b-47cf-9d9c-19dac7bed4ee:c1332, a2e6e0ff-38a8-4bcf-9958-a89ff312531d:c1332]
2019-07-15 13:06:49,809 INFO  client.GrpcClientProtocolClient (GrpcClientProtocolClient.java:onNext(255)) - client-B30EC828C355->c26939f8-4d1f-4fb1-95c4-1aa8f7e5d3f6: receive RaftClientReply:client-B30EC828C355->c26939f8-4d1f-4fb1-95c4-1aa8f7e5d3f6@group-D25BE8053FEA, cid=989, SUCCESS, logIndex=1335, commits[c26939f8-4d1f-4fb1-95c4-1aa8f7e5d3f6:c1336, c5393538-959b-47cf-9d9c-19dac7bed4ee:c1332, a2e6e0ff-38a8-4bcf-9958-a89ff312531d:c1332]
2019-07-15 13:06:49,809 INFO  client.GrpcClientProtocolClient (GrpcClientProtocolClient.java:onNext(255)) - client-B30EC828C355->c26939f8-4d1f-4fb1-95c4-1aa8f7e5d3f6: receive RaftClientReply:client-B30EC828C355->c26939f8-4d1f-4fb1-95c4-1aa8f7e5d3f6@group-D25BE8053FEA, cid=990, SUCCESS, logIndex=1336, commits[c26939f8-4d1f-4fb1-95c4-1aa8f7e5d3f6:c1336, c5393538-959b-47cf-9d9c-19dac7bed4ee:c1332, a2e6e0ff-38a8-4bcf-9958-a89ff312531d:c1332]
2019-07-15 13:06:49,821 INFO  client.GrpcClientProtocolClient (GrpcClientProtocolClient.java:onNext(255)) - client-B30EC828C355->c26939f8-4d1f-4fb1-95c4-1aa8f7e5d3f6: receive RaftClientReply:client-B30EC828C355->c26939f8-4d1f-4fb1-95c4-1aa8f7e5d3f6@group-D25BE8053FEA, cid=991, SUCCESS, logIndex=0, commits[c26939f8-4d1f-4fb1-95c4-1aa8f7e5d3f6:c1338, c5393538-959b-47cf-9d9c-19dac7bed4ee:c1334, a2e6e0ff-38a8-4bcf-9958-a89ff312531d:c1334]
2019-07-15 13:06:49,843 INFO  client.GrpcClientProtocolClient (GrpcClientProtocolClient.java:onNext(255)) - client-B30EC828C355->c26939f8-4d1f-4fb1-95c4-1aa8f7e5d3f6: receive RaftClientReply:client-B30EC828C355->c26939f8-4d1f-4fb1-95c4-1aa8f7e5d3f6@group-D25BE8053FEA, cid=992, SUCCESS, logIndex=1341, commits[c26939f8-4d1f-4fb1-95c4-1aa8f7e5d3f6:c1342, c5393538-959b-47cf-9d9c-19dac7bed4ee:c1340, a2e6e0ff-38a8-4bcf-9958-a89ff312531d:c1340]
2019-07-15 13:06:49,844 INFO  client.GrpcClientProtocolClient (GrpcClientProtocolClient.java:onNext(255)) - client-B30EC828C355->c26939f8-4d1f-4fb1-95c4-1aa8f7e5d3f6: receive RaftClientReply:client-B30EC828C355->c26939f8-4d1f-4fb1-95c4-1aa8f7e5d3f6@group-D25BE8053FEA, cid=993, SUCCESS, logIndex=1342, commits[c26939f8-4d1f-4fb1-95c4-1aa8f7e5d3f6:c1342, c5393538-959b-47cf-9d9c-19dac7bed4ee:c1340, a2e6e0ff-38a8-4bcf-9958-a89ff312531d:c1340]
2019-07-15 13:06:49,867 INFO  client.GrpcClientProtocolClient (GrpcClientProtocolClient.java:onNext(255)) - client-B30EC828C355->c26939f8-4d1f-4fb1-95c4-1aa8f7e5d3f6: receive RaftClientReply:client-B30EC828C355->c26939f8-4d1f-4fb1-95c4-1aa8f7e5d3f6@group-D25BE8053FEA, cid=994, SUCCESS, logIndex=1345, commits[c26939f8-4d1f-4fb1-95c4-1aa8f7e5d3f6:c1346, c5393538-959b-47cf-9d9c-19dac7bed4ee:c1341, a2e6e0ff-38a8-4bcf-9958-a89ff312531d:c1342]
2019-07-15 13:06:49,867 INFO  client.GrpcClientProtocolClient (GrpcClientProtocolClient.java:onNext(255)) - client-B30EC828C355->c26939f8-4d1f-4fb1-95c4-1aa8f7e5d3f6: receive RaftClientReply:client-B30EC828C355->c26939f8-4d1f-4fb1-95c4-1aa8f7e5d3f6@group-D25BE8053FEA, cid=995, SUCCESS, logIndex=1346, commits[c26939f8-4d1f-4fb1-95c4-1aa8f7e5d3f6:c1346, c5393538-959b-47cf-9d9c-19dac7bed4ee:c1342, a2e6e0ff-38a8-4bcf-9958-a89ff312531d:c1342]
2019-07-15 13:06:49,869 INFO  client.GrpcClientProtocolClient (GrpcClientProtocolClient.java:onNext(255)) - client-B30EC828C355->c26939f8-4d1f-4fb1-95c4-1aa8f7e5d3f6: receive RaftClientReply:client-B30EC828C355->c26939f8-4d1f-4fb1-95c4-1aa8f7e5d3f6@group-D25BE8053FEA, cid=996, SUCCESS, logIndex=0, commits[c26939f8-4d1f-4fb1-95c4-1aa8f7e5d3f6:c1347, c5393538-959b-47cf-9d9c-19dac7bed4ee:c1346, a2e6e0ff-38a8-4bcf-9958-a89ff312531d:c1346]
2019-07-15 13:06:49,890 INFO  client.GrpcClientProtocolClient (GrpcClientProtocolClient.java:onNext(255)) - client-B30EC828C355->c26939f8-4d1f-4fb1-95c4-1aa8f7e5d3f6: receive RaftClientReply:client-B30EC828C355->c26939f8-4d1f-4fb1-95c4-1aa8f7e5d3f6@group-D25BE8053FEA, cid=997, SUCCESS, logIndex=1349, commits[c26939f8-4d1f-4fb1-95c4-1aa8f7e5d3f6:c1350, c5393538-959b-47cf-9d9c-19dac7bed4ee:c1348, a2e6e0ff-38a8-4bcf-9958-a89ff312531d:c1348]
2019-07-15 13:06:49,891 INFO  client.GrpcClientProtocolClient (GrpcClientProtocolClient.java:onNext(255)) - client-B30EC828C355->c26939f8-4d1f-4fb1-95c4-1aa8f7e5d3f6: receive RaftClientReply:client-B30EC828C355->c26939f8-4d1f-4fb1-95c4-1aa8f7e5d3f6@group-D25BE8053FEA, cid=998, SUCCESS, logIndex=1350, commits[c26939f8-4d1f-4fb1-95c4-1aa8f7e5d3f6:c1352, c5393538-959b-47cf-9d9c-19dac7bed4ee:c1348, a2e6e0ff-38a8-4bcf-9958-a89ff312531d:c1348]
2019-07-15 13:06:49,891 INFO  client.GrpcClientProtocolClient (GrpcClientProtocolClient.java:onNext(255)) - client-B30EC828C355->c26939f8-4d1f-4fb1-95c4-1aa8f7e5d3f6: receive RaftClientReply:client-B30EC828C355->c26939f8-4d1f-4fb1-95c4-1aa8f7e5d3f6@group-D25BE8053FEA, cid=999, SUCCESS, logIndex=1351, commits[c26939f8-4d1f-4fb1-95c4-1aa8f7e5d3f6:c1352, c5393538-959b-47cf-9d9c-19dac7bed4ee:c1348, a2e6e0ff-38a8-4bcf-9958-a89ff312531d:c1348]
2019-07-15 13:06:49,892 INFO  client.GrpcClientProtocolClient (GrpcClientProtocolClient.java:onNext(255)) - client-B30EC828C355->c26939f8-4d1f-4fb1-95c4-1aa8f7e5d3f6: receive RaftClientReply:client-B30EC828C355->c26939f8-4d1f-4fb1-95c4-1aa8f7e5d3f6@group-D25BE8053FEA, cid=1000, SUCCESS, logIndex=1352, commits[c26939f8-4d1f-4fb1-95c4-1aa8f7e5d3f6:c1352, c5393538-959b-47cf-9d9c-19dac7bed4ee:c1348, a2e6e0ff-38a8-4bcf-9958-a89ff312531d:c1348]
2019-07-15 13:06:49,893 INFO  client.GrpcClientProtocolClient (GrpcClientProtocolClient.java:onNext(255)) - client-B30EC828C355->c26939f8-4d1f-4fb1-95c4-1aa8f7e5d3f6: receive RaftClientReply:client-B30EC828C355->c26939f8-4d1f-4fb1-95c4-1aa8f7e5d3f6@group-D25BE8053FEA, cid=1001, SUCCESS, logIndex=0, commits[c26939f8-4d1f-4fb1-95c4-1aa8f7e5d3f6:c1354, c5393538-959b-47cf-9d9c-19dac7bed4ee:c1350, a2e6e0ff-38a8-4bcf-9958-a89ff312531d:c1350]
2019-07-15 13:06:49,913 INFO  client.GrpcClientProtocolClient (GrpcClientProtocolClient.java:onNext(255)) - client-B30EC828C355->c26939f8-4d1f-4fb1-95c4-1aa8f7e5d3f6: receive RaftClientReply:client-B30EC828C355->c26939f8-4d1f-4fb1-95c4-1aa8f7e5d3f6@group-D25BE8053FEA, cid=1002, SUCCESS, logIndex=1357, commits[c26939f8-4d1f-4fb1-95c4-1aa8f7e5d3f6:c1358, c5393538-959b-47cf-9d9c-19dac7bed4ee:c1356, a2e6e0ff-38a8-4bcf-9958-a89ff312531d:c1356]
2019-07-15 13:06:49,914 INFO  client.GrpcClientProtocolClient (GrpcClientProtocolClient.java:onNext(255)) - client-B30EC828C355->c26939f8-4d1f-4fb1-95c4-1aa8f7e5d3f6: receive RaftClientReply:client-B30EC828C355->c26939f8-4d1f-4fb1-95c4-1aa8f7e5d3f6@group-D25BE8053FEA, cid=1003, SUCCESS, logIndex=1358, commits[c26939f8-4d1f-4fb1-95c4-1aa8f7e5d3f6:c1358, c5393538-959b-47cf-9d9c-19dac7bed4ee:c1356, a2e6e0ff-38a8-4bcf-9958-a89ff312531d:c1356]
2019-07-15 13:06:49,927 INFO  client.GrpcClientProtocolClient (GrpcClientProtocolClient.java:onNext(255)) - client-B30EC828C355->c26939f8-4d1f-4fb1-95c4-1aa8f7e5d3f6: receive RaftClientReply:client-B30EC828C355->c26939f8-4d1f-4fb1-95c4-1aa8f7e5d3f6@group-D25BE8053FEA, cid=1004, SUCCESS, logIndex=1361, commits[c26939f8-4d1f-4fb1-95c4-1aa8f7e5d3f6:c1361, c5393538-959b-47cf-9d9c-19dac7bed4ee:c1358, a2e6e0ff-38a8-4bcf-9958-a89ff312531d:c1358]
2019-07-15 13:06:49,927 INFO  client.GrpcClientProtocolClient (GrpcClientProtocolClient.java:onNext(255)) - client-B30EC828C355->c26939f8-4d1f-4fb1-95c4-1aa8f7e5d3f6: receive RaftClientReply:client-B30EC828C355->c26939f8-4d1f-4fb1-95c4-1aa8f7e5d3f6@group-D25BE8053FEA, cid=1005, SUCCESS, logIndex=1362, commits[c26939f8-4d1f-4fb1-95c4-1aa8f7e5d3f6:c1362, c5393538-959b-47cf-9d9c-19dac7bed4ee:c1358, a2e6e0ff-38a8-4bcf-9958-a89ff312531d:c1358]
2019-07-15 13:06:49,940 INFO  client.GrpcClientProtocolClient (GrpcClientProtocolClient.java:onNext(255)) - client-B30EC828C355->c26939f8-4d1f-4fb1-95c4-1aa8f7e5d3f6: receive RaftClientReply:client-B30EC828C355->c26939f8-4d1f-4fb1-95c4-1aa8f7e5d3f6@group-D25BE8053FEA, cid=1006, SUCCESS, logIndex=0, commits[c26939f8-4d1f-4fb1-95c4-1aa8f7e5d3f6:c1364, c5393538-959b-47cf-9d9c-19dac7bed4ee:c1362, a2e6e0ff-38a8-4bcf-9958-a89ff312531d:c1362]
2019-07-15 13:06:49,960 INFO  client.GrpcClientProtocolClient (GrpcClientProtocolClient.java:onNext(255)) - client-B30EC828C355->c26939f8-4d1f-4fb1-95c4-1aa8f7e5d3f6: receive RaftClientReply:client-B30EC828C355->c26939f8-4d1f-4fb1-95c4-1aa8f7e5d3f6@group-D25BE8053FEA, cid=1007, SUCCESS, logIndex=1365, commits[c26939f8-4d1f-4fb1-95c4-1aa8f7e5d3f6:c1366, c5393538-959b-47cf-9d9c-19dac7bed4ee:c1364, a2e6e0ff-38a8-4bcf-9958-a89ff312531d:c1364]
2019-07-15 13:06:49,961 INFO  client.GrpcClientProtocolClient (GrpcClientProtocolClient.java:onNext(255)) - client-B30EC828C355->c26939f8-4d1f-4fb1-95c4-1aa8f7e5d3f6: receive RaftClientReply:client-B30EC828C355->c26939f8-4d1f-4fb1-95c4-1aa8f7e5d3f6@group-D25BE8053FEA, cid=1008, SUCCESS, logIndex=1366, commits[c26939f8-4d1f-4fb1-95c4-1aa8f7e5d3f6:c1366, c5393538-959b-47cf-9d9c-19dac7bed4ee:c1364, a2e6e0ff-38a8-4bcf-9958-a89ff312531d:c1364]
2019-07-15 13:06:49,961 INFO  client.GrpcClientProtocolClient (GrpcClientProtocolClient.java:onNext(255)) - client-B30EC828C355->c26939f8-4d1f-4fb1-95c4-1aa8f7e5d3f6: receive RaftClientReply:client-B30EC828C355->c26939f8-4d1f-4fb1-95c4-1aa8f7e5d3f6@group-D25BE8053FEA, cid=1009, SUCCESS, logIndex=1367, commits[c26939f8-4d1f-4fb1-95c4-1aa8f7e5d3f6:c1368, c5393538-959b-47cf-9d9c-19dac7bed4ee:c1364, a2e6e0ff-38a8-4bcf-9958-a89ff312531d:c1364]
2019-07-15 13:06:49,962 INFO  client.GrpcClientProtocolClient (GrpcClientProtocolClient.java:onNext(255)) - client-B30EC828C355->c26939f8-4d1f-4fb1-95c4-1aa8f7e5d3f6: receive RaftClientReply:client-B30EC828C355->c26939f8-4d1f-4fb1-95c4-1aa8f7e5d3f6@group-D25BE8053FEA, cid=1010, SUCCESS, logIndex=1368, commits[c26939f8-4d1f-4fb1-95c4-1aa8f7e5d3f6:c1368, c5393538-959b-47cf-9d9c-19dac7bed4ee:c1364, a2e6e0ff-38a8-4bcf-9958-a89ff312531d:c1364]
2019-07-15 13:06:49,963 INFO  client.GrpcClientProtocolClient (GrpcClientProtocolClient.java:onNext(255)) - client-B30EC828C355->c26939f8-4d1f-4fb1-95c4-1aa8f7e5d3f6: receive RaftClientReply:client-B30EC828C355->c26939f8-4d1f-4fb1-95c4-1aa8f7e5d3f6@group-D25BE8053FEA, cid=1011, SUCCESS, logIndex=0, commits[c26939f8-4d1f-4fb1-95c4-1aa8f7e5d3f6:c1370, c5393538-959b-47cf-9d9c-19dac7bed4ee:c1366, a2e6e0ff-38a8-4bcf-9958-a89ff312531d:c1366]
2019-07-15 13:06:49,983 INFO  client.GrpcClientProtocolClient (GrpcClientProtocolClient.java:onNext(255)) - client-B30EC828C355->c26939f8-4d1f-4fb1-95c4-1aa8f7e5d3f6: receive RaftClientReply:client-B30EC828C355->c26939f8-4d1f-4fb1-95c4-1aa8f7e5d3f6@group-D25BE8053FEA, cid=1012, SUCCESS, logIndex=1373, commits[c26939f8-4d1f-4fb1-95c4-1aa8f7e5d3f6:c1374, c5393538-959b-47cf-9d9c-19dac7bed4ee:c1372, a2e6e0ff-38a8-4bcf-9958-a89ff312531d:c1372]
2019-07-15 13:06:49,983 INFO  client.GrpcClientProtocolClient (GrpcClientProtocolClient.java:onNext(255)) - client-B30EC828C355->c26939f8-4d1f-4fb1-95c4-1aa8f7e5d3f6: receive RaftClientReply:client-B30EC828C355->c26939f8-4d1f-4fb1-95c4-1aa8f7e5d3f6@group-D25BE8053FEA, cid=1013, SUCCESS, logIndex=1374, commits[c26939f8-4d1f-4fb1-95c4-1aa8f7e5d3f6:c1374, c5393538-959b-47cf-9d9c-19dac7bed4ee:c1372, a2e6e0ff-38a8-4bcf-9958-a89ff312531d:c1372]
2019-07-15 13:06:49,994 INFO  client.GrpcClientProtocolClient (GrpcClientProtocolClient.java:onNext(255)) - client-B30EC828C355->c26939f8-4d1f-4fb1-95c4-1aa8f7e5d3f6: receive RaftClientReply:client-B30EC828C355->c26939f8-4d1f-4fb1-95c4-1aa8f7e5d3f6@group-D25BE8053FEA, cid=1014, SUCCESS, logIndex=1377, commits[c26939f8-4d1f-4fb1-95c4-1aa8f7e5d3f6:c1378, c5393538-959b-47cf-9d9c-19dac7bed4ee:c1374, a2e6e0ff-38a8-4bcf-9958-a89ff312531d:c1376]
2019-07-15 13:06:49,994 INFO  client.GrpcClientProtocolClient (GrpcClientProtocolClient.java:onNext(255)) - client-B30EC828C355->c26939f8-4d1f-4fb1-95c4-1aa8f7e5d3f6: receive RaftClientReply:client-B30EC828C355->c26939f8-4d1f-4fb1-95c4-1aa8f7e5d3f6@group-D25BE8053FEA, cid=1015, SUCCESS, logIndex=1378, commits[c26939f8-4d1f-4fb1-95c4-1aa8f7e5d3f6:c1378, c5393538-959b-47cf-9d9c-19dac7bed4ee:c1376, a2e6e0ff-38a8-4bcf-9958-a89ff312531d:c1376]
2019-07-15 13:06:49,997 INFO  client.GrpcClientProtocolClient (GrpcClientProtocolClient.java:onNext(255)) - client-B30EC828C355->c26939f8-4d1f-4fb1-95c4-1aa8f7e5d3f6: receive RaftClientReply:client-B30EC828C355->c26939f8-4d1f-4fb1-95c4-1aa8f7e5d3f6@group-D25BE8053FEA, cid=1016, SUCCESS, logIndex=0, commits[c26939f8-4d1f-4fb1-95c4-1aa8f7e5d3f6:c1380, c5393538-959b-47cf-9d9c-19dac7bed4ee:c1378, a2e6e0ff-38a8-4bcf-9958-a89ff312531d:c1378]
2019-07-15 13:06:50,009 INFO  client.GrpcClientProtocolClient (GrpcClientProtocolClient.java:onNext(255)) - client-B30EC828C355->c26939f8-4d1f-4fb1-95c4-1aa8f7e5d3f6: receive RaftClientReply:client-B30EC828C355->c26939f8-4d1f-4fb1-95c4-1aa8f7e5d3f6@group-D25BE8053FEA, cid=1017, SUCCESS, logIndex=1381, commits[c26939f8-4d1f-4fb1-95c4-1aa8f7e5d3f6:c1382, c5393538-959b-47cf-9d9c-19dac7bed4ee:c1380, a2e6e0ff-38a8-4bcf-9958-a89ff312531d:c1378]
2019-07-15 13:06:50,010 INFO  client.GrpcClientProtocolClient (GrpcClientProtocolClient.java:onNext(255)) - client-B30EC828C355->c26939f8-4d1f-4fb1-95c4-1aa8f7e5d3f6: receive RaftClientReply:client-B30EC828C355->c26939f8-4d1f-4fb1-95c4-1aa8f7e5d3f6@group-D25BE8053FEA, cid=1018, SUCCESS, logIndex=1382, commits[c26939f8-4d1f-4fb1-95c4-1aa8f7e5d3f6:c1382, c5393538-959b-47cf-9d9c-19dac7bed4ee:c1380, a2e6e0ff-38a8-4bcf-9958-a89ff312531d:c1380]
2019-07-15 13:06:50,010 INFO  client.GrpcClientProtocolClient (GrpcClientProtocolClient.java:onNext(255)) - client-B30EC828C355->c26939f8-4d1f-4fb1-95c4-1aa8f7e5d3f6: receive RaftClientReply:client-B30EC828C355->c26939f8-4d1f-4fb1-95c4-1aa8f7e5d3f6@group-D25BE8053FEA, cid=1019, SUCCESS, logIndex=1383, commits[c26939f8-4d1f-4fb1-95c4-1aa8f7e5d3f6:c1384, c5393538-959b-47cf-9d9c-19dac7bed4ee:c1380, a2e6e0ff-38a8-4bcf-9958-a89ff312531d:c1380]
2019-07-15 13:06:50,011 INFO  client.GrpcClientProtocolClient (GrpcClientProtocolClient.java:onNext(255)) - client-B30EC828C355->c26939f8-4d1f-4fb1-95c4-1aa8f7e5d3f6: receive RaftClientReply:client-B30EC828C355->c26939f8-4d1f-4fb1-95c4-1aa8f7e5d3f6@group-D25BE8053FEA, cid=1020, SUCCESS, logIndex=1384, commits[c26939f8-4d1f-4fb1-95c4-1aa8f7e5d3f6:c1384, c5393538-959b-47cf-9d9c-19dac7bed4ee:c1380, a2e6e0ff-38a8-4bcf-9958-a89ff312531d:c1380]
2019-07-15 13:06:50,012 INFO  client.GrpcClientProtocolClient (GrpcClientProtocolClient.java:onNext(255)) - client-B30EC828C355->c26939f8-4d1f-4fb1-95c4-1aa8f7e5d3f6: receive RaftClientReply:client-B30EC828C355->c26939f8-4d1f-4fb1-95c4-1aa8f7e5d3f6@group-D25BE8053FEA, cid=1021, SUCCESS, logIndex=0, commits[c26939f8-4d1f-4fb1-95c4-1aa8f7e5d3f6:c1386, c5393538-959b-47cf-9d9c-19dac7bed4ee:c1382, a2e6e0ff-38a8-4bcf-9958-a89ff312531d:c1382]
2019-07-15 13:06:50,023 INFO  client.GrpcClientProtocolClient (GrpcClientProtocolClient.java:onNext(255)) - client-B30EC828C355->c26939f8-4d1f-4fb1-95c4-1aa8f7e5d3f6: receive RaftClientReply:client-B30EC828C355->c26939f8-4d1f-4fb1-95c4-1aa8f7e5d3f6@group-D25BE8053FEA, cid=1022, SUCCESS, logIndex=1389, commits[c26939f8-4d1f-4fb1-95c4-1aa8f7e5d3f6:c1390, c5393538-959b-47cf-9d9c-19dac7bed4ee:c1384, a2e6e0ff-38a8-4bcf-9958-a89ff312531d:c1388]
2019-07-15 13:06:50,024 INFO  client.GrpcClientProtocolClient (GrpcClientProtocolClient.java:onNext(255)) - client-B30EC828C355->c26939f8-4d1f-4fb1-95c4-1aa8f7e5d3f6: receive RaftClientReply:client-B30EC828C355->c26939f8-4d1f-4fb1-95c4-1aa8f7e5d3f6@group-D25BE8053FEA, cid=1023, SUCCESS, logIndex=1390, commits[c26939f8-4d1f-4fb1-95c4-1aa8f7e5d3f6:c1390, c5393538-959b-47cf-9d9c-19dac7bed4ee:c1388, a2e6e0ff-38a8-4bcf-9958-a89ff312531d:c1388]
2019-07-15 13:06:50,035 INFO  client.GrpcClientProtocolClient (GrpcClientProtocolClient.java:onNext(255)) - client-B30EC828C355->c26939f8-4d1f-4fb1-95c4-1aa8f7e5d3f6: receive RaftClientReply:client-B30EC828C355->c26939f8-4d1f-4fb1-95c4-1aa8f7e5d3f6@group-D25BE8053FEA, cid=1024, SUCCESS, logIndex=1392, commits[c26939f8-4d1f-4fb1-95c4-1aa8f7e5d3f6:c1393, c5393538-959b-47cf-9d9c-19dac7bed4ee:c1391, a2e6e0ff-38a8-4bcf-9958-a89ff312531d:c1391]
2019-07-15 13:06:50,036 INFO  client.GrpcClientProtocolClient (GrpcClientProtocolClient.java:onNext(255)) - client-B30EC828C355->c26939f8-4d1f-4fb1-95c4-1aa8f7e5d3f6: receive RaftClientReply:client-B30EC828C355->c26939f8-4d1f-4fb1-95c4-1aa8f7e5d3f6@group-D25BE8053FEA, cid=1025, SUCCESS, logIndex=1393, commits[c26939f8-4d1f-4fb1-95c4-1aa8f7e5d3f6:c1393, c5393538-959b-47cf-9d9c-19dac7bed4ee:c1391, a2e6e0ff-38a8-4bcf-9958-a89ff312531d:c1391]
2019-07-15 13:06:50,037 INFO  client.GrpcClientProtocolClient (GrpcClientProtocolClient.java:onNext(255)) - client-B30EC828C355->c26939f8-4d1f-4fb1-95c4-1aa8f7e5d3f6: receive RaftClientReply:client-B30EC828C355->c26939f8-4d1f-4fb1-95c4-1aa8f7e5d3f6@group-D25BE8053FEA, cid=1026, SUCCESS, logIndex=0, commits[c26939f8-4d1f-4fb1-95c4-1aa8f7e5d3f6:c1394, c5393538-959b-47cf-9d9c-19dac7bed4ee:c1393, a2e6e0ff-38a8-4bcf-9958-a89ff312531d:c1393]
2019-07-15 13:06:50,083 INFO  client.GrpcClientProtocolClient (GrpcClientProtocolClient.java:onNext(255)) - client-B30EC828C355->c26939f8-4d1f-4fb1-95c4-1aa8f7e5d3f6: receive RaftClientReply:client-B30EC828C355->c26939f8-4d1f-4fb1-95c4-1aa8f7e5d3f6@group-D25BE8053FEA, cid=1027, SUCCESS, logIndex=1396, commits[c26939f8-4d1f-4fb1-95c4-1aa8f7e5d3f6:c1397, c5393538-959b-47cf-9d9c-19dac7bed4ee:c1395, a2e6e0ff-38a8-4bcf-9958-a89ff312531d:c1395]
2019-07-15 13:06:50,083 INFO  client.GrpcClientProtocolClient (GrpcClientProtocolClient.java:onNext(255)) - client-B30EC828C355->c26939f8-4d1f-4fb1-95c4-1aa8f7e5d3f6: receive RaftClientReply:client-B30EC828C355->c26939f8-4d1f-4fb1-95c4-1aa8f7e5d3f6@group-D25BE8053FEA, cid=1028, SUCCESS, logIndex=1397, commits[c26939f8-4d1f-4fb1-95c4-1aa8f7e5d3f6:c1399, c5393538-959b-47cf-9d9c-19dac7bed4ee:c1395, a2e6e0ff-38a8-4bcf-9958-a89ff312531d:c1395]
2019-07-15 13:06:50,084 INFO  client.GrpcClientProtocolClient (GrpcClientProtocolClient.java:onNext(255)) - client-B30EC828C355->c26939f8-4d1f-4fb1-95c4-1aa8f7e5d3f6: receive RaftClientReply:client-B30EC828C355->c26939f8-4d1f-4fb1-95c4-1aa8f7e5d3f6@group-D25BE8053FEA, cid=1029, SUCCESS, logIndex=1398, commits[c26939f8-4d1f-4fb1-95c4-1aa8f7e5d3f6:c1399, c5393538-959b-47cf-9d9c-19dac7bed4ee:c1395, a2e6e0ff-38a8-4bcf-9958-a89ff312531d:c1395]
2019-07-15 13:06:50,084 INFO  client.GrpcClientProtocolClient (GrpcClientProtocolClient.java:onNext(255)) - client-B30EC828C355->c26939f8-4d1f-4fb1-95c4-1aa8f7e5d3f6: receive RaftClientReply:client-B30EC828C355->c26939f8-4d1f-4fb1-95c4-1aa8f7e5d3f6@group-D25BE8053FEA, cid=1030, SUCCESS, logIndex=1399, commits[c26939f8-4d1f-4fb1-95c4-1aa8f7e5d3f6:c1400, c5393538-959b-47cf-9d9c-19dac7bed4ee:c1397, a2e6e0ff-38a8-4bcf-9958-a89ff312531d:c1395]
2019-07-15 13:06:50,085 INFO  client.GrpcClientProtocolClient (GrpcClientProtocolClient.java:onNext(255)) - client-B30EC828C355->c26939f8-4d1f-4fb1-95c4-1aa8f7e5d3f6: receive RaftClientReply:client-B30EC828C355->c26939f8-4d1f-4fb1-95c4-1aa8f7e5d3f6@group-D25BE8053FEA, cid=1031, SUCCESS, logIndex=0, commits[c26939f8-4d1f-4fb1-95c4-1aa8f7e5d3f6:c1402, c5393538-959b-47cf-9d9c-19dac7bed4ee:c1399, a2e6e0ff-38a8-4bcf-9958-a89ff312531d:c1397]
2019-07-15 13:06:50,106 INFO  client.GrpcClientProtocolClient (GrpcClientProtocolClient.java:onNext(255)) - client-B30EC828C355->c26939f8-4d1f-4fb1-95c4-1aa8f7e5d3f6: receive RaftClientReply:client-B30EC828C355->c26939f8-4d1f-4fb1-95c4-1aa8f7e5d3f6@group-D25BE8053FEA, cid=1032, SUCCESS, logIndex=1403, commits[c26939f8-4d1f-4fb1-95c4-1aa8f7e5d3f6:c1404, c5393538-959b-47cf-9d9c-19dac7bed4ee:c1402, a2e6e0ff-38a8-4bcf-9958-a89ff312531d:c1402]
2019-07-15 13:06:50,106 INFO  client.GrpcClientProtocolClient (GrpcClientProtocolClient.java:onNext(255)) - client-B30EC828C355->c26939f8-4d1f-4fb1-95c4-1aa8f7e5d3f6: receive RaftClientReply:client-B30EC828C355->c26939f8-4d1f-4fb1-95c4-1aa8f7e5d3f6@group-D25BE8053FEA, cid=1033, SUCCESS, logIndex=1404, commits[c26939f8-4d1f-4fb1-95c4-1aa8f7e5d3f6:c1404, c5393538-959b-47cf-9d9c-19dac7bed4ee:c1402, a2e6e0ff-38a8-4bcf-9958-a89ff312531d:c1402]
2019-07-15 13:06:50,119 INFO  client.GrpcClientProtocolClient (GrpcClientProtocolClient.java:onNext(255)) - client-B30EC828C355->c26939f8-4d1f-4fb1-95c4-1aa8f7e5d3f6: receive RaftClientReply:client-B30EC828C355->c26939f8-4d1f-4fb1-95c4-1aa8f7e5d3f6@group-D25BE8053FEA, cid=1034, SUCCESS, logIndex=1407, commits[c26939f8-4d1f-4fb1-95c4-1aa8f7e5d3f6:c1408, c5393538-959b-47cf-9d9c-19dac7bed4ee:c1403, a2e6e0ff-38a8-4bcf-9958-a89ff312531d:c1404]
2019-07-15 13:06:50,120 INFO  client.GrpcClientProtocolClient (GrpcClientProtocolClient.java:onNext(255)) - client-B30EC828C355->c26939f8-4d1f-4fb1-95c4-1aa8f7e5d3f6: receive RaftClientReply:client-B30EC828C355->c26939f8-4d1f-4fb1-95c4-1aa8f7e5d3f6@group-D25BE8053FEA, cid=1035, SUCCESS, logIndex=1408, commits[c26939f8-4d1f-4fb1-95c4-1aa8f7e5d3f6:c1408, c5393538-959b-47cf-9d9c-19dac7bed4ee:c1404, a2e6e0ff-38a8-4bcf-9958-a89ff312531d:c1404]
2019-07-15 13:06:50,121 INFO  client.GrpcClientProtocolClient (GrpcClientProtocolClient.java:onNext(255)) - client-B30EC828C355->c26939f8-4d1f-4fb1-95c4-1aa8f7e5d3f6: receive RaftClientReply:client-B30EC828C355->c26939f8-4d1f-4fb1-95c4-1aa8f7e5d3f6@group-D25BE8053FEA, cid=1036, SUCCESS, logIndex=0, commits[c26939f8-4d1f-4fb1-95c4-1aa8f7e5d3f6:c1409, c5393538-959b-47cf-9d9c-19dac7bed4ee:c1408, a2e6e0ff-38a8-4bcf-9958-a89ff312531d:c1408]
2019-07-15 13:06:50,145 INFO  client.GrpcClientProtocolClient (GrpcClientProtocolClient.java:onNext(255)) - client-B30EC828C355->c26939f8-4d1f-4fb1-95c4-1aa8f7e5d3f6: receive RaftClientReply:client-B30EC828C355->c26939f8-4d1f-4fb1-95c4-1aa8f7e5d3f6@group-D25BE8053FEA, cid=1037, SUCCESS, logIndex=1411, commits[c26939f8-4d1f-4fb1-95c4-1aa8f7e5d3f6:c1412, c5393538-959b-47cf-9d9c-19dac7bed4ee:c1410, a2e6e0ff-38a8-4bcf-9958-a89ff312531d:c1410]
2019-07-15 13:06:50,146 INFO  client.GrpcClientProtocolClient (GrpcClientProtocolClient.java:onNext(255)) - client-B30EC828C355->c26939f8-4d1f-4fb1-95c4-1aa8f7e5d3f6: receive RaftClientReply:client-B30EC828C355->c26939f8-4d1f-4fb1-95c4-1aa8f7e5d3f6@group-D25BE8053FEA, cid=1038, SUCCESS, logIndex=1412, commits[c26939f8-4d1f-4fb1-95c4-1aa8f7e5d3f6:c1412, c5393538-959b-47cf-9d9c-19dac7bed4ee:c1410, a2e6e0ff-38a8-4bcf-9958-a89ff312531d:c1410]
2019-07-15 13:06:50,147 INFO  client.GrpcClientProtocolClient (GrpcClientProtocolClient.java:onNext(255)) - client-B30EC828C355->c26939f8-4d1f-4fb1-95c4-1aa8f7e5d3f6: receive RaftClientReply:client-B30EC828C355->c26939f8-4d1f-4fb1-95c4-1aa8f7e5d3f6@group-D25BE8053FEA, cid=1039, SUCCESS, logIndex=1413, commits[c26939f8-4d1f-4fb1-95c4-1aa8f7e5d3f6:c1414, c5393538-959b-47cf-9d9c-19dac7bed4ee:c1410, a2e6e0ff-38a8-4bcf-9958-a89ff312531d:c1410]
2019-07-15 13:06:50,147 INFO  client.GrpcClientProtocolClient (GrpcClientProtocolClient.java:onNext(255)) - client-B30EC828C355->c26939f8-4d1f-4fb1-95c4-1aa8f7e5d3f6: receive RaftClientReply:client-B30EC828C355->c26939f8-4d1f-4fb1-95c4-1aa8f7e5d3f6@group-D25BE8053FEA, cid=1040, SUCCESS, logIndex=1414, commits[c26939f8-4d1f-4fb1-95c4-1aa8f7e5d3f6:c1414, c5393538-959b-47cf-9d9c-19dac7bed4ee:c1410, a2e6e0ff-38a8-4bcf-9958-a89ff312531d:c1410]
2019-07-15 13:06:50,148 INFO  client.GrpcClientProtocolClient (GrpcClientProtocolClient.java:onNext(255)) - client-B30EC828C355->c26939f8-4d1f-4fb1-95c4-1aa8f7e5d3f6: receive RaftClientReply:client-B30EC828C355->c26939f8-4d1f-4fb1-95c4-1aa8f7e5d3f6@group-D25BE8053FEA, cid=1041, SUCCESS, logIndex=0, commits[c26939f8-4d1f-4fb1-95c4-1aa8f7e5d3f6:c1416, c5393538-959b-47cf-9d9c-19dac7bed4ee:c1412, a2e6e0ff-38a8-4bcf-9958-a89ff312531d:c1412]
2019-07-15 13:06:50,169 INFO  client.GrpcClientProtocolClient (GrpcClientProtocolClient.java:onNext(255)) - client-B30EC828C355->c26939f8-4d1f-4fb1-95c4-1aa8f7e5d3f6: receive RaftClientReply:client-B30EC828C355->c26939f8-4d1f-4fb1-95c4-1aa8f7e5d3f6@group-D25BE8053FEA, cid=1042, SUCCESS, logIndex=1419, commits[c26939f8-4d1f-4fb1-95c4-1aa8f7e5d3f6:c1420, c5393538-959b-47cf-9d9c-19dac7bed4ee:c1418, a2e6e0ff-38a8-4bcf-9958-a89ff312531d:c1418]
2019-07-15 13:06:50,169 INFO  client.GrpcClientProtocolClient (GrpcClientProtocolClient.java:onNext(255)) - client-B30EC828C355->c26939f8-4d1f-4fb1-95c4-1aa8f7e5d3f6: receive RaftClientReply:client-B30EC828C355->c26939f8-4d1f-4fb1-95c4-1aa8f7e5d3f6@group-D25BE8053FEA, cid=1043, SUCCESS, logIndex=1420, commits[c26939f8-4d1f-4fb1-95c4-1aa8f7e5d3f6:c1420, c5393538-959b-47cf-9d9c-19dac7bed4ee:c1418, a2e6e0ff-38a8-4bcf-9958-a89ff312531d:c1418]
2019-07-15 13:06:50,182 INFO  client.GrpcClientProtocolClient (GrpcClientProtocolClient.java:onNext(255)) - client-B30EC828C355->c26939f8-4d1f-4fb1-95c4-1aa8f7e5d3f6: receive RaftClientReply:client-B30EC828C355->c26939f8-4d1f-4fb1-95c4-1aa8f7e5d3f6@group-D25BE8053FEA, cid=1044, SUCCESS, logIndex=1423, commits[c26939f8-4d1f-4fb1-95c4-1aa8f7e5d3f6:c1424, c5393538-959b-47cf-9d9c-19dac7bed4ee:c1420, a2e6e0ff-38a8-4bcf-9958-a89ff312531d:c1420]
2019-07-15 13:06:50,182 INFO  client.GrpcClientProtocolClient (GrpcClientProtocolClient.java:onNext(255)) - client-B30EC828C355->c26939f8-4d1f-4fb1-95c4-1aa8f7e5d3f6: receive RaftClientReply:client-B30EC828C355->c26939f8-4d1f-4fb1-95c4-1aa8f7e5d3f6@group-D25BE8053FEA, cid=1045, SUCCESS, logIndex=1424, commits[c26939f8-4d1f-4fb1-95c4-1aa8f7e5d3f6:c1424, c5393538-959b-47cf-9d9c-19dac7bed4ee:c1420, a2e6e0ff-38a8-4bcf-9958-a89ff312531d:c1420]
2019-07-15 13:06:50,195 INFO  client.GrpcClientProtocolClient (GrpcClientProtocolClient.java:onNext(255)) - client-B30EC828C355->c26939f8-4d1f-4fb1-95c4-1aa8f7e5d3f6: receive RaftClientReply:client-B30EC828C355->c26939f8-4d1f-4fb1-95c4-1aa8f7e5d3f6@group-D25BE8053FEA, cid=1046, SUCCESS, logIndex=0, commits[c26939f8-4d1f-4fb1-95c4-1aa8f7e5d3f6:c1426, c5393538-959b-47cf-9d9c-19dac7bed4ee:c1424, a2e6e0ff-38a8-4bcf-9958-a89ff312531d:c1424]
2019-07-15 13:06:50,214 INFO  client.GrpcClientProtocolClient (GrpcClientProtocolClient.java:onNext(255)) - client-B30EC828C355->c26939f8-4d1f-4fb1-95c4-1aa8f7e5d3f6: receive RaftClientReply:client-B30EC828C355->c26939f8-4d1f-4fb1-95c4-1aa8f7e5d3f6@group-D25BE8053FEA, cid=1047, SUCCESS, logIndex=1427, commits[c26939f8-4d1f-4fb1-95c4-1aa8f7e5d3f6:c1428, c5393538-959b-47cf-9d9c-19dac7bed4ee:c1426, a2e6e0ff-38a8-4bcf-9958-a89ff312531d:c1426]
2019-07-15 13:06:50,215 INFO  client.GrpcClientProtocolClient (GrpcClientProtocolClient.java:onNext(255)) - client-B30EC828C355->c26939f8-4d1f-4fb1-95c4-1aa8f7e5d3f6: receive RaftClientReply:client-B30EC828C355->c26939f8-4d1f-4fb1-95c4-1aa8f7e5d3f6@group-D25BE8053FEA, cid=1048, SUCCESS, logIndex=1428, commits[c26939f8-4d1f-4fb1-95c4-1aa8f7e5d3f6:c1428, c5393538-959b-47cf-9d9c-19dac7bed4ee:c1426, a2e6e0ff-38a8-4bcf-9958-a89ff312531d:c1426]
2019-07-15 13:06:50,215 INFO  client.GrpcClientProtocolClient (GrpcClientProtocolClient.java:onNext(255)) - client-B30EC828C355->c26939f8-4d1f-4fb1-95c4-1aa8f7e5d3f6: receive RaftClientReply:client-B30EC828C355->c26939f8-4d1f-4fb1-95c4-1aa8f7e5d3f6@group-D25BE8053FEA, cid=1049, SUCCESS, logIndex=1429, commits[c26939f8-4d1f-4fb1-95c4-1aa8f7e5d3f6:c1430, c5393538-959b-47cf-9d9c-19dac7bed4ee:c1426, a2e6e0ff-38a8-4bcf-9958-a89ff312531d:c1426]
2019-07-15 13:06:50,216 INFO  client.GrpcClientProtocolClient (GrpcClientProtocolClient.java:onNext(255)) - client-B30EC828C355->c26939f8-4d1f-4fb1-95c4-1aa8f7e5d3f6: receive RaftClientReply:client-B30EC828C355->c26939f8-4d1f-4fb1-95c4-1aa8f7e5d3f6@group-D25BE8053FEA, cid=1050, SUCCESS, logIndex=1430, commits[c26939f8-4d1f-4fb1-95c4-1aa8f7e5d3f6:c1430, c5393538-959b-47cf-9d9c-19dac7bed4ee:c1426, a2e6e0ff-38a8-4bcf-9958-a89ff312531d:c1426]
2019-07-15 13:06:50,218 INFO  client.GrpcClientProtocolClient (GrpcClientProtocolClient.java:onNext(255)) - client-B30EC828C355->c26939f8-4d1f-4fb1-95c4-1aa8f7e5d3f6: receive RaftClientReply:client-B30EC828C355->c26939f8-4d1f-4fb1-95c4-1aa8f7e5d3f6@group-D25BE8053FEA, cid=1051, SUCCESS, logIndex=0, commits[c26939f8-4d1f-4fb1-95c4-1aa8f7e5d3f6:c1434, c5393538-959b-47cf-9d9c-19dac7bed4ee:c1428, a2e6e0ff-38a8-4bcf-9958-a89ff312531d:c1430]
2019-07-15 13:06:50,238 INFO  client.GrpcClientProtocolClient (GrpcClientProtocolClient.java:onNext(255)) - client-B30EC828C355->c26939f8-4d1f-4fb1-95c4-1aa8f7e5d3f6: receive RaftClientReply:client-B30EC828C355->c26939f8-4d1f-4fb1-95c4-1aa8f7e5d3f6@group-D25BE8053FEA, cid=1052, SUCCESS, logIndex=1435, commits[c26939f8-4d1f-4fb1-95c4-1aa8f7e5d3f6:c1436, c5393538-959b-47cf-9d9c-19dac7bed4ee:c1434, a2e6e0ff-38a8-4bcf-9958-a89ff312531d:c1434]
2019-07-15 13:06:50,238 INFO  client.GrpcClientProtocolClient (GrpcClientProtocolClient.java:onNext(255)) - client-B30EC828C355->c26939f8-4d1f-4fb1-95c4-1aa8f7e5d3f6: receive RaftClientReply:client-B30EC828C355->c26939f8-4d1f-4fb1-95c4-1aa8f7e5d3f6@group-D25BE8053FEA, cid=1053, SUCCESS, logIndex=1436, commits[c26939f8-4d1f-4fb1-95c4-1aa8f7e5d3f6:c1436, c5393538-959b-47cf-9d9c-19dac7bed4ee:c1434, a2e6e0ff-38a8-4bcf-9958-a89ff312531d:c1434]
2019-07-15 13:06:50,251 INFO  client.GrpcClientProtocolClient (GrpcClientProtocolClient.java:onNext(255)) - client-B30EC828C355->c26939f8-4d1f-4fb1-95c4-1aa8f7e5d3f6: receive RaftClientReply:client-B30EC828C355->c26939f8-4d1f-4fb1-95c4-1aa8f7e5d3f6@group-D25BE8053FEA, cid=1054, SUCCESS, logIndex=1438, commits[c26939f8-4d1f-4fb1-95c4-1aa8f7e5d3f6:c1439, c5393538-959b-47cf-9d9c-19dac7bed4ee:c1436, a2e6e0ff-38a8-4bcf-9958-a89ff312531d:c1436]
2019-07-15 13:06:50,251 INFO  client.GrpcClientProtocolClient (GrpcClientProtocolClient.java:onNext(255)) - client-B30EC828C355->c26939f8-4d1f-4fb1-95c4-1aa8f7e5d3f6: receive RaftClientReply:client-B30EC828C355->c26939f8-4d1f-4fb1-95c4-1aa8f7e5d3f6@group-D25BE8053FEA, cid=1055, SUCCESS, logIndex=1439, commits[c26939f8-4d1f-4fb1-95c4-1aa8f7e5d3f6:c1439, c5393538-959b-47cf-9d9c-19dac7bed4ee:c1436, a2e6e0ff-38a8-4bcf-9958-a89ff312531d:c1436]
2019-07-15 13:06:50,263 INFO  client.GrpcClientProtocolClient (GrpcClientProtocolClient.java:onNext(255)) - client-B30EC828C355->c26939f8-4d1f-4fb1-95c4-1aa8f7e5d3f6: receive RaftClientReply:client-B30EC828C355->c26939f8-4d1f-4fb1-95c4-1aa8f7e5d3f6@group-D25BE8053FEA, cid=1056, SUCCESS, logIndex=0, commits[c26939f8-4d1f-4fb1-95c4-1aa8f7e5d3f6:c1440, c5393538-959b-47cf-9d9c-19dac7bed4ee:c1439, a2e6e0ff-38a8-4bcf-9958-a89ff312531d:c1439]
2019-07-15 13:06:50,401 INFO  client.GrpcClientProtocolClient (GrpcClientProtocolClient.java:onNext(255)) - client-B30EC828C355->c26939f8-4d1f-4fb1-95c4-1aa8f7e5d3f6: receive RaftClientReply:client-B30EC828C355->c26939f8-4d1f-4fb1-95c4-1aa8f7e5d3f6@group-D25BE8053FEA, cid=1057, SUCCESS, logIndex=1442, commits[c26939f8-4d1f-4fb1-95c4-1aa8f7e5d3f6:c1443, c5393538-959b-47cf-9d9c-19dac7bed4ee:c1441, a2e6e0ff-38a8-4bcf-9958-a89ff312531d:c1441]
2019-07-15 13:06:50,402 INFO  client.GrpcClientProtocolClient (GrpcClientProtocolClient.java:onNext(255)) - client-B30EC828C355->c26939f8-4d1f-4fb1-95c4-1aa8f7e5d3f6: receive RaftClientReply:client-B30EC828C355->c26939f8-4d1f-4fb1-95c4-1aa8f7e5d3f6@group-D25BE8053FEA, cid=1058, SUCCESS, logIndex=1443, commits[c26939f8-4d1f-4fb1-95c4-1aa8f7e5d3f6:c1445, c5393538-959b-47cf-9d9c-19dac7bed4ee:c1441, a2e6e0ff-38a8-4bcf-9958-a89ff312531d:c1441]
2019-07-15 13:06:50,403 INFO  client.GrpcClientProtocolClient (GrpcClientProtocolClient.java:onNext(255)) - client-B30EC828C355->c26939f8-4d1f-4fb1-95c4-1aa8f7e5d3f6: receive RaftClientReply:client-B30EC828C355->c26939f8-4d1f-4fb1-95c4-1aa8f7e5d3f6@group-D25BE8053FEA, cid=1059, SUCCESS, logIndex=1444, commits[c26939f8-4d1f-4fb1-95c4-1aa8f7e5d3f6:c1445, c5393538-959b-47cf-9d9c-19dac7bed4ee:c1441, a2e6e0ff-38a8-4bcf-9958-a89ff312531d:c1441]
2019-07-15 13:06:50,403 INFO  client.GrpcClientProtocolClient (GrpcClientProtocolClient.java:onNext(255)) - client-B30EC828C355->c26939f8-4d1f-4fb1-95c4-1aa8f7e5d3f6: receive RaftClientReply:client-B30EC828C355->c26939f8-4d1f-4fb1-95c4-1aa8f7e5d3f6@group-D25BE8053FEA, cid=1060, SUCCESS, logIndex=1445, commits[c26939f8-4d1f-4fb1-95c4-1aa8f7e5d3f6:c1446, c5393538-959b-47cf-9d9c-19dac7bed4ee:c1442, a2e6e0ff-38a8-4bcf-9958-a89ff312531d:c1441]
2019-07-15 13:06:50,405 INFO  client.GrpcClientProtocolClient (GrpcClientProtocolClient.java:onNext(255)) - client-B30EC828C355->c26939f8-4d1f-4fb1-95c4-1aa8f7e5d3f6: receive RaftClientReply:client-B30EC828C355->c26939f8-4d1f-4fb1-95c4-1aa8f7e5d3f6@group-D25BE8053FEA, cid=1061, SUCCESS, logIndex=0, commits[c26939f8-4d1f-4fb1-95c4-1aa8f7e5d3f6:c1449, c5393538-959b-47cf-9d9c-19dac7bed4ee:c1445, a2e6e0ff-38a8-4bcf-9958-a89ff312531d:c1443]
2019-07-15 13:06:50,428 INFO  client.GrpcClientProtocolClient (GrpcClientProtocolClient.java:onNext(255)) - client-B30EC828C355->c26939f8-4d1f-4fb1-95c4-1aa8f7e5d3f6: receive RaftClientReply:client-B30EC828C355->c26939f8-4d1f-4fb1-95c4-1aa8f7e5d3f6@group-D25BE8053FEA, cid=1062, SUCCESS, logIndex=1450, commits[c26939f8-4d1f-4fb1-95c4-1aa8f7e5d3f6:c1451, c5393538-959b-47cf-9d9c-19dac7bed4ee:c1449, a2e6e0ff-38a8-4bcf-9958-a89ff312531d:c1449]
2019-07-15 13:06:50,428 INFO  client.GrpcClientProtocolClient (GrpcClientProtocolClient.java:onNext(255)) - client-B30EC828C355->c26939f8-4d1f-4fb1-95c4-1aa8f7e5d3f6: receive RaftClientReply:client-B30EC828C355->c26939f8-4d1f-4fb1-95c4-1aa8f7e5d3f6@group-D25BE8053FEA, cid=1063, SUCCESS, logIndex=1451, commits[c26939f8-4d1f-4fb1-95c4-1aa8f7e5d3f6:c1451, c5393538-959b-47cf-9d9c-19dac7bed4ee:c1449, a2e6e0ff-38a8-4bcf-9958-a89ff312531d:c1449]
2019-07-15 13:06:50,453 INFO  client.GrpcClientProtocolClient (GrpcClientProtocolClient.java:onNext(255)) - client-B30EC828C355->c26939f8-4d1f-4fb1-95c4-1aa8f7e5d3f6: receive RaftClientReply:client-B30EC828C355->c26939f8-4d1f-4fb1-95c4-1aa8f7e5d3f6@group-D25BE8053FEA, cid=1064, SUCCESS, logIndex=1454, commits[c26939f8-4d1f-4fb1-95c4-1aa8f7e5d3f6:c1455, c5393538-959b-47cf-9d9c-19dac7bed4ee:c1451, a2e6e0ff-38a8-4bcf-9958-a89ff312531d:c1450]
2019-07-15 13:06:50,453 INFO  client.GrpcClientProtocolClient (GrpcClientProtocolClient.java:onNext(255)) - client-B30EC828C355->c26939f8-4d1f-4fb1-95c4-1aa8f7e5d3f6: receive RaftClientReply:client-B30EC828C355->c26939f8-4d1f-4fb1-95c4-1aa8f7e5d3f6@group-D25BE8053FEA, cid=1065, SUCCESS, logIndex=1455, commits[c26939f8-4d1f-4fb1-95c4-1aa8f7e5d3f6:c1455, c5393538-959b-47cf-9d9c-19dac7bed4ee:c1451, a2e6e0ff-38a8-4bcf-9958-a89ff312531d:c1451]
2019-07-15 13:06:50,456 INFO  client.GrpcClientProtocolClient (GrpcClientProtocolClient.java:onNext(255)) - client-B30EC828C355->c26939f8-4d1f-4fb1-95c4-1aa8f7e5d3f6: receive RaftClientReply:client-B30EC828C355->c26939f8-4d1f-4fb1-95c4-1aa8f7e5d3f6@group-D25BE8053FEA, cid=1066, SUCCESS, logIndex=0, commits[c26939f8-4d1f-4fb1-95c4-1aa8f7e5d3f6:c1457, c5393538-959b-47cf-9d9c-19dac7bed4ee:c1455, a2e6e0ff-38a8-4bcf-9958-a89ff312531d:c1455]
2019-07-15 13:06:50,477 INFO  client.GrpcClientProtocolClient (GrpcClientProtocolClient.java:onNext(255)) - client-B30EC828C355->c26939f8-4d1f-4fb1-95c4-1aa8f7e5d3f6: receive RaftClientReply:client-B30EC828C355->c26939f8-4d1f-4fb1-95c4-1aa8f7e5d3f6@group-D25BE8053FEA, cid=1067, SUCCESS, logIndex=1458, commits[c26939f8-4d1f-4fb1-95c4-1aa8f7e5d3f6:c1459, c5393538-959b-47cf-9d9c-19dac7bed4ee:c1457, a2e6e0ff-38a8-4bcf-9958-a89ff312531d:c1457]
2019-07-15 13:06:50,478 INFO  client.GrpcClientProtocolClient (GrpcClientProtocolClient.java:onNext(255)) - client-B30EC828C355->c26939f8-4d1f-4fb1-95c4-1aa8f7e5d3f6: receive RaftClientReply:client-B30EC828C355->c26939f8-4d1f-4fb1-95c4-1aa8f7e5d3f6@group-D25BE8053FEA, cid=1068, SUCCESS, logIndex=1459, commits[c26939f8-4d1f-4fb1-95c4-1aa8f7e5d3f6:c1459, c5393538-959b-47cf-9d9c-19dac7bed4ee:c1457, a2e6e0ff-38a8-4bcf-9958-a89ff312531d:c1457]
2019-07-15 13:06:50,478 INFO  client.GrpcClientProtocolClient (GrpcClientProtocolClient.java:onNext(255)) - client-B30EC828C355->c26939f8-4d1f-4fb1-95c4-1aa8f7e5d3f6: receive RaftClientReply:client-B30EC828C355->c26939f8-4d1f-4fb1-95c4-1aa8f7e5d3f6@group-D25BE8053FEA, cid=1069, SUCCESS, logIndex=1460, commits[c26939f8-4d1f-4fb1-95c4-1aa8f7e5d3f6:c1461, c5393538-959b-47cf-9d9c-19dac7bed4ee:c1457, a2e6e0ff-38a8-4bcf-9958-a89ff312531d:c1457]
2019-07-15 13:06:50,479 INFO  client.GrpcClientProtocolClient (GrpcClientProtocolClient.java:onNext(255)) - client-B30EC828C355->c26939f8-4d1f-4fb1-95c4-1aa8f7e5d3f6: receive RaftClientReply:client-B30EC828C355->c26939f8-4d1f-4fb1-95c4-1aa8f7e5d3f6@group-D25BE8053FEA, cid=1070, SUCCESS, logIndex=1461, commits[c26939f8-4d1f-4fb1-95c4-1aa8f7e5d3f6:c1461, c5393538-959b-47cf-9d9c-19dac7bed4ee:c1457, a2e6e0ff-38a8-4bcf-9958-a89ff312531d:c1457]
2019-07-15 13:06:50,480 INFO  client.GrpcClientProtocolClient (GrpcClientProtocolClient.java:onNext(255)) - client-B30EC828C355->c26939f8-4d1f-4fb1-95c4-1aa8f7e5d3f6: receive RaftClientReply:client-B30EC828C355->c26939f8-4d1f-4fb1-95c4-1aa8f7e5d3f6@group-D25BE8053FEA, cid=1071, SUCCESS, logIndex=0, commits[c26939f8-4d1f-4fb1-95c4-1aa8f7e5d3f6:c1463, c5393538-959b-47cf-9d9c-19dac7bed4ee:c1459, a2e6e0ff-38a8-4bcf-9958-a89ff312531d:c1460]
2019-07-15 13:06:50,500 INFO  client.GrpcClientProtocolClient (GrpcClientProtocolClient.java:onNext(255)) - client-B30EC828C355->c26939f8-4d1f-4fb1-95c4-1aa8f7e5d3f6: receive RaftClientReply:client-B30EC828C355->c26939f8-4d1f-4fb1-95c4-1aa8f7e5d3f6@group-D25BE8053FEA, cid=1072, SUCCESS, logIndex=1466, commits[c26939f8-4d1f-4fb1-95c4-1aa8f7e5d3f6:c1467, c5393538-959b-47cf-9d9c-19dac7bed4ee:c1465, a2e6e0ff-38a8-4bcf-9958-a89ff312531d:c1465]
2019-07-15 13:06:50,500 INFO  client.GrpcClientProtocolClient (GrpcClientProtocolClient.java:onNext(255)) - client-B30EC828C355->c26939f8-4d1f-4fb1-95c4-1aa8f7e5d3f6: receive RaftClientReply:client-B30EC828C355->c26939f8-4d1f-4fb1-95c4-1aa8f7e5d3f6@group-D25BE8053FEA, cid=1073, SUCCESS, logIndex=1467, commits[c26939f8-4d1f-4fb1-95c4-1aa8f7e5d3f6:c1467, c5393538-959b-47cf-9d9c-19dac7bed4ee:c1465, a2e6e0ff-38a8-4bcf-9958-a89ff312531d:c1465]
2019-07-15 13:06:50,513 INFO  client.GrpcClientProtocolClient (GrpcClientProtocolClient.java:onNext(255)) - client-B30EC828C355->c26939f8-4d1f-4fb1-95c4-1aa8f7e5d3f6: receive RaftClientReply:client-B30EC828C355->c26939f8-4d1f-4fb1-95c4-1aa8f7e5d3f6@group-D25BE8053FEA, cid=1074, SUCCESS, logIndex=1470, commits[c26939f8-4d1f-4fb1-95c4-1aa8f7e5d3f6:c1471, c5393538-959b-47cf-9d9c-19dac7bed4ee:c1467, a2e6e0ff-38a8-4bcf-9958-a89ff312531d:c1467]
2019-07-15 13:06:50,513 INFO  client.GrpcClientProtocolClient (GrpcClientProtocolClient.java:onNext(255)) - client-B30EC828C355->c26939f8-4d1f-4fb1-95c4-1aa8f7e5d3f6: receive RaftClientReply:client-B30EC828C355->c26939f8-4d1f-4fb1-95c4-1aa8f7e5d3f6@group-D25BE8053FEA, cid=1075, SUCCESS, logIndex=1471, commits[c26939f8-4d1f-4fb1-95c4-1aa8f7e5d3f6:c1471, c5393538-959b-47cf-9d9c-19dac7bed4ee:c1467, a2e6e0ff-38a8-4bcf-9958-a89ff312531d:c1467]
2019-07-15 13:06:50,526 INFO  client.GrpcClientProtocolClient (GrpcClientProtocolClient.java:onNext(255)) - client-B30EC828C355->c26939f8-4d1f-4fb1-95c4-1aa8f7e5d3f6: receive RaftClientReply:client-B30EC828C355->c26939f8-4d1f-4fb1-95c4-1aa8f7e5d3f6@group-D25BE8053FEA, cid=1076, SUCCESS, logIndex=0, commits[c26939f8-4d1f-4fb1-95c4-1aa8f7e5d3f6:c1472, c5393538-959b-47cf-9d9c-19dac7bed4ee:c1471, a2e6e0ff-38a8-4bcf-9958-a89ff312531d:c1471]
2019-07-15 13:06:50,546 INFO  client.GrpcClientProtocolClient (GrpcClientProtocolClient.java:onNext(255)) - client-B30EC828C355->c26939f8-4d1f-4fb1-95c4-1aa8f7e5d3f6: receive RaftClientReply:client-B30EC828C355->c26939f8-4d1f-4fb1-95c4-1aa8f7e5d3f6@group-D25BE8053FEA, cid=1077, SUCCESS, logIndex=1474, commits[c26939f8-4d1f-4fb1-95c4-1aa8f7e5d3f6:c1475, c5393538-959b-47cf-9d9c-19dac7bed4ee:c1473, a2e6e0ff-38a8-4bcf-9958-a89ff312531d:c1473]
2019-07-15 13:06:50,547 INFO  client.GrpcClientProtocolClient (GrpcClientProtocolClient.java:onNext(255)) - client-B30EC828C355->c26939f8-4d1f-4fb1-95c4-1aa8f7e5d3f6: receive RaftClientReply:client-B30EC828C355->c26939f8-4d1f-4fb1-95c4-1aa8f7e5d3f6@group-D25BE8053FEA, cid=1078, SUCCESS, logIndex=1475, commits[c26939f8-4d1f-4fb1-95c4-1aa8f7e5d3f6:c1475, c5393538-959b-47cf-9d9c-19dac7bed4ee:c1473, a2e6e0ff-38a8-4bcf-9958-a89ff312531d:c1473]
2019-07-15 13:06:50,548 INFO  client.GrpcClientProtocolClient (GrpcClientProtocolClient.java:onNext(255)) - client-B30EC828C355->c26939f8-4d1f-4fb1-95c4-1aa8f7e5d3f6: receive RaftClientReply:client-B30EC828C355->c26939f8-4d1f-4fb1-95c4-1aa8f7e5d3f6@group-D25BE8053FEA, cid=1079, SUCCESS, logIndex=1476, commits[c26939f8-4d1f-4fb1-95c4-1aa8f7e5d3f6:c1477, c5393538-959b-47cf-9d9c-19dac7bed4ee:c1473, a2e6e0ff-38a8-4bcf-9958-a89ff312531d:c1473]
2019-07-15 13:06:50,548 INFO  client.GrpcClientProtocolClient (GrpcClientProtocolClient.java:onNext(255)) - client-B30EC828C355->c26939f8-4d1f-4fb1-95c4-1aa8f7e5d3f6: receive RaftClientReply:client-B30EC828C355->c26939f8-4d1f-4fb1-95c4-1aa8f7e5d3f6@group-D25BE8053FEA, cid=1080, SUCCESS, logIndex=1477, commits[c26939f8-4d1f-4fb1-95c4-1aa8f7e5d3f6:c1477, c5393538-959b-47cf-9d9c-19dac7bed4ee:c1473, a2e6e0ff-38a8-4bcf-9958-a89ff312531d:c1473]
2019-07-15 13:06:50,549 INFO  client.GrpcClientProtocolClient (GrpcClientProtocolClient.java:onNext(255)) - client-B30EC828C355->c26939f8-4d1f-4fb1-95c4-1aa8f7e5d3f6: receive RaftClientReply:client-B30EC828C355->c26939f8-4d1f-4fb1-95c4-1aa8f7e5d3f6@group-D25BE8053FEA, cid=1081, SUCCESS, logIndex=0, commits[c26939f8-4d1f-4fb1-95c4-1aa8f7e5d3f6:c1479, c5393538-959b-47cf-9d9c-19dac7bed4ee:c1475, a2e6e0ff-38a8-4bcf-9958-a89ff312531d:c1475]
2019-07-15 13:06:50,570 INFO  client.GrpcClientProtocolClient (GrpcClientProtocolClient.java:onNext(255)) - client-B30EC828C355->c26939f8-4d1f-4fb1-95c4-1aa8f7e5d3f6: receive RaftClientReply:client-B30EC828C355->c26939f8-4d1f-4fb1-95c4-1aa8f7e5d3f6@group-D25BE8053FEA, cid=1082, SUCCESS, logIndex=1482, commits[c26939f8-4d1f-4fb1-95c4-1aa8f7e5d3f6:c1483, c5393538-959b-47cf-9d9c-19dac7bed4ee:c1481, a2e6e0ff-38a8-4bcf-9958-a89ff312531d:c1481]
2019-07-15 13:06:50,570 INFO  client.GrpcClientProtocolClient (GrpcClientProtocolClient.java:onNext(255)) - client-B30EC828C355->c26939f8-4d1f-4fb1-95c4-1aa8f7e5d3f6: receive RaftClientReply:client-B30EC828C355->c26939f8-4d1f-4fb1-95c4-1aa8f7e5d3f6@group-D25BE8053FEA, cid=1083, SUCCESS, logIndex=1483, commits[c26939f8-4d1f-4fb1-95c4-1aa8f7e5d3f6:c1483, c5393538-959b-47cf-9d9c-19dac7bed4ee:c1481, a2e6e0ff-38a8-4bcf-9958-a89ff312531d:c1481]
2019-07-15 13:06:50,583 INFO  client.GrpcClientProtocolClient (GrpcClientProtocolClient.java:onNext(255)) - client-B30EC828C355->c26939f8-4d1f-4fb1-95c4-1aa8f7e5d3f6: receive RaftClientReply:client-B30EC828C355->c26939f8-4d1f-4fb1-95c4-1aa8f7e5d3f6@group-D25BE8053FEA, cid=1084, SUCCESS, logIndex=1486, commits[c26939f8-4d1f-4fb1-95c4-1aa8f7e5d3f6:c1487, c5393538-959b-47cf-9d9c-19dac7bed4ee:c1483, a2e6e0ff-38a8-4bcf-9958-a89ff312531d:c1483]
2019-07-15 13:06:50,583 INFO  client.GrpcClientProtocolClient (GrpcClientProtocolClient.java:onNext(255)) - client-B30EC828C355->c26939f8-4d1f-4fb1-95c4-1aa8f7e5d3f6: receive RaftClientReply:client-B30EC828C355->c26939f8-4d1f-4fb1-95c4-1aa8f7e5d3f6@group-D25BE8053FEA, cid=1085, SUCCESS, logIndex=1487, commits[c26939f8-4d1f-4fb1-95c4-1aa8f7e5d3f6:c1487, c5393538-959b-47cf-9d9c-19dac7bed4ee:c1483, a2e6e0ff-38a8-4bcf-9958-a89ff312531d:c1483]
2019-07-15 13:06:50,606 INFO  client.GrpcClientProtocolClient (GrpcClientProtocolClient.java:onNext(255)) - client-B30EC828C355->c26939f8-4d1f-4fb1-95c4-1aa8f7e5d3f6: receive RaftClientReply:client-B30EC828C355->c26939f8-4d1f-4fb1-95c4-1aa8f7e5d3f6@group-D25BE8053FEA, cid=1086, SUCCESS, logIndex=0, commits[c26939f8-4d1f-4fb1-95c4-1aa8f7e5d3f6:c1489, c5393538-959b-47cf-9d9c-19dac7bed4ee:c1487, a2e6e0ff-38a8-4bcf-9958-a89ff312531d:c1487]
2019-07-15 13:06:50,627 INFO  client.GrpcClientProtocolClient (GrpcClientProtocolClient.java:onNext(255)) - client-B30EC828C355->c26939f8-4d1f-4fb1-95c4-1aa8f7e5d3f6: receive RaftClientReply:client-B30EC828C355->c26939f8-4d1f-4fb1-95c4-1aa8f7e5d3f6@group-D25BE8053FEA, cid=1087, SUCCESS, logIndex=1490, commits[c26939f8-4d1f-4fb1-95c4-1aa8f7e5d3f6:c1491, c5393538-959b-47cf-9d9c-19dac7bed4ee:c1489, a2e6e0ff-38a8-4bcf-9958-a89ff312531d:c1489]
2019-07-15 13:06:50,627 INFO  client.GrpcClientProtocolClient (GrpcClientProtocolClient.java:onNext(255)) - client-B30EC828C355->c26939f8-4d1f-4fb1-95c4-1aa8f7e5d3f6: receive RaftClientReply:client-B30EC828C355->c26939f8-4d1f-4fb1-95c4-1aa8f7e5d3f6@group-D25BE8053FEA, cid=1088, SUCCESS, logIndex=1491, commits[c26939f8-4d1f-4fb1-95c4-1aa8f7e5d3f6:c1491, c5393538-959b-47cf-9d9c-19dac7bed4ee:c1489, a2e6e0ff-38a8-4bcf-9958-a89ff312531d:c1489]
2019-07-15 13:06:50,638 INFO  client.GrpcClientProtocolClient (GrpcClientProtocolClient.java:onNext(255)) - client-B30EC828C355->c26939f8-4d1f-4fb1-95c4-1aa8f7e5d3f6: receive RaftClientReply:client-B30EC828C355->c26939f8-4d1f-4fb1-95c4-1aa8f7e5d3f6@group-D25BE8053FEA, cid=1089, SUCCESS, logIndex=1492, commits[c26939f8-4d1f-4fb1-95c4-1aa8f7e5d3f6:c1493, c5393538-959b-47cf-9d9c-19dac7bed4ee:c1489, a2e6e0ff-38a8-4bcf-9958-a89ff312531d:c1489]
2019-07-15 13:06:50,639 INFO  client.GrpcClientProtocolClient (GrpcClientProtocolClient.java:onNext(255)) - client-B30EC828C355->c26939f8-4d1f-4fb1-95c4-1aa8f7e5d3f6: receive RaftClientReply:client-B30EC828C355->c26939f8-4d1f-4fb1-95c4-1aa8f7e5d3f6@group-D25BE8053FEA, cid=1090, SUCCESS, logIndex=1493, commits[c26939f8-4d1f-4fb1-95c4-1aa8f7e5d3f6:c1493, c5393538-959b-47cf-9d9c-19dac7bed4ee:c1489, a2e6e0ff-38a8-4bcf-9958-a89ff312531d:c1489]
2019-07-15 13:06:50,640 INFO  client.GrpcClientProtocolClient (GrpcClientProtocolClient.java:onNext(255)) - client-B30EC828C355->c26939f8-4d1f-4fb1-95c4-1aa8f7e5d3f6: receive RaftClientReply:client-B30EC828C355->c26939f8-4d1f-4fb1-95c4-1aa8f7e5d3f6@group-D25BE8053FEA, cid=1091, SUCCESS, logIndex=0, commits[c26939f8-4d1f-4fb1-95c4-1aa8f7e5d3f6:c1495, c5393538-959b-47cf-9d9c-19dac7bed4ee:c1493, a2e6e0ff-38a8-4bcf-9958-a89ff312531d:c1491]
2019-07-15 13:06:50,664 INFO  client.GrpcClientProtocolClient (GrpcClientProtocolClient.java:onNext(255)) - client-B30EC828C355->c26939f8-4d1f-4fb1-95c4-1aa8f7e5d3f6: receive RaftClientReply:client-B30EC828C355->c26939f8-4d1f-4fb1-95c4-1aa8f7e5d3f6@group-D25BE8053FEA, cid=1092, SUCCESS, logIndex=1498, commits[c26939f8-4d1f-4fb1-95c4-1aa8f7e5d3f6:c1499, c5393538-959b-47cf-9d9c-19dac7bed4ee:c1497, a2e6e0ff-38a8-4bcf-9958-a89ff312531d:c1497]
2019-07-15 13:06:50,665 INFO  client.GrpcClientProtocolClient (GrpcClientProtocolClient.java:onNext(255)) - client-B30EC828C355->c26939f8-4d1f-4fb1-95c4-1aa8f7e5d3f6: receive RaftClientReply:client-B30EC828C355->c26939f8-4d1f-4fb1-95c4-1aa8f7e5d3f6@group-D25BE8053FEA, cid=1093, SUCCESS, logIndex=1499, commits[c26939f8-4d1f-4fb1-95c4-1aa8f7e5d3f6:c1499, c5393538-959b-47cf-9d9c-19dac7bed4ee:c1497, a2e6e0ff-38a8-4bcf-9958-a89ff312531d:c1497]
2019-07-15 13:06:50,678 INFO  client.GrpcClientProtocolClient (GrpcClientProtocolClient.java:onNext(255)) - client-B30EC828C355->c26939f8-4d1f-4fb1-95c4-1aa8f7e5d3f6: receive RaftClientReply:client-B30EC828C355->c26939f8-4d1f-4fb1-95c4-1aa8f7e5d3f6@group-D25BE8053FEA, cid=1094, SUCCESS, logIndex=1502, commits[c26939f8-4d1f-4fb1-95c4-1aa8f7e5d3f6:c1503, c5393538-959b-47cf-9d9c-19dac7bed4ee:c1499, a2e6e0ff-38a8-4bcf-9958-a89ff312531d:c1499]
2019-07-15 13:06:50,678 INFO  client.GrpcClientProtocolClient (GrpcClientProtocolClient.java:onNext(255)) - client-B30EC828C355->c26939f8-4d1f-4fb1-95c4-1aa8f7e5d3f6: receive RaftClientReply:client-B30EC828C355->c26939f8-4d1f-4fb1-95c4-1aa8f7e5d3f6@group-D25BE8053FEA, cid=1095, SUCCESS, logIndex=1503, commits[c26939f8-4d1f-4fb1-95c4-1aa8f7e5d3f6:c1503, c5393538-959b-47cf-9d9c-19dac7bed4ee:c1499, a2e6e0ff-38a8-4bcf-9958-a89ff312531d:c1499]
2019-07-15 13:06:50,681 INFO  client.GrpcClientProtocolClient (GrpcClientProtocolClient.java:onNext(255)) - client-B30EC828C355->c26939f8-4d1f-4fb1-95c4-1aa8f7e5d3f6: receive RaftClientReply:client-B30EC828C355->c26939f8-4d1f-4fb1-95c4-1aa8f7e5d3f6@group-D25BE8053FEA, cid=1096, SUCCESS, logIndex=0, commits[c26939f8-4d1f-4fb1-95c4-1aa8f7e5d3f6:c1505, c5393538-959b-47cf-9d9c-19dac7bed4ee:c1503, a2e6e0ff-38a8-4bcf-9958-a89ff312531d:c1503]
2019-07-15 13:06:50,701 INFO  client.GrpcClientProtocolClient (GrpcClientProtocolClient.java:onNext(255)) - client-B30EC828C355->c26939f8-4d1f-4fb1-95c4-1aa8f7e5d3f6: receive RaftClientReply:client-B30EC828C355->c26939f8-4d1f-4fb1-95c4-1aa8f7e5d3f6@group-D25BE8053FEA, cid=1097, SUCCESS, logIndex=1506, commits[c26939f8-4d1f-4fb1-95c4-1aa8f7e5d3f6:c1507, c5393538-959b-47cf-9d9c-19dac7bed4ee:c1505, a2e6e0ff-38a8-4bcf-9958-a89ff312531d:c1505]
2019-07-15 13:06:50,702 INFO  client.GrpcClientProtocolClient (GrpcClientProtocolClient.java:onNext(255)) - client-B30EC828C355->c26939f8-4d1f-4fb1-95c4-1aa8f7e5d3f6: receive RaftClientReply:client-B30EC828C355->c26939f8-4d1f-4fb1-95c4-1aa8f7e5d3f6@group-D25BE8053FEA, cid=1098, SUCCESS, logIndex=1507, commits[c26939f8-4d1f-4fb1-95c4-1aa8f7e5d3f6:c1507, c5393538-959b-47cf-9d9c-19dac7bed4ee:c1505, a2e6e0ff-38a8-4bcf-9958-a89ff312531d:c1505]
2019-07-15 13:06:50,702 INFO  client.GrpcClientProtocolClient (GrpcClientProtocolClient.java:onNext(255)) - client-B30EC828C355->c26939f8-4d1f-4fb1-95c4-1aa8f7e5d3f6: receive RaftClientReply:client-B30EC828C355->c26939f8-4d1f-4fb1-95c4-1aa8f7e5d3f6@group-D25BE8053FEA, cid=1099, SUCCESS, logIndex=1508, commits[c26939f8-4d1f-4fb1-95c4-1aa8f7e5d3f6:c1509, c5393538-959b-47cf-9d9c-19dac7bed4ee:c1505, a2e6e0ff-38a8-4bcf-9958-a89ff312531d:c1505]
2019-07-15 13:06:50,703 INFO  client.GrpcClientProtocolClient (GrpcClientProtocolClient.java:onNext(255)) - client-B30EC828C355->c26939f8-4d1f-4fb1-95c4-1aa8f7e5d3f6: receive RaftClientReply:client-B30EC828C355->c26939f8-4d1f-4fb1-95c4-1aa8f7e5d3f6@group-D25BE8053FEA, cid=1100, SUCCESS, logIndex=1509, commits[c26939f8-4d1f-4fb1-95c4-1aa8f7e5d3f6:c1509, c5393538-959b-47cf-9d9c-19dac7bed4ee:c1505, a2e6e0ff-38a8-4bcf-9958-a89ff312531d:c1505]
2019-07-15 13:06:50,704 INFO  client.GrpcClientProtocolClient (GrpcClientProtocolClient.java:onNext(255)) - client-B30EC828C355->c26939f8-4d1f-4fb1-95c4-1aa8f7e5d3f6: receive RaftClientReply:client-B30EC828C355->c26939f8-4d1f-4fb1-95c4-1aa8f7e5d3f6@group-D25BE8053FEA, cid=1101, SUCCESS, logIndex=0, commits[c26939f8-4d1f-4fb1-95c4-1aa8f7e5d3f6:c1511, c5393538-959b-47cf-9d9c-19dac7bed4ee:c1507, a2e6e0ff-38a8-4bcf-9958-a89ff312531d:c1507]
2019-07-15 13:06:50,723 INFO  client.GrpcClientProtocolClient (GrpcClientProtocolClient.java:onNext(255)) - client-B30EC828C355->c26939f8-4d1f-4fb1-95c4-1aa8f7e5d3f6: receive RaftClientReply:client-B30EC828C355->c26939f8-4d1f-4fb1-95c4-1aa8f7e5d3f6@group-D25BE8053FEA, cid=1102, SUCCESS, logIndex=1514, commits[c26939f8-4d1f-4fb1-95c4-1aa8f7e5d3f6:c1515, c5393538-959b-47cf-9d9c-19dac7bed4ee:c1513, a2e6e0ff-38a8-4bcf-9958-a89ff312531d:c1513]
2019-07-15 13:06:50,724 INFO  client.GrpcClientProtocolClient (GrpcClientProtocolClient.java:onNext(255)) - client-B30EC828C355->c26939f8-4d1f-4fb1-95c4-1aa8f7e5d3f6: receive RaftClientReply:client-B30EC828C355->c26939f8-4d1f-4fb1-95c4-1aa8f7e5d3f6@group-D25BE8053FEA, cid=1103, SUCCESS, logIndex=1515, commits[c26939f8-4d1f-4fb1-95c4-1aa8f7e5d3f6:c1515, c5393538-959b-47cf-9d9c-19dac7bed4ee:c1513, a2e6e0ff-38a8-4bcf-9958-a89ff312531d:c1513]
2019-07-15 13:06:50,737 INFO  client.GrpcClientProtocolClient (GrpcClientProtocolClient.java:onNext(255)) - client-B30EC828C355->c26939f8-4d1f-4fb1-95c4-1aa8f7e5d3f6: receive RaftClientReply:client-B30EC828C355->c26939f8-4d1f-4fb1-95c4-1aa8f7e5d3f6@group-D25BE8053FEA, cid=1104, SUCCESS, logIndex=1518, commits[c26939f8-4d1f-4fb1-95c4-1aa8f7e5d3f6:c1518, c5393538-959b-47cf-9d9c-19dac7bed4ee:c1515, a2e6e0ff-38a8-4bcf-9958-a89ff312531d:c1515]
2019-07-15 13:06:50,737 INFO  client.GrpcClientProtocolClient (GrpcClientProtocolClient.java:onNext(255)) - client-B30EC828C355->c26939f8-4d1f-4fb1-95c4-1aa8f7e5d3f6: receive RaftClientReply:client-B30EC828C355->c26939f8-4d1f-4fb1-95c4-1aa8f7e5d3f6@group-D25BE8053FEA, cid=1105, SUCCESS, logIndex=1519, commits[c26939f8-4d1f-4fb1-95c4-1aa8f7e5d3f6:c1519, c5393538-959b-47cf-9d9c-19dac7bed4ee:c1515, a2e6e0ff-38a8-4bcf-9958-a89ff312531d:c1515]
2019-07-15 13:06:50,749 INFO  client.GrpcClientProtocolClient (GrpcClientProtocolClient.java:onNext(255)) - client-B30EC828C355->c26939f8-4d1f-4fb1-95c4-1aa8f7e5d3f6: receive RaftClientReply:client-B30EC828C355->c26939f8-4d1f-4fb1-95c4-1aa8f7e5d3f6@group-D25BE8053FEA, cid=1106, SUCCESS, logIndex=0, commits[c26939f8-4d1f-4fb1-95c4-1aa8f7e5d3f6:c1521, c5393538-959b-47cf-9d9c-19dac7bed4ee:c1519, a2e6e0ff-38a8-4bcf-9958-a89ff312531d:c1519]
 0.00% |█                                                                                                    |  0/1 Time: 0:00:052019-07-15 13:06:50,769 INFO  client.GrpcClientProtocolClient (GrpcClientProtocolClient.java:onNext(255)) - client-B30EC828C355->c26939f8-4d1f-4fb1-95c4-1aa8f7e5d3f6: receive RaftClientReply:client-B30EC828C355->c26939f8-4d1f-4fb1-95c4-1aa8f7e5d3f6@group-D25BE8053FEA, cid=1107, SUCCESS, logIndex=1522, commits[c26939f8-4d1f-4fb1-95c4-1aa8f7e5d3f6:c1523, c5393538-959b-47cf-9d9c-19dac7bed4ee:c1521, a2e6e0ff-38a8-4bcf-9958-a89ff312531d:c1521]
2019-07-15 13:06:50,769 INFO  client.GrpcClientProtocolClient (GrpcClientProtocolClient.java:onNext(255)) - client-B30EC828C355->c26939f8-4d1f-4fb1-95c4-1aa8f7e5d3f6: receive RaftClientReply:client-B30EC828C355->c26939f8-4d1f-4fb1-95c4-1aa8f7e5d3f6@group-D25BE8053FEA, cid=1108, SUCCESS, logIndex=1523, commits[c26939f8-4d1f-4fb1-95c4-1aa8f7e5d3f6:c1523, c5393538-959b-47cf-9d9c-19dac7bed4ee:c1521, a2e6e0ff-38a8-4bcf-9958-a89ff312531d:c1521]
2019-07-15 13:06:50,770 INFO  client.GrpcClientProtocolClient (GrpcClientProtocolClient.java:onNext(255)) - client-B30EC828C355->c26939f8-4d1f-4fb1-95c4-1aa8f7e5d3f6: receive RaftClientReply:client-B30EC828C355->c26939f8-4d1f-4fb1-95c4-1aa8f7e5d3f6@group-D25BE8053FEA, cid=1109, SUCCESS, logIndex=1524, commits[c26939f8-4d1f-4fb1-95c4-1aa8f7e5d3f6:c1524, c5393538-959b-47cf-9d9c-19dac7bed4ee:c1521, a2e6e0ff-38a8-4bcf-9958-a89ff312531d:c1521]
2019-07-15 13:06:50,770 INFO  client.GrpcClientProtocolClient (GrpcClientProtocolClient.java:onNext(255)) - client-B30EC828C355->c26939f8-4d1f-4fb1-95c4-1aa8f7e5d3f6: receive RaftClientReply:client-B30EC828C355->c26939f8-4d1f-4fb1-95c4-1aa8f7e5d3f6@group-D25BE8053FEA, cid=1110, SUCCESS, logIndex=1525, commits[c26939f8-4d1f-4fb1-95c4-1aa8f7e5d3f6:c1525, c5393538-959b-47cf-9d9c-19dac7bed4ee:c1521, a2e6e0ff-38a8-4bcf-9958-a89ff312531d:c1521]
2019-07-15 13:06:50,771 INFO  client.GrpcClientProtocolClient (GrpcClientProtocolClient.java:onNext(255)) - client-B30EC828C355->c26939f8-4d1f-4fb1-95c4-1aa8f7e5d3f6: receive RaftClientReply:client-B30EC828C355->c26939f8-4d1f-4fb1-95c4-1aa8f7e5d3f6@group-D25BE8053FEA, cid=1111, SUCCESS, logIndex=0, commits[c26939f8-4d1f-4fb1-95c4-1aa8f7e5d3f6:c1527, c5393538-959b-47cf-9d9c-19dac7bed4ee:c1523, a2e6e0ff-38a8-4bcf-9958-a89ff312531d:c1523]
2019-07-15 13:06:50,790 INFO  client.GrpcClientProtocolClient (GrpcClientProtocolClient.java:onNext(255)) - client-B30EC828C355->c26939f8-4d1f-4fb1-95c4-1aa8f7e5d3f6: receive RaftClientReply:client-B30EC828C355->c26939f8-4d1f-4fb1-95c4-1aa8f7e5d3f6@group-D25BE8053FEA, cid=1112, SUCCESS, logIndex=1530, commits[c26939f8-4d1f-4fb1-95c4-1aa8f7e5d3f6:c1531, c5393538-959b-47cf-9d9c-19dac7bed4ee:c1529, a2e6e0ff-38a8-4bcf-9958-a89ff312531d:c1529]
2019-07-15 13:06:50,791 INFO  client.GrpcClientProtocolClient (GrpcClientProtocolClient.java:onNext(255)) - client-B30EC828C355->c26939f8-4d1f-4fb1-95c4-1aa8f7e5d3f6: receive RaftClientReply:client-B30EC828C355->c26939f8-4d1f-4fb1-95c4-1aa8f7e5d3f6@group-D25BE8053FEA, cid=1113, SUCCESS, logIndex=1531, commits[c26939f8-4d1f-4fb1-95c4-1aa8f7e5d3f6:c1531, c5393538-959b-47cf-9d9c-19dac7bed4ee:c1529, a2e6e0ff-38a8-4bcf-9958-a89ff312531d:c1529]
2019-07-15 13:06:50,803 INFO  client.GrpcClientProtocolClient (GrpcClientProtocolClient.java:onNext(255)) - client-B30EC828C355->c26939f8-4d1f-4fb1-95c4-1aa8f7e5d3f6: receive RaftClientReply:client-B30EC828C355->c26939f8-4d1f-4fb1-95c4-1aa8f7e5d3f6@group-D25BE8053FEA, cid=1114, SUCCESS, logIndex=1534, commits[c26939f8-4d1f-4fb1-95c4-1aa8f7e5d3f6:c1535, c5393538-959b-47cf-9d9c-19dac7bed4ee:c1531, a2e6e0ff-38a8-4bcf-9958-a89ff312531d:c1531]
2019-07-15 13:06:50,804 INFO  client.GrpcClientProtocolClient (GrpcClientProtocolClient.java:onNext(255)) - client-B30EC828C355->c26939f8-4d1f-4fb1-95c4-1aa8f7e5d3f6: receive RaftClientReply:client-B30EC828C355->c26939f8-4d1f-4fb1-95c4-1aa8f7e5d3f6@group-D25BE8053FEA, cid=1115, SUCCESS, logIndex=1535, commits[c26939f8-4d1f-4fb1-95c4-1aa8f7e5d3f6:c1535, c5393538-959b-47cf-9d9c-19dac7bed4ee:c1531, a2e6e0ff-38a8-4bcf-9958-a89ff312531d:c1531]
2019-07-15 13:06:50,817 INFO  client.GrpcClientProtocolClient (GrpcClientProtocolClient.java:onNext(255)) - client-B30EC828C355->c26939f8-4d1f-4fb1-95c4-1aa8f7e5d3f6: receive RaftClientReply:client-B30EC828C355->c26939f8-4d1f-4fb1-95c4-1aa8f7e5d3f6@group-D25BE8053FEA, cid=1116, SUCCESS, logIndex=0, commits[c26939f8-4d1f-4fb1-95c4-1aa8f7e5d3f6:c1537, c5393538-959b-47cf-9d9c-19dac7bed4ee:c1535, a2e6e0ff-38a8-4bcf-9958-a89ff312531d:c1535]
2019-07-15 13:06:50,852 INFO  client.GrpcClientProtocolClient (GrpcClientProtocolClient.java:onNext(255)) - client-B30EC828C355->c26939f8-4d1f-4fb1-95c4-1aa8f7e5d3f6: receive RaftClientReply:client-B30EC828C355->c26939f8-4d1f-4fb1-95c4-1aa8f7e5d3f6@group-D25BE8053FEA, cid=1117, SUCCESS, logIndex=1538, commits[c26939f8-4d1f-4fb1-95c4-1aa8f7e5d3f6:c1539, c5393538-959b-47cf-9d9c-19dac7bed4ee:c1537, a2e6e0ff-38a8-4bcf-9958-a89ff312531d:c1537]
2019-07-15 13:06:50,852 INFO  client.GrpcClientProtocolClient (GrpcClientProtocolClient.java:onNext(255)) - client-B30EC828C355->c26939f8-4d1f-4fb1-95c4-1aa8f7e5d3f6: receive RaftClientReply:client-B30EC828C355->c26939f8-4d1f-4fb1-95c4-1aa8f7e5d3f6@group-D25BE8053FEA, cid=1118, SUCCESS, logIndex=1539, commits[c26939f8-4d1f-4fb1-95c4-1aa8f7e5d3f6:c1539, c5393538-959b-47cf-9d9c-19dac7bed4ee:c1537, a2e6e0ff-38a8-4bcf-9958-a89ff312531d:c1537]
2019-07-15 13:06:50,853 INFO  client.GrpcClientProtocolClient (GrpcClientProtocolClient.java:onNext(255)) - client-B30EC828C355->c26939f8-4d1f-4fb1-95c4-1aa8f7e5d3f6: receive RaftClientReply:client-B30EC828C355->c26939f8-4d1f-4fb1-95c4-1aa8f7e5d3f6@group-D25BE8053FEA, cid=1119, SUCCESS, logIndex=1540, commits[c26939f8-4d1f-4fb1-95c4-1aa8f7e5d3f6:c1541, c5393538-959b-47cf-9d9c-19dac7bed4ee:c1537, a2e6e0ff-38a8-4bcf-9958-a89ff312531d:c1537]
2019-07-15 13:06:50,853 INFO  client.GrpcClientProtocolClient (GrpcClientProtocolClient.java:onNext(255)) - client-B30EC828C355->c26939f8-4d1f-4fb1-95c4-1aa8f7e5d3f6: receive RaftClientReply:client-B30EC828C355->c26939f8-4d1f-4fb1-95c4-1aa8f7e5d3f6@group-D25BE8053FEA, cid=1120, SUCCESS, logIndex=1541, commits[c26939f8-4d1f-4fb1-95c4-1aa8f7e5d3f6:c1541, c5393538-959b-47cf-9d9c-19dac7bed4ee:c1537, a2e6e0ff-38a8-4bcf-9958-a89ff312531d:c1537]
2019-07-15 13:06:50,856 INFO  client.GrpcClientProtocolClient (GrpcClientProtocolClient.java:onNext(255)) - client-B30EC828C355->c26939f8-4d1f-4fb1-95c4-1aa8f7e5d3f6: receive RaftClientReply:client-B30EC828C355->c26939f8-4d1f-4fb1-95c4-1aa8f7e5d3f6@group-D25BE8053FEA, cid=1121, SUCCESS, logIndex=0, commits[c26939f8-4d1f-4fb1-95c4-1aa8f7e5d3f6:c1543, c5393538-959b-47cf-9d9c-19dac7bed4ee:c1539, a2e6e0ff-38a8-4bcf-9958-a89ff312531d:c1539]
2019-07-15 13:06:50,931 INFO  client.GrpcClientProtocolClient (GrpcClientProtocolClient.java:onNext(255)) - client-B30EC828C355->c26939f8-4d1f-4fb1-95c4-1aa8f7e5d3f6: receive RaftClientReply:client-B30EC828C355->c26939f8-4d1f-4fb1-95c4-1aa8f7e5d3f6@group-D25BE8053FEA, cid=1122, SUCCESS, logIndex=1546, commits[c26939f8-4d1f-4fb1-95c4-1aa8f7e5d3f6:c1547, c5393538-959b-47cf-9d9c-19dac7bed4ee:c1545, a2e6e0ff-38a8-4bcf-9958-a89ff312531d:c1545]
2019-07-15 13:06:50,932 INFO  client.GrpcClientProtocolClient (GrpcClientProtocolClient.java:onNext(255)) - client-B30EC828C355->c26939f8-4d1f-4fb1-95c4-1aa8f7e5d3f6: receive RaftClientReply:client-B30EC828C355->c26939f8-4d1f-4fb1-95c4-1aa8f7e5d3f6@group-D25BE8053FEA, cid=1123, SUCCESS, logIndex=1547, commits[c26939f8-4d1f-4fb1-95c4-1aa8f7e5d3f6:c1547, c5393538-959b-47cf-9d9c-19dac7bed4ee:c1545, a2e6e0ff-38a8-4bcf-9958-a89ff312531d:c1545]
2019-07-15 13:06:50,957 INFO  client.GrpcClientProtocolClient (GrpcClientProtocolClient.java:onNext(255)) - client-B30EC828C355->c26939f8-4d1f-4fb1-95c4-1aa8f7e5d3f6: receive RaftClientReply:client-B30EC828C355->c26939f8-4d1f-4fb1-95c4-1aa8f7e5d3f6@group-D25BE8053FEA, cid=1124, SUCCESS, logIndex=1550, commits[c26939f8-4d1f-4fb1-95c4-1aa8f7e5d3f6:c1551, c5393538-959b-47cf-9d9c-19dac7bed4ee:c1547, a2e6e0ff-38a8-4bcf-9958-a89ff312531d:c1547]
2019-07-15 13:06:50,957 INFO  client.GrpcClientProtocolClient (GrpcClientProtocolClient.java:onNext(255)) - client-B30EC828C355->c26939f8-4d1f-4fb1-95c4-1aa8f7e5d3f6: receive RaftClientReply:client-B30EC828C355->c26939f8-4d1f-4fb1-95c4-1aa8f7e5d3f6@group-D25BE8053FEA, cid=1125, SUCCESS, logIndex=1551, commits[c26939f8-4d1f-4fb1-95c4-1aa8f7e5d3f6:c1551, c5393538-959b-47cf-9d9c-19dac7bed4ee:c1547, a2e6e0ff-38a8-4bcf-9958-a89ff312531d:c1547]
2019-07-15 13:06:50,970 INFO  client.GrpcClientProtocolClient (GrpcClientProtocolClient.java:onNext(255)) - client-B30EC828C355->c26939f8-4d1f-4fb1-95c4-1aa8f7e5d3f6: receive RaftClientReply:client-B30EC828C355->c26939f8-4d1f-4fb1-95c4-1aa8f7e5d3f6@group-D25BE8053FEA, cid=1126, SUCCESS, logIndex=0, commits[c26939f8-4d1f-4fb1-95c4-1aa8f7e5d3f6:c1553, c5393538-959b-47cf-9d9c-19dac7bed4ee:c1551, a2e6e0ff-38a8-4bcf-9958-a89ff312531d:c1551]
2019-07-15 13:06:51,103 INFO  client.GrpcClientProtocolClient (GrpcClientProtocolClient.java:onNext(255)) - client-B30EC828C355->c26939f8-4d1f-4fb1-95c4-1aa8f7e5d3f6: receive RaftClientReply:client-B30EC828C355->c26939f8-4d1f-4fb1-95c4-1aa8f7e5d3f6@group-D25BE8053FEA, cid=1127, SUCCESS, logIndex=1554, commits[c26939f8-4d1f-4fb1-95c4-1aa8f7e5d3f6:c1555, c5393538-959b-47cf-9d9c-19dac7bed4ee:c1553, a2e6e0ff-38a8-4bcf-9958-a89ff312531d:c1553]
2019-07-15 13:06:51,104 INFO  client.GrpcClientProtocolClient (GrpcClientProtocolClient.java:onNext(255)) - client-B30EC828C355->c26939f8-4d1f-4fb1-95c4-1aa8f7e5d3f6: receive RaftClientReply:client-B30EC828C355->c26939f8-4d1f-4fb1-95c4-1aa8f7e5d3f6@group-D25BE8053FEA, cid=1128, SUCCESS, logIndex=1555, commits[c26939f8-4d1f-4fb1-95c4-1aa8f7e5d3f6:c1557, c5393538-959b-47cf-9d9c-19dac7bed4ee:c1553, a2e6e0ff-38a8-4bcf-9958-a89ff312531d:c1553]
2019-07-15 13:06:51,104 INFO  client.GrpcClientProtocolClient (GrpcClientProtocolClient.java:onNext(255)) - client-B30EC828C355->c26939f8-4d1f-4fb1-95c4-1aa8f7e5d3f6: receive RaftClientReply:client-B30EC828C355->c26939f8-4d1f-4fb1-95c4-1aa8f7e5d3f6@group-D25BE8053FEA, cid=1129, SUCCESS, logIndex=1556, commits[c26939f8-4d1f-4fb1-95c4-1aa8f7e5d3f6:c1557, c5393538-959b-47cf-9d9c-19dac7bed4ee:c1553, a2e6e0ff-38a8-4bcf-9958-a89ff312531d:c1553]
2019-07-15 13:06:51,105 INFO  client.GrpcClientProtocolClient (GrpcClientProtocolClient.java:onNext(255)) - client-B30EC828C355->c26939f8-4d1f-4fb1-95c4-1aa8f7e5d3f6: receive RaftClientReply:client-B30EC828C355->c26939f8-4d1f-4fb1-95c4-1aa8f7e5d3f6@group-D25BE8053FEA, cid=1130, SUCCESS, logIndex=1557, commits[c26939f8-4d1f-4fb1-95c4-1aa8f7e5d3f6:c1557, c5393538-959b-47cf-9d9c-19dac7bed4ee:c1553, a2e6e0ff-38a8-4bcf-9958-a89ff312531d:c1553]
2019-07-15 13:06:51,106 INFO  client.GrpcClientProtocolClient (GrpcClientProtocolClient.java:onNext(255)) - client-B30EC828C355->c26939f8-4d1f-4fb1-95c4-1aa8f7e5d3f6: receive RaftClientReply:client-B30EC828C355->c26939f8-4d1f-4fb1-95c4-1aa8f7e5d3f6@group-D25BE8053FEA, cid=1131, SUCCESS, logIndex=0, commits[c26939f8-4d1f-4fb1-95c4-1aa8f7e5d3f6:c1561, c5393538-959b-47cf-9d9c-19dac7bed4ee:c1557, a2e6e0ff-38a8-4bcf-9958-a89ff312531d:c1557]
2019-07-15 13:06:51,122 INFO  client.GrpcClientProtocolClient (GrpcClientProtocolClient.java:onNext(255)) - client-B30EC828C355->c26939f8-4d1f-4fb1-95c4-1aa8f7e5d3f6: receive RaftClientReply:client-B30EC828C355->c26939f8-4d1f-4fb1-95c4-1aa8f7e5d3f6@group-D25BE8053FEA, cid=1132, SUCCESS, logIndex=1562, commits[c26939f8-4d1f-4fb1-95c4-1aa8f7e5d3f6:c1563, c5393538-959b-47cf-9d9c-19dac7bed4ee:c1561, a2e6e0ff-38a8-4bcf-9958-a89ff312531d:c1561]
2019-07-15 13:06:51,122 INFO  client.GrpcClientProtocolClient (GrpcClientProtocolClient.java:onNext(255)) - client-B30EC828C355->c26939f8-4d1f-4fb1-95c4-1aa8f7e5d3f6: receive RaftClientReply:client-B30EC828C355->c26939f8-4d1f-4fb1-95c4-1aa8f7e5d3f6@group-D25BE8053FEA, cid=1133, SUCCESS, logIndex=1563, commits[c26939f8-4d1f-4fb1-95c4-1aa8f7e5d3f6:c1563, c5393538-959b-47cf-9d9c-19dac7bed4ee:c1561, a2e6e0ff-38a8-4bcf-9958-a89ff312531d:c1561]
2019-07-15 13:06:51,151 INFO  client.GrpcClientProtocolClient (GrpcClientProtocolClient.java:onNext(255)) - client-B30EC828C355->c26939f8-4d1f-4fb1-95c4-1aa8f7e5d3f6: receive RaftClientReply:client-B30EC828C355->c26939f8-4d1f-4fb1-95c4-1aa8f7e5d3f6@group-D25BE8053FEA, cid=1134, SUCCESS, logIndex=1566, commits[c26939f8-4d1f-4fb1-95c4-1aa8f7e5d3f6:c1567, c5393538-959b-47cf-9d9c-19dac7bed4ee:c1563, a2e6e0ff-38a8-4bcf-9958-a89ff312531d:c1563]
2019-07-15 13:06:51,151 INFO  client.GrpcClientProtocolClient (GrpcClientProtocolClient.java:onNext(255)) - client-B30EC828C355->c26939f8-4d1f-4fb1-95c4-1aa8f7e5d3f6: receive RaftClientReply:client-B30EC828C355->c26939f8-4d1f-4fb1-95c4-1aa8f7e5d3f6@group-D25BE8053FEA, cid=1135, SUCCESS, logIndex=1567, commits[c26939f8-4d1f-4fb1-95c4-1aa8f7e5d3f6:c1567, c5393538-959b-47cf-9d9c-19dac7bed4ee:c1563, a2e6e0ff-38a8-4bcf-9958-a89ff312531d:c1563]
2019-07-15 13:06:51,163 INFO  client.GrpcClientProtocolClient (GrpcClientProtocolClient.java:onNext(255)) - client-B30EC828C355->c26939f8-4d1f-4fb1-95c4-1aa8f7e5d3f6: receive RaftClientReply:client-B30EC828C355->c26939f8-4d1f-4fb1-95c4-1aa8f7e5d3f6@group-D25BE8053FEA, cid=1136, SUCCESS, logIndex=0, commits[c26939f8-4d1f-4fb1-95c4-1aa8f7e5d3f6:c1568, c5393538-959b-47cf-9d9c-19dac7bed4ee:c1567, a2e6e0ff-38a8-4bcf-9958-a89ff312531d:c1567]
2019-07-15 13:06:51,186 INFO  client.GrpcClientProtocolClient (GrpcClientProtocolClient.java:onNext(255)) - client-B30EC828C355->c26939f8-4d1f-4fb1-95c4-1aa8f7e5d3f6: receive RaftClientReply:client-B30EC828C355->c26939f8-4d1f-4fb1-95c4-1aa8f7e5d3f6@group-D25BE8053FEA, cid=1137, SUCCESS, logIndex=1570, commits[c26939f8-4d1f-4fb1-95c4-1aa8f7e5d3f6:c1572, c5393538-959b-47cf-9d9c-19dac7bed4ee:c1569, a2e6e0ff-38a8-4bcf-9958-a89ff312531d:c1569]
2019-07-15 13:06:51,186 INFO  client.GrpcClientProtocolClient (GrpcClientProtocolClient.java:onNext(255)) - client-B30EC828C355->c26939f8-4d1f-4fb1-95c4-1aa8f7e5d3f6: receive RaftClientReply:client-B30EC828C355->c26939f8-4d1f-4fb1-95c4-1aa8f7e5d3f6@group-D25BE8053FEA, cid=1138, SUCCESS, logIndex=1571, commits[c26939f8-4d1f-4fb1-95c4-1aa8f7e5d3f6:c1573, c5393538-959b-47cf-9d9c-19dac7bed4ee:c1569, a2e6e0ff-38a8-4bcf-9958-a89ff312531d:c1569]
2019-07-15 13:06:51,187 INFO  client.GrpcClientProtocolClient (GrpcClientProtocolClient.java:onNext(255)) - client-B30EC828C355->c26939f8-4d1f-4fb1-95c4-1aa8f7e5d3f6: receive RaftClientReply:client-B30EC828C355->c26939f8-4d1f-4fb1-95c4-1aa8f7e5d3f6@group-D25BE8053FEA, cid=1139, SUCCESS, logIndex=1572, commits[c26939f8-4d1f-4fb1-95c4-1aa8f7e5d3f6:c1573, c5393538-959b-47cf-9d9c-19dac7bed4ee:c1569, a2e6e0ff-38a8-4bcf-9958-a89ff312531d:c1569]
2019-07-15 13:06:51,187 INFO  client.GrpcClientProtocolClient (GrpcClientProtocolClient.java:onNext(255)) - client-B30EC828C355->c26939f8-4d1f-4fb1-95c4-1aa8f7e5d3f6: receive RaftClientReply:client-B30EC828C355->c26939f8-4d1f-4fb1-95c4-1aa8f7e5d3f6@group-D25BE8053FEA, cid=1140, SUCCESS, logIndex=1573, commits[c26939f8-4d1f-4fb1-95c4-1aa8f7e5d3f6:c1573, c5393538-959b-47cf-9d9c-19dac7bed4ee:c1569, a2e6e0ff-38a8-4bcf-9958-a89ff312531d:c1569]
2019-07-15 13:06:51,188 INFO  client.GrpcClientProtocolClient (GrpcClientProtocolClient.java:onNext(255)) - client-B30EC828C355->c26939f8-4d1f-4fb1-95c4-1aa8f7e5d3f6: receive RaftClientReply:client-B30EC828C355->c26939f8-4d1f-4fb1-95c4-1aa8f7e5d3f6@group-D25BE8053FEA, cid=1141, SUCCESS, logIndex=0, commits[c26939f8-4d1f-4fb1-95c4-1aa8f7e5d3f6:c1576, c5393538-959b-47cf-9d9c-19dac7bed4ee:c1572, a2e6e0ff-38a8-4bcf-9958-a89ff312531d:c1571]
2019-07-15 13:06:51,213 INFO  client.GrpcClientProtocolClient (GrpcClientProtocolClient.java:onNext(255)) - client-B30EC828C355->c26939f8-4d1f-4fb1-95c4-1aa8f7e5d3f6: receive RaftClientReply:client-B30EC828C355->c26939f8-4d1f-4fb1-95c4-1aa8f7e5d3f6@group-D25BE8053FEA, cid=1142, SUCCESS, logIndex=1578, commits[c26939f8-4d1f-4fb1-95c4-1aa8f7e5d3f6:c1579, c5393538-959b-47cf-9d9c-19dac7bed4ee:c1577, a2e6e0ff-38a8-4bcf-9958-a89ff312531d:c1577]
2019-07-15 13:06:51,213 INFO  client.GrpcClientProtocolClient (GrpcClientProtocolClient.java:onNext(255)) - client-B30EC828C355->c26939f8-4d1f-4fb1-95c4-1aa8f7e5d3f6: receive RaftClientReply:client-B30EC828C355->c26939f8-4d1f-4fb1-95c4-1aa8f7e5d3f6@group-D25BE8053FEA, cid=1143, SUCCESS, logIndex=1579, commits[c26939f8-4d1f-4fb1-95c4-1aa8f7e5d3f6:c1579, c5393538-959b-47cf-9d9c-19dac7bed4ee:c1577, a2e6e0ff-38a8-4bcf-9958-a89ff312531d:c1577]
2019-07-15 13:06:51,227 INFO  client.GrpcClientProtocolClient (GrpcClientProtocolClient.java:onNext(255)) - client-B30EC828C355->c26939f8-4d1f-4fb1-95c4-1aa8f7e5d3f6: receive RaftClientReply:client-B30EC828C355->c26939f8-4d1f-4fb1-95c4-1aa8f7e5d3f6@group-D25BE8053FEA, cid=1144, SUCCESS, logIndex=1582, commits[c26939f8-4d1f-4fb1-95c4-1aa8f7e5d3f6:c1583, c5393538-959b-47cf-9d9c-19dac7bed4ee:c1579, a2e6e0ff-38a8-4bcf-9958-a89ff312531d:c1579]
2019-07-15 13:06:51,227 INFO  client.GrpcClientProtocolClient (GrpcClientProtocolClient.java:onNext(255)) - client-B30EC828C355->c26939f8-4d1f-4fb1-95c4-1aa8f7e5d3f6: receive RaftClientReply:client-B30EC828C355->c26939f8-4d1f-4fb1-95c4-1aa8f7e5d3f6@group-D25BE8053FEA, cid=1145, SUCCESS, logIndex=1583, commits[c26939f8-4d1f-4fb1-95c4-1aa8f7e5d3f6:c1583, c5393538-959b-47cf-9d9c-19dac7bed4ee:c1579, a2e6e0ff-38a8-4bcf-9958-a89ff312531d:c1579]
2019-07-15 13:06:51,230 INFO  client.GrpcClientProtocolClient (GrpcClientProtocolClient.java:onNext(255)) - client-B30EC828C355->c26939f8-4d1f-4fb1-95c4-1aa8f7e5d3f6: receive RaftClientReply:client-B30EC828C355->c26939f8-4d1f-4fb1-95c4-1aa8f7e5d3f6@group-D25BE8053FEA, cid=1146, SUCCESS, logIndex=0, commits[c26939f8-4d1f-4fb1-95c4-1aa8f7e5d3f6:c1585, c5393538-959b-47cf-9d9c-19dac7bed4ee:c1583, a2e6e0ff-38a8-4bcf-9958-a89ff312531d:c1583]
2019-07-15 13:06:51,251 INFO  client.GrpcClientProtocolClient (GrpcClientProtocolClient.java:onNext(255)) - client-B30EC828C355->c26939f8-4d1f-4fb1-95c4-1aa8f7e5d3f6: receive RaftClientReply:client-B30EC828C355->c26939f8-4d1f-4fb1-95c4-1aa8f7e5d3f6@group-D25BE8053FEA, cid=1147, SUCCESS, logIndex=1586, commits[c26939f8-4d1f-4fb1-95c4-1aa8f7e5d3f6:c1587, c5393538-959b-47cf-9d9c-19dac7bed4ee:c1585, a2e6e0ff-38a8-4bcf-9958-a89ff312531d:c1585]
2019-07-15 13:06:51,252 INFO  client.GrpcClientProtocolClient (GrpcClientProtocolClient.java:onNext(255)) - client-B30EC828C355->c26939f8-4d1f-4fb1-95c4-1aa8f7e5d3f6: receive RaftClientReply:client-B30EC828C355->c26939f8-4d1f-4fb1-95c4-1aa8f7e5d3f6@group-D25BE8053FEA, cid=1148, SUCCESS, logIndex=1587, commits[c26939f8-4d1f-4fb1-95c4-1aa8f7e5d3f6:c1587, c5393538-959b-47cf-9d9c-19dac7bed4ee:c1585, a2e6e0ff-38a8-4bcf-9958-a89ff312531d:c1585]
2019-07-15 13:06:51,252 INFO  client.GrpcClientProtocolClient (GrpcClientProtocolClient.java:onNext(255)) - client-B30EC828C355->c26939f8-4d1f-4fb1-95c4-1aa8f7e5d3f6: receive RaftClientReply:client-B30EC828C355->c26939f8-4d1f-4fb1-95c4-1aa8f7e5d3f6@group-D25BE8053FEA, cid=1149, SUCCESS, logIndex=1588, commits[c26939f8-4d1f-4fb1-95c4-1aa8f7e5d3f6:c1589, c5393538-959b-47cf-9d9c-19dac7bed4ee:c1585, a2e6e0ff-38a8-4bcf-9958-a89ff312531d:c1585]
2019-07-15 13:06:51,253 INFO  client.GrpcClientProtocolClient (GrpcClientProtocolClient.java:onNext(255)) - client-B30EC828C355->c26939f8-4d1f-4fb1-95c4-1aa8f7e5d3f6: receive RaftClientReply:client-B30EC828C355->c26939f8-4d1f-4fb1-95c4-1aa8f7e5d3f6@group-D25BE8053FEA, cid=1150, SUCCESS, logIndex=1589, commits[c26939f8-4d1f-4fb1-95c4-1aa8f7e5d3f6:c1589, c5393538-959b-47cf-9d9c-19dac7bed4ee:c1585, a2e6e0ff-38a8-4bcf-9958-a89ff312531d:c1585]
2019-07-15 13:06:51,254 INFO  client.GrpcClientProtocolClient (GrpcClientProtocolClient.java:onNext(255)) - client-B30EC828C355->c26939f8-4d1f-4fb1-95c4-1aa8f7e5d3f6: receive RaftClientReply:client-B30EC828C355->c26939f8-4d1f-4fb1-95c4-1aa8f7e5d3f6@group-D25BE8053FEA, cid=1151, SUCCESS, logIndex=0, commits[c26939f8-4d1f-4fb1-95c4-1aa8f7e5d3f6:c1591, c5393538-959b-47cf-9d9c-19dac7bed4ee:c1588, a2e6e0ff-38a8-4bcf-9958-a89ff312531d:c1587]
2019-07-15 13:06:51,275 INFO  client.GrpcClientProtocolClient (GrpcClientProtocolClient.java:onNext(255)) - client-B30EC828C355->c26939f8-4d1f-4fb1-95c4-1aa8f7e5d3f6: receive RaftClientReply:client-B30EC828C355->c26939f8-4d1f-4fb1-95c4-1aa8f7e5d3f6@group-D25BE8053FEA, cid=1152, SUCCESS, logIndex=1594, commits[c26939f8-4d1f-4fb1-95c4-1aa8f7e5d3f6:c1595, c5393538-959b-47cf-9d9c-19dac7bed4ee:c1593, a2e6e0ff-38a8-4bcf-9958-a89ff312531d:c1593]
2019-07-15 13:06:51,275 INFO  client.GrpcClientProtocolClient (GrpcClientProtocolClient.java:onNext(255)) - client-B30EC828C355->c26939f8-4d1f-4fb1-95c4-1aa8f7e5d3f6: receive RaftClientReply:client-B30EC828C355->c26939f8-4d1f-4fb1-95c4-1aa8f7e5d3f6@group-D25BE8053FEA, cid=1153, SUCCESS, logIndex=1595, commits[c26939f8-4d1f-4fb1-95c4-1aa8f7e5d3f6:c1595, c5393538-959b-47cf-9d9c-19dac7bed4ee:c1593, a2e6e0ff-38a8-4bcf-9958-a89ff312531d:c1593]
2019-07-15 13:06:51,288 INFO  client.GrpcClientProtocolClient (GrpcClientProtocolClient.java:onNext(255)) - client-B30EC828C355->c26939f8-4d1f-4fb1-95c4-1aa8f7e5d3f6: receive RaftClientReply:client-B30EC828C355->c26939f8-4d1f-4fb1-95c4-1aa8f7e5d3f6@group-D25BE8053FEA, cid=1154, SUCCESS, logIndex=1598, commits[c26939f8-4d1f-4fb1-95c4-1aa8f7e5d3f6:c1598, c5393538-959b-47cf-9d9c-19dac7bed4ee:c1595, a2e6e0ff-38a8-4bcf-9958-a89ff312531d:c1595]
2019-07-15 13:06:51,288 INFO  client.GrpcClientProtocolClient (GrpcClientProtocolClient.java:onNext(255)) - client-B30EC828C355->c26939f8-4d1f-4fb1-95c4-1aa8f7e5d3f6: receive RaftClientReply:client-B30EC828C355->c26939f8-4d1f-4fb1-95c4-1aa8f7e5d3f6@group-D25BE8053FEA, cid=1155, SUCCESS, logIndex=1599, commits[c26939f8-4d1f-4fb1-95c4-1aa8f7e5d3f6:c1599, c5393538-959b-47cf-9d9c-19dac7bed4ee:c1595, a2e6e0ff-38a8-4bcf-9958-a89ff312531d:c1595]
2019-07-15 13:06:51,301 INFO  client.GrpcClientProtocolClient (GrpcClientProtocolClient.java:onNext(255)) - client-B30EC828C355->c26939f8-4d1f-4fb1-95c4-1aa8f7e5d3f6: receive RaftClientReply:client-B30EC828C355->c26939f8-4d1f-4fb1-95c4-1aa8f7e5d3f6@group-D25BE8053FEA, cid=1156, SUCCESS, logIndex=0, commits[c26939f8-4d1f-4fb1-95c4-1aa8f7e5d3f6:c1601, c5393538-959b-47cf-9d9c-19dac7bed4ee:c1599, a2e6e0ff-38a8-4bcf-9958-a89ff312531d:c1599]
2019-07-15 13:06:51,322 INFO  client.GrpcClientProtocolClient (GrpcClientProtocolClient.java:onNext(255)) - client-B30EC828C355->c26939f8-4d1f-4fb1-95c4-1aa8f7e5d3f6: receive RaftClientReply:client-B30EC828C355->c26939f8-4d1f-4fb1-95c4-1aa8f7e5d3f6@group-D25BE8053FEA, cid=1157, SUCCESS, logIndex=1602, commits[c26939f8-4d1f-4fb1-95c4-1aa8f7e5d3f6:c1603, c5393538-959b-47cf-9d9c-19dac7bed4ee:c1601, a2e6e0ff-38a8-4bcf-9958-a89ff312531d:c1601]
2019-07-15 13:06:51,323 INFO  client.GrpcClientProtocolClient (GrpcClientProtocolClient.java:onNext(255)) - client-B30EC828C355->c26939f8-4d1f-4fb1-95c4-1aa8f7e5d3f6: receive RaftClientReply:client-B30EC828C355->c26939f8-4d1f-4fb1-95c4-1aa8f7e5d3f6@group-D25BE8053FEA, cid=1158, SUCCESS, logIndex=1603, commits[c26939f8-4d1f-4fb1-95c4-1aa8f7e5d3f6:c1603, c5393538-959b-47cf-9d9c-19dac7bed4ee:c1601, a2e6e0ff-38a8-4bcf-9958-a89ff312531d:c1601]
2019-07-15 13:06:51,323 INFO  client.GrpcClientProtocolClient (GrpcClientProtocolClient.java:onNext(255)) - client-B30EC828C355->c26939f8-4d1f-4fb1-95c4-1aa8f7e5d3f6: receive RaftClientReply:client-B30EC828C355->c26939f8-4d1f-4fb1-95c4-1aa8f7e5d3f6@group-D25BE8053FEA, cid=1159, SUCCESS, logIndex=1604, commits[c26939f8-4d1f-4fb1-95c4-1aa8f7e5d3f6:c1605, c5393538-959b-47cf-9d9c-19dac7bed4ee:c1601, a2e6e0ff-38a8-4bcf-9958-a89ff312531d:c1601]
2019-07-15 13:06:51,323 INFO  client.GrpcClientProtocolClient (GrpcClientProtocolClient.java:onNext(255)) - client-B30EC828C355->c26939f8-4d1f-4fb1-95c4-1aa8f7e5d3f6: receive RaftClientReply:client-B30EC828C355->c26939f8-4d1f-4fb1-95c4-1aa8f7e5d3f6@group-D25BE8053FEA, cid=1160, SUCCESS, logIndex=1605, commits[c26939f8-4d1f-4fb1-95c4-1aa8f7e5d3f6:c1605, c5393538-959b-47cf-9d9c-19dac7bed4ee:c1601, a2e6e0ff-38a8-4bcf-9958-a89ff312531d:c1601]
2019-07-15 13:06:51,325 INFO  client.GrpcClientProtocolClient (GrpcClientProtocolClient.java:onNext(255)) - client-B30EC828C355->c26939f8-4d1f-4fb1-95c4-1aa8f7e5d3f6: receive RaftClientReply:client-B30EC828C355->c26939f8-4d1f-4fb1-95c4-1aa8f7e5d3f6@group-D25BE8053FEA, cid=1161, SUCCESS, logIndex=0, commits[c26939f8-4d1f-4fb1-95c4-1aa8f7e5d3f6:c1608, c5393538-959b-47cf-9d9c-19dac7bed4ee:c1605, a2e6e0ff-38a8-4bcf-9958-a89ff312531d:c1603]
2019-07-15 13:06:51,345 INFO  client.GrpcClientProtocolClient (GrpcClientProtocolClient.java:onNext(255)) - client-B30EC828C355->c26939f8-4d1f-4fb1-95c4-1aa8f7e5d3f6: receive RaftClientReply:client-B30EC828C355->c26939f8-4d1f-4fb1-95c4-1aa8f7e5d3f6@group-D25BE8053FEA, cid=1162, SUCCESS, logIndex=1610, commits[c26939f8-4d1f-4fb1-95c4-1aa8f7e5d3f6:c1611, c5393538-959b-47cf-9d9c-19dac7bed4ee:c1609, a2e6e0ff-38a8-4bcf-9958-a89ff312531d:c1609]
2019-07-15 13:06:51,345 INFO  client.GrpcClientProtocolClient (GrpcClientProtocolClient.java:onNext(255)) - client-B30EC828C355->c26939f8-4d1f-4fb1-95c4-1aa8f7e5d3f6: receive RaftClientReply:client-B30EC828C355->c26939f8-4d1f-4fb1-95c4-1aa8f7e5d3f6@group-D25BE8053FEA, cid=1163, SUCCESS, logIndex=1611, commits[c26939f8-4d1f-4fb1-95c4-1aa8f7e5d3f6:c1611, c5393538-959b-47cf-9d9c-19dac7bed4ee:c1609, a2e6e0ff-38a8-4bcf-9958-a89ff312531d:c1609]
2019-07-15 13:06:51,373 INFO  client.GrpcClientProtocolClient (GrpcClientProtocolClient.java:onNext(255)) - client-B30EC828C355->c26939f8-4d1f-4fb1-95c4-1aa8f7e5d3f6: receive RaftClientReply:client-B30EC828C355->c26939f8-4d1f-4fb1-95c4-1aa8f7e5d3f6@group-D25BE8053FEA, cid=1164, SUCCESS, logIndex=1614, commits[c26939f8-4d1f-4fb1-95c4-1aa8f7e5d3f6:c1615, c5393538-959b-47cf-9d9c-19dac7bed4ee:c1611, a2e6e0ff-38a8-4bcf-9958-a89ff312531d:c1611]
2019-07-15 13:06:51,374 INFO  client.GrpcClientProtocolClient (GrpcClientProtocolClient.java:onNext(255)) - client-B30EC828C355->c26939f8-4d1f-4fb1-95c4-1aa8f7e5d3f6: receive RaftClientReply:client-B30EC828C355->c26939f8-4d1f-4fb1-95c4-1aa8f7e5d3f6@group-D25BE8053FEA, cid=1165, SUCCESS, logIndex=1615, commits[c26939f8-4d1f-4fb1-95c4-1aa8f7e5d3f6:c1615, c5393538-959b-47cf-9d9c-19dac7bed4ee:c1611, a2e6e0ff-38a8-4bcf-9958-a89ff312531d:c1611]
2019-07-15 13:06:51,386 INFO  client.GrpcClientProtocolClient (GrpcClientProtocolClient.java:onNext(255)) - client-B30EC828C355->c26939f8-4d1f-4fb1-95c4-1aa8f7e5d3f6: receive RaftClientReply:client-B30EC828C355->c26939f8-4d1f-4fb1-95c4-1aa8f7e5d3f6@group-D25BE8053FEA, cid=1166, SUCCESS, logIndex=0, commits[c26939f8-4d1f-4fb1-95c4-1aa8f7e5d3f6:c1617, c5393538-959b-47cf-9d9c-19dac7bed4ee:c1615, a2e6e0ff-38a8-4bcf-9958-a89ff312531d:c1615]
2019-07-15 13:06:51,409 INFO  client.GrpcClientProtocolClient (GrpcClientProtocolClient.java:onNext(255)) - client-B30EC828C355->c26939f8-4d1f-4fb1-95c4-1aa8f7e5d3f6: receive RaftClientReply:client-B30EC828C355->c26939f8-4d1f-4fb1-95c4-1aa8f7e5d3f6@group-D25BE8053FEA, cid=1167, SUCCESS, logIndex=1618, commits[c26939f8-4d1f-4fb1-95c4-1aa8f7e5d3f6:c1619, c5393538-959b-47cf-9d9c-19dac7bed4ee:c1617, a2e6e0ff-38a8-4bcf-9958-a89ff312531d:c1617]
2019-07-15 13:06:51,410 INFO  client.GrpcClientProtocolClient (GrpcClientProtocolClient.java:onNext(255)) - client-B30EC828C355->c26939f8-4d1f-4fb1-95c4-1aa8f7e5d3f6: receive RaftClientReply:client-B30EC828C355->c26939f8-4d1f-4fb1-95c4-1aa8f7e5d3f6@group-D25BE8053FEA, cid=1168, SUCCESS, logIndex=1619, commits[c26939f8-4d1f-4fb1-95c4-1aa8f7e5d3f6:c1621, c5393538-959b-47cf-9d9c-19dac7bed4ee:c1617, a2e6e0ff-38a8-4bcf-9958-a89ff312531d:c1617]
2019-07-15 13:06:51,410 INFO  client.GrpcClientProtocolClient (GrpcClientProtocolClient.java:onNext(255)) - client-B30EC828C355->c26939f8-4d1f-4fb1-95c4-1aa8f7e5d3f6: receive RaftClientReply:client-B30EC828C355->c26939f8-4d1f-4fb1-95c4-1aa8f7e5d3f6@group-D25BE8053FEA, cid=1169, SUCCESS, logIndex=1620, commits[c26939f8-4d1f-4fb1-95c4-1aa8f7e5d3f6:c1621, c5393538-959b-47cf-9d9c-19dac7bed4ee:c1617, a2e6e0ff-38a8-4bcf-9958-a89ff312531d:c1617]
2019-07-15 13:06:51,411 INFO  client.GrpcClientProtocolClient (GrpcClientProtocolClient.java:onNext(255)) - client-B30EC828C355->c26939f8-4d1f-4fb1-95c4-1aa8f7e5d3f6: receive RaftClientReply:client-B30EC828C355->c26939f8-4d1f-4fb1-95c4-1aa8f7e5d3f6@group-D25BE8053FEA, cid=1170, SUCCESS, logIndex=1621, commits[c26939f8-4d1f-4fb1-95c4-1aa8f7e5d3f6:c1621, c5393538-959b-47cf-9d9c-19dac7bed4ee:c1617, a2e6e0ff-38a8-4bcf-9958-a89ff312531d:c1617]
2019-07-15 13:06:51,412 INFO  client.GrpcClientProtocolClient (GrpcClientProtocolClient.java:onNext(255)) - client-B30EC828C355->c26939f8-4d1f-4fb1-95c4-1aa8f7e5d3f6: receive RaftClientReply:client-B30EC828C355->c26939f8-4d1f-4fb1-95c4-1aa8f7e5d3f6@group-D25BE8053FEA, cid=1171, SUCCESS, logIndex=0, commits[c26939f8-4d1f-4fb1-95c4-1aa8f7e5d3f6:c1623, c5393538-959b-47cf-9d9c-19dac7bed4ee:c1619, a2e6e0ff-38a8-4bcf-9958-a89ff312531d:c1619]
2019-07-15 13:06:51,432 INFO  client.GrpcClientProtocolClient (GrpcClientProtocolClient.java:onNext(255)) - client-B30EC828C355->c26939f8-4d1f-4fb1-95c4-1aa8f7e5d3f6: receive RaftClientReply:client-B30EC828C355->c26939f8-4d1f-4fb1-95c4-1aa8f7e5d3f6@group-D25BE8053FEA, cid=1172, SUCCESS, logIndex=1625, commits[c26939f8-4d1f-4fb1-95c4-1aa8f7e5d3f6:c1626, c5393538-959b-47cf-9d9c-19dac7bed4ee:c1624, a2e6e0ff-38a8-4bcf-9958-a89ff312531d:c1624]
2019-07-15 13:06:51,432 INFO  client.GrpcClientProtocolClient (GrpcClientProtocolClient.java:onNext(255)) - client-B30EC828C355->c26939f8-4d1f-4fb1-95c4-1aa8f7e5d3f6: receive RaftClientReply:client-B30EC828C355->c26939f8-4d1f-4fb1-95c4-1aa8f7e5d3f6@group-D25BE8053FEA, cid=1173, SUCCESS, logIndex=1626, commits[c26939f8-4d1f-4fb1-95c4-1aa8f7e5d3f6:c1626, c5393538-959b-47cf-9d9c-19dac7bed4ee:c1624, a2e6e0ff-38a8-4bcf-9958-a89ff312531d:c1624]
2019-07-15 13:06:51,446 INFO  client.GrpcClientProtocolClient (GrpcClientProtocolClient.java:onNext(255)) - client-B30EC828C355->c26939f8-4d1f-4fb1-95c4-1aa8f7e5d3f6: receive RaftClientReply:client-B30EC828C355->c26939f8-4d1f-4fb1-95c4-1aa8f7e5d3f6@group-D25BE8053FEA, cid=1174, SUCCESS, logIndex=1629, commits[c26939f8-4d1f-4fb1-95c4-1aa8f7e5d3f6:c1630, c5393538-959b-47cf-9d9c-19dac7bed4ee:c1626, a2e6e0ff-38a8-4bcf-9958-a89ff312531d:c1626]
2019-07-15 13:06:51,446 INFO  client.GrpcClientProtocolClient (GrpcClientProtocolClient.java:onNext(255)) - client-B30EC828C355->c26939f8-4d1f-4fb1-95c4-1aa8f7e5d3f6: receive RaftClientReply:client-B30EC828C355->c26939f8-4d1f-4fb1-95c4-1aa8f7e5d3f6@group-D25BE8053FEA, cid=1175, SUCCESS, logIndex=1630, commits[c26939f8-4d1f-4fb1-95c4-1aa8f7e5d3f6:c1630, c5393538-959b-47cf-9d9c-19dac7bed4ee:c1626, a2e6e0ff-38a8-4bcf-9958-a89ff312531d:c1626]
2019-07-15 13:06:51,459 INFO  client.GrpcClientProtocolClient (GrpcClientProtocolClient.java:onNext(255)) - client-B30EC828C355->c26939f8-4d1f-4fb1-95c4-1aa8f7e5d3f6: receive RaftClientReply:client-B30EC828C355->c26939f8-4d1f-4fb1-95c4-1aa8f7e5d3f6@group-D25BE8053FEA, cid=1176, SUCCESS, logIndex=0, commits[c26939f8-4d1f-4fb1-95c4-1aa8f7e5d3f6:c1631, c5393538-959b-47cf-9d9c-19dac7bed4ee:c1630, a2e6e0ff-38a8-4bcf-9958-a89ff312531d:c1630]
2019-07-15 13:06:51,479 INFO  client.GrpcClientProtocolClient (GrpcClientProtocolClient.java:onNext(255)) - client-B30EC828C355->c26939f8-4d1f-4fb1-95c4-1aa8f7e5d3f6: receive RaftClientReply:client-B30EC828C355->c26939f8-4d1f-4fb1-95c4-1aa8f7e5d3f6@group-D25BE8053FEA, cid=1177, SUCCESS, logIndex=1633, commits[c26939f8-4d1f-4fb1-95c4-1aa8f7e5d3f6:c1634, c5393538-959b-47cf-9d9c-19dac7bed4ee:c1632, a2e6e0ff-38a8-4bcf-9958-a89ff312531d:c1632]
2019-07-15 13:06:51,480 INFO  client.GrpcClientProtocolClient (GrpcClientProtocolClient.java:onNext(255)) - client-B30EC828C355->c26939f8-4d1f-4fb1-95c4-1aa8f7e5d3f6: receive RaftClientReply:client-B30EC828C355->c26939f8-4d1f-4fb1-95c4-1aa8f7e5d3f6@group-D25BE8053FEA, cid=1178, SUCCESS, logIndex=1634, commits[c26939f8-4d1f-4fb1-95c4-1aa8f7e5d3f6:c1634, c5393538-959b-47cf-9d9c-19dac7bed4ee:c1632, a2e6e0ff-38a8-4bcf-9958-a89ff312531d:c1632]
2019-07-15 13:06:51,480 INFO  client.GrpcClientProtocolClient (GrpcClientProtocolClient.java:onNext(255)) - client-B30EC828C355->c26939f8-4d1f-4fb1-95c4-1aa8f7e5d3f6: receive RaftClientReply:client-B30EC828C355->c26939f8-4d1f-4fb1-95c4-1aa8f7e5d3f6@group-D25BE8053FEA, cid=1179, SUCCESS, logIndex=1635, commits[c26939f8-4d1f-4fb1-95c4-1aa8f7e5d3f6:c1636, c5393538-959b-47cf-9d9c-19dac7bed4ee:c1632, a2e6e0ff-38a8-4bcf-9958-a89ff312531d:c1632]
2019-07-15 13:06:51,481 INFO  client.GrpcClientProtocolClient (GrpcClientProtocolClient.java:onNext(255)) - client-B30EC828C355->c26939f8-4d1f-4fb1-95c4-1aa8f7e5d3f6: receive RaftClientReply:client-B30EC828C355->c26939f8-4d1f-4fb1-95c4-1aa8f7e5d3f6@group-D25BE8053FEA, cid=1180, SUCCESS, logIndex=1636, commits[c26939f8-4d1f-4fb1-95c4-1aa8f7e5d3f6:c1636, c5393538-959b-47cf-9d9c-19dac7bed4ee:c1632, a2e6e0ff-38a8-4bcf-9958-a89ff312531d:c1632]
2019-07-15 13:06:51,482 INFO  client.GrpcClientProtocolClient (GrpcClientProtocolClient.java:onNext(255)) - client-B30EC828C355->c26939f8-4d1f-4fb1-95c4-1aa8f7e5d3f6: receive RaftClientReply:client-B30EC828C355->c26939f8-4d1f-4fb1-95c4-1aa8f7e5d3f6@group-D25BE8053FEA, cid=1181, SUCCESS, logIndex=0, commits[c26939f8-4d1f-4fb1-95c4-1aa8f7e5d3f6:c1639, c5393538-959b-47cf-9d9c-19dac7bed4ee:c1635, a2e6e0ff-38a8-4bcf-9958-a89ff312531d:c1635]
2019-07-15 13:06:51,501 INFO  client.GrpcClientProtocolClient (GrpcClientProtocolClient.java:onNext(255)) - client-B30EC828C355->c26939f8-4d1f-4fb1-95c4-1aa8f7e5d3f6: receive RaftClientReply:client-B30EC828C355->c26939f8-4d1f-4fb1-95c4-1aa8f7e5d3f6@group-D25BE8053FEA, cid=1182, SUCCESS, logIndex=1641, commits[c26939f8-4d1f-4fb1-95c4-1aa8f7e5d3f6:c1642, c5393538-959b-47cf-9d9c-19dac7bed4ee:c1640, a2e6e0ff-38a8-4bcf-9958-a89ff312531d:c1640]
2019-07-15 13:06:51,502 INFO  client.GrpcClientProtocolClient (GrpcClientProtocolClient.java:onNext(255)) - client-B30EC828C355->c26939f8-4d1f-4fb1-95c4-1aa8f7e5d3f6: receive RaftClientReply:client-B30EC828C355->c26939f8-4d1f-4fb1-95c4-1aa8f7e5d3f6@group-D25BE8053FEA, cid=1183, SUCCESS, logIndex=1642, commits[c26939f8-4d1f-4fb1-95c4-1aa8f7e5d3f6:c1642, c5393538-959b-47cf-9d9c-19dac7bed4ee:c1640, a2e6e0ff-38a8-4bcf-9958-a89ff312531d:c1640]
2019-07-15 13:06:51,514 INFO  client.GrpcClientProtocolClient (GrpcClientProtocolClient.java:onNext(255)) - client-B30EC828C355->c26939f8-4d1f-4fb1-95c4-1aa8f7e5d3f6: receive RaftClientReply:client-B30EC828C355->c26939f8-4d1f-4fb1-95c4-1aa8f7e5d3f6@group-D25BE8053FEA, cid=1184, SUCCESS, logIndex=1645, commits[c26939f8-4d1f-4fb1-95c4-1aa8f7e5d3f6:c1646, c5393538-959b-47cf-9d9c-19dac7bed4ee:c1642, a2e6e0ff-38a8-4bcf-9958-a89ff312531d:c1642]
2019-07-15 13:06:51,515 INFO  client.GrpcClientProtocolClient (GrpcClientProtocolClient.java:onNext(255)) - client-B30EC828C355->c26939f8-4d1f-4fb1-95c4-1aa8f7e5d3f6: receive RaftClientReply:client-B30EC828C355->c26939f8-4d1f-4fb1-95c4-1aa8f7e5d3f6@group-D25BE8053FEA, cid=1185, SUCCESS, logIndex=1646, commits[c26939f8-4d1f-4fb1-95c4-1aa8f7e5d3f6:c1646, c5393538-959b-47cf-9d9c-19dac7bed4ee:c1642, a2e6e0ff-38a8-4bcf-9958-a89ff312531d:c1642]
2019-07-15 13:06:51,526 INFO  client.GrpcClientProtocolClient (GrpcClientProtocolClient.java:onNext(255)) - client-B30EC828C355->c26939f8-4d1f-4fb1-95c4-1aa8f7e5d3f6: receive RaftClientReply:client-B30EC828C355->c26939f8-4d1f-4fb1-95c4-1aa8f7e5d3f6@group-D25BE8053FEA, cid=1186, SUCCESS, logIndex=0, commits[c26939f8-4d1f-4fb1-95c4-1aa8f7e5d3f6:c1647, c5393538-959b-47cf-9d9c-19dac7bed4ee:c1646, a2e6e0ff-38a8-4bcf-9958-a89ff312531d:c1646]
2019-07-15 13:06:51,546 INFO  client.GrpcClientProtocolClient (GrpcClientProtocolClient.java:onNext(255)) - client-B30EC828C355->c26939f8-4d1f-4fb1-95c4-1aa8f7e5d3f6: receive RaftClientReply:client-B30EC828C355->c26939f8-4d1f-4fb1-95c4-1aa8f7e5d3f6@group-D25BE8053FEA, cid=1187, SUCCESS, logIndex=1649, commits[c26939f8-4d1f-4fb1-95c4-1aa8f7e5d3f6:c1650, c5393538-959b-47cf-9d9c-19dac7bed4ee:c1648, a2e6e0ff-38a8-4bcf-9958-a89ff312531d:c1648]
2019-07-15 13:06:51,547 INFO  client.GrpcClientProtocolClient (GrpcClientProtocolClient.java:onNext(255)) - client-B30EC828C355->c26939f8-4d1f-4fb1-95c4-1aa8f7e5d3f6: receive RaftClientReply:client-B30EC828C355->c26939f8-4d1f-4fb1-95c4-1aa8f7e5d3f6@group-D25BE8053FEA, cid=1188, SUCCESS, logIndex=1650, commits[c26939f8-4d1f-4fb1-95c4-1aa8f7e5d3f6:c1650, c5393538-959b-47cf-9d9c-19dac7bed4ee:c1648, a2e6e0ff-38a8-4bcf-9958-a89ff312531d:c1648]
2019-07-15 13:06:51,547 INFO  client.GrpcClientProtocolClient (GrpcClientProtocolClient.java:onNext(255)) - client-B30EC828C355->c26939f8-4d1f-4fb1-95c4-1aa8f7e5d3f6: receive RaftClientReply:client-B30EC828C355->c26939f8-4d1f-4fb1-95c4-1aa8f7e5d3f6@group-D25BE8053FEA, cid=1189, SUCCESS, logIndex=1651, commits[c26939f8-4d1f-4fb1-95c4-1aa8f7e5d3f6:c1652, c5393538-959b-47cf-9d9c-19dac7bed4ee:c1648, a2e6e0ff-38a8-4bcf-9958-a89ff312531d:c1648]
2019-07-15 13:06:51,547 INFO  client.GrpcClientProtocolClient (GrpcClientProtocolClient.java:onNext(255)) - client-B30EC828C355->c26939f8-4d1f-4fb1-95c4-1aa8f7e5d3f6: receive RaftClientReply:client-B30EC828C355->c26939f8-4d1f-4fb1-95c4-1aa8f7e5d3f6@group-D25BE8053FEA, cid=1190, SUCCESS, logIndex=1652, commits[c26939f8-4d1f-4fb1-95c4-1aa8f7e5d3f6:c1652, c5393538-959b-47cf-9d9c-19dac7bed4ee:c1648, a2e6e0ff-38a8-4bcf-9958-a89ff312531d:c1648]
2019-07-15 13:06:51,548 INFO  client.GrpcClientProtocolClient (GrpcClientProtocolClient.java:onNext(255)) - client-B30EC828C355->c26939f8-4d1f-4fb1-95c4-1aa8f7e5d3f6: receive RaftClientReply:client-B30EC828C355->c26939f8-4d1f-4fb1-95c4-1aa8f7e5d3f6@group-D25BE8053FEA, cid=1191, SUCCESS, logIndex=0, commits[c26939f8-4d1f-4fb1-95c4-1aa8f7e5d3f6:c1654, c5393538-959b-47cf-9d9c-19dac7bed4ee:c1650, a2e6e0ff-38a8-4bcf-9958-a89ff312531d:c1651]
2019-07-15 13:06:51,567 INFO  client.GrpcClientProtocolClient (GrpcClientProtocolClient.java:onNext(255)) - client-B30EC828C355->c26939f8-4d1f-4fb1-95c4-1aa8f7e5d3f6: receive RaftClientReply:client-B30EC828C355->c26939f8-4d1f-4fb1-95c4-1aa8f7e5d3f6@group-D25BE8053FEA, cid=1192, SUCCESS, logIndex=1657, commits[c26939f8-4d1f-4fb1-95c4-1aa8f7e5d3f6:c1658, c5393538-959b-47cf-9d9c-19dac7bed4ee:c1656, a2e6e0ff-38a8-4bcf-9958-a89ff312531d:c1656]
2019-07-15 13:06:51,568 INFO  client.GrpcClientProtocolClient (GrpcClientProtocolClient.java:onNext(255)) - client-B30EC828C355->c26939f8-4d1f-4fb1-95c4-1aa8f7e5d3f6: receive RaftClientReply:client-B30EC828C355->c26939f8-4d1f-4fb1-95c4-1aa8f7e5d3f6@group-D25BE8053FEA, cid=1193, SUCCESS, logIndex=1658, commits[c26939f8-4d1f-4fb1-95c4-1aa8f7e5d3f6:c1658, c5393538-959b-47cf-9d9c-19dac7bed4ee:c1656, a2e6e0ff-38a8-4bcf-9958-a89ff312531d:c1656]
2019-07-15 13:06:51,584 INFO  client.GrpcClientProtocolClient (GrpcClientProtocolClient.java:onNext(255)) - client-B30EC828C355->c26939f8-4d1f-4fb1-95c4-1aa8f7e5d3f6: receive RaftClientReply:client-B30EC828C355->c26939f8-4d1f-4fb1-95c4-1aa8f7e5d3f6@group-D25BE8053FEA, cid=1194, SUCCESS, logIndex=1661, commits[c26939f8-4d1f-4fb1-95c4-1aa8f7e5d3f6:c1662, c5393538-959b-47cf-9d9c-19dac7bed4ee:c1658, a2e6e0ff-38a8-4bcf-9958-a89ff312531d:c1658]
2019-07-15 13:06:51,584 INFO  client.GrpcClientProtocolClient (GrpcClientProtocolClient.java:onNext(255)) - client-B30EC828C355->c26939f8-4d1f-4fb1-95c4-1aa8f7e5d3f6: receive RaftClientReply:client-B30EC828C355->c26939f8-4d1f-4fb1-95c4-1aa8f7e5d3f6@group-D25BE8053FEA, cid=1195, SUCCESS, logIndex=1662, commits[c26939f8-4d1f-4fb1-95c4-1aa8f7e5d3f6:c1662, c5393538-959b-47cf-9d9c-19dac7bed4ee:c1658, a2e6e0ff-38a8-4bcf-9958-a89ff312531d:c1658]
2019-07-15 13:06:51,597 INFO  client.GrpcClientProtocolClient (GrpcClientProtocolClient.java:onNext(255)) - client-B30EC828C355->c26939f8-4d1f-4fb1-95c4-1aa8f7e5d3f6: receive RaftClientReply:client-B30EC828C355->c26939f8-4d1f-4fb1-95c4-1aa8f7e5d3f6@group-D25BE8053FEA, cid=1196, SUCCESS, logIndex=0, commits[c26939f8-4d1f-4fb1-95c4-1aa8f7e5d3f6:c1664, c5393538-959b-47cf-9d9c-19dac7bed4ee:c1662, a2e6e0ff-38a8-4bcf-9958-a89ff312531d:c1662]
2019-07-15 13:06:51,708 INFO  client.GrpcClientProtocolClient (GrpcClientProtocolClient.java:onNext(255)) - client-B30EC828C355->c26939f8-4d1f-4fb1-95c4-1aa8f7e5d3f6: receive RaftClientReply:client-B30EC828C355->c26939f8-4d1f-4fb1-95c4-1aa8f7e5d3f6@group-D25BE8053FEA, cid=1197, SUCCESS, logIndex=1665, commits[c26939f8-4d1f-4fb1-95c4-1aa8f7e5d3f6:c1666, c5393538-959b-47cf-9d9c-19dac7bed4ee:c1664, a2e6e0ff-38a8-4bcf-9958-a89ff312531d:c1664]
2019-07-15 13:06:51,709 INFO  client.GrpcClientProtocolClient (GrpcClientProtocolClient.java:onNext(255)) - client-B30EC828C355->c26939f8-4d1f-4fb1-95c4-1aa8f7e5d3f6: receive RaftClientReply:client-B30EC828C355->c26939f8-4d1f-4fb1-95c4-1aa8f7e5d3f6@group-D25BE8053FEA, cid=1198, SUCCESS, logIndex=1666, commits[c26939f8-4d1f-4fb1-95c4-1aa8f7e5d3f6:c1668, c5393538-959b-47cf-9d9c-19dac7bed4ee:c1664, a2e6e0ff-38a8-4bcf-9958-a89ff312531d:c1664]
2019-07-15 13:06:51,709 INFO  client.GrpcClientProtocolClient (GrpcClientProtocolClient.java:onNext(255)) - client-B30EC828C355->c26939f8-4d1f-4fb1-95c4-1aa8f7e5d3f6: receive RaftClientReply:client-B30EC828C355->c26939f8-4d1f-4fb1-95c4-1aa8f7e5d3f6@group-D25BE8053FEA, cid=1199, SUCCESS, logIndex=1667, commits[c26939f8-4d1f-4fb1-95c4-1aa8f7e5d3f6:c1668, c5393538-959b-47cf-9d9c-19dac7bed4ee:c1664, a2e6e0ff-38a8-4bcf-9958-a89ff312531d:c1664]
2019-07-15 13:06:51,710 INFO  client.GrpcClientProtocolClient (GrpcClientProtocolClient.java:onNext(255)) - client-B30EC828C355->c26939f8-4d1f-4fb1-95c4-1aa8f7e5d3f6: receive RaftClientReply:client-B30EC828C355->c26939f8-4d1f-4fb1-95c4-1aa8f7e5d3f6@group-D25BE8053FEA, cid=1200, SUCCESS, logIndex=1668, commits[c26939f8-4d1f-4fb1-95c4-1aa8f7e5d3f6:c1668, c5393538-959b-47cf-9d9c-19dac7bed4ee:c1664, a2e6e0ff-38a8-4bcf-9958-a89ff312531d:c1664]
2019-07-15 13:06:51,712 INFO  client.GrpcClientProtocolClient (GrpcClientProtocolClient.java:onNext(255)) - client-B30EC828C355->c26939f8-4d1f-4fb1-95c4-1aa8f7e5d3f6: receive RaftClientReply:client-B30EC828C355->c26939f8-4d1f-4fb1-95c4-1aa8f7e5d3f6@group-D25BE8053FEA, cid=1201, SUCCESS, logIndex=0, commits[c26939f8-4d1f-4fb1-95c4-1aa8f7e5d3f6:c1669, c5393538-959b-47cf-9d9c-19dac7bed4ee:c1666, a2e6e0ff-38a8-4bcf-9958-a89ff312531d:c1666]
2019-07-15 13:06:51,733 INFO  client.GrpcClientProtocolClient (GrpcClientProtocolClient.java:onNext(255)) - client-B30EC828C355->c26939f8-4d1f-4fb1-95c4-1aa8f7e5d3f6: receive RaftClientReply:client-B30EC828C355->c26939f8-4d1f-4fb1-95c4-1aa8f7e5d3f6@group-D25BE8053FEA, cid=1202, SUCCESS, logIndex=1673, commits[c26939f8-4d1f-4fb1-95c4-1aa8f7e5d3f6:c1674, c5393538-959b-47cf-9d9c-19dac7bed4ee:c1672, a2e6e0ff-38a8-4bcf-9958-a89ff312531d:c1672]
2019-07-15 13:06:51,734 INFO  client.GrpcClientProtocolClient (GrpcClientProtocolClient.java:onNext(255)) - client-B30EC828C355->c26939f8-4d1f-4fb1-95c4-1aa8f7e5d3f6: receive RaftClientReply:client-B30EC828C355->c26939f8-4d1f-4fb1-95c4-1aa8f7e5d3f6@group-D25BE8053FEA, cid=1203, SUCCESS, logIndex=1674, commits[c26939f8-4d1f-4fb1-95c4-1aa8f7e5d3f6:c1674, c5393538-959b-47cf-9d9c-19dac7bed4ee:c1672, a2e6e0ff-38a8-4bcf-9958-a89ff312531d:c1672]
2019-07-15 13:06:51,747 INFO  client.GrpcClientProtocolClient (GrpcClientProtocolClient.java:onNext(255)) - client-B30EC828C355->c26939f8-4d1f-4fb1-95c4-1aa8f7e5d3f6: receive RaftClientReply:client-B30EC828C355->c26939f8-4d1f-4fb1-95c4-1aa8f7e5d3f6@group-D25BE8053FEA, cid=1204, SUCCESS, logIndex=1677, commits[c26939f8-4d1f-4fb1-95c4-1aa8f7e5d3f6:c1678, c5393538-959b-47cf-9d9c-19dac7bed4ee:c1674, a2e6e0ff-38a8-4bcf-9958-a89ff312531d:c1674]
2019-07-15 13:06:51,747 INFO  client.GrpcClientProtocolClient (GrpcClientProtocolClient.java:onNext(255)) - client-B30EC828C355->c26939f8-4d1f-4fb1-95c4-1aa8f7e5d3f6: receive RaftClientReply:client-B30EC828C355->c26939f8-4d1f-4fb1-95c4-1aa8f7e5d3f6@group-D25BE8053FEA, cid=1205, SUCCESS, logIndex=1678, commits[c26939f8-4d1f-4fb1-95c4-1aa8f7e5d3f6:c1678, c5393538-959b-47cf-9d9c-19dac7bed4ee:c1674, a2e6e0ff-38a8-4bcf-9958-a89ff312531d:c1674]
 0.00% |█                                                                                                    |  0/1 Time: 0:00:062019-07-15 13:06:51,759 INFO  client.GrpcClientProtocolClient (GrpcClientProtocolClient.java:onNext(255)) - client-B30EC828C355->c26939f8-4d1f-4fb1-95c4-1aa8f7e5d3f6: receive RaftClientReply:client-B30EC828C355->c26939f8-4d1f-4fb1-95c4-1aa8f7e5d3f6@group-D25BE8053FEA, cid=1206, SUCCESS, logIndex=0, commits[c26939f8-4d1f-4fb1-95c4-1aa8f7e5d3f6:c1679, c5393538-959b-47cf-9d9c-19dac7bed4ee:c1678, a2e6e0ff-38a8-4bcf-9958-a89ff312531d:c1678]
2019-07-15 13:06:51,779 INFO  client.GrpcClientProtocolClient (GrpcClientProtocolClient.java:onNext(255)) - client-B30EC828C355->c26939f8-4d1f-4fb1-95c4-1aa8f7e5d3f6: receive RaftClientReply:client-B30EC828C355->c26939f8-4d1f-4fb1-95c4-1aa8f7e5d3f6@group-D25BE8053FEA, cid=1207, SUCCESS, logIndex=1681, commits[c26939f8-4d1f-4fb1-95c4-1aa8f7e5d3f6:c1682, c5393538-959b-47cf-9d9c-19dac7bed4ee:c1680, a2e6e0ff-38a8-4bcf-9958-a89ff312531d:c1680]
2019-07-15 13:06:51,780 INFO  client.GrpcClientProtocolClient (GrpcClientProtocolClient.java:onNext(255)) - client-B30EC828C355->c26939f8-4d1f-4fb1-95c4-1aa8f7e5d3f6: receive RaftClientReply:client-B30EC828C355->c26939f8-4d1f-4fb1-95c4-1aa8f7e5d3f6@group-D25BE8053FEA, cid=1208, SUCCESS, logIndex=1682, commits[c26939f8-4d1f-4fb1-95c4-1aa8f7e5d3f6:c1684, c5393538-959b-47cf-9d9c-19dac7bed4ee:c1680, a2e6e0ff-38a8-4bcf-9958-a89ff312531d:c1680]
2019-07-15 13:06:51,781 INFO  client.GrpcClientProtocolClient (GrpcClientProtocolClient.java:onNext(255)) - client-B30EC828C355->c26939f8-4d1f-4fb1-95c4-1aa8f7e5d3f6: receive RaftClientReply:client-B30EC828C355->c26939f8-4d1f-4fb1-95c4-1aa8f7e5d3f6@group-D25BE8053FEA, cid=1209, SUCCESS, logIndex=1683, commits[c26939f8-4d1f-4fb1-95c4-1aa8f7e5d3f6:c1684, c5393538-959b-47cf-9d9c-19dac7bed4ee:c1680, a2e6e0ff-38a8-4bcf-9958-a89ff312531d:c1680]
2019-07-15 13:06:51,781 INFO  client.GrpcClientProtocolClient (GrpcClientProtocolClient.java:onNext(255)) - client-B30EC828C355->c26939f8-4d1f-4fb1-95c4-1aa8f7e5d3f6: receive RaftClientReply:client-B30EC828C355->c26939f8-4d1f-4fb1-95c4-1aa8f7e5d3f6@group-D25BE8053FEA, cid=1210, SUCCESS, logIndex=1684, commits[c26939f8-4d1f-4fb1-95c4-1aa8f7e5d3f6:c1684, c5393538-959b-47cf-9d9c-19dac7bed4ee:c1680, a2e6e0ff-38a8-4bcf-9958-a89ff312531d:c1680]
2019-07-15 13:06:51,783 INFO  client.GrpcClientProtocolClient (GrpcClientProtocolClient.java:onNext(255)) - client-B30EC828C355->c26939f8-4d1f-4fb1-95c4-1aa8f7e5d3f6: receive RaftClientReply:client-B30EC828C355->c26939f8-4d1f-4fb1-95c4-1aa8f7e5d3f6@group-D25BE8053FEA, cid=1211, SUCCESS, logIndex=0, commits[c26939f8-4d1f-4fb1-95c4-1aa8f7e5d3f6:c1687, c5393538-959b-47cf-9d9c-19dac7bed4ee:c1682, a2e6e0ff-38a8-4bcf-9958-a89ff312531d:c1684]
2019-07-15 13:06:51,804 INFO  client.GrpcClientProtocolClient (GrpcClientProtocolClient.java:onNext(255)) - client-B30EC828C355->c26939f8-4d1f-4fb1-95c4-1aa8f7e5d3f6: receive RaftClientReply:client-B30EC828C355->c26939f8-4d1f-4fb1-95c4-1aa8f7e5d3f6@group-D25BE8053FEA, cid=1212, SUCCESS, logIndex=1688, commits[c26939f8-4d1f-4fb1-95c4-1aa8f7e5d3f6:c1689, c5393538-959b-47cf-9d9c-19dac7bed4ee:c1687, a2e6e0ff-38a8-4bcf-9958-a89ff312531d:c1687]
2019-07-15 13:06:51,804 INFO  client.GrpcClientProtocolClient (GrpcClientProtocolClient.java:onNext(255)) - client-B30EC828C355->c26939f8-4d1f-4fb1-95c4-1aa8f7e5d3f6: receive RaftClientReply:client-B30EC828C355->c26939f8-4d1f-4fb1-95c4-1aa8f7e5d3f6@group-D25BE8053FEA, cid=1213, SUCCESS, logIndex=1689, commits[c26939f8-4d1f-4fb1-95c4-1aa8f7e5d3f6:c1689, c5393538-959b-47cf-9d9c-19dac7bed4ee:c1687, a2e6e0ff-38a8-4bcf-9958-a89ff312531d:c1687]
2019-07-15 13:06:51,817 INFO  client.GrpcClientProtocolClient (GrpcClientProtocolClient.java:onNext(255)) - client-B30EC828C355->c26939f8-4d1f-4fb1-95c4-1aa8f7e5d3f6: receive RaftClientReply:client-B30EC828C355->c26939f8-4d1f-4fb1-95c4-1aa8f7e5d3f6@group-D25BE8053FEA, cid=1214, SUCCESS, logIndex=1692, commits[c26939f8-4d1f-4fb1-95c4-1aa8f7e5d3f6:c1693, c5393538-959b-47cf-9d9c-19dac7bed4ee:c1688, a2e6e0ff-38a8-4bcf-9958-a89ff312531d:c1689]
2019-07-15 13:06:51,817 INFO  client.GrpcClientProtocolClient (GrpcClientProtocolClient.java:onNext(255)) - client-B30EC828C355->c26939f8-4d1f-4fb1-95c4-1aa8f7e5d3f6: receive RaftClientReply:client-B30EC828C355->c26939f8-4d1f-4fb1-95c4-1aa8f7e5d3f6@group-D25BE8053FEA, cid=1215, SUCCESS, logIndex=1693, commits[c26939f8-4d1f-4fb1-95c4-1aa8f7e5d3f6:c1693, c5393538-959b-47cf-9d9c-19dac7bed4ee:c1689, a2e6e0ff-38a8-4bcf-9958-a89ff312531d:c1689]
2019-07-15 13:06:51,819 INFO  client.GrpcClientProtocolClient (GrpcClientProtocolClient.java:onNext(255)) - client-B30EC828C355->c26939f8-4d1f-4fb1-95c4-1aa8f7e5d3f6: receive RaftClientReply:client-B30EC828C355->c26939f8-4d1f-4fb1-95c4-1aa8f7e5d3f6@group-D25BE8053FEA, cid=1216, SUCCESS, logIndex=0, commits[c26939f8-4d1f-4fb1-95c4-1aa8f7e5d3f6:c1694, c5393538-959b-47cf-9d9c-19dac7bed4ee:c1693, a2e6e0ff-38a8-4bcf-9958-a89ff312531d:c1693]
2019-07-15 13:06:51,840 INFO  client.GrpcClientProtocolClient (GrpcClientProtocolClient.java:onNext(255)) - client-B30EC828C355->c26939f8-4d1f-4fb1-95c4-1aa8f7e5d3f6: receive RaftClientReply:client-B30EC828C355->c26939f8-4d1f-4fb1-95c4-1aa8f7e5d3f6@group-D25BE8053FEA, cid=1217, SUCCESS, logIndex=1696, commits[c26939f8-4d1f-4fb1-95c4-1aa8f7e5d3f6:c1698, c5393538-959b-47cf-9d9c-19dac7bed4ee:c1695, a2e6e0ff-38a8-4bcf-9958-a89ff312531d:c1695]
2019-07-15 13:06:51,841 INFO  client.GrpcClientProtocolClient (GrpcClientProtocolClient.java:onNext(255)) - client-B30EC828C355->c26939f8-4d1f-4fb1-95c4-1aa8f7e5d3f6: receive RaftClientReply:client-B30EC828C355->c26939f8-4d1f-4fb1-95c4-1aa8f7e5d3f6@group-D25BE8053FEA, cid=1218, SUCCESS, logIndex=1697, commits[c26939f8-4d1f-4fb1-95c4-1aa8f7e5d3f6:c1699, c5393538-959b-47cf-9d9c-19dac7bed4ee:c1695, a2e6e0ff-38a8-4bcf-9958-a89ff312531d:c1695]
2019-07-15 13:06:51,841 INFO  client.GrpcClientProtocolClient (GrpcClientProtocolClient.java:onNext(255)) - client-B30EC828C355->c26939f8-4d1f-4fb1-95c4-1aa8f7e5d3f6: receive RaftClientReply:client-B30EC828C355->c26939f8-4d1f-4fb1-95c4-1aa8f7e5d3f6@group-D25BE8053FEA, cid=1219, SUCCESS, logIndex=1698, commits[c26939f8-4d1f-4fb1-95c4-1aa8f7e5d3f6:c1699, c5393538-959b-47cf-9d9c-19dac7bed4ee:c1695, a2e6e0ff-38a8-4bcf-9958-a89ff312531d:c1695]
2019-07-15 13:06:51,842 INFO  client.GrpcClientProtocolClient (GrpcClientProtocolClient.java:onNext(255)) - client-B30EC828C355->c26939f8-4d1f-4fb1-95c4-1aa8f7e5d3f6: receive RaftClientReply:client-B30EC828C355->c26939f8-4d1f-4fb1-95c4-1aa8f7e5d3f6@group-D25BE8053FEA, cid=1220, SUCCESS, logIndex=1699, commits[c26939f8-4d1f-4fb1-95c4-1aa8f7e5d3f6:c1700, c5393538-959b-47cf-9d9c-19dac7bed4ee:c1697, a2e6e0ff-38a8-4bcf-9958-a89ff312531d:c1695]
2019-07-15 13:06:51,843 INFO  client.GrpcClientProtocolClient (GrpcClientProtocolClient.java:onNext(255)) - client-B30EC828C355->c26939f8-4d1f-4fb1-95c4-1aa8f7e5d3f6: receive RaftClientReply:client-B30EC828C355->c26939f8-4d1f-4fb1-95c4-1aa8f7e5d3f6@group-D25BE8053FEA, cid=1221, SUCCESS, logIndex=0, commits[c26939f8-4d1f-4fb1-95c4-1aa8f7e5d3f6:c1703, c5393538-959b-47cf-9d9c-19dac7bed4ee:c1699, a2e6e0ff-38a8-4bcf-9958-a89ff312531d:c1699]
2019-07-15 13:06:51,863 INFO  client.GrpcClientProtocolClient (GrpcClientProtocolClient.java:onNext(255)) - client-B30EC828C355->c26939f8-4d1f-4fb1-95c4-1aa8f7e5d3f6: receive RaftClientReply:client-B30EC828C355->c26939f8-4d1f-4fb1-95c4-1aa8f7e5d3f6@group-D25BE8053FEA, cid=1222, SUCCESS, logIndex=1704, commits[c26939f8-4d1f-4fb1-95c4-1aa8f7e5d3f6:c1705, c5393538-959b-47cf-9d9c-19dac7bed4ee:c1703, a2e6e0ff-38a8-4bcf-9958-a89ff312531d:c1703]
2019-07-15 13:06:51,863 INFO  client.GrpcClientProtocolClient (GrpcClientProtocolClient.java:onNext(255)) - client-B30EC828C355->c26939f8-4d1f-4fb1-95c4-1aa8f7e5d3f6: receive RaftClientReply:client-B30EC828C355->c26939f8-4d1f-4fb1-95c4-1aa8f7e5d3f6@group-D25BE8053FEA, cid=1223, SUCCESS, logIndex=1705, commits[c26939f8-4d1f-4fb1-95c4-1aa8f7e5d3f6:c1705, c5393538-959b-47cf-9d9c-19dac7bed4ee:c1703, a2e6e0ff-38a8-4bcf-9958-a89ff312531d:c1703]
2019-07-15 13:06:51,876 INFO  client.GrpcClientProtocolClient (GrpcClientProtocolClient.java:onNext(255)) - client-B30EC828C355->c26939f8-4d1f-4fb1-95c4-1aa8f7e5d3f6: receive RaftClientReply:client-B30EC828C355->c26939f8-4d1f-4fb1-95c4-1aa8f7e5d3f6@group-D25BE8053FEA, cid=1224, SUCCESS, logIndex=1708, commits[c26939f8-4d1f-4fb1-95c4-1aa8f7e5d3f6:c1709, c5393538-959b-47cf-9d9c-19dac7bed4ee:c1705, a2e6e0ff-38a8-4bcf-9958-a89ff312531d:c1704]
2019-07-15 13:06:51,877 INFO  client.GrpcClientProtocolClient (GrpcClientProtocolClient.java:onNext(255)) - client-B30EC828C355->c26939f8-4d1f-4fb1-95c4-1aa8f7e5d3f6: receive RaftClientReply:client-B30EC828C355->c26939f8-4d1f-4fb1-95c4-1aa8f7e5d3f6@group-D25BE8053FEA, cid=1225, SUCCESS, logIndex=1709, commits[c26939f8-4d1f-4fb1-95c4-1aa8f7e5d3f6:c1709, c5393538-959b-47cf-9d9c-19dac7bed4ee:c1705, a2e6e0ff-38a8-4bcf-9958-a89ff312531d:c1705]
2019-07-15 13:06:51,879 INFO  client.GrpcClientProtocolClient (GrpcClientProtocolClient.java:onNext(255)) - client-B30EC828C355->c26939f8-4d1f-4fb1-95c4-1aa8f7e5d3f6: receive RaftClientReply:client-B30EC828C355->c26939f8-4d1f-4fb1-95c4-1aa8f7e5d3f6@group-D25BE8053FEA, cid=1226, SUCCESS, logIndex=0, commits[c26939f8-4d1f-4fb1-95c4-1aa8f7e5d3f6:c1711, c5393538-959b-47cf-9d9c-19dac7bed4ee:c1709, a2e6e0ff-38a8-4bcf-9958-a89ff312531d:c1709]
2019-07-15 13:06:51,904 INFO  client.GrpcClientProtocolClient (GrpcClientProtocolClient.java:onNext(255)) - client-B30EC828C355->c26939f8-4d1f-4fb1-95c4-1aa8f7e5d3f6: receive RaftClientReply:client-B30EC828C355->c26939f8-4d1f-4fb1-95c4-1aa8f7e5d3f6@group-D25BE8053FEA, cid=1227, SUCCESS, logIndex=1712, commits[c26939f8-4d1f-4fb1-95c4-1aa8f7e5d3f6:c1713, c5393538-959b-47cf-9d9c-19dac7bed4ee:c1709, a2e6e0ff-38a8-4bcf-9958-a89ff312531d:c1711]
2019-07-15 13:06:51,905 INFO  client.GrpcClientProtocolClient (GrpcClientProtocolClient.java:onNext(255)) - client-B30EC828C355->c26939f8-4d1f-4fb1-95c4-1aa8f7e5d3f6: receive RaftClientReply:client-B30EC828C355->c26939f8-4d1f-4fb1-95c4-1aa8f7e5d3f6@group-D25BE8053FEA, cid=1228, SUCCESS, logIndex=1713, commits[c26939f8-4d1f-4fb1-95c4-1aa8f7e5d3f6:c1715, c5393538-959b-47cf-9d9c-19dac7bed4ee:c1711, a2e6e0ff-38a8-4bcf-9958-a89ff312531d:c1711]
2019-07-15 13:06:51,905 INFO  client.GrpcClientProtocolClient (GrpcClientProtocolClient.java:onNext(255)) - client-B30EC828C355->c26939f8-4d1f-4fb1-95c4-1aa8f7e5d3f6: receive RaftClientReply:client-B30EC828C355->c26939f8-4d1f-4fb1-95c4-1aa8f7e5d3f6@group-D25BE8053FEA, cid=1229, SUCCESS, logIndex=1714, commits[c26939f8-4d1f-4fb1-95c4-1aa8f7e5d3f6:c1715, c5393538-959b-47cf-9d9c-19dac7bed4ee:c1711, a2e6e0ff-38a8-4bcf-9958-a89ff312531d:c1711]
2019-07-15 13:06:51,906 INFO  client.GrpcClientProtocolClient (GrpcClientProtocolClient.java:onNext(255)) - client-B30EC828C355->c26939f8-4d1f-4fb1-95c4-1aa8f7e5d3f6: receive RaftClientReply:client-B30EC828C355->c26939f8-4d1f-4fb1-95c4-1aa8f7e5d3f6@group-D25BE8053FEA, cid=1230, SUCCESS, logIndex=1715, commits[c26939f8-4d1f-4fb1-95c4-1aa8f7e5d3f6:c1716, c5393538-959b-47cf-9d9c-19dac7bed4ee:c1711, a2e6e0ff-38a8-4bcf-9958-a89ff312531d:c1712]
2019-07-15 13:06:51,907 INFO  client.GrpcClientProtocolClient (GrpcClientProtocolClient.java:onNext(255)) - client-B30EC828C355->c26939f8-4d1f-4fb1-95c4-1aa8f7e5d3f6: receive RaftClientReply:client-B30EC828C355->c26939f8-4d1f-4fb1-95c4-1aa8f7e5d3f6@group-D25BE8053FEA, cid=1231, SUCCESS, logIndex=0, commits[c26939f8-4d1f-4fb1-95c4-1aa8f7e5d3f6:c1718, c5393538-959b-47cf-9d9c-19dac7bed4ee:c1713, a2e6e0ff-38a8-4bcf-9958-a89ff312531d:c1715]
2019-07-15 13:06:51,926 INFO  client.GrpcClientProtocolClient (GrpcClientProtocolClient.java:onNext(255)) - client-B30EC828C355->c26939f8-4d1f-4fb1-95c4-1aa8f7e5d3f6: receive RaftClientReply:client-B30EC828C355->c26939f8-4d1f-4fb1-95c4-1aa8f7e5d3f6@group-D25BE8053FEA, cid=1232, SUCCESS, logIndex=1719, commits[c26939f8-4d1f-4fb1-95c4-1aa8f7e5d3f6:c1720, c5393538-959b-47cf-9d9c-19dac7bed4ee:c1718, a2e6e0ff-38a8-4bcf-9958-a89ff312531d:c1718]
2019-07-15 13:06:51,926 INFO  client.GrpcClientProtocolClient (GrpcClientProtocolClient.java:onNext(255)) - client-B30EC828C355->c26939f8-4d1f-4fb1-95c4-1aa8f7e5d3f6: receive RaftClientReply:client-B30EC828C355->c26939f8-4d1f-4fb1-95c4-1aa8f7e5d3f6@group-D25BE8053FEA, cid=1233, SUCCESS, logIndex=1720, commits[c26939f8-4d1f-4fb1-95c4-1aa8f7e5d3f6:c1720, c5393538-959b-47cf-9d9c-19dac7bed4ee:c1718, a2e6e0ff-38a8-4bcf-9958-a89ff312531d:c1718]
2019-07-15 13:06:51,952 INFO  client.GrpcClientProtocolClient (GrpcClientProtocolClient.java:onNext(255)) - client-B30EC828C355->c26939f8-4d1f-4fb1-95c4-1aa8f7e5d3f6: receive RaftClientReply:client-B30EC828C355->c26939f8-4d1f-4fb1-95c4-1aa8f7e5d3f6@group-D25BE8053FEA, cid=1234, SUCCESS, logIndex=1723, commits[c26939f8-4d1f-4fb1-95c4-1aa8f7e5d3f6:c1723, c5393538-959b-47cf-9d9c-19dac7bed4ee:c1720, a2e6e0ff-38a8-4bcf-9958-a89ff312531d:c1720]
2019-07-15 13:06:51,953 INFO  client.GrpcClientProtocolClient (GrpcClientProtocolClient.java:onNext(255)) - client-B30EC828C355->c26939f8-4d1f-4fb1-95c4-1aa8f7e5d3f6: receive RaftClientReply:client-B30EC828C355->c26939f8-4d1f-4fb1-95c4-1aa8f7e5d3f6@group-D25BE8053FEA, cid=1235, SUCCESS, logIndex=1724, commits[c26939f8-4d1f-4fb1-95c4-1aa8f7e5d3f6:c1724, c5393538-959b-47cf-9d9c-19dac7bed4ee:c1720, a2e6e0ff-38a8-4bcf-9958-a89ff312531d:c1720]
2019-07-15 13:06:51,965 INFO  client.GrpcClientProtocolClient (GrpcClientProtocolClient.java:onNext(255)) - client-B30EC828C355->c26939f8-4d1f-4fb1-95c4-1aa8f7e5d3f6: receive RaftClientReply:client-B30EC828C355->c26939f8-4d1f-4fb1-95c4-1aa8f7e5d3f6@group-D25BE8053FEA, cid=1236, SUCCESS, logIndex=0, commits[c26939f8-4d1f-4fb1-95c4-1aa8f7e5d3f6:c1726, c5393538-959b-47cf-9d9c-19dac7bed4ee:c1724, a2e6e0ff-38a8-4bcf-9958-a89ff312531d:c1724]
2019-07-15 13:06:52,006 INFO  client.GrpcClientProtocolClient (GrpcClientProtocolClient.java:onNext(255)) - client-B30EC828C355->c26939f8-4d1f-4fb1-95c4-1aa8f7e5d3f6: receive RaftClientReply:client-B30EC828C355->c26939f8-4d1f-4fb1-95c4-1aa8f7e5d3f6@group-D25BE8053FEA, cid=1237, SUCCESS, logIndex=1727, commits[c26939f8-4d1f-4fb1-95c4-1aa8f7e5d3f6:c1728, c5393538-959b-47cf-9d9c-19dac7bed4ee:c1726, a2e6e0ff-38a8-4bcf-9958-a89ff312531d:c1726]
2019-07-15 13:06:52,006 INFO  client.GrpcClientProtocolClient (GrpcClientProtocolClient.java:onNext(255)) - client-B30EC828C355->c26939f8-4d1f-4fb1-95c4-1aa8f7e5d3f6: receive RaftClientReply:client-B30EC828C355->c26939f8-4d1f-4fb1-95c4-1aa8f7e5d3f6@group-D25BE8053FEA, cid=1238, SUCCESS, logIndex=1728, commits[c26939f8-4d1f-4fb1-95c4-1aa8f7e5d3f6:c1728, c5393538-959b-47cf-9d9c-19dac7bed4ee:c1726, a2e6e0ff-38a8-4bcf-9958-a89ff312531d:c1726]
2019-07-15 13:06:52,007 INFO  client.GrpcClientProtocolClient (GrpcClientProtocolClient.java:onNext(255)) - client-B30EC828C355->c26939f8-4d1f-4fb1-95c4-1aa8f7e5d3f6: receive RaftClientReply:client-B30EC828C355->c26939f8-4d1f-4fb1-95c4-1aa8f7e5d3f6@group-D25BE8053FEA, cid=1239, SUCCESS, logIndex=1729, commits[c26939f8-4d1f-4fb1-95c4-1aa8f7e5d3f6:c1730, c5393538-959b-47cf-9d9c-19dac7bed4ee:c1726, a2e6e0ff-38a8-4bcf-9958-a89ff312531d:c1726]
2019-07-15 13:06:52,007 INFO  client.GrpcClientProtocolClient (GrpcClientProtocolClient.java:onNext(255)) - client-B30EC828C355->c26939f8-4d1f-4fb1-95c4-1aa8f7e5d3f6: receive RaftClientReply:client-B30EC828C355->c26939f8-4d1f-4fb1-95c4-1aa8f7e5d3f6@group-D25BE8053FEA, cid=1240, SUCCESS, logIndex=1730, commits[c26939f8-4d1f-4fb1-95c4-1aa8f7e5d3f6:c1730, c5393538-959b-47cf-9d9c-19dac7bed4ee:c1726, a2e6e0ff-38a8-4bcf-9958-a89ff312531d:c1726]
2019-07-15 13:06:52,009 INFO  client.GrpcClientProtocolClient (GrpcClientProtocolClient.java:onNext(255)) - client-B30EC828C355->c26939f8-4d1f-4fb1-95c4-1aa8f7e5d3f6: receive RaftClientReply:client-B30EC828C355->c26939f8-4d1f-4fb1-95c4-1aa8f7e5d3f6@group-D25BE8053FEA, cid=1241, SUCCESS, logIndex=0, commits[c26939f8-4d1f-4fb1-95c4-1aa8f7e5d3f6:c1732, c5393538-959b-47cf-9d9c-19dac7bed4ee:c1728, a2e6e0ff-38a8-4bcf-9958-a89ff312531d:c1728]
2019-07-15 13:06:52,030 INFO  client.GrpcClientProtocolClient (GrpcClientProtocolClient.java:onNext(255)) - client-B30EC828C355->c26939f8-4d1f-4fb1-95c4-1aa8f7e5d3f6: receive RaftClientReply:client-B30EC828C355->c26939f8-4d1f-4fb1-95c4-1aa8f7e5d3f6@group-D25BE8053FEA, cid=1242, SUCCESS, logIndex=1735, commits[c26939f8-4d1f-4fb1-95c4-1aa8f7e5d3f6:c1736, c5393538-959b-47cf-9d9c-19dac7bed4ee:c1734, a2e6e0ff-38a8-4bcf-9958-a89ff312531d:c1734]
2019-07-15 13:06:52,030 INFO  client.GrpcClientProtocolClient (GrpcClientProtocolClient.java:onNext(255)) - client-B30EC828C355->c26939f8-4d1f-4fb1-95c4-1aa8f7e5d3f6: receive RaftClientReply:client-B30EC828C355->c26939f8-4d1f-4fb1-95c4-1aa8f7e5d3f6@group-D25BE8053FEA, cid=1243, SUCCESS, logIndex=1736, commits[c26939f8-4d1f-4fb1-95c4-1aa8f7e5d3f6:c1736, c5393538-959b-47cf-9d9c-19dac7bed4ee:c1734, a2e6e0ff-38a8-4bcf-9958-a89ff312531d:c1734]
2019-07-15 13:06:52,043 INFO  client.GrpcClientProtocolClient (GrpcClientProtocolClient.java:onNext(255)) - client-B30EC828C355->c26939f8-4d1f-4fb1-95c4-1aa8f7e5d3f6: receive RaftClientReply:client-B30EC828C355->c26939f8-4d1f-4fb1-95c4-1aa8f7e5d3f6@group-D25BE8053FEA, cid=1244, SUCCESS, logIndex=1739, commits[c26939f8-4d1f-4fb1-95c4-1aa8f7e5d3f6:c1740, c5393538-959b-47cf-9d9c-19dac7bed4ee:c1736, a2e6e0ff-38a8-4bcf-9958-a89ff312531d:c1736]
2019-07-15 13:06:52,044 INFO  client.GrpcClientProtocolClient (GrpcClientProtocolClient.java:onNext(255)) - client-B30EC828C355->c26939f8-4d1f-4fb1-95c4-1aa8f7e5d3f6: receive RaftClientReply:client-B30EC828C355->c26939f8-4d1f-4fb1-95c4-1aa8f7e5d3f6@group-D25BE8053FEA, cid=1245, SUCCESS, logIndex=1740, commits[c26939f8-4d1f-4fb1-95c4-1aa8f7e5d3f6:c1740, c5393538-959b-47cf-9d9c-19dac7bed4ee:c1736, a2e6e0ff-38a8-4bcf-9958-a89ff312531d:c1736]
2019-07-15 13:06:52,056 INFO  client.GrpcClientProtocolClient (GrpcClientProtocolClient.java:onNext(255)) - client-B30EC828C355->c26939f8-4d1f-4fb1-95c4-1aa8f7e5d3f6: receive RaftClientReply:client-B30EC828C355->c26939f8-4d1f-4fb1-95c4-1aa8f7e5d3f6@group-D25BE8053FEA, cid=1246, SUCCESS, logIndex=0, commits[c26939f8-4d1f-4fb1-95c4-1aa8f7e5d3f6:c1742, c5393538-959b-47cf-9d9c-19dac7bed4ee:c1740, a2e6e0ff-38a8-4bcf-9958-a89ff312531d:c1740]
2019-07-15 13:06:52,102 INFO  client.GrpcClientProtocolClient (GrpcClientProtocolClient.java:onNext(255)) - client-B30EC828C355->c26939f8-4d1f-4fb1-95c4-1aa8f7e5d3f6: receive RaftClientReply:client-B30EC828C355->c26939f8-4d1f-4fb1-95c4-1aa8f7e5d3f6@group-D25BE8053FEA, cid=1247, SUCCESS, logIndex=1743, commits[c26939f8-4d1f-4fb1-95c4-1aa8f7e5d3f6:c1744, c5393538-959b-47cf-9d9c-19dac7bed4ee:c1742, a2e6e0ff-38a8-4bcf-9958-a89ff312531d:c1742]
2019-07-15 13:06:52,102 INFO  client.GrpcClientProtocolClient (GrpcClientProtocolClient.java:onNext(255)) - client-B30EC828C355->c26939f8-4d1f-4fb1-95c4-1aa8f7e5d3f6: receive RaftClientReply:client-B30EC828C355->c26939f8-4d1f-4fb1-95c4-1aa8f7e5d3f6@group-D25BE8053FEA, cid=1248, SUCCESS, logIndex=1744, commits[c26939f8-4d1f-4fb1-95c4-1aa8f7e5d3f6:c1744, c5393538-959b-47cf-9d9c-19dac7bed4ee:c1742, a2e6e0ff-38a8-4bcf-9958-a89ff312531d:c1742]
2019-07-15 13:06:52,103 INFO  client.GrpcClientProtocolClient (GrpcClientProtocolClient.java:onNext(255)) - client-B30EC828C355->c26939f8-4d1f-4fb1-95c4-1aa8f7e5d3f6: receive RaftClientReply:client-B30EC828C355->c26939f8-4d1f-4fb1-95c4-1aa8f7e5d3f6@group-D25BE8053FEA, cid=1249, SUCCESS, logIndex=1745, commits[c26939f8-4d1f-4fb1-95c4-1aa8f7e5d3f6:c1745, c5393538-959b-47cf-9d9c-19dac7bed4ee:c1742, a2e6e0ff-38a8-4bcf-9958-a89ff312531d:c1742]
2019-07-15 13:06:52,104 INFO  client.GrpcClientProtocolClient (GrpcClientProtocolClient.java:onNext(255)) - client-B30EC828C355->c26939f8-4d1f-4fb1-95c4-1aa8f7e5d3f6: receive RaftClientReply:client-B30EC828C355->c26939f8-4d1f-4fb1-95c4-1aa8f7e5d3f6@group-D25BE8053FEA, cid=1250, SUCCESS, logIndex=1746, commits[c26939f8-4d1f-4fb1-95c4-1aa8f7e5d3f6:c1746, c5393538-959b-47cf-9d9c-19dac7bed4ee:c1742, a2e6e0ff-38a8-4bcf-9958-a89ff312531d:c1742]
2019-07-15 13:06:52,105 INFO  client.GrpcClientProtocolClient (GrpcClientProtocolClient.java:onNext(255)) - client-B30EC828C355->c26939f8-4d1f-4fb1-95c4-1aa8f7e5d3f6: receive RaftClientReply:client-B30EC828C355->c26939f8-4d1f-4fb1-95c4-1aa8f7e5d3f6@group-D25BE8053FEA, cid=1251, SUCCESS, logIndex=0, commits[c26939f8-4d1f-4fb1-95c4-1aa8f7e5d3f6:c1750, c5393538-959b-47cf-9d9c-19dac7bed4ee:c1745, a2e6e0ff-38a8-4bcf-9958-a89ff312531d:c1746]
2019-07-15 13:06:52,134 INFO  client.GrpcClientProtocolClient (GrpcClientProtocolClient.java:onNext(255)) - client-B30EC828C355->c26939f8-4d1f-4fb1-95c4-1aa8f7e5d3f6: receive RaftClientReply:client-B30EC828C355->c26939f8-4d1f-4fb1-95c4-1aa8f7e5d3f6@group-D25BE8053FEA, cid=1252, SUCCESS, logIndex=1751, commits[c26939f8-4d1f-4fb1-95c4-1aa8f7e5d3f6:c1752, c5393538-959b-47cf-9d9c-19dac7bed4ee:c1750, a2e6e0ff-38a8-4bcf-9958-a89ff312531d:c1750]
2019-07-15 13:06:52,134 INFO  client.GrpcClientProtocolClient (GrpcClientProtocolClient.java:onNext(255)) - client-B30EC828C355->c26939f8-4d1f-4fb1-95c4-1aa8f7e5d3f6: receive RaftClientReply:client-B30EC828C355->c26939f8-4d1f-4fb1-95c4-1aa8f7e5d3f6@group-D25BE8053FEA, cid=1253, SUCCESS, logIndex=1752, commits[c26939f8-4d1f-4fb1-95c4-1aa8f7e5d3f6:c1752, c5393538-959b-47cf-9d9c-19dac7bed4ee:c1750, a2e6e0ff-38a8-4bcf-9958-a89ff312531d:c1750]
2019-07-15 13:06:52,148 INFO  client.GrpcClientProtocolClient (GrpcClientProtocolClient.java:onNext(255)) - client-B30EC828C355->c26939f8-4d1f-4fb1-95c4-1aa8f7e5d3f6: receive RaftClientReply:client-B30EC828C355->c26939f8-4d1f-4fb1-95c4-1aa8f7e5d3f6@group-D25BE8053FEA, cid=1254, SUCCESS, logIndex=1755, commits[c26939f8-4d1f-4fb1-95c4-1aa8f7e5d3f6:c1756, c5393538-959b-47cf-9d9c-19dac7bed4ee:c1752, a2e6e0ff-38a8-4bcf-9958-a89ff312531d:c1752]
2019-07-15 13:06:52,148 INFO  client.GrpcClientProtocolClient (GrpcClientProtocolClient.java:onNext(255)) - client-B30EC828C355->c26939f8-4d1f-4fb1-95c4-1aa8f7e5d3f6: receive RaftClientReply:client-B30EC828C355->c26939f8-4d1f-4fb1-95c4-1aa8f7e5d3f6@group-D25BE8053FEA, cid=1255, SUCCESS, logIndex=1756, commits[c26939f8-4d1f-4fb1-95c4-1aa8f7e5d3f6:c1756, c5393538-959b-47cf-9d9c-19dac7bed4ee:c1752, a2e6e0ff-38a8-4bcf-9958-a89ff312531d:c1752]
2019-07-15 13:06:52,150 INFO  client.GrpcClientProtocolClient (GrpcClientProtocolClient.java:onNext(255)) - client-B30EC828C355->c26939f8-4d1f-4fb1-95c4-1aa8f7e5d3f6: receive RaftClientReply:client-B30EC828C355->c26939f8-4d1f-4fb1-95c4-1aa8f7e5d3f6@group-D25BE8053FEA, cid=1256, SUCCESS, logIndex=0, commits[c26939f8-4d1f-4fb1-95c4-1aa8f7e5d3f6:c1758, c5393538-959b-47cf-9d9c-19dac7bed4ee:c1756, a2e6e0ff-38a8-4bcf-9958-a89ff312531d:c1756]
2019-07-15 13:06:52,184 INFO  client.GrpcClientProtocolClient (GrpcClientProtocolClient.java:onNext(255)) - client-B30EC828C355->c26939f8-4d1f-4fb1-95c4-1aa8f7e5d3f6: receive RaftClientReply:client-B30EC828C355->c26939f8-4d1f-4fb1-95c4-1aa8f7e5d3f6@group-D25BE8053FEA, cid=1257, SUCCESS, logIndex=1759, commits[c26939f8-4d1f-4fb1-95c4-1aa8f7e5d3f6:c1760, c5393538-959b-47cf-9d9c-19dac7bed4ee:c1758, a2e6e0ff-38a8-4bcf-9958-a89ff312531d:c1758]
2019-07-15 13:06:52,185 INFO  client.GrpcClientProtocolClient (GrpcClientProtocolClient.java:onNext(255)) - client-B30EC828C355->c26939f8-4d1f-4fb1-95c4-1aa8f7e5d3f6: receive RaftClientReply:client-B30EC828C355->c26939f8-4d1f-4fb1-95c4-1aa8f7e5d3f6@group-D25BE8053FEA, cid=1258, SUCCESS, logIndex=1760, commits[c26939f8-4d1f-4fb1-95c4-1aa8f7e5d3f6:c1762, c5393538-959b-47cf-9d9c-19dac7bed4ee:c1758, a2e6e0ff-38a8-4bcf-9958-a89ff312531d:c1758]
2019-07-15 13:06:52,185 INFO  client.GrpcClientProtocolClient (GrpcClientProtocolClient.java:onNext(255)) - client-B30EC828C355->c26939f8-4d1f-4fb1-95c4-1aa8f7e5d3f6: receive RaftClientReply:client-B30EC828C355->c26939f8-4d1f-4fb1-95c4-1aa8f7e5d3f6@group-D25BE8053FEA, cid=1259, SUCCESS, logIndex=1761, commits[c26939f8-4d1f-4fb1-95c4-1aa8f7e5d3f6:c1762, c5393538-959b-47cf-9d9c-19dac7bed4ee:c1758, a2e6e0ff-38a8-4bcf-9958-a89ff312531d:c1758]
2019-07-15 13:06:52,185 INFO  client.GrpcClientProtocolClient (GrpcClientProtocolClient.java:onNext(255)) - client-B30EC828C355->c26939f8-4d1f-4fb1-95c4-1aa8f7e5d3f6: receive RaftClientReply:client-B30EC828C355->c26939f8-4d1f-4fb1-95c4-1aa8f7e5d3f6@group-D25BE8053FEA, cid=1260, SUCCESS, logIndex=1762, commits[c26939f8-4d1f-4fb1-95c4-1aa8f7e5d3f6:c1762, c5393538-959b-47cf-9d9c-19dac7bed4ee:c1758, a2e6e0ff-38a8-4bcf-9958-a89ff312531d:c1758]
2019-07-15 13:06:52,195 INFO  client.GrpcClientProtocolClient (GrpcClientProtocolClient.java:onNext(255)) - client-B30EC828C355->c26939f8-4d1f-4fb1-95c4-1aa8f7e5d3f6: receive RaftClientReply:client-B30EC828C355->c26939f8-4d1f-4fb1-95c4-1aa8f7e5d3f6@group-D25BE8053FEA, cid=1261, SUCCESS, logIndex=0, commits[c26939f8-4d1f-4fb1-95c4-1aa8f7e5d3f6:c1762, c5393538-959b-47cf-9d9c-19dac7bed4ee:c1760, a2e6e0ff-38a8-4bcf-9958-a89ff312531d:c1760]
2019-07-15 13:06:52,216 INFO  client.GrpcClientProtocolClient (GrpcClientProtocolClient.java:onNext(255)) - client-B30EC828C355->c26939f8-4d1f-4fb1-95c4-1aa8f7e5d3f6: receive RaftClientReply:client-B30EC828C355->c26939f8-4d1f-4fb1-95c4-1aa8f7e5d3f6@group-D25BE8053FEA, cid=1262, SUCCESS, logIndex=1766, commits[c26939f8-4d1f-4fb1-95c4-1aa8f7e5d3f6:c1767, c5393538-959b-47cf-9d9c-19dac7bed4ee:c1765, a2e6e0ff-38a8-4bcf-9958-a89ff312531d:c1765]
2019-07-15 13:06:52,217 INFO  client.GrpcClientProtocolClient (GrpcClientProtocolClient.java:onNext(255)) - client-B30EC828C355->c26939f8-4d1f-4fb1-95c4-1aa8f7e5d3f6: receive RaftClientReply:client-B30EC828C355->c26939f8-4d1f-4fb1-95c4-1aa8f7e5d3f6@group-D25BE8053FEA, cid=1263, SUCCESS, logIndex=1767, commits[c26939f8-4d1f-4fb1-95c4-1aa8f7e5d3f6:c1767, c5393538-959b-47cf-9d9c-19dac7bed4ee:c1765, a2e6e0ff-38a8-4bcf-9958-a89ff312531d:c1765]
2019-07-15 13:06:52,230 INFO  client.GrpcClientProtocolClient (GrpcClientProtocolClient.java:onNext(255)) - client-B30EC828C355->c26939f8-4d1f-4fb1-95c4-1aa8f7e5d3f6: receive RaftClientReply:client-B30EC828C355->c26939f8-4d1f-4fb1-95c4-1aa8f7e5d3f6@group-D25BE8053FEA, cid=1264, SUCCESS, logIndex=1770, commits[c26939f8-4d1f-4fb1-95c4-1aa8f7e5d3f6:c1770, c5393538-959b-47cf-9d9c-19dac7bed4ee:c1767, a2e6e0ff-38a8-4bcf-9958-a89ff312531d:c1767]
2019-07-15 13:06:52,231 INFO  client.GrpcClientProtocolClient (GrpcClientProtocolClient.java:onNext(255)) - client-B30EC828C355->c26939f8-4d1f-4fb1-95c4-1aa8f7e5d3f6: receive RaftClientReply:client-B30EC828C355->c26939f8-4d1f-4fb1-95c4-1aa8f7e5d3f6@group-D25BE8053FEA, cid=1265, SUCCESS, logIndex=1771, commits[c26939f8-4d1f-4fb1-95c4-1aa8f7e5d3f6:c1771, c5393538-959b-47cf-9d9c-19dac7bed4ee:c1767, a2e6e0ff-38a8-4bcf-9958-a89ff312531d:c1767]
2019-07-15 13:06:52,243 INFO  client.GrpcClientProtocolClient (GrpcClientProtocolClient.java:onNext(255)) - client-B30EC828C355->c26939f8-4d1f-4fb1-95c4-1aa8f7e5d3f6: receive RaftClientReply:client-B30EC828C355->c26939f8-4d1f-4fb1-95c4-1aa8f7e5d3f6@group-D25BE8053FEA, cid=1266, SUCCESS, logIndex=0, commits[c26939f8-4d1f-4fb1-95c4-1aa8f7e5d3f6:c1773, c5393538-959b-47cf-9d9c-19dac7bed4ee:c1771, a2e6e0ff-38a8-4bcf-9958-a89ff312531d:c1771]
2019-07-15 13:06:52,380 INFO  client.GrpcClientProtocolClient (GrpcClientProtocolClient.java:onNext(255)) - client-B30EC828C355->c26939f8-4d1f-4fb1-95c4-1aa8f7e5d3f6: receive RaftClientReply:client-B30EC828C355->c26939f8-4d1f-4fb1-95c4-1aa8f7e5d3f6@group-D25BE8053FEA, cid=1267, SUCCESS, logIndex=1774, commits[c26939f8-4d1f-4fb1-95c4-1aa8f7e5d3f6:c1776, c5393538-959b-47cf-9d9c-19dac7bed4ee:c1771, a2e6e0ff-38a8-4bcf-9958-a89ff312531d:c1773]
2019-07-15 13:06:52,381 INFO  client.GrpcClientProtocolClient (GrpcClientProtocolClient.java:onNext(255)) - client-B30EC828C355->c26939f8-4d1f-4fb1-95c4-1aa8f7e5d3f6: receive RaftClientReply:client-B30EC828C355->c26939f8-4d1f-4fb1-95c4-1aa8f7e5d3f6@group-D25BE8053FEA, cid=1268, SUCCESS, logIndex=1775, commits[c26939f8-4d1f-4fb1-95c4-1aa8f7e5d3f6:c1777, c5393538-959b-47cf-9d9c-19dac7bed4ee:c1773, a2e6e0ff-38a8-4bcf-9958-a89ff312531d:c1773]
2019-07-15 13:06:52,381 INFO  client.GrpcClientProtocolClient (GrpcClientProtocolClient.java:onNext(255)) - client-B30EC828C355->c26939f8-4d1f-4fb1-95c4-1aa8f7e5d3f6: receive RaftClientReply:client-B30EC828C355->c26939f8-4d1f-4fb1-95c4-1aa8f7e5d3f6@group-D25BE8053FEA, cid=1269, SUCCESS, logIndex=1776, commits[c26939f8-4d1f-4fb1-95c4-1aa8f7e5d3f6:c1777, c5393538-959b-47cf-9d9c-19dac7bed4ee:c1773, a2e6e0ff-38a8-4bcf-9958-a89ff312531d:c1773]
2019-07-15 13:06:52,381 INFO  client.GrpcClientProtocolClient (GrpcClientProtocolClient.java:onNext(255)) - client-B30EC828C355->c26939f8-4d1f-4fb1-95c4-1aa8f7e5d3f6: receive RaftClientReply:client-B30EC828C355->c26939f8-4d1f-4fb1-95c4-1aa8f7e5d3f6@group-D25BE8053FEA, cid=1270, SUCCESS, logIndex=1777, commits[c26939f8-4d1f-4fb1-95c4-1aa8f7e5d3f6:c1778, c5393538-959b-47cf-9d9c-19dac7bed4ee:c1775, a2e6e0ff-38a8-4bcf-9958-a89ff312531d:c1773]
2019-07-15 13:06:52,383 INFO  client.GrpcClientProtocolClient (GrpcClientProtocolClient.java:onNext(255)) - client-B30EC828C355->c26939f8-4d1f-4fb1-95c4-1aa8f7e5d3f6: receive RaftClientReply:client-B30EC828C355->c26939f8-4d1f-4fb1-95c4-1aa8f7e5d3f6@group-D25BE8053FEA, cid=1271, SUCCESS, logIndex=0, commits[c26939f8-4d1f-4fb1-95c4-1aa8f7e5d3f6:c1778, c5393538-959b-47cf-9d9c-19dac7bed4ee:c1775, a2e6e0ff-38a8-4bcf-9958-a89ff312531d:c1775]
2019-07-15 13:06:52,404 INFO  client.GrpcClientProtocolClient (GrpcClientProtocolClient.java:onNext(255)) - client-B30EC828C355->c26939f8-4d1f-4fb1-95c4-1aa8f7e5d3f6: receive RaftClientReply:client-B30EC828C355->c26939f8-4d1f-4fb1-95c4-1aa8f7e5d3f6@group-D25BE8053FEA, cid=1272, SUCCESS, logIndex=1782, commits[c26939f8-4d1f-4fb1-95c4-1aa8f7e5d3f6:c1783, c5393538-959b-47cf-9d9c-19dac7bed4ee:c1781, a2e6e0ff-38a8-4bcf-9958-a89ff312531d:c1781]
2019-07-15 13:06:52,405 INFO  client.GrpcClientProtocolClient (GrpcClientProtocolClient.java:onNext(255)) - client-B30EC828C355->c26939f8-4d1f-4fb1-95c4-1aa8f7e5d3f6: receive RaftClientReply:client-B30EC828C355->c26939f8-4d1f-4fb1-95c4-1aa8f7e5d3f6@group-D25BE8053FEA, cid=1273, SUCCESS, logIndex=1783, commits[c26939f8-4d1f-4fb1-95c4-1aa8f7e5d3f6:c1783, c5393538-959b-47cf-9d9c-19dac7bed4ee:c1781, a2e6e0ff-38a8-4bcf-9958-a89ff312531d:c1781]
2019-07-15 13:06:52,418 INFO  client.GrpcClientProtocolClient (GrpcClientProtocolClient.java:onNext(255)) - client-B30EC828C355->c26939f8-4d1f-4fb1-95c4-1aa8f7e5d3f6: receive RaftClientReply:client-B30EC828C355->c26939f8-4d1f-4fb1-95c4-1aa8f7e5d3f6@group-D25BE8053FEA, cid=1274, SUCCESS, logIndex=1786, commits[c26939f8-4d1f-4fb1-95c4-1aa8f7e5d3f6:c1787, c5393538-959b-47cf-9d9c-19dac7bed4ee:c1783, a2e6e0ff-38a8-4bcf-9958-a89ff312531d:c1783]
2019-07-15 13:06:52,419 INFO  client.GrpcClientProtocolClient (GrpcClientProtocolClient.java:onNext(255)) - client-B30EC828C355->c26939f8-4d1f-4fb1-95c4-1aa8f7e5d3f6: receive RaftClientReply:client-B30EC828C355->c26939f8-4d1f-4fb1-95c4-1aa8f7e5d3f6@group-D25BE8053FEA, cid=1275, SUCCESS, logIndex=1787, commits[c26939f8-4d1f-4fb1-95c4-1aa8f7e5d3f6:c1787, c5393538-959b-47cf-9d9c-19dac7bed4ee:c1783, a2e6e0ff-38a8-4bcf-9958-a89ff312531d:c1783]
2019-07-15 13:06:52,431 INFO  client.GrpcClientProtocolClient (GrpcClientProtocolClient.java:onNext(255)) - client-B30EC828C355->c26939f8-4d1f-4fb1-95c4-1aa8f7e5d3f6: receive RaftClientReply:client-B30EC828C355->c26939f8-4d1f-4fb1-95c4-1aa8f7e5d3f6@group-D25BE8053FEA, cid=1276, SUCCESS, logIndex=0, commits[c26939f8-4d1f-4fb1-95c4-1aa8f7e5d3f6:c1788, c5393538-959b-47cf-9d9c-19dac7bed4ee:c1787, a2e6e0ff-38a8-4bcf-9958-a89ff312531d:c1787]
2019-07-15 13:06:52,460 INFO  client.GrpcClientProtocolClient (GrpcClientProtocolClient.java:onNext(255)) - client-B30EC828C355->c26939f8-4d1f-4fb1-95c4-1aa8f7e5d3f6: receive RaftClientReply:client-B30EC828C355->c26939f8-4d1f-4fb1-95c4-1aa8f7e5d3f6@group-D25BE8053FEA, cid=1277, SUCCESS, logIndex=1790, commits[c26939f8-4d1f-4fb1-95c4-1aa8f7e5d3f6:c1792, c5393538-959b-47cf-9d9c-19dac7bed4ee:c1789, a2e6e0ff-38a8-4bcf-9958-a89ff312531d:c1789]
2019-07-15 13:06:52,461 INFO  client.GrpcClientProtocolClient (GrpcClientProtocolClient.java:onNext(255)) - client-B30EC828C355->c26939f8-4d1f-4fb1-95c4-1aa8f7e5d3f6: receive RaftClientReply:client-B30EC828C355->c26939f8-4d1f-4fb1-95c4-1aa8f7e5d3f6@group-D25BE8053FEA, cid=1278, SUCCESS, logIndex=1791, commits[c26939f8-4d1f-4fb1-95c4-1aa8f7e5d3f6:c1793, c5393538-959b-47cf-9d9c-19dac7bed4ee:c1789, a2e6e0ff-38a8-4bcf-9958-a89ff312531d:c1789]
2019-07-15 13:06:52,462 INFO  client.GrpcClientProtocolClient (GrpcClientProtocolClient.java:onNext(255)) - client-B30EC828C355->c26939f8-4d1f-4fb1-95c4-1aa8f7e5d3f6: receive RaftClientReply:client-B30EC828C355->c26939f8-4d1f-4fb1-95c4-1aa8f7e5d3f6@group-D25BE8053FEA, cid=1279, SUCCESS, logIndex=1792, commits[c26939f8-4d1f-4fb1-95c4-1aa8f7e5d3f6:c1793, c5393538-959b-47cf-9d9c-19dac7bed4ee:c1789, a2e6e0ff-38a8-4bcf-9958-a89ff312531d:c1789]
2019-07-15 13:06:52,462 INFO  client.GrpcClientProtocolClient (GrpcClientProtocolClient.java:onNext(255)) - client-B30EC828C355->c26939f8-4d1f-4fb1-95c4-1aa8f7e5d3f6: receive RaftClientReply:client-B30EC828C355->c26939f8-4d1f-4fb1-95c4-1aa8f7e5d3f6@group-D25BE8053FEA, cid=1280, SUCCESS, logIndex=1793, commits[c26939f8-4d1f-4fb1-95c4-1aa8f7e5d3f6:c1793, c5393538-959b-47cf-9d9c-19dac7bed4ee:c1789, a2e6e0ff-38a8-4bcf-9958-a89ff312531d:c1789]
2019-07-15 13:06:52,463 INFO  client.GrpcClientProtocolClient (GrpcClientProtocolClient.java:onNext(255)) - client-B30EC828C355->c26939f8-4d1f-4fb1-95c4-1aa8f7e5d3f6: receive RaftClientReply:client-B30EC828C355->c26939f8-4d1f-4fb1-95c4-1aa8f7e5d3f6@group-D25BE8053FEA, cid=1281, SUCCESS, logIndex=0, commits[c26939f8-4d1f-4fb1-95c4-1aa8f7e5d3f6:c1796, c5393538-959b-47cf-9d9c-19dac7bed4ee:c1792, a2e6e0ff-38a8-4bcf-9958-a89ff312531d:c1793]
2019-07-15 13:06:52,484 INFO  client.GrpcClientProtocolClient (GrpcClientProtocolClient.java:onNext(255)) - client-B30EC828C355->c26939f8-4d1f-4fb1-95c4-1aa8f7e5d3f6: receive RaftClientReply:client-B30EC828C355->c26939f8-4d1f-4fb1-95c4-1aa8f7e5d3f6@group-D25BE8053FEA, cid=1282, SUCCESS, logIndex=1798, commits[c26939f8-4d1f-4fb1-95c4-1aa8f7e5d3f6:c1799, c5393538-959b-47cf-9d9c-19dac7bed4ee:c1797, a2e6e0ff-38a8-4bcf-9958-a89ff312531d:c1797]
2019-07-15 13:06:52,485 INFO  client.GrpcClientProtocolClient (GrpcClientProtocolClient.java:onNext(255)) - client-B30EC828C355->c26939f8-4d1f-4fb1-95c4-1aa8f7e5d3f6: receive RaftClientReply:client-B30EC828C355->c26939f8-4d1f-4fb1-95c4-1aa8f7e5d3f6@group-D25BE8053FEA, cid=1283, SUCCESS, logIndex=1799, commits[c26939f8-4d1f-4fb1-95c4-1aa8f7e5d3f6:c1799, c5393538-959b-47cf-9d9c-19dac7bed4ee:c1797, a2e6e0ff-38a8-4bcf-9958-a89ff312531d:c1797]
2019-07-15 13:06:52,499 INFO  client.GrpcClientProtocolClient (GrpcClientProtocolClient.java:onNext(255)) - client-B30EC828C355->c26939f8-4d1f-4fb1-95c4-1aa8f7e5d3f6: receive RaftClientReply:client-B30EC828C355->c26939f8-4d1f-4fb1-95c4-1aa8f7e5d3f6@group-D25BE8053FEA, cid=1284, SUCCESS, logIndex=1802, commits[c26939f8-4d1f-4fb1-95c4-1aa8f7e5d3f6:c1802, c5393538-959b-47cf-9d9c-19dac7bed4ee:c1799, a2e6e0ff-38a8-4bcf-9958-a89ff312531d:c1799]
2019-07-15 13:06:52,500 INFO  client.GrpcClientProtocolClient (GrpcClientProtocolClient.java:onNext(255)) - client-B30EC828C355->c26939f8-4d1f-4fb1-95c4-1aa8f7e5d3f6: receive RaftClientReply:client-B30EC828C355->c26939f8-4d1f-4fb1-95c4-1aa8f7e5d3f6@group-D25BE8053FEA, cid=1285, SUCCESS, logIndex=1803, commits[c26939f8-4d1f-4fb1-95c4-1aa8f7e5d3f6:c1803, c5393538-959b-47cf-9d9c-19dac7bed4ee:c1799, a2e6e0ff-38a8-4bcf-9958-a89ff312531d:c1799]
2019-07-15 13:06:52,514 INFO  client.GrpcClientProtocolClient (GrpcClientProtocolClient.java:onNext(255)) - client-B30EC828C355->c26939f8-4d1f-4fb1-95c4-1aa8f7e5d3f6: receive RaftClientReply:client-B30EC828C355->c26939f8-4d1f-4fb1-95c4-1aa8f7e5d3f6@group-D25BE8053FEA, cid=1286, SUCCESS, logIndex=0, commits[c26939f8-4d1f-4fb1-95c4-1aa8f7e5d3f6:c1805, c5393538-959b-47cf-9d9c-19dac7bed4ee:c1803, a2e6e0ff-38a8-4bcf-9958-a89ff312531d:c1803]
2019-07-15 13:06:52,543 INFO  client.GrpcClientProtocolClient (GrpcClientProtocolClient.java:onNext(255)) - client-B30EC828C355->c26939f8-4d1f-4fb1-95c4-1aa8f7e5d3f6: receive RaftClientReply:client-B30EC828C355->c26939f8-4d1f-4fb1-95c4-1aa8f7e5d3f6@group-D25BE8053FEA, cid=1287, SUCCESS, logIndex=1806, commits[c26939f8-4d1f-4fb1-95c4-1aa8f7e5d3f6:c1807, c5393538-959b-47cf-9d9c-19dac7bed4ee:c1805, a2e6e0ff-38a8-4bcf-9958-a89ff312531d:c1805]
2019-07-15 13:06:52,544 INFO  client.GrpcClientProtocolClient (GrpcClientProtocolClient.java:onNext(255)) - client-B30EC828C355->c26939f8-4d1f-4fb1-95c4-1aa8f7e5d3f6: receive RaftClientReply:client-B30EC828C355->c26939f8-4d1f-4fb1-95c4-1aa8f7e5d3f6@group-D25BE8053FEA, cid=1288, SUCCESS, logIndex=1807, commits[c26939f8-4d1f-4fb1-95c4-1aa8f7e5d3f6:c1807, c5393538-959b-47cf-9d9c-19dac7bed4ee:c1805, a2e6e0ff-38a8-4bcf-9958-a89ff312531d:c1805]
2019-07-15 13:06:52,544 INFO  client.GrpcClientProtocolClient (GrpcClientProtocolClient.java:onNext(255)) - client-B30EC828C355->c26939f8-4d1f-4fb1-95c4-1aa8f7e5d3f6: receive RaftClientReply:client-B30EC828C355->c26939f8-4d1f-4fb1-95c4-1aa8f7e5d3f6@group-D25BE8053FEA, cid=1289, SUCCESS, logIndex=1808, commits[c26939f8-4d1f-4fb1-95c4-1aa8f7e5d3f6:c1809, c5393538-959b-47cf-9d9c-19dac7bed4ee:c1805, a2e6e0ff-38a8-4bcf-9958-a89ff312531d:c1805]
2019-07-15 13:06:52,545 INFO  client.GrpcClientProtocolClient (GrpcClientProtocolClient.java:onNext(255)) - client-B30EC828C355->c26939f8-4d1f-4fb1-95c4-1aa8f7e5d3f6: receive RaftClientReply:client-B30EC828C355->c26939f8-4d1f-4fb1-95c4-1aa8f7e5d3f6@group-D25BE8053FEA, cid=1290, SUCCESS, logIndex=1809, commits[c26939f8-4d1f-4fb1-95c4-1aa8f7e5d3f6:c1809, c5393538-959b-47cf-9d9c-19dac7bed4ee:c1805, a2e6e0ff-38a8-4bcf-9958-a89ff312531d:c1805]
2019-07-15 13:06:52,546 INFO  client.GrpcClientProtocolClient (GrpcClientProtocolClient.java:onNext(255)) - client-B30EC828C355->c26939f8-4d1f-4fb1-95c4-1aa8f7e5d3f6: receive RaftClientReply:client-B30EC828C355->c26939f8-4d1f-4fb1-95c4-1aa8f7e5d3f6@group-D25BE8053FEA, cid=1291, SUCCESS, logIndex=0, commits[c26939f8-4d1f-4fb1-95c4-1aa8f7e5d3f6:c1811, c5393538-959b-47cf-9d9c-19dac7bed4ee:c1807, a2e6e0ff-38a8-4bcf-9958-a89ff312531d:c1807]
2019-07-15 13:06:52,565 INFO  client.GrpcClientProtocolClient (GrpcClientProtocolClient.java:onNext(255)) - client-B30EC828C355->c26939f8-4d1f-4fb1-95c4-1aa8f7e5d3f6: receive RaftClientReply:client-B30EC828C355->c26939f8-4d1f-4fb1-95c4-1aa8f7e5d3f6@group-D25BE8053FEA, cid=1292, SUCCESS, logIndex=1814, commits[c26939f8-4d1f-4fb1-95c4-1aa8f7e5d3f6:c1815, c5393538-959b-47cf-9d9c-19dac7bed4ee:c1813, a2e6e0ff-38a8-4bcf-9958-a89ff312531d:c1813]
2019-07-15 13:06:52,566 INFO  client.GrpcClientProtocolClient (GrpcClientProtocolClient.java:onNext(255)) - client-B30EC828C355->c26939f8-4d1f-4fb1-95c4-1aa8f7e5d3f6: receive RaftClientReply:client-B30EC828C355->c26939f8-4d1f-4fb1-95c4-1aa8f7e5d3f6@group-D25BE8053FEA, cid=1293, SUCCESS, logIndex=1815, commits[c26939f8-4d1f-4fb1-95c4-1aa8f7e5d3f6:c1815, c5393538-959b-47cf-9d9c-19dac7bed4ee:c1813, a2e6e0ff-38a8-4bcf-9958-a89ff312531d:c1813]
2019-07-15 13:06:52,579 INFO  client.GrpcClientProtocolClient (GrpcClientProtocolClient.java:onNext(255)) - client-B30EC828C355->c26939f8-4d1f-4fb1-95c4-1aa8f7e5d3f6: receive RaftClientReply:client-B30EC828C355->c26939f8-4d1f-4fb1-95c4-1aa8f7e5d3f6@group-D25BE8053FEA, cid=1294, SUCCESS, logIndex=1818, commits[c26939f8-4d1f-4fb1-95c4-1aa8f7e5d3f6:c1819, c5393538-959b-47cf-9d9c-19dac7bed4ee:c1815, a2e6e0ff-38a8-4bcf-9958-a89ff312531d:c1815]
2019-07-15 13:06:52,579 INFO  client.GrpcClientProtocolClient (GrpcClientProtocolClient.java:onNext(255)) - client-B30EC828C355->c26939f8-4d1f-4fb1-95c4-1aa8f7e5d3f6: receive RaftClientReply:client-B30EC828C355->c26939f8-4d1f-4fb1-95c4-1aa8f7e5d3f6@group-D25BE8053FEA, cid=1295, SUCCESS, logIndex=1819, commits[c26939f8-4d1f-4fb1-95c4-1aa8f7e5d3f6:c1819, c5393538-959b-47cf-9d9c-19dac7bed4ee:c1815, a2e6e0ff-38a8-4bcf-9958-a89ff312531d:c1815]
2019-07-15 13:06:52,591 INFO  client.GrpcClientProtocolClient (GrpcClientProtocolClient.java:onNext(255)) - client-B30EC828C355->c26939f8-4d1f-4fb1-95c4-1aa8f7e5d3f6: receive RaftClientReply:client-B30EC828C355->c26939f8-4d1f-4fb1-95c4-1aa8f7e5d3f6@group-D25BE8053FEA, cid=1296, SUCCESS, logIndex=0, commits[c26939f8-4d1f-4fb1-95c4-1aa8f7e5d3f6:c1820, c5393538-959b-47cf-9d9c-19dac7bed4ee:c1819, a2e6e0ff-38a8-4bcf-9958-a89ff312531d:c1819]
2019-07-15 13:06:52,622 INFO  client.GrpcClientProtocolClient (GrpcClientProtocolClient.java:onNext(255)) - client-B30EC828C355->c26939f8-4d1f-4fb1-95c4-1aa8f7e5d3f6: receive RaftClientReply:client-B30EC828C355->c26939f8-4d1f-4fb1-95c4-1aa8f7e5d3f6@group-D25BE8053FEA, cid=1297, SUCCESS, logIndex=1822, commits[c26939f8-4d1f-4fb1-95c4-1aa8f7e5d3f6:c1823, c5393538-959b-47cf-9d9c-19dac7bed4ee:c1821, a2e6e0ff-38a8-4bcf-9958-a89ff312531d:c1821]
2019-07-15 13:06:52,623 INFO  client.GrpcClientProtocolClient (GrpcClientProtocolClient.java:onNext(255)) - client-B30EC828C355->c26939f8-4d1f-4fb1-95c4-1aa8f7e5d3f6: receive RaftClientReply:client-B30EC828C355->c26939f8-4d1f-4fb1-95c4-1aa8f7e5d3f6@group-D25BE8053FEA, cid=1298, SUCCESS, logIndex=1823, commits[c26939f8-4d1f-4fb1-95c4-1aa8f7e5d3f6:c1823, c5393538-959b-47cf-9d9c-19dac7bed4ee:c1821, a2e6e0ff-38a8-4bcf-9958-a89ff312531d:c1821]
2019-07-15 13:06:52,624 INFO  client.GrpcClientProtocolClient (GrpcClientProtocolClient.java:onNext(255)) - client-B30EC828C355->c26939f8-4d1f-4fb1-95c4-1aa8f7e5d3f6: receive RaftClientReply:client-B30EC828C355->c26939f8-4d1f-4fb1-95c4-1aa8f7e5d3f6@group-D25BE8053FEA, cid=1299, SUCCESS, logIndex=1824, commits[c26939f8-4d1f-4fb1-95c4-1aa8f7e5d3f6:c1825, c5393538-959b-47cf-9d9c-19dac7bed4ee:c1821, a2e6e0ff-38a8-4bcf-9958-a89ff312531d:c1821]
2019-07-15 13:06:52,625 INFO  client.GrpcClientProtocolClient (GrpcClientProtocolClient.java:onNext(255)) - client-B30EC828C355->c26939f8-4d1f-4fb1-95c4-1aa8f7e5d3f6: receive RaftClientReply:client-B30EC828C355->c26939f8-4d1f-4fb1-95c4-1aa8f7e5d3f6@group-D25BE8053FEA, cid=1300, SUCCESS, logIndex=1825, commits[c26939f8-4d1f-4fb1-95c4-1aa8f7e5d3f6:c1825, c5393538-959b-47cf-9d9c-19dac7bed4ee:c1821, a2e6e0ff-38a8-4bcf-9958-a89ff312531d:c1821]
2019-07-15 13:06:52,626 INFO  client.GrpcClientProtocolClient (GrpcClientProtocolClient.java:onNext(255)) - client-B30EC828C355->c26939f8-4d1f-4fb1-95c4-1aa8f7e5d3f6: receive RaftClientReply:client-B30EC828C355->c26939f8-4d1f-4fb1-95c4-1aa8f7e5d3f6@group-D25BE8053FEA, cid=1301, SUCCESS, logIndex=0, commits[c26939f8-4d1f-4fb1-95c4-1aa8f7e5d3f6:c1827, c5393538-959b-47cf-9d9c-19dac7bed4ee:c1823, a2e6e0ff-38a8-4bcf-9958-a89ff312531d:c1823]
2019-07-15 13:06:52,656 INFO  client.GrpcClientProtocolClient (GrpcClientProtocolClient.java:onNext(255)) - client-B30EC828C355->c26939f8-4d1f-4fb1-95c4-1aa8f7e5d3f6: receive RaftClientReply:client-B30EC828C355->c26939f8-4d1f-4fb1-95c4-1aa8f7e5d3f6@group-D25BE8053FEA, cid=1302, SUCCESS, logIndex=1830, commits[c26939f8-4d1f-4fb1-95c4-1aa8f7e5d3f6:c1830, c5393538-959b-47cf-9d9c-19dac7bed4ee:c1829, a2e6e0ff-38a8-4bcf-9958-a89ff312531d:c1829]
2019-07-15 13:06:52,656 INFO  client.GrpcClientProtocolClient (GrpcClientProtocolClient.java:onNext(255)) - client-B30EC828C355->c26939f8-4d1f-4fb1-95c4-1aa8f7e5d3f6: receive RaftClientReply:client-B30EC828C355->c26939f8-4d1f-4fb1-95c4-1aa8f7e5d3f6@group-D25BE8053FEA, cid=1303, SUCCESS, logIndex=1831, commits[c26939f8-4d1f-4fb1-95c4-1aa8f7e5d3f6:c1831, c5393538-959b-47cf-9d9c-19dac7bed4ee:c1829, a2e6e0ff-38a8-4bcf-9958-a89ff312531d:c1829]
2019-07-15 13:06:52,679 INFO  client.GrpcClientProtocolClient (GrpcClientProtocolClient.java:onNext(255)) - client-B30EC828C355->c26939f8-4d1f-4fb1-95c4-1aa8f7e5d3f6: receive RaftClientReply:client-B30EC828C355->c26939f8-4d1f-4fb1-95c4-1aa8f7e5d3f6@group-D25BE8053FEA, cid=1304, SUCCESS, logIndex=1834, commits[c26939f8-4d1f-4fb1-95c4-1aa8f7e5d3f6:c1835, c5393538-959b-47cf-9d9c-19dac7bed4ee:c1831, a2e6e0ff-38a8-4bcf-9958-a89ff312531d:c1831]
2019-07-15 13:06:52,680 INFO  client.GrpcClientProtocolClient (GrpcClientProtocolClient.java:onNext(255)) - client-B30EC828C355->c26939f8-4d1f-4fb1-95c4-1aa8f7e5d3f6: receive RaftClientReply:client-B30EC828C355->c26939f8-4d1f-4fb1-95c4-1aa8f7e5d3f6@group-D25BE8053FEA, cid=1305, SUCCESS, logIndex=1835, commits[c26939f8-4d1f-4fb1-95c4-1aa8f7e5d3f6:c1835, c5393538-959b-47cf-9d9c-19dac7bed4ee:c1831, a2e6e0ff-38a8-4bcf-9958-a89ff312531d:c1831]
2019-07-15 13:06:52,682 INFO  client.GrpcClientProtocolClient (GrpcClientProtocolClient.java:onNext(255)) - client-B30EC828C355->c26939f8-4d1f-4fb1-95c4-1aa8f7e5d3f6: receive RaftClientReply:client-B30EC828C355->c26939f8-4d1f-4fb1-95c4-1aa8f7e5d3f6@group-D25BE8053FEA, cid=1306, SUCCESS, logIndex=0, commits[c26939f8-4d1f-4fb1-95c4-1aa8f7e5d3f6:c1836, c5393538-959b-47cf-9d9c-19dac7bed4ee:c1835, a2e6e0ff-38a8-4bcf-9958-a89ff312531d:c1835]
2019-07-15 13:06:52,712 INFO  client.GrpcClientProtocolClient (GrpcClientProtocolClient.java:onNext(255)) - client-B30EC828C355->c26939f8-4d1f-4fb1-95c4-1aa8f7e5d3f6: receive RaftClientReply:client-B30EC828C355->c26939f8-4d1f-4fb1-95c4-1aa8f7e5d3f6@group-D25BE8053FEA, cid=1307, SUCCESS, logIndex=1838, commits[c26939f8-4d1f-4fb1-95c4-1aa8f7e5d3f6:c1839, c5393538-959b-47cf-9d9c-19dac7bed4ee:c1837, a2e6e0ff-38a8-4bcf-9958-a89ff312531d:c1837]
2019-07-15 13:06:52,713 INFO  client.GrpcClientProtocolClient (GrpcClientProtocolClient.java:onNext(255)) - client-B30EC828C355->c26939f8-4d1f-4fb1-95c4-1aa8f7e5d3f6: receive RaftClientReply:client-B30EC828C355->c26939f8-4d1f-4fb1-95c4-1aa8f7e5d3f6@group-D25BE8053FEA, cid=1308, SUCCESS, logIndex=1839, commits[c26939f8-4d1f-4fb1-95c4-1aa8f7e5d3f6:c1840, c5393538-959b-47cf-9d9c-19dac7bed4ee:c1837, a2e6e0ff-38a8-4bcf-9958-a89ff312531d:c1837]
2019-07-15 13:06:52,716 INFO  client.GrpcClientProtocolClient (GrpcClientProtocolClient.java:onNext(255)) - client-B30EC828C355->c26939f8-4d1f-4fb1-95c4-1aa8f7e5d3f6: receive RaftClientReply:client-B30EC828C355->c26939f8-4d1f-4fb1-95c4-1aa8f7e5d3f6@group-D25BE8053FEA, cid=1309, SUCCESS, logIndex=1840, commits[c26939f8-4d1f-4fb1-95c4-1aa8f7e5d3f6:c1841, c5393538-959b-47cf-9d9c-19dac7bed4ee:c1837, a2e6e0ff-38a8-4bcf-9958-a89ff312531d:c1837]
2019-07-15 13:06:52,718 INFO  client.GrpcClientProtocolClient (GrpcClientProtocolClient.java:onNext(255)) - client-B30EC828C355->c26939f8-4d1f-4fb1-95c4-1aa8f7e5d3f6: receive RaftClientReply:client-B30EC828C355->c26939f8-4d1f-4fb1-95c4-1aa8f7e5d3f6@group-D25BE8053FEA, cid=1310, SUCCESS, logIndex=1841, commits[c26939f8-4d1f-4fb1-95c4-1aa8f7e5d3f6:c1842, c5393538-959b-47cf-9d9c-19dac7bed4ee:c1838, a2e6e0ff-38a8-4bcf-9958-a89ff312531d:c1837]
2019-07-15 13:06:52,719 INFO  client.GrpcClientProtocolClient (GrpcClientProtocolClient.java:onNext(255)) - client-B30EC828C355->c26939f8-4d1f-4fb1-95c4-1aa8f7e5d3f6: receive RaftClientReply:client-B30EC828C355->c26939f8-4d1f-4fb1-95c4-1aa8f7e5d3f6@group-D25BE8053FEA, cid=1311, SUCCESS, logIndex=0, commits[c26939f8-4d1f-4fb1-95c4-1aa8f7e5d3f6:c1843, c5393538-959b-47cf-9d9c-19dac7bed4ee:c1839, a2e6e0ff-38a8-4bcf-9958-a89ff312531d:c1839]
2019-07-15 13:06:52,741 INFO  client.GrpcClientProtocolClient (GrpcClientProtocolClient.java:onNext(255)) - client-B30EC828C355->c26939f8-4d1f-4fb1-95c4-1aa8f7e5d3f6: receive RaftClientReply:client-B30EC828C355->c26939f8-4d1f-4fb1-95c4-1aa8f7e5d3f6@group-D25BE8053FEA, cid=1312, SUCCESS, logIndex=1846, commits[c26939f8-4d1f-4fb1-95c4-1aa8f7e5d3f6:c1847, c5393538-959b-47cf-9d9c-19dac7bed4ee:c1843, a2e6e0ff-38a8-4bcf-9958-a89ff312531d:c1841]
2019-07-15 13:06:52,741 INFO  client.GrpcClientProtocolClient (GrpcClientProtocolClient.java:onNext(255)) - client-B30EC828C355->c26939f8-4d1f-4fb1-95c4-1aa8f7e5d3f6: receive RaftClientReply:client-B30EC828C355->c26939f8-4d1f-4fb1-95c4-1aa8f7e5d3f6@group-D25BE8053FEA, cid=1313, SUCCESS, logIndex=1847, commits[c26939f8-4d1f-4fb1-95c4-1aa8f7e5d3f6:c1847, c5393538-959b-47cf-9d9c-19dac7bed4ee:c1843, a2e6e0ff-38a8-4bcf-9958-a89ff312531d:c1843]
 0.00% |█                                                                                                    |  0/1 Time: 0:00:072019-07-15 13:06:52,761 INFO  client.GrpcClientProtocolClient (GrpcClientProtocolClient.java:onNext(255)) - client-B30EC828C355->c26939f8-4d1f-4fb1-95c4-1aa8f7e5d3f6: receive RaftClientReply:client-B30EC828C355->c26939f8-4d1f-4fb1-95c4-1aa8f7e5d3f6@group-D25BE8053FEA, cid=1314, SUCCESS, logIndex=1850, commits[c26939f8-4d1f-4fb1-95c4-1aa8f7e5d3f6:c1851, c5393538-959b-47cf-9d9c-19dac7bed4ee:c1849, a2e6e0ff-38a8-4bcf-9958-a89ff312531d:c1849]
2019-07-15 13:06:52,762 INFO  client.GrpcClientProtocolClient (GrpcClientProtocolClient.java:onNext(255)) - client-B30EC828C355->c26939f8-4d1f-4fb1-95c4-1aa8f7e5d3f6: receive RaftClientReply:client-B30EC828C355->c26939f8-4d1f-4fb1-95c4-1aa8f7e5d3f6@group-D25BE8053FEA, cid=1315, SUCCESS, logIndex=1851, commits[c26939f8-4d1f-4fb1-95c4-1aa8f7e5d3f6:c1851, c5393538-959b-47cf-9d9c-19dac7bed4ee:c1849, a2e6e0ff-38a8-4bcf-9958-a89ff312531d:c1849]
2019-07-15 13:06:52,774 INFO  client.GrpcClientProtocolClient (GrpcClientProtocolClient.java:onNext(255)) - client-B30EC828C355->c26939f8-4d1f-4fb1-95c4-1aa8f7e5d3f6: receive RaftClientReply:client-B30EC828C355->c26939f8-4d1f-4fb1-95c4-1aa8f7e5d3f6@group-D25BE8053FEA, cid=1316, SUCCESS, logIndex=0, commits[c26939f8-4d1f-4fb1-95c4-1aa8f7e5d3f6:c1853, c5393538-959b-47cf-9d9c-19dac7bed4ee:c1851, a2e6e0ff-38a8-4bcf-9958-a89ff312531d:c1851]
2019-07-15 13:06:52,802 INFO  client.GrpcClientProtocolClient (GrpcClientProtocolClient.java:onNext(255)) - client-B30EC828C355->c26939f8-4d1f-4fb1-95c4-1aa8f7e5d3f6: receive RaftClientReply:client-B30EC828C355->c26939f8-4d1f-4fb1-95c4-1aa8f7e5d3f6@group-D25BE8053FEA, cid=1317, SUCCESS, logIndex=1854, commits[c26939f8-4d1f-4fb1-95c4-1aa8f7e5d3f6:c1855, c5393538-959b-47cf-9d9c-19dac7bed4ee:c1853, a2e6e0ff-38a8-4bcf-9958-a89ff312531d:c1853]
2019-07-15 13:06:52,803 INFO  client.GrpcClientProtocolClient (GrpcClientProtocolClient.java:onNext(255)) - client-B30EC828C355->c26939f8-4d1f-4fb1-95c4-1aa8f7e5d3f6: receive RaftClientReply:client-B30EC828C355->c26939f8-4d1f-4fb1-95c4-1aa8f7e5d3f6@group-D25BE8053FEA, cid=1318, SUCCESS, logIndex=1855, commits[c26939f8-4d1f-4fb1-95c4-1aa8f7e5d3f6:c1856, c5393538-959b-47cf-9d9c-19dac7bed4ee:c1853, a2e6e0ff-38a8-4bcf-9958-a89ff312531d:c1853]
2019-07-15 13:06:52,803 INFO  client.GrpcClientProtocolClient (GrpcClientProtocolClient.java:onNext(255)) - client-B30EC828C355->c26939f8-4d1f-4fb1-95c4-1aa8f7e5d3f6: receive RaftClientReply:client-B30EC828C355->c26939f8-4d1f-4fb1-95c4-1aa8f7e5d3f6@group-D25BE8053FEA, cid=1319, SUCCESS, logIndex=1856, commits[c26939f8-4d1f-4fb1-95c4-1aa8f7e5d3f6:c1857, c5393538-959b-47cf-9d9c-19dac7bed4ee:c1853, a2e6e0ff-38a8-4bcf-9958-a89ff312531d:c1853]
2019-07-15 13:06:52,805 INFO  client.GrpcClientProtocolClient (GrpcClientProtocolClient.java:onNext(255)) - client-B30EC828C355->c26939f8-4d1f-4fb1-95c4-1aa8f7e5d3f6: receive RaftClientReply:client-B30EC828C355->c26939f8-4d1f-4fb1-95c4-1aa8f7e5d3f6@group-D25BE8053FEA, cid=1320, SUCCESS, logIndex=1857, commits[c26939f8-4d1f-4fb1-95c4-1aa8f7e5d3f6:c1857, c5393538-959b-47cf-9d9c-19dac7bed4ee:c1853, a2e6e0ff-38a8-4bcf-9958-a89ff312531d:c1853]
2019-07-15 13:06:52,809 INFO  client.GrpcClientProtocolClient (GrpcClientProtocolClient.java:onNext(255)) - client-B30EC828C355->c26939f8-4d1f-4fb1-95c4-1aa8f7e5d3f6: receive RaftClientReply:client-B30EC828C355->c26939f8-4d1f-4fb1-95c4-1aa8f7e5d3f6@group-D25BE8053FEA, cid=1321, SUCCESS, logIndex=0, commits[c26939f8-4d1f-4fb1-95c4-1aa8f7e5d3f6:c1859, c5393538-959b-47cf-9d9c-19dac7bed4ee:c1855, a2e6e0ff-38a8-4bcf-9958-a89ff312531d:c1855]
2019-07-15 13:06:52,840 INFO  client.GrpcClientProtocolClient (GrpcClientProtocolClient.java:onNext(255)) - client-B30EC828C355->c26939f8-4d1f-4fb1-95c4-1aa8f7e5d3f6: receive RaftClientReply:client-B30EC828C355->c26939f8-4d1f-4fb1-95c4-1aa8f7e5d3f6@group-D25BE8053FEA, cid=1322, SUCCESS, logIndex=1862, commits[c26939f8-4d1f-4fb1-95c4-1aa8f7e5d3f6:c1863, c5393538-959b-47cf-9d9c-19dac7bed4ee:c1860, a2e6e0ff-38a8-4bcf-9958-a89ff312531d:c1860]
2019-07-15 13:06:52,840 INFO  client.GrpcClientProtocolClient (GrpcClientProtocolClient.java:onNext(255)) - client-B30EC828C355->c26939f8-4d1f-4fb1-95c4-1aa8f7e5d3f6: receive RaftClientReply:client-B30EC828C355->c26939f8-4d1f-4fb1-95c4-1aa8f7e5d3f6@group-D25BE8053FEA, cid=1323, SUCCESS, logIndex=1863, commits[c26939f8-4d1f-4fb1-95c4-1aa8f7e5d3f6:c1863, c5393538-959b-47cf-9d9c-19dac7bed4ee:c1860, a2e6e0ff-38a8-4bcf-9958-a89ff312531d:c1860]
2019-07-15 13:06:52,853 INFO  client.GrpcClientProtocolClient (GrpcClientProtocolClient.java:onNext(255)) - client-B30EC828C355->c26939f8-4d1f-4fb1-95c4-1aa8f7e5d3f6: receive RaftClientReply:client-B30EC828C355->c26939f8-4d1f-4fb1-95c4-1aa8f7e5d3f6@group-D25BE8053FEA, cid=1324, SUCCESS, logIndex=1866, commits[c26939f8-4d1f-4fb1-95c4-1aa8f7e5d3f6:c1867, c5393538-959b-47cf-9d9c-19dac7bed4ee:c1863, a2e6e0ff-38a8-4bcf-9958-a89ff312531d:c1863]
2019-07-15 13:06:52,854 INFO  client.GrpcClientProtocolClient (GrpcClientProtocolClient.java:onNext(255)) - client-B30EC828C355->c26939f8-4d1f-4fb1-95c4-1aa8f7e5d3f6: receive RaftClientReply:client-B30EC828C355->c26939f8-4d1f-4fb1-95c4-1aa8f7e5d3f6@group-D25BE8053FEA, cid=1325, SUCCESS, logIndex=1867, commits[c26939f8-4d1f-4fb1-95c4-1aa8f7e5d3f6:c1867, c5393538-959b-47cf-9d9c-19dac7bed4ee:c1863, a2e6e0ff-38a8-4bcf-9958-a89ff312531d:c1863]
2019-07-15 13:06:52,866 INFO  client.GrpcClientProtocolClient (GrpcClientProtocolClient.java:onNext(255)) - client-B30EC828C355->c26939f8-4d1f-4fb1-95c4-1aa8f7e5d3f6: receive RaftClientReply:client-B30EC828C355->c26939f8-4d1f-4fb1-95c4-1aa8f7e5d3f6@group-D25BE8053FEA, cid=1326, SUCCESS, logIndex=0, commits[c26939f8-4d1f-4fb1-95c4-1aa8f7e5d3f6:c1868, c5393538-959b-47cf-9d9c-19dac7bed4ee:c1867, a2e6e0ff-38a8-4bcf-9958-a89ff312531d:c1867]
2019-07-15 13:06:52,887 INFO  client.GrpcClientProtocolClient (GrpcClientProtocolClient.java:onNext(255)) - client-B30EC828C355->c26939f8-4d1f-4fb1-95c4-1aa8f7e5d3f6: receive RaftClientReply:client-B30EC828C355->c26939f8-4d1f-4fb1-95c4-1aa8f7e5d3f6@group-D25BE8053FEA, cid=1327, SUCCESS, logIndex=1870, commits[c26939f8-4d1f-4fb1-95c4-1aa8f7e5d3f6:c1871, c5393538-959b-47cf-9d9c-19dac7bed4ee:c1869, a2e6e0ff-38a8-4bcf-9958-a89ff312531d:c1869]
2019-07-15 13:06:52,888 INFO  client.GrpcClientProtocolClient (GrpcClientProtocolClient.java:onNext(255)) - client-B30EC828C355->c26939f8-4d1f-4fb1-95c4-1aa8f7e5d3f6: receive RaftClientReply:client-B30EC828C355->c26939f8-4d1f-4fb1-95c4-1aa8f7e5d3f6@group-D25BE8053FEA, cid=1328, SUCCESS, logIndex=1871, commits[c26939f8-4d1f-4fb1-95c4-1aa8f7e5d3f6:c1871, c5393538-959b-47cf-9d9c-19dac7bed4ee:c1869, a2e6e0ff-38a8-4bcf-9958-a89ff312531d:c1869]
2019-07-15 13:06:52,893 INFO  client.GrpcClientProtocolClient (GrpcClientProtocolClient.java:onNext(255)) - client-B30EC828C355->c26939f8-4d1f-4fb1-95c4-1aa8f7e5d3f6: receive RaftClientReply:client-B30EC828C355->c26939f8-4d1f-4fb1-95c4-1aa8f7e5d3f6@group-D25BE8053FEA, cid=1329, SUCCESS, logIndex=1872, commits[c26939f8-4d1f-4fb1-95c4-1aa8f7e5d3f6:c1873, c5393538-959b-47cf-9d9c-19dac7bed4ee:c1869, a2e6e0ff-38a8-4bcf-9958-a89ff312531d:c1869]
2019-07-15 13:06:52,894 INFO  client.GrpcClientProtocolClient (GrpcClientProtocolClient.java:onNext(255)) - client-B30EC828C355->c26939f8-4d1f-4fb1-95c4-1aa8f7e5d3f6: receive RaftClientReply:client-B30EC828C355->c26939f8-4d1f-4fb1-95c4-1aa8f7e5d3f6@group-D25BE8053FEA, cid=1330, SUCCESS, logIndex=1873, commits[c26939f8-4d1f-4fb1-95c4-1aa8f7e5d3f6:c1873, c5393538-959b-47cf-9d9c-19dac7bed4ee:c1869, a2e6e0ff-38a8-4bcf-9958-a89ff312531d:c1869]
2019-07-15 13:06:52,895 INFO  client.GrpcClientProtocolClient (GrpcClientProtocolClient.java:onNext(255)) - client-B30EC828C355->c26939f8-4d1f-4fb1-95c4-1aa8f7e5d3f6: receive RaftClientReply:client-B30EC828C355->c26939f8-4d1f-4fb1-95c4-1aa8f7e5d3f6@group-D25BE8053FEA, cid=1331, SUCCESS, logIndex=0, commits[c26939f8-4d1f-4fb1-95c4-1aa8f7e5d3f6:c1875, c5393538-959b-47cf-9d9c-19dac7bed4ee:c1871, a2e6e0ff-38a8-4bcf-9958-a89ff312531d:c1871]
2019-07-15 13:06:52,919 INFO  client.GrpcClientProtocolClient (GrpcClientProtocolClient.java:onNext(255)) - client-B30EC828C355->c26939f8-4d1f-4fb1-95c4-1aa8f7e5d3f6: receive RaftClientReply:client-B30EC828C355->c26939f8-4d1f-4fb1-95c4-1aa8f7e5d3f6@group-D25BE8053FEA, cid=1332, SUCCESS, logIndex=1878, commits[c26939f8-4d1f-4fb1-95c4-1aa8f7e5d3f6:c1879, c5393538-959b-47cf-9d9c-19dac7bed4ee:c1875, a2e6e0ff-38a8-4bcf-9958-a89ff312531d:c1875]
2019-07-15 13:06:52,920 INFO  client.GrpcClientProtocolClient (GrpcClientProtocolClient.java:onNext(255)) - client-B30EC828C355->c26939f8-4d1f-4fb1-95c4-1aa8f7e5d3f6: receive RaftClientReply:client-B30EC828C355->c26939f8-4d1f-4fb1-95c4-1aa8f7e5d3f6@group-D25BE8053FEA, cid=1333, SUCCESS, logIndex=1879, commits[c26939f8-4d1f-4fb1-95c4-1aa8f7e5d3f6:c1879, c5393538-959b-47cf-9d9c-19dac7bed4ee:c1875, a2e6e0ff-38a8-4bcf-9958-a89ff312531d:c1875]
2019-07-15 13:06:52,940 INFO  client.GrpcClientProtocolClient (GrpcClientProtocolClient.java:onNext(255)) - client-B30EC828C355->c26939f8-4d1f-4fb1-95c4-1aa8f7e5d3f6: receive RaftClientReply:client-B30EC828C355->c26939f8-4d1f-4fb1-95c4-1aa8f7e5d3f6@group-D25BE8053FEA, cid=1334, SUCCESS, logIndex=1882, commits[c26939f8-4d1f-4fb1-95c4-1aa8f7e5d3f6:c1883, c5393538-959b-47cf-9d9c-19dac7bed4ee:c1881, a2e6e0ff-38a8-4bcf-9958-a89ff312531d:c1881]
2019-07-15 13:06:52,941 INFO  client.GrpcClientProtocolClient (GrpcClientProtocolClient.java:onNext(255)) - client-B30EC828C355->c26939f8-4d1f-4fb1-95c4-1aa8f7e5d3f6: receive RaftClientReply:client-B30EC828C355->c26939f8-4d1f-4fb1-95c4-1aa8f7e5d3f6@group-D25BE8053FEA, cid=1335, SUCCESS, logIndex=1883, commits[c26939f8-4d1f-4fb1-95c4-1aa8f7e5d3f6:c1883, c5393538-959b-47cf-9d9c-19dac7bed4ee:c1881, a2e6e0ff-38a8-4bcf-9958-a89ff312531d:c1881]
2019-07-15 13:06:52,953 INFO  client.GrpcClientProtocolClient (GrpcClientProtocolClient.java:onNext(255)) - client-B30EC828C355->c26939f8-4d1f-4fb1-95c4-1aa8f7e5d3f6: receive RaftClientReply:client-B30EC828C355->c26939f8-4d1f-4fb1-95c4-1aa8f7e5d3f6@group-D25BE8053FEA, cid=1336, SUCCESS, logIndex=0, commits[c26939f8-4d1f-4fb1-95c4-1aa8f7e5d3f6:c1885, c5393538-959b-47cf-9d9c-19dac7bed4ee:c1883, a2e6e0ff-38a8-4bcf-9958-a89ff312531d:c1883]
2019-07-15 13:06:53,065 INFO  client.GrpcClientProtocolClient (GrpcClientProtocolClient.java:onNext(255)) - client-B30EC828C355->c26939f8-4d1f-4fb1-95c4-1aa8f7e5d3f6: receive RaftClientReply:client-B30EC828C355->c26939f8-4d1f-4fb1-95c4-1aa8f7e5d3f6@group-D25BE8053FEA, cid=1337, SUCCESS, logIndex=1886, commits[c26939f8-4d1f-4fb1-95c4-1aa8f7e5d3f6:c1887, c5393538-959b-47cf-9d9c-19dac7bed4ee:c1885, a2e6e0ff-38a8-4bcf-9958-a89ff312531d:c1885]
2019-07-15 13:06:53,068 INFO  client.GrpcClientProtocolClient (GrpcClientProtocolClient.java:onNext(255)) - client-B30EC828C355->c26939f8-4d1f-4fb1-95c4-1aa8f7e5d3f6: receive RaftClientReply:client-B30EC828C355->c26939f8-4d1f-4fb1-95c4-1aa8f7e5d3f6@group-D25BE8053FEA, cid=1338, SUCCESS, logIndex=1887, commits[c26939f8-4d1f-4fb1-95c4-1aa8f7e5d3f6:c1887, c5393538-959b-47cf-9d9c-19dac7bed4ee:c1885, a2e6e0ff-38a8-4bcf-9958-a89ff312531d:c1885]
2019-07-15 13:06:53,069 INFO  client.GrpcClientProtocolClient (GrpcClientProtocolClient.java:onNext(255)) - client-B30EC828C355->c26939f8-4d1f-4fb1-95c4-1aa8f7e5d3f6: receive RaftClientReply:client-B30EC828C355->c26939f8-4d1f-4fb1-95c4-1aa8f7e5d3f6@group-D25BE8053FEA, cid=1339, SUCCESS, logIndex=1888, commits[c26939f8-4d1f-4fb1-95c4-1aa8f7e5d3f6:c1889, c5393538-959b-47cf-9d9c-19dac7bed4ee:c1885, a2e6e0ff-38a8-4bcf-9958-a89ff312531d:c1885]
2019-07-15 13:06:53,069 INFO  client.GrpcClientProtocolClient (GrpcClientProtocolClient.java:onNext(255)) - client-B30EC828C355->c26939f8-4d1f-4fb1-95c4-1aa8f7e5d3f6: receive RaftClientReply:client-B30EC828C355->c26939f8-4d1f-4fb1-95c4-1aa8f7e5d3f6@group-D25BE8053FEA, cid=1340, SUCCESS, logIndex=1889, commits[c26939f8-4d1f-4fb1-95c4-1aa8f7e5d3f6:c1890, c5393538-959b-47cf-9d9c-19dac7bed4ee:c1886, a2e6e0ff-38a8-4bcf-9958-a89ff312531d:c1885]
2019-07-15 13:06:53,081 INFO  client.GrpcClientProtocolClient (GrpcClientProtocolClient.java:onNext(255)) - client-B30EC828C355->c26939f8-4d1f-4fb1-95c4-1aa8f7e5d3f6: receive RaftClientReply:client-B30EC828C355->c26939f8-4d1f-4fb1-95c4-1aa8f7e5d3f6@group-D25BE8053FEA, cid=1341, SUCCESS, logIndex=0, commits[c26939f8-4d1f-4fb1-95c4-1aa8f7e5d3f6:c1893, c5393538-959b-47cf-9d9c-19dac7bed4ee:c1889, a2e6e0ff-38a8-4bcf-9958-a89ff312531d:c1887]
2019-07-15 13:06:53,105 INFO  client.GrpcClientProtocolClient (GrpcClientProtocolClient.java:onNext(255)) - client-B30EC828C355->c26939f8-4d1f-4fb1-95c4-1aa8f7e5d3f6: receive RaftClientReply:client-B30EC828C355->c26939f8-4d1f-4fb1-95c4-1aa8f7e5d3f6@group-D25BE8053FEA, cid=1342, SUCCESS, logIndex=1894, commits[c26939f8-4d1f-4fb1-95c4-1aa8f7e5d3f6:c1895, c5393538-959b-47cf-9d9c-19dac7bed4ee:c1889, a2e6e0ff-38a8-4bcf-9958-a89ff312531d:c1893]
2019-07-15 13:06:53,105 INFO  client.GrpcClientProtocolClient (GrpcClientProtocolClient.java:onNext(255)) - client-B30EC828C355->c26939f8-4d1f-4fb1-95c4-1aa8f7e5d3f6: receive RaftClientReply:client-B30EC828C355->c26939f8-4d1f-4fb1-95c4-1aa8f7e5d3f6@group-D25BE8053FEA, cid=1343, SUCCESS, logIndex=1895, commits[c26939f8-4d1f-4fb1-95c4-1aa8f7e5d3f6:c1895, c5393538-959b-47cf-9d9c-19dac7bed4ee:c1893, a2e6e0ff-38a8-4bcf-9958-a89ff312531d:c1893]
2019-07-15 13:06:53,126 INFO  client.GrpcClientProtocolClient (GrpcClientProtocolClient.java:onNext(255)) - client-B30EC828C355->c26939f8-4d1f-4fb1-95c4-1aa8f7e5d3f6: receive RaftClientReply:client-B30EC828C355->c26939f8-4d1f-4fb1-95c4-1aa8f7e5d3f6@group-D25BE8053FEA, cid=1344, SUCCESS, logIndex=1898, commits[c26939f8-4d1f-4fb1-95c4-1aa8f7e5d3f6:c1899, c5393538-959b-47cf-9d9c-19dac7bed4ee:c1897, a2e6e0ff-38a8-4bcf-9958-a89ff312531d:c1897]
2019-07-15 13:06:53,126 INFO  client.GrpcClientProtocolClient (GrpcClientProtocolClient.java:onNext(255)) - client-B30EC828C355->c26939f8-4d1f-4fb1-95c4-1aa8f7e5d3f6: receive RaftClientReply:client-B30EC828C355->c26939f8-4d1f-4fb1-95c4-1aa8f7e5d3f6@group-D25BE8053FEA, cid=1345, SUCCESS, logIndex=1899, commits[c26939f8-4d1f-4fb1-95c4-1aa8f7e5d3f6:c1899, c5393538-959b-47cf-9d9c-19dac7bed4ee:c1897, a2e6e0ff-38a8-4bcf-9958-a89ff312531d:c1897]
2019-07-15 13:06:53,146 INFO  client.GrpcClientProtocolClient (GrpcClientProtocolClient.java:onNext(255)) - client-B30EC828C355->c26939f8-4d1f-4fb1-95c4-1aa8f7e5d3f6: receive RaftClientReply:client-B30EC828C355->c26939f8-4d1f-4fb1-95c4-1aa8f7e5d3f6@group-D25BE8053FEA, cid=1346, SUCCESS, logIndex=0, commits[c26939f8-4d1f-4fb1-95c4-1aa8f7e5d3f6:c1901, c5393538-959b-47cf-9d9c-19dac7bed4ee:c1899, a2e6e0ff-38a8-4bcf-9958-a89ff312531d:c1899]
2019-07-15 13:06:53,171 INFO  client.GrpcClientProtocolClient (GrpcClientProtocolClient.java:onNext(255)) - client-B30EC828C355->c26939f8-4d1f-4fb1-95c4-1aa8f7e5d3f6: receive RaftClientReply:client-B30EC828C355->c26939f8-4d1f-4fb1-95c4-1aa8f7e5d3f6@group-D25BE8053FEA, cid=1347, SUCCESS, logIndex=1902, commits[c26939f8-4d1f-4fb1-95c4-1aa8f7e5d3f6:c1903, c5393538-959b-47cf-9d9c-19dac7bed4ee:c1901, a2e6e0ff-38a8-4bcf-9958-a89ff312531d:c1901]
2019-07-15 13:06:53,172 INFO  client.GrpcClientProtocolClient (GrpcClientProtocolClient.java:onNext(255)) - client-B30EC828C355->c26939f8-4d1f-4fb1-95c4-1aa8f7e5d3f6: receive RaftClientReply:client-B30EC828C355->c26939f8-4d1f-4fb1-95c4-1aa8f7e5d3f6@group-D25BE8053FEA, cid=1348, SUCCESS, logIndex=1903, commits[c26939f8-4d1f-4fb1-95c4-1aa8f7e5d3f6:c1903, c5393538-959b-47cf-9d9c-19dac7bed4ee:c1901, a2e6e0ff-38a8-4bcf-9958-a89ff312531d:c1901]
2019-07-15 13:06:53,186 INFO  client.GrpcClientProtocolClient (GrpcClientProtocolClient.java:onNext(255)) - client-B30EC828C355->c26939f8-4d1f-4fb1-95c4-1aa8f7e5d3f6: receive RaftClientReply:client-B30EC828C355->c26939f8-4d1f-4fb1-95c4-1aa8f7e5d3f6@group-D25BE8053FEA, cid=1349, SUCCESS, logIndex=1904, commits[c26939f8-4d1f-4fb1-95c4-1aa8f7e5d3f6:c1905, c5393538-959b-47cf-9d9c-19dac7bed4ee:c1901, a2e6e0ff-38a8-4bcf-9958-a89ff312531d:c1901]
2019-07-15 13:06:53,186 INFO  client.GrpcClientProtocolClient (GrpcClientProtocolClient.java:onNext(255)) - client-B30EC828C355->c26939f8-4d1f-4fb1-95c4-1aa8f7e5d3f6: receive RaftClientReply:client-B30EC828C355->c26939f8-4d1f-4fb1-95c4-1aa8f7e5d3f6@group-D25BE8053FEA, cid=1350, SUCCESS, logIndex=1905, commits[c26939f8-4d1f-4fb1-95c4-1aa8f7e5d3f6:c1905, c5393538-959b-47cf-9d9c-19dac7bed4ee:c1901, a2e6e0ff-38a8-4bcf-9958-a89ff312531d:c1901]
2019-07-15 13:06:53,201 INFO  client.GrpcClientProtocolClient (GrpcClientProtocolClient.java:onNext(255)) - client-B30EC828C355->c26939f8-4d1f-4fb1-95c4-1aa8f7e5d3f6: receive RaftClientReply:client-B30EC828C355->c26939f8-4d1f-4fb1-95c4-1aa8f7e5d3f6@group-D25BE8053FEA, cid=1351, SUCCESS, logIndex=0, commits[c26939f8-4d1f-4fb1-95c4-1aa8f7e5d3f6:c1907, c5393538-959b-47cf-9d9c-19dac7bed4ee:c1903, a2e6e0ff-38a8-4bcf-9958-a89ff312531d:c1903]
2019-07-15 13:06:53,221 INFO  client.GrpcClientProtocolClient (GrpcClientProtocolClient.java:onNext(255)) - client-B30EC828C355->c26939f8-4d1f-4fb1-95c4-1aa8f7e5d3f6: receive RaftClientReply:client-B30EC828C355->c26939f8-4d1f-4fb1-95c4-1aa8f7e5d3f6@group-D25BE8053FEA, cid=1352, SUCCESS, logIndex=1910, commits[c26939f8-4d1f-4fb1-95c4-1aa8f7e5d3f6:c1911, c5393538-959b-47cf-9d9c-19dac7bed4ee:c1909, a2e6e0ff-38a8-4bcf-9958-a89ff312531d:c1909]
2019-07-15 13:06:53,221 INFO  client.GrpcClientProtocolClient (GrpcClientProtocolClient.java:onNext(255)) - client-B30EC828C355->c26939f8-4d1f-4fb1-95c4-1aa8f7e5d3f6: receive RaftClientReply:client-B30EC828C355->c26939f8-4d1f-4fb1-95c4-1aa8f7e5d3f6@group-D25BE8053FEA, cid=1353, SUCCESS, logIndex=1911, commits[c26939f8-4d1f-4fb1-95c4-1aa8f7e5d3f6:c1911, c5393538-959b-47cf-9d9c-19dac7bed4ee:c1909, a2e6e0ff-38a8-4bcf-9958-a89ff312531d:c1909]
2019-07-15 13:06:53,235 INFO  client.GrpcClientProtocolClient (GrpcClientProtocolClient.java:onNext(255)) - client-B30EC828C355->c26939f8-4d1f-4fb1-95c4-1aa8f7e5d3f6: receive RaftClientReply:client-B30EC828C355->c26939f8-4d1f-4fb1-95c4-1aa8f7e5d3f6@group-D25BE8053FEA, cid=1354, SUCCESS, logIndex=1914, commits[c26939f8-4d1f-4fb1-95c4-1aa8f7e5d3f6:c1914, c5393538-959b-47cf-9d9c-19dac7bed4ee:c1911, a2e6e0ff-38a8-4bcf-9958-a89ff312531d:c1911]
2019-07-15 13:06:53,235 INFO  client.GrpcClientProtocolClient (GrpcClientProtocolClient.java:onNext(255)) - client-B30EC828C355->c26939f8-4d1f-4fb1-95c4-1aa8f7e5d3f6: receive RaftClientReply:client-B30EC828C355->c26939f8-4d1f-4fb1-95c4-1aa8f7e5d3f6@group-D25BE8053FEA, cid=1355, SUCCESS, logIndex=1915, commits[c26939f8-4d1f-4fb1-95c4-1aa8f7e5d3f6:c1915, c5393538-959b-47cf-9d9c-19dac7bed4ee:c1911, a2e6e0ff-38a8-4bcf-9958-a89ff312531d:c1911]
2019-07-15 13:06:53,248 INFO  client.GrpcClientProtocolClient (GrpcClientProtocolClient.java:onNext(255)) - client-B30EC828C355->c26939f8-4d1f-4fb1-95c4-1aa8f7e5d3f6: receive RaftClientReply:client-B30EC828C355->c26939f8-4d1f-4fb1-95c4-1aa8f7e5d3f6@group-D25BE8053FEA, cid=1356, SUCCESS, logIndex=0, commits[c26939f8-4d1f-4fb1-95c4-1aa8f7e5d3f6:c1917, c5393538-959b-47cf-9d9c-19dac7bed4ee:c1915, a2e6e0ff-38a8-4bcf-9958-a89ff312531d:c1915]
2019-07-15 13:06:53,277 INFO  client.GrpcClientProtocolClient (GrpcClientProtocolClient.java:onNext(255)) - client-B30EC828C355->c26939f8-4d1f-4fb1-95c4-1aa8f7e5d3f6: receive RaftClientReply:client-B30EC828C355->c26939f8-4d1f-4fb1-95c4-1aa8f7e5d3f6@group-D25BE8053FEA, cid=1357, SUCCESS, logIndex=1918, commits[c26939f8-4d1f-4fb1-95c4-1aa8f7e5d3f6:c1919, c5393538-959b-47cf-9d9c-19dac7bed4ee:c1917, a2e6e0ff-38a8-4bcf-9958-a89ff312531d:c1917]
2019-07-15 13:06:53,278 INFO  client.GrpcClientProtocolClient (GrpcClientProtocolClient.java:onNext(255)) - client-B30EC828C355->c26939f8-4d1f-4fb1-95c4-1aa8f7e5d3f6: receive RaftClientReply:client-B30EC828C355->c26939f8-4d1f-4fb1-95c4-1aa8f7e5d3f6@group-D25BE8053FEA, cid=1358, SUCCESS, logIndex=1919, commits[c26939f8-4d1f-4fb1-95c4-1aa8f7e5d3f6:c1919, c5393538-959b-47cf-9d9c-19dac7bed4ee:c1917, a2e6e0ff-38a8-4bcf-9958-a89ff312531d:c1917]
2019-07-15 13:06:53,279 INFO  client.GrpcClientProtocolClient (GrpcClientProtocolClient.java:onNext(255)) - client-B30EC828C355->c26939f8-4d1f-4fb1-95c4-1aa8f7e5d3f6: receive RaftClientReply:client-B30EC828C355->c26939f8-4d1f-4fb1-95c4-1aa8f7e5d3f6@group-D25BE8053FEA, cid=1359, SUCCESS, logIndex=1920, commits[c26939f8-4d1f-4fb1-95c4-1aa8f7e5d3f6:c1921, c5393538-959b-47cf-9d9c-19dac7bed4ee:c1917, a2e6e0ff-38a8-4bcf-9958-a89ff312531d:c1917]
2019-07-15 13:06:53,279 INFO  client.GrpcClientProtocolClient (GrpcClientProtocolClient.java:onNext(255)) - client-B30EC828C355->c26939f8-4d1f-4fb1-95c4-1aa8f7e5d3f6: receive RaftClientReply:client-B30EC828C355->c26939f8-4d1f-4fb1-95c4-1aa8f7e5d3f6@group-D25BE8053FEA, cid=1360, SUCCESS, logIndex=1921, commits[c26939f8-4d1f-4fb1-95c4-1aa8f7e5d3f6:c1921, c5393538-959b-47cf-9d9c-19dac7bed4ee:c1917, a2e6e0ff-38a8-4bcf-9958-a89ff312531d:c1917]
2019-07-15 13:06:53,281 INFO  client.GrpcClientProtocolClient (GrpcClientProtocolClient.java:onNext(255)) - client-B30EC828C355->c26939f8-4d1f-4fb1-95c4-1aa8f7e5d3f6: receive RaftClientReply:client-B30EC828C355->c26939f8-4d1f-4fb1-95c4-1aa8f7e5d3f6@group-D25BE8053FEA, cid=1361, SUCCESS, logIndex=0, commits[c26939f8-4d1f-4fb1-95c4-1aa8f7e5d3f6:c1925, c5393538-959b-47cf-9d9c-19dac7bed4ee:c1921, a2e6e0ff-38a8-4bcf-9958-a89ff312531d:c1919]
2019-07-15 13:06:53,301 INFO  client.GrpcClientProtocolClient (GrpcClientProtocolClient.java:onNext(255)) - client-B30EC828C355->c26939f8-4d1f-4fb1-95c4-1aa8f7e5d3f6: receive RaftClientReply:client-B30EC828C355->c26939f8-4d1f-4fb1-95c4-1aa8f7e5d3f6@group-D25BE8053FEA, cid=1362, SUCCESS, logIndex=1926, commits[c26939f8-4d1f-4fb1-95c4-1aa8f7e5d3f6:c1927, c5393538-959b-47cf-9d9c-19dac7bed4ee:c1925, a2e6e0ff-38a8-4bcf-9958-a89ff312531d:c1925]
2019-07-15 13:06:53,302 INFO  client.GrpcClientProtocolClient (GrpcClientProtocolClient.java:onNext(255)) - client-B30EC828C355->c26939f8-4d1f-4fb1-95c4-1aa8f7e5d3f6: receive RaftClientReply:client-B30EC828C355->c26939f8-4d1f-4fb1-95c4-1aa8f7e5d3f6@group-D25BE8053FEA, cid=1363, SUCCESS, logIndex=1927, commits[c26939f8-4d1f-4fb1-95c4-1aa8f7e5d3f6:c1927, c5393538-959b-47cf-9d9c-19dac7bed4ee:c1925, a2e6e0ff-38a8-4bcf-9958-a89ff312531d:c1925]
2019-07-15 13:06:53,314 INFO  client.GrpcClientProtocolClient (GrpcClientProtocolClient.java:onNext(255)) - client-B30EC828C355->c26939f8-4d1f-4fb1-95c4-1aa8f7e5d3f6: receive RaftClientReply:client-B30EC828C355->c26939f8-4d1f-4fb1-95c4-1aa8f7e5d3f6@group-D25BE8053FEA, cid=1364, SUCCESS, logIndex=1930, commits[c26939f8-4d1f-4fb1-95c4-1aa8f7e5d3f6:c1931, c5393538-959b-47cf-9d9c-19dac7bed4ee:c1927, a2e6e0ff-38a8-4bcf-9958-a89ff312531d:c1927]
2019-07-15 13:06:53,314 INFO  client.GrpcClientProtocolClient (GrpcClientProtocolClient.java:onNext(255)) - client-B30EC828C355->c26939f8-4d1f-4fb1-95c4-1aa8f7e5d3f6: receive RaftClientReply:client-B30EC828C355->c26939f8-4d1f-4fb1-95c4-1aa8f7e5d3f6@group-D25BE8053FEA, cid=1365, SUCCESS, logIndex=1931, commits[c26939f8-4d1f-4fb1-95c4-1aa8f7e5d3f6:c1931, c5393538-959b-47cf-9d9c-19dac7bed4ee:c1927, a2e6e0ff-38a8-4bcf-9958-a89ff312531d:c1927]
2019-07-15 13:06:53,327 INFO  client.GrpcClientProtocolClient (GrpcClientProtocolClient.java:onNext(255)) - client-B30EC828C355->c26939f8-4d1f-4fb1-95c4-1aa8f7e5d3f6: receive RaftClientReply:client-B30EC828C355->c26939f8-4d1f-4fb1-95c4-1aa8f7e5d3f6@group-D25BE8053FEA, cid=1366, SUCCESS, logIndex=0, commits[c26939f8-4d1f-4fb1-95c4-1aa8f7e5d3f6:c1933, c5393538-959b-47cf-9d9c-19dac7bed4ee:c1931, a2e6e0ff-38a8-4bcf-9958-a89ff312531d:c1931]
2019-07-15 13:06:53,355 INFO  client.GrpcClientProtocolClient (GrpcClientProtocolClient.java:onNext(255)) - client-B30EC828C355->c26939f8-4d1f-4fb1-95c4-1aa8f7e5d3f6: receive RaftClientReply:client-B30EC828C355->c26939f8-4d1f-4fb1-95c4-1aa8f7e5d3f6@group-D25BE8053FEA, cid=1367, SUCCESS, logIndex=1934, commits[c26939f8-4d1f-4fb1-95c4-1aa8f7e5d3f6:c1935, c5393538-959b-47cf-9d9c-19dac7bed4ee:c1933, a2e6e0ff-38a8-4bcf-9958-a89ff312531d:c1933]
2019-07-15 13:06:53,357 INFO  client.GrpcClientProtocolClient (GrpcClientProtocolClient.java:onNext(255)) - client-B30EC828C355->c26939f8-4d1f-4fb1-95c4-1aa8f7e5d3f6: receive RaftClientReply:client-B30EC828C355->c26939f8-4d1f-4fb1-95c4-1aa8f7e5d3f6@group-D25BE8053FEA, cid=1368, SUCCESS, logIndex=1935, commits[c26939f8-4d1f-4fb1-95c4-1aa8f7e5d3f6:c1936, c5393538-959b-47cf-9d9c-19dac7bed4ee:c1933, a2e6e0ff-38a8-4bcf-9958-a89ff312531d:c1933]
2019-07-15 13:06:53,358 INFO  client.GrpcClientProtocolClient (GrpcClientProtocolClient.java:onNext(255)) - client-B30EC828C355->c26939f8-4d1f-4fb1-95c4-1aa8f7e5d3f6: receive RaftClientReply:client-B30EC828C355->c26939f8-4d1f-4fb1-95c4-1aa8f7e5d3f6@group-D25BE8053FEA, cid=1369, SUCCESS, logIndex=1936, commits[c26939f8-4d1f-4fb1-95c4-1aa8f7e5d3f6:c1937, c5393538-959b-47cf-9d9c-19dac7bed4ee:c1933, a2e6e0ff-38a8-4bcf-9958-a89ff312531d:c1933]
2019-07-15 13:06:53,359 INFO  client.GrpcClientProtocolClient (GrpcClientProtocolClient.java:onNext(255)) - client-B30EC828C355->c26939f8-4d1f-4fb1-95c4-1aa8f7e5d3f6: receive RaftClientReply:client-B30EC828C355->c26939f8-4d1f-4fb1-95c4-1aa8f7e5d3f6@group-D25BE8053FEA, cid=1370, SUCCESS, logIndex=1937, commits[c26939f8-4d1f-4fb1-95c4-1aa8f7e5d3f6:c1939, c5393538-959b-47cf-9d9c-19dac7bed4ee:c1933, a2e6e0ff-38a8-4bcf-9958-a89ff312531d:c1935]
2019-07-15 13:06:53,361 INFO  client.GrpcClientProtocolClient (GrpcClientProtocolClient.java:onNext(255)) - client-B30EC828C355->c26939f8-4d1f-4fb1-95c4-1aa8f7e5d3f6: receive RaftClientReply:client-B30EC828C355->c26939f8-4d1f-4fb1-95c4-1aa8f7e5d3f6@group-D25BE8053FEA, cid=1371, SUCCESS, logIndex=0, commits[c26939f8-4d1f-4fb1-95c4-1aa8f7e5d3f6:c1941, c5393538-959b-47cf-9d9c-19dac7bed4ee:c1937, a2e6e0ff-38a8-4bcf-9958-a89ff312531d:c1937]
2019-07-15 13:06:53,382 INFO  client.GrpcClientProtocolClient (GrpcClientProtocolClient.java:onNext(255)) - client-B30EC828C355->c26939f8-4d1f-4fb1-95c4-1aa8f7e5d3f6: receive RaftClientReply:client-B30EC828C355->c26939f8-4d1f-4fb1-95c4-1aa8f7e5d3f6@group-D25BE8053FEA, cid=1372, SUCCESS, logIndex=1942, commits[c26939f8-4d1f-4fb1-95c4-1aa8f7e5d3f6:c1943, c5393538-959b-47cf-9d9c-19dac7bed4ee:c1941, a2e6e0ff-38a8-4bcf-9958-a89ff312531d:c1941]
2019-07-15 13:06:53,382 INFO  client.GrpcClientProtocolClient (GrpcClientProtocolClient.java:onNext(255)) - client-B30EC828C355->c26939f8-4d1f-4fb1-95c4-1aa8f7e5d3f6: receive RaftClientReply:client-B30EC828C355->c26939f8-4d1f-4fb1-95c4-1aa8f7e5d3f6@group-D25BE8053FEA, cid=1373, SUCCESS, logIndex=1943, commits[c26939f8-4d1f-4fb1-95c4-1aa8f7e5d3f6:c1943, c5393538-959b-47cf-9d9c-19dac7bed4ee:c1941, a2e6e0ff-38a8-4bcf-9958-a89ff312531d:c1941]
2019-07-15 13:06:53,408 INFO  client.GrpcClientProtocolClient (GrpcClientProtocolClient.java:onNext(255)) - client-B30EC828C355->c26939f8-4d1f-4fb1-95c4-1aa8f7e5d3f6: receive RaftClientReply:client-B30EC828C355->c26939f8-4d1f-4fb1-95c4-1aa8f7e5d3f6@group-D25BE8053FEA, cid=1374, SUCCESS, logIndex=1946, commits[c26939f8-4d1f-4fb1-95c4-1aa8f7e5d3f6:c1947, c5393538-959b-47cf-9d9c-19dac7bed4ee:c1943, a2e6e0ff-38a8-4bcf-9958-a89ff312531d:c1943]
2019-07-15 13:06:53,409 INFO  client.GrpcClientProtocolClient (GrpcClientProtocolClient.java:onNext(255)) - client-B30EC828C355->c26939f8-4d1f-4fb1-95c4-1aa8f7e5d3f6: receive RaftClientReply:client-B30EC828C355->c26939f8-4d1f-4fb1-95c4-1aa8f7e5d3f6@group-D25BE8053FEA, cid=1375, SUCCESS, logIndex=1947, commits[c26939f8-4d1f-4fb1-95c4-1aa8f7e5d3f6:c1947, c5393538-959b-47cf-9d9c-19dac7bed4ee:c1943, a2e6e0ff-38a8-4bcf-9958-a89ff312531d:c1943]
2019-07-15 13:06:53,422 INFO  client.GrpcClientProtocolClient (GrpcClientProtocolClient.java:onNext(255)) - client-B30EC828C355->c26939f8-4d1f-4fb1-95c4-1aa8f7e5d3f6: receive RaftClientReply:client-B30EC828C355->c26939f8-4d1f-4fb1-95c4-1aa8f7e5d3f6@group-D25BE8053FEA, cid=1376, SUCCESS, logIndex=0, commits[c26939f8-4d1f-4fb1-95c4-1aa8f7e5d3f6:c1949, c5393538-959b-47cf-9d9c-19dac7bed4ee:c1947, a2e6e0ff-38a8-4bcf-9958-a89ff312531d:c1947]
2019-07-15 13:06:53,452 INFO  client.GrpcClientProtocolClient (GrpcClientProtocolClient.java:onNext(255)) - client-B30EC828C355->c26939f8-4d1f-4fb1-95c4-1aa8f7e5d3f6: receive RaftClientReply:client-B30EC828C355->c26939f8-4d1f-4fb1-95c4-1aa8f7e5d3f6@group-D25BE8053FEA, cid=1377, SUCCESS, logIndex=1950, commits[c26939f8-4d1f-4fb1-95c4-1aa8f7e5d3f6:c1951, c5393538-959b-47cf-9d9c-19dac7bed4ee:c1949, a2e6e0ff-38a8-4bcf-9958-a89ff312531d:c1949]
2019-07-15 13:06:53,452 INFO  client.GrpcClientProtocolClient (GrpcClientProtocolClient.java:onNext(255)) - client-B30EC828C355->c26939f8-4d1f-4fb1-95c4-1aa8f7e5d3f6: receive RaftClientReply:client-B30EC828C355->c26939f8-4d1f-4fb1-95c4-1aa8f7e5d3f6@group-D25BE8053FEA, cid=1378, SUCCESS, logIndex=1951, commits[c26939f8-4d1f-4fb1-95c4-1aa8f7e5d3f6:c1951, c5393538-959b-47cf-9d9c-19dac7bed4ee:c1949, a2e6e0ff-38a8-4bcf-9958-a89ff312531d:c1949]
2019-07-15 13:06:53,453 INFO  client.GrpcClientProtocolClient (GrpcClientProtocolClient.java:onNext(255)) - client-B30EC828C355->c26939f8-4d1f-4fb1-95c4-1aa8f7e5d3f6: receive RaftClientReply:client-B30EC828C355->c26939f8-4d1f-4fb1-95c4-1aa8f7e5d3f6@group-D25BE8053FEA, cid=1379, SUCCESS, logIndex=1952, commits[c26939f8-4d1f-4fb1-95c4-1aa8f7e5d3f6:c1952, c5393538-959b-47cf-9d9c-19dac7bed4ee:c1949, a2e6e0ff-38a8-4bcf-9958-a89ff312531d:c1949]
2019-07-15 13:06:53,454 INFO  client.GrpcClientProtocolClient (GrpcClientProtocolClient.java:onNext(255)) - client-B30EC828C355->c26939f8-4d1f-4fb1-95c4-1aa8f7e5d3f6: receive RaftClientReply:client-B30EC828C355->c26939f8-4d1f-4fb1-95c4-1aa8f7e5d3f6@group-D25BE8053FEA, cid=1380, SUCCESS, logIndex=1953, commits[c26939f8-4d1f-4fb1-95c4-1aa8f7e5d3f6:c1953, c5393538-959b-47cf-9d9c-19dac7bed4ee:c1949, a2e6e0ff-38a8-4bcf-9958-a89ff312531d:c1949]
2019-07-15 13:06:53,467 INFO  client.GrpcClientProtocolClient (GrpcClientProtocolClient.java:onNext(255)) - client-B30EC828C355->c26939f8-4d1f-4fb1-95c4-1aa8f7e5d3f6: receive RaftClientReply:client-B30EC828C355->c26939f8-4d1f-4fb1-95c4-1aa8f7e5d3f6@group-D25BE8053FEA, cid=1381, SUCCESS, logIndex=0, commits[c26939f8-4d1f-4fb1-95c4-1aa8f7e5d3f6:c1955, c5393538-959b-47cf-9d9c-19dac7bed4ee:c1951, a2e6e0ff-38a8-4bcf-9958-a89ff312531d:c1951]
2019-07-15 13:06:53,489 INFO  client.GrpcClientProtocolClient (GrpcClientProtocolClient.java:onNext(255)) - client-B30EC828C355->c26939f8-4d1f-4fb1-95c4-1aa8f7e5d3f6: receive RaftClientReply:client-B30EC828C355->c26939f8-4d1f-4fb1-95c4-1aa8f7e5d3f6@group-D25BE8053FEA, cid=1382, SUCCESS, logIndex=1958, commits[c26939f8-4d1f-4fb1-95c4-1aa8f7e5d3f6:c1959, c5393538-959b-47cf-9d9c-19dac7bed4ee:c1957, a2e6e0ff-38a8-4bcf-9958-a89ff312531d:c1957]
2019-07-15 13:06:53,489 INFO  client.GrpcClientProtocolClient (GrpcClientProtocolClient.java:onNext(255)) - client-B30EC828C355->c26939f8-4d1f-4fb1-95c4-1aa8f7e5d3f6: receive RaftClientReply:client-B30EC828C355->c26939f8-4d1f-4fb1-95c4-1aa8f7e5d3f6@group-D25BE8053FEA, cid=1383, SUCCESS, logIndex=1959, commits[c26939f8-4d1f-4fb1-95c4-1aa8f7e5d3f6:c1959, c5393538-959b-47cf-9d9c-19dac7bed4ee:c1957, a2e6e0ff-38a8-4bcf-9958-a89ff312531d:c1957]
2019-07-15 13:06:53,502 INFO  client.GrpcClientProtocolClient (GrpcClientProtocolClient.java:onNext(255)) - client-B30EC828C355->c26939f8-4d1f-4fb1-95c4-1aa8f7e5d3f6: receive RaftClientReply:client-B30EC828C355->c26939f8-4d1f-4fb1-95c4-1aa8f7e5d3f6@group-D25BE8053FEA, cid=1384, SUCCESS, logIndex=1962, commits[c26939f8-4d1f-4fb1-95c4-1aa8f7e5d3f6:c1963, c5393538-959b-47cf-9d9c-19dac7bed4ee:c1959, a2e6e0ff-38a8-4bcf-9958-a89ff312531d:c1959]
2019-07-15 13:06:53,503 INFO  client.GrpcClientProtocolClient (GrpcClientProtocolClient.java:onNext(255)) - client-B30EC828C355->c26939f8-4d1f-4fb1-95c4-1aa8f7e5d3f6: receive RaftClientReply:client-B30EC828C355->c26939f8-4d1f-4fb1-95c4-1aa8f7e5d3f6@group-D25BE8053FEA, cid=1385, SUCCESS, logIndex=1963, commits[c26939f8-4d1f-4fb1-95c4-1aa8f7e5d3f6:c1963, c5393538-959b-47cf-9d9c-19dac7bed4ee:c1959, a2e6e0ff-38a8-4bcf-9958-a89ff312531d:c1959]
2019-07-15 13:06:53,515 INFO  client.GrpcClientProtocolClient (GrpcClientProtocolClient.java:onNext(255)) - client-B30EC828C355->c26939f8-4d1f-4fb1-95c4-1aa8f7e5d3f6: receive RaftClientReply:client-B30EC828C355->c26939f8-4d1f-4fb1-95c4-1aa8f7e5d3f6@group-D25BE8053FEA, cid=1386, SUCCESS, logIndex=0, commits[c26939f8-4d1f-4fb1-95c4-1aa8f7e5d3f6:c1964, c5393538-959b-47cf-9d9c-19dac7bed4ee:c1963, a2e6e0ff-38a8-4bcf-9958-a89ff312531d:c1963]
2019-07-15 13:06:53,542 INFO  client.GrpcClientProtocolClient (GrpcClientProtocolClient.java:onNext(255)) - client-B30EC828C355->c26939f8-4d1f-4fb1-95c4-1aa8f7e5d3f6: receive RaftClientReply:client-B30EC828C355->c26939f8-4d1f-4fb1-95c4-1aa8f7e5d3f6@group-D25BE8053FEA, cid=1387, SUCCESS, logIndex=1966, commits[c26939f8-4d1f-4fb1-95c4-1aa8f7e5d3f6:c1967, c5393538-959b-47cf-9d9c-19dac7bed4ee:c1965, a2e6e0ff-38a8-4bcf-9958-a89ff312531d:c1965]
2019-07-15 13:06:53,542 INFO  client.GrpcClientProtocolClient (GrpcClientProtocolClient.java:onNext(255)) - client-B30EC828C355->c26939f8-4d1f-4fb1-95c4-1aa8f7e5d3f6: receive RaftClientReply:client-B30EC828C355->c26939f8-4d1f-4fb1-95c4-1aa8f7e5d3f6@group-D25BE8053FEA, cid=1388, SUCCESS, logIndex=1967, commits[c26939f8-4d1f-4fb1-95c4-1aa8f7e5d3f6:c1968, c5393538-959b-47cf-9d9c-19dac7bed4ee:c1965, a2e6e0ff-38a8-4bcf-9958-a89ff312531d:c1965]
2019-07-15 13:06:53,543 INFO  client.GrpcClientProtocolClient (GrpcClientProtocolClient.java:onNext(255)) - client-B30EC828C355->c26939f8-4d1f-4fb1-95c4-1aa8f7e5d3f6: receive RaftClientReply:client-B30EC828C355->c26939f8-4d1f-4fb1-95c4-1aa8f7e5d3f6@group-D25BE8053FEA, cid=1389, SUCCESS, logIndex=1968, commits[c26939f8-4d1f-4fb1-95c4-1aa8f7e5d3f6:c1969, c5393538-959b-47cf-9d9c-19dac7bed4ee:c1965, a2e6e0ff-38a8-4bcf-9958-a89ff312531d:c1965]
2019-07-15 13:06:53,543 INFO  client.GrpcClientProtocolClient (GrpcClientProtocolClient.java:onNext(255)) - client-B30EC828C355->c26939f8-4d1f-4fb1-95c4-1aa8f7e5d3f6: receive RaftClientReply:client-B30EC828C355->c26939f8-4d1f-4fb1-95c4-1aa8f7e5d3f6@group-D25BE8053FEA, cid=1390, SUCCESS, logIndex=1969, commits[c26939f8-4d1f-4fb1-95c4-1aa8f7e5d3f6:c1969, c5393538-959b-47cf-9d9c-19dac7bed4ee:c1965, a2e6e0ff-38a8-4bcf-9958-a89ff312531d:c1965]
2019-07-15 13:06:53,545 INFO  client.GrpcClientProtocolClient (GrpcClientProtocolClient.java:onNext(255)) - client-B30EC828C355->c26939f8-4d1f-4fb1-95c4-1aa8f7e5d3f6: receive RaftClientReply:client-B30EC828C355->c26939f8-4d1f-4fb1-95c4-1aa8f7e5d3f6@group-D25BE8053FEA, cid=1391, SUCCESS, logIndex=0, commits[c26939f8-4d1f-4fb1-95c4-1aa8f7e5d3f6:c1972, c5393538-959b-47cf-9d9c-19dac7bed4ee:c1968, a2e6e0ff-38a8-4bcf-9958-a89ff312531d:c1968]
2019-07-15 13:06:53,564 INFO  client.GrpcClientProtocolClient (GrpcClientProtocolClient.java:onNext(255)) - client-B30EC828C355->c26939f8-4d1f-4fb1-95c4-1aa8f7e5d3f6: receive RaftClientReply:client-B30EC828C355->c26939f8-4d1f-4fb1-95c4-1aa8f7e5d3f6@group-D25BE8053FEA, cid=1392, SUCCESS, logIndex=1974, commits[c26939f8-4d1f-4fb1-95c4-1aa8f7e5d3f6:c1975, c5393538-959b-47cf-9d9c-19dac7bed4ee:c1973, a2e6e0ff-38a8-4bcf-9958-a89ff312531d:c1973]
2019-07-15 13:06:53,564 INFO  client.GrpcClientProtocolClient (GrpcClientProtocolClient.java:onNext(255)) - client-B30EC828C355->c26939f8-4d1f-4fb1-95c4-1aa8f7e5d3f6: receive RaftClientReply:client-B30EC828C355->c26939f8-4d1f-4fb1-95c4-1aa8f7e5d3f6@group-D25BE8053FEA, cid=1393, SUCCESS, logIndex=1975, commits[c26939f8-4d1f-4fb1-95c4-1aa8f7e5d3f6:c1975, c5393538-959b-47cf-9d9c-19dac7bed4ee:c1973, a2e6e0ff-38a8-4bcf-9958-a89ff312531d:c1973]
2019-07-15 13:06:53,577 INFO  client.GrpcClientProtocolClient (GrpcClientProtocolClient.java:onNext(255)) - client-B30EC828C355->c26939f8-4d1f-4fb1-95c4-1aa8f7e5d3f6: receive RaftClientReply:client-B30EC828C355->c26939f8-4d1f-4fb1-95c4-1aa8f7e5d3f6@group-D25BE8053FEA, cid=1394, SUCCESS, logIndex=1978, commits[c26939f8-4d1f-4fb1-95c4-1aa8f7e5d3f6:c1979, c5393538-959b-47cf-9d9c-19dac7bed4ee:c1975, a2e6e0ff-38a8-4bcf-9958-a89ff312531d:c1975]
2019-07-15 13:06:53,577 INFO  client.GrpcClientProtocolClient (GrpcClientProtocolClient.java:onNext(255)) - client-B30EC828C355->c26939f8-4d1f-4fb1-95c4-1aa8f7e5d3f6: receive RaftClientReply:client-B30EC828C355->c26939f8-4d1f-4fb1-95c4-1aa8f7e5d3f6@group-D25BE8053FEA, cid=1395, SUCCESS, logIndex=1979, commits[c26939f8-4d1f-4fb1-95c4-1aa8f7e5d3f6:c1979, c5393538-959b-47cf-9d9c-19dac7bed4ee:c1975, a2e6e0ff-38a8-4bcf-9958-a89ff312531d:c1975]
2019-07-15 13:06:53,590 INFO  client.GrpcClientProtocolClient (GrpcClientProtocolClient.java:onNext(255)) - client-B30EC828C355->c26939f8-4d1f-4fb1-95c4-1aa8f7e5d3f6: receive RaftClientReply:client-B30EC828C355->c26939f8-4d1f-4fb1-95c4-1aa8f7e5d3f6@group-D25BE8053FEA, cid=1396, SUCCESS, logIndex=0, commits[c26939f8-4d1f-4fb1-95c4-1aa8f7e5d3f6:c1980, c5393538-959b-47cf-9d9c-19dac7bed4ee:c1979, a2e6e0ff-38a8-4bcf-9958-a89ff312531d:c1979]
2019-07-15 13:06:53,617 INFO  client.GrpcClientProtocolClient (GrpcClientProtocolClient.java:onNext(255)) - client-B30EC828C355->c26939f8-4d1f-4fb1-95c4-1aa8f7e5d3f6: receive RaftClientReply:client-B30EC828C355->c26939f8-4d1f-4fb1-95c4-1aa8f7e5d3f6@group-D25BE8053FEA, cid=1397, SUCCESS, logIndex=1982, commits[c26939f8-4d1f-4fb1-95c4-1aa8f7e5d3f6:c1983, c5393538-959b-47cf-9d9c-19dac7bed4ee:c1981, a2e6e0ff-38a8-4bcf-9958-a89ff312531d:c1981]
2019-07-15 13:06:53,618 INFO  client.GrpcClientProtocolClient (GrpcClientProtocolClient.java:onNext(255)) - client-B30EC828C355->c26939f8-4d1f-4fb1-95c4-1aa8f7e5d3f6: receive RaftClientReply:client-B30EC828C355->c26939f8-4d1f-4fb1-95c4-1aa8f7e5d3f6@group-D25BE8053FEA, cid=1398, SUCCESS, logIndex=1983, commits[c26939f8-4d1f-4fb1-95c4-1aa8f7e5d3f6:c1983, c5393538-959b-47cf-9d9c-19dac7bed4ee:c1981, a2e6e0ff-38a8-4bcf-9958-a89ff312531d:c1981]
2019-07-15 13:06:53,629 INFO  client.GrpcClientProtocolClient (GrpcClientProtocolClient.java:onNext(255)) - client-B30EC828C355->c26939f8-4d1f-4fb1-95c4-1aa8f7e5d3f6: receive RaftClientReply:client-B30EC828C355->c26939f8-4d1f-4fb1-95c4-1aa8f7e5d3f6@group-D25BE8053FEA, cid=1399, SUCCESS, logIndex=1984, commits[c26939f8-4d1f-4fb1-95c4-1aa8f7e5d3f6:c1985, c5393538-959b-47cf-9d9c-19dac7bed4ee:c1981, a2e6e0ff-38a8-4bcf-9958-a89ff312531d:c1981]
2019-07-15 13:06:53,629 INFO  client.GrpcClientProtocolClient (GrpcClientProtocolClient.java:onNext(255)) - client-B30EC828C355->c26939f8-4d1f-4fb1-95c4-1aa8f7e5d3f6: receive RaftClientReply:client-B30EC828C355->c26939f8-4d1f-4fb1-95c4-1aa8f7e5d3f6@group-D25BE8053FEA, cid=1400, SUCCESS, logIndex=1985, commits[c26939f8-4d1f-4fb1-95c4-1aa8f7e5d3f6:c1985, c5393538-959b-47cf-9d9c-19dac7bed4ee:c1981, a2e6e0ff-38a8-4bcf-9958-a89ff312531d:c1981]
2019-07-15 13:06:53,631 INFO  client.GrpcClientProtocolClient (GrpcClientProtocolClient.java:onNext(255)) - client-B30EC828C355->c26939f8-4d1f-4fb1-95c4-1aa8f7e5d3f6: receive RaftClientReply:client-B30EC828C355->c26939f8-4d1f-4fb1-95c4-1aa8f7e5d3f6@group-D25BE8053FEA, cid=1401, SUCCESS, logIndex=0, commits[c26939f8-4d1f-4fb1-95c4-1aa8f7e5d3f6:c1987, c5393538-959b-47cf-9d9c-19dac7bed4ee:c1983, a2e6e0ff-38a8-4bcf-9958-a89ff312531d:c1983]
2019-07-15 13:06:53,673 INFO  client.GrpcClientProtocolClient (GrpcClientProtocolClient.java:onNext(255)) - client-B30EC828C355->c26939f8-4d1f-4fb1-95c4-1aa8f7e5d3f6: receive RaftClientReply:client-B30EC828C355->c26939f8-4d1f-4fb1-95c4-1aa8f7e5d3f6@group-D25BE8053FEA, cid=1402, SUCCESS, logIndex=1990, commits[c26939f8-4d1f-4fb1-95c4-1aa8f7e5d3f6:c1991, c5393538-959b-47cf-9d9c-19dac7bed4ee:c1989, a2e6e0ff-38a8-4bcf-9958-a89ff312531d:c1989]
2019-07-15 13:06:53,674 INFO  client.GrpcClientProtocolClient (GrpcClientProtocolClient.java:onNext(255)) - client-B30EC828C355->c26939f8-4d1f-4fb1-95c4-1aa8f7e5d3f6: receive RaftClientReply:client-B30EC828C355->c26939f8-4d1f-4fb1-95c4-1aa8f7e5d3f6@group-D25BE8053FEA, cid=1403, SUCCESS, logIndex=1991, commits[c26939f8-4d1f-4fb1-95c4-1aa8f7e5d3f6:c1991, c5393538-959b-47cf-9d9c-19dac7bed4ee:c1989, a2e6e0ff-38a8-4bcf-9958-a89ff312531d:c1989]
 0.00% |█                                                                                                    |  0/1 Time: 0:00:082019-07-15 13:06:53,796 INFO  client.GrpcClientProtocolClient (GrpcClientProtocolClient.java:onNext(255)) - client-B30EC828C355->c26939f8-4d1f-4fb1-95c4-1aa8f7e5d3f6: receive RaftClientReply:client-B30EC828C355->c26939f8-4d1f-4fb1-95c4-1aa8f7e5d3f6@group-D25BE8053FEA, cid=1404, SUCCESS, logIndex=1994, commits[c26939f8-4d1f-4fb1-95c4-1aa8f7e5d3f6:c1995, c5393538-959b-47cf-9d9c-19dac7bed4ee:c1991, a2e6e0ff-38a8-4bcf-9958-a89ff312531d:c1991]
2019-07-15 13:06:53,796 INFO  client.GrpcClientProtocolClient (GrpcClientProtocolClient.java:onNext(255)) - client-B30EC828C355->c26939f8-4d1f-4fb1-95c4-1aa8f7e5d3f6: receive RaftClientReply:client-B30EC828C355->c26939f8-4d1f-4fb1-95c4-1aa8f7e5d3f6@group-D25BE8053FEA, cid=1405, SUCCESS, logIndex=1995, commits[c26939f8-4d1f-4fb1-95c4-1aa8f7e5d3f6:c1995, c5393538-959b-47cf-9d9c-19dac7bed4ee:c1991, a2e6e0ff-38a8-4bcf-9958-a89ff312531d:c1991]
2019-07-15 13:06:53,808 INFO  client.GrpcClientProtocolClient (GrpcClientProtocolClient.java:onNext(255)) - client-B30EC828C355->c26939f8-4d1f-4fb1-95c4-1aa8f7e5d3f6: receive RaftClientReply:client-B30EC828C355->c26939f8-4d1f-4fb1-95c4-1aa8f7e5d3f6@group-D25BE8053FEA, cid=1406, SUCCESS, logIndex=0, commits[c26939f8-4d1f-4fb1-95c4-1aa8f7e5d3f6:c1997, c5393538-959b-47cf-9d9c-19dac7bed4ee:c1995, a2e6e0ff-38a8-4bcf-9958-a89ff312531d:c1995]
2019-07-15 13:06:53,839 INFO  client.GrpcClientProtocolClient (GrpcClientProtocolClient.java:onNext(255)) - client-B30EC828C355->c26939f8-4d1f-4fb1-95c4-1aa8f7e5d3f6: receive RaftClientReply:client-B30EC828C355->c26939f8-4d1f-4fb1-95c4-1aa8f7e5d3f6@group-D25BE8053FEA, cid=1407, SUCCESS, logIndex=1998, commits[c26939f8-4d1f-4fb1-95c4-1aa8f7e5d3f6:c1999, c5393538-959b-47cf-9d9c-19dac7bed4ee:c1997, a2e6e0ff-38a8-4bcf-9958-a89ff312531d:c1997]
2019-07-15 13:06:53,841 INFO  client.GrpcClientProtocolClient (GrpcClientProtocolClient.java:onNext(255)) - client-B30EC828C355->c26939f8-4d1f-4fb1-95c4-1aa8f7e5d3f6: receive RaftClientReply:client-B30EC828C355->c26939f8-4d1f-4fb1-95c4-1aa8f7e5d3f6@group-D25BE8053FEA, cid=1408, SUCCESS, logIndex=1999, commits[c26939f8-4d1f-4fb1-95c4-1aa8f7e5d3f6:c2000, c5393538-959b-47cf-9d9c-19dac7bed4ee:c1997, a2e6e0ff-38a8-4bcf-9958-a89ff312531d:c1997]
2019-07-15 13:06:53,841 INFO  client.GrpcClientProtocolClient (GrpcClientProtocolClient.java:onNext(255)) - client-B30EC828C355->c26939f8-4d1f-4fb1-95c4-1aa8f7e5d3f6: receive RaftClientReply:client-B30EC828C355->c26939f8-4d1f-4fb1-95c4-1aa8f7e5d3f6@group-D25BE8053FEA, cid=1409, SUCCESS, logIndex=2000, commits[c26939f8-4d1f-4fb1-95c4-1aa8f7e5d3f6:c2001, c5393538-959b-47cf-9d9c-19dac7bed4ee:c1997, a2e6e0ff-38a8-4bcf-9958-a89ff312531d:c1997]
2019-07-15 13:06:53,841 INFO  client.GrpcClientProtocolClient (GrpcClientProtocolClient.java:onNext(255)) - client-B30EC828C355->c26939f8-4d1f-4fb1-95c4-1aa8f7e5d3f6: receive RaftClientReply:client-B30EC828C355->c26939f8-4d1f-4fb1-95c4-1aa8f7e5d3f6@group-D25BE8053FEA, cid=1410, SUCCESS, logIndex=2001, commits[c26939f8-4d1f-4fb1-95c4-1aa8f7e5d3f6:c2002, c5393538-959b-47cf-9d9c-19dac7bed4ee:c1998, a2e6e0ff-38a8-4bcf-9958-a89ff312531d:c1997]
2019-07-15 13:06:53,843 INFO  client.GrpcClientProtocolClient (GrpcClientProtocolClient.java:onNext(255)) - client-B30EC828C355->c26939f8-4d1f-4fb1-95c4-1aa8f7e5d3f6: receive RaftClientReply:client-B30EC828C355->c26939f8-4d1f-4fb1-95c4-1aa8f7e5d3f6@group-D25BE8053FEA, cid=1411, SUCCESS, logIndex=0, commits[c26939f8-4d1f-4fb1-95c4-1aa8f7e5d3f6:c2003, c5393538-959b-47cf-9d9c-19dac7bed4ee:c2000, a2e6e0ff-38a8-4bcf-9958-a89ff312531d:c1999]
2019-07-15 13:06:53,864 INFO  client.GrpcClientProtocolClient (GrpcClientProtocolClient.java:onNext(255)) - client-B30EC828C355->c26939f8-4d1f-4fb1-95c4-1aa8f7e5d3f6: receive RaftClientReply:client-B30EC828C355->c26939f8-4d1f-4fb1-95c4-1aa8f7e5d3f6@group-D25BE8053FEA, cid=1412, SUCCESS, logIndex=2006, commits[c26939f8-4d1f-4fb1-95c4-1aa8f7e5d3f6:c2007, c5393538-959b-47cf-9d9c-19dac7bed4ee:c2005, a2e6e0ff-38a8-4bcf-9958-a89ff312531d:c2005]
2019-07-15 13:06:53,865 INFO  client.GrpcClientProtocolClient (GrpcClientProtocolClient.java:onNext(255)) - client-B30EC828C355->c26939f8-4d1f-4fb1-95c4-1aa8f7e5d3f6: receive RaftClientReply:client-B30EC828C355->c26939f8-4d1f-4fb1-95c4-1aa8f7e5d3f6@group-D25BE8053FEA, cid=1413, SUCCESS, logIndex=2007, commits[c26939f8-4d1f-4fb1-95c4-1aa8f7e5d3f6:c2007, c5393538-959b-47cf-9d9c-19dac7bed4ee:c2005, a2e6e0ff-38a8-4bcf-9958-a89ff312531d:c2005]
2019-07-15 13:06:53,878 INFO  client.GrpcClientProtocolClient (GrpcClientProtocolClient.java:onNext(255)) - client-B30EC828C355->c26939f8-4d1f-4fb1-95c4-1aa8f7e5d3f6: receive RaftClientReply:client-B30EC828C355->c26939f8-4d1f-4fb1-95c4-1aa8f7e5d3f6@group-D25BE8053FEA, cid=1414, SUCCESS, logIndex=2010, commits[c26939f8-4d1f-4fb1-95c4-1aa8f7e5d3f6:c2011, c5393538-959b-47cf-9d9c-19dac7bed4ee:c2007, a2e6e0ff-38a8-4bcf-9958-a89ff312531d:c2007]
2019-07-15 13:06:53,879 INFO  client.GrpcClientProtocolClient (GrpcClientProtocolClient.java:onNext(255)) - client-B30EC828C355->c26939f8-4d1f-4fb1-95c4-1aa8f7e5d3f6: receive RaftClientReply:client-B30EC828C355->c26939f8-4d1f-4fb1-95c4-1aa8f7e5d3f6@group-D25BE8053FEA, cid=1415, SUCCESS, logIndex=2011, commits[c26939f8-4d1f-4fb1-95c4-1aa8f7e5d3f6:c2011, c5393538-959b-47cf-9d9c-19dac7bed4ee:c2007, a2e6e0ff-38a8-4bcf-9958-a89ff312531d:c2007]
2019-07-15 13:06:53,891 INFO  client.GrpcClientProtocolClient (GrpcClientProtocolClient.java:onNext(255)) - client-B30EC828C355->c26939f8-4d1f-4fb1-95c4-1aa8f7e5d3f6: receive RaftClientReply:client-B30EC828C355->c26939f8-4d1f-4fb1-95c4-1aa8f7e5d3f6@group-D25BE8053FEA, cid=1416, SUCCESS, logIndex=0, commits[c26939f8-4d1f-4fb1-95c4-1aa8f7e5d3f6:c2013, c5393538-959b-47cf-9d9c-19dac7bed4ee:c2011, a2e6e0ff-38a8-4bcf-9958-a89ff312531d:c2011]
2019-07-15 13:06:53,919 INFO  client.GrpcClientProtocolClient (GrpcClientProtocolClient.java:onNext(255)) - client-B30EC828C355->c26939f8-4d1f-4fb1-95c4-1aa8f7e5d3f6: receive RaftClientReply:client-B30EC828C355->c26939f8-4d1f-4fb1-95c4-1aa8f7e5d3f6@group-D25BE8053FEA, cid=1417, SUCCESS, logIndex=2014, commits[c26939f8-4d1f-4fb1-95c4-1aa8f7e5d3f6:c2015, c5393538-959b-47cf-9d9c-19dac7bed4ee:c2013, a2e6e0ff-38a8-4bcf-9958-a89ff312531d:c2013]
2019-07-15 13:06:53,920 INFO  client.GrpcClientProtocolClient (GrpcClientProtocolClient.java:onNext(255)) - client-B30EC828C355->c26939f8-4d1f-4fb1-95c4-1aa8f7e5d3f6: receive RaftClientReply:client-B30EC828C355->c26939f8-4d1f-4fb1-95c4-1aa8f7e5d3f6@group-D25BE8053FEA, cid=1418, SUCCESS, logIndex=2015, commits[c26939f8-4d1f-4fb1-95c4-1aa8f7e5d3f6:c2015, c5393538-959b-47cf-9d9c-19dac7bed4ee:c2013, a2e6e0ff-38a8-4bcf-9958-a89ff312531d:c2013]
2019-07-15 13:06:53,922 INFO  client.GrpcClientProtocolClient (GrpcClientProtocolClient.java:onNext(255)) - client-B30EC828C355->c26939f8-4d1f-4fb1-95c4-1aa8f7e5d3f6: receive RaftClientReply:client-B30EC828C355->c26939f8-4d1f-4fb1-95c4-1aa8f7e5d3f6@group-D25BE8053FEA, cid=1419, SUCCESS, logIndex=2016, commits[c26939f8-4d1f-4fb1-95c4-1aa8f7e5d3f6:c2017, c5393538-959b-47cf-9d9c-19dac7bed4ee:c2013, a2e6e0ff-38a8-4bcf-9958-a89ff312531d:c2013]
2019-07-15 13:06:53,922 INFO  client.GrpcClientProtocolClient (GrpcClientProtocolClient.java:onNext(255)) - client-B30EC828C355->c26939f8-4d1f-4fb1-95c4-1aa8f7e5d3f6: receive RaftClientReply:client-B30EC828C355->c26939f8-4d1f-4fb1-95c4-1aa8f7e5d3f6@group-D25BE8053FEA, cid=1420, SUCCESS, logIndex=2017, commits[c26939f8-4d1f-4fb1-95c4-1aa8f7e5d3f6:c2017, c5393538-959b-47cf-9d9c-19dac7bed4ee:c2013, a2e6e0ff-38a8-4bcf-9958-a89ff312531d:c2013]
2019-07-15 13:06:53,924 INFO  client.GrpcClientProtocolClient (GrpcClientProtocolClient.java:onNext(255)) - client-B30EC828C355->c26939f8-4d1f-4fb1-95c4-1aa8f7e5d3f6: receive RaftClientReply:client-B30EC828C355->c26939f8-4d1f-4fb1-95c4-1aa8f7e5d3f6@group-D25BE8053FEA, cid=1421, SUCCESS, logIndex=0, commits[c26939f8-4d1f-4fb1-95c4-1aa8f7e5d3f6:c2019, c5393538-959b-47cf-9d9c-19dac7bed4ee:c2015, a2e6e0ff-38a8-4bcf-9958-a89ff312531d:c2015]
2019-07-15 13:06:53,946 INFO  client.GrpcClientProtocolClient (GrpcClientProtocolClient.java:onNext(255)) - client-B30EC828C355->c26939f8-4d1f-4fb1-95c4-1aa8f7e5d3f6: receive RaftClientReply:client-B30EC828C355->c26939f8-4d1f-4fb1-95c4-1aa8f7e5d3f6@group-D25BE8053FEA, cid=1422, SUCCESS, logIndex=2022, commits[c26939f8-4d1f-4fb1-95c4-1aa8f7e5d3f6:c2023, c5393538-959b-47cf-9d9c-19dac7bed4ee:c2021, a2e6e0ff-38a8-4bcf-9958-a89ff312531d:c2021]
2019-07-15 13:06:53,946 INFO  client.GrpcClientProtocolClient (GrpcClientProtocolClient.java:onNext(255)) - client-B30EC828C355->c26939f8-4d1f-4fb1-95c4-1aa8f7e5d3f6: receive RaftClientReply:client-B30EC828C355->c26939f8-4d1f-4fb1-95c4-1aa8f7e5d3f6@group-D25BE8053FEA, cid=1423, SUCCESS, logIndex=2023, commits[c26939f8-4d1f-4fb1-95c4-1aa8f7e5d3f6:c2023, c5393538-959b-47cf-9d9c-19dac7bed4ee:c2021, a2e6e0ff-38a8-4bcf-9958-a89ff312531d:c2021]
2019-07-15 13:06:53,959 INFO  client.GrpcClientProtocolClient (GrpcClientProtocolClient.java:onNext(255)) - client-B30EC828C355->c26939f8-4d1f-4fb1-95c4-1aa8f7e5d3f6: receive RaftClientReply:client-B30EC828C355->c26939f8-4d1f-4fb1-95c4-1aa8f7e5d3f6@group-D25BE8053FEA, cid=1424, SUCCESS, logIndex=2026, commits[c26939f8-4d1f-4fb1-95c4-1aa8f7e5d3f6:c2027, c5393538-959b-47cf-9d9c-19dac7bed4ee:c2023, a2e6e0ff-38a8-4bcf-9958-a89ff312531d:c2023]
2019-07-15 13:06:53,959 INFO  client.GrpcClientProtocolClient (GrpcClientProtocolClient.java:onNext(255)) - client-B30EC828C355->c26939f8-4d1f-4fb1-95c4-1aa8f7e5d3f6: receive RaftClientReply:client-B30EC828C355->c26939f8-4d1f-4fb1-95c4-1aa8f7e5d3f6@group-D25BE8053FEA, cid=1425, SUCCESS, logIndex=2027, commits[c26939f8-4d1f-4fb1-95c4-1aa8f7e5d3f6:c2027, c5393538-959b-47cf-9d9c-19dac7bed4ee:c2023, a2e6e0ff-38a8-4bcf-9958-a89ff312531d:c2023]
2019-07-15 13:06:53,972 INFO  client.GrpcClientProtocolClient (GrpcClientProtocolClient.java:onNext(255)) - client-B30EC828C355->c26939f8-4d1f-4fb1-95c4-1aa8f7e5d3f6: receive RaftClientReply:client-B30EC828C355->c26939f8-4d1f-4fb1-95c4-1aa8f7e5d3f6@group-D25BE8053FEA, cid=1426, SUCCESS, logIndex=0, commits[c26939f8-4d1f-4fb1-95c4-1aa8f7e5d3f6:c2029, c5393538-959b-47cf-9d9c-19dac7bed4ee:c2027, a2e6e0ff-38a8-4bcf-9958-a89ff312531d:c2027]
2019-07-15 13:06:53,999 INFO  client.GrpcClientProtocolClient (GrpcClientProtocolClient.java:onNext(255)) - client-B30EC828C355->c26939f8-4d1f-4fb1-95c4-1aa8f7e5d3f6: receive RaftClientReply:client-B30EC828C355->c26939f8-4d1f-4fb1-95c4-1aa8f7e5d3f6@group-D25BE8053FEA, cid=1427, SUCCESS, logIndex=2030, commits[c26939f8-4d1f-4fb1-95c4-1aa8f7e5d3f6:c2031, c5393538-959b-47cf-9d9c-19dac7bed4ee:c2029, a2e6e0ff-38a8-4bcf-9958-a89ff312531d:c2029]
2019-07-15 13:06:54,001 INFO  client.GrpcClientProtocolClient (GrpcClientProtocolClient.java:onNext(255)) - client-B30EC828C355->c26939f8-4d1f-4fb1-95c4-1aa8f7e5d3f6: receive RaftClientReply:client-B30EC828C355->c26939f8-4d1f-4fb1-95c4-1aa8f7e5d3f6@group-D25BE8053FEA, cid=1428, SUCCESS, logIndex=2031, commits[c26939f8-4d1f-4fb1-95c4-1aa8f7e5d3f6:c2032, c5393538-959b-47cf-9d9c-19dac7bed4ee:c2029, a2e6e0ff-38a8-4bcf-9958-a89ff312531d:c2029]
2019-07-15 13:06:54,001 INFO  client.GrpcClientProtocolClient (GrpcClientProtocolClient.java:onNext(255)) - client-B30EC828C355->c26939f8-4d1f-4fb1-95c4-1aa8f7e5d3f6: receive RaftClientReply:client-B30EC828C355->c26939f8-4d1f-4fb1-95c4-1aa8f7e5d3f6@group-D25BE8053FEA, cid=1429, SUCCESS, logIndex=2032, commits[c26939f8-4d1f-4fb1-95c4-1aa8f7e5d3f6:c2033, c5393538-959b-47cf-9d9c-19dac7bed4ee:c2029, a2e6e0ff-38a8-4bcf-9958-a89ff312531d:c2029]
2019-07-15 13:06:54,001 INFO  client.GrpcClientProtocolClient (GrpcClientProtocolClient.java:onNext(255)) - client-B30EC828C355->c26939f8-4d1f-4fb1-95c4-1aa8f7e5d3f6: receive RaftClientReply:client-B30EC828C355->c26939f8-4d1f-4fb1-95c4-1aa8f7e5d3f6@group-D25BE8053FEA, cid=1430, SUCCESS, logIndex=2033, commits[c26939f8-4d1f-4fb1-95c4-1aa8f7e5d3f6:c2033, c5393538-959b-47cf-9d9c-19dac7bed4ee:c2029, a2e6e0ff-38a8-4bcf-9958-a89ff312531d:c2029]
2019-07-15 13:06:54,003 INFO  client.GrpcClientProtocolClient (GrpcClientProtocolClient.java:onNext(255)) - client-B30EC828C355->c26939f8-4d1f-4fb1-95c4-1aa8f7e5d3f6: receive RaftClientReply:client-B30EC828C355->c26939f8-4d1f-4fb1-95c4-1aa8f7e5d3f6@group-D25BE8053FEA, cid=1431, SUCCESS, logIndex=0, commits[c26939f8-4d1f-4fb1-95c4-1aa8f7e5d3f6:c2035, c5393538-959b-47cf-9d9c-19dac7bed4ee:c2033, a2e6e0ff-38a8-4bcf-9958-a89ff312531d:c2031]
2019-07-15 13:06:54,025 INFO  client.GrpcClientProtocolClient (GrpcClientProtocolClient.java:onNext(255)) - client-B30EC828C355->c26939f8-4d1f-4fb1-95c4-1aa8f7e5d3f6: receive RaftClientReply:client-B30EC828C355->c26939f8-4d1f-4fb1-95c4-1aa8f7e5d3f6@group-D25BE8053FEA, cid=1432, SUCCESS, logIndex=2038, commits[c26939f8-4d1f-4fb1-95c4-1aa8f7e5d3f6:c2039, c5393538-959b-47cf-9d9c-19dac7bed4ee:c2035, a2e6e0ff-38a8-4bcf-9958-a89ff312531d:c2033]
2019-07-15 13:06:54,026 INFO  client.GrpcClientProtocolClient (GrpcClientProtocolClient.java:onNext(255)) - client-B30EC828C355->c26939f8-4d1f-4fb1-95c4-1aa8f7e5d3f6: receive RaftClientReply:client-B30EC828C355->c26939f8-4d1f-4fb1-95c4-1aa8f7e5d3f6@group-D25BE8053FEA, cid=1433, SUCCESS, logIndex=2039, commits[c26939f8-4d1f-4fb1-95c4-1aa8f7e5d3f6:c2039, c5393538-959b-47cf-9d9c-19dac7bed4ee:c2035, a2e6e0ff-38a8-4bcf-9958-a89ff312531d:c2035]
2019-07-15 13:06:54,044 INFO  client.GrpcClientProtocolClient (GrpcClientProtocolClient.java:onNext(255)) - client-B30EC828C355->c26939f8-4d1f-4fb1-95c4-1aa8f7e5d3f6: receive RaftClientReply:client-B30EC828C355->c26939f8-4d1f-4fb1-95c4-1aa8f7e5d3f6@group-D25BE8053FEA, cid=1434, SUCCESS, logIndex=2042, commits[c26939f8-4d1f-4fb1-95c4-1aa8f7e5d3f6:c2043, c5393538-959b-47cf-9d9c-19dac7bed4ee:c2041, a2e6e0ff-38a8-4bcf-9958-a89ff312531d:c2041]
2019-07-15 13:06:54,045 INFO  client.GrpcClientProtocolClient (GrpcClientProtocolClient.java:onNext(255)) - client-B30EC828C355->c26939f8-4d1f-4fb1-95c4-1aa8f7e5d3f6: receive RaftClientReply:client-B30EC828C355->c26939f8-4d1f-4fb1-95c4-1aa8f7e5d3f6@group-D25BE8053FEA, cid=1435, SUCCESS, logIndex=2043, commits[c26939f8-4d1f-4fb1-95c4-1aa8f7e5d3f6:c2043, c5393538-959b-47cf-9d9c-19dac7bed4ee:c2041, a2e6e0ff-38a8-4bcf-9958-a89ff312531d:c2041]
2019-07-15 13:06:54,057 INFO  client.GrpcClientProtocolClient (GrpcClientProtocolClient.java:onNext(255)) - client-B30EC828C355->c26939f8-4d1f-4fb1-95c4-1aa8f7e5d3f6: receive RaftClientReply:client-B30EC828C355->c26939f8-4d1f-4fb1-95c4-1aa8f7e5d3f6@group-D25BE8053FEA, cid=1436, SUCCESS, logIndex=0, commits[c26939f8-4d1f-4fb1-95c4-1aa8f7e5d3f6:c2045, c5393538-959b-47cf-9d9c-19dac7bed4ee:c2043, a2e6e0ff-38a8-4bcf-9958-a89ff312531d:c2043]
2019-07-15 13:06:54,087 INFO  client.GrpcClientProtocolClient (GrpcClientProtocolClient.java:onNext(255)) - client-B30EC828C355->c26939f8-4d1f-4fb1-95c4-1aa8f7e5d3f6: receive RaftClientReply:client-B30EC828C355->c26939f8-4d1f-4fb1-95c4-1aa8f7e5d3f6@group-D25BE8053FEA, cid=1437, SUCCESS, logIndex=2046, commits[c26939f8-4d1f-4fb1-95c4-1aa8f7e5d3f6:c2047, c5393538-959b-47cf-9d9c-19dac7bed4ee:c2045, a2e6e0ff-38a8-4bcf-9958-a89ff312531d:c2045]
2019-07-15 13:06:54,088 INFO  client.GrpcClientProtocolClient (GrpcClientProtocolClient.java:onNext(255)) - client-B30EC828C355->c26939f8-4d1f-4fb1-95c4-1aa8f7e5d3f6: receive RaftClientReply:client-B30EC828C355->c26939f8-4d1f-4fb1-95c4-1aa8f7e5d3f6@group-D25BE8053FEA, cid=1438, SUCCESS, logIndex=2047, commits[c26939f8-4d1f-4fb1-95c4-1aa8f7e5d3f6:c2049, c5393538-959b-47cf-9d9c-19dac7bed4ee:c2045, a2e6e0ff-38a8-4bcf-9958-a89ff312531d:c2045]
2019-07-15 13:06:54,088 INFO  client.GrpcClientProtocolClient (GrpcClientProtocolClient.java:onNext(255)) - client-B30EC828C355->c26939f8-4d1f-4fb1-95c4-1aa8f7e5d3f6: receive RaftClientReply:client-B30EC828C355->c26939f8-4d1f-4fb1-95c4-1aa8f7e5d3f6@group-D25BE8053FEA, cid=1439, SUCCESS, logIndex=2048, commits[c26939f8-4d1f-4fb1-95c4-1aa8f7e5d3f6:c2049, c5393538-959b-47cf-9d9c-19dac7bed4ee:c2045, a2e6e0ff-38a8-4bcf-9958-a89ff312531d:c2045]
2019-07-15 13:06:54,088 INFO  client.GrpcClientProtocolClient (GrpcClientProtocolClient.java:onNext(255)) - client-B30EC828C355->c26939f8-4d1f-4fb1-95c4-1aa8f7e5d3f6: receive RaftClientReply:client-B30EC828C355->c26939f8-4d1f-4fb1-95c4-1aa8f7e5d3f6@group-D25BE8053FEA, cid=1440, SUCCESS, logIndex=2049, commits[c26939f8-4d1f-4fb1-95c4-1aa8f7e5d3f6:c2049, c5393538-959b-47cf-9d9c-19dac7bed4ee:c2045, a2e6e0ff-38a8-4bcf-9958-a89ff312531d:c2045]
2019-07-15 13:06:54,090 INFO  client.GrpcClientProtocolClient (GrpcClientProtocolClient.java:onNext(255)) - client-B30EC828C355->c26939f8-4d1f-4fb1-95c4-1aa8f7e5d3f6: receive RaftClientReply:client-B30EC828C355->c26939f8-4d1f-4fb1-95c4-1aa8f7e5d3f6@group-D25BE8053FEA, cid=1441, SUCCESS, logIndex=0, commits[c26939f8-4d1f-4fb1-95c4-1aa8f7e5d3f6:c2052, c5393538-959b-47cf-9d9c-19dac7bed4ee:c2049, a2e6e0ff-38a8-4bcf-9958-a89ff312531d:c2047]
2019-07-15 13:06:54,109 INFO  client.GrpcClientProtocolClient (GrpcClientProtocolClient.java:onNext(255)) - client-B30EC828C355->c26939f8-4d1f-4fb1-95c4-1aa8f7e5d3f6: receive RaftClientReply:client-B30EC828C355->c26939f8-4d1f-4fb1-95c4-1aa8f7e5d3f6@group-D25BE8053FEA, cid=1442, SUCCESS, logIndex=2054, commits[c26939f8-4d1f-4fb1-95c4-1aa8f7e5d3f6:c2055, c5393538-959b-47cf-9d9c-19dac7bed4ee:c2053, a2e6e0ff-38a8-4bcf-9958-a89ff312531d:c2053]
2019-07-15 13:06:54,109 INFO  client.GrpcClientProtocolClient (GrpcClientProtocolClient.java:onNext(255)) - client-B30EC828C355->c26939f8-4d1f-4fb1-95c4-1aa8f7e5d3f6: receive RaftClientReply:client-B30EC828C355->c26939f8-4d1f-4fb1-95c4-1aa8f7e5d3f6@group-D25BE8053FEA, cid=1443, SUCCESS, logIndex=2055, commits[c26939f8-4d1f-4fb1-95c4-1aa8f7e5d3f6:c2055, c5393538-959b-47cf-9d9c-19dac7bed4ee:c2053, a2e6e0ff-38a8-4bcf-9958-a89ff312531d:c2053]
2019-07-15 13:06:54,123 INFO  client.GrpcClientProtocolClient (GrpcClientProtocolClient.java:onNext(255)) - client-B30EC828C355->c26939f8-4d1f-4fb1-95c4-1aa8f7e5d3f6: receive RaftClientReply:client-B30EC828C355->c26939f8-4d1f-4fb1-95c4-1aa8f7e5d3f6@group-D25BE8053FEA, cid=1444, SUCCESS, logIndex=2058, commits[c26939f8-4d1f-4fb1-95c4-1aa8f7e5d3f6:c2059, c5393538-959b-47cf-9d9c-19dac7bed4ee:c2055, a2e6e0ff-38a8-4bcf-9958-a89ff312531d:c2055]
2019-07-15 13:06:54,123 INFO  client.GrpcClientProtocolClient (GrpcClientProtocolClient.java:onNext(255)) - client-B30EC828C355->c26939f8-4d1f-4fb1-95c4-1aa8f7e5d3f6: receive RaftClientReply:client-B30EC828C355->c26939f8-4d1f-4fb1-95c4-1aa8f7e5d3f6@group-D25BE8053FEA, cid=1445, SUCCESS, logIndex=2059, commits[c26939f8-4d1f-4fb1-95c4-1aa8f7e5d3f6:c2059, c5393538-959b-47cf-9d9c-19dac7bed4ee:c2055, a2e6e0ff-38a8-4bcf-9958-a89ff312531d:c2055]
2019-07-15 13:06:54,136 INFO  client.GrpcClientProtocolClient (GrpcClientProtocolClient.java:onNext(255)) - client-B30EC828C355->c26939f8-4d1f-4fb1-95c4-1aa8f7e5d3f6: receive RaftClientReply:client-B30EC828C355->c26939f8-4d1f-4fb1-95c4-1aa8f7e5d3f6@group-D25BE8053FEA, cid=1446, SUCCESS, logIndex=0, commits[c26939f8-4d1f-4fb1-95c4-1aa8f7e5d3f6:c2061, c5393538-959b-47cf-9d9c-19dac7bed4ee:c2059, a2e6e0ff-38a8-4bcf-9958-a89ff312531d:c2059]
2019-07-15 13:06:54,157 INFO  client.GrpcClientProtocolClient (GrpcClientProtocolClient.java:onNext(255)) - client-B30EC828C355->c26939f8-4d1f-4fb1-95c4-1aa8f7e5d3f6: receive RaftClientReply:client-B30EC828C355->c26939f8-4d1f-4fb1-95c4-1aa8f7e5d3f6@group-D25BE8053FEA, cid=1447, SUCCESS, logIndex=2062, commits[c26939f8-4d1f-4fb1-95c4-1aa8f7e5d3f6:c2063, c5393538-959b-47cf-9d9c-19dac7bed4ee:c2061, a2e6e0ff-38a8-4bcf-9958-a89ff312531d:c2061]
2019-07-15 13:06:54,157 INFO  client.GrpcClientProtocolClient (GrpcClientProtocolClient.java:onNext(255)) - client-B30EC828C355->c26939f8-4d1f-4fb1-95c4-1aa8f7e5d3f6: receive RaftClientReply:client-B30EC828C355->c26939f8-4d1f-4fb1-95c4-1aa8f7e5d3f6@group-D25BE8053FEA, cid=1448, SUCCESS, logIndex=2063, commits[c26939f8-4d1f-4fb1-95c4-1aa8f7e5d3f6:c2063, c5393538-959b-47cf-9d9c-19dac7bed4ee:c2061, a2e6e0ff-38a8-4bcf-9958-a89ff312531d:c2061]
2019-07-15 13:06:54,179 INFO  client.GrpcClientProtocolClient (GrpcClientProtocolClient.java:onNext(255)) - client-B30EC828C355->c26939f8-4d1f-4fb1-95c4-1aa8f7e5d3f6: receive RaftClientReply:client-B30EC828C355->c26939f8-4d1f-4fb1-95c4-1aa8f7e5d3f6@group-D25BE8053FEA, cid=1449, SUCCESS, logIndex=2064, commits[c26939f8-4d1f-4fb1-95c4-1aa8f7e5d3f6:c2065, c5393538-959b-47cf-9d9c-19dac7bed4ee:c2061, a2e6e0ff-38a8-4bcf-9958-a89ff312531d:c2063]
2019-07-15 13:06:54,180 INFO  client.GrpcClientProtocolClient (GrpcClientProtocolClient.java:onNext(255)) - client-B30EC828C355->c26939f8-4d1f-4fb1-95c4-1aa8f7e5d3f6: receive RaftClientReply:client-B30EC828C355->c26939f8-4d1f-4fb1-95c4-1aa8f7e5d3f6@group-D25BE8053FEA, cid=1450, SUCCESS, logIndex=2065, commits[c26939f8-4d1f-4fb1-95c4-1aa8f7e5d3f6:c2067, c5393538-959b-47cf-9d9c-19dac7bed4ee:c2061, a2e6e0ff-38a8-4bcf-9958-a89ff312531d:c2063]
2019-07-15 13:06:54,181 INFO  client.GrpcClientProtocolClient (GrpcClientProtocolClient.java:onNext(255)) - client-B30EC828C355->c26939f8-4d1f-4fb1-95c4-1aa8f7e5d3f6: receive RaftClientReply:client-B30EC828C355->c26939f8-4d1f-4fb1-95c4-1aa8f7e5d3f6@group-D25BE8053FEA, cid=1451, SUCCESS, logIndex=0, commits[c26939f8-4d1f-4fb1-95c4-1aa8f7e5d3f6:c2068, c5393538-959b-47cf-9d9c-19dac7bed4ee:c2063, a2e6e0ff-38a8-4bcf-9958-a89ff312531d:c2064]
2019-07-15 13:06:54,202 INFO  client.GrpcClientProtocolClient (GrpcClientProtocolClient.java:onNext(255)) - client-B30EC828C355->c26939f8-4d1f-4fb1-95c4-1aa8f7e5d3f6: receive RaftClientReply:client-B30EC828C355->c26939f8-4d1f-4fb1-95c4-1aa8f7e5d3f6@group-D25BE8053FEA, cid=1452, SUCCESS, logIndex=2070, commits[c26939f8-4d1f-4fb1-95c4-1aa8f7e5d3f6:c2071, c5393538-959b-47cf-9d9c-19dac7bed4ee:c2069, a2e6e0ff-38a8-4bcf-9958-a89ff312531d:c2069]
2019-07-15 13:06:54,203 INFO  client.GrpcClientProtocolClient (GrpcClientProtocolClient.java:onNext(255)) - client-B30EC828C355->c26939f8-4d1f-4fb1-95c4-1aa8f7e5d3f6: receive RaftClientReply:client-B30EC828C355->c26939f8-4d1f-4fb1-95c4-1aa8f7e5d3f6@group-D25BE8053FEA, cid=1453, SUCCESS, logIndex=2071, commits[c26939f8-4d1f-4fb1-95c4-1aa8f7e5d3f6:c2071, c5393538-959b-47cf-9d9c-19dac7bed4ee:c2069, a2e6e0ff-38a8-4bcf-9958-a89ff312531d:c2069]
2019-07-15 13:06:54,228 INFO  client.GrpcClientProtocolClient (GrpcClientProtocolClient.java:onNext(255)) - client-B30EC828C355->c26939f8-4d1f-4fb1-95c4-1aa8f7e5d3f6: receive RaftClientReply:client-B30EC828C355->c26939f8-4d1f-4fb1-95c4-1aa8f7e5d3f6@group-D25BE8053FEA, cid=1454, SUCCESS, logIndex=2074, commits[c26939f8-4d1f-4fb1-95c4-1aa8f7e5d3f6:c2075, c5393538-959b-47cf-9d9c-19dac7bed4ee:c2071, a2e6e0ff-38a8-4bcf-9958-a89ff312531d:c2071]
2019-07-15 13:06:54,228 INFO  client.GrpcClientProtocolClient (GrpcClientProtocolClient.java:onNext(255)) - client-B30EC828C355->c26939f8-4d1f-4fb1-95c4-1aa8f7e5d3f6: receive RaftClientReply:client-B30EC828C355->c26939f8-4d1f-4fb1-95c4-1aa8f7e5d3f6@group-D25BE8053FEA, cid=1455, SUCCESS, logIndex=2075, commits[c26939f8-4d1f-4fb1-95c4-1aa8f7e5d3f6:c2075, c5393538-959b-47cf-9d9c-19dac7bed4ee:c2071, a2e6e0ff-38a8-4bcf-9958-a89ff312531d:c2071]
2019-07-15 13:06:54,241 INFO  client.GrpcClientProtocolClient (GrpcClientProtocolClient.java:onNext(255)) - client-B30EC828C355->c26939f8-4d1f-4fb1-95c4-1aa8f7e5d3f6: receive RaftClientReply:client-B30EC828C355->c26939f8-4d1f-4fb1-95c4-1aa8f7e5d3f6@group-D25BE8053FEA, cid=1456, SUCCESS, logIndex=0, commits[c26939f8-4d1f-4fb1-95c4-1aa8f7e5d3f6:c2076, c5393538-959b-47cf-9d9c-19dac7bed4ee:c2075, a2e6e0ff-38a8-4bcf-9958-a89ff312531d:c2075]
2019-07-15 13:06:54,269 INFO  client.GrpcClientProtocolClient (GrpcClientProtocolClient.java:onNext(255)) - client-B30EC828C355->c26939f8-4d1f-4fb1-95c4-1aa8f7e5d3f6: receive RaftClientReply:client-B30EC828C355->c26939f8-4d1f-4fb1-95c4-1aa8f7e5d3f6@group-D25BE8053FEA, cid=1457, SUCCESS, logIndex=2078, commits[c26939f8-4d1f-4fb1-95c4-1aa8f7e5d3f6:c2079, c5393538-959b-47cf-9d9c-19dac7bed4ee:c2077, a2e6e0ff-38a8-4bcf-9958-a89ff312531d:c2077]
2019-07-15 13:06:54,270 INFO  client.GrpcClientProtocolClient (GrpcClientProtocolClient.java:onNext(255)) - client-B30EC828C355->c26939f8-4d1f-4fb1-95c4-1aa8f7e5d3f6: receive RaftClientReply:client-B30EC828C355->c26939f8-4d1f-4fb1-95c4-1aa8f7e5d3f6@group-D25BE8053FEA, cid=1458, SUCCESS, logIndex=2079, commits[c26939f8-4d1f-4fb1-95c4-1aa8f7e5d3f6:c2079, c5393538-959b-47cf-9d9c-19dac7bed4ee:c2077, a2e6e0ff-38a8-4bcf-9958-a89ff312531d:c2077]
2019-07-15 13:06:54,271 INFO  client.GrpcClientProtocolClient (GrpcClientProtocolClient.java:onNext(255)) - client-B30EC828C355->c26939f8-4d1f-4fb1-95c4-1aa8f7e5d3f6: receive RaftClientReply:client-B30EC828C355->c26939f8-4d1f-4fb1-95c4-1aa8f7e5d3f6@group-D25BE8053FEA, cid=1459, SUCCESS, logIndex=2080, commits[c26939f8-4d1f-4fb1-95c4-1aa8f7e5d3f6:c2081, c5393538-959b-47cf-9d9c-19dac7bed4ee:c2077, a2e6e0ff-38a8-4bcf-9958-a89ff312531d:c2077]
2019-07-15 13:06:54,271 INFO  client.GrpcClientProtocolClient (GrpcClientProtocolClient.java:onNext(255)) - client-B30EC828C355->c26939f8-4d1f-4fb1-95c4-1aa8f7e5d3f6: receive RaftClientReply:client-B30EC828C355->c26939f8-4d1f-4fb1-95c4-1aa8f7e5d3f6@group-D25BE8053FEA, cid=1460, SUCCESS, logIndex=2081, commits[c26939f8-4d1f-4fb1-95c4-1aa8f7e5d3f6:c2081, c5393538-959b-47cf-9d9c-19dac7bed4ee:c2077, a2e6e0ff-38a8-4bcf-9958-a89ff312531d:c2077]
2019-07-15 13:06:54,272 INFO  client.GrpcClientProtocolClient (GrpcClientProtocolClient.java:onNext(255)) - client-B30EC828C355->c26939f8-4d1f-4fb1-95c4-1aa8f7e5d3f6: receive RaftClientReply:client-B30EC828C355->c26939f8-4d1f-4fb1-95c4-1aa8f7e5d3f6@group-D25BE8053FEA, cid=1461, SUCCESS, logIndex=0, commits[c26939f8-4d1f-4fb1-95c4-1aa8f7e5d3f6:c2083, c5393538-959b-47cf-9d9c-19dac7bed4ee:c2079, a2e6e0ff-38a8-4bcf-9958-a89ff312531d:c2079]
2019-07-15 13:06:54,292 INFO  client.GrpcClientProtocolClient (GrpcClientProtocolClient.java:onNext(255)) - client-B30EC828C355->c26939f8-4d1f-4fb1-95c4-1aa8f7e5d3f6: receive RaftClientReply:client-B30EC828C355->c26939f8-4d1f-4fb1-95c4-1aa8f7e5d3f6@group-D25BE8053FEA, cid=1462, SUCCESS, logIndex=2086, commits[c26939f8-4d1f-4fb1-95c4-1aa8f7e5d3f6:c2087, c5393538-959b-47cf-9d9c-19dac7bed4ee:c2085, a2e6e0ff-38a8-4bcf-9958-a89ff312531d:c2085]
2019-07-15 13:06:54,292 INFO  client.GrpcClientProtocolClient (GrpcClientProtocolClient.java:onNext(255)) - client-B30EC828C355->c26939f8-4d1f-4fb1-95c4-1aa8f7e5d3f6: receive RaftClientReply:client-B30EC828C355->c26939f8-4d1f-4fb1-95c4-1aa8f7e5d3f6@group-D25BE8053FEA, cid=1463, SUCCESS, logIndex=2087, commits[c26939f8-4d1f-4fb1-95c4-1aa8f7e5d3f6:c2087, c5393538-959b-47cf-9d9c-19dac7bed4ee:c2085, a2e6e0ff-38a8-4bcf-9958-a89ff312531d:c2085]
2019-07-15 13:06:54,305 INFO  client.GrpcClientProtocolClient (GrpcClientProtocolClient.java:onNext(255)) - client-B30EC828C355->c26939f8-4d1f-4fb1-95c4-1aa8f7e5d3f6: receive RaftClientReply:client-B30EC828C355->c26939f8-4d1f-4fb1-95c4-1aa8f7e5d3f6@group-D25BE8053FEA, cid=1464, SUCCESS, logIndex=2090, commits[c26939f8-4d1f-4fb1-95c4-1aa8f7e5d3f6:c2091, c5393538-959b-47cf-9d9c-19dac7bed4ee:c2087, a2e6e0ff-38a8-4bcf-9958-a89ff312531d:c2087]
2019-07-15 13:06:54,305 INFO  client.GrpcClientProtocolClient (GrpcClientProtocolClient.java:onNext(255)) - client-B30EC828C355->c26939f8-4d1f-4fb1-95c4-1aa8f7e5d3f6: receive RaftClientReply:client-B30EC828C355->c26939f8-4d1f-4fb1-95c4-1aa8f7e5d3f6@group-D25BE8053FEA, cid=1465, SUCCESS, logIndex=2091, commits[c26939f8-4d1f-4fb1-95c4-1aa8f7e5d3f6:c2091, c5393538-959b-47cf-9d9c-19dac7bed4ee:c2087, a2e6e0ff-38a8-4bcf-9958-a89ff312531d:c2087]
2019-07-15 13:06:54,317 INFO  client.GrpcClientProtocolClient (GrpcClientProtocolClient.java:onNext(255)) - client-B30EC828C355->c26939f8-4d1f-4fb1-95c4-1aa8f7e5d3f6: receive RaftClientReply:client-B30EC828C355->c26939f8-4d1f-4fb1-95c4-1aa8f7e5d3f6@group-D25BE8053FEA, cid=1466, SUCCESS, logIndex=0, commits[c26939f8-4d1f-4fb1-95c4-1aa8f7e5d3f6:c2093, c5393538-959b-47cf-9d9c-19dac7bed4ee:c2091, a2e6e0ff-38a8-4bcf-9958-a89ff312531d:c2091]
2019-07-15 13:06:54,344 INFO  client.GrpcClientProtocolClient (GrpcClientProtocolClient.java:onNext(255)) - client-B30EC828C355->c26939f8-4d1f-4fb1-95c4-1aa8f7e5d3f6: receive RaftClientReply:client-B30EC828C355->c26939f8-4d1f-4fb1-95c4-1aa8f7e5d3f6@group-D25BE8053FEA, cid=1467, SUCCESS, logIndex=2094, commits[c26939f8-4d1f-4fb1-95c4-1aa8f7e5d3f6:c2095, c5393538-959b-47cf-9d9c-19dac7bed4ee:c2093, a2e6e0ff-38a8-4bcf-9958-a89ff312531d:c2093]
2019-07-15 13:06:54,345 INFO  client.GrpcClientProtocolClient (GrpcClientProtocolClient.java:onNext(255)) - client-B30EC828C355->c26939f8-4d1f-4fb1-95c4-1aa8f7e5d3f6: receive RaftClientReply:client-B30EC828C355->c26939f8-4d1f-4fb1-95c4-1aa8f7e5d3f6@group-D25BE8053FEA, cid=1468, SUCCESS, logIndex=2095, commits[c26939f8-4d1f-4fb1-95c4-1aa8f7e5d3f6:c2095, c5393538-959b-47cf-9d9c-19dac7bed4ee:c2093, a2e6e0ff-38a8-4bcf-9958-a89ff312531d:c2093]
2019-07-15 13:06:54,345 INFO  client.GrpcClientProtocolClient (GrpcClientProtocolClient.java:onNext(255)) - client-B30EC828C355->c26939f8-4d1f-4fb1-95c4-1aa8f7e5d3f6: receive RaftClientReply:client-B30EC828C355->c26939f8-4d1f-4fb1-95c4-1aa8f7e5d3f6@group-D25BE8053FEA, cid=1469, SUCCESS, logIndex=2096, commits[c26939f8-4d1f-4fb1-95c4-1aa8f7e5d3f6:c2097, c5393538-959b-47cf-9d9c-19dac7bed4ee:c2093, a2e6e0ff-38a8-4bcf-9958-a89ff312531d:c2093]
2019-07-15 13:06:54,346 INFO  client.GrpcClientProtocolClient (GrpcClientProtocolClient.java:onNext(255)) - client-B30EC828C355->c26939f8-4d1f-4fb1-95c4-1aa8f7e5d3f6: receive RaftClientReply:client-B30EC828C355->c26939f8-4d1f-4fb1-95c4-1aa8f7e5d3f6@group-D25BE8053FEA, cid=1470, SUCCESS, logIndex=2097, commits[c26939f8-4d1f-4fb1-95c4-1aa8f7e5d3f6:c2097, c5393538-959b-47cf-9d9c-19dac7bed4ee:c2093, a2e6e0ff-38a8-4bcf-9958-a89ff312531d:c2093]
2019-07-15 13:06:54,348 INFO  client.GrpcClientProtocolClient (GrpcClientProtocolClient.java:onNext(255)) - client-B30EC828C355->c26939f8-4d1f-4fb1-95c4-1aa8f7e5d3f6: receive RaftClientReply:client-B30EC828C355->c26939f8-4d1f-4fb1-95c4-1aa8f7e5d3f6@group-D25BE8053FEA, cid=1471, SUCCESS, logIndex=0, commits[c26939f8-4d1f-4fb1-95c4-1aa8f7e5d3f6:c2100, c5393538-959b-47cf-9d9c-19dac7bed4ee:c2097, a2e6e0ff-38a8-4bcf-9958-a89ff312531d:c2095]
2019-07-15 13:06:54,475 INFO  client.GrpcClientProtocolClient (GrpcClientProtocolClient.java:onNext(255)) - client-B30EC828C355->c26939f8-4d1f-4fb1-95c4-1aa8f7e5d3f6: receive RaftClientReply:client-B30EC828C355->c26939f8-4d1f-4fb1-95c4-1aa8f7e5d3f6@group-D25BE8053FEA, cid=1472, SUCCESS, logIndex=2102, commits[c26939f8-4d1f-4fb1-95c4-1aa8f7e5d3f6:c2103, c5393538-959b-47cf-9d9c-19dac7bed4ee:c2097, a2e6e0ff-38a8-4bcf-9958-a89ff312531d:c2101]
2019-07-15 13:06:54,476 INFO  client.GrpcClientProtocolClient (GrpcClientProtocolClient.java:onNext(255)) - client-B30EC828C355->c26939f8-4d1f-4fb1-95c4-1aa8f7e5d3f6: receive RaftClientReply:client-B30EC828C355->c26939f8-4d1f-4fb1-95c4-1aa8f7e5d3f6@group-D25BE8053FEA, cid=1473, SUCCESS, logIndex=2103, commits[c26939f8-4d1f-4fb1-95c4-1aa8f7e5d3f6:c2103, c5393538-959b-47cf-9d9c-19dac7bed4ee:c2101, a2e6e0ff-38a8-4bcf-9958-a89ff312531d:c2101]
2019-07-15 13:06:54,500 INFO  client.GrpcClientProtocolClient (GrpcClientProtocolClient.java:onNext(255)) - client-B30EC828C355->c26939f8-4d1f-4fb1-95c4-1aa8f7e5d3f6: receive RaftClientReply:client-B30EC828C355->c26939f8-4d1f-4fb1-95c4-1aa8f7e5d3f6@group-D25BE8053FEA, cid=1474, SUCCESS, logIndex=2106, commits[c26939f8-4d1f-4fb1-95c4-1aa8f7e5d3f6:c2107, c5393538-959b-47cf-9d9c-19dac7bed4ee:c2105, a2e6e0ff-38a8-4bcf-9958-a89ff312531d:c2105]
2019-07-15 13:06:54,501 INFO  client.GrpcClientProtocolClient (GrpcClientProtocolClient.java:onNext(255)) - client-B30EC828C355->c26939f8-4d1f-4fb1-95c4-1aa8f7e5d3f6: receive RaftClientReply:client-B30EC828C355->c26939f8-4d1f-4fb1-95c4-1aa8f7e5d3f6@group-D25BE8053FEA, cid=1475, SUCCESS, logIndex=2107, commits[c26939f8-4d1f-4fb1-95c4-1aa8f7e5d3f6:c2107, c5393538-959b-47cf-9d9c-19dac7bed4ee:c2105, a2e6e0ff-38a8-4bcf-9958-a89ff312531d:c2105]
2019-07-15 13:06:54,514 INFO  client.GrpcClientProtocolClient (GrpcClientProtocolClient.java:onNext(255)) - client-B30EC828C355->c26939f8-4d1f-4fb1-95c4-1aa8f7e5d3f6: receive RaftClientReply:client-B30EC828C355->c26939f8-4d1f-4fb1-95c4-1aa8f7e5d3f6@group-D25BE8053FEA, cid=1476, SUCCESS, logIndex=0, commits[c26939f8-4d1f-4fb1-95c4-1aa8f7e5d3f6:c2108, c5393538-959b-47cf-9d9c-19dac7bed4ee:c2107, a2e6e0ff-38a8-4bcf-9958-a89ff312531d:c2107]
2019-07-15 13:06:54,545 INFO  client.GrpcClientProtocolClient (GrpcClientProtocolClient.java:onNext(255)) - client-B30EC828C355->c26939f8-4d1f-4fb1-95c4-1aa8f7e5d3f6: receive RaftClientReply:client-B30EC828C355->c26939f8-4d1f-4fb1-95c4-1aa8f7e5d3f6@group-D25BE8053FEA, cid=1477, SUCCESS, logIndex=2110, commits[c26939f8-4d1f-4fb1-95c4-1aa8f7e5d3f6:c2111, c5393538-959b-47cf-9d9c-19dac7bed4ee:c2109, a2e6e0ff-38a8-4bcf-9958-a89ff312531d:c2109]
2019-07-15 13:06:54,545 INFO  client.GrpcClientProtocolClient (GrpcClientProtocolClient.java:onNext(255)) - client-B30EC828C355->c26939f8-4d1f-4fb1-95c4-1aa8f7e5d3f6: receive RaftClientReply:client-B30EC828C355->c26939f8-4d1f-4fb1-95c4-1aa8f7e5d3f6@group-D25BE8053FEA, cid=1478, SUCCESS, logIndex=2111, commits[c26939f8-4d1f-4fb1-95c4-1aa8f7e5d3f6:c2111, c5393538-959b-47cf-9d9c-19dac7bed4ee:c2109, a2e6e0ff-38a8-4bcf-9958-a89ff312531d:c2109]
2019-07-15 13:06:54,546 INFO  client.GrpcClientProtocolClient (GrpcClientProtocolClient.java:onNext(255)) - client-B30EC828C355->c26939f8-4d1f-4fb1-95c4-1aa8f7e5d3f6: receive RaftClientReply:client-B30EC828C355->c26939f8-4d1f-4fb1-95c4-1aa8f7e5d3f6@group-D25BE8053FEA, cid=1479, SUCCESS, logIndex=2112, commits[c26939f8-4d1f-4fb1-95c4-1aa8f7e5d3f6:c2113, c5393538-959b-47cf-9d9c-19dac7bed4ee:c2109, a2e6e0ff-38a8-4bcf-9958-a89ff312531d:c2109]
2019-07-15 13:06:54,546 INFO  client.GrpcClientProtocolClient (GrpcClientProtocolClient.java:onNext(255)) - client-B30EC828C355->c26939f8-4d1f-4fb1-95c4-1aa8f7e5d3f6: receive RaftClientReply:client-B30EC828C355->c26939f8-4d1f-4fb1-95c4-1aa8f7e5d3f6@group-D25BE8053FEA, cid=1480, SUCCESS, logIndex=2113, commits[c26939f8-4d1f-4fb1-95c4-1aa8f7e5d3f6:c2114, c5393538-959b-47cf-9d9c-19dac7bed4ee:c2111, a2e6e0ff-38a8-4bcf-9958-a89ff312531d:c2109]
2019-07-15 13:06:54,548 INFO  client.GrpcClientProtocolClient (GrpcClientProtocolClient.java:onNext(255)) - client-B30EC828C355->c26939f8-4d1f-4fb1-95c4-1aa8f7e5d3f6: receive RaftClientReply:client-B30EC828C355->c26939f8-4d1f-4fb1-95c4-1aa8f7e5d3f6@group-D25BE8053FEA, cid=1481, SUCCESS, logIndex=0, commits[c26939f8-4d1f-4fb1-95c4-1aa8f7e5d3f6:c2115, c5393538-959b-47cf-9d9c-19dac7bed4ee:c2111, a2e6e0ff-38a8-4bcf-9958-a89ff312531d:c2111]
2019-07-15 13:06:54,569 INFO  client.GrpcClientProtocolClient (GrpcClientProtocolClient.java:onNext(255)) - client-B30EC828C355->c26939f8-4d1f-4fb1-95c4-1aa8f7e5d3f6: receive RaftClientReply:client-B30EC828C355->c26939f8-4d1f-4fb1-95c4-1aa8f7e5d3f6@group-D25BE8053FEA, cid=1482, SUCCESS, logIndex=2117, commits[c26939f8-4d1f-4fb1-95c4-1aa8f7e5d3f6:c2118, c5393538-959b-47cf-9d9c-19dac7bed4ee:c2116, a2e6e0ff-38a8-4bcf-9958-a89ff312531d:c2116]
2019-07-15 13:06:54,570 INFO  client.GrpcClientProtocolClient (GrpcClientProtocolClient.java:onNext(255)) - client-B30EC828C355->c26939f8-4d1f-4fb1-95c4-1aa8f7e5d3f6: receive RaftClientReply:client-B30EC828C355->c26939f8-4d1f-4fb1-95c4-1aa8f7e5d3f6@group-D25BE8053FEA, cid=1483, SUCCESS, logIndex=2118, commits[c26939f8-4d1f-4fb1-95c4-1aa8f7e5d3f6:c2118, c5393538-959b-47cf-9d9c-19dac7bed4ee:c2116, a2e6e0ff-38a8-4bcf-9958-a89ff312531d:c2116]
2019-07-15 13:06:54,582 INFO  client.GrpcClientProtocolClient (GrpcClientProtocolClient.java:onNext(255)) - client-B30EC828C355->c26939f8-4d1f-4fb1-95c4-1aa8f7e5d3f6: receive RaftClientReply:client-B30EC828C355->c26939f8-4d1f-4fb1-95c4-1aa8f7e5d3f6@group-D25BE8053FEA, cid=1484, SUCCESS, logIndex=2121, commits[c26939f8-4d1f-4fb1-95c4-1aa8f7e5d3f6:c2122, c5393538-959b-47cf-9d9c-19dac7bed4ee:c2117, a2e6e0ff-38a8-4bcf-9958-a89ff312531d:c2118]
2019-07-15 13:06:54,583 INFO  client.GrpcClientProtocolClient (GrpcClientProtocolClient.java:onNext(255)) - client-B30EC828C355->c26939f8-4d1f-4fb1-95c4-1aa8f7e5d3f6: receive RaftClientReply:client-B30EC828C355->c26939f8-4d1f-4fb1-95c4-1aa8f7e5d3f6@group-D25BE8053FEA, cid=1485, SUCCESS, logIndex=2122, commits[c26939f8-4d1f-4fb1-95c4-1aa8f7e5d3f6:c2122, c5393538-959b-47cf-9d9c-19dac7bed4ee:c2118, a2e6e0ff-38a8-4bcf-9958-a89ff312531d:c2118]
2019-07-15 13:06:54,586 INFO  client.GrpcClientProtocolClient (GrpcClientProtocolClient.java:onNext(255)) - client-B30EC828C355->c26939f8-4d1f-4fb1-95c4-1aa8f7e5d3f6: receive RaftClientReply:client-B30EC828C355->c26939f8-4d1f-4fb1-95c4-1aa8f7e5d3f6@group-D25BE8053FEA, cid=1486, SUCCESS, logIndex=0, commits[c26939f8-4d1f-4fb1-95c4-1aa8f7e5d3f6:c2124, c5393538-959b-47cf-9d9c-19dac7bed4ee:c2122, a2e6e0ff-38a8-4bcf-9958-a89ff312531d:c2122]
2019-07-15 13:06:54,614 INFO  client.GrpcClientProtocolClient (GrpcClientProtocolClient.java:onNext(255)) - client-B30EC828C355->c26939f8-4d1f-4fb1-95c4-1aa8f7e5d3f6: receive RaftClientReply:client-B30EC828C355->c26939f8-4d1f-4fb1-95c4-1aa8f7e5d3f6@group-D25BE8053FEA, cid=1487, SUCCESS, logIndex=2125, commits[c26939f8-4d1f-4fb1-95c4-1aa8f7e5d3f6:c2126, c5393538-959b-47cf-9d9c-19dac7bed4ee:c2124, a2e6e0ff-38a8-4bcf-9958-a89ff312531d:c2124]
2019-07-15 13:06:54,614 INFO  client.GrpcClientProtocolClient (GrpcClientProtocolClient.java:onNext(255)) - client-B30EC828C355->c26939f8-4d1f-4fb1-95c4-1aa8f7e5d3f6: receive RaftClientReply:client-B30EC828C355->c26939f8-4d1f-4fb1-95c4-1aa8f7e5d3f6@group-D25BE8053FEA, cid=1488, SUCCESS, logIndex=2126, commits[c26939f8-4d1f-4fb1-95c4-1aa8f7e5d3f6:c2126, c5393538-959b-47cf-9d9c-19dac7bed4ee:c2124, a2e6e0ff-38a8-4bcf-9958-a89ff312531d:c2124]
2019-07-15 13:06:54,615 INFO  client.GrpcClientProtocolClient (GrpcClientProtocolClient.java:onNext(255)) - client-B30EC828C355->c26939f8-4d1f-4fb1-95c4-1aa8f7e5d3f6: receive RaftClientReply:client-B30EC828C355->c26939f8-4d1f-4fb1-95c4-1aa8f7e5d3f6@group-D25BE8053FEA, cid=1489, SUCCESS, logIndex=2127, commits[c26939f8-4d1f-4fb1-95c4-1aa8f7e5d3f6:c2128, c5393538-959b-47cf-9d9c-19dac7bed4ee:c2124, a2e6e0ff-38a8-4bcf-9958-a89ff312531d:c2124]
2019-07-15 13:06:54,615 INFO  client.GrpcClientProtocolClient (GrpcClientProtocolClient.java:onNext(255)) - client-B30EC828C355->c26939f8-4d1f-4fb1-95c4-1aa8f7e5d3f6: receive RaftClientReply:client-B30EC828C355->c26939f8-4d1f-4fb1-95c4-1aa8f7e5d3f6@group-D25BE8053FEA, cid=1490, SUCCESS, logIndex=2128, commits[c26939f8-4d1f-4fb1-95c4-1aa8f7e5d3f6:c2128, c5393538-959b-47cf-9d9c-19dac7bed4ee:c2124, a2e6e0ff-38a8-4bcf-9958-a89ff312531d:c2124]
2019-07-15 13:06:54,617 INFO  client.GrpcClientProtocolClient (GrpcClientProtocolClient.java:onNext(255)) - client-B30EC828C355->c26939f8-4d1f-4fb1-95c4-1aa8f7e5d3f6: receive RaftClientReply:client-B30EC828C355->c26939f8-4d1f-4fb1-95c4-1aa8f7e5d3f6@group-D25BE8053FEA, cid=1491, SUCCESS, logIndex=0, commits[c26939f8-4d1f-4fb1-95c4-1aa8f7e5d3f6:c2130, c5393538-959b-47cf-9d9c-19dac7bed4ee:c2126, a2e6e0ff-38a8-4bcf-9958-a89ff312531d:c2126]
2019-07-15 13:06:54,637 INFO  client.GrpcClientProtocolClient (GrpcClientProtocolClient.java:onNext(255)) - client-B30EC828C355->c26939f8-4d1f-4fb1-95c4-1aa8f7e5d3f6: receive RaftClientReply:client-B30EC828C355->c26939f8-4d1f-4fb1-95c4-1aa8f7e5d3f6@group-D25BE8053FEA, cid=1492, SUCCESS, logIndex=2133, commits[c26939f8-4d1f-4fb1-95c4-1aa8f7e5d3f6:c2134, c5393538-959b-47cf-9d9c-19dac7bed4ee:c2132, a2e6e0ff-38a8-4bcf-9958-a89ff312531d:c2132]
2019-07-15 13:06:54,637 INFO  client.GrpcClientProtocolClient (GrpcClientProtocolClient.java:onNext(255)) - client-B30EC828C355->c26939f8-4d1f-4fb1-95c4-1aa8f7e5d3f6: receive RaftClientReply:client-B30EC828C355->c26939f8-4d1f-4fb1-95c4-1aa8f7e5d3f6@group-D25BE8053FEA, cid=1493, SUCCESS, logIndex=2134, commits[c26939f8-4d1f-4fb1-95c4-1aa8f7e5d3f6:c2134, c5393538-959b-47cf-9d9c-19dac7bed4ee:c2132, a2e6e0ff-38a8-4bcf-9958-a89ff312531d:c2132]
2019-07-15 13:06:54,650 INFO  client.GrpcClientProtocolClient (GrpcClientProtocolClient.java:onNext(255)) - client-B30EC828C355->c26939f8-4d1f-4fb1-95c4-1aa8f7e5d3f6: receive RaftClientReply:client-B30EC828C355->c26939f8-4d1f-4fb1-95c4-1aa8f7e5d3f6@group-D25BE8053FEA, cid=1494, SUCCESS, logIndex=2137, commits[c26939f8-4d1f-4fb1-95c4-1aa8f7e5d3f6:c2138, c5393538-959b-47cf-9d9c-19dac7bed4ee:c2134, a2e6e0ff-38a8-4bcf-9958-a89ff312531d:c2134]
2019-07-15 13:06:54,651 INFO  client.GrpcClientProtocolClient (GrpcClientProtocolClient.java:onNext(255)) - client-B30EC828C355->c26939f8-4d1f-4fb1-95c4-1aa8f7e5d3f6: receive RaftClientReply:client-B30EC828C355->c26939f8-4d1f-4fb1-95c4-1aa8f7e5d3f6@group-D25BE8053FEA, cid=1495, SUCCESS, logIndex=2138, commits[c26939f8-4d1f-4fb1-95c4-1aa8f7e5d3f6:c2138, c5393538-959b-47cf-9d9c-19dac7bed4ee:c2134, a2e6e0ff-38a8-4bcf-9958-a89ff312531d:c2134]
2019-07-15 13:06:54,663 INFO  client.GrpcClientProtocolClient (GrpcClientProtocolClient.java:onNext(255)) - client-B30EC828C355->c26939f8-4d1f-4fb1-95c4-1aa8f7e5d3f6: receive RaftClientReply:client-B30EC828C355->c26939f8-4d1f-4fb1-95c4-1aa8f7e5d3f6@group-D25BE8053FEA, cid=1496, SUCCESS, logIndex=0, commits[c26939f8-4d1f-4fb1-95c4-1aa8f7e5d3f6:c2140, c5393538-959b-47cf-9d9c-19dac7bed4ee:c2138, a2e6e0ff-38a8-4bcf-9958-a89ff312531d:c2138]
2019-07-15 13:06:54,688 INFO  client.GrpcClientProtocolClient (GrpcClientProtocolClient.java:onNext(255)) - client-B30EC828C355->c26939f8-4d1f-4fb1-95c4-1aa8f7e5d3f6: receive RaftClientReply:client-B30EC828C355->c26939f8-4d1f-4fb1-95c4-1aa8f7e5d3f6@group-D25BE8053FEA, cid=1497, SUCCESS, logIndex=2141, commits[c26939f8-4d1f-4fb1-95c4-1aa8f7e5d3f6:c2142, c5393538-959b-47cf-9d9c-19dac7bed4ee:c2138, a2e6e0ff-38a8-4bcf-9958-a89ff312531d:c2140]
2019-07-15 13:06:54,689 INFO  client.GrpcClientProtocolClient (GrpcClientProtocolClient.java:onNext(255)) - client-B30EC828C355->c26939f8-4d1f-4fb1-95c4-1aa8f7e5d3f6: receive RaftClientReply:client-B30EC828C355->c26939f8-4d1f-4fb1-95c4-1aa8f7e5d3f6@group-D25BE8053FEA, cid=1498, SUCCESS, logIndex=2142, commits[c26939f8-4d1f-4fb1-95c4-1aa8f7e5d3f6:c2142, c5393538-959b-47cf-9d9c-19dac7bed4ee:c2140, a2e6e0ff-38a8-4bcf-9958-a89ff312531d:c2140]
2019-07-15 13:06:54,689 INFO  client.GrpcClientProtocolClient (GrpcClientProtocolClient.java:onNext(255)) - client-B30EC828C355->c26939f8-4d1f-4fb1-95c4-1aa8f7e5d3f6: receive RaftClientReply:client-B30EC828C355->c26939f8-4d1f-4fb1-95c4-1aa8f7e5d3f6@group-D25BE8053FEA, cid=1499, SUCCESS, logIndex=2143, commits[c26939f8-4d1f-4fb1-95c4-1aa8f7e5d3f6:c2144, c5393538-959b-47cf-9d9c-19dac7bed4ee:c2140, a2e6e0ff-38a8-4bcf-9958-a89ff312531d:c2140]
2019-07-15 13:06:54,689 INFO  client.GrpcClientProtocolClient (GrpcClientProtocolClient.java:onNext(255)) - client-B30EC828C355->c26939f8-4d1f-4fb1-95c4-1aa8f7e5d3f6: receive RaftClientReply:client-B30EC828C355->c26939f8-4d1f-4fb1-95c4-1aa8f7e5d3f6@group-D25BE8053FEA, cid=1500, SUCCESS, logIndex=2144, commits[c26939f8-4d1f-4fb1-95c4-1aa8f7e5d3f6:c2144, c5393538-959b-47cf-9d9c-19dac7bed4ee:c2140, a2e6e0ff-38a8-4bcf-9958-a89ff312531d:c2140]
2019-07-15 13:06:54,690 INFO  client.GrpcClientProtocolClient (GrpcClientProtocolClient.java:onNext(255)) - client-B30EC828C355->c26939f8-4d1f-4fb1-95c4-1aa8f7e5d3f6: receive RaftClientReply:client-B30EC828C355->c26939f8-4d1f-4fb1-95c4-1aa8f7e5d3f6@group-D25BE8053FEA, cid=1501, SUCCESS, logIndex=0, commits[c26939f8-4d1f-4fb1-95c4-1aa8f7e5d3f6:c2146, c5393538-959b-47cf-9d9c-19dac7bed4ee:c2142, a2e6e0ff-38a8-4bcf-9958-a89ff312531d:c2142]
2019-07-15 13:06:54,710 INFO  client.GrpcClientProtocolClient (GrpcClientProtocolClient.java:onNext(255)) - client-B30EC828C355->c26939f8-4d1f-4fb1-95c4-1aa8f7e5d3f6: receive RaftClientReply:client-B30EC828C355->c26939f8-4d1f-4fb1-95c4-1aa8f7e5d3f6@group-D25BE8053FEA, cid=1502, SUCCESS, logIndex=2149, commits[c26939f8-4d1f-4fb1-95c4-1aa8f7e5d3f6:c2150, c5393538-959b-47cf-9d9c-19dac7bed4ee:c2148, a2e6e0ff-38a8-4bcf-9958-a89ff312531d:c2148]
2019-07-15 13:06:54,710 INFO  client.GrpcClientProtocolClient (GrpcClientProtocolClient.java:onNext(255)) - client-B30EC828C355->c26939f8-4d1f-4fb1-95c4-1aa8f7e5d3f6: receive RaftClientReply:client-B30EC828C355->c26939f8-4d1f-4fb1-95c4-1aa8f7e5d3f6@group-D25BE8053FEA, cid=1503, SUCCESS, logIndex=2150, commits[c26939f8-4d1f-4fb1-95c4-1aa8f7e5d3f6:c2150, c5393538-959b-47cf-9d9c-19dac7bed4ee:c2148, a2e6e0ff-38a8-4bcf-9958-a89ff312531d:c2148]
2019-07-15 13:06:54,727 INFO  client.GrpcClientProtocolClient (GrpcClientProtocolClient.java:onNext(255)) - client-B30EC828C355->c26939f8-4d1f-4fb1-95c4-1aa8f7e5d3f6: receive RaftClientReply:client-B30EC828C355->c26939f8-4d1f-4fb1-95c4-1aa8f7e5d3f6@group-D25BE8053FEA, cid=1504, SUCCESS, logIndex=2153, commits[c26939f8-4d1f-4fb1-95c4-1aa8f7e5d3f6:c2154, c5393538-959b-47cf-9d9c-19dac7bed4ee:c2150, a2e6e0ff-38a8-4bcf-9958-a89ff312531d:c2150]
2019-07-15 13:06:54,727 INFO  client.GrpcClientProtocolClient (GrpcClientProtocolClient.java:onNext(255)) - client-B30EC828C355->c26939f8-4d1f-4fb1-95c4-1aa8f7e5d3f6: receive RaftClientReply:client-B30EC828C355->c26939f8-4d1f-4fb1-95c4-1aa8f7e5d3f6@group-D25BE8053FEA, cid=1505, SUCCESS, logIndex=2154, commits[c26939f8-4d1f-4fb1-95c4-1aa8f7e5d3f6:c2154, c5393538-959b-47cf-9d9c-19dac7bed4ee:c2150, a2e6e0ff-38a8-4bcf-9958-a89ff312531d:c2150]
2019-07-15 13:06:54,740 INFO  client.GrpcClientProtocolClient (GrpcClientProtocolClient.java:onNext(255)) - client-B30EC828C355->c26939f8-4d1f-4fb1-95c4-1aa8f7e5d3f6: receive RaftClientReply:client-B30EC828C355->c26939f8-4d1f-4fb1-95c4-1aa8f7e5d3f6@group-D25BE8053FEA, cid=1506, SUCCESS, logIndex=0, commits[c26939f8-4d1f-4fb1-95c4-1aa8f7e5d3f6:c2156, c5393538-959b-47cf-9d9c-19dac7bed4ee:c2154, a2e6e0ff-38a8-4bcf-9958-a89ff312531d:c2154]
2019-07-15 13:06:54,769 INFO  client.GrpcClientProtocolClient (GrpcClientProtocolClient.java:onNext(255)) - client-B30EC828C355->c26939f8-4d1f-4fb1-95c4-1aa8f7e5d3f6: receive RaftClientReply:client-B30EC828C355->c26939f8-4d1f-4fb1-95c4-1aa8f7e5d3f6@group-D25BE8053FEA, cid=1507, SUCCESS, logIndex=2157, commits[c26939f8-4d1f-4fb1-95c4-1aa8f7e5d3f6:c2158, c5393538-959b-47cf-9d9c-19dac7bed4ee:c2156, a2e6e0ff-38a8-4bcf-9958-a89ff312531d:c2156]
2019-07-15 13:06:54,771 INFO  client.GrpcClientProtocolClient (GrpcClientProtocolClient.java:onNext(255)) - client-B30EC828C355->c26939f8-4d1f-4fb1-95c4-1aa8f7e5d3f6: receive RaftClientReply:client-B30EC828C355->c26939f8-4d1f-4fb1-95c4-1aa8f7e5d3f6@group-D25BE8053FEA, cid=1508, SUCCESS, logIndex=2158, commits[c26939f8-4d1f-4fb1-95c4-1aa8f7e5d3f6:c2158, c5393538-959b-47cf-9d9c-19dac7bed4ee:c2156, a2e6e0ff-38a8-4bcf-9958-a89ff312531d:c2156]
2019-07-15 13:06:54,771 INFO  client.GrpcClientProtocolClient (GrpcClientProtocolClient.java:onNext(255)) - client-B30EC828C355->c26939f8-4d1f-4fb1-95c4-1aa8f7e5d3f6: receive RaftClientReply:client-B30EC828C355->c26939f8-4d1f-4fb1-95c4-1aa8f7e5d3f6@group-D25BE8053FEA, cid=1509, SUCCESS, logIndex=2159, commits[c26939f8-4d1f-4fb1-95c4-1aa8f7e5d3f6:c2160, c5393538-959b-47cf-9d9c-19dac7bed4ee:c2156, a2e6e0ff-38a8-4bcf-9958-a89ff312531d:c2156]
2019-07-15 13:06:54,771 INFO  client.GrpcClientProtocolClient (GrpcClientProtocolClient.java:onNext(255)) - client-B30EC828C355->c26939f8-4d1f-4fb1-95c4-1aa8f7e5d3f6: receive RaftClientReply:client-B30EC828C355->c26939f8-4d1f-4fb1-95c4-1aa8f7e5d3f6@group-D25BE8053FEA, cid=1510, SUCCESS, logIndex=2160, commits[c26939f8-4d1f-4fb1-95c4-1aa8f7e5d3f6:c2160, c5393538-959b-47cf-9d9c-19dac7bed4ee:c2156, a2e6e0ff-38a8-4bcf-9958-a89ff312531d:c2156]
2019-07-15 13:06:54,781 INFO  client.GrpcClientProtocolClient (GrpcClientProtocolClient.java:onNext(255)) - client-B30EC828C355->c26939f8-4d1f-4fb1-95c4-1aa8f7e5d3f6: receive RaftClientReply:client-B30EC828C355->c26939f8-4d1f-4fb1-95c4-1aa8f7e5d3f6@group-D25BE8053FEA, cid=1511, SUCCESS, logIndex=0, commits[c26939f8-4d1f-4fb1-95c4-1aa8f7e5d3f6:c2162, c5393538-959b-47cf-9d9c-19dac7bed4ee:c2158, a2e6e0ff-38a8-4bcf-9958-a89ff312531d:c2158]
 0.00% |█                                                                                                    |  0/1 Time: 0:00:092019-07-15 13:06:54,803 INFO  client.GrpcClientProtocolClient (GrpcClientProtocolClient.java:onNext(255)) - client-B30EC828C355->c26939f8-4d1f-4fb1-95c4-1aa8f7e5d3f6: receive RaftClientReply:client-B30EC828C355->c26939f8-4d1f-4fb1-95c4-1aa8f7e5d3f6@group-D25BE8053FEA, cid=1512, SUCCESS, logIndex=2164, commits[c26939f8-4d1f-4fb1-95c4-1aa8f7e5d3f6:c2164, c5393538-959b-47cf-9d9c-19dac7bed4ee:c2163, a2e6e0ff-38a8-4bcf-9958-a89ff312531d:c2163]
2019-07-15 13:06:54,803 INFO  client.GrpcClientProtocolClient (GrpcClientProtocolClient.java:onNext(255)) - client-B30EC828C355->c26939f8-4d1f-4fb1-95c4-1aa8f7e5d3f6: receive RaftClientReply:client-B30EC828C355->c26939f8-4d1f-4fb1-95c4-1aa8f7e5d3f6@group-D25BE8053FEA, cid=1513, SUCCESS, logIndex=2165, commits[c26939f8-4d1f-4fb1-95c4-1aa8f7e5d3f6:c2165, c5393538-959b-47cf-9d9c-19dac7bed4ee:c2163, a2e6e0ff-38a8-4bcf-9958-a89ff312531d:c2163]
2019-07-15 13:06:54,816 INFO  client.GrpcClientProtocolClient (GrpcClientProtocolClient.java:onNext(255)) - client-B30EC828C355->c26939f8-4d1f-4fb1-95c4-1aa8f7e5d3f6: receive RaftClientReply:client-B30EC828C355->c26939f8-4d1f-4fb1-95c4-1aa8f7e5d3f6@group-D25BE8053FEA, cid=1514, SUCCESS, logIndex=2168, commits[c26939f8-4d1f-4fb1-95c4-1aa8f7e5d3f6:c2169, c5393538-959b-47cf-9d9c-19dac7bed4ee:c2165, a2e6e0ff-38a8-4bcf-9958-a89ff312531d:c2165]
2019-07-15 13:06:54,817 INFO  client.GrpcClientProtocolClient (GrpcClientProtocolClient.java:onNext(255)) - client-B30EC828C355->c26939f8-4d1f-4fb1-95c4-1aa8f7e5d3f6: receive RaftClientReply:client-B30EC828C355->c26939f8-4d1f-4fb1-95c4-1aa8f7e5d3f6@group-D25BE8053FEA, cid=1515, SUCCESS, logIndex=2169, commits[c26939f8-4d1f-4fb1-95c4-1aa8f7e5d3f6:c2169, c5393538-959b-47cf-9d9c-19dac7bed4ee:c2165, a2e6e0ff-38a8-4bcf-9958-a89ff312531d:c2165]
2019-07-15 13:06:54,829 INFO  client.GrpcClientProtocolClient (GrpcClientProtocolClient.java:onNext(255)) - client-B30EC828C355->c26939f8-4d1f-4fb1-95c4-1aa8f7e5d3f6: receive RaftClientReply:client-B30EC828C355->c26939f8-4d1f-4fb1-95c4-1aa8f7e5d3f6@group-D25BE8053FEA, cid=1516, SUCCESS, logIndex=0, commits[c26939f8-4d1f-4fb1-95c4-1aa8f7e5d3f6:c2171, c5393538-959b-47cf-9d9c-19dac7bed4ee:c2169, a2e6e0ff-38a8-4bcf-9958-a89ff312531d:c2169]
2019-07-15 13:06:54,861 INFO  client.GrpcClientProtocolClient (GrpcClientProtocolClient.java:onNext(255)) - client-B30EC828C355->c26939f8-4d1f-4fb1-95c4-1aa8f7e5d3f6: receive RaftClientReply:client-B30EC828C355->c26939f8-4d1f-4fb1-95c4-1aa8f7e5d3f6@group-D25BE8053FEA, cid=1517, SUCCESS, logIndex=2172, commits[c26939f8-4d1f-4fb1-95c4-1aa8f7e5d3f6:c2173, c5393538-959b-47cf-9d9c-19dac7bed4ee:c2171, a2e6e0ff-38a8-4bcf-9958-a89ff312531d:c2171]
2019-07-15 13:06:54,862 INFO  client.GrpcClientProtocolClient (GrpcClientProtocolClient.java:onNext(255)) - client-B30EC828C355->c26939f8-4d1f-4fb1-95c4-1aa8f7e5d3f6: receive RaftClientReply:client-B30EC828C355->c26939f8-4d1f-4fb1-95c4-1aa8f7e5d3f6@group-D25BE8053FEA, cid=1518, SUCCESS, logIndex=2173, commits[c26939f8-4d1f-4fb1-95c4-1aa8f7e5d3f6:c2173, c5393538-959b-47cf-9d9c-19dac7bed4ee:c2171, a2e6e0ff-38a8-4bcf-9958-a89ff312531d:c2171]
2019-07-15 13:06:54,862 INFO  client.GrpcClientProtocolClient (GrpcClientProtocolClient.java:onNext(255)) - client-B30EC828C355->c26939f8-4d1f-4fb1-95c4-1aa8f7e5d3f6: receive RaftClientReply:client-B30EC828C355->c26939f8-4d1f-4fb1-95c4-1aa8f7e5d3f6@group-D25BE8053FEA, cid=1519, SUCCESS, logIndex=2174, commits[c26939f8-4d1f-4fb1-95c4-1aa8f7e5d3f6:c2174, c5393538-959b-47cf-9d9c-19dac7bed4ee:c2171, a2e6e0ff-38a8-4bcf-9958-a89ff312531d:c2171]
2019-07-15 13:06:54,863 INFO  client.GrpcClientProtocolClient (GrpcClientProtocolClient.java:onNext(255)) - client-B30EC828C355->c26939f8-4d1f-4fb1-95c4-1aa8f7e5d3f6: receive RaftClientReply:client-B30EC828C355->c26939f8-4d1f-4fb1-95c4-1aa8f7e5d3f6@group-D25BE8053FEA, cid=1520, SUCCESS, logIndex=2175, commits[c26939f8-4d1f-4fb1-95c4-1aa8f7e5d3f6:c2175, c5393538-959b-47cf-9d9c-19dac7bed4ee:c2171, a2e6e0ff-38a8-4bcf-9958-a89ff312531d:c2171]
2019-07-15 13:06:54,864 INFO  client.GrpcClientProtocolClient (GrpcClientProtocolClient.java:onNext(255)) - client-B30EC828C355->c26939f8-4d1f-4fb1-95c4-1aa8f7e5d3f6: receive RaftClientReply:client-B30EC828C355->c26939f8-4d1f-4fb1-95c4-1aa8f7e5d3f6@group-D25BE8053FEA, cid=1521, SUCCESS, logIndex=0, commits[c26939f8-4d1f-4fb1-95c4-1aa8f7e5d3f6:c2177, c5393538-959b-47cf-9d9c-19dac7bed4ee:c2173, a2e6e0ff-38a8-4bcf-9958-a89ff312531d:c2173]
2019-07-15 13:06:54,888 INFO  client.GrpcClientProtocolClient (GrpcClientProtocolClient.java:onNext(255)) - client-B30EC828C355->c26939f8-4d1f-4fb1-95c4-1aa8f7e5d3f6: receive RaftClientReply:client-B30EC828C355->c26939f8-4d1f-4fb1-95c4-1aa8f7e5d3f6@group-D25BE8053FEA, cid=1522, SUCCESS, logIndex=2180, commits[c26939f8-4d1f-4fb1-95c4-1aa8f7e5d3f6:c2180, c5393538-959b-47cf-9d9c-19dac7bed4ee:c2179, a2e6e0ff-38a8-4bcf-9958-a89ff312531d:c2179]
2019-07-15 13:06:54,889 INFO  client.GrpcClientProtocolClient (GrpcClientProtocolClient.java:onNext(255)) - client-B30EC828C355->c26939f8-4d1f-4fb1-95c4-1aa8f7e5d3f6: receive RaftClientReply:client-B30EC828C355->c26939f8-4d1f-4fb1-95c4-1aa8f7e5d3f6@group-D25BE8053FEA, cid=1523, SUCCESS, logIndex=2181, commits[c26939f8-4d1f-4fb1-95c4-1aa8f7e5d3f6:c2181, c5393538-959b-47cf-9d9c-19dac7bed4ee:c2179, a2e6e0ff-38a8-4bcf-9958-a89ff312531d:c2179]
2019-07-15 13:06:54,902 INFO  client.GrpcClientProtocolClient (GrpcClientProtocolClient.java:onNext(255)) - client-B30EC828C355->c26939f8-4d1f-4fb1-95c4-1aa8f7e5d3f6: receive RaftClientReply:client-B30EC828C355->c26939f8-4d1f-4fb1-95c4-1aa8f7e5d3f6@group-D25BE8053FEA, cid=1524, SUCCESS, logIndex=2184, commits[c26939f8-4d1f-4fb1-95c4-1aa8f7e5d3f6:c2185, c5393538-959b-47cf-9d9c-19dac7bed4ee:c2181, a2e6e0ff-38a8-4bcf-9958-a89ff312531d:c2181]
2019-07-15 13:06:54,902 INFO  client.GrpcClientProtocolClient (GrpcClientProtocolClient.java:onNext(255)) - client-B30EC828C355->c26939f8-4d1f-4fb1-95c4-1aa8f7e5d3f6: receive RaftClientReply:client-B30EC828C355->c26939f8-4d1f-4fb1-95c4-1aa8f7e5d3f6@group-D25BE8053FEA, cid=1525, SUCCESS, logIndex=2185, commits[c26939f8-4d1f-4fb1-95c4-1aa8f7e5d3f6:c2185, c5393538-959b-47cf-9d9c-19dac7bed4ee:c2181, a2e6e0ff-38a8-4bcf-9958-a89ff312531d:c2181]
2019-07-15 13:06:54,916 INFO  client.GrpcClientProtocolClient (GrpcClientProtocolClient.java:onNext(255)) - client-B30EC828C355->c26939f8-4d1f-4fb1-95c4-1aa8f7e5d3f6: receive RaftClientReply:client-B30EC828C355->c26939f8-4d1f-4fb1-95c4-1aa8f7e5d3f6@group-D25BE8053FEA, cid=1526, SUCCESS, logIndex=0, commits[c26939f8-4d1f-4fb1-95c4-1aa8f7e5d3f6:c2187, c5393538-959b-47cf-9d9c-19dac7bed4ee:c2185, a2e6e0ff-38a8-4bcf-9958-a89ff312531d:c2185]
2019-07-15 13:06:54,942 INFO  client.GrpcClientProtocolClient (GrpcClientProtocolClient.java:onNext(255)) - client-B30EC828C355->c26939f8-4d1f-4fb1-95c4-1aa8f7e5d3f6: receive RaftClientReply:client-B30EC828C355->c26939f8-4d1f-4fb1-95c4-1aa8f7e5d3f6@group-D25BE8053FEA, cid=1527, SUCCESS, logIndex=2188, commits[c26939f8-4d1f-4fb1-95c4-1aa8f7e5d3f6:c2190, c5393538-959b-47cf-9d9c-19dac7bed4ee:c2187, a2e6e0ff-38a8-4bcf-9958-a89ff312531d:c2187]
2019-07-15 13:06:54,943 INFO  client.GrpcClientProtocolClient (GrpcClientProtocolClient.java:onNext(255)) - client-B30EC828C355->c26939f8-4d1f-4fb1-95c4-1aa8f7e5d3f6: receive RaftClientReply:client-B30EC828C355->c26939f8-4d1f-4fb1-95c4-1aa8f7e5d3f6@group-D25BE8053FEA, cid=1528, SUCCESS, logIndex=2189, commits[c26939f8-4d1f-4fb1-95c4-1aa8f7e5d3f6:c2191, c5393538-959b-47cf-9d9c-19dac7bed4ee:c2187, a2e6e0ff-38a8-4bcf-9958-a89ff312531d:c2187]
2019-07-15 13:06:54,943 INFO  client.GrpcClientProtocolClient (GrpcClientProtocolClient.java:onNext(255)) - client-B30EC828C355->c26939f8-4d1f-4fb1-95c4-1aa8f7e5d3f6: receive RaftClientReply:client-B30EC828C355->c26939f8-4d1f-4fb1-95c4-1aa8f7e5d3f6@group-D25BE8053FEA, cid=1529, SUCCESS, logIndex=2190, commits[c26939f8-4d1f-4fb1-95c4-1aa8f7e5d3f6:c2191, c5393538-959b-47cf-9d9c-19dac7bed4ee:c2187, a2e6e0ff-38a8-4bcf-9958-a89ff312531d:c2187]
2019-07-15 13:06:54,944 INFO  client.GrpcClientProtocolClient (GrpcClientProtocolClient.java:onNext(255)) - client-B30EC828C355->c26939f8-4d1f-4fb1-95c4-1aa8f7e5d3f6: receive RaftClientReply:client-B30EC828C355->c26939f8-4d1f-4fb1-95c4-1aa8f7e5d3f6@group-D25BE8053FEA, cid=1530, SUCCESS, logIndex=2191, commits[c26939f8-4d1f-4fb1-95c4-1aa8f7e5d3f6:c2191, c5393538-959b-47cf-9d9c-19dac7bed4ee:c2187, a2e6e0ff-38a8-4bcf-9958-a89ff312531d:c2187]
2019-07-15 13:06:54,945 INFO  client.GrpcClientProtocolClient (GrpcClientProtocolClient.java:onNext(255)) - client-B30EC828C355->c26939f8-4d1f-4fb1-95c4-1aa8f7e5d3f6: receive RaftClientReply:client-B30EC828C355->c26939f8-4d1f-4fb1-95c4-1aa8f7e5d3f6@group-D25BE8053FEA, cid=1531, SUCCESS, logIndex=0, commits[c26939f8-4d1f-4fb1-95c4-1aa8f7e5d3f6:c2194, c5393538-959b-47cf-9d9c-19dac7bed4ee:c2189, a2e6e0ff-38a8-4bcf-9958-a89ff312531d:c2190]
2019-07-15 13:06:54,966 INFO  client.GrpcClientProtocolClient (GrpcClientProtocolClient.java:onNext(255)) - client-B30EC828C355->c26939f8-4d1f-4fb1-95c4-1aa8f7e5d3f6: receive RaftClientReply:client-B30EC828C355->c26939f8-4d1f-4fb1-95c4-1aa8f7e5d3f6@group-D25BE8053FEA, cid=1532, SUCCESS, logIndex=2196, commits[c26939f8-4d1f-4fb1-95c4-1aa8f7e5d3f6:c2197, c5393538-959b-47cf-9d9c-19dac7bed4ee:c2195, a2e6e0ff-38a8-4bcf-9958-a89ff312531d:c2195]
2019-07-15 13:06:54,966 INFO  client.GrpcClientProtocolClient (GrpcClientProtocolClient.java:onNext(255)) - client-B30EC828C355->c26939f8-4d1f-4fb1-95c4-1aa8f7e5d3f6: receive RaftClientReply:client-B30EC828C355->c26939f8-4d1f-4fb1-95c4-1aa8f7e5d3f6@group-D25BE8053FEA, cid=1533, SUCCESS, logIndex=2197, commits[c26939f8-4d1f-4fb1-95c4-1aa8f7e5d3f6:c2197, c5393538-959b-47cf-9d9c-19dac7bed4ee:c2195, a2e6e0ff-38a8-4bcf-9958-a89ff312531d:c2195]
2019-07-15 13:06:54,979 INFO  client.GrpcClientProtocolClient (GrpcClientProtocolClient.java:onNext(255)) - client-B30EC828C355->c26939f8-4d1f-4fb1-95c4-1aa8f7e5d3f6: receive RaftClientReply:client-B30EC828C355->c26939f8-4d1f-4fb1-95c4-1aa8f7e5d3f6@group-D25BE8053FEA, cid=1534, SUCCESS, logIndex=2200, commits[c26939f8-4d1f-4fb1-95c4-1aa8f7e5d3f6:c2201, c5393538-959b-47cf-9d9c-19dac7bed4ee:c2197, a2e6e0ff-38a8-4bcf-9958-a89ff312531d:c2197]
2019-07-15 13:06:54,979 INFO  client.GrpcClientProtocolClient (GrpcClientProtocolClient.java:onNext(255)) - client-B30EC828C355->c26939f8-4d1f-4fb1-95c4-1aa8f7e5d3f6: receive RaftClientReply:client-B30EC828C355->c26939f8-4d1f-4fb1-95c4-1aa8f7e5d3f6@group-D25BE8053FEA, cid=1535, SUCCESS, logIndex=2201, commits[c26939f8-4d1f-4fb1-95c4-1aa8f7e5d3f6:c2201, c5393538-959b-47cf-9d9c-19dac7bed4ee:c2197, a2e6e0ff-38a8-4bcf-9958-a89ff312531d:c2197]
2019-07-15 13:06:54,992 INFO  client.GrpcClientProtocolClient (GrpcClientProtocolClient.java:onNext(255)) - client-B30EC828C355->c26939f8-4d1f-4fb1-95c4-1aa8f7e5d3f6: receive RaftClientReply:client-B30EC828C355->c26939f8-4d1f-4fb1-95c4-1aa8f7e5d3f6@group-D25BE8053FEA, cid=1536, SUCCESS, logIndex=0, commits[c26939f8-4d1f-4fb1-95c4-1aa8f7e5d3f6:c2203, c5393538-959b-47cf-9d9c-19dac7bed4ee:c2201, a2e6e0ff-38a8-4bcf-9958-a89ff312531d:c2201]
2019-07-15 13:06:55,021 INFO  client.GrpcClientProtocolClient (GrpcClientProtocolClient.java:onNext(255)) - client-B30EC828C355->c26939f8-4d1f-4fb1-95c4-1aa8f7e5d3f6: receive RaftClientReply:client-B30EC828C355->c26939f8-4d1f-4fb1-95c4-1aa8f7e5d3f6@group-D25BE8053FEA, cid=1537, SUCCESS, logIndex=2204, commits[c26939f8-4d1f-4fb1-95c4-1aa8f7e5d3f6:c2205, c5393538-959b-47cf-9d9c-19dac7bed4ee:c2203, a2e6e0ff-38a8-4bcf-9958-a89ff312531d:c2203]
2019-07-15 13:06:55,022 INFO  client.GrpcClientProtocolClient (GrpcClientProtocolClient.java:onNext(255)) - client-B30EC828C355->c26939f8-4d1f-4fb1-95c4-1aa8f7e5d3f6: receive RaftClientReply:client-B30EC828C355->c26939f8-4d1f-4fb1-95c4-1aa8f7e5d3f6@group-D25BE8053FEA, cid=1538, SUCCESS, logIndex=2205, commits[c26939f8-4d1f-4fb1-95c4-1aa8f7e5d3f6:c2205, c5393538-959b-47cf-9d9c-19dac7bed4ee:c2203, a2e6e0ff-38a8-4bcf-9958-a89ff312531d:c2203]
2019-07-15 13:06:55,134 INFO  client.GrpcClientProtocolClient (GrpcClientProtocolClient.java:onNext(255)) - client-B30EC828C355->c26939f8-4d1f-4fb1-95c4-1aa8f7e5d3f6: receive RaftClientReply:client-B30EC828C355->c26939f8-4d1f-4fb1-95c4-1aa8f7e5d3f6@group-D25BE8053FEA, cid=1539, SUCCESS, logIndex=2206, commits[c26939f8-4d1f-4fb1-95c4-1aa8f7e5d3f6:c2207, c5393538-959b-47cf-9d9c-19dac7bed4ee:c2203, a2e6e0ff-38a8-4bcf-9958-a89ff312531d:c2203]
2019-07-15 13:06:55,135 INFO  client.GrpcClientProtocolClient (GrpcClientProtocolClient.java:onNext(255)) - client-B30EC828C355->c26939f8-4d1f-4fb1-95c4-1aa8f7e5d3f6: receive RaftClientReply:client-B30EC828C355->c26939f8-4d1f-4fb1-95c4-1aa8f7e5d3f6@group-D25BE8053FEA, cid=1540, SUCCESS, logIndex=2207, commits[c26939f8-4d1f-4fb1-95c4-1aa8f7e5d3f6:c2207, c5393538-959b-47cf-9d9c-19dac7bed4ee:c2203, a2e6e0ff-38a8-4bcf-9958-a89ff312531d:c2203]
2019-07-15 13:06:55,137 INFO  client.GrpcClientProtocolClient (GrpcClientProtocolClient.java:onNext(255)) - client-B30EC828C355->c26939f8-4d1f-4fb1-95c4-1aa8f7e5d3f6: receive RaftClientReply:client-B30EC828C355->c26939f8-4d1f-4fb1-95c4-1aa8f7e5d3f6@group-D25BE8053FEA, cid=1541, SUCCESS, logIndex=0, commits[c26939f8-4d1f-4fb1-95c4-1aa8f7e5d3f6:c2210, c5393538-959b-47cf-9d9c-19dac7bed4ee:c2207, a2e6e0ff-38a8-4bcf-9958-a89ff312531d:c2205]
2019-07-15 13:06:55,162 INFO  client.GrpcClientProtocolClient (GrpcClientProtocolClient.java:onNext(255)) - client-B30EC828C355->c26939f8-4d1f-4fb1-95c4-1aa8f7e5d3f6: receive RaftClientReply:client-B30EC828C355->c26939f8-4d1f-4fb1-95c4-1aa8f7e5d3f6@group-D25BE8053FEA, cid=1542, SUCCESS, logIndex=2211, commits[c26939f8-4d1f-4fb1-95c4-1aa8f7e5d3f6:c2212, c5393538-959b-47cf-9d9c-19dac7bed4ee:c2210, a2e6e0ff-38a8-4bcf-9958-a89ff312531d:c2210]
2019-07-15 13:06:55,162 INFO  client.GrpcClientProtocolClient (GrpcClientProtocolClient.java:onNext(255)) - client-B30EC828C355->c26939f8-4d1f-4fb1-95c4-1aa8f7e5d3f6: receive RaftClientReply:client-B30EC828C355->c26939f8-4d1f-4fb1-95c4-1aa8f7e5d3f6@group-D25BE8053FEA, cid=1543, SUCCESS, logIndex=2212, commits[c26939f8-4d1f-4fb1-95c4-1aa8f7e5d3f6:c2212, c5393538-959b-47cf-9d9c-19dac7bed4ee:c2210, a2e6e0ff-38a8-4bcf-9958-a89ff312531d:c2210]
2019-07-15 13:06:55,195 INFO  client.GrpcClientProtocolClient (GrpcClientProtocolClient.java:onNext(255)) - client-B30EC828C355->c26939f8-4d1f-4fb1-95c4-1aa8f7e5d3f6: receive RaftClientReply:client-B30EC828C355->c26939f8-4d1f-4fb1-95c4-1aa8f7e5d3f6@group-D25BE8053FEA, cid=1544, SUCCESS, logIndex=2215, commits[c26939f8-4d1f-4fb1-95c4-1aa8f7e5d3f6:c2216, c5393538-959b-47cf-9d9c-19dac7bed4ee:c2212, a2e6e0ff-38a8-4bcf-9958-a89ff312531d:c2212]
2019-07-15 13:06:55,195 INFO  client.GrpcClientProtocolClient (GrpcClientProtocolClient.java:onNext(255)) - client-B30EC828C355->c26939f8-4d1f-4fb1-95c4-1aa8f7e5d3f6: receive RaftClientReply:client-B30EC828C355->c26939f8-4d1f-4fb1-95c4-1aa8f7e5d3f6@group-D25BE8053FEA, cid=1545, SUCCESS, logIndex=2216, commits[c26939f8-4d1f-4fb1-95c4-1aa8f7e5d3f6:c2216, c5393538-959b-47cf-9d9c-19dac7bed4ee:c2212, a2e6e0ff-38a8-4bcf-9958-a89ff312531d:c2212]
2019-07-15 13:06:55,208 INFO  client.GrpcClientProtocolClient (GrpcClientProtocolClient.java:onNext(255)) - client-B30EC828C355->c26939f8-4d1f-4fb1-95c4-1aa8f7e5d3f6: receive RaftClientReply:client-B30EC828C355->c26939f8-4d1f-4fb1-95c4-1aa8f7e5d3f6@group-D25BE8053FEA, cid=1546, SUCCESS, logIndex=0, commits[c26939f8-4d1f-4fb1-95c4-1aa8f7e5d3f6:c2218, c5393538-959b-47cf-9d9c-19dac7bed4ee:c2216, a2e6e0ff-38a8-4bcf-9958-a89ff312531d:c2216]
2019-07-15 13:06:55,240 INFO  client.GrpcClientProtocolClient (GrpcClientProtocolClient.java:onNext(255)) - client-B30EC828C355->c26939f8-4d1f-4fb1-95c4-1aa8f7e5d3f6: receive RaftClientReply:client-B30EC828C355->c26939f8-4d1f-4fb1-95c4-1aa8f7e5d3f6@group-D25BE8053FEA, cid=1547, SUCCESS, logIndex=2219, commits[c26939f8-4d1f-4fb1-95c4-1aa8f7e5d3f6:c2220, c5393538-959b-47cf-9d9c-19dac7bed4ee:c2218, a2e6e0ff-38a8-4bcf-9958-a89ff312531d:c2218]
2019-07-15 13:06:55,241 INFO  client.GrpcClientProtocolClient (GrpcClientProtocolClient.java:onNext(255)) - client-B30EC828C355->c26939f8-4d1f-4fb1-95c4-1aa8f7e5d3f6: receive RaftClientReply:client-B30EC828C355->c26939f8-4d1f-4fb1-95c4-1aa8f7e5d3f6@group-D25BE8053FEA, cid=1548, SUCCESS, logIndex=2220, commits[c26939f8-4d1f-4fb1-95c4-1aa8f7e5d3f6:c2222, c5393538-959b-47cf-9d9c-19dac7bed4ee:c2218, a2e6e0ff-38a8-4bcf-9958-a89ff312531d:c2218]
2019-07-15 13:06:55,241 INFO  client.GrpcClientProtocolClient (GrpcClientProtocolClient.java:onNext(255)) - client-B30EC828C355->c26939f8-4d1f-4fb1-95c4-1aa8f7e5d3f6: receive RaftClientReply:client-B30EC828C355->c26939f8-4d1f-4fb1-95c4-1aa8f7e5d3f6@group-D25BE8053FEA, cid=1549, SUCCESS, logIndex=2221, commits[c26939f8-4d1f-4fb1-95c4-1aa8f7e5d3f6:c2222, c5393538-959b-47cf-9d9c-19dac7bed4ee:c2218, a2e6e0ff-38a8-4bcf-9958-a89ff312531d:c2218]
2019-07-15 13:06:55,241 INFO  client.GrpcClientProtocolClient (GrpcClientProtocolClient.java:onNext(255)) - client-B30EC828C355->c26939f8-4d1f-4fb1-95c4-1aa8f7e5d3f6: receive RaftClientReply:client-B30EC828C355->c26939f8-4d1f-4fb1-95c4-1aa8f7e5d3f6@group-D25BE8053FEA, cid=1550, SUCCESS, logIndex=2222, commits[c26939f8-4d1f-4fb1-95c4-1aa8f7e5d3f6:c2222, c5393538-959b-47cf-9d9c-19dac7bed4ee:c2218, a2e6e0ff-38a8-4bcf-9958-a89ff312531d:c2218]
2019-07-15 13:06:55,243 INFO  client.GrpcClientProtocolClient (GrpcClientProtocolClient.java:onNext(255)) - client-B30EC828C355->c26939f8-4d1f-4fb1-95c4-1aa8f7e5d3f6: receive RaftClientReply:client-B30EC828C355->c26939f8-4d1f-4fb1-95c4-1aa8f7e5d3f6@group-D25BE8053FEA, cid=1551, SUCCESS, logIndex=0, commits[c26939f8-4d1f-4fb1-95c4-1aa8f7e5d3f6:c2224, c5393538-959b-47cf-9d9c-19dac7bed4ee:c2220, a2e6e0ff-38a8-4bcf-9958-a89ff312531d:c2220]
2019-07-15 13:06:55,265 INFO  client.GrpcClientProtocolClient (GrpcClientProtocolClient.java:onNext(255)) - client-B30EC828C355->c26939f8-4d1f-4fb1-95c4-1aa8f7e5d3f6: receive RaftClientReply:client-B30EC828C355->c26939f8-4d1f-4fb1-95c4-1aa8f7e5d3f6@group-D25BE8053FEA, cid=1552, SUCCESS, logIndex=2227, commits[c26939f8-4d1f-4fb1-95c4-1aa8f7e5d3f6:c2228, c5393538-959b-47cf-9d9c-19dac7bed4ee:c2226, a2e6e0ff-38a8-4bcf-9958-a89ff312531d:c2226]
2019-07-15 13:06:55,265 INFO  client.GrpcClientProtocolClient (GrpcClientProtocolClient.java:onNext(255)) - client-B30EC828C355->c26939f8-4d1f-4fb1-95c4-1aa8f7e5d3f6: receive RaftClientReply:client-B30EC828C355->c26939f8-4d1f-4fb1-95c4-1aa8f7e5d3f6@group-D25BE8053FEA, cid=1553, SUCCESS, logIndex=2228, commits[c26939f8-4d1f-4fb1-95c4-1aa8f7e5d3f6:c2228, c5393538-959b-47cf-9d9c-19dac7bed4ee:c2226, a2e6e0ff-38a8-4bcf-9958-a89ff312531d:c2226]
2019-07-15 13:06:55,279 INFO  client.GrpcClientProtocolClient (GrpcClientProtocolClient.java:onNext(255)) - client-B30EC828C355->c26939f8-4d1f-4fb1-95c4-1aa8f7e5d3f6: receive RaftClientReply:client-B30EC828C355->c26939f8-4d1f-4fb1-95c4-1aa8f7e5d3f6@group-D25BE8053FEA, cid=1554, SUCCESS, logIndex=2231, commits[c26939f8-4d1f-4fb1-95c4-1aa8f7e5d3f6:c2232, c5393538-959b-47cf-9d9c-19dac7bed4ee:c2228, a2e6e0ff-38a8-4bcf-9958-a89ff312531d:c2228]
2019-07-15 13:06:55,279 INFO  client.GrpcClientProtocolClient (GrpcClientProtocolClient.java:onNext(255)) - client-B30EC828C355->c26939f8-4d1f-4fb1-95c4-1aa8f7e5d3f6: receive RaftClientReply:client-B30EC828C355->c26939f8-4d1f-4fb1-95c4-1aa8f7e5d3f6@group-D25BE8053FEA, cid=1555, SUCCESS, logIndex=2232, commits[c26939f8-4d1f-4fb1-95c4-1aa8f7e5d3f6:c2232, c5393538-959b-47cf-9d9c-19dac7bed4ee:c2228, a2e6e0ff-38a8-4bcf-9958-a89ff312531d:c2228]
2019-07-15 13:06:55,292 INFO  client.GrpcClientProtocolClient (GrpcClientProtocolClient.java:onNext(255)) - client-B30EC828C355->c26939f8-4d1f-4fb1-95c4-1aa8f7e5d3f6: receive RaftClientReply:client-B30EC828C355->c26939f8-4d1f-4fb1-95c4-1aa8f7e5d3f6@group-D25BE8053FEA, cid=1556, SUCCESS, logIndex=0, commits[c26939f8-4d1f-4fb1-95c4-1aa8f7e5d3f6:c2234, c5393538-959b-47cf-9d9c-19dac7bed4ee:c2232, a2e6e0ff-38a8-4bcf-9958-a89ff312531d:c2232]
2019-07-15 13:06:55,328 INFO  client.GrpcClientProtocolClient (GrpcClientProtocolClient.java:onNext(255)) - client-B30EC828C355->c26939f8-4d1f-4fb1-95c4-1aa8f7e5d3f6: receive RaftClientReply:client-B30EC828C355->c26939f8-4d1f-4fb1-95c4-1aa8f7e5d3f6@group-D25BE8053FEA, cid=1557, SUCCESS, logIndex=2235, commits[c26939f8-4d1f-4fb1-95c4-1aa8f7e5d3f6:c2238, c5393538-959b-47cf-9d9c-19dac7bed4ee:c2234, a2e6e0ff-38a8-4bcf-9958-a89ff312531d:c2234]
2019-07-15 13:06:55,329 INFO  client.GrpcClientProtocolClient (GrpcClientProtocolClient.java:onNext(255)) - client-B30EC828C355->c26939f8-4d1f-4fb1-95c4-1aa8f7e5d3f6: receive RaftClientReply:client-B30EC828C355->c26939f8-4d1f-4fb1-95c4-1aa8f7e5d3f6@group-D25BE8053FEA, cid=1558, SUCCESS, logIndex=2236, commits[c26939f8-4d1f-4fb1-95c4-1aa8f7e5d3f6:c2238, c5393538-959b-47cf-9d9c-19dac7bed4ee:c2234, a2e6e0ff-38a8-4bcf-9958-a89ff312531d:c2234]
2019-07-15 13:06:55,329 INFO  client.GrpcClientProtocolClient (GrpcClientProtocolClient.java:onNext(255)) - client-B30EC828C355->c26939f8-4d1f-4fb1-95c4-1aa8f7e5d3f6: receive RaftClientReply:client-B30EC828C355->c26939f8-4d1f-4fb1-95c4-1aa8f7e5d3f6@group-D25BE8053FEA, cid=1559, SUCCESS, logIndex=2237, commits[c26939f8-4d1f-4fb1-95c4-1aa8f7e5d3f6:c2238, c5393538-959b-47cf-9d9c-19dac7bed4ee:c2234, a2e6e0ff-38a8-4bcf-9958-a89ff312531d:c2234]
2019-07-15 13:06:55,329 INFO  client.GrpcClientProtocolClient (GrpcClientProtocolClient.java:onNext(255)) - client-B30EC828C355->c26939f8-4d1f-4fb1-95c4-1aa8f7e5d3f6: receive RaftClientReply:client-B30EC828C355->c26939f8-4d1f-4fb1-95c4-1aa8f7e5d3f6@group-D25BE8053FEA, cid=1560, SUCCESS, logIndex=2238, commits[c26939f8-4d1f-4fb1-95c4-1aa8f7e5d3f6:c2239, c5393538-959b-47cf-9d9c-19dac7bed4ee:c2235, a2e6e0ff-38a8-4bcf-9958-a89ff312531d:c2236]
2019-07-15 13:06:55,331 INFO  client.GrpcClientProtocolClient (GrpcClientProtocolClient.java:onNext(255)) - client-B30EC828C355->c26939f8-4d1f-4fb1-95c4-1aa8f7e5d3f6: receive RaftClientReply:client-B30EC828C355->c26939f8-4d1f-4fb1-95c4-1aa8f7e5d3f6@group-D25BE8053FEA, cid=1561, SUCCESS, logIndex=0, commits[c26939f8-4d1f-4fb1-95c4-1aa8f7e5d3f6:c2242, c5393538-959b-47cf-9d9c-19dac7bed4ee:c2238, a2e6e0ff-38a8-4bcf-9958-a89ff312531d:c2238]
2019-07-15 13:06:55,351 INFO  client.GrpcClientProtocolClient (GrpcClientProtocolClient.java:onNext(255)) - client-B30EC828C355->c26939f8-4d1f-4fb1-95c4-1aa8f7e5d3f6: receive RaftClientReply:client-B30EC828C355->c26939f8-4d1f-4fb1-95c4-1aa8f7e5d3f6@group-D25BE8053FEA, cid=1562, SUCCESS, logIndex=2243, commits[c26939f8-4d1f-4fb1-95c4-1aa8f7e5d3f6:c2244, c5393538-959b-47cf-9d9c-19dac7bed4ee:c2242, a2e6e0ff-38a8-4bcf-9958-a89ff312531d:c2242]
2019-07-15 13:06:55,351 INFO  client.GrpcClientProtocolClient (GrpcClientProtocolClient.java:onNext(255)) - client-B30EC828C355->c26939f8-4d1f-4fb1-95c4-1aa8f7e5d3f6: receive RaftClientReply:client-B30EC828C355->c26939f8-4d1f-4fb1-95c4-1aa8f7e5d3f6@group-D25BE8053FEA, cid=1563, SUCCESS, logIndex=2244, commits[c26939f8-4d1f-4fb1-95c4-1aa8f7e5d3f6:c2244, c5393538-959b-47cf-9d9c-19dac7bed4ee:c2242, a2e6e0ff-38a8-4bcf-9958-a89ff312531d:c2242]
2019-07-15 13:06:55,364 INFO  client.GrpcClientProtocolClient (GrpcClientProtocolClient.java:onNext(255)) - client-B30EC828C355->c26939f8-4d1f-4fb1-95c4-1aa8f7e5d3f6: receive RaftClientReply:client-B30EC828C355->c26939f8-4d1f-4fb1-95c4-1aa8f7e5d3f6@group-D25BE8053FEA, cid=1564, SUCCESS, logIndex=2247, commits[c26939f8-4d1f-4fb1-95c4-1aa8f7e5d3f6:c2248, c5393538-959b-47cf-9d9c-19dac7bed4ee:c2244, a2e6e0ff-38a8-4bcf-9958-a89ff312531d:c2244]
2019-07-15 13:06:55,365 INFO  client.GrpcClientProtocolClient (GrpcClientProtocolClient.java:onNext(255)) - client-B30EC828C355->c26939f8-4d1f-4fb1-95c4-1aa8f7e5d3f6: receive RaftClientReply:client-B30EC828C355->c26939f8-4d1f-4fb1-95c4-1aa8f7e5d3f6@group-D25BE8053FEA, cid=1565, SUCCESS, logIndex=2248, commits[c26939f8-4d1f-4fb1-95c4-1aa8f7e5d3f6:c2248, c5393538-959b-47cf-9d9c-19dac7bed4ee:c2244, a2e6e0ff-38a8-4bcf-9958-a89ff312531d:c2244]
2019-07-15 13:06:55,378 INFO  client.GrpcClientProtocolClient (GrpcClientProtocolClient.java:onNext(255)) - client-B30EC828C355->c26939f8-4d1f-4fb1-95c4-1aa8f7e5d3f6: receive RaftClientReply:client-B30EC828C355->c26939f8-4d1f-4fb1-95c4-1aa8f7e5d3f6@group-D25BE8053FEA, cid=1566, SUCCESS, logIndex=0, commits[c26939f8-4d1f-4fb1-95c4-1aa8f7e5d3f6:c2250, c5393538-959b-47cf-9d9c-19dac7bed4ee:c2248, a2e6e0ff-38a8-4bcf-9958-a89ff312531d:c2248]
2019-07-15 13:06:55,410 INFO  client.GrpcClientProtocolClient (GrpcClientProtocolClient.java:onNext(255)) - client-B30EC828C355->c26939f8-4d1f-4fb1-95c4-1aa8f7e5d3f6: receive RaftClientReply:client-B30EC828C355->c26939f8-4d1f-4fb1-95c4-1aa8f7e5d3f6@group-D25BE8053FEA, cid=1567, SUCCESS, logIndex=2251, commits[c26939f8-4d1f-4fb1-95c4-1aa8f7e5d3f6:c2252, c5393538-959b-47cf-9d9c-19dac7bed4ee:c2250, a2e6e0ff-38a8-4bcf-9958-a89ff312531d:c2250]
2019-07-15 13:06:55,410 INFO  client.GrpcClientProtocolClient (GrpcClientProtocolClient.java:onNext(255)) - client-B30EC828C355->c26939f8-4d1f-4fb1-95c4-1aa8f7e5d3f6: receive RaftClientReply:client-B30EC828C355->c26939f8-4d1f-4fb1-95c4-1aa8f7e5d3f6@group-D25BE8053FEA, cid=1568, SUCCESS, logIndex=2252, commits[c26939f8-4d1f-4fb1-95c4-1aa8f7e5d3f6:c2254, c5393538-959b-47cf-9d9c-19dac7bed4ee:c2250, a2e6e0ff-38a8-4bcf-9958-a89ff312531d:c2250]
2019-07-15 13:06:55,411 INFO  client.GrpcClientProtocolClient (GrpcClientProtocolClient.java:onNext(255)) - client-B30EC828C355->c26939f8-4d1f-4fb1-95c4-1aa8f7e5d3f6: receive RaftClientReply:client-B30EC828C355->c26939f8-4d1f-4fb1-95c4-1aa8f7e5d3f6@group-D25BE8053FEA, cid=1569, SUCCESS, logIndex=2253, commits[c26939f8-4d1f-4fb1-95c4-1aa8f7e5d3f6:c2254, c5393538-959b-47cf-9d9c-19dac7bed4ee:c2250, a2e6e0ff-38a8-4bcf-9958-a89ff312531d:c2250]
2019-07-15 13:06:55,411 INFO  client.GrpcClientProtocolClient (GrpcClientProtocolClient.java:onNext(255)) - client-B30EC828C355->c26939f8-4d1f-4fb1-95c4-1aa8f7e5d3f6: receive RaftClientReply:client-B30EC828C355->c26939f8-4d1f-4fb1-95c4-1aa8f7e5d3f6@group-D25BE8053FEA, cid=1570, SUCCESS, logIndex=2254, commits[c26939f8-4d1f-4fb1-95c4-1aa8f7e5d3f6:c2254, c5393538-959b-47cf-9d9c-19dac7bed4ee:c2250, a2e6e0ff-38a8-4bcf-9958-a89ff312531d:c2250]
2019-07-15 13:06:55,412 INFO  client.GrpcClientProtocolClient (GrpcClientProtocolClient.java:onNext(255)) - client-B30EC828C355->c26939f8-4d1f-4fb1-95c4-1aa8f7e5d3f6: receive RaftClientReply:client-B30EC828C355->c26939f8-4d1f-4fb1-95c4-1aa8f7e5d3f6@group-D25BE8053FEA, cid=1571, SUCCESS, logIndex=0, commits[c26939f8-4d1f-4fb1-95c4-1aa8f7e5d3f6:c2257, c5393538-959b-47cf-9d9c-19dac7bed4ee:c2254, a2e6e0ff-38a8-4bcf-9958-a89ff312531d:c2252]
2019-07-15 13:06:55,432 INFO  client.GrpcClientProtocolClient (GrpcClientProtocolClient.java:onNext(255)) - client-B30EC828C355->c26939f8-4d1f-4fb1-95c4-1aa8f7e5d3f6: receive RaftClientReply:client-B30EC828C355->c26939f8-4d1f-4fb1-95c4-1aa8f7e5d3f6@group-D25BE8053FEA, cid=1572, SUCCESS, logIndex=2258, commits[c26939f8-4d1f-4fb1-95c4-1aa8f7e5d3f6:c2259, c5393538-959b-47cf-9d9c-19dac7bed4ee:c2257, a2e6e0ff-38a8-4bcf-9958-a89ff312531d:c2257]
2019-07-15 13:06:55,432 INFO  client.GrpcClientProtocolClient (GrpcClientProtocolClient.java:onNext(255)) - client-B30EC828C355->c26939f8-4d1f-4fb1-95c4-1aa8f7e5d3f6: receive RaftClientReply:client-B30EC828C355->c26939f8-4d1f-4fb1-95c4-1aa8f7e5d3f6@group-D25BE8053FEA, cid=1573, SUCCESS, logIndex=2259, commits[c26939f8-4d1f-4fb1-95c4-1aa8f7e5d3f6:c2259, c5393538-959b-47cf-9d9c-19dac7bed4ee:c2257, a2e6e0ff-38a8-4bcf-9958-a89ff312531d:c2257]
2019-07-15 13:06:55,445 INFO  client.GrpcClientProtocolClient (GrpcClientProtocolClient.java:onNext(255)) - client-B30EC828C355->c26939f8-4d1f-4fb1-95c4-1aa8f7e5d3f6: receive RaftClientReply:client-B30EC828C355->c26939f8-4d1f-4fb1-95c4-1aa8f7e5d3f6@group-D25BE8053FEA, cid=1574, SUCCESS, logIndex=2262, commits[c26939f8-4d1f-4fb1-95c4-1aa8f7e5d3f6:c2262, c5393538-959b-47cf-9d9c-19dac7bed4ee:c2259, a2e6e0ff-38a8-4bcf-9958-a89ff312531d:c2259]
2019-07-15 13:06:55,446 INFO  client.GrpcClientProtocolClient (GrpcClientProtocolClient.java:onNext(255)) - client-B30EC828C355->c26939f8-4d1f-4fb1-95c4-1aa8f7e5d3f6: receive RaftClientReply:client-B30EC828C355->c26939f8-4d1f-4fb1-95c4-1aa8f7e5d3f6@group-D25BE8053FEA, cid=1575, SUCCESS, logIndex=2263, commits[c26939f8-4d1f-4fb1-95c4-1aa8f7e5d3f6:c2263, c5393538-959b-47cf-9d9c-19dac7bed4ee:c2259, a2e6e0ff-38a8-4bcf-9958-a89ff312531d:c2259]
2019-07-15 13:06:55,458 INFO  client.GrpcClientProtocolClient (GrpcClientProtocolClient.java:onNext(255)) - client-B30EC828C355->c26939f8-4d1f-4fb1-95c4-1aa8f7e5d3f6: receive RaftClientReply:client-B30EC828C355->c26939f8-4d1f-4fb1-95c4-1aa8f7e5d3f6@group-D25BE8053FEA, cid=1576, SUCCESS, logIndex=0, commits[c26939f8-4d1f-4fb1-95c4-1aa8f7e5d3f6:c2264, c5393538-959b-47cf-9d9c-19dac7bed4ee:c2263, a2e6e0ff-38a8-4bcf-9958-a89ff312531d:c2263]
2019-07-15 13:06:55,490 INFO  client.GrpcClientProtocolClient (GrpcClientProtocolClient.java:onNext(255)) - client-B30EC828C355->c26939f8-4d1f-4fb1-95c4-1aa8f7e5d3f6: receive RaftClientReply:client-B30EC828C355->c26939f8-4d1f-4fb1-95c4-1aa8f7e5d3f6@group-D25BE8053FEA, cid=1577, SUCCESS, logIndex=2266, commits[c26939f8-4d1f-4fb1-95c4-1aa8f7e5d3f6:c2267, c5393538-959b-47cf-9d9c-19dac7bed4ee:c2265, a2e6e0ff-38a8-4bcf-9958-a89ff312531d:c2265]
2019-07-15 13:06:55,490 INFO  client.GrpcClientProtocolClient (GrpcClientProtocolClient.java:onNext(255)) - client-B30EC828C355->c26939f8-4d1f-4fb1-95c4-1aa8f7e5d3f6: receive RaftClientReply:client-B30EC828C355->c26939f8-4d1f-4fb1-95c4-1aa8f7e5d3f6@group-D25BE8053FEA, cid=1578, SUCCESS, logIndex=2267, commits[c26939f8-4d1f-4fb1-95c4-1aa8f7e5d3f6:c2269, c5393538-959b-47cf-9d9c-19dac7bed4ee:c2265, a2e6e0ff-38a8-4bcf-9958-a89ff312531d:c2265]
2019-07-15 13:06:55,490 INFO  client.GrpcClientProtocolClient (GrpcClientProtocolClient.java:onNext(255)) - client-B30EC828C355->c26939f8-4d1f-4fb1-95c4-1aa8f7e5d3f6: receive RaftClientReply:client-B30EC828C355->c26939f8-4d1f-4fb1-95c4-1aa8f7e5d3f6@group-D25BE8053FEA, cid=1579, SUCCESS, logIndex=2268, commits[c26939f8-4d1f-4fb1-95c4-1aa8f7e5d3f6:c2269, c5393538-959b-47cf-9d9c-19dac7bed4ee:c2265, a2e6e0ff-38a8-4bcf-9958-a89ff312531d:c2265]
2019-07-15 13:06:55,491 INFO  client.GrpcClientProtocolClient (GrpcClientProtocolClient.java:onNext(255)) - client-B30EC828C355->c26939f8-4d1f-4fb1-95c4-1aa8f7e5d3f6: receive RaftClientReply:client-B30EC828C355->c26939f8-4d1f-4fb1-95c4-1aa8f7e5d3f6@group-D25BE8053FEA, cid=1580, SUCCESS, logIndex=2269, commits[c26939f8-4d1f-4fb1-95c4-1aa8f7e5d3f6:c2269, c5393538-959b-47cf-9d9c-19dac7bed4ee:c2265, a2e6e0ff-38a8-4bcf-9958-a89ff312531d:c2265]
2019-07-15 13:06:55,492 INFO  client.GrpcClientProtocolClient (GrpcClientProtocolClient.java:onNext(255)) - client-B30EC828C355->c26939f8-4d1f-4fb1-95c4-1aa8f7e5d3f6: receive RaftClientReply:client-B30EC828C355->c26939f8-4d1f-4fb1-95c4-1aa8f7e5d3f6@group-D25BE8053FEA, cid=1581, SUCCESS, logIndex=0, commits[c26939f8-4d1f-4fb1-95c4-1aa8f7e5d3f6:c2270, c5393538-959b-47cf-9d9c-19dac7bed4ee:c2267, a2e6e0ff-38a8-4bcf-9958-a89ff312531d:c2267]
2019-07-15 13:06:55,512 INFO  client.GrpcClientProtocolClient (GrpcClientProtocolClient.java:onNext(255)) - client-B30EC828C355->c26939f8-4d1f-4fb1-95c4-1aa8f7e5d3f6: receive RaftClientReply:client-B30EC828C355->c26939f8-4d1f-4fb1-95c4-1aa8f7e5d3f6@group-D25BE8053FEA, cid=1582, SUCCESS, logIndex=2273, commits[c26939f8-4d1f-4fb1-95c4-1aa8f7e5d3f6:c2274, c5393538-959b-47cf-9d9c-19dac7bed4ee:c2272, a2e6e0ff-38a8-4bcf-9958-a89ff312531d:c2272]
2019-07-15 13:06:55,512 INFO  client.GrpcClientProtocolClient (GrpcClientProtocolClient.java:onNext(255)) - client-B30EC828C355->c26939f8-4d1f-4fb1-95c4-1aa8f7e5d3f6: receive RaftClientReply:client-B30EC828C355->c26939f8-4d1f-4fb1-95c4-1aa8f7e5d3f6@group-D25BE8053FEA, cid=1583, SUCCESS, logIndex=2274, commits[c26939f8-4d1f-4fb1-95c4-1aa8f7e5d3f6:c2274, c5393538-959b-47cf-9d9c-19dac7bed4ee:c2272, a2e6e0ff-38a8-4bcf-9958-a89ff312531d:c2272]
2019-07-15 13:06:55,525 INFO  client.GrpcClientProtocolClient (GrpcClientProtocolClient.java:onNext(255)) - client-B30EC828C355->c26939f8-4d1f-4fb1-95c4-1aa8f7e5d3f6: receive RaftClientReply:client-B30EC828C355->c26939f8-4d1f-4fb1-95c4-1aa8f7e5d3f6@group-D25BE8053FEA, cid=1584, SUCCESS, logIndex=2277, commits[c26939f8-4d1f-4fb1-95c4-1aa8f7e5d3f6:c2277, c5393538-959b-47cf-9d9c-19dac7bed4ee:c2274, a2e6e0ff-38a8-4bcf-9958-a89ff312531d:c2274]
2019-07-15 13:06:55,526 INFO  client.GrpcClientProtocolClient (GrpcClientProtocolClient.java:onNext(255)) - client-B30EC828C355->c26939f8-4d1f-4fb1-95c4-1aa8f7e5d3f6: receive RaftClientReply:client-B30EC828C355->c26939f8-4d1f-4fb1-95c4-1aa8f7e5d3f6@group-D25BE8053FEA, cid=1585, SUCCESS, logIndex=2278, commits[c26939f8-4d1f-4fb1-95c4-1aa8f7e5d3f6:c2278, c5393538-959b-47cf-9d9c-19dac7bed4ee:c2274, a2e6e0ff-38a8-4bcf-9958-a89ff312531d:c2274]
2019-07-15 13:06:55,539 INFO  client.GrpcClientProtocolClient (GrpcClientProtocolClient.java:onNext(255)) - client-B30EC828C355->c26939f8-4d1f-4fb1-95c4-1aa8f7e5d3f6: receive RaftClientReply:client-B30EC828C355->c26939f8-4d1f-4fb1-95c4-1aa8f7e5d3f6@group-D25BE8053FEA, cid=1586, SUCCESS, logIndex=0, commits[c26939f8-4d1f-4fb1-95c4-1aa8f7e5d3f6:c2280, c5393538-959b-47cf-9d9c-19dac7bed4ee:c2278, a2e6e0ff-38a8-4bcf-9958-a89ff312531d:c2278]
2019-07-15 13:06:55,568 INFO  client.GrpcClientProtocolClient (GrpcClientProtocolClient.java:onNext(255)) - client-B30EC828C355->c26939f8-4d1f-4fb1-95c4-1aa8f7e5d3f6: receive RaftClientReply:client-B30EC828C355->c26939f8-4d1f-4fb1-95c4-1aa8f7e5d3f6@group-D25BE8053FEA, cid=1587, SUCCESS, logIndex=2281, commits[c26939f8-4d1f-4fb1-95c4-1aa8f7e5d3f6:c2283, c5393538-959b-47cf-9d9c-19dac7bed4ee:c2280, a2e6e0ff-38a8-4bcf-9958-a89ff312531d:c2280]
2019-07-15 13:06:55,569 INFO  client.GrpcClientProtocolClient (GrpcClientProtocolClient.java:onNext(255)) - client-B30EC828C355->c26939f8-4d1f-4fb1-95c4-1aa8f7e5d3f6: receive RaftClientReply:client-B30EC828C355->c26939f8-4d1f-4fb1-95c4-1aa8f7e5d3f6@group-D25BE8053FEA, cid=1588, SUCCESS, logIndex=2282, commits[c26939f8-4d1f-4fb1-95c4-1aa8f7e5d3f6:c2284, c5393538-959b-47cf-9d9c-19dac7bed4ee:c2280, a2e6e0ff-38a8-4bcf-9958-a89ff312531d:c2280]
2019-07-15 13:06:55,569 INFO  client.GrpcClientProtocolClient (GrpcClientProtocolClient.java:onNext(255)) - client-B30EC828C355->c26939f8-4d1f-4fb1-95c4-1aa8f7e5d3f6: receive RaftClientReply:client-B30EC828C355->c26939f8-4d1f-4fb1-95c4-1aa8f7e5d3f6@group-D25BE8053FEA, cid=1589, SUCCESS, logIndex=2283, commits[c26939f8-4d1f-4fb1-95c4-1aa8f7e5d3f6:c2284, c5393538-959b-47cf-9d9c-19dac7bed4ee:c2280, a2e6e0ff-38a8-4bcf-9958-a89ff312531d:c2280]
2019-07-15 13:06:55,570 INFO  client.GrpcClientProtocolClient (GrpcClientProtocolClient.java:onNext(255)) - client-B30EC828C355->c26939f8-4d1f-4fb1-95c4-1aa8f7e5d3f6: receive RaftClientReply:client-B30EC828C355->c26939f8-4d1f-4fb1-95c4-1aa8f7e5d3f6@group-D25BE8053FEA, cid=1590, SUCCESS, logIndex=2284, commits[c26939f8-4d1f-4fb1-95c4-1aa8f7e5d3f6:c2284, c5393538-959b-47cf-9d9c-19dac7bed4ee:c2280, a2e6e0ff-38a8-4bcf-9958-a89ff312531d:c2280]
2019-07-15 13:06:55,571 INFO  client.GrpcClientProtocolClient (GrpcClientProtocolClient.java:onNext(255)) - client-B30EC828C355->c26939f8-4d1f-4fb1-95c4-1aa8f7e5d3f6: receive RaftClientReply:client-B30EC828C355->c26939f8-4d1f-4fb1-95c4-1aa8f7e5d3f6@group-D25BE8053FEA, cid=1591, SUCCESS, logIndex=0, commits[c26939f8-4d1f-4fb1-95c4-1aa8f7e5d3f6:c2286, c5393538-959b-47cf-9d9c-19dac7bed4ee:c2282, a2e6e0ff-38a8-4bcf-9958-a89ff312531d:c2282]
2019-07-15 13:06:55,591 INFO  client.GrpcClientProtocolClient (GrpcClientProtocolClient.java:onNext(255)) - client-B30EC828C355->c26939f8-4d1f-4fb1-95c4-1aa8f7e5d3f6: receive RaftClientReply:client-B30EC828C355->c26939f8-4d1f-4fb1-95c4-1aa8f7e5d3f6@group-D25BE8053FEA, cid=1592, SUCCESS, logIndex=2289, commits[c26939f8-4d1f-4fb1-95c4-1aa8f7e5d3f6:c2290, c5393538-959b-47cf-9d9c-19dac7bed4ee:c2288, a2e6e0ff-38a8-4bcf-9958-a89ff312531d:c2288]
2019-07-15 13:06:55,591 INFO  client.GrpcClientProtocolClient (GrpcClientProtocolClient.java:onNext(255)) - client-B30EC828C355->c26939f8-4d1f-4fb1-95c4-1aa8f7e5d3f6: receive RaftClientReply:client-B30EC828C355->c26939f8-4d1f-4fb1-95c4-1aa8f7e5d3f6@group-D25BE8053FEA, cid=1593, SUCCESS, logIndex=2290, commits[c26939f8-4d1f-4fb1-95c4-1aa8f7e5d3f6:c2290, c5393538-959b-47cf-9d9c-19dac7bed4ee:c2288, a2e6e0ff-38a8-4bcf-9958-a89ff312531d:c2288]
2019-07-15 13:06:55,604 INFO  client.GrpcClientProtocolClient (GrpcClientProtocolClient.java:onNext(255)) - client-B30EC828C355->c26939f8-4d1f-4fb1-95c4-1aa8f7e5d3f6: receive RaftClientReply:client-B30EC828C355->c26939f8-4d1f-4fb1-95c4-1aa8f7e5d3f6@group-D25BE8053FEA, cid=1594, SUCCESS, logIndex=2293, commits[c26939f8-4d1f-4fb1-95c4-1aa8f7e5d3f6:c2293, c5393538-959b-47cf-9d9c-19dac7bed4ee:c2290, a2e6e0ff-38a8-4bcf-9958-a89ff312531d:c2290]
2019-07-15 13:06:55,605 INFO  client.GrpcClientProtocolClient (GrpcClientProtocolClient.java:onNext(255)) - client-B30EC828C355->c26939f8-4d1f-4fb1-95c4-1aa8f7e5d3f6: receive RaftClientReply:client-B30EC828C355->c26939f8-4d1f-4fb1-95c4-1aa8f7e5d3f6@group-D25BE8053FEA, cid=1595, SUCCESS, logIndex=2294, commits[c26939f8-4d1f-4fb1-95c4-1aa8f7e5d3f6:c2294, c5393538-959b-47cf-9d9c-19dac7bed4ee:c2290, a2e6e0ff-38a8-4bcf-9958-a89ff312531d:c2290]
2019-07-15 13:06:55,617 INFO  client.GrpcClientProtocolClient (GrpcClientProtocolClient.java:onNext(255)) - client-B30EC828C355->c26939f8-4d1f-4fb1-95c4-1aa8f7e5d3f6: receive RaftClientReply:client-B30EC828C355->c26939f8-4d1f-4fb1-95c4-1aa8f7e5d3f6@group-D25BE8053FEA, cid=1596, SUCCESS, logIndex=0, commits[c26939f8-4d1f-4fb1-95c4-1aa8f7e5d3f6:c2296, c5393538-959b-47cf-9d9c-19dac7bed4ee:c2294, a2e6e0ff-38a8-4bcf-9958-a89ff312531d:c2294]
2019-07-15 13:06:55,645 INFO  client.GrpcClientProtocolClient (GrpcClientProtocolClient.java:onNext(255)) - client-B30EC828C355->c26939f8-4d1f-4fb1-95c4-1aa8f7e5d3f6: receive RaftClientReply:client-B30EC828C355->c26939f8-4d1f-4fb1-95c4-1aa8f7e5d3f6@group-D25BE8053FEA, cid=1597, SUCCESS, logIndex=2297, commits[c26939f8-4d1f-4fb1-95c4-1aa8f7e5d3f6:c2299, c5393538-959b-47cf-9d9c-19dac7bed4ee:c2296, a2e6e0ff-38a8-4bcf-9958-a89ff312531d:c2296]
2019-07-15 13:06:55,646 INFO  client.GrpcClientProtocolClient (GrpcClientProtocolClient.java:onNext(255)) - client-B30EC828C355->c26939f8-4d1f-4fb1-95c4-1aa8f7e5d3f6: receive RaftClientReply:client-B30EC828C355->c26939f8-4d1f-4fb1-95c4-1aa8f7e5d3f6@group-D25BE8053FEA, cid=1598, SUCCESS, logIndex=2298, commits[c26939f8-4d1f-4fb1-95c4-1aa8f7e5d3f6:c2300, c5393538-959b-47cf-9d9c-19dac7bed4ee:c2296, a2e6e0ff-38a8-4bcf-9958-a89ff312531d:c2296]
2019-07-15 13:06:55,646 INFO  client.GrpcClientProtocolClient (GrpcClientProtocolClient.java:onNext(255)) - client-B30EC828C355->c26939f8-4d1f-4fb1-95c4-1aa8f7e5d3f6: receive RaftClientReply:client-B30EC828C355->c26939f8-4d1f-4fb1-95c4-1aa8f7e5d3f6@group-D25BE8053FEA, cid=1599, SUCCESS, logIndex=2299, commits[c26939f8-4d1f-4fb1-95c4-1aa8f7e5d3f6:c2300, c5393538-959b-47cf-9d9c-19dac7bed4ee:c2296, a2e6e0ff-38a8-4bcf-9958-a89ff312531d:c2296]
2019-07-15 13:06:55,646 INFO  client.GrpcClientProtocolClient (GrpcClientProtocolClient.java:onNext(255)) - client-B30EC828C355->c26939f8-4d1f-4fb1-95c4-1aa8f7e5d3f6: receive RaftClientReply:client-B30EC828C355->c26939f8-4d1f-4fb1-95c4-1aa8f7e5d3f6@group-D25BE8053FEA, cid=1600, SUCCESS, logIndex=2300, commits[c26939f8-4d1f-4fb1-95c4-1aa8f7e5d3f6:c2301, c5393538-959b-47cf-9d9c-19dac7bed4ee:c2298, a2e6e0ff-38a8-4bcf-9958-a89ff312531d:c2298]
2019-07-15 13:06:55,666 INFO  client.GrpcClientProtocolClient (GrpcClientProtocolClient.java:onNext(255)) - client-B30EC828C355->c26939f8-4d1f-4fb1-95c4-1aa8f7e5d3f6: receive RaftClientReply:client-B30EC828C355->c26939f8-4d1f-4fb1-95c4-1aa8f7e5d3f6@group-D25BE8053FEA, cid=1601, SUCCESS, logIndex=2305, commits[c26939f8-4d1f-4fb1-95c4-1aa8f7e5d3f6:c2306, c5393538-959b-47cf-9d9c-19dac7bed4ee:c2304, a2e6e0ff-38a8-4bcf-9958-a89ff312531d:c2304]
2019-07-15 13:06:55,667 INFO  client.GrpcClientProtocolClient (GrpcClientProtocolClient.java:onNext(255)) - client-B30EC828C355->c26939f8-4d1f-4fb1-95c4-1aa8f7e5d3f6: receive RaftClientReply:client-B30EC828C355->c26939f8-4d1f-4fb1-95c4-1aa8f7e5d3f6@group-D25BE8053FEA, cid=1602, SUCCESS, logIndex=2306, commits[c26939f8-4d1f-4fb1-95c4-1aa8f7e5d3f6:c2306, c5393538-959b-47cf-9d9c-19dac7bed4ee:c2304, a2e6e0ff-38a8-4bcf-9958-a89ff312531d:c2304]
2019-07-15 13:06:55,680 INFO  client.GrpcClientProtocolClient (GrpcClientProtocolClient.java:onNext(255)) - client-B30EC828C355->c26939f8-4d1f-4fb1-95c4-1aa8f7e5d3f6: receive RaftClientReply:client-B30EC828C355->c26939f8-4d1f-4fb1-95c4-1aa8f7e5d3f6@group-D25BE8053FEA, cid=1603, SUCCESS, logIndex=2309, commits[c26939f8-4d1f-4fb1-95c4-1aa8f7e5d3f6:c2310, c5393538-959b-47cf-9d9c-19dac7bed4ee:c2306, a2e6e0ff-38a8-4bcf-9958-a89ff312531d:c2306]
2019-07-15 13:06:55,680 INFO  client.GrpcClientProtocolClient (GrpcClientProtocolClient.java:onNext(255)) - client-B30EC828C355->c26939f8-4d1f-4fb1-95c4-1aa8f7e5d3f6: receive RaftClientReply:client-B30EC828C355->c26939f8-4d1f-4fb1-95c4-1aa8f7e5d3f6@group-D25BE8053FEA, cid=1604, SUCCESS, logIndex=2310, commits[c26939f8-4d1f-4fb1-95c4-1aa8f7e5d3f6:c2310, c5393538-959b-47cf-9d9c-19dac7bed4ee:c2306, a2e6e0ff-38a8-4bcf-9958-a89ff312531d:c2306]
2019-07-15 13:06:55,692 INFO  client.GrpcClientProtocolClient (GrpcClientProtocolClient.java:onNext(255)) - client-B30EC828C355->c26939f8-4d1f-4fb1-95c4-1aa8f7e5d3f6: receive RaftClientReply:client-B30EC828C355->c26939f8-4d1f-4fb1-95c4-1aa8f7e5d3f6@group-D25BE8053FEA, cid=1605, SUCCESS, logIndex=0, commits[c26939f8-4d1f-4fb1-95c4-1aa8f7e5d3f6:c2312, c5393538-959b-47cf-9d9c-19dac7bed4ee:c2310, a2e6e0ff-38a8-4bcf-9958-a89ff312531d:c2310]
 0.00% |█                                                                                                    |  0/1 Time: 0:00:102019-07-15 13:06:55,828 INFO  client.GrpcClientProtocolClient (GrpcClientProtocolClient.java:onNext(255)) - client-B30EC828C355->c26939f8-4d1f-4fb1-95c4-1aa8f7e5d3f6: receive RaftClientReply:client-B30EC828C355->c26939f8-4d1f-4fb1-95c4-1aa8f7e5d3f6@group-D25BE8053FEA, cid=1606, SUCCESS, logIndex=2313, commits[c26939f8-4d1f-4fb1-95c4-1aa8f7e5d3f6:c2314, c5393538-959b-47cf-9d9c-19dac7bed4ee:c2312, a2e6e0ff-38a8-4bcf-9958-a89ff312531d:c2310]
2019-07-15 13:06:55,829 INFO  client.GrpcClientProtocolClient (GrpcClientProtocolClient.java:onNext(255)) - client-B30EC828C355->c26939f8-4d1f-4fb1-95c4-1aa8f7e5d3f6: receive RaftClientReply:client-B30EC828C355->c26939f8-4d1f-4fb1-95c4-1aa8f7e5d3f6@group-D25BE8053FEA, cid=1607, SUCCESS, logIndex=2314, commits[c26939f8-4d1f-4fb1-95c4-1aa8f7e5d3f6:c2314, c5393538-959b-47cf-9d9c-19dac7bed4ee:c2312, a2e6e0ff-38a8-4bcf-9958-a89ff312531d:c2310]
2019-07-15 13:06:55,832 INFO  client.GrpcClientProtocolClient (GrpcClientProtocolClient.java:onNext(255)) - client-B30EC828C355->c26939f8-4d1f-4fb1-95c4-1aa8f7e5d3f6: receive RaftClientReply:client-B30EC828C355->c26939f8-4d1f-4fb1-95c4-1aa8f7e5d3f6@group-D25BE8053FEA, cid=1608, SUCCESS, logIndex=2315, commits[c26939f8-4d1f-4fb1-95c4-1aa8f7e5d3f6:c2315, c5393538-959b-47cf-9d9c-19dac7bed4ee:c2312, a2e6e0ff-38a8-4bcf-9958-a89ff312531d:c2312]
2019-07-15 13:06:55,832 INFO  client.GrpcClientProtocolClient (GrpcClientProtocolClient.java:onNext(255)) - client-B30EC828C355->c26939f8-4d1f-4fb1-95c4-1aa8f7e5d3f6: receive RaftClientReply:client-B30EC828C355->c26939f8-4d1f-4fb1-95c4-1aa8f7e5d3f6@group-D25BE8053FEA, cid=1609, SUCCESS, logIndex=2316, commits[c26939f8-4d1f-4fb1-95c4-1aa8f7e5d3f6:c2316, c5393538-959b-47cf-9d9c-19dac7bed4ee:c2312, a2e6e0ff-38a8-4bcf-9958-a89ff312531d:c2312]
2019-07-15 13:06:55,834 INFO  client.GrpcClientProtocolClient (GrpcClientProtocolClient.java:onNext(255)) - client-B30EC828C355->c26939f8-4d1f-4fb1-95c4-1aa8f7e5d3f6: receive RaftClientReply:client-B30EC828C355->c26939f8-4d1f-4fb1-95c4-1aa8f7e5d3f6@group-D25BE8053FEA, cid=1610, SUCCESS, logIndex=0, commits[c26939f8-4d1f-4fb1-95c4-1aa8f7e5d3f6:c2318, c5393538-959b-47cf-9d9c-19dac7bed4ee:c2314, a2e6e0ff-38a8-4bcf-9958-a89ff312531d:c2314]
2019-07-15 13:06:55,856 INFO  client.GrpcClientProtocolClient (GrpcClientProtocolClient.java:onNext(255)) - client-B30EC828C355->c26939f8-4d1f-4fb1-95c4-1aa8f7e5d3f6: receive RaftClientReply:client-B30EC828C355->c26939f8-4d1f-4fb1-95c4-1aa8f7e5d3f6@group-D25BE8053FEA, cid=1611, SUCCESS, logIndex=2321, commits[c26939f8-4d1f-4fb1-95c4-1aa8f7e5d3f6:c2322, c5393538-959b-47cf-9d9c-19dac7bed4ee:c2320, a2e6e0ff-38a8-4bcf-9958-a89ff312531d:c2320]
2019-07-15 13:06:55,856 INFO  client.GrpcClientProtocolClient (GrpcClientProtocolClient.java:onNext(255)) - client-B30EC828C355->c26939f8-4d1f-4fb1-95c4-1aa8f7e5d3f6: receive RaftClientReply:client-B30EC828C355->c26939f8-4d1f-4fb1-95c4-1aa8f7e5d3f6@group-D25BE8053FEA, cid=1612, SUCCESS, logIndex=2322, commits[c26939f8-4d1f-4fb1-95c4-1aa8f7e5d3f6:c2322, c5393538-959b-47cf-9d9c-19dac7bed4ee:c2320, a2e6e0ff-38a8-4bcf-9958-a89ff312531d:c2320]
2019-07-15 13:06:55,883 INFO  client.GrpcClientProtocolClient (GrpcClientProtocolClient.java:onNext(255)) - client-B30EC828C355->c26939f8-4d1f-4fb1-95c4-1aa8f7e5d3f6: receive RaftClientReply:client-B30EC828C355->c26939f8-4d1f-4fb1-95c4-1aa8f7e5d3f6@group-D25BE8053FEA, cid=1613, SUCCESS, logIndex=2325, commits[c26939f8-4d1f-4fb1-95c4-1aa8f7e5d3f6:c2325, c5393538-959b-47cf-9d9c-19dac7bed4ee:c2322, a2e6e0ff-38a8-4bcf-9958-a89ff312531d:c2322]
2019-07-15 13:06:55,883 INFO  client.GrpcClientProtocolClient (GrpcClientProtocolClient.java:onNext(255)) - client-B30EC828C355->c26939f8-4d1f-4fb1-95c4-1aa8f7e5d3f6: receive RaftClientReply:client-B30EC828C355->c26939f8-4d1f-4fb1-95c4-1aa8f7e5d3f6@group-D25BE8053FEA, cid=1614, SUCCESS, logIndex=2326, commits[c26939f8-4d1f-4fb1-95c4-1aa8f7e5d3f6:c2326, c5393538-959b-47cf-9d9c-19dac7bed4ee:c2322, a2e6e0ff-38a8-4bcf-9958-a89ff312531d:c2322]
2019-07-15 13:06:55,895 INFO  client.GrpcClientProtocolClient (GrpcClientProtocolClient.java:onNext(255)) - client-B30EC828C355->c26939f8-4d1f-4fb1-95c4-1aa8f7e5d3f6: receive RaftClientReply:client-B30EC828C355->c26939f8-4d1f-4fb1-95c4-1aa8f7e5d3f6@group-D25BE8053FEA, cid=1615, SUCCESS, logIndex=0, commits[c26939f8-4d1f-4fb1-95c4-1aa8f7e5d3f6:c2327, c5393538-959b-47cf-9d9c-19dac7bed4ee:c2326, a2e6e0ff-38a8-4bcf-9958-a89ff312531d:c2326]
2019-07-15 13:06:55,926 INFO  client.GrpcClientProtocolClient (GrpcClientProtocolClient.java:onNext(255)) - client-B30EC828C355->c26939f8-4d1f-4fb1-95c4-1aa8f7e5d3f6: receive RaftClientReply:client-B30EC828C355->c26939f8-4d1f-4fb1-95c4-1aa8f7e5d3f6@group-D25BE8053FEA, cid=1616, SUCCESS, logIndex=2329, commits[c26939f8-4d1f-4fb1-95c4-1aa8f7e5d3f6:c2330, c5393538-959b-47cf-9d9c-19dac7bed4ee:c2328, a2e6e0ff-38a8-4bcf-9958-a89ff312531d:c2328]
2019-07-15 13:06:55,927 INFO  client.GrpcClientProtocolClient (GrpcClientProtocolClient.java:onNext(255)) - client-B30EC828C355->c26939f8-4d1f-4fb1-95c4-1aa8f7e5d3f6: receive RaftClientReply:client-B30EC828C355->c26939f8-4d1f-4fb1-95c4-1aa8f7e5d3f6@group-D25BE8053FEA, cid=1617, SUCCESS, logIndex=2330, commits[c26939f8-4d1f-4fb1-95c4-1aa8f7e5d3f6:c2330, c5393538-959b-47cf-9d9c-19dac7bed4ee:c2328, a2e6e0ff-38a8-4bcf-9958-a89ff312531d:c2328]
2019-07-15 13:06:55,928 INFO  client.GrpcClientProtocolClient (GrpcClientProtocolClient.java:onNext(255)) - client-B30EC828C355->c26939f8-4d1f-4fb1-95c4-1aa8f7e5d3f6: receive RaftClientReply:client-B30EC828C355->c26939f8-4d1f-4fb1-95c4-1aa8f7e5d3f6@group-D25BE8053FEA, cid=1618, SUCCESS, logIndex=2331, commits[c26939f8-4d1f-4fb1-95c4-1aa8f7e5d3f6:c2332, c5393538-959b-47cf-9d9c-19dac7bed4ee:c2328, a2e6e0ff-38a8-4bcf-9958-a89ff312531d:c2328]
2019-07-15 13:06:55,929 INFO  client.GrpcClientProtocolClient (GrpcClientProtocolClient.java:onNext(255)) - client-B30EC828C355->c26939f8-4d1f-4fb1-95c4-1aa8f7e5d3f6: receive RaftClientReply:client-B30EC828C355->c26939f8-4d1f-4fb1-95c4-1aa8f7e5d3f6@group-D25BE8053FEA, cid=1619, SUCCESS, logIndex=2332, commits[c26939f8-4d1f-4fb1-95c4-1aa8f7e5d3f6:c2332, c5393538-959b-47cf-9d9c-19dac7bed4ee:c2328, a2e6e0ff-38a8-4bcf-9958-a89ff312531d:c2328]
2019-07-15 13:06:55,930 INFO  client.GrpcClientProtocolClient (GrpcClientProtocolClient.java:onNext(255)) - client-B30EC828C355->c26939f8-4d1f-4fb1-95c4-1aa8f7e5d3f6: receive RaftClientReply:client-B30EC828C355->c26939f8-4d1f-4fb1-95c4-1aa8f7e5d3f6@group-D25BE8053FEA, cid=1620, SUCCESS, logIndex=0, commits[c26939f8-4d1f-4fb1-95c4-1aa8f7e5d3f6:c2336, c5393538-959b-47cf-9d9c-19dac7bed4ee:c2332, a2e6e0ff-38a8-4bcf-9958-a89ff312531d:c2330]
2019-07-15 13:06:55,953 INFO  client.GrpcClientProtocolClient (GrpcClientProtocolClient.java:onNext(255)) - client-B30EC828C355->c26939f8-4d1f-4fb1-95c4-1aa8f7e5d3f6: receive RaftClientReply:client-B30EC828C355->c26939f8-4d1f-4fb1-95c4-1aa8f7e5d3f6@group-D25BE8053FEA, cid=1621, SUCCESS, logIndex=2337, commits[c26939f8-4d1f-4fb1-95c4-1aa8f7e5d3f6:c2338, c5393538-959b-47cf-9d9c-19dac7bed4ee:c2336, a2e6e0ff-38a8-4bcf-9958-a89ff312531d:c2336]
2019-07-15 13:06:55,954 INFO  client.GrpcClientProtocolClient (GrpcClientProtocolClient.java:onNext(255)) - client-B30EC828C355->c26939f8-4d1f-4fb1-95c4-1aa8f7e5d3f6: receive RaftClientReply:client-B30EC828C355->c26939f8-4d1f-4fb1-95c4-1aa8f7e5d3f6@group-D25BE8053FEA, cid=1622, SUCCESS, logIndex=2338, commits[c26939f8-4d1f-4fb1-95c4-1aa8f7e5d3f6:c2338, c5393538-959b-47cf-9d9c-19dac7bed4ee:c2336, a2e6e0ff-38a8-4bcf-9958-a89ff312531d:c2336]
2019-07-15 13:06:55,983 INFO  client.GrpcClientProtocolClient (GrpcClientProtocolClient.java:onNext(255)) - client-B30EC828C355->c26939f8-4d1f-4fb1-95c4-1aa8f7e5d3f6: receive RaftClientReply:client-B30EC828C355->c26939f8-4d1f-4fb1-95c4-1aa8f7e5d3f6@group-D25BE8053FEA, cid=1623, SUCCESS, logIndex=2340, commits[c26939f8-4d1f-4fb1-95c4-1aa8f7e5d3f6:c2341, c5393538-959b-47cf-9d9c-19dac7bed4ee:c2339, a2e6e0ff-38a8-4bcf-9958-a89ff312531d:c2339]
2019-07-15 13:06:55,984 INFO  client.GrpcClientProtocolClient (GrpcClientProtocolClient.java:onNext(255)) - client-B30EC828C355->c26939f8-4d1f-4fb1-95c4-1aa8f7e5d3f6: receive RaftClientReply:client-B30EC828C355->c26939f8-4d1f-4fb1-95c4-1aa8f7e5d3f6@group-D25BE8053FEA, cid=1624, SUCCESS, logIndex=2341, commits[c26939f8-4d1f-4fb1-95c4-1aa8f7e5d3f6:c2341, c5393538-959b-47cf-9d9c-19dac7bed4ee:c2339, a2e6e0ff-38a8-4bcf-9958-a89ff312531d:c2339]
2019-07-15 13:06:55,998 INFO  client.GrpcClientProtocolClient (GrpcClientProtocolClient.java:onNext(255)) - client-B30EC828C355->c26939f8-4d1f-4fb1-95c4-1aa8f7e5d3f6: receive RaftClientReply:client-B30EC828C355->c26939f8-4d1f-4fb1-95c4-1aa8f7e5d3f6@group-D25BE8053FEA, cid=1625, SUCCESS, logIndex=0, commits[c26939f8-4d1f-4fb1-95c4-1aa8f7e5d3f6:c2342, c5393538-959b-47cf-9d9c-19dac7bed4ee:c2341, a2e6e0ff-38a8-4bcf-9958-a89ff312531d:c2341]
2019-07-15 13:06:56,034 INFO  client.GrpcClientProtocolClient (GrpcClientProtocolClient.java:onNext(255)) - client-B30EC828C355->c26939f8-4d1f-4fb1-95c4-1aa8f7e5d3f6: receive RaftClientReply:client-B30EC828C355->c26939f8-4d1f-4fb1-95c4-1aa8f7e5d3f6@group-D25BE8053FEA, cid=1626, SUCCESS, logIndex=2344, commits[c26939f8-4d1f-4fb1-95c4-1aa8f7e5d3f6:c2345, c5393538-959b-47cf-9d9c-19dac7bed4ee:c2343, a2e6e0ff-38a8-4bcf-9958-a89ff312531d:c2343]
2019-07-15 13:06:56,035 INFO  client.GrpcClientProtocolClient (GrpcClientProtocolClient.java:onNext(255)) - client-B30EC828C355->c26939f8-4d1f-4fb1-95c4-1aa8f7e5d3f6: receive RaftClientReply:client-B30EC828C355->c26939f8-4d1f-4fb1-95c4-1aa8f7e5d3f6@group-D25BE8053FEA, cid=1627, SUCCESS, logIndex=2345, commits[c26939f8-4d1f-4fb1-95c4-1aa8f7e5d3f6:c2347, c5393538-959b-47cf-9d9c-19dac7bed4ee:c2343, a2e6e0ff-38a8-4bcf-9958-a89ff312531d:c2343]
2019-07-15 13:06:56,035 INFO  client.GrpcClientProtocolClient (GrpcClientProtocolClient.java:onNext(255)) - client-B30EC828C355->c26939f8-4d1f-4fb1-95c4-1aa8f7e5d3f6: receive RaftClientReply:client-B30EC828C355->c26939f8-4d1f-4fb1-95c4-1aa8f7e5d3f6@group-D25BE8053FEA, cid=1628, SUCCESS, logIndex=2346, commits[c26939f8-4d1f-4fb1-95c4-1aa8f7e5d3f6:c2347, c5393538-959b-47cf-9d9c-19dac7bed4ee:c2343, a2e6e0ff-38a8-4bcf-9958-a89ff312531d:c2343]
2019-07-15 13:06:56,036 INFO  client.GrpcClientProtocolClient (GrpcClientProtocolClient.java:onNext(255)) - client-B30EC828C355->c26939f8-4d1f-4fb1-95c4-1aa8f7e5d3f6: receive RaftClientReply:client-B30EC828C355->c26939f8-4d1f-4fb1-95c4-1aa8f7e5d3f6@group-D25BE8053FEA, cid=1629, SUCCESS, logIndex=2347, commits[c26939f8-4d1f-4fb1-95c4-1aa8f7e5d3f6:c2347, c5393538-959b-47cf-9d9c-19dac7bed4ee:c2343, a2e6e0ff-38a8-4bcf-9958-a89ff312531d:c2343]
2019-07-15 13:06:56,047 INFO  client.GrpcClientProtocolClient (GrpcClientProtocolClient.java:onNext(255)) - client-B30EC828C355->c26939f8-4d1f-4fb1-95c4-1aa8f7e5d3f6: receive RaftClientReply:client-B30EC828C355->c26939f8-4d1f-4fb1-95c4-1aa8f7e5d3f6@group-D25BE8053FEA, cid=1630, SUCCESS, logIndex=0, commits[c26939f8-4d1f-4fb1-95c4-1aa8f7e5d3f6:c2349, c5393538-959b-47cf-9d9c-19dac7bed4ee:c2345, a2e6e0ff-38a8-4bcf-9958-a89ff312531d:c2345]
2019-07-15 13:06:56,068 INFO  client.GrpcClientProtocolClient (GrpcClientProtocolClient.java:onNext(255)) - client-B30EC828C355->c26939f8-4d1f-4fb1-95c4-1aa8f7e5d3f6: receive RaftClientReply:client-B30EC828C355->c26939f8-4d1f-4fb1-95c4-1aa8f7e5d3f6@group-D25BE8053FEA, cid=1631, SUCCESS, logIndex=2352, commits[c26939f8-4d1f-4fb1-95c4-1aa8f7e5d3f6:c2353, c5393538-959b-47cf-9d9c-19dac7bed4ee:c2351, a2e6e0ff-38a8-4bcf-9958-a89ff312531d:c2351]
2019-07-15 13:06:56,068 INFO  client.GrpcClientProtocolClient (GrpcClientProtocolClient.java:onNext(255)) - client-B30EC828C355->c26939f8-4d1f-4fb1-95c4-1aa8f7e5d3f6: receive RaftClientReply:client-B30EC828C355->c26939f8-4d1f-4fb1-95c4-1aa8f7e5d3f6@group-D25BE8053FEA, cid=1632, SUCCESS, logIndex=2353, commits[c26939f8-4d1f-4fb1-95c4-1aa8f7e5d3f6:c2353, c5393538-959b-47cf-9d9c-19dac7bed4ee:c2351, a2e6e0ff-38a8-4bcf-9958-a89ff312531d:c2351]
2019-07-15 13:06:56,082 INFO  client.GrpcClientProtocolClient (GrpcClientProtocolClient.java:onNext(255)) - client-B30EC828C355->c26939f8-4d1f-4fb1-95c4-1aa8f7e5d3f6: receive RaftClientReply:client-B30EC828C355->c26939f8-4d1f-4fb1-95c4-1aa8f7e5d3f6@group-D25BE8053FEA, cid=1633, SUCCESS, logIndex=2356, commits[c26939f8-4d1f-4fb1-95c4-1aa8f7e5d3f6:c2357, c5393538-959b-47cf-9d9c-19dac7bed4ee:c2353, a2e6e0ff-38a8-4bcf-9958-a89ff312531d:c2353]
2019-07-15 13:06:56,082 INFO  client.GrpcClientProtocolClient (GrpcClientProtocolClient.java:onNext(255)) - client-B30EC828C355->c26939f8-4d1f-4fb1-95c4-1aa8f7e5d3f6: receive RaftClientReply:client-B30EC828C355->c26939f8-4d1f-4fb1-95c4-1aa8f7e5d3f6@group-D25BE8053FEA, cid=1634, SUCCESS, logIndex=2357, commits[c26939f8-4d1f-4fb1-95c4-1aa8f7e5d3f6:c2357, c5393538-959b-47cf-9d9c-19dac7bed4ee:c2353, a2e6e0ff-38a8-4bcf-9958-a89ff312531d:c2353]
2019-07-15 13:06:56,097 INFO  client.GrpcClientProtocolClient (GrpcClientProtocolClient.java:onNext(255)) - client-B30EC828C355->c26939f8-4d1f-4fb1-95c4-1aa8f7e5d3f6: receive RaftClientReply:client-B30EC828C355->c26939f8-4d1f-4fb1-95c4-1aa8f7e5d3f6@group-D25BE8053FEA, cid=1635, SUCCESS, logIndex=0, commits[c26939f8-4d1f-4fb1-95c4-1aa8f7e5d3f6:c2358, c5393538-959b-47cf-9d9c-19dac7bed4ee:c2357, a2e6e0ff-38a8-4bcf-9958-a89ff312531d:c2357]
2019-07-15 13:06:56,133 INFO  client.GrpcClientProtocolClient (GrpcClientProtocolClient.java:onNext(255)) - client-B30EC828C355->c26939f8-4d1f-4fb1-95c4-1aa8f7e5d3f6: receive RaftClientReply:client-B30EC828C355->c26939f8-4d1f-4fb1-95c4-1aa8f7e5d3f6@group-D25BE8053FEA, cid=1636, SUCCESS, logIndex=2360, commits[c26939f8-4d1f-4fb1-95c4-1aa8f7e5d3f6:c2362, c5393538-959b-47cf-9d9c-19dac7bed4ee:c2359, a2e6e0ff-38a8-4bcf-9958-a89ff312531d:c2359]
2019-07-15 13:06:56,133 INFO  client.GrpcClientProtocolClient (GrpcClientProtocolClient.java:onNext(255)) - client-B30EC828C355->c26939f8-4d1f-4fb1-95c4-1aa8f7e5d3f6: receive RaftClientReply:client-B30EC828C355->c26939f8-4d1f-4fb1-95c4-1aa8f7e5d3f6@group-D25BE8053FEA, cid=1637, SUCCESS, logIndex=2361, commits[c26939f8-4d1f-4fb1-95c4-1aa8f7e5d3f6:c2363, c5393538-959b-47cf-9d9c-19dac7bed4ee:c2359, a2e6e0ff-38a8-4bcf-9958-a89ff312531d:c2359]
2019-07-15 13:06:56,134 INFO  client.GrpcClientProtocolClient (GrpcClientProtocolClient.java:onNext(255)) - client-B30EC828C355->c26939f8-4d1f-4fb1-95c4-1aa8f7e5d3f6: receive RaftClientReply:client-B30EC828C355->c26939f8-4d1f-4fb1-95c4-1aa8f7e5d3f6@group-D25BE8053FEA, cid=1638, SUCCESS, logIndex=2362, commits[c26939f8-4d1f-4fb1-95c4-1aa8f7e5d3f6:c2363, c5393538-959b-47cf-9d9c-19dac7bed4ee:c2359, a2e6e0ff-38a8-4bcf-9958-a89ff312531d:c2359]
2019-07-15 13:06:56,134 INFO  client.GrpcClientProtocolClient (GrpcClientProtocolClient.java:onNext(255)) - client-B30EC828C355->c26939f8-4d1f-4fb1-95c4-1aa8f7e5d3f6: receive RaftClientReply:client-B30EC828C355->c26939f8-4d1f-4fb1-95c4-1aa8f7e5d3f6@group-D25BE8053FEA, cid=1639, SUCCESS, logIndex=2363, commits[c26939f8-4d1f-4fb1-95c4-1aa8f7e5d3f6:c2363, c5393538-959b-47cf-9d9c-19dac7bed4ee:c2359, a2e6e0ff-38a8-4bcf-9958-a89ff312531d:c2359]
2019-07-15 13:06:56,146 INFO  client.GrpcClientProtocolClient (GrpcClientProtocolClient.java:onNext(255)) - client-B30EC828C355->c26939f8-4d1f-4fb1-95c4-1aa8f7e5d3f6: receive RaftClientReply:client-B30EC828C355->c26939f8-4d1f-4fb1-95c4-1aa8f7e5d3f6@group-D25BE8053FEA, cid=1640, SUCCESS, logIndex=0, commits[c26939f8-4d1f-4fb1-95c4-1aa8f7e5d3f6:c2365, c5393538-959b-47cf-9d9c-19dac7bed4ee:c2361, a2e6e0ff-38a8-4bcf-9958-a89ff312531d:c2361]
2019-07-15 13:06:56,167 INFO  client.GrpcClientProtocolClient (GrpcClientProtocolClient.java:onNext(255)) - client-B30EC828C355->c26939f8-4d1f-4fb1-95c4-1aa8f7e5d3f6: receive RaftClientReply:client-B30EC828C355->c26939f8-4d1f-4fb1-95c4-1aa8f7e5d3f6@group-D25BE8053FEA, cid=1641, SUCCESS, logIndex=2368, commits[c26939f8-4d1f-4fb1-95c4-1aa8f7e5d3f6:c2369, c5393538-959b-47cf-9d9c-19dac7bed4ee:c2367, a2e6e0ff-38a8-4bcf-9958-a89ff312531d:c2367]
2019-07-15 13:06:56,167 INFO  client.GrpcClientProtocolClient (GrpcClientProtocolClient.java:onNext(255)) - client-B30EC828C355->c26939f8-4d1f-4fb1-95c4-1aa8f7e5d3f6: receive RaftClientReply:client-B30EC828C355->c26939f8-4d1f-4fb1-95c4-1aa8f7e5d3f6@group-D25BE8053FEA, cid=1642, SUCCESS, logIndex=2369, commits[c26939f8-4d1f-4fb1-95c4-1aa8f7e5d3f6:c2369, c5393538-959b-47cf-9d9c-19dac7bed4ee:c2367, a2e6e0ff-38a8-4bcf-9958-a89ff312531d:c2367]
2019-07-15 13:06:56,181 INFO  client.GrpcClientProtocolClient (GrpcClientProtocolClient.java:onNext(255)) - client-B30EC828C355->c26939f8-4d1f-4fb1-95c4-1aa8f7e5d3f6: receive RaftClientReply:client-B30EC828C355->c26939f8-4d1f-4fb1-95c4-1aa8f7e5d3f6@group-D25BE8053FEA, cid=1643, SUCCESS, logIndex=2372, commits[c26939f8-4d1f-4fb1-95c4-1aa8f7e5d3f6:c2372, c5393538-959b-47cf-9d9c-19dac7bed4ee:c2369, a2e6e0ff-38a8-4bcf-9958-a89ff312531d:c2369]
2019-07-15 13:06:56,182 INFO  client.GrpcClientProtocolClient (GrpcClientProtocolClient.java:onNext(255)) - client-B30EC828C355->c26939f8-4d1f-4fb1-95c4-1aa8f7e5d3f6: receive RaftClientReply:client-B30EC828C355->c26939f8-4d1f-4fb1-95c4-1aa8f7e5d3f6@group-D25BE8053FEA, cid=1644, SUCCESS, logIndex=2373, commits[c26939f8-4d1f-4fb1-95c4-1aa8f7e5d3f6:c2373, c5393538-959b-47cf-9d9c-19dac7bed4ee:c2369, a2e6e0ff-38a8-4bcf-9958-a89ff312531d:c2369]
2019-07-15 13:06:56,194 INFO  client.GrpcClientProtocolClient (GrpcClientProtocolClient.java:onNext(255)) - client-B30EC828C355->c26939f8-4d1f-4fb1-95c4-1aa8f7e5d3f6: receive RaftClientReply:client-B30EC828C355->c26939f8-4d1f-4fb1-95c4-1aa8f7e5d3f6@group-D25BE8053FEA, cid=1645, SUCCESS, logIndex=0, commits[c26939f8-4d1f-4fb1-95c4-1aa8f7e5d3f6:c2375, c5393538-959b-47cf-9d9c-19dac7bed4ee:c2373, a2e6e0ff-38a8-4bcf-9958-a89ff312531d:c2373]
2019-07-15 13:06:56,223 INFO  client.GrpcClientProtocolClient (GrpcClientProtocolClient.java:onNext(255)) - client-B30EC828C355->c26939f8-4d1f-4fb1-95c4-1aa8f7e5d3f6: receive RaftClientReply:client-B30EC828C355->c26939f8-4d1f-4fb1-95c4-1aa8f7e5d3f6@group-D25BE8053FEA, cid=1646, SUCCESS, logIndex=2376, commits[c26939f8-4d1f-4fb1-95c4-1aa8f7e5d3f6:c2377, c5393538-959b-47cf-9d9c-19dac7bed4ee:c2375, a2e6e0ff-38a8-4bcf-9958-a89ff312531d:c2375]
2019-07-15 13:06:56,223 INFO  client.GrpcClientProtocolClient (GrpcClientProtocolClient.java:onNext(255)) - client-B30EC828C355->c26939f8-4d1f-4fb1-95c4-1aa8f7e5d3f6: receive RaftClientReply:client-B30EC828C355->c26939f8-4d1f-4fb1-95c4-1aa8f7e5d3f6@group-D25BE8053FEA, cid=1647, SUCCESS, logIndex=2377, commits[c26939f8-4d1f-4fb1-95c4-1aa8f7e5d3f6:c2379, c5393538-959b-47cf-9d9c-19dac7bed4ee:c2375, a2e6e0ff-38a8-4bcf-9958-a89ff312531d:c2375]
2019-07-15 13:06:56,224 INFO  client.GrpcClientProtocolClient (GrpcClientProtocolClient.java:onNext(255)) - client-B30EC828C355->c26939f8-4d1f-4fb1-95c4-1aa8f7e5d3f6: receive RaftClientReply:client-B30EC828C355->c26939f8-4d1f-4fb1-95c4-1aa8f7e5d3f6@group-D25BE8053FEA, cid=1648, SUCCESS, logIndex=2378, commits[c26939f8-4d1f-4fb1-95c4-1aa8f7e5d3f6:c2379, c5393538-959b-47cf-9d9c-19dac7bed4ee:c2375, a2e6e0ff-38a8-4bcf-9958-a89ff312531d:c2375]
2019-07-15 13:06:56,224 INFO  client.GrpcClientProtocolClient (GrpcClientProtocolClient.java:onNext(255)) - client-B30EC828C355->c26939f8-4d1f-4fb1-95c4-1aa8f7e5d3f6: receive RaftClientReply:client-B30EC828C355->c26939f8-4d1f-4fb1-95c4-1aa8f7e5d3f6@group-D25BE8053FEA, cid=1649, SUCCESS, logIndex=2379, commits[c26939f8-4d1f-4fb1-95c4-1aa8f7e5d3f6:c2379, c5393538-959b-47cf-9d9c-19dac7bed4ee:c2375, a2e6e0ff-38a8-4bcf-9958-a89ff312531d:c2375]
2019-07-15 13:06:56,236 INFO  client.GrpcClientProtocolClient (GrpcClientProtocolClient.java:onNext(255)) - client-B30EC828C355->c26939f8-4d1f-4fb1-95c4-1aa8f7e5d3f6: receive RaftClientReply:client-B30EC828C355->c26939f8-4d1f-4fb1-95c4-1aa8f7e5d3f6@group-D25BE8053FEA, cid=1650, SUCCESS, logIndex=0, commits[c26939f8-4d1f-4fb1-95c4-1aa8f7e5d3f6:c2381, c5393538-959b-47cf-9d9c-19dac7bed4ee:c2377, a2e6e0ff-38a8-4bcf-9958-a89ff312531d:c2377]
2019-07-15 13:06:56,257 INFO  client.GrpcClientProtocolClient (GrpcClientProtocolClient.java:onNext(255)) - client-B30EC828C355->c26939f8-4d1f-4fb1-95c4-1aa8f7e5d3f6: receive RaftClientReply:client-B30EC828C355->c26939f8-4d1f-4fb1-95c4-1aa8f7e5d3f6@group-D25BE8053FEA, cid=1651, SUCCESS, logIndex=2383, commits[c26939f8-4d1f-4fb1-95c4-1aa8f7e5d3f6:c2384, c5393538-959b-47cf-9d9c-19dac7bed4ee:c2382, a2e6e0ff-38a8-4bcf-9958-a89ff312531d:c2382]
2019-07-15 13:06:56,257 INFO  client.GrpcClientProtocolClient (GrpcClientProtocolClient.java:onNext(255)) - client-B30EC828C355->c26939f8-4d1f-4fb1-95c4-1aa8f7e5d3f6: receive RaftClientReply:client-B30EC828C355->c26939f8-4d1f-4fb1-95c4-1aa8f7e5d3f6@group-D25BE8053FEA, cid=1652, SUCCESS, logIndex=2384, commits[c26939f8-4d1f-4fb1-95c4-1aa8f7e5d3f6:c2384, c5393538-959b-47cf-9d9c-19dac7bed4ee:c2382, a2e6e0ff-38a8-4bcf-9958-a89ff312531d:c2382]
2019-07-15 13:06:56,271 INFO  client.GrpcClientProtocolClient (GrpcClientProtocolClient.java:onNext(255)) - client-B30EC828C355->c26939f8-4d1f-4fb1-95c4-1aa8f7e5d3f6: receive RaftClientReply:client-B30EC828C355->c26939f8-4d1f-4fb1-95c4-1aa8f7e5d3f6@group-D25BE8053FEA, cid=1653, SUCCESS, logIndex=2387, commits[c26939f8-4d1f-4fb1-95c4-1aa8f7e5d3f6:c2388, c5393538-959b-47cf-9d9c-19dac7bed4ee:c2384, a2e6e0ff-38a8-4bcf-9958-a89ff312531d:c2384]
2019-07-15 13:06:56,271 INFO  client.GrpcClientProtocolClient (GrpcClientProtocolClient.java:onNext(255)) - client-B30EC828C355->c26939f8-4d1f-4fb1-95c4-1aa8f7e5d3f6: receive RaftClientReply:client-B30EC828C355->c26939f8-4d1f-4fb1-95c4-1aa8f7e5d3f6@group-D25BE8053FEA, cid=1654, SUCCESS, logIndex=2388, commits[c26939f8-4d1f-4fb1-95c4-1aa8f7e5d3f6:c2388, c5393538-959b-47cf-9d9c-19dac7bed4ee:c2384, a2e6e0ff-38a8-4bcf-9958-a89ff312531d:c2384]
2019-07-15 13:06:56,273 INFO  client.GrpcClientProtocolClient (GrpcClientProtocolClient.java:onNext(255)) - client-B30EC828C355->c26939f8-4d1f-4fb1-95c4-1aa8f7e5d3f6: receive RaftClientReply:client-B30EC828C355->c26939f8-4d1f-4fb1-95c4-1aa8f7e5d3f6@group-D25BE8053FEA, cid=1655, SUCCESS, logIndex=0, commits[c26939f8-4d1f-4fb1-95c4-1aa8f7e5d3f6:c2389, c5393538-959b-47cf-9d9c-19dac7bed4ee:c2388, a2e6e0ff-38a8-4bcf-9958-a89ff312531d:c2388]
2019-07-15 13:06:56,302 INFO  client.GrpcClientProtocolClient (GrpcClientProtocolClient.java:onNext(255)) - client-B30EC828C355->c26939f8-4d1f-4fb1-95c4-1aa8f7e5d3f6: receive RaftClientReply:client-B30EC828C355->c26939f8-4d1f-4fb1-95c4-1aa8f7e5d3f6@group-D25BE8053FEA, cid=1656, SUCCESS, logIndex=2391, commits[c26939f8-4d1f-4fb1-95c4-1aa8f7e5d3f6:c2392, c5393538-959b-47cf-9d9c-19dac7bed4ee:c2390, a2e6e0ff-38a8-4bcf-9958-a89ff312531d:c2390]
2019-07-15 13:06:56,302 INFO  client.GrpcClientProtocolClient (GrpcClientProtocolClient.java:onNext(255)) - client-B30EC828C355->c26939f8-4d1f-4fb1-95c4-1aa8f7e5d3f6: receive RaftClientReply:client-B30EC828C355->c26939f8-4d1f-4fb1-95c4-1aa8f7e5d3f6@group-D25BE8053FEA, cid=1657, SUCCESS, logIndex=2392, commits[c26939f8-4d1f-4fb1-95c4-1aa8f7e5d3f6:c2392, c5393538-959b-47cf-9d9c-19dac7bed4ee:c2390, a2e6e0ff-38a8-4bcf-9958-a89ff312531d:c2390]
2019-07-15 13:06:56,313 INFO  client.GrpcClientProtocolClient (GrpcClientProtocolClient.java:onNext(255)) - client-B30EC828C355->c26939f8-4d1f-4fb1-95c4-1aa8f7e5d3f6: receive RaftClientReply:client-B30EC828C355->c26939f8-4d1f-4fb1-95c4-1aa8f7e5d3f6@group-D25BE8053FEA, cid=1658, SUCCESS, logIndex=2393, commits[c26939f8-4d1f-4fb1-95c4-1aa8f7e5d3f6:c2394, c5393538-959b-47cf-9d9c-19dac7bed4ee:c2390, a2e6e0ff-38a8-4bcf-9958-a89ff312531d:c2390]
2019-07-15 13:06:56,314 INFO  client.GrpcClientProtocolClient (GrpcClientProtocolClient.java:onNext(255)) - client-B30EC828C355->c26939f8-4d1f-4fb1-95c4-1aa8f7e5d3f6: receive RaftClientReply:client-B30EC828C355->c26939f8-4d1f-4fb1-95c4-1aa8f7e5d3f6@group-D25BE8053FEA, cid=1659, SUCCESS, logIndex=2394, commits[c26939f8-4d1f-4fb1-95c4-1aa8f7e5d3f6:c2394, c5393538-959b-47cf-9d9c-19dac7bed4ee:c2390, a2e6e0ff-38a8-4bcf-9958-a89ff312531d:c2390]
2019-07-15 13:06:56,315 INFO  client.GrpcClientProtocolClient (GrpcClientProtocolClient.java:onNext(255)) - client-B30EC828C355->c26939f8-4d1f-4fb1-95c4-1aa8f7e5d3f6: receive RaftClientReply:client-B30EC828C355->c26939f8-4d1f-4fb1-95c4-1aa8f7e5d3f6@group-D25BE8053FEA, cid=1660, SUCCESS, logIndex=0, commits[c26939f8-4d1f-4fb1-95c4-1aa8f7e5d3f6:c2396, c5393538-959b-47cf-9d9c-19dac7bed4ee:c2392, a2e6e0ff-38a8-4bcf-9958-a89ff312531d:c2392]
2019-07-15 13:06:56,351 INFO  client.GrpcClientProtocolClient (GrpcClientProtocolClient.java:onNext(255)) - client-B30EC828C355->c26939f8-4d1f-4fb1-95c4-1aa8f7e5d3f6: receive RaftClientReply:client-B30EC828C355->c26939f8-4d1f-4fb1-95c4-1aa8f7e5d3f6@group-D25BE8053FEA, cid=1661, SUCCESS, logIndex=2399, commits[c26939f8-4d1f-4fb1-95c4-1aa8f7e5d3f6:c2400, c5393538-959b-47cf-9d9c-19dac7bed4ee:c2398, a2e6e0ff-38a8-4bcf-9958-a89ff312531d:c2398]
2019-07-15 13:06:56,351 INFO  client.GrpcClientProtocolClient (GrpcClientProtocolClient.java:onNext(255)) - client-B30EC828C355->c26939f8-4d1f-4fb1-95c4-1aa8f7e5d3f6: receive RaftClientReply:client-B30EC828C355->c26939f8-4d1f-4fb1-95c4-1aa8f7e5d3f6@group-D25BE8053FEA, cid=1662, SUCCESS, logIndex=2400, commits[c26939f8-4d1f-4fb1-95c4-1aa8f7e5d3f6:c2400, c5393538-959b-47cf-9d9c-19dac7bed4ee:c2398, a2e6e0ff-38a8-4bcf-9958-a89ff312531d:c2398]
2019-07-15 13:06:56,375 INFO  client.GrpcClientProtocolClient (GrpcClientProtocolClient.java:onNext(255)) - client-B30EC828C355->c26939f8-4d1f-4fb1-95c4-1aa8f7e5d3f6: receive RaftClientReply:client-B30EC828C355->c26939f8-4d1f-4fb1-95c4-1aa8f7e5d3f6@group-D25BE8053FEA, cid=1663, SUCCESS, logIndex=2403, commits[c26939f8-4d1f-4fb1-95c4-1aa8f7e5d3f6:c2404, c5393538-959b-47cf-9d9c-19dac7bed4ee:c2399, a2e6e0ff-38a8-4bcf-9958-a89ff312531d:c2400]
2019-07-15 13:06:56,376 INFO  client.GrpcClientProtocolClient (GrpcClientProtocolClient.java:onNext(255)) - client-B30EC828C355->c26939f8-4d1f-4fb1-95c4-1aa8f7e5d3f6: receive RaftClientReply:client-B30EC828C355->c26939f8-4d1f-4fb1-95c4-1aa8f7e5d3f6@group-D25BE8053FEA, cid=1664, SUCCESS, logIndex=2404, commits[c26939f8-4d1f-4fb1-95c4-1aa8f7e5d3f6:c2404, c5393538-959b-47cf-9d9c-19dac7bed4ee:c2400, a2e6e0ff-38a8-4bcf-9958-a89ff312531d:c2400]
2019-07-15 13:06:56,377 INFO  client.GrpcClientProtocolClient (GrpcClientProtocolClient.java:onNext(255)) - client-B30EC828C355->c26939f8-4d1f-4fb1-95c4-1aa8f7e5d3f6: receive RaftClientReply:client-B30EC828C355->c26939f8-4d1f-4fb1-95c4-1aa8f7e5d3f6@group-D25BE8053FEA, cid=1665, SUCCESS, logIndex=0, commits[c26939f8-4d1f-4fb1-95c4-1aa8f7e5d3f6:c2405, c5393538-959b-47cf-9d9c-19dac7bed4ee:c2404, a2e6e0ff-38a8-4bcf-9958-a89ff312531d:c2404]
2019-07-15 13:06:56,406 INFO  client.GrpcClientProtocolClient (GrpcClientProtocolClient.java:onNext(255)) - client-B30EC828C355->c26939f8-4d1f-4fb1-95c4-1aa8f7e5d3f6: receive RaftClientReply:client-B30EC828C355->c26939f8-4d1f-4fb1-95c4-1aa8f7e5d3f6@group-D25BE8053FEA, cid=1666, SUCCESS, logIndex=2407, commits[c26939f8-4d1f-4fb1-95c4-1aa8f7e5d3f6:c2408, c5393538-959b-47cf-9d9c-19dac7bed4ee:c2406, a2e6e0ff-38a8-4bcf-9958-a89ff312531d:c2406]
2019-07-15 13:06:56,407 INFO  client.GrpcClientProtocolClient (GrpcClientProtocolClient.java:onNext(255)) - client-B30EC828C355->c26939f8-4d1f-4fb1-95c4-1aa8f7e5d3f6: receive RaftClientReply:client-B30EC828C355->c26939f8-4d1f-4fb1-95c4-1aa8f7e5d3f6@group-D25BE8053FEA, cid=1667, SUCCESS, logIndex=2408, commits[c26939f8-4d1f-4fb1-95c4-1aa8f7e5d3f6:c2410, c5393538-959b-47cf-9d9c-19dac7bed4ee:c2406, a2e6e0ff-38a8-4bcf-9958-a89ff312531d:c2406]
2019-07-15 13:06:56,407 INFO  client.GrpcClientProtocolClient (GrpcClientProtocolClient.java:onNext(255)) - client-B30EC828C355->c26939f8-4d1f-4fb1-95c4-1aa8f7e5d3f6: receive RaftClientReply:client-B30EC828C355->c26939f8-4d1f-4fb1-95c4-1aa8f7e5d3f6@group-D25BE8053FEA, cid=1668, SUCCESS, logIndex=2409, commits[c26939f8-4d1f-4fb1-95c4-1aa8f7e5d3f6:c2410, c5393538-959b-47cf-9d9c-19dac7bed4ee:c2406, a2e6e0ff-38a8-4bcf-9958-a89ff312531d:c2406]
2019-07-15 13:06:56,407 INFO  client.GrpcClientProtocolClient (GrpcClientProtocolClient.java:onNext(255)) - client-B30EC828C355->c26939f8-4d1f-4fb1-95c4-1aa8f7e5d3f6: receive RaftClientReply:client-B30EC828C355->c26939f8-4d1f-4fb1-95c4-1aa8f7e5d3f6@group-D25BE8053FEA, cid=1669, SUCCESS, logIndex=2410, commits[c26939f8-4d1f-4fb1-95c4-1aa8f7e5d3f6:c2410, c5393538-959b-47cf-9d9c-19dac7bed4ee:c2406, a2e6e0ff-38a8-4bcf-9958-a89ff312531d:c2406]
2019-07-15 13:06:56,421 INFO  client.GrpcClientProtocolClient (GrpcClientProtocolClient.java:onNext(255)) - client-B30EC828C355->c26939f8-4d1f-4fb1-95c4-1aa8f7e5d3f6: receive RaftClientReply:client-B30EC828C355->c26939f8-4d1f-4fb1-95c4-1aa8f7e5d3f6@group-D25BE8053FEA, cid=1670, SUCCESS, logIndex=0, commits[c26939f8-4d1f-4fb1-95c4-1aa8f7e5d3f6:c2412, c5393538-959b-47cf-9d9c-19dac7bed4ee:c2410, a2e6e0ff-38a8-4bcf-9958-a89ff312531d:c2408]
2019-07-15 13:06:56,443 INFO  client.GrpcClientProtocolClient (GrpcClientProtocolClient.java:onNext(255)) - client-B30EC828C355->c26939f8-4d1f-4fb1-95c4-1aa8f7e5d3f6: receive RaftClientReply:client-B30EC828C355->c26939f8-4d1f-4fb1-95c4-1aa8f7e5d3f6@group-D25BE8053FEA, cid=1671, SUCCESS, logIndex=2414, commits[c26939f8-4d1f-4fb1-95c4-1aa8f7e5d3f6:c2415, c5393538-959b-47cf-9d9c-19dac7bed4ee:c2413, a2e6e0ff-38a8-4bcf-9958-a89ff312531d:c2413]
2019-07-15 13:06:56,444 INFO  client.GrpcClientProtocolClient (GrpcClientProtocolClient.java:onNext(255)) - client-B30EC828C355->c26939f8-4d1f-4fb1-95c4-1aa8f7e5d3f6: receive RaftClientReply:client-B30EC828C355->c26939f8-4d1f-4fb1-95c4-1aa8f7e5d3f6@group-D25BE8053FEA, cid=1672, SUCCESS, logIndex=2415, commits[c26939f8-4d1f-4fb1-95c4-1aa8f7e5d3f6:c2415, c5393538-959b-47cf-9d9c-19dac7bed4ee:c2413, a2e6e0ff-38a8-4bcf-9958-a89ff312531d:c2413]
2019-07-15 13:06:56,470 INFO  client.GrpcClientProtocolClient (GrpcClientProtocolClient.java:onNext(255)) - client-B30EC828C355->c26939f8-4d1f-4fb1-95c4-1aa8f7e5d3f6: receive RaftClientReply:client-B30EC828C355->c26939f8-4d1f-4fb1-95c4-1aa8f7e5d3f6@group-D25BE8053FEA, cid=1673, SUCCESS, logIndex=2418, commits[c26939f8-4d1f-4fb1-95c4-1aa8f7e5d3f6:c2419, c5393538-959b-47cf-9d9c-19dac7bed4ee:c2417, a2e6e0ff-38a8-4bcf-9958-a89ff312531d:c2417]
2019-07-15 13:06:56,470 INFO  client.GrpcClientProtocolClient (GrpcClientProtocolClient.java:onNext(255)) - client-B30EC828C355->c26939f8-4d1f-4fb1-95c4-1aa8f7e5d3f6: receive RaftClientReply:client-B30EC828C355->c26939f8-4d1f-4fb1-95c4-1aa8f7e5d3f6@group-D25BE8053FEA, cid=1674, SUCCESS, logIndex=2419, commits[c26939f8-4d1f-4fb1-95c4-1aa8f7e5d3f6:c2419, c5393538-959b-47cf-9d9c-19dac7bed4ee:c2417, a2e6e0ff-38a8-4bcf-9958-a89ff312531d:c2417]
2019-07-15 13:06:56,482 INFO  client.GrpcClientProtocolClient (GrpcClientProtocolClient.java:onNext(255)) - client-B30EC828C355->c26939f8-4d1f-4fb1-95c4-1aa8f7e5d3f6: receive RaftClientReply:client-B30EC828C355->c26939f8-4d1f-4fb1-95c4-1aa8f7e5d3f6@group-D25BE8053FEA, cid=1675, SUCCESS, logIndex=0, commits[c26939f8-4d1f-4fb1-95c4-1aa8f7e5d3f6:c2420, c5393538-959b-47cf-9d9c-19dac7bed4ee:c2419, a2e6e0ff-38a8-4bcf-9958-a89ff312531d:c2419]
2019-07-15 13:06:56,617 INFO  client.GrpcClientProtocolClient (GrpcClientProtocolClient.java:onNext(255)) - client-B30EC828C355->c26939f8-4d1f-4fb1-95c4-1aa8f7e5d3f6: receive RaftClientReply:client-B30EC828C355->c26939f8-4d1f-4fb1-95c4-1aa8f7e5d3f6@group-D25BE8053FEA, cid=1676, SUCCESS, logIndex=2422, commits[c26939f8-4d1f-4fb1-95c4-1aa8f7e5d3f6:c2423, c5393538-959b-47cf-9d9c-19dac7bed4ee:c2421, a2e6e0ff-38a8-4bcf-9958-a89ff312531d:c2421]
2019-07-15 13:06:56,619 INFO  client.GrpcClientProtocolClient (GrpcClientProtocolClient.java:onNext(255)) - client-B30EC828C355->c26939f8-4d1f-4fb1-95c4-1aa8f7e5d3f6: receive RaftClientReply:client-B30EC828C355->c26939f8-4d1f-4fb1-95c4-1aa8f7e5d3f6@group-D25BE8053FEA, cid=1677, SUCCESS, logIndex=2423, commits[c26939f8-4d1f-4fb1-95c4-1aa8f7e5d3f6:c2425, c5393538-959b-47cf-9d9c-19dac7bed4ee:c2421, a2e6e0ff-38a8-4bcf-9958-a89ff312531d:c2421]
2019-07-15 13:06:56,619 INFO  client.GrpcClientProtocolClient (GrpcClientProtocolClient.java:onNext(255)) - client-B30EC828C355->c26939f8-4d1f-4fb1-95c4-1aa8f7e5d3f6: receive RaftClientReply:client-B30EC828C355->c26939f8-4d1f-4fb1-95c4-1aa8f7e5d3f6@group-D25BE8053FEA, cid=1678, SUCCESS, logIndex=2424, commits[c26939f8-4d1f-4fb1-95c4-1aa8f7e5d3f6:c2425, c5393538-959b-47cf-9d9c-19dac7bed4ee:c2421, a2e6e0ff-38a8-4bcf-9958-a89ff312531d:c2421]
2019-07-15 13:06:56,619 INFO  client.GrpcClientProtocolClient (GrpcClientProtocolClient.java:onNext(255)) - client-B30EC828C355->c26939f8-4d1f-4fb1-95c4-1aa8f7e5d3f6: receive RaftClientReply:client-B30EC828C355->c26939f8-4d1f-4fb1-95c4-1aa8f7e5d3f6@group-D25BE8053FEA, cid=1679, SUCCESS, logIndex=2425, commits[c26939f8-4d1f-4fb1-95c4-1aa8f7e5d3f6:c2425, c5393538-959b-47cf-9d9c-19dac7bed4ee:c2421, a2e6e0ff-38a8-4bcf-9958-a89ff312531d:c2421]
2019-07-15 13:06:56,621 INFO  client.GrpcClientProtocolClient (GrpcClientProtocolClient.java:onNext(255)) - client-B30EC828C355->c26939f8-4d1f-4fb1-95c4-1aa8f7e5d3f6: receive RaftClientReply:client-B30EC828C355->c26939f8-4d1f-4fb1-95c4-1aa8f7e5d3f6@group-D25BE8053FEA, cid=1680, SUCCESS, logIndex=0, commits[c26939f8-4d1f-4fb1-95c4-1aa8f7e5d3f6:c2428, c5393538-959b-47cf-9d9c-19dac7bed4ee:c2423, a2e6e0ff-38a8-4bcf-9958-a89ff312531d:c2425]
2019-07-15 13:06:56,644 INFO  client.GrpcClientProtocolClient (GrpcClientProtocolClient.java:onNext(255)) - client-B30EC828C355->c26939f8-4d1f-4fb1-95c4-1aa8f7e5d3f6: receive RaftClientReply:client-B30EC828C355->c26939f8-4d1f-4fb1-95c4-1aa8f7e5d3f6@group-D25BE8053FEA, cid=1681, SUCCESS, logIndex=2429, commits[c26939f8-4d1f-4fb1-95c4-1aa8f7e5d3f6:c2430, c5393538-959b-47cf-9d9c-19dac7bed4ee:c2428, a2e6e0ff-38a8-4bcf-9958-a89ff312531d:c2428]
2019-07-15 13:06:56,644 INFO  client.GrpcClientProtocolClient (GrpcClientProtocolClient.java:onNext(255)) - client-B30EC828C355->c26939f8-4d1f-4fb1-95c4-1aa8f7e5d3f6: receive RaftClientReply:client-B30EC828C355->c26939f8-4d1f-4fb1-95c4-1aa8f7e5d3f6@group-D25BE8053FEA, cid=1682, SUCCESS, logIndex=2430, commits[c26939f8-4d1f-4fb1-95c4-1aa8f7e5d3f6:c2430, c5393538-959b-47cf-9d9c-19dac7bed4ee:c2428, a2e6e0ff-38a8-4bcf-9958-a89ff312531d:c2428]
2019-07-15 13:06:56,669 INFO  client.GrpcClientProtocolClient (GrpcClientProtocolClient.java:onNext(255)) - client-B30EC828C355->c26939f8-4d1f-4fb1-95c4-1aa8f7e5d3f6: receive RaftClientReply:client-B30EC828C355->c26939f8-4d1f-4fb1-95c4-1aa8f7e5d3f6@group-D25BE8053FEA, cid=1683, SUCCESS, logIndex=2433, commits[c26939f8-4d1f-4fb1-95c4-1aa8f7e5d3f6:c2434, c5393538-959b-47cf-9d9c-19dac7bed4ee:c2429, a2e6e0ff-38a8-4bcf-9958-a89ff312531d:c2430]
2019-07-15 13:06:56,669 INFO  client.GrpcClientProtocolClient (GrpcClientProtocolClient.java:onNext(255)) - client-B30EC828C355->c26939f8-4d1f-4fb1-95c4-1aa8f7e5d3f6: receive RaftClientReply:client-B30EC828C355->c26939f8-4d1f-4fb1-95c4-1aa8f7e5d3f6@group-D25BE8053FEA, cid=1684, SUCCESS, logIndex=2434, commits[c26939f8-4d1f-4fb1-95c4-1aa8f7e5d3f6:c2434, c5393538-959b-47cf-9d9c-19dac7bed4ee:c2430, a2e6e0ff-38a8-4bcf-9958-a89ff312531d:c2430]
2019-07-15 13:06:56,681 INFO  client.GrpcClientProtocolClient (GrpcClientProtocolClient.java:onNext(255)) - client-B30EC828C355->c26939f8-4d1f-4fb1-95c4-1aa8f7e5d3f6: receive RaftClientReply:client-B30EC828C355->c26939f8-4d1f-4fb1-95c4-1aa8f7e5d3f6@group-D25BE8053FEA, cid=1685, SUCCESS, logIndex=0, commits[c26939f8-4d1f-4fb1-95c4-1aa8f7e5d3f6:c2435, c5393538-959b-47cf-9d9c-19dac7bed4ee:c2434, a2e6e0ff-38a8-4bcf-9958-a89ff312531d:c2434]
2019-07-15 13:06:56,711 INFO  client.GrpcClientProtocolClient (GrpcClientProtocolClient.java:onNext(255)) - client-B30EC828C355->c26939f8-4d1f-4fb1-95c4-1aa8f7e5d3f6: receive RaftClientReply:client-B30EC828C355->c26939f8-4d1f-4fb1-95c4-1aa8f7e5d3f6@group-D25BE8053FEA, cid=1686, SUCCESS, logIndex=2437, commits[c26939f8-4d1f-4fb1-95c4-1aa8f7e5d3f6:c2438, c5393538-959b-47cf-9d9c-19dac7bed4ee:c2436, a2e6e0ff-38a8-4bcf-9958-a89ff312531d:c2436]
2019-07-15 13:06:56,712 INFO  client.GrpcClientProtocolClient (GrpcClientProtocolClient.java:onNext(255)) - client-B30EC828C355->c26939f8-4d1f-4fb1-95c4-1aa8f7e5d3f6: receive RaftClientReply:client-B30EC828C355->c26939f8-4d1f-4fb1-95c4-1aa8f7e5d3f6@group-D25BE8053FEA, cid=1687, SUCCESS, logIndex=2438, commits[c26939f8-4d1f-4fb1-95c4-1aa8f7e5d3f6:c2438, c5393538-959b-47cf-9d9c-19dac7bed4ee:c2436, a2e6e0ff-38a8-4bcf-9958-a89ff312531d:c2436]
2019-07-15 13:06:56,713 INFO  client.GrpcClientProtocolClient (GrpcClientProtocolClient.java:onNext(255)) - client-B30EC828C355->c26939f8-4d1f-4fb1-95c4-1aa8f7e5d3f6: receive RaftClientReply:client-B30EC828C355->c26939f8-4d1f-4fb1-95c4-1aa8f7e5d3f6@group-D25BE8053FEA, cid=1688, SUCCESS, logIndex=2439, commits[c26939f8-4d1f-4fb1-95c4-1aa8f7e5d3f6:c2440, c5393538-959b-47cf-9d9c-19dac7bed4ee:c2436, a2e6e0ff-38a8-4bcf-9958-a89ff312531d:c2436]
2019-07-15 13:06:56,713 INFO  client.GrpcClientProtocolClient (GrpcClientProtocolClient.java:onNext(255)) - client-B30EC828C355->c26939f8-4d1f-4fb1-95c4-1aa8f7e5d3f6: receive RaftClientReply:client-B30EC828C355->c26939f8-4d1f-4fb1-95c4-1aa8f7e5d3f6@group-D25BE8053FEA, cid=1689, SUCCESS, logIndex=2440, commits[c26939f8-4d1f-4fb1-95c4-1aa8f7e5d3f6:c2440, c5393538-959b-47cf-9d9c-19dac7bed4ee:c2436, a2e6e0ff-38a8-4bcf-9958-a89ff312531d:c2436]
2019-07-15 13:06:56,715 INFO  client.GrpcClientProtocolClient (GrpcClientProtocolClient.java:onNext(255)) - client-B30EC828C355->c26939f8-4d1f-4fb1-95c4-1aa8f7e5d3f6: receive RaftClientReply:client-B30EC828C355->c26939f8-4d1f-4fb1-95c4-1aa8f7e5d3f6@group-D25BE8053FEA, cid=1690, SUCCESS, logIndex=0, commits[c26939f8-4d1f-4fb1-95c4-1aa8f7e5d3f6:c2442, c5393538-959b-47cf-9d9c-19dac7bed4ee:c2438, a2e6e0ff-38a8-4bcf-9958-a89ff312531d:c2438]
2019-07-15 13:06:56,739 INFO  client.GrpcClientProtocolClient (GrpcClientProtocolClient.java:onNext(255)) - client-B30EC828C355->c26939f8-4d1f-4fb1-95c4-1aa8f7e5d3f6: receive RaftClientReply:client-B30EC828C355->c26939f8-4d1f-4fb1-95c4-1aa8f7e5d3f6@group-D25BE8053FEA, cid=1691, SUCCESS, logIndex=2445, commits[c26939f8-4d1f-4fb1-95c4-1aa8f7e5d3f6:c2446, c5393538-959b-47cf-9d9c-19dac7bed4ee:c2440, a2e6e0ff-38a8-4bcf-9958-a89ff312531d:c2444]
2019-07-15 13:06:56,739 INFO  client.GrpcClientProtocolClient (GrpcClientProtocolClient.java:onNext(255)) - client-B30EC828C355->c26939f8-4d1f-4fb1-95c4-1aa8f7e5d3f6: receive RaftClientReply:client-B30EC828C355->c26939f8-4d1f-4fb1-95c4-1aa8f7e5d3f6@group-D25BE8053FEA, cid=1692, SUCCESS, logIndex=2446, commits[c26939f8-4d1f-4fb1-95c4-1aa8f7e5d3f6:c2446, c5393538-959b-47cf-9d9c-19dac7bed4ee:c2444, a2e6e0ff-38a8-4bcf-9958-a89ff312531d:c2444]
2019-07-15 13:06:56,762 INFO  client.GrpcClientProtocolClient (GrpcClientProtocolClient.java:onNext(255)) - client-B30EC828C355->c26939f8-4d1f-4fb1-95c4-1aa8f7e5d3f6: receive RaftClientReply:client-B30EC828C355->c26939f8-4d1f-4fb1-95c4-1aa8f7e5d3f6@group-D25BE8053FEA, cid=1693, SUCCESS, logIndex=2449, commits[c26939f8-4d1f-4fb1-95c4-1aa8f7e5d3f6:c2450, c5393538-959b-47cf-9d9c-19dac7bed4ee:c2448, a2e6e0ff-38a8-4bcf-9958-a89ff312531d:c2448]
2019-07-15 13:06:56,763 INFO  client.GrpcClientProtocolClient (GrpcClientProtocolClient.java:onNext(255)) - client-B30EC828C355->c26939f8-4d1f-4fb1-95c4-1aa8f7e5d3f6: receive RaftClientReply:client-B30EC828C355->c26939f8-4d1f-4fb1-95c4-1aa8f7e5d3f6@group-D25BE8053FEA, cid=1694, SUCCESS, logIndex=2450, commits[c26939f8-4d1f-4fb1-95c4-1aa8f7e5d3f6:c2450, c5393538-959b-47cf-9d9c-19dac7bed4ee:c2448, a2e6e0ff-38a8-4bcf-9958-a89ff312531d:c2448]
2019-07-15 13:06:56,776 INFO  client.GrpcClientProtocolClient (GrpcClientProtocolClient.java:onNext(255)) - client-B30EC828C355->c26939f8-4d1f-4fb1-95c4-1aa8f7e5d3f6: receive RaftClientReply:client-B30EC828C355->c26939f8-4d1f-4fb1-95c4-1aa8f7e5d3f6@group-D25BE8053FEA, cid=1695, SUCCESS, logIndex=0, commits[c26939f8-4d1f-4fb1-95c4-1aa8f7e5d3f6:c2452, c5393538-959b-47cf-9d9c-19dac7bed4ee:c2450, a2e6e0ff-38a8-4bcf-9958-a89ff312531d:c2450]
 0.00% |█                                                                                                    |  0/1 Time: 0:00:112019-07-15 13:06:56,808 INFO  client.GrpcClientProtocolClient (GrpcClientProtocolClient.java:onNext(255)) - client-B30EC828C355->c26939f8-4d1f-4fb1-95c4-1aa8f7e5d3f6: receive RaftClientReply:client-B30EC828C355->c26939f8-4d1f-4fb1-95c4-1aa8f7e5d3f6@group-D25BE8053FEA, cid=1696, SUCCESS, logIndex=2453, commits[c26939f8-4d1f-4fb1-95c4-1aa8f7e5d3f6:c2454, c5393538-959b-47cf-9d9c-19dac7bed4ee:c2452, a2e6e0ff-38a8-4bcf-9958-a89ff312531d:c2452]
2019-07-15 13:06:56,808 INFO  client.GrpcClientProtocolClient (GrpcClientProtocolClient.java:onNext(255)) - client-B30EC828C355->c26939f8-4d1f-4fb1-95c4-1aa8f7e5d3f6: receive RaftClientReply:client-B30EC828C355->c26939f8-4d1f-4fb1-95c4-1aa8f7e5d3f6@group-D25BE8053FEA, cid=1697, SUCCESS, logIndex=2454, commits[c26939f8-4d1f-4fb1-95c4-1aa8f7e5d3f6:c2455, c5393538-959b-47cf-9d9c-19dac7bed4ee:c2452, a2e6e0ff-38a8-4bcf-9958-a89ff312531d:c2452]
2019-07-15 13:06:56,809 INFO  client.GrpcClientProtocolClient (GrpcClientProtocolClient.java:onNext(255)) - client-B30EC828C355->c26939f8-4d1f-4fb1-95c4-1aa8f7e5d3f6: receive RaftClientReply:client-B30EC828C355->c26939f8-4d1f-4fb1-95c4-1aa8f7e5d3f6@group-D25BE8053FEA, cid=1698, SUCCESS, logIndex=2455, commits[c26939f8-4d1f-4fb1-95c4-1aa8f7e5d3f6:c2456, c5393538-959b-47cf-9d9c-19dac7bed4ee:c2452, a2e6e0ff-38a8-4bcf-9958-a89ff312531d:c2452]
2019-07-15 13:06:56,809 INFO  client.GrpcClientProtocolClient (GrpcClientProtocolClient.java:onNext(255)) - client-B30EC828C355->c26939f8-4d1f-4fb1-95c4-1aa8f7e5d3f6: receive RaftClientReply:client-B30EC828C355->c26939f8-4d1f-4fb1-95c4-1aa8f7e5d3f6@group-D25BE8053FEA, cid=1699, SUCCESS, logIndex=2456, commits[c26939f8-4d1f-4fb1-95c4-1aa8f7e5d3f6:c2456, c5393538-959b-47cf-9d9c-19dac7bed4ee:c2452, a2e6e0ff-38a8-4bcf-9958-a89ff312531d:c2452]
2019-07-15 13:06:56,811 INFO  client.GrpcClientProtocolClient (GrpcClientProtocolClient.java:onNext(255)) - client-B30EC828C355->c26939f8-4d1f-4fb1-95c4-1aa8f7e5d3f6: receive RaftClientReply:client-B30EC828C355->c26939f8-4d1f-4fb1-95c4-1aa8f7e5d3f6@group-D25BE8053FEA, cid=1700, SUCCESS, logIndex=0, commits[c26939f8-4d1f-4fb1-95c4-1aa8f7e5d3f6:c2458, c5393538-959b-47cf-9d9c-19dac7bed4ee:c2454, a2e6e0ff-38a8-4bcf-9958-a89ff312531d:c2454]
2019-07-15 13:06:56,833 INFO  client.GrpcClientProtocolClient (GrpcClientProtocolClient.java:onNext(255)) - client-B30EC828C355->c26939f8-4d1f-4fb1-95c4-1aa8f7e5d3f6: receive RaftClientReply:client-B30EC828C355->c26939f8-4d1f-4fb1-95c4-1aa8f7e5d3f6@group-D25BE8053FEA, cid=1701, SUCCESS, logIndex=2461, commits[c26939f8-4d1f-4fb1-95c4-1aa8f7e5d3f6:c2462, c5393538-959b-47cf-9d9c-19dac7bed4ee:c2460, a2e6e0ff-38a8-4bcf-9958-a89ff312531d:c2460]
2019-07-15 13:06:56,833 INFO  client.GrpcClientProtocolClient (GrpcClientProtocolClient.java:onNext(255)) - client-B30EC828C355->c26939f8-4d1f-4fb1-95c4-1aa8f7e5d3f6: receive RaftClientReply:client-B30EC828C355->c26939f8-4d1f-4fb1-95c4-1aa8f7e5d3f6@group-D25BE8053FEA, cid=1702, SUCCESS, logIndex=2462, commits[c26939f8-4d1f-4fb1-95c4-1aa8f7e5d3f6:c2462, c5393538-959b-47cf-9d9c-19dac7bed4ee:c2460, a2e6e0ff-38a8-4bcf-9958-a89ff312531d:c2460]
2019-07-15 13:06:56,846 INFO  client.GrpcClientProtocolClient (GrpcClientProtocolClient.java:onNext(255)) - client-B30EC828C355->c26939f8-4d1f-4fb1-95c4-1aa8f7e5d3f6: receive RaftClientReply:client-B30EC828C355->c26939f8-4d1f-4fb1-95c4-1aa8f7e5d3f6@group-D25BE8053FEA, cid=1703, SUCCESS, logIndex=2465, commits[c26939f8-4d1f-4fb1-95c4-1aa8f7e5d3f6:c2465, c5393538-959b-47cf-9d9c-19dac7bed4ee:c2462, a2e6e0ff-38a8-4bcf-9958-a89ff312531d:c2462]
2019-07-15 13:06:56,847 INFO  client.GrpcClientProtocolClient (GrpcClientProtocolClient.java:onNext(255)) - client-B30EC828C355->c26939f8-4d1f-4fb1-95c4-1aa8f7e5d3f6: receive RaftClientReply:client-B30EC828C355->c26939f8-4d1f-4fb1-95c4-1aa8f7e5d3f6@group-D25BE8053FEA, cid=1704, SUCCESS, logIndex=2466, commits[c26939f8-4d1f-4fb1-95c4-1aa8f7e5d3f6:c2466, c5393538-959b-47cf-9d9c-19dac7bed4ee:c2462, a2e6e0ff-38a8-4bcf-9958-a89ff312531d:c2462]
2019-07-15 13:06:56,860 INFO  client.GrpcClientProtocolClient (GrpcClientProtocolClient.java:onNext(255)) - client-B30EC828C355->c26939f8-4d1f-4fb1-95c4-1aa8f7e5d3f6: receive RaftClientReply:client-B30EC828C355->c26939f8-4d1f-4fb1-95c4-1aa8f7e5d3f6@group-D25BE8053FEA, cid=1705, SUCCESS, logIndex=0, commits[c26939f8-4d1f-4fb1-95c4-1aa8f7e5d3f6:c2468, c5393538-959b-47cf-9d9c-19dac7bed4ee:c2466, a2e6e0ff-38a8-4bcf-9958-a89ff312531d:c2466]
2019-07-15 13:06:56,889 INFO  client.GrpcClientProtocolClient (GrpcClientProtocolClient.java:onNext(255)) - client-B30EC828C355->c26939f8-4d1f-4fb1-95c4-1aa8f7e5d3f6: receive RaftClientReply:client-B30EC828C355->c26939f8-4d1f-4fb1-95c4-1aa8f7e5d3f6@group-D25BE8053FEA, cid=1706, SUCCESS, logIndex=2469, commits[c26939f8-4d1f-4fb1-95c4-1aa8f7e5d3f6:c2471, c5393538-959b-47cf-9d9c-19dac7bed4ee:c2468, a2e6e0ff-38a8-4bcf-9958-a89ff312531d:c2468]
2019-07-15 13:06:56,890 INFO  client.GrpcClientProtocolClient (GrpcClientProtocolClient.java:onNext(255)) - client-B30EC828C355->c26939f8-4d1f-4fb1-95c4-1aa8f7e5d3f6: receive RaftClientReply:client-B30EC828C355->c26939f8-4d1f-4fb1-95c4-1aa8f7e5d3f6@group-D25BE8053FEA, cid=1707, SUCCESS, logIndex=2470, commits[c26939f8-4d1f-4fb1-95c4-1aa8f7e5d3f6:c2472, c5393538-959b-47cf-9d9c-19dac7bed4ee:c2468, a2e6e0ff-38a8-4bcf-9958-a89ff312531d:c2468]
2019-07-15 13:06:56,890 INFO  client.GrpcClientProtocolClient (GrpcClientProtocolClient.java:onNext(255)) - client-B30EC828C355->c26939f8-4d1f-4fb1-95c4-1aa8f7e5d3f6: receive RaftClientReply:client-B30EC828C355->c26939f8-4d1f-4fb1-95c4-1aa8f7e5d3f6@group-D25BE8053FEA, cid=1708, SUCCESS, logIndex=2471, commits[c26939f8-4d1f-4fb1-95c4-1aa8f7e5d3f6:c2472, c5393538-959b-47cf-9d9c-19dac7bed4ee:c2468, a2e6e0ff-38a8-4bcf-9958-a89ff312531d:c2468]
2019-07-15 13:06:56,890 INFO  client.GrpcClientProtocolClient (GrpcClientProtocolClient.java:onNext(255)) - client-B30EC828C355->c26939f8-4d1f-4fb1-95c4-1aa8f7e5d3f6: receive RaftClientReply:client-B30EC828C355->c26939f8-4d1f-4fb1-95c4-1aa8f7e5d3f6@group-D25BE8053FEA, cid=1709, SUCCESS, logIndex=2472, commits[c26939f8-4d1f-4fb1-95c4-1aa8f7e5d3f6:c2473, c5393538-959b-47cf-9d9c-19dac7bed4ee:c2470, a2e6e0ff-38a8-4bcf-9958-a89ff312531d:c2468]
2019-07-15 13:06:56,892 INFO  client.GrpcClientProtocolClient (GrpcClientProtocolClient.java:onNext(255)) - client-B30EC828C355->c26939f8-4d1f-4fb1-95c4-1aa8f7e5d3f6: receive RaftClientReply:client-B30EC828C355->c26939f8-4d1f-4fb1-95c4-1aa8f7e5d3f6@group-D25BE8053FEA, cid=1710, SUCCESS, logIndex=0, commits[c26939f8-4d1f-4fb1-95c4-1aa8f7e5d3f6:c2473, c5393538-959b-47cf-9d9c-19dac7bed4ee:c2470, a2e6e0ff-38a8-4bcf-9958-a89ff312531d:c2470]
2019-07-15 13:06:56,911 INFO  client.GrpcClientProtocolClient (GrpcClientProtocolClient.java:onNext(255)) - client-B30EC828C355->c26939f8-4d1f-4fb1-95c4-1aa8f7e5d3f6: receive RaftClientReply:client-B30EC828C355->c26939f8-4d1f-4fb1-95c4-1aa8f7e5d3f6@group-D25BE8053FEA, cid=1711, SUCCESS, logIndex=2477, commits[c26939f8-4d1f-4fb1-95c4-1aa8f7e5d3f6:c2478, c5393538-959b-47cf-9d9c-19dac7bed4ee:c2476, a2e6e0ff-38a8-4bcf-9958-a89ff312531d:c2472]
2019-07-15 13:06:56,911 INFO  client.GrpcClientProtocolClient (GrpcClientProtocolClient.java:onNext(255)) - client-B30EC828C355->c26939f8-4d1f-4fb1-95c4-1aa8f7e5d3f6: receive RaftClientReply:client-B30EC828C355->c26939f8-4d1f-4fb1-95c4-1aa8f7e5d3f6@group-D25BE8053FEA, cid=1712, SUCCESS, logIndex=2478, commits[c26939f8-4d1f-4fb1-95c4-1aa8f7e5d3f6:c2478, c5393538-959b-47cf-9d9c-19dac7bed4ee:c2476, a2e6e0ff-38a8-4bcf-9958-a89ff312531d:c2476]
2019-07-15 13:06:56,928 INFO  client.GrpcClientProtocolClient (GrpcClientProtocolClient.java:onNext(255)) - client-B30EC828C355->c26939f8-4d1f-4fb1-95c4-1aa8f7e5d3f6: receive RaftClientReply:client-B30EC828C355->c26939f8-4d1f-4fb1-95c4-1aa8f7e5d3f6@group-D25BE8053FEA, cid=1713, SUCCESS, logIndex=2481, commits[c26939f8-4d1f-4fb1-95c4-1aa8f7e5d3f6:c2482, c5393538-959b-47cf-9d9c-19dac7bed4ee:c2478, a2e6e0ff-38a8-4bcf-9958-a89ff312531d:c2478]
2019-07-15 13:06:56,928 INFO  client.GrpcClientProtocolClient (GrpcClientProtocolClient.java:onNext(255)) - client-B30EC828C355->c26939f8-4d1f-4fb1-95c4-1aa8f7e5d3f6: receive RaftClientReply:client-B30EC828C355->c26939f8-4d1f-4fb1-95c4-1aa8f7e5d3f6@group-D25BE8053FEA, cid=1714, SUCCESS, logIndex=2482, commits[c26939f8-4d1f-4fb1-95c4-1aa8f7e5d3f6:c2482, c5393538-959b-47cf-9d9c-19dac7bed4ee:c2478, a2e6e0ff-38a8-4bcf-9958-a89ff312531d:c2478]
2019-07-15 13:06:56,940 INFO  client.GrpcClientProtocolClient (GrpcClientProtocolClient.java:onNext(255)) - client-B30EC828C355->c26939f8-4d1f-4fb1-95c4-1aa8f7e5d3f6: receive RaftClientReply:client-B30EC828C355->c26939f8-4d1f-4fb1-95c4-1aa8f7e5d3f6@group-D25BE8053FEA, cid=1715, SUCCESS, logIndex=0, commits[c26939f8-4d1f-4fb1-95c4-1aa8f7e5d3f6:c2483, c5393538-959b-47cf-9d9c-19dac7bed4ee:c2482, a2e6e0ff-38a8-4bcf-9958-a89ff312531d:c2482]
2019-07-15 13:06:56,971 INFO  client.GrpcClientProtocolClient (GrpcClientProtocolClient.java:onNext(255)) - client-B30EC828C355->c26939f8-4d1f-4fb1-95c4-1aa8f7e5d3f6: receive RaftClientReply:client-B30EC828C355->c26939f8-4d1f-4fb1-95c4-1aa8f7e5d3f6@group-D25BE8053FEA, cid=1716, SUCCESS, logIndex=2485, commits[c26939f8-4d1f-4fb1-95c4-1aa8f7e5d3f6:c2486, c5393538-959b-47cf-9d9c-19dac7bed4ee:c2484, a2e6e0ff-38a8-4bcf-9958-a89ff312531d:c2484]
2019-07-15 13:06:56,972 INFO  client.GrpcClientProtocolClient (GrpcClientProtocolClient.java:onNext(255)) - client-B30EC828C355->c26939f8-4d1f-4fb1-95c4-1aa8f7e5d3f6: receive RaftClientReply:client-B30EC828C355->c26939f8-4d1f-4fb1-95c4-1aa8f7e5d3f6@group-D25BE8053FEA, cid=1717, SUCCESS, logIndex=2486, commits[c26939f8-4d1f-4fb1-95c4-1aa8f7e5d3f6:c2486, c5393538-959b-47cf-9d9c-19dac7bed4ee:c2484, a2e6e0ff-38a8-4bcf-9958-a89ff312531d:c2484]
2019-07-15 13:06:56,972 INFO  client.GrpcClientProtocolClient (GrpcClientProtocolClient.java:onNext(255)) - client-B30EC828C355->c26939f8-4d1f-4fb1-95c4-1aa8f7e5d3f6: receive RaftClientReply:client-B30EC828C355->c26939f8-4d1f-4fb1-95c4-1aa8f7e5d3f6@group-D25BE8053FEA, cid=1718, SUCCESS, logIndex=2487, commits[c26939f8-4d1f-4fb1-95c4-1aa8f7e5d3f6:c2488, c5393538-959b-47cf-9d9c-19dac7bed4ee:c2484, a2e6e0ff-38a8-4bcf-9958-a89ff312531d:c2484]
2019-07-15 13:06:56,972 INFO  client.GrpcClientProtocolClient (GrpcClientProtocolClient.java:onNext(255)) - client-B30EC828C355->c26939f8-4d1f-4fb1-95c4-1aa8f7e5d3f6: receive RaftClientReply:client-B30EC828C355->c26939f8-4d1f-4fb1-95c4-1aa8f7e5d3f6@group-D25BE8053FEA, cid=1719, SUCCESS, logIndex=2488, commits[c26939f8-4d1f-4fb1-95c4-1aa8f7e5d3f6:c2488, c5393538-959b-47cf-9d9c-19dac7bed4ee:c2484, a2e6e0ff-38a8-4bcf-9958-a89ff312531d:c2484]
2019-07-15 13:06:56,974 INFO  client.GrpcClientProtocolClient (GrpcClientProtocolClient.java:onNext(255)) - client-B30EC828C355->c26939f8-4d1f-4fb1-95c4-1aa8f7e5d3f6: receive RaftClientReply:client-B30EC828C355->c26939f8-4d1f-4fb1-95c4-1aa8f7e5d3f6@group-D25BE8053FEA, cid=1720, SUCCESS, logIndex=0, commits[c26939f8-4d1f-4fb1-95c4-1aa8f7e5d3f6:c2490, c5393538-959b-47cf-9d9c-19dac7bed4ee:c2486, a2e6e0ff-38a8-4bcf-9958-a89ff312531d:c2486]
2019-07-15 13:06:57,006 INFO  client.GrpcClientProtocolClient (GrpcClientProtocolClient.java:onNext(255)) - client-B30EC828C355->c26939f8-4d1f-4fb1-95c4-1aa8f7e5d3f6: receive RaftClientReply:client-B30EC828C355->c26939f8-4d1f-4fb1-95c4-1aa8f7e5d3f6@group-D25BE8053FEA, cid=1721, SUCCESS, logIndex=2493, commits[c26939f8-4d1f-4fb1-95c4-1aa8f7e5d3f6:c2494, c5393538-959b-47cf-9d9c-19dac7bed4ee:c2492, a2e6e0ff-38a8-4bcf-9958-a89ff312531d:c2492]
2019-07-15 13:06:57,007 INFO  client.GrpcClientProtocolClient (GrpcClientProtocolClient.java:onNext(255)) - client-B30EC828C355->c26939f8-4d1f-4fb1-95c4-1aa8f7e5d3f6: receive RaftClientReply:client-B30EC828C355->c26939f8-4d1f-4fb1-95c4-1aa8f7e5d3f6@group-D25BE8053FEA, cid=1722, SUCCESS, logIndex=2494, commits[c26939f8-4d1f-4fb1-95c4-1aa8f7e5d3f6:c2494, c5393538-959b-47cf-9d9c-19dac7bed4ee:c2492, a2e6e0ff-38a8-4bcf-9958-a89ff312531d:c2492]
2019-07-15 13:06:57,020 INFO  client.GrpcClientProtocolClient (GrpcClientProtocolClient.java:onNext(255)) - client-B30EC828C355->c26939f8-4d1f-4fb1-95c4-1aa8f7e5d3f6: receive RaftClientReply:client-B30EC828C355->c26939f8-4d1f-4fb1-95c4-1aa8f7e5d3f6@group-D25BE8053FEA, cid=1723, SUCCESS, logIndex=2497, commits[c26939f8-4d1f-4fb1-95c4-1aa8f7e5d3f6:c2498, c5393538-959b-47cf-9d9c-19dac7bed4ee:c2493, a2e6e0ff-38a8-4bcf-9958-a89ff312531d:c2494]
2019-07-15 13:06:57,020 INFO  client.GrpcClientProtocolClient (GrpcClientProtocolClient.java:onNext(255)) - client-B30EC828C355->c26939f8-4d1f-4fb1-95c4-1aa8f7e5d3f6: receive RaftClientReply:client-B30EC828C355->c26939f8-4d1f-4fb1-95c4-1aa8f7e5d3f6@group-D25BE8053FEA, cid=1724, SUCCESS, logIndex=2498, commits[c26939f8-4d1f-4fb1-95c4-1aa8f7e5d3f6:c2498, c5393538-959b-47cf-9d9c-19dac7bed4ee:c2494, a2e6e0ff-38a8-4bcf-9958-a89ff312531d:c2494]
2019-07-15 13:06:57,022 INFO  client.GrpcClientProtocolClient (GrpcClientProtocolClient.java:onNext(255)) - client-B30EC828C355->c26939f8-4d1f-4fb1-95c4-1aa8f7e5d3f6: receive RaftClientReply:client-B30EC828C355->c26939f8-4d1f-4fb1-95c4-1aa8f7e5d3f6@group-D25BE8053FEA, cid=1725, SUCCESS, logIndex=0, commits[c26939f8-4d1f-4fb1-95c4-1aa8f7e5d3f6:c2499, c5393538-959b-47cf-9d9c-19dac7bed4ee:c2498, a2e6e0ff-38a8-4bcf-9958-a89ff312531d:c2498]
2019-07-15 13:06:57,052 INFO  client.GrpcClientProtocolClient (GrpcClientProtocolClient.java:onNext(255)) - client-B30EC828C355->c26939f8-4d1f-4fb1-95c4-1aa8f7e5d3f6: receive RaftClientReply:client-B30EC828C355->c26939f8-4d1f-4fb1-95c4-1aa8f7e5d3f6@group-D25BE8053FEA, cid=1726, SUCCESS, logIndex=2501, commits[c26939f8-4d1f-4fb1-95c4-1aa8f7e5d3f6:c2502, c5393538-959b-47cf-9d9c-19dac7bed4ee:c2500, a2e6e0ff-38a8-4bcf-9958-a89ff312531d:c2500]
2019-07-15 13:06:57,053 INFO  client.GrpcClientProtocolClient (GrpcClientProtocolClient.java:onNext(255)) - client-B30EC828C355->c26939f8-4d1f-4fb1-95c4-1aa8f7e5d3f6: receive RaftClientReply:client-B30EC828C355->c26939f8-4d1f-4fb1-95c4-1aa8f7e5d3f6@group-D25BE8053FEA, cid=1727, SUCCESS, logIndex=2502, commits[c26939f8-4d1f-4fb1-95c4-1aa8f7e5d3f6:c2503, c5393538-959b-47cf-9d9c-19dac7bed4ee:c2500, a2e6e0ff-38a8-4bcf-9958-a89ff312531d:c2500]
2019-07-15 13:06:57,053 INFO  client.GrpcClientProtocolClient (GrpcClientProtocolClient.java:onNext(255)) - client-B30EC828C355->c26939f8-4d1f-4fb1-95c4-1aa8f7e5d3f6: receive RaftClientReply:client-B30EC828C355->c26939f8-4d1f-4fb1-95c4-1aa8f7e5d3f6@group-D25BE8053FEA, cid=1728, SUCCESS, logIndex=2503, commits[c26939f8-4d1f-4fb1-95c4-1aa8f7e5d3f6:c2504, c5393538-959b-47cf-9d9c-19dac7bed4ee:c2500, a2e6e0ff-38a8-4bcf-9958-a89ff312531d:c2500]
2019-07-15 13:06:57,054 INFO  client.GrpcClientProtocolClient (GrpcClientProtocolClient.java:onNext(255)) - client-B30EC828C355->c26939f8-4d1f-4fb1-95c4-1aa8f7e5d3f6: receive RaftClientReply:client-B30EC828C355->c26939f8-4d1f-4fb1-95c4-1aa8f7e5d3f6@group-D25BE8053FEA, cid=1729, SUCCESS, logIndex=2504, commits[c26939f8-4d1f-4fb1-95c4-1aa8f7e5d3f6:c2504, c5393538-959b-47cf-9d9c-19dac7bed4ee:c2500, a2e6e0ff-38a8-4bcf-9958-a89ff312531d:c2500]
2019-07-15 13:06:57,055 INFO  client.GrpcClientProtocolClient (GrpcClientProtocolClient.java:onNext(255)) - client-B30EC828C355->c26939f8-4d1f-4fb1-95c4-1aa8f7e5d3f6: receive RaftClientReply:client-B30EC828C355->c26939f8-4d1f-4fb1-95c4-1aa8f7e5d3f6@group-D25BE8053FEA, cid=1730, SUCCESS, logIndex=0, commits[c26939f8-4d1f-4fb1-95c4-1aa8f7e5d3f6:c2507, c5393538-959b-47cf-9d9c-19dac7bed4ee:c2503, a2e6e0ff-38a8-4bcf-9958-a89ff312531d:c2503]
2019-07-15 13:06:57,076 INFO  client.GrpcClientProtocolClient (GrpcClientProtocolClient.java:onNext(255)) - client-B30EC828C355->c26939f8-4d1f-4fb1-95c4-1aa8f7e5d3f6: receive RaftClientReply:client-B30EC828C355->c26939f8-4d1f-4fb1-95c4-1aa8f7e5d3f6@group-D25BE8053FEA, cid=1731, SUCCESS, logIndex=2509, commits[c26939f8-4d1f-4fb1-95c4-1aa8f7e5d3f6:c2510, c5393538-959b-47cf-9d9c-19dac7bed4ee:c2508, a2e6e0ff-38a8-4bcf-9958-a89ff312531d:c2508]
2019-07-15 13:06:57,077 INFO  client.GrpcClientProtocolClient (GrpcClientProtocolClient.java:onNext(255)) - client-B30EC828C355->c26939f8-4d1f-4fb1-95c4-1aa8f7e5d3f6: receive RaftClientReply:client-B30EC828C355->c26939f8-4d1f-4fb1-95c4-1aa8f7e5d3f6@group-D25BE8053FEA, cid=1732, SUCCESS, logIndex=2510, commits[c26939f8-4d1f-4fb1-95c4-1aa8f7e5d3f6:c2510, c5393538-959b-47cf-9d9c-19dac7bed4ee:c2508, a2e6e0ff-38a8-4bcf-9958-a89ff312531d:c2508]
2019-07-15 13:06:57,090 INFO  client.GrpcClientProtocolClient (GrpcClientProtocolClient.java:onNext(255)) - client-B30EC828C355->c26939f8-4d1f-4fb1-95c4-1aa8f7e5d3f6: receive RaftClientReply:client-B30EC828C355->c26939f8-4d1f-4fb1-95c4-1aa8f7e5d3f6@group-D25BE8053FEA, cid=1733, SUCCESS, logIndex=2513, commits[c26939f8-4d1f-4fb1-95c4-1aa8f7e5d3f6:c2514, c5393538-959b-47cf-9d9c-19dac7bed4ee:c2510, a2e6e0ff-38a8-4bcf-9958-a89ff312531d:c2510]
2019-07-15 13:06:57,090 INFO  client.GrpcClientProtocolClient (GrpcClientProtocolClient.java:onNext(255)) - client-B30EC828C355->c26939f8-4d1f-4fb1-95c4-1aa8f7e5d3f6: receive RaftClientReply:client-B30EC828C355->c26939f8-4d1f-4fb1-95c4-1aa8f7e5d3f6@group-D25BE8053FEA, cid=1734, SUCCESS, logIndex=2514, commits[c26939f8-4d1f-4fb1-95c4-1aa8f7e5d3f6:c2514, c5393538-959b-47cf-9d9c-19dac7bed4ee:c2510, a2e6e0ff-38a8-4bcf-9958-a89ff312531d:c2510]
2019-07-15 13:06:57,103 INFO  client.GrpcClientProtocolClient (GrpcClientProtocolClient.java:onNext(255)) - client-B30EC828C355->c26939f8-4d1f-4fb1-95c4-1aa8f7e5d3f6: receive RaftClientReply:client-B30EC828C355->c26939f8-4d1f-4fb1-95c4-1aa8f7e5d3f6@group-D25BE8053FEA, cid=1735, SUCCESS, logIndex=0, commits[c26939f8-4d1f-4fb1-95c4-1aa8f7e5d3f6:c2516, c5393538-959b-47cf-9d9c-19dac7bed4ee:c2514, a2e6e0ff-38a8-4bcf-9958-a89ff312531d:c2514]
2019-07-15 13:06:57,130 INFO  client.GrpcClientProtocolClient (GrpcClientProtocolClient.java:onNext(255)) - client-B30EC828C355->c26939f8-4d1f-4fb1-95c4-1aa8f7e5d3f6: receive RaftClientReply:client-B30EC828C355->c26939f8-4d1f-4fb1-95c4-1aa8f7e5d3f6@group-D25BE8053FEA, cid=1736, SUCCESS, logIndex=2517, commits[c26939f8-4d1f-4fb1-95c4-1aa8f7e5d3f6:c2518, c5393538-959b-47cf-9d9c-19dac7bed4ee:c2516, a2e6e0ff-38a8-4bcf-9958-a89ff312531d:c2516]
2019-07-15 13:06:57,131 INFO  client.GrpcClientProtocolClient (GrpcClientProtocolClient.java:onNext(255)) - client-B30EC828C355->c26939f8-4d1f-4fb1-95c4-1aa8f7e5d3f6: receive RaftClientReply:client-B30EC828C355->c26939f8-4d1f-4fb1-95c4-1aa8f7e5d3f6@group-D25BE8053FEA, cid=1737, SUCCESS, logIndex=2518, commits[c26939f8-4d1f-4fb1-95c4-1aa8f7e5d3f6:c2518, c5393538-959b-47cf-9d9c-19dac7bed4ee:c2516, a2e6e0ff-38a8-4bcf-9958-a89ff312531d:c2516]
2019-07-15 13:06:57,132 INFO  client.GrpcClientProtocolClient (GrpcClientProtocolClient.java:onNext(255)) - client-B30EC828C355->c26939f8-4d1f-4fb1-95c4-1aa8f7e5d3f6: receive RaftClientReply:client-B30EC828C355->c26939f8-4d1f-4fb1-95c4-1aa8f7e5d3f6@group-D25BE8053FEA, cid=1738, SUCCESS, logIndex=2519, commits[c26939f8-4d1f-4fb1-95c4-1aa8f7e5d3f6:c2520, c5393538-959b-47cf-9d9c-19dac7bed4ee:c2516, a2e6e0ff-38a8-4bcf-9958-a89ff312531d:c2516]
2019-07-15 13:06:57,132 INFO  client.GrpcClientProtocolClient (GrpcClientProtocolClient.java:onNext(255)) - client-B30EC828C355->c26939f8-4d1f-4fb1-95c4-1aa8f7e5d3f6: receive RaftClientReply:client-B30EC828C355->c26939f8-4d1f-4fb1-95c4-1aa8f7e5d3f6@group-D25BE8053FEA, cid=1739, SUCCESS, logIndex=2520, commits[c26939f8-4d1f-4fb1-95c4-1aa8f7e5d3f6:c2520, c5393538-959b-47cf-9d9c-19dac7bed4ee:c2516, a2e6e0ff-38a8-4bcf-9958-a89ff312531d:c2516]
2019-07-15 13:06:57,134 INFO  client.GrpcClientProtocolClient (GrpcClientProtocolClient.java:onNext(255)) - client-B30EC828C355->c26939f8-4d1f-4fb1-95c4-1aa8f7e5d3f6: receive RaftClientReply:client-B30EC828C355->c26939f8-4d1f-4fb1-95c4-1aa8f7e5d3f6@group-D25BE8053FEA, cid=1740, SUCCESS, logIndex=0, commits[c26939f8-4d1f-4fb1-95c4-1aa8f7e5d3f6:c2524, c5393538-959b-47cf-9d9c-19dac7bed4ee:c2520, a2e6e0ff-38a8-4bcf-9958-a89ff312531d:c2518]
2019-07-15 13:06:57,155 INFO  client.GrpcClientProtocolClient (GrpcClientProtocolClient.java:onNext(255)) - client-B30EC828C355->c26939f8-4d1f-4fb1-95c4-1aa8f7e5d3f6: receive RaftClientReply:client-B30EC828C355->c26939f8-4d1f-4fb1-95c4-1aa8f7e5d3f6@group-D25BE8053FEA, cid=1741, SUCCESS, logIndex=2525, commits[c26939f8-4d1f-4fb1-95c4-1aa8f7e5d3f6:c2526, c5393538-959b-47cf-9d9c-19dac7bed4ee:c2524, a2e6e0ff-38a8-4bcf-9958-a89ff312531d:c2524]
2019-07-15 13:06:57,155 INFO  client.GrpcClientProtocolClient (GrpcClientProtocolClient.java:onNext(255)) - client-B30EC828C355->c26939f8-4d1f-4fb1-95c4-1aa8f7e5d3f6: receive RaftClientReply:client-B30EC828C355->c26939f8-4d1f-4fb1-95c4-1aa8f7e5d3f6@group-D25BE8053FEA, cid=1742, SUCCESS, logIndex=2526, commits[c26939f8-4d1f-4fb1-95c4-1aa8f7e5d3f6:c2526, c5393538-959b-47cf-9d9c-19dac7bed4ee:c2524, a2e6e0ff-38a8-4bcf-9958-a89ff312531d:c2524]
2019-07-15 13:06:57,268 INFO  client.GrpcClientProtocolClient (GrpcClientProtocolClient.java:onNext(255)) - client-B30EC828C355->c26939f8-4d1f-4fb1-95c4-1aa8f7e5d3f6: receive RaftClientReply:client-B30EC828C355->c26939f8-4d1f-4fb1-95c4-1aa8f7e5d3f6@group-D25BE8053FEA, cid=1743, SUCCESS, logIndex=2529, commits[c26939f8-4d1f-4fb1-95c4-1aa8f7e5d3f6:c2530, c5393538-959b-47cf-9d9c-19dac7bed4ee:c2526, a2e6e0ff-38a8-4bcf-9958-a89ff312531d:c2525]
2019-07-15 13:06:57,269 INFO  client.GrpcClientProtocolClient (GrpcClientProtocolClient.java:onNext(255)) - client-B30EC828C355->c26939f8-4d1f-4fb1-95c4-1aa8f7e5d3f6: receive RaftClientReply:client-B30EC828C355->c26939f8-4d1f-4fb1-95c4-1aa8f7e5d3f6@group-D25BE8053FEA, cid=1744, SUCCESS, logIndex=2530, commits[c26939f8-4d1f-4fb1-95c4-1aa8f7e5d3f6:c2530, c5393538-959b-47cf-9d9c-19dac7bed4ee:c2526, a2e6e0ff-38a8-4bcf-9958-a89ff312531d:c2525]
2019-07-15 13:06:57,279 INFO  client.GrpcClientProtocolClient (GrpcClientProtocolClient.java:onNext(255)) - client-B30EC828C355->c26939f8-4d1f-4fb1-95c4-1aa8f7e5d3f6: receive RaftClientReply:client-B30EC828C355->c26939f8-4d1f-4fb1-95c4-1aa8f7e5d3f6@group-D25BE8053FEA, cid=1745, SUCCESS, logIndex=0, commits[c26939f8-4d1f-4fb1-95c4-1aa8f7e5d3f6:c2530, c5393538-959b-47cf-9d9c-19dac7bed4ee:c2526, a2e6e0ff-38a8-4bcf-9958-a89ff312531d:c2526]
2019-07-15 13:06:57,280 INFO  client.GrpcClientProtocolClient (GrpcClientProtocolClient.java:onNext(255)) - client-B30EC828C355->c26939f8-4d1f-4fb1-95c4-1aa8f7e5d3f6: receive RaftClientReply:client-B30EC828C355->c26939f8-4d1f-4fb1-95c4-1aa8f7e5d3f6@group-D25BE8053FEA, cid=1746, SUCCESS, logIndex=0, commits[c26939f8-4d1f-4fb1-95c4-1aa8f7e5d3f6:c2532, c5393538-959b-47cf-9d9c-19dac7bed4ee:c2530, a2e6e0ff-38a8-4bcf-9958-a89ff312531d:c2530]
2019-07-15 13:06:57,314 INFO  client.GrpcClientProtocolClient (GrpcClientProtocolClient.java:onNext(255)) - client-B30EC828C355->c26939f8-4d1f-4fb1-95c4-1aa8f7e5d3f6: receive RaftClientReply:client-B30EC828C355->c26939f8-4d1f-4fb1-95c4-1aa8f7e5d3f6@group-D25BE8053FEA, cid=1747, SUCCESS, logIndex=2533, commits[c26939f8-4d1f-4fb1-95c4-1aa8f7e5d3f6:c2535, c5393538-959b-47cf-9d9c-19dac7bed4ee:c2532, a2e6e0ff-38a8-4bcf-9958-a89ff312531d:c2532]
2019-07-15 13:06:57,314 INFO  client.GrpcClientProtocolClient (GrpcClientProtocolClient.java:onNext(255)) - client-B30EC828C355->c26939f8-4d1f-4fb1-95c4-1aa8f7e5d3f6: receive RaftClientReply:client-B30EC828C355->c26939f8-4d1f-4fb1-95c4-1aa8f7e5d3f6@group-D25BE8053FEA, cid=1748, SUCCESS, logIndex=2534, commits[c26939f8-4d1f-4fb1-95c4-1aa8f7e5d3f6:c2536, c5393538-959b-47cf-9d9c-19dac7bed4ee:c2532, a2e6e0ff-38a8-4bcf-9958-a89ff312531d:c2532]
2019-07-15 13:06:57,315 INFO  client.GrpcClientProtocolClient (GrpcClientProtocolClient.java:onNext(255)) - client-B30EC828C355->c26939f8-4d1f-4fb1-95c4-1aa8f7e5d3f6: receive RaftClientReply:client-B30EC828C355->c26939f8-4d1f-4fb1-95c4-1aa8f7e5d3f6@group-D25BE8053FEA, cid=1749, SUCCESS, logIndex=2535, commits[c26939f8-4d1f-4fb1-95c4-1aa8f7e5d3f6:c2536, c5393538-959b-47cf-9d9c-19dac7bed4ee:c2532, a2e6e0ff-38a8-4bcf-9958-a89ff312531d:c2532]
2019-07-15 13:06:57,315 INFO  client.GrpcClientProtocolClient (GrpcClientProtocolClient.java:onNext(255)) - client-B30EC828C355->c26939f8-4d1f-4fb1-95c4-1aa8f7e5d3f6: receive RaftClientReply:client-B30EC828C355->c26939f8-4d1f-4fb1-95c4-1aa8f7e5d3f6@group-D25BE8053FEA, cid=1750, SUCCESS, logIndex=2536, commits[c26939f8-4d1f-4fb1-95c4-1aa8f7e5d3f6:c2536, c5393538-959b-47cf-9d9c-19dac7bed4ee:c2532, a2e6e0ff-38a8-4bcf-9958-a89ff312531d:c2532]
2019-07-15 13:06:57,327 INFO  client.GrpcClientProtocolClient (GrpcClientProtocolClient.java:onNext(255)) - client-B30EC828C355->c26939f8-4d1f-4fb1-95c4-1aa8f7e5d3f6: receive RaftClientReply:client-B30EC828C355->c26939f8-4d1f-4fb1-95c4-1aa8f7e5d3f6@group-D25BE8053FEA, cid=1751, SUCCESS, logIndex=0, commits[c26939f8-4d1f-4fb1-95c4-1aa8f7e5d3f6:c2540, c5393538-959b-47cf-9d9c-19dac7bed4ee:c2536, a2e6e0ff-38a8-4bcf-9958-a89ff312531d:c2535]
2019-07-15 13:06:57,347 INFO  client.GrpcClientProtocolClient (GrpcClientProtocolClient.java:onNext(255)) - client-B30EC828C355->c26939f8-4d1f-4fb1-95c4-1aa8f7e5d3f6: receive RaftClientReply:client-B30EC828C355->c26939f8-4d1f-4fb1-95c4-1aa8f7e5d3f6@group-D25BE8053FEA, cid=1752, SUCCESS, logIndex=2541, commits[c26939f8-4d1f-4fb1-95c4-1aa8f7e5d3f6:c2542, c5393538-959b-47cf-9d9c-19dac7bed4ee:c2540, a2e6e0ff-38a8-4bcf-9958-a89ff312531d:c2540]
2019-07-15 13:06:57,348 INFO  client.GrpcClientProtocolClient (GrpcClientProtocolClient.java:onNext(255)) - client-B30EC828C355->c26939f8-4d1f-4fb1-95c4-1aa8f7e5d3f6: receive RaftClientReply:client-B30EC828C355->c26939f8-4d1f-4fb1-95c4-1aa8f7e5d3f6@group-D25BE8053FEA, cid=1753, SUCCESS, logIndex=2542, commits[c26939f8-4d1f-4fb1-95c4-1aa8f7e5d3f6:c2542, c5393538-959b-47cf-9d9c-19dac7bed4ee:c2540, a2e6e0ff-38a8-4bcf-9958-a89ff312531d:c2540]
2019-07-15 13:06:57,361 INFO  client.GrpcClientProtocolClient (GrpcClientProtocolClient.java:onNext(255)) - client-B30EC828C355->c26939f8-4d1f-4fb1-95c4-1aa8f7e5d3f6: receive RaftClientReply:client-B30EC828C355->c26939f8-4d1f-4fb1-95c4-1aa8f7e5d3f6@group-D25BE8053FEA, cid=1754, SUCCESS, logIndex=2545, commits[c26939f8-4d1f-4fb1-95c4-1aa8f7e5d3f6:c2545, c5393538-959b-47cf-9d9c-19dac7bed4ee:c2542, a2e6e0ff-38a8-4bcf-9958-a89ff312531d:c2542]
2019-07-15 13:06:57,361 INFO  client.GrpcClientProtocolClient (GrpcClientProtocolClient.java:onNext(255)) - client-B30EC828C355->c26939f8-4d1f-4fb1-95c4-1aa8f7e5d3f6: receive RaftClientReply:client-B30EC828C355->c26939f8-4d1f-4fb1-95c4-1aa8f7e5d3f6@group-D25BE8053FEA, cid=1755, SUCCESS, logIndex=2546, commits[c26939f8-4d1f-4fb1-95c4-1aa8f7e5d3f6:c2546, c5393538-959b-47cf-9d9c-19dac7bed4ee:c2542, a2e6e0ff-38a8-4bcf-9958-a89ff312531d:c2542]
2019-07-15 13:06:57,374 INFO  client.GrpcClientProtocolClient (GrpcClientProtocolClient.java:onNext(255)) - client-B30EC828C355->c26939f8-4d1f-4fb1-95c4-1aa8f7e5d3f6: receive RaftClientReply:client-B30EC828C355->c26939f8-4d1f-4fb1-95c4-1aa8f7e5d3f6@group-D25BE8053FEA, cid=1756, SUCCESS, logIndex=0, commits[c26939f8-4d1f-4fb1-95c4-1aa8f7e5d3f6:c2548, c5393538-959b-47cf-9d9c-19dac7bed4ee:c2546, a2e6e0ff-38a8-4bcf-9958-a89ff312531d:c2546]
2019-07-15 13:06:57,400 INFO  client.GrpcClientProtocolClient (GrpcClientProtocolClient.java:onNext(255)) - client-B30EC828C355->c26939f8-4d1f-4fb1-95c4-1aa8f7e5d3f6: receive RaftClientReply:client-B30EC828C355->c26939f8-4d1f-4fb1-95c4-1aa8f7e5d3f6@group-D25BE8053FEA, cid=1757, SUCCESS, logIndex=2549, commits[c26939f8-4d1f-4fb1-95c4-1aa8f7e5d3f6:c2550, c5393538-959b-47cf-9d9c-19dac7bed4ee:c2548, a2e6e0ff-38a8-4bcf-9958-a89ff312531d:c2548]
2019-07-15 13:06:57,401 INFO  client.GrpcClientProtocolClient (GrpcClientProtocolClient.java:onNext(255)) - client-B30EC828C355->c26939f8-4d1f-4fb1-95c4-1aa8f7e5d3f6: receive RaftClientReply:client-B30EC828C355->c26939f8-4d1f-4fb1-95c4-1aa8f7e5d3f6@group-D25BE8053FEA, cid=1758, SUCCESS, logIndex=2550, commits[c26939f8-4d1f-4fb1-95c4-1aa8f7e5d3f6:c2551, c5393538-959b-47cf-9d9c-19dac7bed4ee:c2548, a2e6e0ff-38a8-4bcf-9958-a89ff312531d:c2548]
2019-07-15 13:06:57,401 INFO  client.GrpcClientProtocolClient (GrpcClientProtocolClient.java:onNext(255)) - client-B30EC828C355->c26939f8-4d1f-4fb1-95c4-1aa8f7e5d3f6: receive RaftClientReply:client-B30EC828C355->c26939f8-4d1f-4fb1-95c4-1aa8f7e5d3f6@group-D25BE8053FEA, cid=1759, SUCCESS, logIndex=2551, commits[c26939f8-4d1f-4fb1-95c4-1aa8f7e5d3f6:c2552, c5393538-959b-47cf-9d9c-19dac7bed4ee:c2548, a2e6e0ff-38a8-4bcf-9958-a89ff312531d:c2548]
2019-07-15 13:06:57,401 INFO  client.GrpcClientProtocolClient (GrpcClientProtocolClient.java:onNext(255)) - client-B30EC828C355->c26939f8-4d1f-4fb1-95c4-1aa8f7e5d3f6: receive RaftClientReply:client-B30EC828C355->c26939f8-4d1f-4fb1-95c4-1aa8f7e5d3f6@group-D25BE8053FEA, cid=1760, SUCCESS, logIndex=2552, commits[c26939f8-4d1f-4fb1-95c4-1aa8f7e5d3f6:c2552, c5393538-959b-47cf-9d9c-19dac7bed4ee:c2548, a2e6e0ff-38a8-4bcf-9958-a89ff312531d:c2548]
2019-07-15 13:06:57,403 INFO  client.GrpcClientProtocolClient (GrpcClientProtocolClient.java:onNext(255)) - client-B30EC828C355->c26939f8-4d1f-4fb1-95c4-1aa8f7e5d3f6: receive RaftClientReply:client-B30EC828C355->c26939f8-4d1f-4fb1-95c4-1aa8f7e5d3f6@group-D25BE8053FEA, cid=1761, SUCCESS, logIndex=0, commits[c26939f8-4d1f-4fb1-95c4-1aa8f7e5d3f6:c2554, c5393538-959b-47cf-9d9c-19dac7bed4ee:c2550, a2e6e0ff-38a8-4bcf-9958-a89ff312531d:c2550]
2019-07-15 13:06:57,423 INFO  client.GrpcClientProtocolClient (GrpcClientProtocolClient.java:onNext(255)) - client-B30EC828C355->c26939f8-4d1f-4fb1-95c4-1aa8f7e5d3f6: receive RaftClientReply:client-B30EC828C355->c26939f8-4d1f-4fb1-95c4-1aa8f7e5d3f6@group-D25BE8053FEA, cid=1762, SUCCESS, logIndex=2557, commits[c26939f8-4d1f-4fb1-95c4-1aa8f7e5d3f6:c2558, c5393538-959b-47cf-9d9c-19dac7bed4ee:c2556, a2e6e0ff-38a8-4bcf-9958-a89ff312531d:c2556]
2019-07-15 13:06:57,423 INFO  client.GrpcClientProtocolClient (GrpcClientProtocolClient.java:onNext(255)) - client-B30EC828C355->c26939f8-4d1f-4fb1-95c4-1aa8f7e5d3f6: receive RaftClientReply:client-B30EC828C355->c26939f8-4d1f-4fb1-95c4-1aa8f7e5d3f6@group-D25BE8053FEA, cid=1763, SUCCESS, logIndex=2558, commits[c26939f8-4d1f-4fb1-95c4-1aa8f7e5d3f6:c2558, c5393538-959b-47cf-9d9c-19dac7bed4ee:c2556, a2e6e0ff-38a8-4bcf-9958-a89ff312531d:c2556]
2019-07-15 13:06:57,440 INFO  client.GrpcClientProtocolClient (GrpcClientProtocolClient.java:onNext(255)) - client-B30EC828C355->c26939f8-4d1f-4fb1-95c4-1aa8f7e5d3f6: receive RaftClientReply:client-B30EC828C355->c26939f8-4d1f-4fb1-95c4-1aa8f7e5d3f6@group-D25BE8053FEA, cid=1764, SUCCESS, logIndex=2561, commits[c26939f8-4d1f-4fb1-95c4-1aa8f7e5d3f6:c2561, c5393538-959b-47cf-9d9c-19dac7bed4ee:c2558, a2e6e0ff-38a8-4bcf-9958-a89ff312531d:c2558]
2019-07-15 13:06:57,441 INFO  client.GrpcClientProtocolClient (GrpcClientProtocolClient.java:onNext(255)) - client-B30EC828C355->c26939f8-4d1f-4fb1-95c4-1aa8f7e5d3f6: receive RaftClientReply:client-B30EC828C355->c26939f8-4d1f-4fb1-95c4-1aa8f7e5d3f6@group-D25BE8053FEA, cid=1765, SUCCESS, logIndex=2562, commits[c26939f8-4d1f-4fb1-95c4-1aa8f7e5d3f6:c2562, c5393538-959b-47cf-9d9c-19dac7bed4ee:c2558, a2e6e0ff-38a8-4bcf-9958-a89ff312531d:c2558]
2019-07-15 13:06:57,453 INFO  client.GrpcClientProtocolClient (GrpcClientProtocolClient.java:onNext(255)) - client-B30EC828C355->c26939f8-4d1f-4fb1-95c4-1aa8f7e5d3f6: receive RaftClientReply:client-B30EC828C355->c26939f8-4d1f-4fb1-95c4-1aa8f7e5d3f6@group-D25BE8053FEA, cid=1766, SUCCESS, logIndex=0, commits[c26939f8-4d1f-4fb1-95c4-1aa8f7e5d3f6:c2563, c5393538-959b-47cf-9d9c-19dac7bed4ee:c2562, a2e6e0ff-38a8-4bcf-9958-a89ff312531d:c2562]
2019-07-15 13:06:57,484 INFO  client.GrpcClientProtocolClient (GrpcClientProtocolClient.java:onNext(255)) - client-B30EC828C355->c26939f8-4d1f-4fb1-95c4-1aa8f7e5d3f6: receive RaftClientReply:client-B30EC828C355->c26939f8-4d1f-4fb1-95c4-1aa8f7e5d3f6@group-D25BE8053FEA, cid=1767, SUCCESS, logIndex=2565, commits[c26939f8-4d1f-4fb1-95c4-1aa8f7e5d3f6:c2566, c5393538-959b-47cf-9d9c-19dac7bed4ee:c2564, a2e6e0ff-38a8-4bcf-9958-a89ff312531d:c2564]
2019-07-15 13:06:57,484 INFO  client.GrpcClientProtocolClient (GrpcClientProtocolClient.java:onNext(255)) - client-B30EC828C355->c26939f8-4d1f-4fb1-95c4-1aa8f7e5d3f6: receive RaftClientReply:client-B30EC828C355->c26939f8-4d1f-4fb1-95c4-1aa8f7e5d3f6@group-D25BE8053FEA, cid=1768, SUCCESS, logIndex=2566, commits[c26939f8-4d1f-4fb1-95c4-1aa8f7e5d3f6:c2568, c5393538-959b-47cf-9d9c-19dac7bed4ee:c2564, a2e6e0ff-38a8-4bcf-9958-a89ff312531d:c2564]
2019-07-15 13:06:57,484 INFO  client.GrpcClientProtocolClient (GrpcClientProtocolClient.java:onNext(255)) - client-B30EC828C355->c26939f8-4d1f-4fb1-95c4-1aa8f7e5d3f6: receive RaftClientReply:client-B30EC828C355->c26939f8-4d1f-4fb1-95c4-1aa8f7e5d3f6@group-D25BE8053FEA, cid=1769, SUCCESS, logIndex=2567, commits[c26939f8-4d1f-4fb1-95c4-1aa8f7e5d3f6:c2568, c5393538-959b-47cf-9d9c-19dac7bed4ee:c2564, a2e6e0ff-38a8-4bcf-9958-a89ff312531d:c2564]
2019-07-15 13:06:57,485 INFO  client.GrpcClientProtocolClient (GrpcClientProtocolClient.java:onNext(255)) - client-B30EC828C355->c26939f8-4d1f-4fb1-95c4-1aa8f7e5d3f6: receive RaftClientReply:client-B30EC828C355->c26939f8-4d1f-4fb1-95c4-1aa8f7e5d3f6@group-D25BE8053FEA, cid=1770, SUCCESS, logIndex=2568, commits[c26939f8-4d1f-4fb1-95c4-1aa8f7e5d3f6:c2568, c5393538-959b-47cf-9d9c-19dac7bed4ee:c2564, a2e6e0ff-38a8-4bcf-9958-a89ff312531d:c2564]
2019-07-15 13:06:57,486 INFO  client.GrpcClientProtocolClient (GrpcClientProtocolClient.java:onNext(255)) - client-B30EC828C355->c26939f8-4d1f-4fb1-95c4-1aa8f7e5d3f6: receive RaftClientReply:client-B30EC828C355->c26939f8-4d1f-4fb1-95c4-1aa8f7e5d3f6@group-D25BE8053FEA, cid=1771, SUCCESS, logIndex=0, commits[c26939f8-4d1f-4fb1-95c4-1aa8f7e5d3f6:c2569, c5393538-959b-47cf-9d9c-19dac7bed4ee:c2566, a2e6e0ff-38a8-4bcf-9958-a89ff312531d:c2566]
2019-07-15 13:06:57,510 INFO  client.GrpcClientProtocolClient (GrpcClientProtocolClient.java:onNext(255)) - client-B30EC828C355->c26939f8-4d1f-4fb1-95c4-1aa8f7e5d3f6: receive RaftClientReply:client-B30EC828C355->c26939f8-4d1f-4fb1-95c4-1aa8f7e5d3f6@group-D25BE8053FEA, cid=1772, SUCCESS, logIndex=2573, commits[c26939f8-4d1f-4fb1-95c4-1aa8f7e5d3f6:c2574, c5393538-959b-47cf-9d9c-19dac7bed4ee:c2572, a2e6e0ff-38a8-4bcf-9958-a89ff312531d:c2572]
2019-07-15 13:06:57,510 INFO  client.GrpcClientProtocolClient (GrpcClientProtocolClient.java:onNext(255)) - client-B30EC828C355->c26939f8-4d1f-4fb1-95c4-1aa8f7e5d3f6: receive RaftClientReply:client-B30EC828C355->c26939f8-4d1f-4fb1-95c4-1aa8f7e5d3f6@group-D25BE8053FEA, cid=1773, SUCCESS, logIndex=2574, commits[c26939f8-4d1f-4fb1-95c4-1aa8f7e5d3f6:c2574, c5393538-959b-47cf-9d9c-19dac7bed4ee:c2572, a2e6e0ff-38a8-4bcf-9958-a89ff312531d:c2572]
2019-07-15 13:06:57,523 INFO  client.GrpcClientProtocolClient (GrpcClientProtocolClient.java:onNext(255)) - client-B30EC828C355->c26939f8-4d1f-4fb1-95c4-1aa8f7e5d3f6: receive RaftClientReply:client-B30EC828C355->c26939f8-4d1f-4fb1-95c4-1aa8f7e5d3f6@group-D25BE8053FEA, cid=1774, SUCCESS, logIndex=2577, commits[c26939f8-4d1f-4fb1-95c4-1aa8f7e5d3f6:c2577, c5393538-959b-47cf-9d9c-19dac7bed4ee:c2574, a2e6e0ff-38a8-4bcf-9958-a89ff312531d:c2574]
2019-07-15 13:06:57,524 INFO  client.GrpcClientProtocolClient (GrpcClientProtocolClient.java:onNext(255)) - client-B30EC828C355->c26939f8-4d1f-4fb1-95c4-1aa8f7e5d3f6: receive RaftClientReply:client-B30EC828C355->c26939f8-4d1f-4fb1-95c4-1aa8f7e5d3f6@group-D25BE8053FEA, cid=1775, SUCCESS, logIndex=2578, commits[c26939f8-4d1f-4fb1-95c4-1aa8f7e5d3f6:c2578, c5393538-959b-47cf-9d9c-19dac7bed4ee:c2574, a2e6e0ff-38a8-4bcf-9958-a89ff312531d:c2574]
2019-07-15 13:06:57,538 INFO  client.GrpcClientProtocolClient (GrpcClientProtocolClient.java:onNext(255)) - client-B30EC828C355->c26939f8-4d1f-4fb1-95c4-1aa8f7e5d3f6: receive RaftClientReply:client-B30EC828C355->c26939f8-4d1f-4fb1-95c4-1aa8f7e5d3f6@group-D25BE8053FEA, cid=1776, SUCCESS, logIndex=0, commits[c26939f8-4d1f-4fb1-95c4-1aa8f7e5d3f6:c2580, c5393538-959b-47cf-9d9c-19dac7bed4ee:c2578, a2e6e0ff-38a8-4bcf-9958-a89ff312531d:c2578]
2019-07-15 13:06:57,573 INFO  client.GrpcClientProtocolClient (GrpcClientProtocolClient.java:onNext(255)) - client-B30EC828C355->c26939f8-4d1f-4fb1-95c4-1aa8f7e5d3f6: receive RaftClientReply:client-B30EC828C355->c26939f8-4d1f-4fb1-95c4-1aa8f7e5d3f6@group-D25BE8053FEA, cid=1777, SUCCESS, logIndex=2581, commits[c26939f8-4d1f-4fb1-95c4-1aa8f7e5d3f6:c2582, c5393538-959b-47cf-9d9c-19dac7bed4ee:c2580, a2e6e0ff-38a8-4bcf-9958-a89ff312531d:c2580]
2019-07-15 13:06:57,573 INFO  client.GrpcClientProtocolClient (GrpcClientProtocolClient.java:onNext(255)) - client-B30EC828C355->c26939f8-4d1f-4fb1-95c4-1aa8f7e5d3f6: receive RaftClientReply:client-B30EC828C355->c26939f8-4d1f-4fb1-95c4-1aa8f7e5d3f6@group-D25BE8053FEA, cid=1778, SUCCESS, logIndex=2582, commits[c26939f8-4d1f-4fb1-95c4-1aa8f7e5d3f6:c2583, c5393538-959b-47cf-9d9c-19dac7bed4ee:c2580, a2e6e0ff-38a8-4bcf-9958-a89ff312531d:c2580]
2019-07-15 13:06:57,573 INFO  client.GrpcClientProtocolClient (GrpcClientProtocolClient.java:onNext(255)) - client-B30EC828C355->c26939f8-4d1f-4fb1-95c4-1aa8f7e5d3f6: receive RaftClientReply:client-B30EC828C355->c26939f8-4d1f-4fb1-95c4-1aa8f7e5d3f6@group-D25BE8053FEA, cid=1779, SUCCESS, logIndex=2583, commits[c26939f8-4d1f-4fb1-95c4-1aa8f7e5d3f6:c2583, c5393538-959b-47cf-9d9c-19dac7bed4ee:c2580, a2e6e0ff-38a8-4bcf-9958-a89ff312531d:c2580]
2019-07-15 13:06:57,574 INFO  client.GrpcClientProtocolClient (GrpcClientProtocolClient.java:onNext(255)) - client-B30EC828C355->c26939f8-4d1f-4fb1-95c4-1aa8f7e5d3f6: receive RaftClientReply:client-B30EC828C355->c26939f8-4d1f-4fb1-95c4-1aa8f7e5d3f6@group-D25BE8053FEA, cid=1780, SUCCESS, logIndex=2584, commits[c26939f8-4d1f-4fb1-95c4-1aa8f7e5d3f6:c2584, c5393538-959b-47cf-9d9c-19dac7bed4ee:c2580, a2e6e0ff-38a8-4bcf-9958-a89ff312531d:c2580]
2019-07-15 13:06:57,582 INFO  client.GrpcClientProtocolClient (GrpcClientProtocolClient.java:onNext(255)) - client-B30EC828C355->c26939f8-4d1f-4fb1-95c4-1aa8f7e5d3f6: receive RaftClientReply:client-B30EC828C355->c26939f8-4d1f-4fb1-95c4-1aa8f7e5d3f6@group-D25BE8053FEA, cid=1781, SUCCESS, logIndex=0, commits[c26939f8-4d1f-4fb1-95c4-1aa8f7e5d3f6:c2587, c5393538-959b-47cf-9d9c-19dac7bed4ee:c2582, a2e6e0ff-38a8-4bcf-9958-a89ff312531d:c2583]
2019-07-15 13:06:57,603 INFO  client.GrpcClientProtocolClient (GrpcClientProtocolClient.java:onNext(255)) - client-B30EC828C355->c26939f8-4d1f-4fb1-95c4-1aa8f7e5d3f6: receive RaftClientReply:client-B30EC828C355->c26939f8-4d1f-4fb1-95c4-1aa8f7e5d3f6@group-D25BE8053FEA, cid=1782, SUCCESS, logIndex=2589, commits[c26939f8-4d1f-4fb1-95c4-1aa8f7e5d3f6:c2590, c5393538-959b-47cf-9d9c-19dac7bed4ee:c2588, a2e6e0ff-38a8-4bcf-9958-a89ff312531d:c2588]
2019-07-15 13:06:57,603 INFO  client.GrpcClientProtocolClient (GrpcClientProtocolClient.java:onNext(255)) - client-B30EC828C355->c26939f8-4d1f-4fb1-95c4-1aa8f7e5d3f6: receive RaftClientReply:client-B30EC828C355->c26939f8-4d1f-4fb1-95c4-1aa8f7e5d3f6@group-D25BE8053FEA, cid=1783, SUCCESS, logIndex=2590, commits[c26939f8-4d1f-4fb1-95c4-1aa8f7e5d3f6:c2590, c5393538-959b-47cf-9d9c-19dac7bed4ee:c2588, a2e6e0ff-38a8-4bcf-9958-a89ff312531d:c2588]
2019-07-15 13:06:57,617 INFO  client.GrpcClientProtocolClient (GrpcClientProtocolClient.java:onNext(255)) - client-B30EC828C355->c26939f8-4d1f-4fb1-95c4-1aa8f7e5d3f6: receive RaftClientReply:client-B30EC828C355->c26939f8-4d1f-4fb1-95c4-1aa8f7e5d3f6@group-D25BE8053FEA, cid=1784, SUCCESS, logIndex=2593, commits[c26939f8-4d1f-4fb1-95c4-1aa8f7e5d3f6:c2593, c5393538-959b-47cf-9d9c-19dac7bed4ee:c2590, a2e6e0ff-38a8-4bcf-9958-a89ff312531d:c2590]
2019-07-15 13:06:57,617 INFO  client.GrpcClientProtocolClient (GrpcClientProtocolClient.java:onNext(255)) - client-B30EC828C355->c26939f8-4d1f-4fb1-95c4-1aa8f7e5d3f6: receive RaftClientReply:client-B30EC828C355->c26939f8-4d1f-4fb1-95c4-1aa8f7e5d3f6@group-D25BE8053FEA, cid=1785, SUCCESS, logIndex=2594, commits[c26939f8-4d1f-4fb1-95c4-1aa8f7e5d3f6:c2594, c5393538-959b-47cf-9d9c-19dac7bed4ee:c2590, a2e6e0ff-38a8-4bcf-9958-a89ff312531d:c2590]
2019-07-15 13:06:57,631 INFO  client.GrpcClientProtocolClient (GrpcClientProtocolClient.java:onNext(255)) - client-B30EC828C355->c26939f8-4d1f-4fb1-95c4-1aa8f7e5d3f6: receive RaftClientReply:client-B30EC828C355->c26939f8-4d1f-4fb1-95c4-1aa8f7e5d3f6@group-D25BE8053FEA, cid=1786, SUCCESS, logIndex=0, commits[c26939f8-4d1f-4fb1-95c4-1aa8f7e5d3f6:c2596, c5393538-959b-47cf-9d9c-19dac7bed4ee:c2594, a2e6e0ff-38a8-4bcf-9958-a89ff312531d:c2594]
2019-07-15 13:06:57,660 INFO  client.GrpcClientProtocolClient (GrpcClientProtocolClient.java:onNext(255)) - client-B30EC828C355->c26939f8-4d1f-4fb1-95c4-1aa8f7e5d3f6: receive RaftClientReply:client-B30EC828C355->c26939f8-4d1f-4fb1-95c4-1aa8f7e5d3f6@group-D25BE8053FEA, cid=1787, SUCCESS, logIndex=2597, commits[c26939f8-4d1f-4fb1-95c4-1aa8f7e5d3f6:c2597, c5393538-959b-47cf-9d9c-19dac7bed4ee:c2596, a2e6e0ff-38a8-4bcf-9958-a89ff312531d:c2596]
2019-07-15 13:06:57,661 INFO  client.GrpcClientProtocolClient (GrpcClientProtocolClient.java:onNext(255)) - client-B30EC828C355->c26939f8-4d1f-4fb1-95c4-1aa8f7e5d3f6: receive RaftClientReply:client-B30EC828C355->c26939f8-4d1f-4fb1-95c4-1aa8f7e5d3f6@group-D25BE8053FEA, cid=1788, SUCCESS, logIndex=2598, commits[c26939f8-4d1f-4fb1-95c4-1aa8f7e5d3f6:c2600, c5393538-959b-47cf-9d9c-19dac7bed4ee:c2596, a2e6e0ff-38a8-4bcf-9958-a89ff312531d:c2596]
2019-07-15 13:06:57,661 INFO  client.GrpcClientProtocolClient (GrpcClientProtocolClient.java:onNext(255)) - client-B30EC828C355->c26939f8-4d1f-4fb1-95c4-1aa8f7e5d3f6: receive RaftClientReply:client-B30EC828C355->c26939f8-4d1f-4fb1-95c4-1aa8f7e5d3f6@group-D25BE8053FEA, cid=1789, SUCCESS, logIndex=2599, commits[c26939f8-4d1f-4fb1-95c4-1aa8f7e5d3f6:c2600, c5393538-959b-47cf-9d9c-19dac7bed4ee:c2596, a2e6e0ff-38a8-4bcf-9958-a89ff312531d:c2596]
2019-07-15 13:06:57,661 INFO  client.GrpcClientProtocolClient (GrpcClientProtocolClient.java:onNext(255)) - client-B30EC828C355->c26939f8-4d1f-4fb1-95c4-1aa8f7e5d3f6: receive RaftClientReply:client-B30EC828C355->c26939f8-4d1f-4fb1-95c4-1aa8f7e5d3f6@group-D25BE8053FEA, cid=1790, SUCCESS, logIndex=2600, commits[c26939f8-4d1f-4fb1-95c4-1aa8f7e5d3f6:c2600, c5393538-959b-47cf-9d9c-19dac7bed4ee:c2596, a2e6e0ff-38a8-4bcf-9958-a89ff312531d:c2596]
2019-07-15 13:06:57,663 INFO  client.GrpcClientProtocolClient (GrpcClientProtocolClient.java:onNext(255)) - client-B30EC828C355->c26939f8-4d1f-4fb1-95c4-1aa8f7e5d3f6: receive RaftClientReply:client-B30EC828C355->c26939f8-4d1f-4fb1-95c4-1aa8f7e5d3f6@group-D25BE8053FEA, cid=1791, SUCCESS, logIndex=0, commits[c26939f8-4d1f-4fb1-95c4-1aa8f7e5d3f6:c2603, c5393538-959b-47cf-9d9c-19dac7bed4ee:c2600, a2e6e0ff-38a8-4bcf-9958-a89ff312531d:c2599]
2019-07-15 13:06:57,682 INFO  client.GrpcClientProtocolClient (GrpcClientProtocolClient.java:onNext(255)) - client-B30EC828C355->c26939f8-4d1f-4fb1-95c4-1aa8f7e5d3f6: receive RaftClientReply:client-B30EC828C355->c26939f8-4d1f-4fb1-95c4-1aa8f7e5d3f6@group-D25BE8053FEA, cid=1792, SUCCESS, logIndex=2604, commits[c26939f8-4d1f-4fb1-95c4-1aa8f7e5d3f6:c2605, c5393538-959b-47cf-9d9c-19dac7bed4ee:c2603, a2e6e0ff-38a8-4bcf-9958-a89ff312531d:c2603]
2019-07-15 13:06:57,683 INFO  client.GrpcClientProtocolClient (GrpcClientProtocolClient.java:onNext(255)) - client-B30EC828C355->c26939f8-4d1f-4fb1-95c4-1aa8f7e5d3f6: receive RaftClientReply:client-B30EC828C355->c26939f8-4d1f-4fb1-95c4-1aa8f7e5d3f6@group-D25BE8053FEA, cid=1793, SUCCESS, logIndex=2605, commits[c26939f8-4d1f-4fb1-95c4-1aa8f7e5d3f6:c2605, c5393538-959b-47cf-9d9c-19dac7bed4ee:c2603, a2e6e0ff-38a8-4bcf-9958-a89ff312531d:c2603]
2019-07-15 13:06:57,695 INFO  client.GrpcClientProtocolClient (GrpcClientProtocolClient.java:onNext(255)) - client-B30EC828C355->c26939f8-4d1f-4fb1-95c4-1aa8f7e5d3f6: receive RaftClientReply:client-B30EC828C355->c26939f8-4d1f-4fb1-95c4-1aa8f7e5d3f6@group-D25BE8053FEA, cid=1794, SUCCESS, logIndex=2608, commits[c26939f8-4d1f-4fb1-95c4-1aa8f7e5d3f6:c2609, c5393538-959b-47cf-9d9c-19dac7bed4ee:c2605, a2e6e0ff-38a8-4bcf-9958-a89ff312531d:c2605]
2019-07-15 13:06:57,696 INFO  client.GrpcClientProtocolClient (GrpcClientProtocolClient.java:onNext(255)) - client-B30EC828C355->c26939f8-4d1f-4fb1-95c4-1aa8f7e5d3f6: receive RaftClientReply:client-B30EC828C355->c26939f8-4d1f-4fb1-95c4-1aa8f7e5d3f6@group-D25BE8053FEA, cid=1795, SUCCESS, logIndex=2609, commits[c26939f8-4d1f-4fb1-95c4-1aa8f7e5d3f6:c2609, c5393538-959b-47cf-9d9c-19dac7bed4ee:c2605, a2e6e0ff-38a8-4bcf-9958-a89ff312531d:c2605]
2019-07-15 13:06:57,708 INFO  client.GrpcClientProtocolClient (GrpcClientProtocolClient.java:onNext(255)) - client-B30EC828C355->c26939f8-4d1f-4fb1-95c4-1aa8f7e5d3f6: receive RaftClientReply:client-B30EC828C355->c26939f8-4d1f-4fb1-95c4-1aa8f7e5d3f6@group-D25BE8053FEA, cid=1796, SUCCESS, logIndex=0, commits[c26939f8-4d1f-4fb1-95c4-1aa8f7e5d3f6:c2611, c5393538-959b-47cf-9d9c-19dac7bed4ee:c2609, a2e6e0ff-38a8-4bcf-9958-a89ff312531d:c2609]
2019-07-15 13:06:57,734 INFO  client.GrpcClientProtocolClient (GrpcClientProtocolClient.java:onNext(255)) - client-B30EC828C355->c26939f8-4d1f-4fb1-95c4-1aa8f7e5d3f6: receive RaftClientReply:client-B30EC828C355->c26939f8-4d1f-4fb1-95c4-1aa8f7e5d3f6@group-D25BE8053FEA, cid=1797, SUCCESS, logIndex=2612, commits[c26939f8-4d1f-4fb1-95c4-1aa8f7e5d3f6:c2613, c5393538-959b-47cf-9d9c-19dac7bed4ee:c2611, a2e6e0ff-38a8-4bcf-9958-a89ff312531d:c2611]
2019-07-15 13:06:57,735 INFO  client.GrpcClientProtocolClient (GrpcClientProtocolClient.java:onNext(255)) - client-B30EC828C355->c26939f8-4d1f-4fb1-95c4-1aa8f7e5d3f6: receive RaftClientReply:client-B30EC828C355->c26939f8-4d1f-4fb1-95c4-1aa8f7e5d3f6@group-D25BE8053FEA, cid=1798, SUCCESS, logIndex=2613, commits[c26939f8-4d1f-4fb1-95c4-1aa8f7e5d3f6:c2613, c5393538-959b-47cf-9d9c-19dac7bed4ee:c2611, a2e6e0ff-38a8-4bcf-9958-a89ff312531d:c2611]
2019-07-15 13:06:57,745 INFO  client.GrpcClientProtocolClient (GrpcClientProtocolClient.java:onNext(255)) - client-B30EC828C355->c26939f8-4d1f-4fb1-95c4-1aa8f7e5d3f6: receive RaftClientReply:client-B30EC828C355->c26939f8-4d1f-4fb1-95c4-1aa8f7e5d3f6@group-D25BE8053FEA, cid=1799, SUCCESS, logIndex=2614, commits[c26939f8-4d1f-4fb1-95c4-1aa8f7e5d3f6:c2615, c5393538-959b-47cf-9d9c-19dac7bed4ee:c2611, a2e6e0ff-38a8-4bcf-9958-a89ff312531d:c2611]
2019-07-15 13:06:57,746 INFO  client.GrpcClientProtocolClient (GrpcClientProtocolClient.java:onNext(255)) - client-B30EC828C355->c26939f8-4d1f-4fb1-95c4-1aa8f7e5d3f6: receive RaftClientReply:client-B30EC828C355->c26939f8-4d1f-4fb1-95c4-1aa8f7e5d3f6@group-D25BE8053FEA, cid=1800, SUCCESS, logIndex=2615, commits[c26939f8-4d1f-4fb1-95c4-1aa8f7e5d3f6:c2615, c5393538-959b-47cf-9d9c-19dac7bed4ee:c2611, a2e6e0ff-38a8-4bcf-9958-a89ff312531d:c2611]
2019-07-15 13:06:57,747 INFO  client.GrpcClientProtocolClient (GrpcClientProtocolClient.java:onNext(255)) - client-B30EC828C355->c26939f8-4d1f-4fb1-95c4-1aa8f7e5d3f6: receive RaftClientReply:client-B30EC828C355->c26939f8-4d1f-4fb1-95c4-1aa8f7e5d3f6@group-D25BE8053FEA, cid=1801, SUCCESS, logIndex=0, commits[c26939f8-4d1f-4fb1-95c4-1aa8f7e5d3f6:c2617, c5393538-959b-47cf-9d9c-19dac7bed4ee:c2613, a2e6e0ff-38a8-4bcf-9958-a89ff312531d:c2613]
2019-07-15 13:06:57,772 INFO  client.GrpcClientProtocolClient (GrpcClientProtocolClient.java:onNext(255)) - client-B30EC828C355->c26939f8-4d1f-4fb1-95c4-1aa8f7e5d3f6: receive RaftClientReply:client-B30EC828C355->c26939f8-4d1f-4fb1-95c4-1aa8f7e5d3f6@group-D25BE8053FEA, cid=1802, SUCCESS, logIndex=2620, commits[c26939f8-4d1f-4fb1-95c4-1aa8f7e5d3f6:c2621, c5393538-959b-47cf-9d9c-19dac7bed4ee:c2619, a2e6e0ff-38a8-4bcf-9958-a89ff312531d:c2619]
2019-07-15 13:06:57,773 INFO  client.GrpcClientProtocolClient (GrpcClientProtocolClient.java:onNext(255)) - client-B30EC828C355->c26939f8-4d1f-4fb1-95c4-1aa8f7e5d3f6: receive RaftClientReply:client-B30EC828C355->c26939f8-4d1f-4fb1-95c4-1aa8f7e5d3f6@group-D25BE8053FEA, cid=1803, SUCCESS, logIndex=2621, commits[c26939f8-4d1f-4fb1-95c4-1aa8f7e5d3f6:c2621, c5393538-959b-47cf-9d9c-19dac7bed4ee:c2619, a2e6e0ff-38a8-4bcf-9958-a89ff312531d:c2619]
2019-07-15 13:06:57,792 INFO  client.GrpcClientProtocolClient (GrpcClientProtocolClient.java:onNext(255)) - client-B30EC828C355->c26939f8-4d1f-4fb1-95c4-1aa8f7e5d3f6: receive RaftClientReply:client-B30EC828C355->c26939f8-4d1f-4fb1-95c4-1aa8f7e5d3f6@group-D25BE8053FEA, cid=1804, SUCCESS, logIndex=2624, commits[c26939f8-4d1f-4fb1-95c4-1aa8f7e5d3f6:c2625, c5393538-959b-47cf-9d9c-19dac7bed4ee:c2623, a2e6e0ff-38a8-4bcf-9958-a89ff312531d:c2623]
2019-07-15 13:06:57,792 INFO  client.GrpcClientProtocolClient (GrpcClientProtocolClient.java:onNext(255)) - client-B30EC828C355->c26939f8-4d1f-4fb1-95c4-1aa8f7e5d3f6: receive RaftClientReply:client-B30EC828C355->c26939f8-4d1f-4fb1-95c4-1aa8f7e5d3f6@group-D25BE8053FEA, cid=1805, SUCCESS, logIndex=2625, commits[c26939f8-4d1f-4fb1-95c4-1aa8f7e5d3f6:c2625, c5393538-959b-47cf-9d9c-19dac7bed4ee:c2623, a2e6e0ff-38a8-4bcf-9958-a89ff312531d:c2623]
2019-07-15 13:06:57,805 INFO  client.GrpcClientProtocolClient (GrpcClientProtocolClient.java:onNext(255)) - client-B30EC828C355->c26939f8-4d1f-4fb1-95c4-1aa8f7e5d3f6: receive RaftClientReply:client-B30EC828C355->c26939f8-4d1f-4fb1-95c4-1aa8f7e5d3f6@group-D25BE8053FEA, cid=1806, SUCCESS, logIndex=0, commits[c26939f8-4d1f-4fb1-95c4-1aa8f7e5d3f6:c2627, c5393538-959b-47cf-9d9c-19dac7bed4ee:c2625, a2e6e0ff-38a8-4bcf-9958-a89ff312531d:c2625]
 0.00% |█                                                                                                    |  0/1 Time: 0:00:122019-07-15 13:06:57,834 INFO  client.GrpcClientProtocolClient (GrpcClientProtocolClient.java:onNext(255)) - client-B30EC828C355->c26939f8-4d1f-4fb1-95c4-1aa8f7e5d3f6: receive RaftClientReply:client-B30EC828C355->c26939f8-4d1f-4fb1-95c4-1aa8f7e5d3f6@group-D25BE8053FEA, cid=1807, SUCCESS, logIndex=2628, commits[c26939f8-4d1f-4fb1-95c4-1aa8f7e5d3f6:c2629, c5393538-959b-47cf-9d9c-19dac7bed4ee:c2627, a2e6e0ff-38a8-4bcf-9958-a89ff312531d:c2627]
2019-07-15 13:06:57,835 INFO  client.GrpcClientProtocolClient (GrpcClientProtocolClient.java:onNext(255)) - client-B30EC828C355->c26939f8-4d1f-4fb1-95c4-1aa8f7e5d3f6: receive RaftClientReply:client-B30EC828C355->c26939f8-4d1f-4fb1-95c4-1aa8f7e5d3f6@group-D25BE8053FEA, cid=1808, SUCCESS, logIndex=2629, commits[c26939f8-4d1f-4fb1-95c4-1aa8f7e5d3f6:c2629, c5393538-959b-47cf-9d9c-19dac7bed4ee:c2627, a2e6e0ff-38a8-4bcf-9958-a89ff312531d:c2627]
2019-07-15 13:06:57,835 INFO  client.GrpcClientProtocolClient (GrpcClientProtocolClient.java:onNext(255)) - client-B30EC828C355->c26939f8-4d1f-4fb1-95c4-1aa8f7e5d3f6: receive RaftClientReply:client-B30EC828C355->c26939f8-4d1f-4fb1-95c4-1aa8f7e5d3f6@group-D25BE8053FEA, cid=1809, SUCCESS, logIndex=2630, commits[c26939f8-4d1f-4fb1-95c4-1aa8f7e5d3f6:c2631, c5393538-959b-47cf-9d9c-19dac7bed4ee:c2627, a2e6e0ff-38a8-4bcf-9958-a89ff312531d:c2627]
2019-07-15 13:06:57,836 INFO  client.GrpcClientProtocolClient (GrpcClientProtocolClient.java:onNext(255)) - client-B30EC828C355->c26939f8-4d1f-4fb1-95c4-1aa8f7e5d3f6: receive RaftClientReply:client-B30EC828C355->c26939f8-4d1f-4fb1-95c4-1aa8f7e5d3f6@group-D25BE8053FEA, cid=1810, SUCCESS, logIndex=2631, commits[c26939f8-4d1f-4fb1-95c4-1aa8f7e5d3f6:c2631, c5393538-959b-47cf-9d9c-19dac7bed4ee:c2627, a2e6e0ff-38a8-4bcf-9958-a89ff312531d:c2627]
2019-07-15 13:06:57,837 INFO  client.GrpcClientProtocolClient (GrpcClientProtocolClient.java:onNext(255)) - client-B30EC828C355->c26939f8-4d1f-4fb1-95c4-1aa8f7e5d3f6: receive RaftClientReply:client-B30EC828C355->c26939f8-4d1f-4fb1-95c4-1aa8f7e5d3f6@group-D25BE8053FEA, cid=1811, SUCCESS, logIndex=0, commits[c26939f8-4d1f-4fb1-95c4-1aa8f7e5d3f6:c2633, c5393538-959b-47cf-9d9c-19dac7bed4ee:c2629, a2e6e0ff-38a8-4bcf-9958-a89ff312531d:c2629]
2019-07-15 13:06:57,946 INFO  client.GrpcClientProtocolClient (GrpcClientProtocolClient.java:onNext(255)) - client-B30EC828C355->c26939f8-4d1f-4fb1-95c4-1aa8f7e5d3f6: receive RaftClientReply:client-B30EC828C355->c26939f8-4d1f-4fb1-95c4-1aa8f7e5d3f6@group-D25BE8053FEA, cid=1812, SUCCESS, logIndex=2636, commits[c26939f8-4d1f-4fb1-95c4-1aa8f7e5d3f6:c2637, c5393538-959b-47cf-9d9c-19dac7bed4ee:c2635, a2e6e0ff-38a8-4bcf-9958-a89ff312531d:c2635]
2019-07-15 13:06:57,946 INFO  client.GrpcClientProtocolClient (GrpcClientProtocolClient.java:onNext(255)) - client-B30EC828C355->c26939f8-4d1f-4fb1-95c4-1aa8f7e5d3f6: receive RaftClientReply:client-B30EC828C355->c26939f8-4d1f-4fb1-95c4-1aa8f7e5d3f6@group-D25BE8053FEA, cid=1813, SUCCESS, logIndex=2637, commits[c26939f8-4d1f-4fb1-95c4-1aa8f7e5d3f6:c2637, c5393538-959b-47cf-9d9c-19dac7bed4ee:c2635, a2e6e0ff-38a8-4bcf-9958-a89ff312531d:c2635]
2019-07-15 13:06:57,959 INFO  client.GrpcClientProtocolClient (GrpcClientProtocolClient.java:onNext(255)) - client-B30EC828C355->c26939f8-4d1f-4fb1-95c4-1aa8f7e5d3f6: receive RaftClientReply:client-B30EC828C355->c26939f8-4d1f-4fb1-95c4-1aa8f7e5d3f6@group-D25BE8053FEA, cid=1814, SUCCESS, logIndex=2640, commits[c26939f8-4d1f-4fb1-95c4-1aa8f7e5d3f6:c2641, c5393538-959b-47cf-9d9c-19dac7bed4ee:c2637, a2e6e0ff-38a8-4bcf-9958-a89ff312531d:c2637]
2019-07-15 13:06:57,960 INFO  client.GrpcClientProtocolClient (GrpcClientProtocolClient.java:onNext(255)) - client-B30EC828C355->c26939f8-4d1f-4fb1-95c4-1aa8f7e5d3f6: receive RaftClientReply:client-B30EC828C355->c26939f8-4d1f-4fb1-95c4-1aa8f7e5d3f6@group-D25BE8053FEA, cid=1815, SUCCESS, logIndex=2641, commits[c26939f8-4d1f-4fb1-95c4-1aa8f7e5d3f6:c2641, c5393538-959b-47cf-9d9c-19dac7bed4ee:c2637, a2e6e0ff-38a8-4bcf-9958-a89ff312531d:c2637]
2019-07-15 13:06:57,973 INFO  client.GrpcClientProtocolClient (GrpcClientProtocolClient.java:onNext(255)) - client-B30EC828C355->c26939f8-4d1f-4fb1-95c4-1aa8f7e5d3f6: receive RaftClientReply:client-B30EC828C355->c26939f8-4d1f-4fb1-95c4-1aa8f7e5d3f6@group-D25BE8053FEA, cid=1816, SUCCESS, logIndex=0, commits[c26939f8-4d1f-4fb1-95c4-1aa8f7e5d3f6:c2643, c5393538-959b-47cf-9d9c-19dac7bed4ee:c2641, a2e6e0ff-38a8-4bcf-9958-a89ff312531d:c2641]
2019-07-15 13:06:58,003 INFO  client.GrpcClientProtocolClient (GrpcClientProtocolClient.java:onNext(255)) - client-B30EC828C355->c26939f8-4d1f-4fb1-95c4-1aa8f7e5d3f6: receive RaftClientReply:client-B30EC828C355->c26939f8-4d1f-4fb1-95c4-1aa8f7e5d3f6@group-D25BE8053FEA, cid=1817, SUCCESS, logIndex=2644, commits[c26939f8-4d1f-4fb1-95c4-1aa8f7e5d3f6:c2645, c5393538-959b-47cf-9d9c-19dac7bed4ee:c2643, a2e6e0ff-38a8-4bcf-9958-a89ff312531d:c2643]
2019-07-15 13:06:58,003 INFO  client.GrpcClientProtocolClient (GrpcClientProtocolClient.java:onNext(255)) - client-B30EC828C355->c26939f8-4d1f-4fb1-95c4-1aa8f7e5d3f6: receive RaftClientReply:client-B30EC828C355->c26939f8-4d1f-4fb1-95c4-1aa8f7e5d3f6@group-D25BE8053FEA, cid=1818, SUCCESS, logIndex=2645, commits[c26939f8-4d1f-4fb1-95c4-1aa8f7e5d3f6:c2645, c5393538-959b-47cf-9d9c-19dac7bed4ee:c2643, a2e6e0ff-38a8-4bcf-9958-a89ff312531d:c2643]
2019-07-15 13:06:58,004 INFO  client.GrpcClientProtocolClient (GrpcClientProtocolClient.java:onNext(255)) - client-B30EC828C355->c26939f8-4d1f-4fb1-95c4-1aa8f7e5d3f6: receive RaftClientReply:client-B30EC828C355->c26939f8-4d1f-4fb1-95c4-1aa8f7e5d3f6@group-D25BE8053FEA, cid=1819, SUCCESS, logIndex=2646, commits[c26939f8-4d1f-4fb1-95c4-1aa8f7e5d3f6:c2647, c5393538-959b-47cf-9d9c-19dac7bed4ee:c2643, a2e6e0ff-38a8-4bcf-9958-a89ff312531d:c2643]
2019-07-15 13:06:58,004 INFO  client.GrpcClientProtocolClient (GrpcClientProtocolClient.java:onNext(255)) - client-B30EC828C355->c26939f8-4d1f-4fb1-95c4-1aa8f7e5d3f6: receive RaftClientReply:client-B30EC828C355->c26939f8-4d1f-4fb1-95c4-1aa8f7e5d3f6@group-D25BE8053FEA, cid=1820, SUCCESS, logIndex=2647, commits[c26939f8-4d1f-4fb1-95c4-1aa8f7e5d3f6:c2647, c5393538-959b-47cf-9d9c-19dac7bed4ee:c2643, a2e6e0ff-38a8-4bcf-9958-a89ff312531d:c2643]
2019-07-15 13:06:58,007 INFO  client.GrpcClientProtocolClient (GrpcClientProtocolClient.java:onNext(255)) - client-B30EC828C355->c26939f8-4d1f-4fb1-95c4-1aa8f7e5d3f6: receive RaftClientReply:client-B30EC828C355->c26939f8-4d1f-4fb1-95c4-1aa8f7e5d3f6@group-D25BE8053FEA, cid=1821, SUCCESS, logIndex=0, commits[c26939f8-4d1f-4fb1-95c4-1aa8f7e5d3f6:c2649, c5393538-959b-47cf-9d9c-19dac7bed4ee:c2645, a2e6e0ff-38a8-4bcf-9958-a89ff312531d:c2647]
2019-07-15 13:06:58,028 INFO  client.GrpcClientProtocolClient (GrpcClientProtocolClient.java:onNext(255)) - client-B30EC828C355->c26939f8-4d1f-4fb1-95c4-1aa8f7e5d3f6: receive RaftClientReply:client-B30EC828C355->c26939f8-4d1f-4fb1-95c4-1aa8f7e5d3f6@group-D25BE8053FEA, cid=1822, SUCCESS, logIndex=2651, commits[c26939f8-4d1f-4fb1-95c4-1aa8f7e5d3f6:c2652, c5393538-959b-47cf-9d9c-19dac7bed4ee:c2650, a2e6e0ff-38a8-4bcf-9958-a89ff312531d:c2650]
2019-07-15 13:06:58,029 INFO  client.GrpcClientProtocolClient (GrpcClientProtocolClient.java:onNext(255)) - client-B30EC828C355->c26939f8-4d1f-4fb1-95c4-1aa8f7e5d3f6: receive RaftClientReply:client-B30EC828C355->c26939f8-4d1f-4fb1-95c4-1aa8f7e5d3f6@group-D25BE8053FEA, cid=1823, SUCCESS, logIndex=2652, commits[c26939f8-4d1f-4fb1-95c4-1aa8f7e5d3f6:c2652, c5393538-959b-47cf-9d9c-19dac7bed4ee:c2650, a2e6e0ff-38a8-4bcf-9958-a89ff312531d:c2650]
2019-07-15 13:06:58,048 INFO  client.GrpcClientProtocolClient (GrpcClientProtocolClient.java:onNext(255)) - client-B30EC828C355->c26939f8-4d1f-4fb1-95c4-1aa8f7e5d3f6: receive RaftClientReply:client-B30EC828C355->c26939f8-4d1f-4fb1-95c4-1aa8f7e5d3f6@group-D25BE8053FEA, cid=1824, SUCCESS, logIndex=2655, commits[c26939f8-4d1f-4fb1-95c4-1aa8f7e5d3f6:c2656, c5393538-959b-47cf-9d9c-19dac7bed4ee:c2654, a2e6e0ff-38a8-4bcf-9958-a89ff312531d:c2654]
2019-07-15 13:06:58,049 INFO  client.GrpcClientProtocolClient (GrpcClientProtocolClient.java:onNext(255)) - client-B30EC828C355->c26939f8-4d1f-4fb1-95c4-1aa8f7e5d3f6: receive RaftClientReply:client-B30EC828C355->c26939f8-4d1f-4fb1-95c4-1aa8f7e5d3f6@group-D25BE8053FEA, cid=1825, SUCCESS, logIndex=2656, commits[c26939f8-4d1f-4fb1-95c4-1aa8f7e5d3f6:c2656, c5393538-959b-47cf-9d9c-19dac7bed4ee:c2654, a2e6e0ff-38a8-4bcf-9958-a89ff312531d:c2654]
2019-07-15 13:06:58,062 INFO  client.GrpcClientProtocolClient (GrpcClientProtocolClient.java:onNext(255)) - client-B30EC828C355->c26939f8-4d1f-4fb1-95c4-1aa8f7e5d3f6: receive RaftClientReply:client-B30EC828C355->c26939f8-4d1f-4fb1-95c4-1aa8f7e5d3f6@group-D25BE8053FEA, cid=1826, SUCCESS, logIndex=0, commits[c26939f8-4d1f-4fb1-95c4-1aa8f7e5d3f6:c2658, c5393538-959b-47cf-9d9c-19dac7bed4ee:c2656, a2e6e0ff-38a8-4bcf-9958-a89ff312531d:c2656]
2019-07-15 13:06:58,087 INFO  client.GrpcClientProtocolClient (GrpcClientProtocolClient.java:onNext(255)) - client-B30EC828C355->c26939f8-4d1f-4fb1-95c4-1aa8f7e5d3f6: receive RaftClientReply:client-B30EC828C355->c26939f8-4d1f-4fb1-95c4-1aa8f7e5d3f6@group-D25BE8053FEA, cid=1827, SUCCESS, logIndex=2659, commits[c26939f8-4d1f-4fb1-95c4-1aa8f7e5d3f6:c2660, c5393538-959b-47cf-9d9c-19dac7bed4ee:c2658, a2e6e0ff-38a8-4bcf-9958-a89ff312531d:c2658]
2019-07-15 13:06:58,087 INFO  client.GrpcClientProtocolClient (GrpcClientProtocolClient.java:onNext(255)) - client-B30EC828C355->c26939f8-4d1f-4fb1-95c4-1aa8f7e5d3f6: receive RaftClientReply:client-B30EC828C355->c26939f8-4d1f-4fb1-95c4-1aa8f7e5d3f6@group-D25BE8053FEA, cid=1828, SUCCESS, logIndex=2660, commits[c26939f8-4d1f-4fb1-95c4-1aa8f7e5d3f6:c2660, c5393538-959b-47cf-9d9c-19dac7bed4ee:c2658, a2e6e0ff-38a8-4bcf-9958-a89ff312531d:c2658]
2019-07-15 13:06:58,087 INFO  client.GrpcClientProtocolClient (GrpcClientProtocolClient.java:onNext(255)) - client-B30EC828C355->c26939f8-4d1f-4fb1-95c4-1aa8f7e5d3f6: receive RaftClientReply:client-B30EC828C355->c26939f8-4d1f-4fb1-95c4-1aa8f7e5d3f6@group-D25BE8053FEA, cid=1829, SUCCESS, logIndex=2661, commits[c26939f8-4d1f-4fb1-95c4-1aa8f7e5d3f6:c2662, c5393538-959b-47cf-9d9c-19dac7bed4ee:c2658, a2e6e0ff-38a8-4bcf-9958-a89ff312531d:c2658]
2019-07-15 13:06:58,088 INFO  client.GrpcClientProtocolClient (GrpcClientProtocolClient.java:onNext(255)) - client-B30EC828C355->c26939f8-4d1f-4fb1-95c4-1aa8f7e5d3f6: receive RaftClientReply:client-B30EC828C355->c26939f8-4d1f-4fb1-95c4-1aa8f7e5d3f6@group-D25BE8053FEA, cid=1830, SUCCESS, logIndex=2662, commits[c26939f8-4d1f-4fb1-95c4-1aa8f7e5d3f6:c2662, c5393538-959b-47cf-9d9c-19dac7bed4ee:c2658, a2e6e0ff-38a8-4bcf-9958-a89ff312531d:c2658]
2019-07-15 13:06:58,089 INFO  client.GrpcClientProtocolClient (GrpcClientProtocolClient.java:onNext(255)) - client-B30EC828C355->c26939f8-4d1f-4fb1-95c4-1aa8f7e5d3f6: receive RaftClientReply:client-B30EC828C355->c26939f8-4d1f-4fb1-95c4-1aa8f7e5d3f6@group-D25BE8053FEA, cid=1831, SUCCESS, logIndex=0, commits[c26939f8-4d1f-4fb1-95c4-1aa8f7e5d3f6:c2664, c5393538-959b-47cf-9d9c-19dac7bed4ee:c2660, a2e6e0ff-38a8-4bcf-9958-a89ff312531d:c2660]
2019-07-15 13:06:58,108 INFO  client.GrpcClientProtocolClient (GrpcClientProtocolClient.java:onNext(255)) - client-B30EC828C355->c26939f8-4d1f-4fb1-95c4-1aa8f7e5d3f6: receive RaftClientReply:client-B30EC828C355->c26939f8-4d1f-4fb1-95c4-1aa8f7e5d3f6@group-D25BE8053FEA, cid=1832, SUCCESS, logIndex=2667, commits[c26939f8-4d1f-4fb1-95c4-1aa8f7e5d3f6:c2668, c5393538-959b-47cf-9d9c-19dac7bed4ee:c2666, a2e6e0ff-38a8-4bcf-9958-a89ff312531d:c2666]
2019-07-15 13:06:58,109 INFO  client.GrpcClientProtocolClient (GrpcClientProtocolClient.java:onNext(255)) - client-B30EC828C355->c26939f8-4d1f-4fb1-95c4-1aa8f7e5d3f6: receive RaftClientReply:client-B30EC828C355->c26939f8-4d1f-4fb1-95c4-1aa8f7e5d3f6@group-D25BE8053FEA, cid=1833, SUCCESS, logIndex=2668, commits[c26939f8-4d1f-4fb1-95c4-1aa8f7e5d3f6:c2668, c5393538-959b-47cf-9d9c-19dac7bed4ee:c2666, a2e6e0ff-38a8-4bcf-9958-a89ff312531d:c2666]
2019-07-15 13:06:58,124 INFO  client.GrpcClientProtocolClient (GrpcClientProtocolClient.java:onNext(255)) - client-B30EC828C355->c26939f8-4d1f-4fb1-95c4-1aa8f7e5d3f6: receive RaftClientReply:client-B30EC828C355->c26939f8-4d1f-4fb1-95c4-1aa8f7e5d3f6@group-D25BE8053FEA, cid=1834, SUCCESS, logIndex=2671, commits[c26939f8-4d1f-4fb1-95c4-1aa8f7e5d3f6:c2672, c5393538-959b-47cf-9d9c-19dac7bed4ee:c2668, a2e6e0ff-38a8-4bcf-9958-a89ff312531d:c2668]
2019-07-15 13:06:58,124 INFO  client.GrpcClientProtocolClient (GrpcClientProtocolClient.java:onNext(255)) - client-B30EC828C355->c26939f8-4d1f-4fb1-95c4-1aa8f7e5d3f6: receive RaftClientReply:client-B30EC828C355->c26939f8-4d1f-4fb1-95c4-1aa8f7e5d3f6@group-D25BE8053FEA, cid=1835, SUCCESS, logIndex=2672, commits[c26939f8-4d1f-4fb1-95c4-1aa8f7e5d3f6:c2672, c5393538-959b-47cf-9d9c-19dac7bed4ee:c2668, a2e6e0ff-38a8-4bcf-9958-a89ff312531d:c2668]
2019-07-15 13:06:58,136 INFO  client.GrpcClientProtocolClient (GrpcClientProtocolClient.java:onNext(255)) - client-B30EC828C355->c26939f8-4d1f-4fb1-95c4-1aa8f7e5d3f6: receive RaftClientReply:client-B30EC828C355->c26939f8-4d1f-4fb1-95c4-1aa8f7e5d3f6@group-D25BE8053FEA, cid=1836, SUCCESS, logIndex=0, commits[c26939f8-4d1f-4fb1-95c4-1aa8f7e5d3f6:c2673, c5393538-959b-47cf-9d9c-19dac7bed4ee:c2672, a2e6e0ff-38a8-4bcf-9958-a89ff312531d:c2672]
2019-07-15 13:06:58,161 INFO  client.GrpcClientProtocolClient (GrpcClientProtocolClient.java:onNext(255)) - client-B30EC828C355->c26939f8-4d1f-4fb1-95c4-1aa8f7e5d3f6: receive RaftClientReply:client-B30EC828C355->c26939f8-4d1f-4fb1-95c4-1aa8f7e5d3f6@group-D25BE8053FEA, cid=1837, SUCCESS, logIndex=2675, commits[c26939f8-4d1f-4fb1-95c4-1aa8f7e5d3f6:c2676, c5393538-959b-47cf-9d9c-19dac7bed4ee:c2674, a2e6e0ff-38a8-4bcf-9958-a89ff312531d:c2674]
2019-07-15 13:06:58,161 INFO  client.GrpcClientProtocolClient (GrpcClientProtocolClient.java:onNext(255)) - client-B30EC828C355->c26939f8-4d1f-4fb1-95c4-1aa8f7e5d3f6: receive RaftClientReply:client-B30EC828C355->c26939f8-4d1f-4fb1-95c4-1aa8f7e5d3f6@group-D25BE8053FEA, cid=1838, SUCCESS, logIndex=2676, commits[c26939f8-4d1f-4fb1-95c4-1aa8f7e5d3f6:c2676, c5393538-959b-47cf-9d9c-19dac7bed4ee:c2674, a2e6e0ff-38a8-4bcf-9958-a89ff312531d:c2674]
2019-07-15 13:06:58,162 INFO  client.GrpcClientProtocolClient (GrpcClientProtocolClient.java:onNext(255)) - client-B30EC828C355->c26939f8-4d1f-4fb1-95c4-1aa8f7e5d3f6: receive RaftClientReply:client-B30EC828C355->c26939f8-4d1f-4fb1-95c4-1aa8f7e5d3f6@group-D25BE8053FEA, cid=1839, SUCCESS, logIndex=2677, commits[c26939f8-4d1f-4fb1-95c4-1aa8f7e5d3f6:c2677, c5393538-959b-47cf-9d9c-19dac7bed4ee:c2674, a2e6e0ff-38a8-4bcf-9958-a89ff312531d:c2674]
2019-07-15 13:06:58,162 INFO  client.GrpcClientProtocolClient (GrpcClientProtocolClient.java:onNext(255)) - client-B30EC828C355->c26939f8-4d1f-4fb1-95c4-1aa8f7e5d3f6: receive RaftClientReply:client-B30EC828C355->c26939f8-4d1f-4fb1-95c4-1aa8f7e5d3f6@group-D25BE8053FEA, cid=1840, SUCCESS, logIndex=2678, commits[c26939f8-4d1f-4fb1-95c4-1aa8f7e5d3f6:c2678, c5393538-959b-47cf-9d9c-19dac7bed4ee:c2674, a2e6e0ff-38a8-4bcf-9958-a89ff312531d:c2674]
2019-07-15 13:06:58,164 INFO  client.GrpcClientProtocolClient (GrpcClientProtocolClient.java:onNext(255)) - client-B30EC828C355->c26939f8-4d1f-4fb1-95c4-1aa8f7e5d3f6: receive RaftClientReply:client-B30EC828C355->c26939f8-4d1f-4fb1-95c4-1aa8f7e5d3f6@group-D25BE8053FEA, cid=1841, SUCCESS, logIndex=0, commits[c26939f8-4d1f-4fb1-95c4-1aa8f7e5d3f6:c2680, c5393538-959b-47cf-9d9c-19dac7bed4ee:c2676, a2e6e0ff-38a8-4bcf-9958-a89ff312531d:c2676]
2019-07-15 13:06:58,182 INFO  client.GrpcClientProtocolClient (GrpcClientProtocolClient.java:onNext(255)) - client-B30EC828C355->c26939f8-4d1f-4fb1-95c4-1aa8f7e5d3f6: receive RaftClientReply:client-B30EC828C355->c26939f8-4d1f-4fb1-95c4-1aa8f7e5d3f6@group-D25BE8053FEA, cid=1842, SUCCESS, logIndex=2683, commits[c26939f8-4d1f-4fb1-95c4-1aa8f7e5d3f6:c2684, c5393538-959b-47cf-9d9c-19dac7bed4ee:c2682, a2e6e0ff-38a8-4bcf-9958-a89ff312531d:c2682]
2019-07-15 13:06:58,183 INFO  client.GrpcClientProtocolClient (GrpcClientProtocolClient.java:onNext(255)) - client-B30EC828C355->c26939f8-4d1f-4fb1-95c4-1aa8f7e5d3f6: receive RaftClientReply:client-B30EC828C355->c26939f8-4d1f-4fb1-95c4-1aa8f7e5d3f6@group-D25BE8053FEA, cid=1843, SUCCESS, logIndex=2684, commits[c26939f8-4d1f-4fb1-95c4-1aa8f7e5d3f6:c2684, c5393538-959b-47cf-9d9c-19dac7bed4ee:c2682, a2e6e0ff-38a8-4bcf-9958-a89ff312531d:c2682]
2019-07-15 13:06:58,196 INFO  client.GrpcClientProtocolClient (GrpcClientProtocolClient.java:onNext(255)) - client-B30EC828C355->c26939f8-4d1f-4fb1-95c4-1aa8f7e5d3f6: receive RaftClientReply:client-B30EC828C355->c26939f8-4d1f-4fb1-95c4-1aa8f7e5d3f6@group-D25BE8053FEA, cid=1844, SUCCESS, logIndex=2687, commits[c26939f8-4d1f-4fb1-95c4-1aa8f7e5d3f6:c2688, c5393538-959b-47cf-9d9c-19dac7bed4ee:c2684, a2e6e0ff-38a8-4bcf-9958-a89ff312531d:c2684]
2019-07-15 13:06:58,196 INFO  client.GrpcClientProtocolClient (GrpcClientProtocolClient.java:onNext(255)) - client-B30EC828C355->c26939f8-4d1f-4fb1-95c4-1aa8f7e5d3f6: receive RaftClientReply:client-B30EC828C355->c26939f8-4d1f-4fb1-95c4-1aa8f7e5d3f6@group-D25BE8053FEA, cid=1845, SUCCESS, logIndex=2688, commits[c26939f8-4d1f-4fb1-95c4-1aa8f7e5d3f6:c2688, c5393538-959b-47cf-9d9c-19dac7bed4ee:c2684, a2e6e0ff-38a8-4bcf-9958-a89ff312531d:c2684]
2019-07-15 13:06:58,209 INFO  client.GrpcClientProtocolClient (GrpcClientProtocolClient.java:onNext(255)) - client-B30EC828C355->c26939f8-4d1f-4fb1-95c4-1aa8f7e5d3f6: receive RaftClientReply:client-B30EC828C355->c26939f8-4d1f-4fb1-95c4-1aa8f7e5d3f6@group-D25BE8053FEA, cid=1846, SUCCESS, logIndex=0, commits[c26939f8-4d1f-4fb1-95c4-1aa8f7e5d3f6:c2690, c5393538-959b-47cf-9d9c-19dac7bed4ee:c2688, a2e6e0ff-38a8-4bcf-9958-a89ff312531d:c2688]
2019-07-15 13:06:58,233 INFO  client.GrpcClientProtocolClient (GrpcClientProtocolClient.java:onNext(255)) - client-B30EC828C355->c26939f8-4d1f-4fb1-95c4-1aa8f7e5d3f6: receive RaftClientReply:client-B30EC828C355->c26939f8-4d1f-4fb1-95c4-1aa8f7e5d3f6@group-D25BE8053FEA, cid=1847, SUCCESS, logIndex=2691, commits[c26939f8-4d1f-4fb1-95c4-1aa8f7e5d3f6:c2693, c5393538-959b-47cf-9d9c-19dac7bed4ee:c2690, a2e6e0ff-38a8-4bcf-9958-a89ff312531d:c2690]
2019-07-15 13:06:58,233 INFO  client.GrpcClientProtocolClient (GrpcClientProtocolClient.java:onNext(255)) - client-B30EC828C355->c26939f8-4d1f-4fb1-95c4-1aa8f7e5d3f6: receive RaftClientReply:client-B30EC828C355->c26939f8-4d1f-4fb1-95c4-1aa8f7e5d3f6@group-D25BE8053FEA, cid=1848, SUCCESS, logIndex=2692, commits[c26939f8-4d1f-4fb1-95c4-1aa8f7e5d3f6:c2694, c5393538-959b-47cf-9d9c-19dac7bed4ee:c2690, a2e6e0ff-38a8-4bcf-9958-a89ff312531d:c2690]
2019-07-15 13:06:58,233 INFO  client.GrpcClientProtocolClient (GrpcClientProtocolClient.java:onNext(255)) - client-B30EC828C355->c26939f8-4d1f-4fb1-95c4-1aa8f7e5d3f6: receive RaftClientReply:client-B30EC828C355->c26939f8-4d1f-4fb1-95c4-1aa8f7e5d3f6@group-D25BE8053FEA, cid=1849, SUCCESS, logIndex=2693, commits[c26939f8-4d1f-4fb1-95c4-1aa8f7e5d3f6:c2694, c5393538-959b-47cf-9d9c-19dac7bed4ee:c2690, a2e6e0ff-38a8-4bcf-9958-a89ff312531d:c2690]
2019-07-15 13:06:58,234 INFO  client.GrpcClientProtocolClient (GrpcClientProtocolClient.java:onNext(255)) - client-B30EC828C355->c26939f8-4d1f-4fb1-95c4-1aa8f7e5d3f6: receive RaftClientReply:client-B30EC828C355->c26939f8-4d1f-4fb1-95c4-1aa8f7e5d3f6@group-D25BE8053FEA, cid=1850, SUCCESS, logIndex=2694, commits[c26939f8-4d1f-4fb1-95c4-1aa8f7e5d3f6:c2694, c5393538-959b-47cf-9d9c-19dac7bed4ee:c2690, a2e6e0ff-38a8-4bcf-9958-a89ff312531d:c2690]
2019-07-15 13:06:58,235 INFO  client.GrpcClientProtocolClient (GrpcClientProtocolClient.java:onNext(255)) - client-B30EC828C355->c26939f8-4d1f-4fb1-95c4-1aa8f7e5d3f6: receive RaftClientReply:client-B30EC828C355->c26939f8-4d1f-4fb1-95c4-1aa8f7e5d3f6@group-D25BE8053FEA, cid=1851, SUCCESS, logIndex=0, commits[c26939f8-4d1f-4fb1-95c4-1aa8f7e5d3f6:c2696, c5393538-959b-47cf-9d9c-19dac7bed4ee:c2692, a2e6e0ff-38a8-4bcf-9958-a89ff312531d:c2692]
2019-07-15 13:06:58,264 INFO  client.GrpcClientProtocolClient (GrpcClientProtocolClient.java:onNext(255)) - client-B30EC828C355->c26939f8-4d1f-4fb1-95c4-1aa8f7e5d3f6: receive RaftClientReply:client-B30EC828C355->c26939f8-4d1f-4fb1-95c4-1aa8f7e5d3f6@group-D25BE8053FEA, cid=1852, SUCCESS, logIndex=2699, commits[c26939f8-4d1f-4fb1-95c4-1aa8f7e5d3f6:c2700, c5393538-959b-47cf-9d9c-19dac7bed4ee:c2698, a2e6e0ff-38a8-4bcf-9958-a89ff312531d:c2698]
2019-07-15 13:06:58,265 INFO  client.GrpcClientProtocolClient (GrpcClientProtocolClient.java:onNext(255)) - client-B30EC828C355->c26939f8-4d1f-4fb1-95c4-1aa8f7e5d3f6: receive RaftClientReply:client-B30EC828C355->c26939f8-4d1f-4fb1-95c4-1aa8f7e5d3f6@group-D25BE8053FEA, cid=1853, SUCCESS, logIndex=2700, commits[c26939f8-4d1f-4fb1-95c4-1aa8f7e5d3f6:c2700, c5393538-959b-47cf-9d9c-19dac7bed4ee:c2698, a2e6e0ff-38a8-4bcf-9958-a89ff312531d:c2698]
2019-07-15 13:06:58,285 INFO  client.GrpcClientProtocolClient (GrpcClientProtocolClient.java:onNext(255)) - client-B30EC828C355->c26939f8-4d1f-4fb1-95c4-1aa8f7e5d3f6: receive RaftClientReply:client-B30EC828C355->c26939f8-4d1f-4fb1-95c4-1aa8f7e5d3f6@group-D25BE8053FEA, cid=1854, SUCCESS, logIndex=2703, commits[c26939f8-4d1f-4fb1-95c4-1aa8f7e5d3f6:c2704, c5393538-959b-47cf-9d9c-19dac7bed4ee:c2701, a2e6e0ff-38a8-4bcf-9958-a89ff312531d:c2701]
2019-07-15 13:06:58,285 INFO  client.GrpcClientProtocolClient (GrpcClientProtocolClient.java:onNext(255)) - client-B30EC828C355->c26939f8-4d1f-4fb1-95c4-1aa8f7e5d3f6: receive RaftClientReply:client-B30EC828C355->c26939f8-4d1f-4fb1-95c4-1aa8f7e5d3f6@group-D25BE8053FEA, cid=1855, SUCCESS, logIndex=2704, commits[c26939f8-4d1f-4fb1-95c4-1aa8f7e5d3f6:c2704, c5393538-959b-47cf-9d9c-19dac7bed4ee:c2701, a2e6e0ff-38a8-4bcf-9958-a89ff312531d:c2701]
2019-07-15 13:06:58,287 INFO  client.GrpcClientProtocolClient (GrpcClientProtocolClient.java:onNext(255)) - client-B30EC828C355->c26939f8-4d1f-4fb1-95c4-1aa8f7e5d3f6: receive RaftClientReply:client-B30EC828C355->c26939f8-4d1f-4fb1-95c4-1aa8f7e5d3f6@group-D25BE8053FEA, cid=1856, SUCCESS, logIndex=0, commits[c26939f8-4d1f-4fb1-95c4-1aa8f7e5d3f6:c2705, c5393538-959b-47cf-9d9c-19dac7bed4ee:c2704, a2e6e0ff-38a8-4bcf-9958-a89ff312531d:c2704]
2019-07-15 13:06:58,314 INFO  client.GrpcClientProtocolClient (GrpcClientProtocolClient.java:onNext(255)) - client-B30EC828C355->c26939f8-4d1f-4fb1-95c4-1aa8f7e5d3f6: receive RaftClientReply:client-B30EC828C355->c26939f8-4d1f-4fb1-95c4-1aa8f7e5d3f6@group-D25BE8053FEA, cid=1857, SUCCESS, logIndex=2706, commits[c26939f8-4d1f-4fb1-95c4-1aa8f7e5d3f6:c2708, c5393538-959b-47cf-9d9c-19dac7bed4ee:c2705, a2e6e0ff-38a8-4bcf-9958-a89ff312531d:c2704]
2019-07-15 13:06:58,315 INFO  client.GrpcClientProtocolClient (GrpcClientProtocolClient.java:onNext(255)) - client-B30EC828C355->c26939f8-4d1f-4fb1-95c4-1aa8f7e5d3f6: receive RaftClientReply:client-B30EC828C355->c26939f8-4d1f-4fb1-95c4-1aa8f7e5d3f6@group-D25BE8053FEA, cid=1858, SUCCESS, logIndex=2707, commits[c26939f8-4d1f-4fb1-95c4-1aa8f7e5d3f6:c2709, c5393538-959b-47cf-9d9c-19dac7bed4ee:c2705, a2e6e0ff-38a8-4bcf-9958-a89ff312531d:c2705]
2019-07-15 13:06:58,315 INFO  client.GrpcClientProtocolClient (GrpcClientProtocolClient.java:onNext(255)) - client-B30EC828C355->c26939f8-4d1f-4fb1-95c4-1aa8f7e5d3f6: receive RaftClientReply:client-B30EC828C355->c26939f8-4d1f-4fb1-95c4-1aa8f7e5d3f6@group-D25BE8053FEA, cid=1859, SUCCESS, logIndex=2708, commits[c26939f8-4d1f-4fb1-95c4-1aa8f7e5d3f6:c2709, c5393538-959b-47cf-9d9c-19dac7bed4ee:c2705, a2e6e0ff-38a8-4bcf-9958-a89ff312531d:c2705]
2019-07-15 13:06:58,315 INFO  client.GrpcClientProtocolClient (GrpcClientProtocolClient.java:onNext(255)) - client-B30EC828C355->c26939f8-4d1f-4fb1-95c4-1aa8f7e5d3f6: receive RaftClientReply:client-B30EC828C355->c26939f8-4d1f-4fb1-95c4-1aa8f7e5d3f6@group-D25BE8053FEA, cid=1860, SUCCESS, logIndex=2709, commits[c26939f8-4d1f-4fb1-95c4-1aa8f7e5d3f6:c2709, c5393538-959b-47cf-9d9c-19dac7bed4ee:c2705, a2e6e0ff-38a8-4bcf-9958-a89ff312531d:c2705]
2019-07-15 13:06:58,325 INFO  client.GrpcClientProtocolClient (GrpcClientProtocolClient.java:onNext(255)) - client-B30EC828C355->c26939f8-4d1f-4fb1-95c4-1aa8f7e5d3f6: receive RaftClientReply:client-B30EC828C355->c26939f8-4d1f-4fb1-95c4-1aa8f7e5d3f6@group-D25BE8053FEA, cid=1861, SUCCESS, logIndex=0, commits[c26939f8-4d1f-4fb1-95c4-1aa8f7e5d3f6:c2709, c5393538-959b-47cf-9d9c-19dac7bed4ee:c2708, a2e6e0ff-38a8-4bcf-9958-a89ff312531d:c2708]
2019-07-15 13:06:58,343 INFO  client.GrpcClientProtocolClient (GrpcClientProtocolClient.java:onNext(255)) - client-B30EC828C355->c26939f8-4d1f-4fb1-95c4-1aa8f7e5d3f6: receive RaftClientReply:client-B30EC828C355->c26939f8-4d1f-4fb1-95c4-1aa8f7e5d3f6@group-D25BE8053FEA, cid=1862, SUCCESS, logIndex=2713, commits[c26939f8-4d1f-4fb1-95c4-1aa8f7e5d3f6:c2714, c5393538-959b-47cf-9d9c-19dac7bed4ee:c2712, a2e6e0ff-38a8-4bcf-9958-a89ff312531d:c2712]
2019-07-15 13:06:58,343 INFO  client.GrpcClientProtocolClient (GrpcClientProtocolClient.java:onNext(255)) - client-B30EC828C355->c26939f8-4d1f-4fb1-95c4-1aa8f7e5d3f6: receive RaftClientReply:client-B30EC828C355->c26939f8-4d1f-4fb1-95c4-1aa8f7e5d3f6@group-D25BE8053FEA, cid=1863, SUCCESS, logIndex=2714, commits[c26939f8-4d1f-4fb1-95c4-1aa8f7e5d3f6:c2714, c5393538-959b-47cf-9d9c-19dac7bed4ee:c2712, a2e6e0ff-38a8-4bcf-9958-a89ff312531d:c2712]
2019-07-15 13:06:58,358 INFO  client.GrpcClientProtocolClient (GrpcClientProtocolClient.java:onNext(255)) - client-B30EC828C355->c26939f8-4d1f-4fb1-95c4-1aa8f7e5d3f6: receive RaftClientReply:client-B30EC828C355->c26939f8-4d1f-4fb1-95c4-1aa8f7e5d3f6@group-D25BE8053FEA, cid=1864, SUCCESS, logIndex=2717, commits[c26939f8-4d1f-4fb1-95c4-1aa8f7e5d3f6:c2718, c5393538-959b-47cf-9d9c-19dac7bed4ee:c2714, a2e6e0ff-38a8-4bcf-9958-a89ff312531d:c2713]
2019-07-15 13:06:58,358 INFO  client.GrpcClientProtocolClient (GrpcClientProtocolClient.java:onNext(255)) - client-B30EC828C355->c26939f8-4d1f-4fb1-95c4-1aa8f7e5d3f6: receive RaftClientReply:client-B30EC828C355->c26939f8-4d1f-4fb1-95c4-1aa8f7e5d3f6@group-D25BE8053FEA, cid=1865, SUCCESS, logIndex=2718, commits[c26939f8-4d1f-4fb1-95c4-1aa8f7e5d3f6:c2718, c5393538-959b-47cf-9d9c-19dac7bed4ee:c2714, a2e6e0ff-38a8-4bcf-9958-a89ff312531d:c2714]
2019-07-15 13:06:58,371 INFO  client.GrpcClientProtocolClient (GrpcClientProtocolClient.java:onNext(255)) - client-B30EC828C355->c26939f8-4d1f-4fb1-95c4-1aa8f7e5d3f6: receive RaftClientReply:client-B30EC828C355->c26939f8-4d1f-4fb1-95c4-1aa8f7e5d3f6@group-D25BE8053FEA, cid=1866, SUCCESS, logIndex=0, commits[c26939f8-4d1f-4fb1-95c4-1aa8f7e5d3f6:c2720, c5393538-959b-47cf-9d9c-19dac7bed4ee:c2718, a2e6e0ff-38a8-4bcf-9958-a89ff312531d:c2718]
2019-07-15 13:06:58,402 INFO  client.GrpcClientProtocolClient (GrpcClientProtocolClient.java:onNext(255)) - client-B30EC828C355->c26939f8-4d1f-4fb1-95c4-1aa8f7e5d3f6: receive RaftClientReply:client-B30EC828C355->c26939f8-4d1f-4fb1-95c4-1aa8f7e5d3f6@group-D25BE8053FEA, cid=1867, SUCCESS, logIndex=2721, commits[c26939f8-4d1f-4fb1-95c4-1aa8f7e5d3f6:c2722, c5393538-959b-47cf-9d9c-19dac7bed4ee:c2718, a2e6e0ff-38a8-4bcf-9958-a89ff312531d:c2720]
2019-07-15 13:06:58,403 INFO  client.GrpcClientProtocolClient (GrpcClientProtocolClient.java:onNext(255)) - client-B30EC828C355->c26939f8-4d1f-4fb1-95c4-1aa8f7e5d3f6: receive RaftClientReply:client-B30EC828C355->c26939f8-4d1f-4fb1-95c4-1aa8f7e5d3f6@group-D25BE8053FEA, cid=1868, SUCCESS, logIndex=2722, commits[c26939f8-4d1f-4fb1-95c4-1aa8f7e5d3f6:c2724, c5393538-959b-47cf-9d9c-19dac7bed4ee:c2720, a2e6e0ff-38a8-4bcf-9958-a89ff312531d:c2720]
2019-07-15 13:06:58,403 INFO  client.GrpcClientProtocolClient (GrpcClientProtocolClient.java:onNext(255)) - client-B30EC828C355->c26939f8-4d1f-4fb1-95c4-1aa8f7e5d3f6: receive RaftClientReply:client-B30EC828C355->c26939f8-4d1f-4fb1-95c4-1aa8f7e5d3f6@group-D25BE8053FEA, cid=1869, SUCCESS, logIndex=2723, commits[c26939f8-4d1f-4fb1-95c4-1aa8f7e5d3f6:c2724, c5393538-959b-47cf-9d9c-19dac7bed4ee:c2720, a2e6e0ff-38a8-4bcf-9958-a89ff312531d:c2720]
2019-07-15 13:06:58,403 INFO  client.GrpcClientProtocolClient (GrpcClientProtocolClient.java:onNext(255)) - client-B30EC828C355->c26939f8-4d1f-4fb1-95c4-1aa8f7e5d3f6: receive RaftClientReply:client-B30EC828C355->c26939f8-4d1f-4fb1-95c4-1aa8f7e5d3f6@group-D25BE8053FEA, cid=1870, SUCCESS, logIndex=2724, commits[c26939f8-4d1f-4fb1-95c4-1aa8f7e5d3f6:c2724, c5393538-959b-47cf-9d9c-19dac7bed4ee:c2720, a2e6e0ff-38a8-4bcf-9958-a89ff312531d:c2720]
2019-07-15 13:06:58,417 INFO  client.GrpcClientProtocolClient (GrpcClientProtocolClient.java:onNext(255)) - client-B30EC828C355->c26939f8-4d1f-4fb1-95c4-1aa8f7e5d3f6: receive RaftClientReply:client-B30EC828C355->c26939f8-4d1f-4fb1-95c4-1aa8f7e5d3f6@group-D25BE8053FEA, cid=1871, SUCCESS, logIndex=0, commits[c26939f8-4d1f-4fb1-95c4-1aa8f7e5d3f6:c2728, c5393538-959b-47cf-9d9c-19dac7bed4ee:c2724, a2e6e0ff-38a8-4bcf-9958-a89ff312531d:c2722]
2019-07-15 13:06:58,430 INFO  client.GrpcClientProtocolClient (GrpcClientProtocolClient.java:onNext(255)) - client-B30EC828C355->c26939f8-4d1f-4fb1-95c4-1aa8f7e5d3f6: receive RaftClientReply:client-B30EC828C355->c26939f8-4d1f-4fb1-95c4-1aa8f7e5d3f6@group-D25BE8053FEA, cid=1872, SUCCESS, logIndex=2729, commits[c26939f8-4d1f-4fb1-95c4-1aa8f7e5d3f6:c2730, c5393538-959b-47cf-9d9c-19dac7bed4ee:c2728, a2e6e0ff-38a8-4bcf-9958-a89ff312531d:c2722]
2019-07-15 13:06:58,430 INFO  client.GrpcClientProtocolClient (GrpcClientProtocolClient.java:onNext(255)) - client-B30EC828C355->c26939f8-4d1f-4fb1-95c4-1aa8f7e5d3f6: receive RaftClientReply:client-B30EC828C355->c26939f8-4d1f-4fb1-95c4-1aa8f7e5d3f6@group-D25BE8053FEA, cid=1873, SUCCESS, logIndex=2730, commits[c26939f8-4d1f-4fb1-95c4-1aa8f7e5d3f6:c2730, c5393538-959b-47cf-9d9c-19dac7bed4ee:c2728, a2e6e0ff-38a8-4bcf-9958-a89ff312531d:c2724]
2019-07-15 13:06:58,444 INFO  client.GrpcClientProtocolClient (GrpcClientProtocolClient.java:onNext(255)) - client-B30EC828C355->c26939f8-4d1f-4fb1-95c4-1aa8f7e5d3f6: receive RaftClientReply:client-B30EC828C355->c26939f8-4d1f-4fb1-95c4-1aa8f7e5d3f6@group-D25BE8053FEA, cid=1874, SUCCESS, logIndex=2733, commits[c26939f8-4d1f-4fb1-95c4-1aa8f7e5d3f6:c2733, c5393538-959b-47cf-9d9c-19dac7bed4ee:c2730, a2e6e0ff-38a8-4bcf-9958-a89ff312531d:c2730]
2019-07-15 13:06:58,445 INFO  client.GrpcClientProtocolClient (GrpcClientProtocolClient.java:onNext(255)) - client-B30EC828C355->c26939f8-4d1f-4fb1-95c4-1aa8f7e5d3f6: receive RaftClientReply:client-B30EC828C355->c26939f8-4d1f-4fb1-95c4-1aa8f7e5d3f6@group-D25BE8053FEA, cid=1875, SUCCESS, logIndex=2734, commits[c26939f8-4d1f-4fb1-95c4-1aa8f7e5d3f6:c2734, c5393538-959b-47cf-9d9c-19dac7bed4ee:c2730, a2e6e0ff-38a8-4bcf-9958-a89ff312531d:c2730]
2019-07-15 13:06:58,458 INFO  client.GrpcClientProtocolClient (GrpcClientProtocolClient.java:onNext(255)) - client-B30EC828C355->c26939f8-4d1f-4fb1-95c4-1aa8f7e5d3f6: receive RaftClientReply:client-B30EC828C355->c26939f8-4d1f-4fb1-95c4-1aa8f7e5d3f6@group-D25BE8053FEA, cid=1876, SUCCESS, logIndex=0, commits[c26939f8-4d1f-4fb1-95c4-1aa8f7e5d3f6:c2736, c5393538-959b-47cf-9d9c-19dac7bed4ee:c2734, a2e6e0ff-38a8-4bcf-9958-a89ff312531d:c2734]
 0.00% |█                                                                                                    |  0/1 Time: 0:00:132019-07-15 13:06:58,936 INFO  client.GrpcClientProtocolClient (GrpcClientProtocolClient.java:onNext(255)) - client-B30EC828C355->c26939f8-4d1f-4fb1-95c4-1aa8f7e5d3f6: receive RaftClientReply:client-B30EC828C355->c26939f8-4d1f-4fb1-95c4-1aa8f7e5d3f6@group-D25BE8053FEA, cid=1877, SUCCESS, logIndex=2737, commits[c26939f8-4d1f-4fb1-95c4-1aa8f7e5d3f6:c2739, c5393538-959b-47cf-9d9c-19dac7bed4ee:c2736, a2e6e0ff-38a8-4bcf-9958-a89ff312531d:c2736]
2019-07-15 13:06:58,937 INFO  client.GrpcClientProtocolClient (GrpcClientProtocolClient.java:onNext(255)) - client-B30EC828C355->c26939f8-4d1f-4fb1-95c4-1aa8f7e5d3f6: receive RaftClientReply:client-B30EC828C355->c26939f8-4d1f-4fb1-95c4-1aa8f7e5d3f6@group-D25BE8053FEA, cid=1878, SUCCESS, logIndex=2738, commits[c26939f8-4d1f-4fb1-95c4-1aa8f7e5d3f6:c2740, c5393538-959b-47cf-9d9c-19dac7bed4ee:c2736, a2e6e0ff-38a8-4bcf-9958-a89ff312531d:c2736]
2019-07-15 13:06:58,937 INFO  client.GrpcClientProtocolClient (GrpcClientProtocolClient.java:onNext(255)) - client-B30EC828C355->c26939f8-4d1f-4fb1-95c4-1aa8f7e5d3f6: receive RaftClientReply:client-B30EC828C355->c26939f8-4d1f-4fb1-95c4-1aa8f7e5d3f6@group-D25BE8053FEA, cid=1879, SUCCESS, logIndex=2739, commits[c26939f8-4d1f-4fb1-95c4-1aa8f7e5d3f6:c2740, c5393538-959b-47cf-9d9c-19dac7bed4ee:c2736, a2e6e0ff-38a8-4bcf-9958-a89ff312531d:c2736]
2019-07-15 13:06:58,938 INFO  client.GrpcClientProtocolClient (GrpcClientProtocolClient.java:onNext(255)) - client-B30EC828C355->c26939f8-4d1f-4fb1-95c4-1aa8f7e5d3f6: receive RaftClientReply:client-B30EC828C355->c26939f8-4d1f-4fb1-95c4-1aa8f7e5d3f6@group-D25BE8053FEA, cid=1880, SUCCESS, logIndex=2740, commits[c26939f8-4d1f-4fb1-95c4-1aa8f7e5d3f6:c2740, c5393538-959b-47cf-9d9c-19dac7bed4ee:c2736, a2e6e0ff-38a8-4bcf-9958-a89ff312531d:c2736]
2019-07-15 13:06:58,941 INFO  client.GrpcClientProtocolClient (GrpcClientProtocolClient.java:onNext(255)) - client-B30EC828C355->c26939f8-4d1f-4fb1-95c4-1aa8f7e5d3f6: receive RaftClientReply:client-B30EC828C355->c26939f8-4d1f-4fb1-95c4-1aa8f7e5d3f6@group-D25BE8053FEA, cid=1881, SUCCESS, logIndex=0, commits[c26939f8-4d1f-4fb1-95c4-1aa8f7e5d3f6:c2741, c5393538-959b-47cf-9d9c-19dac7bed4ee:c2738, a2e6e0ff-38a8-4bcf-9958-a89ff312531d:c2738]
2019-07-15 13:06:58,954 INFO  client.GrpcClientProtocolClient (GrpcClientProtocolClient.java:onNext(255)) - client-B30EC828C355->c26939f8-4d1f-4fb1-95c4-1aa8f7e5d3f6: receive RaftClientReply:client-B30EC828C355->c26939f8-4d1f-4fb1-95c4-1aa8f7e5d3f6@group-D25BE8053FEA, cid=1882, SUCCESS, logIndex=2745, commits[c26939f8-4d1f-4fb1-95c4-1aa8f7e5d3f6:c2746, c5393538-959b-47cf-9d9c-19dac7bed4ee:c2740, a2e6e0ff-38a8-4bcf-9958-a89ff312531d:c2744]
2019-07-15 13:06:58,955 INFO  client.GrpcClientProtocolClient (GrpcClientProtocolClient.java:onNext(255)) - client-B30EC828C355->c26939f8-4d1f-4fb1-95c4-1aa8f7e5d3f6: receive RaftClientReply:client-B30EC828C355->c26939f8-4d1f-4fb1-95c4-1aa8f7e5d3f6@group-D25BE8053FEA, cid=1883, SUCCESS, logIndex=2746, commits[c26939f8-4d1f-4fb1-95c4-1aa8f7e5d3f6:c2746, c5393538-959b-47cf-9d9c-19dac7bed4ee:c2744, a2e6e0ff-38a8-4bcf-9958-a89ff312531d:c2744]
2019-07-15 13:06:58,967 INFO  client.GrpcClientProtocolClient (GrpcClientProtocolClient.java:onNext(255)) - client-B30EC828C355->c26939f8-4d1f-4fb1-95c4-1aa8f7e5d3f6: receive RaftClientReply:client-B30EC828C355->c26939f8-4d1f-4fb1-95c4-1aa8f7e5d3f6@group-D25BE8053FEA, cid=1884, SUCCESS, logIndex=2749, commits[c26939f8-4d1f-4fb1-95c4-1aa8f7e5d3f6:c2750, c5393538-959b-47cf-9d9c-19dac7bed4ee:c2748, a2e6e0ff-38a8-4bcf-9958-a89ff312531d:c2746]
2019-07-15 13:06:58,967 INFO  client.GrpcClientProtocolClient (GrpcClientProtocolClient.java:onNext(255)) - client-B30EC828C355->c26939f8-4d1f-4fb1-95c4-1aa8f7e5d3f6: receive RaftClientReply:client-B30EC828C355->c26939f8-4d1f-4fb1-95c4-1aa8f7e5d3f6@group-D25BE8053FEA, cid=1885, SUCCESS, logIndex=2750, commits[c26939f8-4d1f-4fb1-95c4-1aa8f7e5d3f6:c2750, c5393538-959b-47cf-9d9c-19dac7bed4ee:c2748, a2e6e0ff-38a8-4bcf-9958-a89ff312531d:c2748]
2019-07-15 13:06:58,970 INFO  client.GrpcClientProtocolClient (GrpcClientProtocolClient.java:onNext(255)) - client-B30EC828C355->c26939f8-4d1f-4fb1-95c4-1aa8f7e5d3f6: receive RaftClientReply:client-B30EC828C355->c26939f8-4d1f-4fb1-95c4-1aa8f7e5d3f6@group-D25BE8053FEA, cid=1886, SUCCESS, logIndex=0, commits[c26939f8-4d1f-4fb1-95c4-1aa8f7e5d3f6:c2751, c5393538-959b-47cf-9d9c-19dac7bed4ee:c2750, a2e6e0ff-38a8-4bcf-9958-a89ff312531d:c2750]
2019-07-15 13:06:58,992 INFO  client.GrpcClientProtocolClient (GrpcClientProtocolClient.java:onNext(255)) - client-B30EC828C355->c26939f8-4d1f-4fb1-95c4-1aa8f7e5d3f6: receive RaftClientReply:client-B30EC828C355->c26939f8-4d1f-4fb1-95c4-1aa8f7e5d3f6@group-D25BE8053FEA, cid=1887, SUCCESS, logIndex=2753, commits[c26939f8-4d1f-4fb1-95c4-1aa8f7e5d3f6:c2754, c5393538-959b-47cf-9d9c-19dac7bed4ee:c2752, a2e6e0ff-38a8-4bcf-9958-a89ff312531d:c2750]
2019-07-15 13:06:58,993 INFO  client.GrpcClientProtocolClient (GrpcClientProtocolClient.java:onNext(255)) - client-B30EC828C355->c26939f8-4d1f-4fb1-95c4-1aa8f7e5d3f6: receive RaftClientReply:client-B30EC828C355->c26939f8-4d1f-4fb1-95c4-1aa8f7e5d3f6@group-D25BE8053FEA, cid=1888, SUCCESS, logIndex=2754, commits[c26939f8-4d1f-4fb1-95c4-1aa8f7e5d3f6:c2754, c5393538-959b-47cf-9d9c-19dac7bed4ee:c2752, a2e6e0ff-38a8-4bcf-9958-a89ff312531d:c2750]
2019-07-15 13:06:58,994 INFO  client.GrpcClientProtocolClient (GrpcClientProtocolClient.java:onNext(255)) - client-B30EC828C355->c26939f8-4d1f-4fb1-95c4-1aa8f7e5d3f6: receive RaftClientReply:client-B30EC828C355->c26939f8-4d1f-4fb1-95c4-1aa8f7e5d3f6@group-D25BE8053FEA, cid=1889, SUCCESS, logIndex=2755, commits[c26939f8-4d1f-4fb1-95c4-1aa8f7e5d3f6:c2757, c5393538-959b-47cf-9d9c-19dac7bed4ee:c2752, a2e6e0ff-38a8-4bcf-9958-a89ff312531d:c2754]
2019-07-15 13:06:58,994 INFO  client.GrpcClientProtocolClient (GrpcClientProtocolClient.java:onNext(255)) - client-B30EC828C355->c26939f8-4d1f-4fb1-95c4-1aa8f7e5d3f6: receive RaftClientReply:client-B30EC828C355->c26939f8-4d1f-4fb1-95c4-1aa8f7e5d3f6@group-D25BE8053FEA, cid=1890, SUCCESS, logIndex=2756, commits[c26939f8-4d1f-4fb1-95c4-1aa8f7e5d3f6:c2758, c5393538-959b-47cf-9d9c-19dac7bed4ee:c2752, a2e6e0ff-38a8-4bcf-9958-a89ff312531d:c2754]
2019-07-15 13:06:58,995 INFO  client.GrpcClientProtocolClient (GrpcClientProtocolClient.java:onNext(255)) - client-B30EC828C355->c26939f8-4d1f-4fb1-95c4-1aa8f7e5d3f6: receive RaftClientReply:client-B30EC828C355->c26939f8-4d1f-4fb1-95c4-1aa8f7e5d3f6@group-D25BE8053FEA, cid=1891, SUCCESS, logIndex=0, commits[c26939f8-4d1f-4fb1-95c4-1aa8f7e5d3f6:c2758, c5393538-959b-47cf-9d9c-19dac7bed4ee:c2754, a2e6e0ff-38a8-4bcf-9958-a89ff312531d:c2754]
2019-07-15 13:06:59,007 INFO  client.GrpcClientProtocolClient (GrpcClientProtocolClient.java:onNext(255)) - client-B30EC828C355->c26939f8-4d1f-4fb1-95c4-1aa8f7e5d3f6: receive RaftClientReply:client-B30EC828C355->c26939f8-4d1f-4fb1-95c4-1aa8f7e5d3f6@group-D25BE8053FEA, cid=1892, SUCCESS, logIndex=2761, commits[c26939f8-4d1f-4fb1-95c4-1aa8f7e5d3f6:c2762, c5393538-959b-47cf-9d9c-19dac7bed4ee:c2760, a2e6e0ff-38a8-4bcf-9958-a89ff312531d:c2760]
2019-07-15 13:06:59,007 INFO  client.GrpcClientProtocolClient (GrpcClientProtocolClient.java:onNext(255)) - client-B30EC828C355->c26939f8-4d1f-4fb1-95c4-1aa8f7e5d3f6: receive RaftClientReply:client-B30EC828C355->c26939f8-4d1f-4fb1-95c4-1aa8f7e5d3f6@group-D25BE8053FEA, cid=1893, SUCCESS, logIndex=2762, commits[c26939f8-4d1f-4fb1-95c4-1aa8f7e5d3f6:c2762, c5393538-959b-47cf-9d9c-19dac7bed4ee:c2760, a2e6e0ff-38a8-4bcf-9958-a89ff312531d:c2760]
2019-07-15 13:06:59,019 INFO  client.GrpcClientProtocolClient (GrpcClientProtocolClient.java:onNext(255)) - client-B30EC828C355->c26939f8-4d1f-4fb1-95c4-1aa8f7e5d3f6: receive RaftClientReply:client-B30EC828C355->c26939f8-4d1f-4fb1-95c4-1aa8f7e5d3f6@group-D25BE8053FEA, cid=1894, SUCCESS, logIndex=2765, commits[c26939f8-4d1f-4fb1-95c4-1aa8f7e5d3f6:c2766, c5393538-959b-47cf-9d9c-19dac7bed4ee:c2764, a2e6e0ff-38a8-4bcf-9958-a89ff312531d:c2762]
2019-07-15 13:06:59,020 INFO  client.GrpcClientProtocolClient (GrpcClientProtocolClient.java:onNext(255)) - client-B30EC828C355->c26939f8-4d1f-4fb1-95c4-1aa8f7e5d3f6: receive RaftClientReply:client-B30EC828C355->c26939f8-4d1f-4fb1-95c4-1aa8f7e5d3f6@group-D25BE8053FEA, cid=1895, SUCCESS, logIndex=2766, commits[c26939f8-4d1f-4fb1-95c4-1aa8f7e5d3f6:c2766, c5393538-959b-47cf-9d9c-19dac7bed4ee:c2764, a2e6e0ff-38a8-4bcf-9958-a89ff312531d:c2764]
2019-07-15 13:06:59,022 INFO  client.GrpcClientProtocolClient (GrpcClientProtocolClient.java:onNext(255)) - client-B30EC828C355->c26939f8-4d1f-4fb1-95c4-1aa8f7e5d3f6: receive RaftClientReply:client-B30EC828C355->c26939f8-4d1f-4fb1-95c4-1aa8f7e5d3f6@group-D25BE8053FEA, cid=1896, SUCCESS, logIndex=0, commits[c26939f8-4d1f-4fb1-95c4-1aa8f7e5d3f6:c2767, c5393538-959b-47cf-9d9c-19dac7bed4ee:c2766, a2e6e0ff-38a8-4bcf-9958-a89ff312531d:c2766]
2019-07-15 13:06:59,041 INFO  client.GrpcClientProtocolClient (GrpcClientProtocolClient.java:onNext(255)) - client-B30EC828C355->c26939f8-4d1f-4fb1-95c4-1aa8f7e5d3f6: receive RaftClientReply:client-B30EC828C355->c26939f8-4d1f-4fb1-95c4-1aa8f7e5d3f6@group-D25BE8053FEA, cid=1897, SUCCESS, logIndex=2769, commits[c26939f8-4d1f-4fb1-95c4-1aa8f7e5d3f6:c2770, c5393538-959b-47cf-9d9c-19dac7bed4ee:c2768, a2e6e0ff-38a8-4bcf-9958-a89ff312531d:c2766]
2019-07-15 13:06:59,042 INFO  client.GrpcClientProtocolClient (GrpcClientProtocolClient.java:onNext(255)) - client-B30EC828C355->c26939f8-4d1f-4fb1-95c4-1aa8f7e5d3f6: receive RaftClientReply:client-B30EC828C355->c26939f8-4d1f-4fb1-95c4-1aa8f7e5d3f6@group-D25BE8053FEA, cid=1898, SUCCESS, logIndex=2770, commits[c26939f8-4d1f-4fb1-95c4-1aa8f7e5d3f6:c2770, c5393538-959b-47cf-9d9c-19dac7bed4ee:c2768, a2e6e0ff-38a8-4bcf-9958-a89ff312531d:c2768]
2019-07-15 13:06:59,042 INFO  client.GrpcClientProtocolClient (GrpcClientProtocolClient.java:onNext(255)) - client-B30EC828C355->c26939f8-4d1f-4fb1-95c4-1aa8f7e5d3f6: receive RaftClientReply:client-B30EC828C355->c26939f8-4d1f-4fb1-95c4-1aa8f7e5d3f6@group-D25BE8053FEA, cid=1899, SUCCESS, logIndex=2771, commits[c26939f8-4d1f-4fb1-95c4-1aa8f7e5d3f6:c2772, c5393538-959b-47cf-9d9c-19dac7bed4ee:c2768, a2e6e0ff-38a8-4bcf-9958-a89ff312531d:c2768]
2019-07-15 13:06:59,043 INFO  client.GrpcClientProtocolClient (GrpcClientProtocolClient.java:onNext(255)) - client-B30EC828C355->c26939f8-4d1f-4fb1-95c4-1aa8f7e5d3f6: receive RaftClientReply:client-B30EC828C355->c26939f8-4d1f-4fb1-95c4-1aa8f7e5d3f6@group-D25BE8053FEA, cid=1900, SUCCESS, logIndex=2772, commits[c26939f8-4d1f-4fb1-95c4-1aa8f7e5d3f6:c2772, c5393538-959b-47cf-9d9c-19dac7bed4ee:c2768, a2e6e0ff-38a8-4bcf-9958-a89ff312531d:c2768]
2019-07-15 13:06:59,044 INFO  client.GrpcClientProtocolClient (GrpcClientProtocolClient.java:onNext(255)) - client-B30EC828C355->c26939f8-4d1f-4fb1-95c4-1aa8f7e5d3f6: receive RaftClientReply:client-B30EC828C355->c26939f8-4d1f-4fb1-95c4-1aa8f7e5d3f6@group-D25BE8053FEA, cid=1901, SUCCESS, logIndex=0, commits[c26939f8-4d1f-4fb1-95c4-1aa8f7e5d3f6:c2774, c5393538-959b-47cf-9d9c-19dac7bed4ee:c2770, a2e6e0ff-38a8-4bcf-9958-a89ff312531d:c2770]
2019-07-15 13:06:59,063 INFO  client.GrpcClientProtocolClient (GrpcClientProtocolClient.java:onNext(255)) - client-B30EC828C355->c26939f8-4d1f-4fb1-95c4-1aa8f7e5d3f6: receive RaftClientReply:client-B30EC828C355->c26939f8-4d1f-4fb1-95c4-1aa8f7e5d3f6@group-D25BE8053FEA, cid=1902, SUCCESS, logIndex=2777, commits[c26939f8-4d1f-4fb1-95c4-1aa8f7e5d3f6:c2778, c5393538-959b-47cf-9d9c-19dac7bed4ee:c2776, a2e6e0ff-38a8-4bcf-9958-a89ff312531d:c2776]
2019-07-15 13:06:59,063 INFO  client.GrpcClientProtocolClient (GrpcClientProtocolClient.java:onNext(255)) - client-B30EC828C355->c26939f8-4d1f-4fb1-95c4-1aa8f7e5d3f6: receive RaftClientReply:client-B30EC828C355->c26939f8-4d1f-4fb1-95c4-1aa8f7e5d3f6@group-D25BE8053FEA, cid=1903, SUCCESS, logIndex=2778, commits[c26939f8-4d1f-4fb1-95c4-1aa8f7e5d3f6:c2778, c5393538-959b-47cf-9d9c-19dac7bed4ee:c2776, a2e6e0ff-38a8-4bcf-9958-a89ff312531d:c2776]
2019-07-15 13:06:59,090 INFO  client.GrpcClientProtocolClient (GrpcClientProtocolClient.java:onNext(255)) - client-B30EC828C355->c26939f8-4d1f-4fb1-95c4-1aa8f7e5d3f6: receive RaftClientReply:client-B30EC828C355->c26939f8-4d1f-4fb1-95c4-1aa8f7e5d3f6@group-D25BE8053FEA, cid=1904, SUCCESS, logIndex=2781, commits[c26939f8-4d1f-4fb1-95c4-1aa8f7e5d3f6:c2782, c5393538-959b-47cf-9d9c-19dac7bed4ee:c2777, a2e6e0ff-38a8-4bcf-9958-a89ff312531d:c2778]
2019-07-15 13:06:59,091 INFO  client.GrpcClientProtocolClient (GrpcClientProtocolClient.java:onNext(255)) - client-B30EC828C355->c26939f8-4d1f-4fb1-95c4-1aa8f7e5d3f6: receive RaftClientReply:client-B30EC828C355->c26939f8-4d1f-4fb1-95c4-1aa8f7e5d3f6@group-D25BE8053FEA, cid=1905, SUCCESS, logIndex=2782, commits[c26939f8-4d1f-4fb1-95c4-1aa8f7e5d3f6:c2782, c5393538-959b-47cf-9d9c-19dac7bed4ee:c2778, a2e6e0ff-38a8-4bcf-9958-a89ff312531d:c2778]
2019-07-15 13:06:59,102 INFO  client.GrpcClientProtocolClient (GrpcClientProtocolClient.java:onNext(255)) - client-B30EC828C355->c26939f8-4d1f-4fb1-95c4-1aa8f7e5d3f6: receive RaftClientReply:client-B30EC828C355->c26939f8-4d1f-4fb1-95c4-1aa8f7e5d3f6@group-D25BE8053FEA, cid=1906, SUCCESS, logIndex=0, commits[c26939f8-4d1f-4fb1-95c4-1aa8f7e5d3f6:c2783, c5393538-959b-47cf-9d9c-19dac7bed4ee:c2782, a2e6e0ff-38a8-4bcf-9958-a89ff312531d:c2782]
2019-07-15 13:06:59,129 INFO  client.GrpcClientProtocolClient (GrpcClientProtocolClient.java:onNext(255)) - client-B30EC828C355->c26939f8-4d1f-4fb1-95c4-1aa8f7e5d3f6: receive RaftClientReply:client-B30EC828C355->c26939f8-4d1f-4fb1-95c4-1aa8f7e5d3f6@group-D25BE8053FEA, cid=1907, SUCCESS, logIndex=2784, commits[c26939f8-4d1f-4fb1-95c4-1aa8f7e5d3f6:c2785, c5393538-959b-47cf-9d9c-19dac7bed4ee:c2783, a2e6e0ff-38a8-4bcf-9958-a89ff312531d:c2783]
2019-07-15 13:06:59,130 INFO  client.GrpcClientProtocolClient (GrpcClientProtocolClient.java:onNext(255)) - client-B30EC828C355->c26939f8-4d1f-4fb1-95c4-1aa8f7e5d3f6: receive RaftClientReply:client-B30EC828C355->c26939f8-4d1f-4fb1-95c4-1aa8f7e5d3f6@group-D25BE8053FEA, cid=1908, SUCCESS, logIndex=2785, commits[c26939f8-4d1f-4fb1-95c4-1aa8f7e5d3f6:c2785, c5393538-959b-47cf-9d9c-19dac7bed4ee:c2783, a2e6e0ff-38a8-4bcf-9958-a89ff312531d:c2783]
2019-07-15 13:06:59,130 INFO  client.GrpcClientProtocolClient (GrpcClientProtocolClient.java:onNext(255)) - client-B30EC828C355->c26939f8-4d1f-4fb1-95c4-1aa8f7e5d3f6: receive RaftClientReply:client-B30EC828C355->c26939f8-4d1f-4fb1-95c4-1aa8f7e5d3f6@group-D25BE8053FEA, cid=1909, SUCCESS, logIndex=2786, commits[c26939f8-4d1f-4fb1-95c4-1aa8f7e5d3f6:c2787, c5393538-959b-47cf-9d9c-19dac7bed4ee:c2783, a2e6e0ff-38a8-4bcf-9958-a89ff312531d:c2783]
2019-07-15 13:06:59,131 INFO  client.GrpcClientProtocolClient (GrpcClientProtocolClient.java:onNext(255)) - client-B30EC828C355->c26939f8-4d1f-4fb1-95c4-1aa8f7e5d3f6: receive RaftClientReply:client-B30EC828C355->c26939f8-4d1f-4fb1-95c4-1aa8f7e5d3f6@group-D25BE8053FEA, cid=1910, SUCCESS, logIndex=2787, commits[c26939f8-4d1f-4fb1-95c4-1aa8f7e5d3f6:c2787, c5393538-959b-47cf-9d9c-19dac7bed4ee:c2783, a2e6e0ff-38a8-4bcf-9958-a89ff312531d:c2783]
2019-07-15 13:06:59,132 INFO  client.GrpcClientProtocolClient (GrpcClientProtocolClient.java:onNext(255)) - client-B30EC828C355->c26939f8-4d1f-4fb1-95c4-1aa8f7e5d3f6: receive RaftClientReply:client-B30EC828C355->c26939f8-4d1f-4fb1-95c4-1aa8f7e5d3f6@group-D25BE8053FEA, cid=1911, SUCCESS, logIndex=0, commits[c26939f8-4d1f-4fb1-95c4-1aa8f7e5d3f6:c2789, c5393538-959b-47cf-9d9c-19dac7bed4ee:c2785, a2e6e0ff-38a8-4bcf-9958-a89ff312531d:c2785]
2019-07-15 13:06:59,151 INFO  client.GrpcClientProtocolClient (GrpcClientProtocolClient.java:onNext(255)) - client-B30EC828C355->c26939f8-4d1f-4fb1-95c4-1aa8f7e5d3f6: receive RaftClientReply:client-B30EC828C355->c26939f8-4d1f-4fb1-95c4-1aa8f7e5d3f6@group-D25BE8053FEA, cid=1912, SUCCESS, logIndex=2792, commits[c26939f8-4d1f-4fb1-95c4-1aa8f7e5d3f6:c2793, c5393538-959b-47cf-9d9c-19dac7bed4ee:c2791, a2e6e0ff-38a8-4bcf-9958-a89ff312531d:c2791]
2019-07-15 13:06:59,152 INFO  client.GrpcClientProtocolClient (GrpcClientProtocolClient.java:onNext(255)) - client-B30EC828C355->c26939f8-4d1f-4fb1-95c4-1aa8f7e5d3f6: receive RaftClientReply:client-B30EC828C355->c26939f8-4d1f-4fb1-95c4-1aa8f7e5d3f6@group-D25BE8053FEA, cid=1913, SUCCESS, logIndex=2793, commits[c26939f8-4d1f-4fb1-95c4-1aa8f7e5d3f6:c2793, c5393538-959b-47cf-9d9c-19dac7bed4ee:c2791, a2e6e0ff-38a8-4bcf-9958-a89ff312531d:c2791]
2019-07-15 13:06:59,164 INFO  client.GrpcClientProtocolClient (GrpcClientProtocolClient.java:onNext(255)) - client-B30EC828C355->c26939f8-4d1f-4fb1-95c4-1aa8f7e5d3f6: receive RaftClientReply:client-B30EC828C355->c26939f8-4d1f-4fb1-95c4-1aa8f7e5d3f6@group-D25BE8053FEA, cid=1914, SUCCESS, logIndex=2796, commits[c26939f8-4d1f-4fb1-95c4-1aa8f7e5d3f6:c2797, c5393538-959b-47cf-9d9c-19dac7bed4ee:c2793, a2e6e0ff-38a8-4bcf-9958-a89ff312531d:c2793]
2019-07-15 13:06:59,164 INFO  client.GrpcClientProtocolClient (GrpcClientProtocolClient.java:onNext(255)) - client-B30EC828C355->c26939f8-4d1f-4fb1-95c4-1aa8f7e5d3f6: receive RaftClientReply:client-B30EC828C355->c26939f8-4d1f-4fb1-95c4-1aa8f7e5d3f6@group-D25BE8053FEA, cid=1915, SUCCESS, logIndex=2797, commits[c26939f8-4d1f-4fb1-95c4-1aa8f7e5d3f6:c2797, c5393538-959b-47cf-9d9c-19dac7bed4ee:c2793, a2e6e0ff-38a8-4bcf-9958-a89ff312531d:c2793]
2019-07-15 13:06:59,176 INFO  client.GrpcClientProtocolClient (GrpcClientProtocolClient.java:onNext(255)) - client-B30EC828C355->c26939f8-4d1f-4fb1-95c4-1aa8f7e5d3f6: receive RaftClientReply:client-B30EC828C355->c26939f8-4d1f-4fb1-95c4-1aa8f7e5d3f6@group-D25BE8053FEA, cid=1916, SUCCESS, logIndex=0, commits[c26939f8-4d1f-4fb1-95c4-1aa8f7e5d3f6:c2797, c5393538-959b-47cf-9d9c-19dac7bed4ee:c2797, a2e6e0ff-38a8-4bcf-9958-a89ff312531d:c2797]
2019-07-15 13:06:59,204 INFO  client.GrpcClientProtocolClient (GrpcClientProtocolClient.java:onNext(255)) - client-B30EC828C355->c26939f8-4d1f-4fb1-95c4-1aa8f7e5d3f6: receive RaftClientReply:client-B30EC828C355->c26939f8-4d1f-4fb1-95c4-1aa8f7e5d3f6@group-D25BE8053FEA, cid=1917, SUCCESS, logIndex=2800, commits[c26939f8-4d1f-4fb1-95c4-1aa8f7e5d3f6:c2801, c5393538-959b-47cf-9d9c-19dac7bed4ee:c2799, a2e6e0ff-38a8-4bcf-9958-a89ff312531d:c2799]
2019-07-15 13:06:59,205 INFO  client.GrpcClientProtocolClient (GrpcClientProtocolClient.java:onNext(255)) - client-B30EC828C355->c26939f8-4d1f-4fb1-95c4-1aa8f7e5d3f6: receive RaftClientReply:client-B30EC828C355->c26939f8-4d1f-4fb1-95c4-1aa8f7e5d3f6@group-D25BE8053FEA, cid=1918, SUCCESS, logIndex=2801, commits[c26939f8-4d1f-4fb1-95c4-1aa8f7e5d3f6:c2802, c5393538-959b-47cf-9d9c-19dac7bed4ee:c2799, a2e6e0ff-38a8-4bcf-9958-a89ff312531d:c2799]
2019-07-15 13:06:59,205 INFO  client.GrpcClientProtocolClient (GrpcClientProtocolClient.java:onNext(255)) - client-B30EC828C355->c26939f8-4d1f-4fb1-95c4-1aa8f7e5d3f6: receive RaftClientReply:client-B30EC828C355->c26939f8-4d1f-4fb1-95c4-1aa8f7e5d3f6@group-D25BE8053FEA, cid=1919, SUCCESS, logIndex=2802, commits[c26939f8-4d1f-4fb1-95c4-1aa8f7e5d3f6:c2803, c5393538-959b-47cf-9d9c-19dac7bed4ee:c2799, a2e6e0ff-38a8-4bcf-9958-a89ff312531d:c2799]
2019-07-15 13:06:59,205 INFO  client.GrpcClientProtocolClient (GrpcClientProtocolClient.java:onNext(255)) - client-B30EC828C355->c26939f8-4d1f-4fb1-95c4-1aa8f7e5d3f6: receive RaftClientReply:client-B30EC828C355->c26939f8-4d1f-4fb1-95c4-1aa8f7e5d3f6@group-D25BE8053FEA, cid=1920, SUCCESS, logIndex=2803, commits[c26939f8-4d1f-4fb1-95c4-1aa8f7e5d3f6:c2803, c5393538-959b-47cf-9d9c-19dac7bed4ee:c2799, a2e6e0ff-38a8-4bcf-9958-a89ff312531d:c2799]
2019-07-15 13:06:59,207 INFO  client.GrpcClientProtocolClient (GrpcClientProtocolClient.java:onNext(255)) - client-B30EC828C355->c26939f8-4d1f-4fb1-95c4-1aa8f7e5d3f6: receive RaftClientReply:client-B30EC828C355->c26939f8-4d1f-4fb1-95c4-1aa8f7e5d3f6@group-D25BE8053FEA, cid=1921, SUCCESS, logIndex=0, commits[c26939f8-4d1f-4fb1-95c4-1aa8f7e5d3f6:c2805, c5393538-959b-47cf-9d9c-19dac7bed4ee:c2801, a2e6e0ff-38a8-4bcf-9958-a89ff312531d:c2801]
2019-07-15 13:06:59,230 INFO  client.GrpcClientProtocolClient (GrpcClientProtocolClient.java:onNext(255)) - client-B30EC828C355->c26939f8-4d1f-4fb1-95c4-1aa8f7e5d3f6: receive RaftClientReply:client-B30EC828C355->c26939f8-4d1f-4fb1-95c4-1aa8f7e5d3f6@group-D25BE8053FEA, cid=1922, SUCCESS, logIndex=2808, commits[c26939f8-4d1f-4fb1-95c4-1aa8f7e5d3f6:c2809, c5393538-959b-47cf-9d9c-19dac7bed4ee:c2807, a2e6e0ff-38a8-4bcf-9958-a89ff312531d:c2807]
2019-07-15 13:06:59,230 INFO  client.GrpcClientProtocolClient (GrpcClientProtocolClient.java:onNext(255)) - client-B30EC828C355->c26939f8-4d1f-4fb1-95c4-1aa8f7e5d3f6: receive RaftClientReply:client-B30EC828C355->c26939f8-4d1f-4fb1-95c4-1aa8f7e5d3f6@group-D25BE8053FEA, cid=1923, SUCCESS, logIndex=2809, commits[c26939f8-4d1f-4fb1-95c4-1aa8f7e5d3f6:c2809, c5393538-959b-47cf-9d9c-19dac7bed4ee:c2807, a2e6e0ff-38a8-4bcf-9958-a89ff312531d:c2807]
2019-07-15 13:06:59,244 INFO  client.GrpcClientProtocolClient (GrpcClientProtocolClient.java:onNext(255)) - client-B30EC828C355->c26939f8-4d1f-4fb1-95c4-1aa8f7e5d3f6: receive RaftClientReply:client-B30EC828C355->c26939f8-4d1f-4fb1-95c4-1aa8f7e5d3f6@group-D25BE8053FEA, cid=1924, SUCCESS, logIndex=2812, commits[c26939f8-4d1f-4fb1-95c4-1aa8f7e5d3f6:c2812, c5393538-959b-47cf-9d9c-19dac7bed4ee:c2809, a2e6e0ff-38a8-4bcf-9958-a89ff312531d:c2809]
2019-07-15 13:06:59,244 INFO  client.GrpcClientProtocolClient (GrpcClientProtocolClient.java:onNext(255)) - client-B30EC828C355->c26939f8-4d1f-4fb1-95c4-1aa8f7e5d3f6: receive RaftClientReply:client-B30EC828C355->c26939f8-4d1f-4fb1-95c4-1aa8f7e5d3f6@group-D25BE8053FEA, cid=1925, SUCCESS, logIndex=2813, commits[c26939f8-4d1f-4fb1-95c4-1aa8f7e5d3f6:c2813, c5393538-959b-47cf-9d9c-19dac7bed4ee:c2809, a2e6e0ff-38a8-4bcf-9958-a89ff312531d:c2809]
2019-07-15 13:06:59,255 INFO  client.GrpcClientProtocolClient (GrpcClientProtocolClient.java:onNext(255)) - client-B30EC828C355->c26939f8-4d1f-4fb1-95c4-1aa8f7e5d3f6: receive RaftClientReply:client-B30EC828C355->c26939f8-4d1f-4fb1-95c4-1aa8f7e5d3f6@group-D25BE8053FEA, cid=1926, SUCCESS, logIndex=0, commits[c26939f8-4d1f-4fb1-95c4-1aa8f7e5d3f6:c2814, c5393538-959b-47cf-9d9c-19dac7bed4ee:c2813, a2e6e0ff-38a8-4bcf-9958-a89ff312531d:c2813]
2019-07-15 13:06:59,284 INFO  client.GrpcClientProtocolClient (GrpcClientProtocolClient.java:onNext(255)) - client-B30EC828C355->c26939f8-4d1f-4fb1-95c4-1aa8f7e5d3f6: receive RaftClientReply:client-B30EC828C355->c26939f8-4d1f-4fb1-95c4-1aa8f7e5d3f6@group-D25BE8053FEA, cid=1927, SUCCESS, logIndex=2816, commits[c26939f8-4d1f-4fb1-95c4-1aa8f7e5d3f6:c2817, c5393538-959b-47cf-9d9c-19dac7bed4ee:c2815, a2e6e0ff-38a8-4bcf-9958-a89ff312531d:c2815]
2019-07-15 13:06:59,284 INFO  client.GrpcClientProtocolClient (GrpcClientProtocolClient.java:onNext(255)) - client-B30EC828C355->c26939f8-4d1f-4fb1-95c4-1aa8f7e5d3f6: receive RaftClientReply:client-B30EC828C355->c26939f8-4d1f-4fb1-95c4-1aa8f7e5d3f6@group-D25BE8053FEA, cid=1928, SUCCESS, logIndex=2817, commits[c26939f8-4d1f-4fb1-95c4-1aa8f7e5d3f6:c2817, c5393538-959b-47cf-9d9c-19dac7bed4ee:c2815, a2e6e0ff-38a8-4bcf-9958-a89ff312531d:c2815]
2019-07-15 13:06:59,295 INFO  client.GrpcClientProtocolClient (GrpcClientProtocolClient.java:onNext(255)) - client-B30EC828C355->c26939f8-4d1f-4fb1-95c4-1aa8f7e5d3f6: receive RaftClientReply:client-B30EC828C355->c26939f8-4d1f-4fb1-95c4-1aa8f7e5d3f6@group-D25BE8053FEA, cid=1929, SUCCESS, logIndex=2818, commits[c26939f8-4d1f-4fb1-95c4-1aa8f7e5d3f6:c2819, c5393538-959b-47cf-9d9c-19dac7bed4ee:c2815, a2e6e0ff-38a8-4bcf-9958-a89ff312531d:c2815]
2019-07-15 13:06:59,295 INFO  client.GrpcClientProtocolClient (GrpcClientProtocolClient.java:onNext(255)) - client-B30EC828C355->c26939f8-4d1f-4fb1-95c4-1aa8f7e5d3f6: receive RaftClientReply:client-B30EC828C355->c26939f8-4d1f-4fb1-95c4-1aa8f7e5d3f6@group-D25BE8053FEA, cid=1930, SUCCESS, logIndex=2819, commits[c26939f8-4d1f-4fb1-95c4-1aa8f7e5d3f6:c2819, c5393538-959b-47cf-9d9c-19dac7bed4ee:c2815, a2e6e0ff-38a8-4bcf-9958-a89ff312531d:c2815]
2019-07-15 13:06:59,299 INFO  client.GrpcClientProtocolClient (GrpcClientProtocolClient.java:onNext(255)) - client-B30EC828C355->c26939f8-4d1f-4fb1-95c4-1aa8f7e5d3f6: receive RaftClientReply:client-B30EC828C355->c26939f8-4d1f-4fb1-95c4-1aa8f7e5d3f6@group-D25BE8053FEA, cid=1931, SUCCESS, logIndex=0, commits[c26939f8-4d1f-4fb1-95c4-1aa8f7e5d3f6:c2821, c5393538-959b-47cf-9d9c-19dac7bed4ee:c2817, a2e6e0ff-38a8-4bcf-9958-a89ff312531d:c2817]
2019-07-15 13:06:59,311 INFO  client.GrpcClientProtocolClient (GrpcClientProtocolClient.java:onNext(255)) - client-B30EC828C355->c26939f8-4d1f-4fb1-95c4-1aa8f7e5d3f6: receive RaftClientReply:client-B30EC828C355->c26939f8-4d1f-4fb1-95c4-1aa8f7e5d3f6@group-D25BE8053FEA, cid=1932, SUCCESS, logIndex=2824, commits[c26939f8-4d1f-4fb1-95c4-1aa8f7e5d3f6:c2825, c5393538-959b-47cf-9d9c-19dac7bed4ee:c2821, a2e6e0ff-38a8-4bcf-9958-a89ff312531d:c2819]
2019-07-15 13:06:59,311 INFO  client.GrpcClientProtocolClient (GrpcClientProtocolClient.java:onNext(255)) - client-B30EC828C355->c26939f8-4d1f-4fb1-95c4-1aa8f7e5d3f6: receive RaftClientReply:client-B30EC828C355->c26939f8-4d1f-4fb1-95c4-1aa8f7e5d3f6@group-D25BE8053FEA, cid=1933, SUCCESS, logIndex=2825, commits[c26939f8-4d1f-4fb1-95c4-1aa8f7e5d3f6:c2825, c5393538-959b-47cf-9d9c-19dac7bed4ee:c2821, a2e6e0ff-38a8-4bcf-9958-a89ff312531d:c2821]
2019-07-15 13:06:59,348 INFO  client.GrpcClientProtocolClient (GrpcClientProtocolClient.java:onNext(255)) - client-B30EC828C355->c26939f8-4d1f-4fb1-95c4-1aa8f7e5d3f6: receive RaftClientReply:client-B30EC828C355->c26939f8-4d1f-4fb1-95c4-1aa8f7e5d3f6@group-D25BE8053FEA, cid=1934, SUCCESS, logIndex=2828, commits[c26939f8-4d1f-4fb1-95c4-1aa8f7e5d3f6:c2829, c5393538-959b-47cf-9d9c-19dac7bed4ee:c2827, a2e6e0ff-38a8-4bcf-9958-a89ff312531d:c2827]
2019-07-15 13:06:59,349 INFO  client.GrpcClientProtocolClient (GrpcClientProtocolClient.java:onNext(255)) - client-B30EC828C355->c26939f8-4d1f-4fb1-95c4-1aa8f7e5d3f6: receive RaftClientReply:client-B30EC828C355->c26939f8-4d1f-4fb1-95c4-1aa8f7e5d3f6@group-D25BE8053FEA, cid=1935, SUCCESS, logIndex=2829, commits[c26939f8-4d1f-4fb1-95c4-1aa8f7e5d3f6:c2829, c5393538-959b-47cf-9d9c-19dac7bed4ee:c2827, a2e6e0ff-38a8-4bcf-9958-a89ff312531d:c2827]
2019-07-15 13:06:59,357 INFO  client.GrpcClientProtocolClient (GrpcClientProtocolClient.java:onNext(255)) - client-B30EC828C355->c26939f8-4d1f-4fb1-95c4-1aa8f7e5d3f6: receive RaftClientReply:client-B30EC828C355->c26939f8-4d1f-4fb1-95c4-1aa8f7e5d3f6@group-D25BE8053FEA, cid=1936, SUCCESS, logIndex=0, commits[c26939f8-4d1f-4fb1-95c4-1aa8f7e5d3f6:c2831, c5393538-959b-47cf-9d9c-19dac7bed4ee:c2829, a2e6e0ff-38a8-4bcf-9958-a89ff312531d:c2829]
2019-07-15 13:06:59,390 INFO  client.GrpcClientProtocolClient (GrpcClientProtocolClient.java:onNext(255)) - client-B30EC828C355->c26939f8-4d1f-4fb1-95c4-1aa8f7e5d3f6: receive RaftClientReply:client-B30EC828C355->c26939f8-4d1f-4fb1-95c4-1aa8f7e5d3f6@group-D25BE8053FEA, cid=1937, SUCCESS, logIndex=2832, commits[c26939f8-4d1f-4fb1-95c4-1aa8f7e5d3f6:c2834, c5393538-959b-47cf-9d9c-19dac7bed4ee:c2831, a2e6e0ff-38a8-4bcf-9958-a89ff312531d:c2831]
2019-07-15 13:06:59,391 INFO  client.GrpcClientProtocolClient (GrpcClientProtocolClient.java:onNext(255)) - client-B30EC828C355->c26939f8-4d1f-4fb1-95c4-1aa8f7e5d3f6: receive RaftClientReply:client-B30EC828C355->c26939f8-4d1f-4fb1-95c4-1aa8f7e5d3f6@group-D25BE8053FEA, cid=1938, SUCCESS, logIndex=2833, commits[c26939f8-4d1f-4fb1-95c4-1aa8f7e5d3f6:c2835, c5393538-959b-47cf-9d9c-19dac7bed4ee:c2831, a2e6e0ff-38a8-4bcf-9958-a89ff312531d:c2831]
2019-07-15 13:06:59,392 INFO  client.GrpcClientProtocolClient (GrpcClientProtocolClient.java:onNext(255)) - client-B30EC828C355->c26939f8-4d1f-4fb1-95c4-1aa8f7e5d3f6: receive RaftClientReply:client-B30EC828C355->c26939f8-4d1f-4fb1-95c4-1aa8f7e5d3f6@group-D25BE8053FEA, cid=1939, SUCCESS, logIndex=2834, commits[c26939f8-4d1f-4fb1-95c4-1aa8f7e5d3f6:c2835, c5393538-959b-47cf-9d9c-19dac7bed4ee:c2831, a2e6e0ff-38a8-4bcf-9958-a89ff312531d:c2831]
2019-07-15 13:06:59,392 INFO  client.GrpcClientProtocolClient (GrpcClientProtocolClient.java:onNext(255)) - client-B30EC828C355->c26939f8-4d1f-4fb1-95c4-1aa8f7e5d3f6: receive RaftClientReply:client-B30EC828C355->c26939f8-4d1f-4fb1-95c4-1aa8f7e5d3f6@group-D25BE8053FEA, cid=1940, SUCCESS, logIndex=2835, commits[c26939f8-4d1f-4fb1-95c4-1aa8f7e5d3f6:c2836, c5393538-959b-47cf-9d9c-19dac7bed4ee:c2832, a2e6e0ff-38a8-4bcf-9958-a89ff312531d:c2832]
2019-07-15 13:06:59,393 INFO  client.GrpcClientProtocolClient (GrpcClientProtocolClient.java:onNext(255)) - client-B30EC828C355->c26939f8-4d1f-4fb1-95c4-1aa8f7e5d3f6: receive RaftClientReply:client-B30EC828C355->c26939f8-4d1f-4fb1-95c4-1aa8f7e5d3f6@group-D25BE8053FEA, cid=1941, SUCCESS, logIndex=0, commits[c26939f8-4d1f-4fb1-95c4-1aa8f7e5d3f6:c2839, c5393538-959b-47cf-9d9c-19dac7bed4ee:c2834, a2e6e0ff-38a8-4bcf-9958-a89ff312531d:c2835]
2019-07-15 13:06:59,499 INFO  client.GrpcClientProtocolClient (GrpcClientProtocolClient.java:onNext(255)) - client-B30EC828C355->c26939f8-4d1f-4fb1-95c4-1aa8f7e5d3f6: receive RaftClientReply:client-B30EC828C355->c26939f8-4d1f-4fb1-95c4-1aa8f7e5d3f6@group-D25BE8053FEA, cid=1942, SUCCESS, logIndex=2840, commits[c26939f8-4d1f-4fb1-95c4-1aa8f7e5d3f6:c2841, c5393538-959b-47cf-9d9c-19dac7bed4ee:c2839, a2e6e0ff-38a8-4bcf-9958-a89ff312531d:c2839]
2019-07-15 13:06:59,500 INFO  client.GrpcClientProtocolClient (GrpcClientProtocolClient.java:onNext(255)) - client-B30EC828C355->c26939f8-4d1f-4fb1-95c4-1aa8f7e5d3f6: receive RaftClientReply:client-B30EC828C355->c26939f8-4d1f-4fb1-95c4-1aa8f7e5d3f6@group-D25BE8053FEA, cid=1943, SUCCESS, logIndex=2841, commits[c26939f8-4d1f-4fb1-95c4-1aa8f7e5d3f6:c2841, c5393538-959b-47cf-9d9c-19dac7bed4ee:c2839, a2e6e0ff-38a8-4bcf-9958-a89ff312531d:c2839]
2019-07-15 13:06:59,525 INFO  client.GrpcClientProtocolClient (GrpcClientProtocolClient.java:onNext(255)) - client-B30EC828C355->c26939f8-4d1f-4fb1-95c4-1aa8f7e5d3f6: receive RaftClientReply:client-B30EC828C355->c26939f8-4d1f-4fb1-95c4-1aa8f7e5d3f6@group-D25BE8053FEA, cid=1944, SUCCESS, logIndex=2844, commits[c26939f8-4d1f-4fb1-95c4-1aa8f7e5d3f6:c2845, c5393538-959b-47cf-9d9c-19dac7bed4ee:c2841, a2e6e0ff-38a8-4bcf-9958-a89ff312531d:c2841]
2019-07-15 13:06:59,526 INFO  client.GrpcClientProtocolClient (GrpcClientProtocolClient.java:onNext(255)) - client-B30EC828C355->c26939f8-4d1f-4fb1-95c4-1aa8f7e5d3f6: receive RaftClientReply:client-B30EC828C355->c26939f8-4d1f-4fb1-95c4-1aa8f7e5d3f6@group-D25BE8053FEA, cid=1945, SUCCESS, logIndex=2845, commits[c26939f8-4d1f-4fb1-95c4-1aa8f7e5d3f6:c2845, c5393538-959b-47cf-9d9c-19dac7bed4ee:c2841, a2e6e0ff-38a8-4bcf-9958-a89ff312531d:c2841]
2019-07-15 13:06:59,538 INFO  client.GrpcClientProtocolClient (GrpcClientProtocolClient.java:onNext(255)) - client-B30EC828C355->c26939f8-4d1f-4fb1-95c4-1aa8f7e5d3f6: receive RaftClientReply:client-B30EC828C355->c26939f8-4d1f-4fb1-95c4-1aa8f7e5d3f6@group-D25BE8053FEA, cid=1946, SUCCESS, logIndex=0, commits[c26939f8-4d1f-4fb1-95c4-1aa8f7e5d3f6:c2846, c5393538-959b-47cf-9d9c-19dac7bed4ee:c2845, a2e6e0ff-38a8-4bcf-9958-a89ff312531d:c2845]
2019-07-15 13:06:59,570 INFO  client.GrpcClientProtocolClient (GrpcClientProtocolClient.java:onNext(255)) - client-B30EC828C355->c26939f8-4d1f-4fb1-95c4-1aa8f7e5d3f6: receive RaftClientReply:client-B30EC828C355->c26939f8-4d1f-4fb1-95c4-1aa8f7e5d3f6@group-D25BE8053FEA, cid=1947, SUCCESS, logIndex=2848, commits[c26939f8-4d1f-4fb1-95c4-1aa8f7e5d3f6:c2849, c5393538-959b-47cf-9d9c-19dac7bed4ee:c2847, a2e6e0ff-38a8-4bcf-9958-a89ff312531d:c2847]
2019-07-15 13:06:59,570 INFO  client.GrpcClientProtocolClient (GrpcClientProtocolClient.java:onNext(255)) - client-B30EC828C355->c26939f8-4d1f-4fb1-95c4-1aa8f7e5d3f6: receive RaftClientReply:client-B30EC828C355->c26939f8-4d1f-4fb1-95c4-1aa8f7e5d3f6@group-D25BE8053FEA, cid=1948, SUCCESS, logIndex=2849, commits[c26939f8-4d1f-4fb1-95c4-1aa8f7e5d3f6:c2849, c5393538-959b-47cf-9d9c-19dac7bed4ee:c2847, a2e6e0ff-38a8-4bcf-9958-a89ff312531d:c2847]
2019-07-15 13:06:59,571 INFO  client.GrpcClientProtocolClient (GrpcClientProtocolClient.java:onNext(255)) - client-B30EC828C355->c26939f8-4d1f-4fb1-95c4-1aa8f7e5d3f6: receive RaftClientReply:client-B30EC828C355->c26939f8-4d1f-4fb1-95c4-1aa8f7e5d3f6@group-D25BE8053FEA, cid=1949, SUCCESS, logIndex=2850, commits[c26939f8-4d1f-4fb1-95c4-1aa8f7e5d3f6:c2851, c5393538-959b-47cf-9d9c-19dac7bed4ee:c2847, a2e6e0ff-38a8-4bcf-9958-a89ff312531d:c2847]
2019-07-15 13:06:59,571 INFO  client.GrpcClientProtocolClient (GrpcClientProtocolClient.java:onNext(255)) - client-B30EC828C355->c26939f8-4d1f-4fb1-95c4-1aa8f7e5d3f6: receive RaftClientReply:client-B30EC828C355->c26939f8-4d1f-4fb1-95c4-1aa8f7e5d3f6@group-D25BE8053FEA, cid=1950, SUCCESS, logIndex=2851, commits[c26939f8-4d1f-4fb1-95c4-1aa8f7e5d3f6:c2851, c5393538-959b-47cf-9d9c-19dac7bed4ee:c2847, a2e6e0ff-38a8-4bcf-9958-a89ff312531d:c2847]
2019-07-15 13:06:59,572 INFO  client.GrpcClientProtocolClient (GrpcClientProtocolClient.java:onNext(255)) - client-B30EC828C355->c26939f8-4d1f-4fb1-95c4-1aa8f7e5d3f6: receive RaftClientReply:client-B30EC828C355->c26939f8-4d1f-4fb1-95c4-1aa8f7e5d3f6@group-D25BE8053FEA, cid=1951, SUCCESS, logIndex=0, commits[c26939f8-4d1f-4fb1-95c4-1aa8f7e5d3f6:c2853, c5393538-959b-47cf-9d9c-19dac7bed4ee:c2849, a2e6e0ff-38a8-4bcf-9958-a89ff312531d:c2849]
2019-07-15 13:06:59,601 INFO  client.GrpcClientProtocolClient (GrpcClientProtocolClient.java:onNext(255)) - client-B30EC828C355->c26939f8-4d1f-4fb1-95c4-1aa8f7e5d3f6: receive RaftClientReply:client-B30EC828C355->c26939f8-4d1f-4fb1-95c4-1aa8f7e5d3f6@group-D25BE8053FEA, cid=1952, SUCCESS, logIndex=2856, commits[c26939f8-4d1f-4fb1-95c4-1aa8f7e5d3f6:c2857, c5393538-959b-47cf-9d9c-19dac7bed4ee:c2855, a2e6e0ff-38a8-4bcf-9958-a89ff312531d:c2855]
2019-07-15 13:06:59,601 INFO  client.GrpcClientProtocolClient (GrpcClientProtocolClient.java:onNext(255)) - client-B30EC828C355->c26939f8-4d1f-4fb1-95c4-1aa8f7e5d3f6: receive RaftClientReply:client-B30EC828C355->c26939f8-4d1f-4fb1-95c4-1aa8f7e5d3f6@group-D25BE8053FEA, cid=1953, SUCCESS, logIndex=2857, commits[c26939f8-4d1f-4fb1-95c4-1aa8f7e5d3f6:c2857, c5393538-959b-47cf-9d9c-19dac7bed4ee:c2855, a2e6e0ff-38a8-4bcf-9958-a89ff312531d:c2855]
2019-07-15 13:06:59,622 INFO  client.GrpcClientProtocolClient (GrpcClientProtocolClient.java:onNext(255)) - client-B30EC828C355->c26939f8-4d1f-4fb1-95c4-1aa8f7e5d3f6: receive RaftClientReply:client-B30EC828C355->c26939f8-4d1f-4fb1-95c4-1aa8f7e5d3f6@group-D25BE8053FEA, cid=1954, SUCCESS, logIndex=2860, commits[c26939f8-4d1f-4fb1-95c4-1aa8f7e5d3f6:c2861, c5393538-959b-47cf-9d9c-19dac7bed4ee:c2859, a2e6e0ff-38a8-4bcf-9958-a89ff312531d:c2859]
2019-07-15 13:06:59,623 INFO  client.GrpcClientProtocolClient (GrpcClientProtocolClient.java:onNext(255)) - client-B30EC828C355->c26939f8-4d1f-4fb1-95c4-1aa8f7e5d3f6: receive RaftClientReply:client-B30EC828C355->c26939f8-4d1f-4fb1-95c4-1aa8f7e5d3f6@group-D25BE8053FEA, cid=1955, SUCCESS, logIndex=2861, commits[c26939f8-4d1f-4fb1-95c4-1aa8f7e5d3f6:c2861, c5393538-959b-47cf-9d9c-19dac7bed4ee:c2859, a2e6e0ff-38a8-4bcf-9958-a89ff312531d:c2859]
2019-07-15 13:06:59,635 INFO  client.GrpcClientProtocolClient (GrpcClientProtocolClient.java:onNext(255)) - client-B30EC828C355->c26939f8-4d1f-4fb1-95c4-1aa8f7e5d3f6: receive RaftClientReply:client-B30EC828C355->c26939f8-4d1f-4fb1-95c4-1aa8f7e5d3f6@group-D25BE8053FEA, cid=1956, SUCCESS, logIndex=0, commits[c26939f8-4d1f-4fb1-95c4-1aa8f7e5d3f6:c2863, c5393538-959b-47cf-9d9c-19dac7bed4ee:c2861, a2e6e0ff-38a8-4bcf-9958-a89ff312531d:c2861]
2019-07-15 13:06:59,667 INFO  client.GrpcClientProtocolClient (GrpcClientProtocolClient.java:onNext(255)) - client-B30EC828C355->c26939f8-4d1f-4fb1-95c4-1aa8f7e5d3f6: receive RaftClientReply:client-B30EC828C355->c26939f8-4d1f-4fb1-95c4-1aa8f7e5d3f6@group-D25BE8053FEA, cid=1957, SUCCESS, logIndex=2864, commits[c26939f8-4d1f-4fb1-95c4-1aa8f7e5d3f6:c2867, c5393538-959b-47cf-9d9c-19dac7bed4ee:c2863, a2e6e0ff-38a8-4bcf-9958-a89ff312531d:c2863]
2019-07-15 13:06:59,668 INFO  client.GrpcClientProtocolClient (GrpcClientProtocolClient.java:onNext(255)) - client-B30EC828C355->c26939f8-4d1f-4fb1-95c4-1aa8f7e5d3f6: receive RaftClientReply:client-B30EC828C355->c26939f8-4d1f-4fb1-95c4-1aa8f7e5d3f6@group-D25BE8053FEA, cid=1958, SUCCESS, logIndex=2865, commits[c26939f8-4d1f-4fb1-95c4-1aa8f7e5d3f6:c2867, c5393538-959b-47cf-9d9c-19dac7bed4ee:c2863, a2e6e0ff-38a8-4bcf-9958-a89ff312531d:c2863]
2019-07-15 13:06:59,668 INFO  client.GrpcClientProtocolClient (GrpcClientProtocolClient.java:onNext(255)) - client-B30EC828C355->c26939f8-4d1f-4fb1-95c4-1aa8f7e5d3f6: receive RaftClientReply:client-B30EC828C355->c26939f8-4d1f-4fb1-95c4-1aa8f7e5d3f6@group-D25BE8053FEA, cid=1959, SUCCESS, logIndex=2866, commits[c26939f8-4d1f-4fb1-95c4-1aa8f7e5d3f6:c2867, c5393538-959b-47cf-9d9c-19dac7bed4ee:c2863, a2e6e0ff-38a8-4bcf-9958-a89ff312531d:c2863]
2019-07-15 13:06:59,669 INFO  client.GrpcClientProtocolClient (GrpcClientProtocolClient.java:onNext(255)) - client-B30EC828C355->c26939f8-4d1f-4fb1-95c4-1aa8f7e5d3f6: receive RaftClientReply:client-B30EC828C355->c26939f8-4d1f-4fb1-95c4-1aa8f7e5d3f6@group-D25BE8053FEA, cid=1960, SUCCESS, logIndex=2867, commits[c26939f8-4d1f-4fb1-95c4-1aa8f7e5d3f6:c2867, c5393538-959b-47cf-9d9c-19dac7bed4ee:c2863, a2e6e0ff-38a8-4bcf-9958-a89ff312531d:c2863]
2019-07-15 13:06:59,680 INFO  client.GrpcClientProtocolClient (GrpcClientProtocolClient.java:onNext(255)) - client-B30EC828C355->c26939f8-4d1f-4fb1-95c4-1aa8f7e5d3f6: receive RaftClientReply:client-B30EC828C355->c26939f8-4d1f-4fb1-95c4-1aa8f7e5d3f6@group-D25BE8053FEA, cid=1961, SUCCESS, logIndex=0, commits[c26939f8-4d1f-4fb1-95c4-1aa8f7e5d3f6:c2868, c5393538-959b-47cf-9d9c-19dac7bed4ee:c2865, a2e6e0ff-38a8-4bcf-9958-a89ff312531d:c2865]
2019-07-15 13:06:59,701 INFO  client.GrpcClientProtocolClient (GrpcClientProtocolClient.java:onNext(255)) - client-B30EC828C355->c26939f8-4d1f-4fb1-95c4-1aa8f7e5d3f6: receive RaftClientReply:client-B30EC828C355->c26939f8-4d1f-4fb1-95c4-1aa8f7e5d3f6@group-D25BE8053FEA, cid=1962, SUCCESS, logIndex=2872, commits[c26939f8-4d1f-4fb1-95c4-1aa8f7e5d3f6:c2873, c5393538-959b-47cf-9d9c-19dac7bed4ee:c2871, a2e6e0ff-38a8-4bcf-9958-a89ff312531d:c2871]
2019-07-15 13:06:59,702 INFO  client.GrpcClientProtocolClient (GrpcClientProtocolClient.java:onNext(255)) - client-B30EC828C355->c26939f8-4d1f-4fb1-95c4-1aa8f7e5d3f6: receive RaftClientReply:client-B30EC828C355->c26939f8-4d1f-4fb1-95c4-1aa8f7e5d3f6@group-D25BE8053FEA, cid=1963, SUCCESS, logIndex=2873, commits[c26939f8-4d1f-4fb1-95c4-1aa8f7e5d3f6:c2873, c5393538-959b-47cf-9d9c-19dac7bed4ee:c2871, a2e6e0ff-38a8-4bcf-9958-a89ff312531d:c2871]
2019-07-15 13:06:59,715 INFO  client.GrpcClientProtocolClient (GrpcClientProtocolClient.java:onNext(255)) - client-B30EC828C355->c26939f8-4d1f-4fb1-95c4-1aa8f7e5d3f6: receive RaftClientReply:client-B30EC828C355->c26939f8-4d1f-4fb1-95c4-1aa8f7e5d3f6@group-D25BE8053FEA, cid=1964, SUCCESS, logIndex=2876, commits[c26939f8-4d1f-4fb1-95c4-1aa8f7e5d3f6:c2876, c5393538-959b-47cf-9d9c-19dac7bed4ee:c2873, a2e6e0ff-38a8-4bcf-9958-a89ff312531d:c2873]
2019-07-15 13:06:59,715 INFO  client.GrpcClientProtocolClient (GrpcClientProtocolClient.java:onNext(255)) - client-B30EC828C355->c26939f8-4d1f-4fb1-95c4-1aa8f7e5d3f6: receive RaftClientReply:client-B30EC828C355->c26939f8-4d1f-4fb1-95c4-1aa8f7e5d3f6@group-D25BE8053FEA, cid=1965, SUCCESS, logIndex=2877, commits[c26939f8-4d1f-4fb1-95c4-1aa8f7e5d3f6:c2877, c5393538-959b-47cf-9d9c-19dac7bed4ee:c2873, a2e6e0ff-38a8-4bcf-9958-a89ff312531d:c2873]
2019-07-15 13:06:59,729 INFO  client.GrpcClientProtocolClient (GrpcClientProtocolClient.java:onNext(255)) - client-B30EC828C355->c26939f8-4d1f-4fb1-95c4-1aa8f7e5d3f6: receive RaftClientReply:client-B30EC828C355->c26939f8-4d1f-4fb1-95c4-1aa8f7e5d3f6@group-D25BE8053FEA, cid=1966, SUCCESS, logIndex=0, commits[c26939f8-4d1f-4fb1-95c4-1aa8f7e5d3f6:c2879, c5393538-959b-47cf-9d9c-19dac7bed4ee:c2877, a2e6e0ff-38a8-4bcf-9958-a89ff312531d:c2877]
2019-07-15 13:06:59,760 INFO  client.GrpcClientProtocolClient (GrpcClientProtocolClient.java:onNext(255)) - client-B30EC828C355->c26939f8-4d1f-4fb1-95c4-1aa8f7e5d3f6: receive RaftClientReply:client-B30EC828C355->c26939f8-4d1f-4fb1-95c4-1aa8f7e5d3f6@group-D25BE8053FEA, cid=1967, SUCCESS, logIndex=2880, commits[c26939f8-4d1f-4fb1-95c4-1aa8f7e5d3f6:c2881, c5393538-959b-47cf-9d9c-19dac7bed4ee:c2879, a2e6e0ff-38a8-4bcf-9958-a89ff312531d:c2879]
2019-07-15 13:06:59,761 INFO  client.GrpcClientProtocolClient (GrpcClientProtocolClient.java:onNext(255)) - client-B30EC828C355->c26939f8-4d1f-4fb1-95c4-1aa8f7e5d3f6: receive RaftClientReply:client-B30EC828C355->c26939f8-4d1f-4fb1-95c4-1aa8f7e5d3f6@group-D25BE8053FEA, cid=1968, SUCCESS, logIndex=2881, commits[c26939f8-4d1f-4fb1-95c4-1aa8f7e5d3f6:c2881, c5393538-959b-47cf-9d9c-19dac7bed4ee:c2879, a2e6e0ff-38a8-4bcf-9958-a89ff312531d:c2879]
2019-07-15 13:06:59,761 INFO  client.GrpcClientProtocolClient (GrpcClientProtocolClient.java:onNext(255)) - client-B30EC828C355->c26939f8-4d1f-4fb1-95c4-1aa8f7e5d3f6: receive RaftClientReply:client-B30EC828C355->c26939f8-4d1f-4fb1-95c4-1aa8f7e5d3f6@group-D25BE8053FEA, cid=1969, SUCCESS, logIndex=2882, commits[c26939f8-4d1f-4fb1-95c4-1aa8f7e5d3f6:c2883, c5393538-959b-47cf-9d9c-19dac7bed4ee:c2879, a2e6e0ff-38a8-4bcf-9958-a89ff312531d:c2879]
2019-07-15 13:06:59,762 INFO  client.GrpcClientProtocolClient (GrpcClientProtocolClient.java:onNext(255)) - client-B30EC828C355->c26939f8-4d1f-4fb1-95c4-1aa8f7e5d3f6: receive RaftClientReply:client-B30EC828C355->c26939f8-4d1f-4fb1-95c4-1aa8f7e5d3f6@group-D25BE8053FEA, cid=1970, SUCCESS, logIndex=2883, commits[c26939f8-4d1f-4fb1-95c4-1aa8f7e5d3f6:c2883, c5393538-959b-47cf-9d9c-19dac7bed4ee:c2879, a2e6e0ff-38a8-4bcf-9958-a89ff312531d:c2879]
2019-07-15 13:06:59,763 INFO  client.GrpcClientProtocolClient (GrpcClientProtocolClient.java:onNext(255)) - client-B30EC828C355->c26939f8-4d1f-4fb1-95c4-1aa8f7e5d3f6: receive RaftClientReply:client-B30EC828C355->c26939f8-4d1f-4fb1-95c4-1aa8f7e5d3f6@group-D25BE8053FEA, cid=1971, SUCCESS, logIndex=0, commits[c26939f8-4d1f-4fb1-95c4-1aa8f7e5d3f6:c2885, c5393538-959b-47cf-9d9c-19dac7bed4ee:c2881, a2e6e0ff-38a8-4bcf-9958-a89ff312531d:c2881]
2019-07-15 13:06:59,783 INFO  client.GrpcClientProtocolClient (GrpcClientProtocolClient.java:onNext(255)) - client-B30EC828C355->c26939f8-4d1f-4fb1-95c4-1aa8f7e5d3f6: receive RaftClientReply:client-B30EC828C355->c26939f8-4d1f-4fb1-95c4-1aa8f7e5d3f6@group-D25BE8053FEA, cid=1972, SUCCESS, logIndex=2888, commits[c26939f8-4d1f-4fb1-95c4-1aa8f7e5d3f6:c2889, c5393538-959b-47cf-9d9c-19dac7bed4ee:c2887, a2e6e0ff-38a8-4bcf-9958-a89ff312531d:c2887]
2019-07-15 13:06:59,783 INFO  client.GrpcClientProtocolClient (GrpcClientProtocolClient.java:onNext(255)) - client-B30EC828C355->c26939f8-4d1f-4fb1-95c4-1aa8f7e5d3f6: receive RaftClientReply:client-B30EC828C355->c26939f8-4d1f-4fb1-95c4-1aa8f7e5d3f6@group-D25BE8053FEA, cid=1973, SUCCESS, logIndex=2889, commits[c26939f8-4d1f-4fb1-95c4-1aa8f7e5d3f6:c2889, c5393538-959b-47cf-9d9c-19dac7bed4ee:c2887, a2e6e0ff-38a8-4bcf-9958-a89ff312531d:c2887]
2019-07-15 13:06:59,800 INFO  client.GrpcClientProtocolClient (GrpcClientProtocolClient.java:onNext(255)) - client-B30EC828C355->c26939f8-4d1f-4fb1-95c4-1aa8f7e5d3f6: receive RaftClientReply:client-B30EC828C355->c26939f8-4d1f-4fb1-95c4-1aa8f7e5d3f6@group-D25BE8053FEA, cid=1974, SUCCESS, logIndex=2892, commits[c26939f8-4d1f-4fb1-95c4-1aa8f7e5d3f6:c2893, c5393538-959b-47cf-9d9c-19dac7bed4ee:c2889, a2e6e0ff-38a8-4bcf-9958-a89ff312531d:c2889]
2019-07-15 13:06:59,800 INFO  client.GrpcClientProtocolClient (GrpcClientProtocolClient.java:onNext(255)) - client-B30EC828C355->c26939f8-4d1f-4fb1-95c4-1aa8f7e5d3f6: receive RaftClientReply:client-B30EC828C355->c26939f8-4d1f-4fb1-95c4-1aa8f7e5d3f6@group-D25BE8053FEA, cid=1975, SUCCESS, logIndex=2893, commits[c26939f8-4d1f-4fb1-95c4-1aa8f7e5d3f6:c2893, c5393538-959b-47cf-9d9c-19dac7bed4ee:c2889, a2e6e0ff-38a8-4bcf-9958-a89ff312531d:c2889]
2019-07-15 13:06:59,812 INFO  client.GrpcClientProtocolClient (GrpcClientProtocolClient.java:onNext(255)) - client-B30EC828C355->c26939f8-4d1f-4fb1-95c4-1aa8f7e5d3f6: receive RaftClientReply:client-B30EC828C355->c26939f8-4d1f-4fb1-95c4-1aa8f7e5d3f6@group-D25BE8053FEA, cid=1976, SUCCESS, logIndex=0, commits[c26939f8-4d1f-4fb1-95c4-1aa8f7e5d3f6:c2894, c5393538-959b-47cf-9d9c-19dac7bed4ee:c2893, a2e6e0ff-38a8-4bcf-9958-a89ff312531d:c2893]
2019-07-15 13:06:59,842 INFO  client.GrpcClientProtocolClient (GrpcClientProtocolClient.java:onNext(255)) - client-B30EC828C355->c26939f8-4d1f-4fb1-95c4-1aa8f7e5d3f6: receive RaftClientReply:client-B30EC828C355->c26939f8-4d1f-4fb1-95c4-1aa8f7e5d3f6@group-D25BE8053FEA, cid=1977, SUCCESS, logIndex=2896, commits[c26939f8-4d1f-4fb1-95c4-1aa8f7e5d3f6:c2897, c5393538-959b-47cf-9d9c-19dac7bed4ee:c2895, a2e6e0ff-38a8-4bcf-9958-a89ff312531d:c2895]
2019-07-15 13:06:59,843 INFO  client.GrpcClientProtocolClient (GrpcClientProtocolClient.java:onNext(255)) - client-B30EC828C355->c26939f8-4d1f-4fb1-95c4-1aa8f7e5d3f6: receive RaftClientReply:client-B30EC828C355->c26939f8-4d1f-4fb1-95c4-1aa8f7e5d3f6@group-D25BE8053FEA, cid=1978, SUCCESS, logIndex=2897, commits[c26939f8-4d1f-4fb1-95c4-1aa8f7e5d3f6:c2897, c5393538-959b-47cf-9d9c-19dac7bed4ee:c2895, a2e6e0ff-38a8-4bcf-9958-a89ff312531d:c2895]
2019-07-15 13:06:59,844 INFO  client.GrpcClientProtocolClient (GrpcClientProtocolClient.java:onNext(255)) - client-B30EC828C355->c26939f8-4d1f-4fb1-95c4-1aa8f7e5d3f6: receive RaftClientReply:client-B30EC828C355->c26939f8-4d1f-4fb1-95c4-1aa8f7e5d3f6@group-D25BE8053FEA, cid=1979, SUCCESS, logIndex=2898, commits[c26939f8-4d1f-4fb1-95c4-1aa8f7e5d3f6:c2899, c5393538-959b-47cf-9d9c-19dac7bed4ee:c2895, a2e6e0ff-38a8-4bcf-9958-a89ff312531d:c2895]
2019-07-15 13:06:59,844 INFO  client.GrpcClientProtocolClient (GrpcClientProtocolClient.java:onNext(255)) - client-B30EC828C355->c26939f8-4d1f-4fb1-95c4-1aa8f7e5d3f6: receive RaftClientReply:client-B30EC828C355->c26939f8-4d1f-4fb1-95c4-1aa8f7e5d3f6@group-D25BE8053FEA, cid=1980, SUCCESS, logIndex=2899, commits[c26939f8-4d1f-4fb1-95c4-1aa8f7e5d3f6:c2899, c5393538-959b-47cf-9d9c-19dac7bed4ee:c2895, a2e6e0ff-38a8-4bcf-9958-a89ff312531d:c2895]
2019-07-15 13:06:59,845 INFO  client.GrpcClientProtocolClient (GrpcClientProtocolClient.java:onNext(255)) - client-B30EC828C355->c26939f8-4d1f-4fb1-95c4-1aa8f7e5d3f6: receive RaftClientReply:client-B30EC828C355->c26939f8-4d1f-4fb1-95c4-1aa8f7e5d3f6@group-D25BE8053FEA, cid=1981, SUCCESS, logIndex=0, commits[c26939f8-4d1f-4fb1-95c4-1aa8f7e5d3f6:c2901, c5393538-959b-47cf-9d9c-19dac7bed4ee:c2897, a2e6e0ff-38a8-4bcf-9958-a89ff312531d:c2897]
2019-07-15 13:06:59,883 INFO  client.GrpcClientProtocolClient (GrpcClientProtocolClient.java:onNext(255)) - client-B30EC828C355->c26939f8-4d1f-4fb1-95c4-1aa8f7e5d3f6: receive RaftClientReply:client-B30EC828C355->c26939f8-4d1f-4fb1-95c4-1aa8f7e5d3f6@group-D25BE8053FEA, cid=1982, SUCCESS, logIndex=2904, commits[c26939f8-4d1f-4fb1-95c4-1aa8f7e5d3f6:c2905, c5393538-959b-47cf-9d9c-19dac7bed4ee:c2903, a2e6e0ff-38a8-4bcf-9958-a89ff312531d:c2903]
2019-07-15 13:06:59,883 INFO  client.GrpcClientProtocolClient (GrpcClientProtocolClient.java:onNext(255)) - client-B30EC828C355->c26939f8-4d1f-4fb1-95c4-1aa8f7e5d3f6: receive RaftClientReply:client-B30EC828C355->c26939f8-4d1f-4fb1-95c4-1aa8f7e5d3f6@group-D25BE8053FEA, cid=1983, SUCCESS, logIndex=2905, commits[c26939f8-4d1f-4fb1-95c4-1aa8f7e5d3f6:c2905, c5393538-959b-47cf-9d9c-19dac7bed4ee:c2903, a2e6e0ff-38a8-4bcf-9958-a89ff312531d:c2903]
2019-07-15 13:06:59,904 INFO  client.GrpcClientProtocolClient (GrpcClientProtocolClient.java:onNext(255)) - client-B30EC828C355->c26939f8-4d1f-4fb1-95c4-1aa8f7e5d3f6: receive RaftClientReply:client-B30EC828C355->c26939f8-4d1f-4fb1-95c4-1aa8f7e5d3f6@group-D25BE8053FEA, cid=1984, SUCCESS, logIndex=2908, commits[c26939f8-4d1f-4fb1-95c4-1aa8f7e5d3f6:c2909, c5393538-959b-47cf-9d9c-19dac7bed4ee:c2907, a2e6e0ff-38a8-4bcf-9958-a89ff312531d:c2907]
2019-07-15 13:06:59,904 INFO  client.GrpcClientProtocolClient (GrpcClientProtocolClient.java:onNext(255)) - client-B30EC828C355->c26939f8-4d1f-4fb1-95c4-1aa8f7e5d3f6: receive RaftClientReply:client-B30EC828C355->c26939f8-4d1f-4fb1-95c4-1aa8f7e5d3f6@group-D25BE8053FEA, cid=1985, SUCCESS, logIndex=2909, commits[c26939f8-4d1f-4fb1-95c4-1aa8f7e5d3f6:c2909, c5393538-959b-47cf-9d9c-19dac7bed4ee:c2907, a2e6e0ff-38a8-4bcf-9958-a89ff312531d:c2907]
 0.00% |█                                                                                                    |  0/1 Time: 0:00:142019-07-15 13:06:59,915 INFO  client.GrpcClientProtocolClient (GrpcClientProtocolClient.java:onNext(255)) - client-B30EC828C355->c26939f8-4d1f-4fb1-95c4-1aa8f7e5d3f6: receive RaftClientReply:client-B30EC828C355->c26939f8-4d1f-4fb1-95c4-1aa8f7e5d3f6@group-D25BE8053FEA, cid=1986, SUCCESS, logIndex=0, commits[c26939f8-4d1f-4fb1-95c4-1aa8f7e5d3f6:c2910, c5393538-959b-47cf-9d9c-19dac7bed4ee:c2909, a2e6e0ff-38a8-4bcf-9958-a89ff312531d:c2909]
2019-07-15 13:06:59,943 INFO  client.GrpcClientProtocolClient (GrpcClientProtocolClient.java:onNext(255)) - client-B30EC828C355->c26939f8-4d1f-4fb1-95c4-1aa8f7e5d3f6: receive RaftClientReply:client-B30EC828C355->c26939f8-4d1f-4fb1-95c4-1aa8f7e5d3f6@group-D25BE8053FEA, cid=1987, SUCCESS, logIndex=2912, commits[c26939f8-4d1f-4fb1-95c4-1aa8f7e5d3f6:c2913, c5393538-959b-47cf-9d9c-19dac7bed4ee:c2911, a2e6e0ff-38a8-4bcf-9958-a89ff312531d:c2911]
2019-07-15 13:06:59,943 INFO  client.GrpcClientProtocolClient (GrpcClientProtocolClient.java:onNext(255)) - client-B30EC828C355->c26939f8-4d1f-4fb1-95c4-1aa8f7e5d3f6: receive RaftClientReply:client-B30EC828C355->c26939f8-4d1f-4fb1-95c4-1aa8f7e5d3f6@group-D25BE8053FEA, cid=1988, SUCCESS, logIndex=2913, commits[c26939f8-4d1f-4fb1-95c4-1aa8f7e5d3f6:c2913, c5393538-959b-47cf-9d9c-19dac7bed4ee:c2911, a2e6e0ff-38a8-4bcf-9958-a89ff312531d:c2911]
2019-07-15 13:06:59,954 INFO  client.GrpcClientProtocolClient (GrpcClientProtocolClient.java:onNext(255)) - client-B30EC828C355->c26939f8-4d1f-4fb1-95c4-1aa8f7e5d3f6: receive RaftClientReply:client-B30EC828C355->c26939f8-4d1f-4fb1-95c4-1aa8f7e5d3f6@group-D25BE8053FEA, cid=1989, SUCCESS, logIndex=2914, commits[c26939f8-4d1f-4fb1-95c4-1aa8f7e5d3f6:c2915, c5393538-959b-47cf-9d9c-19dac7bed4ee:c2911, a2e6e0ff-38a8-4bcf-9958-a89ff312531d:c2911]
2019-07-15 13:06:59,954 INFO  client.GrpcClientProtocolClient (GrpcClientProtocolClient.java:onNext(255)) - client-B30EC828C355->c26939f8-4d1f-4fb1-95c4-1aa8f7e5d3f6: receive RaftClientReply:client-B30EC828C355->c26939f8-4d1f-4fb1-95c4-1aa8f7e5d3f6@group-D25BE8053FEA, cid=1990, SUCCESS, logIndex=2915, commits[c26939f8-4d1f-4fb1-95c4-1aa8f7e5d3f6:c2915, c5393538-959b-47cf-9d9c-19dac7bed4ee:c2911, a2e6e0ff-38a8-4bcf-9958-a89ff312531d:c2911]
2019-07-15 13:06:59,955 INFO  client.GrpcClientProtocolClient (GrpcClientProtocolClient.java:onNext(255)) - client-B30EC828C355->c26939f8-4d1f-4fb1-95c4-1aa8f7e5d3f6: receive RaftClientReply:client-B30EC828C355->c26939f8-4d1f-4fb1-95c4-1aa8f7e5d3f6@group-D25BE8053FEA, cid=1991, SUCCESS, logIndex=0, commits[c26939f8-4d1f-4fb1-95c4-1aa8f7e5d3f6:c2917, c5393538-959b-47cf-9d9c-19dac7bed4ee:c2913, a2e6e0ff-38a8-4bcf-9958-a89ff312531d:c2913]
2019-07-15 13:06:59,975 INFO  client.GrpcClientProtocolClient (GrpcClientProtocolClient.java:onNext(255)) - client-B30EC828C355->c26939f8-4d1f-4fb1-95c4-1aa8f7e5d3f6: receive RaftClientReply:client-B30EC828C355->c26939f8-4d1f-4fb1-95c4-1aa8f7e5d3f6@group-D25BE8053FEA, cid=1992, SUCCESS, logIndex=2920, commits[c26939f8-4d1f-4fb1-95c4-1aa8f7e5d3f6:c2921, c5393538-959b-47cf-9d9c-19dac7bed4ee:c2919, a2e6e0ff-38a8-4bcf-9958-a89ff312531d:c2919]
2019-07-15 13:06:59,976 INFO  client.GrpcClientProtocolClient (GrpcClientProtocolClient.java:onNext(255)) - client-B30EC828C355->c26939f8-4d1f-4fb1-95c4-1aa8f7e5d3f6: receive RaftClientReply:client-B30EC828C355->c26939f8-4d1f-4fb1-95c4-1aa8f7e5d3f6@group-D25BE8053FEA, cid=1993, SUCCESS, logIndex=2921, commits[c26939f8-4d1f-4fb1-95c4-1aa8f7e5d3f6:c2921, c5393538-959b-47cf-9d9c-19dac7bed4ee:c2919, a2e6e0ff-38a8-4bcf-9958-a89ff312531d:c2919]
2019-07-15 13:06:59,990 INFO  client.GrpcClientProtocolClient (GrpcClientProtocolClient.java:onNext(255)) - client-B30EC828C355->c26939f8-4d1f-4fb1-95c4-1aa8f7e5d3f6: receive RaftClientReply:client-B30EC828C355->c26939f8-4d1f-4fb1-95c4-1aa8f7e5d3f6@group-D25BE8053FEA, cid=1994, SUCCESS, logIndex=2924, commits[c26939f8-4d1f-4fb1-95c4-1aa8f7e5d3f6:c2925, c5393538-959b-47cf-9d9c-19dac7bed4ee:c2921, a2e6e0ff-38a8-4bcf-9958-a89ff312531d:c2921]
2019-07-15 13:06:59,991 INFO  client.GrpcClientProtocolClient (GrpcClientProtocolClient.java:onNext(255)) - client-B30EC828C355->c26939f8-4d1f-4fb1-95c4-1aa8f7e5d3f6: receive RaftClientReply:client-B30EC828C355->c26939f8-4d1f-4fb1-95c4-1aa8f7e5d3f6@group-D25BE8053FEA, cid=1995, SUCCESS, logIndex=2925, commits[c26939f8-4d1f-4fb1-95c4-1aa8f7e5d3f6:c2925, c5393538-959b-47cf-9d9c-19dac7bed4ee:c2921, a2e6e0ff-38a8-4bcf-9958-a89ff312531d:c2921]
2019-07-15 13:07:00,003 INFO  client.GrpcClientProtocolClient (GrpcClientProtocolClient.java:onNext(255)) - client-B30EC828C355->c26939f8-4d1f-4fb1-95c4-1aa8f7e5d3f6: receive RaftClientReply:client-B30EC828C355->c26939f8-4d1f-4fb1-95c4-1aa8f7e5d3f6@group-D25BE8053FEA, cid=1996, SUCCESS, logIndex=0, commits[c26939f8-4d1f-4fb1-95c4-1aa8f7e5d3f6:c2927, c5393538-959b-47cf-9d9c-19dac7bed4ee:c2925, a2e6e0ff-38a8-4bcf-9958-a89ff312531d:c2925]
2019-07-15 13:07:00,043 INFO  client.GrpcClientProtocolClient (GrpcClientProtocolClient.java:onNext(255)) - client-B30EC828C355->c26939f8-4d1f-4fb1-95c4-1aa8f7e5d3f6: receive RaftClientReply:client-B30EC828C355->c26939f8-4d1f-4fb1-95c4-1aa8f7e5d3f6@group-D25BE8053FEA, cid=1997, SUCCESS, logIndex=2928, commits[c26939f8-4d1f-4fb1-95c4-1aa8f7e5d3f6:c2931, c5393538-959b-47cf-9d9c-19dac7bed4ee:c2927, a2e6e0ff-38a8-4bcf-9958-a89ff312531d:c2927]
2019-07-15 13:07:00,043 INFO  client.GrpcClientProtocolClient (GrpcClientProtocolClient.java:onNext(255)) - client-B30EC828C355->c26939f8-4d1f-4fb1-95c4-1aa8f7e5d3f6: receive RaftClientReply:client-B30EC828C355->c26939f8-4d1f-4fb1-95c4-1aa8f7e5d3f6@group-D25BE8053FEA, cid=1998, SUCCESS, logIndex=2929, commits[c26939f8-4d1f-4fb1-95c4-1aa8f7e5d3f6:c2931, c5393538-959b-47cf-9d9c-19dac7bed4ee:c2927, a2e6e0ff-38a8-4bcf-9958-a89ff312531d:c2927]
2019-07-15 13:07:00,044 INFO  client.GrpcClientProtocolClient (GrpcClientProtocolClient.java:onNext(255)) - client-B30EC828C355->c26939f8-4d1f-4fb1-95c4-1aa8f7e5d3f6: receive RaftClientReply:client-B30EC828C355->c26939f8-4d1f-4fb1-95c4-1aa8f7e5d3f6@group-D25BE8053FEA, cid=1999, SUCCESS, logIndex=2930, commits[c26939f8-4d1f-4fb1-95c4-1aa8f7e5d3f6:c2931, c5393538-959b-47cf-9d9c-19dac7bed4ee:c2927, a2e6e0ff-38a8-4bcf-9958-a89ff312531d:c2927]
2019-07-15 13:07:00,044 INFO  client.GrpcClientProtocolClient (GrpcClientProtocolClient.java:onNext(255)) - client-B30EC828C355->c26939f8-4d1f-4fb1-95c4-1aa8f7e5d3f6: receive RaftClientReply:client-B30EC828C355->c26939f8-4d1f-4fb1-95c4-1aa8f7e5d3f6@group-D25BE8053FEA, cid=2000, SUCCESS, logIndex=2931, commits[c26939f8-4d1f-4fb1-95c4-1aa8f7e5d3f6:c2931, c5393538-959b-47cf-9d9c-19dac7bed4ee:c2927, a2e6e0ff-38a8-4bcf-9958-a89ff312531d:c2927]
2019-07-15 13:07:00,055 INFO  client.GrpcClientProtocolClient (GrpcClientProtocolClient.java:onNext(255)) - client-B30EC828C355->c26939f8-4d1f-4fb1-95c4-1aa8f7e5d3f6: receive RaftClientReply:client-B30EC828C355->c26939f8-4d1f-4fb1-95c4-1aa8f7e5d3f6@group-D25BE8053FEA, cid=2001, SUCCESS, logIndex=0, commits[c26939f8-4d1f-4fb1-95c4-1aa8f7e5d3f6:c2935, c5393538-959b-47cf-9d9c-19dac7bed4ee:c2929, a2e6e0ff-38a8-4bcf-9958-a89ff312531d:c2931]
2019-07-15 13:07:00,076 INFO  client.GrpcClientProtocolClient (GrpcClientProtocolClient.java:onNext(255)) - client-B30EC828C355->c26939f8-4d1f-4fb1-95c4-1aa8f7e5d3f6: receive RaftClientReply:client-B30EC828C355->c26939f8-4d1f-4fb1-95c4-1aa8f7e5d3f6@group-D25BE8053FEA, cid=2002, SUCCESS, logIndex=2936, commits[c26939f8-4d1f-4fb1-95c4-1aa8f7e5d3f6:c2937, c5393538-959b-47cf-9d9c-19dac7bed4ee:c2935, a2e6e0ff-38a8-4bcf-9958-a89ff312531d:c2935]
2019-07-15 13:07:00,076 INFO  client.GrpcClientProtocolClient (GrpcClientProtocolClient.java:onNext(255)) - client-B30EC828C355->c26939f8-4d1f-4fb1-95c4-1aa8f7e5d3f6: receive RaftClientReply:client-B30EC828C355->c26939f8-4d1f-4fb1-95c4-1aa8f7e5d3f6@group-D25BE8053FEA, cid=2003, SUCCESS, logIndex=2937, commits[c26939f8-4d1f-4fb1-95c4-1aa8f7e5d3f6:c2937, c5393538-959b-47cf-9d9c-19dac7bed4ee:c2935, a2e6e0ff-38a8-4bcf-9958-a89ff312531d:c2935]
2019-07-15 13:07:00,089 INFO  client.GrpcClientProtocolClient (GrpcClientProtocolClient.java:onNext(255)) - client-B30EC828C355->c26939f8-4d1f-4fb1-95c4-1aa8f7e5d3f6: receive RaftClientReply:client-B30EC828C355->c26939f8-4d1f-4fb1-95c4-1aa8f7e5d3f6@group-D25BE8053FEA, cid=2004, SUCCESS, logIndex=2940, commits[c26939f8-4d1f-4fb1-95c4-1aa8f7e5d3f6:c2941, c5393538-959b-47cf-9d9c-19dac7bed4ee:c2937, a2e6e0ff-38a8-4bcf-9958-a89ff312531d:c2937]
2019-07-15 13:07:00,089 INFO  client.GrpcClientProtocolClient (GrpcClientProtocolClient.java:onNext(255)) - client-B30EC828C355->c26939f8-4d1f-4fb1-95c4-1aa8f7e5d3f6: receive RaftClientReply:client-B30EC828C355->c26939f8-4d1f-4fb1-95c4-1aa8f7e5d3f6@group-D25BE8053FEA, cid=2005, SUCCESS, logIndex=2941, commits[c26939f8-4d1f-4fb1-95c4-1aa8f7e5d3f6:c2941, c5393538-959b-47cf-9d9c-19dac7bed4ee:c2937, a2e6e0ff-38a8-4bcf-9958-a89ff312531d:c2937]
2019-07-15 13:07:00,090 INFO  client.GrpcClientProtocolClient (GrpcClientProtocolClient.java:onNext(255)) - client-B30EC828C355->c26939f8-4d1f-4fb1-95c4-1aa8f7e5d3f6: receive RaftClientReply:client-B30EC828C355->c26939f8-4d1f-4fb1-95c4-1aa8f7e5d3f6@group-D25BE8053FEA, cid=2006, SUCCESS, logIndex=0, commits[c26939f8-4d1f-4fb1-95c4-1aa8f7e5d3f6:c2942, c5393538-959b-47cf-9d9c-19dac7bed4ee:c2941, a2e6e0ff-38a8-4bcf-9958-a89ff312531d:c2941]
2019-07-15 13:07:00,231 INFO  client.GrpcClientProtocolClient (GrpcClientProtocolClient.java:onNext(255)) - client-B30EC828C355->c26939f8-4d1f-4fb1-95c4-1aa8f7e5d3f6: receive RaftClientReply:client-B30EC828C355->c26939f8-4d1f-4fb1-95c4-1aa8f7e5d3f6@group-D25BE8053FEA, cid=2007, SUCCESS, logIndex=2944, commits[c26939f8-4d1f-4fb1-95c4-1aa8f7e5d3f6:c2945, c5393538-959b-47cf-9d9c-19dac7bed4ee:c2943, a2e6e0ff-38a8-4bcf-9958-a89ff312531d:c2943]
2019-07-15 13:07:00,232 INFO  client.GrpcClientProtocolClient (GrpcClientProtocolClient.java:onNext(255)) - client-B30EC828C355->c26939f8-4d1f-4fb1-95c4-1aa8f7e5d3f6: receive RaftClientReply:client-B30EC828C355->c26939f8-4d1f-4fb1-95c4-1aa8f7e5d3f6@group-D25BE8053FEA, cid=2008, SUCCESS, logIndex=2945, commits[c26939f8-4d1f-4fb1-95c4-1aa8f7e5d3f6:c2947, c5393538-959b-47cf-9d9c-19dac7bed4ee:c2943, a2e6e0ff-38a8-4bcf-9958-a89ff312531d:c2943]
2019-07-15 13:07:00,233 INFO  client.GrpcClientProtocolClient (GrpcClientProtocolClient.java:onNext(255)) - client-B30EC828C355->c26939f8-4d1f-4fb1-95c4-1aa8f7e5d3f6: receive RaftClientReply:client-B30EC828C355->c26939f8-4d1f-4fb1-95c4-1aa8f7e5d3f6@group-D25BE8053FEA, cid=2009, SUCCESS, logIndex=2946, commits[c26939f8-4d1f-4fb1-95c4-1aa8f7e5d3f6:c2947, c5393538-959b-47cf-9d9c-19dac7bed4ee:c2943, a2e6e0ff-38a8-4bcf-9958-a89ff312531d:c2943]
2019-07-15 13:07:00,234 INFO  client.GrpcClientProtocolClient (GrpcClientProtocolClient.java:onNext(255)) - client-B30EC828C355->c26939f8-4d1f-4fb1-95c4-1aa8f7e5d3f6: receive RaftClientReply:client-B30EC828C355->c26939f8-4d1f-4fb1-95c4-1aa8f7e5d3f6@group-D25BE8053FEA, cid=2010, SUCCESS, logIndex=2947, commits[c26939f8-4d1f-4fb1-95c4-1aa8f7e5d3f6:c2948, c5393538-959b-47cf-9d9c-19dac7bed4ee:c2943, a2e6e0ff-38a8-4bcf-9958-a89ff312531d:c2945]
2019-07-15 13:07:00,235 INFO  client.GrpcClientProtocolClient (GrpcClientProtocolClient.java:onNext(255)) - client-B30EC828C355->c26939f8-4d1f-4fb1-95c4-1aa8f7e5d3f6: receive RaftClientReply:client-B30EC828C355->c26939f8-4d1f-4fb1-95c4-1aa8f7e5d3f6@group-D25BE8053FEA, cid=2011, SUCCESS, logIndex=0, commits[c26939f8-4d1f-4fb1-95c4-1aa8f7e5d3f6:c2950, c5393538-959b-47cf-9d9c-19dac7bed4ee:c2947, a2e6e0ff-38a8-4bcf-9958-a89ff312531d:c2947]
2019-07-15 13:07:00,258 INFO  client.GrpcClientProtocolClient (GrpcClientProtocolClient.java:onNext(255)) - client-B30EC828C355->c26939f8-4d1f-4fb1-95c4-1aa8f7e5d3f6: receive RaftClientReply:client-B30EC828C355->c26939f8-4d1f-4fb1-95c4-1aa8f7e5d3f6@group-D25BE8053FEA, cid=2012, SUCCESS, logIndex=2951, commits[c26939f8-4d1f-4fb1-95c4-1aa8f7e5d3f6:c2952, c5393538-959b-47cf-9d9c-19dac7bed4ee:c2950, a2e6e0ff-38a8-4bcf-9958-a89ff312531d:c2950]
2019-07-15 13:07:00,258 INFO  client.GrpcClientProtocolClient (GrpcClientProtocolClient.java:onNext(255)) - client-B30EC828C355->c26939f8-4d1f-4fb1-95c4-1aa8f7e5d3f6: receive RaftClientReply:client-B30EC828C355->c26939f8-4d1f-4fb1-95c4-1aa8f7e5d3f6@group-D25BE8053FEA, cid=2013, SUCCESS, logIndex=2952, commits[c26939f8-4d1f-4fb1-95c4-1aa8f7e5d3f6:c2952, c5393538-959b-47cf-9d9c-19dac7bed4ee:c2950, a2e6e0ff-38a8-4bcf-9958-a89ff312531d:c2950]
2019-07-15 13:07:00,272 INFO  client.GrpcClientProtocolClient (GrpcClientProtocolClient.java:onNext(255)) - client-B30EC828C355->c26939f8-4d1f-4fb1-95c4-1aa8f7e5d3f6: receive RaftClientReply:client-B30EC828C355->c26939f8-4d1f-4fb1-95c4-1aa8f7e5d3f6@group-D25BE8053FEA, cid=2014, SUCCESS, logIndex=2955, commits[c26939f8-4d1f-4fb1-95c4-1aa8f7e5d3f6:c2956, c5393538-959b-47cf-9d9c-19dac7bed4ee:c2951, a2e6e0ff-38a8-4bcf-9958-a89ff312531d:c2952]
2019-07-15 13:07:00,272 INFO  client.GrpcClientProtocolClient (GrpcClientProtocolClient.java:onNext(255)) - client-B30EC828C355->c26939f8-4d1f-4fb1-95c4-1aa8f7e5d3f6: receive RaftClientReply:client-B30EC828C355->c26939f8-4d1f-4fb1-95c4-1aa8f7e5d3f6@group-D25BE8053FEA, cid=2015, SUCCESS, logIndex=2956, commits[c26939f8-4d1f-4fb1-95c4-1aa8f7e5d3f6:c2956, c5393538-959b-47cf-9d9c-19dac7bed4ee:c2952, a2e6e0ff-38a8-4bcf-9958-a89ff312531d:c2952]
2019-07-15 13:07:00,274 INFO  client.GrpcClientProtocolClient (GrpcClientProtocolClient.java:onNext(255)) - client-B30EC828C355->c26939f8-4d1f-4fb1-95c4-1aa8f7e5d3f6: receive RaftClientReply:client-B30EC828C355->c26939f8-4d1f-4fb1-95c4-1aa8f7e5d3f6@group-D25BE8053FEA, cid=2016, SUCCESS, logIndex=0, commits[c26939f8-4d1f-4fb1-95c4-1aa8f7e5d3f6:c2957, c5393538-959b-47cf-9d9c-19dac7bed4ee:c2956, a2e6e0ff-38a8-4bcf-9958-a89ff312531d:c2956]
2019-07-15 13:07:00,304 INFO  client.GrpcClientProtocolClient (GrpcClientProtocolClient.java:onNext(255)) - client-B30EC828C355->c26939f8-4d1f-4fb1-95c4-1aa8f7e5d3f6: receive RaftClientReply:client-B30EC828C355->c26939f8-4d1f-4fb1-95c4-1aa8f7e5d3f6@group-D25BE8053FEA, cid=2017, SUCCESS, logIndex=2959, commits[c26939f8-4d1f-4fb1-95c4-1aa8f7e5d3f6:c2960, c5393538-959b-47cf-9d9c-19dac7bed4ee:c2958, a2e6e0ff-38a8-4bcf-9958-a89ff312531d:c2958]
2019-07-15 13:07:00,305 INFO  client.GrpcClientProtocolClient (GrpcClientProtocolClient.java:onNext(255)) - client-B30EC828C355->c26939f8-4d1f-4fb1-95c4-1aa8f7e5d3f6: receive RaftClientReply:client-B30EC828C355->c26939f8-4d1f-4fb1-95c4-1aa8f7e5d3f6@group-D25BE8053FEA, cid=2018, SUCCESS, logIndex=2960, commits[c26939f8-4d1f-4fb1-95c4-1aa8f7e5d3f6:c2962, c5393538-959b-47cf-9d9c-19dac7bed4ee:c2958, a2e6e0ff-38a8-4bcf-9958-a89ff312531d:c2958]
2019-07-15 13:07:00,305 INFO  client.GrpcClientProtocolClient (GrpcClientProtocolClient.java:onNext(255)) - client-B30EC828C355->c26939f8-4d1f-4fb1-95c4-1aa8f7e5d3f6: receive RaftClientReply:client-B30EC828C355->c26939f8-4d1f-4fb1-95c4-1aa8f7e5d3f6@group-D25BE8053FEA, cid=2019, SUCCESS, logIndex=2961, commits[c26939f8-4d1f-4fb1-95c4-1aa8f7e5d3f6:c2962, c5393538-959b-47cf-9d9c-19dac7bed4ee:c2958, a2e6e0ff-38a8-4bcf-9958-a89ff312531d:c2958]
2019-07-15 13:07:00,306 INFO  client.GrpcClientProtocolClient (GrpcClientProtocolClient.java:onNext(255)) - client-B30EC828C355->c26939f8-4d1f-4fb1-95c4-1aa8f7e5d3f6: receive RaftClientReply:client-B30EC828C355->c26939f8-4d1f-4fb1-95c4-1aa8f7e5d3f6@group-D25BE8053FEA, cid=2020, SUCCESS, logIndex=2962, commits[c26939f8-4d1f-4fb1-95c4-1aa8f7e5d3f6:c2963, c5393538-959b-47cf-9d9c-19dac7bed4ee:c2959, a2e6e0ff-38a8-4bcf-9958-a89ff312531d:c2958]
2019-07-15 13:07:00,307 INFO  client.GrpcClientProtocolClient (GrpcClientProtocolClient.java:onNext(255)) - client-B30EC828C355->c26939f8-4d1f-4fb1-95c4-1aa8f7e5d3f6: receive RaftClientReply:client-B30EC828C355->c26939f8-4d1f-4fb1-95c4-1aa8f7e5d3f6@group-D25BE8053FEA, cid=2021, SUCCESS, logIndex=0, commits[c26939f8-4d1f-4fb1-95c4-1aa8f7e5d3f6:c2964, c5393538-959b-47cf-9d9c-19dac7bed4ee:c2962, a2e6e0ff-38a8-4bcf-9958-a89ff312531d:c2960]
2019-07-15 13:07:00,328 INFO  client.GrpcClientProtocolClient (GrpcClientProtocolClient.java:onNext(255)) - client-B30EC828C355->c26939f8-4d1f-4fb1-95c4-1aa8f7e5d3f6: receive RaftClientReply:client-B30EC828C355->c26939f8-4d1f-4fb1-95c4-1aa8f7e5d3f6@group-D25BE8053FEA, cid=2022, SUCCESS, logIndex=2966, commits[c26939f8-4d1f-4fb1-95c4-1aa8f7e5d3f6:c2967, c5393538-959b-47cf-9d9c-19dac7bed4ee:c2965, a2e6e0ff-38a8-4bcf-9958-a89ff312531d:c2965]
2019-07-15 13:07:00,328 INFO  client.GrpcClientProtocolClient (GrpcClientProtocolClient.java:onNext(255)) - client-B30EC828C355->c26939f8-4d1f-4fb1-95c4-1aa8f7e5d3f6: receive RaftClientReply:client-B30EC828C355->c26939f8-4d1f-4fb1-95c4-1aa8f7e5d3f6@group-D25BE8053FEA, cid=2023, SUCCESS, logIndex=2967, commits[c26939f8-4d1f-4fb1-95c4-1aa8f7e5d3f6:c2967, c5393538-959b-47cf-9d9c-19dac7bed4ee:c2965, a2e6e0ff-38a8-4bcf-9958-a89ff312531d:c2965]
2019-07-15 13:07:00,344 INFO  client.GrpcClientProtocolClient (GrpcClientProtocolClient.java:onNext(255)) - client-B30EC828C355->c26939f8-4d1f-4fb1-95c4-1aa8f7e5d3f6: receive RaftClientReply:client-B30EC828C355->c26939f8-4d1f-4fb1-95c4-1aa8f7e5d3f6@group-D25BE8053FEA, cid=2024, SUCCESS, logIndex=2970, commits[c26939f8-4d1f-4fb1-95c4-1aa8f7e5d3f6:c2971, c5393538-959b-47cf-9d9c-19dac7bed4ee:c2967, a2e6e0ff-38a8-4bcf-9958-a89ff312531d:c2967]
2019-07-15 13:07:00,344 INFO  client.GrpcClientProtocolClient (GrpcClientProtocolClient.java:onNext(255)) - client-B30EC828C355->c26939f8-4d1f-4fb1-95c4-1aa8f7e5d3f6: receive RaftClientReply:client-B30EC828C355->c26939f8-4d1f-4fb1-95c4-1aa8f7e5d3f6@group-D25BE8053FEA, cid=2025, SUCCESS, logIndex=2971, commits[c26939f8-4d1f-4fb1-95c4-1aa8f7e5d3f6:c2971, c5393538-959b-47cf-9d9c-19dac7bed4ee:c2967, a2e6e0ff-38a8-4bcf-9958-a89ff312531d:c2967]
2019-07-15 13:07:00,368 INFO  client.GrpcClientProtocolClient (GrpcClientProtocolClient.java:onNext(255)) - client-B30EC828C355->c26939f8-4d1f-4fb1-95c4-1aa8f7e5d3f6: receive RaftClientReply:client-B30EC828C355->c26939f8-4d1f-4fb1-95c4-1aa8f7e5d3f6@group-D25BE8053FEA, cid=2026, SUCCESS, logIndex=0, commits[c26939f8-4d1f-4fb1-95c4-1aa8f7e5d3f6:c2972, c5393538-959b-47cf-9d9c-19dac7bed4ee:c2971, a2e6e0ff-38a8-4bcf-9958-a89ff312531d:c2971]
2019-07-15 13:07:00,399 INFO  client.GrpcClientProtocolClient (GrpcClientProtocolClient.java:onNext(255)) - client-B30EC828C355->c26939f8-4d1f-4fb1-95c4-1aa8f7e5d3f6: receive RaftClientReply:client-B30EC828C355->c26939f8-4d1f-4fb1-95c4-1aa8f7e5d3f6@group-D25BE8053FEA, cid=2027, SUCCESS, logIndex=2974, commits[c26939f8-4d1f-4fb1-95c4-1aa8f7e5d3f6:c2977, c5393538-959b-47cf-9d9c-19dac7bed4ee:c2973, a2e6e0ff-38a8-4bcf-9958-a89ff312531d:c2973]
2019-07-15 13:07:00,399 INFO  client.GrpcClientProtocolClient (GrpcClientProtocolClient.java:onNext(255)) - client-B30EC828C355->c26939f8-4d1f-4fb1-95c4-1aa8f7e5d3f6: receive RaftClientReply:client-B30EC828C355->c26939f8-4d1f-4fb1-95c4-1aa8f7e5d3f6@group-D25BE8053FEA, cid=2028, SUCCESS, logIndex=2975, commits[c26939f8-4d1f-4fb1-95c4-1aa8f7e5d3f6:c2977, c5393538-959b-47cf-9d9c-19dac7bed4ee:c2973, a2e6e0ff-38a8-4bcf-9958-a89ff312531d:c2973]
2019-07-15 13:07:00,400 INFO  client.GrpcClientProtocolClient (GrpcClientProtocolClient.java:onNext(255)) - client-B30EC828C355->c26939f8-4d1f-4fb1-95c4-1aa8f7e5d3f6: receive RaftClientReply:client-B30EC828C355->c26939f8-4d1f-4fb1-95c4-1aa8f7e5d3f6@group-D25BE8053FEA, cid=2029, SUCCESS, logIndex=2976, commits[c26939f8-4d1f-4fb1-95c4-1aa8f7e5d3f6:c2977, c5393538-959b-47cf-9d9c-19dac7bed4ee:c2973, a2e6e0ff-38a8-4bcf-9958-a89ff312531d:c2973]
2019-07-15 13:07:00,400 INFO  client.GrpcClientProtocolClient (GrpcClientProtocolClient.java:onNext(255)) - client-B30EC828C355->c26939f8-4d1f-4fb1-95c4-1aa8f7e5d3f6: receive RaftClientReply:client-B30EC828C355->c26939f8-4d1f-4fb1-95c4-1aa8f7e5d3f6@group-D25BE8053FEA, cid=2030, SUCCESS, logIndex=2977, commits[c26939f8-4d1f-4fb1-95c4-1aa8f7e5d3f6:c2978, c5393538-959b-47cf-9d9c-19dac7bed4ee:c2974, a2e6e0ff-38a8-4bcf-9958-a89ff312531d:c2973]
2019-07-15 13:07:00,401 INFO  client.GrpcClientProtocolClient (GrpcClientProtocolClient.java:onNext(255)) - client-B30EC828C355->c26939f8-4d1f-4fb1-95c4-1aa8f7e5d3f6: receive RaftClientReply:client-B30EC828C355->c26939f8-4d1f-4fb1-95c4-1aa8f7e5d3f6@group-D25BE8053FEA, cid=2031, SUCCESS, logIndex=0, commits[c26939f8-4d1f-4fb1-95c4-1aa8f7e5d3f6:c2981, c5393538-959b-47cf-9d9c-19dac7bed4ee:c2977, a2e6e0ff-38a8-4bcf-9958-a89ff312531d:c2975]
2019-07-15 13:07:00,420 INFO  client.GrpcClientProtocolClient (GrpcClientProtocolClient.java:onNext(255)) - client-B30EC828C355->c26939f8-4d1f-4fb1-95c4-1aa8f7e5d3f6: receive RaftClientReply:client-B30EC828C355->c26939f8-4d1f-4fb1-95c4-1aa8f7e5d3f6@group-D25BE8053FEA, cid=2032, SUCCESS, logIndex=2982, commits[c26939f8-4d1f-4fb1-95c4-1aa8f7e5d3f6:c2983, c5393538-959b-47cf-9d9c-19dac7bed4ee:c2981, a2e6e0ff-38a8-4bcf-9958-a89ff312531d:c2981]
2019-07-15 13:07:00,421 INFO  client.GrpcClientProtocolClient (GrpcClientProtocolClient.java:onNext(255)) - client-B30EC828C355->c26939f8-4d1f-4fb1-95c4-1aa8f7e5d3f6: receive RaftClientReply:client-B30EC828C355->c26939f8-4d1f-4fb1-95c4-1aa8f7e5d3f6@group-D25BE8053FEA, cid=2033, SUCCESS, logIndex=2983, commits[c26939f8-4d1f-4fb1-95c4-1aa8f7e5d3f6:c2983, c5393538-959b-47cf-9d9c-19dac7bed4ee:c2981, a2e6e0ff-38a8-4bcf-9958-a89ff312531d:c2981]
2019-07-15 13:07:00,434 INFO  client.GrpcClientProtocolClient (GrpcClientProtocolClient.java:onNext(255)) - client-B30EC828C355->c26939f8-4d1f-4fb1-95c4-1aa8f7e5d3f6: receive RaftClientReply:client-B30EC828C355->c26939f8-4d1f-4fb1-95c4-1aa8f7e5d3f6@group-D25BE8053FEA, cid=2034, SUCCESS, logIndex=2986, commits[c26939f8-4d1f-4fb1-95c4-1aa8f7e5d3f6:c2987, c5393538-959b-47cf-9d9c-19dac7bed4ee:c2983, a2e6e0ff-38a8-4bcf-9958-a89ff312531d:c2983]
2019-07-15 13:07:00,434 INFO  client.GrpcClientProtocolClient (GrpcClientProtocolClient.java:onNext(255)) - client-B30EC828C355->c26939f8-4d1f-4fb1-95c4-1aa8f7e5d3f6: receive RaftClientReply:client-B30EC828C355->c26939f8-4d1f-4fb1-95c4-1aa8f7e5d3f6@group-D25BE8053FEA, cid=2035, SUCCESS, logIndex=2987, commits[c26939f8-4d1f-4fb1-95c4-1aa8f7e5d3f6:c2987, c5393538-959b-47cf-9d9c-19dac7bed4ee:c2983, a2e6e0ff-38a8-4bcf-9958-a89ff312531d:c2983]
2019-07-15 13:07:00,447 INFO  client.GrpcClientProtocolClient (GrpcClientProtocolClient.java:onNext(255)) - client-B30EC828C355->c26939f8-4d1f-4fb1-95c4-1aa8f7e5d3f6: receive RaftClientReply:client-B30EC828C355->c26939f8-4d1f-4fb1-95c4-1aa8f7e5d3f6@group-D25BE8053FEA, cid=2036, SUCCESS, logIndex=0, commits[c26939f8-4d1f-4fb1-95c4-1aa8f7e5d3f6:c2989, c5393538-959b-47cf-9d9c-19dac7bed4ee:c2987, a2e6e0ff-38a8-4bcf-9958-a89ff312531d:c2987]
2019-07-15 13:07:00,479 INFO  client.GrpcClientProtocolClient (GrpcClientProtocolClient.java:onNext(255)) - client-B30EC828C355->c26939f8-4d1f-4fb1-95c4-1aa8f7e5d3f6: receive RaftClientReply:client-B30EC828C355->c26939f8-4d1f-4fb1-95c4-1aa8f7e5d3f6@group-D25BE8053FEA, cid=2037, SUCCESS, logIndex=2990, commits[c26939f8-4d1f-4fb1-95c4-1aa8f7e5d3f6:c2991, c5393538-959b-47cf-9d9c-19dac7bed4ee:c2989, a2e6e0ff-38a8-4bcf-9958-a89ff312531d:c2989]
2019-07-15 13:07:00,479 INFO  client.GrpcClientProtocolClient (GrpcClientProtocolClient.java:onNext(255)) - client-B30EC828C355->c26939f8-4d1f-4fb1-95c4-1aa8f7e5d3f6: receive RaftClientReply:client-B30EC828C355->c26939f8-4d1f-4fb1-95c4-1aa8f7e5d3f6@group-D25BE8053FEA, cid=2038, SUCCESS, logIndex=2991, commits[c26939f8-4d1f-4fb1-95c4-1aa8f7e5d3f6:c2993, c5393538-959b-47cf-9d9c-19dac7bed4ee:c2989, a2e6e0ff-38a8-4bcf-9958-a89ff312531d:c2989]
2019-07-15 13:07:00,480 INFO  client.GrpcClientProtocolClient (GrpcClientProtocolClient.java:onNext(255)) - client-B30EC828C355->c26939f8-4d1f-4fb1-95c4-1aa8f7e5d3f6: receive RaftClientReply:client-B30EC828C355->c26939f8-4d1f-4fb1-95c4-1aa8f7e5d3f6@group-D25BE8053FEA, cid=2039, SUCCESS, logIndex=2992, commits[c26939f8-4d1f-4fb1-95c4-1aa8f7e5d3f6:c2993, c5393538-959b-47cf-9d9c-19dac7bed4ee:c2989, a2e6e0ff-38a8-4bcf-9958-a89ff312531d:c2989]
2019-07-15 13:07:00,480 INFO  client.GrpcClientProtocolClient (GrpcClientProtocolClient.java:onNext(255)) - client-B30EC828C355->c26939f8-4d1f-4fb1-95c4-1aa8f7e5d3f6: receive RaftClientReply:client-B30EC828C355->c26939f8-4d1f-4fb1-95c4-1aa8f7e5d3f6@group-D25BE8053FEA, cid=2040, SUCCESS, logIndex=2993, commits[c26939f8-4d1f-4fb1-95c4-1aa8f7e5d3f6:c2993, c5393538-959b-47cf-9d9c-19dac7bed4ee:c2989, a2e6e0ff-38a8-4bcf-9958-a89ff312531d:c2989]
2019-07-15 13:07:00,494 INFO  client.GrpcClientProtocolClient (GrpcClientProtocolClient.java:onNext(255)) - client-B30EC828C355->c26939f8-4d1f-4fb1-95c4-1aa8f7e5d3f6: receive RaftClientReply:client-B30EC828C355->c26939f8-4d1f-4fb1-95c4-1aa8f7e5d3f6@group-D25BE8053FEA, cid=2041, SUCCESS, logIndex=0, commits[c26939f8-4d1f-4fb1-95c4-1aa8f7e5d3f6:c2994, c5393538-959b-47cf-9d9c-19dac7bed4ee:c2991, a2e6e0ff-38a8-4bcf-9958-a89ff312531d:c2991]
2019-07-15 13:07:00,514 INFO  client.GrpcClientProtocolClient (GrpcClientProtocolClient.java:onNext(255)) - client-B30EC828C355->c26939f8-4d1f-4fb1-95c4-1aa8f7e5d3f6: receive RaftClientReply:client-B30EC828C355->c26939f8-4d1f-4fb1-95c4-1aa8f7e5d3f6@group-D25BE8053FEA, cid=2042, SUCCESS, logIndex=2997, commits[c26939f8-4d1f-4fb1-95c4-1aa8f7e5d3f6:c2998, c5393538-959b-47cf-9d9c-19dac7bed4ee:c2996, a2e6e0ff-38a8-4bcf-9958-a89ff312531d:c2996]
2019-07-15 13:07:00,514 INFO  client.GrpcClientProtocolClient (GrpcClientProtocolClient.java:onNext(255)) - client-B30EC828C355->c26939f8-4d1f-4fb1-95c4-1aa8f7e5d3f6: receive RaftClientReply:client-B30EC828C355->c26939f8-4d1f-4fb1-95c4-1aa8f7e5d3f6@group-D25BE8053FEA, cid=2043, SUCCESS, logIndex=2998, commits[c26939f8-4d1f-4fb1-95c4-1aa8f7e5d3f6:c2998, c5393538-959b-47cf-9d9c-19dac7bed4ee:c2996, a2e6e0ff-38a8-4bcf-9958-a89ff312531d:c2996]
2019-07-15 13:07:00,527 INFO  client.GrpcClientProtocolClient (GrpcClientProtocolClient.java:onNext(255)) - client-B30EC828C355->c26939f8-4d1f-4fb1-95c4-1aa8f7e5d3f6: receive RaftClientReply:client-B30EC828C355->c26939f8-4d1f-4fb1-95c4-1aa8f7e5d3f6@group-D25BE8053FEA, cid=2044, SUCCESS, logIndex=3001, commits[c26939f8-4d1f-4fb1-95c4-1aa8f7e5d3f6:c3002, c5393538-959b-47cf-9d9c-19dac7bed4ee:c2998, a2e6e0ff-38a8-4bcf-9958-a89ff312531d:c2998]
2019-07-15 13:07:00,527 INFO  client.GrpcClientProtocolClient (GrpcClientProtocolClient.java:onNext(255)) - client-B30EC828C355->c26939f8-4d1f-4fb1-95c4-1aa8f7e5d3f6: receive RaftClientReply:client-B30EC828C355->c26939f8-4d1f-4fb1-95c4-1aa8f7e5d3f6@group-D25BE8053FEA, cid=2045, SUCCESS, logIndex=3002, commits[c26939f8-4d1f-4fb1-95c4-1aa8f7e5d3f6:c3002, c5393538-959b-47cf-9d9c-19dac7bed4ee:c2998, a2e6e0ff-38a8-4bcf-9958-a89ff312531d:c2998]
2019-07-15 13:07:00,541 INFO  client.GrpcClientProtocolClient (GrpcClientProtocolClient.java:onNext(255)) - client-B30EC828C355->c26939f8-4d1f-4fb1-95c4-1aa8f7e5d3f6: receive RaftClientReply:client-B30EC828C355->c26939f8-4d1f-4fb1-95c4-1aa8f7e5d3f6@group-D25BE8053FEA, cid=2046, SUCCESS, logIndex=0, commits[c26939f8-4d1f-4fb1-95c4-1aa8f7e5d3f6:c3004, c5393538-959b-47cf-9d9c-19dac7bed4ee:c3002, a2e6e0ff-38a8-4bcf-9958-a89ff312531d:c3002]
2019-07-15 13:07:00,571 INFO  client.GrpcClientProtocolClient (GrpcClientProtocolClient.java:onNext(255)) - client-B30EC828C355->c26939f8-4d1f-4fb1-95c4-1aa8f7e5d3f6: receive RaftClientReply:client-B30EC828C355->c26939f8-4d1f-4fb1-95c4-1aa8f7e5d3f6@group-D25BE8053FEA, cid=2047, SUCCESS, logIndex=3005, commits[c26939f8-4d1f-4fb1-95c4-1aa8f7e5d3f6:c3006, c5393538-959b-47cf-9d9c-19dac7bed4ee:c3004, a2e6e0ff-38a8-4bcf-9958-a89ff312531d:c3004]
2019-07-15 13:07:00,572 INFO  client.GrpcClientProtocolClient (GrpcClientProtocolClient.java:onNext(255)) - client-B30EC828C355->c26939f8-4d1f-4fb1-95c4-1aa8f7e5d3f6: receive RaftClientReply:client-B30EC828C355->c26939f8-4d1f-4fb1-95c4-1aa8f7e5d3f6@group-D25BE8053FEA, cid=2048, SUCCESS, logIndex=3006, commits[c26939f8-4d1f-4fb1-95c4-1aa8f7e5d3f6:c3008, c5393538-959b-47cf-9d9c-19dac7bed4ee:c3004, a2e6e0ff-38a8-4bcf-9958-a89ff312531d:c3004]
2019-07-15 13:07:00,572 INFO  client.GrpcClientProtocolClient (GrpcClientProtocolClient.java:onNext(255)) - client-B30EC828C355->c26939f8-4d1f-4fb1-95c4-1aa8f7e5d3f6: receive RaftClientReply:client-B30EC828C355->c26939f8-4d1f-4fb1-95c4-1aa8f7e5d3f6@group-D25BE8053FEA, cid=2049, SUCCESS, logIndex=3007, commits[c26939f8-4d1f-4fb1-95c4-1aa8f7e5d3f6:c3008, c5393538-959b-47cf-9d9c-19dac7bed4ee:c3004, a2e6e0ff-38a8-4bcf-9958-a89ff312531d:c3004]
2019-07-15 13:07:00,573 INFO  client.GrpcClientProtocolClient (GrpcClientProtocolClient.java:onNext(255)) - client-B30EC828C355->c26939f8-4d1f-4fb1-95c4-1aa8f7e5d3f6: receive RaftClientReply:client-B30EC828C355->c26939f8-4d1f-4fb1-95c4-1aa8f7e5d3f6@group-D25BE8053FEA, cid=2050, SUCCESS, logIndex=3008, commits[c26939f8-4d1f-4fb1-95c4-1aa8f7e5d3f6:c3008, c5393538-959b-47cf-9d9c-19dac7bed4ee:c3004, a2e6e0ff-38a8-4bcf-9958-a89ff312531d:c3004]
2019-07-15 13:07:00,574 INFO  client.GrpcClientProtocolClient (GrpcClientProtocolClient.java:onNext(255)) - client-B30EC828C355->c26939f8-4d1f-4fb1-95c4-1aa8f7e5d3f6: receive RaftClientReply:client-B30EC828C355->c26939f8-4d1f-4fb1-95c4-1aa8f7e5d3f6@group-D25BE8053FEA, cid=2051, SUCCESS, logIndex=0, commits[c26939f8-4d1f-4fb1-95c4-1aa8f7e5d3f6:c3011, c5393538-959b-47cf-9d9c-19dac7bed4ee:c3008, a2e6e0ff-38a8-4bcf-9958-a89ff312531d:c3006]
2019-07-15 13:07:00,594 INFO  client.GrpcClientProtocolClient (GrpcClientProtocolClient.java:onNext(255)) - client-B30EC828C355->c26939f8-4d1f-4fb1-95c4-1aa8f7e5d3f6: receive RaftClientReply:client-B30EC828C355->c26939f8-4d1f-4fb1-95c4-1aa8f7e5d3f6@group-D25BE8053FEA, cid=2052, SUCCESS, logIndex=3012, commits[c26939f8-4d1f-4fb1-95c4-1aa8f7e5d3f6:c3013, c5393538-959b-47cf-9d9c-19dac7bed4ee:c3011, a2e6e0ff-38a8-4bcf-9958-a89ff312531d:c3011]
2019-07-15 13:07:00,594 INFO  client.GrpcClientProtocolClient (GrpcClientProtocolClient.java:onNext(255)) - client-B30EC828C355->c26939f8-4d1f-4fb1-95c4-1aa8f7e5d3f6: receive RaftClientReply:client-B30EC828C355->c26939f8-4d1f-4fb1-95c4-1aa8f7e5d3f6@group-D25BE8053FEA, cid=2053, SUCCESS, logIndex=3013, commits[c26939f8-4d1f-4fb1-95c4-1aa8f7e5d3f6:c3013, c5393538-959b-47cf-9d9c-19dac7bed4ee:c3011, a2e6e0ff-38a8-4bcf-9958-a89ff312531d:c3011]
2019-07-15 13:07:00,620 INFO  client.GrpcClientProtocolClient (GrpcClientProtocolClient.java:onNext(255)) - client-B30EC828C355->c26939f8-4d1f-4fb1-95c4-1aa8f7e5d3f6: receive RaftClientReply:client-B30EC828C355->c26939f8-4d1f-4fb1-95c4-1aa8f7e5d3f6@group-D25BE8053FEA, cid=2054, SUCCESS, logIndex=3016, commits[c26939f8-4d1f-4fb1-95c4-1aa8f7e5d3f6:c3016, c5393538-959b-47cf-9d9c-19dac7bed4ee:c3013, a2e6e0ff-38a8-4bcf-9958-a89ff312531d:c3013]
2019-07-15 13:07:00,621 INFO  client.GrpcClientProtocolClient (GrpcClientProtocolClient.java:onNext(255)) - client-B30EC828C355->c26939f8-4d1f-4fb1-95c4-1aa8f7e5d3f6: receive RaftClientReply:client-B30EC828C355->c26939f8-4d1f-4fb1-95c4-1aa8f7e5d3f6@group-D25BE8053FEA, cid=2055, SUCCESS, logIndex=3017, commits[c26939f8-4d1f-4fb1-95c4-1aa8f7e5d3f6:c3017, c5393538-959b-47cf-9d9c-19dac7bed4ee:c3013, a2e6e0ff-38a8-4bcf-9958-a89ff312531d:c3013]
2019-07-15 13:07:00,633 INFO  client.GrpcClientProtocolClient (GrpcClientProtocolClient.java:onNext(255)) - client-B30EC828C355->c26939f8-4d1f-4fb1-95c4-1aa8f7e5d3f6: receive RaftClientReply:client-B30EC828C355->c26939f8-4d1f-4fb1-95c4-1aa8f7e5d3f6@group-D25BE8053FEA, cid=2056, SUCCESS, logIndex=0, commits[c26939f8-4d1f-4fb1-95c4-1aa8f7e5d3f6:c3019, c5393538-959b-47cf-9d9c-19dac7bed4ee:c3017, a2e6e0ff-38a8-4bcf-9958-a89ff312531d:c3017]
2019-07-15 13:07:00,660 INFO  client.GrpcClientProtocolClient (GrpcClientProtocolClient.java:onNext(255)) - client-B30EC828C355->c26939f8-4d1f-4fb1-95c4-1aa8f7e5d3f6: receive RaftClientReply:client-B30EC828C355->c26939f8-4d1f-4fb1-95c4-1aa8f7e5d3f6@group-D25BE8053FEA, cid=2057, SUCCESS, logIndex=3020, commits[c26939f8-4d1f-4fb1-95c4-1aa8f7e5d3f6:c3021, c5393538-959b-47cf-9d9c-19dac7bed4ee:c3019, a2e6e0ff-38a8-4bcf-9958-a89ff312531d:c3019]
2019-07-15 13:07:00,660 INFO  client.GrpcClientProtocolClient (GrpcClientProtocolClient.java:onNext(255)) - client-B30EC828C355->c26939f8-4d1f-4fb1-95c4-1aa8f7e5d3f6: receive RaftClientReply:client-B30EC828C355->c26939f8-4d1f-4fb1-95c4-1aa8f7e5d3f6@group-D25BE8053FEA, cid=2058, SUCCESS, logIndex=3021, commits[c26939f8-4d1f-4fb1-95c4-1aa8f7e5d3f6:c3023, c5393538-959b-47cf-9d9c-19dac7bed4ee:c3019, a2e6e0ff-38a8-4bcf-9958-a89ff312531d:c3019]
2019-07-15 13:07:00,660 INFO  client.GrpcClientProtocolClient (GrpcClientProtocolClient.java:onNext(255)) - client-B30EC828C355->c26939f8-4d1f-4fb1-95c4-1aa8f7e5d3f6: receive RaftClientReply:client-B30EC828C355->c26939f8-4d1f-4fb1-95c4-1aa8f7e5d3f6@group-D25BE8053FEA, cid=2059, SUCCESS, logIndex=3022, commits[c26939f8-4d1f-4fb1-95c4-1aa8f7e5d3f6:c3023, c5393538-959b-47cf-9d9c-19dac7bed4ee:c3019, a2e6e0ff-38a8-4bcf-9958-a89ff312531d:c3019]
2019-07-15 13:07:00,661 INFO  client.GrpcClientProtocolClient (GrpcClientProtocolClient.java:onNext(255)) - client-B30EC828C355->c26939f8-4d1f-4fb1-95c4-1aa8f7e5d3f6: receive RaftClientReply:client-B30EC828C355->c26939f8-4d1f-4fb1-95c4-1aa8f7e5d3f6@group-D25BE8053FEA, cid=2060, SUCCESS, logIndex=3023, commits[c26939f8-4d1f-4fb1-95c4-1aa8f7e5d3f6:c3023, c5393538-959b-47cf-9d9c-19dac7bed4ee:c3019, a2e6e0ff-38a8-4bcf-9958-a89ff312531d:c3019]
2019-07-15 13:07:00,662 INFO  client.GrpcClientProtocolClient (GrpcClientProtocolClient.java:onNext(255)) - client-B30EC828C355->c26939f8-4d1f-4fb1-95c4-1aa8f7e5d3f6: receive RaftClientReply:client-B30EC828C355->c26939f8-4d1f-4fb1-95c4-1aa8f7e5d3f6@group-D25BE8053FEA, cid=2061, SUCCESS, logIndex=0, commits[c26939f8-4d1f-4fb1-95c4-1aa8f7e5d3f6:c3024, c5393538-959b-47cf-9d9c-19dac7bed4ee:c3021, a2e6e0ff-38a8-4bcf-9958-a89ff312531d:c3021]
2019-07-15 13:07:00,682 INFO  client.GrpcClientProtocolClient (GrpcClientProtocolClient.java:onNext(255)) - client-B30EC828C355->c26939f8-4d1f-4fb1-95c4-1aa8f7e5d3f6: receive RaftClientReply:client-B30EC828C355->c26939f8-4d1f-4fb1-95c4-1aa8f7e5d3f6@group-D25BE8053FEA, cid=2062, SUCCESS, logIndex=3027, commits[c26939f8-4d1f-4fb1-95c4-1aa8f7e5d3f6:c3028, c5393538-959b-47cf-9d9c-19dac7bed4ee:c3026, a2e6e0ff-38a8-4bcf-9958-a89ff312531d:c3026]
2019-07-15 13:07:00,683 INFO  client.GrpcClientProtocolClient (GrpcClientProtocolClient.java:onNext(255)) - client-B30EC828C355->c26939f8-4d1f-4fb1-95c4-1aa8f7e5d3f6: receive RaftClientReply:client-B30EC828C355->c26939f8-4d1f-4fb1-95c4-1aa8f7e5d3f6@group-D25BE8053FEA, cid=2063, SUCCESS, logIndex=3028, commits[c26939f8-4d1f-4fb1-95c4-1aa8f7e5d3f6:c3028, c5393538-959b-47cf-9d9c-19dac7bed4ee:c3026, a2e6e0ff-38a8-4bcf-9958-a89ff312531d:c3026]
2019-07-15 13:07:00,696 INFO  client.GrpcClientProtocolClient (GrpcClientProtocolClient.java:onNext(255)) - client-B30EC828C355->c26939f8-4d1f-4fb1-95c4-1aa8f7e5d3f6: receive RaftClientReply:client-B30EC828C355->c26939f8-4d1f-4fb1-95c4-1aa8f7e5d3f6@group-D25BE8053FEA, cid=2064, SUCCESS, logIndex=3031, commits[c26939f8-4d1f-4fb1-95c4-1aa8f7e5d3f6:c3032, c5393538-959b-47cf-9d9c-19dac7bed4ee:c3028, a2e6e0ff-38a8-4bcf-9958-a89ff312531d:c3028]
2019-07-15 13:07:00,696 INFO  client.GrpcClientProtocolClient (GrpcClientProtocolClient.java:onNext(255)) - client-B30EC828C355->c26939f8-4d1f-4fb1-95c4-1aa8f7e5d3f6: receive RaftClientReply:client-B30EC828C355->c26939f8-4d1f-4fb1-95c4-1aa8f7e5d3f6@group-D25BE8053FEA, cid=2065, SUCCESS, logIndex=3032, commits[c26939f8-4d1f-4fb1-95c4-1aa8f7e5d3f6:c3032, c5393538-959b-47cf-9d9c-19dac7bed4ee:c3028, a2e6e0ff-38a8-4bcf-9958-a89ff312531d:c3028]
2019-07-15 13:07:00,711 INFO  client.GrpcClientProtocolClient (GrpcClientProtocolClient.java:onNext(255)) - client-B30EC828C355->c26939f8-4d1f-4fb1-95c4-1aa8f7e5d3f6: receive RaftClientReply:client-B30EC828C355->c26939f8-4d1f-4fb1-95c4-1aa8f7e5d3f6@group-D25BE8053FEA, cid=2066, SUCCESS, logIndex=0, commits[c26939f8-4d1f-4fb1-95c4-1aa8f7e5d3f6:c3034, c5393538-959b-47cf-9d9c-19dac7bed4ee:c3032, a2e6e0ff-38a8-4bcf-9958-a89ff312531d:c3032]
2019-07-15 13:07:00,742 INFO  client.GrpcClientProtocolClient (GrpcClientProtocolClient.java:onNext(255)) - client-B30EC828C355->c26939f8-4d1f-4fb1-95c4-1aa8f7e5d3f6: receive RaftClientReply:client-B30EC828C355->c26939f8-4d1f-4fb1-95c4-1aa8f7e5d3f6@group-D25BE8053FEA, cid=2067, SUCCESS, logIndex=3035, commits[c26939f8-4d1f-4fb1-95c4-1aa8f7e5d3f6:c3037, c5393538-959b-47cf-9d9c-19dac7bed4ee:c3034, a2e6e0ff-38a8-4bcf-9958-a89ff312531d:c3034]
2019-07-15 13:07:00,742 INFO  client.GrpcClientProtocolClient (GrpcClientProtocolClient.java:onNext(255)) - client-B30EC828C355->c26939f8-4d1f-4fb1-95c4-1aa8f7e5d3f6: receive RaftClientReply:client-B30EC828C355->c26939f8-4d1f-4fb1-95c4-1aa8f7e5d3f6@group-D25BE8053FEA, cid=2068, SUCCESS, logIndex=3036, commits[c26939f8-4d1f-4fb1-95c4-1aa8f7e5d3f6:c3038, c5393538-959b-47cf-9d9c-19dac7bed4ee:c3034, a2e6e0ff-38a8-4bcf-9958-a89ff312531d:c3034]
2019-07-15 13:07:00,742 INFO  client.GrpcClientProtocolClient (GrpcClientProtocolClient.java:onNext(255)) - client-B30EC828C355->c26939f8-4d1f-4fb1-95c4-1aa8f7e5d3f6: receive RaftClientReply:client-B30EC828C355->c26939f8-4d1f-4fb1-95c4-1aa8f7e5d3f6@group-D25BE8053FEA, cid=2069, SUCCESS, logIndex=3037, commits[c26939f8-4d1f-4fb1-95c4-1aa8f7e5d3f6:c3038, c5393538-959b-47cf-9d9c-19dac7bed4ee:c3034, a2e6e0ff-38a8-4bcf-9958-a89ff312531d:c3034]
2019-07-15 13:07:00,743 INFO  client.GrpcClientProtocolClient (GrpcClientProtocolClient.java:onNext(255)) - client-B30EC828C355->c26939f8-4d1f-4fb1-95c4-1aa8f7e5d3f6: receive RaftClientReply:client-B30EC828C355->c26939f8-4d1f-4fb1-95c4-1aa8f7e5d3f6@group-D25BE8053FEA, cid=2070, SUCCESS, logIndex=3038, commits[c26939f8-4d1f-4fb1-95c4-1aa8f7e5d3f6:c3038, c5393538-959b-47cf-9d9c-19dac7bed4ee:c3034, a2e6e0ff-38a8-4bcf-9958-a89ff312531d:c3034]
2019-07-15 13:07:00,753 INFO  client.GrpcClientProtocolClient (GrpcClientProtocolClient.java:onNext(255)) - client-B30EC828C355->c26939f8-4d1f-4fb1-95c4-1aa8f7e5d3f6: receive RaftClientReply:client-B30EC828C355->c26939f8-4d1f-4fb1-95c4-1aa8f7e5d3f6@group-D25BE8053FEA, cid=2071, SUCCESS, logIndex=0, commits[c26939f8-4d1f-4fb1-95c4-1aa8f7e5d3f6:c3039, c5393538-959b-47cf-9d9c-19dac7bed4ee:c3036, a2e6e0ff-38a8-4bcf-9958-a89ff312531d:c3036]
2019-07-15 13:07:00,773 INFO  client.GrpcClientProtocolClient (GrpcClientProtocolClient.java:onNext(255)) - client-B30EC828C355->c26939f8-4d1f-4fb1-95c4-1aa8f7e5d3f6: receive RaftClientReply:client-B30EC828C355->c26939f8-4d1f-4fb1-95c4-1aa8f7e5d3f6@group-D25BE8053FEA, cid=2072, SUCCESS, logIndex=3043, commits[c26939f8-4d1f-4fb1-95c4-1aa8f7e5d3f6:c3044, c5393538-959b-47cf-9d9c-19dac7bed4ee:c3042, a2e6e0ff-38a8-4bcf-9958-a89ff312531d:c3042]
2019-07-15 13:07:00,774 INFO  client.GrpcClientProtocolClient (GrpcClientProtocolClient.java:onNext(255)) - client-B30EC828C355->c26939f8-4d1f-4fb1-95c4-1aa8f7e5d3f6: receive RaftClientReply:client-B30EC828C355->c26939f8-4d1f-4fb1-95c4-1aa8f7e5d3f6@group-D25BE8053FEA, cid=2073, SUCCESS, logIndex=3044, commits[c26939f8-4d1f-4fb1-95c4-1aa8f7e5d3f6:c3044, c5393538-959b-47cf-9d9c-19dac7bed4ee:c3042, a2e6e0ff-38a8-4bcf-9958-a89ff312531d:c3042]
2019-07-15 13:07:00,788 INFO  client.GrpcClientProtocolClient (GrpcClientProtocolClient.java:onNext(255)) - client-B30EC828C355->c26939f8-4d1f-4fb1-95c4-1aa8f7e5d3f6: receive RaftClientReply:client-B30EC828C355->c26939f8-4d1f-4fb1-95c4-1aa8f7e5d3f6@group-D25BE8053FEA, cid=2074, SUCCESS, logIndex=3047, commits[c26939f8-4d1f-4fb1-95c4-1aa8f7e5d3f6:c3048, c5393538-959b-47cf-9d9c-19dac7bed4ee:c3044, a2e6e0ff-38a8-4bcf-9958-a89ff312531d:c3044]
2019-07-15 13:07:00,788 INFO  client.GrpcClientProtocolClient (GrpcClientProtocolClient.java:onNext(255)) - client-B30EC828C355->c26939f8-4d1f-4fb1-95c4-1aa8f7e5d3f6: receive RaftClientReply:client-B30EC828C355->c26939f8-4d1f-4fb1-95c4-1aa8f7e5d3f6@group-D25BE8053FEA, cid=2075, SUCCESS, logIndex=3048, commits[c26939f8-4d1f-4fb1-95c4-1aa8f7e5d3f6:c3048, c5393538-959b-47cf-9d9c-19dac7bed4ee:c3044, a2e6e0ff-38a8-4bcf-9958-a89ff312531d:c3044]
2019-07-15 13:07:00,803 INFO  client.GrpcClientProtocolClient (GrpcClientProtocolClient.java:onNext(255)) - client-B30EC828C355->c26939f8-4d1f-4fb1-95c4-1aa8f7e5d3f6: receive RaftClientReply:client-B30EC828C355->c26939f8-4d1f-4fb1-95c4-1aa8f7e5d3f6@group-D25BE8053FEA, cid=2076, SUCCESS, logIndex=0, commits[c26939f8-4d1f-4fb1-95c4-1aa8f7e5d3f6:c3049, c5393538-959b-47cf-9d9c-19dac7bed4ee:c3048, a2e6e0ff-38a8-4bcf-9958-a89ff312531d:c3048]
 0.00% |█                                                                                                    |  0/1 Time: 0:00:152019-07-15 13:07:00,942 INFO  client.GrpcClientProtocolClient (GrpcClientProtocolClient.java:onNext(255)) - client-B30EC828C355->c26939f8-4d1f-4fb1-95c4-1aa8f7e5d3f6: receive RaftClientReply:client-B30EC828C355->c26939f8-4d1f-4fb1-95c4-1aa8f7e5d3f6@group-D25BE8053FEA, cid=2077, SUCCESS, logIndex=3051, commits[c26939f8-4d1f-4fb1-95c4-1aa8f7e5d3f6:c3054, c5393538-959b-47cf-9d9c-19dac7bed4ee:c3050, a2e6e0ff-38a8-4bcf-9958-a89ff312531d:c3050]
2019-07-15 13:07:00,942 INFO  client.GrpcClientProtocolClient (GrpcClientProtocolClient.java:onNext(255)) - client-B30EC828C355->c26939f8-4d1f-4fb1-95c4-1aa8f7e5d3f6: receive RaftClientReply:client-B30EC828C355->c26939f8-4d1f-4fb1-95c4-1aa8f7e5d3f6@group-D25BE8053FEA, cid=2078, SUCCESS, logIndex=3052, commits[c26939f8-4d1f-4fb1-95c4-1aa8f7e5d3f6:c3054, c5393538-959b-47cf-9d9c-19dac7bed4ee:c3050, a2e6e0ff-38a8-4bcf-9958-a89ff312531d:c3050]
2019-07-15 13:07:00,943 INFO  client.GrpcClientProtocolClient (GrpcClientProtocolClient.java:onNext(255)) - client-B30EC828C355->c26939f8-4d1f-4fb1-95c4-1aa8f7e5d3f6: receive RaftClientReply:client-B30EC828C355->c26939f8-4d1f-4fb1-95c4-1aa8f7e5d3f6@group-D25BE8053FEA, cid=2079, SUCCESS, logIndex=3053, commits[c26939f8-4d1f-4fb1-95c4-1aa8f7e5d3f6:c3054, c5393538-959b-47cf-9d9c-19dac7bed4ee:c3050, a2e6e0ff-38a8-4bcf-9958-a89ff312531d:c3050]
2019-07-15 13:07:00,943 INFO  client.GrpcClientProtocolClient (GrpcClientProtocolClient.java:onNext(255)) - client-B30EC828C355->c26939f8-4d1f-4fb1-95c4-1aa8f7e5d3f6: receive RaftClientReply:client-B30EC828C355->c26939f8-4d1f-4fb1-95c4-1aa8f7e5d3f6@group-D25BE8053FEA, cid=2080, SUCCESS, logIndex=3054, commits[c26939f8-4d1f-4fb1-95c4-1aa8f7e5d3f6:c3054, c5393538-959b-47cf-9d9c-19dac7bed4ee:c3050, a2e6e0ff-38a8-4bcf-9958-a89ff312531d:c3050]
2019-07-15 13:07:00,944 INFO  client.GrpcClientProtocolClient (GrpcClientProtocolClient.java:onNext(255)) - client-B30EC828C355->c26939f8-4d1f-4fb1-95c4-1aa8f7e5d3f6: receive RaftClientReply:client-B30EC828C355->c26939f8-4d1f-4fb1-95c4-1aa8f7e5d3f6@group-D25BE8053FEA, cid=2081, SUCCESS, logIndex=0, commits[c26939f8-4d1f-4fb1-95c4-1aa8f7e5d3f6:c3056, c5393538-959b-47cf-9d9c-19dac7bed4ee:c3052, a2e6e0ff-38a8-4bcf-9958-a89ff312531d:c3052]
2019-07-15 13:07:00,966 INFO  client.GrpcClientProtocolClient (GrpcClientProtocolClient.java:onNext(255)) - client-B30EC828C355->c26939f8-4d1f-4fb1-95c4-1aa8f7e5d3f6: receive RaftClientReply:client-B30EC828C355->c26939f8-4d1f-4fb1-95c4-1aa8f7e5d3f6@group-D25BE8053FEA, cid=2082, SUCCESS, logIndex=3059, commits[c26939f8-4d1f-4fb1-95c4-1aa8f7e5d3f6:c3060, c5393538-959b-47cf-9d9c-19dac7bed4ee:c3058, a2e6e0ff-38a8-4bcf-9958-a89ff312531d:c3058]
2019-07-15 13:07:00,966 INFO  client.GrpcClientProtocolClient (GrpcClientProtocolClient.java:onNext(255)) - client-B30EC828C355->c26939f8-4d1f-4fb1-95c4-1aa8f7e5d3f6: receive RaftClientReply:client-B30EC828C355->c26939f8-4d1f-4fb1-95c4-1aa8f7e5d3f6@group-D25BE8053FEA, cid=2083, SUCCESS, logIndex=3060, commits[c26939f8-4d1f-4fb1-95c4-1aa8f7e5d3f6:c3060, c5393538-959b-47cf-9d9c-19dac7bed4ee:c3058, a2e6e0ff-38a8-4bcf-9958-a89ff312531d:c3058]
2019-07-15 13:07:00,980 INFO  client.GrpcClientProtocolClient (GrpcClientProtocolClient.java:onNext(255)) - client-B30EC828C355->c26939f8-4d1f-4fb1-95c4-1aa8f7e5d3f6: receive RaftClientReply:client-B30EC828C355->c26939f8-4d1f-4fb1-95c4-1aa8f7e5d3f6@group-D25BE8053FEA, cid=2084, SUCCESS, logIndex=3063, commits[c26939f8-4d1f-4fb1-95c4-1aa8f7e5d3f6:c3064, c5393538-959b-47cf-9d9c-19dac7bed4ee:c3060, a2e6e0ff-38a8-4bcf-9958-a89ff312531d:c3060]
2019-07-15 13:07:00,980 INFO  client.GrpcClientProtocolClient (GrpcClientProtocolClient.java:onNext(255)) - client-B30EC828C355->c26939f8-4d1f-4fb1-95c4-1aa8f7e5d3f6: receive RaftClientReply:client-B30EC828C355->c26939f8-4d1f-4fb1-95c4-1aa8f7e5d3f6@group-D25BE8053FEA, cid=2085, SUCCESS, logIndex=3064, commits[c26939f8-4d1f-4fb1-95c4-1aa8f7e5d3f6:c3064, c5393538-959b-47cf-9d9c-19dac7bed4ee:c3060, a2e6e0ff-38a8-4bcf-9958-a89ff312531d:c3060]
2019-07-15 13:07:00,982 INFO  client.GrpcClientProtocolClient (GrpcClientProtocolClient.java:onNext(255)) - client-B30EC828C355->c26939f8-4d1f-4fb1-95c4-1aa8f7e5d3f6: receive RaftClientReply:client-B30EC828C355->c26939f8-4d1f-4fb1-95c4-1aa8f7e5d3f6@group-D25BE8053FEA, cid=2086, SUCCESS, logIndex=0, commits[c26939f8-4d1f-4fb1-95c4-1aa8f7e5d3f6:c3065, c5393538-959b-47cf-9d9c-19dac7bed4ee:c3064, a2e6e0ff-38a8-4bcf-9958-a89ff312531d:c3064]
2019-07-15 13:07:01,011 INFO  client.GrpcClientProtocolClient (GrpcClientProtocolClient.java:onNext(255)) - client-B30EC828C355->c26939f8-4d1f-4fb1-95c4-1aa8f7e5d3f6: receive RaftClientReply:client-B30EC828C355->c26939f8-4d1f-4fb1-95c4-1aa8f7e5d3f6@group-D25BE8053FEA, cid=2087, SUCCESS, logIndex=3067, commits[c26939f8-4d1f-4fb1-95c4-1aa8f7e5d3f6:c3070, c5393538-959b-47cf-9d9c-19dac7bed4ee:c3066, a2e6e0ff-38a8-4bcf-9958-a89ff312531d:c3066]
2019-07-15 13:07:01,012 INFO  client.GrpcClientProtocolClient (GrpcClientProtocolClient.java:onNext(255)) - client-B30EC828C355->c26939f8-4d1f-4fb1-95c4-1aa8f7e5d3f6: receive RaftClientReply:client-B30EC828C355->c26939f8-4d1f-4fb1-95c4-1aa8f7e5d3f6@group-D25BE8053FEA, cid=2088, SUCCESS, logIndex=3068, commits[c26939f8-4d1f-4fb1-95c4-1aa8f7e5d3f6:c3070, c5393538-959b-47cf-9d9c-19dac7bed4ee:c3066, a2e6e0ff-38a8-4bcf-9958-a89ff312531d:c3066]
2019-07-15 13:07:01,012 INFO  client.GrpcClientProtocolClient (GrpcClientProtocolClient.java:onNext(255)) - client-B30EC828C355->c26939f8-4d1f-4fb1-95c4-1aa8f7e5d3f6: receive RaftClientReply:client-B30EC828C355->c26939f8-4d1f-4fb1-95c4-1aa8f7e5d3f6@group-D25BE8053FEA, cid=2089, SUCCESS, logIndex=3069, commits[c26939f8-4d1f-4fb1-95c4-1aa8f7e5d3f6:c3070, c5393538-959b-47cf-9d9c-19dac7bed4ee:c3066, a2e6e0ff-38a8-4bcf-9958-a89ff312531d:c3066]
2019-07-15 13:07:01,012 INFO  client.GrpcClientProtocolClient (GrpcClientProtocolClient.java:onNext(255)) - client-B30EC828C355->c26939f8-4d1f-4fb1-95c4-1aa8f7e5d3f6: receive RaftClientReply:client-B30EC828C355->c26939f8-4d1f-4fb1-95c4-1aa8f7e5d3f6@group-D25BE8053FEA, cid=2090, SUCCESS, logIndex=3070, commits[c26939f8-4d1f-4fb1-95c4-1aa8f7e5d3f6:c3070, c5393538-959b-47cf-9d9c-19dac7bed4ee:c3066, a2e6e0ff-38a8-4bcf-9958-a89ff312531d:c3066]
2019-07-15 13:07:01,014 INFO  client.GrpcClientProtocolClient (GrpcClientProtocolClient.java:onNext(255)) - client-B30EC828C355->c26939f8-4d1f-4fb1-95c4-1aa8f7e5d3f6: receive RaftClientReply:client-B30EC828C355->c26939f8-4d1f-4fb1-95c4-1aa8f7e5d3f6@group-D25BE8053FEA, cid=2091, SUCCESS, logIndex=0, commits[c26939f8-4d1f-4fb1-95c4-1aa8f7e5d3f6:c3071, c5393538-959b-47cf-9d9c-19dac7bed4ee:c3070, a2e6e0ff-38a8-4bcf-9958-a89ff312531d:c3070]
2019-07-15 13:07:01,027 INFO  client.GrpcClientProtocolClient (GrpcClientProtocolClient.java:onNext(255)) - client-B30EC828C355->c26939f8-4d1f-4fb1-95c4-1aa8f7e5d3f6: receive RaftClientReply:client-B30EC828C355->c26939f8-4d1f-4fb1-95c4-1aa8f7e5d3f6@group-D25BE8053FEA, cid=2092, SUCCESS, logIndex=3073, commits[c26939f8-4d1f-4fb1-95c4-1aa8f7e5d3f6:c3074, c5393538-959b-47cf-9d9c-19dac7bed4ee:c3070, a2e6e0ff-38a8-4bcf-9958-a89ff312531d:c3071]
2019-07-15 13:07:01,027 INFO  client.GrpcClientProtocolClient (GrpcClientProtocolClient.java:onNext(255)) - client-B30EC828C355->c26939f8-4d1f-4fb1-95c4-1aa8f7e5d3f6: receive RaftClientReply:client-B30EC828C355->c26939f8-4d1f-4fb1-95c4-1aa8f7e5d3f6@group-D25BE8053FEA, cid=2093, SUCCESS, logIndex=3074, commits[c26939f8-4d1f-4fb1-95c4-1aa8f7e5d3f6:c3074, c5393538-959b-47cf-9d9c-19dac7bed4ee:c3071, a2e6e0ff-38a8-4bcf-9958-a89ff312531d:c3071]
2019-07-15 13:07:01,046 INFO  client.GrpcClientProtocolClient (GrpcClientProtocolClient.java:onNext(255)) - client-B30EC828C355->c26939f8-4d1f-4fb1-95c4-1aa8f7e5d3f6: receive RaftClientReply:client-B30EC828C355->c26939f8-4d1f-4fb1-95c4-1aa8f7e5d3f6@group-D25BE8053FEA, cid=2094, SUCCESS, logIndex=3077, commits[c26939f8-4d1f-4fb1-95c4-1aa8f7e5d3f6:c3078, c5393538-959b-47cf-9d9c-19dac7bed4ee:c3076, a2e6e0ff-38a8-4bcf-9958-a89ff312531d:c3076]
2019-07-15 13:07:01,047 INFO  client.GrpcClientProtocolClient (GrpcClientProtocolClient.java:onNext(255)) - client-B30EC828C355->c26939f8-4d1f-4fb1-95c4-1aa8f7e5d3f6: receive RaftClientReply:client-B30EC828C355->c26939f8-4d1f-4fb1-95c4-1aa8f7e5d3f6@group-D25BE8053FEA, cid=2095, SUCCESS, logIndex=3078, commits[c26939f8-4d1f-4fb1-95c4-1aa8f7e5d3f6:c3078, c5393538-959b-47cf-9d9c-19dac7bed4ee:c3076, a2e6e0ff-38a8-4bcf-9958-a89ff312531d:c3076]
2019-07-15 13:07:01,058 INFO  client.GrpcClientProtocolClient (GrpcClientProtocolClient.java:onNext(255)) - client-B30EC828C355->c26939f8-4d1f-4fb1-95c4-1aa8f7e5d3f6: receive RaftClientReply:client-B30EC828C355->c26939f8-4d1f-4fb1-95c4-1aa8f7e5d3f6@group-D25BE8053FEA, cid=2096, SUCCESS, logIndex=0, commits[c26939f8-4d1f-4fb1-95c4-1aa8f7e5d3f6:c3079, c5393538-959b-47cf-9d9c-19dac7bed4ee:c3078, a2e6e0ff-38a8-4bcf-9958-a89ff312531d:c3078]
2019-07-15 13:07:01,084 INFO  client.GrpcClientProtocolClient (GrpcClientProtocolClient.java:onNext(255)) - client-B30EC828C355->c26939f8-4d1f-4fb1-95c4-1aa8f7e5d3f6: receive RaftClientReply:client-B30EC828C355->c26939f8-4d1f-4fb1-95c4-1aa8f7e5d3f6@group-D25BE8053FEA, cid=2097, SUCCESS, logIndex=3081, commits[c26939f8-4d1f-4fb1-95c4-1aa8f7e5d3f6:c3082, c5393538-959b-47cf-9d9c-19dac7bed4ee:c3080, a2e6e0ff-38a8-4bcf-9958-a89ff312531d:c3080]
2019-07-15 13:07:01,085 INFO  client.GrpcClientProtocolClient (GrpcClientProtocolClient.java:onNext(255)) - client-B30EC828C355->c26939f8-4d1f-4fb1-95c4-1aa8f7e5d3f6: receive RaftClientReply:client-B30EC828C355->c26939f8-4d1f-4fb1-95c4-1aa8f7e5d3f6@group-D25BE8053FEA, cid=2098, SUCCESS, logIndex=3082, commits[c26939f8-4d1f-4fb1-95c4-1aa8f7e5d3f6:c3084, c5393538-959b-47cf-9d9c-19dac7bed4ee:c3080, a2e6e0ff-38a8-4bcf-9958-a89ff312531d:c3080]
2019-07-15 13:07:01,085 INFO  client.GrpcClientProtocolClient (GrpcClientProtocolClient.java:onNext(255)) - client-B30EC828C355->c26939f8-4d1f-4fb1-95c4-1aa8f7e5d3f6: receive RaftClientReply:client-B30EC828C355->c26939f8-4d1f-4fb1-95c4-1aa8f7e5d3f6@group-D25BE8053FEA, cid=2099, SUCCESS, logIndex=3083, commits[c26939f8-4d1f-4fb1-95c4-1aa8f7e5d3f6:c3084, c5393538-959b-47cf-9d9c-19dac7bed4ee:c3080, a2e6e0ff-38a8-4bcf-9958-a89ff312531d:c3080]
2019-07-15 13:07:01,085 INFO  client.GrpcClientProtocolClient (GrpcClientProtocolClient.java:onNext(255)) - client-B30EC828C355->c26939f8-4d1f-4fb1-95c4-1aa8f7e5d3f6: receive RaftClientReply:client-B30EC828C355->c26939f8-4d1f-4fb1-95c4-1aa8f7e5d3f6@group-D25BE8053FEA, cid=2100, SUCCESS, logIndex=3084, commits[c26939f8-4d1f-4fb1-95c4-1aa8f7e5d3f6:c3084, c5393538-959b-47cf-9d9c-19dac7bed4ee:c3080, a2e6e0ff-38a8-4bcf-9958-a89ff312531d:c3080]
2019-07-15 13:07:01,087 INFO  client.GrpcClientProtocolClient (GrpcClientProtocolClient.java:onNext(255)) - client-B30EC828C355->c26939f8-4d1f-4fb1-95c4-1aa8f7e5d3f6: receive RaftClientReply:client-B30EC828C355->c26939f8-4d1f-4fb1-95c4-1aa8f7e5d3f6@group-D25BE8053FEA, cid=2101, SUCCESS, logIndex=0, commits[c26939f8-4d1f-4fb1-95c4-1aa8f7e5d3f6:c3088, c5393538-959b-47cf-9d9c-19dac7bed4ee:c3084, a2e6e0ff-38a8-4bcf-9958-a89ff312531d:c3082]
2019-07-15 13:07:01,107 INFO  client.GrpcClientProtocolClient (GrpcClientProtocolClient.java:onNext(255)) - client-B30EC828C355->c26939f8-4d1f-4fb1-95c4-1aa8f7e5d3f6: receive RaftClientReply:client-B30EC828C355->c26939f8-4d1f-4fb1-95c4-1aa8f7e5d3f6@group-D25BE8053FEA, cid=2102, SUCCESS, logIndex=3089, commits[c26939f8-4d1f-4fb1-95c4-1aa8f7e5d3f6:c3090, c5393538-959b-47cf-9d9c-19dac7bed4ee:c3088, a2e6e0ff-38a8-4bcf-9958-a89ff312531d:c3088]
2019-07-15 13:07:01,108 INFO  client.GrpcClientProtocolClient (GrpcClientProtocolClient.java:onNext(255)) - client-B30EC828C355->c26939f8-4d1f-4fb1-95c4-1aa8f7e5d3f6: receive RaftClientReply:client-B30EC828C355->c26939f8-4d1f-4fb1-95c4-1aa8f7e5d3f6@group-D25BE8053FEA, cid=2103, SUCCESS, logIndex=3090, commits[c26939f8-4d1f-4fb1-95c4-1aa8f7e5d3f6:c3090, c5393538-959b-47cf-9d9c-19dac7bed4ee:c3088, a2e6e0ff-38a8-4bcf-9958-a89ff312531d:c3088]
2019-07-15 13:07:01,121 INFO  client.GrpcClientProtocolClient (GrpcClientProtocolClient.java:onNext(255)) - client-B30EC828C355->c26939f8-4d1f-4fb1-95c4-1aa8f7e5d3f6: receive RaftClientReply:client-B30EC828C355->c26939f8-4d1f-4fb1-95c4-1aa8f7e5d3f6@group-D25BE8053FEA, cid=2104, SUCCESS, logIndex=3093, commits[c26939f8-4d1f-4fb1-95c4-1aa8f7e5d3f6:c3094, c5393538-959b-47cf-9d9c-19dac7bed4ee:c3090, a2e6e0ff-38a8-4bcf-9958-a89ff312531d:c3090]
2019-07-15 13:07:01,122 INFO  client.GrpcClientProtocolClient (GrpcClientProtocolClient.java:onNext(255)) - client-B30EC828C355->c26939f8-4d1f-4fb1-95c4-1aa8f7e5d3f6: receive RaftClientReply:client-B30EC828C355->c26939f8-4d1f-4fb1-95c4-1aa8f7e5d3f6@group-D25BE8053FEA, cid=2105, SUCCESS, logIndex=3094, commits[c26939f8-4d1f-4fb1-95c4-1aa8f7e5d3f6:c3094, c5393538-959b-47cf-9d9c-19dac7bed4ee:c3090, a2e6e0ff-38a8-4bcf-9958-a89ff312531d:c3090]
2019-07-15 13:07:01,148 INFO  client.GrpcClientProtocolClient (GrpcClientProtocolClient.java:onNext(255)) - client-B30EC828C355->c26939f8-4d1f-4fb1-95c4-1aa8f7e5d3f6: receive RaftClientReply:client-B30EC828C355->c26939f8-4d1f-4fb1-95c4-1aa8f7e5d3f6@group-D25BE8053FEA, cid=2106, SUCCESS, logIndex=0, commits[c26939f8-4d1f-4fb1-95c4-1aa8f7e5d3f6:c3095, c5393538-959b-47cf-9d9c-19dac7bed4ee:c3094, a2e6e0ff-38a8-4bcf-9958-a89ff312531d:c3094]
2019-07-15 13:07:01,177 INFO  client.GrpcClientProtocolClient (GrpcClientProtocolClient.java:onNext(255)) - client-B30EC828C355->c26939f8-4d1f-4fb1-95c4-1aa8f7e5d3f6: receive RaftClientReply:client-B30EC828C355->c26939f8-4d1f-4fb1-95c4-1aa8f7e5d3f6@group-D25BE8053FEA, cid=2107, SUCCESS, logIndex=3097, commits[c26939f8-4d1f-4fb1-95c4-1aa8f7e5d3f6:c3098, c5393538-959b-47cf-9d9c-19dac7bed4ee:c3096, a2e6e0ff-38a8-4bcf-9958-a89ff312531d:c3096]
2019-07-15 13:07:01,178 INFO  client.GrpcClientProtocolClient (GrpcClientProtocolClient.java:onNext(255)) - client-B30EC828C355->c26939f8-4d1f-4fb1-95c4-1aa8f7e5d3f6: receive RaftClientReply:client-B30EC828C355->c26939f8-4d1f-4fb1-95c4-1aa8f7e5d3f6@group-D25BE8053FEA, cid=2108, SUCCESS, logIndex=3098, commits[c26939f8-4d1f-4fb1-95c4-1aa8f7e5d3f6:c3098, c5393538-959b-47cf-9d9c-19dac7bed4ee:c3096, a2e6e0ff-38a8-4bcf-9958-a89ff312531d:c3096]
2019-07-15 13:07:01,178 INFO  client.GrpcClientProtocolClient (GrpcClientProtocolClient.java:onNext(255)) - client-B30EC828C355->c26939f8-4d1f-4fb1-95c4-1aa8f7e5d3f6: receive RaftClientReply:client-B30EC828C355->c26939f8-4d1f-4fb1-95c4-1aa8f7e5d3f6@group-D25BE8053FEA, cid=2109, SUCCESS, logIndex=3099, commits[c26939f8-4d1f-4fb1-95c4-1aa8f7e5d3f6:c3100, c5393538-959b-47cf-9d9c-19dac7bed4ee:c3096, a2e6e0ff-38a8-4bcf-9958-a89ff312531d:c3096]
2019-07-15 13:07:01,179 INFO  client.GrpcClientProtocolClient (GrpcClientProtocolClient.java:onNext(255)) - client-B30EC828C355->c26939f8-4d1f-4fb1-95c4-1aa8f7e5d3f6: receive RaftClientReply:client-B30EC828C355->c26939f8-4d1f-4fb1-95c4-1aa8f7e5d3f6@group-D25BE8053FEA, cid=2110, SUCCESS, logIndex=3100, commits[c26939f8-4d1f-4fb1-95c4-1aa8f7e5d3f6:c3100, c5393538-959b-47cf-9d9c-19dac7bed4ee:c3096, a2e6e0ff-38a8-4bcf-9958-a89ff312531d:c3096]
2019-07-15 13:07:01,180 INFO  client.GrpcClientProtocolClient (GrpcClientProtocolClient.java:onNext(255)) - client-B30EC828C355->c26939f8-4d1f-4fb1-95c4-1aa8f7e5d3f6: receive RaftClientReply:client-B30EC828C355->c26939f8-4d1f-4fb1-95c4-1aa8f7e5d3f6@group-D25BE8053FEA, cid=2111, SUCCESS, logIndex=0, commits[c26939f8-4d1f-4fb1-95c4-1aa8f7e5d3f6:c3102, c5393538-959b-47cf-9d9c-19dac7bed4ee:c3098, a2e6e0ff-38a8-4bcf-9958-a89ff312531d:c3098]
2019-07-15 13:07:01,202 INFO  client.GrpcClientProtocolClient (GrpcClientProtocolClient.java:onNext(255)) - client-B30EC828C355->c26939f8-4d1f-4fb1-95c4-1aa8f7e5d3f6: receive RaftClientReply:client-B30EC828C355->c26939f8-4d1f-4fb1-95c4-1aa8f7e5d3f6@group-D25BE8053FEA, cid=2112, SUCCESS, logIndex=3105, commits[c26939f8-4d1f-4fb1-95c4-1aa8f7e5d3f6:c3106, c5393538-959b-47cf-9d9c-19dac7bed4ee:c3104, a2e6e0ff-38a8-4bcf-9958-a89ff312531d:c3104]
2019-07-15 13:07:01,202 INFO  client.GrpcClientProtocolClient (GrpcClientProtocolClient.java:onNext(255)) - client-B30EC828C355->c26939f8-4d1f-4fb1-95c4-1aa8f7e5d3f6: receive RaftClientReply:client-B30EC828C355->c26939f8-4d1f-4fb1-95c4-1aa8f7e5d3f6@group-D25BE8053FEA, cid=2113, SUCCESS, logIndex=3106, commits[c26939f8-4d1f-4fb1-95c4-1aa8f7e5d3f6:c3106, c5393538-959b-47cf-9d9c-19dac7bed4ee:c3104, a2e6e0ff-38a8-4bcf-9958-a89ff312531d:c3104]
2019-07-15 13:07:01,215 INFO  client.GrpcClientProtocolClient (GrpcClientProtocolClient.java:onNext(255)) - client-B30EC828C355->c26939f8-4d1f-4fb1-95c4-1aa8f7e5d3f6: receive RaftClientReply:client-B30EC828C355->c26939f8-4d1f-4fb1-95c4-1aa8f7e5d3f6@group-D25BE8053FEA, cid=2114, SUCCESS, logIndex=3109, commits[c26939f8-4d1f-4fb1-95c4-1aa8f7e5d3f6:c3110, c5393538-959b-47cf-9d9c-19dac7bed4ee:c3106, a2e6e0ff-38a8-4bcf-9958-a89ff312531d:c3106]
2019-07-15 13:07:01,216 INFO  client.GrpcClientProtocolClient (GrpcClientProtocolClient.java:onNext(255)) - client-B30EC828C355->c26939f8-4d1f-4fb1-95c4-1aa8f7e5d3f6: receive RaftClientReply:client-B30EC828C355->c26939f8-4d1f-4fb1-95c4-1aa8f7e5d3f6@group-D25BE8053FEA, cid=2115, SUCCESS, logIndex=3110, commits[c26939f8-4d1f-4fb1-95c4-1aa8f7e5d3f6:c3110, c5393538-959b-47cf-9d9c-19dac7bed4ee:c3106, a2e6e0ff-38a8-4bcf-9958-a89ff312531d:c3106]
2019-07-15 13:07:01,228 INFO  client.GrpcClientProtocolClient (GrpcClientProtocolClient.java:onNext(255)) - client-B30EC828C355->c26939f8-4d1f-4fb1-95c4-1aa8f7e5d3f6: receive RaftClientReply:client-B30EC828C355->c26939f8-4d1f-4fb1-95c4-1aa8f7e5d3f6@group-D25BE8053FEA, cid=2116, SUCCESS, logIndex=0, commits[c26939f8-4d1f-4fb1-95c4-1aa8f7e5d3f6:c3112, c5393538-959b-47cf-9d9c-19dac7bed4ee:c3110, a2e6e0ff-38a8-4bcf-9958-a89ff312531d:c3110]
2019-07-15 13:07:01,259 INFO  client.GrpcClientProtocolClient (GrpcClientProtocolClient.java:onNext(255)) - client-B30EC828C355->c26939f8-4d1f-4fb1-95c4-1aa8f7e5d3f6: receive RaftClientReply:client-B30EC828C355->c26939f8-4d1f-4fb1-95c4-1aa8f7e5d3f6@group-D25BE8053FEA, cid=2117, SUCCESS, logIndex=3113, commits[c26939f8-4d1f-4fb1-95c4-1aa8f7e5d3f6:c3115, c5393538-959b-47cf-9d9c-19dac7bed4ee:c3112, a2e6e0ff-38a8-4bcf-9958-a89ff312531d:c3112]
2019-07-15 13:07:01,260 INFO  client.GrpcClientProtocolClient (GrpcClientProtocolClient.java:onNext(255)) - client-B30EC828C355->c26939f8-4d1f-4fb1-95c4-1aa8f7e5d3f6: receive RaftClientReply:client-B30EC828C355->c26939f8-4d1f-4fb1-95c4-1aa8f7e5d3f6@group-D25BE8053FEA, cid=2118, SUCCESS, logIndex=3114, commits[c26939f8-4d1f-4fb1-95c4-1aa8f7e5d3f6:c3116, c5393538-959b-47cf-9d9c-19dac7bed4ee:c3112, a2e6e0ff-38a8-4bcf-9958-a89ff312531d:c3112]
2019-07-15 13:07:01,260 INFO  client.GrpcClientProtocolClient (GrpcClientProtocolClient.java:onNext(255)) - client-B30EC828C355->c26939f8-4d1f-4fb1-95c4-1aa8f7e5d3f6: receive RaftClientReply:client-B30EC828C355->c26939f8-4d1f-4fb1-95c4-1aa8f7e5d3f6@group-D25BE8053FEA, cid=2119, SUCCESS, logIndex=3115, commits[c26939f8-4d1f-4fb1-95c4-1aa8f7e5d3f6:c3116, c5393538-959b-47cf-9d9c-19dac7bed4ee:c3112, a2e6e0ff-38a8-4bcf-9958-a89ff312531d:c3112]
2019-07-15 13:07:01,260 INFO  client.GrpcClientProtocolClient (GrpcClientProtocolClient.java:onNext(255)) - client-B30EC828C355->c26939f8-4d1f-4fb1-95c4-1aa8f7e5d3f6: receive RaftClientReply:client-B30EC828C355->c26939f8-4d1f-4fb1-95c4-1aa8f7e5d3f6@group-D25BE8053FEA, cid=2120, SUCCESS, logIndex=3116, commits[c26939f8-4d1f-4fb1-95c4-1aa8f7e5d3f6:c3116, c5393538-959b-47cf-9d9c-19dac7bed4ee:c3112, a2e6e0ff-38a8-4bcf-9958-a89ff312531d:c3112]
2019-07-15 13:07:01,271 INFO  client.GrpcClientProtocolClient (GrpcClientProtocolClient.java:onNext(255)) - client-B30EC828C355->c26939f8-4d1f-4fb1-95c4-1aa8f7e5d3f6: receive RaftClientReply:client-B30EC828C355->c26939f8-4d1f-4fb1-95c4-1aa8f7e5d3f6@group-D25BE8053FEA, cid=2121, SUCCESS, logIndex=0, commits[c26939f8-4d1f-4fb1-95c4-1aa8f7e5d3f6:c3117, c5393538-959b-47cf-9d9c-19dac7bed4ee:c3114, a2e6e0ff-38a8-4bcf-9958-a89ff312531d:c3115]
2019-07-15 13:07:01,294 INFO  client.GrpcClientProtocolClient (GrpcClientProtocolClient.java:onNext(255)) - client-B30EC828C355->c26939f8-4d1f-4fb1-95c4-1aa8f7e5d3f6: receive RaftClientReply:client-B30EC828C355->c26939f8-4d1f-4fb1-95c4-1aa8f7e5d3f6@group-D25BE8053FEA, cid=2122, SUCCESS, logIndex=3121, commits[c26939f8-4d1f-4fb1-95c4-1aa8f7e5d3f6:c3122, c5393538-959b-47cf-9d9c-19dac7bed4ee:c3120, a2e6e0ff-38a8-4bcf-9958-a89ff312531d:c3120]
2019-07-15 13:07:01,296 INFO  client.GrpcClientProtocolClient (GrpcClientProtocolClient.java:onNext(255)) - client-B30EC828C355->c26939f8-4d1f-4fb1-95c4-1aa8f7e5d3f6: receive RaftClientReply:client-B30EC828C355->c26939f8-4d1f-4fb1-95c4-1aa8f7e5d3f6@group-D25BE8053FEA, cid=2123, SUCCESS, logIndex=3122, commits[c26939f8-4d1f-4fb1-95c4-1aa8f7e5d3f6:c3122, c5393538-959b-47cf-9d9c-19dac7bed4ee:c3120, a2e6e0ff-38a8-4bcf-9958-a89ff312531d:c3120]
2019-07-15 13:07:01,317 INFO  client.GrpcClientProtocolClient (GrpcClientProtocolClient.java:onNext(255)) - client-B30EC828C355->c26939f8-4d1f-4fb1-95c4-1aa8f7e5d3f6: receive RaftClientReply:client-B30EC828C355->c26939f8-4d1f-4fb1-95c4-1aa8f7e5d3f6@group-D25BE8053FEA, cid=2124, SUCCESS, logIndex=3124, commits[c26939f8-4d1f-4fb1-95c4-1aa8f7e5d3f6:c3125, c5393538-959b-47cf-9d9c-19dac7bed4ee:c3122, a2e6e0ff-38a8-4bcf-9958-a89ff312531d:c3122]
2019-07-15 13:07:01,318 INFO  client.GrpcClientProtocolClient (GrpcClientProtocolClient.java:onNext(255)) - client-B30EC828C355->c26939f8-4d1f-4fb1-95c4-1aa8f7e5d3f6: receive RaftClientReply:client-B30EC828C355->c26939f8-4d1f-4fb1-95c4-1aa8f7e5d3f6@group-D25BE8053FEA, cid=2125, SUCCESS, logIndex=3125, commits[c26939f8-4d1f-4fb1-95c4-1aa8f7e5d3f6:c3125, c5393538-959b-47cf-9d9c-19dac7bed4ee:c3122, a2e6e0ff-38a8-4bcf-9958-a89ff312531d:c3122]
2019-07-15 13:07:01,330 INFO  client.GrpcClientProtocolClient (GrpcClientProtocolClient.java:onNext(255)) - client-B30EC828C355->c26939f8-4d1f-4fb1-95c4-1aa8f7e5d3f6: receive RaftClientReply:client-B30EC828C355->c26939f8-4d1f-4fb1-95c4-1aa8f7e5d3f6@group-D25BE8053FEA, cid=2126, SUCCESS, logIndex=0, commits[c26939f8-4d1f-4fb1-95c4-1aa8f7e5d3f6:c3126, c5393538-959b-47cf-9d9c-19dac7bed4ee:c3125, a2e6e0ff-38a8-4bcf-9958-a89ff312531d:c3125]
2019-07-15 13:07:01,360 INFO  client.GrpcClientProtocolClient (GrpcClientProtocolClient.java:onNext(255)) - client-B30EC828C355->c26939f8-4d1f-4fb1-95c4-1aa8f7e5d3f6: receive RaftClientReply:client-B30EC828C355->c26939f8-4d1f-4fb1-95c4-1aa8f7e5d3f6@group-D25BE8053FEA, cid=2127, SUCCESS, logIndex=3128, commits[c26939f8-4d1f-4fb1-95c4-1aa8f7e5d3f6:c3129, c5393538-959b-47cf-9d9c-19dac7bed4ee:c3127, a2e6e0ff-38a8-4bcf-9958-a89ff312531d:c3125]
2019-07-15 13:07:01,361 INFO  client.GrpcClientProtocolClient (GrpcClientProtocolClient.java:onNext(255)) - client-B30EC828C355->c26939f8-4d1f-4fb1-95c4-1aa8f7e5d3f6: receive RaftClientReply:client-B30EC828C355->c26939f8-4d1f-4fb1-95c4-1aa8f7e5d3f6@group-D25BE8053FEA, cid=2128, SUCCESS, logIndex=3129, commits[c26939f8-4d1f-4fb1-95c4-1aa8f7e5d3f6:c3129, c5393538-959b-47cf-9d9c-19dac7bed4ee:c3127, a2e6e0ff-38a8-4bcf-9958-a89ff312531d:c3125]
2019-07-15 13:07:01,363 INFO  client.GrpcClientProtocolClient (GrpcClientProtocolClient.java:onNext(255)) - client-B30EC828C355->c26939f8-4d1f-4fb1-95c4-1aa8f7e5d3f6: receive RaftClientReply:client-B30EC828C355->c26939f8-4d1f-4fb1-95c4-1aa8f7e5d3f6@group-D25BE8053FEA, cid=2129, SUCCESS, logIndex=3130, commits[c26939f8-4d1f-4fb1-95c4-1aa8f7e5d3f6:c3131, c5393538-959b-47cf-9d9c-19dac7bed4ee:c3127, a2e6e0ff-38a8-4bcf-9958-a89ff312531d:c3127]
2019-07-15 13:07:01,363 INFO  client.GrpcClientProtocolClient (GrpcClientProtocolClient.java:onNext(255)) - client-B30EC828C355->c26939f8-4d1f-4fb1-95c4-1aa8f7e5d3f6: receive RaftClientReply:client-B30EC828C355->c26939f8-4d1f-4fb1-95c4-1aa8f7e5d3f6@group-D25BE8053FEA, cid=2130, SUCCESS, logIndex=3131, commits[c26939f8-4d1f-4fb1-95c4-1aa8f7e5d3f6:c3131, c5393538-959b-47cf-9d9c-19dac7bed4ee:c3127, a2e6e0ff-38a8-4bcf-9958-a89ff312531d:c3127]
2019-07-15 13:07:01,365 INFO  client.GrpcClientProtocolClient (GrpcClientProtocolClient.java:onNext(255)) - client-B30EC828C355->c26939f8-4d1f-4fb1-95c4-1aa8f7e5d3f6: receive RaftClientReply:client-B30EC828C355->c26939f8-4d1f-4fb1-95c4-1aa8f7e5d3f6@group-D25BE8053FEA, cid=2131, SUCCESS, logIndex=0, commits[c26939f8-4d1f-4fb1-95c4-1aa8f7e5d3f6:c3132, c5393538-959b-47cf-9d9c-19dac7bed4ee:c3129, a2e6e0ff-38a8-4bcf-9958-a89ff312531d:c3129]
2019-07-15 13:07:01,385 INFO  client.GrpcClientProtocolClient (GrpcClientProtocolClient.java:onNext(255)) - client-B30EC828C355->c26939f8-4d1f-4fb1-95c4-1aa8f7e5d3f6: receive RaftClientReply:client-B30EC828C355->c26939f8-4d1f-4fb1-95c4-1aa8f7e5d3f6@group-D25BE8053FEA, cid=2132, SUCCESS, logIndex=3136, commits[c26939f8-4d1f-4fb1-95c4-1aa8f7e5d3f6:c3137, c5393538-959b-47cf-9d9c-19dac7bed4ee:c3135, a2e6e0ff-38a8-4bcf-9958-a89ff312531d:c3135]
2019-07-15 13:07:01,385 INFO  client.GrpcClientProtocolClient (GrpcClientProtocolClient.java:onNext(255)) - client-B30EC828C355->c26939f8-4d1f-4fb1-95c4-1aa8f7e5d3f6: receive RaftClientReply:client-B30EC828C355->c26939f8-4d1f-4fb1-95c4-1aa8f7e5d3f6@group-D25BE8053FEA, cid=2133, SUCCESS, logIndex=3137, commits[c26939f8-4d1f-4fb1-95c4-1aa8f7e5d3f6:c3137, c5393538-959b-47cf-9d9c-19dac7bed4ee:c3135, a2e6e0ff-38a8-4bcf-9958-a89ff312531d:c3135]
2019-07-15 13:07:01,411 INFO  client.GrpcClientProtocolClient (GrpcClientProtocolClient.java:onNext(255)) - client-B30EC828C355->c26939f8-4d1f-4fb1-95c4-1aa8f7e5d3f6: receive RaftClientReply:client-B30EC828C355->c26939f8-4d1f-4fb1-95c4-1aa8f7e5d3f6@group-D25BE8053FEA, cid=2134, SUCCESS, logIndex=3140, commits[c26939f8-4d1f-4fb1-95c4-1aa8f7e5d3f6:c3141, c5393538-959b-47cf-9d9c-19dac7bed4ee:c3139, a2e6e0ff-38a8-4bcf-9958-a89ff312531d:c3139]
2019-07-15 13:07:01,411 INFO  client.GrpcClientProtocolClient (GrpcClientProtocolClient.java:onNext(255)) - client-B30EC828C355->c26939f8-4d1f-4fb1-95c4-1aa8f7e5d3f6: receive RaftClientReply:client-B30EC828C355->c26939f8-4d1f-4fb1-95c4-1aa8f7e5d3f6@group-D25BE8053FEA, cid=2135, SUCCESS, logIndex=3141, commits[c26939f8-4d1f-4fb1-95c4-1aa8f7e5d3f6:c3141, c5393538-959b-47cf-9d9c-19dac7bed4ee:c3139, a2e6e0ff-38a8-4bcf-9958-a89ff312531d:c3139]
2019-07-15 13:07:01,424 INFO  client.GrpcClientProtocolClient (GrpcClientProtocolClient.java:onNext(255)) - client-B30EC828C355->c26939f8-4d1f-4fb1-95c4-1aa8f7e5d3f6: receive RaftClientReply:client-B30EC828C355->c26939f8-4d1f-4fb1-95c4-1aa8f7e5d3f6@group-D25BE8053FEA, cid=2136, SUCCESS, logIndex=0, commits[c26939f8-4d1f-4fb1-95c4-1aa8f7e5d3f6:c3142, c5393538-959b-47cf-9d9c-19dac7bed4ee:c3141, a2e6e0ff-38a8-4bcf-9958-a89ff312531d:c3141]
2019-07-15 13:07:01,459 INFO  client.GrpcClientProtocolClient (GrpcClientProtocolClient.java:onNext(255)) - client-B30EC828C355->c26939f8-4d1f-4fb1-95c4-1aa8f7e5d3f6: receive RaftClientReply:client-B30EC828C355->c26939f8-4d1f-4fb1-95c4-1aa8f7e5d3f6@group-D25BE8053FEA, cid=2137, SUCCESS, logIndex=3144, commits[c26939f8-4d1f-4fb1-95c4-1aa8f7e5d3f6:c3146, c5393538-959b-47cf-9d9c-19dac7bed4ee:c3143, a2e6e0ff-38a8-4bcf-9958-a89ff312531d:c3143]
2019-07-15 13:07:01,460 INFO  client.GrpcClientProtocolClient (GrpcClientProtocolClient.java:onNext(255)) - client-B30EC828C355->c26939f8-4d1f-4fb1-95c4-1aa8f7e5d3f6: receive RaftClientReply:client-B30EC828C355->c26939f8-4d1f-4fb1-95c4-1aa8f7e5d3f6@group-D25BE8053FEA, cid=2138, SUCCESS, logIndex=3145, commits[c26939f8-4d1f-4fb1-95c4-1aa8f7e5d3f6:c3147, c5393538-959b-47cf-9d9c-19dac7bed4ee:c3143, a2e6e0ff-38a8-4bcf-9958-a89ff312531d:c3143]
2019-07-15 13:07:01,460 INFO  client.GrpcClientProtocolClient (GrpcClientProtocolClient.java:onNext(255)) - client-B30EC828C355->c26939f8-4d1f-4fb1-95c4-1aa8f7e5d3f6: receive RaftClientReply:client-B30EC828C355->c26939f8-4d1f-4fb1-95c4-1aa8f7e5d3f6@group-D25BE8053FEA, cid=2139, SUCCESS, logIndex=3146, commits[c26939f8-4d1f-4fb1-95c4-1aa8f7e5d3f6:c3148, c5393538-959b-47cf-9d9c-19dac7bed4ee:c3143, a2e6e0ff-38a8-4bcf-9958-a89ff312531d:c3144]
2019-07-15 13:07:01,460 INFO  client.GrpcClientProtocolClient (GrpcClientProtocolClient.java:onNext(255)) - client-B30EC828C355->c26939f8-4d1f-4fb1-95c4-1aa8f7e5d3f6: receive RaftClientReply:client-B30EC828C355->c26939f8-4d1f-4fb1-95c4-1aa8f7e5d3f6@group-D25BE8053FEA, cid=2140, SUCCESS, logIndex=3147, commits[c26939f8-4d1f-4fb1-95c4-1aa8f7e5d3f6:c3148, c5393538-959b-47cf-9d9c-19dac7bed4ee:c3143, a2e6e0ff-38a8-4bcf-9958-a89ff312531d:c3144]
2019-07-15 13:07:01,462 INFO  client.GrpcClientProtocolClient (GrpcClientProtocolClient.java:onNext(255)) - client-B30EC828C355->c26939f8-4d1f-4fb1-95c4-1aa8f7e5d3f6: receive RaftClientReply:client-B30EC828C355->c26939f8-4d1f-4fb1-95c4-1aa8f7e5d3f6@group-D25BE8053FEA, cid=2141, SUCCESS, logIndex=0, commits[c26939f8-4d1f-4fb1-95c4-1aa8f7e5d3f6:c3150, c5393538-959b-47cf-9d9c-19dac7bed4ee:c3145, a2e6e0ff-38a8-4bcf-9958-a89ff312531d:c3146]
2019-07-15 13:07:01,482 INFO  client.GrpcClientProtocolClient (GrpcClientProtocolClient.java:onNext(255)) - client-B30EC828C355->c26939f8-4d1f-4fb1-95c4-1aa8f7e5d3f6: receive RaftClientReply:client-B30EC828C355->c26939f8-4d1f-4fb1-95c4-1aa8f7e5d3f6@group-D25BE8053FEA, cid=2142, SUCCESS, logIndex=3152, commits[c26939f8-4d1f-4fb1-95c4-1aa8f7e5d3f6:c3153, c5393538-959b-47cf-9d9c-19dac7bed4ee:c3151, a2e6e0ff-38a8-4bcf-9958-a89ff312531d:c3151]
2019-07-15 13:07:01,482 INFO  client.GrpcClientProtocolClient (GrpcClientProtocolClient.java:onNext(255)) - client-B30EC828C355->c26939f8-4d1f-4fb1-95c4-1aa8f7e5d3f6: receive RaftClientReply:client-B30EC828C355->c26939f8-4d1f-4fb1-95c4-1aa8f7e5d3f6@group-D25BE8053FEA, cid=2143, SUCCESS, logIndex=3153, commits[c26939f8-4d1f-4fb1-95c4-1aa8f7e5d3f6:c3153, c5393538-959b-47cf-9d9c-19dac7bed4ee:c3151, a2e6e0ff-38a8-4bcf-9958-a89ff312531d:c3151]
2019-07-15 13:07:01,495 INFO  client.GrpcClientProtocolClient (GrpcClientProtocolClient.java:onNext(255)) - client-B30EC828C355->c26939f8-4d1f-4fb1-95c4-1aa8f7e5d3f6: receive RaftClientReply:client-B30EC828C355->c26939f8-4d1f-4fb1-95c4-1aa8f7e5d3f6@group-D25BE8053FEA, cid=2144, SUCCESS, logIndex=3156, commits[c26939f8-4d1f-4fb1-95c4-1aa8f7e5d3f6:c3157, c5393538-959b-47cf-9d9c-19dac7bed4ee:c3153, a2e6e0ff-38a8-4bcf-9958-a89ff312531d:c3153]
2019-07-15 13:07:01,496 INFO  client.GrpcClientProtocolClient (GrpcClientProtocolClient.java:onNext(255)) - client-B30EC828C355->c26939f8-4d1f-4fb1-95c4-1aa8f7e5d3f6: receive RaftClientReply:client-B30EC828C355->c26939f8-4d1f-4fb1-95c4-1aa8f7e5d3f6@group-D25BE8053FEA, cid=2145, SUCCESS, logIndex=3157, commits[c26939f8-4d1f-4fb1-95c4-1aa8f7e5d3f6:c3157, c5393538-959b-47cf-9d9c-19dac7bed4ee:c3153, a2e6e0ff-38a8-4bcf-9958-a89ff312531d:c3153]
2019-07-15 13:07:01,509 INFO  client.GrpcClientProtocolClient (GrpcClientProtocolClient.java:onNext(255)) - client-B30EC828C355->c26939f8-4d1f-4fb1-95c4-1aa8f7e5d3f6: receive RaftClientReply:client-B30EC828C355->c26939f8-4d1f-4fb1-95c4-1aa8f7e5d3f6@group-D25BE8053FEA, cid=2146, SUCCESS, logIndex=0, commits[c26939f8-4d1f-4fb1-95c4-1aa8f7e5d3f6:c3159, c5393538-959b-47cf-9d9c-19dac7bed4ee:c3157, a2e6e0ff-38a8-4bcf-9958-a89ff312531d:c3157]
2019-07-15 13:07:01,638 INFO  client.GrpcClientProtocolClient (GrpcClientProtocolClient.java:onNext(255)) - client-B30EC828C355->c26939f8-4d1f-4fb1-95c4-1aa8f7e5d3f6: receive RaftClientReply:client-B30EC828C355->c26939f8-4d1f-4fb1-95c4-1aa8f7e5d3f6@group-D25BE8053FEA, cid=2147, SUCCESS, logIndex=3160, commits[c26939f8-4d1f-4fb1-95c4-1aa8f7e5d3f6:c3161, c5393538-959b-47cf-9d9c-19dac7bed4ee:c3159, a2e6e0ff-38a8-4bcf-9958-a89ff312531d:c3159]
2019-07-15 13:07:01,639 INFO  client.GrpcClientProtocolClient (GrpcClientProtocolClient.java:onNext(255)) - client-B30EC828C355->c26939f8-4d1f-4fb1-95c4-1aa8f7e5d3f6: receive RaftClientReply:client-B30EC828C355->c26939f8-4d1f-4fb1-95c4-1aa8f7e5d3f6@group-D25BE8053FEA, cid=2148, SUCCESS, logIndex=3161, commits[c26939f8-4d1f-4fb1-95c4-1aa8f7e5d3f6:c3163, c5393538-959b-47cf-9d9c-19dac7bed4ee:c3159, a2e6e0ff-38a8-4bcf-9958-a89ff312531d:c3159]
2019-07-15 13:07:01,639 INFO  client.GrpcClientProtocolClient (GrpcClientProtocolClient.java:onNext(255)) - client-B30EC828C355->c26939f8-4d1f-4fb1-95c4-1aa8f7e5d3f6: receive RaftClientReply:client-B30EC828C355->c26939f8-4d1f-4fb1-95c4-1aa8f7e5d3f6@group-D25BE8053FEA, cid=2149, SUCCESS, logIndex=3162, commits[c26939f8-4d1f-4fb1-95c4-1aa8f7e5d3f6:c3163, c5393538-959b-47cf-9d9c-19dac7bed4ee:c3159, a2e6e0ff-38a8-4bcf-9958-a89ff312531d:c3159]
2019-07-15 13:07:01,639 INFO  client.GrpcClientProtocolClient (GrpcClientProtocolClient.java:onNext(255)) - client-B30EC828C355->c26939f8-4d1f-4fb1-95c4-1aa8f7e5d3f6: receive RaftClientReply:client-B30EC828C355->c26939f8-4d1f-4fb1-95c4-1aa8f7e5d3f6@group-D25BE8053FEA, cid=2150, SUCCESS, logIndex=3163, commits[c26939f8-4d1f-4fb1-95c4-1aa8f7e5d3f6:c3164, c5393538-959b-47cf-9d9c-19dac7bed4ee:c3160, a2e6e0ff-38a8-4bcf-9958-a89ff312531d:c3160]
2019-07-15 13:07:01,641 INFO  client.GrpcClientProtocolClient (GrpcClientProtocolClient.java:onNext(255)) - client-B30EC828C355->c26939f8-4d1f-4fb1-95c4-1aa8f7e5d3f6: receive RaftClientReply:client-B30EC828C355->c26939f8-4d1f-4fb1-95c4-1aa8f7e5d3f6@group-D25BE8053FEA, cid=2151, SUCCESS, logIndex=0, commits[c26939f8-4d1f-4fb1-95c4-1aa8f7e5d3f6:c3167, c5393538-959b-47cf-9d9c-19dac7bed4ee:c3163, a2e6e0ff-38a8-4bcf-9958-a89ff312531d:c3162]
2019-07-15 13:07:01,661 INFO  client.GrpcClientProtocolClient (GrpcClientProtocolClient.java:onNext(255)) - client-B30EC828C355->c26939f8-4d1f-4fb1-95c4-1aa8f7e5d3f6: receive RaftClientReply:client-B30EC828C355->c26939f8-4d1f-4fb1-95c4-1aa8f7e5d3f6@group-D25BE8053FEA, cid=2152, SUCCESS, logIndex=3168, commits[c26939f8-4d1f-4fb1-95c4-1aa8f7e5d3f6:c3169, c5393538-959b-47cf-9d9c-19dac7bed4ee:c3167, a2e6e0ff-38a8-4bcf-9958-a89ff312531d:c3167]
2019-07-15 13:07:01,661 INFO  client.GrpcClientProtocolClient (GrpcClientProtocolClient.java:onNext(255)) - client-B30EC828C355->c26939f8-4d1f-4fb1-95c4-1aa8f7e5d3f6: receive RaftClientReply:client-B30EC828C355->c26939f8-4d1f-4fb1-95c4-1aa8f7e5d3f6@group-D25BE8053FEA, cid=2153, SUCCESS, logIndex=3169, commits[c26939f8-4d1f-4fb1-95c4-1aa8f7e5d3f6:c3169, c5393538-959b-47cf-9d9c-19dac7bed4ee:c3167, a2e6e0ff-38a8-4bcf-9958-a89ff312531d:c3167]
2019-07-15 13:07:01,674 INFO  client.GrpcClientProtocolClient (GrpcClientProtocolClient.java:onNext(255)) - client-B30EC828C355->c26939f8-4d1f-4fb1-95c4-1aa8f7e5d3f6: receive RaftClientReply:client-B30EC828C355->c26939f8-4d1f-4fb1-95c4-1aa8f7e5d3f6@group-D25BE8053FEA, cid=2154, SUCCESS, logIndex=3172, commits[c26939f8-4d1f-4fb1-95c4-1aa8f7e5d3f6:c3173, c5393538-959b-47cf-9d9c-19dac7bed4ee:c3169, a2e6e0ff-38a8-4bcf-9958-a89ff312531d:c3169]
2019-07-15 13:07:01,674 INFO  client.GrpcClientProtocolClient (GrpcClientProtocolClient.java:onNext(255)) - client-B30EC828C355->c26939f8-4d1f-4fb1-95c4-1aa8f7e5d3f6: receive RaftClientReply:client-B30EC828C355->c26939f8-4d1f-4fb1-95c4-1aa8f7e5d3f6@group-D25BE8053FEA, cid=2155, SUCCESS, logIndex=3173, commits[c26939f8-4d1f-4fb1-95c4-1aa8f7e5d3f6:c3173, c5393538-959b-47cf-9d9c-19dac7bed4ee:c3169, a2e6e0ff-38a8-4bcf-9958-a89ff312531d:c3169]
2019-07-15 13:07:01,676 INFO  client.GrpcClientProtocolClient (GrpcClientProtocolClient.java:onNext(255)) - client-B30EC828C355->c26939f8-4d1f-4fb1-95c4-1aa8f7e5d3f6: receive RaftClientReply:client-B30EC828C355->c26939f8-4d1f-4fb1-95c4-1aa8f7e5d3f6@group-D25BE8053FEA, cid=2156, SUCCESS, logIndex=0, commits[c26939f8-4d1f-4fb1-95c4-1aa8f7e5d3f6:c3174, c5393538-959b-47cf-9d9c-19dac7bed4ee:c3173, a2e6e0ff-38a8-4bcf-9958-a89ff312531d:c3173]
2019-07-15 13:07:01,707 INFO  client.GrpcClientProtocolClient (GrpcClientProtocolClient.java:onNext(255)) - client-B30EC828C355->c26939f8-4d1f-4fb1-95c4-1aa8f7e5d3f6: receive RaftClientReply:client-B30EC828C355->c26939f8-4d1f-4fb1-95c4-1aa8f7e5d3f6@group-D25BE8053FEA, cid=2157, SUCCESS, logIndex=3176, commits[c26939f8-4d1f-4fb1-95c4-1aa8f7e5d3f6:c3177, c5393538-959b-47cf-9d9c-19dac7bed4ee:c3175, a2e6e0ff-38a8-4bcf-9958-a89ff312531d:c3175]
2019-07-15 13:07:01,708 INFO  client.GrpcClientProtocolClient (GrpcClientProtocolClient.java:onNext(255)) - client-B30EC828C355->c26939f8-4d1f-4fb1-95c4-1aa8f7e5d3f6: receive RaftClientReply:client-B30EC828C355->c26939f8-4d1f-4fb1-95c4-1aa8f7e5d3f6@group-D25BE8053FEA, cid=2158, SUCCESS, logIndex=3177, commits[c26939f8-4d1f-4fb1-95c4-1aa8f7e5d3f6:c3177, c5393538-959b-47cf-9d9c-19dac7bed4ee:c3175, a2e6e0ff-38a8-4bcf-9958-a89ff312531d:c3175]
2019-07-15 13:07:01,708 INFO  client.GrpcClientProtocolClient (GrpcClientProtocolClient.java:onNext(255)) - client-B30EC828C355->c26939f8-4d1f-4fb1-95c4-1aa8f7e5d3f6: receive RaftClientReply:client-B30EC828C355->c26939f8-4d1f-4fb1-95c4-1aa8f7e5d3f6@group-D25BE8053FEA, cid=2159, SUCCESS, logIndex=3178, commits[c26939f8-4d1f-4fb1-95c4-1aa8f7e5d3f6:c3179, c5393538-959b-47cf-9d9c-19dac7bed4ee:c3175, a2e6e0ff-38a8-4bcf-9958-a89ff312531d:c3175]
2019-07-15 13:07:01,709 INFO  client.GrpcClientProtocolClient (GrpcClientProtocolClient.java:onNext(255)) - client-B30EC828C355->c26939f8-4d1f-4fb1-95c4-1aa8f7e5d3f6: receive RaftClientReply:client-B30EC828C355->c26939f8-4d1f-4fb1-95c4-1aa8f7e5d3f6@group-D25BE8053FEA, cid=2160, SUCCESS, logIndex=3179, commits[c26939f8-4d1f-4fb1-95c4-1aa8f7e5d3f6:c3179, c5393538-959b-47cf-9d9c-19dac7bed4ee:c3175, a2e6e0ff-38a8-4bcf-9958-a89ff312531d:c3175]
2019-07-15 13:07:01,710 INFO  client.GrpcClientProtocolClient (GrpcClientProtocolClient.java:onNext(255)) - client-B30EC828C355->c26939f8-4d1f-4fb1-95c4-1aa8f7e5d3f6: receive RaftClientReply:client-B30EC828C355->c26939f8-4d1f-4fb1-95c4-1aa8f7e5d3f6@group-D25BE8053FEA, cid=2161, SUCCESS, logIndex=0, commits[c26939f8-4d1f-4fb1-95c4-1aa8f7e5d3f6:c3181, c5393538-959b-47cf-9d9c-19dac7bed4ee:c3177, a2e6e0ff-38a8-4bcf-9958-a89ff312531d:c3177]
2019-07-15 13:07:01,729 INFO  client.GrpcClientProtocolClient (GrpcClientProtocolClient.java:onNext(255)) - client-B30EC828C355->c26939f8-4d1f-4fb1-95c4-1aa8f7e5d3f6: receive RaftClientReply:client-B30EC828C355->c26939f8-4d1f-4fb1-95c4-1aa8f7e5d3f6@group-D25BE8053FEA, cid=2162, SUCCESS, logIndex=3184, commits[c26939f8-4d1f-4fb1-95c4-1aa8f7e5d3f6:c3185, c5393538-959b-47cf-9d9c-19dac7bed4ee:c3183, a2e6e0ff-38a8-4bcf-9958-a89ff312531d:c3183]
2019-07-15 13:07:01,730 INFO  client.GrpcClientProtocolClient (GrpcClientProtocolClient.java:onNext(255)) - client-B30EC828C355->c26939f8-4d1f-4fb1-95c4-1aa8f7e5d3f6: receive RaftClientReply:client-B30EC828C355->c26939f8-4d1f-4fb1-95c4-1aa8f7e5d3f6@group-D25BE8053FEA, cid=2163, SUCCESS, logIndex=3185, commits[c26939f8-4d1f-4fb1-95c4-1aa8f7e5d3f6:c3185, c5393538-959b-47cf-9d9c-19dac7bed4ee:c3183, a2e6e0ff-38a8-4bcf-9958-a89ff312531d:c3183]
2019-07-15 13:07:01,743 INFO  client.GrpcClientProtocolClient (GrpcClientProtocolClient.java:onNext(255)) - client-B30EC828C355->c26939f8-4d1f-4fb1-95c4-1aa8f7e5d3f6: receive RaftClientReply:client-B30EC828C355->c26939f8-4d1f-4fb1-95c4-1aa8f7e5d3f6@group-D25BE8053FEA, cid=2164, SUCCESS, logIndex=3188, commits[c26939f8-4d1f-4fb1-95c4-1aa8f7e5d3f6:c3189, c5393538-959b-47cf-9d9c-19dac7bed4ee:c3185, a2e6e0ff-38a8-4bcf-9958-a89ff312531d:c3185]
2019-07-15 13:07:01,743 INFO  client.GrpcClientProtocolClient (GrpcClientProtocolClient.java:onNext(255)) - client-B30EC828C355->c26939f8-4d1f-4fb1-95c4-1aa8f7e5d3f6: receive RaftClientReply:client-B30EC828C355->c26939f8-4d1f-4fb1-95c4-1aa8f7e5d3f6@group-D25BE8053FEA, cid=2165, SUCCESS, logIndex=3189, commits[c26939f8-4d1f-4fb1-95c4-1aa8f7e5d3f6:c3189, c5393538-959b-47cf-9d9c-19dac7bed4ee:c3185, a2e6e0ff-38a8-4bcf-9958-a89ff312531d:c3185]
2019-07-15 13:07:01,756 INFO  client.GrpcClientProtocolClient (GrpcClientProtocolClient.java:onNext(255)) - client-B30EC828C355->c26939f8-4d1f-4fb1-95c4-1aa8f7e5d3f6: receive RaftClientReply:client-B30EC828C355->c26939f8-4d1f-4fb1-95c4-1aa8f7e5d3f6@group-D25BE8053FEA, cid=2166, SUCCESS, logIndex=0, commits[c26939f8-4d1f-4fb1-95c4-1aa8f7e5d3f6:c3190, c5393538-959b-47cf-9d9c-19dac7bed4ee:c3189, a2e6e0ff-38a8-4bcf-9958-a89ff312531d:c3189]
2019-07-15 13:07:01,786 INFO  client.GrpcClientProtocolClient (GrpcClientProtocolClient.java:onNext(255)) - client-B30EC828C355->c26939f8-4d1f-4fb1-95c4-1aa8f7e5d3f6: receive RaftClientReply:client-B30EC828C355->c26939f8-4d1f-4fb1-95c4-1aa8f7e5d3f6@group-D25BE8053FEA, cid=2167, SUCCESS, logIndex=3192, commits[c26939f8-4d1f-4fb1-95c4-1aa8f7e5d3f6:c3193, c5393538-959b-47cf-9d9c-19dac7bed4ee:c3191, a2e6e0ff-38a8-4bcf-9958-a89ff312531d:c3191]
2019-07-15 13:07:01,786 INFO  client.GrpcClientProtocolClient (GrpcClientProtocolClient.java:onNext(255)) - client-B30EC828C355->c26939f8-4d1f-4fb1-95c4-1aa8f7e5d3f6: receive RaftClientReply:client-B30EC828C355->c26939f8-4d1f-4fb1-95c4-1aa8f7e5d3f6@group-D25BE8053FEA, cid=2168, SUCCESS, logIndex=3193, commits[c26939f8-4d1f-4fb1-95c4-1aa8f7e5d3f6:c3193, c5393538-959b-47cf-9d9c-19dac7bed4ee:c3191, a2e6e0ff-38a8-4bcf-9958-a89ff312531d:c3191]
2019-07-15 13:07:01,787 INFO  client.GrpcClientProtocolClient (GrpcClientProtocolClient.java:onNext(255)) - client-B30EC828C355->c26939f8-4d1f-4fb1-95c4-1aa8f7e5d3f6: receive RaftClientReply:client-B30EC828C355->c26939f8-4d1f-4fb1-95c4-1aa8f7e5d3f6@group-D25BE8053FEA, cid=2169, SUCCESS, logIndex=3194, commits[c26939f8-4d1f-4fb1-95c4-1aa8f7e5d3f6:c3195, c5393538-959b-47cf-9d9c-19dac7bed4ee:c3191, a2e6e0ff-38a8-4bcf-9958-a89ff312531d:c3191]
2019-07-15 13:07:01,787 INFO  client.GrpcClientProtocolClient (GrpcClientProtocolClient.java:onNext(255)) - client-B30EC828C355->c26939f8-4d1f-4fb1-95c4-1aa8f7e5d3f6: receive RaftClientReply:client-B30EC828C355->c26939f8-4d1f-4fb1-95c4-1aa8f7e5d3f6@group-D25BE8053FEA, cid=2170, SUCCESS, logIndex=3195, commits[c26939f8-4d1f-4fb1-95c4-1aa8f7e5d3f6:c3195, c5393538-959b-47cf-9d9c-19dac7bed4ee:c3191, a2e6e0ff-38a8-4bcf-9958-a89ff312531d:c3191]
2019-07-15 13:07:01,789 INFO  client.GrpcClientProtocolClient (GrpcClientProtocolClient.java:onNext(255)) - client-B30EC828C355->c26939f8-4d1f-4fb1-95c4-1aa8f7e5d3f6: receive RaftClientReply:client-B30EC828C355->c26939f8-4d1f-4fb1-95c4-1aa8f7e5d3f6@group-D25BE8053FEA, cid=2171, SUCCESS, logIndex=0, commits[c26939f8-4d1f-4fb1-95c4-1aa8f7e5d3f6:c3197, c5393538-959b-47cf-9d9c-19dac7bed4ee:c3193, a2e6e0ff-38a8-4bcf-9958-a89ff312531d:c3193]
2019-07-15 13:07:01,809 INFO  client.GrpcClientProtocolClient (GrpcClientProtocolClient.java:onNext(255)) - client-B30EC828C355->c26939f8-4d1f-4fb1-95c4-1aa8f7e5d3f6: receive RaftClientReply:client-B30EC828C355->c26939f8-4d1f-4fb1-95c4-1aa8f7e5d3f6@group-D25BE8053FEA, cid=2172, SUCCESS, logIndex=3200, commits[c26939f8-4d1f-4fb1-95c4-1aa8f7e5d3f6:c3201, c5393538-959b-47cf-9d9c-19dac7bed4ee:c3199, a2e6e0ff-38a8-4bcf-9958-a89ff312531d:c3199]
2019-07-15 13:07:01,809 INFO  client.GrpcClientProtocolClient (GrpcClientProtocolClient.java:onNext(255)) - client-B30EC828C355->c26939f8-4d1f-4fb1-95c4-1aa8f7e5d3f6: receive RaftClientReply:client-B30EC828C355->c26939f8-4d1f-4fb1-95c4-1aa8f7e5d3f6@group-D25BE8053FEA, cid=2173, SUCCESS, logIndex=3201, commits[c26939f8-4d1f-4fb1-95c4-1aa8f7e5d3f6:c3201, c5393538-959b-47cf-9d9c-19dac7bed4ee:c3199, a2e6e0ff-38a8-4bcf-9958-a89ff312531d:c3199]
2019-07-15 13:07:01,823 INFO  client.GrpcClientProtocolClient (GrpcClientProtocolClient.java:onNext(255)) - client-B30EC828C355->c26939f8-4d1f-4fb1-95c4-1aa8f7e5d3f6: receive RaftClientReply:client-B30EC828C355->c26939f8-4d1f-4fb1-95c4-1aa8f7e5d3f6@group-D25BE8053FEA, cid=2174, SUCCESS, logIndex=3204, commits[c26939f8-4d1f-4fb1-95c4-1aa8f7e5d3f6:c3205, c5393538-959b-47cf-9d9c-19dac7bed4ee:c3201, a2e6e0ff-38a8-4bcf-9958-a89ff312531d:c3201]
2019-07-15 13:07:01,823 INFO  client.GrpcClientProtocolClient (GrpcClientProtocolClient.java:onNext(255)) - client-B30EC828C355->c26939f8-4d1f-4fb1-95c4-1aa8f7e5d3f6: receive RaftClientReply:client-B30EC828C355->c26939f8-4d1f-4fb1-95c4-1aa8f7e5d3f6@group-D25BE8053FEA, cid=2175, SUCCESS, logIndex=3205, commits[c26939f8-4d1f-4fb1-95c4-1aa8f7e5d3f6:c3205, c5393538-959b-47cf-9d9c-19dac7bed4ee:c3201, a2e6e0ff-38a8-4bcf-9958-a89ff312531d:c3201]
2019-07-15 13:07:01,834 INFO  client.GrpcClientProtocolClient (GrpcClientProtocolClient.java:onNext(255)) - client-B30EC828C355->c26939f8-4d1f-4fb1-95c4-1aa8f7e5d3f6: receive RaftClientReply:client-B30EC828C355->c26939f8-4d1f-4fb1-95c4-1aa8f7e5d3f6@group-D25BE8053FEA, cid=2176, SUCCESS, logIndex=0, commits[c26939f8-4d1f-4fb1-95c4-1aa8f7e5d3f6:c3206, c5393538-959b-47cf-9d9c-19dac7bed4ee:c3205, a2e6e0ff-38a8-4bcf-9958-a89ff312531d:c3205]
2019-07-15 13:07:01,862 INFO  client.GrpcClientProtocolClient (GrpcClientProtocolClient.java:onNext(255)) - client-B30EC828C355->c26939f8-4d1f-4fb1-95c4-1aa8f7e5d3f6: receive RaftClientReply:client-B30EC828C355->c26939f8-4d1f-4fb1-95c4-1aa8f7e5d3f6@group-D25BE8053FEA, cid=2177, SUCCESS, logIndex=3208, commits[c26939f8-4d1f-4fb1-95c4-1aa8f7e5d3f6:c3209, c5393538-959b-47cf-9d9c-19dac7bed4ee:c3207, a2e6e0ff-38a8-4bcf-9958-a89ff312531d:c3207]
2019-07-15 13:07:01,862 INFO  client.GrpcClientProtocolClient (GrpcClientProtocolClient.java:onNext(255)) - client-B30EC828C355->c26939f8-4d1f-4fb1-95c4-1aa8f7e5d3f6: receive RaftClientReply:client-B30EC828C355->c26939f8-4d1f-4fb1-95c4-1aa8f7e5d3f6@group-D25BE8053FEA, cid=2178, SUCCESS, logIndex=3209, commits[c26939f8-4d1f-4fb1-95c4-1aa8f7e5d3f6:c3211, c5393538-959b-47cf-9d9c-19dac7bed4ee:c3207, a2e6e0ff-38a8-4bcf-9958-a89ff312531d:c3207]
2019-07-15 13:07:01,863 INFO  client.GrpcClientProtocolClient (GrpcClientProtocolClient.java:onNext(255)) - client-B30EC828C355->c26939f8-4d1f-4fb1-95c4-1aa8f7e5d3f6: receive RaftClientReply:client-B30EC828C355->c26939f8-4d1f-4fb1-95c4-1aa8f7e5d3f6@group-D25BE8053FEA, cid=2179, SUCCESS, logIndex=3210, commits[c26939f8-4d1f-4fb1-95c4-1aa8f7e5d3f6:c3211, c5393538-959b-47cf-9d9c-19dac7bed4ee:c3207, a2e6e0ff-38a8-4bcf-9958-a89ff312531d:c3207]
2019-07-15 13:07:01,863 INFO  client.GrpcClientProtocolClient (GrpcClientProtocolClient.java:onNext(255)) - client-B30EC828C355->c26939f8-4d1f-4fb1-95c4-1aa8f7e5d3f6: receive RaftClientReply:client-B30EC828C355->c26939f8-4d1f-4fb1-95c4-1aa8f7e5d3f6@group-D25BE8053FEA, cid=2180, SUCCESS, logIndex=3211, commits[c26939f8-4d1f-4fb1-95c4-1aa8f7e5d3f6:c3211, c5393538-959b-47cf-9d9c-19dac7bed4ee:c3207, a2e6e0ff-38a8-4bcf-9958-a89ff312531d:c3207]
2019-07-15 13:07:01,864 INFO  client.GrpcClientProtocolClient (GrpcClientProtocolClient.java:onNext(255)) - client-B30EC828C355->c26939f8-4d1f-4fb1-95c4-1aa8f7e5d3f6: receive RaftClientReply:client-B30EC828C355->c26939f8-4d1f-4fb1-95c4-1aa8f7e5d3f6@group-D25BE8053FEA, cid=2181, SUCCESS, logIndex=0, commits[c26939f8-4d1f-4fb1-95c4-1aa8f7e5d3f6:c3213, c5393538-959b-47cf-9d9c-19dac7bed4ee:c3209, a2e6e0ff-38a8-4bcf-9958-a89ff312531d:c3209]
2019-07-15 13:07:01,887 INFO  client.GrpcClientProtocolClient (GrpcClientProtocolClient.java:onNext(255)) - client-B30EC828C355->c26939f8-4d1f-4fb1-95c4-1aa8f7e5d3f6: receive RaftClientReply:client-B30EC828C355->c26939f8-4d1f-4fb1-95c4-1aa8f7e5d3f6@group-D25BE8053FEA, cid=2182, SUCCESS, logIndex=3216, commits[c26939f8-4d1f-4fb1-95c4-1aa8f7e5d3f6:c3217, c5393538-959b-47cf-9d9c-19dac7bed4ee:c3215, a2e6e0ff-38a8-4bcf-9958-a89ff312531d:c3215]
2019-07-15 13:07:01,888 INFO  client.GrpcClientProtocolClient (GrpcClientProtocolClient.java:onNext(255)) - client-B30EC828C355->c26939f8-4d1f-4fb1-95c4-1aa8f7e5d3f6: receive RaftClientReply:client-B30EC828C355->c26939f8-4d1f-4fb1-95c4-1aa8f7e5d3f6@group-D25BE8053FEA, cid=2183, SUCCESS, logIndex=3217, commits[c26939f8-4d1f-4fb1-95c4-1aa8f7e5d3f6:c3217, c5393538-959b-47cf-9d9c-19dac7bed4ee:c3215, a2e6e0ff-38a8-4bcf-9958-a89ff312531d:c3215]
 0.00% |█                                                                                                    |  0/1 Time: 0:00:162019-07-15 13:07:01,914 INFO  client.GrpcClientProtocolClient (GrpcClientProtocolClient.java:onNext(255)) - client-B30EC828C355->c26939f8-4d1f-4fb1-95c4-1aa8f7e5d3f6: receive RaftClientReply:client-B30EC828C355->c26939f8-4d1f-4fb1-95c4-1aa8f7e5d3f6@group-D25BE8053FEA, cid=2184, SUCCESS, logIndex=3220, commits[c26939f8-4d1f-4fb1-95c4-1aa8f7e5d3f6:c3221, c5393538-959b-47cf-9d9c-19dac7bed4ee:c3217, a2e6e0ff-38a8-4bcf-9958-a89ff312531d:c3217]
2019-07-15 13:07:01,914 INFO  client.GrpcClientProtocolClient (GrpcClientProtocolClient.java:onNext(255)) - client-B30EC828C355->c26939f8-4d1f-4fb1-95c4-1aa8f7e5d3f6: receive RaftClientReply:client-B30EC828C355->c26939f8-4d1f-4fb1-95c4-1aa8f7e5d3f6@group-D25BE8053FEA, cid=2185, SUCCESS, logIndex=3221, commits[c26939f8-4d1f-4fb1-95c4-1aa8f7e5d3f6:c3221, c5393538-959b-47cf-9d9c-19dac7bed4ee:c3217, a2e6e0ff-38a8-4bcf-9958-a89ff312531d:c3217]
2019-07-15 13:07:01,922 INFO  client.GrpcClientProtocolClient (GrpcClientProtocolClient.java:onNext(255)) - client-B30EC828C355->c26939f8-4d1f-4fb1-95c4-1aa8f7e5d3f6: receive RaftClientReply:client-B30EC828C355->c26939f8-4d1f-4fb1-95c4-1aa8f7e5d3f6@group-D25BE8053FEA, cid=2186, SUCCESS, logIndex=0, commits[c26939f8-4d1f-4fb1-95c4-1aa8f7e5d3f6:c3222, c5393538-959b-47cf-9d9c-19dac7bed4ee:c3221, a2e6e0ff-38a8-4bcf-9958-a89ff312531d:c3221]
2019-07-15 13:07:01,951 INFO  client.GrpcClientProtocolClient (GrpcClientProtocolClient.java:onNext(255)) - client-B30EC828C355->c26939f8-4d1f-4fb1-95c4-1aa8f7e5d3f6: receive RaftClientReply:client-B30EC828C355->c26939f8-4d1f-4fb1-95c4-1aa8f7e5d3f6@group-D25BE8053FEA, cid=2187, SUCCESS, logIndex=3224, commits[c26939f8-4d1f-4fb1-95c4-1aa8f7e5d3f6:c3225, c5393538-959b-47cf-9d9c-19dac7bed4ee:c3223, a2e6e0ff-38a8-4bcf-9958-a89ff312531d:c3223]
2019-07-15 13:07:01,951 INFO  client.GrpcClientProtocolClient (GrpcClientProtocolClient.java:onNext(255)) - client-B30EC828C355->c26939f8-4d1f-4fb1-95c4-1aa8f7e5d3f6: receive RaftClientReply:client-B30EC828C355->c26939f8-4d1f-4fb1-95c4-1aa8f7e5d3f6@group-D25BE8053FEA, cid=2188, SUCCESS, logIndex=3225, commits[c26939f8-4d1f-4fb1-95c4-1aa8f7e5d3f6:c3225, c5393538-959b-47cf-9d9c-19dac7bed4ee:c3223, a2e6e0ff-38a8-4bcf-9958-a89ff312531d:c3223]
2019-07-15 13:07:01,952 INFO  client.GrpcClientProtocolClient (GrpcClientProtocolClient.java:onNext(255)) - client-B30EC828C355->c26939f8-4d1f-4fb1-95c4-1aa8f7e5d3f6: receive RaftClientReply:client-B30EC828C355->c26939f8-4d1f-4fb1-95c4-1aa8f7e5d3f6@group-D25BE8053FEA, cid=2189, SUCCESS, logIndex=3226, commits[c26939f8-4d1f-4fb1-95c4-1aa8f7e5d3f6:c3227, c5393538-959b-47cf-9d9c-19dac7bed4ee:c3223, a2e6e0ff-38a8-4bcf-9958-a89ff312531d:c3223]
2019-07-15 13:07:01,952 INFO  client.GrpcClientProtocolClient (GrpcClientProtocolClient.java:onNext(255)) - client-B30EC828C355->c26939f8-4d1f-4fb1-95c4-1aa8f7e5d3f6: receive RaftClientReply:client-B30EC828C355->c26939f8-4d1f-4fb1-95c4-1aa8f7e5d3f6@group-D25BE8053FEA, cid=2190, SUCCESS, logIndex=3227, commits[c26939f8-4d1f-4fb1-95c4-1aa8f7e5d3f6:c3227, c5393538-959b-47cf-9d9c-19dac7bed4ee:c3223, a2e6e0ff-38a8-4bcf-9958-a89ff312531d:c3223]
2019-07-15 13:07:01,954 INFO  client.GrpcClientProtocolClient (GrpcClientProtocolClient.java:onNext(255)) - client-B30EC828C355->c26939f8-4d1f-4fb1-95c4-1aa8f7e5d3f6: receive RaftClientReply:client-B30EC828C355->c26939f8-4d1f-4fb1-95c4-1aa8f7e5d3f6@group-D25BE8053FEA, cid=2191, SUCCESS, logIndex=0, commits[c26939f8-4d1f-4fb1-95c4-1aa8f7e5d3f6:c3229, c5393538-959b-47cf-9d9c-19dac7bed4ee:c3227, a2e6e0ff-38a8-4bcf-9958-a89ff312531d:c3225]
2019-07-15 13:07:01,974 INFO  client.GrpcClientProtocolClient (GrpcClientProtocolClient.java:onNext(255)) - client-B30EC828C355->c26939f8-4d1f-4fb1-95c4-1aa8f7e5d3f6: receive RaftClientReply:client-B30EC828C355->c26939f8-4d1f-4fb1-95c4-1aa8f7e5d3f6@group-D25BE8053FEA, cid=2192, SUCCESS, logIndex=3232, commits[c26939f8-4d1f-4fb1-95c4-1aa8f7e5d3f6:c3233, c5393538-959b-47cf-9d9c-19dac7bed4ee:c3231, a2e6e0ff-38a8-4bcf-9958-a89ff312531d:c3231]
2019-07-15 13:07:01,974 INFO  client.GrpcClientProtocolClient (GrpcClientProtocolClient.java:onNext(255)) - client-B30EC828C355->c26939f8-4d1f-4fb1-95c4-1aa8f7e5d3f6: receive RaftClientReply:client-B30EC828C355->c26939f8-4d1f-4fb1-95c4-1aa8f7e5d3f6@group-D25BE8053FEA, cid=2193, SUCCESS, logIndex=3233, commits[c26939f8-4d1f-4fb1-95c4-1aa8f7e5d3f6:c3233, c5393538-959b-47cf-9d9c-19dac7bed4ee:c3231, a2e6e0ff-38a8-4bcf-9958-a89ff312531d:c3231]
2019-07-15 13:07:01,988 INFO  client.GrpcClientProtocolClient (GrpcClientProtocolClient.java:onNext(255)) - client-B30EC828C355->c26939f8-4d1f-4fb1-95c4-1aa8f7e5d3f6: receive RaftClientReply:client-B30EC828C355->c26939f8-4d1f-4fb1-95c4-1aa8f7e5d3f6@group-D25BE8053FEA, cid=2194, SUCCESS, logIndex=3236, commits[c26939f8-4d1f-4fb1-95c4-1aa8f7e5d3f6:c3237, c5393538-959b-47cf-9d9c-19dac7bed4ee:c3233, a2e6e0ff-38a8-4bcf-9958-a89ff312531d:c3233]
2019-07-15 13:07:01,988 INFO  client.GrpcClientProtocolClient (GrpcClientProtocolClient.java:onNext(255)) - client-B30EC828C355->c26939f8-4d1f-4fb1-95c4-1aa8f7e5d3f6: receive RaftClientReply:client-B30EC828C355->c26939f8-4d1f-4fb1-95c4-1aa8f7e5d3f6@group-D25BE8053FEA, cid=2195, SUCCESS, logIndex=3237, commits[c26939f8-4d1f-4fb1-95c4-1aa8f7e5d3f6:c3237, c5393538-959b-47cf-9d9c-19dac7bed4ee:c3233, a2e6e0ff-38a8-4bcf-9958-a89ff312531d:c3233]
2019-07-15 13:07:01,999 INFO  client.GrpcClientProtocolClient (GrpcClientProtocolClient.java:onNext(255)) - client-B30EC828C355->c26939f8-4d1f-4fb1-95c4-1aa8f7e5d3f6: receive RaftClientReply:client-B30EC828C355->c26939f8-4d1f-4fb1-95c4-1aa8f7e5d3f6@group-D25BE8053FEA, cid=2196, SUCCESS, logIndex=0, commits[c26939f8-4d1f-4fb1-95c4-1aa8f7e5d3f6:c3238, c5393538-959b-47cf-9d9c-19dac7bed4ee:c3237, a2e6e0ff-38a8-4bcf-9958-a89ff312531d:c3237]
2019-07-15 13:07:02,028 INFO  client.GrpcClientProtocolClient (GrpcClientProtocolClient.java:onNext(255)) - client-B30EC828C355->c26939f8-4d1f-4fb1-95c4-1aa8f7e5d3f6: receive RaftClientReply:client-B30EC828C355->c26939f8-4d1f-4fb1-95c4-1aa8f7e5d3f6@group-D25BE8053FEA, cid=2197, SUCCESS, logIndex=3239, commits[c26939f8-4d1f-4fb1-95c4-1aa8f7e5d3f6:c3240, c5393538-959b-47cf-9d9c-19dac7bed4ee:c3238, a2e6e0ff-38a8-4bcf-9958-a89ff312531d:c3238]
2019-07-15 13:07:02,028 INFO  client.GrpcClientProtocolClient (GrpcClientProtocolClient.java:onNext(255)) - client-B30EC828C355->c26939f8-4d1f-4fb1-95c4-1aa8f7e5d3f6: receive RaftClientReply:client-B30EC828C355->c26939f8-4d1f-4fb1-95c4-1aa8f7e5d3f6@group-D25BE8053FEA, cid=2198, SUCCESS, logIndex=3240, commits[c26939f8-4d1f-4fb1-95c4-1aa8f7e5d3f6:c3242, c5393538-959b-47cf-9d9c-19dac7bed4ee:c3238, a2e6e0ff-38a8-4bcf-9958-a89ff312531d:c3238]
2019-07-15 13:07:02,029 INFO  client.GrpcClientProtocolClient (GrpcClientProtocolClient.java:onNext(255)) - client-B30EC828C355->c26939f8-4d1f-4fb1-95c4-1aa8f7e5d3f6: receive RaftClientReply:client-B30EC828C355->c26939f8-4d1f-4fb1-95c4-1aa8f7e5d3f6@group-D25BE8053FEA, cid=2199, SUCCESS, logIndex=3241, commits[c26939f8-4d1f-4fb1-95c4-1aa8f7e5d3f6:c3242, c5393538-959b-47cf-9d9c-19dac7bed4ee:c3238, a2e6e0ff-38a8-4bcf-9958-a89ff312531d:c3238]
2019-07-15 13:07:02,029 INFO  client.GrpcClientProtocolClient (GrpcClientProtocolClient.java:onNext(255)) - client-B30EC828C355->c26939f8-4d1f-4fb1-95c4-1aa8f7e5d3f6: receive RaftClientReply:client-B30EC828C355->c26939f8-4d1f-4fb1-95c4-1aa8f7e5d3f6@group-D25BE8053FEA, cid=2200, SUCCESS, logIndex=3242, commits[c26939f8-4d1f-4fb1-95c4-1aa8f7e5d3f6:c3242, c5393538-959b-47cf-9d9c-19dac7bed4ee:c3238, a2e6e0ff-38a8-4bcf-9958-a89ff312531d:c3238]
2019-07-15 13:07:02,043 INFO  client.GrpcClientProtocolClient (GrpcClientProtocolClient.java:onNext(255)) - client-B30EC828C355->c26939f8-4d1f-4fb1-95c4-1aa8f7e5d3f6: receive RaftClientReply:client-B30EC828C355->c26939f8-4d1f-4fb1-95c4-1aa8f7e5d3f6@group-D25BE8053FEA, cid=2201, SUCCESS, logIndex=0, commits[c26939f8-4d1f-4fb1-95c4-1aa8f7e5d3f6:c3244, c5393538-959b-47cf-9d9c-19dac7bed4ee:c3240, a2e6e0ff-38a8-4bcf-9958-a89ff312531d:c3240]
2019-07-15 13:07:02,063 INFO  client.GrpcClientProtocolClient (GrpcClientProtocolClient.java:onNext(255)) - client-B30EC828C355->c26939f8-4d1f-4fb1-95c4-1aa8f7e5d3f6: receive RaftClientReply:client-B30EC828C355->c26939f8-4d1f-4fb1-95c4-1aa8f7e5d3f6@group-D25BE8053FEA, cid=2202, SUCCESS, logIndex=3247, commits[c26939f8-4d1f-4fb1-95c4-1aa8f7e5d3f6:c3248, c5393538-959b-47cf-9d9c-19dac7bed4ee:c3246, a2e6e0ff-38a8-4bcf-9958-a89ff312531d:c3246]
2019-07-15 13:07:02,063 INFO  client.GrpcClientProtocolClient (GrpcClientProtocolClient.java:onNext(255)) - client-B30EC828C355->c26939f8-4d1f-4fb1-95c4-1aa8f7e5d3f6: receive RaftClientReply:client-B30EC828C355->c26939f8-4d1f-4fb1-95c4-1aa8f7e5d3f6@group-D25BE8053FEA, cid=2203, SUCCESS, logIndex=3248, commits[c26939f8-4d1f-4fb1-95c4-1aa8f7e5d3f6:c3248, c5393538-959b-47cf-9d9c-19dac7bed4ee:c3246, a2e6e0ff-38a8-4bcf-9958-a89ff312531d:c3246]
2019-07-15 13:07:02,076 INFO  client.GrpcClientProtocolClient (GrpcClientProtocolClient.java:onNext(255)) - client-B30EC828C355->c26939f8-4d1f-4fb1-95c4-1aa8f7e5d3f6: receive RaftClientReply:client-B30EC828C355->c26939f8-4d1f-4fb1-95c4-1aa8f7e5d3f6@group-D25BE8053FEA, cid=2204, SUCCESS, logIndex=3251, commits[c26939f8-4d1f-4fb1-95c4-1aa8f7e5d3f6:c3252, c5393538-959b-47cf-9d9c-19dac7bed4ee:c3248, a2e6e0ff-38a8-4bcf-9958-a89ff312531d:c3248]
2019-07-15 13:07:02,076 INFO  client.GrpcClientProtocolClient (GrpcClientProtocolClient.java:onNext(255)) - client-B30EC828C355->c26939f8-4d1f-4fb1-95c4-1aa8f7e5d3f6: receive RaftClientReply:client-B30EC828C355->c26939f8-4d1f-4fb1-95c4-1aa8f7e5d3f6@group-D25BE8053FEA, cid=2205, SUCCESS, logIndex=3252, commits[c26939f8-4d1f-4fb1-95c4-1aa8f7e5d3f6:c3252, c5393538-959b-47cf-9d9c-19dac7bed4ee:c3248, a2e6e0ff-38a8-4bcf-9958-a89ff312531d:c3248]
2019-07-15 13:07:02,088 INFO  client.GrpcClientProtocolClient (GrpcClientProtocolClient.java:onNext(255)) - client-B30EC828C355->c26939f8-4d1f-4fb1-95c4-1aa8f7e5d3f6: receive RaftClientReply:client-B30EC828C355->c26939f8-4d1f-4fb1-95c4-1aa8f7e5d3f6@group-D25BE8053FEA, cid=2206, SUCCESS, logIndex=0, commits[c26939f8-4d1f-4fb1-95c4-1aa8f7e5d3f6:c3253, c5393538-959b-47cf-9d9c-19dac7bed4ee:c3252, a2e6e0ff-38a8-4bcf-9958-a89ff312531d:c3252]
2019-07-15 13:07:02,114 INFO  client.GrpcClientProtocolClient (GrpcClientProtocolClient.java:onNext(255)) - client-B30EC828C355->c26939f8-4d1f-4fb1-95c4-1aa8f7e5d3f6: receive RaftClientReply:client-B30EC828C355->c26939f8-4d1f-4fb1-95c4-1aa8f7e5d3f6@group-D25BE8053FEA, cid=2207, SUCCESS, logIndex=3255, commits[c26939f8-4d1f-4fb1-95c4-1aa8f7e5d3f6:c3256, c5393538-959b-47cf-9d9c-19dac7bed4ee:c3254, a2e6e0ff-38a8-4bcf-9958-a89ff312531d:c3254]
2019-07-15 13:07:02,115 INFO  client.GrpcClientProtocolClient (GrpcClientProtocolClient.java:onNext(255)) - client-B30EC828C355->c26939f8-4d1f-4fb1-95c4-1aa8f7e5d3f6: receive RaftClientReply:client-B30EC828C355->c26939f8-4d1f-4fb1-95c4-1aa8f7e5d3f6@group-D25BE8053FEA, cid=2208, SUCCESS, logIndex=3256, commits[c26939f8-4d1f-4fb1-95c4-1aa8f7e5d3f6:c3257, c5393538-959b-47cf-9d9c-19dac7bed4ee:c3254, a2e6e0ff-38a8-4bcf-9958-a89ff312531d:c3254]
2019-07-15 13:07:02,115 INFO  client.GrpcClientProtocolClient (GrpcClientProtocolClient.java:onNext(255)) - client-B30EC828C355->c26939f8-4d1f-4fb1-95c4-1aa8f7e5d3f6: receive RaftClientReply:client-B30EC828C355->c26939f8-4d1f-4fb1-95c4-1aa8f7e5d3f6@group-D25BE8053FEA, cid=2209, SUCCESS, logIndex=3257, commits[c26939f8-4d1f-4fb1-95c4-1aa8f7e5d3f6:c3258, c5393538-959b-47cf-9d9c-19dac7bed4ee:c3254, a2e6e0ff-38a8-4bcf-9958-a89ff312531d:c3254]
2019-07-15 13:07:02,116 INFO  client.GrpcClientProtocolClient (GrpcClientProtocolClient.java:onNext(255)) - client-B30EC828C355->c26939f8-4d1f-4fb1-95c4-1aa8f7e5d3f6: receive RaftClientReply:client-B30EC828C355->c26939f8-4d1f-4fb1-95c4-1aa8f7e5d3f6@group-D25BE8053FEA, cid=2210, SUCCESS, logIndex=3258, commits[c26939f8-4d1f-4fb1-95c4-1aa8f7e5d3f6:c3258, c5393538-959b-47cf-9d9c-19dac7bed4ee:c3254, a2e6e0ff-38a8-4bcf-9958-a89ff312531d:c3254]
2019-07-15 13:07:02,117 INFO  client.GrpcClientProtocolClient (GrpcClientProtocolClient.java:onNext(255)) - client-B30EC828C355->c26939f8-4d1f-4fb1-95c4-1aa8f7e5d3f6: receive RaftClientReply:client-B30EC828C355->c26939f8-4d1f-4fb1-95c4-1aa8f7e5d3f6@group-D25BE8053FEA, cid=2211, SUCCESS, logIndex=0, commits[c26939f8-4d1f-4fb1-95c4-1aa8f7e5d3f6:c3260, c5393538-959b-47cf-9d9c-19dac7bed4ee:c3256, a2e6e0ff-38a8-4bcf-9958-a89ff312531d:c3256]
2019-07-15 13:07:02,135 INFO  client.GrpcClientProtocolClient (GrpcClientProtocolClient.java:onNext(255)) - client-B30EC828C355->c26939f8-4d1f-4fb1-95c4-1aa8f7e5d3f6: receive RaftClientReply:client-B30EC828C355->c26939f8-4d1f-4fb1-95c4-1aa8f7e5d3f6@group-D25BE8053FEA, cid=2212, SUCCESS, logIndex=3263, commits[c26939f8-4d1f-4fb1-95c4-1aa8f7e5d3f6:c3263, c5393538-959b-47cf-9d9c-19dac7bed4ee:c3262, a2e6e0ff-38a8-4bcf-9958-a89ff312531d:c3262]
2019-07-15 13:07:02,136 INFO  client.GrpcClientProtocolClient (GrpcClientProtocolClient.java:onNext(255)) - client-B30EC828C355->c26939f8-4d1f-4fb1-95c4-1aa8f7e5d3f6: receive RaftClientReply:client-B30EC828C355->c26939f8-4d1f-4fb1-95c4-1aa8f7e5d3f6@group-D25BE8053FEA, cid=2213, SUCCESS, logIndex=3264, commits[c26939f8-4d1f-4fb1-95c4-1aa8f7e5d3f6:c3264, c5393538-959b-47cf-9d9c-19dac7bed4ee:c3262, a2e6e0ff-38a8-4bcf-9958-a89ff312531d:c3262]
2019-07-15 13:07:02,151 INFO  client.GrpcClientProtocolClient (GrpcClientProtocolClient.java:onNext(255)) - client-B30EC828C355->c26939f8-4d1f-4fb1-95c4-1aa8f7e5d3f6: receive RaftClientReply:client-B30EC828C355->c26939f8-4d1f-4fb1-95c4-1aa8f7e5d3f6@group-D25BE8053FEA, cid=2214, SUCCESS, logIndex=3267, commits[c26939f8-4d1f-4fb1-95c4-1aa8f7e5d3f6:c3267, c5393538-959b-47cf-9d9c-19dac7bed4ee:c3264, a2e6e0ff-38a8-4bcf-9958-a89ff312531d:c3264]
2019-07-15 13:07:02,152 INFO  client.GrpcClientProtocolClient (GrpcClientProtocolClient.java:onNext(255)) - client-B30EC828C355->c26939f8-4d1f-4fb1-95c4-1aa8f7e5d3f6: receive RaftClientReply:client-B30EC828C355->c26939f8-4d1f-4fb1-95c4-1aa8f7e5d3f6@group-D25BE8053FEA, cid=2215, SUCCESS, logIndex=3268, commits[c26939f8-4d1f-4fb1-95c4-1aa8f7e5d3f6:c3268, c5393538-959b-47cf-9d9c-19dac7bed4ee:c3264, a2e6e0ff-38a8-4bcf-9958-a89ff312531d:c3264]
2019-07-15 13:07:02,173 INFO  client.GrpcClientProtocolClient (GrpcClientProtocolClient.java:onNext(255)) - client-B30EC828C355->c26939f8-4d1f-4fb1-95c4-1aa8f7e5d3f6: receive RaftClientReply:client-B30EC828C355->c26939f8-4d1f-4fb1-95c4-1aa8f7e5d3f6@group-D25BE8053FEA, cid=2216, SUCCESS, logIndex=0, commits[c26939f8-4d1f-4fb1-95c4-1aa8f7e5d3f6:c3270, c5393538-959b-47cf-9d9c-19dac7bed4ee:c3268, a2e6e0ff-38a8-4bcf-9958-a89ff312531d:c3268]
2019-07-15 13:07:02,202 INFO  client.GrpcClientProtocolClient (GrpcClientProtocolClient.java:onNext(255)) - client-B30EC828C355->c26939f8-4d1f-4fb1-95c4-1aa8f7e5d3f6: receive RaftClientReply:client-B30EC828C355->c26939f8-4d1f-4fb1-95c4-1aa8f7e5d3f6@group-D25BE8053FEA, cid=2217, SUCCESS, logIndex=3271, commits[c26939f8-4d1f-4fb1-95c4-1aa8f7e5d3f6:c3273, c5393538-959b-47cf-9d9c-19dac7bed4ee:c3270, a2e6e0ff-38a8-4bcf-9958-a89ff312531d:c3270]
2019-07-15 13:07:02,202 INFO  client.GrpcClientProtocolClient (GrpcClientProtocolClient.java:onNext(255)) - client-B30EC828C355->c26939f8-4d1f-4fb1-95c4-1aa8f7e5d3f6: receive RaftClientReply:client-B30EC828C355->c26939f8-4d1f-4fb1-95c4-1aa8f7e5d3f6@group-D25BE8053FEA, cid=2218, SUCCESS, logIndex=3272, commits[c26939f8-4d1f-4fb1-95c4-1aa8f7e5d3f6:c3274, c5393538-959b-47cf-9d9c-19dac7bed4ee:c3270, a2e6e0ff-38a8-4bcf-9958-a89ff312531d:c3270]
2019-07-15 13:07:02,202 INFO  client.GrpcClientProtocolClient (GrpcClientProtocolClient.java:onNext(255)) - client-B30EC828C355->c26939f8-4d1f-4fb1-95c4-1aa8f7e5d3f6: receive RaftClientReply:client-B30EC828C355->c26939f8-4d1f-4fb1-95c4-1aa8f7e5d3f6@group-D25BE8053FEA, cid=2219, SUCCESS, logIndex=3273, commits[c26939f8-4d1f-4fb1-95c4-1aa8f7e5d3f6:c3274, c5393538-959b-47cf-9d9c-19dac7bed4ee:c3270, a2e6e0ff-38a8-4bcf-9958-a89ff312531d:c3270]
2019-07-15 13:07:02,203 INFO  client.GrpcClientProtocolClient (GrpcClientProtocolClient.java:onNext(255)) - client-B30EC828C355->c26939f8-4d1f-4fb1-95c4-1aa8f7e5d3f6: receive RaftClientReply:client-B30EC828C355->c26939f8-4d1f-4fb1-95c4-1aa8f7e5d3f6@group-D25BE8053FEA, cid=2220, SUCCESS, logIndex=3274, commits[c26939f8-4d1f-4fb1-95c4-1aa8f7e5d3f6:c3274, c5393538-959b-47cf-9d9c-19dac7bed4ee:c3270, a2e6e0ff-38a8-4bcf-9958-a89ff312531d:c3270]
2019-07-15 13:07:02,213 INFO  client.GrpcClientProtocolClient (GrpcClientProtocolClient.java:onNext(255)) - client-B30EC828C355->c26939f8-4d1f-4fb1-95c4-1aa8f7e5d3f6: receive RaftClientReply:client-B30EC828C355->c26939f8-4d1f-4fb1-95c4-1aa8f7e5d3f6@group-D25BE8053FEA, cid=2221, SUCCESS, logIndex=0, commits[c26939f8-4d1f-4fb1-95c4-1aa8f7e5d3f6:c3275, c5393538-959b-47cf-9d9c-19dac7bed4ee:c3272, a2e6e0ff-38a8-4bcf-9958-a89ff312531d:c3272]
2019-07-15 13:07:02,233 INFO  client.GrpcClientProtocolClient (GrpcClientProtocolClient.java:onNext(255)) - client-B30EC828C355->c26939f8-4d1f-4fb1-95c4-1aa8f7e5d3f6: receive RaftClientReply:client-B30EC828C355->c26939f8-4d1f-4fb1-95c4-1aa8f7e5d3f6@group-D25BE8053FEA, cid=2222, SUCCESS, logIndex=3279, commits[c26939f8-4d1f-4fb1-95c4-1aa8f7e5d3f6:c3280, c5393538-959b-47cf-9d9c-19dac7bed4ee:c3278, a2e6e0ff-38a8-4bcf-9958-a89ff312531d:c3278]
2019-07-15 13:07:02,233 INFO  client.GrpcClientProtocolClient (GrpcClientProtocolClient.java:onNext(255)) - client-B30EC828C355->c26939f8-4d1f-4fb1-95c4-1aa8f7e5d3f6: receive RaftClientReply:client-B30EC828C355->c26939f8-4d1f-4fb1-95c4-1aa8f7e5d3f6@group-D25BE8053FEA, cid=2223, SUCCESS, logIndex=3280, commits[c26939f8-4d1f-4fb1-95c4-1aa8f7e5d3f6:c3280, c5393538-959b-47cf-9d9c-19dac7bed4ee:c3278, a2e6e0ff-38a8-4bcf-9958-a89ff312531d:c3278]
2019-07-15 13:07:02,347 INFO  client.GrpcClientProtocolClient (GrpcClientProtocolClient.java:onNext(255)) - client-B30EC828C355->c26939f8-4d1f-4fb1-95c4-1aa8f7e5d3f6: receive RaftClientReply:client-B30EC828C355->c26939f8-4d1f-4fb1-95c4-1aa8f7e5d3f6@group-D25BE8053FEA, cid=2224, SUCCESS, logIndex=3283, commits[c26939f8-4d1f-4fb1-95c4-1aa8f7e5d3f6:c3284, c5393538-959b-47cf-9d9c-19dac7bed4ee:c3281, a2e6e0ff-38a8-4bcf-9958-a89ff312531d:c3281]
2019-07-15 13:07:02,347 INFO  client.GrpcClientProtocolClient (GrpcClientProtocolClient.java:onNext(255)) - client-B30EC828C355->c26939f8-4d1f-4fb1-95c4-1aa8f7e5d3f6: receive RaftClientReply:client-B30EC828C355->c26939f8-4d1f-4fb1-95c4-1aa8f7e5d3f6@group-D25BE8053FEA, cid=2225, SUCCESS, logIndex=3284, commits[c26939f8-4d1f-4fb1-95c4-1aa8f7e5d3f6:c3284, c5393538-959b-47cf-9d9c-19dac7bed4ee:c3281, a2e6e0ff-38a8-4bcf-9958-a89ff312531d:c3281]
2019-07-15 13:07:02,349 INFO  client.GrpcClientProtocolClient (GrpcClientProtocolClient.java:onNext(255)) - client-B30EC828C355->c26939f8-4d1f-4fb1-95c4-1aa8f7e5d3f6: receive RaftClientReply:client-B30EC828C355->c26939f8-4d1f-4fb1-95c4-1aa8f7e5d3f6@group-D25BE8053FEA, cid=2226, SUCCESS, logIndex=0, commits[c26939f8-4d1f-4fb1-95c4-1aa8f7e5d3f6:c3285, c5393538-959b-47cf-9d9c-19dac7bed4ee:c3284, a2e6e0ff-38a8-4bcf-9958-a89ff312531d:c3284]
2019-07-15 13:07:02,370 INFO  client.GrpcClientProtocolClient (GrpcClientProtocolClient.java:onNext(255)) - client-B30EC828C355->c26939f8-4d1f-4fb1-95c4-1aa8f7e5d3f6: receive RaftClientReply:client-B30EC828C355->c26939f8-4d1f-4fb1-95c4-1aa8f7e5d3f6@group-D25BE8053FEA, cid=2227, SUCCESS, logIndex=3287, commits[c26939f8-4d1f-4fb1-95c4-1aa8f7e5d3f6:c3288, c5393538-959b-47cf-9d9c-19dac7bed4ee:c3284, a2e6e0ff-38a8-4bcf-9958-a89ff312531d:c3286]
2019-07-15 13:07:02,371 INFO  client.GrpcClientProtocolClient (GrpcClientProtocolClient.java:onNext(255)) - client-B30EC828C355->c26939f8-4d1f-4fb1-95c4-1aa8f7e5d3f6: receive RaftClientReply:client-B30EC828C355->c26939f8-4d1f-4fb1-95c4-1aa8f7e5d3f6@group-D25BE8053FEA, cid=2228, SUCCESS, logIndex=3288, commits[c26939f8-4d1f-4fb1-95c4-1aa8f7e5d3f6:c3288, c5393538-959b-47cf-9d9c-19dac7bed4ee:c3286, a2e6e0ff-38a8-4bcf-9958-a89ff312531d:c3286]
2019-07-15 13:07:02,374 INFO  client.GrpcClientProtocolClient (GrpcClientProtocolClient.java:onNext(255)) - client-B30EC828C355->c26939f8-4d1f-4fb1-95c4-1aa8f7e5d3f6: receive RaftClientReply:client-B30EC828C355->c26939f8-4d1f-4fb1-95c4-1aa8f7e5d3f6@group-D25BE8053FEA, cid=2229, SUCCESS, logIndex=3289, commits[c26939f8-4d1f-4fb1-95c4-1aa8f7e5d3f6:c3290, c5393538-959b-47cf-9d9c-19dac7bed4ee:c3286, a2e6e0ff-38a8-4bcf-9958-a89ff312531d:c3287]
2019-07-15 13:07:02,374 INFO  client.GrpcClientProtocolClient (GrpcClientProtocolClient.java:onNext(255)) - client-B30EC828C355->c26939f8-4d1f-4fb1-95c4-1aa8f7e5d3f6: receive RaftClientReply:client-B30EC828C355->c26939f8-4d1f-4fb1-95c4-1aa8f7e5d3f6@group-D25BE8053FEA, cid=2230, SUCCESS, logIndex=3290, commits[c26939f8-4d1f-4fb1-95c4-1aa8f7e5d3f6:c3292, c5393538-959b-47cf-9d9c-19dac7bed4ee:c3286, a2e6e0ff-38a8-4bcf-9958-a89ff312531d:c3288]
2019-07-15 13:07:02,375 INFO  client.GrpcClientProtocolClient (GrpcClientProtocolClient.java:onNext(255)) - client-B30EC828C355->c26939f8-4d1f-4fb1-95c4-1aa8f7e5d3f6: receive RaftClientReply:client-B30EC828C355->c26939f8-4d1f-4fb1-95c4-1aa8f7e5d3f6@group-D25BE8053FEA, cid=2231, SUCCESS, logIndex=0, commits[c26939f8-4d1f-4fb1-95c4-1aa8f7e5d3f6:c3293, c5393538-959b-47cf-9d9c-19dac7bed4ee:c3288, a2e6e0ff-38a8-4bcf-9958-a89ff312531d:c3290]
2019-07-15 13:07:02,393 INFO  client.GrpcClientProtocolClient (GrpcClientProtocolClient.java:onNext(255)) - client-B30EC828C355->c26939f8-4d1f-4fb1-95c4-1aa8f7e5d3f6: receive RaftClientReply:client-B30EC828C355->c26939f8-4d1f-4fb1-95c4-1aa8f7e5d3f6@group-D25BE8053FEA, cid=2232, SUCCESS, logIndex=3295, commits[c26939f8-4d1f-4fb1-95c4-1aa8f7e5d3f6:c3296, c5393538-959b-47cf-9d9c-19dac7bed4ee:c3294, a2e6e0ff-38a8-4bcf-9958-a89ff312531d:c3294]
2019-07-15 13:07:02,394 INFO  client.GrpcClientProtocolClient (GrpcClientProtocolClient.java:onNext(255)) - client-B30EC828C355->c26939f8-4d1f-4fb1-95c4-1aa8f7e5d3f6: receive RaftClientReply:client-B30EC828C355->c26939f8-4d1f-4fb1-95c4-1aa8f7e5d3f6@group-D25BE8053FEA, cid=2233, SUCCESS, logIndex=3296, commits[c26939f8-4d1f-4fb1-95c4-1aa8f7e5d3f6:c3296, c5393538-959b-47cf-9d9c-19dac7bed4ee:c3294, a2e6e0ff-38a8-4bcf-9958-a89ff312531d:c3294]
2019-07-15 13:07:02,408 INFO  client.GrpcClientProtocolClient (GrpcClientProtocolClient.java:onNext(255)) - client-B30EC828C355->c26939f8-4d1f-4fb1-95c4-1aa8f7e5d3f6: receive RaftClientReply:client-B30EC828C355->c26939f8-4d1f-4fb1-95c4-1aa8f7e5d3f6@group-D25BE8053FEA, cid=2234, SUCCESS, logIndex=3299, commits[c26939f8-4d1f-4fb1-95c4-1aa8f7e5d3f6:c3300, c5393538-959b-47cf-9d9c-19dac7bed4ee:c3298, a2e6e0ff-38a8-4bcf-9958-a89ff312531d:c3298]
2019-07-15 13:07:02,408 INFO  client.GrpcClientProtocolClient (GrpcClientProtocolClient.java:onNext(255)) - client-B30EC828C355->c26939f8-4d1f-4fb1-95c4-1aa8f7e5d3f6: receive RaftClientReply:client-B30EC828C355->c26939f8-4d1f-4fb1-95c4-1aa8f7e5d3f6@group-D25BE8053FEA, cid=2235, SUCCESS, logIndex=3300, commits[c26939f8-4d1f-4fb1-95c4-1aa8f7e5d3f6:c3300, c5393538-959b-47cf-9d9c-19dac7bed4ee:c3298, a2e6e0ff-38a8-4bcf-9958-a89ff312531d:c3298]
2019-07-15 13:07:02,428 INFO  client.GrpcClientProtocolClient (GrpcClientProtocolClient.java:onNext(255)) - client-B30EC828C355->c26939f8-4d1f-4fb1-95c4-1aa8f7e5d3f6: receive RaftClientReply:client-B30EC828C355->c26939f8-4d1f-4fb1-95c4-1aa8f7e5d3f6@group-D25BE8053FEA, cid=2236, SUCCESS, logIndex=0, commits[c26939f8-4d1f-4fb1-95c4-1aa8f7e5d3f6:c3302, c5393538-959b-47cf-9d9c-19dac7bed4ee:c3300, a2e6e0ff-38a8-4bcf-9958-a89ff312531d:c3300]
2019-07-15 13:07:02,454 INFO  client.GrpcClientProtocolClient (GrpcClientProtocolClient.java:onNext(255)) - client-B30EC828C355->c26939f8-4d1f-4fb1-95c4-1aa8f7e5d3f6: receive RaftClientReply:client-B30EC828C355->c26939f8-4d1f-4fb1-95c4-1aa8f7e5d3f6@group-D25BE8053FEA, cid=2237, SUCCESS, logIndex=3303, commits[c26939f8-4d1f-4fb1-95c4-1aa8f7e5d3f6:c3305, c5393538-959b-47cf-9d9c-19dac7bed4ee:c3302, a2e6e0ff-38a8-4bcf-9958-a89ff312531d:c3302]
2019-07-15 13:07:02,455 INFO  client.GrpcClientProtocolClient (GrpcClientProtocolClient.java:onNext(255)) - client-B30EC828C355->c26939f8-4d1f-4fb1-95c4-1aa8f7e5d3f6: receive RaftClientReply:client-B30EC828C355->c26939f8-4d1f-4fb1-95c4-1aa8f7e5d3f6@group-D25BE8053FEA, cid=2238, SUCCESS, logIndex=3304, commits[c26939f8-4d1f-4fb1-95c4-1aa8f7e5d3f6:c3306, c5393538-959b-47cf-9d9c-19dac7bed4ee:c3302, a2e6e0ff-38a8-4bcf-9958-a89ff312531d:c3302]
2019-07-15 13:07:02,455 INFO  client.GrpcClientProtocolClient (GrpcClientProtocolClient.java:onNext(255)) - client-B30EC828C355->c26939f8-4d1f-4fb1-95c4-1aa8f7e5d3f6: receive RaftClientReply:client-B30EC828C355->c26939f8-4d1f-4fb1-95c4-1aa8f7e5d3f6@group-D25BE8053FEA, cid=2239, SUCCESS, logIndex=3305, commits[c26939f8-4d1f-4fb1-95c4-1aa8f7e5d3f6:c3306, c5393538-959b-47cf-9d9c-19dac7bed4ee:c3302, a2e6e0ff-38a8-4bcf-9958-a89ff312531d:c3302]
2019-07-15 13:07:02,455 INFO  client.GrpcClientProtocolClient (GrpcClientProtocolClient.java:onNext(255)) - client-B30EC828C355->c26939f8-4d1f-4fb1-95c4-1aa8f7e5d3f6: receive RaftClientReply:client-B30EC828C355->c26939f8-4d1f-4fb1-95c4-1aa8f7e5d3f6@group-D25BE8053FEA, cid=2240, SUCCESS, logIndex=3306, commits[c26939f8-4d1f-4fb1-95c4-1aa8f7e5d3f6:c3306, c5393538-959b-47cf-9d9c-19dac7bed4ee:c3302, a2e6e0ff-38a8-4bcf-9958-a89ff312531d:c3302]
2019-07-15 13:07:02,467 INFO  client.GrpcClientProtocolClient (GrpcClientProtocolClient.java:onNext(255)) - client-B30EC828C355->c26939f8-4d1f-4fb1-95c4-1aa8f7e5d3f6: receive RaftClientReply:client-B30EC828C355->c26939f8-4d1f-4fb1-95c4-1aa8f7e5d3f6@group-D25BE8053FEA, cid=2241, SUCCESS, logIndex=0, commits[c26939f8-4d1f-4fb1-95c4-1aa8f7e5d3f6:c3309, c5393538-959b-47cf-9d9c-19dac7bed4ee:c3304, a2e6e0ff-38a8-4bcf-9958-a89ff312531d:c3305]
2019-07-15 13:07:02,486 INFO  client.GrpcClientProtocolClient (GrpcClientProtocolClient.java:onNext(255)) - client-B30EC828C355->c26939f8-4d1f-4fb1-95c4-1aa8f7e5d3f6: receive RaftClientReply:client-B30EC828C355->c26939f8-4d1f-4fb1-95c4-1aa8f7e5d3f6@group-D25BE8053FEA, cid=2242, SUCCESS, logIndex=3311, commits[c26939f8-4d1f-4fb1-95c4-1aa8f7e5d3f6:c3312, c5393538-959b-47cf-9d9c-19dac7bed4ee:c3310, a2e6e0ff-38a8-4bcf-9958-a89ff312531d:c3306]
2019-07-15 13:07:02,486 INFO  client.GrpcClientProtocolClient (GrpcClientProtocolClient.java:onNext(255)) - client-B30EC828C355->c26939f8-4d1f-4fb1-95c4-1aa8f7e5d3f6: receive RaftClientReply:client-B30EC828C355->c26939f8-4d1f-4fb1-95c4-1aa8f7e5d3f6@group-D25BE8053FEA, cid=2243, SUCCESS, logIndex=3312, commits[c26939f8-4d1f-4fb1-95c4-1aa8f7e5d3f6:c3312, c5393538-959b-47cf-9d9c-19dac7bed4ee:c3310, a2e6e0ff-38a8-4bcf-9958-a89ff312531d:c3310]
2019-07-15 13:07:02,500 INFO  client.GrpcClientProtocolClient (GrpcClientProtocolClient.java:onNext(255)) - client-B30EC828C355->c26939f8-4d1f-4fb1-95c4-1aa8f7e5d3f6: receive RaftClientReply:client-B30EC828C355->c26939f8-4d1f-4fb1-95c4-1aa8f7e5d3f6@group-D25BE8053FEA, cid=2244, SUCCESS, logIndex=3315, commits[c26939f8-4d1f-4fb1-95c4-1aa8f7e5d3f6:c3316, c5393538-959b-47cf-9d9c-19dac7bed4ee:c3312, a2e6e0ff-38a8-4bcf-9958-a89ff312531d:c3312]
2019-07-15 13:07:02,500 INFO  client.GrpcClientProtocolClient (GrpcClientProtocolClient.java:onNext(255)) - client-B30EC828C355->c26939f8-4d1f-4fb1-95c4-1aa8f7e5d3f6: receive RaftClientReply:client-B30EC828C355->c26939f8-4d1f-4fb1-95c4-1aa8f7e5d3f6@group-D25BE8053FEA, cid=2245, SUCCESS, logIndex=3316, commits[c26939f8-4d1f-4fb1-95c4-1aa8f7e5d3f6:c3316, c5393538-959b-47cf-9d9c-19dac7bed4ee:c3312, a2e6e0ff-38a8-4bcf-9958-a89ff312531d:c3312]
2019-07-15 13:07:02,513 INFO  client.GrpcClientProtocolClient (GrpcClientProtocolClient.java:onNext(255)) - client-B30EC828C355->c26939f8-4d1f-4fb1-95c4-1aa8f7e5d3f6: receive RaftClientReply:client-B30EC828C355->c26939f8-4d1f-4fb1-95c4-1aa8f7e5d3f6@group-D25BE8053FEA, cid=2246, SUCCESS, logIndex=0, commits[c26939f8-4d1f-4fb1-95c4-1aa8f7e5d3f6:c3318, c5393538-959b-47cf-9d9c-19dac7bed4ee:c3316, a2e6e0ff-38a8-4bcf-9958-a89ff312531d:c3316]
2019-07-15 13:07:02,542 INFO  client.GrpcClientProtocolClient (GrpcClientProtocolClient.java:onNext(255)) - client-B30EC828C355->c26939f8-4d1f-4fb1-95c4-1aa8f7e5d3f6: receive RaftClientReply:client-B30EC828C355->c26939f8-4d1f-4fb1-95c4-1aa8f7e5d3f6@group-D25BE8053FEA, cid=2247, SUCCESS, logIndex=3319, commits[c26939f8-4d1f-4fb1-95c4-1aa8f7e5d3f6:c3321, c5393538-959b-47cf-9d9c-19dac7bed4ee:c3318, a2e6e0ff-38a8-4bcf-9958-a89ff312531d:c3318]
2019-07-15 13:07:02,543 INFO  client.GrpcClientProtocolClient (GrpcClientProtocolClient.java:onNext(255)) - client-B30EC828C355->c26939f8-4d1f-4fb1-95c4-1aa8f7e5d3f6: receive RaftClientReply:client-B30EC828C355->c26939f8-4d1f-4fb1-95c4-1aa8f7e5d3f6@group-D25BE8053FEA, cid=2248, SUCCESS, logIndex=3320, commits[c26939f8-4d1f-4fb1-95c4-1aa8f7e5d3f6:c3322, c5393538-959b-47cf-9d9c-19dac7bed4ee:c3318, a2e6e0ff-38a8-4bcf-9958-a89ff312531d:c3318]
2019-07-15 13:07:02,543 INFO  client.GrpcClientProtocolClient (GrpcClientProtocolClient.java:onNext(255)) - client-B30EC828C355->c26939f8-4d1f-4fb1-95c4-1aa8f7e5d3f6: receive RaftClientReply:client-B30EC828C355->c26939f8-4d1f-4fb1-95c4-1aa8f7e5d3f6@group-D25BE8053FEA, cid=2249, SUCCESS, logIndex=3321, commits[c26939f8-4d1f-4fb1-95c4-1aa8f7e5d3f6:c3322, c5393538-959b-47cf-9d9c-19dac7bed4ee:c3318, a2e6e0ff-38a8-4bcf-9958-a89ff312531d:c3318]
2019-07-15 13:07:02,544 INFO  client.GrpcClientProtocolClient (GrpcClientProtocolClient.java:onNext(255)) - client-B30EC828C355->c26939f8-4d1f-4fb1-95c4-1aa8f7e5d3f6: receive RaftClientReply:client-B30EC828C355->c26939f8-4d1f-4fb1-95c4-1aa8f7e5d3f6@group-D25BE8053FEA, cid=2250, SUCCESS, logIndex=3322, commits[c26939f8-4d1f-4fb1-95c4-1aa8f7e5d3f6:c3322, c5393538-959b-47cf-9d9c-19dac7bed4ee:c3318, a2e6e0ff-38a8-4bcf-9958-a89ff312531d:c3318]
2019-07-15 13:07:02,545 INFO  client.GrpcClientProtocolClient (GrpcClientProtocolClient.java:onNext(255)) - client-B30EC828C355->c26939f8-4d1f-4fb1-95c4-1aa8f7e5d3f6: receive RaftClientReply:client-B30EC828C355->c26939f8-4d1f-4fb1-95c4-1aa8f7e5d3f6@group-D25BE8053FEA, cid=2251, SUCCESS, logIndex=0, commits[c26939f8-4d1f-4fb1-95c4-1aa8f7e5d3f6:c3325, c5393538-959b-47cf-9d9c-19dac7bed4ee:c3321, a2e6e0ff-38a8-4bcf-9958-a89ff312531d:c3320]
2019-07-15 13:07:02,564 INFO  client.GrpcClientProtocolClient (GrpcClientProtocolClient.java:onNext(255)) - client-B30EC828C355->c26939f8-4d1f-4fb1-95c4-1aa8f7e5d3f6: receive RaftClientReply:client-B30EC828C355->c26939f8-4d1f-4fb1-95c4-1aa8f7e5d3f6@group-D25BE8053FEA, cid=2252, SUCCESS, logIndex=3327, commits[c26939f8-4d1f-4fb1-95c4-1aa8f7e5d3f6:c3328, c5393538-959b-47cf-9d9c-19dac7bed4ee:c3326, a2e6e0ff-38a8-4bcf-9958-a89ff312531d:c3326]
2019-07-15 13:07:02,564 INFO  client.GrpcClientProtocolClient (GrpcClientProtocolClient.java:onNext(255)) - client-B30EC828C355->c26939f8-4d1f-4fb1-95c4-1aa8f7e5d3f6: receive RaftClientReply:client-B30EC828C355->c26939f8-4d1f-4fb1-95c4-1aa8f7e5d3f6@group-D25BE8053FEA, cid=2253, SUCCESS, logIndex=3328, commits[c26939f8-4d1f-4fb1-95c4-1aa8f7e5d3f6:c3328, c5393538-959b-47cf-9d9c-19dac7bed4ee:c3326, a2e6e0ff-38a8-4bcf-9958-a89ff312531d:c3326]
2019-07-15 13:07:02,577 INFO  client.GrpcClientProtocolClient (GrpcClientProtocolClient.java:onNext(255)) - client-B30EC828C355->c26939f8-4d1f-4fb1-95c4-1aa8f7e5d3f6: receive RaftClientReply:client-B30EC828C355->c26939f8-4d1f-4fb1-95c4-1aa8f7e5d3f6@group-D25BE8053FEA, cid=2254, SUCCESS, logIndex=3331, commits[c26939f8-4d1f-4fb1-95c4-1aa8f7e5d3f6:c3332, c5393538-959b-47cf-9d9c-19dac7bed4ee:c3328, a2e6e0ff-38a8-4bcf-9958-a89ff312531d:c3328]
2019-07-15 13:07:02,578 INFO  client.GrpcClientProtocolClient (GrpcClientProtocolClient.java:onNext(255)) - client-B30EC828C355->c26939f8-4d1f-4fb1-95c4-1aa8f7e5d3f6: receive RaftClientReply:client-B30EC828C355->c26939f8-4d1f-4fb1-95c4-1aa8f7e5d3f6@group-D25BE8053FEA, cid=2255, SUCCESS, logIndex=3332, commits[c26939f8-4d1f-4fb1-95c4-1aa8f7e5d3f6:c3332, c5393538-959b-47cf-9d9c-19dac7bed4ee:c3328, a2e6e0ff-38a8-4bcf-9958-a89ff312531d:c3328]
2019-07-15 13:07:02,589 INFO  client.GrpcClientProtocolClient (GrpcClientProtocolClient.java:onNext(255)) - client-B30EC828C355->c26939f8-4d1f-4fb1-95c4-1aa8f7e5d3f6: receive RaftClientReply:client-B30EC828C355->c26939f8-4d1f-4fb1-95c4-1aa8f7e5d3f6@group-D25BE8053FEA, cid=2256, SUCCESS, logIndex=0, commits[c26939f8-4d1f-4fb1-95c4-1aa8f7e5d3f6:c3333, c5393538-959b-47cf-9d9c-19dac7bed4ee:c3332, a2e6e0ff-38a8-4bcf-9958-a89ff312531d:c3332]
2019-07-15 13:07:02,615 INFO  client.GrpcClientProtocolClient (GrpcClientProtocolClient.java:onNext(255)) - client-B30EC828C355->c26939f8-4d1f-4fb1-95c4-1aa8f7e5d3f6: receive RaftClientReply:client-B30EC828C355->c26939f8-4d1f-4fb1-95c4-1aa8f7e5d3f6@group-D25BE8053FEA, cid=2257, SUCCESS, logIndex=3335, commits[c26939f8-4d1f-4fb1-95c4-1aa8f7e5d3f6:c3336, c5393538-959b-47cf-9d9c-19dac7bed4ee:c3334, a2e6e0ff-38a8-4bcf-9958-a89ff312531d:c3334]
2019-07-15 13:07:02,615 INFO  client.GrpcClientProtocolClient (GrpcClientProtocolClient.java:onNext(255)) - client-B30EC828C355->c26939f8-4d1f-4fb1-95c4-1aa8f7e5d3f6: receive RaftClientReply:client-B30EC828C355->c26939f8-4d1f-4fb1-95c4-1aa8f7e5d3f6@group-D25BE8053FEA, cid=2258, SUCCESS, logIndex=3336, commits[c26939f8-4d1f-4fb1-95c4-1aa8f7e5d3f6:c3338, c5393538-959b-47cf-9d9c-19dac7bed4ee:c3334, a2e6e0ff-38a8-4bcf-9958-a89ff312531d:c3334]
2019-07-15 13:07:02,616 INFO  client.GrpcClientProtocolClient (GrpcClientProtocolClient.java:onNext(255)) - client-B30EC828C355->c26939f8-4d1f-4fb1-95c4-1aa8f7e5d3f6: receive RaftClientReply:client-B30EC828C355->c26939f8-4d1f-4fb1-95c4-1aa8f7e5d3f6@group-D25BE8053FEA, cid=2259, SUCCESS, logIndex=3337, commits[c26939f8-4d1f-4fb1-95c4-1aa8f7e5d3f6:c3338, c5393538-959b-47cf-9d9c-19dac7bed4ee:c3334, a2e6e0ff-38a8-4bcf-9958-a89ff312531d:c3334]
2019-07-15 13:07:02,616 INFO  client.GrpcClientProtocolClient (GrpcClientProtocolClient.java:onNext(255)) - client-B30EC828C355->c26939f8-4d1f-4fb1-95c4-1aa8f7e5d3f6: receive RaftClientReply:client-B30EC828C355->c26939f8-4d1f-4fb1-95c4-1aa8f7e5d3f6@group-D25BE8053FEA, cid=2260, SUCCESS, logIndex=3338, commits[c26939f8-4d1f-4fb1-95c4-1aa8f7e5d3f6:c3338, c5393538-959b-47cf-9d9c-19dac7bed4ee:c3334, a2e6e0ff-38a8-4bcf-9958-a89ff312531d:c3334]
2019-07-15 13:07:02,617 INFO  client.GrpcClientProtocolClient (GrpcClientProtocolClient.java:onNext(255)) - client-B30EC828C355->c26939f8-4d1f-4fb1-95c4-1aa8f7e5d3f6: receive RaftClientReply:client-B30EC828C355->c26939f8-4d1f-4fb1-95c4-1aa8f7e5d3f6@group-D25BE8053FEA, cid=2261, SUCCESS, logIndex=0, commits[c26939f8-4d1f-4fb1-95c4-1aa8f7e5d3f6:c3341, c5393538-959b-47cf-9d9c-19dac7bed4ee:c3338, a2e6e0ff-38a8-4bcf-9958-a89ff312531d:c3336]
2019-07-15 13:07:02,636 INFO  client.GrpcClientProtocolClient (GrpcClientProtocolClient.java:onNext(255)) - client-B30EC828C355->c26939f8-4d1f-4fb1-95c4-1aa8f7e5d3f6: receive RaftClientReply:client-B30EC828C355->c26939f8-4d1f-4fb1-95c4-1aa8f7e5d3f6@group-D25BE8053FEA, cid=2262, SUCCESS, logIndex=3342, commits[c26939f8-4d1f-4fb1-95c4-1aa8f7e5d3f6:c3343, c5393538-959b-47cf-9d9c-19dac7bed4ee:c3341, a2e6e0ff-38a8-4bcf-9958-a89ff312531d:c3341]
2019-07-15 13:07:02,636 INFO  client.GrpcClientProtocolClient (GrpcClientProtocolClient.java:onNext(255)) - client-B30EC828C355->c26939f8-4d1f-4fb1-95c4-1aa8f7e5d3f6: receive RaftClientReply:client-B30EC828C355->c26939f8-4d1f-4fb1-95c4-1aa8f7e5d3f6@group-D25BE8053FEA, cid=2263, SUCCESS, logIndex=3343, commits[c26939f8-4d1f-4fb1-95c4-1aa8f7e5d3f6:c3343, c5393538-959b-47cf-9d9c-19dac7bed4ee:c3341, a2e6e0ff-38a8-4bcf-9958-a89ff312531d:c3341]
2019-07-15 13:07:02,651 INFO  client.GrpcClientProtocolClient (GrpcClientProtocolClient.java:onNext(255)) - client-B30EC828C355->c26939f8-4d1f-4fb1-95c4-1aa8f7e5d3f6: receive RaftClientReply:client-B30EC828C355->c26939f8-4d1f-4fb1-95c4-1aa8f7e5d3f6@group-D25BE8053FEA, cid=2264, SUCCESS, logIndex=3346, commits[c26939f8-4d1f-4fb1-95c4-1aa8f7e5d3f6:c3347, c5393538-959b-47cf-9d9c-19dac7bed4ee:c3343, a2e6e0ff-38a8-4bcf-9958-a89ff312531d:c3343]
2019-07-15 13:07:02,652 INFO  client.GrpcClientProtocolClient (GrpcClientProtocolClient.java:onNext(255)) - client-B30EC828C355->c26939f8-4d1f-4fb1-95c4-1aa8f7e5d3f6: receive RaftClientReply:client-B30EC828C355->c26939f8-4d1f-4fb1-95c4-1aa8f7e5d3f6@group-D25BE8053FEA, cid=2265, SUCCESS, logIndex=3347, commits[c26939f8-4d1f-4fb1-95c4-1aa8f7e5d3f6:c3347, c5393538-959b-47cf-9d9c-19dac7bed4ee:c3343, a2e6e0ff-38a8-4bcf-9958-a89ff312531d:c3343]
2019-07-15 13:07:02,653 INFO  client.GrpcClientProtocolClient (GrpcClientProtocolClient.java:onNext(255)) - client-B30EC828C355->c26939f8-4d1f-4fb1-95c4-1aa8f7e5d3f6: receive RaftClientReply:client-B30EC828C355->c26939f8-4d1f-4fb1-95c4-1aa8f7e5d3f6@group-D25BE8053FEA, cid=2266, SUCCESS, logIndex=0, commits[c26939f8-4d1f-4fb1-95c4-1aa8f7e5d3f6:c3348, c5393538-959b-47cf-9d9c-19dac7bed4ee:c3347, a2e6e0ff-38a8-4bcf-9958-a89ff312531d:c3347]
2019-07-15 13:07:02,693 INFO  client.GrpcClientProtocolClient (GrpcClientProtocolClient.java:onNext(255)) - client-B30EC828C355->c26939f8-4d1f-4fb1-95c4-1aa8f7e5d3f6: receive RaftClientReply:client-B30EC828C355->c26939f8-4d1f-4fb1-95c4-1aa8f7e5d3f6@group-D25BE8053FEA, cid=2267, SUCCESS, logIndex=3350, commits[c26939f8-4d1f-4fb1-95c4-1aa8f7e5d3f6:c3352, c5393538-959b-47cf-9d9c-19dac7bed4ee:c3349, a2e6e0ff-38a8-4bcf-9958-a89ff312531d:c3349]
2019-07-15 13:07:02,693 INFO  client.GrpcClientProtocolClient (GrpcClientProtocolClient.java:onNext(255)) - client-B30EC828C355->c26939f8-4d1f-4fb1-95c4-1aa8f7e5d3f6: receive RaftClientReply:client-B30EC828C355->c26939f8-4d1f-4fb1-95c4-1aa8f7e5d3f6@group-D25BE8053FEA, cid=2268, SUCCESS, logIndex=3351, commits[c26939f8-4d1f-4fb1-95c4-1aa8f7e5d3f6:c3353, c5393538-959b-47cf-9d9c-19dac7bed4ee:c3349, a2e6e0ff-38a8-4bcf-9958-a89ff312531d:c3349]
2019-07-15 13:07:02,694 INFO  client.GrpcClientProtocolClient (GrpcClientProtocolClient.java:onNext(255)) - client-B30EC828C355->c26939f8-4d1f-4fb1-95c4-1aa8f7e5d3f6: receive RaftClientReply:client-B30EC828C355->c26939f8-4d1f-4fb1-95c4-1aa8f7e5d3f6@group-D25BE8053FEA, cid=2269, SUCCESS, logIndex=3352, commits[c26939f8-4d1f-4fb1-95c4-1aa8f7e5d3f6:c3353, c5393538-959b-47cf-9d9c-19dac7bed4ee:c3349, a2e6e0ff-38a8-4bcf-9958-a89ff312531d:c3349]
2019-07-15 13:07:02,694 INFO  client.GrpcClientProtocolClient (GrpcClientProtocolClient.java:onNext(255)) - client-B30EC828C355->c26939f8-4d1f-4fb1-95c4-1aa8f7e5d3f6: receive RaftClientReply:client-B30EC828C355->c26939f8-4d1f-4fb1-95c4-1aa8f7e5d3f6@group-D25BE8053FEA, cid=2270, SUCCESS, logIndex=3353, commits[c26939f8-4d1f-4fb1-95c4-1aa8f7e5d3f6:c3353, c5393538-959b-47cf-9d9c-19dac7bed4ee:c3349, a2e6e0ff-38a8-4bcf-9958-a89ff312531d:c3349]
2019-07-15 13:07:02,706 INFO  client.GrpcClientProtocolClient (GrpcClientProtocolClient.java:onNext(255)) - client-B30EC828C355->c26939f8-4d1f-4fb1-95c4-1aa8f7e5d3f6: receive RaftClientReply:client-B30EC828C355->c26939f8-4d1f-4fb1-95c4-1aa8f7e5d3f6@group-D25BE8053FEA, cid=2271, SUCCESS, logIndex=0, commits[c26939f8-4d1f-4fb1-95c4-1aa8f7e5d3f6:c3357, c5393538-959b-47cf-9d9c-19dac7bed4ee:c3352, a2e6e0ff-38a8-4bcf-9958-a89ff312531d:c3353]
2019-07-15 13:07:02,725 INFO  client.GrpcClientProtocolClient (GrpcClientProtocolClient.java:onNext(255)) - client-B30EC828C355->c26939f8-4d1f-4fb1-95c4-1aa8f7e5d3f6: receive RaftClientReply:client-B30EC828C355->c26939f8-4d1f-4fb1-95c4-1aa8f7e5d3f6@group-D25BE8053FEA, cid=2272, SUCCESS, logIndex=3358, commits[c26939f8-4d1f-4fb1-95c4-1aa8f7e5d3f6:c3359, c5393538-959b-47cf-9d9c-19dac7bed4ee:c3357, a2e6e0ff-38a8-4bcf-9958-a89ff312531d:c3357]
2019-07-15 13:07:02,726 INFO  client.GrpcClientProtocolClient (GrpcClientProtocolClient.java:onNext(255)) - client-B30EC828C355->c26939f8-4d1f-4fb1-95c4-1aa8f7e5d3f6: receive RaftClientReply:client-B30EC828C355->c26939f8-4d1f-4fb1-95c4-1aa8f7e5d3f6@group-D25BE8053FEA, cid=2273, SUCCESS, logIndex=3359, commits[c26939f8-4d1f-4fb1-95c4-1aa8f7e5d3f6:c3359, c5393538-959b-47cf-9d9c-19dac7bed4ee:c3357, a2e6e0ff-38a8-4bcf-9958-a89ff312531d:c3357]
2019-07-15 13:07:02,739 INFO  client.GrpcClientProtocolClient (GrpcClientProtocolClient.java:onNext(255)) - client-B30EC828C355->c26939f8-4d1f-4fb1-95c4-1aa8f7e5d3f6: receive RaftClientReply:client-B30EC828C355->c26939f8-4d1f-4fb1-95c4-1aa8f7e5d3f6@group-D25BE8053FEA, cid=2274, SUCCESS, logIndex=3362, commits[c26939f8-4d1f-4fb1-95c4-1aa8f7e5d3f6:c3363, c5393538-959b-47cf-9d9c-19dac7bed4ee:c3359, a2e6e0ff-38a8-4bcf-9958-a89ff312531d:c3359]
2019-07-15 13:07:02,739 INFO  client.GrpcClientProtocolClient (GrpcClientProtocolClient.java:onNext(255)) - client-B30EC828C355->c26939f8-4d1f-4fb1-95c4-1aa8f7e5d3f6: receive RaftClientReply:client-B30EC828C355->c26939f8-4d1f-4fb1-95c4-1aa8f7e5d3f6@group-D25BE8053FEA, cid=2275, SUCCESS, logIndex=3363, commits[c26939f8-4d1f-4fb1-95c4-1aa8f7e5d3f6:c3363, c5393538-959b-47cf-9d9c-19dac7bed4ee:c3359, a2e6e0ff-38a8-4bcf-9958-a89ff312531d:c3359]
2019-07-15 13:07:02,754 INFO  client.GrpcClientProtocolClient (GrpcClientProtocolClient.java:onNext(255)) - client-B30EC828C355->c26939f8-4d1f-4fb1-95c4-1aa8f7e5d3f6: receive RaftClientReply:client-B30EC828C355->c26939f8-4d1f-4fb1-95c4-1aa8f7e5d3f6@group-D25BE8053FEA, cid=2276, SUCCESS, logIndex=0, commits[c26939f8-4d1f-4fb1-95c4-1aa8f7e5d3f6:c3365, c5393538-959b-47cf-9d9c-19dac7bed4ee:c3363, a2e6e0ff-38a8-4bcf-9958-a89ff312531d:c3363]
2019-07-15 13:07:02,782 INFO  client.GrpcClientProtocolClient (GrpcClientProtocolClient.java:onNext(255)) - client-B30EC828C355->c26939f8-4d1f-4fb1-95c4-1aa8f7e5d3f6: receive RaftClientReply:client-B30EC828C355->c26939f8-4d1f-4fb1-95c4-1aa8f7e5d3f6@group-D25BE8053FEA, cid=2277, SUCCESS, logIndex=3366, commits[c26939f8-4d1f-4fb1-95c4-1aa8f7e5d3f6:c3367, c5393538-959b-47cf-9d9c-19dac7bed4ee:c3365, a2e6e0ff-38a8-4bcf-9958-a89ff312531d:c3365]
2019-07-15 13:07:02,783 INFO  client.GrpcClientProtocolClient (GrpcClientProtocolClient.java:onNext(255)) - client-B30EC828C355->c26939f8-4d1f-4fb1-95c4-1aa8f7e5d3f6: receive RaftClientReply:client-B30EC828C355->c26939f8-4d1f-4fb1-95c4-1aa8f7e5d3f6@group-D25BE8053FEA, cid=2278, SUCCESS, logIndex=3367, commits[c26939f8-4d1f-4fb1-95c4-1aa8f7e5d3f6:c3369, c5393538-959b-47cf-9d9c-19dac7bed4ee:c3365, a2e6e0ff-38a8-4bcf-9958-a89ff312531d:c3365]
2019-07-15 13:07:02,783 INFO  client.GrpcClientProtocolClient (GrpcClientProtocolClient.java:onNext(255)) - client-B30EC828C355->c26939f8-4d1f-4fb1-95c4-1aa8f7e5d3f6: receive RaftClientReply:client-B30EC828C355->c26939f8-4d1f-4fb1-95c4-1aa8f7e5d3f6@group-D25BE8053FEA, cid=2279, SUCCESS, logIndex=3368, commits[c26939f8-4d1f-4fb1-95c4-1aa8f7e5d3f6:c3369, c5393538-959b-47cf-9d9c-19dac7bed4ee:c3365, a2e6e0ff-38a8-4bcf-9958-a89ff312531d:c3365]
2019-07-15 13:07:02,784 INFO  client.GrpcClientProtocolClient (GrpcClientProtocolClient.java:onNext(255)) - client-B30EC828C355->c26939f8-4d1f-4fb1-95c4-1aa8f7e5d3f6: receive RaftClientReply:client-B30EC828C355->c26939f8-4d1f-4fb1-95c4-1aa8f7e5d3f6@group-D25BE8053FEA, cid=2280, SUCCESS, logIndex=3369, commits[c26939f8-4d1f-4fb1-95c4-1aa8f7e5d3f6:c3369, c5393538-959b-47cf-9d9c-19dac7bed4ee:c3365, a2e6e0ff-38a8-4bcf-9958-a89ff312531d:c3365]
2019-07-15 13:07:02,797 INFO  client.GrpcClientProtocolClient (GrpcClientProtocolClient.java:onNext(255)) - client-B30EC828C355->c26939f8-4d1f-4fb1-95c4-1aa8f7e5d3f6: receive RaftClientReply:client-B30EC828C355->c26939f8-4d1f-4fb1-95c4-1aa8f7e5d3f6@group-D25BE8053FEA, cid=2281, SUCCESS, logIndex=0, commits[c26939f8-4d1f-4fb1-95c4-1aa8f7e5d3f6:c3371, c5393538-959b-47cf-9d9c-19dac7bed4ee:c3367, a2e6e0ff-38a8-4bcf-9958-a89ff312531d:c3367]
2019-07-15 13:07:02,817 INFO  client.GrpcClientProtocolClient (GrpcClientProtocolClient.java:onNext(255)) - client-B30EC828C355->c26939f8-4d1f-4fb1-95c4-1aa8f7e5d3f6: receive RaftClientReply:client-B30EC828C355->c26939f8-4d1f-4fb1-95c4-1aa8f7e5d3f6@group-D25BE8053FEA, cid=2282, SUCCESS, logIndex=3374, commits[c26939f8-4d1f-4fb1-95c4-1aa8f7e5d3f6:c3375, c5393538-959b-47cf-9d9c-19dac7bed4ee:c3373, a2e6e0ff-38a8-4bcf-9958-a89ff312531d:c3373]
2019-07-15 13:07:02,817 INFO  client.GrpcClientProtocolClient (GrpcClientProtocolClient.java:onNext(255)) - client-B30EC828C355->c26939f8-4d1f-4fb1-95c4-1aa8f7e5d3f6: receive RaftClientReply:client-B30EC828C355->c26939f8-4d1f-4fb1-95c4-1aa8f7e5d3f6@group-D25BE8053FEA, cid=2283, SUCCESS, logIndex=3375, commits[c26939f8-4d1f-4fb1-95c4-1aa8f7e5d3f6:c3375, c5393538-959b-47cf-9d9c-19dac7bed4ee:c3373, a2e6e0ff-38a8-4bcf-9958-a89ff312531d:c3373]
2019-07-15 13:07:02,834 INFO  client.GrpcClientProtocolClient (GrpcClientProtocolClient.java:onNext(255)) - client-B30EC828C355->c26939f8-4d1f-4fb1-95c4-1aa8f7e5d3f6: receive RaftClientReply:client-B30EC828C355->c26939f8-4d1f-4fb1-95c4-1aa8f7e5d3f6@group-D25BE8053FEA, cid=2284, SUCCESS, logIndex=3378, commits[c26939f8-4d1f-4fb1-95c4-1aa8f7e5d3f6:c3378, c5393538-959b-47cf-9d9c-19dac7bed4ee:c3375, a2e6e0ff-38a8-4bcf-9958-a89ff312531d:c3375]
2019-07-15 13:07:02,834 INFO  client.GrpcClientProtocolClient (GrpcClientProtocolClient.java:onNext(255)) - client-B30EC828C355->c26939f8-4d1f-4fb1-95c4-1aa8f7e5d3f6: receive RaftClientReply:client-B30EC828C355->c26939f8-4d1f-4fb1-95c4-1aa8f7e5d3f6@group-D25BE8053FEA, cid=2285, SUCCESS, logIndex=3379, commits[c26939f8-4d1f-4fb1-95c4-1aa8f7e5d3f6:c3379, c5393538-959b-47cf-9d9c-19dac7bed4ee:c3375, a2e6e0ff-38a8-4bcf-9958-a89ff312531d:c3375]
2019-07-15 13:07:02,847 INFO  client.GrpcClientProtocolClient (GrpcClientProtocolClient.java:onNext(255)) - client-B30EC828C355->c26939f8-4d1f-4fb1-95c4-1aa8f7e5d3f6: receive RaftClientReply:client-B30EC828C355->c26939f8-4d1f-4fb1-95c4-1aa8f7e5d3f6@group-D25BE8053FEA, cid=2286, SUCCESS, logIndex=0, commits[c26939f8-4d1f-4fb1-95c4-1aa8f7e5d3f6:c3381, c5393538-959b-47cf-9d9c-19dac7bed4ee:c3379, a2e6e0ff-38a8-4bcf-9958-a89ff312531d:c3379]
2019-07-15 13:07:02,887 INFO  client.GrpcClientProtocolClient (GrpcClientProtocolClient.java:onNext(255)) - client-B30EC828C355->c26939f8-4d1f-4fb1-95c4-1aa8f7e5d3f6: receive RaftClientReply:client-B30EC828C355->c26939f8-4d1f-4fb1-95c4-1aa8f7e5d3f6@group-D25BE8053FEA, cid=2287, SUCCESS, logIndex=3382, commits[c26939f8-4d1f-4fb1-95c4-1aa8f7e5d3f6:c3383, c5393538-959b-47cf-9d9c-19dac7bed4ee:c3381, a2e6e0ff-38a8-4bcf-9958-a89ff312531d:c3381]
2019-07-15 13:07:02,888 INFO  client.GrpcClientProtocolClient (GrpcClientProtocolClient.java:onNext(255)) - client-B30EC828C355->c26939f8-4d1f-4fb1-95c4-1aa8f7e5d3f6: receive RaftClientReply:client-B30EC828C355->c26939f8-4d1f-4fb1-95c4-1aa8f7e5d3f6@group-D25BE8053FEA, cid=2288, SUCCESS, logIndex=3383, commits[c26939f8-4d1f-4fb1-95c4-1aa8f7e5d3f6:c3385, c5393538-959b-47cf-9d9c-19dac7bed4ee:c3381, a2e6e0ff-38a8-4bcf-9958-a89ff312531d:c3381]
2019-07-15 13:07:02,888 INFO  client.GrpcClientProtocolClient (GrpcClientProtocolClient.java:onNext(255)) - client-B30EC828C355->c26939f8-4d1f-4fb1-95c4-1aa8f7e5d3f6: receive RaftClientReply:client-B30EC828C355->c26939f8-4d1f-4fb1-95c4-1aa8f7e5d3f6@group-D25BE8053FEA, cid=2289, SUCCESS, logIndex=3384, commits[c26939f8-4d1f-4fb1-95c4-1aa8f7e5d3f6:c3385, c5393538-959b-47cf-9d9c-19dac7bed4ee:c3381, a2e6e0ff-38a8-4bcf-9958-a89ff312531d:c3381]
2019-07-15 13:07:02,888 INFO  client.GrpcClientProtocolClient (GrpcClientProtocolClient.java:onNext(255)) - client-B30EC828C355->c26939f8-4d1f-4fb1-95c4-1aa8f7e5d3f6: receive RaftClientReply:client-B30EC828C355->c26939f8-4d1f-4fb1-95c4-1aa8f7e5d3f6@group-D25BE8053FEA, cid=2290, SUCCESS, logIndex=3385, commits[c26939f8-4d1f-4fb1-95c4-1aa8f7e5d3f6:c3385, c5393538-959b-47cf-9d9c-19dac7bed4ee:c3382, a2e6e0ff-38a8-4bcf-9958-a89ff312531d:c3381]
2019-07-15 13:07:02,889 INFO  client.GrpcClientProtocolClient (GrpcClientProtocolClient.java:onNext(255)) - client-B30EC828C355->c26939f8-4d1f-4fb1-95c4-1aa8f7e5d3f6: receive RaftClientReply:client-B30EC828C355->c26939f8-4d1f-4fb1-95c4-1aa8f7e5d3f6@group-D25BE8053FEA, cid=2291, SUCCESS, logIndex=0, commits[c26939f8-4d1f-4fb1-95c4-1aa8f7e5d3f6:c3387, c5393538-959b-47cf-9d9c-19dac7bed4ee:c3383, a2e6e0ff-38a8-4bcf-9958-a89ff312531d:c3383]
2019-07-15 13:07:02,909 INFO  client.GrpcClientProtocolClient (GrpcClientProtocolClient.java:onNext(255)) - client-B30EC828C355->c26939f8-4d1f-4fb1-95c4-1aa8f7e5d3f6: receive RaftClientReply:client-B30EC828C355->c26939f8-4d1f-4fb1-95c4-1aa8f7e5d3f6@group-D25BE8053FEA, cid=2292, SUCCESS, logIndex=3390, commits[c26939f8-4d1f-4fb1-95c4-1aa8f7e5d3f6:c3391, c5393538-959b-47cf-9d9c-19dac7bed4ee:c3389, a2e6e0ff-38a8-4bcf-9958-a89ff312531d:c3389]
2019-07-15 13:07:02,909 INFO  client.GrpcClientProtocolClient (GrpcClientProtocolClient.java:onNext(255)) - client-B30EC828C355->c26939f8-4d1f-4fb1-95c4-1aa8f7e5d3f6: receive RaftClientReply:client-B30EC828C355->c26939f8-4d1f-4fb1-95c4-1aa8f7e5d3f6@group-D25BE8053FEA, cid=2293, SUCCESS, logIndex=3391, commits[c26939f8-4d1f-4fb1-95c4-1aa8f7e5d3f6:c3391, c5393538-959b-47cf-9d9c-19dac7bed4ee:c3389, a2e6e0ff-38a8-4bcf-9958-a89ff312531d:c3389]
 0.00% |█                                                                                                    |  0/1 Time: 0:00:172019-07-15 13:07:02,931 INFO  client.GrpcClientProtocolClient (GrpcClientProtocolClient.java:onNext(255)) - client-B30EC828C355->c26939f8-4d1f-4fb1-95c4-1aa8f7e5d3f6: receive RaftClientReply:client-B30EC828C355->c26939f8-4d1f-4fb1-95c4-1aa8f7e5d3f6@group-D25BE8053FEA, cid=2294, SUCCESS, logIndex=3394, commits[c26939f8-4d1f-4fb1-95c4-1aa8f7e5d3f6:c3394, c5393538-959b-47cf-9d9c-19dac7bed4ee:c3391, a2e6e0ff-38a8-4bcf-9958-a89ff312531d:c3391]
2019-07-15 13:07:02,932 INFO  client.GrpcClientProtocolClient (GrpcClientProtocolClient.java:onNext(255)) - client-B30EC828C355->c26939f8-4d1f-4fb1-95c4-1aa8f7e5d3f6: receive RaftClientReply:client-B30EC828C355->c26939f8-4d1f-4fb1-95c4-1aa8f7e5d3f6@group-D25BE8053FEA, cid=2295, SUCCESS, logIndex=3395, commits[c26939f8-4d1f-4fb1-95c4-1aa8f7e5d3f6:c3395, c5393538-959b-47cf-9d9c-19dac7bed4ee:c3391, a2e6e0ff-38a8-4bcf-9958-a89ff312531d:c3391]
2019-07-15 13:07:02,944 INFO  client.GrpcClientProtocolClient (GrpcClientProtocolClient.java:onNext(255)) - client-B30EC828C355->c26939f8-4d1f-4fb1-95c4-1aa8f7e5d3f6: receive RaftClientReply:client-B30EC828C355->c26939f8-4d1f-4fb1-95c4-1aa8f7e5d3f6@group-D25BE8053FEA, cid=2296, SUCCESS, logIndex=0, commits[c26939f8-4d1f-4fb1-95c4-1aa8f7e5d3f6:c3397, c5393538-959b-47cf-9d9c-19dac7bed4ee:c3395, a2e6e0ff-38a8-4bcf-9958-a89ff312531d:c3395]
2019-07-15 13:07:02,974 INFO  client.GrpcClientProtocolClient (GrpcClientProtocolClient.java:onNext(255)) - client-B30EC828C355->c26939f8-4d1f-4fb1-95c4-1aa8f7e5d3f6: receive RaftClientReply:client-B30EC828C355->c26939f8-4d1f-4fb1-95c4-1aa8f7e5d3f6@group-D25BE8053FEA, cid=2297, SUCCESS, logIndex=3398, commits[c26939f8-4d1f-4fb1-95c4-1aa8f7e5d3f6:c3399, c5393538-959b-47cf-9d9c-19dac7bed4ee:c3397, a2e6e0ff-38a8-4bcf-9958-a89ff312531d:c3397]
2019-07-15 13:07:02,974 INFO  client.GrpcClientProtocolClient (GrpcClientProtocolClient.java:onNext(255)) - client-B30EC828C355->c26939f8-4d1f-4fb1-95c4-1aa8f7e5d3f6: receive RaftClientReply:client-B30EC828C355->c26939f8-4d1f-4fb1-95c4-1aa8f7e5d3f6@group-D25BE8053FEA, cid=2298, SUCCESS, logIndex=3399, commits[c26939f8-4d1f-4fb1-95c4-1aa8f7e5d3f6:c3401, c5393538-959b-47cf-9d9c-19dac7bed4ee:c3397, a2e6e0ff-38a8-4bcf-9958-a89ff312531d:c3397]
2019-07-15 13:07:02,975 INFO  client.GrpcClientProtocolClient (GrpcClientProtocolClient.java:onNext(255)) - client-B30EC828C355->c26939f8-4d1f-4fb1-95c4-1aa8f7e5d3f6: receive RaftClientReply:client-B30EC828C355->c26939f8-4d1f-4fb1-95c4-1aa8f7e5d3f6@group-D25BE8053FEA, cid=2299, SUCCESS, logIndex=3400, commits[c26939f8-4d1f-4fb1-95c4-1aa8f7e5d3f6:c3401, c5393538-959b-47cf-9d9c-19dac7bed4ee:c3397, a2e6e0ff-38a8-4bcf-9958-a89ff312531d:c3397]
2019-07-15 13:07:03,079 INFO  client.GrpcClientProtocolClient (GrpcClientProtocolClient.java:onNext(255)) - client-B30EC828C355->c26939f8-4d1f-4fb1-95c4-1aa8f7e5d3f6: receive RaftClientReply:client-B30EC828C355->c26939f8-4d1f-4fb1-95c4-1aa8f7e5d3f6@group-D25BE8053FEA, cid=2300, SUCCESS, logIndex=3401, commits[c26939f8-4d1f-4fb1-95c4-1aa8f7e5d3f6:c3401, c5393538-959b-47cf-9d9c-19dac7bed4ee:c3397, a2e6e0ff-38a8-4bcf-9958-a89ff312531d:c3397]
2019-07-15 13:07:03,081 INFO  client.GrpcClientProtocolClient (GrpcClientProtocolClient.java:onNext(255)) - client-B30EC828C355->c26939f8-4d1f-4fb1-95c4-1aa8f7e5d3f6: receive RaftClientReply:client-B30EC828C355->c26939f8-4d1f-4fb1-95c4-1aa8f7e5d3f6@group-D25BE8053FEA, cid=2301, SUCCESS, logIndex=0, commits[c26939f8-4d1f-4fb1-95c4-1aa8f7e5d3f6:c3404, c5393538-959b-47cf-9d9c-19dac7bed4ee:c3401, a2e6e0ff-38a8-4bcf-9958-a89ff312531d:c3399]
2019-07-15 13:07:03,106 INFO  client.GrpcClientProtocolClient (GrpcClientProtocolClient.java:onNext(255)) - client-B30EC828C355->c26939f8-4d1f-4fb1-95c4-1aa8f7e5d3f6: receive RaftClientReply:client-B30EC828C355->c26939f8-4d1f-4fb1-95c4-1aa8f7e5d3f6@group-D25BE8053FEA, cid=2302, SUCCESS, logIndex=3406, commits[c26939f8-4d1f-4fb1-95c4-1aa8f7e5d3f6:c3407, c5393538-959b-47cf-9d9c-19dac7bed4ee:c3401, a2e6e0ff-38a8-4bcf-9958-a89ff312531d:c3404]
2019-07-15 13:07:03,107 INFO  client.GrpcClientProtocolClient (GrpcClientProtocolClient.java:onNext(255)) - client-B30EC828C355->c26939f8-4d1f-4fb1-95c4-1aa8f7e5d3f6: receive RaftClientReply:client-B30EC828C355->c26939f8-4d1f-4fb1-95c4-1aa8f7e5d3f6@group-D25BE8053FEA, cid=2303, SUCCESS, logIndex=3407, commits[c26939f8-4d1f-4fb1-95c4-1aa8f7e5d3f6:c3407, c5393538-959b-47cf-9d9c-19dac7bed4ee:c3404, a2e6e0ff-38a8-4bcf-9958-a89ff312531d:c3404]
2019-07-15 13:07:03,176 INFO  client.GrpcClientProtocolClient (GrpcClientProtocolClient.java:onNext(255)) - client-B30EC828C355->c26939f8-4d1f-4fb1-95c4-1aa8f7e5d3f6: receive RaftClientReply:client-B30EC828C355->c26939f8-4d1f-4fb1-95c4-1aa8f7e5d3f6@group-D25BE8053FEA, cid=2304, SUCCESS, logIndex=3410, commits[c26939f8-4d1f-4fb1-95c4-1aa8f7e5d3f6:c3411, c5393538-959b-47cf-9d9c-19dac7bed4ee:c3409, a2e6e0ff-38a8-4bcf-9958-a89ff312531d:c3409]
2019-07-15 13:07:03,176 INFO  client.GrpcClientProtocolClient (GrpcClientProtocolClient.java:onNext(255)) - client-B30EC828C355->c26939f8-4d1f-4fb1-95c4-1aa8f7e5d3f6: receive RaftClientReply:client-B30EC828C355->c26939f8-4d1f-4fb1-95c4-1aa8f7e5d3f6@group-D25BE8053FEA, cid=2305, SUCCESS, logIndex=3411, commits[c26939f8-4d1f-4fb1-95c4-1aa8f7e5d3f6:c3411, c5393538-959b-47cf-9d9c-19dac7bed4ee:c3409, a2e6e0ff-38a8-4bcf-9958-a89ff312531d:c3409]
2019-07-15 13:07:03,186 INFO  client.GrpcClientProtocolClient (GrpcClientProtocolClient.java:onNext(255)) - client-B30EC828C355->c26939f8-4d1f-4fb1-95c4-1aa8f7e5d3f6: receive RaftClientReply:client-B30EC828C355->c26939f8-4d1f-4fb1-95c4-1aa8f7e5d3f6@group-D25BE8053FEA, cid=2306, SUCCESS, logIndex=0, commits[c26939f8-4d1f-4fb1-95c4-1aa8f7e5d3f6:c3412, c5393538-959b-47cf-9d9c-19dac7bed4ee:c3411, a2e6e0ff-38a8-4bcf-9958-a89ff312531d:c3411]
2019-07-15 13:07:03,220 INFO  client.GrpcClientProtocolClient (GrpcClientProtocolClient.java:onNext(255)) - client-B30EC828C355->c26939f8-4d1f-4fb1-95c4-1aa8f7e5d3f6: receive RaftClientReply:client-B30EC828C355->c26939f8-4d1f-4fb1-95c4-1aa8f7e5d3f6@group-D25BE8053FEA, cid=2307, SUCCESS, logIndex=3414, commits[c26939f8-4d1f-4fb1-95c4-1aa8f7e5d3f6:c3415, c5393538-959b-47cf-9d9c-19dac7bed4ee:c3413, a2e6e0ff-38a8-4bcf-9958-a89ff312531d:c3413]
2019-07-15 13:07:03,220 INFO  client.GrpcClientProtocolClient (GrpcClientProtocolClient.java:onNext(255)) - client-B30EC828C355->c26939f8-4d1f-4fb1-95c4-1aa8f7e5d3f6: receive RaftClientReply:client-B30EC828C355->c26939f8-4d1f-4fb1-95c4-1aa8f7e5d3f6@group-D25BE8053FEA, cid=2308, SUCCESS, logIndex=3415, commits[c26939f8-4d1f-4fb1-95c4-1aa8f7e5d3f6:c3417, c5393538-959b-47cf-9d9c-19dac7bed4ee:c3413, a2e6e0ff-38a8-4bcf-9958-a89ff312531d:c3413]
2019-07-15 13:07:03,221 INFO  client.GrpcClientProtocolClient (GrpcClientProtocolClient.java:onNext(255)) - client-B30EC828C355->c26939f8-4d1f-4fb1-95c4-1aa8f7e5d3f6: receive RaftClientReply:client-B30EC828C355->c26939f8-4d1f-4fb1-95c4-1aa8f7e5d3f6@group-D25BE8053FEA, cid=2309, SUCCESS, logIndex=3416, commits[c26939f8-4d1f-4fb1-95c4-1aa8f7e5d3f6:c3417, c5393538-959b-47cf-9d9c-19dac7bed4ee:c3413, a2e6e0ff-38a8-4bcf-9958-a89ff312531d:c3413]
2019-07-15 13:07:03,221 INFO  client.GrpcClientProtocolClient (GrpcClientProtocolClient.java:onNext(255)) - client-B30EC828C355->c26939f8-4d1f-4fb1-95c4-1aa8f7e5d3f6: receive RaftClientReply:client-B30EC828C355->c26939f8-4d1f-4fb1-95c4-1aa8f7e5d3f6@group-D25BE8053FEA, cid=2310, SUCCESS, logIndex=3417, commits[c26939f8-4d1f-4fb1-95c4-1aa8f7e5d3f6:c3417, c5393538-959b-47cf-9d9c-19dac7bed4ee:c3413, a2e6e0ff-38a8-4bcf-9958-a89ff312531d:c3413]
2019-07-15 13:07:03,223 INFO  client.GrpcClientProtocolClient (GrpcClientProtocolClient.java:onNext(255)) - client-B30EC828C355->c26939f8-4d1f-4fb1-95c4-1aa8f7e5d3f6: receive RaftClientReply:client-B30EC828C355->c26939f8-4d1f-4fb1-95c4-1aa8f7e5d3f6@group-D25BE8053FEA, cid=2311, SUCCESS, logIndex=0, commits[c26939f8-4d1f-4fb1-95c4-1aa8f7e5d3f6:c3419, c5393538-959b-47cf-9d9c-19dac7bed4ee:c3415, a2e6e0ff-38a8-4bcf-9958-a89ff312531d:c3416]
2019-07-15 13:07:03,245 INFO  client.GrpcClientProtocolClient (GrpcClientProtocolClient.java:onNext(255)) - client-B30EC828C355->c26939f8-4d1f-4fb1-95c4-1aa8f7e5d3f6: receive RaftClientReply:client-B30EC828C355->c26939f8-4d1f-4fb1-95c4-1aa8f7e5d3f6@group-D25BE8053FEA, cid=2312, SUCCESS, logIndex=3422, commits[c26939f8-4d1f-4fb1-95c4-1aa8f7e5d3f6:c3423, c5393538-959b-47cf-9d9c-19dac7bed4ee:c3421, a2e6e0ff-38a8-4bcf-9958-a89ff312531d:c3421]
2019-07-15 13:07:03,246 INFO  client.GrpcClientProtocolClient (GrpcClientProtocolClient.java:onNext(255)) - client-B30EC828C355->c26939f8-4d1f-4fb1-95c4-1aa8f7e5d3f6: receive RaftClientReply:client-B30EC828C355->c26939f8-4d1f-4fb1-95c4-1aa8f7e5d3f6@group-D25BE8053FEA, cid=2313, SUCCESS, logIndex=3423, commits[c26939f8-4d1f-4fb1-95c4-1aa8f7e5d3f6:c3423, c5393538-959b-47cf-9d9c-19dac7bed4ee:c3421, a2e6e0ff-38a8-4bcf-9958-a89ff312531d:c3421]
2019-07-15 13:07:03,258 INFO  client.GrpcClientProtocolClient (GrpcClientProtocolClient.java:onNext(255)) - client-B30EC828C355->c26939f8-4d1f-4fb1-95c4-1aa8f7e5d3f6: receive RaftClientReply:client-B30EC828C355->c26939f8-4d1f-4fb1-95c4-1aa8f7e5d3f6@group-D25BE8053FEA, cid=2314, SUCCESS, logIndex=3426, commits[c26939f8-4d1f-4fb1-95c4-1aa8f7e5d3f6:c3427, c5393538-959b-47cf-9d9c-19dac7bed4ee:c3423, a2e6e0ff-38a8-4bcf-9958-a89ff312531d:c3422]
2019-07-15 13:07:03,259 INFO  client.GrpcClientProtocolClient (GrpcClientProtocolClient.java:onNext(255)) - client-B30EC828C355->c26939f8-4d1f-4fb1-95c4-1aa8f7e5d3f6: receive RaftClientReply:client-B30EC828C355->c26939f8-4d1f-4fb1-95c4-1aa8f7e5d3f6@group-D25BE8053FEA, cid=2315, SUCCESS, logIndex=3427, commits[c26939f8-4d1f-4fb1-95c4-1aa8f7e5d3f6:c3427, c5393538-959b-47cf-9d9c-19dac7bed4ee:c3423, a2e6e0ff-38a8-4bcf-9958-a89ff312531d:c3423]
2019-07-15 13:07:03,261 INFO  client.GrpcClientProtocolClient (GrpcClientProtocolClient.java:onNext(255)) - client-B30EC828C355->c26939f8-4d1f-4fb1-95c4-1aa8f7e5d3f6: receive RaftClientReply:client-B30EC828C355->c26939f8-4d1f-4fb1-95c4-1aa8f7e5d3f6@group-D25BE8053FEA, cid=2316, SUCCESS, logIndex=0, commits[c26939f8-4d1f-4fb1-95c4-1aa8f7e5d3f6:c3429, c5393538-959b-47cf-9d9c-19dac7bed4ee:c3427, a2e6e0ff-38a8-4bcf-9958-a89ff312531d:c3427]
2019-07-15 13:07:03,294 INFO  client.GrpcClientProtocolClient (GrpcClientProtocolClient.java:onNext(255)) - client-B30EC828C355->c26939f8-4d1f-4fb1-95c4-1aa8f7e5d3f6: receive RaftClientReply:client-B30EC828C355->c26939f8-4d1f-4fb1-95c4-1aa8f7e5d3f6@group-D25BE8053FEA, cid=2317, SUCCESS, logIndex=3430, commits[c26939f8-4d1f-4fb1-95c4-1aa8f7e5d3f6:c3431, c5393538-959b-47cf-9d9c-19dac7bed4ee:c3429, a2e6e0ff-38a8-4bcf-9958-a89ff312531d:c3429]
2019-07-15 13:07:03,294 INFO  client.GrpcClientProtocolClient (GrpcClientProtocolClient.java:onNext(255)) - client-B30EC828C355->c26939f8-4d1f-4fb1-95c4-1aa8f7e5d3f6: receive RaftClientReply:client-B30EC828C355->c26939f8-4d1f-4fb1-95c4-1aa8f7e5d3f6@group-D25BE8053FEA, cid=2318, SUCCESS, logIndex=3431, commits[c26939f8-4d1f-4fb1-95c4-1aa8f7e5d3f6:c3433, c5393538-959b-47cf-9d9c-19dac7bed4ee:c3429, a2e6e0ff-38a8-4bcf-9958-a89ff312531d:c3429]
2019-07-15 13:07:03,295 INFO  client.GrpcClientProtocolClient (GrpcClientProtocolClient.java:onNext(255)) - client-B30EC828C355->c26939f8-4d1f-4fb1-95c4-1aa8f7e5d3f6: receive RaftClientReply:client-B30EC828C355->c26939f8-4d1f-4fb1-95c4-1aa8f7e5d3f6@group-D25BE8053FEA, cid=2319, SUCCESS, logIndex=3432, commits[c26939f8-4d1f-4fb1-95c4-1aa8f7e5d3f6:c3433, c5393538-959b-47cf-9d9c-19dac7bed4ee:c3429, a2e6e0ff-38a8-4bcf-9958-a89ff312531d:c3429]
2019-07-15 13:07:03,295 INFO  client.GrpcClientProtocolClient (GrpcClientProtocolClient.java:onNext(255)) - client-B30EC828C355->c26939f8-4d1f-4fb1-95c4-1aa8f7e5d3f6: receive RaftClientReply:client-B30EC828C355->c26939f8-4d1f-4fb1-95c4-1aa8f7e5d3f6@group-D25BE8053FEA, cid=2320, SUCCESS, logIndex=3433, commits[c26939f8-4d1f-4fb1-95c4-1aa8f7e5d3f6:c3433, c5393538-959b-47cf-9d9c-19dac7bed4ee:c3429, a2e6e0ff-38a8-4bcf-9958-a89ff312531d:c3429]
2019-07-15 13:07:03,308 INFO  client.GrpcClientProtocolClient (GrpcClientProtocolClient.java:onNext(255)) - client-B30EC828C355->c26939f8-4d1f-4fb1-95c4-1aa8f7e5d3f6: receive RaftClientReply:client-B30EC828C355->c26939f8-4d1f-4fb1-95c4-1aa8f7e5d3f6@group-D25BE8053FEA, cid=2321, SUCCESS, logIndex=0, commits[c26939f8-4d1f-4fb1-95c4-1aa8f7e5d3f6:c3435, c5393538-959b-47cf-9d9c-19dac7bed4ee:c3431, a2e6e0ff-38a8-4bcf-9958-a89ff312531d:c3431]
2019-07-15 13:07:03,328 INFO  client.GrpcClientProtocolClient (GrpcClientProtocolClient.java:onNext(255)) - client-B30EC828C355->c26939f8-4d1f-4fb1-95c4-1aa8f7e5d3f6: receive RaftClientReply:client-B30EC828C355->c26939f8-4d1f-4fb1-95c4-1aa8f7e5d3f6@group-D25BE8053FEA, cid=2322, SUCCESS, logIndex=3437, commits[c26939f8-4d1f-4fb1-95c4-1aa8f7e5d3f6:c3438, c5393538-959b-47cf-9d9c-19dac7bed4ee:c3436, a2e6e0ff-38a8-4bcf-9958-a89ff312531d:c3436]
2019-07-15 13:07:03,329 INFO  client.GrpcClientProtocolClient (GrpcClientProtocolClient.java:onNext(255)) - client-B30EC828C355->c26939f8-4d1f-4fb1-95c4-1aa8f7e5d3f6: receive RaftClientReply:client-B30EC828C355->c26939f8-4d1f-4fb1-95c4-1aa8f7e5d3f6@group-D25BE8053FEA, cid=2323, SUCCESS, logIndex=3438, commits[c26939f8-4d1f-4fb1-95c4-1aa8f7e5d3f6:c3438, c5393538-959b-47cf-9d9c-19dac7bed4ee:c3436, a2e6e0ff-38a8-4bcf-9958-a89ff312531d:c3436]
2019-07-15 13:07:03,342 INFO  client.GrpcClientProtocolClient (GrpcClientProtocolClient.java:onNext(255)) - client-B30EC828C355->c26939f8-4d1f-4fb1-95c4-1aa8f7e5d3f6: receive RaftClientReply:client-B30EC828C355->c26939f8-4d1f-4fb1-95c4-1aa8f7e5d3f6@group-D25BE8053FEA, cid=2324, SUCCESS, logIndex=3441, commits[c26939f8-4d1f-4fb1-95c4-1aa8f7e5d3f6:c3442, c5393538-959b-47cf-9d9c-19dac7bed4ee:c3438, a2e6e0ff-38a8-4bcf-9958-a89ff312531d:c3438]
2019-07-15 13:07:03,342 INFO  client.GrpcClientProtocolClient (GrpcClientProtocolClient.java:onNext(255)) - client-B30EC828C355->c26939f8-4d1f-4fb1-95c4-1aa8f7e5d3f6: receive RaftClientReply:client-B30EC828C355->c26939f8-4d1f-4fb1-95c4-1aa8f7e5d3f6@group-D25BE8053FEA, cid=2325, SUCCESS, logIndex=3442, commits[c26939f8-4d1f-4fb1-95c4-1aa8f7e5d3f6:c3442, c5393538-959b-47cf-9d9c-19dac7bed4ee:c3438, a2e6e0ff-38a8-4bcf-9958-a89ff312531d:c3438]
2019-07-15 13:07:03,353 INFO  client.GrpcClientProtocolClient (GrpcClientProtocolClient.java:onNext(255)) - client-B30EC828C355->c26939f8-4d1f-4fb1-95c4-1aa8f7e5d3f6: receive RaftClientReply:client-B30EC828C355->c26939f8-4d1f-4fb1-95c4-1aa8f7e5d3f6@group-D25BE8053FEA, cid=2326, SUCCESS, logIndex=0, commits[c26939f8-4d1f-4fb1-95c4-1aa8f7e5d3f6:c3443, c5393538-959b-47cf-9d9c-19dac7bed4ee:c3442, a2e6e0ff-38a8-4bcf-9958-a89ff312531d:c3442]
2019-07-15 13:07:03,383 INFO  client.GrpcClientProtocolClient (GrpcClientProtocolClient.java:onNext(255)) - client-B30EC828C355->c26939f8-4d1f-4fb1-95c4-1aa8f7e5d3f6: receive RaftClientReply:client-B30EC828C355->c26939f8-4d1f-4fb1-95c4-1aa8f7e5d3f6@group-D25BE8053FEA, cid=2327, SUCCESS, logIndex=3445, commits[c26939f8-4d1f-4fb1-95c4-1aa8f7e5d3f6:c3446, c5393538-959b-47cf-9d9c-19dac7bed4ee:c3444, a2e6e0ff-38a8-4bcf-9958-a89ff312531d:c3444]
2019-07-15 13:07:03,383 INFO  client.GrpcClientProtocolClient (GrpcClientProtocolClient.java:onNext(255)) - client-B30EC828C355->c26939f8-4d1f-4fb1-95c4-1aa8f7e5d3f6: receive RaftClientReply:client-B30EC828C355->c26939f8-4d1f-4fb1-95c4-1aa8f7e5d3f6@group-D25BE8053FEA, cid=2328, SUCCESS, logIndex=3446, commits[c26939f8-4d1f-4fb1-95c4-1aa8f7e5d3f6:c3447, c5393538-959b-47cf-9d9c-19dac7bed4ee:c3444, a2e6e0ff-38a8-4bcf-9958-a89ff312531d:c3444]
2019-07-15 13:07:03,384 INFO  client.GrpcClientProtocolClient (GrpcClientProtocolClient.java:onNext(255)) - client-B30EC828C355->c26939f8-4d1f-4fb1-95c4-1aa8f7e5d3f6: receive RaftClientReply:client-B30EC828C355->c26939f8-4d1f-4fb1-95c4-1aa8f7e5d3f6@group-D25BE8053FEA, cid=2329, SUCCESS, logIndex=3447, commits[c26939f8-4d1f-4fb1-95c4-1aa8f7e5d3f6:c3448, c5393538-959b-47cf-9d9c-19dac7bed4ee:c3444, a2e6e0ff-38a8-4bcf-9958-a89ff312531d:c3444]
2019-07-15 13:07:03,384 INFO  client.GrpcClientProtocolClient (GrpcClientProtocolClient.java:onNext(255)) - client-B30EC828C355->c26939f8-4d1f-4fb1-95c4-1aa8f7e5d3f6: receive RaftClientReply:client-B30EC828C355->c26939f8-4d1f-4fb1-95c4-1aa8f7e5d3f6@group-D25BE8053FEA, cid=2330, SUCCESS, logIndex=3448, commits[c26939f8-4d1f-4fb1-95c4-1aa8f7e5d3f6:c3448, c5393538-959b-47cf-9d9c-19dac7bed4ee:c3444, a2e6e0ff-38a8-4bcf-9958-a89ff312531d:c3444]
2019-07-15 13:07:03,397 INFO  client.GrpcClientProtocolClient (GrpcClientProtocolClient.java:onNext(255)) - client-B30EC828C355->c26939f8-4d1f-4fb1-95c4-1aa8f7e5d3f6: receive RaftClientReply:client-B30EC828C355->c26939f8-4d1f-4fb1-95c4-1aa8f7e5d3f6@group-D25BE8053FEA, cid=2331, SUCCESS, logIndex=0, commits[c26939f8-4d1f-4fb1-95c4-1aa8f7e5d3f6:c3450, c5393538-959b-47cf-9d9c-19dac7bed4ee:c3446, a2e6e0ff-38a8-4bcf-9958-a89ff312531d:c3446]
2019-07-15 13:07:03,418 INFO  client.GrpcClientProtocolClient (GrpcClientProtocolClient.java:onNext(255)) - client-B30EC828C355->c26939f8-4d1f-4fb1-95c4-1aa8f7e5d3f6: receive RaftClientReply:client-B30EC828C355->c26939f8-4d1f-4fb1-95c4-1aa8f7e5d3f6@group-D25BE8053FEA, cid=2332, SUCCESS, logIndex=3453, commits[c26939f8-4d1f-4fb1-95c4-1aa8f7e5d3f6:c3454, c5393538-959b-47cf-9d9c-19dac7bed4ee:c3452, a2e6e0ff-38a8-4bcf-9958-a89ff312531d:c3452]
2019-07-15 13:07:03,419 INFO  client.GrpcClientProtocolClient (GrpcClientProtocolClient.java:onNext(255)) - client-B30EC828C355->c26939f8-4d1f-4fb1-95c4-1aa8f7e5d3f6: receive RaftClientReply:client-B30EC828C355->c26939f8-4d1f-4fb1-95c4-1aa8f7e5d3f6@group-D25BE8053FEA, cid=2333, SUCCESS, logIndex=3454, commits[c26939f8-4d1f-4fb1-95c4-1aa8f7e5d3f6:c3454, c5393538-959b-47cf-9d9c-19dac7bed4ee:c3452, a2e6e0ff-38a8-4bcf-9958-a89ff312531d:c3452]
2019-07-15 13:07:03,441 INFO  client.GrpcClientProtocolClient (GrpcClientProtocolClient.java:onNext(255)) - client-B30EC828C355->c26939f8-4d1f-4fb1-95c4-1aa8f7e5d3f6: receive RaftClientReply:client-B30EC828C355->c26939f8-4d1f-4fb1-95c4-1aa8f7e5d3f6@group-D25BE8053FEA, cid=2334, SUCCESS, logIndex=3457, commits[c26939f8-4d1f-4fb1-95c4-1aa8f7e5d3f6:c3458, c5393538-959b-47cf-9d9c-19dac7bed4ee:c3453, a2e6e0ff-38a8-4bcf-9958-a89ff312531d:c3454]
2019-07-15 13:07:03,441 INFO  client.GrpcClientProtocolClient (GrpcClientProtocolClient.java:onNext(255)) - client-B30EC828C355->c26939f8-4d1f-4fb1-95c4-1aa8f7e5d3f6: receive RaftClientReply:client-B30EC828C355->c26939f8-4d1f-4fb1-95c4-1aa8f7e5d3f6@group-D25BE8053FEA, cid=2335, SUCCESS, logIndex=3458, commits[c26939f8-4d1f-4fb1-95c4-1aa8f7e5d3f6:c3458, c5393538-959b-47cf-9d9c-19dac7bed4ee:c3454, a2e6e0ff-38a8-4bcf-9958-a89ff312531d:c3454]
2019-07-15 13:07:03,453 INFO  client.GrpcClientProtocolClient (GrpcClientProtocolClient.java:onNext(255)) - client-B30EC828C355->c26939f8-4d1f-4fb1-95c4-1aa8f7e5d3f6: receive RaftClientReply:client-B30EC828C355->c26939f8-4d1f-4fb1-95c4-1aa8f7e5d3f6@group-D25BE8053FEA, cid=2336, SUCCESS, logIndex=0, commits[c26939f8-4d1f-4fb1-95c4-1aa8f7e5d3f6:c3459, c5393538-959b-47cf-9d9c-19dac7bed4ee:c3458, a2e6e0ff-38a8-4bcf-9958-a89ff312531d:c3458]
2019-07-15 13:07:03,491 INFO  client.GrpcClientProtocolClient (GrpcClientProtocolClient.java:onNext(255)) - client-B30EC828C355->c26939f8-4d1f-4fb1-95c4-1aa8f7e5d3f6: receive RaftClientReply:client-B30EC828C355->c26939f8-4d1f-4fb1-95c4-1aa8f7e5d3f6@group-D25BE8053FEA, cid=2337, SUCCESS, logIndex=3460, commits[c26939f8-4d1f-4fb1-95c4-1aa8f7e5d3f6:c3461, c5393538-959b-47cf-9d9c-19dac7bed4ee:c3459, a2e6e0ff-38a8-4bcf-9958-a89ff312531d:c3459]
2019-07-15 13:07:03,492 INFO  client.GrpcClientProtocolClient (GrpcClientProtocolClient.java:onNext(255)) - client-B30EC828C355->c26939f8-4d1f-4fb1-95c4-1aa8f7e5d3f6: receive RaftClientReply:client-B30EC828C355->c26939f8-4d1f-4fb1-95c4-1aa8f7e5d3f6@group-D25BE8053FEA, cid=2338, SUCCESS, logIndex=3461, commits[c26939f8-4d1f-4fb1-95c4-1aa8f7e5d3f6:c3461, c5393538-959b-47cf-9d9c-19dac7bed4ee:c3459, a2e6e0ff-38a8-4bcf-9958-a89ff312531d:c3459]
2019-07-15 13:07:03,492 INFO  client.GrpcClientProtocolClient (GrpcClientProtocolClient.java:onNext(255)) - client-B30EC828C355->c26939f8-4d1f-4fb1-95c4-1aa8f7e5d3f6: receive RaftClientReply:client-B30EC828C355->c26939f8-4d1f-4fb1-95c4-1aa8f7e5d3f6@group-D25BE8053FEA, cid=2339, SUCCESS, logIndex=3462, commits[c26939f8-4d1f-4fb1-95c4-1aa8f7e5d3f6:c3463, c5393538-959b-47cf-9d9c-19dac7bed4ee:c3459, a2e6e0ff-38a8-4bcf-9958-a89ff312531d:c3459]
2019-07-15 13:07:03,493 INFO  client.GrpcClientProtocolClient (GrpcClientProtocolClient.java:onNext(255)) - client-B30EC828C355->c26939f8-4d1f-4fb1-95c4-1aa8f7e5d3f6: receive RaftClientReply:client-B30EC828C355->c26939f8-4d1f-4fb1-95c4-1aa8f7e5d3f6@group-D25BE8053FEA, cid=2340, SUCCESS, logIndex=3463, commits[c26939f8-4d1f-4fb1-95c4-1aa8f7e5d3f6:c3463, c5393538-959b-47cf-9d9c-19dac7bed4ee:c3459, a2e6e0ff-38a8-4bcf-9958-a89ff312531d:c3459]
2019-07-15 13:07:03,494 INFO  client.GrpcClientProtocolClient (GrpcClientProtocolClient.java:onNext(255)) - client-B30EC828C355->c26939f8-4d1f-4fb1-95c4-1aa8f7e5d3f6: receive RaftClientReply:client-B30EC828C355->c26939f8-4d1f-4fb1-95c4-1aa8f7e5d3f6@group-D25BE8053FEA, cid=2341, SUCCESS, logIndex=0, commits[c26939f8-4d1f-4fb1-95c4-1aa8f7e5d3f6:c3465, c5393538-959b-47cf-9d9c-19dac7bed4ee:c3461, a2e6e0ff-38a8-4bcf-9958-a89ff312531d:c3461]
2019-07-15 13:07:03,514 INFO  client.GrpcClientProtocolClient (GrpcClientProtocolClient.java:onNext(255)) - client-B30EC828C355->c26939f8-4d1f-4fb1-95c4-1aa8f7e5d3f6: receive RaftClientReply:client-B30EC828C355->c26939f8-4d1f-4fb1-95c4-1aa8f7e5d3f6@group-D25BE8053FEA, cid=2342, SUCCESS, logIndex=3468, commits[c26939f8-4d1f-4fb1-95c4-1aa8f7e5d3f6:c3469, c5393538-959b-47cf-9d9c-19dac7bed4ee:c3467, a2e6e0ff-38a8-4bcf-9958-a89ff312531d:c3467]
2019-07-15 13:07:03,514 INFO  client.GrpcClientProtocolClient (GrpcClientProtocolClient.java:onNext(255)) - client-B30EC828C355->c26939f8-4d1f-4fb1-95c4-1aa8f7e5d3f6: receive RaftClientReply:client-B30EC828C355->c26939f8-4d1f-4fb1-95c4-1aa8f7e5d3f6@group-D25BE8053FEA, cid=2343, SUCCESS, logIndex=3469, commits[c26939f8-4d1f-4fb1-95c4-1aa8f7e5d3f6:c3469, c5393538-959b-47cf-9d9c-19dac7bed4ee:c3467, a2e6e0ff-38a8-4bcf-9958-a89ff312531d:c3467]
2019-07-15 13:07:03,528 INFO  client.GrpcClientProtocolClient (GrpcClientProtocolClient.java:onNext(255)) - client-B30EC828C355->c26939f8-4d1f-4fb1-95c4-1aa8f7e5d3f6: receive RaftClientReply:client-B30EC828C355->c26939f8-4d1f-4fb1-95c4-1aa8f7e5d3f6@group-D25BE8053FEA, cid=2344, SUCCESS, logIndex=3472, commits[c26939f8-4d1f-4fb1-95c4-1aa8f7e5d3f6:c3473, c5393538-959b-47cf-9d9c-19dac7bed4ee:c3469, a2e6e0ff-38a8-4bcf-9958-a89ff312531d:c3469]
2019-07-15 13:07:03,528 INFO  client.GrpcClientProtocolClient (GrpcClientProtocolClient.java:onNext(255)) - client-B30EC828C355->c26939f8-4d1f-4fb1-95c4-1aa8f7e5d3f6: receive RaftClientReply:client-B30EC828C355->c26939f8-4d1f-4fb1-95c4-1aa8f7e5d3f6@group-D25BE8053FEA, cid=2345, SUCCESS, logIndex=3473, commits[c26939f8-4d1f-4fb1-95c4-1aa8f7e5d3f6:c3473, c5393538-959b-47cf-9d9c-19dac7bed4ee:c3469, a2e6e0ff-38a8-4bcf-9958-a89ff312531d:c3469]
2019-07-15 13:07:03,543 INFO  client.GrpcClientProtocolClient (GrpcClientProtocolClient.java:onNext(255)) - client-B30EC828C355->c26939f8-4d1f-4fb1-95c4-1aa8f7e5d3f6: receive RaftClientReply:client-B30EC828C355->c26939f8-4d1f-4fb1-95c4-1aa8f7e5d3f6@group-D25BE8053FEA, cid=2346, SUCCESS, logIndex=0, commits[c26939f8-4d1f-4fb1-95c4-1aa8f7e5d3f6:c3475, c5393538-959b-47cf-9d9c-19dac7bed4ee:c3473, a2e6e0ff-38a8-4bcf-9958-a89ff312531d:c3473]
2019-07-15 13:07:03,573 INFO  client.GrpcClientProtocolClient (GrpcClientProtocolClient.java:onNext(255)) - client-B30EC828C355->c26939f8-4d1f-4fb1-95c4-1aa8f7e5d3f6: receive RaftClientReply:client-B30EC828C355->c26939f8-4d1f-4fb1-95c4-1aa8f7e5d3f6@group-D25BE8053FEA, cid=2347, SUCCESS, logIndex=3476, commits[c26939f8-4d1f-4fb1-95c4-1aa8f7e5d3f6:c3477, c5393538-959b-47cf-9d9c-19dac7bed4ee:c3475, a2e6e0ff-38a8-4bcf-9958-a89ff312531d:c3475]
2019-07-15 13:07:03,574 INFO  client.GrpcClientProtocolClient (GrpcClientProtocolClient.java:onNext(255)) - client-B30EC828C355->c26939f8-4d1f-4fb1-95c4-1aa8f7e5d3f6: receive RaftClientReply:client-B30EC828C355->c26939f8-4d1f-4fb1-95c4-1aa8f7e5d3f6@group-D25BE8053FEA, cid=2348, SUCCESS, logIndex=3477, commits[c26939f8-4d1f-4fb1-95c4-1aa8f7e5d3f6:c3478, c5393538-959b-47cf-9d9c-19dac7bed4ee:c3475, a2e6e0ff-38a8-4bcf-9958-a89ff312531d:c3475]
2019-07-15 13:07:03,575 INFO  client.GrpcClientProtocolClient (GrpcClientProtocolClient.java:onNext(255)) - client-B30EC828C355->c26939f8-4d1f-4fb1-95c4-1aa8f7e5d3f6: receive RaftClientReply:client-B30EC828C355->c26939f8-4d1f-4fb1-95c4-1aa8f7e5d3f6@group-D25BE8053FEA, cid=2349, SUCCESS, logIndex=3478, commits[c26939f8-4d1f-4fb1-95c4-1aa8f7e5d3f6:c3479, c5393538-959b-47cf-9d9c-19dac7bed4ee:c3475, a2e6e0ff-38a8-4bcf-9958-a89ff312531d:c3475]
2019-07-15 13:07:03,575 INFO  client.GrpcClientProtocolClient (GrpcClientProtocolClient.java:onNext(255)) - client-B30EC828C355->c26939f8-4d1f-4fb1-95c4-1aa8f7e5d3f6: receive RaftClientReply:client-B30EC828C355->c26939f8-4d1f-4fb1-95c4-1aa8f7e5d3f6@group-D25BE8053FEA, cid=2350, SUCCESS, logIndex=3479, commits[c26939f8-4d1f-4fb1-95c4-1aa8f7e5d3f6:c3479, c5393538-959b-47cf-9d9c-19dac7bed4ee:c3475, a2e6e0ff-38a8-4bcf-9958-a89ff312531d:c3475]
2019-07-15 13:07:03,578 INFO  client.GrpcClientProtocolClient (GrpcClientProtocolClient.java:onNext(255)) - client-B30EC828C355->c26939f8-4d1f-4fb1-95c4-1aa8f7e5d3f6: receive RaftClientReply:client-B30EC828C355->c26939f8-4d1f-4fb1-95c4-1aa8f7e5d3f6@group-D25BE8053FEA, cid=2351, SUCCESS, logIndex=0, commits[c26939f8-4d1f-4fb1-95c4-1aa8f7e5d3f6:c3481, c5393538-959b-47cf-9d9c-19dac7bed4ee:c3477, a2e6e0ff-38a8-4bcf-9958-a89ff312531d:c3477]
2019-07-15 13:07:03,590 INFO  client.GrpcClientProtocolClient (GrpcClientProtocolClient.java:onNext(255)) - client-B30EC828C355->c26939f8-4d1f-4fb1-95c4-1aa8f7e5d3f6: receive RaftClientReply:client-B30EC828C355->c26939f8-4d1f-4fb1-95c4-1aa8f7e5d3f6@group-D25BE8053FEA, cid=2352, SUCCESS, logIndex=3484, commits[c26939f8-4d1f-4fb1-95c4-1aa8f7e5d3f6:c3485, c5393538-959b-47cf-9d9c-19dac7bed4ee:c3483, a2e6e0ff-38a8-4bcf-9958-a89ff312531d:c3479]
2019-07-15 13:07:03,590 INFO  client.GrpcClientProtocolClient (GrpcClientProtocolClient.java:onNext(255)) - client-B30EC828C355->c26939f8-4d1f-4fb1-95c4-1aa8f7e5d3f6: receive RaftClientReply:client-B30EC828C355->c26939f8-4d1f-4fb1-95c4-1aa8f7e5d3f6@group-D25BE8053FEA, cid=2353, SUCCESS, logIndex=3485, commits[c26939f8-4d1f-4fb1-95c4-1aa8f7e5d3f6:c3485, c5393538-959b-47cf-9d9c-19dac7bed4ee:c3483, a2e6e0ff-38a8-4bcf-9958-a89ff312531d:c3479]
2019-07-15 13:07:03,606 INFO  client.GrpcClientProtocolClient (GrpcClientProtocolClient.java:onNext(255)) - client-B30EC828C355->c26939f8-4d1f-4fb1-95c4-1aa8f7e5d3f6: receive RaftClientReply:client-B30EC828C355->c26939f8-4d1f-4fb1-95c4-1aa8f7e5d3f6@group-D25BE8053FEA, cid=2354, SUCCESS, logIndex=3488, commits[c26939f8-4d1f-4fb1-95c4-1aa8f7e5d3f6:c3489, c5393538-959b-47cf-9d9c-19dac7bed4ee:c3486, a2e6e0ff-38a8-4bcf-9958-a89ff312531d:c3486]
2019-07-15 13:07:03,606 INFO  client.GrpcClientProtocolClient (GrpcClientProtocolClient.java:onNext(255)) - client-B30EC828C355->c26939f8-4d1f-4fb1-95c4-1aa8f7e5d3f6: receive RaftClientReply:client-B30EC828C355->c26939f8-4d1f-4fb1-95c4-1aa8f7e5d3f6@group-D25BE8053FEA, cid=2355, SUCCESS, logIndex=3489, commits[c26939f8-4d1f-4fb1-95c4-1aa8f7e5d3f6:c3489, c5393538-959b-47cf-9d9c-19dac7bed4ee:c3486, a2e6e0ff-38a8-4bcf-9958-a89ff312531d:c3486]
2019-07-15 13:07:03,621 INFO  client.GrpcClientProtocolClient (GrpcClientProtocolClient.java:onNext(255)) - client-B30EC828C355->c26939f8-4d1f-4fb1-95c4-1aa8f7e5d3f6: receive RaftClientReply:client-B30EC828C355->c26939f8-4d1f-4fb1-95c4-1aa8f7e5d3f6@group-D25BE8053FEA, cid=2356, SUCCESS, logIndex=0, commits[c26939f8-4d1f-4fb1-95c4-1aa8f7e5d3f6:c3491, c5393538-959b-47cf-9d9c-19dac7bed4ee:c3489, a2e6e0ff-38a8-4bcf-9958-a89ff312531d:c3489]
2019-07-15 13:07:03,648 INFO  client.GrpcClientProtocolClient (GrpcClientProtocolClient.java:onNext(255)) - client-B30EC828C355->c26939f8-4d1f-4fb1-95c4-1aa8f7e5d3f6: receive RaftClientReply:client-B30EC828C355->c26939f8-4d1f-4fb1-95c4-1aa8f7e5d3f6@group-D25BE8053FEA, cid=2357, SUCCESS, logIndex=3492, commits[c26939f8-4d1f-4fb1-95c4-1aa8f7e5d3f6:c3493, c5393538-959b-47cf-9d9c-19dac7bed4ee:c3491, a2e6e0ff-38a8-4bcf-9958-a89ff312531d:c3491]
2019-07-15 13:07:03,649 INFO  client.GrpcClientProtocolClient (GrpcClientProtocolClient.java:onNext(255)) - client-B30EC828C355->c26939f8-4d1f-4fb1-95c4-1aa8f7e5d3f6: receive RaftClientReply:client-B30EC828C355->c26939f8-4d1f-4fb1-95c4-1aa8f7e5d3f6@group-D25BE8053FEA, cid=2358, SUCCESS, logIndex=3493, commits[c26939f8-4d1f-4fb1-95c4-1aa8f7e5d3f6:c3495, c5393538-959b-47cf-9d9c-19dac7bed4ee:c3491, a2e6e0ff-38a8-4bcf-9958-a89ff312531d:c3491]
2019-07-15 13:07:03,649 INFO  client.GrpcClientProtocolClient (GrpcClientProtocolClient.java:onNext(255)) - client-B30EC828C355->c26939f8-4d1f-4fb1-95c4-1aa8f7e5d3f6: receive RaftClientReply:client-B30EC828C355->c26939f8-4d1f-4fb1-95c4-1aa8f7e5d3f6@group-D25BE8053FEA, cid=2359, SUCCESS, logIndex=3494, commits[c26939f8-4d1f-4fb1-95c4-1aa8f7e5d3f6:c3495, c5393538-959b-47cf-9d9c-19dac7bed4ee:c3491, a2e6e0ff-38a8-4bcf-9958-a89ff312531d:c3491]
2019-07-15 13:07:03,649 INFO  client.GrpcClientProtocolClient (GrpcClientProtocolClient.java:onNext(255)) - client-B30EC828C355->c26939f8-4d1f-4fb1-95c4-1aa8f7e5d3f6: receive RaftClientReply:client-B30EC828C355->c26939f8-4d1f-4fb1-95c4-1aa8f7e5d3f6@group-D25BE8053FEA, cid=2360, SUCCESS, logIndex=3495, commits[c26939f8-4d1f-4fb1-95c4-1aa8f7e5d3f6:c3495, c5393538-959b-47cf-9d9c-19dac7bed4ee:c3491, a2e6e0ff-38a8-4bcf-9958-a89ff312531d:c3491]
2019-07-15 13:07:03,662 INFO  client.GrpcClientProtocolClient (GrpcClientProtocolClient.java:onNext(255)) - client-B30EC828C355->c26939f8-4d1f-4fb1-95c4-1aa8f7e5d3f6: receive RaftClientReply:client-B30EC828C355->c26939f8-4d1f-4fb1-95c4-1aa8f7e5d3f6@group-D25BE8053FEA, cid=2361, SUCCESS, logIndex=0, commits[c26939f8-4d1f-4fb1-95c4-1aa8f7e5d3f6:c3497, c5393538-959b-47cf-9d9c-19dac7bed4ee:c3493, a2e6e0ff-38a8-4bcf-9958-a89ff312531d:c3493]
2019-07-15 13:07:03,706 INFO  client.GrpcClientProtocolClient (GrpcClientProtocolClient.java:onNext(255)) - client-B30EC828C355->c26939f8-4d1f-4fb1-95c4-1aa8f7e5d3f6: receive RaftClientReply:client-B30EC828C355->c26939f8-4d1f-4fb1-95c4-1aa8f7e5d3f6@group-D25BE8053FEA, cid=2362, SUCCESS, logIndex=3500, commits[c26939f8-4d1f-4fb1-95c4-1aa8f7e5d3f6:c3501, c5393538-959b-47cf-9d9c-19dac7bed4ee:c3495, a2e6e0ff-38a8-4bcf-9958-a89ff312531d:c3499]
2019-07-15 13:07:03,706 INFO  client.GrpcClientProtocolClient (GrpcClientProtocolClient.java:onNext(255)) - client-B30EC828C355->c26939f8-4d1f-4fb1-95c4-1aa8f7e5d3f6: receive RaftClientReply:client-B30EC828C355->c26939f8-4d1f-4fb1-95c4-1aa8f7e5d3f6@group-D25BE8053FEA, cid=2363, SUCCESS, logIndex=3501, commits[c26939f8-4d1f-4fb1-95c4-1aa8f7e5d3f6:c3501, c5393538-959b-47cf-9d9c-19dac7bed4ee:c3499, a2e6e0ff-38a8-4bcf-9958-a89ff312531d:c3499]
2019-07-15 13:07:03,731 INFO  client.GrpcClientProtocolClient (GrpcClientProtocolClient.java:onNext(255)) - client-B30EC828C355->c26939f8-4d1f-4fb1-95c4-1aa8f7e5d3f6: receive RaftClientReply:client-B30EC828C355->c26939f8-4d1f-4fb1-95c4-1aa8f7e5d3f6@group-D25BE8053FEA, cid=2364, SUCCESS, logIndex=3504, commits[c26939f8-4d1f-4fb1-95c4-1aa8f7e5d3f6:c3504, c5393538-959b-47cf-9d9c-19dac7bed4ee:c3501, a2e6e0ff-38a8-4bcf-9958-a89ff312531d:c3501]
2019-07-15 13:07:03,731 INFO  client.GrpcClientProtocolClient (GrpcClientProtocolClient.java:onNext(255)) - client-B30EC828C355->c26939f8-4d1f-4fb1-95c4-1aa8f7e5d3f6: receive RaftClientReply:client-B30EC828C355->c26939f8-4d1f-4fb1-95c4-1aa8f7e5d3f6@group-D25BE8053FEA, cid=2365, SUCCESS, logIndex=3505, commits[c26939f8-4d1f-4fb1-95c4-1aa8f7e5d3f6:c3505, c5393538-959b-47cf-9d9c-19dac7bed4ee:c3501, a2e6e0ff-38a8-4bcf-9958-a89ff312531d:c3501]
2019-07-15 13:07:03,759 INFO  client.GrpcClientProtocolClient (GrpcClientProtocolClient.java:onNext(255)) - client-B30EC828C355->c26939f8-4d1f-4fb1-95c4-1aa8f7e5d3f6: receive RaftClientReply:client-B30EC828C355->c26939f8-4d1f-4fb1-95c4-1aa8f7e5d3f6@group-D25BE8053FEA, cid=2366, SUCCESS, logIndex=0, commits[c26939f8-4d1f-4fb1-95c4-1aa8f7e5d3f6:c3507, c5393538-959b-47cf-9d9c-19dac7bed4ee:c3505, a2e6e0ff-38a8-4bcf-9958-a89ff312531d:c3505]
2019-07-15 13:07:03,791 INFO  client.GrpcClientProtocolClient (GrpcClientProtocolClient.java:onNext(255)) - client-B30EC828C355->c26939f8-4d1f-4fb1-95c4-1aa8f7e5d3f6: receive RaftClientReply:client-B30EC828C355->c26939f8-4d1f-4fb1-95c4-1aa8f7e5d3f6@group-D25BE8053FEA, cid=2367, SUCCESS, logIndex=3508, commits[c26939f8-4d1f-4fb1-95c4-1aa8f7e5d3f6:c3509, c5393538-959b-47cf-9d9c-19dac7bed4ee:c3507, a2e6e0ff-38a8-4bcf-9958-a89ff312531d:c3507]
2019-07-15 13:07:03,792 INFO  client.GrpcClientProtocolClient (GrpcClientProtocolClient.java:onNext(255)) - client-B30EC828C355->c26939f8-4d1f-4fb1-95c4-1aa8f7e5d3f6: receive RaftClientReply:client-B30EC828C355->c26939f8-4d1f-4fb1-95c4-1aa8f7e5d3f6@group-D25BE8053FEA, cid=2368, SUCCESS, logIndex=3509, commits[c26939f8-4d1f-4fb1-95c4-1aa8f7e5d3f6:c3509, c5393538-959b-47cf-9d9c-19dac7bed4ee:c3507, a2e6e0ff-38a8-4bcf-9958-a89ff312531d:c3507]
2019-07-15 13:07:03,793 INFO  client.GrpcClientProtocolClient (GrpcClientProtocolClient.java:onNext(255)) - client-B30EC828C355->c26939f8-4d1f-4fb1-95c4-1aa8f7e5d3f6: receive RaftClientReply:client-B30EC828C355->c26939f8-4d1f-4fb1-95c4-1aa8f7e5d3f6@group-D25BE8053FEA, cid=2369, SUCCESS, logIndex=3510, commits[c26939f8-4d1f-4fb1-95c4-1aa8f7e5d3f6:c3510, c5393538-959b-47cf-9d9c-19dac7bed4ee:c3507, a2e6e0ff-38a8-4bcf-9958-a89ff312531d:c3507]
2019-07-15 13:07:03,794 INFO  client.GrpcClientProtocolClient (GrpcClientProtocolClient.java:onNext(255)) - client-B30EC828C355->c26939f8-4d1f-4fb1-95c4-1aa8f7e5d3f6: receive RaftClientReply:client-B30EC828C355->c26939f8-4d1f-4fb1-95c4-1aa8f7e5d3f6@group-D25BE8053FEA, cid=2370, SUCCESS, logIndex=3511, commits[c26939f8-4d1f-4fb1-95c4-1aa8f7e5d3f6:c3511, c5393538-959b-47cf-9d9c-19dac7bed4ee:c3507, a2e6e0ff-38a8-4bcf-9958-a89ff312531d:c3507]
2019-07-15 13:07:03,805 INFO  client.GrpcClientProtocolClient (GrpcClientProtocolClient.java:onNext(255)) - client-B30EC828C355->c26939f8-4d1f-4fb1-95c4-1aa8f7e5d3f6: receive RaftClientReply:client-B30EC828C355->c26939f8-4d1f-4fb1-95c4-1aa8f7e5d3f6@group-D25BE8053FEA, cid=2371, SUCCESS, logIndex=0, commits[c26939f8-4d1f-4fb1-95c4-1aa8f7e5d3f6:c3513, c5393538-959b-47cf-9d9c-19dac7bed4ee:c3509, a2e6e0ff-38a8-4bcf-9958-a89ff312531d:c3509]
2019-07-15 13:07:03,826 INFO  client.GrpcClientProtocolClient (GrpcClientProtocolClient.java:onNext(255)) - client-B30EC828C355->c26939f8-4d1f-4fb1-95c4-1aa8f7e5d3f6: receive RaftClientReply:client-B30EC828C355->c26939f8-4d1f-4fb1-95c4-1aa8f7e5d3f6@group-D25BE8053FEA, cid=2372, SUCCESS, logIndex=3516, commits[c26939f8-4d1f-4fb1-95c4-1aa8f7e5d3f6:c3517, c5393538-959b-47cf-9d9c-19dac7bed4ee:c3515, a2e6e0ff-38a8-4bcf-9958-a89ff312531d:c3515]
2019-07-15 13:07:03,827 INFO  client.GrpcClientProtocolClient (GrpcClientProtocolClient.java:onNext(255)) - client-B30EC828C355->c26939f8-4d1f-4fb1-95c4-1aa8f7e5d3f6: receive RaftClientReply:client-B30EC828C355->c26939f8-4d1f-4fb1-95c4-1aa8f7e5d3f6@group-D25BE8053FEA, cid=2373, SUCCESS, logIndex=3517, commits[c26939f8-4d1f-4fb1-95c4-1aa8f7e5d3f6:c3517, c5393538-959b-47cf-9d9c-19dac7bed4ee:c3515, a2e6e0ff-38a8-4bcf-9958-a89ff312531d:c3515]
2019-07-15 13:07:03,842 INFO  client.GrpcClientProtocolClient (GrpcClientProtocolClient.java:onNext(255)) - client-B30EC828C355->c26939f8-4d1f-4fb1-95c4-1aa8f7e5d3f6: receive RaftClientReply:client-B30EC828C355->c26939f8-4d1f-4fb1-95c4-1aa8f7e5d3f6@group-D25BE8053FEA, cid=2374, SUCCESS, logIndex=3520, commits[c26939f8-4d1f-4fb1-95c4-1aa8f7e5d3f6:c3521, c5393538-959b-47cf-9d9c-19dac7bed4ee:c3517, a2e6e0ff-38a8-4bcf-9958-a89ff312531d:c3517]
2019-07-15 13:07:03,842 INFO  client.GrpcClientProtocolClient (GrpcClientProtocolClient.java:onNext(255)) - client-B30EC828C355->c26939f8-4d1f-4fb1-95c4-1aa8f7e5d3f6: receive RaftClientReply:client-B30EC828C355->c26939f8-4d1f-4fb1-95c4-1aa8f7e5d3f6@group-D25BE8053FEA, cid=2375, SUCCESS, logIndex=3521, commits[c26939f8-4d1f-4fb1-95c4-1aa8f7e5d3f6:c3521, c5393538-959b-47cf-9d9c-19dac7bed4ee:c3517, a2e6e0ff-38a8-4bcf-9958-a89ff312531d:c3517]
2019-07-15 13:07:03,856 INFO  client.GrpcClientProtocolClient (GrpcClientProtocolClient.java:onNext(255)) - client-B30EC828C355->c26939f8-4d1f-4fb1-95c4-1aa8f7e5d3f6: receive RaftClientReply:client-B30EC828C355->c26939f8-4d1f-4fb1-95c4-1aa8f7e5d3f6@group-D25BE8053FEA, cid=2376, SUCCESS, logIndex=0, commits[c26939f8-4d1f-4fb1-95c4-1aa8f7e5d3f6:c3523, c5393538-959b-47cf-9d9c-19dac7bed4ee:c3521, a2e6e0ff-38a8-4bcf-9958-a89ff312531d:c3521]
2019-07-15 13:07:03,887 INFO  client.GrpcClientProtocolClient (GrpcClientProtocolClient.java:onNext(255)) - client-B30EC828C355->c26939f8-4d1f-4fb1-95c4-1aa8f7e5d3f6: receive RaftClientReply:client-B30EC828C355->c26939f8-4d1f-4fb1-95c4-1aa8f7e5d3f6@group-D25BE8053FEA, cid=2377, SUCCESS, logIndex=3524, commits[c26939f8-4d1f-4fb1-95c4-1aa8f7e5d3f6:c3526, c5393538-959b-47cf-9d9c-19dac7bed4ee:c3523, a2e6e0ff-38a8-4bcf-9958-a89ff312531d:c3523]
2019-07-15 13:07:03,888 INFO  client.GrpcClientProtocolClient (GrpcClientProtocolClient.java:onNext(255)) - client-B30EC828C355->c26939f8-4d1f-4fb1-95c4-1aa8f7e5d3f6: receive RaftClientReply:client-B30EC828C355->c26939f8-4d1f-4fb1-95c4-1aa8f7e5d3f6@group-D25BE8053FEA, cid=2378, SUCCESS, logIndex=3525, commits[c26939f8-4d1f-4fb1-95c4-1aa8f7e5d3f6:c3527, c5393538-959b-47cf-9d9c-19dac7bed4ee:c3523, a2e6e0ff-38a8-4bcf-9958-a89ff312531d:c3523]
2019-07-15 13:07:03,888 INFO  client.GrpcClientProtocolClient (GrpcClientProtocolClient.java:onNext(255)) - client-B30EC828C355->c26939f8-4d1f-4fb1-95c4-1aa8f7e5d3f6: receive RaftClientReply:client-B30EC828C355->c26939f8-4d1f-4fb1-95c4-1aa8f7e5d3f6@group-D25BE8053FEA, cid=2379, SUCCESS, logIndex=3526, commits[c26939f8-4d1f-4fb1-95c4-1aa8f7e5d3f6:c3527, c5393538-959b-47cf-9d9c-19dac7bed4ee:c3523, a2e6e0ff-38a8-4bcf-9958-a89ff312531d:c3523]
2019-07-15 13:07:03,888 INFO  client.GrpcClientProtocolClient (GrpcClientProtocolClient.java:onNext(255)) - client-B30EC828C355->c26939f8-4d1f-4fb1-95c4-1aa8f7e5d3f6: receive RaftClientReply:client-B30EC828C355->c26939f8-4d1f-4fb1-95c4-1aa8f7e5d3f6@group-D25BE8053FEA, cid=2380, SUCCESS, logIndex=3527, commits[c26939f8-4d1f-4fb1-95c4-1aa8f7e5d3f6:c3527, c5393538-959b-47cf-9d9c-19dac7bed4ee:c3523, a2e6e0ff-38a8-4bcf-9958-a89ff312531d:c3523]
2019-07-15 13:07:03,897 INFO  client.GrpcClientProtocolClient (GrpcClientProtocolClient.java:onNext(255)) - client-B30EC828C355->c26939f8-4d1f-4fb1-95c4-1aa8f7e5d3f6: receive RaftClientReply:client-B30EC828C355->c26939f8-4d1f-4fb1-95c4-1aa8f7e5d3f6@group-D25BE8053FEA, cid=2381, SUCCESS, logIndex=0, commits[c26939f8-4d1f-4fb1-95c4-1aa8f7e5d3f6:c3528, c5393538-959b-47cf-9d9c-19dac7bed4ee:c3525, a2e6e0ff-38a8-4bcf-9958-a89ff312531d:c3525]
 0.00% |█                                                                                                    |  0/1 Time: 0:00:182019-07-15 13:07:03,918 INFO  client.GrpcClientProtocolClient (GrpcClientProtocolClient.java:onNext(255)) - client-B30EC828C355->c26939f8-4d1f-4fb1-95c4-1aa8f7e5d3f6: receive RaftClientReply:client-B30EC828C355->c26939f8-4d1f-4fb1-95c4-1aa8f7e5d3f6@group-D25BE8053FEA, cid=2382, SUCCESS, logIndex=3532, commits[c26939f8-4d1f-4fb1-95c4-1aa8f7e5d3f6:c3533, c5393538-959b-47cf-9d9c-19dac7bed4ee:c3531, a2e6e0ff-38a8-4bcf-9958-a89ff312531d:c3531]
2019-07-15 13:07:03,919 INFO  client.GrpcClientProtocolClient (GrpcClientProtocolClient.java:onNext(255)) - client-B30EC828C355->c26939f8-4d1f-4fb1-95c4-1aa8f7e5d3f6: receive RaftClientReply:client-B30EC828C355->c26939f8-4d1f-4fb1-95c4-1aa8f7e5d3f6@group-D25BE8053FEA, cid=2383, SUCCESS, logIndex=3533, commits[c26939f8-4d1f-4fb1-95c4-1aa8f7e5d3f6:c3533, c5393538-959b-47cf-9d9c-19dac7bed4ee:c3531, a2e6e0ff-38a8-4bcf-9958-a89ff312531d:c3531]
2019-07-15 13:07:03,933 INFO  client.GrpcClientProtocolClient (GrpcClientProtocolClient.java:onNext(255)) - client-B30EC828C355->c26939f8-4d1f-4fb1-95c4-1aa8f7e5d3f6: receive RaftClientReply:client-B30EC828C355->c26939f8-4d1f-4fb1-95c4-1aa8f7e5d3f6@group-D25BE8053FEA, cid=2384, SUCCESS, logIndex=3536, commits[c26939f8-4d1f-4fb1-95c4-1aa8f7e5d3f6:c3537, c5393538-959b-47cf-9d9c-19dac7bed4ee:c3533, a2e6e0ff-38a8-4bcf-9958-a89ff312531d:c3533]
2019-07-15 13:07:03,933 INFO  client.GrpcClientProtocolClient (GrpcClientProtocolClient.java:onNext(255)) - client-B30EC828C355->c26939f8-4d1f-4fb1-95c4-1aa8f7e5d3f6: receive RaftClientReply:client-B30EC828C355->c26939f8-4d1f-4fb1-95c4-1aa8f7e5d3f6@group-D25BE8053FEA, cid=2385, SUCCESS, logIndex=3537, commits[c26939f8-4d1f-4fb1-95c4-1aa8f7e5d3f6:c3537, c5393538-959b-47cf-9d9c-19dac7bed4ee:c3533, a2e6e0ff-38a8-4bcf-9958-a89ff312531d:c3533]
2019-07-15 13:07:03,945 INFO  client.GrpcClientProtocolClient (GrpcClientProtocolClient.java:onNext(255)) - client-B30EC828C355->c26939f8-4d1f-4fb1-95c4-1aa8f7e5d3f6: receive RaftClientReply:client-B30EC828C355->c26939f8-4d1f-4fb1-95c4-1aa8f7e5d3f6@group-D25BE8053FEA, cid=2386, SUCCESS, logIndex=0, commits[c26939f8-4d1f-4fb1-95c4-1aa8f7e5d3f6:c3538, c5393538-959b-47cf-9d9c-19dac7bed4ee:c3537, a2e6e0ff-38a8-4bcf-9958-a89ff312531d:c3537]
2019-07-15 13:07:04,093 INFO  client.GrpcClientProtocolClient (GrpcClientProtocolClient.java:onNext(255)) - client-B30EC828C355->c26939f8-4d1f-4fb1-95c4-1aa8f7e5d3f6: receive RaftClientReply:client-B30EC828C355->c26939f8-4d1f-4fb1-95c4-1aa8f7e5d3f6@group-D25BE8053FEA, cid=2387, SUCCESS, logIndex=3540, commits[c26939f8-4d1f-4fb1-95c4-1aa8f7e5d3f6:c3541, c5393538-959b-47cf-9d9c-19dac7bed4ee:c3539, a2e6e0ff-38a8-4bcf-9958-a89ff312531d:c3539]
2019-07-15 13:07:04,093 INFO  client.GrpcClientProtocolClient (GrpcClientProtocolClient.java:onNext(255)) - client-B30EC828C355->c26939f8-4d1f-4fb1-95c4-1aa8f7e5d3f6: receive RaftClientReply:client-B30EC828C355->c26939f8-4d1f-4fb1-95c4-1aa8f7e5d3f6@group-D25BE8053FEA, cid=2388, SUCCESS, logIndex=3541, commits[c26939f8-4d1f-4fb1-95c4-1aa8f7e5d3f6:c3541, c5393538-959b-47cf-9d9c-19dac7bed4ee:c3539, a2e6e0ff-38a8-4bcf-9958-a89ff312531d:c3539]
2019-07-15 13:07:04,098 INFO  client.GrpcClientProtocolClient (GrpcClientProtocolClient.java:onNext(255)) - client-B30EC828C355->c26939f8-4d1f-4fb1-95c4-1aa8f7e5d3f6: receive RaftClientReply:client-B30EC828C355->c26939f8-4d1f-4fb1-95c4-1aa8f7e5d3f6@group-D25BE8053FEA, cid=2389, SUCCESS, logIndex=3542, commits[c26939f8-4d1f-4fb1-95c4-1aa8f7e5d3f6:c3543, c5393538-959b-47cf-9d9c-19dac7bed4ee:c3539, a2e6e0ff-38a8-4bcf-9958-a89ff312531d:c3539]
2019-07-15 13:07:04,098 INFO  client.GrpcClientProtocolClient (GrpcClientProtocolClient.java:onNext(255)) - client-B30EC828C355->c26939f8-4d1f-4fb1-95c4-1aa8f7e5d3f6: receive RaftClientReply:client-B30EC828C355->c26939f8-4d1f-4fb1-95c4-1aa8f7e5d3f6@group-D25BE8053FEA, cid=2390, SUCCESS, logIndex=3543, commits[c26939f8-4d1f-4fb1-95c4-1aa8f7e5d3f6:c3543, c5393538-959b-47cf-9d9c-19dac7bed4ee:c3539, a2e6e0ff-38a8-4bcf-9958-a89ff312531d:c3539]
2019-07-15 13:07:04,107 INFO  client.GrpcClientProtocolClient (GrpcClientProtocolClient.java:onNext(255)) - client-B30EC828C355->c26939f8-4d1f-4fb1-95c4-1aa8f7e5d3f6: receive RaftClientReply:client-B30EC828C355->c26939f8-4d1f-4fb1-95c4-1aa8f7e5d3f6@group-D25BE8053FEA, cid=2391, SUCCESS, logIndex=0, commits[c26939f8-4d1f-4fb1-95c4-1aa8f7e5d3f6:c3545, c5393538-959b-47cf-9d9c-19dac7bed4ee:c3541, a2e6e0ff-38a8-4bcf-9958-a89ff312531d:c3541]
2019-07-15 13:07:04,128 INFO  client.GrpcClientProtocolClient (GrpcClientProtocolClient.java:onNext(255)) - client-B30EC828C355->c26939f8-4d1f-4fb1-95c4-1aa8f7e5d3f6: receive RaftClientReply:client-B30EC828C355->c26939f8-4d1f-4fb1-95c4-1aa8f7e5d3f6@group-D25BE8053FEA, cid=2392, SUCCESS, logIndex=3548, commits[c26939f8-4d1f-4fb1-95c4-1aa8f7e5d3f6:c3549, c5393538-959b-47cf-9d9c-19dac7bed4ee:c3547, a2e6e0ff-38a8-4bcf-9958-a89ff312531d:c3547]
2019-07-15 13:07:04,129 INFO  client.GrpcClientProtocolClient (GrpcClientProtocolClient.java:onNext(255)) - client-B30EC828C355->c26939f8-4d1f-4fb1-95c4-1aa8f7e5d3f6: receive RaftClientReply:client-B30EC828C355->c26939f8-4d1f-4fb1-95c4-1aa8f7e5d3f6@group-D25BE8053FEA, cid=2393, SUCCESS, logIndex=3549, commits[c26939f8-4d1f-4fb1-95c4-1aa8f7e5d3f6:c3549, c5393538-959b-47cf-9d9c-19dac7bed4ee:c3547, a2e6e0ff-38a8-4bcf-9958-a89ff312531d:c3547]
2019-07-15 13:07:04,141 INFO  client.GrpcClientProtocolClient (GrpcClientProtocolClient.java:onNext(255)) - client-B30EC828C355->c26939f8-4d1f-4fb1-95c4-1aa8f7e5d3f6: receive RaftClientReply:client-B30EC828C355->c26939f8-4d1f-4fb1-95c4-1aa8f7e5d3f6@group-D25BE8053FEA, cid=2394, SUCCESS, logIndex=3552, commits[c26939f8-4d1f-4fb1-95c4-1aa8f7e5d3f6:c3553, c5393538-959b-47cf-9d9c-19dac7bed4ee:c3549, a2e6e0ff-38a8-4bcf-9958-a89ff312531d:c3549]
2019-07-15 13:07:04,142 INFO  client.GrpcClientProtocolClient (GrpcClientProtocolClient.java:onNext(255)) - client-B30EC828C355->c26939f8-4d1f-4fb1-95c4-1aa8f7e5d3f6: receive RaftClientReply:client-B30EC828C355->c26939f8-4d1f-4fb1-95c4-1aa8f7e5d3f6@group-D25BE8053FEA, cid=2395, SUCCESS, logIndex=3553, commits[c26939f8-4d1f-4fb1-95c4-1aa8f7e5d3f6:c3553, c5393538-959b-47cf-9d9c-19dac7bed4ee:c3549, a2e6e0ff-38a8-4bcf-9958-a89ff312531d:c3549]
2019-07-15 13:07:04,156 INFO  client.GrpcClientProtocolClient (GrpcClientProtocolClient.java:onNext(255)) - client-B30EC828C355->c26939f8-4d1f-4fb1-95c4-1aa8f7e5d3f6: receive RaftClientReply:client-B30EC828C355->c26939f8-4d1f-4fb1-95c4-1aa8f7e5d3f6@group-D25BE8053FEA, cid=2396, SUCCESS, logIndex=0, commits[c26939f8-4d1f-4fb1-95c4-1aa8f7e5d3f6:c3555, c5393538-959b-47cf-9d9c-19dac7bed4ee:c3553, a2e6e0ff-38a8-4bcf-9958-a89ff312531d:c3553]
2019-07-15 13:07:04,187 INFO  client.GrpcClientProtocolClient (GrpcClientProtocolClient.java:onNext(255)) - client-B30EC828C355->c26939f8-4d1f-4fb1-95c4-1aa8f7e5d3f6: receive RaftClientReply:client-B30EC828C355->c26939f8-4d1f-4fb1-95c4-1aa8f7e5d3f6@group-D25BE8053FEA, cid=2397, SUCCESS, logIndex=3556, commits[c26939f8-4d1f-4fb1-95c4-1aa8f7e5d3f6:c3557, c5393538-959b-47cf-9d9c-19dac7bed4ee:c3555, a2e6e0ff-38a8-4bcf-9958-a89ff312531d:c3555]
2019-07-15 13:07:04,187 INFO  client.GrpcClientProtocolClient (GrpcClientProtocolClient.java:onNext(255)) - client-B30EC828C355->c26939f8-4d1f-4fb1-95c4-1aa8f7e5d3f6: receive RaftClientReply:client-B30EC828C355->c26939f8-4d1f-4fb1-95c4-1aa8f7e5d3f6@group-D25BE8053FEA, cid=2398, SUCCESS, logIndex=3557, commits[c26939f8-4d1f-4fb1-95c4-1aa8f7e5d3f6:c3557, c5393538-959b-47cf-9d9c-19dac7bed4ee:c3555, a2e6e0ff-38a8-4bcf-9958-a89ff312531d:c3555]
2019-07-15 13:07:04,188 INFO  client.GrpcClientProtocolClient (GrpcClientProtocolClient.java:onNext(255)) - client-B30EC828C355->c26939f8-4d1f-4fb1-95c4-1aa8f7e5d3f6: receive RaftClientReply:client-B30EC828C355->c26939f8-4d1f-4fb1-95c4-1aa8f7e5d3f6@group-D25BE8053FEA, cid=2399, SUCCESS, logIndex=3558, commits[c26939f8-4d1f-4fb1-95c4-1aa8f7e5d3f6:c3559, c5393538-959b-47cf-9d9c-19dac7bed4ee:c3555, a2e6e0ff-38a8-4bcf-9958-a89ff312531d:c3555]
2019-07-15 13:07:04,188 INFO  client.GrpcClientProtocolClient (GrpcClientProtocolClient.java:onNext(255)) - client-B30EC828C355->c26939f8-4d1f-4fb1-95c4-1aa8f7e5d3f6: receive RaftClientReply:client-B30EC828C355->c26939f8-4d1f-4fb1-95c4-1aa8f7e5d3f6@group-D25BE8053FEA, cid=2400, SUCCESS, logIndex=3559, commits[c26939f8-4d1f-4fb1-95c4-1aa8f7e5d3f6:c3559, c5393538-959b-47cf-9d9c-19dac7bed4ee:c3555, a2e6e0ff-38a8-4bcf-9958-a89ff312531d:c3555]
2019-07-15 13:07:04,200 INFO  client.GrpcClientProtocolClient (GrpcClientProtocolClient.java:onNext(255)) - client-B30EC828C355->c26939f8-4d1f-4fb1-95c4-1aa8f7e5d3f6: receive RaftClientReply:client-B30EC828C355->c26939f8-4d1f-4fb1-95c4-1aa8f7e5d3f6@group-D25BE8053FEA, cid=2401, SUCCESS, logIndex=0, commits[c26939f8-4d1f-4fb1-95c4-1aa8f7e5d3f6:c3561, c5393538-959b-47cf-9d9c-19dac7bed4ee:c3557, a2e6e0ff-38a8-4bcf-9958-a89ff312531d:c3557]
2019-07-15 13:07:04,220 INFO  client.GrpcClientProtocolClient (GrpcClientProtocolClient.java:onNext(255)) - client-B30EC828C355->c26939f8-4d1f-4fb1-95c4-1aa8f7e5d3f6: receive RaftClientReply:client-B30EC828C355->c26939f8-4d1f-4fb1-95c4-1aa8f7e5d3f6@group-D25BE8053FEA, cid=2402, SUCCESS, logIndex=3564, commits[c26939f8-4d1f-4fb1-95c4-1aa8f7e5d3f6:c3565, c5393538-959b-47cf-9d9c-19dac7bed4ee:c3563, a2e6e0ff-38a8-4bcf-9958-a89ff312531d:c3563]
2019-07-15 13:07:04,220 INFO  client.GrpcClientProtocolClient (GrpcClientProtocolClient.java:onNext(255)) - client-B30EC828C355->c26939f8-4d1f-4fb1-95c4-1aa8f7e5d3f6: receive RaftClientReply:client-B30EC828C355->c26939f8-4d1f-4fb1-95c4-1aa8f7e5d3f6@group-D25BE8053FEA, cid=2403, SUCCESS, logIndex=3565, commits[c26939f8-4d1f-4fb1-95c4-1aa8f7e5d3f6:c3565, c5393538-959b-47cf-9d9c-19dac7bed4ee:c3563, a2e6e0ff-38a8-4bcf-9958-a89ff312531d:c3563]
2019-07-15 13:07:04,245 INFO  client.GrpcClientProtocolClient (GrpcClientProtocolClient.java:onNext(255)) - client-B30EC828C355->c26939f8-4d1f-4fb1-95c4-1aa8f7e5d3f6: receive RaftClientReply:client-B30EC828C355->c26939f8-4d1f-4fb1-95c4-1aa8f7e5d3f6@group-D25BE8053FEA, cid=2404, SUCCESS, logIndex=3568, commits[c26939f8-4d1f-4fb1-95c4-1aa8f7e5d3f6:c3569, c5393538-959b-47cf-9d9c-19dac7bed4ee:c3565, a2e6e0ff-38a8-4bcf-9958-a89ff312531d:c3565]
2019-07-15 13:07:04,245 INFO  client.GrpcClientProtocolClient (GrpcClientProtocolClient.java:onNext(255)) - client-B30EC828C355->c26939f8-4d1f-4fb1-95c4-1aa8f7e5d3f6: receive RaftClientReply:client-B30EC828C355->c26939f8-4d1f-4fb1-95c4-1aa8f7e5d3f6@group-D25BE8053FEA, cid=2405, SUCCESS, logIndex=3569, commits[c26939f8-4d1f-4fb1-95c4-1aa8f7e5d3f6:c3569, c5393538-959b-47cf-9d9c-19dac7bed4ee:c3565, a2e6e0ff-38a8-4bcf-9958-a89ff312531d:c3565]
2019-07-15 13:07:04,257 INFO  client.GrpcClientProtocolClient (GrpcClientProtocolClient.java:onNext(255)) - client-B30EC828C355->c26939f8-4d1f-4fb1-95c4-1aa8f7e5d3f6: receive RaftClientReply:client-B30EC828C355->c26939f8-4d1f-4fb1-95c4-1aa8f7e5d3f6@group-D25BE8053FEA, cid=2406, SUCCESS, logIndex=0, commits[c26939f8-4d1f-4fb1-95c4-1aa8f7e5d3f6:c3570, c5393538-959b-47cf-9d9c-19dac7bed4ee:c3569, a2e6e0ff-38a8-4bcf-9958-a89ff312531d:c3569]
2019-07-15 13:07:04,280 INFO  client.GrpcClientProtocolClient (GrpcClientProtocolClient.java:onNext(255)) - client-B30EC828C355->c26939f8-4d1f-4fb1-95c4-1aa8f7e5d3f6: receive RaftClientReply:client-B30EC828C355->c26939f8-4d1f-4fb1-95c4-1aa8f7e5d3f6@group-D25BE8053FEA, cid=2407, SUCCESS, logIndex=3572, commits[c26939f8-4d1f-4fb1-95c4-1aa8f7e5d3f6:c3573, c5393538-959b-47cf-9d9c-19dac7bed4ee:c3571, a2e6e0ff-38a8-4bcf-9958-a89ff312531d:c3571]
2019-07-15 13:07:04,281 INFO  client.GrpcClientProtocolClient (GrpcClientProtocolClient.java:onNext(255)) - client-B30EC828C355->c26939f8-4d1f-4fb1-95c4-1aa8f7e5d3f6: receive RaftClientReply:client-B30EC828C355->c26939f8-4d1f-4fb1-95c4-1aa8f7e5d3f6@group-D25BE8053FEA, cid=2408, SUCCESS, logIndex=3573, commits[c26939f8-4d1f-4fb1-95c4-1aa8f7e5d3f6:c3575, c5393538-959b-47cf-9d9c-19dac7bed4ee:c3571, a2e6e0ff-38a8-4bcf-9958-a89ff312531d:c3571]
2019-07-15 13:07:04,281 INFO  client.GrpcClientProtocolClient (GrpcClientProtocolClient.java:onNext(255)) - client-B30EC828C355->c26939f8-4d1f-4fb1-95c4-1aa8f7e5d3f6: receive RaftClientReply:client-B30EC828C355->c26939f8-4d1f-4fb1-95c4-1aa8f7e5d3f6@group-D25BE8053FEA, cid=2409, SUCCESS, logIndex=3574, commits[c26939f8-4d1f-4fb1-95c4-1aa8f7e5d3f6:c3575, c5393538-959b-47cf-9d9c-19dac7bed4ee:c3571, a2e6e0ff-38a8-4bcf-9958-a89ff312531d:c3571]
2019-07-15 13:07:04,281 INFO  client.GrpcClientProtocolClient (GrpcClientProtocolClient.java:onNext(255)) - client-B30EC828C355->c26939f8-4d1f-4fb1-95c4-1aa8f7e5d3f6: receive RaftClientReply:client-B30EC828C355->c26939f8-4d1f-4fb1-95c4-1aa8f7e5d3f6@group-D25BE8053FEA, cid=2410, SUCCESS, logIndex=3575, commits[c26939f8-4d1f-4fb1-95c4-1aa8f7e5d3f6:c3576, c5393538-959b-47cf-9d9c-19dac7bed4ee:c3571, a2e6e0ff-38a8-4bcf-9958-a89ff312531d:c3572]
2019-07-15 13:07:04,282 INFO  client.GrpcClientProtocolClient (GrpcClientProtocolClient.java:onNext(255)) - client-B30EC828C355->c26939f8-4d1f-4fb1-95c4-1aa8f7e5d3f6: receive RaftClientReply:client-B30EC828C355->c26939f8-4d1f-4fb1-95c4-1aa8f7e5d3f6@group-D25BE8053FEA, cid=2411, SUCCESS, logIndex=0, commits[c26939f8-4d1f-4fb1-95c4-1aa8f7e5d3f6:c3577, c5393538-959b-47cf-9d9c-19dac7bed4ee:c3573, a2e6e0ff-38a8-4bcf-9958-a89ff312531d:c3573]
2019-07-15 13:07:04,297 INFO  client.GrpcClientProtocolClient (GrpcClientProtocolClient.java:onNext(255)) - client-B30EC828C355->c26939f8-4d1f-4fb1-95c4-1aa8f7e5d3f6: receive RaftClientReply:client-B30EC828C355->c26939f8-4d1f-4fb1-95c4-1aa8f7e5d3f6@group-D25BE8053FEA, cid=2412, SUCCESS, logIndex=3579, commits[c26939f8-4d1f-4fb1-95c4-1aa8f7e5d3f6:c3580, c5393538-959b-47cf-9d9c-19dac7bed4ee:c3575, a2e6e0ff-38a8-4bcf-9958-a89ff312531d:c3578]
2019-07-15 13:07:04,298 INFO  client.GrpcClientProtocolClient (GrpcClientProtocolClient.java:onNext(255)) - client-B30EC828C355->c26939f8-4d1f-4fb1-95c4-1aa8f7e5d3f6: receive RaftClientReply:client-B30EC828C355->c26939f8-4d1f-4fb1-95c4-1aa8f7e5d3f6@group-D25BE8053FEA, cid=2413, SUCCESS, logIndex=3580, commits[c26939f8-4d1f-4fb1-95c4-1aa8f7e5d3f6:c3580, c5393538-959b-47cf-9d9c-19dac7bed4ee:c3578, a2e6e0ff-38a8-4bcf-9958-a89ff312531d:c3578]
2019-07-15 13:07:04,315 INFO  client.GrpcClientProtocolClient (GrpcClientProtocolClient.java:onNext(255)) - client-B30EC828C355->c26939f8-4d1f-4fb1-95c4-1aa8f7e5d3f6: receive RaftClientReply:client-B30EC828C355->c26939f8-4d1f-4fb1-95c4-1aa8f7e5d3f6@group-D25BE8053FEA, cid=2414, SUCCESS, logIndex=3583, commits[c26939f8-4d1f-4fb1-95c4-1aa8f7e5d3f6:c3584, c5393538-959b-47cf-9d9c-19dac7bed4ee:c3581, a2e6e0ff-38a8-4bcf-9958-a89ff312531d:c3581]
2019-07-15 13:07:04,316 INFO  client.GrpcClientProtocolClient (GrpcClientProtocolClient.java:onNext(255)) - client-B30EC828C355->c26939f8-4d1f-4fb1-95c4-1aa8f7e5d3f6: receive RaftClientReply:client-B30EC828C355->c26939f8-4d1f-4fb1-95c4-1aa8f7e5d3f6@group-D25BE8053FEA, cid=2415, SUCCESS, logIndex=3584, commits[c26939f8-4d1f-4fb1-95c4-1aa8f7e5d3f6:c3584, c5393538-959b-47cf-9d9c-19dac7bed4ee:c3581, a2e6e0ff-38a8-4bcf-9958-a89ff312531d:c3581]
2019-07-15 13:07:04,330 INFO  client.GrpcClientProtocolClient (GrpcClientProtocolClient.java:onNext(255)) - client-B30EC828C355->c26939f8-4d1f-4fb1-95c4-1aa8f7e5d3f6: receive RaftClientReply:client-B30EC828C355->c26939f8-4d1f-4fb1-95c4-1aa8f7e5d3f6@group-D25BE8053FEA, cid=2416, SUCCESS, logIndex=0, commits[c26939f8-4d1f-4fb1-95c4-1aa8f7e5d3f6:c3586, c5393538-959b-47cf-9d9c-19dac7bed4ee:c3584, a2e6e0ff-38a8-4bcf-9958-a89ff312531d:c3584]
2019-07-15 13:07:04,358 INFO  client.GrpcClientProtocolClient (GrpcClientProtocolClient.java:onNext(255)) - client-B30EC828C355->c26939f8-4d1f-4fb1-95c4-1aa8f7e5d3f6: receive RaftClientReply:client-B30EC828C355->c26939f8-4d1f-4fb1-95c4-1aa8f7e5d3f6@group-D25BE8053FEA, cid=2417, SUCCESS, logIndex=3587, commits[c26939f8-4d1f-4fb1-95c4-1aa8f7e5d3f6:c3588, c5393538-959b-47cf-9d9c-19dac7bed4ee:c3586, a2e6e0ff-38a8-4bcf-9958-a89ff312531d:c3586]
2019-07-15 13:07:04,358 INFO  client.GrpcClientProtocolClient (GrpcClientProtocolClient.java:onNext(255)) - client-B30EC828C355->c26939f8-4d1f-4fb1-95c4-1aa8f7e5d3f6: receive RaftClientReply:client-B30EC828C355->c26939f8-4d1f-4fb1-95c4-1aa8f7e5d3f6@group-D25BE8053FEA, cid=2418, SUCCESS, logIndex=3588, commits[c26939f8-4d1f-4fb1-95c4-1aa8f7e5d3f6:c3589, c5393538-959b-47cf-9d9c-19dac7bed4ee:c3586, a2e6e0ff-38a8-4bcf-9958-a89ff312531d:c3586]
2019-07-15 13:07:04,359 INFO  client.GrpcClientProtocolClient (GrpcClientProtocolClient.java:onNext(255)) - client-B30EC828C355->c26939f8-4d1f-4fb1-95c4-1aa8f7e5d3f6: receive RaftClientReply:client-B30EC828C355->c26939f8-4d1f-4fb1-95c4-1aa8f7e5d3f6@group-D25BE8053FEA, cid=2419, SUCCESS, logIndex=3589, commits[c26939f8-4d1f-4fb1-95c4-1aa8f7e5d3f6:c3590, c5393538-959b-47cf-9d9c-19dac7bed4ee:c3586, a2e6e0ff-38a8-4bcf-9958-a89ff312531d:c3586]
2019-07-15 13:07:04,359 INFO  client.GrpcClientProtocolClient (GrpcClientProtocolClient.java:onNext(255)) - client-B30EC828C355->c26939f8-4d1f-4fb1-95c4-1aa8f7e5d3f6: receive RaftClientReply:client-B30EC828C355->c26939f8-4d1f-4fb1-95c4-1aa8f7e5d3f6@group-D25BE8053FEA, cid=2420, SUCCESS, logIndex=3590, commits[c26939f8-4d1f-4fb1-95c4-1aa8f7e5d3f6:c3590, c5393538-959b-47cf-9d9c-19dac7bed4ee:c3586, a2e6e0ff-38a8-4bcf-9958-a89ff312531d:c3586]
2019-07-15 13:07:04,373 INFO  client.GrpcClientProtocolClient (GrpcClientProtocolClient.java:onNext(255)) - client-B30EC828C355->c26939f8-4d1f-4fb1-95c4-1aa8f7e5d3f6: receive RaftClientReply:client-B30EC828C355->c26939f8-4d1f-4fb1-95c4-1aa8f7e5d3f6@group-D25BE8053FEA, cid=2421, SUCCESS, logIndex=0, commits[c26939f8-4d1f-4fb1-95c4-1aa8f7e5d3f6:c3592, c5393538-959b-47cf-9d9c-19dac7bed4ee:c3588, a2e6e0ff-38a8-4bcf-9958-a89ff312531d:c3588]
2019-07-15 13:07:04,394 INFO  client.GrpcClientProtocolClient (GrpcClientProtocolClient.java:onNext(255)) - client-B30EC828C355->c26939f8-4d1f-4fb1-95c4-1aa8f7e5d3f6: receive RaftClientReply:client-B30EC828C355->c26939f8-4d1f-4fb1-95c4-1aa8f7e5d3f6@group-D25BE8053FEA, cid=2422, SUCCESS, logIndex=3595, commits[c26939f8-4d1f-4fb1-95c4-1aa8f7e5d3f6:c3596, c5393538-959b-47cf-9d9c-19dac7bed4ee:c3594, a2e6e0ff-38a8-4bcf-9958-a89ff312531d:c3594]
2019-07-15 13:07:04,394 INFO  client.GrpcClientProtocolClient (GrpcClientProtocolClient.java:onNext(255)) - client-B30EC828C355->c26939f8-4d1f-4fb1-95c4-1aa8f7e5d3f6: receive RaftClientReply:client-B30EC828C355->c26939f8-4d1f-4fb1-95c4-1aa8f7e5d3f6@group-D25BE8053FEA, cid=2423, SUCCESS, logIndex=3596, commits[c26939f8-4d1f-4fb1-95c4-1aa8f7e5d3f6:c3596, c5393538-959b-47cf-9d9c-19dac7bed4ee:c3594, a2e6e0ff-38a8-4bcf-9958-a89ff312531d:c3594]
2019-07-15 13:07:04,409 INFO  client.GrpcClientProtocolClient (GrpcClientProtocolClient.java:onNext(255)) - client-B30EC828C355->c26939f8-4d1f-4fb1-95c4-1aa8f7e5d3f6: receive RaftClientReply:client-B30EC828C355->c26939f8-4d1f-4fb1-95c4-1aa8f7e5d3f6@group-D25BE8053FEA, cid=2424, SUCCESS, logIndex=3599, commits[c26939f8-4d1f-4fb1-95c4-1aa8f7e5d3f6:c3600, c5393538-959b-47cf-9d9c-19dac7bed4ee:c3596, a2e6e0ff-38a8-4bcf-9958-a89ff312531d:c3596]
2019-07-15 13:07:04,410 INFO  client.GrpcClientProtocolClient (GrpcClientProtocolClient.java:onNext(255)) - client-B30EC828C355->c26939f8-4d1f-4fb1-95c4-1aa8f7e5d3f6: receive RaftClientReply:client-B30EC828C355->c26939f8-4d1f-4fb1-95c4-1aa8f7e5d3f6@group-D25BE8053FEA, cid=2425, SUCCESS, logIndex=3600, commits[c26939f8-4d1f-4fb1-95c4-1aa8f7e5d3f6:c3600, c5393538-959b-47cf-9d9c-19dac7bed4ee:c3596, a2e6e0ff-38a8-4bcf-9958-a89ff312531d:c3596]
2019-07-15 13:07:04,424 INFO  client.GrpcClientProtocolClient (GrpcClientProtocolClient.java:onNext(255)) - client-B30EC828C355->c26939f8-4d1f-4fb1-95c4-1aa8f7e5d3f6: receive RaftClientReply:client-B30EC828C355->c26939f8-4d1f-4fb1-95c4-1aa8f7e5d3f6@group-D25BE8053FEA, cid=2426, SUCCESS, logIndex=0, commits[c26939f8-4d1f-4fb1-95c4-1aa8f7e5d3f6:c3602, c5393538-959b-47cf-9d9c-19dac7bed4ee:c3600, a2e6e0ff-38a8-4bcf-9958-a89ff312531d:c3600]
2019-07-15 13:07:04,455 INFO  client.GrpcClientProtocolClient (GrpcClientProtocolClient.java:onNext(255)) - client-B30EC828C355->c26939f8-4d1f-4fb1-95c4-1aa8f7e5d3f6: receive RaftClientReply:client-B30EC828C355->c26939f8-4d1f-4fb1-95c4-1aa8f7e5d3f6@group-D25BE8053FEA, cid=2427, SUCCESS, logIndex=3603, commits[c26939f8-4d1f-4fb1-95c4-1aa8f7e5d3f6:c3604, c5393538-959b-47cf-9d9c-19dac7bed4ee:c3602, a2e6e0ff-38a8-4bcf-9958-a89ff312531d:c3602]
2019-07-15 13:07:04,455 INFO  client.GrpcClientProtocolClient (GrpcClientProtocolClient.java:onNext(255)) - client-B30EC828C355->c26939f8-4d1f-4fb1-95c4-1aa8f7e5d3f6: receive RaftClientReply:client-B30EC828C355->c26939f8-4d1f-4fb1-95c4-1aa8f7e5d3f6@group-D25BE8053FEA, cid=2428, SUCCESS, logIndex=3604, commits[c26939f8-4d1f-4fb1-95c4-1aa8f7e5d3f6:c3604, c5393538-959b-47cf-9d9c-19dac7bed4ee:c3602, a2e6e0ff-38a8-4bcf-9958-a89ff312531d:c3602]
2019-07-15 13:07:04,466 INFO  client.GrpcClientProtocolClient (GrpcClientProtocolClient.java:onNext(255)) - client-B30EC828C355->c26939f8-4d1f-4fb1-95c4-1aa8f7e5d3f6: receive RaftClientReply:client-B30EC828C355->c26939f8-4d1f-4fb1-95c4-1aa8f7e5d3f6@group-D25BE8053FEA, cid=2429, SUCCESS, logIndex=3605, commits[c26939f8-4d1f-4fb1-95c4-1aa8f7e5d3f6:c3606, c5393538-959b-47cf-9d9c-19dac7bed4ee:c3602, a2e6e0ff-38a8-4bcf-9958-a89ff312531d:c3602]
2019-07-15 13:07:04,467 INFO  client.GrpcClientProtocolClient (GrpcClientProtocolClient.java:onNext(255)) - client-B30EC828C355->c26939f8-4d1f-4fb1-95c4-1aa8f7e5d3f6: receive RaftClientReply:client-B30EC828C355->c26939f8-4d1f-4fb1-95c4-1aa8f7e5d3f6@group-D25BE8053FEA, cid=2430, SUCCESS, logIndex=3606, commits[c26939f8-4d1f-4fb1-95c4-1aa8f7e5d3f6:c3606, c5393538-959b-47cf-9d9c-19dac7bed4ee:c3602, a2e6e0ff-38a8-4bcf-9958-a89ff312531d:c3602]
2019-07-15 13:07:04,469 INFO  client.GrpcClientProtocolClient (GrpcClientProtocolClient.java:onNext(255)) - client-B30EC828C355->c26939f8-4d1f-4fb1-95c4-1aa8f7e5d3f6: receive RaftClientReply:client-B30EC828C355->c26939f8-4d1f-4fb1-95c4-1aa8f7e5d3f6@group-D25BE8053FEA, cid=2431, SUCCESS, logIndex=0, commits[c26939f8-4d1f-4fb1-95c4-1aa8f7e5d3f6:c3608, c5393538-959b-47cf-9d9c-19dac7bed4ee:c3604, a2e6e0ff-38a8-4bcf-9958-a89ff312531d:c3604]
2019-07-15 13:07:04,484 INFO  client.GrpcClientProtocolClient (GrpcClientProtocolClient.java:onNext(255)) - client-B30EC828C355->c26939f8-4d1f-4fb1-95c4-1aa8f7e5d3f6: receive RaftClientReply:client-B30EC828C355->c26939f8-4d1f-4fb1-95c4-1aa8f7e5d3f6@group-D25BE8053FEA, cid=2432, SUCCESS, logIndex=3611, commits[c26939f8-4d1f-4fb1-95c4-1aa8f7e5d3f6:c3612, c5393538-959b-47cf-9d9c-19dac7bed4ee:c3608, a2e6e0ff-38a8-4bcf-9958-a89ff312531d:c3606]
2019-07-15 13:07:04,484 INFO  client.GrpcClientProtocolClient (GrpcClientProtocolClient.java:onNext(255)) - client-B30EC828C355->c26939f8-4d1f-4fb1-95c4-1aa8f7e5d3f6: receive RaftClientReply:client-B30EC828C355->c26939f8-4d1f-4fb1-95c4-1aa8f7e5d3f6@group-D25BE8053FEA, cid=2433, SUCCESS, logIndex=3612, commits[c26939f8-4d1f-4fb1-95c4-1aa8f7e5d3f6:c3612, c5393538-959b-47cf-9d9c-19dac7bed4ee:c3608, a2e6e0ff-38a8-4bcf-9958-a89ff312531d:c3608]
2019-07-15 13:07:04,498 INFO  client.GrpcClientProtocolClient (GrpcClientProtocolClient.java:onNext(255)) - client-B30EC828C355->c26939f8-4d1f-4fb1-95c4-1aa8f7e5d3f6: receive RaftClientReply:client-B30EC828C355->c26939f8-4d1f-4fb1-95c4-1aa8f7e5d3f6@group-D25BE8053FEA, cid=2434, SUCCESS, logIndex=3614, commits[c26939f8-4d1f-4fb1-95c4-1aa8f7e5d3f6:c3615, c5393538-959b-47cf-9d9c-19dac7bed4ee:c3612, a2e6e0ff-38a8-4bcf-9958-a89ff312531d:c3612]
2019-07-15 13:07:04,498 INFO  client.GrpcClientProtocolClient (GrpcClientProtocolClient.java:onNext(255)) - client-B30EC828C355->c26939f8-4d1f-4fb1-95c4-1aa8f7e5d3f6: receive RaftClientReply:client-B30EC828C355->c26939f8-4d1f-4fb1-95c4-1aa8f7e5d3f6@group-D25BE8053FEA, cid=2435, SUCCESS, logIndex=3615, commits[c26939f8-4d1f-4fb1-95c4-1aa8f7e5d3f6:c3615, c5393538-959b-47cf-9d9c-19dac7bed4ee:c3612, a2e6e0ff-38a8-4bcf-9958-a89ff312531d:c3612]
2019-07-15 13:07:04,522 INFO  client.GrpcClientProtocolClient (GrpcClientProtocolClient.java:onNext(255)) - client-B30EC828C355->c26939f8-4d1f-4fb1-95c4-1aa8f7e5d3f6: receive RaftClientReply:client-B30EC828C355->c26939f8-4d1f-4fb1-95c4-1aa8f7e5d3f6@group-D25BE8053FEA, cid=2436, SUCCESS, logIndex=0, commits[c26939f8-4d1f-4fb1-95c4-1aa8f7e5d3f6:c3617, c5393538-959b-47cf-9d9c-19dac7bed4ee:c3615, a2e6e0ff-38a8-4bcf-9958-a89ff312531d:c3615]
2019-07-15 13:07:04,547 INFO  client.GrpcClientProtocolClient (GrpcClientProtocolClient.java:onNext(255)) - client-B30EC828C355->c26939f8-4d1f-4fb1-95c4-1aa8f7e5d3f6: receive RaftClientReply:client-B30EC828C355->c26939f8-4d1f-4fb1-95c4-1aa8f7e5d3f6@group-D25BE8053FEA, cid=2437, SUCCESS, logIndex=3618, commits[c26939f8-4d1f-4fb1-95c4-1aa8f7e5d3f6:c3619, c5393538-959b-47cf-9d9c-19dac7bed4ee:c3617, a2e6e0ff-38a8-4bcf-9958-a89ff312531d:c3617]
2019-07-15 13:07:04,547 INFO  client.GrpcClientProtocolClient (GrpcClientProtocolClient.java:onNext(255)) - client-B30EC828C355->c26939f8-4d1f-4fb1-95c4-1aa8f7e5d3f6: receive RaftClientReply:client-B30EC828C355->c26939f8-4d1f-4fb1-95c4-1aa8f7e5d3f6@group-D25BE8053FEA, cid=2438, SUCCESS, logIndex=3619, commits[c26939f8-4d1f-4fb1-95c4-1aa8f7e5d3f6:c3619, c5393538-959b-47cf-9d9c-19dac7bed4ee:c3617, a2e6e0ff-38a8-4bcf-9958-a89ff312531d:c3617]
2019-07-15 13:07:04,548 INFO  client.GrpcClientProtocolClient (GrpcClientProtocolClient.java:onNext(255)) - client-B30EC828C355->c26939f8-4d1f-4fb1-95c4-1aa8f7e5d3f6: receive RaftClientReply:client-B30EC828C355->c26939f8-4d1f-4fb1-95c4-1aa8f7e5d3f6@group-D25BE8053FEA, cid=2439, SUCCESS, logIndex=3620, commits[c26939f8-4d1f-4fb1-95c4-1aa8f7e5d3f6:c3621, c5393538-959b-47cf-9d9c-19dac7bed4ee:c3617, a2e6e0ff-38a8-4bcf-9958-a89ff312531d:c3617]
2019-07-15 13:07:04,548 INFO  client.GrpcClientProtocolClient (GrpcClientProtocolClient.java:onNext(255)) - client-B30EC828C355->c26939f8-4d1f-4fb1-95c4-1aa8f7e5d3f6: receive RaftClientReply:client-B30EC828C355->c26939f8-4d1f-4fb1-95c4-1aa8f7e5d3f6@group-D25BE8053FEA, cid=2440, SUCCESS, logIndex=3621, commits[c26939f8-4d1f-4fb1-95c4-1aa8f7e5d3f6:c3621, c5393538-959b-47cf-9d9c-19dac7bed4ee:c3617, a2e6e0ff-38a8-4bcf-9958-a89ff312531d:c3617]
2019-07-15 13:07:04,560 INFO  client.GrpcClientProtocolClient (GrpcClientProtocolClient.java:onNext(255)) - client-B30EC828C355->c26939f8-4d1f-4fb1-95c4-1aa8f7e5d3f6: receive RaftClientReply:client-B30EC828C355->c26939f8-4d1f-4fb1-95c4-1aa8f7e5d3f6@group-D25BE8053FEA, cid=2441, SUCCESS, logIndex=0, commits[c26939f8-4d1f-4fb1-95c4-1aa8f7e5d3f6:c3623, c5393538-959b-47cf-9d9c-19dac7bed4ee:c3619, a2e6e0ff-38a8-4bcf-9958-a89ff312531d:c3619]
2019-07-15 13:07:04,596 INFO  client.GrpcClientProtocolClient (GrpcClientProtocolClient.java:onNext(255)) - client-B30EC828C355->c26939f8-4d1f-4fb1-95c4-1aa8f7e5d3f6: receive RaftClientReply:client-B30EC828C355->c26939f8-4d1f-4fb1-95c4-1aa8f7e5d3f6@group-D25BE8053FEA, cid=2442, SUCCESS, logIndex=3626, commits[c26939f8-4d1f-4fb1-95c4-1aa8f7e5d3f6:c3627, c5393538-959b-47cf-9d9c-19dac7bed4ee:c3625, a2e6e0ff-38a8-4bcf-9958-a89ff312531d:c3625]
2019-07-15 13:07:04,597 INFO  client.GrpcClientProtocolClient (GrpcClientProtocolClient.java:onNext(255)) - client-B30EC828C355->c26939f8-4d1f-4fb1-95c4-1aa8f7e5d3f6: receive RaftClientReply:client-B30EC828C355->c26939f8-4d1f-4fb1-95c4-1aa8f7e5d3f6@group-D25BE8053FEA, cid=2443, SUCCESS, logIndex=3627, commits[c26939f8-4d1f-4fb1-95c4-1aa8f7e5d3f6:c3627, c5393538-959b-47cf-9d9c-19dac7bed4ee:c3625, a2e6e0ff-38a8-4bcf-9958-a89ff312531d:c3625]
2019-07-15 13:07:04,610 INFO  client.GrpcClientProtocolClient (GrpcClientProtocolClient.java:onNext(255)) - client-B30EC828C355->c26939f8-4d1f-4fb1-95c4-1aa8f7e5d3f6: receive RaftClientReply:client-B30EC828C355->c26939f8-4d1f-4fb1-95c4-1aa8f7e5d3f6@group-D25BE8053FEA, cid=2444, SUCCESS, logIndex=3630, commits[c26939f8-4d1f-4fb1-95c4-1aa8f7e5d3f6:c3630, c5393538-959b-47cf-9d9c-19dac7bed4ee:c3627, a2e6e0ff-38a8-4bcf-9958-a89ff312531d:c3627]
2019-07-15 13:07:04,611 INFO  client.GrpcClientProtocolClient (GrpcClientProtocolClient.java:onNext(255)) - client-B30EC828C355->c26939f8-4d1f-4fb1-95c4-1aa8f7e5d3f6: receive RaftClientReply:client-B30EC828C355->c26939f8-4d1f-4fb1-95c4-1aa8f7e5d3f6@group-D25BE8053FEA, cid=2445, SUCCESS, logIndex=3631, commits[c26939f8-4d1f-4fb1-95c4-1aa8f7e5d3f6:c3631, c5393538-959b-47cf-9d9c-19dac7bed4ee:c3627, a2e6e0ff-38a8-4bcf-9958-a89ff312531d:c3627]
2019-07-15 13:07:04,625 INFO  client.GrpcClientProtocolClient (GrpcClientProtocolClient.java:onNext(255)) - client-B30EC828C355->c26939f8-4d1f-4fb1-95c4-1aa8f7e5d3f6: receive RaftClientReply:client-B30EC828C355->c26939f8-4d1f-4fb1-95c4-1aa8f7e5d3f6@group-D25BE8053FEA, cid=2446, SUCCESS, logIndex=0, commits[c26939f8-4d1f-4fb1-95c4-1aa8f7e5d3f6:c3633, c5393538-959b-47cf-9d9c-19dac7bed4ee:c3631, a2e6e0ff-38a8-4bcf-9958-a89ff312531d:c3631]
2019-07-15 13:07:04,654 INFO  client.GrpcClientProtocolClient (GrpcClientProtocolClient.java:onNext(255)) - client-B30EC828C355->c26939f8-4d1f-4fb1-95c4-1aa8f7e5d3f6: receive RaftClientReply:client-B30EC828C355->c26939f8-4d1f-4fb1-95c4-1aa8f7e5d3f6@group-D25BE8053FEA, cid=2447, SUCCESS, logIndex=3634, commits[c26939f8-4d1f-4fb1-95c4-1aa8f7e5d3f6:c3635, c5393538-959b-47cf-9d9c-19dac7bed4ee:c3633, a2e6e0ff-38a8-4bcf-9958-a89ff312531d:c3633]
2019-07-15 13:07:04,655 INFO  client.GrpcClientProtocolClient (GrpcClientProtocolClient.java:onNext(255)) - client-B30EC828C355->c26939f8-4d1f-4fb1-95c4-1aa8f7e5d3f6: receive RaftClientReply:client-B30EC828C355->c26939f8-4d1f-4fb1-95c4-1aa8f7e5d3f6@group-D25BE8053FEA, cid=2448, SUCCESS, logIndex=3635, commits[c26939f8-4d1f-4fb1-95c4-1aa8f7e5d3f6:c3637, c5393538-959b-47cf-9d9c-19dac7bed4ee:c3633, a2e6e0ff-38a8-4bcf-9958-a89ff312531d:c3633]
2019-07-15 13:07:04,655 INFO  client.GrpcClientProtocolClient (GrpcClientProtocolClient.java:onNext(255)) - client-B30EC828C355->c26939f8-4d1f-4fb1-95c4-1aa8f7e5d3f6: receive RaftClientReply:client-B30EC828C355->c26939f8-4d1f-4fb1-95c4-1aa8f7e5d3f6@group-D25BE8053FEA, cid=2449, SUCCESS, logIndex=3636, commits[c26939f8-4d1f-4fb1-95c4-1aa8f7e5d3f6:c3637, c5393538-959b-47cf-9d9c-19dac7bed4ee:c3633, a2e6e0ff-38a8-4bcf-9958-a89ff312531d:c3633]
2019-07-15 13:07:04,656 INFO  client.GrpcClientProtocolClient (GrpcClientProtocolClient.java:onNext(255)) - client-B30EC828C355->c26939f8-4d1f-4fb1-95c4-1aa8f7e5d3f6: receive RaftClientReply:client-B30EC828C355->c26939f8-4d1f-4fb1-95c4-1aa8f7e5d3f6@group-D25BE8053FEA, cid=2450, SUCCESS, logIndex=3637, commits[c26939f8-4d1f-4fb1-95c4-1aa8f7e5d3f6:c3637, c5393538-959b-47cf-9d9c-19dac7bed4ee:c3633, a2e6e0ff-38a8-4bcf-9958-a89ff312531d:c3633]
2019-07-15 13:07:04,667 INFO  client.GrpcClientProtocolClient (GrpcClientProtocolClient.java:onNext(255)) - client-B30EC828C355->c26939f8-4d1f-4fb1-95c4-1aa8f7e5d3f6: receive RaftClientReply:client-B30EC828C355->c26939f8-4d1f-4fb1-95c4-1aa8f7e5d3f6@group-D25BE8053FEA, cid=2451, SUCCESS, logIndex=0, commits[c26939f8-4d1f-4fb1-95c4-1aa8f7e5d3f6:c3638, c5393538-959b-47cf-9d9c-19dac7bed4ee:c3635, a2e6e0ff-38a8-4bcf-9958-a89ff312531d:c3635]
2019-07-15 13:07:04,687 INFO  client.GrpcClientProtocolClient (GrpcClientProtocolClient.java:onNext(255)) - client-B30EC828C355->c26939f8-4d1f-4fb1-95c4-1aa8f7e5d3f6: receive RaftClientReply:client-B30EC828C355->c26939f8-4d1f-4fb1-95c4-1aa8f7e5d3f6@group-D25BE8053FEA, cid=2452, SUCCESS, logIndex=3642, commits[c26939f8-4d1f-4fb1-95c4-1aa8f7e5d3f6:c3643, c5393538-959b-47cf-9d9c-19dac7bed4ee:c3641, a2e6e0ff-38a8-4bcf-9958-a89ff312531d:c3641]
2019-07-15 13:07:04,687 INFO  client.GrpcClientProtocolClient (GrpcClientProtocolClient.java:onNext(255)) - client-B30EC828C355->c26939f8-4d1f-4fb1-95c4-1aa8f7e5d3f6: receive RaftClientReply:client-B30EC828C355->c26939f8-4d1f-4fb1-95c4-1aa8f7e5d3f6@group-D25BE8053FEA, cid=2453, SUCCESS, logIndex=3643, commits[c26939f8-4d1f-4fb1-95c4-1aa8f7e5d3f6:c3643, c5393538-959b-47cf-9d9c-19dac7bed4ee:c3641, a2e6e0ff-38a8-4bcf-9958-a89ff312531d:c3641]
2019-07-15 13:07:04,701 INFO  client.GrpcClientProtocolClient (GrpcClientProtocolClient.java:onNext(255)) - client-B30EC828C355->c26939f8-4d1f-4fb1-95c4-1aa8f7e5d3f6: receive RaftClientReply:client-B30EC828C355->c26939f8-4d1f-4fb1-95c4-1aa8f7e5d3f6@group-D25BE8053FEA, cid=2454, SUCCESS, logIndex=3646, commits[c26939f8-4d1f-4fb1-95c4-1aa8f7e5d3f6:c3647, c5393538-959b-47cf-9d9c-19dac7bed4ee:c3643, a2e6e0ff-38a8-4bcf-9958-a89ff312531d:c3643]
2019-07-15 13:07:04,701 INFO  client.GrpcClientProtocolClient (GrpcClientProtocolClient.java:onNext(255)) - client-B30EC828C355->c26939f8-4d1f-4fb1-95c4-1aa8f7e5d3f6: receive RaftClientReply:client-B30EC828C355->c26939f8-4d1f-4fb1-95c4-1aa8f7e5d3f6@group-D25BE8053FEA, cid=2455, SUCCESS, logIndex=3647, commits[c26939f8-4d1f-4fb1-95c4-1aa8f7e5d3f6:c3647, c5393538-959b-47cf-9d9c-19dac7bed4ee:c3643, a2e6e0ff-38a8-4bcf-9958-a89ff312531d:c3643]
2019-07-15 13:07:04,715 INFO  client.GrpcClientProtocolClient (GrpcClientProtocolClient.java:onNext(255)) - client-B30EC828C355->c26939f8-4d1f-4fb1-95c4-1aa8f7e5d3f6: receive RaftClientReply:client-B30EC828C355->c26939f8-4d1f-4fb1-95c4-1aa8f7e5d3f6@group-D25BE8053FEA, cid=2456, SUCCESS, logIndex=0, commits[c26939f8-4d1f-4fb1-95c4-1aa8f7e5d3f6:c3649, c5393538-959b-47cf-9d9c-19dac7bed4ee:c3647, a2e6e0ff-38a8-4bcf-9958-a89ff312531d:c3647]
2019-07-15 13:07:04,746 INFO  client.GrpcClientProtocolClient (GrpcClientProtocolClient.java:onNext(255)) - client-B30EC828C355->c26939f8-4d1f-4fb1-95c4-1aa8f7e5d3f6: receive RaftClientReply:client-B30EC828C355->c26939f8-4d1f-4fb1-95c4-1aa8f7e5d3f6@group-D25BE8053FEA, cid=2457, SUCCESS, logIndex=3650, commits[c26939f8-4d1f-4fb1-95c4-1aa8f7e5d3f6:c3652, c5393538-959b-47cf-9d9c-19dac7bed4ee:c3649, a2e6e0ff-38a8-4bcf-9958-a89ff312531d:c3649]
2019-07-15 13:07:04,747 INFO  client.GrpcClientProtocolClient (GrpcClientProtocolClient.java:onNext(255)) - client-B30EC828C355->c26939f8-4d1f-4fb1-95c4-1aa8f7e5d3f6: receive RaftClientReply:client-B30EC828C355->c26939f8-4d1f-4fb1-95c4-1aa8f7e5d3f6@group-D25BE8053FEA, cid=2458, SUCCESS, logIndex=3651, commits[c26939f8-4d1f-4fb1-95c4-1aa8f7e5d3f6:c3653, c5393538-959b-47cf-9d9c-19dac7bed4ee:c3649, a2e6e0ff-38a8-4bcf-9958-a89ff312531d:c3649]
2019-07-15 13:07:04,747 INFO  client.GrpcClientProtocolClient (GrpcClientProtocolClient.java:onNext(255)) - client-B30EC828C355->c26939f8-4d1f-4fb1-95c4-1aa8f7e5d3f6: receive RaftClientReply:client-B30EC828C355->c26939f8-4d1f-4fb1-95c4-1aa8f7e5d3f6@group-D25BE8053FEA, cid=2459, SUCCESS, logIndex=3652, commits[c26939f8-4d1f-4fb1-95c4-1aa8f7e5d3f6:c3654, c5393538-959b-47cf-9d9c-19dac7bed4ee:c3650, a2e6e0ff-38a8-4bcf-9958-a89ff312531d:c3649]
2019-07-15 13:07:04,748 INFO  client.GrpcClientProtocolClient (GrpcClientProtocolClient.java:onNext(255)) - client-B30EC828C355->c26939f8-4d1f-4fb1-95c4-1aa8f7e5d3f6: receive RaftClientReply:client-B30EC828C355->c26939f8-4d1f-4fb1-95c4-1aa8f7e5d3f6@group-D25BE8053FEA, cid=2460, SUCCESS, logIndex=3653, commits[c26939f8-4d1f-4fb1-95c4-1aa8f7e5d3f6:c3655, c5393538-959b-47cf-9d9c-19dac7bed4ee:c3651, a2e6e0ff-38a8-4bcf-9958-a89ff312531d:c3649]
2019-07-15 13:07:04,751 INFO  client.GrpcClientProtocolClient (GrpcClientProtocolClient.java:onNext(255)) - client-B30EC828C355->c26939f8-4d1f-4fb1-95c4-1aa8f7e5d3f6: receive RaftClientReply:client-B30EC828C355->c26939f8-4d1f-4fb1-95c4-1aa8f7e5d3f6@group-D25BE8053FEA, cid=2461, SUCCESS, logIndex=0, commits[c26939f8-4d1f-4fb1-95c4-1aa8f7e5d3f6:c3657, c5393538-959b-47cf-9d9c-19dac7bed4ee:c3653, a2e6e0ff-38a8-4bcf-9958-a89ff312531d:c3651]
2019-07-15 13:07:04,776 INFO  client.GrpcClientProtocolClient (GrpcClientProtocolClient.java:onNext(255)) - client-B30EC828C355->c26939f8-4d1f-4fb1-95c4-1aa8f7e5d3f6: receive RaftClientReply:client-B30EC828C355->c26939f8-4d1f-4fb1-95c4-1aa8f7e5d3f6@group-D25BE8053FEA, cid=2462, SUCCESS, logIndex=3658, commits[c26939f8-4d1f-4fb1-95c4-1aa8f7e5d3f6:c3659, c5393538-959b-47cf-9d9c-19dac7bed4ee:c3657, a2e6e0ff-38a8-4bcf-9958-a89ff312531d:c3657]
2019-07-15 13:07:04,776 INFO  client.GrpcClientProtocolClient (GrpcClientProtocolClient.java:onNext(255)) - client-B30EC828C355->c26939f8-4d1f-4fb1-95c4-1aa8f7e5d3f6: receive RaftClientReply:client-B30EC828C355->c26939f8-4d1f-4fb1-95c4-1aa8f7e5d3f6@group-D25BE8053FEA, cid=2463, SUCCESS, logIndex=3659, commits[c26939f8-4d1f-4fb1-95c4-1aa8f7e5d3f6:c3659, c5393538-959b-47cf-9d9c-19dac7bed4ee:c3657, a2e6e0ff-38a8-4bcf-9958-a89ff312531d:c3657]
2019-07-15 13:07:04,792 INFO  client.GrpcClientProtocolClient (GrpcClientProtocolClient.java:onNext(255)) - client-B30EC828C355->c26939f8-4d1f-4fb1-95c4-1aa8f7e5d3f6: receive RaftClientReply:client-B30EC828C355->c26939f8-4d1f-4fb1-95c4-1aa8f7e5d3f6@group-D25BE8053FEA, cid=2464, SUCCESS, logIndex=3662, commits[c26939f8-4d1f-4fb1-95c4-1aa8f7e5d3f6:c3663, c5393538-959b-47cf-9d9c-19dac7bed4ee:c3659, a2e6e0ff-38a8-4bcf-9958-a89ff312531d:c3659]
2019-07-15 13:07:04,792 INFO  client.GrpcClientProtocolClient (GrpcClientProtocolClient.java:onNext(255)) - client-B30EC828C355->c26939f8-4d1f-4fb1-95c4-1aa8f7e5d3f6: receive RaftClientReply:client-B30EC828C355->c26939f8-4d1f-4fb1-95c4-1aa8f7e5d3f6@group-D25BE8053FEA, cid=2465, SUCCESS, logIndex=3663, commits[c26939f8-4d1f-4fb1-95c4-1aa8f7e5d3f6:c3663, c5393538-959b-47cf-9d9c-19dac7bed4ee:c3659, a2e6e0ff-38a8-4bcf-9958-a89ff312531d:c3659]
2019-07-15 13:07:04,804 INFO  client.GrpcClientProtocolClient (GrpcClientProtocolClient.java:onNext(255)) - client-B30EC828C355->c26939f8-4d1f-4fb1-95c4-1aa8f7e5d3f6: receive RaftClientReply:client-B30EC828C355->c26939f8-4d1f-4fb1-95c4-1aa8f7e5d3f6@group-D25BE8053FEA, cid=2466, SUCCESS, logIndex=0, commits[c26939f8-4d1f-4fb1-95c4-1aa8f7e5d3f6:c3664, c5393538-959b-47cf-9d9c-19dac7bed4ee:c3663, a2e6e0ff-38a8-4bcf-9958-a89ff312531d:c3663]
 0.00% |█                                                                                                    |  0/1 Time: 0:00:192019-07-15 13:07:04,972 INFO  client.GrpcClientProtocolClient (GrpcClientProtocolClient.java:onNext(255)) - client-B30EC828C355->c26939f8-4d1f-4fb1-95c4-1aa8f7e5d3f6: receive RaftClientReply:client-B30EC828C355->c26939f8-4d1f-4fb1-95c4-1aa8f7e5d3f6@group-D25BE8053FEA, cid=2467, SUCCESS, logIndex=3665, commits[c26939f8-4d1f-4fb1-95c4-1aa8f7e5d3f6:c3668, c5393538-959b-47cf-9d9c-19dac7bed4ee:c3664, a2e6e0ff-38a8-4bcf-9958-a89ff312531d:c3664]
2019-07-15 13:07:04,972 INFO  client.GrpcClientProtocolClient (GrpcClientProtocolClient.java:onNext(255)) - client-B30EC828C355->c26939f8-4d1f-4fb1-95c4-1aa8f7e5d3f6: receive RaftClientReply:client-B30EC828C355->c26939f8-4d1f-4fb1-95c4-1aa8f7e5d3f6@group-D25BE8053FEA, cid=2468, SUCCESS, logIndex=3666, commits[c26939f8-4d1f-4fb1-95c4-1aa8f7e5d3f6:c3668, c5393538-959b-47cf-9d9c-19dac7bed4ee:c3664, a2e6e0ff-38a8-4bcf-9958-a89ff312531d:c3664]
2019-07-15 13:07:04,973 INFO  client.GrpcClientProtocolClient (GrpcClientProtocolClient.java:onNext(255)) - client-B30EC828C355->c26939f8-4d1f-4fb1-95c4-1aa8f7e5d3f6: receive RaftClientReply:client-B30EC828C355->c26939f8-4d1f-4fb1-95c4-1aa8f7e5d3f6@group-D25BE8053FEA, cid=2469, SUCCESS, logIndex=3667, commits[c26939f8-4d1f-4fb1-95c4-1aa8f7e5d3f6:c3668, c5393538-959b-47cf-9d9c-19dac7bed4ee:c3664, a2e6e0ff-38a8-4bcf-9958-a89ff312531d:c3664]
2019-07-15 13:07:04,973 INFO  client.GrpcClientProtocolClient (GrpcClientProtocolClient.java:onNext(255)) - client-B30EC828C355->c26939f8-4d1f-4fb1-95c4-1aa8f7e5d3f6: receive RaftClientReply:client-B30EC828C355->c26939f8-4d1f-4fb1-95c4-1aa8f7e5d3f6@group-D25BE8053FEA, cid=2470, SUCCESS, logIndex=3668, commits[c26939f8-4d1f-4fb1-95c4-1aa8f7e5d3f6:c3668, c5393538-959b-47cf-9d9c-19dac7bed4ee:c3664, a2e6e0ff-38a8-4bcf-9958-a89ff312531d:c3664]
2019-07-15 13:07:04,986 INFO  client.GrpcClientProtocolClient (GrpcClientProtocolClient.java:onNext(255)) - client-B30EC828C355->c26939f8-4d1f-4fb1-95c4-1aa8f7e5d3f6: receive RaftClientReply:client-B30EC828C355->c26939f8-4d1f-4fb1-95c4-1aa8f7e5d3f6@group-D25BE8053FEA, cid=2471, SUCCESS, logIndex=0, commits[c26939f8-4d1f-4fb1-95c4-1aa8f7e5d3f6:c3669, c5393538-959b-47cf-9d9c-19dac7bed4ee:c3667, a2e6e0ff-38a8-4bcf-9958-a89ff312531d:c3667]
2019-07-15 13:07:05,012 INFO  client.GrpcClientProtocolClient (GrpcClientProtocolClient.java:onNext(255)) - client-B30EC828C355->c26939f8-4d1f-4fb1-95c4-1aa8f7e5d3f6: receive RaftClientReply:client-B30EC828C355->c26939f8-4d1f-4fb1-95c4-1aa8f7e5d3f6@group-D25BE8053FEA, cid=2472, SUCCESS, logIndex=3672, commits[c26939f8-4d1f-4fb1-95c4-1aa8f7e5d3f6:c3673, c5393538-959b-47cf-9d9c-19dac7bed4ee:c3671, a2e6e0ff-38a8-4bcf-9958-a89ff312531d:c3671]
2019-07-15 13:07:05,012 INFO  client.GrpcClientProtocolClient (GrpcClientProtocolClient.java:onNext(255)) - client-B30EC828C355->c26939f8-4d1f-4fb1-95c4-1aa8f7e5d3f6: receive RaftClientReply:client-B30EC828C355->c26939f8-4d1f-4fb1-95c4-1aa8f7e5d3f6@group-D25BE8053FEA, cid=2473, SUCCESS, logIndex=3673, commits[c26939f8-4d1f-4fb1-95c4-1aa8f7e5d3f6:c3673, c5393538-959b-47cf-9d9c-19dac7bed4ee:c3671, a2e6e0ff-38a8-4bcf-9958-a89ff312531d:c3671]
2019-07-15 13:07:05,036 INFO  client.GrpcClientProtocolClient (GrpcClientProtocolClient.java:onNext(255)) - client-B30EC828C355->c26939f8-4d1f-4fb1-95c4-1aa8f7e5d3f6: receive RaftClientReply:client-B30EC828C355->c26939f8-4d1f-4fb1-95c4-1aa8f7e5d3f6@group-D25BE8053FEA, cid=2474, SUCCESS, logIndex=3676, commits[c26939f8-4d1f-4fb1-95c4-1aa8f7e5d3f6:c3677, c5393538-959b-47cf-9d9c-19dac7bed4ee:c3673, a2e6e0ff-38a8-4bcf-9958-a89ff312531d:c3673]
2019-07-15 13:07:05,037 INFO  client.GrpcClientProtocolClient (GrpcClientProtocolClient.java:onNext(255)) - client-B30EC828C355->c26939f8-4d1f-4fb1-95c4-1aa8f7e5d3f6: receive RaftClientReply:client-B30EC828C355->c26939f8-4d1f-4fb1-95c4-1aa8f7e5d3f6@group-D25BE8053FEA, cid=2475, SUCCESS, logIndex=3677, commits[c26939f8-4d1f-4fb1-95c4-1aa8f7e5d3f6:c3677, c5393538-959b-47cf-9d9c-19dac7bed4ee:c3673, a2e6e0ff-38a8-4bcf-9958-a89ff312531d:c3673]
2019-07-15 13:07:05,049 INFO  client.GrpcClientProtocolClient (GrpcClientProtocolClient.java:onNext(255)) - client-B30EC828C355->c26939f8-4d1f-4fb1-95c4-1aa8f7e5d3f6: receive RaftClientReply:client-B30EC828C355->c26939f8-4d1f-4fb1-95c4-1aa8f7e5d3f6@group-D25BE8053FEA, cid=2476, SUCCESS, logIndex=0, commits[c26939f8-4d1f-4fb1-95c4-1aa8f7e5d3f6:c3679, c5393538-959b-47cf-9d9c-19dac7bed4ee:c3677, a2e6e0ff-38a8-4bcf-9958-a89ff312531d:c3677]
2019-07-15 13:07:05,082 INFO  client.GrpcClientProtocolClient (GrpcClientProtocolClient.java:onNext(255)) - client-B30EC828C355->c26939f8-4d1f-4fb1-95c4-1aa8f7e5d3f6: receive RaftClientReply:client-B30EC828C355->c26939f8-4d1f-4fb1-95c4-1aa8f7e5d3f6@group-D25BE8053FEA, cid=2477, SUCCESS, logIndex=3680, commits[c26939f8-4d1f-4fb1-95c4-1aa8f7e5d3f6:c3683, c5393538-959b-47cf-9d9c-19dac7bed4ee:c3679, a2e6e0ff-38a8-4bcf-9958-a89ff312531d:c3679]
2019-07-15 13:07:05,083 INFO  client.GrpcClientProtocolClient (GrpcClientProtocolClient.java:onNext(255)) - client-B30EC828C355->c26939f8-4d1f-4fb1-95c4-1aa8f7e5d3f6: receive RaftClientReply:client-B30EC828C355->c26939f8-4d1f-4fb1-95c4-1aa8f7e5d3f6@group-D25BE8053FEA, cid=2478, SUCCESS, logIndex=3681, commits[c26939f8-4d1f-4fb1-95c4-1aa8f7e5d3f6:c3683, c5393538-959b-47cf-9d9c-19dac7bed4ee:c3679, a2e6e0ff-38a8-4bcf-9958-a89ff312531d:c3679]
2019-07-15 13:07:05,083 INFO  client.GrpcClientProtocolClient (GrpcClientProtocolClient.java:onNext(255)) - client-B30EC828C355->c26939f8-4d1f-4fb1-95c4-1aa8f7e5d3f6: receive RaftClientReply:client-B30EC828C355->c26939f8-4d1f-4fb1-95c4-1aa8f7e5d3f6@group-D25BE8053FEA, cid=2479, SUCCESS, logIndex=3682, commits[c26939f8-4d1f-4fb1-95c4-1aa8f7e5d3f6:c3683, c5393538-959b-47cf-9d9c-19dac7bed4ee:c3681, a2e6e0ff-38a8-4bcf-9958-a89ff312531d:c3679]
2019-07-15 13:07:05,083 INFO  client.GrpcClientProtocolClient (GrpcClientProtocolClient.java:onNext(255)) - client-B30EC828C355->c26939f8-4d1f-4fb1-95c4-1aa8f7e5d3f6: receive RaftClientReply:client-B30EC828C355->c26939f8-4d1f-4fb1-95c4-1aa8f7e5d3f6@group-D25BE8053FEA, cid=2480, SUCCESS, logIndex=3683, commits[c26939f8-4d1f-4fb1-95c4-1aa8f7e5d3f6:c3684, c5393538-959b-47cf-9d9c-19dac7bed4ee:c3681, a2e6e0ff-38a8-4bcf-9958-a89ff312531d:c3679]
2019-07-15 13:07:05,085 INFO  client.GrpcClientProtocolClient (GrpcClientProtocolClient.java:onNext(255)) - client-B30EC828C355->c26939f8-4d1f-4fb1-95c4-1aa8f7e5d3f6: receive RaftClientReply:client-B30EC828C355->c26939f8-4d1f-4fb1-95c4-1aa8f7e5d3f6@group-D25BE8053FEA, cid=2481, SUCCESS, logIndex=0, commits[c26939f8-4d1f-4fb1-95c4-1aa8f7e5d3f6:c3685, c5393538-959b-47cf-9d9c-19dac7bed4ee:c3683, a2e6e0ff-38a8-4bcf-9958-a89ff312531d:c3681]
2019-07-15 13:07:05,107 INFO  client.GrpcClientProtocolClient (GrpcClientProtocolClient.java:onNext(255)) - client-B30EC828C355->c26939f8-4d1f-4fb1-95c4-1aa8f7e5d3f6: receive RaftClientReply:client-B30EC828C355->c26939f8-4d1f-4fb1-95c4-1aa8f7e5d3f6@group-D25BE8053FEA, cid=2482, SUCCESS, logIndex=3688, commits[c26939f8-4d1f-4fb1-95c4-1aa8f7e5d3f6:c3689, c5393538-959b-47cf-9d9c-19dac7bed4ee:c3687, a2e6e0ff-38a8-4bcf-9958-a89ff312531d:c3687]
2019-07-15 13:07:05,107 INFO  client.GrpcClientProtocolClient (GrpcClientProtocolClient.java:onNext(255)) - client-B30EC828C355->c26939f8-4d1f-4fb1-95c4-1aa8f7e5d3f6: receive RaftClientReply:client-B30EC828C355->c26939f8-4d1f-4fb1-95c4-1aa8f7e5d3f6@group-D25BE8053FEA, cid=2483, SUCCESS, logIndex=3689, commits[c26939f8-4d1f-4fb1-95c4-1aa8f7e5d3f6:c3689, c5393538-959b-47cf-9d9c-19dac7bed4ee:c3687, a2e6e0ff-38a8-4bcf-9958-a89ff312531d:c3687]
2019-07-15 13:07:05,133 INFO  client.GrpcClientProtocolClient (GrpcClientProtocolClient.java:onNext(255)) - client-B30EC828C355->c26939f8-4d1f-4fb1-95c4-1aa8f7e5d3f6: receive RaftClientReply:client-B30EC828C355->c26939f8-4d1f-4fb1-95c4-1aa8f7e5d3f6@group-D25BE8053FEA, cid=2484, SUCCESS, logIndex=3692, commits[c26939f8-4d1f-4fb1-95c4-1aa8f7e5d3f6:c3693, c5393538-959b-47cf-9d9c-19dac7bed4ee:c3689, a2e6e0ff-38a8-4bcf-9958-a89ff312531d:c3689]
2019-07-15 13:07:05,133 INFO  client.GrpcClientProtocolClient (GrpcClientProtocolClient.java:onNext(255)) - client-B30EC828C355->c26939f8-4d1f-4fb1-95c4-1aa8f7e5d3f6: receive RaftClientReply:client-B30EC828C355->c26939f8-4d1f-4fb1-95c4-1aa8f7e5d3f6@group-D25BE8053FEA, cid=2485, SUCCESS, logIndex=3693, commits[c26939f8-4d1f-4fb1-95c4-1aa8f7e5d3f6:c3693, c5393538-959b-47cf-9d9c-19dac7bed4ee:c3689, a2e6e0ff-38a8-4bcf-9958-a89ff312531d:c3689]
2019-07-15 13:07:05,148 INFO  client.GrpcClientProtocolClient (GrpcClientProtocolClient.java:onNext(255)) - client-B30EC828C355->c26939f8-4d1f-4fb1-95c4-1aa8f7e5d3f6: receive RaftClientReply:client-B30EC828C355->c26939f8-4d1f-4fb1-95c4-1aa8f7e5d3f6@group-D25BE8053FEA, cid=2486, SUCCESS, logIndex=0, commits[c26939f8-4d1f-4fb1-95c4-1aa8f7e5d3f6:c3695, c5393538-959b-47cf-9d9c-19dac7bed4ee:c3693, a2e6e0ff-38a8-4bcf-9958-a89ff312531d:c3693]
2019-07-15 13:07:05,179 INFO  client.GrpcClientProtocolClient (GrpcClientProtocolClient.java:onNext(255)) - client-B30EC828C355->c26939f8-4d1f-4fb1-95c4-1aa8f7e5d3f6: receive RaftClientReply:client-B30EC828C355->c26939f8-4d1f-4fb1-95c4-1aa8f7e5d3f6@group-D25BE8053FEA, cid=2487, SUCCESS, logIndex=3696, commits[c26939f8-4d1f-4fb1-95c4-1aa8f7e5d3f6:c3698, c5393538-959b-47cf-9d9c-19dac7bed4ee:c3695, a2e6e0ff-38a8-4bcf-9958-a89ff312531d:c3695]
2019-07-15 13:07:05,180 INFO  client.GrpcClientProtocolClient (GrpcClientProtocolClient.java:onNext(255)) - client-B30EC828C355->c26939f8-4d1f-4fb1-95c4-1aa8f7e5d3f6: receive RaftClientReply:client-B30EC828C355->c26939f8-4d1f-4fb1-95c4-1aa8f7e5d3f6@group-D25BE8053FEA, cid=2488, SUCCESS, logIndex=3697, commits[c26939f8-4d1f-4fb1-95c4-1aa8f7e5d3f6:c3699, c5393538-959b-47cf-9d9c-19dac7bed4ee:c3695, a2e6e0ff-38a8-4bcf-9958-a89ff312531d:c3695]
2019-07-15 13:07:05,180 INFO  client.GrpcClientProtocolClient (GrpcClientProtocolClient.java:onNext(255)) - client-B30EC828C355->c26939f8-4d1f-4fb1-95c4-1aa8f7e5d3f6: receive RaftClientReply:client-B30EC828C355->c26939f8-4d1f-4fb1-95c4-1aa8f7e5d3f6@group-D25BE8053FEA, cid=2489, SUCCESS, logIndex=3698, commits[c26939f8-4d1f-4fb1-95c4-1aa8f7e5d3f6:c3700, c5393538-959b-47cf-9d9c-19dac7bed4ee:c3696, a2e6e0ff-38a8-4bcf-9958-a89ff312531d:c3695]
2019-07-15 13:07:05,180 INFO  client.GrpcClientProtocolClient (GrpcClientProtocolClient.java:onNext(255)) - client-B30EC828C355->c26939f8-4d1f-4fb1-95c4-1aa8f7e5d3f6: receive RaftClientReply:client-B30EC828C355->c26939f8-4d1f-4fb1-95c4-1aa8f7e5d3f6@group-D25BE8053FEA, cid=2490, SUCCESS, logIndex=3699, commits[c26939f8-4d1f-4fb1-95c4-1aa8f7e5d3f6:c3700, c5393538-959b-47cf-9d9c-19dac7bed4ee:c3696, a2e6e0ff-38a8-4bcf-9958-a89ff312531d:c3695]
2019-07-15 13:07:05,194 INFO  client.GrpcClientProtocolClient (GrpcClientProtocolClient.java:onNext(255)) - client-B30EC828C355->c26939f8-4d1f-4fb1-95c4-1aa8f7e5d3f6: receive RaftClientReply:client-B30EC828C355->c26939f8-4d1f-4fb1-95c4-1aa8f7e5d3f6@group-D25BE8053FEA, cid=2491, SUCCESS, logIndex=0, commits[c26939f8-4d1f-4fb1-95c4-1aa8f7e5d3f6:c3701, c5393538-959b-47cf-9d9c-19dac7bed4ee:c3697, a2e6e0ff-38a8-4bcf-9958-a89ff312531d:c3697]
2019-07-15 13:07:05,215 INFO  client.GrpcClientProtocolClient (GrpcClientProtocolClient.java:onNext(255)) - client-B30EC828C355->c26939f8-4d1f-4fb1-95c4-1aa8f7e5d3f6: receive RaftClientReply:client-B30EC828C355->c26939f8-4d1f-4fb1-95c4-1aa8f7e5d3f6@group-D25BE8053FEA, cid=2492, SUCCESS, logIndex=3704, commits[c26939f8-4d1f-4fb1-95c4-1aa8f7e5d3f6:c3704, c5393538-959b-47cf-9d9c-19dac7bed4ee:c3703, a2e6e0ff-38a8-4bcf-9958-a89ff312531d:c3703]
2019-07-15 13:07:05,216 INFO  client.GrpcClientProtocolClient (GrpcClientProtocolClient.java:onNext(255)) - client-B30EC828C355->c26939f8-4d1f-4fb1-95c4-1aa8f7e5d3f6: receive RaftClientReply:client-B30EC828C355->c26939f8-4d1f-4fb1-95c4-1aa8f7e5d3f6@group-D25BE8053FEA, cid=2493, SUCCESS, logIndex=3705, commits[c26939f8-4d1f-4fb1-95c4-1aa8f7e5d3f6:c3705, c5393538-959b-47cf-9d9c-19dac7bed4ee:c3703, a2e6e0ff-38a8-4bcf-9958-a89ff312531d:c3703]
2019-07-15 13:07:05,266 INFO  client.GrpcClientProtocolClient (GrpcClientProtocolClient.java:onNext(255)) - client-B30EC828C355->c26939f8-4d1f-4fb1-95c4-1aa8f7e5d3f6: receive RaftClientReply:client-B30EC828C355->c26939f8-4d1f-4fb1-95c4-1aa8f7e5d3f6@group-D25BE8053FEA, cid=2494, SUCCESS, logIndex=3708, commits[c26939f8-4d1f-4fb1-95c4-1aa8f7e5d3f6:c3709, c5393538-959b-47cf-9d9c-19dac7bed4ee:c3705, a2e6e0ff-38a8-4bcf-9958-a89ff312531d:c3705]
2019-07-15 13:07:05,267 INFO  client.GrpcClientProtocolClient (GrpcClientProtocolClient.java:onNext(255)) - client-B30EC828C355->c26939f8-4d1f-4fb1-95c4-1aa8f7e5d3f6: receive RaftClientReply:client-B30EC828C355->c26939f8-4d1f-4fb1-95c4-1aa8f7e5d3f6@group-D25BE8053FEA, cid=2495, SUCCESS, logIndex=3709, commits[c26939f8-4d1f-4fb1-95c4-1aa8f7e5d3f6:c3709, c5393538-959b-47cf-9d9c-19dac7bed4ee:c3705, a2e6e0ff-38a8-4bcf-9958-a89ff312531d:c3705]
2019-07-15 13:07:05,278 INFO  client.GrpcClientProtocolClient (GrpcClientProtocolClient.java:onNext(255)) - client-B30EC828C355->c26939f8-4d1f-4fb1-95c4-1aa8f7e5d3f6: receive RaftClientReply:client-B30EC828C355->c26939f8-4d1f-4fb1-95c4-1aa8f7e5d3f6@group-D25BE8053FEA, cid=2496, SUCCESS, logIndex=0, commits[c26939f8-4d1f-4fb1-95c4-1aa8f7e5d3f6:c3710, c5393538-959b-47cf-9d9c-19dac7bed4ee:c3709, a2e6e0ff-38a8-4bcf-9958-a89ff312531d:c3709]
2019-07-15 13:07:05,313 INFO  client.GrpcClientProtocolClient (GrpcClientProtocolClient.java:onNext(255)) - client-B30EC828C355->c26939f8-4d1f-4fb1-95c4-1aa8f7e5d3f6: receive RaftClientReply:client-B30EC828C355->c26939f8-4d1f-4fb1-95c4-1aa8f7e5d3f6@group-D25BE8053FEA, cid=2497, SUCCESS, logIndex=3712, commits[c26939f8-4d1f-4fb1-95c4-1aa8f7e5d3f6:c3713, c5393538-959b-47cf-9d9c-19dac7bed4ee:c3711, a2e6e0ff-38a8-4bcf-9958-a89ff312531d:c3711]
2019-07-15 13:07:05,314 INFO  client.GrpcClientProtocolClient (GrpcClientProtocolClient.java:onNext(255)) - client-B30EC828C355->c26939f8-4d1f-4fb1-95c4-1aa8f7e5d3f6: receive RaftClientReply:client-B30EC828C355->c26939f8-4d1f-4fb1-95c4-1aa8f7e5d3f6@group-D25BE8053FEA, cid=2498, SUCCESS, logIndex=3713, commits[c26939f8-4d1f-4fb1-95c4-1aa8f7e5d3f6:c3714, c5393538-959b-47cf-9d9c-19dac7bed4ee:c3711, a2e6e0ff-38a8-4bcf-9958-a89ff312531d:c3711]
2019-07-15 13:07:05,314 INFO  client.GrpcClientProtocolClient (GrpcClientProtocolClient.java:onNext(255)) - client-B30EC828C355->c26939f8-4d1f-4fb1-95c4-1aa8f7e5d3f6: receive RaftClientReply:client-B30EC828C355->c26939f8-4d1f-4fb1-95c4-1aa8f7e5d3f6@group-D25BE8053FEA, cid=2499, SUCCESS, logIndex=3714, commits[c26939f8-4d1f-4fb1-95c4-1aa8f7e5d3f6:c3715, c5393538-959b-47cf-9d9c-19dac7bed4ee:c3711, a2e6e0ff-38a8-4bcf-9958-a89ff312531d:c3711]
2019-07-15 13:07:05,314 INFO  client.GrpcClientProtocolClient (GrpcClientProtocolClient.java:onNext(255)) - client-B30EC828C355->c26939f8-4d1f-4fb1-95c4-1aa8f7e5d3f6: receive RaftClientReply:client-B30EC828C355->c26939f8-4d1f-4fb1-95c4-1aa8f7e5d3f6@group-D25BE8053FEA, cid=2500, SUCCESS, logIndex=3715, commits[c26939f8-4d1f-4fb1-95c4-1aa8f7e5d3f6:c3715, c5393538-959b-47cf-9d9c-19dac7bed4ee:c3711, a2e6e0ff-38a8-4bcf-9958-a89ff312531d:c3711]
2019-07-15 13:07:05,327 INFO  client.GrpcClientProtocolClient (GrpcClientProtocolClient.java:onNext(255)) - client-B30EC828C355->c26939f8-4d1f-4fb1-95c4-1aa8f7e5d3f6: receive RaftClientReply:client-B30EC828C355->c26939f8-4d1f-4fb1-95c4-1aa8f7e5d3f6@group-D25BE8053FEA, cid=2501, SUCCESS, logIndex=0, commits[c26939f8-4d1f-4fb1-95c4-1aa8f7e5d3f6:c3717, c5393538-959b-47cf-9d9c-19dac7bed4ee:c3713, a2e6e0ff-38a8-4bcf-9958-a89ff312531d:c3714]
2019-07-15 13:07:05,349 INFO  client.GrpcClientProtocolClient (GrpcClientProtocolClient.java:onNext(255)) - client-B30EC828C355->c26939f8-4d1f-4fb1-95c4-1aa8f7e5d3f6: receive RaftClientReply:client-B30EC828C355->c26939f8-4d1f-4fb1-95c4-1aa8f7e5d3f6@group-D25BE8053FEA, cid=2502, SUCCESS, logIndex=3720, commits[c26939f8-4d1f-4fb1-95c4-1aa8f7e5d3f6:c3720, c5393538-959b-47cf-9d9c-19dac7bed4ee:c3719, a2e6e0ff-38a8-4bcf-9958-a89ff312531d:c3719]
2019-07-15 13:07:05,350 INFO  client.GrpcClientProtocolClient (GrpcClientProtocolClient.java:onNext(255)) - client-B30EC828C355->c26939f8-4d1f-4fb1-95c4-1aa8f7e5d3f6: receive RaftClientReply:client-B30EC828C355->c26939f8-4d1f-4fb1-95c4-1aa8f7e5d3f6@group-D25BE8053FEA, cid=2503, SUCCESS, logIndex=3721, commits[c26939f8-4d1f-4fb1-95c4-1aa8f7e5d3f6:c3721, c5393538-959b-47cf-9d9c-19dac7bed4ee:c3719, a2e6e0ff-38a8-4bcf-9958-a89ff312531d:c3719]
2019-07-15 13:07:05,375 INFO  client.GrpcClientProtocolClient (GrpcClientProtocolClient.java:onNext(255)) - client-B30EC828C355->c26939f8-4d1f-4fb1-95c4-1aa8f7e5d3f6: receive RaftClientReply:client-B30EC828C355->c26939f8-4d1f-4fb1-95c4-1aa8f7e5d3f6@group-D25BE8053FEA, cid=2504, SUCCESS, logIndex=3724, commits[c26939f8-4d1f-4fb1-95c4-1aa8f7e5d3f6:c3725, c5393538-959b-47cf-9d9c-19dac7bed4ee:c3721, a2e6e0ff-38a8-4bcf-9958-a89ff312531d:c3721]
2019-07-15 13:07:05,375 INFO  client.GrpcClientProtocolClient (GrpcClientProtocolClient.java:onNext(255)) - client-B30EC828C355->c26939f8-4d1f-4fb1-95c4-1aa8f7e5d3f6: receive RaftClientReply:client-B30EC828C355->c26939f8-4d1f-4fb1-95c4-1aa8f7e5d3f6@group-D25BE8053FEA, cid=2505, SUCCESS, logIndex=3725, commits[c26939f8-4d1f-4fb1-95c4-1aa8f7e5d3f6:c3725, c5393538-959b-47cf-9d9c-19dac7bed4ee:c3721, a2e6e0ff-38a8-4bcf-9958-a89ff312531d:c3721]
2019-07-15 13:07:05,387 INFO  client.GrpcClientProtocolClient (GrpcClientProtocolClient.java:onNext(255)) - client-B30EC828C355->c26939f8-4d1f-4fb1-95c4-1aa8f7e5d3f6: receive RaftClientReply:client-B30EC828C355->c26939f8-4d1f-4fb1-95c4-1aa8f7e5d3f6@group-D25BE8053FEA, cid=2506, SUCCESS, logIndex=0, commits[c26939f8-4d1f-4fb1-95c4-1aa8f7e5d3f6:c3726, c5393538-959b-47cf-9d9c-19dac7bed4ee:c3725, a2e6e0ff-38a8-4bcf-9958-a89ff312531d:c3725]
2019-07-15 13:07:05,420 INFO  client.GrpcClientProtocolClient (GrpcClientProtocolClient.java:onNext(255)) - client-B30EC828C355->c26939f8-4d1f-4fb1-95c4-1aa8f7e5d3f6: receive RaftClientReply:client-B30EC828C355->c26939f8-4d1f-4fb1-95c4-1aa8f7e5d3f6@group-D25BE8053FEA, cid=2507, SUCCESS, logIndex=3728, commits[c26939f8-4d1f-4fb1-95c4-1aa8f7e5d3f6:c3731, c5393538-959b-47cf-9d9c-19dac7bed4ee:c3727, a2e6e0ff-38a8-4bcf-9958-a89ff312531d:c3725]
2019-07-15 13:07:05,421 INFO  client.GrpcClientProtocolClient (GrpcClientProtocolClient.java:onNext(255)) - client-B30EC828C355->c26939f8-4d1f-4fb1-95c4-1aa8f7e5d3f6: receive RaftClientReply:client-B30EC828C355->c26939f8-4d1f-4fb1-95c4-1aa8f7e5d3f6@group-D25BE8053FEA, cid=2508, SUCCESS, logIndex=3729, commits[c26939f8-4d1f-4fb1-95c4-1aa8f7e5d3f6:c3731, c5393538-959b-47cf-9d9c-19dac7bed4ee:c3727, a2e6e0ff-38a8-4bcf-9958-a89ff312531d:c3727]
2019-07-15 13:07:05,421 INFO  client.GrpcClientProtocolClient (GrpcClientProtocolClient.java:onNext(255)) - client-B30EC828C355->c26939f8-4d1f-4fb1-95c4-1aa8f7e5d3f6: receive RaftClientReply:client-B30EC828C355->c26939f8-4d1f-4fb1-95c4-1aa8f7e5d3f6@group-D25BE8053FEA, cid=2509, SUCCESS, logIndex=3730, commits[c26939f8-4d1f-4fb1-95c4-1aa8f7e5d3f6:c3731, c5393538-959b-47cf-9d9c-19dac7bed4ee:c3727, a2e6e0ff-38a8-4bcf-9958-a89ff312531d:c3727]
2019-07-15 13:07:05,422 INFO  client.GrpcClientProtocolClient (GrpcClientProtocolClient.java:onNext(255)) - client-B30EC828C355->c26939f8-4d1f-4fb1-95c4-1aa8f7e5d3f6: receive RaftClientReply:client-B30EC828C355->c26939f8-4d1f-4fb1-95c4-1aa8f7e5d3f6@group-D25BE8053FEA, cid=2510, SUCCESS, logIndex=3731, commits[c26939f8-4d1f-4fb1-95c4-1aa8f7e5d3f6:c3731, c5393538-959b-47cf-9d9c-19dac7bed4ee:c3727, a2e6e0ff-38a8-4bcf-9958-a89ff312531d:c3727]
2019-07-15 13:07:05,434 INFO  client.GrpcClientProtocolClient (GrpcClientProtocolClient.java:onNext(255)) - client-B30EC828C355->c26939f8-4d1f-4fb1-95c4-1aa8f7e5d3f6: receive RaftClientReply:client-B30EC828C355->c26939f8-4d1f-4fb1-95c4-1aa8f7e5d3f6@group-D25BE8053FEA, cid=2511, SUCCESS, logIndex=0, commits[c26939f8-4d1f-4fb1-95c4-1aa8f7e5d3f6:c3732, c5393538-959b-47cf-9d9c-19dac7bed4ee:c3729, a2e6e0ff-38a8-4bcf-9958-a89ff312531d:c3729]
2019-07-15 13:07:05,456 INFO  client.GrpcClientProtocolClient (GrpcClientProtocolClient.java:onNext(255)) - client-B30EC828C355->c26939f8-4d1f-4fb1-95c4-1aa8f7e5d3f6: receive RaftClientReply:client-B30EC828C355->c26939f8-4d1f-4fb1-95c4-1aa8f7e5d3f6@group-D25BE8053FEA, cid=2512, SUCCESS, logIndex=3736, commits[c26939f8-4d1f-4fb1-95c4-1aa8f7e5d3f6:c3737, c5393538-959b-47cf-9d9c-19dac7bed4ee:c3735, a2e6e0ff-38a8-4bcf-9958-a89ff312531d:c3735]
2019-07-15 13:07:05,456 INFO  client.GrpcClientProtocolClient (GrpcClientProtocolClient.java:onNext(255)) - client-B30EC828C355->c26939f8-4d1f-4fb1-95c4-1aa8f7e5d3f6: receive RaftClientReply:client-B30EC828C355->c26939f8-4d1f-4fb1-95c4-1aa8f7e5d3f6@group-D25BE8053FEA, cid=2513, SUCCESS, logIndex=3737, commits[c26939f8-4d1f-4fb1-95c4-1aa8f7e5d3f6:c3737, c5393538-959b-47cf-9d9c-19dac7bed4ee:c3735, a2e6e0ff-38a8-4bcf-9958-a89ff312531d:c3735]
2019-07-15 13:07:05,470 INFO  client.GrpcClientProtocolClient (GrpcClientProtocolClient.java:onNext(255)) - client-B30EC828C355->c26939f8-4d1f-4fb1-95c4-1aa8f7e5d3f6: receive RaftClientReply:client-B30EC828C355->c26939f8-4d1f-4fb1-95c4-1aa8f7e5d3f6@group-D25BE8053FEA, cid=2514, SUCCESS, logIndex=3740, commits[c26939f8-4d1f-4fb1-95c4-1aa8f7e5d3f6:c3741, c5393538-959b-47cf-9d9c-19dac7bed4ee:c3737, a2e6e0ff-38a8-4bcf-9958-a89ff312531d:c3737]
2019-07-15 13:07:05,471 INFO  client.GrpcClientProtocolClient (GrpcClientProtocolClient.java:onNext(255)) - client-B30EC828C355->c26939f8-4d1f-4fb1-95c4-1aa8f7e5d3f6: receive RaftClientReply:client-B30EC828C355->c26939f8-4d1f-4fb1-95c4-1aa8f7e5d3f6@group-D25BE8053FEA, cid=2515, SUCCESS, logIndex=3741, commits[c26939f8-4d1f-4fb1-95c4-1aa8f7e5d3f6:c3741, c5393538-959b-47cf-9d9c-19dac7bed4ee:c3737, a2e6e0ff-38a8-4bcf-9958-a89ff312531d:c3737]
2019-07-15 13:07:05,489 INFO  client.GrpcClientProtocolClient (GrpcClientProtocolClient.java:onNext(255)) - client-B30EC828C355->c26939f8-4d1f-4fb1-95c4-1aa8f7e5d3f6: receive RaftClientReply:client-B30EC828C355->c26939f8-4d1f-4fb1-95c4-1aa8f7e5d3f6@group-D25BE8053FEA, cid=2516, SUCCESS, logIndex=0, commits[c26939f8-4d1f-4fb1-95c4-1aa8f7e5d3f6:c3743, c5393538-959b-47cf-9d9c-19dac7bed4ee:c3741, a2e6e0ff-38a8-4bcf-9958-a89ff312531d:c3741]
2019-07-15 13:07:05,516 INFO  client.GrpcClientProtocolClient (GrpcClientProtocolClient.java:onNext(255)) - client-B30EC828C355->c26939f8-4d1f-4fb1-95c4-1aa8f7e5d3f6: receive RaftClientReply:client-B30EC828C355->c26939f8-4d1f-4fb1-95c4-1aa8f7e5d3f6@group-D25BE8053FEA, cid=2517, SUCCESS, logIndex=3744, commits[c26939f8-4d1f-4fb1-95c4-1aa8f7e5d3f6:c3745, c5393538-959b-47cf-9d9c-19dac7bed4ee:c3743, a2e6e0ff-38a8-4bcf-9958-a89ff312531d:c3743]
2019-07-15 13:07:05,516 INFO  client.GrpcClientProtocolClient (GrpcClientProtocolClient.java:onNext(255)) - client-B30EC828C355->c26939f8-4d1f-4fb1-95c4-1aa8f7e5d3f6: receive RaftClientReply:client-B30EC828C355->c26939f8-4d1f-4fb1-95c4-1aa8f7e5d3f6@group-D25BE8053FEA, cid=2518, SUCCESS, logIndex=3745, commits[c26939f8-4d1f-4fb1-95c4-1aa8f7e5d3f6:c3747, c5393538-959b-47cf-9d9c-19dac7bed4ee:c3743, a2e6e0ff-38a8-4bcf-9958-a89ff312531d:c3743]
2019-07-15 13:07:05,516 INFO  client.GrpcClientProtocolClient (GrpcClientProtocolClient.java:onNext(255)) - client-B30EC828C355->c26939f8-4d1f-4fb1-95c4-1aa8f7e5d3f6: receive RaftClientReply:client-B30EC828C355->c26939f8-4d1f-4fb1-95c4-1aa8f7e5d3f6@group-D25BE8053FEA, cid=2519, SUCCESS, logIndex=3746, commits[c26939f8-4d1f-4fb1-95c4-1aa8f7e5d3f6:c3747, c5393538-959b-47cf-9d9c-19dac7bed4ee:c3743, a2e6e0ff-38a8-4bcf-9958-a89ff312531d:c3743]
2019-07-15 13:07:05,516 INFO  client.GrpcClientProtocolClient (GrpcClientProtocolClient.java:onNext(255)) - client-B30EC828C355->c26939f8-4d1f-4fb1-95c4-1aa8f7e5d3f6: receive RaftClientReply:client-B30EC828C355->c26939f8-4d1f-4fb1-95c4-1aa8f7e5d3f6@group-D25BE8053FEA, cid=2520, SUCCESS, logIndex=3747, commits[c26939f8-4d1f-4fb1-95c4-1aa8f7e5d3f6:c3747, c5393538-959b-47cf-9d9c-19dac7bed4ee:c3743, a2e6e0ff-38a8-4bcf-9958-a89ff312531d:c3743]
2019-07-15 13:07:05,519 INFO  client.GrpcClientProtocolClient (GrpcClientProtocolClient.java:onNext(255)) - client-B30EC828C355->c26939f8-4d1f-4fb1-95c4-1aa8f7e5d3f6: receive RaftClientReply:client-B30EC828C355->c26939f8-4d1f-4fb1-95c4-1aa8f7e5d3f6@group-D25BE8053FEA, cid=2521, SUCCESS, logIndex=0, commits[c26939f8-4d1f-4fb1-95c4-1aa8f7e5d3f6:c3748, c5393538-959b-47cf-9d9c-19dac7bed4ee:c3745, a2e6e0ff-38a8-4bcf-9958-a89ff312531d:c3745]
2019-07-15 13:07:05,548 INFO  client.GrpcClientProtocolClient (GrpcClientProtocolClient.java:onNext(255)) - client-B30EC828C355->c26939f8-4d1f-4fb1-95c4-1aa8f7e5d3f6: receive RaftClientReply:client-B30EC828C355->c26939f8-4d1f-4fb1-95c4-1aa8f7e5d3f6@group-D25BE8053FEA, cid=2522, SUCCESS, logIndex=3751, commits[c26939f8-4d1f-4fb1-95c4-1aa8f7e5d3f6:c3752, c5393538-959b-47cf-9d9c-19dac7bed4ee:c3750, a2e6e0ff-38a8-4bcf-9958-a89ff312531d:c3750]
2019-07-15 13:07:05,548 INFO  client.GrpcClientProtocolClient (GrpcClientProtocolClient.java:onNext(255)) - client-B30EC828C355->c26939f8-4d1f-4fb1-95c4-1aa8f7e5d3f6: receive RaftClientReply:client-B30EC828C355->c26939f8-4d1f-4fb1-95c4-1aa8f7e5d3f6@group-D25BE8053FEA, cid=2523, SUCCESS, logIndex=3752, commits[c26939f8-4d1f-4fb1-95c4-1aa8f7e5d3f6:c3752, c5393538-959b-47cf-9d9c-19dac7bed4ee:c3750, a2e6e0ff-38a8-4bcf-9958-a89ff312531d:c3750]
2019-07-15 13:07:05,563 INFO  client.GrpcClientProtocolClient (GrpcClientProtocolClient.java:onNext(255)) - client-B30EC828C355->c26939f8-4d1f-4fb1-95c4-1aa8f7e5d3f6: receive RaftClientReply:client-B30EC828C355->c26939f8-4d1f-4fb1-95c4-1aa8f7e5d3f6@group-D25BE8053FEA, cid=2524, SUCCESS, logIndex=3755, commits[c26939f8-4d1f-4fb1-95c4-1aa8f7e5d3f6:c3756, c5393538-959b-47cf-9d9c-19dac7bed4ee:c3752, a2e6e0ff-38a8-4bcf-9958-a89ff312531d:c3752]
2019-07-15 13:07:05,563 INFO  client.GrpcClientProtocolClient (GrpcClientProtocolClient.java:onNext(255)) - client-B30EC828C355->c26939f8-4d1f-4fb1-95c4-1aa8f7e5d3f6: receive RaftClientReply:client-B30EC828C355->c26939f8-4d1f-4fb1-95c4-1aa8f7e5d3f6@group-D25BE8053FEA, cid=2525, SUCCESS, logIndex=3756, commits[c26939f8-4d1f-4fb1-95c4-1aa8f7e5d3f6:c3756, c5393538-959b-47cf-9d9c-19dac7bed4ee:c3752, a2e6e0ff-38a8-4bcf-9958-a89ff312531d:c3752]
2019-07-15 13:07:05,575 INFO  client.GrpcClientProtocolClient (GrpcClientProtocolClient.java:onNext(255)) - client-B30EC828C355->c26939f8-4d1f-4fb1-95c4-1aa8f7e5d3f6: receive RaftClientReply:client-B30EC828C355->c26939f8-4d1f-4fb1-95c4-1aa8f7e5d3f6@group-D25BE8053FEA, cid=2526, SUCCESS, logIndex=0, commits[c26939f8-4d1f-4fb1-95c4-1aa8f7e5d3f6:c3758, c5393538-959b-47cf-9d9c-19dac7bed4ee:c3756, a2e6e0ff-38a8-4bcf-9958-a89ff312531d:c3756]
2019-07-15 13:07:05,604 INFO  client.GrpcClientProtocolClient (GrpcClientProtocolClient.java:onNext(255)) - client-B30EC828C355->c26939f8-4d1f-4fb1-95c4-1aa8f7e5d3f6: receive RaftClientReply:client-B30EC828C355->c26939f8-4d1f-4fb1-95c4-1aa8f7e5d3f6@group-D25BE8053FEA, cid=2527, SUCCESS, logIndex=3759, commits[c26939f8-4d1f-4fb1-95c4-1aa8f7e5d3f6:c3761, c5393538-959b-47cf-9d9c-19dac7bed4ee:c3758, a2e6e0ff-38a8-4bcf-9958-a89ff312531d:c3758]
2019-07-15 13:07:05,605 INFO  client.GrpcClientProtocolClient (GrpcClientProtocolClient.java:onNext(255)) - client-B30EC828C355->c26939f8-4d1f-4fb1-95c4-1aa8f7e5d3f6: receive RaftClientReply:client-B30EC828C355->c26939f8-4d1f-4fb1-95c4-1aa8f7e5d3f6@group-D25BE8053FEA, cid=2528, SUCCESS, logIndex=3760, commits[c26939f8-4d1f-4fb1-95c4-1aa8f7e5d3f6:c3762, c5393538-959b-47cf-9d9c-19dac7bed4ee:c3758, a2e6e0ff-38a8-4bcf-9958-a89ff312531d:c3758]
2019-07-15 13:07:05,606 INFO  client.GrpcClientProtocolClient (GrpcClientProtocolClient.java:onNext(255)) - client-B30EC828C355->c26939f8-4d1f-4fb1-95c4-1aa8f7e5d3f6: receive RaftClientReply:client-B30EC828C355->c26939f8-4d1f-4fb1-95c4-1aa8f7e5d3f6@group-D25BE8053FEA, cid=2529, SUCCESS, logIndex=3761, commits[c26939f8-4d1f-4fb1-95c4-1aa8f7e5d3f6:c3762, c5393538-959b-47cf-9d9c-19dac7bed4ee:c3758, a2e6e0ff-38a8-4bcf-9958-a89ff312531d:c3758]
2019-07-15 13:07:05,606 INFO  client.GrpcClientProtocolClient (GrpcClientProtocolClient.java:onNext(255)) - client-B30EC828C355->c26939f8-4d1f-4fb1-95c4-1aa8f7e5d3f6: receive RaftClientReply:client-B30EC828C355->c26939f8-4d1f-4fb1-95c4-1aa8f7e5d3f6@group-D25BE8053FEA, cid=2530, SUCCESS, logIndex=3762, commits[c26939f8-4d1f-4fb1-95c4-1aa8f7e5d3f6:c3763, c5393538-959b-47cf-9d9c-19dac7bed4ee:c3759, a2e6e0ff-38a8-4bcf-9958-a89ff312531d:c3758]
2019-07-15 13:07:05,607 INFO  client.GrpcClientProtocolClient (GrpcClientProtocolClient.java:onNext(255)) - client-B30EC828C355->c26939f8-4d1f-4fb1-95c4-1aa8f7e5d3f6: receive RaftClientReply:client-B30EC828C355->c26939f8-4d1f-4fb1-95c4-1aa8f7e5d3f6@group-D25BE8053FEA, cid=2531, SUCCESS, logIndex=0, commits[c26939f8-4d1f-4fb1-95c4-1aa8f7e5d3f6:c3766, c5393538-959b-47cf-9d9c-19dac7bed4ee:c3762, a2e6e0ff-38a8-4bcf-9958-a89ff312531d:c3760]
2019-07-15 13:07:05,628 INFO  client.GrpcClientProtocolClient (GrpcClientProtocolClient.java:onNext(255)) - client-B30EC828C355->c26939f8-4d1f-4fb1-95c4-1aa8f7e5d3f6: receive RaftClientReply:client-B30EC828C355->c26939f8-4d1f-4fb1-95c4-1aa8f7e5d3f6@group-D25BE8053FEA, cid=2532, SUCCESS, logIndex=3767, commits[c26939f8-4d1f-4fb1-95c4-1aa8f7e5d3f6:c3768, c5393538-959b-47cf-9d9c-19dac7bed4ee:c3766, a2e6e0ff-38a8-4bcf-9958-a89ff312531d:c3766]
2019-07-15 13:07:05,628 INFO  client.GrpcClientProtocolClient (GrpcClientProtocolClient.java:onNext(255)) - client-B30EC828C355->c26939f8-4d1f-4fb1-95c4-1aa8f7e5d3f6: receive RaftClientReply:client-B30EC828C355->c26939f8-4d1f-4fb1-95c4-1aa8f7e5d3f6@group-D25BE8053FEA, cid=2533, SUCCESS, logIndex=3768, commits[c26939f8-4d1f-4fb1-95c4-1aa8f7e5d3f6:c3768, c5393538-959b-47cf-9d9c-19dac7bed4ee:c3766, a2e6e0ff-38a8-4bcf-9958-a89ff312531d:c3766]
2019-07-15 13:07:05,641 INFO  client.GrpcClientProtocolClient (GrpcClientProtocolClient.java:onNext(255)) - client-B30EC828C355->c26939f8-4d1f-4fb1-95c4-1aa8f7e5d3f6: receive RaftClientReply:client-B30EC828C355->c26939f8-4d1f-4fb1-95c4-1aa8f7e5d3f6@group-D25BE8053FEA, cid=2534, SUCCESS, logIndex=3771, commits[c26939f8-4d1f-4fb1-95c4-1aa8f7e5d3f6:c3772, c5393538-959b-47cf-9d9c-19dac7bed4ee:c3767, a2e6e0ff-38a8-4bcf-9958-a89ff312531d:c3768]
2019-07-15 13:07:05,641 INFO  client.GrpcClientProtocolClient (GrpcClientProtocolClient.java:onNext(255)) - client-B30EC828C355->c26939f8-4d1f-4fb1-95c4-1aa8f7e5d3f6: receive RaftClientReply:client-B30EC828C355->c26939f8-4d1f-4fb1-95c4-1aa8f7e5d3f6@group-D25BE8053FEA, cid=2535, SUCCESS, logIndex=3772, commits[c26939f8-4d1f-4fb1-95c4-1aa8f7e5d3f6:c3772, c5393538-959b-47cf-9d9c-19dac7bed4ee:c3767, a2e6e0ff-38a8-4bcf-9958-a89ff312531d:c3768]
2019-07-15 13:07:05,642 INFO  client.GrpcClientProtocolClient (GrpcClientProtocolClient.java:onNext(255)) - client-B30EC828C355->c26939f8-4d1f-4fb1-95c4-1aa8f7e5d3f6: receive RaftClientReply:client-B30EC828C355->c26939f8-4d1f-4fb1-95c4-1aa8f7e5d3f6@group-D25BE8053FEA, cid=2536, SUCCESS, logIndex=0, commits[c26939f8-4d1f-4fb1-95c4-1aa8f7e5d3f6:c3772, c5393538-959b-47cf-9d9c-19dac7bed4ee:c3768, a2e6e0ff-38a8-4bcf-9958-a89ff312531d:c3768]
2019-07-15 13:07:05,666 INFO  client.GrpcClientProtocolClient (GrpcClientProtocolClient.java:onNext(255)) - client-B30EC828C355->c26939f8-4d1f-4fb1-95c4-1aa8f7e5d3f6: receive RaftClientReply:client-B30EC828C355->c26939f8-4d1f-4fb1-95c4-1aa8f7e5d3f6@group-D25BE8053FEA, cid=2537, SUCCESS, logIndex=0, commits[c26939f8-4d1f-4fb1-95c4-1aa8f7e5d3f6:c3774, c5393538-959b-47cf-9d9c-19dac7bed4ee:c3772, a2e6e0ff-38a8-4bcf-9958-a89ff312531d:c3772]
2019-07-15 13:07:05,701 INFO  client.GrpcClientProtocolClient (GrpcClientProtocolClient.java:onNext(255)) - client-B30EC828C355->c26939f8-4d1f-4fb1-95c4-1aa8f7e5d3f6: receive RaftClientReply:client-B30EC828C355->c26939f8-4d1f-4fb1-95c4-1aa8f7e5d3f6@group-D25BE8053FEA, cid=2538, SUCCESS, logIndex=3775, commits[c26939f8-4d1f-4fb1-95c4-1aa8f7e5d3f6:c3776, c5393538-959b-47cf-9d9c-19dac7bed4ee:c3774, a2e6e0ff-38a8-4bcf-9958-a89ff312531d:c3774]
2019-07-15 13:07:05,702 INFO  client.GrpcClientProtocolClient (GrpcClientProtocolClient.java:onNext(255)) - client-B30EC828C355->c26939f8-4d1f-4fb1-95c4-1aa8f7e5d3f6: receive RaftClientReply:client-B30EC828C355->c26939f8-4d1f-4fb1-95c4-1aa8f7e5d3f6@group-D25BE8053FEA, cid=2539, SUCCESS, logIndex=3776, commits[c26939f8-4d1f-4fb1-95c4-1aa8f7e5d3f6:c3776, c5393538-959b-47cf-9d9c-19dac7bed4ee:c3774, a2e6e0ff-38a8-4bcf-9958-a89ff312531d:c3774]
2019-07-15 13:07:05,714 INFO  client.GrpcClientProtocolClient (GrpcClientProtocolClient.java:onNext(255)) - client-B30EC828C355->c26939f8-4d1f-4fb1-95c4-1aa8f7e5d3f6: receive RaftClientReply:client-B30EC828C355->c26939f8-4d1f-4fb1-95c4-1aa8f7e5d3f6@group-D25BE8053FEA, cid=2540, SUCCESS, logIndex=3777, commits[c26939f8-4d1f-4fb1-95c4-1aa8f7e5d3f6:c3778, c5393538-959b-47cf-9d9c-19dac7bed4ee:c3774, a2e6e0ff-38a8-4bcf-9958-a89ff312531d:c3774]
2019-07-15 13:07:05,714 INFO  client.GrpcClientProtocolClient (GrpcClientProtocolClient.java:onNext(255)) - client-B30EC828C355->c26939f8-4d1f-4fb1-95c4-1aa8f7e5d3f6: receive RaftClientReply:client-B30EC828C355->c26939f8-4d1f-4fb1-95c4-1aa8f7e5d3f6@group-D25BE8053FEA, cid=2541, SUCCESS, logIndex=3778, commits[c26939f8-4d1f-4fb1-95c4-1aa8f7e5d3f6:c3778, c5393538-959b-47cf-9d9c-19dac7bed4ee:c3774, a2e6e0ff-38a8-4bcf-9958-a89ff312531d:c3774]
2019-07-15 13:07:05,727 INFO  client.GrpcClientProtocolClient (GrpcClientProtocolClient.java:onNext(255)) - client-B30EC828C355->c26939f8-4d1f-4fb1-95c4-1aa8f7e5d3f6: receive RaftClientReply:client-B30EC828C355->c26939f8-4d1f-4fb1-95c4-1aa8f7e5d3f6@group-D25BE8053FEA, cid=2542, SUCCESS, logIndex=0, commits[c26939f8-4d1f-4fb1-95c4-1aa8f7e5d3f6:c3779, c5393538-959b-47cf-9d9c-19dac7bed4ee:c3776, a2e6e0ff-38a8-4bcf-9958-a89ff312531d:c3776]
2019-07-15 13:07:05,751 INFO  client.GrpcClientProtocolClient (GrpcClientProtocolClient.java:onNext(255)) - client-B30EC828C355->c26939f8-4d1f-4fb1-95c4-1aa8f7e5d3f6: receive RaftClientReply:client-B30EC828C355->c26939f8-4d1f-4fb1-95c4-1aa8f7e5d3f6@group-D25BE8053FEA, cid=2543, SUCCESS, logIndex=3783, commits[c26939f8-4d1f-4fb1-95c4-1aa8f7e5d3f6:c3784, c5393538-959b-47cf-9d9c-19dac7bed4ee:c3780, a2e6e0ff-38a8-4bcf-9958-a89ff312531d:c3780]
2019-07-15 13:07:05,752 INFO  client.GrpcClientProtocolClient (GrpcClientProtocolClient.java:onNext(255)) - client-B30EC828C355->c26939f8-4d1f-4fb1-95c4-1aa8f7e5d3f6: receive RaftClientReply:client-B30EC828C355->c26939f8-4d1f-4fb1-95c4-1aa8f7e5d3f6@group-D25BE8053FEA, cid=2544, SUCCESS, logIndex=3784, commits[c26939f8-4d1f-4fb1-95c4-1aa8f7e5d3f6:c3784, c5393538-959b-47cf-9d9c-19dac7bed4ee:c3780, a2e6e0ff-38a8-4bcf-9958-a89ff312531d:c3780]
2019-07-15 13:07:05,782 INFO  client.GrpcClientProtocolClient (GrpcClientProtocolClient.java:onNext(255)) - client-B30EC828C355->c26939f8-4d1f-4fb1-95c4-1aa8f7e5d3f6: receive RaftClientReply:client-B30EC828C355->c26939f8-4d1f-4fb1-95c4-1aa8f7e5d3f6@group-D25BE8053FEA, cid=2545, SUCCESS, logIndex=3787, commits[c26939f8-4d1f-4fb1-95c4-1aa8f7e5d3f6:c3788, c5393538-959b-47cf-9d9c-19dac7bed4ee:c3784, a2e6e0ff-38a8-4bcf-9958-a89ff312531d:c3783]
2019-07-15 13:07:05,782 INFO  client.GrpcClientProtocolClient (GrpcClientProtocolClient.java:onNext(255)) - client-B30EC828C355->c26939f8-4d1f-4fb1-95c4-1aa8f7e5d3f6: receive RaftClientReply:client-B30EC828C355->c26939f8-4d1f-4fb1-95c4-1aa8f7e5d3f6@group-D25BE8053FEA, cid=2546, SUCCESS, logIndex=3788, commits[c26939f8-4d1f-4fb1-95c4-1aa8f7e5d3f6:c3788, c5393538-959b-47cf-9d9c-19dac7bed4ee:c3784, a2e6e0ff-38a8-4bcf-9958-a89ff312531d:c3784]
2019-07-15 13:07:05,808 INFO  client.GrpcClientProtocolClient (GrpcClientProtocolClient.java:onNext(255)) - client-B30EC828C355->c26939f8-4d1f-4fb1-95c4-1aa8f7e5d3f6: receive RaftClientReply:client-B30EC828C355->c26939f8-4d1f-4fb1-95c4-1aa8f7e5d3f6@group-D25BE8053FEA, cid=2547, SUCCESS, logIndex=0, commits[c26939f8-4d1f-4fb1-95c4-1aa8f7e5d3f6:c3790, c5393538-959b-47cf-9d9c-19dac7bed4ee:c3788, a2e6e0ff-38a8-4bcf-9958-a89ff312531d:c3788]
2019-07-15 13:07:05,843 INFO  client.GrpcClientProtocolClient (GrpcClientProtocolClient.java:onNext(255)) - client-B30EC828C355->c26939f8-4d1f-4fb1-95c4-1aa8f7e5d3f6: receive RaftClientReply:client-B30EC828C355->c26939f8-4d1f-4fb1-95c4-1aa8f7e5d3f6@group-D25BE8053FEA, cid=2548, SUCCESS, logIndex=3791, commits[c26939f8-4d1f-4fb1-95c4-1aa8f7e5d3f6:c3793, c5393538-959b-47cf-9d9c-19dac7bed4ee:c3790, a2e6e0ff-38a8-4bcf-9958-a89ff312531d:c3790]
2019-07-15 13:07:05,844 INFO  client.GrpcClientProtocolClient (GrpcClientProtocolClient.java:onNext(255)) - client-B30EC828C355->c26939f8-4d1f-4fb1-95c4-1aa8f7e5d3f6: receive RaftClientReply:client-B30EC828C355->c26939f8-4d1f-4fb1-95c4-1aa8f7e5d3f6@group-D25BE8053FEA, cid=2549, SUCCESS, logIndex=3792, commits[c26939f8-4d1f-4fb1-95c4-1aa8f7e5d3f6:c3794, c5393538-959b-47cf-9d9c-19dac7bed4ee:c3790, a2e6e0ff-38a8-4bcf-9958-a89ff312531d:c3790]
2019-07-15 13:07:05,844 INFO  client.GrpcClientProtocolClient (GrpcClientProtocolClient.java:onNext(255)) - client-B30EC828C355->c26939f8-4d1f-4fb1-95c4-1aa8f7e5d3f6: receive RaftClientReply:client-B30EC828C355->c26939f8-4d1f-4fb1-95c4-1aa8f7e5d3f6@group-D25BE8053FEA, cid=2550, SUCCESS, logIndex=3793, commits[c26939f8-4d1f-4fb1-95c4-1aa8f7e5d3f6:c3794, c5393538-959b-47cf-9d9c-19dac7bed4ee:c3790, a2e6e0ff-38a8-4bcf-9958-a89ff312531d:c3790]
2019-07-15 13:07:05,844 INFO  client.GrpcClientProtocolClient (GrpcClientProtocolClient.java:onNext(255)) - client-B30EC828C355->c26939f8-4d1f-4fb1-95c4-1aa8f7e5d3f6: receive RaftClientReply:client-B30EC828C355->c26939f8-4d1f-4fb1-95c4-1aa8f7e5d3f6@group-D25BE8053FEA, cid=2551, SUCCESS, logIndex=3794, commits[c26939f8-4d1f-4fb1-95c4-1aa8f7e5d3f6:c3794, c5393538-959b-47cf-9d9c-19dac7bed4ee:c3790, a2e6e0ff-38a8-4bcf-9958-a89ff312531d:c3790]
2019-07-15 13:07:05,855 INFO  client.GrpcClientProtocolClient (GrpcClientProtocolClient.java:onNext(255)) - client-B30EC828C355->c26939f8-4d1f-4fb1-95c4-1aa8f7e5d3f6: receive RaftClientReply:client-B30EC828C355->c26939f8-4d1f-4fb1-95c4-1aa8f7e5d3f6@group-D25BE8053FEA, cid=2552, SUCCESS, logIndex=0, commits[c26939f8-4d1f-4fb1-95c4-1aa8f7e5d3f6:c3796, c5393538-959b-47cf-9d9c-19dac7bed4ee:c3792, a2e6e0ff-38a8-4bcf-9958-a89ff312531d:c3792]
2019-07-15 13:07:05,876 INFO  client.GrpcClientProtocolClient (GrpcClientProtocolClient.java:onNext(255)) - client-B30EC828C355->c26939f8-4d1f-4fb1-95c4-1aa8f7e5d3f6: receive RaftClientReply:client-B30EC828C355->c26939f8-4d1f-4fb1-95c4-1aa8f7e5d3f6@group-D25BE8053FEA, cid=2553, SUCCESS, logIndex=3799, commits[c26939f8-4d1f-4fb1-95c4-1aa8f7e5d3f6:c3800, c5393538-959b-47cf-9d9c-19dac7bed4ee:c3798, a2e6e0ff-38a8-4bcf-9958-a89ff312531d:c3798]
2019-07-15 13:07:05,876 INFO  client.GrpcClientProtocolClient (GrpcClientProtocolClient.java:onNext(255)) - client-B30EC828C355->c26939f8-4d1f-4fb1-95c4-1aa8f7e5d3f6: receive RaftClientReply:client-B30EC828C355->c26939f8-4d1f-4fb1-95c4-1aa8f7e5d3f6@group-D25BE8053FEA, cid=2554, SUCCESS, logIndex=3800, commits[c26939f8-4d1f-4fb1-95c4-1aa8f7e5d3f6:c3800, c5393538-959b-47cf-9d9c-19dac7bed4ee:c3798, a2e6e0ff-38a8-4bcf-9958-a89ff312531d:c3798]
2019-07-15 13:07:05,892 INFO  client.GrpcClientProtocolClient (GrpcClientProtocolClient.java:onNext(255)) - client-B30EC828C355->c26939f8-4d1f-4fb1-95c4-1aa8f7e5d3f6: receive RaftClientReply:client-B30EC828C355->c26939f8-4d1f-4fb1-95c4-1aa8f7e5d3f6@group-D25BE8053FEA, cid=2555, SUCCESS, logIndex=3803, commits[c26939f8-4d1f-4fb1-95c4-1aa8f7e5d3f6:c3804, c5393538-959b-47cf-9d9c-19dac7bed4ee:c3800, a2e6e0ff-38a8-4bcf-9958-a89ff312531d:c3800]
2019-07-15 13:07:05,892 INFO  client.GrpcClientProtocolClient (GrpcClientProtocolClient.java:onNext(255)) - client-B30EC828C355->c26939f8-4d1f-4fb1-95c4-1aa8f7e5d3f6: receive RaftClientReply:client-B30EC828C355->c26939f8-4d1f-4fb1-95c4-1aa8f7e5d3f6@group-D25BE8053FEA, cid=2556, SUCCESS, logIndex=3804, commits[c26939f8-4d1f-4fb1-95c4-1aa8f7e5d3f6:c3804, c5393538-959b-47cf-9d9c-19dac7bed4ee:c3800, a2e6e0ff-38a8-4bcf-9958-a89ff312531d:c3800]
2019-07-15 13:07:05,919 INFO  client.GrpcClientProtocolClient (GrpcClientProtocolClient.java:onNext(255)) - client-B30EC828C355->c26939f8-4d1f-4fb1-95c4-1aa8f7e5d3f6: receive RaftClientReply:client-B30EC828C355->c26939f8-4d1f-4fb1-95c4-1aa8f7e5d3f6@group-D25BE8053FEA, cid=2557, SUCCESS, logIndex=0, commits[c26939f8-4d1f-4fb1-95c4-1aa8f7e5d3f6:c3806, c5393538-959b-47cf-9d9c-19dac7bed4ee:c3804, a2e6e0ff-38a8-4bcf-9958-a89ff312531d:c3804]
 0.00% |█                                                                                                    |  0/1 Time: 0:00:202019-07-15 13:07:06,092 INFO  client.GrpcClientProtocolClient (GrpcClientProtocolClient.java:onNext(255)) - client-B30EC828C355->c26939f8-4d1f-4fb1-95c4-1aa8f7e5d3f6: receive RaftClientReply:client-B30EC828C355->c26939f8-4d1f-4fb1-95c4-1aa8f7e5d3f6@group-D25BE8053FEA, cid=2558, SUCCESS, logIndex=3807, commits[c26939f8-4d1f-4fb1-95c4-1aa8f7e5d3f6:c3810, c5393538-959b-47cf-9d9c-19dac7bed4ee:c3806, a2e6e0ff-38a8-4bcf-9958-a89ff312531d:c3806]
2019-07-15 13:07:06,093 INFO  client.GrpcClientProtocolClient (GrpcClientProtocolClient.java:onNext(255)) - client-B30EC828C355->c26939f8-4d1f-4fb1-95c4-1aa8f7e5d3f6: receive RaftClientReply:client-B30EC828C355->c26939f8-4d1f-4fb1-95c4-1aa8f7e5d3f6@group-D25BE8053FEA, cid=2559, SUCCESS, logIndex=3808, commits[c26939f8-4d1f-4fb1-95c4-1aa8f7e5d3f6:c3810, c5393538-959b-47cf-9d9c-19dac7bed4ee:c3806, a2e6e0ff-38a8-4bcf-9958-a89ff312531d:c3806]
2019-07-15 13:07:06,093 INFO  client.GrpcClientProtocolClient (GrpcClientProtocolClient.java:onNext(255)) - client-B30EC828C355->c26939f8-4d1f-4fb1-95c4-1aa8f7e5d3f6: receive RaftClientReply:client-B30EC828C355->c26939f8-4d1f-4fb1-95c4-1aa8f7e5d3f6@group-D25BE8053FEA, cid=2560, SUCCESS, logIndex=3809, commits[c26939f8-4d1f-4fb1-95c4-1aa8f7e5d3f6:c3810, c5393538-959b-47cf-9d9c-19dac7bed4ee:c3806, a2e6e0ff-38a8-4bcf-9958-a89ff312531d:c3806]
2019-07-15 13:07:06,093 INFO  client.GrpcClientProtocolClient (GrpcClientProtocolClient.java:onNext(255)) - client-B30EC828C355->c26939f8-4d1f-4fb1-95c4-1aa8f7e5d3f6: receive RaftClientReply:client-B30EC828C355->c26939f8-4d1f-4fb1-95c4-1aa8f7e5d3f6@group-D25BE8053FEA, cid=2561, SUCCESS, logIndex=3810, commits[c26939f8-4d1f-4fb1-95c4-1aa8f7e5d3f6:c3810, c5393538-959b-47cf-9d9c-19dac7bed4ee:c3806, a2e6e0ff-38a8-4bcf-9958-a89ff312531d:c3806]
2019-07-15 13:07:06,103 INFO  client.GrpcClientProtocolClient (GrpcClientProtocolClient.java:onNext(255)) - client-B30EC828C355->c26939f8-4d1f-4fb1-95c4-1aa8f7e5d3f6: receive RaftClientReply:client-B30EC828C355->c26939f8-4d1f-4fb1-95c4-1aa8f7e5d3f6@group-D25BE8053FEA, cid=2562, SUCCESS, logIndex=0, commits[c26939f8-4d1f-4fb1-95c4-1aa8f7e5d3f6:c3811, c5393538-959b-47cf-9d9c-19dac7bed4ee:c3810, a2e6e0ff-38a8-4bcf-9958-a89ff312531d:c3810]
2019-07-15 13:07:06,128 INFO  client.GrpcClientProtocolClient (GrpcClientProtocolClient.java:onNext(255)) - client-B30EC828C355->c26939f8-4d1f-4fb1-95c4-1aa8f7e5d3f6: receive RaftClientReply:client-B30EC828C355->c26939f8-4d1f-4fb1-95c4-1aa8f7e5d3f6@group-D25BE8053FEA, cid=2563, SUCCESS, logIndex=3813, commits[c26939f8-4d1f-4fb1-95c4-1aa8f7e5d3f6:c3814, c5393538-959b-47cf-9d9c-19dac7bed4ee:c3812, a2e6e0ff-38a8-4bcf-9958-a89ff312531d:c3812]
2019-07-15 13:07:06,129 INFO  client.GrpcClientProtocolClient (GrpcClientProtocolClient.java:onNext(255)) - client-B30EC828C355->c26939f8-4d1f-4fb1-95c4-1aa8f7e5d3f6: receive RaftClientReply:client-B30EC828C355->c26939f8-4d1f-4fb1-95c4-1aa8f7e5d3f6@group-D25BE8053FEA, cid=2564, SUCCESS, logIndex=3814, commits[c26939f8-4d1f-4fb1-95c4-1aa8f7e5d3f6:c3814, c5393538-959b-47cf-9d9c-19dac7bed4ee:c3812, a2e6e0ff-38a8-4bcf-9958-a89ff312531d:c3812]
2019-07-15 13:07:06,154 INFO  client.GrpcClientProtocolClient (GrpcClientProtocolClient.java:onNext(255)) - client-B30EC828C355->c26939f8-4d1f-4fb1-95c4-1aa8f7e5d3f6: receive RaftClientReply:client-B30EC828C355->c26939f8-4d1f-4fb1-95c4-1aa8f7e5d3f6@group-D25BE8053FEA, cid=2565, SUCCESS, logIndex=3817, commits[c26939f8-4d1f-4fb1-95c4-1aa8f7e5d3f6:c3818, c5393538-959b-47cf-9d9c-19dac7bed4ee:c3814, a2e6e0ff-38a8-4bcf-9958-a89ff312531d:c3814]
2019-07-15 13:07:06,154 INFO  client.GrpcClientProtocolClient (GrpcClientProtocolClient.java:onNext(255)) - client-B30EC828C355->c26939f8-4d1f-4fb1-95c4-1aa8f7e5d3f6: receive RaftClientReply:client-B30EC828C355->c26939f8-4d1f-4fb1-95c4-1aa8f7e5d3f6@group-D25BE8053FEA, cid=2566, SUCCESS, logIndex=3818, commits[c26939f8-4d1f-4fb1-95c4-1aa8f7e5d3f6:c3818, c5393538-959b-47cf-9d9c-19dac7bed4ee:c3814, a2e6e0ff-38a8-4bcf-9958-a89ff312531d:c3814]
2019-07-15 13:07:06,167 INFO  client.GrpcClientProtocolClient (GrpcClientProtocolClient.java:onNext(255)) - client-B30EC828C355->c26939f8-4d1f-4fb1-95c4-1aa8f7e5d3f6: receive RaftClientReply:client-B30EC828C355->c26939f8-4d1f-4fb1-95c4-1aa8f7e5d3f6@group-D25BE8053FEA, cid=2567, SUCCESS, logIndex=0, commits[c26939f8-4d1f-4fb1-95c4-1aa8f7e5d3f6:c3819, c5393538-959b-47cf-9d9c-19dac7bed4ee:c3818, a2e6e0ff-38a8-4bcf-9958-a89ff312531d:c3818]
2019-07-15 13:07:06,199 INFO  client.GrpcClientProtocolClient (GrpcClientProtocolClient.java:onNext(255)) - client-B30EC828C355->c26939f8-4d1f-4fb1-95c4-1aa8f7e5d3f6: receive RaftClientReply:client-B30EC828C355->c26939f8-4d1f-4fb1-95c4-1aa8f7e5d3f6@group-D25BE8053FEA, cid=2568, SUCCESS, logIndex=3820, commits[c26939f8-4d1f-4fb1-95c4-1aa8f7e5d3f6:c3821, c5393538-959b-47cf-9d9c-19dac7bed4ee:c3819, a2e6e0ff-38a8-4bcf-9958-a89ff312531d:c3819]
2019-07-15 13:07:06,200 INFO  client.GrpcClientProtocolClient (GrpcClientProtocolClient.java:onNext(255)) - client-B30EC828C355->c26939f8-4d1f-4fb1-95c4-1aa8f7e5d3f6: receive RaftClientReply:client-B30EC828C355->c26939f8-4d1f-4fb1-95c4-1aa8f7e5d3f6@group-D25BE8053FEA, cid=2569, SUCCESS, logIndex=3821, commits[c26939f8-4d1f-4fb1-95c4-1aa8f7e5d3f6:c3821, c5393538-959b-47cf-9d9c-19dac7bed4ee:c3819, a2e6e0ff-38a8-4bcf-9958-a89ff312531d:c3819]
2019-07-15 13:07:06,211 INFO  client.GrpcClientProtocolClient (GrpcClientProtocolClient.java:onNext(255)) - client-B30EC828C355->c26939f8-4d1f-4fb1-95c4-1aa8f7e5d3f6: receive RaftClientReply:client-B30EC828C355->c26939f8-4d1f-4fb1-95c4-1aa8f7e5d3f6@group-D25BE8053FEA, cid=2570, SUCCESS, logIndex=3822, commits[c26939f8-4d1f-4fb1-95c4-1aa8f7e5d3f6:c3822, c5393538-959b-47cf-9d9c-19dac7bed4ee:c3819, a2e6e0ff-38a8-4bcf-9958-a89ff312531d:c3819]
2019-07-15 13:07:06,211 INFO  client.GrpcClientProtocolClient (GrpcClientProtocolClient.java:onNext(255)) - client-B30EC828C355->c26939f8-4d1f-4fb1-95c4-1aa8f7e5d3f6: receive RaftClientReply:client-B30EC828C355->c26939f8-4d1f-4fb1-95c4-1aa8f7e5d3f6@group-D25BE8053FEA, cid=2571, SUCCESS, logIndex=3823, commits[c26939f8-4d1f-4fb1-95c4-1aa8f7e5d3f6:c3823, c5393538-959b-47cf-9d9c-19dac7bed4ee:c3819, a2e6e0ff-38a8-4bcf-9958-a89ff312531d:c3819]
2019-07-15 13:07:06,212 INFO  client.GrpcClientProtocolClient (GrpcClientProtocolClient.java:onNext(255)) - client-B30EC828C355->c26939f8-4d1f-4fb1-95c4-1aa8f7e5d3f6: receive RaftClientReply:client-B30EC828C355->c26939f8-4d1f-4fb1-95c4-1aa8f7e5d3f6@group-D25BE8053FEA, cid=2572, SUCCESS, logIndex=0, commits[c26939f8-4d1f-4fb1-95c4-1aa8f7e5d3f6:c3825, c5393538-959b-47cf-9d9c-19dac7bed4ee:c3821, a2e6e0ff-38a8-4bcf-9958-a89ff312531d:c3821]
2019-07-15 13:07:06,227 INFO  client.GrpcClientProtocolClient (GrpcClientProtocolClient.java:onNext(255)) - client-B30EC828C355->c26939f8-4d1f-4fb1-95c4-1aa8f7e5d3f6: receive RaftClientReply:client-B30EC828C355->c26939f8-4d1f-4fb1-95c4-1aa8f7e5d3f6@group-D25BE8053FEA, cid=2573, SUCCESS, logIndex=3828, commits[c26939f8-4d1f-4fb1-95c4-1aa8f7e5d3f6:c3829, c5393538-959b-47cf-9d9c-19dac7bed4ee:c3826, a2e6e0ff-38a8-4bcf-9958-a89ff312531d:c3823]
2019-07-15 13:07:06,227 INFO  client.GrpcClientProtocolClient (GrpcClientProtocolClient.java:onNext(255)) - client-B30EC828C355->c26939f8-4d1f-4fb1-95c4-1aa8f7e5d3f6: receive RaftClientReply:client-B30EC828C355->c26939f8-4d1f-4fb1-95c4-1aa8f7e5d3f6@group-D25BE8053FEA, cid=2574, SUCCESS, logIndex=3829, commits[c26939f8-4d1f-4fb1-95c4-1aa8f7e5d3f6:c3829, c5393538-959b-47cf-9d9c-19dac7bed4ee:c3826, a2e6e0ff-38a8-4bcf-9958-a89ff312531d:c3823]
2019-07-15 13:07:06,242 INFO  client.GrpcClientProtocolClient (GrpcClientProtocolClient.java:onNext(255)) - client-B30EC828C355->c26939f8-4d1f-4fb1-95c4-1aa8f7e5d3f6: receive RaftClientReply:client-B30EC828C355->c26939f8-4d1f-4fb1-95c4-1aa8f7e5d3f6@group-D25BE8053FEA, cid=2575, SUCCESS, logIndex=3832, commits[c26939f8-4d1f-4fb1-95c4-1aa8f7e5d3f6:c3833, c5393538-959b-47cf-9d9c-19dac7bed4ee:c3829, a2e6e0ff-38a8-4bcf-9958-a89ff312531d:c3829]
2019-07-15 13:07:06,243 INFO  client.GrpcClientProtocolClient (GrpcClientProtocolClient.java:onNext(255)) - client-B30EC828C355->c26939f8-4d1f-4fb1-95c4-1aa8f7e5d3f6: receive RaftClientReply:client-B30EC828C355->c26939f8-4d1f-4fb1-95c4-1aa8f7e5d3f6@group-D25BE8053FEA, cid=2576, SUCCESS, logIndex=3833, commits[c26939f8-4d1f-4fb1-95c4-1aa8f7e5d3f6:c3833, c5393538-959b-47cf-9d9c-19dac7bed4ee:c3829, a2e6e0ff-38a8-4bcf-9958-a89ff312531d:c3829]
2019-07-15 13:07:06,265 INFO  client.GrpcClientProtocolClient (GrpcClientProtocolClient.java:onNext(255)) - client-B30EC828C355->c26939f8-4d1f-4fb1-95c4-1aa8f7e5d3f6: receive RaftClientReply:client-B30EC828C355->c26939f8-4d1f-4fb1-95c4-1aa8f7e5d3f6@group-D25BE8053FEA, cid=2577, SUCCESS, logIndex=0, commits[c26939f8-4d1f-4fb1-95c4-1aa8f7e5d3f6:c3834, c5393538-959b-47cf-9d9c-19dac7bed4ee:c3833, a2e6e0ff-38a8-4bcf-9958-a89ff312531d:c3833]
2019-07-15 13:07:06,297 INFO  client.GrpcClientProtocolClient (GrpcClientProtocolClient.java:onNext(255)) - client-B30EC828C355->c26939f8-4d1f-4fb1-95c4-1aa8f7e5d3f6: receive RaftClientReply:client-B30EC828C355->c26939f8-4d1f-4fb1-95c4-1aa8f7e5d3f6@group-D25BE8053FEA, cid=2578, SUCCESS, logIndex=3836, commits[c26939f8-4d1f-4fb1-95c4-1aa8f7e5d3f6:c3838, c5393538-959b-47cf-9d9c-19dac7bed4ee:c3835, a2e6e0ff-38a8-4bcf-9958-a89ff312531d:c3835]
2019-07-15 13:07:06,297 INFO  client.GrpcClientProtocolClient (GrpcClientProtocolClient.java:onNext(255)) - client-B30EC828C355->c26939f8-4d1f-4fb1-95c4-1aa8f7e5d3f6: receive RaftClientReply:client-B30EC828C355->c26939f8-4d1f-4fb1-95c4-1aa8f7e5d3f6@group-D25BE8053FEA, cid=2579, SUCCESS, logIndex=3837, commits[c26939f8-4d1f-4fb1-95c4-1aa8f7e5d3f6:c3839, c5393538-959b-47cf-9d9c-19dac7bed4ee:c3835, a2e6e0ff-38a8-4bcf-9958-a89ff312531d:c3835]
2019-07-15 13:07:06,298 INFO  client.GrpcClientProtocolClient (GrpcClientProtocolClient.java:onNext(255)) - client-B30EC828C355->c26939f8-4d1f-4fb1-95c4-1aa8f7e5d3f6: receive RaftClientReply:client-B30EC828C355->c26939f8-4d1f-4fb1-95c4-1aa8f7e5d3f6@group-D25BE8053FEA, cid=2580, SUCCESS, logIndex=3838, commits[c26939f8-4d1f-4fb1-95c4-1aa8f7e5d3f6:c3839, c5393538-959b-47cf-9d9c-19dac7bed4ee:c3835, a2e6e0ff-38a8-4bcf-9958-a89ff312531d:c3835]
2019-07-15 13:07:06,298 INFO  client.GrpcClientProtocolClient (GrpcClientProtocolClient.java:onNext(255)) - client-B30EC828C355->c26939f8-4d1f-4fb1-95c4-1aa8f7e5d3f6: receive RaftClientReply:client-B30EC828C355->c26939f8-4d1f-4fb1-95c4-1aa8f7e5d3f6@group-D25BE8053FEA, cid=2581, SUCCESS, logIndex=3839, commits[c26939f8-4d1f-4fb1-95c4-1aa8f7e5d3f6:c3839, c5393538-959b-47cf-9d9c-19dac7bed4ee:c3835, a2e6e0ff-38a8-4bcf-9958-a89ff312531d:c3835]
2019-07-15 13:07:06,302 INFO  client.GrpcClientProtocolClient (GrpcClientProtocolClient.java:onNext(255)) - client-B30EC828C355->c26939f8-4d1f-4fb1-95c4-1aa8f7e5d3f6: receive RaftClientReply:client-B30EC828C355->c26939f8-4d1f-4fb1-95c4-1aa8f7e5d3f6@group-D25BE8053FEA, cid=2582, SUCCESS, logIndex=0, commits[c26939f8-4d1f-4fb1-95c4-1aa8f7e5d3f6:c3842, c5393538-959b-47cf-9d9c-19dac7bed4ee:c3838, a2e6e0ff-38a8-4bcf-9958-a89ff312531d:c3838]
2019-07-15 13:07:06,321 INFO  client.GrpcClientProtocolClient (GrpcClientProtocolClient.java:onNext(255)) - client-B30EC828C355->c26939f8-4d1f-4fb1-95c4-1aa8f7e5d3f6: receive RaftClientReply:client-B30EC828C355->c26939f8-4d1f-4fb1-95c4-1aa8f7e5d3f6@group-D25BE8053FEA, cid=2583, SUCCESS, logIndex=3844, commits[c26939f8-4d1f-4fb1-95c4-1aa8f7e5d3f6:c3845, c5393538-959b-47cf-9d9c-19dac7bed4ee:c3843, a2e6e0ff-38a8-4bcf-9958-a89ff312531d:c3843]
2019-07-15 13:07:06,322 INFO  client.GrpcClientProtocolClient (GrpcClientProtocolClient.java:onNext(255)) - client-B30EC828C355->c26939f8-4d1f-4fb1-95c4-1aa8f7e5d3f6: receive RaftClientReply:client-B30EC828C355->c26939f8-4d1f-4fb1-95c4-1aa8f7e5d3f6@group-D25BE8053FEA, cid=2584, SUCCESS, logIndex=3845, commits[c26939f8-4d1f-4fb1-95c4-1aa8f7e5d3f6:c3845, c5393538-959b-47cf-9d9c-19dac7bed4ee:c3843, a2e6e0ff-38a8-4bcf-9958-a89ff312531d:c3843]
2019-07-15 13:07:06,354 INFO  client.GrpcClientProtocolClient (GrpcClientProtocolClient.java:onNext(255)) - client-B30EC828C355->c26939f8-4d1f-4fb1-95c4-1aa8f7e5d3f6: receive RaftClientReply:client-B30EC828C355->c26939f8-4d1f-4fb1-95c4-1aa8f7e5d3f6@group-D25BE8053FEA, cid=2585, SUCCESS, logIndex=3848, commits[c26939f8-4d1f-4fb1-95c4-1aa8f7e5d3f6:c3849, c5393538-959b-47cf-9d9c-19dac7bed4ee:c3847, a2e6e0ff-38a8-4bcf-9958-a89ff312531d:c3847]
2019-07-15 13:07:06,354 INFO  client.GrpcClientProtocolClient (GrpcClientProtocolClient.java:onNext(255)) - client-B30EC828C355->c26939f8-4d1f-4fb1-95c4-1aa8f7e5d3f6: receive RaftClientReply:client-B30EC828C355->c26939f8-4d1f-4fb1-95c4-1aa8f7e5d3f6@group-D25BE8053FEA, cid=2586, SUCCESS, logIndex=3849, commits[c26939f8-4d1f-4fb1-95c4-1aa8f7e5d3f6:c3849, c5393538-959b-47cf-9d9c-19dac7bed4ee:c3847, a2e6e0ff-38a8-4bcf-9958-a89ff312531d:c3847]
2019-07-15 13:07:06,367 INFO  client.GrpcClientProtocolClient (GrpcClientProtocolClient.java:onNext(255)) - client-B30EC828C355->c26939f8-4d1f-4fb1-95c4-1aa8f7e5d3f6: receive RaftClientReply:client-B30EC828C355->c26939f8-4d1f-4fb1-95c4-1aa8f7e5d3f6@group-D25BE8053FEA, cid=2587, SUCCESS, logIndex=0, commits[c26939f8-4d1f-4fb1-95c4-1aa8f7e5d3f6:c3851, c5393538-959b-47cf-9d9c-19dac7bed4ee:c3849, a2e6e0ff-38a8-4bcf-9958-a89ff312531d:c3849]
2019-07-15 13:07:06,402 INFO  client.GrpcClientProtocolClient (GrpcClientProtocolClient.java:onNext(255)) - client-B30EC828C355->c26939f8-4d1f-4fb1-95c4-1aa8f7e5d3f6: receive RaftClientReply:client-B30EC828C355->c26939f8-4d1f-4fb1-95c4-1aa8f7e5d3f6@group-D25BE8053FEA, cid=2588, SUCCESS, logIndex=3852, commits[c26939f8-4d1f-4fb1-95c4-1aa8f7e5d3f6:c3855, c5393538-959b-47cf-9d9c-19dac7bed4ee:c3851, a2e6e0ff-38a8-4bcf-9958-a89ff312531d:c3849]
2019-07-15 13:07:06,402 INFO  client.GrpcClientProtocolClient (GrpcClientProtocolClient.java:onNext(255)) - client-B30EC828C355->c26939f8-4d1f-4fb1-95c4-1aa8f7e5d3f6: receive RaftClientReply:client-B30EC828C355->c26939f8-4d1f-4fb1-95c4-1aa8f7e5d3f6@group-D25BE8053FEA, cid=2589, SUCCESS, logIndex=3853, commits[c26939f8-4d1f-4fb1-95c4-1aa8f7e5d3f6:c3855, c5393538-959b-47cf-9d9c-19dac7bed4ee:c3851, a2e6e0ff-38a8-4bcf-9958-a89ff312531d:c3851]
2019-07-15 13:07:06,403 INFO  client.GrpcClientProtocolClient (GrpcClientProtocolClient.java:onNext(255)) - client-B30EC828C355->c26939f8-4d1f-4fb1-95c4-1aa8f7e5d3f6: receive RaftClientReply:client-B30EC828C355->c26939f8-4d1f-4fb1-95c4-1aa8f7e5d3f6@group-D25BE8053FEA, cid=2590, SUCCESS, logIndex=3854, commits[c26939f8-4d1f-4fb1-95c4-1aa8f7e5d3f6:c3855, c5393538-959b-47cf-9d9c-19dac7bed4ee:c3851, a2e6e0ff-38a8-4bcf-9958-a89ff312531d:c3851]
2019-07-15 13:07:06,403 INFO  client.GrpcClientProtocolClient (GrpcClientProtocolClient.java:onNext(255)) - client-B30EC828C355->c26939f8-4d1f-4fb1-95c4-1aa8f7e5d3f6: receive RaftClientReply:client-B30EC828C355->c26939f8-4d1f-4fb1-95c4-1aa8f7e5d3f6@group-D25BE8053FEA, cid=2591, SUCCESS, logIndex=3855, commits[c26939f8-4d1f-4fb1-95c4-1aa8f7e5d3f6:c3855, c5393538-959b-47cf-9d9c-19dac7bed4ee:c3851, a2e6e0ff-38a8-4bcf-9958-a89ff312531d:c3851]
2019-07-15 13:07:06,415 INFO  client.GrpcClientProtocolClient (GrpcClientProtocolClient.java:onNext(255)) - client-B30EC828C355->c26939f8-4d1f-4fb1-95c4-1aa8f7e5d3f6: receive RaftClientReply:client-B30EC828C355->c26939f8-4d1f-4fb1-95c4-1aa8f7e5d3f6@group-D25BE8053FEA, cid=2592, SUCCESS, logIndex=0, commits[c26939f8-4d1f-4fb1-95c4-1aa8f7e5d3f6:c3856, c5393538-959b-47cf-9d9c-19dac7bed4ee:c3853, a2e6e0ff-38a8-4bcf-9958-a89ff312531d:c3854]
2019-07-15 13:07:06,437 INFO  client.GrpcClientProtocolClient (GrpcClientProtocolClient.java:onNext(255)) - client-B30EC828C355->c26939f8-4d1f-4fb1-95c4-1aa8f7e5d3f6: receive RaftClientReply:client-B30EC828C355->c26939f8-4d1f-4fb1-95c4-1aa8f7e5d3f6@group-D25BE8053FEA, cid=2593, SUCCESS, logIndex=3860, commits[c26939f8-4d1f-4fb1-95c4-1aa8f7e5d3f6:c3861, c5393538-959b-47cf-9d9c-19dac7bed4ee:c3859, a2e6e0ff-38a8-4bcf-9958-a89ff312531d:c3859]
2019-07-15 13:07:06,438 INFO  client.GrpcClientProtocolClient (GrpcClientProtocolClient.java:onNext(255)) - client-B30EC828C355->c26939f8-4d1f-4fb1-95c4-1aa8f7e5d3f6: receive RaftClientReply:client-B30EC828C355->c26939f8-4d1f-4fb1-95c4-1aa8f7e5d3f6@group-D25BE8053FEA, cid=2594, SUCCESS, logIndex=3861, commits[c26939f8-4d1f-4fb1-95c4-1aa8f7e5d3f6:c3861, c5393538-959b-47cf-9d9c-19dac7bed4ee:c3859, a2e6e0ff-38a8-4bcf-9958-a89ff312531d:c3859]
2019-07-15 13:07:06,463 INFO  client.GrpcClientProtocolClient (GrpcClientProtocolClient.java:onNext(255)) - client-B30EC828C355->c26939f8-4d1f-4fb1-95c4-1aa8f7e5d3f6: receive RaftClientReply:client-B30EC828C355->c26939f8-4d1f-4fb1-95c4-1aa8f7e5d3f6@group-D25BE8053FEA, cid=2595, SUCCESS, logIndex=3864, commits[c26939f8-4d1f-4fb1-95c4-1aa8f7e5d3f6:c3865, c5393538-959b-47cf-9d9c-19dac7bed4ee:c3861, a2e6e0ff-38a8-4bcf-9958-a89ff312531d:c3860]
2019-07-15 13:07:06,464 INFO  client.GrpcClientProtocolClient (GrpcClientProtocolClient.java:onNext(255)) - client-B30EC828C355->c26939f8-4d1f-4fb1-95c4-1aa8f7e5d3f6: receive RaftClientReply:client-B30EC828C355->c26939f8-4d1f-4fb1-95c4-1aa8f7e5d3f6@group-D25BE8053FEA, cid=2596, SUCCESS, logIndex=3865, commits[c26939f8-4d1f-4fb1-95c4-1aa8f7e5d3f6:c3865, c5393538-959b-47cf-9d9c-19dac7bed4ee:c3861, a2e6e0ff-38a8-4bcf-9958-a89ff312531d:c3861]
2019-07-15 13:07:06,478 INFO  client.GrpcClientProtocolClient (GrpcClientProtocolClient.java:onNext(255)) - client-B30EC828C355->c26939f8-4d1f-4fb1-95c4-1aa8f7e5d3f6: receive RaftClientReply:client-B30EC828C355->c26939f8-4d1f-4fb1-95c4-1aa8f7e5d3f6@group-D25BE8053FEA, cid=2597, SUCCESS, logIndex=0, commits[c26939f8-4d1f-4fb1-95c4-1aa8f7e5d3f6:c3867, c5393538-959b-47cf-9d9c-19dac7bed4ee:c3865, a2e6e0ff-38a8-4bcf-9958-a89ff312531d:c3865]
2019-07-15 13:07:06,513 INFO  client.GrpcClientProtocolClient (GrpcClientProtocolClient.java:onNext(255)) - client-B30EC828C355->c26939f8-4d1f-4fb1-95c4-1aa8f7e5d3f6: receive RaftClientReply:client-B30EC828C355->c26939f8-4d1f-4fb1-95c4-1aa8f7e5d3f6@group-D25BE8053FEA, cid=2598, SUCCESS, logIndex=3868, commits[c26939f8-4d1f-4fb1-95c4-1aa8f7e5d3f6:c3869, c5393538-959b-47cf-9d9c-19dac7bed4ee:c3867, a2e6e0ff-38a8-4bcf-9958-a89ff312531d:c3867]
2019-07-15 13:07:06,514 INFO  client.GrpcClientProtocolClient (GrpcClientProtocolClient.java:onNext(255)) - client-B30EC828C355->c26939f8-4d1f-4fb1-95c4-1aa8f7e5d3f6: receive RaftClientReply:client-B30EC828C355->c26939f8-4d1f-4fb1-95c4-1aa8f7e5d3f6@group-D25BE8053FEA, cid=2599, SUCCESS, logIndex=3869, commits[c26939f8-4d1f-4fb1-95c4-1aa8f7e5d3f6:c3871, c5393538-959b-47cf-9d9c-19dac7bed4ee:c3867, a2e6e0ff-38a8-4bcf-9958-a89ff312531d:c3867]
2019-07-15 13:07:06,514 INFO  client.GrpcClientProtocolClient (GrpcClientProtocolClient.java:onNext(255)) - client-B30EC828C355->c26939f8-4d1f-4fb1-95c4-1aa8f7e5d3f6: receive RaftClientReply:client-B30EC828C355->c26939f8-4d1f-4fb1-95c4-1aa8f7e5d3f6@group-D25BE8053FEA, cid=2600, SUCCESS, logIndex=3870, commits[c26939f8-4d1f-4fb1-95c4-1aa8f7e5d3f6:c3871, c5393538-959b-47cf-9d9c-19dac7bed4ee:c3867, a2e6e0ff-38a8-4bcf-9958-a89ff312531d:c3867]
2019-07-15 13:07:06,514 INFO  client.GrpcClientProtocolClient (GrpcClientProtocolClient.java:onNext(255)) - client-B30EC828C355->c26939f8-4d1f-4fb1-95c4-1aa8f7e5d3f6: receive RaftClientReply:client-B30EC828C355->c26939f8-4d1f-4fb1-95c4-1aa8f7e5d3f6@group-D25BE8053FEA, cid=2601, SUCCESS, logIndex=3871, commits[c26939f8-4d1f-4fb1-95c4-1aa8f7e5d3f6:c3871, c5393538-959b-47cf-9d9c-19dac7bed4ee:c3867, a2e6e0ff-38a8-4bcf-9958-a89ff312531d:c3867]
2019-07-15 13:07:06,526 INFO  client.GrpcClientProtocolClient (GrpcClientProtocolClient.java:onNext(255)) - client-B30EC828C355->c26939f8-4d1f-4fb1-95c4-1aa8f7e5d3f6: receive RaftClientReply:client-B30EC828C355->c26939f8-4d1f-4fb1-95c4-1aa8f7e5d3f6@group-D25BE8053FEA, cid=2602, SUCCESS, logIndex=0, commits[c26939f8-4d1f-4fb1-95c4-1aa8f7e5d3f6:c3873, c5393538-959b-47cf-9d9c-19dac7bed4ee:c3869, a2e6e0ff-38a8-4bcf-9958-a89ff312531d:c3869]
2019-07-15 13:07:06,546 INFO  client.GrpcClientProtocolClient (GrpcClientProtocolClient.java:onNext(255)) - client-B30EC828C355->c26939f8-4d1f-4fb1-95c4-1aa8f7e5d3f6: receive RaftClientReply:client-B30EC828C355->c26939f8-4d1f-4fb1-95c4-1aa8f7e5d3f6@group-D25BE8053FEA, cid=2603, SUCCESS, logIndex=3876, commits[c26939f8-4d1f-4fb1-95c4-1aa8f7e5d3f6:c3877, c5393538-959b-47cf-9d9c-19dac7bed4ee:c3875, a2e6e0ff-38a8-4bcf-9958-a89ff312531d:c3875]
2019-07-15 13:07:06,546 INFO  client.GrpcClientProtocolClient (GrpcClientProtocolClient.java:onNext(255)) - client-B30EC828C355->c26939f8-4d1f-4fb1-95c4-1aa8f7e5d3f6: receive RaftClientReply:client-B30EC828C355->c26939f8-4d1f-4fb1-95c4-1aa8f7e5d3f6@group-D25BE8053FEA, cid=2604, SUCCESS, logIndex=3877, commits[c26939f8-4d1f-4fb1-95c4-1aa8f7e5d3f6:c3877, c5393538-959b-47cf-9d9c-19dac7bed4ee:c3875, a2e6e0ff-38a8-4bcf-9958-a89ff312531d:c3875]
2019-07-15 13:07:06,573 INFO  client.GrpcClientProtocolClient (GrpcClientProtocolClient.java:onNext(255)) - client-B30EC828C355->c26939f8-4d1f-4fb1-95c4-1aa8f7e5d3f6: receive RaftClientReply:client-B30EC828C355->c26939f8-4d1f-4fb1-95c4-1aa8f7e5d3f6@group-D25BE8053FEA, cid=2605, SUCCESS, logIndex=3880, commits[c26939f8-4d1f-4fb1-95c4-1aa8f7e5d3f6:c3881, c5393538-959b-47cf-9d9c-19dac7bed4ee:c3877, a2e6e0ff-38a8-4bcf-9958-a89ff312531d:c3876]
2019-07-15 13:07:06,573 INFO  client.GrpcClientProtocolClient (GrpcClientProtocolClient.java:onNext(255)) - client-B30EC828C355->c26939f8-4d1f-4fb1-95c4-1aa8f7e5d3f6: receive RaftClientReply:client-B30EC828C355->c26939f8-4d1f-4fb1-95c4-1aa8f7e5d3f6@group-D25BE8053FEA, cid=2606, SUCCESS, logIndex=3881, commits[c26939f8-4d1f-4fb1-95c4-1aa8f7e5d3f6:c3881, c5393538-959b-47cf-9d9c-19dac7bed4ee:c3877, a2e6e0ff-38a8-4bcf-9958-a89ff312531d:c3877]
2019-07-15 13:07:06,598 INFO  client.GrpcClientProtocolClient (GrpcClientProtocolClient.java:onNext(255)) - client-B30EC828C355->c26939f8-4d1f-4fb1-95c4-1aa8f7e5d3f6: receive RaftClientReply:client-B30EC828C355->c26939f8-4d1f-4fb1-95c4-1aa8f7e5d3f6@group-D25BE8053FEA, cid=2607, SUCCESS, logIndex=0, commits[c26939f8-4d1f-4fb1-95c4-1aa8f7e5d3f6:c3882, c5393538-959b-47cf-9d9c-19dac7bed4ee:c3881, a2e6e0ff-38a8-4bcf-9958-a89ff312531d:c3881]
2019-07-15 13:07:06,629 INFO  client.GrpcClientProtocolClient (GrpcClientProtocolClient.java:onNext(255)) - client-B30EC828C355->c26939f8-4d1f-4fb1-95c4-1aa8f7e5d3f6: receive RaftClientReply:client-B30EC828C355->c26939f8-4d1f-4fb1-95c4-1aa8f7e5d3f6@group-D25BE8053FEA, cid=2608, SUCCESS, logIndex=3884, commits[c26939f8-4d1f-4fb1-95c4-1aa8f7e5d3f6:c3885, c5393538-959b-47cf-9d9c-19dac7bed4ee:c3883, a2e6e0ff-38a8-4bcf-9958-a89ff312531d:c3883]
2019-07-15 13:07:06,630 INFO  client.GrpcClientProtocolClient (GrpcClientProtocolClient.java:onNext(255)) - client-B30EC828C355->c26939f8-4d1f-4fb1-95c4-1aa8f7e5d3f6: receive RaftClientReply:client-B30EC828C355->c26939f8-4d1f-4fb1-95c4-1aa8f7e5d3f6@group-D25BE8053FEA, cid=2609, SUCCESS, logIndex=3885, commits[c26939f8-4d1f-4fb1-95c4-1aa8f7e5d3f6:c3887, c5393538-959b-47cf-9d9c-19dac7bed4ee:c3883, a2e6e0ff-38a8-4bcf-9958-a89ff312531d:c3883]
2019-07-15 13:07:06,630 INFO  client.GrpcClientProtocolClient (GrpcClientProtocolClient.java:onNext(255)) - client-B30EC828C355->c26939f8-4d1f-4fb1-95c4-1aa8f7e5d3f6: receive RaftClientReply:client-B30EC828C355->c26939f8-4d1f-4fb1-95c4-1aa8f7e5d3f6@group-D25BE8053FEA, cid=2610, SUCCESS, logIndex=3886, commits[c26939f8-4d1f-4fb1-95c4-1aa8f7e5d3f6:c3887, c5393538-959b-47cf-9d9c-19dac7bed4ee:c3883, a2e6e0ff-38a8-4bcf-9958-a89ff312531d:c3883]
2019-07-15 13:07:06,630 INFO  client.GrpcClientProtocolClient (GrpcClientProtocolClient.java:onNext(255)) - client-B30EC828C355->c26939f8-4d1f-4fb1-95c4-1aa8f7e5d3f6: receive RaftClientReply:client-B30EC828C355->c26939f8-4d1f-4fb1-95c4-1aa8f7e5d3f6@group-D25BE8053FEA, cid=2611, SUCCESS, logIndex=3887, commits[c26939f8-4d1f-4fb1-95c4-1aa8f7e5d3f6:c3887, c5393538-959b-47cf-9d9c-19dac7bed4ee:c3883, a2e6e0ff-38a8-4bcf-9958-a89ff312531d:c3883]
2019-07-15 13:07:06,643 INFO  client.GrpcClientProtocolClient (GrpcClientProtocolClient.java:onNext(255)) - client-B30EC828C355->c26939f8-4d1f-4fb1-95c4-1aa8f7e5d3f6: receive RaftClientReply:client-B30EC828C355->c26939f8-4d1f-4fb1-95c4-1aa8f7e5d3f6@group-D25BE8053FEA, cid=2612, SUCCESS, logIndex=0, commits[c26939f8-4d1f-4fb1-95c4-1aa8f7e5d3f6:c3889, c5393538-959b-47cf-9d9c-19dac7bed4ee:c3885, a2e6e0ff-38a8-4bcf-9958-a89ff312531d:c3885]
2019-07-15 13:07:06,664 INFO  client.GrpcClientProtocolClient (GrpcClientProtocolClient.java:onNext(255)) - client-B30EC828C355->c26939f8-4d1f-4fb1-95c4-1aa8f7e5d3f6: receive RaftClientReply:client-B30EC828C355->c26939f8-4d1f-4fb1-95c4-1aa8f7e5d3f6@group-D25BE8053FEA, cid=2613, SUCCESS, logIndex=3891, commits[c26939f8-4d1f-4fb1-95c4-1aa8f7e5d3f6:c3892, c5393538-959b-47cf-9d9c-19dac7bed4ee:c3890, a2e6e0ff-38a8-4bcf-9958-a89ff312531d:c3890]
2019-07-15 13:07:06,664 INFO  client.GrpcClientProtocolClient (GrpcClientProtocolClient.java:onNext(255)) - client-B30EC828C355->c26939f8-4d1f-4fb1-95c4-1aa8f7e5d3f6: receive RaftClientReply:client-B30EC828C355->c26939f8-4d1f-4fb1-95c4-1aa8f7e5d3f6@group-D25BE8053FEA, cid=2614, SUCCESS, logIndex=3892, commits[c26939f8-4d1f-4fb1-95c4-1aa8f7e5d3f6:c3892, c5393538-959b-47cf-9d9c-19dac7bed4ee:c3890, a2e6e0ff-38a8-4bcf-9958-a89ff312531d:c3890]
2019-07-15 13:07:06,677 INFO  client.GrpcClientProtocolClient (GrpcClientProtocolClient.java:onNext(255)) - client-B30EC828C355->c26939f8-4d1f-4fb1-95c4-1aa8f7e5d3f6: receive RaftClientReply:client-B30EC828C355->c26939f8-4d1f-4fb1-95c4-1aa8f7e5d3f6@group-D25BE8053FEA, cid=2615, SUCCESS, logIndex=3895, commits[c26939f8-4d1f-4fb1-95c4-1aa8f7e5d3f6:c3896, c5393538-959b-47cf-9d9c-19dac7bed4ee:c3892, a2e6e0ff-38a8-4bcf-9958-a89ff312531d:c3891]
2019-07-15 13:07:06,677 INFO  client.GrpcClientProtocolClient (GrpcClientProtocolClient.java:onNext(255)) - client-B30EC828C355->c26939f8-4d1f-4fb1-95c4-1aa8f7e5d3f6: receive RaftClientReply:client-B30EC828C355->c26939f8-4d1f-4fb1-95c4-1aa8f7e5d3f6@group-D25BE8053FEA, cid=2616, SUCCESS, logIndex=3896, commits[c26939f8-4d1f-4fb1-95c4-1aa8f7e5d3f6:c3896, c5393538-959b-47cf-9d9c-19dac7bed4ee:c3892, a2e6e0ff-38a8-4bcf-9958-a89ff312531d:c3892]
2019-07-15 13:07:06,680 INFO  client.GrpcClientProtocolClient (GrpcClientProtocolClient.java:onNext(255)) - client-B30EC828C355->c26939f8-4d1f-4fb1-95c4-1aa8f7e5d3f6: receive RaftClientReply:client-B30EC828C355->c26939f8-4d1f-4fb1-95c4-1aa8f7e5d3f6@group-D25BE8053FEA, cid=2617, SUCCESS, logIndex=0, commits[c26939f8-4d1f-4fb1-95c4-1aa8f7e5d3f6:c3897, c5393538-959b-47cf-9d9c-19dac7bed4ee:c3896, a2e6e0ff-38a8-4bcf-9958-a89ff312531d:c3896]
2019-07-15 13:07:06,712 INFO  client.GrpcClientProtocolClient (GrpcClientProtocolClient.java:onNext(255)) - client-B30EC828C355->c26939f8-4d1f-4fb1-95c4-1aa8f7e5d3f6: receive RaftClientReply:client-B30EC828C355->c26939f8-4d1f-4fb1-95c4-1aa8f7e5d3f6@group-D25BE8053FEA, cid=2618, SUCCESS, logIndex=3899, commits[c26939f8-4d1f-4fb1-95c4-1aa8f7e5d3f6:c3900, c5393538-959b-47cf-9d9c-19dac7bed4ee:c3898, a2e6e0ff-38a8-4bcf-9958-a89ff312531d:c3898]
2019-07-15 13:07:06,712 INFO  client.GrpcClientProtocolClient (GrpcClientProtocolClient.java:onNext(255)) - client-B30EC828C355->c26939f8-4d1f-4fb1-95c4-1aa8f7e5d3f6: receive RaftClientReply:client-B30EC828C355->c26939f8-4d1f-4fb1-95c4-1aa8f7e5d3f6@group-D25BE8053FEA, cid=2619, SUCCESS, logIndex=3900, commits[c26939f8-4d1f-4fb1-95c4-1aa8f7e5d3f6:c3900, c5393538-959b-47cf-9d9c-19dac7bed4ee:c3898, a2e6e0ff-38a8-4bcf-9958-a89ff312531d:c3898]
2019-07-15 13:07:06,724 INFO  client.GrpcClientProtocolClient (GrpcClientProtocolClient.java:onNext(255)) - client-B30EC828C355->c26939f8-4d1f-4fb1-95c4-1aa8f7e5d3f6: receive RaftClientReply:client-B30EC828C355->c26939f8-4d1f-4fb1-95c4-1aa8f7e5d3f6@group-D25BE8053FEA, cid=2620, SUCCESS, logIndex=3901, commits[c26939f8-4d1f-4fb1-95c4-1aa8f7e5d3f6:c3901, c5393538-959b-47cf-9d9c-19dac7bed4ee:c3898, a2e6e0ff-38a8-4bcf-9958-a89ff312531d:c3898]
2019-07-15 13:07:06,725 INFO  client.GrpcClientProtocolClient (GrpcClientProtocolClient.java:onNext(255)) - client-B30EC828C355->c26939f8-4d1f-4fb1-95c4-1aa8f7e5d3f6: receive RaftClientReply:client-B30EC828C355->c26939f8-4d1f-4fb1-95c4-1aa8f7e5d3f6@group-D25BE8053FEA, cid=2621, SUCCESS, logIndex=3902, commits[c26939f8-4d1f-4fb1-95c4-1aa8f7e5d3f6:c3902, c5393538-959b-47cf-9d9c-19dac7bed4ee:c3898, a2e6e0ff-38a8-4bcf-9958-a89ff312531d:c3898]
2019-07-15 13:07:06,737 INFO  client.GrpcClientProtocolClient (GrpcClientProtocolClient.java:onNext(255)) - client-B30EC828C355->c26939f8-4d1f-4fb1-95c4-1aa8f7e5d3f6: receive RaftClientReply:client-B30EC828C355->c26939f8-4d1f-4fb1-95c4-1aa8f7e5d3f6@group-D25BE8053FEA, cid=2622, SUCCESS, logIndex=0, commits[c26939f8-4d1f-4fb1-95c4-1aa8f7e5d3f6:c3903, c5393538-959b-47cf-9d9c-19dac7bed4ee:c3900, a2e6e0ff-38a8-4bcf-9958-a89ff312531d:c3900]
2019-07-15 13:07:06,763 INFO  client.GrpcClientProtocolClient (GrpcClientProtocolClient.java:onNext(255)) - client-B30EC828C355->c26939f8-4d1f-4fb1-95c4-1aa8f7e5d3f6: receive RaftClientReply:client-B30EC828C355->c26939f8-4d1f-4fb1-95c4-1aa8f7e5d3f6@group-D25BE8053FEA, cid=2623, SUCCESS, logIndex=3907, commits[c26939f8-4d1f-4fb1-95c4-1aa8f7e5d3f6:c3908, c5393538-959b-47cf-9d9c-19dac7bed4ee:c3904, a2e6e0ff-38a8-4bcf-9958-a89ff312531d:c3904]
2019-07-15 13:07:06,764 INFO  client.GrpcClientProtocolClient (GrpcClientProtocolClient.java:onNext(255)) - client-B30EC828C355->c26939f8-4d1f-4fb1-95c4-1aa8f7e5d3f6: receive RaftClientReply:client-B30EC828C355->c26939f8-4d1f-4fb1-95c4-1aa8f7e5d3f6@group-D25BE8053FEA, cid=2624, SUCCESS, logIndex=3908, commits[c26939f8-4d1f-4fb1-95c4-1aa8f7e5d3f6:c3908, c5393538-959b-47cf-9d9c-19dac7bed4ee:c3904, a2e6e0ff-38a8-4bcf-9958-a89ff312531d:c3904]
2019-07-15 13:07:06,789 INFO  client.GrpcClientProtocolClient (GrpcClientProtocolClient.java:onNext(255)) - client-B30EC828C355->c26939f8-4d1f-4fb1-95c4-1aa8f7e5d3f6: receive RaftClientReply:client-B30EC828C355->c26939f8-4d1f-4fb1-95c4-1aa8f7e5d3f6@group-D25BE8053FEA, cid=2625, SUCCESS, logIndex=3911, commits[c26939f8-4d1f-4fb1-95c4-1aa8f7e5d3f6:c3912, c5393538-959b-47cf-9d9c-19dac7bed4ee:c3908, a2e6e0ff-38a8-4bcf-9958-a89ff312531d:c3908]
2019-07-15 13:07:06,789 INFO  client.GrpcClientProtocolClient (GrpcClientProtocolClient.java:onNext(255)) - client-B30EC828C355->c26939f8-4d1f-4fb1-95c4-1aa8f7e5d3f6: receive RaftClientReply:client-B30EC828C355->c26939f8-4d1f-4fb1-95c4-1aa8f7e5d3f6@group-D25BE8053FEA, cid=2626, SUCCESS, logIndex=3912, commits[c26939f8-4d1f-4fb1-95c4-1aa8f7e5d3f6:c3912, c5393538-959b-47cf-9d9c-19dac7bed4ee:c3908, a2e6e0ff-38a8-4bcf-9958-a89ff312531d:c3908]
2019-07-15 13:07:06,792 INFO  client.GrpcClientProtocolClient (GrpcClientProtocolClient.java:onNext(255)) - client-B30EC828C355->c26939f8-4d1f-4fb1-95c4-1aa8f7e5d3f6: receive RaftClientReply:client-B30EC828C355->c26939f8-4d1f-4fb1-95c4-1aa8f7e5d3f6@group-D25BE8053FEA, cid=2627, SUCCESS, logIndex=0, commits[c26939f8-4d1f-4fb1-95c4-1aa8f7e5d3f6:c3913, c5393538-959b-47cf-9d9c-19dac7bed4ee:c3912, a2e6e0ff-38a8-4bcf-9958-a89ff312531d:c3912]
2019-07-15 13:07:06,815 INFO  client.GrpcClientProtocolClient (GrpcClientProtocolClient.java:onNext(255)) - client-B30EC828C355->c26939f8-4d1f-4fb1-95c4-1aa8f7e5d3f6: receive RaftClientReply:client-B30EC828C355->c26939f8-4d1f-4fb1-95c4-1aa8f7e5d3f6@group-D25BE8053FEA, cid=2628, SUCCESS, logIndex=3915, commits[c26939f8-4d1f-4fb1-95c4-1aa8f7e5d3f6:c3916, c5393538-959b-47cf-9d9c-19dac7bed4ee:c3914, a2e6e0ff-38a8-4bcf-9958-a89ff312531d:c3912]
2019-07-15 13:07:06,816 INFO  client.GrpcClientProtocolClient (GrpcClientProtocolClient.java:onNext(255)) - client-B30EC828C355->c26939f8-4d1f-4fb1-95c4-1aa8f7e5d3f6: receive RaftClientReply:client-B30EC828C355->c26939f8-4d1f-4fb1-95c4-1aa8f7e5d3f6@group-D25BE8053FEA, cid=2629, SUCCESS, logIndex=3916, commits[c26939f8-4d1f-4fb1-95c4-1aa8f7e5d3f6:c3916, c5393538-959b-47cf-9d9c-19dac7bed4ee:c3914, a2e6e0ff-38a8-4bcf-9958-a89ff312531d:c3914]
2019-07-15 13:07:06,820 INFO  client.GrpcClientProtocolClient (GrpcClientProtocolClient.java:onNext(255)) - client-B30EC828C355->c26939f8-4d1f-4fb1-95c4-1aa8f7e5d3f6: receive RaftClientReply:client-B30EC828C355->c26939f8-4d1f-4fb1-95c4-1aa8f7e5d3f6@group-D25BE8053FEA, cid=2630, SUCCESS, logIndex=3917, commits[c26939f8-4d1f-4fb1-95c4-1aa8f7e5d3f6:c3918, c5393538-959b-47cf-9d9c-19dac7bed4ee:c3914, a2e6e0ff-38a8-4bcf-9958-a89ff312531d:c3914]
2019-07-15 13:07:06,820 INFO  client.GrpcClientProtocolClient (GrpcClientProtocolClient.java:onNext(255)) - client-B30EC828C355->c26939f8-4d1f-4fb1-95c4-1aa8f7e5d3f6: receive RaftClientReply:client-B30EC828C355->c26939f8-4d1f-4fb1-95c4-1aa8f7e5d3f6@group-D25BE8053FEA, cid=2631, SUCCESS, logIndex=3918, commits[c26939f8-4d1f-4fb1-95c4-1aa8f7e5d3f6:c3919, c5393538-959b-47cf-9d9c-19dac7bed4ee:c3916, a2e6e0ff-38a8-4bcf-9958-a89ff312531d:c3914]
2019-07-15 13:07:06,822 INFO  client.GrpcClientProtocolClient (GrpcClientProtocolClient.java:onNext(255)) - client-B30EC828C355->c26939f8-4d1f-4fb1-95c4-1aa8f7e5d3f6: receive RaftClientReply:client-B30EC828C355->c26939f8-4d1f-4fb1-95c4-1aa8f7e5d3f6@group-D25BE8053FEA, cid=2632, SUCCESS, logIndex=0, commits[c26939f8-4d1f-4fb1-95c4-1aa8f7e5d3f6:c3920, c5393538-959b-47cf-9d9c-19dac7bed4ee:c3917, a2e6e0ff-38a8-4bcf-9958-a89ff312531d:c3916]
2019-07-15 13:07:06,854 INFO  client.GrpcClientProtocolClient (GrpcClientProtocolClient.java:onNext(255)) - client-B30EC828C355->c26939f8-4d1f-4fb1-95c4-1aa8f7e5d3f6: receive RaftClientReply:client-B30EC828C355->c26939f8-4d1f-4fb1-95c4-1aa8f7e5d3f6@group-D25BE8053FEA, cid=2633, SUCCESS, logIndex=3923, commits[c26939f8-4d1f-4fb1-95c4-1aa8f7e5d3f6:c3924, c5393538-959b-47cf-9d9c-19dac7bed4ee:c3922, a2e6e0ff-38a8-4bcf-9958-a89ff312531d:c3922]
2019-07-15 13:07:06,854 INFO  client.GrpcClientProtocolClient (GrpcClientProtocolClient.java:onNext(255)) - client-B30EC828C355->c26939f8-4d1f-4fb1-95c4-1aa8f7e5d3f6: receive RaftClientReply:client-B30EC828C355->c26939f8-4d1f-4fb1-95c4-1aa8f7e5d3f6@group-D25BE8053FEA, cid=2634, SUCCESS, logIndex=3924, commits[c26939f8-4d1f-4fb1-95c4-1aa8f7e5d3f6:c3924, c5393538-959b-47cf-9d9c-19dac7bed4ee:c3922, a2e6e0ff-38a8-4bcf-9958-a89ff312531d:c3922]
2019-07-15 13:07:06,869 INFO  client.GrpcClientProtocolClient (GrpcClientProtocolClient.java:onNext(255)) - client-B30EC828C355->c26939f8-4d1f-4fb1-95c4-1aa8f7e5d3f6: receive RaftClientReply:client-B30EC828C355->c26939f8-4d1f-4fb1-95c4-1aa8f7e5d3f6@group-D25BE8053FEA, cid=2635, SUCCESS, logIndex=3927, commits[c26939f8-4d1f-4fb1-95c4-1aa8f7e5d3f6:c3928, c5393538-959b-47cf-9d9c-19dac7bed4ee:c3924, a2e6e0ff-38a8-4bcf-9958-a89ff312531d:c3924]
2019-07-15 13:07:06,869 INFO  client.GrpcClientProtocolClient (GrpcClientProtocolClient.java:onNext(255)) - client-B30EC828C355->c26939f8-4d1f-4fb1-95c4-1aa8f7e5d3f6: receive RaftClientReply:client-B30EC828C355->c26939f8-4d1f-4fb1-95c4-1aa8f7e5d3f6@group-D25BE8053FEA, cid=2636, SUCCESS, logIndex=3928, commits[c26939f8-4d1f-4fb1-95c4-1aa8f7e5d3f6:c3928, c5393538-959b-47cf-9d9c-19dac7bed4ee:c3924, a2e6e0ff-38a8-4bcf-9958-a89ff312531d:c3924]
2019-07-15 13:07:06,882 INFO  client.GrpcClientProtocolClient (GrpcClientProtocolClient.java:onNext(255)) - client-B30EC828C355->c26939f8-4d1f-4fb1-95c4-1aa8f7e5d3f6: receive RaftClientReply:client-B30EC828C355->c26939f8-4d1f-4fb1-95c4-1aa8f7e5d3f6@group-D25BE8053FEA, cid=2637, SUCCESS, logIndex=0, commits[c26939f8-4d1f-4fb1-95c4-1aa8f7e5d3f6:c3930, c5393538-959b-47cf-9d9c-19dac7bed4ee:c3928, a2e6e0ff-38a8-4bcf-9958-a89ff312531d:c3928]
2019-07-15 13:07:06,914 INFO  client.GrpcClientProtocolClient (GrpcClientProtocolClient.java:onNext(255)) - client-B30EC828C355->c26939f8-4d1f-4fb1-95c4-1aa8f7e5d3f6: receive RaftClientReply:client-B30EC828C355->c26939f8-4d1f-4fb1-95c4-1aa8f7e5d3f6@group-D25BE8053FEA, cid=2638, SUCCESS, logIndex=3931, commits[c26939f8-4d1f-4fb1-95c4-1aa8f7e5d3f6:c3932, c5393538-959b-47cf-9d9c-19dac7bed4ee:c3930, a2e6e0ff-38a8-4bcf-9958-a89ff312531d:c3930]
2019-07-15 13:07:06,915 INFO  client.GrpcClientProtocolClient (GrpcClientProtocolClient.java:onNext(255)) - client-B30EC828C355->c26939f8-4d1f-4fb1-95c4-1aa8f7e5d3f6: receive RaftClientReply:client-B30EC828C355->c26939f8-4d1f-4fb1-95c4-1aa8f7e5d3f6@group-D25BE8053FEA, cid=2639, SUCCESS, logIndex=3932, commits[c26939f8-4d1f-4fb1-95c4-1aa8f7e5d3f6:c3933, c5393538-959b-47cf-9d9c-19dac7bed4ee:c3930, a2e6e0ff-38a8-4bcf-9958-a89ff312531d:c3930]
2019-07-15 13:07:06,915 INFO  client.GrpcClientProtocolClient (GrpcClientProtocolClient.java:onNext(255)) - client-B30EC828C355->c26939f8-4d1f-4fb1-95c4-1aa8f7e5d3f6: receive RaftClientReply:client-B30EC828C355->c26939f8-4d1f-4fb1-95c4-1aa8f7e5d3f6@group-D25BE8053FEA, cid=2640, SUCCESS, logIndex=3933, commits[c26939f8-4d1f-4fb1-95c4-1aa8f7e5d3f6:c3934, c5393538-959b-47cf-9d9c-19dac7bed4ee:c3930, a2e6e0ff-38a8-4bcf-9958-a89ff312531d:c3930]
2019-07-15 13:07:06,915 INFO  client.GrpcClientProtocolClient (GrpcClientProtocolClient.java:onNext(255)) - client-B30EC828C355->c26939f8-4d1f-4fb1-95c4-1aa8f7e5d3f6: receive RaftClientReply:client-B30EC828C355->c26939f8-4d1f-4fb1-95c4-1aa8f7e5d3f6@group-D25BE8053FEA, cid=2641, SUCCESS, logIndex=3934, commits[c26939f8-4d1f-4fb1-95c4-1aa8f7e5d3f6:c3934, c5393538-959b-47cf-9d9c-19dac7bed4ee:c3930, a2e6e0ff-38a8-4bcf-9958-a89ff312531d:c3930]
2019-07-15 13:07:06,930 INFO  client.GrpcClientProtocolClient (GrpcClientProtocolClient.java:onNext(255)) - client-B30EC828C355->c26939f8-4d1f-4fb1-95c4-1aa8f7e5d3f6: receive RaftClientReply:client-B30EC828C355->c26939f8-4d1f-4fb1-95c4-1aa8f7e5d3f6@group-D25BE8053FEA, cid=2642, SUCCESS, logIndex=0, commits[c26939f8-4d1f-4fb1-95c4-1aa8f7e5d3f6:c3936, c5393538-959b-47cf-9d9c-19dac7bed4ee:c3932, a2e6e0ff-38a8-4bcf-9958-a89ff312531d:c3932]
2019-07-15 13:07:06,944 INFO  client.GrpcClientProtocolClient (GrpcClientProtocolClient.java:onNext(255)) - client-B30EC828C355->c26939f8-4d1f-4fb1-95c4-1aa8f7e5d3f6: receive RaftClientReply:client-B30EC828C355->c26939f8-4d1f-4fb1-95c4-1aa8f7e5d3f6@group-D25BE8053FEA, cid=2643, SUCCESS, logIndex=3939, commits[c26939f8-4d1f-4fb1-95c4-1aa8f7e5d3f6:c3940, c5393538-959b-47cf-9d9c-19dac7bed4ee:c3934, a2e6e0ff-38a8-4bcf-9958-a89ff312531d:c3938]
2019-07-15 13:07:06,944 INFO  client.GrpcClientProtocolClient (GrpcClientProtocolClient.java:onNext(255)) - client-B30EC828C355->c26939f8-4d1f-4fb1-95c4-1aa8f7e5d3f6: receive RaftClientReply:client-B30EC828C355->c26939f8-4d1f-4fb1-95c4-1aa8f7e5d3f6@group-D25BE8053FEA, cid=2644, SUCCESS, logIndex=3940, commits[c26939f8-4d1f-4fb1-95c4-1aa8f7e5d3f6:c3940, c5393538-959b-47cf-9d9c-19dac7bed4ee:c3934, a2e6e0ff-38a8-4bcf-9958-a89ff312531d:c3938]
2019-07-15 13:07:06,969 INFO  client.GrpcClientProtocolClient (GrpcClientProtocolClient.java:onNext(255)) - client-B30EC828C355->c26939f8-4d1f-4fb1-95c4-1aa8f7e5d3f6: receive RaftClientReply:client-B30EC828C355->c26939f8-4d1f-4fb1-95c4-1aa8f7e5d3f6@group-D25BE8053FEA, cid=2645, SUCCESS, logIndex=3943, commits[c26939f8-4d1f-4fb1-95c4-1aa8f7e5d3f6:c3944, c5393538-959b-47cf-9d9c-19dac7bed4ee:c3940, a2e6e0ff-38a8-4bcf-9958-a89ff312531d:c3940]
2019-07-15 13:07:06,970 INFO  client.GrpcClientProtocolClient (GrpcClientProtocolClient.java:onNext(255)) - client-B30EC828C355->c26939f8-4d1f-4fb1-95c4-1aa8f7e5d3f6: receive RaftClientReply:client-B30EC828C355->c26939f8-4d1f-4fb1-95c4-1aa8f7e5d3f6@group-D25BE8053FEA, cid=2646, SUCCESS, logIndex=3944, commits[c26939f8-4d1f-4fb1-95c4-1aa8f7e5d3f6:c3944, c5393538-959b-47cf-9d9c-19dac7bed4ee:c3940, a2e6e0ff-38a8-4bcf-9958-a89ff312531d:c3940]
2019-07-15 13:07:06,983 INFO  client.GrpcClientProtocolClient (GrpcClientProtocolClient.java:onNext(255)) - client-B30EC828C355->c26939f8-4d1f-4fb1-95c4-1aa8f7e5d3f6: receive RaftClientReply:client-B30EC828C355->c26939f8-4d1f-4fb1-95c4-1aa8f7e5d3f6@group-D25BE8053FEA, cid=2647, SUCCESS, logIndex=0, commits[c26939f8-4d1f-4fb1-95c4-1aa8f7e5d3f6:c3945, c5393538-959b-47cf-9d9c-19dac7bed4ee:c3944, a2e6e0ff-38a8-4bcf-9958-a89ff312531d:c3944]
 0.00% |█                                                                                                    |  0/1 Time: 0:00:212019-07-15 13:07:07,160 INFO  client.GrpcClientProtocolClient (GrpcClientProtocolClient.java:onNext(255)) - client-B30EC828C355->c26939f8-4d1f-4fb1-95c4-1aa8f7e5d3f6: receive RaftClientReply:client-B30EC828C355->c26939f8-4d1f-4fb1-95c4-1aa8f7e5d3f6@group-D25BE8053FEA, cid=2648, SUCCESS, logIndex=3946, commits[c26939f8-4d1f-4fb1-95c4-1aa8f7e5d3f6:c3947, c5393538-959b-47cf-9d9c-19dac7bed4ee:c3945, a2e6e0ff-38a8-4bcf-9958-a89ff312531d:c3945]
2019-07-15 13:07:07,160 INFO  client.GrpcClientProtocolClient (GrpcClientProtocolClient.java:onNext(255)) - client-B30EC828C355->c26939f8-4d1f-4fb1-95c4-1aa8f7e5d3f6: receive RaftClientReply:client-B30EC828C355->c26939f8-4d1f-4fb1-95c4-1aa8f7e5d3f6@group-D25BE8053FEA, cid=2649, SUCCESS, logIndex=3947, commits[c26939f8-4d1f-4fb1-95c4-1aa8f7e5d3f6:c3947, c5393538-959b-47cf-9d9c-19dac7bed4ee:c3945, a2e6e0ff-38a8-4bcf-9958-a89ff312531d:c3945]
2019-07-15 13:07:07,188 INFO  client.GrpcClientProtocolClient (GrpcClientProtocolClient.java:onNext(255)) - client-B30EC828C355->c26939f8-4d1f-4fb1-95c4-1aa8f7e5d3f6: receive RaftClientReply:client-B30EC828C355->c26939f8-4d1f-4fb1-95c4-1aa8f7e5d3f6@group-D25BE8053FEA, cid=2650, SUCCESS, logIndex=3948, commits[c26939f8-4d1f-4fb1-95c4-1aa8f7e5d3f6:c3948, c5393538-959b-47cf-9d9c-19dac7bed4ee:c3945, a2e6e0ff-38a8-4bcf-9958-a89ff312531d:c3945]
2019-07-15 13:07:07,188 INFO  client.GrpcClientProtocolClient (GrpcClientProtocolClient.java:onNext(255)) - client-B30EC828C355->c26939f8-4d1f-4fb1-95c4-1aa8f7e5d3f6: receive RaftClientReply:client-B30EC828C355->c26939f8-4d1f-4fb1-95c4-1aa8f7e5d3f6@group-D25BE8053FEA, cid=2651, SUCCESS, logIndex=3949, commits[c26939f8-4d1f-4fb1-95c4-1aa8f7e5d3f6:c3949, c5393538-959b-47cf-9d9c-19dac7bed4ee:c3945, a2e6e0ff-38a8-4bcf-9958-a89ff312531d:c3945]
2019-07-15 13:07:07,201 INFO  client.GrpcClientProtocolClient (GrpcClientProtocolClient.java:onNext(255)) - client-B30EC828C355->c26939f8-4d1f-4fb1-95c4-1aa8f7e5d3f6: receive RaftClientReply:client-B30EC828C355->c26939f8-4d1f-4fb1-95c4-1aa8f7e5d3f6@group-D25BE8053FEA, cid=2652, SUCCESS, logIndex=0, commits[c26939f8-4d1f-4fb1-95c4-1aa8f7e5d3f6:c3951, c5393538-959b-47cf-9d9c-19dac7bed4ee:c3947, a2e6e0ff-38a8-4bcf-9958-a89ff312531d:c3947]
2019-07-15 13:07:07,224 INFO  client.GrpcClientProtocolClient (GrpcClientProtocolClient.java:onNext(255)) - client-B30EC828C355->c26939f8-4d1f-4fb1-95c4-1aa8f7e5d3f6: receive RaftClientReply:client-B30EC828C355->c26939f8-4d1f-4fb1-95c4-1aa8f7e5d3f6@group-D25BE8053FEA, cid=2653, SUCCESS, logIndex=3954, commits[c26939f8-4d1f-4fb1-95c4-1aa8f7e5d3f6:c3955, c5393538-959b-47cf-9d9c-19dac7bed4ee:c3953, a2e6e0ff-38a8-4bcf-9958-a89ff312531d:c3953]
2019-07-15 13:07:07,224 INFO  client.GrpcClientProtocolClient (GrpcClientProtocolClient.java:onNext(255)) - client-B30EC828C355->c26939f8-4d1f-4fb1-95c4-1aa8f7e5d3f6: receive RaftClientReply:client-B30EC828C355->c26939f8-4d1f-4fb1-95c4-1aa8f7e5d3f6@group-D25BE8053FEA, cid=2654, SUCCESS, logIndex=3955, commits[c26939f8-4d1f-4fb1-95c4-1aa8f7e5d3f6:c3955, c5393538-959b-47cf-9d9c-19dac7bed4ee:c3953, a2e6e0ff-38a8-4bcf-9958-a89ff312531d:c3953]
2019-07-15 13:07:07,249 INFO  client.GrpcClientProtocolClient (GrpcClientProtocolClient.java:onNext(255)) - client-B30EC828C355->c26939f8-4d1f-4fb1-95c4-1aa8f7e5d3f6: receive RaftClientReply:client-B30EC828C355->c26939f8-4d1f-4fb1-95c4-1aa8f7e5d3f6@group-D25BE8053FEA, cid=2655, SUCCESS, logIndex=3958, commits[c26939f8-4d1f-4fb1-95c4-1aa8f7e5d3f6:c3959, c5393538-959b-47cf-9d9c-19dac7bed4ee:c3955, a2e6e0ff-38a8-4bcf-9958-a89ff312531d:c3955]
2019-07-15 13:07:07,249 INFO  client.GrpcClientProtocolClient (GrpcClientProtocolClient.java:onNext(255)) - client-B30EC828C355->c26939f8-4d1f-4fb1-95c4-1aa8f7e5d3f6: receive RaftClientReply:client-B30EC828C355->c26939f8-4d1f-4fb1-95c4-1aa8f7e5d3f6@group-D25BE8053FEA, cid=2656, SUCCESS, logIndex=3959, commits[c26939f8-4d1f-4fb1-95c4-1aa8f7e5d3f6:c3959, c5393538-959b-47cf-9d9c-19dac7bed4ee:c3955, a2e6e0ff-38a8-4bcf-9958-a89ff312531d:c3955]
2019-07-15 13:07:07,275 INFO  client.GrpcClientProtocolClient (GrpcClientProtocolClient.java:onNext(255)) - client-B30EC828C355->c26939f8-4d1f-4fb1-95c4-1aa8f7e5d3f6: receive RaftClientReply:client-B30EC828C355->c26939f8-4d1f-4fb1-95c4-1aa8f7e5d3f6@group-D25BE8053FEA, cid=2657, SUCCESS, logIndex=0, commits[c26939f8-4d1f-4fb1-95c4-1aa8f7e5d3f6:c3961, c5393538-959b-47cf-9d9c-19dac7bed4ee:c3959, a2e6e0ff-38a8-4bcf-9958-a89ff312531d:c3959]
2019-07-15 13:07:07,308 INFO  client.GrpcClientProtocolClient (GrpcClientProtocolClient.java:onNext(255)) - client-B30EC828C355->c26939f8-4d1f-4fb1-95c4-1aa8f7e5d3f6: receive RaftClientReply:client-B30EC828C355->c26939f8-4d1f-4fb1-95c4-1aa8f7e5d3f6@group-D25BE8053FEA, cid=2658, SUCCESS, logIndex=3962, commits[c26939f8-4d1f-4fb1-95c4-1aa8f7e5d3f6:c3963, c5393538-959b-47cf-9d9c-19dac7bed4ee:c3961, a2e6e0ff-38a8-4bcf-9958-a89ff312531d:c3961]
2019-07-15 13:07:07,309 INFO  client.GrpcClientProtocolClient (GrpcClientProtocolClient.java:onNext(255)) - client-B30EC828C355->c26939f8-4d1f-4fb1-95c4-1aa8f7e5d3f6: receive RaftClientReply:client-B30EC828C355->c26939f8-4d1f-4fb1-95c4-1aa8f7e5d3f6@group-D25BE8053FEA, cid=2659, SUCCESS, logIndex=3963, commits[c26939f8-4d1f-4fb1-95c4-1aa8f7e5d3f6:c3963, c5393538-959b-47cf-9d9c-19dac7bed4ee:c3961, a2e6e0ff-38a8-4bcf-9958-a89ff312531d:c3961]
2019-07-15 13:07:07,321 INFO  client.GrpcClientProtocolClient (GrpcClientProtocolClient.java:onNext(255)) - client-B30EC828C355->c26939f8-4d1f-4fb1-95c4-1aa8f7e5d3f6: receive RaftClientReply:client-B30EC828C355->c26939f8-4d1f-4fb1-95c4-1aa8f7e5d3f6@group-D25BE8053FEA, cid=2660, SUCCESS, logIndex=3964, commits[c26939f8-4d1f-4fb1-95c4-1aa8f7e5d3f6:c3964, c5393538-959b-47cf-9d9c-19dac7bed4ee:c3961, a2e6e0ff-38a8-4bcf-9958-a89ff312531d:c3961]
2019-07-15 13:07:07,321 INFO  client.GrpcClientProtocolClient (GrpcClientProtocolClient.java:onNext(255)) - client-B30EC828C355->c26939f8-4d1f-4fb1-95c4-1aa8f7e5d3f6: receive RaftClientReply:client-B30EC828C355->c26939f8-4d1f-4fb1-95c4-1aa8f7e5d3f6@group-D25BE8053FEA, cid=2661, SUCCESS, logIndex=3965, commits[c26939f8-4d1f-4fb1-95c4-1aa8f7e5d3f6:c3965, c5393538-959b-47cf-9d9c-19dac7bed4ee:c3961, a2e6e0ff-38a8-4bcf-9958-a89ff312531d:c3961]
2019-07-15 13:07:07,334 INFO  client.GrpcClientProtocolClient (GrpcClientProtocolClient.java:onNext(255)) - client-B30EC828C355->c26939f8-4d1f-4fb1-95c4-1aa8f7e5d3f6: receive RaftClientReply:client-B30EC828C355->c26939f8-4d1f-4fb1-95c4-1aa8f7e5d3f6@group-D25BE8053FEA, cid=2662, SUCCESS, logIndex=0, commits[c26939f8-4d1f-4fb1-95c4-1aa8f7e5d3f6:c3966, c5393538-959b-47cf-9d9c-19dac7bed4ee:c3963, a2e6e0ff-38a8-4bcf-9958-a89ff312531d:c3963]
2019-07-15 13:07:07,346 INFO  client.GrpcClientProtocolClient (GrpcClientProtocolClient.java:onNext(255)) - client-B30EC828C355->c26939f8-4d1f-4fb1-95c4-1aa8f7e5d3f6: receive RaftClientReply:client-B30EC828C355->c26939f8-4d1f-4fb1-95c4-1aa8f7e5d3f6@group-D25BE8053FEA, cid=2663, SUCCESS, logIndex=3970, commits[c26939f8-4d1f-4fb1-95c4-1aa8f7e5d3f6:c3971, c5393538-959b-47cf-9d9c-19dac7bed4ee:c3969, a2e6e0ff-38a8-4bcf-9958-a89ff312531d:c3965]
2019-07-15 13:07:07,346 INFO  client.GrpcClientProtocolClient (GrpcClientProtocolClient.java:onNext(255)) - client-B30EC828C355->c26939f8-4d1f-4fb1-95c4-1aa8f7e5d3f6: receive RaftClientReply:client-B30EC828C355->c26939f8-4d1f-4fb1-95c4-1aa8f7e5d3f6@group-D25BE8053FEA, cid=2664, SUCCESS, logIndex=3971, commits[c26939f8-4d1f-4fb1-95c4-1aa8f7e5d3f6:c3971, c5393538-959b-47cf-9d9c-19dac7bed4ee:c3969, a2e6e0ff-38a8-4bcf-9958-a89ff312531d:c3969]
2019-07-15 13:07:07,358 INFO  client.GrpcClientProtocolClient (GrpcClientProtocolClient.java:onNext(255)) - client-B30EC828C355->c26939f8-4d1f-4fb1-95c4-1aa8f7e5d3f6: receive RaftClientReply:client-B30EC828C355->c26939f8-4d1f-4fb1-95c4-1aa8f7e5d3f6@group-D25BE8053FEA, cid=2665, SUCCESS, logIndex=3974, commits[c26939f8-4d1f-4fb1-95c4-1aa8f7e5d3f6:c3975, c5393538-959b-47cf-9d9c-19dac7bed4ee:c3973, a2e6e0ff-38a8-4bcf-9958-a89ff312531d:c3971]
2019-07-15 13:07:07,358 INFO  client.GrpcClientProtocolClient (GrpcClientProtocolClient.java:onNext(255)) - client-B30EC828C355->c26939f8-4d1f-4fb1-95c4-1aa8f7e5d3f6: receive RaftClientReply:client-B30EC828C355->c26939f8-4d1f-4fb1-95c4-1aa8f7e5d3f6@group-D25BE8053FEA, cid=2666, SUCCESS, logIndex=3975, commits[c26939f8-4d1f-4fb1-95c4-1aa8f7e5d3f6:c3975, c5393538-959b-47cf-9d9c-19dac7bed4ee:c3973, a2e6e0ff-38a8-4bcf-9958-a89ff312531d:c3973]
2019-07-15 13:07:07,361 INFO  client.GrpcClientProtocolClient (GrpcClientProtocolClient.java:onNext(255)) - client-B30EC828C355->c26939f8-4d1f-4fb1-95c4-1aa8f7e5d3f6: receive RaftClientReply:client-B30EC828C355->c26939f8-4d1f-4fb1-95c4-1aa8f7e5d3f6@group-D25BE8053FEA, cid=2667, SUCCESS, logIndex=0, commits[c26939f8-4d1f-4fb1-95c4-1aa8f7e5d3f6:c3976, c5393538-959b-47cf-9d9c-19dac7bed4ee:c3975, a2e6e0ff-38a8-4bcf-9958-a89ff312531d:c3975]
2019-07-15 13:07:07,403 INFO  client.GrpcClientProtocolClient (GrpcClientProtocolClient.java:onNext(255)) - client-B30EC828C355->c26939f8-4d1f-4fb1-95c4-1aa8f7e5d3f6: receive RaftClientReply:client-B30EC828C355->c26939f8-4d1f-4fb1-95c4-1aa8f7e5d3f6@group-D25BE8053FEA, cid=2668, SUCCESS, logIndex=3978, commits[c26939f8-4d1f-4fb1-95c4-1aa8f7e5d3f6:c3979, c5393538-959b-47cf-9d9c-19dac7bed4ee:c3977, a2e6e0ff-38a8-4bcf-9958-a89ff312531d:c3977]
2019-07-15 13:07:07,403 INFO  client.GrpcClientProtocolClient (GrpcClientProtocolClient.java:onNext(255)) - client-B30EC828C355->c26939f8-4d1f-4fb1-95c4-1aa8f7e5d3f6: receive RaftClientReply:client-B30EC828C355->c26939f8-4d1f-4fb1-95c4-1aa8f7e5d3f6@group-D25BE8053FEA, cid=2669, SUCCESS, logIndex=3979, commits[c26939f8-4d1f-4fb1-95c4-1aa8f7e5d3f6:c3979, c5393538-959b-47cf-9d9c-19dac7bed4ee:c3977, a2e6e0ff-38a8-4bcf-9958-a89ff312531d:c3977]
2019-07-15 13:07:07,404 INFO  client.GrpcClientProtocolClient (GrpcClientProtocolClient.java:onNext(255)) - client-B30EC828C355->c26939f8-4d1f-4fb1-95c4-1aa8f7e5d3f6: receive RaftClientReply:client-B30EC828C355->c26939f8-4d1f-4fb1-95c4-1aa8f7e5d3f6@group-D25BE8053FEA, cid=2670, SUCCESS, logIndex=3980, commits[c26939f8-4d1f-4fb1-95c4-1aa8f7e5d3f6:c3981, c5393538-959b-47cf-9d9c-19dac7bed4ee:c3977, a2e6e0ff-38a8-4bcf-9958-a89ff312531d:c3977]
2019-07-15 13:07:07,404 INFO  client.GrpcClientProtocolClient (GrpcClientProtocolClient.java:onNext(255)) - client-B30EC828C355->c26939f8-4d1f-4fb1-95c4-1aa8f7e5d3f6: receive RaftClientReply:client-B30EC828C355->c26939f8-4d1f-4fb1-95c4-1aa8f7e5d3f6@group-D25BE8053FEA, cid=2671, SUCCESS, logIndex=3981, commits[c26939f8-4d1f-4fb1-95c4-1aa8f7e5d3f6:c3981, c5393538-959b-47cf-9d9c-19dac7bed4ee:c3977, a2e6e0ff-38a8-4bcf-9958-a89ff312531d:c3977]
2019-07-15 13:07:07,406 INFO  client.GrpcClientProtocolClient (GrpcClientProtocolClient.java:onNext(255)) - client-B30EC828C355->c26939f8-4d1f-4fb1-95c4-1aa8f7e5d3f6: receive RaftClientReply:client-B30EC828C355->c26939f8-4d1f-4fb1-95c4-1aa8f7e5d3f6@group-D25BE8053FEA, cid=2672, SUCCESS, logIndex=0, commits[c26939f8-4d1f-4fb1-95c4-1aa8f7e5d3f6:c3985, c5393538-959b-47cf-9d9c-19dac7bed4ee:c3981, a2e6e0ff-38a8-4bcf-9958-a89ff312531d:c3979]
2019-07-15 13:07:07,427 INFO  client.GrpcClientProtocolClient (GrpcClientProtocolClient.java:onNext(255)) - client-B30EC828C355->c26939f8-4d1f-4fb1-95c4-1aa8f7e5d3f6: receive RaftClientReply:client-B30EC828C355->c26939f8-4d1f-4fb1-95c4-1aa8f7e5d3f6@group-D25BE8053FEA, cid=2673, SUCCESS, logIndex=3986, commits[c26939f8-4d1f-4fb1-95c4-1aa8f7e5d3f6:c3987, c5393538-959b-47cf-9d9c-19dac7bed4ee:c3985, a2e6e0ff-38a8-4bcf-9958-a89ff312531d:c3985]
2019-07-15 13:07:07,428 INFO  client.GrpcClientProtocolClient (GrpcClientProtocolClient.java:onNext(255)) - client-B30EC828C355->c26939f8-4d1f-4fb1-95c4-1aa8f7e5d3f6: receive RaftClientReply:client-B30EC828C355->c26939f8-4d1f-4fb1-95c4-1aa8f7e5d3f6@group-D25BE8053FEA, cid=2674, SUCCESS, logIndex=3987, commits[c26939f8-4d1f-4fb1-95c4-1aa8f7e5d3f6:c3987, c5393538-959b-47cf-9d9c-19dac7bed4ee:c3985, a2e6e0ff-38a8-4bcf-9958-a89ff312531d:c3985]
2019-07-15 13:07:07,441 INFO  client.GrpcClientProtocolClient (GrpcClientProtocolClient.java:onNext(255)) - client-B30EC828C355->c26939f8-4d1f-4fb1-95c4-1aa8f7e5d3f6: receive RaftClientReply:client-B30EC828C355->c26939f8-4d1f-4fb1-95c4-1aa8f7e5d3f6@group-D25BE8053FEA, cid=2675, SUCCESS, logIndex=3990, commits[c26939f8-4d1f-4fb1-95c4-1aa8f7e5d3f6:c3991, c5393538-959b-47cf-9d9c-19dac7bed4ee:c3987, a2e6e0ff-38a8-4bcf-9958-a89ff312531d:c3986]
2019-07-15 13:07:07,441 INFO  client.GrpcClientProtocolClient (GrpcClientProtocolClient.java:onNext(255)) - client-B30EC828C355->c26939f8-4d1f-4fb1-95c4-1aa8f7e5d3f6: receive RaftClientReply:client-B30EC828C355->c26939f8-4d1f-4fb1-95c4-1aa8f7e5d3f6@group-D25BE8053FEA, cid=2676, SUCCESS, logIndex=3991, commits[c26939f8-4d1f-4fb1-95c4-1aa8f7e5d3f6:c3991, c5393538-959b-47cf-9d9c-19dac7bed4ee:c3987, a2e6e0ff-38a8-4bcf-9958-a89ff312531d:c3987]
2019-07-15 13:07:07,455 INFO  client.GrpcClientProtocolClient (GrpcClientProtocolClient.java:onNext(255)) - client-B30EC828C355->c26939f8-4d1f-4fb1-95c4-1aa8f7e5d3f6: receive RaftClientReply:client-B30EC828C355->c26939f8-4d1f-4fb1-95c4-1aa8f7e5d3f6@group-D25BE8053FEA, cid=2677, SUCCESS, logIndex=0, commits[c26939f8-4d1f-4fb1-95c4-1aa8f7e5d3f6:c3993, c5393538-959b-47cf-9d9c-19dac7bed4ee:c3991, a2e6e0ff-38a8-4bcf-9958-a89ff312531d:c3991]
2019-07-15 13:07:07,492 INFO  client.GrpcClientProtocolClient (GrpcClientProtocolClient.java:onNext(255)) - client-B30EC828C355->c26939f8-4d1f-4fb1-95c4-1aa8f7e5d3f6: receive RaftClientReply:client-B30EC828C355->c26939f8-4d1f-4fb1-95c4-1aa8f7e5d3f6@group-D25BE8053FEA, cid=2678, SUCCESS, logIndex=3994, commits[c26939f8-4d1f-4fb1-95c4-1aa8f7e5d3f6:c3995, c5393538-959b-47cf-9d9c-19dac7bed4ee:c3993, a2e6e0ff-38a8-4bcf-9958-a89ff312531d:c3993]
2019-07-15 13:07:07,493 INFO  client.GrpcClientProtocolClient (GrpcClientProtocolClient.java:onNext(255)) - client-B30EC828C355->c26939f8-4d1f-4fb1-95c4-1aa8f7e5d3f6: receive RaftClientReply:client-B30EC828C355->c26939f8-4d1f-4fb1-95c4-1aa8f7e5d3f6@group-D25BE8053FEA, cid=2679, SUCCESS, logIndex=3995, commits[c26939f8-4d1f-4fb1-95c4-1aa8f7e5d3f6:c3995, c5393538-959b-47cf-9d9c-19dac7bed4ee:c3993, a2e6e0ff-38a8-4bcf-9958-a89ff312531d:c3993]
2019-07-15 13:07:07,503 INFO  client.GrpcClientProtocolClient (GrpcClientProtocolClient.java:onNext(255)) - client-B30EC828C355->c26939f8-4d1f-4fb1-95c4-1aa8f7e5d3f6: receive RaftClientReply:client-B30EC828C355->c26939f8-4d1f-4fb1-95c4-1aa8f7e5d3f6@group-D25BE8053FEA, cid=2680, SUCCESS, logIndex=3996, commits[c26939f8-4d1f-4fb1-95c4-1aa8f7e5d3f6:c3997, c5393538-959b-47cf-9d9c-19dac7bed4ee:c3993, a2e6e0ff-38a8-4bcf-9958-a89ff312531d:c3993]
2019-07-15 13:07:07,504 INFO  client.GrpcClientProtocolClient (GrpcClientProtocolClient.java:onNext(255)) - client-B30EC828C355->c26939f8-4d1f-4fb1-95c4-1aa8f7e5d3f6: receive RaftClientReply:client-B30EC828C355->c26939f8-4d1f-4fb1-95c4-1aa8f7e5d3f6@group-D25BE8053FEA, cid=2681, SUCCESS, logIndex=3997, commits[c26939f8-4d1f-4fb1-95c4-1aa8f7e5d3f6:c3997, c5393538-959b-47cf-9d9c-19dac7bed4ee:c3993, a2e6e0ff-38a8-4bcf-9958-a89ff312531d:c3993]
2019-07-15 13:07:07,506 INFO  client.GrpcClientProtocolClient (GrpcClientProtocolClient.java:onNext(255)) - client-B30EC828C355->c26939f8-4d1f-4fb1-95c4-1aa8f7e5d3f6: receive RaftClientReply:client-B30EC828C355->c26939f8-4d1f-4fb1-95c4-1aa8f7e5d3f6@group-D25BE8053FEA, cid=2682, SUCCESS, logIndex=0, commits[c26939f8-4d1f-4fb1-95c4-1aa8f7e5d3f6:c3999, c5393538-959b-47cf-9d9c-19dac7bed4ee:c3995, a2e6e0ff-38a8-4bcf-9958-a89ff312531d:c3995]
2019-07-15 13:07:07,532 INFO  client.GrpcClientProtocolClient (GrpcClientProtocolClient.java:onNext(255)) - client-B30EC828C355->c26939f8-4d1f-4fb1-95c4-1aa8f7e5d3f6: receive RaftClientReply:client-B30EC828C355->c26939f8-4d1f-4fb1-95c4-1aa8f7e5d3f6@group-D25BE8053FEA, cid=2683, SUCCESS, logIndex=4002, commits[c26939f8-4d1f-4fb1-95c4-1aa8f7e5d3f6:c4003, c5393538-959b-47cf-9d9c-19dac7bed4ee:c3999, a2e6e0ff-38a8-4bcf-9958-a89ff312531d:c3997]
2019-07-15 13:07:07,533 INFO  client.GrpcClientProtocolClient (GrpcClientProtocolClient.java:onNext(255)) - client-B30EC828C355->c26939f8-4d1f-4fb1-95c4-1aa8f7e5d3f6: receive RaftClientReply:client-B30EC828C355->c26939f8-4d1f-4fb1-95c4-1aa8f7e5d3f6@group-D25BE8053FEA, cid=2684, SUCCESS, logIndex=4003, commits[c26939f8-4d1f-4fb1-95c4-1aa8f7e5d3f6:c4003, c5393538-959b-47cf-9d9c-19dac7bed4ee:c3999, a2e6e0ff-38a8-4bcf-9958-a89ff312531d:c3999]
2019-07-15 13:07:07,559 INFO  client.GrpcClientProtocolClient (GrpcClientProtocolClient.java:onNext(255)) - client-B30EC828C355->c26939f8-4d1f-4fb1-95c4-1aa8f7e5d3f6: receive RaftClientReply:client-B30EC828C355->c26939f8-4d1f-4fb1-95c4-1aa8f7e5d3f6@group-D25BE8053FEA, cid=2685, SUCCESS, logIndex=4005, commits[c26939f8-4d1f-4fb1-95c4-1aa8f7e5d3f6:c4006, c5393538-959b-47cf-9d9c-19dac7bed4ee:c4003, a2e6e0ff-38a8-4bcf-9958-a89ff312531d:c4003]
2019-07-15 13:07:07,560 INFO  client.GrpcClientProtocolClient (GrpcClientProtocolClient.java:onNext(255)) - client-B30EC828C355->c26939f8-4d1f-4fb1-95c4-1aa8f7e5d3f6: receive RaftClientReply:client-B30EC828C355->c26939f8-4d1f-4fb1-95c4-1aa8f7e5d3f6@group-D25BE8053FEA, cid=2686, SUCCESS, logIndex=4006, commits[c26939f8-4d1f-4fb1-95c4-1aa8f7e5d3f6:c4006, c5393538-959b-47cf-9d9c-19dac7bed4ee:c4003, a2e6e0ff-38a8-4bcf-9958-a89ff312531d:c4003]
2019-07-15 13:07:07,586 INFO  client.GrpcClientProtocolClient (GrpcClientProtocolClient.java:onNext(255)) - client-B30EC828C355->c26939f8-4d1f-4fb1-95c4-1aa8f7e5d3f6: receive RaftClientReply:client-B30EC828C355->c26939f8-4d1f-4fb1-95c4-1aa8f7e5d3f6@group-D25BE8053FEA, cid=2687, SUCCESS, logIndex=0, commits[c26939f8-4d1f-4fb1-95c4-1aa8f7e5d3f6:c4008, c5393538-959b-47cf-9d9c-19dac7bed4ee:c4006, a2e6e0ff-38a8-4bcf-9958-a89ff312531d:c4006]
2019-07-15 13:07:07,619 INFO  client.GrpcClientProtocolClient (GrpcClientProtocolClient.java:onNext(255)) - client-B30EC828C355->c26939f8-4d1f-4fb1-95c4-1aa8f7e5d3f6: receive RaftClientReply:client-B30EC828C355->c26939f8-4d1f-4fb1-95c4-1aa8f7e5d3f6@group-D25BE8053FEA, cid=2688, SUCCESS, logIndex=4009, commits[c26939f8-4d1f-4fb1-95c4-1aa8f7e5d3f6:c4010, c5393538-959b-47cf-9d9c-19dac7bed4ee:c4008, a2e6e0ff-38a8-4bcf-9958-a89ff312531d:c4008]
2019-07-15 13:07:07,619 INFO  client.GrpcClientProtocolClient (GrpcClientProtocolClient.java:onNext(255)) - client-B30EC828C355->c26939f8-4d1f-4fb1-95c4-1aa8f7e5d3f6: receive RaftClientReply:client-B30EC828C355->c26939f8-4d1f-4fb1-95c4-1aa8f7e5d3f6@group-D25BE8053FEA, cid=2689, SUCCESS, logIndex=4010, commits[c26939f8-4d1f-4fb1-95c4-1aa8f7e5d3f6:c4010, c5393538-959b-47cf-9d9c-19dac7bed4ee:c4008, a2e6e0ff-38a8-4bcf-9958-a89ff312531d:c4008]
2019-07-15 13:07:07,629 INFO  client.GrpcClientProtocolClient (GrpcClientProtocolClient.java:onNext(255)) - client-B30EC828C355->c26939f8-4d1f-4fb1-95c4-1aa8f7e5d3f6: receive RaftClientReply:client-B30EC828C355->c26939f8-4d1f-4fb1-95c4-1aa8f7e5d3f6@group-D25BE8053FEA, cid=2690, SUCCESS, logIndex=4011, commits[c26939f8-4d1f-4fb1-95c4-1aa8f7e5d3f6:c4012, c5393538-959b-47cf-9d9c-19dac7bed4ee:c4008, a2e6e0ff-38a8-4bcf-9958-a89ff312531d:c4008]
2019-07-15 13:07:07,629 INFO  client.GrpcClientProtocolClient (GrpcClientProtocolClient.java:onNext(255)) - client-B30EC828C355->c26939f8-4d1f-4fb1-95c4-1aa8f7e5d3f6: receive RaftClientReply:client-B30EC828C355->c26939f8-4d1f-4fb1-95c4-1aa8f7e5d3f6@group-D25BE8053FEA, cid=2691, SUCCESS, logIndex=4012, commits[c26939f8-4d1f-4fb1-95c4-1aa8f7e5d3f6:c4012, c5393538-959b-47cf-9d9c-19dac7bed4ee:c4008, a2e6e0ff-38a8-4bcf-9958-a89ff312531d:c4008]
2019-07-15 13:07:07,630 INFO  client.GrpcClientProtocolClient (GrpcClientProtocolClient.java:onNext(255)) - client-B30EC828C355->c26939f8-4d1f-4fb1-95c4-1aa8f7e5d3f6: receive RaftClientReply:client-B30EC828C355->c26939f8-4d1f-4fb1-95c4-1aa8f7e5d3f6@group-D25BE8053FEA, cid=2692, SUCCESS, logIndex=0, commits[c26939f8-4d1f-4fb1-95c4-1aa8f7e5d3f6:c4014, c5393538-959b-47cf-9d9c-19dac7bed4ee:c4010, a2e6e0ff-38a8-4bcf-9958-a89ff312531d:c4010]
2019-07-15 13:07:07,654 INFO  client.GrpcClientProtocolClient (GrpcClientProtocolClient.java:onNext(255)) - client-B30EC828C355->c26939f8-4d1f-4fb1-95c4-1aa8f7e5d3f6: receive RaftClientReply:client-B30EC828C355->c26939f8-4d1f-4fb1-95c4-1aa8f7e5d3f6@group-D25BE8053FEA, cid=2693, SUCCESS, logIndex=4017, commits[c26939f8-4d1f-4fb1-95c4-1aa8f7e5d3f6:c4018, c5393538-959b-47cf-9d9c-19dac7bed4ee:c4016, a2e6e0ff-38a8-4bcf-9958-a89ff312531d:c4016]
2019-07-15 13:07:07,654 INFO  client.GrpcClientProtocolClient (GrpcClientProtocolClient.java:onNext(255)) - client-B30EC828C355->c26939f8-4d1f-4fb1-95c4-1aa8f7e5d3f6: receive RaftClientReply:client-B30EC828C355->c26939f8-4d1f-4fb1-95c4-1aa8f7e5d3f6@group-D25BE8053FEA, cid=2694, SUCCESS, logIndex=4018, commits[c26939f8-4d1f-4fb1-95c4-1aa8f7e5d3f6:c4018, c5393538-959b-47cf-9d9c-19dac7bed4ee:c4016, a2e6e0ff-38a8-4bcf-9958-a89ff312531d:c4016]
2019-07-15 13:07:07,670 INFO  client.GrpcClientProtocolClient (GrpcClientProtocolClient.java:onNext(255)) - client-B30EC828C355->c26939f8-4d1f-4fb1-95c4-1aa8f7e5d3f6: receive RaftClientReply:client-B30EC828C355->c26939f8-4d1f-4fb1-95c4-1aa8f7e5d3f6@group-D25BE8053FEA, cid=2695, SUCCESS, logIndex=4021, commits[c26939f8-4d1f-4fb1-95c4-1aa8f7e5d3f6:c4022, c5393538-959b-47cf-9d9c-19dac7bed4ee:c4018, a2e6e0ff-38a8-4bcf-9958-a89ff312531d:c4018]
2019-07-15 13:07:07,670 INFO  client.GrpcClientProtocolClient (GrpcClientProtocolClient.java:onNext(255)) - client-B30EC828C355->c26939f8-4d1f-4fb1-95c4-1aa8f7e5d3f6: receive RaftClientReply:client-B30EC828C355->c26939f8-4d1f-4fb1-95c4-1aa8f7e5d3f6@group-D25BE8053FEA, cid=2696, SUCCESS, logIndex=4022, commits[c26939f8-4d1f-4fb1-95c4-1aa8f7e5d3f6:c4022, c5393538-959b-47cf-9d9c-19dac7bed4ee:c4018, a2e6e0ff-38a8-4bcf-9958-a89ff312531d:c4018]
2019-07-15 13:07:07,684 INFO  client.GrpcClientProtocolClient (GrpcClientProtocolClient.java:onNext(255)) - client-B30EC828C355->c26939f8-4d1f-4fb1-95c4-1aa8f7e5d3f6: receive RaftClientReply:client-B30EC828C355->c26939f8-4d1f-4fb1-95c4-1aa8f7e5d3f6@group-D25BE8053FEA, cid=2697, SUCCESS, logIndex=0, commits[c26939f8-4d1f-4fb1-95c4-1aa8f7e5d3f6:c4024, c5393538-959b-47cf-9d9c-19dac7bed4ee:c4022, a2e6e0ff-38a8-4bcf-9958-a89ff312531d:c4022]
2019-07-15 13:07:07,715 INFO  client.GrpcClientProtocolClient (GrpcClientProtocolClient.java:onNext(255)) - client-B30EC828C355->c26939f8-4d1f-4fb1-95c4-1aa8f7e5d3f6: receive RaftClientReply:client-B30EC828C355->c26939f8-4d1f-4fb1-95c4-1aa8f7e5d3f6@group-D25BE8053FEA, cid=2698, SUCCESS, logIndex=4025, commits[c26939f8-4d1f-4fb1-95c4-1aa8f7e5d3f6:c4026, c5393538-959b-47cf-9d9c-19dac7bed4ee:c4024, a2e6e0ff-38a8-4bcf-9958-a89ff312531d:c4024]
2019-07-15 13:07:07,716 INFO  client.GrpcClientProtocolClient (GrpcClientProtocolClient.java:onNext(255)) - client-B30EC828C355->c26939f8-4d1f-4fb1-95c4-1aa8f7e5d3f6: receive RaftClientReply:client-B30EC828C355->c26939f8-4d1f-4fb1-95c4-1aa8f7e5d3f6@group-D25BE8053FEA, cid=2699, SUCCESS, logIndex=4026, commits[c26939f8-4d1f-4fb1-95c4-1aa8f7e5d3f6:c4026, c5393538-959b-47cf-9d9c-19dac7bed4ee:c4024, a2e6e0ff-38a8-4bcf-9958-a89ff312531d:c4024]
2019-07-15 13:07:07,716 INFO  client.GrpcClientProtocolClient (GrpcClientProtocolClient.java:onNext(255)) - client-B30EC828C355->c26939f8-4d1f-4fb1-95c4-1aa8f7e5d3f6: receive RaftClientReply:client-B30EC828C355->c26939f8-4d1f-4fb1-95c4-1aa8f7e5d3f6@group-D25BE8053FEA, cid=2700, SUCCESS, logIndex=4027, commits[c26939f8-4d1f-4fb1-95c4-1aa8f7e5d3f6:c4027, c5393538-959b-47cf-9d9c-19dac7bed4ee:c4024, a2e6e0ff-38a8-4bcf-9958-a89ff312531d:c4024]
2019-07-15 13:07:07,717 INFO  client.GrpcClientProtocolClient (GrpcClientProtocolClient.java:onNext(255)) - client-B30EC828C355->c26939f8-4d1f-4fb1-95c4-1aa8f7e5d3f6: receive RaftClientReply:client-B30EC828C355->c26939f8-4d1f-4fb1-95c4-1aa8f7e5d3f6@group-D25BE8053FEA, cid=2701, SUCCESS, logIndex=4028, commits[c26939f8-4d1f-4fb1-95c4-1aa8f7e5d3f6:c4028, c5393538-959b-47cf-9d9c-19dac7bed4ee:c4024, a2e6e0ff-38a8-4bcf-9958-a89ff312531d:c4024]
2019-07-15 13:07:07,718 INFO  client.GrpcClientProtocolClient (GrpcClientProtocolClient.java:onNext(255)) - client-B30EC828C355->c26939f8-4d1f-4fb1-95c4-1aa8f7e5d3f6: receive RaftClientReply:client-B30EC828C355->c26939f8-4d1f-4fb1-95c4-1aa8f7e5d3f6@group-D25BE8053FEA, cid=2702, SUCCESS, logIndex=0, commits[c26939f8-4d1f-4fb1-95c4-1aa8f7e5d3f6:c4030, c5393538-959b-47cf-9d9c-19dac7bed4ee:c4026, a2e6e0ff-38a8-4bcf-9958-a89ff312531d:c4026]
2019-07-15 13:07:07,750 INFO  client.GrpcClientProtocolClient (GrpcClientProtocolClient.java:onNext(255)) - client-B30EC828C355->c26939f8-4d1f-4fb1-95c4-1aa8f7e5d3f6: receive RaftClientReply:client-B30EC828C355->c26939f8-4d1f-4fb1-95c4-1aa8f7e5d3f6@group-D25BE8053FEA, cid=2703, SUCCESS, logIndex=4033, commits[c26939f8-4d1f-4fb1-95c4-1aa8f7e5d3f6:c4033, c5393538-959b-47cf-9d9c-19dac7bed4ee:c4032, a2e6e0ff-38a8-4bcf-9958-a89ff312531d:c4032]
2019-07-15 13:07:07,750 INFO  client.GrpcClientProtocolClient (GrpcClientProtocolClient.java:onNext(255)) - client-B30EC828C355->c26939f8-4d1f-4fb1-95c4-1aa8f7e5d3f6: receive RaftClientReply:client-B30EC828C355->c26939f8-4d1f-4fb1-95c4-1aa8f7e5d3f6@group-D25BE8053FEA, cid=2704, SUCCESS, logIndex=4034, commits[c26939f8-4d1f-4fb1-95c4-1aa8f7e5d3f6:c4034, c5393538-959b-47cf-9d9c-19dac7bed4ee:c4032, a2e6e0ff-38a8-4bcf-9958-a89ff312531d:c4032]
2019-07-15 13:07:07,765 INFO  client.GrpcClientProtocolClient (GrpcClientProtocolClient.java:onNext(255)) - client-B30EC828C355->c26939f8-4d1f-4fb1-95c4-1aa8f7e5d3f6: receive RaftClientReply:client-B30EC828C355->c26939f8-4d1f-4fb1-95c4-1aa8f7e5d3f6@group-D25BE8053FEA, cid=2705, SUCCESS, logIndex=4037, commits[c26939f8-4d1f-4fb1-95c4-1aa8f7e5d3f6:c4038, c5393538-959b-47cf-9d9c-19dac7bed4ee:c4034, a2e6e0ff-38a8-4bcf-9958-a89ff312531d:c4034]
2019-07-15 13:07:07,766 INFO  client.GrpcClientProtocolClient (GrpcClientProtocolClient.java:onNext(255)) - client-B30EC828C355->c26939f8-4d1f-4fb1-95c4-1aa8f7e5d3f6: receive RaftClientReply:client-B30EC828C355->c26939f8-4d1f-4fb1-95c4-1aa8f7e5d3f6@group-D25BE8053FEA, cid=2706, SUCCESS, logIndex=4038, commits[c26939f8-4d1f-4fb1-95c4-1aa8f7e5d3f6:c4038, c5393538-959b-47cf-9d9c-19dac7bed4ee:c4034, a2e6e0ff-38a8-4bcf-9958-a89ff312531d:c4034]
2019-07-15 13:07:07,792 INFO  client.GrpcClientProtocolClient (GrpcClientProtocolClient.java:onNext(255)) - client-B30EC828C355->c26939f8-4d1f-4fb1-95c4-1aa8f7e5d3f6: receive RaftClientReply:client-B30EC828C355->c26939f8-4d1f-4fb1-95c4-1aa8f7e5d3f6@group-D25BE8053FEA, cid=2707, SUCCESS, logIndex=0, commits[c26939f8-4d1f-4fb1-95c4-1aa8f7e5d3f6:c4040, c5393538-959b-47cf-9d9c-19dac7bed4ee:c4038, a2e6e0ff-38a8-4bcf-9958-a89ff312531d:c4038]
2019-07-15 13:07:07,827 INFO  client.GrpcClientProtocolClient (GrpcClientProtocolClient.java:onNext(255)) - client-B30EC828C355->c26939f8-4d1f-4fb1-95c4-1aa8f7e5d3f6: receive RaftClientReply:client-B30EC828C355->c26939f8-4d1f-4fb1-95c4-1aa8f7e5d3f6@group-D25BE8053FEA, cid=2708, SUCCESS, logIndex=4041, commits[c26939f8-4d1f-4fb1-95c4-1aa8f7e5d3f6:c4042, c5393538-959b-47cf-9d9c-19dac7bed4ee:c4040, a2e6e0ff-38a8-4bcf-9958-a89ff312531d:c4040]
2019-07-15 13:07:07,828 INFO  client.GrpcClientProtocolClient (GrpcClientProtocolClient.java:onNext(255)) - client-B30EC828C355->c26939f8-4d1f-4fb1-95c4-1aa8f7e5d3f6: receive RaftClientReply:client-B30EC828C355->c26939f8-4d1f-4fb1-95c4-1aa8f7e5d3f6@group-D25BE8053FEA, cid=2709, SUCCESS, logIndex=4042, commits[c26939f8-4d1f-4fb1-95c4-1aa8f7e5d3f6:c4042, c5393538-959b-47cf-9d9c-19dac7bed4ee:c4040, a2e6e0ff-38a8-4bcf-9958-a89ff312531d:c4040]
2019-07-15 13:07:07,834 INFO  client.GrpcClientProtocolClient (GrpcClientProtocolClient.java:onNext(255)) - client-B30EC828C355->c26939f8-4d1f-4fb1-95c4-1aa8f7e5d3f6: receive RaftClientReply:client-B30EC828C355->c26939f8-4d1f-4fb1-95c4-1aa8f7e5d3f6@group-D25BE8053FEA, cid=2710, SUCCESS, logIndex=4043, commits[c26939f8-4d1f-4fb1-95c4-1aa8f7e5d3f6:c4044, c5393538-959b-47cf-9d9c-19dac7bed4ee:c4040, a2e6e0ff-38a8-4bcf-9958-a89ff312531d:c4040]
2019-07-15 13:07:07,835 INFO  client.GrpcClientProtocolClient (GrpcClientProtocolClient.java:onNext(255)) - client-B30EC828C355->c26939f8-4d1f-4fb1-95c4-1aa8f7e5d3f6: receive RaftClientReply:client-B30EC828C355->c26939f8-4d1f-4fb1-95c4-1aa8f7e5d3f6@group-D25BE8053FEA, cid=2711, SUCCESS, logIndex=4044, commits[c26939f8-4d1f-4fb1-95c4-1aa8f7e5d3f6:c4044, c5393538-959b-47cf-9d9c-19dac7bed4ee:c4040, a2e6e0ff-38a8-4bcf-9958-a89ff312531d:c4040]
2019-07-15 13:07:07,850 INFO  client.GrpcClientProtocolClient (GrpcClientProtocolClient.java:onNext(255)) - client-B30EC828C355->c26939f8-4d1f-4fb1-95c4-1aa8f7e5d3f6: receive RaftClientReply:client-B30EC828C355->c26939f8-4d1f-4fb1-95c4-1aa8f7e5d3f6@group-D25BE8053FEA, cid=2712, SUCCESS, logIndex=0, commits[c26939f8-4d1f-4fb1-95c4-1aa8f7e5d3f6:c4045, c5393538-959b-47cf-9d9c-19dac7bed4ee:c4042, a2e6e0ff-38a8-4bcf-9958-a89ff312531d:c4042]
2019-07-15 13:07:07,882 INFO  client.GrpcClientProtocolClient (GrpcClientProtocolClient.java:onNext(255)) - client-B30EC828C355->c26939f8-4d1f-4fb1-95c4-1aa8f7e5d3f6: receive RaftClientReply:client-B30EC828C355->c26939f8-4d1f-4fb1-95c4-1aa8f7e5d3f6@group-D25BE8053FEA, cid=2713, SUCCESS, logIndex=4048, commits[c26939f8-4d1f-4fb1-95c4-1aa8f7e5d3f6:c4049, c5393538-959b-47cf-9d9c-19dac7bed4ee:c4046, a2e6e0ff-38a8-4bcf-9958-a89ff312531d:c4046]
2019-07-15 13:07:07,883 INFO  client.GrpcClientProtocolClient (GrpcClientProtocolClient.java:onNext(255)) - client-B30EC828C355->c26939f8-4d1f-4fb1-95c4-1aa8f7e5d3f6: receive RaftClientReply:client-B30EC828C355->c26939f8-4d1f-4fb1-95c4-1aa8f7e5d3f6@group-D25BE8053FEA, cid=2714, SUCCESS, logIndex=4049, commits[c26939f8-4d1f-4fb1-95c4-1aa8f7e5d3f6:c4049, c5393538-959b-47cf-9d9c-19dac7bed4ee:c4046, a2e6e0ff-38a8-4bcf-9958-a89ff312531d:c4046]
2019-07-15 13:07:07,897 INFO  client.GrpcClientProtocolClient (GrpcClientProtocolClient.java:onNext(255)) - client-B30EC828C355->c26939f8-4d1f-4fb1-95c4-1aa8f7e5d3f6: receive RaftClientReply:client-B30EC828C355->c26939f8-4d1f-4fb1-95c4-1aa8f7e5d3f6@group-D25BE8053FEA, cid=2715, SUCCESS, logIndex=4052, commits[c26939f8-4d1f-4fb1-95c4-1aa8f7e5d3f6:c4053, c5393538-959b-47cf-9d9c-19dac7bed4ee:c4047, a2e6e0ff-38a8-4bcf-9958-a89ff312531d:c4051]
2019-07-15 13:07:07,898 INFO  client.GrpcClientProtocolClient (GrpcClientProtocolClient.java:onNext(255)) - client-B30EC828C355->c26939f8-4d1f-4fb1-95c4-1aa8f7e5d3f6: receive RaftClientReply:client-B30EC828C355->c26939f8-4d1f-4fb1-95c4-1aa8f7e5d3f6@group-D25BE8053FEA, cid=2716, SUCCESS, logIndex=4053, commits[c26939f8-4d1f-4fb1-95c4-1aa8f7e5d3f6:c4053, c5393538-959b-47cf-9d9c-19dac7bed4ee:c4051, a2e6e0ff-38a8-4bcf-9958-a89ff312531d:c4051]
2019-07-15 13:07:07,901 INFO  client.GrpcClientProtocolClient (GrpcClientProtocolClient.java:onNext(255)) - client-B30EC828C355->c26939f8-4d1f-4fb1-95c4-1aa8f7e5d3f6: receive RaftClientReply:client-B30EC828C355->c26939f8-4d1f-4fb1-95c4-1aa8f7e5d3f6@group-D25BE8053FEA, cid=2717, SUCCESS, logIndex=0, commits[c26939f8-4d1f-4fb1-95c4-1aa8f7e5d3f6:c4053, c5393538-959b-47cf-9d9c-19dac7bed4ee:c4053, a2e6e0ff-38a8-4bcf-9958-a89ff312531d:c4053]
2019-07-15 13:07:07,932 INFO  client.GrpcClientProtocolClient (GrpcClientProtocolClient.java:onNext(255)) - client-B30EC828C355->c26939f8-4d1f-4fb1-95c4-1aa8f7e5d3f6: receive RaftClientReply:client-B30EC828C355->c26939f8-4d1f-4fb1-95c4-1aa8f7e5d3f6@group-D25BE8053FEA, cid=2718, SUCCESS, logIndex=4056, commits[c26939f8-4d1f-4fb1-95c4-1aa8f7e5d3f6:c4057, c5393538-959b-47cf-9d9c-19dac7bed4ee:c4055, a2e6e0ff-38a8-4bcf-9958-a89ff312531d:c4055]
2019-07-15 13:07:07,933 INFO  client.GrpcClientProtocolClient (GrpcClientProtocolClient.java:onNext(255)) - client-B30EC828C355->c26939f8-4d1f-4fb1-95c4-1aa8f7e5d3f6: receive RaftClientReply:client-B30EC828C355->c26939f8-4d1f-4fb1-95c4-1aa8f7e5d3f6@group-D25BE8053FEA, cid=2719, SUCCESS, logIndex=4057, commits[c26939f8-4d1f-4fb1-95c4-1aa8f7e5d3f6:c4059, c5393538-959b-47cf-9d9c-19dac7bed4ee:c4055, a2e6e0ff-38a8-4bcf-9958-a89ff312531d:c4055]
2019-07-15 13:07:07,933 INFO  client.GrpcClientProtocolClient (GrpcClientProtocolClient.java:onNext(255)) - client-B30EC828C355->c26939f8-4d1f-4fb1-95c4-1aa8f7e5d3f6: receive RaftClientReply:client-B30EC828C355->c26939f8-4d1f-4fb1-95c4-1aa8f7e5d3f6@group-D25BE8053FEA, cid=2720, SUCCESS, logIndex=4058, commits[c26939f8-4d1f-4fb1-95c4-1aa8f7e5d3f6:c4059, c5393538-959b-47cf-9d9c-19dac7bed4ee:c4055, a2e6e0ff-38a8-4bcf-9958-a89ff312531d:c4055]
2019-07-15 13:07:07,933 INFO  client.GrpcClientProtocolClient (GrpcClientProtocolClient.java:onNext(255)) - client-B30EC828C355->c26939f8-4d1f-4fb1-95c4-1aa8f7e5d3f6: receive RaftClientReply:client-B30EC828C355->c26939f8-4d1f-4fb1-95c4-1aa8f7e5d3f6@group-D25BE8053FEA, cid=2721, SUCCESS, logIndex=4059, commits[c26939f8-4d1f-4fb1-95c4-1aa8f7e5d3f6:c4059, c5393538-959b-47cf-9d9c-19dac7bed4ee:c4055, a2e6e0ff-38a8-4bcf-9958-a89ff312531d:c4055]
2019-07-15 13:07:07,944 INFO  client.GrpcClientProtocolClient (GrpcClientProtocolClient.java:onNext(255)) - client-B30EC828C355->c26939f8-4d1f-4fb1-95c4-1aa8f7e5d3f6: receive RaftClientReply:client-B30EC828C355->c26939f8-4d1f-4fb1-95c4-1aa8f7e5d3f6@group-D25BE8053FEA, cid=2722, SUCCESS, logIndex=0, commits[c26939f8-4d1f-4fb1-95c4-1aa8f7e5d3f6:c4060, c5393538-959b-47cf-9d9c-19dac7bed4ee:c4057, a2e6e0ff-38a8-4bcf-9958-a89ff312531d:c4057]
2019-07-15 13:07:07,958 INFO  client.GrpcClientProtocolClient (GrpcClientProtocolClient.java:onNext(255)) - client-B30EC828C355->c26939f8-4d1f-4fb1-95c4-1aa8f7e5d3f6: receive RaftClientReply:client-B30EC828C355->c26939f8-4d1f-4fb1-95c4-1aa8f7e5d3f6@group-D25BE8053FEA, cid=2723, SUCCESS, logIndex=4063, commits[c26939f8-4d1f-4fb1-95c4-1aa8f7e5d3f6:c4064, c5393538-959b-47cf-9d9c-19dac7bed4ee:c4060, a2e6e0ff-38a8-4bcf-9958-a89ff312531d:c4060]
2019-07-15 13:07:07,959 INFO  client.GrpcClientProtocolClient (GrpcClientProtocolClient.java:onNext(255)) - client-B30EC828C355->c26939f8-4d1f-4fb1-95c4-1aa8f7e5d3f6: receive RaftClientReply:client-B30EC828C355->c26939f8-4d1f-4fb1-95c4-1aa8f7e5d3f6@group-D25BE8053FEA, cid=2724, SUCCESS, logIndex=4064, commits[c26939f8-4d1f-4fb1-95c4-1aa8f7e5d3f6:c4064, c5393538-959b-47cf-9d9c-19dac7bed4ee:c4060, a2e6e0ff-38a8-4bcf-9958-a89ff312531d:c4060]
2019-07-15 13:07:07,973 INFO  client.GrpcClientProtocolClient (GrpcClientProtocolClient.java:onNext(255)) - client-B30EC828C355->c26939f8-4d1f-4fb1-95c4-1aa8f7e5d3f6: receive RaftClientReply:client-B30EC828C355->c26939f8-4d1f-4fb1-95c4-1aa8f7e5d3f6@group-D25BE8053FEA, cid=2725, SUCCESS, logIndex=4067, commits[c26939f8-4d1f-4fb1-95c4-1aa8f7e5d3f6:c4068, c5393538-959b-47cf-9d9c-19dac7bed4ee:c4064, a2e6e0ff-38a8-4bcf-9958-a89ff312531d:c4064]
2019-07-15 13:07:07,974 INFO  client.GrpcClientProtocolClient (GrpcClientProtocolClient.java:onNext(255)) - client-B30EC828C355->c26939f8-4d1f-4fb1-95c4-1aa8f7e5d3f6: receive RaftClientReply:client-B30EC828C355->c26939f8-4d1f-4fb1-95c4-1aa8f7e5d3f6@group-D25BE8053FEA, cid=2726, SUCCESS, logIndex=4068, commits[c26939f8-4d1f-4fb1-95c4-1aa8f7e5d3f6:c4068, c5393538-959b-47cf-9d9c-19dac7bed4ee:c4064, a2e6e0ff-38a8-4bcf-9958-a89ff312531d:c4064]
2019-07-15 13:07:07,988 INFO  client.GrpcClientProtocolClient (GrpcClientProtocolClient.java:onNext(255)) - client-B30EC828C355->c26939f8-4d1f-4fb1-95c4-1aa8f7e5d3f6: receive RaftClientReply:client-B30EC828C355->c26939f8-4d1f-4fb1-95c4-1aa8f7e5d3f6@group-D25BE8053FEA, cid=2727, SUCCESS, logIndex=0, commits[c26939f8-4d1f-4fb1-95c4-1aa8f7e5d3f6:c4070, c5393538-959b-47cf-9d9c-19dac7bed4ee:c4068, a2e6e0ff-38a8-4bcf-9958-a89ff312531d:c4068]
2019-07-15 13:07:08,016 INFO  client.GrpcClientProtocolClient (GrpcClientProtocolClient.java:onNext(255)) - client-B30EC828C355->c26939f8-4d1f-4fb1-95c4-1aa8f7e5d3f6: receive RaftClientReply:client-B30EC828C355->c26939f8-4d1f-4fb1-95c4-1aa8f7e5d3f6@group-D25BE8053FEA, cid=2728, SUCCESS, logIndex=4071, commits[c26939f8-4d1f-4fb1-95c4-1aa8f7e5d3f6:c4074, c5393538-959b-47cf-9d9c-19dac7bed4ee:c4070, a2e6e0ff-38a8-4bcf-9958-a89ff312531d:c4070]
2019-07-15 13:07:08,016 INFO  client.GrpcClientProtocolClient (GrpcClientProtocolClient.java:onNext(255)) - client-B30EC828C355->c26939f8-4d1f-4fb1-95c4-1aa8f7e5d3f6: receive RaftClientReply:client-B30EC828C355->c26939f8-4d1f-4fb1-95c4-1aa8f7e5d3f6@group-D25BE8053FEA, cid=2729, SUCCESS, logIndex=4072, commits[c26939f8-4d1f-4fb1-95c4-1aa8f7e5d3f6:c4074, c5393538-959b-47cf-9d9c-19dac7bed4ee:c4070, a2e6e0ff-38a8-4bcf-9958-a89ff312531d:c4070]
2019-07-15 13:07:08,017 INFO  client.GrpcClientProtocolClient (GrpcClientProtocolClient.java:onNext(255)) - client-B30EC828C355->c26939f8-4d1f-4fb1-95c4-1aa8f7e5d3f6: receive RaftClientReply:client-B30EC828C355->c26939f8-4d1f-4fb1-95c4-1aa8f7e5d3f6@group-D25BE8053FEA, cid=2730, SUCCESS, logIndex=4073, commits[c26939f8-4d1f-4fb1-95c4-1aa8f7e5d3f6:c4074, c5393538-959b-47cf-9d9c-19dac7bed4ee:c4070, a2e6e0ff-38a8-4bcf-9958-a89ff312531d:c4070]
2019-07-15 13:07:08,017 INFO  client.GrpcClientProtocolClient (GrpcClientProtocolClient.java:onNext(255)) - client-B30EC828C355->c26939f8-4d1f-4fb1-95c4-1aa8f7e5d3f6: receive RaftClientReply:client-B30EC828C355->c26939f8-4d1f-4fb1-95c4-1aa8f7e5d3f6@group-D25BE8053FEA, cid=2731, SUCCESS, logIndex=4074, commits[c26939f8-4d1f-4fb1-95c4-1aa8f7e5d3f6:c4074, c5393538-959b-47cf-9d9c-19dac7bed4ee:c4070, a2e6e0ff-38a8-4bcf-9958-a89ff312531d:c4070]
2019-07-15 13:07:08,030 INFO  client.GrpcClientProtocolClient (GrpcClientProtocolClient.java:onNext(255)) - client-B30EC828C355->c26939f8-4d1f-4fb1-95c4-1aa8f7e5d3f6: receive RaftClientReply:client-B30EC828C355->c26939f8-4d1f-4fb1-95c4-1aa8f7e5d3f6@group-D25BE8053FEA, cid=2732, SUCCESS, logIndex=0, commits[c26939f8-4d1f-4fb1-95c4-1aa8f7e5d3f6:c4076, c5393538-959b-47cf-9d9c-19dac7bed4ee:c4072, a2e6e0ff-38a8-4bcf-9958-a89ff312531d:c4072]
 0.00% |█                                                                                                    |  0/1 Time: 0:00:222019-07-15 13:07:08,155 INFO  client.GrpcClientProtocolClient (GrpcClientProtocolClient.java:onNext(255)) - client-B30EC828C355->c26939f8-4d1f-4fb1-95c4-1aa8f7e5d3f6: receive RaftClientReply:client-B30EC828C355->c26939f8-4d1f-4fb1-95c4-1aa8f7e5d3f6@group-D25BE8053FEA, cid=2733, SUCCESS, logIndex=4079, commits[c26939f8-4d1f-4fb1-95c4-1aa8f7e5d3f6:c4080, c5393538-959b-47cf-9d9c-19dac7bed4ee:c4078, a2e6e0ff-38a8-4bcf-9958-a89ff312531d:c4078]
2019-07-15 13:07:08,156 INFO  client.GrpcClientProtocolClient (GrpcClientProtocolClient.java:onNext(255)) - client-B30EC828C355->c26939f8-4d1f-4fb1-95c4-1aa8f7e5d3f6: receive RaftClientReply:client-B30EC828C355->c26939f8-4d1f-4fb1-95c4-1aa8f7e5d3f6@group-D25BE8053FEA, cid=2734, SUCCESS, logIndex=4080, commits[c26939f8-4d1f-4fb1-95c4-1aa8f7e5d3f6:c4080, c5393538-959b-47cf-9d9c-19dac7bed4ee:c4078, a2e6e0ff-38a8-4bcf-9958-a89ff312531d:c4078]
2019-07-15 13:07:08,174 INFO  client.GrpcClientProtocolClient (GrpcClientProtocolClient.java:onNext(255)) - client-B30EC828C355->c26939f8-4d1f-4fb1-95c4-1aa8f7e5d3f6: receive RaftClientReply:client-B30EC828C355->c26939f8-4d1f-4fb1-95c4-1aa8f7e5d3f6@group-D25BE8053FEA, cid=2735, SUCCESS, logIndex=4083, commits[c26939f8-4d1f-4fb1-95c4-1aa8f7e5d3f6:c4084, c5393538-959b-47cf-9d9c-19dac7bed4ee:c4080, a2e6e0ff-38a8-4bcf-9958-a89ff312531d:c4080]
2019-07-15 13:07:08,174 INFO  client.GrpcClientProtocolClient (GrpcClientProtocolClient.java:onNext(255)) - client-B30EC828C355->c26939f8-4d1f-4fb1-95c4-1aa8f7e5d3f6: receive RaftClientReply:client-B30EC828C355->c26939f8-4d1f-4fb1-95c4-1aa8f7e5d3f6@group-D25BE8053FEA, cid=2736, SUCCESS, logIndex=4084, commits[c26939f8-4d1f-4fb1-95c4-1aa8f7e5d3f6:c4084, c5393538-959b-47cf-9d9c-19dac7bed4ee:c4080, a2e6e0ff-38a8-4bcf-9958-a89ff312531d:c4080]
2019-07-15 13:07:08,184 INFO  client.GrpcClientProtocolClient (GrpcClientProtocolClient.java:onNext(255)) - client-B30EC828C355->c26939f8-4d1f-4fb1-95c4-1aa8f7e5d3f6: receive RaftClientReply:client-B30EC828C355->c26939f8-4d1f-4fb1-95c4-1aa8f7e5d3f6@group-D25BE8053FEA, cid=2737, SUCCESS, logIndex=0, commits[c26939f8-4d1f-4fb1-95c4-1aa8f7e5d3f6:c4086, c5393538-959b-47cf-9d9c-19dac7bed4ee:c4084, a2e6e0ff-38a8-4bcf-9958-a89ff312531d:c4084]
2019-07-15 13:07:08,215 INFO  client.GrpcClientProtocolClient (GrpcClientProtocolClient.java:onNext(255)) - client-B30EC828C355->c26939f8-4d1f-4fb1-95c4-1aa8f7e5d3f6: receive RaftClientReply:client-B30EC828C355->c26939f8-4d1f-4fb1-95c4-1aa8f7e5d3f6@group-D25BE8053FEA, cid=2738, SUCCESS, logIndex=4087, commits[c26939f8-4d1f-4fb1-95c4-1aa8f7e5d3f6:c4088, c5393538-959b-47cf-9d9c-19dac7bed4ee:c4086, a2e6e0ff-38a8-4bcf-9958-a89ff312531d:c4086]
2019-07-15 13:07:08,216 INFO  client.GrpcClientProtocolClient (GrpcClientProtocolClient.java:onNext(255)) - client-B30EC828C355->c26939f8-4d1f-4fb1-95c4-1aa8f7e5d3f6: receive RaftClientReply:client-B30EC828C355->c26939f8-4d1f-4fb1-95c4-1aa8f7e5d3f6@group-D25BE8053FEA, cid=2739, SUCCESS, logIndex=4088, commits[c26939f8-4d1f-4fb1-95c4-1aa8f7e5d3f6:c4088, c5393538-959b-47cf-9d9c-19dac7bed4ee:c4086, a2e6e0ff-38a8-4bcf-9958-a89ff312531d:c4086]
2019-07-15 13:07:08,226 INFO  client.GrpcClientProtocolClient (GrpcClientProtocolClient.java:onNext(255)) - client-B30EC828C355->c26939f8-4d1f-4fb1-95c4-1aa8f7e5d3f6: receive RaftClientReply:client-B30EC828C355->c26939f8-4d1f-4fb1-95c4-1aa8f7e5d3f6@group-D25BE8053FEA, cid=2740, SUCCESS, logIndex=4089, commits[c26939f8-4d1f-4fb1-95c4-1aa8f7e5d3f6:c4090, c5393538-959b-47cf-9d9c-19dac7bed4ee:c4086, a2e6e0ff-38a8-4bcf-9958-a89ff312531d:c4086]
2019-07-15 13:07:08,227 INFO  client.GrpcClientProtocolClient (GrpcClientProtocolClient.java:onNext(255)) - client-B30EC828C355->c26939f8-4d1f-4fb1-95c4-1aa8f7e5d3f6: receive RaftClientReply:client-B30EC828C355->c26939f8-4d1f-4fb1-95c4-1aa8f7e5d3f6@group-D25BE8053FEA, cid=2741, SUCCESS, logIndex=4090, commits[c26939f8-4d1f-4fb1-95c4-1aa8f7e5d3f6:c4090, c5393538-959b-47cf-9d9c-19dac7bed4ee:c4086, a2e6e0ff-38a8-4bcf-9958-a89ff312531d:c4086]
2019-07-15 13:07:08,229 INFO  client.GrpcClientProtocolClient (GrpcClientProtocolClient.java:onNext(255)) - client-B30EC828C355->c26939f8-4d1f-4fb1-95c4-1aa8f7e5d3f6: receive RaftClientReply:client-B30EC828C355->c26939f8-4d1f-4fb1-95c4-1aa8f7e5d3f6@group-D25BE8053FEA, cid=2742, SUCCESS, logIndex=0, commits[c26939f8-4d1f-4fb1-95c4-1aa8f7e5d3f6:c4092, c5393538-959b-47cf-9d9c-19dac7bed4ee:c4088, a2e6e0ff-38a8-4bcf-9958-a89ff312531d:c4088]
2019-07-15 13:07:08,241 INFO  client.GrpcClientProtocolClient (GrpcClientProtocolClient.java:onNext(255)) - client-B30EC828C355->c26939f8-4d1f-4fb1-95c4-1aa8f7e5d3f6: receive RaftClientReply:client-B30EC828C355->c26939f8-4d1f-4fb1-95c4-1aa8f7e5d3f6@group-D25BE8053FEA, cid=2743, SUCCESS, logIndex=4095, commits[c26939f8-4d1f-4fb1-95c4-1aa8f7e5d3f6:c4096, c5393538-959b-47cf-9d9c-19dac7bed4ee:c4092, a2e6e0ff-38a8-4bcf-9958-a89ff312531d:c4090]
2019-07-15 13:07:08,241 INFO  client.GrpcClientProtocolClient (GrpcClientProtocolClient.java:onNext(255)) - client-B30EC828C355->c26939f8-4d1f-4fb1-95c4-1aa8f7e5d3f6: receive RaftClientReply:client-B30EC828C355->c26939f8-4d1f-4fb1-95c4-1aa8f7e5d3f6@group-D25BE8053FEA, cid=2744, SUCCESS, logIndex=4096, commits[c26939f8-4d1f-4fb1-95c4-1aa8f7e5d3f6:c4096, c5393538-959b-47cf-9d9c-19dac7bed4ee:c4092, a2e6e0ff-38a8-4bcf-9958-a89ff312531d:c4090]
2019-07-15 13:07:08,257 INFO  client.GrpcClientProtocolClient (GrpcClientProtocolClient.java:onNext(255)) - client-B30EC828C355->c26939f8-4d1f-4fb1-95c4-1aa8f7e5d3f6: receive RaftClientReply:client-B30EC828C355->c26939f8-4d1f-4fb1-95c4-1aa8f7e5d3f6@group-D25BE8053FEA, cid=2745, SUCCESS, logIndex=4099, commits[c26939f8-4d1f-4fb1-95c4-1aa8f7e5d3f6:c4100, c5393538-959b-47cf-9d9c-19dac7bed4ee:c4096, a2e6e0ff-38a8-4bcf-9958-a89ff312531d:c4096]
2019-07-15 13:07:08,258 INFO  client.GrpcClientProtocolClient (GrpcClientProtocolClient.java:onNext(255)) - client-B30EC828C355->c26939f8-4d1f-4fb1-95c4-1aa8f7e5d3f6: receive RaftClientReply:client-B30EC828C355->c26939f8-4d1f-4fb1-95c4-1aa8f7e5d3f6@group-D25BE8053FEA, cid=2746, SUCCESS, logIndex=4100, commits[c26939f8-4d1f-4fb1-95c4-1aa8f7e5d3f6:c4100, c5393538-959b-47cf-9d9c-19dac7bed4ee:c4096, a2e6e0ff-38a8-4bcf-9958-a89ff312531d:c4096]
2019-07-15 13:07:08,284 INFO  client.GrpcClientProtocolClient (GrpcClientProtocolClient.java:onNext(255)) - client-B30EC828C355->c26939f8-4d1f-4fb1-95c4-1aa8f7e5d3f6: receive RaftClientReply:client-B30EC828C355->c26939f8-4d1f-4fb1-95c4-1aa8f7e5d3f6@group-D25BE8053FEA, cid=2747, SUCCESS, logIndex=0, commits[c26939f8-4d1f-4fb1-95c4-1aa8f7e5d3f6:c4102, c5393538-959b-47cf-9d9c-19dac7bed4ee:c4100, a2e6e0ff-38a8-4bcf-9958-a89ff312531d:c4100]
2019-07-15 13:07:08,314 INFO  client.GrpcClientProtocolClient (GrpcClientProtocolClient.java:onNext(255)) - client-B30EC828C355->c26939f8-4d1f-4fb1-95c4-1aa8f7e5d3f6: receive RaftClientReply:client-B30EC828C355->c26939f8-4d1f-4fb1-95c4-1aa8f7e5d3f6@group-D25BE8053FEA, cid=2748, SUCCESS, logIndex=4103, commits[c26939f8-4d1f-4fb1-95c4-1aa8f7e5d3f6:c4105, c5393538-959b-47cf-9d9c-19dac7bed4ee:c4102, a2e6e0ff-38a8-4bcf-9958-a89ff312531d:c4102]
2019-07-15 13:07:08,315 INFO  client.GrpcClientProtocolClient (GrpcClientProtocolClient.java:onNext(255)) - client-B30EC828C355->c26939f8-4d1f-4fb1-95c4-1aa8f7e5d3f6: receive RaftClientReply:client-B30EC828C355->c26939f8-4d1f-4fb1-95c4-1aa8f7e5d3f6@group-D25BE8053FEA, cid=2749, SUCCESS, logIndex=4104, commits[c26939f8-4d1f-4fb1-95c4-1aa8f7e5d3f6:c4106, c5393538-959b-47cf-9d9c-19dac7bed4ee:c4102, a2e6e0ff-38a8-4bcf-9958-a89ff312531d:c4102]
2019-07-15 13:07:08,315 INFO  client.GrpcClientProtocolClient (GrpcClientProtocolClient.java:onNext(255)) - client-B30EC828C355->c26939f8-4d1f-4fb1-95c4-1aa8f7e5d3f6: receive RaftClientReply:client-B30EC828C355->c26939f8-4d1f-4fb1-95c4-1aa8f7e5d3f6@group-D25BE8053FEA, cid=2750, SUCCESS, logIndex=4105, commits[c26939f8-4d1f-4fb1-95c4-1aa8f7e5d3f6:c4106, c5393538-959b-47cf-9d9c-19dac7bed4ee:c4102, a2e6e0ff-38a8-4bcf-9958-a89ff312531d:c4102]
2019-07-15 13:07:08,315 INFO  client.GrpcClientProtocolClient (GrpcClientProtocolClient.java:onNext(255)) - client-B30EC828C355->c26939f8-4d1f-4fb1-95c4-1aa8f7e5d3f6: receive RaftClientReply:client-B30EC828C355->c26939f8-4d1f-4fb1-95c4-1aa8f7e5d3f6@group-D25BE8053FEA, cid=2751, SUCCESS, logIndex=4106, commits[c26939f8-4d1f-4fb1-95c4-1aa8f7e5d3f6:c4106, c5393538-959b-47cf-9d9c-19dac7bed4ee:c4102, a2e6e0ff-38a8-4bcf-9958-a89ff312531d:c4102]
2019-07-15 13:07:08,341 INFO  client.GrpcClientProtocolClient (GrpcClientProtocolClient.java:onNext(255)) - client-B30EC828C355->c26939f8-4d1f-4fb1-95c4-1aa8f7e5d3f6: receive RaftClientReply:client-B30EC828C355->c26939f8-4d1f-4fb1-95c4-1aa8f7e5d3f6@group-D25BE8053FEA, cid=2752, SUCCESS, logIndex=0, commits[c26939f8-4d1f-4fb1-95c4-1aa8f7e5d3f6:c4110, c5393538-959b-47cf-9d9c-19dac7bed4ee:c4106, a2e6e0ff-38a8-4bcf-9958-a89ff312531d:c4104]
2019-07-15 13:07:08,362 INFO  client.GrpcClientProtocolClient (GrpcClientProtocolClient.java:onNext(255)) - client-B30EC828C355->c26939f8-4d1f-4fb1-95c4-1aa8f7e5d3f6: receive RaftClientReply:client-B30EC828C355->c26939f8-4d1f-4fb1-95c4-1aa8f7e5d3f6@group-D25BE8053FEA, cid=2753, SUCCESS, logIndex=4111, commits[c26939f8-4d1f-4fb1-95c4-1aa8f7e5d3f6:c4112, c5393538-959b-47cf-9d9c-19dac7bed4ee:c4110, a2e6e0ff-38a8-4bcf-9958-a89ff312531d:c4110]
2019-07-15 13:07:08,362 INFO  client.GrpcClientProtocolClient (GrpcClientProtocolClient.java:onNext(255)) - client-B30EC828C355->c26939f8-4d1f-4fb1-95c4-1aa8f7e5d3f6: receive RaftClientReply:client-B30EC828C355->c26939f8-4d1f-4fb1-95c4-1aa8f7e5d3f6@group-D25BE8053FEA, cid=2754, SUCCESS, logIndex=4112, commits[c26939f8-4d1f-4fb1-95c4-1aa8f7e5d3f6:c4112, c5393538-959b-47cf-9d9c-19dac7bed4ee:c4110, a2e6e0ff-38a8-4bcf-9958-a89ff312531d:c4110]
2019-07-15 13:07:08,383 INFO  client.GrpcClientProtocolClient (GrpcClientProtocolClient.java:onNext(255)) - client-B30EC828C355->c26939f8-4d1f-4fb1-95c4-1aa8f7e5d3f6: receive RaftClientReply:client-B30EC828C355->c26939f8-4d1f-4fb1-95c4-1aa8f7e5d3f6@group-D25BE8053FEA, cid=2755, SUCCESS, logIndex=4115, commits[c26939f8-4d1f-4fb1-95c4-1aa8f7e5d3f6:c4116, c5393538-959b-47cf-9d9c-19dac7bed4ee:c4112, a2e6e0ff-38a8-4bcf-9958-a89ff312531d:c4112]
2019-07-15 13:07:08,384 INFO  client.GrpcClientProtocolClient (GrpcClientProtocolClient.java:onNext(255)) - client-B30EC828C355->c26939f8-4d1f-4fb1-95c4-1aa8f7e5d3f6: receive RaftClientReply:client-B30EC828C355->c26939f8-4d1f-4fb1-95c4-1aa8f7e5d3f6@group-D25BE8053FEA, cid=2756, SUCCESS, logIndex=4116, commits[c26939f8-4d1f-4fb1-95c4-1aa8f7e5d3f6:c4116, c5393538-959b-47cf-9d9c-19dac7bed4ee:c4112, a2e6e0ff-38a8-4bcf-9958-a89ff312531d:c4112]
2019-07-15 13:07:08,385 INFO  client.GrpcClientProtocolClient (GrpcClientProtocolClient.java:onNext(255)) - client-B30EC828C355->c26939f8-4d1f-4fb1-95c4-1aa8f7e5d3f6: receive RaftClientReply:client-B30EC828C355->c26939f8-4d1f-4fb1-95c4-1aa8f7e5d3f6@group-D25BE8053FEA, cid=2757, SUCCESS, logIndex=0, commits[c26939f8-4d1f-4fb1-95c4-1aa8f7e5d3f6:c4117, c5393538-959b-47cf-9d9c-19dac7bed4ee:c4116, a2e6e0ff-38a8-4bcf-9958-a89ff312531d:c4116]
2019-07-15 13:07:08,428 INFO  client.GrpcClientProtocolClient (GrpcClientProtocolClient.java:onNext(255)) - client-B30EC828C355->c26939f8-4d1f-4fb1-95c4-1aa8f7e5d3f6: receive RaftClientReply:client-B30EC828C355->c26939f8-4d1f-4fb1-95c4-1aa8f7e5d3f6@group-D25BE8053FEA, cid=2758, SUCCESS, logIndex=4119, commits[c26939f8-4d1f-4fb1-95c4-1aa8f7e5d3f6:c4120, c5393538-959b-47cf-9d9c-19dac7bed4ee:c4118, a2e6e0ff-38a8-4bcf-9958-a89ff312531d:c4118]
2019-07-15 13:07:08,428 INFO  client.GrpcClientProtocolClient (GrpcClientProtocolClient.java:onNext(255)) - client-B30EC828C355->c26939f8-4d1f-4fb1-95c4-1aa8f7e5d3f6: receive RaftClientReply:client-B30EC828C355->c26939f8-4d1f-4fb1-95c4-1aa8f7e5d3f6@group-D25BE8053FEA, cid=2759, SUCCESS, logIndex=4120, commits[c26939f8-4d1f-4fb1-95c4-1aa8f7e5d3f6:c4122, c5393538-959b-47cf-9d9c-19dac7bed4ee:c4118, a2e6e0ff-38a8-4bcf-9958-a89ff312531d:c4118]
2019-07-15 13:07:08,428 INFO  client.GrpcClientProtocolClient (GrpcClientProtocolClient.java:onNext(255)) - client-B30EC828C355->c26939f8-4d1f-4fb1-95c4-1aa8f7e5d3f6: receive RaftClientReply:client-B30EC828C355->c26939f8-4d1f-4fb1-95c4-1aa8f7e5d3f6@group-D25BE8053FEA, cid=2760, SUCCESS, logIndex=4121, commits[c26939f8-4d1f-4fb1-95c4-1aa8f7e5d3f6:c4122, c5393538-959b-47cf-9d9c-19dac7bed4ee:c4118, a2e6e0ff-38a8-4bcf-9958-a89ff312531d:c4118]
2019-07-15 13:07:08,429 INFO  client.GrpcClientProtocolClient (GrpcClientProtocolClient.java:onNext(255)) - client-B30EC828C355->c26939f8-4d1f-4fb1-95c4-1aa8f7e5d3f6: receive RaftClientReply:client-B30EC828C355->c26939f8-4d1f-4fb1-95c4-1aa8f7e5d3f6@group-D25BE8053FEA, cid=2761, SUCCESS, logIndex=4122, commits[c26939f8-4d1f-4fb1-95c4-1aa8f7e5d3f6:c4122, c5393538-959b-47cf-9d9c-19dac7bed4ee:c4118, a2e6e0ff-38a8-4bcf-9958-a89ff312531d:c4118]
2019-07-15 13:07:08,440 INFO  client.GrpcClientProtocolClient (GrpcClientProtocolClient.java:onNext(255)) - client-B30EC828C355->c26939f8-4d1f-4fb1-95c4-1aa8f7e5d3f6: receive RaftClientReply:client-B30EC828C355->c26939f8-4d1f-4fb1-95c4-1aa8f7e5d3f6@group-D25BE8053FEA, cid=2762, SUCCESS, logIndex=0, commits[c26939f8-4d1f-4fb1-95c4-1aa8f7e5d3f6:c4124, c5393538-959b-47cf-9d9c-19dac7bed4ee:c4120, a2e6e0ff-38a8-4bcf-9958-a89ff312531d:c4120]
2019-07-15 13:07:08,459 INFO  client.GrpcClientProtocolClient (GrpcClientProtocolClient.java:onNext(255)) - client-B30EC828C355->c26939f8-4d1f-4fb1-95c4-1aa8f7e5d3f6: receive RaftClientReply:client-B30EC828C355->c26939f8-4d1f-4fb1-95c4-1aa8f7e5d3f6@group-D25BE8053FEA, cid=2763, SUCCESS, logIndex=4127, commits[c26939f8-4d1f-4fb1-95c4-1aa8f7e5d3f6:c4128, c5393538-959b-47cf-9d9c-19dac7bed4ee:c4126, a2e6e0ff-38a8-4bcf-9958-a89ff312531d:c4126]
2019-07-15 13:07:08,460 INFO  client.GrpcClientProtocolClient (GrpcClientProtocolClient.java:onNext(255)) - client-B30EC828C355->c26939f8-4d1f-4fb1-95c4-1aa8f7e5d3f6: receive RaftClientReply:client-B30EC828C355->c26939f8-4d1f-4fb1-95c4-1aa8f7e5d3f6@group-D25BE8053FEA, cid=2764, SUCCESS, logIndex=4128, commits[c26939f8-4d1f-4fb1-95c4-1aa8f7e5d3f6:c4128, c5393538-959b-47cf-9d9c-19dac7bed4ee:c4126, a2e6e0ff-38a8-4bcf-9958-a89ff312531d:c4126]
2019-07-15 13:07:08,474 INFO  client.GrpcClientProtocolClient (GrpcClientProtocolClient.java:onNext(255)) - client-B30EC828C355->c26939f8-4d1f-4fb1-95c4-1aa8f7e5d3f6: receive RaftClientReply:client-B30EC828C355->c26939f8-4d1f-4fb1-95c4-1aa8f7e5d3f6@group-D25BE8053FEA, cid=2765, SUCCESS, logIndex=4131, commits[c26939f8-4d1f-4fb1-95c4-1aa8f7e5d3f6:c4132, c5393538-959b-47cf-9d9c-19dac7bed4ee:c4128, a2e6e0ff-38a8-4bcf-9958-a89ff312531d:c4128]
2019-07-15 13:07:08,474 INFO  client.GrpcClientProtocolClient (GrpcClientProtocolClient.java:onNext(255)) - client-B30EC828C355->c26939f8-4d1f-4fb1-95c4-1aa8f7e5d3f6: receive RaftClientReply:client-B30EC828C355->c26939f8-4d1f-4fb1-95c4-1aa8f7e5d3f6@group-D25BE8053FEA, cid=2766, SUCCESS, logIndex=4132, commits[c26939f8-4d1f-4fb1-95c4-1aa8f7e5d3f6:c4132, c5393538-959b-47cf-9d9c-19dac7bed4ee:c4128, a2e6e0ff-38a8-4bcf-9958-a89ff312531d:c4128]
2019-07-15 13:07:08,488 INFO  client.GrpcClientProtocolClient (GrpcClientProtocolClient.java:onNext(255)) - client-B30EC828C355->c26939f8-4d1f-4fb1-95c4-1aa8f7e5d3f6: receive RaftClientReply:client-B30EC828C355->c26939f8-4d1f-4fb1-95c4-1aa8f7e5d3f6@group-D25BE8053FEA, cid=2767, SUCCESS, logIndex=0, commits[c26939f8-4d1f-4fb1-95c4-1aa8f7e5d3f6:c4134, c5393538-959b-47cf-9d9c-19dac7bed4ee:c4132, a2e6e0ff-38a8-4bcf-9958-a89ff312531d:c4132]
2019-07-15 13:07:08,517 INFO  client.GrpcClientProtocolClient (GrpcClientProtocolClient.java:onNext(255)) - client-B30EC828C355->c26939f8-4d1f-4fb1-95c4-1aa8f7e5d3f6: receive RaftClientReply:client-B30EC828C355->c26939f8-4d1f-4fb1-95c4-1aa8f7e5d3f6@group-D25BE8053FEA, cid=2768, SUCCESS, logIndex=4135, commits[c26939f8-4d1f-4fb1-95c4-1aa8f7e5d3f6:c4136, c5393538-959b-47cf-9d9c-19dac7bed4ee:c4132, a2e6e0ff-38a8-4bcf-9958-a89ff312531d:c4134]
2019-07-15 13:07:08,517 INFO  client.GrpcClientProtocolClient (GrpcClientProtocolClient.java:onNext(255)) - client-B30EC828C355->c26939f8-4d1f-4fb1-95c4-1aa8f7e5d3f6: receive RaftClientReply:client-B30EC828C355->c26939f8-4d1f-4fb1-95c4-1aa8f7e5d3f6@group-D25BE8053FEA, cid=2769, SUCCESS, logIndex=4136, commits[c26939f8-4d1f-4fb1-95c4-1aa8f7e5d3f6:c4136, c5393538-959b-47cf-9d9c-19dac7bed4ee:c4134, a2e6e0ff-38a8-4bcf-9958-a89ff312531d:c4134]
2019-07-15 13:07:08,527 INFO  client.GrpcClientProtocolClient (GrpcClientProtocolClient.java:onNext(255)) - client-B30EC828C355->c26939f8-4d1f-4fb1-95c4-1aa8f7e5d3f6: receive RaftClientReply:client-B30EC828C355->c26939f8-4d1f-4fb1-95c4-1aa8f7e5d3f6@group-D25BE8053FEA, cid=2770, SUCCESS, logIndex=4137, commits[c26939f8-4d1f-4fb1-95c4-1aa8f7e5d3f6:c4138, c5393538-959b-47cf-9d9c-19dac7bed4ee:c4134, a2e6e0ff-38a8-4bcf-9958-a89ff312531d:c4134]
2019-07-15 13:07:08,528 INFO  client.GrpcClientProtocolClient (GrpcClientProtocolClient.java:onNext(255)) - client-B30EC828C355->c26939f8-4d1f-4fb1-95c4-1aa8f7e5d3f6: receive RaftClientReply:client-B30EC828C355->c26939f8-4d1f-4fb1-95c4-1aa8f7e5d3f6@group-D25BE8053FEA, cid=2771, SUCCESS, logIndex=4138, commits[c26939f8-4d1f-4fb1-95c4-1aa8f7e5d3f6:c4138, c5393538-959b-47cf-9d9c-19dac7bed4ee:c4134, a2e6e0ff-38a8-4bcf-9958-a89ff312531d:c4134]
2019-07-15 13:07:08,539 INFO  client.GrpcClientProtocolClient (GrpcClientProtocolClient.java:onNext(255)) - client-B30EC828C355->c26939f8-4d1f-4fb1-95c4-1aa8f7e5d3f6: receive RaftClientReply:client-B30EC828C355->c26939f8-4d1f-4fb1-95c4-1aa8f7e5d3f6@group-D25BE8053FEA, cid=2772, SUCCESS, logIndex=0, commits[c26939f8-4d1f-4fb1-95c4-1aa8f7e5d3f6:c4139, c5393538-959b-47cf-9d9c-19dac7bed4ee:c4136, a2e6e0ff-38a8-4bcf-9958-a89ff312531d:c4136]
2019-07-15 13:07:08,564 INFO  client.GrpcClientProtocolClient (GrpcClientProtocolClient.java:onNext(255)) - client-B30EC828C355->c26939f8-4d1f-4fb1-95c4-1aa8f7e5d3f6: receive RaftClientReply:client-B30EC828C355->c26939f8-4d1f-4fb1-95c4-1aa8f7e5d3f6@group-D25BE8053FEA, cid=2773, SUCCESS, logIndex=4143, commits[c26939f8-4d1f-4fb1-95c4-1aa8f7e5d3f6:c4144, c5393538-959b-47cf-9d9c-19dac7bed4ee:c4140, a2e6e0ff-38a8-4bcf-9958-a89ff312531d:c4140]
2019-07-15 13:07:08,565 INFO  client.GrpcClientProtocolClient (GrpcClientProtocolClient.java:onNext(255)) - client-B30EC828C355->c26939f8-4d1f-4fb1-95c4-1aa8f7e5d3f6: receive RaftClientReply:client-B30EC828C355->c26939f8-4d1f-4fb1-95c4-1aa8f7e5d3f6@group-D25BE8053FEA, cid=2774, SUCCESS, logIndex=4144, commits[c26939f8-4d1f-4fb1-95c4-1aa8f7e5d3f6:c4144, c5393538-959b-47cf-9d9c-19dac7bed4ee:c4140, a2e6e0ff-38a8-4bcf-9958-a89ff312531d:c4140]
2019-07-15 13:07:08,591 INFO  client.GrpcClientProtocolClient (GrpcClientProtocolClient.java:onNext(255)) - client-B30EC828C355->c26939f8-4d1f-4fb1-95c4-1aa8f7e5d3f6: receive RaftClientReply:client-B30EC828C355->c26939f8-4d1f-4fb1-95c4-1aa8f7e5d3f6@group-D25BE8053FEA, cid=2775, SUCCESS, logIndex=4147, commits[c26939f8-4d1f-4fb1-95c4-1aa8f7e5d3f6:c4148, c5393538-959b-47cf-9d9c-19dac7bed4ee:c4144, a2e6e0ff-38a8-4bcf-9958-a89ff312531d:c4144]
2019-07-15 13:07:08,591 INFO  client.GrpcClientProtocolClient (GrpcClientProtocolClient.java:onNext(255)) - client-B30EC828C355->c26939f8-4d1f-4fb1-95c4-1aa8f7e5d3f6: receive RaftClientReply:client-B30EC828C355->c26939f8-4d1f-4fb1-95c4-1aa8f7e5d3f6@group-D25BE8053FEA, cid=2776, SUCCESS, logIndex=4148, commits[c26939f8-4d1f-4fb1-95c4-1aa8f7e5d3f6:c4148, c5393538-959b-47cf-9d9c-19dac7bed4ee:c4144, a2e6e0ff-38a8-4bcf-9958-a89ff312531d:c4144]
2019-07-15 13:07:08,604 INFO  client.GrpcClientProtocolClient (GrpcClientProtocolClient.java:onNext(255)) - client-B30EC828C355->c26939f8-4d1f-4fb1-95c4-1aa8f7e5d3f6: receive RaftClientReply:client-B30EC828C355->c26939f8-4d1f-4fb1-95c4-1aa8f7e5d3f6@group-D25BE8053FEA, cid=2777, SUCCESS, logIndex=0, commits[c26939f8-4d1f-4fb1-95c4-1aa8f7e5d3f6:c4149, c5393538-959b-47cf-9d9c-19dac7bed4ee:c4148, a2e6e0ff-38a8-4bcf-9958-a89ff312531d:c4148]
2019-07-15 13:07:08,636 INFO  client.GrpcClientProtocolClient (GrpcClientProtocolClient.java:onNext(255)) - client-B30EC828C355->c26939f8-4d1f-4fb1-95c4-1aa8f7e5d3f6: receive RaftClientReply:client-B30EC828C355->c26939f8-4d1f-4fb1-95c4-1aa8f7e5d3f6@group-D25BE8053FEA, cid=2778, SUCCESS, logIndex=4150, commits[c26939f8-4d1f-4fb1-95c4-1aa8f7e5d3f6:c4151, c5393538-959b-47cf-9d9c-19dac7bed4ee:c4149, a2e6e0ff-38a8-4bcf-9958-a89ff312531d:c4149]
2019-07-15 13:07:08,636 INFO  client.GrpcClientProtocolClient (GrpcClientProtocolClient.java:onNext(255)) - client-B30EC828C355->c26939f8-4d1f-4fb1-95c4-1aa8f7e5d3f6: receive RaftClientReply:client-B30EC828C355->c26939f8-4d1f-4fb1-95c4-1aa8f7e5d3f6@group-D25BE8053FEA, cid=2779, SUCCESS, logIndex=4151, commits[c26939f8-4d1f-4fb1-95c4-1aa8f7e5d3f6:c4151, c5393538-959b-47cf-9d9c-19dac7bed4ee:c4149, a2e6e0ff-38a8-4bcf-9958-a89ff312531d:c4149]
2019-07-15 13:07:08,645 INFO  client.GrpcClientProtocolClient (GrpcClientProtocolClient.java:onNext(255)) - client-B30EC828C355->c26939f8-4d1f-4fb1-95c4-1aa8f7e5d3f6: receive RaftClientReply:client-B30EC828C355->c26939f8-4d1f-4fb1-95c4-1aa8f7e5d3f6@group-D25BE8053FEA, cid=2780, SUCCESS, logIndex=4152, commits[c26939f8-4d1f-4fb1-95c4-1aa8f7e5d3f6:c4153, c5393538-959b-47cf-9d9c-19dac7bed4ee:c4149, a2e6e0ff-38a8-4bcf-9958-a89ff312531d:c4149]
2019-07-15 13:07:08,647 INFO  client.GrpcClientProtocolClient (GrpcClientProtocolClient.java:onNext(255)) - client-B30EC828C355->c26939f8-4d1f-4fb1-95c4-1aa8f7e5d3f6: receive RaftClientReply:client-B30EC828C355->c26939f8-4d1f-4fb1-95c4-1aa8f7e5d3f6@group-D25BE8053FEA, cid=2781, SUCCESS, logIndex=4153, commits[c26939f8-4d1f-4fb1-95c4-1aa8f7e5d3f6:c4153, c5393538-959b-47cf-9d9c-19dac7bed4ee:c4149, a2e6e0ff-38a8-4bcf-9958-a89ff312531d:c4149]
2019-07-15 13:07:08,648 INFO  client.GrpcClientProtocolClient (GrpcClientProtocolClient.java:onNext(255)) - client-B30EC828C355->c26939f8-4d1f-4fb1-95c4-1aa8f7e5d3f6: receive RaftClientReply:client-B30EC828C355->c26939f8-4d1f-4fb1-95c4-1aa8f7e5d3f6@group-D25BE8053FEA, cid=2782, SUCCESS, logIndex=0, commits[c26939f8-4d1f-4fb1-95c4-1aa8f7e5d3f6:c4157, c5393538-959b-47cf-9d9c-19dac7bed4ee:c4151, a2e6e0ff-38a8-4bcf-9958-a89ff312531d:c4151]
2019-07-15 13:07:08,671 INFO  client.GrpcClientProtocolClient (GrpcClientProtocolClient.java:onNext(255)) - client-B30EC828C355->c26939f8-4d1f-4fb1-95c4-1aa8f7e5d3f6: receive RaftClientReply:client-B30EC828C355->c26939f8-4d1f-4fb1-95c4-1aa8f7e5d3f6@group-D25BE8053FEA, cid=2783, SUCCESS, logIndex=4158, commits[c26939f8-4d1f-4fb1-95c4-1aa8f7e5d3f6:c4159, c5393538-959b-47cf-9d9c-19dac7bed4ee:c4157, a2e6e0ff-38a8-4bcf-9958-a89ff312531d:c4157]
2019-07-15 13:07:08,672 INFO  client.GrpcClientProtocolClient (GrpcClientProtocolClient.java:onNext(255)) - client-B30EC828C355->c26939f8-4d1f-4fb1-95c4-1aa8f7e5d3f6: receive RaftClientReply:client-B30EC828C355->c26939f8-4d1f-4fb1-95c4-1aa8f7e5d3f6@group-D25BE8053FEA, cid=2784, SUCCESS, logIndex=4159, commits[c26939f8-4d1f-4fb1-95c4-1aa8f7e5d3f6:c4159, c5393538-959b-47cf-9d9c-19dac7bed4ee:c4157, a2e6e0ff-38a8-4bcf-9958-a89ff312531d:c4157]
2019-07-15 13:07:08,699 INFO  client.GrpcClientProtocolClient (GrpcClientProtocolClient.java:onNext(255)) - client-B30EC828C355->c26939f8-4d1f-4fb1-95c4-1aa8f7e5d3f6: receive RaftClientReply:client-B30EC828C355->c26939f8-4d1f-4fb1-95c4-1aa8f7e5d3f6@group-D25BE8053FEA, cid=2785, SUCCESS, logIndex=4162, commits[c26939f8-4d1f-4fb1-95c4-1aa8f7e5d3f6:c4163, c5393538-959b-47cf-9d9c-19dac7bed4ee:c4159, a2e6e0ff-38a8-4bcf-9958-a89ff312531d:c4159]
2019-07-15 13:07:08,700 INFO  client.GrpcClientProtocolClient (GrpcClientProtocolClient.java:onNext(255)) - client-B30EC828C355->c26939f8-4d1f-4fb1-95c4-1aa8f7e5d3f6: receive RaftClientReply:client-B30EC828C355->c26939f8-4d1f-4fb1-95c4-1aa8f7e5d3f6@group-D25BE8053FEA, cid=2786, SUCCESS, logIndex=4163, commits[c26939f8-4d1f-4fb1-95c4-1aa8f7e5d3f6:c4163, c5393538-959b-47cf-9d9c-19dac7bed4ee:c4159, a2e6e0ff-38a8-4bcf-9958-a89ff312531d:c4159]
2019-07-15 13:07:08,712 INFO  client.GrpcClientProtocolClient (GrpcClientProtocolClient.java:onNext(255)) - client-B30EC828C355->c26939f8-4d1f-4fb1-95c4-1aa8f7e5d3f6: receive RaftClientReply:client-B30EC828C355->c26939f8-4d1f-4fb1-95c4-1aa8f7e5d3f6@group-D25BE8053FEA, cid=2787, SUCCESS, logIndex=0, commits[c26939f8-4d1f-4fb1-95c4-1aa8f7e5d3f6:c4164, c5393538-959b-47cf-9d9c-19dac7bed4ee:c4163, a2e6e0ff-38a8-4bcf-9958-a89ff312531d:c4163]
2019-07-15 13:07:08,745 INFO  client.GrpcClientProtocolClient (GrpcClientProtocolClient.java:onNext(255)) - client-B30EC828C355->c26939f8-4d1f-4fb1-95c4-1aa8f7e5d3f6: receive RaftClientReply:client-B30EC828C355->c26939f8-4d1f-4fb1-95c4-1aa8f7e5d3f6@group-D25BE8053FEA, cid=2788, SUCCESS, logIndex=4165, commits[c26939f8-4d1f-4fb1-95c4-1aa8f7e5d3f6:c4166, c5393538-959b-47cf-9d9c-19dac7bed4ee:c4164, a2e6e0ff-38a8-4bcf-9958-a89ff312531d:c4164]
2019-07-15 13:07:08,745 INFO  client.GrpcClientProtocolClient (GrpcClientProtocolClient.java:onNext(255)) - client-B30EC828C355->c26939f8-4d1f-4fb1-95c4-1aa8f7e5d3f6: receive RaftClientReply:client-B30EC828C355->c26939f8-4d1f-4fb1-95c4-1aa8f7e5d3f6@group-D25BE8053FEA, cid=2789, SUCCESS, logIndex=4166, commits[c26939f8-4d1f-4fb1-95c4-1aa8f7e5d3f6:c4166, c5393538-959b-47cf-9d9c-19dac7bed4ee:c4164, a2e6e0ff-38a8-4bcf-9958-a89ff312531d:c4164]
2019-07-15 13:07:08,746 INFO  client.GrpcClientProtocolClient (GrpcClientProtocolClient.java:onNext(255)) - client-B30EC828C355->c26939f8-4d1f-4fb1-95c4-1aa8f7e5d3f6: receive RaftClientReply:client-B30EC828C355->c26939f8-4d1f-4fb1-95c4-1aa8f7e5d3f6@group-D25BE8053FEA, cid=2790, SUCCESS, logIndex=4167, commits[c26939f8-4d1f-4fb1-95c4-1aa8f7e5d3f6:c4168, c5393538-959b-47cf-9d9c-19dac7bed4ee:c4164, a2e6e0ff-38a8-4bcf-9958-a89ff312531d:c4164]
2019-07-15 13:07:08,746 INFO  client.GrpcClientProtocolClient (GrpcClientProtocolClient.java:onNext(255)) - client-B30EC828C355->c26939f8-4d1f-4fb1-95c4-1aa8f7e5d3f6: receive RaftClientReply:client-B30EC828C355->c26939f8-4d1f-4fb1-95c4-1aa8f7e5d3f6@group-D25BE8053FEA, cid=2791, SUCCESS, logIndex=4168, commits[c26939f8-4d1f-4fb1-95c4-1aa8f7e5d3f6:c4168, c5393538-959b-47cf-9d9c-19dac7bed4ee:c4164, a2e6e0ff-38a8-4bcf-9958-a89ff312531d:c4164]
2019-07-15 13:07:08,759 INFO  client.GrpcClientProtocolClient (GrpcClientProtocolClient.java:onNext(255)) - client-B30EC828C355->c26939f8-4d1f-4fb1-95c4-1aa8f7e5d3f6: receive RaftClientReply:client-B30EC828C355->c26939f8-4d1f-4fb1-95c4-1aa8f7e5d3f6@group-D25BE8053FEA, cid=2792, SUCCESS, logIndex=0, commits[c26939f8-4d1f-4fb1-95c4-1aa8f7e5d3f6:c4170, c5393538-959b-47cf-9d9c-19dac7bed4ee:c4166, a2e6e0ff-38a8-4bcf-9958-a89ff312531d:c4166]
2019-07-15 13:07:08,780 INFO  client.GrpcClientProtocolClient (GrpcClientProtocolClient.java:onNext(255)) - client-B30EC828C355->c26939f8-4d1f-4fb1-95c4-1aa8f7e5d3f6: receive RaftClientReply:client-B30EC828C355->c26939f8-4d1f-4fb1-95c4-1aa8f7e5d3f6@group-D25BE8053FEA, cid=2793, SUCCESS, logIndex=4173, commits[c26939f8-4d1f-4fb1-95c4-1aa8f7e5d3f6:c4174, c5393538-959b-47cf-9d9c-19dac7bed4ee:c4172, a2e6e0ff-38a8-4bcf-9958-a89ff312531d:c4172]
2019-07-15 13:07:08,780 INFO  client.GrpcClientProtocolClient (GrpcClientProtocolClient.java:onNext(255)) - client-B30EC828C355->c26939f8-4d1f-4fb1-95c4-1aa8f7e5d3f6: receive RaftClientReply:client-B30EC828C355->c26939f8-4d1f-4fb1-95c4-1aa8f7e5d3f6@group-D25BE8053FEA, cid=2794, SUCCESS, logIndex=4174, commits[c26939f8-4d1f-4fb1-95c4-1aa8f7e5d3f6:c4174, c5393538-959b-47cf-9d9c-19dac7bed4ee:c4172, a2e6e0ff-38a8-4bcf-9958-a89ff312531d:c4172]
2019-07-15 13:07:08,805 INFO  client.GrpcClientProtocolClient (GrpcClientProtocolClient.java:onNext(255)) - client-B30EC828C355->c26939f8-4d1f-4fb1-95c4-1aa8f7e5d3f6: receive RaftClientReply:client-B30EC828C355->c26939f8-4d1f-4fb1-95c4-1aa8f7e5d3f6@group-D25BE8053FEA, cid=2795, SUCCESS, logIndex=4177, commits[c26939f8-4d1f-4fb1-95c4-1aa8f7e5d3f6:c4178, c5393538-959b-47cf-9d9c-19dac7bed4ee:c4174, a2e6e0ff-38a8-4bcf-9958-a89ff312531d:c4174]
2019-07-15 13:07:08,806 INFO  client.GrpcClientProtocolClient (GrpcClientProtocolClient.java:onNext(255)) - client-B30EC828C355->c26939f8-4d1f-4fb1-95c4-1aa8f7e5d3f6: receive RaftClientReply:client-B30EC828C355->c26939f8-4d1f-4fb1-95c4-1aa8f7e5d3f6@group-D25BE8053FEA, cid=2796, SUCCESS, logIndex=4178, commits[c26939f8-4d1f-4fb1-95c4-1aa8f7e5d3f6:c4178, c5393538-959b-47cf-9d9c-19dac7bed4ee:c4174, a2e6e0ff-38a8-4bcf-9958-a89ff312531d:c4174]
2019-07-15 13:07:08,832 INFO  client.GrpcClientProtocolClient (GrpcClientProtocolClient.java:onNext(255)) - client-B30EC828C355->c26939f8-4d1f-4fb1-95c4-1aa8f7e5d3f6: receive RaftClientReply:client-B30EC828C355->c26939f8-4d1f-4fb1-95c4-1aa8f7e5d3f6@group-D25BE8053FEA, cid=2797, SUCCESS, logIndex=0, commits[c26939f8-4d1f-4fb1-95c4-1aa8f7e5d3f6:c4180, c5393538-959b-47cf-9d9c-19dac7bed4ee:c4178, a2e6e0ff-38a8-4bcf-9958-a89ff312531d:c4178]
2019-07-15 13:07:08,912 INFO  client.GrpcClientProtocolClient (GrpcClientProtocolClient.java:onNext(255)) - client-B30EC828C355->c26939f8-4d1f-4fb1-95c4-1aa8f7e5d3f6: receive RaftClientReply:client-B30EC828C355->c26939f8-4d1f-4fb1-95c4-1aa8f7e5d3f6@group-D25BE8053FEA, cid=2798, SUCCESS, logIndex=4181, commits[c26939f8-4d1f-4fb1-95c4-1aa8f7e5d3f6:c4184, c5393538-959b-47cf-9d9c-19dac7bed4ee:c4180, a2e6e0ff-38a8-4bcf-9958-a89ff312531d:c4180]
2019-07-15 13:07:08,913 INFO  client.GrpcClientProtocolClient (GrpcClientProtocolClient.java:onNext(255)) - client-B30EC828C355->c26939f8-4d1f-4fb1-95c4-1aa8f7e5d3f6: receive RaftClientReply:client-B30EC828C355->c26939f8-4d1f-4fb1-95c4-1aa8f7e5d3f6@group-D25BE8053FEA, cid=2799, SUCCESS, logIndex=4182, commits[c26939f8-4d1f-4fb1-95c4-1aa8f7e5d3f6:c4184, c5393538-959b-47cf-9d9c-19dac7bed4ee:c4180, a2e6e0ff-38a8-4bcf-9958-a89ff312531d:c4180]
2019-07-15 13:07:08,913 INFO  client.GrpcClientProtocolClient (GrpcClientProtocolClient.java:onNext(255)) - client-B30EC828C355->c26939f8-4d1f-4fb1-95c4-1aa8f7e5d3f6: receive RaftClientReply:client-B30EC828C355->c26939f8-4d1f-4fb1-95c4-1aa8f7e5d3f6@group-D25BE8053FEA, cid=2800, SUCCESS, logIndex=4183, commits[c26939f8-4d1f-4fb1-95c4-1aa8f7e5d3f6:c4184, c5393538-959b-47cf-9d9c-19dac7bed4ee:c4180, a2e6e0ff-38a8-4bcf-9958-a89ff312531d:c4180]
2019-07-15 13:07:08,913 INFO  client.GrpcClientProtocolClient (GrpcClientProtocolClient.java:onNext(255)) - client-B30EC828C355->c26939f8-4d1f-4fb1-95c4-1aa8f7e5d3f6: receive RaftClientReply:client-B30EC828C355->c26939f8-4d1f-4fb1-95c4-1aa8f7e5d3f6@group-D25BE8053FEA, cid=2801, SUCCESS, logIndex=4184, commits[c26939f8-4d1f-4fb1-95c4-1aa8f7e5d3f6:c4184, c5393538-959b-47cf-9d9c-19dac7bed4ee:c4180, a2e6e0ff-38a8-4bcf-9958-a89ff312531d:c4180]
2019-07-15 13:07:08,917 INFO  client.GrpcClientProtocolClient (GrpcClientProtocolClient.java:onNext(255)) - client-B30EC828C355->c26939f8-4d1f-4fb1-95c4-1aa8f7e5d3f6: receive RaftClientReply:client-B30EC828C355->c26939f8-4d1f-4fb1-95c4-1aa8f7e5d3f6@group-D25BE8053FEA, cid=2802, SUCCESS, logIndex=0, commits[c26939f8-4d1f-4fb1-95c4-1aa8f7e5d3f6:c4185, c5393538-959b-47cf-9d9c-19dac7bed4ee:c4182, a2e6e0ff-38a8-4bcf-9958-a89ff312531d:c4182]
2019-07-15 13:07:08,937 INFO  client.GrpcClientProtocolClient (GrpcClientProtocolClient.java:onNext(255)) - client-B30EC828C355->c26939f8-4d1f-4fb1-95c4-1aa8f7e5d3f6: receive RaftClientReply:client-B30EC828C355->c26939f8-4d1f-4fb1-95c4-1aa8f7e5d3f6@group-D25BE8053FEA, cid=2803, SUCCESS, logIndex=4189, commits[c26939f8-4d1f-4fb1-95c4-1aa8f7e5d3f6:c4190, c5393538-959b-47cf-9d9c-19dac7bed4ee:c4188, a2e6e0ff-38a8-4bcf-9958-a89ff312531d:c4188]
2019-07-15 13:07:08,938 INFO  client.GrpcClientProtocolClient (GrpcClientProtocolClient.java:onNext(255)) - client-B30EC828C355->c26939f8-4d1f-4fb1-95c4-1aa8f7e5d3f6: receive RaftClientReply:client-B30EC828C355->c26939f8-4d1f-4fb1-95c4-1aa8f7e5d3f6@group-D25BE8053FEA, cid=2804, SUCCESS, logIndex=4190, commits[c26939f8-4d1f-4fb1-95c4-1aa8f7e5d3f6:c4190, c5393538-959b-47cf-9d9c-19dac7bed4ee:c4188, a2e6e0ff-38a8-4bcf-9958-a89ff312531d:c4188]
2019-07-15 13:07:08,969 INFO  client.GrpcClientProtocolClient (GrpcClientProtocolClient.java:onNext(255)) - client-B30EC828C355->c26939f8-4d1f-4fb1-95c4-1aa8f7e5d3f6: receive RaftClientReply:client-B30EC828C355->c26939f8-4d1f-4fb1-95c4-1aa8f7e5d3f6@group-D25BE8053FEA, cid=2805, SUCCESS, logIndex=4193, commits[c26939f8-4d1f-4fb1-95c4-1aa8f7e5d3f6:c4193, c5393538-959b-47cf-9d9c-19dac7bed4ee:c4190, a2e6e0ff-38a8-4bcf-9958-a89ff312531d:c4189]
2019-07-15 13:07:08,970 INFO  client.GrpcClientProtocolClient (GrpcClientProtocolClient.java:onNext(255)) - client-B30EC828C355->c26939f8-4d1f-4fb1-95c4-1aa8f7e5d3f6: receive RaftClientReply:client-B30EC828C355->c26939f8-4d1f-4fb1-95c4-1aa8f7e5d3f6@group-D25BE8053FEA, cid=2806, SUCCESS, logIndex=4194, commits[c26939f8-4d1f-4fb1-95c4-1aa8f7e5d3f6:c4194, c5393538-959b-47cf-9d9c-19dac7bed4ee:c4190, a2e6e0ff-38a8-4bcf-9958-a89ff312531d:c4190]
2019-07-15 13:07:08,995 INFO  client.GrpcClientProtocolClient (GrpcClientProtocolClient.java:onNext(255)) - client-B30EC828C355->c26939f8-4d1f-4fb1-95c4-1aa8f7e5d3f6: receive RaftClientReply:client-B30EC828C355->c26939f8-4d1f-4fb1-95c4-1aa8f7e5d3f6@group-D25BE8053FEA, cid=2807, SUCCESS, logIndex=0, commits[c26939f8-4d1f-4fb1-95c4-1aa8f7e5d3f6:c4195, c5393538-959b-47cf-9d9c-19dac7bed4ee:c4194, a2e6e0ff-38a8-4bcf-9958-a89ff312531d:c4194]
2019-07-15 13:07:09,033 INFO  client.GrpcClientProtocolClient (GrpcClientProtocolClient.java:onNext(255)) - client-B30EC828C355->c26939f8-4d1f-4fb1-95c4-1aa8f7e5d3f6: receive RaftClientReply:client-B30EC828C355->c26939f8-4d1f-4fb1-95c4-1aa8f7e5d3f6@group-D25BE8053FEA, cid=2808, SUCCESS, logIndex=4197, commits[c26939f8-4d1f-4fb1-95c4-1aa8f7e5d3f6:c4200, c5393538-959b-47cf-9d9c-19dac7bed4ee:c4196, a2e6e0ff-38a8-4bcf-9958-a89ff312531d:c4196]
2019-07-15 13:07:09,034 INFO  client.GrpcClientProtocolClient (GrpcClientProtocolClient.java:onNext(255)) - client-B30EC828C355->c26939f8-4d1f-4fb1-95c4-1aa8f7e5d3f6: receive RaftClientReply:client-B30EC828C355->c26939f8-4d1f-4fb1-95c4-1aa8f7e5d3f6@group-D25BE8053FEA, cid=2809, SUCCESS, logIndex=4198, commits[c26939f8-4d1f-4fb1-95c4-1aa8f7e5d3f6:c4200, c5393538-959b-47cf-9d9c-19dac7bed4ee:c4196, a2e6e0ff-38a8-4bcf-9958-a89ff312531d:c4196]
2019-07-15 13:07:09,034 INFO  client.GrpcClientProtocolClient (GrpcClientProtocolClient.java:onNext(255)) - client-B30EC828C355->c26939f8-4d1f-4fb1-95c4-1aa8f7e5d3f6: receive RaftClientReply:client-B30EC828C355->c26939f8-4d1f-4fb1-95c4-1aa8f7e5d3f6@group-D25BE8053FEA, cid=2810, SUCCESS, logIndex=4199, commits[c26939f8-4d1f-4fb1-95c4-1aa8f7e5d3f6:c4200, c5393538-959b-47cf-9d9c-19dac7bed4ee:c4196, a2e6e0ff-38a8-4bcf-9958-a89ff312531d:c4196]
2019-07-15 13:07:09,035 INFO  client.GrpcClientProtocolClient (GrpcClientProtocolClient.java:onNext(255)) - client-B30EC828C355->c26939f8-4d1f-4fb1-95c4-1aa8f7e5d3f6: receive RaftClientReply:client-B30EC828C355->c26939f8-4d1f-4fb1-95c4-1aa8f7e5d3f6@group-D25BE8053FEA, cid=2811, SUCCESS, logIndex=4200, commits[c26939f8-4d1f-4fb1-95c4-1aa8f7e5d3f6:c4200, c5393538-959b-47cf-9d9c-19dac7bed4ee:c4196, a2e6e0ff-38a8-4bcf-9958-a89ff312531d:c4196]
2019-07-15 13:07:09,046 INFO  client.GrpcClientProtocolClient (GrpcClientProtocolClient.java:onNext(255)) - client-B30EC828C355->c26939f8-4d1f-4fb1-95c4-1aa8f7e5d3f6: receive RaftClientReply:client-B30EC828C355->c26939f8-4d1f-4fb1-95c4-1aa8f7e5d3f6@group-D25BE8053FEA, cid=2812, SUCCESS, logIndex=0, commits[c26939f8-4d1f-4fb1-95c4-1aa8f7e5d3f6:c4201, c5393538-959b-47cf-9d9c-19dac7bed4ee:c4198, a2e6e0ff-38a8-4bcf-9958-a89ff312531d:c4198]
2019-07-15 13:07:09,073 INFO  client.GrpcClientProtocolClient (GrpcClientProtocolClient.java:onNext(255)) - client-B30EC828C355->c26939f8-4d1f-4fb1-95c4-1aa8f7e5d3f6: receive RaftClientReply:client-B30EC828C355->c26939f8-4d1f-4fb1-95c4-1aa8f7e5d3f6@group-D25BE8053FEA, cid=2813, SUCCESS, logIndex=4205, commits[c26939f8-4d1f-4fb1-95c4-1aa8f7e5d3f6:c4206, c5393538-959b-47cf-9d9c-19dac7bed4ee:c4201, a2e6e0ff-38a8-4bcf-9958-a89ff312531d:c4201]
2019-07-15 13:07:09,074 INFO  client.GrpcClientProtocolClient (GrpcClientProtocolClient.java:onNext(255)) - client-B30EC828C355->c26939f8-4d1f-4fb1-95c4-1aa8f7e5d3f6: receive RaftClientReply:client-B30EC828C355->c26939f8-4d1f-4fb1-95c4-1aa8f7e5d3f6@group-D25BE8053FEA, cid=2814, SUCCESS, logIndex=4206, commits[c26939f8-4d1f-4fb1-95c4-1aa8f7e5d3f6:c4206, c5393538-959b-47cf-9d9c-19dac7bed4ee:c4201, a2e6e0ff-38a8-4bcf-9958-a89ff312531d:c4201]
2019-07-15 13:07:09,098 INFO  client.GrpcClientProtocolClient (GrpcClientProtocolClient.java:onNext(255)) - client-B30EC828C355->c26939f8-4d1f-4fb1-95c4-1aa8f7e5d3f6: receive RaftClientReply:client-B30EC828C355->c26939f8-4d1f-4fb1-95c4-1aa8f7e5d3f6@group-D25BE8053FEA, cid=2815, SUCCESS, logIndex=4209, commits[c26939f8-4d1f-4fb1-95c4-1aa8f7e5d3f6:c4210, c5393538-959b-47cf-9d9c-19dac7bed4ee:c4206, a2e6e0ff-38a8-4bcf-9958-a89ff312531d:c4206]
2019-07-15 13:07:09,099 INFO  client.GrpcClientProtocolClient (GrpcClientProtocolClient.java:onNext(255)) - client-B30EC828C355->c26939f8-4d1f-4fb1-95c4-1aa8f7e5d3f6: receive RaftClientReply:client-B30EC828C355->c26939f8-4d1f-4fb1-95c4-1aa8f7e5d3f6@group-D25BE8053FEA, cid=2816, SUCCESS, logIndex=4210, commits[c26939f8-4d1f-4fb1-95c4-1aa8f7e5d3f6:c4210, c5393538-959b-47cf-9d9c-19dac7bed4ee:c4206, a2e6e0ff-38a8-4bcf-9958-a89ff312531d:c4206]
2019-07-15 13:07:09,110 INFO  client.GrpcClientProtocolClient (GrpcClientProtocolClient.java:onNext(255)) - client-B30EC828C355->c26939f8-4d1f-4fb1-95c4-1aa8f7e5d3f6: receive RaftClientReply:client-B30EC828C355->c26939f8-4d1f-4fb1-95c4-1aa8f7e5d3f6@group-D25BE8053FEA, cid=2817, SUCCESS, logIndex=0, commits[c26939f8-4d1f-4fb1-95c4-1aa8f7e5d3f6:c4211, c5393538-959b-47cf-9d9c-19dac7bed4ee:c4210, a2e6e0ff-38a8-4bcf-9958-a89ff312531d:c4210]
 0.00% |█                                                                                                    |  0/1 Time: 0:00:232019-07-15 13:07:09,289 INFO  client.GrpcClientProtocolClient (GrpcClientProtocolClient.java:onNext(255)) - client-B30EC828C355->c26939f8-4d1f-4fb1-95c4-1aa8f7e5d3f6: receive RaftClientReply:client-B30EC828C355->c26939f8-4d1f-4fb1-95c4-1aa8f7e5d3f6@group-D25BE8053FEA, cid=2818, SUCCESS, logIndex=4213, commits[c26939f8-4d1f-4fb1-95c4-1aa8f7e5d3f6:c4216, c5393538-959b-47cf-9d9c-19dac7bed4ee:c4212, a2e6e0ff-38a8-4bcf-9958-a89ff312531d:c4212]
2019-07-15 13:07:09,291 INFO  client.GrpcClientProtocolClient (GrpcClientProtocolClient.java:onNext(255)) - client-B30EC828C355->c26939f8-4d1f-4fb1-95c4-1aa8f7e5d3f6: receive RaftClientReply:client-B30EC828C355->c26939f8-4d1f-4fb1-95c4-1aa8f7e5d3f6@group-D25BE8053FEA, cid=2819, SUCCESS, logIndex=4214, commits[c26939f8-4d1f-4fb1-95c4-1aa8f7e5d3f6:c4216, c5393538-959b-47cf-9d9c-19dac7bed4ee:c4212, a2e6e0ff-38a8-4bcf-9958-a89ff312531d:c4212]
2019-07-15 13:07:09,291 INFO  client.GrpcClientProtocolClient (GrpcClientProtocolClient.java:onNext(255)) - client-B30EC828C355->c26939f8-4d1f-4fb1-95c4-1aa8f7e5d3f6: receive RaftClientReply:client-B30EC828C355->c26939f8-4d1f-4fb1-95c4-1aa8f7e5d3f6@group-D25BE8053FEA, cid=2820, SUCCESS, logIndex=4215, commits[c26939f8-4d1f-4fb1-95c4-1aa8f7e5d3f6:c4216, c5393538-959b-47cf-9d9c-19dac7bed4ee:c4212, a2e6e0ff-38a8-4bcf-9958-a89ff312531d:c4212]
2019-07-15 13:07:09,292 INFO  client.GrpcClientProtocolClient (GrpcClientProtocolClient.java:onNext(255)) - client-B30EC828C355->c26939f8-4d1f-4fb1-95c4-1aa8f7e5d3f6: receive RaftClientReply:client-B30EC828C355->c26939f8-4d1f-4fb1-95c4-1aa8f7e5d3f6@group-D25BE8053FEA, cid=2821, SUCCESS, logIndex=4216, commits[c26939f8-4d1f-4fb1-95c4-1aa8f7e5d3f6:c4216, c5393538-959b-47cf-9d9c-19dac7bed4ee:c4212, a2e6e0ff-38a8-4bcf-9958-a89ff312531d:c4212]
2019-07-15 13:07:09,302 INFO  client.GrpcClientProtocolClient (GrpcClientProtocolClient.java:onNext(255)) - client-B30EC828C355->c26939f8-4d1f-4fb1-95c4-1aa8f7e5d3f6: receive RaftClientReply:client-B30EC828C355->c26939f8-4d1f-4fb1-95c4-1aa8f7e5d3f6@group-D25BE8053FEA, cid=2822, SUCCESS, logIndex=0, commits[c26939f8-4d1f-4fb1-95c4-1aa8f7e5d3f6:c4219, c5393538-959b-47cf-9d9c-19dac7bed4ee:c4215, a2e6e0ff-38a8-4bcf-9958-a89ff312531d:c4215]
2019-07-15 13:07:09,324 INFO  client.GrpcClientProtocolClient (GrpcClientProtocolClient.java:onNext(255)) - client-B30EC828C355->c26939f8-4d1f-4fb1-95c4-1aa8f7e5d3f6: receive RaftClientReply:client-B30EC828C355->c26939f8-4d1f-4fb1-95c4-1aa8f7e5d3f6@group-D25BE8053FEA, cid=2823, SUCCESS, logIndex=4221, commits[c26939f8-4d1f-4fb1-95c4-1aa8f7e5d3f6:c4222, c5393538-959b-47cf-9d9c-19dac7bed4ee:c4220, a2e6e0ff-38a8-4bcf-9958-a89ff312531d:c4220]
2019-07-15 13:07:09,324 INFO  client.GrpcClientProtocolClient (GrpcClientProtocolClient.java:onNext(255)) - client-B30EC828C355->c26939f8-4d1f-4fb1-95c4-1aa8f7e5d3f6: receive RaftClientReply:client-B30EC828C355->c26939f8-4d1f-4fb1-95c4-1aa8f7e5d3f6@group-D25BE8053FEA, cid=2824, SUCCESS, logIndex=4222, commits[c26939f8-4d1f-4fb1-95c4-1aa8f7e5d3f6:c4222, c5393538-959b-47cf-9d9c-19dac7bed4ee:c4220, a2e6e0ff-38a8-4bcf-9958-a89ff312531d:c4220]
2019-07-15 13:07:09,339 INFO  client.GrpcClientProtocolClient (GrpcClientProtocolClient.java:onNext(255)) - client-B30EC828C355->c26939f8-4d1f-4fb1-95c4-1aa8f7e5d3f6: receive RaftClientReply:client-B30EC828C355->c26939f8-4d1f-4fb1-95c4-1aa8f7e5d3f6@group-D25BE8053FEA, cid=2825, SUCCESS, logIndex=4225, commits[c26939f8-4d1f-4fb1-95c4-1aa8f7e5d3f6:c4226, c5393538-959b-47cf-9d9c-19dac7bed4ee:c4221, a2e6e0ff-38a8-4bcf-9958-a89ff312531d:c4222]
2019-07-15 13:07:09,339 INFO  client.GrpcClientProtocolClient (GrpcClientProtocolClient.java:onNext(255)) - client-B30EC828C355->c26939f8-4d1f-4fb1-95c4-1aa8f7e5d3f6: receive RaftClientReply:client-B30EC828C355->c26939f8-4d1f-4fb1-95c4-1aa8f7e5d3f6@group-D25BE8053FEA, cid=2826, SUCCESS, logIndex=4226, commits[c26939f8-4d1f-4fb1-95c4-1aa8f7e5d3f6:c4226, c5393538-959b-47cf-9d9c-19dac7bed4ee:c4221, a2e6e0ff-38a8-4bcf-9958-a89ff312531d:c4222]
2019-07-15 13:07:09,350 INFO  client.GrpcClientProtocolClient (GrpcClientProtocolClient.java:onNext(255)) - client-B30EC828C355->c26939f8-4d1f-4fb1-95c4-1aa8f7e5d3f6: receive RaftClientReply:client-B30EC828C355->c26939f8-4d1f-4fb1-95c4-1aa8f7e5d3f6@group-D25BE8053FEA, cid=2827, SUCCESS, logIndex=0, commits[c26939f8-4d1f-4fb1-95c4-1aa8f7e5d3f6:c4226, c5393538-959b-47cf-9d9c-19dac7bed4ee:c4222, a2e6e0ff-38a8-4bcf-9958-a89ff312531d:c4222]
2019-07-15 13:07:09,351 INFO  client.GrpcClientProtocolClient (GrpcClientProtocolClient.java:onNext(255)) - client-B30EC828C355->c26939f8-4d1f-4fb1-95c4-1aa8f7e5d3f6: receive RaftClientReply:client-B30EC828C355->c26939f8-4d1f-4fb1-95c4-1aa8f7e5d3f6@group-D25BE8053FEA, cid=2828, SUCCESS, logIndex=0, commits[c26939f8-4d1f-4fb1-95c4-1aa8f7e5d3f6:c4228, c5393538-959b-47cf-9d9c-19dac7bed4ee:c4226, a2e6e0ff-38a8-4bcf-9958-a89ff312531d:c4226]
2019-07-15 13:07:09,386 INFO  client.GrpcClientProtocolClient (GrpcClientProtocolClient.java:onNext(255)) - client-B30EC828C355->c26939f8-4d1f-4fb1-95c4-1aa8f7e5d3f6: receive RaftClientReply:client-B30EC828C355->c26939f8-4d1f-4fb1-95c4-1aa8f7e5d3f6@group-D25BE8053FEA, cid=2829, SUCCESS, logIndex=4229, commits[c26939f8-4d1f-4fb1-95c4-1aa8f7e5d3f6:c4231, c5393538-959b-47cf-9d9c-19dac7bed4ee:c4228, a2e6e0ff-38a8-4bcf-9958-a89ff312531d:c4228]
2019-07-15 13:07:09,387 INFO  client.GrpcClientProtocolClient (GrpcClientProtocolClient.java:onNext(255)) - client-B30EC828C355->c26939f8-4d1f-4fb1-95c4-1aa8f7e5d3f6: receive RaftClientReply:client-B30EC828C355->c26939f8-4d1f-4fb1-95c4-1aa8f7e5d3f6@group-D25BE8053FEA, cid=2830, SUCCESS, logIndex=4230, commits[c26939f8-4d1f-4fb1-95c4-1aa8f7e5d3f6:c4232, c5393538-959b-47cf-9d9c-19dac7bed4ee:c4228, a2e6e0ff-38a8-4bcf-9958-a89ff312531d:c4228]
2019-07-15 13:07:09,387 INFO  client.GrpcClientProtocolClient (GrpcClientProtocolClient.java:onNext(255)) - client-B30EC828C355->c26939f8-4d1f-4fb1-95c4-1aa8f7e5d3f6: receive RaftClientReply:client-B30EC828C355->c26939f8-4d1f-4fb1-95c4-1aa8f7e5d3f6@group-D25BE8053FEA, cid=2831, SUCCESS, logIndex=4231, commits[c26939f8-4d1f-4fb1-95c4-1aa8f7e5d3f6:c4232, c5393538-959b-47cf-9d9c-19dac7bed4ee:c4228, a2e6e0ff-38a8-4bcf-9958-a89ff312531d:c4228]
2019-07-15 13:07:09,388 INFO  client.GrpcClientProtocolClient (GrpcClientProtocolClient.java:onNext(255)) - client-B30EC828C355->c26939f8-4d1f-4fb1-95c4-1aa8f7e5d3f6: receive RaftClientReply:client-B30EC828C355->c26939f8-4d1f-4fb1-95c4-1aa8f7e5d3f6@group-D25BE8053FEA, cid=2832, SUCCESS, logIndex=4232, commits[c26939f8-4d1f-4fb1-95c4-1aa8f7e5d3f6:c4232, c5393538-959b-47cf-9d9c-19dac7bed4ee:c4228, a2e6e0ff-38a8-4bcf-9958-a89ff312531d:c4228]
2019-07-15 13:07:09,412 INFO  client.GrpcClientProtocolClient (GrpcClientProtocolClient.java:onNext(255)) - client-B30EC828C355->c26939f8-4d1f-4fb1-95c4-1aa8f7e5d3f6: receive RaftClientReply:client-B30EC828C355->c26939f8-4d1f-4fb1-95c4-1aa8f7e5d3f6@group-D25BE8053FEA, cid=2833, SUCCESS, logIndex=0, commits[c26939f8-4d1f-4fb1-95c4-1aa8f7e5d3f6:c4236, c5393538-959b-47cf-9d9c-19dac7bed4ee:c4230, a2e6e0ff-38a8-4bcf-9958-a89ff312531d:c4232]
2019-07-15 13:07:09,432 INFO  client.GrpcClientProtocolClient (GrpcClientProtocolClient.java:onNext(255)) - client-B30EC828C355->c26939f8-4d1f-4fb1-95c4-1aa8f7e5d3f6: receive RaftClientReply:client-B30EC828C355->c26939f8-4d1f-4fb1-95c4-1aa8f7e5d3f6@group-D25BE8053FEA, cid=2834, SUCCESS, logIndex=4237, commits[c26939f8-4d1f-4fb1-95c4-1aa8f7e5d3f6:c4238, c5393538-959b-47cf-9d9c-19dac7bed4ee:c4236, a2e6e0ff-38a8-4bcf-9958-a89ff312531d:c4236]
2019-07-15 13:07:09,433 INFO  client.GrpcClientProtocolClient (GrpcClientProtocolClient.java:onNext(255)) - client-B30EC828C355->c26939f8-4d1f-4fb1-95c4-1aa8f7e5d3f6: receive RaftClientReply:client-B30EC828C355->c26939f8-4d1f-4fb1-95c4-1aa8f7e5d3f6@group-D25BE8053FEA, cid=2835, SUCCESS, logIndex=4238, commits[c26939f8-4d1f-4fb1-95c4-1aa8f7e5d3f6:c4238, c5393538-959b-47cf-9d9c-19dac7bed4ee:c4236, a2e6e0ff-38a8-4bcf-9958-a89ff312531d:c4236]
2019-07-15 13:07:09,458 INFO  client.GrpcClientProtocolClient (GrpcClientProtocolClient.java:onNext(255)) - client-B30EC828C355->c26939f8-4d1f-4fb1-95c4-1aa8f7e5d3f6: receive RaftClientReply:client-B30EC828C355->c26939f8-4d1f-4fb1-95c4-1aa8f7e5d3f6@group-D25BE8053FEA, cid=2836, SUCCESS, logIndex=4241, commits[c26939f8-4d1f-4fb1-95c4-1aa8f7e5d3f6:c4242, c5393538-959b-47cf-9d9c-19dac7bed4ee:c4238, a2e6e0ff-38a8-4bcf-9958-a89ff312531d:c4238]
2019-07-15 13:07:09,459 INFO  client.GrpcClientProtocolClient (GrpcClientProtocolClient.java:onNext(255)) - client-B30EC828C355->c26939f8-4d1f-4fb1-95c4-1aa8f7e5d3f6: receive RaftClientReply:client-B30EC828C355->c26939f8-4d1f-4fb1-95c4-1aa8f7e5d3f6@group-D25BE8053FEA, cid=2837, SUCCESS, logIndex=4242, commits[c26939f8-4d1f-4fb1-95c4-1aa8f7e5d3f6:c4242, c5393538-959b-47cf-9d9c-19dac7bed4ee:c4238, a2e6e0ff-38a8-4bcf-9958-a89ff312531d:c4238]
2019-07-15 13:07:09,476 INFO  client.GrpcClientProtocolClient (GrpcClientProtocolClient.java:onNext(255)) - client-B30EC828C355->c26939f8-4d1f-4fb1-95c4-1aa8f7e5d3f6: receive RaftClientReply:client-B30EC828C355->c26939f8-4d1f-4fb1-95c4-1aa8f7e5d3f6@group-D25BE8053FEA, cid=2838, SUCCESS, logIndex=0, commits[c26939f8-4d1f-4fb1-95c4-1aa8f7e5d3f6:c4244, c5393538-959b-47cf-9d9c-19dac7bed4ee:c4242, a2e6e0ff-38a8-4bcf-9958-a89ff312531d:c4242]
2019-07-15 13:07:09,508 INFO  client.GrpcClientProtocolClient (GrpcClientProtocolClient.java:onNext(255)) - client-B30EC828C355->c26939f8-4d1f-4fb1-95c4-1aa8f7e5d3f6: receive RaftClientReply:client-B30EC828C355->c26939f8-4d1f-4fb1-95c4-1aa8f7e5d3f6@group-D25BE8053FEA, cid=2839, SUCCESS, logIndex=4245, commits[c26939f8-4d1f-4fb1-95c4-1aa8f7e5d3f6:c4245, c5393538-959b-47cf-9d9c-19dac7bed4ee:c4244, a2e6e0ff-38a8-4bcf-9958-a89ff312531d:c4244]
2019-07-15 13:07:09,509 INFO  client.GrpcClientProtocolClient (GrpcClientProtocolClient.java:onNext(255)) - client-B30EC828C355->c26939f8-4d1f-4fb1-95c4-1aa8f7e5d3f6: receive RaftClientReply:client-B30EC828C355->c26939f8-4d1f-4fb1-95c4-1aa8f7e5d3f6@group-D25BE8053FEA, cid=2840, SUCCESS, logIndex=4246, commits[c26939f8-4d1f-4fb1-95c4-1aa8f7e5d3f6:c4248, c5393538-959b-47cf-9d9c-19dac7bed4ee:c4244, a2e6e0ff-38a8-4bcf-9958-a89ff312531d:c4244]
2019-07-15 13:07:09,509 INFO  client.GrpcClientProtocolClient (GrpcClientProtocolClient.java:onNext(255)) - client-B30EC828C355->c26939f8-4d1f-4fb1-95c4-1aa8f7e5d3f6: receive RaftClientReply:client-B30EC828C355->c26939f8-4d1f-4fb1-95c4-1aa8f7e5d3f6@group-D25BE8053FEA, cid=2841, SUCCESS, logIndex=4247, commits[c26939f8-4d1f-4fb1-95c4-1aa8f7e5d3f6:c4248, c5393538-959b-47cf-9d9c-19dac7bed4ee:c4244, a2e6e0ff-38a8-4bcf-9958-a89ff312531d:c4244]
2019-07-15 13:07:09,509 INFO  client.GrpcClientProtocolClient (GrpcClientProtocolClient.java:onNext(255)) - client-B30EC828C355->c26939f8-4d1f-4fb1-95c4-1aa8f7e5d3f6: receive RaftClientReply:client-B30EC828C355->c26939f8-4d1f-4fb1-95c4-1aa8f7e5d3f6@group-D25BE8053FEA, cid=2842, SUCCESS, logIndex=4248, commits[c26939f8-4d1f-4fb1-95c4-1aa8f7e5d3f6:c4248, c5393538-959b-47cf-9d9c-19dac7bed4ee:c4244, a2e6e0ff-38a8-4bcf-9958-a89ff312531d:c4244]
2019-07-15 13:07:09,512 INFO  client.GrpcClientProtocolClient (GrpcClientProtocolClient.java:onNext(255)) - client-B30EC828C355->c26939f8-4d1f-4fb1-95c4-1aa8f7e5d3f6: receive RaftClientReply:client-B30EC828C355->c26939f8-4d1f-4fb1-95c4-1aa8f7e5d3f6@group-D25BE8053FEA, cid=2843, SUCCESS, logIndex=0, commits[c26939f8-4d1f-4fb1-95c4-1aa8f7e5d3f6:c4251, c5393538-959b-47cf-9d9c-19dac7bed4ee:c4248, a2e6e0ff-38a8-4bcf-9958-a89ff312531d:c4248]
2019-07-15 13:07:09,534 INFO  client.GrpcClientProtocolClient (GrpcClientProtocolClient.java:onNext(255)) - client-B30EC828C355->c26939f8-4d1f-4fb1-95c4-1aa8f7e5d3f6: receive RaftClientReply:client-B30EC828C355->c26939f8-4d1f-4fb1-95c4-1aa8f7e5d3f6@group-D25BE8053FEA, cid=2844, SUCCESS, logIndex=4252, commits[c26939f8-4d1f-4fb1-95c4-1aa8f7e5d3f6:c4252, c5393538-959b-47cf-9d9c-19dac7bed4ee:c4251, a2e6e0ff-38a8-4bcf-9958-a89ff312531d:c4251]
2019-07-15 13:07:09,534 INFO  client.GrpcClientProtocolClient (GrpcClientProtocolClient.java:onNext(255)) - client-B30EC828C355->c26939f8-4d1f-4fb1-95c4-1aa8f7e5d3f6: receive RaftClientReply:client-B30EC828C355->c26939f8-4d1f-4fb1-95c4-1aa8f7e5d3f6@group-D25BE8053FEA, cid=2845, SUCCESS, logIndex=4253, commits[c26939f8-4d1f-4fb1-95c4-1aa8f7e5d3f6:c4253, c5393538-959b-47cf-9d9c-19dac7bed4ee:c4251, a2e6e0ff-38a8-4bcf-9958-a89ff312531d:c4251]
2019-07-15 13:07:09,548 INFO  client.GrpcClientProtocolClient (GrpcClientProtocolClient.java:onNext(255)) - client-B30EC828C355->c26939f8-4d1f-4fb1-95c4-1aa8f7e5d3f6: receive RaftClientReply:client-B30EC828C355->c26939f8-4d1f-4fb1-95c4-1aa8f7e5d3f6@group-D25BE8053FEA, cid=2846, SUCCESS, logIndex=4256, commits[c26939f8-4d1f-4fb1-95c4-1aa8f7e5d3f6:c4257, c5393538-959b-47cf-9d9c-19dac7bed4ee:c4253, a2e6e0ff-38a8-4bcf-9958-a89ff312531d:c4253]
2019-07-15 13:07:09,549 INFO  client.GrpcClientProtocolClient (GrpcClientProtocolClient.java:onNext(255)) - client-B30EC828C355->c26939f8-4d1f-4fb1-95c4-1aa8f7e5d3f6: receive RaftClientReply:client-B30EC828C355->c26939f8-4d1f-4fb1-95c4-1aa8f7e5d3f6@group-D25BE8053FEA, cid=2847, SUCCESS, logIndex=4257, commits[c26939f8-4d1f-4fb1-95c4-1aa8f7e5d3f6:c4257, c5393538-959b-47cf-9d9c-19dac7bed4ee:c4253, a2e6e0ff-38a8-4bcf-9958-a89ff312531d:c4253]
2019-07-15 13:07:09,563 INFO  client.GrpcClientProtocolClient (GrpcClientProtocolClient.java:onNext(255)) - client-B30EC828C355->c26939f8-4d1f-4fb1-95c4-1aa8f7e5d3f6: receive RaftClientReply:client-B30EC828C355->c26939f8-4d1f-4fb1-95c4-1aa8f7e5d3f6@group-D25BE8053FEA, cid=2848, SUCCESS, logIndex=0, commits[c26939f8-4d1f-4fb1-95c4-1aa8f7e5d3f6:c4259, c5393538-959b-47cf-9d9c-19dac7bed4ee:c4257, a2e6e0ff-38a8-4bcf-9958-a89ff312531d:c4257]
2019-07-15 13:07:09,596 INFO  client.GrpcClientProtocolClient (GrpcClientProtocolClient.java:onNext(255)) - client-B30EC828C355->c26939f8-4d1f-4fb1-95c4-1aa8f7e5d3f6: receive RaftClientReply:client-B30EC828C355->c26939f8-4d1f-4fb1-95c4-1aa8f7e5d3f6@group-D25BE8053FEA, cid=2849, SUCCESS, logIndex=4260, commits[c26939f8-4d1f-4fb1-95c4-1aa8f7e5d3f6:c4262, c5393538-959b-47cf-9d9c-19dac7bed4ee:c4259, a2e6e0ff-38a8-4bcf-9958-a89ff312531d:c4259]
2019-07-15 13:07:09,596 INFO  client.GrpcClientProtocolClient (GrpcClientProtocolClient.java:onNext(255)) - client-B30EC828C355->c26939f8-4d1f-4fb1-95c4-1aa8f7e5d3f6: receive RaftClientReply:client-B30EC828C355->c26939f8-4d1f-4fb1-95c4-1aa8f7e5d3f6@group-D25BE8053FEA, cid=2850, SUCCESS, logIndex=4261, commits[c26939f8-4d1f-4fb1-95c4-1aa8f7e5d3f6:c4263, c5393538-959b-47cf-9d9c-19dac7bed4ee:c4259, a2e6e0ff-38a8-4bcf-9958-a89ff312531d:c4259]
2019-07-15 13:07:09,596 INFO  client.GrpcClientProtocolClient (GrpcClientProtocolClient.java:onNext(255)) - client-B30EC828C355->c26939f8-4d1f-4fb1-95c4-1aa8f7e5d3f6: receive RaftClientReply:client-B30EC828C355->c26939f8-4d1f-4fb1-95c4-1aa8f7e5d3f6@group-D25BE8053FEA, cid=2851, SUCCESS, logIndex=4262, commits[c26939f8-4d1f-4fb1-95c4-1aa8f7e5d3f6:c4263, c5393538-959b-47cf-9d9c-19dac7bed4ee:c4259, a2e6e0ff-38a8-4bcf-9958-a89ff312531d:c4259]
2019-07-15 13:07:09,597 INFO  client.GrpcClientProtocolClient (GrpcClientProtocolClient.java:onNext(255)) - client-B30EC828C355->c26939f8-4d1f-4fb1-95c4-1aa8f7e5d3f6: receive RaftClientReply:client-B30EC828C355->c26939f8-4d1f-4fb1-95c4-1aa8f7e5d3f6@group-D25BE8053FEA, cid=2852, SUCCESS, logIndex=4263, commits[c26939f8-4d1f-4fb1-95c4-1aa8f7e5d3f6:c4263, c5393538-959b-47cf-9d9c-19dac7bed4ee:c4259, a2e6e0ff-38a8-4bcf-9958-a89ff312531d:c4259]
2019-07-15 13:07:09,620 INFO  client.GrpcClientProtocolClient (GrpcClientProtocolClient.java:onNext(255)) - client-B30EC828C355->c26939f8-4d1f-4fb1-95c4-1aa8f7e5d3f6: receive RaftClientReply:client-B30EC828C355->c26939f8-4d1f-4fb1-95c4-1aa8f7e5d3f6@group-D25BE8053FEA, cid=2853, SUCCESS, logIndex=0, commits[c26939f8-4d1f-4fb1-95c4-1aa8f7e5d3f6:c4267, c5393538-959b-47cf-9d9c-19dac7bed4ee:c4263, a2e6e0ff-38a8-4bcf-9958-a89ff312531d:c4261]
2019-07-15 13:07:09,642 INFO  client.GrpcClientProtocolClient (GrpcClientProtocolClient.java:onNext(255)) - client-B30EC828C355->c26939f8-4d1f-4fb1-95c4-1aa8f7e5d3f6: receive RaftClientReply:client-B30EC828C355->c26939f8-4d1f-4fb1-95c4-1aa8f7e5d3f6@group-D25BE8053FEA, cid=2854, SUCCESS, logIndex=4268, commits[c26939f8-4d1f-4fb1-95c4-1aa8f7e5d3f6:c4269, c5393538-959b-47cf-9d9c-19dac7bed4ee:c4267, a2e6e0ff-38a8-4bcf-9958-a89ff312531d:c4267]
2019-07-15 13:07:09,643 INFO  client.GrpcClientProtocolClient (GrpcClientProtocolClient.java:onNext(255)) - client-B30EC828C355->c26939f8-4d1f-4fb1-95c4-1aa8f7e5d3f6: receive RaftClientReply:client-B30EC828C355->c26939f8-4d1f-4fb1-95c4-1aa8f7e5d3f6@group-D25BE8053FEA, cid=2855, SUCCESS, logIndex=4269, commits[c26939f8-4d1f-4fb1-95c4-1aa8f7e5d3f6:c4269, c5393538-959b-47cf-9d9c-19dac7bed4ee:c4267, a2e6e0ff-38a8-4bcf-9958-a89ff312531d:c4267]
2019-07-15 13:07:09,669 INFO  client.GrpcClientProtocolClient (GrpcClientProtocolClient.java:onNext(255)) - client-B30EC828C355->c26939f8-4d1f-4fb1-95c4-1aa8f7e5d3f6: receive RaftClientReply:client-B30EC828C355->c26939f8-4d1f-4fb1-95c4-1aa8f7e5d3f6@group-D25BE8053FEA, cid=2856, SUCCESS, logIndex=4272, commits[c26939f8-4d1f-4fb1-95c4-1aa8f7e5d3f6:c4273, c5393538-959b-47cf-9d9c-19dac7bed4ee:c4269, a2e6e0ff-38a8-4bcf-9958-a89ff312531d:c4269]
2019-07-15 13:07:09,670 INFO  client.GrpcClientProtocolClient (GrpcClientProtocolClient.java:onNext(255)) - client-B30EC828C355->c26939f8-4d1f-4fb1-95c4-1aa8f7e5d3f6: receive RaftClientReply:client-B30EC828C355->c26939f8-4d1f-4fb1-95c4-1aa8f7e5d3f6@group-D25BE8053FEA, cid=2857, SUCCESS, logIndex=4273, commits[c26939f8-4d1f-4fb1-95c4-1aa8f7e5d3f6:c4273, c5393538-959b-47cf-9d9c-19dac7bed4ee:c4269, a2e6e0ff-38a8-4bcf-9958-a89ff312531d:c4269]
2019-07-15 13:07:09,696 INFO  client.GrpcClientProtocolClient (GrpcClientProtocolClient.java:onNext(255)) - client-B30EC828C355->c26939f8-4d1f-4fb1-95c4-1aa8f7e5d3f6: receive RaftClientReply:client-B30EC828C355->c26939f8-4d1f-4fb1-95c4-1aa8f7e5d3f6@group-D25BE8053FEA, cid=2858, SUCCESS, logIndex=0, commits[c26939f8-4d1f-4fb1-95c4-1aa8f7e5d3f6:c4275, c5393538-959b-47cf-9d9c-19dac7bed4ee:c4273, a2e6e0ff-38a8-4bcf-9958-a89ff312531d:c4273]
2019-07-15 13:07:09,735 INFO  client.GrpcClientProtocolClient (GrpcClientProtocolClient.java:onNext(255)) - client-B30EC828C355->c26939f8-4d1f-4fb1-95c4-1aa8f7e5d3f6: receive RaftClientReply:client-B30EC828C355->c26939f8-4d1f-4fb1-95c4-1aa8f7e5d3f6@group-D25BE8053FEA, cid=2859, SUCCESS, logIndex=4276, commits[c26939f8-4d1f-4fb1-95c4-1aa8f7e5d3f6:c4277, c5393538-959b-47cf-9d9c-19dac7bed4ee:c4275, a2e6e0ff-38a8-4bcf-9958-a89ff312531d:c4275]
2019-07-15 13:07:09,736 INFO  client.GrpcClientProtocolClient (GrpcClientProtocolClient.java:onNext(255)) - client-B30EC828C355->c26939f8-4d1f-4fb1-95c4-1aa8f7e5d3f6: receive RaftClientReply:client-B30EC828C355->c26939f8-4d1f-4fb1-95c4-1aa8f7e5d3f6@group-D25BE8053FEA, cid=2860, SUCCESS, logIndex=4277, commits[c26939f8-4d1f-4fb1-95c4-1aa8f7e5d3f6:c4278, c5393538-959b-47cf-9d9c-19dac7bed4ee:c4275, a2e6e0ff-38a8-4bcf-9958-a89ff312531d:c4275]
2019-07-15 13:07:09,736 INFO  client.GrpcClientProtocolClient (GrpcClientProtocolClient.java:onNext(255)) - client-B30EC828C355->c26939f8-4d1f-4fb1-95c4-1aa8f7e5d3f6: receive RaftClientReply:client-B30EC828C355->c26939f8-4d1f-4fb1-95c4-1aa8f7e5d3f6@group-D25BE8053FEA, cid=2861, SUCCESS, logIndex=4278, commits[c26939f8-4d1f-4fb1-95c4-1aa8f7e5d3f6:c4279, c5393538-959b-47cf-9d9c-19dac7bed4ee:c4275, a2e6e0ff-38a8-4bcf-9958-a89ff312531d:c4275]
2019-07-15 13:07:09,737 INFO  client.GrpcClientProtocolClient (GrpcClientProtocolClient.java:onNext(255)) - client-B30EC828C355->c26939f8-4d1f-4fb1-95c4-1aa8f7e5d3f6: receive RaftClientReply:client-B30EC828C355->c26939f8-4d1f-4fb1-95c4-1aa8f7e5d3f6@group-D25BE8053FEA, cid=2862, SUCCESS, logIndex=4279, commits[c26939f8-4d1f-4fb1-95c4-1aa8f7e5d3f6:c4279, c5393538-959b-47cf-9d9c-19dac7bed4ee:c4275, a2e6e0ff-38a8-4bcf-9958-a89ff312531d:c4275]
2019-07-15 13:07:09,740 INFO  client.GrpcClientProtocolClient (GrpcClientProtocolClient.java:onNext(255)) - client-B30EC828C355->c26939f8-4d1f-4fb1-95c4-1aa8f7e5d3f6: receive RaftClientReply:client-B30EC828C355->c26939f8-4d1f-4fb1-95c4-1aa8f7e5d3f6@group-D25BE8053FEA, cid=2863, SUCCESS, logIndex=0, commits[c26939f8-4d1f-4fb1-95c4-1aa8f7e5d3f6:c4282, c5393538-959b-47cf-9d9c-19dac7bed4ee:c4278, a2e6e0ff-38a8-4bcf-9958-a89ff312531d:c4277]
2019-07-15 13:07:09,763 INFO  client.GrpcClientProtocolClient (GrpcClientProtocolClient.java:onNext(255)) - client-B30EC828C355->c26939f8-4d1f-4fb1-95c4-1aa8f7e5d3f6: receive RaftClientReply:client-B30EC828C355->c26939f8-4d1f-4fb1-95c4-1aa8f7e5d3f6@group-D25BE8053FEA, cid=2864, SUCCESS, logIndex=4284, commits[c26939f8-4d1f-4fb1-95c4-1aa8f7e5d3f6:c4285, c5393538-959b-47cf-9d9c-19dac7bed4ee:c4283, a2e6e0ff-38a8-4bcf-9958-a89ff312531d:c4283]
2019-07-15 13:07:09,764 INFO  client.GrpcClientProtocolClient (GrpcClientProtocolClient.java:onNext(255)) - client-B30EC828C355->c26939f8-4d1f-4fb1-95c4-1aa8f7e5d3f6: receive RaftClientReply:client-B30EC828C355->c26939f8-4d1f-4fb1-95c4-1aa8f7e5d3f6@group-D25BE8053FEA, cid=2865, SUCCESS, logIndex=4285, commits[c26939f8-4d1f-4fb1-95c4-1aa8f7e5d3f6:c4285, c5393538-959b-47cf-9d9c-19dac7bed4ee:c4283, a2e6e0ff-38a8-4bcf-9958-a89ff312531d:c4283]
2019-07-15 13:07:09,791 INFO  client.GrpcClientProtocolClient (GrpcClientProtocolClient.java:onNext(255)) - client-B30EC828C355->c26939f8-4d1f-4fb1-95c4-1aa8f7e5d3f6: receive RaftClientReply:client-B30EC828C355->c26939f8-4d1f-4fb1-95c4-1aa8f7e5d3f6@group-D25BE8053FEA, cid=2866, SUCCESS, logIndex=4288, commits[c26939f8-4d1f-4fb1-95c4-1aa8f7e5d3f6:c4289, c5393538-959b-47cf-9d9c-19dac7bed4ee:c4285, a2e6e0ff-38a8-4bcf-9958-a89ff312531d:c4285]
2019-07-15 13:07:09,791 INFO  client.GrpcClientProtocolClient (GrpcClientProtocolClient.java:onNext(255)) - client-B30EC828C355->c26939f8-4d1f-4fb1-95c4-1aa8f7e5d3f6: receive RaftClientReply:client-B30EC828C355->c26939f8-4d1f-4fb1-95c4-1aa8f7e5d3f6@group-D25BE8053FEA, cid=2867, SUCCESS, logIndex=4289, commits[c26939f8-4d1f-4fb1-95c4-1aa8f7e5d3f6:c4289, c5393538-959b-47cf-9d9c-19dac7bed4ee:c4285, a2e6e0ff-38a8-4bcf-9958-a89ff312531d:c4285]
2019-07-15 13:07:09,805 INFO  client.GrpcClientProtocolClient (GrpcClientProtocolClient.java:onNext(255)) - client-B30EC828C355->c26939f8-4d1f-4fb1-95c4-1aa8f7e5d3f6: receive RaftClientReply:client-B30EC828C355->c26939f8-4d1f-4fb1-95c4-1aa8f7e5d3f6@group-D25BE8053FEA, cid=2868, SUCCESS, logIndex=0, commits[c26939f8-4d1f-4fb1-95c4-1aa8f7e5d3f6:c4291, c5393538-959b-47cf-9d9c-19dac7bed4ee:c4289, a2e6e0ff-38a8-4bcf-9958-a89ff312531d:c4289]
2019-07-15 13:07:09,842 INFO  client.GrpcClientProtocolClient (GrpcClientProtocolClient.java:onNext(255)) - client-B30EC828C355->c26939f8-4d1f-4fb1-95c4-1aa8f7e5d3f6: receive RaftClientReply:client-B30EC828C355->c26939f8-4d1f-4fb1-95c4-1aa8f7e5d3f6@group-D25BE8053FEA, cid=2869, SUCCESS, logIndex=4292, commits[c26939f8-4d1f-4fb1-95c4-1aa8f7e5d3f6:c4293, c5393538-959b-47cf-9d9c-19dac7bed4ee:c4291, a2e6e0ff-38a8-4bcf-9958-a89ff312531d:c4291]
2019-07-15 13:07:09,843 INFO  client.GrpcClientProtocolClient (GrpcClientProtocolClient.java:onNext(255)) - client-B30EC828C355->c26939f8-4d1f-4fb1-95c4-1aa8f7e5d3f6: receive RaftClientReply:client-B30EC828C355->c26939f8-4d1f-4fb1-95c4-1aa8f7e5d3f6@group-D25BE8053FEA, cid=2870, SUCCESS, logIndex=4293, commits[c26939f8-4d1f-4fb1-95c4-1aa8f7e5d3f6:c4295, c5393538-959b-47cf-9d9c-19dac7bed4ee:c4291, a2e6e0ff-38a8-4bcf-9958-a89ff312531d:c4291]
2019-07-15 13:07:09,843 INFO  client.GrpcClientProtocolClient (GrpcClientProtocolClient.java:onNext(255)) - client-B30EC828C355->c26939f8-4d1f-4fb1-95c4-1aa8f7e5d3f6: receive RaftClientReply:client-B30EC828C355->c26939f8-4d1f-4fb1-95c4-1aa8f7e5d3f6@group-D25BE8053FEA, cid=2871, SUCCESS, logIndex=4294, commits[c26939f8-4d1f-4fb1-95c4-1aa8f7e5d3f6:c4295, c5393538-959b-47cf-9d9c-19dac7bed4ee:c4291, a2e6e0ff-38a8-4bcf-9958-a89ff312531d:c4291]
2019-07-15 13:07:09,843 INFO  client.GrpcClientProtocolClient (GrpcClientProtocolClient.java:onNext(255)) - client-B30EC828C355->c26939f8-4d1f-4fb1-95c4-1aa8f7e5d3f6: receive RaftClientReply:client-B30EC828C355->c26939f8-4d1f-4fb1-95c4-1aa8f7e5d3f6@group-D25BE8053FEA, cid=2872, SUCCESS, logIndex=4295, commits[c26939f8-4d1f-4fb1-95c4-1aa8f7e5d3f6:c4295, c5393538-959b-47cf-9d9c-19dac7bed4ee:c4291, a2e6e0ff-38a8-4bcf-9958-a89ff312531d:c4291]
2019-07-15 13:07:09,868 INFO  client.GrpcClientProtocolClient (GrpcClientProtocolClient.java:onNext(255)) - client-B30EC828C355->c26939f8-4d1f-4fb1-95c4-1aa8f7e5d3f6: receive RaftClientReply:client-B30EC828C355->c26939f8-4d1f-4fb1-95c4-1aa8f7e5d3f6@group-D25BE8053FEA, cid=2873, SUCCESS, logIndex=0, commits[c26939f8-4d1f-4fb1-95c4-1aa8f7e5d3f6:c4297, c5393538-959b-47cf-9d9c-19dac7bed4ee:c4293, a2e6e0ff-38a8-4bcf-9958-a89ff312531d:c4293]
2019-07-15 13:07:09,892 INFO  client.GrpcClientProtocolClient (GrpcClientProtocolClient.java:onNext(255)) - client-B30EC828C355->c26939f8-4d1f-4fb1-95c4-1aa8f7e5d3f6: receive RaftClientReply:client-B30EC828C355->c26939f8-4d1f-4fb1-95c4-1aa8f7e5d3f6@group-D25BE8053FEA, cid=2874, SUCCESS, logIndex=4300, commits[c26939f8-4d1f-4fb1-95c4-1aa8f7e5d3f6:c4301, c5393538-959b-47cf-9d9c-19dac7bed4ee:c4299, a2e6e0ff-38a8-4bcf-9958-a89ff312531d:c4299]
2019-07-15 13:07:09,892 INFO  client.GrpcClientProtocolClient (GrpcClientProtocolClient.java:onNext(255)) - client-B30EC828C355->c26939f8-4d1f-4fb1-95c4-1aa8f7e5d3f6: receive RaftClientReply:client-B30EC828C355->c26939f8-4d1f-4fb1-95c4-1aa8f7e5d3f6@group-D25BE8053FEA, cid=2875, SUCCESS, logIndex=4301, commits[c26939f8-4d1f-4fb1-95c4-1aa8f7e5d3f6:c4301, c5393538-959b-47cf-9d9c-19dac7bed4ee:c4299, a2e6e0ff-38a8-4bcf-9958-a89ff312531d:c4299]
2019-07-15 13:07:09,906 INFO  client.GrpcClientProtocolClient (GrpcClientProtocolClient.java:onNext(255)) - client-B30EC828C355->c26939f8-4d1f-4fb1-95c4-1aa8f7e5d3f6: receive RaftClientReply:client-B30EC828C355->c26939f8-4d1f-4fb1-95c4-1aa8f7e5d3f6@group-D25BE8053FEA, cid=2876, SUCCESS, logIndex=4304, commits[c26939f8-4d1f-4fb1-95c4-1aa8f7e5d3f6:c4305, c5393538-959b-47cf-9d9c-19dac7bed4ee:c4301, a2e6e0ff-38a8-4bcf-9958-a89ff312531d:c4301]
2019-07-15 13:07:09,907 INFO  client.GrpcClientProtocolClient (GrpcClientProtocolClient.java:onNext(255)) - client-B30EC828C355->c26939f8-4d1f-4fb1-95c4-1aa8f7e5d3f6: receive RaftClientReply:client-B30EC828C355->c26939f8-4d1f-4fb1-95c4-1aa8f7e5d3f6@group-D25BE8053FEA, cid=2877, SUCCESS, logIndex=4305, commits[c26939f8-4d1f-4fb1-95c4-1aa8f7e5d3f6:c4305, c5393538-959b-47cf-9d9c-19dac7bed4ee:c4301, a2e6e0ff-38a8-4bcf-9958-a89ff312531d:c4301]
2019-07-15 13:07:09,923 INFO  client.GrpcClientProtocolClient (GrpcClientProtocolClient.java:onNext(255)) - client-B30EC828C355->c26939f8-4d1f-4fb1-95c4-1aa8f7e5d3f6: receive RaftClientReply:client-B30EC828C355->c26939f8-4d1f-4fb1-95c4-1aa8f7e5d3f6@group-D25BE8053FEA, cid=2878, SUCCESS, logIndex=0, commits[c26939f8-4d1f-4fb1-95c4-1aa8f7e5d3f6:c4307, c5393538-959b-47cf-9d9c-19dac7bed4ee:c4305, a2e6e0ff-38a8-4bcf-9958-a89ff312531d:c4305]
2019-07-15 13:07:09,960 INFO  client.GrpcClientProtocolClient (GrpcClientProtocolClient.java:onNext(255)) - client-B30EC828C355->c26939f8-4d1f-4fb1-95c4-1aa8f7e5d3f6: receive RaftClientReply:client-B30EC828C355->c26939f8-4d1f-4fb1-95c4-1aa8f7e5d3f6@group-D25BE8053FEA, cid=2879, SUCCESS, logIndex=4308, commits[c26939f8-4d1f-4fb1-95c4-1aa8f7e5d3f6:c4309, c5393538-959b-47cf-9d9c-19dac7bed4ee:c4307, a2e6e0ff-38a8-4bcf-9958-a89ff312531d:c4307]
2019-07-15 13:07:09,960 INFO  client.GrpcClientProtocolClient (GrpcClientProtocolClient.java:onNext(255)) - client-B30EC828C355->c26939f8-4d1f-4fb1-95c4-1aa8f7e5d3f6: receive RaftClientReply:client-B30EC828C355->c26939f8-4d1f-4fb1-95c4-1aa8f7e5d3f6@group-D25BE8053FEA, cid=2880, SUCCESS, logIndex=4309, commits[c26939f8-4d1f-4fb1-95c4-1aa8f7e5d3f6:c4309, c5393538-959b-47cf-9d9c-19dac7bed4ee:c4307, a2e6e0ff-38a8-4bcf-9958-a89ff312531d:c4307]
2019-07-15 13:07:09,970 INFO  client.GrpcClientProtocolClient (GrpcClientProtocolClient.java:onNext(255)) - client-B30EC828C355->c26939f8-4d1f-4fb1-95c4-1aa8f7e5d3f6: receive RaftClientReply:client-B30EC828C355->c26939f8-4d1f-4fb1-95c4-1aa8f7e5d3f6@group-D25BE8053FEA, cid=2881, SUCCESS, logIndex=4310, commits[c26939f8-4d1f-4fb1-95c4-1aa8f7e5d3f6:c4311, c5393538-959b-47cf-9d9c-19dac7bed4ee:c4307, a2e6e0ff-38a8-4bcf-9958-a89ff312531d:c4307]
2019-07-15 13:07:09,970 INFO  client.GrpcClientProtocolClient (GrpcClientProtocolClient.java:onNext(255)) - client-B30EC828C355->c26939f8-4d1f-4fb1-95c4-1aa8f7e5d3f6: receive RaftClientReply:client-B30EC828C355->c26939f8-4d1f-4fb1-95c4-1aa8f7e5d3f6@group-D25BE8053FEA, cid=2882, SUCCESS, logIndex=4311, commits[c26939f8-4d1f-4fb1-95c4-1aa8f7e5d3f6:c4311, c5393538-959b-47cf-9d9c-19dac7bed4ee:c4307, a2e6e0ff-38a8-4bcf-9958-a89ff312531d:c4307]
2019-07-15 13:07:09,972 INFO  client.GrpcClientProtocolClient (GrpcClientProtocolClient.java:onNext(255)) - client-B30EC828C355->c26939f8-4d1f-4fb1-95c4-1aa8f7e5d3f6: receive RaftClientReply:client-B30EC828C355->c26939f8-4d1f-4fb1-95c4-1aa8f7e5d3f6@group-D25BE8053FEA, cid=2883, SUCCESS, logIndex=0, commits[c26939f8-4d1f-4fb1-95c4-1aa8f7e5d3f6:c4312, c5393538-959b-47cf-9d9c-19dac7bed4ee:c4309, a2e6e0ff-38a8-4bcf-9958-a89ff312531d:c4309]
2019-07-15 13:07:09,997 INFO  client.GrpcClientProtocolClient (GrpcClientProtocolClient.java:onNext(255)) - client-B30EC828C355->c26939f8-4d1f-4fb1-95c4-1aa8f7e5d3f6: receive RaftClientReply:client-B30EC828C355->c26939f8-4d1f-4fb1-95c4-1aa8f7e5d3f6@group-D25BE8053FEA, cid=2884, SUCCESS, logIndex=4315, commits[c26939f8-4d1f-4fb1-95c4-1aa8f7e5d3f6:c4316, c5393538-959b-47cf-9d9c-19dac7bed4ee:c4314, a2e6e0ff-38a8-4bcf-9958-a89ff312531d:c4314]
2019-07-15 13:07:09,997 INFO  client.GrpcClientProtocolClient (GrpcClientProtocolClient.java:onNext(255)) - client-B30EC828C355->c26939f8-4d1f-4fb1-95c4-1aa8f7e5d3f6: receive RaftClientReply:client-B30EC828C355->c26939f8-4d1f-4fb1-95c4-1aa8f7e5d3f6@group-D25BE8053FEA, cid=2885, SUCCESS, logIndex=4316, commits[c26939f8-4d1f-4fb1-95c4-1aa8f7e5d3f6:c4316, c5393538-959b-47cf-9d9c-19dac7bed4ee:c4314, a2e6e0ff-38a8-4bcf-9958-a89ff312531d:c4314]
2019-07-15 13:07:10,023 INFO  client.GrpcClientProtocolClient (GrpcClientProtocolClient.java:onNext(255)) - client-B30EC828C355->c26939f8-4d1f-4fb1-95c4-1aa8f7e5d3f6: receive RaftClientReply:client-B30EC828C355->c26939f8-4d1f-4fb1-95c4-1aa8f7e5d3f6@group-D25BE8053FEA, cid=2886, SUCCESS, logIndex=4319, commits[c26939f8-4d1f-4fb1-95c4-1aa8f7e5d3f6:c4320, c5393538-959b-47cf-9d9c-19dac7bed4ee:c4315, a2e6e0ff-38a8-4bcf-9958-a89ff312531d:c4316]
2019-07-15 13:07:10,023 INFO  client.GrpcClientProtocolClient (GrpcClientProtocolClient.java:onNext(255)) - client-B30EC828C355->c26939f8-4d1f-4fb1-95c4-1aa8f7e5d3f6: receive RaftClientReply:client-B30EC828C355->c26939f8-4d1f-4fb1-95c4-1aa8f7e5d3f6@group-D25BE8053FEA, cid=2887, SUCCESS, logIndex=4320, commits[c26939f8-4d1f-4fb1-95c4-1aa8f7e5d3f6:c4320, c5393538-959b-47cf-9d9c-19dac7bed4ee:c4316, a2e6e0ff-38a8-4bcf-9958-a89ff312531d:c4316]
2019-07-15 13:07:10,026 INFO  client.GrpcClientProtocolClient (GrpcClientProtocolClient.java:onNext(255)) - client-B30EC828C355->c26939f8-4d1f-4fb1-95c4-1aa8f7e5d3f6: receive RaftClientReply:client-B30EC828C355->c26939f8-4d1f-4fb1-95c4-1aa8f7e5d3f6@group-D25BE8053FEA, cid=2888, SUCCESS, logIndex=0, commits[c26939f8-4d1f-4fb1-95c4-1aa8f7e5d3f6:c4322, c5393538-959b-47cf-9d9c-19dac7bed4ee:c4320, a2e6e0ff-38a8-4bcf-9958-a89ff312531d:c4320]
2019-07-15 13:07:10,059 INFO  client.GrpcClientProtocolClient (GrpcClientProtocolClient.java:onNext(255)) - client-B30EC828C355->c26939f8-4d1f-4fb1-95c4-1aa8f7e5d3f6: receive RaftClientReply:client-B30EC828C355->c26939f8-4d1f-4fb1-95c4-1aa8f7e5d3f6@group-D25BE8053FEA, cid=2889, SUCCESS, logIndex=4323, commits[c26939f8-4d1f-4fb1-95c4-1aa8f7e5d3f6:c4324, c5393538-959b-47cf-9d9c-19dac7bed4ee:c4322, a2e6e0ff-38a8-4bcf-9958-a89ff312531d:c4322]
2019-07-15 13:07:10,059 INFO  client.GrpcClientProtocolClient (GrpcClientProtocolClient.java:onNext(255)) - client-B30EC828C355->c26939f8-4d1f-4fb1-95c4-1aa8f7e5d3f6: receive RaftClientReply:client-B30EC828C355->c26939f8-4d1f-4fb1-95c4-1aa8f7e5d3f6@group-D25BE8053FEA, cid=2890, SUCCESS, logIndex=4324, commits[c26939f8-4d1f-4fb1-95c4-1aa8f7e5d3f6:c4324, c5393538-959b-47cf-9d9c-19dac7bed4ee:c4322, a2e6e0ff-38a8-4bcf-9958-a89ff312531d:c4322]
2019-07-15 13:07:10,070 INFO  client.GrpcClientProtocolClient (GrpcClientProtocolClient.java:onNext(255)) - client-B30EC828C355->c26939f8-4d1f-4fb1-95c4-1aa8f7e5d3f6: receive RaftClientReply:client-B30EC828C355->c26939f8-4d1f-4fb1-95c4-1aa8f7e5d3f6@group-D25BE8053FEA, cid=2891, SUCCESS, logIndex=4325, commits[c26939f8-4d1f-4fb1-95c4-1aa8f7e5d3f6:c4326, c5393538-959b-47cf-9d9c-19dac7bed4ee:c4322, a2e6e0ff-38a8-4bcf-9958-a89ff312531d:c4322]
2019-07-15 13:07:10,070 INFO  client.GrpcClientProtocolClient (GrpcClientProtocolClient.java:onNext(255)) - client-B30EC828C355->c26939f8-4d1f-4fb1-95c4-1aa8f7e5d3f6: receive RaftClientReply:client-B30EC828C355->c26939f8-4d1f-4fb1-95c4-1aa8f7e5d3f6@group-D25BE8053FEA, cid=2892, SUCCESS, logIndex=4326, commits[c26939f8-4d1f-4fb1-95c4-1aa8f7e5d3f6:c4326, c5393538-959b-47cf-9d9c-19dac7bed4ee:c4322, a2e6e0ff-38a8-4bcf-9958-a89ff312531d:c4322]
2019-07-15 13:07:10,072 INFO  client.GrpcClientProtocolClient (GrpcClientProtocolClient.java:onNext(255)) - client-B30EC828C355->c26939f8-4d1f-4fb1-95c4-1aa8f7e5d3f6: receive RaftClientReply:client-B30EC828C355->c26939f8-4d1f-4fb1-95c4-1aa8f7e5d3f6@group-D25BE8053FEA, cid=2893, SUCCESS, logIndex=0, commits[c26939f8-4d1f-4fb1-95c4-1aa8f7e5d3f6:c4328, c5393538-959b-47cf-9d9c-19dac7bed4ee:c4324, a2e6e0ff-38a8-4bcf-9958-a89ff312531d:c4324]
2019-07-15 13:07:10,085 INFO  client.GrpcClientProtocolClient (GrpcClientProtocolClient.java:onNext(255)) - client-B30EC828C355->c26939f8-4d1f-4fb1-95c4-1aa8f7e5d3f6: receive RaftClientReply:client-B30EC828C355->c26939f8-4d1f-4fb1-95c4-1aa8f7e5d3f6@group-D25BE8053FEA, cid=2894, SUCCESS, logIndex=4331, commits[c26939f8-4d1f-4fb1-95c4-1aa8f7e5d3f6:c4332, c5393538-959b-47cf-9d9c-19dac7bed4ee:c4328, a2e6e0ff-38a8-4bcf-9958-a89ff312531d:c4326]
2019-07-15 13:07:10,086 INFO  client.GrpcClientProtocolClient (GrpcClientProtocolClient.java:onNext(255)) - client-B30EC828C355->c26939f8-4d1f-4fb1-95c4-1aa8f7e5d3f6: receive RaftClientReply:client-B30EC828C355->c26939f8-4d1f-4fb1-95c4-1aa8f7e5d3f6@group-D25BE8053FEA, cid=2895, SUCCESS, logIndex=4332, commits[c26939f8-4d1f-4fb1-95c4-1aa8f7e5d3f6:c4332, c5393538-959b-47cf-9d9c-19dac7bed4ee:c4328, a2e6e0ff-38a8-4bcf-9958-a89ff312531d:c4328]
2019-07-15 13:07:10,114 INFO  client.GrpcClientProtocolClient (GrpcClientProtocolClient.java:onNext(255)) - client-B30EC828C355->c26939f8-4d1f-4fb1-95c4-1aa8f7e5d3f6: receive RaftClientReply:client-B30EC828C355->c26939f8-4d1f-4fb1-95c4-1aa8f7e5d3f6@group-D25BE8053FEA, cid=2896, SUCCESS, logIndex=4335, commits[c26939f8-4d1f-4fb1-95c4-1aa8f7e5d3f6:c4336, c5393538-959b-47cf-9d9c-19dac7bed4ee:c4333, a2e6e0ff-38a8-4bcf-9958-a89ff312531d:c4333]
2019-07-15 13:07:10,115 INFO  client.GrpcClientProtocolClient (GrpcClientProtocolClient.java:onNext(255)) - client-B30EC828C355->c26939f8-4d1f-4fb1-95c4-1aa8f7e5d3f6: receive RaftClientReply:client-B30EC828C355->c26939f8-4d1f-4fb1-95c4-1aa8f7e5d3f6@group-D25BE8053FEA, cid=2897, SUCCESS, logIndex=4336, commits[c26939f8-4d1f-4fb1-95c4-1aa8f7e5d3f6:c4336, c5393538-959b-47cf-9d9c-19dac7bed4ee:c4333, a2e6e0ff-38a8-4bcf-9958-a89ff312531d:c4333]
2019-07-15 13:07:10,128 INFO  client.GrpcClientProtocolClient (GrpcClientProtocolClient.java:onNext(255)) - client-B30EC828C355->c26939f8-4d1f-4fb1-95c4-1aa8f7e5d3f6: receive RaftClientReply:client-B30EC828C355->c26939f8-4d1f-4fb1-95c4-1aa8f7e5d3f6@group-D25BE8053FEA, cid=2898, SUCCESS, logIndex=0, commits[c26939f8-4d1f-4fb1-95c4-1aa8f7e5d3f6:c4338, c5393538-959b-47cf-9d9c-19dac7bed4ee:c4336, a2e6e0ff-38a8-4bcf-9958-a89ff312531d:c4336]
2019-07-15 13:07:10,160 INFO  client.GrpcClientProtocolClient (GrpcClientProtocolClient.java:onNext(255)) - client-B30EC828C355->c26939f8-4d1f-4fb1-95c4-1aa8f7e5d3f6: receive RaftClientReply:client-B30EC828C355->c26939f8-4d1f-4fb1-95c4-1aa8f7e5d3f6@group-D25BE8053FEA, cid=2899, SUCCESS, logIndex=4339, commits[c26939f8-4d1f-4fb1-95c4-1aa8f7e5d3f6:c4340, c5393538-959b-47cf-9d9c-19dac7bed4ee:c4338, a2e6e0ff-38a8-4bcf-9958-a89ff312531d:c4338]
2019-07-15 13:07:10,161 INFO  client.GrpcClientProtocolClient (GrpcClientProtocolClient.java:onNext(255)) - client-B30EC828C355->c26939f8-4d1f-4fb1-95c4-1aa8f7e5d3f6: receive RaftClientReply:client-B30EC828C355->c26939f8-4d1f-4fb1-95c4-1aa8f7e5d3f6@group-D25BE8053FEA, cid=2900, SUCCESS, logIndex=4340, commits[c26939f8-4d1f-4fb1-95c4-1aa8f7e5d3f6:c4340, c5393538-959b-47cf-9d9c-19dac7bed4ee:c4338, a2e6e0ff-38a8-4bcf-9958-a89ff312531d:c4338]
2019-07-15 13:07:10,173 INFO  client.GrpcClientProtocolClient (GrpcClientProtocolClient.java:onNext(255)) - client-B30EC828C355->c26939f8-4d1f-4fb1-95c4-1aa8f7e5d3f6: receive RaftClientReply:client-B30EC828C355->c26939f8-4d1f-4fb1-95c4-1aa8f7e5d3f6@group-D25BE8053FEA, cid=2901, SUCCESS, logIndex=4341, commits[c26939f8-4d1f-4fb1-95c4-1aa8f7e5d3f6:c4341, c5393538-959b-47cf-9d9c-19dac7bed4ee:c4338, a2e6e0ff-38a8-4bcf-9958-a89ff312531d:c4338]
2019-07-15 13:07:10,173 INFO  client.GrpcClientProtocolClient (GrpcClientProtocolClient.java:onNext(255)) - client-B30EC828C355->c26939f8-4d1f-4fb1-95c4-1aa8f7e5d3f6: receive RaftClientReply:client-B30EC828C355->c26939f8-4d1f-4fb1-95c4-1aa8f7e5d3f6@group-D25BE8053FEA, cid=2902, SUCCESS, logIndex=4342, commits[c26939f8-4d1f-4fb1-95c4-1aa8f7e5d3f6:c4342, c5393538-959b-47cf-9d9c-19dac7bed4ee:c4338, a2e6e0ff-38a8-4bcf-9958-a89ff312531d:c4338]
2019-07-15 13:07:10,184 INFO  client.GrpcClientProtocolClient (GrpcClientProtocolClient.java:onNext(255)) - client-B30EC828C355->c26939f8-4d1f-4fb1-95c4-1aa8f7e5d3f6: receive RaftClientReply:client-B30EC828C355->c26939f8-4d1f-4fb1-95c4-1aa8f7e5d3f6@group-D25BE8053FEA, cid=2903, SUCCESS, logIndex=0, commits[c26939f8-4d1f-4fb1-95c4-1aa8f7e5d3f6:c4344, c5393538-959b-47cf-9d9c-19dac7bed4ee:c4340, a2e6e0ff-38a8-4bcf-9958-a89ff312531d:c4340]
2019-07-15 13:07:10,206 INFO  client.GrpcClientProtocolClient (GrpcClientProtocolClient.java:onNext(255)) - client-B30EC828C355->c26939f8-4d1f-4fb1-95c4-1aa8f7e5d3f6: receive RaftClientReply:client-B30EC828C355->c26939f8-4d1f-4fb1-95c4-1aa8f7e5d3f6@group-D25BE8053FEA, cid=2904, SUCCESS, logIndex=4347, commits[c26939f8-4d1f-4fb1-95c4-1aa8f7e5d3f6:c4348, c5393538-959b-47cf-9d9c-19dac7bed4ee:c4346, a2e6e0ff-38a8-4bcf-9958-a89ff312531d:c4346]
2019-07-15 13:07:10,206 INFO  client.GrpcClientProtocolClient (GrpcClientProtocolClient.java:onNext(255)) - client-B30EC828C355->c26939f8-4d1f-4fb1-95c4-1aa8f7e5d3f6: receive RaftClientReply:client-B30EC828C355->c26939f8-4d1f-4fb1-95c4-1aa8f7e5d3f6@group-D25BE8053FEA, cid=2905, SUCCESS, logIndex=4348, commits[c26939f8-4d1f-4fb1-95c4-1aa8f7e5d3f6:c4348, c5393538-959b-47cf-9d9c-19dac7bed4ee:c4346, a2e6e0ff-38a8-4bcf-9958-a89ff312531d:c4346]
 0.00% |█                                                                                                    |  0/1 Time: 0:00:242019-07-15 13:07:10,341 INFO  client.GrpcClientProtocolClient (GrpcClientProtocolClient.java:onNext(255)) - client-B30EC828C355->c26939f8-4d1f-4fb1-95c4-1aa8f7e5d3f6: receive RaftClientReply:client-B30EC828C355->c26939f8-4d1f-4fb1-95c4-1aa8f7e5d3f6@group-D25BE8053FEA, cid=2906, SUCCESS, logIndex=4351, commits[c26939f8-4d1f-4fb1-95c4-1aa8f7e5d3f6:c4352, c5393538-959b-47cf-9d9c-19dac7bed4ee:c4348, a2e6e0ff-38a8-4bcf-9958-a89ff312531d:c4348]
2019-07-15 13:07:10,342 INFO  client.GrpcClientProtocolClient (GrpcClientProtocolClient.java:onNext(255)) - client-B30EC828C355->c26939f8-4d1f-4fb1-95c4-1aa8f7e5d3f6: receive RaftClientReply:client-B30EC828C355->c26939f8-4d1f-4fb1-95c4-1aa8f7e5d3f6@group-D25BE8053FEA, cid=2907, SUCCESS, logIndex=4352, commits[c26939f8-4d1f-4fb1-95c4-1aa8f7e5d3f6:c4352, c5393538-959b-47cf-9d9c-19dac7bed4ee:c4348, a2e6e0ff-38a8-4bcf-9958-a89ff312531d:c4348]
2019-07-15 13:07:10,353 INFO  client.GrpcClientProtocolClient (GrpcClientProtocolClient.java:onNext(255)) - client-B30EC828C355->c26939f8-4d1f-4fb1-95c4-1aa8f7e5d3f6: receive RaftClientReply:client-B30EC828C355->c26939f8-4d1f-4fb1-95c4-1aa8f7e5d3f6@group-D25BE8053FEA, cid=2908, SUCCESS, logIndex=0, commits[c26939f8-4d1f-4fb1-95c4-1aa8f7e5d3f6:c4353, c5393538-959b-47cf-9d9c-19dac7bed4ee:c4352, a2e6e0ff-38a8-4bcf-9958-a89ff312531d:c4352]
2019-07-15 13:07:10,404 INFO  client.GrpcClientProtocolClient (GrpcClientProtocolClient.java:onNext(255)) - client-B30EC828C355->c26939f8-4d1f-4fb1-95c4-1aa8f7e5d3f6: receive RaftClientReply:client-B30EC828C355->c26939f8-4d1f-4fb1-95c4-1aa8f7e5d3f6@group-D25BE8053FEA, cid=2909, SUCCESS, logIndex=4355, commits[c26939f8-4d1f-4fb1-95c4-1aa8f7e5d3f6:c4358, c5393538-959b-47cf-9d9c-19dac7bed4ee:c4354, a2e6e0ff-38a8-4bcf-9958-a89ff312531d:c4354]
2019-07-15 13:07:10,405 INFO  client.GrpcClientProtocolClient (GrpcClientProtocolClient.java:onNext(255)) - client-B30EC828C355->c26939f8-4d1f-4fb1-95c4-1aa8f7e5d3f6: receive RaftClientReply:client-B30EC828C355->c26939f8-4d1f-4fb1-95c4-1aa8f7e5d3f6@group-D25BE8053FEA, cid=2910, SUCCESS, logIndex=4356, commits[c26939f8-4d1f-4fb1-95c4-1aa8f7e5d3f6:c4358, c5393538-959b-47cf-9d9c-19dac7bed4ee:c4354, a2e6e0ff-38a8-4bcf-9958-a89ff312531d:c4354]
2019-07-15 13:07:10,405 INFO  client.GrpcClientProtocolClient (GrpcClientProtocolClient.java:onNext(255)) - client-B30EC828C355->c26939f8-4d1f-4fb1-95c4-1aa8f7e5d3f6: receive RaftClientReply:client-B30EC828C355->c26939f8-4d1f-4fb1-95c4-1aa8f7e5d3f6@group-D25BE8053FEA, cid=2911, SUCCESS, logIndex=4357, commits[c26939f8-4d1f-4fb1-95c4-1aa8f7e5d3f6:c4358, c5393538-959b-47cf-9d9c-19dac7bed4ee:c4354, a2e6e0ff-38a8-4bcf-9958-a89ff312531d:c4354]
2019-07-15 13:07:10,405 INFO  client.GrpcClientProtocolClient (GrpcClientProtocolClient.java:onNext(255)) - client-B30EC828C355->c26939f8-4d1f-4fb1-95c4-1aa8f7e5d3f6: receive RaftClientReply:client-B30EC828C355->c26939f8-4d1f-4fb1-95c4-1aa8f7e5d3f6@group-D25BE8053FEA, cid=2912, SUCCESS, logIndex=4358, commits[c26939f8-4d1f-4fb1-95c4-1aa8f7e5d3f6:c4358, c5393538-959b-47cf-9d9c-19dac7bed4ee:c4354, a2e6e0ff-38a8-4bcf-9958-a89ff312531d:c4354]
2019-07-15 13:07:10,430 INFO  client.GrpcClientProtocolClient (GrpcClientProtocolClient.java:onNext(255)) - client-B30EC828C355->c26939f8-4d1f-4fb1-95c4-1aa8f7e5d3f6: receive RaftClientReply:client-B30EC828C355->c26939f8-4d1f-4fb1-95c4-1aa8f7e5d3f6@group-D25BE8053FEA, cid=2913, SUCCESS, logIndex=0, commits[c26939f8-4d1f-4fb1-95c4-1aa8f7e5d3f6:c4361, c5393538-959b-47cf-9d9c-19dac7bed4ee:c4356, a2e6e0ff-38a8-4bcf-9958-a89ff312531d:c4357]
2019-07-15 13:07:10,450 INFO  client.GrpcClientProtocolClient (GrpcClientProtocolClient.java:onNext(255)) - client-B30EC828C355->c26939f8-4d1f-4fb1-95c4-1aa8f7e5d3f6: receive RaftClientReply:client-B30EC828C355->c26939f8-4d1f-4fb1-95c4-1aa8f7e5d3f6@group-D25BE8053FEA, cid=2914, SUCCESS, logIndex=4363, commits[c26939f8-4d1f-4fb1-95c4-1aa8f7e5d3f6:c4364, c5393538-959b-47cf-9d9c-19dac7bed4ee:c4362, a2e6e0ff-38a8-4bcf-9958-a89ff312531d:c4362]
2019-07-15 13:07:10,451 INFO  client.GrpcClientProtocolClient (GrpcClientProtocolClient.java:onNext(255)) - client-B30EC828C355->c26939f8-4d1f-4fb1-95c4-1aa8f7e5d3f6: receive RaftClientReply:client-B30EC828C355->c26939f8-4d1f-4fb1-95c4-1aa8f7e5d3f6@group-D25BE8053FEA, cid=2915, SUCCESS, logIndex=4364, commits[c26939f8-4d1f-4fb1-95c4-1aa8f7e5d3f6:c4364, c5393538-959b-47cf-9d9c-19dac7bed4ee:c4362, a2e6e0ff-38a8-4bcf-9958-a89ff312531d:c4362]
2019-07-15 13:07:10,479 INFO  client.GrpcClientProtocolClient (GrpcClientProtocolClient.java:onNext(255)) - client-B30EC828C355->c26939f8-4d1f-4fb1-95c4-1aa8f7e5d3f6: receive RaftClientReply:client-B30EC828C355->c26939f8-4d1f-4fb1-95c4-1aa8f7e5d3f6@group-D25BE8053FEA, cid=2916, SUCCESS, logIndex=4367, commits[c26939f8-4d1f-4fb1-95c4-1aa8f7e5d3f6:c4367, c5393538-959b-47cf-9d9c-19dac7bed4ee:c4364, a2e6e0ff-38a8-4bcf-9958-a89ff312531d:c4364]
2019-07-15 13:07:10,480 INFO  client.GrpcClientProtocolClient (GrpcClientProtocolClient.java:onNext(255)) - client-B30EC828C355->c26939f8-4d1f-4fb1-95c4-1aa8f7e5d3f6: receive RaftClientReply:client-B30EC828C355->c26939f8-4d1f-4fb1-95c4-1aa8f7e5d3f6@group-D25BE8053FEA, cid=2917, SUCCESS, logIndex=4368, commits[c26939f8-4d1f-4fb1-95c4-1aa8f7e5d3f6:c4368, c5393538-959b-47cf-9d9c-19dac7bed4ee:c4364, a2e6e0ff-38a8-4bcf-9958-a89ff312531d:c4364]
2019-07-15 13:07:10,503 INFO  client.GrpcClientProtocolClient (GrpcClientProtocolClient.java:onNext(255)) - client-B30EC828C355->c26939f8-4d1f-4fb1-95c4-1aa8f7e5d3f6: receive RaftClientReply:client-B30EC828C355->c26939f8-4d1f-4fb1-95c4-1aa8f7e5d3f6@group-D25BE8053FEA, cid=2918, SUCCESS, logIndex=0, commits[c26939f8-4d1f-4fb1-95c4-1aa8f7e5d3f6:c4370, c5393538-959b-47cf-9d9c-19dac7bed4ee:c4368, a2e6e0ff-38a8-4bcf-9958-a89ff312531d:c4368]
2019-07-15 13:07:10,540 INFO  client.GrpcClientProtocolClient (GrpcClientProtocolClient.java:onNext(255)) - client-B30EC828C355->c26939f8-4d1f-4fb1-95c4-1aa8f7e5d3f6: receive RaftClientReply:client-B30EC828C355->c26939f8-4d1f-4fb1-95c4-1aa8f7e5d3f6@group-D25BE8053FEA, cid=2919, SUCCESS, logIndex=4371, commits[c26939f8-4d1f-4fb1-95c4-1aa8f7e5d3f6:c4372, c5393538-959b-47cf-9d9c-19dac7bed4ee:c4370, a2e6e0ff-38a8-4bcf-9958-a89ff312531d:c4370]
2019-07-15 13:07:10,541 INFO  client.GrpcClientProtocolClient (GrpcClientProtocolClient.java:onNext(255)) - client-B30EC828C355->c26939f8-4d1f-4fb1-95c4-1aa8f7e5d3f6: receive RaftClientReply:client-B30EC828C355->c26939f8-4d1f-4fb1-95c4-1aa8f7e5d3f6@group-D25BE8053FEA, cid=2920, SUCCESS, logIndex=4372, commits[c26939f8-4d1f-4fb1-95c4-1aa8f7e5d3f6:c4374, c5393538-959b-47cf-9d9c-19dac7bed4ee:c4370, a2e6e0ff-38a8-4bcf-9958-a89ff312531d:c4370]
2019-07-15 13:07:10,541 INFO  client.GrpcClientProtocolClient (GrpcClientProtocolClient.java:onNext(255)) - client-B30EC828C355->c26939f8-4d1f-4fb1-95c4-1aa8f7e5d3f6: receive RaftClientReply:client-B30EC828C355->c26939f8-4d1f-4fb1-95c4-1aa8f7e5d3f6@group-D25BE8053FEA, cid=2921, SUCCESS, logIndex=4373, commits[c26939f8-4d1f-4fb1-95c4-1aa8f7e5d3f6:c4374, c5393538-959b-47cf-9d9c-19dac7bed4ee:c4370, a2e6e0ff-38a8-4bcf-9958-a89ff312531d:c4370]
2019-07-15 13:07:10,541 INFO  client.GrpcClientProtocolClient (GrpcClientProtocolClient.java:onNext(255)) - client-B30EC828C355->c26939f8-4d1f-4fb1-95c4-1aa8f7e5d3f6: receive RaftClientReply:client-B30EC828C355->c26939f8-4d1f-4fb1-95c4-1aa8f7e5d3f6@group-D25BE8053FEA, cid=2922, SUCCESS, logIndex=4374, commits[c26939f8-4d1f-4fb1-95c4-1aa8f7e5d3f6:c4374, c5393538-959b-47cf-9d9c-19dac7bed4ee:c4370, a2e6e0ff-38a8-4bcf-9958-a89ff312531d:c4370]
2019-07-15 13:07:10,544 INFO  client.GrpcClientProtocolClient (GrpcClientProtocolClient.java:onNext(255)) - client-B30EC828C355->c26939f8-4d1f-4fb1-95c4-1aa8f7e5d3f6: receive RaftClientReply:client-B30EC828C355->c26939f8-4d1f-4fb1-95c4-1aa8f7e5d3f6@group-D25BE8053FEA, cid=2923, SUCCESS, logIndex=0, commits[c26939f8-4d1f-4fb1-95c4-1aa8f7e5d3f6:c4376, c5393538-959b-47cf-9d9c-19dac7bed4ee:c4372, a2e6e0ff-38a8-4bcf-9958-a89ff312531d:c4372]
2019-07-15 13:07:10,575 INFO  client.GrpcClientProtocolClient (GrpcClientProtocolClient.java:onNext(255)) - client-B30EC828C355->c26939f8-4d1f-4fb1-95c4-1aa8f7e5d3f6: receive RaftClientReply:client-B30EC828C355->c26939f8-4d1f-4fb1-95c4-1aa8f7e5d3f6@group-D25BE8053FEA, cid=2924, SUCCESS, logIndex=4378, commits[c26939f8-4d1f-4fb1-95c4-1aa8f7e5d3f6:c4378, c5393538-959b-47cf-9d9c-19dac7bed4ee:c4377, a2e6e0ff-38a8-4bcf-9958-a89ff312531d:c4374]
2019-07-15 13:07:10,575 INFO  client.GrpcClientProtocolClient (GrpcClientProtocolClient.java:onNext(255)) - client-B30EC828C355->c26939f8-4d1f-4fb1-95c4-1aa8f7e5d3f6: receive RaftClientReply:client-B30EC828C355->c26939f8-4d1f-4fb1-95c4-1aa8f7e5d3f6@group-D25BE8053FEA, cid=2925, SUCCESS, logIndex=4379, commits[c26939f8-4d1f-4fb1-95c4-1aa8f7e5d3f6:c4379, c5393538-959b-47cf-9d9c-19dac7bed4ee:c4377, a2e6e0ff-38a8-4bcf-9958-a89ff312531d:c4377]
2019-07-15 13:07:10,589 INFO  client.GrpcClientProtocolClient (GrpcClientProtocolClient.java:onNext(255)) - client-B30EC828C355->c26939f8-4d1f-4fb1-95c4-1aa8f7e5d3f6: receive RaftClientReply:client-B30EC828C355->c26939f8-4d1f-4fb1-95c4-1aa8f7e5d3f6@group-D25BE8053FEA, cid=2926, SUCCESS, logIndex=4382, commits[c26939f8-4d1f-4fb1-95c4-1aa8f7e5d3f6:c4383, c5393538-959b-47cf-9d9c-19dac7bed4ee:c4379, a2e6e0ff-38a8-4bcf-9958-a89ff312531d:c4379]
2019-07-15 13:07:10,590 INFO  client.GrpcClientProtocolClient (GrpcClientProtocolClient.java:onNext(255)) - client-B30EC828C355->c26939f8-4d1f-4fb1-95c4-1aa8f7e5d3f6: receive RaftClientReply:client-B30EC828C355->c26939f8-4d1f-4fb1-95c4-1aa8f7e5d3f6@group-D25BE8053FEA, cid=2927, SUCCESS, logIndex=4383, commits[c26939f8-4d1f-4fb1-95c4-1aa8f7e5d3f6:c4383, c5393538-959b-47cf-9d9c-19dac7bed4ee:c4379, a2e6e0ff-38a8-4bcf-9958-a89ff312531d:c4379]
2019-07-15 13:07:10,602 INFO  client.GrpcClientProtocolClient (GrpcClientProtocolClient.java:onNext(255)) - client-B30EC828C355->c26939f8-4d1f-4fb1-95c4-1aa8f7e5d3f6: receive RaftClientReply:client-B30EC828C355->c26939f8-4d1f-4fb1-95c4-1aa8f7e5d3f6@group-D25BE8053FEA, cid=2928, SUCCESS, logIndex=0, commits[c26939f8-4d1f-4fb1-95c4-1aa8f7e5d3f6:c4384, c5393538-959b-47cf-9d9c-19dac7bed4ee:c4383, a2e6e0ff-38a8-4bcf-9958-a89ff312531d:c4383]
2019-07-15 13:07:10,634 INFO  client.GrpcClientProtocolClient (GrpcClientProtocolClient.java:onNext(255)) - client-B30EC828C355->c26939f8-4d1f-4fb1-95c4-1aa8f7e5d3f6: receive RaftClientReply:client-B30EC828C355->c26939f8-4d1f-4fb1-95c4-1aa8f7e5d3f6@group-D25BE8053FEA, cid=2929, SUCCESS, logIndex=4386, commits[c26939f8-4d1f-4fb1-95c4-1aa8f7e5d3f6:c4388, c5393538-959b-47cf-9d9c-19dac7bed4ee:c4385, a2e6e0ff-38a8-4bcf-9958-a89ff312531d:c4385]
2019-07-15 13:07:10,634 INFO  client.GrpcClientProtocolClient (GrpcClientProtocolClient.java:onNext(255)) - client-B30EC828C355->c26939f8-4d1f-4fb1-95c4-1aa8f7e5d3f6: receive RaftClientReply:client-B30EC828C355->c26939f8-4d1f-4fb1-95c4-1aa8f7e5d3f6@group-D25BE8053FEA, cid=2930, SUCCESS, logIndex=4387, commits[c26939f8-4d1f-4fb1-95c4-1aa8f7e5d3f6:c4389, c5393538-959b-47cf-9d9c-19dac7bed4ee:c4385, a2e6e0ff-38a8-4bcf-9958-a89ff312531d:c4385]
2019-07-15 13:07:10,635 INFO  client.GrpcClientProtocolClient (GrpcClientProtocolClient.java:onNext(255)) - client-B30EC828C355->c26939f8-4d1f-4fb1-95c4-1aa8f7e5d3f6: receive RaftClientReply:client-B30EC828C355->c26939f8-4d1f-4fb1-95c4-1aa8f7e5d3f6@group-D25BE8053FEA, cid=2931, SUCCESS, logIndex=4388, commits[c26939f8-4d1f-4fb1-95c4-1aa8f7e5d3f6:c4389, c5393538-959b-47cf-9d9c-19dac7bed4ee:c4385, a2e6e0ff-38a8-4bcf-9958-a89ff312531d:c4385]
2019-07-15 13:07:10,635 INFO  client.GrpcClientProtocolClient (GrpcClientProtocolClient.java:onNext(255)) - client-B30EC828C355->c26939f8-4d1f-4fb1-95c4-1aa8f7e5d3f6: receive RaftClientReply:client-B30EC828C355->c26939f8-4d1f-4fb1-95c4-1aa8f7e5d3f6@group-D25BE8053FEA, cid=2932, SUCCESS, logIndex=4389, commits[c26939f8-4d1f-4fb1-95c4-1aa8f7e5d3f6:c4389, c5393538-959b-47cf-9d9c-19dac7bed4ee:c4385, a2e6e0ff-38a8-4bcf-9958-a89ff312531d:c4385]
2019-07-15 13:07:10,646 INFO  client.GrpcClientProtocolClient (GrpcClientProtocolClient.java:onNext(255)) - client-B30EC828C355->c26939f8-4d1f-4fb1-95c4-1aa8f7e5d3f6: receive RaftClientReply:client-B30EC828C355->c26939f8-4d1f-4fb1-95c4-1aa8f7e5d3f6@group-D25BE8053FEA, cid=2933, SUCCESS, logIndex=0, commits[c26939f8-4d1f-4fb1-95c4-1aa8f7e5d3f6:c4392, c5393538-959b-47cf-9d9c-19dac7bed4ee:c4388, a2e6e0ff-38a8-4bcf-9958-a89ff312531d:c4388]
2019-07-15 13:07:10,666 INFO  client.GrpcClientProtocolClient (GrpcClientProtocolClient.java:onNext(255)) - client-B30EC828C355->c26939f8-4d1f-4fb1-95c4-1aa8f7e5d3f6: receive RaftClientReply:client-B30EC828C355->c26939f8-4d1f-4fb1-95c4-1aa8f7e5d3f6@group-D25BE8053FEA, cid=2934, SUCCESS, logIndex=4394, commits[c26939f8-4d1f-4fb1-95c4-1aa8f7e5d3f6:c4395, c5393538-959b-47cf-9d9c-19dac7bed4ee:c4393, a2e6e0ff-38a8-4bcf-9958-a89ff312531d:c4393]
2019-07-15 13:07:10,666 INFO  client.GrpcClientProtocolClient (GrpcClientProtocolClient.java:onNext(255)) - client-B30EC828C355->c26939f8-4d1f-4fb1-95c4-1aa8f7e5d3f6: receive RaftClientReply:client-B30EC828C355->c26939f8-4d1f-4fb1-95c4-1aa8f7e5d3f6@group-D25BE8053FEA, cid=2935, SUCCESS, logIndex=4395, commits[c26939f8-4d1f-4fb1-95c4-1aa8f7e5d3f6:c4395, c5393538-959b-47cf-9d9c-19dac7bed4ee:c4393, a2e6e0ff-38a8-4bcf-9958-a89ff312531d:c4393]
2019-07-15 13:07:10,691 INFO  client.GrpcClientProtocolClient (GrpcClientProtocolClient.java:onNext(255)) - client-B30EC828C355->c26939f8-4d1f-4fb1-95c4-1aa8f7e5d3f6: receive RaftClientReply:client-B30EC828C355->c26939f8-4d1f-4fb1-95c4-1aa8f7e5d3f6@group-D25BE8053FEA, cid=2936, SUCCESS, logIndex=4398, commits[c26939f8-4d1f-4fb1-95c4-1aa8f7e5d3f6:c4399, c5393538-959b-47cf-9d9c-19dac7bed4ee:c4395, a2e6e0ff-38a8-4bcf-9958-a89ff312531d:c4395]
2019-07-15 13:07:10,692 INFO  client.GrpcClientProtocolClient (GrpcClientProtocolClient.java:onNext(255)) - client-B30EC828C355->c26939f8-4d1f-4fb1-95c4-1aa8f7e5d3f6: receive RaftClientReply:client-B30EC828C355->c26939f8-4d1f-4fb1-95c4-1aa8f7e5d3f6@group-D25BE8053FEA, cid=2937, SUCCESS, logIndex=4399, commits[c26939f8-4d1f-4fb1-95c4-1aa8f7e5d3f6:c4399, c5393538-959b-47cf-9d9c-19dac7bed4ee:c4395, a2e6e0ff-38a8-4bcf-9958-a89ff312531d:c4395]
2019-07-15 13:07:10,718 INFO  client.GrpcClientProtocolClient (GrpcClientProtocolClient.java:onNext(255)) - client-B30EC828C355->c26939f8-4d1f-4fb1-95c4-1aa8f7e5d3f6: receive RaftClientReply:client-B30EC828C355->c26939f8-4d1f-4fb1-95c4-1aa8f7e5d3f6@group-D25BE8053FEA, cid=2938, SUCCESS, logIndex=0, commits[c26939f8-4d1f-4fb1-95c4-1aa8f7e5d3f6:c4400, c5393538-959b-47cf-9d9c-19dac7bed4ee:c4399, a2e6e0ff-38a8-4bcf-9958-a89ff312531d:c4399]
2019-07-15 13:07:10,753 INFO  client.GrpcClientProtocolClient (GrpcClientProtocolClient.java:onNext(255)) - client-B30EC828C355->c26939f8-4d1f-4fb1-95c4-1aa8f7e5d3f6: receive RaftClientReply:client-B30EC828C355->c26939f8-4d1f-4fb1-95c4-1aa8f7e5d3f6@group-D25BE8053FEA, cid=2939, SUCCESS, logIndex=4402, commits[c26939f8-4d1f-4fb1-95c4-1aa8f7e5d3f6:c4403, c5393538-959b-47cf-9d9c-19dac7bed4ee:c4401, a2e6e0ff-38a8-4bcf-9958-a89ff312531d:c4401]
2019-07-15 13:07:10,753 INFO  client.GrpcClientProtocolClient (GrpcClientProtocolClient.java:onNext(255)) - client-B30EC828C355->c26939f8-4d1f-4fb1-95c4-1aa8f7e5d3f6: receive RaftClientReply:client-B30EC828C355->c26939f8-4d1f-4fb1-95c4-1aa8f7e5d3f6@group-D25BE8053FEA, cid=2940, SUCCESS, logIndex=4403, commits[c26939f8-4d1f-4fb1-95c4-1aa8f7e5d3f6:c4403, c5393538-959b-47cf-9d9c-19dac7bed4ee:c4401, a2e6e0ff-38a8-4bcf-9958-a89ff312531d:c4401]
2019-07-15 13:07:10,764 INFO  client.GrpcClientProtocolClient (GrpcClientProtocolClient.java:onNext(255)) - client-B30EC828C355->c26939f8-4d1f-4fb1-95c4-1aa8f7e5d3f6: receive RaftClientReply:client-B30EC828C355->c26939f8-4d1f-4fb1-95c4-1aa8f7e5d3f6@group-D25BE8053FEA, cid=2941, SUCCESS, logIndex=4404, commits[c26939f8-4d1f-4fb1-95c4-1aa8f7e5d3f6:c4405, c5393538-959b-47cf-9d9c-19dac7bed4ee:c4401, a2e6e0ff-38a8-4bcf-9958-a89ff312531d:c4401]
2019-07-15 13:07:10,764 INFO  client.GrpcClientProtocolClient (GrpcClientProtocolClient.java:onNext(255)) - client-B30EC828C355->c26939f8-4d1f-4fb1-95c4-1aa8f7e5d3f6: receive RaftClientReply:client-B30EC828C355->c26939f8-4d1f-4fb1-95c4-1aa8f7e5d3f6@group-D25BE8053FEA, cid=2942, SUCCESS, logIndex=4405, commits[c26939f8-4d1f-4fb1-95c4-1aa8f7e5d3f6:c4405, c5393538-959b-47cf-9d9c-19dac7bed4ee:c4401, a2e6e0ff-38a8-4bcf-9958-a89ff312531d:c4401]
2019-07-15 13:07:10,777 INFO  client.GrpcClientProtocolClient (GrpcClientProtocolClient.java:onNext(255)) - client-B30EC828C355->c26939f8-4d1f-4fb1-95c4-1aa8f7e5d3f6: receive RaftClientReply:client-B30EC828C355->c26939f8-4d1f-4fb1-95c4-1aa8f7e5d3f6@group-D25BE8053FEA, cid=2943, SUCCESS, logIndex=0, commits[c26939f8-4d1f-4fb1-95c4-1aa8f7e5d3f6:c4407, c5393538-959b-47cf-9d9c-19dac7bed4ee:c4403, a2e6e0ff-38a8-4bcf-9958-a89ff312531d:c4403]
2019-07-15 13:07:10,792 INFO  client.GrpcClientProtocolClient (GrpcClientProtocolClient.java:onNext(255)) - client-B30EC828C355->c26939f8-4d1f-4fb1-95c4-1aa8f7e5d3f6: receive RaftClientReply:client-B30EC828C355->c26939f8-4d1f-4fb1-95c4-1aa8f7e5d3f6@group-D25BE8053FEA, cid=2944, SUCCESS, logIndex=4410, commits[c26939f8-4d1f-4fb1-95c4-1aa8f7e5d3f6:c4411, c5393538-959b-47cf-9d9c-19dac7bed4ee:c4405, a2e6e0ff-38a8-4bcf-9958-a89ff312531d:c4407]
2019-07-15 13:07:10,792 INFO  client.GrpcClientProtocolClient (GrpcClientProtocolClient.java:onNext(255)) - client-B30EC828C355->c26939f8-4d1f-4fb1-95c4-1aa8f7e5d3f6: receive RaftClientReply:client-B30EC828C355->c26939f8-4d1f-4fb1-95c4-1aa8f7e5d3f6@group-D25BE8053FEA, cid=2945, SUCCESS, logIndex=4411, commits[c26939f8-4d1f-4fb1-95c4-1aa8f7e5d3f6:c4411, c5393538-959b-47cf-9d9c-19dac7bed4ee:c4405, a2e6e0ff-38a8-4bcf-9958-a89ff312531d:c4407]
2019-07-15 13:07:10,821 INFO  client.GrpcClientProtocolClient (GrpcClientProtocolClient.java:onNext(255)) - client-B30EC828C355->c26939f8-4d1f-4fb1-95c4-1aa8f7e5d3f6: receive RaftClientReply:client-B30EC828C355->c26939f8-4d1f-4fb1-95c4-1aa8f7e5d3f6@group-D25BE8053FEA, cid=2946, SUCCESS, logIndex=4414, commits[c26939f8-4d1f-4fb1-95c4-1aa8f7e5d3f6:c4414, c5393538-959b-47cf-9d9c-19dac7bed4ee:c4413, a2e6e0ff-38a8-4bcf-9958-a89ff312531d:c4413]
2019-07-15 13:07:10,822 INFO  client.GrpcClientProtocolClient (GrpcClientProtocolClient.java:onNext(255)) - client-B30EC828C355->c26939f8-4d1f-4fb1-95c4-1aa8f7e5d3f6: receive RaftClientReply:client-B30EC828C355->c26939f8-4d1f-4fb1-95c4-1aa8f7e5d3f6@group-D25BE8053FEA, cid=2947, SUCCESS, logIndex=4415, commits[c26939f8-4d1f-4fb1-95c4-1aa8f7e5d3f6:c4415, c5393538-959b-47cf-9d9c-19dac7bed4ee:c4413, a2e6e0ff-38a8-4bcf-9958-a89ff312531d:c4413]
2019-07-15 13:07:10,836 INFO  client.GrpcClientProtocolClient (GrpcClientProtocolClient.java:onNext(255)) - client-B30EC828C355->c26939f8-4d1f-4fb1-95c4-1aa8f7e5d3f6: receive RaftClientReply:client-B30EC828C355->c26939f8-4d1f-4fb1-95c4-1aa8f7e5d3f6@group-D25BE8053FEA, cid=2948, SUCCESS, logIndex=0, commits[c26939f8-4d1f-4fb1-95c4-1aa8f7e5d3f6:c4417, c5393538-959b-47cf-9d9c-19dac7bed4ee:c4415, a2e6e0ff-38a8-4bcf-9958-a89ff312531d:c4415]
2019-07-15 13:07:10,869 INFO  client.GrpcClientProtocolClient (GrpcClientProtocolClient.java:onNext(255)) - client-B30EC828C355->c26939f8-4d1f-4fb1-95c4-1aa8f7e5d3f6: receive RaftClientReply:client-B30EC828C355->c26939f8-4d1f-4fb1-95c4-1aa8f7e5d3f6@group-D25BE8053FEA, cid=2949, SUCCESS, logIndex=4418, commits[c26939f8-4d1f-4fb1-95c4-1aa8f7e5d3f6:c4419, c5393538-959b-47cf-9d9c-19dac7bed4ee:c4417, a2e6e0ff-38a8-4bcf-9958-a89ff312531d:c4417]
2019-07-15 13:07:10,870 INFO  client.GrpcClientProtocolClient (GrpcClientProtocolClient.java:onNext(255)) - client-B30EC828C355->c26939f8-4d1f-4fb1-95c4-1aa8f7e5d3f6: receive RaftClientReply:client-B30EC828C355->c26939f8-4d1f-4fb1-95c4-1aa8f7e5d3f6@group-D25BE8053FEA, cid=2950, SUCCESS, logIndex=4419, commits[c26939f8-4d1f-4fb1-95c4-1aa8f7e5d3f6:c4419, c5393538-959b-47cf-9d9c-19dac7bed4ee:c4417, a2e6e0ff-38a8-4bcf-9958-a89ff312531d:c4417]
2019-07-15 13:07:10,870 INFO  client.GrpcClientProtocolClient (GrpcClientProtocolClient.java:onNext(255)) - client-B30EC828C355->c26939f8-4d1f-4fb1-95c4-1aa8f7e5d3f6: receive RaftClientReply:client-B30EC828C355->c26939f8-4d1f-4fb1-95c4-1aa8f7e5d3f6@group-D25BE8053FEA, cid=2951, SUCCESS, logIndex=4420, commits[c26939f8-4d1f-4fb1-95c4-1aa8f7e5d3f6:c4421, c5393538-959b-47cf-9d9c-19dac7bed4ee:c4417, a2e6e0ff-38a8-4bcf-9958-a89ff312531d:c4417]
2019-07-15 13:07:10,871 INFO  client.GrpcClientProtocolClient (GrpcClientProtocolClient.java:onNext(255)) - client-B30EC828C355->c26939f8-4d1f-4fb1-95c4-1aa8f7e5d3f6: receive RaftClientReply:client-B30EC828C355->c26939f8-4d1f-4fb1-95c4-1aa8f7e5d3f6@group-D25BE8053FEA, cid=2952, SUCCESS, logIndex=4421, commits[c26939f8-4d1f-4fb1-95c4-1aa8f7e5d3f6:c4421, c5393538-959b-47cf-9d9c-19dac7bed4ee:c4417, a2e6e0ff-38a8-4bcf-9958-a89ff312531d:c4417]
2019-07-15 13:07:10,872 INFO  client.GrpcClientProtocolClient (GrpcClientProtocolClient.java:onNext(255)) - client-B30EC828C355->c26939f8-4d1f-4fb1-95c4-1aa8f7e5d3f6: receive RaftClientReply:client-B30EC828C355->c26939f8-4d1f-4fb1-95c4-1aa8f7e5d3f6@group-D25BE8053FEA, cid=2953, SUCCESS, logIndex=0, commits[c26939f8-4d1f-4fb1-95c4-1aa8f7e5d3f6:c4423, c5393538-959b-47cf-9d9c-19dac7bed4ee:c4419, a2e6e0ff-38a8-4bcf-9958-a89ff312531d:c4419]
2019-07-15 13:07:10,886 INFO  client.GrpcClientProtocolClient (GrpcClientProtocolClient.java:onNext(255)) - client-B30EC828C355->c26939f8-4d1f-4fb1-95c4-1aa8f7e5d3f6: receive RaftClientReply:client-B30EC828C355->c26939f8-4d1f-4fb1-95c4-1aa8f7e5d3f6@group-D25BE8053FEA, cid=2954, SUCCESS, logIndex=4426, commits[c26939f8-4d1f-4fb1-95c4-1aa8f7e5d3f6:c4427, c5393538-959b-47cf-9d9c-19dac7bed4ee:c4423, a2e6e0ff-38a8-4bcf-9958-a89ff312531d:c4421]
2019-07-15 13:07:10,887 INFO  client.GrpcClientProtocolClient (GrpcClientProtocolClient.java:onNext(255)) - client-B30EC828C355->c26939f8-4d1f-4fb1-95c4-1aa8f7e5d3f6: receive RaftClientReply:client-B30EC828C355->c26939f8-4d1f-4fb1-95c4-1aa8f7e5d3f6@group-D25BE8053FEA, cid=2955, SUCCESS, logIndex=4427, commits[c26939f8-4d1f-4fb1-95c4-1aa8f7e5d3f6:c4427, c5393538-959b-47cf-9d9c-19dac7bed4ee:c4423, a2e6e0ff-38a8-4bcf-9958-a89ff312531d:c4423]
2019-07-15 13:07:10,900 INFO  client.GrpcClientProtocolClient (GrpcClientProtocolClient.java:onNext(255)) - client-B30EC828C355->c26939f8-4d1f-4fb1-95c4-1aa8f7e5d3f6: receive RaftClientReply:client-B30EC828C355->c26939f8-4d1f-4fb1-95c4-1aa8f7e5d3f6@group-D25BE8053FEA, cid=2956, SUCCESS, logIndex=4429, commits[c26939f8-4d1f-4fb1-95c4-1aa8f7e5d3f6:c4430, c5393538-959b-47cf-9d9c-19dac7bed4ee:c4427, a2e6e0ff-38a8-4bcf-9958-a89ff312531d:c4427]
2019-07-15 13:07:10,900 INFO  client.GrpcClientProtocolClient (GrpcClientProtocolClient.java:onNext(255)) - client-B30EC828C355->c26939f8-4d1f-4fb1-95c4-1aa8f7e5d3f6: receive RaftClientReply:client-B30EC828C355->c26939f8-4d1f-4fb1-95c4-1aa8f7e5d3f6@group-D25BE8053FEA, cid=2957, SUCCESS, logIndex=4430, commits[c26939f8-4d1f-4fb1-95c4-1aa8f7e5d3f6:c4430, c5393538-959b-47cf-9d9c-19dac7bed4ee:c4427, a2e6e0ff-38a8-4bcf-9958-a89ff312531d:c4427]
2019-07-15 13:07:10,914 INFO  client.GrpcClientProtocolClient (GrpcClientProtocolClient.java:onNext(255)) - client-B30EC828C355->c26939f8-4d1f-4fb1-95c4-1aa8f7e5d3f6: receive RaftClientReply:client-B30EC828C355->c26939f8-4d1f-4fb1-95c4-1aa8f7e5d3f6@group-D25BE8053FEA, cid=2958, SUCCESS, logIndex=0, commits[c26939f8-4d1f-4fb1-95c4-1aa8f7e5d3f6:c4432, c5393538-959b-47cf-9d9c-19dac7bed4ee:c4430, a2e6e0ff-38a8-4bcf-9958-a89ff312531d:c4430]
2019-07-15 13:07:10,952 INFO  client.GrpcClientProtocolClient (GrpcClientProtocolClient.java:onNext(255)) - client-B30EC828C355->c26939f8-4d1f-4fb1-95c4-1aa8f7e5d3f6: receive RaftClientReply:client-B30EC828C355->c26939f8-4d1f-4fb1-95c4-1aa8f7e5d3f6@group-D25BE8053FEA, cid=2959, SUCCESS, logIndex=4433, commits[c26939f8-4d1f-4fb1-95c4-1aa8f7e5d3f6:c4434, c5393538-959b-47cf-9d9c-19dac7bed4ee:c4432, a2e6e0ff-38a8-4bcf-9958-a89ff312531d:c4432]
2019-07-15 13:07:10,952 INFO  client.GrpcClientProtocolClient (GrpcClientProtocolClient.java:onNext(255)) - client-B30EC828C355->c26939f8-4d1f-4fb1-95c4-1aa8f7e5d3f6: receive RaftClientReply:client-B30EC828C355->c26939f8-4d1f-4fb1-95c4-1aa8f7e5d3f6@group-D25BE8053FEA, cid=2960, SUCCESS, logIndex=4434, commits[c26939f8-4d1f-4fb1-95c4-1aa8f7e5d3f6:c4434, c5393538-959b-47cf-9d9c-19dac7bed4ee:c4432, a2e6e0ff-38a8-4bcf-9958-a89ff312531d:c4432]
2019-07-15 13:07:10,964 INFO  client.GrpcClientProtocolClient (GrpcClientProtocolClient.java:onNext(255)) - client-B30EC828C355->c26939f8-4d1f-4fb1-95c4-1aa8f7e5d3f6: receive RaftClientReply:client-B30EC828C355->c26939f8-4d1f-4fb1-95c4-1aa8f7e5d3f6@group-D25BE8053FEA, cid=2961, SUCCESS, logIndex=4435, commits[c26939f8-4d1f-4fb1-95c4-1aa8f7e5d3f6:c4436, c5393538-959b-47cf-9d9c-19dac7bed4ee:c4432, a2e6e0ff-38a8-4bcf-9958-a89ff312531d:c4432]
2019-07-15 13:07:10,964 INFO  client.GrpcClientProtocolClient (GrpcClientProtocolClient.java:onNext(255)) - client-B30EC828C355->c26939f8-4d1f-4fb1-95c4-1aa8f7e5d3f6: receive RaftClientReply:client-B30EC828C355->c26939f8-4d1f-4fb1-95c4-1aa8f7e5d3f6@group-D25BE8053FEA, cid=2962, SUCCESS, logIndex=4436, commits[c26939f8-4d1f-4fb1-95c4-1aa8f7e5d3f6:c4436, c5393538-959b-47cf-9d9c-19dac7bed4ee:c4432, a2e6e0ff-38a8-4bcf-9958-a89ff312531d:c4432]
2019-07-15 13:07:10,976 INFO  client.GrpcClientProtocolClient (GrpcClientProtocolClient.java:onNext(255)) - client-B30EC828C355->c26939f8-4d1f-4fb1-95c4-1aa8f7e5d3f6: receive RaftClientReply:client-B30EC828C355->c26939f8-4d1f-4fb1-95c4-1aa8f7e5d3f6@group-D25BE8053FEA, cid=2963, SUCCESS, logIndex=0, commits[c26939f8-4d1f-4fb1-95c4-1aa8f7e5d3f6:c4438, c5393538-959b-47cf-9d9c-19dac7bed4ee:c4434, a2e6e0ff-38a8-4bcf-9958-a89ff312531d:c4434]
2019-07-15 13:07:11,012 INFO  client.GrpcClientProtocolClient (GrpcClientProtocolClient.java:onNext(255)) - client-B30EC828C355->c26939f8-4d1f-4fb1-95c4-1aa8f7e5d3f6: receive RaftClientReply:client-B30EC828C355->c26939f8-4d1f-4fb1-95c4-1aa8f7e5d3f6@group-D25BE8053FEA, cid=2964, SUCCESS, logIndex=4441, commits[c26939f8-4d1f-4fb1-95c4-1aa8f7e5d3f6:c4442, c5393538-959b-47cf-9d9c-19dac7bed4ee:c4440, a2e6e0ff-38a8-4bcf-9958-a89ff312531d:c4440]
2019-07-15 13:07:11,013 INFO  client.GrpcClientProtocolClient (GrpcClientProtocolClient.java:onNext(255)) - client-B30EC828C355->c26939f8-4d1f-4fb1-95c4-1aa8f7e5d3f6: receive RaftClientReply:client-B30EC828C355->c26939f8-4d1f-4fb1-95c4-1aa8f7e5d3f6@group-D25BE8053FEA, cid=2965, SUCCESS, logIndex=4442, commits[c26939f8-4d1f-4fb1-95c4-1aa8f7e5d3f6:c4442, c5393538-959b-47cf-9d9c-19dac7bed4ee:c4440, a2e6e0ff-38a8-4bcf-9958-a89ff312531d:c4440]
2019-07-15 13:07:11,039 INFO  client.GrpcClientProtocolClient (GrpcClientProtocolClient.java:onNext(255)) - client-B30EC828C355->c26939f8-4d1f-4fb1-95c4-1aa8f7e5d3f6: receive RaftClientReply:client-B30EC828C355->c26939f8-4d1f-4fb1-95c4-1aa8f7e5d3f6@group-D25BE8053FEA, cid=2966, SUCCESS, logIndex=4445, commits[c26939f8-4d1f-4fb1-95c4-1aa8f7e5d3f6:c4446, c5393538-959b-47cf-9d9c-19dac7bed4ee:c4442, a2e6e0ff-38a8-4bcf-9958-a89ff312531d:c4442]
2019-07-15 13:07:11,040 INFO  client.GrpcClientProtocolClient (GrpcClientProtocolClient.java:onNext(255)) - client-B30EC828C355->c26939f8-4d1f-4fb1-95c4-1aa8f7e5d3f6: receive RaftClientReply:client-B30EC828C355->c26939f8-4d1f-4fb1-95c4-1aa8f7e5d3f6@group-D25BE8053FEA, cid=2967, SUCCESS, logIndex=4446, commits[c26939f8-4d1f-4fb1-95c4-1aa8f7e5d3f6:c4446, c5393538-959b-47cf-9d9c-19dac7bed4ee:c4442, a2e6e0ff-38a8-4bcf-9958-a89ff312531d:c4442]
2019-07-15 13:07:11,065 INFO  client.GrpcClientProtocolClient (GrpcClientProtocolClient.java:onNext(255)) - client-B30EC828C355->c26939f8-4d1f-4fb1-95c4-1aa8f7e5d3f6: receive RaftClientReply:client-B30EC828C355->c26939f8-4d1f-4fb1-95c4-1aa8f7e5d3f6@group-D25BE8053FEA, cid=2968, SUCCESS, logIndex=0, commits[c26939f8-4d1f-4fb1-95c4-1aa8f7e5d3f6:c4448, c5393538-959b-47cf-9d9c-19dac7bed4ee:c4446, a2e6e0ff-38a8-4bcf-9958-a89ff312531d:c4446]
2019-07-15 13:07:11,100 INFO  client.GrpcClientProtocolClient (GrpcClientProtocolClient.java:onNext(255)) - client-B30EC828C355->c26939f8-4d1f-4fb1-95c4-1aa8f7e5d3f6: receive RaftClientReply:client-B30EC828C355->c26939f8-4d1f-4fb1-95c4-1aa8f7e5d3f6@group-D25BE8053FEA, cid=2969, SUCCESS, logIndex=4449, commits[c26939f8-4d1f-4fb1-95c4-1aa8f7e5d3f6:c4450, c5393538-959b-47cf-9d9c-19dac7bed4ee:c4448, a2e6e0ff-38a8-4bcf-9958-a89ff312531d:c4448]
2019-07-15 13:07:11,100 INFO  client.GrpcClientProtocolClient (GrpcClientProtocolClient.java:onNext(255)) - client-B30EC828C355->c26939f8-4d1f-4fb1-95c4-1aa8f7e5d3f6: receive RaftClientReply:client-B30EC828C355->c26939f8-4d1f-4fb1-95c4-1aa8f7e5d3f6@group-D25BE8053FEA, cid=2970, SUCCESS, logIndex=4450, commits[c26939f8-4d1f-4fb1-95c4-1aa8f7e5d3f6:c4452, c5393538-959b-47cf-9d9c-19dac7bed4ee:c4448, a2e6e0ff-38a8-4bcf-9958-a89ff312531d:c4448]
2019-07-15 13:07:11,101 INFO  client.GrpcClientProtocolClient (GrpcClientProtocolClient.java:onNext(255)) - client-B30EC828C355->c26939f8-4d1f-4fb1-95c4-1aa8f7e5d3f6: receive RaftClientReply:client-B30EC828C355->c26939f8-4d1f-4fb1-95c4-1aa8f7e5d3f6@group-D25BE8053FEA, cid=2971, SUCCESS, logIndex=4451, commits[c26939f8-4d1f-4fb1-95c4-1aa8f7e5d3f6:c4452, c5393538-959b-47cf-9d9c-19dac7bed4ee:c4448, a2e6e0ff-38a8-4bcf-9958-a89ff312531d:c4448]
2019-07-15 13:07:11,101 INFO  client.GrpcClientProtocolClient (GrpcClientProtocolClient.java:onNext(255)) - client-B30EC828C355->c26939f8-4d1f-4fb1-95c4-1aa8f7e5d3f6: receive RaftClientReply:client-B30EC828C355->c26939f8-4d1f-4fb1-95c4-1aa8f7e5d3f6@group-D25BE8053FEA, cid=2972, SUCCESS, logIndex=4452, commits[c26939f8-4d1f-4fb1-95c4-1aa8f7e5d3f6:c4452, c5393538-959b-47cf-9d9c-19dac7bed4ee:c4448, a2e6e0ff-38a8-4bcf-9958-a89ff312531d:c4448]
2019-07-15 13:07:11,115 INFO  client.GrpcClientProtocolClient (GrpcClientProtocolClient.java:onNext(255)) - client-B30EC828C355->c26939f8-4d1f-4fb1-95c4-1aa8f7e5d3f6: receive RaftClientReply:client-B30EC828C355->c26939f8-4d1f-4fb1-95c4-1aa8f7e5d3f6@group-D25BE8053FEA, cid=2973, SUCCESS, logIndex=0, commits[c26939f8-4d1f-4fb1-95c4-1aa8f7e5d3f6:c4456, c5393538-959b-47cf-9d9c-19dac7bed4ee:c4452, a2e6e0ff-38a8-4bcf-9958-a89ff312531d:c4450]
2019-07-15 13:07:11,138 INFO  client.GrpcClientProtocolClient (GrpcClientProtocolClient.java:onNext(255)) - client-B30EC828C355->c26939f8-4d1f-4fb1-95c4-1aa8f7e5d3f6: receive RaftClientReply:client-B30EC828C355->c26939f8-4d1f-4fb1-95c4-1aa8f7e5d3f6@group-D25BE8053FEA, cid=2974, SUCCESS, logIndex=4457, commits[c26939f8-4d1f-4fb1-95c4-1aa8f7e5d3f6:c4458, c5393538-959b-47cf-9d9c-19dac7bed4ee:c4456, a2e6e0ff-38a8-4bcf-9958-a89ff312531d:c4456]
2019-07-15 13:07:11,138 INFO  client.GrpcClientProtocolClient (GrpcClientProtocolClient.java:onNext(255)) - client-B30EC828C355->c26939f8-4d1f-4fb1-95c4-1aa8f7e5d3f6: receive RaftClientReply:client-B30EC828C355->c26939f8-4d1f-4fb1-95c4-1aa8f7e5d3f6@group-D25BE8053FEA, cid=2975, SUCCESS, logIndex=4458, commits[c26939f8-4d1f-4fb1-95c4-1aa8f7e5d3f6:c4458, c5393538-959b-47cf-9d9c-19dac7bed4ee:c4456, a2e6e0ff-38a8-4bcf-9958-a89ff312531d:c4456]
2019-07-15 13:07:11,151 INFO  client.GrpcClientProtocolClient (GrpcClientProtocolClient.java:onNext(255)) - client-B30EC828C355->c26939f8-4d1f-4fb1-95c4-1aa8f7e5d3f6: receive RaftClientReply:client-B30EC828C355->c26939f8-4d1f-4fb1-95c4-1aa8f7e5d3f6@group-D25BE8053FEA, cid=2976, SUCCESS, logIndex=4461, commits[c26939f8-4d1f-4fb1-95c4-1aa8f7e5d3f6:c4462, c5393538-959b-47cf-9d9c-19dac7bed4ee:c4458, a2e6e0ff-38a8-4bcf-9958-a89ff312531d:c4458]
2019-07-15 13:07:11,152 INFO  client.GrpcClientProtocolClient (GrpcClientProtocolClient.java:onNext(255)) - client-B30EC828C355->c26939f8-4d1f-4fb1-95c4-1aa8f7e5d3f6: receive RaftClientReply:client-B30EC828C355->c26939f8-4d1f-4fb1-95c4-1aa8f7e5d3f6@group-D25BE8053FEA, cid=2977, SUCCESS, logIndex=4462, commits[c26939f8-4d1f-4fb1-95c4-1aa8f7e5d3f6:c4462, c5393538-959b-47cf-9d9c-19dac7bed4ee:c4458, a2e6e0ff-38a8-4bcf-9958-a89ff312531d:c4458]
2019-07-15 13:07:11,177 INFO  client.GrpcClientProtocolClient (GrpcClientProtocolClient.java:onNext(255)) - client-B30EC828C355->c26939f8-4d1f-4fb1-95c4-1aa8f7e5d3f6: receive RaftClientReply:client-B30EC828C355->c26939f8-4d1f-4fb1-95c4-1aa8f7e5d3f6@group-D25BE8053FEA, cid=2978, SUCCESS, logIndex=0, commits[c26939f8-4d1f-4fb1-95c4-1aa8f7e5d3f6:c4464, c5393538-959b-47cf-9d9c-19dac7bed4ee:c4462, a2e6e0ff-38a8-4bcf-9958-a89ff312531d:c4462]
2019-07-15 13:07:11,211 INFO  client.GrpcClientProtocolClient (GrpcClientProtocolClient.java:onNext(255)) - client-B30EC828C355->c26939f8-4d1f-4fb1-95c4-1aa8f7e5d3f6: receive RaftClientReply:client-B30EC828C355->c26939f8-4d1f-4fb1-95c4-1aa8f7e5d3f6@group-D25BE8053FEA, cid=2979, SUCCESS, logIndex=4465, commits[c26939f8-4d1f-4fb1-95c4-1aa8f7e5d3f6:c4466, c5393538-959b-47cf-9d9c-19dac7bed4ee:c4464, a2e6e0ff-38a8-4bcf-9958-a89ff312531d:c4464]
2019-07-15 13:07:11,211 INFO  client.GrpcClientProtocolClient (GrpcClientProtocolClient.java:onNext(255)) - client-B30EC828C355->c26939f8-4d1f-4fb1-95c4-1aa8f7e5d3f6: receive RaftClientReply:client-B30EC828C355->c26939f8-4d1f-4fb1-95c4-1aa8f7e5d3f6@group-D25BE8053FEA, cid=2980, SUCCESS, logIndex=4466, commits[c26939f8-4d1f-4fb1-95c4-1aa8f7e5d3f6:c4466, c5393538-959b-47cf-9d9c-19dac7bed4ee:c4464, a2e6e0ff-38a8-4bcf-9958-a89ff312531d:c4464]
2019-07-15 13:07:11,222 INFO  client.GrpcClientProtocolClient (GrpcClientProtocolClient.java:onNext(255)) - client-B30EC828C355->c26939f8-4d1f-4fb1-95c4-1aa8f7e5d3f6: receive RaftClientReply:client-B30EC828C355->c26939f8-4d1f-4fb1-95c4-1aa8f7e5d3f6@group-D25BE8053FEA, cid=2981, SUCCESS, logIndex=4467, commits[c26939f8-4d1f-4fb1-95c4-1aa8f7e5d3f6:c4468, c5393538-959b-47cf-9d9c-19dac7bed4ee:c4464, a2e6e0ff-38a8-4bcf-9958-a89ff312531d:c4464]
2019-07-15 13:07:11,222 INFO  client.GrpcClientProtocolClient (GrpcClientProtocolClient.java:onNext(255)) - client-B30EC828C355->c26939f8-4d1f-4fb1-95c4-1aa8f7e5d3f6: receive RaftClientReply:client-B30EC828C355->c26939f8-4d1f-4fb1-95c4-1aa8f7e5d3f6@group-D25BE8053FEA, cid=2982, SUCCESS, logIndex=4468, commits[c26939f8-4d1f-4fb1-95c4-1aa8f7e5d3f6:c4468, c5393538-959b-47cf-9d9c-19dac7bed4ee:c4464, a2e6e0ff-38a8-4bcf-9958-a89ff312531d:c4464]
2019-07-15 13:07:11,224 INFO  client.GrpcClientProtocolClient (GrpcClientProtocolClient.java:onNext(255)) - client-B30EC828C355->c26939f8-4d1f-4fb1-95c4-1aa8f7e5d3f6: receive RaftClientReply:client-B30EC828C355->c26939f8-4d1f-4fb1-95c4-1aa8f7e5d3f6@group-D25BE8053FEA, cid=2983, SUCCESS, logIndex=0, commits[c26939f8-4d1f-4fb1-95c4-1aa8f7e5d3f6:c4470, c5393538-959b-47cf-9d9c-19dac7bed4ee:c4466, a2e6e0ff-38a8-4bcf-9958-a89ff312531d:c4466]
2019-07-15 13:07:11,249 INFO  client.GrpcClientProtocolClient (GrpcClientProtocolClient.java:onNext(255)) - client-B30EC828C355->c26939f8-4d1f-4fb1-95c4-1aa8f7e5d3f6: receive RaftClientReply:client-B30EC828C355->c26939f8-4d1f-4fb1-95c4-1aa8f7e5d3f6@group-D25BE8053FEA, cid=2984, SUCCESS, logIndex=4473, commits[c26939f8-4d1f-4fb1-95c4-1aa8f7e5d3f6:c4474, c5393538-959b-47cf-9d9c-19dac7bed4ee:c4470, a2e6e0ff-38a8-4bcf-9958-a89ff312531d:c4468]
2019-07-15 13:07:11,250 INFO  client.GrpcClientProtocolClient (GrpcClientProtocolClient.java:onNext(255)) - client-B30EC828C355->c26939f8-4d1f-4fb1-95c4-1aa8f7e5d3f6: receive RaftClientReply:client-B30EC828C355->c26939f8-4d1f-4fb1-95c4-1aa8f7e5d3f6@group-D25BE8053FEA, cid=2985, SUCCESS, logIndex=4474, commits[c26939f8-4d1f-4fb1-95c4-1aa8f7e5d3f6:c4474, c5393538-959b-47cf-9d9c-19dac7bed4ee:c4470, a2e6e0ff-38a8-4bcf-9958-a89ff312531d:c4470]
2019-07-15 13:07:11,276 INFO  client.GrpcClientProtocolClient (GrpcClientProtocolClient.java:onNext(255)) - client-B30EC828C355->c26939f8-4d1f-4fb1-95c4-1aa8f7e5d3f6: receive RaftClientReply:client-B30EC828C355->c26939f8-4d1f-4fb1-95c4-1aa8f7e5d3f6@group-D25BE8053FEA, cid=2986, SUCCESS, logIndex=4477, commits[c26939f8-4d1f-4fb1-95c4-1aa8f7e5d3f6:c4478, c5393538-959b-47cf-9d9c-19dac7bed4ee:c4475, a2e6e0ff-38a8-4bcf-9958-a89ff312531d:c4475]
2019-07-15 13:07:11,277 INFO  client.GrpcClientProtocolClient (GrpcClientProtocolClient.java:onNext(255)) - client-B30EC828C355->c26939f8-4d1f-4fb1-95c4-1aa8f7e5d3f6: receive RaftClientReply:client-B30EC828C355->c26939f8-4d1f-4fb1-95c4-1aa8f7e5d3f6@group-D25BE8053FEA, cid=2987, SUCCESS, logIndex=4478, commits[c26939f8-4d1f-4fb1-95c4-1aa8f7e5d3f6:c4478, c5393538-959b-47cf-9d9c-19dac7bed4ee:c4475, a2e6e0ff-38a8-4bcf-9958-a89ff312531d:c4475]
2019-07-15 13:07:11,279 INFO  client.GrpcClientProtocolClient (GrpcClientProtocolClient.java:onNext(255)) - client-B30EC828C355->c26939f8-4d1f-4fb1-95c4-1aa8f7e5d3f6: receive RaftClientReply:client-B30EC828C355->c26939f8-4d1f-4fb1-95c4-1aa8f7e5d3f6@group-D25BE8053FEA, cid=2988, SUCCESS, logIndex=0, commits[c26939f8-4d1f-4fb1-95c4-1aa8f7e5d3f6:c4479, c5393538-959b-47cf-9d9c-19dac7bed4ee:c4478, a2e6e0ff-38a8-4bcf-9958-a89ff312531d:c4478]
 0.00% |█                                                                                                    |  0/1 Time: 0:00:252019-07-15 13:07:11,411 INFO  client.GrpcClientProtocolClient (GrpcClientProtocolClient.java:onNext(255)) - client-B30EC828C355->c26939f8-4d1f-4fb1-95c4-1aa8f7e5d3f6: receive RaftClientReply:client-B30EC828C355->c26939f8-4d1f-4fb1-95c4-1aa8f7e5d3f6@group-D25BE8053FEA, cid=2989, SUCCESS, logIndex=4480, commits[c26939f8-4d1f-4fb1-95c4-1aa8f7e5d3f6:c4481, c5393538-959b-47cf-9d9c-19dac7bed4ee:c4479, a2e6e0ff-38a8-4bcf-9958-a89ff312531d:c4479]
2019-07-15 13:07:11,412 INFO  client.GrpcClientProtocolClient (GrpcClientProtocolClient.java:onNext(255)) - client-B30EC828C355->c26939f8-4d1f-4fb1-95c4-1aa8f7e5d3f6: receive RaftClientReply:client-B30EC828C355->c26939f8-4d1f-4fb1-95c4-1aa8f7e5d3f6@group-D25BE8053FEA, cid=2990, SUCCESS, logIndex=4481, commits[c26939f8-4d1f-4fb1-95c4-1aa8f7e5d3f6:c4483, c5393538-959b-47cf-9d9c-19dac7bed4ee:c4479, a2e6e0ff-38a8-4bcf-9958-a89ff312531d:c4479]
2019-07-15 13:07:11,413 INFO  client.GrpcClientProtocolClient (GrpcClientProtocolClient.java:onNext(255)) - client-B30EC828C355->c26939f8-4d1f-4fb1-95c4-1aa8f7e5d3f6: receive RaftClientReply:client-B30EC828C355->c26939f8-4d1f-4fb1-95c4-1aa8f7e5d3f6@group-D25BE8053FEA, cid=2991, SUCCESS, logIndex=4482, commits[c26939f8-4d1f-4fb1-95c4-1aa8f7e5d3f6:c4483, c5393538-959b-47cf-9d9c-19dac7bed4ee:c4479, a2e6e0ff-38a8-4bcf-9958-a89ff312531d:c4479]
2019-07-15 13:07:11,413 INFO  client.GrpcClientProtocolClient (GrpcClientProtocolClient.java:onNext(255)) - client-B30EC828C355->c26939f8-4d1f-4fb1-95c4-1aa8f7e5d3f6: receive RaftClientReply:client-B30EC828C355->c26939f8-4d1f-4fb1-95c4-1aa8f7e5d3f6@group-D25BE8053FEA, cid=2992, SUCCESS, logIndex=4483, commits[c26939f8-4d1f-4fb1-95c4-1aa8f7e5d3f6:c4483, c5393538-959b-47cf-9d9c-19dac7bed4ee:c4479, a2e6e0ff-38a8-4bcf-9958-a89ff312531d:c4479]
2019-07-15 13:07:11,426 INFO  client.GrpcClientProtocolClient (GrpcClientProtocolClient.java:onNext(255)) - client-B30EC828C355->c26939f8-4d1f-4fb1-95c4-1aa8f7e5d3f6: receive RaftClientReply:client-B30EC828C355->c26939f8-4d1f-4fb1-95c4-1aa8f7e5d3f6@group-D25BE8053FEA, cid=2993, SUCCESS, logIndex=0, commits[c26939f8-4d1f-4fb1-95c4-1aa8f7e5d3f6:c4484, c5393538-959b-47cf-9d9c-19dac7bed4ee:c4481, a2e6e0ff-38a8-4bcf-9958-a89ff312531d:c4481]
2019-07-15 13:07:11,448 INFO  client.GrpcClientProtocolClient (GrpcClientProtocolClient.java:onNext(255)) - client-B30EC828C355->c26939f8-4d1f-4fb1-95c4-1aa8f7e5d3f6: receive RaftClientReply:client-B30EC828C355->c26939f8-4d1f-4fb1-95c4-1aa8f7e5d3f6@group-D25BE8053FEA, cid=2994, SUCCESS, logIndex=4487, commits[c26939f8-4d1f-4fb1-95c4-1aa8f7e5d3f6:c4488, c5393538-959b-47cf-9d9c-19dac7bed4ee:c4486, a2e6e0ff-38a8-4bcf-9958-a89ff312531d:c4486]
2019-07-15 13:07:11,448 INFO  client.GrpcClientProtocolClient (GrpcClientProtocolClient.java:onNext(255)) - client-B30EC828C355->c26939f8-4d1f-4fb1-95c4-1aa8f7e5d3f6: receive RaftClientReply:client-B30EC828C355->c26939f8-4d1f-4fb1-95c4-1aa8f7e5d3f6@group-D25BE8053FEA, cid=2995, SUCCESS, logIndex=4488, commits[c26939f8-4d1f-4fb1-95c4-1aa8f7e5d3f6:c4488, c5393538-959b-47cf-9d9c-19dac7bed4ee:c4486, a2e6e0ff-38a8-4bcf-9958-a89ff312531d:c4486]
2019-07-15 13:07:11,461 INFO  client.GrpcClientProtocolClient (GrpcClientProtocolClient.java:onNext(255)) - client-B30EC828C355->c26939f8-4d1f-4fb1-95c4-1aa8f7e5d3f6: receive RaftClientReply:client-B30EC828C355->c26939f8-4d1f-4fb1-95c4-1aa8f7e5d3f6@group-D25BE8053FEA, cid=2996, SUCCESS, logIndex=4491, commits[c26939f8-4d1f-4fb1-95c4-1aa8f7e5d3f6:c4492, c5393538-959b-47cf-9d9c-19dac7bed4ee:c4488, a2e6e0ff-38a8-4bcf-9958-a89ff312531d:c4488]
2019-07-15 13:07:11,462 INFO  client.GrpcClientProtocolClient (GrpcClientProtocolClient.java:onNext(255)) - client-B30EC828C355->c26939f8-4d1f-4fb1-95c4-1aa8f7e5d3f6: receive RaftClientReply:client-B30EC828C355->c26939f8-4d1f-4fb1-95c4-1aa8f7e5d3f6@group-D25BE8053FEA, cid=2997, SUCCESS, logIndex=4492, commits[c26939f8-4d1f-4fb1-95c4-1aa8f7e5d3f6:c4492, c5393538-959b-47cf-9d9c-19dac7bed4ee:c4488, a2e6e0ff-38a8-4bcf-9958-a89ff312531d:c4488]
2019-07-15 13:07:11,487 INFO  client.GrpcClientProtocolClient (GrpcClientProtocolClient.java:onNext(255)) - client-B30EC828C355->c26939f8-4d1f-4fb1-95c4-1aa8f7e5d3f6: receive RaftClientReply:client-B30EC828C355->c26939f8-4d1f-4fb1-95c4-1aa8f7e5d3f6@group-D25BE8053FEA, cid=2998, SUCCESS, logIndex=0, commits[c26939f8-4d1f-4fb1-95c4-1aa8f7e5d3f6:c4494, c5393538-959b-47cf-9d9c-19dac7bed4ee:c4492, a2e6e0ff-38a8-4bcf-9958-a89ff312531d:c4492]
2019-07-15 13:07:11,524 INFO  client.GrpcClientProtocolClient (GrpcClientProtocolClient.java:onNext(255)) - client-B30EC828C355->c26939f8-4d1f-4fb1-95c4-1aa8f7e5d3f6: receive RaftClientReply:client-B30EC828C355->c26939f8-4d1f-4fb1-95c4-1aa8f7e5d3f6@group-D25BE8053FEA, cid=2999, SUCCESS, logIndex=4495, commits[c26939f8-4d1f-4fb1-95c4-1aa8f7e5d3f6:c4496, c5393538-959b-47cf-9d9c-19dac7bed4ee:c4494, a2e6e0ff-38a8-4bcf-9958-a89ff312531d:c4494]
2019-07-15 13:07:11,524 INFO  client.GrpcClientProtocolClient (GrpcClientProtocolClient.java:onNext(255)) - client-B30EC828C355->c26939f8-4d1f-4fb1-95c4-1aa8f7e5d3f6: receive RaftClientReply:client-B30EC828C355->c26939f8-4d1f-4fb1-95c4-1aa8f7e5d3f6@group-D25BE8053FEA, cid=3000, SUCCESS, logIndex=4496, commits[c26939f8-4d1f-4fb1-95c4-1aa8f7e5d3f6:c4496, c5393538-959b-47cf-9d9c-19dac7bed4ee:c4494, a2e6e0ff-38a8-4bcf-9958-a89ff312531d:c4494]
2019-07-15 13:07:11,534 INFO  client.GrpcClientProtocolClient (GrpcClientProtocolClient.java:onNext(255)) - client-B30EC828C355->c26939f8-4d1f-4fb1-95c4-1aa8f7e5d3f6: receive RaftClientReply:client-B30EC828C355->c26939f8-4d1f-4fb1-95c4-1aa8f7e5d3f6@group-D25BE8053FEA, cid=3001, SUCCESS, logIndex=4497, commits[c26939f8-4d1f-4fb1-95c4-1aa8f7e5d3f6:c4498, c5393538-959b-47cf-9d9c-19dac7bed4ee:c4494, a2e6e0ff-38a8-4bcf-9958-a89ff312531d:c4494]
2019-07-15 13:07:11,535 INFO  client.GrpcClientProtocolClient (GrpcClientProtocolClient.java:onNext(255)) - client-B30EC828C355->c26939f8-4d1f-4fb1-95c4-1aa8f7e5d3f6: receive RaftClientReply:client-B30EC828C355->c26939f8-4d1f-4fb1-95c4-1aa8f7e5d3f6@group-D25BE8053FEA, cid=3002, SUCCESS, logIndex=4498, commits[c26939f8-4d1f-4fb1-95c4-1aa8f7e5d3f6:c4498, c5393538-959b-47cf-9d9c-19dac7bed4ee:c4494, a2e6e0ff-38a8-4bcf-9958-a89ff312531d:c4494]
2019-07-15 13:07:11,548 INFO  client.GrpcClientProtocolClient (GrpcClientProtocolClient.java:onNext(255)) - client-B30EC828C355->c26939f8-4d1f-4fb1-95c4-1aa8f7e5d3f6: receive RaftClientReply:client-B30EC828C355->c26939f8-4d1f-4fb1-95c4-1aa8f7e5d3f6@group-D25BE8053FEA, cid=3003, SUCCESS, logIndex=0, commits[c26939f8-4d1f-4fb1-95c4-1aa8f7e5d3f6:c4500, c5393538-959b-47cf-9d9c-19dac7bed4ee:c4496, a2e6e0ff-38a8-4bcf-9958-a89ff312531d:c4496]
2019-07-15 13:07:11,574 INFO  client.GrpcClientProtocolClient (GrpcClientProtocolClient.java:onNext(255)) - client-B30EC828C355->c26939f8-4d1f-4fb1-95c4-1aa8f7e5d3f6: receive RaftClientReply:client-B30EC828C355->c26939f8-4d1f-4fb1-95c4-1aa8f7e5d3f6@group-D25BE8053FEA, cid=3004, SUCCESS, logIndex=4503, commits[c26939f8-4d1f-4fb1-95c4-1aa8f7e5d3f6:c4504, c5393538-959b-47cf-9d9c-19dac7bed4ee:c4500, a2e6e0ff-38a8-4bcf-9958-a89ff312531d:c4498]
2019-07-15 13:07:11,574 INFO  client.GrpcClientProtocolClient (GrpcClientProtocolClient.java:onNext(255)) - client-B30EC828C355->c26939f8-4d1f-4fb1-95c4-1aa8f7e5d3f6: receive RaftClientReply:client-B30EC828C355->c26939f8-4d1f-4fb1-95c4-1aa8f7e5d3f6@group-D25BE8053FEA, cid=3005, SUCCESS, logIndex=4504, commits[c26939f8-4d1f-4fb1-95c4-1aa8f7e5d3f6:c4504, c5393538-959b-47cf-9d9c-19dac7bed4ee:c4500, a2e6e0ff-38a8-4bcf-9958-a89ff312531d:c4500]
2019-07-15 13:07:11,591 INFO  client.GrpcClientProtocolClient (GrpcClientProtocolClient.java:onNext(255)) - client-B30EC828C355->c26939f8-4d1f-4fb1-95c4-1aa8f7e5d3f6: receive RaftClientReply:client-B30EC828C355->c26939f8-4d1f-4fb1-95c4-1aa8f7e5d3f6@group-D25BE8053FEA, cid=3006, SUCCESS, logIndex=4506, commits[c26939f8-4d1f-4fb1-95c4-1aa8f7e5d3f6:c4507, c5393538-959b-47cf-9d9c-19dac7bed4ee:c4504, a2e6e0ff-38a8-4bcf-9958-a89ff312531d:c4504]
2019-07-15 13:07:11,592 INFO  client.GrpcClientProtocolClient (GrpcClientProtocolClient.java:onNext(255)) - client-B30EC828C355->c26939f8-4d1f-4fb1-95c4-1aa8f7e5d3f6: receive RaftClientReply:client-B30EC828C355->c26939f8-4d1f-4fb1-95c4-1aa8f7e5d3f6@group-D25BE8053FEA, cid=3007, SUCCESS, logIndex=4507, commits[c26939f8-4d1f-4fb1-95c4-1aa8f7e5d3f6:c4507, c5393538-959b-47cf-9d9c-19dac7bed4ee:c4504, a2e6e0ff-38a8-4bcf-9958-a89ff312531d:c4504]
2019-07-15 13:07:11,614 INFO  client.GrpcClientProtocolClient (GrpcClientProtocolClient.java:onNext(255)) - client-B30EC828C355->c26939f8-4d1f-4fb1-95c4-1aa8f7e5d3f6: receive RaftClientReply:client-B30EC828C355->c26939f8-4d1f-4fb1-95c4-1aa8f7e5d3f6@group-D25BE8053FEA, cid=3008, SUCCESS, logIndex=0, commits[c26939f8-4d1f-4fb1-95c4-1aa8f7e5d3f6:c4509, c5393538-959b-47cf-9d9c-19dac7bed4ee:c4507, a2e6e0ff-38a8-4bcf-9958-a89ff312531d:c4507]
2019-07-15 13:07:11,650 INFO  client.GrpcClientProtocolClient (GrpcClientProtocolClient.java:onNext(255)) - client-B30EC828C355->c26939f8-4d1f-4fb1-95c4-1aa8f7e5d3f6: receive RaftClientReply:client-B30EC828C355->c26939f8-4d1f-4fb1-95c4-1aa8f7e5d3f6@group-D25BE8053FEA, cid=3009, SUCCESS, logIndex=4510, commits[c26939f8-4d1f-4fb1-95c4-1aa8f7e5d3f6:c4511, c5393538-959b-47cf-9d9c-19dac7bed4ee:c4509, a2e6e0ff-38a8-4bcf-9958-a89ff312531d:c4509]
2019-07-15 13:07:11,651 INFO  client.GrpcClientProtocolClient (GrpcClientProtocolClient.java:onNext(255)) - client-B30EC828C355->c26939f8-4d1f-4fb1-95c4-1aa8f7e5d3f6: receive RaftClientReply:client-B30EC828C355->c26939f8-4d1f-4fb1-95c4-1aa8f7e5d3f6@group-D25BE8053FEA, cid=3010, SUCCESS, logIndex=4511, commits[c26939f8-4d1f-4fb1-95c4-1aa8f7e5d3f6:c4512, c5393538-959b-47cf-9d9c-19dac7bed4ee:c4509, a2e6e0ff-38a8-4bcf-9958-a89ff312531d:c4509]
2019-07-15 13:07:11,651 INFO  client.GrpcClientProtocolClient (GrpcClientProtocolClient.java:onNext(255)) - client-B30EC828C355->c26939f8-4d1f-4fb1-95c4-1aa8f7e5d3f6: receive RaftClientReply:client-B30EC828C355->c26939f8-4d1f-4fb1-95c4-1aa8f7e5d3f6@group-D25BE8053FEA, cid=3011, SUCCESS, logIndex=4512, commits[c26939f8-4d1f-4fb1-95c4-1aa8f7e5d3f6:c4513, c5393538-959b-47cf-9d9c-19dac7bed4ee:c4509, a2e6e0ff-38a8-4bcf-9958-a89ff312531d:c4509]
2019-07-15 13:07:11,652 INFO  client.GrpcClientProtocolClient (GrpcClientProtocolClient.java:onNext(255)) - client-B30EC828C355->c26939f8-4d1f-4fb1-95c4-1aa8f7e5d3f6: receive RaftClientReply:client-B30EC828C355->c26939f8-4d1f-4fb1-95c4-1aa8f7e5d3f6@group-D25BE8053FEA, cid=3012, SUCCESS, logIndex=4513, commits[c26939f8-4d1f-4fb1-95c4-1aa8f7e5d3f6:c4513, c5393538-959b-47cf-9d9c-19dac7bed4ee:c4509, a2e6e0ff-38a8-4bcf-9958-a89ff312531d:c4509]
2019-07-15 13:07:11,665 INFO  client.GrpcClientProtocolClient (GrpcClientProtocolClient.java:onNext(255)) - client-B30EC828C355->c26939f8-4d1f-4fb1-95c4-1aa8f7e5d3f6: receive RaftClientReply:client-B30EC828C355->c26939f8-4d1f-4fb1-95c4-1aa8f7e5d3f6@group-D25BE8053FEA, cid=3013, SUCCESS, logIndex=0, commits[c26939f8-4d1f-4fb1-95c4-1aa8f7e5d3f6:c4515, c5393538-959b-47cf-9d9c-19dac7bed4ee:c4511, a2e6e0ff-38a8-4bcf-9958-a89ff312531d:c4511]
2019-07-15 13:07:11,689 INFO  client.GrpcClientProtocolClient (GrpcClientProtocolClient.java:onNext(255)) - client-B30EC828C355->c26939f8-4d1f-4fb1-95c4-1aa8f7e5d3f6: receive RaftClientReply:client-B30EC828C355->c26939f8-4d1f-4fb1-95c4-1aa8f7e5d3f6@group-D25BE8053FEA, cid=3014, SUCCESS, logIndex=4518, commits[c26939f8-4d1f-4fb1-95c4-1aa8f7e5d3f6:c4519, c5393538-959b-47cf-9d9c-19dac7bed4ee:c4517, a2e6e0ff-38a8-4bcf-9958-a89ff312531d:c4517]
2019-07-15 13:07:11,689 INFO  client.GrpcClientProtocolClient (GrpcClientProtocolClient.java:onNext(255)) - client-B30EC828C355->c26939f8-4d1f-4fb1-95c4-1aa8f7e5d3f6: receive RaftClientReply:client-B30EC828C355->c26939f8-4d1f-4fb1-95c4-1aa8f7e5d3f6@group-D25BE8053FEA, cid=3015, SUCCESS, logIndex=4519, commits[c26939f8-4d1f-4fb1-95c4-1aa8f7e5d3f6:c4519, c5393538-959b-47cf-9d9c-19dac7bed4ee:c4517, a2e6e0ff-38a8-4bcf-9958-a89ff312531d:c4517]
2019-07-15 13:07:11,729 INFO  client.GrpcClientProtocolClient (GrpcClientProtocolClient.java:onNext(255)) - client-B30EC828C355->c26939f8-4d1f-4fb1-95c4-1aa8f7e5d3f6: receive RaftClientReply:client-B30EC828C355->c26939f8-4d1f-4fb1-95c4-1aa8f7e5d3f6@group-D25BE8053FEA, cid=3016, SUCCESS, logIndex=4522, commits[c26939f8-4d1f-4fb1-95c4-1aa8f7e5d3f6:c4523, c5393538-959b-47cf-9d9c-19dac7bed4ee:c4519, a2e6e0ff-38a8-4bcf-9958-a89ff312531d:c4519]
2019-07-15 13:07:11,729 INFO  client.GrpcClientProtocolClient (GrpcClientProtocolClient.java:onNext(255)) - client-B30EC828C355->c26939f8-4d1f-4fb1-95c4-1aa8f7e5d3f6: receive RaftClientReply:client-B30EC828C355->c26939f8-4d1f-4fb1-95c4-1aa8f7e5d3f6@group-D25BE8053FEA, cid=3017, SUCCESS, logIndex=4523, commits[c26939f8-4d1f-4fb1-95c4-1aa8f7e5d3f6:c4523, c5393538-959b-47cf-9d9c-19dac7bed4ee:c4519, a2e6e0ff-38a8-4bcf-9958-a89ff312531d:c4519]
2019-07-15 13:07:11,753 INFO  client.GrpcClientProtocolClient (GrpcClientProtocolClient.java:onNext(255)) - client-B30EC828C355->c26939f8-4d1f-4fb1-95c4-1aa8f7e5d3f6: receive RaftClientReply:client-B30EC828C355->c26939f8-4d1f-4fb1-95c4-1aa8f7e5d3f6@group-D25BE8053FEA, cid=3018, SUCCESS, logIndex=0, commits[c26939f8-4d1f-4fb1-95c4-1aa8f7e5d3f6:c4525, c5393538-959b-47cf-9d9c-19dac7bed4ee:c4523, a2e6e0ff-38a8-4bcf-9958-a89ff312531d:c4523]
2019-07-15 13:07:11,790 INFO  client.GrpcClientProtocolClient (GrpcClientProtocolClient.java:onNext(255)) - client-B30EC828C355->c26939f8-4d1f-4fb1-95c4-1aa8f7e5d3f6: receive RaftClientReply:client-B30EC828C355->c26939f8-4d1f-4fb1-95c4-1aa8f7e5d3f6@group-D25BE8053FEA, cid=3019, SUCCESS, logIndex=4526, commits[c26939f8-4d1f-4fb1-95c4-1aa8f7e5d3f6:c4527, c5393538-959b-47cf-9d9c-19dac7bed4ee:c4525, a2e6e0ff-38a8-4bcf-9958-a89ff312531d:c4525]
2019-07-15 13:07:11,790 INFO  client.GrpcClientProtocolClient (GrpcClientProtocolClient.java:onNext(255)) - client-B30EC828C355->c26939f8-4d1f-4fb1-95c4-1aa8f7e5d3f6: receive RaftClientReply:client-B30EC828C355->c26939f8-4d1f-4fb1-95c4-1aa8f7e5d3f6@group-D25BE8053FEA, cid=3020, SUCCESS, logIndex=4527, commits[c26939f8-4d1f-4fb1-95c4-1aa8f7e5d3f6:c4527, c5393538-959b-47cf-9d9c-19dac7bed4ee:c4525, a2e6e0ff-38a8-4bcf-9958-a89ff312531d:c4525]
2019-07-15 13:07:11,801 INFO  client.GrpcClientProtocolClient (GrpcClientProtocolClient.java:onNext(255)) - client-B30EC828C355->c26939f8-4d1f-4fb1-95c4-1aa8f7e5d3f6: receive RaftClientReply:client-B30EC828C355->c26939f8-4d1f-4fb1-95c4-1aa8f7e5d3f6@group-D25BE8053FEA, cid=3021, SUCCESS, logIndex=4528, commits[c26939f8-4d1f-4fb1-95c4-1aa8f7e5d3f6:c4529, c5393538-959b-47cf-9d9c-19dac7bed4ee:c4525, a2e6e0ff-38a8-4bcf-9958-a89ff312531d:c4525]
2019-07-15 13:07:11,801 INFO  client.GrpcClientProtocolClient (GrpcClientProtocolClient.java:onNext(255)) - client-B30EC828C355->c26939f8-4d1f-4fb1-95c4-1aa8f7e5d3f6: receive RaftClientReply:client-B30EC828C355->c26939f8-4d1f-4fb1-95c4-1aa8f7e5d3f6@group-D25BE8053FEA, cid=3022, SUCCESS, logIndex=4529, commits[c26939f8-4d1f-4fb1-95c4-1aa8f7e5d3f6:c4529, c5393538-959b-47cf-9d9c-19dac7bed4ee:c4525, a2e6e0ff-38a8-4bcf-9958-a89ff312531d:c4525]
2019-07-15 13:07:11,803 INFO  client.GrpcClientProtocolClient (GrpcClientProtocolClient.java:onNext(255)) - client-B30EC828C355->c26939f8-4d1f-4fb1-95c4-1aa8f7e5d3f6: receive RaftClientReply:client-B30EC828C355->c26939f8-4d1f-4fb1-95c4-1aa8f7e5d3f6@group-D25BE8053FEA, cid=3023, SUCCESS, logIndex=0, commits[c26939f8-4d1f-4fb1-95c4-1aa8f7e5d3f6:c4531, c5393538-959b-47cf-9d9c-19dac7bed4ee:c4527, a2e6e0ff-38a8-4bcf-9958-a89ff312531d:c4527]
2019-07-15 13:07:11,820 INFO  client.GrpcClientProtocolClient (GrpcClientProtocolClient.java:onNext(255)) - client-B30EC828C355->c26939f8-4d1f-4fb1-95c4-1aa8f7e5d3f6: receive RaftClientReply:client-B30EC828C355->c26939f8-4d1f-4fb1-95c4-1aa8f7e5d3f6@group-D25BE8053FEA, cid=3024, SUCCESS, logIndex=4534, commits[c26939f8-4d1f-4fb1-95c4-1aa8f7e5d3f6:c4535, c5393538-959b-47cf-9d9c-19dac7bed4ee:c4531, a2e6e0ff-38a8-4bcf-9958-a89ff312531d:c4531]
2019-07-15 13:07:11,820 INFO  client.GrpcClientProtocolClient (GrpcClientProtocolClient.java:onNext(255)) - client-B30EC828C355->c26939f8-4d1f-4fb1-95c4-1aa8f7e5d3f6: receive RaftClientReply:client-B30EC828C355->c26939f8-4d1f-4fb1-95c4-1aa8f7e5d3f6@group-D25BE8053FEA, cid=3025, SUCCESS, logIndex=4535, commits[c26939f8-4d1f-4fb1-95c4-1aa8f7e5d3f6:c4535, c5393538-959b-47cf-9d9c-19dac7bed4ee:c4531, a2e6e0ff-38a8-4bcf-9958-a89ff312531d:c4531]
2019-07-15 13:07:11,844 INFO  client.GrpcClientProtocolClient (GrpcClientProtocolClient.java:onNext(255)) - client-B30EC828C355->c26939f8-4d1f-4fb1-95c4-1aa8f7e5d3f6: receive RaftClientReply:client-B30EC828C355->c26939f8-4d1f-4fb1-95c4-1aa8f7e5d3f6@group-D25BE8053FEA, cid=3026, SUCCESS, logIndex=4538, commits[c26939f8-4d1f-4fb1-95c4-1aa8f7e5d3f6:c4539, c5393538-959b-47cf-9d9c-19dac7bed4ee:c4535, a2e6e0ff-38a8-4bcf-9958-a89ff312531d:c4534]
2019-07-15 13:07:11,844 INFO  client.GrpcClientProtocolClient (GrpcClientProtocolClient.java:onNext(255)) - client-B30EC828C355->c26939f8-4d1f-4fb1-95c4-1aa8f7e5d3f6: receive RaftClientReply:client-B30EC828C355->c26939f8-4d1f-4fb1-95c4-1aa8f7e5d3f6@group-D25BE8053FEA, cid=3027, SUCCESS, logIndex=4539, commits[c26939f8-4d1f-4fb1-95c4-1aa8f7e5d3f6:c4539, c5393538-959b-47cf-9d9c-19dac7bed4ee:c4535, a2e6e0ff-38a8-4bcf-9958-a89ff312531d:c4535]
2019-07-15 13:07:11,848 INFO  client.GrpcClientProtocolClient (GrpcClientProtocolClient.java:onNext(255)) - client-B30EC828C355->c26939f8-4d1f-4fb1-95c4-1aa8f7e5d3f6: receive RaftClientReply:client-B30EC828C355->c26939f8-4d1f-4fb1-95c4-1aa8f7e5d3f6@group-D25BE8053FEA, cid=3028, SUCCESS, logIndex=0, commits[c26939f8-4d1f-4fb1-95c4-1aa8f7e5d3f6:c4541, c5393538-959b-47cf-9d9c-19dac7bed4ee:c4539, a2e6e0ff-38a8-4bcf-9958-a89ff312531d:c4539]
2019-07-15 13:07:11,886 INFO  client.GrpcClientProtocolClient (GrpcClientProtocolClient.java:onNext(255)) - client-B30EC828C355->c26939f8-4d1f-4fb1-95c4-1aa8f7e5d3f6: receive RaftClientReply:client-B30EC828C355->c26939f8-4d1f-4fb1-95c4-1aa8f7e5d3f6@group-D25BE8053FEA, cid=3029, SUCCESS, logIndex=4542, commits[c26939f8-4d1f-4fb1-95c4-1aa8f7e5d3f6:c4544, c5393538-959b-47cf-9d9c-19dac7bed4ee:c4541, a2e6e0ff-38a8-4bcf-9958-a89ff312531d:c4541]
2019-07-15 13:07:11,886 INFO  client.GrpcClientProtocolClient (GrpcClientProtocolClient.java:onNext(255)) - client-B30EC828C355->c26939f8-4d1f-4fb1-95c4-1aa8f7e5d3f6: receive RaftClientReply:client-B30EC828C355->c26939f8-4d1f-4fb1-95c4-1aa8f7e5d3f6@group-D25BE8053FEA, cid=3030, SUCCESS, logIndex=4543, commits[c26939f8-4d1f-4fb1-95c4-1aa8f7e5d3f6:c4545, c5393538-959b-47cf-9d9c-19dac7bed4ee:c4541, a2e6e0ff-38a8-4bcf-9958-a89ff312531d:c4541]
2019-07-15 13:07:11,887 INFO  client.GrpcClientProtocolClient (GrpcClientProtocolClient.java:onNext(255)) - client-B30EC828C355->c26939f8-4d1f-4fb1-95c4-1aa8f7e5d3f6: receive RaftClientReply:client-B30EC828C355->c26939f8-4d1f-4fb1-95c4-1aa8f7e5d3f6@group-D25BE8053FEA, cid=3031, SUCCESS, logIndex=4544, commits[c26939f8-4d1f-4fb1-95c4-1aa8f7e5d3f6:c4545, c5393538-959b-47cf-9d9c-19dac7bed4ee:c4541, a2e6e0ff-38a8-4bcf-9958-a89ff312531d:c4541]
2019-07-15 13:07:11,887 INFO  client.GrpcClientProtocolClient (GrpcClientProtocolClient.java:onNext(255)) - client-B30EC828C355->c26939f8-4d1f-4fb1-95c4-1aa8f7e5d3f6: receive RaftClientReply:client-B30EC828C355->c26939f8-4d1f-4fb1-95c4-1aa8f7e5d3f6@group-D25BE8053FEA, cid=3032, SUCCESS, logIndex=4545, commits[c26939f8-4d1f-4fb1-95c4-1aa8f7e5d3f6:c4545, c5393538-959b-47cf-9d9c-19dac7bed4ee:c4541, a2e6e0ff-38a8-4bcf-9958-a89ff312531d:c4541]
2019-07-15 13:07:11,911 INFO  client.GrpcClientProtocolClient (GrpcClientProtocolClient.java:onNext(255)) - client-B30EC828C355->c26939f8-4d1f-4fb1-95c4-1aa8f7e5d3f6: receive RaftClientReply:client-B30EC828C355->c26939f8-4d1f-4fb1-95c4-1aa8f7e5d3f6@group-D25BE8053FEA, cid=3033, SUCCESS, logIndex=0, commits[c26939f8-4d1f-4fb1-95c4-1aa8f7e5d3f6:c4548, c5393538-959b-47cf-9d9c-19dac7bed4ee:c4544, a2e6e0ff-38a8-4bcf-9958-a89ff312531d:c4544]
2019-07-15 13:07:11,933 INFO  client.GrpcClientProtocolClient (GrpcClientProtocolClient.java:onNext(255)) - client-B30EC828C355->c26939f8-4d1f-4fb1-95c4-1aa8f7e5d3f6: receive RaftClientReply:client-B30EC828C355->c26939f8-4d1f-4fb1-95c4-1aa8f7e5d3f6@group-D25BE8053FEA, cid=3034, SUCCESS, logIndex=4550, commits[c26939f8-4d1f-4fb1-95c4-1aa8f7e5d3f6:c4551, c5393538-959b-47cf-9d9c-19dac7bed4ee:c4549, a2e6e0ff-38a8-4bcf-9958-a89ff312531d:c4549]
2019-07-15 13:07:11,934 INFO  client.GrpcClientProtocolClient (GrpcClientProtocolClient.java:onNext(255)) - client-B30EC828C355->c26939f8-4d1f-4fb1-95c4-1aa8f7e5d3f6: receive RaftClientReply:client-B30EC828C355->c26939f8-4d1f-4fb1-95c4-1aa8f7e5d3f6@group-D25BE8053FEA, cid=3035, SUCCESS, logIndex=4551, commits[c26939f8-4d1f-4fb1-95c4-1aa8f7e5d3f6:c4551, c5393538-959b-47cf-9d9c-19dac7bed4ee:c4549, a2e6e0ff-38a8-4bcf-9958-a89ff312531d:c4549]
2019-07-15 13:07:11,960 INFO  client.GrpcClientProtocolClient (GrpcClientProtocolClient.java:onNext(255)) - client-B30EC828C355->c26939f8-4d1f-4fb1-95c4-1aa8f7e5d3f6: receive RaftClientReply:client-B30EC828C355->c26939f8-4d1f-4fb1-95c4-1aa8f7e5d3f6@group-D25BE8053FEA, cid=3036, SUCCESS, logIndex=4554, commits[c26939f8-4d1f-4fb1-95c4-1aa8f7e5d3f6:c4555, c5393538-959b-47cf-9d9c-19dac7bed4ee:c4551, a2e6e0ff-38a8-4bcf-9958-a89ff312531d:c4551]
2019-07-15 13:07:11,960 INFO  client.GrpcClientProtocolClient (GrpcClientProtocolClient.java:onNext(255)) - client-B30EC828C355->c26939f8-4d1f-4fb1-95c4-1aa8f7e5d3f6: receive RaftClientReply:client-B30EC828C355->c26939f8-4d1f-4fb1-95c4-1aa8f7e5d3f6@group-D25BE8053FEA, cid=3037, SUCCESS, logIndex=4555, commits[c26939f8-4d1f-4fb1-95c4-1aa8f7e5d3f6:c4555, c5393538-959b-47cf-9d9c-19dac7bed4ee:c4551, a2e6e0ff-38a8-4bcf-9958-a89ff312531d:c4551]
2019-07-15 13:07:11,985 INFO  client.GrpcClientProtocolClient (GrpcClientProtocolClient.java:onNext(255)) - client-B30EC828C355->c26939f8-4d1f-4fb1-95c4-1aa8f7e5d3f6: receive RaftClientReply:client-B30EC828C355->c26939f8-4d1f-4fb1-95c4-1aa8f7e5d3f6@group-D25BE8053FEA, cid=3038, SUCCESS, logIndex=0, commits[c26939f8-4d1f-4fb1-95c4-1aa8f7e5d3f6:c4556, c5393538-959b-47cf-9d9c-19dac7bed4ee:c4555, a2e6e0ff-38a8-4bcf-9958-a89ff312531d:c4555]
2019-07-15 13:07:12,021 INFO  client.GrpcClientProtocolClient (GrpcClientProtocolClient.java:onNext(255)) - client-B30EC828C355->c26939f8-4d1f-4fb1-95c4-1aa8f7e5d3f6: receive RaftClientReply:client-B30EC828C355->c26939f8-4d1f-4fb1-95c4-1aa8f7e5d3f6@group-D25BE8053FEA, cid=3039, SUCCESS, logIndex=4558, commits[c26939f8-4d1f-4fb1-95c4-1aa8f7e5d3f6:c4559, c5393538-959b-47cf-9d9c-19dac7bed4ee:c4557, a2e6e0ff-38a8-4bcf-9958-a89ff312531d:c4557]
2019-07-15 13:07:12,022 INFO  client.GrpcClientProtocolClient (GrpcClientProtocolClient.java:onNext(255)) - client-B30EC828C355->c26939f8-4d1f-4fb1-95c4-1aa8f7e5d3f6: receive RaftClientReply:client-B30EC828C355->c26939f8-4d1f-4fb1-95c4-1aa8f7e5d3f6@group-D25BE8053FEA, cid=3040, SUCCESS, logIndex=4559, commits[c26939f8-4d1f-4fb1-95c4-1aa8f7e5d3f6:c4559, c5393538-959b-47cf-9d9c-19dac7bed4ee:c4557, a2e6e0ff-38a8-4bcf-9958-a89ff312531d:c4557]
2019-07-15 13:07:12,022 INFO  client.GrpcClientProtocolClient (GrpcClientProtocolClient.java:onNext(255)) - client-B30EC828C355->c26939f8-4d1f-4fb1-95c4-1aa8f7e5d3f6: receive RaftClientReply:client-B30EC828C355->c26939f8-4d1f-4fb1-95c4-1aa8f7e5d3f6@group-D25BE8053FEA, cid=3041, SUCCESS, logIndex=4560, commits[c26939f8-4d1f-4fb1-95c4-1aa8f7e5d3f6:c4561, c5393538-959b-47cf-9d9c-19dac7bed4ee:c4557, a2e6e0ff-38a8-4bcf-9958-a89ff312531d:c4557]
2019-07-15 13:07:12,022 INFO  client.GrpcClientProtocolClient (GrpcClientProtocolClient.java:onNext(255)) - client-B30EC828C355->c26939f8-4d1f-4fb1-95c4-1aa8f7e5d3f6: receive RaftClientReply:client-B30EC828C355->c26939f8-4d1f-4fb1-95c4-1aa8f7e5d3f6@group-D25BE8053FEA, cid=3042, SUCCESS, logIndex=4561, commits[c26939f8-4d1f-4fb1-95c4-1aa8f7e5d3f6:c4561, c5393538-959b-47cf-9d9c-19dac7bed4ee:c4557, a2e6e0ff-38a8-4bcf-9958-a89ff312531d:c4557]
2019-07-15 13:07:12,036 INFO  client.GrpcClientProtocolClient (GrpcClientProtocolClient.java:onNext(255)) - client-B30EC828C355->c26939f8-4d1f-4fb1-95c4-1aa8f7e5d3f6: receive RaftClientReply:client-B30EC828C355->c26939f8-4d1f-4fb1-95c4-1aa8f7e5d3f6@group-D25BE8053FEA, cid=3043, SUCCESS, logIndex=0, commits[c26939f8-4d1f-4fb1-95c4-1aa8f7e5d3f6:c4563, c5393538-959b-47cf-9d9c-19dac7bed4ee:c4559, a2e6e0ff-38a8-4bcf-9958-a89ff312531d:c4559]
2019-07-15 13:07:12,052 INFO  client.GrpcClientProtocolClient (GrpcClientProtocolClient.java:onNext(255)) - client-B30EC828C355->c26939f8-4d1f-4fb1-95c4-1aa8f7e5d3f6: receive RaftClientReply:client-B30EC828C355->c26939f8-4d1f-4fb1-95c4-1aa8f7e5d3f6@group-D25BE8053FEA, cid=3044, SUCCESS, logIndex=4565, commits[c26939f8-4d1f-4fb1-95c4-1aa8f7e5d3f6:c4566, c5393538-959b-47cf-9d9c-19dac7bed4ee:c4564, a2e6e0ff-38a8-4bcf-9958-a89ff312531d:c4561]
2019-07-15 13:07:12,052 INFO  client.GrpcClientProtocolClient (GrpcClientProtocolClient.java:onNext(255)) - client-B30EC828C355->c26939f8-4d1f-4fb1-95c4-1aa8f7e5d3f6: receive RaftClientReply:client-B30EC828C355->c26939f8-4d1f-4fb1-95c4-1aa8f7e5d3f6@group-D25BE8053FEA, cid=3045, SUCCESS, logIndex=4566, commits[c26939f8-4d1f-4fb1-95c4-1aa8f7e5d3f6:c4566, c5393538-959b-47cf-9d9c-19dac7bed4ee:c4564, a2e6e0ff-38a8-4bcf-9958-a89ff312531d:c4561]
2019-07-15 13:07:12,067 INFO  client.GrpcClientProtocolClient (GrpcClientProtocolClient.java:onNext(255)) - client-B30EC828C355->c26939f8-4d1f-4fb1-95c4-1aa8f7e5d3f6: receive RaftClientReply:client-B30EC828C355->c26939f8-4d1f-4fb1-95c4-1aa8f7e5d3f6@group-D25BE8053FEA, cid=3046, SUCCESS, logIndex=4569, commits[c26939f8-4d1f-4fb1-95c4-1aa8f7e5d3f6:c4570, c5393538-959b-47cf-9d9c-19dac7bed4ee:c4566, a2e6e0ff-38a8-4bcf-9958-a89ff312531d:c4566]
2019-07-15 13:07:12,067 INFO  client.GrpcClientProtocolClient (GrpcClientProtocolClient.java:onNext(255)) - client-B30EC828C355->c26939f8-4d1f-4fb1-95c4-1aa8f7e5d3f6: receive RaftClientReply:client-B30EC828C355->c26939f8-4d1f-4fb1-95c4-1aa8f7e5d3f6@group-D25BE8053FEA, cid=3047, SUCCESS, logIndex=4570, commits[c26939f8-4d1f-4fb1-95c4-1aa8f7e5d3f6:c4570, c5393538-959b-47cf-9d9c-19dac7bed4ee:c4566, a2e6e0ff-38a8-4bcf-9958-a89ff312531d:c4566]
2019-07-15 13:07:12,071 INFO  client.GrpcClientProtocolClient (GrpcClientProtocolClient.java:onNext(255)) - client-B30EC828C355->c26939f8-4d1f-4fb1-95c4-1aa8f7e5d3f6: receive RaftClientReply:client-B30EC828C355->c26939f8-4d1f-4fb1-95c4-1aa8f7e5d3f6@group-D25BE8053FEA, cid=3048, SUCCESS, logIndex=0, commits[c26939f8-4d1f-4fb1-95c4-1aa8f7e5d3f6:c4571, c5393538-959b-47cf-9d9c-19dac7bed4ee:c4570, a2e6e0ff-38a8-4bcf-9958-a89ff312531d:c4570]
2019-07-15 13:07:12,105 INFO  client.GrpcClientProtocolClient (GrpcClientProtocolClient.java:onNext(255)) - client-B30EC828C355->c26939f8-4d1f-4fb1-95c4-1aa8f7e5d3f6: receive RaftClientReply:client-B30EC828C355->c26939f8-4d1f-4fb1-95c4-1aa8f7e5d3f6@group-D25BE8053FEA, cid=3049, SUCCESS, logIndex=4573, commits[c26939f8-4d1f-4fb1-95c4-1aa8f7e5d3f6:c4573, c5393538-959b-47cf-9d9c-19dac7bed4ee:c4572, a2e6e0ff-38a8-4bcf-9958-a89ff312531d:c4572]
2019-07-15 13:07:12,106 INFO  client.GrpcClientProtocolClient (GrpcClientProtocolClient.java:onNext(255)) - client-B30EC828C355->c26939f8-4d1f-4fb1-95c4-1aa8f7e5d3f6: receive RaftClientReply:client-B30EC828C355->c26939f8-4d1f-4fb1-95c4-1aa8f7e5d3f6@group-D25BE8053FEA, cid=3050, SUCCESS, logIndex=4574, commits[c26939f8-4d1f-4fb1-95c4-1aa8f7e5d3f6:c4574, c5393538-959b-47cf-9d9c-19dac7bed4ee:c4572, a2e6e0ff-38a8-4bcf-9958-a89ff312531d:c4572]
2019-07-15 13:07:12,106 INFO  client.GrpcClientProtocolClient (GrpcClientProtocolClient.java:onNext(255)) - client-B30EC828C355->c26939f8-4d1f-4fb1-95c4-1aa8f7e5d3f6: receive RaftClientReply:client-B30EC828C355->c26939f8-4d1f-4fb1-95c4-1aa8f7e5d3f6@group-D25BE8053FEA, cid=3051, SUCCESS, logIndex=4575, commits[c26939f8-4d1f-4fb1-95c4-1aa8f7e5d3f6:c4576, c5393538-959b-47cf-9d9c-19dac7bed4ee:c4572, a2e6e0ff-38a8-4bcf-9958-a89ff312531d:c4572]
2019-07-15 13:07:12,107 INFO  client.GrpcClientProtocolClient (GrpcClientProtocolClient.java:onNext(255)) - client-B30EC828C355->c26939f8-4d1f-4fb1-95c4-1aa8f7e5d3f6: receive RaftClientReply:client-B30EC828C355->c26939f8-4d1f-4fb1-95c4-1aa8f7e5d3f6@group-D25BE8053FEA, cid=3052, SUCCESS, logIndex=4576, commits[c26939f8-4d1f-4fb1-95c4-1aa8f7e5d3f6:c4576, c5393538-959b-47cf-9d9c-19dac7bed4ee:c4572, a2e6e0ff-38a8-4bcf-9958-a89ff312531d:c4572]
2019-07-15 13:07:12,119 INFO  client.GrpcClientProtocolClient (GrpcClientProtocolClient.java:onNext(255)) - client-B30EC828C355->c26939f8-4d1f-4fb1-95c4-1aa8f7e5d3f6: receive RaftClientReply:client-B30EC828C355->c26939f8-4d1f-4fb1-95c4-1aa8f7e5d3f6@group-D25BE8053FEA, cid=3053, SUCCESS, logIndex=0, commits[c26939f8-4d1f-4fb1-95c4-1aa8f7e5d3f6:c4578, c5393538-959b-47cf-9d9c-19dac7bed4ee:c4574, a2e6e0ff-38a8-4bcf-9958-a89ff312531d:c4574]
2019-07-15 13:07:12,132 INFO  client.GrpcClientProtocolClient (GrpcClientProtocolClient.java:onNext(255)) - client-B30EC828C355->c26939f8-4d1f-4fb1-95c4-1aa8f7e5d3f6: receive RaftClientReply:client-B30EC828C355->c26939f8-4d1f-4fb1-95c4-1aa8f7e5d3f6@group-D25BE8053FEA, cid=3054, SUCCESS, logIndex=4581, commits[c26939f8-4d1f-4fb1-95c4-1aa8f7e5d3f6:c4582, c5393538-959b-47cf-9d9c-19dac7bed4ee:c4576, a2e6e0ff-38a8-4bcf-9958-a89ff312531d:c4580]
2019-07-15 13:07:12,133 INFO  client.GrpcClientProtocolClient (GrpcClientProtocolClient.java:onNext(255)) - client-B30EC828C355->c26939f8-4d1f-4fb1-95c4-1aa8f7e5d3f6: receive RaftClientReply:client-B30EC828C355->c26939f8-4d1f-4fb1-95c4-1aa8f7e5d3f6@group-D25BE8053FEA, cid=3055, SUCCESS, logIndex=4582, commits[c26939f8-4d1f-4fb1-95c4-1aa8f7e5d3f6:c4582, c5393538-959b-47cf-9d9c-19dac7bed4ee:c4580, a2e6e0ff-38a8-4bcf-9958-a89ff312531d:c4580]
2019-07-15 13:07:12,153 INFO  client.GrpcClientProtocolClient (GrpcClientProtocolClient.java:onNext(255)) - client-B30EC828C355->c26939f8-4d1f-4fb1-95c4-1aa8f7e5d3f6: receive RaftClientReply:client-B30EC828C355->c26939f8-4d1f-4fb1-95c4-1aa8f7e5d3f6@group-D25BE8053FEA, cid=3056, SUCCESS, logIndex=4584, commits[c26939f8-4d1f-4fb1-95c4-1aa8f7e5d3f6:c4585, c5393538-959b-47cf-9d9c-19dac7bed4ee:c4583, a2e6e0ff-38a8-4bcf-9958-a89ff312531d:c4583]
2019-07-15 13:07:12,153 INFO  client.GrpcClientProtocolClient (GrpcClientProtocolClient.java:onNext(255)) - client-B30EC828C355->c26939f8-4d1f-4fb1-95c4-1aa8f7e5d3f6: receive RaftClientReply:client-B30EC828C355->c26939f8-4d1f-4fb1-95c4-1aa8f7e5d3f6@group-D25BE8053FEA, cid=3057, SUCCESS, logIndex=4585, commits[c26939f8-4d1f-4fb1-95c4-1aa8f7e5d3f6:c4585, c5393538-959b-47cf-9d9c-19dac7bed4ee:c4583, a2e6e0ff-38a8-4bcf-9958-a89ff312531d:c4583]
2019-07-15 13:07:12,167 INFO  client.GrpcClientProtocolClient (GrpcClientProtocolClient.java:onNext(255)) - client-B30EC828C355->c26939f8-4d1f-4fb1-95c4-1aa8f7e5d3f6: receive RaftClientReply:client-B30EC828C355->c26939f8-4d1f-4fb1-95c4-1aa8f7e5d3f6@group-D25BE8053FEA, cid=3058, SUCCESS, logIndex=0, commits[c26939f8-4d1f-4fb1-95c4-1aa8f7e5d3f6:c4587, c5393538-959b-47cf-9d9c-19dac7bed4ee:c4585, a2e6e0ff-38a8-4bcf-9958-a89ff312531d:c4585]
2019-07-15 13:07:12,202 INFO  client.GrpcClientProtocolClient (GrpcClientProtocolClient.java:onNext(255)) - client-B30EC828C355->c26939f8-4d1f-4fb1-95c4-1aa8f7e5d3f6: receive RaftClientReply:client-B30EC828C355->c26939f8-4d1f-4fb1-95c4-1aa8f7e5d3f6@group-D25BE8053FEA, cid=3059, SUCCESS, logIndex=4588, commits[c26939f8-4d1f-4fb1-95c4-1aa8f7e5d3f6:c4590, c5393538-959b-47cf-9d9c-19dac7bed4ee:c4587, a2e6e0ff-38a8-4bcf-9958-a89ff312531d:c4587]
2019-07-15 13:07:12,202 INFO  client.GrpcClientProtocolClient (GrpcClientProtocolClient.java:onNext(255)) - client-B30EC828C355->c26939f8-4d1f-4fb1-95c4-1aa8f7e5d3f6: receive RaftClientReply:client-B30EC828C355->c26939f8-4d1f-4fb1-95c4-1aa8f7e5d3f6@group-D25BE8053FEA, cid=3060, SUCCESS, logIndex=4589, commits[c26939f8-4d1f-4fb1-95c4-1aa8f7e5d3f6:c4591, c5393538-959b-47cf-9d9c-19dac7bed4ee:c4587, a2e6e0ff-38a8-4bcf-9958-a89ff312531d:c4587]
2019-07-15 13:07:12,202 INFO  client.GrpcClientProtocolClient (GrpcClientProtocolClient.java:onNext(255)) - client-B30EC828C355->c26939f8-4d1f-4fb1-95c4-1aa8f7e5d3f6: receive RaftClientReply:client-B30EC828C355->c26939f8-4d1f-4fb1-95c4-1aa8f7e5d3f6@group-D25BE8053FEA, cid=3061, SUCCESS, logIndex=4590, commits[c26939f8-4d1f-4fb1-95c4-1aa8f7e5d3f6:c4591, c5393538-959b-47cf-9d9c-19dac7bed4ee:c4587, a2e6e0ff-38a8-4bcf-9958-a89ff312531d:c4587]
2019-07-15 13:07:12,203 INFO  client.GrpcClientProtocolClient (GrpcClientProtocolClient.java:onNext(255)) - client-B30EC828C355->c26939f8-4d1f-4fb1-95c4-1aa8f7e5d3f6: receive RaftClientReply:client-B30EC828C355->c26939f8-4d1f-4fb1-95c4-1aa8f7e5d3f6@group-D25BE8053FEA, cid=3062, SUCCESS, logIndex=4591, commits[c26939f8-4d1f-4fb1-95c4-1aa8f7e5d3f6:c4591, c5393538-959b-47cf-9d9c-19dac7bed4ee:c4588, a2e6e0ff-38a8-4bcf-9958-a89ff312531d:c4587]
2019-07-15 13:07:12,206 INFO  client.GrpcClientProtocolClient (GrpcClientProtocolClient.java:onNext(255)) - client-B30EC828C355->c26939f8-4d1f-4fb1-95c4-1aa8f7e5d3f6: receive RaftClientReply:client-B30EC828C355->c26939f8-4d1f-4fb1-95c4-1aa8f7e5d3f6@group-D25BE8053FEA, cid=3063, SUCCESS, logIndex=0, commits[c26939f8-4d1f-4fb1-95c4-1aa8f7e5d3f6:c4594, c5393538-959b-47cf-9d9c-19dac7bed4ee:c4591, a2e6e0ff-38a8-4bcf-9958-a89ff312531d:c4589]
2019-07-15 13:07:12,218 INFO  client.GrpcClientProtocolClient (GrpcClientProtocolClient.java:onNext(255)) - client-B30EC828C355->c26939f8-4d1f-4fb1-95c4-1aa8f7e5d3f6: receive RaftClientReply:client-B30EC828C355->c26939f8-4d1f-4fb1-95c4-1aa8f7e5d3f6@group-D25BE8053FEA, cid=3064, SUCCESS, logIndex=4596, commits[c26939f8-4d1f-4fb1-95c4-1aa8f7e5d3f6:c4597, c5393538-959b-47cf-9d9c-19dac7bed4ee:c4594, a2e6e0ff-38a8-4bcf-9958-a89ff312531d:c4594]
2019-07-15 13:07:12,218 INFO  client.GrpcClientProtocolClient (GrpcClientProtocolClient.java:onNext(255)) - client-B30EC828C355->c26939f8-4d1f-4fb1-95c4-1aa8f7e5d3f6: receive RaftClientReply:client-B30EC828C355->c26939f8-4d1f-4fb1-95c4-1aa8f7e5d3f6@group-D25BE8053FEA, cid=3065, SUCCESS, logIndex=4597, commits[c26939f8-4d1f-4fb1-95c4-1aa8f7e5d3f6:c4597, c5393538-959b-47cf-9d9c-19dac7bed4ee:c4594, a2e6e0ff-38a8-4bcf-9958-a89ff312531d:c4594]
2019-07-15 13:07:12,261 INFO  client.GrpcClientProtocolClient (GrpcClientProtocolClient.java:onNext(255)) - client-B30EC828C355->c26939f8-4d1f-4fb1-95c4-1aa8f7e5d3f6: receive RaftClientReply:client-B30EC828C355->c26939f8-4d1f-4fb1-95c4-1aa8f7e5d3f6@group-D25BE8053FEA, cid=3066, SUCCESS, logIndex=4600, commits[c26939f8-4d1f-4fb1-95c4-1aa8f7e5d3f6:c4600, c5393538-959b-47cf-9d9c-19dac7bed4ee:c4597, a2e6e0ff-38a8-4bcf-9958-a89ff312531d:c4597]
2019-07-15 13:07:12,261 INFO  client.GrpcClientProtocolClient (GrpcClientProtocolClient.java:onNext(255)) - client-B30EC828C355->c26939f8-4d1f-4fb1-95c4-1aa8f7e5d3f6: receive RaftClientReply:client-B30EC828C355->c26939f8-4d1f-4fb1-95c4-1aa8f7e5d3f6@group-D25BE8053FEA, cid=3067, SUCCESS, logIndex=4601, commits[c26939f8-4d1f-4fb1-95c4-1aa8f7e5d3f6:c4601, c5393538-959b-47cf-9d9c-19dac7bed4ee:c4597, a2e6e0ff-38a8-4bcf-9958-a89ff312531d:c4597]
2019-07-15 13:07:12,285 INFO  client.GrpcClientProtocolClient (GrpcClientProtocolClient.java:onNext(255)) - client-B30EC828C355->c26939f8-4d1f-4fb1-95c4-1aa8f7e5d3f6: receive RaftClientReply:client-B30EC828C355->c26939f8-4d1f-4fb1-95c4-1aa8f7e5d3f6@group-D25BE8053FEA, cid=3068, SUCCESS, logIndex=0, commits[c26939f8-4d1f-4fb1-95c4-1aa8f7e5d3f6:c4603, c5393538-959b-47cf-9d9c-19dac7bed4ee:c4601, a2e6e0ff-38a8-4bcf-9958-a89ff312531d:c4601]
2019-07-15 13:07:12,321 INFO  client.GrpcClientProtocolClient (GrpcClientProtocolClient.java:onNext(255)) - client-B30EC828C355->c26939f8-4d1f-4fb1-95c4-1aa8f7e5d3f6: receive RaftClientReply:client-B30EC828C355->c26939f8-4d1f-4fb1-95c4-1aa8f7e5d3f6@group-D25BE8053FEA, cid=3069, SUCCESS, logIndex=4604, commits[c26939f8-4d1f-4fb1-95c4-1aa8f7e5d3f6:c4605, c5393538-959b-47cf-9d9c-19dac7bed4ee:c4603, a2e6e0ff-38a8-4bcf-9958-a89ff312531d:c4603]
2019-07-15 13:07:12,322 INFO  client.GrpcClientProtocolClient (GrpcClientProtocolClient.java:onNext(255)) - client-B30EC828C355->c26939f8-4d1f-4fb1-95c4-1aa8f7e5d3f6: receive RaftClientReply:client-B30EC828C355->c26939f8-4d1f-4fb1-95c4-1aa8f7e5d3f6@group-D25BE8053FEA, cid=3070, SUCCESS, logIndex=4605, commits[c26939f8-4d1f-4fb1-95c4-1aa8f7e5d3f6:c4605, c5393538-959b-47cf-9d9c-19dac7bed4ee:c4603, a2e6e0ff-38a8-4bcf-9958-a89ff312531d:c4603]
2019-07-15 13:07:12,333 INFO  client.GrpcClientProtocolClient (GrpcClientProtocolClient.java:onNext(255)) - client-B30EC828C355->c26939f8-4d1f-4fb1-95c4-1aa8f7e5d3f6: receive RaftClientReply:client-B30EC828C355->c26939f8-4d1f-4fb1-95c4-1aa8f7e5d3f6@group-D25BE8053FEA, cid=3071, SUCCESS, logIndex=4606, commits[c26939f8-4d1f-4fb1-95c4-1aa8f7e5d3f6:c4607, c5393538-959b-47cf-9d9c-19dac7bed4ee:c4603, a2e6e0ff-38a8-4bcf-9958-a89ff312531d:c4603]
2019-07-15 13:07:12,334 INFO  client.GrpcClientProtocolClient (GrpcClientProtocolClient.java:onNext(255)) - client-B30EC828C355->c26939f8-4d1f-4fb1-95c4-1aa8f7e5d3f6: receive RaftClientReply:client-B30EC828C355->c26939f8-4d1f-4fb1-95c4-1aa8f7e5d3f6@group-D25BE8053FEA, cid=3072, SUCCESS, logIndex=4607, commits[c26939f8-4d1f-4fb1-95c4-1aa8f7e5d3f6:c4607, c5393538-959b-47cf-9d9c-19dac7bed4ee:c4603, a2e6e0ff-38a8-4bcf-9958-a89ff312531d:c4603]
2019-07-15 13:07:12,346 INFO  client.GrpcClientProtocolClient (GrpcClientProtocolClient.java:onNext(255)) - client-B30EC828C355->c26939f8-4d1f-4fb1-95c4-1aa8f7e5d3f6: receive RaftClientReply:client-B30EC828C355->c26939f8-4d1f-4fb1-95c4-1aa8f7e5d3f6@group-D25BE8053FEA, cid=3073, SUCCESS, logIndex=0, commits[c26939f8-4d1f-4fb1-95c4-1aa8f7e5d3f6:c4609, c5393538-959b-47cf-9d9c-19dac7bed4ee:c4605, a2e6e0ff-38a8-4bcf-9958-a89ff312531d:c4605]
2019-07-15 13:07:12,373 INFO  client.GrpcClientProtocolClient (GrpcClientProtocolClient.java:onNext(255)) - client-B30EC828C355->c26939f8-4d1f-4fb1-95c4-1aa8f7e5d3f6: receive RaftClientReply:client-B30EC828C355->c26939f8-4d1f-4fb1-95c4-1aa8f7e5d3f6@group-D25BE8053FEA, cid=3074, SUCCESS, logIndex=4612, commits[c26939f8-4d1f-4fb1-95c4-1aa8f7e5d3f6:c4612, c5393538-959b-47cf-9d9c-19dac7bed4ee:c4611, a2e6e0ff-38a8-4bcf-9958-a89ff312531d:c4611]
2019-07-15 13:07:12,373 INFO  client.GrpcClientProtocolClient (GrpcClientProtocolClient.java:onNext(255)) - client-B30EC828C355->c26939f8-4d1f-4fb1-95c4-1aa8f7e5d3f6: receive RaftClientReply:client-B30EC828C355->c26939f8-4d1f-4fb1-95c4-1aa8f7e5d3f6@group-D25BE8053FEA, cid=3075, SUCCESS, logIndex=4613, commits[c26939f8-4d1f-4fb1-95c4-1aa8f7e5d3f6:c4613, c5393538-959b-47cf-9d9c-19dac7bed4ee:c4611, a2e6e0ff-38a8-4bcf-9958-a89ff312531d:c4611]
2019-07-15 13:07:12,388 INFO  client.GrpcClientProtocolClient (GrpcClientProtocolClient.java:onNext(255)) - client-B30EC828C355->c26939f8-4d1f-4fb1-95c4-1aa8f7e5d3f6: receive RaftClientReply:client-B30EC828C355->c26939f8-4d1f-4fb1-95c4-1aa8f7e5d3f6@group-D25BE8053FEA, cid=3076, SUCCESS, logIndex=4616, commits[c26939f8-4d1f-4fb1-95c4-1aa8f7e5d3f6:c4617, c5393538-959b-47cf-9d9c-19dac7bed4ee:c4613, a2e6e0ff-38a8-4bcf-9958-a89ff312531d:c4613]
2019-07-15 13:07:12,388 INFO  client.GrpcClientProtocolClient (GrpcClientProtocolClient.java:onNext(255)) - client-B30EC828C355->c26939f8-4d1f-4fb1-95c4-1aa8f7e5d3f6: receive RaftClientReply:client-B30EC828C355->c26939f8-4d1f-4fb1-95c4-1aa8f7e5d3f6@group-D25BE8053FEA, cid=3077, SUCCESS, logIndex=4617, commits[c26939f8-4d1f-4fb1-95c4-1aa8f7e5d3f6:c4617, c5393538-959b-47cf-9d9c-19dac7bed4ee:c4613, a2e6e0ff-38a8-4bcf-9958-a89ff312531d:c4613]
 0.00% |█                                                                                                    |  0/1 Time: 0:00:262019-07-15 13:07:12,402 INFO  client.GrpcClientProtocolClient (GrpcClientProtocolClient.java:onNext(255)) - client-B30EC828C355->c26939f8-4d1f-4fb1-95c4-1aa8f7e5d3f6: receive RaftClientReply:client-B30EC828C355->c26939f8-4d1f-4fb1-95c4-1aa8f7e5d3f6@group-D25BE8053FEA, cid=3078, SUCCESS, logIndex=0, commits[c26939f8-4d1f-4fb1-95c4-1aa8f7e5d3f6:c4619, c5393538-959b-47cf-9d9c-19dac7bed4ee:c4617, a2e6e0ff-38a8-4bcf-9958-a89ff312531d:c4617]
2019-07-15 13:07:12,550 INFO  client.GrpcClientProtocolClient (GrpcClientProtocolClient.java:onNext(255)) - client-B30EC828C355->c26939f8-4d1f-4fb1-95c4-1aa8f7e5d3f6: receive RaftClientReply:client-B30EC828C355->c26939f8-4d1f-4fb1-95c4-1aa8f7e5d3f6@group-D25BE8053FEA, cid=3079, SUCCESS, logIndex=4620, commits[c26939f8-4d1f-4fb1-95c4-1aa8f7e5d3f6:c4621, c5393538-959b-47cf-9d9c-19dac7bed4ee:c4619, a2e6e0ff-38a8-4bcf-9958-a89ff312531d:c4619]
2019-07-15 13:07:12,551 INFO  client.GrpcClientProtocolClient (GrpcClientProtocolClient.java:onNext(255)) - client-B30EC828C355->c26939f8-4d1f-4fb1-95c4-1aa8f7e5d3f6: receive RaftClientReply:client-B30EC828C355->c26939f8-4d1f-4fb1-95c4-1aa8f7e5d3f6@group-D25BE8053FEA, cid=3080, SUCCESS, logIndex=4621, commits[c26939f8-4d1f-4fb1-95c4-1aa8f7e5d3f6:c4621, c5393538-959b-47cf-9d9c-19dac7bed4ee:c4619, a2e6e0ff-38a8-4bcf-9958-a89ff312531d:c4619]
2019-07-15 13:07:12,551 INFO  client.GrpcClientProtocolClient (GrpcClientProtocolClient.java:onNext(255)) - client-B30EC828C355->c26939f8-4d1f-4fb1-95c4-1aa8f7e5d3f6: receive RaftClientReply:client-B30EC828C355->c26939f8-4d1f-4fb1-95c4-1aa8f7e5d3f6@group-D25BE8053FEA, cid=3081, SUCCESS, logIndex=4622, commits[c26939f8-4d1f-4fb1-95c4-1aa8f7e5d3f6:c4623, c5393538-959b-47cf-9d9c-19dac7bed4ee:c4619, a2e6e0ff-38a8-4bcf-9958-a89ff312531d:c4619]
2019-07-15 13:07:12,552 INFO  client.GrpcClientProtocolClient (GrpcClientProtocolClient.java:onNext(255)) - client-B30EC828C355->c26939f8-4d1f-4fb1-95c4-1aa8f7e5d3f6: receive RaftClientReply:client-B30EC828C355->c26939f8-4d1f-4fb1-95c4-1aa8f7e5d3f6@group-D25BE8053FEA, cid=3082, SUCCESS, logIndex=4623, commits[c26939f8-4d1f-4fb1-95c4-1aa8f7e5d3f6:c4623, c5393538-959b-47cf-9d9c-19dac7bed4ee:c4619, a2e6e0ff-38a8-4bcf-9958-a89ff312531d:c4619]
2019-07-15 13:07:12,565 INFO  client.GrpcClientProtocolClient (GrpcClientProtocolClient.java:onNext(255)) - client-B30EC828C355->c26939f8-4d1f-4fb1-95c4-1aa8f7e5d3f6: receive RaftClientReply:client-B30EC828C355->c26939f8-4d1f-4fb1-95c4-1aa8f7e5d3f6@group-D25BE8053FEA, cid=3083, SUCCESS, logIndex=0, commits[c26939f8-4d1f-4fb1-95c4-1aa8f7e5d3f6:c4625, c5393538-959b-47cf-9d9c-19dac7bed4ee:c4621, a2e6e0ff-38a8-4bcf-9958-a89ff312531d:c4621]
2019-07-15 13:07:12,578 INFO  client.GrpcClientProtocolClient (GrpcClientProtocolClient.java:onNext(255)) - client-B30EC828C355->c26939f8-4d1f-4fb1-95c4-1aa8f7e5d3f6: receive RaftClientReply:client-B30EC828C355->c26939f8-4d1f-4fb1-95c4-1aa8f7e5d3f6@group-D25BE8053FEA, cid=3084, SUCCESS, logIndex=4628, commits[c26939f8-4d1f-4fb1-95c4-1aa8f7e5d3f6:c4629, c5393538-959b-47cf-9d9c-19dac7bed4ee:c4627, a2e6e0ff-38a8-4bcf-9958-a89ff312531d:c4623]
2019-07-15 13:07:12,579 INFO  client.GrpcClientProtocolClient (GrpcClientProtocolClient.java:onNext(255)) - client-B30EC828C355->c26939f8-4d1f-4fb1-95c4-1aa8f7e5d3f6: receive RaftClientReply:client-B30EC828C355->c26939f8-4d1f-4fb1-95c4-1aa8f7e5d3f6@group-D25BE8053FEA, cid=3085, SUCCESS, logIndex=4629, commits[c26939f8-4d1f-4fb1-95c4-1aa8f7e5d3f6:c4629, c5393538-959b-47cf-9d9c-19dac7bed4ee:c4627, a2e6e0ff-38a8-4bcf-9958-a89ff312531d:c4623]
2019-07-15 13:07:12,595 INFO  client.GrpcClientProtocolClient (GrpcClientProtocolClient.java:onNext(255)) - client-B30EC828C355->c26939f8-4d1f-4fb1-95c4-1aa8f7e5d3f6: receive RaftClientReply:client-B30EC828C355->c26939f8-4d1f-4fb1-95c4-1aa8f7e5d3f6@group-D25BE8053FEA, cid=3086, SUCCESS, logIndex=4632, commits[c26939f8-4d1f-4fb1-95c4-1aa8f7e5d3f6:c4633, c5393538-959b-47cf-9d9c-19dac7bed4ee:c4629, a2e6e0ff-38a8-4bcf-9958-a89ff312531d:c4630]
2019-07-15 13:07:12,595 INFO  client.GrpcClientProtocolClient (GrpcClientProtocolClient.java:onNext(255)) - client-B30EC828C355->c26939f8-4d1f-4fb1-95c4-1aa8f7e5d3f6: receive RaftClientReply:client-B30EC828C355->c26939f8-4d1f-4fb1-95c4-1aa8f7e5d3f6@group-D25BE8053FEA, cid=3087, SUCCESS, logIndex=4633, commits[c26939f8-4d1f-4fb1-95c4-1aa8f7e5d3f6:c4633, c5393538-959b-47cf-9d9c-19dac7bed4ee:c4630, a2e6e0ff-38a8-4bcf-9958-a89ff312531d:c4630]
2019-07-15 13:07:12,608 INFO  client.GrpcClientProtocolClient (GrpcClientProtocolClient.java:onNext(255)) - client-B30EC828C355->c26939f8-4d1f-4fb1-95c4-1aa8f7e5d3f6: receive RaftClientReply:client-B30EC828C355->c26939f8-4d1f-4fb1-95c4-1aa8f7e5d3f6@group-D25BE8053FEA, cid=3088, SUCCESS, logIndex=0, commits[c26939f8-4d1f-4fb1-95c4-1aa8f7e5d3f6:c4634, c5393538-959b-47cf-9d9c-19dac7bed4ee:c4633, a2e6e0ff-38a8-4bcf-9958-a89ff312531d:c4633]
2019-07-15 13:07:12,641 INFO  client.GrpcClientProtocolClient (GrpcClientProtocolClient.java:onNext(255)) - client-B30EC828C355->c26939f8-4d1f-4fb1-95c4-1aa8f7e5d3f6: receive RaftClientReply:client-B30EC828C355->c26939f8-4d1f-4fb1-95c4-1aa8f7e5d3f6@group-D25BE8053FEA, cid=3089, SUCCESS, logIndex=4635, commits[c26939f8-4d1f-4fb1-95c4-1aa8f7e5d3f6:c4636, c5393538-959b-47cf-9d9c-19dac7bed4ee:c4634, a2e6e0ff-38a8-4bcf-9958-a89ff312531d:c4634]
2019-07-15 13:07:12,641 INFO  client.GrpcClientProtocolClient (GrpcClientProtocolClient.java:onNext(255)) - client-B30EC828C355->c26939f8-4d1f-4fb1-95c4-1aa8f7e5d3f6: receive RaftClientReply:client-B30EC828C355->c26939f8-4d1f-4fb1-95c4-1aa8f7e5d3f6@group-D25BE8053FEA, cid=3090, SUCCESS, logIndex=4636, commits[c26939f8-4d1f-4fb1-95c4-1aa8f7e5d3f6:c4636, c5393538-959b-47cf-9d9c-19dac7bed4ee:c4634, a2e6e0ff-38a8-4bcf-9958-a89ff312531d:c4634]
2019-07-15 13:07:12,642 INFO  client.GrpcClientProtocolClient (GrpcClientProtocolClient.java:onNext(255)) - client-B30EC828C355->c26939f8-4d1f-4fb1-95c4-1aa8f7e5d3f6: receive RaftClientReply:client-B30EC828C355->c26939f8-4d1f-4fb1-95c4-1aa8f7e5d3f6@group-D25BE8053FEA, cid=3091, SUCCESS, logIndex=4637, commits[c26939f8-4d1f-4fb1-95c4-1aa8f7e5d3f6:c4638, c5393538-959b-47cf-9d9c-19dac7bed4ee:c4634, a2e6e0ff-38a8-4bcf-9958-a89ff312531d:c4634]
2019-07-15 13:07:12,642 INFO  client.GrpcClientProtocolClient (GrpcClientProtocolClient.java:onNext(255)) - client-B30EC828C355->c26939f8-4d1f-4fb1-95c4-1aa8f7e5d3f6: receive RaftClientReply:client-B30EC828C355->c26939f8-4d1f-4fb1-95c4-1aa8f7e5d3f6@group-D25BE8053FEA, cid=3092, SUCCESS, logIndex=4638, commits[c26939f8-4d1f-4fb1-95c4-1aa8f7e5d3f6:c4638, c5393538-959b-47cf-9d9c-19dac7bed4ee:c4634, a2e6e0ff-38a8-4bcf-9958-a89ff312531d:c4634]
2019-07-15 13:07:12,656 INFO  client.GrpcClientProtocolClient (GrpcClientProtocolClient.java:onNext(255)) - client-B30EC828C355->c26939f8-4d1f-4fb1-95c4-1aa8f7e5d3f6: receive RaftClientReply:client-B30EC828C355->c26939f8-4d1f-4fb1-95c4-1aa8f7e5d3f6@group-D25BE8053FEA, cid=3093, SUCCESS, logIndex=0, commits[c26939f8-4d1f-4fb1-95c4-1aa8f7e5d3f6:c4640, c5393538-959b-47cf-9d9c-19dac7bed4ee:c4636, a2e6e0ff-38a8-4bcf-9958-a89ff312531d:c4636]
2019-07-15 13:07:12,675 INFO  client.GrpcClientProtocolClient (GrpcClientProtocolClient.java:onNext(255)) - client-B30EC828C355->c26939f8-4d1f-4fb1-95c4-1aa8f7e5d3f6: receive RaftClientReply:client-B30EC828C355->c26939f8-4d1f-4fb1-95c4-1aa8f7e5d3f6@group-D25BE8053FEA, cid=3094, SUCCESS, logIndex=4643, commits[c26939f8-4d1f-4fb1-95c4-1aa8f7e5d3f6:c4644, c5393538-959b-47cf-9d9c-19dac7bed4ee:c4642, a2e6e0ff-38a8-4bcf-9958-a89ff312531d:c4642]
2019-07-15 13:07:12,676 INFO  client.GrpcClientProtocolClient (GrpcClientProtocolClient.java:onNext(255)) - client-B30EC828C355->c26939f8-4d1f-4fb1-95c4-1aa8f7e5d3f6: receive RaftClientReply:client-B30EC828C355->c26939f8-4d1f-4fb1-95c4-1aa8f7e5d3f6@group-D25BE8053FEA, cid=3095, SUCCESS, logIndex=4644, commits[c26939f8-4d1f-4fb1-95c4-1aa8f7e5d3f6:c4644, c5393538-959b-47cf-9d9c-19dac7bed4ee:c4642, a2e6e0ff-38a8-4bcf-9958-a89ff312531d:c4642]
2019-07-15 13:07:12,691 INFO  client.GrpcClientProtocolClient (GrpcClientProtocolClient.java:onNext(255)) - client-B30EC828C355->c26939f8-4d1f-4fb1-95c4-1aa8f7e5d3f6: receive RaftClientReply:client-B30EC828C355->c26939f8-4d1f-4fb1-95c4-1aa8f7e5d3f6@group-D25BE8053FEA, cid=3096, SUCCESS, logIndex=4647, commits[c26939f8-4d1f-4fb1-95c4-1aa8f7e5d3f6:c4648, c5393538-959b-47cf-9d9c-19dac7bed4ee:c4645, a2e6e0ff-38a8-4bcf-9958-a89ff312531d:c4645]
2019-07-15 13:07:12,692 INFO  client.GrpcClientProtocolClient (GrpcClientProtocolClient.java:onNext(255)) - client-B30EC828C355->c26939f8-4d1f-4fb1-95c4-1aa8f7e5d3f6: receive RaftClientReply:client-B30EC828C355->c26939f8-4d1f-4fb1-95c4-1aa8f7e5d3f6@group-D25BE8053FEA, cid=3097, SUCCESS, logIndex=4648, commits[c26939f8-4d1f-4fb1-95c4-1aa8f7e5d3f6:c4648, c5393538-959b-47cf-9d9c-19dac7bed4ee:c4645, a2e6e0ff-38a8-4bcf-9958-a89ff312531d:c4645]
2019-07-15 13:07:12,706 INFO  client.GrpcClientProtocolClient (GrpcClientProtocolClient.java:onNext(255)) - client-B30EC828C355->c26939f8-4d1f-4fb1-95c4-1aa8f7e5d3f6: receive RaftClientReply:client-B30EC828C355->c26939f8-4d1f-4fb1-95c4-1aa8f7e5d3f6@group-D25BE8053FEA, cid=3098, SUCCESS, logIndex=0, commits[c26939f8-4d1f-4fb1-95c4-1aa8f7e5d3f6:c4650, c5393538-959b-47cf-9d9c-19dac7bed4ee:c4648, a2e6e0ff-38a8-4bcf-9958-a89ff312531d:c4648]
2019-07-15 13:07:12,736 INFO  client.GrpcClientProtocolClient (GrpcClientProtocolClient.java:onNext(255)) - client-B30EC828C355->c26939f8-4d1f-4fb1-95c4-1aa8f7e5d3f6: receive RaftClientReply:client-B30EC828C355->c26939f8-4d1f-4fb1-95c4-1aa8f7e5d3f6@group-D25BE8053FEA, cid=3099, SUCCESS, logIndex=4651, commits[c26939f8-4d1f-4fb1-95c4-1aa8f7e5d3f6:c4652, c5393538-959b-47cf-9d9c-19dac7bed4ee:c4650, a2e6e0ff-38a8-4bcf-9958-a89ff312531d:c4650]
2019-07-15 13:07:12,737 INFO  client.GrpcClientProtocolClient (GrpcClientProtocolClient.java:onNext(255)) - client-B30EC828C355->c26939f8-4d1f-4fb1-95c4-1aa8f7e5d3f6: receive RaftClientReply:client-B30EC828C355->c26939f8-4d1f-4fb1-95c4-1aa8f7e5d3f6@group-D25BE8053FEA, cid=3100, SUCCESS, logIndex=4652, commits[c26939f8-4d1f-4fb1-95c4-1aa8f7e5d3f6:c4652, c5393538-959b-47cf-9d9c-19dac7bed4ee:c4650, a2e6e0ff-38a8-4bcf-9958-a89ff312531d:c4650]
2019-07-15 13:07:12,748 INFO  client.GrpcClientProtocolClient (GrpcClientProtocolClient.java:onNext(255)) - client-B30EC828C355->c26939f8-4d1f-4fb1-95c4-1aa8f7e5d3f6: receive RaftClientReply:client-B30EC828C355->c26939f8-4d1f-4fb1-95c4-1aa8f7e5d3f6@group-D25BE8053FEA, cid=3101, SUCCESS, logIndex=4653, commits[c26939f8-4d1f-4fb1-95c4-1aa8f7e5d3f6:c4654, c5393538-959b-47cf-9d9c-19dac7bed4ee:c4650, a2e6e0ff-38a8-4bcf-9958-a89ff312531d:c4650]
2019-07-15 13:07:12,749 INFO  client.GrpcClientProtocolClient (GrpcClientProtocolClient.java:onNext(255)) - client-B30EC828C355->c26939f8-4d1f-4fb1-95c4-1aa8f7e5d3f6: receive RaftClientReply:client-B30EC828C355->c26939f8-4d1f-4fb1-95c4-1aa8f7e5d3f6@group-D25BE8053FEA, cid=3102, SUCCESS, logIndex=4654, commits[c26939f8-4d1f-4fb1-95c4-1aa8f7e5d3f6:c4654, c5393538-959b-47cf-9d9c-19dac7bed4ee:c4650, a2e6e0ff-38a8-4bcf-9958-a89ff312531d:c4650]
2019-07-15 13:07:12,761 INFO  client.GrpcClientProtocolClient (GrpcClientProtocolClient.java:onNext(255)) - client-B30EC828C355->c26939f8-4d1f-4fb1-95c4-1aa8f7e5d3f6: receive RaftClientReply:client-B30EC828C355->c26939f8-4d1f-4fb1-95c4-1aa8f7e5d3f6@group-D25BE8053FEA, cid=3103, SUCCESS, logIndex=0, commits[c26939f8-4d1f-4fb1-95c4-1aa8f7e5d3f6:c4656, c5393538-959b-47cf-9d9c-19dac7bed4ee:c4652, a2e6e0ff-38a8-4bcf-9958-a89ff312531d:c4652]
2019-07-15 13:07:12,787 INFO  client.GrpcClientProtocolClient (GrpcClientProtocolClient.java:onNext(255)) - client-B30EC828C355->c26939f8-4d1f-4fb1-95c4-1aa8f7e5d3f6: receive RaftClientReply:client-B30EC828C355->c26939f8-4d1f-4fb1-95c4-1aa8f7e5d3f6@group-D25BE8053FEA, cid=3104, SUCCESS, logIndex=4659, commits[c26939f8-4d1f-4fb1-95c4-1aa8f7e5d3f6:c4660, c5393538-959b-47cf-9d9c-19dac7bed4ee:c4656, a2e6e0ff-38a8-4bcf-9958-a89ff312531d:c4656]
2019-07-15 13:07:12,787 INFO  client.GrpcClientProtocolClient (GrpcClientProtocolClient.java:onNext(255)) - client-B30EC828C355->c26939f8-4d1f-4fb1-95c4-1aa8f7e5d3f6: receive RaftClientReply:client-B30EC828C355->c26939f8-4d1f-4fb1-95c4-1aa8f7e5d3f6@group-D25BE8053FEA, cid=3105, SUCCESS, logIndex=4660, commits[c26939f8-4d1f-4fb1-95c4-1aa8f7e5d3f6:c4660, c5393538-959b-47cf-9d9c-19dac7bed4ee:c4656, a2e6e0ff-38a8-4bcf-9958-a89ff312531d:c4656]
2019-07-15 13:07:12,815 INFO  client.GrpcClientProtocolClient (GrpcClientProtocolClient.java:onNext(255)) - client-B30EC828C355->c26939f8-4d1f-4fb1-95c4-1aa8f7e5d3f6: receive RaftClientReply:client-B30EC828C355->c26939f8-4d1f-4fb1-95c4-1aa8f7e5d3f6@group-D25BE8053FEA, cid=3106, SUCCESS, logIndex=4663, commits[c26939f8-4d1f-4fb1-95c4-1aa8f7e5d3f6:c4664, c5393538-959b-47cf-9d9c-19dac7bed4ee:c4660, a2e6e0ff-38a8-4bcf-9958-a89ff312531d:c4660]
2019-07-15 13:07:12,815 INFO  client.GrpcClientProtocolClient (GrpcClientProtocolClient.java:onNext(255)) - client-B30EC828C355->c26939f8-4d1f-4fb1-95c4-1aa8f7e5d3f6: receive RaftClientReply:client-B30EC828C355->c26939f8-4d1f-4fb1-95c4-1aa8f7e5d3f6@group-D25BE8053FEA, cid=3107, SUCCESS, logIndex=4664, commits[c26939f8-4d1f-4fb1-95c4-1aa8f7e5d3f6:c4664, c5393538-959b-47cf-9d9c-19dac7bed4ee:c4660, a2e6e0ff-38a8-4bcf-9958-a89ff312531d:c4660]
2019-07-15 13:07:12,825 INFO  client.GrpcClientProtocolClient (GrpcClientProtocolClient.java:onNext(255)) - client-B30EC828C355->c26939f8-4d1f-4fb1-95c4-1aa8f7e5d3f6: receive RaftClientReply:client-B30EC828C355->c26939f8-4d1f-4fb1-95c4-1aa8f7e5d3f6@group-D25BE8053FEA, cid=3108, SUCCESS, logIndex=0, commits[c26939f8-4d1f-4fb1-95c4-1aa8f7e5d3f6:c4665, c5393538-959b-47cf-9d9c-19dac7bed4ee:c4664, a2e6e0ff-38a8-4bcf-9958-a89ff312531d:c4664]
2019-07-15 13:07:12,897 INFO  client.GrpcClientProtocolClient (GrpcClientProtocolClient.java:onNext(255)) - client-B30EC828C355->c26939f8-4d1f-4fb1-95c4-1aa8f7e5d3f6: receive RaftClientReply:client-B30EC828C355->c26939f8-4d1f-4fb1-95c4-1aa8f7e5d3f6@group-D25BE8053FEA, cid=3109, SUCCESS, logIndex=4667, commits[c26939f8-4d1f-4fb1-95c4-1aa8f7e5d3f6:c4670, c5393538-959b-47cf-9d9c-19dac7bed4ee:c4666, a2e6e0ff-38a8-4bcf-9958-a89ff312531d:c4664]
2019-07-15 13:07:12,898 INFO  client.GrpcClientProtocolClient (GrpcClientProtocolClient.java:onNext(255)) - client-B30EC828C355->c26939f8-4d1f-4fb1-95c4-1aa8f7e5d3f6: receive RaftClientReply:client-B30EC828C355->c26939f8-4d1f-4fb1-95c4-1aa8f7e5d3f6@group-D25BE8053FEA, cid=3110, SUCCESS, logIndex=4668, commits[c26939f8-4d1f-4fb1-95c4-1aa8f7e5d3f6:c4670, c5393538-959b-47cf-9d9c-19dac7bed4ee:c4666, a2e6e0ff-38a8-4bcf-9958-a89ff312531d:c4666]
2019-07-15 13:07:12,937 INFO  client.GrpcClientProtocolClient (GrpcClientProtocolClient.java:onNext(255)) - client-B30EC828C355->c26939f8-4d1f-4fb1-95c4-1aa8f7e5d3f6: receive RaftClientReply:client-B30EC828C355->c26939f8-4d1f-4fb1-95c4-1aa8f7e5d3f6@group-D25BE8053FEA, cid=3111, SUCCESS, logIndex=4669, commits[c26939f8-4d1f-4fb1-95c4-1aa8f7e5d3f6:c4670, c5393538-959b-47cf-9d9c-19dac7bed4ee:c4666, a2e6e0ff-38a8-4bcf-9958-a89ff312531d:c4666]
2019-07-15 13:07:12,937 INFO  client.GrpcClientProtocolClient (GrpcClientProtocolClient.java:onNext(255)) - client-B30EC828C355->c26939f8-4d1f-4fb1-95c4-1aa8f7e5d3f6: receive RaftClientReply:client-B30EC828C355->c26939f8-4d1f-4fb1-95c4-1aa8f7e5d3f6@group-D25BE8053FEA, cid=3112, SUCCESS, logIndex=4670, commits[c26939f8-4d1f-4fb1-95c4-1aa8f7e5d3f6:c4670, c5393538-959b-47cf-9d9c-19dac7bed4ee:c4666, a2e6e0ff-38a8-4bcf-9958-a89ff312531d:c4666]
2019-07-15 13:07:12,957 INFO  client.GrpcClientProtocolClient (GrpcClientProtocolClient.java:onNext(255)) - client-B30EC828C355->c26939f8-4d1f-4fb1-95c4-1aa8f7e5d3f6: receive RaftClientReply:client-B30EC828C355->c26939f8-4d1f-4fb1-95c4-1aa8f7e5d3f6@group-D25BE8053FEA, cid=3113, SUCCESS, logIndex=0, commits[c26939f8-4d1f-4fb1-95c4-1aa8f7e5d3f6:c4671, c5393538-959b-47cf-9d9c-19dac7bed4ee:c4668, a2e6e0ff-38a8-4bcf-9958-a89ff312531d:c4668]
2019-07-15 13:07:12,971 INFO  client.GrpcClientProtocolClient (GrpcClientProtocolClient.java:onNext(255)) - client-B30EC828C355->c26939f8-4d1f-4fb1-95c4-1aa8f7e5d3f6: receive RaftClientReply:client-B30EC828C355->c26939f8-4d1f-4fb1-95c4-1aa8f7e5d3f6@group-D25BE8053FEA, cid=3114, SUCCESS, logIndex=4675, commits[c26939f8-4d1f-4fb1-95c4-1aa8f7e5d3f6:c4676, c5393538-959b-47cf-9d9c-19dac7bed4ee:c4674, a2e6e0ff-38a8-4bcf-9958-a89ff312531d:c4674]
2019-07-15 13:07:12,972 INFO  client.GrpcClientProtocolClient (GrpcClientProtocolClient.java:onNext(255)) - client-B30EC828C355->c26939f8-4d1f-4fb1-95c4-1aa8f7e5d3f6: receive RaftClientReply:client-B30EC828C355->c26939f8-4d1f-4fb1-95c4-1aa8f7e5d3f6@group-D25BE8053FEA, cid=3115, SUCCESS, logIndex=4676, commits[c26939f8-4d1f-4fb1-95c4-1aa8f7e5d3f6:c4676, c5393538-959b-47cf-9d9c-19dac7bed4ee:c4674, a2e6e0ff-38a8-4bcf-9958-a89ff312531d:c4674]
2019-07-15 13:07:12,987 INFO  client.GrpcClientProtocolClient (GrpcClientProtocolClient.java:onNext(255)) - client-B30EC828C355->c26939f8-4d1f-4fb1-95c4-1aa8f7e5d3f6: receive RaftClientReply:client-B30EC828C355->c26939f8-4d1f-4fb1-95c4-1aa8f7e5d3f6@group-D25BE8053FEA, cid=3116, SUCCESS, logIndex=4679, commits[c26939f8-4d1f-4fb1-95c4-1aa8f7e5d3f6:c4680, c5393538-959b-47cf-9d9c-19dac7bed4ee:c4676, a2e6e0ff-38a8-4bcf-9958-a89ff312531d:c4676]
2019-07-15 13:07:12,987 INFO  client.GrpcClientProtocolClient (GrpcClientProtocolClient.java:onNext(255)) - client-B30EC828C355->c26939f8-4d1f-4fb1-95c4-1aa8f7e5d3f6: receive RaftClientReply:client-B30EC828C355->c26939f8-4d1f-4fb1-95c4-1aa8f7e5d3f6@group-D25BE8053FEA, cid=3117, SUCCESS, logIndex=4680, commits[c26939f8-4d1f-4fb1-95c4-1aa8f7e5d3f6:c4680, c5393538-959b-47cf-9d9c-19dac7bed4ee:c4676, a2e6e0ff-38a8-4bcf-9958-a89ff312531d:c4676]
2019-07-15 13:07:12,996 INFO  client.GrpcClientProtocolClient (GrpcClientProtocolClient.java:onNext(255)) - client-B30EC828C355->c26939f8-4d1f-4fb1-95c4-1aa8f7e5d3f6: receive RaftClientReply:client-B30EC828C355->c26939f8-4d1f-4fb1-95c4-1aa8f7e5d3f6@group-D25BE8053FEA, cid=3118, SUCCESS, logIndex=0, commits[c26939f8-4d1f-4fb1-95c4-1aa8f7e5d3f6:c4681, c5393538-959b-47cf-9d9c-19dac7bed4ee:c4680, a2e6e0ff-38a8-4bcf-9958-a89ff312531d:c4680]
2019-07-15 13:07:13,050 INFO  client.GrpcClientProtocolClient (GrpcClientProtocolClient.java:onNext(255)) - client-B30EC828C355->c26939f8-4d1f-4fb1-95c4-1aa8f7e5d3f6: receive RaftClientReply:client-B30EC828C355->c26939f8-4d1f-4fb1-95c4-1aa8f7e5d3f6@group-D25BE8053FEA, cid=3119, SUCCESS, logIndex=4683, commits[c26939f8-4d1f-4fb1-95c4-1aa8f7e5d3f6:c4685, c5393538-959b-47cf-9d9c-19dac7bed4ee:c4682, a2e6e0ff-38a8-4bcf-9958-a89ff312531d:c4682]
2019-07-15 13:07:13,051 INFO  client.GrpcClientProtocolClient (GrpcClientProtocolClient.java:onNext(255)) - client-B30EC828C355->c26939f8-4d1f-4fb1-95c4-1aa8f7e5d3f6: receive RaftClientReply:client-B30EC828C355->c26939f8-4d1f-4fb1-95c4-1aa8f7e5d3f6@group-D25BE8053FEA, cid=3120, SUCCESS, logIndex=4684, commits[c26939f8-4d1f-4fb1-95c4-1aa8f7e5d3f6:c4686, c5393538-959b-47cf-9d9c-19dac7bed4ee:c4682, a2e6e0ff-38a8-4bcf-9958-a89ff312531d:c4682]
2019-07-15 13:07:13,051 INFO  client.GrpcClientProtocolClient (GrpcClientProtocolClient.java:onNext(255)) - client-B30EC828C355->c26939f8-4d1f-4fb1-95c4-1aa8f7e5d3f6: receive RaftClientReply:client-B30EC828C355->c26939f8-4d1f-4fb1-95c4-1aa8f7e5d3f6@group-D25BE8053FEA, cid=3121, SUCCESS, logIndex=4685, commits[c26939f8-4d1f-4fb1-95c4-1aa8f7e5d3f6:c4686, c5393538-959b-47cf-9d9c-19dac7bed4ee:c4682, a2e6e0ff-38a8-4bcf-9958-a89ff312531d:c4682]
2019-07-15 13:07:13,052 INFO  client.GrpcClientProtocolClient (GrpcClientProtocolClient.java:onNext(255)) - client-B30EC828C355->c26939f8-4d1f-4fb1-95c4-1aa8f7e5d3f6: receive RaftClientReply:client-B30EC828C355->c26939f8-4d1f-4fb1-95c4-1aa8f7e5d3f6@group-D25BE8053FEA, cid=3122, SUCCESS, logIndex=4686, commits[c26939f8-4d1f-4fb1-95c4-1aa8f7e5d3f6:c4686, c5393538-959b-47cf-9d9c-19dac7bed4ee:c4682, a2e6e0ff-38a8-4bcf-9958-a89ff312531d:c4682]
2019-07-15 13:07:13,053 INFO  client.GrpcClientProtocolClient (GrpcClientProtocolClient.java:onNext(255)) - client-B30EC828C355->c26939f8-4d1f-4fb1-95c4-1aa8f7e5d3f6: receive RaftClientReply:client-B30EC828C355->c26939f8-4d1f-4fb1-95c4-1aa8f7e5d3f6@group-D25BE8053FEA, cid=3123, SUCCESS, logIndex=0, commits[c26939f8-4d1f-4fb1-95c4-1aa8f7e5d3f6:c4690, c5393538-959b-47cf-9d9c-19dac7bed4ee:c4684, a2e6e0ff-38a8-4bcf-9958-a89ff312531d:c4686]
2019-07-15 13:07:13,082 INFO  client.GrpcClientProtocolClient (GrpcClientProtocolClient.java:onNext(255)) - client-B30EC828C355->c26939f8-4d1f-4fb1-95c4-1aa8f7e5d3f6: receive RaftClientReply:client-B30EC828C355->c26939f8-4d1f-4fb1-95c4-1aa8f7e5d3f6@group-D25BE8053FEA, cid=3124, SUCCESS, logIndex=4691, commits[c26939f8-4d1f-4fb1-95c4-1aa8f7e5d3f6:c4692, c5393538-959b-47cf-9d9c-19dac7bed4ee:c4690, a2e6e0ff-38a8-4bcf-9958-a89ff312531d:c4690]
2019-07-15 13:07:13,083 INFO  client.GrpcClientProtocolClient (GrpcClientProtocolClient.java:onNext(255)) - client-B30EC828C355->c26939f8-4d1f-4fb1-95c4-1aa8f7e5d3f6: receive RaftClientReply:client-B30EC828C355->c26939f8-4d1f-4fb1-95c4-1aa8f7e5d3f6@group-D25BE8053FEA, cid=3125, SUCCESS, logIndex=4692, commits[c26939f8-4d1f-4fb1-95c4-1aa8f7e5d3f6:c4692, c5393538-959b-47cf-9d9c-19dac7bed4ee:c4690, a2e6e0ff-38a8-4bcf-9958-a89ff312531d:c4690]
2019-07-15 13:07:13,098 INFO  client.GrpcClientProtocolClient (GrpcClientProtocolClient.java:onNext(255)) - client-B30EC828C355->c26939f8-4d1f-4fb1-95c4-1aa8f7e5d3f6: receive RaftClientReply:client-B30EC828C355->c26939f8-4d1f-4fb1-95c4-1aa8f7e5d3f6@group-D25BE8053FEA, cid=3126, SUCCESS, logIndex=4695, commits[c26939f8-4d1f-4fb1-95c4-1aa8f7e5d3f6:c4696, c5393538-959b-47cf-9d9c-19dac7bed4ee:c4692, a2e6e0ff-38a8-4bcf-9958-a89ff312531d:c4692]
2019-07-15 13:07:13,098 INFO  client.GrpcClientProtocolClient (GrpcClientProtocolClient.java:onNext(255)) - client-B30EC828C355->c26939f8-4d1f-4fb1-95c4-1aa8f7e5d3f6: receive RaftClientReply:client-B30EC828C355->c26939f8-4d1f-4fb1-95c4-1aa8f7e5d3f6@group-D25BE8053FEA, cid=3127, SUCCESS, logIndex=4696, commits[c26939f8-4d1f-4fb1-95c4-1aa8f7e5d3f6:c4696, c5393538-959b-47cf-9d9c-19dac7bed4ee:c4692, a2e6e0ff-38a8-4bcf-9958-a89ff312531d:c4692]
2019-07-15 13:07:13,112 INFO  client.GrpcClientProtocolClient (GrpcClientProtocolClient.java:onNext(255)) - client-B30EC828C355->c26939f8-4d1f-4fb1-95c4-1aa8f7e5d3f6: receive RaftClientReply:client-B30EC828C355->c26939f8-4d1f-4fb1-95c4-1aa8f7e5d3f6@group-D25BE8053FEA, cid=3128, SUCCESS, logIndex=0, commits[c26939f8-4d1f-4fb1-95c4-1aa8f7e5d3f6:c4698, c5393538-959b-47cf-9d9c-19dac7bed4ee:c4696, a2e6e0ff-38a8-4bcf-9958-a89ff312531d:c4696]
2019-07-15 13:07:13,139 INFO  client.GrpcClientProtocolClient (GrpcClientProtocolClient.java:onNext(255)) - client-B30EC828C355->c26939f8-4d1f-4fb1-95c4-1aa8f7e5d3f6: receive RaftClientReply:client-B30EC828C355->c26939f8-4d1f-4fb1-95c4-1aa8f7e5d3f6@group-D25BE8053FEA, cid=3129, SUCCESS, logIndex=4699, commits[c26939f8-4d1f-4fb1-95c4-1aa8f7e5d3f6:c4700, c5393538-959b-47cf-9d9c-19dac7bed4ee:c4698, a2e6e0ff-38a8-4bcf-9958-a89ff312531d:c4698]
2019-07-15 13:07:13,140 INFO  client.GrpcClientProtocolClient (GrpcClientProtocolClient.java:onNext(255)) - client-B30EC828C355->c26939f8-4d1f-4fb1-95c4-1aa8f7e5d3f6: receive RaftClientReply:client-B30EC828C355->c26939f8-4d1f-4fb1-95c4-1aa8f7e5d3f6@group-D25BE8053FEA, cid=3130, SUCCESS, logIndex=4700, commits[c26939f8-4d1f-4fb1-95c4-1aa8f7e5d3f6:c4700, c5393538-959b-47cf-9d9c-19dac7bed4ee:c4698, a2e6e0ff-38a8-4bcf-9958-a89ff312531d:c4698]
2019-07-15 13:07:13,140 INFO  client.GrpcClientProtocolClient (GrpcClientProtocolClient.java:onNext(255)) - client-B30EC828C355->c26939f8-4d1f-4fb1-95c4-1aa8f7e5d3f6: receive RaftClientReply:client-B30EC828C355->c26939f8-4d1f-4fb1-95c4-1aa8f7e5d3f6@group-D25BE8053FEA, cid=3131, SUCCESS, logIndex=4701, commits[c26939f8-4d1f-4fb1-95c4-1aa8f7e5d3f6:c4702, c5393538-959b-47cf-9d9c-19dac7bed4ee:c4698, a2e6e0ff-38a8-4bcf-9958-a89ff312531d:c4698]
2019-07-15 13:07:13,140 INFO  client.GrpcClientProtocolClient (GrpcClientProtocolClient.java:onNext(255)) - client-B30EC828C355->c26939f8-4d1f-4fb1-95c4-1aa8f7e5d3f6: receive RaftClientReply:client-B30EC828C355->c26939f8-4d1f-4fb1-95c4-1aa8f7e5d3f6@group-D25BE8053FEA, cid=3132, SUCCESS, logIndex=4702, commits[c26939f8-4d1f-4fb1-95c4-1aa8f7e5d3f6:c4702, c5393538-959b-47cf-9d9c-19dac7bed4ee:c4698, a2e6e0ff-38a8-4bcf-9958-a89ff312531d:c4698]
2019-07-15 13:07:13,142 INFO  client.GrpcClientProtocolClient (GrpcClientProtocolClient.java:onNext(255)) - client-B30EC828C355->c26939f8-4d1f-4fb1-95c4-1aa8f7e5d3f6: receive RaftClientReply:client-B30EC828C355->c26939f8-4d1f-4fb1-95c4-1aa8f7e5d3f6@group-D25BE8053FEA, cid=3133, SUCCESS, logIndex=0, commits[c26939f8-4d1f-4fb1-95c4-1aa8f7e5d3f6:c4704, c5393538-959b-47cf-9d9c-19dac7bed4ee:c4700, a2e6e0ff-38a8-4bcf-9958-a89ff312531d:c4700]
2019-07-15 13:07:13,163 INFO  client.GrpcClientProtocolClient (GrpcClientProtocolClient.java:onNext(255)) - client-B30EC828C355->c26939f8-4d1f-4fb1-95c4-1aa8f7e5d3f6: receive RaftClientReply:client-B30EC828C355->c26939f8-4d1f-4fb1-95c4-1aa8f7e5d3f6@group-D25BE8053FEA, cid=3134, SUCCESS, logIndex=4707, commits[c26939f8-4d1f-4fb1-95c4-1aa8f7e5d3f6:c4708, c5393538-959b-47cf-9d9c-19dac7bed4ee:c4704, a2e6e0ff-38a8-4bcf-9958-a89ff312531d:c4704]
2019-07-15 13:07:13,164 INFO  client.GrpcClientProtocolClient (GrpcClientProtocolClient.java:onNext(255)) - client-B30EC828C355->c26939f8-4d1f-4fb1-95c4-1aa8f7e5d3f6: receive RaftClientReply:client-B30EC828C355->c26939f8-4d1f-4fb1-95c4-1aa8f7e5d3f6@group-D25BE8053FEA, cid=3135, SUCCESS, logIndex=4708, commits[c26939f8-4d1f-4fb1-95c4-1aa8f7e5d3f6:c4708, c5393538-959b-47cf-9d9c-19dac7bed4ee:c4704, a2e6e0ff-38a8-4bcf-9958-a89ff312531d:c4704]
2019-07-15 13:07:13,180 INFO  client.GrpcClientProtocolClient (GrpcClientProtocolClient.java:onNext(255)) - client-B30EC828C355->c26939f8-4d1f-4fb1-95c4-1aa8f7e5d3f6: receive RaftClientReply:client-B30EC828C355->c26939f8-4d1f-4fb1-95c4-1aa8f7e5d3f6@group-D25BE8053FEA, cid=3136, SUCCESS, logIndex=4710, commits[c26939f8-4d1f-4fb1-95c4-1aa8f7e5d3f6:c4711, c5393538-959b-47cf-9d9c-19dac7bed4ee:c4709, a2e6e0ff-38a8-4bcf-9958-a89ff312531d:c4709]
2019-07-15 13:07:13,180 INFO  client.GrpcClientProtocolClient (GrpcClientProtocolClient.java:onNext(255)) - client-B30EC828C355->c26939f8-4d1f-4fb1-95c4-1aa8f7e5d3f6: receive RaftClientReply:client-B30EC828C355->c26939f8-4d1f-4fb1-95c4-1aa8f7e5d3f6@group-D25BE8053FEA, cid=3137, SUCCESS, logIndex=4711, commits[c26939f8-4d1f-4fb1-95c4-1aa8f7e5d3f6:c4711, c5393538-959b-47cf-9d9c-19dac7bed4ee:c4709, a2e6e0ff-38a8-4bcf-9958-a89ff312531d:c4709]
2019-07-15 13:07:13,193 INFO  client.GrpcClientProtocolClient (GrpcClientProtocolClient.java:onNext(255)) - client-B30EC828C355->c26939f8-4d1f-4fb1-95c4-1aa8f7e5d3f6: receive RaftClientReply:client-B30EC828C355->c26939f8-4d1f-4fb1-95c4-1aa8f7e5d3f6@group-D25BE8053FEA, cid=3138, SUCCESS, logIndex=0, commits[c26939f8-4d1f-4fb1-95c4-1aa8f7e5d3f6:c4713, c5393538-959b-47cf-9d9c-19dac7bed4ee:c4711, a2e6e0ff-38a8-4bcf-9958-a89ff312531d:c4711]
2019-07-15 13:07:13,234 INFO  client.GrpcClientProtocolClient (GrpcClientProtocolClient.java:onNext(255)) - client-B30EC828C355->c26939f8-4d1f-4fb1-95c4-1aa8f7e5d3f6: receive RaftClientReply:client-B30EC828C355->c26939f8-4d1f-4fb1-95c4-1aa8f7e5d3f6@group-D25BE8053FEA, cid=3139, SUCCESS, logIndex=4714, commits[c26939f8-4d1f-4fb1-95c4-1aa8f7e5d3f6:c4717, c5393538-959b-47cf-9d9c-19dac7bed4ee:c4713, a2e6e0ff-38a8-4bcf-9958-a89ff312531d:c4713]
2019-07-15 13:07:13,236 INFO  client.GrpcClientProtocolClient (GrpcClientProtocolClient.java:onNext(255)) - client-B30EC828C355->c26939f8-4d1f-4fb1-95c4-1aa8f7e5d3f6: receive RaftClientReply:client-B30EC828C355->c26939f8-4d1f-4fb1-95c4-1aa8f7e5d3f6@group-D25BE8053FEA, cid=3140, SUCCESS, logIndex=4715, commits[c26939f8-4d1f-4fb1-95c4-1aa8f7e5d3f6:c4717, c5393538-959b-47cf-9d9c-19dac7bed4ee:c4713, a2e6e0ff-38a8-4bcf-9958-a89ff312531d:c4713]
2019-07-15 13:07:13,236 INFO  client.GrpcClientProtocolClient (GrpcClientProtocolClient.java:onNext(255)) - client-B30EC828C355->c26939f8-4d1f-4fb1-95c4-1aa8f7e5d3f6: receive RaftClientReply:client-B30EC828C355->c26939f8-4d1f-4fb1-95c4-1aa8f7e5d3f6@group-D25BE8053FEA, cid=3141, SUCCESS, logIndex=4716, commits[c26939f8-4d1f-4fb1-95c4-1aa8f7e5d3f6:c4717, c5393538-959b-47cf-9d9c-19dac7bed4ee:c4713, a2e6e0ff-38a8-4bcf-9958-a89ff312531d:c4713]
2019-07-15 13:07:13,236 INFO  client.GrpcClientProtocolClient (GrpcClientProtocolClient.java:onNext(255)) - client-B30EC828C355->c26939f8-4d1f-4fb1-95c4-1aa8f7e5d3f6: receive RaftClientReply:client-B30EC828C355->c26939f8-4d1f-4fb1-95c4-1aa8f7e5d3f6@group-D25BE8053FEA, cid=3142, SUCCESS, logIndex=4717, commits[c26939f8-4d1f-4fb1-95c4-1aa8f7e5d3f6:c4717, c5393538-959b-47cf-9d9c-19dac7bed4ee:c4713, a2e6e0ff-38a8-4bcf-9958-a89ff312531d:c4713]
2019-07-15 13:07:13,237 INFO  client.GrpcClientProtocolClient (GrpcClientProtocolClient.java:onNext(255)) - client-B30EC828C355->c26939f8-4d1f-4fb1-95c4-1aa8f7e5d3f6: receive RaftClientReply:client-B30EC828C355->c26939f8-4d1f-4fb1-95c4-1aa8f7e5d3f6@group-D25BE8053FEA, cid=3143, SUCCESS, logIndex=0, commits[c26939f8-4d1f-4fb1-95c4-1aa8f7e5d3f6:c4719, c5393538-959b-47cf-9d9c-19dac7bed4ee:c4715, a2e6e0ff-38a8-4bcf-9958-a89ff312531d:c4715]
2019-07-15 13:07:13,260 INFO  client.GrpcClientProtocolClient (GrpcClientProtocolClient.java:onNext(255)) - client-B30EC828C355->c26939f8-4d1f-4fb1-95c4-1aa8f7e5d3f6: receive RaftClientReply:client-B30EC828C355->c26939f8-4d1f-4fb1-95c4-1aa8f7e5d3f6@group-D25BE8053FEA, cid=3144, SUCCESS, logIndex=4721, commits[c26939f8-4d1f-4fb1-95c4-1aa8f7e5d3f6:c4722, c5393538-959b-47cf-9d9c-19dac7bed4ee:c4720, a2e6e0ff-38a8-4bcf-9958-a89ff312531d:c4720]
2019-07-15 13:07:13,260 INFO  client.GrpcClientProtocolClient (GrpcClientProtocolClient.java:onNext(255)) - client-B30EC828C355->c26939f8-4d1f-4fb1-95c4-1aa8f7e5d3f6: receive RaftClientReply:client-B30EC828C355->c26939f8-4d1f-4fb1-95c4-1aa8f7e5d3f6@group-D25BE8053FEA, cid=3145, SUCCESS, logIndex=4722, commits[c26939f8-4d1f-4fb1-95c4-1aa8f7e5d3f6:c4722, c5393538-959b-47cf-9d9c-19dac7bed4ee:c4720, a2e6e0ff-38a8-4bcf-9958-a89ff312531d:c4720]
2019-07-15 13:07:13,273 INFO  client.GrpcClientProtocolClient (GrpcClientProtocolClient.java:onNext(255)) - client-B30EC828C355->c26939f8-4d1f-4fb1-95c4-1aa8f7e5d3f6: receive RaftClientReply:client-B30EC828C355->c26939f8-4d1f-4fb1-95c4-1aa8f7e5d3f6@group-D25BE8053FEA, cid=3146, SUCCESS, logIndex=4725, commits[c26939f8-4d1f-4fb1-95c4-1aa8f7e5d3f6:c4726, c5393538-959b-47cf-9d9c-19dac7bed4ee:c4722, a2e6e0ff-38a8-4bcf-9958-a89ff312531d:c4722]
2019-07-15 13:07:13,274 INFO  client.GrpcClientProtocolClient (GrpcClientProtocolClient.java:onNext(255)) - client-B30EC828C355->c26939f8-4d1f-4fb1-95c4-1aa8f7e5d3f6: receive RaftClientReply:client-B30EC828C355->c26939f8-4d1f-4fb1-95c4-1aa8f7e5d3f6@group-D25BE8053FEA, cid=3147, SUCCESS, logIndex=4726, commits[c26939f8-4d1f-4fb1-95c4-1aa8f7e5d3f6:c4726, c5393538-959b-47cf-9d9c-19dac7bed4ee:c4722, a2e6e0ff-38a8-4bcf-9958-a89ff312531d:c4722]
2019-07-15 13:07:13,285 INFO  client.GrpcClientProtocolClient (GrpcClientProtocolClient.java:onNext(255)) - client-B30EC828C355->c26939f8-4d1f-4fb1-95c4-1aa8f7e5d3f6: receive RaftClientReply:client-B30EC828C355->c26939f8-4d1f-4fb1-95c4-1aa8f7e5d3f6@group-D25BE8053FEA, cid=3148, SUCCESS, logIndex=0, commits[c26939f8-4d1f-4fb1-95c4-1aa8f7e5d3f6:c4727, c5393538-959b-47cf-9d9c-19dac7bed4ee:c4726, a2e6e0ff-38a8-4bcf-9958-a89ff312531d:c4726]
2019-07-15 13:07:13,315 INFO  client.GrpcClientProtocolClient (GrpcClientProtocolClient.java:onNext(255)) - client-B30EC828C355->c26939f8-4d1f-4fb1-95c4-1aa8f7e5d3f6: receive RaftClientReply:client-B30EC828C355->c26939f8-4d1f-4fb1-95c4-1aa8f7e5d3f6@group-D25BE8053FEA, cid=3149, SUCCESS, logIndex=4729, commits[c26939f8-4d1f-4fb1-95c4-1aa8f7e5d3f6:c4730, c5393538-959b-47cf-9d9c-19dac7bed4ee:c4728, a2e6e0ff-38a8-4bcf-9958-a89ff312531d:c4728]
2019-07-15 13:07:13,315 INFO  client.GrpcClientProtocolClient (GrpcClientProtocolClient.java:onNext(255)) - client-B30EC828C355->c26939f8-4d1f-4fb1-95c4-1aa8f7e5d3f6: receive RaftClientReply:client-B30EC828C355->c26939f8-4d1f-4fb1-95c4-1aa8f7e5d3f6@group-D25BE8053FEA, cid=3150, SUCCESS, logIndex=4730, commits[c26939f8-4d1f-4fb1-95c4-1aa8f7e5d3f6:c4732, c5393538-959b-47cf-9d9c-19dac7bed4ee:c4728, a2e6e0ff-38a8-4bcf-9958-a89ff312531d:c4728]
2019-07-15 13:07:13,316 INFO  client.GrpcClientProtocolClient (GrpcClientProtocolClient.java:onNext(255)) - client-B30EC828C355->c26939f8-4d1f-4fb1-95c4-1aa8f7e5d3f6: receive RaftClientReply:client-B30EC828C355->c26939f8-4d1f-4fb1-95c4-1aa8f7e5d3f6@group-D25BE8053FEA, cid=3151, SUCCESS, logIndex=4731, commits[c26939f8-4d1f-4fb1-95c4-1aa8f7e5d3f6:c4732, c5393538-959b-47cf-9d9c-19dac7bed4ee:c4728, a2e6e0ff-38a8-4bcf-9958-a89ff312531d:c4728]
2019-07-15 13:07:13,316 INFO  client.GrpcClientProtocolClient (GrpcClientProtocolClient.java:onNext(255)) - client-B30EC828C355->c26939f8-4d1f-4fb1-95c4-1aa8f7e5d3f6: receive RaftClientReply:client-B30EC828C355->c26939f8-4d1f-4fb1-95c4-1aa8f7e5d3f6@group-D25BE8053FEA, cid=3152, SUCCESS, logIndex=4732, commits[c26939f8-4d1f-4fb1-95c4-1aa8f7e5d3f6:c4732, c5393538-959b-47cf-9d9c-19dac7bed4ee:c4728, a2e6e0ff-38a8-4bcf-9958-a89ff312531d:c4728]
2019-07-15 13:07:13,327 INFO  client.GrpcClientProtocolClient (GrpcClientProtocolClient.java:onNext(255)) - client-B30EC828C355->c26939f8-4d1f-4fb1-95c4-1aa8f7e5d3f6: receive RaftClientReply:client-B30EC828C355->c26939f8-4d1f-4fb1-95c4-1aa8f7e5d3f6@group-D25BE8053FEA, cid=3153, SUCCESS, logIndex=0, commits[c26939f8-4d1f-4fb1-95c4-1aa8f7e5d3f6:c4734, c5393538-959b-47cf-9d9c-19dac7bed4ee:c4730, a2e6e0ff-38a8-4bcf-9958-a89ff312531d:c4730]
2019-07-15 13:07:13,346 INFO  client.GrpcClientProtocolClient (GrpcClientProtocolClient.java:onNext(255)) - client-B30EC828C355->c26939f8-4d1f-4fb1-95c4-1aa8f7e5d3f6: receive RaftClientReply:client-B30EC828C355->c26939f8-4d1f-4fb1-95c4-1aa8f7e5d3f6@group-D25BE8053FEA, cid=3154, SUCCESS, logIndex=4737, commits[c26939f8-4d1f-4fb1-95c4-1aa8f7e5d3f6:c4738, c5393538-959b-47cf-9d9c-19dac7bed4ee:c4736, a2e6e0ff-38a8-4bcf-9958-a89ff312531d:c4736]
2019-07-15 13:07:13,346 INFO  client.GrpcClientProtocolClient (GrpcClientProtocolClient.java:onNext(255)) - client-B30EC828C355->c26939f8-4d1f-4fb1-95c4-1aa8f7e5d3f6: receive RaftClientReply:client-B30EC828C355->c26939f8-4d1f-4fb1-95c4-1aa8f7e5d3f6@group-D25BE8053FEA, cid=3155, SUCCESS, logIndex=4738, commits[c26939f8-4d1f-4fb1-95c4-1aa8f7e5d3f6:c4738, c5393538-959b-47cf-9d9c-19dac7bed4ee:c4736, a2e6e0ff-38a8-4bcf-9958-a89ff312531d:c4736]
2019-07-15 13:07:13,359 INFO  client.GrpcClientProtocolClient (GrpcClientProtocolClient.java:onNext(255)) - client-B30EC828C355->c26939f8-4d1f-4fb1-95c4-1aa8f7e5d3f6: receive RaftClientReply:client-B30EC828C355->c26939f8-4d1f-4fb1-95c4-1aa8f7e5d3f6@group-D25BE8053FEA, cid=3156, SUCCESS, logIndex=4741, commits[c26939f8-4d1f-4fb1-95c4-1aa8f7e5d3f6:c4742, c5393538-959b-47cf-9d9c-19dac7bed4ee:c4738, a2e6e0ff-38a8-4bcf-9958-a89ff312531d:c4738]
2019-07-15 13:07:13,359 INFO  client.GrpcClientProtocolClient (GrpcClientProtocolClient.java:onNext(255)) - client-B30EC828C355->c26939f8-4d1f-4fb1-95c4-1aa8f7e5d3f6: receive RaftClientReply:client-B30EC828C355->c26939f8-4d1f-4fb1-95c4-1aa8f7e5d3f6@group-D25BE8053FEA, cid=3157, SUCCESS, logIndex=4742, commits[c26939f8-4d1f-4fb1-95c4-1aa8f7e5d3f6:c4742, c5393538-959b-47cf-9d9c-19dac7bed4ee:c4738, a2e6e0ff-38a8-4bcf-9958-a89ff312531d:c4738]
2019-07-15 13:07:13,373 INFO  client.GrpcClientProtocolClient (GrpcClientProtocolClient.java:onNext(255)) - client-B30EC828C355->c26939f8-4d1f-4fb1-95c4-1aa8f7e5d3f6: receive RaftClientReply:client-B30EC828C355->c26939f8-4d1f-4fb1-95c4-1aa8f7e5d3f6@group-D25BE8053FEA, cid=3158, SUCCESS, logIndex=0, commits[c26939f8-4d1f-4fb1-95c4-1aa8f7e5d3f6:c4744, c5393538-959b-47cf-9d9c-19dac7bed4ee:c4742, a2e6e0ff-38a8-4bcf-9958-a89ff312531d:c4742]
 0.00% |█                                                                                                    |  0/1 Time: 0:00:272019-07-15 13:07:13,405 INFO  client.GrpcClientProtocolClient (GrpcClientProtocolClient.java:onNext(255)) - client-B30EC828C355->c26939f8-4d1f-4fb1-95c4-1aa8f7e5d3f6: receive RaftClientReply:client-B30EC828C355->c26939f8-4d1f-4fb1-95c4-1aa8f7e5d3f6@group-D25BE8053FEA, cid=3159, SUCCESS, logIndex=4745, commits[c26939f8-4d1f-4fb1-95c4-1aa8f7e5d3f6:c4746, c5393538-959b-47cf-9d9c-19dac7bed4ee:c4744, a2e6e0ff-38a8-4bcf-9958-a89ff312531d:c4742]
2019-07-15 13:07:13,405 INFO  client.GrpcClientProtocolClient (GrpcClientProtocolClient.java:onNext(255)) - client-B30EC828C355->c26939f8-4d1f-4fb1-95c4-1aa8f7e5d3f6: receive RaftClientReply:client-B30EC828C355->c26939f8-4d1f-4fb1-95c4-1aa8f7e5d3f6@group-D25BE8053FEA, cid=3160, SUCCESS, logIndex=4746, commits[c26939f8-4d1f-4fb1-95c4-1aa8f7e5d3f6:c4746, c5393538-959b-47cf-9d9c-19dac7bed4ee:c4744, a2e6e0ff-38a8-4bcf-9958-a89ff312531d:c4744]
2019-07-15 13:07:13,406 INFO  client.GrpcClientProtocolClient (GrpcClientProtocolClient.java:onNext(255)) - client-B30EC828C355->c26939f8-4d1f-4fb1-95c4-1aa8f7e5d3f6: receive RaftClientReply:client-B30EC828C355->c26939f8-4d1f-4fb1-95c4-1aa8f7e5d3f6@group-D25BE8053FEA, cid=3161, SUCCESS, logIndex=4747, commits[c26939f8-4d1f-4fb1-95c4-1aa8f7e5d3f6:c4748, c5393538-959b-47cf-9d9c-19dac7bed4ee:c4744, a2e6e0ff-38a8-4bcf-9958-a89ff312531d:c4744]
2019-07-15 13:07:13,406 INFO  client.GrpcClientProtocolClient (GrpcClientProtocolClient.java:onNext(255)) - client-B30EC828C355->c26939f8-4d1f-4fb1-95c4-1aa8f7e5d3f6: receive RaftClientReply:client-B30EC828C355->c26939f8-4d1f-4fb1-95c4-1aa8f7e5d3f6@group-D25BE8053FEA, cid=3162, SUCCESS, logIndex=4748, commits[c26939f8-4d1f-4fb1-95c4-1aa8f7e5d3f6:c4748, c5393538-959b-47cf-9d9c-19dac7bed4ee:c4744, a2e6e0ff-38a8-4bcf-9958-a89ff312531d:c4744]
2019-07-15 13:07:13,418 INFO  client.GrpcClientProtocolClient (GrpcClientProtocolClient.java:onNext(255)) - client-B30EC828C355->c26939f8-4d1f-4fb1-95c4-1aa8f7e5d3f6: receive RaftClientReply:client-B30EC828C355->c26939f8-4d1f-4fb1-95c4-1aa8f7e5d3f6@group-D25BE8053FEA, cid=3163, SUCCESS, logIndex=0, commits[c26939f8-4d1f-4fb1-95c4-1aa8f7e5d3f6:c4749, c5393538-959b-47cf-9d9c-19dac7bed4ee:c4746, a2e6e0ff-38a8-4bcf-9958-a89ff312531d:c4746]
2019-07-15 13:07:13,932 INFO  client.GrpcClientProtocolClient (GrpcClientProtocolClient.java:onNext(255)) - client-B30EC828C355->c26939f8-4d1f-4fb1-95c4-1aa8f7e5d3f6: receive RaftClientReply:client-B30EC828C355->c26939f8-4d1f-4fb1-95c4-1aa8f7e5d3f6@group-D25BE8053FEA, cid=3164, SUCCESS, logIndex=4753, commits[c26939f8-4d1f-4fb1-95c4-1aa8f7e5d3f6:c4754, c5393538-959b-47cf-9d9c-19dac7bed4ee:c4752, a2e6e0ff-38a8-4bcf-9958-a89ff312531d:c4752]
2019-07-15 13:07:13,932 INFO  client.GrpcClientProtocolClient (GrpcClientProtocolClient.java:onNext(255)) - client-B30EC828C355->c26939f8-4d1f-4fb1-95c4-1aa8f7e5d3f6: receive RaftClientReply:client-B30EC828C355->c26939f8-4d1f-4fb1-95c4-1aa8f7e5d3f6@group-D25BE8053FEA, cid=3165, SUCCESS, logIndex=4754, commits[c26939f8-4d1f-4fb1-95c4-1aa8f7e5d3f6:c4754, c5393538-959b-47cf-9d9c-19dac7bed4ee:c4752, a2e6e0ff-38a8-4bcf-9958-a89ff312531d:c4752]
2019-07-15 13:07:13,947 INFO  client.GrpcClientProtocolClient (GrpcClientProtocolClient.java:onNext(255)) - client-B30EC828C355->c26939f8-4d1f-4fb1-95c4-1aa8f7e5d3f6: receive RaftClientReply:client-B30EC828C355->c26939f8-4d1f-4fb1-95c4-1aa8f7e5d3f6@group-D25BE8053FEA, cid=3166, SUCCESS, logIndex=4757, commits[c26939f8-4d1f-4fb1-95c4-1aa8f7e5d3f6:c4758, c5393538-959b-47cf-9d9c-19dac7bed4ee:c4754, a2e6e0ff-38a8-4bcf-9958-a89ff312531d:c4754]
2019-07-15 13:07:13,947 INFO  client.GrpcClientProtocolClient (GrpcClientProtocolClient.java:onNext(255)) - client-B30EC828C355->c26939f8-4d1f-4fb1-95c4-1aa8f7e5d3f6: receive RaftClientReply:client-B30EC828C355->c26939f8-4d1f-4fb1-95c4-1aa8f7e5d3f6@group-D25BE8053FEA, cid=3167, SUCCESS, logIndex=4758, commits[c26939f8-4d1f-4fb1-95c4-1aa8f7e5d3f6:c4758, c5393538-959b-47cf-9d9c-19dac7bed4ee:c4754, a2e6e0ff-38a8-4bcf-9958-a89ff312531d:c4754]
2019-07-15 13:07:13,959 INFO  client.GrpcClientProtocolClient (GrpcClientProtocolClient.java:onNext(255)) - client-B30EC828C355->c26939f8-4d1f-4fb1-95c4-1aa8f7e5d3f6: receive RaftClientReply:client-B30EC828C355->c26939f8-4d1f-4fb1-95c4-1aa8f7e5d3f6@group-D25BE8053FEA, cid=3168, SUCCESS, logIndex=0, commits[c26939f8-4d1f-4fb1-95c4-1aa8f7e5d3f6:c4759, c5393538-959b-47cf-9d9c-19dac7bed4ee:c4758, a2e6e0ff-38a8-4bcf-9958-a89ff312531d:c4758]
2019-07-15 13:07:13,996 INFO  client.GrpcClientProtocolClient (GrpcClientProtocolClient.java:onNext(255)) - client-B30EC828C355->c26939f8-4d1f-4fb1-95c4-1aa8f7e5d3f6: receive RaftClientReply:client-B30EC828C355->c26939f8-4d1f-4fb1-95c4-1aa8f7e5d3f6@group-D25BE8053FEA, cid=3169, SUCCESS, logIndex=4761, commits[c26939f8-4d1f-4fb1-95c4-1aa8f7e5d3f6:c4762, c5393538-959b-47cf-9d9c-19dac7bed4ee:c4760, a2e6e0ff-38a8-4bcf-9958-a89ff312531d:c4760]
2019-07-15 13:07:13,996 INFO  client.GrpcClientProtocolClient (GrpcClientProtocolClient.java:onNext(255)) - client-B30EC828C355->c26939f8-4d1f-4fb1-95c4-1aa8f7e5d3f6: receive RaftClientReply:client-B30EC828C355->c26939f8-4d1f-4fb1-95c4-1aa8f7e5d3f6@group-D25BE8053FEA, cid=3170, SUCCESS, logIndex=4762, commits[c26939f8-4d1f-4fb1-95c4-1aa8f7e5d3f6:c4764, c5393538-959b-47cf-9d9c-19dac7bed4ee:c4760, a2e6e0ff-38a8-4bcf-9958-a89ff312531d:c4760]
2019-07-15 13:07:13,997 INFO  client.GrpcClientProtocolClient (GrpcClientProtocolClient.java:onNext(255)) - client-B30EC828C355->c26939f8-4d1f-4fb1-95c4-1aa8f7e5d3f6: receive RaftClientReply:client-B30EC828C355->c26939f8-4d1f-4fb1-95c4-1aa8f7e5d3f6@group-D25BE8053FEA, cid=3171, SUCCESS, logIndex=4763, commits[c26939f8-4d1f-4fb1-95c4-1aa8f7e5d3f6:c4764, c5393538-959b-47cf-9d9c-19dac7bed4ee:c4760, a2e6e0ff-38a8-4bcf-9958-a89ff312531d:c4760]
2019-07-15 13:07:13,997 INFO  client.GrpcClientProtocolClient (GrpcClientProtocolClient.java:onNext(255)) - client-B30EC828C355->c26939f8-4d1f-4fb1-95c4-1aa8f7e5d3f6: receive RaftClientReply:client-B30EC828C355->c26939f8-4d1f-4fb1-95c4-1aa8f7e5d3f6@group-D25BE8053FEA, cid=3172, SUCCESS, logIndex=4764, commits[c26939f8-4d1f-4fb1-95c4-1aa8f7e5d3f6:c4764, c5393538-959b-47cf-9d9c-19dac7bed4ee:c4760, a2e6e0ff-38a8-4bcf-9958-a89ff312531d:c4760]
2019-07-15 13:07:14,008 INFO  client.GrpcClientProtocolClient (GrpcClientProtocolClient.java:onNext(255)) - client-B30EC828C355->c26939f8-4d1f-4fb1-95c4-1aa8f7e5d3f6: receive RaftClientReply:client-B30EC828C355->c26939f8-4d1f-4fb1-95c4-1aa8f7e5d3f6@group-D25BE8053FEA, cid=3173, SUCCESS, logIndex=0, commits[c26939f8-4d1f-4fb1-95c4-1aa8f7e5d3f6:c4766, c5393538-959b-47cf-9d9c-19dac7bed4ee:c4762, a2e6e0ff-38a8-4bcf-9958-a89ff312531d:c4762]
2019-07-15 13:07:14,027 INFO  client.GrpcClientProtocolClient (GrpcClientProtocolClient.java:onNext(255)) - client-B30EC828C355->c26939f8-4d1f-4fb1-95c4-1aa8f7e5d3f6: receive RaftClientReply:client-B30EC828C355->c26939f8-4d1f-4fb1-95c4-1aa8f7e5d3f6@group-D25BE8053FEA, cid=3174, SUCCESS, logIndex=4768, commits[c26939f8-4d1f-4fb1-95c4-1aa8f7e5d3f6:c4769, c5393538-959b-47cf-9d9c-19dac7bed4ee:c4767, a2e6e0ff-38a8-4bcf-9958-a89ff312531d:c4767]
2019-07-15 13:07:14,028 INFO  client.GrpcClientProtocolClient (GrpcClientProtocolClient.java:onNext(255)) - client-B30EC828C355->c26939f8-4d1f-4fb1-95c4-1aa8f7e5d3f6: receive RaftClientReply:client-B30EC828C355->c26939f8-4d1f-4fb1-95c4-1aa8f7e5d3f6@group-D25BE8053FEA, cid=3175, SUCCESS, logIndex=4769, commits[c26939f8-4d1f-4fb1-95c4-1aa8f7e5d3f6:c4769, c5393538-959b-47cf-9d9c-19dac7bed4ee:c4767, a2e6e0ff-38a8-4bcf-9958-a89ff312531d:c4767]
2019-07-15 13:07:14,042 INFO  client.GrpcClientProtocolClient (GrpcClientProtocolClient.java:onNext(255)) - client-B30EC828C355->c26939f8-4d1f-4fb1-95c4-1aa8f7e5d3f6: receive RaftClientReply:client-B30EC828C355->c26939f8-4d1f-4fb1-95c4-1aa8f7e5d3f6@group-D25BE8053FEA, cid=3176, SUCCESS, logIndex=4772, commits[c26939f8-4d1f-4fb1-95c4-1aa8f7e5d3f6:c4773, c5393538-959b-47cf-9d9c-19dac7bed4ee:c4769, a2e6e0ff-38a8-4bcf-9958-a89ff312531d:c4769]
2019-07-15 13:07:14,043 INFO  client.GrpcClientProtocolClient (GrpcClientProtocolClient.java:onNext(255)) - client-B30EC828C355->c26939f8-4d1f-4fb1-95c4-1aa8f7e5d3f6: receive RaftClientReply:client-B30EC828C355->c26939f8-4d1f-4fb1-95c4-1aa8f7e5d3f6@group-D25BE8053FEA, cid=3177, SUCCESS, logIndex=4773, commits[c26939f8-4d1f-4fb1-95c4-1aa8f7e5d3f6:c4773, c5393538-959b-47cf-9d9c-19dac7bed4ee:c4769, a2e6e0ff-38a8-4bcf-9958-a89ff312531d:c4769]
2019-07-15 13:07:14,054 INFO  client.GrpcClientProtocolClient (GrpcClientProtocolClient.java:onNext(255)) - client-B30EC828C355->c26939f8-4d1f-4fb1-95c4-1aa8f7e5d3f6: receive RaftClientReply:client-B30EC828C355->c26939f8-4d1f-4fb1-95c4-1aa8f7e5d3f6@group-D25BE8053FEA, cid=3178, SUCCESS, logIndex=0, commits[c26939f8-4d1f-4fb1-95c4-1aa8f7e5d3f6:c4774, c5393538-959b-47cf-9d9c-19dac7bed4ee:c4773, a2e6e0ff-38a8-4bcf-9958-a89ff312531d:c4773]
2019-07-15 13:07:14,085 INFO  client.GrpcClientProtocolClient (GrpcClientProtocolClient.java:onNext(255)) - client-B30EC828C355->c26939f8-4d1f-4fb1-95c4-1aa8f7e5d3f6: receive RaftClientReply:client-B30EC828C355->c26939f8-4d1f-4fb1-95c4-1aa8f7e5d3f6@group-D25BE8053FEA, cid=3179, SUCCESS, logIndex=4776, commits[c26939f8-4d1f-4fb1-95c4-1aa8f7e5d3f6:c4777, c5393538-959b-47cf-9d9c-19dac7bed4ee:c4775, a2e6e0ff-38a8-4bcf-9958-a89ff312531d:c4775]
2019-07-15 13:07:14,085 INFO  client.GrpcClientProtocolClient (GrpcClientProtocolClient.java:onNext(255)) - client-B30EC828C355->c26939f8-4d1f-4fb1-95c4-1aa8f7e5d3f6: receive RaftClientReply:client-B30EC828C355->c26939f8-4d1f-4fb1-95c4-1aa8f7e5d3f6@group-D25BE8053FEA, cid=3180, SUCCESS, logIndex=4777, commits[c26939f8-4d1f-4fb1-95c4-1aa8f7e5d3f6:c4779, c5393538-959b-47cf-9d9c-19dac7bed4ee:c4775, a2e6e0ff-38a8-4bcf-9958-a89ff312531d:c4775]
2019-07-15 13:07:14,085 INFO  client.GrpcClientProtocolClient (GrpcClientProtocolClient.java:onNext(255)) - client-B30EC828C355->c26939f8-4d1f-4fb1-95c4-1aa8f7e5d3f6: receive RaftClientReply:client-B30EC828C355->c26939f8-4d1f-4fb1-95c4-1aa8f7e5d3f6@group-D25BE8053FEA, cid=3181, SUCCESS, logIndex=4778, commits[c26939f8-4d1f-4fb1-95c4-1aa8f7e5d3f6:c4779, c5393538-959b-47cf-9d9c-19dac7bed4ee:c4775, a2e6e0ff-38a8-4bcf-9958-a89ff312531d:c4775]
2019-07-15 13:07:14,086 INFO  client.GrpcClientProtocolClient (GrpcClientProtocolClient.java:onNext(255)) - client-B30EC828C355->c26939f8-4d1f-4fb1-95c4-1aa8f7e5d3f6: receive RaftClientReply:client-B30EC828C355->c26939f8-4d1f-4fb1-95c4-1aa8f7e5d3f6@group-D25BE8053FEA, cid=3182, SUCCESS, logIndex=4779, commits[c26939f8-4d1f-4fb1-95c4-1aa8f7e5d3f6:c4779, c5393538-959b-47cf-9d9c-19dac7bed4ee:c4775, a2e6e0ff-38a8-4bcf-9958-a89ff312531d:c4775]
2019-07-15 13:07:14,087 INFO  client.GrpcClientProtocolClient (GrpcClientProtocolClient.java:onNext(255)) - client-B30EC828C355->c26939f8-4d1f-4fb1-95c4-1aa8f7e5d3f6: receive RaftClientReply:client-B30EC828C355->c26939f8-4d1f-4fb1-95c4-1aa8f7e5d3f6@group-D25BE8053FEA, cid=3183, SUCCESS, logIndex=0, commits[c26939f8-4d1f-4fb1-95c4-1aa8f7e5d3f6:c4781, c5393538-959b-47cf-9d9c-19dac7bed4ee:c4777, a2e6e0ff-38a8-4bcf-9958-a89ff312531d:c4777]
2019-07-15 13:07:14,106 INFO  client.GrpcClientProtocolClient (GrpcClientProtocolClient.java:onNext(255)) - client-B30EC828C355->c26939f8-4d1f-4fb1-95c4-1aa8f7e5d3f6: receive RaftClientReply:client-B30EC828C355->c26939f8-4d1f-4fb1-95c4-1aa8f7e5d3f6@group-D25BE8053FEA, cid=3184, SUCCESS, logIndex=4783, commits[c26939f8-4d1f-4fb1-95c4-1aa8f7e5d3f6:c4784, c5393538-959b-47cf-9d9c-19dac7bed4ee:c4782, a2e6e0ff-38a8-4bcf-9958-a89ff312531d:c4782]
2019-07-15 13:07:14,106 INFO  client.GrpcClientProtocolClient (GrpcClientProtocolClient.java:onNext(255)) - client-B30EC828C355->c26939f8-4d1f-4fb1-95c4-1aa8f7e5d3f6: receive RaftClientReply:client-B30EC828C355->c26939f8-4d1f-4fb1-95c4-1aa8f7e5d3f6@group-D25BE8053FEA, cid=3185, SUCCESS, logIndex=4784, commits[c26939f8-4d1f-4fb1-95c4-1aa8f7e5d3f6:c4784, c5393538-959b-47cf-9d9c-19dac7bed4ee:c4782, a2e6e0ff-38a8-4bcf-9958-a89ff312531d:c4782]
2019-07-15 13:07:14,122 INFO  client.GrpcClientProtocolClient (GrpcClientProtocolClient.java:onNext(255)) - client-B30EC828C355->c26939f8-4d1f-4fb1-95c4-1aa8f7e5d3f6: receive RaftClientReply:client-B30EC828C355->c26939f8-4d1f-4fb1-95c4-1aa8f7e5d3f6@group-D25BE8053FEA, cid=3186, SUCCESS, logIndex=4787, commits[c26939f8-4d1f-4fb1-95c4-1aa8f7e5d3f6:c4788, c5393538-959b-47cf-9d9c-19dac7bed4ee:c4784, a2e6e0ff-38a8-4bcf-9958-a89ff312531d:c4784]
2019-07-15 13:07:14,122 INFO  client.GrpcClientProtocolClient (GrpcClientProtocolClient.java:onNext(255)) - client-B30EC828C355->c26939f8-4d1f-4fb1-95c4-1aa8f7e5d3f6: receive RaftClientReply:client-B30EC828C355->c26939f8-4d1f-4fb1-95c4-1aa8f7e5d3f6@group-D25BE8053FEA, cid=3187, SUCCESS, logIndex=4788, commits[c26939f8-4d1f-4fb1-95c4-1aa8f7e5d3f6:c4788, c5393538-959b-47cf-9d9c-19dac7bed4ee:c4784, a2e6e0ff-38a8-4bcf-9958-a89ff312531d:c4784]
2019-07-15 13:07:14,135 INFO  client.GrpcClientProtocolClient (GrpcClientProtocolClient.java:onNext(255)) - client-B30EC828C355->c26939f8-4d1f-4fb1-95c4-1aa8f7e5d3f6: receive RaftClientReply:client-B30EC828C355->c26939f8-4d1f-4fb1-95c4-1aa8f7e5d3f6@group-D25BE8053FEA, cid=3188, SUCCESS, logIndex=0, commits[c26939f8-4d1f-4fb1-95c4-1aa8f7e5d3f6:c4789, c5393538-959b-47cf-9d9c-19dac7bed4ee:c4788, a2e6e0ff-38a8-4bcf-9958-a89ff312531d:c4788]
2019-07-15 13:07:14,164 INFO  client.GrpcClientProtocolClient (GrpcClientProtocolClient.java:onNext(255)) - client-B30EC828C355->c26939f8-4d1f-4fb1-95c4-1aa8f7e5d3f6: receive RaftClientReply:client-B30EC828C355->c26939f8-4d1f-4fb1-95c4-1aa8f7e5d3f6@group-D25BE8053FEA, cid=3189, SUCCESS, logIndex=4791, commits[c26939f8-4d1f-4fb1-95c4-1aa8f7e5d3f6:c4792, c5393538-959b-47cf-9d9c-19dac7bed4ee:c4790, a2e6e0ff-38a8-4bcf-9958-a89ff312531d:c4790]
2019-07-15 13:07:14,165 INFO  client.GrpcClientProtocolClient (GrpcClientProtocolClient.java:onNext(255)) - client-B30EC828C355->c26939f8-4d1f-4fb1-95c4-1aa8f7e5d3f6: receive RaftClientReply:client-B30EC828C355->c26939f8-4d1f-4fb1-95c4-1aa8f7e5d3f6@group-D25BE8053FEA, cid=3190, SUCCESS, logIndex=4792, commits[c26939f8-4d1f-4fb1-95c4-1aa8f7e5d3f6:c4792, c5393538-959b-47cf-9d9c-19dac7bed4ee:c4790, a2e6e0ff-38a8-4bcf-9958-a89ff312531d:c4790]
2019-07-15 13:07:14,165 INFO  client.GrpcClientProtocolClient (GrpcClientProtocolClient.java:onNext(255)) - client-B30EC828C355->c26939f8-4d1f-4fb1-95c4-1aa8f7e5d3f6: receive RaftClientReply:client-B30EC828C355->c26939f8-4d1f-4fb1-95c4-1aa8f7e5d3f6@group-D25BE8053FEA, cid=3191, SUCCESS, logIndex=4793, commits[c26939f8-4d1f-4fb1-95c4-1aa8f7e5d3f6:c4794, c5393538-959b-47cf-9d9c-19dac7bed4ee:c4790, a2e6e0ff-38a8-4bcf-9958-a89ff312531d:c4790]
2019-07-15 13:07:14,165 INFO  client.GrpcClientProtocolClient (GrpcClientProtocolClient.java:onNext(255)) - client-B30EC828C355->c26939f8-4d1f-4fb1-95c4-1aa8f7e5d3f6: receive RaftClientReply:client-B30EC828C355->c26939f8-4d1f-4fb1-95c4-1aa8f7e5d3f6@group-D25BE8053FEA, cid=3192, SUCCESS, logIndex=4794, commits[c26939f8-4d1f-4fb1-95c4-1aa8f7e5d3f6:c4794, c5393538-959b-47cf-9d9c-19dac7bed4ee:c4790, a2e6e0ff-38a8-4bcf-9958-a89ff312531d:c4790]
2019-07-15 13:07:14,178 INFO  client.GrpcClientProtocolClient (GrpcClientProtocolClient.java:onNext(255)) - client-B30EC828C355->c26939f8-4d1f-4fb1-95c4-1aa8f7e5d3f6: receive RaftClientReply:client-B30EC828C355->c26939f8-4d1f-4fb1-95c4-1aa8f7e5d3f6@group-D25BE8053FEA, cid=3193, SUCCESS, logIndex=0, commits[c26939f8-4d1f-4fb1-95c4-1aa8f7e5d3f6:c4796, c5393538-959b-47cf-9d9c-19dac7bed4ee:c4792, a2e6e0ff-38a8-4bcf-9958-a89ff312531d:c4792]
2019-07-15 13:07:14,198 INFO  client.GrpcClientProtocolClient (GrpcClientProtocolClient.java:onNext(255)) - client-B30EC828C355->c26939f8-4d1f-4fb1-95c4-1aa8f7e5d3f6: receive RaftClientReply:client-B30EC828C355->c26939f8-4d1f-4fb1-95c4-1aa8f7e5d3f6@group-D25BE8053FEA, cid=3194, SUCCESS, logIndex=4798, commits[c26939f8-4d1f-4fb1-95c4-1aa8f7e5d3f6:c4799, c5393538-959b-47cf-9d9c-19dac7bed4ee:c4797, a2e6e0ff-38a8-4bcf-9958-a89ff312531d:c4797]
2019-07-15 13:07:14,199 INFO  client.GrpcClientProtocolClient (GrpcClientProtocolClient.java:onNext(255)) - client-B30EC828C355->c26939f8-4d1f-4fb1-95c4-1aa8f7e5d3f6: receive RaftClientReply:client-B30EC828C355->c26939f8-4d1f-4fb1-95c4-1aa8f7e5d3f6@group-D25BE8053FEA, cid=3195, SUCCESS, logIndex=4799, commits[c26939f8-4d1f-4fb1-95c4-1aa8f7e5d3f6:c4799, c5393538-959b-47cf-9d9c-19dac7bed4ee:c4797, a2e6e0ff-38a8-4bcf-9958-a89ff312531d:c4797]
2019-07-15 13:07:14,212 INFO  client.GrpcClientProtocolClient (GrpcClientProtocolClient.java:onNext(255)) - client-B30EC828C355->c26939f8-4d1f-4fb1-95c4-1aa8f7e5d3f6: receive RaftClientReply:client-B30EC828C355->c26939f8-4d1f-4fb1-95c4-1aa8f7e5d3f6@group-D25BE8053FEA, cid=3196, SUCCESS, logIndex=4802, commits[c26939f8-4d1f-4fb1-95c4-1aa8f7e5d3f6:c4803, c5393538-959b-47cf-9d9c-19dac7bed4ee:c4799, a2e6e0ff-38a8-4bcf-9958-a89ff312531d:c4799]
2019-07-15 13:07:14,212 INFO  client.GrpcClientProtocolClient (GrpcClientProtocolClient.java:onNext(255)) - client-B30EC828C355->c26939f8-4d1f-4fb1-95c4-1aa8f7e5d3f6: receive RaftClientReply:client-B30EC828C355->c26939f8-4d1f-4fb1-95c4-1aa8f7e5d3f6@group-D25BE8053FEA, cid=3197, SUCCESS, logIndex=4803, commits[c26939f8-4d1f-4fb1-95c4-1aa8f7e5d3f6:c4803, c5393538-959b-47cf-9d9c-19dac7bed4ee:c4799, a2e6e0ff-38a8-4bcf-9958-a89ff312531d:c4799]
2019-07-15 13:07:14,226 INFO  client.GrpcClientProtocolClient (GrpcClientProtocolClient.java:onNext(255)) - client-B30EC828C355->c26939f8-4d1f-4fb1-95c4-1aa8f7e5d3f6: receive RaftClientReply:client-B30EC828C355->c26939f8-4d1f-4fb1-95c4-1aa8f7e5d3f6@group-D25BE8053FEA, cid=3198, SUCCESS, logIndex=0, commits[c26939f8-4d1f-4fb1-95c4-1aa8f7e5d3f6:c4805, c5393538-959b-47cf-9d9c-19dac7bed4ee:c4803, a2e6e0ff-38a8-4bcf-9958-a89ff312531d:c4803]
2019-07-15 13:07:14,253 INFO  client.GrpcClientProtocolClient (GrpcClientProtocolClient.java:onNext(255)) - client-B30EC828C355->c26939f8-4d1f-4fb1-95c4-1aa8f7e5d3f6: receive RaftClientReply:client-B30EC828C355->c26939f8-4d1f-4fb1-95c4-1aa8f7e5d3f6@group-D25BE8053FEA, cid=3199, SUCCESS, logIndex=4806, commits[c26939f8-4d1f-4fb1-95c4-1aa8f7e5d3f6:c4807, c5393538-959b-47cf-9d9c-19dac7bed4ee:c4805, a2e6e0ff-38a8-4bcf-9958-a89ff312531d:c4805]
2019-07-15 13:07:14,254 INFO  client.GrpcClientProtocolClient (GrpcClientProtocolClient.java:onNext(255)) - client-B30EC828C355->c26939f8-4d1f-4fb1-95c4-1aa8f7e5d3f6: receive RaftClientReply:client-B30EC828C355->c26939f8-4d1f-4fb1-95c4-1aa8f7e5d3f6@group-D25BE8053FEA, cid=3200, SUCCESS, logIndex=4807, commits[c26939f8-4d1f-4fb1-95c4-1aa8f7e5d3f6:c4809, c5393538-959b-47cf-9d9c-19dac7bed4ee:c4805, a2e6e0ff-38a8-4bcf-9958-a89ff312531d:c4805]
2019-07-15 13:07:14,254 INFO  client.GrpcClientProtocolClient (GrpcClientProtocolClient.java:onNext(255)) - client-B30EC828C355->c26939f8-4d1f-4fb1-95c4-1aa8f7e5d3f6: receive RaftClientReply:client-B30EC828C355->c26939f8-4d1f-4fb1-95c4-1aa8f7e5d3f6@group-D25BE8053FEA, cid=3201, SUCCESS, logIndex=4808, commits[c26939f8-4d1f-4fb1-95c4-1aa8f7e5d3f6:c4809, c5393538-959b-47cf-9d9c-19dac7bed4ee:c4805, a2e6e0ff-38a8-4bcf-9958-a89ff312531d:c4805]
2019-07-15 13:07:14,254 INFO  client.GrpcClientProtocolClient (GrpcClientProtocolClient.java:onNext(255)) - client-B30EC828C355->c26939f8-4d1f-4fb1-95c4-1aa8f7e5d3f6: receive RaftClientReply:client-B30EC828C355->c26939f8-4d1f-4fb1-95c4-1aa8f7e5d3f6@group-D25BE8053FEA, cid=3202, SUCCESS, logIndex=4809, commits[c26939f8-4d1f-4fb1-95c4-1aa8f7e5d3f6:c4809, c5393538-959b-47cf-9d9c-19dac7bed4ee:c4805, a2e6e0ff-38a8-4bcf-9958-a89ff312531d:c4805]
2019-07-15 13:07:14,268 INFO  client.GrpcClientProtocolClient (GrpcClientProtocolClient.java:onNext(255)) - client-B30EC828C355->c26939f8-4d1f-4fb1-95c4-1aa8f7e5d3f6: receive RaftClientReply:client-B30EC828C355->c26939f8-4d1f-4fb1-95c4-1aa8f7e5d3f6@group-D25BE8053FEA, cid=3203, SUCCESS, logIndex=0, commits[c26939f8-4d1f-4fb1-95c4-1aa8f7e5d3f6:c4813, c5393538-959b-47cf-9d9c-19dac7bed4ee:c4809, a2e6e0ff-38a8-4bcf-9958-a89ff312531d:c4807]
2019-07-15 13:07:14,286 INFO  client.GrpcClientProtocolClient (GrpcClientProtocolClient.java:onNext(255)) - client-B30EC828C355->c26939f8-4d1f-4fb1-95c4-1aa8f7e5d3f6: receive RaftClientReply:client-B30EC828C355->c26939f8-4d1f-4fb1-95c4-1aa8f7e5d3f6@group-D25BE8053FEA, cid=3204, SUCCESS, logIndex=4814, commits[c26939f8-4d1f-4fb1-95c4-1aa8f7e5d3f6:c4815, c5393538-959b-47cf-9d9c-19dac7bed4ee:c4813, a2e6e0ff-38a8-4bcf-9958-a89ff312531d:c4813]
2019-07-15 13:07:14,287 INFO  client.GrpcClientProtocolClient (GrpcClientProtocolClient.java:onNext(255)) - client-B30EC828C355->c26939f8-4d1f-4fb1-95c4-1aa8f7e5d3f6: receive RaftClientReply:client-B30EC828C355->c26939f8-4d1f-4fb1-95c4-1aa8f7e5d3f6@group-D25BE8053FEA, cid=3205, SUCCESS, logIndex=4815, commits[c26939f8-4d1f-4fb1-95c4-1aa8f7e5d3f6:c4815, c5393538-959b-47cf-9d9c-19dac7bed4ee:c4813, a2e6e0ff-38a8-4bcf-9958-a89ff312531d:c4813]
2019-07-15 13:07:14,300 INFO  client.GrpcClientProtocolClient (GrpcClientProtocolClient.java:onNext(255)) - client-B30EC828C355->c26939f8-4d1f-4fb1-95c4-1aa8f7e5d3f6: receive RaftClientReply:client-B30EC828C355->c26939f8-4d1f-4fb1-95c4-1aa8f7e5d3f6@group-D25BE8053FEA, cid=3206, SUCCESS, logIndex=4818, commits[c26939f8-4d1f-4fb1-95c4-1aa8f7e5d3f6:c4819, c5393538-959b-47cf-9d9c-19dac7bed4ee:c4815, a2e6e0ff-38a8-4bcf-9958-a89ff312531d:c4815]
2019-07-15 13:07:14,300 INFO  client.GrpcClientProtocolClient (GrpcClientProtocolClient.java:onNext(255)) - client-B30EC828C355->c26939f8-4d1f-4fb1-95c4-1aa8f7e5d3f6: receive RaftClientReply:client-B30EC828C355->c26939f8-4d1f-4fb1-95c4-1aa8f7e5d3f6@group-D25BE8053FEA, cid=3207, SUCCESS, logIndex=4819, commits[c26939f8-4d1f-4fb1-95c4-1aa8f7e5d3f6:c4819, c5393538-959b-47cf-9d9c-19dac7bed4ee:c4815, a2e6e0ff-38a8-4bcf-9958-a89ff312531d:c4815]
2019-07-15 13:07:14,312 INFO  client.GrpcClientProtocolClient (GrpcClientProtocolClient.java:onNext(255)) - client-B30EC828C355->c26939f8-4d1f-4fb1-95c4-1aa8f7e5d3f6: receive RaftClientReply:client-B30EC828C355->c26939f8-4d1f-4fb1-95c4-1aa8f7e5d3f6@group-D25BE8053FEA, cid=3208, SUCCESS, logIndex=0, commits[c26939f8-4d1f-4fb1-95c4-1aa8f7e5d3f6:c4820, c5393538-959b-47cf-9d9c-19dac7bed4ee:c4819, a2e6e0ff-38a8-4bcf-9958-a89ff312531d:c4819]
2019-07-15 13:07:14,344 INFO  client.GrpcClientProtocolClient (GrpcClientProtocolClient.java:onNext(255)) - client-B30EC828C355->c26939f8-4d1f-4fb1-95c4-1aa8f7e5d3f6: receive RaftClientReply:client-B30EC828C355->c26939f8-4d1f-4fb1-95c4-1aa8f7e5d3f6@group-D25BE8053FEA, cid=3209, SUCCESS, logIndex=4822, commits[c26939f8-4d1f-4fb1-95c4-1aa8f7e5d3f6:c4822, c5393538-959b-47cf-9d9c-19dac7bed4ee:c4821, a2e6e0ff-38a8-4bcf-9958-a89ff312531d:c4821]
2019-07-15 13:07:14,345 INFO  client.GrpcClientProtocolClient (GrpcClientProtocolClient.java:onNext(255)) - client-B30EC828C355->c26939f8-4d1f-4fb1-95c4-1aa8f7e5d3f6: receive RaftClientReply:client-B30EC828C355->c26939f8-4d1f-4fb1-95c4-1aa8f7e5d3f6@group-D25BE8053FEA, cid=3210, SUCCESS, logIndex=4823, commits[c26939f8-4d1f-4fb1-95c4-1aa8f7e5d3f6:c4823, c5393538-959b-47cf-9d9c-19dac7bed4ee:c4821, a2e6e0ff-38a8-4bcf-9958-a89ff312531d:c4821]
2019-07-15 13:07:14,345 INFO  client.GrpcClientProtocolClient (GrpcClientProtocolClient.java:onNext(255)) - client-B30EC828C355->c26939f8-4d1f-4fb1-95c4-1aa8f7e5d3f6: receive RaftClientReply:client-B30EC828C355->c26939f8-4d1f-4fb1-95c4-1aa8f7e5d3f6@group-D25BE8053FEA, cid=3211, SUCCESS, logIndex=4824, commits[c26939f8-4d1f-4fb1-95c4-1aa8f7e5d3f6:c4825, c5393538-959b-47cf-9d9c-19dac7bed4ee:c4821, a2e6e0ff-38a8-4bcf-9958-a89ff312531d:c4821]
2019-07-15 13:07:14,345 INFO  client.GrpcClientProtocolClient (GrpcClientProtocolClient.java:onNext(255)) - client-B30EC828C355->c26939f8-4d1f-4fb1-95c4-1aa8f7e5d3f6: receive RaftClientReply:client-B30EC828C355->c26939f8-4d1f-4fb1-95c4-1aa8f7e5d3f6@group-D25BE8053FEA, cid=3212, SUCCESS, logIndex=4825, commits[c26939f8-4d1f-4fb1-95c4-1aa8f7e5d3f6:c4825, c5393538-959b-47cf-9d9c-19dac7bed4ee:c4821, a2e6e0ff-38a8-4bcf-9958-a89ff312531d:c4821]
2019-07-15 13:07:14,347 INFO  client.GrpcClientProtocolClient (GrpcClientProtocolClient.java:onNext(255)) - client-B30EC828C355->c26939f8-4d1f-4fb1-95c4-1aa8f7e5d3f6: receive RaftClientReply:client-B30EC828C355->c26939f8-4d1f-4fb1-95c4-1aa8f7e5d3f6@group-D25BE8053FEA, cid=3213, SUCCESS, logIndex=0, commits[c26939f8-4d1f-4fb1-95c4-1aa8f7e5d3f6:c4827, c5393538-959b-47cf-9d9c-19dac7bed4ee:c4823, a2e6e0ff-38a8-4bcf-9958-a89ff312531d:c4823]
2019-07-15 13:07:14,368 INFO  client.GrpcClientProtocolClient (GrpcClientProtocolClient.java:onNext(255)) - client-B30EC828C355->c26939f8-4d1f-4fb1-95c4-1aa8f7e5d3f6: receive RaftClientReply:client-B30EC828C355->c26939f8-4d1f-4fb1-95c4-1aa8f7e5d3f6@group-D25BE8053FEA, cid=3214, SUCCESS, logIndex=4830, commits[c26939f8-4d1f-4fb1-95c4-1aa8f7e5d3f6:c4831, c5393538-959b-47cf-9d9c-19dac7bed4ee:c4829, a2e6e0ff-38a8-4bcf-9958-a89ff312531d:c4829]
2019-07-15 13:07:14,368 INFO  client.GrpcClientProtocolClient (GrpcClientProtocolClient.java:onNext(255)) - client-B30EC828C355->c26939f8-4d1f-4fb1-95c4-1aa8f7e5d3f6: receive RaftClientReply:client-B30EC828C355->c26939f8-4d1f-4fb1-95c4-1aa8f7e5d3f6@group-D25BE8053FEA, cid=3215, SUCCESS, logIndex=4831, commits[c26939f8-4d1f-4fb1-95c4-1aa8f7e5d3f6:c4831, c5393538-959b-47cf-9d9c-19dac7bed4ee:c4829, a2e6e0ff-38a8-4bcf-9958-a89ff312531d:c4829]
 0.00% |█                                                                                                    |  0/1 Time: 0:00:282019-07-15 13:07:14,409 INFO  client.GrpcClientProtocolClient (GrpcClientProtocolClient.java:onNext(255)) - client-B30EC828C355->c26939f8-4d1f-4fb1-95c4-1aa8f7e5d3f6: receive RaftClientReply:client-B30EC828C355->c26939f8-4d1f-4fb1-95c4-1aa8f7e5d3f6@group-D25BE8053FEA, cid=3216, SUCCESS, logIndex=4834, commits[c26939f8-4d1f-4fb1-95c4-1aa8f7e5d3f6:c4835, c5393538-959b-47cf-9d9c-19dac7bed4ee:c4831, a2e6e0ff-38a8-4bcf-9958-a89ff312531d:c4831]
2019-07-15 13:07:14,410 INFO  client.GrpcClientProtocolClient (GrpcClientProtocolClient.java:onNext(255)) - client-B30EC828C355->c26939f8-4d1f-4fb1-95c4-1aa8f7e5d3f6: receive RaftClientReply:client-B30EC828C355->c26939f8-4d1f-4fb1-95c4-1aa8f7e5d3f6@group-D25BE8053FEA, cid=3217, SUCCESS, logIndex=4835, commits[c26939f8-4d1f-4fb1-95c4-1aa8f7e5d3f6:c4835, c5393538-959b-47cf-9d9c-19dac7bed4ee:c4831, a2e6e0ff-38a8-4bcf-9958-a89ff312531d:c4831]
2019-07-15 13:07:14,430 INFO  client.GrpcClientProtocolClient (GrpcClientProtocolClient.java:onNext(255)) - client-B30EC828C355->c26939f8-4d1f-4fb1-95c4-1aa8f7e5d3f6: receive RaftClientReply:client-B30EC828C355->c26939f8-4d1f-4fb1-95c4-1aa8f7e5d3f6@group-D25BE8053FEA, cid=3218, SUCCESS, logIndex=0, commits[c26939f8-4d1f-4fb1-95c4-1aa8f7e5d3f6:c4836, c5393538-959b-47cf-9d9c-19dac7bed4ee:c4835, a2e6e0ff-38a8-4bcf-9958-a89ff312531d:c4835]
2019-07-15 13:07:14,466 INFO  client.GrpcClientProtocolClient (GrpcClientProtocolClient.java:onNext(255)) - client-B30EC828C355->c26939f8-4d1f-4fb1-95c4-1aa8f7e5d3f6: receive RaftClientReply:client-B30EC828C355->c26939f8-4d1f-4fb1-95c4-1aa8f7e5d3f6@group-D25BE8053FEA, cid=3219, SUCCESS, logIndex=4838, commits[c26939f8-4d1f-4fb1-95c4-1aa8f7e5d3f6:c4840, c5393538-959b-47cf-9d9c-19dac7bed4ee:c4837, a2e6e0ff-38a8-4bcf-9958-a89ff312531d:c4837]
2019-07-15 13:07:14,466 INFO  client.GrpcClientProtocolClient (GrpcClientProtocolClient.java:onNext(255)) - client-B30EC828C355->c26939f8-4d1f-4fb1-95c4-1aa8f7e5d3f6: receive RaftClientReply:client-B30EC828C355->c26939f8-4d1f-4fb1-95c4-1aa8f7e5d3f6@group-D25BE8053FEA, cid=3220, SUCCESS, logIndex=4839, commits[c26939f8-4d1f-4fb1-95c4-1aa8f7e5d3f6:c4841, c5393538-959b-47cf-9d9c-19dac7bed4ee:c4837, a2e6e0ff-38a8-4bcf-9958-a89ff312531d:c4837]
2019-07-15 13:07:14,467 INFO  client.GrpcClientProtocolClient (GrpcClientProtocolClient.java:onNext(255)) - client-B30EC828C355->c26939f8-4d1f-4fb1-95c4-1aa8f7e5d3f6: receive RaftClientReply:client-B30EC828C355->c26939f8-4d1f-4fb1-95c4-1aa8f7e5d3f6@group-D25BE8053FEA, cid=3221, SUCCESS, logIndex=4840, commits[c26939f8-4d1f-4fb1-95c4-1aa8f7e5d3f6:c4841, c5393538-959b-47cf-9d9c-19dac7bed4ee:c4837, a2e6e0ff-38a8-4bcf-9958-a89ff312531d:c4837]
2019-07-15 13:07:14,467 INFO  client.GrpcClientProtocolClient (GrpcClientProtocolClient.java:onNext(255)) - client-B30EC828C355->c26939f8-4d1f-4fb1-95c4-1aa8f7e5d3f6: receive RaftClientReply:client-B30EC828C355->c26939f8-4d1f-4fb1-95c4-1aa8f7e5d3f6@group-D25BE8053FEA, cid=3222, SUCCESS, logIndex=4841, commits[c26939f8-4d1f-4fb1-95c4-1aa8f7e5d3f6:c4841, c5393538-959b-47cf-9d9c-19dac7bed4ee:c4837, a2e6e0ff-38a8-4bcf-9958-a89ff312531d:c4837]
2019-07-15 13:07:14,478 INFO  client.GrpcClientProtocolClient (GrpcClientProtocolClient.java:onNext(255)) - client-B30EC828C355->c26939f8-4d1f-4fb1-95c4-1aa8f7e5d3f6: receive RaftClientReply:client-B30EC828C355->c26939f8-4d1f-4fb1-95c4-1aa8f7e5d3f6@group-D25BE8053FEA, cid=3223, SUCCESS, logIndex=0, commits[c26939f8-4d1f-4fb1-95c4-1aa8f7e5d3f6:c4842, c5393538-959b-47cf-9d9c-19dac7bed4ee:c4839, a2e6e0ff-38a8-4bcf-9958-a89ff312531d:c4839]
2019-07-15 13:07:14,515 INFO  client.GrpcClientProtocolClient (GrpcClientProtocolClient.java:onNext(255)) - client-B30EC828C355->c26939f8-4d1f-4fb1-95c4-1aa8f7e5d3f6: receive RaftClientReply:client-B30EC828C355->c26939f8-4d1f-4fb1-95c4-1aa8f7e5d3f6@group-D25BE8053FEA, cid=3224, SUCCESS, logIndex=4846, commits[c26939f8-4d1f-4fb1-95c4-1aa8f7e5d3f6:c4847, c5393538-959b-47cf-9d9c-19dac7bed4ee:c4845, a2e6e0ff-38a8-4bcf-9958-a89ff312531d:c4845]
2019-07-15 13:07:14,515 INFO  client.GrpcClientProtocolClient (GrpcClientProtocolClient.java:onNext(255)) - client-B30EC828C355->c26939f8-4d1f-4fb1-95c4-1aa8f7e5d3f6: receive RaftClientReply:client-B30EC828C355->c26939f8-4d1f-4fb1-95c4-1aa8f7e5d3f6@group-D25BE8053FEA, cid=3225, SUCCESS, logIndex=4847, commits[c26939f8-4d1f-4fb1-95c4-1aa8f7e5d3f6:c4847, c5393538-959b-47cf-9d9c-19dac7bed4ee:c4845, a2e6e0ff-38a8-4bcf-9958-a89ff312531d:c4845]
2019-07-15 13:07:14,541 INFO  client.GrpcClientProtocolClient (GrpcClientProtocolClient.java:onNext(255)) - client-B30EC828C355->c26939f8-4d1f-4fb1-95c4-1aa8f7e5d3f6: receive RaftClientReply:client-B30EC828C355->c26939f8-4d1f-4fb1-95c4-1aa8f7e5d3f6@group-D25BE8053FEA, cid=3226, SUCCESS, logIndex=4850, commits[c26939f8-4d1f-4fb1-95c4-1aa8f7e5d3f6:c4851, c5393538-959b-47cf-9d9c-19dac7bed4ee:c4847, a2e6e0ff-38a8-4bcf-9958-a89ff312531d:c4847]
2019-07-15 13:07:14,542 INFO  client.GrpcClientProtocolClient (GrpcClientProtocolClient.java:onNext(255)) - client-B30EC828C355->c26939f8-4d1f-4fb1-95c4-1aa8f7e5d3f6: receive RaftClientReply:client-B30EC828C355->c26939f8-4d1f-4fb1-95c4-1aa8f7e5d3f6@group-D25BE8053FEA, cid=3227, SUCCESS, logIndex=4851, commits[c26939f8-4d1f-4fb1-95c4-1aa8f7e5d3f6:c4851, c5393538-959b-47cf-9d9c-19dac7bed4ee:c4847, a2e6e0ff-38a8-4bcf-9958-a89ff312531d:c4847]
2019-07-15 13:07:14,543 INFO  client.GrpcClientProtocolClient (GrpcClientProtocolClient.java:onNext(255)) - client-B30EC828C355->c26939f8-4d1f-4fb1-95c4-1aa8f7e5d3f6: receive RaftClientReply:client-B30EC828C355->c26939f8-4d1f-4fb1-95c4-1aa8f7e5d3f6@group-D25BE8053FEA, cid=3228, SUCCESS, logIndex=0, commits[c26939f8-4d1f-4fb1-95c4-1aa8f7e5d3f6:c4852, c5393538-959b-47cf-9d9c-19dac7bed4ee:c4851, a2e6e0ff-38a8-4bcf-9958-a89ff312531d:c4851]
2019-07-15 13:07:14,577 INFO  client.GrpcClientProtocolClient (GrpcClientProtocolClient.java:onNext(255)) - client-B30EC828C355->c26939f8-4d1f-4fb1-95c4-1aa8f7e5d3f6: receive RaftClientReply:client-B30EC828C355->c26939f8-4d1f-4fb1-95c4-1aa8f7e5d3f6@group-D25BE8053FEA, cid=3229, SUCCESS, logIndex=4854, commits[c26939f8-4d1f-4fb1-95c4-1aa8f7e5d3f6:c4855, c5393538-959b-47cf-9d9c-19dac7bed4ee:c4853, a2e6e0ff-38a8-4bcf-9958-a89ff312531d:c4853]
2019-07-15 13:07:14,577 INFO  client.GrpcClientProtocolClient (GrpcClientProtocolClient.java:onNext(255)) - client-B30EC828C355->c26939f8-4d1f-4fb1-95c4-1aa8f7e5d3f6: receive RaftClientReply:client-B30EC828C355->c26939f8-4d1f-4fb1-95c4-1aa8f7e5d3f6@group-D25BE8053FEA, cid=3230, SUCCESS, logIndex=4855, commits[c26939f8-4d1f-4fb1-95c4-1aa8f7e5d3f6:c4855, c5393538-959b-47cf-9d9c-19dac7bed4ee:c4853, a2e6e0ff-38a8-4bcf-9958-a89ff312531d:c4853]
2019-07-15 13:07:14,578 INFO  client.GrpcClientProtocolClient (GrpcClientProtocolClient.java:onNext(255)) - client-B30EC828C355->c26939f8-4d1f-4fb1-95c4-1aa8f7e5d3f6: receive RaftClientReply:client-B30EC828C355->c26939f8-4d1f-4fb1-95c4-1aa8f7e5d3f6@group-D25BE8053FEA, cid=3231, SUCCESS, logIndex=4856, commits[c26939f8-4d1f-4fb1-95c4-1aa8f7e5d3f6:c4857, c5393538-959b-47cf-9d9c-19dac7bed4ee:c4853, a2e6e0ff-38a8-4bcf-9958-a89ff312531d:c4853]
2019-07-15 13:07:14,578 INFO  client.GrpcClientProtocolClient (GrpcClientProtocolClient.java:onNext(255)) - client-B30EC828C355->c26939f8-4d1f-4fb1-95c4-1aa8f7e5d3f6: receive RaftClientReply:client-B30EC828C355->c26939f8-4d1f-4fb1-95c4-1aa8f7e5d3f6@group-D25BE8053FEA, cid=3232, SUCCESS, logIndex=4857, commits[c26939f8-4d1f-4fb1-95c4-1aa8f7e5d3f6:c4857, c5393538-959b-47cf-9d9c-19dac7bed4ee:c4853, a2e6e0ff-38a8-4bcf-9958-a89ff312531d:c4853]
2019-07-15 13:07:14,591 INFO  client.GrpcClientProtocolClient (GrpcClientProtocolClient.java:onNext(255)) - client-B30EC828C355->c26939f8-4d1f-4fb1-95c4-1aa8f7e5d3f6: receive RaftClientReply:client-B30EC828C355->c26939f8-4d1f-4fb1-95c4-1aa8f7e5d3f6@group-D25BE8053FEA, cid=3233, SUCCESS, logIndex=0, commits[c26939f8-4d1f-4fb1-95c4-1aa8f7e5d3f6:c4859, c5393538-959b-47cf-9d9c-19dac7bed4ee:c4855, a2e6e0ff-38a8-4bcf-9958-a89ff312531d:c4855]
2019-07-15 13:07:14,614 INFO  client.GrpcClientProtocolClient (GrpcClientProtocolClient.java:onNext(255)) - client-B30EC828C355->c26939f8-4d1f-4fb1-95c4-1aa8f7e5d3f6: receive RaftClientReply:client-B30EC828C355->c26939f8-4d1f-4fb1-95c4-1aa8f7e5d3f6@group-D25BE8053FEA, cid=3234, SUCCESS, logIndex=4862, commits[c26939f8-4d1f-4fb1-95c4-1aa8f7e5d3f6:c4862, c5393538-959b-47cf-9d9c-19dac7bed4ee:c4861, a2e6e0ff-38a8-4bcf-9958-a89ff312531d:c4861]
2019-07-15 13:07:14,614 INFO  client.GrpcClientProtocolClient (GrpcClientProtocolClient.java:onNext(255)) - client-B30EC828C355->c26939f8-4d1f-4fb1-95c4-1aa8f7e5d3f6: receive RaftClientReply:client-B30EC828C355->c26939f8-4d1f-4fb1-95c4-1aa8f7e5d3f6@group-D25BE8053FEA, cid=3235, SUCCESS, logIndex=4863, commits[c26939f8-4d1f-4fb1-95c4-1aa8f7e5d3f6:c4863, c5393538-959b-47cf-9d9c-19dac7bed4ee:c4861, a2e6e0ff-38a8-4bcf-9958-a89ff312531d:c4861]
2019-07-15 13:07:14,627 INFO  client.GrpcClientProtocolClient (GrpcClientProtocolClient.java:onNext(255)) - client-B30EC828C355->c26939f8-4d1f-4fb1-95c4-1aa8f7e5d3f6: receive RaftClientReply:client-B30EC828C355->c26939f8-4d1f-4fb1-95c4-1aa8f7e5d3f6@group-D25BE8053FEA, cid=3236, SUCCESS, logIndex=4866, commits[c26939f8-4d1f-4fb1-95c4-1aa8f7e5d3f6:c4867, c5393538-959b-47cf-9d9c-19dac7bed4ee:c4863, a2e6e0ff-38a8-4bcf-9958-a89ff312531d:c4863]
2019-07-15 13:07:14,628 INFO  client.GrpcClientProtocolClient (GrpcClientProtocolClient.java:onNext(255)) - client-B30EC828C355->c26939f8-4d1f-4fb1-95c4-1aa8f7e5d3f6: receive RaftClientReply:client-B30EC828C355->c26939f8-4d1f-4fb1-95c4-1aa8f7e5d3f6@group-D25BE8053FEA, cid=3237, SUCCESS, logIndex=4867, commits[c26939f8-4d1f-4fb1-95c4-1aa8f7e5d3f6:c4867, c5393538-959b-47cf-9d9c-19dac7bed4ee:c4863, a2e6e0ff-38a8-4bcf-9958-a89ff312531d:c4863]
2019-07-15 13:07:14,640 INFO  client.GrpcClientProtocolClient (GrpcClientProtocolClient.java:onNext(255)) - client-B30EC828C355->c26939f8-4d1f-4fb1-95c4-1aa8f7e5d3f6: receive RaftClientReply:client-B30EC828C355->c26939f8-4d1f-4fb1-95c4-1aa8f7e5d3f6@group-D25BE8053FEA, cid=3238, SUCCESS, logIndex=0, commits[c26939f8-4d1f-4fb1-95c4-1aa8f7e5d3f6:c4869, c5393538-959b-47cf-9d9c-19dac7bed4ee:c4867, a2e6e0ff-38a8-4bcf-9958-a89ff312531d:c4867]
2019-07-15 13:07:14,671 INFO  client.GrpcClientProtocolClient (GrpcClientProtocolClient.java:onNext(255)) - client-B30EC828C355->c26939f8-4d1f-4fb1-95c4-1aa8f7e5d3f6: receive RaftClientReply:client-B30EC828C355->c26939f8-4d1f-4fb1-95c4-1aa8f7e5d3f6@group-D25BE8053FEA, cid=3239, SUCCESS, logIndex=4870, commits[c26939f8-4d1f-4fb1-95c4-1aa8f7e5d3f6:c4872, c5393538-959b-47cf-9d9c-19dac7bed4ee:c4869, a2e6e0ff-38a8-4bcf-9958-a89ff312531d:c4869]
2019-07-15 13:07:14,671 INFO  client.GrpcClientProtocolClient (GrpcClientProtocolClient.java:onNext(255)) - client-B30EC828C355->c26939f8-4d1f-4fb1-95c4-1aa8f7e5d3f6: receive RaftClientReply:client-B30EC828C355->c26939f8-4d1f-4fb1-95c4-1aa8f7e5d3f6@group-D25BE8053FEA, cid=3240, SUCCESS, logIndex=4871, commits[c26939f8-4d1f-4fb1-95c4-1aa8f7e5d3f6:c4873, c5393538-959b-47cf-9d9c-19dac7bed4ee:c4869, a2e6e0ff-38a8-4bcf-9958-a89ff312531d:c4869]
2019-07-15 13:07:14,672 INFO  client.GrpcClientProtocolClient (GrpcClientProtocolClient.java:onNext(255)) - client-B30EC828C355->c26939f8-4d1f-4fb1-95c4-1aa8f7e5d3f6: receive RaftClientReply:client-B30EC828C355->c26939f8-4d1f-4fb1-95c4-1aa8f7e5d3f6@group-D25BE8053FEA, cid=3241, SUCCESS, logIndex=4872, commits[c26939f8-4d1f-4fb1-95c4-1aa8f7e5d3f6:c4873, c5393538-959b-47cf-9d9c-19dac7bed4ee:c4869, a2e6e0ff-38a8-4bcf-9958-a89ff312531d:c4869]
2019-07-15 13:07:14,672 INFO  client.GrpcClientProtocolClient (GrpcClientProtocolClient.java:onNext(255)) - client-B30EC828C355->c26939f8-4d1f-4fb1-95c4-1aa8f7e5d3f6: receive RaftClientReply:client-B30EC828C355->c26939f8-4d1f-4fb1-95c4-1aa8f7e5d3f6@group-D25BE8053FEA, cid=3242, SUCCESS, logIndex=4873, commits[c26939f8-4d1f-4fb1-95c4-1aa8f7e5d3f6:c4873, c5393538-959b-47cf-9d9c-19dac7bed4ee:c4869, a2e6e0ff-38a8-4bcf-9958-a89ff312531d:c4869]
2019-07-15 13:07:14,673 INFO  client.GrpcClientProtocolClient (GrpcClientProtocolClient.java:onNext(255)) - client-B30EC828C355->c26939f8-4d1f-4fb1-95c4-1aa8f7e5d3f6: receive RaftClientReply:client-B30EC828C355->c26939f8-4d1f-4fb1-95c4-1aa8f7e5d3f6@group-D25BE8053FEA, cid=3243, SUCCESS, logIndex=0, commits[c26939f8-4d1f-4fb1-95c4-1aa8f7e5d3f6:c4875, c5393538-959b-47cf-9d9c-19dac7bed4ee:c4872, a2e6e0ff-38a8-4bcf-9958-a89ff312531d:c4871]
2019-07-15 13:07:14,691 INFO  client.GrpcClientProtocolClient (GrpcClientProtocolClient.java:onNext(255)) - client-B30EC828C355->c26939f8-4d1f-4fb1-95c4-1aa8f7e5d3f6: receive RaftClientReply:client-B30EC828C355->c26939f8-4d1f-4fb1-95c4-1aa8f7e5d3f6@group-D25BE8053FEA, cid=3244, SUCCESS, logIndex=4878, commits[c26939f8-4d1f-4fb1-95c4-1aa8f7e5d3f6:c4878, c5393538-959b-47cf-9d9c-19dac7bed4ee:c4877, a2e6e0ff-38a8-4bcf-9958-a89ff312531d:c4877]
2019-07-15 13:07:14,691 INFO  client.GrpcClientProtocolClient (GrpcClientProtocolClient.java:onNext(255)) - client-B30EC828C355->c26939f8-4d1f-4fb1-95c4-1aa8f7e5d3f6: receive RaftClientReply:client-B30EC828C355->c26939f8-4d1f-4fb1-95c4-1aa8f7e5d3f6@group-D25BE8053FEA, cid=3245, SUCCESS, logIndex=4879, commits[c26939f8-4d1f-4fb1-95c4-1aa8f7e5d3f6:c4879, c5393538-959b-47cf-9d9c-19dac7bed4ee:c4877, a2e6e0ff-38a8-4bcf-9958-a89ff312531d:c4877]
2019-07-15 13:07:14,705 INFO  client.GrpcClientProtocolClient (GrpcClientProtocolClient.java:onNext(255)) - client-B30EC828C355->c26939f8-4d1f-4fb1-95c4-1aa8f7e5d3f6: receive RaftClientReply:client-B30EC828C355->c26939f8-4d1f-4fb1-95c4-1aa8f7e5d3f6@group-D25BE8053FEA, cid=3246, SUCCESS, logIndex=4882, commits[c26939f8-4d1f-4fb1-95c4-1aa8f7e5d3f6:c4882, c5393538-959b-47cf-9d9c-19dac7bed4ee:c4879, a2e6e0ff-38a8-4bcf-9958-a89ff312531d:c4879]
2019-07-15 13:07:14,705 INFO  client.GrpcClientProtocolClient (GrpcClientProtocolClient.java:onNext(255)) - client-B30EC828C355->c26939f8-4d1f-4fb1-95c4-1aa8f7e5d3f6: receive RaftClientReply:client-B30EC828C355->c26939f8-4d1f-4fb1-95c4-1aa8f7e5d3f6@group-D25BE8053FEA, cid=3247, SUCCESS, logIndex=4883, commits[c26939f8-4d1f-4fb1-95c4-1aa8f7e5d3f6:c4883, c5393538-959b-47cf-9d9c-19dac7bed4ee:c4879, a2e6e0ff-38a8-4bcf-9958-a89ff312531d:c4879]
2019-07-15 13:07:14,718 INFO  client.GrpcClientProtocolClient (GrpcClientProtocolClient.java:onNext(255)) - client-B30EC828C355->c26939f8-4d1f-4fb1-95c4-1aa8f7e5d3f6: receive RaftClientReply:client-B30EC828C355->c26939f8-4d1f-4fb1-95c4-1aa8f7e5d3f6@group-D25BE8053FEA, cid=3248, SUCCESS, logIndex=0, commits[c26939f8-4d1f-4fb1-95c4-1aa8f7e5d3f6:c4884, c5393538-959b-47cf-9d9c-19dac7bed4ee:c4883, a2e6e0ff-38a8-4bcf-9958-a89ff312531d:c4883]
2019-07-15 13:07:14,841 INFO  client.GrpcClientProtocolClient (GrpcClientProtocolClient.java:onNext(255)) - client-B30EC828C355->c26939f8-4d1f-4fb1-95c4-1aa8f7e5d3f6: receive RaftClientReply:client-B30EC828C355->c26939f8-4d1f-4fb1-95c4-1aa8f7e5d3f6@group-D25BE8053FEA, cid=3249, SUCCESS, logIndex=4886, commits[c26939f8-4d1f-4fb1-95c4-1aa8f7e5d3f6:c4887, c5393538-959b-47cf-9d9c-19dac7bed4ee:c4885, a2e6e0ff-38a8-4bcf-9958-a89ff312531d:c4885]
2019-07-15 13:07:14,841 INFO  client.GrpcClientProtocolClient (GrpcClientProtocolClient.java:onNext(255)) - client-B30EC828C355->c26939f8-4d1f-4fb1-95c4-1aa8f7e5d3f6: receive RaftClientReply:client-B30EC828C355->c26939f8-4d1f-4fb1-95c4-1aa8f7e5d3f6@group-D25BE8053FEA, cid=3250, SUCCESS, logIndex=4887, commits[c26939f8-4d1f-4fb1-95c4-1aa8f7e5d3f6:c4890, c5393538-959b-47cf-9d9c-19dac7bed4ee:c4886, a2e6e0ff-38a8-4bcf-9958-a89ff312531d:c4885]
2019-07-15 13:07:14,841 INFO  client.GrpcClientProtocolClient (GrpcClientProtocolClient.java:onNext(255)) - client-B30EC828C355->c26939f8-4d1f-4fb1-95c4-1aa8f7e5d3f6: receive RaftClientReply:client-B30EC828C355->c26939f8-4d1f-4fb1-95c4-1aa8f7e5d3f6@group-D25BE8053FEA, cid=3251, SUCCESS, logIndex=4888, commits[c26939f8-4d1f-4fb1-95c4-1aa8f7e5d3f6:c4890, c5393538-959b-47cf-9d9c-19dac7bed4ee:c4886, a2e6e0ff-38a8-4bcf-9958-a89ff312531d:c4885]
2019-07-15 13:07:14,842 INFO  client.GrpcClientProtocolClient (GrpcClientProtocolClient.java:onNext(255)) - client-B30EC828C355->c26939f8-4d1f-4fb1-95c4-1aa8f7e5d3f6: receive RaftClientReply:client-B30EC828C355->c26939f8-4d1f-4fb1-95c4-1aa8f7e5d3f6@group-D25BE8053FEA, cid=3252, SUCCESS, logIndex=4889, commits[c26939f8-4d1f-4fb1-95c4-1aa8f7e5d3f6:c4890, c5393538-959b-47cf-9d9c-19dac7bed4ee:c4886, a2e6e0ff-38a8-4bcf-9958-a89ff312531d:c4885]
2019-07-15 13:07:14,853 INFO  client.GrpcClientProtocolClient (GrpcClientProtocolClient.java:onNext(255)) - client-B30EC828C355->c26939f8-4d1f-4fb1-95c4-1aa8f7e5d3f6: receive RaftClientReply:client-B30EC828C355->c26939f8-4d1f-4fb1-95c4-1aa8f7e5d3f6@group-D25BE8053FEA, cid=3253, SUCCESS, logIndex=0, commits[c26939f8-4d1f-4fb1-95c4-1aa8f7e5d3f6:c4891, c5393538-959b-47cf-9d9c-19dac7bed4ee:c4887, a2e6e0ff-38a8-4bcf-9958-a89ff312531d:c4887]
2019-07-15 13:07:14,870 INFO  client.GrpcClientProtocolClient (GrpcClientProtocolClient.java:onNext(255)) - client-B30EC828C355->c26939f8-4d1f-4fb1-95c4-1aa8f7e5d3f6: receive RaftClientReply:client-B30EC828C355->c26939f8-4d1f-4fb1-95c4-1aa8f7e5d3f6@group-D25BE8053FEA, cid=3254, SUCCESS, logIndex=4894, commits[c26939f8-4d1f-4fb1-95c4-1aa8f7e5d3f6:c4895, c5393538-959b-47cf-9d9c-19dac7bed4ee:c4893, a2e6e0ff-38a8-4bcf-9958-a89ff312531d:c4893]
2019-07-15 13:07:14,871 INFO  client.GrpcClientProtocolClient (GrpcClientProtocolClient.java:onNext(255)) - client-B30EC828C355->c26939f8-4d1f-4fb1-95c4-1aa8f7e5d3f6: receive RaftClientReply:client-B30EC828C355->c26939f8-4d1f-4fb1-95c4-1aa8f7e5d3f6@group-D25BE8053FEA, cid=3255, SUCCESS, logIndex=4895, commits[c26939f8-4d1f-4fb1-95c4-1aa8f7e5d3f6:c4895, c5393538-959b-47cf-9d9c-19dac7bed4ee:c4893, a2e6e0ff-38a8-4bcf-9958-a89ff312531d:c4893]
2019-07-15 13:07:14,884 INFO  client.GrpcClientProtocolClient (GrpcClientProtocolClient.java:onNext(255)) - client-B30EC828C355->c26939f8-4d1f-4fb1-95c4-1aa8f7e5d3f6: receive RaftClientReply:client-B30EC828C355->c26939f8-4d1f-4fb1-95c4-1aa8f7e5d3f6@group-D25BE8053FEA, cid=3256, SUCCESS, logIndex=4898, commits[c26939f8-4d1f-4fb1-95c4-1aa8f7e5d3f6:c4899, c5393538-959b-47cf-9d9c-19dac7bed4ee:c4895, a2e6e0ff-38a8-4bcf-9958-a89ff312531d:c4895]
2019-07-15 13:07:14,884 INFO  client.GrpcClientProtocolClient (GrpcClientProtocolClient.java:onNext(255)) - client-B30EC828C355->c26939f8-4d1f-4fb1-95c4-1aa8f7e5d3f6: receive RaftClientReply:client-B30EC828C355->c26939f8-4d1f-4fb1-95c4-1aa8f7e5d3f6@group-D25BE8053FEA, cid=3257, SUCCESS, logIndex=4899, commits[c26939f8-4d1f-4fb1-95c4-1aa8f7e5d3f6:c4899, c5393538-959b-47cf-9d9c-19dac7bed4ee:c4895, a2e6e0ff-38a8-4bcf-9958-a89ff312531d:c4895]
2019-07-15 13:07:14,896 INFO  client.GrpcClientProtocolClient (GrpcClientProtocolClient.java:onNext(255)) - client-B30EC828C355->c26939f8-4d1f-4fb1-95c4-1aa8f7e5d3f6: receive RaftClientReply:client-B30EC828C355->c26939f8-4d1f-4fb1-95c4-1aa8f7e5d3f6@group-D25BE8053FEA, cid=3258, SUCCESS, logIndex=0, commits[c26939f8-4d1f-4fb1-95c4-1aa8f7e5d3f6:c4901, c5393538-959b-47cf-9d9c-19dac7bed4ee:c4899, a2e6e0ff-38a8-4bcf-9958-a89ff312531d:c4899]
2019-07-15 13:07:14,933 INFO  client.GrpcClientProtocolClient (GrpcClientProtocolClient.java:onNext(255)) - client-B30EC828C355->c26939f8-4d1f-4fb1-95c4-1aa8f7e5d3f6: receive RaftClientReply:client-B30EC828C355->c26939f8-4d1f-4fb1-95c4-1aa8f7e5d3f6@group-D25BE8053FEA, cid=3259, SUCCESS, logIndex=4902, commits[c26939f8-4d1f-4fb1-95c4-1aa8f7e5d3f6:c4903, c5393538-959b-47cf-9d9c-19dac7bed4ee:c4901, a2e6e0ff-38a8-4bcf-9958-a89ff312531d:c4901]
2019-07-15 13:07:14,934 INFO  client.GrpcClientProtocolClient (GrpcClientProtocolClient.java:onNext(255)) - client-B30EC828C355->c26939f8-4d1f-4fb1-95c4-1aa8f7e5d3f6: receive RaftClientReply:client-B30EC828C355->c26939f8-4d1f-4fb1-95c4-1aa8f7e5d3f6@group-D25BE8053FEA, cid=3260, SUCCESS, logIndex=4903, commits[c26939f8-4d1f-4fb1-95c4-1aa8f7e5d3f6:c4905, c5393538-959b-47cf-9d9c-19dac7bed4ee:c4901, a2e6e0ff-38a8-4bcf-9958-a89ff312531d:c4901]
2019-07-15 13:07:14,934 INFO  client.GrpcClientProtocolClient (GrpcClientProtocolClient.java:onNext(255)) - client-B30EC828C355->c26939f8-4d1f-4fb1-95c4-1aa8f7e5d3f6: receive RaftClientReply:client-B30EC828C355->c26939f8-4d1f-4fb1-95c4-1aa8f7e5d3f6@group-D25BE8053FEA, cid=3261, SUCCESS, logIndex=4904, commits[c26939f8-4d1f-4fb1-95c4-1aa8f7e5d3f6:c4905, c5393538-959b-47cf-9d9c-19dac7bed4ee:c4901, a2e6e0ff-38a8-4bcf-9958-a89ff312531d:c4901]
2019-07-15 13:07:14,934 INFO  client.GrpcClientProtocolClient (GrpcClientProtocolClient.java:onNext(255)) - client-B30EC828C355->c26939f8-4d1f-4fb1-95c4-1aa8f7e5d3f6: receive RaftClientReply:client-B30EC828C355->c26939f8-4d1f-4fb1-95c4-1aa8f7e5d3f6@group-D25BE8053FEA, cid=3262, SUCCESS, logIndex=4905, commits[c26939f8-4d1f-4fb1-95c4-1aa8f7e5d3f6:c4905, c5393538-959b-47cf-9d9c-19dac7bed4ee:c4901, a2e6e0ff-38a8-4bcf-9958-a89ff312531d:c4901]
2019-07-15 13:07:14,946 INFO  client.GrpcClientProtocolClient (GrpcClientProtocolClient.java:onNext(255)) - client-B30EC828C355->c26939f8-4d1f-4fb1-95c4-1aa8f7e5d3f6: receive RaftClientReply:client-B30EC828C355->c26939f8-4d1f-4fb1-95c4-1aa8f7e5d3f6@group-D25BE8053FEA, cid=3263, SUCCESS, logIndex=0, commits[c26939f8-4d1f-4fb1-95c4-1aa8f7e5d3f6:c4907, c5393538-959b-47cf-9d9c-19dac7bed4ee:c4903, a2e6e0ff-38a8-4bcf-9958-a89ff312531d:c4903]
2019-07-15 13:07:14,966 INFO  client.GrpcClientProtocolClient (GrpcClientProtocolClient.java:onNext(255)) - client-B30EC828C355->c26939f8-4d1f-4fb1-95c4-1aa8f7e5d3f6: receive RaftClientReply:client-B30EC828C355->c26939f8-4d1f-4fb1-95c4-1aa8f7e5d3f6@group-D25BE8053FEA, cid=3264, SUCCESS, logIndex=4909, commits[c26939f8-4d1f-4fb1-95c4-1aa8f7e5d3f6:c4910, c5393538-959b-47cf-9d9c-19dac7bed4ee:c4908, a2e6e0ff-38a8-4bcf-9958-a89ff312531d:c4908]
2019-07-15 13:07:14,966 INFO  client.GrpcClientProtocolClient (GrpcClientProtocolClient.java:onNext(255)) - client-B30EC828C355->c26939f8-4d1f-4fb1-95c4-1aa8f7e5d3f6: receive RaftClientReply:client-B30EC828C355->c26939f8-4d1f-4fb1-95c4-1aa8f7e5d3f6@group-D25BE8053FEA, cid=3265, SUCCESS, logIndex=4910, commits[c26939f8-4d1f-4fb1-95c4-1aa8f7e5d3f6:c4910, c5393538-959b-47cf-9d9c-19dac7bed4ee:c4908, a2e6e0ff-38a8-4bcf-9958-a89ff312531d:c4908]
2019-07-15 13:07:14,981 INFO  client.GrpcClientProtocolClient (GrpcClientProtocolClient.java:onNext(255)) - client-B30EC828C355->c26939f8-4d1f-4fb1-95c4-1aa8f7e5d3f6: receive RaftClientReply:client-B30EC828C355->c26939f8-4d1f-4fb1-95c4-1aa8f7e5d3f6@group-D25BE8053FEA, cid=3266, SUCCESS, logIndex=4913, commits[c26939f8-4d1f-4fb1-95c4-1aa8f7e5d3f6:c4914, c5393538-959b-47cf-9d9c-19dac7bed4ee:c4910, a2e6e0ff-38a8-4bcf-9958-a89ff312531d:c4910]
2019-07-15 13:07:14,982 INFO  client.GrpcClientProtocolClient (GrpcClientProtocolClient.java:onNext(255)) - client-B30EC828C355->c26939f8-4d1f-4fb1-95c4-1aa8f7e5d3f6: receive RaftClientReply:client-B30EC828C355->c26939f8-4d1f-4fb1-95c4-1aa8f7e5d3f6@group-D25BE8053FEA, cid=3267, SUCCESS, logIndex=4914, commits[c26939f8-4d1f-4fb1-95c4-1aa8f7e5d3f6:c4914, c5393538-959b-47cf-9d9c-19dac7bed4ee:c4910, a2e6e0ff-38a8-4bcf-9958-a89ff312531d:c4910]
2019-07-15 13:07:14,996 INFO  client.GrpcClientProtocolClient (GrpcClientProtocolClient.java:onNext(255)) - client-B30EC828C355->c26939f8-4d1f-4fb1-95c4-1aa8f7e5d3f6: receive RaftClientReply:client-B30EC828C355->c26939f8-4d1f-4fb1-95c4-1aa8f7e5d3f6@group-D25BE8053FEA, cid=3268, SUCCESS, logIndex=0, commits[c26939f8-4d1f-4fb1-95c4-1aa8f7e5d3f6:c4916, c5393538-959b-47cf-9d9c-19dac7bed4ee:c4914, a2e6e0ff-38a8-4bcf-9958-a89ff312531d:c4914]
2019-07-15 13:07:15,031 INFO  client.GrpcClientProtocolClient (GrpcClientProtocolClient.java:onNext(255)) - client-B30EC828C355->c26939f8-4d1f-4fb1-95c4-1aa8f7e5d3f6: receive RaftClientReply:client-B30EC828C355->c26939f8-4d1f-4fb1-95c4-1aa8f7e5d3f6@group-D25BE8053FEA, cid=3269, SUCCESS, logIndex=4917, commits[c26939f8-4d1f-4fb1-95c4-1aa8f7e5d3f6:c4918, c5393538-959b-47cf-9d9c-19dac7bed4ee:c4916, a2e6e0ff-38a8-4bcf-9958-a89ff312531d:c4916]
2019-07-15 13:07:15,032 INFO  client.GrpcClientProtocolClient (GrpcClientProtocolClient.java:onNext(255)) - client-B30EC828C355->c26939f8-4d1f-4fb1-95c4-1aa8f7e5d3f6: receive RaftClientReply:client-B30EC828C355->c26939f8-4d1f-4fb1-95c4-1aa8f7e5d3f6@group-D25BE8053FEA, cid=3270, SUCCESS, logIndex=4918, commits[c26939f8-4d1f-4fb1-95c4-1aa8f7e5d3f6:c4919, c5393538-959b-47cf-9d9c-19dac7bed4ee:c4916, a2e6e0ff-38a8-4bcf-9958-a89ff312531d:c4916]
2019-07-15 13:07:15,032 INFO  client.GrpcClientProtocolClient (GrpcClientProtocolClient.java:onNext(255)) - client-B30EC828C355->c26939f8-4d1f-4fb1-95c4-1aa8f7e5d3f6: receive RaftClientReply:client-B30EC828C355->c26939f8-4d1f-4fb1-95c4-1aa8f7e5d3f6@group-D25BE8053FEA, cid=3271, SUCCESS, logIndex=4919, commits[c26939f8-4d1f-4fb1-95c4-1aa8f7e5d3f6:c4920, c5393538-959b-47cf-9d9c-19dac7bed4ee:c4916, a2e6e0ff-38a8-4bcf-9958-a89ff312531d:c4916]
2019-07-15 13:07:15,032 INFO  client.GrpcClientProtocolClient (GrpcClientProtocolClient.java:onNext(255)) - client-B30EC828C355->c26939f8-4d1f-4fb1-95c4-1aa8f7e5d3f6: receive RaftClientReply:client-B30EC828C355->c26939f8-4d1f-4fb1-95c4-1aa8f7e5d3f6@group-D25BE8053FEA, cid=3272, SUCCESS, logIndex=4920, commits[c26939f8-4d1f-4fb1-95c4-1aa8f7e5d3f6:c4920, c5393538-959b-47cf-9d9c-19dac7bed4ee:c4916, a2e6e0ff-38a8-4bcf-9958-a89ff312531d:c4916]
2019-07-15 13:07:15,045 INFO  client.GrpcClientProtocolClient (GrpcClientProtocolClient.java:onNext(255)) - client-B30EC828C355->c26939f8-4d1f-4fb1-95c4-1aa8f7e5d3f6: receive RaftClientReply:client-B30EC828C355->c26939f8-4d1f-4fb1-95c4-1aa8f7e5d3f6@group-D25BE8053FEA, cid=3273, SUCCESS, logIndex=0, commits[c26939f8-4d1f-4fb1-95c4-1aa8f7e5d3f6:c4924, c5393538-959b-47cf-9d9c-19dac7bed4ee:c4920, a2e6e0ff-38a8-4bcf-9958-a89ff312531d:c4918]
2019-07-15 13:07:15,069 INFO  client.GrpcClientProtocolClient (GrpcClientProtocolClient.java:onNext(255)) - client-B30EC828C355->c26939f8-4d1f-4fb1-95c4-1aa8f7e5d3f6: receive RaftClientReply:client-B30EC828C355->c26939f8-4d1f-4fb1-95c4-1aa8f7e5d3f6@group-D25BE8053FEA, cid=3274, SUCCESS, logIndex=4925, commits[c26939f8-4d1f-4fb1-95c4-1aa8f7e5d3f6:c4926, c5393538-959b-47cf-9d9c-19dac7bed4ee:c4924, a2e6e0ff-38a8-4bcf-9958-a89ff312531d:c4924]
2019-07-15 13:07:15,069 INFO  client.GrpcClientProtocolClient (GrpcClientProtocolClient.java:onNext(255)) - client-B30EC828C355->c26939f8-4d1f-4fb1-95c4-1aa8f7e5d3f6: receive RaftClientReply:client-B30EC828C355->c26939f8-4d1f-4fb1-95c4-1aa8f7e5d3f6@group-D25BE8053FEA, cid=3275, SUCCESS, logIndex=4926, commits[c26939f8-4d1f-4fb1-95c4-1aa8f7e5d3f6:c4926, c5393538-959b-47cf-9d9c-19dac7bed4ee:c4924, a2e6e0ff-38a8-4bcf-9958-a89ff312531d:c4924]
2019-07-15 13:07:15,083 INFO  client.GrpcClientProtocolClient (GrpcClientProtocolClient.java:onNext(255)) - client-B30EC828C355->c26939f8-4d1f-4fb1-95c4-1aa8f7e5d3f6: receive RaftClientReply:client-B30EC828C355->c26939f8-4d1f-4fb1-95c4-1aa8f7e5d3f6@group-D25BE8053FEA, cid=3276, SUCCESS, logIndex=4929, commits[c26939f8-4d1f-4fb1-95c4-1aa8f7e5d3f6:c4930, c5393538-959b-47cf-9d9c-19dac7bed4ee:c4926, a2e6e0ff-38a8-4bcf-9958-a89ff312531d:c4926]
2019-07-15 13:07:15,083 INFO  client.GrpcClientProtocolClient (GrpcClientProtocolClient.java:onNext(255)) - client-B30EC828C355->c26939f8-4d1f-4fb1-95c4-1aa8f7e5d3f6: receive RaftClientReply:client-B30EC828C355->c26939f8-4d1f-4fb1-95c4-1aa8f7e5d3f6@group-D25BE8053FEA, cid=3277, SUCCESS, logIndex=4930, commits[c26939f8-4d1f-4fb1-95c4-1aa8f7e5d3f6:c4930, c5393538-959b-47cf-9d9c-19dac7bed4ee:c4926, a2e6e0ff-38a8-4bcf-9958-a89ff312531d:c4926]
2019-07-15 13:07:15,095 INFO  client.GrpcClientProtocolClient (GrpcClientProtocolClient.java:onNext(255)) - client-B30EC828C355->c26939f8-4d1f-4fb1-95c4-1aa8f7e5d3f6: receive RaftClientReply:client-B30EC828C355->c26939f8-4d1f-4fb1-95c4-1aa8f7e5d3f6@group-D25BE8053FEA, cid=3278, SUCCESS, logIndex=0, commits[c26939f8-4d1f-4fb1-95c4-1aa8f7e5d3f6:c4931, c5393538-959b-47cf-9d9c-19dac7bed4ee:c4930, a2e6e0ff-38a8-4bcf-9958-a89ff312531d:c4930]
2019-07-15 13:07:15,121 INFO  client.GrpcClientProtocolClient (GrpcClientProtocolClient.java:onNext(255)) - client-B30EC828C355->c26939f8-4d1f-4fb1-95c4-1aa8f7e5d3f6: receive RaftClientReply:client-B30EC828C355->c26939f8-4d1f-4fb1-95c4-1aa8f7e5d3f6@group-D25BE8053FEA, cid=3279, SUCCESS, logIndex=4933, commits[c26939f8-4d1f-4fb1-95c4-1aa8f7e5d3f6:c4934, c5393538-959b-47cf-9d9c-19dac7bed4ee:c4930, a2e6e0ff-38a8-4bcf-9958-a89ff312531d:c4932]
2019-07-15 13:07:15,121 INFO  client.GrpcClientProtocolClient (GrpcClientProtocolClient.java:onNext(255)) - client-B30EC828C355->c26939f8-4d1f-4fb1-95c4-1aa8f7e5d3f6: receive RaftClientReply:client-B30EC828C355->c26939f8-4d1f-4fb1-95c4-1aa8f7e5d3f6@group-D25BE8053FEA, cid=3280, SUCCESS, logIndex=4934, commits[c26939f8-4d1f-4fb1-95c4-1aa8f7e5d3f6:c4934, c5393538-959b-47cf-9d9c-19dac7bed4ee:c4930, a2e6e0ff-38a8-4bcf-9958-a89ff312531d:c4932]
2019-07-15 13:07:15,123 INFO  client.GrpcClientProtocolClient (GrpcClientProtocolClient.java:onNext(255)) - client-B30EC828C355->c26939f8-4d1f-4fb1-95c4-1aa8f7e5d3f6: receive RaftClientReply:client-B30EC828C355->c26939f8-4d1f-4fb1-95c4-1aa8f7e5d3f6@group-D25BE8053FEA, cid=3281, SUCCESS, logIndex=4935, commits[c26939f8-4d1f-4fb1-95c4-1aa8f7e5d3f6:c4937, c5393538-959b-47cf-9d9c-19dac7bed4ee:c4934, a2e6e0ff-38a8-4bcf-9958-a89ff312531d:c4932]
2019-07-15 13:07:15,124 INFO  client.GrpcClientProtocolClient (GrpcClientProtocolClient.java:onNext(255)) - client-B30EC828C355->c26939f8-4d1f-4fb1-95c4-1aa8f7e5d3f6: receive RaftClientReply:client-B30EC828C355->c26939f8-4d1f-4fb1-95c4-1aa8f7e5d3f6@group-D25BE8053FEA, cid=3282, SUCCESS, logIndex=4936, commits[c26939f8-4d1f-4fb1-95c4-1aa8f7e5d3f6:c4938, c5393538-959b-47cf-9d9c-19dac7bed4ee:c4934, a2e6e0ff-38a8-4bcf-9958-a89ff312531d:c4934]
2019-07-15 13:07:15,142 INFO  client.GrpcClientProtocolClient (GrpcClientProtocolClient.java:onNext(255)) - client-B30EC828C355->c26939f8-4d1f-4fb1-95c4-1aa8f7e5d3f6: receive RaftClientReply:client-B30EC828C355->c26939f8-4d1f-4fb1-95c4-1aa8f7e5d3f6@group-D25BE8053FEA, cid=3283, SUCCESS, logIndex=4941, commits[c26939f8-4d1f-4fb1-95c4-1aa8f7e5d3f6:c4942, c5393538-959b-47cf-9d9c-19dac7bed4ee:c4940, a2e6e0ff-38a8-4bcf-9958-a89ff312531d:c4940]
2019-07-15 13:07:15,143 INFO  client.GrpcClientProtocolClient (GrpcClientProtocolClient.java:onNext(255)) - client-B30EC828C355->c26939f8-4d1f-4fb1-95c4-1aa8f7e5d3f6: receive RaftClientReply:client-B30EC828C355->c26939f8-4d1f-4fb1-95c4-1aa8f7e5d3f6@group-D25BE8053FEA, cid=3284, SUCCESS, logIndex=4942, commits[c26939f8-4d1f-4fb1-95c4-1aa8f7e5d3f6:c4942, c5393538-959b-47cf-9d9c-19dac7bed4ee:c4940, a2e6e0ff-38a8-4bcf-9958-a89ff312531d:c4940]
2019-07-15 13:07:15,157 INFO  client.GrpcClientProtocolClient (GrpcClientProtocolClient.java:onNext(255)) - client-B30EC828C355->c26939f8-4d1f-4fb1-95c4-1aa8f7e5d3f6: receive RaftClientReply:client-B30EC828C355->c26939f8-4d1f-4fb1-95c4-1aa8f7e5d3f6@group-D25BE8053FEA, cid=3285, SUCCESS, logIndex=4945, commits[c26939f8-4d1f-4fb1-95c4-1aa8f7e5d3f6:c4945, c5393538-959b-47cf-9d9c-19dac7bed4ee:c4942, a2e6e0ff-38a8-4bcf-9958-a89ff312531d:c4942]
2019-07-15 13:07:15,157 INFO  client.GrpcClientProtocolClient (GrpcClientProtocolClient.java:onNext(255)) - client-B30EC828C355->c26939f8-4d1f-4fb1-95c4-1aa8f7e5d3f6: receive RaftClientReply:client-B30EC828C355->c26939f8-4d1f-4fb1-95c4-1aa8f7e5d3f6@group-D25BE8053FEA, cid=3286, SUCCESS, logIndex=4946, commits[c26939f8-4d1f-4fb1-95c4-1aa8f7e5d3f6:c4946, c5393538-959b-47cf-9d9c-19dac7bed4ee:c4942, a2e6e0ff-38a8-4bcf-9958-a89ff312531d:c4942]
2019-07-15 13:07:15,171 INFO  client.GrpcClientProtocolClient (GrpcClientProtocolClient.java:onNext(255)) - client-B30EC828C355->c26939f8-4d1f-4fb1-95c4-1aa8f7e5d3f6: receive RaftClientReply:client-B30EC828C355->c26939f8-4d1f-4fb1-95c4-1aa8f7e5d3f6@group-D25BE8053FEA, cid=3287, SUCCESS, logIndex=0, commits[c26939f8-4d1f-4fb1-95c4-1aa8f7e5d3f6:c4948, c5393538-959b-47cf-9d9c-19dac7bed4ee:c4946, a2e6e0ff-38a8-4bcf-9958-a89ff312531d:c4946]
2019-07-15 13:07:15,202 INFO  client.GrpcClientProtocolClient (GrpcClientProtocolClient.java:onNext(255)) - client-B30EC828C355->c26939f8-4d1f-4fb1-95c4-1aa8f7e5d3f6: receive RaftClientReply:client-B30EC828C355->c26939f8-4d1f-4fb1-95c4-1aa8f7e5d3f6@group-D25BE8053FEA, cid=3288, SUCCESS, logIndex=4949, commits[c26939f8-4d1f-4fb1-95c4-1aa8f7e5d3f6:c4950, c5393538-959b-47cf-9d9c-19dac7bed4ee:c4948, a2e6e0ff-38a8-4bcf-9958-a89ff312531d:c4948]
2019-07-15 13:07:15,203 INFO  client.GrpcClientProtocolClient (GrpcClientProtocolClient.java:onNext(255)) - client-B30EC828C355->c26939f8-4d1f-4fb1-95c4-1aa8f7e5d3f6: receive RaftClientReply:client-B30EC828C355->c26939f8-4d1f-4fb1-95c4-1aa8f7e5d3f6@group-D25BE8053FEA, cid=3289, SUCCESS, logIndex=4950, commits[c26939f8-4d1f-4fb1-95c4-1aa8f7e5d3f6:c4950, c5393538-959b-47cf-9d9c-19dac7bed4ee:c4948, a2e6e0ff-38a8-4bcf-9958-a89ff312531d:c4948]
2019-07-15 13:07:15,203 INFO  client.GrpcClientProtocolClient (GrpcClientProtocolClient.java:onNext(255)) - client-B30EC828C355->c26939f8-4d1f-4fb1-95c4-1aa8f7e5d3f6: receive RaftClientReply:client-B30EC828C355->c26939f8-4d1f-4fb1-95c4-1aa8f7e5d3f6@group-D25BE8053FEA, cid=3290, SUCCESS, logIndex=4951, commits[c26939f8-4d1f-4fb1-95c4-1aa8f7e5d3f6:c4951, c5393538-959b-47cf-9d9c-19dac7bed4ee:c4948, a2e6e0ff-38a8-4bcf-9958-a89ff312531d:c4948]
2019-07-15 13:07:15,203 INFO  client.GrpcClientProtocolClient (GrpcClientProtocolClient.java:onNext(255)) - client-B30EC828C355->c26939f8-4d1f-4fb1-95c4-1aa8f7e5d3f6: receive RaftClientReply:client-B30EC828C355->c26939f8-4d1f-4fb1-95c4-1aa8f7e5d3f6@group-D25BE8053FEA, cid=3291, SUCCESS, logIndex=4952, commits[c26939f8-4d1f-4fb1-95c4-1aa8f7e5d3f6:c4952, c5393538-959b-47cf-9d9c-19dac7bed4ee:c4948, a2e6e0ff-38a8-4bcf-9958-a89ff312531d:c4948]
2019-07-15 13:07:15,216 INFO  client.GrpcClientProtocolClient (GrpcClientProtocolClient.java:onNext(255)) - client-B30EC828C355->c26939f8-4d1f-4fb1-95c4-1aa8f7e5d3f6: receive RaftClientReply:client-B30EC828C355->c26939f8-4d1f-4fb1-95c4-1aa8f7e5d3f6@group-D25BE8053FEA, cid=3292, SUCCESS, logIndex=0, commits[c26939f8-4d1f-4fb1-95c4-1aa8f7e5d3f6:c4954, c5393538-959b-47cf-9d9c-19dac7bed4ee:c4950, a2e6e0ff-38a8-4bcf-9958-a89ff312531d:c4950]
2019-07-15 13:07:15,240 INFO  client.GrpcClientProtocolClient (GrpcClientProtocolClient.java:onNext(255)) - client-B30EC828C355->c26939f8-4d1f-4fb1-95c4-1aa8f7e5d3f6: receive RaftClientReply:client-B30EC828C355->c26939f8-4d1f-4fb1-95c4-1aa8f7e5d3f6@group-D25BE8053FEA, cid=3293, SUCCESS, logIndex=4957, commits[c26939f8-4d1f-4fb1-95c4-1aa8f7e5d3f6:c4958, c5393538-959b-47cf-9d9c-19dac7bed4ee:c4956, a2e6e0ff-38a8-4bcf-9958-a89ff312531d:c4956]
2019-07-15 13:07:15,241 INFO  client.GrpcClientProtocolClient (GrpcClientProtocolClient.java:onNext(255)) - client-B30EC828C355->c26939f8-4d1f-4fb1-95c4-1aa8f7e5d3f6: receive RaftClientReply:client-B30EC828C355->c26939f8-4d1f-4fb1-95c4-1aa8f7e5d3f6@group-D25BE8053FEA, cid=3294, SUCCESS, logIndex=4958, commits[c26939f8-4d1f-4fb1-95c4-1aa8f7e5d3f6:c4958, c5393538-959b-47cf-9d9c-19dac7bed4ee:c4956, a2e6e0ff-38a8-4bcf-9958-a89ff312531d:c4956]
2019-07-15 13:07:15,254 INFO  client.GrpcClientProtocolClient (GrpcClientProtocolClient.java:onNext(255)) - client-B30EC828C355->c26939f8-4d1f-4fb1-95c4-1aa8f7e5d3f6: receive RaftClientReply:client-B30EC828C355->c26939f8-4d1f-4fb1-95c4-1aa8f7e5d3f6@group-D25BE8053FEA, cid=3295, SUCCESS, logIndex=4961, commits[c26939f8-4d1f-4fb1-95c4-1aa8f7e5d3f6:c4962, c5393538-959b-47cf-9d9c-19dac7bed4ee:c4958, a2e6e0ff-38a8-4bcf-9958-a89ff312531d:c4957]
2019-07-15 13:07:15,254 INFO  client.GrpcClientProtocolClient (GrpcClientProtocolClient.java:onNext(255)) - client-B30EC828C355->c26939f8-4d1f-4fb1-95c4-1aa8f7e5d3f6: receive RaftClientReply:client-B30EC828C355->c26939f8-4d1f-4fb1-95c4-1aa8f7e5d3f6@group-D25BE8053FEA, cid=3296, SUCCESS, logIndex=4962, commits[c26939f8-4d1f-4fb1-95c4-1aa8f7e5d3f6:c4962, c5393538-959b-47cf-9d9c-19dac7bed4ee:c4958, a2e6e0ff-38a8-4bcf-9958-a89ff312531d:c4958]
2019-07-15 13:07:15,257 INFO  client.GrpcClientProtocolClient (GrpcClientProtocolClient.java:onNext(255)) - client-B30EC828C355->c26939f8-4d1f-4fb1-95c4-1aa8f7e5d3f6: receive RaftClientReply:client-B30EC828C355->c26939f8-4d1f-4fb1-95c4-1aa8f7e5d3f6@group-D25BE8053FEA, cid=3297, SUCCESS, logIndex=0, commits[c26939f8-4d1f-4fb1-95c4-1aa8f7e5d3f6:c4964, c5393538-959b-47cf-9d9c-19dac7bed4ee:c4962, a2e6e0ff-38a8-4bcf-9958-a89ff312531d:c4962]
2019-07-15 13:07:15,290 INFO  client.GrpcClientProtocolClient (GrpcClientProtocolClient.java:onNext(255)) - client-B30EC828C355->c26939f8-4d1f-4fb1-95c4-1aa8f7e5d3f6: receive RaftClientReply:client-B30EC828C355->c26939f8-4d1f-4fb1-95c4-1aa8f7e5d3f6@group-D25BE8053FEA, cid=3298, SUCCESS, logIndex=4965, commits[c26939f8-4d1f-4fb1-95c4-1aa8f7e5d3f6:c4966, c5393538-959b-47cf-9d9c-19dac7bed4ee:c4964, a2e6e0ff-38a8-4bcf-9958-a89ff312531d:c4964]
2019-07-15 13:07:15,290 INFO  client.GrpcClientProtocolClient (GrpcClientProtocolClient.java:onNext(255)) - client-B30EC828C355->c26939f8-4d1f-4fb1-95c4-1aa8f7e5d3f6: receive RaftClientReply:client-B30EC828C355->c26939f8-4d1f-4fb1-95c4-1aa8f7e5d3f6@group-D25BE8053FEA, cid=3299, SUCCESS, logIndex=4966, commits[c26939f8-4d1f-4fb1-95c4-1aa8f7e5d3f6:c4966, c5393538-959b-47cf-9d9c-19dac7bed4ee:c4964, a2e6e0ff-38a8-4bcf-9958-a89ff312531d:c4964]
2019-07-15 13:07:15,291 INFO  client.GrpcClientProtocolClient (GrpcClientProtocolClient.java:onNext(255)) - client-B30EC828C355->c26939f8-4d1f-4fb1-95c4-1aa8f7e5d3f6: receive RaftClientReply:client-B30EC828C355->c26939f8-4d1f-4fb1-95c4-1aa8f7e5d3f6@group-D25BE8053FEA, cid=3300, SUCCESS, logIndex=4967, commits[c26939f8-4d1f-4fb1-95c4-1aa8f7e5d3f6:c4967, c5393538-959b-47cf-9d9c-19dac7bed4ee:c4964, a2e6e0ff-38a8-4bcf-9958-a89ff312531d:c4964]
2019-07-15 13:07:15,291 INFO  client.GrpcClientProtocolClient (GrpcClientProtocolClient.java:onNext(255)) - client-B30EC828C355->c26939f8-4d1f-4fb1-95c4-1aa8f7e5d3f6: receive RaftClientReply:client-B30EC828C355->c26939f8-4d1f-4fb1-95c4-1aa8f7e5d3f6@group-D25BE8053FEA, cid=3301, SUCCESS, logIndex=4968, commits[c26939f8-4d1f-4fb1-95c4-1aa8f7e5d3f6:c4968, c5393538-959b-47cf-9d9c-19dac7bed4ee:c4964, a2e6e0ff-38a8-4bcf-9958-a89ff312531d:c4964]
2019-07-15 13:07:15,292 INFO  client.GrpcClientProtocolClient (GrpcClientProtocolClient.java:onNext(255)) - client-B30EC828C355->c26939f8-4d1f-4fb1-95c4-1aa8f7e5d3f6: receive RaftClientReply:client-B30EC828C355->c26939f8-4d1f-4fb1-95c4-1aa8f7e5d3f6@group-D25BE8053FEA, cid=3302, SUCCESS, logIndex=0, commits[c26939f8-4d1f-4fb1-95c4-1aa8f7e5d3f6:c4971, c5393538-959b-47cf-9d9c-19dac7bed4ee:c4966, a2e6e0ff-38a8-4bcf-9958-a89ff312531d:c4967]
2019-07-15 13:07:15,313 INFO  client.GrpcClientProtocolClient (GrpcClientProtocolClient.java:onNext(255)) - client-B30EC828C355->c26939f8-4d1f-4fb1-95c4-1aa8f7e5d3f6: receive RaftClientReply:client-B30EC828C355->c26939f8-4d1f-4fb1-95c4-1aa8f7e5d3f6@group-D25BE8053FEA, cid=3303, SUCCESS, logIndex=4973, commits[c26939f8-4d1f-4fb1-95c4-1aa8f7e5d3f6:c4974, c5393538-959b-47cf-9d9c-19dac7bed4ee:c4972, a2e6e0ff-38a8-4bcf-9958-a89ff312531d:c4972]
2019-07-15 13:07:15,313 INFO  client.GrpcClientProtocolClient (GrpcClientProtocolClient.java:onNext(255)) - client-B30EC828C355->c26939f8-4d1f-4fb1-95c4-1aa8f7e5d3f6: receive RaftClientReply:client-B30EC828C355->c26939f8-4d1f-4fb1-95c4-1aa8f7e5d3f6@group-D25BE8053FEA, cid=3304, SUCCESS, logIndex=4974, commits[c26939f8-4d1f-4fb1-95c4-1aa8f7e5d3f6:c4974, c5393538-959b-47cf-9d9c-19dac7bed4ee:c4972, a2e6e0ff-38a8-4bcf-9958-a89ff312531d:c4972]
2019-07-15 13:07:15,326 INFO  client.GrpcClientProtocolClient (GrpcClientProtocolClient.java:onNext(255)) - client-B30EC828C355->c26939f8-4d1f-4fb1-95c4-1aa8f7e5d3f6: receive RaftClientReply:client-B30EC828C355->c26939f8-4d1f-4fb1-95c4-1aa8f7e5d3f6@group-D25BE8053FEA, cid=3305, SUCCESS, logIndex=4977, commits[c26939f8-4d1f-4fb1-95c4-1aa8f7e5d3f6:c4977, c5393538-959b-47cf-9d9c-19dac7bed4ee:c4974, a2e6e0ff-38a8-4bcf-9958-a89ff312531d:c4974]
2019-07-15 13:07:15,327 INFO  client.GrpcClientProtocolClient (GrpcClientProtocolClient.java:onNext(255)) - client-B30EC828C355->c26939f8-4d1f-4fb1-95c4-1aa8f7e5d3f6: receive RaftClientReply:client-B30EC828C355->c26939f8-4d1f-4fb1-95c4-1aa8f7e5d3f6@group-D25BE8053FEA, cid=3306, SUCCESS, logIndex=4978, commits[c26939f8-4d1f-4fb1-95c4-1aa8f7e5d3f6:c4978, c5393538-959b-47cf-9d9c-19dac7bed4ee:c4974, a2e6e0ff-38a8-4bcf-9958-a89ff312531d:c4974]
2019-07-15 13:07:15,341 INFO  client.GrpcClientProtocolClient (GrpcClientProtocolClient.java:onNext(255)) - client-B30EC828C355->c26939f8-4d1f-4fb1-95c4-1aa8f7e5d3f6: receive RaftClientReply:client-B30EC828C355->c26939f8-4d1f-4fb1-95c4-1aa8f7e5d3f6@group-D25BE8053FEA, cid=3307, SUCCESS, logIndex=0, commits[c26939f8-4d1f-4fb1-95c4-1aa8f7e5d3f6:c4980, c5393538-959b-47cf-9d9c-19dac7bed4ee:c4978, a2e6e0ff-38a8-4bcf-9958-a89ff312531d:c4978]
2019-07-15 13:07:15,391 INFO  client.GrpcClientProtocolClient (GrpcClientProtocolClient.java:onNext(255)) - client-B30EC828C355->c26939f8-4d1f-4fb1-95c4-1aa8f7e5d3f6: receive RaftClientReply:client-B30EC828C355->c26939f8-4d1f-4fb1-95c4-1aa8f7e5d3f6@group-D25BE8053FEA, cid=3308, SUCCESS, logIndex=4981, commits[c26939f8-4d1f-4fb1-95c4-1aa8f7e5d3f6:c4982, c5393538-959b-47cf-9d9c-19dac7bed4ee:c4980, a2e6e0ff-38a8-4bcf-9958-a89ff312531d:c4980]
2019-07-15 13:07:15,392 INFO  client.GrpcClientProtocolClient (GrpcClientProtocolClient.java:onNext(255)) - client-B30EC828C355->c26939f8-4d1f-4fb1-95c4-1aa8f7e5d3f6: receive RaftClientReply:client-B30EC828C355->c26939f8-4d1f-4fb1-95c4-1aa8f7e5d3f6@group-D25BE8053FEA, cid=3309, SUCCESS, logIndex=4982, commits[c26939f8-4d1f-4fb1-95c4-1aa8f7e5d3f6:c4984, c5393538-959b-47cf-9d9c-19dac7bed4ee:c4980, a2e6e0ff-38a8-4bcf-9958-a89ff312531d:c4980]
2019-07-15 13:07:15,393 INFO  client.GrpcClientProtocolClient (GrpcClientProtocolClient.java:onNext(255)) - client-B30EC828C355->c26939f8-4d1f-4fb1-95c4-1aa8f7e5d3f6: receive RaftClientReply:client-B30EC828C355->c26939f8-4d1f-4fb1-95c4-1aa8f7e5d3f6@group-D25BE8053FEA, cid=3310, SUCCESS, logIndex=4983, commits[c26939f8-4d1f-4fb1-95c4-1aa8f7e5d3f6:c4984, c5393538-959b-47cf-9d9c-19dac7bed4ee:c4980, a2e6e0ff-38a8-4bcf-9958-a89ff312531d:c4980]
2019-07-15 13:07:15,393 INFO  client.GrpcClientProtocolClient (GrpcClientProtocolClient.java:onNext(255)) - client-B30EC828C355->c26939f8-4d1f-4fb1-95c4-1aa8f7e5d3f6: receive RaftClientReply:client-B30EC828C355->c26939f8-4d1f-4fb1-95c4-1aa8f7e5d3f6@group-D25BE8053FEA, cid=3311, SUCCESS, logIndex=4984, commits[c26939f8-4d1f-4fb1-95c4-1aa8f7e5d3f6:c4984, c5393538-959b-47cf-9d9c-19dac7bed4ee:c4980, a2e6e0ff-38a8-4bcf-9958-a89ff312531d:c4980]
2019-07-15 13:07:15,394 INFO  client.GrpcClientProtocolClient (GrpcClientProtocolClient.java:onNext(255)) - client-B30EC828C355->c26939f8-4d1f-4fb1-95c4-1aa8f7e5d3f6: receive RaftClientReply:client-B30EC828C355->c26939f8-4d1f-4fb1-95c4-1aa8f7e5d3f6@group-D25BE8053FEA, cid=3312, SUCCESS, logIndex=0, commits[c26939f8-4d1f-4fb1-95c4-1aa8f7e5d3f6:c4988, c5393538-959b-47cf-9d9c-19dac7bed4ee:c4982, a2e6e0ff-38a8-4bcf-9958-a89ff312531d:c4984]
 0.00% |█                                                                                                    |  0/1 Time: 0:00:292019-07-15 13:07:15,417 INFO  client.GrpcClientProtocolClient (GrpcClientProtocolClient.java:onNext(255)) - client-B30EC828C355->c26939f8-4d1f-4fb1-95c4-1aa8f7e5d3f6: receive RaftClientReply:client-B30EC828C355->c26939f8-4d1f-4fb1-95c4-1aa8f7e5d3f6@group-D25BE8053FEA, cid=3313, SUCCESS, logIndex=4989, commits[c26939f8-4d1f-4fb1-95c4-1aa8f7e5d3f6:c4990, c5393538-959b-47cf-9d9c-19dac7bed4ee:c4988, a2e6e0ff-38a8-4bcf-9958-a89ff312531d:c4988]
2019-07-15 13:07:15,418 INFO  client.GrpcClientProtocolClient (GrpcClientProtocolClient.java:onNext(255)) - client-B30EC828C355->c26939f8-4d1f-4fb1-95c4-1aa8f7e5d3f6: receive RaftClientReply:client-B30EC828C355->c26939f8-4d1f-4fb1-95c4-1aa8f7e5d3f6@group-D25BE8053FEA, cid=3314, SUCCESS, logIndex=4990, commits[c26939f8-4d1f-4fb1-95c4-1aa8f7e5d3f6:c4990, c5393538-959b-47cf-9d9c-19dac7bed4ee:c4988, a2e6e0ff-38a8-4bcf-9958-a89ff312531d:c4988]
2019-07-15 13:07:15,432 INFO  client.GrpcClientProtocolClient (GrpcClientProtocolClient.java:onNext(255)) - client-B30EC828C355->c26939f8-4d1f-4fb1-95c4-1aa8f7e5d3f6: receive RaftClientReply:client-B30EC828C355->c26939f8-4d1f-4fb1-95c4-1aa8f7e5d3f6@group-D25BE8053FEA, cid=3315, SUCCESS, logIndex=4993, commits[c26939f8-4d1f-4fb1-95c4-1aa8f7e5d3f6:c4994, c5393538-959b-47cf-9d9c-19dac7bed4ee:c4990, a2e6e0ff-38a8-4bcf-9958-a89ff312531d:c4990]
2019-07-15 13:07:15,433 INFO  client.GrpcClientProtocolClient (GrpcClientProtocolClient.java:onNext(255)) - client-B30EC828C355->c26939f8-4d1f-4fb1-95c4-1aa8f7e5d3f6: receive RaftClientReply:client-B30EC828C355->c26939f8-4d1f-4fb1-95c4-1aa8f7e5d3f6@group-D25BE8053FEA, cid=3316, SUCCESS, logIndex=4994, commits[c26939f8-4d1f-4fb1-95c4-1aa8f7e5d3f6:c4994, c5393538-959b-47cf-9d9c-19dac7bed4ee:c4990, a2e6e0ff-38a8-4bcf-9958-a89ff312531d:c4990]
2019-07-15 13:07:15,446 INFO  client.GrpcClientProtocolClient (GrpcClientProtocolClient.java:onNext(255)) - client-B30EC828C355->c26939f8-4d1f-4fb1-95c4-1aa8f7e5d3f6: receive RaftClientReply:client-B30EC828C355->c26939f8-4d1f-4fb1-95c4-1aa8f7e5d3f6@group-D25BE8053FEA, cid=3317, SUCCESS, logIndex=0, commits[c26939f8-4d1f-4fb1-95c4-1aa8f7e5d3f6:c4996, c5393538-959b-47cf-9d9c-19dac7bed4ee:c4994, a2e6e0ff-38a8-4bcf-9958-a89ff312531d:c4994]
2019-07-15 13:07:15,481 INFO  client.GrpcClientProtocolClient (GrpcClientProtocolClient.java:onNext(255)) - client-B30EC828C355->c26939f8-4d1f-4fb1-95c4-1aa8f7e5d3f6: receive RaftClientReply:client-B30EC828C355->c26939f8-4d1f-4fb1-95c4-1aa8f7e5d3f6@group-D25BE8053FEA, cid=3318, SUCCESS, logIndex=4997, commits[c26939f8-4d1f-4fb1-95c4-1aa8f7e5d3f6:c4998, c5393538-959b-47cf-9d9c-19dac7bed4ee:c4996, a2e6e0ff-38a8-4bcf-9958-a89ff312531d:c4996]
2019-07-15 13:07:15,482 INFO  client.GrpcClientProtocolClient (GrpcClientProtocolClient.java:onNext(255)) - client-B30EC828C355->c26939f8-4d1f-4fb1-95c4-1aa8f7e5d3f6: receive RaftClientReply:client-B30EC828C355->c26939f8-4d1f-4fb1-95c4-1aa8f7e5d3f6@group-D25BE8053FEA, cid=3319, SUCCESS, logIndex=4998, commits[c26939f8-4d1f-4fb1-95c4-1aa8f7e5d3f6:c5000, c5393538-959b-47cf-9d9c-19dac7bed4ee:c4996, a2e6e0ff-38a8-4bcf-9958-a89ff312531d:c4996]
2019-07-15 13:07:15,482 INFO  client.GrpcClientProtocolClient (GrpcClientProtocolClient.java:onNext(255)) - client-B30EC828C355->c26939f8-4d1f-4fb1-95c4-1aa8f7e5d3f6: receive RaftClientReply:client-B30EC828C355->c26939f8-4d1f-4fb1-95c4-1aa8f7e5d3f6@group-D25BE8053FEA, cid=3320, SUCCESS, logIndex=4999, commits[c26939f8-4d1f-4fb1-95c4-1aa8f7e5d3f6:c5000, c5393538-959b-47cf-9d9c-19dac7bed4ee:c4996, a2e6e0ff-38a8-4bcf-9958-a89ff312531d:c4996]
2019-07-15 13:07:15,482 INFO  client.GrpcClientProtocolClient (GrpcClientProtocolClient.java:onNext(255)) - client-B30EC828C355->c26939f8-4d1f-4fb1-95c4-1aa8f7e5d3f6: receive RaftClientReply:client-B30EC828C355->c26939f8-4d1f-4fb1-95c4-1aa8f7e5d3f6@group-D25BE8053FEA, cid=3321, SUCCESS, logIndex=5000, commits[c26939f8-4d1f-4fb1-95c4-1aa8f7e5d3f6:c5000, c5393538-959b-47cf-9d9c-19dac7bed4ee:c4996, a2e6e0ff-38a8-4bcf-9958-a89ff312531d:c4996]
2019-07-15 13:07:15,484 INFO  client.GrpcClientProtocolClient (GrpcClientProtocolClient.java:onNext(255)) - client-B30EC828C355->c26939f8-4d1f-4fb1-95c4-1aa8f7e5d3f6: receive RaftClientReply:client-B30EC828C355->c26939f8-4d1f-4fb1-95c4-1aa8f7e5d3f6@group-D25BE8053FEA, cid=3322, SUCCESS, logIndex=0, commits[c26939f8-4d1f-4fb1-95c4-1aa8f7e5d3f6:c5003, c5393538-959b-47cf-9d9c-19dac7bed4ee:c5000, a2e6e0ff-38a8-4bcf-9958-a89ff312531d:c4998]
2019-07-15 13:07:15,504 INFO  client.GrpcClientProtocolClient (GrpcClientProtocolClient.java:onNext(255)) - client-B30EC828C355->c26939f8-4d1f-4fb1-95c4-1aa8f7e5d3f6: receive RaftClientReply:client-B30EC828C355->c26939f8-4d1f-4fb1-95c4-1aa8f7e5d3f6@group-D25BE8053FEA, cid=3323, SUCCESS, logIndex=5004, commits[c26939f8-4d1f-4fb1-95c4-1aa8f7e5d3f6:c5005, c5393538-959b-47cf-9d9c-19dac7bed4ee:c5003, a2e6e0ff-38a8-4bcf-9958-a89ff312531d:c5003]
2019-07-15 13:07:15,504 INFO  client.GrpcClientProtocolClient (GrpcClientProtocolClient.java:onNext(255)) - client-B30EC828C355->c26939f8-4d1f-4fb1-95c4-1aa8f7e5d3f6: receive RaftClientReply:client-B30EC828C355->c26939f8-4d1f-4fb1-95c4-1aa8f7e5d3f6@group-D25BE8053FEA, cid=3324, SUCCESS, logIndex=5005, commits[c26939f8-4d1f-4fb1-95c4-1aa8f7e5d3f6:c5005, c5393538-959b-47cf-9d9c-19dac7bed4ee:c5003, a2e6e0ff-38a8-4bcf-9958-a89ff312531d:c5003]
2019-07-15 13:07:15,531 INFO  client.GrpcClientProtocolClient (GrpcClientProtocolClient.java:onNext(255)) - client-B30EC828C355->c26939f8-4d1f-4fb1-95c4-1aa8f7e5d3f6: receive RaftClientReply:client-B30EC828C355->c26939f8-4d1f-4fb1-95c4-1aa8f7e5d3f6@group-D25BE8053FEA, cid=3325, SUCCESS, logIndex=5008, commits[c26939f8-4d1f-4fb1-95c4-1aa8f7e5d3f6:c5009, c5393538-959b-47cf-9d9c-19dac7bed4ee:c5004, a2e6e0ff-38a8-4bcf-9958-a89ff312531d:c5005]
2019-07-15 13:07:15,531 INFO  client.GrpcClientProtocolClient (GrpcClientProtocolClient.java:onNext(255)) - client-B30EC828C355->c26939f8-4d1f-4fb1-95c4-1aa8f7e5d3f6: receive RaftClientReply:client-B30EC828C355->c26939f8-4d1f-4fb1-95c4-1aa8f7e5d3f6@group-D25BE8053FEA, cid=3326, SUCCESS, logIndex=5009, commits[c26939f8-4d1f-4fb1-95c4-1aa8f7e5d3f6:c5009, c5393538-959b-47cf-9d9c-19dac7bed4ee:c5005, a2e6e0ff-38a8-4bcf-9958-a89ff312531d:c5005]
2019-07-15 13:07:15,545 INFO  client.GrpcClientProtocolClient (GrpcClientProtocolClient.java:onNext(255)) - client-B30EC828C355->c26939f8-4d1f-4fb1-95c4-1aa8f7e5d3f6: receive RaftClientReply:client-B30EC828C355->c26939f8-4d1f-4fb1-95c4-1aa8f7e5d3f6@group-D25BE8053FEA, cid=3327, SUCCESS, logIndex=0, commits[c26939f8-4d1f-4fb1-95c4-1aa8f7e5d3f6:c5011, c5393538-959b-47cf-9d9c-19dac7bed4ee:c5009, a2e6e0ff-38a8-4bcf-9958-a89ff312531d:c5009]
2019-07-15 13:07:15,578 INFO  client.GrpcClientProtocolClient (GrpcClientProtocolClient.java:onNext(255)) - client-B30EC828C355->c26939f8-4d1f-4fb1-95c4-1aa8f7e5d3f6: receive RaftClientReply:client-B30EC828C355->c26939f8-4d1f-4fb1-95c4-1aa8f7e5d3f6@group-D25BE8053FEA, cid=3328, SUCCESS, logIndex=5012, commits[c26939f8-4d1f-4fb1-95c4-1aa8f7e5d3f6:c5014, c5393538-959b-47cf-9d9c-19dac7bed4ee:c5011, a2e6e0ff-38a8-4bcf-9958-a89ff312531d:c5011]
2019-07-15 13:07:15,579 INFO  client.GrpcClientProtocolClient (GrpcClientProtocolClient.java:onNext(255)) - client-B30EC828C355->c26939f8-4d1f-4fb1-95c4-1aa8f7e5d3f6: receive RaftClientReply:client-B30EC828C355->c26939f8-4d1f-4fb1-95c4-1aa8f7e5d3f6@group-D25BE8053FEA, cid=3329, SUCCESS, logIndex=5013, commits[c26939f8-4d1f-4fb1-95c4-1aa8f7e5d3f6:c5015, c5393538-959b-47cf-9d9c-19dac7bed4ee:c5011, a2e6e0ff-38a8-4bcf-9958-a89ff312531d:c5011]
2019-07-15 13:07:15,580 INFO  client.GrpcClientProtocolClient (GrpcClientProtocolClient.java:onNext(255)) - client-B30EC828C355->c26939f8-4d1f-4fb1-95c4-1aa8f7e5d3f6: receive RaftClientReply:client-B30EC828C355->c26939f8-4d1f-4fb1-95c4-1aa8f7e5d3f6@group-D25BE8053FEA, cid=3330, SUCCESS, logIndex=5014, commits[c26939f8-4d1f-4fb1-95c4-1aa8f7e5d3f6:c5015, c5393538-959b-47cf-9d9c-19dac7bed4ee:c5011, a2e6e0ff-38a8-4bcf-9958-a89ff312531d:c5011]
2019-07-15 13:07:15,580 INFO  client.GrpcClientProtocolClient (GrpcClientProtocolClient.java:onNext(255)) - client-B30EC828C355->c26939f8-4d1f-4fb1-95c4-1aa8f7e5d3f6: receive RaftClientReply:client-B30EC828C355->c26939f8-4d1f-4fb1-95c4-1aa8f7e5d3f6@group-D25BE8053FEA, cid=3331, SUCCESS, logIndex=5015, commits[c26939f8-4d1f-4fb1-95c4-1aa8f7e5d3f6:c5015, c5393538-959b-47cf-9d9c-19dac7bed4ee:c5011, a2e6e0ff-38a8-4bcf-9958-a89ff312531d:c5011]
2019-07-15 13:07:15,591 INFO  client.GrpcClientProtocolClient (GrpcClientProtocolClient.java:onNext(255)) - client-B30EC828C355->c26939f8-4d1f-4fb1-95c4-1aa8f7e5d3f6: receive RaftClientReply:client-B30EC828C355->c26939f8-4d1f-4fb1-95c4-1aa8f7e5d3f6@group-D25BE8053FEA, cid=3332, SUCCESS, logIndex=0, commits[c26939f8-4d1f-4fb1-95c4-1aa8f7e5d3f6:c5019, c5393538-959b-47cf-9d9c-19dac7bed4ee:c5014, a2e6e0ff-38a8-4bcf-9958-a89ff312531d:c5015]
2019-07-15 13:07:15,611 INFO  client.GrpcClientProtocolClient (GrpcClientProtocolClient.java:onNext(255)) - client-B30EC828C355->c26939f8-4d1f-4fb1-95c4-1aa8f7e5d3f6: receive RaftClientReply:client-B30EC828C355->c26939f8-4d1f-4fb1-95c4-1aa8f7e5d3f6@group-D25BE8053FEA, cid=3333, SUCCESS, logIndex=5020, commits[c26939f8-4d1f-4fb1-95c4-1aa8f7e5d3f6:c5021, c5393538-959b-47cf-9d9c-19dac7bed4ee:c5019, a2e6e0ff-38a8-4bcf-9958-a89ff312531d:c5015]
2019-07-15 13:07:15,611 INFO  client.GrpcClientProtocolClient (GrpcClientProtocolClient.java:onNext(255)) - client-B30EC828C355->c26939f8-4d1f-4fb1-95c4-1aa8f7e5d3f6: receive RaftClientReply:client-B30EC828C355->c26939f8-4d1f-4fb1-95c4-1aa8f7e5d3f6@group-D25BE8053FEA, cid=3334, SUCCESS, logIndex=5021, commits[c26939f8-4d1f-4fb1-95c4-1aa8f7e5d3f6:c5021, c5393538-959b-47cf-9d9c-19dac7bed4ee:c5019, a2e6e0ff-38a8-4bcf-9958-a89ff312531d:c5019]
2019-07-15 13:07:15,639 INFO  client.GrpcClientProtocolClient (GrpcClientProtocolClient.java:onNext(255)) - client-B30EC828C355->c26939f8-4d1f-4fb1-95c4-1aa8f7e5d3f6: receive RaftClientReply:client-B30EC828C355->c26939f8-4d1f-4fb1-95c4-1aa8f7e5d3f6@group-D25BE8053FEA, cid=3335, SUCCESS, logIndex=5024, commits[c26939f8-4d1f-4fb1-95c4-1aa8f7e5d3f6:c5024, c5393538-959b-47cf-9d9c-19dac7bed4ee:c5021, a2e6e0ff-38a8-4bcf-9958-a89ff312531d:c5021]
2019-07-15 13:07:15,639 INFO  client.GrpcClientProtocolClient (GrpcClientProtocolClient.java:onNext(255)) - client-B30EC828C355->c26939f8-4d1f-4fb1-95c4-1aa8f7e5d3f6: receive RaftClientReply:client-B30EC828C355->c26939f8-4d1f-4fb1-95c4-1aa8f7e5d3f6@group-D25BE8053FEA, cid=3336, SUCCESS, logIndex=5025, commits[c26939f8-4d1f-4fb1-95c4-1aa8f7e5d3f6:c5025, c5393538-959b-47cf-9d9c-19dac7bed4ee:c5021, a2e6e0ff-38a8-4bcf-9958-a89ff312531d:c5021]
2019-07-15 13:07:15,642 INFO  client.GrpcClientProtocolClient (GrpcClientProtocolClient.java:onNext(255)) - client-B30EC828C355->c26939f8-4d1f-4fb1-95c4-1aa8f7e5d3f6: receive RaftClientReply:client-B30EC828C355->c26939f8-4d1f-4fb1-95c4-1aa8f7e5d3f6@group-D25BE8053FEA, cid=3337, SUCCESS, logIndex=0, commits[c26939f8-4d1f-4fb1-95c4-1aa8f7e5d3f6:c5027, c5393538-959b-47cf-9d9c-19dac7bed4ee:c5025, a2e6e0ff-38a8-4bcf-9958-a89ff312531d:c5025]
2019-07-15 13:07:15,795 INFO  client.GrpcClientProtocolClient (GrpcClientProtocolClient.java:onNext(255)) - client-B30EC828C355->c26939f8-4d1f-4fb1-95c4-1aa8f7e5d3f6: receive RaftClientReply:client-B30EC828C355->c26939f8-4d1f-4fb1-95c4-1aa8f7e5d3f6@group-D25BE8053FEA, cid=3338, SUCCESS, logIndex=5028, commits[c26939f8-4d1f-4fb1-95c4-1aa8f7e5d3f6:c5029, c5393538-959b-47cf-9d9c-19dac7bed4ee:c5027, a2e6e0ff-38a8-4bcf-9958-a89ff312531d:c5027]
2019-07-15 13:07:15,796 INFO  client.GrpcClientProtocolClient (GrpcClientProtocolClient.java:onNext(255)) - client-B30EC828C355->c26939f8-4d1f-4fb1-95c4-1aa8f7e5d3f6: receive RaftClientReply:client-B30EC828C355->c26939f8-4d1f-4fb1-95c4-1aa8f7e5d3f6@group-D25BE8053FEA, cid=3339, SUCCESS, logIndex=5029, commits[c26939f8-4d1f-4fb1-95c4-1aa8f7e5d3f6:c5029, c5393538-959b-47cf-9d9c-19dac7bed4ee:c5027, a2e6e0ff-38a8-4bcf-9958-a89ff312531d:c5027]
2019-07-15 13:07:15,797 INFO  client.GrpcClientProtocolClient (GrpcClientProtocolClient.java:onNext(255)) - client-B30EC828C355->c26939f8-4d1f-4fb1-95c4-1aa8f7e5d3f6: receive RaftClientReply:client-B30EC828C355->c26939f8-4d1f-4fb1-95c4-1aa8f7e5d3f6@group-D25BE8053FEA, cid=3340, SUCCESS, logIndex=5030, commits[c26939f8-4d1f-4fb1-95c4-1aa8f7e5d3f6:c5031, c5393538-959b-47cf-9d9c-19dac7bed4ee:c5027, a2e6e0ff-38a8-4bcf-9958-a89ff312531d:c5027]
2019-07-15 13:07:15,797 INFO  client.GrpcClientProtocolClient (GrpcClientProtocolClient.java:onNext(255)) - client-B30EC828C355->c26939f8-4d1f-4fb1-95c4-1aa8f7e5d3f6: receive RaftClientReply:client-B30EC828C355->c26939f8-4d1f-4fb1-95c4-1aa8f7e5d3f6@group-D25BE8053FEA, cid=3341, SUCCESS, logIndex=5031, commits[c26939f8-4d1f-4fb1-95c4-1aa8f7e5d3f6:c5031, c5393538-959b-47cf-9d9c-19dac7bed4ee:c5027, a2e6e0ff-38a8-4bcf-9958-a89ff312531d:c5027]
2019-07-15 13:07:15,798 INFO  client.GrpcClientProtocolClient (GrpcClientProtocolClient.java:onNext(255)) - client-B30EC828C355->c26939f8-4d1f-4fb1-95c4-1aa8f7e5d3f6: receive RaftClientReply:client-B30EC828C355->c26939f8-4d1f-4fb1-95c4-1aa8f7e5d3f6@group-D25BE8053FEA, cid=3342, SUCCESS, logIndex=0, commits[c26939f8-4d1f-4fb1-95c4-1aa8f7e5d3f6:c5033, c5393538-959b-47cf-9d9c-19dac7bed4ee:c5029, a2e6e0ff-38a8-4bcf-9958-a89ff312531d:c5029]
2019-07-15 13:07:15,818 INFO  client.GrpcClientProtocolClient (GrpcClientProtocolClient.java:onNext(255)) - client-B30EC828C355->c26939f8-4d1f-4fb1-95c4-1aa8f7e5d3f6: receive RaftClientReply:client-B30EC828C355->c26939f8-4d1f-4fb1-95c4-1aa8f7e5d3f6@group-D25BE8053FEA, cid=3343, SUCCESS, logIndex=5036, commits[c26939f8-4d1f-4fb1-95c4-1aa8f7e5d3f6:c5037, c5393538-959b-47cf-9d9c-19dac7bed4ee:c5035, a2e6e0ff-38a8-4bcf-9958-a89ff312531d:c5035]
2019-07-15 13:07:15,818 INFO  client.GrpcClientProtocolClient (GrpcClientProtocolClient.java:onNext(255)) - client-B30EC828C355->c26939f8-4d1f-4fb1-95c4-1aa8f7e5d3f6: receive RaftClientReply:client-B30EC828C355->c26939f8-4d1f-4fb1-95c4-1aa8f7e5d3f6@group-D25BE8053FEA, cid=3344, SUCCESS, logIndex=5037, commits[c26939f8-4d1f-4fb1-95c4-1aa8f7e5d3f6:c5037, c5393538-959b-47cf-9d9c-19dac7bed4ee:c5035, a2e6e0ff-38a8-4bcf-9958-a89ff312531d:c5035]
2019-07-15 13:07:15,831 INFO  client.GrpcClientProtocolClient (GrpcClientProtocolClient.java:onNext(255)) - client-B30EC828C355->c26939f8-4d1f-4fb1-95c4-1aa8f7e5d3f6: receive RaftClientReply:client-B30EC828C355->c26939f8-4d1f-4fb1-95c4-1aa8f7e5d3f6@group-D25BE8053FEA, cid=3345, SUCCESS, logIndex=5040, commits[c26939f8-4d1f-4fb1-95c4-1aa8f7e5d3f6:c5041, c5393538-959b-47cf-9d9c-19dac7bed4ee:c5037, a2e6e0ff-38a8-4bcf-9958-a89ff312531d:c5037]
2019-07-15 13:07:15,832 INFO  client.GrpcClientProtocolClient (GrpcClientProtocolClient.java:onNext(255)) - client-B30EC828C355->c26939f8-4d1f-4fb1-95c4-1aa8f7e5d3f6: receive RaftClientReply:client-B30EC828C355->c26939f8-4d1f-4fb1-95c4-1aa8f7e5d3f6@group-D25BE8053FEA, cid=3346, SUCCESS, logIndex=5041, commits[c26939f8-4d1f-4fb1-95c4-1aa8f7e5d3f6:c5041, c5393538-959b-47cf-9d9c-19dac7bed4ee:c5037, a2e6e0ff-38a8-4bcf-9958-a89ff312531d:c5037]
2019-07-15 13:07:15,845 INFO  client.GrpcClientProtocolClient (GrpcClientProtocolClient.java:onNext(255)) - client-B30EC828C355->c26939f8-4d1f-4fb1-95c4-1aa8f7e5d3f6: receive RaftClientReply:client-B30EC828C355->c26939f8-4d1f-4fb1-95c4-1aa8f7e5d3f6@group-D25BE8053FEA, cid=3347, SUCCESS, logIndex=0, commits[c26939f8-4d1f-4fb1-95c4-1aa8f7e5d3f6:c5042, c5393538-959b-47cf-9d9c-19dac7bed4ee:c5041, a2e6e0ff-38a8-4bcf-9958-a89ff312531d:c5041]
2019-07-15 13:07:15,879 INFO  client.GrpcClientProtocolClient (GrpcClientProtocolClient.java:onNext(255)) - client-B30EC828C355->c26939f8-4d1f-4fb1-95c4-1aa8f7e5d3f6: receive RaftClientReply:client-B30EC828C355->c26939f8-4d1f-4fb1-95c4-1aa8f7e5d3f6@group-D25BE8053FEA, cid=3348, SUCCESS, logIndex=5044, commits[c26939f8-4d1f-4fb1-95c4-1aa8f7e5d3f6:c5045, c5393538-959b-47cf-9d9c-19dac7bed4ee:c5043, a2e6e0ff-38a8-4bcf-9958-a89ff312531d:c5043]
2019-07-15 13:07:15,880 INFO  client.GrpcClientProtocolClient (GrpcClientProtocolClient.java:onNext(255)) - client-B30EC828C355->c26939f8-4d1f-4fb1-95c4-1aa8f7e5d3f6: receive RaftClientReply:client-B30EC828C355->c26939f8-4d1f-4fb1-95c4-1aa8f7e5d3f6@group-D25BE8053FEA, cid=3349, SUCCESS, logIndex=5045, commits[c26939f8-4d1f-4fb1-95c4-1aa8f7e5d3f6:c5046, c5393538-959b-47cf-9d9c-19dac7bed4ee:c5043, a2e6e0ff-38a8-4bcf-9958-a89ff312531d:c5043]
2019-07-15 13:07:15,880 INFO  client.GrpcClientProtocolClient (GrpcClientProtocolClient.java:onNext(255)) - client-B30EC828C355->c26939f8-4d1f-4fb1-95c4-1aa8f7e5d3f6: receive RaftClientReply:client-B30EC828C355->c26939f8-4d1f-4fb1-95c4-1aa8f7e5d3f6@group-D25BE8053FEA, cid=3350, SUCCESS, logIndex=5046, commits[c26939f8-4d1f-4fb1-95c4-1aa8f7e5d3f6:c5047, c5393538-959b-47cf-9d9c-19dac7bed4ee:c5043, a2e6e0ff-38a8-4bcf-9958-a89ff312531d:c5043]
2019-07-15 13:07:15,880 INFO  client.GrpcClientProtocolClient (GrpcClientProtocolClient.java:onNext(255)) - client-B30EC828C355->c26939f8-4d1f-4fb1-95c4-1aa8f7e5d3f6: receive RaftClientReply:client-B30EC828C355->c26939f8-4d1f-4fb1-95c4-1aa8f7e5d3f6@group-D25BE8053FEA, cid=3351, SUCCESS, logIndex=5047, commits[c26939f8-4d1f-4fb1-95c4-1aa8f7e5d3f6:c5047, c5393538-959b-47cf-9d9c-19dac7bed4ee:c5043, a2e6e0ff-38a8-4bcf-9958-a89ff312531d:c5043]
2019-07-15 13:07:15,882 INFO  client.GrpcClientProtocolClient (GrpcClientProtocolClient.java:onNext(255)) - client-B30EC828C355->c26939f8-4d1f-4fb1-95c4-1aa8f7e5d3f6: receive RaftClientReply:client-B30EC828C355->c26939f8-4d1f-4fb1-95c4-1aa8f7e5d3f6@group-D25BE8053FEA, cid=3352, SUCCESS, logIndex=0, commits[c26939f8-4d1f-4fb1-95c4-1aa8f7e5d3f6:c5050, c5393538-959b-47cf-9d9c-19dac7bed4ee:c5045, a2e6e0ff-38a8-4bcf-9958-a89ff312531d:c5046]
2019-07-15 13:07:15,922 INFO  client.GrpcClientProtocolClient (GrpcClientProtocolClient.java:onNext(255)) - client-B30EC828C355->c26939f8-4d1f-4fb1-95c4-1aa8f7e5d3f6: receive RaftClientReply:client-B30EC828C355->c26939f8-4d1f-4fb1-95c4-1aa8f7e5d3f6@group-D25BE8053FEA, cid=3353, SUCCESS, logIndex=5052, commits[c26939f8-4d1f-4fb1-95c4-1aa8f7e5d3f6:c5053, c5393538-959b-47cf-9d9c-19dac7bed4ee:c5050, a2e6e0ff-38a8-4bcf-9958-a89ff312531d:c5050]
2019-07-15 13:07:15,923 INFO  client.GrpcClientProtocolClient (GrpcClientProtocolClient.java:onNext(255)) - client-B30EC828C355->c26939f8-4d1f-4fb1-95c4-1aa8f7e5d3f6: receive RaftClientReply:client-B30EC828C355->c26939f8-4d1f-4fb1-95c4-1aa8f7e5d3f6@group-D25BE8053FEA, cid=3354, SUCCESS, logIndex=5053, commits[c26939f8-4d1f-4fb1-95c4-1aa8f7e5d3f6:c5053, c5393538-959b-47cf-9d9c-19dac7bed4ee:c5050, a2e6e0ff-38a8-4bcf-9958-a89ff312531d:c5050]
2019-07-15 13:07:15,947 INFO  client.GrpcClientProtocolClient (GrpcClientProtocolClient.java:onNext(255)) - client-B30EC828C355->c26939f8-4d1f-4fb1-95c4-1aa8f7e5d3f6: receive RaftClientReply:client-B30EC828C355->c26939f8-4d1f-4fb1-95c4-1aa8f7e5d3f6@group-D25BE8053FEA, cid=3355, SUCCESS, logIndex=5056, commits[c26939f8-4d1f-4fb1-95c4-1aa8f7e5d3f6:c5057, c5393538-959b-47cf-9d9c-19dac7bed4ee:c5053, a2e6e0ff-38a8-4bcf-9958-a89ff312531d:c5053]
2019-07-15 13:07:15,947 INFO  client.GrpcClientProtocolClient (GrpcClientProtocolClient.java:onNext(255)) - client-B30EC828C355->c26939f8-4d1f-4fb1-95c4-1aa8f7e5d3f6: receive RaftClientReply:client-B30EC828C355->c26939f8-4d1f-4fb1-95c4-1aa8f7e5d3f6@group-D25BE8053FEA, cid=3356, SUCCESS, logIndex=5057, commits[c26939f8-4d1f-4fb1-95c4-1aa8f7e5d3f6:c5057, c5393538-959b-47cf-9d9c-19dac7bed4ee:c5053, a2e6e0ff-38a8-4bcf-9958-a89ff312531d:c5053]
2019-07-15 13:07:15,960 INFO  client.GrpcClientProtocolClient (GrpcClientProtocolClient.java:onNext(255)) - client-B30EC828C355->c26939f8-4d1f-4fb1-95c4-1aa8f7e5d3f6: receive RaftClientReply:client-B30EC828C355->c26939f8-4d1f-4fb1-95c4-1aa8f7e5d3f6@group-D25BE8053FEA, cid=3357, SUCCESS, logIndex=0, commits[c26939f8-4d1f-4fb1-95c4-1aa8f7e5d3f6:c5059, c5393538-959b-47cf-9d9c-19dac7bed4ee:c5057, a2e6e0ff-38a8-4bcf-9958-a89ff312531d:c5057]
2019-07-15 13:07:15,997 INFO  client.GrpcClientProtocolClient (GrpcClientProtocolClient.java:onNext(255)) - client-B30EC828C355->c26939f8-4d1f-4fb1-95c4-1aa8f7e5d3f6: receive RaftClientReply:client-B30EC828C355->c26939f8-4d1f-4fb1-95c4-1aa8f7e5d3f6@group-D25BE8053FEA, cid=3358, SUCCESS, logIndex=5060, commits[c26939f8-4d1f-4fb1-95c4-1aa8f7e5d3f6:c5061, c5393538-959b-47cf-9d9c-19dac7bed4ee:c5059, a2e6e0ff-38a8-4bcf-9958-a89ff312531d:c5059]
2019-07-15 13:07:15,997 INFO  client.GrpcClientProtocolClient (GrpcClientProtocolClient.java:onNext(255)) - client-B30EC828C355->c26939f8-4d1f-4fb1-95c4-1aa8f7e5d3f6: receive RaftClientReply:client-B30EC828C355->c26939f8-4d1f-4fb1-95c4-1aa8f7e5d3f6@group-D25BE8053FEA, cid=3359, SUCCESS, logIndex=5061, commits[c26939f8-4d1f-4fb1-95c4-1aa8f7e5d3f6:c5063, c5393538-959b-47cf-9d9c-19dac7bed4ee:c5059, a2e6e0ff-38a8-4bcf-9958-a89ff312531d:c5059]
2019-07-15 13:07:15,998 INFO  client.GrpcClientProtocolClient (GrpcClientProtocolClient.java:onNext(255)) - client-B30EC828C355->c26939f8-4d1f-4fb1-95c4-1aa8f7e5d3f6: receive RaftClientReply:client-B30EC828C355->c26939f8-4d1f-4fb1-95c4-1aa8f7e5d3f6@group-D25BE8053FEA, cid=3360, SUCCESS, logIndex=5062, commits[c26939f8-4d1f-4fb1-95c4-1aa8f7e5d3f6:c5063, c5393538-959b-47cf-9d9c-19dac7bed4ee:c5059, a2e6e0ff-38a8-4bcf-9958-a89ff312531d:c5059]
2019-07-15 13:07:15,998 INFO  client.GrpcClientProtocolClient (GrpcClientProtocolClient.java:onNext(255)) - client-B30EC828C355->c26939f8-4d1f-4fb1-95c4-1aa8f7e5d3f6: receive RaftClientReply:client-B30EC828C355->c26939f8-4d1f-4fb1-95c4-1aa8f7e5d3f6@group-D25BE8053FEA, cid=3361, SUCCESS, logIndex=5063, commits[c26939f8-4d1f-4fb1-95c4-1aa8f7e5d3f6:c5063, c5393538-959b-47cf-9d9c-19dac7bed4ee:c5059, a2e6e0ff-38a8-4bcf-9958-a89ff312531d:c5059]
2019-07-15 13:07:15,999 INFO  client.GrpcClientProtocolClient (GrpcClientProtocolClient.java:onNext(255)) - client-B30EC828C355->c26939f8-4d1f-4fb1-95c4-1aa8f7e5d3f6: receive RaftClientReply:client-B30EC828C355->c26939f8-4d1f-4fb1-95c4-1aa8f7e5d3f6@group-D25BE8053FEA, cid=3362, SUCCESS, logIndex=0, commits[c26939f8-4d1f-4fb1-95c4-1aa8f7e5d3f6:c5066, c5393538-959b-47cf-9d9c-19dac7bed4ee:c5062, a2e6e0ff-38a8-4bcf-9958-a89ff312531d:c5061]
2019-07-15 13:07:16,020 INFO  client.GrpcClientProtocolClient (GrpcClientProtocolClient.java:onNext(255)) - client-B30EC828C355->c26939f8-4d1f-4fb1-95c4-1aa8f7e5d3f6: receive RaftClientReply:client-B30EC828C355->c26939f8-4d1f-4fb1-95c4-1aa8f7e5d3f6@group-D25BE8053FEA, cid=3363, SUCCESS, logIndex=5068, commits[c26939f8-4d1f-4fb1-95c4-1aa8f7e5d3f6:c5069, c5393538-959b-47cf-9d9c-19dac7bed4ee:c5067, a2e6e0ff-38a8-4bcf-9958-a89ff312531d:c5067]
2019-07-15 13:07:16,020 INFO  client.GrpcClientProtocolClient (GrpcClientProtocolClient.java:onNext(255)) - client-B30EC828C355->c26939f8-4d1f-4fb1-95c4-1aa8f7e5d3f6: receive RaftClientReply:client-B30EC828C355->c26939f8-4d1f-4fb1-95c4-1aa8f7e5d3f6@group-D25BE8053FEA, cid=3364, SUCCESS, logIndex=5069, commits[c26939f8-4d1f-4fb1-95c4-1aa8f7e5d3f6:c5069, c5393538-959b-47cf-9d9c-19dac7bed4ee:c5067, a2e6e0ff-38a8-4bcf-9958-a89ff312531d:c5067]
2019-07-15 13:07:16,034 INFO  client.GrpcClientProtocolClient (GrpcClientProtocolClient.java:onNext(255)) - client-B30EC828C355->c26939f8-4d1f-4fb1-95c4-1aa8f7e5d3f6: receive RaftClientReply:client-B30EC828C355->c26939f8-4d1f-4fb1-95c4-1aa8f7e5d3f6@group-D25BE8053FEA, cid=3365, SUCCESS, logIndex=5072, commits[c26939f8-4d1f-4fb1-95c4-1aa8f7e5d3f6:c5073, c5393538-959b-47cf-9d9c-19dac7bed4ee:c5069, a2e6e0ff-38a8-4bcf-9958-a89ff312531d:c5068]
2019-07-15 13:07:16,034 INFO  client.GrpcClientProtocolClient (GrpcClientProtocolClient.java:onNext(255)) - client-B30EC828C355->c26939f8-4d1f-4fb1-95c4-1aa8f7e5d3f6: receive RaftClientReply:client-B30EC828C355->c26939f8-4d1f-4fb1-95c4-1aa8f7e5d3f6@group-D25BE8053FEA, cid=3366, SUCCESS, logIndex=5073, commits[c26939f8-4d1f-4fb1-95c4-1aa8f7e5d3f6:c5073, c5393538-959b-47cf-9d9c-19dac7bed4ee:c5069, a2e6e0ff-38a8-4bcf-9958-a89ff312531d:c5069]
2019-07-15 13:07:16,036 INFO  client.GrpcClientProtocolClient (GrpcClientProtocolClient.java:onNext(255)) - client-B30EC828C355->c26939f8-4d1f-4fb1-95c4-1aa8f7e5d3f6: receive RaftClientReply:client-B30EC828C355->c26939f8-4d1f-4fb1-95c4-1aa8f7e5d3f6@group-D25BE8053FEA, cid=3367, SUCCESS, logIndex=0, commits[c26939f8-4d1f-4fb1-95c4-1aa8f7e5d3f6:c5074, c5393538-959b-47cf-9d9c-19dac7bed4ee:c5073, a2e6e0ff-38a8-4bcf-9958-a89ff312531d:c5073]
2019-07-15 13:07:16,070 INFO  client.GrpcClientProtocolClient (GrpcClientProtocolClient.java:onNext(255)) - client-B30EC828C355->c26939f8-4d1f-4fb1-95c4-1aa8f7e5d3f6: receive RaftClientReply:client-B30EC828C355->c26939f8-4d1f-4fb1-95c4-1aa8f7e5d3f6@group-D25BE8053FEA, cid=3368, SUCCESS, logIndex=5076, commits[c26939f8-4d1f-4fb1-95c4-1aa8f7e5d3f6:c5076, c5393538-959b-47cf-9d9c-19dac7bed4ee:c5075, a2e6e0ff-38a8-4bcf-9958-a89ff312531d:c5075]
2019-07-15 13:07:16,070 INFO  client.GrpcClientProtocolClient (GrpcClientProtocolClient.java:onNext(255)) - client-B30EC828C355->c26939f8-4d1f-4fb1-95c4-1aa8f7e5d3f6: receive RaftClientReply:client-B30EC828C355->c26939f8-4d1f-4fb1-95c4-1aa8f7e5d3f6@group-D25BE8053FEA, cid=3369, SUCCESS, logIndex=5077, commits[c26939f8-4d1f-4fb1-95c4-1aa8f7e5d3f6:c5078, c5393538-959b-47cf-9d9c-19dac7bed4ee:c5075, a2e6e0ff-38a8-4bcf-9958-a89ff312531d:c5075]
2019-07-15 13:07:16,071 INFO  client.GrpcClientProtocolClient (GrpcClientProtocolClient.java:onNext(255)) - client-B30EC828C355->c26939f8-4d1f-4fb1-95c4-1aa8f7e5d3f6: receive RaftClientReply:client-B30EC828C355->c26939f8-4d1f-4fb1-95c4-1aa8f7e5d3f6@group-D25BE8053FEA, cid=3370, SUCCESS, logIndex=5078, commits[c26939f8-4d1f-4fb1-95c4-1aa8f7e5d3f6:c5079, c5393538-959b-47cf-9d9c-19dac7bed4ee:c5075, a2e6e0ff-38a8-4bcf-9958-a89ff312531d:c5075]
2019-07-15 13:07:16,071 INFO  client.GrpcClientProtocolClient (GrpcClientProtocolClient.java:onNext(255)) - client-B30EC828C355->c26939f8-4d1f-4fb1-95c4-1aa8f7e5d3f6: receive RaftClientReply:client-B30EC828C355->c26939f8-4d1f-4fb1-95c4-1aa8f7e5d3f6@group-D25BE8053FEA, cid=3371, SUCCESS, logIndex=5079, commits[c26939f8-4d1f-4fb1-95c4-1aa8f7e5d3f6:c5079, c5393538-959b-47cf-9d9c-19dac7bed4ee:c5075, a2e6e0ff-38a8-4bcf-9958-a89ff312531d:c5075]
2019-07-15 13:07:16,073 INFO  client.GrpcClientProtocolClient (GrpcClientProtocolClient.java:onNext(255)) - client-B30EC828C355->c26939f8-4d1f-4fb1-95c4-1aa8f7e5d3f6: receive RaftClientReply:client-B30EC828C355->c26939f8-4d1f-4fb1-95c4-1aa8f7e5d3f6@group-D25BE8053FEA, cid=3372, SUCCESS, logIndex=0, commits[c26939f8-4d1f-4fb1-95c4-1aa8f7e5d3f6:c5082, c5393538-959b-47cf-9d9c-19dac7bed4ee:c5078, a2e6e0ff-38a8-4bcf-9958-a89ff312531d:c5079]
2019-07-15 13:07:16,093 INFO  client.GrpcClientProtocolClient (GrpcClientProtocolClient.java:onNext(255)) - client-B30EC828C355->c26939f8-4d1f-4fb1-95c4-1aa8f7e5d3f6: receive RaftClientReply:client-B30EC828C355->c26939f8-4d1f-4fb1-95c4-1aa8f7e5d3f6@group-D25BE8053FEA, cid=3373, SUCCESS, logIndex=5083, commits[c26939f8-4d1f-4fb1-95c4-1aa8f7e5d3f6:c5084, c5393538-959b-47cf-9d9c-19dac7bed4ee:c5082, a2e6e0ff-38a8-4bcf-9958-a89ff312531d:c5082]
2019-07-15 13:07:16,094 INFO  client.GrpcClientProtocolClient (GrpcClientProtocolClient.java:onNext(255)) - client-B30EC828C355->c26939f8-4d1f-4fb1-95c4-1aa8f7e5d3f6: receive RaftClientReply:client-B30EC828C355->c26939f8-4d1f-4fb1-95c4-1aa8f7e5d3f6@group-D25BE8053FEA, cid=3374, SUCCESS, logIndex=5084, commits[c26939f8-4d1f-4fb1-95c4-1aa8f7e5d3f6:c5084, c5393538-959b-47cf-9d9c-19dac7bed4ee:c5082, a2e6e0ff-38a8-4bcf-9958-a89ff312531d:c5082]
2019-07-15 13:07:16,107 INFO  client.GrpcClientProtocolClient (GrpcClientProtocolClient.java:onNext(255)) - client-B30EC828C355->c26939f8-4d1f-4fb1-95c4-1aa8f7e5d3f6: receive RaftClientReply:client-B30EC828C355->c26939f8-4d1f-4fb1-95c4-1aa8f7e5d3f6@group-D25BE8053FEA, cid=3375, SUCCESS, logIndex=5087, commits[c26939f8-4d1f-4fb1-95c4-1aa8f7e5d3f6:c5088, c5393538-959b-47cf-9d9c-19dac7bed4ee:c5084, a2e6e0ff-38a8-4bcf-9958-a89ff312531d:c5083]
2019-07-15 13:07:16,108 INFO  client.GrpcClientProtocolClient (GrpcClientProtocolClient.java:onNext(255)) - client-B30EC828C355->c26939f8-4d1f-4fb1-95c4-1aa8f7e5d3f6: receive RaftClientReply:client-B30EC828C355->c26939f8-4d1f-4fb1-95c4-1aa8f7e5d3f6@group-D25BE8053FEA, cid=3376, SUCCESS, logIndex=5088, commits[c26939f8-4d1f-4fb1-95c4-1aa8f7e5d3f6:c5088, c5393538-959b-47cf-9d9c-19dac7bed4ee:c5084, a2e6e0ff-38a8-4bcf-9958-a89ff312531d:c5084]
2019-07-15 13:07:16,120 INFO  client.GrpcClientProtocolClient (GrpcClientProtocolClient.java:onNext(255)) - client-B30EC828C355->c26939f8-4d1f-4fb1-95c4-1aa8f7e5d3f6: receive RaftClientReply:client-B30EC828C355->c26939f8-4d1f-4fb1-95c4-1aa8f7e5d3f6@group-D25BE8053FEA, cid=3377, SUCCESS, logIndex=0, commits[c26939f8-4d1f-4fb1-95c4-1aa8f7e5d3f6:c5090, c5393538-959b-47cf-9d9c-19dac7bed4ee:c5088, a2e6e0ff-38a8-4bcf-9958-a89ff312531d:c5088]
2019-07-15 13:07:16,166 INFO  client.GrpcClientProtocolClient (GrpcClientProtocolClient.java:onNext(255)) - client-B30EC828C355->c26939f8-4d1f-4fb1-95c4-1aa8f7e5d3f6: receive RaftClientReply:client-B30EC828C355->c26939f8-4d1f-4fb1-95c4-1aa8f7e5d3f6@group-D25BE8053FEA, cid=3378, SUCCESS, logIndex=5091, commits[c26939f8-4d1f-4fb1-95c4-1aa8f7e5d3f6:c5092, c5393538-959b-47cf-9d9c-19dac7bed4ee:c5090, a2e6e0ff-38a8-4bcf-9958-a89ff312531d:c5090]
2019-07-15 13:07:16,166 INFO  client.GrpcClientProtocolClient (GrpcClientProtocolClient.java:onNext(255)) - client-B30EC828C355->c26939f8-4d1f-4fb1-95c4-1aa8f7e5d3f6: receive RaftClientReply:client-B30EC828C355->c26939f8-4d1f-4fb1-95c4-1aa8f7e5d3f6@group-D25BE8053FEA, cid=3379, SUCCESS, logIndex=5092, commits[c26939f8-4d1f-4fb1-95c4-1aa8f7e5d3f6:c5092, c5393538-959b-47cf-9d9c-19dac7bed4ee:c5090, a2e6e0ff-38a8-4bcf-9958-a89ff312531d:c5090]
2019-07-15 13:07:16,167 INFO  client.GrpcClientProtocolClient (GrpcClientProtocolClient.java:onNext(255)) - client-B30EC828C355->c26939f8-4d1f-4fb1-95c4-1aa8f7e5d3f6: receive RaftClientReply:client-B30EC828C355->c26939f8-4d1f-4fb1-95c4-1aa8f7e5d3f6@group-D25BE8053FEA, cid=3380, SUCCESS, logIndex=5093, commits[c26939f8-4d1f-4fb1-95c4-1aa8f7e5d3f6:c5094, c5393538-959b-47cf-9d9c-19dac7bed4ee:c5090, a2e6e0ff-38a8-4bcf-9958-a89ff312531d:c5090]
2019-07-15 13:07:16,167 INFO  client.GrpcClientProtocolClient (GrpcClientProtocolClient.java:onNext(255)) - client-B30EC828C355->c26939f8-4d1f-4fb1-95c4-1aa8f7e5d3f6: receive RaftClientReply:client-B30EC828C355->c26939f8-4d1f-4fb1-95c4-1aa8f7e5d3f6@group-D25BE8053FEA, cid=3381, SUCCESS, logIndex=5094, commits[c26939f8-4d1f-4fb1-95c4-1aa8f7e5d3f6:c5094, c5393538-959b-47cf-9d9c-19dac7bed4ee:c5090, a2e6e0ff-38a8-4bcf-9958-a89ff312531d:c5090]
2019-07-15 13:07:16,179 INFO  client.GrpcClientProtocolClient (GrpcClientProtocolClient.java:onNext(255)) - client-B30EC828C355->c26939f8-4d1f-4fb1-95c4-1aa8f7e5d3f6: receive RaftClientReply:client-B30EC828C355->c26939f8-4d1f-4fb1-95c4-1aa8f7e5d3f6@group-D25BE8053FEA, cid=3382, SUCCESS, logIndex=0, commits[c26939f8-4d1f-4fb1-95c4-1aa8f7e5d3f6:c5098, c5393538-959b-47cf-9d9c-19dac7bed4ee:c5092, a2e6e0ff-38a8-4bcf-9958-a89ff312531d:c5094]
2019-07-15 13:07:16,200 INFO  client.GrpcClientProtocolClient (GrpcClientProtocolClient.java:onNext(255)) - client-B30EC828C355->c26939f8-4d1f-4fb1-95c4-1aa8f7e5d3f6: receive RaftClientReply:client-B30EC828C355->c26939f8-4d1f-4fb1-95c4-1aa8f7e5d3f6@group-D25BE8053FEA, cid=3383, SUCCESS, logIndex=5099, commits[c26939f8-4d1f-4fb1-95c4-1aa8f7e5d3f6:c5099, c5393538-959b-47cf-9d9c-19dac7bed4ee:c5098, a2e6e0ff-38a8-4bcf-9958-a89ff312531d:c5098]
2019-07-15 13:07:16,200 INFO  client.GrpcClientProtocolClient (GrpcClientProtocolClient.java:onNext(255)) - client-B30EC828C355->c26939f8-4d1f-4fb1-95c4-1aa8f7e5d3f6: receive RaftClientReply:client-B30EC828C355->c26939f8-4d1f-4fb1-95c4-1aa8f7e5d3f6@group-D25BE8053FEA, cid=3384, SUCCESS, logIndex=5100, commits[c26939f8-4d1f-4fb1-95c4-1aa8f7e5d3f6:c5100, c5393538-959b-47cf-9d9c-19dac7bed4ee:c5098, a2e6e0ff-38a8-4bcf-9958-a89ff312531d:c5098]
2019-07-15 13:07:16,227 INFO  client.GrpcClientProtocolClient (GrpcClientProtocolClient.java:onNext(255)) - client-B30EC828C355->c26939f8-4d1f-4fb1-95c4-1aa8f7e5d3f6: receive RaftClientReply:client-B30EC828C355->c26939f8-4d1f-4fb1-95c4-1aa8f7e5d3f6@group-D25BE8053FEA, cid=3385, SUCCESS, logIndex=5103, commits[c26939f8-4d1f-4fb1-95c4-1aa8f7e5d3f6:c5104, c5393538-959b-47cf-9d9c-19dac7bed4ee:c5100, a2e6e0ff-38a8-4bcf-9958-a89ff312531d:c5100]
2019-07-15 13:07:16,228 INFO  client.GrpcClientProtocolClient (GrpcClientProtocolClient.java:onNext(255)) - client-B30EC828C355->c26939f8-4d1f-4fb1-95c4-1aa8f7e5d3f6: receive RaftClientReply:client-B30EC828C355->c26939f8-4d1f-4fb1-95c4-1aa8f7e5d3f6@group-D25BE8053FEA, cid=3386, SUCCESS, logIndex=5104, commits[c26939f8-4d1f-4fb1-95c4-1aa8f7e5d3f6:c5104, c5393538-959b-47cf-9d9c-19dac7bed4ee:c5100, a2e6e0ff-38a8-4bcf-9958-a89ff312531d:c5100]
2019-07-15 13:07:16,241 INFO  client.GrpcClientProtocolClient (GrpcClientProtocolClient.java:onNext(255)) - client-B30EC828C355->c26939f8-4d1f-4fb1-95c4-1aa8f7e5d3f6: receive RaftClientReply:client-B30EC828C355->c26939f8-4d1f-4fb1-95c4-1aa8f7e5d3f6@group-D25BE8053FEA, cid=3387, SUCCESS, logIndex=0, commits[c26939f8-4d1f-4fb1-95c4-1aa8f7e5d3f6:c5105, c5393538-959b-47cf-9d9c-19dac7bed4ee:c5104, a2e6e0ff-38a8-4bcf-9958-a89ff312531d:c5104]
2019-07-15 13:07:16,280 INFO  client.GrpcClientProtocolClient (GrpcClientProtocolClient.java:onNext(255)) - client-B30EC828C355->c26939f8-4d1f-4fb1-95c4-1aa8f7e5d3f6: receive RaftClientReply:client-B30EC828C355->c26939f8-4d1f-4fb1-95c4-1aa8f7e5d3f6@group-D25BE8053FEA, cid=3388, SUCCESS, logIndex=5107, commits[c26939f8-4d1f-4fb1-95c4-1aa8f7e5d3f6:c5108, c5393538-959b-47cf-9d9c-19dac7bed4ee:c5106, a2e6e0ff-38a8-4bcf-9958-a89ff312531d:c5106]
2019-07-15 13:07:16,280 INFO  client.GrpcClientProtocolClient (GrpcClientProtocolClient.java:onNext(255)) - client-B30EC828C355->c26939f8-4d1f-4fb1-95c4-1aa8f7e5d3f6: receive RaftClientReply:client-B30EC828C355->c26939f8-4d1f-4fb1-95c4-1aa8f7e5d3f6@group-D25BE8053FEA, cid=3389, SUCCESS, logIndex=5108, commits[c26939f8-4d1f-4fb1-95c4-1aa8f7e5d3f6:c5108, c5393538-959b-47cf-9d9c-19dac7bed4ee:c5106, a2e6e0ff-38a8-4bcf-9958-a89ff312531d:c5106]
2019-07-15 13:07:16,290 INFO  client.GrpcClientProtocolClient (GrpcClientProtocolClient.java:onNext(255)) - client-B30EC828C355->c26939f8-4d1f-4fb1-95c4-1aa8f7e5d3f6: receive RaftClientReply:client-B30EC828C355->c26939f8-4d1f-4fb1-95c4-1aa8f7e5d3f6@group-D25BE8053FEA, cid=3390, SUCCESS, logIndex=5109, commits[c26939f8-4d1f-4fb1-95c4-1aa8f7e5d3f6:c5110, c5393538-959b-47cf-9d9c-19dac7bed4ee:c5106, a2e6e0ff-38a8-4bcf-9958-a89ff312531d:c5106]
2019-07-15 13:07:16,291 INFO  client.GrpcClientProtocolClient (GrpcClientProtocolClient.java:onNext(255)) - client-B30EC828C355->c26939f8-4d1f-4fb1-95c4-1aa8f7e5d3f6: receive RaftClientReply:client-B30EC828C355->c26939f8-4d1f-4fb1-95c4-1aa8f7e5d3f6@group-D25BE8053FEA, cid=3391, SUCCESS, logIndex=5110, commits[c26939f8-4d1f-4fb1-95c4-1aa8f7e5d3f6:c5111, c5393538-959b-47cf-9d9c-19dac7bed4ee:c5107, a2e6e0ff-38a8-4bcf-9958-a89ff312531d:c5106]
2019-07-15 13:07:16,294 INFO  client.GrpcClientProtocolClient (GrpcClientProtocolClient.java:onNext(255)) - client-B30EC828C355->c26939f8-4d1f-4fb1-95c4-1aa8f7e5d3f6: receive RaftClientReply:client-B30EC828C355->c26939f8-4d1f-4fb1-95c4-1aa8f7e5d3f6@group-D25BE8053FEA, cid=3392, SUCCESS, logIndex=0, commits[c26939f8-4d1f-4fb1-95c4-1aa8f7e5d3f6:c5113, c5393538-959b-47cf-9d9c-19dac7bed4ee:c5110, a2e6e0ff-38a8-4bcf-9958-a89ff312531d:c5108]
2019-07-15 13:07:16,316 INFO  client.GrpcClientProtocolClient (GrpcClientProtocolClient.java:onNext(255)) - client-B30EC828C355->c26939f8-4d1f-4fb1-95c4-1aa8f7e5d3f6: receive RaftClientReply:client-B30EC828C355->c26939f8-4d1f-4fb1-95c4-1aa8f7e5d3f6@group-D25BE8053FEA, cid=3393, SUCCESS, logIndex=5114, commits[c26939f8-4d1f-4fb1-95c4-1aa8f7e5d3f6:c5115, c5393538-959b-47cf-9d9c-19dac7bed4ee:c5113, a2e6e0ff-38a8-4bcf-9958-a89ff312531d:c5113]
2019-07-15 13:07:16,317 INFO  client.GrpcClientProtocolClient (GrpcClientProtocolClient.java:onNext(255)) - client-B30EC828C355->c26939f8-4d1f-4fb1-95c4-1aa8f7e5d3f6: receive RaftClientReply:client-B30EC828C355->c26939f8-4d1f-4fb1-95c4-1aa8f7e5d3f6@group-D25BE8053FEA, cid=3394, SUCCESS, logIndex=5115, commits[c26939f8-4d1f-4fb1-95c4-1aa8f7e5d3f6:c5115, c5393538-959b-47cf-9d9c-19dac7bed4ee:c5113, a2e6e0ff-38a8-4bcf-9958-a89ff312531d:c5113]
2019-07-15 13:07:16,341 INFO  client.GrpcClientProtocolClient (GrpcClientProtocolClient.java:onNext(255)) - client-B30EC828C355->c26939f8-4d1f-4fb1-95c4-1aa8f7e5d3f6: receive RaftClientReply:client-B30EC828C355->c26939f8-4d1f-4fb1-95c4-1aa8f7e5d3f6@group-D25BE8053FEA, cid=3395, SUCCESS, logIndex=5118, commits[c26939f8-4d1f-4fb1-95c4-1aa8f7e5d3f6:c5119, c5393538-959b-47cf-9d9c-19dac7bed4ee:c5115, a2e6e0ff-38a8-4bcf-9958-a89ff312531d:c5115]
2019-07-15 13:07:16,342 INFO  client.GrpcClientProtocolClient (GrpcClientProtocolClient.java:onNext(255)) - client-B30EC828C355->c26939f8-4d1f-4fb1-95c4-1aa8f7e5d3f6: receive RaftClientReply:client-B30EC828C355->c26939f8-4d1f-4fb1-95c4-1aa8f7e5d3f6@group-D25BE8053FEA, cid=3396, SUCCESS, logIndex=5119, commits[c26939f8-4d1f-4fb1-95c4-1aa8f7e5d3f6:c5119, c5393538-959b-47cf-9d9c-19dac7bed4ee:c5115, a2e6e0ff-38a8-4bcf-9958-a89ff312531d:c5115]
2019-07-15 13:07:16,346 INFO  client.GrpcClientProtocolClient (GrpcClientProtocolClient.java:onNext(255)) - client-B30EC828C355->c26939f8-4d1f-4fb1-95c4-1aa8f7e5d3f6: receive RaftClientReply:client-B30EC828C355->c26939f8-4d1f-4fb1-95c4-1aa8f7e5d3f6@group-D25BE8053FEA, cid=3397, SUCCESS, logIndex=0, commits[c26939f8-4d1f-4fb1-95c4-1aa8f7e5d3f6:c5120, c5393538-959b-47cf-9d9c-19dac7bed4ee:c5119, a2e6e0ff-38a8-4bcf-9958-a89ff312531d:c5119]
2019-07-15 13:07:16,373 INFO  client.GrpcClientProtocolClient (GrpcClientProtocolClient.java:onNext(255)) - client-B30EC828C355->c26939f8-4d1f-4fb1-95c4-1aa8f7e5d3f6: receive RaftClientReply:client-B30EC828C355->c26939f8-4d1f-4fb1-95c4-1aa8f7e5d3f6@group-D25BE8053FEA, cid=3398, SUCCESS, logIndex=5122, commits[c26939f8-4d1f-4fb1-95c4-1aa8f7e5d3f6:c5125, c5393538-959b-47cf-9d9c-19dac7bed4ee:c5119, a2e6e0ff-38a8-4bcf-9958-a89ff312531d:c5121]
2019-07-15 13:07:16,373 INFO  client.GrpcClientProtocolClient (GrpcClientProtocolClient.java:onNext(255)) - client-B30EC828C355->c26939f8-4d1f-4fb1-95c4-1aa8f7e5d3f6: receive RaftClientReply:client-B30EC828C355->c26939f8-4d1f-4fb1-95c4-1aa8f7e5d3f6@group-D25BE8053FEA, cid=3399, SUCCESS, logIndex=5123, commits[c26939f8-4d1f-4fb1-95c4-1aa8f7e5d3f6:c5125, c5393538-959b-47cf-9d9c-19dac7bed4ee:c5121, a2e6e0ff-38a8-4bcf-9958-a89ff312531d:c5121]
2019-07-15 13:07:16,374 INFO  client.GrpcClientProtocolClient (GrpcClientProtocolClient.java:onNext(255)) - client-B30EC828C355->c26939f8-4d1f-4fb1-95c4-1aa8f7e5d3f6: receive RaftClientReply:client-B30EC828C355->c26939f8-4d1f-4fb1-95c4-1aa8f7e5d3f6@group-D25BE8053FEA, cid=3400, SUCCESS, logIndex=5124, commits[c26939f8-4d1f-4fb1-95c4-1aa8f7e5d3f6:c5125, c5393538-959b-47cf-9d9c-19dac7bed4ee:c5121, a2e6e0ff-38a8-4bcf-9958-a89ff312531d:c5121]
2019-07-15 13:07:16,374 INFO  client.GrpcClientProtocolClient (GrpcClientProtocolClient.java:onNext(255)) - client-B30EC828C355->c26939f8-4d1f-4fb1-95c4-1aa8f7e5d3f6: receive RaftClientReply:client-B30EC828C355->c26939f8-4d1f-4fb1-95c4-1aa8f7e5d3f6@group-D25BE8053FEA, cid=3401, SUCCESS, logIndex=5125, commits[c26939f8-4d1f-4fb1-95c4-1aa8f7e5d3f6:c5125, c5393538-959b-47cf-9d9c-19dac7bed4ee:c5121, a2e6e0ff-38a8-4bcf-9958-a89ff312531d:c5121]
2019-07-15 13:07:16,375 INFO  client.GrpcClientProtocolClient (GrpcClientProtocolClient.java:onNext(255)) - client-B30EC828C355->c26939f8-4d1f-4fb1-95c4-1aa8f7e5d3f6: receive RaftClientReply:client-B30EC828C355->c26939f8-4d1f-4fb1-95c4-1aa8f7e5d3f6@group-D25BE8053FEA, cid=3402, SUCCESS, logIndex=0, commits[c26939f8-4d1f-4fb1-95c4-1aa8f7e5d3f6:c5126, c5393538-959b-47cf-9d9c-19dac7bed4ee:c5123, a2e6e0ff-38a8-4bcf-9958-a89ff312531d:c5123]
2019-07-15 13:07:16,398 INFO  client.GrpcClientProtocolClient (GrpcClientProtocolClient.java:onNext(255)) - client-B30EC828C355->c26939f8-4d1f-4fb1-95c4-1aa8f7e5d3f6: receive RaftClientReply:client-B30EC828C355->c26939f8-4d1f-4fb1-95c4-1aa8f7e5d3f6@group-D25BE8053FEA, cid=3403, SUCCESS, logIndex=5129, commits[c26939f8-4d1f-4fb1-95c4-1aa8f7e5d3f6:c5130, c5393538-959b-47cf-9d9c-19dac7bed4ee:c5128, a2e6e0ff-38a8-4bcf-9958-a89ff312531d:c5128]
2019-07-15 13:07:16,398 INFO  client.GrpcClientProtocolClient (GrpcClientProtocolClient.java:onNext(255)) - client-B30EC828C355->c26939f8-4d1f-4fb1-95c4-1aa8f7e5d3f6: receive RaftClientReply:client-B30EC828C355->c26939f8-4d1f-4fb1-95c4-1aa8f7e5d3f6@group-D25BE8053FEA, cid=3404, SUCCESS, logIndex=5130, commits[c26939f8-4d1f-4fb1-95c4-1aa8f7e5d3f6:c5130, c5393538-959b-47cf-9d9c-19dac7bed4ee:c5128, a2e6e0ff-38a8-4bcf-9958-a89ff312531d:c5128]
 0.00% |█                                                                                                    |  0/1 Time: 0:00:302019-07-15 13:07:16,413 INFO  client.GrpcClientProtocolClient (GrpcClientProtocolClient.java:onNext(255)) - client-B30EC828C355->c26939f8-4d1f-4fb1-95c4-1aa8f7e5d3f6: receive RaftClientReply:client-B30EC828C355->c26939f8-4d1f-4fb1-95c4-1aa8f7e5d3f6@group-D25BE8053FEA, cid=3405, SUCCESS, logIndex=5133, commits[c26939f8-4d1f-4fb1-95c4-1aa8f7e5d3f6:c5133, c5393538-959b-47cf-9d9c-19dac7bed4ee:c5130, a2e6e0ff-38a8-4bcf-9958-a89ff312531d:c5130]
2019-07-15 13:07:16,413 INFO  client.GrpcClientProtocolClient (GrpcClientProtocolClient.java:onNext(255)) - client-B30EC828C355->c26939f8-4d1f-4fb1-95c4-1aa8f7e5d3f6: receive RaftClientReply:client-B30EC828C355->c26939f8-4d1f-4fb1-95c4-1aa8f7e5d3f6@group-D25BE8053FEA, cid=3406, SUCCESS, logIndex=5134, commits[c26939f8-4d1f-4fb1-95c4-1aa8f7e5d3f6:c5134, c5393538-959b-47cf-9d9c-19dac7bed4ee:c5130, a2e6e0ff-38a8-4bcf-9958-a89ff312531d:c5130]
2019-07-15 13:07:16,435 INFO  client.GrpcClientProtocolClient (GrpcClientProtocolClient.java:onNext(255)) - client-B30EC828C355->c26939f8-4d1f-4fb1-95c4-1aa8f7e5d3f6: receive RaftClientReply:client-B30EC828C355->c26939f8-4d1f-4fb1-95c4-1aa8f7e5d3f6@group-D25BE8053FEA, cid=3407, SUCCESS, logIndex=0, commits[c26939f8-4d1f-4fb1-95c4-1aa8f7e5d3f6:c5136, c5393538-959b-47cf-9d9c-19dac7bed4ee:c5134, a2e6e0ff-38a8-4bcf-9958-a89ff312531d:c5134]
2019-07-15 13:07:16,468 INFO  client.GrpcClientProtocolClient (GrpcClientProtocolClient.java:onNext(255)) - client-B30EC828C355->c26939f8-4d1f-4fb1-95c4-1aa8f7e5d3f6: receive RaftClientReply:client-B30EC828C355->c26939f8-4d1f-4fb1-95c4-1aa8f7e5d3f6@group-D25BE8053FEA, cid=3408, SUCCESS, logIndex=5137, commits[c26939f8-4d1f-4fb1-95c4-1aa8f7e5d3f6:c5138, c5393538-959b-47cf-9d9c-19dac7bed4ee:c5136, a2e6e0ff-38a8-4bcf-9958-a89ff312531d:c5136]
2019-07-15 13:07:16,469 INFO  client.GrpcClientProtocolClient (GrpcClientProtocolClient.java:onNext(255)) - client-B30EC828C355->c26939f8-4d1f-4fb1-95c4-1aa8f7e5d3f6: receive RaftClientReply:client-B30EC828C355->c26939f8-4d1f-4fb1-95c4-1aa8f7e5d3f6@group-D25BE8053FEA, cid=3409, SUCCESS, logIndex=5138, commits[c26939f8-4d1f-4fb1-95c4-1aa8f7e5d3f6:c5139, c5393538-959b-47cf-9d9c-19dac7bed4ee:c5136, a2e6e0ff-38a8-4bcf-9958-a89ff312531d:c5136]
2019-07-15 13:07:16,469 INFO  client.GrpcClientProtocolClient (GrpcClientProtocolClient.java:onNext(255)) - client-B30EC828C355->c26939f8-4d1f-4fb1-95c4-1aa8f7e5d3f6: receive RaftClientReply:client-B30EC828C355->c26939f8-4d1f-4fb1-95c4-1aa8f7e5d3f6@group-D25BE8053FEA, cid=3410, SUCCESS, logIndex=5139, commits[c26939f8-4d1f-4fb1-95c4-1aa8f7e5d3f6:c5140, c5393538-959b-47cf-9d9c-19dac7bed4ee:c5136, a2e6e0ff-38a8-4bcf-9958-a89ff312531d:c5136]
2019-07-15 13:07:16,469 INFO  client.GrpcClientProtocolClient (GrpcClientProtocolClient.java:onNext(255)) - client-B30EC828C355->c26939f8-4d1f-4fb1-95c4-1aa8f7e5d3f6: receive RaftClientReply:client-B30EC828C355->c26939f8-4d1f-4fb1-95c4-1aa8f7e5d3f6@group-D25BE8053FEA, cid=3411, SUCCESS, logIndex=5140, commits[c26939f8-4d1f-4fb1-95c4-1aa8f7e5d3f6:c5140, c5393538-959b-47cf-9d9c-19dac7bed4ee:c5136, a2e6e0ff-38a8-4bcf-9958-a89ff312531d:c5136]
2019-07-15 13:07:16,480 INFO  client.GrpcClientProtocolClient (GrpcClientProtocolClient.java:onNext(255)) - client-B30EC828C355->c26939f8-4d1f-4fb1-95c4-1aa8f7e5d3f6: receive RaftClientReply:client-B30EC828C355->c26939f8-4d1f-4fb1-95c4-1aa8f7e5d3f6@group-D25BE8053FEA, cid=3412, SUCCESS, logIndex=0, commits[c26939f8-4d1f-4fb1-95c4-1aa8f7e5d3f6:c5142, c5393538-959b-47cf-9d9c-19dac7bed4ee:c5138, a2e6e0ff-38a8-4bcf-9958-a89ff312531d:c5138]
2019-07-15 13:07:16,505 INFO  client.GrpcClientProtocolClient (GrpcClientProtocolClient.java:onNext(255)) - client-B30EC828C355->c26939f8-4d1f-4fb1-95c4-1aa8f7e5d3f6: receive RaftClientReply:client-B30EC828C355->c26939f8-4d1f-4fb1-95c4-1aa8f7e5d3f6@group-D25BE8053FEA, cid=3413, SUCCESS, logIndex=5145, commits[c26939f8-4d1f-4fb1-95c4-1aa8f7e5d3f6:c5146, c5393538-959b-47cf-9d9c-19dac7bed4ee:c5143, a2e6e0ff-38a8-4bcf-9958-a89ff312531d:c5140]
2019-07-15 13:07:16,505 INFO  client.GrpcClientProtocolClient (GrpcClientProtocolClient.java:onNext(255)) - client-B30EC828C355->c26939f8-4d1f-4fb1-95c4-1aa8f7e5d3f6: receive RaftClientReply:client-B30EC828C355->c26939f8-4d1f-4fb1-95c4-1aa8f7e5d3f6@group-D25BE8053FEA, cid=3414, SUCCESS, logIndex=5146, commits[c26939f8-4d1f-4fb1-95c4-1aa8f7e5d3f6:c5146, c5393538-959b-47cf-9d9c-19dac7bed4ee:c5143, a2e6e0ff-38a8-4bcf-9958-a89ff312531d:c5143]
2019-07-15 13:07:16,521 INFO  client.GrpcClientProtocolClient (GrpcClientProtocolClient.java:onNext(255)) - client-B30EC828C355->c26939f8-4d1f-4fb1-95c4-1aa8f7e5d3f6: receive RaftClientReply:client-B30EC828C355->c26939f8-4d1f-4fb1-95c4-1aa8f7e5d3f6@group-D25BE8053FEA, cid=3415, SUCCESS, logIndex=5149, commits[c26939f8-4d1f-4fb1-95c4-1aa8f7e5d3f6:c5150, c5393538-959b-47cf-9d9c-19dac7bed4ee:c5146, a2e6e0ff-38a8-4bcf-9958-a89ff312531d:c5146]
2019-07-15 13:07:16,521 INFO  client.GrpcClientProtocolClient (GrpcClientProtocolClient.java:onNext(255)) - client-B30EC828C355->c26939f8-4d1f-4fb1-95c4-1aa8f7e5d3f6: receive RaftClientReply:client-B30EC828C355->c26939f8-4d1f-4fb1-95c4-1aa8f7e5d3f6@group-D25BE8053FEA, cid=3416, SUCCESS, logIndex=5150, commits[c26939f8-4d1f-4fb1-95c4-1aa8f7e5d3f6:c5150, c5393538-959b-47cf-9d9c-19dac7bed4ee:c5146, a2e6e0ff-38a8-4bcf-9958-a89ff312531d:c5146]
2019-07-15 13:07:16,522 INFO  client.GrpcClientProtocolClient (GrpcClientProtocolClient.java:onNext(255)) - client-B30EC828C355->c26939f8-4d1f-4fb1-95c4-1aa8f7e5d3f6: receive RaftClientReply:client-B30EC828C355->c26939f8-4d1f-4fb1-95c4-1aa8f7e5d3f6@group-D25BE8053FEA, cid=3417, SUCCESS, logIndex=0, commits[c26939f8-4d1f-4fb1-95c4-1aa8f7e5d3f6:c5151, c5393538-959b-47cf-9d9c-19dac7bed4ee:c5150, a2e6e0ff-38a8-4bcf-9958-a89ff312531d:c5150]
2019-07-15 13:07:16,556 INFO  client.GrpcClientProtocolClient (GrpcClientProtocolClient.java:onNext(255)) - client-B30EC828C355->c26939f8-4d1f-4fb1-95c4-1aa8f7e5d3f6: receive RaftClientReply:client-B30EC828C355->c26939f8-4d1f-4fb1-95c4-1aa8f7e5d3f6@group-D25BE8053FEA, cid=3418, SUCCESS, logIndex=5152, commits[c26939f8-4d1f-4fb1-95c4-1aa8f7e5d3f6:c5153, c5393538-959b-47cf-9d9c-19dac7bed4ee:c5151, a2e6e0ff-38a8-4bcf-9958-a89ff312531d:c5151]
2019-07-15 13:07:16,556 INFO  client.GrpcClientProtocolClient (GrpcClientProtocolClient.java:onNext(255)) - client-B30EC828C355->c26939f8-4d1f-4fb1-95c4-1aa8f7e5d3f6: receive RaftClientReply:client-B30EC828C355->c26939f8-4d1f-4fb1-95c4-1aa8f7e5d3f6@group-D25BE8053FEA, cid=3419, SUCCESS, logIndex=5153, commits[c26939f8-4d1f-4fb1-95c4-1aa8f7e5d3f6:c5153, c5393538-959b-47cf-9d9c-19dac7bed4ee:c5151, a2e6e0ff-38a8-4bcf-9958-a89ff312531d:c5151]
2019-07-15 13:07:16,566 INFO  client.GrpcClientProtocolClient (GrpcClientProtocolClient.java:onNext(255)) - client-B30EC828C355->c26939f8-4d1f-4fb1-95c4-1aa8f7e5d3f6: receive RaftClientReply:client-B30EC828C355->c26939f8-4d1f-4fb1-95c4-1aa8f7e5d3f6@group-D25BE8053FEA, cid=3420, SUCCESS, logIndex=5154, commits[c26939f8-4d1f-4fb1-95c4-1aa8f7e5d3f6:c5155, c5393538-959b-47cf-9d9c-19dac7bed4ee:c5151, a2e6e0ff-38a8-4bcf-9958-a89ff312531d:c5151]
2019-07-15 13:07:16,566 INFO  client.GrpcClientProtocolClient (GrpcClientProtocolClient.java:onNext(255)) - client-B30EC828C355->c26939f8-4d1f-4fb1-95c4-1aa8f7e5d3f6: receive RaftClientReply:client-B30EC828C355->c26939f8-4d1f-4fb1-95c4-1aa8f7e5d3f6@group-D25BE8053FEA, cid=3421, SUCCESS, logIndex=5155, commits[c26939f8-4d1f-4fb1-95c4-1aa8f7e5d3f6:c5155, c5393538-959b-47cf-9d9c-19dac7bed4ee:c5151, a2e6e0ff-38a8-4bcf-9958-a89ff312531d:c5151]
2019-07-15 13:07:16,581 INFO  client.GrpcClientProtocolClient (GrpcClientProtocolClient.java:onNext(255)) - client-B30EC828C355->c26939f8-4d1f-4fb1-95c4-1aa8f7e5d3f6: receive RaftClientReply:client-B30EC828C355->c26939f8-4d1f-4fb1-95c4-1aa8f7e5d3f6@group-D25BE8053FEA, cid=3422, SUCCESS, logIndex=0, commits[c26939f8-4d1f-4fb1-95c4-1aa8f7e5d3f6:c5157, c5393538-959b-47cf-9d9c-19dac7bed4ee:c5153, a2e6e0ff-38a8-4bcf-9958-a89ff312531d:c5153]
2019-07-15 13:07:16,602 INFO  client.GrpcClientProtocolClient (GrpcClientProtocolClient.java:onNext(255)) - client-B30EC828C355->c26939f8-4d1f-4fb1-95c4-1aa8f7e5d3f6: receive RaftClientReply:client-B30EC828C355->c26939f8-4d1f-4fb1-95c4-1aa8f7e5d3f6@group-D25BE8053FEA, cid=3423, SUCCESS, logIndex=5160, commits[c26939f8-4d1f-4fb1-95c4-1aa8f7e5d3f6:c5161, c5393538-959b-47cf-9d9c-19dac7bed4ee:c5159, a2e6e0ff-38a8-4bcf-9958-a89ff312531d:c5159]
2019-07-15 13:07:16,603 INFO  client.GrpcClientProtocolClient (GrpcClientProtocolClient.java:onNext(255)) - client-B30EC828C355->c26939f8-4d1f-4fb1-95c4-1aa8f7e5d3f6: receive RaftClientReply:client-B30EC828C355->c26939f8-4d1f-4fb1-95c4-1aa8f7e5d3f6@group-D25BE8053FEA, cid=3424, SUCCESS, logIndex=5161, commits[c26939f8-4d1f-4fb1-95c4-1aa8f7e5d3f6:c5161, c5393538-959b-47cf-9d9c-19dac7bed4ee:c5159, a2e6e0ff-38a8-4bcf-9958-a89ff312531d:c5159]
2019-07-15 13:07:16,630 INFO  client.GrpcClientProtocolClient (GrpcClientProtocolClient.java:onNext(255)) - client-B30EC828C355->c26939f8-4d1f-4fb1-95c4-1aa8f7e5d3f6: receive RaftClientReply:client-B30EC828C355->c26939f8-4d1f-4fb1-95c4-1aa8f7e5d3f6@group-D25BE8053FEA, cid=3425, SUCCESS, logIndex=5164, commits[c26939f8-4d1f-4fb1-95c4-1aa8f7e5d3f6:c5165, c5393538-959b-47cf-9d9c-19dac7bed4ee:c5161, a2e6e0ff-38a8-4bcf-9958-a89ff312531d:c5161]
2019-07-15 13:07:16,630 INFO  client.GrpcClientProtocolClient (GrpcClientProtocolClient.java:onNext(255)) - client-B30EC828C355->c26939f8-4d1f-4fb1-95c4-1aa8f7e5d3f6: receive RaftClientReply:client-B30EC828C355->c26939f8-4d1f-4fb1-95c4-1aa8f7e5d3f6@group-D25BE8053FEA, cid=3426, SUCCESS, logIndex=5165, commits[c26939f8-4d1f-4fb1-95c4-1aa8f7e5d3f6:c5165, c5393538-959b-47cf-9d9c-19dac7bed4ee:c5161, a2e6e0ff-38a8-4bcf-9958-a89ff312531d:c5161]
2019-07-15 13:07:16,654 INFO  client.GrpcClientProtocolClient (GrpcClientProtocolClient.java:onNext(255)) - client-B30EC828C355->c26939f8-4d1f-4fb1-95c4-1aa8f7e5d3f6: receive RaftClientReply:client-B30EC828C355->c26939f8-4d1f-4fb1-95c4-1aa8f7e5d3f6@group-D25BE8053FEA, cid=3427, SUCCESS, logIndex=0, commits[c26939f8-4d1f-4fb1-95c4-1aa8f7e5d3f6:c5166, c5393538-959b-47cf-9d9c-19dac7bed4ee:c5165, a2e6e0ff-38a8-4bcf-9958-a89ff312531d:c5165]
2019-07-15 13:07:16,819 INFO  client.GrpcClientProtocolClient (GrpcClientProtocolClient.java:onNext(255)) - client-B30EC828C355->c26939f8-4d1f-4fb1-95c4-1aa8f7e5d3f6: receive RaftClientReply:client-B30EC828C355->c26939f8-4d1f-4fb1-95c4-1aa8f7e5d3f6@group-D25BE8053FEA, cid=3428, SUCCESS, logIndex=5168, commits[c26939f8-4d1f-4fb1-95c4-1aa8f7e5d3f6:c5168, c5393538-959b-47cf-9d9c-19dac7bed4ee:c5167, a2e6e0ff-38a8-4bcf-9958-a89ff312531d:c5167]
2019-07-15 13:07:16,820 INFO  client.GrpcClientProtocolClient (GrpcClientProtocolClient.java:onNext(255)) - client-B30EC828C355->c26939f8-4d1f-4fb1-95c4-1aa8f7e5d3f6: receive RaftClientReply:client-B30EC828C355->c26939f8-4d1f-4fb1-95c4-1aa8f7e5d3f6@group-D25BE8053FEA, cid=3429, SUCCESS, logIndex=5169, commits[c26939f8-4d1f-4fb1-95c4-1aa8f7e5d3f6:c5171, c5393538-959b-47cf-9d9c-19dac7bed4ee:c5167, a2e6e0ff-38a8-4bcf-9958-a89ff312531d:c5167]
2019-07-15 13:07:16,821 INFO  client.GrpcClientProtocolClient (GrpcClientProtocolClient.java:onNext(255)) - client-B30EC828C355->c26939f8-4d1f-4fb1-95c4-1aa8f7e5d3f6: receive RaftClientReply:client-B30EC828C355->c26939f8-4d1f-4fb1-95c4-1aa8f7e5d3f6@group-D25BE8053FEA, cid=3430, SUCCESS, logIndex=5170, commits[c26939f8-4d1f-4fb1-95c4-1aa8f7e5d3f6:c5171, c5393538-959b-47cf-9d9c-19dac7bed4ee:c5167, a2e6e0ff-38a8-4bcf-9958-a89ff312531d:c5167]
2019-07-15 13:07:16,821 INFO  client.GrpcClientProtocolClient (GrpcClientProtocolClient.java:onNext(255)) - client-B30EC828C355->c26939f8-4d1f-4fb1-95c4-1aa8f7e5d3f6: receive RaftClientReply:client-B30EC828C355->c26939f8-4d1f-4fb1-95c4-1aa8f7e5d3f6@group-D25BE8053FEA, cid=3431, SUCCESS, logIndex=5171, commits[c26939f8-4d1f-4fb1-95c4-1aa8f7e5d3f6:c5171, c5393538-959b-47cf-9d9c-19dac7bed4ee:c5167, a2e6e0ff-38a8-4bcf-9958-a89ff312531d:c5167]
2019-07-15 13:07:16,834 INFO  client.GrpcClientProtocolClient (GrpcClientProtocolClient.java:onNext(255)) - client-B30EC828C355->c26939f8-4d1f-4fb1-95c4-1aa8f7e5d3f6: receive RaftClientReply:client-B30EC828C355->c26939f8-4d1f-4fb1-95c4-1aa8f7e5d3f6@group-D25BE8053FEA, cid=3432, SUCCESS, logIndex=0, commits[c26939f8-4d1f-4fb1-95c4-1aa8f7e5d3f6:c5173, c5393538-959b-47cf-9d9c-19dac7bed4ee:c5171, a2e6e0ff-38a8-4bcf-9958-a89ff312531d:c5171]
2019-07-15 13:07:16,855 INFO  client.GrpcClientProtocolClient (GrpcClientProtocolClient.java:onNext(255)) - client-B30EC828C355->c26939f8-4d1f-4fb1-95c4-1aa8f7e5d3f6: receive RaftClientReply:client-B30EC828C355->c26939f8-4d1f-4fb1-95c4-1aa8f7e5d3f6@group-D25BE8053FEA, cid=3433, SUCCESS, logIndex=5174, commits[c26939f8-4d1f-4fb1-95c4-1aa8f7e5d3f6:c5175, c5393538-959b-47cf-9d9c-19dac7bed4ee:c5173, a2e6e0ff-38a8-4bcf-9958-a89ff312531d:c5173]
2019-07-15 13:07:16,856 INFO  client.GrpcClientProtocolClient (GrpcClientProtocolClient.java:onNext(255)) - client-B30EC828C355->c26939f8-4d1f-4fb1-95c4-1aa8f7e5d3f6: receive RaftClientReply:client-B30EC828C355->c26939f8-4d1f-4fb1-95c4-1aa8f7e5d3f6@group-D25BE8053FEA, cid=3434, SUCCESS, logIndex=5175, commits[c26939f8-4d1f-4fb1-95c4-1aa8f7e5d3f6:c5175, c5393538-959b-47cf-9d9c-19dac7bed4ee:c5173, a2e6e0ff-38a8-4bcf-9958-a89ff312531d:c5173]
2019-07-15 13:07:16,870 INFO  client.GrpcClientProtocolClient (GrpcClientProtocolClient.java:onNext(255)) - client-B30EC828C355->c26939f8-4d1f-4fb1-95c4-1aa8f7e5d3f6: receive RaftClientReply:client-B30EC828C355->c26939f8-4d1f-4fb1-95c4-1aa8f7e5d3f6@group-D25BE8053FEA, cid=3435, SUCCESS, logIndex=5178, commits[c26939f8-4d1f-4fb1-95c4-1aa8f7e5d3f6:c5178, c5393538-959b-47cf-9d9c-19dac7bed4ee:c5175, a2e6e0ff-38a8-4bcf-9958-a89ff312531d:c5175]
2019-07-15 13:07:16,871 INFO  client.GrpcClientProtocolClient (GrpcClientProtocolClient.java:onNext(255)) - client-B30EC828C355->c26939f8-4d1f-4fb1-95c4-1aa8f7e5d3f6: receive RaftClientReply:client-B30EC828C355->c26939f8-4d1f-4fb1-95c4-1aa8f7e5d3f6@group-D25BE8053FEA, cid=3436, SUCCESS, logIndex=5179, commits[c26939f8-4d1f-4fb1-95c4-1aa8f7e5d3f6:c5179, c5393538-959b-47cf-9d9c-19dac7bed4ee:c5175, a2e6e0ff-38a8-4bcf-9958-a89ff312531d:c5175]
2019-07-15 13:07:16,896 INFO  client.GrpcClientProtocolClient (GrpcClientProtocolClient.java:onNext(255)) - client-B30EC828C355->c26939f8-4d1f-4fb1-95c4-1aa8f7e5d3f6: receive RaftClientReply:client-B30EC828C355->c26939f8-4d1f-4fb1-95c4-1aa8f7e5d3f6@group-D25BE8053FEA, cid=3437, SUCCESS, logIndex=0, commits[c26939f8-4d1f-4fb1-95c4-1aa8f7e5d3f6:c5181, c5393538-959b-47cf-9d9c-19dac7bed4ee:c5179, a2e6e0ff-38a8-4bcf-9958-a89ff312531d:c5179]
2019-07-15 13:07:16,923 INFO  client.GrpcClientProtocolClient (GrpcClientProtocolClient.java:onNext(255)) - client-B30EC828C355->c26939f8-4d1f-4fb1-95c4-1aa8f7e5d3f6: receive RaftClientReply:client-B30EC828C355->c26939f8-4d1f-4fb1-95c4-1aa8f7e5d3f6@group-D25BE8053FEA, cid=3438, SUCCESS, logIndex=5182, commits[c26939f8-4d1f-4fb1-95c4-1aa8f7e5d3f6:c5185, c5393538-959b-47cf-9d9c-19dac7bed4ee:c5181, a2e6e0ff-38a8-4bcf-9958-a89ff312531d:c5179]
2019-07-15 13:07:16,923 INFO  client.GrpcClientProtocolClient (GrpcClientProtocolClient.java:onNext(255)) - client-B30EC828C355->c26939f8-4d1f-4fb1-95c4-1aa8f7e5d3f6: receive RaftClientReply:client-B30EC828C355->c26939f8-4d1f-4fb1-95c4-1aa8f7e5d3f6@group-D25BE8053FEA, cid=3439, SUCCESS, logIndex=5183, commits[c26939f8-4d1f-4fb1-95c4-1aa8f7e5d3f6:c5185, c5393538-959b-47cf-9d9c-19dac7bed4ee:c5181, a2e6e0ff-38a8-4bcf-9958-a89ff312531d:c5181]
2019-07-15 13:07:16,924 INFO  client.GrpcClientProtocolClient (GrpcClientProtocolClient.java:onNext(255)) - client-B30EC828C355->c26939f8-4d1f-4fb1-95c4-1aa8f7e5d3f6: receive RaftClientReply:client-B30EC828C355->c26939f8-4d1f-4fb1-95c4-1aa8f7e5d3f6@group-D25BE8053FEA, cid=3440, SUCCESS, logIndex=5184, commits[c26939f8-4d1f-4fb1-95c4-1aa8f7e5d3f6:c5185, c5393538-959b-47cf-9d9c-19dac7bed4ee:c5181, a2e6e0ff-38a8-4bcf-9958-a89ff312531d:c5181]
2019-07-15 13:07:16,924 INFO  client.GrpcClientProtocolClient (GrpcClientProtocolClient.java:onNext(255)) - client-B30EC828C355->c26939f8-4d1f-4fb1-95c4-1aa8f7e5d3f6: receive RaftClientReply:client-B30EC828C355->c26939f8-4d1f-4fb1-95c4-1aa8f7e5d3f6@group-D25BE8053FEA, cid=3441, SUCCESS, logIndex=5185, commits[c26939f8-4d1f-4fb1-95c4-1aa8f7e5d3f6:c5185, c5393538-959b-47cf-9d9c-19dac7bed4ee:c5181, a2e6e0ff-38a8-4bcf-9958-a89ff312531d:c5181]
2019-07-15 13:07:16,945 INFO  client.GrpcClientProtocolClient (GrpcClientProtocolClient.java:onNext(255)) - client-B30EC828C355->c26939f8-4d1f-4fb1-95c4-1aa8f7e5d3f6: receive RaftClientReply:client-B30EC828C355->c26939f8-4d1f-4fb1-95c4-1aa8f7e5d3f6@group-D25BE8053FEA, cid=3442, SUCCESS, logIndex=0, commits[c26939f8-4d1f-4fb1-95c4-1aa8f7e5d3f6:c5189, c5393538-959b-47cf-9d9c-19dac7bed4ee:c5183, a2e6e0ff-38a8-4bcf-9958-a89ff312531d:c5185]
2019-07-15 13:07:16,959 INFO  client.GrpcClientProtocolClient (GrpcClientProtocolClient.java:onNext(255)) - client-B30EC828C355->c26939f8-4d1f-4fb1-95c4-1aa8f7e5d3f6: receive RaftClientReply:client-B30EC828C355->c26939f8-4d1f-4fb1-95c4-1aa8f7e5d3f6@group-D25BE8053FEA, cid=3443, SUCCESS, logIndex=5190, commits[c26939f8-4d1f-4fb1-95c4-1aa8f7e5d3f6:c5191, c5393538-959b-47cf-9d9c-19dac7bed4ee:c5185, a2e6e0ff-38a8-4bcf-9958-a89ff312531d:c5189]
2019-07-15 13:07:16,959 INFO  client.GrpcClientProtocolClient (GrpcClientProtocolClient.java:onNext(255)) - client-B30EC828C355->c26939f8-4d1f-4fb1-95c4-1aa8f7e5d3f6: receive RaftClientReply:client-B30EC828C355->c26939f8-4d1f-4fb1-95c4-1aa8f7e5d3f6@group-D25BE8053FEA, cid=3444, SUCCESS, logIndex=5191, commits[c26939f8-4d1f-4fb1-95c4-1aa8f7e5d3f6:c5191, c5393538-959b-47cf-9d9c-19dac7bed4ee:c5189, a2e6e0ff-38a8-4bcf-9958-a89ff312531d:c5189]
2019-07-15 13:07:16,974 INFO  client.GrpcClientProtocolClient (GrpcClientProtocolClient.java:onNext(255)) - client-B30EC828C355->c26939f8-4d1f-4fb1-95c4-1aa8f7e5d3f6: receive RaftClientReply:client-B30EC828C355->c26939f8-4d1f-4fb1-95c4-1aa8f7e5d3f6@group-D25BE8053FEA, cid=3445, SUCCESS, logIndex=5194, commits[c26939f8-4d1f-4fb1-95c4-1aa8f7e5d3f6:c5195, c5393538-959b-47cf-9d9c-19dac7bed4ee:c5192, a2e6e0ff-38a8-4bcf-9958-a89ff312531d:c5192]
2019-07-15 13:07:16,974 INFO  client.GrpcClientProtocolClient (GrpcClientProtocolClient.java:onNext(255)) - client-B30EC828C355->c26939f8-4d1f-4fb1-95c4-1aa8f7e5d3f6: receive RaftClientReply:client-B30EC828C355->c26939f8-4d1f-4fb1-95c4-1aa8f7e5d3f6@group-D25BE8053FEA, cid=3446, SUCCESS, logIndex=5195, commits[c26939f8-4d1f-4fb1-95c4-1aa8f7e5d3f6:c5195, c5393538-959b-47cf-9d9c-19dac7bed4ee:c5192, a2e6e0ff-38a8-4bcf-9958-a89ff312531d:c5192]
2019-07-15 13:07:16,977 INFO  client.GrpcClientProtocolClient (GrpcClientProtocolClient.java:onNext(255)) - client-B30EC828C355->c26939f8-4d1f-4fb1-95c4-1aa8f7e5d3f6: receive RaftClientReply:client-B30EC828C355->c26939f8-4d1f-4fb1-95c4-1aa8f7e5d3f6@group-D25BE8053FEA, cid=3447, SUCCESS, logIndex=0, commits[c26939f8-4d1f-4fb1-95c4-1aa8f7e5d3f6:c5196, c5393538-959b-47cf-9d9c-19dac7bed4ee:c5195, a2e6e0ff-38a8-4bcf-9958-a89ff312531d:c5195]
2019-07-15 13:07:17,007 INFO  client.GrpcClientProtocolClient (GrpcClientProtocolClient.java:onNext(255)) - client-B30EC828C355->c26939f8-4d1f-4fb1-95c4-1aa8f7e5d3f6: receive RaftClientReply:client-B30EC828C355->c26939f8-4d1f-4fb1-95c4-1aa8f7e5d3f6@group-D25BE8053FEA, cid=3448, SUCCESS, logIndex=5198, commits[c26939f8-4d1f-4fb1-95c4-1aa8f7e5d3f6:c5199, c5393538-959b-47cf-9d9c-19dac7bed4ee:c5197, a2e6e0ff-38a8-4bcf-9958-a89ff312531d:c5197]
2019-07-15 13:07:17,008 INFO  client.GrpcClientProtocolClient (GrpcClientProtocolClient.java:onNext(255)) - client-B30EC828C355->c26939f8-4d1f-4fb1-95c4-1aa8f7e5d3f6: receive RaftClientReply:client-B30EC828C355->c26939f8-4d1f-4fb1-95c4-1aa8f7e5d3f6@group-D25BE8053FEA, cid=3449, SUCCESS, logIndex=5199, commits[c26939f8-4d1f-4fb1-95c4-1aa8f7e5d3f6:c5199, c5393538-959b-47cf-9d9c-19dac7bed4ee:c5197, a2e6e0ff-38a8-4bcf-9958-a89ff312531d:c5197]
2019-07-15 13:07:17,019 INFO  client.GrpcClientProtocolClient (GrpcClientProtocolClient.java:onNext(255)) - client-B30EC828C355->c26939f8-4d1f-4fb1-95c4-1aa8f7e5d3f6: receive RaftClientReply:client-B30EC828C355->c26939f8-4d1f-4fb1-95c4-1aa8f7e5d3f6@group-D25BE8053FEA, cid=3450, SUCCESS, logIndex=5200, commits[c26939f8-4d1f-4fb1-95c4-1aa8f7e5d3f6:c5201, c5393538-959b-47cf-9d9c-19dac7bed4ee:c5197, a2e6e0ff-38a8-4bcf-9958-a89ff312531d:c5197]
2019-07-15 13:07:17,019 INFO  client.GrpcClientProtocolClient (GrpcClientProtocolClient.java:onNext(255)) - client-B30EC828C355->c26939f8-4d1f-4fb1-95c4-1aa8f7e5d3f6: receive RaftClientReply:client-B30EC828C355->c26939f8-4d1f-4fb1-95c4-1aa8f7e5d3f6@group-D25BE8053FEA, cid=3451, SUCCESS, logIndex=5201, commits[c26939f8-4d1f-4fb1-95c4-1aa8f7e5d3f6:c5201, c5393538-959b-47cf-9d9c-19dac7bed4ee:c5197, a2e6e0ff-38a8-4bcf-9958-a89ff312531d:c5197]
2019-07-15 13:07:17,032 INFO  client.GrpcClientProtocolClient (GrpcClientProtocolClient.java:onNext(255)) - client-B30EC828C355->c26939f8-4d1f-4fb1-95c4-1aa8f7e5d3f6: receive RaftClientReply:client-B30EC828C355->c26939f8-4d1f-4fb1-95c4-1aa8f7e5d3f6@group-D25BE8053FEA, cid=3452, SUCCESS, logIndex=0, commits[c26939f8-4d1f-4fb1-95c4-1aa8f7e5d3f6:c5203, c5393538-959b-47cf-9d9c-19dac7bed4ee:c5199, a2e6e0ff-38a8-4bcf-9958-a89ff312531d:c5199]
2019-07-15 13:07:17,047 INFO  client.GrpcClientProtocolClient (GrpcClientProtocolClient.java:onNext(255)) - client-B30EC828C355->c26939f8-4d1f-4fb1-95c4-1aa8f7e5d3f6: receive RaftClientReply:client-B30EC828C355->c26939f8-4d1f-4fb1-95c4-1aa8f7e5d3f6@group-D25BE8053FEA, cid=3453, SUCCESS, logIndex=5206, commits[c26939f8-4d1f-4fb1-95c4-1aa8f7e5d3f6:c5207, c5393538-959b-47cf-9d9c-19dac7bed4ee:c5204, a2e6e0ff-38a8-4bcf-9958-a89ff312531d:c5201]
2019-07-15 13:07:17,047 INFO  client.GrpcClientProtocolClient (GrpcClientProtocolClient.java:onNext(255)) - client-B30EC828C355->c26939f8-4d1f-4fb1-95c4-1aa8f7e5d3f6: receive RaftClientReply:client-B30EC828C355->c26939f8-4d1f-4fb1-95c4-1aa8f7e5d3f6@group-D25BE8053FEA, cid=3454, SUCCESS, logIndex=5207, commits[c26939f8-4d1f-4fb1-95c4-1aa8f7e5d3f6:c5207, c5393538-959b-47cf-9d9c-19dac7bed4ee:c5204, a2e6e0ff-38a8-4bcf-9958-a89ff312531d:c5204]
2019-07-15 13:07:17,065 INFO  client.GrpcClientProtocolClient (GrpcClientProtocolClient.java:onNext(255)) - client-B30EC828C355->c26939f8-4d1f-4fb1-95c4-1aa8f7e5d3f6: receive RaftClientReply:client-B30EC828C355->c26939f8-4d1f-4fb1-95c4-1aa8f7e5d3f6@group-D25BE8053FEA, cid=3455, SUCCESS, logIndex=5209, commits[c26939f8-4d1f-4fb1-95c4-1aa8f7e5d3f6:c5210, c5393538-959b-47cf-9d9c-19dac7bed4ee:c5208, a2e6e0ff-38a8-4bcf-9958-a89ff312531d:c5208]
2019-07-15 13:07:17,066 INFO  client.GrpcClientProtocolClient (GrpcClientProtocolClient.java:onNext(255)) - client-B30EC828C355->c26939f8-4d1f-4fb1-95c4-1aa8f7e5d3f6: receive RaftClientReply:client-B30EC828C355->c26939f8-4d1f-4fb1-95c4-1aa8f7e5d3f6@group-D25BE8053FEA, cid=3456, SUCCESS, logIndex=5210, commits[c26939f8-4d1f-4fb1-95c4-1aa8f7e5d3f6:c5210, c5393538-959b-47cf-9d9c-19dac7bed4ee:c5208, a2e6e0ff-38a8-4bcf-9958-a89ff312531d:c5208]
2019-07-15 13:07:17,092 INFO  client.GrpcClientProtocolClient (GrpcClientProtocolClient.java:onNext(255)) - client-B30EC828C355->c26939f8-4d1f-4fb1-95c4-1aa8f7e5d3f6: receive RaftClientReply:client-B30EC828C355->c26939f8-4d1f-4fb1-95c4-1aa8f7e5d3f6@group-D25BE8053FEA, cid=3457, SUCCESS, logIndex=0, commits[c26939f8-4d1f-4fb1-95c4-1aa8f7e5d3f6:c5212, c5393538-959b-47cf-9d9c-19dac7bed4ee:c5210, a2e6e0ff-38a8-4bcf-9958-a89ff312531d:c5210]
2019-07-15 13:07:17,136 INFO  client.GrpcClientProtocolClient (GrpcClientProtocolClient.java:onNext(255)) - client-B30EC828C355->c26939f8-4d1f-4fb1-95c4-1aa8f7e5d3f6: receive RaftClientReply:client-B30EC828C355->c26939f8-4d1f-4fb1-95c4-1aa8f7e5d3f6@group-D25BE8053FEA, cid=3458, SUCCESS, logIndex=5213, commits[c26939f8-4d1f-4fb1-95c4-1aa8f7e5d3f6:c5216, c5393538-959b-47cf-9d9c-19dac7bed4ee:c5212, a2e6e0ff-38a8-4bcf-9958-a89ff312531d:c5212]
2019-07-15 13:07:17,137 INFO  client.GrpcClientProtocolClient (GrpcClientProtocolClient.java:onNext(255)) - client-B30EC828C355->c26939f8-4d1f-4fb1-95c4-1aa8f7e5d3f6: receive RaftClientReply:client-B30EC828C355->c26939f8-4d1f-4fb1-95c4-1aa8f7e5d3f6@group-D25BE8053FEA, cid=3459, SUCCESS, logIndex=5214, commits[c26939f8-4d1f-4fb1-95c4-1aa8f7e5d3f6:c5216, c5393538-959b-47cf-9d9c-19dac7bed4ee:c5212, a2e6e0ff-38a8-4bcf-9958-a89ff312531d:c5212]
2019-07-15 13:07:17,138 INFO  client.GrpcClientProtocolClient (GrpcClientProtocolClient.java:onNext(255)) - client-B30EC828C355->c26939f8-4d1f-4fb1-95c4-1aa8f7e5d3f6: receive RaftClientReply:client-B30EC828C355->c26939f8-4d1f-4fb1-95c4-1aa8f7e5d3f6@group-D25BE8053FEA, cid=3460, SUCCESS, logIndex=5215, commits[c26939f8-4d1f-4fb1-95c4-1aa8f7e5d3f6:c5216, c5393538-959b-47cf-9d9c-19dac7bed4ee:c5212, a2e6e0ff-38a8-4bcf-9958-a89ff312531d:c5212]
2019-07-15 13:07:17,138 INFO  client.GrpcClientProtocolClient (GrpcClientProtocolClient.java:onNext(255)) - client-B30EC828C355->c26939f8-4d1f-4fb1-95c4-1aa8f7e5d3f6: receive RaftClientReply:client-B30EC828C355->c26939f8-4d1f-4fb1-95c4-1aa8f7e5d3f6@group-D25BE8053FEA, cid=3461, SUCCESS, logIndex=5216, commits[c26939f8-4d1f-4fb1-95c4-1aa8f7e5d3f6:c5216, c5393538-959b-47cf-9d9c-19dac7bed4ee:c5212, a2e6e0ff-38a8-4bcf-9958-a89ff312531d:c5212]
2019-07-15 13:07:17,168 INFO  client.GrpcClientProtocolClient (GrpcClientProtocolClient.java:onNext(255)) - client-B30EC828C355->c26939f8-4d1f-4fb1-95c4-1aa8f7e5d3f6: receive RaftClientReply:client-B30EC828C355->c26939f8-4d1f-4fb1-95c4-1aa8f7e5d3f6@group-D25BE8053FEA, cid=3462, SUCCESS, logIndex=0, commits[c26939f8-4d1f-4fb1-95c4-1aa8f7e5d3f6:c5219, c5393538-959b-47cf-9d9c-19dac7bed4ee:c5215, a2e6e0ff-38a8-4bcf-9958-a89ff312531d:c5216]
2019-07-15 13:07:17,188 INFO  client.GrpcClientProtocolClient (GrpcClientProtocolClient.java:onNext(255)) - client-B30EC828C355->c26939f8-4d1f-4fb1-95c4-1aa8f7e5d3f6: receive RaftClientReply:client-B30EC828C355->c26939f8-4d1f-4fb1-95c4-1aa8f7e5d3f6@group-D25BE8053FEA, cid=3463, SUCCESS, logIndex=5220, commits[c26939f8-4d1f-4fb1-95c4-1aa8f7e5d3f6:c5220, c5393538-959b-47cf-9d9c-19dac7bed4ee:c5219, a2e6e0ff-38a8-4bcf-9958-a89ff312531d:c5219]
2019-07-15 13:07:17,188 INFO  client.GrpcClientProtocolClient (GrpcClientProtocolClient.java:onNext(255)) - client-B30EC828C355->c26939f8-4d1f-4fb1-95c4-1aa8f7e5d3f6: receive RaftClientReply:client-B30EC828C355->c26939f8-4d1f-4fb1-95c4-1aa8f7e5d3f6@group-D25BE8053FEA, cid=3464, SUCCESS, logIndex=5221, commits[c26939f8-4d1f-4fb1-95c4-1aa8f7e5d3f6:c5221, c5393538-959b-47cf-9d9c-19dac7bed4ee:c5219, a2e6e0ff-38a8-4bcf-9958-a89ff312531d:c5219]
2019-07-15 13:07:17,203 INFO  client.GrpcClientProtocolClient (GrpcClientProtocolClient.java:onNext(255)) - client-B30EC828C355->c26939f8-4d1f-4fb1-95c4-1aa8f7e5d3f6: receive RaftClientReply:client-B30EC828C355->c26939f8-4d1f-4fb1-95c4-1aa8f7e5d3f6@group-D25BE8053FEA, cid=3465, SUCCESS, logIndex=5224, commits[c26939f8-4d1f-4fb1-95c4-1aa8f7e5d3f6:c5225, c5393538-959b-47cf-9d9c-19dac7bed4ee:c5221, a2e6e0ff-38a8-4bcf-9958-a89ff312531d:c5221]
2019-07-15 13:07:17,204 INFO  client.GrpcClientProtocolClient (GrpcClientProtocolClient.java:onNext(255)) - client-B30EC828C355->c26939f8-4d1f-4fb1-95c4-1aa8f7e5d3f6: receive RaftClientReply:client-B30EC828C355->c26939f8-4d1f-4fb1-95c4-1aa8f7e5d3f6@group-D25BE8053FEA, cid=3466, SUCCESS, logIndex=5225, commits[c26939f8-4d1f-4fb1-95c4-1aa8f7e5d3f6:c5225, c5393538-959b-47cf-9d9c-19dac7bed4ee:c5221, a2e6e0ff-38a8-4bcf-9958-a89ff312531d:c5221]
2019-07-15 13:07:17,228 INFO  client.GrpcClientProtocolClient (GrpcClientProtocolClient.java:onNext(255)) - client-B30EC828C355->c26939f8-4d1f-4fb1-95c4-1aa8f7e5d3f6: receive RaftClientReply:client-B30EC828C355->c26939f8-4d1f-4fb1-95c4-1aa8f7e5d3f6@group-D25BE8053FEA, cid=3467, SUCCESS, logIndex=0, commits[c26939f8-4d1f-4fb1-95c4-1aa8f7e5d3f6:c5227, c5393538-959b-47cf-9d9c-19dac7bed4ee:c5225, a2e6e0ff-38a8-4bcf-9958-a89ff312531d:c5225]
2019-07-15 13:07:17,266 INFO  client.GrpcClientProtocolClient (GrpcClientProtocolClient.java:onNext(255)) - client-B30EC828C355->c26939f8-4d1f-4fb1-95c4-1aa8f7e5d3f6: receive RaftClientReply:client-B30EC828C355->c26939f8-4d1f-4fb1-95c4-1aa8f7e5d3f6@group-D25BE8053FEA, cid=3468, SUCCESS, logIndex=5228, commits[c26939f8-4d1f-4fb1-95c4-1aa8f7e5d3f6:c5229, c5393538-959b-47cf-9d9c-19dac7bed4ee:c5227, a2e6e0ff-38a8-4bcf-9958-a89ff312531d:c5227]
2019-07-15 13:07:17,267 INFO  client.GrpcClientProtocolClient (GrpcClientProtocolClient.java:onNext(255)) - client-B30EC828C355->c26939f8-4d1f-4fb1-95c4-1aa8f7e5d3f6: receive RaftClientReply:client-B30EC828C355->c26939f8-4d1f-4fb1-95c4-1aa8f7e5d3f6@group-D25BE8053FEA, cid=3469, SUCCESS, logIndex=5229, commits[c26939f8-4d1f-4fb1-95c4-1aa8f7e5d3f6:c5229, c5393538-959b-47cf-9d9c-19dac7bed4ee:c5227, a2e6e0ff-38a8-4bcf-9958-a89ff312531d:c5227]
2019-07-15 13:07:17,278 INFO  client.GrpcClientProtocolClient (GrpcClientProtocolClient.java:onNext(255)) - client-B30EC828C355->c26939f8-4d1f-4fb1-95c4-1aa8f7e5d3f6: receive RaftClientReply:client-B30EC828C355->c26939f8-4d1f-4fb1-95c4-1aa8f7e5d3f6@group-D25BE8053FEA, cid=3470, SUCCESS, logIndex=5230, commits[c26939f8-4d1f-4fb1-95c4-1aa8f7e5d3f6:c5231, c5393538-959b-47cf-9d9c-19dac7bed4ee:c5227, a2e6e0ff-38a8-4bcf-9958-a89ff312531d:c5227]
2019-07-15 13:07:17,279 INFO  client.GrpcClientProtocolClient (GrpcClientProtocolClient.java:onNext(255)) - client-B30EC828C355->c26939f8-4d1f-4fb1-95c4-1aa8f7e5d3f6: receive RaftClientReply:client-B30EC828C355->c26939f8-4d1f-4fb1-95c4-1aa8f7e5d3f6@group-D25BE8053FEA, cid=3471, SUCCESS, logIndex=5231, commits[c26939f8-4d1f-4fb1-95c4-1aa8f7e5d3f6:c5231, c5393538-959b-47cf-9d9c-19dac7bed4ee:c5227, a2e6e0ff-38a8-4bcf-9958-a89ff312531d:c5228]
2019-07-15 13:07:17,282 INFO  client.GrpcClientProtocolClient (GrpcClientProtocolClient.java:onNext(255)) - client-B30EC828C355->c26939f8-4d1f-4fb1-95c4-1aa8f7e5d3f6: receive RaftClientReply:client-B30EC828C355->c26939f8-4d1f-4fb1-95c4-1aa8f7e5d3f6@group-D25BE8053FEA, cid=3472, SUCCESS, logIndex=0, commits[c26939f8-4d1f-4fb1-95c4-1aa8f7e5d3f6:c5233, c5393538-959b-47cf-9d9c-19dac7bed4ee:c5229, a2e6e0ff-38a8-4bcf-9958-a89ff312531d:c5231]
2019-07-15 13:07:17,305 INFO  client.GrpcClientProtocolClient (GrpcClientProtocolClient.java:onNext(255)) - client-B30EC828C355->c26939f8-4d1f-4fb1-95c4-1aa8f7e5d3f6: receive RaftClientReply:client-B30EC828C355->c26939f8-4d1f-4fb1-95c4-1aa8f7e5d3f6@group-D25BE8053FEA, cid=3473, SUCCESS, logIndex=5236, commits[c26939f8-4d1f-4fb1-95c4-1aa8f7e5d3f6:c5237, c5393538-959b-47cf-9d9c-19dac7bed4ee:c5231, a2e6e0ff-38a8-4bcf-9958-a89ff312531d:c5233]
2019-07-15 13:07:17,306 INFO  client.GrpcClientProtocolClient (GrpcClientProtocolClient.java:onNext(255)) - client-B30EC828C355->c26939f8-4d1f-4fb1-95c4-1aa8f7e5d3f6: receive RaftClientReply:client-B30EC828C355->c26939f8-4d1f-4fb1-95c4-1aa8f7e5d3f6@group-D25BE8053FEA, cid=3474, SUCCESS, logIndex=5237, commits[c26939f8-4d1f-4fb1-95c4-1aa8f7e5d3f6:c5237, c5393538-959b-47cf-9d9c-19dac7bed4ee:c5231, a2e6e0ff-38a8-4bcf-9958-a89ff312531d:c5233]
2019-07-15 13:07:17,325 INFO  client.GrpcClientProtocolClient (GrpcClientProtocolClient.java:onNext(255)) - client-B30EC828C355->c26939f8-4d1f-4fb1-95c4-1aa8f7e5d3f6: receive RaftClientReply:client-B30EC828C355->c26939f8-4d1f-4fb1-95c4-1aa8f7e5d3f6@group-D25BE8053FEA, cid=3475, SUCCESS, logIndex=5239, commits[c26939f8-4d1f-4fb1-95c4-1aa8f7e5d3f6:c5240, c5393538-959b-47cf-9d9c-19dac7bed4ee:c5238, a2e6e0ff-38a8-4bcf-9958-a89ff312531d:c5238]
2019-07-15 13:07:17,326 INFO  client.GrpcClientProtocolClient (GrpcClientProtocolClient.java:onNext(255)) - client-B30EC828C355->c26939f8-4d1f-4fb1-95c4-1aa8f7e5d3f6: receive RaftClientReply:client-B30EC828C355->c26939f8-4d1f-4fb1-95c4-1aa8f7e5d3f6@group-D25BE8053FEA, cid=3476, SUCCESS, logIndex=5240, commits[c26939f8-4d1f-4fb1-95c4-1aa8f7e5d3f6:c5240, c5393538-959b-47cf-9d9c-19dac7bed4ee:c5238, a2e6e0ff-38a8-4bcf-9958-a89ff312531d:c5238]
2019-07-15 13:07:17,340 INFO  client.GrpcClientProtocolClient (GrpcClientProtocolClient.java:onNext(255)) - client-B30EC828C355->c26939f8-4d1f-4fb1-95c4-1aa8f7e5d3f6: receive RaftClientReply:client-B30EC828C355->c26939f8-4d1f-4fb1-95c4-1aa8f7e5d3f6@group-D25BE8053FEA, cid=3477, SUCCESS, logIndex=0, commits[c26939f8-4d1f-4fb1-95c4-1aa8f7e5d3f6:c5242, c5393538-959b-47cf-9d9c-19dac7bed4ee:c5240, a2e6e0ff-38a8-4bcf-9958-a89ff312531d:c5240]
2019-07-15 13:07:17,374 INFO  client.GrpcClientProtocolClient (GrpcClientProtocolClient.java:onNext(255)) - client-B30EC828C355->c26939f8-4d1f-4fb1-95c4-1aa8f7e5d3f6: receive RaftClientReply:client-B30EC828C355->c26939f8-4d1f-4fb1-95c4-1aa8f7e5d3f6@group-D25BE8053FEA, cid=3478, SUCCESS, logIndex=5243, commits[c26939f8-4d1f-4fb1-95c4-1aa8f7e5d3f6:c5244, c5393538-959b-47cf-9d9c-19dac7bed4ee:c5242, a2e6e0ff-38a8-4bcf-9958-a89ff312531d:c5242]
2019-07-15 13:07:17,374 INFO  client.GrpcClientProtocolClient (GrpcClientProtocolClient.java:onNext(255)) - client-B30EC828C355->c26939f8-4d1f-4fb1-95c4-1aa8f7e5d3f6: receive RaftClientReply:client-B30EC828C355->c26939f8-4d1f-4fb1-95c4-1aa8f7e5d3f6@group-D25BE8053FEA, cid=3479, SUCCESS, logIndex=5244, commits[c26939f8-4d1f-4fb1-95c4-1aa8f7e5d3f6:c5244, c5393538-959b-47cf-9d9c-19dac7bed4ee:c5242, a2e6e0ff-38a8-4bcf-9958-a89ff312531d:c5242]
2019-07-15 13:07:17,375 INFO  client.GrpcClientProtocolClient (GrpcClientProtocolClient.java:onNext(255)) - client-B30EC828C355->c26939f8-4d1f-4fb1-95c4-1aa8f7e5d3f6: receive RaftClientReply:client-B30EC828C355->c26939f8-4d1f-4fb1-95c4-1aa8f7e5d3f6@group-D25BE8053FEA, cid=3480, SUCCESS, logIndex=5245, commits[c26939f8-4d1f-4fb1-95c4-1aa8f7e5d3f6:c5245, c5393538-959b-47cf-9d9c-19dac7bed4ee:c5242, a2e6e0ff-38a8-4bcf-9958-a89ff312531d:c5242]
2019-07-15 13:07:17,375 INFO  client.GrpcClientProtocolClient (GrpcClientProtocolClient.java:onNext(255)) - client-B30EC828C355->c26939f8-4d1f-4fb1-95c4-1aa8f7e5d3f6: receive RaftClientReply:client-B30EC828C355->c26939f8-4d1f-4fb1-95c4-1aa8f7e5d3f6@group-D25BE8053FEA, cid=3481, SUCCESS, logIndex=5246, commits[c26939f8-4d1f-4fb1-95c4-1aa8f7e5d3f6:c5246, c5393538-959b-47cf-9d9c-19dac7bed4ee:c5242, a2e6e0ff-38a8-4bcf-9958-a89ff312531d:c5242]
2019-07-15 13:07:17,377 INFO  client.GrpcClientProtocolClient (GrpcClientProtocolClient.java:onNext(255)) - client-B30EC828C355->c26939f8-4d1f-4fb1-95c4-1aa8f7e5d3f6: receive RaftClientReply:client-B30EC828C355->c26939f8-4d1f-4fb1-95c4-1aa8f7e5d3f6@group-D25BE8053FEA, cid=3482, SUCCESS, logIndex=0, commits[c26939f8-4d1f-4fb1-95c4-1aa8f7e5d3f6:c5248, c5393538-959b-47cf-9d9c-19dac7bed4ee:c5244, a2e6e0ff-38a8-4bcf-9958-a89ff312531d:c5244]
2019-07-15 13:07:17,393 INFO  client.GrpcClientProtocolClient (GrpcClientProtocolClient.java:onNext(255)) - client-B30EC828C355->c26939f8-4d1f-4fb1-95c4-1aa8f7e5d3f6: receive RaftClientReply:client-B30EC828C355->c26939f8-4d1f-4fb1-95c4-1aa8f7e5d3f6@group-D25BE8053FEA, cid=3483, SUCCESS, logIndex=5251, commits[c26939f8-4d1f-4fb1-95c4-1aa8f7e5d3f6:c5252, c5393538-959b-47cf-9d9c-19dac7bed4ee:c5250, a2e6e0ff-38a8-4bcf-9958-a89ff312531d:c5250]
2019-07-15 13:07:17,394 INFO  client.GrpcClientProtocolClient (GrpcClientProtocolClient.java:onNext(255)) - client-B30EC828C355->c26939f8-4d1f-4fb1-95c4-1aa8f7e5d3f6: receive RaftClientReply:client-B30EC828C355->c26939f8-4d1f-4fb1-95c4-1aa8f7e5d3f6@group-D25BE8053FEA, cid=3484, SUCCESS, logIndex=5252, commits[c26939f8-4d1f-4fb1-95c4-1aa8f7e5d3f6:c5252, c5393538-959b-47cf-9d9c-19dac7bed4ee:c5250, a2e6e0ff-38a8-4bcf-9958-a89ff312531d:c5250]
 0.00% |█                                                                                                    |  0/1 Time: 0:00:312019-07-15 13:07:17,419 INFO  client.GrpcClientProtocolClient (GrpcClientProtocolClient.java:onNext(255)) - client-B30EC828C355->c26939f8-4d1f-4fb1-95c4-1aa8f7e5d3f6: receive RaftClientReply:client-B30EC828C355->c26939f8-4d1f-4fb1-95c4-1aa8f7e5d3f6@group-D25BE8053FEA, cid=3485, SUCCESS, logIndex=5255, commits[c26939f8-4d1f-4fb1-95c4-1aa8f7e5d3f6:c5256, c5393538-959b-47cf-9d9c-19dac7bed4ee:c5252, a2e6e0ff-38a8-4bcf-9958-a89ff312531d:c5251]
2019-07-15 13:07:17,419 INFO  client.GrpcClientProtocolClient (GrpcClientProtocolClient.java:onNext(255)) - client-B30EC828C355->c26939f8-4d1f-4fb1-95c4-1aa8f7e5d3f6: receive RaftClientReply:client-B30EC828C355->c26939f8-4d1f-4fb1-95c4-1aa8f7e5d3f6@group-D25BE8053FEA, cid=3486, SUCCESS, logIndex=5256, commits[c26939f8-4d1f-4fb1-95c4-1aa8f7e5d3f6:c5256, c5393538-959b-47cf-9d9c-19dac7bed4ee:c5252, a2e6e0ff-38a8-4bcf-9958-a89ff312531d:c5252]
2019-07-15 13:07:17,421 INFO  client.GrpcClientProtocolClient (GrpcClientProtocolClient.java:onNext(255)) - client-B30EC828C355->c26939f8-4d1f-4fb1-95c4-1aa8f7e5d3f6: receive RaftClientReply:client-B30EC828C355->c26939f8-4d1f-4fb1-95c4-1aa8f7e5d3f6@group-D25BE8053FEA, cid=3487, SUCCESS, logIndex=0, commits[c26939f8-4d1f-4fb1-95c4-1aa8f7e5d3f6:c5258, c5393538-959b-47cf-9d9c-19dac7bed4ee:c5256, a2e6e0ff-38a8-4bcf-9958-a89ff312531d:c5256]
2019-07-15 13:07:17,455 INFO  client.GrpcClientProtocolClient (GrpcClientProtocolClient.java:onNext(255)) - client-B30EC828C355->c26939f8-4d1f-4fb1-95c4-1aa8f7e5d3f6: receive RaftClientReply:client-B30EC828C355->c26939f8-4d1f-4fb1-95c4-1aa8f7e5d3f6@group-D25BE8053FEA, cid=3488, SUCCESS, logIndex=5259, commits[c26939f8-4d1f-4fb1-95c4-1aa8f7e5d3f6:c5259, c5393538-959b-47cf-9d9c-19dac7bed4ee:c5258, a2e6e0ff-38a8-4bcf-9958-a89ff312531d:c5258]
2019-07-15 13:07:17,456 INFO  client.GrpcClientProtocolClient (GrpcClientProtocolClient.java:onNext(255)) - client-B30EC828C355->c26939f8-4d1f-4fb1-95c4-1aa8f7e5d3f6: receive RaftClientReply:client-B30EC828C355->c26939f8-4d1f-4fb1-95c4-1aa8f7e5d3f6@group-D25BE8053FEA, cid=3489, SUCCESS, logIndex=5260, commits[c26939f8-4d1f-4fb1-95c4-1aa8f7e5d3f6:c5262, c5393538-959b-47cf-9d9c-19dac7bed4ee:c5258, a2e6e0ff-38a8-4bcf-9958-a89ff312531d:c5258]
2019-07-15 13:07:17,456 INFO  client.GrpcClientProtocolClient (GrpcClientProtocolClient.java:onNext(255)) - client-B30EC828C355->c26939f8-4d1f-4fb1-95c4-1aa8f7e5d3f6: receive RaftClientReply:client-B30EC828C355->c26939f8-4d1f-4fb1-95c4-1aa8f7e5d3f6@group-D25BE8053FEA, cid=3490, SUCCESS, logIndex=5261, commits[c26939f8-4d1f-4fb1-95c4-1aa8f7e5d3f6:c5262, c5393538-959b-47cf-9d9c-19dac7bed4ee:c5258, a2e6e0ff-38a8-4bcf-9958-a89ff312531d:c5258]
2019-07-15 13:07:17,456 INFO  client.GrpcClientProtocolClient (GrpcClientProtocolClient.java:onNext(255)) - client-B30EC828C355->c26939f8-4d1f-4fb1-95c4-1aa8f7e5d3f6: receive RaftClientReply:client-B30EC828C355->c26939f8-4d1f-4fb1-95c4-1aa8f7e5d3f6@group-D25BE8053FEA, cid=3491, SUCCESS, logIndex=5262, commits[c26939f8-4d1f-4fb1-95c4-1aa8f7e5d3f6:c5263, c5393538-959b-47cf-9d9c-19dac7bed4ee:c5258, a2e6e0ff-38a8-4bcf-9958-a89ff312531d:c5259]
2019-07-15 13:07:17,458 INFO  client.GrpcClientProtocolClient (GrpcClientProtocolClient.java:onNext(255)) - client-B30EC828C355->c26939f8-4d1f-4fb1-95c4-1aa8f7e5d3f6: receive RaftClientReply:client-B30EC828C355->c26939f8-4d1f-4fb1-95c4-1aa8f7e5d3f6@group-D25BE8053FEA, cid=3492, SUCCESS, logIndex=0, commits[c26939f8-4d1f-4fb1-95c4-1aa8f7e5d3f6:c5264, c5393538-959b-47cf-9d9c-19dac7bed4ee:c5262, a2e6e0ff-38a8-4bcf-9958-a89ff312531d:c5262]
2019-07-15 13:07:17,478 INFO  client.GrpcClientProtocolClient (GrpcClientProtocolClient.java:onNext(255)) - client-B30EC828C355->c26939f8-4d1f-4fb1-95c4-1aa8f7e5d3f6: receive RaftClientReply:client-B30EC828C355->c26939f8-4d1f-4fb1-95c4-1aa8f7e5d3f6@group-D25BE8053FEA, cid=3493, SUCCESS, logIndex=5265, commits[c26939f8-4d1f-4fb1-95c4-1aa8f7e5d3f6:c5266, c5393538-959b-47cf-9d9c-19dac7bed4ee:c5264, a2e6e0ff-38a8-4bcf-9958-a89ff312531d:c5264]
2019-07-15 13:07:17,478 INFO  client.GrpcClientProtocolClient (GrpcClientProtocolClient.java:onNext(255)) - client-B30EC828C355->c26939f8-4d1f-4fb1-95c4-1aa8f7e5d3f6: receive RaftClientReply:client-B30EC828C355->c26939f8-4d1f-4fb1-95c4-1aa8f7e5d3f6@group-D25BE8053FEA, cid=3494, SUCCESS, logIndex=5266, commits[c26939f8-4d1f-4fb1-95c4-1aa8f7e5d3f6:c5266, c5393538-959b-47cf-9d9c-19dac7bed4ee:c5264, a2e6e0ff-38a8-4bcf-9958-a89ff312531d:c5264]
2019-07-15 13:07:17,491 INFO  client.GrpcClientProtocolClient (GrpcClientProtocolClient.java:onNext(255)) - client-B30EC828C355->c26939f8-4d1f-4fb1-95c4-1aa8f7e5d3f6: receive RaftClientReply:client-B30EC828C355->c26939f8-4d1f-4fb1-95c4-1aa8f7e5d3f6@group-D25BE8053FEA, cid=3495, SUCCESS, logIndex=5269, commits[c26939f8-4d1f-4fb1-95c4-1aa8f7e5d3f6:c5270, c5393538-959b-47cf-9d9c-19dac7bed4ee:c5266, a2e6e0ff-38a8-4bcf-9958-a89ff312531d:c5266]
2019-07-15 13:07:17,491 INFO  client.GrpcClientProtocolClient (GrpcClientProtocolClient.java:onNext(255)) - client-B30EC828C355->c26939f8-4d1f-4fb1-95c4-1aa8f7e5d3f6: receive RaftClientReply:client-B30EC828C355->c26939f8-4d1f-4fb1-95c4-1aa8f7e5d3f6@group-D25BE8053FEA, cid=3496, SUCCESS, logIndex=5270, commits[c26939f8-4d1f-4fb1-95c4-1aa8f7e5d3f6:c5270, c5393538-959b-47cf-9d9c-19dac7bed4ee:c5266, a2e6e0ff-38a8-4bcf-9958-a89ff312531d:c5266]
2019-07-15 13:07:17,504 INFO  client.GrpcClientProtocolClient (GrpcClientProtocolClient.java:onNext(255)) - client-B30EC828C355->c26939f8-4d1f-4fb1-95c4-1aa8f7e5d3f6: receive RaftClientReply:client-B30EC828C355->c26939f8-4d1f-4fb1-95c4-1aa8f7e5d3f6@group-D25BE8053FEA, cid=3497, SUCCESS, logIndex=0, commits[c26939f8-4d1f-4fb1-95c4-1aa8f7e5d3f6:c5272, c5393538-959b-47cf-9d9c-19dac7bed4ee:c5270, a2e6e0ff-38a8-4bcf-9958-a89ff312531d:c5270]
2019-07-15 13:07:17,540 INFO  client.GrpcClientProtocolClient (GrpcClientProtocolClient.java:onNext(255)) - client-B30EC828C355->c26939f8-4d1f-4fb1-95c4-1aa8f7e5d3f6: receive RaftClientReply:client-B30EC828C355->c26939f8-4d1f-4fb1-95c4-1aa8f7e5d3f6@group-D25BE8053FEA, cid=3498, SUCCESS, logIndex=5273, commits[c26939f8-4d1f-4fb1-95c4-1aa8f7e5d3f6:c5274, c5393538-959b-47cf-9d9c-19dac7bed4ee:c5272, a2e6e0ff-38a8-4bcf-9958-a89ff312531d:c5272]
2019-07-15 13:07:17,540 INFO  client.GrpcClientProtocolClient (GrpcClientProtocolClient.java:onNext(255)) - client-B30EC828C355->c26939f8-4d1f-4fb1-95c4-1aa8f7e5d3f6: receive RaftClientReply:client-B30EC828C355->c26939f8-4d1f-4fb1-95c4-1aa8f7e5d3f6@group-D25BE8053FEA, cid=3499, SUCCESS, logIndex=5274, commits[c26939f8-4d1f-4fb1-95c4-1aa8f7e5d3f6:c5276, c5393538-959b-47cf-9d9c-19dac7bed4ee:c5272, a2e6e0ff-38a8-4bcf-9958-a89ff312531d:c5272]
2019-07-15 13:07:17,541 INFO  client.GrpcClientProtocolClient (GrpcClientProtocolClient.java:onNext(255)) - client-B30EC828C355->c26939f8-4d1f-4fb1-95c4-1aa8f7e5d3f6: receive RaftClientReply:client-B30EC828C355->c26939f8-4d1f-4fb1-95c4-1aa8f7e5d3f6@group-D25BE8053FEA, cid=3500, SUCCESS, logIndex=5275, commits[c26939f8-4d1f-4fb1-95c4-1aa8f7e5d3f6:c5276, c5393538-959b-47cf-9d9c-19dac7bed4ee:c5272, a2e6e0ff-38a8-4bcf-9958-a89ff312531d:c5272]
2019-07-15 13:07:17,541 INFO  client.GrpcClientProtocolClient (GrpcClientProtocolClient.java:onNext(255)) - client-B30EC828C355->c26939f8-4d1f-4fb1-95c4-1aa8f7e5d3f6: receive RaftClientReply:client-B30EC828C355->c26939f8-4d1f-4fb1-95c4-1aa8f7e5d3f6@group-D25BE8053FEA, cid=3501, SUCCESS, logIndex=5276, commits[c26939f8-4d1f-4fb1-95c4-1aa8f7e5d3f6:c5276, c5393538-959b-47cf-9d9c-19dac7bed4ee:c5272, a2e6e0ff-38a8-4bcf-9958-a89ff312531d:c5272]
2019-07-15 13:07:17,542 INFO  client.GrpcClientProtocolClient (GrpcClientProtocolClient.java:onNext(255)) - client-B30EC828C355->c26939f8-4d1f-4fb1-95c4-1aa8f7e5d3f6: receive RaftClientReply:client-B30EC828C355->c26939f8-4d1f-4fb1-95c4-1aa8f7e5d3f6@group-D25BE8053FEA, cid=3502, SUCCESS, logIndex=0, commits[c26939f8-4d1f-4fb1-95c4-1aa8f7e5d3f6:c5278, c5393538-959b-47cf-9d9c-19dac7bed4ee:c5274, a2e6e0ff-38a8-4bcf-9958-a89ff312531d:c5274]
2019-07-15 13:07:17,563 INFO  client.GrpcClientProtocolClient (GrpcClientProtocolClient.java:onNext(255)) - client-B30EC828C355->c26939f8-4d1f-4fb1-95c4-1aa8f7e5d3f6: receive RaftClientReply:client-B30EC828C355->c26939f8-4d1f-4fb1-95c4-1aa8f7e5d3f6@group-D25BE8053FEA, cid=3503, SUCCESS, logIndex=5280, commits[c26939f8-4d1f-4fb1-95c4-1aa8f7e5d3f6:c5281, c5393538-959b-47cf-9d9c-19dac7bed4ee:c5279, a2e6e0ff-38a8-4bcf-9958-a89ff312531d:c5279]
2019-07-15 13:07:17,563 INFO  client.GrpcClientProtocolClient (GrpcClientProtocolClient.java:onNext(255)) - client-B30EC828C355->c26939f8-4d1f-4fb1-95c4-1aa8f7e5d3f6: receive RaftClientReply:client-B30EC828C355->c26939f8-4d1f-4fb1-95c4-1aa8f7e5d3f6@group-D25BE8053FEA, cid=3504, SUCCESS, logIndex=5281, commits[c26939f8-4d1f-4fb1-95c4-1aa8f7e5d3f6:c5281, c5393538-959b-47cf-9d9c-19dac7bed4ee:c5279, a2e6e0ff-38a8-4bcf-9958-a89ff312531d:c5279]
2019-07-15 13:07:17,576 INFO  client.GrpcClientProtocolClient (GrpcClientProtocolClient.java:onNext(255)) - client-B30EC828C355->c26939f8-4d1f-4fb1-95c4-1aa8f7e5d3f6: receive RaftClientReply:client-B30EC828C355->c26939f8-4d1f-4fb1-95c4-1aa8f7e5d3f6@group-D25BE8053FEA, cid=3505, SUCCESS, logIndex=5284, commits[c26939f8-4d1f-4fb1-95c4-1aa8f7e5d3f6:c5285, c5393538-959b-47cf-9d9c-19dac7bed4ee:c5281, a2e6e0ff-38a8-4bcf-9958-a89ff312531d:c5280]
2019-07-15 13:07:17,576 INFO  client.GrpcClientProtocolClient (GrpcClientProtocolClient.java:onNext(255)) - client-B30EC828C355->c26939f8-4d1f-4fb1-95c4-1aa8f7e5d3f6: receive RaftClientReply:client-B30EC828C355->c26939f8-4d1f-4fb1-95c4-1aa8f7e5d3f6@group-D25BE8053FEA, cid=3506, SUCCESS, logIndex=5285, commits[c26939f8-4d1f-4fb1-95c4-1aa8f7e5d3f6:c5285, c5393538-959b-47cf-9d9c-19dac7bed4ee:c5281, a2e6e0ff-38a8-4bcf-9958-a89ff312531d:c5281]
2019-07-15 13:07:17,579 INFO  client.GrpcClientProtocolClient (GrpcClientProtocolClient.java:onNext(255)) - client-B30EC828C355->c26939f8-4d1f-4fb1-95c4-1aa8f7e5d3f6: receive RaftClientReply:client-B30EC828C355->c26939f8-4d1f-4fb1-95c4-1aa8f7e5d3f6@group-D25BE8053FEA, cid=3507, SUCCESS, logIndex=0, commits[c26939f8-4d1f-4fb1-95c4-1aa8f7e5d3f6:c5287, c5393538-959b-47cf-9d9c-19dac7bed4ee:c5285, a2e6e0ff-38a8-4bcf-9958-a89ff312531d:c5285]
2019-07-15 13:07:17,610 INFO  client.GrpcClientProtocolClient (GrpcClientProtocolClient.java:onNext(255)) - client-B30EC828C355->c26939f8-4d1f-4fb1-95c4-1aa8f7e5d3f6: receive RaftClientReply:client-B30EC828C355->c26939f8-4d1f-4fb1-95c4-1aa8f7e5d3f6@group-D25BE8053FEA, cid=3508, SUCCESS, logIndex=5288, commits[c26939f8-4d1f-4fb1-95c4-1aa8f7e5d3f6:c5290, c5393538-959b-47cf-9d9c-19dac7bed4ee:c5287, a2e6e0ff-38a8-4bcf-9958-a89ff312531d:c5287]
2019-07-15 13:07:17,611 INFO  client.GrpcClientProtocolClient (GrpcClientProtocolClient.java:onNext(255)) - client-B30EC828C355->c26939f8-4d1f-4fb1-95c4-1aa8f7e5d3f6: receive RaftClientReply:client-B30EC828C355->c26939f8-4d1f-4fb1-95c4-1aa8f7e5d3f6@group-D25BE8053FEA, cid=3509, SUCCESS, logIndex=5289, commits[c26939f8-4d1f-4fb1-95c4-1aa8f7e5d3f6:c5291, c5393538-959b-47cf-9d9c-19dac7bed4ee:c5287, a2e6e0ff-38a8-4bcf-9958-a89ff312531d:c5287]
2019-07-15 13:07:17,611 INFO  client.GrpcClientProtocolClient (GrpcClientProtocolClient.java:onNext(255)) - client-B30EC828C355->c26939f8-4d1f-4fb1-95c4-1aa8f7e5d3f6: receive RaftClientReply:client-B30EC828C355->c26939f8-4d1f-4fb1-95c4-1aa8f7e5d3f6@group-D25BE8053FEA, cid=3510, SUCCESS, logIndex=5290, commits[c26939f8-4d1f-4fb1-95c4-1aa8f7e5d3f6:c5291, c5393538-959b-47cf-9d9c-19dac7bed4ee:c5287, a2e6e0ff-38a8-4bcf-9958-a89ff312531d:c5287]
2019-07-15 13:07:17,611 INFO  client.GrpcClientProtocolClient (GrpcClientProtocolClient.java:onNext(255)) - client-B30EC828C355->c26939f8-4d1f-4fb1-95c4-1aa8f7e5d3f6: receive RaftClientReply:client-B30EC828C355->c26939f8-4d1f-4fb1-95c4-1aa8f7e5d3f6@group-D25BE8053FEA, cid=3511, SUCCESS, logIndex=5291, commits[c26939f8-4d1f-4fb1-95c4-1aa8f7e5d3f6:c5292, c5393538-959b-47cf-9d9c-19dac7bed4ee:c5288, a2e6e0ff-38a8-4bcf-9958-a89ff312531d:c5287]
2019-07-15 13:07:17,613 INFO  client.GrpcClientProtocolClient (GrpcClientProtocolClient.java:onNext(255)) - client-B30EC828C355->c26939f8-4d1f-4fb1-95c4-1aa8f7e5d3f6: receive RaftClientReply:client-B30EC828C355->c26939f8-4d1f-4fb1-95c4-1aa8f7e5d3f6@group-D25BE8053FEA, cid=3512, SUCCESS, logIndex=0, commits[c26939f8-4d1f-4fb1-95c4-1aa8f7e5d3f6:c5293, c5393538-959b-47cf-9d9c-19dac7bed4ee:c5290, a2e6e0ff-38a8-4bcf-9958-a89ff312531d:c5290]
2019-07-15 13:07:17,625 INFO  client.GrpcClientProtocolClient (GrpcClientProtocolClient.java:onNext(255)) - client-B30EC828C355->c26939f8-4d1f-4fb1-95c4-1aa8f7e5d3f6: receive RaftClientReply:client-B30EC828C355->c26939f8-4d1f-4fb1-95c4-1aa8f7e5d3f6@group-D25BE8053FEA, cid=3513, SUCCESS, logIndex=5295, commits[c26939f8-4d1f-4fb1-95c4-1aa8f7e5d3f6:c5296, c5393538-959b-47cf-9d9c-19dac7bed4ee:c5293, a2e6e0ff-38a8-4bcf-9958-a89ff312531d:c5293]
2019-07-15 13:07:17,626 INFO  client.GrpcClientProtocolClient (GrpcClientProtocolClient.java:onNext(255)) - client-B30EC828C355->c26939f8-4d1f-4fb1-95c4-1aa8f7e5d3f6: receive RaftClientReply:client-B30EC828C355->c26939f8-4d1f-4fb1-95c4-1aa8f7e5d3f6@group-D25BE8053FEA, cid=3514, SUCCESS, logIndex=5296, commits[c26939f8-4d1f-4fb1-95c4-1aa8f7e5d3f6:c5296, c5393538-959b-47cf-9d9c-19dac7bed4ee:c5293, a2e6e0ff-38a8-4bcf-9958-a89ff312531d:c5293]
2019-07-15 13:07:17,763 INFO  client.GrpcClientProtocolClient (GrpcClientProtocolClient.java:onNext(255)) - client-B30EC828C355->c26939f8-4d1f-4fb1-95c4-1aa8f7e5d3f6: receive RaftClientReply:client-B30EC828C355->c26939f8-4d1f-4fb1-95c4-1aa8f7e5d3f6@group-D25BE8053FEA, cid=3515, SUCCESS, logIndex=5299, commits[c26939f8-4d1f-4fb1-95c4-1aa8f7e5d3f6:c5300, c5393538-959b-47cf-9d9c-19dac7bed4ee:c5296, a2e6e0ff-38a8-4bcf-9958-a89ff312531d:c5296]
2019-07-15 13:07:17,763 INFO  client.GrpcClientProtocolClient (GrpcClientProtocolClient.java:onNext(255)) - client-B30EC828C355->c26939f8-4d1f-4fb1-95c4-1aa8f7e5d3f6: receive RaftClientReply:client-B30EC828C355->c26939f8-4d1f-4fb1-95c4-1aa8f7e5d3f6@group-D25BE8053FEA, cid=3516, SUCCESS, logIndex=5300, commits[c26939f8-4d1f-4fb1-95c4-1aa8f7e5d3f6:c5300, c5393538-959b-47cf-9d9c-19dac7bed4ee:c5296, a2e6e0ff-38a8-4bcf-9958-a89ff312531d:c5296]
2019-07-15 13:07:17,775 INFO  client.GrpcClientProtocolClient (GrpcClientProtocolClient.java:onNext(255)) - client-B30EC828C355->c26939f8-4d1f-4fb1-95c4-1aa8f7e5d3f6: receive RaftClientReply:client-B30EC828C355->c26939f8-4d1f-4fb1-95c4-1aa8f7e5d3f6@group-D25BE8053FEA, cid=3517, SUCCESS, logIndex=0, commits[c26939f8-4d1f-4fb1-95c4-1aa8f7e5d3f6:c5302, c5393538-959b-47cf-9d9c-19dac7bed4ee:c5300, a2e6e0ff-38a8-4bcf-9958-a89ff312531d:c5300]
2019-07-15 13:07:17,814 INFO  client.GrpcClientProtocolClient (GrpcClientProtocolClient.java:onNext(255)) - client-B30EC828C355->c26939f8-4d1f-4fb1-95c4-1aa8f7e5d3f6: receive RaftClientReply:client-B30EC828C355->c26939f8-4d1f-4fb1-95c4-1aa8f7e5d3f6@group-D25BE8053FEA, cid=3518, SUCCESS, logIndex=5303, commits[c26939f8-4d1f-4fb1-95c4-1aa8f7e5d3f6:c5304, c5393538-959b-47cf-9d9c-19dac7bed4ee:c5302, a2e6e0ff-38a8-4bcf-9958-a89ff312531d:c5302]
2019-07-15 13:07:17,814 INFO  client.GrpcClientProtocolClient (GrpcClientProtocolClient.java:onNext(255)) - client-B30EC828C355->c26939f8-4d1f-4fb1-95c4-1aa8f7e5d3f6: receive RaftClientReply:client-B30EC828C355->c26939f8-4d1f-4fb1-95c4-1aa8f7e5d3f6@group-D25BE8053FEA, cid=3519, SUCCESS, logIndex=5304, commits[c26939f8-4d1f-4fb1-95c4-1aa8f7e5d3f6:c5306, c5393538-959b-47cf-9d9c-19dac7bed4ee:c5302, a2e6e0ff-38a8-4bcf-9958-a89ff312531d:c5302]
2019-07-15 13:07:17,815 INFO  client.GrpcClientProtocolClient (GrpcClientProtocolClient.java:onNext(255)) - client-B30EC828C355->c26939f8-4d1f-4fb1-95c4-1aa8f7e5d3f6: receive RaftClientReply:client-B30EC828C355->c26939f8-4d1f-4fb1-95c4-1aa8f7e5d3f6@group-D25BE8053FEA, cid=3520, SUCCESS, logIndex=5305, commits[c26939f8-4d1f-4fb1-95c4-1aa8f7e5d3f6:c5306, c5393538-959b-47cf-9d9c-19dac7bed4ee:c5302, a2e6e0ff-38a8-4bcf-9958-a89ff312531d:c5302]
2019-07-15 13:07:17,815 INFO  client.GrpcClientProtocolClient (GrpcClientProtocolClient.java:onNext(255)) - client-B30EC828C355->c26939f8-4d1f-4fb1-95c4-1aa8f7e5d3f6: receive RaftClientReply:client-B30EC828C355->c26939f8-4d1f-4fb1-95c4-1aa8f7e5d3f6@group-D25BE8053FEA, cid=3521, SUCCESS, logIndex=5306, commits[c26939f8-4d1f-4fb1-95c4-1aa8f7e5d3f6:c5306, c5393538-959b-47cf-9d9c-19dac7bed4ee:c5302, a2e6e0ff-38a8-4bcf-9958-a89ff312531d:c5302]
2019-07-15 13:07:17,826 INFO  client.GrpcClientProtocolClient (GrpcClientProtocolClient.java:onNext(255)) - client-B30EC828C355->c26939f8-4d1f-4fb1-95c4-1aa8f7e5d3f6: receive RaftClientReply:client-B30EC828C355->c26939f8-4d1f-4fb1-95c4-1aa8f7e5d3f6@group-D25BE8053FEA, cid=3522, SUCCESS, logIndex=0, commits[c26939f8-4d1f-4fb1-95c4-1aa8f7e5d3f6:c5307, c5393538-959b-47cf-9d9c-19dac7bed4ee:c5304, a2e6e0ff-38a8-4bcf-9958-a89ff312531d:c5304]
2019-07-15 13:07:17,848 INFO  client.GrpcClientProtocolClient (GrpcClientProtocolClient.java:onNext(255)) - client-B30EC828C355->c26939f8-4d1f-4fb1-95c4-1aa8f7e5d3f6: receive RaftClientReply:client-B30EC828C355->c26939f8-4d1f-4fb1-95c4-1aa8f7e5d3f6@group-D25BE8053FEA, cid=3523, SUCCESS, logIndex=5310, commits[c26939f8-4d1f-4fb1-95c4-1aa8f7e5d3f6:c5311, c5393538-959b-47cf-9d9c-19dac7bed4ee:c5309, a2e6e0ff-38a8-4bcf-9958-a89ff312531d:c5309]
2019-07-15 13:07:17,848 INFO  client.GrpcClientProtocolClient (GrpcClientProtocolClient.java:onNext(255)) - client-B30EC828C355->c26939f8-4d1f-4fb1-95c4-1aa8f7e5d3f6: receive RaftClientReply:client-B30EC828C355->c26939f8-4d1f-4fb1-95c4-1aa8f7e5d3f6@group-D25BE8053FEA, cid=3524, SUCCESS, logIndex=5311, commits[c26939f8-4d1f-4fb1-95c4-1aa8f7e5d3f6:c5311, c5393538-959b-47cf-9d9c-19dac7bed4ee:c5309, a2e6e0ff-38a8-4bcf-9958-a89ff312531d:c5309]
2019-07-15 13:07:17,861 INFO  client.GrpcClientProtocolClient (GrpcClientProtocolClient.java:onNext(255)) - client-B30EC828C355->c26939f8-4d1f-4fb1-95c4-1aa8f7e5d3f6: receive RaftClientReply:client-B30EC828C355->c26939f8-4d1f-4fb1-95c4-1aa8f7e5d3f6@group-D25BE8053FEA, cid=3525, SUCCESS, logIndex=5314, commits[c26939f8-4d1f-4fb1-95c4-1aa8f7e5d3f6:c5315, c5393538-959b-47cf-9d9c-19dac7bed4ee:c5311, a2e6e0ff-38a8-4bcf-9958-a89ff312531d:c5310]
2019-07-15 13:07:17,861 INFO  client.GrpcClientProtocolClient (GrpcClientProtocolClient.java:onNext(255)) - client-B30EC828C355->c26939f8-4d1f-4fb1-95c4-1aa8f7e5d3f6: receive RaftClientReply:client-B30EC828C355->c26939f8-4d1f-4fb1-95c4-1aa8f7e5d3f6@group-D25BE8053FEA, cid=3526, SUCCESS, logIndex=5315, commits[c26939f8-4d1f-4fb1-95c4-1aa8f7e5d3f6:c5315, c5393538-959b-47cf-9d9c-19dac7bed4ee:c5311, a2e6e0ff-38a8-4bcf-9958-a89ff312531d:c5311]
2019-07-15 13:07:17,864 INFO  client.GrpcClientProtocolClient (GrpcClientProtocolClient.java:onNext(255)) - client-B30EC828C355->c26939f8-4d1f-4fb1-95c4-1aa8f7e5d3f6: receive RaftClientReply:client-B30EC828C355->c26939f8-4d1f-4fb1-95c4-1aa8f7e5d3f6@group-D25BE8053FEA, cid=3527, SUCCESS, logIndex=0, commits[c26939f8-4d1f-4fb1-95c4-1aa8f7e5d3f6:c5317, c5393538-959b-47cf-9d9c-19dac7bed4ee:c5315, a2e6e0ff-38a8-4bcf-9958-a89ff312531d:c5315]
2019-07-15 13:07:17,893 INFO  client.GrpcClientProtocolClient (GrpcClientProtocolClient.java:onNext(255)) - client-B30EC828C355->c26939f8-4d1f-4fb1-95c4-1aa8f7e5d3f6: receive RaftClientReply:client-B30EC828C355->c26939f8-4d1f-4fb1-95c4-1aa8f7e5d3f6@group-D25BE8053FEA, cid=3528, SUCCESS, logIndex=5318, commits[c26939f8-4d1f-4fb1-95c4-1aa8f7e5d3f6:c5319, c5393538-959b-47cf-9d9c-19dac7bed4ee:c5317, a2e6e0ff-38a8-4bcf-9958-a89ff312531d:c5317]
2019-07-15 13:07:17,894 INFO  client.GrpcClientProtocolClient (GrpcClientProtocolClient.java:onNext(255)) - client-B30EC828C355->c26939f8-4d1f-4fb1-95c4-1aa8f7e5d3f6: receive RaftClientReply:client-B30EC828C355->c26939f8-4d1f-4fb1-95c4-1aa8f7e5d3f6@group-D25BE8053FEA, cid=3529, SUCCESS, logIndex=5319, commits[c26939f8-4d1f-4fb1-95c4-1aa8f7e5d3f6:c5319, c5393538-959b-47cf-9d9c-19dac7bed4ee:c5317, a2e6e0ff-38a8-4bcf-9958-a89ff312531d:c5317]
2019-07-15 13:07:18,007 INFO  client.GrpcClientProtocolClient (GrpcClientProtocolClient.java:onNext(255)) - client-B30EC828C355->c26939f8-4d1f-4fb1-95c4-1aa8f7e5d3f6: receive RaftClientReply:client-B30EC828C355->c26939f8-4d1f-4fb1-95c4-1aa8f7e5d3f6@group-D25BE8053FEA, cid=3530, SUCCESS, logIndex=5320, commits[c26939f8-4d1f-4fb1-95c4-1aa8f7e5d3f6:c5321, c5393538-959b-47cf-9d9c-19dac7bed4ee:c5317, a2e6e0ff-38a8-4bcf-9958-a89ff312531d:c5317]
2019-07-15 13:07:18,008 INFO  client.GrpcClientProtocolClient (GrpcClientProtocolClient.java:onNext(255)) - client-B30EC828C355->c26939f8-4d1f-4fb1-95c4-1aa8f7e5d3f6: receive RaftClientReply:client-B30EC828C355->c26939f8-4d1f-4fb1-95c4-1aa8f7e5d3f6@group-D25BE8053FEA, cid=3531, SUCCESS, logIndex=5321, commits[c26939f8-4d1f-4fb1-95c4-1aa8f7e5d3f6:c5321, c5393538-959b-47cf-9d9c-19dac7bed4ee:c5317, a2e6e0ff-38a8-4bcf-9958-a89ff312531d:c5317]
 0.00% |█                                                                                                    |  0/1 Time: 0:00:32 0.00% |█                                                                                                    |  0/1 Time: 0:00:332019-07-15 13:07:20,366 INFO  client.GrpcClientProtocolClient (GrpcClientProtocolClient.java:onNext(255)) - client-B30EC828C355->c26939f8-4d1f-4fb1-95c4-1aa8f7e5d3f6: receive RaftClientReply:client-B30EC828C355->c26939f8-4d1f-4fb1-95c4-1aa8f7e5d3f6@group-D25BE8053FEA, cid=3532, SUCCESS, logIndex=0, commits[c26939f8-4d1f-4fb1-95c4-1aa8f7e5d3f6:c5323, c5393538-959b-47cf-9d9c-19dac7bed4ee:c5319, a2e6e0ff-38a8-4bcf-9958-a89ff312531d:c5319]
 0.00% |█                                                                                                    |  0/1 Time: 0:00:34 0.00% |█                                                                                                    |  0/1 Time: 0:00:35 0.00% |█                                                                                                    |  0/1 Time: 0:00:362019-07-15 13:07:23,374 WARN  server.GrpcLogAppender (GrpcLogAppender.java:timeoutAppendRequest(200)) - GrpcLogAppender(c26939f8-4d1f-4fb1-95c4-1aa8f7e5d3f6->a2e6e0ff-38a8-4bcf-9958-a89ff312531d): appendEntries Timeout, request=c26939f8-4d1f-4fb1-95c4-1aa8f7e5d3f6->a2e6e0ff-38a8-4bcf-9958-a89ff312531d#5333-t1, previous=(t:1, i:5325), leaderCommit=5323, initializing? false, entries: size=1, first=(t:1, i:5326), STATEMACHINELOGENTRY, client-B30EC828C355, cid=3533
2019-07-15 13:07:23,374 WARN  server.GrpcLogAppender (GrpcLogAppender.java:timeoutAppendRequest(200)) - GrpcLogAppender(c26939f8-4d1f-4fb1-95c4-1aa8f7e5d3f6->c5393538-959b-47cf-9d9c-19dac7bed4ee): appendEntries Timeout, request=c26939f8-4d1f-4fb1-95c4-1aa8f7e5d3f6->c5393538-959b-47cf-9d9c-19dac7bed4ee#5333-t1, previous=(t:1, i:5325), leaderCommit=5323, initializing? false, entries: size=1, first=(t:1, i:5326), STATEMACHINELOGENTRY, client-B30EC828C355, cid=3533
2019-07-15 13:07:23,377 WARN  server.GrpcLogAppender (GrpcLogAppender.java:timeoutAppendRequest(200)) - GrpcLogAppender(c26939f8-4d1f-4fb1-95c4-1aa8f7e5d3f6->a2e6e0ff-38a8-4bcf-9958-a89ff312531d): appendEntries Timeout, request=c26939f8-4d1f-4fb1-95c4-1aa8f7e5d3f6->a2e6e0ff-38a8-4bcf-9958-a89ff312531d#5334-t1, previous=(t:1, i:5326), leaderCommit=5323, initializing? false, entries: size=1, first=(t:1, i:5327), STATEMACHINELOGENTRY, client-B30EC828C355, cid=3534
2019-07-15 13:07:23,377 WARN  server.GrpcLogAppender (GrpcLogAppender.java:timeoutAppendRequest(200)) - GrpcLogAppender(c26939f8-4d1f-4fb1-95c4-1aa8f7e5d3f6->c5393538-959b-47cf-9d9c-19dac7bed4ee): appendEntries Timeout, request=c26939f8-4d1f-4fb1-95c4-1aa8f7e5d3f6->c5393538-959b-47cf-9d9c-19dac7bed4ee#5334-t1, previous=(t:1, i:5326), leaderCommit=5323, initializing? false, entries: size=1, first=(t:1, i:5327), STATEMACHINELOGENTRY, client-B30EC828C355, cid=3534
 0.00% |█                                                                                                    |  0/1 Time: 0:00:37 0.00% |█                                                                                                    |  0/1 Time: 0:00:382019-07-15 13:07:25,367 WARN  server.GrpcLogAppender (GrpcLogAppender.java:onNextImpl(250)) - org.apache.ratis.grpc.server.GrpcLogAppender$AppendLogResponseHandler@26a8d979: Request not found, ignoring reply: c26939f8-4d1f-4fb1-95c4-1aa8f7e5d3f6<-c5393538-959b-47cf-9d9c-19dac7bed4ee#5333:OK,SUCCESS,nextIndex:5327,term:1,followerCommit:5325
2019-07-15 13:07:25,368 WARN  server.GrpcLogAppender (GrpcLogAppender.java:onNextImpl(250)) - org.apache.ratis.grpc.server.GrpcLogAppender$AppendLogResponseHandler@26a8d979: Request not found, ignoring reply: c26939f8-4d1f-4fb1-95c4-1aa8f7e5d3f6<-c5393538-959b-47cf-9d9c-19dac7bed4ee#5334:OK,SUCCESS,nextIndex:5328,term:1,followerCommit:5325
2019-07-15 13:07:25,372 WARN  server.GrpcLogAppender (GrpcLogAppender.java:onNextImpl(250)) - org.apache.ratis.grpc.server.GrpcLogAppender$AppendLogResponseHandler@e3c6926: Request not found, ignoring reply: c26939f8-4d1f-4fb1-95c4-1aa8f7e5d3f6<-a2e6e0ff-38a8-4bcf-9958-a89ff312531d#5333:OK,SUCCESS,nextIndex:5327,term:1,followerCommit:5325
2019-07-15 13:07:25,372 WARN  server.GrpcLogAppender (GrpcLogAppender.java:onNextImpl(250)) - org.apache.ratis.grpc.server.GrpcLogAppender$AppendLogResponseHandler@e3c6926: Request not found, ignoring reply: c26939f8-4d1f-4fb1-95c4-1aa8f7e5d3f6<-a2e6e0ff-38a8-4bcf-9958-a89ff312531d#5334:OK,SUCCESS,nextIndex:5328,term:1,followerCommit:5325
 0.00% |█                                                                                                    |  0/1 Time: 0:00:392019-07-15 13:07:25,479 INFO  client.GrpcClientProtocolClient (GrpcClientProtocolClient.java:onNext(255)) - client-B30EC828C355->a2e6e0ff-38a8-4bcf-9958-a89ff312531d: receive RaftClientReply:client-B30EC828C355->a2e6e0ff-38a8-4bcf-9958-a89ff312531d@group-D25BE8053FEA, cid=3533, FAILED org.apache.ratis.protocol.NotLeaderException: Server a2e6e0ff-38a8-4bcf-9958-a89ff312531d is not the leader (c26939f8-4d1f-4fb1-95c4-1aa8f7e5d3f6:192.168.69.114:37276). Request must be sent to leader., logIndex=0, commits[a2e6e0ff-38a8-4bcf-9958-a89ff312531d:c5325, c26939f8-4d1f-4fb1-95c4-1aa8f7e5d3f6:c5327, c5393538-959b-47cf-9d9c-19dac7bed4ee:c5325]
2019-07-15 13:07:25,504 INFO  client.GrpcClientProtocolClient (GrpcClientProtocolClient.java:onNext(255)) - client-B30EC828C355->c26939f8-4d1f-4fb1-95c4-1aa8f7e5d3f6: receive RaftClientReply:client-B30EC828C355->c26939f8-4d1f-4fb1-95c4-1aa8f7e5d3f6@group-D25BE8053FEA, cid=3533, SUCCESS, logIndex=5326, commits[c26939f8-4d1f-4fb1-95c4-1aa8f7e5d3f6:c5327, c5393538-959b-47cf-9d9c-19dac7bed4ee:c5325, a2e6e0ff-38a8-4bcf-9958-a89ff312531d:c5321]
2019-07-15 13:07:25,512 INFO  client.GrpcClientProtocolClient (GrpcClientProtocolClient.java:onNext(255)) - client-B30EC828C355->c26939f8-4d1f-4fb1-95c4-1aa8f7e5d3f6: receive RaftClientReply:client-B30EC828C355->c26939f8-4d1f-4fb1-95c4-1aa8f7e5d3f6@group-D25BE8053FEA, cid=3534, SUCCESS, logIndex=5327, commits[c26939f8-4d1f-4fb1-95c4-1aa8f7e5d3f6:c5327, c5393538-959b-47cf-9d9c-19dac7bed4ee:c5325, a2e6e0ff-38a8-4bcf-9958-a89ff312531d:c5321]
2019-07-15 13:07:25,528 INFO  segmented.SegmentedRaftLogWorker (SegmentedRaftLogWorker.java:rollLogSegment(385)) - c26939f8-4d1f-4fb1-95c4-1aa8f7e5d3f6-SegmentedRaftLogWorker:Storage Directory /workdir/hadoop-ozone/tools/target/test-dir/MiniOzoneClusterImpl-68baa7ab-a104-4fb1-920c-0e405cea7f3f/datanode-0/data/ratis/35b957a0-5c51-4ff4-870f-d25be8053fea: Rolling segment log-0_5328 to index:5328
2019-07-15 13:07:25,534 INFO  segmented.SegmentedRaftLogWorker (SegmentedRaftLogWorker.java:rollLogSegment(385)) - a2e6e0ff-38a8-4bcf-9958-a89ff312531d-SegmentedRaftLogWorker:Storage Directory /workdir/hadoop-ozone/tools/target/test-dir/MiniOzoneClusterImpl-68baa7ab-a104-4fb1-920c-0e405cea7f3f/datanode-2/data/ratis/35b957a0-5c51-4ff4-870f-d25be8053fea: Rolling segment log-0_5328 to index:5328
2019-07-15 13:07:25,534 INFO  segmented.SegmentedRaftLogWorker (SegmentedRaftLogWorker.java:rollLogSegment(385)) - c5393538-959b-47cf-9d9c-19dac7bed4ee-SegmentedRaftLogWorker:Storage Directory /workdir/hadoop-ozone/tools/target/test-dir/MiniOzoneClusterImpl-68baa7ab-a104-4fb1-920c-0e405cea7f3f/datanode-1/data/ratis/35b957a0-5c51-4ff4-870f-d25be8053fea: Rolling segment log-0_5328 to index:5328
 0.00% |█                                                                                                    |  0/1 Time: 0:00:40 0.00% |█                                                                                                    |  0/1 Time: 0:00:412019-07-15 13:07:27,765 INFO  segmented.SegmentedRaftLogWorker (SegmentedRaftLogWorker.java:execute(526)) - c5393538-959b-47cf-9d9c-19dac7bed4ee-SegmentedRaftLogWorker:Storage Directory /workdir/hadoop-ozone/tools/target/test-dir/MiniOzoneClusterImpl-68baa7ab-a104-4fb1-920c-0e405cea7f3f/datanode-1/data/ratis/35b957a0-5c51-4ff4-870f-d25be8053fea: Rolled log segment from /workdir/hadoop-ozone/tools/target/test-dir/MiniOzoneClusterImpl-68baa7ab-a104-4fb1-920c-0e405cea7f3f/datanode-1/data/ratis/35b957a0-5c51-4ff4-870f-d25be8053fea/current/log_inprogress_0 to /workdir/hadoop-ozone/tools/target/test-dir/MiniOzoneClusterImpl-68baa7ab-a104-4fb1-920c-0e405cea7f3f/datanode-1/data/ratis/35b957a0-5c51-4ff4-870f-d25be8053fea/current/log_0-5328
2019-07-15 13:07:27,765 INFO  segmented.SegmentedRaftLogWorker (SegmentedRaftLogWorker.java:execute(526)) - a2e6e0ff-38a8-4bcf-9958-a89ff312531d-SegmentedRaftLogWorker:Storage Directory /workdir/hadoop-ozone/tools/target/test-dir/MiniOzoneClusterImpl-68baa7ab-a104-4fb1-920c-0e405cea7f3f/datanode-2/data/ratis/35b957a0-5c51-4ff4-870f-d25be8053fea: Rolled log segment from /workdir/hadoop-ozone/tools/target/test-dir/MiniOzoneClusterImpl-68baa7ab-a104-4fb1-920c-0e405cea7f3f/datanode-2/data/ratis/35b957a0-5c51-4ff4-870f-d25be8053fea/current/log_inprogress_0 to /workdir/hadoop-ozone/tools/target/test-dir/MiniOzoneClusterImpl-68baa7ab-a104-4fb1-920c-0e405cea7f3f/datanode-2/data/ratis/35b957a0-5c51-4ff4-870f-d25be8053fea/current/log_0-5328
2019-07-15 13:07:27,765 INFO  segmented.SegmentedRaftLogWorker (SegmentedRaftLogWorker.java:execute(526)) - c26939f8-4d1f-4fb1-95c4-1aa8f7e5d3f6-SegmentedRaftLogWorker:Storage Directory /workdir/hadoop-ozone/tools/target/test-dir/MiniOzoneClusterImpl-68baa7ab-a104-4fb1-920c-0e405cea7f3f/datanode-0/data/ratis/35b957a0-5c51-4ff4-870f-d25be8053fea: Rolled log segment from /workdir/hadoop-ozone/tools/target/test-dir/MiniOzoneClusterImpl-68baa7ab-a104-4fb1-920c-0e405cea7f3f/datanode-0/data/ratis/35b957a0-5c51-4ff4-870f-d25be8053fea/current/log_inprogress_0 to /workdir/hadoop-ozone/tools/target/test-dir/MiniOzoneClusterImpl-68baa7ab-a104-4fb1-920c-0e405cea7f3f/datanode-0/data/ratis/35b957a0-5c51-4ff4-870f-d25be8053fea/current/log_0-5328
 0.00% |█                                                                                                    |  0/1 Time: 0:00:422019-07-15 13:07:28,532 WARN  server.GrpcLogAppender (GrpcLogAppender.java:timeoutAppendRequest(200)) - GrpcLogAppender(c26939f8-4d1f-4fb1-95c4-1aa8f7e5d3f6->a2e6e0ff-38a8-4bcf-9958-a89ff312531d): appendEntries Timeout, request=c26939f8-4d1f-4fb1-95c4-1aa8f7e5d3f6->a2e6e0ff-38a8-4bcf-9958-a89ff312531d#5337-t1, previous=(t:1, i:5328), leaderCommit=5327, initializing? false, entries: size=1, first=(t:1, i:5329), STATEMACHINELOGENTRY, client-B30EC828C355, cid=3535
2019-07-15 13:07:28,532 WARN  server.GrpcLogAppender (GrpcLogAppender.java:timeoutAppendRequest(200)) - GrpcLogAppender(c26939f8-4d1f-4fb1-95c4-1aa8f7e5d3f6->c5393538-959b-47cf-9d9c-19dac7bed4ee): appendEntries Timeout, request=c26939f8-4d1f-4fb1-95c4-1aa8f7e5d3f6->c5393538-959b-47cf-9d9c-19dac7bed4ee#5337-t1, previous=(t:1, i:5328), leaderCommit=5327, initializing? false, entries: size=1, first=(t:1, i:5329), STATEMACHINELOGENTRY, client-B30EC828C355, cid=3535
2019-07-15 13:07:28,536 WARN  server.GrpcLogAppender (GrpcLogAppender.java:timeoutAppendRequest(200)) - GrpcLogAppender(c26939f8-4d1f-4fb1-95c4-1aa8f7e5d3f6->a2e6e0ff-38a8-4bcf-9958-a89ff312531d): appendEntries Timeout, request=c26939f8-4d1f-4fb1-95c4-1aa8f7e5d3f6->a2e6e0ff-38a8-4bcf-9958-a89ff312531d#5338-t1, previous=(t:1, i:5329), leaderCommit=5327, initializing? false, entries: size=1, first=(t:1, i:5330), STATEMACHINELOGENTRY, client-B30EC828C355, cid=3536
2019-07-15 13:07:28,537 WARN  server.GrpcLogAppender (GrpcLogAppender.java:timeoutAppendRequest(200)) - GrpcLogAppender(c26939f8-4d1f-4fb1-95c4-1aa8f7e5d3f6->c5393538-959b-47cf-9d9c-19dac7bed4ee): appendEntries Timeout, request=c26939f8-4d1f-4fb1-95c4-1aa8f7e5d3f6->c5393538-959b-47cf-9d9c-19dac7bed4ee#5338-t1, previous=(t:1, i:5329), leaderCommit=5327, initializing? false, entries: size=1, first=(t:1, i:5330), STATEMACHINELOGENTRY, client-B30EC828C355, cid=3536
 0.00% |█                                                                                                    |  0/1 Time: 0:00:43 0.00% |█                                                                                                    |  0/1 Time: 0:00:442019-07-15 13:07:30,557 INFO  client.GrpcClientProtocolClient (GrpcClientProtocolClient.java:onNext(255)) - client-B30EC828C355->a2e6e0ff-38a8-4bcf-9958-a89ff312531d: receive RaftClientReply:client-B30EC828C355->a2e6e0ff-38a8-4bcf-9958-a89ff312531d@group-D25BE8053FEA, cid=3535, FAILED org.apache.ratis.protocol.NotLeaderException: Server a2e6e0ff-38a8-4bcf-9958-a89ff312531d is not the leader (c26939f8-4d1f-4fb1-95c4-1aa8f7e5d3f6:192.168.69.114:37276). Request must be sent to leader., logIndex=0, commits[a2e6e0ff-38a8-4bcf-9958-a89ff312531d:c5328, c26939f8-4d1f-4fb1-95c4-1aa8f7e5d3f6:c5328, c5393538-959b-47cf-9d9c-19dac7bed4ee:c5327]
 0.00% |█                                                                                                    |  0/1 Time: 0:00:45 0.00% |█                                                                                                    |  0/1 Time: 0:00:462019-07-15 13:07:33,246 WARN  server.GrpcLogAppender (GrpcLogAppender.java:timeoutAppendRequest(200)) - GrpcLogAppender(c26939f8-4d1f-4fb1-95c4-1aa8f7e5d3f6->a2e6e0ff-38a8-4bcf-9958-a89ff312531d): appendEntries Timeout, request=c26939f8-4d1f-4fb1-95c4-1aa8f7e5d3f6->a2e6e0ff-38a8-4bcf-9958-a89ff312531d#5339-t1, previous=(t:1, i:5330), leaderCommit=5328, initializing? false, entries: <empty>
2019-07-15 13:07:33,246 WARN  server.GrpcLogAppender (GrpcLogAppender.java:timeoutAppendRequest(200)) - GrpcLogAppender(c26939f8-4d1f-4fb1-95c4-1aa8f7e5d3f6->c5393538-959b-47cf-9d9c-19dac7bed4ee): appendEntries Timeout, request=c26939f8-4d1f-4fb1-95c4-1aa8f7e5d3f6->c5393538-959b-47cf-9d9c-19dac7bed4ee#5339-t1, previous=(t:1, i:5330), leaderCommit=5328, initializing? false, entries: <empty>
 0.00% |█                                                                                                    |  0/1 Time: 0:00:47 0.00% |█                                                                                                    |  0/1 Time: 0:00:48 0.00% |█                                                                                                    |  0/1 Time: 0:00:492019-07-15 13:07:35,633 INFO  client.GrpcClientProtocolClient (GrpcClientProtocolClient.java:onNext(255)) - client-B30EC828C355->a2e6e0ff-38a8-4bcf-9958-a89ff312531d: receive RaftClientReply:client-B30EC828C355->a2e6e0ff-38a8-4bcf-9958-a89ff312531d@group-D25BE8053FEA, cid=3535, FAILED org.apache.ratis.protocol.NotLeaderException: Server a2e6e0ff-38a8-4bcf-9958-a89ff312531d is not the leader (c26939f8-4d1f-4fb1-95c4-1aa8f7e5d3f6:192.168.69.114:37276). Request must be sent to leader., logIndex=0, commits[a2e6e0ff-38a8-4bcf-9958-a89ff312531d:c5328, c26939f8-4d1f-4fb1-95c4-1aa8f7e5d3f6:c5328, c5393538-959b-47cf-9d9c-19dac7bed4ee:c5327]
2019-07-15 13:07:35,746 WARN  server.GrpcLogAppender (GrpcLogAppender.java:timeoutAppendRequest(200)) - GrpcLogAppender(c26939f8-4d1f-4fb1-95c4-1aa8f7e5d3f6->a2e6e0ff-38a8-4bcf-9958-a89ff312531d): appendEntries Timeout, request=c26939f8-4d1f-4fb1-95c4-1aa8f7e5d3f6->a2e6e0ff-38a8-4bcf-9958-a89ff312531d#5340-t1, previous=(t:1, i:5330), leaderCommit=5328, initializing? false, entries: <empty>
2019-07-15 13:07:35,746 WARN  server.GrpcLogAppender (GrpcLogAppender.java:timeoutAppendRequest(200)) - GrpcLogAppender(c26939f8-4d1f-4fb1-95c4-1aa8f7e5d3f6->c5393538-959b-47cf-9d9c-19dac7bed4ee): appendEntries Timeout, request=c26939f8-4d1f-4fb1-95c4-1aa8f7e5d3f6->c5393538-959b-47cf-9d9c-19dac7bed4ee#5340-t1, previous=(t:1, i:5330), leaderCommit=5328, initializing? false, entries: <empty>
 0.00% |█                                                                                                    |  0/1 Time: 0:00:50 0.00% |█                                                                                                    |  0/1 Time: 0:00:512019-07-15 13:07:38,247 WARN  server.GrpcLogAppender (GrpcLogAppender.java:timeoutAppendRequest(200)) - GrpcLogAppender(c26939f8-4d1f-4fb1-95c4-1aa8f7e5d3f6->a2e6e0ff-38a8-4bcf-9958-a89ff312531d): appendEntries Timeout, request=c26939f8-4d1f-4fb1-95c4-1aa8f7e5d3f6->a2e6e0ff-38a8-4bcf-9958-a89ff312531d#5341-t1, previous=(t:1, i:5330), leaderCommit=5328, initializing? false, entries: <empty>
2019-07-15 13:07:38,247 WARN  server.GrpcLogAppender (GrpcLogAppender.java:timeoutAppendRequest(200)) - GrpcLogAppender(c26939f8-4d1f-4fb1-95c4-1aa8f7e5d3f6->c5393538-959b-47cf-9d9c-19dac7bed4ee): appendEntries Timeout, request=c26939f8-4d1f-4fb1-95c4-1aa8f7e5d3f6->c5393538-959b-47cf-9d9c-19dac7bed4ee#5341-t1, previous=(t:1, i:5330), leaderCommit=5328, initializing? false, entries: <empty>
 0.00% |█                                                                                                    |  0/1 Time: 0:00:52 0.00% |█                                                                                                    |  0/1 Time: 0:00:53 0.00% |█                                                                                                    |  0/1 Time: 0:00:542019-07-15 13:07:40,523 INFO  segmented.SegmentedRaftLogWorker (SegmentedRaftLogWorker.java:execute(569)) - a2e6e0ff-38a8-4bcf-9958-a89ff312531d-SegmentedRaftLogWorker:Storage Directory /workdir/hadoop-ozone/tools/target/test-dir/MiniOzoneClusterImpl-68baa7ab-a104-4fb1-920c-0e405cea7f3f/datanode-2/data/ratis/35b957a0-5c51-4ff4-870f-d25be8053fea: created new log segment /workdir/hadoop-ozone/tools/target/test-dir/MiniOzoneClusterImpl-68baa7ab-a104-4fb1-920c-0e405cea7f3f/datanode-2/data/ratis/35b957a0-5c51-4ff4-870f-d25be8053fea/current/log_inprogress_5329
2019-07-15 13:07:40,523 INFO  segmented.SegmentedRaftLogWorker (SegmentedRaftLogWorker.java:execute(569)) - c26939f8-4d1f-4fb1-95c4-1aa8f7e5d3f6-SegmentedRaftLogWorker:Storage Directory /workdir/hadoop-ozone/tools/target/test-dir/MiniOzoneClusterImpl-68baa7ab-a104-4fb1-920c-0e405cea7f3f/datanode-0/data/ratis/35b957a0-5c51-4ff4-870f-d25be8053fea: created new log segment /workdir/hadoop-ozone/tools/target/test-dir/MiniOzoneClusterImpl-68baa7ab-a104-4fb1-920c-0e405cea7f3f/datanode-0/data/ratis/35b957a0-5c51-4ff4-870f-d25be8053fea/current/log_inprogress_5329
2019-07-15 13:07:40,523 INFO  segmented.SegmentedRaftLogWorker (SegmentedRaftLogWorker.java:execute(569)) - c5393538-959b-47cf-9d9c-19dac7bed4ee-SegmentedRaftLogWorker:Storage Directory /workdir/hadoop-ozone/tools/target/test-dir/MiniOzoneClusterImpl-68baa7ab-a104-4fb1-920c-0e405cea7f3f/datanode-1/data/ratis/35b957a0-5c51-4ff4-870f-d25be8053fea: created new log segment /workdir/hadoop-ozone/tools/target/test-dir/MiniOzoneClusterImpl-68baa7ab-a104-4fb1-920c-0e405cea7f3f/datanode-1/data/ratis/35b957a0-5c51-4ff4-870f-d25be8053fea/current/log_inprogress_5329
2019-07-15 13:07:40,694 INFO  client.GrpcClientProtocolClient (GrpcClientProtocolClient.java:onNext(255)) - client-B30EC828C355->c5393538-959b-47cf-9d9c-19dac7bed4ee: receive RaftClientReply:client-B30EC828C355->c5393538-959b-47cf-9d9c-19dac7bed4ee@group-D25BE8053FEA, cid=3535, FAILED org.apache.ratis.protocol.NotLeaderException: Server c5393538-959b-47cf-9d9c-19dac7bed4ee is not the leader (c26939f8-4d1f-4fb1-95c4-1aa8f7e5d3f6:192.168.69.114:37276). Request must be sent to leader., logIndex=0, commits[c5393538-959b-47cf-9d9c-19dac7bed4ee:c5328, c26939f8-4d1f-4fb1-95c4-1aa8f7e5d3f6:c5328, a2e6e0ff-38a8-4bcf-9958-a89ff312531d:c5327]
2019-07-15 13:07:40,747 WARN  server.GrpcLogAppender (GrpcLogAppender.java:timeoutAppendRequest(200)) - GrpcLogAppender(c26939f8-4d1f-4fb1-95c4-1aa8f7e5d3f6->a2e6e0ff-38a8-4bcf-9958-a89ff312531d): appendEntries Timeout, request=c26939f8-4d1f-4fb1-95c4-1aa8f7e5d3f6->a2e6e0ff-38a8-4bcf-9958-a89ff312531d#5342-t1, previous=(t:1, i:5330), leaderCommit=5328, initializing? false, entries: <empty>
2019-07-15 13:07:40,747 WARN  server.GrpcLogAppender (GrpcLogAppender.java:timeoutAppendRequest(200)) - GrpcLogAppender(c26939f8-4d1f-4fb1-95c4-1aa8f7e5d3f6->c5393538-959b-47cf-9d9c-19dac7bed4ee): appendEntries Timeout, request=c26939f8-4d1f-4fb1-95c4-1aa8f7e5d3f6->c5393538-959b-47cf-9d9c-19dac7bed4ee#5342-t1, previous=(t:1, i:5330), leaderCommit=5328, initializing? false, entries: <empty>
 0.00% |█                                                                                                    |  0/1 Time: 0:00:552019-07-15 13:07:42,005 WARN  server.GrpcLogAppender (GrpcLogAppender.java:onNextImpl(250)) - org.apache.ratis.grpc.server.GrpcLogAppender$AppendLogResponseHandler@26a8d979: Request not found, ignoring reply: c26939f8-4d1f-4fb1-95c4-1aa8f7e5d3f6<-c5393538-959b-47cf-9d9c-19dac7bed4ee#5337:OK,SUCCESS,nextIndex:5330,term:1,followerCommit:5328
2019-07-15 13:07:42,005 WARN  server.GrpcLogAppender (GrpcLogAppender.java:onNextImpl(250)) - org.apache.ratis.grpc.server.GrpcLogAppender$AppendLogResponseHandler@26a8d979: Request not found, ignoring reply: c26939f8-4d1f-4fb1-95c4-1aa8f7e5d3f6<-c5393538-959b-47cf-9d9c-19dac7bed4ee#5338:OK,SUCCESS,nextIndex:5331,term:1,followerCommit:5328
2019-07-15 13:07:42,006 WARN  server.GrpcLogAppender (GrpcLogAppender.java:onNextImpl(250)) - org.apache.ratis.grpc.server.GrpcLogAppender$AppendLogResponseHandler@26a8d979: Request not found, ignoring reply: c26939f8-4d1f-4fb1-95c4-1aa8f7e5d3f6<-c5393538-959b-47cf-9d9c-19dac7bed4ee#5339:OK,SUCCESS,nextIndex:5331,term:1,followerCommit:5328
2019-07-15 13:07:42,006 WARN  server.GrpcLogAppender (GrpcLogAppender.java:onNextImpl(250)) - org.apache.ratis.grpc.server.GrpcLogAppender$AppendLogResponseHandler@26a8d979: Request not found, ignoring reply: c26939f8-4d1f-4fb1-95c4-1aa8f7e5d3f6<-c5393538-959b-47cf-9d9c-19dac7bed4ee#5340:OK,SUCCESS,nextIndex:5331,term:1,followerCommit:5328
2019-07-15 13:07:42,006 WARN  server.GrpcLogAppender (GrpcLogAppender.java:onNextImpl(250)) - org.apache.ratis.grpc.server.GrpcLogAppender$AppendLogResponseHandler@26a8d979: Request not found, ignoring reply: c26939f8-4d1f-4fb1-95c4-1aa8f7e5d3f6<-c5393538-959b-47cf-9d9c-19dac7bed4ee#5341:OK,SUCCESS,nextIndex:5331,term:1,followerCommit:5328
2019-07-15 13:07:42,006 WARN  server.GrpcLogAppender (GrpcLogAppender.java:onNextImpl(250)) - org.apache.ratis.grpc.server.GrpcLogAppender$AppendLogResponseHandler@26a8d979: Request not found, ignoring reply: c26939f8-4d1f-4fb1-95c4-1aa8f7e5d3f6<-c5393538-959b-47cf-9d9c-19dac7bed4ee#5342:OK,SUCCESS,nextIndex:5331,term:1,followerCommit:5328
2019-07-15 13:07:42,015 INFO  client.GrpcClientProtocolClient (GrpcClientProtocolClient.java:onNext(255)) - client-B30EC828C355->c26939f8-4d1f-4fb1-95c4-1aa8f7e5d3f6: receive RaftClientReply:client-B30EC828C355->c26939f8-4d1f-4fb1-95c4-1aa8f7e5d3f6@group-D25BE8053FEA, cid=3535, SUCCESS, logIndex=5329, commits[c26939f8-4d1f-4fb1-95c4-1aa8f7e5d3f6:c5330, c5393538-959b-47cf-9d9c-19dac7bed4ee:c5328, a2e6e0ff-38a8-4bcf-9958-a89ff312531d:c5327]
2019-07-15 13:07:42,024 INFO  client.GrpcClientProtocolClient (GrpcClientProtocolClient.java:onNext(255)) - client-B30EC828C355->c26939f8-4d1f-4fb1-95c4-1aa8f7e5d3f6: receive RaftClientReply:client-B30EC828C355->c26939f8-4d1f-4fb1-95c4-1aa8f7e5d3f6@group-D25BE8053FEA, cid=3536, SUCCESS, logIndex=5330, commits[c26939f8-4d1f-4fb1-95c4-1aa8f7e5d3f6:c5330, c5393538-959b-47cf-9d9c-19dac7bed4ee:c5328, a2e6e0ff-38a8-4bcf-9958-a89ff312531d:c5327]
 0.00% |█                                                                                                    |  0/1 Time: 0:00:562019-07-15 13:07:43,247 WARN  server.GrpcLogAppender (GrpcLogAppender.java:timeoutAppendRequest(200)) - GrpcLogAppender(c26939f8-4d1f-4fb1-95c4-1aa8f7e5d3f6->a2e6e0ff-38a8-4bcf-9958-a89ff312531d): appendEntries Timeout, request=c26939f8-4d1f-4fb1-95c4-1aa8f7e5d3f6->a2e6e0ff-38a8-4bcf-9958-a89ff312531d#5343-t1, previous=(t:1, i:5330), leaderCommit=5328, initializing? false, entries: <empty>
 0.00% |█                                                                                                    |  0/1 Time: 0:00:572019-07-15 13:07:44,004 WARN  server.GrpcLogAppender (GrpcLogAppender.java:onNextImpl(250)) - org.apache.ratis.grpc.server.GrpcLogAppender$AppendLogResponseHandler@e3c6926: Request not found, ignoring reply: c26939f8-4d1f-4fb1-95c4-1aa8f7e5d3f6<-a2e6e0ff-38a8-4bcf-9958-a89ff312531d#5337:OK,SUCCESS,nextIndex:5330,term:1,followerCommit:5328
2019-07-15 13:07:44,005 WARN  server.GrpcLogAppender (GrpcLogAppender.java:onNextImpl(250)) - org.apache.ratis.grpc.server.GrpcLogAppender$AppendLogResponseHandler@e3c6926: Request not found, ignoring reply: c26939f8-4d1f-4fb1-95c4-1aa8f7e5d3f6<-a2e6e0ff-38a8-4bcf-9958-a89ff312531d#5338:OK,SUCCESS,nextIndex:5331,term:1,followerCommit:5328
2019-07-15 13:07:44,005 WARN  server.GrpcLogAppender (GrpcLogAppender.java:onNextImpl(250)) - org.apache.ratis.grpc.server.GrpcLogAppender$AppendLogResponseHandler@e3c6926: Request not found, ignoring reply: c26939f8-4d1f-4fb1-95c4-1aa8f7e5d3f6<-a2e6e0ff-38a8-4bcf-9958-a89ff312531d#5339:OK,SUCCESS,nextIndex:5331,term:1,followerCommit:5328
2019-07-15 13:07:44,005 WARN  server.GrpcLogAppender (GrpcLogAppender.java:onNextImpl(250)) - org.apache.ratis.grpc.server.GrpcLogAppender$AppendLogResponseHandler@e3c6926: Request not found, ignoring reply: c26939f8-4d1f-4fb1-95c4-1aa8f7e5d3f6<-a2e6e0ff-38a8-4bcf-9958-a89ff312531d#5340:OK,SUCCESS,nextIndex:5331,term:1,followerCommit:5328
2019-07-15 13:07:44,006 WARN  server.GrpcLogAppender (GrpcLogAppender.java:onNextImpl(250)) - org.apache.ratis.grpc.server.GrpcLogAppender$AppendLogResponseHandler@e3c6926: Request not found, ignoring reply: c26939f8-4d1f-4fb1-95c4-1aa8f7e5d3f6<-a2e6e0ff-38a8-4bcf-9958-a89ff312531d#5341:OK,SUCCESS,nextIndex:5331,term:1,followerCommit:5328
2019-07-15 13:07:44,006 WARN  server.GrpcLogAppender (GrpcLogAppender.java:onNextImpl(250)) - org.apache.ratis.grpc.server.GrpcLogAppender$AppendLogResponseHandler@e3c6926: Request not found, ignoring reply: c26939f8-4d1f-4fb1-95c4-1aa8f7e5d3f6<-a2e6e0ff-38a8-4bcf-9958-a89ff312531d#5342:OK,SUCCESS,nextIndex:5331,term:1,followerCommit:5328
2019-07-15 13:07:44,006 WARN  server.GrpcLogAppender (GrpcLogAppender.java:onNextImpl(250)) - org.apache.ratis.grpc.server.GrpcLogAppender$AppendLogResponseHandler@e3c6926: Request not found, ignoring reply: c26939f8-4d1f-4fb1-95c4-1aa8f7e5d3f6<-a2e6e0ff-38a8-4bcf-9958-a89ff312531d#5343:OK,SUCCESS,nextIndex:5331,term:1,followerCommit:5328
 0.00% |█                                                                                                    |  0/1 Time: 0:00:582019-07-15 13:07:45,008 WARN  server.GrpcLogAppender (GrpcLogAppender.java:timeoutAppendRequest(200)) - GrpcLogAppender(c26939f8-4d1f-4fb1-95c4-1aa8f7e5d3f6->a2e6e0ff-38a8-4bcf-9958-a89ff312531d): appendEntries Timeout, request=c26939f8-4d1f-4fb1-95c4-1aa8f7e5d3f6->a2e6e0ff-38a8-4bcf-9958-a89ff312531d#5344-t1, previous=(t:1, i:5330), leaderCommit=5330, initializing? false, entries: size=1, first=(t:1, i:5331), METADATAENTRY(c5330)
 0.00% |█                                                                                                    |  0/1 Time: 0:00:59 0.00% |█                                                                                                    |  0/1 Time: 0:01:002019-07-15 13:07:47,030 WARN  scm.XceiverClientRatis (XceiverClientRatis.java:watchForCommit(262)) - 3 way commit failed on pipeline Pipeline[ Id: 35b957a0-5c51-4ff4-870f-d25be8053fea, Nodes: c26939f8-4d1f-4fb1-95c4-1aa8f7e5d3f6{ip: 192.168.69.114, host: trunk-nightly-hvlc9-602362230, networkLocation: /default-rack, certSerialId: null}c5393538-959b-47cf-9d9c-19dac7bed4ee{ip: 192.168.69.114, host: trunk-nightly-hvlc9-602362230, networkLocation: /default-rack, certSerialId: null}a2e6e0ff-38a8-4bcf-9958-a89ff312531d{ip: 192.168.69.114, host: trunk-nightly-hvlc9-602362230, networkLocation: /default-rack, certSerialId: null}, Type:RATIS, Factor:THREE, State:OPEN]
java.util.concurrent.TimeoutException
	at java.util.concurrent.CompletableFuture.timedGet(CompletableFuture.java:1771)
	at java.util.concurrent.CompletableFuture.get(CompletableFuture.java:1915)
	at org.apache.hadoop.hdds.scm.XceiverClientRatis.watchForCommit(XceiverClientRatis.java:259)
	at org.apache.hadoop.hdds.scm.storage.CommitWatcher.watchForCommit(CommitWatcher.java:194)
	at org.apache.hadoop.hdds.scm.storage.CommitWatcher.watchOnLastIndex(CommitWatcher.java:157)
	at org.apache.hadoop.hdds.scm.storage.BlockOutputStream.watchForCommit(BlockOutputStream.java:355)
	at org.apache.hadoop.hdds.scm.storage.BlockOutputStream.handleFlush(BlockOutputStream.java:487)
	at org.apache.hadoop.hdds.scm.storage.BlockOutputStream.close(BlockOutputStream.java:501)
	at org.apache.hadoop.ozone.client.io.BlockOutputStreamEntry.close(BlockOutputStreamEntry.java:143)
	at org.apache.hadoop.ozone.client.io.KeyOutputStream.handleFlushOrClose(KeyOutputStream.java:438)
	at org.apache.hadoop.ozone.client.io.KeyOutputStream.handleWrite(KeyOutputStream.java:235)
	at org.apache.hadoop.ozone.client.io.KeyOutputStream.write(KeyOutputStream.java:193)
	at org.apache.hadoop.ozone.client.io.OzoneOutputStream.write(OzoneOutputStream.java:49)
	at org.apache.hadoop.ozone.freon.RandomKeyGenerator$KeyProcessor.run(RandomKeyGenerator.java:693)
	at java.util.concurrent.Executors$RunnableAdapter.call(Executors.java:511)
	at java.util.concurrent.FutureTask.run(FutureTask.java:266)
	at java.util.concurrent.ThreadPoolExecutor.runWorker(ThreadPoolExecutor.java:1149)
	at java.util.concurrent.ThreadPoolExecutor$Worker.run(ThreadPoolExecutor.java:624)
	at java.lang.Thread.run(Thread.java:748)
2019-07-15 13:07:47,039 INFO  client.GrpcClientProtocolClient (GrpcClientProtocolClient.java:onNext(255)) - client-B30EC828C355->c26939f8-4d1f-4fb1-95c4-1aa8f7e5d3f6: receive RaftClientReply:client-B30EC828C355->c26939f8-4d1f-4fb1-95c4-1aa8f7e5d3f6@group-D25BE8053FEA, cid=3538, SUCCESS, logIndex=0, commits[c26939f8-4d1f-4fb1-95c4-1aa8f7e5d3f6:c5331, c5393538-959b-47cf-9d9c-19dac7bed4ee:c5331, a2e6e0ff-38a8-4bcf-9958-a89ff312531d:c5327]
2019-07-15 13:07:47,043 INFO  scm.XceiverClientRatis (XceiverClientRatis.java:lambda$watchForCommit$7(280)) - Could not commit index 5330 on pipeline Pipeline[ Id: 35b957a0-5c51-4ff4-870f-d25be8053fea, Nodes: c26939f8-4d1f-4fb1-95c4-1aa8f7e5d3f6{ip: 192.168.69.114, host: trunk-nightly-hvlc9-602362230, networkLocation: /default-rack, certSerialId: null}c5393538-959b-47cf-9d9c-19dac7bed4ee{ip: 192.168.69.114, host: trunk-nightly-hvlc9-602362230, networkLocation: /default-rack, certSerialId: null}a2e6e0ff-38a8-4bcf-9958-a89ff312531d{ip: 192.168.69.114, host: trunk-nightly-hvlc9-602362230, networkLocation: /default-rack, certSerialId: null}, Type:RATIS, Factor:THREE, State:OPEN] to all the nodes. Server a2e6e0ff-38a8-4bcf-9958-a89ff312531d has failed. Committed by majority.
2019-07-15 13:07:47,045 WARN  storage.BlockOutputStream (BlockOutputStream.java:watchForCommit(361)) - Failed to commit BlockId conID: 2 locID: 102445615537783480 bcsId: 5330 on Pipeline[ Id: 35b957a0-5c51-4ff4-870f-d25be8053fea, Nodes: c26939f8-4d1f-4fb1-95c4-1aa8f7e5d3f6{ip: 192.168.69.114, host: trunk-nightly-hvlc9-602362230, networkLocation: /default-rack, certSerialId: null}c5393538-959b-47cf-9d9c-19dac7bed4ee{ip: 192.168.69.114, host: trunk-nightly-hvlc9-602362230, networkLocation: /default-rack, certSerialId: null}a2e6e0ff-38a8-4bcf-9958-a89ff312531d{ip: 192.168.69.114, host: trunk-nightly-hvlc9-602362230, networkLocation: /default-rack, certSerialId: null}, Type:RATIS, Factor:THREE, State:OPEN]. Failed nodes: [a2e6e0ff-38a8-4bcf-9958-a89ff312531d{ip: null, host: null, networkLocation: /default-rack, certSerialId: null}]
2019-07-15 13:07:47,045 ERROR freon.RandomKeyGenerator (RandomKeyGenerator.java:run(718)) - Exception while adding key: key-0-29155 in bucket: bucket-0-35423 of volume: vol-0-42788.
java.lang.UnsupportedOperationException
	at java.util.AbstractList.add(AbstractList.java:148)
	at java.util.AbstractList.add(AbstractList.java:108)
	at java.util.AbstractCollection.addAll(AbstractCollection.java:344)
	at org.apache.hadoop.hdds.scm.storage.BlockOutputStream.watchForCommit(BlockOutputStream.java:363)
	at org.apache.hadoop.hdds.scm.storage.BlockOutputStream.handleFlush(BlockOutputStream.java:487)
	at org.apache.hadoop.hdds.scm.storage.BlockOutputStream.close(BlockOutputStream.java:501)
	at org.apache.hadoop.ozone.client.io.BlockOutputStreamEntry.close(BlockOutputStreamEntry.java:143)
	at org.apache.hadoop.ozone.client.io.KeyOutputStream.handleFlushOrClose(KeyOutputStream.java:438)
	at org.apache.hadoop.ozone.client.io.KeyOutputStream.handleWrite(KeyOutputStream.java:235)
	at org.apache.hadoop.ozone.client.io.KeyOutputStream.write(KeyOutputStream.java:193)
	at org.apache.hadoop.ozone.client.io.OzoneOutputStream.write(OzoneOutputStream.java:49)
	at org.apache.hadoop.ozone.freon.RandomKeyGenerator$KeyProcessor.run(RandomKeyGenerator.java:693)
	at java.util.concurrent.Executors$RunnableAdapter.call(Executors.java:511)
	at java.util.concurrent.FutureTask.run(FutureTask.java:266)
	at java.util.concurrent.ThreadPoolExecutor.runWorker(ThreadPoolExecutor.java:1149)
	at java.util.concurrent.ThreadPoolExecutor$Worker.run(ThreadPoolExecutor.java:624)
	at java.lang.Thread.run(Thread.java:748)
2019-07-15 13:07:47,320 WARN  server.GrpcLogAppender (GrpcLogAppender.java:onNextImpl(250)) - org.apache.ratis.grpc.server.GrpcLogAppender$AppendLogResponseHandler@e3c6926: Request not found, ignoring reply: c26939f8-4d1f-4fb1-95c4-1aa8f7e5d3f6<-a2e6e0ff-38a8-4bcf-9958-a89ff312531d#5344:OK,SUCCESS,nextIndex:5332,term:1,followerCommit:5330
2019-07-15 13:07:47,324 INFO  client.GrpcClientProtocolClient (GrpcClientProtocolClient.java:onNext(255)) - client-B30EC828C355->c26939f8-4d1f-4fb1-95c4-1aa8f7e5d3f6: receive RaftClientReply:client-B30EC828C355->c26939f8-4d1f-4fb1-95c4-1aa8f7e5d3f6@group-D25BE8053FEA, cid=3537, SUCCESS, logIndex=0, commits[c26939f8-4d1f-4fb1-95c4-1aa8f7e5d3f6:c5331, c5393538-959b-47cf-9d9c-19dac7bed4ee:c5331, a2e6e0ff-38a8-4bcf-9958-a89ff312531d:c5330]
2019-07-15 13:07:47,324 INFO  client.GrpcClientProtocolClient (GrpcClientProtocolClient.java:onNext(255)) - client-B30EC828C355->c26939f8-4d1f-4fb1-95c4-1aa8f7e5d3f6: receive RaftClientReply:client-B30EC828C355->c26939f8-4d1f-4fb1-95c4-1aa8f7e5d3f6@group-D25BE8053FEA, cid=3537, SUCCESS, logIndex=0, commits[c26939f8-4d1f-4fb1-95c4-1aa8f7e5d3f6:c5331, c5393538-959b-47cf-9d9c-19dac7bed4ee:c5331, a2e6e0ff-38a8-4bcf-9958-a89ff312531d:c5330]
 0.00% |█                                                                                                    |  0/1 Time: 0:01:01 0.00% |█                                                                                                    |  0/1 Time: 0:01:02 0.00% |█                                                                                                    |  0/1 Time: 0:01:03 0.00% |█                                                                                                    |  0/1 Time: 0:01:04 100.00% |█████████████████████████████████████████████████████████████████████████████████████████████████████|  1/1 Time: 0:01:05
]]></system-out>
  </testcase>
  <testcase name="multiThread" classname="org.apache.hadoop.ozone.freon.TestRandomKeyGenerator" time="15.075"/>
</testsuite>