<?xml version="1.0" encoding="UTF-8"?>
<testsuite xmlns:xsi="http://www.w3.org/2001/XMLSchema-instance" xsi:noNamespaceSchemaLocation="https://maven.apache.org/surefire/maven-surefire-plugin/xsd/surefire-test-report.xsd" name="org.apache.hadoop.ozone.freon.TestFreonWithPipelineDestroy" time="42.216" tests="1" errors="1" skipped="0" failures="0">
  <properties>
    <property name="awt.toolkit" value="sun.awt.X11.XToolkit"/>
    <property name="file.encoding.pkg" value="sun.io"/>
    <property name="java.specification.version" value="1.8"/>
    <property name="sun.cpu.isalist" value=""/>
    <property name="sun.jnu.encoding" value="UTF-8"/>
    <property name="java.class.path" value="/workdir/hadoop-ozone/tools/target/test-classes:/workdir/hadoop-ozone/tools/target/classes:/workdir/hadoop-ozone/ozone-manager/target/classes:/workdir/hadoop-hdds/docs/target/classes:/home/user/.m2/repository/org/bouncycastle/bcprov-jdk15on/1.60/bcprov-jdk15on-1.60.jar:/workdir/hadoop-ozone/common/target/classes:/home/user/.m2/repository/org/apache/commons/commons-compress/1.4.1/commons-compress-1.4.1.jar:/home/user/.m2/repository/org/tukaani/xz/1.0/xz-1.0.jar:/home/user/.m2/repository/org/apache/hadoop/hadoop-hdfs-client/3.2.0/hadoop-hdfs-client-3.2.0.jar:/home/user/.m2/repository/com/fasterxml/jackson/core/jackson-annotations/2.9.5/jackson-annotations-2.9.5.jar:/workdir/hadoop-hdds/common/target/classes:/workdir/hadoop-hdds/config/target/classes:/home/user/.m2/repository/javax/annotation/javax.annotation-api/1.2/javax.annotation-api-1.2.jar:/home/user/.m2/repository/org/apache/ratis/ratis-server/0.4.0-2337318-SNAPSHOT/ratis-server-0.4.0-2337318-SNAPSHOT.jar:/home/user/.m2/repository/org/apache/ratis/ratis-thirdparty-misc/0.2.0/ratis-thirdparty-misc-0.2.0.jar:/home/user/.m2/repository/org/apache/ratis/ratis-proto/0.4.0-2337318-SNAPSHOT/ratis-proto-0.4.0-2337318-SNAPSHOT.jar:/home/user/.m2/repository/org/apache/ratis/ratis-common/0.4.0-2337318-SNAPSHOT/ratis-common-0.4.0-2337318-SNAPSHOT.jar:/home/user/.m2/repository/org/apache/ratis/ratis-client/0.4.0-2337318-SNAPSHOT/ratis-client-0.4.0-2337318-SNAPSHOT.jar:/home/user/.m2/repository/org/apache/ratis/ratis-metrics/0.4.0-2337318-SNAPSHOT/ratis-metrics-0.4.0-2337318-SNAPSHOT.jar:/home/user/.m2/repository/org/apache/ratis/ratis-netty/0.4.0-2337318-SNAPSHOT/ratis-netty-0.4.0-2337318-SNAPSHOT.jar:/home/user/.m2/repository/org/apache/ratis/ratis-grpc/0.4.0-2337318-SNAPSHOT/ratis-grpc-0.4.0-2337318-SNAPSHOT.jar:/home/user/.m2/repository/org/rocksdb/rocksdbjni/6.0.1/rocksdbjni-6.0.1.jar:/home/user/.m2/repository/org/apache/logging/log4j/log4j-api/2.11.0/log4j-api-2.11.0.jar:/home/user/.m2/repository/org/apache/logging/log4j/log4j-core/2.11.0/log4j-core-2.11.0.jar:/home/user/.m2/repository/com/lmax/disruptor/3.4.2/disruptor-3.4.2.jar:/home/user/.m2/repository/org/apache/commons/commons-pool2/2.6.0/commons-pool2-2.6.0.jar:/home/user/.m2/repository/org/bouncycastle/bcpkix-jdk15on/1.60/bcpkix-jdk15on-1.60.jar:/home/user/.m2/repository/commons-validator/commons-validator/1.6/commons-validator-1.6.jar:/home/user/.m2/repository/commons-digester/commons-digester/1.8.1/commons-digester-1.8.1.jar:/home/user/.m2/repository/io/jaegertracing/jaeger-client/0.33.1/jaeger-client-0.33.1.jar:/home/user/.m2/repository/io/jaegertracing/jaeger-thrift/0.33.1/jaeger-thrift-0.33.1.jar:/home/user/.m2/repository/org/apache/thrift/libthrift/0.11.0/libthrift-0.11.0.jar:/home/user/.m2/repository/com/squareup/okhttp3/okhttp/3.9.0/okhttp-3.9.0.jar:/home/user/.m2/repository/com/squareup/okio/okio/1.13.0/okio-1.13.0.jar:/home/user/.m2/repository/io/jaegertracing/jaeger-core/0.33.1/jaeger-core-0.33.1.jar:/home/user/.m2/repository/io/jaegertracing/jaeger-tracerresolver/0.33.1/jaeger-tracerresolver-0.33.1.jar:/home/user/.m2/repository/io/opentracing/contrib/opentracing-tracerresolver/0.1.5/opentracing-tracerresolver-0.1.5.jar:/home/user/.m2/repository/io/opentracing/opentracing-util/0.31.0/opentracing-util-0.31.0.jar:/home/user/.m2/repository/io/opentracing/opentracing-api/0.31.0/opentracing-api-0.31.0.jar:/home/user/.m2/repository/io/opentracing/opentracing-noop/0.31.0/opentracing-noop-0.31.0.jar:/home/user/.m2/repository/org/yaml/snakeyaml/1.16/snakeyaml-1.16.jar:/workdir/hadoop-hdds/container-service/target/classes:/workdir/hadoop-hdds/client/target/classes:/workdir/hadoop-hdds/tools/target/classes:/home/user/.m2/repository/org/xerial/sqlite-jdbc/3.25.2/sqlite-jdbc-3.25.2.jar:/workdir/hadoop-hdds/server-scm/target/classes:/home/user/.m2/repository/org/hamcrest/hamcrest-all/1.3/hamcrest-all-1.3.jar:/home/user/.m2/repository/info/picocli/picocli/3.9.6/picocli-3.9.6.jar:/home/user/.m2/repository/com/google/protobuf/protobuf-java/2.5.0/protobuf-java-2.5.0.jar:/home/user/.m2/repository/com/google/guava/guava/11.0.2/guava-11.0.2.jar:/workdir/hadoop-ozone/client/target/classes:/home/user/.m2/repository/org/apache/hadoop/hadoop-ozone-filesystem/0.5.0-SNAPSHOT/hadoop-ozone-filesystem-0.5.0-SNAPSHOT.jar:/workdir/hadoop-hdds/framework/target/classes:/home/user/.m2/repository/org/apache/hadoop/hadoop-common/3.2.0/hadoop-common-3.2.0.jar:/home/user/.m2/repository/org/apache/hadoop/hadoop-annotations/3.2.0/hadoop-annotations-3.2.0.jar:/usr/lib/jvm/java-1.8-openjdk/jre/../lib/tools.jar:/home/user/.m2/repository/commons-cli/commons-cli/1.2/commons-cli-1.2.jar:/home/user/.m2/repository/org/apache/commons/commons-math3/3.1.1/commons-math3-3.1.1.jar:/home/user/.m2/repository/org/apache/httpcomponents/httpclient/4.5.2/httpclient-4.5.2.jar:/home/user/.m2/repository/org/apache/httpcomponents/httpcore/4.4.4/httpcore-4.4.4.jar:/home/user/.m2/repository/commons-codec/commons-codec/1.11/commons-codec-1.11.jar:/home/user/.m2/repository/commons-io/commons-io/2.5/commons-io-2.5.jar:/home/user/.m2/repository/commons-net/commons-net/3.6/commons-net-3.6.jar:/home/user/.m2/repository/commons-collections/commons-collections/3.2.2/commons-collections-3.2.2.jar:/home/user/.m2/repository/javax/servlet/javax.servlet-api/3.1.0/javax.servlet-api-3.1.0.jar:/home/user/.m2/repository/org/eclipse/jetty/jetty-server/9.3.24.v20180605/jetty-server-9.3.24.v20180605.jar:/home/user/.m2/repository/org/eclipse/jetty/jetty-http/9.3.24.v20180605/jetty-http-9.3.24.v20180605.jar:/home/user/.m2/repository/org/eclipse/jetty/jetty-io/9.3.24.v20180605/jetty-io-9.3.24.v20180605.jar:/home/user/.m2/repository/org/eclipse/jetty/jetty-util/9.3.24.v20180605/jetty-util-9.3.24.v20180605.jar:/home/user/.m2/repository/org/eclipse/jetty/jetty-servlet/9.3.24.v20180605/jetty-servlet-9.3.24.v20180605.jar:/home/user/.m2/repository/org/eclipse/jetty/jetty-security/9.3.24.v20180605/jetty-security-9.3.24.v20180605.jar:/home/user/.m2/repository/org/eclipse/jetty/jetty-webapp/9.3.24.v20180605/jetty-webapp-9.3.24.v20180605.jar:/home/user/.m2/repository/org/eclipse/jetty/jetty-xml/9.3.24.v20180605/jetty-xml-9.3.24.v20180605.jar:/home/user/.m2/repository/javax/servlet/jsp/jsp-api/2.1/jsp-api-2.1.jar:/home/user/.m2/repository/com/sun/jersey/jersey-core/1.19/jersey-core-1.19.jar:/home/user/.m2/repository/javax/ws/rs/jsr311-api/1.1.1/jsr311-api-1.1.1.jar:/home/user/.m2/repository/com/sun/jersey/jersey-servlet/1.19/jersey-servlet-1.19.jar:/home/user/.m2/repository/com/sun/jersey/jersey-json/1.19/jersey-json-1.19.jar:/home/user/.m2/repository/org/codehaus/jettison/jettison/1.1/jettison-1.1.jar:/home/user/.m2/repository/com/sun/xml/bind/jaxb-impl/2.3.0.1/jaxb-impl-2.3.0.1.jar:/home/user/.m2/repository/org/codehaus/jackson/jackson-core-asl/1.9.13/jackson-core-asl-1.9.13.jar:/home/user/.m2/repository/org/codehaus/jackson/jackson-mapper-asl/1.9.13/jackson-mapper-asl-1.9.13.jar:/home/user/.m2/repository/org/codehaus/jackson/jackson-jaxrs/1.9.13/jackson-jaxrs-1.9.13.jar:/home/user/.m2/repository/org/codehaus/jackson/jackson-xc/1.9.13/jackson-xc-1.9.13.jar:/home/user/.m2/repository/com/sun/jersey/jersey-server/1.19/jersey-server-1.19.jar:/home/user/.m2/repository/commons-logging/commons-logging/1.1.3/commons-logging-1.1.3.jar:/home/user/.m2/repository/log4j/log4j/1.2.17/log4j-1.2.17.jar:/home/user/.m2/repository/commons-beanutils/commons-beanutils/1.9.3/commons-beanutils-1.9.3.jar:/home/user/.m2/repository/org/apache/commons/commons-configuration2/2.1.1/commons-configuration2-2.1.1.jar:/home/user/.m2/repository/org/apache/commons/commons-lang3/3.7/commons-lang3-3.7.jar:/home/user/.m2/repository/org/apache/commons/commons-text/1.4/commons-text-1.4.jar:/home/user/.m2/repository/org/slf4j/slf4j-api/1.7.25/slf4j-api-1.7.25.jar:/home/user/.m2/repository/org/slf4j/slf4j-log4j12/1.7.25/slf4j-log4j12-1.7.25.jar:/home/user/.m2/repository/org/apache/avro/avro/1.7.7/avro-1.7.7.jar:/home/user/.m2/repository/com/thoughtworks/paranamer/paranamer/2.3/paranamer-2.3.jar:/home/user/.m2/repository/org/xerial/snappy/snappy-java/1.0.5/snappy-java-1.0.5.jar:/home/user/.m2/repository/com/google/re2j/re2j/1.1/re2j-1.1.jar:/home/user/.m2/repository/com/google/code/gson/gson/2.2.4/gson-2.2.4.jar:/home/user/.m2/repository/org/apache/hadoop/hadoop-auth/3.2.0/hadoop-auth-3.2.0.jar:/home/user/.m2/repository/com/nimbusds/nimbus-jose-jwt/4.41.1/nimbus-jose-jwt-4.41.1.jar:/home/user/.m2/repository/com/github/stephenc/jcip/jcip-annotations/1.0-1/jcip-annotations-1.0-1.jar:/home/user/.m2/repository/net/minidev/json-smart/2.3/json-smart-2.3.jar:/home/user/.m2/repository/net/minidev/accessors-smart/1.2/accessors-smart-1.2.jar:/home/user/.m2/repository/org/apache/curator/curator-framework/2.12.0/curator-framework-2.12.0.jar:/home/user/.m2/repository/com/jcraft/jsch/0.1.54/jsch-0.1.54.jar:/home/user/.m2/repository/org/apache/curator/curator-client/2.12.0/curator-client-2.12.0.jar:/home/user/.m2/repository/org/apache/curator/curator-recipes/2.12.0/curator-recipes-2.12.0.jar:/home/user/.m2/repository/com/google/code/findbugs/jsr305/3.0.0/jsr305-3.0.0.jar:/home/user/.m2/repository/org/apache/htrace/htrace-core4/4.1.0-incubating/htrace-core4-4.1.0-incubating.jar:/home/user/.m2/repository/org/apache/zookeeper/zookeeper/3.4.13/zookeeper-3.4.13.jar:/home/user/.m2/repository/org/apache/yetus/audience-annotations/0.5.0/audience-annotations-0.5.0.jar:/home/user/.m2/repository/org/apache/kerby/kerb-simplekdc/1.0.1/kerb-simplekdc-1.0.1.jar:/home/user/.m2/repository/org/apache/kerby/kerb-client/1.0.1/kerb-client-1.0.1.jar:/home/user/.m2/repository/org/apache/kerby/kerby-config/1.0.1/kerby-config-1.0.1.jar:/home/user/.m2/repository/org/apache/kerby/kerb-core/1.0.1/kerb-core-1.0.1.jar:/home/user/.m2/repository/org/apache/kerby/kerby-pkix/1.0.1/kerby-pkix-1.0.1.jar:/home/user/.m2/repository/org/apache/kerby/kerby-asn1/1.0.1/kerby-asn1-1.0.1.jar:/home/user/.m2/repository/org/apache/kerby/kerby-util/1.0.1/kerby-util-1.0.1.jar:/home/user/.m2/repository/org/apache/kerby/kerb-common/1.0.1/kerb-common-1.0.1.jar:/home/user/.m2/repository/org/apache/kerby/kerb-crypto/1.0.1/kerb-crypto-1.0.1.jar:/home/user/.m2/repository/org/apache/kerby/kerb-util/1.0.1/kerb-util-1.0.1.jar:/home/user/.m2/repository/org/apache/kerby/token-provider/1.0.1/token-provider-1.0.1.jar:/home/user/.m2/repository/org/apache/kerby/kerb-admin/1.0.1/kerb-admin-1.0.1.jar:/home/user/.m2/repository/org/apache/kerby/kerb-server/1.0.1/kerb-server-1.0.1.jar:/home/user/.m2/repository/org/apache/kerby/kerb-identity/1.0.1/kerb-identity-1.0.1.jar:/home/user/.m2/repository/org/apache/kerby/kerby-xdr/1.0.1/kerby-xdr-1.0.1.jar:/home/user/.m2/repository/com/fasterxml/jackson/core/jackson-databind/2.9.5/jackson-databind-2.9.5.jar:/home/user/.m2/repository/com/fasterxml/jackson/core/jackson-core/2.9.5/jackson-core-2.9.5.jar:/home/user/.m2/repository/org/codehaus/woodstox/stax2-api/3.1.4/stax2-api-3.1.4.jar:/home/user/.m2/repository/com/fasterxml/woodstox/woodstox-core/5.0.3/woodstox-core-5.0.3.jar:/home/user/.m2/repository/dnsjava/dnsjava/2.1.7/dnsjava-2.1.7.jar:/home/user/.m2/repository/org/apache/hadoop/hadoop-hdfs/3.2.0/hadoop-hdfs-3.2.0.jar:/home/user/.m2/repository/org/eclipse/jetty/jetty-util-ajax/9.3.24.v20180605/jetty-util-ajax-9.3.24.v20180605.jar:/home/user/.m2/repository/commons-daemon/commons-daemon/1.0.13/commons-daemon-1.0.13.jar:/home/user/.m2/repository/io/netty/netty/3.10.5.Final/netty-3.10.5.Final.jar:/home/user/.m2/repository/io/netty/netty-all/4.0.52.Final/netty-all-4.0.52.Final.jar:/home/user/.m2/repository/org/fusesource/leveldbjni/leveldbjni-all/1.8/leveldbjni-all-1.8.jar:/home/user/.m2/repository/com/sun/xml/bind/jaxb-core/2.3.0.1/jaxb-core-2.3.0.1.jar:/home/user/.m2/repository/javax/xml/bind/jaxb-api/2.3.0/jaxb-api-2.3.0.jar:/home/user/.m2/repository/javax/activation/activation/1.1.1/activation-1.1.1.jar:/home/user/.m2/repository/io/dropwizard/metrics/metrics-core/3.2.4/metrics-core-3.2.4.jar:/home/user/.m2/repository/org/openjdk/jmh/jmh-core/1.19/jmh-core-1.19.jar:/home/user/.m2/repository/net/sf/jopt-simple/jopt-simple/4.6/jopt-simple-4.6.jar:/home/user/.m2/repository/org/openjdk/jmh/jmh-generator-annprocess/1.19/jmh-generator-annprocess-1.19.jar:/home/user/.m2/repository/com/google/code/findbugs/findbugs/3.0.1/findbugs-3.0.1.jar:/home/user/.m2/repository/net/jcip/jcip-annotations/1.0/jcip-annotations-1.0.jar:/home/user/.m2/repository/com/google/code/findbugs/bcel-findbugs/6.0/bcel-findbugs-6.0.jar:/home/user/.m2/repository/com/google/code/findbugs/jFormatString/2.0.1/jFormatString-2.0.1.jar:/home/user/.m2/repository/dom4j/dom4j/1.6.1/dom4j-1.6.1.jar:/home/user/.m2/repository/xml-apis/xml-apis/1.0.b2/xml-apis-1.0.b2.jar:/home/user/.m2/repository/org/ow2/asm/asm-debug-all/5.0.2/asm-debug-all-5.0.2.jar:/home/user/.m2/repository/org/ow2/asm/asm-commons/5.0.2/asm-commons-5.0.2.jar:/home/user/.m2/repository/org/ow2/asm/asm-tree/5.0.2/asm-tree-5.0.2.jar:/home/user/.m2/repository/org/ow2/asm/asm/5.0.4/asm-5.0.4.jar:/home/user/.m2/repository/commons-lang/commons-lang/2.6/commons-lang-2.6.jar:/home/user/.m2/repository/com/apple/AppleJavaExtensions/1.4/AppleJavaExtensions-1.4.jar:/home/user/.m2/repository/jaxen/jaxen/1.1.6/jaxen-1.1.6.jar:/home/user/.m2/repository/junit/junit/4.11/junit-4.11.jar:/home/user/.m2/repository/org/hamcrest/hamcrest-core/1.3/hamcrest-core-1.3.jar:/home/user/.m2/repository/org/apache/hadoop/hadoop-common/3.2.0/hadoop-common-3.2.0-tests.jar:/home/user/.m2/repository/org/apache/hadoop/hadoop-ozone-integration-test/0.5.0-SNAPSHOT/hadoop-ozone-integration-test-0.5.0-SNAPSHOT-tests.jar:/workdir/hadoop-ozone/objectstore-service/target/classes:/workdir/hadoop-ozone/s3gateway/target/classes:/home/user/.m2/repository/org/jboss/weld/servlet/weld-servlet/2.4.7.Final/weld-servlet-2.4.7.Final.jar:/home/user/.m2/repository/org/glassfish/jersey/containers/jersey-container-servlet-core/2.27/jersey-container-servlet-core-2.27.jar:/home/user/.m2/repository/org/glassfish/hk2/external/javax.inject/2.5.0-b42/javax.inject-2.5.0-b42.jar:/home/user/.m2/repository/org/glassfish/jersey/core/jersey-common/2.27/jersey-common-2.27.jar:/home/user/.m2/repository/org/glassfish/hk2/osgi-resource-locator/1.0.1/osgi-resource-locator-1.0.1.jar:/home/user/.m2/repository/javax/ws/rs/javax.ws.rs-api/2.1/javax.ws.rs-api-2.1.jar:/home/user/.m2/repository/org/glassfish/jersey/ext/cdi/jersey-cdi1x/2.27/jersey-cdi1x-2.27.jar:/home/user/.m2/repository/org/glassfish/jersey/inject/jersey-hk2/2.27/jersey-hk2-2.27.jar:/home/user/.m2/repository/org/glassfish/hk2/hk2-locator/2.5.0-b42/hk2-locator-2.5.0-b42.jar:/home/user/.m2/repository/org/javassist/javassist/3.22.0-CR2/javassist-3.22.0-CR2.jar:/home/user/.m2/repository/org/glassfish/hk2/hk2-api/2.5.0/hk2-api-2.5.0.jar:/home/user/.m2/repository/org/glassfish/hk2/external/jakarta.inject/2.5.0/jakarta.inject-2.5.0.jar:/home/user/.m2/repository/org/glassfish/hk2/hk2-utils/2.5.0/hk2-utils-2.5.0.jar:/home/user/.m2/repository/jakarta/annotation/jakarta.annotation-api/1.3.4/jakarta.annotation-api-1.3.4.jar:/home/user/.m2/repository/org/glassfish/hk2/external/aopalliance-repackaged/2.5.0/aopalliance-repackaged-2.5.0.jar:/home/user/.m2/repository/com/fasterxml/jackson/dataformat/jackson-dataformat-xml/2.9.0/jackson-dataformat-xml-2.9.0.jar:/home/user/.m2/repository/com/fasterxml/jackson/module/jackson-module-jaxb-annotations/2.9.5/jackson-module-jaxb-annotations-2.9.5.jar:/home/user/.m2/repository/javax/enterprise/cdi-api/1.2/cdi-api-1.2.jar:/home/user/.m2/repository/javax/el/javax.el-api/3.0.0/javax.el-api-3.0.0.jar:/home/user/.m2/repository/javax/interceptor/javax.interceptor-api/1.2/javax.interceptor-api-1.2.jar:/home/user/.m2/repository/javax/inject/javax.inject/1/javax.inject-1.jar:/workdir/hadoop-ozone/csi/target/classes:/home/user/.m2/repository/com/google/protobuf/protobuf-java-util/3.5.1/protobuf-java-util-3.5.1.jar:/home/user/.m2/repository/io/grpc/grpc-netty/1.17.1/grpc-netty-1.17.1.jar:/home/user/.m2/repository/io/grpc/grpc-core/1.17.1/grpc-core-1.17.1.jar:/home/user/.m2/repository/io/grpc/grpc-context/1.17.1/grpc-context-1.17.1.jar:/home/user/.m2/repository/com/google/errorprone/error_prone_annotations/2.2.0/error_prone_annotations-2.2.0.jar:/home/user/.m2/repository/org/codehaus/mojo/animal-sniffer-annotations/1.17/animal-sniffer-annotations-1.17.jar:/home/user/.m2/repository/io/opencensus/opencensus-api/0.17.0/opencensus-api-0.17.0.jar:/home/user/.m2/repository/io/opencensus/opencensus-contrib-grpc-metrics/0.17.0/opencensus-contrib-grpc-metrics-0.17.0.jar:/home/user/.m2/repository/io/netty/netty-codec-http2/4.1.30.Final/netty-codec-http2-4.1.30.Final.jar:/home/user/.m2/repository/io/netty/netty-codec-http/4.1.30.Final/netty-codec-http-4.1.30.Final.jar:/home/user/.m2/repository/io/netty/netty-codec/4.1.30.Final/netty-codec-4.1.30.Final.jar:/home/user/.m2/repository/io/netty/netty-handler/4.1.30.Final/netty-handler-4.1.30.Final.jar:/home/user/.m2/repository/io/netty/netty-handler-proxy/4.1.30.Final/netty-handler-proxy-4.1.30.Final.jar:/home/user/.m2/repository/io/netty/netty-codec-socks/4.1.30.Final/netty-codec-socks-4.1.30.Final.jar:/home/user/.m2/repository/io/netty/netty-transport-native-epoll/4.1.30.Final/netty-transport-native-epoll-4.1.30.Final.jar:/home/user/.m2/repository/io/netty/netty-common/4.1.30.Final/netty-common-4.1.30.Final.jar:/home/user/.m2/repository/io/netty/netty-buffer/4.1.30.Final/netty-buffer-4.1.30.Final.jar:/home/user/.m2/repository/io/netty/netty-transport/4.1.30.Final/netty-transport-4.1.30.Final.jar:/home/user/.m2/repository/io/netty/netty-resolver/4.1.30.Final/netty-resolver-4.1.30.Final.jar:/home/user/.m2/repository/io/netty/netty-transport-native-unix-common/4.1.30.Final/netty-transport-native-unix-common-4.1.30.Final.jar:/home/user/.m2/repository/io/grpc/grpc-protobuf/1.17.1/grpc-protobuf-1.17.1.jar:/home/user/.m2/repository/com/google/api/grpc/proto-google-common-protos/1.0.0/proto-google-common-protos-1.0.0.jar:/home/user/.m2/repository/io/grpc/grpc-protobuf-lite/1.17.1/grpc-protobuf-lite-1.17.1.jar:/home/user/.m2/repository/io/grpc/grpc-stub/1.17.1/grpc-stub-1.17.1.jar:/workdir/hadoop-ozone/ozone-recon/target/classes:/workdir/hadoop-ozone/ozone-recon-codegen/target/classes:/home/user/.m2/repository/com/google/inject/extensions/guice-multibindings/4.0/guice-multibindings-4.0.jar:/home/user/.m2/repository/com/google/inject/guice/4.0/guice-4.0.jar:/home/user/.m2/repository/aopalliance/aopalliance/1.0/aopalliance-1.0.jar:/home/user/.m2/repository/com/google/inject/extensions/guice-servlet/4.0/guice-servlet-4.0.jar:/home/user/.m2/repository/org/glassfish/jersey/containers/jersey-container-servlet/2.27/jersey-container-servlet-2.27.jar:/home/user/.m2/repository/org/glassfish/hk2/guice-bridge/2.5.0/guice-bridge-2.5.0.jar:/home/user/.m2/repository/org/glassfish/jersey/core/jersey-server/2.27/jersey-server-2.27.jar:/home/user/.m2/repository/org/glassfish/jersey/core/jersey-client/2.27/jersey-client-2.27.jar:/home/user/.m2/repository/org/glassfish/jersey/media/jersey-media-jaxb/2.27/jersey-media-jaxb-2.27.jar:/home/user/.m2/repository/javax/validation/validation-api/1.1.0.Final/validation-api-1.1.0.Final.jar:/home/user/.m2/repository/org/glassfish/jersey/media/jersey-media-json-jackson/2.27/jersey-media-json-jackson-2.27.jar:/home/user/.m2/repository/org/glassfish/jersey/ext/jersey-entity-filtering/2.27/jersey-entity-filtering-2.27.jar:/home/user/.m2/repository/com/google/inject/extensions/guice-assistedinject/4.0/guice-assistedinject-4.0.jar:/home/user/.m2/repository/org/jooq/jooq/3.11.10/jooq-3.11.10.jar:/home/user/.m2/repository/org/jooq/jooq-meta/3.11.10/jooq-meta-3.11.10.jar:/home/user/.m2/repository/org/jooq/jooq-codegen/3.11.10/jooq-codegen-3.11.10.jar:/home/user/.m2/repository/com/jolbox/bonecp/0.8.0.RELEASE/bonecp-0.8.0.RELEASE.jar:/home/user/.m2/repository/org/springframework/spring-jdbc/5.1.3.RELEASE/spring-jdbc-5.1.3.RELEASE.jar:/home/user/.m2/repository/org/springframework/spring-beans/5.1.3.RELEASE/spring-beans-5.1.3.RELEASE.jar:/home/user/.m2/repository/org/springframework/spring-core/5.1.3.RELEASE/spring-core-5.1.3.RELEASE.jar:/home/user/.m2/repository/org/springframework/spring-jcl/5.1.3.RELEASE/spring-jcl-5.1.3.RELEASE.jar:/home/user/.m2/repository/org/springframework/spring-tx/5.1.3.RELEASE/spring-tx-5.1.3.RELEASE.jar:/home/user/.m2/repository/org/mockito/mockito-core/2.15.0/mockito-core-2.15.0.jar:/home/user/.m2/repository/net/bytebuddy/byte-buddy/1.7.9/byte-buddy-1.7.9.jar:/home/user/.m2/repository/net/bytebuddy/byte-buddy-agent/1.7.9/byte-buddy-agent-1.7.9.jar:/home/user/.m2/repository/org/objenesis/objenesis/1.0/objenesis-1.0.jar:"/>
    <property name="java.vm.vendor" value="IcedTea"/>
    <property name="sun.arch.data.model" value="64"/>
    <property name="test.build.dir" value="/workdir/hadoop-ozone/tools/target/test-dir"/>
    <property name="test.cache.data" value=""/>
    <property name="java.vendor.url" value="https://icedtea.classpath.org"/>
    <property name="user.timezone" value=""/>
    <property name="java.vm.specification.version" value="1.8"/>
    <property name="os.name" value="Linux"/>
    <property name="test.build.data" value="/workdir/hadoop-ozone/tools/target/test-dir"/>
    <property name="user.country" value="US"/>
    <property name="sun.java.launcher" value="SUN_STANDARD"/>
    <property name="sun.boot.library.path" value="/usr/lib/jvm/java-1.8-openjdk/jre/lib/amd64"/>
    <property name="sun.java.command" value="/workdir/hadoop-ozone/tools/target/surefire/surefirebooter2501274549525852565.jar /workdir/hadoop-ozone/tools/target/surefire 2019-07-15T12-55-03_489-jvmRun1 surefire1690401001121284554tmp surefire_1021534019910075001029tmp"/>
    <property name="surefire.test.class.path" value="/workdir/hadoop-ozone/tools/target/test-classes:/workdir/hadoop-ozone/tools/target/classes:/workdir/hadoop-ozone/ozone-manager/target/classes:/workdir/hadoop-hdds/docs/target/classes:/home/user/.m2/repository/org/bouncycastle/bcprov-jdk15on/1.60/bcprov-jdk15on-1.60.jar:/workdir/hadoop-ozone/common/target/classes:/home/user/.m2/repository/org/apache/commons/commons-compress/1.4.1/commons-compress-1.4.1.jar:/home/user/.m2/repository/org/tukaani/xz/1.0/xz-1.0.jar:/home/user/.m2/repository/org/apache/hadoop/hadoop-hdfs-client/3.2.0/hadoop-hdfs-client-3.2.0.jar:/home/user/.m2/repository/com/fasterxml/jackson/core/jackson-annotations/2.9.5/jackson-annotations-2.9.5.jar:/workdir/hadoop-hdds/common/target/classes:/workdir/hadoop-hdds/config/target/classes:/home/user/.m2/repository/javax/annotation/javax.annotation-api/1.2/javax.annotation-api-1.2.jar:/home/user/.m2/repository/org/apache/ratis/ratis-server/0.4.0-2337318-SNAPSHOT/ratis-server-0.4.0-2337318-SNAPSHOT.jar:/home/user/.m2/repository/org/apache/ratis/ratis-thirdparty-misc/0.2.0/ratis-thirdparty-misc-0.2.0.jar:/home/user/.m2/repository/org/apache/ratis/ratis-proto/0.4.0-2337318-SNAPSHOT/ratis-proto-0.4.0-2337318-SNAPSHOT.jar:/home/user/.m2/repository/org/apache/ratis/ratis-common/0.4.0-2337318-SNAPSHOT/ratis-common-0.4.0-2337318-SNAPSHOT.jar:/home/user/.m2/repository/org/apache/ratis/ratis-client/0.4.0-2337318-SNAPSHOT/ratis-client-0.4.0-2337318-SNAPSHOT.jar:/home/user/.m2/repository/org/apache/ratis/ratis-metrics/0.4.0-2337318-SNAPSHOT/ratis-metrics-0.4.0-2337318-SNAPSHOT.jar:/home/user/.m2/repository/org/apache/ratis/ratis-netty/0.4.0-2337318-SNAPSHOT/ratis-netty-0.4.0-2337318-SNAPSHOT.jar:/home/user/.m2/repository/org/apache/ratis/ratis-grpc/0.4.0-2337318-SNAPSHOT/ratis-grpc-0.4.0-2337318-SNAPSHOT.jar:/home/user/.m2/repository/org/rocksdb/rocksdbjni/6.0.1/rocksdbjni-6.0.1.jar:/home/user/.m2/repository/org/apache/logging/log4j/log4j-api/2.11.0/log4j-api-2.11.0.jar:/home/user/.m2/repository/org/apache/logging/log4j/log4j-core/2.11.0/log4j-core-2.11.0.jar:/home/user/.m2/repository/com/lmax/disruptor/3.4.2/disruptor-3.4.2.jar:/home/user/.m2/repository/org/apache/commons/commons-pool2/2.6.0/commons-pool2-2.6.0.jar:/home/user/.m2/repository/org/bouncycastle/bcpkix-jdk15on/1.60/bcpkix-jdk15on-1.60.jar:/home/user/.m2/repository/commons-validator/commons-validator/1.6/commons-validator-1.6.jar:/home/user/.m2/repository/commons-digester/commons-digester/1.8.1/commons-digester-1.8.1.jar:/home/user/.m2/repository/io/jaegertracing/jaeger-client/0.33.1/jaeger-client-0.33.1.jar:/home/user/.m2/repository/io/jaegertracing/jaeger-thrift/0.33.1/jaeger-thrift-0.33.1.jar:/home/user/.m2/repository/org/apache/thrift/libthrift/0.11.0/libthrift-0.11.0.jar:/home/user/.m2/repository/com/squareup/okhttp3/okhttp/3.9.0/okhttp-3.9.0.jar:/home/user/.m2/repository/com/squareup/okio/okio/1.13.0/okio-1.13.0.jar:/home/user/.m2/repository/io/jaegertracing/jaeger-core/0.33.1/jaeger-core-0.33.1.jar:/home/user/.m2/repository/io/jaegertracing/jaeger-tracerresolver/0.33.1/jaeger-tracerresolver-0.33.1.jar:/home/user/.m2/repository/io/opentracing/contrib/opentracing-tracerresolver/0.1.5/opentracing-tracerresolver-0.1.5.jar:/home/user/.m2/repository/io/opentracing/opentracing-util/0.31.0/opentracing-util-0.31.0.jar:/home/user/.m2/repository/io/opentracing/opentracing-api/0.31.0/opentracing-api-0.31.0.jar:/home/user/.m2/repository/io/opentracing/opentracing-noop/0.31.0/opentracing-noop-0.31.0.jar:/home/user/.m2/repository/org/yaml/snakeyaml/1.16/snakeyaml-1.16.jar:/workdir/hadoop-hdds/container-service/target/classes:/workdir/hadoop-hdds/client/target/classes:/workdir/hadoop-hdds/tools/target/classes:/home/user/.m2/repository/org/xerial/sqlite-jdbc/3.25.2/sqlite-jdbc-3.25.2.jar:/workdir/hadoop-hdds/server-scm/target/classes:/home/user/.m2/repository/org/hamcrest/hamcrest-all/1.3/hamcrest-all-1.3.jar:/home/user/.m2/repository/info/picocli/picocli/3.9.6/picocli-3.9.6.jar:/home/user/.m2/repository/com/google/protobuf/protobuf-java/2.5.0/protobuf-java-2.5.0.jar:/home/user/.m2/repository/com/google/guava/guava/11.0.2/guava-11.0.2.jar:/workdir/hadoop-ozone/client/target/classes:/home/user/.m2/repository/org/apache/hadoop/hadoop-ozone-filesystem/0.5.0-SNAPSHOT/hadoop-ozone-filesystem-0.5.0-SNAPSHOT.jar:/workdir/hadoop-hdds/framework/target/classes:/home/user/.m2/repository/org/apache/hadoop/hadoop-common/3.2.0/hadoop-common-3.2.0.jar:/home/user/.m2/repository/org/apache/hadoop/hadoop-annotations/3.2.0/hadoop-annotations-3.2.0.jar:/usr/lib/jvm/java-1.8-openjdk/jre/../lib/tools.jar:/home/user/.m2/repository/commons-cli/commons-cli/1.2/commons-cli-1.2.jar:/home/user/.m2/repository/org/apache/commons/commons-math3/3.1.1/commons-math3-3.1.1.jar:/home/user/.m2/repository/org/apache/httpcomponents/httpclient/4.5.2/httpclient-4.5.2.jar:/home/user/.m2/repository/org/apache/httpcomponents/httpcore/4.4.4/httpcore-4.4.4.jar:/home/user/.m2/repository/commons-codec/commons-codec/1.11/commons-codec-1.11.jar:/home/user/.m2/repository/commons-io/commons-io/2.5/commons-io-2.5.jar:/home/user/.m2/repository/commons-net/commons-net/3.6/commons-net-3.6.jar:/home/user/.m2/repository/commons-collections/commons-collections/3.2.2/commons-collections-3.2.2.jar:/home/user/.m2/repository/javax/servlet/javax.servlet-api/3.1.0/javax.servlet-api-3.1.0.jar:/home/user/.m2/repository/org/eclipse/jetty/jetty-server/9.3.24.v20180605/jetty-server-9.3.24.v20180605.jar:/home/user/.m2/repository/org/eclipse/jetty/jetty-http/9.3.24.v20180605/jetty-http-9.3.24.v20180605.jar:/home/user/.m2/repository/org/eclipse/jetty/jetty-io/9.3.24.v20180605/jetty-io-9.3.24.v20180605.jar:/home/user/.m2/repository/org/eclipse/jetty/jetty-util/9.3.24.v20180605/jetty-util-9.3.24.v20180605.jar:/home/user/.m2/repository/org/eclipse/jetty/jetty-servlet/9.3.24.v20180605/jetty-servlet-9.3.24.v20180605.jar:/home/user/.m2/repository/org/eclipse/jetty/jetty-security/9.3.24.v20180605/jetty-security-9.3.24.v20180605.jar:/home/user/.m2/repository/org/eclipse/jetty/jetty-webapp/9.3.24.v20180605/jetty-webapp-9.3.24.v20180605.jar:/home/user/.m2/repository/org/eclipse/jetty/jetty-xml/9.3.24.v20180605/jetty-xml-9.3.24.v20180605.jar:/home/user/.m2/repository/javax/servlet/jsp/jsp-api/2.1/jsp-api-2.1.jar:/home/user/.m2/repository/com/sun/jersey/jersey-core/1.19/jersey-core-1.19.jar:/home/user/.m2/repository/javax/ws/rs/jsr311-api/1.1.1/jsr311-api-1.1.1.jar:/home/user/.m2/repository/com/sun/jersey/jersey-servlet/1.19/jersey-servlet-1.19.jar:/home/user/.m2/repository/com/sun/jersey/jersey-json/1.19/jersey-json-1.19.jar:/home/user/.m2/repository/org/codehaus/jettison/jettison/1.1/jettison-1.1.jar:/home/user/.m2/repository/com/sun/xml/bind/jaxb-impl/2.3.0.1/jaxb-impl-2.3.0.1.jar:/home/user/.m2/repository/org/codehaus/jackson/jackson-core-asl/1.9.13/jackson-core-asl-1.9.13.jar:/home/user/.m2/repository/org/codehaus/jackson/jackson-mapper-asl/1.9.13/jackson-mapper-asl-1.9.13.jar:/home/user/.m2/repository/org/codehaus/jackson/jackson-jaxrs/1.9.13/jackson-jaxrs-1.9.13.jar:/home/user/.m2/repository/org/codehaus/jackson/jackson-xc/1.9.13/jackson-xc-1.9.13.jar:/home/user/.m2/repository/com/sun/jersey/jersey-server/1.19/jersey-server-1.19.jar:/home/user/.m2/repository/commons-logging/commons-logging/1.1.3/commons-logging-1.1.3.jar:/home/user/.m2/repository/log4j/log4j/1.2.17/log4j-1.2.17.jar:/home/user/.m2/repository/commons-beanutils/commons-beanutils/1.9.3/commons-beanutils-1.9.3.jar:/home/user/.m2/repository/org/apache/commons/commons-configuration2/2.1.1/commons-configuration2-2.1.1.jar:/home/user/.m2/repository/org/apache/commons/commons-lang3/3.7/commons-lang3-3.7.jar:/home/user/.m2/repository/org/apache/commons/commons-text/1.4/commons-text-1.4.jar:/home/user/.m2/repository/org/slf4j/slf4j-api/1.7.25/slf4j-api-1.7.25.jar:/home/user/.m2/repository/org/slf4j/slf4j-log4j12/1.7.25/slf4j-log4j12-1.7.25.jar:/home/user/.m2/repository/org/apache/avro/avro/1.7.7/avro-1.7.7.jar:/home/user/.m2/repository/com/thoughtworks/paranamer/paranamer/2.3/paranamer-2.3.jar:/home/user/.m2/repository/org/xerial/snappy/snappy-java/1.0.5/snappy-java-1.0.5.jar:/home/user/.m2/repository/com/google/re2j/re2j/1.1/re2j-1.1.jar:/home/user/.m2/repository/com/google/code/gson/gson/2.2.4/gson-2.2.4.jar:/home/user/.m2/repository/org/apache/hadoop/hadoop-auth/3.2.0/hadoop-auth-3.2.0.jar:/home/user/.m2/repository/com/nimbusds/nimbus-jose-jwt/4.41.1/nimbus-jose-jwt-4.41.1.jar:/home/user/.m2/repository/com/github/stephenc/jcip/jcip-annotations/1.0-1/jcip-annotations-1.0-1.jar:/home/user/.m2/repository/net/minidev/json-smart/2.3/json-smart-2.3.jar:/home/user/.m2/repository/net/minidev/accessors-smart/1.2/accessors-smart-1.2.jar:/home/user/.m2/repository/org/apache/curator/curator-framework/2.12.0/curator-framework-2.12.0.jar:/home/user/.m2/repository/com/jcraft/jsch/0.1.54/jsch-0.1.54.jar:/home/user/.m2/repository/org/apache/curator/curator-client/2.12.0/curator-client-2.12.0.jar:/home/user/.m2/repository/org/apache/curator/curator-recipes/2.12.0/curator-recipes-2.12.0.jar:/home/user/.m2/repository/com/google/code/findbugs/jsr305/3.0.0/jsr305-3.0.0.jar:/home/user/.m2/repository/org/apache/htrace/htrace-core4/4.1.0-incubating/htrace-core4-4.1.0-incubating.jar:/home/user/.m2/repository/org/apache/zookeeper/zookeeper/3.4.13/zookeeper-3.4.13.jar:/home/user/.m2/repository/org/apache/yetus/audience-annotations/0.5.0/audience-annotations-0.5.0.jar:/home/user/.m2/repository/org/apache/kerby/kerb-simplekdc/1.0.1/kerb-simplekdc-1.0.1.jar:/home/user/.m2/repository/org/apache/kerby/kerb-client/1.0.1/kerb-client-1.0.1.jar:/home/user/.m2/repository/org/apache/kerby/kerby-config/1.0.1/kerby-config-1.0.1.jar:/home/user/.m2/repository/org/apache/kerby/kerb-core/1.0.1/kerb-core-1.0.1.jar:/home/user/.m2/repository/org/apache/kerby/kerby-pkix/1.0.1/kerby-pkix-1.0.1.jar:/home/user/.m2/repository/org/apache/kerby/kerby-asn1/1.0.1/kerby-asn1-1.0.1.jar:/home/user/.m2/repository/org/apache/kerby/kerby-util/1.0.1/kerby-util-1.0.1.jar:/home/user/.m2/repository/org/apache/kerby/kerb-common/1.0.1/kerb-common-1.0.1.jar:/home/user/.m2/repository/org/apache/kerby/kerb-crypto/1.0.1/kerb-crypto-1.0.1.jar:/home/user/.m2/repository/org/apache/kerby/kerb-util/1.0.1/kerb-util-1.0.1.jar:/home/user/.m2/repository/org/apache/kerby/token-provider/1.0.1/token-provider-1.0.1.jar:/home/user/.m2/repository/org/apache/kerby/kerb-admin/1.0.1/kerb-admin-1.0.1.jar:/home/user/.m2/repository/org/apache/kerby/kerb-server/1.0.1/kerb-server-1.0.1.jar:/home/user/.m2/repository/org/apache/kerby/kerb-identity/1.0.1/kerb-identity-1.0.1.jar:/home/user/.m2/repository/org/apache/kerby/kerby-xdr/1.0.1/kerby-xdr-1.0.1.jar:/home/user/.m2/repository/com/fasterxml/jackson/core/jackson-databind/2.9.5/jackson-databind-2.9.5.jar:/home/user/.m2/repository/com/fasterxml/jackson/core/jackson-core/2.9.5/jackson-core-2.9.5.jar:/home/user/.m2/repository/org/codehaus/woodstox/stax2-api/3.1.4/stax2-api-3.1.4.jar:/home/user/.m2/repository/com/fasterxml/woodstox/woodstox-core/5.0.3/woodstox-core-5.0.3.jar:/home/user/.m2/repository/dnsjava/dnsjava/2.1.7/dnsjava-2.1.7.jar:/home/user/.m2/repository/org/apache/hadoop/hadoop-hdfs/3.2.0/hadoop-hdfs-3.2.0.jar:/home/user/.m2/repository/org/eclipse/jetty/jetty-util-ajax/9.3.24.v20180605/jetty-util-ajax-9.3.24.v20180605.jar:/home/user/.m2/repository/commons-daemon/commons-daemon/1.0.13/commons-daemon-1.0.13.jar:/home/user/.m2/repository/io/netty/netty/3.10.5.Final/netty-3.10.5.Final.jar:/home/user/.m2/repository/io/netty/netty-all/4.0.52.Final/netty-all-4.0.52.Final.jar:/home/user/.m2/repository/org/fusesource/leveldbjni/leveldbjni-all/1.8/leveldbjni-all-1.8.jar:/home/user/.m2/repository/com/sun/xml/bind/jaxb-core/2.3.0.1/jaxb-core-2.3.0.1.jar:/home/user/.m2/repository/javax/xml/bind/jaxb-api/2.3.0/jaxb-api-2.3.0.jar:/home/user/.m2/repository/javax/activation/activation/1.1.1/activation-1.1.1.jar:/home/user/.m2/repository/io/dropwizard/metrics/metrics-core/3.2.4/metrics-core-3.2.4.jar:/home/user/.m2/repository/org/openjdk/jmh/jmh-core/1.19/jmh-core-1.19.jar:/home/user/.m2/repository/net/sf/jopt-simple/jopt-simple/4.6/jopt-simple-4.6.jar:/home/user/.m2/repository/org/openjdk/jmh/jmh-generator-annprocess/1.19/jmh-generator-annprocess-1.19.jar:/home/user/.m2/repository/com/google/code/findbugs/findbugs/3.0.1/findbugs-3.0.1.jar:/home/user/.m2/repository/net/jcip/jcip-annotations/1.0/jcip-annotations-1.0.jar:/home/user/.m2/repository/com/google/code/findbugs/bcel-findbugs/6.0/bcel-findbugs-6.0.jar:/home/user/.m2/repository/com/google/code/findbugs/jFormatString/2.0.1/jFormatString-2.0.1.jar:/home/user/.m2/repository/dom4j/dom4j/1.6.1/dom4j-1.6.1.jar:/home/user/.m2/repository/xml-apis/xml-apis/1.0.b2/xml-apis-1.0.b2.jar:/home/user/.m2/repository/org/ow2/asm/asm-debug-all/5.0.2/asm-debug-all-5.0.2.jar:/home/user/.m2/repository/org/ow2/asm/asm-commons/5.0.2/asm-commons-5.0.2.jar:/home/user/.m2/repository/org/ow2/asm/asm-tree/5.0.2/asm-tree-5.0.2.jar:/home/user/.m2/repository/org/ow2/asm/asm/5.0.4/asm-5.0.4.jar:/home/user/.m2/repository/commons-lang/commons-lang/2.6/commons-lang-2.6.jar:/home/user/.m2/repository/com/apple/AppleJavaExtensions/1.4/AppleJavaExtensions-1.4.jar:/home/user/.m2/repository/jaxen/jaxen/1.1.6/jaxen-1.1.6.jar:/home/user/.m2/repository/junit/junit/4.11/junit-4.11.jar:/home/user/.m2/repository/org/hamcrest/hamcrest-core/1.3/hamcrest-core-1.3.jar:/home/user/.m2/repository/org/apache/hadoop/hadoop-common/3.2.0/hadoop-common-3.2.0-tests.jar:/home/user/.m2/repository/org/apache/hadoop/hadoop-ozone-integration-test/0.5.0-SNAPSHOT/hadoop-ozone-integration-test-0.5.0-SNAPSHOT-tests.jar:/workdir/hadoop-ozone/objectstore-service/target/classes:/workdir/hadoop-ozone/s3gateway/target/classes:/home/user/.m2/repository/org/jboss/weld/servlet/weld-servlet/2.4.7.Final/weld-servlet-2.4.7.Final.jar:/home/user/.m2/repository/org/glassfish/jersey/containers/jersey-container-servlet-core/2.27/jersey-container-servlet-core-2.27.jar:/home/user/.m2/repository/org/glassfish/hk2/external/javax.inject/2.5.0-b42/javax.inject-2.5.0-b42.jar:/home/user/.m2/repository/org/glassfish/jersey/core/jersey-common/2.27/jersey-common-2.27.jar:/home/user/.m2/repository/org/glassfish/hk2/osgi-resource-locator/1.0.1/osgi-resource-locator-1.0.1.jar:/home/user/.m2/repository/javax/ws/rs/javax.ws.rs-api/2.1/javax.ws.rs-api-2.1.jar:/home/user/.m2/repository/org/glassfish/jersey/ext/cdi/jersey-cdi1x/2.27/jersey-cdi1x-2.27.jar:/home/user/.m2/repository/org/glassfish/jersey/inject/jersey-hk2/2.27/jersey-hk2-2.27.jar:/home/user/.m2/repository/org/glassfish/hk2/hk2-locator/2.5.0-b42/hk2-locator-2.5.0-b42.jar:/home/user/.m2/repository/org/javassist/javassist/3.22.0-CR2/javassist-3.22.0-CR2.jar:/home/user/.m2/repository/org/glassfish/hk2/hk2-api/2.5.0/hk2-api-2.5.0.jar:/home/user/.m2/repository/org/glassfish/hk2/external/jakarta.inject/2.5.0/jakarta.inject-2.5.0.jar:/home/user/.m2/repository/org/glassfish/hk2/hk2-utils/2.5.0/hk2-utils-2.5.0.jar:/home/user/.m2/repository/jakarta/annotation/jakarta.annotation-api/1.3.4/jakarta.annotation-api-1.3.4.jar:/home/user/.m2/repository/org/glassfish/hk2/external/aopalliance-repackaged/2.5.0/aopalliance-repackaged-2.5.0.jar:/home/user/.m2/repository/com/fasterxml/jackson/dataformat/jackson-dataformat-xml/2.9.0/jackson-dataformat-xml-2.9.0.jar:/home/user/.m2/repository/com/fasterxml/jackson/module/jackson-module-jaxb-annotations/2.9.5/jackson-module-jaxb-annotations-2.9.5.jar:/home/user/.m2/repository/javax/enterprise/cdi-api/1.2/cdi-api-1.2.jar:/home/user/.m2/repository/javax/el/javax.el-api/3.0.0/javax.el-api-3.0.0.jar:/home/user/.m2/repository/javax/interceptor/javax.interceptor-api/1.2/javax.interceptor-api-1.2.jar:/home/user/.m2/repository/javax/inject/javax.inject/1/javax.inject-1.jar:/workdir/hadoop-ozone/csi/target/classes:/home/user/.m2/repository/com/google/protobuf/protobuf-java-util/3.5.1/protobuf-java-util-3.5.1.jar:/home/user/.m2/repository/io/grpc/grpc-netty/1.17.1/grpc-netty-1.17.1.jar:/home/user/.m2/repository/io/grpc/grpc-core/1.17.1/grpc-core-1.17.1.jar:/home/user/.m2/repository/io/grpc/grpc-context/1.17.1/grpc-context-1.17.1.jar:/home/user/.m2/repository/com/google/errorprone/error_prone_annotations/2.2.0/error_prone_annotations-2.2.0.jar:/home/user/.m2/repository/org/codehaus/mojo/animal-sniffer-annotations/1.17/animal-sniffer-annotations-1.17.jar:/home/user/.m2/repository/io/opencensus/opencensus-api/0.17.0/opencensus-api-0.17.0.jar:/home/user/.m2/repository/io/opencensus/opencensus-contrib-grpc-metrics/0.17.0/opencensus-contrib-grpc-metrics-0.17.0.jar:/home/user/.m2/repository/io/netty/netty-codec-http2/4.1.30.Final/netty-codec-http2-4.1.30.Final.jar:/home/user/.m2/repository/io/netty/netty-codec-http/4.1.30.Final/netty-codec-http-4.1.30.Final.jar:/home/user/.m2/repository/io/netty/netty-codec/4.1.30.Final/netty-codec-4.1.30.Final.jar:/home/user/.m2/repository/io/netty/netty-handler/4.1.30.Final/netty-handler-4.1.30.Final.jar:/home/user/.m2/repository/io/netty/netty-handler-proxy/4.1.30.Final/netty-handler-proxy-4.1.30.Final.jar:/home/user/.m2/repository/io/netty/netty-codec-socks/4.1.30.Final/netty-codec-socks-4.1.30.Final.jar:/home/user/.m2/repository/io/netty/netty-transport-native-epoll/4.1.30.Final/netty-transport-native-epoll-4.1.30.Final.jar:/home/user/.m2/repository/io/netty/netty-common/4.1.30.Final/netty-common-4.1.30.Final.jar:/home/user/.m2/repository/io/netty/netty-buffer/4.1.30.Final/netty-buffer-4.1.30.Final.jar:/home/user/.m2/repository/io/netty/netty-transport/4.1.30.Final/netty-transport-4.1.30.Final.jar:/home/user/.m2/repository/io/netty/netty-resolver/4.1.30.Final/netty-resolver-4.1.30.Final.jar:/home/user/.m2/repository/io/netty/netty-transport-native-unix-common/4.1.30.Final/netty-transport-native-unix-common-4.1.30.Final.jar:/home/user/.m2/repository/io/grpc/grpc-protobuf/1.17.1/grpc-protobuf-1.17.1.jar:/home/user/.m2/repository/com/google/api/grpc/proto-google-common-protos/1.0.0/proto-google-common-protos-1.0.0.jar:/home/user/.m2/repository/io/grpc/grpc-protobuf-lite/1.17.1/grpc-protobuf-lite-1.17.1.jar:/home/user/.m2/repository/io/grpc/grpc-stub/1.17.1/grpc-stub-1.17.1.jar:/workdir/hadoop-ozone/ozone-recon/target/classes:/workdir/hadoop-ozone/ozone-recon-codegen/target/classes:/home/user/.m2/repository/com/google/inject/extensions/guice-multibindings/4.0/guice-multibindings-4.0.jar:/home/user/.m2/repository/com/google/inject/guice/4.0/guice-4.0.jar:/home/user/.m2/repository/aopalliance/aopalliance/1.0/aopalliance-1.0.jar:/home/user/.m2/repository/com/google/inject/extensions/guice-servlet/4.0/guice-servlet-4.0.jar:/home/user/.m2/repository/org/glassfish/jersey/containers/jersey-container-servlet/2.27/jersey-container-servlet-2.27.jar:/home/user/.m2/repository/org/glassfish/hk2/guice-bridge/2.5.0/guice-bridge-2.5.0.jar:/home/user/.m2/repository/org/glassfish/jersey/core/jersey-server/2.27/jersey-server-2.27.jar:/home/user/.m2/repository/org/glassfish/jersey/core/jersey-client/2.27/jersey-client-2.27.jar:/home/user/.m2/repository/org/glassfish/jersey/media/jersey-media-jaxb/2.27/jersey-media-jaxb-2.27.jar:/home/user/.m2/repository/javax/validation/validation-api/1.1.0.Final/validation-api-1.1.0.Final.jar:/home/user/.m2/repository/org/glassfish/jersey/media/jersey-media-json-jackson/2.27/jersey-media-json-jackson-2.27.jar:/home/user/.m2/repository/org/glassfish/jersey/ext/jersey-entity-filtering/2.27/jersey-entity-filtering-2.27.jar:/home/user/.m2/repository/com/google/inject/extensions/guice-assistedinject/4.0/guice-assistedinject-4.0.jar:/home/user/.m2/repository/org/jooq/jooq/3.11.10/jooq-3.11.10.jar:/home/user/.m2/repository/org/jooq/jooq-meta/3.11.10/jooq-meta-3.11.10.jar:/home/user/.m2/repository/org/jooq/jooq-codegen/3.11.10/jooq-codegen-3.11.10.jar:/home/user/.m2/repository/com/jolbox/bonecp/0.8.0.RELEASE/bonecp-0.8.0.RELEASE.jar:/home/user/.m2/repository/org/springframework/spring-jdbc/5.1.3.RELEASE/spring-jdbc-5.1.3.RELEASE.jar:/home/user/.m2/repository/org/springframework/spring-beans/5.1.3.RELEASE/spring-beans-5.1.3.RELEASE.jar:/home/user/.m2/repository/org/springframework/spring-core/5.1.3.RELEASE/spring-core-5.1.3.RELEASE.jar:/home/user/.m2/repository/org/springframework/spring-jcl/5.1.3.RELEASE/spring-jcl-5.1.3.RELEASE.jar:/home/user/.m2/repository/org/springframework/spring-tx/5.1.3.RELEASE/spring-tx-5.1.3.RELEASE.jar:/home/user/.m2/repository/org/mockito/mockito-core/2.15.0/mockito-core-2.15.0.jar:/home/user/.m2/repository/net/bytebuddy/byte-buddy/1.7.9/byte-buddy-1.7.9.jar:/home/user/.m2/repository/net/bytebuddy/byte-buddy-agent/1.7.9/byte-buddy-agent-1.7.9.jar:/home/user/.m2/repository/org/objenesis/objenesis/1.0/objenesis-1.0.jar:"/>
    <property name="sun.cpu.endian" value="little"/>
    <property name="user.home" value="/home/user"/>
    <property name="user.language" value="en"/>
    <property name="java.specification.vendor" value="Oracle Corporation"/>
    <property name="java.home" value="/usr/lib/jvm/java-1.8-openjdk/jre"/>
    <property name="java.security.krb5.conf" value="/workdir/hadoop-ozone/tools/target/test-classes/krb5.conf"/>
    <property name="basedir" value="/workdir/hadoop-ozone/tools"/>
    <property name="file.separator" value="/"/>
    <property name="line.separator" value="&#10;"/>
    <property name="java.vm.specification.vendor" value="Oracle Corporation"/>
    <property name="java.specification.name" value="Java Platform API Specification"/>
    <property name="java.awt.graphicsenv" value="sun.awt.X11GraphicsEnvironment"/>
    <property name="surefire.real.class.path" value="/workdir/hadoop-ozone/tools/target/surefire/surefirebooter2501274549525852565.jar"/>
    <property name="hadoop.log.dir" value="/workdir/hadoop-ozone/tools/target/log"/>
    <property name="sun.boot.class.path" value="/usr/lib/jvm/java-1.8-openjdk/jre/lib/resources.jar:/usr/lib/jvm/java-1.8-openjdk/jre/lib/rt.jar:/usr/lib/jvm/java-1.8-openjdk/jre/lib/sunrsasign.jar:/usr/lib/jvm/java-1.8-openjdk/jre/lib/jsse.jar:/usr/lib/jvm/java-1.8-openjdk/jre/lib/jce.jar:/usr/lib/jvm/java-1.8-openjdk/jre/lib/charsets.jar:/usr/lib/jvm/java-1.8-openjdk/jre/lib/jfr.jar:/usr/lib/jvm/java-1.8-openjdk/jre/classes"/>
    <property name="sun.management.compiler" value="HotSpot 64-Bit Tiered Compilers"/>
    <property name="java.runtime.version" value="1.8.0_212-b04"/>
    <property name="java.net.preferIPv4Stack" value="true"/>
    <property name="user.name" value="jenkins1000"/>
    <property name="path.separator" value=":"/>
    <property name="java.security.egd" value="file:///dev/urandom"/>
    <property name="os.version" value="3.10.0-957.12.2.el7.x86_64"/>
    <property name="java.endorsed.dirs" value="/usr/lib/jvm/java-1.8-openjdk/jre/lib/endorsed"/>
    <property name="java.runtime.name" value="OpenJDK Runtime Environment"/>
    <property name="file.encoding" value="UTF-8"/>
    <property name="java.vm.name" value="OpenJDK 64-Bit Server VM"/>
    <property name="test.build.webapps" value=""/>
    <property name="localRepository" value="/home/user/.m2/repository"/>
    <property name="java.vendor.url.bug" value="https://icedtea.classpath.org/bugzilla"/>
    <property name="java.io.tmpdir" value="/tmp"/>
    <property name="require.test.libhadoop" value=""/>
    <property name="java.version" value="1.8.0_212"/>
    <property name="user.dir" value="/workdir/hadoop-ozone/tools"/>
    <property name="os.arch" value="amd64"/>
    <property name="java.vm.specification.name" value="Java Virtual Machine Specification"/>
    <property name="test.build.classes" value="/workdir/hadoop-ozone/tools/target/test-classes"/>
    <property name="java.awt.printerjob" value="sun.print.PSPrinterJob"/>
    <property name="sun.os.patch.level" value="unknown"/>
    <property name="hadoop.tmp.dir" value="/workdir/hadoop-ozone/tools/target/tmp"/>
    <property name="java.library.path" value="/usr/lib/jvm/java-1.8-openjdk/jre/lib/amd64/server:/usr/lib/jvm/java-1.8-openjdk/jre/lib/amd64:/usr/lib/jvm/java-1.8-openjdk/jre/../lib/amd64:/workdir/hadoop-ozone/tools/target/native/target/usr/local/lib:/workdir/hadoop-ozone/tools/../../hadoop-common-project/hadoop-common/target/native/target/usr/local/lib:/usr/java/packages/lib/amd64:/usr/lib64:/lib64:/lib:/usr/lib"/>
    <property name="java.vm.info" value="mixed mode"/>
    <property name="java.vendor" value="IcedTea"/>
    <property name="java.vm.version" value="25.212-b04"/>
    <property name="java.ext.dirs" value="/usr/lib/jvm/java-1.8-openjdk/jre/lib/ext:/usr/java/packages/lib/ext"/>
    <property name="sun.io.unicode.encoding" value="UnicodeLittle"/>
    <property name="java.class.version" value="52.0"/>
  </properties>
  <testcase name="testRestart" classname="org.apache.hadoop.ozone.freon.TestFreonWithPipelineDestroy" time="20.421">
    <error message="Unexpected Storage Container Exception: org.apache.hadoop.hdds.scm.container.common.helpers.StorageContainerException: ContainerID 3 does not exist" type="java.io.IOException">java.io.IOException: Unexpected Storage Container Exception: org.apache.hadoop.hdds.scm.container.common.helpers.StorageContainerException: ContainerID 3 does not exist
	at org.apache.hadoop.hdds.scm.storage.BlockOutputStream.setIoException(BlockOutputStream.java:549)
	at org.apache.hadoop.hdds.scm.storage.BlockOutputStream.validateResponse(BlockOutputStream.java:540)
	at org.apache.hadoop.hdds.scm.storage.BlockOutputStream.lambda$writeChunkToContainer$2(BlockOutputStream.java:615)
	at java.util.concurrent.CompletableFuture.uniApply(CompletableFuture.java:602)
	at java.util.concurrent.CompletableFuture$UniApply.tryFire(CompletableFuture.java:577)
	at java.util.concurrent.CompletableFuture$Completion.run(CompletableFuture.java:442)
	at java.util.concurrent.ThreadPoolExecutor.runWorker(ThreadPoolExecutor.java:1149)
	at java.util.concurrent.ThreadPoolExecutor$Worker.run(ThreadPoolExecutor.java:624)
	at java.lang.Thread.run(Thread.java:748)
Caused by: org.apache.hadoop.hdds.scm.container.common.helpers.StorageContainerException: ContainerID 3 does not exist
	at org.apache.hadoop.hdds.scm.storage.ContainerProtocolCalls.validateContainerResponse(ContainerProtocolCalls.java:536)
	at org.apache.hadoop.hdds.scm.storage.BlockOutputStream.validateResponse(BlockOutputStream.java:537)
	... 7 more
</error>
    <system-out><![CDATA[2019-07-15 13:05:24,342 WARN  server.ServerUtils (ServerUtils.java:getScmDbDir(145)) - ozone.scm.db.dirs is not configured. We recommend adding this setting. Falling back to ozone.metadata.dirs instead.
2019-07-15 13:05:24,432 WARN  server.ServerUtils (ServerUtils.java:getScmDbDir(145)) - ozone.scm.db.dirs is not configured. We recommend adding this setting. Falling back to ozone.metadata.dirs instead.
2019-07-15 13:05:24,435 WARN  server.ServerUtils (ServerUtils.java:getScmDbDir(145)) - ozone.scm.db.dirs is not configured. We recommend adding this setting. Falling back to ozone.metadata.dirs instead.
2019-07-15 13:05:24,450 INFO  util.log (Log.java:initialized(192)) - Logging initialized @868ms
2019-07-15 13:05:24,583 INFO  db.DBStoreBuilder (DBStoreBuilder.java:addTable(110)) - using custom profile for table: deletedBlocks
2019-07-15 13:05:24,583 INFO  db.DBStoreBuilder (DBStoreBuilder.java:processTables(161)) - Using default column profile:DBProfile.DISK for Table:deletedBlocks
2019-07-15 13:05:24,583 INFO  db.DBStoreBuilder (DBStoreBuilder.java:addTable(110)) - using custom profile for table: validCerts
2019-07-15 13:05:24,584 INFO  db.DBStoreBuilder (DBStoreBuilder.java:processTables(161)) - Using default column profile:DBProfile.DISK for Table:validCerts
2019-07-15 13:05:24,584 INFO  db.DBStoreBuilder (DBStoreBuilder.java:addTable(110)) - using custom profile for table: revokedCerts
2019-07-15 13:05:24,584 INFO  db.DBStoreBuilder (DBStoreBuilder.java:processTables(161)) - Using default column profile:DBProfile.DISK for Table:revokedCerts
2019-07-15 13:05:24,598 INFO  db.DBStoreBuilder (DBStoreBuilder.java:addTable(110)) - using custom profile for table: default
2019-07-15 13:05:24,598 INFO  db.DBStoreBuilder (DBStoreBuilder.java:processTables(167)) - Using default column profile:DBProfile.DISK for Table:default
2019-07-15 13:05:24,599 INFO  db.DBStoreBuilder (DBStoreBuilder.java:getDbProfile(198)) - Using default options. DBProfile.DISK
2019-07-15 13:05:24,816 INFO  net.NodeSchemaLoader (NodeSchemaLoader.java:loadSchemaFromFile(125)) - Loading file from sun.misc.CompoundEnumeration@12b0404f
2019-07-15 13:05:24,820 INFO  net.NodeSchemaLoader (NodeSchemaLoader.java:loadSchema(171)) - Loading network topology layer schema file
2019-07-15 13:05:24,906 INFO  node.SCMNodeManager (SCMNodeManager.java:<init>(119)) - Entering startup safe mode.
2019-07-15 13:05:24,990 WARN  server.ServerUtils (ServerUtils.java:getScmDbDir(145)) - ozone.scm.db.dirs is not configured. We recommend adding this setting. Falling back to ozone.metadata.dirs instead.
2019-07-15 13:05:25,053 INFO  pipeline.SCMPipelineManager (SCMPipelineManager.java:initializePipelineState(126)) - No pipeline exists in current db
2019-07-15 13:05:25,056 WARN  server.ServerUtils (ServerUtils.java:getScmDbDir(145)) - ozone.scm.db.dirs is not configured. We recommend adding this setting. Falling back to ozone.metadata.dirs instead.
2019-07-15 13:05:25,174 WARN  events.EventQueue (EventQueue.java:fireEvent(175)) - No event handler registered for event TypedEvent{payloadType=SafeModeStatus, name='SafeModeStatus'}
2019-07-15 13:05:25,553 INFO  ipc.CallQueueManager (CallQueueManager.java:<init>(84)) - Using callQueue: class java.util.concurrent.LinkedBlockingQueue, queueCapacity: 2000, scheduler: class org.apache.hadoop.ipc.DefaultRpcScheduler, ipcBackoff: false.
2019-07-15 13:05:25,597 INFO  ipc.Server (Server.java:run(1074)) - Starting Socket Reader #1 for port 32874
2019-07-15 13:05:25,636 INFO  ipc.CallQueueManager (CallQueueManager.java:<init>(84)) - Using callQueue: class java.util.concurrent.LinkedBlockingQueue, queueCapacity: 2000, scheduler: class org.apache.hadoop.ipc.DefaultRpcScheduler, ipcBackoff: false.
2019-07-15 13:05:25,638 INFO  ipc.Server (Server.java:run(1074)) - Starting Socket Reader #1 for port 32928
2019-07-15 13:05:25,646 INFO  ipc.CallQueueManager (CallQueueManager.java:<init>(84)) - Using callQueue: class java.util.concurrent.LinkedBlockingQueue, queueCapacity: 2000, scheduler: class org.apache.hadoop.ipc.DefaultRpcScheduler, ipcBackoff: false.
2019-07-15 13:05:25,647 INFO  ipc.Server (Server.java:run(1074)) - Starting Socket Reader #1 for port 37805
2019-07-15 13:05:25,802 INFO  hdfs.DFSUtil (DFSUtil.java:httpServerTemplateForNNAndJN(1641)) - Starting Web-server for scm at: http://0.0.0.0:0
2019-07-15 13:05:25,963 INFO  server.AuthenticationFilter (AuthenticationFilter.java:constructSecretProvider(240)) - Unable to initialize FileSignerSecretProvider, falling back to use random secrets.
2019-07-15 13:05:25,980 WARN  http.HttpRequestLog (HttpRequestLog.java:getRequestLog(97)) - Jetty request log can only be enabled using Log4j
2019-07-15 13:05:25,988 INFO  http.HttpServer2 (HttpServer2.java:addGlobalFilter(975)) - Added global filter 'safety' (class=org.apache.hadoop.http.HttpServer2$QuotingInputFilter)
2019-07-15 13:05:25,991 INFO  http.HttpServer2 (HttpServer2.java:addFilter(948)) - Added filter static_user_filter (class=org.apache.hadoop.http.lib.StaticUserWebFilter$StaticUserFilter) to context scm
2019-07-15 13:05:25,991 INFO  http.HttpServer2 (HttpServer2.java:addFilter(958)) - Added filter static_user_filter (class=org.apache.hadoop.http.lib.StaticUserWebFilter$StaticUserFilter) to context logs
2019-07-15 13:05:25,992 INFO  http.HttpServer2 (HttpServer2.java:addFilter(958)) - Added filter static_user_filter (class=org.apache.hadoop.http.lib.StaticUserWebFilter$StaticUserFilter) to context static
2019-07-15 13:05:26,019 INFO  server.StorageContainerManager (StorageContainerManager.java:start(759)) - StorageContainerLocationProtocol RPC server is listening at /0.0.0.0:37805
2019-07-15 13:05:26,076 WARN  impl.MetricsConfig (MetricsConfig.java:loadFirst(134)) - Cannot locate configuration: tried hadoop-metrics2-storagecontainermanager.properties,hadoop-metrics2.properties
2019-07-15 13:05:26,089 INFO  impl.MetricsSystemImpl (MetricsSystemImpl.java:startTimer(374)) - Scheduled Metric snapshot period at 10 second(s).
2019-07-15 13:05:26,090 INFO  impl.MetricsSystemImpl (MetricsSystemImpl.java:start(191)) - StorageContainerManager metrics system started
2019-07-15 13:05:26,310 INFO  server.SCMClientProtocolServer (SCMClientProtocolServer.java:start(149)) - RPC server for Client  is listening at /0.0.0.0:37805
2019-07-15 13:05:26,311 INFO  ipc.Server (Server.java:run(1314)) - IPC Server Responder: starting
2019-07-15 13:05:26,311 INFO  ipc.Server (Server.java:run(1153)) - IPC Server listener on 37805: starting
2019-07-15 13:05:26,317 INFO  server.StorageContainerManager (StorageContainerManager.java:start(768)) - ScmBlockLocationProtocol RPC server is listening at /0.0.0.0:32928
2019-07-15 13:05:26,317 INFO  server.SCMBlockProtocolServer (SCMBlockProtocolServer.java:start(140)) - RPC server for Block Protocol is listening at /0.0.0.0:32928
2019-07-15 13:05:26,319 INFO  ipc.Server (Server.java:run(1314)) - IPC Server Responder: starting
2019-07-15 13:05:26,320 INFO  ipc.Server (Server.java:run(1153)) - IPC Server listener on 32928: starting
2019-07-15 13:05:26,331 INFO  server.StorageContainerManager (StorageContainerManager.java:start(772)) - ScmDatanodeProtocl RPC server is listening at /0.0.0.0:32874
2019-07-15 13:05:26,332 INFO  server.SCMDatanodeProtocolServer (SCMDatanodeProtocolServer.java:start(191)) - RPC server for DataNodes is listening at /0.0.0.0:32874
2019-07-15 13:05:26,334 INFO  ipc.Server (Server.java:run(1314)) - IPC Server Responder: starting
2019-07-15 13:05:26,335 INFO  ipc.Server (Server.java:run(1153)) - IPC Server listener on 32874: starting
2019-07-15 13:05:26,349 INFO  http.HttpServer2 (HttpServer2.java:bindListener(1191)) - Jetty bound to port 40323
2019-07-15 13:05:26,351 INFO  server.Server (Server.java:doStart(351)) - jetty-9.3.24.v20180605, build timestamp: 2018-06-05T17:11:56Z, git hash: 84205aa28f11a4f31f2a3b86d1bba2cc8ab69827
2019-07-15 13:05:26,388 INFO  handler.ContextHandler (ContextHandler.java:doStart(781)) - Started o.e.j.s.ServletContextHandler@413f69cc{/logs,file:///workdir/hadoop-ozone/tools/target/log,AVAILABLE}
2019-07-15 13:05:26,389 INFO  handler.ContextHandler (ContextHandler.java:doStart(781)) - Started o.e.j.s.ServletContextHandler@1b75c2e3{/static,file:///workdir/hadoop-hdds/server-scm/target/classes/webapps/static/,AVAILABLE}
2019-07-15 13:05:26,419 INFO  handler.ContextHandler (ContextHandler.java:doStart(781)) - Started o.e.j.w.WebAppContext@2ece4966{/,file:///workdir/hadoop-hdds/server-scm/target/classes/webapps/scm/,AVAILABLE}{/scm}
2019-07-15 13:05:26,423 INFO  server.AbstractConnector (AbstractConnector.java:doStart(278)) - Started ServerConnector@4bff1903{HTTP/1.1,[http/1.1]}{0.0.0.0:40323}
2019-07-15 13:05:26,424 INFO  server.Server (Server.java:doStart(419)) - Started @2842ms
2019-07-15 13:05:26,425 INFO  server.BaseHttpServer (BaseHttpServer.java:updateConnectorAddress(207)) - HTTP server of SCM is listening at http://0.0.0.0:40323
2019-07-15 13:05:26,434 INFO  util.JvmPauseMonitor (JvmPauseMonitor.java:run(188)) - Starting JVM pause monitor
2019-07-15 13:05:26,435 WARN  server.ServerUtils (ServerUtils.java:getDBPath(222)) - ozone.om.db.dirs is not configured. We recommend adding this setting. Falling back to ozone.metadata.dirs instead.
2019-07-15 13:05:26,533 WARN  server.ServerUtils (ServerUtils.java:getDBPath(222)) - ozone.om.db.dirs is not configured. We recommend adding this setting. Falling back to ozone.metadata.dirs instead.
2019-07-15 13:05:26,534 INFO  om.OzoneManager (OzoneManager.java:setOMNodeDetails(630)) - OM Service ID is not set. Setting it to the default ID: omServiceIdDefault
2019-07-15 13:05:26,535 INFO  om.OzoneManager (OzoneManager.java:setOMNodeDetails(636)) - OM Node ID is not set. Setting it to the OmStorage's OmID: c5d39c99-da4b-47a9-9ca7-a1e83730c7ae
2019-07-15 13:05:26,536 INFO  om.OzoneManager (OzoneManager.java:loadOMHAConfigs(587)) - Found matching OM address with OMServiceId: null, OMNodeId: null, RPC Address: localhost:0 and Ratis port: 9872
2019-07-15 13:05:26,795 WARN  server.ServerUtils (ServerUtils.java:getDBPath(222)) - ozone.om.db.dirs is not configured. We recommend adding this setting. Falling back to ozone.metadata.dirs instead.
2019-07-15 13:05:26,806 INFO  db.DBStoreBuilder (DBStoreBuilder.java:addTable(110)) - using custom profile for table: userTable
2019-07-15 13:05:26,806 INFO  db.DBStoreBuilder (DBStoreBuilder.java:processTables(161)) - Using default column profile:DBProfile.DISK for Table:userTable
2019-07-15 13:05:26,807 INFO  db.DBStoreBuilder (DBStoreBuilder.java:addTable(110)) - using custom profile for table: volumeTable
2019-07-15 13:05:26,807 INFO  db.DBStoreBuilder (DBStoreBuilder.java:processTables(161)) - Using default column profile:DBProfile.DISK for Table:volumeTable
2019-07-15 13:05:26,808 INFO  db.DBStoreBuilder (DBStoreBuilder.java:addTable(110)) - using custom profile for table: bucketTable
2019-07-15 13:05:26,808 INFO  db.DBStoreBuilder (DBStoreBuilder.java:processTables(161)) - Using default column profile:DBProfile.DISK for Table:bucketTable
2019-07-15 13:05:26,808 INFO  db.DBStoreBuilder (DBStoreBuilder.java:addTable(110)) - using custom profile for table: keyTable
2019-07-15 13:05:26,809 INFO  db.DBStoreBuilder (DBStoreBuilder.java:processTables(161)) - Using default column profile:DBProfile.DISK for Table:keyTable
2019-07-15 13:05:26,809 INFO  db.DBStoreBuilder (DBStoreBuilder.java:addTable(110)) - using custom profile for table: deletedTable
2019-07-15 13:05:26,810 INFO  db.DBStoreBuilder (DBStoreBuilder.java:processTables(161)) - Using default column profile:DBProfile.DISK for Table:deletedTable
2019-07-15 13:05:26,810 INFO  db.DBStoreBuilder (DBStoreBuilder.java:addTable(110)) - using custom profile for table: openKeyTable
2019-07-15 13:05:26,810 INFO  db.DBStoreBuilder (DBStoreBuilder.java:processTables(161)) - Using default column profile:DBProfile.DISK for Table:openKeyTable
2019-07-15 13:05:26,811 INFO  db.DBStoreBuilder (DBStoreBuilder.java:addTable(110)) - using custom profile for table: s3Table
2019-07-15 13:05:26,811 INFO  db.DBStoreBuilder (DBStoreBuilder.java:processTables(161)) - Using default column profile:DBProfile.DISK for Table:s3Table
2019-07-15 13:05:26,812 INFO  db.DBStoreBuilder (DBStoreBuilder.java:addTable(110)) - using custom profile for table: multipartInfoTable
2019-07-15 13:05:26,812 INFO  db.DBStoreBuilder (DBStoreBuilder.java:processTables(161)) - Using default column profile:DBProfile.DISK for Table:multipartInfoTable
2019-07-15 13:05:26,813 INFO  db.DBStoreBuilder (DBStoreBuilder.java:addTable(110)) - using custom profile for table: dTokenTable
2019-07-15 13:05:26,813 INFO  db.DBStoreBuilder (DBStoreBuilder.java:processTables(161)) - Using default column profile:DBProfile.DISK for Table:dTokenTable
2019-07-15 13:05:26,813 INFO  db.DBStoreBuilder (DBStoreBuilder.java:addTable(110)) - using custom profile for table: s3SecretTable
2019-07-15 13:05:26,814 INFO  db.DBStoreBuilder (DBStoreBuilder.java:processTables(161)) - Using default column profile:DBProfile.DISK for Table:s3SecretTable
2019-07-15 13:05:26,814 INFO  db.DBStoreBuilder (DBStoreBuilder.java:addTable(110)) - using custom profile for table: prefixTable
2019-07-15 13:05:26,814 INFO  db.DBStoreBuilder (DBStoreBuilder.java:processTables(161)) - Using default column profile:DBProfile.DISK for Table:prefixTable
2019-07-15 13:05:26,815 INFO  db.DBStoreBuilder (DBStoreBuilder.java:addTable(110)) - using custom profile for table: default
2019-07-15 13:05:26,815 INFO  db.DBStoreBuilder (DBStoreBuilder.java:processTables(167)) - Using default column profile:DBProfile.DISK for Table:default
2019-07-15 13:05:26,816 INFO  db.DBStoreBuilder (DBStoreBuilder.java:getDbProfile(198)) - Using default options. DBProfile.DISK
2019-07-15 13:05:27,733 INFO  ipc.CallQueueManager (CallQueueManager.java:<init>(84)) - Using callQueue: class java.util.concurrent.LinkedBlockingQueue, queueCapacity: 2000, scheduler: class org.apache.hadoop.ipc.DefaultRpcScheduler, ipcBackoff: false.
2019-07-15 13:05:27,734 INFO  ipc.Server (Server.java:run(1074)) - Starting Socket Reader #1 for port 45864
2019-07-15 13:05:27,773 WARN  server.ServerUtils (ServerUtils.java:getDBPath(222)) - ozone.om.db.dirs is not configured. We recommend adding this setting. Falling back to ozone.metadata.dirs instead.
2019-07-15 13:05:27,774 INFO  om.OzoneManager (OzoneManager.java:start(1228)) - OzoneManager RPC server is listening at localhost/127.0.0.1:45864
2019-07-15 13:05:27,774 INFO  impl.MetricsSystemImpl (MetricsSystemImpl.java:init(158)) - OzoneManager metrics system started (again)
2019-07-15 13:05:27,777 INFO  ipc.Server (Server.java:run(1153)) - IPC Server listener on 45864: starting
2019-07-15 13:05:27,777 INFO  ipc.Server (Server.java:run(1314)) - IPC Server Responder: starting
2019-07-15 13:05:27,794 INFO  hdfs.DFSUtil (DFSUtil.java:httpServerTemplateForNNAndJN(1641)) - Starting Web-server for ozoneManager at: http://0.0.0.0:0
2019-07-15 13:05:27,796 INFO  server.AuthenticationFilter (AuthenticationFilter.java:constructSecretProvider(240)) - Unable to initialize FileSignerSecretProvider, falling back to use random secrets.
2019-07-15 13:05:27,796 WARN  http.HttpRequestLog (HttpRequestLog.java:getRequestLog(97)) - Jetty request log can only be enabled using Log4j
2019-07-15 13:05:27,799 INFO  http.HttpServer2 (HttpServer2.java:addGlobalFilter(975)) - Added global filter 'safety' (class=org.apache.hadoop.http.HttpServer2$QuotingInputFilter)
2019-07-15 13:05:27,800 INFO  http.HttpServer2 (HttpServer2.java:addFilter(948)) - Added filter static_user_filter (class=org.apache.hadoop.http.lib.StaticUserWebFilter$StaticUserFilter) to context ozoneManager
2019-07-15 13:05:27,800 INFO  http.HttpServer2 (HttpServer2.java:addFilter(958)) - Added filter static_user_filter (class=org.apache.hadoop.http.lib.StaticUserWebFilter$StaticUserFilter) to context static
2019-07-15 13:05:27,800 INFO  http.HttpServer2 (HttpServer2.java:addFilter(958)) - Added filter static_user_filter (class=org.apache.hadoop.http.lib.StaticUserWebFilter$StaticUserFilter) to context logs
2019-07-15 13:05:27,802 INFO  http.HttpServer2 (HttpServer2.java:bindListener(1191)) - Jetty bound to port 46110
2019-07-15 13:05:27,802 INFO  server.Server (Server.java:doStart(351)) - jetty-9.3.24.v20180605, build timestamp: 2018-06-05T17:11:56Z, git hash: 84205aa28f11a4f31f2a3b86d1bba2cc8ab69827
2019-07-15 13:05:27,805 INFO  handler.ContextHandler (ContextHandler.java:doStart(781)) - Started o.e.j.s.ServletContextHandler@5aa360ea{/logs,file:///workdir/hadoop-ozone/tools/target/log,AVAILABLE}
2019-07-15 13:05:27,806 INFO  handler.ContextHandler (ContextHandler.java:doStart(781)) - Started o.e.j.s.ServletContextHandler@e27ba81{/static,file:///workdir/hadoop-ozone/ozone-manager/target/classes/webapps/static/,AVAILABLE}
2019-07-15 13:05:27,825 INFO  handler.ContextHandler (ContextHandler.java:doStart(781)) - Started o.e.j.w.WebAppContext@704b2127{/,file:///workdir/hadoop-ozone/ozone-manager/target/classes/webapps/ozoneManager/,AVAILABLE}{/ozoneManager}
2019-07-15 13:05:27,826 INFO  server.AbstractConnector (AbstractConnector.java:doStart(278)) - Started ServerConnector@3ee39da0{HTTP/1.1,[http/1.1]}{0.0.0.0:46110}
2019-07-15 13:05:27,829 INFO  server.Server (Server.java:doStart(419)) - Started @4247ms
2019-07-15 13:05:27,830 INFO  server.BaseHttpServer (BaseHttpServer.java:updateConnectorAddress(207)) - HTTP server of OZONEMANAGER is listening at http://0.0.0.0:46110
2019-07-15 13:05:28,122 INFO  impl.MetricsSystemImpl (MetricsSystemImpl.java:init(158)) - HddsDatanode metrics system started (again)
2019-07-15 13:05:28,208 INFO  ozone.HddsDatanodeService (HddsDatanodeService.java:start(185)) - HddsDatanodeService host:trunk-nightly-hvlc9-602362230 ip:192.168.69.114
2019-07-15 13:05:28,242 INFO  volume.HddsVolume (HddsVolume.java:<init>(176)) - Creating Volume: /workdir/hadoop-ozone/tools/target/test-dir/MiniOzoneClusterImpl-037e815c-8d09-4097-b377-cfb3c5b276e1/datanode-0/data/containers/hdds of  storage type : DISK and capacity : 52710309888
2019-07-15 13:05:28,244 INFO  volume.VolumeSet (VolumeSet.java:initializeVolumeSet(170)) - Added Volume : /workdir/hadoop-ozone/tools/target/test-dir/MiniOzoneClusterImpl-037e815c-8d09-4097-b377-cfb3c5b276e1/datanode-0/data/containers/hdds to VolumeSet
2019-07-15 13:05:28,247 INFO  volume.ThrottledAsyncChecker (ThrottledAsyncChecker.java:schedule(140)) - Scheduling a check for org.apache.hadoop.ozone.container.common.volume.HddsVolume@17ca8b92
2019-07-15 13:05:28,265 INFO  volume.HddsVolumeChecker (HddsVolumeChecker.java:checkAllVolumes(203)) - Scheduled health check for volume org.apache.hadoop.ozone.container.common.volume.HddsVolume@17ca8b92
2019-07-15 13:05:28,379 INFO  impl.RaftServerProxy (ConfUtils.java:logGet(43)) - raft.rpc.type = GRPC (default)
2019-07-15 13:05:28,448 INFO  grpc.GrpcFactory (GrpcFactory.java:checkPooledByteBufAllocatorUseCacheForAllThreads(45)) - PERFORMANCE WARNING: useCacheForAllThreads is true that may cause Netty to create a lot garbage objects and, as a result, trigger GC.
	It is recommended to disable useCacheForAllThreads by setting -Dorg.apache.ratis.thirdparty.io.netty.allocator.useCacheForAllThreads=false in command line.
2019-07-15 13:05:28,452 INFO  grpc.GrpcConfigKeys$Server (ConfUtils.java:logGet(43)) - raft.grpc.server.port = 0 (default)
2019-07-15 13:05:28,453 INFO  server.GrpcService (ConfUtils.java:logGet(43)) - raft.grpc.message.size.max = 33570816 (custom)
2019-07-15 13:05:28,455 INFO  server.RaftServerConfigKeys (ConfUtils.java:logGet(43)) - raft.server.log.appender.buffer.byte-limit = 33554432 (custom)
2019-07-15 13:05:28,456 INFO  server.GrpcService (ConfUtils.java:logGet(43)) - raft.grpc.flow.control.window = 1MB (=1048576) (default)
2019-07-15 13:05:28,456 INFO  server.RaftServerConfigKeys (ConfUtils.java:logGet(43)) - raft.server.rpc.request.timeout = 3000ms (default)
2019-07-15 13:05:28,608 INFO  server.RaftServerConfigKeys (ConfUtils.java:logGet(43)) - raft.server.storage.dir = [/workdir/hadoop-ozone/tools/target/test-dir/MiniOzoneClusterImpl-037e815c-8d09-4097-b377-cfb3c5b276e1/datanode-0/data/ratis] (custom)
2019-07-15 13:05:28,683 INFO  replication.SimpleContainerDownloader (SimpleContainerDownloader.java:<init>(72)) - Starting container downloader service to copy containers to replicate.
2019-07-15 13:05:28,703 INFO  hdfs.DFSUtil (DFSUtil.java:httpServerTemplateForNNAndJN(1641)) - Starting Web-server for hddsDatanode at: http://0.0.0.0:0
2019-07-15 13:05:28,706 INFO  server.AuthenticationFilter (AuthenticationFilter.java:constructSecretProvider(240)) - Unable to initialize FileSignerSecretProvider, falling back to use random secrets.
2019-07-15 13:05:28,708 WARN  http.HttpRequestLog (HttpRequestLog.java:getRequestLog(97)) - Jetty request log can only be enabled using Log4j
2019-07-15 13:05:28,710 INFO  http.HttpServer2 (HttpServer2.java:addGlobalFilter(975)) - Added global filter 'safety' (class=org.apache.hadoop.http.HttpServer2$QuotingInputFilter)
2019-07-15 13:05:28,711 INFO  http.HttpServer2 (HttpServer2.java:addFilter(948)) - Added filter static_user_filter (class=org.apache.hadoop.http.lib.StaticUserWebFilter$StaticUserFilter) to context hddsDatanode
2019-07-15 13:05:28,711 INFO  http.HttpServer2 (HttpServer2.java:addFilter(958)) - Added filter static_user_filter (class=org.apache.hadoop.http.lib.StaticUserWebFilter$StaticUserFilter) to context static
2019-07-15 13:05:28,712 INFO  http.HttpServer2 (HttpServer2.java:addFilter(958)) - Added filter static_user_filter (class=org.apache.hadoop.http.lib.StaticUserWebFilter$StaticUserFilter) to context logs
2019-07-15 13:05:28,713 INFO  http.HttpServer2 (HttpServer2.java:bindListener(1191)) - Jetty bound to port 41622
2019-07-15 13:05:28,713 INFO  server.Server (Server.java:doStart(351)) - jetty-9.3.24.v20180605, build timestamp: 2018-06-05T17:11:56Z, git hash: 84205aa28f11a4f31f2a3b86d1bba2cc8ab69827
2019-07-15 13:05:28,716 INFO  handler.ContextHandler (ContextHandler.java:doStart(781)) - Started o.e.j.s.ServletContextHandler@66ad7bf0{/logs,file:///workdir/hadoop-ozone/tools/target/log,AVAILABLE}
2019-07-15 13:05:28,717 INFO  handler.ContextHandler (ContextHandler.java:doStart(781)) - Started o.e.j.s.ServletContextHandler@138caeca{/static,file:///workdir/hadoop-hdds/container-service/target/classes/webapps/static,AVAILABLE}
2019-07-15 13:05:28,722 INFO  handler.ContextHandler (ContextHandler.java:doStart(781)) - Started o.e.j.w.WebAppContext@6e8a9c30{/,file:///workdir/hadoop-hdds/container-service/target/classes/webapps/hddsDatanode/,AVAILABLE}{/hddsDatanode}
2019-07-15 13:05:28,722 INFO  server.AbstractConnector (AbstractConnector.java:doStart(278)) - Started ServerConnector@5d01ea21{HTTP/1.1,[http/1.1]}{0.0.0.0:41622}
2019-07-15 13:05:28,726 INFO  server.Server (Server.java:doStart(419)) - Started @5145ms
2019-07-15 13:05:28,727 INFO  server.BaseHttpServer (BaseHttpServer.java:updateConnectorAddress(207)) - HTTP server of HDDSDATANODE is listening at http://0.0.0.0:41622
2019-07-15 13:05:29,827 INFO  ozone.HddsDatanodeService (HddsDatanodeService.java:startPlugins(396)) - Started plug-in org.apache.hadoop.ozone.web.OzoneHddsDatanodeService@590f0c50
2019-07-15 13:05:29,830 INFO  impl.MetricsSystemImpl (MetricsSystemImpl.java:init(158)) - HddsDatanode metrics system started (again)
2019-07-15 13:05:29,832 INFO  ozone.HddsDatanodeService (HddsDatanodeService.java:start(185)) - HddsDatanodeService host:trunk-nightly-hvlc9-602362230 ip:192.168.69.114
2019-07-15 13:05:29,840 INFO  util.JvmPauseMonitor (JvmPauseMonitor.java:run(188)) - Starting JVM pause monitor
2019-07-15 13:05:29,843 INFO  volume.HddsVolume (HddsVolume.java:<init>(176)) - Creating Volume: /workdir/hadoop-ozone/tools/target/test-dir/MiniOzoneClusterImpl-037e815c-8d09-4097-b377-cfb3c5b276e1/datanode-1/data/containers/hdds of  storage type : DISK and capacity : 52710309888
2019-07-15 13:05:29,844 INFO  volume.VolumeSet (VolumeSet.java:initializeVolumeSet(170)) - Added Volume : /workdir/hadoop-ozone/tools/target/test-dir/MiniOzoneClusterImpl-037e815c-8d09-4097-b377-cfb3c5b276e1/datanode-1/data/containers/hdds to VolumeSet
2019-07-15 13:05:29,845 INFO  volume.ThrottledAsyncChecker (ThrottledAsyncChecker.java:schedule(140)) - Scheduling a check for org.apache.hadoop.ozone.container.common.volume.HddsVolume@2b7e8044
2019-07-15 13:05:29,845 INFO  volume.HddsVolumeChecker (HddsVolumeChecker.java:checkAllVolumes(203)) - Scheduled health check for volume org.apache.hadoop.ozone.container.common.volume.HddsVolume@2b7e8044
2019-07-15 13:05:29,866 INFO  impl.RaftServerProxy (ConfUtils.java:logGet(43)) - raft.rpc.type = GRPC (default)
2019-07-15 13:05:29,866 INFO  grpc.GrpcFactory (GrpcFactory.java:checkPooledByteBufAllocatorUseCacheForAllThreads(45)) - PERFORMANCE WARNING: useCacheForAllThreads is true that may cause Netty to create a lot garbage objects and, as a result, trigger GC.
	It is recommended to disable useCacheForAllThreads by setting -Dorg.apache.ratis.thirdparty.io.netty.allocator.useCacheForAllThreads=false in command line.
2019-07-15 13:05:29,867 INFO  grpc.GrpcConfigKeys$Server (ConfUtils.java:logGet(43)) - raft.grpc.server.port = 0 (default)
2019-07-15 13:05:29,867 INFO  server.GrpcService (ConfUtils.java:logGet(43)) - raft.grpc.message.size.max = 33570816 (custom)
2019-07-15 13:05:29,867 INFO  server.RaftServerConfigKeys (ConfUtils.java:logGet(43)) - raft.server.log.appender.buffer.byte-limit = 33554432 (custom)
2019-07-15 13:05:29,867 INFO  server.GrpcService (ConfUtils.java:logGet(43)) - raft.grpc.flow.control.window = 1MB (=1048576) (default)
2019-07-15 13:05:29,868 INFO  server.RaftServerConfigKeys (ConfUtils.java:logGet(43)) - raft.server.rpc.request.timeout = 3000ms (default)
2019-07-15 13:05:29,868 INFO  server.RaftServerConfigKeys (ConfUtils.java:logGet(43)) - raft.server.storage.dir = [/workdir/hadoop-ozone/tools/target/test-dir/MiniOzoneClusterImpl-037e815c-8d09-4097-b377-cfb3c5b276e1/datanode-1/data/ratis] (custom)
2019-07-15 13:05:29,869 INFO  replication.SimpleContainerDownloader (SimpleContainerDownloader.java:<init>(72)) - Starting container downloader service to copy containers to replicate.
2019-07-15 13:05:29,870 INFO  hdfs.DFSUtil (DFSUtil.java:httpServerTemplateForNNAndJN(1641)) - Starting Web-server for hddsDatanode at: http://0.0.0.0:0
2019-07-15 13:05:29,872 INFO  server.AuthenticationFilter (AuthenticationFilter.java:constructSecretProvider(240)) - Unable to initialize FileSignerSecretProvider, falling back to use random secrets.
2019-07-15 13:05:29,873 WARN  http.HttpRequestLog (HttpRequestLog.java:getRequestLog(97)) - Jetty request log can only be enabled using Log4j
2019-07-15 13:05:29,875 INFO  http.HttpServer2 (HttpServer2.java:addGlobalFilter(975)) - Added global filter 'safety' (class=org.apache.hadoop.http.HttpServer2$QuotingInputFilter)
2019-07-15 13:05:29,876 INFO  http.HttpServer2 (HttpServer2.java:addFilter(948)) - Added filter static_user_filter (class=org.apache.hadoop.http.lib.StaticUserWebFilter$StaticUserFilter) to context hddsDatanode
2019-07-15 13:05:29,876 INFO  http.HttpServer2 (HttpServer2.java:addFilter(958)) - Added filter static_user_filter (class=org.apache.hadoop.http.lib.StaticUserWebFilter$StaticUserFilter) to context logs
2019-07-15 13:05:29,876 INFO  http.HttpServer2 (HttpServer2.java:addFilter(958)) - Added filter static_user_filter (class=org.apache.hadoop.http.lib.StaticUserWebFilter$StaticUserFilter) to context static
2019-07-15 13:05:29,877 INFO  http.HttpServer2 (HttpServer2.java:bindListener(1191)) - Jetty bound to port 36233
2019-07-15 13:05:29,877 INFO  server.Server (Server.java:doStart(351)) - jetty-9.3.24.v20180605, build timestamp: 2018-06-05T17:11:56Z, git hash: 84205aa28f11a4f31f2a3b86d1bba2cc8ab69827
2019-07-15 13:05:29,881 INFO  handler.ContextHandler (ContextHandler.java:doStart(781)) - Started o.e.j.s.ServletContextHandler@b5de58f{/logs,file:///workdir/hadoop-ozone/tools/target/log,AVAILABLE}
2019-07-15 13:05:29,881 INFO  handler.ContextHandler (ContextHandler.java:doStart(781)) - Started o.e.j.s.ServletContextHandler@abbe000{/static,file:///workdir/hadoop-hdds/container-service/target/classes/webapps/static,AVAILABLE}
2019-07-15 13:05:29,887 INFO  handler.ContextHandler (ContextHandler.java:doStart(781)) - Started o.e.j.w.WebAppContext@3138953b{/,file:///workdir/hadoop-hdds/container-service/target/classes/webapps/hddsDatanode/,AVAILABLE}{/hddsDatanode}
2019-07-15 13:05:29,887 INFO  server.AbstractConnector (AbstractConnector.java:doStart(278)) - Started ServerConnector@27df95e{HTTP/1.1,[http/1.1]}{0.0.0.0:36233}
2019-07-15 13:05:29,888 INFO  server.Server (Server.java:doStart(419)) - Started @6306ms
2019-07-15 13:05:29,889 INFO  server.BaseHttpServer (BaseHttpServer.java:updateConnectorAddress(207)) - HTTP server of HDDSDATANODE is listening at http://0.0.0.0:36233
2019-07-15 13:05:29,962 INFO  datanode.InitDatanodeState (InitDatanodeState.java:persistContainerDatanodeDetails(140)) - DatanodeDetails is persisted to /workdir/hadoop-ozone/tools/target/test-dir/MiniOzoneClusterImpl-037e815c-8d09-4097-b377-cfb3c5b276e1/datanode-0/meta/datanode.id
2019-07-15 13:05:30,046 INFO  ozone.HddsDatanodeService (HddsDatanodeService.java:startPlugins(396)) - Started plug-in org.apache.hadoop.ozone.web.OzoneHddsDatanodeService@3f6bf8aa
2019-07-15 13:05:30,046 INFO  impl.MetricsSystemImpl (MetricsSystemImpl.java:init(158)) - HddsDatanode metrics system started (again)
2019-07-15 13:05:30,047 INFO  ozone.HddsDatanodeService (HddsDatanodeService.java:start(185)) - HddsDatanodeService host:trunk-nightly-hvlc9-602362230 ip:192.168.69.114
2019-07-15 13:05:30,049 INFO  util.JvmPauseMonitor (JvmPauseMonitor.java:run(188)) - Starting JVM pause monitor
2019-07-15 13:05:30,057 INFO  volume.HddsVolume (HddsVolume.java:<init>(176)) - Creating Volume: /workdir/hadoop-ozone/tools/target/test-dir/MiniOzoneClusterImpl-037e815c-8d09-4097-b377-cfb3c5b276e1/datanode-2/data/containers/hdds of  storage type : DISK and capacity : 52710309888
2019-07-15 13:05:30,057 INFO  volume.VolumeSet (VolumeSet.java:initializeVolumeSet(170)) - Added Volume : /workdir/hadoop-ozone/tools/target/test-dir/MiniOzoneClusterImpl-037e815c-8d09-4097-b377-cfb3c5b276e1/datanode-2/data/containers/hdds to VolumeSet
2019-07-15 13:05:30,057 INFO  volume.ThrottledAsyncChecker (ThrottledAsyncChecker.java:schedule(140)) - Scheduling a check for org.apache.hadoop.ozone.container.common.volume.HddsVolume@78422efb
2019-07-15 13:05:30,058 INFO  volume.HddsVolumeChecker (HddsVolumeChecker.java:checkAllVolumes(203)) - Scheduled health check for volume org.apache.hadoop.ozone.container.common.volume.HddsVolume@78422efb
2019-07-15 13:05:30,059 INFO  datanode.InitDatanodeState (InitDatanodeState.java:persistContainerDatanodeDetails(140)) - DatanodeDetails is persisted to /workdir/hadoop-ozone/tools/target/test-dir/MiniOzoneClusterImpl-037e815c-8d09-4097-b377-cfb3c5b276e1/datanode-1/meta/datanode.id
2019-07-15 13:05:30,075 INFO  impl.RaftServerProxy (ConfUtils.java:logGet(43)) - raft.rpc.type = GRPC (default)
2019-07-15 13:05:30,076 INFO  grpc.GrpcFactory (GrpcFactory.java:checkPooledByteBufAllocatorUseCacheForAllThreads(45)) - PERFORMANCE WARNING: useCacheForAllThreads is true that may cause Netty to create a lot garbage objects and, as a result, trigger GC.
	It is recommended to disable useCacheForAllThreads by setting -Dorg.apache.ratis.thirdparty.io.netty.allocator.useCacheForAllThreads=false in command line.
2019-07-15 13:05:30,076 INFO  grpc.GrpcConfigKeys$Server (ConfUtils.java:logGet(43)) - raft.grpc.server.port = 0 (default)
2019-07-15 13:05:30,076 INFO  server.GrpcService (ConfUtils.java:logGet(43)) - raft.grpc.message.size.max = 33570816 (custom)
2019-07-15 13:05:30,077 INFO  server.RaftServerConfigKeys (ConfUtils.java:logGet(43)) - raft.server.log.appender.buffer.byte-limit = 33554432 (custom)
2019-07-15 13:05:30,077 INFO  server.GrpcService (ConfUtils.java:logGet(43)) - raft.grpc.flow.control.window = 1MB (=1048576) (default)
2019-07-15 13:05:30,077 INFO  server.RaftServerConfigKeys (ConfUtils.java:logGet(43)) - raft.server.rpc.request.timeout = 3000ms (default)
2019-07-15 13:05:30,078 INFO  server.RaftServerConfigKeys (ConfUtils.java:logGet(43)) - raft.server.storage.dir = [/workdir/hadoop-ozone/tools/target/test-dir/MiniOzoneClusterImpl-037e815c-8d09-4097-b377-cfb3c5b276e1/datanode-2/data/ratis] (custom)
2019-07-15 13:05:30,078 INFO  replication.SimpleContainerDownloader (SimpleContainerDownloader.java:<init>(72)) - Starting container downloader service to copy containers to replicate.
2019-07-15 13:05:30,080 INFO  hdfs.DFSUtil (DFSUtil.java:httpServerTemplateForNNAndJN(1641)) - Starting Web-server for hddsDatanode at: http://0.0.0.0:0
2019-07-15 13:05:30,081 INFO  server.AuthenticationFilter (AuthenticationFilter.java:constructSecretProvider(240)) - Unable to initialize FileSignerSecretProvider, falling back to use random secrets.
2019-07-15 13:05:30,081 WARN  http.HttpRequestLog (HttpRequestLog.java:getRequestLog(97)) - Jetty request log can only be enabled using Log4j
2019-07-15 13:05:30,083 INFO  http.HttpServer2 (HttpServer2.java:addGlobalFilter(975)) - Added global filter 'safety' (class=org.apache.hadoop.http.HttpServer2$QuotingInputFilter)
2019-07-15 13:05:30,083 INFO  http.HttpServer2 (HttpServer2.java:addFilter(948)) - Added filter static_user_filter (class=org.apache.hadoop.http.lib.StaticUserWebFilter$StaticUserFilter) to context hddsDatanode
2019-07-15 13:05:30,084 INFO  http.HttpServer2 (HttpServer2.java:addFilter(958)) - Added filter static_user_filter (class=org.apache.hadoop.http.lib.StaticUserWebFilter$StaticUserFilter) to context static
2019-07-15 13:05:30,084 INFO  http.HttpServer2 (HttpServer2.java:addFilter(958)) - Added filter static_user_filter (class=org.apache.hadoop.http.lib.StaticUserWebFilter$StaticUserFilter) to context logs
2019-07-15 13:05:30,084 INFO  http.HttpServer2 (HttpServer2.java:bindListener(1191)) - Jetty bound to port 42678
2019-07-15 13:05:30,085 INFO  server.Server (Server.java:doStart(351)) - jetty-9.3.24.v20180605, build timestamp: 2018-06-05T17:11:56Z, git hash: 84205aa28f11a4f31f2a3b86d1bba2cc8ab69827
2019-07-15 13:05:30,087 INFO  handler.ContextHandler (ContextHandler.java:doStart(781)) - Started o.e.j.s.ServletContextHandler@6215366a{/logs,file:///workdir/hadoop-ozone/tools/target/log,AVAILABLE}
2019-07-15 13:05:30,088 INFO  handler.ContextHandler (ContextHandler.java:doStart(781)) - Started o.e.j.s.ServletContextHandler@36e43829{/static,file:///workdir/hadoop-hdds/container-service/target/classes/webapps/static,AVAILABLE}
2019-07-15 13:05:30,092 INFO  handler.ContextHandler (ContextHandler.java:doStart(781)) - Started o.e.j.w.WebAppContext@483b0690{/,file:///workdir/hadoop-hdds/container-service/target/classes/webapps/hddsDatanode/,AVAILABLE}{/hddsDatanode}
2019-07-15 13:05:30,092 INFO  server.AbstractConnector (AbstractConnector.java:doStart(278)) - Started ServerConnector@687e6293{HTTP/1.1,[http/1.1]}{0.0.0.0:42678}
2019-07-15 13:05:30,093 INFO  server.Server (Server.java:doStart(419)) - Started @6511ms
2019-07-15 13:05:30,094 INFO  server.BaseHttpServer (BaseHttpServer.java:updateConnectorAddress(207)) - HTTP server of HDDSDATANODE is listening at http://0.0.0.0:42678
2019-07-15 13:05:30,222 INFO  ozone.HddsDatanodeService (HddsDatanodeService.java:startPlugins(396)) - Started plug-in org.apache.hadoop.ozone.web.OzoneHddsDatanodeService@6ec63f8
2019-07-15 13:05:30,224 INFO  ozone.MiniOzoneClusterImpl (MiniOzoneClusterImpl.java:lambda$waitForClusterToBeReady$0(142)) - Waiting for cluster to be ready. Got 0 of 3 DN Heartbeats.
2019-07-15 13:05:30,225 INFO  util.JvmPauseMonitor (JvmPauseMonitor.java:run(188)) - Starting JVM pause monitor
2019-07-15 13:05:30,228 INFO  datanode.InitDatanodeState (InitDatanodeState.java:persistContainerDatanodeDetails(140)) - DatanodeDetails is persisted to /workdir/hadoop-ozone/tools/target/test-dir/MiniOzoneClusterImpl-037e815c-8d09-4097-b377-cfb3c5b276e1/datanode-2/meta/datanode.id
2019-07-15 13:05:31,224 INFO  ozone.MiniOzoneClusterImpl (MiniOzoneClusterImpl.java:lambda$waitForClusterToBeReady$0(142)) - Waiting for cluster to be ready. Got 0 of 3 DN Heartbeats.
2019-07-15 13:05:31,899 INFO  ozoneimpl.OzoneContainer (OzoneContainer.java:start(186)) - Attempting to start container services.
2019-07-15 13:05:31,901 INFO  ozoneimpl.OzoneContainer (OzoneContainer.java:startContainerScrub(160)) - Background container scrubber has been disabled by hdds.containerscrub.enabled
2019-07-15 13:05:31,901 INFO  ratis.XceiverServerRatis (XceiverServerRatis.java:start(418)) - Starting XceiverServerRatis ef3d5ff4-f601-449a-8902-77876834cf17 at port 0
2019-07-15 13:05:31,930 INFO  impl.RaftServerProxy (RaftServerProxy.java:lambda$start$3(299)) - ef3d5ff4-f601-449a-8902-77876834cf17: start RPC server
2019-07-15 13:05:32,059 INFO  server.GrpcService (GrpcService.java:startImpl(149)) - ef3d5ff4-f601-449a-8902-77876834cf17: GrpcService started, listening on 0.0.0.0/0.0.0.0:36215
2019-07-15 13:05:32,060 INFO  ratis.XceiverServerRatis (XceiverServerRatis.java:start(428)) - XceiverServerRatis ef3d5ff4-f601-449a-8902-77876834cf17 is started using port 36215
2019-07-15 13:05:32,062 INFO  server.XceiverServerGrpc (XceiverServerGrpc.java:start(161)) - XceiverServerGrpc ef3d5ff4-f601-449a-8902-77876834cf17 is started using port 44140
2019-07-15 13:05:32,068 INFO  ozoneimpl.OzoneContainer (OzoneContainer.java:start(186)) - Attempting to start container services.
2019-07-15 13:05:32,070 INFO  ozoneimpl.OzoneContainer (OzoneContainer.java:startContainerScrub(160)) - Background container scrubber has been disabled by hdds.containerscrub.enabled
2019-07-15 13:05:32,070 INFO  ratis.XceiverServerRatis (XceiverServerRatis.java:start(418)) - Starting XceiverServerRatis 85762f4c-4020-4380-968f-5264cc081a78 at port 0
2019-07-15 13:05:32,083 INFO  impl.RaftServerProxy (RaftServerProxy.java:lambda$start$3(299)) - 85762f4c-4020-4380-968f-5264cc081a78: start RPC server
2019-07-15 13:05:32,090 INFO  server.GrpcService (GrpcService.java:startImpl(149)) - 85762f4c-4020-4380-968f-5264cc081a78: GrpcService started, listening on 0.0.0.0/0.0.0.0:45019
2019-07-15 13:05:32,090 INFO  ratis.XceiverServerRatis (XceiverServerRatis.java:start(428)) - XceiverServerRatis 85762f4c-4020-4380-968f-5264cc081a78 is started using port 45019
2019-07-15 13:05:32,092 INFO  server.XceiverServerGrpc (XceiverServerGrpc.java:start(161)) - XceiverServerGrpc 85762f4c-4020-4380-968f-5264cc081a78 is started using port 45665
2019-07-15 13:05:32,225 INFO  ozone.MiniOzoneClusterImpl (MiniOzoneClusterImpl.java:lambda$waitForClusterToBeReady$0(142)) - Waiting for cluster to be ready. Got 0 of 3 DN Heartbeats.
2019-07-15 13:05:32,242 INFO  ozoneimpl.OzoneContainer (OzoneContainer.java:start(186)) - Attempting to start container services.
2019-07-15 13:05:32,244 INFO  ozoneimpl.OzoneContainer (OzoneContainer.java:startContainerScrub(160)) - Background container scrubber has been disabled by hdds.containerscrub.enabled
2019-07-15 13:05:32,244 INFO  ratis.XceiverServerRatis (XceiverServerRatis.java:start(418)) - Starting XceiverServerRatis f9ce73e7-63f5-4928-8921-5bbeb40c4f7f at port 0
2019-07-15 13:05:32,260 INFO  impl.RaftServerProxy (RaftServerProxy.java:lambda$start$3(299)) - f9ce73e7-63f5-4928-8921-5bbeb40c4f7f: start RPC server
2019-07-15 13:05:32,263 INFO  server.GrpcService (GrpcService.java:startImpl(149)) - f9ce73e7-63f5-4928-8921-5bbeb40c4f7f: GrpcService started, listening on 0.0.0.0/0.0.0.0:43294
2019-07-15 13:05:32,263 INFO  ratis.XceiverServerRatis (XceiverServerRatis.java:start(428)) - XceiverServerRatis f9ce73e7-63f5-4928-8921-5bbeb40c4f7f is started using port 43294
2019-07-15 13:05:32,267 INFO  server.XceiverServerGrpc (XceiverServerGrpc.java:start(161)) - XceiverServerGrpc f9ce73e7-63f5-4928-8921-5bbeb40c4f7f is started using port 39538
2019-07-15 13:05:33,227 INFO  ozone.MiniOzoneClusterImpl (MiniOzoneClusterImpl.java:lambda$waitForClusterToBeReady$0(142)) - Waiting for cluster to be ready. Got 0 of 3 DN Heartbeats.
2019-07-15 13:05:33,885 INFO  net.NetworkTopology (NetworkTopologyImpl.java:add(110)) - Added a new node: /default-rack/192.168.69.114
2019-07-15 13:05:33,886 INFO  node.SCMNodeManager (SCMNodeManager.java:register(269)) - Registered Data node : ef3d5ff4-f601-449a-8902-77876834cf17{ip: 192.168.69.114, host: trunk-nightly-hvlc9-602362230, networkLocation: /default-rack, certSerialId: null}
2019-07-15 13:05:33,891 INFO  safemode.SCMSafeModeManager (DataNodeSafeModeRule.java:process(71)) - SCM in safe mode. 1 DataNodes registered, 1 required.
2019-07-15 13:05:33,891 INFO  safemode.SCMSafeModeManager (SCMSafeModeManager.java:validateSafeModeExitRules(177)) - ScmSafeModeManager, all rules are successfully validated
2019-07-15 13:05:33,891 INFO  safemode.SCMSafeModeManager (SCMSafeModeManager.java:exitSafeMode(193)) - SCM exiting safe mode.
2019-07-15 13:05:34,054 INFO  node.SCMNodeManager (SCMNodeManager.java:register(269)) - Registered Data node : 85762f4c-4020-4380-968f-5264cc081a78{ip: 192.168.69.114, host: trunk-nightly-hvlc9-602362230, networkLocation: /default-rack, certSerialId: null}
2019-07-15 13:05:34,228 INFO  ozone.MiniOzoneClusterImpl (MiniOzoneClusterImpl.java:lambda$waitForClusterToBeReady$0(142)) - Waiting for cluster to be ready. Got 2 of 3 DN Heartbeats.
2019-07-15 13:05:34,229 INFO  node.SCMNodeManager (SCMNodeManager.java:register(269)) - Registered Data node : f9ce73e7-63f5-4928-8921-5bbeb40c4f7f{ip: 192.168.69.114, host: trunk-nightly-hvlc9-602362230, networkLocation: /default-rack, certSerialId: null}
2019-07-15 13:05:34,485 INFO  impl.RaftServerProxy (RaftServerProxy.java:addNew(89)) - ef3d5ff4-f601-449a-8902-77876834cf17: addNew group-5682DBFEC24E:[ef3d5ff4-f601-449a-8902-77876834cf17:192.168.69.114:36215] returns group-5682DBFEC24E:java.util.concurrent.CompletableFuture@441c81b1[Not completed]
2019-07-15 13:05:34,503 INFO  impl.RaftServerImpl (RaftServerImpl.java:<init>(93)) - ef3d5ff4-f601-449a-8902-77876834cf17: new RaftServerImpl for group-5682DBFEC24E:[ef3d5ff4-f601-449a-8902-77876834cf17:192.168.69.114:36215] with ContainerStateMachine:uninitialized
2019-07-15 13:05:34,507 INFO  server.RaftServerConfigKeys (ConfUtils.java:logGet(43)) - raft.server.rpc.timeout.min = 5s (custom)
2019-07-15 13:05:34,508 INFO  server.RaftServerConfigKeys (ConfUtils.java:logGet(43)) - raft.server.rpc.timeout.max = 5200ms (custom)
2019-07-15 13:05:34,508 INFO  server.RaftServerConfigKeys (ConfUtils.java:logGet(43)) - raft.server.rpcslowness.timeout = 120s (custom)
2019-07-15 13:05:34,509 INFO  server.RaftServerConfigKeys (ConfUtils.java:logGet(43)) - raft.server.sleep.deviation.threshold = 300 (default)
2019-07-15 13:05:34,510 INFO  server.RaftServerConfigKeys (ConfUtils.java:logGet(43)) - raft.server.log.appender.install.snapshot.enabled = false (custom)
2019-07-15 13:05:34,521 INFO  impl.RaftServerImpl (ServerState.java:<init>(105)) - ef3d5ff4-f601-449a-8902-77876834cf17:group-5682DBFEC24E ConfigurationManager, init=-1: [ef3d5ff4-f601-449a-8902-77876834cf17:192.168.69.114:36215], old=null, confs=<EMPTY_MAP>
2019-07-15 13:05:34,521 INFO  server.RaftServerConfigKeys (ConfUtils.java:logGet(43)) - raft.server.storage.dir = [/workdir/hadoop-ozone/tools/target/test-dir/MiniOzoneClusterImpl-037e815c-8d09-4097-b377-cfb3c5b276e1/datanode-0/data/ratis] (custom)
2019-07-15 13:05:34,532 INFO  storage.RaftStorageDirectory (RaftStorageDirectory.java:analyzeStorage(246)) - The storage directory /workdir/hadoop-ozone/tools/target/test-dir/MiniOzoneClusterImpl-037e815c-8d09-4097-b377-cfb3c5b276e1/datanode-0/data/ratis/3f11399d-86ad-473e-8ddd-5682dbfec24e does not exist. Creating ...
2019-07-15 13:05:34,551 INFO  storage.RaftStorageDirectory (RaftStorageDirectory.java:tryLock(328)) - Lock on /workdir/hadoop-ozone/tools/target/test-dir/MiniOzoneClusterImpl-037e815c-8d09-4097-b377-cfb3c5b276e1/datanode-0/data/ratis/3f11399d-86ad-473e-8ddd-5682dbfec24e/in_use.lock acquired by nodename 21547@trunk-nightly-hvlc9-602362230
2019-07-15 13:05:34,567 INFO  storage.RaftStorage (RaftStorage.java:format(72)) - Storage directory /workdir/hadoop-ozone/tools/target/test-dir/MiniOzoneClusterImpl-037e815c-8d09-4097-b377-cfb3c5b276e1/datanode-0/data/ratis/3f11399d-86ad-473e-8ddd-5682dbfec24e has been successfully formatted.
2019-07-15 13:05:34,570 INFO  ratis.ContainerStateMachine (ContainerStateMachine.java:loadSnapshot(200)) - group-5682DBFEC24E: The snapshot info is null. Setting the last applied indexto:(t:0, i:~)
2019-07-15 13:05:34,570 INFO  server.RaftServerConfigKeys (ConfUtils.java:logGet(43)) - raft.server.leader.election.timeout = 120s (custom)
2019-07-15 13:05:34,573 INFO  server.RaftServerConfigKeys (ConfUtils.java:logGet(43)) - raft.server.log.use.memory = false (default)
2019-07-15 13:05:34,580 INFO  server.RaftServerConfigKeys (ConfUtils.java:logGet(43)) - raft.server.log.purge.gap = 1000000000 (custom)
2019-07-15 13:05:34,580 INFO  server.RaftServerConfigKeys (ConfUtils.java:logGet(43)) - raft.server.log.appender.buffer.byte-limit = 33554432 (custom)
2019-07-15 13:05:34,582 INFO  server.RaftServerConfigKeys (ConfUtils.java:logGet(43)) - raft.server.log.segment.size.max = 1048576 (custom)
2019-07-15 13:05:34,588 INFO  server.RaftServerConfigKeys (ConfUtils.java:logGet(43)) - raft.server.log.segment.cache.num.max = 2 (custom)
2019-07-15 13:05:34,595 INFO  segmented.SegmentedRaftLogWorker (SegmentedRaftLogWorker.java:<init>(172)) - new ef3d5ff4-f601-449a-8902-77876834cf17-SegmentedRaftLogWorker:Storage Directory /workdir/hadoop-ozone/tools/target/test-dir/MiniOzoneClusterImpl-037e815c-8d09-4097-b377-cfb3c5b276e1/datanode-0/data/ratis/3f11399d-86ad-473e-8ddd-5682dbfec24e for RaftStorage:Storage Directory /workdir/hadoop-ozone/tools/target/test-dir/MiniOzoneClusterImpl-037e815c-8d09-4097-b377-cfb3c5b276e1/datanode-0/data/ratis/3f11399d-86ad-473e-8ddd-5682dbfec24e
2019-07-15 13:05:34,612 INFO  server.RaftServerConfigKeys (ConfUtils.java:logGet(43)) - raft.server.log.queue.byte-limit = 2147483647 (custom)
2019-07-15 13:05:34,613 INFO  server.RaftServerConfigKeys (ConfUtils.java:logGet(43)) - raft.server.log.queue.element-limit = 1024 (custom)
2019-07-15 13:05:34,619 INFO  server.RaftServerConfigKeys (ConfUtils.java:logGet(43)) - raft.server.log.segment.size.max = 1048576 (custom)
2019-07-15 13:05:34,620 INFO  server.RaftServerConfigKeys (ConfUtils.java:logGet(43)) - raft.server.log.preallocated.size = 16384 (custom)
2019-07-15 13:05:34,620 INFO  server.RaftServerConfigKeys (ConfUtils.java:logGet(43)) - raft.server.log.write.buffer.size = 33554432 (custom)
2019-07-15 13:05:34,621 INFO  server.RaftServerConfigKeys (ConfUtils.java:logGet(43)) - raft.server.log.force.sync.num = 128 (default)
2019-07-15 13:05:34,622 INFO  server.RaftServerConfigKeys (ConfUtils.java:logGet(43)) - raft.server.log.statemachine.data.sync = true (default)
2019-07-15 13:05:34,622 INFO  server.RaftServerConfigKeys (ConfUtils.java:logGet(43)) - raft.server.log.statemachine.data.sync.timeout = 10s (default)
2019-07-15 13:05:34,622 INFO  server.RaftServerConfigKeys (ConfUtils.java:logGet(43)) - raft.server.log.statemachine.data.sync.timeout.retry = -1 (default)
2019-07-15 13:05:34,637 INFO  server.RaftServerConfigKeys (ConfUtils.java:logGet(43)) - raft.server.log.statemachine.data.caching.enabled = true (custom)
2019-07-15 13:05:34,641 INFO  segmented.SegmentedRaftLogWorker (SegmentedRaftLogWorker.java:lambda$new$0(132)) - ef3d5ff4-f601-449a-8902-77876834cf17-SegmentedRaftLogWorker:Storage Directory /workdir/hadoop-ozone/tools/target/test-dir/MiniOzoneClusterImpl-037e815c-8d09-4097-b377-cfb3c5b276e1/datanode-0/data/ratis/3f11399d-86ad-473e-8ddd-5682dbfec24e: flushIndex: setUnconditionally 0 -> -1
2019-07-15 13:05:34,942 INFO  server.RaftServerConfigKeys (ConfUtils.java:logGet(43)) - raft.server.snapshot.auto.trigger.enabled = true (custom)
2019-07-15 13:05:34,944 INFO  server.RaftServerConfigKeys (ConfUtils.java:logGet(43)) - raft.server.snapshot.auto.trigger.threshold = 10000 (custom)
2019-07-15 13:05:34,944 INFO  server.RaftServerConfigKeys (ConfUtils.java:logGet(43)) - raft.server.retrycache.expirytime = 600000ms (custom)
2019-07-15 13:05:34,972 INFO  impl.RaftServerImpl (RaftServerImpl.java:start(180)) - ef3d5ff4-f601-449a-8902-77876834cf17: start group-5682DBFEC24E
2019-07-15 13:05:34,973 INFO  impl.RaftServerImpl (RaftServerImpl.java:setRole(171)) - ef3d5ff4-f601-449a-8902-77876834cf17:group-5682DBFEC24E changes role from null to FOLLOWER at term 0 for startAsFollower
2019-07-15 13:05:34,974 INFO  impl.RoleInfo (RoleInfo.java:updateAndGet(143)) - ef3d5ff4-f601-449a-8902-77876834cf17: start FollowerState
2019-07-15 13:05:34,976 INFO  util.JmxRegister (JmxRegister.java:tryRegister(44)) - Successfully registered JMX Bean with object name Ratis:service=RaftServer,group=group-5682DBFEC24E,id=ef3d5ff4-f601-449a-8902-77876834cf17
2019-07-15 13:05:35,048 INFO  pipeline.PipelineStateManager (PipelineStateManager.java:addPipeline(56)) - Created pipeline Pipeline[ Id: 3f11399d-86ad-473e-8ddd-5682dbfec24e, Nodes: ef3d5ff4-f601-449a-8902-77876834cf17{ip: 192.168.69.114, host: trunk-nightly-hvlc9-602362230, networkLocation: /default-rack, certSerialId: null}, Type:RATIS, Factor:ONE, State:OPEN]
2019-07-15 13:05:35,076 INFO  impl.RaftServerProxy (RaftServerProxy.java:addNew(89)) - 85762f4c-4020-4380-968f-5264cc081a78: addNew group-35B23A9F05B6:[85762f4c-4020-4380-968f-5264cc081a78:192.168.69.114:45019] returns group-35B23A9F05B6:java.util.concurrent.CompletableFuture@7c8f28aa[Not completed]
2019-07-15 13:05:35,105 INFO  impl.RaftServerImpl (RaftServerImpl.java:<init>(93)) - 85762f4c-4020-4380-968f-5264cc081a78: new RaftServerImpl for group-35B23A9F05B6:[85762f4c-4020-4380-968f-5264cc081a78:192.168.69.114:45019] with ContainerStateMachine:uninitialized
2019-07-15 13:05:35,107 INFO  server.RaftServerConfigKeys (ConfUtils.java:logGet(43)) - raft.server.rpc.timeout.min = 5s (custom)
2019-07-15 13:05:35,107 INFO  server.RaftServerConfigKeys (ConfUtils.java:logGet(43)) - raft.server.rpc.timeout.max = 5200ms (custom)
2019-07-15 13:05:35,107 INFO  server.RaftServerConfigKeys (ConfUtils.java:logGet(43)) - raft.server.rpcslowness.timeout = 120s (custom)
2019-07-15 13:05:35,107 INFO  server.RaftServerConfigKeys (ConfUtils.java:logGet(43)) - raft.server.sleep.deviation.threshold = 300 (default)
2019-07-15 13:05:35,107 INFO  server.RaftServerConfigKeys (ConfUtils.java:logGet(43)) - raft.server.log.appender.install.snapshot.enabled = false (custom)
2019-07-15 13:05:35,107 INFO  impl.RaftServerImpl (ServerState.java:<init>(105)) - 85762f4c-4020-4380-968f-5264cc081a78:group-35B23A9F05B6 ConfigurationManager, init=-1: [85762f4c-4020-4380-968f-5264cc081a78:192.168.69.114:45019], old=null, confs=<EMPTY_MAP>
2019-07-15 13:05:35,108 INFO  server.RaftServerConfigKeys (ConfUtils.java:logGet(43)) - raft.server.storage.dir = [/workdir/hadoop-ozone/tools/target/test-dir/MiniOzoneClusterImpl-037e815c-8d09-4097-b377-cfb3c5b276e1/datanode-1/data/ratis] (custom)
2019-07-15 13:05:35,108 INFO  storage.RaftStorageDirectory (RaftStorageDirectory.java:analyzeStorage(246)) - The storage directory /workdir/hadoop-ozone/tools/target/test-dir/MiniOzoneClusterImpl-037e815c-8d09-4097-b377-cfb3c5b276e1/datanode-1/data/ratis/aef99eb5-1391-49db-ac3a-35b23a9f05b6 does not exist. Creating ...
2019-07-15 13:05:35,122 INFO  storage.RaftStorageDirectory (RaftStorageDirectory.java:tryLock(328)) - Lock on /workdir/hadoop-ozone/tools/target/test-dir/MiniOzoneClusterImpl-037e815c-8d09-4097-b377-cfb3c5b276e1/datanode-1/data/ratis/aef99eb5-1391-49db-ac3a-35b23a9f05b6/in_use.lock acquired by nodename 21547@trunk-nightly-hvlc9-602362230
2019-07-15 13:05:35,136 INFO  storage.RaftStorage (RaftStorage.java:format(72)) - Storage directory /workdir/hadoop-ozone/tools/target/test-dir/MiniOzoneClusterImpl-037e815c-8d09-4097-b377-cfb3c5b276e1/datanode-1/data/ratis/aef99eb5-1391-49db-ac3a-35b23a9f05b6 has been successfully formatted.
2019-07-15 13:05:35,137 INFO  ratis.ContainerStateMachine (ContainerStateMachine.java:loadSnapshot(200)) - group-35B23A9F05B6: The snapshot info is null. Setting the last applied indexto:(t:0, i:~)
2019-07-15 13:05:35,138 INFO  server.RaftServerConfigKeys (ConfUtils.java:logGet(43)) - raft.server.leader.election.timeout = 120s (custom)
2019-07-15 13:05:35,138 INFO  server.RaftServerConfigKeys (ConfUtils.java:logGet(43)) - raft.server.log.use.memory = false (default)
2019-07-15 13:05:35,138 INFO  server.RaftServerConfigKeys (ConfUtils.java:logGet(43)) - raft.server.log.purge.gap = 1000000000 (custom)
2019-07-15 13:05:35,138 INFO  server.RaftServerConfigKeys (ConfUtils.java:logGet(43)) - raft.server.log.appender.buffer.byte-limit = 33554432 (custom)
2019-07-15 13:05:35,138 INFO  server.RaftServerConfigKeys (ConfUtils.java:logGet(43)) - raft.server.log.segment.size.max = 1048576 (custom)
2019-07-15 13:05:35,139 INFO  server.RaftServerConfigKeys (ConfUtils.java:logGet(43)) - raft.server.log.segment.cache.num.max = 2 (custom)
2019-07-15 13:05:35,139 INFO  segmented.SegmentedRaftLogWorker (SegmentedRaftLogWorker.java:<init>(172)) - new 85762f4c-4020-4380-968f-5264cc081a78-SegmentedRaftLogWorker:Storage Directory /workdir/hadoop-ozone/tools/target/test-dir/MiniOzoneClusterImpl-037e815c-8d09-4097-b377-cfb3c5b276e1/datanode-1/data/ratis/aef99eb5-1391-49db-ac3a-35b23a9f05b6 for RaftStorage:Storage Directory /workdir/hadoop-ozone/tools/target/test-dir/MiniOzoneClusterImpl-037e815c-8d09-4097-b377-cfb3c5b276e1/datanode-1/data/ratis/aef99eb5-1391-49db-ac3a-35b23a9f05b6
2019-07-15 13:05:35,140 INFO  server.RaftServerConfigKeys (ConfUtils.java:logGet(43)) - raft.server.log.queue.byte-limit = 2147483647 (custom)
2019-07-15 13:05:35,140 INFO  server.RaftServerConfigKeys (ConfUtils.java:logGet(43)) - raft.server.log.queue.element-limit = 1024 (custom)
2019-07-15 13:05:35,140 INFO  server.RaftServerConfigKeys (ConfUtils.java:logGet(43)) - raft.server.log.segment.size.max = 1048576 (custom)
2019-07-15 13:05:35,140 INFO  server.RaftServerConfigKeys (ConfUtils.java:logGet(43)) - raft.server.log.preallocated.size = 16384 (custom)
2019-07-15 13:05:35,141 INFO  server.RaftServerConfigKeys (ConfUtils.java:logGet(43)) - raft.server.log.write.buffer.size = 33554432 (custom)
2019-07-15 13:05:35,141 INFO  server.RaftServerConfigKeys (ConfUtils.java:logGet(43)) - raft.server.log.force.sync.num = 128 (default)
2019-07-15 13:05:35,141 INFO  server.RaftServerConfigKeys (ConfUtils.java:logGet(43)) - raft.server.log.statemachine.data.sync = true (default)
2019-07-15 13:05:35,141 INFO  server.RaftServerConfigKeys (ConfUtils.java:logGet(43)) - raft.server.log.statemachine.data.sync.timeout = 10s (default)
2019-07-15 13:05:35,141 INFO  server.RaftServerConfigKeys (ConfUtils.java:logGet(43)) - raft.server.log.statemachine.data.sync.timeout.retry = -1 (default)
2019-07-15 13:05:35,142 INFO  server.RaftServerConfigKeys (ConfUtils.java:logGet(43)) - raft.server.log.statemachine.data.caching.enabled = true (custom)
2019-07-15 13:05:35,142 INFO  segmented.SegmentedRaftLogWorker (SegmentedRaftLogWorker.java:lambda$new$0(132)) - 85762f4c-4020-4380-968f-5264cc081a78-SegmentedRaftLogWorker:Storage Directory /workdir/hadoop-ozone/tools/target/test-dir/MiniOzoneClusterImpl-037e815c-8d09-4097-b377-cfb3c5b276e1/datanode-1/data/ratis/aef99eb5-1391-49db-ac3a-35b23a9f05b6: flushIndex: setUnconditionally 0 -> -1
2019-07-15 13:05:35,142 INFO  server.RaftServerConfigKeys (ConfUtils.java:logGet(43)) - raft.server.snapshot.auto.trigger.enabled = true (custom)
2019-07-15 13:05:35,143 INFO  server.RaftServerConfigKeys (ConfUtils.java:logGet(43)) - raft.server.snapshot.auto.trigger.threshold = 10000 (custom)
2019-07-15 13:05:35,143 INFO  server.RaftServerConfigKeys (ConfUtils.java:logGet(43)) - raft.server.retrycache.expirytime = 600000ms (custom)
2019-07-15 13:05:35,143 INFO  impl.RaftServerImpl (RaftServerImpl.java:start(180)) - 85762f4c-4020-4380-968f-5264cc081a78: start group-35B23A9F05B6
2019-07-15 13:05:35,143 INFO  impl.RaftServerImpl (RaftServerImpl.java:setRole(171)) - 85762f4c-4020-4380-968f-5264cc081a78:group-35B23A9F05B6 changes role from null to FOLLOWER at term 0 for startAsFollower
2019-07-15 13:05:35,143 INFO  impl.RoleInfo (RoleInfo.java:updateAndGet(143)) - 85762f4c-4020-4380-968f-5264cc081a78: start FollowerState
2019-07-15 13:05:35,144 INFO  util.JmxRegister (JmxRegister.java:tryRegister(44)) - Successfully registered JMX Bean with object name Ratis:service=RaftServer,group=group-35B23A9F05B6,id=85762f4c-4020-4380-968f-5264cc081a78
2019-07-15 13:05:35,156 INFO  pipeline.PipelineStateManager (PipelineStateManager.java:addPipeline(56)) - Created pipeline Pipeline[ Id: aef99eb5-1391-49db-ac3a-35b23a9f05b6, Nodes: 85762f4c-4020-4380-968f-5264cc081a78{ip: 192.168.69.114, host: trunk-nightly-hvlc9-602362230, networkLocation: /default-rack, certSerialId: null}, Type:RATIS, Factor:ONE, State:OPEN]
2019-07-15 13:05:35,176 INFO  impl.RaftServerProxy (RaftServerProxy.java:addNew(89)) - f9ce73e7-63f5-4928-8921-5bbeb40c4f7f: addNew group-3CB0DB8ADCBB:[f9ce73e7-63f5-4928-8921-5bbeb40c4f7f:192.168.69.114:43294] returns group-3CB0DB8ADCBB:java.util.concurrent.CompletableFuture@5fa2f0ac[Not completed]
2019-07-15 13:05:35,181 INFO  impl.RaftServerImpl (RaftServerImpl.java:<init>(93)) - f9ce73e7-63f5-4928-8921-5bbeb40c4f7f: new RaftServerImpl for group-3CB0DB8ADCBB:[f9ce73e7-63f5-4928-8921-5bbeb40c4f7f:192.168.69.114:43294] with ContainerStateMachine:uninitialized
2019-07-15 13:05:35,182 INFO  server.RaftServerConfigKeys (ConfUtils.java:logGet(43)) - raft.server.rpc.timeout.min = 5s (custom)
2019-07-15 13:05:35,182 INFO  server.RaftServerConfigKeys (ConfUtils.java:logGet(43)) - raft.server.rpc.timeout.max = 5200ms (custom)
2019-07-15 13:05:35,182 INFO  server.RaftServerConfigKeys (ConfUtils.java:logGet(43)) - raft.server.rpcslowness.timeout = 120s (custom)
2019-07-15 13:05:35,182 INFO  server.RaftServerConfigKeys (ConfUtils.java:logGet(43)) - raft.server.sleep.deviation.threshold = 300 (default)
2019-07-15 13:05:35,182 INFO  server.RaftServerConfigKeys (ConfUtils.java:logGet(43)) - raft.server.log.appender.install.snapshot.enabled = false (custom)
2019-07-15 13:05:35,182 INFO  impl.RaftServerImpl (ServerState.java:<init>(105)) - f9ce73e7-63f5-4928-8921-5bbeb40c4f7f:group-3CB0DB8ADCBB ConfigurationManager, init=-1: [f9ce73e7-63f5-4928-8921-5bbeb40c4f7f:192.168.69.114:43294], old=null, confs=<EMPTY_MAP>
2019-07-15 13:05:35,183 INFO  server.RaftServerConfigKeys (ConfUtils.java:logGet(43)) - raft.server.storage.dir = [/workdir/hadoop-ozone/tools/target/test-dir/MiniOzoneClusterImpl-037e815c-8d09-4097-b377-cfb3c5b276e1/datanode-2/data/ratis] (custom)
2019-07-15 13:05:35,183 INFO  storage.RaftStorageDirectory (RaftStorageDirectory.java:analyzeStorage(246)) - The storage directory /workdir/hadoop-ozone/tools/target/test-dir/MiniOzoneClusterImpl-037e815c-8d09-4097-b377-cfb3c5b276e1/datanode-2/data/ratis/edbf0d88-692b-4784-9922-3cb0db8adcbb does not exist. Creating ...
2019-07-15 13:05:35,196 INFO  storage.RaftStorageDirectory (RaftStorageDirectory.java:tryLock(328)) - Lock on /workdir/hadoop-ozone/tools/target/test-dir/MiniOzoneClusterImpl-037e815c-8d09-4097-b377-cfb3c5b276e1/datanode-2/data/ratis/edbf0d88-692b-4784-9922-3cb0db8adcbb/in_use.lock acquired by nodename 21547@trunk-nightly-hvlc9-602362230
2019-07-15 13:05:35,209 INFO  storage.RaftStorage (RaftStorage.java:format(72)) - Storage directory /workdir/hadoop-ozone/tools/target/test-dir/MiniOzoneClusterImpl-037e815c-8d09-4097-b377-cfb3c5b276e1/datanode-2/data/ratis/edbf0d88-692b-4784-9922-3cb0db8adcbb has been successfully formatted.
2019-07-15 13:05:35,209 INFO  ratis.ContainerStateMachine (ContainerStateMachine.java:loadSnapshot(200)) - group-3CB0DB8ADCBB: The snapshot info is null. Setting the last applied indexto:(t:0, i:~)
2019-07-15 13:05:35,209 INFO  server.RaftServerConfigKeys (ConfUtils.java:logGet(43)) - raft.server.leader.election.timeout = 120s (custom)
2019-07-15 13:05:35,209 INFO  server.RaftServerConfigKeys (ConfUtils.java:logGet(43)) - raft.server.log.use.memory = false (default)
2019-07-15 13:05:35,210 INFO  server.RaftServerConfigKeys (ConfUtils.java:logGet(43)) - raft.server.log.purge.gap = 1000000000 (custom)
2019-07-15 13:05:35,210 INFO  server.RaftServerConfigKeys (ConfUtils.java:logGet(43)) - raft.server.log.appender.buffer.byte-limit = 33554432 (custom)
2019-07-15 13:05:35,210 INFO  server.RaftServerConfigKeys (ConfUtils.java:logGet(43)) - raft.server.log.segment.size.max = 1048576 (custom)
2019-07-15 13:05:35,210 INFO  server.RaftServerConfigKeys (ConfUtils.java:logGet(43)) - raft.server.log.segment.cache.num.max = 2 (custom)
2019-07-15 13:05:35,210 INFO  segmented.SegmentedRaftLogWorker (SegmentedRaftLogWorker.java:<init>(172)) - new f9ce73e7-63f5-4928-8921-5bbeb40c4f7f-SegmentedRaftLogWorker:Storage Directory /workdir/hadoop-ozone/tools/target/test-dir/MiniOzoneClusterImpl-037e815c-8d09-4097-b377-cfb3c5b276e1/datanode-2/data/ratis/edbf0d88-692b-4784-9922-3cb0db8adcbb for RaftStorage:Storage Directory /workdir/hadoop-ozone/tools/target/test-dir/MiniOzoneClusterImpl-037e815c-8d09-4097-b377-cfb3c5b276e1/datanode-2/data/ratis/edbf0d88-692b-4784-9922-3cb0db8adcbb
2019-07-15 13:05:35,210 INFO  server.RaftServerConfigKeys (ConfUtils.java:logGet(43)) - raft.server.log.queue.byte-limit = 2147483647 (custom)
2019-07-15 13:05:35,210 INFO  server.RaftServerConfigKeys (ConfUtils.java:logGet(43)) - raft.server.log.queue.element-limit = 1024 (custom)
2019-07-15 13:05:35,211 INFO  server.RaftServerConfigKeys (ConfUtils.java:logGet(43)) - raft.server.log.segment.size.max = 1048576 (custom)
2019-07-15 13:05:35,211 INFO  server.RaftServerConfigKeys (ConfUtils.java:logGet(43)) - raft.server.log.preallocated.size = 16384 (custom)
2019-07-15 13:05:35,211 INFO  server.RaftServerConfigKeys (ConfUtils.java:logGet(43)) - raft.server.log.write.buffer.size = 33554432 (custom)
2019-07-15 13:05:35,211 INFO  server.RaftServerConfigKeys (ConfUtils.java:logGet(43)) - raft.server.log.force.sync.num = 128 (default)
2019-07-15 13:05:35,211 INFO  server.RaftServerConfigKeys (ConfUtils.java:logGet(43)) - raft.server.log.statemachine.data.sync = true (default)
2019-07-15 13:05:35,211 INFO  server.RaftServerConfigKeys (ConfUtils.java:logGet(43)) - raft.server.log.statemachine.data.sync.timeout = 10s (default)
2019-07-15 13:05:35,211 INFO  server.RaftServerConfigKeys (ConfUtils.java:logGet(43)) - raft.server.log.statemachine.data.sync.timeout.retry = -1 (default)
2019-07-15 13:05:35,212 INFO  server.RaftServerConfigKeys (ConfUtils.java:logGet(43)) - raft.server.log.statemachine.data.caching.enabled = true (custom)
2019-07-15 13:05:35,212 INFO  segmented.SegmentedRaftLogWorker (SegmentedRaftLogWorker.java:lambda$new$0(132)) - f9ce73e7-63f5-4928-8921-5bbeb40c4f7f-SegmentedRaftLogWorker:Storage Directory /workdir/hadoop-ozone/tools/target/test-dir/MiniOzoneClusterImpl-037e815c-8d09-4097-b377-cfb3c5b276e1/datanode-2/data/ratis/edbf0d88-692b-4784-9922-3cb0db8adcbb: flushIndex: setUnconditionally 0 -> -1
2019-07-15 13:05:35,212 INFO  server.RaftServerConfigKeys (ConfUtils.java:logGet(43)) - raft.server.snapshot.auto.trigger.enabled = true (custom)
2019-07-15 13:05:35,213 INFO  server.RaftServerConfigKeys (ConfUtils.java:logGet(43)) - raft.server.snapshot.auto.trigger.threshold = 10000 (custom)
2019-07-15 13:05:35,213 INFO  server.RaftServerConfigKeys (ConfUtils.java:logGet(43)) - raft.server.retrycache.expirytime = 600000ms (custom)
2019-07-15 13:05:35,213 INFO  impl.RaftServerImpl (RaftServerImpl.java:start(180)) - f9ce73e7-63f5-4928-8921-5bbeb40c4f7f: start group-3CB0DB8ADCBB
2019-07-15 13:05:35,213 INFO  impl.RaftServerImpl (RaftServerImpl.java:setRole(171)) - f9ce73e7-63f5-4928-8921-5bbeb40c4f7f:group-3CB0DB8ADCBB changes role from null to FOLLOWER at term 0 for startAsFollower
2019-07-15 13:05:35,213 INFO  impl.RoleInfo (RoleInfo.java:updateAndGet(143)) - f9ce73e7-63f5-4928-8921-5bbeb40c4f7f: start FollowerState
2019-07-15 13:05:35,214 INFO  util.JmxRegister (JmxRegister.java:tryRegister(44)) - Successfully registered JMX Bean with object name Ratis:service=RaftServer,group=group-3CB0DB8ADCBB,id=f9ce73e7-63f5-4928-8921-5bbeb40c4f7f
2019-07-15 13:05:35,223 INFO  pipeline.PipelineStateManager (PipelineStateManager.java:addPipeline(56)) - Created pipeline Pipeline[ Id: edbf0d88-692b-4784-9922-3cb0db8adcbb, Nodes: f9ce73e7-63f5-4928-8921-5bbeb40c4f7f{ip: 192.168.69.114, host: trunk-nightly-hvlc9-602362230, networkLocation: /default-rack, certSerialId: null}, Type:RATIS, Factor:ONE, State:OPEN]
2019-07-15 13:05:35,229 INFO  ozone.MiniOzoneClusterImpl (MiniOzoneClusterImpl.java:lambda$waitForClusterToBeReady$0(142)) - Cluster is ready. Got 3 of 3 DN Heartbeats.
2019-07-15 13:05:35,259 INFO  impl.RaftServerProxy (RaftServerProxy.java:addNew(89)) - f9ce73e7-63f5-4928-8921-5bbeb40c4f7f: addNew group-273F94DA0444:[ef3d5ff4-f601-449a-8902-77876834cf17:192.168.69.114:36215, f9ce73e7-63f5-4928-8921-5bbeb40c4f7f:192.168.69.114:43294, 85762f4c-4020-4380-968f-5264cc081a78:192.168.69.114:45019] returns group-273F94DA0444:java.util.concurrent.CompletableFuture@22c22220[Not completed]
2019-07-15 13:05:35,259 INFO  impl.RaftServerProxy (RaftServerProxy.java:addNew(89)) - ef3d5ff4-f601-449a-8902-77876834cf17: addNew group-273F94DA0444:[ef3d5ff4-f601-449a-8902-77876834cf17:192.168.69.114:36215, f9ce73e7-63f5-4928-8921-5bbeb40c4f7f:192.168.69.114:43294, 85762f4c-4020-4380-968f-5264cc081a78:192.168.69.114:45019] returns group-273F94DA0444:java.util.concurrent.CompletableFuture@14858648[Not completed]
2019-07-15 13:05:35,260 INFO  impl.RaftServerProxy (RaftServerProxy.java:addNew(89)) - 85762f4c-4020-4380-968f-5264cc081a78: addNew group-273F94DA0444:[ef3d5ff4-f601-449a-8902-77876834cf17:192.168.69.114:36215, f9ce73e7-63f5-4928-8921-5bbeb40c4f7f:192.168.69.114:43294, 85762f4c-4020-4380-968f-5264cc081a78:192.168.69.114:45019] returns group-273F94DA0444:java.util.concurrent.CompletableFuture@99344a5[Not completed]
2019-07-15 13:05:35,261 INFO  impl.RaftServerImpl (RaftServerImpl.java:<init>(93)) - f9ce73e7-63f5-4928-8921-5bbeb40c4f7f: new RaftServerImpl for group-273F94DA0444:[ef3d5ff4-f601-449a-8902-77876834cf17:192.168.69.114:36215, f9ce73e7-63f5-4928-8921-5bbeb40c4f7f:192.168.69.114:43294, 85762f4c-4020-4380-968f-5264cc081a78:192.168.69.114:45019] with ContainerStateMachine:uninitialized
2019-07-15 13:05:35,262 INFO  server.RaftServerConfigKeys (ConfUtils.java:logGet(43)) - raft.server.rpc.timeout.min = 5s (custom)
2019-07-15 13:05:35,262 INFO  server.RaftServerConfigKeys (ConfUtils.java:logGet(43)) - raft.server.rpc.timeout.max = 5200ms (custom)
2019-07-15 13:05:35,262 INFO  server.RaftServerConfigKeys (ConfUtils.java:logGet(43)) - raft.server.rpcslowness.timeout = 120s (custom)
2019-07-15 13:05:35,262 INFO  server.RaftServerConfigKeys (ConfUtils.java:logGet(43)) - raft.server.sleep.deviation.threshold = 300 (default)
2019-07-15 13:05:35,262 INFO  impl.RaftServerImpl (RaftServerImpl.java:<init>(93)) - 85762f4c-4020-4380-968f-5264cc081a78: new RaftServerImpl for group-273F94DA0444:[ef3d5ff4-f601-449a-8902-77876834cf17:192.168.69.114:36215, f9ce73e7-63f5-4928-8921-5bbeb40c4f7f:192.168.69.114:43294, 85762f4c-4020-4380-968f-5264cc081a78:192.168.69.114:45019] with ContainerStateMachine:uninitialized
2019-07-15 13:05:35,262 INFO  server.RaftServerConfigKeys (ConfUtils.java:logGet(43)) - raft.server.log.appender.install.snapshot.enabled = false (custom)
2019-07-15 13:05:35,263 INFO  server.RaftServerConfigKeys (ConfUtils.java:logGet(43)) - raft.server.rpc.timeout.min = 5s (custom)
2019-07-15 13:05:35,263 INFO  impl.RaftServerImpl (ServerState.java:<init>(105)) - f9ce73e7-63f5-4928-8921-5bbeb40c4f7f:group-273F94DA0444 ConfigurationManager, init=-1: [ef3d5ff4-f601-449a-8902-77876834cf17:192.168.69.114:36215, f9ce73e7-63f5-4928-8921-5bbeb40c4f7f:192.168.69.114:43294, 85762f4c-4020-4380-968f-5264cc081a78:192.168.69.114:45019], old=null, confs=<EMPTY_MAP>
2019-07-15 13:05:35,263 INFO  server.RaftServerConfigKeys (ConfUtils.java:logGet(43)) - raft.server.rpc.timeout.max = 5200ms (custom)
2019-07-15 13:05:35,263 INFO  server.RaftServerConfigKeys (ConfUtils.java:logGet(43)) - raft.server.storage.dir = [/workdir/hadoop-ozone/tools/target/test-dir/MiniOzoneClusterImpl-037e815c-8d09-4097-b377-cfb3c5b276e1/datanode-2/data/ratis] (custom)
2019-07-15 13:05:35,263 INFO  server.RaftServerConfigKeys (ConfUtils.java:logGet(43)) - raft.server.rpcslowness.timeout = 120s (custom)
2019-07-15 13:05:35,263 INFO  server.RaftServerConfigKeys (ConfUtils.java:logGet(43)) - raft.server.sleep.deviation.threshold = 300 (default)
2019-07-15 13:05:35,264 INFO  storage.RaftStorageDirectory (RaftStorageDirectory.java:analyzeStorage(246)) - The storage directory /workdir/hadoop-ozone/tools/target/test-dir/MiniOzoneClusterImpl-037e815c-8d09-4097-b377-cfb3c5b276e1/datanode-2/data/ratis/f86d9c63-c4c2-4430-9d1d-273f94da0444 does not exist. Creating ...
2019-07-15 13:05:35,264 INFO  impl.RaftServerImpl (RaftServerImpl.java:<init>(93)) - ef3d5ff4-f601-449a-8902-77876834cf17: new RaftServerImpl for group-273F94DA0444:[ef3d5ff4-f601-449a-8902-77876834cf17:192.168.69.114:36215, f9ce73e7-63f5-4928-8921-5bbeb40c4f7f:192.168.69.114:43294, 85762f4c-4020-4380-968f-5264cc081a78:192.168.69.114:45019] with ContainerStateMachine:uninitialized
2019-07-15 13:05:35,264 INFO  server.RaftServerConfigKeys (ConfUtils.java:logGet(43)) - raft.server.log.appender.install.snapshot.enabled = false (custom)
2019-07-15 13:05:35,264 INFO  server.RaftServerConfigKeys (ConfUtils.java:logGet(43)) - raft.server.rpc.timeout.min = 5s (custom)
2019-07-15 13:05:35,264 INFO  impl.RaftServerImpl (ServerState.java:<init>(105)) - 85762f4c-4020-4380-968f-5264cc081a78:group-273F94DA0444 ConfigurationManager, init=-1: [ef3d5ff4-f601-449a-8902-77876834cf17:192.168.69.114:36215, f9ce73e7-63f5-4928-8921-5bbeb40c4f7f:192.168.69.114:43294, 85762f4c-4020-4380-968f-5264cc081a78:192.168.69.114:45019], old=null, confs=<EMPTY_MAP>
2019-07-15 13:05:35,264 INFO  server.RaftServerConfigKeys (ConfUtils.java:logGet(43)) - raft.server.rpc.timeout.max = 5200ms (custom)
2019-07-15 13:05:35,265 INFO  server.RaftServerConfigKeys (ConfUtils.java:logGet(43)) - raft.server.storage.dir = [/workdir/hadoop-ozone/tools/target/test-dir/MiniOzoneClusterImpl-037e815c-8d09-4097-b377-cfb3c5b276e1/datanode-1/data/ratis] (custom)
2019-07-15 13:05:35,265 INFO  server.RaftServerConfigKeys (ConfUtils.java:logGet(43)) - raft.server.rpcslowness.timeout = 120s (custom)
2019-07-15 13:05:35,265 INFO  server.RaftServerConfigKeys (ConfUtils.java:logGet(43)) - raft.server.sleep.deviation.threshold = 300 (default)
2019-07-15 13:05:35,265 INFO  storage.RaftStorageDirectory (RaftStorageDirectory.java:analyzeStorage(246)) - The storage directory /workdir/hadoop-ozone/tools/target/test-dir/MiniOzoneClusterImpl-037e815c-8d09-4097-b377-cfb3c5b276e1/datanode-1/data/ratis/f86d9c63-c4c2-4430-9d1d-273f94da0444 does not exist. Creating ...
2019-07-15 13:05:35,265 INFO  server.RaftServerConfigKeys (ConfUtils.java:logGet(43)) - raft.server.log.appender.install.snapshot.enabled = false (custom)
2019-07-15 13:05:35,266 INFO  impl.RaftServerImpl (ServerState.java:<init>(105)) - ef3d5ff4-f601-449a-8902-77876834cf17:group-273F94DA0444 ConfigurationManager, init=-1: [ef3d5ff4-f601-449a-8902-77876834cf17:192.168.69.114:36215, f9ce73e7-63f5-4928-8921-5bbeb40c4f7f:192.168.69.114:43294, 85762f4c-4020-4380-968f-5264cc081a78:192.168.69.114:45019], old=null, confs=<EMPTY_MAP>
2019-07-15 13:05:35,266 INFO  server.RaftServerConfigKeys (ConfUtils.java:logGet(43)) - raft.server.storage.dir = [/workdir/hadoop-ozone/tools/target/test-dir/MiniOzoneClusterImpl-037e815c-8d09-4097-b377-cfb3c5b276e1/datanode-0/data/ratis] (custom)
2019-07-15 13:05:35,266 INFO  storage.RaftStorageDirectory (RaftStorageDirectory.java:analyzeStorage(246)) - The storage directory /workdir/hadoop-ozone/tools/target/test-dir/MiniOzoneClusterImpl-037e815c-8d09-4097-b377-cfb3c5b276e1/datanode-0/data/ratis/f86d9c63-c4c2-4430-9d1d-273f94da0444 does not exist. Creating ...
2019-07-15 13:05:35,277 INFO  storage.RaftStorageDirectory (RaftStorageDirectory.java:tryLock(328)) - Lock on /workdir/hadoop-ozone/tools/target/test-dir/MiniOzoneClusterImpl-037e815c-8d09-4097-b377-cfb3c5b276e1/datanode-1/data/ratis/f86d9c63-c4c2-4430-9d1d-273f94da0444/in_use.lock acquired by nodename 21547@trunk-nightly-hvlc9-602362230
2019-07-15 13:05:35,277 INFO  storage.RaftStorageDirectory (RaftStorageDirectory.java:tryLock(328)) - Lock on /workdir/hadoop-ozone/tools/target/test-dir/MiniOzoneClusterImpl-037e815c-8d09-4097-b377-cfb3c5b276e1/datanode-2/data/ratis/f86d9c63-c4c2-4430-9d1d-273f94da0444/in_use.lock acquired by nodename 21547@trunk-nightly-hvlc9-602362230
2019-07-15 13:05:35,277 INFO  storage.RaftStorageDirectory (RaftStorageDirectory.java:tryLock(328)) - Lock on /workdir/hadoop-ozone/tools/target/test-dir/MiniOzoneClusterImpl-037e815c-8d09-4097-b377-cfb3c5b276e1/datanode-0/data/ratis/f86d9c63-c4c2-4430-9d1d-273f94da0444/in_use.lock acquired by nodename 21547@trunk-nightly-hvlc9-602362230
2019-07-15 13:05:35,291 INFO  storage.RaftStorage (RaftStorage.java:format(72)) - Storage directory /workdir/hadoop-ozone/tools/target/test-dir/MiniOzoneClusterImpl-037e815c-8d09-4097-b377-cfb3c5b276e1/datanode-2/data/ratis/f86d9c63-c4c2-4430-9d1d-273f94da0444 has been successfully formatted.
2019-07-15 13:05:35,291 INFO  storage.RaftStorage (RaftStorage.java:format(72)) - Storage directory /workdir/hadoop-ozone/tools/target/test-dir/MiniOzoneClusterImpl-037e815c-8d09-4097-b377-cfb3c5b276e1/datanode-1/data/ratis/f86d9c63-c4c2-4430-9d1d-273f94da0444 has been successfully formatted.
2019-07-15 13:05:35,291 INFO  ratis.ContainerStateMachine (ContainerStateMachine.java:loadSnapshot(200)) - group-273F94DA0444: The snapshot info is null. Setting the last applied indexto:(t:0, i:~)
2019-07-15 13:05:35,291 INFO  storage.RaftStorage (RaftStorage.java:format(72)) - Storage directory /workdir/hadoop-ozone/tools/target/test-dir/MiniOzoneClusterImpl-037e815c-8d09-4097-b377-cfb3c5b276e1/datanode-0/data/ratis/f86d9c63-c4c2-4430-9d1d-273f94da0444 has been successfully formatted.
2019-07-15 13:05:35,292 INFO  ratis.ContainerStateMachine (ContainerStateMachine.java:loadSnapshot(200)) - group-273F94DA0444: The snapshot info is null. Setting the last applied indexto:(t:0, i:~)
2019-07-15 13:05:35,292 INFO  server.RaftServerConfigKeys (ConfUtils.java:logGet(43)) - raft.server.leader.election.timeout = 120s (custom)
2019-07-15 13:05:35,292 INFO  server.RaftServerConfigKeys (ConfUtils.java:logGet(43)) - raft.server.leader.election.timeout = 120s (custom)
2019-07-15 13:05:35,292 INFO  ratis.ContainerStateMachine (ContainerStateMachine.java:loadSnapshot(200)) - group-273F94DA0444: The snapshot info is null. Setting the last applied indexto:(t:0, i:~)
2019-07-15 13:05:35,292 INFO  server.RaftServerConfigKeys (ConfUtils.java:logGet(43)) - raft.server.log.use.memory = false (default)
2019-07-15 13:05:35,292 INFO  server.RaftServerConfigKeys (ConfUtils.java:logGet(43)) - raft.server.log.use.memory = false (default)
2019-07-15 13:05:35,293 INFO  server.RaftServerConfigKeys (ConfUtils.java:logGet(43)) - raft.server.log.purge.gap = 1000000000 (custom)
2019-07-15 13:05:35,293 INFO  server.RaftServerConfigKeys (ConfUtils.java:logGet(43)) - raft.server.leader.election.timeout = 120s (custom)
2019-07-15 13:05:35,293 INFO  server.RaftServerConfigKeys (ConfUtils.java:logGet(43)) - raft.server.log.appender.buffer.byte-limit = 33554432 (custom)
2019-07-15 13:05:35,293 INFO  server.RaftServerConfigKeys (ConfUtils.java:logGet(43)) - raft.server.log.purge.gap = 1000000000 (custom)
2019-07-15 13:05:35,293 INFO  server.RaftServerConfigKeys (ConfUtils.java:logGet(43)) - raft.server.log.segment.size.max = 1048576 (custom)
2019-07-15 13:05:35,293 INFO  server.RaftServerConfigKeys (ConfUtils.java:logGet(43)) - raft.server.log.use.memory = false (default)
2019-07-15 13:05:35,294 INFO  server.RaftServerConfigKeys (ConfUtils.java:logGet(43)) - raft.server.log.segment.cache.num.max = 2 (custom)
2019-07-15 13:05:35,293 INFO  server.RaftServerConfigKeys (ConfUtils.java:logGet(43)) - raft.server.log.appender.buffer.byte-limit = 33554432 (custom)
2019-07-15 13:05:35,294 INFO  segmented.SegmentedRaftLogWorker (SegmentedRaftLogWorker.java:<init>(172)) - new 85762f4c-4020-4380-968f-5264cc081a78-SegmentedRaftLogWorker:Storage Directory /workdir/hadoop-ozone/tools/target/test-dir/MiniOzoneClusterImpl-037e815c-8d09-4097-b377-cfb3c5b276e1/datanode-1/data/ratis/f86d9c63-c4c2-4430-9d1d-273f94da0444 for RaftStorage:Storage Directory /workdir/hadoop-ozone/tools/target/test-dir/MiniOzoneClusterImpl-037e815c-8d09-4097-b377-cfb3c5b276e1/datanode-1/data/ratis/f86d9c63-c4c2-4430-9d1d-273f94da0444
2019-07-15 13:05:35,294 INFO  server.RaftServerConfigKeys (ConfUtils.java:logGet(43)) - raft.server.log.purge.gap = 1000000000 (custom)
2019-07-15 13:05:35,294 INFO  server.RaftServerConfigKeys (ConfUtils.java:logGet(43)) - raft.server.log.queue.byte-limit = 2147483647 (custom)
2019-07-15 13:05:35,294 INFO  server.RaftServerConfigKeys (ConfUtils.java:logGet(43)) - raft.server.log.segment.size.max = 1048576 (custom)
2019-07-15 13:05:35,297 INFO  server.RaftServerConfigKeys (ConfUtils.java:logGet(43)) - raft.server.log.queue.element-limit = 1024 (custom)
2019-07-15 13:05:35,297 INFO  server.RaftServerConfigKeys (ConfUtils.java:logGet(43)) - raft.server.log.appender.buffer.byte-limit = 33554432 (custom)
2019-07-15 13:05:35,297 INFO  server.RaftServerConfigKeys (ConfUtils.java:logGet(43)) - raft.server.log.segment.size.max = 1048576 (custom)
2019-07-15 13:05:35,297 INFO  server.RaftServerConfigKeys (ConfUtils.java:logGet(43)) - raft.server.log.segment.cache.num.max = 2 (custom)
2019-07-15 13:05:35,298 INFO  server.RaftServerConfigKeys (ConfUtils.java:logGet(43)) - raft.server.log.preallocated.size = 16384 (custom)
2019-07-15 13:05:35,298 INFO  server.RaftServerConfigKeys (ConfUtils.java:logGet(43)) - raft.server.log.segment.size.max = 1048576 (custom)
2019-07-15 13:05:35,298 INFO  server.RaftServerConfigKeys (ConfUtils.java:logGet(43)) - raft.server.log.write.buffer.size = 33554432 (custom)
2019-07-15 13:05:35,298 INFO  segmented.SegmentedRaftLogWorker (SegmentedRaftLogWorker.java:<init>(172)) - new f9ce73e7-63f5-4928-8921-5bbeb40c4f7f-SegmentedRaftLogWorker:Storage Directory /workdir/hadoop-ozone/tools/target/test-dir/MiniOzoneClusterImpl-037e815c-8d09-4097-b377-cfb3c5b276e1/datanode-2/data/ratis/f86d9c63-c4c2-4430-9d1d-273f94da0444 for RaftStorage:Storage Directory /workdir/hadoop-ozone/tools/target/test-dir/MiniOzoneClusterImpl-037e815c-8d09-4097-b377-cfb3c5b276e1/datanode-2/data/ratis/f86d9c63-c4c2-4430-9d1d-273f94da0444
2019-07-15 13:05:35,298 INFO  server.RaftServerConfigKeys (ConfUtils.java:logGet(43)) - raft.server.log.force.sync.num = 128 (default)
2019-07-15 13:05:35,298 INFO  server.RaftServerConfigKeys (ConfUtils.java:logGet(43)) - raft.server.log.segment.cache.num.max = 2 (custom)
2019-07-15 13:05:35,299 INFO  server.RaftServerConfigKeys (ConfUtils.java:logGet(43)) - raft.server.log.statemachine.data.sync = true (default)
2019-07-15 13:05:35,299 INFO  server.RaftServerConfigKeys (ConfUtils.java:logGet(43)) - raft.server.log.queue.byte-limit = 2147483647 (custom)
2019-07-15 13:05:35,300 INFO  segmented.SegmentedRaftLogWorker (SegmentedRaftLogWorker.java:<init>(172)) - new ef3d5ff4-f601-449a-8902-77876834cf17-SegmentedRaftLogWorker:Storage Directory /workdir/hadoop-ozone/tools/target/test-dir/MiniOzoneClusterImpl-037e815c-8d09-4097-b377-cfb3c5b276e1/datanode-0/data/ratis/f86d9c63-c4c2-4430-9d1d-273f94da0444 for RaftStorage:Storage Directory /workdir/hadoop-ozone/tools/target/test-dir/MiniOzoneClusterImpl-037e815c-8d09-4097-b377-cfb3c5b276e1/datanode-0/data/ratis/f86d9c63-c4c2-4430-9d1d-273f94da0444
2019-07-15 13:05:35,301 INFO  server.RaftServerConfigKeys (ConfUtils.java:logGet(43)) - raft.server.log.statemachine.data.sync.timeout = 10s (default)
2019-07-15 13:05:35,300 INFO  server.RaftServerConfigKeys (ConfUtils.java:logGet(43)) - raft.server.log.queue.element-limit = 1024 (custom)
2019-07-15 13:05:35,302 INFO  server.RaftServerConfigKeys (ConfUtils.java:logGet(43)) - raft.server.log.statemachine.data.sync.timeout.retry = -1 (default)
2019-07-15 13:05:35,301 INFO  server.RaftServerConfigKeys (ConfUtils.java:logGet(43)) - raft.server.log.queue.byte-limit = 2147483647 (custom)
2019-07-15 13:05:35,302 INFO  server.RaftServerConfigKeys (ConfUtils.java:logGet(43)) - raft.server.log.statemachine.data.caching.enabled = true (custom)
2019-07-15 13:05:35,302 INFO  server.RaftServerConfigKeys (ConfUtils.java:logGet(43)) - raft.server.log.segment.size.max = 1048576 (custom)
2019-07-15 13:05:35,302 INFO  server.RaftServerConfigKeys (ConfUtils.java:logGet(43)) - raft.server.log.queue.element-limit = 1024 (custom)
2019-07-15 13:05:35,303 INFO  segmented.SegmentedRaftLogWorker (SegmentedRaftLogWorker.java:lambda$new$0(132)) - 85762f4c-4020-4380-968f-5264cc081a78-SegmentedRaftLogWorker:Storage Directory /workdir/hadoop-ozone/tools/target/test-dir/MiniOzoneClusterImpl-037e815c-8d09-4097-b377-cfb3c5b276e1/datanode-1/data/ratis/f86d9c63-c4c2-4430-9d1d-273f94da0444: flushIndex: setUnconditionally 0 -> -1
2019-07-15 13:05:35,303 INFO  server.RaftServerConfigKeys (ConfUtils.java:logGet(43)) - raft.server.log.segment.size.max = 1048576 (custom)
2019-07-15 13:05:35,303 INFO  server.RaftServerConfigKeys (ConfUtils.java:logGet(43)) - raft.server.log.preallocated.size = 16384 (custom)
2019-07-15 13:05:35,303 INFO  server.RaftServerConfigKeys (ConfUtils.java:logGet(43)) - raft.server.log.preallocated.size = 16384 (custom)
2019-07-15 13:05:35,303 INFO  server.RaftServerConfigKeys (ConfUtils.java:logGet(43)) - raft.server.snapshot.auto.trigger.enabled = true (custom)
2019-07-15 13:05:35,303 INFO  server.RaftServerConfigKeys (ConfUtils.java:logGet(43)) - raft.server.log.write.buffer.size = 33554432 (custom)
2019-07-15 13:05:35,303 INFO  server.RaftServerConfigKeys (ConfUtils.java:logGet(43)) - raft.server.log.write.buffer.size = 33554432 (custom)
2019-07-15 13:05:35,304 INFO  server.RaftServerConfigKeys (ConfUtils.java:logGet(43)) - raft.server.log.force.sync.num = 128 (default)
2019-07-15 13:05:35,304 INFO  server.RaftServerConfigKeys (ConfUtils.java:logGet(43)) - raft.server.snapshot.auto.trigger.threshold = 10000 (custom)
2019-07-15 13:05:35,304 INFO  server.RaftServerConfigKeys (ConfUtils.java:logGet(43)) - raft.server.log.statemachine.data.sync = true (default)
2019-07-15 13:05:35,304 INFO  server.RaftServerConfigKeys (ConfUtils.java:logGet(43)) - raft.server.log.force.sync.num = 128 (default)
2019-07-15 13:05:35,305 INFO  server.RaftServerConfigKeys (ConfUtils.java:logGet(43)) - raft.server.log.statemachine.data.sync.timeout = 10s (default)
2019-07-15 13:05:35,304 INFO  server.RaftServerConfigKeys (ConfUtils.java:logGet(43)) - raft.server.retrycache.expirytime = 600000ms (custom)
2019-07-15 13:05:35,305 INFO  server.RaftServerConfigKeys (ConfUtils.java:logGet(43)) - raft.server.log.statemachine.data.sync.timeout.retry = -1 (default)
2019-07-15 13:05:35,305 INFO  server.RaftServerConfigKeys (ConfUtils.java:logGet(43)) - raft.server.log.statemachine.data.sync = true (default)
2019-07-15 13:05:35,305 INFO  impl.RaftServerImpl (RaftServerImpl.java:start(180)) - 85762f4c-4020-4380-968f-5264cc081a78: start group-273F94DA0444
2019-07-15 13:05:35,305 INFO  server.RaftServerConfigKeys (ConfUtils.java:logGet(43)) - raft.server.log.statemachine.data.sync.timeout = 10s (default)
2019-07-15 13:05:35,306 INFO  server.RaftServerConfigKeys (ConfUtils.java:logGet(43)) - raft.server.log.statemachine.data.sync.timeout.retry = -1 (default)
2019-07-15 13:05:35,305 INFO  server.RaftServerConfigKeys (ConfUtils.java:logGet(43)) - raft.server.log.statemachine.data.caching.enabled = true (custom)
2019-07-15 13:05:35,306 INFO  server.RaftServerConfigKeys (ConfUtils.java:logGet(43)) - raft.server.log.statemachine.data.caching.enabled = true (custom)
2019-07-15 13:05:35,305 INFO  impl.RaftServerImpl (RaftServerImpl.java:setRole(171)) - 85762f4c-4020-4380-968f-5264cc081a78:group-273F94DA0444 changes role from null to FOLLOWER at term 0 for startAsFollower
2019-07-15 13:05:35,306 INFO  segmented.SegmentedRaftLogWorker (SegmentedRaftLogWorker.java:lambda$new$0(132)) - f9ce73e7-63f5-4928-8921-5bbeb40c4f7f-SegmentedRaftLogWorker:Storage Directory /workdir/hadoop-ozone/tools/target/test-dir/MiniOzoneClusterImpl-037e815c-8d09-4097-b377-cfb3c5b276e1/datanode-2/data/ratis/f86d9c63-c4c2-4430-9d1d-273f94da0444: flushIndex: setUnconditionally 0 -> -1
2019-07-15 13:05:35,306 INFO  impl.RoleInfo (RoleInfo.java:updateAndGet(143)) - 85762f4c-4020-4380-968f-5264cc081a78: start FollowerState
2019-07-15 13:05:35,306 INFO  segmented.SegmentedRaftLogWorker (SegmentedRaftLogWorker.java:lambda$new$0(132)) - ef3d5ff4-f601-449a-8902-77876834cf17-SegmentedRaftLogWorker:Storage Directory /workdir/hadoop-ozone/tools/target/test-dir/MiniOzoneClusterImpl-037e815c-8d09-4097-b377-cfb3c5b276e1/datanode-0/data/ratis/f86d9c63-c4c2-4430-9d1d-273f94da0444: flushIndex: setUnconditionally 0 -> -1
2019-07-15 13:05:35,306 INFO  server.RaftServerConfigKeys (ConfUtils.java:logGet(43)) - raft.server.snapshot.auto.trigger.enabled = true (custom)
2019-07-15 13:05:35,307 INFO  util.JmxRegister (JmxRegister.java:tryRegister(44)) - Successfully registered JMX Bean with object name Ratis:service=RaftServer,group=group-273F94DA0444,id=85762f4c-4020-4380-968f-5264cc081a78
2019-07-15 13:05:35,307 INFO  server.RaftServerConfigKeys (ConfUtils.java:logGet(43)) - raft.server.snapshot.auto.trigger.enabled = true (custom)
2019-07-15 13:05:35,307 INFO  server.RaftServerConfigKeys (ConfUtils.java:logGet(43)) - raft.server.snapshot.auto.trigger.threshold = 10000 (custom)
2019-07-15 13:05:35,307 INFO  server.RaftServerConfigKeys (ConfUtils.java:logGet(43)) - raft.server.snapshot.auto.trigger.threshold = 10000 (custom)
2019-07-15 13:05:35,307 INFO  server.RaftServerConfigKeys (ConfUtils.java:logGet(43)) - raft.server.retrycache.expirytime = 600000ms (custom)
2019-07-15 13:05:35,307 INFO  server.RaftServerConfigKeys (ConfUtils.java:logGet(43)) - raft.server.retrycache.expirytime = 600000ms (custom)
2019-07-15 13:05:35,307 INFO  impl.RaftServerImpl (RaftServerImpl.java:start(180)) - f9ce73e7-63f5-4928-8921-5bbeb40c4f7f: start group-273F94DA0444
2019-07-15 13:05:35,308 INFO  impl.RaftServerImpl (RaftServerImpl.java:setRole(171)) - f9ce73e7-63f5-4928-8921-5bbeb40c4f7f:group-273F94DA0444 changes role from null to FOLLOWER at term 0 for startAsFollower
2019-07-15 13:05:35,308 INFO  impl.RaftServerImpl (RaftServerImpl.java:start(180)) - ef3d5ff4-f601-449a-8902-77876834cf17: start group-273F94DA0444
2019-07-15 13:05:35,309 INFO  impl.RoleInfo (RoleInfo.java:updateAndGet(143)) - f9ce73e7-63f5-4928-8921-5bbeb40c4f7f: start FollowerState
2019-07-15 13:05:35,309 INFO  impl.RaftServerImpl (RaftServerImpl.java:setRole(171)) - ef3d5ff4-f601-449a-8902-77876834cf17:group-273F94DA0444 changes role from null to FOLLOWER at term 0 for startAsFollower
2019-07-15 13:05:35,310 INFO  util.JmxRegister (JmxRegister.java:tryRegister(44)) - Successfully registered JMX Bean with object name Ratis:service=RaftServer,group=group-273F94DA0444,id=f9ce73e7-63f5-4928-8921-5bbeb40c4f7f
2019-07-15 13:05:35,310 INFO  impl.RoleInfo (RoleInfo.java:updateAndGet(143)) - ef3d5ff4-f601-449a-8902-77876834cf17: start FollowerState
2019-07-15 13:05:35,310 INFO  util.JmxRegister (JmxRegister.java:tryRegister(44)) - Successfully registered JMX Bean with object name Ratis:service=RaftServer,group=group-273F94DA0444,id=ef3d5ff4-f601-449a-8902-77876834cf17
2019-07-15 13:05:35,330 INFO  pipeline.PipelineStateManager (PipelineStateManager.java:addPipeline(56)) - Created pipeline Pipeline[ Id: f86d9c63-c4c2-4430-9d1d-273f94da0444, Nodes: 85762f4c-4020-4380-968f-5264cc081a78{ip: 192.168.69.114, host: trunk-nightly-hvlc9-602362230, networkLocation: /default-rack, certSerialId: null}ef3d5ff4-f601-449a-8902-77876834cf17{ip: 192.168.69.114, host: trunk-nightly-hvlc9-602362230, networkLocation: /default-rack, certSerialId: null}f9ce73e7-63f5-4928-8921-5bbeb40c4f7f{ip: 192.168.69.114, host: trunk-nightly-hvlc9-602362230, networkLocation: /default-rack, certSerialId: null}, Type:RATIS, Factor:THREE, State:OPEN]
2019-07-15 13:05:35,636 INFO  freon.RandomKeyGenerator (RandomKeyGenerator.java:call(262)) - Number of Threads: 10
2019-07-15 13:05:35,636 INFO  freon.RandomKeyGenerator (RandomKeyGenerator.java:call(267)) - Number of Volumes: 1.
2019-07-15 13:05:35,636 INFO  freon.RandomKeyGenerator (RandomKeyGenerator.java:call(268)) - Number of Buckets per Volume: 1.
2019-07-15 13:05:35,637 INFO  freon.RandomKeyGenerator (RandomKeyGenerator.java:call(269)) - Number of Keys per Bucket: 1.
2019-07-15 13:05:35,637 INFO  freon.RandomKeyGenerator (RandomKeyGenerator.java:call(270)) - Key size: 20971520 bytes
2019-07-15 13:05:35,637 INFO  freon.RandomKeyGenerator (RandomKeyGenerator.java:call(271)) - Buffer size: 4096 bytes
2019-07-15 13:05:35,638 INFO  freon.RandomKeyGenerator (RandomKeyGenerator.java:call(286)) - Data validation is enabled.
2019-07-15 13:05:35,640 INFO  freon.RandomKeyGenerator (RandomKeyGenerator.java:call(299)) - Starting progress bar Thread.

 0.00% |█                                                                                                    |  0/1 Time: 0:00:002019-07-15 13:05:35,670 INFO  rpc.RpcClient (RpcClient.java:createVolume(287)) - Creating Volume: vol-0-75043, with jenkins1000 as owner.
2019-07-15 13:05:35,716 INFO  rpc.RpcClient (RpcClient.java:createBucket(424)) - Creating Bucket: vol-0-75043/bucket-0-59219, with Versioning false and Storage Type set to DISK and Encryption set to false 
2019-07-15 13:05:36,030 INFO  client.GrpcClientProtocolClient (GrpcClientProtocolClient.java:onNext(255)) - client-A30399FF8261->85762f4c-4020-4380-968f-5264cc081a78: receive RaftClientReply:client-A30399FF8261->85762f4c-4020-4380-968f-5264cc081a78@group-273F94DA0444, cid=6, FAILED org.apache.ratis.protocol.NotLeaderException: Server 85762f4c-4020-4380-968f-5264cc081a78 is not the leader (null). Request must be sent to leader., logIndex=0, commits[85762f4c-4020-4380-968f-5264cc081a78:c-1]
 0.00% |█                                                                                                    |  0/1 Time: 0:00:012019-07-15 13:05:36,893 INFO  container.ReplicationManager (ReplicationManager.java:start(155)) - Starting Replication Monitor Thread.
2019-07-15 13:05:36,896 INFO  container.ReplicationManager (ReplicationManager.java:run(207)) - Replication Monitor Thread took 1 milliseconds for processing 3 containers.
2019-07-15 13:05:37,079 INFO  client.GrpcClientProtocolClient (GrpcClientProtocolClient.java:onNext(255)) - client-A30399FF8261->ef3d5ff4-f601-449a-8902-77876834cf17: receive RaftClientReply:client-A30399FF8261->ef3d5ff4-f601-449a-8902-77876834cf17@group-273F94DA0444, cid=6, FAILED org.apache.ratis.protocol.NotLeaderException: Server ef3d5ff4-f601-449a-8902-77876834cf17 is not the leader (null). Request must be sent to leader., logIndex=0, commits[ef3d5ff4-f601-449a-8902-77876834cf17:c-1]
 0.00% |█                                                                                                    |  0/1 Time: 0:00:022019-07-15 13:05:38,116 INFO  client.GrpcClientProtocolClient (GrpcClientProtocolClient.java:onNext(255)) - client-A30399FF8261->f9ce73e7-63f5-4928-8921-5bbeb40c4f7f: receive RaftClientReply:client-A30399FF8261->f9ce73e7-63f5-4928-8921-5bbeb40c4f7f@group-273F94DA0444, cid=6, FAILED org.apache.ratis.protocol.NotLeaderException: Server f9ce73e7-63f5-4928-8921-5bbeb40c4f7f is not the leader (null). Request must be sent to leader., logIndex=0, commits[f9ce73e7-63f5-4928-8921-5bbeb40c4f7f:c-1]
 0.00% |█                                                                                                    |  0/1 Time: 0:00:032019-07-15 13:05:39,153 INFO  client.GrpcClientProtocolClient (GrpcClientProtocolClient.java:onNext(255)) - client-A30399FF8261->85762f4c-4020-4380-968f-5264cc081a78: receive RaftClientReply:client-A30399FF8261->85762f4c-4020-4380-968f-5264cc081a78@group-273F94DA0444, cid=6, FAILED org.apache.ratis.protocol.NotLeaderException: Server 85762f4c-4020-4380-968f-5264cc081a78 is not the leader (null). Request must be sent to leader., logIndex=0, commits[85762f4c-4020-4380-968f-5264cc081a78:c-1]
 0.00% |█                                                                                                    |  0/1 Time: 0:00:042019-07-15 13:05:40,166 INFO  impl.FollowerState (FollowerState.java:run(106)) - ef3d5ff4-f601-449a-8902-77876834cf17:group-5682DBFEC24E changes to CANDIDATE, lastRpcTime:5192, electionTimeout:5191ms
2019-07-15 13:05:40,166 INFO  impl.RoleInfo (RoleInfo.java:shutdownFollowerState(121)) - ef3d5ff4-f601-449a-8902-77876834cf17: shutdown FollowerState
2019-07-15 13:05:40,167 INFO  impl.RaftServerImpl (RaftServerImpl.java:setRole(171)) - ef3d5ff4-f601-449a-8902-77876834cf17:group-5682DBFEC24E changes role from FOLLOWER to CANDIDATE at term 0 for changeToCandidate
2019-07-15 13:05:40,176 INFO  impl.RoleInfo (RoleInfo.java:updateAndGet(143)) - ef3d5ff4-f601-449a-8902-77876834cf17: start LeaderElection
2019-07-15 13:05:40,197 INFO  impl.LeaderElection (LeaderElection.java:askForVotes(181)) - ef3d5ff4-f601-449a-8902-77876834cf17:group-5682DBFEC24E:LeaderElection1: begin an election at term 1 for -1: [ef3d5ff4-f601-449a-8902-77876834cf17:192.168.69.114:36215], old=null
2019-07-15 13:05:40,199 INFO  impl.RoleInfo (RoleInfo.java:shutdownLeaderElection(134)) - ef3d5ff4-f601-449a-8902-77876834cf17: shutdown LeaderElection
2019-07-15 13:05:40,200 INFO  impl.RaftServerImpl (RaftServerImpl.java:setRole(171)) - ef3d5ff4-f601-449a-8902-77876834cf17:group-5682DBFEC24E changes role from CANDIDATE to LEADER at term 1 for changeToLeader
2019-07-15 13:05:40,200 INFO  impl.RaftServerImpl (ServerState.java:setLeader(263)) - ef3d5ff4-f601-449a-8902-77876834cf17:group-5682DBFEC24E change Leader from null to ef3d5ff4-f601-449a-8902-77876834cf17 at term 1 for becomeLeader, leader elected after 5629ms
2019-07-15 13:05:40,202 INFO  impl.FollowerState (FollowerState.java:run(106)) - 85762f4c-4020-4380-968f-5264cc081a78:group-35B23A9F05B6 changes to CANDIDATE, lastRpcTime:5058, electionTimeout:5057ms
2019-07-15 13:05:40,203 INFO  impl.RoleInfo (RoleInfo.java:shutdownFollowerState(121)) - 85762f4c-4020-4380-968f-5264cc081a78: shutdown FollowerState
2019-07-15 13:05:40,203 INFO  impl.RaftServerImpl (RaftServerImpl.java:setRole(171)) - 85762f4c-4020-4380-968f-5264cc081a78:group-35B23A9F05B6 changes role from FOLLOWER to CANDIDATE at term 0 for changeToCandidate
2019-07-15 13:05:40,203 INFO  impl.RoleInfo (RoleInfo.java:updateAndGet(143)) - 85762f4c-4020-4380-968f-5264cc081a78: start LeaderElection
2019-07-15 13:05:40,212 INFO  client.GrpcClientProtocolClient (GrpcClientProtocolClient.java:onNext(255)) - client-A30399FF8261->ef3d5ff4-f601-449a-8902-77876834cf17: receive RaftClientReply:client-A30399FF8261->ef3d5ff4-f601-449a-8902-77876834cf17@group-273F94DA0444, cid=6, FAILED org.apache.ratis.protocol.NotLeaderException: Server ef3d5ff4-f601-449a-8902-77876834cf17 is not the leader (null). Request must be sent to leader., logIndex=0, commits[ef3d5ff4-f601-449a-8902-77876834cf17:c-1]
2019-07-15 13:05:40,220 INFO  server.RaftServerConfigKeys (ConfUtils.java:logGet(43)) - raft.server.staging.catchup.gap = 1000 (default)
2019-07-15 13:05:40,220 INFO  server.RaftServerConfigKeys (ConfUtils.java:logGet(43)) - raft.server.rpc.sleep.time = 25ms (default)
2019-07-15 13:05:40,225 INFO  impl.LeaderElection (LeaderElection.java:askForVotes(181)) - 85762f4c-4020-4380-968f-5264cc081a78:group-35B23A9F05B6:LeaderElection2: begin an election at term 1 for -1: [85762f4c-4020-4380-968f-5264cc081a78:192.168.69.114:45019], old=null
2019-07-15 13:05:40,226 INFO  impl.RoleInfo (RoleInfo.java:shutdownLeaderElection(134)) - 85762f4c-4020-4380-968f-5264cc081a78: shutdown LeaderElection
2019-07-15 13:05:40,226 INFO  impl.RaftServerImpl (RaftServerImpl.java:setRole(171)) - 85762f4c-4020-4380-968f-5264cc081a78:group-35B23A9F05B6 changes role from CANDIDATE to LEADER at term 1 for changeToLeader
2019-07-15 13:05:40,226 INFO  impl.RaftServerImpl (ServerState.java:setLeader(263)) - 85762f4c-4020-4380-968f-5264cc081a78:group-35B23A9F05B6 change Leader from null to 85762f4c-4020-4380-968f-5264cc081a78 at term 1 for becomeLeader, leader elected after 5088ms
2019-07-15 13:05:40,226 INFO  server.RaftServerConfigKeys (ConfUtils.java:logGet(43)) - raft.server.write.element-limit = 4096 (default)
2019-07-15 13:05:40,226 INFO  server.RaftServerConfigKeys (ConfUtils.java:logGet(43)) - raft.server.staging.catchup.gap = 1000 (default)
2019-07-15 13:05:40,227 INFO  server.RaftServerConfigKeys (ConfUtils.java:logGet(43)) - raft.server.rpc.sleep.time = 25ms (default)
2019-07-15 13:05:40,227 INFO  server.RaftServerConfigKeys (ConfUtils.java:logGet(43)) - raft.server.write.element-limit = 4096 (default)
2019-07-15 13:05:40,231 INFO  server.RaftServerConfigKeys (ConfUtils.java:logGet(43)) - raft.server.watch.timeout = 10s (default)
2019-07-15 13:05:40,232 INFO  server.RaftServerConfigKeys (ConfUtils.java:logGet(43)) - raft.server.watch.timeout = 10s (default)
2019-07-15 13:05:40,232 INFO  server.RaftServerConfigKeys (ConfUtils.java:logGet(43)) - raft.server.watch.timeout.denomination = 1s (default)
2019-07-15 13:05:40,232 INFO  server.RaftServerConfigKeys (ConfUtils.java:logGet(43)) - raft.server.watch.timeout.denomination = 1s (default)
2019-07-15 13:05:40,233 INFO  server.RaftServerConfigKeys (ConfUtils.java:logGet(43)) - raft.server.watch.element-limit = 65536 (default)
2019-07-15 13:05:40,233 INFO  server.RaftServerConfigKeys (ConfUtils.java:logGet(43)) - raft.server.watch.element-limit = 65536 (default)
2019-07-15 13:05:40,249 INFO  impl.RoleInfo (RoleInfo.java:updateAndGet(143)) - 85762f4c-4020-4380-968f-5264cc081a78: start LeaderState
2019-07-15 13:05:40,249 INFO  impl.RoleInfo (RoleInfo.java:updateAndGet(143)) - ef3d5ff4-f601-449a-8902-77876834cf17: start LeaderState
2019-07-15 13:05:40,277 INFO  segmented.SegmentedRaftLogWorker (SegmentedRaftLogWorker.java:startLogSegment(380)) - 85762f4c-4020-4380-968f-5264cc081a78-SegmentedRaftLogWorker:Storage Directory /workdir/hadoop-ozone/tools/target/test-dir/MiniOzoneClusterImpl-037e815c-8d09-4097-b377-cfb3c5b276e1/datanode-1/data/ratis/aef99eb5-1391-49db-ac3a-35b23a9f05b6: Starting segment from index:0
2019-07-15 13:05:40,277 INFO  segmented.SegmentedRaftLogWorker (SegmentedRaftLogWorker.java:startLogSegment(380)) - ef3d5ff4-f601-449a-8902-77876834cf17-SegmentedRaftLogWorker:Storage Directory /workdir/hadoop-ozone/tools/target/test-dir/MiniOzoneClusterImpl-037e815c-8d09-4097-b377-cfb3c5b276e1/datanode-0/data/ratis/3f11399d-86ad-473e-8ddd-5682dbfec24e: Starting segment from index:0
2019-07-15 13:05:40,288 INFO  impl.RaftServerImpl (ServerState.java:setRaftConf(361)) - 85762f4c-4020-4380-968f-5264cc081a78:group-35B23A9F05B6 set configuration 0: [85762f4c-4020-4380-968f-5264cc081a78:192.168.69.114:45019], old=null at 0
2019-07-15 13:05:40,288 INFO  impl.RaftServerImpl (ServerState.java:setRaftConf(361)) - ef3d5ff4-f601-449a-8902-77876834cf17:group-5682DBFEC24E set configuration 0: [ef3d5ff4-f601-449a-8902-77876834cf17:192.168.69.114:36215], old=null at 0
2019-07-15 13:05:40,311 INFO  impl.FollowerState (FollowerState.java:run(106)) - ef3d5ff4-f601-449a-8902-77876834cf17:group-273F94DA0444 changes to CANDIDATE, lastRpcTime:5001, electionTimeout:5001ms
2019-07-15 13:05:40,312 INFO  impl.RoleInfo (RoleInfo.java:shutdownFollowerState(121)) - ef3d5ff4-f601-449a-8902-77876834cf17: shutdown FollowerState
2019-07-15 13:05:40,312 INFO  impl.RaftServerImpl (RaftServerImpl.java:setRole(171)) - ef3d5ff4-f601-449a-8902-77876834cf17:group-273F94DA0444 changes role from FOLLOWER to CANDIDATE at term 0 for changeToCandidate
2019-07-15 13:05:40,312 INFO  impl.RoleInfo (RoleInfo.java:updateAndGet(143)) - ef3d5ff4-f601-449a-8902-77876834cf17: start LeaderElection
2019-07-15 13:05:40,328 INFO  impl.LeaderElection (LeaderElection.java:askForVotes(181)) - ef3d5ff4-f601-449a-8902-77876834cf17:group-273F94DA0444:LeaderElection3: begin an election at term 1 for -1: [ef3d5ff4-f601-449a-8902-77876834cf17:192.168.69.114:36215, f9ce73e7-63f5-4928-8921-5bbeb40c4f7f:192.168.69.114:43294, 85762f4c-4020-4380-968f-5264cc081a78:192.168.69.114:45019], old=null
2019-07-15 13:05:40,335 INFO  impl.FollowerState (FollowerState.java:run(106)) - 85762f4c-4020-4380-968f-5264cc081a78:group-273F94DA0444 changes to CANDIDATE, lastRpcTime:5028, electionTimeout:5028ms
2019-07-15 13:05:40,335 INFO  impl.RoleInfo (RoleInfo.java:shutdownFollowerState(121)) - 85762f4c-4020-4380-968f-5264cc081a78: shutdown FollowerState
2019-07-15 13:05:40,335 INFO  impl.RaftServerImpl (RaftServerImpl.java:setRole(171)) - 85762f4c-4020-4380-968f-5264cc081a78:group-273F94DA0444 changes role from FOLLOWER to CANDIDATE at term 0 for changeToCandidate
2019-07-15 13:05:40,335 INFO  impl.RoleInfo (RoleInfo.java:updateAndGet(143)) - 85762f4c-4020-4380-968f-5264cc081a78: start LeaderElection
2019-07-15 13:05:40,349 INFO  impl.FollowerState (FollowerState.java:run(106)) - f9ce73e7-63f5-4928-8921-5bbeb40c4f7f:group-273F94DA0444 changes to CANDIDATE, lastRpcTime:5040, electionTimeout:5039ms
2019-07-15 13:05:40,349 INFO  impl.RoleInfo (RoleInfo.java:shutdownFollowerState(121)) - f9ce73e7-63f5-4928-8921-5bbeb40c4f7f: shutdown FollowerState
2019-07-15 13:05:40,349 INFO  impl.RaftServerImpl (RaftServerImpl.java:setRole(171)) - f9ce73e7-63f5-4928-8921-5bbeb40c4f7f:group-273F94DA0444 changes role from FOLLOWER to CANDIDATE at term 0 for changeToCandidate
2019-07-15 13:05:40,350 INFO  impl.RoleInfo (RoleInfo.java:updateAndGet(143)) - f9ce73e7-63f5-4928-8921-5bbeb40c4f7f: start LeaderElection
2019-07-15 13:05:40,352 INFO  impl.LeaderElection (LeaderElection.java:askForVotes(181)) - 85762f4c-4020-4380-968f-5264cc081a78:group-273F94DA0444:LeaderElection4: begin an election at term 1 for -1: [ef3d5ff4-f601-449a-8902-77876834cf17:192.168.69.114:36215, f9ce73e7-63f5-4928-8921-5bbeb40c4f7f:192.168.69.114:43294, 85762f4c-4020-4380-968f-5264cc081a78:192.168.69.114:45019], old=null
2019-07-15 13:05:40,356 INFO  impl.FollowerState (FollowerState.java:run(106)) - f9ce73e7-63f5-4928-8921-5bbeb40c4f7f:group-3CB0DB8ADCBB changes to CANDIDATE, lastRpcTime:5142, electionTimeout:5142ms
2019-07-15 13:05:40,356 INFO  impl.RoleInfo (RoleInfo.java:shutdownFollowerState(121)) - f9ce73e7-63f5-4928-8921-5bbeb40c4f7f: shutdown FollowerState
2019-07-15 13:05:40,356 INFO  impl.RaftServerImpl (RaftServerImpl.java:setRole(171)) - f9ce73e7-63f5-4928-8921-5bbeb40c4f7f:group-3CB0DB8ADCBB changes role from FOLLOWER to CANDIDATE at term 0 for changeToCandidate
2019-07-15 13:05:40,357 INFO  impl.RoleInfo (RoleInfo.java:updateAndGet(143)) - f9ce73e7-63f5-4928-8921-5bbeb40c4f7f: start LeaderElection
2019-07-15 13:05:40,367 INFO  impl.LeaderElection (LeaderElection.java:askForVotes(181)) - f9ce73e7-63f5-4928-8921-5bbeb40c4f7f:group-273F94DA0444:LeaderElection5: begin an election at term 1 for -1: [ef3d5ff4-f601-449a-8902-77876834cf17:192.168.69.114:36215, f9ce73e7-63f5-4928-8921-5bbeb40c4f7f:192.168.69.114:43294, 85762f4c-4020-4380-968f-5264cc081a78:192.168.69.114:45019], old=null
2019-07-15 13:05:40,381 INFO  impl.LeaderElection (LeaderElection.java:askForVotes(181)) - f9ce73e7-63f5-4928-8921-5bbeb40c4f7f:group-3CB0DB8ADCBB:LeaderElection6: begin an election at term 1 for -1: [f9ce73e7-63f5-4928-8921-5bbeb40c4f7f:192.168.69.114:43294], old=null
2019-07-15 13:05:40,381 INFO  impl.RoleInfo (RoleInfo.java:shutdownLeaderElection(134)) - f9ce73e7-63f5-4928-8921-5bbeb40c4f7f: shutdown LeaderElection
2019-07-15 13:05:40,381 INFO  impl.RaftServerImpl (RaftServerImpl.java:setRole(171)) - f9ce73e7-63f5-4928-8921-5bbeb40c4f7f:group-3CB0DB8ADCBB changes role from CANDIDATE to LEADER at term 1 for changeToLeader
2019-07-15 13:05:40,381 INFO  impl.RaftServerImpl (ServerState.java:setLeader(263)) - f9ce73e7-63f5-4928-8921-5bbeb40c4f7f:group-3CB0DB8ADCBB change Leader from null to f9ce73e7-63f5-4928-8921-5bbeb40c4f7f at term 1 for becomeLeader, leader elected after 5172ms
2019-07-15 13:05:40,381 INFO  server.RaftServerConfigKeys (ConfUtils.java:logGet(43)) - raft.server.staging.catchup.gap = 1000 (default)
2019-07-15 13:05:40,382 INFO  server.RaftServerConfigKeys (ConfUtils.java:logGet(43)) - raft.server.rpc.sleep.time = 25ms (default)
2019-07-15 13:05:40,382 INFO  server.RaftServerConfigKeys (ConfUtils.java:logGet(43)) - raft.server.write.element-limit = 4096 (default)
2019-07-15 13:05:40,382 INFO  server.RaftServerConfigKeys (ConfUtils.java:logGet(43)) - raft.server.watch.timeout = 10s (default)
2019-07-15 13:05:40,382 INFO  server.RaftServerConfigKeys (ConfUtils.java:logGet(43)) - raft.server.watch.timeout.denomination = 1s (default)
2019-07-15 13:05:40,383 INFO  server.RaftServerConfigKeys (ConfUtils.java:logGet(43)) - raft.server.watch.element-limit = 65536 (default)
2019-07-15 13:05:40,383 INFO  impl.RoleInfo (RoleInfo.java:updateAndGet(143)) - f9ce73e7-63f5-4928-8921-5bbeb40c4f7f: start LeaderState
2019-07-15 13:05:40,384 INFO  segmented.SegmentedRaftLogWorker (SegmentedRaftLogWorker.java:startLogSegment(380)) - f9ce73e7-63f5-4928-8921-5bbeb40c4f7f-SegmentedRaftLogWorker:Storage Directory /workdir/hadoop-ozone/tools/target/test-dir/MiniOzoneClusterImpl-037e815c-8d09-4097-b377-cfb3c5b276e1/datanode-2/data/ratis/edbf0d88-692b-4784-9922-3cb0db8adcbb: Starting segment from index:0
2019-07-15 13:05:40,391 INFO  impl.RaftServerImpl (ServerState.java:setRaftConf(361)) - f9ce73e7-63f5-4928-8921-5bbeb40c4f7f:group-3CB0DB8ADCBB set configuration 0: [f9ce73e7-63f5-4928-8921-5bbeb40c4f7f:192.168.69.114:43294], old=null at 0
2019-07-15 13:05:40,401 INFO  impl.LeaderElection (LeaderElection.java:logAndReturn(56)) - ef3d5ff4-f601-449a-8902-77876834cf17:group-273F94DA0444:LeaderElection3: Election REJECTED; received 2 response(s) [ef3d5ff4-f601-449a-8902-77876834cf17<-f9ce73e7-63f5-4928-8921-5bbeb40c4f7f#0:FAIL-t1, ef3d5ff4-f601-449a-8902-77876834cf17<-85762f4c-4020-4380-968f-5264cc081a78#0:FAIL-t1] and 0 exception(s); ef3d5ff4-f601-449a-8902-77876834cf17:t1, leader=null, voted=ef3d5ff4-f601-449a-8902-77876834cf17, raftlog=ef3d5ff4-f601-449a-8902-77876834cf17-SegmentedRaftLog:OPENED:c-1,f-1,i0, conf=-1: [ef3d5ff4-f601-449a-8902-77876834cf17:192.168.69.114:36215, f9ce73e7-63f5-4928-8921-5bbeb40c4f7f:192.168.69.114:43294, 85762f4c-4020-4380-968f-5264cc081a78:192.168.69.114:45019], old=null
2019-07-15 13:05:40,401 INFO  impl.LeaderElection (LeaderElection.java:logAndReturn(56)) - 85762f4c-4020-4380-968f-5264cc081a78:group-273F94DA0444:LeaderElection4: Election REJECTED; received 2 response(s) [85762f4c-4020-4380-968f-5264cc081a78<-ef3d5ff4-f601-449a-8902-77876834cf17#0:FAIL-t1, 85762f4c-4020-4380-968f-5264cc081a78<-f9ce73e7-63f5-4928-8921-5bbeb40c4f7f#0:FAIL-t1] and 0 exception(s); 85762f4c-4020-4380-968f-5264cc081a78:t1, leader=null, voted=85762f4c-4020-4380-968f-5264cc081a78, raftlog=85762f4c-4020-4380-968f-5264cc081a78-SegmentedRaftLog:OPENED:c-1,f-1,i0, conf=-1: [ef3d5ff4-f601-449a-8902-77876834cf17:192.168.69.114:36215, f9ce73e7-63f5-4928-8921-5bbeb40c4f7f:192.168.69.114:43294, 85762f4c-4020-4380-968f-5264cc081a78:192.168.69.114:45019], old=null
2019-07-15 13:05:40,407 INFO  impl.RaftServerImpl (RaftServerImpl.java:setRole(171)) - 85762f4c-4020-4380-968f-5264cc081a78:group-273F94DA0444 changes role from CANDIDATE to FOLLOWER at term 1 for DISCOVERED_A_NEW_TERM
2019-07-15 13:05:40,407 INFO  impl.RaftServerImpl (RaftServerImpl.java:setRole(171)) - ef3d5ff4-f601-449a-8902-77876834cf17:group-273F94DA0444 changes role from CANDIDATE to FOLLOWER at term 1 for DISCOVERED_A_NEW_TERM
2019-07-15 13:05:40,410 INFO  impl.RoleInfo (RoleInfo.java:shutdownLeaderElection(134)) - 85762f4c-4020-4380-968f-5264cc081a78: shutdown LeaderElection
2019-07-15 13:05:40,410 INFO  impl.RoleInfo (RoleInfo.java:shutdownLeaderElection(134)) - ef3d5ff4-f601-449a-8902-77876834cf17: shutdown LeaderElection
2019-07-15 13:05:40,410 INFO  impl.RoleInfo (RoleInfo.java:updateAndGet(143)) - 85762f4c-4020-4380-968f-5264cc081a78: start FollowerState
2019-07-15 13:05:40,410 INFO  impl.RoleInfo (RoleInfo.java:updateAndGet(143)) - ef3d5ff4-f601-449a-8902-77876834cf17: start FollowerState
2019-07-15 13:05:40,423 INFO  impl.LeaderElection (LeaderElection.java:logAndReturn(56)) - f9ce73e7-63f5-4928-8921-5bbeb40c4f7f:group-273F94DA0444:LeaderElection5: Election REJECTED; received 2 response(s) [f9ce73e7-63f5-4928-8921-5bbeb40c4f7f<-ef3d5ff4-f601-449a-8902-77876834cf17#0:FAIL-t1, f9ce73e7-63f5-4928-8921-5bbeb40c4f7f<-85762f4c-4020-4380-968f-5264cc081a78#0:FAIL-t1] and 0 exception(s); f9ce73e7-63f5-4928-8921-5bbeb40c4f7f:t1, leader=null, voted=f9ce73e7-63f5-4928-8921-5bbeb40c4f7f, raftlog=f9ce73e7-63f5-4928-8921-5bbeb40c4f7f-SegmentedRaftLog:OPENED:c-1,f-1,i0, conf=-1: [ef3d5ff4-f601-449a-8902-77876834cf17:192.168.69.114:36215, f9ce73e7-63f5-4928-8921-5bbeb40c4f7f:192.168.69.114:43294, 85762f4c-4020-4380-968f-5264cc081a78:192.168.69.114:45019], old=null
2019-07-15 13:05:40,424 INFO  impl.RaftServerImpl (RaftServerImpl.java:setRole(171)) - f9ce73e7-63f5-4928-8921-5bbeb40c4f7f:group-273F94DA0444 changes role from CANDIDATE to FOLLOWER at term 1 for DISCOVERED_A_NEW_TERM
2019-07-15 13:05:40,426 INFO  impl.RoleInfo (RoleInfo.java:shutdownLeaderElection(134)) - f9ce73e7-63f5-4928-8921-5bbeb40c4f7f: shutdown LeaderElection
2019-07-15 13:05:40,426 INFO  impl.RoleInfo (RoleInfo.java:updateAndGet(143)) - f9ce73e7-63f5-4928-8921-5bbeb40c4f7f: start FollowerState
2019-07-15 13:05:40,548 INFO  segmented.SegmentedRaftLogWorker (SegmentedRaftLogWorker.java:execute(569)) - ef3d5ff4-f601-449a-8902-77876834cf17-SegmentedRaftLogWorker:Storage Directory /workdir/hadoop-ozone/tools/target/test-dir/MiniOzoneClusterImpl-037e815c-8d09-4097-b377-cfb3c5b276e1/datanode-0/data/ratis/3f11399d-86ad-473e-8ddd-5682dbfec24e: created new log segment /workdir/hadoop-ozone/tools/target/test-dir/MiniOzoneClusterImpl-037e815c-8d09-4097-b377-cfb3c5b276e1/datanode-0/data/ratis/3f11399d-86ad-473e-8ddd-5682dbfec24e/current/log_inprogress_0
2019-07-15 13:05:40,548 INFO  segmented.SegmentedRaftLogWorker (SegmentedRaftLogWorker.java:execute(569)) - f9ce73e7-63f5-4928-8921-5bbeb40c4f7f-SegmentedRaftLogWorker:Storage Directory /workdir/hadoop-ozone/tools/target/test-dir/MiniOzoneClusterImpl-037e815c-8d09-4097-b377-cfb3c5b276e1/datanode-2/data/ratis/edbf0d88-692b-4784-9922-3cb0db8adcbb: created new log segment /workdir/hadoop-ozone/tools/target/test-dir/MiniOzoneClusterImpl-037e815c-8d09-4097-b377-cfb3c5b276e1/datanode-2/data/ratis/edbf0d88-692b-4784-9922-3cb0db8adcbb/current/log_inprogress_0
2019-07-15 13:05:40,548 INFO  segmented.SegmentedRaftLogWorker (SegmentedRaftLogWorker.java:execute(569)) - 85762f4c-4020-4380-968f-5264cc081a78-SegmentedRaftLogWorker:Storage Directory /workdir/hadoop-ozone/tools/target/test-dir/MiniOzoneClusterImpl-037e815c-8d09-4097-b377-cfb3c5b276e1/datanode-1/data/ratis/aef99eb5-1391-49db-ac3a-35b23a9f05b6: created new log segment /workdir/hadoop-ozone/tools/target/test-dir/MiniOzoneClusterImpl-037e815c-8d09-4097-b377-cfb3c5b276e1/datanode-1/data/ratis/aef99eb5-1391-49db-ac3a-35b23a9f05b6/current/log_inprogress_0
 0.00% |█                                                                                                    |  0/1 Time: 0:00:052019-07-15 13:05:41,247 INFO  client.GrpcClientProtocolClient (GrpcClientProtocolClient.java:onNext(255)) - client-A30399FF8261->85762f4c-4020-4380-968f-5264cc081a78: receive RaftClientReply:client-A30399FF8261->85762f4c-4020-4380-968f-5264cc081a78@group-273F94DA0444, cid=6, FAILED org.apache.ratis.protocol.NotLeaderException: Server 85762f4c-4020-4380-968f-5264cc081a78 is not the leader (null). Request must be sent to leader., logIndex=0, commits[85762f4c-4020-4380-968f-5264cc081a78:c-1]
 0.00% |█                                                                                                    |  0/1 Time: 0:00:062019-07-15 13:05:42,279 INFO  client.GrpcClientProtocolClient (GrpcClientProtocolClient.java:onNext(255)) - client-A30399FF8261->ef3d5ff4-f601-449a-8902-77876834cf17: receive RaftClientReply:client-A30399FF8261->ef3d5ff4-f601-449a-8902-77876834cf17@group-273F94DA0444, cid=6, FAILED org.apache.ratis.protocol.NotLeaderException: Server ef3d5ff4-f601-449a-8902-77876834cf17 is not the leader (null). Request must be sent to leader., logIndex=0, commits[ef3d5ff4-f601-449a-8902-77876834cf17:c-1]
 0.00% |█                                                                                                    |  0/1 Time: 0:00:072019-07-15 13:05:43,314 INFO  client.GrpcClientProtocolClient (GrpcClientProtocolClient.java:onNext(255)) - client-A30399FF8261->f9ce73e7-63f5-4928-8921-5bbeb40c4f7f: receive RaftClientReply:client-A30399FF8261->f9ce73e7-63f5-4928-8921-5bbeb40c4f7f@group-273F94DA0444, cid=6, FAILED org.apache.ratis.protocol.NotLeaderException: Server f9ce73e7-63f5-4928-8921-5bbeb40c4f7f is not the leader (null). Request must be sent to leader., logIndex=0, commits[f9ce73e7-63f5-4928-8921-5bbeb40c4f7f:c-1]
 0.00% |█                                                                                                    |  0/1 Time: 0:00:082019-07-15 13:05:44,344 INFO  client.GrpcClientProtocolClient (GrpcClientProtocolClient.java:onNext(255)) - client-A30399FF8261->ef3d5ff4-f601-449a-8902-77876834cf17: receive RaftClientReply:client-A30399FF8261->ef3d5ff4-f601-449a-8902-77876834cf17@group-273F94DA0444, cid=6, FAILED org.apache.ratis.protocol.NotLeaderException: Server ef3d5ff4-f601-449a-8902-77876834cf17 is not the leader (null). Request must be sent to leader., logIndex=0, commits[ef3d5ff4-f601-449a-8902-77876834cf17:c-1]
 0.00% |█                                                                                                    |  0/1 Time: 0:00:092019-07-15 13:05:45,380 INFO  client.GrpcClientProtocolClient (GrpcClientProtocolClient.java:onNext(255)) - client-A30399FF8261->85762f4c-4020-4380-968f-5264cc081a78: receive RaftClientReply:client-A30399FF8261->85762f4c-4020-4380-968f-5264cc081a78@group-273F94DA0444, cid=6, FAILED org.apache.ratis.protocol.NotLeaderException: Server 85762f4c-4020-4380-968f-5264cc081a78 is not the leader (null). Request must be sent to leader., logIndex=0, commits[85762f4c-4020-4380-968f-5264cc081a78:c-1]
2019-07-15 13:05:45,431 INFO  impl.FollowerState (FollowerState.java:run(106)) - f9ce73e7-63f5-4928-8921-5bbeb40c4f7f:group-273F94DA0444 changes to CANDIDATE, lastRpcTime:5003, electionTimeout:5002ms
2019-07-15 13:05:45,431 INFO  impl.RoleInfo (RoleInfo.java:shutdownFollowerState(121)) - f9ce73e7-63f5-4928-8921-5bbeb40c4f7f: shutdown FollowerState
2019-07-15 13:05:45,431 INFO  impl.RaftServerImpl (RaftServerImpl.java:setRole(171)) - f9ce73e7-63f5-4928-8921-5bbeb40c4f7f:group-273F94DA0444 changes role from FOLLOWER to CANDIDATE at term 1 for changeToCandidate
2019-07-15 13:05:45,431 INFO  impl.RoleInfo (RoleInfo.java:updateAndGet(143)) - f9ce73e7-63f5-4928-8921-5bbeb40c4f7f: start LeaderElection
2019-07-15 13:05:45,432 INFO  impl.FollowerState (FollowerState.java:run(106)) - 85762f4c-4020-4380-968f-5264cc081a78:group-273F94DA0444 changes to CANDIDATE, lastRpcTime:5021, electionTimeout:5020ms
2019-07-15 13:05:45,433 INFO  impl.RoleInfo (RoleInfo.java:shutdownFollowerState(121)) - 85762f4c-4020-4380-968f-5264cc081a78: shutdown FollowerState
2019-07-15 13:05:45,433 INFO  impl.RaftServerImpl (RaftServerImpl.java:setRole(171)) - 85762f4c-4020-4380-968f-5264cc081a78:group-273F94DA0444 changes role from FOLLOWER to CANDIDATE at term 1 for changeToCandidate
2019-07-15 13:05:45,434 INFO  impl.RoleInfo (RoleInfo.java:updateAndGet(143)) - 85762f4c-4020-4380-968f-5264cc081a78: start LeaderElection
2019-07-15 13:05:45,450 INFO  impl.LeaderElection (LeaderElection.java:askForVotes(181)) - f9ce73e7-63f5-4928-8921-5bbeb40c4f7f:group-273F94DA0444:LeaderElection7: begin an election at term 2 for -1: [ef3d5ff4-f601-449a-8902-77876834cf17:192.168.69.114:36215, f9ce73e7-63f5-4928-8921-5bbeb40c4f7f:192.168.69.114:43294, 85762f4c-4020-4380-968f-5264cc081a78:192.168.69.114:45019], old=null
2019-07-15 13:05:45,450 INFO  impl.LeaderElection (LeaderElection.java:askForVotes(181)) - 85762f4c-4020-4380-968f-5264cc081a78:group-273F94DA0444:LeaderElection8: begin an election at term 2 for -1: [ef3d5ff4-f601-449a-8902-77876834cf17:192.168.69.114:36215, f9ce73e7-63f5-4928-8921-5bbeb40c4f7f:192.168.69.114:43294, 85762f4c-4020-4380-968f-5264cc081a78:192.168.69.114:45019], old=null
2019-07-15 13:05:45,464 INFO  impl.RaftServerImpl (RaftServerImpl.java:setRole(171)) - ef3d5ff4-f601-449a-8902-77876834cf17:group-273F94DA0444 changes role from FOLLOWER to FOLLOWER at term 2 for recognizeCandidate:f9ce73e7-63f5-4928-8921-5bbeb40c4f7f
2019-07-15 13:05:45,464 INFO  impl.RoleInfo (RoleInfo.java:shutdownFollowerState(121)) - ef3d5ff4-f601-449a-8902-77876834cf17: shutdown FollowerState
2019-07-15 13:05:45,464 INFO  impl.RoleInfo (RoleInfo.java:updateAndGet(143)) - ef3d5ff4-f601-449a-8902-77876834cf17: start FollowerState
2019-07-15 13:05:45,465 INFO  impl.FollowerState (FollowerState.java:run(114)) - ef3d5ff4-f601-449a-8902-77876834cf17: FollowerState was interrupted: java.lang.InterruptedException: sleep interrupted
2019-07-15 13:05:45,487 INFO  impl.LeaderElection (LeaderElection.java:logAndReturn(56)) - 85762f4c-4020-4380-968f-5264cc081a78:group-273F94DA0444:LeaderElection8: Election REJECTED; received 2 response(s) [85762f4c-4020-4380-968f-5264cc081a78<-ef3d5ff4-f601-449a-8902-77876834cf17#0:FAIL-t2, 85762f4c-4020-4380-968f-5264cc081a78<-f9ce73e7-63f5-4928-8921-5bbeb40c4f7f#0:FAIL-t2] and 0 exception(s); 85762f4c-4020-4380-968f-5264cc081a78:t2, leader=null, voted=85762f4c-4020-4380-968f-5264cc081a78, raftlog=85762f4c-4020-4380-968f-5264cc081a78-SegmentedRaftLog:OPENED:c-1,f-1,i0, conf=-1: [ef3d5ff4-f601-449a-8902-77876834cf17:192.168.69.114:36215, f9ce73e7-63f5-4928-8921-5bbeb40c4f7f:192.168.69.114:43294, 85762f4c-4020-4380-968f-5264cc081a78:192.168.69.114:45019], old=null
2019-07-15 13:05:45,487 INFO  impl.LeaderElection (LeaderElection.java:logAndReturn(56)) - f9ce73e7-63f5-4928-8921-5bbeb40c4f7f:group-273F94DA0444:LeaderElection7: Election PASSED; received 2 response(s) [f9ce73e7-63f5-4928-8921-5bbeb40c4f7f<-ef3d5ff4-f601-449a-8902-77876834cf17#0:OK-t2, f9ce73e7-63f5-4928-8921-5bbeb40c4f7f<-85762f4c-4020-4380-968f-5264cc081a78#0:FAIL-t2] and 0 exception(s); f9ce73e7-63f5-4928-8921-5bbeb40c4f7f:t2, leader=null, voted=f9ce73e7-63f5-4928-8921-5bbeb40c4f7f, raftlog=f9ce73e7-63f5-4928-8921-5bbeb40c4f7f-SegmentedRaftLog:OPENED:c-1,f-1,i0, conf=-1: [ef3d5ff4-f601-449a-8902-77876834cf17:192.168.69.114:36215, f9ce73e7-63f5-4928-8921-5bbeb40c4f7f:192.168.69.114:43294, 85762f4c-4020-4380-968f-5264cc081a78:192.168.69.114:45019], old=null
2019-07-15 13:05:45,487 INFO  impl.RaftServerImpl (RaftServerImpl.java:setRole(171)) - 85762f4c-4020-4380-968f-5264cc081a78:group-273F94DA0444 changes role from CANDIDATE to FOLLOWER at term 2 for DISCOVERED_A_NEW_TERM
2019-07-15 13:05:45,490 INFO  impl.RoleInfo (RoleInfo.java:shutdownLeaderElection(134)) - f9ce73e7-63f5-4928-8921-5bbeb40c4f7f: shutdown LeaderElection
2019-07-15 13:05:45,491 INFO  impl.RoleInfo (RoleInfo.java:shutdownLeaderElection(134)) - 85762f4c-4020-4380-968f-5264cc081a78: shutdown LeaderElection
2019-07-15 13:05:45,493 INFO  impl.RaftServerImpl (RaftServerImpl.java:setRole(171)) - f9ce73e7-63f5-4928-8921-5bbeb40c4f7f:group-273F94DA0444 changes role from CANDIDATE to LEADER at term 2 for changeToLeader
2019-07-15 13:05:45,494 INFO  impl.RoleInfo (RoleInfo.java:updateAndGet(143)) - 85762f4c-4020-4380-968f-5264cc081a78: start FollowerState
2019-07-15 13:05:45,494 INFO  impl.RaftServerImpl (ServerState.java:setLeader(263)) - f9ce73e7-63f5-4928-8921-5bbeb40c4f7f:group-273F94DA0444 change Leader from null to f9ce73e7-63f5-4928-8921-5bbeb40c4f7f at term 2 for becomeLeader, leader elected after 10201ms
2019-07-15 13:05:45,494 INFO  server.RaftServerConfigKeys (ConfUtils.java:logGet(43)) - raft.server.staging.catchup.gap = 1000 (default)
2019-07-15 13:05:45,495 INFO  server.RaftServerConfigKeys (ConfUtils.java:logGet(43)) - raft.server.rpc.sleep.time = 25ms (default)
2019-07-15 13:05:45,496 INFO  server.RaftServerConfigKeys (ConfUtils.java:logGet(43)) - raft.server.write.element-limit = 4096 (default)
2019-07-15 13:05:45,496 INFO  server.RaftServerConfigKeys (ConfUtils.java:logGet(43)) - raft.server.watch.timeout = 10s (default)
2019-07-15 13:05:45,496 INFO  server.RaftServerConfigKeys (ConfUtils.java:logGet(43)) - raft.server.watch.timeout.denomination = 1s (default)
2019-07-15 13:05:45,496 INFO  server.RaftServerConfigKeys (ConfUtils.java:logGet(43)) - raft.server.watch.element-limit = 65536 (default)
2019-07-15 13:05:45,499 INFO  server.RaftServerConfigKeys (ConfUtils.java:logGet(43)) - raft.server.log.appender.snapshot.chunk.size.max = 16MB (=16777216) (default)
2019-07-15 13:05:45,500 INFO  server.RaftServerConfigKeys (ConfUtils.java:logGet(43)) - raft.server.log.appender.buffer.byte-limit = 33554432 (custom)
2019-07-15 13:05:45,500 INFO  server.RaftServerConfigKeys (ConfUtils.java:logGet(43)) - raft.server.log.appender.buffer.element-limit = 1 (custom)
2019-07-15 13:05:45,505 INFO  grpc.GrpcConfigKeys$Server (ConfUtils.java:logGet(43)) - raft.grpc.server.leader.outstanding.appends.max = 128 (default)
2019-07-15 13:05:45,507 INFO  server.RaftServerConfigKeys (ConfUtils.java:logGet(43)) - raft.server.rpc.request.timeout = 3000ms (default)
2019-07-15 13:05:45,508 INFO  server.RaftServerConfigKeys (ConfUtils.java:logGet(43)) - raft.server.log.appender.install.snapshot.enabled = false (custom)
2019-07-15 13:05:45,508 INFO  server.RaftServerConfigKeys (ConfUtils.java:logGet(43)) - raft.server.log.appender.snapshot.chunk.size.max = 16MB (=16777216) (default)
2019-07-15 13:05:45,508 INFO  server.RaftServerConfigKeys (ConfUtils.java:logGet(43)) - raft.server.log.appender.buffer.byte-limit = 33554432 (custom)
2019-07-15 13:05:45,508 INFO  server.RaftServerConfigKeys (ConfUtils.java:logGet(43)) - raft.server.log.appender.buffer.element-limit = 1 (custom)
2019-07-15 13:05:45,509 INFO  grpc.GrpcConfigKeys$Server (ConfUtils.java:logGet(43)) - raft.grpc.server.leader.outstanding.appends.max = 128 (default)
2019-07-15 13:05:45,509 INFO  server.RaftServerConfigKeys (ConfUtils.java:logGet(43)) - raft.server.rpc.request.timeout = 3000ms (default)
2019-07-15 13:05:45,509 INFO  server.RaftServerConfigKeys (ConfUtils.java:logGet(43)) - raft.server.log.appender.install.snapshot.enabled = false (custom)
2019-07-15 13:05:45,511 INFO  impl.RoleInfo (RoleInfo.java:updateAndGet(143)) - f9ce73e7-63f5-4928-8921-5bbeb40c4f7f: start LeaderState
2019-07-15 13:05:45,512 INFO  segmented.SegmentedRaftLogWorker (SegmentedRaftLogWorker.java:startLogSegment(380)) - f9ce73e7-63f5-4928-8921-5bbeb40c4f7f-SegmentedRaftLogWorker:Storage Directory /workdir/hadoop-ozone/tools/target/test-dir/MiniOzoneClusterImpl-037e815c-8d09-4097-b377-cfb3c5b276e1/datanode-2/data/ratis/f86d9c63-c4c2-4430-9d1d-273f94da0444: Starting segment from index:0
2019-07-15 13:05:45,513 INFO  impl.RaftServerImpl (ServerState.java:setRaftConf(361)) - f9ce73e7-63f5-4928-8921-5bbeb40c4f7f:group-273F94DA0444 set configuration 0: [ef3d5ff4-f601-449a-8902-77876834cf17:192.168.69.114:36215, f9ce73e7-63f5-4928-8921-5bbeb40c4f7f:192.168.69.114:43294, 85762f4c-4020-4380-968f-5264cc081a78:192.168.69.114:45019], old=null at 0
2019-07-15 13:05:45,545 INFO  segmented.SegmentedRaftLogWorker (SegmentedRaftLogWorker.java:execute(569)) - f9ce73e7-63f5-4928-8921-5bbeb40c4f7f-SegmentedRaftLogWorker:Storage Directory /workdir/hadoop-ozone/tools/target/test-dir/MiniOzoneClusterImpl-037e815c-8d09-4097-b377-cfb3c5b276e1/datanode-2/data/ratis/f86d9c63-c4c2-4430-9d1d-273f94da0444: created new log segment /workdir/hadoop-ozone/tools/target/test-dir/MiniOzoneClusterImpl-037e815c-8d09-4097-b377-cfb3c5b276e1/datanode-2/data/ratis/f86d9c63-c4c2-4430-9d1d-273f94da0444/current/log_inprogress_0
2019-07-15 13:05:45,556 INFO  impl.RaftServerImpl (ServerState.java:setLeader(263)) - ef3d5ff4-f601-449a-8902-77876834cf17:group-273F94DA0444 change Leader from null to f9ce73e7-63f5-4928-8921-5bbeb40c4f7f at term 2 for appendEntries, leader elected after 10263ms
2019-07-15 13:05:45,556 INFO  impl.RaftServerImpl (ServerState.java:setLeader(263)) - 85762f4c-4020-4380-968f-5264cc081a78:group-273F94DA0444 change Leader from null to f9ce73e7-63f5-4928-8921-5bbeb40c4f7f at term 2 for appendEntries, leader elected after 10264ms
2019-07-15 13:05:45,590 INFO  impl.RaftServerImpl (ServerState.java:setRaftConf(361)) - 85762f4c-4020-4380-968f-5264cc081a78:group-273F94DA0444 set configuration 0: [ef3d5ff4-f601-449a-8902-77876834cf17:192.168.69.114:36215, f9ce73e7-63f5-4928-8921-5bbeb40c4f7f:192.168.69.114:43294, 85762f4c-4020-4380-968f-5264cc081a78:192.168.69.114:45019], old=null at 0
2019-07-15 13:05:45,590 INFO  impl.RaftServerImpl (ServerState.java:setRaftConf(361)) - ef3d5ff4-f601-449a-8902-77876834cf17:group-273F94DA0444 set configuration 0: [ef3d5ff4-f601-449a-8902-77876834cf17:192.168.69.114:36215, f9ce73e7-63f5-4928-8921-5bbeb40c4f7f:192.168.69.114:43294, 85762f4c-4020-4380-968f-5264cc081a78:192.168.69.114:45019], old=null at 0
2019-07-15 13:05:45,590 INFO  segmented.SegmentedRaftLogWorker (SegmentedRaftLogWorker.java:startLogSegment(380)) - 85762f4c-4020-4380-968f-5264cc081a78-SegmentedRaftLogWorker:Storage Directory /workdir/hadoop-ozone/tools/target/test-dir/MiniOzoneClusterImpl-037e815c-8d09-4097-b377-cfb3c5b276e1/datanode-1/data/ratis/f86d9c63-c4c2-4430-9d1d-273f94da0444: Starting segment from index:0
2019-07-15 13:05:45,591 INFO  segmented.SegmentedRaftLogWorker (SegmentedRaftLogWorker.java:startLogSegment(380)) - ef3d5ff4-f601-449a-8902-77876834cf17-SegmentedRaftLogWorker:Storage Directory /workdir/hadoop-ozone/tools/target/test-dir/MiniOzoneClusterImpl-037e815c-8d09-4097-b377-cfb3c5b276e1/datanode-0/data/ratis/f86d9c63-c4c2-4430-9d1d-273f94da0444: Starting segment from index:0
2019-07-15 13:05:45,621 INFO  segmented.SegmentedRaftLogWorker (SegmentedRaftLogWorker.java:execute(569)) - 85762f4c-4020-4380-968f-5264cc081a78-SegmentedRaftLogWorker:Storage Directory /workdir/hadoop-ozone/tools/target/test-dir/MiniOzoneClusterImpl-037e815c-8d09-4097-b377-cfb3c5b276e1/datanode-1/data/ratis/f86d9c63-c4c2-4430-9d1d-273f94da0444: created new log segment /workdir/hadoop-ozone/tools/target/test-dir/MiniOzoneClusterImpl-037e815c-8d09-4097-b377-cfb3c5b276e1/datanode-1/data/ratis/f86d9c63-c4c2-4430-9d1d-273f94da0444/current/log_inprogress_0
2019-07-15 13:05:45,621 INFO  segmented.SegmentedRaftLogWorker (SegmentedRaftLogWorker.java:execute(569)) - ef3d5ff4-f601-449a-8902-77876834cf17-SegmentedRaftLogWorker:Storage Directory /workdir/hadoop-ozone/tools/target/test-dir/MiniOzoneClusterImpl-037e815c-8d09-4097-b377-cfb3c5b276e1/datanode-0/data/ratis/f86d9c63-c4c2-4430-9d1d-273f94da0444: created new log segment /workdir/hadoop-ozone/tools/target/test-dir/MiniOzoneClusterImpl-037e815c-8d09-4097-b377-cfb3c5b276e1/datanode-0/data/ratis/f86d9c63-c4c2-4430-9d1d-273f94da0444/current/log_inprogress_0
 0.00% |█                                                                                                    |  0/1 Time: 0:00:10 0.00% |█                                                                                                    |  0/1 Time: 0:00:112019-07-15 13:05:46,670 INFO  client.GrpcClientProtocolClient (GrpcClientProtocolClient.java:onNext(255)) - client-A30399FF8261->f9ce73e7-63f5-4928-8921-5bbeb40c4f7f: receive RaftClientReply:client-A30399FF8261->f9ce73e7-63f5-4928-8921-5bbeb40c4f7f@group-273F94DA0444, cid=6, SUCCESS, logIndex=1, commits[f9ce73e7-63f5-4928-8921-5bbeb40c4f7f:c1, ef3d5ff4-f601-449a-8902-77876834cf17:c0, 85762f4c-4020-4380-968f-5264cc081a78:c0]
2019-07-15 13:05:46,776 INFO  client.GrpcClientProtocolClient (GrpcClientProtocolClient.java:onNext(255)) - client-A30399FF8261->f9ce73e7-63f5-4928-8921-5bbeb40c4f7f: receive RaftClientReply:client-A30399FF8261->f9ce73e7-63f5-4928-8921-5bbeb40c4f7f@group-273F94DA0444, cid=7, SUCCESS, logIndex=3, commits[f9ce73e7-63f5-4928-8921-5bbeb40c4f7f:c8, ef3d5ff4-f601-449a-8902-77876834cf17:c6, 85762f4c-4020-4380-968f-5264cc081a78:c6]
2019-07-15 13:05:46,780 INFO  client.GrpcClientProtocolClient (GrpcClientProtocolClient.java:onNext(255)) - client-A30399FF8261->f9ce73e7-63f5-4928-8921-5bbeb40c4f7f: receive RaftClientReply:client-A30399FF8261->f9ce73e7-63f5-4928-8921-5bbeb40c4f7f@group-273F94DA0444, cid=8, SUCCESS, logIndex=4, commits[f9ce73e7-63f5-4928-8921-5bbeb40c4f7f:c8, ef3d5ff4-f601-449a-8902-77876834cf17:c6, 85762f4c-4020-4380-968f-5264cc081a78:c6]
2019-07-15 13:05:46,867 INFO  client.GrpcClientProtocolClient (GrpcClientProtocolClient.java:onNext(255)) - client-A30399FF8261->f9ce73e7-63f5-4928-8921-5bbeb40c4f7f: receive RaftClientReply:client-A30399FF8261->f9ce73e7-63f5-4928-8921-5bbeb40c4f7f@group-273F94DA0444, cid=9, SUCCESS, logIndex=5, commits[f9ce73e7-63f5-4928-8921-5bbeb40c4f7f:c8, ef3d5ff4-f601-449a-8902-77876834cf17:c6, 85762f4c-4020-4380-968f-5264cc081a78:c6]
2019-07-15 13:05:46,922 INFO  client.GrpcClientProtocolClient (GrpcClientProtocolClient.java:onNext(255)) - client-A30399FF8261->f9ce73e7-63f5-4928-8921-5bbeb40c4f7f: receive RaftClientReply:client-A30399FF8261->f9ce73e7-63f5-4928-8921-5bbeb40c4f7f@group-273F94DA0444, cid=10, SUCCESS, logIndex=9, commits[f9ce73e7-63f5-4928-8921-5bbeb40c4f7f:c10, ef3d5ff4-f601-449a-8902-77876834cf17:c8, 85762f4c-4020-4380-968f-5264cc081a78:c8]
2019-07-15 13:05:46,925 INFO  client.GrpcClientProtocolClient (GrpcClientProtocolClient.java:onNext(255)) - client-A30399FF8261->f9ce73e7-63f5-4928-8921-5bbeb40c4f7f: receive RaftClientReply:client-A30399FF8261->f9ce73e7-63f5-4928-8921-5bbeb40c4f7f@group-273F94DA0444, cid=11, SUCCESS, logIndex=10, commits[f9ce73e7-63f5-4928-8921-5bbeb40c4f7f:c10, ef3d5ff4-f601-449a-8902-77876834cf17:c8, 85762f4c-4020-4380-968f-5264cc081a78:c8]
2019-07-15 13:05:46,935 INFO  client.GrpcClientProtocolClient (GrpcClientProtocolClient.java:onNext(255)) - client-A30399FF8261->f9ce73e7-63f5-4928-8921-5bbeb40c4f7f: receive RaftClientReply:client-A30399FF8261->f9ce73e7-63f5-4928-8921-5bbeb40c4f7f@group-273F94DA0444, cid=12, SUCCESS, logIndex=11, commits[f9ce73e7-63f5-4928-8921-5bbeb40c4f7f:c13, ef3d5ff4-f601-449a-8902-77876834cf17:c10, 85762f4c-4020-4380-968f-5264cc081a78:c8]
2019-07-15 13:05:46,936 INFO  client.GrpcClientProtocolClient (GrpcClientProtocolClient.java:onNext(255)) - client-A30399FF8261->f9ce73e7-63f5-4928-8921-5bbeb40c4f7f: receive RaftClientReply:client-A30399FF8261->f9ce73e7-63f5-4928-8921-5bbeb40c4f7f@group-273F94DA0444, cid=13, SUCCESS, logIndex=12, commits[f9ce73e7-63f5-4928-8921-5bbeb40c4f7f:c14, ef3d5ff4-f601-449a-8902-77876834cf17:c10, 85762f4c-4020-4380-968f-5264cc081a78:c10]
2019-07-15 13:05:46,961 INFO  client.GrpcClientProtocolClient (GrpcClientProtocolClient.java:onNext(255)) - client-A30399FF8261->f9ce73e7-63f5-4928-8921-5bbeb40c4f7f: receive RaftClientReply:client-A30399FF8261->f9ce73e7-63f5-4928-8921-5bbeb40c4f7f@group-273F94DA0444, cid=14, SUCCESS, logIndex=0, commits[f9ce73e7-63f5-4928-8921-5bbeb40c4f7f:c16, ef3d5ff4-f601-449a-8902-77876834cf17:c13, 85762f4c-4020-4380-968f-5264cc081a78:c13]
2019-07-15 13:05:46,988 INFO  client.GrpcClientProtocolClient (GrpcClientProtocolClient.java:onNext(255)) - client-4794AD804E9A->85762f4c-4020-4380-968f-5264cc081a78: receive RaftClientReply:client-4794AD804E9A->85762f4c-4020-4380-968f-5264cc081a78@group-273F94DA0444, cid=15, FAILED org.apache.ratis.protocol.NotLeaderException: Server 85762f4c-4020-4380-968f-5264cc081a78 is not the leader (f9ce73e7-63f5-4928-8921-5bbeb40c4f7f:192.168.69.114:43294). Request must be sent to leader., logIndex=0, commits[85762f4c-4020-4380-968f-5264cc081a78:c13, ef3d5ff4-f601-449a-8902-77876834cf17:c10, f9ce73e7-63f5-4928-8921-5bbeb40c4f7f:c13]
2019-07-15 13:05:47,131 INFO  client.GrpcClientProtocolClient (GrpcClientProtocolClient.java:onNext(255)) - client-4794AD804E9A->f9ce73e7-63f5-4928-8921-5bbeb40c4f7f: receive RaftClientReply:client-4794AD804E9A->f9ce73e7-63f5-4928-8921-5bbeb40c4f7f@group-273F94DA0444, cid=15, SUCCESS, logIndex=17, commits[f9ce73e7-63f5-4928-8921-5bbeb40c4f7f:c17, ef3d5ff4-f601-449a-8902-77876834cf17:c16, 85762f4c-4020-4380-968f-5264cc081a78:c16]
2019-07-15 13:05:47,202 INFO  client.GrpcClientProtocolClient (GrpcClientProtocolClient.java:onNext(255)) - client-4794AD804E9A->f9ce73e7-63f5-4928-8921-5bbeb40c4f7f: receive RaftClientReply:client-4794AD804E9A->f9ce73e7-63f5-4928-8921-5bbeb40c4f7f@group-273F94DA0444, cid=16, SUCCESS, logIndex=19, commits[f9ce73e7-63f5-4928-8921-5bbeb40c4f7f:c23, ef3d5ff4-f601-449a-8902-77876834cf17:c22, 85762f4c-4020-4380-968f-5264cc081a78:c22]
2019-07-15 13:05:47,205 INFO  client.GrpcClientProtocolClient (GrpcClientProtocolClient.java:onNext(255)) - client-4794AD804E9A->f9ce73e7-63f5-4928-8921-5bbeb40c4f7f: receive RaftClientReply:client-4794AD804E9A->f9ce73e7-63f5-4928-8921-5bbeb40c4f7f@group-273F94DA0444, cid=17, SUCCESS, logIndex=20, commits[f9ce73e7-63f5-4928-8921-5bbeb40c4f7f:c23, ef3d5ff4-f601-449a-8902-77876834cf17:c22, 85762f4c-4020-4380-968f-5264cc081a78:c22]
2019-07-15 13:05:47,299 INFO  client.GrpcClientProtocolClient (GrpcClientProtocolClient.java:onNext(255)) - client-4794AD804E9A->f9ce73e7-63f5-4928-8921-5bbeb40c4f7f: receive RaftClientReply:client-4794AD804E9A->f9ce73e7-63f5-4928-8921-5bbeb40c4f7f@group-273F94DA0444, cid=18, SUCCESS, logIndex=21, commits[f9ce73e7-63f5-4928-8921-5bbeb40c4f7f:c23, ef3d5ff4-f601-449a-8902-77876834cf17:c22, 85762f4c-4020-4380-968f-5264cc081a78:c22]
2019-07-15 13:05:47,345 INFO  client.GrpcClientProtocolClient (GrpcClientProtocolClient.java:onNext(255)) - client-4794AD804E9A->f9ce73e7-63f5-4928-8921-5bbeb40c4f7f: receive RaftClientReply:client-4794AD804E9A->f9ce73e7-63f5-4928-8921-5bbeb40c4f7f@group-273F94DA0444, cid=19, SUCCESS, logIndex=24, commits[f9ce73e7-63f5-4928-8921-5bbeb40c4f7f:c25, ef3d5ff4-f601-449a-8902-77876834cf17:c23, 85762f4c-4020-4380-968f-5264cc081a78:c23]
2019-07-15 13:05:47,347 INFO  client.GrpcClientProtocolClient (GrpcClientProtocolClient.java:onNext(255)) - client-4794AD804E9A->f9ce73e7-63f5-4928-8921-5bbeb40c4f7f: receive RaftClientReply:client-4794AD804E9A->f9ce73e7-63f5-4928-8921-5bbeb40c4f7f@group-273F94DA0444, cid=20, SUCCESS, logIndex=25, commits[f9ce73e7-63f5-4928-8921-5bbeb40c4f7f:c25, ef3d5ff4-f601-449a-8902-77876834cf17:c23, 85762f4c-4020-4380-968f-5264cc081a78:c23]
2019-07-15 13:05:47,367 INFO  client.GrpcClientProtocolClient (GrpcClientProtocolClient.java:onNext(255)) - client-4794AD804E9A->f9ce73e7-63f5-4928-8921-5bbeb40c4f7f: receive RaftClientReply:client-4794AD804E9A->f9ce73e7-63f5-4928-8921-5bbeb40c4f7f@group-273F94DA0444, cid=21, SUCCESS, logIndex=26, commits[f9ce73e7-63f5-4928-8921-5bbeb40c4f7f:c27, ef3d5ff4-f601-449a-8902-77876834cf17:c23, 85762f4c-4020-4380-968f-5264cc081a78:c23]
2019-07-15 13:05:47,368 INFO  client.GrpcClientProtocolClient (GrpcClientProtocolClient.java:onNext(255)) - client-4794AD804E9A->f9ce73e7-63f5-4928-8921-5bbeb40c4f7f: receive RaftClientReply:client-4794AD804E9A->f9ce73e7-63f5-4928-8921-5bbeb40c4f7f@group-273F94DA0444, cid=22, SUCCESS, logIndex=27, commits[f9ce73e7-63f5-4928-8921-5bbeb40c4f7f:c27, ef3d5ff4-f601-449a-8902-77876834cf17:c23, 85762f4c-4020-4380-968f-5264cc081a78:c23]
2019-07-15 13:05:47,373 INFO  client.GrpcClientProtocolClient (GrpcClientProtocolClient.java:onNext(255)) - client-4794AD804E9A->f9ce73e7-63f5-4928-8921-5bbeb40c4f7f: receive RaftClientReply:client-4794AD804E9A->f9ce73e7-63f5-4928-8921-5bbeb40c4f7f@group-273F94DA0444, cid=23, SUCCESS, logIndex=0, commits[f9ce73e7-63f5-4928-8921-5bbeb40c4f7f:c30, ef3d5ff4-f601-449a-8902-77876834cf17:c27, 85762f4c-4020-4380-968f-5264cc081a78:c25]
2019-07-15 13:05:47,381 INFO  client.GrpcClientProtocolClient (GrpcClientProtocolClient.java:onNext(255)) - client-4794AD804E9A->f9ce73e7-63f5-4928-8921-5bbeb40c4f7f: receive RaftClientReply:client-4794AD804E9A->f9ce73e7-63f5-4928-8921-5bbeb40c4f7f@group-273F94DA0444, cid=24, SUCCESS, logIndex=0, commits[f9ce73e7-63f5-4928-8921-5bbeb40c4f7f:c31, ef3d5ff4-f601-449a-8902-77876834cf17:c27, 85762f4c-4020-4380-968f-5264cc081a78:c27]
2019-07-15 13:05:47,393 INFO  keyvalue.KeyValueHandler (ContainerUtils.java:logAndReturnError(146)) - Operation: CreateContainer : Trace ID: 5ca92c4e334fdde6:f0e5d1a8b1304b21:faec6e640425f390:0 : Message: Container creation failed, due to disk out of space : Result: DISK_OUT_OF_SPACE
2019-07-15 13:05:47,400 INFO  keyvalue.KeyValueHandler (ContainerUtils.java:logAndReturnError(146)) - Operation: CreateContainer : Trace ID: 5ca92c4e334fdde6:f0e5d1a8b1304b21:faec6e640425f390:0 : Message: Container creation failed, due to disk out of space : Result: DISK_OUT_OF_SPACE
2019-07-15 13:05:47,406 INFO  keyvalue.KeyValueHandler (ContainerUtils.java:logAndReturnError(146)) - Operation: CreateContainer : Trace ID: 5ca92c4e334fdde6:4147294ec796d3b6:faec6e640425f390:0 : Message: Container creation failed, due to disk out of space : Result: DISK_OUT_OF_SPACE
2019-07-15 13:05:47,409 INFO  keyvalue.KeyValueHandler (ContainerUtils.java:logAndReturnError(146)) - Operation: CreateContainer : Trace ID: 5ca92c4e334fdde6:f0e5d1a8b1304b21:faec6e640425f390:0 : Message: Container creation failed, due to disk out of space : Result: DISK_OUT_OF_SPACE
13:05:47.396 [pool-68-thread-25] ERROR DNAudit - user=null | ip=null | op=WRITE_CHUNK {blockData=conID: 3 locID: 102445608848392195 bcsId: 0} | ret=FAILURE
org.apache.hadoop.hdds.scm.container.common.helpers.StorageContainerException: ContainerID 3 creation failed
	at org.apache.hadoop.ozone.container.common.impl.HddsDispatcher.dispatchRequest(HddsDispatcher.java:227) ~[classes/:?]
	at org.apache.hadoop.ozone.container.common.impl.HddsDispatcher.dispatch(HddsDispatcher.java:148) ~[classes/:?]
	at org.apache.hadoop.ozone.container.common.transport.server.ratis.ContainerStateMachine.dispatchCommand(ContainerStateMachine.java:358) ~[classes/:?]
	at org.apache.hadoop.ozone.container.common.transport.server.ratis.ContainerStateMachine.runCommand(ContainerStateMachine.java:365) ~[classes/:?]
	at org.apache.hadoop.ozone.container.common.transport.server.ratis.ContainerStateMachine.lambda$handleWriteChunk$0(ContainerStateMachine.java:396) ~[classes/:?]
	at java.util.concurrent.CompletableFuture$AsyncSupply.run(CompletableFuture.java:1590) [?:1.8.0_212]
	at java.util.concurrent.ThreadPoolExecutor.runWorker(ThreadPoolExecutor.java:1149) [?:1.8.0_212]
	at java.util.concurrent.ThreadPoolExecutor$Worker.run(ThreadPoolExecutor.java:624) [?:1.8.0_212]
	at java.lang.Thread.run(Thread.java:748) [?:1.8.0_212]
13:05:47.406 [pool-47-thread-9] ERROR DNAudit - user=null | ip=null | op=WRITE_CHUNK {blockData=conID: 3 locID: 102445608848392195 bcsId: 0} | ret=FAILURE
org.apache.hadoop.hdds.scm.container.common.helpers.StorageContainerException: ContainerID 3 creation failed
	at org.apache.hadoop.ozone.container.common.impl.HddsDispatcher.dispatchRequest(HddsDispatcher.java:227) ~[classes/:?]
	at org.apache.hadoop.ozone.container.common.impl.HddsDispatcher.dispatch(HddsDispatcher.java:148) ~[classes/:?]
	at org.apache.hadoop.ozone.container.common.transport.server.ratis.ContainerStateMachine.dispatchCommand(ContainerStateMachine.java:358) ~[classes/:?]
	at org.apache.hadoop.ozone.container.common.transport.server.ratis.ContainerStateMachine.runCommand(ContainerStateMachine.java:365) ~[classes/:?]
	at org.apache.hadoop.ozone.container.common.transport.server.ratis.ContainerStateMachine.lambda$handleWriteChunk$0(ContainerStateMachine.java:396) ~[classes/:?]
	at java.util.concurrent.CompletableFuture$AsyncSupply.run(CompletableFuture.java:1590) [?:1.8.0_212]
	at java.util.concurrent.ThreadPoolExecutor.runWorker(ThreadPoolExecutor.java:1149) [?:1.8.0_212]
	at java.util.concurrent.ThreadPoolExecutor$Worker.run(ThreadPoolExecutor.java:624) [?:1.8.0_212]
	at java.lang.Thread.run(Thread.java:748) [?:1.8.0_212]
13:05:47.409 [pool-26-thread-9] ERROR DNAudit - user=null | ip=null | op=WRITE_CHUNK {blockData=conID: 3 locID: 102445608848392195 bcsId: 0} | ret=FAILURE
org.apache.hadoop.hdds.scm.container.common.helpers.StorageContainerException: ContainerID 3 creation failed
	at org.apache.hadoop.ozone.container.common.impl.HddsDispatcher.dispatchRequest(HddsDispatcher.java:227) ~[classes/:?]
	at org.apache.hadoop.ozone.container.common.impl.HddsDispatcher.dispatch(HddsDispatcher.java:148) ~[classes/:?]
	at org.apache.hadoop.ozone.container.common.transport.server.ratis.ContainerStateMachine.dispatchCommand(ContainerStateMachine.java:358) ~[classes/:?]
	at org.apache.hadoop.ozone.container.common.transport.server.ratis.ContainerStateMachine.runCommand(ContainerStateMachine.java:365) ~[classes/:?]
	at org.apache.hadoop.ozone.container.common.transport.server.ratis.ContainerStateMachine.lambda$handleWriteChunk$0(ContainerStateMachine.java:396) ~[classes/:?]
	at java.util.concurrent.CompletableFuture$AsyncSupply.run(CompletableFuture.java:1590) [?:1.8.0_212]
	at java.util.concurrent.ThreadPoolExecutor.runWorker(ThreadPoolExecutor.java:1149) [?:1.8.0_212]
	at java.util.concurrent.ThreadPoolExecutor$Worker.run(ThreadPoolExecutor.java:624) [?:1.8.0_212]
	at java.lang.Thread.run(Thread.java:748) [?:1.8.0_212]
13:05:47.407 [pool-68-thread-28] ERROR DNAudit - user=null | ip=null | op=WRITE_CHUNK {blockData=conID: 3 locID: 102445608848392195 bcsId: 0} | ret=FAILURE
org.apache.hadoop.hdds.scm.container.common.helpers.StorageContainerException: ContainerID 3 creation failed
	at org.apache.hadoop.ozone.container.common.impl.HddsDispatcher.dispatchRequest(HddsDispatcher.java:227) ~[classes/:?]
	at org.apache.hadoop.ozone.container.common.impl.HddsDispatcher.dispatch(HddsDispatcher.java:148) ~[classes/:?]
	at org.apache.hadoop.ozone.container.common.transport.server.ratis.ContainerStateMachine.dispatchCommand(ContainerStateMachine.java:358) ~[classes/:?]
	at org.apache.hadoop.ozone.container.common.transport.server.ratis.ContainerStateMachine.runCommand(ContainerStateMachine.java:365) ~[classes/:?]
	at org.apache.hadoop.ozone.container.common.transport.server.ratis.ContainerStateMachine.lambda$handleWriteChunk$0(ContainerStateMachine.java:396) ~[classes/:?]
	at java.util.concurrent.CompletableFuture$AsyncSupply.run(CompletableFuture.java:1590) [?:1.8.0_212]
	at java.util.concurrent.ThreadPoolExecutor.runWorker(ThreadPoolExecutor.java:1149) [?:1.8.0_212]
	at java.util.concurrent.ThreadPoolExecutor$Worker.run(ThreadPoolExecutor.java:624) [?:1.8.0_212]
	at java.lang.Thread.run(Thread.java:748) [?:1.8.0_212]
2019-07-15 13:05:47,414 INFO  keyvalue.KeyValueHandler (ContainerUtils.java:logAndReturnError(146)) - Operation: CreateContainer : Trace ID: 5ca92c4e334fdde6:4147294ec796d3b6:faec6e640425f390:0 : Message: Container creation failed, due to disk out of space : Result: DISK_OUT_OF_SPACE
13:05:47.415 [pool-47-thread-10] ERROR DNAudit - user=null | ip=null | op=WRITE_CHUNK {blockData=conID: 3 locID: 102445608848392195 bcsId: 0} | ret=FAILURE
org.apache.hadoop.hdds.scm.container.common.helpers.StorageContainerException: ContainerID 3 creation failed
	at org.apache.hadoop.ozone.container.common.impl.HddsDispatcher.dispatchRequest(HddsDispatcher.java:227) ~[classes/:?]
	at org.apache.hadoop.ozone.container.common.impl.HddsDispatcher.dispatch(HddsDispatcher.java:148) ~[classes/:?]
	at org.apache.hadoop.ozone.container.common.transport.server.ratis.ContainerStateMachine.dispatchCommand(ContainerStateMachine.java:358) ~[classes/:?]
	at org.apache.hadoop.ozone.container.common.transport.server.ratis.ContainerStateMachine.runCommand(ContainerStateMachine.java:365) ~[classes/:?]
	at org.apache.hadoop.ozone.container.common.transport.server.ratis.ContainerStateMachine.lambda$handleWriteChunk$0(ContainerStateMachine.java:396) ~[classes/:?]
	at java.util.concurrent.CompletableFuture$AsyncSupply.run(CompletableFuture.java:1590) [?:1.8.0_212]
	at java.util.concurrent.ThreadPoolExecutor.runWorker(ThreadPoolExecutor.java:1149) [?:1.8.0_212]
	at java.util.concurrent.ThreadPoolExecutor$Worker.run(ThreadPoolExecutor.java:624) [?:1.8.0_212]
	at java.lang.Thread.run(Thread.java:748) [?:1.8.0_212]
2019-07-15 13:05:47,416 INFO  keyvalue.KeyValueHandler (ContainerUtils.java:logAndReturnError(146)) - Operation: CreateContainer : Trace ID: 5ca92c4e334fdde6:4147294ec796d3b6:faec6e640425f390:0 : Message: Container creation failed, due to disk out of space : Result: DISK_OUT_OF_SPACE
13:05:47.416 [pool-26-thread-10] ERROR DNAudit - user=null | ip=null | op=WRITE_CHUNK {blockData=conID: 3 locID: 102445608848392195 bcsId: 0} | ret=FAILURE
org.apache.hadoop.hdds.scm.container.common.helpers.StorageContainerException: ContainerID 3 creation failed
	at org.apache.hadoop.ozone.container.common.impl.HddsDispatcher.dispatchRequest(HddsDispatcher.java:227) ~[classes/:?]
	at org.apache.hadoop.ozone.container.common.impl.HddsDispatcher.dispatch(HddsDispatcher.java:148) ~[classes/:?]
	at org.apache.hadoop.ozone.container.common.transport.server.ratis.ContainerStateMachine.dispatchCommand(ContainerStateMachine.java:358) ~[classes/:?]
	at org.apache.hadoop.ozone.container.common.transport.server.ratis.ContainerStateMachine.runCommand(ContainerStateMachine.java:365) ~[classes/:?]
	at org.apache.hadoop.ozone.container.common.transport.server.ratis.ContainerStateMachine.lambda$handleWriteChunk$0(ContainerStateMachine.java:396) ~[classes/:?]
	at java.util.concurrent.CompletableFuture$AsyncSupply.run(CompletableFuture.java:1590) [?:1.8.0_212]
	at java.util.concurrent.ThreadPoolExecutor.runWorker(ThreadPoolExecutor.java:1149) [?:1.8.0_212]
	at java.util.concurrent.ThreadPoolExecutor$Worker.run(ThreadPoolExecutor.java:624) [?:1.8.0_212]
	at java.lang.Thread.run(Thread.java:748) [?:1.8.0_212]
2019-07-15 13:05:47,418 INFO  impl.HddsDispatcher (ContainerUtils.java:logAndReturnError(146)) - Operation: WriteChunk : Trace ID: 5ca92c4e334fdde6:4147294ec796d3b6:faec6e640425f390:0 : Message: ContainerID 3 creation failed : Result: DISK_OUT_OF_SPACE
2019-07-15 13:05:47,419 INFO  impl.HddsDispatcher (ContainerUtils.java:logAndReturnError(146)) - Operation: WriteChunk : Trace ID: 5ca92c4e334fdde6:f0e5d1a8b1304b21:faec6e640425f390:0 : Message: ContainerID 3 creation failed : Result: DISK_OUT_OF_SPACE
2019-07-15 13:05:47,418 INFO  impl.HddsDispatcher (ContainerUtils.java:logAndReturnError(146)) - Operation: WriteChunk : Trace ID: 5ca92c4e334fdde6:f0e5d1a8b1304b21:faec6e640425f390:0 : Message: ContainerID 3 creation failed : Result: DISK_OUT_OF_SPACE
2019-07-15 13:05:47,419 INFO  impl.HddsDispatcher (ContainerUtils.java:logAndReturnError(146)) - Operation: WriteChunk : Trace ID: 5ca92c4e334fdde6:4147294ec796d3b6:faec6e640425f390:0 : Message: ContainerID 3 creation failed : Result: DISK_OUT_OF_SPACE
2019-07-15 13:05:47,419 INFO  impl.HddsDispatcher (ContainerUtils.java:logAndReturnError(146)) - Operation: WriteChunk : Trace ID: 5ca92c4e334fdde6:4147294ec796d3b6:faec6e640425f390:0 : Message: ContainerID 3 creation failed : Result: DISK_OUT_OF_SPACE
2019-07-15 13:05:47,419 INFO  impl.HddsDispatcher (ContainerUtils.java:logAndReturnError(146)) - Operation: WriteChunk : Trace ID: 5ca92c4e334fdde6:f0e5d1a8b1304b21:faec6e640425f390:0 : Message: ContainerID 3 creation failed : Result: DISK_OUT_OF_SPACE
13:05:47.434 [pool-72-thread-1] ERROR DNAudit - user=null | ip=null | op=WRITE_CHUNK {blockData=conID: 3 locID: 102445608848392195 bcsId: 0} | ret=FAILURE
org.apache.hadoop.hdds.scm.container.common.helpers.StorageContainerException: ContainerID 3 does not exist
	at org.apache.hadoop.ozone.container.common.impl.HddsDispatcher.dispatchRequest(HddsDispatcher.java:242) ~[classes/:?]
	at org.apache.hadoop.ozone.container.common.impl.HddsDispatcher.dispatch(HddsDispatcher.java:148) ~[classes/:?]
	at org.apache.hadoop.ozone.container.common.transport.server.ratis.ContainerStateMachine.dispatchCommand(ContainerStateMachine.java:358) ~[classes/:?]
	at org.apache.hadoop.ozone.container.common.transport.server.ratis.ContainerStateMachine.runCommand(ContainerStateMachine.java:365) ~[classes/:?]
	at org.apache.hadoop.ozone.container.common.transport.server.ratis.ContainerStateMachine.lambda$applyTransaction$5(ContainerStateMachine.java:631) ~[classes/:?]
	at java.util.concurrent.CompletableFuture$AsyncSupply.run(CompletableFuture.java:1590) [?:1.8.0_212]
	at java.util.concurrent.ThreadPoolExecutor.runWorker(ThreadPoolExecutor.java:1149) [?:1.8.0_212]
	at java.util.concurrent.ThreadPoolExecutor$Worker.run(ThreadPoolExecutor.java:624) [?:1.8.0_212]
	at java.lang.Thread.run(Thread.java:748) [?:1.8.0_212]
2019-07-15 13:05:47,435 INFO  impl.HddsDispatcher (ContainerUtils.java:logAndReturnError(146)) - Operation: WriteChunk : Trace ID: 5ca92c4e334fdde6:f0e5d1a8b1304b21:faec6e640425f390:0 : Message: ContainerID 3 does not exist : Result: CONTAINER_NOT_FOUND
13:05:47.436 [pool-72-thread-1] ERROR DNAudit - user=null | ip=null | op=PUT_BLOCK {blockData=[blockId=conID: 3 locID: 102445608848392195 bcsId: 0,size=1048576]} | ret=FAILURE
org.apache.hadoop.hdds.scm.container.common.helpers.StorageContainerException: ContainerID 3 does not exist
	at org.apache.hadoop.ozone.container.common.impl.HddsDispatcher.dispatchRequest(HddsDispatcher.java:242) ~[classes/:?]
	at org.apache.hadoop.ozone.container.common.impl.HddsDispatcher.dispatch(HddsDispatcher.java:148) ~[classes/:?]
	at org.apache.hadoop.ozone.container.common.transport.server.ratis.ContainerStateMachine.dispatchCommand(ContainerStateMachine.java:358) ~[classes/:?]
	at org.apache.hadoop.ozone.container.common.transport.server.ratis.ContainerStateMachine.runCommand(ContainerStateMachine.java:365) ~[classes/:?]
	at org.apache.hadoop.ozone.container.common.transport.server.ratis.ContainerStateMachine.lambda$applyTransaction$5(ContainerStateMachine.java:631) ~[classes/:?]
	at java.util.concurrent.CompletableFuture$AsyncSupply.run(CompletableFuture.java:1590) [?:1.8.0_212]
	at java.util.concurrent.ThreadPoolExecutor.runWorker(ThreadPoolExecutor.java:1149) [?:1.8.0_212]
	at java.util.concurrent.ThreadPoolExecutor$Worker.run(ThreadPoolExecutor.java:624) [?:1.8.0_212]
	at java.lang.Thread.run(Thread.java:748) [?:1.8.0_212]
2019-07-15 13:05:47,436 INFO  impl.HddsDispatcher (ContainerUtils.java:logAndReturnError(146)) - Operation: PutBlock : Trace ID: 5ca92c4e334fdde6:32f248cca79c8be5:faec6e640425f390:0 : Message: ContainerID 3 does not exist : Result: CONTAINER_NOT_FOUND
2019-07-15 13:05:47,437 INFO  client.GrpcClientProtocolClient (GrpcClientProtocolClient.java:onNext(255)) - client-4794AD804E9A->f9ce73e7-63f5-4928-8921-5bbeb40c4f7f: receive RaftClientReply:client-4794AD804E9A->f9ce73e7-63f5-4928-8921-5bbeb40c4f7f@group-273F94DA0444, cid=25, SUCCESS, logIndex=32, commits[f9ce73e7-63f5-4928-8921-5bbeb40c4f7f:c35, ef3d5ff4-f601-449a-8902-77876834cf17:c31, 85762f4c-4020-4380-968f-5264cc081a78:c31]
13:05:47.437 [pool-72-thread-1] ERROR DNAudit - user=null | ip=null | op=WRITE_CHUNK {blockData=conID: 3 locID: 102445608848392195 bcsId: 0} | ret=FAILURE
org.apache.hadoop.hdds.scm.container.common.helpers.StorageContainerException: ContainerID 3 does not exist
	at org.apache.hadoop.ozone.container.common.impl.HddsDispatcher.dispatchRequest(HddsDispatcher.java:242) ~[classes/:?]
	at org.apache.hadoop.ozone.container.common.impl.HddsDispatcher.dispatch(HddsDispatcher.java:148) ~[classes/:?]
	at org.apache.hadoop.ozone.container.common.transport.server.ratis.ContainerStateMachine.dispatchCommand(ContainerStateMachine.java:358) ~[classes/:?]
	at org.apache.hadoop.ozone.container.common.transport.server.ratis.ContainerStateMachine.runCommand(ContainerStateMachine.java:365) ~[classes/:?]
	at org.apache.hadoop.ozone.container.common.transport.server.ratis.ContainerStateMachine.lambda$applyTransaction$5(ContainerStateMachine.java:631) ~[classes/:?]
	at java.util.concurrent.CompletableFuture$AsyncSupply.run(CompletableFuture.java:1590) [?:1.8.0_212]
	at java.util.concurrent.ThreadPoolExecutor.runWorker(ThreadPoolExecutor.java:1149) [?:1.8.0_212]
	at java.util.concurrent.ThreadPoolExecutor$Worker.run(ThreadPoolExecutor.java:624) [?:1.8.0_212]
	at java.lang.Thread.run(Thread.java:748) [?:1.8.0_212]
2019-07-15 13:05:47,437 INFO  impl.HddsDispatcher (ContainerUtils.java:logAndReturnError(146)) - Operation: WriteChunk : Trace ID: 5ca92c4e334fdde6:4147294ec796d3b6:faec6e640425f390:0 : Message: ContainerID 3 does not exist : Result: CONTAINER_NOT_FOUND
2019-07-15 13:05:47,438 INFO  client.GrpcClientProtocolClient (GrpcClientProtocolClient.java:onNext(255)) - client-4794AD804E9A->f9ce73e7-63f5-4928-8921-5bbeb40c4f7f: receive RaftClientReply:client-4794AD804E9A->f9ce73e7-63f5-4928-8921-5bbeb40c4f7f@group-273F94DA0444, cid=26, SUCCESS, logIndex=33, commits[f9ce73e7-63f5-4928-8921-5bbeb40c4f7f:c35, ef3d5ff4-f601-449a-8902-77876834cf17:c31, 85762f4c-4020-4380-968f-5264cc081a78:c31]
2019-07-15 13:05:47,439 INFO  client.GrpcClientProtocolClient (GrpcClientProtocolClient.java:onNext(255)) - client-4794AD804E9A->f9ce73e7-63f5-4928-8921-5bbeb40c4f7f: receive RaftClientReply:client-4794AD804E9A->f9ce73e7-63f5-4928-8921-5bbeb40c4f7f@group-273F94DA0444, cid=27, SUCCESS, logIndex=34, commits[f9ce73e7-63f5-4928-8921-5bbeb40c4f7f:c35, ef3d5ff4-f601-449a-8902-77876834cf17:c31, 85762f4c-4020-4380-968f-5264cc081a78:c31]
13:05:47.438 [pool-72-thread-1] ERROR DNAudit - user=null | ip=null | op=PUT_BLOCK {blockData=[blockId=conID: 3 locID: 102445608848392195 bcsId: 0,size=2097152]} | ret=FAILURE
org.apache.hadoop.hdds.scm.container.common.helpers.StorageContainerException: ContainerID 3 does not exist
	at org.apache.hadoop.ozone.container.common.impl.HddsDispatcher.dispatchRequest(HddsDispatcher.java:242) ~[classes/:?]
	at org.apache.hadoop.ozone.container.common.impl.HddsDispatcher.dispatch(HddsDispatcher.java:148) ~[classes/:?]
	at org.apache.hadoop.ozone.container.common.transport.server.ratis.ContainerStateMachine.dispatchCommand(ContainerStateMachine.java:358) ~[classes/:?]
	at org.apache.hadoop.ozone.container.common.transport.server.ratis.ContainerStateMachine.runCommand(ContainerStateMachine.java:365) ~[classes/:?]
	at org.apache.hadoop.ozone.container.common.transport.server.ratis.ContainerStateMachine.lambda$applyTransaction$5(ContainerStateMachine.java:631) ~[classes/:?]
	at java.util.concurrent.CompletableFuture$AsyncSupply.run(CompletableFuture.java:1590) [?:1.8.0_212]
	at java.util.concurrent.ThreadPoolExecutor.runWorker(ThreadPoolExecutor.java:1149) [?:1.8.0_212]
	at java.util.concurrent.ThreadPoolExecutor$Worker.run(ThreadPoolExecutor.java:624) [?:1.8.0_212]
	at java.lang.Thread.run(Thread.java:748) [?:1.8.0_212]
2019-07-15 13:05:47,439 ERROR storage.BlockOutputStream (BlockOutputStream.java:validateResponse(539)) - Unexpected Storage Container Exception: 
org.apache.hadoop.hdds.scm.container.common.helpers.StorageContainerException: ContainerID 3 does not exist
	at org.apache.hadoop.hdds.scm.storage.ContainerProtocolCalls.validateContainerResponse(ContainerProtocolCalls.java:536)
	at org.apache.hadoop.hdds.scm.storage.BlockOutputStream.validateResponse(BlockOutputStream.java:537)
	at org.apache.hadoop.hdds.scm.storage.BlockOutputStream.lambda$writeChunkToContainer$2(BlockOutputStream.java:615)
	at java.util.concurrent.CompletableFuture.uniApply(CompletableFuture.java:602)
	at java.util.concurrent.CompletableFuture$UniApply.tryFire(CompletableFuture.java:577)
	at java.util.concurrent.CompletableFuture$Completion.run(CompletableFuture.java:442)
	at java.util.concurrent.ThreadPoolExecutor.runWorker(ThreadPoolExecutor.java:1149)
	at java.util.concurrent.ThreadPoolExecutor$Worker.run(ThreadPoolExecutor.java:624)
	at java.lang.Thread.run(Thread.java:748)
2019-07-15 13:05:47,439 INFO  impl.HddsDispatcher (ContainerUtils.java:logAndReturnError(146)) - Operation: PutBlock : Trace ID: 5ca92c4e334fdde6:f934c4b3139f5a23:faec6e640425f390:0 : Message: ContainerID 3 does not exist : Result: CONTAINER_NOT_FOUND
2019-07-15 13:05:47,443 INFO  client.GrpcClientProtocolClient (GrpcClientProtocolClient.java:onNext(255)) - client-4794AD804E9A->f9ce73e7-63f5-4928-8921-5bbeb40c4f7f: receive RaftClientReply:client-4794AD804E9A->f9ce73e7-63f5-4928-8921-5bbeb40c4f7f@group-273F94DA0444, cid=28, SUCCESS, logIndex=35, commits[f9ce73e7-63f5-4928-8921-5bbeb40c4f7f:c35, ef3d5ff4-f601-449a-8902-77876834cf17:c31, 85762f4c-4020-4380-968f-5264cc081a78:c31]
2019-07-15 13:05:47,446 ERROR freon.RandomKeyGenerator (RandomKeyGenerator.java:run(718)) - Exception while adding key: key-0-03894 in bucket: bucket-0-59219 of volume: vol-0-75043.
java.io.IOException: Unexpected Storage Container Exception: org.apache.hadoop.hdds.scm.container.common.helpers.StorageContainerException: ContainerID 3 does not exist
	at org.apache.hadoop.hdds.scm.storage.BlockOutputStream.setIoException(BlockOutputStream.java:549)
	at org.apache.hadoop.hdds.scm.storage.BlockOutputStream.validateResponse(BlockOutputStream.java:540)
	at org.apache.hadoop.hdds.scm.storage.BlockOutputStream.lambda$writeChunkToContainer$2(BlockOutputStream.java:615)
	at java.util.concurrent.CompletableFuture.uniApply(CompletableFuture.java:602)
	at java.util.concurrent.CompletableFuture$UniApply.tryFire(CompletableFuture.java:577)
	at java.util.concurrent.CompletableFuture$Completion.run(CompletableFuture.java:442)
	at java.util.concurrent.ThreadPoolExecutor.runWorker(ThreadPoolExecutor.java:1149)
	at java.util.concurrent.ThreadPoolExecutor$Worker.run(ThreadPoolExecutor.java:624)
	at java.lang.Thread.run(Thread.java:748)
Caused by: org.apache.hadoop.hdds.scm.container.common.helpers.StorageContainerException: ContainerID 3 does not exist
	at org.apache.hadoop.hdds.scm.storage.ContainerProtocolCalls.validateContainerResponse(ContainerProtocolCalls.java:536)
	at org.apache.hadoop.hdds.scm.storage.BlockOutputStream.validateResponse(BlockOutputStream.java:537)
	... 7 more
13:05:47.447 [pool-30-thread-1] ERROR DNAudit - user=null | ip=null | op=WRITE_CHUNK {blockData=conID: 3 locID: 102445608848392195 bcsId: 0} | ret=FAILURE
org.apache.hadoop.hdds.scm.container.common.helpers.StorageContainerException: ContainerID 3 does not exist
	at org.apache.hadoop.ozone.container.common.impl.HddsDispatcher.dispatchRequest(HddsDispatcher.java:242) ~[classes/:?]
	at org.apache.hadoop.ozone.container.common.impl.HddsDispatcher.dispatch(HddsDispatcher.java:148) ~[classes/:?]
	at org.apache.hadoop.ozone.container.common.transport.server.ratis.ContainerStateMachine.dispatchCommand(ContainerStateMachine.java:358) ~[classes/:?]
	at org.apache.hadoop.ozone.container.common.transport.server.ratis.ContainerStateMachine.runCommand(ContainerStateMachine.java:365) ~[classes/:?]
	at org.apache.hadoop.ozone.container.common.transport.server.ratis.ContainerStateMachine.lambda$applyTransaction$5(ContainerStateMachine.java:631) ~[classes/:?]
	at java.util.concurrent.CompletableFuture$AsyncSupply.run(CompletableFuture.java:1590) [?:1.8.0_212]
	at java.util.concurrent.ThreadPoolExecutor.runWorker(ThreadPoolExecutor.java:1149) [?:1.8.0_212]
	at java.util.concurrent.ThreadPoolExecutor$Worker.run(ThreadPoolExecutor.java:624) [?:1.8.0_212]
	at java.lang.Thread.run(Thread.java:748) [?:1.8.0_212]
13:05:47.447 [pool-51-thread-1] ERROR DNAudit - user=null | ip=null | op=WRITE_CHUNK {blockData=conID: 3 locID: 102445608848392195 bcsId: 0} | ret=FAILURE
org.apache.hadoop.hdds.scm.container.common.helpers.StorageContainerException: ContainerID 3 does not exist
	at org.apache.hadoop.ozone.container.common.impl.HddsDispatcher.dispatchRequest(HddsDispatcher.java:242) ~[classes/:?]
	at org.apache.hadoop.ozone.container.common.impl.HddsDispatcher.dispatch(HddsDispatcher.java:148) ~[classes/:?]
	at org.apache.hadoop.ozone.container.common.transport.server.ratis.ContainerStateMachine.dispatchCommand(ContainerStateMachine.java:358) ~[classes/:?]
	at org.apache.hadoop.ozone.container.common.transport.server.ratis.ContainerStateMachine.runCommand(ContainerStateMachine.java:365) ~[classes/:?]
	at org.apache.hadoop.ozone.container.common.transport.server.ratis.ContainerStateMachine.lambda$applyTransaction$5(ContainerStateMachine.java:631) ~[classes/:?]
	at java.util.concurrent.CompletableFuture$AsyncSupply.run(CompletableFuture.java:1590) [?:1.8.0_212]
	at java.util.concurrent.ThreadPoolExecutor.runWorker(ThreadPoolExecutor.java:1149) [?:1.8.0_212]
	at java.util.concurrent.ThreadPoolExecutor$Worker.run(ThreadPoolExecutor.java:624) [?:1.8.0_212]
	at java.lang.Thread.run(Thread.java:748) [?:1.8.0_212]
2019-07-15 13:05:47,448 INFO  impl.HddsDispatcher (ContainerUtils.java:logAndReturnError(146)) - Operation: WriteChunk : Trace ID: 5ca92c4e334fdde6:f0e5d1a8b1304b21:faec6e640425f390:0 : Message: ContainerID 3 does not exist : Result: CONTAINER_NOT_FOUND
2019-07-15 13:05:47,448 INFO  impl.HddsDispatcher (ContainerUtils.java:logAndReturnError(146)) - Operation: WriteChunk : Trace ID: 5ca92c4e334fdde6:f0e5d1a8b1304b21:faec6e640425f390:0 : Message: ContainerID 3 does not exist : Result: CONTAINER_NOT_FOUND
13:05:47.448 [pool-30-thread-1] ERROR DNAudit - user=null | ip=null | op=PUT_BLOCK {blockData=[blockId=conID: 3 locID: 102445608848392195 bcsId: 0,size=1048576]} | ret=FAILURE
org.apache.hadoop.hdds.scm.container.common.helpers.StorageContainerException: ContainerID 3 does not exist
	at org.apache.hadoop.ozone.container.common.impl.HddsDispatcher.dispatchRequest(HddsDispatcher.java:242) ~[classes/:?]
	at org.apache.hadoop.ozone.container.common.impl.HddsDispatcher.dispatch(HddsDispatcher.java:148) ~[classes/:?]
	at org.apache.hadoop.ozone.container.common.transport.server.ratis.ContainerStateMachine.dispatchCommand(ContainerStateMachine.java:358) ~[classes/:?]
	at org.apache.hadoop.ozone.container.common.transport.server.ratis.ContainerStateMachine.runCommand(ContainerStateMachine.java:365) ~[classes/:?]
	at org.apache.hadoop.ozone.container.common.transport.server.ratis.ContainerStateMachine.lambda$applyTransaction$5(ContainerStateMachine.java:631) ~[classes/:?]
	at java.util.concurrent.CompletableFuture$AsyncSupply.run(CompletableFuture.java:1590) [?:1.8.0_212]
	at java.util.concurrent.ThreadPoolExecutor.runWorker(ThreadPoolExecutor.java:1149) [?:1.8.0_212]
	at java.util.concurrent.ThreadPoolExecutor$Worker.run(ThreadPoolExecutor.java:624) [?:1.8.0_212]
	at java.lang.Thread.run(Thread.java:748) [?:1.8.0_212]
2019-07-15 13:05:47,449 INFO  impl.HddsDispatcher (ContainerUtils.java:logAndReturnError(146)) - Operation: PutBlock : Trace ID: 5ca92c4e334fdde6:32f248cca79c8be5:faec6e640425f390:0 : Message: ContainerID 3 does not exist : Result: CONTAINER_NOT_FOUND
13:05:47.449 [pool-51-thread-1] ERROR DNAudit - user=null | ip=null | op=PUT_BLOCK {blockData=[blockId=conID: 3 locID: 102445608848392195 bcsId: 0,size=1048576]} | ret=FAILURE
org.apache.hadoop.hdds.scm.container.common.helpers.StorageContainerException: ContainerID 3 does not exist
	at org.apache.hadoop.ozone.container.common.impl.HddsDispatcher.dispatchRequest(HddsDispatcher.java:242) ~[classes/:?]
	at org.apache.hadoop.ozone.container.common.impl.HddsDispatcher.dispatch(HddsDispatcher.java:148) ~[classes/:?]
	at org.apache.hadoop.ozone.container.common.transport.server.ratis.ContainerStateMachine.dispatchCommand(ContainerStateMachine.java:358) ~[classes/:?]
	at org.apache.hadoop.ozone.container.common.transport.server.ratis.ContainerStateMachine.runCommand(ContainerStateMachine.java:365) ~[classes/:?]
	at org.apache.hadoop.ozone.container.common.transport.server.ratis.ContainerStateMachine.lambda$applyTransaction$5(ContainerStateMachine.java:631) ~[classes/:?]
	at java.util.concurrent.CompletableFuture$AsyncSupply.run(CompletableFuture.java:1590) [?:1.8.0_212]
	at java.util.concurrent.ThreadPoolExecutor.runWorker(ThreadPoolExecutor.java:1149) [?:1.8.0_212]
	at java.util.concurrent.ThreadPoolExecutor$Worker.run(ThreadPoolExecutor.java:624) [?:1.8.0_212]
	at java.lang.Thread.run(Thread.java:748) [?:1.8.0_212]
2019-07-15 13:05:47,449 INFO  impl.HddsDispatcher (ContainerUtils.java:logAndReturnError(146)) - Operation: PutBlock : Trace ID: 5ca92c4e334fdde6:32f248cca79c8be5:faec6e640425f390:0 : Message: ContainerID 3 does not exist : Result: CONTAINER_NOT_FOUND
13:05:47.449 [pool-30-thread-1] ERROR DNAudit - user=null | ip=null | op=WRITE_CHUNK {blockData=conID: 3 locID: 102445608848392195 bcsId: 0} | ret=FAILURE
org.apache.hadoop.hdds.scm.container.common.helpers.StorageContainerException: ContainerID 3 does not exist
	at org.apache.hadoop.ozone.container.common.impl.HddsDispatcher.dispatchRequest(HddsDispatcher.java:242) ~[classes/:?]
	at org.apache.hadoop.ozone.container.common.impl.HddsDispatcher.dispatch(HddsDispatcher.java:148) ~[classes/:?]
	at org.apache.hadoop.ozone.container.common.transport.server.ratis.ContainerStateMachine.dispatchCommand(ContainerStateMachine.java:358) ~[classes/:?]
	at org.apache.hadoop.ozone.container.common.transport.server.ratis.ContainerStateMachine.runCommand(ContainerStateMachine.java:365) ~[classes/:?]
	at org.apache.hadoop.ozone.container.common.transport.server.ratis.ContainerStateMachine.lambda$applyTransaction$5(ContainerStateMachine.java:631) ~[classes/:?]
	at java.util.concurrent.CompletableFuture$AsyncSupply.run(CompletableFuture.java:1590) [?:1.8.0_212]
	at java.util.concurrent.ThreadPoolExecutor.runWorker(ThreadPoolExecutor.java:1149) [?:1.8.0_212]
	at java.util.concurrent.ThreadPoolExecutor$Worker.run(ThreadPoolExecutor.java:624) [?:1.8.0_212]
	at java.lang.Thread.run(Thread.java:748) [?:1.8.0_212]
2019-07-15 13:05:47,450 INFO  impl.HddsDispatcher (ContainerUtils.java:logAndReturnError(146)) - Operation: WriteChunk : Trace ID: 5ca92c4e334fdde6:4147294ec796d3b6:faec6e640425f390:0 : Message: ContainerID 3 does not exist : Result: CONTAINER_NOT_FOUND
13:05:47.450 [pool-51-thread-1] ERROR DNAudit - user=null | ip=null | op=WRITE_CHUNK {blockData=conID: 3 locID: 102445608848392195 bcsId: 0} | ret=FAILURE
org.apache.hadoop.hdds.scm.container.common.helpers.StorageContainerException: ContainerID 3 does not exist
	at org.apache.hadoop.ozone.container.common.impl.HddsDispatcher.dispatchRequest(HddsDispatcher.java:242) ~[classes/:?]
	at org.apache.hadoop.ozone.container.common.impl.HddsDispatcher.dispatch(HddsDispatcher.java:148) ~[classes/:?]
	at org.apache.hadoop.ozone.container.common.transport.server.ratis.ContainerStateMachine.dispatchCommand(ContainerStateMachine.java:358) ~[classes/:?]
	at org.apache.hadoop.ozone.container.common.transport.server.ratis.ContainerStateMachine.runCommand(ContainerStateMachine.java:365) ~[classes/:?]
	at org.apache.hadoop.ozone.container.common.transport.server.ratis.ContainerStateMachine.lambda$applyTransaction$5(ContainerStateMachine.java:631) ~[classes/:?]
	at java.util.concurrent.CompletableFuture$AsyncSupply.run(CompletableFuture.java:1590) [?:1.8.0_212]
	at java.util.concurrent.ThreadPoolExecutor.runWorker(ThreadPoolExecutor.java:1149) [?:1.8.0_212]
	at java.util.concurrent.ThreadPoolExecutor$Worker.run(ThreadPoolExecutor.java:624) [?:1.8.0_212]
	at java.lang.Thread.run(Thread.java:748) [?:1.8.0_212]
13:05:47.450 [pool-30-thread-1] ERROR DNAudit - user=null | ip=null | op=PUT_BLOCK {blockData=[blockId=conID: 3 locID: 102445608848392195 bcsId: 0,size=2097152]} | ret=FAILURE
org.apache.hadoop.hdds.scm.container.common.helpers.StorageContainerException: ContainerID 3 does not exist
	at org.apache.hadoop.ozone.container.common.impl.HddsDispatcher.dispatchRequest(HddsDispatcher.java:242) ~[classes/:?]
	at org.apache.hadoop.ozone.container.common.impl.HddsDispatcher.dispatch(HddsDispatcher.java:148) ~[classes/:?]
	at org.apache.hadoop.ozone.container.common.transport.server.ratis.ContainerStateMachine.dispatchCommand(ContainerStateMachine.java:358) ~[classes/:?]
	at org.apache.hadoop.ozone.container.common.transport.server.ratis.ContainerStateMachine.runCommand(ContainerStateMachine.java:365) ~[classes/:?]
	at org.apache.hadoop.ozone.container.common.transport.server.ratis.ContainerStateMachine.lambda$applyTransaction$5(ContainerStateMachine.java:631) ~[classes/:?]
	at java.util.concurrent.CompletableFuture$AsyncSupply.run(CompletableFuture.java:1590) [?:1.8.0_212]
	at java.util.concurrent.ThreadPoolExecutor.runWorker(ThreadPoolExecutor.java:1149) [?:1.8.0_212]
	at java.util.concurrent.ThreadPoolExecutor$Worker.run(ThreadPoolExecutor.java:624) [?:1.8.0_212]
	at java.lang.Thread.run(Thread.java:748) [?:1.8.0_212]
2019-07-15 13:05:47,450 INFO  impl.HddsDispatcher (ContainerUtils.java:logAndReturnError(146)) - Operation: WriteChunk : Trace ID: 5ca92c4e334fdde6:4147294ec796d3b6:faec6e640425f390:0 : Message: ContainerID 3 does not exist : Result: CONTAINER_NOT_FOUND
2019-07-15 13:05:47,450 INFO  impl.HddsDispatcher (ContainerUtils.java:logAndReturnError(146)) - Operation: PutBlock : Trace ID: 5ca92c4e334fdde6:f934c4b3139f5a23:faec6e640425f390:0 : Message: ContainerID 3 does not exist : Result: CONTAINER_NOT_FOUND
13:05:47.451 [pool-51-thread-1] ERROR DNAudit - user=null | ip=null | op=PUT_BLOCK {blockData=[blockId=conID: 3 locID: 102445608848392195 bcsId: 0,size=2097152]} | ret=FAILURE
org.apache.hadoop.hdds.scm.container.common.helpers.StorageContainerException: ContainerID 3 does not exist
	at org.apache.hadoop.ozone.container.common.impl.HddsDispatcher.dispatchRequest(HddsDispatcher.java:242) ~[classes/:?]
	at org.apache.hadoop.ozone.container.common.impl.HddsDispatcher.dispatch(HddsDispatcher.java:148) ~[classes/:?]
	at org.apache.hadoop.ozone.container.common.transport.server.ratis.ContainerStateMachine.dispatchCommand(ContainerStateMachine.java:358) ~[classes/:?]
	at org.apache.hadoop.ozone.container.common.transport.server.ratis.ContainerStateMachine.runCommand(ContainerStateMachine.java:365) ~[classes/:?]
	at org.apache.hadoop.ozone.container.common.transport.server.ratis.ContainerStateMachine.lambda$applyTransaction$5(ContainerStateMachine.java:631) ~[classes/:?]
	at java.util.concurrent.CompletableFuture$AsyncSupply.run(CompletableFuture.java:1590) [?:1.8.0_212]
	at java.util.concurrent.ThreadPoolExecutor.runWorker(ThreadPoolExecutor.java:1149) [?:1.8.0_212]
	at java.util.concurrent.ThreadPoolExecutor$Worker.run(ThreadPoolExecutor.java:624) [?:1.8.0_212]
	at java.lang.Thread.run(Thread.java:748) [?:1.8.0_212]
2019-07-15 13:05:47,451 INFO  impl.HddsDispatcher (ContainerUtils.java:logAndReturnError(146)) - Operation: PutBlock : Trace ID: 5ca92c4e334fdde6:f934c4b3139f5a23:faec6e640425f390:0 : Message: ContainerID 3 does not exist : Result: CONTAINER_NOT_FOUND
 0.00% |█                                                                                                    |  0/1 Time: 0:00:12 0.00% |█                                                                                                    |  0/1 Time: 0:00:13 0.00% |█                                                                                                    |  0/1 Time: 0:00:14 100.00% |█████████████████████████████████████████████████████████████████████████████████████████████████████|  1/1 Time: 0:00:15
]]></system-out>
    <system-err><![CDATA[ERROR StatusLogger No Log4j 2 configuration file found. Using default configuration (logging only errors to the console), or user programmatically provided configurations. Set system property 'log4j2.debug' to show Log4j 2 internal initialization logging. See https://logging.apache.org/log4j/2.x/manual/configuration.html for instructions on how to configure Log4j 2
Jul 15, 2019 1:05:28 PM com.sun.jersey.server.impl.application.WebApplicationImpl _initiate
INFO: Initiating Jersey application, version 'Jersey: 1.19 02/11/2015 03:25 AM'
Jul 15, 2019 1:05:29 PM com.sun.jersey.server.impl.application.WebApplicationImpl _initiate
INFO: Initiating Jersey application, version 'Jersey: 1.19 02/11/2015 03:25 AM'
Jul 15, 2019 1:05:30 PM com.sun.jersey.server.impl.application.WebApplicationImpl _initiate
INFO: Initiating Jersey application, version 'Jersey: 1.19 02/11/2015 03:25 AM'
]]></system-err>
  </testcase>
</testsuite>