<?xml version="1.0" encoding="UTF-8"?>
<testsuite xmlns:xsi="http://www.w3.org/2001/XMLSchema-instance" xsi:noNamespaceSchemaLocation="https://maven.apache.org/surefire/maven-surefire-plugin/xsd/surefire-test-report.xsd" name="org.apache.hadoop.ozone.client.rpc.TestCloseContainerHandlingByClient" time="61.87" tests="8" errors="6" skipped="1" failures="0">
  <properties>
    <property name="awt.toolkit" value="sun.awt.X11.XToolkit"/>
    <property name="file.encoding.pkg" value="sun.io"/>
    <property name="java.specification.version" value="1.8"/>
    <property name="sun.cpu.isalist" value=""/>
    <property name="sun.jnu.encoding" value="UTF-8"/>
    <property name="java.class.path" value="/tmp/workdir/hadoop-ozone/integration-test/target/test-classes:/tmp/workdir/hadoop-ozone/integration-test/target/classes:/home/user/.m2/repository/org/apache/hadoop/hadoop-ozone-common/0.5.0-SNAPSHOT/hadoop-ozone-common-0.5.0-SNAPSHOT.jar:/home/user/.m2/repository/org/apache/commons/commons-compress/1.4.1/commons-compress-1.4.1.jar:/home/user/.m2/repository/org/tukaani/xz/1.0/xz-1.0.jar:/home/user/.m2/repository/org/apache/hadoop/hadoop-common/3.2.0/hadoop-common-3.2.0.jar:/home/user/.m2/repository/org/apache/hadoop/hadoop-hdfs/3.2.0/hadoop-hdfs-3.2.0.jar:/home/user/.m2/repository/org/apache/hadoop/hadoop-hdfs-client/3.2.0/hadoop-hdfs-client-3.2.0.jar:/home/user/.m2/repository/com/fasterxml/jackson/core/jackson-annotations/2.9.5/jackson-annotations-2.9.5.jar:/home/user/.m2/repository/org/apache/hadoop/hadoop-hdds-common/0.5.0-SNAPSHOT/hadoop-hdds-common-0.5.0-SNAPSHOT.jar:/home/user/.m2/repository/javax/annotation/javax.annotation-api/1.2/javax.annotation-api-1.2.jar:/home/user/.m2/repository/org/apache/ratis/ratis-server/0.4.0-2337318-SNAPSHOT/ratis-server-0.4.0-2337318-SNAPSHOT.jar:/home/user/.m2/repository/org/apache/ratis/ratis-thirdparty-misc/0.2.0/ratis-thirdparty-misc-0.2.0.jar:/home/user/.m2/repository/org/apache/ratis/ratis-proto/0.4.0-2337318-SNAPSHOT/ratis-proto-0.4.0-2337318-SNAPSHOT.jar:/home/user/.m2/repository/org/apache/ratis/ratis-common/0.4.0-2337318-SNAPSHOT/ratis-common-0.4.0-2337318-SNAPSHOT.jar:/home/user/.m2/repository/org/apache/ratis/ratis-client/0.4.0-2337318-SNAPSHOT/ratis-client-0.4.0-2337318-SNAPSHOT.jar:/home/user/.m2/repository/org/apache/ratis/ratis-metrics/0.4.0-2337318-SNAPSHOT/ratis-metrics-0.4.0-2337318-SNAPSHOT.jar:/home/user/.m2/repository/org/apache/ratis/ratis-netty/0.4.0-2337318-SNAPSHOT/ratis-netty-0.4.0-2337318-SNAPSHOT.jar:/home/user/.m2/repository/org/apache/ratis/ratis-grpc/0.4.0-2337318-SNAPSHOT/ratis-grpc-0.4.0-2337318-SNAPSHOT.jar:/home/user/.m2/repository/org/rocksdb/rocksdbjni/6.0.1/rocksdbjni-6.0.1.jar:/home/user/.m2/repository/org/apache/logging/log4j/log4j-api/2.11.0/log4j-api-2.11.0.jar:/home/user/.m2/repository/org/apache/logging/log4j/log4j-core/2.11.0/log4j-core-2.11.0.jar:/home/user/.m2/repository/com/lmax/disruptor/3.4.2/disruptor-3.4.2.jar:/home/user/.m2/repository/org/apache/commons/commons-pool2/2.6.0/commons-pool2-2.6.0.jar:/home/user/.m2/repository/org/bouncycastle/bcpkix-jdk15on/1.60/bcpkix-jdk15on-1.60.jar:/home/user/.m2/repository/commons-validator/commons-validator/1.6/commons-validator-1.6.jar:/home/user/.m2/repository/commons-digester/commons-digester/1.8.1/commons-digester-1.8.1.jar:/home/user/.m2/repository/io/jaegertracing/jaeger-client/0.33.1/jaeger-client-0.33.1.jar:/home/user/.m2/repository/io/jaegertracing/jaeger-thrift/0.33.1/jaeger-thrift-0.33.1.jar:/home/user/.m2/repository/org/apache/thrift/libthrift/0.11.0/libthrift-0.11.0.jar:/home/user/.m2/repository/com/squareup/okhttp3/okhttp/3.9.0/okhttp-3.9.0.jar:/home/user/.m2/repository/com/squareup/okio/okio/1.13.0/okio-1.13.0.jar:/home/user/.m2/repository/io/jaegertracing/jaeger-core/0.33.1/jaeger-core-0.33.1.jar:/home/user/.m2/repository/io/jaegertracing/jaeger-tracerresolver/0.33.1/jaeger-tracerresolver-0.33.1.jar:/home/user/.m2/repository/io/opentracing/contrib/opentracing-tracerresolver/0.1.5/opentracing-tracerresolver-0.1.5.jar:/home/user/.m2/repository/io/opentracing/opentracing-util/0.31.0/opentracing-util-0.31.0.jar:/home/user/.m2/repository/io/opentracing/opentracing-api/0.31.0/opentracing-api-0.31.0.jar:/home/user/.m2/repository/io/opentracing/opentracing-noop/0.31.0/opentracing-noop-0.31.0.jar:/home/user/.m2/repository/org/apache/hadoop/hadoop-hdds-server-framework/0.5.0-SNAPSHOT/hadoop-hdds-server-framework-0.5.0-SNAPSHOT.jar:/home/user/.m2/repository/org/apache/hadoop/hadoop-hdds-container-service/0.5.0-SNAPSHOT/hadoop-hdds-container-service-0.5.0-SNAPSHOT.jar:/home/user/.m2/repository/org/apache/hadoop/hadoop-hdds-client/0.5.0-SNAPSHOT/hadoop-hdds-client-0.5.0-SNAPSHOT.jar:/home/user/.m2/repository/org/apache/hadoop/hadoop-hdds-tools/0.5.0-SNAPSHOT/hadoop-hdds-tools-0.5.0-SNAPSHOT.jar:/home/user/.m2/repository/org/apache/hadoop/hadoop-hdds-server-scm/0.5.0-SNAPSHOT/hadoop-hdds-server-scm-0.5.0-SNAPSHOT.jar:/home/user/.m2/repository/org/apache/hadoop/hadoop-hdds-docs/0.5.0-SNAPSHOT/hadoop-hdds-docs-0.5.0-SNAPSHOT.jar:/home/user/.m2/repository/io/dropwizard/metrics/metrics-core/3.2.4/metrics-core-3.2.4.jar:/home/user/.m2/repository/org/hamcrest/hamcrest-all/1.3/hamcrest-all-1.3.jar:/home/user/.m2/repository/org/bouncycastle/bcprov-jdk15on/1.60/bcprov-jdk15on-1.60.jar:/home/user/.m2/repository/info/picocli/picocli/3.9.6/picocli-3.9.6.jar:/home/user/.m2/repository/com/google/protobuf/protobuf-java/2.5.0/protobuf-java-2.5.0.jar:/home/user/.m2/repository/com/google/guava/guava/11.0.2/guava-11.0.2.jar:/home/user/.m2/repository/org/apache/hadoop/hadoop-ozone-ozone-manager/0.5.0-SNAPSHOT/hadoop-ozone-ozone-manager-0.5.0-SNAPSHOT.jar:/home/user/.m2/repository/org/apache/hadoop/hadoop-minikdc/3.2.0/hadoop-minikdc-3.2.0.jar:/home/user/.m2/repository/commons-io/commons-io/2.5/commons-io-2.5.jar:/home/user/.m2/repository/org/apache/kerby/kerb-simplekdc/1.0.1/kerb-simplekdc-1.0.1.jar:/home/user/.m2/repository/org/apache/kerby/kerb-client/1.0.1/kerb-client-1.0.1.jar:/home/user/.m2/repository/org/apache/kerby/kerby-config/1.0.1/kerby-config-1.0.1.jar:/home/user/.m2/repository/org/apache/kerby/kerb-core/1.0.1/kerb-core-1.0.1.jar:/home/user/.m2/repository/org/apache/kerby/kerby-pkix/1.0.1/kerby-pkix-1.0.1.jar:/home/user/.m2/repository/org/apache/kerby/kerby-asn1/1.0.1/kerby-asn1-1.0.1.jar:/home/user/.m2/repository/org/apache/kerby/kerby-util/1.0.1/kerby-util-1.0.1.jar:/home/user/.m2/repository/org/apache/kerby/kerb-common/1.0.1/kerb-common-1.0.1.jar:/home/user/.m2/repository/org/apache/kerby/kerb-crypto/1.0.1/kerb-crypto-1.0.1.jar:/home/user/.m2/repository/org/apache/kerby/kerb-util/1.0.1/kerb-util-1.0.1.jar:/home/user/.m2/repository/org/apache/kerby/token-provider/1.0.1/token-provider-1.0.1.jar:/home/user/.m2/repository/org/apache/kerby/kerb-admin/1.0.1/kerb-admin-1.0.1.jar:/home/user/.m2/repository/org/apache/kerby/kerb-server/1.0.1/kerb-server-1.0.1.jar:/home/user/.m2/repository/org/apache/kerby/kerb-identity/1.0.1/kerb-identity-1.0.1.jar:/home/user/.m2/repository/org/apache/kerby/kerby-xdr/1.0.1/kerby-xdr-1.0.1.jar:/home/user/.m2/repository/org/slf4j/slf4j-log4j12/1.7.25/slf4j-log4j12-1.7.25.jar:/home/user/.m2/repository/org/apache/hadoop/hadoop-ozone-objectstore-service/0.5.0-SNAPSHOT/hadoop-ozone-objectstore-service-0.5.0-SNAPSHOT.jar:/home/user/.m2/repository/org/apache/hadoop/hadoop-ozone-s3gateway/0.5.0-SNAPSHOT/hadoop-ozone-s3gateway-0.5.0-SNAPSHOT.jar:/home/user/.m2/repository/org/jboss/weld/servlet/weld-servlet/2.4.7.Final/weld-servlet-2.4.7.Final.jar:/home/user/.m2/repository/org/glassfish/jersey/containers/jersey-container-servlet-core/2.27/jersey-container-servlet-core-2.27.jar:/home/user/.m2/repository/org/glassfish/hk2/external/javax.inject/2.5.0-b42/javax.inject-2.5.0-b42.jar:/home/user/.m2/repository/org/glassfish/jersey/core/jersey-common/2.27/jersey-common-2.27.jar:/home/user/.m2/repository/org/glassfish/hk2/osgi-resource-locator/1.0.1/osgi-resource-locator-1.0.1.jar:/home/user/.m2/repository/javax/ws/rs/javax.ws.rs-api/2.1/javax.ws.rs-api-2.1.jar:/home/user/.m2/repository/org/glassfish/jersey/ext/cdi/jersey-cdi1x/2.27/jersey-cdi1x-2.27.jar:/home/user/.m2/repository/org/glassfish/jersey/inject/jersey-hk2/2.27/jersey-hk2-2.27.jar:/home/user/.m2/repository/org/glassfish/hk2/hk2-locator/2.5.0-b42/hk2-locator-2.5.0-b42.jar:/home/user/.m2/repository/org/javassist/javassist/3.22.0-CR2/javassist-3.22.0-CR2.jar:/home/user/.m2/repository/org/glassfish/hk2/hk2-api/2.5.0/hk2-api-2.5.0.jar:/home/user/.m2/repository/org/glassfish/hk2/external/jakarta.inject/2.5.0/jakarta.inject-2.5.0.jar:/home/user/.m2/repository/org/glassfish/hk2/hk2-utils/2.5.0/hk2-utils-2.5.0.jar:/home/user/.m2/repository/jakarta/annotation/jakarta.annotation-api/1.3.4/jakarta.annotation-api-1.3.4.jar:/home/user/.m2/repository/org/glassfish/hk2/external/aopalliance-repackaged/2.5.0/aopalliance-repackaged-2.5.0.jar:/home/user/.m2/repository/com/fasterxml/jackson/dataformat/jackson-dataformat-xml/2.9.0/jackson-dataformat-xml-2.9.0.jar:/home/user/.m2/repository/com/fasterxml/jackson/core/jackson-core/2.9.5/jackson-core-2.9.5.jar:/home/user/.m2/repository/com/fasterxml/jackson/module/jackson-module-jaxb-annotations/2.9.5/jackson-module-jaxb-annotations-2.9.5.jar:/home/user/.m2/repository/javax/enterprise/cdi-api/1.2/cdi-api-1.2.jar:/home/user/.m2/repository/javax/el/javax.el-api/3.0.0/javax.el-api-3.0.0.jar:/home/user/.m2/repository/javax/interceptor/javax.interceptor-api/1.2/javax.interceptor-api-1.2.jar:/home/user/.m2/repository/javax/inject/javax.inject/1/javax.inject-1.jar:/home/user/.m2/repository/com/sun/xml/bind/jaxb-impl/2.3.0.1/jaxb-impl-2.3.0.1.jar:/home/user/.m2/repository/com/sun/xml/bind/jaxb-core/2.3.0.1/jaxb-core-2.3.0.1.jar:/home/user/.m2/repository/javax/xml/bind/jaxb-api/2.3.0/jaxb-api-2.3.0.jar:/home/user/.m2/repository/javax/activation/activation/1.1.1/activation-1.1.1.jar:/home/user/.m2/repository/org/apache/hadoop/hadoop-ozone-csi/0.5.0-SNAPSHOT/hadoop-ozone-csi-0.5.0-SNAPSHOT.jar:/home/user/.m2/repository/com/google/protobuf/protobuf-java-util/3.5.1/protobuf-java-util-3.5.1.jar:/home/user/.m2/repository/org/apache/hadoop/hadoop-hdds-config/0.5.0-SNAPSHOT/hadoop-hdds-config-0.5.0-SNAPSHOT.jar:/home/user/.m2/repository/io/grpc/grpc-netty/1.17.1/grpc-netty-1.17.1.jar:/home/user/.m2/repository/io/grpc/grpc-core/1.17.1/grpc-core-1.17.1.jar:/home/user/.m2/repository/io/grpc/grpc-context/1.17.1/grpc-context-1.17.1.jar:/home/user/.m2/repository/com/google/errorprone/error_prone_annotations/2.2.0/error_prone_annotations-2.2.0.jar:/home/user/.m2/repository/org/codehaus/mojo/animal-sniffer-annotations/1.17/animal-sniffer-annotations-1.17.jar:/home/user/.m2/repository/io/opencensus/opencensus-api/0.17.0/opencensus-api-0.17.0.jar:/home/user/.m2/repository/io/opencensus/opencensus-contrib-grpc-metrics/0.17.0/opencensus-contrib-grpc-metrics-0.17.0.jar:/home/user/.m2/repository/io/netty/netty-codec-http2/4.1.30.Final/netty-codec-http2-4.1.30.Final.jar:/home/user/.m2/repository/io/netty/netty-codec-http/4.1.30.Final/netty-codec-http-4.1.30.Final.jar:/home/user/.m2/repository/io/netty/netty-codec/4.1.30.Final/netty-codec-4.1.30.Final.jar:/home/user/.m2/repository/io/netty/netty-handler/4.1.30.Final/netty-handler-4.1.30.Final.jar:/home/user/.m2/repository/io/netty/netty-handler-proxy/4.1.30.Final/netty-handler-proxy-4.1.30.Final.jar:/home/user/.m2/repository/io/netty/netty-codec-socks/4.1.30.Final/netty-codec-socks-4.1.30.Final.jar:/home/user/.m2/repository/io/netty/netty-transport-native-epoll/4.1.30.Final/netty-transport-native-epoll-4.1.30.Final.jar:/home/user/.m2/repository/io/netty/netty-common/4.1.30.Final/netty-common-4.1.30.Final.jar:/home/user/.m2/repository/io/netty/netty-buffer/4.1.30.Final/netty-buffer-4.1.30.Final.jar:/home/user/.m2/repository/io/netty/netty-transport/4.1.30.Final/netty-transport-4.1.30.Final.jar:/home/user/.m2/repository/io/netty/netty-resolver/4.1.30.Final/netty-resolver-4.1.30.Final.jar:/home/user/.m2/repository/io/netty/netty-transport-native-unix-common/4.1.30.Final/netty-transport-native-unix-common-4.1.30.Final.jar:/home/user/.m2/repository/io/grpc/grpc-protobuf/1.17.1/grpc-protobuf-1.17.1.jar:/home/user/.m2/repository/com/google/api/grpc/proto-google-common-protos/1.0.0/proto-google-common-protos-1.0.0.jar:/home/user/.m2/repository/io/grpc/grpc-protobuf-lite/1.17.1/grpc-protobuf-lite-1.17.1.jar:/home/user/.m2/repository/io/grpc/grpc-stub/1.17.1/grpc-stub-1.17.1.jar:/home/user/.m2/repository/org/apache/hadoop/hadoop-ozone-recon/0.5.0-SNAPSHOT/hadoop-ozone-recon-0.5.0-SNAPSHOT.jar:/home/user/.m2/repository/org/apache/hadoop/hadoop-ozone-reconcodegen/0.5.0-SNAPSHOT/hadoop-ozone-reconcodegen-0.5.0-SNAPSHOT.jar:/home/user/.m2/repository/com/google/inject/extensions/guice-multibindings/4.0/guice-multibindings-4.0.jar:/home/user/.m2/repository/com/google/inject/guice/4.0/guice-4.0.jar:/home/user/.m2/repository/aopalliance/aopalliance/1.0/aopalliance-1.0.jar:/home/user/.m2/repository/com/google/inject/extensions/guice-servlet/4.0/guice-servlet-4.0.jar:/home/user/.m2/repository/org/glassfish/jersey/containers/jersey-container-servlet/2.27/jersey-container-servlet-2.27.jar:/home/user/.m2/repository/org/glassfish/hk2/guice-bridge/2.5.0/guice-bridge-2.5.0.jar:/home/user/.m2/repository/org/glassfish/jersey/core/jersey-server/2.27/jersey-server-2.27.jar:/home/user/.m2/repository/org/glassfish/jersey/core/jersey-client/2.27/jersey-client-2.27.jar:/home/user/.m2/repository/org/glassfish/jersey/media/jersey-media-jaxb/2.27/jersey-media-jaxb-2.27.jar:/home/user/.m2/repository/javax/validation/validation-api/1.1.0.Final/validation-api-1.1.0.Final.jar:/home/user/.m2/repository/org/glassfish/jersey/media/jersey-media-json-jackson/2.27/jersey-media-json-jackson-2.27.jar:/home/user/.m2/repository/org/glassfish/jersey/ext/jersey-entity-filtering/2.27/jersey-entity-filtering-2.27.jar:/home/user/.m2/repository/com/google/inject/extensions/guice-assistedinject/4.0/guice-assistedinject-4.0.jar:/home/user/.m2/repository/org/jooq/jooq/3.11.10/jooq-3.11.10.jar:/home/user/.m2/repository/org/jooq/jooq-meta/3.11.10/jooq-meta-3.11.10.jar:/home/user/.m2/repository/org/jooq/jooq-codegen/3.11.10/jooq-codegen-3.11.10.jar:/home/user/.m2/repository/com/jolbox/bonecp/0.8.0.RELEASE/bonecp-0.8.0.RELEASE.jar:/home/user/.m2/repository/org/xerial/sqlite-jdbc/3.25.2/sqlite-jdbc-3.25.2.jar:/home/user/.m2/repository/org/springframework/spring-jdbc/5.1.3.RELEASE/spring-jdbc-5.1.3.RELEASE.jar:/home/user/.m2/repository/org/springframework/spring-beans/5.1.3.RELEASE/spring-beans-5.1.3.RELEASE.jar:/home/user/.m2/repository/org/springframework/spring-core/5.1.3.RELEASE/spring-core-5.1.3.RELEASE.jar:/home/user/.m2/repository/org/springframework/spring-jcl/5.1.3.RELEASE/spring-jcl-5.1.3.RELEASE.jar:/home/user/.m2/repository/org/springframework/spring-tx/5.1.3.RELEASE/spring-tx-5.1.3.RELEASE.jar:/home/user/.m2/repository/org/apache/hadoop/hadoop-ozone-client/0.5.0-SNAPSHOT/hadoop-ozone-client-0.5.0-SNAPSHOT.jar:/home/user/.m2/repository/commons-lang/commons-lang/2.6/commons-lang-2.6.jar:/home/user/.m2/repository/org/apache/hadoop/hadoop-ozone-ozone-manager/0.5.0-SNAPSHOT/hadoop-ozone-ozone-manager-0.5.0-SNAPSHOT-tests.jar:/home/user/.m2/repository/junit/junit/4.11/junit-4.11.jar:/home/user/.m2/repository/org/hamcrest/hamcrest-core/1.3/hamcrest-core-1.3.jar:/home/user/.m2/repository/org/openjdk/jmh/jmh-core/1.19/jmh-core-1.19.jar:/home/user/.m2/repository/net/sf/jopt-simple/jopt-simple/4.6/jopt-simple-4.6.jar:/home/user/.m2/repository/org/apache/commons/commons-math3/3.1.1/commons-math3-3.1.1.jar:/home/user/.m2/repository/org/openjdk/jmh/jmh-generator-annprocess/1.19/jmh-generator-annprocess-1.19.jar:/home/user/.m2/repository/org/mockito/mockito-all/1.8.5/mockito-all-1.8.5.jar:/home/user/.m2/repository/org/apache/hadoop/hadoop-kms/3.2.0/hadoop-kms-3.2.0.jar:/home/user/.m2/repository/org/apache/hadoop/hadoop-auth/3.2.0/hadoop-auth-3.2.0.jar:/home/user/.m2/repository/com/nimbusds/nimbus-jose-jwt/4.41.1/nimbus-jose-jwt-4.41.1.jar:/home/user/.m2/repository/com/github/stephenc/jcip/jcip-annotations/1.0-1/jcip-annotations-1.0-1.jar:/home/user/.m2/repository/net/minidev/json-smart/2.3/json-smart-2.3.jar:/home/user/.m2/repository/net/minidev/accessors-smart/1.2/accessors-smart-1.2.jar:/home/user/.m2/repository/org/ow2/asm/asm/5.0.4/asm-5.0.4.jar:/home/user/.m2/repository/org/apache/curator/curator-framework/2.12.0/curator-framework-2.12.0.jar:/home/user/.m2/repository/com/sun/jersey/jersey-core/1.19/jersey-core-1.19.jar:/home/user/.m2/repository/javax/ws/rs/jsr311-api/1.1.1/jsr311-api-1.1.1.jar:/home/user/.m2/repository/com/sun/jersey/jersey-server/1.19/jersey-server-1.19.jar:/home/user/.m2/repository/javax/servlet/javax.servlet-api/3.1.0/javax.servlet-api-3.1.0.jar:/home/user/.m2/repository/org/eclipse/jetty/jetty-server/9.3.24.v20180605/jetty-server-9.3.24.v20180605.jar:/home/user/.m2/repository/org/eclipse/jetty/jetty-http/9.3.24.v20180605/jetty-http-9.3.24.v20180605.jar:/home/user/.m2/repository/org/eclipse/jetty/jetty-io/9.3.24.v20180605/jetty-io-9.3.24.v20180605.jar:/home/user/.m2/repository/org/eclipse/jetty/jetty-webapp/9.3.24.v20180605/jetty-webapp-9.3.24.v20180605.jar:/home/user/.m2/repository/org/eclipse/jetty/jetty-xml/9.3.24.v20180605/jetty-xml-9.3.24.v20180605.jar:/home/user/.m2/repository/log4j/log4j/1.2.17/log4j-1.2.17.jar:/home/user/.m2/repository/org/slf4j/slf4j-api/1.7.25/slf4j-api-1.7.25.jar:/home/user/.m2/repository/org/slf4j/jul-to-slf4j/1.7.25/jul-to-slf4j-1.7.25.jar:/home/user/.m2/repository/org/eclipse/jetty/jetty-util/9.3.24.v20180605/jetty-util-9.3.24.v20180605.jar:/home/user/.m2/repository/com/fasterxml/jackson/core/jackson-databind/2.9.5/jackson-databind-2.9.5.jar:/home/user/.m2/repository/org/apache/hadoop/hadoop-kms/3.2.0/hadoop-kms-3.2.0-tests.jar:/home/user/.m2/repository/org/apache/hadoop/hadoop-hdds-server-scm/0.5.0-SNAPSHOT/hadoop-hdds-server-scm-0.5.0-SNAPSHOT-tests.jar:/home/user/.m2/repository/org/apache/hadoop/hadoop-hdds-container-service/0.5.0-SNAPSHOT/hadoop-hdds-container-service-0.5.0-SNAPSHOT-tests.jar:/home/user/.m2/repository/org/yaml/snakeyaml/1.16/snakeyaml-1.16.jar:/home/user/.m2/repository/org/apache/hadoop/hadoop-common/3.2.0/hadoop-common-3.2.0-tests.jar:/home/user/.m2/repository/org/apache/hadoop/hadoop-annotations/3.2.0/hadoop-annotations-3.2.0.jar:/usr/lib/jvm/java-1.8-openjdk/jre/../lib/tools.jar:/home/user/.m2/repository/commons-cli/commons-cli/1.2/commons-cli-1.2.jar:/home/user/.m2/repository/org/apache/httpcomponents/httpclient/4.5.2/httpclient-4.5.2.jar:/home/user/.m2/repository/org/apache/httpcomponents/httpcore/4.4.4/httpcore-4.4.4.jar:/home/user/.m2/repository/commons-codec/commons-codec/1.11/commons-codec-1.11.jar:/home/user/.m2/repository/commons-net/commons-net/3.6/commons-net-3.6.jar:/home/user/.m2/repository/commons-collections/commons-collections/3.2.2/commons-collections-3.2.2.jar:/home/user/.m2/repository/org/eclipse/jetty/jetty-servlet/9.3.24.v20180605/jetty-servlet-9.3.24.v20180605.jar:/home/user/.m2/repository/org/eclipse/jetty/jetty-security/9.3.24.v20180605/jetty-security-9.3.24.v20180605.jar:/home/user/.m2/repository/javax/servlet/jsp/jsp-api/2.1/jsp-api-2.1.jar:/home/user/.m2/repository/com/sun/jersey/jersey-servlet/1.19/jersey-servlet-1.19.jar:/home/user/.m2/repository/com/sun/jersey/jersey-json/1.19/jersey-json-1.19.jar:/home/user/.m2/repository/org/codehaus/jettison/jettison/1.1/jettison-1.1.jar:/home/user/.m2/repository/org/codehaus/jackson/jackson-core-asl/1.9.13/jackson-core-asl-1.9.13.jar:/home/user/.m2/repository/org/codehaus/jackson/jackson-mapper-asl/1.9.13/jackson-mapper-asl-1.9.13.jar:/home/user/.m2/repository/org/codehaus/jackson/jackson-jaxrs/1.9.13/jackson-jaxrs-1.9.13.jar:/home/user/.m2/repository/org/codehaus/jackson/jackson-xc/1.9.13/jackson-xc-1.9.13.jar:/home/user/.m2/repository/commons-logging/commons-logging/1.1.3/commons-logging-1.1.3.jar:/home/user/.m2/repository/commons-beanutils/commons-beanutils/1.9.3/commons-beanutils-1.9.3.jar:/home/user/.m2/repository/org/apache/commons/commons-configuration2/2.1.1/commons-configuration2-2.1.1.jar:/home/user/.m2/repository/org/apache/commons/commons-lang3/3.7/commons-lang3-3.7.jar:/home/user/.m2/repository/org/apache/commons/commons-text/1.4/commons-text-1.4.jar:/home/user/.m2/repository/org/apache/avro/avro/1.7.7/avro-1.7.7.jar:/home/user/.m2/repository/com/thoughtworks/paranamer/paranamer/2.3/paranamer-2.3.jar:/home/user/.m2/repository/org/xerial/snappy/snappy-java/1.0.5/snappy-java-1.0.5.jar:/home/user/.m2/repository/com/google/re2j/re2j/1.1/re2j-1.1.jar:/home/user/.m2/repository/com/google/code/gson/gson/2.2.4/gson-2.2.4.jar:/home/user/.m2/repository/com/jcraft/jsch/0.1.54/jsch-0.1.54.jar:/home/user/.m2/repository/org/apache/curator/curator-client/2.12.0/curator-client-2.12.0.jar:/home/user/.m2/repository/org/apache/curator/curator-recipes/2.12.0/curator-recipes-2.12.0.jar:/home/user/.m2/repository/com/google/code/findbugs/jsr305/3.0.0/jsr305-3.0.0.jar:/home/user/.m2/repository/org/apache/htrace/htrace-core4/4.1.0-incubating/htrace-core4-4.1.0-incubating.jar:/home/user/.m2/repository/org/apache/zookeeper/zookeeper/3.4.13/zookeeper-3.4.13.jar:/home/user/.m2/repository/org/apache/yetus/audience-annotations/0.5.0/audience-annotations-0.5.0.jar:/home/user/.m2/repository/org/codehaus/woodstox/stax2-api/3.1.4/stax2-api-3.1.4.jar:/home/user/.m2/repository/com/fasterxml/woodstox/woodstox-core/5.0.3/woodstox-core-5.0.3.jar:/home/user/.m2/repository/dnsjava/dnsjava/2.1.7/dnsjava-2.1.7.jar:/home/user/.m2/repository/org/apache/hadoop/hadoop-hdfs/3.2.0/hadoop-hdfs-3.2.0-tests.jar:/home/user/.m2/repository/org/eclipse/jetty/jetty-util-ajax/9.3.24.v20180605/jetty-util-ajax-9.3.24.v20180605.jar:/home/user/.m2/repository/commons-daemon/commons-daemon/1.0.13/commons-daemon-1.0.13.jar:/home/user/.m2/repository/io/netty/netty/3.10.5.Final/netty-3.10.5.Final.jar:/home/user/.m2/repository/io/netty/netty-all/4.0.52.Final/netty-all-4.0.52.Final.jar:/home/user/.m2/repository/org/fusesource/leveldbjni/leveldbjni-all/1.8/leveldbjni-all-1.8.jar:"/>
    <property name="java.vm.vendor" value="IcedTea"/>
    <property name="sun.arch.data.model" value="64"/>
    <property name="test.build.dir" value="/tmp/workdir/hadoop-ozone/integration-test/target/test-dir"/>
    <property name="test.cache.data" value=""/>
    <property name="java.vendor.url" value="https://icedtea.classpath.org"/>
    <property name="user.timezone" value=""/>
    <property name="java.vm.specification.version" value="1.8"/>
    <property name="os.name" value="Linux"/>
    <property name="test.build.data" value="/tmp/workdir/hadoop-ozone/integration-test/target/test-dir"/>
    <property name="user.country" value="US"/>
    <property name="sun.java.launcher" value="SUN_STANDARD"/>
    <property name="sun.boot.library.path" value="/usr/lib/jvm/java-1.8-openjdk/jre/lib/amd64"/>
    <property name="sun.java.command" value="/tmp/workdir/hadoop-ozone/integration-test/target/surefire/surefirebooter6376438662325074363.jar /tmp/workdir/hadoop-ozone/integration-test/target/surefire 2019-07-13T14-10-07_840-jvmRun1 surefire5818938854668609061tmp surefire_356915959107758229728tmp"/>
    <property name="surefire.test.class.path" value="/tmp/workdir/hadoop-ozone/integration-test/target/test-classes:/tmp/workdir/hadoop-ozone/integration-test/target/classes:/home/user/.m2/repository/org/apache/hadoop/hadoop-ozone-common/0.5.0-SNAPSHOT/hadoop-ozone-common-0.5.0-SNAPSHOT.jar:/home/user/.m2/repository/org/apache/commons/commons-compress/1.4.1/commons-compress-1.4.1.jar:/home/user/.m2/repository/org/tukaani/xz/1.0/xz-1.0.jar:/home/user/.m2/repository/org/apache/hadoop/hadoop-common/3.2.0/hadoop-common-3.2.0.jar:/home/user/.m2/repository/org/apache/hadoop/hadoop-hdfs/3.2.0/hadoop-hdfs-3.2.0.jar:/home/user/.m2/repository/org/apache/hadoop/hadoop-hdfs-client/3.2.0/hadoop-hdfs-client-3.2.0.jar:/home/user/.m2/repository/com/fasterxml/jackson/core/jackson-annotations/2.9.5/jackson-annotations-2.9.5.jar:/home/user/.m2/repository/org/apache/hadoop/hadoop-hdds-common/0.5.0-SNAPSHOT/hadoop-hdds-common-0.5.0-SNAPSHOT.jar:/home/user/.m2/repository/javax/annotation/javax.annotation-api/1.2/javax.annotation-api-1.2.jar:/home/user/.m2/repository/org/apache/ratis/ratis-server/0.4.0-2337318-SNAPSHOT/ratis-server-0.4.0-2337318-SNAPSHOT.jar:/home/user/.m2/repository/org/apache/ratis/ratis-thirdparty-misc/0.2.0/ratis-thirdparty-misc-0.2.0.jar:/home/user/.m2/repository/org/apache/ratis/ratis-proto/0.4.0-2337318-SNAPSHOT/ratis-proto-0.4.0-2337318-SNAPSHOT.jar:/home/user/.m2/repository/org/apache/ratis/ratis-common/0.4.0-2337318-SNAPSHOT/ratis-common-0.4.0-2337318-SNAPSHOT.jar:/home/user/.m2/repository/org/apache/ratis/ratis-client/0.4.0-2337318-SNAPSHOT/ratis-client-0.4.0-2337318-SNAPSHOT.jar:/home/user/.m2/repository/org/apache/ratis/ratis-metrics/0.4.0-2337318-SNAPSHOT/ratis-metrics-0.4.0-2337318-SNAPSHOT.jar:/home/user/.m2/repository/org/apache/ratis/ratis-netty/0.4.0-2337318-SNAPSHOT/ratis-netty-0.4.0-2337318-SNAPSHOT.jar:/home/user/.m2/repository/org/apache/ratis/ratis-grpc/0.4.0-2337318-SNAPSHOT/ratis-grpc-0.4.0-2337318-SNAPSHOT.jar:/home/user/.m2/repository/org/rocksdb/rocksdbjni/6.0.1/rocksdbjni-6.0.1.jar:/home/user/.m2/repository/org/apache/logging/log4j/log4j-api/2.11.0/log4j-api-2.11.0.jar:/home/user/.m2/repository/org/apache/logging/log4j/log4j-core/2.11.0/log4j-core-2.11.0.jar:/home/user/.m2/repository/com/lmax/disruptor/3.4.2/disruptor-3.4.2.jar:/home/user/.m2/repository/org/apache/commons/commons-pool2/2.6.0/commons-pool2-2.6.0.jar:/home/user/.m2/repository/org/bouncycastle/bcpkix-jdk15on/1.60/bcpkix-jdk15on-1.60.jar:/home/user/.m2/repository/commons-validator/commons-validator/1.6/commons-validator-1.6.jar:/home/user/.m2/repository/commons-digester/commons-digester/1.8.1/commons-digester-1.8.1.jar:/home/user/.m2/repository/io/jaegertracing/jaeger-client/0.33.1/jaeger-client-0.33.1.jar:/home/user/.m2/repository/io/jaegertracing/jaeger-thrift/0.33.1/jaeger-thrift-0.33.1.jar:/home/user/.m2/repository/org/apache/thrift/libthrift/0.11.0/libthrift-0.11.0.jar:/home/user/.m2/repository/com/squareup/okhttp3/okhttp/3.9.0/okhttp-3.9.0.jar:/home/user/.m2/repository/com/squareup/okio/okio/1.13.0/okio-1.13.0.jar:/home/user/.m2/repository/io/jaegertracing/jaeger-core/0.33.1/jaeger-core-0.33.1.jar:/home/user/.m2/repository/io/jaegertracing/jaeger-tracerresolver/0.33.1/jaeger-tracerresolver-0.33.1.jar:/home/user/.m2/repository/io/opentracing/contrib/opentracing-tracerresolver/0.1.5/opentracing-tracerresolver-0.1.5.jar:/home/user/.m2/repository/io/opentracing/opentracing-util/0.31.0/opentracing-util-0.31.0.jar:/home/user/.m2/repository/io/opentracing/opentracing-api/0.31.0/opentracing-api-0.31.0.jar:/home/user/.m2/repository/io/opentracing/opentracing-noop/0.31.0/opentracing-noop-0.31.0.jar:/home/user/.m2/repository/org/apache/hadoop/hadoop-hdds-server-framework/0.5.0-SNAPSHOT/hadoop-hdds-server-framework-0.5.0-SNAPSHOT.jar:/home/user/.m2/repository/org/apache/hadoop/hadoop-hdds-container-service/0.5.0-SNAPSHOT/hadoop-hdds-container-service-0.5.0-SNAPSHOT.jar:/home/user/.m2/repository/org/apache/hadoop/hadoop-hdds-client/0.5.0-SNAPSHOT/hadoop-hdds-client-0.5.0-SNAPSHOT.jar:/home/user/.m2/repository/org/apache/hadoop/hadoop-hdds-tools/0.5.0-SNAPSHOT/hadoop-hdds-tools-0.5.0-SNAPSHOT.jar:/home/user/.m2/repository/org/apache/hadoop/hadoop-hdds-server-scm/0.5.0-SNAPSHOT/hadoop-hdds-server-scm-0.5.0-SNAPSHOT.jar:/home/user/.m2/repository/org/apache/hadoop/hadoop-hdds-docs/0.5.0-SNAPSHOT/hadoop-hdds-docs-0.5.0-SNAPSHOT.jar:/home/user/.m2/repository/io/dropwizard/metrics/metrics-core/3.2.4/metrics-core-3.2.4.jar:/home/user/.m2/repository/org/hamcrest/hamcrest-all/1.3/hamcrest-all-1.3.jar:/home/user/.m2/repository/org/bouncycastle/bcprov-jdk15on/1.60/bcprov-jdk15on-1.60.jar:/home/user/.m2/repository/info/picocli/picocli/3.9.6/picocli-3.9.6.jar:/home/user/.m2/repository/com/google/protobuf/protobuf-java/2.5.0/protobuf-java-2.5.0.jar:/home/user/.m2/repository/com/google/guava/guava/11.0.2/guava-11.0.2.jar:/home/user/.m2/repository/org/apache/hadoop/hadoop-ozone-ozone-manager/0.5.0-SNAPSHOT/hadoop-ozone-ozone-manager-0.5.0-SNAPSHOT.jar:/home/user/.m2/repository/org/apache/hadoop/hadoop-minikdc/3.2.0/hadoop-minikdc-3.2.0.jar:/home/user/.m2/repository/commons-io/commons-io/2.5/commons-io-2.5.jar:/home/user/.m2/repository/org/apache/kerby/kerb-simplekdc/1.0.1/kerb-simplekdc-1.0.1.jar:/home/user/.m2/repository/org/apache/kerby/kerb-client/1.0.1/kerb-client-1.0.1.jar:/home/user/.m2/repository/org/apache/kerby/kerby-config/1.0.1/kerby-config-1.0.1.jar:/home/user/.m2/repository/org/apache/kerby/kerb-core/1.0.1/kerb-core-1.0.1.jar:/home/user/.m2/repository/org/apache/kerby/kerby-pkix/1.0.1/kerby-pkix-1.0.1.jar:/home/user/.m2/repository/org/apache/kerby/kerby-asn1/1.0.1/kerby-asn1-1.0.1.jar:/home/user/.m2/repository/org/apache/kerby/kerby-util/1.0.1/kerby-util-1.0.1.jar:/home/user/.m2/repository/org/apache/kerby/kerb-common/1.0.1/kerb-common-1.0.1.jar:/home/user/.m2/repository/org/apache/kerby/kerb-crypto/1.0.1/kerb-crypto-1.0.1.jar:/home/user/.m2/repository/org/apache/kerby/kerb-util/1.0.1/kerb-util-1.0.1.jar:/home/user/.m2/repository/org/apache/kerby/token-provider/1.0.1/token-provider-1.0.1.jar:/home/user/.m2/repository/org/apache/kerby/kerb-admin/1.0.1/kerb-admin-1.0.1.jar:/home/user/.m2/repository/org/apache/kerby/kerb-server/1.0.1/kerb-server-1.0.1.jar:/home/user/.m2/repository/org/apache/kerby/kerb-identity/1.0.1/kerb-identity-1.0.1.jar:/home/user/.m2/repository/org/apache/kerby/kerby-xdr/1.0.1/kerby-xdr-1.0.1.jar:/home/user/.m2/repository/org/slf4j/slf4j-log4j12/1.7.25/slf4j-log4j12-1.7.25.jar:/home/user/.m2/repository/org/apache/hadoop/hadoop-ozone-objectstore-service/0.5.0-SNAPSHOT/hadoop-ozone-objectstore-service-0.5.0-SNAPSHOT.jar:/home/user/.m2/repository/org/apache/hadoop/hadoop-ozone-s3gateway/0.5.0-SNAPSHOT/hadoop-ozone-s3gateway-0.5.0-SNAPSHOT.jar:/home/user/.m2/repository/org/jboss/weld/servlet/weld-servlet/2.4.7.Final/weld-servlet-2.4.7.Final.jar:/home/user/.m2/repository/org/glassfish/jersey/containers/jersey-container-servlet-core/2.27/jersey-container-servlet-core-2.27.jar:/home/user/.m2/repository/org/glassfish/hk2/external/javax.inject/2.5.0-b42/javax.inject-2.5.0-b42.jar:/home/user/.m2/repository/org/glassfish/jersey/core/jersey-common/2.27/jersey-common-2.27.jar:/home/user/.m2/repository/org/glassfish/hk2/osgi-resource-locator/1.0.1/osgi-resource-locator-1.0.1.jar:/home/user/.m2/repository/javax/ws/rs/javax.ws.rs-api/2.1/javax.ws.rs-api-2.1.jar:/home/user/.m2/repository/org/glassfish/jersey/ext/cdi/jersey-cdi1x/2.27/jersey-cdi1x-2.27.jar:/home/user/.m2/repository/org/glassfish/jersey/inject/jersey-hk2/2.27/jersey-hk2-2.27.jar:/home/user/.m2/repository/org/glassfish/hk2/hk2-locator/2.5.0-b42/hk2-locator-2.5.0-b42.jar:/home/user/.m2/repository/org/javassist/javassist/3.22.0-CR2/javassist-3.22.0-CR2.jar:/home/user/.m2/repository/org/glassfish/hk2/hk2-api/2.5.0/hk2-api-2.5.0.jar:/home/user/.m2/repository/org/glassfish/hk2/external/jakarta.inject/2.5.0/jakarta.inject-2.5.0.jar:/home/user/.m2/repository/org/glassfish/hk2/hk2-utils/2.5.0/hk2-utils-2.5.0.jar:/home/user/.m2/repository/jakarta/annotation/jakarta.annotation-api/1.3.4/jakarta.annotation-api-1.3.4.jar:/home/user/.m2/repository/org/glassfish/hk2/external/aopalliance-repackaged/2.5.0/aopalliance-repackaged-2.5.0.jar:/home/user/.m2/repository/com/fasterxml/jackson/dataformat/jackson-dataformat-xml/2.9.0/jackson-dataformat-xml-2.9.0.jar:/home/user/.m2/repository/com/fasterxml/jackson/core/jackson-core/2.9.5/jackson-core-2.9.5.jar:/home/user/.m2/repository/com/fasterxml/jackson/module/jackson-module-jaxb-annotations/2.9.5/jackson-module-jaxb-annotations-2.9.5.jar:/home/user/.m2/repository/javax/enterprise/cdi-api/1.2/cdi-api-1.2.jar:/home/user/.m2/repository/javax/el/javax.el-api/3.0.0/javax.el-api-3.0.0.jar:/home/user/.m2/repository/javax/interceptor/javax.interceptor-api/1.2/javax.interceptor-api-1.2.jar:/home/user/.m2/repository/javax/inject/javax.inject/1/javax.inject-1.jar:/home/user/.m2/repository/com/sun/xml/bind/jaxb-impl/2.3.0.1/jaxb-impl-2.3.0.1.jar:/home/user/.m2/repository/com/sun/xml/bind/jaxb-core/2.3.0.1/jaxb-core-2.3.0.1.jar:/home/user/.m2/repository/javax/xml/bind/jaxb-api/2.3.0/jaxb-api-2.3.0.jar:/home/user/.m2/repository/javax/activation/activation/1.1.1/activation-1.1.1.jar:/home/user/.m2/repository/org/apache/hadoop/hadoop-ozone-csi/0.5.0-SNAPSHOT/hadoop-ozone-csi-0.5.0-SNAPSHOT.jar:/home/user/.m2/repository/com/google/protobuf/protobuf-java-util/3.5.1/protobuf-java-util-3.5.1.jar:/home/user/.m2/repository/org/apache/hadoop/hadoop-hdds-config/0.5.0-SNAPSHOT/hadoop-hdds-config-0.5.0-SNAPSHOT.jar:/home/user/.m2/repository/io/grpc/grpc-netty/1.17.1/grpc-netty-1.17.1.jar:/home/user/.m2/repository/io/grpc/grpc-core/1.17.1/grpc-core-1.17.1.jar:/home/user/.m2/repository/io/grpc/grpc-context/1.17.1/grpc-context-1.17.1.jar:/home/user/.m2/repository/com/google/errorprone/error_prone_annotations/2.2.0/error_prone_annotations-2.2.0.jar:/home/user/.m2/repository/org/codehaus/mojo/animal-sniffer-annotations/1.17/animal-sniffer-annotations-1.17.jar:/home/user/.m2/repository/io/opencensus/opencensus-api/0.17.0/opencensus-api-0.17.0.jar:/home/user/.m2/repository/io/opencensus/opencensus-contrib-grpc-metrics/0.17.0/opencensus-contrib-grpc-metrics-0.17.0.jar:/home/user/.m2/repository/io/netty/netty-codec-http2/4.1.30.Final/netty-codec-http2-4.1.30.Final.jar:/home/user/.m2/repository/io/netty/netty-codec-http/4.1.30.Final/netty-codec-http-4.1.30.Final.jar:/home/user/.m2/repository/io/netty/netty-codec/4.1.30.Final/netty-codec-4.1.30.Final.jar:/home/user/.m2/repository/io/netty/netty-handler/4.1.30.Final/netty-handler-4.1.30.Final.jar:/home/user/.m2/repository/io/netty/netty-handler-proxy/4.1.30.Final/netty-handler-proxy-4.1.30.Final.jar:/home/user/.m2/repository/io/netty/netty-codec-socks/4.1.30.Final/netty-codec-socks-4.1.30.Final.jar:/home/user/.m2/repository/io/netty/netty-transport-native-epoll/4.1.30.Final/netty-transport-native-epoll-4.1.30.Final.jar:/home/user/.m2/repository/io/netty/netty-common/4.1.30.Final/netty-common-4.1.30.Final.jar:/home/user/.m2/repository/io/netty/netty-buffer/4.1.30.Final/netty-buffer-4.1.30.Final.jar:/home/user/.m2/repository/io/netty/netty-transport/4.1.30.Final/netty-transport-4.1.30.Final.jar:/home/user/.m2/repository/io/netty/netty-resolver/4.1.30.Final/netty-resolver-4.1.30.Final.jar:/home/user/.m2/repository/io/netty/netty-transport-native-unix-common/4.1.30.Final/netty-transport-native-unix-common-4.1.30.Final.jar:/home/user/.m2/repository/io/grpc/grpc-protobuf/1.17.1/grpc-protobuf-1.17.1.jar:/home/user/.m2/repository/com/google/api/grpc/proto-google-common-protos/1.0.0/proto-google-common-protos-1.0.0.jar:/home/user/.m2/repository/io/grpc/grpc-protobuf-lite/1.17.1/grpc-protobuf-lite-1.17.1.jar:/home/user/.m2/repository/io/grpc/grpc-stub/1.17.1/grpc-stub-1.17.1.jar:/home/user/.m2/repository/org/apache/hadoop/hadoop-ozone-recon/0.5.0-SNAPSHOT/hadoop-ozone-recon-0.5.0-SNAPSHOT.jar:/home/user/.m2/repository/org/apache/hadoop/hadoop-ozone-reconcodegen/0.5.0-SNAPSHOT/hadoop-ozone-reconcodegen-0.5.0-SNAPSHOT.jar:/home/user/.m2/repository/com/google/inject/extensions/guice-multibindings/4.0/guice-multibindings-4.0.jar:/home/user/.m2/repository/com/google/inject/guice/4.0/guice-4.0.jar:/home/user/.m2/repository/aopalliance/aopalliance/1.0/aopalliance-1.0.jar:/home/user/.m2/repository/com/google/inject/extensions/guice-servlet/4.0/guice-servlet-4.0.jar:/home/user/.m2/repository/org/glassfish/jersey/containers/jersey-container-servlet/2.27/jersey-container-servlet-2.27.jar:/home/user/.m2/repository/org/glassfish/hk2/guice-bridge/2.5.0/guice-bridge-2.5.0.jar:/home/user/.m2/repository/org/glassfish/jersey/core/jersey-server/2.27/jersey-server-2.27.jar:/home/user/.m2/repository/org/glassfish/jersey/core/jersey-client/2.27/jersey-client-2.27.jar:/home/user/.m2/repository/org/glassfish/jersey/media/jersey-media-jaxb/2.27/jersey-media-jaxb-2.27.jar:/home/user/.m2/repository/javax/validation/validation-api/1.1.0.Final/validation-api-1.1.0.Final.jar:/home/user/.m2/repository/org/glassfish/jersey/media/jersey-media-json-jackson/2.27/jersey-media-json-jackson-2.27.jar:/home/user/.m2/repository/org/glassfish/jersey/ext/jersey-entity-filtering/2.27/jersey-entity-filtering-2.27.jar:/home/user/.m2/repository/com/google/inject/extensions/guice-assistedinject/4.0/guice-assistedinject-4.0.jar:/home/user/.m2/repository/org/jooq/jooq/3.11.10/jooq-3.11.10.jar:/home/user/.m2/repository/org/jooq/jooq-meta/3.11.10/jooq-meta-3.11.10.jar:/home/user/.m2/repository/org/jooq/jooq-codegen/3.11.10/jooq-codegen-3.11.10.jar:/home/user/.m2/repository/com/jolbox/bonecp/0.8.0.RELEASE/bonecp-0.8.0.RELEASE.jar:/home/user/.m2/repository/org/xerial/sqlite-jdbc/3.25.2/sqlite-jdbc-3.25.2.jar:/home/user/.m2/repository/org/springframework/spring-jdbc/5.1.3.RELEASE/spring-jdbc-5.1.3.RELEASE.jar:/home/user/.m2/repository/org/springframework/spring-beans/5.1.3.RELEASE/spring-beans-5.1.3.RELEASE.jar:/home/user/.m2/repository/org/springframework/spring-core/5.1.3.RELEASE/spring-core-5.1.3.RELEASE.jar:/home/user/.m2/repository/org/springframework/spring-jcl/5.1.3.RELEASE/spring-jcl-5.1.3.RELEASE.jar:/home/user/.m2/repository/org/springframework/spring-tx/5.1.3.RELEASE/spring-tx-5.1.3.RELEASE.jar:/home/user/.m2/repository/org/apache/hadoop/hadoop-ozone-client/0.5.0-SNAPSHOT/hadoop-ozone-client-0.5.0-SNAPSHOT.jar:/home/user/.m2/repository/commons-lang/commons-lang/2.6/commons-lang-2.6.jar:/home/user/.m2/repository/org/apache/hadoop/hadoop-ozone-ozone-manager/0.5.0-SNAPSHOT/hadoop-ozone-ozone-manager-0.5.0-SNAPSHOT-tests.jar:/home/user/.m2/repository/junit/junit/4.11/junit-4.11.jar:/home/user/.m2/repository/org/hamcrest/hamcrest-core/1.3/hamcrest-core-1.3.jar:/home/user/.m2/repository/org/openjdk/jmh/jmh-core/1.19/jmh-core-1.19.jar:/home/user/.m2/repository/net/sf/jopt-simple/jopt-simple/4.6/jopt-simple-4.6.jar:/home/user/.m2/repository/org/apache/commons/commons-math3/3.1.1/commons-math3-3.1.1.jar:/home/user/.m2/repository/org/openjdk/jmh/jmh-generator-annprocess/1.19/jmh-generator-annprocess-1.19.jar:/home/user/.m2/repository/org/mockito/mockito-all/1.8.5/mockito-all-1.8.5.jar:/home/user/.m2/repository/org/apache/hadoop/hadoop-kms/3.2.0/hadoop-kms-3.2.0.jar:/home/user/.m2/repository/org/apache/hadoop/hadoop-auth/3.2.0/hadoop-auth-3.2.0.jar:/home/user/.m2/repository/com/nimbusds/nimbus-jose-jwt/4.41.1/nimbus-jose-jwt-4.41.1.jar:/home/user/.m2/repository/com/github/stephenc/jcip/jcip-annotations/1.0-1/jcip-annotations-1.0-1.jar:/home/user/.m2/repository/net/minidev/json-smart/2.3/json-smart-2.3.jar:/home/user/.m2/repository/net/minidev/accessors-smart/1.2/accessors-smart-1.2.jar:/home/user/.m2/repository/org/ow2/asm/asm/5.0.4/asm-5.0.4.jar:/home/user/.m2/repository/org/apache/curator/curator-framework/2.12.0/curator-framework-2.12.0.jar:/home/user/.m2/repository/com/sun/jersey/jersey-core/1.19/jersey-core-1.19.jar:/home/user/.m2/repository/javax/ws/rs/jsr311-api/1.1.1/jsr311-api-1.1.1.jar:/home/user/.m2/repository/com/sun/jersey/jersey-server/1.19/jersey-server-1.19.jar:/home/user/.m2/repository/javax/servlet/javax.servlet-api/3.1.0/javax.servlet-api-3.1.0.jar:/home/user/.m2/repository/org/eclipse/jetty/jetty-server/9.3.24.v20180605/jetty-server-9.3.24.v20180605.jar:/home/user/.m2/repository/org/eclipse/jetty/jetty-http/9.3.24.v20180605/jetty-http-9.3.24.v20180605.jar:/home/user/.m2/repository/org/eclipse/jetty/jetty-io/9.3.24.v20180605/jetty-io-9.3.24.v20180605.jar:/home/user/.m2/repository/org/eclipse/jetty/jetty-webapp/9.3.24.v20180605/jetty-webapp-9.3.24.v20180605.jar:/home/user/.m2/repository/org/eclipse/jetty/jetty-xml/9.3.24.v20180605/jetty-xml-9.3.24.v20180605.jar:/home/user/.m2/repository/log4j/log4j/1.2.17/log4j-1.2.17.jar:/home/user/.m2/repository/org/slf4j/slf4j-api/1.7.25/slf4j-api-1.7.25.jar:/home/user/.m2/repository/org/slf4j/jul-to-slf4j/1.7.25/jul-to-slf4j-1.7.25.jar:/home/user/.m2/repository/org/eclipse/jetty/jetty-util/9.3.24.v20180605/jetty-util-9.3.24.v20180605.jar:/home/user/.m2/repository/com/fasterxml/jackson/core/jackson-databind/2.9.5/jackson-databind-2.9.5.jar:/home/user/.m2/repository/org/apache/hadoop/hadoop-kms/3.2.0/hadoop-kms-3.2.0-tests.jar:/home/user/.m2/repository/org/apache/hadoop/hadoop-hdds-server-scm/0.5.0-SNAPSHOT/hadoop-hdds-server-scm-0.5.0-SNAPSHOT-tests.jar:/home/user/.m2/repository/org/apache/hadoop/hadoop-hdds-container-service/0.5.0-SNAPSHOT/hadoop-hdds-container-service-0.5.0-SNAPSHOT-tests.jar:/home/user/.m2/repository/org/yaml/snakeyaml/1.16/snakeyaml-1.16.jar:/home/user/.m2/repository/org/apache/hadoop/hadoop-common/3.2.0/hadoop-common-3.2.0-tests.jar:/home/user/.m2/repository/org/apache/hadoop/hadoop-annotations/3.2.0/hadoop-annotations-3.2.0.jar:/usr/lib/jvm/java-1.8-openjdk/jre/../lib/tools.jar:/home/user/.m2/repository/commons-cli/commons-cli/1.2/commons-cli-1.2.jar:/home/user/.m2/repository/org/apache/httpcomponents/httpclient/4.5.2/httpclient-4.5.2.jar:/home/user/.m2/repository/org/apache/httpcomponents/httpcore/4.4.4/httpcore-4.4.4.jar:/home/user/.m2/repository/commons-codec/commons-codec/1.11/commons-codec-1.11.jar:/home/user/.m2/repository/commons-net/commons-net/3.6/commons-net-3.6.jar:/home/user/.m2/repository/commons-collections/commons-collections/3.2.2/commons-collections-3.2.2.jar:/home/user/.m2/repository/org/eclipse/jetty/jetty-servlet/9.3.24.v20180605/jetty-servlet-9.3.24.v20180605.jar:/home/user/.m2/repository/org/eclipse/jetty/jetty-security/9.3.24.v20180605/jetty-security-9.3.24.v20180605.jar:/home/user/.m2/repository/javax/servlet/jsp/jsp-api/2.1/jsp-api-2.1.jar:/home/user/.m2/repository/com/sun/jersey/jersey-servlet/1.19/jersey-servlet-1.19.jar:/home/user/.m2/repository/com/sun/jersey/jersey-json/1.19/jersey-json-1.19.jar:/home/user/.m2/repository/org/codehaus/jettison/jettison/1.1/jettison-1.1.jar:/home/user/.m2/repository/org/codehaus/jackson/jackson-core-asl/1.9.13/jackson-core-asl-1.9.13.jar:/home/user/.m2/repository/org/codehaus/jackson/jackson-mapper-asl/1.9.13/jackson-mapper-asl-1.9.13.jar:/home/user/.m2/repository/org/codehaus/jackson/jackson-jaxrs/1.9.13/jackson-jaxrs-1.9.13.jar:/home/user/.m2/repository/org/codehaus/jackson/jackson-xc/1.9.13/jackson-xc-1.9.13.jar:/home/user/.m2/repository/commons-logging/commons-logging/1.1.3/commons-logging-1.1.3.jar:/home/user/.m2/repository/commons-beanutils/commons-beanutils/1.9.3/commons-beanutils-1.9.3.jar:/home/user/.m2/repository/org/apache/commons/commons-configuration2/2.1.1/commons-configuration2-2.1.1.jar:/home/user/.m2/repository/org/apache/commons/commons-lang3/3.7/commons-lang3-3.7.jar:/home/user/.m2/repository/org/apache/commons/commons-text/1.4/commons-text-1.4.jar:/home/user/.m2/repository/org/apache/avro/avro/1.7.7/avro-1.7.7.jar:/home/user/.m2/repository/com/thoughtworks/paranamer/paranamer/2.3/paranamer-2.3.jar:/home/user/.m2/repository/org/xerial/snappy/snappy-java/1.0.5/snappy-java-1.0.5.jar:/home/user/.m2/repository/com/google/re2j/re2j/1.1/re2j-1.1.jar:/home/user/.m2/repository/com/google/code/gson/gson/2.2.4/gson-2.2.4.jar:/home/user/.m2/repository/com/jcraft/jsch/0.1.54/jsch-0.1.54.jar:/home/user/.m2/repository/org/apache/curator/curator-client/2.12.0/curator-client-2.12.0.jar:/home/user/.m2/repository/org/apache/curator/curator-recipes/2.12.0/curator-recipes-2.12.0.jar:/home/user/.m2/repository/com/google/code/findbugs/jsr305/3.0.0/jsr305-3.0.0.jar:/home/user/.m2/repository/org/apache/htrace/htrace-core4/4.1.0-incubating/htrace-core4-4.1.0-incubating.jar:/home/user/.m2/repository/org/apache/zookeeper/zookeeper/3.4.13/zookeeper-3.4.13.jar:/home/user/.m2/repository/org/apache/yetus/audience-annotations/0.5.0/audience-annotations-0.5.0.jar:/home/user/.m2/repository/org/codehaus/woodstox/stax2-api/3.1.4/stax2-api-3.1.4.jar:/home/user/.m2/repository/com/fasterxml/woodstox/woodstox-core/5.0.3/woodstox-core-5.0.3.jar:/home/user/.m2/repository/dnsjava/dnsjava/2.1.7/dnsjava-2.1.7.jar:/home/user/.m2/repository/org/apache/hadoop/hadoop-hdfs/3.2.0/hadoop-hdfs-3.2.0-tests.jar:/home/user/.m2/repository/org/eclipse/jetty/jetty-util-ajax/9.3.24.v20180605/jetty-util-ajax-9.3.24.v20180605.jar:/home/user/.m2/repository/commons-daemon/commons-daemon/1.0.13/commons-daemon-1.0.13.jar:/home/user/.m2/repository/io/netty/netty/3.10.5.Final/netty-3.10.5.Final.jar:/home/user/.m2/repository/io/netty/netty-all/4.0.52.Final/netty-all-4.0.52.Final.jar:/home/user/.m2/repository/org/fusesource/leveldbjni/leveldbjni-all/1.8/leveldbjni-all-1.8.jar:"/>
    <property name="sun.cpu.endian" value="little"/>
    <property name="user.home" value="/home/user"/>
    <property name="user.language" value="en"/>
    <property name="java.specification.vendor" value="Oracle Corporation"/>
    <property name="java.home" value="/usr/lib/jvm/java-1.8-openjdk/jre"/>
    <property name="java.security.krb5.conf" value="/tmp/workdir/hadoop-ozone/integration-test/target/test-classes/krb5.conf"/>
    <property name="basedir" value="/tmp/workdir/hadoop-ozone/integration-test"/>
    <property name="file.separator" value="/"/>
    <property name="line.separator" value="&#10;"/>
    <property name="java.vm.specification.vendor" value="Oracle Corporation"/>
    <property name="java.specification.name" value="Java Platform API Specification"/>
    <property name="java.awt.graphicsenv" value="sun.awt.X11GraphicsEnvironment"/>
    <property name="surefire.real.class.path" value="/tmp/workdir/hadoop-ozone/integration-test/target/surefire/surefirebooter6376438662325074363.jar"/>
    <property name="hadoop.log.dir" value="/tmp/workdir/hadoop-ozone/integration-test/target/log"/>
    <property name="sun.boot.class.path" value="/usr/lib/jvm/java-1.8-openjdk/jre/lib/resources.jar:/usr/lib/jvm/java-1.8-openjdk/jre/lib/rt.jar:/usr/lib/jvm/java-1.8-openjdk/jre/lib/sunrsasign.jar:/usr/lib/jvm/java-1.8-openjdk/jre/lib/jsse.jar:/usr/lib/jvm/java-1.8-openjdk/jre/lib/jce.jar:/usr/lib/jvm/java-1.8-openjdk/jre/lib/charsets.jar:/usr/lib/jvm/java-1.8-openjdk/jre/lib/jfr.jar:/usr/lib/jvm/java-1.8-openjdk/jre/classes"/>
    <property name="sun.management.compiler" value="HotSpot 64-Bit Tiered Compilers"/>
    <property name="java.runtime.version" value="1.8.0_212-b04"/>
    <property name="java.net.preferIPv4Stack" value="true"/>
    <property name="user.name" value="jenkins1000"/>
    <property name="path.separator" value=":"/>
    <property name="java.security.egd" value="file:///dev/urandom"/>
    <property name="os.version" value="3.10.0-957.12.2.el7.x86_64"/>
    <property name="java.endorsed.dirs" value="/usr/lib/jvm/java-1.8-openjdk/jre/lib/endorsed"/>
    <property name="java.runtime.name" value="OpenJDK Runtime Environment"/>
    <property name="file.encoding" value="UTF-8"/>
    <property name="java.vm.name" value="OpenJDK 64-Bit Server VM"/>
    <property name="test.build.webapps" value=""/>
    <property name="localRepository" value="/home/user/.m2/repository"/>
    <property name="java.vendor.url.bug" value="https://icedtea.classpath.org/bugzilla"/>
    <property name="java.io.tmpdir" value="/tmp"/>
    <property name="require.test.libhadoop" value=""/>
    <property name="java.version" value="1.8.0_212"/>
    <property name="user.dir" value="/tmp/workdir/hadoop-ozone/integration-test"/>
    <property name="os.arch" value="amd64"/>
    <property name="java.vm.specification.name" value="Java Virtual Machine Specification"/>
    <property name="test.build.classes" value="/tmp/workdir/hadoop-ozone/integration-test/target/test-classes"/>
    <property name="java.awt.printerjob" value="sun.print.PSPrinterJob"/>
    <property name="sun.os.patch.level" value="unknown"/>
    <property name="hadoop.tmp.dir" value="/tmp/workdir/hadoop-ozone/integration-test/target/tmp"/>
    <property name="java.library.path" value="/usr/lib/jvm/java-1.8-openjdk/jre/lib/amd64/server:/usr/lib/jvm/java-1.8-openjdk/jre/lib/amd64:/usr/lib/jvm/java-1.8-openjdk/jre/../lib/amd64:/tmp/workdir/hadoop-ozone/integration-test/target/native/target/usr/local/lib:/tmp/workdir/hadoop-ozone/integration-test/../../hadoop-common-project/hadoop-common/target/native/target/usr/local/lib:/usr/java/packages/lib/amd64:/usr/lib64:/lib64:/lib:/usr/lib"/>
    <property name="java.vm.info" value="mixed mode"/>
    <property name="java.vendor" value="IcedTea"/>
    <property name="java.vm.version" value="25.212-b04"/>
    <property name="java.ext.dirs" value="/usr/lib/jvm/java-1.8-openjdk/jre/lib/ext:/usr/java/packages/lib/ext"/>
    <property name="sun.io.unicode.encoding" value="UnicodeLittle"/>
    <property name="java.class.version" value="52.0"/>
  </properties>
  <testcase name="testBlockWriteViaRatis" classname="org.apache.hadoop.ozone.client.rpc.TestCloseContainerHandlingByClient" time="7.823">
    <error type="java.lang.IllegalArgumentException">java.lang.IllegalArgumentException
	at com.google.common.base.Preconditions.checkArgument(Preconditions.java:72)
	at org.apache.hadoop.hdds.scm.XceiverClientManager.acquireClient(XceiverClientManager.java:150)
	at org.apache.hadoop.hdds.scm.XceiverClientManager.acquireClientForReadData(XceiverClientManager.java:143)
	at org.apache.hadoop.hdds.scm.storage.BlockInputStream.getChunkInfos(BlockInputStream.java:154)
	at org.apache.hadoop.hdds.scm.storage.BlockInputStream.initialize(BlockInputStream.java:118)
	at org.apache.hadoop.hdds.scm.storage.BlockInputStream.read(BlockInputStream.java:222)
	at org.apache.hadoop.ozone.client.io.KeyInputStream.read(KeyInputStream.java:171)
	at org.apache.hadoop.ozone.client.io.OzoneInputStream.read(OzoneInputStream.java:47)
	at java.io.InputStream.read(InputStream.java:101)
	at org.apache.hadoop.ozone.container.ContainerTestHelper.validateData(ContainerTestHelper.java:709)
	at org.apache.hadoop.ozone.client.rpc.TestCloseContainerHandlingByClient.validateData(TestCloseContainerHandlingByClient.java:401)
	at org.apache.hadoop.ozone.client.rpc.TestCloseContainerHandlingByClient.testBlockWriteViaRatis(TestCloseContainerHandlingByClient.java:433)
	at sun.reflect.NativeMethodAccessorImpl.invoke0(Native Method)
	at sun.reflect.NativeMethodAccessorImpl.invoke(NativeMethodAccessorImpl.java:62)
	at sun.reflect.DelegatingMethodAccessorImpl.invoke(DelegatingMethodAccessorImpl.java:43)
	at java.lang.reflect.Method.invoke(Method.java:498)
	at org.junit.runners.model.FrameworkMethod$1.runReflectiveCall(FrameworkMethod.java:47)
	at org.junit.internal.runners.model.ReflectiveCallable.run(ReflectiveCallable.java:12)
	at org.junit.runners.model.FrameworkMethod.invokeExplosively(FrameworkMethod.java:44)
	at org.junit.internal.runners.statements.InvokeMethod.evaluate(InvokeMethod.java:17)
	at org.junit.runners.ParentRunner.runLeaf(ParentRunner.java:271)
	at org.junit.runners.BlockJUnit4ClassRunner.runChild(BlockJUnit4ClassRunner.java:70)
	at org.junit.runners.BlockJUnit4ClassRunner.runChild(BlockJUnit4ClassRunner.java:50)
	at org.junit.runners.ParentRunner$3.run(ParentRunner.java:238)
	at org.junit.runners.ParentRunner$1.schedule(ParentRunner.java:63)
	at org.junit.runners.ParentRunner.runChildren(ParentRunner.java:236)
	at org.junit.runners.ParentRunner.access$000(ParentRunner.java:53)
	at org.junit.runners.ParentRunner$2.evaluate(ParentRunner.java:229)
	at org.junit.internal.runners.statements.RunBefores.evaluate(RunBefores.java:26)
	at org.junit.internal.runners.statements.RunAfters.evaluate(RunAfters.java:27)
	at org.junit.runners.ParentRunner.run(ParentRunner.java:309)
	at org.apache.maven.surefire.junit4.JUnit4Provider.execute(JUnit4Provider.java:365)
	at org.apache.maven.surefire.junit4.JUnit4Provider.executeWithRerun(JUnit4Provider.java:273)
	at org.apache.maven.surefire.junit4.JUnit4Provider.executeTestSet(JUnit4Provider.java:238)
	at org.apache.maven.surefire.junit4.JUnit4Provider.invoke(JUnit4Provider.java:159)
	at org.apache.maven.surefire.booter.ForkedBooter.invokeProviderInSameClassLoader(ForkedBooter.java:384)
	at org.apache.maven.surefire.booter.ForkedBooter.runSuitesInProcess(ForkedBooter.java:345)
	at org.apache.maven.surefire.booter.ForkedBooter.execute(ForkedBooter.java:126)
	at org.apache.maven.surefire.booter.ForkedBooter.main(ForkedBooter.java:418)
</error>
    <system-out><![CDATA[2019-07-13 14:42:25,753 WARN  server.ServerUtils (ServerUtils.java:getScmDbDir(145)) - ozone.scm.db.dirs is not configured. We recommend adding this setting. Falling back to ozone.metadata.dirs instead.
2019-07-13 14:42:25,871 WARN  server.ServerUtils (ServerUtils.java:getScmDbDir(145)) - ozone.scm.db.dirs is not configured. We recommend adding this setting. Falling back to ozone.metadata.dirs instead.
2019-07-13 14:42:25,874 WARN  server.ServerUtils (ServerUtils.java:getScmDbDir(145)) - ozone.scm.db.dirs is not configured. We recommend adding this setting. Falling back to ozone.metadata.dirs instead.
2019-07-13 14:42:25,892 INFO  util.log (Log.java:initialized(192)) - Logging initialized @853ms
2019-07-13 14:42:25,993 INFO  db.DBStoreBuilder (DBStoreBuilder.java:addTable(110)) - using custom profile for table: deletedBlocks
2019-07-13 14:42:25,993 INFO  db.DBStoreBuilder (DBStoreBuilder.java:processTables(161)) - Using default column profile:DBProfile.DISK for Table:deletedBlocks
2019-07-13 14:42:25,994 INFO  db.DBStoreBuilder (DBStoreBuilder.java:addTable(110)) - using custom profile for table: validCerts
2019-07-13 14:42:25,994 INFO  db.DBStoreBuilder (DBStoreBuilder.java:processTables(161)) - Using default column profile:DBProfile.DISK for Table:validCerts
2019-07-13 14:42:25,994 INFO  db.DBStoreBuilder (DBStoreBuilder.java:addTable(110)) - using custom profile for table: revokedCerts
2019-07-13 14:42:25,995 INFO  db.DBStoreBuilder (DBStoreBuilder.java:processTables(161)) - Using default column profile:DBProfile.DISK for Table:revokedCerts
2019-07-13 14:42:26,006 INFO  db.DBStoreBuilder (DBStoreBuilder.java:addTable(110)) - using custom profile for table: default
2019-07-13 14:42:26,006 INFO  db.DBStoreBuilder (DBStoreBuilder.java:processTables(167)) - Using default column profile:DBProfile.DISK for Table:default
2019-07-13 14:42:26,008 INFO  db.DBStoreBuilder (DBStoreBuilder.java:getDbProfile(198)) - Using default options. DBProfile.DISK
2019-07-13 14:42:26,118 INFO  net.NodeSchemaLoader (NodeSchemaLoader.java:loadSchemaFromFile(125)) - Loading file from sun.misc.CompoundEnumeration@291ae
2019-07-13 14:42:26,120 INFO  net.NodeSchemaLoader (NodeSchemaLoader.java:loadSchema(171)) - Loading network topology layer schema file
2019-07-13 14:42:26,195 INFO  node.SCMNodeManager (SCMNodeManager.java:<init>(119)) - Entering startup safe mode.
2019-07-13 14:42:26,281 WARN  server.ServerUtils (ServerUtils.java:getScmDbDir(145)) - ozone.scm.db.dirs is not configured. We recommend adding this setting. Falling back to ozone.metadata.dirs instead.
2019-07-13 14:42:26,361 INFO  pipeline.SCMPipelineManager (SCMPipelineManager.java:initializePipelineState(126)) - No pipeline exists in current db
2019-07-13 14:42:26,364 WARN  server.ServerUtils (ServerUtils.java:getScmDbDir(145)) - ozone.scm.db.dirs is not configured. We recommend adding this setting. Falling back to ozone.metadata.dirs instead.
2019-07-13 14:42:26,451 WARN  events.EventQueue (EventQueue.java:fireEvent(175)) - No event handler registered for event TypedEvent{payloadType=SafeModeStatus, name='SafeModeStatus'}
2019-07-13 14:42:26,785 INFO  ipc.CallQueueManager (CallQueueManager.java:<init>(84)) - Using callQueue: class java.util.concurrent.LinkedBlockingQueue, queueCapacity: 2000, scheduler: class org.apache.hadoop.ipc.DefaultRpcScheduler, ipcBackoff: false.
2019-07-13 14:42:26,812 INFO  ipc.Server (Server.java:run(1074)) - Starting Socket Reader #1 for port 33243
2019-07-13 14:42:26,835 INFO  ipc.CallQueueManager (CallQueueManager.java:<init>(84)) - Using callQueue: class java.util.concurrent.LinkedBlockingQueue, queueCapacity: 2000, scheduler: class org.apache.hadoop.ipc.DefaultRpcScheduler, ipcBackoff: false.
2019-07-13 14:42:26,837 INFO  ipc.Server (Server.java:run(1074)) - Starting Socket Reader #1 for port 33072
2019-07-13 14:42:26,843 INFO  ipc.CallQueueManager (CallQueueManager.java:<init>(84)) - Using callQueue: class java.util.concurrent.LinkedBlockingQueue, queueCapacity: 2000, scheduler: class org.apache.hadoop.ipc.DefaultRpcScheduler, ipcBackoff: false.
2019-07-13 14:42:26,844 INFO  ipc.Server (Server.java:run(1074)) - Starting Socket Reader #1 for port 37428
2019-07-13 14:42:26,960 INFO  hdfs.DFSUtil (DFSUtil.java:httpServerTemplateForNNAndJN(1641)) - Starting Web-server for scm at: http://0.0.0.0:0
2019-07-13 14:42:27,126 INFO  server.AuthenticationFilter (AuthenticationFilter.java:constructSecretProvider(240)) - Unable to initialize FileSignerSecretProvider, falling back to use random secrets.
2019-07-13 14:42:27,134 WARN  http.HttpRequestLog (HttpRequestLog.java:getRequestLog(97)) - Jetty request log can only be enabled using Log4j
2019-07-13 14:42:27,142 INFO  http.HttpServer2 (HttpServer2.java:addGlobalFilter(975)) - Added global filter 'safety' (class=org.apache.hadoop.http.HttpServer2$QuotingInputFilter)
2019-07-13 14:42:27,144 INFO  http.HttpServer2 (HttpServer2.java:addFilter(948)) - Added filter static_user_filter (class=org.apache.hadoop.http.lib.StaticUserWebFilter$StaticUserFilter) to context scm
2019-07-13 14:42:27,144 INFO  http.HttpServer2 (HttpServer2.java:addFilter(958)) - Added filter static_user_filter (class=org.apache.hadoop.http.lib.StaticUserWebFilter$StaticUserFilter) to context static
2019-07-13 14:42:27,144 INFO  http.HttpServer2 (HttpServer2.java:addFilter(958)) - Added filter static_user_filter (class=org.apache.hadoop.http.lib.StaticUserWebFilter$StaticUserFilter) to context logs
2019-07-13 14:42:27,172 INFO  server.StorageContainerManager (StorageContainerManager.java:start(759)) - StorageContainerLocationProtocol RPC server is listening at /0.0.0.0:37428
2019-07-13 14:42:27,229 WARN  impl.MetricsConfig (MetricsConfig.java:loadFirst(134)) - Cannot locate configuration: tried hadoop-metrics2-storagecontainermanager.properties,hadoop-metrics2.properties
2019-07-13 14:42:27,241 INFO  impl.MetricsSystemImpl (MetricsSystemImpl.java:startTimer(374)) - Scheduled Metric snapshot period at 10 second(s).
2019-07-13 14:42:27,241 INFO  impl.MetricsSystemImpl (MetricsSystemImpl.java:start(191)) - StorageContainerManager metrics system started
2019-07-13 14:42:27,456 INFO  server.SCMClientProtocolServer (SCMClientProtocolServer.java:start(149)) - RPC server for Client  is listening at /0.0.0.0:37428
2019-07-13 14:42:27,457 INFO  ipc.Server (Server.java:run(1314)) - IPC Server Responder: starting
2019-07-13 14:42:27,458 INFO  ipc.Server (Server.java:run(1153)) - IPC Server listener on 37428: starting
2019-07-13 14:42:27,462 INFO  server.StorageContainerManager (StorageContainerManager.java:start(768)) - ScmBlockLocationProtocol RPC server is listening at /0.0.0.0:33072
2019-07-13 14:42:27,462 INFO  server.SCMBlockProtocolServer (SCMBlockProtocolServer.java:start(140)) - RPC server for Block Protocol is listening at /0.0.0.0:33072
2019-07-13 14:42:27,463 INFO  ipc.Server (Server.java:run(1314)) - IPC Server Responder: starting
2019-07-13 14:42:27,463 INFO  ipc.Server (Server.java:run(1153)) - IPC Server listener on 33072: starting
2019-07-13 14:42:27,470 INFO  server.StorageContainerManager (StorageContainerManager.java:start(772)) - ScmDatanodeProtocl RPC server is listening at /0.0.0.0:33243
2019-07-13 14:42:27,470 INFO  server.SCMDatanodeProtocolServer (SCMDatanodeProtocolServer.java:start(191)) - RPC server for DataNodes is listening at /0.0.0.0:33243
2019-07-13 14:42:27,471 INFO  ipc.Server (Server.java:run(1314)) - IPC Server Responder: starting
2019-07-13 14:42:27,472 INFO  ipc.Server (Server.java:run(1153)) - IPC Server listener on 33243: starting
2019-07-13 14:42:27,483 INFO  http.HttpServer2 (HttpServer2.java:bindListener(1191)) - Jetty bound to port 34440
2019-07-13 14:42:27,485 INFO  server.Server (Server.java:doStart(351)) - jetty-9.3.24.v20180605, build timestamp: 2018-06-05T17:11:56Z, git hash: 84205aa28f11a4f31f2a3b86d1bba2cc8ab69827
2019-07-13 14:42:27,524 INFO  handler.ContextHandler (ContextHandler.java:doStart(781)) - Started o.e.j.s.ServletContextHandler@15dcfae7{/logs,file:///tmp/workdir/hadoop-ozone/integration-test/target/log,AVAILABLE}
2019-07-13 14:42:27,525 INFO  handler.ContextHandler (ContextHandler.java:doStart(781)) - Started o.e.j.s.ServletContextHandler@1e636ea3{/static,file:///tmp/workdir/hadoop-ozone/integration-test/target/test-classes/webapps/static,AVAILABLE}
2019-07-13 14:42:27,556 INFO  handler.ContextHandler (ContextHandler.java:doStart(781)) - Started o.e.j.w.WebAppContext@3f23a3a0{/,file:///tmp/workdir/hadoop-ozone/integration-test/target/test-classes/webapps/scm/,AVAILABLE}{/scm}
2019-07-13 14:42:27,562 INFO  server.AbstractConnector (AbstractConnector.java:doStart(278)) - Started ServerConnector@6c6357f9{HTTP/1.1,[http/1.1]}{0.0.0.0:34440}
2019-07-13 14:42:27,562 INFO  server.Server (Server.java:doStart(419)) - Started @2523ms
2019-07-13 14:42:27,564 INFO  server.BaseHttpServer (BaseHttpServer.java:updateConnectorAddress(207)) - HTTP server of SCM is listening at http://0.0.0.0:34440
2019-07-13 14:42:27,572 INFO  util.JvmPauseMonitor (JvmPauseMonitor.java:run(188)) - Starting JVM pause monitor
2019-07-13 14:42:27,574 WARN  server.ServerUtils (ServerUtils.java:getDBPath(222)) - ozone.om.db.dirs is not configured. We recommend adding this setting. Falling back to ozone.metadata.dirs instead.
2019-07-13 14:42:27,663 WARN  server.ServerUtils (ServerUtils.java:getDBPath(222)) - ozone.om.db.dirs is not configured. We recommend adding this setting. Falling back to ozone.metadata.dirs instead.
2019-07-13 14:42:27,664 INFO  om.OzoneManager (OzoneManager.java:setOMNodeDetails(630)) - OM Service ID is not set. Setting it to the default ID: omServiceIdDefault
2019-07-13 14:42:27,665 INFO  om.OzoneManager (OzoneManager.java:setOMNodeDetails(636)) - OM Node ID is not set. Setting it to the OmStorage's OmID: c155b586-e5d3-4112-950a-3f04d5cd130c
2019-07-13 14:42:27,666 INFO  om.OzoneManager (OzoneManager.java:loadOMHAConfigs(587)) - Found matching OM address with OMServiceId: null, OMNodeId: null, RPC Address: localhost:0 and Ratis port: 9872
2019-07-13 14:42:27,937 WARN  server.ServerUtils (ServerUtils.java:getDBPath(222)) - ozone.om.db.dirs is not configured. We recommend adding this setting. Falling back to ozone.metadata.dirs instead.
2019-07-13 14:42:27,949 INFO  db.DBStoreBuilder (DBStoreBuilder.java:addTable(110)) - using custom profile for table: userTable
2019-07-13 14:42:27,949 INFO  db.DBStoreBuilder (DBStoreBuilder.java:processTables(161)) - Using default column profile:DBProfile.DISK for Table:userTable
2019-07-13 14:42:27,950 INFO  db.DBStoreBuilder (DBStoreBuilder.java:addTable(110)) - using custom profile for table: volumeTable
2019-07-13 14:42:27,950 INFO  db.DBStoreBuilder (DBStoreBuilder.java:processTables(161)) - Using default column profile:DBProfile.DISK for Table:volumeTable
2019-07-13 14:42:27,950 INFO  db.DBStoreBuilder (DBStoreBuilder.java:addTable(110)) - using custom profile for table: bucketTable
2019-07-13 14:42:27,951 INFO  db.DBStoreBuilder (DBStoreBuilder.java:processTables(161)) - Using default column profile:DBProfile.DISK for Table:bucketTable
2019-07-13 14:42:27,951 INFO  db.DBStoreBuilder (DBStoreBuilder.java:addTable(110)) - using custom profile for table: keyTable
2019-07-13 14:42:27,951 INFO  db.DBStoreBuilder (DBStoreBuilder.java:processTables(161)) - Using default column profile:DBProfile.DISK for Table:keyTable
2019-07-13 14:42:27,952 INFO  db.DBStoreBuilder (DBStoreBuilder.java:addTable(110)) - using custom profile for table: deletedTable
2019-07-13 14:42:27,952 INFO  db.DBStoreBuilder (DBStoreBuilder.java:processTables(161)) - Using default column profile:DBProfile.DISK for Table:deletedTable
2019-07-13 14:42:27,953 INFO  db.DBStoreBuilder (DBStoreBuilder.java:addTable(110)) - using custom profile for table: openKeyTable
2019-07-13 14:42:27,953 INFO  db.DBStoreBuilder (DBStoreBuilder.java:processTables(161)) - Using default column profile:DBProfile.DISK for Table:openKeyTable
2019-07-13 14:42:27,954 INFO  db.DBStoreBuilder (DBStoreBuilder.java:addTable(110)) - using custom profile for table: s3Table
2019-07-13 14:42:27,954 INFO  db.DBStoreBuilder (DBStoreBuilder.java:processTables(161)) - Using default column profile:DBProfile.DISK for Table:s3Table
2019-07-13 14:42:27,954 INFO  db.DBStoreBuilder (DBStoreBuilder.java:addTable(110)) - using custom profile for table: multipartInfoTable
2019-07-13 14:42:27,955 INFO  db.DBStoreBuilder (DBStoreBuilder.java:processTables(161)) - Using default column profile:DBProfile.DISK for Table:multipartInfoTable
2019-07-13 14:42:27,955 INFO  db.DBStoreBuilder (DBStoreBuilder.java:addTable(110)) - using custom profile for table: dTokenTable
2019-07-13 14:42:27,955 INFO  db.DBStoreBuilder (DBStoreBuilder.java:processTables(161)) - Using default column profile:DBProfile.DISK for Table:dTokenTable
2019-07-13 14:42:27,956 INFO  db.DBStoreBuilder (DBStoreBuilder.java:addTable(110)) - using custom profile for table: s3SecretTable
2019-07-13 14:42:27,956 INFO  db.DBStoreBuilder (DBStoreBuilder.java:processTables(161)) - Using default column profile:DBProfile.DISK for Table:s3SecretTable
2019-07-13 14:42:27,957 INFO  db.DBStoreBuilder (DBStoreBuilder.java:addTable(110)) - using custom profile for table: prefixTable
2019-07-13 14:42:27,957 INFO  db.DBStoreBuilder (DBStoreBuilder.java:processTables(161)) - Using default column profile:DBProfile.DISK for Table:prefixTable
2019-07-13 14:42:27,957 INFO  db.DBStoreBuilder (DBStoreBuilder.java:addTable(110)) - using custom profile for table: default
2019-07-13 14:42:27,958 INFO  db.DBStoreBuilder (DBStoreBuilder.java:processTables(167)) - Using default column profile:DBProfile.DISK for Table:default
2019-07-13 14:42:27,959 INFO  db.DBStoreBuilder (DBStoreBuilder.java:getDbProfile(198)) - Using default options. DBProfile.DISK
2019-07-13 14:42:28,693 INFO  ipc.CallQueueManager (CallQueueManager.java:<init>(84)) - Using callQueue: class java.util.concurrent.LinkedBlockingQueue, queueCapacity: 2000, scheduler: class org.apache.hadoop.ipc.DefaultRpcScheduler, ipcBackoff: false.
2019-07-13 14:42:28,695 INFO  ipc.Server (Server.java:run(1074)) - Starting Socket Reader #1 for port 33042
2019-07-13 14:42:28,723 WARN  server.ServerUtils (ServerUtils.java:getDBPath(222)) - ozone.om.db.dirs is not configured. We recommend adding this setting. Falling back to ozone.metadata.dirs instead.
2019-07-13 14:42:28,723 INFO  om.OzoneManager (OzoneManager.java:start(1228)) - OzoneManager RPC server is listening at localhost/127.0.0.1:33042
2019-07-13 14:42:28,723 INFO  impl.MetricsSystemImpl (MetricsSystemImpl.java:init(158)) - OzoneManager metrics system started (again)
2019-07-13 14:42:28,725 INFO  ipc.Server (Server.java:run(1314)) - IPC Server Responder: starting
2019-07-13 14:42:28,726 INFO  ipc.Server (Server.java:run(1153)) - IPC Server listener on 33042: starting
2019-07-13 14:42:28,740 INFO  hdfs.DFSUtil (DFSUtil.java:httpServerTemplateForNNAndJN(1641)) - Starting Web-server for ozoneManager at: http://0.0.0.0:0
2019-07-13 14:42:28,742 INFO  server.AuthenticationFilter (AuthenticationFilter.java:constructSecretProvider(240)) - Unable to initialize FileSignerSecretProvider, falling back to use random secrets.
2019-07-13 14:42:28,743 WARN  http.HttpRequestLog (HttpRequestLog.java:getRequestLog(97)) - Jetty request log can only be enabled using Log4j
2019-07-13 14:42:28,747 INFO  http.HttpServer2 (HttpServer2.java:addGlobalFilter(975)) - Added global filter 'safety' (class=org.apache.hadoop.http.HttpServer2$QuotingInputFilter)
2019-07-13 14:42:28,748 INFO  http.HttpServer2 (HttpServer2.java:addFilter(948)) - Added filter static_user_filter (class=org.apache.hadoop.http.lib.StaticUserWebFilter$StaticUserFilter) to context ozoneManager
2019-07-13 14:42:28,748 INFO  http.HttpServer2 (HttpServer2.java:addFilter(958)) - Added filter static_user_filter (class=org.apache.hadoop.http.lib.StaticUserWebFilter$StaticUserFilter) to context static
2019-07-13 14:42:28,749 INFO  http.HttpServer2 (HttpServer2.java:addFilter(958)) - Added filter static_user_filter (class=org.apache.hadoop.http.lib.StaticUserWebFilter$StaticUserFilter) to context logs
2019-07-13 14:42:28,752 INFO  http.HttpServer2 (HttpServer2.java:bindListener(1191)) - Jetty bound to port 45384
2019-07-13 14:42:28,752 INFO  server.Server (Server.java:doStart(351)) - jetty-9.3.24.v20180605, build timestamp: 2018-06-05T17:11:56Z, git hash: 84205aa28f11a4f31f2a3b86d1bba2cc8ab69827
2019-07-13 14:42:28,755 INFO  handler.ContextHandler (ContextHandler.java:doStart(781)) - Started o.e.j.s.ServletContextHandler@301d8120{/logs,file:///tmp/workdir/hadoop-ozone/integration-test/target/log,AVAILABLE}
2019-07-13 14:42:28,756 INFO  handler.ContextHandler (ContextHandler.java:doStart(781)) - Started o.e.j.s.ServletContextHandler@72458efc{/static,file:///tmp/workdir/hadoop-ozone/integration-test/target/test-classes/webapps/static,AVAILABLE}
2019-07-13 14:42:28,763 INFO  handler.ContextHandler (ContextHandler.java:doStart(781)) - Started o.e.j.w.WebAppContext@6a84bc2a{/,file:///tmp/workdir/hadoop-ozone/integration-test/target/test-classes/webapps/ozoneManager/,AVAILABLE}{/ozoneManager}
2019-07-13 14:42:28,764 INFO  server.AbstractConnector (AbstractConnector.java:doStart(278)) - Started ServerConnector@5183d589{HTTP/1.1,[http/1.1]}{0.0.0.0:45384}
2019-07-13 14:42:28,765 INFO  server.Server (Server.java:doStart(419)) - Started @3726ms
2019-07-13 14:42:28,766 INFO  server.BaseHttpServer (BaseHttpServer.java:updateConnectorAddress(207)) - HTTP server of OZONEMANAGER is listening at http://0.0.0.0:45384
2019-07-13 14:42:29,103 INFO  impl.MetricsSystemImpl (MetricsSystemImpl.java:init(158)) - HddsDatanode metrics system started (again)
2019-07-13 14:42:29,221 INFO  ozone.HddsDatanodeService (HddsDatanodeService.java:start(185)) - HddsDatanodeService host:trunk-nightly-mhs6z-4061744966 ip:192.168.5.172
2019-07-13 14:42:29,255 INFO  volume.HddsVolume (HddsVolume.java:<init>(176)) - Creating Volume: /tmp/workdir/hadoop-ozone/integration-test/target/test-dir/MiniOzoneClusterImpl-cdb6c0af-5e4e-41d1-90b6-fe79d96a918f/datanode-0/data/containers/hdds of  storage type : DISK and capacity : 52710309888
2019-07-13 14:42:29,257 INFO  volume.VolumeSet (VolumeSet.java:initializeVolumeSet(170)) - Added Volume : /tmp/workdir/hadoop-ozone/integration-test/target/test-dir/MiniOzoneClusterImpl-cdb6c0af-5e4e-41d1-90b6-fe79d96a918f/datanode-0/data/containers/hdds to VolumeSet
2019-07-13 14:42:29,260 INFO  volume.ThrottledAsyncChecker (ThrottledAsyncChecker.java:schedule(140)) - Scheduling a check for org.apache.hadoop.ozone.container.common.volume.HddsVolume@451f87af
2019-07-13 14:42:29,278 INFO  volume.HddsVolumeChecker (HddsVolumeChecker.java:checkAllVolumes(203)) - Scheduled health check for volume org.apache.hadoop.ozone.container.common.volume.HddsVolume@451f87af
2019-07-13 14:42:29,392 INFO  impl.RaftServerProxy (ConfUtils.java:logGet(43)) - raft.rpc.type = GRPC (default)
2019-07-13 14:42:29,459 INFO  grpc.GrpcFactory (GrpcFactory.java:checkPooledByteBufAllocatorUseCacheForAllThreads(45)) - PERFORMANCE WARNING: useCacheForAllThreads is true that may cause Netty to create a lot garbage objects and, as a result, trigger GC.
	It is recommended to disable useCacheForAllThreads by setting -Dorg.apache.ratis.thirdparty.io.netty.allocator.useCacheForAllThreads=false in command line.
2019-07-13 14:42:29,464 INFO  grpc.GrpcConfigKeys$Server (ConfUtils.java:logGet(43)) - raft.grpc.server.port = 0 (default)
2019-07-13 14:42:29,465 INFO  server.GrpcService (ConfUtils.java:logGet(43)) - raft.grpc.message.size.max = 33570816 (custom)
2019-07-13 14:42:29,466 INFO  server.RaftServerConfigKeys (ConfUtils.java:logGet(43)) - raft.server.log.appender.buffer.byte-limit = 33554432 (custom)
2019-07-13 14:42:29,467 INFO  server.GrpcService (ConfUtils.java:logGet(43)) - raft.grpc.flow.control.window = 1MB (=1048576) (default)
2019-07-13 14:42:29,468 INFO  server.RaftServerConfigKeys (ConfUtils.java:logGet(43)) - raft.server.rpc.request.timeout = 3000ms (default)
2019-07-13 14:42:29,633 INFO  server.RaftServerConfigKeys (ConfUtils.java:logGet(43)) - raft.server.storage.dir = [/tmp/workdir/hadoop-ozone/integration-test/target/test-dir/MiniOzoneClusterImpl-cdb6c0af-5e4e-41d1-90b6-fe79d96a918f/datanode-0/data/ratis] (custom)
2019-07-13 14:42:29,669 INFO  replication.SimpleContainerDownloader (SimpleContainerDownloader.java:<init>(72)) - Starting container downloader service to copy containers to replicate.
2019-07-13 14:42:29,682 INFO  hdfs.DFSUtil (DFSUtil.java:httpServerTemplateForNNAndJN(1641)) - Starting Web-server for hddsDatanode at: http://0.0.0.0:0
2019-07-13 14:42:29,685 INFO  server.AuthenticationFilter (AuthenticationFilter.java:constructSecretProvider(240)) - Unable to initialize FileSignerSecretProvider, falling back to use random secrets.
2019-07-13 14:42:29,686 WARN  http.HttpRequestLog (HttpRequestLog.java:getRequestLog(97)) - Jetty request log can only be enabled using Log4j
2019-07-13 14:42:29,689 INFO  http.HttpServer2 (HttpServer2.java:addGlobalFilter(975)) - Added global filter 'safety' (class=org.apache.hadoop.http.HttpServer2$QuotingInputFilter)
2019-07-13 14:42:29,690 INFO  http.HttpServer2 (HttpServer2.java:addFilter(948)) - Added filter static_user_filter (class=org.apache.hadoop.http.lib.StaticUserWebFilter$StaticUserFilter) to context hddsDatanode
2019-07-13 14:42:29,691 INFO  http.HttpServer2 (HttpServer2.java:addFilter(958)) - Added filter static_user_filter (class=org.apache.hadoop.http.lib.StaticUserWebFilter$StaticUserFilter) to context static
2019-07-13 14:42:29,691 INFO  http.HttpServer2 (HttpServer2.java:addFilter(958)) - Added filter static_user_filter (class=org.apache.hadoop.http.lib.StaticUserWebFilter$StaticUserFilter) to context logs
2019-07-13 14:42:29,692 INFO  http.HttpServer2 (HttpServer2.java:bindListener(1191)) - Jetty bound to port 34134
2019-07-13 14:42:29,693 INFO  server.Server (Server.java:doStart(351)) - jetty-9.3.24.v20180605, build timestamp: 2018-06-05T17:11:56Z, git hash: 84205aa28f11a4f31f2a3b86d1bba2cc8ab69827
2019-07-13 14:42:29,695 INFO  handler.ContextHandler (ContextHandler.java:doStart(781)) - Started o.e.j.s.ServletContextHandler@21c815e4{/logs,file:///tmp/workdir/hadoop-ozone/integration-test/target/log,AVAILABLE}
2019-07-13 14:42:29,696 INFO  handler.ContextHandler (ContextHandler.java:doStart(781)) - Started o.e.j.s.ServletContextHandler@2a331b46{/static,jar:file:/home/user/.m2/repository/org/apache/hadoop/hadoop-hdds-container-service/0.5.0-SNAPSHOT/hadoop-hdds-container-service-0.5.0-SNAPSHOT.jar!/webapps/static,AVAILABLE}
2019-07-13 14:42:29,749 INFO  handler.ContextHandler (ContextHandler.java:doStart(781)) - Started o.e.j.w.WebAppContext@113e13f9{/,file:///tmp/jetty-0.0.0.0-34134-hddsDatanode-_-any-838697123710149966.dir/webapp/,AVAILABLE}{/hddsDatanode}
2019-07-13 14:42:29,750 INFO  server.AbstractConnector (AbstractConnector.java:doStart(278)) - Started ServerConnector@1c7f96b1{HTTP/1.1,[http/1.1]}{0.0.0.0:34134}
2019-07-13 14:42:29,751 INFO  server.Server (Server.java:doStart(419)) - Started @4712ms
2019-07-13 14:42:29,753 INFO  server.BaseHttpServer (BaseHttpServer.java:updateConnectorAddress(207)) - HTTP server of HDDSDATANODE is listening at http://0.0.0.0:34134
2019-07-13 14:42:30,957 INFO  ozone.HddsDatanodeService (HddsDatanodeService.java:startPlugins(396)) - Started plug-in org.apache.hadoop.ozone.web.OzoneHddsDatanodeService@5f61371d
2019-07-13 14:42:30,960 INFO  impl.MetricsSystemImpl (MetricsSystemImpl.java:init(158)) - HddsDatanode metrics system started (again)
2019-07-13 14:42:30,960 INFO  ozone.HddsDatanodeService (HddsDatanodeService.java:start(185)) - HddsDatanodeService host:trunk-nightly-mhs6z-4061744966 ip:192.168.5.172
2019-07-13 14:42:30,967 INFO  util.JvmPauseMonitor (JvmPauseMonitor.java:run(188)) - Starting JVM pause monitor
2019-07-13 14:42:30,970 INFO  volume.HddsVolume (HddsVolume.java:<init>(176)) - Creating Volume: /tmp/workdir/hadoop-ozone/integration-test/target/test-dir/MiniOzoneClusterImpl-cdb6c0af-5e4e-41d1-90b6-fe79d96a918f/datanode-1/data/containers/hdds of  storage type : DISK and capacity : 52710309888
2019-07-13 14:42:30,971 INFO  volume.VolumeSet (VolumeSet.java:initializeVolumeSet(170)) - Added Volume : /tmp/workdir/hadoop-ozone/integration-test/target/test-dir/MiniOzoneClusterImpl-cdb6c0af-5e4e-41d1-90b6-fe79d96a918f/datanode-1/data/containers/hdds to VolumeSet
2019-07-13 14:42:30,971 INFO  volume.ThrottledAsyncChecker (ThrottledAsyncChecker.java:schedule(140)) - Scheduling a check for org.apache.hadoop.ozone.container.common.volume.HddsVolume@45292ec1
2019-07-13 14:42:30,973 INFO  volume.HddsVolumeChecker (HddsVolumeChecker.java:checkAllVolumes(203)) - Scheduled health check for volume org.apache.hadoop.ozone.container.common.volume.HddsVolume@45292ec1
2019-07-13 14:42:30,994 INFO  impl.RaftServerProxy (ConfUtils.java:logGet(43)) - raft.rpc.type = GRPC (default)
2019-07-13 14:42:30,994 INFO  grpc.GrpcFactory (GrpcFactory.java:checkPooledByteBufAllocatorUseCacheForAllThreads(45)) - PERFORMANCE WARNING: useCacheForAllThreads is true that may cause Netty to create a lot garbage objects and, as a result, trigger GC.
	It is recommended to disable useCacheForAllThreads by setting -Dorg.apache.ratis.thirdparty.io.netty.allocator.useCacheForAllThreads=false in command line.
2019-07-13 14:42:30,994 INFO  grpc.GrpcConfigKeys$Server (ConfUtils.java:logGet(43)) - raft.grpc.server.port = 0 (default)
2019-07-13 14:42:30,994 INFO  server.GrpcService (ConfUtils.java:logGet(43)) - raft.grpc.message.size.max = 33570816 (custom)
2019-07-13 14:42:30,995 INFO  server.RaftServerConfigKeys (ConfUtils.java:logGet(43)) - raft.server.log.appender.buffer.byte-limit = 33554432 (custom)
2019-07-13 14:42:30,995 INFO  server.GrpcService (ConfUtils.java:logGet(43)) - raft.grpc.flow.control.window = 1MB (=1048576) (default)
2019-07-13 14:42:30,995 INFO  server.RaftServerConfigKeys (ConfUtils.java:logGet(43)) - raft.server.rpc.request.timeout = 3000ms (default)
2019-07-13 14:42:30,996 INFO  server.RaftServerConfigKeys (ConfUtils.java:logGet(43)) - raft.server.storage.dir = [/tmp/workdir/hadoop-ozone/integration-test/target/test-dir/MiniOzoneClusterImpl-cdb6c0af-5e4e-41d1-90b6-fe79d96a918f/datanode-1/data/ratis] (custom)
2019-07-13 14:42:30,997 INFO  replication.SimpleContainerDownloader (SimpleContainerDownloader.java:<init>(72)) - Starting container downloader service to copy containers to replicate.
2019-07-13 14:42:30,998 INFO  hdfs.DFSUtil (DFSUtil.java:httpServerTemplateForNNAndJN(1641)) - Starting Web-server for hddsDatanode at: http://0.0.0.0:0
2019-07-13 14:42:31,001 INFO  server.AuthenticationFilter (AuthenticationFilter.java:constructSecretProvider(240)) - Unable to initialize FileSignerSecretProvider, falling back to use random secrets.
2019-07-13 14:42:31,004 WARN  http.HttpRequestLog (HttpRequestLog.java:getRequestLog(97)) - Jetty request log can only be enabled using Log4j
2019-07-13 14:42:31,007 INFO  http.HttpServer2 (HttpServer2.java:addGlobalFilter(975)) - Added global filter 'safety' (class=org.apache.hadoop.http.HttpServer2$QuotingInputFilter)
2019-07-13 14:42:31,008 INFO  http.HttpServer2 (HttpServer2.java:addFilter(948)) - Added filter static_user_filter (class=org.apache.hadoop.http.lib.StaticUserWebFilter$StaticUserFilter) to context hddsDatanode
2019-07-13 14:42:31,008 INFO  http.HttpServer2 (HttpServer2.java:addFilter(958)) - Added filter static_user_filter (class=org.apache.hadoop.http.lib.StaticUserWebFilter$StaticUserFilter) to context logs
2019-07-13 14:42:31,008 INFO  http.HttpServer2 (HttpServer2.java:addFilter(958)) - Added filter static_user_filter (class=org.apache.hadoop.http.lib.StaticUserWebFilter$StaticUserFilter) to context static
2019-07-13 14:42:31,009 INFO  http.HttpServer2 (HttpServer2.java:bindListener(1191)) - Jetty bound to port 44543
2019-07-13 14:42:31,010 INFO  server.Server (Server.java:doStart(351)) - jetty-9.3.24.v20180605, build timestamp: 2018-06-05T17:11:56Z, git hash: 84205aa28f11a4f31f2a3b86d1bba2cc8ab69827
2019-07-13 14:42:31,013 INFO  handler.ContextHandler (ContextHandler.java:doStart(781)) - Started o.e.j.s.ServletContextHandler@570ba13{/logs,file:///tmp/workdir/hadoop-ozone/integration-test/target/log,AVAILABLE}
2019-07-13 14:42:31,014 INFO  handler.ContextHandler (ContextHandler.java:doStart(781)) - Started o.e.j.s.ServletContextHandler@525b1b70{/static,jar:file:/home/user/.m2/repository/org/apache/hadoop/hadoop-hdds-container-service/0.5.0-SNAPSHOT/hadoop-hdds-container-service-0.5.0-SNAPSHOT.jar!/webapps/static,AVAILABLE}
2019-07-13 14:42:31,056 INFO  handler.ContextHandler (ContextHandler.java:doStart(781)) - Started o.e.j.w.WebAppContext@902fdbe{/,file:///tmp/jetty-0.0.0.0-44543-hddsDatanode-_-any-1227145329469912845.dir/webapp/,AVAILABLE}{/hddsDatanode}
2019-07-13 14:42:31,057 INFO  server.AbstractConnector (AbstractConnector.java:doStart(278)) - Started ServerConnector@796d33eb{HTTP/1.1,[http/1.1]}{0.0.0.0:44543}
2019-07-13 14:42:31,058 INFO  server.Server (Server.java:doStart(419)) - Started @6019ms
2019-07-13 14:42:31,061 INFO  server.BaseHttpServer (BaseHttpServer.java:updateConnectorAddress(207)) - HTTP server of HDDSDATANODE is listening at http://0.0.0.0:44543
2019-07-13 14:42:31,100 INFO  datanode.InitDatanodeState (InitDatanodeState.java:persistContainerDatanodeDetails(140)) - DatanodeDetails is persisted to /tmp/workdir/hadoop-ozone/integration-test/target/test-dir/MiniOzoneClusterImpl-cdb6c0af-5e4e-41d1-90b6-fe79d96a918f/datanode-0/meta/datanode.id
2019-07-13 14:42:31,225 INFO  ozone.HddsDatanodeService (HddsDatanodeService.java:startPlugins(396)) - Started plug-in org.apache.hadoop.ozone.web.OzoneHddsDatanodeService@1e98b788
2019-07-13 14:42:31,226 INFO  impl.MetricsSystemImpl (MetricsSystemImpl.java:init(158)) - HddsDatanode metrics system started (again)
2019-07-13 14:42:31,226 INFO  ozone.HddsDatanodeService (HddsDatanodeService.java:start(185)) - HddsDatanodeService host:trunk-nightly-mhs6z-4061744966 ip:192.168.5.172
2019-07-13 14:42:31,228 INFO  util.JvmPauseMonitor (JvmPauseMonitor.java:run(188)) - Starting JVM pause monitor
2019-07-13 14:42:31,237 INFO  volume.HddsVolume (HddsVolume.java:<init>(176)) - Creating Volume: /tmp/workdir/hadoop-ozone/integration-test/target/test-dir/MiniOzoneClusterImpl-cdb6c0af-5e4e-41d1-90b6-fe79d96a918f/datanode-2/data/containers/hdds of  storage type : DISK and capacity : 52710309888
2019-07-13 14:42:31,237 INFO  volume.VolumeSet (VolumeSet.java:initializeVolumeSet(170)) - Added Volume : /tmp/workdir/hadoop-ozone/integration-test/target/test-dir/MiniOzoneClusterImpl-cdb6c0af-5e4e-41d1-90b6-fe79d96a918f/datanode-2/data/containers/hdds to VolumeSet
2019-07-13 14:42:31,238 INFO  volume.ThrottledAsyncChecker (ThrottledAsyncChecker.java:schedule(140)) - Scheduling a check for org.apache.hadoop.ozone.container.common.volume.HddsVolume@10f477e2
2019-07-13 14:42:31,238 INFO  datanode.InitDatanodeState (InitDatanodeState.java:persistContainerDatanodeDetails(140)) - DatanodeDetails is persisted to /tmp/workdir/hadoop-ozone/integration-test/target/test-dir/MiniOzoneClusterImpl-cdb6c0af-5e4e-41d1-90b6-fe79d96a918f/datanode-1/meta/datanode.id
2019-07-13 14:42:31,239 INFO  volume.HddsVolumeChecker (HddsVolumeChecker.java:checkAllVolumes(203)) - Scheduled health check for volume org.apache.hadoop.ozone.container.common.volume.HddsVolume@10f477e2
2019-07-13 14:42:31,260 INFO  impl.RaftServerProxy (ConfUtils.java:logGet(43)) - raft.rpc.type = GRPC (default)
2019-07-13 14:42:31,261 INFO  grpc.GrpcFactory (GrpcFactory.java:checkPooledByteBufAllocatorUseCacheForAllThreads(45)) - PERFORMANCE WARNING: useCacheForAllThreads is true that may cause Netty to create a lot garbage objects and, as a result, trigger GC.
	It is recommended to disable useCacheForAllThreads by setting -Dorg.apache.ratis.thirdparty.io.netty.allocator.useCacheForAllThreads=false in command line.
2019-07-13 14:42:31,261 INFO  grpc.GrpcConfigKeys$Server (ConfUtils.java:logGet(43)) - raft.grpc.server.port = 0 (default)
2019-07-13 14:42:31,261 INFO  server.GrpcService (ConfUtils.java:logGet(43)) - raft.grpc.message.size.max = 33570816 (custom)
2019-07-13 14:42:31,262 INFO  server.RaftServerConfigKeys (ConfUtils.java:logGet(43)) - raft.server.log.appender.buffer.byte-limit = 33554432 (custom)
2019-07-13 14:42:31,262 INFO  server.GrpcService (ConfUtils.java:logGet(43)) - raft.grpc.flow.control.window = 1MB (=1048576) (default)
2019-07-13 14:42:31,262 INFO  server.RaftServerConfigKeys (ConfUtils.java:logGet(43)) - raft.server.rpc.request.timeout = 3000ms (default)
2019-07-13 14:42:31,263 INFO  server.RaftServerConfigKeys (ConfUtils.java:logGet(43)) - raft.server.storage.dir = [/tmp/workdir/hadoop-ozone/integration-test/target/test-dir/MiniOzoneClusterImpl-cdb6c0af-5e4e-41d1-90b6-fe79d96a918f/datanode-2/data/ratis] (custom)
2019-07-13 14:42:31,264 INFO  replication.SimpleContainerDownloader (SimpleContainerDownloader.java:<init>(72)) - Starting container downloader service to copy containers to replicate.
2019-07-13 14:42:31,266 INFO  hdfs.DFSUtil (DFSUtil.java:httpServerTemplateForNNAndJN(1641)) - Starting Web-server for hddsDatanode at: http://0.0.0.0:0
2019-07-13 14:42:31,267 INFO  server.AuthenticationFilter (AuthenticationFilter.java:constructSecretProvider(240)) - Unable to initialize FileSignerSecretProvider, falling back to use random secrets.
2019-07-13 14:42:31,267 WARN  http.HttpRequestLog (HttpRequestLog.java:getRequestLog(97)) - Jetty request log can only be enabled using Log4j
2019-07-13 14:42:31,269 INFO  http.HttpServer2 (HttpServer2.java:addGlobalFilter(975)) - Added global filter 'safety' (class=org.apache.hadoop.http.HttpServer2$QuotingInputFilter)
2019-07-13 14:42:31,270 INFO  http.HttpServer2 (HttpServer2.java:addFilter(948)) - Added filter static_user_filter (class=org.apache.hadoop.http.lib.StaticUserWebFilter$StaticUserFilter) to context hddsDatanode
2019-07-13 14:42:31,270 INFO  http.HttpServer2 (HttpServer2.java:addFilter(958)) - Added filter static_user_filter (class=org.apache.hadoop.http.lib.StaticUserWebFilter$StaticUserFilter) to context logs
2019-07-13 14:42:31,270 INFO  http.HttpServer2 (HttpServer2.java:addFilter(958)) - Added filter static_user_filter (class=org.apache.hadoop.http.lib.StaticUserWebFilter$StaticUserFilter) to context static
2019-07-13 14:42:31,271 INFO  http.HttpServer2 (HttpServer2.java:bindListener(1191)) - Jetty bound to port 40430
2019-07-13 14:42:31,271 INFO  server.Server (Server.java:doStart(351)) - jetty-9.3.24.v20180605, build timestamp: 2018-06-05T17:11:56Z, git hash: 84205aa28f11a4f31f2a3b86d1bba2cc8ab69827
2019-07-13 14:42:31,275 INFO  handler.ContextHandler (ContextHandler.java:doStart(781)) - Started o.e.j.s.ServletContextHandler@27b337bb{/logs,file:///tmp/workdir/hadoop-ozone/integration-test/target/log,AVAILABLE}
2019-07-13 14:42:31,275 INFO  handler.ContextHandler (ContextHandler.java:doStart(781)) - Started o.e.j.s.ServletContextHandler@5c18d6d4{/static,jar:file:/home/user/.m2/repository/org/apache/hadoop/hadoop-hdds-container-service/0.5.0-SNAPSHOT/hadoop-hdds-container-service-0.5.0-SNAPSHOT.jar!/webapps/static,AVAILABLE}
2019-07-13 14:42:31,315 INFO  handler.ContextHandler (ContextHandler.java:doStart(781)) - Started o.e.j.w.WebAppContext@1ab14636{/,file:///tmp/jetty-0.0.0.0-40430-hddsDatanode-_-any-1576302138172156109.dir/webapp/,AVAILABLE}{/hddsDatanode}
2019-07-13 14:42:31,316 INFO  server.AbstractConnector (AbstractConnector.java:doStart(278)) - Started ServerConnector@16b3c905{HTTP/1.1,[http/1.1]}{0.0.0.0:40430}
2019-07-13 14:42:31,318 INFO  server.Server (Server.java:doStart(419)) - Started @6279ms
2019-07-13 14:42:31,319 INFO  server.BaseHttpServer (BaseHttpServer.java:updateConnectorAddress(207)) - HTTP server of HDDSDATANODE is listening at http://0.0.0.0:40430
2019-07-13 14:42:31,466 INFO  ozone.HddsDatanodeService (HddsDatanodeService.java:startPlugins(396)) - Started plug-in org.apache.hadoop.ozone.web.OzoneHddsDatanodeService@30922f8d
2019-07-13 14:42:31,466 INFO  impl.MetricsSystemImpl (MetricsSystemImpl.java:init(158)) - HddsDatanode metrics system started (again)
2019-07-13 14:42:31,467 INFO  ozone.HddsDatanodeService (HddsDatanodeService.java:start(185)) - HddsDatanodeService host:trunk-nightly-mhs6z-4061744966 ip:192.168.5.172
2019-07-13 14:42:31,468 INFO  util.JvmPauseMonitor (JvmPauseMonitor.java:run(188)) - Starting JVM pause monitor
2019-07-13 14:42:31,472 INFO  datanode.InitDatanodeState (InitDatanodeState.java:persistContainerDatanodeDetails(140)) - DatanodeDetails is persisted to /tmp/workdir/hadoop-ozone/integration-test/target/test-dir/MiniOzoneClusterImpl-cdb6c0af-5e4e-41d1-90b6-fe79d96a918f/datanode-2/meta/datanode.id
2019-07-13 14:42:31,477 INFO  volume.HddsVolume (HddsVolume.java:<init>(176)) - Creating Volume: /tmp/workdir/hadoop-ozone/integration-test/target/test-dir/MiniOzoneClusterImpl-cdb6c0af-5e4e-41d1-90b6-fe79d96a918f/datanode-3/data/containers/hdds of  storage type : DISK and capacity : 52710309888
2019-07-13 14:42:31,477 INFO  volume.VolumeSet (VolumeSet.java:initializeVolumeSet(170)) - Added Volume : /tmp/workdir/hadoop-ozone/integration-test/target/test-dir/MiniOzoneClusterImpl-cdb6c0af-5e4e-41d1-90b6-fe79d96a918f/datanode-3/data/containers/hdds to VolumeSet
2019-07-13 14:42:31,477 INFO  volume.ThrottledAsyncChecker (ThrottledAsyncChecker.java:schedule(140)) - Scheduling a check for org.apache.hadoop.ozone.container.common.volume.HddsVolume@45d56062
2019-07-13 14:42:31,478 INFO  volume.HddsVolumeChecker (HddsVolumeChecker.java:checkAllVolumes(203)) - Scheduled health check for volume org.apache.hadoop.ozone.container.common.volume.HddsVolume@45d56062
2019-07-13 14:42:31,494 INFO  impl.RaftServerProxy (ConfUtils.java:logGet(43)) - raft.rpc.type = GRPC (default)
2019-07-13 14:42:31,495 INFO  grpc.GrpcFactory (GrpcFactory.java:checkPooledByteBufAllocatorUseCacheForAllThreads(45)) - PERFORMANCE WARNING: useCacheForAllThreads is true that may cause Netty to create a lot garbage objects and, as a result, trigger GC.
	It is recommended to disable useCacheForAllThreads by setting -Dorg.apache.ratis.thirdparty.io.netty.allocator.useCacheForAllThreads=false in command line.
2019-07-13 14:42:31,495 INFO  grpc.GrpcConfigKeys$Server (ConfUtils.java:logGet(43)) - raft.grpc.server.port = 0 (default)
2019-07-13 14:42:31,495 INFO  server.GrpcService (ConfUtils.java:logGet(43)) - raft.grpc.message.size.max = 33570816 (custom)
2019-07-13 14:42:31,498 INFO  server.RaftServerConfigKeys (ConfUtils.java:logGet(43)) - raft.server.log.appender.buffer.byte-limit = 33554432 (custom)
2019-07-13 14:42:31,499 INFO  server.GrpcService (ConfUtils.java:logGet(43)) - raft.grpc.flow.control.window = 1MB (=1048576) (default)
2019-07-13 14:42:31,499 INFO  server.RaftServerConfigKeys (ConfUtils.java:logGet(43)) - raft.server.rpc.request.timeout = 3000ms (default)
2019-07-13 14:42:31,499 INFO  server.RaftServerConfigKeys (ConfUtils.java:logGet(43)) - raft.server.storage.dir = [/tmp/workdir/hadoop-ozone/integration-test/target/test-dir/MiniOzoneClusterImpl-cdb6c0af-5e4e-41d1-90b6-fe79d96a918f/datanode-3/data/ratis] (custom)
2019-07-13 14:42:31,500 INFO  replication.SimpleContainerDownloader (SimpleContainerDownloader.java:<init>(72)) - Starting container downloader service to copy containers to replicate.
2019-07-13 14:42:31,501 INFO  hdfs.DFSUtil (DFSUtil.java:httpServerTemplateForNNAndJN(1641)) - Starting Web-server for hddsDatanode at: http://0.0.0.0:0
2019-07-13 14:42:31,504 INFO  server.AuthenticationFilter (AuthenticationFilter.java:constructSecretProvider(240)) - Unable to initialize FileSignerSecretProvider, falling back to use random secrets.
2019-07-13 14:42:31,504 WARN  http.HttpRequestLog (HttpRequestLog.java:getRequestLog(97)) - Jetty request log can only be enabled using Log4j
2019-07-13 14:42:31,507 INFO  http.HttpServer2 (HttpServer2.java:addGlobalFilter(975)) - Added global filter 'safety' (class=org.apache.hadoop.http.HttpServer2$QuotingInputFilter)
2019-07-13 14:42:31,507 INFO  http.HttpServer2 (HttpServer2.java:addFilter(948)) - Added filter static_user_filter (class=org.apache.hadoop.http.lib.StaticUserWebFilter$StaticUserFilter) to context hddsDatanode
2019-07-13 14:42:31,508 INFO  http.HttpServer2 (HttpServer2.java:addFilter(958)) - Added filter static_user_filter (class=org.apache.hadoop.http.lib.StaticUserWebFilter$StaticUserFilter) to context static
2019-07-13 14:42:31,508 INFO  http.HttpServer2 (HttpServer2.java:addFilter(958)) - Added filter static_user_filter (class=org.apache.hadoop.http.lib.StaticUserWebFilter$StaticUserFilter) to context logs
2019-07-13 14:42:31,509 INFO  http.HttpServer2 (HttpServer2.java:bindListener(1191)) - Jetty bound to port 40093
2019-07-13 14:42:31,509 INFO  server.Server (Server.java:doStart(351)) - jetty-9.3.24.v20180605, build timestamp: 2018-06-05T17:11:56Z, git hash: 84205aa28f11a4f31f2a3b86d1bba2cc8ab69827
2019-07-13 14:42:31,512 INFO  handler.ContextHandler (ContextHandler.java:doStart(781)) - Started o.e.j.s.ServletContextHandler@4f081b5d{/logs,file:///tmp/workdir/hadoop-ozone/integration-test/target/log,AVAILABLE}
2019-07-13 14:42:31,513 INFO  handler.ContextHandler (ContextHandler.java:doStart(781)) - Started o.e.j.s.ServletContextHandler@740a0d5e{/static,jar:file:/home/user/.m2/repository/org/apache/hadoop/hadoop-hdds-container-service/0.5.0-SNAPSHOT/hadoop-hdds-container-service-0.5.0-SNAPSHOT.jar!/webapps/static,AVAILABLE}
2019-07-13 14:42:31,548 INFO  handler.ContextHandler (ContextHandler.java:doStart(781)) - Started o.e.j.w.WebAppContext@4ae2e781{/,file:///tmp/jetty-0.0.0.0-40093-hddsDatanode-_-any-6386388562333207045.dir/webapp/,AVAILABLE}{/hddsDatanode}
2019-07-13 14:42:31,549 INFO  server.AbstractConnector (AbstractConnector.java:doStart(278)) - Started ServerConnector@339f3a55{HTTP/1.1,[http/1.1]}{0.0.0.0:40093}
2019-07-13 14:42:31,550 INFO  server.Server (Server.java:doStart(419)) - Started @6511ms
2019-07-13 14:42:31,552 INFO  server.BaseHttpServer (BaseHttpServer.java:updateConnectorAddress(207)) - HTTP server of HDDSDATANODE is listening at http://0.0.0.0:40093
2019-07-13 14:42:31,699 INFO  ozone.HddsDatanodeService (HddsDatanodeService.java:startPlugins(396)) - Started plug-in org.apache.hadoop.ozone.web.OzoneHddsDatanodeService@15605d83
2019-07-13 14:42:31,699 INFO  impl.MetricsSystemImpl (MetricsSystemImpl.java:init(158)) - HddsDatanode metrics system started (again)
2019-07-13 14:42:31,700 INFO  ozone.HddsDatanodeService (HddsDatanodeService.java:start(185)) - HddsDatanodeService host:trunk-nightly-mhs6z-4061744966 ip:192.168.5.172
2019-07-13 14:42:31,702 INFO  util.JvmPauseMonitor (JvmPauseMonitor.java:run(188)) - Starting JVM pause monitor
2019-07-13 14:42:31,705 INFO  datanode.InitDatanodeState (InitDatanodeState.java:persistContainerDatanodeDetails(140)) - DatanodeDetails is persisted to /tmp/workdir/hadoop-ozone/integration-test/target/test-dir/MiniOzoneClusterImpl-cdb6c0af-5e4e-41d1-90b6-fe79d96a918f/datanode-3/meta/datanode.id
2019-07-13 14:42:31,708 INFO  volume.HddsVolume (HddsVolume.java:<init>(176)) - Creating Volume: /tmp/workdir/hadoop-ozone/integration-test/target/test-dir/MiniOzoneClusterImpl-cdb6c0af-5e4e-41d1-90b6-fe79d96a918f/datanode-4/data/containers/hdds of  storage type : DISK and capacity : 52710309888
2019-07-13 14:42:31,709 INFO  volume.VolumeSet (VolumeSet.java:initializeVolumeSet(170)) - Added Volume : /tmp/workdir/hadoop-ozone/integration-test/target/test-dir/MiniOzoneClusterImpl-cdb6c0af-5e4e-41d1-90b6-fe79d96a918f/datanode-4/data/containers/hdds to VolumeSet
2019-07-13 14:42:31,709 INFO  volume.ThrottledAsyncChecker (ThrottledAsyncChecker.java:schedule(140)) - Scheduling a check for org.apache.hadoop.ozone.container.common.volume.HddsVolume@6da54910
2019-07-13 14:42:31,709 INFO  volume.HddsVolumeChecker (HddsVolumeChecker.java:checkAllVolumes(203)) - Scheduled health check for volume org.apache.hadoop.ozone.container.common.volume.HddsVolume@6da54910
2019-07-13 14:42:31,725 INFO  impl.RaftServerProxy (ConfUtils.java:logGet(43)) - raft.rpc.type = GRPC (default)
2019-07-13 14:42:31,725 INFO  grpc.GrpcFactory (GrpcFactory.java:checkPooledByteBufAllocatorUseCacheForAllThreads(45)) - PERFORMANCE WARNING: useCacheForAllThreads is true that may cause Netty to create a lot garbage objects and, as a result, trigger GC.
	It is recommended to disable useCacheForAllThreads by setting -Dorg.apache.ratis.thirdparty.io.netty.allocator.useCacheForAllThreads=false in command line.
2019-07-13 14:42:31,725 INFO  grpc.GrpcConfigKeys$Server (ConfUtils.java:logGet(43)) - raft.grpc.server.port = 0 (default)
2019-07-13 14:42:31,726 INFO  server.GrpcService (ConfUtils.java:logGet(43)) - raft.grpc.message.size.max = 33570816 (custom)
2019-07-13 14:42:31,726 INFO  server.RaftServerConfigKeys (ConfUtils.java:logGet(43)) - raft.server.log.appender.buffer.byte-limit = 33554432 (custom)
2019-07-13 14:42:31,726 INFO  server.GrpcService (ConfUtils.java:logGet(43)) - raft.grpc.flow.control.window = 1MB (=1048576) (default)
2019-07-13 14:42:31,726 INFO  server.RaftServerConfigKeys (ConfUtils.java:logGet(43)) - raft.server.rpc.request.timeout = 3000ms (default)
2019-07-13 14:42:31,727 INFO  server.RaftServerConfigKeys (ConfUtils.java:logGet(43)) - raft.server.storage.dir = [/tmp/workdir/hadoop-ozone/integration-test/target/test-dir/MiniOzoneClusterImpl-cdb6c0af-5e4e-41d1-90b6-fe79d96a918f/datanode-4/data/ratis] (custom)
2019-07-13 14:42:31,727 INFO  replication.SimpleContainerDownloader (SimpleContainerDownloader.java:<init>(72)) - Starting container downloader service to copy containers to replicate.
2019-07-13 14:42:31,730 INFO  hdfs.DFSUtil (DFSUtil.java:httpServerTemplateForNNAndJN(1641)) - Starting Web-server for hddsDatanode at: http://0.0.0.0:0
2019-07-13 14:42:31,731 INFO  server.AuthenticationFilter (AuthenticationFilter.java:constructSecretProvider(240)) - Unable to initialize FileSignerSecretProvider, falling back to use random secrets.
2019-07-13 14:42:31,731 WARN  http.HttpRequestLog (HttpRequestLog.java:getRequestLog(97)) - Jetty request log can only be enabled using Log4j
2019-07-13 14:42:31,733 INFO  http.HttpServer2 (HttpServer2.java:addGlobalFilter(975)) - Added global filter 'safety' (class=org.apache.hadoop.http.HttpServer2$QuotingInputFilter)
2019-07-13 14:42:31,733 INFO  http.HttpServer2 (HttpServer2.java:addFilter(948)) - Added filter static_user_filter (class=org.apache.hadoop.http.lib.StaticUserWebFilter$StaticUserFilter) to context hddsDatanode
2019-07-13 14:42:31,733 INFO  http.HttpServer2 (HttpServer2.java:addFilter(958)) - Added filter static_user_filter (class=org.apache.hadoop.http.lib.StaticUserWebFilter$StaticUserFilter) to context logs
2019-07-13 14:42:31,734 INFO  http.HttpServer2 (HttpServer2.java:addFilter(958)) - Added filter static_user_filter (class=org.apache.hadoop.http.lib.StaticUserWebFilter$StaticUserFilter) to context static
2019-07-13 14:42:31,734 INFO  http.HttpServer2 (HttpServer2.java:bindListener(1191)) - Jetty bound to port 32854
2019-07-13 14:42:31,734 INFO  server.Server (Server.java:doStart(351)) - jetty-9.3.24.v20180605, build timestamp: 2018-06-05T17:11:56Z, git hash: 84205aa28f11a4f31f2a3b86d1bba2cc8ab69827
2019-07-13 14:42:31,739 INFO  handler.ContextHandler (ContextHandler.java:doStart(781)) - Started o.e.j.s.ServletContextHandler@640d604{/logs,file:///tmp/workdir/hadoop-ozone/integration-test/target/log,AVAILABLE}
2019-07-13 14:42:31,740 INFO  handler.ContextHandler (ContextHandler.java:doStart(781)) - Started o.e.j.s.ServletContextHandler@5438fa43{/static,jar:file:/home/user/.m2/repository/org/apache/hadoop/hadoop-hdds-container-service/0.5.0-SNAPSHOT/hadoop-hdds-container-service-0.5.0-SNAPSHOT.jar!/webapps/static,AVAILABLE}
2019-07-13 14:42:31,781 INFO  handler.ContextHandler (ContextHandler.java:doStart(781)) - Started o.e.j.w.WebAppContext@de77146{/,file:///tmp/jetty-0.0.0.0-32854-hddsDatanode-_-any-909730601979036749.dir/webapp/,AVAILABLE}{/hddsDatanode}
2019-07-13 14:42:31,782 INFO  server.AbstractConnector (AbstractConnector.java:doStart(278)) - Started ServerConnector@691567ea{HTTP/1.1,[http/1.1]}{0.0.0.0:32854}
2019-07-13 14:42:31,783 INFO  server.Server (Server.java:doStart(419)) - Started @6744ms
2019-07-13 14:42:31,784 INFO  server.BaseHttpServer (BaseHttpServer.java:updateConnectorAddress(207)) - HTTP server of HDDSDATANODE is listening at http://0.0.0.0:32854
2019-07-13 14:42:31,904 INFO  ozone.HddsDatanodeService (HddsDatanodeService.java:startPlugins(396)) - Started plug-in org.apache.hadoop.ozone.web.OzoneHddsDatanodeService@2365ea38
2019-07-13 14:42:31,904 INFO  impl.MetricsSystemImpl (MetricsSystemImpl.java:init(158)) - HddsDatanode metrics system started (again)
2019-07-13 14:42:31,905 INFO  ozone.HddsDatanodeService (HddsDatanodeService.java:start(185)) - HddsDatanodeService host:trunk-nightly-mhs6z-4061744966 ip:192.168.5.172
2019-07-13 14:42:31,906 INFO  util.JvmPauseMonitor (JvmPauseMonitor.java:run(188)) - Starting JVM pause monitor
2019-07-13 14:42:31,910 INFO  datanode.InitDatanodeState (InitDatanodeState.java:persistContainerDatanodeDetails(140)) - DatanodeDetails is persisted to /tmp/workdir/hadoop-ozone/integration-test/target/test-dir/MiniOzoneClusterImpl-cdb6c0af-5e4e-41d1-90b6-fe79d96a918f/datanode-4/meta/datanode.id
2019-07-13 14:42:31,915 INFO  volume.HddsVolume (HddsVolume.java:<init>(176)) - Creating Volume: /tmp/workdir/hadoop-ozone/integration-test/target/test-dir/MiniOzoneClusterImpl-cdb6c0af-5e4e-41d1-90b6-fe79d96a918f/datanode-5/data/containers/hdds of  storage type : DISK and capacity : 52710309888
2019-07-13 14:42:31,915 INFO  volume.VolumeSet (VolumeSet.java:initializeVolumeSet(170)) - Added Volume : /tmp/workdir/hadoop-ozone/integration-test/target/test-dir/MiniOzoneClusterImpl-cdb6c0af-5e4e-41d1-90b6-fe79d96a918f/datanode-5/data/containers/hdds to VolumeSet
2019-07-13 14:42:31,915 INFO  volume.ThrottledAsyncChecker (ThrottledAsyncChecker.java:schedule(140)) - Scheduling a check for org.apache.hadoop.ozone.container.common.volume.HddsVolume@7781263c
2019-07-13 14:42:31,916 INFO  volume.HddsVolumeChecker (HddsVolumeChecker.java:checkAllVolumes(203)) - Scheduled health check for volume org.apache.hadoop.ozone.container.common.volume.HddsVolume@7781263c
2019-07-13 14:42:31,931 INFO  impl.RaftServerProxy (ConfUtils.java:logGet(43)) - raft.rpc.type = GRPC (default)
2019-07-13 14:42:31,931 INFO  grpc.GrpcFactory (GrpcFactory.java:checkPooledByteBufAllocatorUseCacheForAllThreads(45)) - PERFORMANCE WARNING: useCacheForAllThreads is true that may cause Netty to create a lot garbage objects and, as a result, trigger GC.
	It is recommended to disable useCacheForAllThreads by setting -Dorg.apache.ratis.thirdparty.io.netty.allocator.useCacheForAllThreads=false in command line.
2019-07-13 14:42:31,931 INFO  grpc.GrpcConfigKeys$Server (ConfUtils.java:logGet(43)) - raft.grpc.server.port = 0 (default)
2019-07-13 14:42:31,931 INFO  server.GrpcService (ConfUtils.java:logGet(43)) - raft.grpc.message.size.max = 33570816 (custom)
2019-07-13 14:42:31,932 INFO  server.RaftServerConfigKeys (ConfUtils.java:logGet(43)) - raft.server.log.appender.buffer.byte-limit = 33554432 (custom)
2019-07-13 14:42:31,932 INFO  server.GrpcService (ConfUtils.java:logGet(43)) - raft.grpc.flow.control.window = 1MB (=1048576) (default)
2019-07-13 14:42:31,932 INFO  server.RaftServerConfigKeys (ConfUtils.java:logGet(43)) - raft.server.rpc.request.timeout = 3000ms (default)
2019-07-13 14:42:31,932 INFO  server.RaftServerConfigKeys (ConfUtils.java:logGet(43)) - raft.server.storage.dir = [/tmp/workdir/hadoop-ozone/integration-test/target/test-dir/MiniOzoneClusterImpl-cdb6c0af-5e4e-41d1-90b6-fe79d96a918f/datanode-5/data/ratis] (custom)
2019-07-13 14:42:31,933 INFO  replication.SimpleContainerDownloader (SimpleContainerDownloader.java:<init>(72)) - Starting container downloader service to copy containers to replicate.
2019-07-13 14:42:31,934 INFO  hdfs.DFSUtil (DFSUtil.java:httpServerTemplateForNNAndJN(1641)) - Starting Web-server for hddsDatanode at: http://0.0.0.0:0
2019-07-13 14:42:31,935 INFO  server.AuthenticationFilter (AuthenticationFilter.java:constructSecretProvider(240)) - Unable to initialize FileSignerSecretProvider, falling back to use random secrets.
2019-07-13 14:42:31,936 WARN  http.HttpRequestLog (HttpRequestLog.java:getRequestLog(97)) - Jetty request log can only be enabled using Log4j
2019-07-13 14:42:31,937 INFO  http.HttpServer2 (HttpServer2.java:addGlobalFilter(975)) - Added global filter 'safety' (class=org.apache.hadoop.http.HttpServer2$QuotingInputFilter)
2019-07-13 14:42:31,937 INFO  http.HttpServer2 (HttpServer2.java:addFilter(948)) - Added filter static_user_filter (class=org.apache.hadoop.http.lib.StaticUserWebFilter$StaticUserFilter) to context hddsDatanode
2019-07-13 14:42:31,938 INFO  http.HttpServer2 (HttpServer2.java:addFilter(958)) - Added filter static_user_filter (class=org.apache.hadoop.http.lib.StaticUserWebFilter$StaticUserFilter) to context logs
2019-07-13 14:42:31,938 INFO  http.HttpServer2 (HttpServer2.java:addFilter(958)) - Added filter static_user_filter (class=org.apache.hadoop.http.lib.StaticUserWebFilter$StaticUserFilter) to context static
2019-07-13 14:42:31,938 INFO  http.HttpServer2 (HttpServer2.java:bindListener(1191)) - Jetty bound to port 34642
2019-07-13 14:42:31,939 INFO  server.Server (Server.java:doStart(351)) - jetty-9.3.24.v20180605, build timestamp: 2018-06-05T17:11:56Z, git hash: 84205aa28f11a4f31f2a3b86d1bba2cc8ab69827
2019-07-13 14:42:31,941 INFO  handler.ContextHandler (ContextHandler.java:doStart(781)) - Started o.e.j.s.ServletContextHandler@325162e9{/logs,file:///tmp/workdir/hadoop-ozone/integration-test/target/log,AVAILABLE}
2019-07-13 14:42:31,941 INFO  handler.ContextHandler (ContextHandler.java:doStart(781)) - Started o.e.j.s.ServletContextHandler@5c448ef{/static,jar:file:/home/user/.m2/repository/org/apache/hadoop/hadoop-hdds-container-service/0.5.0-SNAPSHOT/hadoop-hdds-container-service-0.5.0-SNAPSHOT.jar!/webapps/static,AVAILABLE}
2019-07-13 14:42:31,969 INFO  handler.ContextHandler (ContextHandler.java:doStart(781)) - Started o.e.j.w.WebAppContext@377dfb8d{/,file:///tmp/jetty-0.0.0.0-34642-hddsDatanode-_-any-212177891954967095.dir/webapp/,AVAILABLE}{/hddsDatanode}
2019-07-13 14:42:31,969 INFO  server.AbstractConnector (AbstractConnector.java:doStart(278)) - Started ServerConnector@42a0786f{HTTP/1.1,[http/1.1]}{0.0.0.0:34642}
2019-07-13 14:42:31,970 INFO  server.Server (Server.java:doStart(419)) - Started @6931ms
2019-07-13 14:42:31,971 INFO  server.BaseHttpServer (BaseHttpServer.java:updateConnectorAddress(207)) - HTTP server of HDDSDATANODE is listening at http://0.0.0.0:34642
2019-07-13 14:42:32,117 INFO  ozone.HddsDatanodeService (HddsDatanodeService.java:startPlugins(396)) - Started plug-in org.apache.hadoop.ozone.web.OzoneHddsDatanodeService@165614f5
2019-07-13 14:42:32,117 INFO  impl.MetricsSystemImpl (MetricsSystemImpl.java:init(158)) - HddsDatanode metrics system started (again)
2019-07-13 14:42:32,118 INFO  ozone.HddsDatanodeService (HddsDatanodeService.java:start(185)) - HddsDatanodeService host:trunk-nightly-mhs6z-4061744966 ip:192.168.5.172
2019-07-13 14:42:32,120 INFO  util.JvmPauseMonitor (JvmPauseMonitor.java:run(188)) - Starting JVM pause monitor
2019-07-13 14:42:32,122 INFO  datanode.InitDatanodeState (InitDatanodeState.java:persistContainerDatanodeDetails(140)) - DatanodeDetails is persisted to /tmp/workdir/hadoop-ozone/integration-test/target/test-dir/MiniOzoneClusterImpl-cdb6c0af-5e4e-41d1-90b6-fe79d96a918f/datanode-5/meta/datanode.id
2019-07-13 14:42:32,128 INFO  volume.HddsVolume (HddsVolume.java:<init>(176)) - Creating Volume: /tmp/workdir/hadoop-ozone/integration-test/target/test-dir/MiniOzoneClusterImpl-cdb6c0af-5e4e-41d1-90b6-fe79d96a918f/datanode-6/data/containers/hdds of  storage type : DISK and capacity : 52710309888
2019-07-13 14:42:32,128 INFO  volume.VolumeSet (VolumeSet.java:initializeVolumeSet(170)) - Added Volume : /tmp/workdir/hadoop-ozone/integration-test/target/test-dir/MiniOzoneClusterImpl-cdb6c0af-5e4e-41d1-90b6-fe79d96a918f/datanode-6/data/containers/hdds to VolumeSet
2019-07-13 14:42:32,129 INFO  volume.ThrottledAsyncChecker (ThrottledAsyncChecker.java:schedule(140)) - Scheduling a check for org.apache.hadoop.ozone.container.common.volume.HddsVolume@103c97ff
2019-07-13 14:42:32,129 INFO  volume.HddsVolumeChecker (HddsVolumeChecker.java:checkAllVolumes(203)) - Scheduled health check for volume org.apache.hadoop.ozone.container.common.volume.HddsVolume@103c97ff
2019-07-13 14:42:32,198 INFO  impl.RaftServerProxy (ConfUtils.java:logGet(43)) - raft.rpc.type = GRPC (default)
2019-07-13 14:42:32,206 INFO  grpc.GrpcFactory (GrpcFactory.java:checkPooledByteBufAllocatorUseCacheForAllThreads(45)) - PERFORMANCE WARNING: useCacheForAllThreads is true that may cause Netty to create a lot garbage objects and, as a result, trigger GC.
	It is recommended to disable useCacheForAllThreads by setting -Dorg.apache.ratis.thirdparty.io.netty.allocator.useCacheForAllThreads=false in command line.
2019-07-13 14:42:32,206 INFO  grpc.GrpcConfigKeys$Server (ConfUtils.java:logGet(43)) - raft.grpc.server.port = 0 (default)
2019-07-13 14:42:32,207 INFO  server.GrpcService (ConfUtils.java:logGet(43)) - raft.grpc.message.size.max = 33570816 (custom)
2019-07-13 14:42:32,208 INFO  server.RaftServerConfigKeys (ConfUtils.java:logGet(43)) - raft.server.log.appender.buffer.byte-limit = 33554432 (custom)
2019-07-13 14:42:32,208 INFO  server.GrpcService (ConfUtils.java:logGet(43)) - raft.grpc.flow.control.window = 1MB (=1048576) (default)
2019-07-13 14:42:32,208 INFO  server.RaftServerConfigKeys (ConfUtils.java:logGet(43)) - raft.server.rpc.request.timeout = 3000ms (default)
2019-07-13 14:42:32,209 INFO  server.RaftServerConfigKeys (ConfUtils.java:logGet(43)) - raft.server.storage.dir = [/tmp/workdir/hadoop-ozone/integration-test/target/test-dir/MiniOzoneClusterImpl-cdb6c0af-5e4e-41d1-90b6-fe79d96a918f/datanode-6/data/ratis] (custom)
2019-07-13 14:42:32,211 INFO  replication.SimpleContainerDownloader (SimpleContainerDownloader.java:<init>(72)) - Starting container downloader service to copy containers to replicate.
2019-07-13 14:42:32,213 INFO  hdfs.DFSUtil (DFSUtil.java:httpServerTemplateForNNAndJN(1641)) - Starting Web-server for hddsDatanode at: http://0.0.0.0:0
2019-07-13 14:42:32,227 INFO  server.AuthenticationFilter (AuthenticationFilter.java:constructSecretProvider(240)) - Unable to initialize FileSignerSecretProvider, falling back to use random secrets.
2019-07-13 14:42:32,228 WARN  http.HttpRequestLog (HttpRequestLog.java:getRequestLog(97)) - Jetty request log can only be enabled using Log4j
2019-07-13 14:42:32,230 INFO  http.HttpServer2 (HttpServer2.java:addGlobalFilter(975)) - Added global filter 'safety' (class=org.apache.hadoop.http.HttpServer2$QuotingInputFilter)
2019-07-13 14:42:32,231 INFO  http.HttpServer2 (HttpServer2.java:addFilter(948)) - Added filter static_user_filter (class=org.apache.hadoop.http.lib.StaticUserWebFilter$StaticUserFilter) to context hddsDatanode
2019-07-13 14:42:32,231 INFO  http.HttpServer2 (HttpServer2.java:addFilter(958)) - Added filter static_user_filter (class=org.apache.hadoop.http.lib.StaticUserWebFilter$StaticUserFilter) to context logs
2019-07-13 14:42:32,231 INFO  http.HttpServer2 (HttpServer2.java:addFilter(958)) - Added filter static_user_filter (class=org.apache.hadoop.http.lib.StaticUserWebFilter$StaticUserFilter) to context static
2019-07-13 14:42:32,232 INFO  http.HttpServer2 (HttpServer2.java:bindListener(1191)) - Jetty bound to port 41741
2019-07-13 14:42:32,233 INFO  server.Server (Server.java:doStart(351)) - jetty-9.3.24.v20180605, build timestamp: 2018-06-05T17:11:56Z, git hash: 84205aa28f11a4f31f2a3b86d1bba2cc8ab69827
2019-07-13 14:42:32,235 INFO  handler.ContextHandler (ContextHandler.java:doStart(781)) - Started o.e.j.s.ServletContextHandler@35fa450f{/logs,file:///tmp/workdir/hadoop-ozone/integration-test/target/log,AVAILABLE}
2019-07-13 14:42:32,236 INFO  handler.ContextHandler (ContextHandler.java:doStart(781)) - Started o.e.j.s.ServletContextHandler@9b3be1c{/static,jar:file:/home/user/.m2/repository/org/apache/hadoop/hadoop-hdds-container-service/0.5.0-SNAPSHOT/hadoop-hdds-container-service-0.5.0-SNAPSHOT.jar!/webapps/static,AVAILABLE}
2019-07-13 14:42:32,279 INFO  handler.ContextHandler (ContextHandler.java:doStart(781)) - Started o.e.j.w.WebAppContext@4c7d7430{/,file:///tmp/jetty-0.0.0.0-41741-hddsDatanode-_-any-2322979238167457809.dir/webapp/,AVAILABLE}{/hddsDatanode}
2019-07-13 14:42:32,280 INFO  server.AbstractConnector (AbstractConnector.java:doStart(278)) - Started ServerConnector@4ea1aa52{HTTP/1.1,[http/1.1]}{0.0.0.0:41741}
2019-07-13 14:42:32,280 INFO  server.Server (Server.java:doStart(419)) - Started @7241ms
2019-07-13 14:42:32,281 INFO  server.BaseHttpServer (BaseHttpServer.java:updateConnectorAddress(207)) - HTTP server of HDDSDATANODE is listening at http://0.0.0.0:41741
2019-07-13 14:42:32,442 INFO  ozone.HddsDatanodeService (HddsDatanodeService.java:startPlugins(396)) - Started plug-in org.apache.hadoop.ozone.web.OzoneHddsDatanodeService@da09250
2019-07-13 14:42:32,443 INFO  ozone.MiniOzoneClusterImpl (MiniOzoneClusterImpl.java:lambda$waitForClusterToBeReady$0(142)) - Waiting for cluster to be ready. Got 0 of 7 DN Heartbeats.
2019-07-13 14:42:32,444 INFO  util.JvmPauseMonitor (JvmPauseMonitor.java:run(188)) - Starting JVM pause monitor
2019-07-13 14:42:32,446 INFO  datanode.InitDatanodeState (InitDatanodeState.java:persistContainerDatanodeDetails(140)) - DatanodeDetails is persisted to /tmp/workdir/hadoop-ozone/integration-test/target/test-dir/MiniOzoneClusterImpl-cdb6c0af-5e4e-41d1-90b6-fe79d96a918f/datanode-6/meta/datanode.id
2019-07-13 14:42:33,027 INFO  ozoneimpl.OzoneContainer (OzoneContainer.java:start(186)) - Attempting to start container services.
2019-07-13 14:42:33,028 INFO  ozoneimpl.OzoneContainer (OzoneContainer.java:startContainerScrub(160)) - Background container scrubber has been disabled by hdds.containerscrub.enabled
2019-07-13 14:42:33,029 INFO  ratis.XceiverServerRatis (XceiverServerRatis.java:start(418)) - Starting XceiverServerRatis 71b53168-5f95-4a1a-bad4-07e11f6dba72 at port 0
2019-07-13 14:42:33,054 INFO  impl.RaftServerProxy (RaftServerProxy.java:lambda$start$3(299)) - 71b53168-5f95-4a1a-bad4-07e11f6dba72: start RPC server
2019-07-13 14:42:33,184 INFO  server.GrpcService (GrpcService.java:startImpl(149)) - 71b53168-5f95-4a1a-bad4-07e11f6dba72: GrpcService started, listening on 0.0.0.0/0.0.0.0:35257
2019-07-13 14:42:33,184 INFO  ratis.XceiverServerRatis (XceiverServerRatis.java:start(428)) - XceiverServerRatis 71b53168-5f95-4a1a-bad4-07e11f6dba72 is started using port 35257
2019-07-13 14:42:33,186 INFO  server.XceiverServerGrpc (XceiverServerGrpc.java:start(161)) - XceiverServerGrpc 71b53168-5f95-4a1a-bad4-07e11f6dba72 is started using port 42140
2019-07-13 14:42:33,238 INFO  ozoneimpl.OzoneContainer (OzoneContainer.java:start(186)) - Attempting to start container services.
2019-07-13 14:42:33,241 INFO  ozoneimpl.OzoneContainer (OzoneContainer.java:startContainerScrub(160)) - Background container scrubber has been disabled by hdds.containerscrub.enabled
2019-07-13 14:42:33,241 INFO  ratis.XceiverServerRatis (XceiverServerRatis.java:start(418)) - Starting XceiverServerRatis 385e556a-2d1f-4a54-b566-fc4fd79f227c at port 0
2019-07-13 14:42:33,251 INFO  impl.RaftServerProxy (RaftServerProxy.java:lambda$start$3(299)) - 385e556a-2d1f-4a54-b566-fc4fd79f227c: start RPC server
2019-07-13 14:42:33,254 INFO  server.GrpcService (GrpcService.java:startImpl(149)) - 385e556a-2d1f-4a54-b566-fc4fd79f227c: GrpcService started, listening on 0.0.0.0/0.0.0.0:39129
2019-07-13 14:42:33,254 INFO  ratis.XceiverServerRatis (XceiverServerRatis.java:start(428)) - XceiverServerRatis 385e556a-2d1f-4a54-b566-fc4fd79f227c is started using port 39129
2019-07-13 14:42:33,257 INFO  server.XceiverServerGrpc (XceiverServerGrpc.java:start(161)) - XceiverServerGrpc 385e556a-2d1f-4a54-b566-fc4fd79f227c is started using port 41908
2019-07-13 14:42:33,443 INFO  ozone.MiniOzoneClusterImpl (MiniOzoneClusterImpl.java:lambda$waitForClusterToBeReady$0(142)) - Waiting for cluster to be ready. Got 0 of 7 DN Heartbeats.
2019-07-13 14:42:33,480 INFO  ozoneimpl.OzoneContainer (OzoneContainer.java:start(186)) - Attempting to start container services.
2019-07-13 14:42:33,482 INFO  ozoneimpl.OzoneContainer (OzoneContainer.java:startContainerScrub(160)) - Background container scrubber has been disabled by hdds.containerscrub.enabled
2019-07-13 14:42:33,483 INFO  ratis.XceiverServerRatis (XceiverServerRatis.java:start(418)) - Starting XceiverServerRatis b0c0c3e2-275c-4107-9f75-d1827b8e1924 at port 0
2019-07-13 14:42:33,493 INFO  impl.RaftServerProxy (RaftServerProxy.java:lambda$start$3(299)) - b0c0c3e2-275c-4107-9f75-d1827b8e1924: start RPC server
2019-07-13 14:42:33,496 INFO  server.GrpcService (GrpcService.java:startImpl(149)) - b0c0c3e2-275c-4107-9f75-d1827b8e1924: GrpcService started, listening on 0.0.0.0/0.0.0.0:39564
2019-07-13 14:42:33,497 INFO  ratis.XceiverServerRatis (XceiverServerRatis.java:start(428)) - XceiverServerRatis b0c0c3e2-275c-4107-9f75-d1827b8e1924 is started using port 39564
2019-07-13 14:42:33,500 INFO  server.XceiverServerGrpc (XceiverServerGrpc.java:start(161)) - XceiverServerGrpc b0c0c3e2-275c-4107-9f75-d1827b8e1924 is started using port 33785
2019-07-13 14:42:33,710 INFO  ozoneimpl.OzoneContainer (OzoneContainer.java:start(186)) - Attempting to start container services.
2019-07-13 14:42:33,713 INFO  ozoneimpl.OzoneContainer (OzoneContainer.java:startContainerScrub(160)) - Background container scrubber has been disabled by hdds.containerscrub.enabled
2019-07-13 14:42:33,713 INFO  ratis.XceiverServerRatis (XceiverServerRatis.java:start(418)) - Starting XceiverServerRatis d37845be-7bdd-4fdf-a74e-f0fdeb4f99ea at port 0
2019-07-13 14:42:33,723 INFO  impl.RaftServerProxy (RaftServerProxy.java:lambda$start$3(299)) - d37845be-7bdd-4fdf-a74e-f0fdeb4f99ea: start RPC server
2019-07-13 14:42:33,727 INFO  server.GrpcService (GrpcService.java:startImpl(149)) - d37845be-7bdd-4fdf-a74e-f0fdeb4f99ea: GrpcService started, listening on 0.0.0.0/0.0.0.0:37341
2019-07-13 14:42:33,728 INFO  ratis.XceiverServerRatis (XceiverServerRatis.java:start(428)) - XceiverServerRatis d37845be-7bdd-4fdf-a74e-f0fdeb4f99ea is started using port 37341
2019-07-13 14:42:33,731 INFO  server.XceiverServerGrpc (XceiverServerGrpc.java:start(161)) - XceiverServerGrpc d37845be-7bdd-4fdf-a74e-f0fdeb4f99ea is started using port 36198
2019-07-13 14:42:33,914 INFO  ozoneimpl.OzoneContainer (OzoneContainer.java:start(186)) - Attempting to start container services.
2019-07-13 14:42:33,917 INFO  ozoneimpl.OzoneContainer (OzoneContainer.java:startContainerScrub(160)) - Background container scrubber has been disabled by hdds.containerscrub.enabled
2019-07-13 14:42:33,918 INFO  ratis.XceiverServerRatis (XceiverServerRatis.java:start(418)) - Starting XceiverServerRatis 3a2aa442-1699-4b5e-852f-43b5b83fc5be at port 0
2019-07-13 14:42:33,928 INFO  impl.RaftServerProxy (RaftServerProxy.java:lambda$start$3(299)) - 3a2aa442-1699-4b5e-852f-43b5b83fc5be: start RPC server
2019-07-13 14:42:33,932 INFO  server.GrpcService (GrpcService.java:startImpl(149)) - 3a2aa442-1699-4b5e-852f-43b5b83fc5be: GrpcService started, listening on 0.0.0.0/0.0.0.0:41508
2019-07-13 14:42:33,932 INFO  ratis.XceiverServerRatis (XceiverServerRatis.java:start(428)) - XceiverServerRatis 3a2aa442-1699-4b5e-852f-43b5b83fc5be is started using port 41508
2019-07-13 14:42:33,936 INFO  server.XceiverServerGrpc (XceiverServerGrpc.java:start(161)) - XceiverServerGrpc 3a2aa442-1699-4b5e-852f-43b5b83fc5be is started using port 42548
2019-07-13 14:42:34,135 INFO  ozoneimpl.OzoneContainer (OzoneContainer.java:start(186)) - Attempting to start container services.
2019-07-13 14:42:34,138 INFO  ozoneimpl.OzoneContainer (OzoneContainer.java:startContainerScrub(160)) - Background container scrubber has been disabled by hdds.containerscrub.enabled
2019-07-13 14:42:34,139 INFO  ratis.XceiverServerRatis (XceiverServerRatis.java:start(418)) - Starting XceiverServerRatis eccbf334-c64b-489b-87c0-cb0b84bb7b62 at port 0
2019-07-13 14:42:34,147 INFO  impl.RaftServerProxy (RaftServerProxy.java:lambda$start$3(299)) - eccbf334-c64b-489b-87c0-cb0b84bb7b62: start RPC server
2019-07-13 14:42:34,152 INFO  server.GrpcService (GrpcService.java:startImpl(149)) - eccbf334-c64b-489b-87c0-cb0b84bb7b62: GrpcService started, listening on 0.0.0.0/0.0.0.0:46304
2019-07-13 14:42:34,152 INFO  ratis.XceiverServerRatis (XceiverServerRatis.java:start(428)) - XceiverServerRatis eccbf334-c64b-489b-87c0-cb0b84bb7b62 is started using port 46304
2019-07-13 14:42:34,156 INFO  server.XceiverServerGrpc (XceiverServerGrpc.java:start(161)) - XceiverServerGrpc eccbf334-c64b-489b-87c0-cb0b84bb7b62 is started using port 39694
2019-07-13 14:42:34,444 INFO  ozone.MiniOzoneClusterImpl (MiniOzoneClusterImpl.java:lambda$waitForClusterToBeReady$0(142)) - Waiting for cluster to be ready. Got 0 of 7 DN Heartbeats.
2019-07-13 14:42:34,461 INFO  ozoneimpl.OzoneContainer (OzoneContainer.java:start(186)) - Attempting to start container services.
2019-07-13 14:42:34,464 INFO  ozoneimpl.OzoneContainer (OzoneContainer.java:startContainerScrub(160)) - Background container scrubber has been disabled by hdds.containerscrub.enabled
2019-07-13 14:42:34,465 INFO  ratis.XceiverServerRatis (XceiverServerRatis.java:start(418)) - Starting XceiverServerRatis 5a909bff-8fa1-4564-9db7-4383cd66360a at port 0
2019-07-13 14:42:34,472 INFO  impl.RaftServerProxy (RaftServerProxy.java:lambda$start$3(299)) - 5a909bff-8fa1-4564-9db7-4383cd66360a: start RPC server
2019-07-13 14:42:34,477 INFO  server.GrpcService (GrpcService.java:startImpl(149)) - 5a909bff-8fa1-4564-9db7-4383cd66360a: GrpcService started, listening on 0.0.0.0/0.0.0.0:37879
2019-07-13 14:42:34,477 INFO  ratis.XceiverServerRatis (XceiverServerRatis.java:start(428)) - XceiverServerRatis 5a909bff-8fa1-4564-9db7-4383cd66360a is started using port 37879
2019-07-13 14:42:34,483 INFO  server.XceiverServerGrpc (XceiverServerGrpc.java:start(161)) - XceiverServerGrpc 5a909bff-8fa1-4564-9db7-4383cd66360a is started using port 46685
2019-07-13 14:42:35,011 INFO  net.NetworkTopology (NetworkTopologyImpl.java:add(110)) - Added a new node: /default-rack/192.168.5.172
2019-07-13 14:42:35,011 INFO  node.SCMNodeManager (SCMNodeManager.java:register(269)) - Registered Data node : 71b53168-5f95-4a1a-bad4-07e11f6dba72{ip: 192.168.5.172, host: trunk-nightly-mhs6z-4061744966, networkLocation: /default-rack, certSerialId: null}
2019-07-13 14:42:35,018 INFO  safemode.SCMSafeModeManager (DataNodeSafeModeRule.java:process(71)) - SCM in safe mode. 1 DataNodes registered, 1 required.
2019-07-13 14:42:35,018 INFO  safemode.SCMSafeModeManager (SCMSafeModeManager.java:validateSafeModeExitRules(177)) - ScmSafeModeManager, all rules are successfully validated
2019-07-13 14:42:35,018 INFO  safemode.SCMSafeModeManager (SCMSafeModeManager.java:exitSafeMode(193)) - SCM exiting safe mode.
2019-07-13 14:42:35,231 INFO  node.SCMNodeManager (SCMNodeManager.java:register(269)) - Registered Data node : 385e556a-2d1f-4a54-b566-fc4fd79f227c{ip: 192.168.5.172, host: trunk-nightly-mhs6z-4061744966, networkLocation: /default-rack, certSerialId: null}
2019-07-13 14:42:35,457 INFO  ozone.MiniOzoneClusterImpl (MiniOzoneClusterImpl.java:lambda$waitForClusterToBeReady$0(142)) - Waiting for cluster to be ready. Got 2 of 7 DN Heartbeats.
2019-07-13 14:42:35,472 INFO  node.SCMNodeManager (SCMNodeManager.java:register(269)) - Registered Data node : b0c0c3e2-275c-4107-9f75-d1827b8e1924{ip: 192.168.5.172, host: trunk-nightly-mhs6z-4061744966, networkLocation: /default-rack, certSerialId: null}
2019-07-13 14:42:35,963 INFO  node.SCMNodeManager (SCMNodeManager.java:register(269)) - Registered Data node : d37845be-7bdd-4fdf-a74e-f0fdeb4f99ea{ip: 192.168.5.172, host: trunk-nightly-mhs6z-4061744966, networkLocation: /default-rack, certSerialId: null}
2019-07-13 14:42:35,963 INFO  node.SCMNodeManager (SCMNodeManager.java:register(269)) - Registered Data node : 3a2aa442-1699-4b5e-852f-43b5b83fc5be{ip: 192.168.5.172, host: trunk-nightly-mhs6z-4061744966, networkLocation: /default-rack, certSerialId: null}
2019-07-13 14:42:36,039 INFO  impl.RaftServerProxy (RaftServerProxy.java:addNew(89)) - 71b53168-5f95-4a1a-bad4-07e11f6dba72: addNew group-D292242FC203:[71b53168-5f95-4a1a-bad4-07e11f6dba72:192.168.5.172:35257] returns group-D292242FC203:java.util.concurrent.CompletableFuture@b3988df[Not completed]
2019-07-13 14:42:36,060 INFO  impl.RaftServerImpl (RaftServerImpl.java:<init>(93)) - 71b53168-5f95-4a1a-bad4-07e11f6dba72: new RaftServerImpl for group-D292242FC203:[71b53168-5f95-4a1a-bad4-07e11f6dba72:192.168.5.172:35257] with ContainerStateMachine:uninitialized
2019-07-13 14:42:36,063 INFO  server.RaftServerConfigKeys (ConfUtils.java:logGet(43)) - raft.server.rpc.timeout.min = 5s (custom)
2019-07-13 14:42:36,065 INFO  server.RaftServerConfigKeys (ConfUtils.java:logGet(43)) - raft.server.rpc.timeout.max = 5200ms (custom)
2019-07-13 14:42:36,065 INFO  server.RaftServerConfigKeys (ConfUtils.java:logGet(43)) - raft.server.rpcslowness.timeout = 120s (custom)
2019-07-13 14:42:36,065 INFO  server.RaftServerConfigKeys (ConfUtils.java:logGet(43)) - raft.server.sleep.deviation.threshold = 300 (default)
2019-07-13 14:42:36,066 INFO  server.RaftServerConfigKeys (ConfUtils.java:logGet(43)) - raft.server.log.appender.install.snapshot.enabled = false (custom)
2019-07-13 14:42:36,076 INFO  impl.RaftServerImpl (ServerState.java:<init>(105)) - 71b53168-5f95-4a1a-bad4-07e11f6dba72:group-D292242FC203 ConfigurationManager, init=-1: [71b53168-5f95-4a1a-bad4-07e11f6dba72:192.168.5.172:35257], old=null, confs=<EMPTY_MAP>
2019-07-13 14:42:36,076 INFO  server.RaftServerConfigKeys (ConfUtils.java:logGet(43)) - raft.server.storage.dir = [/tmp/workdir/hadoop-ozone/integration-test/target/test-dir/MiniOzoneClusterImpl-cdb6c0af-5e4e-41d1-90b6-fe79d96a918f/datanode-0/data/ratis] (custom)
2019-07-13 14:42:36,085 INFO  storage.RaftStorageDirectory (RaftStorageDirectory.java:analyzeStorage(246)) - The storage directory /tmp/workdir/hadoop-ozone/integration-test/target/test-dir/MiniOzoneClusterImpl-cdb6c0af-5e4e-41d1-90b6-fe79d96a918f/datanode-0/data/ratis/c431d50e-3858-40b7-a35c-d292242fc203 does not exist. Creating ...
2019-07-13 14:42:36,103 INFO  storage.RaftStorageDirectory (RaftStorageDirectory.java:tryLock(328)) - Lock on /tmp/workdir/hadoop-ozone/integration-test/target/test-dir/MiniOzoneClusterImpl-cdb6c0af-5e4e-41d1-90b6-fe79d96a918f/datanode-0/data/ratis/c431d50e-3858-40b7-a35c-d292242fc203/in_use.lock acquired by nodename 18193@trunk-nightly-mhs6z-4061744966
2019-07-13 14:42:36,118 INFO  storage.RaftStorage (RaftStorage.java:format(72)) - Storage directory /tmp/workdir/hadoop-ozone/integration-test/target/test-dir/MiniOzoneClusterImpl-cdb6c0af-5e4e-41d1-90b6-fe79d96a918f/datanode-0/data/ratis/c431d50e-3858-40b7-a35c-d292242fc203 has been successfully formatted.
2019-07-13 14:42:36,120 INFO  ratis.ContainerStateMachine (ContainerStateMachine.java:loadSnapshot(200)) - The snapshot info is null.Setting the last applied index to:(t:0, i:~)
2019-07-13 14:42:36,121 INFO  server.RaftServerConfigKeys (ConfUtils.java:logGet(43)) - raft.server.leader.election.timeout = 120s (custom)
2019-07-13 14:42:36,124 INFO  node.SCMNodeManager (SCMNodeManager.java:register(269)) - Registered Data node : eccbf334-c64b-489b-87c0-cb0b84bb7b62{ip: 192.168.5.172, host: trunk-nightly-mhs6z-4061744966, networkLocation: /default-rack, certSerialId: null}
2019-07-13 14:42:36,124 INFO  server.RaftServerConfigKeys (ConfUtils.java:logGet(43)) - raft.server.log.use.memory = false (default)
2019-07-13 14:42:36,130 INFO  server.RaftServerConfigKeys (ConfUtils.java:logGet(43)) - raft.server.log.purge.gap = 1000000000 (custom)
2019-07-13 14:42:36,130 INFO  server.RaftServerConfigKeys (ConfUtils.java:logGet(43)) - raft.server.log.appender.buffer.byte-limit = 33554432 (custom)
2019-07-13 14:42:36,132 INFO  server.RaftServerConfigKeys (ConfUtils.java:logGet(43)) - raft.server.log.segment.size.max = 1048576 (custom)
2019-07-13 14:42:36,136 INFO  server.RaftServerConfigKeys (ConfUtils.java:logGet(43)) - raft.server.log.segment.cache.num.max = 2 (custom)
2019-07-13 14:42:36,141 INFO  segmented.SegmentedRaftLogWorker (SegmentedRaftLogWorker.java:<init>(172)) - new 71b53168-5f95-4a1a-bad4-07e11f6dba72-SegmentedRaftLogWorker:Storage Directory /tmp/workdir/hadoop-ozone/integration-test/target/test-dir/MiniOzoneClusterImpl-cdb6c0af-5e4e-41d1-90b6-fe79d96a918f/datanode-0/data/ratis/c431d50e-3858-40b7-a35c-d292242fc203 for RaftStorage:Storage Directory /tmp/workdir/hadoop-ozone/integration-test/target/test-dir/MiniOzoneClusterImpl-cdb6c0af-5e4e-41d1-90b6-fe79d96a918f/datanode-0/data/ratis/c431d50e-3858-40b7-a35c-d292242fc203
2019-07-13 14:42:36,152 INFO  server.RaftServerConfigKeys (ConfUtils.java:logGet(43)) - raft.server.log.queue.byte-limit = 2147483647 (custom)
2019-07-13 14:42:36,153 INFO  server.RaftServerConfigKeys (ConfUtils.java:logGet(43)) - raft.server.log.queue.element-limit = 1024 (custom)
2019-07-13 14:42:36,157 INFO  server.RaftServerConfigKeys (ConfUtils.java:logGet(43)) - raft.server.log.segment.size.max = 1048576 (custom)
2019-07-13 14:42:36,157 INFO  server.RaftServerConfigKeys (ConfUtils.java:logGet(43)) - raft.server.log.preallocated.size = 16384 (custom)
2019-07-13 14:42:36,158 INFO  server.RaftServerConfigKeys (ConfUtils.java:logGet(43)) - raft.server.log.write.buffer.size = 33554432 (custom)
2019-07-13 14:42:36,158 INFO  server.RaftServerConfigKeys (ConfUtils.java:logGet(43)) - raft.server.log.force.sync.num = 128 (default)
2019-07-13 14:42:36,159 INFO  server.RaftServerConfigKeys (ConfUtils.java:logGet(43)) - raft.server.log.statemachine.data.sync = true (default)
2019-07-13 14:42:36,159 INFO  server.RaftServerConfigKeys (ConfUtils.java:logGet(43)) - raft.server.log.statemachine.data.sync.timeout = 10s (default)
2019-07-13 14:42:36,159 INFO  server.RaftServerConfigKeys (ConfUtils.java:logGet(43)) - raft.server.log.statemachine.data.sync.timeout.retry = -1 (default)
2019-07-13 14:42:36,167 INFO  server.RaftServerConfigKeys (ConfUtils.java:logGet(43)) - raft.server.log.statemachine.data.caching.enabled = true (custom)
2019-07-13 14:42:36,171 INFO  segmented.SegmentedRaftLogWorker (SegmentedRaftLogWorker.java:lambda$new$0(132)) - 71b53168-5f95-4a1a-bad4-07e11f6dba72-SegmentedRaftLogWorker:Storage Directory /tmp/workdir/hadoop-ozone/integration-test/target/test-dir/MiniOzoneClusterImpl-cdb6c0af-5e4e-41d1-90b6-fe79d96a918f/datanode-0/data/ratis/c431d50e-3858-40b7-a35c-d292242fc203: flushIndex: setUnconditionally 0 -> -1
2019-07-13 14:42:36,174 INFO  server.RaftServerConfigKeys (ConfUtils.java:logGet(43)) - raft.server.snapshot.auto.trigger.enabled = true (custom)
2019-07-13 14:42:36,175 INFO  server.RaftServerConfigKeys (ConfUtils.java:logGet(43)) - raft.server.snapshot.auto.trigger.threshold = 10000 (custom)
2019-07-13 14:42:36,176 INFO  server.RaftServerConfigKeys (ConfUtils.java:logGet(43)) - raft.server.retrycache.expirytime = 600000ms (custom)
2019-07-13 14:42:36,194 INFO  impl.RaftServerImpl (RaftServerImpl.java:start(180)) - 71b53168-5f95-4a1a-bad4-07e11f6dba72: start group-D292242FC203
2019-07-13 14:42:36,195 INFO  impl.RaftServerImpl (RaftServerImpl.java:setRole(171)) - 71b53168-5f95-4a1a-bad4-07e11f6dba72:group-D292242FC203 changes role from null to FOLLOWER at term 0 for startAsFollower
2019-07-13 14:42:36,196 INFO  impl.RoleInfo (RoleInfo.java:updateAndGet(143)) - 71b53168-5f95-4a1a-bad4-07e11f6dba72: start FollowerState
2019-07-13 14:42:36,197 INFO  util.JmxRegister (JmxRegister.java:tryRegister(44)) - Successfully registered JMX Bean with object name Ratis:service=RaftServer,group=group-D292242FC203,id=71b53168-5f95-4a1a-bad4-07e11f6dba72
2019-07-13 14:42:36,263 INFO  pipeline.PipelineStateManager (PipelineStateManager.java:addPipeline(56)) - Created pipeline Pipeline[ Id: c431d50e-3858-40b7-a35c-d292242fc203, Nodes: 71b53168-5f95-4a1a-bad4-07e11f6dba72{ip: 192.168.5.172, host: trunk-nightly-mhs6z-4061744966, networkLocation: /default-rack, certSerialId: null}, Type:RATIS, Factor:ONE, State:OPEN]
2019-07-13 14:42:36,289 INFO  impl.RaftServerProxy (RaftServerProxy.java:addNew(89)) - d37845be-7bdd-4fdf-a74e-f0fdeb4f99ea: addNew group-26963E48D67E:[d37845be-7bdd-4fdf-a74e-f0fdeb4f99ea:192.168.5.172:37341] returns group-26963E48D67E:java.util.concurrent.CompletableFuture@8063da2[Not completed]
2019-07-13 14:42:36,334 INFO  impl.RaftServerImpl (RaftServerImpl.java:<init>(93)) - d37845be-7bdd-4fdf-a74e-f0fdeb4f99ea: new RaftServerImpl for group-26963E48D67E:[d37845be-7bdd-4fdf-a74e-f0fdeb4f99ea:192.168.5.172:37341] with ContainerStateMachine:uninitialized
2019-07-13 14:42:36,336 INFO  server.RaftServerConfigKeys (ConfUtils.java:logGet(43)) - raft.server.rpc.timeout.min = 5s (custom)
2019-07-13 14:42:36,336 INFO  server.RaftServerConfigKeys (ConfUtils.java:logGet(43)) - raft.server.rpc.timeout.max = 5200ms (custom)
2019-07-13 14:42:36,336 INFO  server.RaftServerConfigKeys (ConfUtils.java:logGet(43)) - raft.server.rpcslowness.timeout = 120s (custom)
2019-07-13 14:42:36,337 INFO  server.RaftServerConfigKeys (ConfUtils.java:logGet(43)) - raft.server.sleep.deviation.threshold = 300 (default)
2019-07-13 14:42:36,337 INFO  server.RaftServerConfigKeys (ConfUtils.java:logGet(43)) - raft.server.log.appender.install.snapshot.enabled = false (custom)
2019-07-13 14:42:36,337 INFO  impl.RaftServerImpl (ServerState.java:<init>(105)) - d37845be-7bdd-4fdf-a74e-f0fdeb4f99ea:group-26963E48D67E ConfigurationManager, init=-1: [d37845be-7bdd-4fdf-a74e-f0fdeb4f99ea:192.168.5.172:37341], old=null, confs=<EMPTY_MAP>
2019-07-13 14:42:36,337 INFO  server.RaftServerConfigKeys (ConfUtils.java:logGet(43)) - raft.server.storage.dir = [/tmp/workdir/hadoop-ozone/integration-test/target/test-dir/MiniOzoneClusterImpl-cdb6c0af-5e4e-41d1-90b6-fe79d96a918f/datanode-3/data/ratis] (custom)
2019-07-13 14:42:36,338 INFO  storage.RaftStorageDirectory (RaftStorageDirectory.java:analyzeStorage(246)) - The storage directory /tmp/workdir/hadoop-ozone/integration-test/target/test-dir/MiniOzoneClusterImpl-cdb6c0af-5e4e-41d1-90b6-fe79d96a918f/datanode-3/data/ratis/b5de963e-7b3b-47db-9bbf-26963e48d67e does not exist. Creating ...
2019-07-13 14:42:36,360 INFO  storage.RaftStorageDirectory (RaftStorageDirectory.java:tryLock(328)) - Lock on /tmp/workdir/hadoop-ozone/integration-test/target/test-dir/MiniOzoneClusterImpl-cdb6c0af-5e4e-41d1-90b6-fe79d96a918f/datanode-3/data/ratis/b5de963e-7b3b-47db-9bbf-26963e48d67e/in_use.lock acquired by nodename 18193@trunk-nightly-mhs6z-4061744966
2019-07-13 14:42:36,378 INFO  storage.RaftStorage (RaftStorage.java:format(72)) - Storage directory /tmp/workdir/hadoop-ozone/integration-test/target/test-dir/MiniOzoneClusterImpl-cdb6c0af-5e4e-41d1-90b6-fe79d96a918f/datanode-3/data/ratis/b5de963e-7b3b-47db-9bbf-26963e48d67e has been successfully formatted.
2019-07-13 14:42:36,379 INFO  ratis.ContainerStateMachine (ContainerStateMachine.java:loadSnapshot(200)) - The snapshot info is null.Setting the last applied index to:(t:0, i:~)
2019-07-13 14:42:36,381 INFO  server.RaftServerConfigKeys (ConfUtils.java:logGet(43)) - raft.server.leader.election.timeout = 120s (custom)
2019-07-13 14:42:36,381 INFO  server.RaftServerConfigKeys (ConfUtils.java:logGet(43)) - raft.server.log.use.memory = false (default)
2019-07-13 14:42:36,382 INFO  server.RaftServerConfigKeys (ConfUtils.java:logGet(43)) - raft.server.log.purge.gap = 1000000000 (custom)
2019-07-13 14:42:36,382 INFO  server.RaftServerConfigKeys (ConfUtils.java:logGet(43)) - raft.server.log.appender.buffer.byte-limit = 33554432 (custom)
2019-07-13 14:42:36,382 INFO  server.RaftServerConfigKeys (ConfUtils.java:logGet(43)) - raft.server.log.segment.size.max = 1048576 (custom)
2019-07-13 14:42:36,382 INFO  server.RaftServerConfigKeys (ConfUtils.java:logGet(43)) - raft.server.log.segment.cache.num.max = 2 (custom)
2019-07-13 14:42:36,382 INFO  segmented.SegmentedRaftLogWorker (SegmentedRaftLogWorker.java:<init>(172)) - new d37845be-7bdd-4fdf-a74e-f0fdeb4f99ea-SegmentedRaftLogWorker:Storage Directory /tmp/workdir/hadoop-ozone/integration-test/target/test-dir/MiniOzoneClusterImpl-cdb6c0af-5e4e-41d1-90b6-fe79d96a918f/datanode-3/data/ratis/b5de963e-7b3b-47db-9bbf-26963e48d67e for RaftStorage:Storage Directory /tmp/workdir/hadoop-ozone/integration-test/target/test-dir/MiniOzoneClusterImpl-cdb6c0af-5e4e-41d1-90b6-fe79d96a918f/datanode-3/data/ratis/b5de963e-7b3b-47db-9bbf-26963e48d67e
2019-07-13 14:42:36,384 INFO  server.RaftServerConfigKeys (ConfUtils.java:logGet(43)) - raft.server.log.queue.byte-limit = 2147483647 (custom)
2019-07-13 14:42:36,385 INFO  server.RaftServerConfigKeys (ConfUtils.java:logGet(43)) - raft.server.log.queue.element-limit = 1024 (custom)
2019-07-13 14:42:36,385 INFO  server.RaftServerConfigKeys (ConfUtils.java:logGet(43)) - raft.server.log.segment.size.max = 1048576 (custom)
2019-07-13 14:42:36,385 INFO  server.RaftServerConfigKeys (ConfUtils.java:logGet(43)) - raft.server.log.preallocated.size = 16384 (custom)
2019-07-13 14:42:36,385 INFO  server.RaftServerConfigKeys (ConfUtils.java:logGet(43)) - raft.server.log.write.buffer.size = 33554432 (custom)
2019-07-13 14:42:36,385 INFO  server.RaftServerConfigKeys (ConfUtils.java:logGet(43)) - raft.server.log.force.sync.num = 128 (default)
2019-07-13 14:42:36,386 INFO  server.RaftServerConfigKeys (ConfUtils.java:logGet(43)) - raft.server.log.statemachine.data.sync = true (default)
2019-07-13 14:42:36,386 INFO  server.RaftServerConfigKeys (ConfUtils.java:logGet(43)) - raft.server.log.statemachine.data.sync.timeout = 10s (default)
2019-07-13 14:42:36,386 INFO  server.RaftServerConfigKeys (ConfUtils.java:logGet(43)) - raft.server.log.statemachine.data.sync.timeout.retry = -1 (default)
2019-07-13 14:42:36,386 INFO  server.RaftServerConfigKeys (ConfUtils.java:logGet(43)) - raft.server.log.statemachine.data.caching.enabled = true (custom)
2019-07-13 14:42:36,387 INFO  segmented.SegmentedRaftLogWorker (SegmentedRaftLogWorker.java:lambda$new$0(132)) - d37845be-7bdd-4fdf-a74e-f0fdeb4f99ea-SegmentedRaftLogWorker:Storage Directory /tmp/workdir/hadoop-ozone/integration-test/target/test-dir/MiniOzoneClusterImpl-cdb6c0af-5e4e-41d1-90b6-fe79d96a918f/datanode-3/data/ratis/b5de963e-7b3b-47db-9bbf-26963e48d67e: flushIndex: setUnconditionally 0 -> -1
2019-07-13 14:42:36,387 INFO  server.RaftServerConfigKeys (ConfUtils.java:logGet(43)) - raft.server.snapshot.auto.trigger.enabled = true (custom)
2019-07-13 14:42:36,387 INFO  server.RaftServerConfigKeys (ConfUtils.java:logGet(43)) - raft.server.snapshot.auto.trigger.threshold = 10000 (custom)
2019-07-13 14:42:36,388 INFO  server.RaftServerConfigKeys (ConfUtils.java:logGet(43)) - raft.server.retrycache.expirytime = 600000ms (custom)
2019-07-13 14:42:36,388 INFO  impl.RaftServerImpl (RaftServerImpl.java:start(180)) - d37845be-7bdd-4fdf-a74e-f0fdeb4f99ea: start group-26963E48D67E
2019-07-13 14:42:36,388 INFO  impl.RaftServerImpl (RaftServerImpl.java:setRole(171)) - d37845be-7bdd-4fdf-a74e-f0fdeb4f99ea:group-26963E48D67E changes role from null to FOLLOWER at term 0 for startAsFollower
2019-07-13 14:42:36,388 INFO  impl.RoleInfo (RoleInfo.java:updateAndGet(143)) - d37845be-7bdd-4fdf-a74e-f0fdeb4f99ea: start FollowerState
2019-07-13 14:42:36,391 INFO  util.JmxRegister (JmxRegister.java:tryRegister(44)) - Successfully registered JMX Bean with object name Ratis:service=RaftServer,group=group-26963E48D67E,id=d37845be-7bdd-4fdf-a74e-f0fdeb4f99ea
2019-07-13 14:42:36,407 INFO  pipeline.PipelineStateManager (PipelineStateManager.java:addPipeline(56)) - Created pipeline Pipeline[ Id: b5de963e-7b3b-47db-9bbf-26963e48d67e, Nodes: d37845be-7bdd-4fdf-a74e-f0fdeb4f99ea{ip: 192.168.5.172, host: trunk-nightly-mhs6z-4061744966, networkLocation: /default-rack, certSerialId: null}, Type:RATIS, Factor:ONE, State:OPEN]
2019-07-13 14:42:36,436 INFO  impl.RaftServerProxy (RaftServerProxy.java:addNew(89)) - b0c0c3e2-275c-4107-9f75-d1827b8e1924: addNew group-0097D00DDE63:[b0c0c3e2-275c-4107-9f75-d1827b8e1924:192.168.5.172:39564] returns group-0097D00DDE63:java.util.concurrent.CompletableFuture@579a7245[Not completed]
2019-07-13 14:42:36,447 INFO  impl.RaftServerImpl (RaftServerImpl.java:<init>(93)) - b0c0c3e2-275c-4107-9f75-d1827b8e1924: new RaftServerImpl for group-0097D00DDE63:[b0c0c3e2-275c-4107-9f75-d1827b8e1924:192.168.5.172:39564] with ContainerStateMachine:uninitialized
2019-07-13 14:42:36,450 INFO  server.RaftServerConfigKeys (ConfUtils.java:logGet(43)) - raft.server.rpc.timeout.min = 5s (custom)
2019-07-13 14:42:36,450 INFO  server.RaftServerConfigKeys (ConfUtils.java:logGet(43)) - raft.server.rpc.timeout.max = 5200ms (custom)
2019-07-13 14:42:36,450 INFO  server.RaftServerConfigKeys (ConfUtils.java:logGet(43)) - raft.server.rpcslowness.timeout = 120s (custom)
2019-07-13 14:42:36,450 INFO  server.RaftServerConfigKeys (ConfUtils.java:logGet(43)) - raft.server.sleep.deviation.threshold = 300 (default)
2019-07-13 14:42:36,450 INFO  server.RaftServerConfigKeys (ConfUtils.java:logGet(43)) - raft.server.log.appender.install.snapshot.enabled = false (custom)
2019-07-13 14:42:36,450 INFO  node.SCMNodeManager (SCMNodeManager.java:register(269)) - Registered Data node : 5a909bff-8fa1-4564-9db7-4383cd66360a{ip: 192.168.5.172, host: trunk-nightly-mhs6z-4061744966, networkLocation: /default-rack, certSerialId: null}
2019-07-13 14:42:36,450 INFO  impl.RaftServerImpl (ServerState.java:<init>(105)) - b0c0c3e2-275c-4107-9f75-d1827b8e1924:group-0097D00DDE63 ConfigurationManager, init=-1: [b0c0c3e2-275c-4107-9f75-d1827b8e1924:192.168.5.172:39564], old=null, confs=<EMPTY_MAP>
2019-07-13 14:42:36,451 INFO  server.RaftServerConfigKeys (ConfUtils.java:logGet(43)) - raft.server.storage.dir = [/tmp/workdir/hadoop-ozone/integration-test/target/test-dir/MiniOzoneClusterImpl-cdb6c0af-5e4e-41d1-90b6-fe79d96a918f/datanode-2/data/ratis] (custom)
2019-07-13 14:42:36,451 INFO  storage.RaftStorageDirectory (RaftStorageDirectory.java:analyzeStorage(246)) - The storage directory /tmp/workdir/hadoop-ozone/integration-test/target/test-dir/MiniOzoneClusterImpl-cdb6c0af-5e4e-41d1-90b6-fe79d96a918f/datanode-2/data/ratis/9562367e-ad0d-4e1d-8df9-0097d00dde63 does not exist. Creating ...
2019-07-13 14:42:36,457 INFO  ozone.MiniOzoneClusterImpl (MiniOzoneClusterImpl.java:lambda$waitForClusterToBeReady$0(142)) - Cluster is ready. Got 7 of 7 DN Heartbeats.
2019-07-13 14:42:36,457 INFO  storage.RaftStorageDirectory (RaftStorageDirectory.java:tryLock(328)) - Lock on /tmp/workdir/hadoop-ozone/integration-test/target/test-dir/MiniOzoneClusterImpl-cdb6c0af-5e4e-41d1-90b6-fe79d96a918f/datanode-2/data/ratis/9562367e-ad0d-4e1d-8df9-0097d00dde63/in_use.lock acquired by nodename 18193@trunk-nightly-mhs6z-4061744966
2019-07-13 14:42:36,461 INFO  storage.RaftStorage (RaftStorage.java:format(72)) - Storage directory /tmp/workdir/hadoop-ozone/integration-test/target/test-dir/MiniOzoneClusterImpl-cdb6c0af-5e4e-41d1-90b6-fe79d96a918f/datanode-2/data/ratis/9562367e-ad0d-4e1d-8df9-0097d00dde63 has been successfully formatted.
2019-07-13 14:42:36,461 INFO  ratis.ContainerStateMachine (ContainerStateMachine.java:loadSnapshot(200)) - The snapshot info is null.Setting the last applied index to:(t:0, i:~)
2019-07-13 14:42:36,462 INFO  server.RaftServerConfigKeys (ConfUtils.java:logGet(43)) - raft.server.leader.election.timeout = 120s (custom)
2019-07-13 14:42:36,462 INFO  server.RaftServerConfigKeys (ConfUtils.java:logGet(43)) - raft.server.log.use.memory = false (default)
2019-07-13 14:42:36,462 INFO  server.RaftServerConfigKeys (ConfUtils.java:logGet(43)) - raft.server.log.purge.gap = 1000000000 (custom)
2019-07-13 14:42:36,462 INFO  server.RaftServerConfigKeys (ConfUtils.java:logGet(43)) - raft.server.log.appender.buffer.byte-limit = 33554432 (custom)
2019-07-13 14:42:36,462 INFO  server.RaftServerConfigKeys (ConfUtils.java:logGet(43)) - raft.server.log.segment.size.max = 1048576 (custom)
2019-07-13 14:42:36,462 INFO  server.RaftServerConfigKeys (ConfUtils.java:logGet(43)) - raft.server.log.segment.cache.num.max = 2 (custom)
2019-07-13 14:42:36,463 INFO  segmented.SegmentedRaftLogWorker (SegmentedRaftLogWorker.java:<init>(172)) - new b0c0c3e2-275c-4107-9f75-d1827b8e1924-SegmentedRaftLogWorker:Storage Directory /tmp/workdir/hadoop-ozone/integration-test/target/test-dir/MiniOzoneClusterImpl-cdb6c0af-5e4e-41d1-90b6-fe79d96a918f/datanode-2/data/ratis/9562367e-ad0d-4e1d-8df9-0097d00dde63 for RaftStorage:Storage Directory /tmp/workdir/hadoop-ozone/integration-test/target/test-dir/MiniOzoneClusterImpl-cdb6c0af-5e4e-41d1-90b6-fe79d96a918f/datanode-2/data/ratis/9562367e-ad0d-4e1d-8df9-0097d00dde63
2019-07-13 14:42:36,463 INFO  server.RaftServerConfigKeys (ConfUtils.java:logGet(43)) - raft.server.log.queue.byte-limit = 2147483647 (custom)
2019-07-13 14:42:36,463 INFO  server.RaftServerConfigKeys (ConfUtils.java:logGet(43)) - raft.server.log.queue.element-limit = 1024 (custom)
2019-07-13 14:42:36,463 INFO  server.RaftServerConfigKeys (ConfUtils.java:logGet(43)) - raft.server.log.segment.size.max = 1048576 (custom)
2019-07-13 14:42:36,464 INFO  server.RaftServerConfigKeys (ConfUtils.java:logGet(43)) - raft.server.log.preallocated.size = 16384 (custom)
2019-07-13 14:42:36,464 INFO  server.RaftServerConfigKeys (ConfUtils.java:logGet(43)) - raft.server.log.write.buffer.size = 33554432 (custom)
2019-07-13 14:42:36,464 INFO  server.RaftServerConfigKeys (ConfUtils.java:logGet(43)) - raft.server.log.force.sync.num = 128 (default)
2019-07-13 14:42:36,464 INFO  server.RaftServerConfigKeys (ConfUtils.java:logGet(43)) - raft.server.log.statemachine.data.sync = true (default)
2019-07-13 14:42:36,464 INFO  server.RaftServerConfigKeys (ConfUtils.java:logGet(43)) - raft.server.log.statemachine.data.sync.timeout = 10s (default)
2019-07-13 14:42:36,465 INFO  server.RaftServerConfigKeys (ConfUtils.java:logGet(43)) - raft.server.log.statemachine.data.sync.timeout.retry = -1 (default)
2019-07-13 14:42:36,465 INFO  server.RaftServerConfigKeys (ConfUtils.java:logGet(43)) - raft.server.log.statemachine.data.caching.enabled = true (custom)
2019-07-13 14:42:36,466 INFO  segmented.SegmentedRaftLogWorker (SegmentedRaftLogWorker.java:lambda$new$0(132)) - b0c0c3e2-275c-4107-9f75-d1827b8e1924-SegmentedRaftLogWorker:Storage Directory /tmp/workdir/hadoop-ozone/integration-test/target/test-dir/MiniOzoneClusterImpl-cdb6c0af-5e4e-41d1-90b6-fe79d96a918f/datanode-2/data/ratis/9562367e-ad0d-4e1d-8df9-0097d00dde63: flushIndex: setUnconditionally 0 -> -1
2019-07-13 14:42:36,466 INFO  server.RaftServerConfigKeys (ConfUtils.java:logGet(43)) - raft.server.snapshot.auto.trigger.enabled = true (custom)
2019-07-13 14:42:36,466 INFO  server.RaftServerConfigKeys (ConfUtils.java:logGet(43)) - raft.server.snapshot.auto.trigger.threshold = 10000 (custom)
2019-07-13 14:42:36,467 INFO  server.RaftServerConfigKeys (ConfUtils.java:logGet(43)) - raft.server.retrycache.expirytime = 600000ms (custom)
2019-07-13 14:42:36,467 INFO  impl.RaftServerImpl (RaftServerImpl.java:start(180)) - b0c0c3e2-275c-4107-9f75-d1827b8e1924: start group-0097D00DDE63
2019-07-13 14:42:36,467 INFO  impl.RaftServerImpl (RaftServerImpl.java:setRole(171)) - b0c0c3e2-275c-4107-9f75-d1827b8e1924:group-0097D00DDE63 changes role from null to FOLLOWER at term 0 for startAsFollower
2019-07-13 14:42:36,467 INFO  impl.RoleInfo (RoleInfo.java:updateAndGet(143)) - b0c0c3e2-275c-4107-9f75-d1827b8e1924: start FollowerState
2019-07-13 14:42:36,468 INFO  util.JmxRegister (JmxRegister.java:tryRegister(44)) - Successfully registered JMX Bean with object name Ratis:service=RaftServer,group=group-0097D00DDE63,id=b0c0c3e2-275c-4107-9f75-d1827b8e1924
2019-07-13 14:42:36,479 INFO  pipeline.PipelineStateManager (PipelineStateManager.java:addPipeline(56)) - Created pipeline Pipeline[ Id: 9562367e-ad0d-4e1d-8df9-0097d00dde63, Nodes: b0c0c3e2-275c-4107-9f75-d1827b8e1924{ip: 192.168.5.172, host: trunk-nightly-mhs6z-4061744966, networkLocation: /default-rack, certSerialId: null}, Type:RATIS, Factor:ONE, State:OPEN]
2019-07-13 14:42:36,499 INFO  impl.RaftServerProxy (RaftServerProxy.java:addNew(89)) - 5a909bff-8fa1-4564-9db7-4383cd66360a: addNew group-5F99A3AF5ED2:[5a909bff-8fa1-4564-9db7-4383cd66360a:192.168.5.172:37879] returns group-5F99A3AF5ED2:java.util.concurrent.CompletableFuture@8e0a966[Not completed]
2019-07-13 14:42:36,500 INFO  impl.RaftServerImpl (RaftServerImpl.java:<init>(93)) - 5a909bff-8fa1-4564-9db7-4383cd66360a: new RaftServerImpl for group-5F99A3AF5ED2:[5a909bff-8fa1-4564-9db7-4383cd66360a:192.168.5.172:37879] with ContainerStateMachine:uninitialized
2019-07-13 14:42:36,502 INFO  server.RaftServerConfigKeys (ConfUtils.java:logGet(43)) - raft.server.rpc.timeout.min = 5s (custom)
2019-07-13 14:42:36,502 INFO  server.RaftServerConfigKeys (ConfUtils.java:logGet(43)) - raft.server.rpc.timeout.max = 5200ms (custom)
2019-07-13 14:42:36,502 INFO  server.RaftServerConfigKeys (ConfUtils.java:logGet(43)) - raft.server.rpcslowness.timeout = 120s (custom)
2019-07-13 14:42:36,502 INFO  server.RaftServerConfigKeys (ConfUtils.java:logGet(43)) - raft.server.sleep.deviation.threshold = 300 (default)
2019-07-13 14:42:36,502 INFO  server.RaftServerConfigKeys (ConfUtils.java:logGet(43)) - raft.server.log.appender.install.snapshot.enabled = false (custom)
2019-07-13 14:42:36,502 INFO  impl.RaftServerImpl (ServerState.java:<init>(105)) - 5a909bff-8fa1-4564-9db7-4383cd66360a:group-5F99A3AF5ED2 ConfigurationManager, init=-1: [5a909bff-8fa1-4564-9db7-4383cd66360a:192.168.5.172:37879], old=null, confs=<EMPTY_MAP>
2019-07-13 14:42:36,503 INFO  server.RaftServerConfigKeys (ConfUtils.java:logGet(43)) - raft.server.storage.dir = [/tmp/workdir/hadoop-ozone/integration-test/target/test-dir/MiniOzoneClusterImpl-cdb6c0af-5e4e-41d1-90b6-fe79d96a918f/datanode-6/data/ratis] (custom)
2019-07-13 14:42:36,503 INFO  storage.RaftStorageDirectory (RaftStorageDirectory.java:analyzeStorage(246)) - The storage directory /tmp/workdir/hadoop-ozone/integration-test/target/test-dir/MiniOzoneClusterImpl-cdb6c0af-5e4e-41d1-90b6-fe79d96a918f/datanode-6/data/ratis/57b680ba-54a5-460a-8964-5f99a3af5ed2 does not exist. Creating ...
2019-07-13 14:42:36,515 INFO  storage.RaftStorageDirectory (RaftStorageDirectory.java:tryLock(328)) - Lock on /tmp/workdir/hadoop-ozone/integration-test/target/test-dir/MiniOzoneClusterImpl-cdb6c0af-5e4e-41d1-90b6-fe79d96a918f/datanode-6/data/ratis/57b680ba-54a5-460a-8964-5f99a3af5ed2/in_use.lock acquired by nodename 18193@trunk-nightly-mhs6z-4061744966
2019-07-13 14:42:36,518 INFO  storage.RaftStorage (RaftStorage.java:format(72)) - Storage directory /tmp/workdir/hadoop-ozone/integration-test/target/test-dir/MiniOzoneClusterImpl-cdb6c0af-5e4e-41d1-90b6-fe79d96a918f/datanode-6/data/ratis/57b680ba-54a5-460a-8964-5f99a3af5ed2 has been successfully formatted.
2019-07-13 14:42:36,519 INFO  ratis.ContainerStateMachine (ContainerStateMachine.java:loadSnapshot(200)) - The snapshot info is null.Setting the last applied index to:(t:0, i:~)
2019-07-13 14:42:36,519 INFO  server.RaftServerConfigKeys (ConfUtils.java:logGet(43)) - raft.server.leader.election.timeout = 120s (custom)
2019-07-13 14:42:36,519 INFO  server.RaftServerConfigKeys (ConfUtils.java:logGet(43)) - raft.server.log.use.memory = false (default)
2019-07-13 14:42:36,519 INFO  server.RaftServerConfigKeys (ConfUtils.java:logGet(43)) - raft.server.log.purge.gap = 1000000000 (custom)
2019-07-13 14:42:36,519 INFO  server.RaftServerConfigKeys (ConfUtils.java:logGet(43)) - raft.server.log.appender.buffer.byte-limit = 33554432 (custom)
2019-07-13 14:42:36,519 INFO  server.RaftServerConfigKeys (ConfUtils.java:logGet(43)) - raft.server.log.segment.size.max = 1048576 (custom)
2019-07-13 14:42:36,519 INFO  server.RaftServerConfigKeys (ConfUtils.java:logGet(43)) - raft.server.log.segment.cache.num.max = 2 (custom)
2019-07-13 14:42:36,519 INFO  segmented.SegmentedRaftLogWorker (SegmentedRaftLogWorker.java:<init>(172)) - new 5a909bff-8fa1-4564-9db7-4383cd66360a-SegmentedRaftLogWorker:Storage Directory /tmp/workdir/hadoop-ozone/integration-test/target/test-dir/MiniOzoneClusterImpl-cdb6c0af-5e4e-41d1-90b6-fe79d96a918f/datanode-6/data/ratis/57b680ba-54a5-460a-8964-5f99a3af5ed2 for RaftStorage:Storage Directory /tmp/workdir/hadoop-ozone/integration-test/target/test-dir/MiniOzoneClusterImpl-cdb6c0af-5e4e-41d1-90b6-fe79d96a918f/datanode-6/data/ratis/57b680ba-54a5-460a-8964-5f99a3af5ed2
2019-07-13 14:42:36,520 INFO  server.RaftServerConfigKeys (ConfUtils.java:logGet(43)) - raft.server.log.queue.byte-limit = 2147483647 (custom)
2019-07-13 14:42:36,520 INFO  server.RaftServerConfigKeys (ConfUtils.java:logGet(43)) - raft.server.log.queue.element-limit = 1024 (custom)
2019-07-13 14:42:36,520 INFO  server.RaftServerConfigKeys (ConfUtils.java:logGet(43)) - raft.server.log.segment.size.max = 1048576 (custom)
2019-07-13 14:42:36,520 INFO  server.RaftServerConfigKeys (ConfUtils.java:logGet(43)) - raft.server.log.preallocated.size = 16384 (custom)
2019-07-13 14:42:36,520 INFO  server.RaftServerConfigKeys (ConfUtils.java:logGet(43)) - raft.server.log.write.buffer.size = 33554432 (custom)
2019-07-13 14:42:36,520 INFO  server.RaftServerConfigKeys (ConfUtils.java:logGet(43)) - raft.server.log.force.sync.num = 128 (default)
2019-07-13 14:42:36,520 INFO  server.RaftServerConfigKeys (ConfUtils.java:logGet(43)) - raft.server.log.statemachine.data.sync = true (default)
2019-07-13 14:42:36,520 INFO  server.RaftServerConfigKeys (ConfUtils.java:logGet(43)) - raft.server.log.statemachine.data.sync.timeout = 10s (default)
2019-07-13 14:42:36,521 INFO  server.RaftServerConfigKeys (ConfUtils.java:logGet(43)) - raft.server.log.statemachine.data.sync.timeout.retry = -1 (default)
2019-07-13 14:42:36,521 INFO  server.RaftServerConfigKeys (ConfUtils.java:logGet(43)) - raft.server.log.statemachine.data.caching.enabled = true (custom)
2019-07-13 14:42:36,521 INFO  segmented.SegmentedRaftLogWorker (SegmentedRaftLogWorker.java:lambda$new$0(132)) - 5a909bff-8fa1-4564-9db7-4383cd66360a-SegmentedRaftLogWorker:Storage Directory /tmp/workdir/hadoop-ozone/integration-test/target/test-dir/MiniOzoneClusterImpl-cdb6c0af-5e4e-41d1-90b6-fe79d96a918f/datanode-6/data/ratis/57b680ba-54a5-460a-8964-5f99a3af5ed2: flushIndex: setUnconditionally 0 -> -1
2019-07-13 14:42:36,521 INFO  server.RaftServerConfigKeys (ConfUtils.java:logGet(43)) - raft.server.snapshot.auto.trigger.enabled = true (custom)
2019-07-13 14:42:36,521 INFO  server.RaftServerConfigKeys (ConfUtils.java:logGet(43)) - raft.server.snapshot.auto.trigger.threshold = 10000 (custom)
2019-07-13 14:42:36,522 INFO  server.RaftServerConfigKeys (ConfUtils.java:logGet(43)) - raft.server.retrycache.expirytime = 600000ms (custom)
2019-07-13 14:42:36,522 INFO  impl.RaftServerImpl (RaftServerImpl.java:start(180)) - 5a909bff-8fa1-4564-9db7-4383cd66360a: start group-5F99A3AF5ED2
2019-07-13 14:42:36,522 INFO  impl.RaftServerImpl (RaftServerImpl.java:setRole(171)) - 5a909bff-8fa1-4564-9db7-4383cd66360a:group-5F99A3AF5ED2 changes role from null to FOLLOWER at term 0 for startAsFollower
2019-07-13 14:42:36,522 INFO  impl.RoleInfo (RoleInfo.java:updateAndGet(143)) - 5a909bff-8fa1-4564-9db7-4383cd66360a: start FollowerState
2019-07-13 14:42:36,522 INFO  util.JmxRegister (JmxRegister.java:tryRegister(44)) - Successfully registered JMX Bean with object name Ratis:service=RaftServer,group=group-5F99A3AF5ED2,id=5a909bff-8fa1-4564-9db7-4383cd66360a
2019-07-13 14:42:36,545 INFO  pipeline.PipelineStateManager (PipelineStateManager.java:addPipeline(56)) - Created pipeline Pipeline[ Id: 57b680ba-54a5-460a-8964-5f99a3af5ed2, Nodes: 5a909bff-8fa1-4564-9db7-4383cd66360a{ip: 192.168.5.172, host: trunk-nightly-mhs6z-4061744966, networkLocation: /default-rack, certSerialId: null}, Type:RATIS, Factor:ONE, State:OPEN]
2019-07-13 14:42:36,588 INFO  impl.RaftServerProxy (RaftServerProxy.java:addNew(89)) - 3a2aa442-1699-4b5e-852f-43b5b83fc5be: addNew group-F5E5FFE2CC29:[3a2aa442-1699-4b5e-852f-43b5b83fc5be:192.168.5.172:41508] returns group-F5E5FFE2CC29:java.util.concurrent.CompletableFuture@182ee60d[Not completed]
2019-07-13 14:42:36,590 INFO  impl.RaftServerImpl (RaftServerImpl.java:<init>(93)) - 3a2aa442-1699-4b5e-852f-43b5b83fc5be: new RaftServerImpl for group-F5E5FFE2CC29:[3a2aa442-1699-4b5e-852f-43b5b83fc5be:192.168.5.172:41508] with ContainerStateMachine:uninitialized
2019-07-13 14:42:36,597 INFO  server.RaftServerConfigKeys (ConfUtils.java:logGet(43)) - raft.server.rpc.timeout.min = 5s (custom)
2019-07-13 14:42:36,597 INFO  server.RaftServerConfigKeys (ConfUtils.java:logGet(43)) - raft.server.rpc.timeout.max = 5200ms (custom)
2019-07-13 14:42:36,597 INFO  server.RaftServerConfigKeys (ConfUtils.java:logGet(43)) - raft.server.rpcslowness.timeout = 120s (custom)
2019-07-13 14:42:36,598 INFO  server.RaftServerConfigKeys (ConfUtils.java:logGet(43)) - raft.server.sleep.deviation.threshold = 300 (default)
2019-07-13 14:42:36,598 INFO  server.RaftServerConfigKeys (ConfUtils.java:logGet(43)) - raft.server.log.appender.install.snapshot.enabled = false (custom)
2019-07-13 14:42:36,598 INFO  impl.RaftServerImpl (ServerState.java:<init>(105)) - 3a2aa442-1699-4b5e-852f-43b5b83fc5be:group-F5E5FFE2CC29 ConfigurationManager, init=-1: [3a2aa442-1699-4b5e-852f-43b5b83fc5be:192.168.5.172:41508], old=null, confs=<EMPTY_MAP>
2019-07-13 14:42:36,598 INFO  server.RaftServerConfigKeys (ConfUtils.java:logGet(43)) - raft.server.storage.dir = [/tmp/workdir/hadoop-ozone/integration-test/target/test-dir/MiniOzoneClusterImpl-cdb6c0af-5e4e-41d1-90b6-fe79d96a918f/datanode-4/data/ratis] (custom)
2019-07-13 14:42:36,599 INFO  storage.RaftStorageDirectory (RaftStorageDirectory.java:analyzeStorage(246)) - The storage directory /tmp/workdir/hadoop-ozone/integration-test/target/test-dir/MiniOzoneClusterImpl-cdb6c0af-5e4e-41d1-90b6-fe79d96a918f/datanode-4/data/ratis/401e75ac-aa2c-49a3-a1bb-f5e5ffe2cc29 does not exist. Creating ...
2019-07-13 14:42:36,603 INFO  storage.RaftStorageDirectory (RaftStorageDirectory.java:tryLock(328)) - Lock on /tmp/workdir/hadoop-ozone/integration-test/target/test-dir/MiniOzoneClusterImpl-cdb6c0af-5e4e-41d1-90b6-fe79d96a918f/datanode-4/data/ratis/401e75ac-aa2c-49a3-a1bb-f5e5ffe2cc29/in_use.lock acquired by nodename 18193@trunk-nightly-mhs6z-4061744966
2019-07-13 14:42:36,608 INFO  storage.RaftStorage (RaftStorage.java:format(72)) - Storage directory /tmp/workdir/hadoop-ozone/integration-test/target/test-dir/MiniOzoneClusterImpl-cdb6c0af-5e4e-41d1-90b6-fe79d96a918f/datanode-4/data/ratis/401e75ac-aa2c-49a3-a1bb-f5e5ffe2cc29 has been successfully formatted.
2019-07-13 14:42:36,608 INFO  ratis.ContainerStateMachine (ContainerStateMachine.java:loadSnapshot(200)) - The snapshot info is null.Setting the last applied index to:(t:0, i:~)
2019-07-13 14:42:36,608 INFO  server.RaftServerConfigKeys (ConfUtils.java:logGet(43)) - raft.server.leader.election.timeout = 120s (custom)
2019-07-13 14:42:36,609 INFO  server.RaftServerConfigKeys (ConfUtils.java:logGet(43)) - raft.server.log.use.memory = false (default)
2019-07-13 14:42:36,609 INFO  server.RaftServerConfigKeys (ConfUtils.java:logGet(43)) - raft.server.log.purge.gap = 1000000000 (custom)
2019-07-13 14:42:36,609 INFO  server.RaftServerConfigKeys (ConfUtils.java:logGet(43)) - raft.server.log.appender.buffer.byte-limit = 33554432 (custom)
2019-07-13 14:42:36,610 INFO  server.RaftServerConfigKeys (ConfUtils.java:logGet(43)) - raft.server.log.segment.size.max = 1048576 (custom)
2019-07-13 14:42:36,610 INFO  server.RaftServerConfigKeys (ConfUtils.java:logGet(43)) - raft.server.log.segment.cache.num.max = 2 (custom)
2019-07-13 14:42:36,610 INFO  segmented.SegmentedRaftLogWorker (SegmentedRaftLogWorker.java:<init>(172)) - new 3a2aa442-1699-4b5e-852f-43b5b83fc5be-SegmentedRaftLogWorker:Storage Directory /tmp/workdir/hadoop-ozone/integration-test/target/test-dir/MiniOzoneClusterImpl-cdb6c0af-5e4e-41d1-90b6-fe79d96a918f/datanode-4/data/ratis/401e75ac-aa2c-49a3-a1bb-f5e5ffe2cc29 for RaftStorage:Storage Directory /tmp/workdir/hadoop-ozone/integration-test/target/test-dir/MiniOzoneClusterImpl-cdb6c0af-5e4e-41d1-90b6-fe79d96a918f/datanode-4/data/ratis/401e75ac-aa2c-49a3-a1bb-f5e5ffe2cc29
2019-07-13 14:42:36,610 INFO  server.RaftServerConfigKeys (ConfUtils.java:logGet(43)) - raft.server.log.queue.byte-limit = 2147483647 (custom)
2019-07-13 14:42:36,610 INFO  server.RaftServerConfigKeys (ConfUtils.java:logGet(43)) - raft.server.log.queue.element-limit = 1024 (custom)
2019-07-13 14:42:36,611 INFO  server.RaftServerConfigKeys (ConfUtils.java:logGet(43)) - raft.server.log.segment.size.max = 1048576 (custom)
2019-07-13 14:42:36,611 INFO  server.RaftServerConfigKeys (ConfUtils.java:logGet(43)) - raft.server.log.preallocated.size = 16384 (custom)
2019-07-13 14:42:36,611 INFO  server.RaftServerConfigKeys (ConfUtils.java:logGet(43)) - raft.server.log.write.buffer.size = 33554432 (custom)
2019-07-13 14:42:36,611 INFO  server.RaftServerConfigKeys (ConfUtils.java:logGet(43)) - raft.server.log.force.sync.num = 128 (default)
2019-07-13 14:42:36,611 INFO  server.RaftServerConfigKeys (ConfUtils.java:logGet(43)) - raft.server.log.statemachine.data.sync = true (default)
2019-07-13 14:42:36,611 INFO  server.RaftServerConfigKeys (ConfUtils.java:logGet(43)) - raft.server.log.statemachine.data.sync.timeout = 10s (default)
2019-07-13 14:42:36,611 INFO  server.RaftServerConfigKeys (ConfUtils.java:logGet(43)) - raft.server.log.statemachine.data.sync.timeout.retry = -1 (default)
2019-07-13 14:42:36,611 INFO  server.RaftServerConfigKeys (ConfUtils.java:logGet(43)) - raft.server.log.statemachine.data.caching.enabled = true (custom)
2019-07-13 14:42:36,612 INFO  segmented.SegmentedRaftLogWorker (SegmentedRaftLogWorker.java:lambda$new$0(132)) - 3a2aa442-1699-4b5e-852f-43b5b83fc5be-SegmentedRaftLogWorker:Storage Directory /tmp/workdir/hadoop-ozone/integration-test/target/test-dir/MiniOzoneClusterImpl-cdb6c0af-5e4e-41d1-90b6-fe79d96a918f/datanode-4/data/ratis/401e75ac-aa2c-49a3-a1bb-f5e5ffe2cc29: flushIndex: setUnconditionally 0 -> -1
2019-07-13 14:42:36,612 INFO  server.RaftServerConfigKeys (ConfUtils.java:logGet(43)) - raft.server.snapshot.auto.trigger.enabled = true (custom)
2019-07-13 14:42:36,612 INFO  server.RaftServerConfigKeys (ConfUtils.java:logGet(43)) - raft.server.snapshot.auto.trigger.threshold = 10000 (custom)
2019-07-13 14:42:36,612 INFO  server.RaftServerConfigKeys (ConfUtils.java:logGet(43)) - raft.server.retrycache.expirytime = 600000ms (custom)
2019-07-13 14:42:36,613 INFO  impl.RaftServerImpl (RaftServerImpl.java:start(180)) - 3a2aa442-1699-4b5e-852f-43b5b83fc5be: start group-F5E5FFE2CC29
2019-07-13 14:42:36,613 INFO  impl.RaftServerImpl (RaftServerImpl.java:setRole(171)) - 3a2aa442-1699-4b5e-852f-43b5b83fc5be:group-F5E5FFE2CC29 changes role from null to FOLLOWER at term 0 for startAsFollower
2019-07-13 14:42:36,613 INFO  impl.RoleInfo (RoleInfo.java:updateAndGet(143)) - 3a2aa442-1699-4b5e-852f-43b5b83fc5be: start FollowerState
2019-07-13 14:42:36,613 INFO  util.JmxRegister (JmxRegister.java:tryRegister(44)) - Successfully registered JMX Bean with object name Ratis:service=RaftServer,group=group-F5E5FFE2CC29,id=3a2aa442-1699-4b5e-852f-43b5b83fc5be
2019-07-13 14:42:36,631 INFO  pipeline.PipelineStateManager (PipelineStateManager.java:addPipeline(56)) - Created pipeline Pipeline[ Id: 401e75ac-aa2c-49a3-a1bb-f5e5ffe2cc29, Nodes: 3a2aa442-1699-4b5e-852f-43b5b83fc5be{ip: 192.168.5.172, host: trunk-nightly-mhs6z-4061744966, networkLocation: /default-rack, certSerialId: null}, Type:RATIS, Factor:ONE, State:OPEN]
2019-07-13 14:42:36,664 INFO  impl.RaftServerProxy (RaftServerProxy.java:addNew(89)) - 385e556a-2d1f-4a54-b566-fc4fd79f227c: addNew group-2D845440E949:[385e556a-2d1f-4a54-b566-fc4fd79f227c:192.168.5.172:39129] returns group-2D845440E949:java.util.concurrent.CompletableFuture@2851f081[Not completed]
2019-07-13 14:42:36,667 INFO  impl.RaftServerImpl (RaftServerImpl.java:<init>(93)) - 385e556a-2d1f-4a54-b566-fc4fd79f227c: new RaftServerImpl for group-2D845440E949:[385e556a-2d1f-4a54-b566-fc4fd79f227c:192.168.5.172:39129] with ContainerStateMachine:uninitialized
2019-07-13 14:42:36,667 INFO  server.RaftServerConfigKeys (ConfUtils.java:logGet(43)) - raft.server.rpc.timeout.min = 5s (custom)
2019-07-13 14:42:36,667 INFO  server.RaftServerConfigKeys (ConfUtils.java:logGet(43)) - raft.server.rpc.timeout.max = 5200ms (custom)
2019-07-13 14:42:36,667 INFO  server.RaftServerConfigKeys (ConfUtils.java:logGet(43)) - raft.server.rpcslowness.timeout = 120s (custom)
2019-07-13 14:42:36,667 INFO  server.RaftServerConfigKeys (ConfUtils.java:logGet(43)) - raft.server.sleep.deviation.threshold = 300 (default)
2019-07-13 14:42:36,668 INFO  server.RaftServerConfigKeys (ConfUtils.java:logGet(43)) - raft.server.log.appender.install.snapshot.enabled = false (custom)
2019-07-13 14:42:36,668 INFO  impl.RaftServerImpl (ServerState.java:<init>(105)) - 385e556a-2d1f-4a54-b566-fc4fd79f227c:group-2D845440E949 ConfigurationManager, init=-1: [385e556a-2d1f-4a54-b566-fc4fd79f227c:192.168.5.172:39129], old=null, confs=<EMPTY_MAP>
2019-07-13 14:42:36,668 INFO  server.RaftServerConfigKeys (ConfUtils.java:logGet(43)) - raft.server.storage.dir = [/tmp/workdir/hadoop-ozone/integration-test/target/test-dir/MiniOzoneClusterImpl-cdb6c0af-5e4e-41d1-90b6-fe79d96a918f/datanode-1/data/ratis] (custom)
2019-07-13 14:42:36,669 INFO  storage.RaftStorageDirectory (RaftStorageDirectory.java:analyzeStorage(246)) - The storage directory /tmp/workdir/hadoop-ozone/integration-test/target/test-dir/MiniOzoneClusterImpl-cdb6c0af-5e4e-41d1-90b6-fe79d96a918f/datanode-1/data/ratis/1e490ae4-d523-43b6-805a-2d845440e949 does not exist. Creating ...
2019-07-13 14:42:36,673 INFO  storage.RaftStorageDirectory (RaftStorageDirectory.java:tryLock(328)) - Lock on /tmp/workdir/hadoop-ozone/integration-test/target/test-dir/MiniOzoneClusterImpl-cdb6c0af-5e4e-41d1-90b6-fe79d96a918f/datanode-1/data/ratis/1e490ae4-d523-43b6-805a-2d845440e949/in_use.lock acquired by nodename 18193@trunk-nightly-mhs6z-4061744966
2019-07-13 14:42:36,677 INFO  storage.RaftStorage (RaftStorage.java:format(72)) - Storage directory /tmp/workdir/hadoop-ozone/integration-test/target/test-dir/MiniOzoneClusterImpl-cdb6c0af-5e4e-41d1-90b6-fe79d96a918f/datanode-1/data/ratis/1e490ae4-d523-43b6-805a-2d845440e949 has been successfully formatted.
2019-07-13 14:42:36,677 INFO  ratis.ContainerStateMachine (ContainerStateMachine.java:loadSnapshot(200)) - The snapshot info is null.Setting the last applied index to:(t:0, i:~)
2019-07-13 14:42:36,677 INFO  server.RaftServerConfigKeys (ConfUtils.java:logGet(43)) - raft.server.leader.election.timeout = 120s (custom)
2019-07-13 14:42:36,678 INFO  server.RaftServerConfigKeys (ConfUtils.java:logGet(43)) - raft.server.log.use.memory = false (default)
2019-07-13 14:42:36,678 INFO  server.RaftServerConfigKeys (ConfUtils.java:logGet(43)) - raft.server.log.purge.gap = 1000000000 (custom)
2019-07-13 14:42:36,678 INFO  server.RaftServerConfigKeys (ConfUtils.java:logGet(43)) - raft.server.log.appender.buffer.byte-limit = 33554432 (custom)
2019-07-13 14:42:36,678 INFO  server.RaftServerConfigKeys (ConfUtils.java:logGet(43)) - raft.server.log.segment.size.max = 1048576 (custom)
2019-07-13 14:42:36,678 INFO  server.RaftServerConfigKeys (ConfUtils.java:logGet(43)) - raft.server.log.segment.cache.num.max = 2 (custom)
2019-07-13 14:42:36,678 INFO  segmented.SegmentedRaftLogWorker (SegmentedRaftLogWorker.java:<init>(172)) - new 385e556a-2d1f-4a54-b566-fc4fd79f227c-SegmentedRaftLogWorker:Storage Directory /tmp/workdir/hadoop-ozone/integration-test/target/test-dir/MiniOzoneClusterImpl-cdb6c0af-5e4e-41d1-90b6-fe79d96a918f/datanode-1/data/ratis/1e490ae4-d523-43b6-805a-2d845440e949 for RaftStorage:Storage Directory /tmp/workdir/hadoop-ozone/integration-test/target/test-dir/MiniOzoneClusterImpl-cdb6c0af-5e4e-41d1-90b6-fe79d96a918f/datanode-1/data/ratis/1e490ae4-d523-43b6-805a-2d845440e949
2019-07-13 14:42:36,679 INFO  server.RaftServerConfigKeys (ConfUtils.java:logGet(43)) - raft.server.log.queue.byte-limit = 2147483647 (custom)
2019-07-13 14:42:36,679 INFO  server.RaftServerConfigKeys (ConfUtils.java:logGet(43)) - raft.server.log.queue.element-limit = 1024 (custom)
2019-07-13 14:42:36,679 INFO  server.RaftServerConfigKeys (ConfUtils.java:logGet(43)) - raft.server.log.segment.size.max = 1048576 (custom)
2019-07-13 14:42:36,679 INFO  server.RaftServerConfigKeys (ConfUtils.java:logGet(43)) - raft.server.log.preallocated.size = 16384 (custom)
2019-07-13 14:42:36,680 INFO  server.RaftServerConfigKeys (ConfUtils.java:logGet(43)) - raft.server.log.write.buffer.size = 33554432 (custom)
2019-07-13 14:42:36,680 INFO  server.RaftServerConfigKeys (ConfUtils.java:logGet(43)) - raft.server.log.force.sync.num = 128 (default)
2019-07-13 14:42:36,680 INFO  server.RaftServerConfigKeys (ConfUtils.java:logGet(43)) - raft.server.log.statemachine.data.sync = true (default)
2019-07-13 14:42:36,680 INFO  server.RaftServerConfigKeys (ConfUtils.java:logGet(43)) - raft.server.log.statemachine.data.sync.timeout = 10s (default)
2019-07-13 14:42:36,680 INFO  server.RaftServerConfigKeys (ConfUtils.java:logGet(43)) - raft.server.log.statemachine.data.sync.timeout.retry = -1 (default)
2019-07-13 14:42:36,681 INFO  server.RaftServerConfigKeys (ConfUtils.java:logGet(43)) - raft.server.log.statemachine.data.caching.enabled = true (custom)
2019-07-13 14:42:36,681 INFO  segmented.SegmentedRaftLogWorker (SegmentedRaftLogWorker.java:lambda$new$0(132)) - 385e556a-2d1f-4a54-b566-fc4fd79f227c-SegmentedRaftLogWorker:Storage Directory /tmp/workdir/hadoop-ozone/integration-test/target/test-dir/MiniOzoneClusterImpl-cdb6c0af-5e4e-41d1-90b6-fe79d96a918f/datanode-1/data/ratis/1e490ae4-d523-43b6-805a-2d845440e949: flushIndex: setUnconditionally 0 -> -1
2019-07-13 14:42:36,682 INFO  server.RaftServerConfigKeys (ConfUtils.java:logGet(43)) - raft.server.snapshot.auto.trigger.enabled = true (custom)
2019-07-13 14:42:36,682 INFO  server.RaftServerConfigKeys (ConfUtils.java:logGet(43)) - raft.server.snapshot.auto.trigger.threshold = 10000 (custom)
2019-07-13 14:42:36,682 INFO  server.RaftServerConfigKeys (ConfUtils.java:logGet(43)) - raft.server.retrycache.expirytime = 600000ms (custom)
2019-07-13 14:42:36,682 INFO  impl.RaftServerImpl (RaftServerImpl.java:start(180)) - 385e556a-2d1f-4a54-b566-fc4fd79f227c: start group-2D845440E949
2019-07-13 14:42:36,683 INFO  impl.RaftServerImpl (RaftServerImpl.java:setRole(171)) - 385e556a-2d1f-4a54-b566-fc4fd79f227c:group-2D845440E949 changes role from null to FOLLOWER at term 0 for startAsFollower
2019-07-13 14:42:36,683 INFO  impl.RoleInfo (RoleInfo.java:updateAndGet(143)) - 385e556a-2d1f-4a54-b566-fc4fd79f227c: start FollowerState
2019-07-13 14:42:36,683 INFO  util.JmxRegister (JmxRegister.java:tryRegister(44)) - Successfully registered JMX Bean with object name Ratis:service=RaftServer,group=group-2D845440E949,id=385e556a-2d1f-4a54-b566-fc4fd79f227c
2019-07-13 14:42:36,695 INFO  pipeline.PipelineStateManager (PipelineStateManager.java:addPipeline(56)) - Created pipeline Pipeline[ Id: 1e490ae4-d523-43b6-805a-2d845440e949, Nodes: 385e556a-2d1f-4a54-b566-fc4fd79f227c{ip: 192.168.5.172, host: trunk-nightly-mhs6z-4061744966, networkLocation: /default-rack, certSerialId: null}, Type:RATIS, Factor:ONE, State:OPEN]
2019-07-13 14:42:36,712 INFO  impl.RaftServerProxy (RaftServerProxy.java:addNew(89)) - eccbf334-c64b-489b-87c0-cb0b84bb7b62: addNew group-94537CFFF16B:[eccbf334-c64b-489b-87c0-cb0b84bb7b62:192.168.5.172:46304] returns group-94537CFFF16B:java.util.concurrent.CompletableFuture@f440c3d[Not completed]
2019-07-13 14:42:36,714 INFO  impl.RaftServerImpl (RaftServerImpl.java:<init>(93)) - eccbf334-c64b-489b-87c0-cb0b84bb7b62: new RaftServerImpl for group-94537CFFF16B:[eccbf334-c64b-489b-87c0-cb0b84bb7b62:192.168.5.172:46304] with ContainerStateMachine:uninitialized
2019-07-13 14:42:36,714 INFO  server.RaftServerConfigKeys (ConfUtils.java:logGet(43)) - raft.server.rpc.timeout.min = 5s (custom)
2019-07-13 14:42:36,714 INFO  server.RaftServerConfigKeys (ConfUtils.java:logGet(43)) - raft.server.rpc.timeout.max = 5200ms (custom)
2019-07-13 14:42:36,714 INFO  server.RaftServerConfigKeys (ConfUtils.java:logGet(43)) - raft.server.rpcslowness.timeout = 120s (custom)
2019-07-13 14:42:36,714 INFO  server.RaftServerConfigKeys (ConfUtils.java:logGet(43)) - raft.server.sleep.deviation.threshold = 300 (default)
2019-07-13 14:42:36,715 INFO  server.RaftServerConfigKeys (ConfUtils.java:logGet(43)) - raft.server.log.appender.install.snapshot.enabled = false (custom)
2019-07-13 14:42:36,715 INFO  impl.RaftServerImpl (ServerState.java:<init>(105)) - eccbf334-c64b-489b-87c0-cb0b84bb7b62:group-94537CFFF16B ConfigurationManager, init=-1: [eccbf334-c64b-489b-87c0-cb0b84bb7b62:192.168.5.172:46304], old=null, confs=<EMPTY_MAP>
2019-07-13 14:42:36,715 INFO  server.RaftServerConfigKeys (ConfUtils.java:logGet(43)) - raft.server.storage.dir = [/tmp/workdir/hadoop-ozone/integration-test/target/test-dir/MiniOzoneClusterImpl-cdb6c0af-5e4e-41d1-90b6-fe79d96a918f/datanode-5/data/ratis] (custom)
2019-07-13 14:42:36,715 INFO  storage.RaftStorageDirectory (RaftStorageDirectory.java:analyzeStorage(246)) - The storage directory /tmp/workdir/hadoop-ozone/integration-test/target/test-dir/MiniOzoneClusterImpl-cdb6c0af-5e4e-41d1-90b6-fe79d96a918f/datanode-5/data/ratis/cf193481-114a-4cc6-a9b4-94537cfff16b does not exist. Creating ...
2019-07-13 14:42:36,719 INFO  storage.RaftStorageDirectory (RaftStorageDirectory.java:tryLock(328)) - Lock on /tmp/workdir/hadoop-ozone/integration-test/target/test-dir/MiniOzoneClusterImpl-cdb6c0af-5e4e-41d1-90b6-fe79d96a918f/datanode-5/data/ratis/cf193481-114a-4cc6-a9b4-94537cfff16b/in_use.lock acquired by nodename 18193@trunk-nightly-mhs6z-4061744966
2019-07-13 14:42:36,724 INFO  storage.RaftStorage (RaftStorage.java:format(72)) - Storage directory /tmp/workdir/hadoop-ozone/integration-test/target/test-dir/MiniOzoneClusterImpl-cdb6c0af-5e4e-41d1-90b6-fe79d96a918f/datanode-5/data/ratis/cf193481-114a-4cc6-a9b4-94537cfff16b has been successfully formatted.
2019-07-13 14:42:36,724 INFO  ratis.ContainerStateMachine (ContainerStateMachine.java:loadSnapshot(200)) - The snapshot info is null.Setting the last applied index to:(t:0, i:~)
2019-07-13 14:42:36,724 INFO  server.RaftServerConfigKeys (ConfUtils.java:logGet(43)) - raft.server.leader.election.timeout = 120s (custom)
2019-07-13 14:42:36,724 INFO  server.RaftServerConfigKeys (ConfUtils.java:logGet(43)) - raft.server.log.use.memory = false (default)
2019-07-13 14:42:36,725 INFO  server.RaftServerConfigKeys (ConfUtils.java:logGet(43)) - raft.server.log.purge.gap = 1000000000 (custom)
2019-07-13 14:42:36,725 INFO  server.RaftServerConfigKeys (ConfUtils.java:logGet(43)) - raft.server.log.appender.buffer.byte-limit = 33554432 (custom)
2019-07-13 14:42:36,725 INFO  server.RaftServerConfigKeys (ConfUtils.java:logGet(43)) - raft.server.log.segment.size.max = 1048576 (custom)
2019-07-13 14:42:36,725 INFO  server.RaftServerConfigKeys (ConfUtils.java:logGet(43)) - raft.server.log.segment.cache.num.max = 2 (custom)
2019-07-13 14:42:36,725 INFO  segmented.SegmentedRaftLogWorker (SegmentedRaftLogWorker.java:<init>(172)) - new eccbf334-c64b-489b-87c0-cb0b84bb7b62-SegmentedRaftLogWorker:Storage Directory /tmp/workdir/hadoop-ozone/integration-test/target/test-dir/MiniOzoneClusterImpl-cdb6c0af-5e4e-41d1-90b6-fe79d96a918f/datanode-5/data/ratis/cf193481-114a-4cc6-a9b4-94537cfff16b for RaftStorage:Storage Directory /tmp/workdir/hadoop-ozone/integration-test/target/test-dir/MiniOzoneClusterImpl-cdb6c0af-5e4e-41d1-90b6-fe79d96a918f/datanode-5/data/ratis/cf193481-114a-4cc6-a9b4-94537cfff16b
2019-07-13 14:42:36,725 INFO  server.RaftServerConfigKeys (ConfUtils.java:logGet(43)) - raft.server.log.queue.byte-limit = 2147483647 (custom)
2019-07-13 14:42:36,726 INFO  server.RaftServerConfigKeys (ConfUtils.java:logGet(43)) - raft.server.log.queue.element-limit = 1024 (custom)
2019-07-13 14:42:36,726 INFO  server.RaftServerConfigKeys (ConfUtils.java:logGet(43)) - raft.server.log.segment.size.max = 1048576 (custom)
2019-07-13 14:42:36,726 INFO  server.RaftServerConfigKeys (ConfUtils.java:logGet(43)) - raft.server.log.preallocated.size = 16384 (custom)
2019-07-13 14:42:36,726 INFO  server.RaftServerConfigKeys (ConfUtils.java:logGet(43)) - raft.server.log.write.buffer.size = 33554432 (custom)
2019-07-13 14:42:36,726 INFO  server.RaftServerConfigKeys (ConfUtils.java:logGet(43)) - raft.server.log.force.sync.num = 128 (default)
2019-07-13 14:42:36,726 INFO  server.RaftServerConfigKeys (ConfUtils.java:logGet(43)) - raft.server.log.statemachine.data.sync = true (default)
2019-07-13 14:42:36,727 INFO  server.RaftServerConfigKeys (ConfUtils.java:logGet(43)) - raft.server.log.statemachine.data.sync.timeout = 10s (default)
2019-07-13 14:42:36,727 INFO  server.RaftServerConfigKeys (ConfUtils.java:logGet(43)) - raft.server.log.statemachine.data.sync.timeout.retry = -1 (default)
2019-07-13 14:42:36,727 INFO  server.RaftServerConfigKeys (ConfUtils.java:logGet(43)) - raft.server.log.statemachine.data.caching.enabled = true (custom)
2019-07-13 14:42:36,728 INFO  segmented.SegmentedRaftLogWorker (SegmentedRaftLogWorker.java:lambda$new$0(132)) - eccbf334-c64b-489b-87c0-cb0b84bb7b62-SegmentedRaftLogWorker:Storage Directory /tmp/workdir/hadoop-ozone/integration-test/target/test-dir/MiniOzoneClusterImpl-cdb6c0af-5e4e-41d1-90b6-fe79d96a918f/datanode-5/data/ratis/cf193481-114a-4cc6-a9b4-94537cfff16b: flushIndex: setUnconditionally 0 -> -1
2019-07-13 14:42:36,728 INFO  server.RaftServerConfigKeys (ConfUtils.java:logGet(43)) - raft.server.snapshot.auto.trigger.enabled = true (custom)
2019-07-13 14:42:36,728 INFO  server.RaftServerConfigKeys (ConfUtils.java:logGet(43)) - raft.server.snapshot.auto.trigger.threshold = 10000 (custom)
2019-07-13 14:42:36,728 INFO  server.RaftServerConfigKeys (ConfUtils.java:logGet(43)) - raft.server.retrycache.expirytime = 600000ms (custom)
2019-07-13 14:42:36,729 INFO  impl.RaftServerImpl (RaftServerImpl.java:start(180)) - eccbf334-c64b-489b-87c0-cb0b84bb7b62: start group-94537CFFF16B
2019-07-13 14:42:36,729 INFO  impl.RaftServerImpl (RaftServerImpl.java:setRole(171)) - eccbf334-c64b-489b-87c0-cb0b84bb7b62:group-94537CFFF16B changes role from null to FOLLOWER at term 0 for startAsFollower
2019-07-13 14:42:36,729 INFO  impl.RoleInfo (RoleInfo.java:updateAndGet(143)) - eccbf334-c64b-489b-87c0-cb0b84bb7b62: start FollowerState
2019-07-13 14:42:36,730 INFO  util.JmxRegister (JmxRegister.java:tryRegister(44)) - Successfully registered JMX Bean with object name Ratis:service=RaftServer,group=group-94537CFFF16B,id=eccbf334-c64b-489b-87c0-cb0b84bb7b62
2019-07-13 14:42:36,746 INFO  pipeline.PipelineStateManager (PipelineStateManager.java:addPipeline(56)) - Created pipeline Pipeline[ Id: cf193481-114a-4cc6-a9b4-94537cfff16b, Nodes: eccbf334-c64b-489b-87c0-cb0b84bb7b62{ip: 192.168.5.172, host: trunk-nightly-mhs6z-4061744966, networkLocation: /default-rack, certSerialId: null}, Type:RATIS, Factor:ONE, State:OPEN]
2019-07-13 14:42:36,775 INFO  impl.RaftServerProxy (RaftServerProxy.java:addNew(89)) - 5a909bff-8fa1-4564-9db7-4383cd66360a: addNew group-5709E0039CCC:[d37845be-7bdd-4fdf-a74e-f0fdeb4f99ea:192.168.5.172:37341, b0c0c3e2-275c-4107-9f75-d1827b8e1924:192.168.5.172:39564, 5a909bff-8fa1-4564-9db7-4383cd66360a:192.168.5.172:37879] returns group-5709E0039CCC:java.util.concurrent.CompletableFuture@722e3514[Not completed]
2019-07-13 14:42:36,775 INFO  impl.RaftServerProxy (RaftServerProxy.java:addNew(89)) - d37845be-7bdd-4fdf-a74e-f0fdeb4f99ea: addNew group-5709E0039CCC:[d37845be-7bdd-4fdf-a74e-f0fdeb4f99ea:192.168.5.172:37341, b0c0c3e2-275c-4107-9f75-d1827b8e1924:192.168.5.172:39564, 5a909bff-8fa1-4564-9db7-4383cd66360a:192.168.5.172:37879] returns group-5709E0039CCC:java.util.concurrent.CompletableFuture@1d2d5dce[Not completed]
2019-07-13 14:42:36,777 INFO  impl.RaftServerProxy (RaftServerProxy.java:addNew(89)) - b0c0c3e2-275c-4107-9f75-d1827b8e1924: addNew group-5709E0039CCC:[d37845be-7bdd-4fdf-a74e-f0fdeb4f99ea:192.168.5.172:37341, b0c0c3e2-275c-4107-9f75-d1827b8e1924:192.168.5.172:39564, 5a909bff-8fa1-4564-9db7-4383cd66360a:192.168.5.172:37879] returns group-5709E0039CCC:java.util.concurrent.CompletableFuture@582fd00f[Not completed]
2019-07-13 14:42:36,778 INFO  impl.RaftServerImpl (RaftServerImpl.java:<init>(93)) - 5a909bff-8fa1-4564-9db7-4383cd66360a: new RaftServerImpl for group-5709E0039CCC:[d37845be-7bdd-4fdf-a74e-f0fdeb4f99ea:192.168.5.172:37341, b0c0c3e2-275c-4107-9f75-d1827b8e1924:192.168.5.172:39564, 5a909bff-8fa1-4564-9db7-4383cd66360a:192.168.5.172:37879] with ContainerStateMachine:uninitialized
2019-07-13 14:42:36,778 INFO  server.RaftServerConfigKeys (ConfUtils.java:logGet(43)) - raft.server.rpc.timeout.min = 5s (custom)
2019-07-13 14:42:36,778 INFO  server.RaftServerConfigKeys (ConfUtils.java:logGet(43)) - raft.server.rpc.timeout.max = 5200ms (custom)
2019-07-13 14:42:36,779 INFO  server.RaftServerConfigKeys (ConfUtils.java:logGet(43)) - raft.server.rpcslowness.timeout = 120s (custom)
2019-07-13 14:42:36,779 INFO  server.RaftServerConfigKeys (ConfUtils.java:logGet(43)) - raft.server.sleep.deviation.threshold = 300 (default)
2019-07-13 14:42:36,779 INFO  server.RaftServerConfigKeys (ConfUtils.java:logGet(43)) - raft.server.log.appender.install.snapshot.enabled = false (custom)
2019-07-13 14:42:36,779 INFO  impl.RaftServerImpl (ServerState.java:<init>(105)) - 5a909bff-8fa1-4564-9db7-4383cd66360a:group-5709E0039CCC ConfigurationManager, init=-1: [d37845be-7bdd-4fdf-a74e-f0fdeb4f99ea:192.168.5.172:37341, b0c0c3e2-275c-4107-9f75-d1827b8e1924:192.168.5.172:39564, 5a909bff-8fa1-4564-9db7-4383cd66360a:192.168.5.172:37879], old=null, confs=<EMPTY_MAP>
2019-07-13 14:42:36,779 INFO  server.RaftServerConfigKeys (ConfUtils.java:logGet(43)) - raft.server.storage.dir = [/tmp/workdir/hadoop-ozone/integration-test/target/test-dir/MiniOzoneClusterImpl-cdb6c0af-5e4e-41d1-90b6-fe79d96a918f/datanode-6/data/ratis] (custom)
2019-07-13 14:42:36,779 INFO  impl.RaftServerImpl (RaftServerImpl.java:<init>(93)) - b0c0c3e2-275c-4107-9f75-d1827b8e1924: new RaftServerImpl for group-5709E0039CCC:[d37845be-7bdd-4fdf-a74e-f0fdeb4f99ea:192.168.5.172:37341, b0c0c3e2-275c-4107-9f75-d1827b8e1924:192.168.5.172:39564, 5a909bff-8fa1-4564-9db7-4383cd66360a:192.168.5.172:37879] with ContainerStateMachine:uninitialized
2019-07-13 14:42:36,780 INFO  server.RaftServerConfigKeys (ConfUtils.java:logGet(43)) - raft.server.rpc.timeout.min = 5s (custom)
2019-07-13 14:42:36,780 INFO  storage.RaftStorageDirectory (RaftStorageDirectory.java:analyzeStorage(246)) - The storage directory /tmp/workdir/hadoop-ozone/integration-test/target/test-dir/MiniOzoneClusterImpl-cdb6c0af-5e4e-41d1-90b6-fe79d96a918f/datanode-6/data/ratis/50590dc0-ee65-486c-b87e-5709e0039ccc does not exist. Creating ...
2019-07-13 14:42:36,780 INFO  server.RaftServerConfigKeys (ConfUtils.java:logGet(43)) - raft.server.rpc.timeout.max = 5200ms (custom)
2019-07-13 14:42:36,780 INFO  server.RaftServerConfigKeys (ConfUtils.java:logGet(43)) - raft.server.rpcslowness.timeout = 120s (custom)
2019-07-13 14:42:36,780 INFO  server.RaftServerConfigKeys (ConfUtils.java:logGet(43)) - raft.server.sleep.deviation.threshold = 300 (default)
2019-07-13 14:42:36,780 INFO  impl.RaftServerImpl (RaftServerImpl.java:<init>(93)) - d37845be-7bdd-4fdf-a74e-f0fdeb4f99ea: new RaftServerImpl for group-5709E0039CCC:[d37845be-7bdd-4fdf-a74e-f0fdeb4f99ea:192.168.5.172:37341, b0c0c3e2-275c-4107-9f75-d1827b8e1924:192.168.5.172:39564, 5a909bff-8fa1-4564-9db7-4383cd66360a:192.168.5.172:37879] with ContainerStateMachine:uninitialized
2019-07-13 14:42:36,780 INFO  server.RaftServerConfigKeys (ConfUtils.java:logGet(43)) - raft.server.log.appender.install.snapshot.enabled = false (custom)
2019-07-13 14:42:36,780 INFO  server.RaftServerConfigKeys (ConfUtils.java:logGet(43)) - raft.server.rpc.timeout.min = 5s (custom)
2019-07-13 14:42:36,781 INFO  impl.RaftServerImpl (ServerState.java:<init>(105)) - b0c0c3e2-275c-4107-9f75-d1827b8e1924:group-5709E0039CCC ConfigurationManager, init=-1: [d37845be-7bdd-4fdf-a74e-f0fdeb4f99ea:192.168.5.172:37341, b0c0c3e2-275c-4107-9f75-d1827b8e1924:192.168.5.172:39564, 5a909bff-8fa1-4564-9db7-4383cd66360a:192.168.5.172:37879], old=null, confs=<EMPTY_MAP>
2019-07-13 14:42:36,781 INFO  server.RaftServerConfigKeys (ConfUtils.java:logGet(43)) - raft.server.rpc.timeout.max = 5200ms (custom)
2019-07-13 14:42:36,781 INFO  server.RaftServerConfigKeys (ConfUtils.java:logGet(43)) - raft.server.storage.dir = [/tmp/workdir/hadoop-ozone/integration-test/target/test-dir/MiniOzoneClusterImpl-cdb6c0af-5e4e-41d1-90b6-fe79d96a918f/datanode-2/data/ratis] (custom)
2019-07-13 14:42:36,781 INFO  server.RaftServerConfigKeys (ConfUtils.java:logGet(43)) - raft.server.rpcslowness.timeout = 120s (custom)
2019-07-13 14:42:36,781 INFO  server.RaftServerConfigKeys (ConfUtils.java:logGet(43)) - raft.server.sleep.deviation.threshold = 300 (default)
2019-07-13 14:42:36,781 INFO  storage.RaftStorageDirectory (RaftStorageDirectory.java:analyzeStorage(246)) - The storage directory /tmp/workdir/hadoop-ozone/integration-test/target/test-dir/MiniOzoneClusterImpl-cdb6c0af-5e4e-41d1-90b6-fe79d96a918f/datanode-2/data/ratis/50590dc0-ee65-486c-b87e-5709e0039ccc does not exist. Creating ...
2019-07-13 14:42:36,782 INFO  server.RaftServerConfigKeys (ConfUtils.java:logGet(43)) - raft.server.log.appender.install.snapshot.enabled = false (custom)
2019-07-13 14:42:36,782 INFO  impl.RaftServerImpl (ServerState.java:<init>(105)) - d37845be-7bdd-4fdf-a74e-f0fdeb4f99ea:group-5709E0039CCC ConfigurationManager, init=-1: [d37845be-7bdd-4fdf-a74e-f0fdeb4f99ea:192.168.5.172:37341, b0c0c3e2-275c-4107-9f75-d1827b8e1924:192.168.5.172:39564, 5a909bff-8fa1-4564-9db7-4383cd66360a:192.168.5.172:37879], old=null, confs=<EMPTY_MAP>
2019-07-13 14:42:36,782 INFO  server.RaftServerConfigKeys (ConfUtils.java:logGet(43)) - raft.server.storage.dir = [/tmp/workdir/hadoop-ozone/integration-test/target/test-dir/MiniOzoneClusterImpl-cdb6c0af-5e4e-41d1-90b6-fe79d96a918f/datanode-3/data/ratis] (custom)
2019-07-13 14:42:36,782 INFO  storage.RaftStorageDirectory (RaftStorageDirectory.java:analyzeStorage(246)) - The storage directory /tmp/workdir/hadoop-ozone/integration-test/target/test-dir/MiniOzoneClusterImpl-cdb6c0af-5e4e-41d1-90b6-fe79d96a918f/datanode-3/data/ratis/50590dc0-ee65-486c-b87e-5709e0039ccc does not exist. Creating ...
2019-07-13 14:42:36,786 INFO  storage.RaftStorageDirectory (RaftStorageDirectory.java:tryLock(328)) - Lock on /tmp/workdir/hadoop-ozone/integration-test/target/test-dir/MiniOzoneClusterImpl-cdb6c0af-5e4e-41d1-90b6-fe79d96a918f/datanode-6/data/ratis/50590dc0-ee65-486c-b87e-5709e0039ccc/in_use.lock acquired by nodename 18193@trunk-nightly-mhs6z-4061744966
2019-07-13 14:42:36,786 INFO  storage.RaftStorageDirectory (RaftStorageDirectory.java:tryLock(328)) - Lock on /tmp/workdir/hadoop-ozone/integration-test/target/test-dir/MiniOzoneClusterImpl-cdb6c0af-5e4e-41d1-90b6-fe79d96a918f/datanode-2/data/ratis/50590dc0-ee65-486c-b87e-5709e0039ccc/in_use.lock acquired by nodename 18193@trunk-nightly-mhs6z-4061744966
2019-07-13 14:42:36,791 INFO  storage.RaftStorageDirectory (RaftStorageDirectory.java:tryLock(328)) - Lock on /tmp/workdir/hadoop-ozone/integration-test/target/test-dir/MiniOzoneClusterImpl-cdb6c0af-5e4e-41d1-90b6-fe79d96a918f/datanode-3/data/ratis/50590dc0-ee65-486c-b87e-5709e0039ccc/in_use.lock acquired by nodename 18193@trunk-nightly-mhs6z-4061744966
2019-07-13 14:42:36,791 INFO  storage.RaftStorage (RaftStorage.java:format(72)) - Storage directory /tmp/workdir/hadoop-ozone/integration-test/target/test-dir/MiniOzoneClusterImpl-cdb6c0af-5e4e-41d1-90b6-fe79d96a918f/datanode-2/data/ratis/50590dc0-ee65-486c-b87e-5709e0039ccc has been successfully formatted.
2019-07-13 14:42:36,791 INFO  storage.RaftStorage (RaftStorage.java:format(72)) - Storage directory /tmp/workdir/hadoop-ozone/integration-test/target/test-dir/MiniOzoneClusterImpl-cdb6c0af-5e4e-41d1-90b6-fe79d96a918f/datanode-6/data/ratis/50590dc0-ee65-486c-b87e-5709e0039ccc has been successfully formatted.
2019-07-13 14:42:36,791 INFO  ratis.ContainerStateMachine (ContainerStateMachine.java:loadSnapshot(200)) - The snapshot info is null.Setting the last applied index to:(t:0, i:~)
2019-07-13 14:42:36,791 INFO  ratis.ContainerStateMachine (ContainerStateMachine.java:loadSnapshot(200)) - The snapshot info is null.Setting the last applied index to:(t:0, i:~)
2019-07-13 14:42:36,792 INFO  server.RaftServerConfigKeys (ConfUtils.java:logGet(43)) - raft.server.leader.election.timeout = 120s (custom)
2019-07-13 14:42:36,792 INFO  server.RaftServerConfigKeys (ConfUtils.java:logGet(43)) - raft.server.leader.election.timeout = 120s (custom)
2019-07-13 14:42:36,792 INFO  server.RaftServerConfigKeys (ConfUtils.java:logGet(43)) - raft.server.log.use.memory = false (default)
2019-07-13 14:42:36,792 INFO  server.RaftServerConfigKeys (ConfUtils.java:logGet(43)) - raft.server.log.use.memory = false (default)
2019-07-13 14:42:36,792 INFO  server.RaftServerConfigKeys (ConfUtils.java:logGet(43)) - raft.server.log.purge.gap = 1000000000 (custom)
2019-07-13 14:42:36,792 INFO  server.RaftServerConfigKeys (ConfUtils.java:logGet(43)) - raft.server.log.purge.gap = 1000000000 (custom)
2019-07-13 14:42:36,792 INFO  server.RaftServerConfigKeys (ConfUtils.java:logGet(43)) - raft.server.log.appender.buffer.byte-limit = 33554432 (custom)
2019-07-13 14:42:36,792 INFO  server.RaftServerConfigKeys (ConfUtils.java:logGet(43)) - raft.server.log.appender.buffer.byte-limit = 33554432 (custom)
2019-07-13 14:42:36,793 INFO  server.RaftServerConfigKeys (ConfUtils.java:logGet(43)) - raft.server.log.segment.size.max = 1048576 (custom)
2019-07-13 14:42:36,793 INFO  server.RaftServerConfigKeys (ConfUtils.java:logGet(43)) - raft.server.log.segment.size.max = 1048576 (custom)
2019-07-13 14:42:36,793 INFO  server.RaftServerConfigKeys (ConfUtils.java:logGet(43)) - raft.server.log.segment.cache.num.max = 2 (custom)
2019-07-13 14:42:36,793 INFO  server.RaftServerConfigKeys (ConfUtils.java:logGet(43)) - raft.server.log.segment.cache.num.max = 2 (custom)
2019-07-13 14:42:36,793 INFO  segmented.SegmentedRaftLogWorker (SegmentedRaftLogWorker.java:<init>(172)) - new b0c0c3e2-275c-4107-9f75-d1827b8e1924-SegmentedRaftLogWorker:Storage Directory /tmp/workdir/hadoop-ozone/integration-test/target/test-dir/MiniOzoneClusterImpl-cdb6c0af-5e4e-41d1-90b6-fe79d96a918f/datanode-2/data/ratis/50590dc0-ee65-486c-b87e-5709e0039ccc for RaftStorage:Storage Directory /tmp/workdir/hadoop-ozone/integration-test/target/test-dir/MiniOzoneClusterImpl-cdb6c0af-5e4e-41d1-90b6-fe79d96a918f/datanode-2/data/ratis/50590dc0-ee65-486c-b87e-5709e0039ccc
2019-07-13 14:42:36,793 INFO  segmented.SegmentedRaftLogWorker (SegmentedRaftLogWorker.java:<init>(172)) - new 5a909bff-8fa1-4564-9db7-4383cd66360a-SegmentedRaftLogWorker:Storage Directory /tmp/workdir/hadoop-ozone/integration-test/target/test-dir/MiniOzoneClusterImpl-cdb6c0af-5e4e-41d1-90b6-fe79d96a918f/datanode-6/data/ratis/50590dc0-ee65-486c-b87e-5709e0039ccc for RaftStorage:Storage Directory /tmp/workdir/hadoop-ozone/integration-test/target/test-dir/MiniOzoneClusterImpl-cdb6c0af-5e4e-41d1-90b6-fe79d96a918f/datanode-6/data/ratis/50590dc0-ee65-486c-b87e-5709e0039ccc
2019-07-13 14:42:36,793 INFO  server.RaftServerConfigKeys (ConfUtils.java:logGet(43)) - raft.server.log.queue.byte-limit = 2147483647 (custom)
2019-07-13 14:42:36,795 INFO  storage.RaftStorage (RaftStorage.java:format(72)) - Storage directory /tmp/workdir/hadoop-ozone/integration-test/target/test-dir/MiniOzoneClusterImpl-cdb6c0af-5e4e-41d1-90b6-fe79d96a918f/datanode-3/data/ratis/50590dc0-ee65-486c-b87e-5709e0039ccc has been successfully formatted.
2019-07-13 14:42:36,794 INFO  server.RaftServerConfigKeys (ConfUtils.java:logGet(43)) - raft.server.log.queue.byte-limit = 2147483647 (custom)
2019-07-13 14:42:36,797 INFO  ratis.ContainerStateMachine (ContainerStateMachine.java:loadSnapshot(200)) - The snapshot info is null.Setting the last applied index to:(t:0, i:~)
2019-07-13 14:42:36,797 INFO  server.RaftServerConfigKeys (ConfUtils.java:logGet(43)) - raft.server.log.queue.element-limit = 1024 (custom)
2019-07-13 14:42:36,797 INFO  server.RaftServerConfigKeys (ConfUtils.java:logGet(43)) - raft.server.leader.election.timeout = 120s (custom)
2019-07-13 14:42:36,797 INFO  server.RaftServerConfigKeys (ConfUtils.java:logGet(43)) - raft.server.log.queue.element-limit = 1024 (custom)
2019-07-13 14:42:36,798 INFO  server.RaftServerConfigKeys (ConfUtils.java:logGet(43)) - raft.server.log.use.memory = false (default)
2019-07-13 14:42:36,798 INFO  server.RaftServerConfigKeys (ConfUtils.java:logGet(43)) - raft.server.log.segment.size.max = 1048576 (custom)
2019-07-13 14:42:36,798 INFO  server.RaftServerConfigKeys (ConfUtils.java:logGet(43)) - raft.server.log.purge.gap = 1000000000 (custom)
2019-07-13 14:42:36,798 INFO  server.RaftServerConfigKeys (ConfUtils.java:logGet(43)) - raft.server.log.segment.size.max = 1048576 (custom)
2019-07-13 14:42:36,798 INFO  server.RaftServerConfigKeys (ConfUtils.java:logGet(43)) - raft.server.log.appender.buffer.byte-limit = 33554432 (custom)
2019-07-13 14:42:36,798 INFO  server.RaftServerConfigKeys (ConfUtils.java:logGet(43)) - raft.server.log.preallocated.size = 16384 (custom)
2019-07-13 14:42:36,799 INFO  server.RaftServerConfigKeys (ConfUtils.java:logGet(43)) - raft.server.log.segment.size.max = 1048576 (custom)
2019-07-13 14:42:36,798 INFO  server.RaftServerConfigKeys (ConfUtils.java:logGet(43)) - raft.server.log.preallocated.size = 16384 (custom)
2019-07-13 14:42:36,799 INFO  server.RaftServerConfigKeys (ConfUtils.java:logGet(43)) - raft.server.log.segment.cache.num.max = 2 (custom)
2019-07-13 14:42:36,799 INFO  server.RaftServerConfigKeys (ConfUtils.java:logGet(43)) - raft.server.log.write.buffer.size = 33554432 (custom)
2019-07-13 14:42:36,799 INFO  segmented.SegmentedRaftLogWorker (SegmentedRaftLogWorker.java:<init>(172)) - new d37845be-7bdd-4fdf-a74e-f0fdeb4f99ea-SegmentedRaftLogWorker:Storage Directory /tmp/workdir/hadoop-ozone/integration-test/target/test-dir/MiniOzoneClusterImpl-cdb6c0af-5e4e-41d1-90b6-fe79d96a918f/datanode-3/data/ratis/50590dc0-ee65-486c-b87e-5709e0039ccc for RaftStorage:Storage Directory /tmp/workdir/hadoop-ozone/integration-test/target/test-dir/MiniOzoneClusterImpl-cdb6c0af-5e4e-41d1-90b6-fe79d96a918f/datanode-3/data/ratis/50590dc0-ee65-486c-b87e-5709e0039ccc
2019-07-13 14:42:36,799 INFO  server.RaftServerConfigKeys (ConfUtils.java:logGet(43)) - raft.server.log.write.buffer.size = 33554432 (custom)
2019-07-13 14:42:36,799 INFO  server.RaftServerConfigKeys (ConfUtils.java:logGet(43)) - raft.server.log.queue.byte-limit = 2147483647 (custom)
2019-07-13 14:42:36,799 INFO  server.RaftServerConfigKeys (ConfUtils.java:logGet(43)) - raft.server.log.force.sync.num = 128 (default)
2019-07-13 14:42:36,801 INFO  server.RaftServerConfigKeys (ConfUtils.java:logGet(43)) - raft.server.log.queue.element-limit = 1024 (custom)
2019-07-13 14:42:36,799 INFO  server.RaftServerConfigKeys (ConfUtils.java:logGet(43)) - raft.server.log.force.sync.num = 128 (default)
2019-07-13 14:42:36,801 INFO  server.RaftServerConfigKeys (ConfUtils.java:logGet(43)) - raft.server.log.segment.size.max = 1048576 (custom)
2019-07-13 14:42:36,801 INFO  server.RaftServerConfigKeys (ConfUtils.java:logGet(43)) - raft.server.log.statemachine.data.sync = true (default)
2019-07-13 14:42:36,801 INFO  server.RaftServerConfigKeys (ConfUtils.java:logGet(43)) - raft.server.log.preallocated.size = 16384 (custom)
2019-07-13 14:42:36,801 INFO  server.RaftServerConfigKeys (ConfUtils.java:logGet(43)) - raft.server.log.statemachine.data.sync = true (default)
2019-07-13 14:42:36,802 INFO  server.RaftServerConfigKeys (ConfUtils.java:logGet(43)) - raft.server.log.write.buffer.size = 33554432 (custom)
2019-07-13 14:42:36,802 INFO  server.RaftServerConfigKeys (ConfUtils.java:logGet(43)) - raft.server.log.statemachine.data.sync.timeout = 10s (default)
2019-07-13 14:42:36,802 INFO  server.RaftServerConfigKeys (ConfUtils.java:logGet(43)) - raft.server.log.force.sync.num = 128 (default)
2019-07-13 14:42:36,802 INFO  server.RaftServerConfigKeys (ConfUtils.java:logGet(43)) - raft.server.log.statemachine.data.sync.timeout = 10s (default)
2019-07-13 14:42:36,802 INFO  server.RaftServerConfigKeys (ConfUtils.java:logGet(43)) - raft.server.log.statemachine.data.sync = true (default)
2019-07-13 14:42:36,802 INFO  server.RaftServerConfigKeys (ConfUtils.java:logGet(43)) - raft.server.log.statemachine.data.sync.timeout.retry = -1 (default)
2019-07-13 14:42:36,802 INFO  server.RaftServerConfigKeys (ConfUtils.java:logGet(43)) - raft.server.log.statemachine.data.sync.timeout = 10s (default)
2019-07-13 14:42:36,802 INFO  server.RaftServerConfigKeys (ConfUtils.java:logGet(43)) - raft.server.log.statemachine.data.sync.timeout.retry = -1 (default)
2019-07-13 14:42:36,803 INFO  server.RaftServerConfigKeys (ConfUtils.java:logGet(43)) - raft.server.log.statemachine.data.sync.timeout.retry = -1 (default)
2019-07-13 14:42:36,803 INFO  server.RaftServerConfigKeys (ConfUtils.java:logGet(43)) - raft.server.log.statemachine.data.caching.enabled = true (custom)
2019-07-13 14:42:36,803 INFO  server.RaftServerConfigKeys (ConfUtils.java:logGet(43)) - raft.server.log.statemachine.data.caching.enabled = true (custom)
2019-07-13 14:42:36,803 INFO  server.RaftServerConfigKeys (ConfUtils.java:logGet(43)) - raft.server.log.statemachine.data.caching.enabled = true (custom)
2019-07-13 14:42:36,803 INFO  segmented.SegmentedRaftLogWorker (SegmentedRaftLogWorker.java:lambda$new$0(132)) - 5a909bff-8fa1-4564-9db7-4383cd66360a-SegmentedRaftLogWorker:Storage Directory /tmp/workdir/hadoop-ozone/integration-test/target/test-dir/MiniOzoneClusterImpl-cdb6c0af-5e4e-41d1-90b6-fe79d96a918f/datanode-6/data/ratis/50590dc0-ee65-486c-b87e-5709e0039ccc: flushIndex: setUnconditionally 0 -> -1
2019-07-13 14:42:36,803 INFO  segmented.SegmentedRaftLogWorker (SegmentedRaftLogWorker.java:lambda$new$0(132)) - b0c0c3e2-275c-4107-9f75-d1827b8e1924-SegmentedRaftLogWorker:Storage Directory /tmp/workdir/hadoop-ozone/integration-test/target/test-dir/MiniOzoneClusterImpl-cdb6c0af-5e4e-41d1-90b6-fe79d96a918f/datanode-2/data/ratis/50590dc0-ee65-486c-b87e-5709e0039ccc: flushIndex: setUnconditionally 0 -> -1
2019-07-13 14:42:36,803 INFO  segmented.SegmentedRaftLogWorker (SegmentedRaftLogWorker.java:lambda$new$0(132)) - d37845be-7bdd-4fdf-a74e-f0fdeb4f99ea-SegmentedRaftLogWorker:Storage Directory /tmp/workdir/hadoop-ozone/integration-test/target/test-dir/MiniOzoneClusterImpl-cdb6c0af-5e4e-41d1-90b6-fe79d96a918f/datanode-3/data/ratis/50590dc0-ee65-486c-b87e-5709e0039ccc: flushIndex: setUnconditionally 0 -> -1
2019-07-13 14:42:36,804 INFO  server.RaftServerConfigKeys (ConfUtils.java:logGet(43)) - raft.server.snapshot.auto.trigger.enabled = true (custom)
2019-07-13 14:42:36,804 INFO  server.RaftServerConfigKeys (ConfUtils.java:logGet(43)) - raft.server.snapshot.auto.trigger.enabled = true (custom)
2019-07-13 14:42:36,804 INFO  server.RaftServerConfigKeys (ConfUtils.java:logGet(43)) - raft.server.snapshot.auto.trigger.enabled = true (custom)
2019-07-13 14:42:36,804 INFO  server.RaftServerConfigKeys (ConfUtils.java:logGet(43)) - raft.server.snapshot.auto.trigger.threshold = 10000 (custom)
2019-07-13 14:42:36,804 INFO  server.RaftServerConfigKeys (ConfUtils.java:logGet(43)) - raft.server.snapshot.auto.trigger.threshold = 10000 (custom)
2019-07-13 14:42:36,804 INFO  server.RaftServerConfigKeys (ConfUtils.java:logGet(43)) - raft.server.snapshot.auto.trigger.threshold = 10000 (custom)
2019-07-13 14:42:36,805 INFO  server.RaftServerConfigKeys (ConfUtils.java:logGet(43)) - raft.server.retrycache.expirytime = 600000ms (custom)
2019-07-13 14:42:36,804 INFO  server.RaftServerConfigKeys (ConfUtils.java:logGet(43)) - raft.server.retrycache.expirytime = 600000ms (custom)
2019-07-13 14:42:36,805 INFO  server.RaftServerConfigKeys (ConfUtils.java:logGet(43)) - raft.server.retrycache.expirytime = 600000ms (custom)
2019-07-13 14:42:36,805 INFO  impl.RaftServerImpl (RaftServerImpl.java:start(180)) - 5a909bff-8fa1-4564-9db7-4383cd66360a: start group-5709E0039CCC
2019-07-13 14:42:36,805 INFO  impl.RaftServerImpl (RaftServerImpl.java:start(180)) - d37845be-7bdd-4fdf-a74e-f0fdeb4f99ea: start group-5709E0039CCC
2019-07-13 14:42:36,805 INFO  impl.RaftServerImpl (RaftServerImpl.java:start(180)) - b0c0c3e2-275c-4107-9f75-d1827b8e1924: start group-5709E0039CCC
2019-07-13 14:42:36,805 INFO  impl.RaftServerImpl (RaftServerImpl.java:setRole(171)) - 5a909bff-8fa1-4564-9db7-4383cd66360a:group-5709E0039CCC changes role from null to FOLLOWER at term 0 for startAsFollower
2019-07-13 14:42:36,805 INFO  impl.RaftServerImpl (RaftServerImpl.java:setRole(171)) - b0c0c3e2-275c-4107-9f75-d1827b8e1924:group-5709E0039CCC changes role from null to FOLLOWER at term 0 for startAsFollower
2019-07-13 14:42:36,805 INFO  impl.RaftServerImpl (RaftServerImpl.java:setRole(171)) - d37845be-7bdd-4fdf-a74e-f0fdeb4f99ea:group-5709E0039CCC changes role from null to FOLLOWER at term 0 for startAsFollower
2019-07-13 14:42:36,806 INFO  impl.RoleInfo (RoleInfo.java:updateAndGet(143)) - b0c0c3e2-275c-4107-9f75-d1827b8e1924: start FollowerState
2019-07-13 14:42:36,805 INFO  impl.RoleInfo (RoleInfo.java:updateAndGet(143)) - 5a909bff-8fa1-4564-9db7-4383cd66360a: start FollowerState
2019-07-13 14:42:36,806 INFO  impl.RoleInfo (RoleInfo.java:updateAndGet(143)) - d37845be-7bdd-4fdf-a74e-f0fdeb4f99ea: start FollowerState
2019-07-13 14:42:36,806 INFO  util.JmxRegister (JmxRegister.java:tryRegister(44)) - Successfully registered JMX Bean with object name Ratis:service=RaftServer,group=group-5709E0039CCC,id=b0c0c3e2-275c-4107-9f75-d1827b8e1924
2019-07-13 14:42:36,806 INFO  util.JmxRegister (JmxRegister.java:tryRegister(44)) - Successfully registered JMX Bean with object name Ratis:service=RaftServer,group=group-5709E0039CCC,id=5a909bff-8fa1-4564-9db7-4383cd66360a
2019-07-13 14:42:36,806 INFO  util.JmxRegister (JmxRegister.java:tryRegister(44)) - Successfully registered JMX Bean with object name Ratis:service=RaftServer,group=group-5709E0039CCC,id=d37845be-7bdd-4fdf-a74e-f0fdeb4f99ea
2019-07-13 14:42:36,828 INFO  pipeline.PipelineStateManager (PipelineStateManager.java:addPipeline(56)) - Created pipeline Pipeline[ Id: 50590dc0-ee65-486c-b87e-5709e0039ccc, Nodes: d37845be-7bdd-4fdf-a74e-f0fdeb4f99ea{ip: 192.168.5.172, host: trunk-nightly-mhs6z-4061744966, networkLocation: /default-rack, certSerialId: null}5a909bff-8fa1-4564-9db7-4383cd66360a{ip: 192.168.5.172, host: trunk-nightly-mhs6z-4061744966, networkLocation: /default-rack, certSerialId: null}b0c0c3e2-275c-4107-9f75-d1827b8e1924{ip: 192.168.5.172, host: trunk-nightly-mhs6z-4061744966, networkLocation: /default-rack, certSerialId: null}, Type:RATIS, Factor:THREE, State:OPEN]
2019-07-13 14:42:36,855 INFO  impl.RaftServerProxy (RaftServerProxy.java:addNew(89)) - 385e556a-2d1f-4a54-b566-fc4fd79f227c: addNew group-3D1635778A27:[3a2aa442-1699-4b5e-852f-43b5b83fc5be:192.168.5.172:41508, 385e556a-2d1f-4a54-b566-fc4fd79f227c:192.168.5.172:39129, 71b53168-5f95-4a1a-bad4-07e11f6dba72:192.168.5.172:35257] returns group-3D1635778A27:java.util.concurrent.CompletableFuture@5786db7a[Not completed]
2019-07-13 14:42:36,857 INFO  impl.RaftServerProxy (RaftServerProxy.java:addNew(89)) - 3a2aa442-1699-4b5e-852f-43b5b83fc5be: addNew group-3D1635778A27:[3a2aa442-1699-4b5e-852f-43b5b83fc5be:192.168.5.172:41508, 385e556a-2d1f-4a54-b566-fc4fd79f227c:192.168.5.172:39129, 71b53168-5f95-4a1a-bad4-07e11f6dba72:192.168.5.172:35257] returns group-3D1635778A27:java.util.concurrent.CompletableFuture@2ea6af71[Not completed]
2019-07-13 14:42:36,858 INFO  impl.RaftServerImpl (RaftServerImpl.java:<init>(93)) - 385e556a-2d1f-4a54-b566-fc4fd79f227c: new RaftServerImpl for group-3D1635778A27:[3a2aa442-1699-4b5e-852f-43b5b83fc5be:192.168.5.172:41508, 385e556a-2d1f-4a54-b566-fc4fd79f227c:192.168.5.172:39129, 71b53168-5f95-4a1a-bad4-07e11f6dba72:192.168.5.172:35257] with ContainerStateMachine:uninitialized
2019-07-13 14:42:36,861 INFO  server.RaftServerConfigKeys (ConfUtils.java:logGet(43)) - raft.server.rpc.timeout.min = 5s (custom)
2019-07-13 14:42:36,861 INFO  server.RaftServerConfigKeys (ConfUtils.java:logGet(43)) - raft.server.rpc.timeout.max = 5200ms (custom)
2019-07-13 14:42:36,861 INFO  server.RaftServerConfigKeys (ConfUtils.java:logGet(43)) - raft.server.rpcslowness.timeout = 120s (custom)
2019-07-13 14:42:36,861 INFO  server.RaftServerConfigKeys (ConfUtils.java:logGet(43)) - raft.server.sleep.deviation.threshold = 300 (default)
2019-07-13 14:42:36,861 INFO  impl.RaftServerImpl (RaftServerImpl.java:<init>(93)) - 3a2aa442-1699-4b5e-852f-43b5b83fc5be: new RaftServerImpl for group-3D1635778A27:[3a2aa442-1699-4b5e-852f-43b5b83fc5be:192.168.5.172:41508, 385e556a-2d1f-4a54-b566-fc4fd79f227c:192.168.5.172:39129, 71b53168-5f95-4a1a-bad4-07e11f6dba72:192.168.5.172:35257] with ContainerStateMachine:uninitialized
2019-07-13 14:42:36,861 INFO  impl.RaftServerProxy (RaftServerProxy.java:addNew(89)) - 71b53168-5f95-4a1a-bad4-07e11f6dba72: addNew group-3D1635778A27:[3a2aa442-1699-4b5e-852f-43b5b83fc5be:192.168.5.172:41508, 385e556a-2d1f-4a54-b566-fc4fd79f227c:192.168.5.172:39129, 71b53168-5f95-4a1a-bad4-07e11f6dba72:192.168.5.172:35257] returns group-3D1635778A27:java.util.concurrent.CompletableFuture@67ae4bb8[Not completed]
2019-07-13 14:42:36,861 INFO  server.RaftServerConfigKeys (ConfUtils.java:logGet(43)) - raft.server.log.appender.install.snapshot.enabled = false (custom)
2019-07-13 14:42:36,861 INFO  server.RaftServerConfigKeys (ConfUtils.java:logGet(43)) - raft.server.rpc.timeout.min = 5s (custom)
2019-07-13 14:42:36,862 INFO  impl.RaftServerImpl (ServerState.java:<init>(105)) - 385e556a-2d1f-4a54-b566-fc4fd79f227c:group-3D1635778A27 ConfigurationManager, init=-1: [3a2aa442-1699-4b5e-852f-43b5b83fc5be:192.168.5.172:41508, 385e556a-2d1f-4a54-b566-fc4fd79f227c:192.168.5.172:39129, 71b53168-5f95-4a1a-bad4-07e11f6dba72:192.168.5.172:35257], old=null, confs=<EMPTY_MAP>
2019-07-13 14:42:36,862 INFO  server.RaftServerConfigKeys (ConfUtils.java:logGet(43)) - raft.server.rpc.timeout.max = 5200ms (custom)
2019-07-13 14:42:36,862 INFO  server.RaftServerConfigKeys (ConfUtils.java:logGet(43)) - raft.server.rpcslowness.timeout = 120s (custom)
2019-07-13 14:42:36,862 INFO  server.RaftServerConfigKeys (ConfUtils.java:logGet(43)) - raft.server.storage.dir = [/tmp/workdir/hadoop-ozone/integration-test/target/test-dir/MiniOzoneClusterImpl-cdb6c0af-5e4e-41d1-90b6-fe79d96a918f/datanode-1/data/ratis] (custom)
2019-07-13 14:42:36,862 INFO  server.RaftServerConfigKeys (ConfUtils.java:logGet(43)) - raft.server.sleep.deviation.threshold = 300 (default)
2019-07-13 14:42:36,862 INFO  server.RaftServerConfigKeys (ConfUtils.java:logGet(43)) - raft.server.log.appender.install.snapshot.enabled = false (custom)
2019-07-13 14:42:36,862 INFO  storage.RaftStorageDirectory (RaftStorageDirectory.java:analyzeStorage(246)) - The storage directory /tmp/workdir/hadoop-ozone/integration-test/target/test-dir/MiniOzoneClusterImpl-cdb6c0af-5e4e-41d1-90b6-fe79d96a918f/datanode-1/data/ratis/3dcc15d1-8ab5-44ee-818d-3d1635778a27 does not exist. Creating ...
2019-07-13 14:42:36,863 INFO  impl.RaftServerImpl (ServerState.java:<init>(105)) - 3a2aa442-1699-4b5e-852f-43b5b83fc5be:group-3D1635778A27 ConfigurationManager, init=-1: [3a2aa442-1699-4b5e-852f-43b5b83fc5be:192.168.5.172:41508, 385e556a-2d1f-4a54-b566-fc4fd79f227c:192.168.5.172:39129, 71b53168-5f95-4a1a-bad4-07e11f6dba72:192.168.5.172:35257], old=null, confs=<EMPTY_MAP>
2019-07-13 14:42:36,864 INFO  server.RaftServerConfigKeys (ConfUtils.java:logGet(43)) - raft.server.storage.dir = [/tmp/workdir/hadoop-ozone/integration-test/target/test-dir/MiniOzoneClusterImpl-cdb6c0af-5e4e-41d1-90b6-fe79d96a918f/datanode-4/data/ratis] (custom)
2019-07-13 14:42:36,864 INFO  impl.RaftServerImpl (RaftServerImpl.java:<init>(93)) - 71b53168-5f95-4a1a-bad4-07e11f6dba72: new RaftServerImpl for group-3D1635778A27:[3a2aa442-1699-4b5e-852f-43b5b83fc5be:192.168.5.172:41508, 385e556a-2d1f-4a54-b566-fc4fd79f227c:192.168.5.172:39129, 71b53168-5f95-4a1a-bad4-07e11f6dba72:192.168.5.172:35257] with ContainerStateMachine:uninitialized
2019-07-13 14:42:36,864 INFO  server.RaftServerConfigKeys (ConfUtils.java:logGet(43)) - raft.server.rpc.timeout.min = 5s (custom)
2019-07-13 14:42:36,864 INFO  storage.RaftStorageDirectory (RaftStorageDirectory.java:analyzeStorage(246)) - The storage directory /tmp/workdir/hadoop-ozone/integration-test/target/test-dir/MiniOzoneClusterImpl-cdb6c0af-5e4e-41d1-90b6-fe79d96a918f/datanode-4/data/ratis/3dcc15d1-8ab5-44ee-818d-3d1635778a27 does not exist. Creating ...
2019-07-13 14:42:36,864 INFO  server.RaftServerConfigKeys (ConfUtils.java:logGet(43)) - raft.server.rpc.timeout.max = 5200ms (custom)
2019-07-13 14:42:36,864 INFO  server.RaftServerConfigKeys (ConfUtils.java:logGet(43)) - raft.server.rpcslowness.timeout = 120s (custom)
2019-07-13 14:42:36,865 INFO  server.RaftServerConfigKeys (ConfUtils.java:logGet(43)) - raft.server.sleep.deviation.threshold = 300 (default)
2019-07-13 14:42:36,865 INFO  server.RaftServerConfigKeys (ConfUtils.java:logGet(43)) - raft.server.log.appender.install.snapshot.enabled = false (custom)
2019-07-13 14:42:36,865 INFO  impl.RaftServerImpl (ServerState.java:<init>(105)) - 71b53168-5f95-4a1a-bad4-07e11f6dba72:group-3D1635778A27 ConfigurationManager, init=-1: [3a2aa442-1699-4b5e-852f-43b5b83fc5be:192.168.5.172:41508, 385e556a-2d1f-4a54-b566-fc4fd79f227c:192.168.5.172:39129, 71b53168-5f95-4a1a-bad4-07e11f6dba72:192.168.5.172:35257], old=null, confs=<EMPTY_MAP>
2019-07-13 14:42:36,865 INFO  server.RaftServerConfigKeys (ConfUtils.java:logGet(43)) - raft.server.storage.dir = [/tmp/workdir/hadoop-ozone/integration-test/target/test-dir/MiniOzoneClusterImpl-cdb6c0af-5e4e-41d1-90b6-fe79d96a918f/datanode-0/data/ratis] (custom)
2019-07-13 14:42:36,866 INFO  storage.RaftStorageDirectory (RaftStorageDirectory.java:analyzeStorage(246)) - The storage directory /tmp/workdir/hadoop-ozone/integration-test/target/test-dir/MiniOzoneClusterImpl-cdb6c0af-5e4e-41d1-90b6-fe79d96a918f/datanode-0/data/ratis/3dcc15d1-8ab5-44ee-818d-3d1635778a27 does not exist. Creating ...
2019-07-13 14:42:36,870 INFO  storage.RaftStorageDirectory (RaftStorageDirectory.java:tryLock(328)) - Lock on /tmp/workdir/hadoop-ozone/integration-test/target/test-dir/MiniOzoneClusterImpl-cdb6c0af-5e4e-41d1-90b6-fe79d96a918f/datanode-4/data/ratis/3dcc15d1-8ab5-44ee-818d-3d1635778a27/in_use.lock acquired by nodename 18193@trunk-nightly-mhs6z-4061744966
2019-07-13 14:42:36,870 INFO  storage.RaftStorageDirectory (RaftStorageDirectory.java:tryLock(328)) - Lock on /tmp/workdir/hadoop-ozone/integration-test/target/test-dir/MiniOzoneClusterImpl-cdb6c0af-5e4e-41d1-90b6-fe79d96a918f/datanode-1/data/ratis/3dcc15d1-8ab5-44ee-818d-3d1635778a27/in_use.lock acquired by nodename 18193@trunk-nightly-mhs6z-4061744966
2019-07-13 14:42:36,874 INFO  storage.RaftStorageDirectory (RaftStorageDirectory.java:tryLock(328)) - Lock on /tmp/workdir/hadoop-ozone/integration-test/target/test-dir/MiniOzoneClusterImpl-cdb6c0af-5e4e-41d1-90b6-fe79d96a918f/datanode-0/data/ratis/3dcc15d1-8ab5-44ee-818d-3d1635778a27/in_use.lock acquired by nodename 18193@trunk-nightly-mhs6z-4061744966
2019-07-13 14:42:36,878 INFO  storage.RaftStorage (RaftStorage.java:format(72)) - Storage directory /tmp/workdir/hadoop-ozone/integration-test/target/test-dir/MiniOzoneClusterImpl-cdb6c0af-5e4e-41d1-90b6-fe79d96a918f/datanode-4/data/ratis/3dcc15d1-8ab5-44ee-818d-3d1635778a27 has been successfully formatted.
2019-07-13 14:42:36,878 INFO  storage.RaftStorage (RaftStorage.java:format(72)) - Storage directory /tmp/workdir/hadoop-ozone/integration-test/target/test-dir/MiniOzoneClusterImpl-cdb6c0af-5e4e-41d1-90b6-fe79d96a918f/datanode-1/data/ratis/3dcc15d1-8ab5-44ee-818d-3d1635778a27 has been successfully formatted.
2019-07-13 14:42:36,879 INFO  ratis.ContainerStateMachine (ContainerStateMachine.java:loadSnapshot(200)) - The snapshot info is null.Setting the last applied index to:(t:0, i:~)
2019-07-13 14:42:36,878 INFO  storage.RaftStorage (RaftStorage.java:format(72)) - Storage directory /tmp/workdir/hadoop-ozone/integration-test/target/test-dir/MiniOzoneClusterImpl-cdb6c0af-5e4e-41d1-90b6-fe79d96a918f/datanode-0/data/ratis/3dcc15d1-8ab5-44ee-818d-3d1635778a27 has been successfully formatted.
2019-07-13 14:42:36,879 INFO  server.RaftServerConfigKeys (ConfUtils.java:logGet(43)) - raft.server.leader.election.timeout = 120s (custom)
2019-07-13 14:42:36,879 INFO  ratis.ContainerStateMachine (ContainerStateMachine.java:loadSnapshot(200)) - The snapshot info is null.Setting the last applied index to:(t:0, i:~)
2019-07-13 14:42:36,879 INFO  ratis.ContainerStateMachine (ContainerStateMachine.java:loadSnapshot(200)) - The snapshot info is null.Setting the last applied index to:(t:0, i:~)
2019-07-13 14:42:36,879 INFO  server.RaftServerConfigKeys (ConfUtils.java:logGet(43)) - raft.server.log.use.memory = false (default)
2019-07-13 14:42:36,879 INFO  server.RaftServerConfigKeys (ConfUtils.java:logGet(43)) - raft.server.leader.election.timeout = 120s (custom)
2019-07-13 14:42:36,879 INFO  server.RaftServerConfigKeys (ConfUtils.java:logGet(43)) - raft.server.leader.election.timeout = 120s (custom)
2019-07-13 14:42:36,880 INFO  server.RaftServerConfigKeys (ConfUtils.java:logGet(43)) - raft.server.log.use.memory = false (default)
2019-07-13 14:42:36,880 INFO  server.RaftServerConfigKeys (ConfUtils.java:logGet(43)) - raft.server.log.purge.gap = 1000000000 (custom)
2019-07-13 14:42:36,880 INFO  server.RaftServerConfigKeys (ConfUtils.java:logGet(43)) - raft.server.log.purge.gap = 1000000000 (custom)
2019-07-13 14:42:36,880 INFO  server.RaftServerConfigKeys (ConfUtils.java:logGet(43)) - raft.server.log.use.memory = false (default)
2019-07-13 14:42:36,880 INFO  server.RaftServerConfigKeys (ConfUtils.java:logGet(43)) - raft.server.log.appender.buffer.byte-limit = 33554432 (custom)
2019-07-13 14:42:36,880 INFO  server.RaftServerConfigKeys (ConfUtils.java:logGet(43)) - raft.server.log.appender.buffer.byte-limit = 33554432 (custom)
2019-07-13 14:42:36,881 INFO  server.RaftServerConfigKeys (ConfUtils.java:logGet(43)) - raft.server.log.segment.size.max = 1048576 (custom)
2019-07-13 14:42:36,880 INFO  server.RaftServerConfigKeys (ConfUtils.java:logGet(43)) - raft.server.log.purge.gap = 1000000000 (custom)
2019-07-13 14:42:36,881 INFO  server.RaftServerConfigKeys (ConfUtils.java:logGet(43)) - raft.server.log.segment.cache.num.max = 2 (custom)
2019-07-13 14:42:36,881 INFO  server.RaftServerConfigKeys (ConfUtils.java:logGet(43)) - raft.server.log.segment.size.max = 1048576 (custom)
2019-07-13 14:42:36,881 INFO  segmented.SegmentedRaftLogWorker (SegmentedRaftLogWorker.java:<init>(172)) - new 71b53168-5f95-4a1a-bad4-07e11f6dba72-SegmentedRaftLogWorker:Storage Directory /tmp/workdir/hadoop-ozone/integration-test/target/test-dir/MiniOzoneClusterImpl-cdb6c0af-5e4e-41d1-90b6-fe79d96a918f/datanode-0/data/ratis/3dcc15d1-8ab5-44ee-818d-3d1635778a27 for RaftStorage:Storage Directory /tmp/workdir/hadoop-ozone/integration-test/target/test-dir/MiniOzoneClusterImpl-cdb6c0af-5e4e-41d1-90b6-fe79d96a918f/datanode-0/data/ratis/3dcc15d1-8ab5-44ee-818d-3d1635778a27
2019-07-13 14:42:36,881 INFO  server.RaftServerConfigKeys (ConfUtils.java:logGet(43)) - raft.server.log.appender.buffer.byte-limit = 33554432 (custom)
2019-07-13 14:42:36,882 INFO  server.RaftServerConfigKeys (ConfUtils.java:logGet(43)) - raft.server.log.queue.byte-limit = 2147483647 (custom)
2019-07-13 14:42:36,881 INFO  server.RaftServerConfigKeys (ConfUtils.java:logGet(43)) - raft.server.log.segment.cache.num.max = 2 (custom)
2019-07-13 14:42:36,884 INFO  server.RaftServerConfigKeys (ConfUtils.java:logGet(43)) - raft.server.log.queue.element-limit = 1024 (custom)
2019-07-13 14:42:36,882 INFO  server.RaftServerConfigKeys (ConfUtils.java:logGet(43)) - raft.server.log.segment.size.max = 1048576 (custom)
2019-07-13 14:42:36,884 INFO  server.RaftServerConfigKeys (ConfUtils.java:logGet(43)) - raft.server.log.segment.size.max = 1048576 (custom)
2019-07-13 14:42:36,884 INFO  segmented.SegmentedRaftLogWorker (SegmentedRaftLogWorker.java:<init>(172)) - new 3a2aa442-1699-4b5e-852f-43b5b83fc5be-SegmentedRaftLogWorker:Storage Directory /tmp/workdir/hadoop-ozone/integration-test/target/test-dir/MiniOzoneClusterImpl-cdb6c0af-5e4e-41d1-90b6-fe79d96a918f/datanode-4/data/ratis/3dcc15d1-8ab5-44ee-818d-3d1635778a27 for RaftStorage:Storage Directory /tmp/workdir/hadoop-ozone/integration-test/target/test-dir/MiniOzoneClusterImpl-cdb6c0af-5e4e-41d1-90b6-fe79d96a918f/datanode-4/data/ratis/3dcc15d1-8ab5-44ee-818d-3d1635778a27
2019-07-13 14:42:36,885 INFO  server.RaftServerConfigKeys (ConfUtils.java:logGet(43)) - raft.server.log.preallocated.size = 16384 (custom)
2019-07-13 14:42:36,885 INFO  server.RaftServerConfigKeys (ConfUtils.java:logGet(43)) - raft.server.log.segment.cache.num.max = 2 (custom)
2019-07-13 14:42:36,885 INFO  server.RaftServerConfigKeys (ConfUtils.java:logGet(43)) - raft.server.log.write.buffer.size = 33554432 (custom)
2019-07-13 14:42:36,885 INFO  server.RaftServerConfigKeys (ConfUtils.java:logGet(43)) - raft.server.log.queue.byte-limit = 2147483647 (custom)
2019-07-13 14:42:36,887 INFO  server.RaftServerConfigKeys (ConfUtils.java:logGet(43)) - raft.server.log.force.sync.num = 128 (default)
2019-07-13 14:42:36,887 INFO  segmented.SegmentedRaftLogWorker (SegmentedRaftLogWorker.java:<init>(172)) - new 385e556a-2d1f-4a54-b566-fc4fd79f227c-SegmentedRaftLogWorker:Storage Directory /tmp/workdir/hadoop-ozone/integration-test/target/test-dir/MiniOzoneClusterImpl-cdb6c0af-5e4e-41d1-90b6-fe79d96a918f/datanode-1/data/ratis/3dcc15d1-8ab5-44ee-818d-3d1635778a27 for RaftStorage:Storage Directory /tmp/workdir/hadoop-ozone/integration-test/target/test-dir/MiniOzoneClusterImpl-cdb6c0af-5e4e-41d1-90b6-fe79d96a918f/datanode-1/data/ratis/3dcc15d1-8ab5-44ee-818d-3d1635778a27
2019-07-13 14:42:36,887 INFO  server.RaftServerConfigKeys (ConfUtils.java:logGet(43)) - raft.server.log.statemachine.data.sync = true (default)
2019-07-13 14:42:36,887 INFO  server.RaftServerConfigKeys (ConfUtils.java:logGet(43)) - raft.server.log.queue.element-limit = 1024 (custom)
2019-07-13 14:42:36,889 INFO  server.RaftServerConfigKeys (ConfUtils.java:logGet(43)) - raft.server.log.statemachine.data.sync.timeout = 10s (default)
2019-07-13 14:42:36,887 INFO  server.RaftServerConfigKeys (ConfUtils.java:logGet(43)) - raft.server.log.queue.byte-limit = 2147483647 (custom)
2019-07-13 14:42:36,889 INFO  server.RaftServerConfigKeys (ConfUtils.java:logGet(43)) - raft.server.log.statemachine.data.sync.timeout.retry = -1 (default)
2019-07-13 14:42:36,889 INFO  server.RaftServerConfigKeys (ConfUtils.java:logGet(43)) - raft.server.log.segment.size.max = 1048576 (custom)
2019-07-13 14:42:36,889 INFO  server.RaftServerConfigKeys (ConfUtils.java:logGet(43)) - raft.server.log.statemachine.data.caching.enabled = true (custom)
2019-07-13 14:42:36,889 INFO  server.RaftServerConfigKeys (ConfUtils.java:logGet(43)) - raft.server.log.queue.element-limit = 1024 (custom)
2019-07-13 14:42:36,889 INFO  server.RaftServerConfigKeys (ConfUtils.java:logGet(43)) - raft.server.log.preallocated.size = 16384 (custom)
2019-07-13 14:42:36,890 INFO  segmented.SegmentedRaftLogWorker (SegmentedRaftLogWorker.java:lambda$new$0(132)) - 71b53168-5f95-4a1a-bad4-07e11f6dba72-SegmentedRaftLogWorker:Storage Directory /tmp/workdir/hadoop-ozone/integration-test/target/test-dir/MiniOzoneClusterImpl-cdb6c0af-5e4e-41d1-90b6-fe79d96a918f/datanode-0/data/ratis/3dcc15d1-8ab5-44ee-818d-3d1635778a27: flushIndex: setUnconditionally 0 -> -1
2019-07-13 14:42:36,890 INFO  server.RaftServerConfigKeys (ConfUtils.java:logGet(43)) - raft.server.log.segment.size.max = 1048576 (custom)
2019-07-13 14:42:36,890 INFO  server.RaftServerConfigKeys (ConfUtils.java:logGet(43)) - raft.server.log.write.buffer.size = 33554432 (custom)
2019-07-13 14:42:36,890 INFO  server.RaftServerConfigKeys (ConfUtils.java:logGet(43)) - raft.server.log.preallocated.size = 16384 (custom)
2019-07-13 14:42:36,890 INFO  server.RaftServerConfigKeys (ConfUtils.java:logGet(43)) - raft.server.snapshot.auto.trigger.enabled = true (custom)
2019-07-13 14:42:36,891 INFO  server.RaftServerConfigKeys (ConfUtils.java:logGet(43)) - raft.server.log.write.buffer.size = 33554432 (custom)
2019-07-13 14:42:36,890 INFO  server.RaftServerConfigKeys (ConfUtils.java:logGet(43)) - raft.server.log.force.sync.num = 128 (default)
2019-07-13 14:42:36,891 INFO  server.RaftServerConfigKeys (ConfUtils.java:logGet(43)) - raft.server.log.force.sync.num = 128 (default)
2019-07-13 14:42:36,891 INFO  server.RaftServerConfigKeys (ConfUtils.java:logGet(43)) - raft.server.snapshot.auto.trigger.threshold = 10000 (custom)
2019-07-13 14:42:36,891 INFO  server.RaftServerConfigKeys (ConfUtils.java:logGet(43)) - raft.server.log.statemachine.data.sync = true (default)
2019-07-13 14:42:36,891 INFO  server.RaftServerConfigKeys (ConfUtils.java:logGet(43)) - raft.server.log.statemachine.data.sync = true (default)
2019-07-13 14:42:36,892 INFO  server.RaftServerConfigKeys (ConfUtils.java:logGet(43)) - raft.server.log.statemachine.data.sync.timeout = 10s (default)
2019-07-13 14:42:36,891 INFO  server.RaftServerConfigKeys (ConfUtils.java:logGet(43)) - raft.server.retrycache.expirytime = 600000ms (custom)
2019-07-13 14:42:36,892 INFO  server.RaftServerConfigKeys (ConfUtils.java:logGet(43)) - raft.server.log.statemachine.data.sync.timeout.retry = -1 (default)
2019-07-13 14:42:36,892 INFO  server.RaftServerConfigKeys (ConfUtils.java:logGet(43)) - raft.server.log.statemachine.data.sync.timeout = 10s (default)
2019-07-13 14:42:36,892 INFO  server.RaftServerConfigKeys (ConfUtils.java:logGet(43)) - raft.server.log.statemachine.data.caching.enabled = true (custom)
2019-07-13 14:42:36,892 INFO  impl.RaftServerImpl (RaftServerImpl.java:start(180)) - 71b53168-5f95-4a1a-bad4-07e11f6dba72: start group-3D1635778A27
2019-07-13 14:42:36,892 INFO  server.RaftServerConfigKeys (ConfUtils.java:logGet(43)) - raft.server.log.statemachine.data.sync.timeout.retry = -1 (default)
2019-07-13 14:42:36,893 INFO  segmented.SegmentedRaftLogWorker (SegmentedRaftLogWorker.java:lambda$new$0(132)) - 385e556a-2d1f-4a54-b566-fc4fd79f227c-SegmentedRaftLogWorker:Storage Directory /tmp/workdir/hadoop-ozone/integration-test/target/test-dir/MiniOzoneClusterImpl-cdb6c0af-5e4e-41d1-90b6-fe79d96a918f/datanode-1/data/ratis/3dcc15d1-8ab5-44ee-818d-3d1635778a27: flushIndex: setUnconditionally 0 -> -1
2019-07-13 14:42:36,893 INFO  impl.RaftServerImpl (RaftServerImpl.java:setRole(171)) - 71b53168-5f95-4a1a-bad4-07e11f6dba72:group-3D1635778A27 changes role from null to FOLLOWER at term 0 for startAsFollower
2019-07-13 14:42:36,893 INFO  server.RaftServerConfigKeys (ConfUtils.java:logGet(43)) - raft.server.log.statemachine.data.caching.enabled = true (custom)
2019-07-13 14:42:36,893 INFO  server.RaftServerConfigKeys (ConfUtils.java:logGet(43)) - raft.server.snapshot.auto.trigger.enabled = true (custom)
2019-07-13 14:42:36,893 INFO  impl.RoleInfo (RoleInfo.java:updateAndGet(143)) - 71b53168-5f95-4a1a-bad4-07e11f6dba72: start FollowerState
2019-07-13 14:42:36,893 INFO  segmented.SegmentedRaftLogWorker (SegmentedRaftLogWorker.java:lambda$new$0(132)) - 3a2aa442-1699-4b5e-852f-43b5b83fc5be-SegmentedRaftLogWorker:Storage Directory /tmp/workdir/hadoop-ozone/integration-test/target/test-dir/MiniOzoneClusterImpl-cdb6c0af-5e4e-41d1-90b6-fe79d96a918f/datanode-4/data/ratis/3dcc15d1-8ab5-44ee-818d-3d1635778a27: flushIndex: setUnconditionally 0 -> -1
2019-07-13 14:42:36,893 INFO  server.RaftServerConfigKeys (ConfUtils.java:logGet(43)) - raft.server.snapshot.auto.trigger.threshold = 10000 (custom)
2019-07-13 14:42:36,895 INFO  server.RaftServerConfigKeys (ConfUtils.java:logGet(43)) - raft.server.snapshot.auto.trigger.enabled = true (custom)
2019-07-13 14:42:36,895 INFO  server.RaftServerConfigKeys (ConfUtils.java:logGet(43)) - raft.server.retrycache.expirytime = 600000ms (custom)
2019-07-13 14:42:36,895 INFO  util.JmxRegister (JmxRegister.java:tryRegister(44)) - Successfully registered JMX Bean with object name Ratis:service=RaftServer,group=group-3D1635778A27,id=71b53168-5f95-4a1a-bad4-07e11f6dba72
2019-07-13 14:42:36,895 INFO  impl.RaftServerImpl (RaftServerImpl.java:start(180)) - 385e556a-2d1f-4a54-b566-fc4fd79f227c: start group-3D1635778A27
2019-07-13 14:42:36,895 INFO  server.RaftServerConfigKeys (ConfUtils.java:logGet(43)) - raft.server.snapshot.auto.trigger.threshold = 10000 (custom)
2019-07-13 14:42:36,896 INFO  impl.RaftServerImpl (RaftServerImpl.java:setRole(171)) - 385e556a-2d1f-4a54-b566-fc4fd79f227c:group-3D1635778A27 changes role from null to FOLLOWER at term 0 for startAsFollower
2019-07-13 14:42:36,896 INFO  server.RaftServerConfigKeys (ConfUtils.java:logGet(43)) - raft.server.retrycache.expirytime = 600000ms (custom)
2019-07-13 14:42:36,896 INFO  impl.RoleInfo (RoleInfo.java:updateAndGet(143)) - 385e556a-2d1f-4a54-b566-fc4fd79f227c: start FollowerState
2019-07-13 14:42:36,896 INFO  impl.RaftServerImpl (RaftServerImpl.java:start(180)) - 3a2aa442-1699-4b5e-852f-43b5b83fc5be: start group-3D1635778A27
2019-07-13 14:42:36,897 INFO  impl.RaftServerImpl (RaftServerImpl.java:setRole(171)) - 3a2aa442-1699-4b5e-852f-43b5b83fc5be:group-3D1635778A27 changes role from null to FOLLOWER at term 0 for startAsFollower
2019-07-13 14:42:36,901 INFO  impl.RoleInfo (RoleInfo.java:updateAndGet(143)) - 3a2aa442-1699-4b5e-852f-43b5b83fc5be: start FollowerState
2019-07-13 14:42:36,901 INFO  util.JmxRegister (JmxRegister.java:tryRegister(44)) - Successfully registered JMX Bean with object name Ratis:service=RaftServer,group=group-3D1635778A27,id=385e556a-2d1f-4a54-b566-fc4fd79f227c
2019-07-13 14:42:36,906 INFO  util.JmxRegister (JmxRegister.java:tryRegister(44)) - Successfully registered JMX Bean with object name Ratis:service=RaftServer,group=group-3D1635778A27,id=3a2aa442-1699-4b5e-852f-43b5b83fc5be
2019-07-13 14:42:36,924 INFO  pipeline.PipelineStateManager (PipelineStateManager.java:addPipeline(56)) - Created pipeline Pipeline[ Id: 3dcc15d1-8ab5-44ee-818d-3d1635778a27, Nodes: 3a2aa442-1699-4b5e-852f-43b5b83fc5be{ip: 192.168.5.172, host: trunk-nightly-mhs6z-4061744966, networkLocation: /default-rack, certSerialId: null}385e556a-2d1f-4a54-b566-fc4fd79f227c{ip: 192.168.5.172, host: trunk-nightly-mhs6z-4061744966, networkLocation: /default-rack, certSerialId: null}71b53168-5f95-4a1a-bad4-07e11f6dba72{ip: 192.168.5.172, host: trunk-nightly-mhs6z-4061744966, networkLocation: /default-rack, certSerialId: null}, Type:RATIS, Factor:THREE, State:OPEN]
2019-07-13 14:42:37,001 INFO  rpc.RpcClient (RpcClient.java:createVolume(287)) - Creating Volume: closecontainerexceptionhandlingtest, with jenkins1000 as owner.
2019-07-13 14:42:37,041 INFO  rpc.RpcClient (RpcClient.java:createBucket(424)) - Creating Bucket: closecontainerexceptionhandlingtest/closecontainerexceptionhandlingtest, with Versioning false and Storage Type set to DISK and Encryption set to false 
2019-07-13 14:42:37,398 INFO  client.GrpcClientProtocolClient (GrpcClientProtocolClient.java:onNext(255)) - client-8580550FB01B->3a2aa442-1699-4b5e-852f-43b5b83fc5be: receive RaftClientReply:client-8580550FB01B->3a2aa442-1699-4b5e-852f-43b5b83fc5be@group-3D1635778A27, cid=13, FAILED org.apache.ratis.protocol.NotLeaderException: Server 3a2aa442-1699-4b5e-852f-43b5b83fc5be is not the leader (null). Request must be sent to leader., logIndex=0, commits[3a2aa442-1699-4b5e-852f-43b5b83fc5be:c-1]
2019-07-13 14:42:38,020 INFO  container.ReplicationManager (ReplicationManager.java:start(155)) - Starting Replication Monitor Thread.
2019-07-13 14:42:38,022 INFO  container.ReplicationManager (ReplicationManager.java:run(207)) - Replication Monitor Thread took 1 milliseconds for processing 1 containers.
2019-07-13 14:42:38,460 INFO  client.GrpcClientProtocolClient (GrpcClientProtocolClient.java:onNext(255)) - client-8580550FB01B->71b53168-5f95-4a1a-bad4-07e11f6dba72: receive RaftClientReply:client-8580550FB01B->71b53168-5f95-4a1a-bad4-07e11f6dba72@group-3D1635778A27, cid=13, FAILED org.apache.ratis.protocol.NotLeaderException: Server 71b53168-5f95-4a1a-bad4-07e11f6dba72 is not the leader (null). Request must be sent to leader., logIndex=0, commits[71b53168-5f95-4a1a-bad4-07e11f6dba72:c-1]
2019-07-13 14:42:39,495 INFO  client.GrpcClientProtocolClient (GrpcClientProtocolClient.java:onNext(255)) - client-8580550FB01B->3a2aa442-1699-4b5e-852f-43b5b83fc5be: receive RaftClientReply:client-8580550FB01B->3a2aa442-1699-4b5e-852f-43b5b83fc5be@group-3D1635778A27, cid=13, FAILED org.apache.ratis.protocol.NotLeaderException: Server 3a2aa442-1699-4b5e-852f-43b5b83fc5be is not the leader (null). Request must be sent to leader., logIndex=0, commits[3a2aa442-1699-4b5e-852f-43b5b83fc5be:c-1]
2019-07-13 14:42:40,535 INFO  client.GrpcClientProtocolClient (GrpcClientProtocolClient.java:onNext(255)) - client-8580550FB01B->385e556a-2d1f-4a54-b566-fc4fd79f227c: receive RaftClientReply:client-8580550FB01B->385e556a-2d1f-4a54-b566-fc4fd79f227c@group-3D1635778A27, cid=13, FAILED org.apache.ratis.protocol.NotLeaderException: Server 385e556a-2d1f-4a54-b566-fc4fd79f227c is not the leader (null). Request must be sent to leader., logIndex=0, commits[385e556a-2d1f-4a54-b566-fc4fd79f227c:c-1]
2019-07-13 14:42:41,211 INFO  impl.FollowerState (FollowerState.java:run(106)) - 71b53168-5f95-4a1a-bad4-07e11f6dba72:group-D292242FC203 changes to CANDIDATE, lastRpcTime:5015, electionTimeout:5014ms
2019-07-13 14:42:41,211 INFO  impl.RoleInfo (RoleInfo.java:shutdownFollowerState(121)) - 71b53168-5f95-4a1a-bad4-07e11f6dba72: shutdown FollowerState
2019-07-13 14:42:41,211 INFO  impl.RaftServerImpl (RaftServerImpl.java:setRole(171)) - 71b53168-5f95-4a1a-bad4-07e11f6dba72:group-D292242FC203 changes role from FOLLOWER to CANDIDATE at term 0 for changeToCandidate
2019-07-13 14:42:41,219 INFO  impl.RoleInfo (RoleInfo.java:updateAndGet(143)) - 71b53168-5f95-4a1a-bad4-07e11f6dba72: start LeaderElection
2019-07-13 14:42:41,248 INFO  impl.LeaderElection (LeaderElection.java:askForVotes(181)) - 71b53168-5f95-4a1a-bad4-07e11f6dba72:group-D292242FC203:LeaderElection1: begin an election at term 1 for -1: [71b53168-5f95-4a1a-bad4-07e11f6dba72:192.168.5.172:35257], old=null
2019-07-13 14:42:41,251 INFO  impl.RoleInfo (RoleInfo.java:shutdownLeaderElection(134)) - 71b53168-5f95-4a1a-bad4-07e11f6dba72: shutdown LeaderElection
2019-07-13 14:42:41,252 INFO  impl.RaftServerImpl (RaftServerImpl.java:setRole(171)) - 71b53168-5f95-4a1a-bad4-07e11f6dba72:group-D292242FC203 changes role from CANDIDATE to LEADER at term 1 for changeToLeader
2019-07-13 14:42:41,252 INFO  impl.RaftServerImpl (ServerState.java:setLeader(263)) - 71b53168-5f95-4a1a-bad4-07e11f6dba72:group-D292242FC203 change Leader from null to 71b53168-5f95-4a1a-bad4-07e11f6dba72 at term 1 for becomeLeader, leader elected after 5131ms
2019-07-13 14:42:41,260 INFO  server.RaftServerConfigKeys (ConfUtils.java:logGet(43)) - raft.server.staging.catchup.gap = 1000 (default)
2019-07-13 14:42:41,260 INFO  server.RaftServerConfigKeys (ConfUtils.java:logGet(43)) - raft.server.rpc.sleep.time = 25ms (default)
2019-07-13 14:42:41,264 INFO  server.RaftServerConfigKeys (ConfUtils.java:logGet(43)) - raft.server.write.element-limit = 4096 (default)
2019-07-13 14:42:41,267 INFO  server.RaftServerConfigKeys (ConfUtils.java:logGet(43)) - raft.server.watch.timeout = 10s (default)
2019-07-13 14:42:41,268 INFO  server.RaftServerConfigKeys (ConfUtils.java:logGet(43)) - raft.server.watch.timeout.denomination = 1s (default)
2019-07-13 14:42:41,269 INFO  server.RaftServerConfigKeys (ConfUtils.java:logGet(43)) - raft.server.watch.element-limit = 65536 (default)
2019-07-13 14:42:41,280 INFO  impl.RoleInfo (RoleInfo.java:updateAndGet(143)) - 71b53168-5f95-4a1a-bad4-07e11f6dba72: start LeaderState
2019-07-13 14:42:41,307 INFO  segmented.SegmentedRaftLogWorker (SegmentedRaftLogWorker.java:startLogSegment(380)) - 71b53168-5f95-4a1a-bad4-07e11f6dba72-SegmentedRaftLogWorker:Storage Directory /tmp/workdir/hadoop-ozone/integration-test/target/test-dir/MiniOzoneClusterImpl-cdb6c0af-5e4e-41d1-90b6-fe79d96a918f/datanode-0/data/ratis/c431d50e-3858-40b7-a35c-d292242fc203: Starting segment from index:0
2019-07-13 14:42:41,317 INFO  impl.RaftServerImpl (ServerState.java:setRaftConf(361)) - 71b53168-5f95-4a1a-bad4-07e11f6dba72:group-D292242FC203 set configuration 0: [71b53168-5f95-4a1a-bad4-07e11f6dba72:192.168.5.172:35257], old=null at 0
2019-07-13 14:42:41,500 INFO  segmented.SegmentedRaftLogWorker (SegmentedRaftLogWorker.java:execute(569)) - 71b53168-5f95-4a1a-bad4-07e11f6dba72-SegmentedRaftLogWorker:Storage Directory /tmp/workdir/hadoop-ozone/integration-test/target/test-dir/MiniOzoneClusterImpl-cdb6c0af-5e4e-41d1-90b6-fe79d96a918f/datanode-0/data/ratis/c431d50e-3858-40b7-a35c-d292242fc203: created new log segment /tmp/workdir/hadoop-ozone/integration-test/target/test-dir/MiniOzoneClusterImpl-cdb6c0af-5e4e-41d1-90b6-fe79d96a918f/datanode-0/data/ratis/c431d50e-3858-40b7-a35c-d292242fc203/current/log_inprogress_0
2019-07-13 14:42:41,522 INFO  impl.FollowerState (FollowerState.java:run(106)) - b0c0c3e2-275c-4107-9f75-d1827b8e1924:group-0097D00DDE63 changes to CANDIDATE, lastRpcTime:5054, electionTimeout:5054ms
2019-07-13 14:42:41,525 INFO  impl.RoleInfo (RoleInfo.java:shutdownFollowerState(121)) - b0c0c3e2-275c-4107-9f75-d1827b8e1924: shutdown FollowerState
2019-07-13 14:42:41,525 INFO  impl.RaftServerImpl (RaftServerImpl.java:setRole(171)) - b0c0c3e2-275c-4107-9f75-d1827b8e1924:group-0097D00DDE63 changes role from FOLLOWER to CANDIDATE at term 0 for changeToCandidate
2019-07-13 14:42:41,525 INFO  impl.RoleInfo (RoleInfo.java:updateAndGet(143)) - b0c0c3e2-275c-4107-9f75-d1827b8e1924: start LeaderElection
2019-07-13 14:42:41,536 INFO  impl.LeaderElection (LeaderElection.java:askForVotes(181)) - b0c0c3e2-275c-4107-9f75-d1827b8e1924:group-0097D00DDE63:LeaderElection2: begin an election at term 1 for -1: [b0c0c3e2-275c-4107-9f75-d1827b8e1924:192.168.5.172:39564], old=null
2019-07-13 14:42:41,539 INFO  impl.RoleInfo (RoleInfo.java:shutdownLeaderElection(134)) - b0c0c3e2-275c-4107-9f75-d1827b8e1924: shutdown LeaderElection
2019-07-13 14:42:41,539 INFO  impl.RaftServerImpl (RaftServerImpl.java:setRole(171)) - b0c0c3e2-275c-4107-9f75-d1827b8e1924:group-0097D00DDE63 changes role from CANDIDATE to LEADER at term 1 for changeToLeader
2019-07-13 14:42:41,539 INFO  impl.RaftServerImpl (ServerState.java:setLeader(263)) - b0c0c3e2-275c-4107-9f75-d1827b8e1924:group-0097D00DDE63 change Leader from null to b0c0c3e2-275c-4107-9f75-d1827b8e1924 at term 1 for becomeLeader, leader elected after 5078ms
2019-07-13 14:42:41,540 INFO  server.RaftServerConfigKeys (ConfUtils.java:logGet(43)) - raft.server.staging.catchup.gap = 1000 (default)
2019-07-13 14:42:41,540 INFO  server.RaftServerConfigKeys (ConfUtils.java:logGet(43)) - raft.server.rpc.sleep.time = 25ms (default)
2019-07-13 14:42:41,540 INFO  server.RaftServerConfigKeys (ConfUtils.java:logGet(43)) - raft.server.write.element-limit = 4096 (default)
2019-07-13 14:42:41,540 INFO  server.RaftServerConfigKeys (ConfUtils.java:logGet(43)) - raft.server.watch.timeout = 10s (default)
2019-07-13 14:42:41,540 INFO  server.RaftServerConfigKeys (ConfUtils.java:logGet(43)) - raft.server.watch.timeout.denomination = 1s (default)
2019-07-13 14:42:41,540 INFO  server.RaftServerConfigKeys (ConfUtils.java:logGet(43)) - raft.server.watch.element-limit = 65536 (default)
2019-07-13 14:42:41,541 INFO  impl.RoleInfo (RoleInfo.java:updateAndGet(143)) - b0c0c3e2-275c-4107-9f75-d1827b8e1924: start LeaderState
2019-07-13 14:42:41,541 INFO  impl.FollowerState (FollowerState.java:run(106)) - d37845be-7bdd-4fdf-a74e-f0fdeb4f99ea:group-26963E48D67E changes to CANDIDATE, lastRpcTime:5152, electionTimeout:5150ms
2019-07-13 14:42:41,541 INFO  impl.RoleInfo (RoleInfo.java:shutdownFollowerState(121)) - d37845be-7bdd-4fdf-a74e-f0fdeb4f99ea: shutdown FollowerState
2019-07-13 14:42:41,541 INFO  segmented.SegmentedRaftLogWorker (SegmentedRaftLogWorker.java:startLogSegment(380)) - b0c0c3e2-275c-4107-9f75-d1827b8e1924-SegmentedRaftLogWorker:Storage Directory /tmp/workdir/hadoop-ozone/integration-test/target/test-dir/MiniOzoneClusterImpl-cdb6c0af-5e4e-41d1-90b6-fe79d96a918f/datanode-2/data/ratis/9562367e-ad0d-4e1d-8df9-0097d00dde63: Starting segment from index:0
2019-07-13 14:42:41,541 INFO  impl.RaftServerImpl (RaftServerImpl.java:setRole(171)) - d37845be-7bdd-4fdf-a74e-f0fdeb4f99ea:group-26963E48D67E changes role from FOLLOWER to CANDIDATE at term 0 for changeToCandidate
2019-07-13 14:42:41,541 INFO  impl.RoleInfo (RoleInfo.java:updateAndGet(143)) - d37845be-7bdd-4fdf-a74e-f0fdeb4f99ea: start LeaderElection
2019-07-13 14:42:41,541 INFO  impl.RaftServerImpl (ServerState.java:setRaftConf(361)) - b0c0c3e2-275c-4107-9f75-d1827b8e1924:group-0097D00DDE63 set configuration 0: [b0c0c3e2-275c-4107-9f75-d1827b8e1924:192.168.5.172:39564], old=null at 0
2019-07-13 14:42:41,568 INFO  segmented.SegmentedRaftLogWorker (SegmentedRaftLogWorker.java:execute(569)) - b0c0c3e2-275c-4107-9f75-d1827b8e1924-SegmentedRaftLogWorker:Storage Directory /tmp/workdir/hadoop-ozone/integration-test/target/test-dir/MiniOzoneClusterImpl-cdb6c0af-5e4e-41d1-90b6-fe79d96a918f/datanode-2/data/ratis/9562367e-ad0d-4e1d-8df9-0097d00dde63: created new log segment /tmp/workdir/hadoop-ozone/integration-test/target/test-dir/MiniOzoneClusterImpl-cdb6c0af-5e4e-41d1-90b6-fe79d96a918f/datanode-2/data/ratis/9562367e-ad0d-4e1d-8df9-0097d00dde63/current/log_inprogress_0
2019-07-13 14:42:41,568 INFO  impl.LeaderElection (LeaderElection.java:askForVotes(181)) - d37845be-7bdd-4fdf-a74e-f0fdeb4f99ea:group-26963E48D67E:LeaderElection3: begin an election at term 1 for -1: [d37845be-7bdd-4fdf-a74e-f0fdeb4f99ea:192.168.5.172:37341], old=null
2019-07-13 14:42:41,569 INFO  impl.RoleInfo (RoleInfo.java:shutdownLeaderElection(134)) - d37845be-7bdd-4fdf-a74e-f0fdeb4f99ea: shutdown LeaderElection
2019-07-13 14:42:41,571 INFO  impl.RaftServerImpl (RaftServerImpl.java:setRole(171)) - d37845be-7bdd-4fdf-a74e-f0fdeb4f99ea:group-26963E48D67E changes role from CANDIDATE to LEADER at term 1 for changeToLeader
2019-07-13 14:42:41,571 INFO  impl.RaftServerImpl (ServerState.java:setLeader(263)) - d37845be-7bdd-4fdf-a74e-f0fdeb4f99ea:group-26963E48D67E change Leader from null to d37845be-7bdd-4fdf-a74e-f0fdeb4f99ea at term 1 for becomeLeader, leader elected after 5189ms
2019-07-13 14:42:41,571 INFO  server.RaftServerConfigKeys (ConfUtils.java:logGet(43)) - raft.server.staging.catchup.gap = 1000 (default)
2019-07-13 14:42:41,571 INFO  server.RaftServerConfigKeys (ConfUtils.java:logGet(43)) - raft.server.rpc.sleep.time = 25ms (default)
2019-07-13 14:42:41,571 INFO  server.RaftServerConfigKeys (ConfUtils.java:logGet(43)) - raft.server.write.element-limit = 4096 (default)
2019-07-13 14:42:41,572 INFO  server.RaftServerConfigKeys (ConfUtils.java:logGet(43)) - raft.server.watch.timeout = 10s (default)
2019-07-13 14:42:41,572 INFO  server.RaftServerConfigKeys (ConfUtils.java:logGet(43)) - raft.server.watch.timeout.denomination = 1s (default)
2019-07-13 14:42:41,572 INFO  server.RaftServerConfigKeys (ConfUtils.java:logGet(43)) - raft.server.watch.element-limit = 65536 (default)
2019-07-13 14:42:41,572 INFO  impl.RoleInfo (RoleInfo.java:updateAndGet(143)) - d37845be-7bdd-4fdf-a74e-f0fdeb4f99ea: start LeaderState
2019-07-13 14:42:41,573 INFO  segmented.SegmentedRaftLogWorker (SegmentedRaftLogWorker.java:startLogSegment(380)) - d37845be-7bdd-4fdf-a74e-f0fdeb4f99ea-SegmentedRaftLogWorker:Storage Directory /tmp/workdir/hadoop-ozone/integration-test/target/test-dir/MiniOzoneClusterImpl-cdb6c0af-5e4e-41d1-90b6-fe79d96a918f/datanode-3/data/ratis/b5de963e-7b3b-47db-9bbf-26963e48d67e: Starting segment from index:0
2019-07-13 14:42:41,573 INFO  impl.RaftServerImpl (ServerState.java:setRaftConf(361)) - d37845be-7bdd-4fdf-a74e-f0fdeb4f99ea:group-26963E48D67E set configuration 0: [d37845be-7bdd-4fdf-a74e-f0fdeb4f99ea:192.168.5.172:37341], old=null at 0
2019-07-13 14:42:41,591 INFO  segmented.SegmentedRaftLogWorker (SegmentedRaftLogWorker.java:execute(569)) - d37845be-7bdd-4fdf-a74e-f0fdeb4f99ea-SegmentedRaftLogWorker:Storage Directory /tmp/workdir/hadoop-ozone/integration-test/target/test-dir/MiniOzoneClusterImpl-cdb6c0af-5e4e-41d1-90b6-fe79d96a918f/datanode-3/data/ratis/b5de963e-7b3b-47db-9bbf-26963e48d67e: created new log segment /tmp/workdir/hadoop-ozone/integration-test/target/test-dir/MiniOzoneClusterImpl-cdb6c0af-5e4e-41d1-90b6-fe79d96a918f/datanode-3/data/ratis/b5de963e-7b3b-47db-9bbf-26963e48d67e/current/log_inprogress_0
2019-07-13 14:42:41,598 INFO  client.GrpcClientProtocolClient (GrpcClientProtocolClient.java:onNext(255)) - client-8580550FB01B->3a2aa442-1699-4b5e-852f-43b5b83fc5be: receive RaftClientReply:client-8580550FB01B->3a2aa442-1699-4b5e-852f-43b5b83fc5be@group-3D1635778A27, cid=13, FAILED org.apache.ratis.protocol.NotLeaderException: Server 3a2aa442-1699-4b5e-852f-43b5b83fc5be is not the leader (null). Request must be sent to leader., logIndex=0, commits[3a2aa442-1699-4b5e-852f-43b5b83fc5be:c-1]
2019-07-13 14:42:41,701 INFO  impl.FollowerState (FollowerState.java:run(106)) - 385e556a-2d1f-4a54-b566-fc4fd79f227c:group-2D845440E949 changes to CANDIDATE, lastRpcTime:5018, electionTimeout:5017ms
2019-07-13 14:42:41,703 INFO  impl.RoleInfo (RoleInfo.java:shutdownFollowerState(121)) - 385e556a-2d1f-4a54-b566-fc4fd79f227c: shutdown FollowerState
2019-07-13 14:42:41,703 INFO  impl.RaftServerImpl (RaftServerImpl.java:setRole(171)) - 385e556a-2d1f-4a54-b566-fc4fd79f227c:group-2D845440E949 changes role from FOLLOWER to CANDIDATE at term 0 for changeToCandidate
2019-07-13 14:42:41,703 INFO  impl.RoleInfo (RoleInfo.java:updateAndGet(143)) - 385e556a-2d1f-4a54-b566-fc4fd79f227c: start LeaderElection
2019-07-13 14:42:41,709 INFO  impl.FollowerState (FollowerState.java:run(106)) - 5a909bff-8fa1-4564-9db7-4383cd66360a:group-5F99A3AF5ED2 changes to CANDIDATE, lastRpcTime:5185, electionTimeout:5185ms
2019-07-13 14:42:41,709 INFO  impl.RoleInfo (RoleInfo.java:shutdownFollowerState(121)) - 5a909bff-8fa1-4564-9db7-4383cd66360a: shutdown FollowerState
2019-07-13 14:42:41,710 INFO  impl.RaftServerImpl (RaftServerImpl.java:setRole(171)) - 5a909bff-8fa1-4564-9db7-4383cd66360a:group-5F99A3AF5ED2 changes role from FOLLOWER to CANDIDATE at term 0 for changeToCandidate
2019-07-13 14:42:41,710 INFO  impl.RoleInfo (RoleInfo.java:updateAndGet(143)) - 5a909bff-8fa1-4564-9db7-4383cd66360a: start LeaderElection
2019-07-13 14:42:41,722 INFO  impl.LeaderElection (LeaderElection.java:askForVotes(181)) - 5a909bff-8fa1-4564-9db7-4383cd66360a:group-5F99A3AF5ED2:LeaderElection5: begin an election at term 1 for -1: [5a909bff-8fa1-4564-9db7-4383cd66360a:192.168.5.172:37879], old=null
2019-07-13 14:42:41,722 INFO  impl.LeaderElection (LeaderElection.java:askForVotes(181)) - 385e556a-2d1f-4a54-b566-fc4fd79f227c:group-2D845440E949:LeaderElection4: begin an election at term 1 for -1: [385e556a-2d1f-4a54-b566-fc4fd79f227c:192.168.5.172:39129], old=null
2019-07-13 14:42:41,722 INFO  impl.RoleInfo (RoleInfo.java:shutdownLeaderElection(134)) - 5a909bff-8fa1-4564-9db7-4383cd66360a: shutdown LeaderElection
2019-07-13 14:42:41,722 INFO  impl.RoleInfo (RoleInfo.java:shutdownLeaderElection(134)) - 385e556a-2d1f-4a54-b566-fc4fd79f227c: shutdown LeaderElection
2019-07-13 14:42:41,722 INFO  impl.RaftServerImpl (RaftServerImpl.java:setRole(171)) - 5a909bff-8fa1-4564-9db7-4383cd66360a:group-5F99A3AF5ED2 changes role from CANDIDATE to LEADER at term 1 for changeToLeader
2019-07-13 14:42:41,722 INFO  impl.RaftServerImpl (RaftServerImpl.java:setRole(171)) - 385e556a-2d1f-4a54-b566-fc4fd79f227c:group-2D845440E949 changes role from CANDIDATE to LEADER at term 1 for changeToLeader
2019-07-13 14:42:41,722 INFO  impl.RaftServerImpl (ServerState.java:setLeader(263)) - 5a909bff-8fa1-4564-9db7-4383cd66360a:group-5F99A3AF5ED2 change Leader from null to 5a909bff-8fa1-4564-9db7-4383cd66360a at term 1 for becomeLeader, leader elected after 5203ms
2019-07-13 14:42:41,722 INFO  impl.RaftServerImpl (ServerState.java:setLeader(263)) - 385e556a-2d1f-4a54-b566-fc4fd79f227c:group-2D845440E949 change Leader from null to 385e556a-2d1f-4a54-b566-fc4fd79f227c at term 1 for becomeLeader, leader elected after 5045ms
2019-07-13 14:42:41,724 INFO  server.RaftServerConfigKeys (ConfUtils.java:logGet(43)) - raft.server.staging.catchup.gap = 1000 (default)
2019-07-13 14:42:41,724 INFO  server.RaftServerConfigKeys (ConfUtils.java:logGet(43)) - raft.server.staging.catchup.gap = 1000 (default)
2019-07-13 14:42:41,725 INFO  server.RaftServerConfigKeys (ConfUtils.java:logGet(43)) - raft.server.rpc.sleep.time = 25ms (default)
2019-07-13 14:42:41,725 INFO  server.RaftServerConfigKeys (ConfUtils.java:logGet(43)) - raft.server.rpc.sleep.time = 25ms (default)
2019-07-13 14:42:41,725 INFO  server.RaftServerConfigKeys (ConfUtils.java:logGet(43)) - raft.server.write.element-limit = 4096 (default)
2019-07-13 14:42:41,725 INFO  server.RaftServerConfigKeys (ConfUtils.java:logGet(43)) - raft.server.write.element-limit = 4096 (default)
2019-07-13 14:42:41,725 INFO  server.RaftServerConfigKeys (ConfUtils.java:logGet(43)) - raft.server.watch.timeout = 10s (default)
2019-07-13 14:42:41,725 INFO  server.RaftServerConfigKeys (ConfUtils.java:logGet(43)) - raft.server.watch.timeout = 10s (default)
2019-07-13 14:42:41,725 INFO  server.RaftServerConfigKeys (ConfUtils.java:logGet(43)) - raft.server.watch.timeout.denomination = 1s (default)
2019-07-13 14:42:41,725 INFO  server.RaftServerConfigKeys (ConfUtils.java:logGet(43)) - raft.server.watch.timeout.denomination = 1s (default)
2019-07-13 14:42:41,726 INFO  server.RaftServerConfigKeys (ConfUtils.java:logGet(43)) - raft.server.watch.element-limit = 65536 (default)
2019-07-13 14:42:41,726 INFO  server.RaftServerConfigKeys (ConfUtils.java:logGet(43)) - raft.server.watch.element-limit = 65536 (default)
2019-07-13 14:42:41,726 INFO  impl.RoleInfo (RoleInfo.java:updateAndGet(143)) - 5a909bff-8fa1-4564-9db7-4383cd66360a: start LeaderState
2019-07-13 14:42:41,726 INFO  impl.RoleInfo (RoleInfo.java:updateAndGet(143)) - 385e556a-2d1f-4a54-b566-fc4fd79f227c: start LeaderState
2019-07-13 14:42:41,727 INFO  segmented.SegmentedRaftLogWorker (SegmentedRaftLogWorker.java:startLogSegment(380)) - 385e556a-2d1f-4a54-b566-fc4fd79f227c-SegmentedRaftLogWorker:Storage Directory /tmp/workdir/hadoop-ozone/integration-test/target/test-dir/MiniOzoneClusterImpl-cdb6c0af-5e4e-41d1-90b6-fe79d96a918f/datanode-1/data/ratis/1e490ae4-d523-43b6-805a-2d845440e949: Starting segment from index:0
2019-07-13 14:42:41,727 INFO  segmented.SegmentedRaftLogWorker (SegmentedRaftLogWorker.java:startLogSegment(380)) - 5a909bff-8fa1-4564-9db7-4383cd66360a-SegmentedRaftLogWorker:Storage Directory /tmp/workdir/hadoop-ozone/integration-test/target/test-dir/MiniOzoneClusterImpl-cdb6c0af-5e4e-41d1-90b6-fe79d96a918f/datanode-6/data/ratis/57b680ba-54a5-460a-8964-5f99a3af5ed2: Starting segment from index:0
2019-07-13 14:42:41,728 INFO  impl.RaftServerImpl (ServerState.java:setRaftConf(361)) - 385e556a-2d1f-4a54-b566-fc4fd79f227c:group-2D845440E949 set configuration 0: [385e556a-2d1f-4a54-b566-fc4fd79f227c:192.168.5.172:39129], old=null at 0
2019-07-13 14:42:41,746 INFO  impl.FollowerState (FollowerState.java:run(106)) - 3a2aa442-1699-4b5e-852f-43b5b83fc5be:group-F5E5FFE2CC29 changes to CANDIDATE, lastRpcTime:5133, electionTimeout:5130ms
2019-07-13 14:42:41,746 INFO  impl.RaftServerImpl (ServerState.java:setRaftConf(361)) - 5a909bff-8fa1-4564-9db7-4383cd66360a:group-5F99A3AF5ED2 set configuration 0: [5a909bff-8fa1-4564-9db7-4383cd66360a:192.168.5.172:37879], old=null at 0
2019-07-13 14:42:41,746 INFO  impl.FollowerState (FollowerState.java:run(106)) - eccbf334-c64b-489b-87c0-cb0b84bb7b62:group-94537CFFF16B changes to CANDIDATE, lastRpcTime:5017, electionTimeout:5004ms
2019-07-13 14:42:41,746 INFO  impl.RoleInfo (RoleInfo.java:shutdownFollowerState(121)) - 3a2aa442-1699-4b5e-852f-43b5b83fc5be: shutdown FollowerState
2019-07-13 14:42:41,748 INFO  impl.RoleInfo (RoleInfo.java:shutdownFollowerState(121)) - eccbf334-c64b-489b-87c0-cb0b84bb7b62: shutdown FollowerState
2019-07-13 14:42:41,749 INFO  impl.RaftServerImpl (RaftServerImpl.java:setRole(171)) - 3a2aa442-1699-4b5e-852f-43b5b83fc5be:group-F5E5FFE2CC29 changes role from FOLLOWER to CANDIDATE at term 0 for changeToCandidate
2019-07-13 14:42:41,749 INFO  impl.RaftServerImpl (RaftServerImpl.java:setRole(171)) - eccbf334-c64b-489b-87c0-cb0b84bb7b62:group-94537CFFF16B changes role from FOLLOWER to CANDIDATE at term 0 for changeToCandidate
2019-07-13 14:42:41,749 INFO  impl.RoleInfo (RoleInfo.java:updateAndGet(143)) - 3a2aa442-1699-4b5e-852f-43b5b83fc5be: start LeaderElection
2019-07-13 14:42:41,749 INFO  impl.RoleInfo (RoleInfo.java:updateAndGet(143)) - eccbf334-c64b-489b-87c0-cb0b84bb7b62: start LeaderElection
2019-07-13 14:42:41,751 INFO  segmented.SegmentedRaftLogWorker (SegmentedRaftLogWorker.java:execute(569)) - 5a909bff-8fa1-4564-9db7-4383cd66360a-SegmentedRaftLogWorker:Storage Directory /tmp/workdir/hadoop-ozone/integration-test/target/test-dir/MiniOzoneClusterImpl-cdb6c0af-5e4e-41d1-90b6-fe79d96a918f/datanode-6/data/ratis/57b680ba-54a5-460a-8964-5f99a3af5ed2: created new log segment /tmp/workdir/hadoop-ozone/integration-test/target/test-dir/MiniOzoneClusterImpl-cdb6c0af-5e4e-41d1-90b6-fe79d96a918f/datanode-6/data/ratis/57b680ba-54a5-460a-8964-5f99a3af5ed2/current/log_inprogress_0
2019-07-13 14:42:41,751 INFO  segmented.SegmentedRaftLogWorker (SegmentedRaftLogWorker.java:execute(569)) - 385e556a-2d1f-4a54-b566-fc4fd79f227c-SegmentedRaftLogWorker:Storage Directory /tmp/workdir/hadoop-ozone/integration-test/target/test-dir/MiniOzoneClusterImpl-cdb6c0af-5e4e-41d1-90b6-fe79d96a918f/datanode-1/data/ratis/1e490ae4-d523-43b6-805a-2d845440e949: created new log segment /tmp/workdir/hadoop-ozone/integration-test/target/test-dir/MiniOzoneClusterImpl-cdb6c0af-5e4e-41d1-90b6-fe79d96a918f/datanode-1/data/ratis/1e490ae4-d523-43b6-805a-2d845440e949/current/log_inprogress_0
2019-07-13 14:42:41,772 INFO  impl.LeaderElection (LeaderElection.java:askForVotes(181)) - 3a2aa442-1699-4b5e-852f-43b5b83fc5be:group-F5E5FFE2CC29:LeaderElection6: begin an election at term 1 for -1: [3a2aa442-1699-4b5e-852f-43b5b83fc5be:192.168.5.172:41508], old=null
2019-07-13 14:42:41,772 INFO  impl.LeaderElection (LeaderElection.java:askForVotes(181)) - eccbf334-c64b-489b-87c0-cb0b84bb7b62:group-94537CFFF16B:LeaderElection7: begin an election at term 1 for -1: [eccbf334-c64b-489b-87c0-cb0b84bb7b62:192.168.5.172:46304], old=null
2019-07-13 14:42:41,781 INFO  impl.RoleInfo (RoleInfo.java:shutdownLeaderElection(134)) - 3a2aa442-1699-4b5e-852f-43b5b83fc5be: shutdown LeaderElection
2019-07-13 14:42:41,783 INFO  impl.RoleInfo (RoleInfo.java:shutdownLeaderElection(134)) - eccbf334-c64b-489b-87c0-cb0b84bb7b62: shutdown LeaderElection
2019-07-13 14:42:41,783 INFO  impl.RaftServerImpl (RaftServerImpl.java:setRole(171)) - 3a2aa442-1699-4b5e-852f-43b5b83fc5be:group-F5E5FFE2CC29 changes role from CANDIDATE to LEADER at term 1 for changeToLeader
2019-07-13 14:42:41,783 INFO  impl.RaftServerImpl (RaftServerImpl.java:setRole(171)) - eccbf334-c64b-489b-87c0-cb0b84bb7b62:group-94537CFFF16B changes role from CANDIDATE to LEADER at term 1 for changeToLeader
2019-07-13 14:42:41,784 INFO  impl.RaftServerImpl (ServerState.java:setLeader(263)) - 3a2aa442-1699-4b5e-852f-43b5b83fc5be:group-F5E5FFE2CC29 change Leader from null to 3a2aa442-1699-4b5e-852f-43b5b83fc5be at term 1 for becomeLeader, leader elected after 5175ms
2019-07-13 14:42:41,784 INFO  impl.RaftServerImpl (ServerState.java:setLeader(263)) - eccbf334-c64b-489b-87c0-cb0b84bb7b62:group-94537CFFF16B change Leader from null to eccbf334-c64b-489b-87c0-cb0b84bb7b62 at term 1 for becomeLeader, leader elected after 5059ms
2019-07-13 14:42:41,786 INFO  server.RaftServerConfigKeys (ConfUtils.java:logGet(43)) - raft.server.staging.catchup.gap = 1000 (default)
2019-07-13 14:42:41,788 INFO  server.RaftServerConfigKeys (ConfUtils.java:logGet(43)) - raft.server.staging.catchup.gap = 1000 (default)
2019-07-13 14:42:41,789 INFO  server.RaftServerConfigKeys (ConfUtils.java:logGet(43)) - raft.server.rpc.sleep.time = 25ms (default)
2019-07-13 14:42:41,789 INFO  server.RaftServerConfigKeys (ConfUtils.java:logGet(43)) - raft.server.rpc.sleep.time = 25ms (default)
2019-07-13 14:42:41,789 INFO  server.RaftServerConfigKeys (ConfUtils.java:logGet(43)) - raft.server.write.element-limit = 4096 (default)
2019-07-13 14:42:41,789 INFO  server.RaftServerConfigKeys (ConfUtils.java:logGet(43)) - raft.server.write.element-limit = 4096 (default)
2019-07-13 14:42:41,789 INFO  server.RaftServerConfigKeys (ConfUtils.java:logGet(43)) - raft.server.watch.timeout = 10s (default)
2019-07-13 14:42:41,789 INFO  server.RaftServerConfigKeys (ConfUtils.java:logGet(43)) - raft.server.watch.timeout = 10s (default)
2019-07-13 14:42:41,789 INFO  server.RaftServerConfigKeys (ConfUtils.java:logGet(43)) - raft.server.watch.timeout.denomination = 1s (default)
2019-07-13 14:42:41,790 INFO  server.RaftServerConfigKeys (ConfUtils.java:logGet(43)) - raft.server.watch.timeout.denomination = 1s (default)
2019-07-13 14:42:41,790 INFO  server.RaftServerConfigKeys (ConfUtils.java:logGet(43)) - raft.server.watch.element-limit = 65536 (default)
2019-07-13 14:42:41,790 INFO  server.RaftServerConfigKeys (ConfUtils.java:logGet(43)) - raft.server.watch.element-limit = 65536 (default)
2019-07-13 14:42:41,790 INFO  impl.RoleInfo (RoleInfo.java:updateAndGet(143)) - 3a2aa442-1699-4b5e-852f-43b5b83fc5be: start LeaderState
2019-07-13 14:42:41,790 INFO  impl.RoleInfo (RoleInfo.java:updateAndGet(143)) - eccbf334-c64b-489b-87c0-cb0b84bb7b62: start LeaderState
2019-07-13 14:42:41,790 INFO  segmented.SegmentedRaftLogWorker (SegmentedRaftLogWorker.java:startLogSegment(380)) - 3a2aa442-1699-4b5e-852f-43b5b83fc5be-SegmentedRaftLogWorker:Storage Directory /tmp/workdir/hadoop-ozone/integration-test/target/test-dir/MiniOzoneClusterImpl-cdb6c0af-5e4e-41d1-90b6-fe79d96a918f/datanode-4/data/ratis/401e75ac-aa2c-49a3-a1bb-f5e5ffe2cc29: Starting segment from index:0
2019-07-13 14:42:41,791 INFO  segmented.SegmentedRaftLogWorker (SegmentedRaftLogWorker.java:startLogSegment(380)) - eccbf334-c64b-489b-87c0-cb0b84bb7b62-SegmentedRaftLogWorker:Storage Directory /tmp/workdir/hadoop-ozone/integration-test/target/test-dir/MiniOzoneClusterImpl-cdb6c0af-5e4e-41d1-90b6-fe79d96a918f/datanode-5/data/ratis/cf193481-114a-4cc6-a9b4-94537cfff16b: Starting segment from index:0
2019-07-13 14:42:41,791 INFO  impl.RaftServerImpl (ServerState.java:setRaftConf(361)) - 3a2aa442-1699-4b5e-852f-43b5b83fc5be:group-F5E5FFE2CC29 set configuration 0: [3a2aa442-1699-4b5e-852f-43b5b83fc5be:192.168.5.172:41508], old=null at 0
2019-07-13 14:42:41,810 INFO  impl.RaftServerImpl (ServerState.java:setRaftConf(361)) - eccbf334-c64b-489b-87c0-cb0b84bb7b62:group-94537CFFF16B set configuration 0: [eccbf334-c64b-489b-87c0-cb0b84bb7b62:192.168.5.172:46304], old=null at 0
2019-07-13 14:42:41,815 INFO  segmented.SegmentedRaftLogWorker (SegmentedRaftLogWorker.java:execute(569)) - 3a2aa442-1699-4b5e-852f-43b5b83fc5be-SegmentedRaftLogWorker:Storage Directory /tmp/workdir/hadoop-ozone/integration-test/target/test-dir/MiniOzoneClusterImpl-cdb6c0af-5e4e-41d1-90b6-fe79d96a918f/datanode-4/data/ratis/401e75ac-aa2c-49a3-a1bb-f5e5ffe2cc29: created new log segment /tmp/workdir/hadoop-ozone/integration-test/target/test-dir/MiniOzoneClusterImpl-cdb6c0af-5e4e-41d1-90b6-fe79d96a918f/datanode-4/data/ratis/401e75ac-aa2c-49a3-a1bb-f5e5ffe2cc29/current/log_inprogress_0
2019-07-13 14:42:41,815 INFO  segmented.SegmentedRaftLogWorker (SegmentedRaftLogWorker.java:execute(569)) - eccbf334-c64b-489b-87c0-cb0b84bb7b62-SegmentedRaftLogWorker:Storage Directory /tmp/workdir/hadoop-ozone/integration-test/target/test-dir/MiniOzoneClusterImpl-cdb6c0af-5e4e-41d1-90b6-fe79d96a918f/datanode-5/data/ratis/cf193481-114a-4cc6-a9b4-94537cfff16b: created new log segment /tmp/workdir/hadoop-ozone/integration-test/target/test-dir/MiniOzoneClusterImpl-cdb6c0af-5e4e-41d1-90b6-fe79d96a918f/datanode-5/data/ratis/cf193481-114a-4cc6-a9b4-94537cfff16b/current/log_inprogress_0
2019-07-13 14:42:41,838 INFO  impl.FollowerState (FollowerState.java:run(106)) - b0c0c3e2-275c-4107-9f75-d1827b8e1924:group-5709E0039CCC changes to CANDIDATE, lastRpcTime:5032, electionTimeout:5032ms
2019-07-13 14:42:41,840 INFO  impl.RoleInfo (RoleInfo.java:shutdownFollowerState(121)) - b0c0c3e2-275c-4107-9f75-d1827b8e1924: shutdown FollowerState
2019-07-13 14:42:41,840 INFO  impl.RaftServerImpl (RaftServerImpl.java:setRole(171)) - b0c0c3e2-275c-4107-9f75-d1827b8e1924:group-5709E0039CCC changes role from FOLLOWER to CANDIDATE at term 0 for changeToCandidate
2019-07-13 14:42:41,841 INFO  impl.RoleInfo (RoleInfo.java:updateAndGet(143)) - b0c0c3e2-275c-4107-9f75-d1827b8e1924: start LeaderElection
2019-07-13 14:42:41,846 INFO  impl.FollowerState (FollowerState.java:run(106)) - d37845be-7bdd-4fdf-a74e-f0fdeb4f99ea:group-5709E0039CCC changes to CANDIDATE, lastRpcTime:5040, electionTimeout:5040ms
2019-07-13 14:42:41,848 INFO  impl.RoleInfo (RoleInfo.java:shutdownFollowerState(121)) - d37845be-7bdd-4fdf-a74e-f0fdeb4f99ea: shutdown FollowerState
2019-07-13 14:42:41,849 INFO  impl.RaftServerImpl (RaftServerImpl.java:setRole(171)) - d37845be-7bdd-4fdf-a74e-f0fdeb4f99ea:group-5709E0039CCC changes role from FOLLOWER to CANDIDATE at term 0 for changeToCandidate
2019-07-13 14:42:41,849 INFO  impl.RoleInfo (RoleInfo.java:updateAndGet(143)) - d37845be-7bdd-4fdf-a74e-f0fdeb4f99ea: start LeaderElection
2019-07-13 14:42:41,855 INFO  impl.LeaderElection (LeaderElection.java:askForVotes(181)) - b0c0c3e2-275c-4107-9f75-d1827b8e1924:group-5709E0039CCC:LeaderElection8: begin an election at term 1 for -1: [d37845be-7bdd-4fdf-a74e-f0fdeb4f99ea:192.168.5.172:37341, b0c0c3e2-275c-4107-9f75-d1827b8e1924:192.168.5.172:39564, 5a909bff-8fa1-4564-9db7-4383cd66360a:192.168.5.172:37879], old=null
2019-07-13 14:42:41,858 INFO  impl.LeaderElection (LeaderElection.java:askForVotes(181)) - d37845be-7bdd-4fdf-a74e-f0fdeb4f99ea:group-5709E0039CCC:LeaderElection9: begin an election at term 1 for -1: [d37845be-7bdd-4fdf-a74e-f0fdeb4f99ea:192.168.5.172:37341, b0c0c3e2-275c-4107-9f75-d1827b8e1924:192.168.5.172:39564, 5a909bff-8fa1-4564-9db7-4383cd66360a:192.168.5.172:37879], old=null
2019-07-13 14:42:41,901 INFO  impl.RaftServerImpl (RaftServerImpl.java:setRole(171)) - 5a909bff-8fa1-4564-9db7-4383cd66360a:group-5709E0039CCC changes role from FOLLOWER to FOLLOWER at term 1 for recognizeCandidate:b0c0c3e2-275c-4107-9f75-d1827b8e1924
2019-07-13 14:42:41,902 INFO  impl.RoleInfo (RoleInfo.java:shutdownFollowerState(121)) - 5a909bff-8fa1-4564-9db7-4383cd66360a: shutdown FollowerState
2019-07-13 14:42:41,902 INFO  impl.RoleInfo (RoleInfo.java:updateAndGet(143)) - 5a909bff-8fa1-4564-9db7-4383cd66360a: start FollowerState
2019-07-13 14:42:41,902 INFO  impl.FollowerState (FollowerState.java:run(114)) - 5a909bff-8fa1-4564-9db7-4383cd66360a: FollowerState was interrupted: java.lang.InterruptedException: sleep interrupted
2019-07-13 14:42:41,923 INFO  impl.LeaderElection (LeaderElection.java:logAndReturn(56)) - b0c0c3e2-275c-4107-9f75-d1827b8e1924:group-5709E0039CCC:LeaderElection8: Election PASSED; received 2 response(s) [b0c0c3e2-275c-4107-9f75-d1827b8e1924<-d37845be-7bdd-4fdf-a74e-f0fdeb4f99ea#0:FAIL-t1, b0c0c3e2-275c-4107-9f75-d1827b8e1924<-5a909bff-8fa1-4564-9db7-4383cd66360a#0:OK-t1] and 0 exception(s); b0c0c3e2-275c-4107-9f75-d1827b8e1924:t1, leader=null, voted=b0c0c3e2-275c-4107-9f75-d1827b8e1924, raftlog=b0c0c3e2-275c-4107-9f75-d1827b8e1924-SegmentedRaftLog:OPENED:c-1,f-1,i0, conf=-1: [d37845be-7bdd-4fdf-a74e-f0fdeb4f99ea:192.168.5.172:37341, b0c0c3e2-275c-4107-9f75-d1827b8e1924:192.168.5.172:39564, 5a909bff-8fa1-4564-9db7-4383cd66360a:192.168.5.172:37879], old=null
2019-07-13 14:42:41,923 INFO  impl.LeaderElection (LeaderElection.java:logAndReturn(56)) - d37845be-7bdd-4fdf-a74e-f0fdeb4f99ea:group-5709E0039CCC:LeaderElection9: Election REJECTED; received 2 response(s) [d37845be-7bdd-4fdf-a74e-f0fdeb4f99ea<-b0c0c3e2-275c-4107-9f75-d1827b8e1924#0:FAIL-t1, d37845be-7bdd-4fdf-a74e-f0fdeb4f99ea<-5a909bff-8fa1-4564-9db7-4383cd66360a#0:FAIL-t1] and 0 exception(s); d37845be-7bdd-4fdf-a74e-f0fdeb4f99ea:t1, leader=null, voted=d37845be-7bdd-4fdf-a74e-f0fdeb4f99ea, raftlog=d37845be-7bdd-4fdf-a74e-f0fdeb4f99ea-SegmentedRaftLog:OPENED:c-1,f-1,i0, conf=-1: [d37845be-7bdd-4fdf-a74e-f0fdeb4f99ea:192.168.5.172:37341, b0c0c3e2-275c-4107-9f75-d1827b8e1924:192.168.5.172:39564, 5a909bff-8fa1-4564-9db7-4383cd66360a:192.168.5.172:37879], old=null
2019-07-13 14:42:41,923 INFO  impl.RoleInfo (RoleInfo.java:shutdownLeaderElection(134)) - b0c0c3e2-275c-4107-9f75-d1827b8e1924: shutdown LeaderElection
2019-07-13 14:42:41,925 INFO  impl.RaftServerImpl (RaftServerImpl.java:setRole(171)) - b0c0c3e2-275c-4107-9f75-d1827b8e1924:group-5709E0039CCC changes role from CANDIDATE to LEADER at term 1 for changeToLeader
2019-07-13 14:42:41,925 INFO  impl.RaftServerImpl (ServerState.java:setLeader(263)) - b0c0c3e2-275c-4107-9f75-d1827b8e1924:group-5709E0039CCC change Leader from null to b0c0c3e2-275c-4107-9f75-d1827b8e1924 at term 1 for becomeLeader, leader elected after 5133ms
2019-07-13 14:42:41,925 INFO  impl.RaftServerImpl (RaftServerImpl.java:setRole(171)) - d37845be-7bdd-4fdf-a74e-f0fdeb4f99ea:group-5709E0039CCC changes role from CANDIDATE to FOLLOWER at term 1 for DISCOVERED_A_NEW_TERM
2019-07-13 14:42:41,929 INFO  server.RaftServerConfigKeys (ConfUtils.java:logGet(43)) - raft.server.staging.catchup.gap = 1000 (default)
2019-07-13 14:42:41,933 INFO  impl.RoleInfo (RoleInfo.java:shutdownLeaderElection(134)) - d37845be-7bdd-4fdf-a74e-f0fdeb4f99ea: shutdown LeaderElection
2019-07-13 14:42:41,935 INFO  server.RaftServerConfigKeys (ConfUtils.java:logGet(43)) - raft.server.rpc.sleep.time = 25ms (default)
2019-07-13 14:42:41,935 INFO  impl.RoleInfo (RoleInfo.java:updateAndGet(143)) - d37845be-7bdd-4fdf-a74e-f0fdeb4f99ea: start FollowerState
2019-07-13 14:42:41,935 INFO  server.RaftServerConfigKeys (ConfUtils.java:logGet(43)) - raft.server.write.element-limit = 4096 (default)
2019-07-13 14:42:41,936 INFO  server.RaftServerConfigKeys (ConfUtils.java:logGet(43)) - raft.server.watch.timeout = 10s (default)
2019-07-13 14:42:41,938 INFO  server.RaftServerConfigKeys (ConfUtils.java:logGet(43)) - raft.server.watch.timeout.denomination = 1s (default)
2019-07-13 14:42:41,938 INFO  server.RaftServerConfigKeys (ConfUtils.java:logGet(43)) - raft.server.watch.element-limit = 65536 (default)
2019-07-13 14:42:41,940 INFO  server.RaftServerConfigKeys (ConfUtils.java:logGet(43)) - raft.server.log.appender.snapshot.chunk.size.max = 16MB (=16777216) (default)
2019-07-13 14:42:41,940 INFO  server.RaftServerConfigKeys (ConfUtils.java:logGet(43)) - raft.server.log.appender.buffer.byte-limit = 33554432 (custom)
2019-07-13 14:42:41,941 INFO  server.RaftServerConfigKeys (ConfUtils.java:logGet(43)) - raft.server.log.appender.buffer.element-limit = 1 (custom)
2019-07-13 14:42:41,944 INFO  grpc.GrpcConfigKeys$Server (ConfUtils.java:logGet(43)) - raft.grpc.server.leader.outstanding.appends.max = 128 (default)
2019-07-13 14:42:41,946 INFO  server.RaftServerConfigKeys (ConfUtils.java:logGet(43)) - raft.server.rpc.request.timeout = 3000ms (default)
2019-07-13 14:42:41,946 INFO  server.RaftServerConfigKeys (ConfUtils.java:logGet(43)) - raft.server.log.appender.install.snapshot.enabled = false (custom)
2019-07-13 14:42:41,947 INFO  server.RaftServerConfigKeys (ConfUtils.java:logGet(43)) - raft.server.log.appender.snapshot.chunk.size.max = 16MB (=16777216) (default)
2019-07-13 14:42:41,947 INFO  server.RaftServerConfigKeys (ConfUtils.java:logGet(43)) - raft.server.log.appender.buffer.byte-limit = 33554432 (custom)
2019-07-13 14:42:41,947 INFO  server.RaftServerConfigKeys (ConfUtils.java:logGet(43)) - raft.server.log.appender.buffer.element-limit = 1 (custom)
2019-07-13 14:42:41,947 INFO  grpc.GrpcConfigKeys$Server (ConfUtils.java:logGet(43)) - raft.grpc.server.leader.outstanding.appends.max = 128 (default)
2019-07-13 14:42:41,947 INFO  server.RaftServerConfigKeys (ConfUtils.java:logGet(43)) - raft.server.rpc.request.timeout = 3000ms (default)
2019-07-13 14:42:41,947 INFO  server.RaftServerConfigKeys (ConfUtils.java:logGet(43)) - raft.server.log.appender.install.snapshot.enabled = false (custom)
2019-07-13 14:42:41,949 INFO  impl.RoleInfo (RoleInfo.java:updateAndGet(143)) - b0c0c3e2-275c-4107-9f75-d1827b8e1924: start LeaderState
2019-07-13 14:42:41,949 INFO  segmented.SegmentedRaftLogWorker (SegmentedRaftLogWorker.java:startLogSegment(380)) - b0c0c3e2-275c-4107-9f75-d1827b8e1924-SegmentedRaftLogWorker:Storage Directory /tmp/workdir/hadoop-ozone/integration-test/target/test-dir/MiniOzoneClusterImpl-cdb6c0af-5e4e-41d1-90b6-fe79d96a918f/datanode-2/data/ratis/50590dc0-ee65-486c-b87e-5709e0039ccc: Starting segment from index:0
2019-07-13 14:42:41,950 INFO  impl.RaftServerImpl (ServerState.java:setRaftConf(361)) - b0c0c3e2-275c-4107-9f75-d1827b8e1924:group-5709E0039CCC set configuration 0: [d37845be-7bdd-4fdf-a74e-f0fdeb4f99ea:192.168.5.172:37341, b0c0c3e2-275c-4107-9f75-d1827b8e1924:192.168.5.172:39564, 5a909bff-8fa1-4564-9db7-4383cd66360a:192.168.5.172:37879], old=null at 0
2019-07-13 14:42:41,971 INFO  impl.FollowerState (FollowerState.java:run(106)) - 71b53168-5f95-4a1a-bad4-07e11f6dba72:group-3D1635778A27 changes to CANDIDATE, lastRpcTime:5077, electionTimeout:5063ms
2019-07-13 14:42:41,971 INFO  impl.RoleInfo (RoleInfo.java:shutdownFollowerState(121)) - 71b53168-5f95-4a1a-bad4-07e11f6dba72: shutdown FollowerState
2019-07-13 14:42:41,971 INFO  impl.RaftServerImpl (RaftServerImpl.java:setRole(171)) - 71b53168-5f95-4a1a-bad4-07e11f6dba72:group-3D1635778A27 changes role from FOLLOWER to CANDIDATE at term 0 for changeToCandidate
2019-07-13 14:42:41,974 INFO  impl.RoleInfo (RoleInfo.java:updateAndGet(143)) - 71b53168-5f95-4a1a-bad4-07e11f6dba72: start LeaderElection
2019-07-13 14:42:41,984 INFO  segmented.SegmentedRaftLogWorker (SegmentedRaftLogWorker.java:execute(569)) - b0c0c3e2-275c-4107-9f75-d1827b8e1924-SegmentedRaftLogWorker:Storage Directory /tmp/workdir/hadoop-ozone/integration-test/target/test-dir/MiniOzoneClusterImpl-cdb6c0af-5e4e-41d1-90b6-fe79d96a918f/datanode-2/data/ratis/50590dc0-ee65-486c-b87e-5709e0039ccc: created new log segment /tmp/workdir/hadoop-ozone/integration-test/target/test-dir/MiniOzoneClusterImpl-cdb6c0af-5e4e-41d1-90b6-fe79d96a918f/datanode-2/data/ratis/50590dc0-ee65-486c-b87e-5709e0039ccc/current/log_inprogress_0
2019-07-13 14:42:41,984 INFO  impl.LeaderElection (LeaderElection.java:askForVotes(181)) - 71b53168-5f95-4a1a-bad4-07e11f6dba72:group-3D1635778A27:LeaderElection10: begin an election at term 1 for -1: [3a2aa442-1699-4b5e-852f-43b5b83fc5be:192.168.5.172:41508, 385e556a-2d1f-4a54-b566-fc4fd79f227c:192.168.5.172:39129, 71b53168-5f95-4a1a-bad4-07e11f6dba72:192.168.5.172:35257], old=null
2019-07-13 14:42:42,003 INFO  impl.RaftServerImpl (RaftServerImpl.java:setRole(171)) - 385e556a-2d1f-4a54-b566-fc4fd79f227c:group-3D1635778A27 changes role from FOLLOWER to FOLLOWER at term 1 for recognizeCandidate:71b53168-5f95-4a1a-bad4-07e11f6dba72
2019-07-13 14:42:42,005 INFO  impl.RoleInfo (RoleInfo.java:shutdownFollowerState(121)) - 385e556a-2d1f-4a54-b566-fc4fd79f227c: shutdown FollowerState
2019-07-13 14:42:42,005 INFO  impl.RoleInfo (RoleInfo.java:updateAndGet(143)) - 385e556a-2d1f-4a54-b566-fc4fd79f227c: start FollowerState
2019-07-13 14:42:42,005 INFO  impl.FollowerState (FollowerState.java:run(114)) - 385e556a-2d1f-4a54-b566-fc4fd79f227c: FollowerState was interrupted: java.lang.InterruptedException: sleep interrupted
2019-07-13 14:42:42,013 INFO  impl.RaftServerImpl (RaftServerImpl.java:setRole(171)) - 3a2aa442-1699-4b5e-852f-43b5b83fc5be:group-3D1635778A27 changes role from FOLLOWER to FOLLOWER at term 1 for recognizeCandidate:71b53168-5f95-4a1a-bad4-07e11f6dba72
2019-07-13 14:42:42,013 INFO  impl.RoleInfo (RoleInfo.java:shutdownFollowerState(121)) - 3a2aa442-1699-4b5e-852f-43b5b83fc5be: shutdown FollowerState
2019-07-13 14:42:42,013 INFO  impl.RoleInfo (RoleInfo.java:updateAndGet(143)) - 3a2aa442-1699-4b5e-852f-43b5b83fc5be: start FollowerState
2019-07-13 14:42:42,013 INFO  impl.FollowerState (FollowerState.java:run(114)) - 3a2aa442-1699-4b5e-852f-43b5b83fc5be: FollowerState was interrupted: java.lang.InterruptedException: sleep interrupted
2019-07-13 14:42:42,020 INFO  impl.RaftServerImpl (ServerState.java:setLeader(263)) - d37845be-7bdd-4fdf-a74e-f0fdeb4f99ea:group-5709E0039CCC change Leader from null to b0c0c3e2-275c-4107-9f75-d1827b8e1924 at term 1 for appendEntries, leader elected after 5222ms
2019-07-13 14:42:42,020 INFO  impl.RaftServerImpl (ServerState.java:setLeader(263)) - 5a909bff-8fa1-4564-9db7-4383cd66360a:group-5709E0039CCC change Leader from null to b0c0c3e2-275c-4107-9f75-d1827b8e1924 at term 1 for appendEntries, leader elected after 5228ms
2019-07-13 14:42:42,023 INFO  impl.LeaderElection (LeaderElection.java:logAndReturn(56)) - 71b53168-5f95-4a1a-bad4-07e11f6dba72:group-3D1635778A27:LeaderElection10: Election PASSED; received 1 response(s) [71b53168-5f95-4a1a-bad4-07e11f6dba72<-385e556a-2d1f-4a54-b566-fc4fd79f227c#0:OK-t1] and 0 exception(s); 71b53168-5f95-4a1a-bad4-07e11f6dba72:t1, leader=null, voted=71b53168-5f95-4a1a-bad4-07e11f6dba72, raftlog=71b53168-5f95-4a1a-bad4-07e11f6dba72-SegmentedRaftLog:OPENED:c-1,f-1,i0, conf=-1: [3a2aa442-1699-4b5e-852f-43b5b83fc5be:192.168.5.172:41508, 385e556a-2d1f-4a54-b566-fc4fd79f227c:192.168.5.172:39129, 71b53168-5f95-4a1a-bad4-07e11f6dba72:192.168.5.172:35257], old=null
2019-07-13 14:42:42,024 INFO  impl.RoleInfo (RoleInfo.java:shutdownLeaderElection(134)) - 71b53168-5f95-4a1a-bad4-07e11f6dba72: shutdown LeaderElection
2019-07-13 14:42:42,024 INFO  impl.RaftServerImpl (RaftServerImpl.java:setRole(171)) - 71b53168-5f95-4a1a-bad4-07e11f6dba72:group-3D1635778A27 changes role from CANDIDATE to LEADER at term 1 for changeToLeader
2019-07-13 14:42:42,026 INFO  impl.RaftServerImpl (ServerState.java:setLeader(263)) - 71b53168-5f95-4a1a-bad4-07e11f6dba72:group-3D1635778A27 change Leader from null to 71b53168-5f95-4a1a-bad4-07e11f6dba72 at term 1 for becomeLeader, leader elected after 5146ms
2019-07-13 14:42:42,026 INFO  server.RaftServerConfigKeys (ConfUtils.java:logGet(43)) - raft.server.staging.catchup.gap = 1000 (default)
2019-07-13 14:42:42,026 INFO  server.RaftServerConfigKeys (ConfUtils.java:logGet(43)) - raft.server.rpc.sleep.time = 25ms (default)
2019-07-13 14:42:42,027 INFO  server.RaftServerConfigKeys (ConfUtils.java:logGet(43)) - raft.server.write.element-limit = 4096 (default)
2019-07-13 14:42:42,027 INFO  server.RaftServerConfigKeys (ConfUtils.java:logGet(43)) - raft.server.watch.timeout = 10s (default)
2019-07-13 14:42:42,027 INFO  server.RaftServerConfigKeys (ConfUtils.java:logGet(43)) - raft.server.watch.timeout.denomination = 1s (default)
2019-07-13 14:42:42,029 INFO  server.RaftServerConfigKeys (ConfUtils.java:logGet(43)) - raft.server.watch.element-limit = 65536 (default)
2019-07-13 14:42:42,030 INFO  server.RaftServerConfigKeys (ConfUtils.java:logGet(43)) - raft.server.log.appender.snapshot.chunk.size.max = 16MB (=16777216) (default)
2019-07-13 14:42:42,032 INFO  server.RaftServerConfigKeys (ConfUtils.java:logGet(43)) - raft.server.log.appender.buffer.byte-limit = 33554432 (custom)
2019-07-13 14:42:42,032 INFO  server.RaftServerConfigKeys (ConfUtils.java:logGet(43)) - raft.server.log.appender.buffer.element-limit = 1 (custom)
2019-07-13 14:42:42,036 INFO  grpc.GrpcConfigKeys$Server (ConfUtils.java:logGet(43)) - raft.grpc.server.leader.outstanding.appends.max = 128 (default)
2019-07-13 14:42:42,040 INFO  server.RaftServerConfigKeys (ConfUtils.java:logGet(43)) - raft.server.rpc.request.timeout = 3000ms (default)
2019-07-13 14:42:42,040 INFO  server.RaftServerConfigKeys (ConfUtils.java:logGet(43)) - raft.server.log.appender.install.snapshot.enabled = false (custom)
2019-07-13 14:42:42,040 INFO  server.RaftServerConfigKeys (ConfUtils.java:logGet(43)) - raft.server.log.appender.snapshot.chunk.size.max = 16MB (=16777216) (default)
2019-07-13 14:42:42,041 INFO  server.RaftServerConfigKeys (ConfUtils.java:logGet(43)) - raft.server.log.appender.buffer.byte-limit = 33554432 (custom)
2019-07-13 14:42:42,041 INFO  server.RaftServerConfigKeys (ConfUtils.java:logGet(43)) - raft.server.log.appender.buffer.element-limit = 1 (custom)
2019-07-13 14:42:42,041 INFO  grpc.GrpcConfigKeys$Server (ConfUtils.java:logGet(43)) - raft.grpc.server.leader.outstanding.appends.max = 128 (default)
2019-07-13 14:42:42,041 INFO  server.RaftServerConfigKeys (ConfUtils.java:logGet(43)) - raft.server.rpc.request.timeout = 3000ms (default)
2019-07-13 14:42:42,041 INFO  server.RaftServerConfigKeys (ConfUtils.java:logGet(43)) - raft.server.log.appender.install.snapshot.enabled = false (custom)
2019-07-13 14:42:42,042 INFO  impl.RoleInfo (RoleInfo.java:updateAndGet(143)) - 71b53168-5f95-4a1a-bad4-07e11f6dba72: start LeaderState
2019-07-13 14:42:42,042 INFO  segmented.SegmentedRaftLogWorker (SegmentedRaftLogWorker.java:startLogSegment(380)) - 71b53168-5f95-4a1a-bad4-07e11f6dba72-SegmentedRaftLogWorker:Storage Directory /tmp/workdir/hadoop-ozone/integration-test/target/test-dir/MiniOzoneClusterImpl-cdb6c0af-5e4e-41d1-90b6-fe79d96a918f/datanode-0/data/ratis/3dcc15d1-8ab5-44ee-818d-3d1635778a27: Starting segment from index:0
2019-07-13 14:42:42,043 INFO  impl.RaftServerImpl (ServerState.java:setRaftConf(361)) - 71b53168-5f95-4a1a-bad4-07e11f6dba72:group-3D1635778A27 set configuration 0: [3a2aa442-1699-4b5e-852f-43b5b83fc5be:192.168.5.172:41508, 385e556a-2d1f-4a54-b566-fc4fd79f227c:192.168.5.172:39129, 71b53168-5f95-4a1a-bad4-07e11f6dba72:192.168.5.172:35257], old=null at 0
2019-07-13 14:42:42,068 INFO  impl.RaftServerImpl (ServerState.java:setLeader(263)) - 385e556a-2d1f-4a54-b566-fc4fd79f227c:group-3D1635778A27 change Leader from null to 71b53168-5f95-4a1a-bad4-07e11f6dba72 at term 1 for appendEntries, leader elected after 5188ms
2019-07-13 14:42:42,069 INFO  segmented.SegmentedRaftLogWorker (SegmentedRaftLogWorker.java:execute(569)) - 71b53168-5f95-4a1a-bad4-07e11f6dba72-SegmentedRaftLogWorker:Storage Directory /tmp/workdir/hadoop-ozone/integration-test/target/test-dir/MiniOzoneClusterImpl-cdb6c0af-5e4e-41d1-90b6-fe79d96a918f/datanode-0/data/ratis/3dcc15d1-8ab5-44ee-818d-3d1635778a27: created new log segment /tmp/workdir/hadoop-ozone/integration-test/target/test-dir/MiniOzoneClusterImpl-cdb6c0af-5e4e-41d1-90b6-fe79d96a918f/datanode-0/data/ratis/3dcc15d1-8ab5-44ee-818d-3d1635778a27/current/log_inprogress_0
2019-07-13 14:42:42,070 INFO  impl.RaftServerImpl (ServerState.java:setLeader(263)) - 3a2aa442-1699-4b5e-852f-43b5b83fc5be:group-3D1635778A27 change Leader from null to 71b53168-5f95-4a1a-bad4-07e11f6dba72 at term 1 for appendEntries, leader elected after 5190ms
2019-07-13 14:42:42,090 INFO  impl.RaftServerImpl (ServerState.java:setRaftConf(361)) - 5a909bff-8fa1-4564-9db7-4383cd66360a:group-5709E0039CCC set configuration 0: [d37845be-7bdd-4fdf-a74e-f0fdeb4f99ea:192.168.5.172:37341, b0c0c3e2-275c-4107-9f75-d1827b8e1924:192.168.5.172:39564, 5a909bff-8fa1-4564-9db7-4383cd66360a:192.168.5.172:37879], old=null at 0
2019-07-13 14:42:42,092 INFO  impl.RaftServerImpl (ServerState.java:setRaftConf(361)) - 385e556a-2d1f-4a54-b566-fc4fd79f227c:group-3D1635778A27 set configuration 0: [3a2aa442-1699-4b5e-852f-43b5b83fc5be:192.168.5.172:41508, 385e556a-2d1f-4a54-b566-fc4fd79f227c:192.168.5.172:39129, 71b53168-5f95-4a1a-bad4-07e11f6dba72:192.168.5.172:35257], old=null at 0
2019-07-13 14:42:42,092 INFO  segmented.SegmentedRaftLogWorker (SegmentedRaftLogWorker.java:startLogSegment(380)) - 5a909bff-8fa1-4564-9db7-4383cd66360a-SegmentedRaftLogWorker:Storage Directory /tmp/workdir/hadoop-ozone/integration-test/target/test-dir/MiniOzoneClusterImpl-cdb6c0af-5e4e-41d1-90b6-fe79d96a918f/datanode-6/data/ratis/50590dc0-ee65-486c-b87e-5709e0039ccc: Starting segment from index:0
2019-07-13 14:42:42,091 INFO  impl.RaftServerImpl (ServerState.java:setRaftConf(361)) - 3a2aa442-1699-4b5e-852f-43b5b83fc5be:group-3D1635778A27 set configuration 0: [3a2aa442-1699-4b5e-852f-43b5b83fc5be:192.168.5.172:41508, 385e556a-2d1f-4a54-b566-fc4fd79f227c:192.168.5.172:39129, 71b53168-5f95-4a1a-bad4-07e11f6dba72:192.168.5.172:35257], old=null at 0
2019-07-13 14:42:42,090 INFO  impl.RaftServerImpl (ServerState.java:setRaftConf(361)) - d37845be-7bdd-4fdf-a74e-f0fdeb4f99ea:group-5709E0039CCC set configuration 0: [d37845be-7bdd-4fdf-a74e-f0fdeb4f99ea:192.168.5.172:37341, b0c0c3e2-275c-4107-9f75-d1827b8e1924:192.168.5.172:39564, 5a909bff-8fa1-4564-9db7-4383cd66360a:192.168.5.172:37879], old=null at 0
2019-07-13 14:42:42,092 INFO  segmented.SegmentedRaftLogWorker (SegmentedRaftLogWorker.java:startLogSegment(380)) - 3a2aa442-1699-4b5e-852f-43b5b83fc5be-SegmentedRaftLogWorker:Storage Directory /tmp/workdir/hadoop-ozone/integration-test/target/test-dir/MiniOzoneClusterImpl-cdb6c0af-5e4e-41d1-90b6-fe79d96a918f/datanode-4/data/ratis/3dcc15d1-8ab5-44ee-818d-3d1635778a27: Starting segment from index:0
2019-07-13 14:42:42,092 INFO  segmented.SegmentedRaftLogWorker (SegmentedRaftLogWorker.java:startLogSegment(380)) - 385e556a-2d1f-4a54-b566-fc4fd79f227c-SegmentedRaftLogWorker:Storage Directory /tmp/workdir/hadoop-ozone/integration-test/target/test-dir/MiniOzoneClusterImpl-cdb6c0af-5e4e-41d1-90b6-fe79d96a918f/datanode-1/data/ratis/3dcc15d1-8ab5-44ee-818d-3d1635778a27: Starting segment from index:0
2019-07-13 14:42:42,093 INFO  segmented.SegmentedRaftLogWorker (SegmentedRaftLogWorker.java:startLogSegment(380)) - d37845be-7bdd-4fdf-a74e-f0fdeb4f99ea-SegmentedRaftLogWorker:Storage Directory /tmp/workdir/hadoop-ozone/integration-test/target/test-dir/MiniOzoneClusterImpl-cdb6c0af-5e4e-41d1-90b6-fe79d96a918f/datanode-3/data/ratis/50590dc0-ee65-486c-b87e-5709e0039ccc: Starting segment from index:0
2019-07-13 14:42:42,114 INFO  segmented.SegmentedRaftLogWorker (SegmentedRaftLogWorker.java:execute(569)) - d37845be-7bdd-4fdf-a74e-f0fdeb4f99ea-SegmentedRaftLogWorker:Storage Directory /tmp/workdir/hadoop-ozone/integration-test/target/test-dir/MiniOzoneClusterImpl-cdb6c0af-5e4e-41d1-90b6-fe79d96a918f/datanode-3/data/ratis/50590dc0-ee65-486c-b87e-5709e0039ccc: created new log segment /tmp/workdir/hadoop-ozone/integration-test/target/test-dir/MiniOzoneClusterImpl-cdb6c0af-5e4e-41d1-90b6-fe79d96a918f/datanode-3/data/ratis/50590dc0-ee65-486c-b87e-5709e0039ccc/current/log_inprogress_0
2019-07-13 14:42:42,114 INFO  segmented.SegmentedRaftLogWorker (SegmentedRaftLogWorker.java:execute(569)) - 5a909bff-8fa1-4564-9db7-4383cd66360a-SegmentedRaftLogWorker:Storage Directory /tmp/workdir/hadoop-ozone/integration-test/target/test-dir/MiniOzoneClusterImpl-cdb6c0af-5e4e-41d1-90b6-fe79d96a918f/datanode-6/data/ratis/50590dc0-ee65-486c-b87e-5709e0039ccc: created new log segment /tmp/workdir/hadoop-ozone/integration-test/target/test-dir/MiniOzoneClusterImpl-cdb6c0af-5e4e-41d1-90b6-fe79d96a918f/datanode-6/data/ratis/50590dc0-ee65-486c-b87e-5709e0039ccc/current/log_inprogress_0
2019-07-13 14:42:42,122 INFO  segmented.SegmentedRaftLogWorker (SegmentedRaftLogWorker.java:execute(569)) - 385e556a-2d1f-4a54-b566-fc4fd79f227c-SegmentedRaftLogWorker:Storage Directory /tmp/workdir/hadoop-ozone/integration-test/target/test-dir/MiniOzoneClusterImpl-cdb6c0af-5e4e-41d1-90b6-fe79d96a918f/datanode-1/data/ratis/3dcc15d1-8ab5-44ee-818d-3d1635778a27: created new log segment /tmp/workdir/hadoop-ozone/integration-test/target/test-dir/MiniOzoneClusterImpl-cdb6c0af-5e4e-41d1-90b6-fe79d96a918f/datanode-1/data/ratis/3dcc15d1-8ab5-44ee-818d-3d1635778a27/current/log_inprogress_0
2019-07-13 14:42:42,122 INFO  segmented.SegmentedRaftLogWorker (SegmentedRaftLogWorker.java:execute(569)) - 3a2aa442-1699-4b5e-852f-43b5b83fc5be-SegmentedRaftLogWorker:Storage Directory /tmp/workdir/hadoop-ozone/integration-test/target/test-dir/MiniOzoneClusterImpl-cdb6c0af-5e4e-41d1-90b6-fe79d96a918f/datanode-4/data/ratis/3dcc15d1-8ab5-44ee-818d-3d1635778a27: created new log segment /tmp/workdir/hadoop-ozone/integration-test/target/test-dir/MiniOzoneClusterImpl-cdb6c0af-5e4e-41d1-90b6-fe79d96a918f/datanode-4/data/ratis/3dcc15d1-8ab5-44ee-818d-3d1635778a27/current/log_inprogress_0
2019-07-13 14:42:42,629 INFO  client.GrpcClientProtocolClient (GrpcClientProtocolClient.java:onNext(255)) - client-8580550FB01B->385e556a-2d1f-4a54-b566-fc4fd79f227c: receive RaftClientReply:client-8580550FB01B->385e556a-2d1f-4a54-b566-fc4fd79f227c@group-3D1635778A27, cid=13, FAILED org.apache.ratis.protocol.NotLeaderException: Server 385e556a-2d1f-4a54-b566-fc4fd79f227c is not the leader (71b53168-5f95-4a1a-bad4-07e11f6dba72:192.168.5.172:35257). Request must be sent to leader., logIndex=0, commits[385e556a-2d1f-4a54-b566-fc4fd79f227c:c0, 3a2aa442-1699-4b5e-852f-43b5b83fc5be:c-1, 71b53168-5f95-4a1a-bad4-07e11f6dba72:c0]
2019-07-13 14:42:42,896 INFO  container.CloseContainerEventHandler (CloseContainerEventHandler.java:onMessage(61)) - Close container Event triggered for container : #1
2019-07-13 14:42:42,904 INFO  container.CloseContainerEventHandler (CloseContainerEventHandler.java:onMessage(61)) - Close container Event triggered for container : #1
2019-07-13 14:42:42,904 INFO  container.CloseContainerEventHandler (CloseContainerEventHandler.java:onMessage(61)) - Close container Event triggered for container : #1
2019-07-13 14:42:42,930 INFO  client.GrpcClientProtocolClient (GrpcClientProtocolClient.java:onNext(255)) - client-8580550FB01B->71b53168-5f95-4a1a-bad4-07e11f6dba72: receive RaftClientReply:client-8580550FB01B->71b53168-5f95-4a1a-bad4-07e11f6dba72@group-3D1635778A27, cid=13, SUCCESS, logIndex=1, commits[71b53168-5f95-4a1a-bad4-07e11f6dba72:c1, 3a2aa442-1699-4b5e-852f-43b5b83fc5be:c0, 385e556a-2d1f-4a54-b566-fc4fd79f227c:c0]
2019-07-13 14:42:43,019 INFO  client.GrpcClientProtocolClient (GrpcClientProtocolClient.java:onNext(255)) - client-8580550FB01B->71b53168-5f95-4a1a-bad4-07e11f6dba72: receive RaftClientReply:client-8580550FB01B->71b53168-5f95-4a1a-bad4-07e11f6dba72@group-3D1635778A27, cid=14, SUCCESS, logIndex=3, commits[71b53168-5f95-4a1a-bad4-07e11f6dba72:c4, 3a2aa442-1699-4b5e-852f-43b5b83fc5be:c3, 385e556a-2d1f-4a54-b566-fc4fd79f227c:c3]
2019-07-13 14:42:44,026 INFO  interfaces.Container (KeyValueContainer.java:compactDB(356)) - Container 1 is closed with bcsId 3.
2019-07-13 14:42:44,051 INFO  interfaces.Container (KeyValueContainer.java:compactDB(356)) - Container 1 is closed with bcsId 3.
2019-07-13 14:42:44,049 INFO  interfaces.Container (KeyValueContainer.java:compactDB(356)) - Container 1 is closed with bcsId 3.
14:42:44.415 [grpc-default-executor-0] ERROR DNAudit - user=null | ip=null | op=WRITE_CHUNK {blockData=conID: 1 locID: 102434665740173313 bcsId: 3} | ret=FAILURE
org.apache.hadoop.hdds.scm.container.common.helpers.ContainerNotOpenException: Container 1 in CLOSED state
	at org.apache.hadoop.ozone.container.common.impl.HddsDispatcher.validateContainerCommand(HddsDispatcher.java:408) ~[hadoop-hdds-container-service-0.5.0-SNAPSHOT.jar:?]
	at org.apache.hadoop.ozone.container.common.transport.server.ratis.ContainerStateMachine.startTransaction(ContainerStateMachine.java:271) ~[hadoop-hdds-container-service-0.5.0-SNAPSHOT.jar:?]
	at org.apache.ratis.server.impl.RaftServerImpl.submitClientRequestAsync(RaftServerImpl.java:566) ~[ratis-server-0.4.0-2337318-SNAPSHOT.jar:0.4.0-2337318-SNAPSHOT]
	at org.apache.ratis.server.impl.RaftServerProxy.lambda$submitClientRequestAsync$7(RaftServerProxy.java:333) ~[ratis-server-0.4.0-2337318-SNAPSHOT.jar:0.4.0-2337318-SNAPSHOT]
	at org.apache.ratis.server.impl.RaftServerProxy.lambda$null$5(RaftServerProxy.java:328) ~[ratis-server-0.4.0-2337318-SNAPSHOT.jar:0.4.0-2337318-SNAPSHOT]
	at org.apache.ratis.util.JavaUtils.callAsUnchecked(JavaUtils.java:109) ~[ratis-common-0.4.0-2337318-SNAPSHOT.jar:0.4.0-2337318-SNAPSHOT]
	at org.apache.ratis.server.impl.RaftServerProxy.lambda$submitRequest$6(RaftServerProxy.java:328) ~[ratis-server-0.4.0-2337318-SNAPSHOT.jar:0.4.0-2337318-SNAPSHOT]
	at java.util.concurrent.CompletableFuture.uniComposeStage(CompletableFuture.java:981) ~[?:1.8.0_212]
	at java.util.concurrent.CompletableFuture.thenCompose(CompletableFuture.java:2124) ~[?:1.8.0_212]
	at org.apache.ratis.server.impl.RaftServerProxy.submitRequest(RaftServerProxy.java:327) ~[ratis-server-0.4.0-2337318-SNAPSHOT.jar:0.4.0-2337318-SNAPSHOT]
	at org.apache.ratis.server.impl.RaftServerProxy.submitClientRequestAsync(RaftServerProxy.java:333) ~[ratis-server-0.4.0-2337318-SNAPSHOT.jar:0.4.0-2337318-SNAPSHOT]
	at org.apache.ratis.grpc.client.GrpcClientProtocolService$RequestStreamObserver.processClientRequest(GrpcClientProtocolService.java:220) ~[ratis-grpc-0.4.0-2337318-SNAPSHOT.jar:0.4.0-2337318-SNAPSHOT]
	at org.apache.ratis.grpc.client.GrpcClientProtocolService$OrderedRequestStreamObserver.processClientRequest(GrpcClientProtocolService.java:326) ~[ratis-grpc-0.4.0-2337318-SNAPSHOT.jar:0.4.0-2337318-SNAPSHOT]
	at org.apache.ratis.util.SlidingWindow$Server.processRequestsFromHead(SlidingWindow.java:429) [ratis-common-0.4.0-2337318-SNAPSHOT.jar:0.4.0-2337318-SNAPSHOT]
	at org.apache.ratis.util.SlidingWindow$Server.receivedRequest(SlidingWindow.java:421) [ratis-common-0.4.0-2337318-SNAPSHOT.jar:0.4.0-2337318-SNAPSHOT]
	at org.apache.ratis.grpc.client.GrpcClientProtocolService$OrderedRequestStreamObserver.processClientRequest(GrpcClientProtocolService.java:345) [ratis-grpc-0.4.0-2337318-SNAPSHOT.jar:0.4.0-2337318-SNAPSHOT]
	at org.apache.ratis.grpc.client.GrpcClientProtocolService$RequestStreamObserver.onNext(GrpcClientProtocolService.java:240) [ratis-grpc-0.4.0-2337318-SNAPSHOT.jar:0.4.0-2337318-SNAPSHOT]
	at org.apache.ratis.grpc.client.GrpcClientProtocolService$RequestStreamObserver.onNext(GrpcClientProtocolService.java:168) [ratis-grpc-0.4.0-2337318-SNAPSHOT.jar:0.4.0-2337318-SNAPSHOT]
	at org.apache.ratis.thirdparty.io.grpc.stub.ServerCalls$StreamingServerCallHandler$StreamingServerCallListener.onMessage(ServerCalls.java:248) [ratis-thirdparty-misc-0.2.0.jar:0.2.0]
	at org.apache.ratis.thirdparty.io.grpc.internal.ServerCallImpl$ServerStreamListenerImpl.messagesAvailable(ServerCallImpl.java:263) [ratis-thirdparty-misc-0.2.0.jar:0.2.0]
	at org.apache.ratis.thirdparty.io.grpc.internal.ServerImpl$JumpToApplicationThreadServerStreamListener$1MessagesAvailable.runInContext(ServerImpl.java:686) [ratis-thirdparty-misc-0.2.0.jar:0.2.0]
	at org.apache.ratis.thirdparty.io.grpc.internal.ContextRunnable.run(ContextRunnable.java:37) [ratis-thirdparty-misc-0.2.0.jar:0.2.0]
	at org.apache.ratis.thirdparty.io.grpc.internal.SerializingExecutor.run(SerializingExecutor.java:123) [ratis-thirdparty-misc-0.2.0.jar:0.2.0]
	at java.util.concurrent.ThreadPoolExecutor.runWorker(ThreadPoolExecutor.java:1149) [?:1.8.0_212]
	at java.util.concurrent.ThreadPoolExecutor$Worker.run(ThreadPoolExecutor.java:624) [?:1.8.0_212]
	at java.lang.Thread.run(Thread.java:748) [?:1.8.0_212]
14:42:44.463 [grpc-default-executor-0] ERROR DNAudit - user=null | ip=null | op=PUT_BLOCK {blockData=[blockId=conID: 1 locID: 102434665740173313 bcsId: 0,size=2097152]} | ret=FAILURE
org.apache.hadoop.hdds.scm.container.common.helpers.ContainerNotOpenException: Container 1 in CLOSED state
	at org.apache.hadoop.ozone.container.common.impl.HddsDispatcher.validateContainerCommand(HddsDispatcher.java:408) ~[hadoop-hdds-container-service-0.5.0-SNAPSHOT.jar:?]
	at org.apache.hadoop.ozone.container.common.transport.server.ratis.ContainerStateMachine.startTransaction(ContainerStateMachine.java:271) ~[hadoop-hdds-container-service-0.5.0-SNAPSHOT.jar:?]
	at org.apache.ratis.server.impl.RaftServerImpl.submitClientRequestAsync(RaftServerImpl.java:566) ~[ratis-server-0.4.0-2337318-SNAPSHOT.jar:0.4.0-2337318-SNAPSHOT]
	at org.apache.ratis.server.impl.RaftServerProxy.lambda$submitClientRequestAsync$7(RaftServerProxy.java:333) ~[ratis-server-0.4.0-2337318-SNAPSHOT.jar:0.4.0-2337318-SNAPSHOT]
	at org.apache.ratis.server.impl.RaftServerProxy.lambda$null$5(RaftServerProxy.java:328) ~[ratis-server-0.4.0-2337318-SNAPSHOT.jar:0.4.0-2337318-SNAPSHOT]
	at org.apache.ratis.util.JavaUtils.callAsUnchecked(JavaUtils.java:109) ~[ratis-common-0.4.0-2337318-SNAPSHOT.jar:0.4.0-2337318-SNAPSHOT]
	at org.apache.ratis.server.impl.RaftServerProxy.lambda$submitRequest$6(RaftServerProxy.java:328) ~[ratis-server-0.4.0-2337318-SNAPSHOT.jar:0.4.0-2337318-SNAPSHOT]
	at java.util.concurrent.CompletableFuture.uniComposeStage(CompletableFuture.java:981) ~[?:1.8.0_212]
	at java.util.concurrent.CompletableFuture.thenCompose(CompletableFuture.java:2124) ~[?:1.8.0_212]
	at org.apache.ratis.server.impl.RaftServerProxy.submitRequest(RaftServerProxy.java:327) ~[ratis-server-0.4.0-2337318-SNAPSHOT.jar:0.4.0-2337318-SNAPSHOT]
	at org.apache.ratis.server.impl.RaftServerProxy.submitClientRequestAsync(RaftServerProxy.java:333) ~[ratis-server-0.4.0-2337318-SNAPSHOT.jar:0.4.0-2337318-SNAPSHOT]
	at org.apache.ratis.grpc.client.GrpcClientProtocolService$RequestStreamObserver.processClientRequest(GrpcClientProtocolService.java:220) ~[ratis-grpc-0.4.0-2337318-SNAPSHOT.jar:0.4.0-2337318-SNAPSHOT]
	at org.apache.ratis.grpc.client.GrpcClientProtocolService$OrderedRequestStreamObserver.processClientRequest(GrpcClientProtocolService.java:326) ~[ratis-grpc-0.4.0-2337318-SNAPSHOT.jar:0.4.0-2337318-SNAPSHOT]
	at org.apache.ratis.util.SlidingWindow$Server.processRequestsFromHead(SlidingWindow.java:429) [ratis-common-0.4.0-2337318-SNAPSHOT.jar:0.4.0-2337318-SNAPSHOT]
	at org.apache.ratis.util.SlidingWindow$Server.receivedRequest(SlidingWindow.java:421) [ratis-common-0.4.0-2337318-SNAPSHOT.jar:0.4.0-2337318-SNAPSHOT]
	at org.apache.ratis.grpc.client.GrpcClientProtocolService$OrderedRequestStreamObserver.processClientRequest(GrpcClientProtocolService.java:345) [ratis-grpc-0.4.0-2337318-SNAPSHOT.jar:0.4.0-2337318-SNAPSHOT]
	at org.apache.ratis.grpc.client.GrpcClientProtocolService$RequestStreamObserver.onNext(GrpcClientProtocolService.java:240) [ratis-grpc-0.4.0-2337318-SNAPSHOT.jar:0.4.0-2337318-SNAPSHOT]
	at org.apache.ratis.grpc.client.GrpcClientProtocolService$RequestStreamObserver.onNext(GrpcClientProtocolService.java:168) [ratis-grpc-0.4.0-2337318-SNAPSHOT.jar:0.4.0-2337318-SNAPSHOT]
	at org.apache.ratis.thirdparty.io.grpc.stub.ServerCalls$StreamingServerCallHandler$StreamingServerCallListener.onMessage(ServerCalls.java:248) [ratis-thirdparty-misc-0.2.0.jar:0.2.0]
	at org.apache.ratis.thirdparty.io.grpc.internal.ServerCallImpl$ServerStreamListenerImpl.messagesAvailable(ServerCallImpl.java:263) [ratis-thirdparty-misc-0.2.0.jar:0.2.0]
	at org.apache.ratis.thirdparty.io.grpc.internal.ServerImpl$JumpToApplicationThreadServerStreamListener$1MessagesAvailable.runInContext(ServerImpl.java:686) [ratis-thirdparty-misc-0.2.0.jar:0.2.0]
	at org.apache.ratis.thirdparty.io.grpc.internal.ContextRunnable.run(ContextRunnable.java:37) [ratis-thirdparty-misc-0.2.0.jar:0.2.0]
	at org.apache.ratis.thirdparty.io.grpc.internal.SerializingExecutor.run(SerializingExecutor.java:123) [ratis-thirdparty-misc-0.2.0.jar:0.2.0]
	at java.util.concurrent.ThreadPoolExecutor.runWorker(ThreadPoolExecutor.java:1149) [?:1.8.0_212]
	at java.util.concurrent.ThreadPoolExecutor$Worker.run(ThreadPoolExecutor.java:624) [?:1.8.0_212]
	at java.lang.Thread.run(Thread.java:748) [?:1.8.0_212]
2019-07-13 14:42:44,474 INFO  client.GrpcClientProtocolClient (GrpcClientProtocolClient.java:onNext(255)) - client-8580550FB01B->71b53168-5f95-4a1a-bad4-07e11f6dba72: receive RaftClientReply:client-8580550FB01B->71b53168-5f95-4a1a-bad4-07e11f6dba72@group-3D1635778A27, cid=15, FAILED org.apache.ratis.protocol.StateMachineException: org.apache.hadoop.hdds.scm.container.common.helpers.ContainerNotOpenException from Server 71b53168-5f95-4a1a-bad4-07e11f6dba72: Container 1 in CLOSED state, logIndex=0, commits[71b53168-5f95-4a1a-bad4-07e11f6dba72:c6, 3a2aa442-1699-4b5e-852f-43b5b83fc5be:c5, 385e556a-2d1f-4a54-b566-fc4fd79f227c:c5]
2019-07-13 14:42:44,477 INFO  client.GrpcClientProtocolClient (GrpcClientProtocolClient.java:onNext(255)) - client-8580550FB01B->71b53168-5f95-4a1a-bad4-07e11f6dba72: receive RaftClientReply:client-8580550FB01B->71b53168-5f95-4a1a-bad4-07e11f6dba72@group-3D1635778A27, cid=16, FAILED org.apache.ratis.protocol.StateMachineException: org.apache.hadoop.hdds.scm.container.common.helpers.ContainerNotOpenException from Server 71b53168-5f95-4a1a-bad4-07e11f6dba72: Container 1 in CLOSED state, logIndex=0, commits[71b53168-5f95-4a1a-bad4-07e11f6dba72:c6, 3a2aa442-1699-4b5e-852f-43b5b83fc5be:c5, 385e556a-2d1f-4a54-b566-fc4fd79f227c:c5]
2019-07-13 14:42:44,538 INFO  client.GrpcClientProtocolClient (GrpcClientProtocolClient.java:onNext(255)) - client-6BD4AE2D7B1B->d37845be-7bdd-4fdf-a74e-f0fdeb4f99ea: receive RaftClientReply:client-6BD4AE2D7B1B->d37845be-7bdd-4fdf-a74e-f0fdeb4f99ea@group-5709E0039CCC, cid=17, FAILED org.apache.ratis.protocol.NotLeaderException: Server d37845be-7bdd-4fdf-a74e-f0fdeb4f99ea is not the leader (b0c0c3e2-275c-4107-9f75-d1827b8e1924:192.168.5.172:39564). Request must be sent to leader., logIndex=0, commits[d37845be-7bdd-4fdf-a74e-f0fdeb4f99ea:c0, b0c0c3e2-275c-4107-9f75-d1827b8e1924:c0, 5a909bff-8fa1-4564-9db7-4383cd66360a:c-1]
2019-07-13 14:42:44,690 INFO  client.GrpcClientProtocolClient (GrpcClientProtocolClient.java:onNext(255)) - client-6BD4AE2D7B1B->b0c0c3e2-275c-4107-9f75-d1827b8e1924: receive RaftClientReply:client-6BD4AE2D7B1B->b0c0c3e2-275c-4107-9f75-d1827b8e1924@group-5709E0039CCC, cid=17, SUCCESS, logIndex=1, commits[b0c0c3e2-275c-4107-9f75-d1827b8e1924:c1, d37845be-7bdd-4fdf-a74e-f0fdeb4f99ea:c0, 5a909bff-8fa1-4564-9db7-4383cd66360a:c0]
2019-07-13 14:42:44,743 INFO  client.GrpcClientProtocolClient (GrpcClientProtocolClient.java:onNext(255)) - client-6BD4AE2D7B1B->b0c0c3e2-275c-4107-9f75-d1827b8e1924: receive RaftClientReply:client-6BD4AE2D7B1B->b0c0c3e2-275c-4107-9f75-d1827b8e1924@group-5709E0039CCC, cid=18, SUCCESS, logIndex=3, commits[b0c0c3e2-275c-4107-9f75-d1827b8e1924:c8, d37845be-7bdd-4fdf-a74e-f0fdeb4f99ea:c6, 5a909bff-8fa1-4564-9db7-4383cd66360a:c6]
2019-07-13 14:42:44,749 INFO  client.GrpcClientProtocolClient (GrpcClientProtocolClient.java:onNext(255)) - client-6BD4AE2D7B1B->b0c0c3e2-275c-4107-9f75-d1827b8e1924: receive RaftClientReply:client-6BD4AE2D7B1B->b0c0c3e2-275c-4107-9f75-d1827b8e1924@group-5709E0039CCC, cid=19, SUCCESS, logIndex=5, commits[b0c0c3e2-275c-4107-9f75-d1827b8e1924:c8, d37845be-7bdd-4fdf-a74e-f0fdeb4f99ea:c6, 5a909bff-8fa1-4564-9db7-4383cd66360a:c6]
2019-07-13 14:42:44,792 INFO  client.GrpcClientProtocolClient (GrpcClientProtocolClient.java:onNext(255)) - client-6BD4AE2D7B1B->b0c0c3e2-275c-4107-9f75-d1827b8e1924: receive RaftClientReply:client-6BD4AE2D7B1B->b0c0c3e2-275c-4107-9f75-d1827b8e1924@group-5709E0039CCC, cid=20, SUCCESS, logIndex=6, commits[b0c0c3e2-275c-4107-9f75-d1827b8e1924:c8, d37845be-7bdd-4fdf-a74e-f0fdeb4f99ea:c6, 5a909bff-8fa1-4564-9db7-4383cd66360a:c6]
2019-07-13 14:42:44,867 INFO  pipeline.Pipeline (Pipeline.java:getProtobufMessage(195)) - Serialize pipeline PipelineID=50590dc0-ee65-486c-b87e-5709e0039ccc with nodesInOrder{ }
2019-07-13 14:42:44,868 INFO  pipeline.Pipeline (Pipeline.java:build(342)) - Deserialize nodesInOrder [5a909bff-8fa1-4564-9db7-4383cd66360a{ip: 192.168.5.172, host: trunk-nightly-mhs6z-4061744966, networkLocation: /default-rack, certSerialId: null}, 5a909bff-8fa1-4564-9db7-4383cd66360a{ip: 192.168.5.172, host: trunk-nightly-mhs6z-4061744966, networkLocation: /default-rack, certSerialId: null}, 5a909bff-8fa1-4564-9db7-4383cd66360a{ip: 192.168.5.172, host: trunk-nightly-mhs6z-4061744966, networkLocation: /default-rack, certSerialId: null}] in pipeline PipelineID=50590dc0-ee65-486c-b87e-5709e0039ccc
]]></system-out>
    <system-err><![CDATA[ERROR StatusLogger No Log4j 2 configuration file found. Using default configuration (logging only errors to the console), or user programmatically provided configurations. Set system property 'log4j2.debug' to show Log4j 2 internal initialization logging. See https://logging.apache.org/log4j/2.x/manual/configuration.html for instructions on how to configure Log4j 2
Jul 13, 2019 2:42:30 PM com.sun.jersey.server.impl.application.WebApplicationImpl _initiate
INFO: Initiating Jersey application, version 'Jersey: 1.19 02/11/2015 03:25 AM'
Jul 13, 2019 2:42:31 PM com.sun.jersey.server.impl.application.WebApplicationImpl _initiate
INFO: Initiating Jersey application, version 'Jersey: 1.19 02/11/2015 03:25 AM'
Jul 13, 2019 2:42:31 PM com.sun.jersey.server.impl.application.WebApplicationImpl _initiate
INFO: Initiating Jersey application, version 'Jersey: 1.19 02/11/2015 03:25 AM'
Jul 13, 2019 2:42:31 PM com.sun.jersey.server.impl.application.WebApplicationImpl _initiate
INFO: Initiating Jersey application, version 'Jersey: 1.19 02/11/2015 03:25 AM'
Jul 13, 2019 2:42:31 PM com.sun.jersey.server.impl.application.WebApplicationImpl _initiate
INFO: Initiating Jersey application, version 'Jersey: 1.19 02/11/2015 03:25 AM'
Jul 13, 2019 2:42:31 PM com.sun.jersey.server.impl.application.WebApplicationImpl _initiate
INFO: Initiating Jersey application, version 'Jersey: 1.19 02/11/2015 03:25 AM'
Jul 13, 2019 2:42:32 PM com.sun.jersey.server.impl.application.WebApplicationImpl _initiate
INFO: Initiating Jersey application, version 'Jersey: 1.19 02/11/2015 03:25 AM'
]]></system-err>
  </testcase>
  <testcase name="testBlockWritesWithFlushAndClose" classname="org.apache.hadoop.ozone.client.rpc.TestCloseContainerHandlingByClient" time="2.847">
    <error type="java.lang.IllegalArgumentException">java.lang.IllegalArgumentException
	at com.google.common.base.Preconditions.checkArgument(Preconditions.java:72)
	at org.apache.hadoop.hdds.scm.XceiverClientManager.acquireClient(XceiverClientManager.java:150)
	at org.apache.hadoop.hdds.scm.XceiverClientManager.acquireClientForReadData(XceiverClientManager.java:143)
	at org.apache.hadoop.hdds.scm.storage.BlockInputStream.getChunkInfos(BlockInputStream.java:154)
	at org.apache.hadoop.hdds.scm.storage.BlockInputStream.initialize(BlockInputStream.java:118)
	at org.apache.hadoop.hdds.scm.storage.BlockInputStream.read(BlockInputStream.java:222)
	at org.apache.hadoop.ozone.client.io.KeyInputStream.read(KeyInputStream.java:171)
	at org.apache.hadoop.ozone.client.io.OzoneInputStream.read(OzoneInputStream.java:47)
	at java.io.InputStream.read(InputStream.java:101)
	at org.apache.hadoop.ozone.container.ContainerTestHelper.validateData(ContainerTestHelper.java:709)
	at org.apache.hadoop.ozone.client.rpc.TestCloseContainerHandlingByClient.validateData(TestCloseContainerHandlingByClient.java:401)
	at org.apache.hadoop.ozone.client.rpc.TestCloseContainerHandlingByClient.testBlockWritesWithFlushAndClose(TestCloseContainerHandlingByClient.java:150)
	at sun.reflect.NativeMethodAccessorImpl.invoke0(Native Method)
	at sun.reflect.NativeMethodAccessorImpl.invoke(NativeMethodAccessorImpl.java:62)
	at sun.reflect.DelegatingMethodAccessorImpl.invoke(DelegatingMethodAccessorImpl.java:43)
	at java.lang.reflect.Method.invoke(Method.java:498)
	at org.junit.runners.model.FrameworkMethod$1.runReflectiveCall(FrameworkMethod.java:47)
	at org.junit.internal.runners.model.ReflectiveCallable.run(ReflectiveCallable.java:12)
	at org.junit.runners.model.FrameworkMethod.invokeExplosively(FrameworkMethod.java:44)
	at org.junit.internal.runners.statements.InvokeMethod.evaluate(InvokeMethod.java:17)
	at org.junit.runners.ParentRunner.runLeaf(ParentRunner.java:271)
	at org.junit.runners.BlockJUnit4ClassRunner.runChild(BlockJUnit4ClassRunner.java:70)
	at org.junit.runners.BlockJUnit4ClassRunner.runChild(BlockJUnit4ClassRunner.java:50)
	at org.junit.runners.ParentRunner$3.run(ParentRunner.java:238)
	at org.junit.runners.ParentRunner$1.schedule(ParentRunner.java:63)
	at org.junit.runners.ParentRunner.runChildren(ParentRunner.java:236)
	at org.junit.runners.ParentRunner.access$000(ParentRunner.java:53)
	at org.junit.runners.ParentRunner$2.evaluate(ParentRunner.java:229)
	at org.junit.internal.runners.statements.RunBefores.evaluate(RunBefores.java:26)
	at org.junit.internal.runners.statements.RunAfters.evaluate(RunAfters.java:27)
	at org.junit.runners.ParentRunner.run(ParentRunner.java:309)
	at org.apache.maven.surefire.junit4.JUnit4Provider.execute(JUnit4Provider.java:365)
	at org.apache.maven.surefire.junit4.JUnit4Provider.executeWithRerun(JUnit4Provider.java:273)
	at org.apache.maven.surefire.junit4.JUnit4Provider.executeTestSet(JUnit4Provider.java:238)
	at org.apache.maven.surefire.junit4.JUnit4Provider.invoke(JUnit4Provider.java:159)
	at org.apache.maven.surefire.booter.ForkedBooter.invokeProviderInSameClassLoader(ForkedBooter.java:384)
	at org.apache.maven.surefire.booter.ForkedBooter.runSuitesInProcess(ForkedBooter.java:345)
	at org.apache.maven.surefire.booter.ForkedBooter.execute(ForkedBooter.java:126)
	at org.apache.maven.surefire.booter.ForkedBooter.main(ForkedBooter.java:418)
</error>
    <system-out><![CDATA[2019-07-13 14:42:45,070 INFO  client.GrpcClientProtocolClient (GrpcClientProtocolClient.java:onNext(255)) - client-6BD4AE2D7B1B->b0c0c3e2-275c-4107-9f75-d1827b8e1924: receive RaftClientReply:client-6BD4AE2D7B1B->b0c0c3e2-275c-4107-9f75-d1827b8e1924@group-5709E0039CCC, cid=21, SUCCESS, logIndex=9, commits[b0c0c3e2-275c-4107-9f75-d1827b8e1924:c10, d37845be-7bdd-4fdf-a74e-f0fdeb4f99ea:c8, 5a909bff-8fa1-4564-9db7-4383cd66360a:c8]
2019-07-13 14:42:45,103 INFO  client.GrpcClientProtocolClient (GrpcClientProtocolClient.java:onNext(255)) - client-6BD4AE2D7B1B->b0c0c3e2-275c-4107-9f75-d1827b8e1924: receive RaftClientReply:client-6BD4AE2D7B1B->b0c0c3e2-275c-4107-9f75-d1827b8e1924@group-5709E0039CCC, cid=22, SUCCESS, logIndex=10, commits[b0c0c3e2-275c-4107-9f75-d1827b8e1924:c12, d37845be-7bdd-4fdf-a74e-f0fdeb4f99ea:c10, 5a909bff-8fa1-4564-9db7-4383cd66360a:c10]
2019-07-13 14:42:45,463 INFO  container.CloseContainerEventHandler (CloseContainerEventHandler.java:onMessage(61)) - Close container Event triggered for container : #3
2019-07-13 14:42:45,463 INFO  container.CloseContainerEventHandler (CloseContainerEventHandler.java:onMessage(61)) - Close container Event triggered for container : #3
2019-07-13 14:42:45,464 INFO  container.CloseContainerEventHandler (CloseContainerEventHandler.java:onMessage(61)) - Close container Event triggered for container : #3
2019-07-13 14:42:47,246 INFO  interfaces.Container (KeyValueContainer.java:compactDB(356)) - Container 3 is closed with bcsId 10.
2019-07-13 14:42:47,254 INFO  interfaces.Container (KeyValueContainer.java:compactDB(356)) - Container 3 is closed with bcsId 10.
2019-07-13 14:42:47,259 INFO  interfaces.Container (KeyValueContainer.java:compactDB(356)) - Container 3 is closed with bcsId 10.
14:42:47.480 [grpc-default-executor-3] ERROR DNAudit - user=null | ip=null | op=WRITE_CHUNK {blockData=conID: 3 locID: 102434666247356420 bcsId: 10} | ret=FAILURE
org.apache.hadoop.hdds.scm.container.common.helpers.ContainerNotOpenException: Container 3 in CLOSED state
	at org.apache.hadoop.ozone.container.common.impl.HddsDispatcher.validateContainerCommand(HddsDispatcher.java:408) ~[hadoop-hdds-container-service-0.5.0-SNAPSHOT.jar:?]
	at org.apache.hadoop.ozone.container.common.transport.server.ratis.ContainerStateMachine.startTransaction(ContainerStateMachine.java:271) ~[hadoop-hdds-container-service-0.5.0-SNAPSHOT.jar:?]
	at org.apache.ratis.server.impl.RaftServerImpl.submitClientRequestAsync(RaftServerImpl.java:566) ~[ratis-server-0.4.0-2337318-SNAPSHOT.jar:0.4.0-2337318-SNAPSHOT]
	at org.apache.ratis.server.impl.RaftServerProxy.lambda$submitClientRequestAsync$7(RaftServerProxy.java:333) ~[ratis-server-0.4.0-2337318-SNAPSHOT.jar:0.4.0-2337318-SNAPSHOT]
	at org.apache.ratis.server.impl.RaftServerProxy.lambda$null$5(RaftServerProxy.java:328) ~[ratis-server-0.4.0-2337318-SNAPSHOT.jar:0.4.0-2337318-SNAPSHOT]
	at org.apache.ratis.util.JavaUtils.callAsUnchecked(JavaUtils.java:109) ~[ratis-common-0.4.0-2337318-SNAPSHOT.jar:0.4.0-2337318-SNAPSHOT]
	at org.apache.ratis.server.impl.RaftServerProxy.lambda$submitRequest$6(RaftServerProxy.java:328) ~[ratis-server-0.4.0-2337318-SNAPSHOT.jar:0.4.0-2337318-SNAPSHOT]
	at java.util.concurrent.CompletableFuture.uniComposeStage(CompletableFuture.java:981) ~[?:1.8.0_212]
	at java.util.concurrent.CompletableFuture.thenCompose(CompletableFuture.java:2124) ~[?:1.8.0_212]
	at org.apache.ratis.server.impl.RaftServerProxy.submitRequest(RaftServerProxy.java:327) ~[ratis-server-0.4.0-2337318-SNAPSHOT.jar:0.4.0-2337318-SNAPSHOT]
	at org.apache.ratis.server.impl.RaftServerProxy.submitClientRequestAsync(RaftServerProxy.java:333) ~[ratis-server-0.4.0-2337318-SNAPSHOT.jar:0.4.0-2337318-SNAPSHOT]
	at org.apache.ratis.grpc.client.GrpcClientProtocolService$RequestStreamObserver.processClientRequest(GrpcClientProtocolService.java:220) ~[ratis-grpc-0.4.0-2337318-SNAPSHOT.jar:0.4.0-2337318-SNAPSHOT]
	at org.apache.ratis.grpc.client.GrpcClientProtocolService$OrderedRequestStreamObserver.processClientRequest(GrpcClientProtocolService.java:326) ~[ratis-grpc-0.4.0-2337318-SNAPSHOT.jar:0.4.0-2337318-SNAPSHOT]
	at org.apache.ratis.util.SlidingWindow$Server.processRequestsFromHead(SlidingWindow.java:429) [ratis-common-0.4.0-2337318-SNAPSHOT.jar:0.4.0-2337318-SNAPSHOT]
	at org.apache.ratis.util.SlidingWindow$Server.receivedRequest(SlidingWindow.java:421) [ratis-common-0.4.0-2337318-SNAPSHOT.jar:0.4.0-2337318-SNAPSHOT]
	at org.apache.ratis.grpc.client.GrpcClientProtocolService$OrderedRequestStreamObserver.processClientRequest(GrpcClientProtocolService.java:345) [ratis-grpc-0.4.0-2337318-SNAPSHOT.jar:0.4.0-2337318-SNAPSHOT]
	at org.apache.ratis.grpc.client.GrpcClientProtocolService$RequestStreamObserver.onNext(GrpcClientProtocolService.java:240) [ratis-grpc-0.4.0-2337318-SNAPSHOT.jar:0.4.0-2337318-SNAPSHOT]
	at org.apache.ratis.grpc.client.GrpcClientProtocolService$RequestStreamObserver.onNext(GrpcClientProtocolService.java:168) [ratis-grpc-0.4.0-2337318-SNAPSHOT.jar:0.4.0-2337318-SNAPSHOT]
	at org.apache.ratis.thirdparty.io.grpc.stub.ServerCalls$StreamingServerCallHandler$StreamingServerCallListener.onMessage(ServerCalls.java:248) [ratis-thirdparty-misc-0.2.0.jar:0.2.0]
	at org.apache.ratis.thirdparty.io.grpc.internal.ServerCallImpl$ServerStreamListenerImpl.messagesAvailable(ServerCallImpl.java:263) [ratis-thirdparty-misc-0.2.0.jar:0.2.0]
	at org.apache.ratis.thirdparty.io.grpc.internal.ServerImpl$JumpToApplicationThreadServerStreamListener$1MessagesAvailable.runInContext(ServerImpl.java:686) [ratis-thirdparty-misc-0.2.0.jar:0.2.0]
	at org.apache.ratis.thirdparty.io.grpc.internal.ContextRunnable.run(ContextRunnable.java:37) [ratis-thirdparty-misc-0.2.0.jar:0.2.0]
	at org.apache.ratis.thirdparty.io.grpc.internal.SerializingExecutor.run(SerializingExecutor.java:123) [ratis-thirdparty-misc-0.2.0.jar:0.2.0]
	at java.util.concurrent.ThreadPoolExecutor.runWorker(ThreadPoolExecutor.java:1149) [?:1.8.0_212]
	at java.util.concurrent.ThreadPoolExecutor$Worker.run(ThreadPoolExecutor.java:624) [?:1.8.0_212]
	at java.lang.Thread.run(Thread.java:748) [?:1.8.0_212]
14:42:47.494 [grpc-default-executor-3] ERROR DNAudit - user=null | ip=null | op=PUT_BLOCK {blockData=[blockId=conID: 3 locID: 102434666247356420 bcsId: 0,size=2097152]} | ret=FAILURE
org.apache.hadoop.hdds.scm.container.common.helpers.ContainerNotOpenException: Container 3 in CLOSED state
	at org.apache.hadoop.ozone.container.common.impl.HddsDispatcher.validateContainerCommand(HddsDispatcher.java:408) ~[hadoop-hdds-container-service-0.5.0-SNAPSHOT.jar:?]
	at org.apache.hadoop.ozone.container.common.transport.server.ratis.ContainerStateMachine.startTransaction(ContainerStateMachine.java:271) ~[hadoop-hdds-container-service-0.5.0-SNAPSHOT.jar:?]
	at org.apache.ratis.server.impl.RaftServerImpl.submitClientRequestAsync(RaftServerImpl.java:566) ~[ratis-server-0.4.0-2337318-SNAPSHOT.jar:0.4.0-2337318-SNAPSHOT]
	at org.apache.ratis.server.impl.RaftServerProxy.lambda$submitClientRequestAsync$7(RaftServerProxy.java:333) ~[ratis-server-0.4.0-2337318-SNAPSHOT.jar:0.4.0-2337318-SNAPSHOT]
	at org.apache.ratis.server.impl.RaftServerProxy.lambda$null$5(RaftServerProxy.java:328) ~[ratis-server-0.4.0-2337318-SNAPSHOT.jar:0.4.0-2337318-SNAPSHOT]
	at org.apache.ratis.util.JavaUtils.callAsUnchecked(JavaUtils.java:109) ~[ratis-common-0.4.0-2337318-SNAPSHOT.jar:0.4.0-2337318-SNAPSHOT]
	at org.apache.ratis.server.impl.RaftServerProxy.lambda$submitRequest$6(RaftServerProxy.java:328) ~[ratis-server-0.4.0-2337318-SNAPSHOT.jar:0.4.0-2337318-SNAPSHOT]
	at java.util.concurrent.CompletableFuture.uniComposeStage(CompletableFuture.java:981) ~[?:1.8.0_212]
	at java.util.concurrent.CompletableFuture.thenCompose(CompletableFuture.java:2124) ~[?:1.8.0_212]
	at org.apache.ratis.server.impl.RaftServerProxy.submitRequest(RaftServerProxy.java:327) ~[ratis-server-0.4.0-2337318-SNAPSHOT.jar:0.4.0-2337318-SNAPSHOT]
	at org.apache.ratis.server.impl.RaftServerProxy.submitClientRequestAsync(RaftServerProxy.java:333) ~[ratis-server-0.4.0-2337318-SNAPSHOT.jar:0.4.0-2337318-SNAPSHOT]
	at org.apache.ratis.grpc.client.GrpcClientProtocolService$RequestStreamObserver.processClientRequest(GrpcClientProtocolService.java:220) ~[ratis-grpc-0.4.0-2337318-SNAPSHOT.jar:0.4.0-2337318-SNAPSHOT]
	at org.apache.ratis.grpc.client.GrpcClientProtocolService$OrderedRequestStreamObserver.processClientRequest(GrpcClientProtocolService.java:326) ~[ratis-grpc-0.4.0-2337318-SNAPSHOT.jar:0.4.0-2337318-SNAPSHOT]
	at org.apache.ratis.util.SlidingWindow$Server.processRequestsFromHead(SlidingWindow.java:429) [ratis-common-0.4.0-2337318-SNAPSHOT.jar:0.4.0-2337318-SNAPSHOT]
	at org.apache.ratis.util.SlidingWindow$Server.receivedRequest(SlidingWindow.java:421) [ratis-common-0.4.0-2337318-SNAPSHOT.jar:0.4.0-2337318-SNAPSHOT]
	at org.apache.ratis.grpc.client.GrpcClientProtocolService$OrderedRequestStreamObserver.processClientRequest(GrpcClientProtocolService.java:345) [ratis-grpc-0.4.0-2337318-SNAPSHOT.jar:0.4.0-2337318-SNAPSHOT]
	at org.apache.ratis.grpc.client.GrpcClientProtocolService$RequestStreamObserver.onNext(GrpcClientProtocolService.java:240) [ratis-grpc-0.4.0-2337318-SNAPSHOT.jar:0.4.0-2337318-SNAPSHOT]
	at org.apache.ratis.grpc.client.GrpcClientProtocolService$RequestStreamObserver.onNext(GrpcClientProtocolService.java:168) [ratis-grpc-0.4.0-2337318-SNAPSHOT.jar:0.4.0-2337318-SNAPSHOT]
	at org.apache.ratis.thirdparty.io.grpc.stub.ServerCalls$StreamingServerCallHandler$StreamingServerCallListener.onMessage(ServerCalls.java:248) [ratis-thirdparty-misc-0.2.0.jar:0.2.0]
	at org.apache.ratis.thirdparty.io.grpc.internal.ServerCallImpl$ServerStreamListenerImpl.messagesAvailable(ServerCallImpl.java:263) [ratis-thirdparty-misc-0.2.0.jar:0.2.0]
	at org.apache.ratis.thirdparty.io.grpc.internal.ServerImpl$JumpToApplicationThreadServerStreamListener$1MessagesAvailable.runInContext(ServerImpl.java:686) [ratis-thirdparty-misc-0.2.0.jar:0.2.0]
	at org.apache.ratis.thirdparty.io.grpc.internal.ContextRunnable.run(ContextRunnable.java:37) [ratis-thirdparty-misc-0.2.0.jar:0.2.0]
	at org.apache.ratis.thirdparty.io.grpc.internal.SerializingExecutor.run(SerializingExecutor.java:123) [ratis-thirdparty-misc-0.2.0.jar:0.2.0]
	at java.util.concurrent.ThreadPoolExecutor.runWorker(ThreadPoolExecutor.java:1149) [?:1.8.0_212]
	at java.util.concurrent.ThreadPoolExecutor$Worker.run(ThreadPoolExecutor.java:624) [?:1.8.0_212]
	at java.lang.Thread.run(Thread.java:748) [?:1.8.0_212]
2019-07-13 14:42:47,500 INFO  client.GrpcClientProtocolClient (GrpcClientProtocolClient.java:onNext(255)) - client-6BD4AE2D7B1B->b0c0c3e2-275c-4107-9f75-d1827b8e1924: receive RaftClientReply:client-6BD4AE2D7B1B->b0c0c3e2-275c-4107-9f75-d1827b8e1924@group-5709E0039CCC, cid=23, FAILED org.apache.ratis.protocol.StateMachineException: org.apache.hadoop.hdds.scm.container.common.helpers.ContainerNotOpenException from Server b0c0c3e2-275c-4107-9f75-d1827b8e1924: Container 3 in CLOSED state, logIndex=0, commits[b0c0c3e2-275c-4107-9f75-d1827b8e1924:c14, d37845be-7bdd-4fdf-a74e-f0fdeb4f99ea:c13, 5a909bff-8fa1-4564-9db7-4383cd66360a:c13]
2019-07-13 14:42:47,504 INFO  client.GrpcClientProtocolClient (GrpcClientProtocolClient.java:onNext(255)) - client-6BD4AE2D7B1B->b0c0c3e2-275c-4107-9f75-d1827b8e1924: receive RaftClientReply:client-6BD4AE2D7B1B->b0c0c3e2-275c-4107-9f75-d1827b8e1924@group-5709E0039CCC, cid=24, FAILED org.apache.ratis.protocol.StateMachineException: org.apache.hadoop.hdds.scm.container.common.helpers.ContainerNotOpenException from Server b0c0c3e2-275c-4107-9f75-d1827b8e1924: Container 3 in CLOSED state, logIndex=0, commits[b0c0c3e2-275c-4107-9f75-d1827b8e1924:c14, d37845be-7bdd-4fdf-a74e-f0fdeb4f99ea:c13, 5a909bff-8fa1-4564-9db7-4383cd66360a:c13]
2019-07-13 14:42:47,606 INFO  client.GrpcClientProtocolClient (GrpcClientProtocolClient.java:onNext(255)) - client-6BD4AE2D7B1B->b0c0c3e2-275c-4107-9f75-d1827b8e1924: receive RaftClientReply:client-6BD4AE2D7B1B->b0c0c3e2-275c-4107-9f75-d1827b8e1924@group-5709E0039CCC, cid=25, SUCCESS, logIndex=15, commits[b0c0c3e2-275c-4107-9f75-d1827b8e1924:c18, d37845be-7bdd-4fdf-a74e-f0fdeb4f99ea:c14, 5a909bff-8fa1-4564-9db7-4383cd66360a:c14]
2019-07-13 14:42:47,635 INFO  client.GrpcClientProtocolClient (GrpcClientProtocolClient.java:onNext(255)) - client-6BD4AE2D7B1B->b0c0c3e2-275c-4107-9f75-d1827b8e1924: receive RaftClientReply:client-6BD4AE2D7B1B->b0c0c3e2-275c-4107-9f75-d1827b8e1924@group-5709E0039CCC, cid=26, SUCCESS, logIndex=16, commits[b0c0c3e2-275c-4107-9f75-d1827b8e1924:c21, d37845be-7bdd-4fdf-a74e-f0fdeb4f99ea:c18, 5a909bff-8fa1-4564-9db7-4383cd66360a:c18]
2019-07-13 14:42:47,637 INFO  client.GrpcClientProtocolClient (GrpcClientProtocolClient.java:onNext(255)) - client-6BD4AE2D7B1B->b0c0c3e2-275c-4107-9f75-d1827b8e1924: receive RaftClientReply:client-6BD4AE2D7B1B->b0c0c3e2-275c-4107-9f75-d1827b8e1924@group-5709E0039CCC, cid=27, SUCCESS, logIndex=17, commits[b0c0c3e2-275c-4107-9f75-d1827b8e1924:c21, d37845be-7bdd-4fdf-a74e-f0fdeb4f99ea:c18, 5a909bff-8fa1-4564-9db7-4383cd66360a:c18]
2019-07-13 14:42:47,694 INFO  client.GrpcClientProtocolClient (GrpcClientProtocolClient.java:onNext(255)) - client-6BD4AE2D7B1B->b0c0c3e2-275c-4107-9f75-d1827b8e1924: receive RaftClientReply:client-6BD4AE2D7B1B->b0c0c3e2-275c-4107-9f75-d1827b8e1924@group-5709E0039CCC, cid=28, SUCCESS, logIndex=18, commits[b0c0c3e2-275c-4107-9f75-d1827b8e1924:c21, d37845be-7bdd-4fdf-a74e-f0fdeb4f99ea:c18, 5a909bff-8fa1-4564-9db7-4383cd66360a:c18]
2019-07-13 14:42:47,739 INFO  pipeline.Pipeline (Pipeline.java:getProtobufMessage(195)) - Serialize pipeline PipelineID=50590dc0-ee65-486c-b87e-5709e0039ccc with nodesInOrder{ }
2019-07-13 14:42:47,745 INFO  pipeline.Pipeline (Pipeline.java:build(342)) - Deserialize nodesInOrder [5a909bff-8fa1-4564-9db7-4383cd66360a{ip: 192.168.5.172, host: trunk-nightly-mhs6z-4061744966, networkLocation: /default-rack, certSerialId: null}, 5a909bff-8fa1-4564-9db7-4383cd66360a{ip: 192.168.5.172, host: trunk-nightly-mhs6z-4061744966, networkLocation: /default-rack, certSerialId: null}, 5a909bff-8fa1-4564-9db7-4383cd66360a{ip: 192.168.5.172, host: trunk-nightly-mhs6z-4061744966, networkLocation: /default-rack, certSerialId: null}] in pipeline PipelineID=50590dc0-ee65-486c-b87e-5709e0039ccc
]]></system-out>
  </testcase>
  <testcase name="testBlockWritesCloseConsistency" classname="org.apache.hadoop.ozone.client.rpc.TestCloseContainerHandlingByClient" time="2.75">
    <error type="java.lang.IllegalArgumentException">java.lang.IllegalArgumentException
	at com.google.common.base.Preconditions.checkArgument(Preconditions.java:72)
	at org.apache.hadoop.hdds.scm.XceiverClientManager.acquireClient(XceiverClientManager.java:150)
	at org.apache.hadoop.hdds.scm.XceiverClientManager.acquireClientForReadData(XceiverClientManager.java:143)
	at org.apache.hadoop.hdds.scm.storage.BlockInputStream.getChunkInfos(BlockInputStream.java:154)
	at org.apache.hadoop.hdds.scm.storage.BlockInputStream.initialize(BlockInputStream.java:118)
	at org.apache.hadoop.hdds.scm.storage.BlockInputStream.read(BlockInputStream.java:222)
	at org.apache.hadoop.ozone.client.io.KeyInputStream.read(KeyInputStream.java:171)
	at org.apache.hadoop.ozone.client.io.OzoneInputStream.read(OzoneInputStream.java:47)
	at java.io.InputStream.read(InputStream.java:101)
	at org.apache.hadoop.ozone.container.ContainerTestHelper.validateData(ContainerTestHelper.java:709)
	at org.apache.hadoop.ozone.client.rpc.TestCloseContainerHandlingByClient.validateData(TestCloseContainerHandlingByClient.java:401)
	at org.apache.hadoop.ozone.client.rpc.TestCloseContainerHandlingByClient.testBlockWritesCloseConsistency(TestCloseContainerHandlingByClient.java:178)
	at sun.reflect.NativeMethodAccessorImpl.invoke0(Native Method)
	at sun.reflect.NativeMethodAccessorImpl.invoke(NativeMethodAccessorImpl.java:62)
	at sun.reflect.DelegatingMethodAccessorImpl.invoke(DelegatingMethodAccessorImpl.java:43)
	at java.lang.reflect.Method.invoke(Method.java:498)
	at org.junit.runners.model.FrameworkMethod$1.runReflectiveCall(FrameworkMethod.java:47)
	at org.junit.internal.runners.model.ReflectiveCallable.run(ReflectiveCallable.java:12)
	at org.junit.runners.model.FrameworkMethod.invokeExplosively(FrameworkMethod.java:44)
	at org.junit.internal.runners.statements.InvokeMethod.evaluate(InvokeMethod.java:17)
	at org.junit.runners.ParentRunner.runLeaf(ParentRunner.java:271)
	at org.junit.runners.BlockJUnit4ClassRunner.runChild(BlockJUnit4ClassRunner.java:70)
	at org.junit.runners.BlockJUnit4ClassRunner.runChild(BlockJUnit4ClassRunner.java:50)
	at org.junit.runners.ParentRunner$3.run(ParentRunner.java:238)
	at org.junit.runners.ParentRunner$1.schedule(ParentRunner.java:63)
	at org.junit.runners.ParentRunner.runChildren(ParentRunner.java:236)
	at org.junit.runners.ParentRunner.access$000(ParentRunner.java:53)
	at org.junit.runners.ParentRunner$2.evaluate(ParentRunner.java:229)
	at org.junit.internal.runners.statements.RunBefores.evaluate(RunBefores.java:26)
	at org.junit.internal.runners.statements.RunAfters.evaluate(RunAfters.java:27)
	at org.junit.runners.ParentRunner.run(ParentRunner.java:309)
	at org.apache.maven.surefire.junit4.JUnit4Provider.execute(JUnit4Provider.java:365)
	at org.apache.maven.surefire.junit4.JUnit4Provider.executeWithRerun(JUnit4Provider.java:273)
	at org.apache.maven.surefire.junit4.JUnit4Provider.executeTestSet(JUnit4Provider.java:238)
	at org.apache.maven.surefire.junit4.JUnit4Provider.invoke(JUnit4Provider.java:159)
	at org.apache.maven.surefire.booter.ForkedBooter.invokeProviderInSameClassLoader(ForkedBooter.java:384)
	at org.apache.maven.surefire.booter.ForkedBooter.runSuitesInProcess(ForkedBooter.java:345)
	at org.apache.maven.surefire.booter.ForkedBooter.execute(ForkedBooter.java:126)
	at org.apache.maven.surefire.booter.ForkedBooter.main(ForkedBooter.java:418)
</error>
    <system-out><![CDATA[2019-07-13 14:42:47,822 INFO  client.GrpcClientProtocolClient (GrpcClientProtocolClient.java:onNext(255)) - client-EAC7F388D919->3a2aa442-1699-4b5e-852f-43b5b83fc5be: receive RaftClientReply:client-EAC7F388D919->3a2aa442-1699-4b5e-852f-43b5b83fc5be@group-3D1635778A27, cid=29, FAILED org.apache.ratis.protocol.NotLeaderException: Server 3a2aa442-1699-4b5e-852f-43b5b83fc5be is not the leader (71b53168-5f95-4a1a-bad4-07e11f6dba72:192.168.5.172:35257). Request must be sent to leader., logIndex=0, commits[3a2aa442-1699-4b5e-852f-43b5b83fc5be:c6, 385e556a-2d1f-4a54-b566-fc4fd79f227c:c5, 71b53168-5f95-4a1a-bad4-07e11f6dba72:c6]
2019-07-13 14:42:47,957 INFO  client.GrpcClientProtocolClient (GrpcClientProtocolClient.java:onNext(255)) - client-EAC7F388D919->71b53168-5f95-4a1a-bad4-07e11f6dba72: receive RaftClientReply:client-EAC7F388D919->71b53168-5f95-4a1a-bad4-07e11f6dba72@group-3D1635778A27, cid=29, SUCCESS, logIndex=7, commits[71b53168-5f95-4a1a-bad4-07e11f6dba72:c7, 3a2aa442-1699-4b5e-852f-43b5b83fc5be:c6, 385e556a-2d1f-4a54-b566-fc4fd79f227c:c6]
2019-07-13 14:42:48,011 INFO  client.GrpcClientProtocolClient (GrpcClientProtocolClient.java:onNext(255)) - client-EAC7F388D919->71b53168-5f95-4a1a-bad4-07e11f6dba72: receive RaftClientReply:client-EAC7F388D919->71b53168-5f95-4a1a-bad4-07e11f6dba72@group-3D1635778A27, cid=30, SUCCESS, logIndex=9, commits[71b53168-5f95-4a1a-bad4-07e11f6dba72:c10, 3a2aa442-1699-4b5e-852f-43b5b83fc5be:c9, 385e556a-2d1f-4a54-b566-fc4fd79f227c:c9]
2019-07-13 14:42:48,309 INFO  container.CloseContainerEventHandler (CloseContainerEventHandler.java:onMessage(61)) - Close container Event triggered for container : #5
2019-07-13 14:42:48,322 INFO  container.CloseContainerEventHandler (CloseContainerEventHandler.java:onMessage(61)) - Close container Event triggered for container : #5
2019-07-13 14:42:48,323 INFO  container.CloseContainerEventHandler (CloseContainerEventHandler.java:onMessage(61)) - Close container Event triggered for container : #5
2019-07-13 14:42:49,968 INFO  interfaces.Container (KeyValueContainer.java:compactDB(356)) - Container 5 is closed with bcsId 9.
2019-07-13 14:42:49,975 INFO  interfaces.Container (KeyValueContainer.java:compactDB(356)) - Container 5 is closed with bcsId 9.
2019-07-13 14:42:49,980 INFO  interfaces.Container (KeyValueContainer.java:compactDB(356)) - Container 5 is closed with bcsId 9.
14:42:50.316 [grpc-default-executor-3] ERROR DNAudit - user=null | ip=null | op=WRITE_CHUNK {blockData=conID: 5 locID: 102434666432692231 bcsId: 9} | ret=FAILURE
org.apache.hadoop.hdds.scm.container.common.helpers.ContainerNotOpenException: Container 5 in CLOSED state
	at org.apache.hadoop.ozone.container.common.impl.HddsDispatcher.validateContainerCommand(HddsDispatcher.java:408) ~[hadoop-hdds-container-service-0.5.0-SNAPSHOT.jar:?]
	at org.apache.hadoop.ozone.container.common.transport.server.ratis.ContainerStateMachine.startTransaction(ContainerStateMachine.java:271) ~[hadoop-hdds-container-service-0.5.0-SNAPSHOT.jar:?]
	at org.apache.ratis.server.impl.RaftServerImpl.submitClientRequestAsync(RaftServerImpl.java:566) ~[ratis-server-0.4.0-2337318-SNAPSHOT.jar:0.4.0-2337318-SNAPSHOT]
	at org.apache.ratis.server.impl.RaftServerProxy.lambda$submitClientRequestAsync$7(RaftServerProxy.java:333) ~[ratis-server-0.4.0-2337318-SNAPSHOT.jar:0.4.0-2337318-SNAPSHOT]
	at org.apache.ratis.server.impl.RaftServerProxy.lambda$null$5(RaftServerProxy.java:328) ~[ratis-server-0.4.0-2337318-SNAPSHOT.jar:0.4.0-2337318-SNAPSHOT]
	at org.apache.ratis.util.JavaUtils.callAsUnchecked(JavaUtils.java:109) ~[ratis-common-0.4.0-2337318-SNAPSHOT.jar:0.4.0-2337318-SNAPSHOT]
	at org.apache.ratis.server.impl.RaftServerProxy.lambda$submitRequest$6(RaftServerProxy.java:328) ~[ratis-server-0.4.0-2337318-SNAPSHOT.jar:0.4.0-2337318-SNAPSHOT]
	at java.util.concurrent.CompletableFuture.uniComposeStage(CompletableFuture.java:981) ~[?:1.8.0_212]
	at java.util.concurrent.CompletableFuture.thenCompose(CompletableFuture.java:2124) ~[?:1.8.0_212]
	at org.apache.ratis.server.impl.RaftServerProxy.submitRequest(RaftServerProxy.java:327) ~[ratis-server-0.4.0-2337318-SNAPSHOT.jar:0.4.0-2337318-SNAPSHOT]
	at org.apache.ratis.server.impl.RaftServerProxy.submitClientRequestAsync(RaftServerProxy.java:333) ~[ratis-server-0.4.0-2337318-SNAPSHOT.jar:0.4.0-2337318-SNAPSHOT]
	at org.apache.ratis.grpc.client.GrpcClientProtocolService$RequestStreamObserver.processClientRequest(GrpcClientProtocolService.java:220) ~[ratis-grpc-0.4.0-2337318-SNAPSHOT.jar:0.4.0-2337318-SNAPSHOT]
	at org.apache.ratis.grpc.client.GrpcClientProtocolService$OrderedRequestStreamObserver.processClientRequest(GrpcClientProtocolService.java:326) ~[ratis-grpc-0.4.0-2337318-SNAPSHOT.jar:0.4.0-2337318-SNAPSHOT]
	at org.apache.ratis.util.SlidingWindow$Server.processRequestsFromHead(SlidingWindow.java:429) [ratis-common-0.4.0-2337318-SNAPSHOT.jar:0.4.0-2337318-SNAPSHOT]
	at org.apache.ratis.util.SlidingWindow$Server.receivedRequest(SlidingWindow.java:421) [ratis-common-0.4.0-2337318-SNAPSHOT.jar:0.4.0-2337318-SNAPSHOT]
	at org.apache.ratis.grpc.client.GrpcClientProtocolService$OrderedRequestStreamObserver.processClientRequest(GrpcClientProtocolService.java:345) [ratis-grpc-0.4.0-2337318-SNAPSHOT.jar:0.4.0-2337318-SNAPSHOT]
	at org.apache.ratis.grpc.client.GrpcClientProtocolService$RequestStreamObserver.onNext(GrpcClientProtocolService.java:240) [ratis-grpc-0.4.0-2337318-SNAPSHOT.jar:0.4.0-2337318-SNAPSHOT]
	at org.apache.ratis.grpc.client.GrpcClientProtocolService$RequestStreamObserver.onNext(GrpcClientProtocolService.java:168) [ratis-grpc-0.4.0-2337318-SNAPSHOT.jar:0.4.0-2337318-SNAPSHOT]
	at org.apache.ratis.thirdparty.io.grpc.stub.ServerCalls$StreamingServerCallHandler$StreamingServerCallListener.onMessage(ServerCalls.java:248) [ratis-thirdparty-misc-0.2.0.jar:0.2.0]
	at org.apache.ratis.thirdparty.io.grpc.internal.ServerCallImpl$ServerStreamListenerImpl.messagesAvailable(ServerCallImpl.java:263) [ratis-thirdparty-misc-0.2.0.jar:0.2.0]
	at org.apache.ratis.thirdparty.io.grpc.internal.ServerImpl$JumpToApplicationThreadServerStreamListener$1MessagesAvailable.runInContext(ServerImpl.java:686) [ratis-thirdparty-misc-0.2.0.jar:0.2.0]
	at org.apache.ratis.thirdparty.io.grpc.internal.ContextRunnable.run(ContextRunnable.java:37) [ratis-thirdparty-misc-0.2.0.jar:0.2.0]
	at org.apache.ratis.thirdparty.io.grpc.internal.SerializingExecutor.run(SerializingExecutor.java:123) [ratis-thirdparty-misc-0.2.0.jar:0.2.0]
	at java.util.concurrent.ThreadPoolExecutor.runWorker(ThreadPoolExecutor.java:1149) [?:1.8.0_212]
	at java.util.concurrent.ThreadPoolExecutor$Worker.run(ThreadPoolExecutor.java:624) [?:1.8.0_212]
	at java.lang.Thread.run(Thread.java:748) [?:1.8.0_212]
14:42:50.329 [grpc-default-executor-3] ERROR DNAudit - user=null | ip=null | op=PUT_BLOCK {blockData=[blockId=conID: 5 locID: 102434666432692231 bcsId: 0,size=1572864]} | ret=FAILURE
org.apache.hadoop.hdds.scm.container.common.helpers.ContainerNotOpenException: Container 5 in CLOSED state
	at org.apache.hadoop.ozone.container.common.impl.HddsDispatcher.validateContainerCommand(HddsDispatcher.java:408) ~[hadoop-hdds-container-service-0.5.0-SNAPSHOT.jar:?]
	at org.apache.hadoop.ozone.container.common.transport.server.ratis.ContainerStateMachine.startTransaction(ContainerStateMachine.java:271) ~[hadoop-hdds-container-service-0.5.0-SNAPSHOT.jar:?]
	at org.apache.ratis.server.impl.RaftServerImpl.submitClientRequestAsync(RaftServerImpl.java:566) ~[ratis-server-0.4.0-2337318-SNAPSHOT.jar:0.4.0-2337318-SNAPSHOT]
	at org.apache.ratis.server.impl.RaftServerProxy.lambda$submitClientRequestAsync$7(RaftServerProxy.java:333) ~[ratis-server-0.4.0-2337318-SNAPSHOT.jar:0.4.0-2337318-SNAPSHOT]
	at org.apache.ratis.server.impl.RaftServerProxy.lambda$null$5(RaftServerProxy.java:328) ~[ratis-server-0.4.0-2337318-SNAPSHOT.jar:0.4.0-2337318-SNAPSHOT]
	at org.apache.ratis.util.JavaUtils.callAsUnchecked(JavaUtils.java:109) ~[ratis-common-0.4.0-2337318-SNAPSHOT.jar:0.4.0-2337318-SNAPSHOT]
	at org.apache.ratis.server.impl.RaftServerProxy.lambda$submitRequest$6(RaftServerProxy.java:328) ~[ratis-server-0.4.0-2337318-SNAPSHOT.jar:0.4.0-2337318-SNAPSHOT]
	at java.util.concurrent.CompletableFuture.uniComposeStage(CompletableFuture.java:981) ~[?:1.8.0_212]
	at java.util.concurrent.CompletableFuture.thenCompose(CompletableFuture.java:2124) ~[?:1.8.0_212]
	at org.apache.ratis.server.impl.RaftServerProxy.submitRequest(RaftServerProxy.java:327) ~[ratis-server-0.4.0-2337318-SNAPSHOT.jar:0.4.0-2337318-SNAPSHOT]
	at org.apache.ratis.server.impl.RaftServerProxy.submitClientRequestAsync(RaftServerProxy.java:333) ~[ratis-server-0.4.0-2337318-SNAPSHOT.jar:0.4.0-2337318-SNAPSHOT]
	at org.apache.ratis.grpc.client.GrpcClientProtocolService$RequestStreamObserver.processClientRequest(GrpcClientProtocolService.java:220) ~[ratis-grpc-0.4.0-2337318-SNAPSHOT.jar:0.4.0-2337318-SNAPSHOT]
	at org.apache.ratis.grpc.client.GrpcClientProtocolService$OrderedRequestStreamObserver.processClientRequest(GrpcClientProtocolService.java:326) ~[ratis-grpc-0.4.0-2337318-SNAPSHOT.jar:0.4.0-2337318-SNAPSHOT]
	at org.apache.ratis.util.SlidingWindow$Server.processRequestsFromHead(SlidingWindow.java:429) [ratis-common-0.4.0-2337318-SNAPSHOT.jar:0.4.0-2337318-SNAPSHOT]
	at org.apache.ratis.util.SlidingWindow$Server.receivedRequest(SlidingWindow.java:421) [ratis-common-0.4.0-2337318-SNAPSHOT.jar:0.4.0-2337318-SNAPSHOT]
	at org.apache.ratis.grpc.client.GrpcClientProtocolService$OrderedRequestStreamObserver.processClientRequest(GrpcClientProtocolService.java:345) [ratis-grpc-0.4.0-2337318-SNAPSHOT.jar:0.4.0-2337318-SNAPSHOT]
	at org.apache.ratis.grpc.client.GrpcClientProtocolService$RequestStreamObserver.onNext(GrpcClientProtocolService.java:240) [ratis-grpc-0.4.0-2337318-SNAPSHOT.jar:0.4.0-2337318-SNAPSHOT]
	at org.apache.ratis.grpc.client.GrpcClientProtocolService$RequestStreamObserver.onNext(GrpcClientProtocolService.java:168) [ratis-grpc-0.4.0-2337318-SNAPSHOT.jar:0.4.0-2337318-SNAPSHOT]
	at org.apache.ratis.thirdparty.io.grpc.stub.ServerCalls$StreamingServerCallHandler$StreamingServerCallListener.onMessage(ServerCalls.java:248) [ratis-thirdparty-misc-0.2.0.jar:0.2.0]
	at org.apache.ratis.thirdparty.io.grpc.internal.ServerCallImpl$ServerStreamListenerImpl.messagesAvailable(ServerCallImpl.java:263) [ratis-thirdparty-misc-0.2.0.jar:0.2.0]
	at org.apache.ratis.thirdparty.io.grpc.internal.ServerImpl$JumpToApplicationThreadServerStreamListener$1MessagesAvailable.runInContext(ServerImpl.java:686) [ratis-thirdparty-misc-0.2.0.jar:0.2.0]
	at org.apache.ratis.thirdparty.io.grpc.internal.ContextRunnable.run(ContextRunnable.java:37) [ratis-thirdparty-misc-0.2.0.jar:0.2.0]
	at org.apache.ratis.thirdparty.io.grpc.internal.SerializingExecutor.run(SerializingExecutor.java:123) [ratis-thirdparty-misc-0.2.0.jar:0.2.0]
	at java.util.concurrent.ThreadPoolExecutor.runWorker(ThreadPoolExecutor.java:1149) [?:1.8.0_212]
	at java.util.concurrent.ThreadPoolExecutor$Worker.run(ThreadPoolExecutor.java:624) [?:1.8.0_212]
	at java.lang.Thread.run(Thread.java:748) [?:1.8.0_212]
2019-07-13 14:42:50,336 INFO  client.GrpcClientProtocolClient (GrpcClientProtocolClient.java:onNext(255)) - client-EAC7F388D919->71b53168-5f95-4a1a-bad4-07e11f6dba72: receive RaftClientReply:client-EAC7F388D919->71b53168-5f95-4a1a-bad4-07e11f6dba72@group-3D1635778A27, cid=31, FAILED org.apache.ratis.protocol.StateMachineException: org.apache.hadoop.hdds.scm.container.common.helpers.ContainerNotOpenException from Server 71b53168-5f95-4a1a-bad4-07e11f6dba72: Container 5 in CLOSED state, logIndex=0, commits[71b53168-5f95-4a1a-bad4-07e11f6dba72:c12, 3a2aa442-1699-4b5e-852f-43b5b83fc5be:c11, 385e556a-2d1f-4a54-b566-fc4fd79f227c:c11]
2019-07-13 14:42:50,338 INFO  client.GrpcClientProtocolClient (GrpcClientProtocolClient.java:onNext(255)) - client-EAC7F388D919->71b53168-5f95-4a1a-bad4-07e11f6dba72: receive RaftClientReply:client-EAC7F388D919->71b53168-5f95-4a1a-bad4-07e11f6dba72@group-3D1635778A27, cid=32, FAILED org.apache.ratis.protocol.StateMachineException: org.apache.hadoop.hdds.scm.container.common.helpers.ContainerNotOpenException from Server 71b53168-5f95-4a1a-bad4-07e11f6dba72: Container 5 in CLOSED state, logIndex=0, commits[71b53168-5f95-4a1a-bad4-07e11f6dba72:c12, 3a2aa442-1699-4b5e-852f-43b5b83fc5be:c11, 385e556a-2d1f-4a54-b566-fc4fd79f227c:c11]
2019-07-13 14:42:50,448 INFO  client.GrpcClientProtocolClient (GrpcClientProtocolClient.java:onNext(255)) - client-EAC7F388D919->71b53168-5f95-4a1a-bad4-07e11f6dba72: receive RaftClientReply:client-EAC7F388D919->71b53168-5f95-4a1a-bad4-07e11f6dba72@group-3D1635778A27, cid=33, SUCCESS, logIndex=13, commits[71b53168-5f95-4a1a-bad4-07e11f6dba72:c14, 3a2aa442-1699-4b5e-852f-43b5b83fc5be:c12, 385e556a-2d1f-4a54-b566-fc4fd79f227c:c12]
2019-07-13 14:42:50,469 INFO  client.GrpcClientProtocolClient (GrpcClientProtocolClient.java:onNext(255)) - client-EAC7F388D919->71b53168-5f95-4a1a-bad4-07e11f6dba72: receive RaftClientReply:client-EAC7F388D919->71b53168-5f95-4a1a-bad4-07e11f6dba72@group-3D1635778A27, cid=34, SUCCESS, logIndex=14, commits[71b53168-5f95-4a1a-bad4-07e11f6dba72:c16, 3a2aa442-1699-4b5e-852f-43b5b83fc5be:c14, 385e556a-2d1f-4a54-b566-fc4fd79f227c:c14]
2019-07-13 14:42:50,494 INFO  pipeline.Pipeline (Pipeline.java:getProtobufMessage(195)) - Serialize pipeline PipelineID=3dcc15d1-8ab5-44ee-818d-3d1635778a27 with nodesInOrder{ }
]]></system-out>
  </testcase>
  <testcase name="testMultiBlockWrites" classname="org.apache.hadoop.ozone.client.rpc.TestCloseContainerHandlingByClient" time="5.268"/>
  <testcase name="testBlockWrites" classname="org.apache.hadoop.ozone.client.rpc.TestCloseContainerHandlingByClient" time="5.103">
    <error type="java.lang.IllegalArgumentException">java.lang.IllegalArgumentException
	at com.google.common.base.Preconditions.checkArgument(Preconditions.java:72)
	at org.apache.hadoop.hdds.scm.XceiverClientManager.acquireClient(XceiverClientManager.java:150)
	at org.apache.hadoop.hdds.scm.XceiverClientManager.acquireClientForReadData(XceiverClientManager.java:143)
	at org.apache.hadoop.hdds.scm.storage.BlockInputStream.getChunkInfos(BlockInputStream.java:154)
	at org.apache.hadoop.hdds.scm.storage.BlockInputStream.initialize(BlockInputStream.java:118)
	at org.apache.hadoop.hdds.scm.storage.BlockInputStream.read(BlockInputStream.java:222)
	at org.apache.hadoop.ozone.client.io.KeyInputStream.read(KeyInputStream.java:171)
	at org.apache.hadoop.ozone.client.io.OzoneInputStream.read(OzoneInputStream.java:47)
	at java.io.InputStream.read(InputStream.java:101)
	at org.apache.hadoop.ozone.container.ContainerTestHelper.validateData(ContainerTestHelper.java:709)
	at org.apache.hadoop.ozone.client.rpc.TestCloseContainerHandlingByClient.validateData(TestCloseContainerHandlingByClient.java:401)
	at org.apache.hadoop.ozone.client.rpc.TestCloseContainerHandlingByClient.testBlockWrites(TestCloseContainerHandlingByClient.java:471)
	at sun.reflect.NativeMethodAccessorImpl.invoke0(Native Method)
	at sun.reflect.NativeMethodAccessorImpl.invoke(NativeMethodAccessorImpl.java:62)
	at sun.reflect.DelegatingMethodAccessorImpl.invoke(DelegatingMethodAccessorImpl.java:43)
	at java.lang.reflect.Method.invoke(Method.java:498)
	at org.junit.runners.model.FrameworkMethod$1.runReflectiveCall(FrameworkMethod.java:47)
	at org.junit.internal.runners.model.ReflectiveCallable.run(ReflectiveCallable.java:12)
	at org.junit.runners.model.FrameworkMethod.invokeExplosively(FrameworkMethod.java:44)
	at org.junit.internal.runners.statements.InvokeMethod.evaluate(InvokeMethod.java:17)
	at org.junit.runners.ParentRunner.runLeaf(ParentRunner.java:271)
	at org.junit.runners.BlockJUnit4ClassRunner.runChild(BlockJUnit4ClassRunner.java:70)
	at org.junit.runners.BlockJUnit4ClassRunner.runChild(BlockJUnit4ClassRunner.java:50)
	at org.junit.runners.ParentRunner$3.run(ParentRunner.java:238)
	at org.junit.runners.ParentRunner$1.schedule(ParentRunner.java:63)
	at org.junit.runners.ParentRunner.runChildren(ParentRunner.java:236)
	at org.junit.runners.ParentRunner.access$000(ParentRunner.java:53)
	at org.junit.runners.ParentRunner$2.evaluate(ParentRunner.java:229)
	at org.junit.internal.runners.statements.RunBefores.evaluate(RunBefores.java:26)
	at org.junit.internal.runners.statements.RunAfters.evaluate(RunAfters.java:27)
	at org.junit.runners.ParentRunner.run(ParentRunner.java:309)
	at org.apache.maven.surefire.junit4.JUnit4Provider.execute(JUnit4Provider.java:365)
	at org.apache.maven.surefire.junit4.JUnit4Provider.executeWithRerun(JUnit4Provider.java:273)
	at org.apache.maven.surefire.junit4.JUnit4Provider.executeTestSet(JUnit4Provider.java:238)
	at org.apache.maven.surefire.junit4.JUnit4Provider.invoke(JUnit4Provider.java:159)
	at org.apache.maven.surefire.booter.ForkedBooter.invokeProviderInSameClassLoader(ForkedBooter.java:384)
	at org.apache.maven.surefire.booter.ForkedBooter.runSuitesInProcess(ForkedBooter.java:345)
	at org.apache.maven.surefire.booter.ForkedBooter.execute(ForkedBooter.java:126)
	at org.apache.maven.surefire.booter.ForkedBooter.main(ForkedBooter.java:418)
</error>
    <system-out><![CDATA[2019-07-13 14:42:55,832 INFO  client.GrpcClientProtocolClient (GrpcClientProtocolClient.java:onNext(255)) - client-6BD4AE2D7B1B->b0c0c3e2-275c-4107-9f75-d1827b8e1924: receive RaftClientReply:client-6BD4AE2D7B1B->b0c0c3e2-275c-4107-9f75-d1827b8e1924@group-5709E0039CCC, cid=73, SUCCESS, logIndex=38, commits[b0c0c3e2-275c-4107-9f75-d1827b8e1924:c39, d37845be-7bdd-4fdf-a74e-f0fdeb4f99ea:c37, 5a909bff-8fa1-4564-9db7-4383cd66360a:c37]
2019-07-13 14:42:55,833 INFO  client.GrpcClientProtocolClient (GrpcClientProtocolClient.java:onNext(255)) - client-6BD4AE2D7B1B->b0c0c3e2-275c-4107-9f75-d1827b8e1924: receive RaftClientReply:client-6BD4AE2D7B1B->b0c0c3e2-275c-4107-9f75-d1827b8e1924@group-5709E0039CCC, cid=74, SUCCESS, logIndex=39, commits[b0c0c3e2-275c-4107-9f75-d1827b8e1924:c39, d37845be-7bdd-4fdf-a74e-f0fdeb4f99ea:c37, 5a909bff-8fa1-4564-9db7-4383cd66360a:c37]
2019-07-13 14:42:55,835 INFO  client.GrpcClientProtocolClient (GrpcClientProtocolClient.java:onNext(255)) - client-6BD4AE2D7B1B->b0c0c3e2-275c-4107-9f75-d1827b8e1924: receive RaftClientReply:client-6BD4AE2D7B1B->b0c0c3e2-275c-4107-9f75-d1827b8e1924@group-5709E0039CCC, cid=75, SUCCESS, logIndex=40, commits[b0c0c3e2-275c-4107-9f75-d1827b8e1924:c41, d37845be-7bdd-4fdf-a74e-f0fdeb4f99ea:c37, 5a909bff-8fa1-4564-9db7-4383cd66360a:c37]
2019-07-13 14:42:55,837 INFO  client.GrpcClientProtocolClient (GrpcClientProtocolClient.java:onNext(255)) - client-6BD4AE2D7B1B->b0c0c3e2-275c-4107-9f75-d1827b8e1924: receive RaftClientReply:client-6BD4AE2D7B1B->b0c0c3e2-275c-4107-9f75-d1827b8e1924@group-5709E0039CCC, cid=76, SUCCESS, logIndex=41, commits[b0c0c3e2-275c-4107-9f75-d1827b8e1924:c41, d37845be-7bdd-4fdf-a74e-f0fdeb4f99ea:c37, 5a909bff-8fa1-4564-9db7-4383cd66360a:c37]
2019-07-13 14:42:55,839 INFO  client.GrpcClientProtocolClient (GrpcClientProtocolClient.java:onNext(255)) - client-6BD4AE2D7B1B->b0c0c3e2-275c-4107-9f75-d1827b8e1924: receive RaftClientReply:client-6BD4AE2D7B1B->b0c0c3e2-275c-4107-9f75-d1827b8e1924@group-5709E0039CCC, cid=77, SUCCESS, logIndex=0, commits[b0c0c3e2-275c-4107-9f75-d1827b8e1924:c43, d37845be-7bdd-4fdf-a74e-f0fdeb4f99ea:c39, 5a909bff-8fa1-4564-9db7-4383cd66360a:c39]
2019-07-13 14:42:55,840 INFO  container.CloseContainerEventHandler (CloseContainerEventHandler.java:onMessage(61)) - Close container Event triggered for container : #2
2019-07-13 14:42:55,841 INFO  container.CloseContainerEventHandler (CloseContainerEventHandler.java:onMessage(61)) - Close container Event triggered for container : #2
2019-07-13 14:42:55,841 INFO  container.CloseContainerEventHandler (CloseContainerEventHandler.java:onMessage(61)) - Close container Event triggered for container : #2
2019-07-13 14:42:57,629 INFO  interfaces.Container (KeyValueContainer.java:compactDB(356)) - Container 2 is closed with bcsId 41.
2019-07-13 14:42:57,636 INFO  interfaces.Container (KeyValueContainer.java:compactDB(356)) - Container 2 is closed with bcsId 41.
2019-07-13 14:42:57,640 INFO  interfaces.Container (KeyValueContainer.java:compactDB(356)) - Container 2 is closed with bcsId 41.
14:42:57.902 [grpc-default-executor-2] ERROR DNAudit - user=null | ip=null | op=WRITE_CHUNK {blockData=conID: 2 locID: 102434666958422031 bcsId: 41} | ret=FAILURE
org.apache.hadoop.hdds.scm.container.common.helpers.ContainerNotOpenException: Container 2 in CLOSED state
	at org.apache.hadoop.ozone.container.common.impl.HddsDispatcher.validateContainerCommand(HddsDispatcher.java:408) ~[hadoop-hdds-container-service-0.5.0-SNAPSHOT.jar:?]
	at org.apache.hadoop.ozone.container.common.transport.server.ratis.ContainerStateMachine.startTransaction(ContainerStateMachine.java:271) ~[hadoop-hdds-container-service-0.5.0-SNAPSHOT.jar:?]
	at org.apache.ratis.server.impl.RaftServerImpl.submitClientRequestAsync(RaftServerImpl.java:566) ~[ratis-server-0.4.0-2337318-SNAPSHOT.jar:0.4.0-2337318-SNAPSHOT]
	at org.apache.ratis.server.impl.RaftServerProxy.lambda$submitClientRequestAsync$7(RaftServerProxy.java:333) ~[ratis-server-0.4.0-2337318-SNAPSHOT.jar:0.4.0-2337318-SNAPSHOT]
	at org.apache.ratis.server.impl.RaftServerProxy.lambda$null$5(RaftServerProxy.java:328) ~[ratis-server-0.4.0-2337318-SNAPSHOT.jar:0.4.0-2337318-SNAPSHOT]
	at org.apache.ratis.util.JavaUtils.callAsUnchecked(JavaUtils.java:109) ~[ratis-common-0.4.0-2337318-SNAPSHOT.jar:0.4.0-2337318-SNAPSHOT]
	at org.apache.ratis.server.impl.RaftServerProxy.lambda$submitRequest$6(RaftServerProxy.java:328) ~[ratis-server-0.4.0-2337318-SNAPSHOT.jar:0.4.0-2337318-SNAPSHOT]
	at java.util.concurrent.CompletableFuture.uniComposeStage(CompletableFuture.java:981) ~[?:1.8.0_212]
	at java.util.concurrent.CompletableFuture.thenCompose(CompletableFuture.java:2124) ~[?:1.8.0_212]
	at org.apache.ratis.server.impl.RaftServerProxy.submitRequest(RaftServerProxy.java:327) ~[ratis-server-0.4.0-2337318-SNAPSHOT.jar:0.4.0-2337318-SNAPSHOT]
	at org.apache.ratis.server.impl.RaftServerProxy.submitClientRequestAsync(RaftServerProxy.java:333) ~[ratis-server-0.4.0-2337318-SNAPSHOT.jar:0.4.0-2337318-SNAPSHOT]
	at org.apache.ratis.grpc.client.GrpcClientProtocolService$RequestStreamObserver.processClientRequest(GrpcClientProtocolService.java:220) ~[ratis-grpc-0.4.0-2337318-SNAPSHOT.jar:0.4.0-2337318-SNAPSHOT]
	at org.apache.ratis.grpc.client.GrpcClientProtocolService$OrderedRequestStreamObserver.processClientRequest(GrpcClientProtocolService.java:326) ~[ratis-grpc-0.4.0-2337318-SNAPSHOT.jar:0.4.0-2337318-SNAPSHOT]
	at org.apache.ratis.util.SlidingWindow$Server.processRequestsFromHead(SlidingWindow.java:429) [ratis-common-0.4.0-2337318-SNAPSHOT.jar:0.4.0-2337318-SNAPSHOT]
	at org.apache.ratis.util.SlidingWindow$Server.receivedRequest(SlidingWindow.java:421) [ratis-common-0.4.0-2337318-SNAPSHOT.jar:0.4.0-2337318-SNAPSHOT]
	at org.apache.ratis.grpc.client.GrpcClientProtocolService$OrderedRequestStreamObserver.processClientRequest(GrpcClientProtocolService.java:345) [ratis-grpc-0.4.0-2337318-SNAPSHOT.jar:0.4.0-2337318-SNAPSHOT]
	at org.apache.ratis.grpc.client.GrpcClientProtocolService$RequestStreamObserver.onNext(GrpcClientProtocolService.java:240) [ratis-grpc-0.4.0-2337318-SNAPSHOT.jar:0.4.0-2337318-SNAPSHOT]
	at org.apache.ratis.grpc.client.GrpcClientProtocolService$RequestStreamObserver.onNext(GrpcClientProtocolService.java:168) [ratis-grpc-0.4.0-2337318-SNAPSHOT.jar:0.4.0-2337318-SNAPSHOT]
	at org.apache.ratis.thirdparty.io.grpc.stub.ServerCalls$StreamingServerCallHandler$StreamingServerCallListener.onMessage(ServerCalls.java:248) [ratis-thirdparty-misc-0.2.0.jar:0.2.0]
	at org.apache.ratis.thirdparty.io.grpc.internal.ServerCallImpl$ServerStreamListenerImpl.messagesAvailable(ServerCallImpl.java:263) [ratis-thirdparty-misc-0.2.0.jar:0.2.0]
	at org.apache.ratis.thirdparty.io.grpc.internal.ServerImpl$JumpToApplicationThreadServerStreamListener$1MessagesAvailable.runInContext(ServerImpl.java:686) [ratis-thirdparty-misc-0.2.0.jar:0.2.0]
	at org.apache.ratis.thirdparty.io.grpc.internal.ContextRunnable.run(ContextRunnable.java:37) [ratis-thirdparty-misc-0.2.0.jar:0.2.0]
	at org.apache.ratis.thirdparty.io.grpc.internal.SerializingExecutor.run(SerializingExecutor.java:123) [ratis-thirdparty-misc-0.2.0.jar:0.2.0]
	at java.util.concurrent.ThreadPoolExecutor.runWorker(ThreadPoolExecutor.java:1149) [?:1.8.0_212]
	at java.util.concurrent.ThreadPoolExecutor$Worker.run(ThreadPoolExecutor.java:624) [?:1.8.0_212]
	at java.lang.Thread.run(Thread.java:748) [?:1.8.0_212]
14:42:57.912 [grpc-default-executor-2] ERROR DNAudit - user=null | ip=null | op=PUT_BLOCK {blockData=[blockId=conID: 2 locID: 102434666958422031 bcsId: 0,size=3145728]} | ret=FAILURE
org.apache.hadoop.hdds.scm.container.common.helpers.ContainerNotOpenException: Container 2 in CLOSED state
	at org.apache.hadoop.ozone.container.common.impl.HddsDispatcher.validateContainerCommand(HddsDispatcher.java:408) ~[hadoop-hdds-container-service-0.5.0-SNAPSHOT.jar:?]
	at org.apache.hadoop.ozone.container.common.transport.server.ratis.ContainerStateMachine.startTransaction(ContainerStateMachine.java:271) ~[hadoop-hdds-container-service-0.5.0-SNAPSHOT.jar:?]
	at org.apache.ratis.server.impl.RaftServerImpl.submitClientRequestAsync(RaftServerImpl.java:566) ~[ratis-server-0.4.0-2337318-SNAPSHOT.jar:0.4.0-2337318-SNAPSHOT]
	at org.apache.ratis.server.impl.RaftServerProxy.lambda$submitClientRequestAsync$7(RaftServerProxy.java:333) ~[ratis-server-0.4.0-2337318-SNAPSHOT.jar:0.4.0-2337318-SNAPSHOT]
	at org.apache.ratis.server.impl.RaftServerProxy.lambda$null$5(RaftServerProxy.java:328) ~[ratis-server-0.4.0-2337318-SNAPSHOT.jar:0.4.0-2337318-SNAPSHOT]
	at org.apache.ratis.util.JavaUtils.callAsUnchecked(JavaUtils.java:109) ~[ratis-common-0.4.0-2337318-SNAPSHOT.jar:0.4.0-2337318-SNAPSHOT]
	at org.apache.ratis.server.impl.RaftServerProxy.lambda$submitRequest$6(RaftServerProxy.java:328) ~[ratis-server-0.4.0-2337318-SNAPSHOT.jar:0.4.0-2337318-SNAPSHOT]
	at java.util.concurrent.CompletableFuture.uniComposeStage(CompletableFuture.java:981) ~[?:1.8.0_212]
	at java.util.concurrent.CompletableFuture.thenCompose(CompletableFuture.java:2124) ~[?:1.8.0_212]
	at org.apache.ratis.server.impl.RaftServerProxy.submitRequest(RaftServerProxy.java:327) ~[ratis-server-0.4.0-2337318-SNAPSHOT.jar:0.4.0-2337318-SNAPSHOT]
	at org.apache.ratis.server.impl.RaftServerProxy.submitClientRequestAsync(RaftServerProxy.java:333) ~[ratis-server-0.4.0-2337318-SNAPSHOT.jar:0.4.0-2337318-SNAPSHOT]
	at org.apache.ratis.grpc.client.GrpcClientProtocolService$RequestStreamObserver.processClientRequest(GrpcClientProtocolService.java:220) ~[ratis-grpc-0.4.0-2337318-SNAPSHOT.jar:0.4.0-2337318-SNAPSHOT]
	at org.apache.ratis.grpc.client.GrpcClientProtocolService$OrderedRequestStreamObserver.processClientRequest(GrpcClientProtocolService.java:326) ~[ratis-grpc-0.4.0-2337318-SNAPSHOT.jar:0.4.0-2337318-SNAPSHOT]
	at org.apache.ratis.util.SlidingWindow$Server.processRequestsFromHead(SlidingWindow.java:429) [ratis-common-0.4.0-2337318-SNAPSHOT.jar:0.4.0-2337318-SNAPSHOT]
	at org.apache.ratis.util.SlidingWindow$Server.receivedRequest(SlidingWindow.java:421) [ratis-common-0.4.0-2337318-SNAPSHOT.jar:0.4.0-2337318-SNAPSHOT]
	at org.apache.ratis.grpc.client.GrpcClientProtocolService$OrderedRequestStreamObserver.processClientRequest(GrpcClientProtocolService.java:345) [ratis-grpc-0.4.0-2337318-SNAPSHOT.jar:0.4.0-2337318-SNAPSHOT]
	at org.apache.ratis.grpc.client.GrpcClientProtocolService$RequestStreamObserver.onNext(GrpcClientProtocolService.java:240) [ratis-grpc-0.4.0-2337318-SNAPSHOT.jar:0.4.0-2337318-SNAPSHOT]
	at org.apache.ratis.grpc.client.GrpcClientProtocolService$RequestStreamObserver.onNext(GrpcClientProtocolService.java:168) [ratis-grpc-0.4.0-2337318-SNAPSHOT.jar:0.4.0-2337318-SNAPSHOT]
	at org.apache.ratis.thirdparty.io.grpc.stub.ServerCalls$StreamingServerCallHandler$StreamingServerCallListener.onMessage(ServerCalls.java:248) [ratis-thirdparty-misc-0.2.0.jar:0.2.0]
	at org.apache.ratis.thirdparty.io.grpc.internal.ServerCallImpl$ServerStreamListenerImpl.messagesAvailable(ServerCallImpl.java:263) [ratis-thirdparty-misc-0.2.0.jar:0.2.0]
	at org.apache.ratis.thirdparty.io.grpc.internal.ServerImpl$JumpToApplicationThreadServerStreamListener$1MessagesAvailable.runInContext(ServerImpl.java:686) [ratis-thirdparty-misc-0.2.0.jar:0.2.0]
	at org.apache.ratis.thirdparty.io.grpc.internal.ContextRunnable.run(ContextRunnable.java:37) [ratis-thirdparty-misc-0.2.0.jar:0.2.0]
	at org.apache.ratis.thirdparty.io.grpc.internal.SerializingExecutor.run(SerializingExecutor.java:123) [ratis-thirdparty-misc-0.2.0.jar:0.2.0]
	at java.util.concurrent.ThreadPoolExecutor.runWorker(ThreadPoolExecutor.java:1149) [?:1.8.0_212]
	at java.util.concurrent.ThreadPoolExecutor$Worker.run(ThreadPoolExecutor.java:624) [?:1.8.0_212]
	at java.lang.Thread.run(Thread.java:748) [?:1.8.0_212]
2019-07-13 14:42:57,914 INFO  client.GrpcClientProtocolClient (GrpcClientProtocolClient.java:onNext(255)) - client-6BD4AE2D7B1B->b0c0c3e2-275c-4107-9f75-d1827b8e1924: receive RaftClientReply:client-6BD4AE2D7B1B->b0c0c3e2-275c-4107-9f75-d1827b8e1924@group-5709E0039CCC, cid=78, FAILED org.apache.ratis.protocol.StateMachineException: org.apache.hadoop.hdds.scm.container.common.helpers.ContainerNotOpenException from Server b0c0c3e2-275c-4107-9f75-d1827b8e1924: Container 2 in CLOSED state, logIndex=0, commits[b0c0c3e2-275c-4107-9f75-d1827b8e1924:c47, d37845be-7bdd-4fdf-a74e-f0fdeb4f99ea:c46, 5a909bff-8fa1-4564-9db7-4383cd66360a:c46]
2019-07-13 14:42:57,921 INFO  client.GrpcClientProtocolClient (GrpcClientProtocolClient.java:onNext(255)) - client-6BD4AE2D7B1B->b0c0c3e2-275c-4107-9f75-d1827b8e1924: receive RaftClientReply:client-6BD4AE2D7B1B->b0c0c3e2-275c-4107-9f75-d1827b8e1924@group-5709E0039CCC, cid=79, FAILED org.apache.ratis.protocol.StateMachineException: org.apache.hadoop.hdds.scm.container.common.helpers.ContainerNotOpenException from Server b0c0c3e2-275c-4107-9f75-d1827b8e1924: Container 2 in CLOSED state, logIndex=0, commits[b0c0c3e2-275c-4107-9f75-d1827b8e1924:c47, d37845be-7bdd-4fdf-a74e-f0fdeb4f99ea:c46, 5a909bff-8fa1-4564-9db7-4383cd66360a:c46]
2019-07-13 14:42:58,042 INFO  client.GrpcClientProtocolClient (GrpcClientProtocolClient.java:onNext(255)) - client-6BD4AE2D7B1B->b0c0c3e2-275c-4107-9f75-d1827b8e1924: receive RaftClientReply:client-6BD4AE2D7B1B->b0c0c3e2-275c-4107-9f75-d1827b8e1924@group-5709E0039CCC, cid=80, SUCCESS, logIndex=48, commits[b0c0c3e2-275c-4107-9f75-d1827b8e1924:c51, d37845be-7bdd-4fdf-a74e-f0fdeb4f99ea:c47, 5a909bff-8fa1-4564-9db7-4383cd66360a:c47]
2019-07-13 14:42:58,132 INFO  client.GrpcClientProtocolClient (GrpcClientProtocolClient.java:onNext(255)) - client-6BD4AE2D7B1B->b0c0c3e2-275c-4107-9f75-d1827b8e1924: receive RaftClientReply:client-6BD4AE2D7B1B->b0c0c3e2-275c-4107-9f75-d1827b8e1924@group-5709E0039CCC, cid=81, SUCCESS, logIndex=49, commits[b0c0c3e2-275c-4107-9f75-d1827b8e1924:c55, d37845be-7bdd-4fdf-a74e-f0fdeb4f99ea:c51, 5a909bff-8fa1-4564-9db7-4383cd66360a:c51]
2019-07-13 14:42:58,132 INFO  client.GrpcClientProtocolClient (GrpcClientProtocolClient.java:onNext(255)) - client-6BD4AE2D7B1B->b0c0c3e2-275c-4107-9f75-d1827b8e1924: receive RaftClientReply:client-6BD4AE2D7B1B->b0c0c3e2-275c-4107-9f75-d1827b8e1924@group-5709E0039CCC, cid=82, SUCCESS, logIndex=50, commits[b0c0c3e2-275c-4107-9f75-d1827b8e1924:c55, d37845be-7bdd-4fdf-a74e-f0fdeb4f99ea:c51, 5a909bff-8fa1-4564-9db7-4383cd66360a:c51]
2019-07-13 14:42:58,181 INFO  client.GrpcClientProtocolClient (GrpcClientProtocolClient.java:onNext(255)) - client-6BD4AE2D7B1B->b0c0c3e2-275c-4107-9f75-d1827b8e1924: receive RaftClientReply:client-6BD4AE2D7B1B->b0c0c3e2-275c-4107-9f75-d1827b8e1924@group-5709E0039CCC, cid=83, SUCCESS, logIndex=51, commits[b0c0c3e2-275c-4107-9f75-d1827b8e1924:c55, d37845be-7bdd-4fdf-a74e-f0fdeb4f99ea:c51, 5a909bff-8fa1-4564-9db7-4383cd66360a:c51]
2019-07-13 14:42:58,302 INFO  client.GrpcClientProtocolClient (GrpcClientProtocolClient.java:onNext(255)) - client-6BD4AE2D7B1B->b0c0c3e2-275c-4107-9f75-d1827b8e1924: receive RaftClientReply:client-6BD4AE2D7B1B->b0c0c3e2-275c-4107-9f75-d1827b8e1924@group-5709E0039CCC, cid=84, SUCCESS, logIndex=56, commits[b0c0c3e2-275c-4107-9f75-d1827b8e1924:c57, d37845be-7bdd-4fdf-a74e-f0fdeb4f99ea:c51, 5a909bff-8fa1-4564-9db7-4383cd66360a:c55]
2019-07-13 14:42:58,303 INFO  client.GrpcClientProtocolClient (GrpcClientProtocolClient.java:onNext(255)) - client-6BD4AE2D7B1B->b0c0c3e2-275c-4107-9f75-d1827b8e1924: receive RaftClientReply:client-6BD4AE2D7B1B->b0c0c3e2-275c-4107-9f75-d1827b8e1924@group-5709E0039CCC, cid=85, SUCCESS, logIndex=57, commits[b0c0c3e2-275c-4107-9f75-d1827b8e1924:c57, d37845be-7bdd-4fdf-a74e-f0fdeb4f99ea:c51, 5a909bff-8fa1-4564-9db7-4383cd66360a:c55]
2019-07-13 14:42:58,307 INFO  client.GrpcClientProtocolClient (GrpcClientProtocolClient.java:onNext(255)) - client-6BD4AE2D7B1B->b0c0c3e2-275c-4107-9f75-d1827b8e1924: receive RaftClientReply:client-6BD4AE2D7B1B->b0c0c3e2-275c-4107-9f75-d1827b8e1924@group-5709E0039CCC, cid=86, SUCCESS, logIndex=58, commits[b0c0c3e2-275c-4107-9f75-d1827b8e1924:c61, d37845be-7bdd-4fdf-a74e-f0fdeb4f99ea:c51, 5a909bff-8fa1-4564-9db7-4383cd66360a:c57]
2019-07-13 14:42:58,308 INFO  client.GrpcClientProtocolClient (GrpcClientProtocolClient.java:onNext(255)) - client-6BD4AE2D7B1B->b0c0c3e2-275c-4107-9f75-d1827b8e1924: receive RaftClientReply:client-6BD4AE2D7B1B->b0c0c3e2-275c-4107-9f75-d1827b8e1924@group-5709E0039CCC, cid=87, SUCCESS, logIndex=59, commits[b0c0c3e2-275c-4107-9f75-d1827b8e1924:c61, d37845be-7bdd-4fdf-a74e-f0fdeb4f99ea:c55, 5a909bff-8fa1-4564-9db7-4383cd66360a:c57]
2019-07-13 14:42:58,310 INFO  client.GrpcClientProtocolClient (GrpcClientProtocolClient.java:onNext(255)) - client-6BD4AE2D7B1B->b0c0c3e2-275c-4107-9f75-d1827b8e1924: receive RaftClientReply:client-6BD4AE2D7B1B->b0c0c3e2-275c-4107-9f75-d1827b8e1924@group-5709E0039CCC, cid=88, SUCCESS, logIndex=0, commits[b0c0c3e2-275c-4107-9f75-d1827b8e1924:c62, d37845be-7bdd-4fdf-a74e-f0fdeb4f99ea:c58, 5a909bff-8fa1-4564-9db7-4383cd66360a:c58]
2019-07-13 14:43:00,813 INFO  client.GrpcClientProtocolClient (GrpcClientProtocolClient.java:onNext(255)) - client-6BD4AE2D7B1B->b0c0c3e2-275c-4107-9f75-d1827b8e1924: receive RaftClientReply:client-6BD4AE2D7B1B->b0c0c3e2-275c-4107-9f75-d1827b8e1924@group-5709E0039CCC, cid=89, SUCCESS, logIndex=0, commits[b0c0c3e2-275c-4107-9f75-d1827b8e1924:c62, d37845be-7bdd-4fdf-a74e-f0fdeb4f99ea:c62, 5a909bff-8fa1-4564-9db7-4383cd66360a:c62]
2019-07-13 14:43:00,864 INFO  pipeline.Pipeline (Pipeline.java:getProtobufMessage(195)) - Serialize pipeline PipelineID=50590dc0-ee65-486c-b87e-5709e0039ccc with nodesInOrder{ }
2019-07-13 14:43:00,866 INFO  pipeline.Pipeline (Pipeline.java:build(342)) - Deserialize nodesInOrder [5a909bff-8fa1-4564-9db7-4383cd66360a{ip: 192.168.5.172, host: trunk-nightly-mhs6z-4061744966, networkLocation: /default-rack, certSerialId: null}, 5a909bff-8fa1-4564-9db7-4383cd66360a{ip: 192.168.5.172, host: trunk-nightly-mhs6z-4061744966, networkLocation: /default-rack, certSerialId: null}, 5a909bff-8fa1-4564-9db7-4383cd66360a{ip: 192.168.5.172, host: trunk-nightly-mhs6z-4061744966, networkLocation: /default-rack, certSerialId: null}] in pipeline PipelineID=50590dc0-ee65-486c-b87e-5709e0039ccc
]]></system-out>
  </testcase>
  <testcase name="testMultiBlockWrites2" classname="org.apache.hadoop.ozone.client.rpc.TestCloseContainerHandlingByClient" time="2.601">
    <error type="java.lang.IllegalArgumentException">java.lang.IllegalArgumentException
	at com.google.common.base.Preconditions.checkArgument(Preconditions.java:72)
	at org.apache.hadoop.hdds.scm.XceiverClientManager.acquireClient(XceiverClientManager.java:150)
	at org.apache.hadoop.hdds.scm.XceiverClientManager.acquireClientForReadData(XceiverClientManager.java:143)
	at org.apache.hadoop.hdds.scm.storage.BlockInputStream.getChunkInfos(BlockInputStream.java:154)
	at org.apache.hadoop.hdds.scm.storage.BlockInputStream.initialize(BlockInputStream.java:118)
	at org.apache.hadoop.hdds.scm.storage.BlockInputStream.read(BlockInputStream.java:222)
	at org.apache.hadoop.ozone.client.io.KeyInputStream.read(KeyInputStream.java:171)
	at org.apache.hadoop.ozone.client.io.OzoneInputStream.read(OzoneInputStream.java:47)
	at java.io.InputStream.read(InputStream.java:101)
	at org.apache.hadoop.ozone.container.ContainerTestHelper.validateData(ContainerTestHelper.java:709)
	at org.apache.hadoop.ozone.client.rpc.TestCloseContainerHandlingByClient.validateData(TestCloseContainerHandlingByClient.java:401)
	at org.apache.hadoop.ozone.client.rpc.TestCloseContainerHandlingByClient.testMultiBlockWrites2(TestCloseContainerHandlingByClient.java:281)
	at sun.reflect.NativeMethodAccessorImpl.invoke0(Native Method)
	at sun.reflect.NativeMethodAccessorImpl.invoke(NativeMethodAccessorImpl.java:62)
	at sun.reflect.DelegatingMethodAccessorImpl.invoke(DelegatingMethodAccessorImpl.java:43)
	at java.lang.reflect.Method.invoke(Method.java:498)
	at org.junit.runners.model.FrameworkMethod$1.runReflectiveCall(FrameworkMethod.java:47)
	at org.junit.internal.runners.model.ReflectiveCallable.run(ReflectiveCallable.java:12)
	at org.junit.runners.model.FrameworkMethod.invokeExplosively(FrameworkMethod.java:44)
	at org.junit.internal.runners.statements.InvokeMethod.evaluate(InvokeMethod.java:17)
	at org.junit.runners.ParentRunner.runLeaf(ParentRunner.java:271)
	at org.junit.runners.BlockJUnit4ClassRunner.runChild(BlockJUnit4ClassRunner.java:70)
	at org.junit.runners.BlockJUnit4ClassRunner.runChild(BlockJUnit4ClassRunner.java:50)
	at org.junit.runners.ParentRunner$3.run(ParentRunner.java:238)
	at org.junit.runners.ParentRunner$1.schedule(ParentRunner.java:63)
	at org.junit.runners.ParentRunner.runChildren(ParentRunner.java:236)
	at org.junit.runners.ParentRunner.access$000(ParentRunner.java:53)
	at org.junit.runners.ParentRunner$2.evaluate(ParentRunner.java:229)
	at org.junit.internal.runners.statements.RunBefores.evaluate(RunBefores.java:26)
	at org.junit.internal.runners.statements.RunAfters.evaluate(RunAfters.java:27)
	at org.junit.runners.ParentRunner.run(ParentRunner.java:309)
	at org.apache.maven.surefire.junit4.JUnit4Provider.execute(JUnit4Provider.java:365)
	at org.apache.maven.surefire.junit4.JUnit4Provider.executeWithRerun(JUnit4Provider.java:273)
	at org.apache.maven.surefire.junit4.JUnit4Provider.executeTestSet(JUnit4Provider.java:238)
	at org.apache.maven.surefire.junit4.JUnit4Provider.invoke(JUnit4Provider.java:159)
	at org.apache.maven.surefire.booter.ForkedBooter.invokeProviderInSameClassLoader(ForkedBooter.java:384)
	at org.apache.maven.surefire.booter.ForkedBooter.runSuitesInProcess(ForkedBooter.java:345)
	at org.apache.maven.surefire.booter.ForkedBooter.execute(ForkedBooter.java:126)
	at org.apache.maven.surefire.booter.ForkedBooter.main(ForkedBooter.java:418)
</error>
    <system-out><![CDATA[2019-07-13 14:43:01,074 INFO  client.GrpcClientProtocolClient (GrpcClientProtocolClient.java:onNext(255)) - client-EAC7F388D919->71b53168-5f95-4a1a-bad4-07e11f6dba72: receive RaftClientReply:client-EAC7F388D919->71b53168-5f95-4a1a-bad4-07e11f6dba72@group-3D1635778A27, cid=90, SUCCESS, logIndex=70, commits[71b53168-5f95-4a1a-bad4-07e11f6dba72:c72, 3a2aa442-1699-4b5e-852f-43b5b83fc5be:c69, 385e556a-2d1f-4a54-b566-fc4fd79f227c:c69]
2019-07-13 14:43:01,094 INFO  client.GrpcClientProtocolClient (GrpcClientProtocolClient.java:onNext(255)) - client-EAC7F388D919->71b53168-5f95-4a1a-bad4-07e11f6dba72: receive RaftClientReply:client-EAC7F388D919->71b53168-5f95-4a1a-bad4-07e11f6dba72@group-3D1635778A27, cid=91, SUCCESS, logIndex=71, commits[71b53168-5f95-4a1a-bad4-07e11f6dba72:c77, 3a2aa442-1699-4b5e-852f-43b5b83fc5be:c73, 385e556a-2d1f-4a54-b566-fc4fd79f227c:c73]
2019-07-13 14:43:01,095 INFO  client.GrpcClientProtocolClient (GrpcClientProtocolClient.java:onNext(255)) - client-EAC7F388D919->71b53168-5f95-4a1a-bad4-07e11f6dba72: receive RaftClientReply:client-EAC7F388D919->71b53168-5f95-4a1a-bad4-07e11f6dba72@group-3D1635778A27, cid=92, SUCCESS, logIndex=72, commits[71b53168-5f95-4a1a-bad4-07e11f6dba72:c77, 3a2aa442-1699-4b5e-852f-43b5b83fc5be:c73, 385e556a-2d1f-4a54-b566-fc4fd79f227c:c73]
2019-07-13 14:43:01,135 INFO  client.GrpcClientProtocolClient (GrpcClientProtocolClient.java:onNext(255)) - client-EAC7F388D919->71b53168-5f95-4a1a-bad4-07e11f6dba72: receive RaftClientReply:client-EAC7F388D919->71b53168-5f95-4a1a-bad4-07e11f6dba72@group-3D1635778A27, cid=93, SUCCESS, logIndex=73, commits[71b53168-5f95-4a1a-bad4-07e11f6dba72:c77, 3a2aa442-1699-4b5e-852f-43b5b83fc5be:c73, 385e556a-2d1f-4a54-b566-fc4fd79f227c:c73]
2019-07-13 14:43:01,158 INFO  client.GrpcClientProtocolClient (GrpcClientProtocolClient.java:onNext(255)) - client-EAC7F388D919->71b53168-5f95-4a1a-bad4-07e11f6dba72: receive RaftClientReply:client-EAC7F388D919->71b53168-5f95-4a1a-bad4-07e11f6dba72@group-3D1635778A27, cid=94, SUCCESS, logIndex=78, commits[71b53168-5f95-4a1a-bad4-07e11f6dba72:c79, 3a2aa442-1699-4b5e-852f-43b5b83fc5be:c73, 385e556a-2d1f-4a54-b566-fc4fd79f227c:c77]
2019-07-13 14:43:01,159 INFO  client.GrpcClientProtocolClient (GrpcClientProtocolClient.java:onNext(255)) - client-EAC7F388D919->71b53168-5f95-4a1a-bad4-07e11f6dba72: receive RaftClientReply:client-EAC7F388D919->71b53168-5f95-4a1a-bad4-07e11f6dba72@group-3D1635778A27, cid=95, SUCCESS, logIndex=79, commits[71b53168-5f95-4a1a-bad4-07e11f6dba72:c79, 3a2aa442-1699-4b5e-852f-43b5b83fc5be:c73, 385e556a-2d1f-4a54-b566-fc4fd79f227c:c77]
2019-07-13 14:43:01,163 INFO  client.GrpcClientProtocolClient (GrpcClientProtocolClient.java:onNext(255)) - client-EAC7F388D919->71b53168-5f95-4a1a-bad4-07e11f6dba72: receive RaftClientReply:client-EAC7F388D919->71b53168-5f95-4a1a-bad4-07e11f6dba72@group-3D1635778A27, cid=96, SUCCESS, logIndex=80, commits[71b53168-5f95-4a1a-bad4-07e11f6dba72:c81, 3a2aa442-1699-4b5e-852f-43b5b83fc5be:c77, 385e556a-2d1f-4a54-b566-fc4fd79f227c:c77]
2019-07-13 14:43:01,163 INFO  client.GrpcClientProtocolClient (GrpcClientProtocolClient.java:onNext(255)) - client-EAC7F388D919->71b53168-5f95-4a1a-bad4-07e11f6dba72: receive RaftClientReply:client-EAC7F388D919->71b53168-5f95-4a1a-bad4-07e11f6dba72@group-3D1635778A27, cid=97, SUCCESS, logIndex=81, commits[71b53168-5f95-4a1a-bad4-07e11f6dba72:c81, 3a2aa442-1699-4b5e-852f-43b5b83fc5be:c77, 385e556a-2d1f-4a54-b566-fc4fd79f227c:c77]
2019-07-13 14:43:01,181 INFO  client.GrpcClientProtocolClient (GrpcClientProtocolClient.java:onNext(255)) - client-EAC7F388D919->71b53168-5f95-4a1a-bad4-07e11f6dba72: receive RaftClientReply:client-EAC7F388D919->71b53168-5f95-4a1a-bad4-07e11f6dba72@group-3D1635778A27, cid=98, SUCCESS, logIndex=0, commits[71b53168-5f95-4a1a-bad4-07e11f6dba72:c82, 3a2aa442-1699-4b5e-852f-43b5b83fc5be:c79, 385e556a-2d1f-4a54-b566-fc4fd79f227c:c79]
2019-07-13 14:43:01,186 INFO  client.GrpcClientProtocolClient (GrpcClientProtocolClient.java:onNext(255)) - client-EAC7F388D919->71b53168-5f95-4a1a-bad4-07e11f6dba72: receive RaftClientReply:client-EAC7F388D919->71b53168-5f95-4a1a-bad4-07e11f6dba72@group-3D1635778A27, cid=99, SUCCESS, logIndex=0, commits[71b53168-5f95-4a1a-bad4-07e11f6dba72:c85, 3a2aa442-1699-4b5e-852f-43b5b83fc5be:c81, 385e556a-2d1f-4a54-b566-fc4fd79f227c:c81]
2019-07-13 14:43:01,304 INFO  client.GrpcClientProtocolClient (GrpcClientProtocolClient.java:onNext(255)) - client-EAC7F388D919->71b53168-5f95-4a1a-bad4-07e11f6dba72: receive RaftClientReply:client-EAC7F388D919->71b53168-5f95-4a1a-bad4-07e11f6dba72@group-3D1635778A27, cid=100, SUCCESS, logIndex=86, commits[71b53168-5f95-4a1a-bad4-07e11f6dba72:c89, 3a2aa442-1699-4b5e-852f-43b5b83fc5be:c85, 385e556a-2d1f-4a54-b566-fc4fd79f227c:c85]
2019-07-13 14:43:01,386 INFO  client.GrpcClientProtocolClient (GrpcClientProtocolClient.java:onNext(255)) - client-EAC7F388D919->71b53168-5f95-4a1a-bad4-07e11f6dba72: receive RaftClientReply:client-EAC7F388D919->71b53168-5f95-4a1a-bad4-07e11f6dba72@group-3D1635778A27, cid=101, SUCCESS, logIndex=87, commits[71b53168-5f95-4a1a-bad4-07e11f6dba72:c93, 3a2aa442-1699-4b5e-852f-43b5b83fc5be:c89, 385e556a-2d1f-4a54-b566-fc4fd79f227c:c89]
2019-07-13 14:43:01,387 INFO  client.GrpcClientProtocolClient (GrpcClientProtocolClient.java:onNext(255)) - client-EAC7F388D919->71b53168-5f95-4a1a-bad4-07e11f6dba72: receive RaftClientReply:client-EAC7F388D919->71b53168-5f95-4a1a-bad4-07e11f6dba72@group-3D1635778A27, cid=102, SUCCESS, logIndex=88, commits[71b53168-5f95-4a1a-bad4-07e11f6dba72:c93, 3a2aa442-1699-4b5e-852f-43b5b83fc5be:c89, 385e556a-2d1f-4a54-b566-fc4fd79f227c:c89]
2019-07-13 14:43:01,488 INFO  client.GrpcClientProtocolClient (GrpcClientProtocolClient.java:onNext(255)) - client-EAC7F388D919->71b53168-5f95-4a1a-bad4-07e11f6dba72: receive RaftClientReply:client-EAC7F388D919->71b53168-5f95-4a1a-bad4-07e11f6dba72@group-3D1635778A27, cid=103, SUCCESS, logIndex=89, commits[71b53168-5f95-4a1a-bad4-07e11f6dba72:c93, 3a2aa442-1699-4b5e-852f-43b5b83fc5be:c89, 385e556a-2d1f-4a54-b566-fc4fd79f227c:c89]
2019-07-13 14:43:01,513 INFO  client.GrpcClientProtocolClient (GrpcClientProtocolClient.java:onNext(255)) - client-EAC7F388D919->71b53168-5f95-4a1a-bad4-07e11f6dba72: receive RaftClientReply:client-EAC7F388D919->71b53168-5f95-4a1a-bad4-07e11f6dba72@group-3D1635778A27, cid=104, SUCCESS, logIndex=94, commits[71b53168-5f95-4a1a-bad4-07e11f6dba72:c95, 3a2aa442-1699-4b5e-852f-43b5b83fc5be:c93, 385e556a-2d1f-4a54-b566-fc4fd79f227c:c93]
2019-07-13 14:43:01,514 INFO  client.GrpcClientProtocolClient (GrpcClientProtocolClient.java:onNext(255)) - client-EAC7F388D919->71b53168-5f95-4a1a-bad4-07e11f6dba72: receive RaftClientReply:client-EAC7F388D919->71b53168-5f95-4a1a-bad4-07e11f6dba72@group-3D1635778A27, cid=105, SUCCESS, logIndex=95, commits[71b53168-5f95-4a1a-bad4-07e11f6dba72:c95, 3a2aa442-1699-4b5e-852f-43b5b83fc5be:c93, 385e556a-2d1f-4a54-b566-fc4fd79f227c:c93]
2019-07-13 14:43:01,520 INFO  client.GrpcClientProtocolClient (GrpcClientProtocolClient.java:onNext(255)) - client-EAC7F388D919->71b53168-5f95-4a1a-bad4-07e11f6dba72: receive RaftClientReply:client-EAC7F388D919->71b53168-5f95-4a1a-bad4-07e11f6dba72@group-3D1635778A27, cid=106, SUCCESS, logIndex=96, commits[71b53168-5f95-4a1a-bad4-07e11f6dba72:c96, 3a2aa442-1699-4b5e-852f-43b5b83fc5be:c93, 385e556a-2d1f-4a54-b566-fc4fd79f227c:c93]
2019-07-13 14:43:01,521 INFO  client.GrpcClientProtocolClient (GrpcClientProtocolClient.java:onNext(255)) - client-EAC7F388D919->71b53168-5f95-4a1a-bad4-07e11f6dba72: receive RaftClientReply:client-EAC7F388D919->71b53168-5f95-4a1a-bad4-07e11f6dba72@group-3D1635778A27, cid=107, SUCCESS, logIndex=97, commits[71b53168-5f95-4a1a-bad4-07e11f6dba72:c99, 3a2aa442-1699-4b5e-852f-43b5b83fc5be:c95, 385e556a-2d1f-4a54-b566-fc4fd79f227c:c94]
2019-07-13 14:43:01,530 INFO  client.GrpcClientProtocolClient (GrpcClientProtocolClient.java:onNext(255)) - client-EAC7F388D919->71b53168-5f95-4a1a-bad4-07e11f6dba72: receive RaftClientReply:client-EAC7F388D919->71b53168-5f95-4a1a-bad4-07e11f6dba72@group-3D1635778A27, cid=108, SUCCESS, logIndex=0, commits[71b53168-5f95-4a1a-bad4-07e11f6dba72:c99, 3a2aa442-1699-4b5e-852f-43b5b83fc5be:c95, 385e556a-2d1f-4a54-b566-fc4fd79f227c:c95]
2019-07-13 14:43:01,533 INFO  client.GrpcClientProtocolClient (GrpcClientProtocolClient.java:onNext(255)) - client-EAC7F388D919->71b53168-5f95-4a1a-bad4-07e11f6dba72: receive RaftClientReply:client-EAC7F388D919->71b53168-5f95-4a1a-bad4-07e11f6dba72@group-3D1635778A27, cid=109, SUCCESS, logIndex=0, commits[71b53168-5f95-4a1a-bad4-07e11f6dba72:c101, 3a2aa442-1699-4b5e-852f-43b5b83fc5be:c97, 385e556a-2d1f-4a54-b566-fc4fd79f227c:c97]
2019-07-13 14:43:01,571 INFO  client.GrpcClientProtocolClient (GrpcClientProtocolClient.java:onNext(255)) - client-6BD4AE2D7B1B->b0c0c3e2-275c-4107-9f75-d1827b8e1924: receive RaftClientReply:client-6BD4AE2D7B1B->b0c0c3e2-275c-4107-9f75-d1827b8e1924@group-5709E0039CCC, cid=110, SUCCESS, logIndex=63, commits[b0c0c3e2-275c-4107-9f75-d1827b8e1924:c64, d37845be-7bdd-4fdf-a74e-f0fdeb4f99ea:c62, 5a909bff-8fa1-4564-9db7-4383cd66360a:c62]
2019-07-13 14:43:01,571 INFO  client.GrpcClientProtocolClient (GrpcClientProtocolClient.java:onNext(255)) - client-6BD4AE2D7B1B->b0c0c3e2-275c-4107-9f75-d1827b8e1924: receive RaftClientReply:client-6BD4AE2D7B1B->b0c0c3e2-275c-4107-9f75-d1827b8e1924@group-5709E0039CCC, cid=111, SUCCESS, logIndex=64, commits[b0c0c3e2-275c-4107-9f75-d1827b8e1924:c64, d37845be-7bdd-4fdf-a74e-f0fdeb4f99ea:c62, 5a909bff-8fa1-4564-9db7-4383cd66360a:c62]
2019-07-13 14:43:01,582 INFO  client.GrpcClientProtocolClient (GrpcClientProtocolClient.java:onNext(255)) - client-6BD4AE2D7B1B->b0c0c3e2-275c-4107-9f75-d1827b8e1924: receive RaftClientReply:client-6BD4AE2D7B1B->b0c0c3e2-275c-4107-9f75-d1827b8e1924@group-5709E0039CCC, cid=112, SUCCESS, logIndex=0, commits[b0c0c3e2-275c-4107-9f75-d1827b8e1924:c65, d37845be-7bdd-4fdf-a74e-f0fdeb4f99ea:c64, 5a909bff-8fa1-4564-9db7-4383cd66360a:c64]
2019-07-13 14:43:01,611 INFO  client.GrpcClientProtocolClient (GrpcClientProtocolClient.java:onNext(255)) - client-6BD4AE2D7B1B->b0c0c3e2-275c-4107-9f75-d1827b8e1924: receive RaftClientReply:client-6BD4AE2D7B1B->b0c0c3e2-275c-4107-9f75-d1827b8e1924@group-5709E0039CCC, cid=113, SUCCESS, logIndex=67, commits[b0c0c3e2-275c-4107-9f75-d1827b8e1924:c68, d37845be-7bdd-4fdf-a74e-f0fdeb4f99ea:c66, 5a909bff-8fa1-4564-9db7-4383cd66360a:c66]
2019-07-13 14:43:01,612 INFO  client.GrpcClientProtocolClient (GrpcClientProtocolClient.java:onNext(255)) - client-6BD4AE2D7B1B->b0c0c3e2-275c-4107-9f75-d1827b8e1924: receive RaftClientReply:client-6BD4AE2D7B1B->b0c0c3e2-275c-4107-9f75-d1827b8e1924@group-5709E0039CCC, cid=114, SUCCESS, logIndex=68, commits[b0c0c3e2-275c-4107-9f75-d1827b8e1924:c68, d37845be-7bdd-4fdf-a74e-f0fdeb4f99ea:c66, 5a909bff-8fa1-4564-9db7-4383cd66360a:c66]
2019-07-13 14:43:01,616 INFO  client.GrpcClientProtocolClient (GrpcClientProtocolClient.java:onNext(255)) - client-6BD4AE2D7B1B->b0c0c3e2-275c-4107-9f75-d1827b8e1924: receive RaftClientReply:client-6BD4AE2D7B1B->b0c0c3e2-275c-4107-9f75-d1827b8e1924@group-5709E0039CCC, cid=115, SUCCESS, logIndex=0, commits[b0c0c3e2-275c-4107-9f75-d1827b8e1924:c69, d37845be-7bdd-4fdf-a74e-f0fdeb4f99ea:c68, 5a909bff-8fa1-4564-9db7-4383cd66360a:c68]
2019-07-13 14:43:01,622 INFO  container.CloseContainerEventHandler (CloseContainerEventHandler.java:onMessage(61)) - Close container Event triggered for container : #11
2019-07-13 14:43:01,622 INFO  container.CloseContainerEventHandler (CloseContainerEventHandler.java:onMessage(61)) - Close container Event triggered for container : #11
2019-07-13 14:43:01,622 INFO  container.CloseContainerEventHandler (CloseContainerEventHandler.java:onMessage(61)) - Close container Event triggered for container : #11
2019-07-13 14:43:01,623 INFO  container.CloseContainerEventHandler (CloseContainerEventHandler.java:onMessage(61)) - Close container Event triggered for container : #12
2019-07-13 14:43:01,623 INFO  container.CloseContainerEventHandler (CloseContainerEventHandler.java:onMessage(61)) - Close container Event triggered for container : #12
2019-07-13 14:43:01,623 INFO  container.CloseContainerEventHandler (CloseContainerEventHandler.java:onMessage(61)) - Close container Event triggered for container : #12
2019-07-13 14:43:01,623 INFO  container.CloseContainerEventHandler (CloseContainerEventHandler.java:onMessage(61)) - Close container Event triggered for container : #4
2019-07-13 14:43:01,623 INFO  container.CloseContainerEventHandler (CloseContainerEventHandler.java:onMessage(61)) - Close container Event triggered for container : #4
2019-07-13 14:43:01,623 INFO  container.CloseContainerEventHandler (CloseContainerEventHandler.java:onMessage(61)) - Close container Event triggered for container : #4
2019-07-13 14:43:02,458 INFO  interfaces.Container (KeyValueContainer.java:compactDB(356)) - Container 11 is closed with bcsId 81.
2019-07-13 14:43:02,473 INFO  interfaces.Container (KeyValueContainer.java:compactDB(356)) - Container 11 is closed with bcsId 81.
2019-07-13 14:43:02,479 INFO  interfaces.Container (KeyValueContainer.java:compactDB(356)) - Container 11 is closed with bcsId 81.
2019-07-13 14:43:02,503 INFO  interfaces.Container (KeyValueContainer.java:compactDB(356)) - Container 12 is closed with bcsId 97.
2019-07-13 14:43:02,510 INFO  interfaces.Container (KeyValueContainer.java:compactDB(356)) - Container 12 is closed with bcsId 97.
2019-07-13 14:43:02,515 INFO  interfaces.Container (KeyValueContainer.java:compactDB(356)) - Container 12 is closed with bcsId 97.
2019-07-13 14:43:03,049 INFO  interfaces.Container (KeyValueContainer.java:compactDB(356)) - Container 4 is closed with bcsId 68.
2019-07-13 14:43:03,059 INFO  interfaces.Container (KeyValueContainer.java:compactDB(356)) - Container 4 is closed with bcsId 68.
2019-07-13 14:43:03,067 INFO  interfaces.Container (KeyValueContainer.java:compactDB(356)) - Container 4 is closed with bcsId 68.
14:43:03.126 [grpc-default-executor-3] ERROR DNAudit - user=null | ip=null | op=WRITE_CHUNK {blockData=conID: 4 locID: 102434667334926356 bcsId: 68} | ret=FAILURE
org.apache.hadoop.hdds.scm.container.common.helpers.ContainerNotOpenException: Container 4 in CLOSED state
	at org.apache.hadoop.ozone.container.common.impl.HddsDispatcher.validateContainerCommand(HddsDispatcher.java:408) ~[hadoop-hdds-container-service-0.5.0-SNAPSHOT.jar:?]
	at org.apache.hadoop.ozone.container.common.transport.server.ratis.ContainerStateMachine.startTransaction(ContainerStateMachine.java:271) ~[hadoop-hdds-container-service-0.5.0-SNAPSHOT.jar:?]
	at org.apache.ratis.server.impl.RaftServerImpl.submitClientRequestAsync(RaftServerImpl.java:566) ~[ratis-server-0.4.0-2337318-SNAPSHOT.jar:0.4.0-2337318-SNAPSHOT]
	at org.apache.ratis.server.impl.RaftServerProxy.lambda$submitClientRequestAsync$7(RaftServerProxy.java:333) ~[ratis-server-0.4.0-2337318-SNAPSHOT.jar:0.4.0-2337318-SNAPSHOT]
	at org.apache.ratis.server.impl.RaftServerProxy.lambda$null$5(RaftServerProxy.java:328) ~[ratis-server-0.4.0-2337318-SNAPSHOT.jar:0.4.0-2337318-SNAPSHOT]
	at org.apache.ratis.util.JavaUtils.callAsUnchecked(JavaUtils.java:109) ~[ratis-common-0.4.0-2337318-SNAPSHOT.jar:0.4.0-2337318-SNAPSHOT]
	at org.apache.ratis.server.impl.RaftServerProxy.lambda$submitRequest$6(RaftServerProxy.java:328) ~[ratis-server-0.4.0-2337318-SNAPSHOT.jar:0.4.0-2337318-SNAPSHOT]
	at java.util.concurrent.CompletableFuture.uniComposeStage(CompletableFuture.java:981) ~[?:1.8.0_212]
	at java.util.concurrent.CompletableFuture.thenCompose(CompletableFuture.java:2124) ~[?:1.8.0_212]
	at org.apache.ratis.server.impl.RaftServerProxy.submitRequest(RaftServerProxy.java:327) ~[ratis-server-0.4.0-2337318-SNAPSHOT.jar:0.4.0-2337318-SNAPSHOT]
	at org.apache.ratis.server.impl.RaftServerProxy.submitClientRequestAsync(RaftServerProxy.java:333) ~[ratis-server-0.4.0-2337318-SNAPSHOT.jar:0.4.0-2337318-SNAPSHOT]
	at org.apache.ratis.grpc.client.GrpcClientProtocolService$RequestStreamObserver.processClientRequest(GrpcClientProtocolService.java:220) ~[ratis-grpc-0.4.0-2337318-SNAPSHOT.jar:0.4.0-2337318-SNAPSHOT]
	at org.apache.ratis.grpc.client.GrpcClientProtocolService$OrderedRequestStreamObserver.processClientRequest(GrpcClientProtocolService.java:326) ~[ratis-grpc-0.4.0-2337318-SNAPSHOT.jar:0.4.0-2337318-SNAPSHOT]
	at org.apache.ratis.util.SlidingWindow$Server.processRequestsFromHead(SlidingWindow.java:429) [ratis-common-0.4.0-2337318-SNAPSHOT.jar:0.4.0-2337318-SNAPSHOT]
	at org.apache.ratis.util.SlidingWindow$Server.receivedRequest(SlidingWindow.java:421) [ratis-common-0.4.0-2337318-SNAPSHOT.jar:0.4.0-2337318-SNAPSHOT]
	at org.apache.ratis.grpc.client.GrpcClientProtocolService$OrderedRequestStreamObserver.processClientRequest(GrpcClientProtocolService.java:345) [ratis-grpc-0.4.0-2337318-SNAPSHOT.jar:0.4.0-2337318-SNAPSHOT]
	at org.apache.ratis.grpc.client.GrpcClientProtocolService$RequestStreamObserver.onNext(GrpcClientProtocolService.java:240) [ratis-grpc-0.4.0-2337318-SNAPSHOT.jar:0.4.0-2337318-SNAPSHOT]
	at org.apache.ratis.grpc.client.GrpcClientProtocolService$RequestStreamObserver.onNext(GrpcClientProtocolService.java:168) [ratis-grpc-0.4.0-2337318-SNAPSHOT.jar:0.4.0-2337318-SNAPSHOT]
	at org.apache.ratis.thirdparty.io.grpc.stub.ServerCalls$StreamingServerCallHandler$StreamingServerCallListener.onMessage(ServerCalls.java:248) [ratis-thirdparty-misc-0.2.0.jar:0.2.0]
	at org.apache.ratis.thirdparty.io.grpc.internal.ServerCallImpl$ServerStreamListenerImpl.messagesAvailable(ServerCallImpl.java:263) [ratis-thirdparty-misc-0.2.0.jar:0.2.0]
	at org.apache.ratis.thirdparty.io.grpc.internal.ServerImpl$JumpToApplicationThreadServerStreamListener$1MessagesAvailable.runInContext(ServerImpl.java:686) [ratis-thirdparty-misc-0.2.0.jar:0.2.0]
	at org.apache.ratis.thirdparty.io.grpc.internal.ContextRunnable.run(ContextRunnable.java:37) [ratis-thirdparty-misc-0.2.0.jar:0.2.0]
	at org.apache.ratis.thirdparty.io.grpc.internal.SerializingExecutor.run(SerializingExecutor.java:123) [ratis-thirdparty-misc-0.2.0.jar:0.2.0]
	at java.util.concurrent.ThreadPoolExecutor.runWorker(ThreadPoolExecutor.java:1149) [?:1.8.0_212]
	at java.util.concurrent.ThreadPoolExecutor$Worker.run(ThreadPoolExecutor.java:624) [?:1.8.0_212]
	at java.lang.Thread.run(Thread.java:748) [?:1.8.0_212]
14:43:03.137 [grpc-default-executor-3] ERROR DNAudit - user=null | ip=null | op=PUT_BLOCK {blockData=[blockId=conID: 4 locID: 102434667334926356 bcsId: 0,size=2621440]} | ret=FAILURE
org.apache.hadoop.hdds.scm.container.common.helpers.ContainerNotOpenException: Container 4 in CLOSED state
	at org.apache.hadoop.ozone.container.common.impl.HddsDispatcher.validateContainerCommand(HddsDispatcher.java:408) ~[hadoop-hdds-container-service-0.5.0-SNAPSHOT.jar:?]
	at org.apache.hadoop.ozone.container.common.transport.server.ratis.ContainerStateMachine.startTransaction(ContainerStateMachine.java:271) ~[hadoop-hdds-container-service-0.5.0-SNAPSHOT.jar:?]
	at org.apache.ratis.server.impl.RaftServerImpl.submitClientRequestAsync(RaftServerImpl.java:566) ~[ratis-server-0.4.0-2337318-SNAPSHOT.jar:0.4.0-2337318-SNAPSHOT]
	at org.apache.ratis.server.impl.RaftServerProxy.lambda$submitClientRequestAsync$7(RaftServerProxy.java:333) ~[ratis-server-0.4.0-2337318-SNAPSHOT.jar:0.4.0-2337318-SNAPSHOT]
	at org.apache.ratis.server.impl.RaftServerProxy.lambda$null$5(RaftServerProxy.java:328) ~[ratis-server-0.4.0-2337318-SNAPSHOT.jar:0.4.0-2337318-SNAPSHOT]
	at org.apache.ratis.util.JavaUtils.callAsUnchecked(JavaUtils.java:109) ~[ratis-common-0.4.0-2337318-SNAPSHOT.jar:0.4.0-2337318-SNAPSHOT]
	at org.apache.ratis.server.impl.RaftServerProxy.lambda$submitRequest$6(RaftServerProxy.java:328) ~[ratis-server-0.4.0-2337318-SNAPSHOT.jar:0.4.0-2337318-SNAPSHOT]
	at java.util.concurrent.CompletableFuture.uniComposeStage(CompletableFuture.java:981) ~[?:1.8.0_212]
	at java.util.concurrent.CompletableFuture.thenCompose(CompletableFuture.java:2124) ~[?:1.8.0_212]
	at org.apache.ratis.server.impl.RaftServerProxy.submitRequest(RaftServerProxy.java:327) ~[ratis-server-0.4.0-2337318-SNAPSHOT.jar:0.4.0-2337318-SNAPSHOT]
	at org.apache.ratis.server.impl.RaftServerProxy.submitClientRequestAsync(RaftServerProxy.java:333) ~[ratis-server-0.4.0-2337318-SNAPSHOT.jar:0.4.0-2337318-SNAPSHOT]
	at org.apache.ratis.grpc.client.GrpcClientProtocolService$RequestStreamObserver.processClientRequest(GrpcClientProtocolService.java:220) ~[ratis-grpc-0.4.0-2337318-SNAPSHOT.jar:0.4.0-2337318-SNAPSHOT]
	at org.apache.ratis.grpc.client.GrpcClientProtocolService$OrderedRequestStreamObserver.processClientRequest(GrpcClientProtocolService.java:326) ~[ratis-grpc-0.4.0-2337318-SNAPSHOT.jar:0.4.0-2337318-SNAPSHOT]
	at org.apache.ratis.util.SlidingWindow$Server.processRequestsFromHead(SlidingWindow.java:429) [ratis-common-0.4.0-2337318-SNAPSHOT.jar:0.4.0-2337318-SNAPSHOT]
	at org.apache.ratis.util.SlidingWindow$Server.receivedRequest(SlidingWindow.java:421) [ratis-common-0.4.0-2337318-SNAPSHOT.jar:0.4.0-2337318-SNAPSHOT]
	at org.apache.ratis.grpc.client.GrpcClientProtocolService$OrderedRequestStreamObserver.processClientRequest(GrpcClientProtocolService.java:345) [ratis-grpc-0.4.0-2337318-SNAPSHOT.jar:0.4.0-2337318-SNAPSHOT]
	at org.apache.ratis.grpc.client.GrpcClientProtocolService$RequestStreamObserver.onNext(GrpcClientProtocolService.java:240) [ratis-grpc-0.4.0-2337318-SNAPSHOT.jar:0.4.0-2337318-SNAPSHOT]
	at org.apache.ratis.grpc.client.GrpcClientProtocolService$RequestStreamObserver.onNext(GrpcClientProtocolService.java:168) [ratis-grpc-0.4.0-2337318-SNAPSHOT.jar:0.4.0-2337318-SNAPSHOT]
	at org.apache.ratis.thirdparty.io.grpc.stub.ServerCalls$StreamingServerCallHandler$StreamingServerCallListener.onMessage(ServerCalls.java:248) [ratis-thirdparty-misc-0.2.0.jar:0.2.0]
	at org.apache.ratis.thirdparty.io.grpc.internal.ServerCallImpl$ServerStreamListenerImpl.messagesAvailable(ServerCallImpl.java:263) [ratis-thirdparty-misc-0.2.0.jar:0.2.0]
	at org.apache.ratis.thirdparty.io.grpc.internal.ServerImpl$JumpToApplicationThreadServerStreamListener$1MessagesAvailable.runInContext(ServerImpl.java:686) [ratis-thirdparty-misc-0.2.0.jar:0.2.0]
	at org.apache.ratis.thirdparty.io.grpc.internal.ContextRunnable.run(ContextRunnable.java:37) [ratis-thirdparty-misc-0.2.0.jar:0.2.0]
	at org.apache.ratis.thirdparty.io.grpc.internal.SerializingExecutor.run(SerializingExecutor.java:123) [ratis-thirdparty-misc-0.2.0.jar:0.2.0]
	at java.util.concurrent.ThreadPoolExecutor.runWorker(ThreadPoolExecutor.java:1149) [?:1.8.0_212]
	at java.util.concurrent.ThreadPoolExecutor$Worker.run(ThreadPoolExecutor.java:624) [?:1.8.0_212]
	at java.lang.Thread.run(Thread.java:748) [?:1.8.0_212]
2019-07-13 14:43:03,139 INFO  client.GrpcClientProtocolClient (GrpcClientProtocolClient.java:onNext(255)) - client-6BD4AE2D7B1B->b0c0c3e2-275c-4107-9f75-d1827b8e1924: receive RaftClientReply:client-6BD4AE2D7B1B->b0c0c3e2-275c-4107-9f75-d1827b8e1924@group-5709E0039CCC, cid=116, FAILED org.apache.ratis.protocol.StateMachineException: org.apache.hadoop.hdds.scm.container.common.helpers.ContainerNotOpenException from Server b0c0c3e2-275c-4107-9f75-d1827b8e1924: Container 4 in CLOSED state, logIndex=0, commits[b0c0c3e2-275c-4107-9f75-d1827b8e1924:c72, d37845be-7bdd-4fdf-a74e-f0fdeb4f99ea:c71, 5a909bff-8fa1-4564-9db7-4383cd66360a:c71]
2019-07-13 14:43:03,146 INFO  client.GrpcClientProtocolClient (GrpcClientProtocolClient.java:onNext(255)) - client-6BD4AE2D7B1B->b0c0c3e2-275c-4107-9f75-d1827b8e1924: receive RaftClientReply:client-6BD4AE2D7B1B->b0c0c3e2-275c-4107-9f75-d1827b8e1924@group-5709E0039CCC, cid=117, FAILED org.apache.ratis.protocol.StateMachineException: org.apache.hadoop.hdds.scm.container.common.helpers.ContainerNotOpenException from Server b0c0c3e2-275c-4107-9f75-d1827b8e1924: Container 4 in CLOSED state, logIndex=0, commits[b0c0c3e2-275c-4107-9f75-d1827b8e1924:c72, d37845be-7bdd-4fdf-a74e-f0fdeb4f99ea:c71, 5a909bff-8fa1-4564-9db7-4383cd66360a:c71]
2019-07-13 14:43:03,248 INFO  client.GrpcClientProtocolClient (GrpcClientProtocolClient.java:onNext(255)) - client-EAC7F388D919->71b53168-5f95-4a1a-bad4-07e11f6dba72: receive RaftClientReply:client-EAC7F388D919->71b53168-5f95-4a1a-bad4-07e11f6dba72@group-3D1635778A27, cid=118, SUCCESS, logIndex=106, commits[71b53168-5f95-4a1a-bad4-07e11f6dba72:c107, 3a2aa442-1699-4b5e-852f-43b5b83fc5be:c105, 385e556a-2d1f-4a54-b566-fc4fd79f227c:c105]
2019-07-13 14:43:03,277 INFO  client.GrpcClientProtocolClient (GrpcClientProtocolClient.java:onNext(255)) - client-EAC7F388D919->71b53168-5f95-4a1a-bad4-07e11f6dba72: receive RaftClientReply:client-EAC7F388D919->71b53168-5f95-4a1a-bad4-07e11f6dba72@group-3D1635778A27, cid=119, SUCCESS, logIndex=107, commits[71b53168-5f95-4a1a-bad4-07e11f6dba72:c109, 3a2aa442-1699-4b5e-852f-43b5b83fc5be:c107, 385e556a-2d1f-4a54-b566-fc4fd79f227c:c107]
2019-07-13 14:43:03,466 INFO  pipeline.Pipeline (Pipeline.java:getProtobufMessage(195)) - Serialize pipeline PipelineID=3dcc15d1-8ab5-44ee-818d-3d1635778a27 with nodesInOrder{ }
]]></system-out>
  </testcase>
  <testcase name="testMultiBlockWrites3" classname="org.apache.hadoop.ozone.client.rpc.TestCloseContainerHandlingByClient" time="3.16">
    <error type="java.lang.IllegalArgumentException">java.lang.IllegalArgumentException
	at com.google.common.base.Preconditions.checkArgument(Preconditions.java:72)
	at org.apache.hadoop.hdds.scm.XceiverClientManager.acquireClient(XceiverClientManager.java:150)
	at org.apache.hadoop.hdds.scm.XceiverClientManager.acquireClientForReadData(XceiverClientManager.java:143)
	at org.apache.hadoop.hdds.scm.storage.BlockInputStream.getChunkInfos(BlockInputStream.java:154)
	at org.apache.hadoop.hdds.scm.storage.BlockInputStream.initialize(BlockInputStream.java:118)
	at org.apache.hadoop.hdds.scm.storage.BlockInputStream.read(BlockInputStream.java:222)
	at org.apache.hadoop.ozone.client.io.KeyInputStream.read(KeyInputStream.java:171)
	at org.apache.hadoop.ozone.client.io.OzoneInputStream.read(OzoneInputStream.java:47)
	at java.io.InputStream.read(InputStream.java:101)
	at org.apache.hadoop.ozone.client.rpc.TestCloseContainerHandlingByClient.testMultiBlockWrites3(TestCloseContainerHandlingByClient.java:325)
	at sun.reflect.NativeMethodAccessorImpl.invoke0(Native Method)
	at sun.reflect.NativeMethodAccessorImpl.invoke(NativeMethodAccessorImpl.java:62)
	at sun.reflect.DelegatingMethodAccessorImpl.invoke(DelegatingMethodAccessorImpl.java:43)
	at java.lang.reflect.Method.invoke(Method.java:498)
	at org.junit.runners.model.FrameworkMethod$1.runReflectiveCall(FrameworkMethod.java:47)
	at org.junit.internal.runners.model.ReflectiveCallable.run(ReflectiveCallable.java:12)
	at org.junit.runners.model.FrameworkMethod.invokeExplosively(FrameworkMethod.java:44)
	at org.junit.internal.runners.statements.InvokeMethod.evaluate(InvokeMethod.java:17)
	at org.junit.runners.ParentRunner.runLeaf(ParentRunner.java:271)
	at org.junit.runners.BlockJUnit4ClassRunner.runChild(BlockJUnit4ClassRunner.java:70)
	at org.junit.runners.BlockJUnit4ClassRunner.runChild(BlockJUnit4ClassRunner.java:50)
	at org.junit.runners.ParentRunner$3.run(ParentRunner.java:238)
	at org.junit.runners.ParentRunner$1.schedule(ParentRunner.java:63)
	at org.junit.runners.ParentRunner.runChildren(ParentRunner.java:236)
	at org.junit.runners.ParentRunner.access$000(ParentRunner.java:53)
	at org.junit.runners.ParentRunner$2.evaluate(ParentRunner.java:229)
	at org.junit.internal.runners.statements.RunBefores.evaluate(RunBefores.java:26)
	at org.junit.internal.runners.statements.RunAfters.evaluate(RunAfters.java:27)
	at org.junit.runners.ParentRunner.run(ParentRunner.java:309)
	at org.apache.maven.surefire.junit4.JUnit4Provider.execute(JUnit4Provider.java:365)
	at org.apache.maven.surefire.junit4.JUnit4Provider.executeWithRerun(JUnit4Provider.java:273)
	at org.apache.maven.surefire.junit4.JUnit4Provider.executeTestSet(JUnit4Provider.java:238)
	at org.apache.maven.surefire.junit4.JUnit4Provider.invoke(JUnit4Provider.java:159)
	at org.apache.maven.surefire.booter.ForkedBooter.invokeProviderInSameClassLoader(ForkedBooter.java:384)
	at org.apache.maven.surefire.booter.ForkedBooter.runSuitesInProcess(ForkedBooter.java:345)
	at org.apache.maven.surefire.booter.ForkedBooter.execute(ForkedBooter.java:126)
	at org.apache.maven.surefire.booter.ForkedBooter.main(ForkedBooter.java:418)
</error>
    <system-out><![CDATA[2019-07-13 14:43:03,756 INFO  client.GrpcClientProtocolClient (GrpcClientProtocolClient.java:onNext(255)) - client-EAC7F388D919->71b53168-5f95-4a1a-bad4-07e11f6dba72: receive RaftClientReply:client-EAC7F388D919->71b53168-5f95-4a1a-bad4-07e11f6dba72@group-3D1635778A27, cid=120, SUCCESS, logIndex=110, commits[71b53168-5f95-4a1a-bad4-07e11f6dba72:c113, 3a2aa442-1699-4b5e-852f-43b5b83fc5be:c109, 385e556a-2d1f-4a54-b566-fc4fd79f227c:c109]
2019-07-13 14:43:03,782 INFO  client.GrpcClientProtocolClient (GrpcClientProtocolClient.java:onNext(255)) - client-EAC7F388D919->71b53168-5f95-4a1a-bad4-07e11f6dba72: receive RaftClientReply:client-EAC7F388D919->71b53168-5f95-4a1a-bad4-07e11f6dba72@group-3D1635778A27, cid=121, SUCCESS, logIndex=111, commits[71b53168-5f95-4a1a-bad4-07e11f6dba72:c117, 3a2aa442-1699-4b5e-852f-43b5b83fc5be:c113, 385e556a-2d1f-4a54-b566-fc4fd79f227c:c113]
2019-07-13 14:43:03,783 INFO  client.GrpcClientProtocolClient (GrpcClientProtocolClient.java:onNext(255)) - client-EAC7F388D919->71b53168-5f95-4a1a-bad4-07e11f6dba72: receive RaftClientReply:client-EAC7F388D919->71b53168-5f95-4a1a-bad4-07e11f6dba72@group-3D1635778A27, cid=122, SUCCESS, logIndex=112, commits[71b53168-5f95-4a1a-bad4-07e11f6dba72:c117, 3a2aa442-1699-4b5e-852f-43b5b83fc5be:c113, 385e556a-2d1f-4a54-b566-fc4fd79f227c:c113]
2019-07-13 14:43:03,840 INFO  client.GrpcClientProtocolClient (GrpcClientProtocolClient.java:onNext(255)) - client-EAC7F388D919->71b53168-5f95-4a1a-bad4-07e11f6dba72: receive RaftClientReply:client-EAC7F388D919->71b53168-5f95-4a1a-bad4-07e11f6dba72@group-3D1635778A27, cid=123, SUCCESS, logIndex=113, commits[71b53168-5f95-4a1a-bad4-07e11f6dba72:c117, 3a2aa442-1699-4b5e-852f-43b5b83fc5be:c113, 385e556a-2d1f-4a54-b566-fc4fd79f227c:c113]
2019-07-13 14:43:03,870 INFO  client.GrpcClientProtocolClient (GrpcClientProtocolClient.java:onNext(255)) - client-EAC7F388D919->71b53168-5f95-4a1a-bad4-07e11f6dba72: receive RaftClientReply:client-EAC7F388D919->71b53168-5f95-4a1a-bad4-07e11f6dba72@group-3D1635778A27, cid=124, SUCCESS, logIndex=118, commits[71b53168-5f95-4a1a-bad4-07e11f6dba72:c119, 3a2aa442-1699-4b5e-852f-43b5b83fc5be:c117, 385e556a-2d1f-4a54-b566-fc4fd79f227c:c117]
2019-07-13 14:43:03,871 INFO  client.GrpcClientProtocolClient (GrpcClientProtocolClient.java:onNext(255)) - client-EAC7F388D919->71b53168-5f95-4a1a-bad4-07e11f6dba72: receive RaftClientReply:client-EAC7F388D919->71b53168-5f95-4a1a-bad4-07e11f6dba72@group-3D1635778A27, cid=125, SUCCESS, logIndex=119, commits[71b53168-5f95-4a1a-bad4-07e11f6dba72:c121, 3a2aa442-1699-4b5e-852f-43b5b83fc5be:c117, 385e556a-2d1f-4a54-b566-fc4fd79f227c:c117]
2019-07-13 14:43:03,872 INFO  client.GrpcClientProtocolClient (GrpcClientProtocolClient.java:onNext(255)) - client-EAC7F388D919->71b53168-5f95-4a1a-bad4-07e11f6dba72: receive RaftClientReply:client-EAC7F388D919->71b53168-5f95-4a1a-bad4-07e11f6dba72@group-3D1635778A27, cid=126, SUCCESS, logIndex=120, commits[71b53168-5f95-4a1a-bad4-07e11f6dba72:c121, 3a2aa442-1699-4b5e-852f-43b5b83fc5be:c117, 385e556a-2d1f-4a54-b566-fc4fd79f227c:c117]
2019-07-13 14:43:03,873 INFO  client.GrpcClientProtocolClient (GrpcClientProtocolClient.java:onNext(255)) - client-EAC7F388D919->71b53168-5f95-4a1a-bad4-07e11f6dba72: receive RaftClientReply:client-EAC7F388D919->71b53168-5f95-4a1a-bad4-07e11f6dba72@group-3D1635778A27, cid=127, SUCCESS, logIndex=121, commits[71b53168-5f95-4a1a-bad4-07e11f6dba72:c122, 3a2aa442-1699-4b5e-852f-43b5b83fc5be:c119, 385e556a-2d1f-4a54-b566-fc4fd79f227c:c117]
2019-07-13 14:43:03,875 INFO  client.GrpcClientProtocolClient (GrpcClientProtocolClient.java:onNext(255)) - client-EAC7F388D919->71b53168-5f95-4a1a-bad4-07e11f6dba72: receive RaftClientReply:client-EAC7F388D919->71b53168-5f95-4a1a-bad4-07e11f6dba72@group-3D1635778A27, cid=128, SUCCESS, logIndex=0, commits[71b53168-5f95-4a1a-bad4-07e11f6dba72:c124, 3a2aa442-1699-4b5e-852f-43b5b83fc5be:c121, 385e556a-2d1f-4a54-b566-fc4fd79f227c:c120]
2019-07-13 14:43:03,878 INFO  client.GrpcClientProtocolClient (GrpcClientProtocolClient.java:onNext(255)) - client-EAC7F388D919->71b53168-5f95-4a1a-bad4-07e11f6dba72: receive RaftClientReply:client-EAC7F388D919->71b53168-5f95-4a1a-bad4-07e11f6dba72@group-3D1635778A27, cid=129, SUCCESS, logIndex=0, commits[71b53168-5f95-4a1a-bad4-07e11f6dba72:c125, 3a2aa442-1699-4b5e-852f-43b5b83fc5be:c121, 385e556a-2d1f-4a54-b566-fc4fd79f227c:c121]
2019-07-13 14:43:03,963 INFO  client.GrpcClientProtocolClient (GrpcClientProtocolClient.java:onNext(255)) - client-EAC7F388D919->71b53168-5f95-4a1a-bad4-07e11f6dba72: receive RaftClientReply:client-EAC7F388D919->71b53168-5f95-4a1a-bad4-07e11f6dba72@group-3D1635778A27, cid=130, SUCCESS, logIndex=126, commits[71b53168-5f95-4a1a-bad4-07e11f6dba72:c129, 3a2aa442-1699-4b5e-852f-43b5b83fc5be:c125, 385e556a-2d1f-4a54-b566-fc4fd79f227c:c125]
2019-07-13 14:43:03,992 INFO  client.GrpcClientProtocolClient (GrpcClientProtocolClient.java:onNext(255)) - client-EAC7F388D919->71b53168-5f95-4a1a-bad4-07e11f6dba72: receive RaftClientReply:client-EAC7F388D919->71b53168-5f95-4a1a-bad4-07e11f6dba72@group-3D1635778A27, cid=131, SUCCESS, logIndex=127, commits[71b53168-5f95-4a1a-bad4-07e11f6dba72:c132, 3a2aa442-1699-4b5e-852f-43b5b83fc5be:c129, 385e556a-2d1f-4a54-b566-fc4fd79f227c:c129]
2019-07-13 14:43:03,993 INFO  client.GrpcClientProtocolClient (GrpcClientProtocolClient.java:onNext(255)) - client-EAC7F388D919->71b53168-5f95-4a1a-bad4-07e11f6dba72: receive RaftClientReply:client-EAC7F388D919->71b53168-5f95-4a1a-bad4-07e11f6dba72@group-3D1635778A27, cid=132, SUCCESS, logIndex=128, commits[71b53168-5f95-4a1a-bad4-07e11f6dba72:c132, 3a2aa442-1699-4b5e-852f-43b5b83fc5be:c129, 385e556a-2d1f-4a54-b566-fc4fd79f227c:c129]
2019-07-13 14:43:04,110 INFO  client.GrpcClientProtocolClient (GrpcClientProtocolClient.java:onNext(255)) - client-EAC7F388D919->71b53168-5f95-4a1a-bad4-07e11f6dba72: receive RaftClientReply:client-EAC7F388D919->71b53168-5f95-4a1a-bad4-07e11f6dba72@group-3D1635778A27, cid=133, SUCCESS, logIndex=129, commits[71b53168-5f95-4a1a-bad4-07e11f6dba72:c132, 3a2aa442-1699-4b5e-852f-43b5b83fc5be:c129, 385e556a-2d1f-4a54-b566-fc4fd79f227c:c129]
2019-07-13 14:43:04,134 INFO  client.GrpcClientProtocolClient (GrpcClientProtocolClient.java:onNext(255)) - client-EAC7F388D919->71b53168-5f95-4a1a-bad4-07e11f6dba72: receive RaftClientReply:client-EAC7F388D919->71b53168-5f95-4a1a-bad4-07e11f6dba72@group-3D1635778A27, cid=134, SUCCESS, logIndex=133, commits[71b53168-5f95-4a1a-bad4-07e11f6dba72:c135, 3a2aa442-1699-4b5e-852f-43b5b83fc5be:c132, 385e556a-2d1f-4a54-b566-fc4fd79f227c:c132]
2019-07-13 14:43:04,135 INFO  client.GrpcClientProtocolClient (GrpcClientProtocolClient.java:onNext(255)) - client-EAC7F388D919->71b53168-5f95-4a1a-bad4-07e11f6dba72: receive RaftClientReply:client-EAC7F388D919->71b53168-5f95-4a1a-bad4-07e11f6dba72@group-3D1635778A27, cid=135, SUCCESS, logIndex=134, commits[71b53168-5f95-4a1a-bad4-07e11f6dba72:c136, 3a2aa442-1699-4b5e-852f-43b5b83fc5be:c132, 385e556a-2d1f-4a54-b566-fc4fd79f227c:c132]
2019-07-13 14:43:04,136 INFO  client.GrpcClientProtocolClient (GrpcClientProtocolClient.java:onNext(255)) - client-EAC7F388D919->71b53168-5f95-4a1a-bad4-07e11f6dba72: receive RaftClientReply:client-EAC7F388D919->71b53168-5f95-4a1a-bad4-07e11f6dba72@group-3D1635778A27, cid=136, SUCCESS, logIndex=135, commits[71b53168-5f95-4a1a-bad4-07e11f6dba72:c136, 3a2aa442-1699-4b5e-852f-43b5b83fc5be:c132, 385e556a-2d1f-4a54-b566-fc4fd79f227c:c132]
2019-07-13 14:43:04,136 INFO  client.GrpcClientProtocolClient (GrpcClientProtocolClient.java:onNext(255)) - client-EAC7F388D919->71b53168-5f95-4a1a-bad4-07e11f6dba72: receive RaftClientReply:client-EAC7F388D919->71b53168-5f95-4a1a-bad4-07e11f6dba72@group-3D1635778A27, cid=137, SUCCESS, logIndex=136, commits[71b53168-5f95-4a1a-bad4-07e11f6dba72:c137, 3a2aa442-1699-4b5e-852f-43b5b83fc5be:c134, 385e556a-2d1f-4a54-b566-fc4fd79f227c:c134]
2019-07-13 14:43:04,139 INFO  client.GrpcClientProtocolClient (GrpcClientProtocolClient.java:onNext(255)) - client-EAC7F388D919->71b53168-5f95-4a1a-bad4-07e11f6dba72: receive RaftClientReply:client-EAC7F388D919->71b53168-5f95-4a1a-bad4-07e11f6dba72@group-3D1635778A27, cid=138, SUCCESS, logIndex=0, commits[71b53168-5f95-4a1a-bad4-07e11f6dba72:c140, 3a2aa442-1699-4b5e-852f-43b5b83fc5be:c136, 385e556a-2d1f-4a54-b566-fc4fd79f227c:c136]
2019-07-13 14:43:04,160 INFO  client.GrpcClientProtocolClient (GrpcClientProtocolClient.java:onNext(255)) - client-EAC7F388D919->71b53168-5f95-4a1a-bad4-07e11f6dba72: receive RaftClientReply:client-EAC7F388D919->71b53168-5f95-4a1a-bad4-07e11f6dba72@group-3D1635778A27, cid=139, SUCCESS, logIndex=141, commits[71b53168-5f95-4a1a-bad4-07e11f6dba72:c144, 3a2aa442-1699-4b5e-852f-43b5b83fc5be:c140, 385e556a-2d1f-4a54-b566-fc4fd79f227c:c140]
2019-07-13 14:43:04,161 INFO  client.GrpcClientProtocolClient (GrpcClientProtocolClient.java:onNext(255)) - client-EAC7F388D919->71b53168-5f95-4a1a-bad4-07e11f6dba72: receive RaftClientReply:client-EAC7F388D919->71b53168-5f95-4a1a-bad4-07e11f6dba72@group-3D1635778A27, cid=140, SUCCESS, logIndex=142, commits[71b53168-5f95-4a1a-bad4-07e11f6dba72:c144, 3a2aa442-1699-4b5e-852f-43b5b83fc5be:c140, 385e556a-2d1f-4a54-b566-fc4fd79f227c:c140]
2019-07-13 14:43:04,162 INFO  client.GrpcClientProtocolClient (GrpcClientProtocolClient.java:onNext(255)) - client-EAC7F388D919->71b53168-5f95-4a1a-bad4-07e11f6dba72: receive RaftClientReply:client-EAC7F388D919->71b53168-5f95-4a1a-bad4-07e11f6dba72@group-3D1635778A27, cid=141, SUCCESS, logIndex=143, commits[71b53168-5f95-4a1a-bad4-07e11f6dba72:c144, 3a2aa442-1699-4b5e-852f-43b5b83fc5be:c140, 385e556a-2d1f-4a54-b566-fc4fd79f227c:c140]
2019-07-13 14:43:04,162 INFO  client.GrpcClientProtocolClient (GrpcClientProtocolClient.java:onNext(255)) - client-EAC7F388D919->71b53168-5f95-4a1a-bad4-07e11f6dba72: receive RaftClientReply:client-EAC7F388D919->71b53168-5f95-4a1a-bad4-07e11f6dba72@group-3D1635778A27, cid=142, SUCCESS, logIndex=144, commits[71b53168-5f95-4a1a-bad4-07e11f6dba72:c144, 3a2aa442-1699-4b5e-852f-43b5b83fc5be:c140, 385e556a-2d1f-4a54-b566-fc4fd79f227c:c140]
2019-07-13 14:43:04,164 INFO  client.GrpcClientProtocolClient (GrpcClientProtocolClient.java:onNext(255)) - client-EAC7F388D919->71b53168-5f95-4a1a-bad4-07e11f6dba72: receive RaftClientReply:client-EAC7F388D919->71b53168-5f95-4a1a-bad4-07e11f6dba72@group-3D1635778A27, cid=143, SUCCESS, logIndex=0, commits[71b53168-5f95-4a1a-bad4-07e11f6dba72:c145, 3a2aa442-1699-4b5e-852f-43b5b83fc5be:c144, 385e556a-2d1f-4a54-b566-fc4fd79f227c:c142]
2019-07-13 14:43:04,181 INFO  client.GrpcClientProtocolClient (GrpcClientProtocolClient.java:onNext(255)) - client-EAC7F388D919->71b53168-5f95-4a1a-bad4-07e11f6dba72: receive RaftClientReply:client-EAC7F388D919->71b53168-5f95-4a1a-bad4-07e11f6dba72@group-3D1635778A27, cid=144, SUCCESS, logIndex=147, commits[71b53168-5f95-4a1a-bad4-07e11f6dba72:c148, 3a2aa442-1699-4b5e-852f-43b5b83fc5be:c146, 385e556a-2d1f-4a54-b566-fc4fd79f227c:c146]
2019-07-13 14:43:04,181 INFO  client.GrpcClientProtocolClient (GrpcClientProtocolClient.java:onNext(255)) - client-EAC7F388D919->71b53168-5f95-4a1a-bad4-07e11f6dba72: receive RaftClientReply:client-EAC7F388D919->71b53168-5f95-4a1a-bad4-07e11f6dba72@group-3D1635778A27, cid=145, SUCCESS, logIndex=148, commits[71b53168-5f95-4a1a-bad4-07e11f6dba72:c148, 3a2aa442-1699-4b5e-852f-43b5b83fc5be:c146, 385e556a-2d1f-4a54-b566-fc4fd79f227c:c146]
2019-07-13 14:43:04,197 INFO  client.GrpcClientProtocolClient (GrpcClientProtocolClient.java:onNext(255)) - client-EAC7F388D919->71b53168-5f95-4a1a-bad4-07e11f6dba72: receive RaftClientReply:client-EAC7F388D919->71b53168-5f95-4a1a-bad4-07e11f6dba72@group-3D1635778A27, cid=146, SUCCESS, logIndex=151, commits[71b53168-5f95-4a1a-bad4-07e11f6dba72:c152, 3a2aa442-1699-4b5e-852f-43b5b83fc5be:c150, 385e556a-2d1f-4a54-b566-fc4fd79f227c:c150]
2019-07-13 14:43:04,198 INFO  client.GrpcClientProtocolClient (GrpcClientProtocolClient.java:onNext(255)) - client-EAC7F388D919->71b53168-5f95-4a1a-bad4-07e11f6dba72: receive RaftClientReply:client-EAC7F388D919->71b53168-5f95-4a1a-bad4-07e11f6dba72@group-3D1635778A27, cid=147, SUCCESS, logIndex=152, commits[71b53168-5f95-4a1a-bad4-07e11f6dba72:c152, 3a2aa442-1699-4b5e-852f-43b5b83fc5be:c150, 385e556a-2d1f-4a54-b566-fc4fd79f227c:c150]
2019-07-13 14:43:04,200 INFO  client.GrpcClientProtocolClient (GrpcClientProtocolClient.java:onNext(255)) - client-EAC7F388D919->71b53168-5f95-4a1a-bad4-07e11f6dba72: receive RaftClientReply:client-EAC7F388D919->71b53168-5f95-4a1a-bad4-07e11f6dba72@group-3D1635778A27, cid=148, SUCCESS, logIndex=0, commits[71b53168-5f95-4a1a-bad4-07e11f6dba72:c153, 3a2aa442-1699-4b5e-852f-43b5b83fc5be:c152, 385e556a-2d1f-4a54-b566-fc4fd79f227c:c152]
2019-07-13 14:43:04,203 INFO  container.CloseContainerEventHandler (CloseContainerEventHandler.java:onMessage(61)) - Close container Event triggered for container : #14
2019-07-13 14:43:04,203 INFO  container.CloseContainerEventHandler (CloseContainerEventHandler.java:onMessage(61)) - Close container Event triggered for container : #14
2019-07-13 14:43:04,203 INFO  container.CloseContainerEventHandler (CloseContainerEventHandler.java:onMessage(61)) - Close container Event triggered for container : #14
2019-07-13 14:43:04,203 INFO  container.CloseContainerEventHandler (CloseContainerEventHandler.java:onMessage(61)) - Close container Event triggered for container : #15
2019-07-13 14:43:04,204 INFO  container.CloseContainerEventHandler (CloseContainerEventHandler.java:onMessage(61)) - Close container Event triggered for container : #15
2019-07-13 14:43:04,204 INFO  container.CloseContainerEventHandler (CloseContainerEventHandler.java:onMessage(61)) - Close container Event triggered for container : #15
2019-07-13 14:43:04,204 INFO  container.CloseContainerEventHandler (CloseContainerEventHandler.java:onMessage(61)) - Close container Event triggered for container : #13
2019-07-13 14:43:04,204 INFO  container.CloseContainerEventHandler (CloseContainerEventHandler.java:onMessage(61)) - Close container Event triggered for container : #13
2019-07-13 14:43:04,204 INFO  container.CloseContainerEventHandler (CloseContainerEventHandler.java:onMessage(61)) - Close container Event triggered for container : #13
2019-07-13 14:43:04,215 INFO  client.GrpcClientProtocolClient (GrpcClientProtocolClient.java:onNext(255)) - client-EAC7F388D919->71b53168-5f95-4a1a-bad4-07e11f6dba72: receive RaftClientReply:client-EAC7F388D919->71b53168-5f95-4a1a-bad4-07e11f6dba72@group-3D1635778A27, cid=149, SUCCESS, logIndex=155, commits[71b53168-5f95-4a1a-bad4-07e11f6dba72:c156, 3a2aa442-1699-4b5e-852f-43b5b83fc5be:c154, 385e556a-2d1f-4a54-b566-fc4fd79f227c:c154]
2019-07-13 14:43:04,216 INFO  client.GrpcClientProtocolClient (GrpcClientProtocolClient.java:onNext(255)) - client-EAC7F388D919->71b53168-5f95-4a1a-bad4-07e11f6dba72: receive RaftClientReply:client-EAC7F388D919->71b53168-5f95-4a1a-bad4-07e11f6dba72@group-3D1635778A27, cid=150, SUCCESS, logIndex=156, commits[71b53168-5f95-4a1a-bad4-07e11f6dba72:c156, 3a2aa442-1699-4b5e-852f-43b5b83fc5be:c154, 385e556a-2d1f-4a54-b566-fc4fd79f227c:c154]
2019-07-13 14:43:05,943 INFO  interfaces.Container (KeyValueContainer.java:compactDB(356)) - Container 14 is closed with bcsId 156.
2019-07-13 14:43:05,952 INFO  interfaces.Container (KeyValueContainer.java:compactDB(356)) - Container 14 is closed with bcsId 156.
2019-07-13 14:43:05,960 INFO  interfaces.Container (KeyValueContainer.java:compactDB(356)) - Container 14 is closed with bcsId 156.
2019-07-13 14:43:05,972 INFO  interfaces.Container (KeyValueContainer.java:compactDB(356)) - Container 15 is closed with bcsId 136.
2019-07-13 14:43:05,972 INFO  interfaces.Container (KeyValueContainer.java:compactDB(356)) - Container 15 is closed with bcsId 136.
2019-07-13 14:43:05,984 INFO  interfaces.Container (KeyValueContainer.java:compactDB(356)) - Container 15 is closed with bcsId 136.
2019-07-13 14:43:06,001 INFO  interfaces.Container (KeyValueContainer.java:compactDB(356)) - Container 13 is closed with bcsId 152.
2019-07-13 14:43:06,001 INFO  interfaces.Container (KeyValueContainer.java:compactDB(356)) - Container 13 is closed with bcsId 152.
2019-07-13 14:43:06,010 INFO  interfaces.Container (KeyValueContainer.java:compactDB(356)) - Container 13 is closed with bcsId 152.
14:43:06.211 [grpc-default-executor-2] ERROR DNAudit - user=null | ip=null | op=WRITE_CHUNK {blockData=conID: 14 locID: 102434667461148698 bcsId: 156} | ret=FAILURE
org.apache.hadoop.hdds.scm.container.common.helpers.ContainerNotOpenException: Container 14 in CLOSED state
	at org.apache.hadoop.ozone.container.common.impl.HddsDispatcher.validateContainerCommand(HddsDispatcher.java:408) ~[hadoop-hdds-container-service-0.5.0-SNAPSHOT.jar:?]
	at org.apache.hadoop.ozone.container.common.transport.server.ratis.ContainerStateMachine.startTransaction(ContainerStateMachine.java:271) ~[hadoop-hdds-container-service-0.5.0-SNAPSHOT.jar:?]
	at org.apache.ratis.server.impl.RaftServerImpl.submitClientRequestAsync(RaftServerImpl.java:566) ~[ratis-server-0.4.0-2337318-SNAPSHOT.jar:0.4.0-2337318-SNAPSHOT]
	at org.apache.ratis.server.impl.RaftServerProxy.lambda$submitClientRequestAsync$7(RaftServerProxy.java:333) ~[ratis-server-0.4.0-2337318-SNAPSHOT.jar:0.4.0-2337318-SNAPSHOT]
	at org.apache.ratis.server.impl.RaftServerProxy.lambda$null$5(RaftServerProxy.java:328) ~[ratis-server-0.4.0-2337318-SNAPSHOT.jar:0.4.0-2337318-SNAPSHOT]
	at org.apache.ratis.util.JavaUtils.callAsUnchecked(JavaUtils.java:109) ~[ratis-common-0.4.0-2337318-SNAPSHOT.jar:0.4.0-2337318-SNAPSHOT]
	at org.apache.ratis.server.impl.RaftServerProxy.lambda$submitRequest$6(RaftServerProxy.java:328) ~[ratis-server-0.4.0-2337318-SNAPSHOT.jar:0.4.0-2337318-SNAPSHOT]
	at java.util.concurrent.CompletableFuture.uniComposeStage(CompletableFuture.java:981) ~[?:1.8.0_212]
	at java.util.concurrent.CompletableFuture.thenCompose(CompletableFuture.java:2124) ~[?:1.8.0_212]
	at org.apache.ratis.server.impl.RaftServerProxy.submitRequest(RaftServerProxy.java:327) ~[ratis-server-0.4.0-2337318-SNAPSHOT.jar:0.4.0-2337318-SNAPSHOT]
	at org.apache.ratis.server.impl.RaftServerProxy.submitClientRequestAsync(RaftServerProxy.java:333) ~[ratis-server-0.4.0-2337318-SNAPSHOT.jar:0.4.0-2337318-SNAPSHOT]
	at org.apache.ratis.grpc.client.GrpcClientProtocolService$RequestStreamObserver.processClientRequest(GrpcClientProtocolService.java:220) ~[ratis-grpc-0.4.0-2337318-SNAPSHOT.jar:0.4.0-2337318-SNAPSHOT]
	at org.apache.ratis.grpc.client.GrpcClientProtocolService$OrderedRequestStreamObserver.processClientRequest(GrpcClientProtocolService.java:326) ~[ratis-grpc-0.4.0-2337318-SNAPSHOT.jar:0.4.0-2337318-SNAPSHOT]
	at org.apache.ratis.util.SlidingWindow$Server.processRequestsFromHead(SlidingWindow.java:429) [ratis-common-0.4.0-2337318-SNAPSHOT.jar:0.4.0-2337318-SNAPSHOT]
	at org.apache.ratis.util.SlidingWindow$Server.receivedRequest(SlidingWindow.java:421) [ratis-common-0.4.0-2337318-SNAPSHOT.jar:0.4.0-2337318-SNAPSHOT]
	at org.apache.ratis.grpc.client.GrpcClientProtocolService$OrderedRequestStreamObserver.processClientRequest(GrpcClientProtocolService.java:345) [ratis-grpc-0.4.0-2337318-SNAPSHOT.jar:0.4.0-2337318-SNAPSHOT]
	at org.apache.ratis.grpc.client.GrpcClientProtocolService$RequestStreamObserver.onNext(GrpcClientProtocolService.java:240) [ratis-grpc-0.4.0-2337318-SNAPSHOT.jar:0.4.0-2337318-SNAPSHOT]
	at org.apache.ratis.grpc.client.GrpcClientProtocolService$RequestStreamObserver.onNext(GrpcClientProtocolService.java:168) [ratis-grpc-0.4.0-2337318-SNAPSHOT.jar:0.4.0-2337318-SNAPSHOT]
	at org.apache.ratis.thirdparty.io.grpc.stub.ServerCalls$StreamingServerCallHandler$StreamingServerCallListener.onMessage(ServerCalls.java:248) [ratis-thirdparty-misc-0.2.0.jar:0.2.0]
	at org.apache.ratis.thirdparty.io.grpc.internal.ServerCallImpl$ServerStreamListenerImpl.messagesAvailable(ServerCallImpl.java:263) [ratis-thirdparty-misc-0.2.0.jar:0.2.0]
	at org.apache.ratis.thirdparty.io.grpc.internal.ServerImpl$JumpToApplicationThreadServerStreamListener$1MessagesAvailable.runInContext(ServerImpl.java:686) [ratis-thirdparty-misc-0.2.0.jar:0.2.0]
	at org.apache.ratis.thirdparty.io.grpc.internal.ContextRunnable.run(ContextRunnable.java:37) [ratis-thirdparty-misc-0.2.0.jar:0.2.0]
	at org.apache.ratis.thirdparty.io.grpc.internal.SerializingExecutor.run(SerializingExecutor.java:123) [ratis-thirdparty-misc-0.2.0.jar:0.2.0]
	at java.util.concurrent.ThreadPoolExecutor.runWorker(ThreadPoolExecutor.java:1149) [?:1.8.0_212]
	at java.util.concurrent.ThreadPoolExecutor$Worker.run(ThreadPoolExecutor.java:624) [?:1.8.0_212]
	at java.lang.Thread.run(Thread.java:748) [?:1.8.0_212]
14:43:06.219 [grpc-default-executor-2] ERROR DNAudit - user=null | ip=null | op=PUT_BLOCK {blockData=[blockId=conID: 14 locID: 102434667461148698 bcsId: 0,size=2097152]} | ret=FAILURE
org.apache.hadoop.hdds.scm.container.common.helpers.ContainerNotOpenException: Container 14 in CLOSED state
	at org.apache.hadoop.ozone.container.common.impl.HddsDispatcher.validateContainerCommand(HddsDispatcher.java:408) ~[hadoop-hdds-container-service-0.5.0-SNAPSHOT.jar:?]
	at org.apache.hadoop.ozone.container.common.transport.server.ratis.ContainerStateMachine.startTransaction(ContainerStateMachine.java:271) ~[hadoop-hdds-container-service-0.5.0-SNAPSHOT.jar:?]
	at org.apache.ratis.server.impl.RaftServerImpl.submitClientRequestAsync(RaftServerImpl.java:566) ~[ratis-server-0.4.0-2337318-SNAPSHOT.jar:0.4.0-2337318-SNAPSHOT]
	at org.apache.ratis.server.impl.RaftServerProxy.lambda$submitClientRequestAsync$7(RaftServerProxy.java:333) ~[ratis-server-0.4.0-2337318-SNAPSHOT.jar:0.4.0-2337318-SNAPSHOT]
	at org.apache.ratis.server.impl.RaftServerProxy.lambda$null$5(RaftServerProxy.java:328) ~[ratis-server-0.4.0-2337318-SNAPSHOT.jar:0.4.0-2337318-SNAPSHOT]
	at org.apache.ratis.util.JavaUtils.callAsUnchecked(JavaUtils.java:109) ~[ratis-common-0.4.0-2337318-SNAPSHOT.jar:0.4.0-2337318-SNAPSHOT]
	at org.apache.ratis.server.impl.RaftServerProxy.lambda$submitRequest$6(RaftServerProxy.java:328) ~[ratis-server-0.4.0-2337318-SNAPSHOT.jar:0.4.0-2337318-SNAPSHOT]
	at java.util.concurrent.CompletableFuture.uniComposeStage(CompletableFuture.java:981) ~[?:1.8.0_212]
	at java.util.concurrent.CompletableFuture.thenCompose(CompletableFuture.java:2124) ~[?:1.8.0_212]
	at org.apache.ratis.server.impl.RaftServerProxy.submitRequest(RaftServerProxy.java:327) ~[ratis-server-0.4.0-2337318-SNAPSHOT.jar:0.4.0-2337318-SNAPSHOT]
	at org.apache.ratis.server.impl.RaftServerProxy.submitClientRequestAsync(RaftServerProxy.java:333) ~[ratis-server-0.4.0-2337318-SNAPSHOT.jar:0.4.0-2337318-SNAPSHOT]
	at org.apache.ratis.grpc.client.GrpcClientProtocolService$RequestStreamObserver.processClientRequest(GrpcClientProtocolService.java:220) ~[ratis-grpc-0.4.0-2337318-SNAPSHOT.jar:0.4.0-2337318-SNAPSHOT]
	at org.apache.ratis.grpc.client.GrpcClientProtocolService$OrderedRequestStreamObserver.processClientRequest(GrpcClientProtocolService.java:326) ~[ratis-grpc-0.4.0-2337318-SNAPSHOT.jar:0.4.0-2337318-SNAPSHOT]
	at org.apache.ratis.util.SlidingWindow$Server.processRequestsFromHead(SlidingWindow.java:429) [ratis-common-0.4.0-2337318-SNAPSHOT.jar:0.4.0-2337318-SNAPSHOT]
	at org.apache.ratis.util.SlidingWindow$Server.receivedRequest(SlidingWindow.java:421) [ratis-common-0.4.0-2337318-SNAPSHOT.jar:0.4.0-2337318-SNAPSHOT]
	at org.apache.ratis.grpc.client.GrpcClientProtocolService$OrderedRequestStreamObserver.processClientRequest(GrpcClientProtocolService.java:345) [ratis-grpc-0.4.0-2337318-SNAPSHOT.jar:0.4.0-2337318-SNAPSHOT]
	at org.apache.ratis.grpc.client.GrpcClientProtocolService$RequestStreamObserver.onNext(GrpcClientProtocolService.java:240) [ratis-grpc-0.4.0-2337318-SNAPSHOT.jar:0.4.0-2337318-SNAPSHOT]
	at org.apache.ratis.grpc.client.GrpcClientProtocolService$RequestStreamObserver.onNext(GrpcClientProtocolService.java:168) [ratis-grpc-0.4.0-2337318-SNAPSHOT.jar:0.4.0-2337318-SNAPSHOT]
	at org.apache.ratis.thirdparty.io.grpc.stub.ServerCalls$StreamingServerCallHandler$StreamingServerCallListener.onMessage(ServerCalls.java:248) [ratis-thirdparty-misc-0.2.0.jar:0.2.0]
	at org.apache.ratis.thirdparty.io.grpc.internal.ServerCallImpl$ServerStreamListenerImpl.messagesAvailable(ServerCallImpl.java:263) [ratis-thirdparty-misc-0.2.0.jar:0.2.0]
	at org.apache.ratis.thirdparty.io.grpc.internal.ServerImpl$JumpToApplicationThreadServerStreamListener$1MessagesAvailable.runInContext(ServerImpl.java:686) [ratis-thirdparty-misc-0.2.0.jar:0.2.0]
	at org.apache.ratis.thirdparty.io.grpc.internal.ContextRunnable.run(ContextRunnable.java:37) [ratis-thirdparty-misc-0.2.0.jar:0.2.0]
	at org.apache.ratis.thirdparty.io.grpc.internal.SerializingExecutor.run(SerializingExecutor.java:123) [ratis-thirdparty-misc-0.2.0.jar:0.2.0]
	at java.util.concurrent.ThreadPoolExecutor.runWorker(ThreadPoolExecutor.java:1149) [?:1.8.0_212]
	at java.util.concurrent.ThreadPoolExecutor$Worker.run(ThreadPoolExecutor.java:624) [?:1.8.0_212]
	at java.lang.Thread.run(Thread.java:748) [?:1.8.0_212]
2019-07-13 14:43:06,220 INFO  client.GrpcClientProtocolClient (GrpcClientProtocolClient.java:onNext(255)) - client-EAC7F388D919->71b53168-5f95-4a1a-bad4-07e11f6dba72: receive RaftClientReply:client-EAC7F388D919->71b53168-5f95-4a1a-bad4-07e11f6dba72@group-3D1635778A27, cid=151, FAILED org.apache.ratis.protocol.StateMachineException: org.apache.hadoop.hdds.scm.container.common.helpers.ContainerNotOpenException from Server 71b53168-5f95-4a1a-bad4-07e11f6dba72: Container 14 in CLOSED state, logIndex=0, commits[71b53168-5f95-4a1a-bad4-07e11f6dba72:c164, 3a2aa442-1699-4b5e-852f-43b5b83fc5be:c163, 385e556a-2d1f-4a54-b566-fc4fd79f227c:c163]
2019-07-13 14:43:06,227 INFO  client.GrpcClientProtocolClient (GrpcClientProtocolClient.java:onNext(255)) - client-EAC7F388D919->71b53168-5f95-4a1a-bad4-07e11f6dba72: receive RaftClientReply:client-EAC7F388D919->71b53168-5f95-4a1a-bad4-07e11f6dba72@group-3D1635778A27, cid=152, FAILED org.apache.ratis.protocol.StateMachineException: org.apache.hadoop.hdds.scm.container.common.helpers.ContainerNotOpenException from Server 71b53168-5f95-4a1a-bad4-07e11f6dba72: Container 14 in CLOSED state, logIndex=0, commits[71b53168-5f95-4a1a-bad4-07e11f6dba72:c164, 3a2aa442-1699-4b5e-852f-43b5b83fc5be:c163, 385e556a-2d1f-4a54-b566-fc4fd79f227c:c163]
2019-07-13 14:43:06,392 INFO  client.GrpcClientProtocolClient (GrpcClientProtocolClient.java:onNext(255)) - client-6BD4AE2D7B1B->b0c0c3e2-275c-4107-9f75-d1827b8e1924: receive RaftClientReply:client-6BD4AE2D7B1B->b0c0c3e2-275c-4107-9f75-d1827b8e1924@group-5709E0039CCC, cid=153, SUCCESS, logIndex=73, commits[b0c0c3e2-275c-4107-9f75-d1827b8e1924:c76, d37845be-7bdd-4fdf-a74e-f0fdeb4f99ea:c72, 5a909bff-8fa1-4564-9db7-4383cd66360a:c72]
2019-07-13 14:43:06,421 INFO  client.GrpcClientProtocolClient (GrpcClientProtocolClient.java:onNext(255)) - client-6BD4AE2D7B1B->b0c0c3e2-275c-4107-9f75-d1827b8e1924: receive RaftClientReply:client-6BD4AE2D7B1B->b0c0c3e2-275c-4107-9f75-d1827b8e1924@group-5709E0039CCC, cid=154, SUCCESS, logIndex=74, commits[b0c0c3e2-275c-4107-9f75-d1827b8e1924:c79, d37845be-7bdd-4fdf-a74e-f0fdeb4f99ea:c76, 5a909bff-8fa1-4564-9db7-4383cd66360a:c76]
2019-07-13 14:43:06,421 INFO  client.GrpcClientProtocolClient (GrpcClientProtocolClient.java:onNext(255)) - client-6BD4AE2D7B1B->b0c0c3e2-275c-4107-9f75-d1827b8e1924: receive RaftClientReply:client-6BD4AE2D7B1B->b0c0c3e2-275c-4107-9f75-d1827b8e1924@group-5709E0039CCC, cid=155, SUCCESS, logIndex=75, commits[b0c0c3e2-275c-4107-9f75-d1827b8e1924:c79, d37845be-7bdd-4fdf-a74e-f0fdeb4f99ea:c76, 5a909bff-8fa1-4564-9db7-4383cd66360a:c76]
2019-07-13 14:43:06,472 INFO  client.GrpcClientProtocolClient (GrpcClientProtocolClient.java:onNext(255)) - client-6BD4AE2D7B1B->b0c0c3e2-275c-4107-9f75-d1827b8e1924: receive RaftClientReply:client-6BD4AE2D7B1B->b0c0c3e2-275c-4107-9f75-d1827b8e1924@group-5709E0039CCC, cid=156, SUCCESS, logIndex=76, commits[b0c0c3e2-275c-4107-9f75-d1827b8e1924:c79, d37845be-7bdd-4fdf-a74e-f0fdeb4f99ea:c76, 5a909bff-8fa1-4564-9db7-4383cd66360a:c76]
2019-07-13 14:43:06,497 INFO  client.GrpcClientProtocolClient (GrpcClientProtocolClient.java:onNext(255)) - client-6BD4AE2D7B1B->b0c0c3e2-275c-4107-9f75-d1827b8e1924: receive RaftClientReply:client-6BD4AE2D7B1B->b0c0c3e2-275c-4107-9f75-d1827b8e1924@group-5709E0039CCC, cid=157, SUCCESS, logIndex=80, commits[b0c0c3e2-275c-4107-9f75-d1827b8e1924:c83, d37845be-7bdd-4fdf-a74e-f0fdeb4f99ea:c79, 5a909bff-8fa1-4564-9db7-4383cd66360a:c79]
2019-07-13 14:43:06,498 INFO  client.GrpcClientProtocolClient (GrpcClientProtocolClient.java:onNext(255)) - client-6BD4AE2D7B1B->b0c0c3e2-275c-4107-9f75-d1827b8e1924: receive RaftClientReply:client-6BD4AE2D7B1B->b0c0c3e2-275c-4107-9f75-d1827b8e1924@group-5709E0039CCC, cid=158, SUCCESS, logIndex=81, commits[b0c0c3e2-275c-4107-9f75-d1827b8e1924:c83, d37845be-7bdd-4fdf-a74e-f0fdeb4f99ea:c79, 5a909bff-8fa1-4564-9db7-4383cd66360a:c79]
2019-07-13 14:43:06,499 INFO  client.GrpcClientProtocolClient (GrpcClientProtocolClient.java:onNext(255)) - client-6BD4AE2D7B1B->b0c0c3e2-275c-4107-9f75-d1827b8e1924: receive RaftClientReply:client-6BD4AE2D7B1B->b0c0c3e2-275c-4107-9f75-d1827b8e1924@group-5709E0039CCC, cid=159, SUCCESS, logIndex=82, commits[b0c0c3e2-275c-4107-9f75-d1827b8e1924:c83, d37845be-7bdd-4fdf-a74e-f0fdeb4f99ea:c79, 5a909bff-8fa1-4564-9db7-4383cd66360a:c79]
2019-07-13 14:43:06,503 INFO  client.GrpcClientProtocolClient (GrpcClientProtocolClient.java:onNext(255)) - client-6BD4AE2D7B1B->b0c0c3e2-275c-4107-9f75-d1827b8e1924: receive RaftClientReply:client-6BD4AE2D7B1B->b0c0c3e2-275c-4107-9f75-d1827b8e1924@group-5709E0039CCC, cid=160, SUCCESS, logIndex=83, commits[b0c0c3e2-275c-4107-9f75-d1827b8e1924:c83, d37845be-7bdd-4fdf-a74e-f0fdeb4f99ea:c79, 5a909bff-8fa1-4564-9db7-4383cd66360a:c79]
2019-07-13 14:43:06,506 INFO  client.GrpcClientProtocolClient (GrpcClientProtocolClient.java:onNext(255)) - client-6BD4AE2D7B1B->b0c0c3e2-275c-4107-9f75-d1827b8e1924: receive RaftClientReply:client-6BD4AE2D7B1B->b0c0c3e2-275c-4107-9f75-d1827b8e1924@group-5709E0039CCC, cid=161, SUCCESS, logIndex=0, commits[b0c0c3e2-275c-4107-9f75-d1827b8e1924:c85, d37845be-7bdd-4fdf-a74e-f0fdeb4f99ea:c83, 5a909bff-8fa1-4564-9db7-4383cd66360a:c83]
2019-07-13 14:43:06,508 INFO  client.GrpcClientProtocolClient (GrpcClientProtocolClient.java:onNext(255)) - client-6BD4AE2D7B1B->b0c0c3e2-275c-4107-9f75-d1827b8e1924: receive RaftClientReply:client-6BD4AE2D7B1B->b0c0c3e2-275c-4107-9f75-d1827b8e1924@group-5709E0039CCC, cid=162, SUCCESS, logIndex=0, commits[b0c0c3e2-275c-4107-9f75-d1827b8e1924:c85, d37845be-7bdd-4fdf-a74e-f0fdeb4f99ea:c83, 5a909bff-8fa1-4564-9db7-4383cd66360a:c83]
2019-07-13 14:43:06,533 INFO  pipeline.Pipeline (Pipeline.java:getProtobufMessage(195)) - Serialize pipeline PipelineID=50590dc0-ee65-486c-b87e-5709e0039ccc with nodesInOrder{ }
2019-07-13 14:43:06,534 INFO  pipeline.Pipeline (Pipeline.java:build(342)) - Deserialize nodesInOrder [5a909bff-8fa1-4564-9db7-4383cd66360a{ip: 192.168.5.172, host: trunk-nightly-mhs6z-4061744966, networkLocation: /default-rack, certSerialId: null}, 5a909bff-8fa1-4564-9db7-4383cd66360a{ip: 192.168.5.172, host: trunk-nightly-mhs6z-4061744966, networkLocation: /default-rack, certSerialId: null}, 5a909bff-8fa1-4564-9db7-4383cd66360a{ip: 192.168.5.172, host: trunk-nightly-mhs6z-4061744966, networkLocation: /default-rack, certSerialId: null}] in pipeline PipelineID=50590dc0-ee65-486c-b87e-5709e0039ccc
]]></system-out>
  </testcase>
  <testcase name="testDiscardPreallocatedBlocks" classname="org.apache.hadoop.ozone.client.rpc.TestCloseContainerHandlingByClient" time="0">
    <skipped/>
  </testcase>
</testsuite>