<?xml version="1.0" encoding="UTF-8"?>
<testsuite xmlns:xsi="http://www.w3.org/2001/XMLSchema-instance" xsi:noNamespaceSchemaLocation="https://maven.apache.org/surefire/maven-surefire-plugin/xsd/surefire-test-report.xsd" name="org.apache.hadoop.ozone.client.rpc.TestReadRetries" time="49.19" tests="1" errors="1" skipped="0" failures="0">
  <properties>
    <property name="awt.toolkit" value="sun.awt.X11.XToolkit"/>
    <property name="file.encoding.pkg" value="sun.io"/>
    <property name="java.specification.version" value="1.8"/>
    <property name="sun.cpu.isalist" value=""/>
    <property name="sun.jnu.encoding" value="UTF-8"/>
    <property name="java.class.path" value="/tmp/workdir/hadoop-ozone/integration-test/target/test-classes:/tmp/workdir/hadoop-ozone/integration-test/target/classes:/home/user/.m2/repository/org/apache/hadoop/hadoop-ozone-common/0.5.0-SNAPSHOT/hadoop-ozone-common-0.5.0-SNAPSHOT.jar:/home/user/.m2/repository/org/apache/commons/commons-compress/1.4.1/commons-compress-1.4.1.jar:/home/user/.m2/repository/org/tukaani/xz/1.0/xz-1.0.jar:/home/user/.m2/repository/org/apache/hadoop/hadoop-common/3.2.0/hadoop-common-3.2.0.jar:/home/user/.m2/repository/org/apache/hadoop/hadoop-hdfs/3.2.0/hadoop-hdfs-3.2.0.jar:/home/user/.m2/repository/org/apache/hadoop/hadoop-hdfs-client/3.2.0/hadoop-hdfs-client-3.2.0.jar:/home/user/.m2/repository/com/fasterxml/jackson/core/jackson-annotations/2.9.5/jackson-annotations-2.9.5.jar:/home/user/.m2/repository/org/apache/hadoop/hadoop-hdds-common/0.5.0-SNAPSHOT/hadoop-hdds-common-0.5.0-SNAPSHOT.jar:/home/user/.m2/repository/javax/annotation/javax.annotation-api/1.2/javax.annotation-api-1.2.jar:/home/user/.m2/repository/org/apache/ratis/ratis-server/0.4.0-2337318-SNAPSHOT/ratis-server-0.4.0-2337318-SNAPSHOT.jar:/home/user/.m2/repository/org/apache/ratis/ratis-thirdparty-misc/0.2.0/ratis-thirdparty-misc-0.2.0.jar:/home/user/.m2/repository/org/apache/ratis/ratis-proto/0.4.0-2337318-SNAPSHOT/ratis-proto-0.4.0-2337318-SNAPSHOT.jar:/home/user/.m2/repository/org/apache/ratis/ratis-common/0.4.0-2337318-SNAPSHOT/ratis-common-0.4.0-2337318-SNAPSHOT.jar:/home/user/.m2/repository/org/apache/ratis/ratis-client/0.4.0-2337318-SNAPSHOT/ratis-client-0.4.0-2337318-SNAPSHOT.jar:/home/user/.m2/repository/org/apache/ratis/ratis-metrics/0.4.0-2337318-SNAPSHOT/ratis-metrics-0.4.0-2337318-SNAPSHOT.jar:/home/user/.m2/repository/org/apache/ratis/ratis-netty/0.4.0-2337318-SNAPSHOT/ratis-netty-0.4.0-2337318-SNAPSHOT.jar:/home/user/.m2/repository/org/apache/ratis/ratis-grpc/0.4.0-2337318-SNAPSHOT/ratis-grpc-0.4.0-2337318-SNAPSHOT.jar:/home/user/.m2/repository/org/rocksdb/rocksdbjni/6.0.1/rocksdbjni-6.0.1.jar:/home/user/.m2/repository/org/apache/logging/log4j/log4j-api/2.11.0/log4j-api-2.11.0.jar:/home/user/.m2/repository/org/apache/logging/log4j/log4j-core/2.11.0/log4j-core-2.11.0.jar:/home/user/.m2/repository/com/lmax/disruptor/3.4.2/disruptor-3.4.2.jar:/home/user/.m2/repository/org/apache/commons/commons-pool2/2.6.0/commons-pool2-2.6.0.jar:/home/user/.m2/repository/org/bouncycastle/bcpkix-jdk15on/1.60/bcpkix-jdk15on-1.60.jar:/home/user/.m2/repository/commons-validator/commons-validator/1.6/commons-validator-1.6.jar:/home/user/.m2/repository/commons-digester/commons-digester/1.8.1/commons-digester-1.8.1.jar:/home/user/.m2/repository/io/jaegertracing/jaeger-client/0.33.1/jaeger-client-0.33.1.jar:/home/user/.m2/repository/io/jaegertracing/jaeger-thrift/0.33.1/jaeger-thrift-0.33.1.jar:/home/user/.m2/repository/org/apache/thrift/libthrift/0.11.0/libthrift-0.11.0.jar:/home/user/.m2/repository/com/squareup/okhttp3/okhttp/3.9.0/okhttp-3.9.0.jar:/home/user/.m2/repository/com/squareup/okio/okio/1.13.0/okio-1.13.0.jar:/home/user/.m2/repository/io/jaegertracing/jaeger-core/0.33.1/jaeger-core-0.33.1.jar:/home/user/.m2/repository/io/jaegertracing/jaeger-tracerresolver/0.33.1/jaeger-tracerresolver-0.33.1.jar:/home/user/.m2/repository/io/opentracing/contrib/opentracing-tracerresolver/0.1.5/opentracing-tracerresolver-0.1.5.jar:/home/user/.m2/repository/io/opentracing/opentracing-util/0.31.0/opentracing-util-0.31.0.jar:/home/user/.m2/repository/io/opentracing/opentracing-api/0.31.0/opentracing-api-0.31.0.jar:/home/user/.m2/repository/io/opentracing/opentracing-noop/0.31.0/opentracing-noop-0.31.0.jar:/home/user/.m2/repository/org/apache/hadoop/hadoop-hdds-server-framework/0.5.0-SNAPSHOT/hadoop-hdds-server-framework-0.5.0-SNAPSHOT.jar:/home/user/.m2/repository/org/apache/hadoop/hadoop-hdds-container-service/0.5.0-SNAPSHOT/hadoop-hdds-container-service-0.5.0-SNAPSHOT.jar:/home/user/.m2/repository/org/apache/hadoop/hadoop-hdds-client/0.5.0-SNAPSHOT/hadoop-hdds-client-0.5.0-SNAPSHOT.jar:/home/user/.m2/repository/org/apache/hadoop/hadoop-hdds-tools/0.5.0-SNAPSHOT/hadoop-hdds-tools-0.5.0-SNAPSHOT.jar:/home/user/.m2/repository/org/apache/hadoop/hadoop-hdds-server-scm/0.5.0-SNAPSHOT/hadoop-hdds-server-scm-0.5.0-SNAPSHOT.jar:/home/user/.m2/repository/org/apache/hadoop/hadoop-hdds-docs/0.5.0-SNAPSHOT/hadoop-hdds-docs-0.5.0-SNAPSHOT.jar:/home/user/.m2/repository/io/dropwizard/metrics/metrics-core/3.2.4/metrics-core-3.2.4.jar:/home/user/.m2/repository/org/hamcrest/hamcrest-all/1.3/hamcrest-all-1.3.jar:/home/user/.m2/repository/org/bouncycastle/bcprov-jdk15on/1.60/bcprov-jdk15on-1.60.jar:/home/user/.m2/repository/info/picocli/picocli/3.9.6/picocli-3.9.6.jar:/home/user/.m2/repository/com/google/protobuf/protobuf-java/2.5.0/protobuf-java-2.5.0.jar:/home/user/.m2/repository/com/google/guava/guava/11.0.2/guava-11.0.2.jar:/home/user/.m2/repository/org/apache/hadoop/hadoop-ozone-ozone-manager/0.5.0-SNAPSHOT/hadoop-ozone-ozone-manager-0.5.0-SNAPSHOT.jar:/home/user/.m2/repository/org/apache/hadoop/hadoop-minikdc/3.2.0/hadoop-minikdc-3.2.0.jar:/home/user/.m2/repository/commons-io/commons-io/2.5/commons-io-2.5.jar:/home/user/.m2/repository/org/apache/kerby/kerb-simplekdc/1.0.1/kerb-simplekdc-1.0.1.jar:/home/user/.m2/repository/org/apache/kerby/kerb-client/1.0.1/kerb-client-1.0.1.jar:/home/user/.m2/repository/org/apache/kerby/kerby-config/1.0.1/kerby-config-1.0.1.jar:/home/user/.m2/repository/org/apache/kerby/kerb-core/1.0.1/kerb-core-1.0.1.jar:/home/user/.m2/repository/org/apache/kerby/kerby-pkix/1.0.1/kerby-pkix-1.0.1.jar:/home/user/.m2/repository/org/apache/kerby/kerby-asn1/1.0.1/kerby-asn1-1.0.1.jar:/home/user/.m2/repository/org/apache/kerby/kerby-util/1.0.1/kerby-util-1.0.1.jar:/home/user/.m2/repository/org/apache/kerby/kerb-common/1.0.1/kerb-common-1.0.1.jar:/home/user/.m2/repository/org/apache/kerby/kerb-crypto/1.0.1/kerb-crypto-1.0.1.jar:/home/user/.m2/repository/org/apache/kerby/kerb-util/1.0.1/kerb-util-1.0.1.jar:/home/user/.m2/repository/org/apache/kerby/token-provider/1.0.1/token-provider-1.0.1.jar:/home/user/.m2/repository/org/apache/kerby/kerb-admin/1.0.1/kerb-admin-1.0.1.jar:/home/user/.m2/repository/org/apache/kerby/kerb-server/1.0.1/kerb-server-1.0.1.jar:/home/user/.m2/repository/org/apache/kerby/kerb-identity/1.0.1/kerb-identity-1.0.1.jar:/home/user/.m2/repository/org/apache/kerby/kerby-xdr/1.0.1/kerby-xdr-1.0.1.jar:/home/user/.m2/repository/org/slf4j/slf4j-log4j12/1.7.25/slf4j-log4j12-1.7.25.jar:/home/user/.m2/repository/org/apache/hadoop/hadoop-ozone-objectstore-service/0.5.0-SNAPSHOT/hadoop-ozone-objectstore-service-0.5.0-SNAPSHOT.jar:/home/user/.m2/repository/org/apache/hadoop/hadoop-ozone-s3gateway/0.5.0-SNAPSHOT/hadoop-ozone-s3gateway-0.5.0-SNAPSHOT.jar:/home/user/.m2/repository/org/jboss/weld/servlet/weld-servlet/2.4.7.Final/weld-servlet-2.4.7.Final.jar:/home/user/.m2/repository/org/glassfish/jersey/containers/jersey-container-servlet-core/2.27/jersey-container-servlet-core-2.27.jar:/home/user/.m2/repository/org/glassfish/hk2/external/javax.inject/2.5.0-b42/javax.inject-2.5.0-b42.jar:/home/user/.m2/repository/org/glassfish/jersey/core/jersey-common/2.27/jersey-common-2.27.jar:/home/user/.m2/repository/org/glassfish/hk2/osgi-resource-locator/1.0.1/osgi-resource-locator-1.0.1.jar:/home/user/.m2/repository/javax/ws/rs/javax.ws.rs-api/2.1/javax.ws.rs-api-2.1.jar:/home/user/.m2/repository/org/glassfish/jersey/ext/cdi/jersey-cdi1x/2.27/jersey-cdi1x-2.27.jar:/home/user/.m2/repository/org/glassfish/jersey/inject/jersey-hk2/2.27/jersey-hk2-2.27.jar:/home/user/.m2/repository/org/glassfish/hk2/hk2-locator/2.5.0-b42/hk2-locator-2.5.0-b42.jar:/home/user/.m2/repository/org/javassist/javassist/3.22.0-CR2/javassist-3.22.0-CR2.jar:/home/user/.m2/repository/org/glassfish/hk2/hk2-api/2.5.0/hk2-api-2.5.0.jar:/home/user/.m2/repository/org/glassfish/hk2/external/jakarta.inject/2.5.0/jakarta.inject-2.5.0.jar:/home/user/.m2/repository/org/glassfish/hk2/hk2-utils/2.5.0/hk2-utils-2.5.0.jar:/home/user/.m2/repository/jakarta/annotation/jakarta.annotation-api/1.3.4/jakarta.annotation-api-1.3.4.jar:/home/user/.m2/repository/org/glassfish/hk2/external/aopalliance-repackaged/2.5.0/aopalliance-repackaged-2.5.0.jar:/home/user/.m2/repository/com/fasterxml/jackson/dataformat/jackson-dataformat-xml/2.9.0/jackson-dataformat-xml-2.9.0.jar:/home/user/.m2/repository/com/fasterxml/jackson/core/jackson-core/2.9.5/jackson-core-2.9.5.jar:/home/user/.m2/repository/com/fasterxml/jackson/module/jackson-module-jaxb-annotations/2.9.5/jackson-module-jaxb-annotations-2.9.5.jar:/home/user/.m2/repository/javax/enterprise/cdi-api/1.2/cdi-api-1.2.jar:/home/user/.m2/repository/javax/el/javax.el-api/3.0.0/javax.el-api-3.0.0.jar:/home/user/.m2/repository/javax/interceptor/javax.interceptor-api/1.2/javax.interceptor-api-1.2.jar:/home/user/.m2/repository/javax/inject/javax.inject/1/javax.inject-1.jar:/home/user/.m2/repository/com/sun/xml/bind/jaxb-impl/2.3.0.1/jaxb-impl-2.3.0.1.jar:/home/user/.m2/repository/com/sun/xml/bind/jaxb-core/2.3.0.1/jaxb-core-2.3.0.1.jar:/home/user/.m2/repository/javax/xml/bind/jaxb-api/2.3.0/jaxb-api-2.3.0.jar:/home/user/.m2/repository/javax/activation/activation/1.1.1/activation-1.1.1.jar:/home/user/.m2/repository/org/apache/hadoop/hadoop-ozone-csi/0.5.0-SNAPSHOT/hadoop-ozone-csi-0.5.0-SNAPSHOT.jar:/home/user/.m2/repository/com/google/protobuf/protobuf-java-util/3.5.1/protobuf-java-util-3.5.1.jar:/home/user/.m2/repository/org/apache/hadoop/hadoop-hdds-config/0.5.0-SNAPSHOT/hadoop-hdds-config-0.5.0-SNAPSHOT.jar:/home/user/.m2/repository/io/grpc/grpc-netty/1.17.1/grpc-netty-1.17.1.jar:/home/user/.m2/repository/io/grpc/grpc-core/1.17.1/grpc-core-1.17.1.jar:/home/user/.m2/repository/io/grpc/grpc-context/1.17.1/grpc-context-1.17.1.jar:/home/user/.m2/repository/com/google/errorprone/error_prone_annotations/2.2.0/error_prone_annotations-2.2.0.jar:/home/user/.m2/repository/org/codehaus/mojo/animal-sniffer-annotations/1.17/animal-sniffer-annotations-1.17.jar:/home/user/.m2/repository/io/opencensus/opencensus-api/0.17.0/opencensus-api-0.17.0.jar:/home/user/.m2/repository/io/opencensus/opencensus-contrib-grpc-metrics/0.17.0/opencensus-contrib-grpc-metrics-0.17.0.jar:/home/user/.m2/repository/io/netty/netty-codec-http2/4.1.30.Final/netty-codec-http2-4.1.30.Final.jar:/home/user/.m2/repository/io/netty/netty-codec-http/4.1.30.Final/netty-codec-http-4.1.30.Final.jar:/home/user/.m2/repository/io/netty/netty-codec/4.1.30.Final/netty-codec-4.1.30.Final.jar:/home/user/.m2/repository/io/netty/netty-handler/4.1.30.Final/netty-handler-4.1.30.Final.jar:/home/user/.m2/repository/io/netty/netty-handler-proxy/4.1.30.Final/netty-handler-proxy-4.1.30.Final.jar:/home/user/.m2/repository/io/netty/netty-codec-socks/4.1.30.Final/netty-codec-socks-4.1.30.Final.jar:/home/user/.m2/repository/io/netty/netty-transport-native-epoll/4.1.30.Final/netty-transport-native-epoll-4.1.30.Final.jar:/home/user/.m2/repository/io/netty/netty-common/4.1.30.Final/netty-common-4.1.30.Final.jar:/home/user/.m2/repository/io/netty/netty-buffer/4.1.30.Final/netty-buffer-4.1.30.Final.jar:/home/user/.m2/repository/io/netty/netty-transport/4.1.30.Final/netty-transport-4.1.30.Final.jar:/home/user/.m2/repository/io/netty/netty-resolver/4.1.30.Final/netty-resolver-4.1.30.Final.jar:/home/user/.m2/repository/io/netty/netty-transport-native-unix-common/4.1.30.Final/netty-transport-native-unix-common-4.1.30.Final.jar:/home/user/.m2/repository/io/grpc/grpc-protobuf/1.17.1/grpc-protobuf-1.17.1.jar:/home/user/.m2/repository/com/google/api/grpc/proto-google-common-protos/1.0.0/proto-google-common-protos-1.0.0.jar:/home/user/.m2/repository/io/grpc/grpc-protobuf-lite/1.17.1/grpc-protobuf-lite-1.17.1.jar:/home/user/.m2/repository/io/grpc/grpc-stub/1.17.1/grpc-stub-1.17.1.jar:/home/user/.m2/repository/org/apache/hadoop/hadoop-ozone-recon/0.5.0-SNAPSHOT/hadoop-ozone-recon-0.5.0-SNAPSHOT.jar:/home/user/.m2/repository/org/apache/hadoop/hadoop-ozone-reconcodegen/0.5.0-SNAPSHOT/hadoop-ozone-reconcodegen-0.5.0-SNAPSHOT.jar:/home/user/.m2/repository/com/google/inject/extensions/guice-multibindings/4.0/guice-multibindings-4.0.jar:/home/user/.m2/repository/com/google/inject/guice/4.0/guice-4.0.jar:/home/user/.m2/repository/aopalliance/aopalliance/1.0/aopalliance-1.0.jar:/home/user/.m2/repository/com/google/inject/extensions/guice-servlet/4.0/guice-servlet-4.0.jar:/home/user/.m2/repository/org/glassfish/jersey/containers/jersey-container-servlet/2.27/jersey-container-servlet-2.27.jar:/home/user/.m2/repository/org/glassfish/hk2/guice-bridge/2.5.0/guice-bridge-2.5.0.jar:/home/user/.m2/repository/org/glassfish/jersey/core/jersey-server/2.27/jersey-server-2.27.jar:/home/user/.m2/repository/org/glassfish/jersey/core/jersey-client/2.27/jersey-client-2.27.jar:/home/user/.m2/repository/org/glassfish/jersey/media/jersey-media-jaxb/2.27/jersey-media-jaxb-2.27.jar:/home/user/.m2/repository/javax/validation/validation-api/1.1.0.Final/validation-api-1.1.0.Final.jar:/home/user/.m2/repository/org/glassfish/jersey/media/jersey-media-json-jackson/2.27/jersey-media-json-jackson-2.27.jar:/home/user/.m2/repository/org/glassfish/jersey/ext/jersey-entity-filtering/2.27/jersey-entity-filtering-2.27.jar:/home/user/.m2/repository/com/google/inject/extensions/guice-assistedinject/4.0/guice-assistedinject-4.0.jar:/home/user/.m2/repository/org/jooq/jooq/3.11.10/jooq-3.11.10.jar:/home/user/.m2/repository/org/jooq/jooq-meta/3.11.10/jooq-meta-3.11.10.jar:/home/user/.m2/repository/org/jooq/jooq-codegen/3.11.10/jooq-codegen-3.11.10.jar:/home/user/.m2/repository/com/jolbox/bonecp/0.8.0.RELEASE/bonecp-0.8.0.RELEASE.jar:/home/user/.m2/repository/org/xerial/sqlite-jdbc/3.25.2/sqlite-jdbc-3.25.2.jar:/home/user/.m2/repository/org/springframework/spring-jdbc/5.1.3.RELEASE/spring-jdbc-5.1.3.RELEASE.jar:/home/user/.m2/repository/org/springframework/spring-beans/5.1.3.RELEASE/spring-beans-5.1.3.RELEASE.jar:/home/user/.m2/repository/org/springframework/spring-core/5.1.3.RELEASE/spring-core-5.1.3.RELEASE.jar:/home/user/.m2/repository/org/springframework/spring-jcl/5.1.3.RELEASE/spring-jcl-5.1.3.RELEASE.jar:/home/user/.m2/repository/org/springframework/spring-tx/5.1.3.RELEASE/spring-tx-5.1.3.RELEASE.jar:/home/user/.m2/repository/org/apache/hadoop/hadoop-ozone-client/0.5.0-SNAPSHOT/hadoop-ozone-client-0.5.0-SNAPSHOT.jar:/home/user/.m2/repository/commons-lang/commons-lang/2.6/commons-lang-2.6.jar:/home/user/.m2/repository/org/apache/hadoop/hadoop-ozone-ozone-manager/0.5.0-SNAPSHOT/hadoop-ozone-ozone-manager-0.5.0-SNAPSHOT-tests.jar:/home/user/.m2/repository/junit/junit/4.11/junit-4.11.jar:/home/user/.m2/repository/org/hamcrest/hamcrest-core/1.3/hamcrest-core-1.3.jar:/home/user/.m2/repository/org/openjdk/jmh/jmh-core/1.19/jmh-core-1.19.jar:/home/user/.m2/repository/net/sf/jopt-simple/jopt-simple/4.6/jopt-simple-4.6.jar:/home/user/.m2/repository/org/apache/commons/commons-math3/3.1.1/commons-math3-3.1.1.jar:/home/user/.m2/repository/org/openjdk/jmh/jmh-generator-annprocess/1.19/jmh-generator-annprocess-1.19.jar:/home/user/.m2/repository/org/mockito/mockito-all/1.8.5/mockito-all-1.8.5.jar:/home/user/.m2/repository/org/apache/hadoop/hadoop-kms/3.2.0/hadoop-kms-3.2.0.jar:/home/user/.m2/repository/org/apache/hadoop/hadoop-auth/3.2.0/hadoop-auth-3.2.0.jar:/home/user/.m2/repository/com/nimbusds/nimbus-jose-jwt/4.41.1/nimbus-jose-jwt-4.41.1.jar:/home/user/.m2/repository/com/github/stephenc/jcip/jcip-annotations/1.0-1/jcip-annotations-1.0-1.jar:/home/user/.m2/repository/net/minidev/json-smart/2.3/json-smart-2.3.jar:/home/user/.m2/repository/net/minidev/accessors-smart/1.2/accessors-smart-1.2.jar:/home/user/.m2/repository/org/ow2/asm/asm/5.0.4/asm-5.0.4.jar:/home/user/.m2/repository/org/apache/curator/curator-framework/2.12.0/curator-framework-2.12.0.jar:/home/user/.m2/repository/com/sun/jersey/jersey-core/1.19/jersey-core-1.19.jar:/home/user/.m2/repository/javax/ws/rs/jsr311-api/1.1.1/jsr311-api-1.1.1.jar:/home/user/.m2/repository/com/sun/jersey/jersey-server/1.19/jersey-server-1.19.jar:/home/user/.m2/repository/javax/servlet/javax.servlet-api/3.1.0/javax.servlet-api-3.1.0.jar:/home/user/.m2/repository/org/eclipse/jetty/jetty-server/9.3.24.v20180605/jetty-server-9.3.24.v20180605.jar:/home/user/.m2/repository/org/eclipse/jetty/jetty-http/9.3.24.v20180605/jetty-http-9.3.24.v20180605.jar:/home/user/.m2/repository/org/eclipse/jetty/jetty-io/9.3.24.v20180605/jetty-io-9.3.24.v20180605.jar:/home/user/.m2/repository/org/eclipse/jetty/jetty-webapp/9.3.24.v20180605/jetty-webapp-9.3.24.v20180605.jar:/home/user/.m2/repository/org/eclipse/jetty/jetty-xml/9.3.24.v20180605/jetty-xml-9.3.24.v20180605.jar:/home/user/.m2/repository/log4j/log4j/1.2.17/log4j-1.2.17.jar:/home/user/.m2/repository/org/slf4j/slf4j-api/1.7.25/slf4j-api-1.7.25.jar:/home/user/.m2/repository/org/slf4j/jul-to-slf4j/1.7.25/jul-to-slf4j-1.7.25.jar:/home/user/.m2/repository/org/eclipse/jetty/jetty-util/9.3.24.v20180605/jetty-util-9.3.24.v20180605.jar:/home/user/.m2/repository/com/fasterxml/jackson/core/jackson-databind/2.9.5/jackson-databind-2.9.5.jar:/home/user/.m2/repository/org/apache/hadoop/hadoop-kms/3.2.0/hadoop-kms-3.2.0-tests.jar:/home/user/.m2/repository/org/apache/hadoop/hadoop-hdds-server-scm/0.5.0-SNAPSHOT/hadoop-hdds-server-scm-0.5.0-SNAPSHOT-tests.jar:/home/user/.m2/repository/org/apache/hadoop/hadoop-hdds-container-service/0.5.0-SNAPSHOT/hadoop-hdds-container-service-0.5.0-SNAPSHOT-tests.jar:/home/user/.m2/repository/org/yaml/snakeyaml/1.16/snakeyaml-1.16.jar:/home/user/.m2/repository/org/apache/hadoop/hadoop-common/3.2.0/hadoop-common-3.2.0-tests.jar:/home/user/.m2/repository/org/apache/hadoop/hadoop-annotations/3.2.0/hadoop-annotations-3.2.0.jar:/usr/lib/jvm/java-1.8-openjdk/jre/../lib/tools.jar:/home/user/.m2/repository/commons-cli/commons-cli/1.2/commons-cli-1.2.jar:/home/user/.m2/repository/org/apache/httpcomponents/httpclient/4.5.2/httpclient-4.5.2.jar:/home/user/.m2/repository/org/apache/httpcomponents/httpcore/4.4.4/httpcore-4.4.4.jar:/home/user/.m2/repository/commons-codec/commons-codec/1.11/commons-codec-1.11.jar:/home/user/.m2/repository/commons-net/commons-net/3.6/commons-net-3.6.jar:/home/user/.m2/repository/commons-collections/commons-collections/3.2.2/commons-collections-3.2.2.jar:/home/user/.m2/repository/org/eclipse/jetty/jetty-servlet/9.3.24.v20180605/jetty-servlet-9.3.24.v20180605.jar:/home/user/.m2/repository/org/eclipse/jetty/jetty-security/9.3.24.v20180605/jetty-security-9.3.24.v20180605.jar:/home/user/.m2/repository/javax/servlet/jsp/jsp-api/2.1/jsp-api-2.1.jar:/home/user/.m2/repository/com/sun/jersey/jersey-servlet/1.19/jersey-servlet-1.19.jar:/home/user/.m2/repository/com/sun/jersey/jersey-json/1.19/jersey-json-1.19.jar:/home/user/.m2/repository/org/codehaus/jettison/jettison/1.1/jettison-1.1.jar:/home/user/.m2/repository/org/codehaus/jackson/jackson-core-asl/1.9.13/jackson-core-asl-1.9.13.jar:/home/user/.m2/repository/org/codehaus/jackson/jackson-mapper-asl/1.9.13/jackson-mapper-asl-1.9.13.jar:/home/user/.m2/repository/org/codehaus/jackson/jackson-jaxrs/1.9.13/jackson-jaxrs-1.9.13.jar:/home/user/.m2/repository/org/codehaus/jackson/jackson-xc/1.9.13/jackson-xc-1.9.13.jar:/home/user/.m2/repository/commons-logging/commons-logging/1.1.3/commons-logging-1.1.3.jar:/home/user/.m2/repository/commons-beanutils/commons-beanutils/1.9.3/commons-beanutils-1.9.3.jar:/home/user/.m2/repository/org/apache/commons/commons-configuration2/2.1.1/commons-configuration2-2.1.1.jar:/home/user/.m2/repository/org/apache/commons/commons-lang3/3.7/commons-lang3-3.7.jar:/home/user/.m2/repository/org/apache/commons/commons-text/1.4/commons-text-1.4.jar:/home/user/.m2/repository/org/apache/avro/avro/1.7.7/avro-1.7.7.jar:/home/user/.m2/repository/com/thoughtworks/paranamer/paranamer/2.3/paranamer-2.3.jar:/home/user/.m2/repository/org/xerial/snappy/snappy-java/1.0.5/snappy-java-1.0.5.jar:/home/user/.m2/repository/com/google/re2j/re2j/1.1/re2j-1.1.jar:/home/user/.m2/repository/com/google/code/gson/gson/2.2.4/gson-2.2.4.jar:/home/user/.m2/repository/com/jcraft/jsch/0.1.54/jsch-0.1.54.jar:/home/user/.m2/repository/org/apache/curator/curator-client/2.12.0/curator-client-2.12.0.jar:/home/user/.m2/repository/org/apache/curator/curator-recipes/2.12.0/curator-recipes-2.12.0.jar:/home/user/.m2/repository/com/google/code/findbugs/jsr305/3.0.0/jsr305-3.0.0.jar:/home/user/.m2/repository/org/apache/htrace/htrace-core4/4.1.0-incubating/htrace-core4-4.1.0-incubating.jar:/home/user/.m2/repository/org/apache/zookeeper/zookeeper/3.4.13/zookeeper-3.4.13.jar:/home/user/.m2/repository/org/apache/yetus/audience-annotations/0.5.0/audience-annotations-0.5.0.jar:/home/user/.m2/repository/org/codehaus/woodstox/stax2-api/3.1.4/stax2-api-3.1.4.jar:/home/user/.m2/repository/com/fasterxml/woodstox/woodstox-core/5.0.3/woodstox-core-5.0.3.jar:/home/user/.m2/repository/dnsjava/dnsjava/2.1.7/dnsjava-2.1.7.jar:/home/user/.m2/repository/org/apache/hadoop/hadoop-hdfs/3.2.0/hadoop-hdfs-3.2.0-tests.jar:/home/user/.m2/repository/org/eclipse/jetty/jetty-util-ajax/9.3.24.v20180605/jetty-util-ajax-9.3.24.v20180605.jar:/home/user/.m2/repository/commons-daemon/commons-daemon/1.0.13/commons-daemon-1.0.13.jar:/home/user/.m2/repository/io/netty/netty/3.10.5.Final/netty-3.10.5.Final.jar:/home/user/.m2/repository/io/netty/netty-all/4.0.52.Final/netty-all-4.0.52.Final.jar:/home/user/.m2/repository/org/fusesource/leveldbjni/leveldbjni-all/1.8/leveldbjni-all-1.8.jar:"/>
    <property name="java.vm.vendor" value="IcedTea"/>
    <property name="sun.arch.data.model" value="64"/>
    <property name="test.build.dir" value="/tmp/workdir/hadoop-ozone/integration-test/target/test-dir"/>
    <property name="test.cache.data" value=""/>
    <property name="java.vendor.url" value="https://icedtea.classpath.org"/>
    <property name="user.timezone" value=""/>
    <property name="java.vm.specification.version" value="1.8"/>
    <property name="os.name" value="Linux"/>
    <property name="test.build.data" value="/tmp/workdir/hadoop-ozone/integration-test/target/test-dir"/>
    <property name="user.country" value="US"/>
    <property name="sun.java.launcher" value="SUN_STANDARD"/>
    <property name="sun.boot.library.path" value="/usr/lib/jvm/java-1.8-openjdk/jre/lib/amd64"/>
    <property name="sun.java.command" value="/tmp/workdir/hadoop-ozone/integration-test/target/surefire/surefirebooter3463147179639342903.jar /tmp/workdir/hadoop-ozone/integration-test/target/surefire 2019-07-13T14-10-07_840-jvmRun1 surefire919323616194160426tmp surefire_37332233170514519151tmp"/>
    <property name="surefire.test.class.path" value="/tmp/workdir/hadoop-ozone/integration-test/target/test-classes:/tmp/workdir/hadoop-ozone/integration-test/target/classes:/home/user/.m2/repository/org/apache/hadoop/hadoop-ozone-common/0.5.0-SNAPSHOT/hadoop-ozone-common-0.5.0-SNAPSHOT.jar:/home/user/.m2/repository/org/apache/commons/commons-compress/1.4.1/commons-compress-1.4.1.jar:/home/user/.m2/repository/org/tukaani/xz/1.0/xz-1.0.jar:/home/user/.m2/repository/org/apache/hadoop/hadoop-common/3.2.0/hadoop-common-3.2.0.jar:/home/user/.m2/repository/org/apache/hadoop/hadoop-hdfs/3.2.0/hadoop-hdfs-3.2.0.jar:/home/user/.m2/repository/org/apache/hadoop/hadoop-hdfs-client/3.2.0/hadoop-hdfs-client-3.2.0.jar:/home/user/.m2/repository/com/fasterxml/jackson/core/jackson-annotations/2.9.5/jackson-annotations-2.9.5.jar:/home/user/.m2/repository/org/apache/hadoop/hadoop-hdds-common/0.5.0-SNAPSHOT/hadoop-hdds-common-0.5.0-SNAPSHOT.jar:/home/user/.m2/repository/javax/annotation/javax.annotation-api/1.2/javax.annotation-api-1.2.jar:/home/user/.m2/repository/org/apache/ratis/ratis-server/0.4.0-2337318-SNAPSHOT/ratis-server-0.4.0-2337318-SNAPSHOT.jar:/home/user/.m2/repository/org/apache/ratis/ratis-thirdparty-misc/0.2.0/ratis-thirdparty-misc-0.2.0.jar:/home/user/.m2/repository/org/apache/ratis/ratis-proto/0.4.0-2337318-SNAPSHOT/ratis-proto-0.4.0-2337318-SNAPSHOT.jar:/home/user/.m2/repository/org/apache/ratis/ratis-common/0.4.0-2337318-SNAPSHOT/ratis-common-0.4.0-2337318-SNAPSHOT.jar:/home/user/.m2/repository/org/apache/ratis/ratis-client/0.4.0-2337318-SNAPSHOT/ratis-client-0.4.0-2337318-SNAPSHOT.jar:/home/user/.m2/repository/org/apache/ratis/ratis-metrics/0.4.0-2337318-SNAPSHOT/ratis-metrics-0.4.0-2337318-SNAPSHOT.jar:/home/user/.m2/repository/org/apache/ratis/ratis-netty/0.4.0-2337318-SNAPSHOT/ratis-netty-0.4.0-2337318-SNAPSHOT.jar:/home/user/.m2/repository/org/apache/ratis/ratis-grpc/0.4.0-2337318-SNAPSHOT/ratis-grpc-0.4.0-2337318-SNAPSHOT.jar:/home/user/.m2/repository/org/rocksdb/rocksdbjni/6.0.1/rocksdbjni-6.0.1.jar:/home/user/.m2/repository/org/apache/logging/log4j/log4j-api/2.11.0/log4j-api-2.11.0.jar:/home/user/.m2/repository/org/apache/logging/log4j/log4j-core/2.11.0/log4j-core-2.11.0.jar:/home/user/.m2/repository/com/lmax/disruptor/3.4.2/disruptor-3.4.2.jar:/home/user/.m2/repository/org/apache/commons/commons-pool2/2.6.0/commons-pool2-2.6.0.jar:/home/user/.m2/repository/org/bouncycastle/bcpkix-jdk15on/1.60/bcpkix-jdk15on-1.60.jar:/home/user/.m2/repository/commons-validator/commons-validator/1.6/commons-validator-1.6.jar:/home/user/.m2/repository/commons-digester/commons-digester/1.8.1/commons-digester-1.8.1.jar:/home/user/.m2/repository/io/jaegertracing/jaeger-client/0.33.1/jaeger-client-0.33.1.jar:/home/user/.m2/repository/io/jaegertracing/jaeger-thrift/0.33.1/jaeger-thrift-0.33.1.jar:/home/user/.m2/repository/org/apache/thrift/libthrift/0.11.0/libthrift-0.11.0.jar:/home/user/.m2/repository/com/squareup/okhttp3/okhttp/3.9.0/okhttp-3.9.0.jar:/home/user/.m2/repository/com/squareup/okio/okio/1.13.0/okio-1.13.0.jar:/home/user/.m2/repository/io/jaegertracing/jaeger-core/0.33.1/jaeger-core-0.33.1.jar:/home/user/.m2/repository/io/jaegertracing/jaeger-tracerresolver/0.33.1/jaeger-tracerresolver-0.33.1.jar:/home/user/.m2/repository/io/opentracing/contrib/opentracing-tracerresolver/0.1.5/opentracing-tracerresolver-0.1.5.jar:/home/user/.m2/repository/io/opentracing/opentracing-util/0.31.0/opentracing-util-0.31.0.jar:/home/user/.m2/repository/io/opentracing/opentracing-api/0.31.0/opentracing-api-0.31.0.jar:/home/user/.m2/repository/io/opentracing/opentracing-noop/0.31.0/opentracing-noop-0.31.0.jar:/home/user/.m2/repository/org/apache/hadoop/hadoop-hdds-server-framework/0.5.0-SNAPSHOT/hadoop-hdds-server-framework-0.5.0-SNAPSHOT.jar:/home/user/.m2/repository/org/apache/hadoop/hadoop-hdds-container-service/0.5.0-SNAPSHOT/hadoop-hdds-container-service-0.5.0-SNAPSHOT.jar:/home/user/.m2/repository/org/apache/hadoop/hadoop-hdds-client/0.5.0-SNAPSHOT/hadoop-hdds-client-0.5.0-SNAPSHOT.jar:/home/user/.m2/repository/org/apache/hadoop/hadoop-hdds-tools/0.5.0-SNAPSHOT/hadoop-hdds-tools-0.5.0-SNAPSHOT.jar:/home/user/.m2/repository/org/apache/hadoop/hadoop-hdds-server-scm/0.5.0-SNAPSHOT/hadoop-hdds-server-scm-0.5.0-SNAPSHOT.jar:/home/user/.m2/repository/org/apache/hadoop/hadoop-hdds-docs/0.5.0-SNAPSHOT/hadoop-hdds-docs-0.5.0-SNAPSHOT.jar:/home/user/.m2/repository/io/dropwizard/metrics/metrics-core/3.2.4/metrics-core-3.2.4.jar:/home/user/.m2/repository/org/hamcrest/hamcrest-all/1.3/hamcrest-all-1.3.jar:/home/user/.m2/repository/org/bouncycastle/bcprov-jdk15on/1.60/bcprov-jdk15on-1.60.jar:/home/user/.m2/repository/info/picocli/picocli/3.9.6/picocli-3.9.6.jar:/home/user/.m2/repository/com/google/protobuf/protobuf-java/2.5.0/protobuf-java-2.5.0.jar:/home/user/.m2/repository/com/google/guava/guava/11.0.2/guava-11.0.2.jar:/home/user/.m2/repository/org/apache/hadoop/hadoop-ozone-ozone-manager/0.5.0-SNAPSHOT/hadoop-ozone-ozone-manager-0.5.0-SNAPSHOT.jar:/home/user/.m2/repository/org/apache/hadoop/hadoop-minikdc/3.2.0/hadoop-minikdc-3.2.0.jar:/home/user/.m2/repository/commons-io/commons-io/2.5/commons-io-2.5.jar:/home/user/.m2/repository/org/apache/kerby/kerb-simplekdc/1.0.1/kerb-simplekdc-1.0.1.jar:/home/user/.m2/repository/org/apache/kerby/kerb-client/1.0.1/kerb-client-1.0.1.jar:/home/user/.m2/repository/org/apache/kerby/kerby-config/1.0.1/kerby-config-1.0.1.jar:/home/user/.m2/repository/org/apache/kerby/kerb-core/1.0.1/kerb-core-1.0.1.jar:/home/user/.m2/repository/org/apache/kerby/kerby-pkix/1.0.1/kerby-pkix-1.0.1.jar:/home/user/.m2/repository/org/apache/kerby/kerby-asn1/1.0.1/kerby-asn1-1.0.1.jar:/home/user/.m2/repository/org/apache/kerby/kerby-util/1.0.1/kerby-util-1.0.1.jar:/home/user/.m2/repository/org/apache/kerby/kerb-common/1.0.1/kerb-common-1.0.1.jar:/home/user/.m2/repository/org/apache/kerby/kerb-crypto/1.0.1/kerb-crypto-1.0.1.jar:/home/user/.m2/repository/org/apache/kerby/kerb-util/1.0.1/kerb-util-1.0.1.jar:/home/user/.m2/repository/org/apache/kerby/token-provider/1.0.1/token-provider-1.0.1.jar:/home/user/.m2/repository/org/apache/kerby/kerb-admin/1.0.1/kerb-admin-1.0.1.jar:/home/user/.m2/repository/org/apache/kerby/kerb-server/1.0.1/kerb-server-1.0.1.jar:/home/user/.m2/repository/org/apache/kerby/kerb-identity/1.0.1/kerb-identity-1.0.1.jar:/home/user/.m2/repository/org/apache/kerby/kerby-xdr/1.0.1/kerby-xdr-1.0.1.jar:/home/user/.m2/repository/org/slf4j/slf4j-log4j12/1.7.25/slf4j-log4j12-1.7.25.jar:/home/user/.m2/repository/org/apache/hadoop/hadoop-ozone-objectstore-service/0.5.0-SNAPSHOT/hadoop-ozone-objectstore-service-0.5.0-SNAPSHOT.jar:/home/user/.m2/repository/org/apache/hadoop/hadoop-ozone-s3gateway/0.5.0-SNAPSHOT/hadoop-ozone-s3gateway-0.5.0-SNAPSHOT.jar:/home/user/.m2/repository/org/jboss/weld/servlet/weld-servlet/2.4.7.Final/weld-servlet-2.4.7.Final.jar:/home/user/.m2/repository/org/glassfish/jersey/containers/jersey-container-servlet-core/2.27/jersey-container-servlet-core-2.27.jar:/home/user/.m2/repository/org/glassfish/hk2/external/javax.inject/2.5.0-b42/javax.inject-2.5.0-b42.jar:/home/user/.m2/repository/org/glassfish/jersey/core/jersey-common/2.27/jersey-common-2.27.jar:/home/user/.m2/repository/org/glassfish/hk2/osgi-resource-locator/1.0.1/osgi-resource-locator-1.0.1.jar:/home/user/.m2/repository/javax/ws/rs/javax.ws.rs-api/2.1/javax.ws.rs-api-2.1.jar:/home/user/.m2/repository/org/glassfish/jersey/ext/cdi/jersey-cdi1x/2.27/jersey-cdi1x-2.27.jar:/home/user/.m2/repository/org/glassfish/jersey/inject/jersey-hk2/2.27/jersey-hk2-2.27.jar:/home/user/.m2/repository/org/glassfish/hk2/hk2-locator/2.5.0-b42/hk2-locator-2.5.0-b42.jar:/home/user/.m2/repository/org/javassist/javassist/3.22.0-CR2/javassist-3.22.0-CR2.jar:/home/user/.m2/repository/org/glassfish/hk2/hk2-api/2.5.0/hk2-api-2.5.0.jar:/home/user/.m2/repository/org/glassfish/hk2/external/jakarta.inject/2.5.0/jakarta.inject-2.5.0.jar:/home/user/.m2/repository/org/glassfish/hk2/hk2-utils/2.5.0/hk2-utils-2.5.0.jar:/home/user/.m2/repository/jakarta/annotation/jakarta.annotation-api/1.3.4/jakarta.annotation-api-1.3.4.jar:/home/user/.m2/repository/org/glassfish/hk2/external/aopalliance-repackaged/2.5.0/aopalliance-repackaged-2.5.0.jar:/home/user/.m2/repository/com/fasterxml/jackson/dataformat/jackson-dataformat-xml/2.9.0/jackson-dataformat-xml-2.9.0.jar:/home/user/.m2/repository/com/fasterxml/jackson/core/jackson-core/2.9.5/jackson-core-2.9.5.jar:/home/user/.m2/repository/com/fasterxml/jackson/module/jackson-module-jaxb-annotations/2.9.5/jackson-module-jaxb-annotations-2.9.5.jar:/home/user/.m2/repository/javax/enterprise/cdi-api/1.2/cdi-api-1.2.jar:/home/user/.m2/repository/javax/el/javax.el-api/3.0.0/javax.el-api-3.0.0.jar:/home/user/.m2/repository/javax/interceptor/javax.interceptor-api/1.2/javax.interceptor-api-1.2.jar:/home/user/.m2/repository/javax/inject/javax.inject/1/javax.inject-1.jar:/home/user/.m2/repository/com/sun/xml/bind/jaxb-impl/2.3.0.1/jaxb-impl-2.3.0.1.jar:/home/user/.m2/repository/com/sun/xml/bind/jaxb-core/2.3.0.1/jaxb-core-2.3.0.1.jar:/home/user/.m2/repository/javax/xml/bind/jaxb-api/2.3.0/jaxb-api-2.3.0.jar:/home/user/.m2/repository/javax/activation/activation/1.1.1/activation-1.1.1.jar:/home/user/.m2/repository/org/apache/hadoop/hadoop-ozone-csi/0.5.0-SNAPSHOT/hadoop-ozone-csi-0.5.0-SNAPSHOT.jar:/home/user/.m2/repository/com/google/protobuf/protobuf-java-util/3.5.1/protobuf-java-util-3.5.1.jar:/home/user/.m2/repository/org/apache/hadoop/hadoop-hdds-config/0.5.0-SNAPSHOT/hadoop-hdds-config-0.5.0-SNAPSHOT.jar:/home/user/.m2/repository/io/grpc/grpc-netty/1.17.1/grpc-netty-1.17.1.jar:/home/user/.m2/repository/io/grpc/grpc-core/1.17.1/grpc-core-1.17.1.jar:/home/user/.m2/repository/io/grpc/grpc-context/1.17.1/grpc-context-1.17.1.jar:/home/user/.m2/repository/com/google/errorprone/error_prone_annotations/2.2.0/error_prone_annotations-2.2.0.jar:/home/user/.m2/repository/org/codehaus/mojo/animal-sniffer-annotations/1.17/animal-sniffer-annotations-1.17.jar:/home/user/.m2/repository/io/opencensus/opencensus-api/0.17.0/opencensus-api-0.17.0.jar:/home/user/.m2/repository/io/opencensus/opencensus-contrib-grpc-metrics/0.17.0/opencensus-contrib-grpc-metrics-0.17.0.jar:/home/user/.m2/repository/io/netty/netty-codec-http2/4.1.30.Final/netty-codec-http2-4.1.30.Final.jar:/home/user/.m2/repository/io/netty/netty-codec-http/4.1.30.Final/netty-codec-http-4.1.30.Final.jar:/home/user/.m2/repository/io/netty/netty-codec/4.1.30.Final/netty-codec-4.1.30.Final.jar:/home/user/.m2/repository/io/netty/netty-handler/4.1.30.Final/netty-handler-4.1.30.Final.jar:/home/user/.m2/repository/io/netty/netty-handler-proxy/4.1.30.Final/netty-handler-proxy-4.1.30.Final.jar:/home/user/.m2/repository/io/netty/netty-codec-socks/4.1.30.Final/netty-codec-socks-4.1.30.Final.jar:/home/user/.m2/repository/io/netty/netty-transport-native-epoll/4.1.30.Final/netty-transport-native-epoll-4.1.30.Final.jar:/home/user/.m2/repository/io/netty/netty-common/4.1.30.Final/netty-common-4.1.30.Final.jar:/home/user/.m2/repository/io/netty/netty-buffer/4.1.30.Final/netty-buffer-4.1.30.Final.jar:/home/user/.m2/repository/io/netty/netty-transport/4.1.30.Final/netty-transport-4.1.30.Final.jar:/home/user/.m2/repository/io/netty/netty-resolver/4.1.30.Final/netty-resolver-4.1.30.Final.jar:/home/user/.m2/repository/io/netty/netty-transport-native-unix-common/4.1.30.Final/netty-transport-native-unix-common-4.1.30.Final.jar:/home/user/.m2/repository/io/grpc/grpc-protobuf/1.17.1/grpc-protobuf-1.17.1.jar:/home/user/.m2/repository/com/google/api/grpc/proto-google-common-protos/1.0.0/proto-google-common-protos-1.0.0.jar:/home/user/.m2/repository/io/grpc/grpc-protobuf-lite/1.17.1/grpc-protobuf-lite-1.17.1.jar:/home/user/.m2/repository/io/grpc/grpc-stub/1.17.1/grpc-stub-1.17.1.jar:/home/user/.m2/repository/org/apache/hadoop/hadoop-ozone-recon/0.5.0-SNAPSHOT/hadoop-ozone-recon-0.5.0-SNAPSHOT.jar:/home/user/.m2/repository/org/apache/hadoop/hadoop-ozone-reconcodegen/0.5.0-SNAPSHOT/hadoop-ozone-reconcodegen-0.5.0-SNAPSHOT.jar:/home/user/.m2/repository/com/google/inject/extensions/guice-multibindings/4.0/guice-multibindings-4.0.jar:/home/user/.m2/repository/com/google/inject/guice/4.0/guice-4.0.jar:/home/user/.m2/repository/aopalliance/aopalliance/1.0/aopalliance-1.0.jar:/home/user/.m2/repository/com/google/inject/extensions/guice-servlet/4.0/guice-servlet-4.0.jar:/home/user/.m2/repository/org/glassfish/jersey/containers/jersey-container-servlet/2.27/jersey-container-servlet-2.27.jar:/home/user/.m2/repository/org/glassfish/hk2/guice-bridge/2.5.0/guice-bridge-2.5.0.jar:/home/user/.m2/repository/org/glassfish/jersey/core/jersey-server/2.27/jersey-server-2.27.jar:/home/user/.m2/repository/org/glassfish/jersey/core/jersey-client/2.27/jersey-client-2.27.jar:/home/user/.m2/repository/org/glassfish/jersey/media/jersey-media-jaxb/2.27/jersey-media-jaxb-2.27.jar:/home/user/.m2/repository/javax/validation/validation-api/1.1.0.Final/validation-api-1.1.0.Final.jar:/home/user/.m2/repository/org/glassfish/jersey/media/jersey-media-json-jackson/2.27/jersey-media-json-jackson-2.27.jar:/home/user/.m2/repository/org/glassfish/jersey/ext/jersey-entity-filtering/2.27/jersey-entity-filtering-2.27.jar:/home/user/.m2/repository/com/google/inject/extensions/guice-assistedinject/4.0/guice-assistedinject-4.0.jar:/home/user/.m2/repository/org/jooq/jooq/3.11.10/jooq-3.11.10.jar:/home/user/.m2/repository/org/jooq/jooq-meta/3.11.10/jooq-meta-3.11.10.jar:/home/user/.m2/repository/org/jooq/jooq-codegen/3.11.10/jooq-codegen-3.11.10.jar:/home/user/.m2/repository/com/jolbox/bonecp/0.8.0.RELEASE/bonecp-0.8.0.RELEASE.jar:/home/user/.m2/repository/org/xerial/sqlite-jdbc/3.25.2/sqlite-jdbc-3.25.2.jar:/home/user/.m2/repository/org/springframework/spring-jdbc/5.1.3.RELEASE/spring-jdbc-5.1.3.RELEASE.jar:/home/user/.m2/repository/org/springframework/spring-beans/5.1.3.RELEASE/spring-beans-5.1.3.RELEASE.jar:/home/user/.m2/repository/org/springframework/spring-core/5.1.3.RELEASE/spring-core-5.1.3.RELEASE.jar:/home/user/.m2/repository/org/springframework/spring-jcl/5.1.3.RELEASE/spring-jcl-5.1.3.RELEASE.jar:/home/user/.m2/repository/org/springframework/spring-tx/5.1.3.RELEASE/spring-tx-5.1.3.RELEASE.jar:/home/user/.m2/repository/org/apache/hadoop/hadoop-ozone-client/0.5.0-SNAPSHOT/hadoop-ozone-client-0.5.0-SNAPSHOT.jar:/home/user/.m2/repository/commons-lang/commons-lang/2.6/commons-lang-2.6.jar:/home/user/.m2/repository/org/apache/hadoop/hadoop-ozone-ozone-manager/0.5.0-SNAPSHOT/hadoop-ozone-ozone-manager-0.5.0-SNAPSHOT-tests.jar:/home/user/.m2/repository/junit/junit/4.11/junit-4.11.jar:/home/user/.m2/repository/org/hamcrest/hamcrest-core/1.3/hamcrest-core-1.3.jar:/home/user/.m2/repository/org/openjdk/jmh/jmh-core/1.19/jmh-core-1.19.jar:/home/user/.m2/repository/net/sf/jopt-simple/jopt-simple/4.6/jopt-simple-4.6.jar:/home/user/.m2/repository/org/apache/commons/commons-math3/3.1.1/commons-math3-3.1.1.jar:/home/user/.m2/repository/org/openjdk/jmh/jmh-generator-annprocess/1.19/jmh-generator-annprocess-1.19.jar:/home/user/.m2/repository/org/mockito/mockito-all/1.8.5/mockito-all-1.8.5.jar:/home/user/.m2/repository/org/apache/hadoop/hadoop-kms/3.2.0/hadoop-kms-3.2.0.jar:/home/user/.m2/repository/org/apache/hadoop/hadoop-auth/3.2.0/hadoop-auth-3.2.0.jar:/home/user/.m2/repository/com/nimbusds/nimbus-jose-jwt/4.41.1/nimbus-jose-jwt-4.41.1.jar:/home/user/.m2/repository/com/github/stephenc/jcip/jcip-annotations/1.0-1/jcip-annotations-1.0-1.jar:/home/user/.m2/repository/net/minidev/json-smart/2.3/json-smart-2.3.jar:/home/user/.m2/repository/net/minidev/accessors-smart/1.2/accessors-smart-1.2.jar:/home/user/.m2/repository/org/ow2/asm/asm/5.0.4/asm-5.0.4.jar:/home/user/.m2/repository/org/apache/curator/curator-framework/2.12.0/curator-framework-2.12.0.jar:/home/user/.m2/repository/com/sun/jersey/jersey-core/1.19/jersey-core-1.19.jar:/home/user/.m2/repository/javax/ws/rs/jsr311-api/1.1.1/jsr311-api-1.1.1.jar:/home/user/.m2/repository/com/sun/jersey/jersey-server/1.19/jersey-server-1.19.jar:/home/user/.m2/repository/javax/servlet/javax.servlet-api/3.1.0/javax.servlet-api-3.1.0.jar:/home/user/.m2/repository/org/eclipse/jetty/jetty-server/9.3.24.v20180605/jetty-server-9.3.24.v20180605.jar:/home/user/.m2/repository/org/eclipse/jetty/jetty-http/9.3.24.v20180605/jetty-http-9.3.24.v20180605.jar:/home/user/.m2/repository/org/eclipse/jetty/jetty-io/9.3.24.v20180605/jetty-io-9.3.24.v20180605.jar:/home/user/.m2/repository/org/eclipse/jetty/jetty-webapp/9.3.24.v20180605/jetty-webapp-9.3.24.v20180605.jar:/home/user/.m2/repository/org/eclipse/jetty/jetty-xml/9.3.24.v20180605/jetty-xml-9.3.24.v20180605.jar:/home/user/.m2/repository/log4j/log4j/1.2.17/log4j-1.2.17.jar:/home/user/.m2/repository/org/slf4j/slf4j-api/1.7.25/slf4j-api-1.7.25.jar:/home/user/.m2/repository/org/slf4j/jul-to-slf4j/1.7.25/jul-to-slf4j-1.7.25.jar:/home/user/.m2/repository/org/eclipse/jetty/jetty-util/9.3.24.v20180605/jetty-util-9.3.24.v20180605.jar:/home/user/.m2/repository/com/fasterxml/jackson/core/jackson-databind/2.9.5/jackson-databind-2.9.5.jar:/home/user/.m2/repository/org/apache/hadoop/hadoop-kms/3.2.0/hadoop-kms-3.2.0-tests.jar:/home/user/.m2/repository/org/apache/hadoop/hadoop-hdds-server-scm/0.5.0-SNAPSHOT/hadoop-hdds-server-scm-0.5.0-SNAPSHOT-tests.jar:/home/user/.m2/repository/org/apache/hadoop/hadoop-hdds-container-service/0.5.0-SNAPSHOT/hadoop-hdds-container-service-0.5.0-SNAPSHOT-tests.jar:/home/user/.m2/repository/org/yaml/snakeyaml/1.16/snakeyaml-1.16.jar:/home/user/.m2/repository/org/apache/hadoop/hadoop-common/3.2.0/hadoop-common-3.2.0-tests.jar:/home/user/.m2/repository/org/apache/hadoop/hadoop-annotations/3.2.0/hadoop-annotations-3.2.0.jar:/usr/lib/jvm/java-1.8-openjdk/jre/../lib/tools.jar:/home/user/.m2/repository/commons-cli/commons-cli/1.2/commons-cli-1.2.jar:/home/user/.m2/repository/org/apache/httpcomponents/httpclient/4.5.2/httpclient-4.5.2.jar:/home/user/.m2/repository/org/apache/httpcomponents/httpcore/4.4.4/httpcore-4.4.4.jar:/home/user/.m2/repository/commons-codec/commons-codec/1.11/commons-codec-1.11.jar:/home/user/.m2/repository/commons-net/commons-net/3.6/commons-net-3.6.jar:/home/user/.m2/repository/commons-collections/commons-collections/3.2.2/commons-collections-3.2.2.jar:/home/user/.m2/repository/org/eclipse/jetty/jetty-servlet/9.3.24.v20180605/jetty-servlet-9.3.24.v20180605.jar:/home/user/.m2/repository/org/eclipse/jetty/jetty-security/9.3.24.v20180605/jetty-security-9.3.24.v20180605.jar:/home/user/.m2/repository/javax/servlet/jsp/jsp-api/2.1/jsp-api-2.1.jar:/home/user/.m2/repository/com/sun/jersey/jersey-servlet/1.19/jersey-servlet-1.19.jar:/home/user/.m2/repository/com/sun/jersey/jersey-json/1.19/jersey-json-1.19.jar:/home/user/.m2/repository/org/codehaus/jettison/jettison/1.1/jettison-1.1.jar:/home/user/.m2/repository/org/codehaus/jackson/jackson-core-asl/1.9.13/jackson-core-asl-1.9.13.jar:/home/user/.m2/repository/org/codehaus/jackson/jackson-mapper-asl/1.9.13/jackson-mapper-asl-1.9.13.jar:/home/user/.m2/repository/org/codehaus/jackson/jackson-jaxrs/1.9.13/jackson-jaxrs-1.9.13.jar:/home/user/.m2/repository/org/codehaus/jackson/jackson-xc/1.9.13/jackson-xc-1.9.13.jar:/home/user/.m2/repository/commons-logging/commons-logging/1.1.3/commons-logging-1.1.3.jar:/home/user/.m2/repository/commons-beanutils/commons-beanutils/1.9.3/commons-beanutils-1.9.3.jar:/home/user/.m2/repository/org/apache/commons/commons-configuration2/2.1.1/commons-configuration2-2.1.1.jar:/home/user/.m2/repository/org/apache/commons/commons-lang3/3.7/commons-lang3-3.7.jar:/home/user/.m2/repository/org/apache/commons/commons-text/1.4/commons-text-1.4.jar:/home/user/.m2/repository/org/apache/avro/avro/1.7.7/avro-1.7.7.jar:/home/user/.m2/repository/com/thoughtworks/paranamer/paranamer/2.3/paranamer-2.3.jar:/home/user/.m2/repository/org/xerial/snappy/snappy-java/1.0.5/snappy-java-1.0.5.jar:/home/user/.m2/repository/com/google/re2j/re2j/1.1/re2j-1.1.jar:/home/user/.m2/repository/com/google/code/gson/gson/2.2.4/gson-2.2.4.jar:/home/user/.m2/repository/com/jcraft/jsch/0.1.54/jsch-0.1.54.jar:/home/user/.m2/repository/org/apache/curator/curator-client/2.12.0/curator-client-2.12.0.jar:/home/user/.m2/repository/org/apache/curator/curator-recipes/2.12.0/curator-recipes-2.12.0.jar:/home/user/.m2/repository/com/google/code/findbugs/jsr305/3.0.0/jsr305-3.0.0.jar:/home/user/.m2/repository/org/apache/htrace/htrace-core4/4.1.0-incubating/htrace-core4-4.1.0-incubating.jar:/home/user/.m2/repository/org/apache/zookeeper/zookeeper/3.4.13/zookeeper-3.4.13.jar:/home/user/.m2/repository/org/apache/yetus/audience-annotations/0.5.0/audience-annotations-0.5.0.jar:/home/user/.m2/repository/org/codehaus/woodstox/stax2-api/3.1.4/stax2-api-3.1.4.jar:/home/user/.m2/repository/com/fasterxml/woodstox/woodstox-core/5.0.3/woodstox-core-5.0.3.jar:/home/user/.m2/repository/dnsjava/dnsjava/2.1.7/dnsjava-2.1.7.jar:/home/user/.m2/repository/org/apache/hadoop/hadoop-hdfs/3.2.0/hadoop-hdfs-3.2.0-tests.jar:/home/user/.m2/repository/org/eclipse/jetty/jetty-util-ajax/9.3.24.v20180605/jetty-util-ajax-9.3.24.v20180605.jar:/home/user/.m2/repository/commons-daemon/commons-daemon/1.0.13/commons-daemon-1.0.13.jar:/home/user/.m2/repository/io/netty/netty/3.10.5.Final/netty-3.10.5.Final.jar:/home/user/.m2/repository/io/netty/netty-all/4.0.52.Final/netty-all-4.0.52.Final.jar:/home/user/.m2/repository/org/fusesource/leveldbjni/leveldbjni-all/1.8/leveldbjni-all-1.8.jar:"/>
    <property name="sun.cpu.endian" value="little"/>
    <property name="user.home" value="/home/user"/>
    <property name="user.language" value="en"/>
    <property name="java.specification.vendor" value="Oracle Corporation"/>
    <property name="java.home" value="/usr/lib/jvm/java-1.8-openjdk/jre"/>
    <property name="java.security.krb5.conf" value="/tmp/workdir/hadoop-ozone/integration-test/target/test-classes/krb5.conf"/>
    <property name="basedir" value="/tmp/workdir/hadoop-ozone/integration-test"/>
    <property name="file.separator" value="/"/>
    <property name="line.separator" value="&#10;"/>
    <property name="java.vm.specification.vendor" value="Oracle Corporation"/>
    <property name="java.specification.name" value="Java Platform API Specification"/>
    <property name="java.awt.graphicsenv" value="sun.awt.X11GraphicsEnvironment"/>
    <property name="surefire.real.class.path" value="/tmp/workdir/hadoop-ozone/integration-test/target/surefire/surefirebooter3463147179639342903.jar"/>
    <property name="hadoop.log.dir" value="/tmp/workdir/hadoop-ozone/integration-test/target/log"/>
    <property name="sun.boot.class.path" value="/usr/lib/jvm/java-1.8-openjdk/jre/lib/resources.jar:/usr/lib/jvm/java-1.8-openjdk/jre/lib/rt.jar:/usr/lib/jvm/java-1.8-openjdk/jre/lib/sunrsasign.jar:/usr/lib/jvm/java-1.8-openjdk/jre/lib/jsse.jar:/usr/lib/jvm/java-1.8-openjdk/jre/lib/jce.jar:/usr/lib/jvm/java-1.8-openjdk/jre/lib/charsets.jar:/usr/lib/jvm/java-1.8-openjdk/jre/lib/jfr.jar:/usr/lib/jvm/java-1.8-openjdk/jre/classes"/>
    <property name="sun.management.compiler" value="HotSpot 64-Bit Tiered Compilers"/>
    <property name="java.runtime.version" value="1.8.0_212-b04"/>
    <property name="java.net.preferIPv4Stack" value="true"/>
    <property name="user.name" value="jenkins1000"/>
    <property name="path.separator" value=":"/>
    <property name="java.security.egd" value="file:///dev/urandom"/>
    <property name="os.version" value="3.10.0-957.12.2.el7.x86_64"/>
    <property name="java.endorsed.dirs" value="/usr/lib/jvm/java-1.8-openjdk/jre/lib/endorsed"/>
    <property name="java.runtime.name" value="OpenJDK Runtime Environment"/>
    <property name="file.encoding" value="UTF-8"/>
    <property name="java.vm.name" value="OpenJDK 64-Bit Server VM"/>
    <property name="test.build.webapps" value=""/>
    <property name="localRepository" value="/home/user/.m2/repository"/>
    <property name="java.vendor.url.bug" value="https://icedtea.classpath.org/bugzilla"/>
    <property name="java.io.tmpdir" value="/tmp"/>
    <property name="require.test.libhadoop" value=""/>
    <property name="java.version" value="1.8.0_212"/>
    <property name="user.dir" value="/tmp/workdir/hadoop-ozone/integration-test"/>
    <property name="os.arch" value="amd64"/>
    <property name="java.vm.specification.name" value="Java Virtual Machine Specification"/>
    <property name="test.build.classes" value="/tmp/workdir/hadoop-ozone/integration-test/target/test-classes"/>
    <property name="java.awt.printerjob" value="sun.print.PSPrinterJob"/>
    <property name="sun.os.patch.level" value="unknown"/>
    <property name="hadoop.tmp.dir" value="/tmp/workdir/hadoop-ozone/integration-test/target/tmp"/>
    <property name="java.library.path" value="/usr/lib/jvm/java-1.8-openjdk/jre/lib/amd64/server:/usr/lib/jvm/java-1.8-openjdk/jre/lib/amd64:/usr/lib/jvm/java-1.8-openjdk/jre/../lib/amd64:/tmp/workdir/hadoop-ozone/integration-test/target/native/target/usr/local/lib:/tmp/workdir/hadoop-ozone/integration-test/../../hadoop-common-project/hadoop-common/target/native/target/usr/local/lib:/usr/java/packages/lib/amd64:/usr/lib64:/lib64:/lib:/usr/lib"/>
    <property name="java.vm.info" value="mixed mode"/>
    <property name="java.vendor" value="IcedTea"/>
    <property name="java.vm.version" value="25.212-b04"/>
    <property name="java.ext.dirs" value="/usr/lib/jvm/java-1.8-openjdk/jre/lib/ext:/usr/java/packages/lib/ext"/>
    <property name="sun.io.unicode.encoding" value="UnicodeLittle"/>
    <property name="java.class.version" value="52.0"/>
  </properties>
  <testcase name="testPutKeyAndGetKeyThreeNodes" classname="org.apache.hadoop.ozone.client.rpc.TestReadRetries" time="16.493">
    <error message="Unexpected OzoneException: java.io.IOException: java.util.concurrent.ExecutionException: org.apache.ratis.thirdparty.io.grpc.StatusRuntimeException: UNAVAILABLE: io exception" type="java.io.IOException">java.io.IOException: Unexpected OzoneException: java.io.IOException: java.util.concurrent.ExecutionException: org.apache.ratis.thirdparty.io.grpc.StatusRuntimeException: UNAVAILABLE: io exception
	at org.apache.hadoop.hdds.scm.storage.ChunkInputStream.readChunk(ChunkInputStream.java:342)
	at org.apache.hadoop.hdds.scm.storage.ChunkInputStream.readChunkFromContainer(ChunkInputStream.java:307)
	at org.apache.hadoop.hdds.scm.storage.ChunkInputStream.prepareRead(ChunkInputStream.java:259)
	at org.apache.hadoop.hdds.scm.storage.ChunkInputStream.read(ChunkInputStream.java:144)
	at org.apache.hadoop.hdds.scm.storage.BlockInputStream.read(BlockInputStream.java:239)
	at org.apache.hadoop.ozone.client.io.KeyInputStream.read(KeyInputStream.java:171)
	at org.apache.hadoop.ozone.client.io.OzoneInputStream.read(OzoneInputStream.java:47)
	at java.io.InputStream.read(InputStream.java:101)
	at org.apache.hadoop.ozone.client.rpc.TestReadRetries.readKey(TestReadRetries.java:219)
	at org.apache.hadoop.ozone.client.rpc.TestReadRetries.testPutKeyAndGetKeyThreeNodes(TestReadRetries.java:197)
	at sun.reflect.NativeMethodAccessorImpl.invoke0(Native Method)
	at sun.reflect.NativeMethodAccessorImpl.invoke(NativeMethodAccessorImpl.java:62)
	at sun.reflect.DelegatingMethodAccessorImpl.invoke(DelegatingMethodAccessorImpl.java:43)
	at java.lang.reflect.Method.invoke(Method.java:498)
	at org.junit.runners.model.FrameworkMethod$1.runReflectiveCall(FrameworkMethod.java:47)
	at org.junit.internal.runners.model.ReflectiveCallable.run(ReflectiveCallable.java:12)
	at org.junit.runners.model.FrameworkMethod.invokeExplosively(FrameworkMethod.java:44)
	at org.junit.internal.runners.statements.InvokeMethod.evaluate(InvokeMethod.java:17)
	at org.junit.rules.ExpectedException$ExpectedExceptionStatement.evaluate(ExpectedException.java:168)
	at org.junit.rules.RunRules.evaluate(RunRules.java:20)
	at org.junit.runners.ParentRunner.runLeaf(ParentRunner.java:271)
	at org.junit.runners.BlockJUnit4ClassRunner.runChild(BlockJUnit4ClassRunner.java:70)
	at org.junit.runners.BlockJUnit4ClassRunner.runChild(BlockJUnit4ClassRunner.java:50)
	at org.junit.runners.ParentRunner$3.run(ParentRunner.java:238)
	at org.junit.runners.ParentRunner$1.schedule(ParentRunner.java:63)
	at org.junit.runners.ParentRunner.runChildren(ParentRunner.java:236)
	at org.junit.runners.ParentRunner.access$000(ParentRunner.java:53)
	at org.junit.runners.ParentRunner$2.evaluate(ParentRunner.java:229)
	at org.junit.internal.runners.statements.RunBefores.evaluate(RunBefores.java:26)
	at org.junit.internal.runners.statements.RunAfters.evaluate(RunAfters.java:27)
	at org.junit.runners.ParentRunner.run(ParentRunner.java:309)
	at org.apache.maven.surefire.junit4.JUnit4Provider.execute(JUnit4Provider.java:365)
	at org.apache.maven.surefire.junit4.JUnit4Provider.executeWithRerun(JUnit4Provider.java:273)
	at org.apache.maven.surefire.junit4.JUnit4Provider.executeTestSet(JUnit4Provider.java:238)
	at org.apache.maven.surefire.junit4.JUnit4Provider.invoke(JUnit4Provider.java:159)
	at org.apache.maven.surefire.booter.ForkedBooter.invokeProviderInSameClassLoader(ForkedBooter.java:384)
	at org.apache.maven.surefire.booter.ForkedBooter.runSuitesInProcess(ForkedBooter.java:345)
	at org.apache.maven.surefire.booter.ForkedBooter.execute(ForkedBooter.java:126)
	at org.apache.maven.surefire.booter.ForkedBooter.main(ForkedBooter.java:418)
Caused by: java.io.IOException: java.util.concurrent.ExecutionException: org.apache.ratis.thirdparty.io.grpc.StatusRuntimeException: UNAVAILABLE: io exception
	at org.apache.hadoop.hdds.scm.XceiverClientGrpc.sendCommandWithRetry(XceiverClientGrpc.java:295)
	at org.apache.hadoop.hdds.scm.XceiverClientGrpc.sendCommandWithTraceIDAndRetry(XceiverClientGrpc.java:248)
	at org.apache.hadoop.hdds.scm.XceiverClientGrpc.sendCommand(XceiverClientGrpc.java:231)
	at org.apache.hadoop.hdds.scm.storage.ContainerProtocolCalls.readChunk(ContainerProtocolCalls.java:245)
	at org.apache.hadoop.hdds.scm.storage.ChunkInputStream.readChunk(ChunkInputStream.java:335)
	... 38 more
Caused by: java.util.concurrent.ExecutionException: org.apache.ratis.thirdparty.io.grpc.StatusRuntimeException: UNAVAILABLE: io exception
	at java.util.concurrent.CompletableFuture.reportGet(CompletableFuture.java:357)
	at java.util.concurrent.CompletableFuture.get(CompletableFuture.java:1895)
	at org.apache.hadoop.hdds.scm.XceiverClientGrpc.sendCommandWithRetry(XceiverClientGrpc.java:279)
	... 42 more
Caused by: org.apache.ratis.thirdparty.io.grpc.StatusRuntimeException: UNAVAILABLE: io exception
	at org.apache.ratis.thirdparty.io.grpc.Status.asRuntimeException(Status.java:526)
	at org.apache.ratis.thirdparty.io.grpc.stub.ClientCalls$StreamObserverToCallListenerAdapter.onClose(ClientCalls.java:434)
	at org.apache.ratis.thirdparty.io.grpc.PartialForwardingClientCallListener.onClose(PartialForwardingClientCallListener.java:39)
	at org.apache.ratis.thirdparty.io.grpc.ForwardingClientCallListener.onClose(ForwardingClientCallListener.java:23)
	at org.apache.ratis.thirdparty.io.grpc.ForwardingClientCallListener$SimpleForwardingClientCallListener.onClose(ForwardingClientCallListener.java:40)
	at org.apache.ratis.thirdparty.io.grpc.internal.CensusStatsModule$StatsClientInterceptor$1$1.onClose(CensusStatsModule.java:678)
	at org.apache.ratis.thirdparty.io.grpc.PartialForwardingClientCallListener.onClose(PartialForwardingClientCallListener.java:39)
	at org.apache.ratis.thirdparty.io.grpc.ForwardingClientCallListener.onClose(ForwardingClientCallListener.java:23)
	at org.apache.ratis.thirdparty.io.grpc.ForwardingClientCallListener$SimpleForwardingClientCallListener.onClose(ForwardingClientCallListener.java:40)
	at org.apache.ratis.thirdparty.io.grpc.internal.CensusTracingModule$TracingClientInterceptor$1$1.onClose(CensusTracingModule.java:397)
	at org.apache.ratis.thirdparty.io.grpc.internal.ClientCallImpl.closeObserver(ClientCallImpl.java:459)
	at org.apache.ratis.thirdparty.io.grpc.internal.ClientCallImpl.access$300(ClientCallImpl.java:63)
	at org.apache.ratis.thirdparty.io.grpc.internal.ClientCallImpl$ClientStreamListenerImpl.close(ClientCallImpl.java:546)
	at org.apache.ratis.thirdparty.io.grpc.internal.ClientCallImpl$ClientStreamListenerImpl.access$600(ClientCallImpl.java:467)
	at org.apache.ratis.thirdparty.io.grpc.internal.ClientCallImpl$ClientStreamListenerImpl$1StreamClosed.runInContext(ClientCallImpl.java:584)
	at org.apache.ratis.thirdparty.io.grpc.internal.ContextRunnable.run(ContextRunnable.java:37)
	at org.apache.ratis.thirdparty.io.grpc.internal.SerializingExecutor.run(SerializingExecutor.java:123)
	at java.util.concurrent.ThreadPoolExecutor.runWorker(ThreadPoolExecutor.java:1149)
	at java.util.concurrent.ThreadPoolExecutor$Worker.run(ThreadPoolExecutor.java:624)
	at java.lang.Thread.run(Thread.java:748)
Caused by: org.apache.ratis.thirdparty.io.netty.channel.AbstractChannel$AnnotatedConnectException: Connection refused: /192.168.5.172:33924
	at sun.nio.ch.SocketChannelImpl.checkConnect(Native Method)
	at sun.nio.ch.SocketChannelImpl.finishConnect(SocketChannelImpl.java:717)
	at org.apache.ratis.thirdparty.io.netty.channel.socket.nio.NioSocketChannel.doFinishConnect(NioSocketChannel.java:327)
	at org.apache.ratis.thirdparty.io.netty.channel.nio.AbstractNioChannel$AbstractNioUnsafe.finishConnect(AbstractNioChannel.java:340)
	at org.apache.ratis.thirdparty.io.netty.channel.nio.NioEventLoop.processSelectedKey(NioEventLoop.java:632)
	at org.apache.ratis.thirdparty.io.netty.channel.nio.NioEventLoop.processSelectedKeysOptimized(NioEventLoop.java:579)
	at org.apache.ratis.thirdparty.io.netty.channel.nio.NioEventLoop.processSelectedKeys(NioEventLoop.java:496)
	at org.apache.ratis.thirdparty.io.netty.channel.nio.NioEventLoop.run(NioEventLoop.java:458)
	at org.apache.ratis.thirdparty.io.netty.util.concurrent.SingleThreadEventExecutor$5.run(SingleThreadEventExecutor.java:897)
	at org.apache.ratis.thirdparty.io.netty.util.concurrent.FastThreadLocalRunnable.run(FastThreadLocalRunnable.java:30)
	... 1 more
Caused by: java.net.ConnectException: Connection refused
	... 11 more
</error>
    <system-out><![CDATA[2019-07-13 14:44:25,371 WARN  server.ServerUtils (ServerUtils.java:getScmDbDir(145)) - ozone.scm.db.dirs is not configured. We recommend adding this setting. Falling back to ozone.metadata.dirs instead.
2019-07-13 14:44:25,501 WARN  server.ServerUtils (ServerUtils.java:getScmDbDir(145)) - ozone.scm.db.dirs is not configured. We recommend adding this setting. Falling back to ozone.metadata.dirs instead.
2019-07-13 14:44:25,503 WARN  server.ServerUtils (ServerUtils.java:getScmDbDir(145)) - ozone.scm.db.dirs is not configured. We recommend adding this setting. Falling back to ozone.metadata.dirs instead.
2019-07-13 14:44:25,517 INFO  util.log (Log.java:initialized(192)) - Logging initialized @865ms
2019-07-13 14:44:25,660 INFO  db.DBStoreBuilder (DBStoreBuilder.java:addTable(110)) - using custom profile for table: deletedBlocks
2019-07-13 14:44:25,660 INFO  db.DBStoreBuilder (DBStoreBuilder.java:processTables(161)) - Using default column profile:DBProfile.DISK for Table:deletedBlocks
2019-07-13 14:44:25,661 INFO  db.DBStoreBuilder (DBStoreBuilder.java:addTable(110)) - using custom profile for table: validCerts
2019-07-13 14:44:25,661 INFO  db.DBStoreBuilder (DBStoreBuilder.java:processTables(161)) - Using default column profile:DBProfile.DISK for Table:validCerts
2019-07-13 14:44:25,661 INFO  db.DBStoreBuilder (DBStoreBuilder.java:addTable(110)) - using custom profile for table: revokedCerts
2019-07-13 14:44:25,662 INFO  db.DBStoreBuilder (DBStoreBuilder.java:processTables(161)) - Using default column profile:DBProfile.DISK for Table:revokedCerts
2019-07-13 14:44:25,676 INFO  db.DBStoreBuilder (DBStoreBuilder.java:addTable(110)) - using custom profile for table: default
2019-07-13 14:44:25,676 INFO  db.DBStoreBuilder (DBStoreBuilder.java:processTables(167)) - Using default column profile:DBProfile.DISK for Table:default
2019-07-13 14:44:25,677 INFO  db.DBStoreBuilder (DBStoreBuilder.java:getDbProfile(198)) - Using default options. DBProfile.DISK
2019-07-13 14:44:25,831 INFO  net.NodeSchemaLoader (NodeSchemaLoader.java:loadSchemaFromFile(125)) - Loading file from sun.misc.CompoundEnumeration@59fd97a8
2019-07-13 14:44:25,834 INFO  net.NodeSchemaLoader (NodeSchemaLoader.java:loadSchema(171)) - Loading network topology layer schema file
2019-07-13 14:44:25,924 WARN  server.ServerUtils (ServerUtils.java:sanitizeUserArgs(70)) - ozone.scm.stale.node.interval value = 300000 is larger than max = 100000 based on the key value of ozone.scm.heartbeat.thread.interval, reset to the max value 100000.
2019-07-13 14:44:25,926 WARN  server.ServerUtils (ServerUtils.java:sanitizeUserArgs(70)) - ozone.scm.stale.node.interval value = 300000 is larger than max = 100000 based on the key value of ozone.scm.heartbeat.thread.interval, reset to the max value 100000.
2019-07-13 14:44:25,928 INFO  node.SCMNodeManager (SCMNodeManager.java:<init>(119)) - Entering startup safe mode.
2019-07-13 14:44:26,013 WARN  server.ServerUtils (ServerUtils.java:getScmDbDir(145)) - ozone.scm.db.dirs is not configured. We recommend adding this setting. Falling back to ozone.metadata.dirs instead.
2019-07-13 14:44:26,055 INFO  pipeline.SCMPipelineManager (SCMPipelineManager.java:initializePipelineState(126)) - No pipeline exists in current db
2019-07-13 14:44:26,059 WARN  server.ServerUtils (ServerUtils.java:getScmDbDir(145)) - ozone.scm.db.dirs is not configured. We recommend adding this setting. Falling back to ozone.metadata.dirs instead.
2019-07-13 14:44:26,149 WARN  events.EventQueue (EventQueue.java:fireEvent(175)) - No event handler registered for event TypedEvent{payloadType=SafeModeStatus, name='SafeModeStatus'}
2019-07-13 14:44:26,527 INFO  ipc.CallQueueManager (CallQueueManager.java:<init>(84)) - Using callQueue: class java.util.concurrent.LinkedBlockingQueue, queueCapacity: 2000, scheduler: class org.apache.hadoop.ipc.DefaultRpcScheduler, ipcBackoff: false.
2019-07-13 14:44:26,557 INFO  ipc.Server (Server.java:run(1074)) - Starting Socket Reader #1 for port 33210
2019-07-13 14:44:26,581 INFO  ipc.CallQueueManager (CallQueueManager.java:<init>(84)) - Using callQueue: class java.util.concurrent.LinkedBlockingQueue, queueCapacity: 2000, scheduler: class org.apache.hadoop.ipc.DefaultRpcScheduler, ipcBackoff: false.
2019-07-13 14:44:26,583 INFO  ipc.Server (Server.java:run(1074)) - Starting Socket Reader #1 for port 42780
2019-07-13 14:44:26,589 INFO  ipc.CallQueueManager (CallQueueManager.java:<init>(84)) - Using callQueue: class java.util.concurrent.LinkedBlockingQueue, queueCapacity: 2000, scheduler: class org.apache.hadoop.ipc.DefaultRpcScheduler, ipcBackoff: false.
2019-07-13 14:44:26,590 INFO  ipc.Server (Server.java:run(1074)) - Starting Socket Reader #1 for port 35680
2019-07-13 14:44:26,711 INFO  hdfs.DFSUtil (DFSUtil.java:httpServerTemplateForNNAndJN(1641)) - Starting Web-server for scm at: http://0.0.0.0:0
2019-07-13 14:44:26,842 INFO  server.AuthenticationFilter (AuthenticationFilter.java:constructSecretProvider(240)) - Unable to initialize FileSignerSecretProvider, falling back to use random secrets.
2019-07-13 14:44:26,850 WARN  http.HttpRequestLog (HttpRequestLog.java:getRequestLog(97)) - Jetty request log can only be enabled using Log4j
2019-07-13 14:44:26,865 INFO  http.HttpServer2 (HttpServer2.java:addGlobalFilter(975)) - Added global filter 'safety' (class=org.apache.hadoop.http.HttpServer2$QuotingInputFilter)
2019-07-13 14:44:26,869 INFO  http.HttpServer2 (HttpServer2.java:addFilter(948)) - Added filter static_user_filter (class=org.apache.hadoop.http.lib.StaticUserWebFilter$StaticUserFilter) to context scm
2019-07-13 14:44:26,870 INFO  http.HttpServer2 (HttpServer2.java:addFilter(958)) - Added filter static_user_filter (class=org.apache.hadoop.http.lib.StaticUserWebFilter$StaticUserFilter) to context static
2019-07-13 14:44:26,870 INFO  http.HttpServer2 (HttpServer2.java:addFilter(958)) - Added filter static_user_filter (class=org.apache.hadoop.http.lib.StaticUserWebFilter$StaticUserFilter) to context logs
2019-07-13 14:44:26,910 INFO  server.StorageContainerManager (StorageContainerManager.java:start(759)) - StorageContainerLocationProtocol RPC server is listening at /0.0.0.0:35680
2019-07-13 14:44:26,977 WARN  impl.MetricsConfig (MetricsConfig.java:loadFirst(134)) - Cannot locate configuration: tried hadoop-metrics2-storagecontainermanager.properties,hadoop-metrics2.properties
2019-07-13 14:44:26,991 INFO  impl.MetricsSystemImpl (MetricsSystemImpl.java:startTimer(374)) - Scheduled Metric snapshot period at 10 second(s).
2019-07-13 14:44:26,991 INFO  impl.MetricsSystemImpl (MetricsSystemImpl.java:start(191)) - StorageContainerManager metrics system started
2019-07-13 14:44:27,205 INFO  server.SCMClientProtocolServer (SCMClientProtocolServer.java:start(149)) - RPC server for Client  is listening at /0.0.0.0:35680
2019-07-13 14:44:27,207 INFO  ipc.Server (Server.java:run(1314)) - IPC Server Responder: starting
2019-07-13 14:44:27,207 INFO  ipc.Server (Server.java:run(1153)) - IPC Server listener on 35680: starting
2019-07-13 14:44:27,212 INFO  server.StorageContainerManager (StorageContainerManager.java:start(768)) - ScmBlockLocationProtocol RPC server is listening at /0.0.0.0:42780
2019-07-13 14:44:27,212 INFO  server.SCMBlockProtocolServer (SCMBlockProtocolServer.java:start(140)) - RPC server for Block Protocol is listening at /0.0.0.0:42780
2019-07-13 14:44:27,213 INFO  ipc.Server (Server.java:run(1314)) - IPC Server Responder: starting
2019-07-13 14:44:27,213 INFO  ipc.Server (Server.java:run(1153)) - IPC Server listener on 42780: starting
2019-07-13 14:44:27,220 INFO  server.StorageContainerManager (StorageContainerManager.java:start(772)) - ScmDatanodeProtocl RPC server is listening at /0.0.0.0:33210
2019-07-13 14:44:27,220 INFO  server.SCMDatanodeProtocolServer (SCMDatanodeProtocolServer.java:start(191)) - RPC server for DataNodes is listening at /0.0.0.0:33210
2019-07-13 14:44:27,222 INFO  ipc.Server (Server.java:run(1314)) - IPC Server Responder: starting
2019-07-13 14:44:27,222 INFO  ipc.Server (Server.java:run(1153)) - IPC Server listener on 33210: starting
2019-07-13 14:44:27,235 INFO  http.HttpServer2 (HttpServer2.java:bindListener(1191)) - Jetty bound to port 34552
2019-07-13 14:44:27,237 INFO  server.Server (Server.java:doStart(351)) - jetty-9.3.24.v20180605, build timestamp: 2018-06-05T17:11:56Z, git hash: 84205aa28f11a4f31f2a3b86d1bba2cc8ab69827
2019-07-13 14:44:27,276 INFO  handler.ContextHandler (ContextHandler.java:doStart(781)) - Started o.e.j.s.ServletContextHandler@eda25e5{/logs,file:///tmp/workdir/hadoop-ozone/integration-test/target/log,AVAILABLE}
2019-07-13 14:44:27,277 INFO  handler.ContextHandler (ContextHandler.java:doStart(781)) - Started o.e.j.s.ServletContextHandler@623e088f{/static,file:///tmp/workdir/hadoop-ozone/integration-test/target/test-classes/webapps/static,AVAILABLE}
2019-07-13 14:44:27,309 INFO  handler.ContextHandler (ContextHandler.java:doStart(781)) - Started o.e.j.w.WebAppContext@7c041b41{/,file:///tmp/workdir/hadoop-ozone/integration-test/target/test-classes/webapps/scm/,AVAILABLE}{/scm}
2019-07-13 14:44:27,314 INFO  server.AbstractConnector (AbstractConnector.java:doStart(278)) - Started ServerConnector@664a9613{HTTP/1.1,[http/1.1]}{0.0.0.0:34552}
2019-07-13 14:44:27,315 INFO  server.Server (Server.java:doStart(419)) - Started @2663ms
2019-07-13 14:44:27,316 INFO  server.BaseHttpServer (BaseHttpServer.java:updateConnectorAddress(207)) - HTTP server of SCM is listening at http://0.0.0.0:34552
2019-07-13 14:44:27,325 INFO  util.JvmPauseMonitor (JvmPauseMonitor.java:run(188)) - Starting JVM pause monitor
2019-07-13 14:44:27,328 WARN  server.ServerUtils (ServerUtils.java:getDBPath(222)) - ozone.om.db.dirs is not configured. We recommend adding this setting. Falling back to ozone.metadata.dirs instead.
2019-07-13 14:44:27,428 WARN  server.ServerUtils (ServerUtils.java:getDBPath(222)) - ozone.om.db.dirs is not configured. We recommend adding this setting. Falling back to ozone.metadata.dirs instead.
2019-07-13 14:44:27,429 INFO  om.OzoneManager (OzoneManager.java:setOMNodeDetails(630)) - OM Service ID is not set. Setting it to the default ID: omServiceIdDefault
2019-07-13 14:44:27,429 INFO  om.OzoneManager (OzoneManager.java:setOMNodeDetails(636)) - OM Node ID is not set. Setting it to the OmStorage's OmID: 14ba4ee8-2747-46d8-b9d5-a8dcd20d85df
2019-07-13 14:44:27,431 INFO  om.OzoneManager (OzoneManager.java:loadOMHAConfigs(587)) - Found matching OM address with OMServiceId: null, OMNodeId: null, RPC Address: localhost:0 and Ratis port: 9872
2019-07-13 14:44:27,662 WARN  server.ServerUtils (ServerUtils.java:getDBPath(222)) - ozone.om.db.dirs is not configured. We recommend adding this setting. Falling back to ozone.metadata.dirs instead.
2019-07-13 14:44:27,674 INFO  db.DBStoreBuilder (DBStoreBuilder.java:addTable(110)) - using custom profile for table: userTable
2019-07-13 14:44:27,675 INFO  db.DBStoreBuilder (DBStoreBuilder.java:processTables(161)) - Using default column profile:DBProfile.DISK for Table:userTable
2019-07-13 14:44:27,675 INFO  db.DBStoreBuilder (DBStoreBuilder.java:addTable(110)) - using custom profile for table: volumeTable
2019-07-13 14:44:27,676 INFO  db.DBStoreBuilder (DBStoreBuilder.java:processTables(161)) - Using default column profile:DBProfile.DISK for Table:volumeTable
2019-07-13 14:44:27,676 INFO  db.DBStoreBuilder (DBStoreBuilder.java:addTable(110)) - using custom profile for table: bucketTable
2019-07-13 14:44:27,676 INFO  db.DBStoreBuilder (DBStoreBuilder.java:processTables(161)) - Using default column profile:DBProfile.DISK for Table:bucketTable
2019-07-13 14:44:27,677 INFO  db.DBStoreBuilder (DBStoreBuilder.java:addTable(110)) - using custom profile for table: keyTable
2019-07-13 14:44:27,677 INFO  db.DBStoreBuilder (DBStoreBuilder.java:processTables(161)) - Using default column profile:DBProfile.DISK for Table:keyTable
2019-07-13 14:44:27,678 INFO  db.DBStoreBuilder (DBStoreBuilder.java:addTable(110)) - using custom profile for table: deletedTable
2019-07-13 14:44:27,678 INFO  db.DBStoreBuilder (DBStoreBuilder.java:processTables(161)) - Using default column profile:DBProfile.DISK for Table:deletedTable
2019-07-13 14:44:27,678 INFO  db.DBStoreBuilder (DBStoreBuilder.java:addTable(110)) - using custom profile for table: openKeyTable
2019-07-13 14:44:27,679 INFO  db.DBStoreBuilder (DBStoreBuilder.java:processTables(161)) - Using default column profile:DBProfile.DISK for Table:openKeyTable
2019-07-13 14:44:27,679 INFO  db.DBStoreBuilder (DBStoreBuilder.java:addTable(110)) - using custom profile for table: s3Table
2019-07-13 14:44:27,679 INFO  db.DBStoreBuilder (DBStoreBuilder.java:processTables(161)) - Using default column profile:DBProfile.DISK for Table:s3Table
2019-07-13 14:44:27,680 INFO  db.DBStoreBuilder (DBStoreBuilder.java:addTable(110)) - using custom profile for table: multipartInfoTable
2019-07-13 14:44:27,680 INFO  db.DBStoreBuilder (DBStoreBuilder.java:processTables(161)) - Using default column profile:DBProfile.DISK for Table:multipartInfoTable
2019-07-13 14:44:27,681 INFO  db.DBStoreBuilder (DBStoreBuilder.java:addTable(110)) - using custom profile for table: dTokenTable
2019-07-13 14:44:27,681 INFO  db.DBStoreBuilder (DBStoreBuilder.java:processTables(161)) - Using default column profile:DBProfile.DISK for Table:dTokenTable
2019-07-13 14:44:27,681 INFO  db.DBStoreBuilder (DBStoreBuilder.java:addTable(110)) - using custom profile for table: s3SecretTable
2019-07-13 14:44:27,682 INFO  db.DBStoreBuilder (DBStoreBuilder.java:processTables(161)) - Using default column profile:DBProfile.DISK for Table:s3SecretTable
2019-07-13 14:44:27,682 INFO  db.DBStoreBuilder (DBStoreBuilder.java:addTable(110)) - using custom profile for table: prefixTable
2019-07-13 14:44:27,682 INFO  db.DBStoreBuilder (DBStoreBuilder.java:processTables(161)) - Using default column profile:DBProfile.DISK for Table:prefixTable
2019-07-13 14:44:27,683 INFO  db.DBStoreBuilder (DBStoreBuilder.java:addTable(110)) - using custom profile for table: default
2019-07-13 14:44:27,683 INFO  db.DBStoreBuilder (DBStoreBuilder.java:processTables(167)) - Using default column profile:DBProfile.DISK for Table:default
2019-07-13 14:44:27,683 INFO  db.DBStoreBuilder (DBStoreBuilder.java:getDbProfile(198)) - Using default options. DBProfile.DISK
2019-07-13 14:44:28,320 INFO  ipc.CallQueueManager (CallQueueManager.java:<init>(84)) - Using callQueue: class java.util.concurrent.LinkedBlockingQueue, queueCapacity: 2000, scheduler: class org.apache.hadoop.ipc.DefaultRpcScheduler, ipcBackoff: false.
2019-07-13 14:44:28,322 INFO  ipc.Server (Server.java:run(1074)) - Starting Socket Reader #1 for port 42934
2019-07-13 14:44:28,349 WARN  server.ServerUtils (ServerUtils.java:getDBPath(222)) - ozone.om.db.dirs is not configured. We recommend adding this setting. Falling back to ozone.metadata.dirs instead.
2019-07-13 14:44:28,350 INFO  om.OzoneManager (OzoneManager.java:start(1228)) - OzoneManager RPC server is listening at localhost/127.0.0.1:42934
2019-07-13 14:44:28,350 INFO  impl.MetricsSystemImpl (MetricsSystemImpl.java:init(158)) - OzoneManager metrics system started (again)
2019-07-13 14:44:28,352 INFO  ipc.Server (Server.java:run(1314)) - IPC Server Responder: starting
2019-07-13 14:44:28,352 INFO  ipc.Server (Server.java:run(1153)) - IPC Server listener on 42934: starting
2019-07-13 14:44:28,364 INFO  hdfs.DFSUtil (DFSUtil.java:httpServerTemplateForNNAndJN(1641)) - Starting Web-server for ozoneManager at: http://0.0.0.0:0
2019-07-13 14:44:28,366 INFO  server.AuthenticationFilter (AuthenticationFilter.java:constructSecretProvider(240)) - Unable to initialize FileSignerSecretProvider, falling back to use random secrets.
2019-07-13 14:44:28,367 WARN  http.HttpRequestLog (HttpRequestLog.java:getRequestLog(97)) - Jetty request log can only be enabled using Log4j
2019-07-13 14:44:28,369 INFO  http.HttpServer2 (HttpServer2.java:addGlobalFilter(975)) - Added global filter 'safety' (class=org.apache.hadoop.http.HttpServer2$QuotingInputFilter)
2019-07-13 14:44:28,370 INFO  http.HttpServer2 (HttpServer2.java:addFilter(948)) - Added filter static_user_filter (class=org.apache.hadoop.http.lib.StaticUserWebFilter$StaticUserFilter) to context ozoneManager
2019-07-13 14:44:28,370 INFO  http.HttpServer2 (HttpServer2.java:addFilter(958)) - Added filter static_user_filter (class=org.apache.hadoop.http.lib.StaticUserWebFilter$StaticUserFilter) to context static
2019-07-13 14:44:28,370 INFO  http.HttpServer2 (HttpServer2.java:addFilter(958)) - Added filter static_user_filter (class=org.apache.hadoop.http.lib.StaticUserWebFilter$StaticUserFilter) to context logs
2019-07-13 14:44:28,372 INFO  http.HttpServer2 (HttpServer2.java:bindListener(1191)) - Jetty bound to port 33446
2019-07-13 14:44:28,372 INFO  server.Server (Server.java:doStart(351)) - jetty-9.3.24.v20180605, build timestamp: 2018-06-05T17:11:56Z, git hash: 84205aa28f11a4f31f2a3b86d1bba2cc8ab69827
2019-07-13 14:44:28,374 INFO  handler.ContextHandler (ContextHandler.java:doStart(781)) - Started o.e.j.s.ServletContextHandler@349d0836{/logs,file:///tmp/workdir/hadoop-ozone/integration-test/target/log,AVAILABLE}
2019-07-13 14:44:28,375 INFO  handler.ContextHandler (ContextHandler.java:doStart(781)) - Started o.e.j.s.ServletContextHandler@3e134896{/static,file:///tmp/workdir/hadoop-ozone/integration-test/target/test-classes/webapps/static,AVAILABLE}
2019-07-13 14:44:28,379 INFO  handler.ContextHandler (ContextHandler.java:doStart(781)) - Started o.e.j.w.WebAppContext@68e62ca4{/,file:///tmp/workdir/hadoop-ozone/integration-test/target/test-classes/webapps/ozoneManager/,AVAILABLE}{/ozoneManager}
2019-07-13 14:44:28,380 INFO  server.AbstractConnector (AbstractConnector.java:doStart(278)) - Started ServerConnector@5328a9c1{HTTP/1.1,[http/1.1]}{0.0.0.0:33446}
2019-07-13 14:44:28,380 INFO  server.Server (Server.java:doStart(419)) - Started @3728ms
2019-07-13 14:44:28,381 INFO  server.BaseHttpServer (BaseHttpServer.java:updateConnectorAddress(207)) - HTTP server of OZONEMANAGER is listening at http://0.0.0.0:33446
2019-07-13 14:44:28,720 INFO  impl.MetricsSystemImpl (MetricsSystemImpl.java:init(158)) - HddsDatanode metrics system started (again)
2019-07-13 14:44:28,812 INFO  ozone.HddsDatanodeService (HddsDatanodeService.java:start(185)) - HddsDatanodeService host:trunk-nightly-mhs6z-4061744966 ip:192.168.5.172
2019-07-13 14:44:28,853 INFO  volume.HddsVolume (HddsVolume.java:<init>(176)) - Creating Volume: /tmp/workdir/hadoop-ozone/integration-test/target/test-dir/MiniOzoneClusterImpl-480568c9-7904-409a-9f10-e21cb57673e4/datanode-0/data/containers/hdds of  storage type : DISK and capacity : 52710309888
2019-07-13 14:44:28,855 INFO  volume.VolumeSet (VolumeSet.java:initializeVolumeSet(170)) - Added Volume : /tmp/workdir/hadoop-ozone/integration-test/target/test-dir/MiniOzoneClusterImpl-480568c9-7904-409a-9f10-e21cb57673e4/datanode-0/data/containers/hdds to VolumeSet
2019-07-13 14:44:28,859 INFO  volume.ThrottledAsyncChecker (ThrottledAsyncChecker.java:schedule(140)) - Scheduling a check for org.apache.hadoop.ozone.container.common.volume.HddsVolume@57d0fc89
2019-07-13 14:44:28,879 INFO  volume.HddsVolumeChecker (HddsVolumeChecker.java:checkAllVolumes(203)) - Scheduled health check for volume org.apache.hadoop.ozone.container.common.volume.HddsVolume@57d0fc89
2019-07-13 14:44:29,020 INFO  impl.RaftServerProxy (ConfUtils.java:logGet(43)) - raft.rpc.type = GRPC (default)
2019-07-13 14:44:29,110 INFO  grpc.GrpcFactory (GrpcFactory.java:checkPooledByteBufAllocatorUseCacheForAllThreads(45)) - PERFORMANCE WARNING: useCacheForAllThreads is true that may cause Netty to create a lot garbage objects and, as a result, trigger GC.
	It is recommended to disable useCacheForAllThreads by setting -Dorg.apache.ratis.thirdparty.io.netty.allocator.useCacheForAllThreads=false in command line.
2019-07-13 14:44:29,115 INFO  grpc.GrpcConfigKeys$Server (ConfUtils.java:logGet(43)) - raft.grpc.server.port = 0 (default)
2019-07-13 14:44:29,116 INFO  server.GrpcService (ConfUtils.java:logGet(43)) - raft.grpc.message.size.max = 33570816 (custom)
2019-07-13 14:44:29,118 INFO  server.RaftServerConfigKeys (ConfUtils.java:logGet(43)) - raft.server.log.appender.buffer.byte-limit = 33554432 (custom)
2019-07-13 14:44:29,119 INFO  server.GrpcService (ConfUtils.java:logGet(43)) - raft.grpc.flow.control.window = 1MB (=1048576) (default)
2019-07-13 14:44:29,120 INFO  server.RaftServerConfigKeys (ConfUtils.java:logGet(43)) - raft.server.rpc.request.timeout = 3000ms (default)
2019-07-13 14:44:29,276 INFO  server.RaftServerConfigKeys (ConfUtils.java:logGet(43)) - raft.server.storage.dir = [/tmp/workdir/hadoop-ozone/integration-test/target/test-dir/MiniOzoneClusterImpl-480568c9-7904-409a-9f10-e21cb57673e4/datanode-0/data/ratis] (custom)
2019-07-13 14:44:29,322 INFO  replication.SimpleContainerDownloader (SimpleContainerDownloader.java:<init>(72)) - Starting container downloader service to copy containers to replicate.
2019-07-13 14:44:29,338 INFO  hdfs.DFSUtil (DFSUtil.java:httpServerTemplateForNNAndJN(1641)) - Starting Web-server for hddsDatanode at: http://0.0.0.0:0
2019-07-13 14:44:29,343 INFO  server.AuthenticationFilter (AuthenticationFilter.java:constructSecretProvider(240)) - Unable to initialize FileSignerSecretProvider, falling back to use random secrets.
2019-07-13 14:44:29,344 WARN  http.HttpRequestLog (HttpRequestLog.java:getRequestLog(97)) - Jetty request log can only be enabled using Log4j
2019-07-13 14:44:29,348 INFO  http.HttpServer2 (HttpServer2.java:addGlobalFilter(975)) - Added global filter 'safety' (class=org.apache.hadoop.http.HttpServer2$QuotingInputFilter)
2019-07-13 14:44:29,349 INFO  http.HttpServer2 (HttpServer2.java:addFilter(948)) - Added filter static_user_filter (class=org.apache.hadoop.http.lib.StaticUserWebFilter$StaticUserFilter) to context hddsDatanode
2019-07-13 14:44:29,350 INFO  http.HttpServer2 (HttpServer2.java:addFilter(958)) - Added filter static_user_filter (class=org.apache.hadoop.http.lib.StaticUserWebFilter$StaticUserFilter) to context logs
2019-07-13 14:44:29,350 INFO  http.HttpServer2 (HttpServer2.java:addFilter(958)) - Added filter static_user_filter (class=org.apache.hadoop.http.lib.StaticUserWebFilter$StaticUserFilter) to context static
2019-07-13 14:44:29,353 INFO  http.HttpServer2 (HttpServer2.java:bindListener(1191)) - Jetty bound to port 37322
2019-07-13 14:44:29,353 INFO  server.Server (Server.java:doStart(351)) - jetty-9.3.24.v20180605, build timestamp: 2018-06-05T17:11:56Z, git hash: 84205aa28f11a4f31f2a3b86d1bba2cc8ab69827
2019-07-13 14:44:29,358 INFO  handler.ContextHandler (ContextHandler.java:doStart(781)) - Started o.e.j.s.ServletContextHandler@1d23ff23{/logs,file:///tmp/workdir/hadoop-ozone/integration-test/target/log,AVAILABLE}
2019-07-13 14:44:29,359 INFO  handler.ContextHandler (ContextHandler.java:doStart(781)) - Started o.e.j.s.ServletContextHandler@6c9320c2{/static,jar:file:/home/user/.m2/repository/org/apache/hadoop/hadoop-hdds-container-service/0.5.0-SNAPSHOT/hadoop-hdds-container-service-0.5.0-SNAPSHOT.jar!/webapps/static,AVAILABLE}
2019-07-13 14:44:29,425 INFO  handler.ContextHandler (ContextHandler.java:doStart(781)) - Started o.e.j.w.WebAppContext@5c080ef3{/,file:///tmp/jetty-0.0.0.0-37322-hddsDatanode-_-any-2379275178353229575.dir/webapp/,AVAILABLE}{/hddsDatanode}
2019-07-13 14:44:29,426 INFO  server.AbstractConnector (AbstractConnector.java:doStart(278)) - Started ServerConnector@188cbcde{HTTP/1.1,[http/1.1]}{0.0.0.0:37322}
2019-07-13 14:44:29,430 INFO  server.Server (Server.java:doStart(419)) - Started @4778ms
2019-07-13 14:44:29,432 INFO  server.BaseHttpServer (BaseHttpServer.java:updateConnectorAddress(207)) - HTTP server of HDDSDATANODE is listening at http://0.0.0.0:37322
2019-07-13 14:44:30,683 INFO  ozone.HddsDatanodeService (HddsDatanodeService.java:startPlugins(396)) - Started plug-in org.apache.hadoop.ozone.web.OzoneHddsDatanodeService@28babeca
2019-07-13 14:44:30,685 INFO  impl.MetricsSystemImpl (MetricsSystemImpl.java:init(158)) - HddsDatanode metrics system started (again)
2019-07-13 14:44:30,686 INFO  ozone.HddsDatanodeService (HddsDatanodeService.java:start(185)) - HddsDatanodeService host:trunk-nightly-mhs6z-4061744966 ip:192.168.5.172
2019-07-13 14:44:30,692 INFO  util.JvmPauseMonitor (JvmPauseMonitor.java:run(188)) - Starting JVM pause monitor
2019-07-13 14:44:30,697 INFO  volume.HddsVolume (HddsVolume.java:<init>(176)) - Creating Volume: /tmp/workdir/hadoop-ozone/integration-test/target/test-dir/MiniOzoneClusterImpl-480568c9-7904-409a-9f10-e21cb57673e4/datanode-1/data/containers/hdds of  storage type : DISK and capacity : 52710309888
2019-07-13 14:44:30,697 INFO  volume.VolumeSet (VolumeSet.java:initializeVolumeSet(170)) - Added Volume : /tmp/workdir/hadoop-ozone/integration-test/target/test-dir/MiniOzoneClusterImpl-480568c9-7904-409a-9f10-e21cb57673e4/datanode-1/data/containers/hdds to VolumeSet
2019-07-13 14:44:30,698 INFO  volume.ThrottledAsyncChecker (ThrottledAsyncChecker.java:schedule(140)) - Scheduling a check for org.apache.hadoop.ozone.container.common.volume.HddsVolume@58833798
2019-07-13 14:44:30,700 INFO  volume.HddsVolumeChecker (HddsVolumeChecker.java:checkAllVolumes(203)) - Scheduled health check for volume org.apache.hadoop.ozone.container.common.volume.HddsVolume@58833798
2019-07-13 14:44:30,720 INFO  impl.RaftServerProxy (ConfUtils.java:logGet(43)) - raft.rpc.type = GRPC (default)
2019-07-13 14:44:30,720 INFO  grpc.GrpcFactory (GrpcFactory.java:checkPooledByteBufAllocatorUseCacheForAllThreads(45)) - PERFORMANCE WARNING: useCacheForAllThreads is true that may cause Netty to create a lot garbage objects and, as a result, trigger GC.
	It is recommended to disable useCacheForAllThreads by setting -Dorg.apache.ratis.thirdparty.io.netty.allocator.useCacheForAllThreads=false in command line.
2019-07-13 14:44:30,721 INFO  grpc.GrpcConfigKeys$Server (ConfUtils.java:logGet(43)) - raft.grpc.server.port = 0 (default)
2019-07-13 14:44:30,721 INFO  server.GrpcService (ConfUtils.java:logGet(43)) - raft.grpc.message.size.max = 33570816 (custom)
2019-07-13 14:44:30,721 INFO  server.RaftServerConfigKeys (ConfUtils.java:logGet(43)) - raft.server.log.appender.buffer.byte-limit = 33554432 (custom)
2019-07-13 14:44:30,721 INFO  server.GrpcService (ConfUtils.java:logGet(43)) - raft.grpc.flow.control.window = 1MB (=1048576) (default)
2019-07-13 14:44:30,722 INFO  server.RaftServerConfigKeys (ConfUtils.java:logGet(43)) - raft.server.rpc.request.timeout = 3000ms (default)
2019-07-13 14:44:30,723 INFO  server.RaftServerConfigKeys (ConfUtils.java:logGet(43)) - raft.server.storage.dir = [/tmp/workdir/hadoop-ozone/integration-test/target/test-dir/MiniOzoneClusterImpl-480568c9-7904-409a-9f10-e21cb57673e4/datanode-1/data/ratis] (custom)
2019-07-13 14:44:30,723 INFO  replication.SimpleContainerDownloader (SimpleContainerDownloader.java:<init>(72)) - Starting container downloader service to copy containers to replicate.
2019-07-13 14:44:30,726 INFO  hdfs.DFSUtil (DFSUtil.java:httpServerTemplateForNNAndJN(1641)) - Starting Web-server for hddsDatanode at: http://0.0.0.0:0
2019-07-13 14:44:30,729 INFO  server.AuthenticationFilter (AuthenticationFilter.java:constructSecretProvider(240)) - Unable to initialize FileSignerSecretProvider, falling back to use random secrets.
2019-07-13 14:44:30,730 WARN  http.HttpRequestLog (HttpRequestLog.java:getRequestLog(97)) - Jetty request log can only be enabled using Log4j
2019-07-13 14:44:30,733 INFO  http.HttpServer2 (HttpServer2.java:addGlobalFilter(975)) - Added global filter 'safety' (class=org.apache.hadoop.http.HttpServer2$QuotingInputFilter)
2019-07-13 14:44:30,734 INFO  http.HttpServer2 (HttpServer2.java:addFilter(948)) - Added filter static_user_filter (class=org.apache.hadoop.http.lib.StaticUserWebFilter$StaticUserFilter) to context hddsDatanode
2019-07-13 14:44:30,735 INFO  http.HttpServer2 (HttpServer2.java:addFilter(958)) - Added filter static_user_filter (class=org.apache.hadoop.http.lib.StaticUserWebFilter$StaticUserFilter) to context static
2019-07-13 14:44:30,735 INFO  http.HttpServer2 (HttpServer2.java:addFilter(958)) - Added filter static_user_filter (class=org.apache.hadoop.http.lib.StaticUserWebFilter$StaticUserFilter) to context logs
2019-07-13 14:44:30,736 INFO  http.HttpServer2 (HttpServer2.java:bindListener(1191)) - Jetty bound to port 46576
2019-07-13 14:44:30,736 INFO  server.Server (Server.java:doStart(351)) - jetty-9.3.24.v20180605, build timestamp: 2018-06-05T17:11:56Z, git hash: 84205aa28f11a4f31f2a3b86d1bba2cc8ab69827
2019-07-13 14:44:30,740 INFO  handler.ContextHandler (ContextHandler.java:doStart(781)) - Started o.e.j.s.ServletContextHandler@245253d8{/logs,file:///tmp/workdir/hadoop-ozone/integration-test/target/log,AVAILABLE}
2019-07-13 14:44:30,740 INFO  handler.ContextHandler (ContextHandler.java:doStart(781)) - Started o.e.j.s.ServletContextHandler@459003a0{/static,jar:file:/home/user/.m2/repository/org/apache/hadoop/hadoop-hdds-container-service/0.5.0-SNAPSHOT/hadoop-hdds-container-service-0.5.0-SNAPSHOT.jar!/webapps/static,AVAILABLE}
2019-07-13 14:44:30,789 INFO  handler.ContextHandler (ContextHandler.java:doStart(781)) - Started o.e.j.w.WebAppContext@6af5b246{/,file:///tmp/jetty-0.0.0.0-46576-hddsDatanode-_-any-3051666593754139096.dir/webapp/,AVAILABLE}{/hddsDatanode}
2019-07-13 14:44:30,790 INFO  server.AbstractConnector (AbstractConnector.java:doStart(278)) - Started ServerConnector@31723307{HTTP/1.1,[http/1.1]}{0.0.0.0:46576}
2019-07-13 14:44:30,791 INFO  server.Server (Server.java:doStart(419)) - Started @6139ms
2019-07-13 14:44:30,794 INFO  server.BaseHttpServer (BaseHttpServer.java:updateConnectorAddress(207)) - HTTP server of HDDSDATANODE is listening at http://0.0.0.0:46576
2019-07-13 14:44:30,818 INFO  datanode.InitDatanodeState (InitDatanodeState.java:persistContainerDatanodeDetails(140)) - DatanodeDetails is persisted to /tmp/workdir/hadoop-ozone/integration-test/target/test-dir/MiniOzoneClusterImpl-480568c9-7904-409a-9f10-e21cb57673e4/datanode-0/meta/datanode.id
2019-07-13 14:44:30,934 INFO  ozone.HddsDatanodeService (HddsDatanodeService.java:startPlugins(396)) - Started plug-in org.apache.hadoop.ozone.web.OzoneHddsDatanodeService@79627d27
2019-07-13 14:44:30,934 INFO  impl.MetricsSystemImpl (MetricsSystemImpl.java:init(158)) - HddsDatanode metrics system started (again)
2019-07-13 14:44:30,934 INFO  ozone.HddsDatanodeService (HddsDatanodeService.java:start(185)) - HddsDatanodeService host:trunk-nightly-mhs6z-4061744966 ip:192.168.5.172
2019-07-13 14:44:30,936 INFO  util.JvmPauseMonitor (JvmPauseMonitor.java:run(188)) - Starting JVM pause monitor
2019-07-13 14:44:30,944 INFO  volume.HddsVolume (HddsVolume.java:<init>(176)) - Creating Volume: /tmp/workdir/hadoop-ozone/integration-test/target/test-dir/MiniOzoneClusterImpl-480568c9-7904-409a-9f10-e21cb57673e4/datanode-2/data/containers/hdds of  storage type : DISK and capacity : 52710309888
2019-07-13 14:44:30,945 INFO  volume.VolumeSet (VolumeSet.java:initializeVolumeSet(170)) - Added Volume : /tmp/workdir/hadoop-ozone/integration-test/target/test-dir/MiniOzoneClusterImpl-480568c9-7904-409a-9f10-e21cb57673e4/datanode-2/data/containers/hdds to VolumeSet
2019-07-13 14:44:30,945 INFO  volume.ThrottledAsyncChecker (ThrottledAsyncChecker.java:schedule(140)) - Scheduling a check for org.apache.hadoop.ozone.container.common.volume.HddsVolume@2a8f6e6
2019-07-13 14:44:30,945 INFO  volume.HddsVolumeChecker (HddsVolumeChecker.java:checkAllVolumes(203)) - Scheduled health check for volume org.apache.hadoop.ozone.container.common.volume.HddsVolume@2a8f6e6
2019-07-13 14:44:30,946 INFO  datanode.InitDatanodeState (InitDatanodeState.java:persistContainerDatanodeDetails(140)) - DatanodeDetails is persisted to /tmp/workdir/hadoop-ozone/integration-test/target/test-dir/MiniOzoneClusterImpl-480568c9-7904-409a-9f10-e21cb57673e4/datanode-1/meta/datanode.id
2019-07-13 14:44:30,960 INFO  impl.RaftServerProxy (ConfUtils.java:logGet(43)) - raft.rpc.type = GRPC (default)
2019-07-13 14:44:30,960 INFO  grpc.GrpcFactory (GrpcFactory.java:checkPooledByteBufAllocatorUseCacheForAllThreads(45)) - PERFORMANCE WARNING: useCacheForAllThreads is true that may cause Netty to create a lot garbage objects and, as a result, trigger GC.
	It is recommended to disable useCacheForAllThreads by setting -Dorg.apache.ratis.thirdparty.io.netty.allocator.useCacheForAllThreads=false in command line.
2019-07-13 14:44:30,960 INFO  grpc.GrpcConfigKeys$Server (ConfUtils.java:logGet(43)) - raft.grpc.server.port = 0 (default)
2019-07-13 14:44:30,960 INFO  server.GrpcService (ConfUtils.java:logGet(43)) - raft.grpc.message.size.max = 33570816 (custom)
2019-07-13 14:44:30,961 INFO  server.RaftServerConfigKeys (ConfUtils.java:logGet(43)) - raft.server.log.appender.buffer.byte-limit = 33554432 (custom)
2019-07-13 14:44:30,961 INFO  server.GrpcService (ConfUtils.java:logGet(43)) - raft.grpc.flow.control.window = 1MB (=1048576) (default)
2019-07-13 14:44:30,961 INFO  server.RaftServerConfigKeys (ConfUtils.java:logGet(43)) - raft.server.rpc.request.timeout = 3000ms (default)
2019-07-13 14:44:30,962 INFO  server.RaftServerConfigKeys (ConfUtils.java:logGet(43)) - raft.server.storage.dir = [/tmp/workdir/hadoop-ozone/integration-test/target/test-dir/MiniOzoneClusterImpl-480568c9-7904-409a-9f10-e21cb57673e4/datanode-2/data/ratis] (custom)
2019-07-13 14:44:30,962 INFO  replication.SimpleContainerDownloader (SimpleContainerDownloader.java:<init>(72)) - Starting container downloader service to copy containers to replicate.
2019-07-13 14:44:30,964 INFO  hdfs.DFSUtil (DFSUtil.java:httpServerTemplateForNNAndJN(1641)) - Starting Web-server for hddsDatanode at: http://0.0.0.0:0
2019-07-13 14:44:30,965 INFO  server.AuthenticationFilter (AuthenticationFilter.java:constructSecretProvider(240)) - Unable to initialize FileSignerSecretProvider, falling back to use random secrets.
2019-07-13 14:44:30,965 WARN  http.HttpRequestLog (HttpRequestLog.java:getRequestLog(97)) - Jetty request log can only be enabled using Log4j
2019-07-13 14:44:30,966 INFO  http.HttpServer2 (HttpServer2.java:addGlobalFilter(975)) - Added global filter 'safety' (class=org.apache.hadoop.http.HttpServer2$QuotingInputFilter)
2019-07-13 14:44:30,967 INFO  http.HttpServer2 (HttpServer2.java:addFilter(948)) - Added filter static_user_filter (class=org.apache.hadoop.http.lib.StaticUserWebFilter$StaticUserFilter) to context hddsDatanode
2019-07-13 14:44:30,967 INFO  http.HttpServer2 (HttpServer2.java:addFilter(958)) - Added filter static_user_filter (class=org.apache.hadoop.http.lib.StaticUserWebFilter$StaticUserFilter) to context logs
2019-07-13 14:44:30,967 INFO  http.HttpServer2 (HttpServer2.java:addFilter(958)) - Added filter static_user_filter (class=org.apache.hadoop.http.lib.StaticUserWebFilter$StaticUserFilter) to context static
2019-07-13 14:44:30,968 INFO  http.HttpServer2 (HttpServer2.java:bindListener(1191)) - Jetty bound to port 38610
2019-07-13 14:44:30,968 INFO  server.Server (Server.java:doStart(351)) - jetty-9.3.24.v20180605, build timestamp: 2018-06-05T17:11:56Z, git hash: 84205aa28f11a4f31f2a3b86d1bba2cc8ab69827
2019-07-13 14:44:30,971 INFO  handler.ContextHandler (ContextHandler.java:doStart(781)) - Started o.e.j.s.ServletContextHandler@70ede57d{/logs,file:///tmp/workdir/hadoop-ozone/integration-test/target/log,AVAILABLE}
2019-07-13 14:44:30,972 INFO  handler.ContextHandler (ContextHandler.java:doStart(781)) - Started o.e.j.s.ServletContextHandler@61f377d1{/static,jar:file:/home/user/.m2/repository/org/apache/hadoop/hadoop-hdds-container-service/0.5.0-SNAPSHOT/hadoop-hdds-container-service-0.5.0-SNAPSHOT.jar!/webapps/static,AVAILABLE}
2019-07-13 14:44:31,000 INFO  handler.ContextHandler (ContextHandler.java:doStart(781)) - Started o.e.j.w.WebAppContext@30a7653e{/,file:///tmp/jetty-0.0.0.0-38610-hddsDatanode-_-any-7329123653945687956.dir/webapp/,AVAILABLE}{/hddsDatanode}
2019-07-13 14:44:31,000 INFO  server.AbstractConnector (AbstractConnector.java:doStart(278)) - Started ServerConnector@7cff3f1d{HTTP/1.1,[http/1.1]}{0.0.0.0:38610}
2019-07-13 14:44:31,001 INFO  server.Server (Server.java:doStart(419)) - Started @6349ms
2019-07-13 14:44:31,002 INFO  server.BaseHttpServer (BaseHttpServer.java:updateConnectorAddress(207)) - HTTP server of HDDSDATANODE is listening at http://0.0.0.0:38610
2019-07-13 14:44:31,163 INFO  ozone.HddsDatanodeService (HddsDatanodeService.java:startPlugins(396)) - Started plug-in org.apache.hadoop.ozone.web.OzoneHddsDatanodeService@12fcb2c3
2019-07-13 14:44:31,164 INFO  impl.MetricsSystemImpl (MetricsSystemImpl.java:init(158)) - HddsDatanode metrics system started (again)
2019-07-13 14:44:31,164 INFO  ozone.HddsDatanodeService (HddsDatanodeService.java:start(185)) - HddsDatanodeService host:trunk-nightly-mhs6z-4061744966 ip:192.168.5.172
2019-07-13 14:44:31,167 INFO  util.JvmPauseMonitor (JvmPauseMonitor.java:run(188)) - Starting JVM pause monitor
2019-07-13 14:44:31,170 INFO  datanode.InitDatanodeState (InitDatanodeState.java:persistContainerDatanodeDetails(140)) - DatanodeDetails is persisted to /tmp/workdir/hadoop-ozone/integration-test/target/test-dir/MiniOzoneClusterImpl-480568c9-7904-409a-9f10-e21cb57673e4/datanode-2/meta/datanode.id
2019-07-13 14:44:31,174 INFO  volume.HddsVolume (HddsVolume.java:<init>(176)) - Creating Volume: /tmp/workdir/hadoop-ozone/integration-test/target/test-dir/MiniOzoneClusterImpl-480568c9-7904-409a-9f10-e21cb57673e4/datanode-3/data/containers/hdds of  storage type : DISK and capacity : 52710309888
2019-07-13 14:44:31,174 INFO  volume.VolumeSet (VolumeSet.java:initializeVolumeSet(170)) - Added Volume : /tmp/workdir/hadoop-ozone/integration-test/target/test-dir/MiniOzoneClusterImpl-480568c9-7904-409a-9f10-e21cb57673e4/datanode-3/data/containers/hdds to VolumeSet
2019-07-13 14:44:31,174 INFO  volume.ThrottledAsyncChecker (ThrottledAsyncChecker.java:schedule(140)) - Scheduling a check for org.apache.hadoop.ozone.container.common.volume.HddsVolume@28a6e171
2019-07-13 14:44:31,175 INFO  volume.HddsVolumeChecker (HddsVolumeChecker.java:checkAllVolumes(203)) - Scheduled health check for volume org.apache.hadoop.ozone.container.common.volume.HddsVolume@28a6e171
2019-07-13 14:44:31,189 INFO  impl.RaftServerProxy (ConfUtils.java:logGet(43)) - raft.rpc.type = GRPC (default)
2019-07-13 14:44:31,189 INFO  grpc.GrpcFactory (GrpcFactory.java:checkPooledByteBufAllocatorUseCacheForAllThreads(45)) - PERFORMANCE WARNING: useCacheForAllThreads is true that may cause Netty to create a lot garbage objects and, as a result, trigger GC.
	It is recommended to disable useCacheForAllThreads by setting -Dorg.apache.ratis.thirdparty.io.netty.allocator.useCacheForAllThreads=false in command line.
2019-07-13 14:44:31,190 INFO  grpc.GrpcConfigKeys$Server (ConfUtils.java:logGet(43)) - raft.grpc.server.port = 0 (default)
2019-07-13 14:44:31,190 INFO  server.GrpcService (ConfUtils.java:logGet(43)) - raft.grpc.message.size.max = 33570816 (custom)
2019-07-13 14:44:31,190 INFO  server.RaftServerConfigKeys (ConfUtils.java:logGet(43)) - raft.server.log.appender.buffer.byte-limit = 33554432 (custom)
2019-07-13 14:44:31,190 INFO  server.GrpcService (ConfUtils.java:logGet(43)) - raft.grpc.flow.control.window = 1MB (=1048576) (default)
2019-07-13 14:44:31,190 INFO  server.RaftServerConfigKeys (ConfUtils.java:logGet(43)) - raft.server.rpc.request.timeout = 3000ms (default)
2019-07-13 14:44:31,191 INFO  server.RaftServerConfigKeys (ConfUtils.java:logGet(43)) - raft.server.storage.dir = [/tmp/workdir/hadoop-ozone/integration-test/target/test-dir/MiniOzoneClusterImpl-480568c9-7904-409a-9f10-e21cb57673e4/datanode-3/data/ratis] (custom)
2019-07-13 14:44:31,191 INFO  replication.SimpleContainerDownloader (SimpleContainerDownloader.java:<init>(72)) - Starting container downloader service to copy containers to replicate.
2019-07-13 14:44:31,193 INFO  hdfs.DFSUtil (DFSUtil.java:httpServerTemplateForNNAndJN(1641)) - Starting Web-server for hddsDatanode at: http://0.0.0.0:0
2019-07-13 14:44:31,195 INFO  server.AuthenticationFilter (AuthenticationFilter.java:constructSecretProvider(240)) - Unable to initialize FileSignerSecretProvider, falling back to use random secrets.
2019-07-13 14:44:31,195 WARN  http.HttpRequestLog (HttpRequestLog.java:getRequestLog(97)) - Jetty request log can only be enabled using Log4j
2019-07-13 14:44:31,197 INFO  http.HttpServer2 (HttpServer2.java:addGlobalFilter(975)) - Added global filter 'safety' (class=org.apache.hadoop.http.HttpServer2$QuotingInputFilter)
2019-07-13 14:44:31,198 INFO  http.HttpServer2 (HttpServer2.java:addFilter(948)) - Added filter static_user_filter (class=org.apache.hadoop.http.lib.StaticUserWebFilter$StaticUserFilter) to context hddsDatanode
2019-07-13 14:44:31,199 INFO  http.HttpServer2 (HttpServer2.java:addFilter(958)) - Added filter static_user_filter (class=org.apache.hadoop.http.lib.StaticUserWebFilter$StaticUserFilter) to context logs
2019-07-13 14:44:31,199 INFO  http.HttpServer2 (HttpServer2.java:addFilter(958)) - Added filter static_user_filter (class=org.apache.hadoop.http.lib.StaticUserWebFilter$StaticUserFilter) to context static
2019-07-13 14:44:31,200 INFO  http.HttpServer2 (HttpServer2.java:bindListener(1191)) - Jetty bound to port 41399
2019-07-13 14:44:31,200 INFO  server.Server (Server.java:doStart(351)) - jetty-9.3.24.v20180605, build timestamp: 2018-06-05T17:11:56Z, git hash: 84205aa28f11a4f31f2a3b86d1bba2cc8ab69827
2019-07-13 14:44:31,203 INFO  handler.ContextHandler (ContextHandler.java:doStart(781)) - Started o.e.j.s.ServletContextHandler@14b528b6{/logs,file:///tmp/workdir/hadoop-ozone/integration-test/target/log,AVAILABLE}
2019-07-13 14:44:31,204 INFO  handler.ContextHandler (ContextHandler.java:doStart(781)) - Started o.e.j.s.ServletContextHandler@6f930e0{/static,jar:file:/home/user/.m2/repository/org/apache/hadoop/hadoop-hdds-container-service/0.5.0-SNAPSHOT/hadoop-hdds-container-service-0.5.0-SNAPSHOT.jar!/webapps/static,AVAILABLE}
2019-07-13 14:44:31,246 INFO  handler.ContextHandler (ContextHandler.java:doStart(781)) - Started o.e.j.w.WebAppContext@3830b06c{/,file:///tmp/jetty-0.0.0.0-41399-hddsDatanode-_-any-6313740431545959365.dir/webapp/,AVAILABLE}{/hddsDatanode}
2019-07-13 14:44:31,247 INFO  server.AbstractConnector (AbstractConnector.java:doStart(278)) - Started ServerConnector@3e28d779{HTTP/1.1,[http/1.1]}{0.0.0.0:41399}
2019-07-13 14:44:31,249 INFO  server.Server (Server.java:doStart(419)) - Started @6597ms
2019-07-13 14:44:31,250 INFO  server.BaseHttpServer (BaseHttpServer.java:updateConnectorAddress(207)) - HTTP server of HDDSDATANODE is listening at http://0.0.0.0:41399
2019-07-13 14:44:31,409 INFO  ozone.HddsDatanodeService (HddsDatanodeService.java:startPlugins(396)) - Started plug-in org.apache.hadoop.ozone.web.OzoneHddsDatanodeService@42c0a16e
2019-07-13 14:44:31,409 INFO  impl.MetricsSystemImpl (MetricsSystemImpl.java:init(158)) - HddsDatanode metrics system started (again)
2019-07-13 14:44:31,410 INFO  ozone.HddsDatanodeService (HddsDatanodeService.java:start(185)) - HddsDatanodeService host:trunk-nightly-mhs6z-4061744966 ip:192.168.5.172
2019-07-13 14:44:31,411 INFO  util.JvmPauseMonitor (JvmPauseMonitor.java:run(188)) - Starting JVM pause monitor
2019-07-13 14:44:31,414 INFO  datanode.InitDatanodeState (InitDatanodeState.java:persistContainerDatanodeDetails(140)) - DatanodeDetails is persisted to /tmp/workdir/hadoop-ozone/integration-test/target/test-dir/MiniOzoneClusterImpl-480568c9-7904-409a-9f10-e21cb57673e4/datanode-3/meta/datanode.id
2019-07-13 14:44:31,418 INFO  volume.HddsVolume (HddsVolume.java:<init>(176)) - Creating Volume: /tmp/workdir/hadoop-ozone/integration-test/target/test-dir/MiniOzoneClusterImpl-480568c9-7904-409a-9f10-e21cb57673e4/datanode-4/data/containers/hdds of  storage type : DISK and capacity : 52710309888
2019-07-13 14:44:31,418 INFO  volume.VolumeSet (VolumeSet.java:initializeVolumeSet(170)) - Added Volume : /tmp/workdir/hadoop-ozone/integration-test/target/test-dir/MiniOzoneClusterImpl-480568c9-7904-409a-9f10-e21cb57673e4/datanode-4/data/containers/hdds to VolumeSet
2019-07-13 14:44:31,419 INFO  volume.ThrottledAsyncChecker (ThrottledAsyncChecker.java:schedule(140)) - Scheduling a check for org.apache.hadoop.ozone.container.common.volume.HddsVolume@76396509
2019-07-13 14:44:31,419 INFO  volume.HddsVolumeChecker (HddsVolumeChecker.java:checkAllVolumes(203)) - Scheduled health check for volume org.apache.hadoop.ozone.container.common.volume.HddsVolume@76396509
2019-07-13 14:44:31,437 INFO  impl.RaftServerProxy (ConfUtils.java:logGet(43)) - raft.rpc.type = GRPC (default)
2019-07-13 14:44:31,437 INFO  grpc.GrpcFactory (GrpcFactory.java:checkPooledByteBufAllocatorUseCacheForAllThreads(45)) - PERFORMANCE WARNING: useCacheForAllThreads is true that may cause Netty to create a lot garbage objects and, as a result, trigger GC.
	It is recommended to disable useCacheForAllThreads by setting -Dorg.apache.ratis.thirdparty.io.netty.allocator.useCacheForAllThreads=false in command line.
2019-07-13 14:44:31,437 INFO  grpc.GrpcConfigKeys$Server (ConfUtils.java:logGet(43)) - raft.grpc.server.port = 0 (default)
2019-07-13 14:44:31,438 INFO  server.GrpcService (ConfUtils.java:logGet(43)) - raft.grpc.message.size.max = 33570816 (custom)
2019-07-13 14:44:31,438 INFO  server.RaftServerConfigKeys (ConfUtils.java:logGet(43)) - raft.server.log.appender.buffer.byte-limit = 33554432 (custom)
2019-07-13 14:44:31,438 INFO  server.GrpcService (ConfUtils.java:logGet(43)) - raft.grpc.flow.control.window = 1MB (=1048576) (default)
2019-07-13 14:44:31,439 INFO  server.RaftServerConfigKeys (ConfUtils.java:logGet(43)) - raft.server.rpc.request.timeout = 3000ms (default)
2019-07-13 14:44:31,439 INFO  server.RaftServerConfigKeys (ConfUtils.java:logGet(43)) - raft.server.storage.dir = [/tmp/workdir/hadoop-ozone/integration-test/target/test-dir/MiniOzoneClusterImpl-480568c9-7904-409a-9f10-e21cb57673e4/datanode-4/data/ratis] (custom)
2019-07-13 14:44:31,440 INFO  replication.SimpleContainerDownloader (SimpleContainerDownloader.java:<init>(72)) - Starting container downloader service to copy containers to replicate.
2019-07-13 14:44:31,441 INFO  hdfs.DFSUtil (DFSUtil.java:httpServerTemplateForNNAndJN(1641)) - Starting Web-server for hddsDatanode at: http://0.0.0.0:0
2019-07-13 14:44:31,444 INFO  server.AuthenticationFilter (AuthenticationFilter.java:constructSecretProvider(240)) - Unable to initialize FileSignerSecretProvider, falling back to use random secrets.
2019-07-13 14:44:31,444 WARN  http.HttpRequestLog (HttpRequestLog.java:getRequestLog(97)) - Jetty request log can only be enabled using Log4j
2019-07-13 14:44:31,446 INFO  http.HttpServer2 (HttpServer2.java:addGlobalFilter(975)) - Added global filter 'safety' (class=org.apache.hadoop.http.HttpServer2$QuotingInputFilter)
2019-07-13 14:44:31,447 INFO  http.HttpServer2 (HttpServer2.java:addFilter(948)) - Added filter static_user_filter (class=org.apache.hadoop.http.lib.StaticUserWebFilter$StaticUserFilter) to context hddsDatanode
2019-07-13 14:44:31,448 INFO  http.HttpServer2 (HttpServer2.java:addFilter(958)) - Added filter static_user_filter (class=org.apache.hadoop.http.lib.StaticUserWebFilter$StaticUserFilter) to context logs
2019-07-13 14:44:31,448 INFO  http.HttpServer2 (HttpServer2.java:addFilter(958)) - Added filter static_user_filter (class=org.apache.hadoop.http.lib.StaticUserWebFilter$StaticUserFilter) to context static
2019-07-13 14:44:31,449 INFO  http.HttpServer2 (HttpServer2.java:bindListener(1191)) - Jetty bound to port 38543
2019-07-13 14:44:31,449 INFO  server.Server (Server.java:doStart(351)) - jetty-9.3.24.v20180605, build timestamp: 2018-06-05T17:11:56Z, git hash: 84205aa28f11a4f31f2a3b86d1bba2cc8ab69827
2019-07-13 14:44:31,454 INFO  handler.ContextHandler (ContextHandler.java:doStart(781)) - Started o.e.j.s.ServletContextHandler@2e6d76ba{/logs,file:///tmp/workdir/hadoop-ozone/integration-test/target/log,AVAILABLE}
2019-07-13 14:44:31,455 INFO  handler.ContextHandler (ContextHandler.java:doStart(781)) - Started o.e.j.s.ServletContextHandler@5a9840f3{/static,jar:file:/home/user/.m2/repository/org/apache/hadoop/hadoop-hdds-container-service/0.5.0-SNAPSHOT/hadoop-hdds-container-service-0.5.0-SNAPSHOT.jar!/webapps/static,AVAILABLE}
2019-07-13 14:44:31,497 INFO  handler.ContextHandler (ContextHandler.java:doStart(781)) - Started o.e.j.w.WebAppContext@350da119{/,file:///tmp/jetty-0.0.0.0-38543-hddsDatanode-_-any-133091658756250599.dir/webapp/,AVAILABLE}{/hddsDatanode}
2019-07-13 14:44:31,498 INFO  server.AbstractConnector (AbstractConnector.java:doStart(278)) - Started ServerConnector@6a09484c{HTTP/1.1,[http/1.1]}{0.0.0.0:38543}
2019-07-13 14:44:31,498 INFO  server.Server (Server.java:doStart(419)) - Started @6847ms
2019-07-13 14:44:31,499 INFO  server.BaseHttpServer (BaseHttpServer.java:updateConnectorAddress(207)) - HTTP server of HDDSDATANODE is listening at http://0.0.0.0:38543
2019-07-13 14:44:31,620 INFO  ozone.HddsDatanodeService (HddsDatanodeService.java:startPlugins(396)) - Started plug-in org.apache.hadoop.ozone.web.OzoneHddsDatanodeService@33324c05
2019-07-13 14:44:31,621 INFO  impl.MetricsSystemImpl (MetricsSystemImpl.java:init(158)) - HddsDatanode metrics system started (again)
2019-07-13 14:44:31,621 INFO  ozone.HddsDatanodeService (HddsDatanodeService.java:start(185)) - HddsDatanodeService host:trunk-nightly-mhs6z-4061744966 ip:192.168.5.172
2019-07-13 14:44:31,623 INFO  util.JvmPauseMonitor (JvmPauseMonitor.java:run(188)) - Starting JVM pause monitor
2019-07-13 14:44:31,625 INFO  datanode.InitDatanodeState (InitDatanodeState.java:persistContainerDatanodeDetails(140)) - DatanodeDetails is persisted to /tmp/workdir/hadoop-ozone/integration-test/target/test-dir/MiniOzoneClusterImpl-480568c9-7904-409a-9f10-e21cb57673e4/datanode-4/meta/datanode.id
2019-07-13 14:44:31,631 INFO  volume.HddsVolume (HddsVolume.java:<init>(176)) - Creating Volume: /tmp/workdir/hadoop-ozone/integration-test/target/test-dir/MiniOzoneClusterImpl-480568c9-7904-409a-9f10-e21cb57673e4/datanode-5/data/containers/hdds of  storage type : DISK and capacity : 52710309888
2019-07-13 14:44:31,631 INFO  volume.VolumeSet (VolumeSet.java:initializeVolumeSet(170)) - Added Volume : /tmp/workdir/hadoop-ozone/integration-test/target/test-dir/MiniOzoneClusterImpl-480568c9-7904-409a-9f10-e21cb57673e4/datanode-5/data/containers/hdds to VolumeSet
2019-07-13 14:44:31,631 INFO  volume.ThrottledAsyncChecker (ThrottledAsyncChecker.java:schedule(140)) - Scheduling a check for org.apache.hadoop.ozone.container.common.volume.HddsVolume@2aea717c
2019-07-13 14:44:31,632 INFO  volume.HddsVolumeChecker (HddsVolumeChecker.java:checkAllVolumes(203)) - Scheduled health check for volume org.apache.hadoop.ozone.container.common.volume.HddsVolume@2aea717c
2019-07-13 14:44:31,646 INFO  impl.RaftServerProxy (ConfUtils.java:logGet(43)) - raft.rpc.type = GRPC (default)
2019-07-13 14:44:31,647 INFO  grpc.GrpcFactory (GrpcFactory.java:checkPooledByteBufAllocatorUseCacheForAllThreads(45)) - PERFORMANCE WARNING: useCacheForAllThreads is true that may cause Netty to create a lot garbage objects and, as a result, trigger GC.
	It is recommended to disable useCacheForAllThreads by setting -Dorg.apache.ratis.thirdparty.io.netty.allocator.useCacheForAllThreads=false in command line.
2019-07-13 14:44:31,647 INFO  grpc.GrpcConfigKeys$Server (ConfUtils.java:logGet(43)) - raft.grpc.server.port = 0 (default)
2019-07-13 14:44:31,647 INFO  server.GrpcService (ConfUtils.java:logGet(43)) - raft.grpc.message.size.max = 33570816 (custom)
2019-07-13 14:44:31,647 INFO  server.RaftServerConfigKeys (ConfUtils.java:logGet(43)) - raft.server.log.appender.buffer.byte-limit = 33554432 (custom)
2019-07-13 14:44:31,647 INFO  server.GrpcService (ConfUtils.java:logGet(43)) - raft.grpc.flow.control.window = 1MB (=1048576) (default)
2019-07-13 14:44:31,648 INFO  server.RaftServerConfigKeys (ConfUtils.java:logGet(43)) - raft.server.rpc.request.timeout = 3000ms (default)
2019-07-13 14:44:31,648 INFO  server.RaftServerConfigKeys (ConfUtils.java:logGet(43)) - raft.server.storage.dir = [/tmp/workdir/hadoop-ozone/integration-test/target/test-dir/MiniOzoneClusterImpl-480568c9-7904-409a-9f10-e21cb57673e4/datanode-5/data/ratis] (custom)
2019-07-13 14:44:31,649 INFO  replication.SimpleContainerDownloader (SimpleContainerDownloader.java:<init>(72)) - Starting container downloader service to copy containers to replicate.
2019-07-13 14:44:31,650 INFO  hdfs.DFSUtil (DFSUtil.java:httpServerTemplateForNNAndJN(1641)) - Starting Web-server for hddsDatanode at: http://0.0.0.0:0
2019-07-13 14:44:31,651 INFO  server.AuthenticationFilter (AuthenticationFilter.java:constructSecretProvider(240)) - Unable to initialize FileSignerSecretProvider, falling back to use random secrets.
2019-07-13 14:44:31,651 WARN  http.HttpRequestLog (HttpRequestLog.java:getRequestLog(97)) - Jetty request log can only be enabled using Log4j
2019-07-13 14:44:31,652 INFO  http.HttpServer2 (HttpServer2.java:addGlobalFilter(975)) - Added global filter 'safety' (class=org.apache.hadoop.http.HttpServer2$QuotingInputFilter)
2019-07-13 14:44:31,653 INFO  http.HttpServer2 (HttpServer2.java:addFilter(948)) - Added filter static_user_filter (class=org.apache.hadoop.http.lib.StaticUserWebFilter$StaticUserFilter) to context hddsDatanode
2019-07-13 14:44:31,653 INFO  http.HttpServer2 (HttpServer2.java:addFilter(958)) - Added filter static_user_filter (class=org.apache.hadoop.http.lib.StaticUserWebFilter$StaticUserFilter) to context logs
2019-07-13 14:44:31,653 INFO  http.HttpServer2 (HttpServer2.java:addFilter(958)) - Added filter static_user_filter (class=org.apache.hadoop.http.lib.StaticUserWebFilter$StaticUserFilter) to context static
2019-07-13 14:44:31,654 INFO  http.HttpServer2 (HttpServer2.java:bindListener(1191)) - Jetty bound to port 45658
2019-07-13 14:44:31,654 INFO  server.Server (Server.java:doStart(351)) - jetty-9.3.24.v20180605, build timestamp: 2018-06-05T17:11:56Z, git hash: 84205aa28f11a4f31f2a3b86d1bba2cc8ab69827
2019-07-13 14:44:31,657 INFO  handler.ContextHandler (ContextHandler.java:doStart(781)) - Started o.e.j.s.ServletContextHandler@4a22e4d7{/logs,file:///tmp/workdir/hadoop-ozone/integration-test/target/log,AVAILABLE}
2019-07-13 14:44:31,657 INFO  handler.ContextHandler (ContextHandler.java:doStart(781)) - Started o.e.j.s.ServletContextHandler@16681017{/static,jar:file:/home/user/.m2/repository/org/apache/hadoop/hadoop-hdds-container-service/0.5.0-SNAPSHOT/hadoop-hdds-container-service-0.5.0-SNAPSHOT.jar!/webapps/static,AVAILABLE}
2019-07-13 14:44:31,685 INFO  handler.ContextHandler (ContextHandler.java:doStart(781)) - Started o.e.j.w.WebAppContext@629075f4{/,file:///tmp/jetty-0.0.0.0-45658-hddsDatanode-_-any-54967977672402362.dir/webapp/,AVAILABLE}{/hddsDatanode}
2019-07-13 14:44:31,686 INFO  server.AbstractConnector (AbstractConnector.java:doStart(278)) - Started ServerConnector@48499739{HTTP/1.1,[http/1.1]}{0.0.0.0:45658}
2019-07-13 14:44:31,686 INFO  server.Server (Server.java:doStart(419)) - Started @7035ms
2019-07-13 14:44:31,687 INFO  server.BaseHttpServer (BaseHttpServer.java:updateConnectorAddress(207)) - HTTP server of HDDSDATANODE is listening at http://0.0.0.0:45658
2019-07-13 14:44:31,873 INFO  ozone.HddsDatanodeService (HddsDatanodeService.java:startPlugins(396)) - Started plug-in org.apache.hadoop.ozone.web.OzoneHddsDatanodeService@782fd504
2019-07-13 14:44:31,874 INFO  impl.MetricsSystemImpl (MetricsSystemImpl.java:init(158)) - HddsDatanode metrics system started (again)
2019-07-13 14:44:31,874 INFO  ozone.HddsDatanodeService (HddsDatanodeService.java:start(185)) - HddsDatanodeService host:trunk-nightly-mhs6z-4061744966 ip:192.168.5.172
2019-07-13 14:44:31,876 INFO  util.JvmPauseMonitor (JvmPauseMonitor.java:run(188)) - Starting JVM pause monitor
2019-07-13 14:44:31,878 INFO  datanode.InitDatanodeState (InitDatanodeState.java:persistContainerDatanodeDetails(140)) - DatanodeDetails is persisted to /tmp/workdir/hadoop-ozone/integration-test/target/test-dir/MiniOzoneClusterImpl-480568c9-7904-409a-9f10-e21cb57673e4/datanode-5/meta/datanode.id
2019-07-13 14:44:31,885 INFO  volume.HddsVolume (HddsVolume.java:<init>(176)) - Creating Volume: /tmp/workdir/hadoop-ozone/integration-test/target/test-dir/MiniOzoneClusterImpl-480568c9-7904-409a-9f10-e21cb57673e4/datanode-6/data/containers/hdds of  storage type : DISK and capacity : 52710309888
2019-07-13 14:44:31,885 INFO  volume.VolumeSet (VolumeSet.java:initializeVolumeSet(170)) - Added Volume : /tmp/workdir/hadoop-ozone/integration-test/target/test-dir/MiniOzoneClusterImpl-480568c9-7904-409a-9f10-e21cb57673e4/datanode-6/data/containers/hdds to VolumeSet
2019-07-13 14:44:31,886 INFO  volume.ThrottledAsyncChecker (ThrottledAsyncChecker.java:schedule(140)) - Scheduling a check for org.apache.hadoop.ozone.container.common.volume.HddsVolume@407b8435
2019-07-13 14:44:31,886 INFO  volume.HddsVolumeChecker (HddsVolumeChecker.java:checkAllVolumes(203)) - Scheduled health check for volume org.apache.hadoop.ozone.container.common.volume.HddsVolume@407b8435
2019-07-13 14:44:31,907 INFO  impl.RaftServerProxy (ConfUtils.java:logGet(43)) - raft.rpc.type = GRPC (default)
2019-07-13 14:44:31,907 INFO  grpc.GrpcFactory (GrpcFactory.java:checkPooledByteBufAllocatorUseCacheForAllThreads(45)) - PERFORMANCE WARNING: useCacheForAllThreads is true that may cause Netty to create a lot garbage objects and, as a result, trigger GC.
	It is recommended to disable useCacheForAllThreads by setting -Dorg.apache.ratis.thirdparty.io.netty.allocator.useCacheForAllThreads=false in command line.
2019-07-13 14:44:31,908 INFO  grpc.GrpcConfigKeys$Server (ConfUtils.java:logGet(43)) - raft.grpc.server.port = 0 (default)
2019-07-13 14:44:31,908 INFO  server.GrpcService (ConfUtils.java:logGet(43)) - raft.grpc.message.size.max = 33570816 (custom)
2019-07-13 14:44:31,908 INFO  server.RaftServerConfigKeys (ConfUtils.java:logGet(43)) - raft.server.log.appender.buffer.byte-limit = 33554432 (custom)
2019-07-13 14:44:31,909 INFO  server.GrpcService (ConfUtils.java:logGet(43)) - raft.grpc.flow.control.window = 1MB (=1048576) (default)
2019-07-13 14:44:31,909 INFO  server.RaftServerConfigKeys (ConfUtils.java:logGet(43)) - raft.server.rpc.request.timeout = 3000ms (default)
2019-07-13 14:44:31,910 INFO  server.RaftServerConfigKeys (ConfUtils.java:logGet(43)) - raft.server.storage.dir = [/tmp/workdir/hadoop-ozone/integration-test/target/test-dir/MiniOzoneClusterImpl-480568c9-7904-409a-9f10-e21cb57673e4/datanode-6/data/ratis] (custom)
2019-07-13 14:44:31,910 INFO  replication.SimpleContainerDownloader (SimpleContainerDownloader.java:<init>(72)) - Starting container downloader service to copy containers to replicate.
2019-07-13 14:44:31,912 INFO  hdfs.DFSUtil (DFSUtil.java:httpServerTemplateForNNAndJN(1641)) - Starting Web-server for hddsDatanode at: http://0.0.0.0:0
2019-07-13 14:44:31,913 INFO  server.AuthenticationFilter (AuthenticationFilter.java:constructSecretProvider(240)) - Unable to initialize FileSignerSecretProvider, falling back to use random secrets.
2019-07-13 14:44:31,914 WARN  http.HttpRequestLog (HttpRequestLog.java:getRequestLog(97)) - Jetty request log can only be enabled using Log4j
2019-07-13 14:44:31,915 INFO  http.HttpServer2 (HttpServer2.java:addGlobalFilter(975)) - Added global filter 'safety' (class=org.apache.hadoop.http.HttpServer2$QuotingInputFilter)
2019-07-13 14:44:31,916 INFO  http.HttpServer2 (HttpServer2.java:addFilter(948)) - Added filter static_user_filter (class=org.apache.hadoop.http.lib.StaticUserWebFilter$StaticUserFilter) to context hddsDatanode
2019-07-13 14:44:31,916 INFO  http.HttpServer2 (HttpServer2.java:addFilter(958)) - Added filter static_user_filter (class=org.apache.hadoop.http.lib.StaticUserWebFilter$StaticUserFilter) to context logs
2019-07-13 14:44:31,917 INFO  http.HttpServer2 (HttpServer2.java:addFilter(958)) - Added filter static_user_filter (class=org.apache.hadoop.http.lib.StaticUserWebFilter$StaticUserFilter) to context static
2019-07-13 14:44:31,917 INFO  http.HttpServer2 (HttpServer2.java:bindListener(1191)) - Jetty bound to port 44641
2019-07-13 14:44:31,918 INFO  server.Server (Server.java:doStart(351)) - jetty-9.3.24.v20180605, build timestamp: 2018-06-05T17:11:56Z, git hash: 84205aa28f11a4f31f2a3b86d1bba2cc8ab69827
2019-07-13 14:44:31,920 INFO  handler.ContextHandler (ContextHandler.java:doStart(781)) - Started o.e.j.s.ServletContextHandler@21f9c6ea{/logs,file:///tmp/workdir/hadoop-ozone/integration-test/target/log,AVAILABLE}
2019-07-13 14:44:31,920 INFO  handler.ContextHandler (ContextHandler.java:doStart(781)) - Started o.e.j.s.ServletContextHandler@3dfd7eaa{/static,jar:file:/home/user/.m2/repository/org/apache/hadoop/hadoop-hdds-container-service/0.5.0-SNAPSHOT/hadoop-hdds-container-service-0.5.0-SNAPSHOT.jar!/webapps/static,AVAILABLE}
2019-07-13 14:44:31,957 INFO  handler.ContextHandler (ContextHandler.java:doStart(781)) - Started o.e.j.w.WebAppContext@44fd7ba4{/,file:///tmp/jetty-0.0.0.0-44641-hddsDatanode-_-any-999987763716270023.dir/webapp/,AVAILABLE}{/hddsDatanode}
2019-07-13 14:44:31,957 INFO  server.AbstractConnector (AbstractConnector.java:doStart(278)) - Started ServerConnector@22f8adc2{HTTP/1.1,[http/1.1]}{0.0.0.0:44641}
2019-07-13 14:44:31,958 INFO  server.Server (Server.java:doStart(419)) - Started @7307ms
2019-07-13 14:44:31,959 INFO  server.BaseHttpServer (BaseHttpServer.java:updateConnectorAddress(207)) - HTTP server of HDDSDATANODE is listening at http://0.0.0.0:44641
2019-07-13 14:44:32,099 INFO  ozone.HddsDatanodeService (HddsDatanodeService.java:startPlugins(396)) - Started plug-in org.apache.hadoop.ozone.web.OzoneHddsDatanodeService@5323999f
2019-07-13 14:44:32,100 INFO  impl.MetricsSystemImpl (MetricsSystemImpl.java:init(158)) - HddsDatanode metrics system started (again)
2019-07-13 14:44:32,100 INFO  ozone.HddsDatanodeService (HddsDatanodeService.java:start(185)) - HddsDatanodeService host:trunk-nightly-mhs6z-4061744966 ip:192.168.5.172
2019-07-13 14:44:32,102 INFO  util.JvmPauseMonitor (JvmPauseMonitor.java:run(188)) - Starting JVM pause monitor
2019-07-13 14:44:32,104 INFO  datanode.InitDatanodeState (InitDatanodeState.java:persistContainerDatanodeDetails(140)) - DatanodeDetails is persisted to /tmp/workdir/hadoop-ozone/integration-test/target/test-dir/MiniOzoneClusterImpl-480568c9-7904-409a-9f10-e21cb57673e4/datanode-6/meta/datanode.id
2019-07-13 14:44:32,111 INFO  volume.HddsVolume (HddsVolume.java:<init>(176)) - Creating Volume: /tmp/workdir/hadoop-ozone/integration-test/target/test-dir/MiniOzoneClusterImpl-480568c9-7904-409a-9f10-e21cb57673e4/datanode-7/data/containers/hdds of  storage type : DISK and capacity : 52710309888
2019-07-13 14:44:32,112 INFO  volume.VolumeSet (VolumeSet.java:initializeVolumeSet(170)) - Added Volume : /tmp/workdir/hadoop-ozone/integration-test/target/test-dir/MiniOzoneClusterImpl-480568c9-7904-409a-9f10-e21cb57673e4/datanode-7/data/containers/hdds to VolumeSet
2019-07-13 14:44:32,112 INFO  volume.ThrottledAsyncChecker (ThrottledAsyncChecker.java:schedule(140)) - Scheduling a check for org.apache.hadoop.ozone.container.common.volume.HddsVolume@2424cb9d
2019-07-13 14:44:32,113 INFO  volume.HddsVolumeChecker (HddsVolumeChecker.java:checkAllVolumes(203)) - Scheduled health check for volume org.apache.hadoop.ozone.container.common.volume.HddsVolume@2424cb9d
2019-07-13 14:44:32,132 INFO  impl.RaftServerProxy (ConfUtils.java:logGet(43)) - raft.rpc.type = GRPC (default)
2019-07-13 14:44:32,133 INFO  grpc.GrpcFactory (GrpcFactory.java:checkPooledByteBufAllocatorUseCacheForAllThreads(45)) - PERFORMANCE WARNING: useCacheForAllThreads is true that may cause Netty to create a lot garbage objects and, as a result, trigger GC.
	It is recommended to disable useCacheForAllThreads by setting -Dorg.apache.ratis.thirdparty.io.netty.allocator.useCacheForAllThreads=false in command line.
2019-07-13 14:44:32,133 INFO  grpc.GrpcConfigKeys$Server (ConfUtils.java:logGet(43)) - raft.grpc.server.port = 0 (default)
2019-07-13 14:44:32,133 INFO  server.GrpcService (ConfUtils.java:logGet(43)) - raft.grpc.message.size.max = 33570816 (custom)
2019-07-13 14:44:32,133 INFO  server.RaftServerConfigKeys (ConfUtils.java:logGet(43)) - raft.server.log.appender.buffer.byte-limit = 33554432 (custom)
2019-07-13 14:44:32,133 INFO  server.GrpcService (ConfUtils.java:logGet(43)) - raft.grpc.flow.control.window = 1MB (=1048576) (default)
2019-07-13 14:44:32,133 INFO  server.RaftServerConfigKeys (ConfUtils.java:logGet(43)) - raft.server.rpc.request.timeout = 3000ms (default)
2019-07-13 14:44:32,134 INFO  server.RaftServerConfigKeys (ConfUtils.java:logGet(43)) - raft.server.storage.dir = [/tmp/workdir/hadoop-ozone/integration-test/target/test-dir/MiniOzoneClusterImpl-480568c9-7904-409a-9f10-e21cb57673e4/datanode-7/data/ratis] (custom)
2019-07-13 14:44:32,134 INFO  replication.SimpleContainerDownloader (SimpleContainerDownloader.java:<init>(72)) - Starting container downloader service to copy containers to replicate.
2019-07-13 14:44:32,136 INFO  hdfs.DFSUtil (DFSUtil.java:httpServerTemplateForNNAndJN(1641)) - Starting Web-server for hddsDatanode at: http://0.0.0.0:0
2019-07-13 14:44:32,138 INFO  server.AuthenticationFilter (AuthenticationFilter.java:constructSecretProvider(240)) - Unable to initialize FileSignerSecretProvider, falling back to use random secrets.
2019-07-13 14:44:32,139 WARN  http.HttpRequestLog (HttpRequestLog.java:getRequestLog(97)) - Jetty request log can only be enabled using Log4j
2019-07-13 14:44:32,141 INFO  http.HttpServer2 (HttpServer2.java:addGlobalFilter(975)) - Added global filter 'safety' (class=org.apache.hadoop.http.HttpServer2$QuotingInputFilter)
2019-07-13 14:44:32,142 INFO  http.HttpServer2 (HttpServer2.java:addFilter(948)) - Added filter static_user_filter (class=org.apache.hadoop.http.lib.StaticUserWebFilter$StaticUserFilter) to context hddsDatanode
2019-07-13 14:44:32,142 INFO  http.HttpServer2 (HttpServer2.java:addFilter(958)) - Added filter static_user_filter (class=org.apache.hadoop.http.lib.StaticUserWebFilter$StaticUserFilter) to context logs
2019-07-13 14:44:32,142 INFO  http.HttpServer2 (HttpServer2.java:addFilter(958)) - Added filter static_user_filter (class=org.apache.hadoop.http.lib.StaticUserWebFilter$StaticUserFilter) to context static
2019-07-13 14:44:32,143 INFO  http.HttpServer2 (HttpServer2.java:bindListener(1191)) - Jetty bound to port 35178
2019-07-13 14:44:32,144 INFO  server.Server (Server.java:doStart(351)) - jetty-9.3.24.v20180605, build timestamp: 2018-06-05T17:11:56Z, git hash: 84205aa28f11a4f31f2a3b86d1bba2cc8ab69827
2019-07-13 14:44:32,146 INFO  handler.ContextHandler (ContextHandler.java:doStart(781)) - Started o.e.j.s.ServletContextHandler@7c901203{/logs,file:///tmp/workdir/hadoop-ozone/integration-test/target/log,AVAILABLE}
2019-07-13 14:44:32,147 INFO  handler.ContextHandler (ContextHandler.java:doStart(781)) - Started o.e.j.s.ServletContextHandler@79f5a6ed{/static,jar:file:/home/user/.m2/repository/org/apache/hadoop/hadoop-hdds-container-service/0.5.0-SNAPSHOT/hadoop-hdds-container-service-0.5.0-SNAPSHOT.jar!/webapps/static,AVAILABLE}
2019-07-13 14:44:32,190 INFO  handler.ContextHandler (ContextHandler.java:doStart(781)) - Started o.e.j.w.WebAppContext@1b1252c8{/,file:///tmp/jetty-0.0.0.0-35178-hddsDatanode-_-any-8486724725358988941.dir/webapp/,AVAILABLE}{/hddsDatanode}
2019-07-13 14:44:32,191 INFO  server.AbstractConnector (AbstractConnector.java:doStart(278)) - Started ServerConnector@19d53ab4{HTTP/1.1,[http/1.1]}{0.0.0.0:35178}
2019-07-13 14:44:32,192 INFO  server.Server (Server.java:doStart(419)) - Started @7541ms
2019-07-13 14:44:32,193 INFO  server.BaseHttpServer (BaseHttpServer.java:updateConnectorAddress(207)) - HTTP server of HDDSDATANODE is listening at http://0.0.0.0:35178
2019-07-13 14:44:32,314 INFO  ozone.HddsDatanodeService (HddsDatanodeService.java:startPlugins(396)) - Started plug-in org.apache.hadoop.ozone.web.OzoneHddsDatanodeService@69ffdaa8
2019-07-13 14:44:32,314 INFO  impl.MetricsSystemImpl (MetricsSystemImpl.java:init(158)) - HddsDatanode metrics system started (again)
2019-07-13 14:44:32,315 INFO  ozone.HddsDatanodeService (HddsDatanodeService.java:start(185)) - HddsDatanodeService host:trunk-nightly-mhs6z-4061744966 ip:192.168.5.172
2019-07-13 14:44:32,316 INFO  util.JvmPauseMonitor (JvmPauseMonitor.java:run(188)) - Starting JVM pause monitor
2019-07-13 14:44:32,319 INFO  datanode.InitDatanodeState (InitDatanodeState.java:persistContainerDatanodeDetails(140)) - DatanodeDetails is persisted to /tmp/workdir/hadoop-ozone/integration-test/target/test-dir/MiniOzoneClusterImpl-480568c9-7904-409a-9f10-e21cb57673e4/datanode-7/meta/datanode.id
2019-07-13 14:44:32,325 INFO  volume.HddsVolume (HddsVolume.java:<init>(176)) - Creating Volume: /tmp/workdir/hadoop-ozone/integration-test/target/test-dir/MiniOzoneClusterImpl-480568c9-7904-409a-9f10-e21cb57673e4/datanode-8/data/containers/hdds of  storage type : DISK and capacity : 52710309888
2019-07-13 14:44:32,326 INFO  volume.VolumeSet (VolumeSet.java:initializeVolumeSet(170)) - Added Volume : /tmp/workdir/hadoop-ozone/integration-test/target/test-dir/MiniOzoneClusterImpl-480568c9-7904-409a-9f10-e21cb57673e4/datanode-8/data/containers/hdds to VolumeSet
2019-07-13 14:44:32,326 INFO  volume.ThrottledAsyncChecker (ThrottledAsyncChecker.java:schedule(140)) - Scheduling a check for org.apache.hadoop.ozone.container.common.volume.HddsVolume@7c7ed72a
2019-07-13 14:44:32,327 INFO  volume.HddsVolumeChecker (HddsVolumeChecker.java:checkAllVolumes(203)) - Scheduled health check for volume org.apache.hadoop.ozone.container.common.volume.HddsVolume@7c7ed72a
2019-07-13 14:44:32,348 INFO  impl.RaftServerProxy (ConfUtils.java:logGet(43)) - raft.rpc.type = GRPC (default)
2019-07-13 14:44:32,348 INFO  grpc.GrpcFactory (GrpcFactory.java:checkPooledByteBufAllocatorUseCacheForAllThreads(45)) - PERFORMANCE WARNING: useCacheForAllThreads is true that may cause Netty to create a lot garbage objects and, as a result, trigger GC.
	It is recommended to disable useCacheForAllThreads by setting -Dorg.apache.ratis.thirdparty.io.netty.allocator.useCacheForAllThreads=false in command line.
2019-07-13 14:44:32,349 INFO  grpc.GrpcConfigKeys$Server (ConfUtils.java:logGet(43)) - raft.grpc.server.port = 0 (default)
2019-07-13 14:44:32,349 INFO  server.GrpcService (ConfUtils.java:logGet(43)) - raft.grpc.message.size.max = 33570816 (custom)
2019-07-13 14:44:32,349 INFO  server.RaftServerConfigKeys (ConfUtils.java:logGet(43)) - raft.server.log.appender.buffer.byte-limit = 33554432 (custom)
2019-07-13 14:44:32,350 INFO  server.GrpcService (ConfUtils.java:logGet(43)) - raft.grpc.flow.control.window = 1MB (=1048576) (default)
2019-07-13 14:44:32,350 INFO  server.RaftServerConfigKeys (ConfUtils.java:logGet(43)) - raft.server.rpc.request.timeout = 3000ms (default)
2019-07-13 14:44:32,351 INFO  server.RaftServerConfigKeys (ConfUtils.java:logGet(43)) - raft.server.storage.dir = [/tmp/workdir/hadoop-ozone/integration-test/target/test-dir/MiniOzoneClusterImpl-480568c9-7904-409a-9f10-e21cb57673e4/datanode-8/data/ratis] (custom)
2019-07-13 14:44:32,351 INFO  replication.SimpleContainerDownloader (SimpleContainerDownloader.java:<init>(72)) - Starting container downloader service to copy containers to replicate.
2019-07-13 14:44:32,353 INFO  hdfs.DFSUtil (DFSUtil.java:httpServerTemplateForNNAndJN(1641)) - Starting Web-server for hddsDatanode at: http://0.0.0.0:0
2019-07-13 14:44:32,354 INFO  server.AuthenticationFilter (AuthenticationFilter.java:constructSecretProvider(240)) - Unable to initialize FileSignerSecretProvider, falling back to use random secrets.
2019-07-13 14:44:32,355 WARN  http.HttpRequestLog (HttpRequestLog.java:getRequestLog(97)) - Jetty request log can only be enabled using Log4j
2019-07-13 14:44:32,356 INFO  http.HttpServer2 (HttpServer2.java:addGlobalFilter(975)) - Added global filter 'safety' (class=org.apache.hadoop.http.HttpServer2$QuotingInputFilter)
2019-07-13 14:44:32,356 INFO  http.HttpServer2 (HttpServer2.java:addFilter(948)) - Added filter static_user_filter (class=org.apache.hadoop.http.lib.StaticUserWebFilter$StaticUserFilter) to context hddsDatanode
2019-07-13 14:44:32,357 INFO  http.HttpServer2 (HttpServer2.java:addFilter(958)) - Added filter static_user_filter (class=org.apache.hadoop.http.lib.StaticUserWebFilter$StaticUserFilter) to context static
2019-07-13 14:44:32,357 INFO  http.HttpServer2 (HttpServer2.java:addFilter(958)) - Added filter static_user_filter (class=org.apache.hadoop.http.lib.StaticUserWebFilter$StaticUserFilter) to context logs
2019-07-13 14:44:32,357 INFO  http.HttpServer2 (HttpServer2.java:bindListener(1191)) - Jetty bound to port 37414
2019-07-13 14:44:32,357 INFO  server.Server (Server.java:doStart(351)) - jetty-9.3.24.v20180605, build timestamp: 2018-06-05T17:11:56Z, git hash: 84205aa28f11a4f31f2a3b86d1bba2cc8ab69827
2019-07-13 14:44:32,359 INFO  handler.ContextHandler (ContextHandler.java:doStart(781)) - Started o.e.j.s.ServletContextHandler@74f4a2ba{/logs,file:///tmp/workdir/hadoop-ozone/integration-test/target/log,AVAILABLE}
2019-07-13 14:44:32,360 INFO  handler.ContextHandler (ContextHandler.java:doStart(781)) - Started o.e.j.s.ServletContextHandler@67b560fe{/static,jar:file:/home/user/.m2/repository/org/apache/hadoop/hadoop-hdds-container-service/0.5.0-SNAPSHOT/hadoop-hdds-container-service-0.5.0-SNAPSHOT.jar!/webapps/static,AVAILABLE}
2019-07-13 14:44:32,386 INFO  handler.ContextHandler (ContextHandler.java:doStart(781)) - Started o.e.j.w.WebAppContext@38732372{/,file:///tmp/jetty-0.0.0.0-37414-hddsDatanode-_-any-8738271039280874170.dir/webapp/,AVAILABLE}{/hddsDatanode}
2019-07-13 14:44:32,387 INFO  server.AbstractConnector (AbstractConnector.java:doStart(278)) - Started ServerConnector@639cb788{HTTP/1.1,[http/1.1]}{0.0.0.0:37414}
2019-07-13 14:44:32,388 INFO  server.Server (Server.java:doStart(419)) - Started @7736ms
2019-07-13 14:44:32,389 INFO  server.BaseHttpServer (BaseHttpServer.java:updateConnectorAddress(207)) - HTTP server of HDDSDATANODE is listening at http://0.0.0.0:37414
2019-07-13 14:44:32,495 INFO  ozone.HddsDatanodeService (HddsDatanodeService.java:startPlugins(396)) - Started plug-in org.apache.hadoop.ozone.web.OzoneHddsDatanodeService@75e0a54c
2019-07-13 14:44:32,495 INFO  impl.MetricsSystemImpl (MetricsSystemImpl.java:init(158)) - HddsDatanode metrics system started (again)
2019-07-13 14:44:32,496 INFO  ozone.HddsDatanodeService (HddsDatanodeService.java:start(185)) - HddsDatanodeService host:trunk-nightly-mhs6z-4061744966 ip:192.168.5.172
2019-07-13 14:44:32,499 INFO  util.JvmPauseMonitor (JvmPauseMonitor.java:run(188)) - Starting JVM pause monitor
2019-07-13 14:44:32,503 INFO  datanode.InitDatanodeState (InitDatanodeState.java:persistContainerDatanodeDetails(140)) - DatanodeDetails is persisted to /tmp/workdir/hadoop-ozone/integration-test/target/test-dir/MiniOzoneClusterImpl-480568c9-7904-409a-9f10-e21cb57673e4/datanode-8/meta/datanode.id
2019-07-13 14:44:32,505 INFO  volume.HddsVolume (HddsVolume.java:<init>(176)) - Creating Volume: /tmp/workdir/hadoop-ozone/integration-test/target/test-dir/MiniOzoneClusterImpl-480568c9-7904-409a-9f10-e21cb57673e4/datanode-9/data/containers/hdds of  storage type : DISK and capacity : 52710309888
2019-07-13 14:44:32,507 INFO  volume.VolumeSet (VolumeSet.java:initializeVolumeSet(170)) - Added Volume : /tmp/workdir/hadoop-ozone/integration-test/target/test-dir/MiniOzoneClusterImpl-480568c9-7904-409a-9f10-e21cb57673e4/datanode-9/data/containers/hdds to VolumeSet
2019-07-13 14:44:32,507 INFO  volume.ThrottledAsyncChecker (ThrottledAsyncChecker.java:schedule(140)) - Scheduling a check for org.apache.hadoop.ozone.container.common.volume.HddsVolume@4ced17f3
2019-07-13 14:44:32,507 INFO  volume.HddsVolumeChecker (HddsVolumeChecker.java:checkAllVolumes(203)) - Scheduled health check for volume org.apache.hadoop.ozone.container.common.volume.HddsVolume@4ced17f3
2019-07-13 14:44:32,522 INFO  impl.RaftServerProxy (ConfUtils.java:logGet(43)) - raft.rpc.type = GRPC (default)
2019-07-13 14:44:32,522 INFO  grpc.GrpcFactory (GrpcFactory.java:checkPooledByteBufAllocatorUseCacheForAllThreads(45)) - PERFORMANCE WARNING: useCacheForAllThreads is true that may cause Netty to create a lot garbage objects and, as a result, trigger GC.
	It is recommended to disable useCacheForAllThreads by setting -Dorg.apache.ratis.thirdparty.io.netty.allocator.useCacheForAllThreads=false in command line.
2019-07-13 14:44:32,523 INFO  grpc.GrpcConfigKeys$Server (ConfUtils.java:logGet(43)) - raft.grpc.server.port = 0 (default)
2019-07-13 14:44:32,523 INFO  server.GrpcService (ConfUtils.java:logGet(43)) - raft.grpc.message.size.max = 33570816 (custom)
2019-07-13 14:44:32,523 INFO  server.RaftServerConfigKeys (ConfUtils.java:logGet(43)) - raft.server.log.appender.buffer.byte-limit = 33554432 (custom)
2019-07-13 14:44:32,523 INFO  server.GrpcService (ConfUtils.java:logGet(43)) - raft.grpc.flow.control.window = 1MB (=1048576) (default)
2019-07-13 14:44:32,523 INFO  server.RaftServerConfigKeys (ConfUtils.java:logGet(43)) - raft.server.rpc.request.timeout = 3000ms (default)
2019-07-13 14:44:32,524 INFO  server.RaftServerConfigKeys (ConfUtils.java:logGet(43)) - raft.server.storage.dir = [/tmp/workdir/hadoop-ozone/integration-test/target/test-dir/MiniOzoneClusterImpl-480568c9-7904-409a-9f10-e21cb57673e4/datanode-9/data/ratis] (custom)
2019-07-13 14:44:32,524 INFO  replication.SimpleContainerDownloader (SimpleContainerDownloader.java:<init>(72)) - Starting container downloader service to copy containers to replicate.
2019-07-13 14:44:32,525 INFO  hdfs.DFSUtil (DFSUtil.java:httpServerTemplateForNNAndJN(1641)) - Starting Web-server for hddsDatanode at: http://0.0.0.0:0
2019-07-13 14:44:32,526 INFO  server.AuthenticationFilter (AuthenticationFilter.java:constructSecretProvider(240)) - Unable to initialize FileSignerSecretProvider, falling back to use random secrets.
2019-07-13 14:44:32,527 WARN  http.HttpRequestLog (HttpRequestLog.java:getRequestLog(97)) - Jetty request log can only be enabled using Log4j
2019-07-13 14:44:32,528 INFO  http.HttpServer2 (HttpServer2.java:addGlobalFilter(975)) - Added global filter 'safety' (class=org.apache.hadoop.http.HttpServer2$QuotingInputFilter)
2019-07-13 14:44:32,528 INFO  http.HttpServer2 (HttpServer2.java:addFilter(948)) - Added filter static_user_filter (class=org.apache.hadoop.http.lib.StaticUserWebFilter$StaticUserFilter) to context hddsDatanode
2019-07-13 14:44:32,529 INFO  http.HttpServer2 (HttpServer2.java:addFilter(958)) - Added filter static_user_filter (class=org.apache.hadoop.http.lib.StaticUserWebFilter$StaticUserFilter) to context logs
2019-07-13 14:44:32,529 INFO  http.HttpServer2 (HttpServer2.java:addFilter(958)) - Added filter static_user_filter (class=org.apache.hadoop.http.lib.StaticUserWebFilter$StaticUserFilter) to context static
2019-07-13 14:44:32,529 INFO  http.HttpServer2 (HttpServer2.java:bindListener(1191)) - Jetty bound to port 39973
2019-07-13 14:44:32,530 INFO  server.Server (Server.java:doStart(351)) - jetty-9.3.24.v20180605, build timestamp: 2018-06-05T17:11:56Z, git hash: 84205aa28f11a4f31f2a3b86d1bba2cc8ab69827
2019-07-13 14:44:32,531 INFO  handler.ContextHandler (ContextHandler.java:doStart(781)) - Started o.e.j.s.ServletContextHandler@790654d5{/logs,file:///tmp/workdir/hadoop-ozone/integration-test/target/log,AVAILABLE}
2019-07-13 14:44:32,532 INFO  handler.ContextHandler (ContextHandler.java:doStart(781)) - Started o.e.j.s.ServletContextHandler@3321291a{/static,jar:file:/home/user/.m2/repository/org/apache/hadoop/hadoop-hdds-container-service/0.5.0-SNAPSHOT/hadoop-hdds-container-service-0.5.0-SNAPSHOT.jar!/webapps/static,AVAILABLE}
2019-07-13 14:44:32,559 INFO  handler.ContextHandler (ContextHandler.java:doStart(781)) - Started o.e.j.w.WebAppContext@754de353{/,file:///tmp/jetty-0.0.0.0-39973-hddsDatanode-_-any-8405149008065553454.dir/webapp/,AVAILABLE}{/hddsDatanode}
2019-07-13 14:44:32,559 INFO  server.AbstractConnector (AbstractConnector.java:doStart(278)) - Started ServerConnector@ee2ae9a{HTTP/1.1,[http/1.1]}{0.0.0.0:39973}
2019-07-13 14:44:32,560 INFO  server.Server (Server.java:doStart(419)) - Started @7909ms
2019-07-13 14:44:32,561 INFO  server.BaseHttpServer (BaseHttpServer.java:updateConnectorAddress(207)) - HTTP server of HDDSDATANODE is listening at http://0.0.0.0:39973
2019-07-13 14:44:32,665 INFO  ozone.HddsDatanodeService (HddsDatanodeService.java:startPlugins(396)) - Started plug-in org.apache.hadoop.ozone.web.OzoneHddsDatanodeService@7198ab9a
2019-07-13 14:44:32,667 INFO  ozone.MiniOzoneClusterImpl (MiniOzoneClusterImpl.java:lambda$waitForClusterToBeReady$0(142)) - Waiting for cluster to be ready. Got 0 of 10 DN Heartbeats.
2019-07-13 14:44:32,668 INFO  util.JvmPauseMonitor (JvmPauseMonitor.java:run(188)) - Starting JVM pause monitor
2019-07-13 14:44:32,670 INFO  datanode.InitDatanodeState (InitDatanodeState.java:persistContainerDatanodeDetails(140)) - DatanodeDetails is persisted to /tmp/workdir/hadoop-ozone/integration-test/target/test-dir/MiniOzoneClusterImpl-480568c9-7904-409a-9f10-e21cb57673e4/datanode-9/meta/datanode.id
2019-07-13 14:44:32,738 INFO  ozoneimpl.OzoneContainer (OzoneContainer.java:start(186)) - Attempting to start container services.
2019-07-13 14:44:32,740 INFO  ozoneimpl.OzoneContainer (OzoneContainer.java:startContainerScrub(160)) - Background container scrubber has been disabled by hdds.containerscrub.enabled
2019-07-13 14:44:32,740 INFO  ratis.XceiverServerRatis (XceiverServerRatis.java:start(418)) - Starting XceiverServerRatis 8b42a1db-450e-476a-ac1e-9bd5ae202316 at port 0
2019-07-13 14:44:32,761 INFO  impl.RaftServerProxy (RaftServerProxy.java:lambda$start$3(299)) - 8b42a1db-450e-476a-ac1e-9bd5ae202316: start RPC server
2019-07-13 14:44:32,896 INFO  server.GrpcService (GrpcService.java:startImpl(149)) - 8b42a1db-450e-476a-ac1e-9bd5ae202316: GrpcService started, listening on 0.0.0.0/0.0.0.0:33335
2019-07-13 14:44:32,897 INFO  ratis.XceiverServerRatis (XceiverServerRatis.java:start(428)) - XceiverServerRatis 8b42a1db-450e-476a-ac1e-9bd5ae202316 is started using port 33335
2019-07-13 14:44:32,900 INFO  server.XceiverServerGrpc (XceiverServerGrpc.java:start(161)) - XceiverServerGrpc 8b42a1db-450e-476a-ac1e-9bd5ae202316 is started using port 37983
2019-07-13 14:44:32,954 INFO  ozoneimpl.OzoneContainer (OzoneContainer.java:start(186)) - Attempting to start container services.
2019-07-13 14:44:32,958 INFO  ozoneimpl.OzoneContainer (OzoneContainer.java:startContainerScrub(160)) - Background container scrubber has been disabled by hdds.containerscrub.enabled
2019-07-13 14:44:32,958 INFO  ratis.XceiverServerRatis (XceiverServerRatis.java:start(418)) - Starting XceiverServerRatis c40f11a5-d25f-4465-9f00-9d93872fbf46 at port 0
2019-07-13 14:44:32,968 INFO  impl.RaftServerProxy (RaftServerProxy.java:lambda$start$3(299)) - c40f11a5-d25f-4465-9f00-9d93872fbf46: start RPC server
2019-07-13 14:44:32,973 INFO  server.GrpcService (GrpcService.java:startImpl(149)) - c40f11a5-d25f-4465-9f00-9d93872fbf46: GrpcService started, listening on 0.0.0.0/0.0.0.0:38754
2019-07-13 14:44:32,973 INFO  ratis.XceiverServerRatis (XceiverServerRatis.java:start(428)) - XceiverServerRatis c40f11a5-d25f-4465-9f00-9d93872fbf46 is started using port 38754
2019-07-13 14:44:32,976 INFO  server.XceiverServerGrpc (XceiverServerGrpc.java:start(161)) - XceiverServerGrpc c40f11a5-d25f-4465-9f00-9d93872fbf46 is started using port 41039
2019-07-13 14:44:33,175 INFO  ozoneimpl.OzoneContainer (OzoneContainer.java:start(186)) - Attempting to start container services.
2019-07-13 14:44:33,178 INFO  ozoneimpl.OzoneContainer (OzoneContainer.java:startContainerScrub(160)) - Background container scrubber has been disabled by hdds.containerscrub.enabled
2019-07-13 14:44:33,178 INFO  ratis.XceiverServerRatis (XceiverServerRatis.java:start(418)) - Starting XceiverServerRatis 0f1ad35c-6440-4e3e-a1d7-fa23f865dd36 at port 0
2019-07-13 14:44:33,189 INFO  impl.RaftServerProxy (RaftServerProxy.java:lambda$start$3(299)) - 0f1ad35c-6440-4e3e-a1d7-fa23f865dd36: start RPC server
2019-07-13 14:44:33,193 INFO  server.GrpcService (GrpcService.java:startImpl(149)) - 0f1ad35c-6440-4e3e-a1d7-fa23f865dd36: GrpcService started, listening on 0.0.0.0/0.0.0.0:43936
2019-07-13 14:44:33,193 INFO  ratis.XceiverServerRatis (XceiverServerRatis.java:start(428)) - XceiverServerRatis 0f1ad35c-6440-4e3e-a1d7-fa23f865dd36 is started using port 43936
2019-07-13 14:44:33,196 INFO  server.XceiverServerGrpc (XceiverServerGrpc.java:start(161)) - XceiverServerGrpc 0f1ad35c-6440-4e3e-a1d7-fa23f865dd36 is started using port 34963
2019-07-13 14:44:33,420 INFO  ozoneimpl.OzoneContainer (OzoneContainer.java:start(186)) - Attempting to start container services.
2019-07-13 14:44:33,423 INFO  ozoneimpl.OzoneContainer (OzoneContainer.java:startContainerScrub(160)) - Background container scrubber has been disabled by hdds.containerscrub.enabled
2019-07-13 14:44:33,423 INFO  ratis.XceiverServerRatis (XceiverServerRatis.java:start(418)) - Starting XceiverServerRatis 9901ddae-7d57-4288-88c3-fcc8e754c591 at port 0
2019-07-13 14:44:33,434 INFO  impl.RaftServerProxy (RaftServerProxy.java:lambda$start$3(299)) - 9901ddae-7d57-4288-88c3-fcc8e754c591: start RPC server
2019-07-13 14:44:33,438 INFO  server.GrpcService (GrpcService.java:startImpl(149)) - 9901ddae-7d57-4288-88c3-fcc8e754c591: GrpcService started, listening on 0.0.0.0/0.0.0.0:44506
2019-07-13 14:44:33,438 INFO  ratis.XceiverServerRatis (XceiverServerRatis.java:start(428)) - XceiverServerRatis 9901ddae-7d57-4288-88c3-fcc8e754c591 is started using port 44506
2019-07-13 14:44:33,442 INFO  server.XceiverServerGrpc (XceiverServerGrpc.java:start(161)) - XceiverServerGrpc 9901ddae-7d57-4288-88c3-fcc8e754c591 is started using port 36830
2019-07-13 14:44:33,631 INFO  ozoneimpl.OzoneContainer (OzoneContainer.java:start(186)) - Attempting to start container services.
2019-07-13 14:44:33,634 INFO  ozoneimpl.OzoneContainer (OzoneContainer.java:startContainerScrub(160)) - Background container scrubber has been disabled by hdds.containerscrub.enabled
2019-07-13 14:44:33,634 INFO  ratis.XceiverServerRatis (XceiverServerRatis.java:start(418)) - Starting XceiverServerRatis ccd8458f-37a2-4d03-aaf8-73b71a69b099 at port 0
2019-07-13 14:44:33,643 INFO  impl.RaftServerProxy (RaftServerProxy.java:lambda$start$3(299)) - ccd8458f-37a2-4d03-aaf8-73b71a69b099: start RPC server
2019-07-13 14:44:33,648 INFO  server.GrpcService (GrpcService.java:startImpl(149)) - ccd8458f-37a2-4d03-aaf8-73b71a69b099: GrpcService started, listening on 0.0.0.0/0.0.0.0:45680
2019-07-13 14:44:33,648 INFO  ratis.XceiverServerRatis (XceiverServerRatis.java:start(428)) - XceiverServerRatis ccd8458f-37a2-4d03-aaf8-73b71a69b099 is started using port 45680
2019-07-13 14:44:33,652 INFO  server.XceiverServerGrpc (XceiverServerGrpc.java:start(161)) - XceiverServerGrpc ccd8458f-37a2-4d03-aaf8-73b71a69b099 is started using port 32986
2019-07-13 14:44:33,667 INFO  ozone.MiniOzoneClusterImpl (MiniOzoneClusterImpl.java:lambda$waitForClusterToBeReady$0(142)) - Waiting for cluster to be ready. Got 0 of 10 DN Heartbeats.
2019-07-13 14:44:33,892 INFO  ozoneimpl.OzoneContainer (OzoneContainer.java:start(186)) - Attempting to start container services.
2019-07-13 14:44:33,895 INFO  ozoneimpl.OzoneContainer (OzoneContainer.java:startContainerScrub(160)) - Background container scrubber has been disabled by hdds.containerscrub.enabled
2019-07-13 14:44:33,895 INFO  ratis.XceiverServerRatis (XceiverServerRatis.java:start(418)) - Starting XceiverServerRatis 8c130fdc-8e4b-4296-b41f-25b1fd079138 at port 0
2019-07-13 14:44:33,906 INFO  impl.RaftServerProxy (RaftServerProxy.java:lambda$start$3(299)) - 8c130fdc-8e4b-4296-b41f-25b1fd079138: start RPC server
2019-07-13 14:44:33,911 INFO  server.GrpcService (GrpcService.java:startImpl(149)) - 8c130fdc-8e4b-4296-b41f-25b1fd079138: GrpcService started, listening on 0.0.0.0/0.0.0.0:46131
2019-07-13 14:44:33,911 INFO  ratis.XceiverServerRatis (XceiverServerRatis.java:start(428)) - XceiverServerRatis 8c130fdc-8e4b-4296-b41f-25b1fd079138 is started using port 46131
2019-07-13 14:44:33,915 INFO  server.XceiverServerGrpc (XceiverServerGrpc.java:start(161)) - XceiverServerGrpc 8c130fdc-8e4b-4296-b41f-25b1fd079138 is started using port 36731
2019-07-13 14:44:34,112 INFO  ozoneimpl.OzoneContainer (OzoneContainer.java:start(186)) - Attempting to start container services.
2019-07-13 14:44:34,116 INFO  ozoneimpl.OzoneContainer (OzoneContainer.java:startContainerScrub(160)) - Background container scrubber has been disabled by hdds.containerscrub.enabled
2019-07-13 14:44:34,116 INFO  ratis.XceiverServerRatis (XceiverServerRatis.java:start(418)) - Starting XceiverServerRatis 7e852cca-55fd-4b89-91e8-0525300d9c7d at port 0
2019-07-13 14:44:34,126 INFO  impl.RaftServerProxy (RaftServerProxy.java:lambda$start$3(299)) - 7e852cca-55fd-4b89-91e8-0525300d9c7d: start RPC server
2019-07-13 14:44:34,131 INFO  server.GrpcService (GrpcService.java:startImpl(149)) - 7e852cca-55fd-4b89-91e8-0525300d9c7d: GrpcService started, listening on 0.0.0.0/0.0.0.0:46298
2019-07-13 14:44:34,131 INFO  ratis.XceiverServerRatis (XceiverServerRatis.java:start(428)) - XceiverServerRatis 7e852cca-55fd-4b89-91e8-0525300d9c7d is started using port 46298
2019-07-13 14:44:34,135 INFO  server.XceiverServerGrpc (XceiverServerGrpc.java:start(161)) - XceiverServerGrpc 7e852cca-55fd-4b89-91e8-0525300d9c7d is started using port 36402
2019-07-13 14:44:34,325 INFO  ozoneimpl.OzoneContainer (OzoneContainer.java:start(186)) - Attempting to start container services.
2019-07-13 14:44:34,329 INFO  ozoneimpl.OzoneContainer (OzoneContainer.java:startContainerScrub(160)) - Background container scrubber has been disabled by hdds.containerscrub.enabled
2019-07-13 14:44:34,330 INFO  ratis.XceiverServerRatis (XceiverServerRatis.java:start(418)) - Starting XceiverServerRatis a2e297f1-273a-48b1-880b-11fc2b52ea88 at port 0
2019-07-13 14:44:34,340 INFO  impl.RaftServerProxy (RaftServerProxy.java:lambda$start$3(299)) - a2e297f1-273a-48b1-880b-11fc2b52ea88: start RPC server
2019-07-13 14:44:34,345 INFO  server.GrpcService (GrpcService.java:startImpl(149)) - a2e297f1-273a-48b1-880b-11fc2b52ea88: GrpcService started, listening on 0.0.0.0/0.0.0.0:46549
2019-07-13 14:44:34,345 INFO  ratis.XceiverServerRatis (XceiverServerRatis.java:start(428)) - XceiverServerRatis a2e297f1-273a-48b1-880b-11fc2b52ea88 is started using port 46549
2019-07-13 14:44:34,351 INFO  server.XceiverServerGrpc (XceiverServerGrpc.java:start(161)) - XceiverServerGrpc a2e297f1-273a-48b1-880b-11fc2b52ea88 is started using port 46413
2019-07-13 14:44:34,509 INFO  ozoneimpl.OzoneContainer (OzoneContainer.java:start(186)) - Attempting to start container services.
2019-07-13 14:44:34,513 INFO  ozoneimpl.OzoneContainer (OzoneContainer.java:startContainerScrub(160)) - Background container scrubber has been disabled by hdds.containerscrub.enabled
2019-07-13 14:44:34,514 INFO  ratis.XceiverServerRatis (XceiverServerRatis.java:start(418)) - Starting XceiverServerRatis a4a8582f-1437-4af9-aaff-6b3a0776d19b at port 0
2019-07-13 14:44:34,524 INFO  impl.RaftServerProxy (RaftServerProxy.java:lambda$start$3(299)) - a4a8582f-1437-4af9-aaff-6b3a0776d19b: start RPC server
2019-07-13 14:44:34,530 INFO  server.GrpcService (GrpcService.java:startImpl(149)) - a4a8582f-1437-4af9-aaff-6b3a0776d19b: GrpcService started, listening on 0.0.0.0/0.0.0.0:35280
2019-07-13 14:44:34,530 INFO  ratis.XceiverServerRatis (XceiverServerRatis.java:start(428)) - XceiverServerRatis a4a8582f-1437-4af9-aaff-6b3a0776d19b is started using port 35280
2019-07-13 14:44:34,535 INFO  server.XceiverServerGrpc (XceiverServerGrpc.java:start(161)) - XceiverServerGrpc a4a8582f-1437-4af9-aaff-6b3a0776d19b is started using port 40136
2019-07-13 14:44:34,668 INFO  ozone.MiniOzoneClusterImpl (MiniOzoneClusterImpl.java:lambda$waitForClusterToBeReady$0(142)) - Waiting for cluster to be ready. Got 0 of 10 DN Heartbeats.
2019-07-13 14:44:34,685 INFO  ozoneimpl.OzoneContainer (OzoneContainer.java:start(186)) - Attempting to start container services.
2019-07-13 14:44:34,697 INFO  ozoneimpl.OzoneContainer (OzoneContainer.java:startContainerScrub(160)) - Background container scrubber has been disabled by hdds.containerscrub.enabled
2019-07-13 14:44:34,697 INFO  ratis.XceiverServerRatis (XceiverServerRatis.java:start(418)) - Starting XceiverServerRatis 6741e132-0fbb-447f-b5b2-de4615ce68d0 at port 0
2019-07-13 14:44:34,707 INFO  impl.RaftServerProxy (RaftServerProxy.java:lambda$start$3(299)) - 6741e132-0fbb-447f-b5b2-de4615ce68d0: start RPC server
2019-07-13 14:44:34,722 INFO  server.GrpcService (GrpcService.java:startImpl(149)) - 6741e132-0fbb-447f-b5b2-de4615ce68d0: GrpcService started, listening on 0.0.0.0/0.0.0.0:40654
2019-07-13 14:44:34,722 INFO  ratis.XceiverServerRatis (XceiverServerRatis.java:start(428)) - XceiverServerRatis 6741e132-0fbb-447f-b5b2-de4615ce68d0 is started using port 40654
2019-07-13 14:44:34,746 INFO  server.XceiverServerGrpc (XceiverServerGrpc.java:start(161)) - XceiverServerGrpc 6741e132-0fbb-447f-b5b2-de4615ce68d0 is started using port 33924
2019-07-13 14:44:34,779 INFO  net.NetworkTopology (NetworkTopologyImpl.java:add(110)) - Added a new node: /default-rack/192.168.5.172
2019-07-13 14:44:34,780 INFO  node.SCMNodeManager (SCMNodeManager.java:register(269)) - Registered Data node : 8b42a1db-450e-476a-ac1e-9bd5ae202316{ip: 192.168.5.172, host: trunk-nightly-mhs6z-4061744966, networkLocation: /default-rack, certSerialId: null}
2019-07-13 14:44:34,785 INFO  safemode.SCMSafeModeManager (DataNodeSafeModeRule.java:process(71)) - SCM in safe mode. 1 DataNodes registered, 1 required.
2019-07-13 14:44:34,785 INFO  safemode.SCMSafeModeManager (SCMSafeModeManager.java:validateSafeModeExitRules(177)) - ScmSafeModeManager, all rules are successfully validated
2019-07-13 14:44:34,785 INFO  safemode.SCMSafeModeManager (SCMSafeModeManager.java:exitSafeMode(193)) - SCM exiting safe mode.
2019-07-13 14:44:34,942 INFO  node.SCMNodeManager (SCMNodeManager.java:register(269)) - Registered Data node : c40f11a5-d25f-4465-9f00-9d93872fbf46{ip: 192.168.5.172, host: trunk-nightly-mhs6z-4061744966, networkLocation: /default-rack, certSerialId: null}
2019-07-13 14:44:35,176 INFO  node.SCMNodeManager (SCMNodeManager.java:register(269)) - Registered Data node : 0f1ad35c-6440-4e3e-a1d7-fa23f865dd36{ip: 192.168.5.172, host: trunk-nightly-mhs6z-4061744966, networkLocation: /default-rack, certSerialId: null}
2019-07-13 14:44:35,730 INFO  ozone.MiniOzoneClusterImpl (MiniOzoneClusterImpl.java:lambda$waitForClusterToBeReady$0(142)) - Waiting for cluster to be ready. Got 3 of 10 DN Heartbeats.
2019-07-13 14:44:35,738 INFO  node.SCMNodeManager (SCMNodeManager.java:register(269)) - Registered Data node : ccd8458f-37a2-4d03-aaf8-73b71a69b099{ip: 192.168.5.172, host: trunk-nightly-mhs6z-4061744966, networkLocation: /default-rack, certSerialId: null}
2019-07-13 14:44:35,748 INFO  node.SCMNodeManager (SCMNodeManager.java:register(269)) - Registered Data node : 9901ddae-7d57-4288-88c3-fcc8e754c591{ip: 192.168.5.172, host: trunk-nightly-mhs6z-4061744966, networkLocation: /default-rack, certSerialId: null}
2019-07-13 14:44:35,881 INFO  node.SCMNodeManager (SCMNodeManager.java:register(269)) - Registered Data node : 8c130fdc-8e4b-4296-b41f-25b1fd079138{ip: 192.168.5.172, host: trunk-nightly-mhs6z-4061744966, networkLocation: /default-rack, certSerialId: null}
2019-07-13 14:44:35,897 INFO  impl.RaftServerProxy (RaftServerProxy.java:addNew(89)) - 8b42a1db-450e-476a-ac1e-9bd5ae202316: addNew group-8ABCF232CB6E:[8b42a1db-450e-476a-ac1e-9bd5ae202316:192.168.5.172:33335] returns group-8ABCF232CB6E:java.util.concurrent.CompletableFuture@68e31f85[Not completed]
2019-07-13 14:44:35,924 INFO  impl.RaftServerImpl (RaftServerImpl.java:<init>(93)) - 8b42a1db-450e-476a-ac1e-9bd5ae202316: new RaftServerImpl for group-8ABCF232CB6E:[8b42a1db-450e-476a-ac1e-9bd5ae202316:192.168.5.172:33335] with ContainerStateMachine:uninitialized
2019-07-13 14:44:35,926 INFO  server.RaftServerConfigKeys (ConfUtils.java:logGet(43)) - raft.server.rpc.timeout.min = 5s (custom)
2019-07-13 14:44:35,929 INFO  server.RaftServerConfigKeys (ConfUtils.java:logGet(43)) - raft.server.rpc.timeout.max = 5200ms (custom)
2019-07-13 14:44:35,929 INFO  server.RaftServerConfigKeys (ConfUtils.java:logGet(43)) - raft.server.rpcslowness.timeout = 120s (custom)
2019-07-13 14:44:35,930 INFO  server.RaftServerConfigKeys (ConfUtils.java:logGet(43)) - raft.server.sleep.deviation.threshold = 300 (default)
2019-07-13 14:44:35,931 INFO  server.RaftServerConfigKeys (ConfUtils.java:logGet(43)) - raft.server.log.appender.install.snapshot.enabled = false (custom)
2019-07-13 14:44:35,941 INFO  impl.RaftServerImpl (ServerState.java:<init>(105)) - 8b42a1db-450e-476a-ac1e-9bd5ae202316:group-8ABCF232CB6E ConfigurationManager, init=-1: [8b42a1db-450e-476a-ac1e-9bd5ae202316:192.168.5.172:33335], old=null, confs=<EMPTY_MAP>
2019-07-13 14:44:35,941 INFO  server.RaftServerConfigKeys (ConfUtils.java:logGet(43)) - raft.server.storage.dir = [/tmp/workdir/hadoop-ozone/integration-test/target/test-dir/MiniOzoneClusterImpl-480568c9-7904-409a-9f10-e21cb57673e4/datanode-0/data/ratis] (custom)
2019-07-13 14:44:35,950 INFO  storage.RaftStorageDirectory (RaftStorageDirectory.java:analyzeStorage(246)) - The storage directory /tmp/workdir/hadoop-ozone/integration-test/target/test-dir/MiniOzoneClusterImpl-480568c9-7904-409a-9f10-e21cb57673e4/datanode-0/data/ratis/360b3f83-7e9f-48f3-a8a0-8abcf232cb6e does not exist. Creating ...
2019-07-13 14:44:35,968 INFO  storage.RaftStorageDirectory (RaftStorageDirectory.java:tryLock(328)) - Lock on /tmp/workdir/hadoop-ozone/integration-test/target/test-dir/MiniOzoneClusterImpl-480568c9-7904-409a-9f10-e21cb57673e4/datanode-0/data/ratis/360b3f83-7e9f-48f3-a8a0-8abcf232cb6e/in_use.lock acquired by nodename 24737@trunk-nightly-mhs6z-4061744966
2019-07-13 14:44:35,983 INFO  storage.RaftStorage (RaftStorage.java:format(72)) - Storage directory /tmp/workdir/hadoop-ozone/integration-test/target/test-dir/MiniOzoneClusterImpl-480568c9-7904-409a-9f10-e21cb57673e4/datanode-0/data/ratis/360b3f83-7e9f-48f3-a8a0-8abcf232cb6e has been successfully formatted.
2019-07-13 14:44:35,986 INFO  ratis.ContainerStateMachine (ContainerStateMachine.java:loadSnapshot(200)) - The snapshot info is null.Setting the last applied index to:(t:0, i:~)
2019-07-13 14:44:35,986 INFO  server.RaftServerConfigKeys (ConfUtils.java:logGet(43)) - raft.server.leader.election.timeout = 120s (custom)
2019-07-13 14:44:35,988 INFO  server.RaftServerConfigKeys (ConfUtils.java:logGet(43)) - raft.server.log.use.memory = false (default)
2019-07-13 14:44:35,994 INFO  server.RaftServerConfigKeys (ConfUtils.java:logGet(43)) - raft.server.log.purge.gap = 1000000000 (custom)
2019-07-13 14:44:35,994 INFO  server.RaftServerConfigKeys (ConfUtils.java:logGet(43)) - raft.server.log.appender.buffer.byte-limit = 33554432 (custom)
2019-07-13 14:44:35,995 INFO  server.RaftServerConfigKeys (ConfUtils.java:logGet(43)) - raft.server.log.segment.size.max = 1048576 (custom)
2019-07-13 14:44:36,000 INFO  server.RaftServerConfigKeys (ConfUtils.java:logGet(43)) - raft.server.log.segment.cache.num.max = 2 (custom)
2019-07-13 14:44:36,006 INFO  segmented.SegmentedRaftLogWorker (SegmentedRaftLogWorker.java:<init>(172)) - new 8b42a1db-450e-476a-ac1e-9bd5ae202316-SegmentedRaftLogWorker:Storage Directory /tmp/workdir/hadoop-ozone/integration-test/target/test-dir/MiniOzoneClusterImpl-480568c9-7904-409a-9f10-e21cb57673e4/datanode-0/data/ratis/360b3f83-7e9f-48f3-a8a0-8abcf232cb6e for RaftStorage:Storage Directory /tmp/workdir/hadoop-ozone/integration-test/target/test-dir/MiniOzoneClusterImpl-480568c9-7904-409a-9f10-e21cb57673e4/datanode-0/data/ratis/360b3f83-7e9f-48f3-a8a0-8abcf232cb6e
2019-07-13 14:44:36,018 INFO  server.RaftServerConfigKeys (ConfUtils.java:logGet(43)) - raft.server.log.queue.byte-limit = 2147483647 (custom)
2019-07-13 14:44:36,018 INFO  server.RaftServerConfigKeys (ConfUtils.java:logGet(43)) - raft.server.log.queue.element-limit = 1024 (custom)
2019-07-13 14:44:36,023 INFO  server.RaftServerConfigKeys (ConfUtils.java:logGet(43)) - raft.server.log.segment.size.max = 1048576 (custom)
2019-07-13 14:44:36,023 INFO  server.RaftServerConfigKeys (ConfUtils.java:logGet(43)) - raft.server.log.preallocated.size = 16384 (custom)
2019-07-13 14:44:36,023 INFO  server.RaftServerConfigKeys (ConfUtils.java:logGet(43)) - raft.server.log.write.buffer.size = 33554432 (custom)
2019-07-13 14:44:36,024 INFO  server.RaftServerConfigKeys (ConfUtils.java:logGet(43)) - raft.server.log.force.sync.num = 128 (default)
2019-07-13 14:44:36,025 INFO  server.RaftServerConfigKeys (ConfUtils.java:logGet(43)) - raft.server.log.statemachine.data.sync = true (default)
2019-07-13 14:44:36,025 INFO  server.RaftServerConfigKeys (ConfUtils.java:logGet(43)) - raft.server.log.statemachine.data.sync.timeout = 10s (default)
2019-07-13 14:44:36,025 INFO  server.RaftServerConfigKeys (ConfUtils.java:logGet(43)) - raft.server.log.statemachine.data.sync.timeout.retry = -1 (default)
2019-07-13 14:44:36,033 INFO  server.RaftServerConfigKeys (ConfUtils.java:logGet(43)) - raft.server.log.statemachine.data.caching.enabled = true (custom)
2019-07-13 14:44:36,038 INFO  segmented.SegmentedRaftLogWorker (SegmentedRaftLogWorker.java:lambda$new$0(132)) - 8b42a1db-450e-476a-ac1e-9bd5ae202316-SegmentedRaftLogWorker:Storage Directory /tmp/workdir/hadoop-ozone/integration-test/target/test-dir/MiniOzoneClusterImpl-480568c9-7904-409a-9f10-e21cb57673e4/datanode-0/data/ratis/360b3f83-7e9f-48f3-a8a0-8abcf232cb6e: flushIndex: setUnconditionally 0 -> -1
2019-07-13 14:44:36,043 INFO  server.RaftServerConfigKeys (ConfUtils.java:logGet(43)) - raft.server.snapshot.auto.trigger.enabled = true (custom)
2019-07-13 14:44:36,043 INFO  server.RaftServerConfigKeys (ConfUtils.java:logGet(43)) - raft.server.snapshot.auto.trigger.threshold = 10000 (custom)
2019-07-13 14:44:36,044 INFO  server.RaftServerConfigKeys (ConfUtils.java:logGet(43)) - raft.server.retrycache.expirytime = 600000ms (custom)
2019-07-13 14:44:36,064 INFO  impl.RaftServerImpl (RaftServerImpl.java:start(180)) - 8b42a1db-450e-476a-ac1e-9bd5ae202316: start group-8ABCF232CB6E
2019-07-13 14:44:36,064 INFO  impl.RaftServerImpl (RaftServerImpl.java:setRole(171)) - 8b42a1db-450e-476a-ac1e-9bd5ae202316:group-8ABCF232CB6E changes role from null to FOLLOWER at term 0 for startAsFollower
2019-07-13 14:44:36,066 INFO  impl.RoleInfo (RoleInfo.java:updateAndGet(143)) - 8b42a1db-450e-476a-ac1e-9bd5ae202316: start FollowerState
2019-07-13 14:44:36,067 INFO  util.JmxRegister (JmxRegister.java:tryRegister(44)) - Successfully registered JMX Bean with object name Ratis:service=RaftServer,group=group-8ABCF232CB6E,id=8b42a1db-450e-476a-ac1e-9bd5ae202316
2019-07-13 14:44:36,109 INFO  node.SCMNodeManager (SCMNodeManager.java:register(269)) - Registered Data node : 7e852cca-55fd-4b89-91e8-0525300d9c7d{ip: 192.168.5.172, host: trunk-nightly-mhs6z-4061744966, networkLocation: /default-rack, certSerialId: null}
2019-07-13 14:44:36,144 INFO  pipeline.PipelineStateManager (PipelineStateManager.java:addPipeline(56)) - Created pipeline Pipeline[ Id: 360b3f83-7e9f-48f3-a8a0-8abcf232cb6e, Nodes: 8b42a1db-450e-476a-ac1e-9bd5ae202316{ip: 192.168.5.172, host: trunk-nightly-mhs6z-4061744966, networkLocation: /default-rack, certSerialId: null}, Type:RATIS, Factor:ONE, State:OPEN]
2019-07-13 14:44:36,174 INFO  impl.RaftServerProxy (RaftServerProxy.java:addNew(89)) - 8c130fdc-8e4b-4296-b41f-25b1fd079138: addNew group-401D079C6692:[8c130fdc-8e4b-4296-b41f-25b1fd079138:192.168.5.172:46131] returns group-401D079C6692:java.util.concurrent.CompletableFuture@13689138[Not completed]
2019-07-13 14:44:36,252 INFO  impl.RaftServerImpl (RaftServerImpl.java:<init>(93)) - 8c130fdc-8e4b-4296-b41f-25b1fd079138: new RaftServerImpl for group-401D079C6692:[8c130fdc-8e4b-4296-b41f-25b1fd079138:192.168.5.172:46131] with ContainerStateMachine:uninitialized
2019-07-13 14:44:36,254 INFO  server.RaftServerConfigKeys (ConfUtils.java:logGet(43)) - raft.server.rpc.timeout.min = 5s (custom)
2019-07-13 14:44:36,254 INFO  server.RaftServerConfigKeys (ConfUtils.java:logGet(43)) - raft.server.rpc.timeout.max = 5200ms (custom)
2019-07-13 14:44:36,254 INFO  server.RaftServerConfigKeys (ConfUtils.java:logGet(43)) - raft.server.rpcslowness.timeout = 120s (custom)
2019-07-13 14:44:36,254 INFO  server.RaftServerConfigKeys (ConfUtils.java:logGet(43)) - raft.server.sleep.deviation.threshold = 300 (default)
2019-07-13 14:44:36,255 INFO  server.RaftServerConfigKeys (ConfUtils.java:logGet(43)) - raft.server.log.appender.install.snapshot.enabled = false (custom)
2019-07-13 14:44:36,255 INFO  impl.RaftServerImpl (ServerState.java:<init>(105)) - 8c130fdc-8e4b-4296-b41f-25b1fd079138:group-401D079C6692 ConfigurationManager, init=-1: [8c130fdc-8e4b-4296-b41f-25b1fd079138:192.168.5.172:46131], old=null, confs=<EMPTY_MAP>
2019-07-13 14:44:36,255 INFO  server.RaftServerConfigKeys (ConfUtils.java:logGet(43)) - raft.server.storage.dir = [/tmp/workdir/hadoop-ozone/integration-test/target/test-dir/MiniOzoneClusterImpl-480568c9-7904-409a-9f10-e21cb57673e4/datanode-5/data/ratis] (custom)
2019-07-13 14:44:36,256 INFO  storage.RaftStorageDirectory (RaftStorageDirectory.java:analyzeStorage(246)) - The storage directory /tmp/workdir/hadoop-ozone/integration-test/target/test-dir/MiniOzoneClusterImpl-480568c9-7904-409a-9f10-e21cb57673e4/datanode-5/data/ratis/38335128-cd58-4028-86d2-401d079c6692 does not exist. Creating ...
2019-07-13 14:44:36,262 INFO  storage.RaftStorageDirectory (RaftStorageDirectory.java:tryLock(328)) - Lock on /tmp/workdir/hadoop-ozone/integration-test/target/test-dir/MiniOzoneClusterImpl-480568c9-7904-409a-9f10-e21cb57673e4/datanode-5/data/ratis/38335128-cd58-4028-86d2-401d079c6692/in_use.lock acquired by nodename 24737@trunk-nightly-mhs6z-4061744966
2019-07-13 14:44:36,268 INFO  storage.RaftStorage (RaftStorage.java:format(72)) - Storage directory /tmp/workdir/hadoop-ozone/integration-test/target/test-dir/MiniOzoneClusterImpl-480568c9-7904-409a-9f10-e21cb57673e4/datanode-5/data/ratis/38335128-cd58-4028-86d2-401d079c6692 has been successfully formatted.
2019-07-13 14:44:36,270 INFO  ratis.ContainerStateMachine (ContainerStateMachine.java:loadSnapshot(200)) - The snapshot info is null.Setting the last applied index to:(t:0, i:~)
2019-07-13 14:44:36,272 INFO  server.RaftServerConfigKeys (ConfUtils.java:logGet(43)) - raft.server.leader.election.timeout = 120s (custom)
2019-07-13 14:44:36,272 INFO  server.RaftServerConfigKeys (ConfUtils.java:logGet(43)) - raft.server.log.use.memory = false (default)
2019-07-13 14:44:36,273 INFO  server.RaftServerConfigKeys (ConfUtils.java:logGet(43)) - raft.server.log.purge.gap = 1000000000 (custom)
2019-07-13 14:44:36,273 INFO  server.RaftServerConfigKeys (ConfUtils.java:logGet(43)) - raft.server.log.appender.buffer.byte-limit = 33554432 (custom)
2019-07-13 14:44:36,273 INFO  server.RaftServerConfigKeys (ConfUtils.java:logGet(43)) - raft.server.log.segment.size.max = 1048576 (custom)
2019-07-13 14:44:36,273 INFO  server.RaftServerConfigKeys (ConfUtils.java:logGet(43)) - raft.server.log.segment.cache.num.max = 2 (custom)
2019-07-13 14:44:36,273 INFO  segmented.SegmentedRaftLogWorker (SegmentedRaftLogWorker.java:<init>(172)) - new 8c130fdc-8e4b-4296-b41f-25b1fd079138-SegmentedRaftLogWorker:Storage Directory /tmp/workdir/hadoop-ozone/integration-test/target/test-dir/MiniOzoneClusterImpl-480568c9-7904-409a-9f10-e21cb57673e4/datanode-5/data/ratis/38335128-cd58-4028-86d2-401d079c6692 for RaftStorage:Storage Directory /tmp/workdir/hadoop-ozone/integration-test/target/test-dir/MiniOzoneClusterImpl-480568c9-7904-409a-9f10-e21cb57673e4/datanode-5/data/ratis/38335128-cd58-4028-86d2-401d079c6692
2019-07-13 14:44:36,276 INFO  server.RaftServerConfigKeys (ConfUtils.java:logGet(43)) - raft.server.log.queue.byte-limit = 2147483647 (custom)
2019-07-13 14:44:36,276 INFO  server.RaftServerConfigKeys (ConfUtils.java:logGet(43)) - raft.server.log.queue.element-limit = 1024 (custom)
2019-07-13 14:44:36,276 INFO  server.RaftServerConfigKeys (ConfUtils.java:logGet(43)) - raft.server.log.segment.size.max = 1048576 (custom)
2019-07-13 14:44:36,276 INFO  server.RaftServerConfigKeys (ConfUtils.java:logGet(43)) - raft.server.log.preallocated.size = 16384 (custom)
2019-07-13 14:44:36,277 INFO  server.RaftServerConfigKeys (ConfUtils.java:logGet(43)) - raft.server.log.write.buffer.size = 33554432 (custom)
2019-07-13 14:44:36,277 INFO  server.RaftServerConfigKeys (ConfUtils.java:logGet(43)) - raft.server.log.force.sync.num = 128 (default)
2019-07-13 14:44:36,277 INFO  server.RaftServerConfigKeys (ConfUtils.java:logGet(43)) - raft.server.log.statemachine.data.sync = true (default)
2019-07-13 14:44:36,277 INFO  server.RaftServerConfigKeys (ConfUtils.java:logGet(43)) - raft.server.log.statemachine.data.sync.timeout = 10s (default)
2019-07-13 14:44:36,277 INFO  server.RaftServerConfigKeys (ConfUtils.java:logGet(43)) - raft.server.log.statemachine.data.sync.timeout.retry = -1 (default)
2019-07-13 14:44:36,278 INFO  server.RaftServerConfigKeys (ConfUtils.java:logGet(43)) - raft.server.log.statemachine.data.caching.enabled = true (custom)
2019-07-13 14:44:36,278 INFO  segmented.SegmentedRaftLogWorker (SegmentedRaftLogWorker.java:lambda$new$0(132)) - 8c130fdc-8e4b-4296-b41f-25b1fd079138-SegmentedRaftLogWorker:Storage Directory /tmp/workdir/hadoop-ozone/integration-test/target/test-dir/MiniOzoneClusterImpl-480568c9-7904-409a-9f10-e21cb57673e4/datanode-5/data/ratis/38335128-cd58-4028-86d2-401d079c6692: flushIndex: setUnconditionally 0 -> -1
2019-07-13 14:44:36,279 INFO  server.RaftServerConfigKeys (ConfUtils.java:logGet(43)) - raft.server.snapshot.auto.trigger.enabled = true (custom)
2019-07-13 14:44:36,279 INFO  server.RaftServerConfigKeys (ConfUtils.java:logGet(43)) - raft.server.snapshot.auto.trigger.threshold = 10000 (custom)
2019-07-13 14:44:36,279 INFO  server.RaftServerConfigKeys (ConfUtils.java:logGet(43)) - raft.server.retrycache.expirytime = 600000ms (custom)
2019-07-13 14:44:36,279 INFO  impl.RaftServerImpl (RaftServerImpl.java:start(180)) - 8c130fdc-8e4b-4296-b41f-25b1fd079138: start group-401D079C6692
2019-07-13 14:44:36,280 INFO  impl.RaftServerImpl (RaftServerImpl.java:setRole(171)) - 8c130fdc-8e4b-4296-b41f-25b1fd079138:group-401D079C6692 changes role from null to FOLLOWER at term 0 for startAsFollower
2019-07-13 14:44:36,280 INFO  impl.RoleInfo (RoleInfo.java:updateAndGet(143)) - 8c130fdc-8e4b-4296-b41f-25b1fd079138: start FollowerState
2019-07-13 14:44:36,282 INFO  util.JmxRegister (JmxRegister.java:tryRegister(44)) - Successfully registered JMX Bean with object name Ratis:service=RaftServer,group=group-401D079C6692,id=8c130fdc-8e4b-4296-b41f-25b1fd079138
2019-07-13 14:44:36,304 INFO  pipeline.PipelineStateManager (PipelineStateManager.java:addPipeline(56)) - Created pipeline Pipeline[ Id: 38335128-cd58-4028-86d2-401d079c6692, Nodes: 8c130fdc-8e4b-4296-b41f-25b1fd079138{ip: 192.168.5.172, host: trunk-nightly-mhs6z-4061744966, networkLocation: /default-rack, certSerialId: null}, Type:RATIS, Factor:ONE, State:OPEN]
2019-07-13 14:44:36,323 INFO  node.SCMNodeManager (SCMNodeManager.java:register(269)) - Registered Data node : a2e297f1-273a-48b1-880b-11fc2b52ea88{ip: 192.168.5.172, host: trunk-nightly-mhs6z-4061744966, networkLocation: /default-rack, certSerialId: null}
2019-07-13 14:44:36,334 INFO  impl.RaftServerProxy (RaftServerProxy.java:addNew(89)) - 7e852cca-55fd-4b89-91e8-0525300d9c7d: addNew group-C095022D7326:[7e852cca-55fd-4b89-91e8-0525300d9c7d:192.168.5.172:46298] returns group-C095022D7326:java.util.concurrent.CompletableFuture@5736e9af[Not completed]
2019-07-13 14:44:36,346 INFO  impl.RaftServerImpl (RaftServerImpl.java:<init>(93)) - 7e852cca-55fd-4b89-91e8-0525300d9c7d: new RaftServerImpl for group-C095022D7326:[7e852cca-55fd-4b89-91e8-0525300d9c7d:192.168.5.172:46298] with ContainerStateMachine:uninitialized
2019-07-13 14:44:36,347 INFO  server.RaftServerConfigKeys (ConfUtils.java:logGet(43)) - raft.server.rpc.timeout.min = 5s (custom)
2019-07-13 14:44:36,347 INFO  server.RaftServerConfigKeys (ConfUtils.java:logGet(43)) - raft.server.rpc.timeout.max = 5200ms (custom)
2019-07-13 14:44:36,347 INFO  server.RaftServerConfigKeys (ConfUtils.java:logGet(43)) - raft.server.rpcslowness.timeout = 120s (custom)
2019-07-13 14:44:36,347 INFO  server.RaftServerConfigKeys (ConfUtils.java:logGet(43)) - raft.server.sleep.deviation.threshold = 300 (default)
2019-07-13 14:44:36,347 INFO  server.RaftServerConfigKeys (ConfUtils.java:logGet(43)) - raft.server.log.appender.install.snapshot.enabled = false (custom)
2019-07-13 14:44:36,347 INFO  impl.RaftServerImpl (ServerState.java:<init>(105)) - 7e852cca-55fd-4b89-91e8-0525300d9c7d:group-C095022D7326 ConfigurationManager, init=-1: [7e852cca-55fd-4b89-91e8-0525300d9c7d:192.168.5.172:46298], old=null, confs=<EMPTY_MAP>
2019-07-13 14:44:36,348 INFO  server.RaftServerConfigKeys (ConfUtils.java:logGet(43)) - raft.server.storage.dir = [/tmp/workdir/hadoop-ozone/integration-test/target/test-dir/MiniOzoneClusterImpl-480568c9-7904-409a-9f10-e21cb57673e4/datanode-6/data/ratis] (custom)
2019-07-13 14:44:36,348 INFO  storage.RaftStorageDirectory (RaftStorageDirectory.java:analyzeStorage(246)) - The storage directory /tmp/workdir/hadoop-ozone/integration-test/target/test-dir/MiniOzoneClusterImpl-480568c9-7904-409a-9f10-e21cb57673e4/datanode-6/data/ratis/20a4a6b5-6811-4f88-b2de-c095022d7326 does not exist. Creating ...
2019-07-13 14:44:36,353 INFO  storage.RaftStorageDirectory (RaftStorageDirectory.java:tryLock(328)) - Lock on /tmp/workdir/hadoop-ozone/integration-test/target/test-dir/MiniOzoneClusterImpl-480568c9-7904-409a-9f10-e21cb57673e4/datanode-6/data/ratis/20a4a6b5-6811-4f88-b2de-c095022d7326/in_use.lock acquired by nodename 24737@trunk-nightly-mhs6z-4061744966
2019-07-13 14:44:36,356 INFO  storage.RaftStorage (RaftStorage.java:format(72)) - Storage directory /tmp/workdir/hadoop-ozone/integration-test/target/test-dir/MiniOzoneClusterImpl-480568c9-7904-409a-9f10-e21cb57673e4/datanode-6/data/ratis/20a4a6b5-6811-4f88-b2de-c095022d7326 has been successfully formatted.
2019-07-13 14:44:36,356 INFO  ratis.ContainerStateMachine (ContainerStateMachine.java:loadSnapshot(200)) - The snapshot info is null.Setting the last applied index to:(t:0, i:~)
2019-07-13 14:44:36,357 INFO  server.RaftServerConfigKeys (ConfUtils.java:logGet(43)) - raft.server.leader.election.timeout = 120s (custom)
2019-07-13 14:44:36,357 INFO  server.RaftServerConfigKeys (ConfUtils.java:logGet(43)) - raft.server.log.use.memory = false (default)
2019-07-13 14:44:36,357 INFO  server.RaftServerConfigKeys (ConfUtils.java:logGet(43)) - raft.server.log.purge.gap = 1000000000 (custom)
2019-07-13 14:44:36,357 INFO  server.RaftServerConfigKeys (ConfUtils.java:logGet(43)) - raft.server.log.appender.buffer.byte-limit = 33554432 (custom)
2019-07-13 14:44:36,357 INFO  server.RaftServerConfigKeys (ConfUtils.java:logGet(43)) - raft.server.log.segment.size.max = 1048576 (custom)
2019-07-13 14:44:36,357 INFO  server.RaftServerConfigKeys (ConfUtils.java:logGet(43)) - raft.server.log.segment.cache.num.max = 2 (custom)
2019-07-13 14:44:36,358 INFO  segmented.SegmentedRaftLogWorker (SegmentedRaftLogWorker.java:<init>(172)) - new 7e852cca-55fd-4b89-91e8-0525300d9c7d-SegmentedRaftLogWorker:Storage Directory /tmp/workdir/hadoop-ozone/integration-test/target/test-dir/MiniOzoneClusterImpl-480568c9-7904-409a-9f10-e21cb57673e4/datanode-6/data/ratis/20a4a6b5-6811-4f88-b2de-c095022d7326 for RaftStorage:Storage Directory /tmp/workdir/hadoop-ozone/integration-test/target/test-dir/MiniOzoneClusterImpl-480568c9-7904-409a-9f10-e21cb57673e4/datanode-6/data/ratis/20a4a6b5-6811-4f88-b2de-c095022d7326
2019-07-13 14:44:36,358 INFO  server.RaftServerConfigKeys (ConfUtils.java:logGet(43)) - raft.server.log.queue.byte-limit = 2147483647 (custom)
2019-07-13 14:44:36,358 INFO  server.RaftServerConfigKeys (ConfUtils.java:logGet(43)) - raft.server.log.queue.element-limit = 1024 (custom)
2019-07-13 14:44:36,358 INFO  server.RaftServerConfigKeys (ConfUtils.java:logGet(43)) - raft.server.log.segment.size.max = 1048576 (custom)
2019-07-13 14:44:36,358 INFO  server.RaftServerConfigKeys (ConfUtils.java:logGet(43)) - raft.server.log.preallocated.size = 16384 (custom)
2019-07-13 14:44:36,359 INFO  server.RaftServerConfigKeys (ConfUtils.java:logGet(43)) - raft.server.log.write.buffer.size = 33554432 (custom)
2019-07-13 14:44:36,359 INFO  server.RaftServerConfigKeys (ConfUtils.java:logGet(43)) - raft.server.log.force.sync.num = 128 (default)
2019-07-13 14:44:36,359 INFO  server.RaftServerConfigKeys (ConfUtils.java:logGet(43)) - raft.server.log.statemachine.data.sync = true (default)
2019-07-13 14:44:36,359 INFO  server.RaftServerConfigKeys (ConfUtils.java:logGet(43)) - raft.server.log.statemachine.data.sync.timeout = 10s (default)
2019-07-13 14:44:36,359 INFO  server.RaftServerConfigKeys (ConfUtils.java:logGet(43)) - raft.server.log.statemachine.data.sync.timeout.retry = -1 (default)
2019-07-13 14:44:36,360 INFO  server.RaftServerConfigKeys (ConfUtils.java:logGet(43)) - raft.server.log.statemachine.data.caching.enabled = true (custom)
2019-07-13 14:44:36,360 INFO  segmented.SegmentedRaftLogWorker (SegmentedRaftLogWorker.java:lambda$new$0(132)) - 7e852cca-55fd-4b89-91e8-0525300d9c7d-SegmentedRaftLogWorker:Storage Directory /tmp/workdir/hadoop-ozone/integration-test/target/test-dir/MiniOzoneClusterImpl-480568c9-7904-409a-9f10-e21cb57673e4/datanode-6/data/ratis/20a4a6b5-6811-4f88-b2de-c095022d7326: flushIndex: setUnconditionally 0 -> -1
2019-07-13 14:44:36,360 INFO  server.RaftServerConfigKeys (ConfUtils.java:logGet(43)) - raft.server.snapshot.auto.trigger.enabled = true (custom)
2019-07-13 14:44:36,360 INFO  server.RaftServerConfigKeys (ConfUtils.java:logGet(43)) - raft.server.snapshot.auto.trigger.threshold = 10000 (custom)
2019-07-13 14:44:36,361 INFO  server.RaftServerConfigKeys (ConfUtils.java:logGet(43)) - raft.server.retrycache.expirytime = 600000ms (custom)
2019-07-13 14:44:36,361 INFO  impl.RaftServerImpl (RaftServerImpl.java:start(180)) - 7e852cca-55fd-4b89-91e8-0525300d9c7d: start group-C095022D7326
2019-07-13 14:44:36,361 INFO  impl.RaftServerImpl (RaftServerImpl.java:setRole(171)) - 7e852cca-55fd-4b89-91e8-0525300d9c7d:group-C095022D7326 changes role from null to FOLLOWER at term 0 for startAsFollower
2019-07-13 14:44:36,361 INFO  impl.RoleInfo (RoleInfo.java:updateAndGet(143)) - 7e852cca-55fd-4b89-91e8-0525300d9c7d: start FollowerState
2019-07-13 14:44:36,362 INFO  util.JmxRegister (JmxRegister.java:tryRegister(44)) - Successfully registered JMX Bean with object name Ratis:service=RaftServer,group=group-C095022D7326,id=7e852cca-55fd-4b89-91e8-0525300d9c7d
2019-07-13 14:44:36,374 INFO  pipeline.PipelineStateManager (PipelineStateManager.java:addPipeline(56)) - Created pipeline Pipeline[ Id: 20a4a6b5-6811-4f88-b2de-c095022d7326, Nodes: 7e852cca-55fd-4b89-91e8-0525300d9c7d{ip: 192.168.5.172, host: trunk-nightly-mhs6z-4061744966, networkLocation: /default-rack, certSerialId: null}, Type:RATIS, Factor:ONE, State:OPEN]
2019-07-13 14:44:36,399 INFO  impl.RaftServerProxy (RaftServerProxy.java:addNew(89)) - a2e297f1-273a-48b1-880b-11fc2b52ea88: addNew group-5E20CC0A1117:[a2e297f1-273a-48b1-880b-11fc2b52ea88:192.168.5.172:46549] returns group-5E20CC0A1117:java.util.concurrent.CompletableFuture@5478f15d[Not completed]
2019-07-13 14:44:36,400 INFO  impl.RaftServerImpl (RaftServerImpl.java:<init>(93)) - a2e297f1-273a-48b1-880b-11fc2b52ea88: new RaftServerImpl for group-5E20CC0A1117:[a2e297f1-273a-48b1-880b-11fc2b52ea88:192.168.5.172:46549] with ContainerStateMachine:uninitialized
2019-07-13 14:44:36,401 INFO  server.RaftServerConfigKeys (ConfUtils.java:logGet(43)) - raft.server.rpc.timeout.min = 5s (custom)
2019-07-13 14:44:36,401 INFO  server.RaftServerConfigKeys (ConfUtils.java:logGet(43)) - raft.server.rpc.timeout.max = 5200ms (custom)
2019-07-13 14:44:36,401 INFO  server.RaftServerConfigKeys (ConfUtils.java:logGet(43)) - raft.server.rpcslowness.timeout = 120s (custom)
2019-07-13 14:44:36,401 INFO  server.RaftServerConfigKeys (ConfUtils.java:logGet(43)) - raft.server.sleep.deviation.threshold = 300 (default)
2019-07-13 14:44:36,401 INFO  server.RaftServerConfigKeys (ConfUtils.java:logGet(43)) - raft.server.log.appender.install.snapshot.enabled = false (custom)
2019-07-13 14:44:36,401 INFO  impl.RaftServerImpl (ServerState.java:<init>(105)) - a2e297f1-273a-48b1-880b-11fc2b52ea88:group-5E20CC0A1117 ConfigurationManager, init=-1: [a2e297f1-273a-48b1-880b-11fc2b52ea88:192.168.5.172:46549], old=null, confs=<EMPTY_MAP>
2019-07-13 14:44:36,402 INFO  server.RaftServerConfigKeys (ConfUtils.java:logGet(43)) - raft.server.storage.dir = [/tmp/workdir/hadoop-ozone/integration-test/target/test-dir/MiniOzoneClusterImpl-480568c9-7904-409a-9f10-e21cb57673e4/datanode-7/data/ratis] (custom)
2019-07-13 14:44:36,402 INFO  storage.RaftStorageDirectory (RaftStorageDirectory.java:analyzeStorage(246)) - The storage directory /tmp/workdir/hadoop-ozone/integration-test/target/test-dir/MiniOzoneClusterImpl-480568c9-7904-409a-9f10-e21cb57673e4/datanode-7/data/ratis/d4e26603-7d92-4efe-bac2-5e20cc0a1117 does not exist. Creating ...
2019-07-13 14:44:36,406 INFO  storage.RaftStorageDirectory (RaftStorageDirectory.java:tryLock(328)) - Lock on /tmp/workdir/hadoop-ozone/integration-test/target/test-dir/MiniOzoneClusterImpl-480568c9-7904-409a-9f10-e21cb57673e4/datanode-7/data/ratis/d4e26603-7d92-4efe-bac2-5e20cc0a1117/in_use.lock acquired by nodename 24737@trunk-nightly-mhs6z-4061744966
2019-07-13 14:44:36,410 INFO  storage.RaftStorage (RaftStorage.java:format(72)) - Storage directory /tmp/workdir/hadoop-ozone/integration-test/target/test-dir/MiniOzoneClusterImpl-480568c9-7904-409a-9f10-e21cb57673e4/datanode-7/data/ratis/d4e26603-7d92-4efe-bac2-5e20cc0a1117 has been successfully formatted.
2019-07-13 14:44:36,410 INFO  ratis.ContainerStateMachine (ContainerStateMachine.java:loadSnapshot(200)) - The snapshot info is null.Setting the last applied index to:(t:0, i:~)
2019-07-13 14:44:36,410 INFO  server.RaftServerConfigKeys (ConfUtils.java:logGet(43)) - raft.server.leader.election.timeout = 120s (custom)
2019-07-13 14:44:36,410 INFO  server.RaftServerConfigKeys (ConfUtils.java:logGet(43)) - raft.server.log.use.memory = false (default)
2019-07-13 14:44:36,410 INFO  server.RaftServerConfigKeys (ConfUtils.java:logGet(43)) - raft.server.log.purge.gap = 1000000000 (custom)
2019-07-13 14:44:36,411 INFO  server.RaftServerConfigKeys (ConfUtils.java:logGet(43)) - raft.server.log.appender.buffer.byte-limit = 33554432 (custom)
2019-07-13 14:44:36,411 INFO  server.RaftServerConfigKeys (ConfUtils.java:logGet(43)) - raft.server.log.segment.size.max = 1048576 (custom)
2019-07-13 14:44:36,411 INFO  server.RaftServerConfigKeys (ConfUtils.java:logGet(43)) - raft.server.log.segment.cache.num.max = 2 (custom)
2019-07-13 14:44:36,411 INFO  segmented.SegmentedRaftLogWorker (SegmentedRaftLogWorker.java:<init>(172)) - new a2e297f1-273a-48b1-880b-11fc2b52ea88-SegmentedRaftLogWorker:Storage Directory /tmp/workdir/hadoop-ozone/integration-test/target/test-dir/MiniOzoneClusterImpl-480568c9-7904-409a-9f10-e21cb57673e4/datanode-7/data/ratis/d4e26603-7d92-4efe-bac2-5e20cc0a1117 for RaftStorage:Storage Directory /tmp/workdir/hadoop-ozone/integration-test/target/test-dir/MiniOzoneClusterImpl-480568c9-7904-409a-9f10-e21cb57673e4/datanode-7/data/ratis/d4e26603-7d92-4efe-bac2-5e20cc0a1117
2019-07-13 14:44:36,411 INFO  server.RaftServerConfigKeys (ConfUtils.java:logGet(43)) - raft.server.log.queue.byte-limit = 2147483647 (custom)
2019-07-13 14:44:36,411 INFO  server.RaftServerConfigKeys (ConfUtils.java:logGet(43)) - raft.server.log.queue.element-limit = 1024 (custom)
2019-07-13 14:44:36,412 INFO  server.RaftServerConfigKeys (ConfUtils.java:logGet(43)) - raft.server.log.segment.size.max = 1048576 (custom)
2019-07-13 14:44:36,412 INFO  server.RaftServerConfigKeys (ConfUtils.java:logGet(43)) - raft.server.log.preallocated.size = 16384 (custom)
2019-07-13 14:44:36,412 INFO  server.RaftServerConfigKeys (ConfUtils.java:logGet(43)) - raft.server.log.write.buffer.size = 33554432 (custom)
2019-07-13 14:44:36,412 INFO  server.RaftServerConfigKeys (ConfUtils.java:logGet(43)) - raft.server.log.force.sync.num = 128 (default)
2019-07-13 14:44:36,412 INFO  server.RaftServerConfigKeys (ConfUtils.java:logGet(43)) - raft.server.log.statemachine.data.sync = true (default)
2019-07-13 14:44:36,412 INFO  server.RaftServerConfigKeys (ConfUtils.java:logGet(43)) - raft.server.log.statemachine.data.sync.timeout = 10s (default)
2019-07-13 14:44:36,413 INFO  server.RaftServerConfigKeys (ConfUtils.java:logGet(43)) - raft.server.log.statemachine.data.sync.timeout.retry = -1 (default)
2019-07-13 14:44:36,413 INFO  server.RaftServerConfigKeys (ConfUtils.java:logGet(43)) - raft.server.log.statemachine.data.caching.enabled = true (custom)
2019-07-13 14:44:36,413 INFO  segmented.SegmentedRaftLogWorker (SegmentedRaftLogWorker.java:lambda$new$0(132)) - a2e297f1-273a-48b1-880b-11fc2b52ea88-SegmentedRaftLogWorker:Storage Directory /tmp/workdir/hadoop-ozone/integration-test/target/test-dir/MiniOzoneClusterImpl-480568c9-7904-409a-9f10-e21cb57673e4/datanode-7/data/ratis/d4e26603-7d92-4efe-bac2-5e20cc0a1117: flushIndex: setUnconditionally 0 -> -1
2019-07-13 14:44:36,414 INFO  server.RaftServerConfigKeys (ConfUtils.java:logGet(43)) - raft.server.snapshot.auto.trigger.enabled = true (custom)
2019-07-13 14:44:36,414 INFO  server.RaftServerConfigKeys (ConfUtils.java:logGet(43)) - raft.server.snapshot.auto.trigger.threshold = 10000 (custom)
2019-07-13 14:44:36,414 INFO  server.RaftServerConfigKeys (ConfUtils.java:logGet(43)) - raft.server.retrycache.expirytime = 600000ms (custom)
2019-07-13 14:44:36,414 INFO  impl.RaftServerImpl (RaftServerImpl.java:start(180)) - a2e297f1-273a-48b1-880b-11fc2b52ea88: start group-5E20CC0A1117
2019-07-13 14:44:36,415 INFO  impl.RaftServerImpl (RaftServerImpl.java:setRole(171)) - a2e297f1-273a-48b1-880b-11fc2b52ea88:group-5E20CC0A1117 changes role from null to FOLLOWER at term 0 for startAsFollower
2019-07-13 14:44:36,415 INFO  impl.RoleInfo (RoleInfo.java:updateAndGet(143)) - a2e297f1-273a-48b1-880b-11fc2b52ea88: start FollowerState
2019-07-13 14:44:36,415 INFO  util.JmxRegister (JmxRegister.java:tryRegister(44)) - Successfully registered JMX Bean with object name Ratis:service=RaftServer,group=group-5E20CC0A1117,id=a2e297f1-273a-48b1-880b-11fc2b52ea88
2019-07-13 14:44:36,435 INFO  pipeline.PipelineStateManager (PipelineStateManager.java:addPipeline(56)) - Created pipeline Pipeline[ Id: d4e26603-7d92-4efe-bac2-5e20cc0a1117, Nodes: a2e297f1-273a-48b1-880b-11fc2b52ea88{ip: 192.168.5.172, host: trunk-nightly-mhs6z-4061744966, networkLocation: /default-rack, certSerialId: null}, Type:RATIS, Factor:ONE, State:OPEN]
2019-07-13 14:44:36,471 INFO  impl.RaftServerProxy (RaftServerProxy.java:addNew(89)) - ccd8458f-37a2-4d03-aaf8-73b71a69b099: addNew group-FA094D7BF5DA:[ccd8458f-37a2-4d03-aaf8-73b71a69b099:192.168.5.172:45680] returns group-FA094D7BF5DA:java.util.concurrent.CompletableFuture@727574f5[Not completed]
2019-07-13 14:44:36,473 INFO  impl.RaftServerImpl (RaftServerImpl.java:<init>(93)) - ccd8458f-37a2-4d03-aaf8-73b71a69b099: new RaftServerImpl for group-FA094D7BF5DA:[ccd8458f-37a2-4d03-aaf8-73b71a69b099:192.168.5.172:45680] with ContainerStateMachine:uninitialized
2019-07-13 14:44:36,474 INFO  server.RaftServerConfigKeys (ConfUtils.java:logGet(43)) - raft.server.rpc.timeout.min = 5s (custom)
2019-07-13 14:44:36,474 INFO  server.RaftServerConfigKeys (ConfUtils.java:logGet(43)) - raft.server.rpc.timeout.max = 5200ms (custom)
2019-07-13 14:44:36,474 INFO  server.RaftServerConfigKeys (ConfUtils.java:logGet(43)) - raft.server.rpcslowness.timeout = 120s (custom)
2019-07-13 14:44:36,474 INFO  server.RaftServerConfigKeys (ConfUtils.java:logGet(43)) - raft.server.sleep.deviation.threshold = 300 (default)
2019-07-13 14:44:36,475 INFO  server.RaftServerConfigKeys (ConfUtils.java:logGet(43)) - raft.server.log.appender.install.snapshot.enabled = false (custom)
2019-07-13 14:44:36,475 INFO  impl.RaftServerImpl (ServerState.java:<init>(105)) - ccd8458f-37a2-4d03-aaf8-73b71a69b099:group-FA094D7BF5DA ConfigurationManager, init=-1: [ccd8458f-37a2-4d03-aaf8-73b71a69b099:192.168.5.172:45680], old=null, confs=<EMPTY_MAP>
2019-07-13 14:44:36,475 INFO  server.RaftServerConfigKeys (ConfUtils.java:logGet(43)) - raft.server.storage.dir = [/tmp/workdir/hadoop-ozone/integration-test/target/test-dir/MiniOzoneClusterImpl-480568c9-7904-409a-9f10-e21cb57673e4/datanode-4/data/ratis] (custom)
2019-07-13 14:44:36,476 INFO  storage.RaftStorageDirectory (RaftStorageDirectory.java:analyzeStorage(246)) - The storage directory /tmp/workdir/hadoop-ozone/integration-test/target/test-dir/MiniOzoneClusterImpl-480568c9-7904-409a-9f10-e21cb57673e4/datanode-4/data/ratis/489ed16c-7b93-4862-b48a-fa094d7bf5da does not exist. Creating ...
2019-07-13 14:44:36,488 INFO  storage.RaftStorageDirectory (RaftStorageDirectory.java:tryLock(328)) - Lock on /tmp/workdir/hadoop-ozone/integration-test/target/test-dir/MiniOzoneClusterImpl-480568c9-7904-409a-9f10-e21cb57673e4/datanode-4/data/ratis/489ed16c-7b93-4862-b48a-fa094d7bf5da/in_use.lock acquired by nodename 24737@trunk-nightly-mhs6z-4061744966
2019-07-13 14:44:36,493 INFO  storage.RaftStorage (RaftStorage.java:format(72)) - Storage directory /tmp/workdir/hadoop-ozone/integration-test/target/test-dir/MiniOzoneClusterImpl-480568c9-7904-409a-9f10-e21cb57673e4/datanode-4/data/ratis/489ed16c-7b93-4862-b48a-fa094d7bf5da has been successfully formatted.
2019-07-13 14:44:36,493 INFO  ratis.ContainerStateMachine (ContainerStateMachine.java:loadSnapshot(200)) - The snapshot info is null.Setting the last applied index to:(t:0, i:~)
2019-07-13 14:44:36,493 INFO  server.RaftServerConfigKeys (ConfUtils.java:logGet(43)) - raft.server.leader.election.timeout = 120s (custom)
2019-07-13 14:44:36,493 INFO  server.RaftServerConfigKeys (ConfUtils.java:logGet(43)) - raft.server.log.use.memory = false (default)
2019-07-13 14:44:36,494 INFO  server.RaftServerConfigKeys (ConfUtils.java:logGet(43)) - raft.server.log.purge.gap = 1000000000 (custom)
2019-07-13 14:44:36,494 INFO  server.RaftServerConfigKeys (ConfUtils.java:logGet(43)) - raft.server.log.appender.buffer.byte-limit = 33554432 (custom)
2019-07-13 14:44:36,494 INFO  server.RaftServerConfigKeys (ConfUtils.java:logGet(43)) - raft.server.log.segment.size.max = 1048576 (custom)
2019-07-13 14:44:36,494 INFO  server.RaftServerConfigKeys (ConfUtils.java:logGet(43)) - raft.server.log.segment.cache.num.max = 2 (custom)
2019-07-13 14:44:36,495 INFO  segmented.SegmentedRaftLogWorker (SegmentedRaftLogWorker.java:<init>(172)) - new ccd8458f-37a2-4d03-aaf8-73b71a69b099-SegmentedRaftLogWorker:Storage Directory /tmp/workdir/hadoop-ozone/integration-test/target/test-dir/MiniOzoneClusterImpl-480568c9-7904-409a-9f10-e21cb57673e4/datanode-4/data/ratis/489ed16c-7b93-4862-b48a-fa094d7bf5da for RaftStorage:Storage Directory /tmp/workdir/hadoop-ozone/integration-test/target/test-dir/MiniOzoneClusterImpl-480568c9-7904-409a-9f10-e21cb57673e4/datanode-4/data/ratis/489ed16c-7b93-4862-b48a-fa094d7bf5da
2019-07-13 14:44:36,495 INFO  server.RaftServerConfigKeys (ConfUtils.java:logGet(43)) - raft.server.log.queue.byte-limit = 2147483647 (custom)
2019-07-13 14:44:36,495 INFO  server.RaftServerConfigKeys (ConfUtils.java:logGet(43)) - raft.server.log.queue.element-limit = 1024 (custom)
2019-07-13 14:44:36,495 INFO  server.RaftServerConfigKeys (ConfUtils.java:logGet(43)) - raft.server.log.segment.size.max = 1048576 (custom)
2019-07-13 14:44:36,496 INFO  server.RaftServerConfigKeys (ConfUtils.java:logGet(43)) - raft.server.log.preallocated.size = 16384 (custom)
2019-07-13 14:44:36,496 INFO  server.RaftServerConfigKeys (ConfUtils.java:logGet(43)) - raft.server.log.write.buffer.size = 33554432 (custom)
2019-07-13 14:44:36,496 INFO  server.RaftServerConfigKeys (ConfUtils.java:logGet(43)) - raft.server.log.force.sync.num = 128 (default)
2019-07-13 14:44:36,496 INFO  server.RaftServerConfigKeys (ConfUtils.java:logGet(43)) - raft.server.log.statemachine.data.sync = true (default)
2019-07-13 14:44:36,496 INFO  server.RaftServerConfigKeys (ConfUtils.java:logGet(43)) - raft.server.log.statemachine.data.sync.timeout = 10s (default)
2019-07-13 14:44:36,497 INFO  server.RaftServerConfigKeys (ConfUtils.java:logGet(43)) - raft.server.log.statemachine.data.sync.timeout.retry = -1 (default)
2019-07-13 14:44:36,497 INFO  server.RaftServerConfigKeys (ConfUtils.java:logGet(43)) - raft.server.log.statemachine.data.caching.enabled = true (custom)
2019-07-13 14:44:36,498 INFO  segmented.SegmentedRaftLogWorker (SegmentedRaftLogWorker.java:lambda$new$0(132)) - ccd8458f-37a2-4d03-aaf8-73b71a69b099-SegmentedRaftLogWorker:Storage Directory /tmp/workdir/hadoop-ozone/integration-test/target/test-dir/MiniOzoneClusterImpl-480568c9-7904-409a-9f10-e21cb57673e4/datanode-4/data/ratis/489ed16c-7b93-4862-b48a-fa094d7bf5da: flushIndex: setUnconditionally 0 -> -1
2019-07-13 14:44:36,498 INFO  server.RaftServerConfigKeys (ConfUtils.java:logGet(43)) - raft.server.snapshot.auto.trigger.enabled = true (custom)
2019-07-13 14:44:36,498 INFO  server.RaftServerConfigKeys (ConfUtils.java:logGet(43)) - raft.server.snapshot.auto.trigger.threshold = 10000 (custom)
2019-07-13 14:44:36,499 INFO  server.RaftServerConfigKeys (ConfUtils.java:logGet(43)) - raft.server.retrycache.expirytime = 600000ms (custom)
2019-07-13 14:44:36,499 INFO  impl.RaftServerImpl (RaftServerImpl.java:start(180)) - ccd8458f-37a2-4d03-aaf8-73b71a69b099: start group-FA094D7BF5DA
2019-07-13 14:44:36,499 INFO  impl.RaftServerImpl (RaftServerImpl.java:setRole(171)) - ccd8458f-37a2-4d03-aaf8-73b71a69b099:group-FA094D7BF5DA changes role from null to FOLLOWER at term 0 for startAsFollower
2019-07-13 14:44:36,499 INFO  impl.RoleInfo (RoleInfo.java:updateAndGet(143)) - ccd8458f-37a2-4d03-aaf8-73b71a69b099: start FollowerState
2019-07-13 14:44:36,500 INFO  util.JmxRegister (JmxRegister.java:tryRegister(44)) - Successfully registered JMX Bean with object name Ratis:service=RaftServer,group=group-FA094D7BF5DA,id=ccd8458f-37a2-4d03-aaf8-73b71a69b099
2019-07-13 14:44:36,507 INFO  node.SCMNodeManager (SCMNodeManager.java:register(269)) - Registered Data node : a4a8582f-1437-4af9-aaff-6b3a0776d19b{ip: 192.168.5.172, host: trunk-nightly-mhs6z-4061744966, networkLocation: /default-rack, certSerialId: null}
2019-07-13 14:44:36,522 INFO  pipeline.PipelineStateManager (PipelineStateManager.java:addPipeline(56)) - Created pipeline Pipeline[ Id: 489ed16c-7b93-4862-b48a-fa094d7bf5da, Nodes: ccd8458f-37a2-4d03-aaf8-73b71a69b099{ip: 192.168.5.172, host: trunk-nightly-mhs6z-4061744966, networkLocation: /default-rack, certSerialId: null}, Type:RATIS, Factor:ONE, State:OPEN]
2019-07-13 14:44:36,545 INFO  impl.RaftServerProxy (RaftServerProxy.java:addNew(89)) - a4a8582f-1437-4af9-aaff-6b3a0776d19b: addNew group-754E05796C97:[a4a8582f-1437-4af9-aaff-6b3a0776d19b:192.168.5.172:35280] returns group-754E05796C97:java.util.concurrent.CompletableFuture@3db4dc2c[Not completed]
2019-07-13 14:44:36,546 INFO  impl.RaftServerImpl (RaftServerImpl.java:<init>(93)) - a4a8582f-1437-4af9-aaff-6b3a0776d19b: new RaftServerImpl for group-754E05796C97:[a4a8582f-1437-4af9-aaff-6b3a0776d19b:192.168.5.172:35280] with ContainerStateMachine:uninitialized
2019-07-13 14:44:36,546 INFO  server.RaftServerConfigKeys (ConfUtils.java:logGet(43)) - raft.server.rpc.timeout.min = 5s (custom)
2019-07-13 14:44:36,546 INFO  server.RaftServerConfigKeys (ConfUtils.java:logGet(43)) - raft.server.rpc.timeout.max = 5200ms (custom)
2019-07-13 14:44:36,547 INFO  server.RaftServerConfigKeys (ConfUtils.java:logGet(43)) - raft.server.rpcslowness.timeout = 120s (custom)
2019-07-13 14:44:36,547 INFO  server.RaftServerConfigKeys (ConfUtils.java:logGet(43)) - raft.server.sleep.deviation.threshold = 300 (default)
2019-07-13 14:44:36,547 INFO  server.RaftServerConfigKeys (ConfUtils.java:logGet(43)) - raft.server.log.appender.install.snapshot.enabled = false (custom)
2019-07-13 14:44:36,547 INFO  impl.RaftServerImpl (ServerState.java:<init>(105)) - a4a8582f-1437-4af9-aaff-6b3a0776d19b:group-754E05796C97 ConfigurationManager, init=-1: [a4a8582f-1437-4af9-aaff-6b3a0776d19b:192.168.5.172:35280], old=null, confs=<EMPTY_MAP>
2019-07-13 14:44:36,547 INFO  server.RaftServerConfigKeys (ConfUtils.java:logGet(43)) - raft.server.storage.dir = [/tmp/workdir/hadoop-ozone/integration-test/target/test-dir/MiniOzoneClusterImpl-480568c9-7904-409a-9f10-e21cb57673e4/datanode-8/data/ratis] (custom)
2019-07-13 14:44:36,548 INFO  storage.RaftStorageDirectory (RaftStorageDirectory.java:analyzeStorage(246)) - The storage directory /tmp/workdir/hadoop-ozone/integration-test/target/test-dir/MiniOzoneClusterImpl-480568c9-7904-409a-9f10-e21cb57673e4/datanode-8/data/ratis/b0379902-068a-4ef6-b37b-754e05796c97 does not exist. Creating ...
2019-07-13 14:44:36,560 INFO  storage.RaftStorageDirectory (RaftStorageDirectory.java:tryLock(328)) - Lock on /tmp/workdir/hadoop-ozone/integration-test/target/test-dir/MiniOzoneClusterImpl-480568c9-7904-409a-9f10-e21cb57673e4/datanode-8/data/ratis/b0379902-068a-4ef6-b37b-754e05796c97/in_use.lock acquired by nodename 24737@trunk-nightly-mhs6z-4061744966
2019-07-13 14:44:36,564 INFO  storage.RaftStorage (RaftStorage.java:format(72)) - Storage directory /tmp/workdir/hadoop-ozone/integration-test/target/test-dir/MiniOzoneClusterImpl-480568c9-7904-409a-9f10-e21cb57673e4/datanode-8/data/ratis/b0379902-068a-4ef6-b37b-754e05796c97 has been successfully formatted.
2019-07-13 14:44:36,564 INFO  ratis.ContainerStateMachine (ContainerStateMachine.java:loadSnapshot(200)) - The snapshot info is null.Setting the last applied index to:(t:0, i:~)
2019-07-13 14:44:36,564 INFO  server.RaftServerConfigKeys (ConfUtils.java:logGet(43)) - raft.server.leader.election.timeout = 120s (custom)
2019-07-13 14:44:36,564 INFO  server.RaftServerConfigKeys (ConfUtils.java:logGet(43)) - raft.server.log.use.memory = false (default)
2019-07-13 14:44:36,565 INFO  server.RaftServerConfigKeys (ConfUtils.java:logGet(43)) - raft.server.log.purge.gap = 1000000000 (custom)
2019-07-13 14:44:36,565 INFO  server.RaftServerConfigKeys (ConfUtils.java:logGet(43)) - raft.server.log.appender.buffer.byte-limit = 33554432 (custom)
2019-07-13 14:44:36,565 INFO  server.RaftServerConfigKeys (ConfUtils.java:logGet(43)) - raft.server.log.segment.size.max = 1048576 (custom)
2019-07-13 14:44:36,565 INFO  server.RaftServerConfigKeys (ConfUtils.java:logGet(43)) - raft.server.log.segment.cache.num.max = 2 (custom)
2019-07-13 14:44:36,565 INFO  segmented.SegmentedRaftLogWorker (SegmentedRaftLogWorker.java:<init>(172)) - new a4a8582f-1437-4af9-aaff-6b3a0776d19b-SegmentedRaftLogWorker:Storage Directory /tmp/workdir/hadoop-ozone/integration-test/target/test-dir/MiniOzoneClusterImpl-480568c9-7904-409a-9f10-e21cb57673e4/datanode-8/data/ratis/b0379902-068a-4ef6-b37b-754e05796c97 for RaftStorage:Storage Directory /tmp/workdir/hadoop-ozone/integration-test/target/test-dir/MiniOzoneClusterImpl-480568c9-7904-409a-9f10-e21cb57673e4/datanode-8/data/ratis/b0379902-068a-4ef6-b37b-754e05796c97
2019-07-13 14:44:36,565 INFO  server.RaftServerConfigKeys (ConfUtils.java:logGet(43)) - raft.server.log.queue.byte-limit = 2147483647 (custom)
2019-07-13 14:44:36,566 INFO  server.RaftServerConfigKeys (ConfUtils.java:logGet(43)) - raft.server.log.queue.element-limit = 1024 (custom)
2019-07-13 14:44:36,566 INFO  server.RaftServerConfigKeys (ConfUtils.java:logGet(43)) - raft.server.log.segment.size.max = 1048576 (custom)
2019-07-13 14:44:36,566 INFO  server.RaftServerConfigKeys (ConfUtils.java:logGet(43)) - raft.server.log.preallocated.size = 16384 (custom)
2019-07-13 14:44:36,566 INFO  server.RaftServerConfigKeys (ConfUtils.java:logGet(43)) - raft.server.log.write.buffer.size = 33554432 (custom)
2019-07-13 14:44:36,566 INFO  server.RaftServerConfigKeys (ConfUtils.java:logGet(43)) - raft.server.log.force.sync.num = 128 (default)
2019-07-13 14:44:36,566 INFO  server.RaftServerConfigKeys (ConfUtils.java:logGet(43)) - raft.server.log.statemachine.data.sync = true (default)
2019-07-13 14:44:36,567 INFO  server.RaftServerConfigKeys (ConfUtils.java:logGet(43)) - raft.server.log.statemachine.data.sync.timeout = 10s (default)
2019-07-13 14:44:36,567 INFO  server.RaftServerConfigKeys (ConfUtils.java:logGet(43)) - raft.server.log.statemachine.data.sync.timeout.retry = -1 (default)
2019-07-13 14:44:36,567 INFO  server.RaftServerConfigKeys (ConfUtils.java:logGet(43)) - raft.server.log.statemachine.data.caching.enabled = true (custom)
2019-07-13 14:44:36,567 INFO  segmented.SegmentedRaftLogWorker (SegmentedRaftLogWorker.java:lambda$new$0(132)) - a4a8582f-1437-4af9-aaff-6b3a0776d19b-SegmentedRaftLogWorker:Storage Directory /tmp/workdir/hadoop-ozone/integration-test/target/test-dir/MiniOzoneClusterImpl-480568c9-7904-409a-9f10-e21cb57673e4/datanode-8/data/ratis/b0379902-068a-4ef6-b37b-754e05796c97: flushIndex: setUnconditionally 0 -> -1
2019-07-13 14:44:36,568 INFO  server.RaftServerConfigKeys (ConfUtils.java:logGet(43)) - raft.server.snapshot.auto.trigger.enabled = true (custom)
2019-07-13 14:44:36,568 INFO  server.RaftServerConfigKeys (ConfUtils.java:logGet(43)) - raft.server.snapshot.auto.trigger.threshold = 10000 (custom)
2019-07-13 14:44:36,568 INFO  server.RaftServerConfigKeys (ConfUtils.java:logGet(43)) - raft.server.retrycache.expirytime = 600000ms (custom)
2019-07-13 14:44:36,568 INFO  impl.RaftServerImpl (RaftServerImpl.java:start(180)) - a4a8582f-1437-4af9-aaff-6b3a0776d19b: start group-754E05796C97
2019-07-13 14:44:36,569 INFO  impl.RaftServerImpl (RaftServerImpl.java:setRole(171)) - a4a8582f-1437-4af9-aaff-6b3a0776d19b:group-754E05796C97 changes role from null to FOLLOWER at term 0 for startAsFollower
2019-07-13 14:44:36,569 INFO  impl.RoleInfo (RoleInfo.java:updateAndGet(143)) - a4a8582f-1437-4af9-aaff-6b3a0776d19b: start FollowerState
2019-07-13 14:44:36,569 INFO  util.JmxRegister (JmxRegister.java:tryRegister(44)) - Successfully registered JMX Bean with object name Ratis:service=RaftServer,group=group-754E05796C97,id=a4a8582f-1437-4af9-aaff-6b3a0776d19b
2019-07-13 14:44:36,583 INFO  pipeline.PipelineStateManager (PipelineStateManager.java:addPipeline(56)) - Created pipeline Pipeline[ Id: b0379902-068a-4ef6-b37b-754e05796c97, Nodes: a4a8582f-1437-4af9-aaff-6b3a0776d19b{ip: 192.168.5.172, host: trunk-nightly-mhs6z-4061744966, networkLocation: /default-rack, certSerialId: null}, Type:RATIS, Factor:ONE, State:OPEN]
2019-07-13 14:44:36,604 INFO  impl.RaftServerProxy (RaftServerProxy.java:addNew(89)) - c40f11a5-d25f-4465-9f00-9d93872fbf46: addNew group-B6670DC44E32:[c40f11a5-d25f-4465-9f00-9d93872fbf46:192.168.5.172:38754] returns group-B6670DC44E32:java.util.concurrent.CompletableFuture@4c5ae9de[Not completed]
2019-07-13 14:44:36,606 INFO  impl.RaftServerImpl (RaftServerImpl.java:<init>(93)) - c40f11a5-d25f-4465-9f00-9d93872fbf46: new RaftServerImpl for group-B6670DC44E32:[c40f11a5-d25f-4465-9f00-9d93872fbf46:192.168.5.172:38754] with ContainerStateMachine:uninitialized
2019-07-13 14:44:36,606 INFO  server.RaftServerConfigKeys (ConfUtils.java:logGet(43)) - raft.server.rpc.timeout.min = 5s (custom)
2019-07-13 14:44:36,606 INFO  server.RaftServerConfigKeys (ConfUtils.java:logGet(43)) - raft.server.rpc.timeout.max = 5200ms (custom)
2019-07-13 14:44:36,606 INFO  server.RaftServerConfigKeys (ConfUtils.java:logGet(43)) - raft.server.rpcslowness.timeout = 120s (custom)
2019-07-13 14:44:36,607 INFO  server.RaftServerConfigKeys (ConfUtils.java:logGet(43)) - raft.server.sleep.deviation.threshold = 300 (default)
2019-07-13 14:44:36,607 INFO  server.RaftServerConfigKeys (ConfUtils.java:logGet(43)) - raft.server.log.appender.install.snapshot.enabled = false (custom)
2019-07-13 14:44:36,607 INFO  impl.RaftServerImpl (ServerState.java:<init>(105)) - c40f11a5-d25f-4465-9f00-9d93872fbf46:group-B6670DC44E32 ConfigurationManager, init=-1: [c40f11a5-d25f-4465-9f00-9d93872fbf46:192.168.5.172:38754], old=null, confs=<EMPTY_MAP>
2019-07-13 14:44:36,607 INFO  server.RaftServerConfigKeys (ConfUtils.java:logGet(43)) - raft.server.storage.dir = [/tmp/workdir/hadoop-ozone/integration-test/target/test-dir/MiniOzoneClusterImpl-480568c9-7904-409a-9f10-e21cb57673e4/datanode-1/data/ratis] (custom)
2019-07-13 14:44:36,608 INFO  storage.RaftStorageDirectory (RaftStorageDirectory.java:analyzeStorage(246)) - The storage directory /tmp/workdir/hadoop-ozone/integration-test/target/test-dir/MiniOzoneClusterImpl-480568c9-7904-409a-9f10-e21cb57673e4/datanode-1/data/ratis/e0778d1d-54c6-4741-88da-b6670dc44e32 does not exist. Creating ...
2019-07-13 14:44:36,620 INFO  storage.RaftStorageDirectory (RaftStorageDirectory.java:tryLock(328)) - Lock on /tmp/workdir/hadoop-ozone/integration-test/target/test-dir/MiniOzoneClusterImpl-480568c9-7904-409a-9f10-e21cb57673e4/datanode-1/data/ratis/e0778d1d-54c6-4741-88da-b6670dc44e32/in_use.lock acquired by nodename 24737@trunk-nightly-mhs6z-4061744966
2019-07-13 14:44:36,624 INFO  storage.RaftStorage (RaftStorage.java:format(72)) - Storage directory /tmp/workdir/hadoop-ozone/integration-test/target/test-dir/MiniOzoneClusterImpl-480568c9-7904-409a-9f10-e21cb57673e4/datanode-1/data/ratis/e0778d1d-54c6-4741-88da-b6670dc44e32 has been successfully formatted.
2019-07-13 14:44:36,625 INFO  ratis.ContainerStateMachine (ContainerStateMachine.java:loadSnapshot(200)) - The snapshot info is null.Setting the last applied index to:(t:0, i:~)
2019-07-13 14:44:36,625 INFO  server.RaftServerConfigKeys (ConfUtils.java:logGet(43)) - raft.server.leader.election.timeout = 120s (custom)
2019-07-13 14:44:36,625 INFO  server.RaftServerConfigKeys (ConfUtils.java:logGet(43)) - raft.server.log.use.memory = false (default)
2019-07-13 14:44:36,625 INFO  server.RaftServerConfigKeys (ConfUtils.java:logGet(43)) - raft.server.log.purge.gap = 1000000000 (custom)
2019-07-13 14:44:36,626 INFO  server.RaftServerConfigKeys (ConfUtils.java:logGet(43)) - raft.server.log.appender.buffer.byte-limit = 33554432 (custom)
2019-07-13 14:44:36,626 INFO  server.RaftServerConfigKeys (ConfUtils.java:logGet(43)) - raft.server.log.segment.size.max = 1048576 (custom)
2019-07-13 14:44:36,626 INFO  server.RaftServerConfigKeys (ConfUtils.java:logGet(43)) - raft.server.log.segment.cache.num.max = 2 (custom)
2019-07-13 14:44:36,626 INFO  segmented.SegmentedRaftLogWorker (SegmentedRaftLogWorker.java:<init>(172)) - new c40f11a5-d25f-4465-9f00-9d93872fbf46-SegmentedRaftLogWorker:Storage Directory /tmp/workdir/hadoop-ozone/integration-test/target/test-dir/MiniOzoneClusterImpl-480568c9-7904-409a-9f10-e21cb57673e4/datanode-1/data/ratis/e0778d1d-54c6-4741-88da-b6670dc44e32 for RaftStorage:Storage Directory /tmp/workdir/hadoop-ozone/integration-test/target/test-dir/MiniOzoneClusterImpl-480568c9-7904-409a-9f10-e21cb57673e4/datanode-1/data/ratis/e0778d1d-54c6-4741-88da-b6670dc44e32
2019-07-13 14:44:36,627 INFO  server.RaftServerConfigKeys (ConfUtils.java:logGet(43)) - raft.server.log.queue.byte-limit = 2147483647 (custom)
2019-07-13 14:44:36,627 INFO  server.RaftServerConfigKeys (ConfUtils.java:logGet(43)) - raft.server.log.queue.element-limit = 1024 (custom)
2019-07-13 14:44:36,627 INFO  server.RaftServerConfigKeys (ConfUtils.java:logGet(43)) - raft.server.log.segment.size.max = 1048576 (custom)
2019-07-13 14:44:36,627 INFO  server.RaftServerConfigKeys (ConfUtils.java:logGet(43)) - raft.server.log.preallocated.size = 16384 (custom)
2019-07-13 14:44:36,628 INFO  server.RaftServerConfigKeys (ConfUtils.java:logGet(43)) - raft.server.log.write.buffer.size = 33554432 (custom)
2019-07-13 14:44:36,628 INFO  server.RaftServerConfigKeys (ConfUtils.java:logGet(43)) - raft.server.log.force.sync.num = 128 (default)
2019-07-13 14:44:36,628 INFO  server.RaftServerConfigKeys (ConfUtils.java:logGet(43)) - raft.server.log.statemachine.data.sync = true (default)
2019-07-13 14:44:36,628 INFO  server.RaftServerConfigKeys (ConfUtils.java:logGet(43)) - raft.server.log.statemachine.data.sync.timeout = 10s (default)
2019-07-13 14:44:36,628 INFO  server.RaftServerConfigKeys (ConfUtils.java:logGet(43)) - raft.server.log.statemachine.data.sync.timeout.retry = -1 (default)
2019-07-13 14:44:36,629 INFO  server.RaftServerConfigKeys (ConfUtils.java:logGet(43)) - raft.server.log.statemachine.data.caching.enabled = true (custom)
2019-07-13 14:44:36,629 INFO  segmented.SegmentedRaftLogWorker (SegmentedRaftLogWorker.java:lambda$new$0(132)) - c40f11a5-d25f-4465-9f00-9d93872fbf46-SegmentedRaftLogWorker:Storage Directory /tmp/workdir/hadoop-ozone/integration-test/target/test-dir/MiniOzoneClusterImpl-480568c9-7904-409a-9f10-e21cb57673e4/datanode-1/data/ratis/e0778d1d-54c6-4741-88da-b6670dc44e32: flushIndex: setUnconditionally 0 -> -1
2019-07-13 14:44:36,630 INFO  server.RaftServerConfigKeys (ConfUtils.java:logGet(43)) - raft.server.snapshot.auto.trigger.enabled = true (custom)
2019-07-13 14:44:36,630 INFO  server.RaftServerConfigKeys (ConfUtils.java:logGet(43)) - raft.server.snapshot.auto.trigger.threshold = 10000 (custom)
2019-07-13 14:44:36,630 INFO  server.RaftServerConfigKeys (ConfUtils.java:logGet(43)) - raft.server.retrycache.expirytime = 600000ms (custom)
2019-07-13 14:44:36,631 INFO  impl.RaftServerImpl (RaftServerImpl.java:start(180)) - c40f11a5-d25f-4465-9f00-9d93872fbf46: start group-B6670DC44E32
2019-07-13 14:44:36,631 INFO  impl.RaftServerImpl (RaftServerImpl.java:setRole(171)) - c40f11a5-d25f-4465-9f00-9d93872fbf46:group-B6670DC44E32 changes role from null to FOLLOWER at term 0 for startAsFollower
2019-07-13 14:44:36,631 INFO  impl.RoleInfo (RoleInfo.java:updateAndGet(143)) - c40f11a5-d25f-4465-9f00-9d93872fbf46: start FollowerState
2019-07-13 14:44:36,632 INFO  util.JmxRegister (JmxRegister.java:tryRegister(44)) - Successfully registered JMX Bean with object name Ratis:service=RaftServer,group=group-B6670DC44E32,id=c40f11a5-d25f-4465-9f00-9d93872fbf46
2019-07-13 14:44:36,668 INFO  pipeline.PipelineStateManager (PipelineStateManager.java:addPipeline(56)) - Created pipeline Pipeline[ Id: e0778d1d-54c6-4741-88da-b6670dc44e32, Nodes: c40f11a5-d25f-4465-9f00-9d93872fbf46{ip: 192.168.5.172, host: trunk-nightly-mhs6z-4061744966, networkLocation: /default-rack, certSerialId: null}, Type:RATIS, Factor:ONE, State:OPEN]
2019-07-13 14:44:36,684 INFO  node.SCMNodeManager (SCMNodeManager.java:register(269)) - Registered Data node : 6741e132-0fbb-447f-b5b2-de4615ce68d0{ip: 192.168.5.172, host: trunk-nightly-mhs6z-4061744966, networkLocation: /default-rack, certSerialId: null}
2019-07-13 14:44:36,701 INFO  impl.RaftServerProxy (RaftServerProxy.java:addNew(89)) - 9901ddae-7d57-4288-88c3-fcc8e754c591: addNew group-B2EABC037AE3:[9901ddae-7d57-4288-88c3-fcc8e754c591:192.168.5.172:44506] returns group-B2EABC037AE3:java.util.concurrent.CompletableFuture@610cd2e3[Not completed]
2019-07-13 14:44:36,703 INFO  impl.RaftServerImpl (RaftServerImpl.java:<init>(93)) - 9901ddae-7d57-4288-88c3-fcc8e754c591: new RaftServerImpl for group-B2EABC037AE3:[9901ddae-7d57-4288-88c3-fcc8e754c591:192.168.5.172:44506] with ContainerStateMachine:uninitialized
2019-07-13 14:44:36,703 INFO  server.RaftServerConfigKeys (ConfUtils.java:logGet(43)) - raft.server.rpc.timeout.min = 5s (custom)
2019-07-13 14:44:36,704 INFO  server.RaftServerConfigKeys (ConfUtils.java:logGet(43)) - raft.server.rpc.timeout.max = 5200ms (custom)
2019-07-13 14:44:36,704 INFO  server.RaftServerConfigKeys (ConfUtils.java:logGet(43)) - raft.server.rpcslowness.timeout = 120s (custom)
2019-07-13 14:44:36,704 INFO  server.RaftServerConfigKeys (ConfUtils.java:logGet(43)) - raft.server.sleep.deviation.threshold = 300 (default)
2019-07-13 14:44:36,704 INFO  server.RaftServerConfigKeys (ConfUtils.java:logGet(43)) - raft.server.log.appender.install.snapshot.enabled = false (custom)
2019-07-13 14:44:36,704 INFO  impl.RaftServerImpl (ServerState.java:<init>(105)) - 9901ddae-7d57-4288-88c3-fcc8e754c591:group-B2EABC037AE3 ConfigurationManager, init=-1: [9901ddae-7d57-4288-88c3-fcc8e754c591:192.168.5.172:44506], old=null, confs=<EMPTY_MAP>
2019-07-13 14:44:36,705 INFO  server.RaftServerConfigKeys (ConfUtils.java:logGet(43)) - raft.server.storage.dir = [/tmp/workdir/hadoop-ozone/integration-test/target/test-dir/MiniOzoneClusterImpl-480568c9-7904-409a-9f10-e21cb57673e4/datanode-3/data/ratis] (custom)
2019-07-13 14:44:36,705 INFO  storage.RaftStorageDirectory (RaftStorageDirectory.java:analyzeStorage(246)) - The storage directory /tmp/workdir/hadoop-ozone/integration-test/target/test-dir/MiniOzoneClusterImpl-480568c9-7904-409a-9f10-e21cb57673e4/datanode-3/data/ratis/74ed1e0d-6598-4f05-bd66-b2eabc037ae3 does not exist. Creating ...
2019-07-13 14:44:36,709 INFO  storage.RaftStorageDirectory (RaftStorageDirectory.java:tryLock(328)) - Lock on /tmp/workdir/hadoop-ozone/integration-test/target/test-dir/MiniOzoneClusterImpl-480568c9-7904-409a-9f10-e21cb57673e4/datanode-3/data/ratis/74ed1e0d-6598-4f05-bd66-b2eabc037ae3/in_use.lock acquired by nodename 24737@trunk-nightly-mhs6z-4061744966
2019-07-13 14:44:36,716 INFO  storage.RaftStorage (RaftStorage.java:format(72)) - Storage directory /tmp/workdir/hadoop-ozone/integration-test/target/test-dir/MiniOzoneClusterImpl-480568c9-7904-409a-9f10-e21cb57673e4/datanode-3/data/ratis/74ed1e0d-6598-4f05-bd66-b2eabc037ae3 has been successfully formatted.
2019-07-13 14:44:36,716 INFO  ratis.ContainerStateMachine (ContainerStateMachine.java:loadSnapshot(200)) - The snapshot info is null.Setting the last applied index to:(t:0, i:~)
2019-07-13 14:44:36,717 INFO  server.RaftServerConfigKeys (ConfUtils.java:logGet(43)) - raft.server.leader.election.timeout = 120s (custom)
2019-07-13 14:44:36,717 INFO  server.RaftServerConfigKeys (ConfUtils.java:logGet(43)) - raft.server.log.use.memory = false (default)
2019-07-13 14:44:36,717 INFO  server.RaftServerConfigKeys (ConfUtils.java:logGet(43)) - raft.server.log.purge.gap = 1000000000 (custom)
2019-07-13 14:44:36,717 INFO  server.RaftServerConfigKeys (ConfUtils.java:logGet(43)) - raft.server.log.appender.buffer.byte-limit = 33554432 (custom)
2019-07-13 14:44:36,717 INFO  server.RaftServerConfigKeys (ConfUtils.java:logGet(43)) - raft.server.log.segment.size.max = 1048576 (custom)
2019-07-13 14:44:36,718 INFO  server.RaftServerConfigKeys (ConfUtils.java:logGet(43)) - raft.server.log.segment.cache.num.max = 2 (custom)
2019-07-13 14:44:36,718 INFO  segmented.SegmentedRaftLogWorker (SegmentedRaftLogWorker.java:<init>(172)) - new 9901ddae-7d57-4288-88c3-fcc8e754c591-SegmentedRaftLogWorker:Storage Directory /tmp/workdir/hadoop-ozone/integration-test/target/test-dir/MiniOzoneClusterImpl-480568c9-7904-409a-9f10-e21cb57673e4/datanode-3/data/ratis/74ed1e0d-6598-4f05-bd66-b2eabc037ae3 for RaftStorage:Storage Directory /tmp/workdir/hadoop-ozone/integration-test/target/test-dir/MiniOzoneClusterImpl-480568c9-7904-409a-9f10-e21cb57673e4/datanode-3/data/ratis/74ed1e0d-6598-4f05-bd66-b2eabc037ae3
2019-07-13 14:44:36,718 INFO  server.RaftServerConfigKeys (ConfUtils.java:logGet(43)) - raft.server.log.queue.byte-limit = 2147483647 (custom)
2019-07-13 14:44:36,718 INFO  server.RaftServerConfigKeys (ConfUtils.java:logGet(43)) - raft.server.log.queue.element-limit = 1024 (custom)
2019-07-13 14:44:36,719 INFO  server.RaftServerConfigKeys (ConfUtils.java:logGet(43)) - raft.server.log.segment.size.max = 1048576 (custom)
2019-07-13 14:44:36,719 INFO  server.RaftServerConfigKeys (ConfUtils.java:logGet(43)) - raft.server.log.preallocated.size = 16384 (custom)
2019-07-13 14:44:36,719 INFO  server.RaftServerConfigKeys (ConfUtils.java:logGet(43)) - raft.server.log.write.buffer.size = 33554432 (custom)
2019-07-13 14:44:36,719 INFO  server.RaftServerConfigKeys (ConfUtils.java:logGet(43)) - raft.server.log.force.sync.num = 128 (default)
2019-07-13 14:44:36,719 INFO  server.RaftServerConfigKeys (ConfUtils.java:logGet(43)) - raft.server.log.statemachine.data.sync = true (default)
2019-07-13 14:44:36,720 INFO  server.RaftServerConfigKeys (ConfUtils.java:logGet(43)) - raft.server.log.statemachine.data.sync.timeout = 10s (default)
2019-07-13 14:44:36,720 INFO  server.RaftServerConfigKeys (ConfUtils.java:logGet(43)) - raft.server.log.statemachine.data.sync.timeout.retry = -1 (default)
2019-07-13 14:44:36,720 INFO  server.RaftServerConfigKeys (ConfUtils.java:logGet(43)) - raft.server.log.statemachine.data.caching.enabled = true (custom)
2019-07-13 14:44:36,721 INFO  segmented.SegmentedRaftLogWorker (SegmentedRaftLogWorker.java:lambda$new$0(132)) - 9901ddae-7d57-4288-88c3-fcc8e754c591-SegmentedRaftLogWorker:Storage Directory /tmp/workdir/hadoop-ozone/integration-test/target/test-dir/MiniOzoneClusterImpl-480568c9-7904-409a-9f10-e21cb57673e4/datanode-3/data/ratis/74ed1e0d-6598-4f05-bd66-b2eabc037ae3: flushIndex: setUnconditionally 0 -> -1
2019-07-13 14:44:36,721 INFO  server.RaftServerConfigKeys (ConfUtils.java:logGet(43)) - raft.server.snapshot.auto.trigger.enabled = true (custom)
2019-07-13 14:44:36,721 INFO  server.RaftServerConfigKeys (ConfUtils.java:logGet(43)) - raft.server.snapshot.auto.trigger.threshold = 10000 (custom)
2019-07-13 14:44:36,722 INFO  server.RaftServerConfigKeys (ConfUtils.java:logGet(43)) - raft.server.retrycache.expirytime = 600000ms (custom)
2019-07-13 14:44:36,722 INFO  impl.RaftServerImpl (RaftServerImpl.java:start(180)) - 9901ddae-7d57-4288-88c3-fcc8e754c591: start group-B2EABC037AE3
2019-07-13 14:44:36,722 INFO  impl.RaftServerImpl (RaftServerImpl.java:setRole(171)) - 9901ddae-7d57-4288-88c3-fcc8e754c591:group-B2EABC037AE3 changes role from null to FOLLOWER at term 0 for startAsFollower
2019-07-13 14:44:36,722 INFO  impl.RoleInfo (RoleInfo.java:updateAndGet(143)) - 9901ddae-7d57-4288-88c3-fcc8e754c591: start FollowerState
2019-07-13 14:44:36,723 INFO  util.JmxRegister (JmxRegister.java:tryRegister(44)) - Successfully registered JMX Bean with object name Ratis:service=RaftServer,group=group-B2EABC037AE3,id=9901ddae-7d57-4288-88c3-fcc8e754c591
2019-07-13 14:44:36,731 INFO  ozone.MiniOzoneClusterImpl (MiniOzoneClusterImpl.java:lambda$waitForClusterToBeReady$0(142)) - Cluster is ready. Got 10 of 10 DN Heartbeats.
2019-07-13 14:44:36,738 INFO  pipeline.PipelineStateManager (PipelineStateManager.java:addPipeline(56)) - Created pipeline Pipeline[ Id: 74ed1e0d-6598-4f05-bd66-b2eabc037ae3, Nodes: 9901ddae-7d57-4288-88c3-fcc8e754c591{ip: 192.168.5.172, host: trunk-nightly-mhs6z-4061744966, networkLocation: /default-rack, certSerialId: null}, Type:RATIS, Factor:ONE, State:OPEN]
2019-07-13 14:44:36,756 INFO  impl.RaftServerProxy (RaftServerProxy.java:addNew(89)) - 6741e132-0fbb-447f-b5b2-de4615ce68d0: addNew group-B82D6B348035:[6741e132-0fbb-447f-b5b2-de4615ce68d0:192.168.5.172:40654] returns group-B82D6B348035:java.util.concurrent.CompletableFuture@267f4859[Not completed]
2019-07-13 14:44:36,757 INFO  impl.RaftServerImpl (RaftServerImpl.java:<init>(93)) - 6741e132-0fbb-447f-b5b2-de4615ce68d0: new RaftServerImpl for group-B82D6B348035:[6741e132-0fbb-447f-b5b2-de4615ce68d0:192.168.5.172:40654] with ContainerStateMachine:uninitialized
2019-07-13 14:44:36,758 INFO  server.RaftServerConfigKeys (ConfUtils.java:logGet(43)) - raft.server.rpc.timeout.min = 5s (custom)
2019-07-13 14:44:36,758 INFO  server.RaftServerConfigKeys (ConfUtils.java:logGet(43)) - raft.server.rpc.timeout.max = 5200ms (custom)
2019-07-13 14:44:36,758 INFO  server.RaftServerConfigKeys (ConfUtils.java:logGet(43)) - raft.server.rpcslowness.timeout = 120s (custom)
2019-07-13 14:44:36,758 INFO  server.RaftServerConfigKeys (ConfUtils.java:logGet(43)) - raft.server.sleep.deviation.threshold = 300 (default)
2019-07-13 14:44:36,758 INFO  server.RaftServerConfigKeys (ConfUtils.java:logGet(43)) - raft.server.log.appender.install.snapshot.enabled = false (custom)
2019-07-13 14:44:36,758 INFO  impl.RaftServerImpl (ServerState.java:<init>(105)) - 6741e132-0fbb-447f-b5b2-de4615ce68d0:group-B82D6B348035 ConfigurationManager, init=-1: [6741e132-0fbb-447f-b5b2-de4615ce68d0:192.168.5.172:40654], old=null, confs=<EMPTY_MAP>
2019-07-13 14:44:36,758 INFO  server.RaftServerConfigKeys (ConfUtils.java:logGet(43)) - raft.server.storage.dir = [/tmp/workdir/hadoop-ozone/integration-test/target/test-dir/MiniOzoneClusterImpl-480568c9-7904-409a-9f10-e21cb57673e4/datanode-9/data/ratis] (custom)
2019-07-13 14:44:36,759 INFO  storage.RaftStorageDirectory (RaftStorageDirectory.java:analyzeStorage(246)) - The storage directory /tmp/workdir/hadoop-ozone/integration-test/target/test-dir/MiniOzoneClusterImpl-480568c9-7904-409a-9f10-e21cb57673e4/datanode-9/data/ratis/3fe741cc-a2f2-4e49-a87c-b82d6b348035 does not exist. Creating ...
2019-07-13 14:44:36,770 INFO  storage.RaftStorageDirectory (RaftStorageDirectory.java:tryLock(328)) - Lock on /tmp/workdir/hadoop-ozone/integration-test/target/test-dir/MiniOzoneClusterImpl-480568c9-7904-409a-9f10-e21cb57673e4/datanode-9/data/ratis/3fe741cc-a2f2-4e49-a87c-b82d6b348035/in_use.lock acquired by nodename 24737@trunk-nightly-mhs6z-4061744966
2019-07-13 14:44:36,774 INFO  storage.RaftStorage (RaftStorage.java:format(72)) - Storage directory /tmp/workdir/hadoop-ozone/integration-test/target/test-dir/MiniOzoneClusterImpl-480568c9-7904-409a-9f10-e21cb57673e4/datanode-9/data/ratis/3fe741cc-a2f2-4e49-a87c-b82d6b348035 has been successfully formatted.
2019-07-13 14:44:36,775 INFO  ratis.ContainerStateMachine (ContainerStateMachine.java:loadSnapshot(200)) - The snapshot info is null.Setting the last applied index to:(t:0, i:~)
2019-07-13 14:44:36,775 INFO  server.RaftServerConfigKeys (ConfUtils.java:logGet(43)) - raft.server.leader.election.timeout = 120s (custom)
2019-07-13 14:44:36,775 INFO  server.RaftServerConfigKeys (ConfUtils.java:logGet(43)) - raft.server.log.use.memory = false (default)
2019-07-13 14:44:36,775 INFO  server.RaftServerConfigKeys (ConfUtils.java:logGet(43)) - raft.server.log.purge.gap = 1000000000 (custom)
2019-07-13 14:44:36,775 INFO  server.RaftServerConfigKeys (ConfUtils.java:logGet(43)) - raft.server.log.appender.buffer.byte-limit = 33554432 (custom)
2019-07-13 14:44:36,775 INFO  server.RaftServerConfigKeys (ConfUtils.java:logGet(43)) - raft.server.log.segment.size.max = 1048576 (custom)
2019-07-13 14:44:36,776 INFO  server.RaftServerConfigKeys (ConfUtils.java:logGet(43)) - raft.server.log.segment.cache.num.max = 2 (custom)
2019-07-13 14:44:36,776 INFO  segmented.SegmentedRaftLogWorker (SegmentedRaftLogWorker.java:<init>(172)) - new 6741e132-0fbb-447f-b5b2-de4615ce68d0-SegmentedRaftLogWorker:Storage Directory /tmp/workdir/hadoop-ozone/integration-test/target/test-dir/MiniOzoneClusterImpl-480568c9-7904-409a-9f10-e21cb57673e4/datanode-9/data/ratis/3fe741cc-a2f2-4e49-a87c-b82d6b348035 for RaftStorage:Storage Directory /tmp/workdir/hadoop-ozone/integration-test/target/test-dir/MiniOzoneClusterImpl-480568c9-7904-409a-9f10-e21cb57673e4/datanode-9/data/ratis/3fe741cc-a2f2-4e49-a87c-b82d6b348035
2019-07-13 14:44:36,776 INFO  server.RaftServerConfigKeys (ConfUtils.java:logGet(43)) - raft.server.log.queue.byte-limit = 2147483647 (custom)
2019-07-13 14:44:36,776 INFO  server.RaftServerConfigKeys (ConfUtils.java:logGet(43)) - raft.server.log.queue.element-limit = 1024 (custom)
2019-07-13 14:44:36,776 INFO  server.RaftServerConfigKeys (ConfUtils.java:logGet(43)) - raft.server.log.segment.size.max = 1048576 (custom)
2019-07-13 14:44:36,776 INFO  server.RaftServerConfigKeys (ConfUtils.java:logGet(43)) - raft.server.log.preallocated.size = 16384 (custom)
2019-07-13 14:44:36,776 INFO  server.RaftServerConfigKeys (ConfUtils.java:logGet(43)) - raft.server.log.write.buffer.size = 33554432 (custom)
2019-07-13 14:44:36,777 INFO  server.RaftServerConfigKeys (ConfUtils.java:logGet(43)) - raft.server.log.force.sync.num = 128 (default)
2019-07-13 14:44:36,777 INFO  server.RaftServerConfigKeys (ConfUtils.java:logGet(43)) - raft.server.log.statemachine.data.sync = true (default)
2019-07-13 14:44:36,777 INFO  server.RaftServerConfigKeys (ConfUtils.java:logGet(43)) - raft.server.log.statemachine.data.sync.timeout = 10s (default)
2019-07-13 14:44:36,777 INFO  server.RaftServerConfigKeys (ConfUtils.java:logGet(43)) - raft.server.log.statemachine.data.sync.timeout.retry = -1 (default)
2019-07-13 14:44:36,777 INFO  server.RaftServerConfigKeys (ConfUtils.java:logGet(43)) - raft.server.log.statemachine.data.caching.enabled = true (custom)
2019-07-13 14:44:36,778 INFO  segmented.SegmentedRaftLogWorker (SegmentedRaftLogWorker.java:lambda$new$0(132)) - 6741e132-0fbb-447f-b5b2-de4615ce68d0-SegmentedRaftLogWorker:Storage Directory /tmp/workdir/hadoop-ozone/integration-test/target/test-dir/MiniOzoneClusterImpl-480568c9-7904-409a-9f10-e21cb57673e4/datanode-9/data/ratis/3fe741cc-a2f2-4e49-a87c-b82d6b348035: flushIndex: setUnconditionally 0 -> -1
2019-07-13 14:44:36,778 INFO  server.RaftServerConfigKeys (ConfUtils.java:logGet(43)) - raft.server.snapshot.auto.trigger.enabled = true (custom)
2019-07-13 14:44:36,778 INFO  server.RaftServerConfigKeys (ConfUtils.java:logGet(43)) - raft.server.snapshot.auto.trigger.threshold = 10000 (custom)
2019-07-13 14:44:36,778 INFO  server.RaftServerConfigKeys (ConfUtils.java:logGet(43)) - raft.server.retrycache.expirytime = 600000ms (custom)
2019-07-13 14:44:36,779 INFO  impl.RaftServerImpl (RaftServerImpl.java:start(180)) - 6741e132-0fbb-447f-b5b2-de4615ce68d0: start group-B82D6B348035
2019-07-13 14:44:36,779 INFO  impl.RaftServerImpl (RaftServerImpl.java:setRole(171)) - 6741e132-0fbb-447f-b5b2-de4615ce68d0:group-B82D6B348035 changes role from null to FOLLOWER at term 0 for startAsFollower
2019-07-13 14:44:36,779 INFO  impl.RoleInfo (RoleInfo.java:updateAndGet(143)) - 6741e132-0fbb-447f-b5b2-de4615ce68d0: start FollowerState
2019-07-13 14:44:36,779 INFO  util.JmxRegister (JmxRegister.java:tryRegister(44)) - Successfully registered JMX Bean with object name Ratis:service=RaftServer,group=group-B82D6B348035,id=6741e132-0fbb-447f-b5b2-de4615ce68d0
2019-07-13 14:44:36,797 INFO  pipeline.PipelineStateManager (PipelineStateManager.java:addPipeline(56)) - Created pipeline Pipeline[ Id: 3fe741cc-a2f2-4e49-a87c-b82d6b348035, Nodes: 6741e132-0fbb-447f-b5b2-de4615ce68d0{ip: 192.168.5.172, host: trunk-nightly-mhs6z-4061744966, networkLocation: /default-rack, certSerialId: null}, Type:RATIS, Factor:ONE, State:OPEN]
2019-07-13 14:44:36,822 INFO  impl.RaftServerProxy (RaftServerProxy.java:addNew(89)) - 0f1ad35c-6440-4e3e-a1d7-fa23f865dd36: addNew group-79744818CF4B:[0f1ad35c-6440-4e3e-a1d7-fa23f865dd36:192.168.5.172:43936] returns group-79744818CF4B:java.util.concurrent.CompletableFuture@39735dc0[Not completed]
2019-07-13 14:44:36,830 INFO  impl.RaftServerImpl (RaftServerImpl.java:<init>(93)) - 0f1ad35c-6440-4e3e-a1d7-fa23f865dd36: new RaftServerImpl for group-79744818CF4B:[0f1ad35c-6440-4e3e-a1d7-fa23f865dd36:192.168.5.172:43936] with ContainerStateMachine:uninitialized
2019-07-13 14:44:36,831 INFO  server.RaftServerConfigKeys (ConfUtils.java:logGet(43)) - raft.server.rpc.timeout.min = 5s (custom)
2019-07-13 14:44:36,831 INFO  server.RaftServerConfigKeys (ConfUtils.java:logGet(43)) - raft.server.rpc.timeout.max = 5200ms (custom)
2019-07-13 14:44:36,831 INFO  server.RaftServerConfigKeys (ConfUtils.java:logGet(43)) - raft.server.rpcslowness.timeout = 120s (custom)
2019-07-13 14:44:36,831 INFO  server.RaftServerConfigKeys (ConfUtils.java:logGet(43)) - raft.server.sleep.deviation.threshold = 300 (default)
2019-07-13 14:44:36,832 INFO  server.RaftServerConfigKeys (ConfUtils.java:logGet(43)) - raft.server.log.appender.install.snapshot.enabled = false (custom)
2019-07-13 14:44:36,832 INFO  impl.RaftServerImpl (ServerState.java:<init>(105)) - 0f1ad35c-6440-4e3e-a1d7-fa23f865dd36:group-79744818CF4B ConfigurationManager, init=-1: [0f1ad35c-6440-4e3e-a1d7-fa23f865dd36:192.168.5.172:43936], old=null, confs=<EMPTY_MAP>
2019-07-13 14:44:36,832 INFO  server.RaftServerConfigKeys (ConfUtils.java:logGet(43)) - raft.server.storage.dir = [/tmp/workdir/hadoop-ozone/integration-test/target/test-dir/MiniOzoneClusterImpl-480568c9-7904-409a-9f10-e21cb57673e4/datanode-2/data/ratis] (custom)
2019-07-13 14:44:36,833 INFO  storage.RaftStorageDirectory (RaftStorageDirectory.java:analyzeStorage(246)) - The storage directory /tmp/workdir/hadoop-ozone/integration-test/target/test-dir/MiniOzoneClusterImpl-480568c9-7904-409a-9f10-e21cb57673e4/datanode-2/data/ratis/3c2abc44-3441-4665-a26d-79744818cf4b does not exist. Creating ...
2019-07-13 14:44:36,836 INFO  storage.RaftStorageDirectory (RaftStorageDirectory.java:tryLock(328)) - Lock on /tmp/workdir/hadoop-ozone/integration-test/target/test-dir/MiniOzoneClusterImpl-480568c9-7904-409a-9f10-e21cb57673e4/datanode-2/data/ratis/3c2abc44-3441-4665-a26d-79744818cf4b/in_use.lock acquired by nodename 24737@trunk-nightly-mhs6z-4061744966
2019-07-13 14:44:36,848 INFO  storage.RaftStorage (RaftStorage.java:format(72)) - Storage directory /tmp/workdir/hadoop-ozone/integration-test/target/test-dir/MiniOzoneClusterImpl-480568c9-7904-409a-9f10-e21cb57673e4/datanode-2/data/ratis/3c2abc44-3441-4665-a26d-79744818cf4b has been successfully formatted.
2019-07-13 14:44:36,849 INFO  ratis.ContainerStateMachine (ContainerStateMachine.java:loadSnapshot(200)) - The snapshot info is null.Setting the last applied index to:(t:0, i:~)
2019-07-13 14:44:36,849 INFO  server.RaftServerConfigKeys (ConfUtils.java:logGet(43)) - raft.server.leader.election.timeout = 120s (custom)
2019-07-13 14:44:36,849 INFO  server.RaftServerConfigKeys (ConfUtils.java:logGet(43)) - raft.server.log.use.memory = false (default)
2019-07-13 14:44:36,849 INFO  server.RaftServerConfigKeys (ConfUtils.java:logGet(43)) - raft.server.log.purge.gap = 1000000000 (custom)
2019-07-13 14:44:36,849 INFO  server.RaftServerConfigKeys (ConfUtils.java:logGet(43)) - raft.server.log.appender.buffer.byte-limit = 33554432 (custom)
2019-07-13 14:44:36,850 INFO  server.RaftServerConfigKeys (ConfUtils.java:logGet(43)) - raft.server.log.segment.size.max = 1048576 (custom)
2019-07-13 14:44:36,850 INFO  server.RaftServerConfigKeys (ConfUtils.java:logGet(43)) - raft.server.log.segment.cache.num.max = 2 (custom)
2019-07-13 14:44:36,850 INFO  segmented.SegmentedRaftLogWorker (SegmentedRaftLogWorker.java:<init>(172)) - new 0f1ad35c-6440-4e3e-a1d7-fa23f865dd36-SegmentedRaftLogWorker:Storage Directory /tmp/workdir/hadoop-ozone/integration-test/target/test-dir/MiniOzoneClusterImpl-480568c9-7904-409a-9f10-e21cb57673e4/datanode-2/data/ratis/3c2abc44-3441-4665-a26d-79744818cf4b for RaftStorage:Storage Directory /tmp/workdir/hadoop-ozone/integration-test/target/test-dir/MiniOzoneClusterImpl-480568c9-7904-409a-9f10-e21cb57673e4/datanode-2/data/ratis/3c2abc44-3441-4665-a26d-79744818cf4b
2019-07-13 14:44:36,850 INFO  server.RaftServerConfigKeys (ConfUtils.java:logGet(43)) - raft.server.log.queue.byte-limit = 2147483647 (custom)
2019-07-13 14:44:36,851 INFO  server.RaftServerConfigKeys (ConfUtils.java:logGet(43)) - raft.server.log.queue.element-limit = 1024 (custom)
2019-07-13 14:44:36,851 INFO  server.RaftServerConfigKeys (ConfUtils.java:logGet(43)) - raft.server.log.segment.size.max = 1048576 (custom)
2019-07-13 14:44:36,851 INFO  server.RaftServerConfigKeys (ConfUtils.java:logGet(43)) - raft.server.log.preallocated.size = 16384 (custom)
2019-07-13 14:44:36,851 INFO  server.RaftServerConfigKeys (ConfUtils.java:logGet(43)) - raft.server.log.write.buffer.size = 33554432 (custom)
2019-07-13 14:44:36,852 INFO  server.RaftServerConfigKeys (ConfUtils.java:logGet(43)) - raft.server.log.force.sync.num = 128 (default)
2019-07-13 14:44:36,852 INFO  server.RaftServerConfigKeys (ConfUtils.java:logGet(43)) - raft.server.log.statemachine.data.sync = true (default)
2019-07-13 14:44:36,852 INFO  server.RaftServerConfigKeys (ConfUtils.java:logGet(43)) - raft.server.log.statemachine.data.sync.timeout = 10s (default)
2019-07-13 14:44:36,852 INFO  server.RaftServerConfigKeys (ConfUtils.java:logGet(43)) - raft.server.log.statemachine.data.sync.timeout.retry = -1 (default)
2019-07-13 14:44:36,853 INFO  server.RaftServerConfigKeys (ConfUtils.java:logGet(43)) - raft.server.log.statemachine.data.caching.enabled = true (custom)
2019-07-13 14:44:36,853 INFO  segmented.SegmentedRaftLogWorker (SegmentedRaftLogWorker.java:lambda$new$0(132)) - 0f1ad35c-6440-4e3e-a1d7-fa23f865dd36-SegmentedRaftLogWorker:Storage Directory /tmp/workdir/hadoop-ozone/integration-test/target/test-dir/MiniOzoneClusterImpl-480568c9-7904-409a-9f10-e21cb57673e4/datanode-2/data/ratis/3c2abc44-3441-4665-a26d-79744818cf4b: flushIndex: setUnconditionally 0 -> -1
2019-07-13 14:44:36,853 INFO  server.RaftServerConfigKeys (ConfUtils.java:logGet(43)) - raft.server.snapshot.auto.trigger.enabled = true (custom)
2019-07-13 14:44:36,854 INFO  server.RaftServerConfigKeys (ConfUtils.java:logGet(43)) - raft.server.snapshot.auto.trigger.threshold = 10000 (custom)
2019-07-13 14:44:36,854 INFO  server.RaftServerConfigKeys (ConfUtils.java:logGet(43)) - raft.server.retrycache.expirytime = 600000ms (custom)
2019-07-13 14:44:36,854 INFO  impl.RaftServerImpl (RaftServerImpl.java:start(180)) - 0f1ad35c-6440-4e3e-a1d7-fa23f865dd36: start group-79744818CF4B
2019-07-13 14:44:36,854 INFO  impl.RaftServerImpl (RaftServerImpl.java:setRole(171)) - 0f1ad35c-6440-4e3e-a1d7-fa23f865dd36:group-79744818CF4B changes role from null to FOLLOWER at term 0 for startAsFollower
2019-07-13 14:44:36,855 INFO  impl.RoleInfo (RoleInfo.java:updateAndGet(143)) - 0f1ad35c-6440-4e3e-a1d7-fa23f865dd36: start FollowerState
2019-07-13 14:44:36,855 INFO  util.JmxRegister (JmxRegister.java:tryRegister(44)) - Successfully registered JMX Bean with object name Ratis:service=RaftServer,group=group-79744818CF4B,id=0f1ad35c-6440-4e3e-a1d7-fa23f865dd36
2019-07-13 14:44:36,866 INFO  pipeline.PipelineStateManager (PipelineStateManager.java:addPipeline(56)) - Created pipeline Pipeline[ Id: 3c2abc44-3441-4665-a26d-79744818cf4b, Nodes: 0f1ad35c-6440-4e3e-a1d7-fa23f865dd36{ip: 192.168.5.172, host: trunk-nightly-mhs6z-4061744966, networkLocation: /default-rack, certSerialId: null}, Type:RATIS, Factor:ONE, State:OPEN]
2019-07-13 14:44:36,905 INFO  impl.RaftServerProxy (RaftServerProxy.java:addNew(89)) - 8b42a1db-450e-476a-ac1e-9bd5ae202316: addNew group-E59397A9E246:[8c130fdc-8e4b-4296-b41f-25b1fd079138:192.168.5.172:46131, 8b42a1db-450e-476a-ac1e-9bd5ae202316:192.168.5.172:33335, a4a8582f-1437-4af9-aaff-6b3a0776d19b:192.168.5.172:35280] returns group-E59397A9E246:java.util.concurrent.CompletableFuture@cdf5ee8[Not completed]
2019-07-13 14:44:36,908 INFO  impl.RaftServerImpl (RaftServerImpl.java:<init>(93)) - 8b42a1db-450e-476a-ac1e-9bd5ae202316: new RaftServerImpl for group-E59397A9E246:[8c130fdc-8e4b-4296-b41f-25b1fd079138:192.168.5.172:46131, 8b42a1db-450e-476a-ac1e-9bd5ae202316:192.168.5.172:33335, a4a8582f-1437-4af9-aaff-6b3a0776d19b:192.168.5.172:35280] with ContainerStateMachine:uninitialized
2019-07-13 14:44:36,908 INFO  impl.RaftServerProxy (RaftServerProxy.java:addNew(89)) - a4a8582f-1437-4af9-aaff-6b3a0776d19b: addNew group-E59397A9E246:[8c130fdc-8e4b-4296-b41f-25b1fd079138:192.168.5.172:46131, 8b42a1db-450e-476a-ac1e-9bd5ae202316:192.168.5.172:33335, a4a8582f-1437-4af9-aaff-6b3a0776d19b:192.168.5.172:35280] returns group-E59397A9E246:java.util.concurrent.CompletableFuture@76e9a641[Not completed]
2019-07-13 14:44:36,909 INFO  server.RaftServerConfigKeys (ConfUtils.java:logGet(43)) - raft.server.rpc.timeout.min = 5s (custom)
2019-07-13 14:44:36,909 INFO  server.RaftServerConfigKeys (ConfUtils.java:logGet(43)) - raft.server.rpc.timeout.max = 5200ms (custom)
2019-07-13 14:44:36,909 INFO  server.RaftServerConfigKeys (ConfUtils.java:logGet(43)) - raft.server.rpcslowness.timeout = 120s (custom)
2019-07-13 14:44:36,909 INFO  server.RaftServerConfigKeys (ConfUtils.java:logGet(43)) - raft.server.sleep.deviation.threshold = 300 (default)
2019-07-13 14:44:36,910 INFO  server.RaftServerConfigKeys (ConfUtils.java:logGet(43)) - raft.server.log.appender.install.snapshot.enabled = false (custom)
2019-07-13 14:44:36,910 INFO  impl.RaftServerImpl (ServerState.java:<init>(105)) - 8b42a1db-450e-476a-ac1e-9bd5ae202316:group-E59397A9E246 ConfigurationManager, init=-1: [8c130fdc-8e4b-4296-b41f-25b1fd079138:192.168.5.172:46131, 8b42a1db-450e-476a-ac1e-9bd5ae202316:192.168.5.172:33335, a4a8582f-1437-4af9-aaff-6b3a0776d19b:192.168.5.172:35280], old=null, confs=<EMPTY_MAP>
2019-07-13 14:44:36,910 INFO  impl.RaftServerImpl (RaftServerImpl.java:<init>(93)) - a4a8582f-1437-4af9-aaff-6b3a0776d19b: new RaftServerImpl for group-E59397A9E246:[8c130fdc-8e4b-4296-b41f-25b1fd079138:192.168.5.172:46131, 8b42a1db-450e-476a-ac1e-9bd5ae202316:192.168.5.172:33335, a4a8582f-1437-4af9-aaff-6b3a0776d19b:192.168.5.172:35280] with ContainerStateMachine:uninitialized
2019-07-13 14:44:36,910 INFO  server.RaftServerConfigKeys (ConfUtils.java:logGet(43)) - raft.server.storage.dir = [/tmp/workdir/hadoop-ozone/integration-test/target/test-dir/MiniOzoneClusterImpl-480568c9-7904-409a-9f10-e21cb57673e4/datanode-0/data/ratis] (custom)
2019-07-13 14:44:36,912 INFO  server.RaftServerConfigKeys (ConfUtils.java:logGet(43)) - raft.server.rpc.timeout.min = 5s (custom)
2019-07-13 14:44:36,912 INFO  server.RaftServerConfigKeys (ConfUtils.java:logGet(43)) - raft.server.rpc.timeout.max = 5200ms (custom)
2019-07-13 14:44:36,912 INFO  server.RaftServerConfigKeys (ConfUtils.java:logGet(43)) - raft.server.rpcslowness.timeout = 120s (custom)
2019-07-13 14:44:36,912 INFO  impl.RaftServerProxy (RaftServerProxy.java:addNew(89)) - 8c130fdc-8e4b-4296-b41f-25b1fd079138: addNew group-E59397A9E246:[8c130fdc-8e4b-4296-b41f-25b1fd079138:192.168.5.172:46131, 8b42a1db-450e-476a-ac1e-9bd5ae202316:192.168.5.172:33335, a4a8582f-1437-4af9-aaff-6b3a0776d19b:192.168.5.172:35280] returns group-E59397A9E246:java.util.concurrent.CompletableFuture@78de3a0b[Not completed]
2019-07-13 14:44:36,912 INFO  server.RaftServerConfigKeys (ConfUtils.java:logGet(43)) - raft.server.sleep.deviation.threshold = 300 (default)
2019-07-13 14:44:36,912 INFO  storage.RaftStorageDirectory (RaftStorageDirectory.java:analyzeStorage(246)) - The storage directory /tmp/workdir/hadoop-ozone/integration-test/target/test-dir/MiniOzoneClusterImpl-480568c9-7904-409a-9f10-e21cb57673e4/datanode-0/data/ratis/1f67d26f-68df-480f-ad01-e59397a9e246 does not exist. Creating ...
2019-07-13 14:44:36,913 INFO  server.RaftServerConfigKeys (ConfUtils.java:logGet(43)) - raft.server.log.appender.install.snapshot.enabled = false (custom)
2019-07-13 14:44:36,913 INFO  impl.RaftServerImpl (ServerState.java:<init>(105)) - a4a8582f-1437-4af9-aaff-6b3a0776d19b:group-E59397A9E246 ConfigurationManager, init=-1: [8c130fdc-8e4b-4296-b41f-25b1fd079138:192.168.5.172:46131, 8b42a1db-450e-476a-ac1e-9bd5ae202316:192.168.5.172:33335, a4a8582f-1437-4af9-aaff-6b3a0776d19b:192.168.5.172:35280], old=null, confs=<EMPTY_MAP>
2019-07-13 14:44:36,913 INFO  server.RaftServerConfigKeys (ConfUtils.java:logGet(43)) - raft.server.storage.dir = [/tmp/workdir/hadoop-ozone/integration-test/target/test-dir/MiniOzoneClusterImpl-480568c9-7904-409a-9f10-e21cb57673e4/datanode-8/data/ratis] (custom)
2019-07-13 14:44:36,914 INFO  storage.RaftStorageDirectory (RaftStorageDirectory.java:analyzeStorage(246)) - The storage directory /tmp/workdir/hadoop-ozone/integration-test/target/test-dir/MiniOzoneClusterImpl-480568c9-7904-409a-9f10-e21cb57673e4/datanode-8/data/ratis/1f67d26f-68df-480f-ad01-e59397a9e246 does not exist. Creating ...
2019-07-13 14:44:36,914 INFO  impl.RaftServerImpl (RaftServerImpl.java:<init>(93)) - 8c130fdc-8e4b-4296-b41f-25b1fd079138: new RaftServerImpl for group-E59397A9E246:[8c130fdc-8e4b-4296-b41f-25b1fd079138:192.168.5.172:46131, 8b42a1db-450e-476a-ac1e-9bd5ae202316:192.168.5.172:33335, a4a8582f-1437-4af9-aaff-6b3a0776d19b:192.168.5.172:35280] with ContainerStateMachine:uninitialized
2019-07-13 14:44:36,914 INFO  server.RaftServerConfigKeys (ConfUtils.java:logGet(43)) - raft.server.rpc.timeout.min = 5s (custom)
2019-07-13 14:44:36,914 INFO  server.RaftServerConfigKeys (ConfUtils.java:logGet(43)) - raft.server.rpc.timeout.max = 5200ms (custom)
2019-07-13 14:44:36,914 INFO  server.RaftServerConfigKeys (ConfUtils.java:logGet(43)) - raft.server.rpcslowness.timeout = 120s (custom)
2019-07-13 14:44:36,914 INFO  server.RaftServerConfigKeys (ConfUtils.java:logGet(43)) - raft.server.sleep.deviation.threshold = 300 (default)
2019-07-13 14:44:36,915 INFO  server.RaftServerConfigKeys (ConfUtils.java:logGet(43)) - raft.server.log.appender.install.snapshot.enabled = false (custom)
2019-07-13 14:44:36,915 INFO  impl.RaftServerImpl (ServerState.java:<init>(105)) - 8c130fdc-8e4b-4296-b41f-25b1fd079138:group-E59397A9E246 ConfigurationManager, init=-1: [8c130fdc-8e4b-4296-b41f-25b1fd079138:192.168.5.172:46131, 8b42a1db-450e-476a-ac1e-9bd5ae202316:192.168.5.172:33335, a4a8582f-1437-4af9-aaff-6b3a0776d19b:192.168.5.172:35280], old=null, confs=<EMPTY_MAP>
2019-07-13 14:44:36,915 INFO  server.RaftServerConfigKeys (ConfUtils.java:logGet(43)) - raft.server.storage.dir = [/tmp/workdir/hadoop-ozone/integration-test/target/test-dir/MiniOzoneClusterImpl-480568c9-7904-409a-9f10-e21cb57673e4/datanode-5/data/ratis] (custom)
2019-07-13 14:44:36,916 INFO  storage.RaftStorageDirectory (RaftStorageDirectory.java:analyzeStorage(246)) - The storage directory /tmp/workdir/hadoop-ozone/integration-test/target/test-dir/MiniOzoneClusterImpl-480568c9-7904-409a-9f10-e21cb57673e4/datanode-5/data/ratis/1f67d26f-68df-480f-ad01-e59397a9e246 does not exist. Creating ...
2019-07-13 14:44:36,918 INFO  storage.RaftStorageDirectory (RaftStorageDirectory.java:tryLock(328)) - Lock on /tmp/workdir/hadoop-ozone/integration-test/target/test-dir/MiniOzoneClusterImpl-480568c9-7904-409a-9f10-e21cb57673e4/datanode-8/data/ratis/1f67d26f-68df-480f-ad01-e59397a9e246/in_use.lock acquired by nodename 24737@trunk-nightly-mhs6z-4061744966
2019-07-13 14:44:36,918 INFO  storage.RaftStorageDirectory (RaftStorageDirectory.java:tryLock(328)) - Lock on /tmp/workdir/hadoop-ozone/integration-test/target/test-dir/MiniOzoneClusterImpl-480568c9-7904-409a-9f10-e21cb57673e4/datanode-0/data/ratis/1f67d26f-68df-480f-ad01-e59397a9e246/in_use.lock acquired by nodename 24737@trunk-nightly-mhs6z-4061744966
2019-07-13 14:44:36,921 INFO  storage.RaftStorageDirectory (RaftStorageDirectory.java:tryLock(328)) - Lock on /tmp/workdir/hadoop-ozone/integration-test/target/test-dir/MiniOzoneClusterImpl-480568c9-7904-409a-9f10-e21cb57673e4/datanode-5/data/ratis/1f67d26f-68df-480f-ad01-e59397a9e246/in_use.lock acquired by nodename 24737@trunk-nightly-mhs6z-4061744966
2019-07-13 14:44:36,921 INFO  storage.RaftStorage (RaftStorage.java:format(72)) - Storage directory /tmp/workdir/hadoop-ozone/integration-test/target/test-dir/MiniOzoneClusterImpl-480568c9-7904-409a-9f10-e21cb57673e4/datanode-8/data/ratis/1f67d26f-68df-480f-ad01-e59397a9e246 has been successfully formatted.
2019-07-13 14:44:36,921 INFO  ratis.ContainerStateMachine (ContainerStateMachine.java:loadSnapshot(200)) - The snapshot info is null.Setting the last applied index to:(t:0, i:~)
2019-07-13 14:44:36,921 INFO  server.RaftServerConfigKeys (ConfUtils.java:logGet(43)) - raft.server.leader.election.timeout = 120s (custom)
2019-07-13 14:44:36,921 INFO  server.RaftServerConfigKeys (ConfUtils.java:logGet(43)) - raft.server.log.use.memory = false (default)
2019-07-13 14:44:36,922 INFO  server.RaftServerConfigKeys (ConfUtils.java:logGet(43)) - raft.server.log.purge.gap = 1000000000 (custom)
2019-07-13 14:44:36,922 INFO  server.RaftServerConfigKeys (ConfUtils.java:logGet(43)) - raft.server.log.appender.buffer.byte-limit = 33554432 (custom)
2019-07-13 14:44:36,922 INFO  server.RaftServerConfigKeys (ConfUtils.java:logGet(43)) - raft.server.log.segment.size.max = 1048576 (custom)
2019-07-13 14:44:36,922 INFO  server.RaftServerConfigKeys (ConfUtils.java:logGet(43)) - raft.server.log.segment.cache.num.max = 2 (custom)
2019-07-13 14:44:36,922 INFO  segmented.SegmentedRaftLogWorker (SegmentedRaftLogWorker.java:<init>(172)) - new a4a8582f-1437-4af9-aaff-6b3a0776d19b-SegmentedRaftLogWorker:Storage Directory /tmp/workdir/hadoop-ozone/integration-test/target/test-dir/MiniOzoneClusterImpl-480568c9-7904-409a-9f10-e21cb57673e4/datanode-8/data/ratis/1f67d26f-68df-480f-ad01-e59397a9e246 for RaftStorage:Storage Directory /tmp/workdir/hadoop-ozone/integration-test/target/test-dir/MiniOzoneClusterImpl-480568c9-7904-409a-9f10-e21cb57673e4/datanode-8/data/ratis/1f67d26f-68df-480f-ad01-e59397a9e246
2019-07-13 14:44:36,922 INFO  server.RaftServerConfigKeys (ConfUtils.java:logGet(43)) - raft.server.log.queue.byte-limit = 2147483647 (custom)
2019-07-13 14:44:36,923 INFO  server.RaftServerConfigKeys (ConfUtils.java:logGet(43)) - raft.server.log.queue.element-limit = 1024 (custom)
2019-07-13 14:44:36,923 INFO  server.RaftServerConfigKeys (ConfUtils.java:logGet(43)) - raft.server.log.segment.size.max = 1048576 (custom)
2019-07-13 14:44:36,923 INFO  server.RaftServerConfigKeys (ConfUtils.java:logGet(43)) - raft.server.log.preallocated.size = 16384 (custom)
2019-07-13 14:44:36,923 INFO  server.RaftServerConfigKeys (ConfUtils.java:logGet(43)) - raft.server.log.write.buffer.size = 33554432 (custom)
2019-07-13 14:44:36,923 INFO  storage.RaftStorage (RaftStorage.java:format(72)) - Storage directory /tmp/workdir/hadoop-ozone/integration-test/target/test-dir/MiniOzoneClusterImpl-480568c9-7904-409a-9f10-e21cb57673e4/datanode-5/data/ratis/1f67d26f-68df-480f-ad01-e59397a9e246 has been successfully formatted.
2019-07-13 14:44:36,923 INFO  storage.RaftStorage (RaftStorage.java:format(72)) - Storage directory /tmp/workdir/hadoop-ozone/integration-test/target/test-dir/MiniOzoneClusterImpl-480568c9-7904-409a-9f10-e21cb57673e4/datanode-0/data/ratis/1f67d26f-68df-480f-ad01-e59397a9e246 has been successfully formatted.
2019-07-13 14:44:36,923 INFO  server.RaftServerConfigKeys (ConfUtils.java:logGet(43)) - raft.server.log.force.sync.num = 128 (default)
2019-07-13 14:44:36,925 INFO  ratis.ContainerStateMachine (ContainerStateMachine.java:loadSnapshot(200)) - The snapshot info is null.Setting the last applied index to:(t:0, i:~)
2019-07-13 14:44:36,925 INFO  ratis.ContainerStateMachine (ContainerStateMachine.java:loadSnapshot(200)) - The snapshot info is null.Setting the last applied index to:(t:0, i:~)
2019-07-13 14:44:36,926 INFO  server.RaftServerConfigKeys (ConfUtils.java:logGet(43)) - raft.server.leader.election.timeout = 120s (custom)
2019-07-13 14:44:36,926 INFO  server.RaftServerConfigKeys (ConfUtils.java:logGet(43)) - raft.server.log.statemachine.data.sync = true (default)
2019-07-13 14:44:36,926 INFO  server.RaftServerConfigKeys (ConfUtils.java:logGet(43)) - raft.server.log.use.memory = false (default)
2019-07-13 14:44:36,926 INFO  server.RaftServerConfigKeys (ConfUtils.java:logGet(43)) - raft.server.leader.election.timeout = 120s (custom)
2019-07-13 14:44:36,926 INFO  server.RaftServerConfigKeys (ConfUtils.java:logGet(43)) - raft.server.log.purge.gap = 1000000000 (custom)
2019-07-13 14:44:36,927 INFO  server.RaftServerConfigKeys (ConfUtils.java:logGet(43)) - raft.server.log.appender.buffer.byte-limit = 33554432 (custom)
2019-07-13 14:44:36,926 INFO  server.RaftServerConfigKeys (ConfUtils.java:logGet(43)) - raft.server.log.statemachine.data.sync.timeout = 10s (default)
2019-07-13 14:44:36,927 INFO  server.RaftServerConfigKeys (ConfUtils.java:logGet(43)) - raft.server.log.segment.size.max = 1048576 (custom)
2019-07-13 14:44:36,926 INFO  server.RaftServerConfigKeys (ConfUtils.java:logGet(43)) - raft.server.log.use.memory = false (default)
2019-07-13 14:44:36,927 INFO  server.RaftServerConfigKeys (ConfUtils.java:logGet(43)) - raft.server.log.segment.cache.num.max = 2 (custom)
2019-07-13 14:44:36,928 INFO  segmented.SegmentedRaftLogWorker (SegmentedRaftLogWorker.java:<init>(172)) - new 8b42a1db-450e-476a-ac1e-9bd5ae202316-SegmentedRaftLogWorker:Storage Directory /tmp/workdir/hadoop-ozone/integration-test/target/test-dir/MiniOzoneClusterImpl-480568c9-7904-409a-9f10-e21cb57673e4/datanode-0/data/ratis/1f67d26f-68df-480f-ad01-e59397a9e246 for RaftStorage:Storage Directory /tmp/workdir/hadoop-ozone/integration-test/target/test-dir/MiniOzoneClusterImpl-480568c9-7904-409a-9f10-e21cb57673e4/datanode-0/data/ratis/1f67d26f-68df-480f-ad01-e59397a9e246
2019-07-13 14:44:36,927 INFO  server.RaftServerConfigKeys (ConfUtils.java:logGet(43)) - raft.server.log.statemachine.data.sync.timeout.retry = -1 (default)
2019-07-13 14:44:36,928 INFO  server.RaftServerConfigKeys (ConfUtils.java:logGet(43)) - raft.server.log.queue.byte-limit = 2147483647 (custom)
2019-07-13 14:44:36,929 INFO  server.RaftServerConfigKeys (ConfUtils.java:logGet(43)) - raft.server.log.statemachine.data.caching.enabled = true (custom)
2019-07-13 14:44:36,927 INFO  server.RaftServerConfigKeys (ConfUtils.java:logGet(43)) - raft.server.log.purge.gap = 1000000000 (custom)
2019-07-13 14:44:36,929 INFO  server.RaftServerConfigKeys (ConfUtils.java:logGet(43)) - raft.server.log.queue.element-limit = 1024 (custom)
2019-07-13 14:44:36,930 INFO  server.RaftServerConfigKeys (ConfUtils.java:logGet(43)) - raft.server.log.appender.buffer.byte-limit = 33554432 (custom)
2019-07-13 14:44:36,930 INFO  segmented.SegmentedRaftLogWorker (SegmentedRaftLogWorker.java:lambda$new$0(132)) - a4a8582f-1437-4af9-aaff-6b3a0776d19b-SegmentedRaftLogWorker:Storage Directory /tmp/workdir/hadoop-ozone/integration-test/target/test-dir/MiniOzoneClusterImpl-480568c9-7904-409a-9f10-e21cb57673e4/datanode-8/data/ratis/1f67d26f-68df-480f-ad01-e59397a9e246: flushIndex: setUnconditionally 0 -> -1
2019-07-13 14:44:36,930 INFO  server.RaftServerConfigKeys (ConfUtils.java:logGet(43)) - raft.server.log.segment.size.max = 1048576 (custom)
2019-07-13 14:44:36,930 INFO  server.RaftServerConfigKeys (ConfUtils.java:logGet(43)) - raft.server.log.segment.size.max = 1048576 (custom)
2019-07-13 14:44:36,930 INFO  server.RaftServerConfigKeys (ConfUtils.java:logGet(43)) - raft.server.log.segment.cache.num.max = 2 (custom)
2019-07-13 14:44:36,930 INFO  server.RaftServerConfigKeys (ConfUtils.java:logGet(43)) - raft.server.snapshot.auto.trigger.enabled = true (custom)
2019-07-13 14:44:36,931 INFO  segmented.SegmentedRaftLogWorker (SegmentedRaftLogWorker.java:<init>(172)) - new 8c130fdc-8e4b-4296-b41f-25b1fd079138-SegmentedRaftLogWorker:Storage Directory /tmp/workdir/hadoop-ozone/integration-test/target/test-dir/MiniOzoneClusterImpl-480568c9-7904-409a-9f10-e21cb57673e4/datanode-5/data/ratis/1f67d26f-68df-480f-ad01-e59397a9e246 for RaftStorage:Storage Directory /tmp/workdir/hadoop-ozone/integration-test/target/test-dir/MiniOzoneClusterImpl-480568c9-7904-409a-9f10-e21cb57673e4/datanode-5/data/ratis/1f67d26f-68df-480f-ad01-e59397a9e246
2019-07-13 14:44:36,931 INFO  server.RaftServerConfigKeys (ConfUtils.java:logGet(43)) - raft.server.log.preallocated.size = 16384 (custom)
2019-07-13 14:44:36,931 INFO  server.RaftServerConfigKeys (ConfUtils.java:logGet(43)) - raft.server.log.queue.byte-limit = 2147483647 (custom)
2019-07-13 14:44:36,931 INFO  server.RaftServerConfigKeys (ConfUtils.java:logGet(43)) - raft.server.snapshot.auto.trigger.threshold = 10000 (custom)
2019-07-13 14:44:36,933 INFO  server.RaftServerConfigKeys (ConfUtils.java:logGet(43)) - raft.server.log.queue.element-limit = 1024 (custom)
2019-07-13 14:44:36,933 INFO  server.RaftServerConfigKeys (ConfUtils.java:logGet(43)) - raft.server.log.write.buffer.size = 33554432 (custom)
2019-07-13 14:44:36,933 INFO  server.RaftServerConfigKeys (ConfUtils.java:logGet(43)) - raft.server.log.segment.size.max = 1048576 (custom)
2019-07-13 14:44:36,933 INFO  server.RaftServerConfigKeys (ConfUtils.java:logGet(43)) - raft.server.retrycache.expirytime = 600000ms (custom)
2019-07-13 14:44:36,934 INFO  server.RaftServerConfigKeys (ConfUtils.java:logGet(43)) - raft.server.log.preallocated.size = 16384 (custom)
2019-07-13 14:44:36,934 INFO  server.RaftServerConfigKeys (ConfUtils.java:logGet(43)) - raft.server.log.force.sync.num = 128 (default)
2019-07-13 14:44:36,934 INFO  server.RaftServerConfigKeys (ConfUtils.java:logGet(43)) - raft.server.log.write.buffer.size = 33554432 (custom)
2019-07-13 14:44:36,934 INFO  impl.RaftServerImpl (RaftServerImpl.java:start(180)) - a4a8582f-1437-4af9-aaff-6b3a0776d19b: start group-E59397A9E246
2019-07-13 14:44:36,934 INFO  server.RaftServerConfigKeys (ConfUtils.java:logGet(43)) - raft.server.log.force.sync.num = 128 (default)
2019-07-13 14:44:36,934 INFO  server.RaftServerConfigKeys (ConfUtils.java:logGet(43)) - raft.server.log.statemachine.data.sync = true (default)
2019-07-13 14:44:36,935 INFO  server.RaftServerConfigKeys (ConfUtils.java:logGet(43)) - raft.server.log.statemachine.data.sync = true (default)
2019-07-13 14:44:36,935 INFO  impl.RaftServerImpl (RaftServerImpl.java:setRole(171)) - a4a8582f-1437-4af9-aaff-6b3a0776d19b:group-E59397A9E246 changes role from null to FOLLOWER at term 0 for startAsFollower
2019-07-13 14:44:36,935 INFO  server.RaftServerConfigKeys (ConfUtils.java:logGet(43)) - raft.server.log.statemachine.data.sync.timeout = 10s (default)
2019-07-13 14:44:36,935 INFO  server.RaftServerConfigKeys (ConfUtils.java:logGet(43)) - raft.server.log.statemachine.data.sync.timeout = 10s (default)
2019-07-13 14:44:36,935 INFO  server.RaftServerConfigKeys (ConfUtils.java:logGet(43)) - raft.server.log.statemachine.data.sync.timeout.retry = -1 (default)
2019-07-13 14:44:36,935 INFO  impl.RoleInfo (RoleInfo.java:updateAndGet(143)) - a4a8582f-1437-4af9-aaff-6b3a0776d19b: start FollowerState
2019-07-13 14:44:36,936 INFO  server.RaftServerConfigKeys (ConfUtils.java:logGet(43)) - raft.server.log.statemachine.data.caching.enabled = true (custom)
2019-07-13 14:44:36,936 INFO  server.RaftServerConfigKeys (ConfUtils.java:logGet(43)) - raft.server.log.statemachine.data.sync.timeout.retry = -1 (default)
2019-07-13 14:44:36,936 INFO  util.JmxRegister (JmxRegister.java:tryRegister(44)) - Successfully registered JMX Bean with object name Ratis:service=RaftServer,group=group-E59397A9E246,id=a4a8582f-1437-4af9-aaff-6b3a0776d19b
2019-07-13 14:44:36,936 INFO  server.RaftServerConfigKeys (ConfUtils.java:logGet(43)) - raft.server.log.statemachine.data.caching.enabled = true (custom)
2019-07-13 14:44:36,936 INFO  segmented.SegmentedRaftLogWorker (SegmentedRaftLogWorker.java:lambda$new$0(132)) - 8c130fdc-8e4b-4296-b41f-25b1fd079138-SegmentedRaftLogWorker:Storage Directory /tmp/workdir/hadoop-ozone/integration-test/target/test-dir/MiniOzoneClusterImpl-480568c9-7904-409a-9f10-e21cb57673e4/datanode-5/data/ratis/1f67d26f-68df-480f-ad01-e59397a9e246: flushIndex: setUnconditionally 0 -> -1
2019-07-13 14:44:36,937 INFO  segmented.SegmentedRaftLogWorker (SegmentedRaftLogWorker.java:lambda$new$0(132)) - 8b42a1db-450e-476a-ac1e-9bd5ae202316-SegmentedRaftLogWorker:Storage Directory /tmp/workdir/hadoop-ozone/integration-test/target/test-dir/MiniOzoneClusterImpl-480568c9-7904-409a-9f10-e21cb57673e4/datanode-0/data/ratis/1f67d26f-68df-480f-ad01-e59397a9e246: flushIndex: setUnconditionally 0 -> -1
2019-07-13 14:44:36,937 INFO  server.RaftServerConfigKeys (ConfUtils.java:logGet(43)) - raft.server.snapshot.auto.trigger.enabled = true (custom)
2019-07-13 14:44:36,939 INFO  server.RaftServerConfigKeys (ConfUtils.java:logGet(43)) - raft.server.snapshot.auto.trigger.threshold = 10000 (custom)
2019-07-13 14:44:36,939 INFO  server.RaftServerConfigKeys (ConfUtils.java:logGet(43)) - raft.server.snapshot.auto.trigger.enabled = true (custom)
2019-07-13 14:44:36,939 INFO  server.RaftServerConfigKeys (ConfUtils.java:logGet(43)) - raft.server.retrycache.expirytime = 600000ms (custom)
2019-07-13 14:44:36,939 INFO  server.RaftServerConfigKeys (ConfUtils.java:logGet(43)) - raft.server.snapshot.auto.trigger.threshold = 10000 (custom)
2019-07-13 14:44:36,939 INFO  impl.RaftServerImpl (RaftServerImpl.java:start(180)) - 8c130fdc-8e4b-4296-b41f-25b1fd079138: start group-E59397A9E246
2019-07-13 14:44:36,940 INFO  server.RaftServerConfigKeys (ConfUtils.java:logGet(43)) - raft.server.retrycache.expirytime = 600000ms (custom)
2019-07-13 14:44:36,940 INFO  impl.RaftServerImpl (RaftServerImpl.java:setRole(171)) - 8c130fdc-8e4b-4296-b41f-25b1fd079138:group-E59397A9E246 changes role from null to FOLLOWER at term 0 for startAsFollower
2019-07-13 14:44:36,943 INFO  impl.RoleInfo (RoleInfo.java:updateAndGet(143)) - 8c130fdc-8e4b-4296-b41f-25b1fd079138: start FollowerState
2019-07-13 14:44:36,943 INFO  impl.RaftServerImpl (RaftServerImpl.java:start(180)) - 8b42a1db-450e-476a-ac1e-9bd5ae202316: start group-E59397A9E246
2019-07-13 14:44:36,945 INFO  impl.RaftServerImpl (RaftServerImpl.java:setRole(171)) - 8b42a1db-450e-476a-ac1e-9bd5ae202316:group-E59397A9E246 changes role from null to FOLLOWER at term 0 for startAsFollower
2019-07-13 14:44:36,947 INFO  impl.RoleInfo (RoleInfo.java:updateAndGet(143)) - 8b42a1db-450e-476a-ac1e-9bd5ae202316: start FollowerState
2019-07-13 14:44:36,947 INFO  util.JmxRegister (JmxRegister.java:tryRegister(44)) - Successfully registered JMX Bean with object name Ratis:service=RaftServer,group=group-E59397A9E246,id=8c130fdc-8e4b-4296-b41f-25b1fd079138
2019-07-13 14:44:36,950 INFO  util.JmxRegister (JmxRegister.java:tryRegister(44)) - Successfully registered JMX Bean with object name Ratis:service=RaftServer,group=group-E59397A9E246,id=8b42a1db-450e-476a-ac1e-9bd5ae202316
2019-07-13 14:44:36,974 INFO  pipeline.PipelineStateManager (PipelineStateManager.java:addPipeline(56)) - Created pipeline Pipeline[ Id: 1f67d26f-68df-480f-ad01-e59397a9e246, Nodes: 8b42a1db-450e-476a-ac1e-9bd5ae202316{ip: 192.168.5.172, host: trunk-nightly-mhs6z-4061744966, networkLocation: /default-rack, certSerialId: null}a4a8582f-1437-4af9-aaff-6b3a0776d19b{ip: 192.168.5.172, host: trunk-nightly-mhs6z-4061744966, networkLocation: /default-rack, certSerialId: null}8c130fdc-8e4b-4296-b41f-25b1fd079138{ip: 192.168.5.172, host: trunk-nightly-mhs6z-4061744966, networkLocation: /default-rack, certSerialId: null}, Type:RATIS, Factor:THREE, State:OPEN]
2019-07-13 14:44:36,992 INFO  impl.RaftServerProxy (RaftServerProxy.java:addNew(89)) - 7e852cca-55fd-4b89-91e8-0525300d9c7d: addNew group-88D5FB936681:[7e852cca-55fd-4b89-91e8-0525300d9c7d:192.168.5.172:46298, a2e297f1-273a-48b1-880b-11fc2b52ea88:192.168.5.172:46549, ccd8458f-37a2-4d03-aaf8-73b71a69b099:192.168.5.172:45680] returns group-88D5FB936681:java.util.concurrent.CompletableFuture@836c05f[Not completed]
2019-07-13 14:44:36,997 INFO  impl.RaftServerProxy (RaftServerProxy.java:addNew(89)) - ccd8458f-37a2-4d03-aaf8-73b71a69b099: addNew group-88D5FB936681:[7e852cca-55fd-4b89-91e8-0525300d9c7d:192.168.5.172:46298, a2e297f1-273a-48b1-880b-11fc2b52ea88:192.168.5.172:46549, ccd8458f-37a2-4d03-aaf8-73b71a69b099:192.168.5.172:45680] returns group-88D5FB936681:java.util.concurrent.CompletableFuture@29f22e58[Not completed]
2019-07-13 14:44:37,000 INFO  impl.RaftServerProxy (RaftServerProxy.java:addNew(89)) - a2e297f1-273a-48b1-880b-11fc2b52ea88: addNew group-88D5FB936681:[7e852cca-55fd-4b89-91e8-0525300d9c7d:192.168.5.172:46298, a2e297f1-273a-48b1-880b-11fc2b52ea88:192.168.5.172:46549, ccd8458f-37a2-4d03-aaf8-73b71a69b099:192.168.5.172:45680] returns group-88D5FB936681:java.util.concurrent.CompletableFuture@4d345f3d[Not completed]
2019-07-13 14:44:37,001 INFO  impl.RaftServerImpl (RaftServerImpl.java:<init>(93)) - 7e852cca-55fd-4b89-91e8-0525300d9c7d: new RaftServerImpl for group-88D5FB936681:[7e852cca-55fd-4b89-91e8-0525300d9c7d:192.168.5.172:46298, a2e297f1-273a-48b1-880b-11fc2b52ea88:192.168.5.172:46549, ccd8458f-37a2-4d03-aaf8-73b71a69b099:192.168.5.172:45680] with ContainerStateMachine:uninitialized
2019-07-13 14:44:37,001 INFO  server.RaftServerConfigKeys (ConfUtils.java:logGet(43)) - raft.server.rpc.timeout.min = 5s (custom)
2019-07-13 14:44:37,001 INFO  server.RaftServerConfigKeys (ConfUtils.java:logGet(43)) - raft.server.rpc.timeout.max = 5200ms (custom)
2019-07-13 14:44:37,001 INFO  server.RaftServerConfigKeys (ConfUtils.java:logGet(43)) - raft.server.rpcslowness.timeout = 120s (custom)
2019-07-13 14:44:37,001 INFO  server.RaftServerConfigKeys (ConfUtils.java:logGet(43)) - raft.server.sleep.deviation.threshold = 300 (default)
2019-07-13 14:44:37,001 INFO  server.RaftServerConfigKeys (ConfUtils.java:logGet(43)) - raft.server.log.appender.install.snapshot.enabled = false (custom)
2019-07-13 14:44:37,001 INFO  impl.RaftServerImpl (ServerState.java:<init>(105)) - 7e852cca-55fd-4b89-91e8-0525300d9c7d:group-88D5FB936681 ConfigurationManager, init=-1: [7e852cca-55fd-4b89-91e8-0525300d9c7d:192.168.5.172:46298, a2e297f1-273a-48b1-880b-11fc2b52ea88:192.168.5.172:46549, ccd8458f-37a2-4d03-aaf8-73b71a69b099:192.168.5.172:45680], old=null, confs=<EMPTY_MAP>
2019-07-13 14:44:37,002 INFO  impl.RaftServerImpl (RaftServerImpl.java:<init>(93)) - ccd8458f-37a2-4d03-aaf8-73b71a69b099: new RaftServerImpl for group-88D5FB936681:[7e852cca-55fd-4b89-91e8-0525300d9c7d:192.168.5.172:46298, a2e297f1-273a-48b1-880b-11fc2b52ea88:192.168.5.172:46549, ccd8458f-37a2-4d03-aaf8-73b71a69b099:192.168.5.172:45680] with ContainerStateMachine:uninitialized
2019-07-13 14:44:37,002 INFO  server.RaftServerConfigKeys (ConfUtils.java:logGet(43)) - raft.server.storage.dir = [/tmp/workdir/hadoop-ozone/integration-test/target/test-dir/MiniOzoneClusterImpl-480568c9-7904-409a-9f10-e21cb57673e4/datanode-6/data/ratis] (custom)
2019-07-13 14:44:37,002 INFO  server.RaftServerConfigKeys (ConfUtils.java:logGet(43)) - raft.server.rpc.timeout.min = 5s (custom)
2019-07-13 14:44:37,002 INFO  server.RaftServerConfigKeys (ConfUtils.java:logGet(43)) - raft.server.rpc.timeout.max = 5200ms (custom)
2019-07-13 14:44:37,002 INFO  storage.RaftStorageDirectory (RaftStorageDirectory.java:analyzeStorage(246)) - The storage directory /tmp/workdir/hadoop-ozone/integration-test/target/test-dir/MiniOzoneClusterImpl-480568c9-7904-409a-9f10-e21cb57673e4/datanode-6/data/ratis/29ed0c37-9b38-40fe-96c0-88d5fb936681 does not exist. Creating ...
2019-07-13 14:44:37,002 INFO  server.RaftServerConfigKeys (ConfUtils.java:logGet(43)) - raft.server.rpcslowness.timeout = 120s (custom)
2019-07-13 14:44:37,003 INFO  impl.RaftServerImpl (RaftServerImpl.java:<init>(93)) - a2e297f1-273a-48b1-880b-11fc2b52ea88: new RaftServerImpl for group-88D5FB936681:[7e852cca-55fd-4b89-91e8-0525300d9c7d:192.168.5.172:46298, a2e297f1-273a-48b1-880b-11fc2b52ea88:192.168.5.172:46549, ccd8458f-37a2-4d03-aaf8-73b71a69b099:192.168.5.172:45680] with ContainerStateMachine:uninitialized
2019-07-13 14:44:37,003 INFO  server.RaftServerConfigKeys (ConfUtils.java:logGet(43)) - raft.server.sleep.deviation.threshold = 300 (default)
2019-07-13 14:44:37,003 INFO  server.RaftServerConfigKeys (ConfUtils.java:logGet(43)) - raft.server.rpc.timeout.min = 5s (custom)
2019-07-13 14:44:37,003 INFO  server.RaftServerConfigKeys (ConfUtils.java:logGet(43)) - raft.server.log.appender.install.snapshot.enabled = false (custom)
2019-07-13 14:44:37,003 INFO  server.RaftServerConfigKeys (ConfUtils.java:logGet(43)) - raft.server.rpc.timeout.max = 5200ms (custom)
2019-07-13 14:44:37,003 INFO  impl.RaftServerImpl (ServerState.java:<init>(105)) - ccd8458f-37a2-4d03-aaf8-73b71a69b099:group-88D5FB936681 ConfigurationManager, init=-1: [7e852cca-55fd-4b89-91e8-0525300d9c7d:192.168.5.172:46298, a2e297f1-273a-48b1-880b-11fc2b52ea88:192.168.5.172:46549, ccd8458f-37a2-4d03-aaf8-73b71a69b099:192.168.5.172:45680], old=null, confs=<EMPTY_MAP>
2019-07-13 14:44:37,004 INFO  server.RaftServerConfigKeys (ConfUtils.java:logGet(43)) - raft.server.rpcslowness.timeout = 120s (custom)
2019-07-13 14:44:37,004 INFO  server.RaftServerConfigKeys (ConfUtils.java:logGet(43)) - raft.server.storage.dir = [/tmp/workdir/hadoop-ozone/integration-test/target/test-dir/MiniOzoneClusterImpl-480568c9-7904-409a-9f10-e21cb57673e4/datanode-4/data/ratis] (custom)
2019-07-13 14:44:37,004 INFO  server.RaftServerConfigKeys (ConfUtils.java:logGet(43)) - raft.server.sleep.deviation.threshold = 300 (default)
2019-07-13 14:44:37,004 INFO  server.RaftServerConfigKeys (ConfUtils.java:logGet(43)) - raft.server.log.appender.install.snapshot.enabled = false (custom)
2019-07-13 14:44:37,004 INFO  storage.RaftStorageDirectory (RaftStorageDirectory.java:analyzeStorage(246)) - The storage directory /tmp/workdir/hadoop-ozone/integration-test/target/test-dir/MiniOzoneClusterImpl-480568c9-7904-409a-9f10-e21cb57673e4/datanode-4/data/ratis/29ed0c37-9b38-40fe-96c0-88d5fb936681 does not exist. Creating ...
2019-07-13 14:44:37,004 INFO  impl.RaftServerImpl (ServerState.java:<init>(105)) - a2e297f1-273a-48b1-880b-11fc2b52ea88:group-88D5FB936681 ConfigurationManager, init=-1: [7e852cca-55fd-4b89-91e8-0525300d9c7d:192.168.5.172:46298, a2e297f1-273a-48b1-880b-11fc2b52ea88:192.168.5.172:46549, ccd8458f-37a2-4d03-aaf8-73b71a69b099:192.168.5.172:45680], old=null, confs=<EMPTY_MAP>
2019-07-13 14:44:37,005 INFO  server.RaftServerConfigKeys (ConfUtils.java:logGet(43)) - raft.server.storage.dir = [/tmp/workdir/hadoop-ozone/integration-test/target/test-dir/MiniOzoneClusterImpl-480568c9-7904-409a-9f10-e21cb57673e4/datanode-7/data/ratis] (custom)
2019-07-13 14:44:37,005 INFO  storage.RaftStorageDirectory (RaftStorageDirectory.java:analyzeStorage(246)) - The storage directory /tmp/workdir/hadoop-ozone/integration-test/target/test-dir/MiniOzoneClusterImpl-480568c9-7904-409a-9f10-e21cb57673e4/datanode-7/data/ratis/29ed0c37-9b38-40fe-96c0-88d5fb936681 does not exist. Creating ...
2019-07-13 14:44:37,010 INFO  storage.RaftStorageDirectory (RaftStorageDirectory.java:tryLock(328)) - Lock on /tmp/workdir/hadoop-ozone/integration-test/target/test-dir/MiniOzoneClusterImpl-480568c9-7904-409a-9f10-e21cb57673e4/datanode-6/data/ratis/29ed0c37-9b38-40fe-96c0-88d5fb936681/in_use.lock acquired by nodename 24737@trunk-nightly-mhs6z-4061744966
2019-07-13 14:44:37,010 INFO  storage.RaftStorageDirectory (RaftStorageDirectory.java:tryLock(328)) - Lock on /tmp/workdir/hadoop-ozone/integration-test/target/test-dir/MiniOzoneClusterImpl-480568c9-7904-409a-9f10-e21cb57673e4/datanode-4/data/ratis/29ed0c37-9b38-40fe-96c0-88d5fb936681/in_use.lock acquired by nodename 24737@trunk-nightly-mhs6z-4061744966
2019-07-13 14:44:37,013 INFO  storage.RaftStorageDirectory (RaftStorageDirectory.java:tryLock(328)) - Lock on /tmp/workdir/hadoop-ozone/integration-test/target/test-dir/MiniOzoneClusterImpl-480568c9-7904-409a-9f10-e21cb57673e4/datanode-7/data/ratis/29ed0c37-9b38-40fe-96c0-88d5fb936681/in_use.lock acquired by nodename 24737@trunk-nightly-mhs6z-4061744966
2019-07-13 14:44:37,014 INFO  storage.RaftStorage (RaftStorage.java:format(72)) - Storage directory /tmp/workdir/hadoop-ozone/integration-test/target/test-dir/MiniOzoneClusterImpl-480568c9-7904-409a-9f10-e21cb57673e4/datanode-4/data/ratis/29ed0c37-9b38-40fe-96c0-88d5fb936681 has been successfully formatted.
2019-07-13 14:44:37,014 INFO  storage.RaftStorage (RaftStorage.java:format(72)) - Storage directory /tmp/workdir/hadoop-ozone/integration-test/target/test-dir/MiniOzoneClusterImpl-480568c9-7904-409a-9f10-e21cb57673e4/datanode-6/data/ratis/29ed0c37-9b38-40fe-96c0-88d5fb936681 has been successfully formatted.
2019-07-13 14:44:37,014 INFO  ratis.ContainerStateMachine (ContainerStateMachine.java:loadSnapshot(200)) - The snapshot info is null.Setting the last applied index to:(t:0, i:~)
2019-07-13 14:44:37,014 INFO  ratis.ContainerStateMachine (ContainerStateMachine.java:loadSnapshot(200)) - The snapshot info is null.Setting the last applied index to:(t:0, i:~)
2019-07-13 14:44:37,014 INFO  server.RaftServerConfigKeys (ConfUtils.java:logGet(43)) - raft.server.leader.election.timeout = 120s (custom)
2019-07-13 14:44:37,015 INFO  server.RaftServerConfigKeys (ConfUtils.java:logGet(43)) - raft.server.leader.election.timeout = 120s (custom)
2019-07-13 14:44:37,015 INFO  server.RaftServerConfigKeys (ConfUtils.java:logGet(43)) - raft.server.log.use.memory = false (default)
2019-07-13 14:44:37,015 INFO  server.RaftServerConfigKeys (ConfUtils.java:logGet(43)) - raft.server.log.use.memory = false (default)
2019-07-13 14:44:37,015 INFO  server.RaftServerConfigKeys (ConfUtils.java:logGet(43)) - raft.server.log.purge.gap = 1000000000 (custom)
2019-07-13 14:44:37,015 INFO  server.RaftServerConfigKeys (ConfUtils.java:logGet(43)) - raft.server.log.purge.gap = 1000000000 (custom)
2019-07-13 14:44:37,015 INFO  server.RaftServerConfigKeys (ConfUtils.java:logGet(43)) - raft.server.log.appender.buffer.byte-limit = 33554432 (custom)
2019-07-13 14:44:37,015 INFO  server.RaftServerConfigKeys (ConfUtils.java:logGet(43)) - raft.server.log.appender.buffer.byte-limit = 33554432 (custom)
2019-07-13 14:44:37,015 INFO  server.RaftServerConfigKeys (ConfUtils.java:logGet(43)) - raft.server.log.segment.size.max = 1048576 (custom)
2019-07-13 14:44:37,016 INFO  server.RaftServerConfigKeys (ConfUtils.java:logGet(43)) - raft.server.log.segment.size.max = 1048576 (custom)
2019-07-13 14:44:37,016 INFO  server.RaftServerConfigKeys (ConfUtils.java:logGet(43)) - raft.server.log.segment.cache.num.max = 2 (custom)
2019-07-13 14:44:37,016 INFO  storage.RaftStorage (RaftStorage.java:format(72)) - Storage directory /tmp/workdir/hadoop-ozone/integration-test/target/test-dir/MiniOzoneClusterImpl-480568c9-7904-409a-9f10-e21cb57673e4/datanode-7/data/ratis/29ed0c37-9b38-40fe-96c0-88d5fb936681 has been successfully formatted.
2019-07-13 14:44:37,016 INFO  server.RaftServerConfigKeys (ConfUtils.java:logGet(43)) - raft.server.log.segment.cache.num.max = 2 (custom)
2019-07-13 14:44:37,016 INFO  ratis.ContainerStateMachine (ContainerStateMachine.java:loadSnapshot(200)) - The snapshot info is null.Setting the last applied index to:(t:0, i:~)
2019-07-13 14:44:37,016 INFO  segmented.SegmentedRaftLogWorker (SegmentedRaftLogWorker.java:<init>(172)) - new ccd8458f-37a2-4d03-aaf8-73b71a69b099-SegmentedRaftLogWorker:Storage Directory /tmp/workdir/hadoop-ozone/integration-test/target/test-dir/MiniOzoneClusterImpl-480568c9-7904-409a-9f10-e21cb57673e4/datanode-4/data/ratis/29ed0c37-9b38-40fe-96c0-88d5fb936681 for RaftStorage:Storage Directory /tmp/workdir/hadoop-ozone/integration-test/target/test-dir/MiniOzoneClusterImpl-480568c9-7904-409a-9f10-e21cb57673e4/datanode-4/data/ratis/29ed0c37-9b38-40fe-96c0-88d5fb936681
2019-07-13 14:44:37,016 INFO  server.RaftServerConfigKeys (ConfUtils.java:logGet(43)) - raft.server.leader.election.timeout = 120s (custom)
2019-07-13 14:44:37,016 INFO  segmented.SegmentedRaftLogWorker (SegmentedRaftLogWorker.java:<init>(172)) - new 7e852cca-55fd-4b89-91e8-0525300d9c7d-SegmentedRaftLogWorker:Storage Directory /tmp/workdir/hadoop-ozone/integration-test/target/test-dir/MiniOzoneClusterImpl-480568c9-7904-409a-9f10-e21cb57673e4/datanode-6/data/ratis/29ed0c37-9b38-40fe-96c0-88d5fb936681 for RaftStorage:Storage Directory /tmp/workdir/hadoop-ozone/integration-test/target/test-dir/MiniOzoneClusterImpl-480568c9-7904-409a-9f10-e21cb57673e4/datanode-6/data/ratis/29ed0c37-9b38-40fe-96c0-88d5fb936681
2019-07-13 14:44:37,017 INFO  server.RaftServerConfigKeys (ConfUtils.java:logGet(43)) - raft.server.log.use.memory = false (default)
2019-07-13 14:44:37,016 INFO  server.RaftServerConfigKeys (ConfUtils.java:logGet(43)) - raft.server.log.queue.byte-limit = 2147483647 (custom)
2019-07-13 14:44:37,022 INFO  server.RaftServerConfigKeys (ConfUtils.java:logGet(43)) - raft.server.log.purge.gap = 1000000000 (custom)
2019-07-13 14:44:37,019 INFO  server.RaftServerConfigKeys (ConfUtils.java:logGet(43)) - raft.server.log.queue.byte-limit = 2147483647 (custom)
2019-07-13 14:44:37,022 INFO  server.RaftServerConfigKeys (ConfUtils.java:logGet(43)) - raft.server.log.appender.buffer.byte-limit = 33554432 (custom)
2019-07-13 14:44:37,022 INFO  server.RaftServerConfigKeys (ConfUtils.java:logGet(43)) - raft.server.log.queue.element-limit = 1024 (custom)
2019-07-13 14:44:37,022 INFO  server.RaftServerConfigKeys (ConfUtils.java:logGet(43)) - raft.server.log.segment.size.max = 1048576 (custom)
2019-07-13 14:44:37,022 INFO  server.RaftServerConfigKeys (ConfUtils.java:logGet(43)) - raft.server.log.queue.element-limit = 1024 (custom)
2019-07-13 14:44:37,022 INFO  server.RaftServerConfigKeys (ConfUtils.java:logGet(43)) - raft.server.log.segment.cache.num.max = 2 (custom)
2019-07-13 14:44:37,022 INFO  server.RaftServerConfigKeys (ConfUtils.java:logGet(43)) - raft.server.log.segment.size.max = 1048576 (custom)
2019-07-13 14:44:37,022 INFO  segmented.SegmentedRaftLogWorker (SegmentedRaftLogWorker.java:<init>(172)) - new a2e297f1-273a-48b1-880b-11fc2b52ea88-SegmentedRaftLogWorker:Storage Directory /tmp/workdir/hadoop-ozone/integration-test/target/test-dir/MiniOzoneClusterImpl-480568c9-7904-409a-9f10-e21cb57673e4/datanode-7/data/ratis/29ed0c37-9b38-40fe-96c0-88d5fb936681 for RaftStorage:Storage Directory /tmp/workdir/hadoop-ozone/integration-test/target/test-dir/MiniOzoneClusterImpl-480568c9-7904-409a-9f10-e21cb57673e4/datanode-7/data/ratis/29ed0c37-9b38-40fe-96c0-88d5fb936681
2019-07-13 14:44:37,022 INFO  server.RaftServerConfigKeys (ConfUtils.java:logGet(43)) - raft.server.log.segment.size.max = 1048576 (custom)
2019-07-13 14:44:37,023 INFO  server.RaftServerConfigKeys (ConfUtils.java:logGet(43)) - raft.server.log.queue.byte-limit = 2147483647 (custom)
2019-07-13 14:44:37,023 INFO  server.RaftServerConfigKeys (ConfUtils.java:logGet(43)) - raft.server.log.preallocated.size = 16384 (custom)
2019-07-13 14:44:37,025 INFO  server.RaftServerConfigKeys (ConfUtils.java:logGet(43)) - raft.server.log.queue.element-limit = 1024 (custom)
2019-07-13 14:44:37,023 INFO  server.RaftServerConfigKeys (ConfUtils.java:logGet(43)) - raft.server.log.preallocated.size = 16384 (custom)
2019-07-13 14:44:37,025 INFO  server.RaftServerConfigKeys (ConfUtils.java:logGet(43)) - raft.server.log.segment.size.max = 1048576 (custom)
2019-07-13 14:44:37,025 INFO  server.RaftServerConfigKeys (ConfUtils.java:logGet(43)) - raft.server.log.write.buffer.size = 33554432 (custom)
2019-07-13 14:44:37,026 INFO  server.RaftServerConfigKeys (ConfUtils.java:logGet(43)) - raft.server.log.preallocated.size = 16384 (custom)
2019-07-13 14:44:37,026 INFO  server.RaftServerConfigKeys (ConfUtils.java:logGet(43)) - raft.server.log.write.buffer.size = 33554432 (custom)
2019-07-13 14:44:37,026 INFO  server.RaftServerConfigKeys (ConfUtils.java:logGet(43)) - raft.server.log.write.buffer.size = 33554432 (custom)
2019-07-13 14:44:37,026 INFO  server.RaftServerConfigKeys (ConfUtils.java:logGet(43)) - raft.server.log.force.sync.num = 128 (default)
2019-07-13 14:44:37,026 INFO  server.RaftServerConfigKeys (ConfUtils.java:logGet(43)) - raft.server.log.force.sync.num = 128 (default)
2019-07-13 14:44:37,026 INFO  server.RaftServerConfigKeys (ConfUtils.java:logGet(43)) - raft.server.log.statemachine.data.sync = true (default)
2019-07-13 14:44:37,026 INFO  server.RaftServerConfigKeys (ConfUtils.java:logGet(43)) - raft.server.log.force.sync.num = 128 (default)
2019-07-13 14:44:37,027 INFO  server.RaftServerConfigKeys (ConfUtils.java:logGet(43)) - raft.server.log.statemachine.data.sync.timeout = 10s (default)
2019-07-13 14:44:37,027 INFO  server.RaftServerConfigKeys (ConfUtils.java:logGet(43)) - raft.server.log.statemachine.data.sync.timeout.retry = -1 (default)
2019-07-13 14:44:37,026 INFO  server.RaftServerConfigKeys (ConfUtils.java:logGet(43)) - raft.server.log.statemachine.data.sync = true (default)
2019-07-13 14:44:37,027 INFO  server.RaftServerConfigKeys (ConfUtils.java:logGet(43)) - raft.server.log.statemachine.data.caching.enabled = true (custom)
2019-07-13 14:44:37,027 INFO  server.RaftServerConfigKeys (ConfUtils.java:logGet(43)) - raft.server.log.statemachine.data.sync = true (default)
2019-07-13 14:44:37,027 INFO  server.RaftServerConfigKeys (ConfUtils.java:logGet(43)) - raft.server.log.statemachine.data.sync.timeout = 10s (default)
2019-07-13 14:44:37,027 INFO  server.RaftServerConfigKeys (ConfUtils.java:logGet(43)) - raft.server.log.statemachine.data.sync.timeout = 10s (default)
2019-07-13 14:44:37,027 INFO  segmented.SegmentedRaftLogWorker (SegmentedRaftLogWorker.java:lambda$new$0(132)) - a2e297f1-273a-48b1-880b-11fc2b52ea88-SegmentedRaftLogWorker:Storage Directory /tmp/workdir/hadoop-ozone/integration-test/target/test-dir/MiniOzoneClusterImpl-480568c9-7904-409a-9f10-e21cb57673e4/datanode-7/data/ratis/29ed0c37-9b38-40fe-96c0-88d5fb936681: flushIndex: setUnconditionally 0 -> -1
2019-07-13 14:44:37,028 INFO  server.RaftServerConfigKeys (ConfUtils.java:logGet(43)) - raft.server.log.statemachine.data.sync.timeout.retry = -1 (default)
2019-07-13 14:44:37,027 INFO  server.RaftServerConfigKeys (ConfUtils.java:logGet(43)) - raft.server.log.statemachine.data.sync.timeout.retry = -1 (default)
2019-07-13 14:44:37,028 INFO  server.RaftServerConfigKeys (ConfUtils.java:logGet(43)) - raft.server.log.statemachine.data.caching.enabled = true (custom)
2019-07-13 14:44:37,028 INFO  server.RaftServerConfigKeys (ConfUtils.java:logGet(43)) - raft.server.snapshot.auto.trigger.enabled = true (custom)
2019-07-13 14:44:37,028 INFO  server.RaftServerConfigKeys (ConfUtils.java:logGet(43)) - raft.server.log.statemachine.data.caching.enabled = true (custom)
2019-07-13 14:44:37,028 INFO  segmented.SegmentedRaftLogWorker (SegmentedRaftLogWorker.java:lambda$new$0(132)) - 7e852cca-55fd-4b89-91e8-0525300d9c7d-SegmentedRaftLogWorker:Storage Directory /tmp/workdir/hadoop-ozone/integration-test/target/test-dir/MiniOzoneClusterImpl-480568c9-7904-409a-9f10-e21cb57673e4/datanode-6/data/ratis/29ed0c37-9b38-40fe-96c0-88d5fb936681: flushIndex: setUnconditionally 0 -> -1
2019-07-13 14:44:37,028 INFO  server.RaftServerConfigKeys (ConfUtils.java:logGet(43)) - raft.server.snapshot.auto.trigger.threshold = 10000 (custom)
2019-07-13 14:44:37,029 INFO  segmented.SegmentedRaftLogWorker (SegmentedRaftLogWorker.java:lambda$new$0(132)) - ccd8458f-37a2-4d03-aaf8-73b71a69b099-SegmentedRaftLogWorker:Storage Directory /tmp/workdir/hadoop-ozone/integration-test/target/test-dir/MiniOzoneClusterImpl-480568c9-7904-409a-9f10-e21cb57673e4/datanode-4/data/ratis/29ed0c37-9b38-40fe-96c0-88d5fb936681: flushIndex: setUnconditionally 0 -> -1
2019-07-13 14:44:37,029 INFO  server.RaftServerConfigKeys (ConfUtils.java:logGet(43)) - raft.server.snapshot.auto.trigger.enabled = true (custom)
2019-07-13 14:44:37,029 INFO  server.RaftServerConfigKeys (ConfUtils.java:logGet(43)) - raft.server.retrycache.expirytime = 600000ms (custom)
2019-07-13 14:44:37,029 INFO  server.RaftServerConfigKeys (ConfUtils.java:logGet(43)) - raft.server.snapshot.auto.trigger.enabled = true (custom)
2019-07-13 14:44:37,029 INFO  server.RaftServerConfigKeys (ConfUtils.java:logGet(43)) - raft.server.snapshot.auto.trigger.threshold = 10000 (custom)
2019-07-13 14:44:37,029 INFO  server.RaftServerConfigKeys (ConfUtils.java:logGet(43)) - raft.server.snapshot.auto.trigger.threshold = 10000 (custom)
2019-07-13 14:44:37,029 INFO  impl.RaftServerImpl (RaftServerImpl.java:start(180)) - a2e297f1-273a-48b1-880b-11fc2b52ea88: start group-88D5FB936681
2019-07-13 14:44:37,029 INFO  server.RaftServerConfigKeys (ConfUtils.java:logGet(43)) - raft.server.retrycache.expirytime = 600000ms (custom)
2019-07-13 14:44:37,029 INFO  server.RaftServerConfigKeys (ConfUtils.java:logGet(43)) - raft.server.retrycache.expirytime = 600000ms (custom)
2019-07-13 14:44:37,030 INFO  impl.RaftServerImpl (RaftServerImpl.java:start(180)) - ccd8458f-37a2-4d03-aaf8-73b71a69b099: start group-88D5FB936681
2019-07-13 14:44:37,030 INFO  impl.RaftServerImpl (RaftServerImpl.java:start(180)) - 7e852cca-55fd-4b89-91e8-0525300d9c7d: start group-88D5FB936681
2019-07-13 14:44:37,029 INFO  impl.RaftServerImpl (RaftServerImpl.java:setRole(171)) - a2e297f1-273a-48b1-880b-11fc2b52ea88:group-88D5FB936681 changes role from null to FOLLOWER at term 0 for startAsFollower
2019-07-13 14:44:37,030 INFO  impl.RaftServerImpl (RaftServerImpl.java:setRole(171)) - 7e852cca-55fd-4b89-91e8-0525300d9c7d:group-88D5FB936681 changes role from null to FOLLOWER at term 0 for startAsFollower
2019-07-13 14:44:37,030 INFO  impl.RaftServerImpl (RaftServerImpl.java:setRole(171)) - ccd8458f-37a2-4d03-aaf8-73b71a69b099:group-88D5FB936681 changes role from null to FOLLOWER at term 0 for startAsFollower
2019-07-13 14:44:37,030 INFO  impl.RoleInfo (RoleInfo.java:updateAndGet(143)) - 7e852cca-55fd-4b89-91e8-0525300d9c7d: start FollowerState
2019-07-13 14:44:37,030 INFO  impl.RoleInfo (RoleInfo.java:updateAndGet(143)) - a2e297f1-273a-48b1-880b-11fc2b52ea88: start FollowerState
2019-07-13 14:44:37,030 INFO  impl.RoleInfo (RoleInfo.java:updateAndGet(143)) - ccd8458f-37a2-4d03-aaf8-73b71a69b099: start FollowerState
2019-07-13 14:44:37,031 INFO  util.JmxRegister (JmxRegister.java:tryRegister(44)) - Successfully registered JMX Bean with object name Ratis:service=RaftServer,group=group-88D5FB936681,id=7e852cca-55fd-4b89-91e8-0525300d9c7d
2019-07-13 14:44:37,031 INFO  util.JmxRegister (JmxRegister.java:tryRegister(44)) - Successfully registered JMX Bean with object name Ratis:service=RaftServer,group=group-88D5FB936681,id=a2e297f1-273a-48b1-880b-11fc2b52ea88
2019-07-13 14:44:37,031 INFO  util.JmxRegister (JmxRegister.java:tryRegister(44)) - Successfully registered JMX Bean with object name Ratis:service=RaftServer,group=group-88D5FB936681,id=ccd8458f-37a2-4d03-aaf8-73b71a69b099
2019-07-13 14:44:37,050 INFO  pipeline.PipelineStateManager (PipelineStateManager.java:addPipeline(56)) - Created pipeline Pipeline[ Id: 29ed0c37-9b38-40fe-96c0-88d5fb936681, Nodes: a2e297f1-273a-48b1-880b-11fc2b52ea88{ip: 192.168.5.172, host: trunk-nightly-mhs6z-4061744966, networkLocation: /default-rack, certSerialId: null}7e852cca-55fd-4b89-91e8-0525300d9c7d{ip: 192.168.5.172, host: trunk-nightly-mhs6z-4061744966, networkLocation: /default-rack, certSerialId: null}ccd8458f-37a2-4d03-aaf8-73b71a69b099{ip: 192.168.5.172, host: trunk-nightly-mhs6z-4061744966, networkLocation: /default-rack, certSerialId: null}, Type:RATIS, Factor:THREE, State:OPEN]
2019-07-13 14:44:37,072 INFO  impl.RaftServerProxy (RaftServerProxy.java:addNew(89)) - 6741e132-0fbb-447f-b5b2-de4615ce68d0: addNew group-2406871AB928:[6741e132-0fbb-447f-b5b2-de4615ce68d0:192.168.5.172:40654, c40f11a5-d25f-4465-9f00-9d93872fbf46:192.168.5.172:38754, 9901ddae-7d57-4288-88c3-fcc8e754c591:192.168.5.172:44506] returns group-2406871AB928:java.util.concurrent.CompletableFuture@2dbcf313[Not completed]
2019-07-13 14:44:37,072 INFO  impl.RaftServerProxy (RaftServerProxy.java:addNew(89)) - 9901ddae-7d57-4288-88c3-fcc8e754c591: addNew group-2406871AB928:[6741e132-0fbb-447f-b5b2-de4615ce68d0:192.168.5.172:40654, c40f11a5-d25f-4465-9f00-9d93872fbf46:192.168.5.172:38754, 9901ddae-7d57-4288-88c3-fcc8e754c591:192.168.5.172:44506] returns group-2406871AB928:java.util.concurrent.CompletableFuture@2d1ba072[Not completed]
2019-07-13 14:44:37,076 INFO  impl.RaftServerProxy (RaftServerProxy.java:addNew(89)) - c40f11a5-d25f-4465-9f00-9d93872fbf46: addNew group-2406871AB928:[6741e132-0fbb-447f-b5b2-de4615ce68d0:192.168.5.172:40654, c40f11a5-d25f-4465-9f00-9d93872fbf46:192.168.5.172:38754, 9901ddae-7d57-4288-88c3-fcc8e754c591:192.168.5.172:44506] returns group-2406871AB928:java.util.concurrent.CompletableFuture@5fe42374[Not completed]
2019-07-13 14:44:37,077 INFO  impl.RaftServerImpl (RaftServerImpl.java:<init>(93)) - 9901ddae-7d57-4288-88c3-fcc8e754c591: new RaftServerImpl for group-2406871AB928:[6741e132-0fbb-447f-b5b2-de4615ce68d0:192.168.5.172:40654, c40f11a5-d25f-4465-9f00-9d93872fbf46:192.168.5.172:38754, 9901ddae-7d57-4288-88c3-fcc8e754c591:192.168.5.172:44506] with ContainerStateMachine:uninitialized
2019-07-13 14:44:37,077 INFO  server.RaftServerConfigKeys (ConfUtils.java:logGet(43)) - raft.server.rpc.timeout.min = 5s (custom)
2019-07-13 14:44:37,077 INFO  server.RaftServerConfigKeys (ConfUtils.java:logGet(43)) - raft.server.rpc.timeout.max = 5200ms (custom)
2019-07-13 14:44:37,077 INFO  server.RaftServerConfigKeys (ConfUtils.java:logGet(43)) - raft.server.rpcslowness.timeout = 120s (custom)
2019-07-13 14:44:37,077 INFO  server.RaftServerConfigKeys (ConfUtils.java:logGet(43)) - raft.server.sleep.deviation.threshold = 300 (default)
2019-07-13 14:44:37,078 INFO  server.RaftServerConfigKeys (ConfUtils.java:logGet(43)) - raft.server.log.appender.install.snapshot.enabled = false (custom)
2019-07-13 14:44:37,078 INFO  impl.RaftServerImpl (ServerState.java:<init>(105)) - 9901ddae-7d57-4288-88c3-fcc8e754c591:group-2406871AB928 ConfigurationManager, init=-1: [6741e132-0fbb-447f-b5b2-de4615ce68d0:192.168.5.172:40654, c40f11a5-d25f-4465-9f00-9d93872fbf46:192.168.5.172:38754, 9901ddae-7d57-4288-88c3-fcc8e754c591:192.168.5.172:44506], old=null, confs=<EMPTY_MAP>
2019-07-13 14:44:37,078 INFO  server.RaftServerConfigKeys (ConfUtils.java:logGet(43)) - raft.server.storage.dir = [/tmp/workdir/hadoop-ozone/integration-test/target/test-dir/MiniOzoneClusterImpl-480568c9-7904-409a-9f10-e21cb57673e4/datanode-3/data/ratis] (custom)
2019-07-13 14:44:37,078 INFO  impl.RaftServerImpl (RaftServerImpl.java:<init>(93)) - 6741e132-0fbb-447f-b5b2-de4615ce68d0: new RaftServerImpl for group-2406871AB928:[6741e132-0fbb-447f-b5b2-de4615ce68d0:192.168.5.172:40654, c40f11a5-d25f-4465-9f00-9d93872fbf46:192.168.5.172:38754, 9901ddae-7d57-4288-88c3-fcc8e754c591:192.168.5.172:44506] with ContainerStateMachine:uninitialized
2019-07-13 14:44:37,078 INFO  server.RaftServerConfigKeys (ConfUtils.java:logGet(43)) - raft.server.rpc.timeout.min = 5s (custom)
2019-07-13 14:44:37,078 INFO  storage.RaftStorageDirectory (RaftStorageDirectory.java:analyzeStorage(246)) - The storage directory /tmp/workdir/hadoop-ozone/integration-test/target/test-dir/MiniOzoneClusterImpl-480568c9-7904-409a-9f10-e21cb57673e4/datanode-3/data/ratis/c34223af-0d4b-4451-86ad-2406871ab928 does not exist. Creating ...
2019-07-13 14:44:37,078 INFO  server.RaftServerConfigKeys (ConfUtils.java:logGet(43)) - raft.server.rpc.timeout.max = 5200ms (custom)
2019-07-13 14:44:37,079 INFO  impl.RaftServerImpl (RaftServerImpl.java:<init>(93)) - c40f11a5-d25f-4465-9f00-9d93872fbf46: new RaftServerImpl for group-2406871AB928:[6741e132-0fbb-447f-b5b2-de4615ce68d0:192.168.5.172:40654, c40f11a5-d25f-4465-9f00-9d93872fbf46:192.168.5.172:38754, 9901ddae-7d57-4288-88c3-fcc8e754c591:192.168.5.172:44506] with ContainerStateMachine:uninitialized
2019-07-13 14:44:37,079 INFO  server.RaftServerConfigKeys (ConfUtils.java:logGet(43)) - raft.server.rpcslowness.timeout = 120s (custom)
2019-07-13 14:44:37,079 INFO  server.RaftServerConfigKeys (ConfUtils.java:logGet(43)) - raft.server.rpc.timeout.min = 5s (custom)
2019-07-13 14:44:37,079 INFO  server.RaftServerConfigKeys (ConfUtils.java:logGet(43)) - raft.server.sleep.deviation.threshold = 300 (default)
2019-07-13 14:44:37,079 INFO  server.RaftServerConfigKeys (ConfUtils.java:logGet(43)) - raft.server.rpc.timeout.max = 5200ms (custom)
2019-07-13 14:44:37,079 INFO  server.RaftServerConfigKeys (ConfUtils.java:logGet(43)) - raft.server.log.appender.install.snapshot.enabled = false (custom)
2019-07-13 14:44:37,079 INFO  server.RaftServerConfigKeys (ConfUtils.java:logGet(43)) - raft.server.rpcslowness.timeout = 120s (custom)
2019-07-13 14:44:37,079 INFO  impl.RaftServerImpl (ServerState.java:<init>(105)) - 6741e132-0fbb-447f-b5b2-de4615ce68d0:group-2406871AB928 ConfigurationManager, init=-1: [6741e132-0fbb-447f-b5b2-de4615ce68d0:192.168.5.172:40654, c40f11a5-d25f-4465-9f00-9d93872fbf46:192.168.5.172:38754, 9901ddae-7d57-4288-88c3-fcc8e754c591:192.168.5.172:44506], old=null, confs=<EMPTY_MAP>
2019-07-13 14:44:37,080 INFO  server.RaftServerConfigKeys (ConfUtils.java:logGet(43)) - raft.server.sleep.deviation.threshold = 300 (default)
2019-07-13 14:44:37,080 INFO  server.RaftServerConfigKeys (ConfUtils.java:logGet(43)) - raft.server.storage.dir = [/tmp/workdir/hadoop-ozone/integration-test/target/test-dir/MiniOzoneClusterImpl-480568c9-7904-409a-9f10-e21cb57673e4/datanode-9/data/ratis] (custom)
2019-07-13 14:44:37,080 INFO  server.RaftServerConfigKeys (ConfUtils.java:logGet(43)) - raft.server.log.appender.install.snapshot.enabled = false (custom)
2019-07-13 14:44:37,080 INFO  impl.RaftServerImpl (ServerState.java:<init>(105)) - c40f11a5-d25f-4465-9f00-9d93872fbf46:group-2406871AB928 ConfigurationManager, init=-1: [6741e132-0fbb-447f-b5b2-de4615ce68d0:192.168.5.172:40654, c40f11a5-d25f-4465-9f00-9d93872fbf46:192.168.5.172:38754, 9901ddae-7d57-4288-88c3-fcc8e754c591:192.168.5.172:44506], old=null, confs=<EMPTY_MAP>
2019-07-13 14:44:37,080 INFO  storage.RaftStorageDirectory (RaftStorageDirectory.java:analyzeStorage(246)) - The storage directory /tmp/workdir/hadoop-ozone/integration-test/target/test-dir/MiniOzoneClusterImpl-480568c9-7904-409a-9f10-e21cb57673e4/datanode-9/data/ratis/c34223af-0d4b-4451-86ad-2406871ab928 does not exist. Creating ...
2019-07-13 14:44:37,080 INFO  server.RaftServerConfigKeys (ConfUtils.java:logGet(43)) - raft.server.storage.dir = [/tmp/workdir/hadoop-ozone/integration-test/target/test-dir/MiniOzoneClusterImpl-480568c9-7904-409a-9f10-e21cb57673e4/datanode-1/data/ratis] (custom)
2019-07-13 14:44:37,081 INFO  storage.RaftStorageDirectory (RaftStorageDirectory.java:analyzeStorage(246)) - The storage directory /tmp/workdir/hadoop-ozone/integration-test/target/test-dir/MiniOzoneClusterImpl-480568c9-7904-409a-9f10-e21cb57673e4/datanode-1/data/ratis/c34223af-0d4b-4451-86ad-2406871ab928 does not exist. Creating ...
2019-07-13 14:44:37,091 INFO  storage.RaftStorageDirectory (RaftStorageDirectory.java:tryLock(328)) - Lock on /tmp/workdir/hadoop-ozone/integration-test/target/test-dir/MiniOzoneClusterImpl-480568c9-7904-409a-9f10-e21cb57673e4/datanode-3/data/ratis/c34223af-0d4b-4451-86ad-2406871ab928/in_use.lock acquired by nodename 24737@trunk-nightly-mhs6z-4061744966
2019-07-13 14:44:37,091 INFO  storage.RaftStorageDirectory (RaftStorageDirectory.java:tryLock(328)) - Lock on /tmp/workdir/hadoop-ozone/integration-test/target/test-dir/MiniOzoneClusterImpl-480568c9-7904-409a-9f10-e21cb57673e4/datanode-9/data/ratis/c34223af-0d4b-4451-86ad-2406871ab928/in_use.lock acquired by nodename 24737@trunk-nightly-mhs6z-4061744966
2019-07-13 14:44:37,091 INFO  storage.RaftStorageDirectory (RaftStorageDirectory.java:tryLock(328)) - Lock on /tmp/workdir/hadoop-ozone/integration-test/target/test-dir/MiniOzoneClusterImpl-480568c9-7904-409a-9f10-e21cb57673e4/datanode-1/data/ratis/c34223af-0d4b-4451-86ad-2406871ab928/in_use.lock acquired by nodename 24737@trunk-nightly-mhs6z-4061744966
2019-07-13 14:44:37,097 INFO  storage.RaftStorage (RaftStorage.java:format(72)) - Storage directory /tmp/workdir/hadoop-ozone/integration-test/target/test-dir/MiniOzoneClusterImpl-480568c9-7904-409a-9f10-e21cb57673e4/datanode-3/data/ratis/c34223af-0d4b-4451-86ad-2406871ab928 has been successfully formatted.
2019-07-13 14:44:37,097 INFO  storage.RaftStorage (RaftStorage.java:format(72)) - Storage directory /tmp/workdir/hadoop-ozone/integration-test/target/test-dir/MiniOzoneClusterImpl-480568c9-7904-409a-9f10-e21cb57673e4/datanode-1/data/ratis/c34223af-0d4b-4451-86ad-2406871ab928 has been successfully formatted.
2019-07-13 14:44:37,097 INFO  storage.RaftStorage (RaftStorage.java:format(72)) - Storage directory /tmp/workdir/hadoop-ozone/integration-test/target/test-dir/MiniOzoneClusterImpl-480568c9-7904-409a-9f10-e21cb57673e4/datanode-9/data/ratis/c34223af-0d4b-4451-86ad-2406871ab928 has been successfully formatted.
2019-07-13 14:44:37,097 INFO  ratis.ContainerStateMachine (ContainerStateMachine.java:loadSnapshot(200)) - The snapshot info is null.Setting the last applied index to:(t:0, i:~)
2019-07-13 14:44:37,098 INFO  ratis.ContainerStateMachine (ContainerStateMachine.java:loadSnapshot(200)) - The snapshot info is null.Setting the last applied index to:(t:0, i:~)
2019-07-13 14:44:37,097 INFO  ratis.ContainerStateMachine (ContainerStateMachine.java:loadSnapshot(200)) - The snapshot info is null.Setting the last applied index to:(t:0, i:~)
2019-07-13 14:44:37,098 INFO  server.RaftServerConfigKeys (ConfUtils.java:logGet(43)) - raft.server.leader.election.timeout = 120s (custom)
2019-07-13 14:44:37,098 INFO  server.RaftServerConfigKeys (ConfUtils.java:logGet(43)) - raft.server.leader.election.timeout = 120s (custom)
2019-07-13 14:44:37,098 INFO  server.RaftServerConfigKeys (ConfUtils.java:logGet(43)) - raft.server.log.use.memory = false (default)
2019-07-13 14:44:37,098 INFO  server.RaftServerConfigKeys (ConfUtils.java:logGet(43)) - raft.server.leader.election.timeout = 120s (custom)
2019-07-13 14:44:37,098 INFO  server.RaftServerConfigKeys (ConfUtils.java:logGet(43)) - raft.server.log.purge.gap = 1000000000 (custom)
2019-07-13 14:44:37,098 INFO  server.RaftServerConfigKeys (ConfUtils.java:logGet(43)) - raft.server.log.use.memory = false (default)
2019-07-13 14:44:37,099 INFO  server.RaftServerConfigKeys (ConfUtils.java:logGet(43)) - raft.server.log.appender.buffer.byte-limit = 33554432 (custom)
2019-07-13 14:44:37,098 INFO  server.RaftServerConfigKeys (ConfUtils.java:logGet(43)) - raft.server.log.use.memory = false (default)
2019-07-13 14:44:37,099 INFO  server.RaftServerConfigKeys (ConfUtils.java:logGet(43)) - raft.server.log.segment.size.max = 1048576 (custom)
2019-07-13 14:44:37,099 INFO  server.RaftServerConfigKeys (ConfUtils.java:logGet(43)) - raft.server.log.purge.gap = 1000000000 (custom)
2019-07-13 14:44:37,099 INFO  server.RaftServerConfigKeys (ConfUtils.java:logGet(43)) - raft.server.log.segment.cache.num.max = 2 (custom)
2019-07-13 14:44:37,099 INFO  server.RaftServerConfigKeys (ConfUtils.java:logGet(43)) - raft.server.log.purge.gap = 1000000000 (custom)
2019-07-13 14:44:37,099 INFO  segmented.SegmentedRaftLogWorker (SegmentedRaftLogWorker.java:<init>(172)) - new 6741e132-0fbb-447f-b5b2-de4615ce68d0-SegmentedRaftLogWorker:Storage Directory /tmp/workdir/hadoop-ozone/integration-test/target/test-dir/MiniOzoneClusterImpl-480568c9-7904-409a-9f10-e21cb57673e4/datanode-9/data/ratis/c34223af-0d4b-4451-86ad-2406871ab928 for RaftStorage:Storage Directory /tmp/workdir/hadoop-ozone/integration-test/target/test-dir/MiniOzoneClusterImpl-480568c9-7904-409a-9f10-e21cb57673e4/datanode-9/data/ratis/c34223af-0d4b-4451-86ad-2406871ab928
2019-07-13 14:44:37,099 INFO  server.RaftServerConfigKeys (ConfUtils.java:logGet(43)) - raft.server.log.appender.buffer.byte-limit = 33554432 (custom)
2019-07-13 14:44:37,100 INFO  server.RaftServerConfigKeys (ConfUtils.java:logGet(43)) - raft.server.log.queue.byte-limit = 2147483647 (custom)
2019-07-13 14:44:37,100 INFO  server.RaftServerConfigKeys (ConfUtils.java:logGet(43)) - raft.server.log.appender.buffer.byte-limit = 33554432 (custom)
2019-07-13 14:44:37,102 INFO  server.RaftServerConfigKeys (ConfUtils.java:logGet(43)) - raft.server.log.queue.element-limit = 1024 (custom)
2019-07-13 14:44:37,100 INFO  server.RaftServerConfigKeys (ConfUtils.java:logGet(43)) - raft.server.log.segment.size.max = 1048576 (custom)
2019-07-13 14:44:37,102 INFO  server.RaftServerConfigKeys (ConfUtils.java:logGet(43)) - raft.server.log.segment.size.max = 1048576 (custom)
2019-07-13 14:44:37,102 INFO  server.RaftServerConfigKeys (ConfUtils.java:logGet(43)) - raft.server.log.segment.size.max = 1048576 (custom)
2019-07-13 14:44:37,102 INFO  server.RaftServerConfigKeys (ConfUtils.java:logGet(43)) - raft.server.log.preallocated.size = 16384 (custom)
2019-07-13 14:44:37,102 INFO  server.RaftServerConfigKeys (ConfUtils.java:logGet(43)) - raft.server.log.segment.cache.num.max = 2 (custom)
2019-07-13 14:44:37,103 INFO  server.RaftServerConfigKeys (ConfUtils.java:logGet(43)) - raft.server.log.write.buffer.size = 33554432 (custom)
2019-07-13 14:44:37,103 INFO  server.RaftServerConfigKeys (ConfUtils.java:logGet(43)) - raft.server.log.force.sync.num = 128 (default)
2019-07-13 14:44:37,103 INFO  server.RaftServerConfigKeys (ConfUtils.java:logGet(43)) - raft.server.log.segment.cache.num.max = 2 (custom)
2019-07-13 14:44:37,103 INFO  server.RaftServerConfigKeys (ConfUtils.java:logGet(43)) - raft.server.log.statemachine.data.sync = true (default)
2019-07-13 14:44:37,103 INFO  segmented.SegmentedRaftLogWorker (SegmentedRaftLogWorker.java:<init>(172)) - new 9901ddae-7d57-4288-88c3-fcc8e754c591-SegmentedRaftLogWorker:Storage Directory /tmp/workdir/hadoop-ozone/integration-test/target/test-dir/MiniOzoneClusterImpl-480568c9-7904-409a-9f10-e21cb57673e4/datanode-3/data/ratis/c34223af-0d4b-4451-86ad-2406871ab928 for RaftStorage:Storage Directory /tmp/workdir/hadoop-ozone/integration-test/target/test-dir/MiniOzoneClusterImpl-480568c9-7904-409a-9f10-e21cb57673e4/datanode-3/data/ratis/c34223af-0d4b-4451-86ad-2406871ab928
2019-07-13 14:44:37,103 INFO  server.RaftServerConfigKeys (ConfUtils.java:logGet(43)) - raft.server.log.statemachine.data.sync.timeout = 10s (default)
2019-07-13 14:44:37,103 INFO  segmented.SegmentedRaftLogWorker (SegmentedRaftLogWorker.java:<init>(172)) - new c40f11a5-d25f-4465-9f00-9d93872fbf46-SegmentedRaftLogWorker:Storage Directory /tmp/workdir/hadoop-ozone/integration-test/target/test-dir/MiniOzoneClusterImpl-480568c9-7904-409a-9f10-e21cb57673e4/datanode-1/data/ratis/c34223af-0d4b-4451-86ad-2406871ab928 for RaftStorage:Storage Directory /tmp/workdir/hadoop-ozone/integration-test/target/test-dir/MiniOzoneClusterImpl-480568c9-7904-409a-9f10-e21cb57673e4/datanode-1/data/ratis/c34223af-0d4b-4451-86ad-2406871ab928
2019-07-13 14:44:37,104 INFO  server.RaftServerConfigKeys (ConfUtils.java:logGet(43)) - raft.server.log.statemachine.data.sync.timeout.retry = -1 (default)
2019-07-13 14:44:37,104 INFO  server.RaftServerConfigKeys (ConfUtils.java:logGet(43)) - raft.server.log.queue.byte-limit = 2147483647 (custom)
2019-07-13 14:44:37,118 INFO  server.RaftServerConfigKeys (ConfUtils.java:logGet(43)) - raft.server.log.statemachine.data.caching.enabled = true (custom)
2019-07-13 14:44:37,116 INFO  server.RaftServerConfigKeys (ConfUtils.java:logGet(43)) - raft.server.log.queue.byte-limit = 2147483647 (custom)
2019-07-13 14:44:37,119 INFO  segmented.SegmentedRaftLogWorker (SegmentedRaftLogWorker.java:lambda$new$0(132)) - 6741e132-0fbb-447f-b5b2-de4615ce68d0-SegmentedRaftLogWorker:Storage Directory /tmp/workdir/hadoop-ozone/integration-test/target/test-dir/MiniOzoneClusterImpl-480568c9-7904-409a-9f10-e21cb57673e4/datanode-9/data/ratis/c34223af-0d4b-4451-86ad-2406871ab928: flushIndex: setUnconditionally 0 -> -1
2019-07-13 14:44:37,118 INFO  server.RaftServerConfigKeys (ConfUtils.java:logGet(43)) - raft.server.log.queue.element-limit = 1024 (custom)
2019-07-13 14:44:37,119 INFO  server.RaftServerConfigKeys (ConfUtils.java:logGet(43)) - raft.server.log.queue.element-limit = 1024 (custom)
2019-07-13 14:44:37,119 INFO  server.RaftServerConfigKeys (ConfUtils.java:logGet(43)) - raft.server.snapshot.auto.trigger.enabled = true (custom)
2019-07-13 14:44:37,119 INFO  server.RaftServerConfigKeys (ConfUtils.java:logGet(43)) - raft.server.log.segment.size.max = 1048576 (custom)
2019-07-13 14:44:37,119 INFO  server.RaftServerConfigKeys (ConfUtils.java:logGet(43)) - raft.server.snapshot.auto.trigger.threshold = 10000 (custom)
2019-07-13 14:44:37,119 INFO  server.RaftServerConfigKeys (ConfUtils.java:logGet(43)) - raft.server.log.segment.size.max = 1048576 (custom)
2019-07-13 14:44:37,120 INFO  server.RaftServerConfigKeys (ConfUtils.java:logGet(43)) - raft.server.retrycache.expirytime = 600000ms (custom)
2019-07-13 14:44:37,119 INFO  server.RaftServerConfigKeys (ConfUtils.java:logGet(43)) - raft.server.log.preallocated.size = 16384 (custom)
2019-07-13 14:44:37,120 INFO  impl.RaftServerImpl (RaftServerImpl.java:start(180)) - 6741e132-0fbb-447f-b5b2-de4615ce68d0: start group-2406871AB928
2019-07-13 14:44:37,120 INFO  server.RaftServerConfigKeys (ConfUtils.java:logGet(43)) - raft.server.log.preallocated.size = 16384 (custom)
2019-07-13 14:44:37,120 INFO  impl.RaftServerImpl (RaftServerImpl.java:setRole(171)) - 6741e132-0fbb-447f-b5b2-de4615ce68d0:group-2406871AB928 changes role from null to FOLLOWER at term 0 for startAsFollower
2019-07-13 14:44:37,120 INFO  server.RaftServerConfigKeys (ConfUtils.java:logGet(43)) - raft.server.log.write.buffer.size = 33554432 (custom)
2019-07-13 14:44:37,120 INFO  impl.RoleInfo (RoleInfo.java:updateAndGet(143)) - 6741e132-0fbb-447f-b5b2-de4615ce68d0: start FollowerState
2019-07-13 14:44:37,120 INFO  server.RaftServerConfigKeys (ConfUtils.java:logGet(43)) - raft.server.log.write.buffer.size = 33554432 (custom)
2019-07-13 14:44:37,120 INFO  server.RaftServerConfigKeys (ConfUtils.java:logGet(43)) - raft.server.log.force.sync.num = 128 (default)
2019-07-13 14:44:37,121 INFO  util.JmxRegister (JmxRegister.java:tryRegister(44)) - Successfully registered JMX Bean with object name Ratis:service=RaftServer,group=group-2406871AB928,id=6741e132-0fbb-447f-b5b2-de4615ce68d0
2019-07-13 14:44:37,121 INFO  server.RaftServerConfigKeys (ConfUtils.java:logGet(43)) - raft.server.log.force.sync.num = 128 (default)
2019-07-13 14:44:37,121 INFO  server.RaftServerConfigKeys (ConfUtils.java:logGet(43)) - raft.server.log.statemachine.data.sync = true (default)
2019-07-13 14:44:37,121 INFO  server.RaftServerConfigKeys (ConfUtils.java:logGet(43)) - raft.server.log.statemachine.data.sync = true (default)
2019-07-13 14:44:37,121 INFO  server.RaftServerConfigKeys (ConfUtils.java:logGet(43)) - raft.server.log.statemachine.data.sync.timeout = 10s (default)
2019-07-13 14:44:37,122 INFO  server.RaftServerConfigKeys (ConfUtils.java:logGet(43)) - raft.server.log.statemachine.data.sync.timeout = 10s (default)
2019-07-13 14:44:37,122 INFO  server.RaftServerConfigKeys (ConfUtils.java:logGet(43)) - raft.server.log.statemachine.data.sync.timeout.retry = -1 (default)
2019-07-13 14:44:37,122 INFO  server.RaftServerConfigKeys (ConfUtils.java:logGet(43)) - raft.server.log.statemachine.data.sync.timeout.retry = -1 (default)
2019-07-13 14:44:37,122 INFO  server.RaftServerConfigKeys (ConfUtils.java:logGet(43)) - raft.server.log.statemachine.data.caching.enabled = true (custom)
2019-07-13 14:44:37,122 INFO  server.RaftServerConfigKeys (ConfUtils.java:logGet(43)) - raft.server.log.statemachine.data.caching.enabled = true (custom)
2019-07-13 14:44:37,122 INFO  segmented.SegmentedRaftLogWorker (SegmentedRaftLogWorker.java:lambda$new$0(132)) - 9901ddae-7d57-4288-88c3-fcc8e754c591-SegmentedRaftLogWorker:Storage Directory /tmp/workdir/hadoop-ozone/integration-test/target/test-dir/MiniOzoneClusterImpl-480568c9-7904-409a-9f10-e21cb57673e4/datanode-3/data/ratis/c34223af-0d4b-4451-86ad-2406871ab928: flushIndex: setUnconditionally 0 -> -1
2019-07-13 14:44:37,125 INFO  segmented.SegmentedRaftLogWorker (SegmentedRaftLogWorker.java:lambda$new$0(132)) - c40f11a5-d25f-4465-9f00-9d93872fbf46-SegmentedRaftLogWorker:Storage Directory /tmp/workdir/hadoop-ozone/integration-test/target/test-dir/MiniOzoneClusterImpl-480568c9-7904-409a-9f10-e21cb57673e4/datanode-1/data/ratis/c34223af-0d4b-4451-86ad-2406871ab928: flushIndex: setUnconditionally 0 -> -1
2019-07-13 14:44:37,125 INFO  server.RaftServerConfigKeys (ConfUtils.java:logGet(43)) - raft.server.snapshot.auto.trigger.enabled = true (custom)
2019-07-13 14:44:37,126 INFO  server.RaftServerConfigKeys (ConfUtils.java:logGet(43)) - raft.server.snapshot.auto.trigger.threshold = 10000 (custom)
2019-07-13 14:44:37,126 INFO  server.RaftServerConfigKeys (ConfUtils.java:logGet(43)) - raft.server.snapshot.auto.trigger.enabled = true (custom)
2019-07-13 14:44:37,126 INFO  server.RaftServerConfigKeys (ConfUtils.java:logGet(43)) - raft.server.retrycache.expirytime = 600000ms (custom)
2019-07-13 14:44:37,126 INFO  server.RaftServerConfigKeys (ConfUtils.java:logGet(43)) - raft.server.snapshot.auto.trigger.threshold = 10000 (custom)
2019-07-13 14:44:37,126 INFO  impl.RaftServerImpl (RaftServerImpl.java:start(180)) - 9901ddae-7d57-4288-88c3-fcc8e754c591: start group-2406871AB928
2019-07-13 14:44:37,126 INFO  impl.RaftServerImpl (RaftServerImpl.java:setRole(171)) - 9901ddae-7d57-4288-88c3-fcc8e754c591:group-2406871AB928 changes role from null to FOLLOWER at term 0 for startAsFollower
2019-07-13 14:44:37,127 INFO  server.RaftServerConfigKeys (ConfUtils.java:logGet(43)) - raft.server.retrycache.expirytime = 600000ms (custom)
2019-07-13 14:44:37,127 INFO  impl.RoleInfo (RoleInfo.java:updateAndGet(143)) - 9901ddae-7d57-4288-88c3-fcc8e754c591: start FollowerState
2019-07-13 14:44:37,127 INFO  impl.RaftServerImpl (RaftServerImpl.java:start(180)) - c40f11a5-d25f-4465-9f00-9d93872fbf46: start group-2406871AB928
2019-07-13 14:44:37,127 INFO  impl.RaftServerImpl (RaftServerImpl.java:setRole(171)) - c40f11a5-d25f-4465-9f00-9d93872fbf46:group-2406871AB928 changes role from null to FOLLOWER at term 0 for startAsFollower
2019-07-13 14:44:37,127 INFO  util.JmxRegister (JmxRegister.java:tryRegister(44)) - Successfully registered JMX Bean with object name Ratis:service=RaftServer,group=group-2406871AB928,id=9901ddae-7d57-4288-88c3-fcc8e754c591
2019-07-13 14:44:37,127 INFO  impl.RoleInfo (RoleInfo.java:updateAndGet(143)) - c40f11a5-d25f-4465-9f00-9d93872fbf46: start FollowerState
2019-07-13 14:44:37,128 INFO  util.JmxRegister (JmxRegister.java:tryRegister(44)) - Successfully registered JMX Bean with object name Ratis:service=RaftServer,group=group-2406871AB928,id=c40f11a5-d25f-4465-9f00-9d93872fbf46
2019-07-13 14:44:37,136 INFO  pipeline.PipelineStateManager (PipelineStateManager.java:addPipeline(56)) - Created pipeline Pipeline[ Id: c34223af-0d4b-4451-86ad-2406871ab928, Nodes: c40f11a5-d25f-4465-9f00-9d93872fbf46{ip: 192.168.5.172, host: trunk-nightly-mhs6z-4061744966, networkLocation: /default-rack, certSerialId: null}6741e132-0fbb-447f-b5b2-de4615ce68d0{ip: 192.168.5.172, host: trunk-nightly-mhs6z-4061744966, networkLocation: /default-rack, certSerialId: null}9901ddae-7d57-4288-88c3-fcc8e754c591{ip: 192.168.5.172, host: trunk-nightly-mhs6z-4061744966, networkLocation: /default-rack, certSerialId: null}, Type:RATIS, Factor:THREE, State:OPEN]
2019-07-13 14:44:37,205 INFO  ozone.MiniOzoneClusterImpl (MiniOzoneClusterImpl.java:getStorageContainerLocationClient(241)) - Creating StorageContainerLocationProtocol RPC client with address /0.0.0.0:35680
2019-07-13 14:44:37,271 INFO  rpc.RpcClient (RpcClient.java:createVolume(287)) - Creating Volume: ea2edd0c-4e65-4a32-9a8a-17c7f8552c7f, with jenkins1000 as owner.
2019-07-13 14:44:37,318 INFO  rpc.RpcClient (RpcClient.java:createBucket(424)) - Creating Bucket: ea2edd0c-4e65-4a32-9a8a-17c7f8552c7f/5f9daf3e-2cb2-472c-af1c-c80edc8ca989, with Versioning false and Storage Type set to DISK and Encryption set to false 
2019-07-13 14:44:37,628 INFO  client.GrpcClientProtocolClient (GrpcClientProtocolClient.java:onNext(255)) - client-C768544184C0->c40f11a5-d25f-4465-9f00-9d93872fbf46: receive RaftClientReply:client-C768544184C0->c40f11a5-d25f-4465-9f00-9d93872fbf46@group-2406871AB928, cid=19, FAILED org.apache.ratis.protocol.NotLeaderException: Server c40f11a5-d25f-4465-9f00-9d93872fbf46 is not the leader (null). Request must be sent to leader., logIndex=0, commits[c40f11a5-d25f-4465-9f00-9d93872fbf46:c-1]
2019-07-13 14:44:37,788 INFO  container.ReplicationManager (ReplicationManager.java:start(155)) - Starting Replication Monitor Thread.
2019-07-13 14:44:37,792 INFO  container.ReplicationManager (ReplicationManager.java:run(207)) - Replication Monitor Thread took 4 milliseconds for processing 1 containers.
2019-07-13 14:44:38,676 INFO  client.GrpcClientProtocolClient (GrpcClientProtocolClient.java:onNext(255)) - client-C768544184C0->6741e132-0fbb-447f-b5b2-de4615ce68d0: receive RaftClientReply:client-C768544184C0->6741e132-0fbb-447f-b5b2-de4615ce68d0@group-2406871AB928, cid=19, FAILED org.apache.ratis.protocol.NotLeaderException: Server 6741e132-0fbb-447f-b5b2-de4615ce68d0 is not the leader (null). Request must be sent to leader., logIndex=0, commits[6741e132-0fbb-447f-b5b2-de4615ce68d0:c-1]
2019-07-13 14:44:39,710 INFO  client.GrpcClientProtocolClient (GrpcClientProtocolClient.java:onNext(255)) - client-C768544184C0->9901ddae-7d57-4288-88c3-fcc8e754c591: receive RaftClientReply:client-C768544184C0->9901ddae-7d57-4288-88c3-fcc8e754c591@group-2406871AB928, cid=19, FAILED org.apache.ratis.protocol.NotLeaderException: Server 9901ddae-7d57-4288-88c3-fcc8e754c591 is not the leader (null). Request must be sent to leader., logIndex=0, commits[9901ddae-7d57-4288-88c3-fcc8e754c591:c-1]
2019-07-13 14:44:40,738 INFO  client.GrpcClientProtocolClient (GrpcClientProtocolClient.java:onNext(255)) - client-C768544184C0->c40f11a5-d25f-4465-9f00-9d93872fbf46: receive RaftClientReply:client-C768544184C0->c40f11a5-d25f-4465-9f00-9d93872fbf46@group-2406871AB928, cid=19, FAILED org.apache.ratis.protocol.NotLeaderException: Server c40f11a5-d25f-4465-9f00-9d93872fbf46 is not the leader (null). Request must be sent to leader., logIndex=0, commits[c40f11a5-d25f-4465-9f00-9d93872fbf46:c-1]
2019-07-13 14:44:41,066 INFO  impl.FollowerState (FollowerState.java:run(106)) - 8b42a1db-450e-476a-ac1e-9bd5ae202316:group-8ABCF232CB6E changes to CANDIDATE, lastRpcTime:5001, electionTimeout:5000ms
2019-07-13 14:44:41,067 INFO  impl.RoleInfo (RoleInfo.java:shutdownFollowerState(121)) - 8b42a1db-450e-476a-ac1e-9bd5ae202316: shutdown FollowerState
2019-07-13 14:44:41,067 INFO  impl.RaftServerImpl (RaftServerImpl.java:setRole(171)) - 8b42a1db-450e-476a-ac1e-9bd5ae202316:group-8ABCF232CB6E changes role from FOLLOWER to CANDIDATE at term 0 for changeToCandidate
2019-07-13 14:44:41,076 INFO  impl.RoleInfo (RoleInfo.java:updateAndGet(143)) - 8b42a1db-450e-476a-ac1e-9bd5ae202316: start LeaderElection
2019-07-13 14:44:41,091 INFO  impl.LeaderElection (LeaderElection.java:askForVotes(181)) - 8b42a1db-450e-476a-ac1e-9bd5ae202316:group-8ABCF232CB6E:LeaderElection1: begin an election at term 1 for -1: [8b42a1db-450e-476a-ac1e-9bd5ae202316:192.168.5.172:33335], old=null
2019-07-13 14:44:41,092 INFO  impl.RoleInfo (RoleInfo.java:shutdownLeaderElection(134)) - 8b42a1db-450e-476a-ac1e-9bd5ae202316: shutdown LeaderElection
2019-07-13 14:44:41,093 INFO  impl.RaftServerImpl (RaftServerImpl.java:setRole(171)) - 8b42a1db-450e-476a-ac1e-9bd5ae202316:group-8ABCF232CB6E changes role from CANDIDATE to LEADER at term 1 for changeToLeader
2019-07-13 14:44:41,093 INFO  impl.RaftServerImpl (ServerState.java:setLeader(263)) - 8b42a1db-450e-476a-ac1e-9bd5ae202316:group-8ABCF232CB6E change Leader from null to 8b42a1db-450e-476a-ac1e-9bd5ae202316 at term 1 for becomeLeader, leader elected after 5107ms
2019-07-13 14:44:41,104 INFO  server.RaftServerConfigKeys (ConfUtils.java:logGet(43)) - raft.server.staging.catchup.gap = 1000 (default)
2019-07-13 14:44:41,104 INFO  server.RaftServerConfigKeys (ConfUtils.java:logGet(43)) - raft.server.rpc.sleep.time = 25ms (default)
2019-07-13 14:44:41,107 INFO  server.RaftServerConfigKeys (ConfUtils.java:logGet(43)) - raft.server.write.element-limit = 4096 (default)
2019-07-13 14:44:41,111 INFO  server.RaftServerConfigKeys (ConfUtils.java:logGet(43)) - raft.server.watch.timeout = 10s (default)
2019-07-13 14:44:41,111 INFO  server.RaftServerConfigKeys (ConfUtils.java:logGet(43)) - raft.server.watch.timeout.denomination = 1s (default)
2019-07-13 14:44:41,112 INFO  server.RaftServerConfigKeys (ConfUtils.java:logGet(43)) - raft.server.watch.element-limit = 65536 (default)
2019-07-13 14:44:41,123 INFO  impl.RoleInfo (RoleInfo.java:updateAndGet(143)) - 8b42a1db-450e-476a-ac1e-9bd5ae202316: start LeaderState
2019-07-13 14:44:41,151 INFO  segmented.SegmentedRaftLogWorker (SegmentedRaftLogWorker.java:startLogSegment(380)) - 8b42a1db-450e-476a-ac1e-9bd5ae202316-SegmentedRaftLogWorker:Storage Directory /tmp/workdir/hadoop-ozone/integration-test/target/test-dir/MiniOzoneClusterImpl-480568c9-7904-409a-9f10-e21cb57673e4/datanode-0/data/ratis/360b3f83-7e9f-48f3-a8a0-8abcf232cb6e: Starting segment from index:0
2019-07-13 14:44:41,161 INFO  impl.RaftServerImpl (ServerState.java:setRaftConf(361)) - 8b42a1db-450e-476a-ac1e-9bd5ae202316:group-8ABCF232CB6E set configuration 0: [8b42a1db-450e-476a-ac1e-9bd5ae202316:192.168.5.172:33335], old=null at 0
2019-07-13 14:44:41,335 INFO  segmented.SegmentedRaftLogWorker (SegmentedRaftLogWorker.java:execute(569)) - 8b42a1db-450e-476a-ac1e-9bd5ae202316-SegmentedRaftLogWorker:Storage Directory /tmp/workdir/hadoop-ozone/integration-test/target/test-dir/MiniOzoneClusterImpl-480568c9-7904-409a-9f10-e21cb57673e4/datanode-0/data/ratis/360b3f83-7e9f-48f3-a8a0-8abcf232cb6e: created new log segment /tmp/workdir/hadoop-ozone/integration-test/target/test-dir/MiniOzoneClusterImpl-480568c9-7904-409a-9f10-e21cb57673e4/datanode-0/data/ratis/360b3f83-7e9f-48f3-a8a0-8abcf232cb6e/current/log_inprogress_0
2019-07-13 14:44:41,476 INFO  impl.FollowerState (FollowerState.java:run(106)) - 8c130fdc-8e4b-4296-b41f-25b1fd079138:group-401D079C6692 changes to CANDIDATE, lastRpcTime:5196, electionTimeout:5194ms
2019-07-13 14:44:41,481 INFO  impl.RoleInfo (RoleInfo.java:shutdownFollowerState(121)) - 8c130fdc-8e4b-4296-b41f-25b1fd079138: shutdown FollowerState
2019-07-13 14:44:41,481 INFO  impl.RaftServerImpl (RaftServerImpl.java:setRole(171)) - 8c130fdc-8e4b-4296-b41f-25b1fd079138:group-401D079C6692 changes role from FOLLOWER to CANDIDATE at term 0 for changeToCandidate
2019-07-13 14:44:41,482 INFO  impl.RoleInfo (RoleInfo.java:updateAndGet(143)) - 8c130fdc-8e4b-4296-b41f-25b1fd079138: start LeaderElection
2019-07-13 14:44:41,495 INFO  impl.LeaderElection (LeaderElection.java:askForVotes(181)) - 8c130fdc-8e4b-4296-b41f-25b1fd079138:group-401D079C6692:LeaderElection2: begin an election at term 1 for -1: [8c130fdc-8e4b-4296-b41f-25b1fd079138:192.168.5.172:46131], old=null
2019-07-13 14:44:41,503 INFO  impl.RoleInfo (RoleInfo.java:shutdownLeaderElection(134)) - 8c130fdc-8e4b-4296-b41f-25b1fd079138: shutdown LeaderElection
2019-07-13 14:44:41,503 INFO  impl.RaftServerImpl (RaftServerImpl.java:setRole(171)) - 8c130fdc-8e4b-4296-b41f-25b1fd079138:group-401D079C6692 changes role from CANDIDATE to LEADER at term 1 for changeToLeader
2019-07-13 14:44:41,504 INFO  impl.RaftServerImpl (ServerState.java:setLeader(263)) - 8c130fdc-8e4b-4296-b41f-25b1fd079138:group-401D079C6692 change Leader from null to 8c130fdc-8e4b-4296-b41f-25b1fd079138 at term 1 for becomeLeader, leader elected after 5231ms
2019-07-13 14:44:41,507 INFO  server.RaftServerConfigKeys (ConfUtils.java:logGet(43)) - raft.server.staging.catchup.gap = 1000 (default)
2019-07-13 14:44:41,507 INFO  server.RaftServerConfigKeys (ConfUtils.java:logGet(43)) - raft.server.rpc.sleep.time = 25ms (default)
2019-07-13 14:44:41,508 INFO  server.RaftServerConfigKeys (ConfUtils.java:logGet(43)) - raft.server.write.element-limit = 4096 (default)
2019-07-13 14:44:41,508 INFO  server.RaftServerConfigKeys (ConfUtils.java:logGet(43)) - raft.server.watch.timeout = 10s (default)
2019-07-13 14:44:41,508 INFO  server.RaftServerConfigKeys (ConfUtils.java:logGet(43)) - raft.server.watch.timeout.denomination = 1s (default)
2019-07-13 14:44:41,508 INFO  server.RaftServerConfigKeys (ConfUtils.java:logGet(43)) - raft.server.watch.element-limit = 65536 (default)
2019-07-13 14:44:41,509 INFO  impl.RoleInfo (RoleInfo.java:updateAndGet(143)) - 8c130fdc-8e4b-4296-b41f-25b1fd079138: start LeaderState
2019-07-13 14:44:41,509 INFO  impl.FollowerState (FollowerState.java:run(106)) - 7e852cca-55fd-4b89-91e8-0525300d9c7d:group-C095022D7326 changes to CANDIDATE, lastRpcTime:5147, electionTimeout:5147ms
2019-07-13 14:44:41,509 INFO  impl.RoleInfo (RoleInfo.java:shutdownFollowerState(121)) - 7e852cca-55fd-4b89-91e8-0525300d9c7d: shutdown FollowerState
2019-07-13 14:44:41,509 INFO  impl.RaftServerImpl (RaftServerImpl.java:setRole(171)) - 7e852cca-55fd-4b89-91e8-0525300d9c7d:group-C095022D7326 changes role from FOLLOWER to CANDIDATE at term 0 for changeToCandidate
2019-07-13 14:44:41,509 INFO  segmented.SegmentedRaftLogWorker (SegmentedRaftLogWorker.java:startLogSegment(380)) - 8c130fdc-8e4b-4296-b41f-25b1fd079138-SegmentedRaftLogWorker:Storage Directory /tmp/workdir/hadoop-ozone/integration-test/target/test-dir/MiniOzoneClusterImpl-480568c9-7904-409a-9f10-e21cb57673e4/datanode-5/data/ratis/38335128-cd58-4028-86d2-401d079c6692: Starting segment from index:0
2019-07-13 14:44:41,510 INFO  impl.RoleInfo (RoleInfo.java:updateAndGet(143)) - 7e852cca-55fd-4b89-91e8-0525300d9c7d: start LeaderElection
2019-07-13 14:44:41,530 INFO  impl.FollowerState (FollowerState.java:run(106)) - ccd8458f-37a2-4d03-aaf8-73b71a69b099:group-FA094D7BF5DA changes to CANDIDATE, lastRpcTime:5030, electionTimeout:5028ms
2019-07-13 14:44:41,536 INFO  impl.RaftServerImpl (ServerState.java:setRaftConf(361)) - 8c130fdc-8e4b-4296-b41f-25b1fd079138:group-401D079C6692 set configuration 0: [8c130fdc-8e4b-4296-b41f-25b1fd079138:192.168.5.172:46131], old=null at 0
2019-07-13 14:44:41,536 INFO  impl.RoleInfo (RoleInfo.java:shutdownFollowerState(121)) - ccd8458f-37a2-4d03-aaf8-73b71a69b099: shutdown FollowerState
2019-07-13 14:44:41,539 INFO  impl.RaftServerImpl (RaftServerImpl.java:setRole(171)) - ccd8458f-37a2-4d03-aaf8-73b71a69b099:group-FA094D7BF5DA changes role from FOLLOWER to CANDIDATE at term 0 for changeToCandidate
2019-07-13 14:44:41,539 INFO  impl.RoleInfo (RoleInfo.java:updateAndGet(143)) - ccd8458f-37a2-4d03-aaf8-73b71a69b099: start LeaderElection
2019-07-13 14:44:41,548 INFO  segmented.SegmentedRaftLogWorker (SegmentedRaftLogWorker.java:execute(569)) - 8c130fdc-8e4b-4296-b41f-25b1fd079138-SegmentedRaftLogWorker:Storage Directory /tmp/workdir/hadoop-ozone/integration-test/target/test-dir/MiniOzoneClusterImpl-480568c9-7904-409a-9f10-e21cb57673e4/datanode-5/data/ratis/38335128-cd58-4028-86d2-401d079c6692: created new log segment /tmp/workdir/hadoop-ozone/integration-test/target/test-dir/MiniOzoneClusterImpl-480568c9-7904-409a-9f10-e21cb57673e4/datanode-5/data/ratis/38335128-cd58-4028-86d2-401d079c6692/current/log_inprogress_0
2019-07-13 14:44:41,548 INFO  impl.LeaderElection (LeaderElection.java:askForVotes(181)) - 7e852cca-55fd-4b89-91e8-0525300d9c7d:group-C095022D7326:LeaderElection3: begin an election at term 1 for -1: [7e852cca-55fd-4b89-91e8-0525300d9c7d:192.168.5.172:46298], old=null
2019-07-13 14:44:41,548 INFO  impl.RoleInfo (RoleInfo.java:shutdownLeaderElection(134)) - 7e852cca-55fd-4b89-91e8-0525300d9c7d: shutdown LeaderElection
2019-07-13 14:44:41,548 INFO  impl.RaftServerImpl (RaftServerImpl.java:setRole(171)) - 7e852cca-55fd-4b89-91e8-0525300d9c7d:group-C095022D7326 changes role from CANDIDATE to LEADER at term 1 for changeToLeader
2019-07-13 14:44:41,549 INFO  impl.RaftServerImpl (ServerState.java:setLeader(263)) - 7e852cca-55fd-4b89-91e8-0525300d9c7d:group-C095022D7326 change Leader from null to 7e852cca-55fd-4b89-91e8-0525300d9c7d at term 1 for becomeLeader, leader elected after 5191ms
2019-07-13 14:44:41,551 INFO  server.RaftServerConfigKeys (ConfUtils.java:logGet(43)) - raft.server.staging.catchup.gap = 1000 (default)
2019-07-13 14:44:41,551 INFO  impl.LeaderElection (LeaderElection.java:askForVotes(181)) - ccd8458f-37a2-4d03-aaf8-73b71a69b099:group-FA094D7BF5DA:LeaderElection4: begin an election at term 1 for -1: [ccd8458f-37a2-4d03-aaf8-73b71a69b099:192.168.5.172:45680], old=null
2019-07-13 14:44:41,554 INFO  server.RaftServerConfigKeys (ConfUtils.java:logGet(43)) - raft.server.rpc.sleep.time = 25ms (default)
2019-07-13 14:44:41,554 INFO  impl.RoleInfo (RoleInfo.java:shutdownLeaderElection(134)) - ccd8458f-37a2-4d03-aaf8-73b71a69b099: shutdown LeaderElection
2019-07-13 14:44:41,554 INFO  impl.RaftServerImpl (RaftServerImpl.java:setRole(171)) - ccd8458f-37a2-4d03-aaf8-73b71a69b099:group-FA094D7BF5DA changes role from CANDIDATE to LEADER at term 1 for changeToLeader
2019-07-13 14:44:41,554 INFO  server.RaftServerConfigKeys (ConfUtils.java:logGet(43)) - raft.server.write.element-limit = 4096 (default)
2019-07-13 14:44:41,555 INFO  impl.RaftServerImpl (ServerState.java:setLeader(263)) - ccd8458f-37a2-4d03-aaf8-73b71a69b099:group-FA094D7BF5DA change Leader from null to ccd8458f-37a2-4d03-aaf8-73b71a69b099 at term 1 for becomeLeader, leader elected after 5061ms
2019-07-13 14:44:41,555 INFO  server.RaftServerConfigKeys (ConfUtils.java:logGet(43)) - raft.server.watch.timeout = 10s (default)
2019-07-13 14:44:41,557 INFO  server.RaftServerConfigKeys (ConfUtils.java:logGet(43)) - raft.server.staging.catchup.gap = 1000 (default)
2019-07-13 14:44:41,557 INFO  server.RaftServerConfigKeys (ConfUtils.java:logGet(43)) - raft.server.watch.timeout.denomination = 1s (default)
2019-07-13 14:44:41,557 INFO  server.RaftServerConfigKeys (ConfUtils.java:logGet(43)) - raft.server.rpc.sleep.time = 25ms (default)
2019-07-13 14:44:41,558 INFO  server.RaftServerConfigKeys (ConfUtils.java:logGet(43)) - raft.server.watch.element-limit = 65536 (default)
2019-07-13 14:44:41,558 INFO  server.RaftServerConfigKeys (ConfUtils.java:logGet(43)) - raft.server.write.element-limit = 4096 (default)
2019-07-13 14:44:41,558 INFO  server.RaftServerConfigKeys (ConfUtils.java:logGet(43)) - raft.server.watch.timeout = 10s (default)
2019-07-13 14:44:41,558 INFO  impl.RoleInfo (RoleInfo.java:updateAndGet(143)) - 7e852cca-55fd-4b89-91e8-0525300d9c7d: start LeaderState
2019-07-13 14:44:41,559 INFO  server.RaftServerConfigKeys (ConfUtils.java:logGet(43)) - raft.server.watch.timeout.denomination = 1s (default)
2019-07-13 14:44:41,559 INFO  server.RaftServerConfigKeys (ConfUtils.java:logGet(43)) - raft.server.watch.element-limit = 65536 (default)
2019-07-13 14:44:41,560 INFO  segmented.SegmentedRaftLogWorker (SegmentedRaftLogWorker.java:startLogSegment(380)) - 7e852cca-55fd-4b89-91e8-0525300d9c7d-SegmentedRaftLogWorker:Storage Directory /tmp/workdir/hadoop-ozone/integration-test/target/test-dir/MiniOzoneClusterImpl-480568c9-7904-409a-9f10-e21cb57673e4/datanode-6/data/ratis/20a4a6b5-6811-4f88-b2de-c095022d7326: Starting segment from index:0
2019-07-13 14:44:41,560 INFO  impl.RoleInfo (RoleInfo.java:updateAndGet(143)) - ccd8458f-37a2-4d03-aaf8-73b71a69b099: start LeaderState
2019-07-13 14:44:41,560 INFO  segmented.SegmentedRaftLogWorker (SegmentedRaftLogWorker.java:startLogSegment(380)) - ccd8458f-37a2-4d03-aaf8-73b71a69b099-SegmentedRaftLogWorker:Storage Directory /tmp/workdir/hadoop-ozone/integration-test/target/test-dir/MiniOzoneClusterImpl-480568c9-7904-409a-9f10-e21cb57673e4/datanode-4/data/ratis/489ed16c-7b93-4862-b48a-fa094d7bf5da: Starting segment from index:0
2019-07-13 14:44:41,560 INFO  impl.RaftServerImpl (ServerState.java:setRaftConf(361)) - 7e852cca-55fd-4b89-91e8-0525300d9c7d:group-C095022D7326 set configuration 0: [7e852cca-55fd-4b89-91e8-0525300d9c7d:192.168.5.172:46298], old=null at 0
2019-07-13 14:44:41,583 INFO  impl.RaftServerImpl (ServerState.java:setRaftConf(361)) - ccd8458f-37a2-4d03-aaf8-73b71a69b099:group-FA094D7BF5DA set configuration 0: [ccd8458f-37a2-4d03-aaf8-73b71a69b099:192.168.5.172:45680], old=null at 0
2019-07-13 14:44:41,583 INFO  impl.FollowerState (FollowerState.java:run(106)) - a2e297f1-273a-48b1-880b-11fc2b52ea88:group-5E20CC0A1117 changes to CANDIDATE, lastRpcTime:5168, electionTimeout:5156ms
2019-07-13 14:44:41,600 INFO  segmented.SegmentedRaftLogWorker (SegmentedRaftLogWorker.java:execute(569)) - 7e852cca-55fd-4b89-91e8-0525300d9c7d-SegmentedRaftLogWorker:Storage Directory /tmp/workdir/hadoop-ozone/integration-test/target/test-dir/MiniOzoneClusterImpl-480568c9-7904-409a-9f10-e21cb57673e4/datanode-6/data/ratis/20a4a6b5-6811-4f88-b2de-c095022d7326: created new log segment /tmp/workdir/hadoop-ozone/integration-test/target/test-dir/MiniOzoneClusterImpl-480568c9-7904-409a-9f10-e21cb57673e4/datanode-6/data/ratis/20a4a6b5-6811-4f88-b2de-c095022d7326/current/log_inprogress_0
2019-07-13 14:44:41,600 INFO  impl.RoleInfo (RoleInfo.java:shutdownFollowerState(121)) - a2e297f1-273a-48b1-880b-11fc2b52ea88: shutdown FollowerState
2019-07-13 14:44:41,600 INFO  impl.RaftServerImpl (RaftServerImpl.java:setRole(171)) - a2e297f1-273a-48b1-880b-11fc2b52ea88:group-5E20CC0A1117 changes role from FOLLOWER to CANDIDATE at term 0 for changeToCandidate
2019-07-13 14:44:41,600 INFO  impl.RoleInfo (RoleInfo.java:updateAndGet(143)) - a2e297f1-273a-48b1-880b-11fc2b52ea88: start LeaderElection
2019-07-13 14:44:41,608 INFO  segmented.SegmentedRaftLogWorker (SegmentedRaftLogWorker.java:execute(569)) - ccd8458f-37a2-4d03-aaf8-73b71a69b099-SegmentedRaftLogWorker:Storage Directory /tmp/workdir/hadoop-ozone/integration-test/target/test-dir/MiniOzoneClusterImpl-480568c9-7904-409a-9f10-e21cb57673e4/datanode-4/data/ratis/489ed16c-7b93-4862-b48a-fa094d7bf5da: created new log segment /tmp/workdir/hadoop-ozone/integration-test/target/test-dir/MiniOzoneClusterImpl-480568c9-7904-409a-9f10-e21cb57673e4/datanode-4/data/ratis/489ed16c-7b93-4862-b48a-fa094d7bf5da/current/log_inprogress_0
2019-07-13 14:44:41,616 INFO  impl.LeaderElection (LeaderElection.java:askForVotes(181)) - a2e297f1-273a-48b1-880b-11fc2b52ea88:group-5E20CC0A1117:LeaderElection5: begin an election at term 1 for -1: [a2e297f1-273a-48b1-880b-11fc2b52ea88:192.168.5.172:46549], old=null
2019-07-13 14:44:41,616 INFO  impl.RoleInfo (RoleInfo.java:shutdownLeaderElection(134)) - a2e297f1-273a-48b1-880b-11fc2b52ea88: shutdown LeaderElection
2019-07-13 14:44:41,617 INFO  impl.RaftServerImpl (RaftServerImpl.java:setRole(171)) - a2e297f1-273a-48b1-880b-11fc2b52ea88:group-5E20CC0A1117 changes role from CANDIDATE to LEADER at term 1 for changeToLeader
2019-07-13 14:44:41,617 INFO  impl.RaftServerImpl (ServerState.java:setLeader(263)) - a2e297f1-273a-48b1-880b-11fc2b52ea88:group-5E20CC0A1117 change Leader from null to a2e297f1-273a-48b1-880b-11fc2b52ea88 at term 1 for becomeLeader, leader elected after 5206ms
2019-07-13 14:44:41,619 INFO  server.RaftServerConfigKeys (ConfUtils.java:logGet(43)) - raft.server.staging.catchup.gap = 1000 (default)
2019-07-13 14:44:41,619 INFO  server.RaftServerConfigKeys (ConfUtils.java:logGet(43)) - raft.server.rpc.sleep.time = 25ms (default)
2019-07-13 14:44:41,619 INFO  server.RaftServerConfigKeys (ConfUtils.java:logGet(43)) - raft.server.write.element-limit = 4096 (default)
2019-07-13 14:44:41,619 INFO  server.RaftServerConfigKeys (ConfUtils.java:logGet(43)) - raft.server.watch.timeout = 10s (default)
2019-07-13 14:44:41,620 INFO  server.RaftServerConfigKeys (ConfUtils.java:logGet(43)) - raft.server.watch.timeout.denomination = 1s (default)
2019-07-13 14:44:41,620 INFO  server.RaftServerConfigKeys (ConfUtils.java:logGet(43)) - raft.server.watch.element-limit = 65536 (default)
2019-07-13 14:44:41,620 INFO  impl.RoleInfo (RoleInfo.java:updateAndGet(143)) - a2e297f1-273a-48b1-880b-11fc2b52ea88: start LeaderState
2019-07-13 14:44:41,620 INFO  segmented.SegmentedRaftLogWorker (SegmentedRaftLogWorker.java:startLogSegment(380)) - a2e297f1-273a-48b1-880b-11fc2b52ea88-SegmentedRaftLogWorker:Storage Directory /tmp/workdir/hadoop-ozone/integration-test/target/test-dir/MiniOzoneClusterImpl-480568c9-7904-409a-9f10-e21cb57673e4/datanode-7/data/ratis/d4e26603-7d92-4efe-bac2-5e20cc0a1117: Starting segment from index:0
2019-07-13 14:44:41,621 INFO  impl.RaftServerImpl (ServerState.java:setRaftConf(361)) - a2e297f1-273a-48b1-880b-11fc2b52ea88:group-5E20CC0A1117 set configuration 0: [a2e297f1-273a-48b1-880b-11fc2b52ea88:192.168.5.172:46549], old=null at 0
2019-07-13 14:44:41,639 INFO  segmented.SegmentedRaftLogWorker (SegmentedRaftLogWorker.java:execute(569)) - a2e297f1-273a-48b1-880b-11fc2b52ea88-SegmentedRaftLogWorker:Storage Directory /tmp/workdir/hadoop-ozone/integration-test/target/test-dir/MiniOzoneClusterImpl-480568c9-7904-409a-9f10-e21cb57673e4/datanode-7/data/ratis/d4e26603-7d92-4efe-bac2-5e20cc0a1117: created new log segment /tmp/workdir/hadoop-ozone/integration-test/target/test-dir/MiniOzoneClusterImpl-480568c9-7904-409a-9f10-e21cb57673e4/datanode-7/data/ratis/d4e26603-7d92-4efe-bac2-5e20cc0a1117/current/log_inprogress_0
2019-07-13 14:44:41,644 INFO  impl.FollowerState (FollowerState.java:run(106)) - a4a8582f-1437-4af9-aaff-6b3a0776d19b:group-754E05796C97 changes to CANDIDATE, lastRpcTime:5075, electionTimeout:5075ms
2019-07-13 14:44:41,644 INFO  impl.RoleInfo (RoleInfo.java:shutdownFollowerState(121)) - a4a8582f-1437-4af9-aaff-6b3a0776d19b: shutdown FollowerState
2019-07-13 14:44:41,644 INFO  impl.RaftServerImpl (RaftServerImpl.java:setRole(171)) - a4a8582f-1437-4af9-aaff-6b3a0776d19b:group-754E05796C97 changes role from FOLLOWER to CANDIDATE at term 0 for changeToCandidate
2019-07-13 14:44:41,645 INFO  impl.RoleInfo (RoleInfo.java:updateAndGet(143)) - a4a8582f-1437-4af9-aaff-6b3a0776d19b: start LeaderElection
2019-07-13 14:44:41,654 INFO  impl.LeaderElection (LeaderElection.java:askForVotes(181)) - a4a8582f-1437-4af9-aaff-6b3a0776d19b:group-754E05796C97:LeaderElection6: begin an election at term 1 for -1: [a4a8582f-1437-4af9-aaff-6b3a0776d19b:192.168.5.172:35280], old=null
2019-07-13 14:44:41,656 INFO  impl.RoleInfo (RoleInfo.java:shutdownLeaderElection(134)) - a4a8582f-1437-4af9-aaff-6b3a0776d19b: shutdown LeaderElection
2019-07-13 14:44:41,657 INFO  impl.RaftServerImpl (RaftServerImpl.java:setRole(171)) - a4a8582f-1437-4af9-aaff-6b3a0776d19b:group-754E05796C97 changes role from CANDIDATE to LEADER at term 1 for changeToLeader
2019-07-13 14:44:41,658 INFO  impl.RaftServerImpl (ServerState.java:setLeader(263)) - a4a8582f-1437-4af9-aaff-6b3a0776d19b:group-754E05796C97 change Leader from null to a4a8582f-1437-4af9-aaff-6b3a0776d19b at term 1 for becomeLeader, leader elected after 5093ms
2019-07-13 14:44:41,659 INFO  server.RaftServerConfigKeys (ConfUtils.java:logGet(43)) - raft.server.staging.catchup.gap = 1000 (default)
2019-07-13 14:44:41,659 INFO  server.RaftServerConfigKeys (ConfUtils.java:logGet(43)) - raft.server.rpc.sleep.time = 25ms (default)
2019-07-13 14:44:41,660 INFO  server.RaftServerConfigKeys (ConfUtils.java:logGet(43)) - raft.server.write.element-limit = 4096 (default)
2019-07-13 14:44:41,660 INFO  server.RaftServerConfigKeys (ConfUtils.java:logGet(43)) - raft.server.watch.timeout = 10s (default)
2019-07-13 14:44:41,660 INFO  server.RaftServerConfigKeys (ConfUtils.java:logGet(43)) - raft.server.watch.timeout.denomination = 1s (default)
2019-07-13 14:44:41,660 INFO  server.RaftServerConfigKeys (ConfUtils.java:logGet(43)) - raft.server.watch.element-limit = 65536 (default)
2019-07-13 14:44:41,660 INFO  impl.RoleInfo (RoleInfo.java:updateAndGet(143)) - a4a8582f-1437-4af9-aaff-6b3a0776d19b: start LeaderState
2019-07-13 14:44:41,660 INFO  segmented.SegmentedRaftLogWorker (SegmentedRaftLogWorker.java:startLogSegment(380)) - a4a8582f-1437-4af9-aaff-6b3a0776d19b-SegmentedRaftLogWorker:Storage Directory /tmp/workdir/hadoop-ozone/integration-test/target/test-dir/MiniOzoneClusterImpl-480568c9-7904-409a-9f10-e21cb57673e4/datanode-8/data/ratis/b0379902-068a-4ef6-b37b-754e05796c97: Starting segment from index:0
2019-07-13 14:44:41,661 INFO  impl.RaftServerImpl (ServerState.java:setRaftConf(361)) - a4a8582f-1437-4af9-aaff-6b3a0776d19b:group-754E05796C97 set configuration 0: [a4a8582f-1437-4af9-aaff-6b3a0776d19b:192.168.5.172:35280], old=null at 0
2019-07-13 14:44:41,680 INFO  segmented.SegmentedRaftLogWorker (SegmentedRaftLogWorker.java:execute(569)) - a4a8582f-1437-4af9-aaff-6b3a0776d19b-SegmentedRaftLogWorker:Storage Directory /tmp/workdir/hadoop-ozone/integration-test/target/test-dir/MiniOzoneClusterImpl-480568c9-7904-409a-9f10-e21cb57673e4/datanode-8/data/ratis/b0379902-068a-4ef6-b37b-754e05796c97: created new log segment /tmp/workdir/hadoop-ozone/integration-test/target/test-dir/MiniOzoneClusterImpl-480568c9-7904-409a-9f10-e21cb57673e4/datanode-8/data/ratis/b0379902-068a-4ef6-b37b-754e05796c97/current/log_inprogress_0
2019-07-13 14:44:41,732 INFO  impl.FollowerState (FollowerState.java:run(106)) - c40f11a5-d25f-4465-9f00-9d93872fbf46:group-B6670DC44E32 changes to CANDIDATE, lastRpcTime:5100, electionTimeout:5100ms
2019-07-13 14:44:41,732 INFO  impl.RoleInfo (RoleInfo.java:shutdownFollowerState(121)) - c40f11a5-d25f-4465-9f00-9d93872fbf46: shutdown FollowerState
2019-07-13 14:44:41,732 INFO  impl.RaftServerImpl (RaftServerImpl.java:setRole(171)) - c40f11a5-d25f-4465-9f00-9d93872fbf46:group-B6670DC44E32 changes role from FOLLOWER to CANDIDATE at term 0 for changeToCandidate
2019-07-13 14:44:41,732 INFO  impl.RoleInfo (RoleInfo.java:updateAndGet(143)) - c40f11a5-d25f-4465-9f00-9d93872fbf46: start LeaderElection
2019-07-13 14:44:41,745 INFO  impl.LeaderElection (LeaderElection.java:askForVotes(181)) - c40f11a5-d25f-4465-9f00-9d93872fbf46:group-B6670DC44E32:LeaderElection7: begin an election at term 1 for -1: [c40f11a5-d25f-4465-9f00-9d93872fbf46:192.168.5.172:38754], old=null
2019-07-13 14:44:41,747 INFO  impl.RoleInfo (RoleInfo.java:shutdownLeaderElection(134)) - c40f11a5-d25f-4465-9f00-9d93872fbf46: shutdown LeaderElection
2019-07-13 14:44:41,747 INFO  impl.RaftServerImpl (RaftServerImpl.java:setRole(171)) - c40f11a5-d25f-4465-9f00-9d93872fbf46:group-B6670DC44E32 changes role from CANDIDATE to LEADER at term 1 for changeToLeader
2019-07-13 14:44:41,747 INFO  impl.RaftServerImpl (ServerState.java:setLeader(263)) - c40f11a5-d25f-4465-9f00-9d93872fbf46:group-B6670DC44E32 change Leader from null to c40f11a5-d25f-4465-9f00-9d93872fbf46 at term 1 for becomeLeader, leader elected after 5122ms
2019-07-13 14:44:41,750 INFO  server.RaftServerConfigKeys (ConfUtils.java:logGet(43)) - raft.server.staging.catchup.gap = 1000 (default)
2019-07-13 14:44:41,750 INFO  server.RaftServerConfigKeys (ConfUtils.java:logGet(43)) - raft.server.rpc.sleep.time = 25ms (default)
2019-07-13 14:44:41,750 INFO  server.RaftServerConfigKeys (ConfUtils.java:logGet(43)) - raft.server.write.element-limit = 4096 (default)
2019-07-13 14:44:41,753 INFO  server.RaftServerConfigKeys (ConfUtils.java:logGet(43)) - raft.server.watch.timeout = 10s (default)
2019-07-13 14:44:41,753 INFO  server.RaftServerConfigKeys (ConfUtils.java:logGet(43)) - raft.server.watch.timeout.denomination = 1s (default)
2019-07-13 14:44:41,753 INFO  server.RaftServerConfigKeys (ConfUtils.java:logGet(43)) - raft.server.watch.element-limit = 65536 (default)
2019-07-13 14:44:41,753 INFO  impl.RoleInfo (RoleInfo.java:updateAndGet(143)) - c40f11a5-d25f-4465-9f00-9d93872fbf46: start LeaderState
2019-07-13 14:44:41,754 INFO  segmented.SegmentedRaftLogWorker (SegmentedRaftLogWorker.java:startLogSegment(380)) - c40f11a5-d25f-4465-9f00-9d93872fbf46-SegmentedRaftLogWorker:Storage Directory /tmp/workdir/hadoop-ozone/integration-test/target/test-dir/MiniOzoneClusterImpl-480568c9-7904-409a-9f10-e21cb57673e4/datanode-1/data/ratis/e0778d1d-54c6-4741-88da-b6670dc44e32: Starting segment from index:0
2019-07-13 14:44:41,754 INFO  impl.RaftServerImpl (ServerState.java:setRaftConf(361)) - c40f11a5-d25f-4465-9f00-9d93872fbf46:group-B6670DC44E32 set configuration 0: [c40f11a5-d25f-4465-9f00-9d93872fbf46:192.168.5.172:38754], old=null at 0
2019-07-13 14:44:41,774 INFO  impl.FollowerState (FollowerState.java:run(106)) - 9901ddae-7d57-4288-88c3-fcc8e754c591:group-B2EABC037AE3 changes to CANDIDATE, lastRpcTime:5051, electionTimeout:5044ms
2019-07-13 14:44:41,774 INFO  impl.RoleInfo (RoleInfo.java:shutdownFollowerState(121)) - 9901ddae-7d57-4288-88c3-fcc8e754c591: shutdown FollowerState
2019-07-13 14:44:41,774 INFO  impl.RaftServerImpl (RaftServerImpl.java:setRole(171)) - 9901ddae-7d57-4288-88c3-fcc8e754c591:group-B2EABC037AE3 changes role from FOLLOWER to CANDIDATE at term 0 for changeToCandidate
2019-07-13 14:44:41,774 INFO  impl.RoleInfo (RoleInfo.java:updateAndGet(143)) - 9901ddae-7d57-4288-88c3-fcc8e754c591: start LeaderElection
2019-07-13 14:44:41,782 INFO  segmented.SegmentedRaftLogWorker (SegmentedRaftLogWorker.java:execute(569)) - c40f11a5-d25f-4465-9f00-9d93872fbf46-SegmentedRaftLogWorker:Storage Directory /tmp/workdir/hadoop-ozone/integration-test/target/test-dir/MiniOzoneClusterImpl-480568c9-7904-409a-9f10-e21cb57673e4/datanode-1/data/ratis/e0778d1d-54c6-4741-88da-b6670dc44e32: created new log segment /tmp/workdir/hadoop-ozone/integration-test/target/test-dir/MiniOzoneClusterImpl-480568c9-7904-409a-9f10-e21cb57673e4/datanode-1/data/ratis/e0778d1d-54c6-4741-88da-b6670dc44e32/current/log_inprogress_0
2019-07-13 14:44:41,789 INFO  impl.LeaderElection (LeaderElection.java:askForVotes(181)) - 9901ddae-7d57-4288-88c3-fcc8e754c591:group-B2EABC037AE3:LeaderElection8: begin an election at term 1 for -1: [9901ddae-7d57-4288-88c3-fcc8e754c591:192.168.5.172:44506], old=null
2019-07-13 14:44:41,789 INFO  impl.RoleInfo (RoleInfo.java:shutdownLeaderElection(134)) - 9901ddae-7d57-4288-88c3-fcc8e754c591: shutdown LeaderElection
2019-07-13 14:44:41,789 INFO  impl.RaftServerImpl (RaftServerImpl.java:setRole(171)) - 9901ddae-7d57-4288-88c3-fcc8e754c591:group-B2EABC037AE3 changes role from CANDIDATE to LEADER at term 1 for changeToLeader
2019-07-13 14:44:41,789 INFO  impl.RaftServerImpl (ServerState.java:setLeader(263)) - 9901ddae-7d57-4288-88c3-fcc8e754c591:group-B2EABC037AE3 change Leader from null to 9901ddae-7d57-4288-88c3-fcc8e754c591 at term 1 for becomeLeader, leader elected after 5072ms
2019-07-13 14:44:41,791 INFO  impl.FollowerState (FollowerState.java:run(106)) - 6741e132-0fbb-447f-b5b2-de4615ce68d0:group-B82D6B348035 changes to CANDIDATE, lastRpcTime:5012, electionTimeout:5012ms
2019-07-13 14:44:41,794 INFO  server.RaftServerConfigKeys (ConfUtils.java:logGet(43)) - raft.server.staging.catchup.gap = 1000 (default)
2019-07-13 14:44:41,794 INFO  impl.RoleInfo (RoleInfo.java:shutdownFollowerState(121)) - 6741e132-0fbb-447f-b5b2-de4615ce68d0: shutdown FollowerState
2019-07-13 14:44:41,796 INFO  server.RaftServerConfigKeys (ConfUtils.java:logGet(43)) - raft.server.rpc.sleep.time = 25ms (default)
2019-07-13 14:44:41,796 INFO  impl.RaftServerImpl (RaftServerImpl.java:setRole(171)) - 6741e132-0fbb-447f-b5b2-de4615ce68d0:group-B82D6B348035 changes role from FOLLOWER to CANDIDATE at term 0 for changeToCandidate
2019-07-13 14:44:41,797 INFO  server.RaftServerConfigKeys (ConfUtils.java:logGet(43)) - raft.server.write.element-limit = 4096 (default)
2019-07-13 14:44:41,797 INFO  impl.RoleInfo (RoleInfo.java:updateAndGet(143)) - 6741e132-0fbb-447f-b5b2-de4615ce68d0: start LeaderElection
2019-07-13 14:44:41,797 INFO  server.RaftServerConfigKeys (ConfUtils.java:logGet(43)) - raft.server.watch.timeout = 10s (default)
2019-07-13 14:44:41,797 INFO  server.RaftServerConfigKeys (ConfUtils.java:logGet(43)) - raft.server.watch.timeout.denomination = 1s (default)
2019-07-13 14:44:41,804 INFO  server.RaftServerConfigKeys (ConfUtils.java:logGet(43)) - raft.server.watch.element-limit = 65536 (default)
2019-07-13 14:44:41,804 INFO  client.GrpcClientProtocolClient (GrpcClientProtocolClient.java:onNext(255)) - client-C768544184C0->9901ddae-7d57-4288-88c3-fcc8e754c591: receive RaftClientReply:client-C768544184C0->9901ddae-7d57-4288-88c3-fcc8e754c591@group-2406871AB928, cid=19, FAILED org.apache.ratis.protocol.NotLeaderException: Server 9901ddae-7d57-4288-88c3-fcc8e754c591 is not the leader (null). Request must be sent to leader., logIndex=0, commits[9901ddae-7d57-4288-88c3-fcc8e754c591:c-1]
2019-07-13 14:44:41,804 INFO  impl.RoleInfo (RoleInfo.java:updateAndGet(143)) - 9901ddae-7d57-4288-88c3-fcc8e754c591: start LeaderState
2019-07-13 14:44:41,811 INFO  segmented.SegmentedRaftLogWorker (SegmentedRaftLogWorker.java:startLogSegment(380)) - 9901ddae-7d57-4288-88c3-fcc8e754c591-SegmentedRaftLogWorker:Storage Directory /tmp/workdir/hadoop-ozone/integration-test/target/test-dir/MiniOzoneClusterImpl-480568c9-7904-409a-9f10-e21cb57673e4/datanode-3/data/ratis/74ed1e0d-6598-4f05-bd66-b2eabc037ae3: Starting segment from index:0
2019-07-13 14:44:41,811 INFO  impl.RaftServerImpl (ServerState.java:setRaftConf(361)) - 9901ddae-7d57-4288-88c3-fcc8e754c591:group-B2EABC037AE3 set configuration 0: [9901ddae-7d57-4288-88c3-fcc8e754c591:192.168.5.172:44506], old=null at 0
2019-07-13 14:44:41,828 INFO  impl.LeaderElection (LeaderElection.java:askForVotes(181)) - 6741e132-0fbb-447f-b5b2-de4615ce68d0:group-B82D6B348035:LeaderElection9: begin an election at term 1 for -1: [6741e132-0fbb-447f-b5b2-de4615ce68d0:192.168.5.172:40654], old=null
2019-07-13 14:44:41,828 INFO  impl.RoleInfo (RoleInfo.java:shutdownLeaderElection(134)) - 6741e132-0fbb-447f-b5b2-de4615ce68d0: shutdown LeaderElection
2019-07-13 14:44:41,829 INFO  impl.RaftServerImpl (RaftServerImpl.java:setRole(171)) - 6741e132-0fbb-447f-b5b2-de4615ce68d0:group-B82D6B348035 changes role from CANDIDATE to LEADER at term 1 for changeToLeader
2019-07-13 14:44:41,829 INFO  impl.RaftServerImpl (ServerState.java:setLeader(263)) - 6741e132-0fbb-447f-b5b2-de4615ce68d0:group-B82D6B348035 change Leader from null to 6741e132-0fbb-447f-b5b2-de4615ce68d0 at term 1 for becomeLeader, leader elected after 5053ms
2019-07-13 14:44:41,831 INFO  server.RaftServerConfigKeys (ConfUtils.java:logGet(43)) - raft.server.staging.catchup.gap = 1000 (default)
2019-07-13 14:44:41,831 INFO  server.RaftServerConfigKeys (ConfUtils.java:logGet(43)) - raft.server.rpc.sleep.time = 25ms (default)
2019-07-13 14:44:41,831 INFO  server.RaftServerConfigKeys (ConfUtils.java:logGet(43)) - raft.server.write.element-limit = 4096 (default)
2019-07-13 14:44:41,832 INFO  server.RaftServerConfigKeys (ConfUtils.java:logGet(43)) - raft.server.watch.timeout = 10s (default)
2019-07-13 14:44:41,832 INFO  segmented.SegmentedRaftLogWorker (SegmentedRaftLogWorker.java:execute(569)) - 9901ddae-7d57-4288-88c3-fcc8e754c591-SegmentedRaftLogWorker:Storage Directory /tmp/workdir/hadoop-ozone/integration-test/target/test-dir/MiniOzoneClusterImpl-480568c9-7904-409a-9f10-e21cb57673e4/datanode-3/data/ratis/74ed1e0d-6598-4f05-bd66-b2eabc037ae3: created new log segment /tmp/workdir/hadoop-ozone/integration-test/target/test-dir/MiniOzoneClusterImpl-480568c9-7904-409a-9f10-e21cb57673e4/datanode-3/data/ratis/74ed1e0d-6598-4f05-bd66-b2eabc037ae3/current/log_inprogress_0
2019-07-13 14:44:41,832 INFO  server.RaftServerConfigKeys (ConfUtils.java:logGet(43)) - raft.server.watch.timeout.denomination = 1s (default)
2019-07-13 14:44:41,832 INFO  server.RaftServerConfigKeys (ConfUtils.java:logGet(43)) - raft.server.watch.element-limit = 65536 (default)
2019-07-13 14:44:41,832 INFO  impl.RoleInfo (RoleInfo.java:updateAndGet(143)) - 6741e132-0fbb-447f-b5b2-de4615ce68d0: start LeaderState
2019-07-13 14:44:41,833 INFO  segmented.SegmentedRaftLogWorker (SegmentedRaftLogWorker.java:startLogSegment(380)) - 6741e132-0fbb-447f-b5b2-de4615ce68d0-SegmentedRaftLogWorker:Storage Directory /tmp/workdir/hadoop-ozone/integration-test/target/test-dir/MiniOzoneClusterImpl-480568c9-7904-409a-9f10-e21cb57673e4/datanode-9/data/ratis/3fe741cc-a2f2-4e49-a87c-b82d6b348035: Starting segment from index:0
2019-07-13 14:44:41,833 INFO  impl.RaftServerImpl (ServerState.java:setRaftConf(361)) - 6741e132-0fbb-447f-b5b2-de4615ce68d0:group-B82D6B348035 set configuration 0: [6741e132-0fbb-447f-b5b2-de4615ce68d0:192.168.5.172:40654], old=null at 0
2019-07-13 14:44:41,856 INFO  segmented.SegmentedRaftLogWorker (SegmentedRaftLogWorker.java:execute(569)) - 6741e132-0fbb-447f-b5b2-de4615ce68d0-SegmentedRaftLogWorker:Storage Directory /tmp/workdir/hadoop-ozone/integration-test/target/test-dir/MiniOzoneClusterImpl-480568c9-7904-409a-9f10-e21cb57673e4/datanode-9/data/ratis/3fe741cc-a2f2-4e49-a87c-b82d6b348035: created new log segment /tmp/workdir/hadoop-ozone/integration-test/target/test-dir/MiniOzoneClusterImpl-480568c9-7904-409a-9f10-e21cb57673e4/datanode-9/data/ratis/3fe741cc-a2f2-4e49-a87c-b82d6b348035/current/log_inprogress_0
2019-07-13 14:44:41,895 INFO  impl.FollowerState (FollowerState.java:run(106)) - 0f1ad35c-6440-4e3e-a1d7-fa23f865dd36:group-79744818CF4B changes to CANDIDATE, lastRpcTime:5040, electionTimeout:5040ms
2019-07-13 14:44:41,895 INFO  impl.RoleInfo (RoleInfo.java:shutdownFollowerState(121)) - 0f1ad35c-6440-4e3e-a1d7-fa23f865dd36: shutdown FollowerState
2019-07-13 14:44:41,895 INFO  impl.RaftServerImpl (RaftServerImpl.java:setRole(171)) - 0f1ad35c-6440-4e3e-a1d7-fa23f865dd36:group-79744818CF4B changes role from FOLLOWER to CANDIDATE at term 0 for changeToCandidate
2019-07-13 14:44:41,896 INFO  impl.RoleInfo (RoleInfo.java:updateAndGet(143)) - 0f1ad35c-6440-4e3e-a1d7-fa23f865dd36: start LeaderElection
2019-07-13 14:44:41,914 INFO  impl.LeaderElection (LeaderElection.java:askForVotes(181)) - 0f1ad35c-6440-4e3e-a1d7-fa23f865dd36:group-79744818CF4B:LeaderElection10: begin an election at term 1 for -1: [0f1ad35c-6440-4e3e-a1d7-fa23f865dd36:192.168.5.172:43936], old=null
2019-07-13 14:44:41,917 INFO  impl.RoleInfo (RoleInfo.java:shutdownLeaderElection(134)) - 0f1ad35c-6440-4e3e-a1d7-fa23f865dd36: shutdown LeaderElection
2019-07-13 14:44:41,917 INFO  impl.RaftServerImpl (RaftServerImpl.java:setRole(171)) - 0f1ad35c-6440-4e3e-a1d7-fa23f865dd36:group-79744818CF4B changes role from CANDIDATE to LEADER at term 1 for changeToLeader
2019-07-13 14:44:41,917 INFO  impl.RaftServerImpl (ServerState.java:setLeader(263)) - 0f1ad35c-6440-4e3e-a1d7-fa23f865dd36:group-79744818CF4B change Leader from null to 0f1ad35c-6440-4e3e-a1d7-fa23f865dd36 at term 1 for becomeLeader, leader elected after 5067ms
2019-07-13 14:44:41,919 INFO  server.RaftServerConfigKeys (ConfUtils.java:logGet(43)) - raft.server.staging.catchup.gap = 1000 (default)
2019-07-13 14:44:41,919 INFO  server.RaftServerConfigKeys (ConfUtils.java:logGet(43)) - raft.server.rpc.sleep.time = 25ms (default)
2019-07-13 14:44:41,919 INFO  server.RaftServerConfigKeys (ConfUtils.java:logGet(43)) - raft.server.write.element-limit = 4096 (default)
2019-07-13 14:44:41,920 INFO  server.RaftServerConfigKeys (ConfUtils.java:logGet(43)) - raft.server.watch.timeout = 10s (default)
2019-07-13 14:44:41,920 INFO  server.RaftServerConfigKeys (ConfUtils.java:logGet(43)) - raft.server.watch.timeout.denomination = 1s (default)
2019-07-13 14:44:41,920 INFO  server.RaftServerConfigKeys (ConfUtils.java:logGet(43)) - raft.server.watch.element-limit = 65536 (default)
2019-07-13 14:44:41,920 INFO  impl.RoleInfo (RoleInfo.java:updateAndGet(143)) - 0f1ad35c-6440-4e3e-a1d7-fa23f865dd36: start LeaderState
2019-07-13 14:44:41,920 INFO  segmented.SegmentedRaftLogWorker (SegmentedRaftLogWorker.java:startLogSegment(380)) - 0f1ad35c-6440-4e3e-a1d7-fa23f865dd36-SegmentedRaftLogWorker:Storage Directory /tmp/workdir/hadoop-ozone/integration-test/target/test-dir/MiniOzoneClusterImpl-480568c9-7904-409a-9f10-e21cb57673e4/datanode-2/data/ratis/3c2abc44-3441-4665-a26d-79744818cf4b: Starting segment from index:0
2019-07-13 14:44:41,921 INFO  impl.RaftServerImpl (ServerState.java:setRaftConf(361)) - 0f1ad35c-6440-4e3e-a1d7-fa23f865dd36:group-79744818CF4B set configuration 0: [0f1ad35c-6440-4e3e-a1d7-fa23f865dd36:192.168.5.172:43936], old=null at 0
2019-07-13 14:44:41,948 INFO  segmented.SegmentedRaftLogWorker (SegmentedRaftLogWorker.java:execute(569)) - 0f1ad35c-6440-4e3e-a1d7-fa23f865dd36-SegmentedRaftLogWorker:Storage Directory /tmp/workdir/hadoop-ozone/integration-test/target/test-dir/MiniOzoneClusterImpl-480568c9-7904-409a-9f10-e21cb57673e4/datanode-2/data/ratis/3c2abc44-3441-4665-a26d-79744818cf4b: created new log segment /tmp/workdir/hadoop-ozone/integration-test/target/test-dir/MiniOzoneClusterImpl-480568c9-7904-409a-9f10-e21cb57673e4/datanode-2/data/ratis/3c2abc44-3441-4665-a26d-79744818cf4b/current/log_inprogress_0
2019-07-13 14:44:42,007 INFO  impl.FollowerState (FollowerState.java:run(106)) - 8c130fdc-8e4b-4296-b41f-25b1fd079138:group-E59397A9E246 changes to CANDIDATE, lastRpcTime:5064, electionTimeout:5060ms
2019-07-13 14:44:42,007 INFO  impl.RoleInfo (RoleInfo.java:shutdownFollowerState(121)) - 8c130fdc-8e4b-4296-b41f-25b1fd079138: shutdown FollowerState
2019-07-13 14:44:42,008 INFO  impl.RaftServerImpl (RaftServerImpl.java:setRole(171)) - 8c130fdc-8e4b-4296-b41f-25b1fd079138:group-E59397A9E246 changes role from FOLLOWER to CANDIDATE at term 0 for changeToCandidate
2019-07-13 14:44:42,008 INFO  impl.RoleInfo (RoleInfo.java:updateAndGet(143)) - 8c130fdc-8e4b-4296-b41f-25b1fd079138: start LeaderElection
2019-07-13 14:44:42,028 INFO  impl.LeaderElection (LeaderElection.java:askForVotes(181)) - 8c130fdc-8e4b-4296-b41f-25b1fd079138:group-E59397A9E246:LeaderElection11: begin an election at term 1 for -1: [8c130fdc-8e4b-4296-b41f-25b1fd079138:192.168.5.172:46131, 8b42a1db-450e-476a-ac1e-9bd5ae202316:192.168.5.172:33335, a4a8582f-1437-4af9-aaff-6b3a0776d19b:192.168.5.172:35280], old=null
2019-07-13 14:44:42,047 INFO  impl.FollowerState (FollowerState.java:run(106)) - 7e852cca-55fd-4b89-91e8-0525300d9c7d:group-88D5FB936681 changes to CANDIDATE, lastRpcTime:5016, electionTimeout:5016ms
2019-07-13 14:44:42,047 INFO  impl.RoleInfo (RoleInfo.java:shutdownFollowerState(121)) - 7e852cca-55fd-4b89-91e8-0525300d9c7d: shutdown FollowerState
2019-07-13 14:44:42,047 INFO  impl.RaftServerImpl (RaftServerImpl.java:setRole(171)) - 7e852cca-55fd-4b89-91e8-0525300d9c7d:group-88D5FB936681 changes role from FOLLOWER to CANDIDATE at term 0 for changeToCandidate
2019-07-13 14:44:42,047 INFO  impl.RoleInfo (RoleInfo.java:updateAndGet(143)) - 7e852cca-55fd-4b89-91e8-0525300d9c7d: start LeaderElection
2019-07-13 14:44:42,062 INFO  impl.LeaderElection (LeaderElection.java:askForVotes(181)) - 7e852cca-55fd-4b89-91e8-0525300d9c7d:group-88D5FB936681:LeaderElection12: begin an election at term 1 for -1: [7e852cca-55fd-4b89-91e8-0525300d9c7d:192.168.5.172:46298, a2e297f1-273a-48b1-880b-11fc2b52ea88:192.168.5.172:46549, ccd8458f-37a2-4d03-aaf8-73b71a69b099:192.168.5.172:45680], old=null
2019-07-13 14:44:42,072 INFO  impl.RaftServerImpl (RaftServerImpl.java:setRole(171)) - a4a8582f-1437-4af9-aaff-6b3a0776d19b:group-E59397A9E246 changes role from FOLLOWER to FOLLOWER at term 1 for recognizeCandidate:8c130fdc-8e4b-4296-b41f-25b1fd079138
2019-07-13 14:44:42,072 INFO  impl.RaftServerImpl (RaftServerImpl.java:setRole(171)) - 8b42a1db-450e-476a-ac1e-9bd5ae202316:group-E59397A9E246 changes role from FOLLOWER to FOLLOWER at term 1 for recognizeCandidate:8c130fdc-8e4b-4296-b41f-25b1fd079138
2019-07-13 14:44:42,075 INFO  impl.RoleInfo (RoleInfo.java:shutdownFollowerState(121)) - 8b42a1db-450e-476a-ac1e-9bd5ae202316: shutdown FollowerState
2019-07-13 14:44:42,072 INFO  impl.RoleInfo (RoleInfo.java:shutdownFollowerState(121)) - a4a8582f-1437-4af9-aaff-6b3a0776d19b: shutdown FollowerState
2019-07-13 14:44:42,075 INFO  impl.RoleInfo (RoleInfo.java:updateAndGet(143)) - 8b42a1db-450e-476a-ac1e-9bd5ae202316: start FollowerState
2019-07-13 14:44:42,075 INFO  impl.FollowerState (FollowerState.java:run(114)) - 8b42a1db-450e-476a-ac1e-9bd5ae202316: FollowerState was interrupted: java.lang.InterruptedException: sleep interrupted
2019-07-13 14:44:42,075 INFO  impl.RoleInfo (RoleInfo.java:updateAndGet(143)) - a4a8582f-1437-4af9-aaff-6b3a0776d19b: start FollowerState
2019-07-13 14:44:42,075 INFO  impl.FollowerState (FollowerState.java:run(114)) - a4a8582f-1437-4af9-aaff-6b3a0776d19b: FollowerState was interrupted: java.lang.InterruptedException: sleep interrupted
2019-07-13 14:44:42,088 INFO  impl.RaftServerImpl (RaftServerImpl.java:setRole(171)) - a2e297f1-273a-48b1-880b-11fc2b52ea88:group-88D5FB936681 changes role from FOLLOWER to FOLLOWER at term 1 for recognizeCandidate:7e852cca-55fd-4b89-91e8-0525300d9c7d
2019-07-13 14:44:42,090 INFO  impl.RoleInfo (RoleInfo.java:shutdownFollowerState(121)) - a2e297f1-273a-48b1-880b-11fc2b52ea88: shutdown FollowerState
2019-07-13 14:44:42,090 INFO  impl.RoleInfo (RoleInfo.java:updateAndGet(143)) - a2e297f1-273a-48b1-880b-11fc2b52ea88: start FollowerState
2019-07-13 14:44:42,090 INFO  impl.FollowerState (FollowerState.java:run(114)) - a2e297f1-273a-48b1-880b-11fc2b52ea88: FollowerState was interrupted: java.lang.InterruptedException: sleep interrupted
2019-07-13 14:44:42,093 INFO  impl.RaftServerImpl (RaftServerImpl.java:setRole(171)) - ccd8458f-37a2-4d03-aaf8-73b71a69b099:group-88D5FB936681 changes role from FOLLOWER to FOLLOWER at term 1 for recognizeCandidate:7e852cca-55fd-4b89-91e8-0525300d9c7d
2019-07-13 14:44:42,094 INFO  impl.RoleInfo (RoleInfo.java:shutdownFollowerState(121)) - ccd8458f-37a2-4d03-aaf8-73b71a69b099: shutdown FollowerState
2019-07-13 14:44:42,094 INFO  impl.RoleInfo (RoleInfo.java:updateAndGet(143)) - ccd8458f-37a2-4d03-aaf8-73b71a69b099: start FollowerState
2019-07-13 14:44:42,094 INFO  impl.FollowerState (FollowerState.java:run(114)) - ccd8458f-37a2-4d03-aaf8-73b71a69b099: FollowerState was interrupted: java.lang.InterruptedException: sleep interrupted
2019-07-13 14:44:42,109 INFO  impl.LeaderElection (LeaderElection.java:logAndReturn(56)) - 8c130fdc-8e4b-4296-b41f-25b1fd079138:group-E59397A9E246:LeaderElection11: Election PASSED; received 1 response(s) [8c130fdc-8e4b-4296-b41f-25b1fd079138<-a4a8582f-1437-4af9-aaff-6b3a0776d19b#0:OK-t1] and 0 exception(s); 8c130fdc-8e4b-4296-b41f-25b1fd079138:t1, leader=null, voted=8c130fdc-8e4b-4296-b41f-25b1fd079138, raftlog=8c130fdc-8e4b-4296-b41f-25b1fd079138-SegmentedRaftLog:OPENED:c-1,f-1,i0, conf=-1: [8c130fdc-8e4b-4296-b41f-25b1fd079138:192.168.5.172:46131, 8b42a1db-450e-476a-ac1e-9bd5ae202316:192.168.5.172:33335, a4a8582f-1437-4af9-aaff-6b3a0776d19b:192.168.5.172:35280], old=null
2019-07-13 14:44:42,109 INFO  impl.LeaderElection (LeaderElection.java:logAndReturn(56)) - 7e852cca-55fd-4b89-91e8-0525300d9c7d:group-88D5FB936681:LeaderElection12: Election PASSED; received 1 response(s) [7e852cca-55fd-4b89-91e8-0525300d9c7d<-ccd8458f-37a2-4d03-aaf8-73b71a69b099#0:OK-t1] and 0 exception(s); 7e852cca-55fd-4b89-91e8-0525300d9c7d:t1, leader=null, voted=7e852cca-55fd-4b89-91e8-0525300d9c7d, raftlog=7e852cca-55fd-4b89-91e8-0525300d9c7d-SegmentedRaftLog:OPENED:c-1,f-1,i0, conf=-1: [7e852cca-55fd-4b89-91e8-0525300d9c7d:192.168.5.172:46298, a2e297f1-273a-48b1-880b-11fc2b52ea88:192.168.5.172:46549, ccd8458f-37a2-4d03-aaf8-73b71a69b099:192.168.5.172:45680], old=null
2019-07-13 14:44:42,110 INFO  impl.RoleInfo (RoleInfo.java:shutdownLeaderElection(134)) - 8c130fdc-8e4b-4296-b41f-25b1fd079138: shutdown LeaderElection
2019-07-13 14:44:42,112 INFO  impl.RoleInfo (RoleInfo.java:shutdownLeaderElection(134)) - 7e852cca-55fd-4b89-91e8-0525300d9c7d: shutdown LeaderElection
2019-07-13 14:44:42,118 INFO  impl.RaftServerImpl (RaftServerImpl.java:setRole(171)) - 7e852cca-55fd-4b89-91e8-0525300d9c7d:group-88D5FB936681 changes role from CANDIDATE to LEADER at term 1 for changeToLeader
2019-07-13 14:44:42,116 INFO  impl.RaftServerImpl (RaftServerImpl.java:setRole(171)) - 8c130fdc-8e4b-4296-b41f-25b1fd079138:group-E59397A9E246 changes role from CANDIDATE to LEADER at term 1 for changeToLeader
2019-07-13 14:44:42,118 INFO  impl.RaftServerImpl (ServerState.java:setLeader(263)) - 7e852cca-55fd-4b89-91e8-0525300d9c7d:group-88D5FB936681 change Leader from null to 7e852cca-55fd-4b89-91e8-0525300d9c7d at term 1 for becomeLeader, leader elected after 5103ms
2019-07-13 14:44:42,118 INFO  impl.RaftServerImpl (ServerState.java:setLeader(263)) - 8c130fdc-8e4b-4296-b41f-25b1fd079138:group-E59397A9E246 change Leader from null to 8c130fdc-8e4b-4296-b41f-25b1fd079138 at term 1 for becomeLeader, leader elected after 5192ms
2019-07-13 14:44:42,118 INFO  server.RaftServerConfigKeys (ConfUtils.java:logGet(43)) - raft.server.staging.catchup.gap = 1000 (default)
2019-07-13 14:44:42,118 INFO  server.RaftServerConfigKeys (ConfUtils.java:logGet(43)) - raft.server.staging.catchup.gap = 1000 (default)
2019-07-13 14:44:42,118 INFO  server.RaftServerConfigKeys (ConfUtils.java:logGet(43)) - raft.server.rpc.sleep.time = 25ms (default)
2019-07-13 14:44:42,119 INFO  server.RaftServerConfigKeys (ConfUtils.java:logGet(43)) - raft.server.rpc.sleep.time = 25ms (default)
2019-07-13 14:44:42,119 INFO  server.RaftServerConfigKeys (ConfUtils.java:logGet(43)) - raft.server.write.element-limit = 4096 (default)
2019-07-13 14:44:42,119 INFO  server.RaftServerConfigKeys (ConfUtils.java:logGet(43)) - raft.server.write.element-limit = 4096 (default)
2019-07-13 14:44:42,119 INFO  server.RaftServerConfigKeys (ConfUtils.java:logGet(43)) - raft.server.watch.timeout = 10s (default)
2019-07-13 14:44:42,119 INFO  server.RaftServerConfigKeys (ConfUtils.java:logGet(43)) - raft.server.watch.timeout = 10s (default)
2019-07-13 14:44:42,119 INFO  server.RaftServerConfigKeys (ConfUtils.java:logGet(43)) - raft.server.watch.timeout.denomination = 1s (default)
2019-07-13 14:44:42,119 INFO  server.RaftServerConfigKeys (ConfUtils.java:logGet(43)) - raft.server.watch.timeout.denomination = 1s (default)
2019-07-13 14:44:42,120 INFO  server.RaftServerConfigKeys (ConfUtils.java:logGet(43)) - raft.server.watch.element-limit = 65536 (default)
2019-07-13 14:44:42,120 INFO  server.RaftServerConfigKeys (ConfUtils.java:logGet(43)) - raft.server.watch.element-limit = 65536 (default)
2019-07-13 14:44:42,123 INFO  server.RaftServerConfigKeys (ConfUtils.java:logGet(43)) - raft.server.log.appender.snapshot.chunk.size.max = 16MB (=16777216) (default)
2019-07-13 14:44:42,123 INFO  server.RaftServerConfigKeys (ConfUtils.java:logGet(43)) - raft.server.log.appender.snapshot.chunk.size.max = 16MB (=16777216) (default)
2019-07-13 14:44:42,123 INFO  server.RaftServerConfigKeys (ConfUtils.java:logGet(43)) - raft.server.log.appender.buffer.byte-limit = 33554432 (custom)
2019-07-13 14:44:42,123 INFO  server.RaftServerConfigKeys (ConfUtils.java:logGet(43)) - raft.server.log.appender.buffer.byte-limit = 33554432 (custom)
2019-07-13 14:44:42,124 INFO  server.RaftServerConfigKeys (ConfUtils.java:logGet(43)) - raft.server.log.appender.buffer.element-limit = 1 (custom)
2019-07-13 14:44:42,124 INFO  server.RaftServerConfigKeys (ConfUtils.java:logGet(43)) - raft.server.log.appender.buffer.element-limit = 1 (custom)
2019-07-13 14:44:42,127 INFO  grpc.GrpcConfigKeys$Server (ConfUtils.java:logGet(43)) - raft.grpc.server.leader.outstanding.appends.max = 128 (default)
2019-07-13 14:44:42,127 INFO  grpc.GrpcConfigKeys$Server (ConfUtils.java:logGet(43)) - raft.grpc.server.leader.outstanding.appends.max = 128 (default)
2019-07-13 14:44:42,130 INFO  server.RaftServerConfigKeys (ConfUtils.java:logGet(43)) - raft.server.rpc.request.timeout = 3000ms (default)
2019-07-13 14:44:42,130 INFO  server.RaftServerConfigKeys (ConfUtils.java:logGet(43)) - raft.server.rpc.request.timeout = 3000ms (default)
2019-07-13 14:44:42,130 INFO  server.RaftServerConfigKeys (ConfUtils.java:logGet(43)) - raft.server.log.appender.install.snapshot.enabled = false (custom)
2019-07-13 14:44:42,130 INFO  server.RaftServerConfigKeys (ConfUtils.java:logGet(43)) - raft.server.log.appender.install.snapshot.enabled = false (custom)
2019-07-13 14:44:42,130 INFO  server.RaftServerConfigKeys (ConfUtils.java:logGet(43)) - raft.server.log.appender.snapshot.chunk.size.max = 16MB (=16777216) (default)
2019-07-13 14:44:42,131 INFO  server.RaftServerConfigKeys (ConfUtils.java:logGet(43)) - raft.server.log.appender.snapshot.chunk.size.max = 16MB (=16777216) (default)
2019-07-13 14:44:42,131 INFO  server.RaftServerConfigKeys (ConfUtils.java:logGet(43)) - raft.server.log.appender.buffer.byte-limit = 33554432 (custom)
2019-07-13 14:44:42,131 INFO  server.RaftServerConfigKeys (ConfUtils.java:logGet(43)) - raft.server.log.appender.buffer.byte-limit = 33554432 (custom)
2019-07-13 14:44:42,131 INFO  server.RaftServerConfigKeys (ConfUtils.java:logGet(43)) - raft.server.log.appender.buffer.element-limit = 1 (custom)
2019-07-13 14:44:42,131 INFO  server.RaftServerConfigKeys (ConfUtils.java:logGet(43)) - raft.server.log.appender.buffer.element-limit = 1 (custom)
2019-07-13 14:44:42,132 INFO  grpc.GrpcConfigKeys$Server (ConfUtils.java:logGet(43)) - raft.grpc.server.leader.outstanding.appends.max = 128 (default)
2019-07-13 14:44:42,132 INFO  grpc.GrpcConfigKeys$Server (ConfUtils.java:logGet(43)) - raft.grpc.server.leader.outstanding.appends.max = 128 (default)
2019-07-13 14:44:42,132 INFO  server.RaftServerConfigKeys (ConfUtils.java:logGet(43)) - raft.server.rpc.request.timeout = 3000ms (default)
2019-07-13 14:44:42,132 INFO  server.RaftServerConfigKeys (ConfUtils.java:logGet(43)) - raft.server.rpc.request.timeout = 3000ms (default)
2019-07-13 14:44:42,132 INFO  server.RaftServerConfigKeys (ConfUtils.java:logGet(43)) - raft.server.log.appender.install.snapshot.enabled = false (custom)
2019-07-13 14:44:42,133 INFO  server.RaftServerConfigKeys (ConfUtils.java:logGet(43)) - raft.server.log.appender.install.snapshot.enabled = false (custom)
2019-07-13 14:44:42,134 INFO  impl.RoleInfo (RoleInfo.java:updateAndGet(143)) - 7e852cca-55fd-4b89-91e8-0525300d9c7d: start LeaderState
2019-07-13 14:44:42,134 INFO  impl.RoleInfo (RoleInfo.java:updateAndGet(143)) - 8c130fdc-8e4b-4296-b41f-25b1fd079138: start LeaderState
2019-07-13 14:44:42,134 INFO  segmented.SegmentedRaftLogWorker (SegmentedRaftLogWorker.java:startLogSegment(380)) - 7e852cca-55fd-4b89-91e8-0525300d9c7d-SegmentedRaftLogWorker:Storage Directory /tmp/workdir/hadoop-ozone/integration-test/target/test-dir/MiniOzoneClusterImpl-480568c9-7904-409a-9f10-e21cb57673e4/datanode-6/data/ratis/29ed0c37-9b38-40fe-96c0-88d5fb936681: Starting segment from index:0
2019-07-13 14:44:42,135 INFO  segmented.SegmentedRaftLogWorker (SegmentedRaftLogWorker.java:startLogSegment(380)) - 8c130fdc-8e4b-4296-b41f-25b1fd079138-SegmentedRaftLogWorker:Storage Directory /tmp/workdir/hadoop-ozone/integration-test/target/test-dir/MiniOzoneClusterImpl-480568c9-7904-409a-9f10-e21cb57673e4/datanode-5/data/ratis/1f67d26f-68df-480f-ad01-e59397a9e246: Starting segment from index:0
2019-07-13 14:44:42,135 INFO  impl.RaftServerImpl (ServerState.java:setRaftConf(361)) - 7e852cca-55fd-4b89-91e8-0525300d9c7d:group-88D5FB936681 set configuration 0: [7e852cca-55fd-4b89-91e8-0525300d9c7d:192.168.5.172:46298, a2e297f1-273a-48b1-880b-11fc2b52ea88:192.168.5.172:46549, ccd8458f-37a2-4d03-aaf8-73b71a69b099:192.168.5.172:45680], old=null at 0
2019-07-13 14:44:42,156 INFO  impl.RaftServerImpl (ServerState.java:setRaftConf(361)) - 8c130fdc-8e4b-4296-b41f-25b1fd079138:group-E59397A9E246 set configuration 0: [8c130fdc-8e4b-4296-b41f-25b1fd079138:192.168.5.172:46131, 8b42a1db-450e-476a-ac1e-9bd5ae202316:192.168.5.172:33335, a4a8582f-1437-4af9-aaff-6b3a0776d19b:192.168.5.172:35280], old=null at 0
2019-07-13 14:44:42,161 INFO  segmented.SegmentedRaftLogWorker (SegmentedRaftLogWorker.java:execute(569)) - 7e852cca-55fd-4b89-91e8-0525300d9c7d-SegmentedRaftLogWorker:Storage Directory /tmp/workdir/hadoop-ozone/integration-test/target/test-dir/MiniOzoneClusterImpl-480568c9-7904-409a-9f10-e21cb57673e4/datanode-6/data/ratis/29ed0c37-9b38-40fe-96c0-88d5fb936681: created new log segment /tmp/workdir/hadoop-ozone/integration-test/target/test-dir/MiniOzoneClusterImpl-480568c9-7904-409a-9f10-e21cb57673e4/datanode-6/data/ratis/29ed0c37-9b38-40fe-96c0-88d5fb936681/current/log_inprogress_0
2019-07-13 14:44:42,161 INFO  segmented.SegmentedRaftLogWorker (SegmentedRaftLogWorker.java:execute(569)) - 8c130fdc-8e4b-4296-b41f-25b1fd079138-SegmentedRaftLogWorker:Storage Directory /tmp/workdir/hadoop-ozone/integration-test/target/test-dir/MiniOzoneClusterImpl-480568c9-7904-409a-9f10-e21cb57673e4/datanode-5/data/ratis/1f67d26f-68df-480f-ad01-e59397a9e246: created new log segment /tmp/workdir/hadoop-ozone/integration-test/target/test-dir/MiniOzoneClusterImpl-480568c9-7904-409a-9f10-e21cb57673e4/datanode-5/data/ratis/1f67d26f-68df-480f-ad01-e59397a9e246/current/log_inprogress_0
2019-07-13 14:44:42,188 INFO  impl.RaftServerImpl (ServerState.java:setLeader(263)) - a2e297f1-273a-48b1-880b-11fc2b52ea88:group-88D5FB936681 change Leader from null to 7e852cca-55fd-4b89-91e8-0525300d9c7d at term 1 for appendEntries, leader elected after 5171ms
2019-07-13 14:44:42,188 INFO  impl.RaftServerImpl (ServerState.java:setLeader(263)) - 8b42a1db-450e-476a-ac1e-9bd5ae202316:group-E59397A9E246 change Leader from null to 8c130fdc-8e4b-4296-b41f-25b1fd079138 at term 1 for appendEntries, leader elected after 5261ms
2019-07-13 14:44:42,193 INFO  impl.RaftServerImpl (ServerState.java:setLeader(263)) - a4a8582f-1437-4af9-aaff-6b3a0776d19b:group-E59397A9E246 change Leader from null to 8c130fdc-8e4b-4296-b41f-25b1fd079138 at term 1 for appendEntries, leader elected after 5271ms
2019-07-13 14:44:42,194 INFO  impl.RaftServerImpl (ServerState.java:setLeader(263)) - ccd8458f-37a2-4d03-aaf8-73b71a69b099:group-88D5FB936681 change Leader from null to 7e852cca-55fd-4b89-91e8-0525300d9c7d at term 1 for appendEntries, leader elected after 5180ms
2019-07-13 14:44:42,198 INFO  impl.FollowerState (FollowerState.java:run(106)) - c40f11a5-d25f-4465-9f00-9d93872fbf46:group-2406871AB928 changes to CANDIDATE, lastRpcTime:5070, electionTimeout:5070ms
2019-07-13 14:44:42,198 INFO  impl.RoleInfo (RoleInfo.java:shutdownFollowerState(121)) - c40f11a5-d25f-4465-9f00-9d93872fbf46: shutdown FollowerState
2019-07-13 14:44:42,198 INFO  impl.RaftServerImpl (RaftServerImpl.java:setRole(171)) - c40f11a5-d25f-4465-9f00-9d93872fbf46:group-2406871AB928 changes role from FOLLOWER to CANDIDATE at term 0 for changeToCandidate
2019-07-13 14:44:42,198 INFO  impl.RoleInfo (RoleInfo.java:updateAndGet(143)) - c40f11a5-d25f-4465-9f00-9d93872fbf46: start LeaderElection
2019-07-13 14:44:42,211 INFO  impl.LeaderElection (LeaderElection.java:askForVotes(181)) - c40f11a5-d25f-4465-9f00-9d93872fbf46:group-2406871AB928:LeaderElection13: begin an election at term 1 for -1: [6741e132-0fbb-447f-b5b2-de4615ce68d0:192.168.5.172:40654, c40f11a5-d25f-4465-9f00-9d93872fbf46:192.168.5.172:38754, 9901ddae-7d57-4288-88c3-fcc8e754c591:192.168.5.172:44506], old=null
2019-07-13 14:44:42,230 INFO  impl.RaftServerImpl (RaftServerImpl.java:setRole(171)) - 6741e132-0fbb-447f-b5b2-de4615ce68d0:group-2406871AB928 changes role from FOLLOWER to FOLLOWER at term 1 for recognizeCandidate:c40f11a5-d25f-4465-9f00-9d93872fbf46
2019-07-13 14:44:42,230 INFO  impl.RoleInfo (RoleInfo.java:shutdownFollowerState(121)) - 6741e132-0fbb-447f-b5b2-de4615ce68d0: shutdown FollowerState
2019-07-13 14:44:42,230 INFO  impl.RaftServerImpl (RaftServerImpl.java:setRole(171)) - 9901ddae-7d57-4288-88c3-fcc8e754c591:group-2406871AB928 changes role from FOLLOWER to FOLLOWER at term 1 for recognizeCandidate:c40f11a5-d25f-4465-9f00-9d93872fbf46
2019-07-13 14:44:42,230 INFO  impl.FollowerState (FollowerState.java:run(114)) - 6741e132-0fbb-447f-b5b2-de4615ce68d0: FollowerState was interrupted: java.lang.InterruptedException: sleep interrupted
2019-07-13 14:44:42,230 INFO  impl.RoleInfo (RoleInfo.java:updateAndGet(143)) - 6741e132-0fbb-447f-b5b2-de4615ce68d0: start FollowerState
2019-07-13 14:44:42,230 INFO  impl.RoleInfo (RoleInfo.java:shutdownFollowerState(121)) - 9901ddae-7d57-4288-88c3-fcc8e754c591: shutdown FollowerState
2019-07-13 14:44:42,233 INFO  impl.RoleInfo (RoleInfo.java:updateAndGet(143)) - 9901ddae-7d57-4288-88c3-fcc8e754c591: start FollowerState
2019-07-13 14:44:42,233 INFO  impl.FollowerState (FollowerState.java:run(114)) - 9901ddae-7d57-4288-88c3-fcc8e754c591: FollowerState was interrupted: java.lang.InterruptedException: sleep interrupted
2019-07-13 14:44:42,239 INFO  impl.RaftServerImpl (ServerState.java:setRaftConf(361)) - ccd8458f-37a2-4d03-aaf8-73b71a69b099:group-88D5FB936681 set configuration 0: [7e852cca-55fd-4b89-91e8-0525300d9c7d:192.168.5.172:46298, a2e297f1-273a-48b1-880b-11fc2b52ea88:192.168.5.172:46549, ccd8458f-37a2-4d03-aaf8-73b71a69b099:192.168.5.172:45680], old=null at 0
2019-07-13 14:44:42,239 INFO  impl.RaftServerImpl (ServerState.java:setRaftConf(361)) - a4a8582f-1437-4af9-aaff-6b3a0776d19b:group-E59397A9E246 set configuration 0: [8c130fdc-8e4b-4296-b41f-25b1fd079138:192.168.5.172:46131, 8b42a1db-450e-476a-ac1e-9bd5ae202316:192.168.5.172:33335, a4a8582f-1437-4af9-aaff-6b3a0776d19b:192.168.5.172:35280], old=null at 0
2019-07-13 14:44:42,240 INFO  impl.RaftServerImpl (ServerState.java:setRaftConf(361)) - a2e297f1-273a-48b1-880b-11fc2b52ea88:group-88D5FB936681 set configuration 0: [7e852cca-55fd-4b89-91e8-0525300d9c7d:192.168.5.172:46298, a2e297f1-273a-48b1-880b-11fc2b52ea88:192.168.5.172:46549, ccd8458f-37a2-4d03-aaf8-73b71a69b099:192.168.5.172:45680], old=null at 0
2019-07-13 14:44:42,240 INFO  impl.RaftServerImpl (ServerState.java:setRaftConf(361)) - 8b42a1db-450e-476a-ac1e-9bd5ae202316:group-E59397A9E246 set configuration 0: [8c130fdc-8e4b-4296-b41f-25b1fd079138:192.168.5.172:46131, 8b42a1db-450e-476a-ac1e-9bd5ae202316:192.168.5.172:33335, a4a8582f-1437-4af9-aaff-6b3a0776d19b:192.168.5.172:35280], old=null at 0
2019-07-13 14:44:42,240 INFO  segmented.SegmentedRaftLogWorker (SegmentedRaftLogWorker.java:startLogSegment(380)) - ccd8458f-37a2-4d03-aaf8-73b71a69b099-SegmentedRaftLogWorker:Storage Directory /tmp/workdir/hadoop-ozone/integration-test/target/test-dir/MiniOzoneClusterImpl-480568c9-7904-409a-9f10-e21cb57673e4/datanode-4/data/ratis/29ed0c37-9b38-40fe-96c0-88d5fb936681: Starting segment from index:0
2019-07-13 14:44:42,240 INFO  segmented.SegmentedRaftLogWorker (SegmentedRaftLogWorker.java:startLogSegment(380)) - 8b42a1db-450e-476a-ac1e-9bd5ae202316-SegmentedRaftLogWorker:Storage Directory /tmp/workdir/hadoop-ozone/integration-test/target/test-dir/MiniOzoneClusterImpl-480568c9-7904-409a-9f10-e21cb57673e4/datanode-0/data/ratis/1f67d26f-68df-480f-ad01-e59397a9e246: Starting segment from index:0
2019-07-13 14:44:42,240 INFO  segmented.SegmentedRaftLogWorker (SegmentedRaftLogWorker.java:startLogSegment(380)) - a2e297f1-273a-48b1-880b-11fc2b52ea88-SegmentedRaftLogWorker:Storage Directory /tmp/workdir/hadoop-ozone/integration-test/target/test-dir/MiniOzoneClusterImpl-480568c9-7904-409a-9f10-e21cb57673e4/datanode-7/data/ratis/29ed0c37-9b38-40fe-96c0-88d5fb936681: Starting segment from index:0
2019-07-13 14:44:42,240 INFO  segmented.SegmentedRaftLogWorker (SegmentedRaftLogWorker.java:startLogSegment(380)) - a4a8582f-1437-4af9-aaff-6b3a0776d19b-SegmentedRaftLogWorker:Storage Directory /tmp/workdir/hadoop-ozone/integration-test/target/test-dir/MiniOzoneClusterImpl-480568c9-7904-409a-9f10-e21cb57673e4/datanode-8/data/ratis/1f67d26f-68df-480f-ad01-e59397a9e246: Starting segment from index:0
2019-07-13 14:44:42,261 INFO  impl.LeaderElection (LeaderElection.java:logAndReturn(56)) - c40f11a5-d25f-4465-9f00-9d93872fbf46:group-2406871AB928:LeaderElection13: Election PASSED; received 1 response(s) [c40f11a5-d25f-4465-9f00-9d93872fbf46<-9901ddae-7d57-4288-88c3-fcc8e754c591#0:OK-t1] and 0 exception(s); c40f11a5-d25f-4465-9f00-9d93872fbf46:t1, leader=null, voted=c40f11a5-d25f-4465-9f00-9d93872fbf46, raftlog=c40f11a5-d25f-4465-9f00-9d93872fbf46-SegmentedRaftLog:OPENED:c-1,f-1,i0, conf=-1: [6741e132-0fbb-447f-b5b2-de4615ce68d0:192.168.5.172:40654, c40f11a5-d25f-4465-9f00-9d93872fbf46:192.168.5.172:38754, 9901ddae-7d57-4288-88c3-fcc8e754c591:192.168.5.172:44506], old=null
2019-07-13 14:44:42,263 INFO  impl.RoleInfo (RoleInfo.java:shutdownLeaderElection(134)) - c40f11a5-d25f-4465-9f00-9d93872fbf46: shutdown LeaderElection
2019-07-13 14:44:42,265 INFO  segmented.SegmentedRaftLogWorker (SegmentedRaftLogWorker.java:execute(569)) - 8b42a1db-450e-476a-ac1e-9bd5ae202316-SegmentedRaftLogWorker:Storage Directory /tmp/workdir/hadoop-ozone/integration-test/target/test-dir/MiniOzoneClusterImpl-480568c9-7904-409a-9f10-e21cb57673e4/datanode-0/data/ratis/1f67d26f-68df-480f-ad01-e59397a9e246: created new log segment /tmp/workdir/hadoop-ozone/integration-test/target/test-dir/MiniOzoneClusterImpl-480568c9-7904-409a-9f10-e21cb57673e4/datanode-0/data/ratis/1f67d26f-68df-480f-ad01-e59397a9e246/current/log_inprogress_0
2019-07-13 14:44:42,267 INFO  impl.RaftServerImpl (RaftServerImpl.java:setRole(171)) - c40f11a5-d25f-4465-9f00-9d93872fbf46:group-2406871AB928 changes role from CANDIDATE to LEADER at term 1 for changeToLeader
2019-07-13 14:44:42,265 INFO  segmented.SegmentedRaftLogWorker (SegmentedRaftLogWorker.java:execute(569)) - ccd8458f-37a2-4d03-aaf8-73b71a69b099-SegmentedRaftLogWorker:Storage Directory /tmp/workdir/hadoop-ozone/integration-test/target/test-dir/MiniOzoneClusterImpl-480568c9-7904-409a-9f10-e21cb57673e4/datanode-4/data/ratis/29ed0c37-9b38-40fe-96c0-88d5fb936681: created new log segment /tmp/workdir/hadoop-ozone/integration-test/target/test-dir/MiniOzoneClusterImpl-480568c9-7904-409a-9f10-e21cb57673e4/datanode-4/data/ratis/29ed0c37-9b38-40fe-96c0-88d5fb936681/current/log_inprogress_0
2019-07-13 14:44:42,265 INFO  segmented.SegmentedRaftLogWorker (SegmentedRaftLogWorker.java:execute(569)) - a2e297f1-273a-48b1-880b-11fc2b52ea88-SegmentedRaftLogWorker:Storage Directory /tmp/workdir/hadoop-ozone/integration-test/target/test-dir/MiniOzoneClusterImpl-480568c9-7904-409a-9f10-e21cb57673e4/datanode-7/data/ratis/29ed0c37-9b38-40fe-96c0-88d5fb936681: created new log segment /tmp/workdir/hadoop-ozone/integration-test/target/test-dir/MiniOzoneClusterImpl-480568c9-7904-409a-9f10-e21cb57673e4/datanode-7/data/ratis/29ed0c37-9b38-40fe-96c0-88d5fb936681/current/log_inprogress_0
2019-07-13 14:44:42,265 INFO  segmented.SegmentedRaftLogWorker (SegmentedRaftLogWorker.java:execute(569)) - a4a8582f-1437-4af9-aaff-6b3a0776d19b-SegmentedRaftLogWorker:Storage Directory /tmp/workdir/hadoop-ozone/integration-test/target/test-dir/MiniOzoneClusterImpl-480568c9-7904-409a-9f10-e21cb57673e4/datanode-8/data/ratis/1f67d26f-68df-480f-ad01-e59397a9e246: created new log segment /tmp/workdir/hadoop-ozone/integration-test/target/test-dir/MiniOzoneClusterImpl-480568c9-7904-409a-9f10-e21cb57673e4/datanode-8/data/ratis/1f67d26f-68df-480f-ad01-e59397a9e246/current/log_inprogress_0
2019-07-13 14:44:42,270 INFO  impl.RaftServerImpl (ServerState.java:setLeader(263)) - c40f11a5-d25f-4465-9f00-9d93872fbf46:group-2406871AB928 change Leader from null to c40f11a5-d25f-4465-9f00-9d93872fbf46 at term 1 for becomeLeader, leader elected after 5172ms
2019-07-13 14:44:42,281 INFO  server.RaftServerConfigKeys (ConfUtils.java:logGet(43)) - raft.server.staging.catchup.gap = 1000 (default)
2019-07-13 14:44:42,281 INFO  server.RaftServerConfigKeys (ConfUtils.java:logGet(43)) - raft.server.rpc.sleep.time = 25ms (default)
2019-07-13 14:44:42,282 INFO  server.RaftServerConfigKeys (ConfUtils.java:logGet(43)) - raft.server.write.element-limit = 4096 (default)
2019-07-13 14:44:42,282 INFO  server.RaftServerConfigKeys (ConfUtils.java:logGet(43)) - raft.server.watch.timeout = 10s (default)
2019-07-13 14:44:42,282 INFO  server.RaftServerConfigKeys (ConfUtils.java:logGet(43)) - raft.server.watch.timeout.denomination = 1s (default)
2019-07-13 14:44:42,282 INFO  server.RaftServerConfigKeys (ConfUtils.java:logGet(43)) - raft.server.watch.element-limit = 65536 (default)
2019-07-13 14:44:42,282 INFO  server.RaftServerConfigKeys (ConfUtils.java:logGet(43)) - raft.server.log.appender.snapshot.chunk.size.max = 16MB (=16777216) (default)
2019-07-13 14:44:42,283 INFO  server.RaftServerConfigKeys (ConfUtils.java:logGet(43)) - raft.server.log.appender.buffer.byte-limit = 33554432 (custom)
2019-07-13 14:44:42,283 INFO  server.RaftServerConfigKeys (ConfUtils.java:logGet(43)) - raft.server.log.appender.buffer.element-limit = 1 (custom)
2019-07-13 14:44:42,283 INFO  grpc.GrpcConfigKeys$Server (ConfUtils.java:logGet(43)) - raft.grpc.server.leader.outstanding.appends.max = 128 (default)
2019-07-13 14:44:42,283 INFO  server.RaftServerConfigKeys (ConfUtils.java:logGet(43)) - raft.server.rpc.request.timeout = 3000ms (default)
2019-07-13 14:44:42,283 INFO  server.RaftServerConfigKeys (ConfUtils.java:logGet(43)) - raft.server.log.appender.install.snapshot.enabled = false (custom)
2019-07-13 14:44:42,284 INFO  server.RaftServerConfigKeys (ConfUtils.java:logGet(43)) - raft.server.log.appender.snapshot.chunk.size.max = 16MB (=16777216) (default)
2019-07-13 14:44:42,284 INFO  server.RaftServerConfigKeys (ConfUtils.java:logGet(43)) - raft.server.log.appender.buffer.byte-limit = 33554432 (custom)
2019-07-13 14:44:42,284 INFO  server.RaftServerConfigKeys (ConfUtils.java:logGet(43)) - raft.server.log.appender.buffer.element-limit = 1 (custom)
2019-07-13 14:44:42,284 INFO  grpc.GrpcConfigKeys$Server (ConfUtils.java:logGet(43)) - raft.grpc.server.leader.outstanding.appends.max = 128 (default)
2019-07-13 14:44:42,284 INFO  server.RaftServerConfigKeys (ConfUtils.java:logGet(43)) - raft.server.rpc.request.timeout = 3000ms (default)
2019-07-13 14:44:42,284 INFO  server.RaftServerConfigKeys (ConfUtils.java:logGet(43)) - raft.server.log.appender.install.snapshot.enabled = false (custom)
2019-07-13 14:44:42,285 INFO  impl.RoleInfo (RoleInfo.java:updateAndGet(143)) - c40f11a5-d25f-4465-9f00-9d93872fbf46: start LeaderState
2019-07-13 14:44:42,285 INFO  segmented.SegmentedRaftLogWorker (SegmentedRaftLogWorker.java:startLogSegment(380)) - c40f11a5-d25f-4465-9f00-9d93872fbf46-SegmentedRaftLogWorker:Storage Directory /tmp/workdir/hadoop-ozone/integration-test/target/test-dir/MiniOzoneClusterImpl-480568c9-7904-409a-9f10-e21cb57673e4/datanode-1/data/ratis/c34223af-0d4b-4451-86ad-2406871ab928: Starting segment from index:0
2019-07-13 14:44:42,286 INFO  impl.RaftServerImpl (ServerState.java:setRaftConf(361)) - c40f11a5-d25f-4465-9f00-9d93872fbf46:group-2406871AB928 set configuration 0: [6741e132-0fbb-447f-b5b2-de4615ce68d0:192.168.5.172:40654, c40f11a5-d25f-4465-9f00-9d93872fbf46:192.168.5.172:38754, 9901ddae-7d57-4288-88c3-fcc8e754c591:192.168.5.172:44506], old=null at 0
2019-07-13 14:44:42,307 INFO  impl.RaftServerImpl (ServerState.java:setLeader(263)) - 9901ddae-7d57-4288-88c3-fcc8e754c591:group-2406871AB928 change Leader from null to c40f11a5-d25f-4465-9f00-9d93872fbf46 at term 1 for appendEntries, leader elected after 5209ms
2019-07-13 14:44:42,308 INFO  impl.RaftServerImpl (ServerState.java:setLeader(263)) - 6741e132-0fbb-447f-b5b2-de4615ce68d0:group-2406871AB928 change Leader from null to c40f11a5-d25f-4465-9f00-9d93872fbf46 at term 1 for appendEntries, leader elected after 5210ms
2019-07-13 14:44:42,308 INFO  segmented.SegmentedRaftLogWorker (SegmentedRaftLogWorker.java:execute(569)) - c40f11a5-d25f-4465-9f00-9d93872fbf46-SegmentedRaftLogWorker:Storage Directory /tmp/workdir/hadoop-ozone/integration-test/target/test-dir/MiniOzoneClusterImpl-480568c9-7904-409a-9f10-e21cb57673e4/datanode-1/data/ratis/c34223af-0d4b-4451-86ad-2406871ab928: created new log segment /tmp/workdir/hadoop-ozone/integration-test/target/test-dir/MiniOzoneClusterImpl-480568c9-7904-409a-9f10-e21cb57673e4/datanode-1/data/ratis/c34223af-0d4b-4451-86ad-2406871ab928/current/log_inprogress_0
2019-07-13 14:44:42,312 INFO  impl.RaftServerImpl (ServerState.java:setRaftConf(361)) - 9901ddae-7d57-4288-88c3-fcc8e754c591:group-2406871AB928 set configuration 0: [6741e132-0fbb-447f-b5b2-de4615ce68d0:192.168.5.172:40654, c40f11a5-d25f-4465-9f00-9d93872fbf46:192.168.5.172:38754, 9901ddae-7d57-4288-88c3-fcc8e754c591:192.168.5.172:44506], old=null at 0
2019-07-13 14:44:42,312 INFO  segmented.SegmentedRaftLogWorker (SegmentedRaftLogWorker.java:startLogSegment(380)) - 9901ddae-7d57-4288-88c3-fcc8e754c591-SegmentedRaftLogWorker:Storage Directory /tmp/workdir/hadoop-ozone/integration-test/target/test-dir/MiniOzoneClusterImpl-480568c9-7904-409a-9f10-e21cb57673e4/datanode-3/data/ratis/c34223af-0d4b-4451-86ad-2406871ab928: Starting segment from index:0
2019-07-13 14:44:42,312 INFO  impl.RaftServerImpl (ServerState.java:setRaftConf(361)) - 6741e132-0fbb-447f-b5b2-de4615ce68d0:group-2406871AB928 set configuration 0: [6741e132-0fbb-447f-b5b2-de4615ce68d0:192.168.5.172:40654, c40f11a5-d25f-4465-9f00-9d93872fbf46:192.168.5.172:38754, 9901ddae-7d57-4288-88c3-fcc8e754c591:192.168.5.172:44506], old=null at 0
2019-07-13 14:44:42,313 INFO  segmented.SegmentedRaftLogWorker (SegmentedRaftLogWorker.java:startLogSegment(380)) - 6741e132-0fbb-447f-b5b2-de4615ce68d0-SegmentedRaftLogWorker:Storage Directory /tmp/workdir/hadoop-ozone/integration-test/target/test-dir/MiniOzoneClusterImpl-480568c9-7904-409a-9f10-e21cb57673e4/datanode-9/data/ratis/c34223af-0d4b-4451-86ad-2406871ab928: Starting segment from index:0
2019-07-13 14:44:42,332 INFO  segmented.SegmentedRaftLogWorker (SegmentedRaftLogWorker.java:execute(569)) - 6741e132-0fbb-447f-b5b2-de4615ce68d0-SegmentedRaftLogWorker:Storage Directory /tmp/workdir/hadoop-ozone/integration-test/target/test-dir/MiniOzoneClusterImpl-480568c9-7904-409a-9f10-e21cb57673e4/datanode-9/data/ratis/c34223af-0d4b-4451-86ad-2406871ab928: created new log segment /tmp/workdir/hadoop-ozone/integration-test/target/test-dir/MiniOzoneClusterImpl-480568c9-7904-409a-9f10-e21cb57673e4/datanode-9/data/ratis/c34223af-0d4b-4451-86ad-2406871ab928/current/log_inprogress_0
2019-07-13 14:44:42,332 INFO  segmented.SegmentedRaftLogWorker (SegmentedRaftLogWorker.java:execute(569)) - 9901ddae-7d57-4288-88c3-fcc8e754c591-SegmentedRaftLogWorker:Storage Directory /tmp/workdir/hadoop-ozone/integration-test/target/test-dir/MiniOzoneClusterImpl-480568c9-7904-409a-9f10-e21cb57673e4/datanode-3/data/ratis/c34223af-0d4b-4451-86ad-2406871ab928: created new log segment /tmp/workdir/hadoop-ozone/integration-test/target/test-dir/MiniOzoneClusterImpl-480568c9-7904-409a-9f10-e21cb57673e4/datanode-3/data/ratis/c34223af-0d4b-4451-86ad-2406871ab928/current/log_inprogress_0
2019-07-13 14:44:43,027 INFO  client.GrpcClientProtocolClient (GrpcClientProtocolClient.java:onNext(255)) - client-C768544184C0->c40f11a5-d25f-4465-9f00-9d93872fbf46: receive RaftClientReply:client-C768544184C0->c40f11a5-d25f-4465-9f00-9d93872fbf46@group-2406871AB928, cid=19, SUCCESS, logIndex=1, commits[c40f11a5-d25f-4465-9f00-9d93872fbf46:c1, 6741e132-0fbb-447f-b5b2-de4615ce68d0:c0, 9901ddae-7d57-4288-88c3-fcc8e754c591:c0]
2019-07-13 14:44:43,149 INFO  client.GrpcClientProtocolClient (GrpcClientProtocolClient.java:onNext(255)) - client-C768544184C0->c40f11a5-d25f-4465-9f00-9d93872fbf46: receive RaftClientReply:client-C768544184C0->c40f11a5-d25f-4465-9f00-9d93872fbf46@group-2406871AB928, cid=20, SUCCESS, logIndex=3, commits[c40f11a5-d25f-4465-9f00-9d93872fbf46:c4, 6741e132-0fbb-447f-b5b2-de4615ce68d0:c3, 9901ddae-7d57-4288-88c3-fcc8e754c591:c3]
2019-07-13 14:44:43,213 INFO  pipeline.Pipeline (Pipeline.java:getProtobufMessage(195)) - Serialize pipeline PipelineID=c34223af-0d4b-4451-86ad-2406871ab928 with nodesInOrder{ }
2019-07-13 14:44:43,215 INFO  pipeline.Pipeline (Pipeline.java:build(342)) - Deserialize nodesInOrder [6741e132-0fbb-447f-b5b2-de4615ce68d0{ip: 192.168.5.172, host: trunk-nightly-mhs6z-4061744966, networkLocation: /default-rack, certSerialId: null}, 6741e132-0fbb-447f-b5b2-de4615ce68d0{ip: 192.168.5.172, host: trunk-nightly-mhs6z-4061744966, networkLocation: /default-rack, certSerialId: null}, 6741e132-0fbb-447f-b5b2-de4615ce68d0{ip: 192.168.5.172, host: trunk-nightly-mhs6z-4061744966, networkLocation: /default-rack, certSerialId: null}] in pipeline PipelineID=c34223af-0d4b-4451-86ad-2406871ab928
2019-07-13 14:44:43,232 INFO  datanode.ObjectStoreHandler (ObjectStoreHandler.java:close(155)) - Closing ObjectStoreHandler.
2019-07-13 14:44:43,233 INFO  ozone.HddsDatanodeService (HddsDatanodeService.java:stop(452)) - Stopped plug-in org.apache.hadoop.ozone.web.OzoneHddsDatanodeService@79627d27
2019-07-13 14:44:43,939 INFO  statemachine.DatanodeStateMachine (DatanodeStateMachine.java:lambda$startDaemon$0(350)) - Ozone container server started.
2019-07-13 14:44:48,236 INFO  ozoneimpl.OzoneContainer (OzoneContainer.java:stop(199)) - Attempting to stop container services.
2019-07-13 14:44:48,237 INFO  impl.RaftServerProxy (RaftServerProxy.java:lambda$close$4(314)) - c40f11a5-d25f-4465-9f00-9d93872fbf46: close
2019-07-13 14:44:48,239 INFO  impl.RaftServerImpl (RaftServerImpl.java:lambda$shutdown$3(245)) - c40f11a5-d25f-4465-9f00-9d93872fbf46: shutdown group-B6670DC44E32
2019-07-13 14:44:48,239 INFO  impl.RaftServerImpl (RaftServerImpl.java:lambda$shutdown$3(245)) - c40f11a5-d25f-4465-9f00-9d93872fbf46: shutdown group-2406871AB928
2019-07-13 14:44:48,239 INFO  util.JmxRegister (JmxRegister.java:unregister(73)) - Successfully un-registered JMX Bean with object name Ratis:service=RaftServer,group=group-B6670DC44E32,id=c40f11a5-d25f-4465-9f00-9d93872fbf46
2019-07-13 14:44:48,240 INFO  util.JmxRegister (JmxRegister.java:unregister(73)) - Successfully un-registered JMX Bean with object name Ratis:service=RaftServer,group=group-2406871AB928,id=c40f11a5-d25f-4465-9f00-9d93872fbf46
2019-07-13 14:44:48,240 INFO  impl.RoleInfo (RoleInfo.java:shutdownLeaderState(104)) - c40f11a5-d25f-4465-9f00-9d93872fbf46: shutdown LeaderState
2019-07-13 14:44:48,240 INFO  impl.RoleInfo (RoleInfo.java:shutdownLeaderState(104)) - c40f11a5-d25f-4465-9f00-9d93872fbf46: shutdown LeaderState
2019-07-13 14:44:48,241 INFO  impl.PendingRequests (PendingRequests.java:sendNotLeaderResponses(202)) - c40f11a5-d25f-4465-9f00-9d93872fbf46-PendingRequests: sendNotLeaderResponses
2019-07-13 14:44:48,249 INFO  impl.PendingRequests (PendingRequests.java:sendNotLeaderResponses(202)) - c40f11a5-d25f-4465-9f00-9d93872fbf46-PendingRequests: sendNotLeaderResponses
2019-07-13 14:44:48,251 WARN  server.GrpcLogAppender (GrpcLogAppender.java:mayWait(143)) - GrpcLogAppender(c40f11a5-d25f-4465-9f00-9d93872fbf46->9901ddae-7d57-4288-88c3-fcc8e754c591): Wait interrupted by java.lang.InterruptedException
2019-07-13 14:44:48,251 WARN  server.GrpcLogAppender (GrpcLogAppender.java:mayWait(143)) - GrpcLogAppender(c40f11a5-d25f-4465-9f00-9d93872fbf46->6741e132-0fbb-447f-b5b2-de4615ce68d0): Wait interrupted by java.lang.InterruptedException
2019-07-13 14:44:48,272 INFO  server.GrpcServerProtocolService (GrpcServerProtocolService.java:onCompleted(104)) - 6741e132-0fbb-447f-b5b2-de4615ce68d0: appendEntries completed
2019-07-13 14:44:48,272 INFO  server.GrpcServerProtocolService (GrpcServerProtocolService.java:onCompleted(104)) - 9901ddae-7d57-4288-88c3-fcc8e754c591: appendEntries completed
2019-07-13 14:44:48,275 INFO  impl.StateMachineUpdater (StateMachineUpdater.java:stopAndJoin(115)) - StateMachineUpdater:c40f11a5-d25f-4465-9f00-9d93872fbf46:group-B6670DC44E32: set stopIndex = 0
2019-07-13 14:44:48,288 INFO  ratis.ContainerStateMachine (ContainerStateMachine.java:takeSnapshot(246)) - Taking snapshot at termIndex:(t:1, i:4)
2019-07-13 14:44:48,288 INFO  server.GrpcLogAppender (GrpcLogAppender.java:onCompleted(292)) - c40f11a5-d25f-4465-9f00-9d93872fbf46->6741e132-0fbb-447f-b5b2-de4615ce68d0: follower responses appendEntries COMPLETED
2019-07-13 14:44:48,288 INFO  server.GrpcLogAppender (GrpcLogAppender.java:onCompleted(292)) - c40f11a5-d25f-4465-9f00-9d93872fbf46->9901ddae-7d57-4288-88c3-fcc8e754c591: follower responses appendEntries COMPLETED
2019-07-13 14:44:48,284 INFO  impl.StateMachineUpdater (StateMachineUpdater.java:stopAndJoin(115)) - StateMachineUpdater:c40f11a5-d25f-4465-9f00-9d93872fbf46:group-2406871AB928: set stopIndex = 4
2019-07-13 14:44:48,275 INFO  ratis.ContainerStateMachine (ContainerStateMachine.java:takeSnapshot(246)) - Taking snapshot at termIndex:(t:0, i:~)
2019-07-13 14:44:48,288 INFO  ratis.ContainerStateMachine (ContainerStateMachine.java:takeSnapshot(250)) - Taking a snapshot to file /tmp/workdir/hadoop-ozone/integration-test/target/test-dir/MiniOzoneClusterImpl-480568c9-7904-409a-9f10-e21cb57673e4/datanode-1/data/ratis/c34223af-0d4b-4451-86ad-2406871ab928/sm/snapshot.1_4
2019-07-13 14:44:48,295 INFO  impl.RaftServerImpl (ServerState.java:close(394)) - c40f11a5-d25f-4465-9f00-9d93872fbf46:group-B6670DC44E32 closes. The last applied log index is 0
2019-07-13 14:44:48,295 INFO  impl.FollowerInfo (FollowerInfo.java:lambda$new$0(50)) - c40f11a5-d25f-4465-9f00-9d93872fbf46->6741e132-0fbb-447f-b5b2-de4615ce68d0: nextIndex: updateUnconditionally 5 -> 4
2019-07-13 14:44:48,295 INFO  impl.FollowerInfo (FollowerInfo.java:lambda$new$0(50)) - c40f11a5-d25f-4465-9f00-9d93872fbf46->9901ddae-7d57-4288-88c3-fcc8e754c591: nextIndex: updateUnconditionally 5 -> 4
2019-07-13 14:44:48,301 INFO  segmented.SegmentedRaftLogWorker (SegmentedRaftLogWorker.java:run(313)) - c40f11a5-d25f-4465-9f00-9d93872fbf46-SegmentedRaftLogWorker:Storage Directory /tmp/workdir/hadoop-ozone/integration-test/target/test-dir/MiniOzoneClusterImpl-480568c9-7904-409a-9f10-e21cb57673e4/datanode-1/data/ratis/e0778d1d-54c6-4741-88da-b6670dc44e32 was interrupted, exiting. There are 0 tasks remaining in the queue.
2019-07-13 14:44:48,304 INFO  segmented.SegmentedRaftLogWorker (SegmentedRaftLogWorker.java:close(228)) - c40f11a5-d25f-4465-9f00-9d93872fbf46-SegmentedRaftLogWorker:Storage Directory /tmp/workdir/hadoop-ozone/integration-test/target/test-dir/MiniOzoneClusterImpl-480568c9-7904-409a-9f10-e21cb57673e4/datanode-1/data/ratis/e0778d1d-54c6-4741-88da-b6670dc44e32 close()
2019-07-13 14:44:48,316 INFO  impl.StateMachineUpdater (StateMachineUpdater.java:takeSnapshot(242)) - StateMachineUpdater:c40f11a5-d25f-4465-9f00-9d93872fbf46:group-2406871AB928: Took a snapshot at index 4
2019-07-13 14:44:48,317 INFO  impl.StateMachineUpdater (StateMachineUpdater.java:lambda$new$0(80)) - StateMachineUpdater:c40f11a5-d25f-4465-9f00-9d93872fbf46:group-2406871AB928: snapshotIndex: updateIncreasingly -1 -> 4
2019-07-13 14:44:48,322 INFO  impl.RaftServerImpl (ServerState.java:close(394)) - c40f11a5-d25f-4465-9f00-9d93872fbf46:group-2406871AB928 closes. The last applied log index is 4
2019-07-13 14:44:48,322 INFO  segmented.SegmentedRaftLogWorker (SegmentedRaftLogWorker.java:run(313)) - c40f11a5-d25f-4465-9f00-9d93872fbf46-SegmentedRaftLogWorker:Storage Directory /tmp/workdir/hadoop-ozone/integration-test/target/test-dir/MiniOzoneClusterImpl-480568c9-7904-409a-9f10-e21cb57673e4/datanode-1/data/ratis/c34223af-0d4b-4451-86ad-2406871ab928 was interrupted, exiting. There are 0 tasks remaining in the queue.
2019-07-13 14:44:48,325 INFO  segmented.SegmentedRaftLogWorker (SegmentedRaftLogWorker.java:close(228)) - c40f11a5-d25f-4465-9f00-9d93872fbf46-SegmentedRaftLogWorker:Storage Directory /tmp/workdir/hadoop-ozone/integration-test/target/test-dir/MiniOzoneClusterImpl-480568c9-7904-409a-9f10-e21cb57673e4/datanode-1/data/ratis/c34223af-0d4b-4451-86ad-2406871ab928 close()
2019-07-13 14:44:48,330 INFO  server.GrpcService (GrpcService.java:closeImpl(155)) - c40f11a5-d25f-4465-9f00-9d93872fbf46: shutdown server with port 38754 now
2019-07-13 14:44:48,334 INFO  server.GrpcService (GrpcService.java:closeImpl(163)) - c40f11a5-d25f-4465-9f00-9d93872fbf46: shutdown server with port 38754 successfully
2019-07-13 14:44:48,343 INFO  utils.BackgroundService (BackgroundService.java:shutdown(148)) - Shutting down service BlockDeletingService
2019-07-13 14:44:48,344 WARN  fs.CachingGetSpaceUsed (CachingGetSpaceUsed.java:run(183)) - Thread Interrupted waiting to refresh disk information: sleep interrupted
2019-07-13 14:44:48,370 INFO  statemachine.DatanodeStateMachine (DatanodeStateMachine.java:stopDaemon(395)) - Ozone container server stopped.
2019-07-13 14:44:48,386 INFO  handler.ContextHandler (ContextHandler.java:doStop(910)) - Stopped o.e.j.w.WebAppContext@6af5b246{/,null,UNAVAILABLE}{/hddsDatanode}
2019-07-13 14:44:48,394 INFO  server.AbstractConnector (AbstractConnector.java:doStop(318)) - Stopped ServerConnector@31723307{HTTP/1.1,[http/1.1]}{0.0.0.0:0}
2019-07-13 14:44:48,394 INFO  handler.ContextHandler (ContextHandler.java:doStop(910)) - Stopped o.e.j.s.ServletContextHandler@459003a0{/static,jar:file:/home/user/.m2/repository/org/apache/hadoop/hadoop-hdds-container-service/0.5.0-SNAPSHOT/hadoop-hdds-container-service-0.5.0-SNAPSHOT.jar!/webapps/static,UNAVAILABLE}
2019-07-13 14:44:48,395 INFO  handler.ContextHandler (ContextHandler.java:doStop(910)) - Stopped o.e.j.s.ServletContextHandler@245253d8{/logs,file:///tmp/workdir/hadoop-ozone/integration-test/target/log,UNAVAILABLE}
2019-07-13 14:44:48,404 INFO  pipeline.Pipeline (Pipeline.java:getProtobufMessage(195)) - Serialize pipeline PipelineID=c34223af-0d4b-4451-86ad-2406871ab928 with nodesInOrder{ }
2019-07-13 14:44:48,409 INFO  pipeline.Pipeline (Pipeline.java:build(342)) - Deserialize nodesInOrder [6741e132-0fbb-447f-b5b2-de4615ce68d0{ip: 192.168.5.172, host: trunk-nightly-mhs6z-4061744966, networkLocation: /default-rack, certSerialId: null}, 6741e132-0fbb-447f-b5b2-de4615ce68d0{ip: 192.168.5.172, host: trunk-nightly-mhs6z-4061744966, networkLocation: /default-rack, certSerialId: null}, 6741e132-0fbb-447f-b5b2-de4615ce68d0{ip: 192.168.5.172, host: trunk-nightly-mhs6z-4061744966, networkLocation: /default-rack, certSerialId: null}] in pipeline PipelineID=c34223af-0d4b-4451-86ad-2406871ab928
2019-07-13 14:44:48,415 INFO  pipeline.Pipeline (Pipeline.java:getProtobufMessage(195)) - Serialize pipeline PipelineID=c34223af-0d4b-4451-86ad-2406871ab928 with nodesInOrder{ }
2019-07-13 14:44:48,416 INFO  pipeline.Pipeline (Pipeline.java:build(342)) - Deserialize nodesInOrder [6741e132-0fbb-447f-b5b2-de4615ce68d0{ip: 192.168.5.172, host: trunk-nightly-mhs6z-4061744966, networkLocation: /default-rack, certSerialId: null}, 6741e132-0fbb-447f-b5b2-de4615ce68d0{ip: 192.168.5.172, host: trunk-nightly-mhs6z-4061744966, networkLocation: /default-rack, certSerialId: null}, 6741e132-0fbb-447f-b5b2-de4615ce68d0{ip: 192.168.5.172, host: trunk-nightly-mhs6z-4061744966, networkLocation: /default-rack, certSerialId: null}] in pipeline PipelineID=c34223af-0d4b-4451-86ad-2406871ab928
2019-07-13 14:44:48,546 INFO  datanode.ObjectStoreHandler (ObjectStoreHandler.java:close(155)) - Closing ObjectStoreHandler.
2019-07-13 14:44:48,547 INFO  ozone.HddsDatanodeService (HddsDatanodeService.java:stop(452)) - Stopped plug-in org.apache.hadoop.ozone.web.OzoneHddsDatanodeService@7198ab9a
2019-07-13 14:44:49,004 INFO  statemachine.DatanodeStateMachine (DatanodeStateMachine.java:lambda$startDaemon$0(350)) - Ozone container server started.
2019-07-13 14:44:53,548 INFO  ozoneimpl.OzoneContainer (OzoneContainer.java:stop(199)) - Attempting to stop container services.
2019-07-13 14:44:53,548 INFO  impl.RaftServerProxy (RaftServerProxy.java:lambda$close$4(314)) - 6741e132-0fbb-447f-b5b2-de4615ce68d0: close
2019-07-13 14:44:53,552 INFO  impl.RaftServerImpl (RaftServerImpl.java:lambda$shutdown$3(245)) - 6741e132-0fbb-447f-b5b2-de4615ce68d0: shutdown group-B82D6B348035
2019-07-13 14:44:53,552 INFO  impl.RaftServerImpl (RaftServerImpl.java:lambda$shutdown$3(245)) - 6741e132-0fbb-447f-b5b2-de4615ce68d0: shutdown group-2406871AB928
2019-07-13 14:44:53,553 INFO  util.JmxRegister (JmxRegister.java:unregister(73)) - Successfully un-registered JMX Bean with object name Ratis:service=RaftServer,group=group-B82D6B348035,id=6741e132-0fbb-447f-b5b2-de4615ce68d0
2019-07-13 14:44:53,553 INFO  util.JmxRegister (JmxRegister.java:unregister(73)) - Successfully un-registered JMX Bean with object name Ratis:service=RaftServer,group=group-2406871AB928,id=6741e132-0fbb-447f-b5b2-de4615ce68d0
2019-07-13 14:44:53,553 INFO  impl.RoleInfo (RoleInfo.java:shutdownLeaderState(104)) - 6741e132-0fbb-447f-b5b2-de4615ce68d0: shutdown LeaderState
2019-07-13 14:44:53,553 INFO  impl.RoleInfo (RoleInfo.java:shutdownFollowerState(121)) - 6741e132-0fbb-447f-b5b2-de4615ce68d0: shutdown FollowerState
2019-07-13 14:44:53,554 INFO  impl.PendingRequests (PendingRequests.java:sendNotLeaderResponses(202)) - 6741e132-0fbb-447f-b5b2-de4615ce68d0-PendingRequests: sendNotLeaderResponses
2019-07-13 14:44:53,554 INFO  ratis.ContainerStateMachine (ContainerStateMachine.java:takeSnapshot(246)) - Taking snapshot at termIndex:(t:1, i:3)
2019-07-13 14:44:53,554 INFO  impl.FollowerState (FollowerState.java:run(114)) - 6741e132-0fbb-447f-b5b2-de4615ce68d0: FollowerState was interrupted: java.lang.InterruptedException: sleep interrupted
2019-07-13 14:44:53,554 INFO  impl.StateMachineUpdater (StateMachineUpdater.java:stopAndJoin(115)) - StateMachineUpdater:6741e132-0fbb-447f-b5b2-de4615ce68d0:group-2406871AB928: set stopIndex = 4
2019-07-13 14:44:53,555 INFO  ratis.ContainerStateMachine (ContainerStateMachine.java:takeSnapshot(250)) - Taking a snapshot to file /tmp/workdir/hadoop-ozone/integration-test/target/test-dir/MiniOzoneClusterImpl-480568c9-7904-409a-9f10-e21cb57673e4/datanode-9/data/ratis/c34223af-0d4b-4451-86ad-2406871ab928/sm/snapshot.1_3
2019-07-13 14:44:53,555 INFO  ratis.ContainerStateMachine (ContainerStateMachine.java:takeSnapshot(246)) - Taking snapshot at termIndex:(t:0, i:~)
2019-07-13 14:44:53,555 INFO  impl.StateMachineUpdater (StateMachineUpdater.java:stopAndJoin(115)) - StateMachineUpdater:6741e132-0fbb-447f-b5b2-de4615ce68d0:group-B82D6B348035: set stopIndex = 0
2019-07-13 14:44:53,571 INFO  impl.StateMachineUpdater (StateMachineUpdater.java:takeSnapshot(242)) - StateMachineUpdater:6741e132-0fbb-447f-b5b2-de4615ce68d0:group-2406871AB928: Took a snapshot at index 3
2019-07-13 14:44:53,571 INFO  impl.RaftServerImpl (ServerState.java:close(394)) - 6741e132-0fbb-447f-b5b2-de4615ce68d0:group-B82D6B348035 closes. The last applied log index is 0
2019-07-13 14:44:53,571 INFO  impl.StateMachineUpdater (StateMachineUpdater.java:lambda$new$0(80)) - StateMachineUpdater:6741e132-0fbb-447f-b5b2-de4615ce68d0:group-2406871AB928: snapshotIndex: updateIncreasingly -1 -> 3
2019-07-13 14:44:53,572 INFO  segmented.SegmentedRaftLogWorker (SegmentedRaftLogWorker.java:run(313)) - 6741e132-0fbb-447f-b5b2-de4615ce68d0-SegmentedRaftLogWorker:Storage Directory /tmp/workdir/hadoop-ozone/integration-test/target/test-dir/MiniOzoneClusterImpl-480568c9-7904-409a-9f10-e21cb57673e4/datanode-9/data/ratis/3fe741cc-a2f2-4e49-a87c-b82d6b348035 was interrupted, exiting. There are 0 tasks remaining in the queue.
2019-07-13 14:44:53,572 INFO  impl.RaftServerImpl (ServerState.java:close(394)) - 6741e132-0fbb-447f-b5b2-de4615ce68d0:group-2406871AB928 closes. The last applied log index is 4
2019-07-13 14:44:53,575 INFO  segmented.SegmentedRaftLogWorker (SegmentedRaftLogWorker.java:close(228)) - 6741e132-0fbb-447f-b5b2-de4615ce68d0-SegmentedRaftLogWorker:Storage Directory /tmp/workdir/hadoop-ozone/integration-test/target/test-dir/MiniOzoneClusterImpl-480568c9-7904-409a-9f10-e21cb57673e4/datanode-9/data/ratis/3fe741cc-a2f2-4e49-a87c-b82d6b348035 close()
2019-07-13 14:44:53,576 INFO  segmented.SegmentedRaftLogWorker (SegmentedRaftLogWorker.java:run(313)) - 6741e132-0fbb-447f-b5b2-de4615ce68d0-SegmentedRaftLogWorker:Storage Directory /tmp/workdir/hadoop-ozone/integration-test/target/test-dir/MiniOzoneClusterImpl-480568c9-7904-409a-9f10-e21cb57673e4/datanode-9/data/ratis/c34223af-0d4b-4451-86ad-2406871ab928 was interrupted, exiting. There are 0 tasks remaining in the queue.
2019-07-13 14:44:53,587 INFO  segmented.SegmentedRaftLogWorker (SegmentedRaftLogWorker.java:close(228)) - 6741e132-0fbb-447f-b5b2-de4615ce68d0-SegmentedRaftLogWorker:Storage Directory /tmp/workdir/hadoop-ozone/integration-test/target/test-dir/MiniOzoneClusterImpl-480568c9-7904-409a-9f10-e21cb57673e4/datanode-9/data/ratis/c34223af-0d4b-4451-86ad-2406871ab928 close()
2019-07-13 14:44:53,592 INFO  server.GrpcService (GrpcService.java:closeImpl(155)) - 6741e132-0fbb-447f-b5b2-de4615ce68d0: shutdown server with port 40654 now
2019-07-13 14:44:53,593 INFO  server.GrpcService (GrpcService.java:closeImpl(163)) - 6741e132-0fbb-447f-b5b2-de4615ce68d0: shutdown server with port 40654 successfully
2019-07-13 14:44:53,599 INFO  utils.BackgroundService (BackgroundService.java:shutdown(148)) - Shutting down service BlockDeletingService
2019-07-13 14:44:53,600 WARN  fs.CachingGetSpaceUsed (CachingGetSpaceUsed.java:run(183)) - Thread Interrupted waiting to refresh disk information: sleep interrupted
2019-07-13 14:44:53,629 INFO  statemachine.DatanodeStateMachine (DatanodeStateMachine.java:stopDaemon(395)) - Ozone container server stopped.
2019-07-13 14:44:53,631 INFO  handler.ContextHandler (ContextHandler.java:doStop(910)) - Stopped o.e.j.w.WebAppContext@754de353{/,null,UNAVAILABLE}{/hddsDatanode}
2019-07-13 14:44:53,632 INFO  server.AbstractConnector (AbstractConnector.java:doStop(318)) - Stopped ServerConnector@ee2ae9a{HTTP/1.1,[http/1.1]}{0.0.0.0:0}
2019-07-13 14:44:53,632 INFO  handler.ContextHandler (ContextHandler.java:doStop(910)) - Stopped o.e.j.s.ServletContextHandler@3321291a{/static,jar:file:/home/user/.m2/repository/org/apache/hadoop/hadoop-hdds-container-service/0.5.0-SNAPSHOT/hadoop-hdds-container-service-0.5.0-SNAPSHOT.jar!/webapps/static,UNAVAILABLE}
2019-07-13 14:44:53,633 INFO  handler.ContextHandler (ContextHandler.java:doStop(910)) - Stopped o.e.j.s.ServletContextHandler@790654d5{/logs,file:///tmp/workdir/hadoop-ozone/integration-test/target/log,UNAVAILABLE}
2019-07-13 14:44:53,643 INFO  pipeline.Pipeline (Pipeline.java:getProtobufMessage(195)) - Serialize pipeline PipelineID=c34223af-0d4b-4451-86ad-2406871ab928 with nodesInOrder{ }
2019-07-13 14:44:53,645 INFO  pipeline.Pipeline (Pipeline.java:build(342)) - Deserialize nodesInOrder [6741e132-0fbb-447f-b5b2-de4615ce68d0{ip: 192.168.5.172, host: trunk-nightly-mhs6z-4061744966, networkLocation: /default-rack, certSerialId: null}, 6741e132-0fbb-447f-b5b2-de4615ce68d0{ip: 192.168.5.172, host: trunk-nightly-mhs6z-4061744966, networkLocation: /default-rack, certSerialId: null}, 6741e132-0fbb-447f-b5b2-de4615ce68d0{ip: 192.168.5.172, host: trunk-nightly-mhs6z-4061744966, networkLocation: /default-rack, certSerialId: null}] in pipeline PipelineID=c34223af-0d4b-4451-86ad-2406871ab928
2019-07-13 14:44:53,651 INFO  pipeline.Pipeline (Pipeline.java:getProtobufMessage(195)) - Serialize pipeline PipelineID=c34223af-0d4b-4451-86ad-2406871ab928 with nodesInOrder{ }
2019-07-13 14:44:53,652 INFO  pipeline.Pipeline (Pipeline.java:build(342)) - Deserialize nodesInOrder [6741e132-0fbb-447f-b5b2-de4615ce68d0{ip: 192.168.5.172, host: trunk-nightly-mhs6z-4061744966, networkLocation: /default-rack, certSerialId: null}, 6741e132-0fbb-447f-b5b2-de4615ce68d0{ip: 192.168.5.172, host: trunk-nightly-mhs6z-4061744966, networkLocation: /default-rack, certSerialId: null}, 6741e132-0fbb-447f-b5b2-de4615ce68d0{ip: 192.168.5.172, host: trunk-nightly-mhs6z-4061744966, networkLocation: /default-rack, certSerialId: null}] in pipeline PipelineID=c34223af-0d4b-4451-86ad-2406871ab928
2019-07-13 14:44:53,688 ERROR scm.XceiverClientGrpc (XceiverClientGrpc.java:sendCommandWithRetry(308)) - Failed to execute command cmdType: ReadChunk
traceID: "823a51f516993eae:823a51f516993eae:0:0"
containerID: 1
datanodeUuid: "6741e132-0fbb-447f-b5b2-de4615ce68d0"
readChunk {
  blockID {
    containerID: 1
    localID: 102434673617141761
    blockCommitSequenceId: 3
  }
  chunkData {
    chunkName: "838a23c938f727c999254b39a5c82a4e_stream_2e334af4-c3bd-45ab-b93a-5c0c0cd26e10_chunk_1"
    offset: 0
    len: 12
    checksumData {
      type: CRC32
      bytesPerChecksum: 1048576
      checksums: "\000\000\000\000\357\322\354/"
    }
  }
}
 on the pipeline PipelineID=c34223af-0d4b-4451-86ad-2406871ab928
]]></system-out>
    <system-err><![CDATA[ERROR StatusLogger No Log4j 2 configuration file found. Using default configuration (logging only errors to the console), or user programmatically provided configurations. Set system property 'log4j2.debug' to show Log4j 2 internal initialization logging. See https://logging.apache.org/log4j/2.x/manual/configuration.html for instructions on how to configure Log4j 2
Jul 13, 2019 2:44:29 PM com.sun.jersey.server.impl.application.WebApplicationImpl _initiate
INFO: Initiating Jersey application, version 'Jersey: 1.19 02/11/2015 03:25 AM'
Jul 13, 2019 2:44:30 PM com.sun.jersey.server.impl.application.WebApplicationImpl _initiate
INFO: Initiating Jersey application, version 'Jersey: 1.19 02/11/2015 03:25 AM'
Jul 13, 2019 2:44:31 PM com.sun.jersey.server.impl.application.WebApplicationImpl _initiate
INFO: Initiating Jersey application, version 'Jersey: 1.19 02/11/2015 03:25 AM'
Jul 13, 2019 2:44:31 PM com.sun.jersey.server.impl.application.WebApplicationImpl _initiate
INFO: Initiating Jersey application, version 'Jersey: 1.19 02/11/2015 03:25 AM'
Jul 13, 2019 2:44:31 PM com.sun.jersey.server.impl.application.WebApplicationImpl _initiate
INFO: Initiating Jersey application, version 'Jersey: 1.19 02/11/2015 03:25 AM'
Jul 13, 2019 2:44:31 PM com.sun.jersey.server.impl.application.WebApplicationImpl _initiate
INFO: Initiating Jersey application, version 'Jersey: 1.19 02/11/2015 03:25 AM'
Jul 13, 2019 2:44:31 PM com.sun.jersey.server.impl.application.WebApplicationImpl _initiate
INFO: Initiating Jersey application, version 'Jersey: 1.19 02/11/2015 03:25 AM'
Jul 13, 2019 2:44:32 PM com.sun.jersey.server.impl.application.WebApplicationImpl _initiate
INFO: Initiating Jersey application, version 'Jersey: 1.19 02/11/2015 03:25 AM'
Jul 13, 2019 2:44:32 PM com.sun.jersey.server.impl.application.WebApplicationImpl _initiate
INFO: Initiating Jersey application, version 'Jersey: 1.19 02/11/2015 03:25 AM'
Jul 13, 2019 2:44:32 PM com.sun.jersey.server.impl.application.WebApplicationImpl _initiate
INFO: Initiating Jersey application, version 'Jersey: 1.19 02/11/2015 03:25 AM'
]]></system-err>
  </testcase>
</testsuite>