<?xml version="1.0" encoding="UTF-8"?>
<testsuite xmlns:xsi="http://www.w3.org/2001/XMLSchema-instance" xsi:noNamespaceSchemaLocation="https://maven.apache.org/surefire/maven-surefire-plugin/xsd/surefire-test-report.xsd" name="org.apache.hadoop.ozone.client.rpc.TestWatchForCommit" time="184.714" tests="6" errors="2" skipped="0" failures="1">
  <properties>
    <property name="awt.toolkit" value="sun.awt.X11.XToolkit"/>
    <property name="file.encoding.pkg" value="sun.io"/>
    <property name="java.specification.version" value="1.8"/>
    <property name="sun.cpu.isalist" value=""/>
    <property name="sun.jnu.encoding" value="UTF-8"/>
    <property name="java.class.path" value="/tmp/workdir/hadoop-ozone/integration-test/target/test-classes:/tmp/workdir/hadoop-ozone/integration-test/target/classes:/home/user/.m2/repository/org/apache/hadoop/hadoop-ozone-common/0.5.0-SNAPSHOT/hadoop-ozone-common-0.5.0-SNAPSHOT.jar:/home/user/.m2/repository/org/apache/commons/commons-compress/1.4.1/commons-compress-1.4.1.jar:/home/user/.m2/repository/org/tukaani/xz/1.0/xz-1.0.jar:/home/user/.m2/repository/org/apache/hadoop/hadoop-common/3.2.0/hadoop-common-3.2.0.jar:/home/user/.m2/repository/org/apache/hadoop/hadoop-hdfs/3.2.0/hadoop-hdfs-3.2.0.jar:/home/user/.m2/repository/org/apache/hadoop/hadoop-hdfs-client/3.2.0/hadoop-hdfs-client-3.2.0.jar:/home/user/.m2/repository/com/fasterxml/jackson/core/jackson-annotations/2.9.5/jackson-annotations-2.9.5.jar:/home/user/.m2/repository/org/apache/hadoop/hadoop-hdds-common/0.5.0-SNAPSHOT/hadoop-hdds-common-0.5.0-SNAPSHOT.jar:/home/user/.m2/repository/javax/annotation/javax.annotation-api/1.2/javax.annotation-api-1.2.jar:/home/user/.m2/repository/org/apache/ratis/ratis-server/0.4.0-2337318-SNAPSHOT/ratis-server-0.4.0-2337318-SNAPSHOT.jar:/home/user/.m2/repository/org/apache/ratis/ratis-thirdparty-misc/0.2.0/ratis-thirdparty-misc-0.2.0.jar:/home/user/.m2/repository/org/apache/ratis/ratis-proto/0.4.0-2337318-SNAPSHOT/ratis-proto-0.4.0-2337318-SNAPSHOT.jar:/home/user/.m2/repository/org/apache/ratis/ratis-common/0.4.0-2337318-SNAPSHOT/ratis-common-0.4.0-2337318-SNAPSHOT.jar:/home/user/.m2/repository/org/apache/ratis/ratis-client/0.4.0-2337318-SNAPSHOT/ratis-client-0.4.0-2337318-SNAPSHOT.jar:/home/user/.m2/repository/org/apache/ratis/ratis-metrics/0.4.0-2337318-SNAPSHOT/ratis-metrics-0.4.0-2337318-SNAPSHOT.jar:/home/user/.m2/repository/org/apache/ratis/ratis-netty/0.4.0-2337318-SNAPSHOT/ratis-netty-0.4.0-2337318-SNAPSHOT.jar:/home/user/.m2/repository/org/apache/ratis/ratis-grpc/0.4.0-2337318-SNAPSHOT/ratis-grpc-0.4.0-2337318-SNAPSHOT.jar:/home/user/.m2/repository/org/rocksdb/rocksdbjni/6.0.1/rocksdbjni-6.0.1.jar:/home/user/.m2/repository/org/apache/logging/log4j/log4j-api/2.11.0/log4j-api-2.11.0.jar:/home/user/.m2/repository/org/apache/logging/log4j/log4j-core/2.11.0/log4j-core-2.11.0.jar:/home/user/.m2/repository/com/lmax/disruptor/3.4.2/disruptor-3.4.2.jar:/home/user/.m2/repository/org/apache/commons/commons-pool2/2.6.0/commons-pool2-2.6.0.jar:/home/user/.m2/repository/org/bouncycastle/bcpkix-jdk15on/1.60/bcpkix-jdk15on-1.60.jar:/home/user/.m2/repository/commons-validator/commons-validator/1.6/commons-validator-1.6.jar:/home/user/.m2/repository/commons-digester/commons-digester/1.8.1/commons-digester-1.8.1.jar:/home/user/.m2/repository/io/jaegertracing/jaeger-client/0.33.1/jaeger-client-0.33.1.jar:/home/user/.m2/repository/io/jaegertracing/jaeger-thrift/0.33.1/jaeger-thrift-0.33.1.jar:/home/user/.m2/repository/org/apache/thrift/libthrift/0.11.0/libthrift-0.11.0.jar:/home/user/.m2/repository/com/squareup/okhttp3/okhttp/3.9.0/okhttp-3.9.0.jar:/home/user/.m2/repository/com/squareup/okio/okio/1.13.0/okio-1.13.0.jar:/home/user/.m2/repository/io/jaegertracing/jaeger-core/0.33.1/jaeger-core-0.33.1.jar:/home/user/.m2/repository/io/jaegertracing/jaeger-tracerresolver/0.33.1/jaeger-tracerresolver-0.33.1.jar:/home/user/.m2/repository/io/opentracing/contrib/opentracing-tracerresolver/0.1.5/opentracing-tracerresolver-0.1.5.jar:/home/user/.m2/repository/io/opentracing/opentracing-util/0.31.0/opentracing-util-0.31.0.jar:/home/user/.m2/repository/io/opentracing/opentracing-api/0.31.0/opentracing-api-0.31.0.jar:/home/user/.m2/repository/io/opentracing/opentracing-noop/0.31.0/opentracing-noop-0.31.0.jar:/home/user/.m2/repository/org/apache/hadoop/hadoop-hdds-server-framework/0.5.0-SNAPSHOT/hadoop-hdds-server-framework-0.5.0-SNAPSHOT.jar:/home/user/.m2/repository/org/apache/hadoop/hadoop-hdds-container-service/0.5.0-SNAPSHOT/hadoop-hdds-container-service-0.5.0-SNAPSHOT.jar:/home/user/.m2/repository/org/apache/hadoop/hadoop-hdds-client/0.5.0-SNAPSHOT/hadoop-hdds-client-0.5.0-SNAPSHOT.jar:/home/user/.m2/repository/org/apache/hadoop/hadoop-hdds-tools/0.5.0-SNAPSHOT/hadoop-hdds-tools-0.5.0-SNAPSHOT.jar:/home/user/.m2/repository/org/apache/hadoop/hadoop-hdds-server-scm/0.5.0-SNAPSHOT/hadoop-hdds-server-scm-0.5.0-SNAPSHOT.jar:/home/user/.m2/repository/org/apache/hadoop/hadoop-hdds-docs/0.5.0-SNAPSHOT/hadoop-hdds-docs-0.5.0-SNAPSHOT.jar:/home/user/.m2/repository/io/dropwizard/metrics/metrics-core/3.2.4/metrics-core-3.2.4.jar:/home/user/.m2/repository/org/hamcrest/hamcrest-all/1.3/hamcrest-all-1.3.jar:/home/user/.m2/repository/org/bouncycastle/bcprov-jdk15on/1.60/bcprov-jdk15on-1.60.jar:/home/user/.m2/repository/info/picocli/picocli/3.9.6/picocli-3.9.6.jar:/home/user/.m2/repository/com/google/protobuf/protobuf-java/2.5.0/protobuf-java-2.5.0.jar:/home/user/.m2/repository/com/google/guava/guava/11.0.2/guava-11.0.2.jar:/home/user/.m2/repository/org/apache/hadoop/hadoop-ozone-ozone-manager/0.5.0-SNAPSHOT/hadoop-ozone-ozone-manager-0.5.0-SNAPSHOT.jar:/home/user/.m2/repository/org/apache/hadoop/hadoop-minikdc/3.2.0/hadoop-minikdc-3.2.0.jar:/home/user/.m2/repository/commons-io/commons-io/2.5/commons-io-2.5.jar:/home/user/.m2/repository/org/apache/kerby/kerb-simplekdc/1.0.1/kerb-simplekdc-1.0.1.jar:/home/user/.m2/repository/org/apache/kerby/kerb-client/1.0.1/kerb-client-1.0.1.jar:/home/user/.m2/repository/org/apache/kerby/kerby-config/1.0.1/kerby-config-1.0.1.jar:/home/user/.m2/repository/org/apache/kerby/kerb-core/1.0.1/kerb-core-1.0.1.jar:/home/user/.m2/repository/org/apache/kerby/kerby-pkix/1.0.1/kerby-pkix-1.0.1.jar:/home/user/.m2/repository/org/apache/kerby/kerby-asn1/1.0.1/kerby-asn1-1.0.1.jar:/home/user/.m2/repository/org/apache/kerby/kerby-util/1.0.1/kerby-util-1.0.1.jar:/home/user/.m2/repository/org/apache/kerby/kerb-common/1.0.1/kerb-common-1.0.1.jar:/home/user/.m2/repository/org/apache/kerby/kerb-crypto/1.0.1/kerb-crypto-1.0.1.jar:/home/user/.m2/repository/org/apache/kerby/kerb-util/1.0.1/kerb-util-1.0.1.jar:/home/user/.m2/repository/org/apache/kerby/token-provider/1.0.1/token-provider-1.0.1.jar:/home/user/.m2/repository/org/apache/kerby/kerb-admin/1.0.1/kerb-admin-1.0.1.jar:/home/user/.m2/repository/org/apache/kerby/kerb-server/1.0.1/kerb-server-1.0.1.jar:/home/user/.m2/repository/org/apache/kerby/kerb-identity/1.0.1/kerb-identity-1.0.1.jar:/home/user/.m2/repository/org/apache/kerby/kerby-xdr/1.0.1/kerby-xdr-1.0.1.jar:/home/user/.m2/repository/org/slf4j/slf4j-log4j12/1.7.25/slf4j-log4j12-1.7.25.jar:/home/user/.m2/repository/org/apache/hadoop/hadoop-ozone-objectstore-service/0.5.0-SNAPSHOT/hadoop-ozone-objectstore-service-0.5.0-SNAPSHOT.jar:/home/user/.m2/repository/org/apache/hadoop/hadoop-ozone-s3gateway/0.5.0-SNAPSHOT/hadoop-ozone-s3gateway-0.5.0-SNAPSHOT.jar:/home/user/.m2/repository/org/jboss/weld/servlet/weld-servlet/2.4.7.Final/weld-servlet-2.4.7.Final.jar:/home/user/.m2/repository/org/glassfish/jersey/containers/jersey-container-servlet-core/2.27/jersey-container-servlet-core-2.27.jar:/home/user/.m2/repository/org/glassfish/hk2/external/javax.inject/2.5.0-b42/javax.inject-2.5.0-b42.jar:/home/user/.m2/repository/org/glassfish/jersey/core/jersey-common/2.27/jersey-common-2.27.jar:/home/user/.m2/repository/org/glassfish/hk2/osgi-resource-locator/1.0.1/osgi-resource-locator-1.0.1.jar:/home/user/.m2/repository/javax/ws/rs/javax.ws.rs-api/2.1/javax.ws.rs-api-2.1.jar:/home/user/.m2/repository/org/glassfish/jersey/ext/cdi/jersey-cdi1x/2.27/jersey-cdi1x-2.27.jar:/home/user/.m2/repository/org/glassfish/jersey/inject/jersey-hk2/2.27/jersey-hk2-2.27.jar:/home/user/.m2/repository/org/glassfish/hk2/hk2-locator/2.5.0-b42/hk2-locator-2.5.0-b42.jar:/home/user/.m2/repository/org/javassist/javassist/3.22.0-CR2/javassist-3.22.0-CR2.jar:/home/user/.m2/repository/org/glassfish/hk2/hk2-api/2.5.0/hk2-api-2.5.0.jar:/home/user/.m2/repository/org/glassfish/hk2/external/jakarta.inject/2.5.0/jakarta.inject-2.5.0.jar:/home/user/.m2/repository/org/glassfish/hk2/hk2-utils/2.5.0/hk2-utils-2.5.0.jar:/home/user/.m2/repository/jakarta/annotation/jakarta.annotation-api/1.3.4/jakarta.annotation-api-1.3.4.jar:/home/user/.m2/repository/org/glassfish/hk2/external/aopalliance-repackaged/2.5.0/aopalliance-repackaged-2.5.0.jar:/home/user/.m2/repository/com/fasterxml/jackson/dataformat/jackson-dataformat-xml/2.9.0/jackson-dataformat-xml-2.9.0.jar:/home/user/.m2/repository/com/fasterxml/jackson/core/jackson-core/2.9.5/jackson-core-2.9.5.jar:/home/user/.m2/repository/com/fasterxml/jackson/module/jackson-module-jaxb-annotations/2.9.5/jackson-module-jaxb-annotations-2.9.5.jar:/home/user/.m2/repository/javax/enterprise/cdi-api/1.2/cdi-api-1.2.jar:/home/user/.m2/repository/javax/el/javax.el-api/3.0.0/javax.el-api-3.0.0.jar:/home/user/.m2/repository/javax/interceptor/javax.interceptor-api/1.2/javax.interceptor-api-1.2.jar:/home/user/.m2/repository/javax/inject/javax.inject/1/javax.inject-1.jar:/home/user/.m2/repository/com/sun/xml/bind/jaxb-impl/2.3.0.1/jaxb-impl-2.3.0.1.jar:/home/user/.m2/repository/com/sun/xml/bind/jaxb-core/2.3.0.1/jaxb-core-2.3.0.1.jar:/home/user/.m2/repository/javax/xml/bind/jaxb-api/2.3.0/jaxb-api-2.3.0.jar:/home/user/.m2/repository/javax/activation/activation/1.1.1/activation-1.1.1.jar:/home/user/.m2/repository/org/apache/hadoop/hadoop-ozone-csi/0.5.0-SNAPSHOT/hadoop-ozone-csi-0.5.0-SNAPSHOT.jar:/home/user/.m2/repository/com/google/protobuf/protobuf-java-util/3.5.1/protobuf-java-util-3.5.1.jar:/home/user/.m2/repository/org/apache/hadoop/hadoop-hdds-config/0.5.0-SNAPSHOT/hadoop-hdds-config-0.5.0-SNAPSHOT.jar:/home/user/.m2/repository/io/grpc/grpc-netty/1.17.1/grpc-netty-1.17.1.jar:/home/user/.m2/repository/io/grpc/grpc-core/1.17.1/grpc-core-1.17.1.jar:/home/user/.m2/repository/io/grpc/grpc-context/1.17.1/grpc-context-1.17.1.jar:/home/user/.m2/repository/com/google/errorprone/error_prone_annotations/2.2.0/error_prone_annotations-2.2.0.jar:/home/user/.m2/repository/org/codehaus/mojo/animal-sniffer-annotations/1.17/animal-sniffer-annotations-1.17.jar:/home/user/.m2/repository/io/opencensus/opencensus-api/0.17.0/opencensus-api-0.17.0.jar:/home/user/.m2/repository/io/opencensus/opencensus-contrib-grpc-metrics/0.17.0/opencensus-contrib-grpc-metrics-0.17.0.jar:/home/user/.m2/repository/io/netty/netty-codec-http2/4.1.30.Final/netty-codec-http2-4.1.30.Final.jar:/home/user/.m2/repository/io/netty/netty-codec-http/4.1.30.Final/netty-codec-http-4.1.30.Final.jar:/home/user/.m2/repository/io/netty/netty-codec/4.1.30.Final/netty-codec-4.1.30.Final.jar:/home/user/.m2/repository/io/netty/netty-handler/4.1.30.Final/netty-handler-4.1.30.Final.jar:/home/user/.m2/repository/io/netty/netty-handler-proxy/4.1.30.Final/netty-handler-proxy-4.1.30.Final.jar:/home/user/.m2/repository/io/netty/netty-codec-socks/4.1.30.Final/netty-codec-socks-4.1.30.Final.jar:/home/user/.m2/repository/io/netty/netty-transport-native-epoll/4.1.30.Final/netty-transport-native-epoll-4.1.30.Final.jar:/home/user/.m2/repository/io/netty/netty-common/4.1.30.Final/netty-common-4.1.30.Final.jar:/home/user/.m2/repository/io/netty/netty-buffer/4.1.30.Final/netty-buffer-4.1.30.Final.jar:/home/user/.m2/repository/io/netty/netty-transport/4.1.30.Final/netty-transport-4.1.30.Final.jar:/home/user/.m2/repository/io/netty/netty-resolver/4.1.30.Final/netty-resolver-4.1.30.Final.jar:/home/user/.m2/repository/io/netty/netty-transport-native-unix-common/4.1.30.Final/netty-transport-native-unix-common-4.1.30.Final.jar:/home/user/.m2/repository/io/grpc/grpc-protobuf/1.17.1/grpc-protobuf-1.17.1.jar:/home/user/.m2/repository/com/google/api/grpc/proto-google-common-protos/1.0.0/proto-google-common-protos-1.0.0.jar:/home/user/.m2/repository/io/grpc/grpc-protobuf-lite/1.17.1/grpc-protobuf-lite-1.17.1.jar:/home/user/.m2/repository/io/grpc/grpc-stub/1.17.1/grpc-stub-1.17.1.jar:/home/user/.m2/repository/org/apache/hadoop/hadoop-ozone-recon/0.5.0-SNAPSHOT/hadoop-ozone-recon-0.5.0-SNAPSHOT.jar:/home/user/.m2/repository/org/apache/hadoop/hadoop-ozone-reconcodegen/0.5.0-SNAPSHOT/hadoop-ozone-reconcodegen-0.5.0-SNAPSHOT.jar:/home/user/.m2/repository/com/google/inject/extensions/guice-multibindings/4.0/guice-multibindings-4.0.jar:/home/user/.m2/repository/com/google/inject/guice/4.0/guice-4.0.jar:/home/user/.m2/repository/aopalliance/aopalliance/1.0/aopalliance-1.0.jar:/home/user/.m2/repository/com/google/inject/extensions/guice-servlet/4.0/guice-servlet-4.0.jar:/home/user/.m2/repository/org/glassfish/jersey/containers/jersey-container-servlet/2.27/jersey-container-servlet-2.27.jar:/home/user/.m2/repository/org/glassfish/hk2/guice-bridge/2.5.0/guice-bridge-2.5.0.jar:/home/user/.m2/repository/org/glassfish/jersey/core/jersey-server/2.27/jersey-server-2.27.jar:/home/user/.m2/repository/org/glassfish/jersey/core/jersey-client/2.27/jersey-client-2.27.jar:/home/user/.m2/repository/org/glassfish/jersey/media/jersey-media-jaxb/2.27/jersey-media-jaxb-2.27.jar:/home/user/.m2/repository/javax/validation/validation-api/1.1.0.Final/validation-api-1.1.0.Final.jar:/home/user/.m2/repository/org/glassfish/jersey/media/jersey-media-json-jackson/2.27/jersey-media-json-jackson-2.27.jar:/home/user/.m2/repository/org/glassfish/jersey/ext/jersey-entity-filtering/2.27/jersey-entity-filtering-2.27.jar:/home/user/.m2/repository/com/google/inject/extensions/guice-assistedinject/4.0/guice-assistedinject-4.0.jar:/home/user/.m2/repository/org/jooq/jooq/3.11.10/jooq-3.11.10.jar:/home/user/.m2/repository/org/jooq/jooq-meta/3.11.10/jooq-meta-3.11.10.jar:/home/user/.m2/repository/org/jooq/jooq-codegen/3.11.10/jooq-codegen-3.11.10.jar:/home/user/.m2/repository/com/jolbox/bonecp/0.8.0.RELEASE/bonecp-0.8.0.RELEASE.jar:/home/user/.m2/repository/org/xerial/sqlite-jdbc/3.25.2/sqlite-jdbc-3.25.2.jar:/home/user/.m2/repository/org/springframework/spring-jdbc/5.1.3.RELEASE/spring-jdbc-5.1.3.RELEASE.jar:/home/user/.m2/repository/org/springframework/spring-beans/5.1.3.RELEASE/spring-beans-5.1.3.RELEASE.jar:/home/user/.m2/repository/org/springframework/spring-core/5.1.3.RELEASE/spring-core-5.1.3.RELEASE.jar:/home/user/.m2/repository/org/springframework/spring-jcl/5.1.3.RELEASE/spring-jcl-5.1.3.RELEASE.jar:/home/user/.m2/repository/org/springframework/spring-tx/5.1.3.RELEASE/spring-tx-5.1.3.RELEASE.jar:/home/user/.m2/repository/org/apache/hadoop/hadoop-ozone-client/0.5.0-SNAPSHOT/hadoop-ozone-client-0.5.0-SNAPSHOT.jar:/home/user/.m2/repository/commons-lang/commons-lang/2.6/commons-lang-2.6.jar:/home/user/.m2/repository/org/apache/hadoop/hadoop-ozone-ozone-manager/0.5.0-SNAPSHOT/hadoop-ozone-ozone-manager-0.5.0-SNAPSHOT-tests.jar:/home/user/.m2/repository/junit/junit/4.11/junit-4.11.jar:/home/user/.m2/repository/org/hamcrest/hamcrest-core/1.3/hamcrest-core-1.3.jar:/home/user/.m2/repository/org/openjdk/jmh/jmh-core/1.19/jmh-core-1.19.jar:/home/user/.m2/repository/net/sf/jopt-simple/jopt-simple/4.6/jopt-simple-4.6.jar:/home/user/.m2/repository/org/apache/commons/commons-math3/3.1.1/commons-math3-3.1.1.jar:/home/user/.m2/repository/org/openjdk/jmh/jmh-generator-annprocess/1.19/jmh-generator-annprocess-1.19.jar:/home/user/.m2/repository/org/mockito/mockito-all/1.8.5/mockito-all-1.8.5.jar:/home/user/.m2/repository/org/apache/hadoop/hadoop-kms/3.2.0/hadoop-kms-3.2.0.jar:/home/user/.m2/repository/org/apache/hadoop/hadoop-auth/3.2.0/hadoop-auth-3.2.0.jar:/home/user/.m2/repository/com/nimbusds/nimbus-jose-jwt/4.41.1/nimbus-jose-jwt-4.41.1.jar:/home/user/.m2/repository/com/github/stephenc/jcip/jcip-annotations/1.0-1/jcip-annotations-1.0-1.jar:/home/user/.m2/repository/net/minidev/json-smart/2.3/json-smart-2.3.jar:/home/user/.m2/repository/net/minidev/accessors-smart/1.2/accessors-smart-1.2.jar:/home/user/.m2/repository/org/ow2/asm/asm/5.0.4/asm-5.0.4.jar:/home/user/.m2/repository/org/apache/curator/curator-framework/2.12.0/curator-framework-2.12.0.jar:/home/user/.m2/repository/com/sun/jersey/jersey-core/1.19/jersey-core-1.19.jar:/home/user/.m2/repository/javax/ws/rs/jsr311-api/1.1.1/jsr311-api-1.1.1.jar:/home/user/.m2/repository/com/sun/jersey/jersey-server/1.19/jersey-server-1.19.jar:/home/user/.m2/repository/javax/servlet/javax.servlet-api/3.1.0/javax.servlet-api-3.1.0.jar:/home/user/.m2/repository/org/eclipse/jetty/jetty-server/9.3.24.v20180605/jetty-server-9.3.24.v20180605.jar:/home/user/.m2/repository/org/eclipse/jetty/jetty-http/9.3.24.v20180605/jetty-http-9.3.24.v20180605.jar:/home/user/.m2/repository/org/eclipse/jetty/jetty-io/9.3.24.v20180605/jetty-io-9.3.24.v20180605.jar:/home/user/.m2/repository/org/eclipse/jetty/jetty-webapp/9.3.24.v20180605/jetty-webapp-9.3.24.v20180605.jar:/home/user/.m2/repository/org/eclipse/jetty/jetty-xml/9.3.24.v20180605/jetty-xml-9.3.24.v20180605.jar:/home/user/.m2/repository/log4j/log4j/1.2.17/log4j-1.2.17.jar:/home/user/.m2/repository/org/slf4j/slf4j-api/1.7.25/slf4j-api-1.7.25.jar:/home/user/.m2/repository/org/slf4j/jul-to-slf4j/1.7.25/jul-to-slf4j-1.7.25.jar:/home/user/.m2/repository/org/eclipse/jetty/jetty-util/9.3.24.v20180605/jetty-util-9.3.24.v20180605.jar:/home/user/.m2/repository/com/fasterxml/jackson/core/jackson-databind/2.9.5/jackson-databind-2.9.5.jar:/home/user/.m2/repository/org/apache/hadoop/hadoop-kms/3.2.0/hadoop-kms-3.2.0-tests.jar:/home/user/.m2/repository/org/apache/hadoop/hadoop-hdds-server-scm/0.5.0-SNAPSHOT/hadoop-hdds-server-scm-0.5.0-SNAPSHOT-tests.jar:/home/user/.m2/repository/org/apache/hadoop/hadoop-hdds-container-service/0.5.0-SNAPSHOT/hadoop-hdds-container-service-0.5.0-SNAPSHOT-tests.jar:/home/user/.m2/repository/org/yaml/snakeyaml/1.16/snakeyaml-1.16.jar:/home/user/.m2/repository/org/apache/hadoop/hadoop-common/3.2.0/hadoop-common-3.2.0-tests.jar:/home/user/.m2/repository/org/apache/hadoop/hadoop-annotations/3.2.0/hadoop-annotations-3.2.0.jar:/usr/lib/jvm/java-1.8-openjdk/jre/../lib/tools.jar:/home/user/.m2/repository/commons-cli/commons-cli/1.2/commons-cli-1.2.jar:/home/user/.m2/repository/org/apache/httpcomponents/httpclient/4.5.2/httpclient-4.5.2.jar:/home/user/.m2/repository/org/apache/httpcomponents/httpcore/4.4.4/httpcore-4.4.4.jar:/home/user/.m2/repository/commons-codec/commons-codec/1.11/commons-codec-1.11.jar:/home/user/.m2/repository/commons-net/commons-net/3.6/commons-net-3.6.jar:/home/user/.m2/repository/commons-collections/commons-collections/3.2.2/commons-collections-3.2.2.jar:/home/user/.m2/repository/org/eclipse/jetty/jetty-servlet/9.3.24.v20180605/jetty-servlet-9.3.24.v20180605.jar:/home/user/.m2/repository/org/eclipse/jetty/jetty-security/9.3.24.v20180605/jetty-security-9.3.24.v20180605.jar:/home/user/.m2/repository/javax/servlet/jsp/jsp-api/2.1/jsp-api-2.1.jar:/home/user/.m2/repository/com/sun/jersey/jersey-servlet/1.19/jersey-servlet-1.19.jar:/home/user/.m2/repository/com/sun/jersey/jersey-json/1.19/jersey-json-1.19.jar:/home/user/.m2/repository/org/codehaus/jettison/jettison/1.1/jettison-1.1.jar:/home/user/.m2/repository/org/codehaus/jackson/jackson-core-asl/1.9.13/jackson-core-asl-1.9.13.jar:/home/user/.m2/repository/org/codehaus/jackson/jackson-mapper-asl/1.9.13/jackson-mapper-asl-1.9.13.jar:/home/user/.m2/repository/org/codehaus/jackson/jackson-jaxrs/1.9.13/jackson-jaxrs-1.9.13.jar:/home/user/.m2/repository/org/codehaus/jackson/jackson-xc/1.9.13/jackson-xc-1.9.13.jar:/home/user/.m2/repository/commons-logging/commons-logging/1.1.3/commons-logging-1.1.3.jar:/home/user/.m2/repository/commons-beanutils/commons-beanutils/1.9.3/commons-beanutils-1.9.3.jar:/home/user/.m2/repository/org/apache/commons/commons-configuration2/2.1.1/commons-configuration2-2.1.1.jar:/home/user/.m2/repository/org/apache/commons/commons-lang3/3.7/commons-lang3-3.7.jar:/home/user/.m2/repository/org/apache/commons/commons-text/1.4/commons-text-1.4.jar:/home/user/.m2/repository/org/apache/avro/avro/1.7.7/avro-1.7.7.jar:/home/user/.m2/repository/com/thoughtworks/paranamer/paranamer/2.3/paranamer-2.3.jar:/home/user/.m2/repository/org/xerial/snappy/snappy-java/1.0.5/snappy-java-1.0.5.jar:/home/user/.m2/repository/com/google/re2j/re2j/1.1/re2j-1.1.jar:/home/user/.m2/repository/com/google/code/gson/gson/2.2.4/gson-2.2.4.jar:/home/user/.m2/repository/com/jcraft/jsch/0.1.54/jsch-0.1.54.jar:/home/user/.m2/repository/org/apache/curator/curator-client/2.12.0/curator-client-2.12.0.jar:/home/user/.m2/repository/org/apache/curator/curator-recipes/2.12.0/curator-recipes-2.12.0.jar:/home/user/.m2/repository/com/google/code/findbugs/jsr305/3.0.0/jsr305-3.0.0.jar:/home/user/.m2/repository/org/apache/htrace/htrace-core4/4.1.0-incubating/htrace-core4-4.1.0-incubating.jar:/home/user/.m2/repository/org/apache/zookeeper/zookeeper/3.4.13/zookeeper-3.4.13.jar:/home/user/.m2/repository/org/apache/yetus/audience-annotations/0.5.0/audience-annotations-0.5.0.jar:/home/user/.m2/repository/org/codehaus/woodstox/stax2-api/3.1.4/stax2-api-3.1.4.jar:/home/user/.m2/repository/com/fasterxml/woodstox/woodstox-core/5.0.3/woodstox-core-5.0.3.jar:/home/user/.m2/repository/dnsjava/dnsjava/2.1.7/dnsjava-2.1.7.jar:/home/user/.m2/repository/org/apache/hadoop/hadoop-hdfs/3.2.0/hadoop-hdfs-3.2.0-tests.jar:/home/user/.m2/repository/org/eclipse/jetty/jetty-util-ajax/9.3.24.v20180605/jetty-util-ajax-9.3.24.v20180605.jar:/home/user/.m2/repository/commons-daemon/commons-daemon/1.0.13/commons-daemon-1.0.13.jar:/home/user/.m2/repository/io/netty/netty/3.10.5.Final/netty-3.10.5.Final.jar:/home/user/.m2/repository/io/netty/netty-all/4.0.52.Final/netty-all-4.0.52.Final.jar:/home/user/.m2/repository/org/fusesource/leveldbjni/leveldbjni-all/1.8/leveldbjni-all-1.8.jar:"/>
    <property name="java.vm.vendor" value="IcedTea"/>
    <property name="sun.arch.data.model" value="64"/>
    <property name="test.build.dir" value="/tmp/workdir/hadoop-ozone/integration-test/target/test-dir"/>
    <property name="test.cache.data" value=""/>
    <property name="java.vendor.url" value="https://icedtea.classpath.org"/>
    <property name="user.timezone" value=""/>
    <property name="java.vm.specification.version" value="1.8"/>
    <property name="os.name" value="Linux"/>
    <property name="test.build.data" value="/tmp/workdir/hadoop-ozone/integration-test/target/test-dir"/>
    <property name="user.country" value="US"/>
    <property name="sun.java.launcher" value="SUN_STANDARD"/>
    <property name="sun.boot.library.path" value="/usr/lib/jvm/java-1.8-openjdk/jre/lib/amd64"/>
    <property name="sun.java.command" value="/tmp/workdir/hadoop-ozone/integration-test/target/surefire/surefirebooter7244941401168272511.jar /tmp/workdir/hadoop-ozone/integration-test/target/surefire 2019-07-13T14-10-07_840-jvmRun1 surefire7144502544381058679tmp surefire_393215936082296200293tmp"/>
    <property name="surefire.test.class.path" value="/tmp/workdir/hadoop-ozone/integration-test/target/test-classes:/tmp/workdir/hadoop-ozone/integration-test/target/classes:/home/user/.m2/repository/org/apache/hadoop/hadoop-ozone-common/0.5.0-SNAPSHOT/hadoop-ozone-common-0.5.0-SNAPSHOT.jar:/home/user/.m2/repository/org/apache/commons/commons-compress/1.4.1/commons-compress-1.4.1.jar:/home/user/.m2/repository/org/tukaani/xz/1.0/xz-1.0.jar:/home/user/.m2/repository/org/apache/hadoop/hadoop-common/3.2.0/hadoop-common-3.2.0.jar:/home/user/.m2/repository/org/apache/hadoop/hadoop-hdfs/3.2.0/hadoop-hdfs-3.2.0.jar:/home/user/.m2/repository/org/apache/hadoop/hadoop-hdfs-client/3.2.0/hadoop-hdfs-client-3.2.0.jar:/home/user/.m2/repository/com/fasterxml/jackson/core/jackson-annotations/2.9.5/jackson-annotations-2.9.5.jar:/home/user/.m2/repository/org/apache/hadoop/hadoop-hdds-common/0.5.0-SNAPSHOT/hadoop-hdds-common-0.5.0-SNAPSHOT.jar:/home/user/.m2/repository/javax/annotation/javax.annotation-api/1.2/javax.annotation-api-1.2.jar:/home/user/.m2/repository/org/apache/ratis/ratis-server/0.4.0-2337318-SNAPSHOT/ratis-server-0.4.0-2337318-SNAPSHOT.jar:/home/user/.m2/repository/org/apache/ratis/ratis-thirdparty-misc/0.2.0/ratis-thirdparty-misc-0.2.0.jar:/home/user/.m2/repository/org/apache/ratis/ratis-proto/0.4.0-2337318-SNAPSHOT/ratis-proto-0.4.0-2337318-SNAPSHOT.jar:/home/user/.m2/repository/org/apache/ratis/ratis-common/0.4.0-2337318-SNAPSHOT/ratis-common-0.4.0-2337318-SNAPSHOT.jar:/home/user/.m2/repository/org/apache/ratis/ratis-client/0.4.0-2337318-SNAPSHOT/ratis-client-0.4.0-2337318-SNAPSHOT.jar:/home/user/.m2/repository/org/apache/ratis/ratis-metrics/0.4.0-2337318-SNAPSHOT/ratis-metrics-0.4.0-2337318-SNAPSHOT.jar:/home/user/.m2/repository/org/apache/ratis/ratis-netty/0.4.0-2337318-SNAPSHOT/ratis-netty-0.4.0-2337318-SNAPSHOT.jar:/home/user/.m2/repository/org/apache/ratis/ratis-grpc/0.4.0-2337318-SNAPSHOT/ratis-grpc-0.4.0-2337318-SNAPSHOT.jar:/home/user/.m2/repository/org/rocksdb/rocksdbjni/6.0.1/rocksdbjni-6.0.1.jar:/home/user/.m2/repository/org/apache/logging/log4j/log4j-api/2.11.0/log4j-api-2.11.0.jar:/home/user/.m2/repository/org/apache/logging/log4j/log4j-core/2.11.0/log4j-core-2.11.0.jar:/home/user/.m2/repository/com/lmax/disruptor/3.4.2/disruptor-3.4.2.jar:/home/user/.m2/repository/org/apache/commons/commons-pool2/2.6.0/commons-pool2-2.6.0.jar:/home/user/.m2/repository/org/bouncycastle/bcpkix-jdk15on/1.60/bcpkix-jdk15on-1.60.jar:/home/user/.m2/repository/commons-validator/commons-validator/1.6/commons-validator-1.6.jar:/home/user/.m2/repository/commons-digester/commons-digester/1.8.1/commons-digester-1.8.1.jar:/home/user/.m2/repository/io/jaegertracing/jaeger-client/0.33.1/jaeger-client-0.33.1.jar:/home/user/.m2/repository/io/jaegertracing/jaeger-thrift/0.33.1/jaeger-thrift-0.33.1.jar:/home/user/.m2/repository/org/apache/thrift/libthrift/0.11.0/libthrift-0.11.0.jar:/home/user/.m2/repository/com/squareup/okhttp3/okhttp/3.9.0/okhttp-3.9.0.jar:/home/user/.m2/repository/com/squareup/okio/okio/1.13.0/okio-1.13.0.jar:/home/user/.m2/repository/io/jaegertracing/jaeger-core/0.33.1/jaeger-core-0.33.1.jar:/home/user/.m2/repository/io/jaegertracing/jaeger-tracerresolver/0.33.1/jaeger-tracerresolver-0.33.1.jar:/home/user/.m2/repository/io/opentracing/contrib/opentracing-tracerresolver/0.1.5/opentracing-tracerresolver-0.1.5.jar:/home/user/.m2/repository/io/opentracing/opentracing-util/0.31.0/opentracing-util-0.31.0.jar:/home/user/.m2/repository/io/opentracing/opentracing-api/0.31.0/opentracing-api-0.31.0.jar:/home/user/.m2/repository/io/opentracing/opentracing-noop/0.31.0/opentracing-noop-0.31.0.jar:/home/user/.m2/repository/org/apache/hadoop/hadoop-hdds-server-framework/0.5.0-SNAPSHOT/hadoop-hdds-server-framework-0.5.0-SNAPSHOT.jar:/home/user/.m2/repository/org/apache/hadoop/hadoop-hdds-container-service/0.5.0-SNAPSHOT/hadoop-hdds-container-service-0.5.0-SNAPSHOT.jar:/home/user/.m2/repository/org/apache/hadoop/hadoop-hdds-client/0.5.0-SNAPSHOT/hadoop-hdds-client-0.5.0-SNAPSHOT.jar:/home/user/.m2/repository/org/apache/hadoop/hadoop-hdds-tools/0.5.0-SNAPSHOT/hadoop-hdds-tools-0.5.0-SNAPSHOT.jar:/home/user/.m2/repository/org/apache/hadoop/hadoop-hdds-server-scm/0.5.0-SNAPSHOT/hadoop-hdds-server-scm-0.5.0-SNAPSHOT.jar:/home/user/.m2/repository/org/apache/hadoop/hadoop-hdds-docs/0.5.0-SNAPSHOT/hadoop-hdds-docs-0.5.0-SNAPSHOT.jar:/home/user/.m2/repository/io/dropwizard/metrics/metrics-core/3.2.4/metrics-core-3.2.4.jar:/home/user/.m2/repository/org/hamcrest/hamcrest-all/1.3/hamcrest-all-1.3.jar:/home/user/.m2/repository/org/bouncycastle/bcprov-jdk15on/1.60/bcprov-jdk15on-1.60.jar:/home/user/.m2/repository/info/picocli/picocli/3.9.6/picocli-3.9.6.jar:/home/user/.m2/repository/com/google/protobuf/protobuf-java/2.5.0/protobuf-java-2.5.0.jar:/home/user/.m2/repository/com/google/guava/guava/11.0.2/guava-11.0.2.jar:/home/user/.m2/repository/org/apache/hadoop/hadoop-ozone-ozone-manager/0.5.0-SNAPSHOT/hadoop-ozone-ozone-manager-0.5.0-SNAPSHOT.jar:/home/user/.m2/repository/org/apache/hadoop/hadoop-minikdc/3.2.0/hadoop-minikdc-3.2.0.jar:/home/user/.m2/repository/commons-io/commons-io/2.5/commons-io-2.5.jar:/home/user/.m2/repository/org/apache/kerby/kerb-simplekdc/1.0.1/kerb-simplekdc-1.0.1.jar:/home/user/.m2/repository/org/apache/kerby/kerb-client/1.0.1/kerb-client-1.0.1.jar:/home/user/.m2/repository/org/apache/kerby/kerby-config/1.0.1/kerby-config-1.0.1.jar:/home/user/.m2/repository/org/apache/kerby/kerb-core/1.0.1/kerb-core-1.0.1.jar:/home/user/.m2/repository/org/apache/kerby/kerby-pkix/1.0.1/kerby-pkix-1.0.1.jar:/home/user/.m2/repository/org/apache/kerby/kerby-asn1/1.0.1/kerby-asn1-1.0.1.jar:/home/user/.m2/repository/org/apache/kerby/kerby-util/1.0.1/kerby-util-1.0.1.jar:/home/user/.m2/repository/org/apache/kerby/kerb-common/1.0.1/kerb-common-1.0.1.jar:/home/user/.m2/repository/org/apache/kerby/kerb-crypto/1.0.1/kerb-crypto-1.0.1.jar:/home/user/.m2/repository/org/apache/kerby/kerb-util/1.0.1/kerb-util-1.0.1.jar:/home/user/.m2/repository/org/apache/kerby/token-provider/1.0.1/token-provider-1.0.1.jar:/home/user/.m2/repository/org/apache/kerby/kerb-admin/1.0.1/kerb-admin-1.0.1.jar:/home/user/.m2/repository/org/apache/kerby/kerb-server/1.0.1/kerb-server-1.0.1.jar:/home/user/.m2/repository/org/apache/kerby/kerb-identity/1.0.1/kerb-identity-1.0.1.jar:/home/user/.m2/repository/org/apache/kerby/kerby-xdr/1.0.1/kerby-xdr-1.0.1.jar:/home/user/.m2/repository/org/slf4j/slf4j-log4j12/1.7.25/slf4j-log4j12-1.7.25.jar:/home/user/.m2/repository/org/apache/hadoop/hadoop-ozone-objectstore-service/0.5.0-SNAPSHOT/hadoop-ozone-objectstore-service-0.5.0-SNAPSHOT.jar:/home/user/.m2/repository/org/apache/hadoop/hadoop-ozone-s3gateway/0.5.0-SNAPSHOT/hadoop-ozone-s3gateway-0.5.0-SNAPSHOT.jar:/home/user/.m2/repository/org/jboss/weld/servlet/weld-servlet/2.4.7.Final/weld-servlet-2.4.7.Final.jar:/home/user/.m2/repository/org/glassfish/jersey/containers/jersey-container-servlet-core/2.27/jersey-container-servlet-core-2.27.jar:/home/user/.m2/repository/org/glassfish/hk2/external/javax.inject/2.5.0-b42/javax.inject-2.5.0-b42.jar:/home/user/.m2/repository/org/glassfish/jersey/core/jersey-common/2.27/jersey-common-2.27.jar:/home/user/.m2/repository/org/glassfish/hk2/osgi-resource-locator/1.0.1/osgi-resource-locator-1.0.1.jar:/home/user/.m2/repository/javax/ws/rs/javax.ws.rs-api/2.1/javax.ws.rs-api-2.1.jar:/home/user/.m2/repository/org/glassfish/jersey/ext/cdi/jersey-cdi1x/2.27/jersey-cdi1x-2.27.jar:/home/user/.m2/repository/org/glassfish/jersey/inject/jersey-hk2/2.27/jersey-hk2-2.27.jar:/home/user/.m2/repository/org/glassfish/hk2/hk2-locator/2.5.0-b42/hk2-locator-2.5.0-b42.jar:/home/user/.m2/repository/org/javassist/javassist/3.22.0-CR2/javassist-3.22.0-CR2.jar:/home/user/.m2/repository/org/glassfish/hk2/hk2-api/2.5.0/hk2-api-2.5.0.jar:/home/user/.m2/repository/org/glassfish/hk2/external/jakarta.inject/2.5.0/jakarta.inject-2.5.0.jar:/home/user/.m2/repository/org/glassfish/hk2/hk2-utils/2.5.0/hk2-utils-2.5.0.jar:/home/user/.m2/repository/jakarta/annotation/jakarta.annotation-api/1.3.4/jakarta.annotation-api-1.3.4.jar:/home/user/.m2/repository/org/glassfish/hk2/external/aopalliance-repackaged/2.5.0/aopalliance-repackaged-2.5.0.jar:/home/user/.m2/repository/com/fasterxml/jackson/dataformat/jackson-dataformat-xml/2.9.0/jackson-dataformat-xml-2.9.0.jar:/home/user/.m2/repository/com/fasterxml/jackson/core/jackson-core/2.9.5/jackson-core-2.9.5.jar:/home/user/.m2/repository/com/fasterxml/jackson/module/jackson-module-jaxb-annotations/2.9.5/jackson-module-jaxb-annotations-2.9.5.jar:/home/user/.m2/repository/javax/enterprise/cdi-api/1.2/cdi-api-1.2.jar:/home/user/.m2/repository/javax/el/javax.el-api/3.0.0/javax.el-api-3.0.0.jar:/home/user/.m2/repository/javax/interceptor/javax.interceptor-api/1.2/javax.interceptor-api-1.2.jar:/home/user/.m2/repository/javax/inject/javax.inject/1/javax.inject-1.jar:/home/user/.m2/repository/com/sun/xml/bind/jaxb-impl/2.3.0.1/jaxb-impl-2.3.0.1.jar:/home/user/.m2/repository/com/sun/xml/bind/jaxb-core/2.3.0.1/jaxb-core-2.3.0.1.jar:/home/user/.m2/repository/javax/xml/bind/jaxb-api/2.3.0/jaxb-api-2.3.0.jar:/home/user/.m2/repository/javax/activation/activation/1.1.1/activation-1.1.1.jar:/home/user/.m2/repository/org/apache/hadoop/hadoop-ozone-csi/0.5.0-SNAPSHOT/hadoop-ozone-csi-0.5.0-SNAPSHOT.jar:/home/user/.m2/repository/com/google/protobuf/protobuf-java-util/3.5.1/protobuf-java-util-3.5.1.jar:/home/user/.m2/repository/org/apache/hadoop/hadoop-hdds-config/0.5.0-SNAPSHOT/hadoop-hdds-config-0.5.0-SNAPSHOT.jar:/home/user/.m2/repository/io/grpc/grpc-netty/1.17.1/grpc-netty-1.17.1.jar:/home/user/.m2/repository/io/grpc/grpc-core/1.17.1/grpc-core-1.17.1.jar:/home/user/.m2/repository/io/grpc/grpc-context/1.17.1/grpc-context-1.17.1.jar:/home/user/.m2/repository/com/google/errorprone/error_prone_annotations/2.2.0/error_prone_annotations-2.2.0.jar:/home/user/.m2/repository/org/codehaus/mojo/animal-sniffer-annotations/1.17/animal-sniffer-annotations-1.17.jar:/home/user/.m2/repository/io/opencensus/opencensus-api/0.17.0/opencensus-api-0.17.0.jar:/home/user/.m2/repository/io/opencensus/opencensus-contrib-grpc-metrics/0.17.0/opencensus-contrib-grpc-metrics-0.17.0.jar:/home/user/.m2/repository/io/netty/netty-codec-http2/4.1.30.Final/netty-codec-http2-4.1.30.Final.jar:/home/user/.m2/repository/io/netty/netty-codec-http/4.1.30.Final/netty-codec-http-4.1.30.Final.jar:/home/user/.m2/repository/io/netty/netty-codec/4.1.30.Final/netty-codec-4.1.30.Final.jar:/home/user/.m2/repository/io/netty/netty-handler/4.1.30.Final/netty-handler-4.1.30.Final.jar:/home/user/.m2/repository/io/netty/netty-handler-proxy/4.1.30.Final/netty-handler-proxy-4.1.30.Final.jar:/home/user/.m2/repository/io/netty/netty-codec-socks/4.1.30.Final/netty-codec-socks-4.1.30.Final.jar:/home/user/.m2/repository/io/netty/netty-transport-native-epoll/4.1.30.Final/netty-transport-native-epoll-4.1.30.Final.jar:/home/user/.m2/repository/io/netty/netty-common/4.1.30.Final/netty-common-4.1.30.Final.jar:/home/user/.m2/repository/io/netty/netty-buffer/4.1.30.Final/netty-buffer-4.1.30.Final.jar:/home/user/.m2/repository/io/netty/netty-transport/4.1.30.Final/netty-transport-4.1.30.Final.jar:/home/user/.m2/repository/io/netty/netty-resolver/4.1.30.Final/netty-resolver-4.1.30.Final.jar:/home/user/.m2/repository/io/netty/netty-transport-native-unix-common/4.1.30.Final/netty-transport-native-unix-common-4.1.30.Final.jar:/home/user/.m2/repository/io/grpc/grpc-protobuf/1.17.1/grpc-protobuf-1.17.1.jar:/home/user/.m2/repository/com/google/api/grpc/proto-google-common-protos/1.0.0/proto-google-common-protos-1.0.0.jar:/home/user/.m2/repository/io/grpc/grpc-protobuf-lite/1.17.1/grpc-protobuf-lite-1.17.1.jar:/home/user/.m2/repository/io/grpc/grpc-stub/1.17.1/grpc-stub-1.17.1.jar:/home/user/.m2/repository/org/apache/hadoop/hadoop-ozone-recon/0.5.0-SNAPSHOT/hadoop-ozone-recon-0.5.0-SNAPSHOT.jar:/home/user/.m2/repository/org/apache/hadoop/hadoop-ozone-reconcodegen/0.5.0-SNAPSHOT/hadoop-ozone-reconcodegen-0.5.0-SNAPSHOT.jar:/home/user/.m2/repository/com/google/inject/extensions/guice-multibindings/4.0/guice-multibindings-4.0.jar:/home/user/.m2/repository/com/google/inject/guice/4.0/guice-4.0.jar:/home/user/.m2/repository/aopalliance/aopalliance/1.0/aopalliance-1.0.jar:/home/user/.m2/repository/com/google/inject/extensions/guice-servlet/4.0/guice-servlet-4.0.jar:/home/user/.m2/repository/org/glassfish/jersey/containers/jersey-container-servlet/2.27/jersey-container-servlet-2.27.jar:/home/user/.m2/repository/org/glassfish/hk2/guice-bridge/2.5.0/guice-bridge-2.5.0.jar:/home/user/.m2/repository/org/glassfish/jersey/core/jersey-server/2.27/jersey-server-2.27.jar:/home/user/.m2/repository/org/glassfish/jersey/core/jersey-client/2.27/jersey-client-2.27.jar:/home/user/.m2/repository/org/glassfish/jersey/media/jersey-media-jaxb/2.27/jersey-media-jaxb-2.27.jar:/home/user/.m2/repository/javax/validation/validation-api/1.1.0.Final/validation-api-1.1.0.Final.jar:/home/user/.m2/repository/org/glassfish/jersey/media/jersey-media-json-jackson/2.27/jersey-media-json-jackson-2.27.jar:/home/user/.m2/repository/org/glassfish/jersey/ext/jersey-entity-filtering/2.27/jersey-entity-filtering-2.27.jar:/home/user/.m2/repository/com/google/inject/extensions/guice-assistedinject/4.0/guice-assistedinject-4.0.jar:/home/user/.m2/repository/org/jooq/jooq/3.11.10/jooq-3.11.10.jar:/home/user/.m2/repository/org/jooq/jooq-meta/3.11.10/jooq-meta-3.11.10.jar:/home/user/.m2/repository/org/jooq/jooq-codegen/3.11.10/jooq-codegen-3.11.10.jar:/home/user/.m2/repository/com/jolbox/bonecp/0.8.0.RELEASE/bonecp-0.8.0.RELEASE.jar:/home/user/.m2/repository/org/xerial/sqlite-jdbc/3.25.2/sqlite-jdbc-3.25.2.jar:/home/user/.m2/repository/org/springframework/spring-jdbc/5.1.3.RELEASE/spring-jdbc-5.1.3.RELEASE.jar:/home/user/.m2/repository/org/springframework/spring-beans/5.1.3.RELEASE/spring-beans-5.1.3.RELEASE.jar:/home/user/.m2/repository/org/springframework/spring-core/5.1.3.RELEASE/spring-core-5.1.3.RELEASE.jar:/home/user/.m2/repository/org/springframework/spring-jcl/5.1.3.RELEASE/spring-jcl-5.1.3.RELEASE.jar:/home/user/.m2/repository/org/springframework/spring-tx/5.1.3.RELEASE/spring-tx-5.1.3.RELEASE.jar:/home/user/.m2/repository/org/apache/hadoop/hadoop-ozone-client/0.5.0-SNAPSHOT/hadoop-ozone-client-0.5.0-SNAPSHOT.jar:/home/user/.m2/repository/commons-lang/commons-lang/2.6/commons-lang-2.6.jar:/home/user/.m2/repository/org/apache/hadoop/hadoop-ozone-ozone-manager/0.5.0-SNAPSHOT/hadoop-ozone-ozone-manager-0.5.0-SNAPSHOT-tests.jar:/home/user/.m2/repository/junit/junit/4.11/junit-4.11.jar:/home/user/.m2/repository/org/hamcrest/hamcrest-core/1.3/hamcrest-core-1.3.jar:/home/user/.m2/repository/org/openjdk/jmh/jmh-core/1.19/jmh-core-1.19.jar:/home/user/.m2/repository/net/sf/jopt-simple/jopt-simple/4.6/jopt-simple-4.6.jar:/home/user/.m2/repository/org/apache/commons/commons-math3/3.1.1/commons-math3-3.1.1.jar:/home/user/.m2/repository/org/openjdk/jmh/jmh-generator-annprocess/1.19/jmh-generator-annprocess-1.19.jar:/home/user/.m2/repository/org/mockito/mockito-all/1.8.5/mockito-all-1.8.5.jar:/home/user/.m2/repository/org/apache/hadoop/hadoop-kms/3.2.0/hadoop-kms-3.2.0.jar:/home/user/.m2/repository/org/apache/hadoop/hadoop-auth/3.2.0/hadoop-auth-3.2.0.jar:/home/user/.m2/repository/com/nimbusds/nimbus-jose-jwt/4.41.1/nimbus-jose-jwt-4.41.1.jar:/home/user/.m2/repository/com/github/stephenc/jcip/jcip-annotations/1.0-1/jcip-annotations-1.0-1.jar:/home/user/.m2/repository/net/minidev/json-smart/2.3/json-smart-2.3.jar:/home/user/.m2/repository/net/minidev/accessors-smart/1.2/accessors-smart-1.2.jar:/home/user/.m2/repository/org/ow2/asm/asm/5.0.4/asm-5.0.4.jar:/home/user/.m2/repository/org/apache/curator/curator-framework/2.12.0/curator-framework-2.12.0.jar:/home/user/.m2/repository/com/sun/jersey/jersey-core/1.19/jersey-core-1.19.jar:/home/user/.m2/repository/javax/ws/rs/jsr311-api/1.1.1/jsr311-api-1.1.1.jar:/home/user/.m2/repository/com/sun/jersey/jersey-server/1.19/jersey-server-1.19.jar:/home/user/.m2/repository/javax/servlet/javax.servlet-api/3.1.0/javax.servlet-api-3.1.0.jar:/home/user/.m2/repository/org/eclipse/jetty/jetty-server/9.3.24.v20180605/jetty-server-9.3.24.v20180605.jar:/home/user/.m2/repository/org/eclipse/jetty/jetty-http/9.3.24.v20180605/jetty-http-9.3.24.v20180605.jar:/home/user/.m2/repository/org/eclipse/jetty/jetty-io/9.3.24.v20180605/jetty-io-9.3.24.v20180605.jar:/home/user/.m2/repository/org/eclipse/jetty/jetty-webapp/9.3.24.v20180605/jetty-webapp-9.3.24.v20180605.jar:/home/user/.m2/repository/org/eclipse/jetty/jetty-xml/9.3.24.v20180605/jetty-xml-9.3.24.v20180605.jar:/home/user/.m2/repository/log4j/log4j/1.2.17/log4j-1.2.17.jar:/home/user/.m2/repository/org/slf4j/slf4j-api/1.7.25/slf4j-api-1.7.25.jar:/home/user/.m2/repository/org/slf4j/jul-to-slf4j/1.7.25/jul-to-slf4j-1.7.25.jar:/home/user/.m2/repository/org/eclipse/jetty/jetty-util/9.3.24.v20180605/jetty-util-9.3.24.v20180605.jar:/home/user/.m2/repository/com/fasterxml/jackson/core/jackson-databind/2.9.5/jackson-databind-2.9.5.jar:/home/user/.m2/repository/org/apache/hadoop/hadoop-kms/3.2.0/hadoop-kms-3.2.0-tests.jar:/home/user/.m2/repository/org/apache/hadoop/hadoop-hdds-server-scm/0.5.0-SNAPSHOT/hadoop-hdds-server-scm-0.5.0-SNAPSHOT-tests.jar:/home/user/.m2/repository/org/apache/hadoop/hadoop-hdds-container-service/0.5.0-SNAPSHOT/hadoop-hdds-container-service-0.5.0-SNAPSHOT-tests.jar:/home/user/.m2/repository/org/yaml/snakeyaml/1.16/snakeyaml-1.16.jar:/home/user/.m2/repository/org/apache/hadoop/hadoop-common/3.2.0/hadoop-common-3.2.0-tests.jar:/home/user/.m2/repository/org/apache/hadoop/hadoop-annotations/3.2.0/hadoop-annotations-3.2.0.jar:/usr/lib/jvm/java-1.8-openjdk/jre/../lib/tools.jar:/home/user/.m2/repository/commons-cli/commons-cli/1.2/commons-cli-1.2.jar:/home/user/.m2/repository/org/apache/httpcomponents/httpclient/4.5.2/httpclient-4.5.2.jar:/home/user/.m2/repository/org/apache/httpcomponents/httpcore/4.4.4/httpcore-4.4.4.jar:/home/user/.m2/repository/commons-codec/commons-codec/1.11/commons-codec-1.11.jar:/home/user/.m2/repository/commons-net/commons-net/3.6/commons-net-3.6.jar:/home/user/.m2/repository/commons-collections/commons-collections/3.2.2/commons-collections-3.2.2.jar:/home/user/.m2/repository/org/eclipse/jetty/jetty-servlet/9.3.24.v20180605/jetty-servlet-9.3.24.v20180605.jar:/home/user/.m2/repository/org/eclipse/jetty/jetty-security/9.3.24.v20180605/jetty-security-9.3.24.v20180605.jar:/home/user/.m2/repository/javax/servlet/jsp/jsp-api/2.1/jsp-api-2.1.jar:/home/user/.m2/repository/com/sun/jersey/jersey-servlet/1.19/jersey-servlet-1.19.jar:/home/user/.m2/repository/com/sun/jersey/jersey-json/1.19/jersey-json-1.19.jar:/home/user/.m2/repository/org/codehaus/jettison/jettison/1.1/jettison-1.1.jar:/home/user/.m2/repository/org/codehaus/jackson/jackson-core-asl/1.9.13/jackson-core-asl-1.9.13.jar:/home/user/.m2/repository/org/codehaus/jackson/jackson-mapper-asl/1.9.13/jackson-mapper-asl-1.9.13.jar:/home/user/.m2/repository/org/codehaus/jackson/jackson-jaxrs/1.9.13/jackson-jaxrs-1.9.13.jar:/home/user/.m2/repository/org/codehaus/jackson/jackson-xc/1.9.13/jackson-xc-1.9.13.jar:/home/user/.m2/repository/commons-logging/commons-logging/1.1.3/commons-logging-1.1.3.jar:/home/user/.m2/repository/commons-beanutils/commons-beanutils/1.9.3/commons-beanutils-1.9.3.jar:/home/user/.m2/repository/org/apache/commons/commons-configuration2/2.1.1/commons-configuration2-2.1.1.jar:/home/user/.m2/repository/org/apache/commons/commons-lang3/3.7/commons-lang3-3.7.jar:/home/user/.m2/repository/org/apache/commons/commons-text/1.4/commons-text-1.4.jar:/home/user/.m2/repository/org/apache/avro/avro/1.7.7/avro-1.7.7.jar:/home/user/.m2/repository/com/thoughtworks/paranamer/paranamer/2.3/paranamer-2.3.jar:/home/user/.m2/repository/org/xerial/snappy/snappy-java/1.0.5/snappy-java-1.0.5.jar:/home/user/.m2/repository/com/google/re2j/re2j/1.1/re2j-1.1.jar:/home/user/.m2/repository/com/google/code/gson/gson/2.2.4/gson-2.2.4.jar:/home/user/.m2/repository/com/jcraft/jsch/0.1.54/jsch-0.1.54.jar:/home/user/.m2/repository/org/apache/curator/curator-client/2.12.0/curator-client-2.12.0.jar:/home/user/.m2/repository/org/apache/curator/curator-recipes/2.12.0/curator-recipes-2.12.0.jar:/home/user/.m2/repository/com/google/code/findbugs/jsr305/3.0.0/jsr305-3.0.0.jar:/home/user/.m2/repository/org/apache/htrace/htrace-core4/4.1.0-incubating/htrace-core4-4.1.0-incubating.jar:/home/user/.m2/repository/org/apache/zookeeper/zookeeper/3.4.13/zookeeper-3.4.13.jar:/home/user/.m2/repository/org/apache/yetus/audience-annotations/0.5.0/audience-annotations-0.5.0.jar:/home/user/.m2/repository/org/codehaus/woodstox/stax2-api/3.1.4/stax2-api-3.1.4.jar:/home/user/.m2/repository/com/fasterxml/woodstox/woodstox-core/5.0.3/woodstox-core-5.0.3.jar:/home/user/.m2/repository/dnsjava/dnsjava/2.1.7/dnsjava-2.1.7.jar:/home/user/.m2/repository/org/apache/hadoop/hadoop-hdfs/3.2.0/hadoop-hdfs-3.2.0-tests.jar:/home/user/.m2/repository/org/eclipse/jetty/jetty-util-ajax/9.3.24.v20180605/jetty-util-ajax-9.3.24.v20180605.jar:/home/user/.m2/repository/commons-daemon/commons-daemon/1.0.13/commons-daemon-1.0.13.jar:/home/user/.m2/repository/io/netty/netty/3.10.5.Final/netty-3.10.5.Final.jar:/home/user/.m2/repository/io/netty/netty-all/4.0.52.Final/netty-all-4.0.52.Final.jar:/home/user/.m2/repository/org/fusesource/leveldbjni/leveldbjni-all/1.8/leveldbjni-all-1.8.jar:"/>
    <property name="sun.cpu.endian" value="little"/>
    <property name="user.home" value="/home/user"/>
    <property name="user.language" value="en"/>
    <property name="java.specification.vendor" value="Oracle Corporation"/>
    <property name="java.home" value="/usr/lib/jvm/java-1.8-openjdk/jre"/>
    <property name="java.security.krb5.conf" value="/tmp/workdir/hadoop-ozone/integration-test/target/test-classes/krb5.conf"/>
    <property name="basedir" value="/tmp/workdir/hadoop-ozone/integration-test"/>
    <property name="file.separator" value="/"/>
    <property name="line.separator" value="&#10;"/>
    <property name="java.vm.specification.vendor" value="Oracle Corporation"/>
    <property name="java.specification.name" value="Java Platform API Specification"/>
    <property name="java.awt.graphicsenv" value="sun.awt.X11GraphicsEnvironment"/>
    <property name="surefire.real.class.path" value="/tmp/workdir/hadoop-ozone/integration-test/target/surefire/surefirebooter7244941401168272511.jar"/>
    <property name="hadoop.log.dir" value="/tmp/workdir/hadoop-ozone/integration-test/target/log"/>
    <property name="sun.boot.class.path" value="/usr/lib/jvm/java-1.8-openjdk/jre/lib/resources.jar:/usr/lib/jvm/java-1.8-openjdk/jre/lib/rt.jar:/usr/lib/jvm/java-1.8-openjdk/jre/lib/sunrsasign.jar:/usr/lib/jvm/java-1.8-openjdk/jre/lib/jsse.jar:/usr/lib/jvm/java-1.8-openjdk/jre/lib/jce.jar:/usr/lib/jvm/java-1.8-openjdk/jre/lib/charsets.jar:/usr/lib/jvm/java-1.8-openjdk/jre/lib/jfr.jar:/usr/lib/jvm/java-1.8-openjdk/jre/classes"/>
    <property name="sun.management.compiler" value="HotSpot 64-Bit Tiered Compilers"/>
    <property name="java.runtime.version" value="1.8.0_212-b04"/>
    <property name="java.net.preferIPv4Stack" value="true"/>
    <property name="user.name" value="jenkins1000"/>
    <property name="path.separator" value=":"/>
    <property name="java.security.egd" value="file:///dev/urandom"/>
    <property name="os.version" value="3.10.0-957.12.2.el7.x86_64"/>
    <property name="java.endorsed.dirs" value="/usr/lib/jvm/java-1.8-openjdk/jre/lib/endorsed"/>
    <property name="java.runtime.name" value="OpenJDK Runtime Environment"/>
    <property name="file.encoding" value="UTF-8"/>
    <property name="java.vm.name" value="OpenJDK 64-Bit Server VM"/>
    <property name="test.build.webapps" value=""/>
    <property name="localRepository" value="/home/user/.m2/repository"/>
    <property name="java.vendor.url.bug" value="https://icedtea.classpath.org/bugzilla"/>
    <property name="java.io.tmpdir" value="/tmp"/>
    <property name="require.test.libhadoop" value=""/>
    <property name="java.version" value="1.8.0_212"/>
    <property name="user.dir" value="/tmp/workdir/hadoop-ozone/integration-test"/>
    <property name="os.arch" value="amd64"/>
    <property name="java.vm.specification.name" value="Java Virtual Machine Specification"/>
    <property name="test.build.classes" value="/tmp/workdir/hadoop-ozone/integration-test/target/test-classes"/>
    <property name="java.awt.printerjob" value="sun.print.PSPrinterJob"/>
    <property name="sun.os.patch.level" value="unknown"/>
    <property name="hadoop.tmp.dir" value="/tmp/workdir/hadoop-ozone/integration-test/target/tmp"/>
    <property name="java.library.path" value="/usr/lib/jvm/java-1.8-openjdk/jre/lib/amd64/server:/usr/lib/jvm/java-1.8-openjdk/jre/lib/amd64:/usr/lib/jvm/java-1.8-openjdk/jre/../lib/amd64:/tmp/workdir/hadoop-ozone/integration-test/target/native/target/usr/local/lib:/tmp/workdir/hadoop-ozone/integration-test/../../hadoop-common-project/hadoop-common/target/native/target/usr/local/lib:/usr/java/packages/lib/amd64:/usr/lib64:/lib64:/lib:/usr/lib"/>
    <property name="java.vm.info" value="mixed mode"/>
    <property name="java.vendor" value="IcedTea"/>
    <property name="java.vm.version" value="25.212-b04"/>
    <property name="java.ext.dirs" value="/usr/lib/jvm/java-1.8-openjdk/jre/lib/ext:/usr/java/packages/lib/ext"/>
    <property name="sun.io.unicode.encoding" value="UnicodeLittle"/>
    <property name="java.class.version" value="52.0"/>
  </properties>
  <testcase name="testWatchForCommitWithKeyWrite" classname="org.apache.hadoop.ozone.client.rpc.TestWatchForCommit" time="21.023">
    <error message="Allocated 0 blocks. Requested 1 blocks" type="INTERNAL_ERROR org.apache.hadoop.ozone.om.exceptions.OMException">INTERNAL_ERROR org.apache.hadoop.ozone.om.exceptions.OMException: Allocated 0 blocks. Requested 1 blocks
	at org.apache.hadoop.ozone.om.protocolPB.OzoneManagerProtocolClientSideTranslatorPB.handleError(OzoneManagerProtocolClientSideTranslatorPB.java:720)
	at org.apache.hadoop.ozone.om.protocolPB.OzoneManagerProtocolClientSideTranslatorPB.allocateBlock(OzoneManagerProtocolClientSideTranslatorPB.java:752)
	at org.apache.hadoop.ozone.client.io.BlockOutputStreamEntryPool.allocateNewBlock(BlockOutputStreamEntryPool.java:248)
	at org.apache.hadoop.ozone.client.io.BlockOutputStreamEntryPool.allocateBlockIfNeeded(BlockOutputStreamEntryPool.java:296)
	at org.apache.hadoop.ozone.client.io.KeyOutputStream.handleWrite(KeyOutputStream.java:201)
	at org.apache.hadoop.ozone.client.io.KeyOutputStream.handleRetry(KeyOutputStream.java:376)
	at org.apache.hadoop.ozone.client.io.KeyOutputStream.handleException(KeyOutputStream.java:325)
	at org.apache.hadoop.ozone.client.io.KeyOutputStream.handleWrite(KeyOutputStream.java:231)
	at org.apache.hadoop.ozone.client.io.KeyOutputStream.handleRetry(KeyOutputStream.java:376)
	at org.apache.hadoop.ozone.client.io.KeyOutputStream.handleException(KeyOutputStream.java:325)
	at org.apache.hadoop.ozone.client.io.KeyOutputStream.handleWrite(KeyOutputStream.java:231)
	at org.apache.hadoop.ozone.client.io.KeyOutputStream.write(KeyOutputStream.java:193)
	at org.apache.hadoop.ozone.client.io.OzoneOutputStream.write(OzoneOutputStream.java:49)
	at java.io.OutputStream.write(OutputStream.java:75)
	at org.apache.hadoop.ozone.client.rpc.TestWatchForCommit.testWatchForCommitWithKeyWrite(TestWatchForCommit.java:158)
	at sun.reflect.NativeMethodAccessorImpl.invoke0(Native Method)
	at sun.reflect.NativeMethodAccessorImpl.invoke(NativeMethodAccessorImpl.java:62)
	at sun.reflect.DelegatingMethodAccessorImpl.invoke(DelegatingMethodAccessorImpl.java:43)
	at java.lang.reflect.Method.invoke(Method.java:498)
	at org.junit.runners.model.FrameworkMethod$1.runReflectiveCall(FrameworkMethod.java:47)
	at org.junit.internal.runners.model.ReflectiveCallable.run(ReflectiveCallable.java:12)
	at org.junit.runners.model.FrameworkMethod.invokeExplosively(FrameworkMethod.java:44)
	at org.junit.internal.runners.statements.InvokeMethod.evaluate(InvokeMethod.java:17)
	at org.junit.runners.ParentRunner.runLeaf(ParentRunner.java:271)
	at org.junit.runners.BlockJUnit4ClassRunner.runChild(BlockJUnit4ClassRunner.java:70)
	at org.junit.runners.BlockJUnit4ClassRunner.runChild(BlockJUnit4ClassRunner.java:50)
	at org.junit.runners.ParentRunner$3.run(ParentRunner.java:238)
	at org.junit.runners.ParentRunner$1.schedule(ParentRunner.java:63)
	at org.junit.runners.ParentRunner.runChildren(ParentRunner.java:236)
	at org.junit.runners.ParentRunner.access$000(ParentRunner.java:53)
	at org.junit.runners.ParentRunner$2.evaluate(ParentRunner.java:229)
	at org.junit.runners.ParentRunner.run(ParentRunner.java:309)
	at org.apache.maven.surefire.junit4.JUnit4Provider.execute(JUnit4Provider.java:365)
	at org.apache.maven.surefire.junit4.JUnit4Provider.executeWithRerun(JUnit4Provider.java:273)
	at org.apache.maven.surefire.junit4.JUnit4Provider.executeTestSet(JUnit4Provider.java:238)
	at org.apache.maven.surefire.junit4.JUnit4Provider.invoke(JUnit4Provider.java:159)
	at org.apache.maven.surefire.booter.ForkedBooter.invokeProviderInSameClassLoader(ForkedBooter.java:384)
	at org.apache.maven.surefire.booter.ForkedBooter.runSuitesInProcess(ForkedBooter.java:345)
	at org.apache.maven.surefire.booter.ForkedBooter.execute(ForkedBooter.java:126)
	at org.apache.maven.surefire.booter.ForkedBooter.main(ForkedBooter.java:418)
</error>
    <system-out><![CDATA[2019-07-13 14:45:52,302 WARN  server.ServerUtils (ServerUtils.java:getScmDbDir(145)) - ozone.scm.db.dirs is not configured. We recommend adding this setting. Falling back to ozone.metadata.dirs instead.
2019-07-13 14:45:52,384 WARN  server.ServerUtils (ServerUtils.java:getScmDbDir(145)) - ozone.scm.db.dirs is not configured. We recommend adding this setting. Falling back to ozone.metadata.dirs instead.
2019-07-13 14:45:52,386 WARN  server.ServerUtils (ServerUtils.java:getScmDbDir(145)) - ozone.scm.db.dirs is not configured. We recommend adding this setting. Falling back to ozone.metadata.dirs instead.
2019-07-13 14:45:52,399 INFO  util.log (Log.java:initialized(192)) - Logging initialized @793ms
2019-07-13 14:45:52,476 INFO  db.DBStoreBuilder (DBStoreBuilder.java:addTable(110)) - using custom profile for table: deletedBlocks
2019-07-13 14:45:52,476 INFO  db.DBStoreBuilder (DBStoreBuilder.java:processTables(161)) - Using default column profile:DBProfile.DISK for Table:deletedBlocks
2019-07-13 14:45:52,476 INFO  db.DBStoreBuilder (DBStoreBuilder.java:addTable(110)) - using custom profile for table: validCerts
2019-07-13 14:45:52,476 INFO  db.DBStoreBuilder (DBStoreBuilder.java:processTables(161)) - Using default column profile:DBProfile.DISK for Table:validCerts
2019-07-13 14:45:52,477 INFO  db.DBStoreBuilder (DBStoreBuilder.java:addTable(110)) - using custom profile for table: revokedCerts
2019-07-13 14:45:52,477 INFO  db.DBStoreBuilder (DBStoreBuilder.java:processTables(161)) - Using default column profile:DBProfile.DISK for Table:revokedCerts
2019-07-13 14:45:52,485 INFO  db.DBStoreBuilder (DBStoreBuilder.java:addTable(110)) - using custom profile for table: default
2019-07-13 14:45:52,486 INFO  db.DBStoreBuilder (DBStoreBuilder.java:processTables(167)) - Using default column profile:DBProfile.DISK for Table:default
2019-07-13 14:45:52,486 INFO  db.DBStoreBuilder (DBStoreBuilder.java:getDbProfile(198)) - Using default options. DBProfile.DISK
2019-07-13 14:45:52,578 INFO  net.NodeSchemaLoader (NodeSchemaLoader.java:loadSchemaFromFile(125)) - Loading file from sun.misc.CompoundEnumeration@7714e963
2019-07-13 14:45:52,580 INFO  net.NodeSchemaLoader (NodeSchemaLoader.java:loadSchema(171)) - Loading network topology layer schema file
2019-07-13 14:45:52,637 WARN  server.ServerUtils (ServerUtils.java:sanitizeUserArgs(70)) - ozone.scm.stale.node.interval value = 300000 is larger than max = 100000 based on the key value of ozone.scm.heartbeat.thread.interval, reset to the max value 100000.
2019-07-13 14:45:52,638 WARN  server.ServerUtils (ServerUtils.java:sanitizeUserArgs(70)) - ozone.scm.stale.node.interval value = 300000 is larger than max = 100000 based on the key value of ozone.scm.heartbeat.thread.interval, reset to the max value 100000.
2019-07-13 14:45:52,640 INFO  node.SCMNodeManager (SCMNodeManager.java:<init>(119)) - Entering startup safe mode.
2019-07-13 14:45:52,710 WARN  server.ServerUtils (ServerUtils.java:getScmDbDir(145)) - ozone.scm.db.dirs is not configured. We recommend adding this setting. Falling back to ozone.metadata.dirs instead.
2019-07-13 14:45:52,749 INFO  pipeline.SCMPipelineManager (SCMPipelineManager.java:initializePipelineState(126)) - No pipeline exists in current db
2019-07-13 14:45:52,751 WARN  server.ServerUtils (ServerUtils.java:getScmDbDir(145)) - ozone.scm.db.dirs is not configured. We recommend adding this setting. Falling back to ozone.metadata.dirs instead.
2019-07-13 14:45:52,818 WARN  events.EventQueue (EventQueue.java:fireEvent(175)) - No event handler registered for event TypedEvent{payloadType=SafeModeStatus, name='SafeModeStatus'}
2019-07-13 14:45:53,231 INFO  ipc.CallQueueManager (CallQueueManager.java:<init>(84)) - Using callQueue: class java.util.concurrent.LinkedBlockingQueue, queueCapacity: 2000, scheduler: class org.apache.hadoop.ipc.DefaultRpcScheduler, ipcBackoff: false.
2019-07-13 14:45:53,260 INFO  ipc.Server (Server.java:run(1074)) - Starting Socket Reader #1 for port 40096
2019-07-13 14:45:53,284 INFO  ipc.CallQueueManager (CallQueueManager.java:<init>(84)) - Using callQueue: class java.util.concurrent.LinkedBlockingQueue, queueCapacity: 2000, scheduler: class org.apache.hadoop.ipc.DefaultRpcScheduler, ipcBackoff: false.
2019-07-13 14:45:53,285 INFO  ipc.Server (Server.java:run(1074)) - Starting Socket Reader #1 for port 33364
2019-07-13 14:45:53,291 INFO  ipc.CallQueueManager (CallQueueManager.java:<init>(84)) - Using callQueue: class java.util.concurrent.LinkedBlockingQueue, queueCapacity: 2000, scheduler: class org.apache.hadoop.ipc.DefaultRpcScheduler, ipcBackoff: false.
2019-07-13 14:45:53,292 INFO  ipc.Server (Server.java:run(1074)) - Starting Socket Reader #1 for port 37703
2019-07-13 14:45:53,429 INFO  hdfs.DFSUtil (DFSUtil.java:httpServerTemplateForNNAndJN(1641)) - Starting Web-server for scm at: http://0.0.0.0:0
2019-07-13 14:45:53,584 INFO  server.AuthenticationFilter (AuthenticationFilter.java:constructSecretProvider(240)) - Unable to initialize FileSignerSecretProvider, falling back to use random secrets.
2019-07-13 14:45:53,591 WARN  http.HttpRequestLog (HttpRequestLog.java:getRequestLog(97)) - Jetty request log can only be enabled using Log4j
2019-07-13 14:45:53,599 INFO  http.HttpServer2 (HttpServer2.java:addGlobalFilter(975)) - Added global filter 'safety' (class=org.apache.hadoop.http.HttpServer2$QuotingInputFilter)
2019-07-13 14:45:53,601 INFO  http.HttpServer2 (HttpServer2.java:addFilter(948)) - Added filter static_user_filter (class=org.apache.hadoop.http.lib.StaticUserWebFilter$StaticUserFilter) to context scm
2019-07-13 14:45:53,602 INFO  http.HttpServer2 (HttpServer2.java:addFilter(958)) - Added filter static_user_filter (class=org.apache.hadoop.http.lib.StaticUserWebFilter$StaticUserFilter) to context static
2019-07-13 14:45:53,602 INFO  http.HttpServer2 (HttpServer2.java:addFilter(958)) - Added filter static_user_filter (class=org.apache.hadoop.http.lib.StaticUserWebFilter$StaticUserFilter) to context logs
2019-07-13 14:45:53,629 INFO  server.StorageContainerManager (StorageContainerManager.java:start(759)) - StorageContainerLocationProtocol RPC server is listening at /0.0.0.0:37703
2019-07-13 14:45:53,687 WARN  impl.MetricsConfig (MetricsConfig.java:loadFirst(134)) - Cannot locate configuration: tried hadoop-metrics2-storagecontainermanager.properties,hadoop-metrics2.properties
2019-07-13 14:45:53,699 INFO  impl.MetricsSystemImpl (MetricsSystemImpl.java:startTimer(374)) - Scheduled Metric snapshot period at 10 second(s).
2019-07-13 14:45:53,700 INFO  impl.MetricsSystemImpl (MetricsSystemImpl.java:start(191)) - StorageContainerManager metrics system started
2019-07-13 14:45:53,946 INFO  server.SCMClientProtocolServer (SCMClientProtocolServer.java:start(149)) - RPC server for Client  is listening at /0.0.0.0:37703
2019-07-13 14:45:53,947 INFO  ipc.Server (Server.java:run(1314)) - IPC Server Responder: starting
2019-07-13 14:45:53,947 INFO  ipc.Server (Server.java:run(1153)) - IPC Server listener on 37703: starting
2019-07-13 14:45:53,955 INFO  server.StorageContainerManager (StorageContainerManager.java:start(768)) - ScmBlockLocationProtocol RPC server is listening at /0.0.0.0:33364
2019-07-13 14:45:53,955 INFO  server.SCMBlockProtocolServer (SCMBlockProtocolServer.java:start(140)) - RPC server for Block Protocol is listening at /0.0.0.0:33364
2019-07-13 14:45:53,955 INFO  ipc.Server (Server.java:run(1314)) - IPC Server Responder: starting
2019-07-13 14:45:53,956 INFO  ipc.Server (Server.java:run(1153)) - IPC Server listener on 33364: starting
2019-07-13 14:45:53,962 INFO  server.StorageContainerManager (StorageContainerManager.java:start(772)) - ScmDatanodeProtocl RPC server is listening at /0.0.0.0:40096
2019-07-13 14:45:53,962 INFO  server.SCMDatanodeProtocolServer (SCMDatanodeProtocolServer.java:start(191)) - RPC server for DataNodes is listening at /0.0.0.0:40096
2019-07-13 14:45:53,963 INFO  ipc.Server (Server.java:run(1314)) - IPC Server Responder: starting
2019-07-13 14:45:53,964 INFO  ipc.Server (Server.java:run(1153)) - IPC Server listener on 40096: starting
2019-07-13 14:45:53,977 INFO  http.HttpServer2 (HttpServer2.java:bindListener(1191)) - Jetty bound to port 34511
2019-07-13 14:45:53,979 INFO  server.Server (Server.java:doStart(351)) - jetty-9.3.24.v20180605, build timestamp: 2018-06-05T17:11:56Z, git hash: 84205aa28f11a4f31f2a3b86d1bba2cc8ab69827
2019-07-13 14:45:54,017 INFO  handler.ContextHandler (ContextHandler.java:doStart(781)) - Started o.e.j.s.ServletContextHandler@6bbe2511{/logs,file:///tmp/workdir/hadoop-ozone/integration-test/target/log,AVAILABLE}
2019-07-13 14:45:54,018 INFO  handler.ContextHandler (ContextHandler.java:doStart(781)) - Started o.e.j.s.ServletContextHandler@76012793{/static,file:///tmp/workdir/hadoop-ozone/integration-test/target/test-classes/webapps/static,AVAILABLE}
2019-07-13 14:45:54,052 INFO  handler.ContextHandler (ContextHandler.java:doStart(781)) - Started o.e.j.w.WebAppContext@6a1d204a{/,file:///tmp/workdir/hadoop-ozone/integration-test/target/test-classes/webapps/scm/,AVAILABLE}{/scm}
2019-07-13 14:45:54,058 INFO  server.AbstractConnector (AbstractConnector.java:doStart(278)) - Started ServerConnector@9d157ff{HTTP/1.1,[http/1.1]}{0.0.0.0:34511}
2019-07-13 14:45:54,058 INFO  server.Server (Server.java:doStart(419)) - Started @2452ms
2019-07-13 14:45:54,061 INFO  server.BaseHttpServer (BaseHttpServer.java:updateConnectorAddress(207)) - HTTP server of SCM is listening at http://0.0.0.0:34511
2019-07-13 14:45:54,071 INFO  util.JvmPauseMonitor (JvmPauseMonitor.java:run(188)) - Starting JVM pause monitor
2019-07-13 14:45:54,076 WARN  server.ServerUtils (ServerUtils.java:getDBPath(222)) - ozone.om.db.dirs is not configured. We recommend adding this setting. Falling back to ozone.metadata.dirs instead.
2019-07-13 14:45:54,217 WARN  server.ServerUtils (ServerUtils.java:getDBPath(222)) - ozone.om.db.dirs is not configured. We recommend adding this setting. Falling back to ozone.metadata.dirs instead.
2019-07-13 14:45:54,218 INFO  om.OzoneManager (OzoneManager.java:setOMNodeDetails(630)) - OM Service ID is not set. Setting it to the default ID: omServiceIdDefault
2019-07-13 14:45:54,218 INFO  om.OzoneManager (OzoneManager.java:setOMNodeDetails(636)) - OM Node ID is not set. Setting it to the OmStorage's OmID: 35579df5-765a-402d-a3bc-00fe62d7e219
2019-07-13 14:45:54,220 INFO  om.OzoneManager (OzoneManager.java:loadOMHAConfigs(587)) - Found matching OM address with OMServiceId: null, OMNodeId: null, RPC Address: localhost:0 and Ratis port: 9872
2019-07-13 14:45:54,477 WARN  server.ServerUtils (ServerUtils.java:getDBPath(222)) - ozone.om.db.dirs is not configured. We recommend adding this setting. Falling back to ozone.metadata.dirs instead.
2019-07-13 14:45:54,489 INFO  db.DBStoreBuilder (DBStoreBuilder.java:addTable(110)) - using custom profile for table: userTable
2019-07-13 14:45:54,489 INFO  db.DBStoreBuilder (DBStoreBuilder.java:processTables(161)) - Using default column profile:DBProfile.DISK for Table:userTable
2019-07-13 14:45:54,490 INFO  db.DBStoreBuilder (DBStoreBuilder.java:addTable(110)) - using custom profile for table: volumeTable
2019-07-13 14:45:54,490 INFO  db.DBStoreBuilder (DBStoreBuilder.java:processTables(161)) - Using default column profile:DBProfile.DISK for Table:volumeTable
2019-07-13 14:45:54,490 INFO  db.DBStoreBuilder (DBStoreBuilder.java:addTable(110)) - using custom profile for table: bucketTable
2019-07-13 14:45:54,491 INFO  db.DBStoreBuilder (DBStoreBuilder.java:processTables(161)) - Using default column profile:DBProfile.DISK for Table:bucketTable
2019-07-13 14:45:54,491 INFO  db.DBStoreBuilder (DBStoreBuilder.java:addTable(110)) - using custom profile for table: keyTable
2019-07-13 14:45:54,492 INFO  db.DBStoreBuilder (DBStoreBuilder.java:processTables(161)) - Using default column profile:DBProfile.DISK for Table:keyTable
2019-07-13 14:45:54,492 INFO  db.DBStoreBuilder (DBStoreBuilder.java:addTable(110)) - using custom profile for table: deletedTable
2019-07-13 14:45:54,492 INFO  db.DBStoreBuilder (DBStoreBuilder.java:processTables(161)) - Using default column profile:DBProfile.DISK for Table:deletedTable
2019-07-13 14:45:54,493 INFO  db.DBStoreBuilder (DBStoreBuilder.java:addTable(110)) - using custom profile for table: openKeyTable
2019-07-13 14:45:54,493 INFO  db.DBStoreBuilder (DBStoreBuilder.java:processTables(161)) - Using default column profile:DBProfile.DISK for Table:openKeyTable
2019-07-13 14:45:54,494 INFO  db.DBStoreBuilder (DBStoreBuilder.java:addTable(110)) - using custom profile for table: s3Table
2019-07-13 14:45:54,494 INFO  db.DBStoreBuilder (DBStoreBuilder.java:processTables(161)) - Using default column profile:DBProfile.DISK for Table:s3Table
2019-07-13 14:45:54,494 INFO  db.DBStoreBuilder (DBStoreBuilder.java:addTable(110)) - using custom profile for table: multipartInfoTable
2019-07-13 14:45:54,495 INFO  db.DBStoreBuilder (DBStoreBuilder.java:processTables(161)) - Using default column profile:DBProfile.DISK for Table:multipartInfoTable
2019-07-13 14:45:54,495 INFO  db.DBStoreBuilder (DBStoreBuilder.java:addTable(110)) - using custom profile for table: dTokenTable
2019-07-13 14:45:54,495 INFO  db.DBStoreBuilder (DBStoreBuilder.java:processTables(161)) - Using default column profile:DBProfile.DISK for Table:dTokenTable
2019-07-13 14:45:54,496 INFO  db.DBStoreBuilder (DBStoreBuilder.java:addTable(110)) - using custom profile for table: s3SecretTable
2019-07-13 14:45:54,496 INFO  db.DBStoreBuilder (DBStoreBuilder.java:processTables(161)) - Using default column profile:DBProfile.DISK for Table:s3SecretTable
2019-07-13 14:45:54,497 INFO  db.DBStoreBuilder (DBStoreBuilder.java:addTable(110)) - using custom profile for table: prefixTable
2019-07-13 14:45:54,497 INFO  db.DBStoreBuilder (DBStoreBuilder.java:processTables(161)) - Using default column profile:DBProfile.DISK for Table:prefixTable
2019-07-13 14:45:54,497 INFO  db.DBStoreBuilder (DBStoreBuilder.java:addTable(110)) - using custom profile for table: default
2019-07-13 14:45:54,498 INFO  db.DBStoreBuilder (DBStoreBuilder.java:processTables(167)) - Using default column profile:DBProfile.DISK for Table:default
2019-07-13 14:45:54,498 INFO  db.DBStoreBuilder (DBStoreBuilder.java:getDbProfile(198)) - Using default options. DBProfile.DISK
2019-07-13 14:45:55,274 INFO  ipc.CallQueueManager (CallQueueManager.java:<init>(84)) - Using callQueue: class java.util.concurrent.LinkedBlockingQueue, queueCapacity: 2000, scheduler: class org.apache.hadoop.ipc.DefaultRpcScheduler, ipcBackoff: false.
2019-07-13 14:45:55,275 INFO  ipc.Server (Server.java:run(1074)) - Starting Socket Reader #1 for port 43678
2019-07-13 14:45:55,303 WARN  server.ServerUtils (ServerUtils.java:getDBPath(222)) - ozone.om.db.dirs is not configured. We recommend adding this setting. Falling back to ozone.metadata.dirs instead.
2019-07-13 14:45:55,303 INFO  om.OzoneManager (OzoneManager.java:start(1228)) - OzoneManager RPC server is listening at localhost/127.0.0.1:43678
2019-07-13 14:45:55,304 INFO  impl.MetricsSystemImpl (MetricsSystemImpl.java:init(158)) - OzoneManager metrics system started (again)
2019-07-13 14:45:55,305 INFO  ipc.Server (Server.java:run(1314)) - IPC Server Responder: starting
2019-07-13 14:45:55,306 INFO  ipc.Server (Server.java:run(1153)) - IPC Server listener on 43678: starting
2019-07-13 14:45:55,320 INFO  hdfs.DFSUtil (DFSUtil.java:httpServerTemplateForNNAndJN(1641)) - Starting Web-server for ozoneManager at: http://0.0.0.0:0
2019-07-13 14:45:55,323 INFO  server.AuthenticationFilter (AuthenticationFilter.java:constructSecretProvider(240)) - Unable to initialize FileSignerSecretProvider, falling back to use random secrets.
2019-07-13 14:45:55,324 WARN  http.HttpRequestLog (HttpRequestLog.java:getRequestLog(97)) - Jetty request log can only be enabled using Log4j
2019-07-13 14:45:55,328 INFO  http.HttpServer2 (HttpServer2.java:addGlobalFilter(975)) - Added global filter 'safety' (class=org.apache.hadoop.http.HttpServer2$QuotingInputFilter)
2019-07-13 14:45:55,329 INFO  http.HttpServer2 (HttpServer2.java:addFilter(948)) - Added filter static_user_filter (class=org.apache.hadoop.http.lib.StaticUserWebFilter$StaticUserFilter) to context ozoneManager
2019-07-13 14:45:55,330 INFO  http.HttpServer2 (HttpServer2.java:addFilter(958)) - Added filter static_user_filter (class=org.apache.hadoop.http.lib.StaticUserWebFilter$StaticUserFilter) to context logs
2019-07-13 14:45:55,330 INFO  http.HttpServer2 (HttpServer2.java:addFilter(958)) - Added filter static_user_filter (class=org.apache.hadoop.http.lib.StaticUserWebFilter$StaticUserFilter) to context static
2019-07-13 14:45:55,333 INFO  http.HttpServer2 (HttpServer2.java:bindListener(1191)) - Jetty bound to port 42827
2019-07-13 14:45:55,334 INFO  server.Server (Server.java:doStart(351)) - jetty-9.3.24.v20180605, build timestamp: 2018-06-05T17:11:56Z, git hash: 84205aa28f11a4f31f2a3b86d1bba2cc8ab69827
2019-07-13 14:45:55,336 INFO  handler.ContextHandler (ContextHandler.java:doStart(781)) - Started o.e.j.s.ServletContextHandler@3e134896{/logs,file:///tmp/workdir/hadoop-ozone/integration-test/target/log,AVAILABLE}
2019-07-13 14:45:55,337 INFO  handler.ContextHandler (ContextHandler.java:doStart(781)) - Started o.e.j.s.ServletContextHandler@2e3a5237{/static,file:///tmp/workdir/hadoop-ozone/integration-test/target/test-classes/webapps/static,AVAILABLE}
2019-07-13 14:45:55,345 INFO  handler.ContextHandler (ContextHandler.java:doStart(781)) - Started o.e.j.w.WebAppContext@5b78fdb1{/,file:///tmp/workdir/hadoop-ozone/integration-test/target/test-classes/webapps/ozoneManager/,AVAILABLE}{/ozoneManager}
2019-07-13 14:45:55,346 INFO  server.AbstractConnector (AbstractConnector.java:doStart(278)) - Started ServerConnector@48bfb884{HTTP/1.1,[http/1.1]}{0.0.0.0:42827}
2019-07-13 14:45:55,346 INFO  server.Server (Server.java:doStart(419)) - Started @3740ms
2019-07-13 14:45:55,347 INFO  server.BaseHttpServer (BaseHttpServer.java:updateConnectorAddress(207)) - HTTP server of OZONEMANAGER is listening at http://0.0.0.0:42827
2019-07-13 14:45:55,693 INFO  impl.MetricsSystemImpl (MetricsSystemImpl.java:init(158)) - HddsDatanode metrics system started (again)
2019-07-13 14:45:55,792 INFO  ozone.HddsDatanodeService (HddsDatanodeService.java:start(185)) - HddsDatanodeService host:trunk-nightly-mhs6z-4061744966 ip:192.168.5.172
2019-07-13 14:45:55,838 INFO  volume.HddsVolume (HddsVolume.java:<init>(176)) - Creating Volume: /tmp/workdir/hadoop-ozone/integration-test/target/test-dir/MiniOzoneClusterImpl-bd1ea3a1-9c10-429e-aead-7522ac8eaaf9/datanode-0/data/containers/hdds of  storage type : DISK and capacity : 52710309888
2019-07-13 14:45:55,840 INFO  volume.VolumeSet (VolumeSet.java:initializeVolumeSet(170)) - Added Volume : /tmp/workdir/hadoop-ozone/integration-test/target/test-dir/MiniOzoneClusterImpl-bd1ea3a1-9c10-429e-aead-7522ac8eaaf9/datanode-0/data/containers/hdds to VolumeSet
2019-07-13 14:45:55,845 INFO  volume.ThrottledAsyncChecker (ThrottledAsyncChecker.java:schedule(140)) - Scheduling a check for org.apache.hadoop.ozone.container.common.volume.HddsVolume@1f52eb6f
2019-07-13 14:45:55,870 INFO  volume.HddsVolumeChecker (HddsVolumeChecker.java:checkAllVolumes(203)) - Scheduled health check for volume org.apache.hadoop.ozone.container.common.volume.HddsVolume@1f52eb6f
2019-07-13 14:45:55,995 INFO  impl.RaftServerProxy (ConfUtils.java:logGet(43)) - raft.rpc.type = GRPC (default)
2019-07-13 14:45:56,062 INFO  grpc.GrpcFactory (GrpcFactory.java:checkPooledByteBufAllocatorUseCacheForAllThreads(45)) - PERFORMANCE WARNING: useCacheForAllThreads is true that may cause Netty to create a lot garbage objects and, as a result, trigger GC.
	It is recommended to disable useCacheForAllThreads by setting -Dorg.apache.ratis.thirdparty.io.netty.allocator.useCacheForAllThreads=false in command line.
2019-07-13 14:45:56,067 INFO  grpc.GrpcConfigKeys$Server (ConfUtils.java:logGet(43)) - raft.grpc.server.port = 0 (default)
2019-07-13 14:45:56,068 INFO  server.GrpcService (ConfUtils.java:logGet(43)) - raft.grpc.message.size.max = 33570816 (custom)
2019-07-13 14:45:56,069 INFO  server.RaftServerConfigKeys (ConfUtils.java:logGet(43)) - raft.server.log.appender.buffer.byte-limit = 33554432 (custom)
2019-07-13 14:45:56,070 INFO  server.GrpcService (ConfUtils.java:logGet(43)) - raft.grpc.flow.control.window = 1MB (=1048576) (default)
2019-07-13 14:45:56,071 INFO  server.RaftServerConfigKeys (ConfUtils.java:logGet(43)) - raft.server.rpc.request.timeout = 3000ms (default)
2019-07-13 14:45:56,230 INFO  server.RaftServerConfigKeys (ConfUtils.java:logGet(43)) - raft.server.storage.dir = [/tmp/workdir/hadoop-ozone/integration-test/target/test-dir/MiniOzoneClusterImpl-bd1ea3a1-9c10-429e-aead-7522ac8eaaf9/datanode-0/data/ratis] (custom)
2019-07-13 14:45:56,266 INFO  replication.SimpleContainerDownloader (SimpleContainerDownloader.java:<init>(72)) - Starting container downloader service to copy containers to replicate.
2019-07-13 14:45:56,279 INFO  hdfs.DFSUtil (DFSUtil.java:httpServerTemplateForNNAndJN(1641)) - Starting Web-server for hddsDatanode at: http://0.0.0.0:0
2019-07-13 14:45:56,282 INFO  server.AuthenticationFilter (AuthenticationFilter.java:constructSecretProvider(240)) - Unable to initialize FileSignerSecretProvider, falling back to use random secrets.
2019-07-13 14:45:56,283 WARN  http.HttpRequestLog (HttpRequestLog.java:getRequestLog(97)) - Jetty request log can only be enabled using Log4j
2019-07-13 14:45:56,286 INFO  http.HttpServer2 (HttpServer2.java:addGlobalFilter(975)) - Added global filter 'safety' (class=org.apache.hadoop.http.HttpServer2$QuotingInputFilter)
2019-07-13 14:45:56,287 INFO  http.HttpServer2 (HttpServer2.java:addFilter(948)) - Added filter static_user_filter (class=org.apache.hadoop.http.lib.StaticUserWebFilter$StaticUserFilter) to context hddsDatanode
2019-07-13 14:45:56,288 INFO  http.HttpServer2 (HttpServer2.java:addFilter(958)) - Added filter static_user_filter (class=org.apache.hadoop.http.lib.StaticUserWebFilter$StaticUserFilter) to context static
2019-07-13 14:45:56,288 INFO  http.HttpServer2 (HttpServer2.java:addFilter(958)) - Added filter static_user_filter (class=org.apache.hadoop.http.lib.StaticUserWebFilter$StaticUserFilter) to context logs
2019-07-13 14:45:56,290 INFO  http.HttpServer2 (HttpServer2.java:bindListener(1191)) - Jetty bound to port 38730
2019-07-13 14:45:56,290 INFO  server.Server (Server.java:doStart(351)) - jetty-9.3.24.v20180605, build timestamp: 2018-06-05T17:11:56Z, git hash: 84205aa28f11a4f31f2a3b86d1bba2cc8ab69827
2019-07-13 14:45:56,293 INFO  handler.ContextHandler (ContextHandler.java:doStart(781)) - Started o.e.j.s.ServletContextHandler@761956ac{/logs,file:///tmp/workdir/hadoop-ozone/integration-test/target/log,AVAILABLE}
2019-07-13 14:45:56,294 INFO  handler.ContextHandler (ContextHandler.java:doStart(781)) - Started o.e.j.s.ServletContextHandler@304d0259{/static,jar:file:/home/user/.m2/repository/org/apache/hadoop/hadoop-hdds-container-service/0.5.0-SNAPSHOT/hadoop-hdds-container-service-0.5.0-SNAPSHOT.jar!/webapps/static,AVAILABLE}
2019-07-13 14:45:56,344 INFO  handler.ContextHandler (ContextHandler.java:doStart(781)) - Started o.e.j.w.WebAppContext@124ac145{/,file:///tmp/jetty-0.0.0.0-38730-hddsDatanode-_-any-2950244016221771902.dir/webapp/,AVAILABLE}{/hddsDatanode}
2019-07-13 14:45:56,345 INFO  server.AbstractConnector (AbstractConnector.java:doStart(278)) - Started ServerConnector@2def7a7a{HTTP/1.1,[http/1.1]}{0.0.0.0:38730}
2019-07-13 14:45:56,345 INFO  server.Server (Server.java:doStart(419)) - Started @4740ms
2019-07-13 14:45:56,347 INFO  server.BaseHttpServer (BaseHttpServer.java:updateConnectorAddress(207)) - HTTP server of HDDSDATANODE is listening at http://0.0.0.0:38730
2019-07-13 14:45:57,546 INFO  ozone.HddsDatanodeService (HddsDatanodeService.java:startPlugins(396)) - Started plug-in org.apache.hadoop.ozone.web.OzoneHddsDatanodeService@69f2cb04
2019-07-13 14:45:57,549 INFO  impl.MetricsSystemImpl (MetricsSystemImpl.java:init(158)) - HddsDatanode metrics system started (again)
2019-07-13 14:45:57,550 INFO  ozone.HddsDatanodeService (HddsDatanodeService.java:start(185)) - HddsDatanodeService host:trunk-nightly-mhs6z-4061744966 ip:192.168.5.172
2019-07-13 14:45:57,556 INFO  util.JvmPauseMonitor (JvmPauseMonitor.java:run(188)) - Starting JVM pause monitor
2019-07-13 14:45:57,563 INFO  volume.HddsVolume (HddsVolume.java:<init>(176)) - Creating Volume: /tmp/workdir/hadoop-ozone/integration-test/target/test-dir/MiniOzoneClusterImpl-bd1ea3a1-9c10-429e-aead-7522ac8eaaf9/datanode-1/data/containers/hdds of  storage type : DISK and capacity : 52710309888
2019-07-13 14:45:57,563 INFO  volume.VolumeSet (VolumeSet.java:initializeVolumeSet(170)) - Added Volume : /tmp/workdir/hadoop-ozone/integration-test/target/test-dir/MiniOzoneClusterImpl-bd1ea3a1-9c10-429e-aead-7522ac8eaaf9/datanode-1/data/containers/hdds to VolumeSet
2019-07-13 14:45:57,564 INFO  volume.ThrottledAsyncChecker (ThrottledAsyncChecker.java:schedule(140)) - Scheduling a check for org.apache.hadoop.ozone.container.common.volume.HddsVolume@656a3d6b
2019-07-13 14:45:57,566 INFO  volume.HddsVolumeChecker (HddsVolumeChecker.java:checkAllVolumes(203)) - Scheduled health check for volume org.apache.hadoop.ozone.container.common.volume.HddsVolume@656a3d6b
2019-07-13 14:45:57,594 INFO  impl.RaftServerProxy (ConfUtils.java:logGet(43)) - raft.rpc.type = GRPC (default)
2019-07-13 14:45:57,595 INFO  grpc.GrpcFactory (GrpcFactory.java:checkPooledByteBufAllocatorUseCacheForAllThreads(45)) - PERFORMANCE WARNING: useCacheForAllThreads is true that may cause Netty to create a lot garbage objects and, as a result, trigger GC.
	It is recommended to disable useCacheForAllThreads by setting -Dorg.apache.ratis.thirdparty.io.netty.allocator.useCacheForAllThreads=false in command line.
2019-07-13 14:45:57,595 INFO  grpc.GrpcConfigKeys$Server (ConfUtils.java:logGet(43)) - raft.grpc.server.port = 0 (default)
2019-07-13 14:45:57,596 INFO  server.GrpcService (ConfUtils.java:logGet(43)) - raft.grpc.message.size.max = 33570816 (custom)
2019-07-13 14:45:57,596 INFO  server.RaftServerConfigKeys (ConfUtils.java:logGet(43)) - raft.server.log.appender.buffer.byte-limit = 33554432 (custom)
2019-07-13 14:45:57,597 INFO  server.GrpcService (ConfUtils.java:logGet(43)) - raft.grpc.flow.control.window = 1MB (=1048576) (default)
2019-07-13 14:45:57,597 INFO  server.RaftServerConfigKeys (ConfUtils.java:logGet(43)) - raft.server.rpc.request.timeout = 3000ms (default)
2019-07-13 14:45:57,600 INFO  server.RaftServerConfigKeys (ConfUtils.java:logGet(43)) - raft.server.storage.dir = [/tmp/workdir/hadoop-ozone/integration-test/target/test-dir/MiniOzoneClusterImpl-bd1ea3a1-9c10-429e-aead-7522ac8eaaf9/datanode-1/data/ratis] (custom)
2019-07-13 14:45:57,601 INFO  replication.SimpleContainerDownloader (SimpleContainerDownloader.java:<init>(72)) - Starting container downloader service to copy containers to replicate.
2019-07-13 14:45:57,603 INFO  hdfs.DFSUtil (DFSUtil.java:httpServerTemplateForNNAndJN(1641)) - Starting Web-server for hddsDatanode at: http://0.0.0.0:0
2019-07-13 14:45:57,606 INFO  server.AuthenticationFilter (AuthenticationFilter.java:constructSecretProvider(240)) - Unable to initialize FileSignerSecretProvider, falling back to use random secrets.
2019-07-13 14:45:57,607 WARN  http.HttpRequestLog (HttpRequestLog.java:getRequestLog(97)) - Jetty request log can only be enabled using Log4j
2019-07-13 14:45:57,610 INFO  http.HttpServer2 (HttpServer2.java:addGlobalFilter(975)) - Added global filter 'safety' (class=org.apache.hadoop.http.HttpServer2$QuotingInputFilter)
2019-07-13 14:45:57,611 INFO  http.HttpServer2 (HttpServer2.java:addFilter(948)) - Added filter static_user_filter (class=org.apache.hadoop.http.lib.StaticUserWebFilter$StaticUserFilter) to context hddsDatanode
2019-07-13 14:45:57,611 INFO  http.HttpServer2 (HttpServer2.java:addFilter(958)) - Added filter static_user_filter (class=org.apache.hadoop.http.lib.StaticUserWebFilter$StaticUserFilter) to context static
2019-07-13 14:45:57,612 INFO  http.HttpServer2 (HttpServer2.java:addFilter(958)) - Added filter static_user_filter (class=org.apache.hadoop.http.lib.StaticUserWebFilter$StaticUserFilter) to context logs
2019-07-13 14:45:57,613 INFO  http.HttpServer2 (HttpServer2.java:bindListener(1191)) - Jetty bound to port 42008
2019-07-13 14:45:57,613 INFO  server.Server (Server.java:doStart(351)) - jetty-9.3.24.v20180605, build timestamp: 2018-06-05T17:11:56Z, git hash: 84205aa28f11a4f31f2a3b86d1bba2cc8ab69827
2019-07-13 14:45:57,616 INFO  handler.ContextHandler (ContextHandler.java:doStart(781)) - Started o.e.j.s.ServletContextHandler@733fb462{/logs,file:///tmp/workdir/hadoop-ozone/integration-test/target/log,AVAILABLE}
2019-07-13 14:45:57,617 INFO  handler.ContextHandler (ContextHandler.java:doStart(781)) - Started o.e.j.s.ServletContextHandler@359066bc{/static,jar:file:/home/user/.m2/repository/org/apache/hadoop/hadoop-hdds-container-service/0.5.0-SNAPSHOT/hadoop-hdds-container-service-0.5.0-SNAPSHOT.jar!/webapps/static,AVAILABLE}
2019-07-13 14:45:57,663 INFO  handler.ContextHandler (ContextHandler.java:doStart(781)) - Started o.e.j.w.WebAppContext@2a8b33ba{/,file:///tmp/jetty-0.0.0.0-42008-hddsDatanode-_-any-5462790345560095406.dir/webapp/,AVAILABLE}{/hddsDatanode}
2019-07-13 14:45:57,664 INFO  server.AbstractConnector (AbstractConnector.java:doStart(278)) - Started ServerConnector@4e8b357d{HTTP/1.1,[http/1.1]}{0.0.0.0:42008}
2019-07-13 14:45:57,665 INFO  server.Server (Server.java:doStart(419)) - Started @6059ms
2019-07-13 14:45:57,667 INFO  server.BaseHttpServer (BaseHttpServer.java:updateConnectorAddress(207)) - HTTP server of HDDSDATANODE is listening at http://0.0.0.0:42008
2019-07-13 14:45:57,678 INFO  datanode.InitDatanodeState (InitDatanodeState.java:persistContainerDatanodeDetails(140)) - DatanodeDetails is persisted to /tmp/workdir/hadoop-ozone/integration-test/target/test-dir/MiniOzoneClusterImpl-bd1ea3a1-9c10-429e-aead-7522ac8eaaf9/datanode-0/meta/datanode.id
2019-07-13 14:45:57,797 INFO  ozone.HddsDatanodeService (HddsDatanodeService.java:startPlugins(396)) - Started plug-in org.apache.hadoop.ozone.web.OzoneHddsDatanodeService@6097fca9
2019-07-13 14:45:57,797 INFO  impl.MetricsSystemImpl (MetricsSystemImpl.java:init(158)) - HddsDatanode metrics system started (again)
2019-07-13 14:45:57,798 INFO  ozone.HddsDatanodeService (HddsDatanodeService.java:start(185)) - HddsDatanodeService host:trunk-nightly-mhs6z-4061744966 ip:192.168.5.172
2019-07-13 14:45:57,799 INFO  util.JvmPauseMonitor (JvmPauseMonitor.java:run(188)) - Starting JVM pause monitor
2019-07-13 14:45:57,809 INFO  volume.HddsVolume (HddsVolume.java:<init>(176)) - Creating Volume: /tmp/workdir/hadoop-ozone/integration-test/target/test-dir/MiniOzoneClusterImpl-bd1ea3a1-9c10-429e-aead-7522ac8eaaf9/datanode-2/data/containers/hdds of  storage type : DISK and capacity : 52710309888
2019-07-13 14:45:57,809 INFO  volume.VolumeSet (VolumeSet.java:initializeVolumeSet(170)) - Added Volume : /tmp/workdir/hadoop-ozone/integration-test/target/test-dir/MiniOzoneClusterImpl-bd1ea3a1-9c10-429e-aead-7522ac8eaaf9/datanode-2/data/containers/hdds to VolumeSet
2019-07-13 14:45:57,809 INFO  volume.ThrottledAsyncChecker (ThrottledAsyncChecker.java:schedule(140)) - Scheduling a check for org.apache.hadoop.ozone.container.common.volume.HddsVolume@6371cf2f
2019-07-13 14:45:57,810 INFO  volume.HddsVolumeChecker (HddsVolumeChecker.java:checkAllVolumes(203)) - Scheduled health check for volume org.apache.hadoop.ozone.container.common.volume.HddsVolume@6371cf2f
2019-07-13 14:45:57,810 INFO  datanode.InitDatanodeState (InitDatanodeState.java:persistContainerDatanodeDetails(140)) - DatanodeDetails is persisted to /tmp/workdir/hadoop-ozone/integration-test/target/test-dir/MiniOzoneClusterImpl-bd1ea3a1-9c10-429e-aead-7522ac8eaaf9/datanode-1/meta/datanode.id
2019-07-13 14:45:57,825 INFO  impl.RaftServerProxy (ConfUtils.java:logGet(43)) - raft.rpc.type = GRPC (default)
2019-07-13 14:45:57,825 INFO  grpc.GrpcFactory (GrpcFactory.java:checkPooledByteBufAllocatorUseCacheForAllThreads(45)) - PERFORMANCE WARNING: useCacheForAllThreads is true that may cause Netty to create a lot garbage objects and, as a result, trigger GC.
	It is recommended to disable useCacheForAllThreads by setting -Dorg.apache.ratis.thirdparty.io.netty.allocator.useCacheForAllThreads=false in command line.
2019-07-13 14:45:57,825 INFO  grpc.GrpcConfigKeys$Server (ConfUtils.java:logGet(43)) - raft.grpc.server.port = 0 (default)
2019-07-13 14:45:57,825 INFO  server.GrpcService (ConfUtils.java:logGet(43)) - raft.grpc.message.size.max = 33570816 (custom)
2019-07-13 14:45:57,826 INFO  server.RaftServerConfigKeys (ConfUtils.java:logGet(43)) - raft.server.log.appender.buffer.byte-limit = 33554432 (custom)
2019-07-13 14:45:57,826 INFO  server.GrpcService (ConfUtils.java:logGet(43)) - raft.grpc.flow.control.window = 1MB (=1048576) (default)
2019-07-13 14:45:57,826 INFO  server.RaftServerConfigKeys (ConfUtils.java:logGet(43)) - raft.server.rpc.request.timeout = 3000ms (default)
2019-07-13 14:45:57,827 INFO  server.RaftServerConfigKeys (ConfUtils.java:logGet(43)) - raft.server.storage.dir = [/tmp/workdir/hadoop-ozone/integration-test/target/test-dir/MiniOzoneClusterImpl-bd1ea3a1-9c10-429e-aead-7522ac8eaaf9/datanode-2/data/ratis] (custom)
2019-07-13 14:45:57,827 INFO  replication.SimpleContainerDownloader (SimpleContainerDownloader.java:<init>(72)) - Starting container downloader service to copy containers to replicate.
2019-07-13 14:45:57,828 INFO  hdfs.DFSUtil (DFSUtil.java:httpServerTemplateForNNAndJN(1641)) - Starting Web-server for hddsDatanode at: http://0.0.0.0:0
2019-07-13 14:45:57,830 INFO  server.AuthenticationFilter (AuthenticationFilter.java:constructSecretProvider(240)) - Unable to initialize FileSignerSecretProvider, falling back to use random secrets.
2019-07-13 14:45:57,830 WARN  http.HttpRequestLog (HttpRequestLog.java:getRequestLog(97)) - Jetty request log can only be enabled using Log4j
2019-07-13 14:45:57,831 INFO  http.HttpServer2 (HttpServer2.java:addGlobalFilter(975)) - Added global filter 'safety' (class=org.apache.hadoop.http.HttpServer2$QuotingInputFilter)
2019-07-13 14:45:57,832 INFO  http.HttpServer2 (HttpServer2.java:addFilter(948)) - Added filter static_user_filter (class=org.apache.hadoop.http.lib.StaticUserWebFilter$StaticUserFilter) to context hddsDatanode
2019-07-13 14:45:57,832 INFO  http.HttpServer2 (HttpServer2.java:addFilter(958)) - Added filter static_user_filter (class=org.apache.hadoop.http.lib.StaticUserWebFilter$StaticUserFilter) to context logs
2019-07-13 14:45:57,832 INFO  http.HttpServer2 (HttpServer2.java:addFilter(958)) - Added filter static_user_filter (class=org.apache.hadoop.http.lib.StaticUserWebFilter$StaticUserFilter) to context static
2019-07-13 14:45:57,833 INFO  http.HttpServer2 (HttpServer2.java:bindListener(1191)) - Jetty bound to port 38605
2019-07-13 14:45:57,833 INFO  server.Server (Server.java:doStart(351)) - jetty-9.3.24.v20180605, build timestamp: 2018-06-05T17:11:56Z, git hash: 84205aa28f11a4f31f2a3b86d1bba2cc8ab69827
2019-07-13 14:45:57,837 INFO  handler.ContextHandler (ContextHandler.java:doStart(781)) - Started o.e.j.s.ServletContextHandler@3b97907c{/logs,file:///tmp/workdir/hadoop-ozone/integration-test/target/log,AVAILABLE}
2019-07-13 14:45:57,837 INFO  handler.ContextHandler (ContextHandler.java:doStart(781)) - Started o.e.j.s.ServletContextHandler@631c6d11{/static,jar:file:/home/user/.m2/repository/org/apache/hadoop/hadoop-hdds-container-service/0.5.0-SNAPSHOT/hadoop-hdds-container-service-0.5.0-SNAPSHOT.jar!/webapps/static,AVAILABLE}
2019-07-13 14:45:57,864 INFO  handler.ContextHandler (ContextHandler.java:doStart(781)) - Started o.e.j.w.WebAppContext@61608e1a{/,file:///tmp/jetty-0.0.0.0-38605-hddsDatanode-_-any-4608447515814523899.dir/webapp/,AVAILABLE}{/hddsDatanode}
2019-07-13 14:45:57,865 INFO  server.AbstractConnector (AbstractConnector.java:doStart(278)) - Started ServerConnector@7c46c9c3{HTTP/1.1,[http/1.1]}{0.0.0.0:38605}
2019-07-13 14:45:57,866 INFO  server.Server (Server.java:doStart(419)) - Started @6260ms
2019-07-13 14:45:57,867 INFO  server.BaseHttpServer (BaseHttpServer.java:updateConnectorAddress(207)) - HTTP server of HDDSDATANODE is listening at http://0.0.0.0:38605
2019-07-13 14:45:57,998 INFO  ozone.HddsDatanodeService (HddsDatanodeService.java:startPlugins(396)) - Started plug-in org.apache.hadoop.ozone.web.OzoneHddsDatanodeService@4026461d
2019-07-13 14:45:57,998 INFO  impl.MetricsSystemImpl (MetricsSystemImpl.java:init(158)) - HddsDatanode metrics system started (again)
2019-07-13 14:45:57,999 INFO  ozone.HddsDatanodeService (HddsDatanodeService.java:start(185)) - HddsDatanodeService host:trunk-nightly-mhs6z-4061744966 ip:192.168.5.172
2019-07-13 14:45:58,002 INFO  util.JvmPauseMonitor (JvmPauseMonitor.java:run(188)) - Starting JVM pause monitor
2019-07-13 14:45:58,004 INFO  datanode.InitDatanodeState (InitDatanodeState.java:persistContainerDatanodeDetails(140)) - DatanodeDetails is persisted to /tmp/workdir/hadoop-ozone/integration-test/target/test-dir/MiniOzoneClusterImpl-bd1ea3a1-9c10-429e-aead-7522ac8eaaf9/datanode-2/meta/datanode.id
2019-07-13 14:45:58,008 INFO  volume.HddsVolume (HddsVolume.java:<init>(176)) - Creating Volume: /tmp/workdir/hadoop-ozone/integration-test/target/test-dir/MiniOzoneClusterImpl-bd1ea3a1-9c10-429e-aead-7522ac8eaaf9/datanode-3/data/containers/hdds of  storage type : DISK and capacity : 52710309888
2019-07-13 14:45:58,010 INFO  volume.VolumeSet (VolumeSet.java:initializeVolumeSet(170)) - Added Volume : /tmp/workdir/hadoop-ozone/integration-test/target/test-dir/MiniOzoneClusterImpl-bd1ea3a1-9c10-429e-aead-7522ac8eaaf9/datanode-3/data/containers/hdds to VolumeSet
2019-07-13 14:45:58,010 INFO  volume.ThrottledAsyncChecker (ThrottledAsyncChecker.java:schedule(140)) - Scheduling a check for org.apache.hadoop.ozone.container.common.volume.HddsVolume@57bd6a8f
2019-07-13 14:45:58,011 INFO  volume.HddsVolumeChecker (HddsVolumeChecker.java:checkAllVolumes(203)) - Scheduled health check for volume org.apache.hadoop.ozone.container.common.volume.HddsVolume@57bd6a8f
2019-07-13 14:45:58,030 INFO  impl.RaftServerProxy (ConfUtils.java:logGet(43)) - raft.rpc.type = GRPC (default)
2019-07-13 14:45:58,030 INFO  grpc.GrpcFactory (GrpcFactory.java:checkPooledByteBufAllocatorUseCacheForAllThreads(45)) - PERFORMANCE WARNING: useCacheForAllThreads is true that may cause Netty to create a lot garbage objects and, as a result, trigger GC.
	It is recommended to disable useCacheForAllThreads by setting -Dorg.apache.ratis.thirdparty.io.netty.allocator.useCacheForAllThreads=false in command line.
2019-07-13 14:45:58,031 INFO  grpc.GrpcConfigKeys$Server (ConfUtils.java:logGet(43)) - raft.grpc.server.port = 0 (default)
2019-07-13 14:45:58,031 INFO  server.GrpcService (ConfUtils.java:logGet(43)) - raft.grpc.message.size.max = 33570816 (custom)
2019-07-13 14:45:58,031 INFO  server.RaftServerConfigKeys (ConfUtils.java:logGet(43)) - raft.server.log.appender.buffer.byte-limit = 33554432 (custom)
2019-07-13 14:45:58,032 INFO  server.GrpcService (ConfUtils.java:logGet(43)) - raft.grpc.flow.control.window = 1MB (=1048576) (default)
2019-07-13 14:45:58,032 INFO  server.RaftServerConfigKeys (ConfUtils.java:logGet(43)) - raft.server.rpc.request.timeout = 3000ms (default)
2019-07-13 14:45:58,033 INFO  server.RaftServerConfigKeys (ConfUtils.java:logGet(43)) - raft.server.storage.dir = [/tmp/workdir/hadoop-ozone/integration-test/target/test-dir/MiniOzoneClusterImpl-bd1ea3a1-9c10-429e-aead-7522ac8eaaf9/datanode-3/data/ratis] (custom)
2019-07-13 14:45:58,033 INFO  replication.SimpleContainerDownloader (SimpleContainerDownloader.java:<init>(72)) - Starting container downloader service to copy containers to replicate.
2019-07-13 14:45:58,035 INFO  hdfs.DFSUtil (DFSUtil.java:httpServerTemplateForNNAndJN(1641)) - Starting Web-server for hddsDatanode at: http://0.0.0.0:0
2019-07-13 14:45:58,037 INFO  server.AuthenticationFilter (AuthenticationFilter.java:constructSecretProvider(240)) - Unable to initialize FileSignerSecretProvider, falling back to use random secrets.
2019-07-13 14:45:58,038 WARN  http.HttpRequestLog (HttpRequestLog.java:getRequestLog(97)) - Jetty request log can only be enabled using Log4j
2019-07-13 14:45:58,040 INFO  http.HttpServer2 (HttpServer2.java:addGlobalFilter(975)) - Added global filter 'safety' (class=org.apache.hadoop.http.HttpServer2$QuotingInputFilter)
2019-07-13 14:45:58,041 INFO  http.HttpServer2 (HttpServer2.java:addFilter(948)) - Added filter static_user_filter (class=org.apache.hadoop.http.lib.StaticUserWebFilter$StaticUserFilter) to context hddsDatanode
2019-07-13 14:45:58,041 INFO  http.HttpServer2 (HttpServer2.java:addFilter(958)) - Added filter static_user_filter (class=org.apache.hadoop.http.lib.StaticUserWebFilter$StaticUserFilter) to context static
2019-07-13 14:45:58,042 INFO  http.HttpServer2 (HttpServer2.java:addFilter(958)) - Added filter static_user_filter (class=org.apache.hadoop.http.lib.StaticUserWebFilter$StaticUserFilter) to context logs
2019-07-13 14:45:58,043 INFO  http.HttpServer2 (HttpServer2.java:bindListener(1191)) - Jetty bound to port 36469
2019-07-13 14:45:58,043 INFO  server.Server (Server.java:doStart(351)) - jetty-9.3.24.v20180605, build timestamp: 2018-06-05T17:11:56Z, git hash: 84205aa28f11a4f31f2a3b86d1bba2cc8ab69827
2019-07-13 14:45:58,046 INFO  handler.ContextHandler (ContextHandler.java:doStart(781)) - Started o.e.j.s.ServletContextHandler@5f395ce1{/logs,file:///tmp/workdir/hadoop-ozone/integration-test/target/log,AVAILABLE}
2019-07-13 14:45:58,047 INFO  handler.ContextHandler (ContextHandler.java:doStart(781)) - Started o.e.j.s.ServletContextHandler@1e30db85{/static,jar:file:/home/user/.m2/repository/org/apache/hadoop/hadoop-hdds-container-service/0.5.0-SNAPSHOT/hadoop-hdds-container-service-0.5.0-SNAPSHOT.jar!/webapps/static,AVAILABLE}
2019-07-13 14:45:58,094 INFO  handler.ContextHandler (ContextHandler.java:doStart(781)) - Started o.e.j.w.WebAppContext@1e00bfe2{/,file:///tmp/jetty-0.0.0.0-36469-hddsDatanode-_-any-2794927800875765052.dir/webapp/,AVAILABLE}{/hddsDatanode}
2019-07-13 14:45:58,095 INFO  server.AbstractConnector (AbstractConnector.java:doStart(278)) - Started ServerConnector@4702e7a5{HTTP/1.1,[http/1.1]}{0.0.0.0:36469}
2019-07-13 14:45:58,097 INFO  server.Server (Server.java:doStart(419)) - Started @6491ms
2019-07-13 14:45:58,098 INFO  server.BaseHttpServer (BaseHttpServer.java:updateConnectorAddress(207)) - HTTP server of HDDSDATANODE is listening at http://0.0.0.0:36469
2019-07-13 14:45:58,228 INFO  ozone.HddsDatanodeService (HddsDatanodeService.java:startPlugins(396)) - Started plug-in org.apache.hadoop.ozone.web.OzoneHddsDatanodeService@1bd8afc8
2019-07-13 14:45:58,228 INFO  impl.MetricsSystemImpl (MetricsSystemImpl.java:init(158)) - HddsDatanode metrics system started (again)
2019-07-13 14:45:58,228 INFO  ozone.HddsDatanodeService (HddsDatanodeService.java:start(185)) - HddsDatanodeService host:trunk-nightly-mhs6z-4061744966 ip:192.168.5.172
2019-07-13 14:45:58,231 INFO  util.JvmPauseMonitor (JvmPauseMonitor.java:run(188)) - Starting JVM pause monitor
2019-07-13 14:45:58,233 INFO  datanode.InitDatanodeState (InitDatanodeState.java:persistContainerDatanodeDetails(140)) - DatanodeDetails is persisted to /tmp/workdir/hadoop-ozone/integration-test/target/test-dir/MiniOzoneClusterImpl-bd1ea3a1-9c10-429e-aead-7522ac8eaaf9/datanode-3/meta/datanode.id
2019-07-13 14:45:58,238 INFO  volume.HddsVolume (HddsVolume.java:<init>(176)) - Creating Volume: /tmp/workdir/hadoop-ozone/integration-test/target/test-dir/MiniOzoneClusterImpl-bd1ea3a1-9c10-429e-aead-7522ac8eaaf9/datanode-4/data/containers/hdds of  storage type : DISK and capacity : 52710309888
2019-07-13 14:45:58,238 INFO  volume.VolumeSet (VolumeSet.java:initializeVolumeSet(170)) - Added Volume : /tmp/workdir/hadoop-ozone/integration-test/target/test-dir/MiniOzoneClusterImpl-bd1ea3a1-9c10-429e-aead-7522ac8eaaf9/datanode-4/data/containers/hdds to VolumeSet
2019-07-13 14:45:58,238 INFO  volume.ThrottledAsyncChecker (ThrottledAsyncChecker.java:schedule(140)) - Scheduling a check for org.apache.hadoop.ozone.container.common.volume.HddsVolume@77a0dd63
2019-07-13 14:45:58,239 INFO  volume.HddsVolumeChecker (HddsVolumeChecker.java:checkAllVolumes(203)) - Scheduled health check for volume org.apache.hadoop.ozone.container.common.volume.HddsVolume@77a0dd63
2019-07-13 14:45:58,254 INFO  impl.RaftServerProxy (ConfUtils.java:logGet(43)) - raft.rpc.type = GRPC (default)
2019-07-13 14:45:58,254 INFO  grpc.GrpcFactory (GrpcFactory.java:checkPooledByteBufAllocatorUseCacheForAllThreads(45)) - PERFORMANCE WARNING: useCacheForAllThreads is true that may cause Netty to create a lot garbage objects and, as a result, trigger GC.
	It is recommended to disable useCacheForAllThreads by setting -Dorg.apache.ratis.thirdparty.io.netty.allocator.useCacheForAllThreads=false in command line.
2019-07-13 14:45:58,254 INFO  grpc.GrpcConfigKeys$Server (ConfUtils.java:logGet(43)) - raft.grpc.server.port = 0 (default)
2019-07-13 14:45:58,255 INFO  server.GrpcService (ConfUtils.java:logGet(43)) - raft.grpc.message.size.max = 33570816 (custom)
2019-07-13 14:45:58,255 INFO  server.RaftServerConfigKeys (ConfUtils.java:logGet(43)) - raft.server.log.appender.buffer.byte-limit = 33554432 (custom)
2019-07-13 14:45:58,255 INFO  server.GrpcService (ConfUtils.java:logGet(43)) - raft.grpc.flow.control.window = 1MB (=1048576) (default)
2019-07-13 14:45:58,255 INFO  server.RaftServerConfigKeys (ConfUtils.java:logGet(43)) - raft.server.rpc.request.timeout = 3000ms (default)
2019-07-13 14:45:58,256 INFO  server.RaftServerConfigKeys (ConfUtils.java:logGet(43)) - raft.server.storage.dir = [/tmp/workdir/hadoop-ozone/integration-test/target/test-dir/MiniOzoneClusterImpl-bd1ea3a1-9c10-429e-aead-7522ac8eaaf9/datanode-4/data/ratis] (custom)
2019-07-13 14:45:58,256 INFO  replication.SimpleContainerDownloader (SimpleContainerDownloader.java:<init>(72)) - Starting container downloader service to copy containers to replicate.
2019-07-13 14:45:58,258 INFO  hdfs.DFSUtil (DFSUtil.java:httpServerTemplateForNNAndJN(1641)) - Starting Web-server for hddsDatanode at: http://0.0.0.0:0
2019-07-13 14:45:58,259 INFO  server.AuthenticationFilter (AuthenticationFilter.java:constructSecretProvider(240)) - Unable to initialize FileSignerSecretProvider, falling back to use random secrets.
2019-07-13 14:45:58,259 WARN  http.HttpRequestLog (HttpRequestLog.java:getRequestLog(97)) - Jetty request log can only be enabled using Log4j
2019-07-13 14:45:58,261 INFO  http.HttpServer2 (HttpServer2.java:addGlobalFilter(975)) - Added global filter 'safety' (class=org.apache.hadoop.http.HttpServer2$QuotingInputFilter)
2019-07-13 14:45:58,261 INFO  http.HttpServer2 (HttpServer2.java:addFilter(948)) - Added filter static_user_filter (class=org.apache.hadoop.http.lib.StaticUserWebFilter$StaticUserFilter) to context hddsDatanode
2019-07-13 14:45:58,261 INFO  http.HttpServer2 (HttpServer2.java:addFilter(958)) - Added filter static_user_filter (class=org.apache.hadoop.http.lib.StaticUserWebFilter$StaticUserFilter) to context static
2019-07-13 14:45:58,262 INFO  http.HttpServer2 (HttpServer2.java:addFilter(958)) - Added filter static_user_filter (class=org.apache.hadoop.http.lib.StaticUserWebFilter$StaticUserFilter) to context logs
2019-07-13 14:45:58,262 INFO  http.HttpServer2 (HttpServer2.java:bindListener(1191)) - Jetty bound to port 34128
2019-07-13 14:45:58,262 INFO  server.Server (Server.java:doStart(351)) - jetty-9.3.24.v20180605, build timestamp: 2018-06-05T17:11:56Z, git hash: 84205aa28f11a4f31f2a3b86d1bba2cc8ab69827
2019-07-13 14:45:58,267 INFO  handler.ContextHandler (ContextHandler.java:doStart(781)) - Started o.e.j.s.ServletContextHandler@7aa01bd9{/logs,file:///tmp/workdir/hadoop-ozone/integration-test/target/log,AVAILABLE}
2019-07-13 14:45:58,268 INFO  handler.ContextHandler (ContextHandler.java:doStart(781)) - Started o.e.j.s.ServletContextHandler@615db358{/static,jar:file:/home/user/.m2/repository/org/apache/hadoop/hadoop-hdds-container-service/0.5.0-SNAPSHOT/hadoop-hdds-container-service-0.5.0-SNAPSHOT.jar!/webapps/static,AVAILABLE}
2019-07-13 14:45:58,295 INFO  handler.ContextHandler (ContextHandler.java:doStart(781)) - Started o.e.j.w.WebAppContext@34136bd1{/,file:///tmp/jetty-0.0.0.0-34128-hddsDatanode-_-any-2842930260084215457.dir/webapp/,AVAILABLE}{/hddsDatanode}
2019-07-13 14:45:58,295 INFO  server.AbstractConnector (AbstractConnector.java:doStart(278)) - Started ServerConnector@6de7778f{HTTP/1.1,[http/1.1]}{0.0.0.0:34128}
2019-07-13 14:45:58,296 INFO  server.Server (Server.java:doStart(419)) - Started @6691ms
2019-07-13 14:45:58,297 INFO  server.BaseHttpServer (BaseHttpServer.java:updateConnectorAddress(207)) - HTTP server of HDDSDATANODE is listening at http://0.0.0.0:34128
2019-07-13 14:45:58,416 INFO  ozone.HddsDatanodeService (HddsDatanodeService.java:startPlugins(396)) - Started plug-in org.apache.hadoop.ozone.web.OzoneHddsDatanodeService@5fdd97c1
2019-07-13 14:45:58,416 INFO  impl.MetricsSystemImpl (MetricsSystemImpl.java:init(158)) - HddsDatanode metrics system started (again)
2019-07-13 14:45:58,416 INFO  ozone.HddsDatanodeService (HddsDatanodeService.java:start(185)) - HddsDatanodeService host:trunk-nightly-mhs6z-4061744966 ip:192.168.5.172
2019-07-13 14:45:58,418 INFO  util.JvmPauseMonitor (JvmPauseMonitor.java:run(188)) - Starting JVM pause monitor
2019-07-13 14:45:58,421 INFO  datanode.InitDatanodeState (InitDatanodeState.java:persistContainerDatanodeDetails(140)) - DatanodeDetails is persisted to /tmp/workdir/hadoop-ozone/integration-test/target/test-dir/MiniOzoneClusterImpl-bd1ea3a1-9c10-429e-aead-7522ac8eaaf9/datanode-4/meta/datanode.id
2019-07-13 14:45:58,425 INFO  volume.HddsVolume (HddsVolume.java:<init>(176)) - Creating Volume: /tmp/workdir/hadoop-ozone/integration-test/target/test-dir/MiniOzoneClusterImpl-bd1ea3a1-9c10-429e-aead-7522ac8eaaf9/datanode-5/data/containers/hdds of  storage type : DISK and capacity : 52710309888
2019-07-13 14:45:58,425 INFO  volume.VolumeSet (VolumeSet.java:initializeVolumeSet(170)) - Added Volume : /tmp/workdir/hadoop-ozone/integration-test/target/test-dir/MiniOzoneClusterImpl-bd1ea3a1-9c10-429e-aead-7522ac8eaaf9/datanode-5/data/containers/hdds to VolumeSet
2019-07-13 14:45:58,426 INFO  volume.ThrottledAsyncChecker (ThrottledAsyncChecker.java:schedule(140)) - Scheduling a check for org.apache.hadoop.ozone.container.common.volume.HddsVolume@37d3e140
2019-07-13 14:45:58,426 INFO  volume.HddsVolumeChecker (HddsVolumeChecker.java:checkAllVolumes(203)) - Scheduled health check for volume org.apache.hadoop.ozone.container.common.volume.HddsVolume@37d3e140
2019-07-13 14:45:58,442 INFO  impl.RaftServerProxy (ConfUtils.java:logGet(43)) - raft.rpc.type = GRPC (default)
2019-07-13 14:45:58,442 INFO  grpc.GrpcFactory (GrpcFactory.java:checkPooledByteBufAllocatorUseCacheForAllThreads(45)) - PERFORMANCE WARNING: useCacheForAllThreads is true that may cause Netty to create a lot garbage objects and, as a result, trigger GC.
	It is recommended to disable useCacheForAllThreads by setting -Dorg.apache.ratis.thirdparty.io.netty.allocator.useCacheForAllThreads=false in command line.
2019-07-13 14:45:58,442 INFO  grpc.GrpcConfigKeys$Server (ConfUtils.java:logGet(43)) - raft.grpc.server.port = 0 (default)
2019-07-13 14:45:58,443 INFO  server.GrpcService (ConfUtils.java:logGet(43)) - raft.grpc.message.size.max = 33570816 (custom)
2019-07-13 14:45:58,443 INFO  server.RaftServerConfigKeys (ConfUtils.java:logGet(43)) - raft.server.log.appender.buffer.byte-limit = 33554432 (custom)
2019-07-13 14:45:58,443 INFO  server.GrpcService (ConfUtils.java:logGet(43)) - raft.grpc.flow.control.window = 1MB (=1048576) (default)
2019-07-13 14:45:58,443 INFO  server.RaftServerConfigKeys (ConfUtils.java:logGet(43)) - raft.server.rpc.request.timeout = 3000ms (default)
2019-07-13 14:45:58,444 INFO  server.RaftServerConfigKeys (ConfUtils.java:logGet(43)) - raft.server.storage.dir = [/tmp/workdir/hadoop-ozone/integration-test/target/test-dir/MiniOzoneClusterImpl-bd1ea3a1-9c10-429e-aead-7522ac8eaaf9/datanode-5/data/ratis] (custom)
2019-07-13 14:45:58,444 INFO  replication.SimpleContainerDownloader (SimpleContainerDownloader.java:<init>(72)) - Starting container downloader service to copy containers to replicate.
2019-07-13 14:45:58,445 INFO  hdfs.DFSUtil (DFSUtil.java:httpServerTemplateForNNAndJN(1641)) - Starting Web-server for hddsDatanode at: http://0.0.0.0:0
2019-07-13 14:45:58,447 INFO  server.AuthenticationFilter (AuthenticationFilter.java:constructSecretProvider(240)) - Unable to initialize FileSignerSecretProvider, falling back to use random secrets.
2019-07-13 14:45:58,447 WARN  http.HttpRequestLog (HttpRequestLog.java:getRequestLog(97)) - Jetty request log can only be enabled using Log4j
2019-07-13 14:45:58,448 INFO  http.HttpServer2 (HttpServer2.java:addGlobalFilter(975)) - Added global filter 'safety' (class=org.apache.hadoop.http.HttpServer2$QuotingInputFilter)
2019-07-13 14:45:58,449 INFO  http.HttpServer2 (HttpServer2.java:addFilter(948)) - Added filter static_user_filter (class=org.apache.hadoop.http.lib.StaticUserWebFilter$StaticUserFilter) to context hddsDatanode
2019-07-13 14:45:58,449 INFO  http.HttpServer2 (HttpServer2.java:addFilter(958)) - Added filter static_user_filter (class=org.apache.hadoop.http.lib.StaticUserWebFilter$StaticUserFilter) to context static
2019-07-13 14:45:58,449 INFO  http.HttpServer2 (HttpServer2.java:addFilter(958)) - Added filter static_user_filter (class=org.apache.hadoop.http.lib.StaticUserWebFilter$StaticUserFilter) to context logs
2019-07-13 14:45:58,450 INFO  http.HttpServer2 (HttpServer2.java:bindListener(1191)) - Jetty bound to port 45636
2019-07-13 14:45:58,450 INFO  server.Server (Server.java:doStart(351)) - jetty-9.3.24.v20180605, build timestamp: 2018-06-05T17:11:56Z, git hash: 84205aa28f11a4f31f2a3b86d1bba2cc8ab69827
2019-07-13 14:45:58,453 INFO  handler.ContextHandler (ContextHandler.java:doStart(781)) - Started o.e.j.s.ServletContextHandler@545d2560{/logs,file:///tmp/workdir/hadoop-ozone/integration-test/target/log,AVAILABLE}
2019-07-13 14:45:58,454 INFO  handler.ContextHandler (ContextHandler.java:doStart(781)) - Started o.e.j.s.ServletContextHandler@6885ed19{/static,jar:file:/home/user/.m2/repository/org/apache/hadoop/hadoop-hdds-container-service/0.5.0-SNAPSHOT/hadoop-hdds-container-service-0.5.0-SNAPSHOT.jar!/webapps/static,AVAILABLE}
2019-07-13 14:45:58,482 INFO  handler.ContextHandler (ContextHandler.java:doStart(781)) - Started o.e.j.w.WebAppContext@40c8067{/,file:///tmp/jetty-0.0.0.0-45636-hddsDatanode-_-any-1986035566614231241.dir/webapp/,AVAILABLE}{/hddsDatanode}
2019-07-13 14:45:58,482 INFO  server.AbstractConnector (AbstractConnector.java:doStart(278)) - Started ServerConnector@46bb0bdf{HTTP/1.1,[http/1.1]}{0.0.0.0:45636}
2019-07-13 14:45:58,484 INFO  server.Server (Server.java:doStart(419)) - Started @6878ms
2019-07-13 14:45:58,484 INFO  server.BaseHttpServer (BaseHttpServer.java:updateConnectorAddress(207)) - HTTP server of HDDSDATANODE is listening at http://0.0.0.0:45636
2019-07-13 14:45:58,603 INFO  ozone.HddsDatanodeService (HddsDatanodeService.java:startPlugins(396)) - Started plug-in org.apache.hadoop.ozone.web.OzoneHddsDatanodeService@7d25913
2019-07-13 14:45:58,603 INFO  impl.MetricsSystemImpl (MetricsSystemImpl.java:init(158)) - HddsDatanode metrics system started (again)
2019-07-13 14:45:58,604 INFO  ozone.HddsDatanodeService (HddsDatanodeService.java:start(185)) - HddsDatanodeService host:trunk-nightly-mhs6z-4061744966 ip:192.168.5.172
2019-07-13 14:45:58,606 INFO  util.JvmPauseMonitor (JvmPauseMonitor.java:run(188)) - Starting JVM pause monitor
2019-07-13 14:45:58,609 INFO  datanode.InitDatanodeState (InitDatanodeState.java:persistContainerDatanodeDetails(140)) - DatanodeDetails is persisted to /tmp/workdir/hadoop-ozone/integration-test/target/test-dir/MiniOzoneClusterImpl-bd1ea3a1-9c10-429e-aead-7522ac8eaaf9/datanode-5/meta/datanode.id
2019-07-13 14:45:58,613 INFO  volume.HddsVolume (HddsVolume.java:<init>(176)) - Creating Volume: /tmp/workdir/hadoop-ozone/integration-test/target/test-dir/MiniOzoneClusterImpl-bd1ea3a1-9c10-429e-aead-7522ac8eaaf9/datanode-6/data/containers/hdds of  storage type : DISK and capacity : 52710309888
2019-07-13 14:45:58,613 INFO  volume.VolumeSet (VolumeSet.java:initializeVolumeSet(170)) - Added Volume : /tmp/workdir/hadoop-ozone/integration-test/target/test-dir/MiniOzoneClusterImpl-bd1ea3a1-9c10-429e-aead-7522ac8eaaf9/datanode-6/data/containers/hdds to VolumeSet
2019-07-13 14:45:58,614 INFO  volume.ThrottledAsyncChecker (ThrottledAsyncChecker.java:schedule(140)) - Scheduling a check for org.apache.hadoop.ozone.container.common.volume.HddsVolume@40a1b6d4
2019-07-13 14:45:58,614 INFO  volume.HddsVolumeChecker (HddsVolumeChecker.java:checkAllVolumes(203)) - Scheduled health check for volume org.apache.hadoop.ozone.container.common.volume.HddsVolume@40a1b6d4
2019-07-13 14:45:58,684 INFO  impl.RaftServerProxy (ConfUtils.java:logGet(43)) - raft.rpc.type = GRPC (default)
2019-07-13 14:45:58,687 INFO  grpc.GrpcFactory (GrpcFactory.java:checkPooledByteBufAllocatorUseCacheForAllThreads(45)) - PERFORMANCE WARNING: useCacheForAllThreads is true that may cause Netty to create a lot garbage objects and, as a result, trigger GC.
	It is recommended to disable useCacheForAllThreads by setting -Dorg.apache.ratis.thirdparty.io.netty.allocator.useCacheForAllThreads=false in command line.
2019-07-13 14:45:58,687 INFO  grpc.GrpcConfigKeys$Server (ConfUtils.java:logGet(43)) - raft.grpc.server.port = 0 (default)
2019-07-13 14:45:58,688 INFO  server.GrpcService (ConfUtils.java:logGet(43)) - raft.grpc.message.size.max = 33570816 (custom)
2019-07-13 14:45:58,688 INFO  server.RaftServerConfigKeys (ConfUtils.java:logGet(43)) - raft.server.log.appender.buffer.byte-limit = 33554432 (custom)
2019-07-13 14:45:58,689 INFO  server.GrpcService (ConfUtils.java:logGet(43)) - raft.grpc.flow.control.window = 1MB (=1048576) (default)
2019-07-13 14:45:58,689 INFO  server.RaftServerConfigKeys (ConfUtils.java:logGet(43)) - raft.server.rpc.request.timeout = 3000ms (default)
2019-07-13 14:45:58,694 INFO  server.RaftServerConfigKeys (ConfUtils.java:logGet(43)) - raft.server.storage.dir = [/tmp/workdir/hadoop-ozone/integration-test/target/test-dir/MiniOzoneClusterImpl-bd1ea3a1-9c10-429e-aead-7522ac8eaaf9/datanode-6/data/ratis] (custom)
2019-07-13 14:45:58,713 INFO  replication.SimpleContainerDownloader (SimpleContainerDownloader.java:<init>(72)) - Starting container downloader service to copy containers to replicate.
2019-07-13 14:45:58,716 INFO  hdfs.DFSUtil (DFSUtil.java:httpServerTemplateForNNAndJN(1641)) - Starting Web-server for hddsDatanode at: http://0.0.0.0:0
2019-07-13 14:45:58,719 INFO  server.AuthenticationFilter (AuthenticationFilter.java:constructSecretProvider(240)) - Unable to initialize FileSignerSecretProvider, falling back to use random secrets.
2019-07-13 14:45:58,719 WARN  http.HttpRequestLog (HttpRequestLog.java:getRequestLog(97)) - Jetty request log can only be enabled using Log4j
2019-07-13 14:45:58,722 INFO  http.HttpServer2 (HttpServer2.java:addGlobalFilter(975)) - Added global filter 'safety' (class=org.apache.hadoop.http.HttpServer2$QuotingInputFilter)
2019-07-13 14:45:58,722 INFO  http.HttpServer2 (HttpServer2.java:addFilter(948)) - Added filter static_user_filter (class=org.apache.hadoop.http.lib.StaticUserWebFilter$StaticUserFilter) to context hddsDatanode
2019-07-13 14:45:58,723 INFO  http.HttpServer2 (HttpServer2.java:addFilter(958)) - Added filter static_user_filter (class=org.apache.hadoop.http.lib.StaticUserWebFilter$StaticUserFilter) to context static
2019-07-13 14:45:58,723 INFO  http.HttpServer2 (HttpServer2.java:addFilter(958)) - Added filter static_user_filter (class=org.apache.hadoop.http.lib.StaticUserWebFilter$StaticUserFilter) to context logs
2019-07-13 14:45:58,724 INFO  http.HttpServer2 (HttpServer2.java:bindListener(1191)) - Jetty bound to port 33075
2019-07-13 14:45:58,724 INFO  server.Server (Server.java:doStart(351)) - jetty-9.3.24.v20180605, build timestamp: 2018-06-05T17:11:56Z, git hash: 84205aa28f11a4f31f2a3b86d1bba2cc8ab69827
2019-07-13 14:45:58,727 INFO  handler.ContextHandler (ContextHandler.java:doStart(781)) - Started o.e.j.s.ServletContextHandler@718989fa{/logs,file:///tmp/workdir/hadoop-ozone/integration-test/target/log,AVAILABLE}
2019-07-13 14:45:58,728 INFO  handler.ContextHandler (ContextHandler.java:doStart(781)) - Started o.e.j.s.ServletContextHandler@6568f998{/static,jar:file:/home/user/.m2/repository/org/apache/hadoop/hadoop-hdds-container-service/0.5.0-SNAPSHOT/hadoop-hdds-container-service-0.5.0-SNAPSHOT.jar!/webapps/static,AVAILABLE}
2019-07-13 14:45:58,771 INFO  handler.ContextHandler (ContextHandler.java:doStart(781)) - Started o.e.j.w.WebAppContext@448ade1{/,file:///tmp/jetty-0.0.0.0-33075-hddsDatanode-_-any-2759796421684243972.dir/webapp/,AVAILABLE}{/hddsDatanode}
2019-07-13 14:45:58,771 INFO  server.AbstractConnector (AbstractConnector.java:doStart(278)) - Started ServerConnector@21f9c6ea{HTTP/1.1,[http/1.1]}{0.0.0.0:33075}
2019-07-13 14:45:58,772 INFO  server.Server (Server.java:doStart(419)) - Started @7167ms
2019-07-13 14:45:58,773 INFO  server.BaseHttpServer (BaseHttpServer.java:updateConnectorAddress(207)) - HTTP server of HDDSDATANODE is listening at http://0.0.0.0:33075
2019-07-13 14:45:58,903 INFO  ozone.HddsDatanodeService (HddsDatanodeService.java:startPlugins(396)) - Started plug-in org.apache.hadoop.ozone.web.OzoneHddsDatanodeService@112c2930
2019-07-13 14:45:58,904 INFO  ozone.MiniOzoneClusterImpl (MiniOzoneClusterImpl.java:lambda$waitForClusterToBeReady$0(142)) - Waiting for cluster to be ready. Got 0 of 7 DN Heartbeats.
2019-07-13 14:45:58,905 INFO  util.JvmPauseMonitor (JvmPauseMonitor.java:run(188)) - Starting JVM pause monitor
2019-07-13 14:45:58,908 INFO  datanode.InitDatanodeState (InitDatanodeState.java:persistContainerDatanodeDetails(140)) - DatanodeDetails is persisted to /tmp/workdir/hadoop-ozone/integration-test/target/test-dir/MiniOzoneClusterImpl-bd1ea3a1-9c10-429e-aead-7522ac8eaaf9/datanode-6/meta/datanode.id
2019-07-13 14:45:59,628 INFO  ozoneimpl.OzoneContainer (OzoneContainer.java:start(186)) - Attempting to start container services.
2019-07-13 14:45:59,630 INFO  ozoneimpl.OzoneContainer (OzoneContainer.java:startContainerScrub(160)) - Background container scrubber has been disabled by hdds.containerscrub.enabled
2019-07-13 14:45:59,631 INFO  ratis.XceiverServerRatis (XceiverServerRatis.java:start(418)) - Starting XceiverServerRatis 08c2ab6c-a311-4cfe-a416-d6e158923be3 at port 0
2019-07-13 14:45:59,655 INFO  impl.RaftServerProxy (RaftServerProxy.java:lambda$start$3(299)) - 08c2ab6c-a311-4cfe-a416-d6e158923be3: start RPC server
2019-07-13 14:45:59,789 INFO  server.GrpcService (GrpcService.java:startImpl(149)) - 08c2ab6c-a311-4cfe-a416-d6e158923be3: GrpcService started, listening on 0.0.0.0/0.0.0.0:37452
2019-07-13 14:45:59,790 INFO  ratis.XceiverServerRatis (XceiverServerRatis.java:start(428)) - XceiverServerRatis 08c2ab6c-a311-4cfe-a416-d6e158923be3 is started using port 37452
2019-07-13 14:45:59,792 INFO  server.XceiverServerGrpc (XceiverServerGrpc.java:start(161)) - XceiverServerGrpc 08c2ab6c-a311-4cfe-a416-d6e158923be3 is started using port 37404
2019-07-13 14:45:59,816 INFO  ozoneimpl.OzoneContainer (OzoneContainer.java:start(186)) - Attempting to start container services.
2019-07-13 14:45:59,819 INFO  ozoneimpl.OzoneContainer (OzoneContainer.java:startContainerScrub(160)) - Background container scrubber has been disabled by hdds.containerscrub.enabled
2019-07-13 14:45:59,819 INFO  ratis.XceiverServerRatis (XceiverServerRatis.java:start(418)) - Starting XceiverServerRatis ac0119f1-421b-4781-81f6-2a8002de118c at port 0
2019-07-13 14:45:59,828 INFO  impl.RaftServerProxy (RaftServerProxy.java:lambda$start$3(299)) - ac0119f1-421b-4781-81f6-2a8002de118c: start RPC server
2019-07-13 14:45:59,832 INFO  server.GrpcService (GrpcService.java:startImpl(149)) - ac0119f1-421b-4781-81f6-2a8002de118c: GrpcService started, listening on 0.0.0.0/0.0.0.0:38975
2019-07-13 14:45:59,832 INFO  ratis.XceiverServerRatis (XceiverServerRatis.java:start(428)) - XceiverServerRatis ac0119f1-421b-4781-81f6-2a8002de118c is started using port 38975
2019-07-13 14:45:59,834 INFO  server.XceiverServerGrpc (XceiverServerGrpc.java:start(161)) - XceiverServerGrpc ac0119f1-421b-4781-81f6-2a8002de118c is started using port 45719
2019-07-13 14:45:59,905 INFO  ozone.MiniOzoneClusterImpl (MiniOzoneClusterImpl.java:lambda$waitForClusterToBeReady$0(142)) - Waiting for cluster to be ready. Got 0 of 7 DN Heartbeats.
2019-07-13 14:46:00,010 INFO  ozoneimpl.OzoneContainer (OzoneContainer.java:start(186)) - Attempting to start container services.
2019-07-13 14:46:00,012 INFO  ozoneimpl.OzoneContainer (OzoneContainer.java:startContainerScrub(160)) - Background container scrubber has been disabled by hdds.containerscrub.enabled
2019-07-13 14:46:00,012 INFO  ratis.XceiverServerRatis (XceiverServerRatis.java:start(418)) - Starting XceiverServerRatis 45fe42e5-52f9-490e-b10d-e50ce469a6ca at port 0
2019-07-13 14:46:00,021 INFO  impl.RaftServerProxy (RaftServerProxy.java:lambda$start$3(299)) - 45fe42e5-52f9-490e-b10d-e50ce469a6ca: start RPC server
2019-07-13 14:46:00,025 INFO  server.GrpcService (GrpcService.java:startImpl(149)) - 45fe42e5-52f9-490e-b10d-e50ce469a6ca: GrpcService started, listening on 0.0.0.0/0.0.0.0:46870
2019-07-13 14:46:00,025 INFO  ratis.XceiverServerRatis (XceiverServerRatis.java:start(428)) - XceiverServerRatis 45fe42e5-52f9-490e-b10d-e50ce469a6ca is started using port 46870
2019-07-13 14:46:00,029 INFO  server.XceiverServerGrpc (XceiverServerGrpc.java:start(161)) - XceiverServerGrpc 45fe42e5-52f9-490e-b10d-e50ce469a6ca is started using port 37258
2019-07-13 14:46:00,239 INFO  ozoneimpl.OzoneContainer (OzoneContainer.java:start(186)) - Attempting to start container services.
2019-07-13 14:46:00,242 INFO  ozoneimpl.OzoneContainer (OzoneContainer.java:startContainerScrub(160)) - Background container scrubber has been disabled by hdds.containerscrub.enabled
2019-07-13 14:46:00,242 INFO  ratis.XceiverServerRatis (XceiverServerRatis.java:start(418)) - Starting XceiverServerRatis 4a606560-782d-41f4-a82c-f8e09b1c8270 at port 0
2019-07-13 14:46:00,252 INFO  impl.RaftServerProxy (RaftServerProxy.java:lambda$start$3(299)) - 4a606560-782d-41f4-a82c-f8e09b1c8270: start RPC server
2019-07-13 14:46:00,257 INFO  server.GrpcService (GrpcService.java:startImpl(149)) - 4a606560-782d-41f4-a82c-f8e09b1c8270: GrpcService started, listening on 0.0.0.0/0.0.0.0:46536
2019-07-13 14:46:00,258 INFO  ratis.XceiverServerRatis (XceiverServerRatis.java:start(428)) - XceiverServerRatis 4a606560-782d-41f4-a82c-f8e09b1c8270 is started using port 46536
2019-07-13 14:46:00,261 INFO  server.XceiverServerGrpc (XceiverServerGrpc.java:start(161)) - XceiverServerGrpc 4a606560-782d-41f4-a82c-f8e09b1c8270 is started using port 46050
2019-07-13 14:46:00,433 INFO  ozoneimpl.OzoneContainer (OzoneContainer.java:start(186)) - Attempting to start container services.
2019-07-13 14:46:00,436 INFO  ozoneimpl.OzoneContainer (OzoneContainer.java:startContainerScrub(160)) - Background container scrubber has been disabled by hdds.containerscrub.enabled
2019-07-13 14:46:00,437 INFO  ratis.XceiverServerRatis (XceiverServerRatis.java:start(418)) - Starting XceiverServerRatis 5240f9e2-6874-4da6-957c-b394454a3027 at port 0
2019-07-13 14:46:00,447 INFO  impl.RaftServerProxy (RaftServerProxy.java:lambda$start$3(299)) - 5240f9e2-6874-4da6-957c-b394454a3027: start RPC server
2019-07-13 14:46:00,452 INFO  server.GrpcService (GrpcService.java:startImpl(149)) - 5240f9e2-6874-4da6-957c-b394454a3027: GrpcService started, listening on 0.0.0.0/0.0.0.0:35998
2019-07-13 14:46:00,452 INFO  ratis.XceiverServerRatis (XceiverServerRatis.java:start(428)) - XceiverServerRatis 5240f9e2-6874-4da6-957c-b394454a3027 is started using port 35998
2019-07-13 14:46:00,456 INFO  server.XceiverServerGrpc (XceiverServerGrpc.java:start(161)) - XceiverServerGrpc 5240f9e2-6874-4da6-957c-b394454a3027 is started using port 44253
2019-07-13 14:46:00,613 INFO  ozoneimpl.OzoneContainer (OzoneContainer.java:start(186)) - Attempting to start container services.
2019-07-13 14:46:00,617 INFO  ozoneimpl.OzoneContainer (OzoneContainer.java:startContainerScrub(160)) - Background container scrubber has been disabled by hdds.containerscrub.enabled
2019-07-13 14:46:00,617 INFO  ratis.XceiverServerRatis (XceiverServerRatis.java:start(418)) - Starting XceiverServerRatis 99aea4fe-89de-4f3c-9a7d-0d5d28528110 at port 0
2019-07-13 14:46:00,627 INFO  impl.RaftServerProxy (RaftServerProxy.java:lambda$start$3(299)) - 99aea4fe-89de-4f3c-9a7d-0d5d28528110: start RPC server
2019-07-13 14:46:00,631 INFO  server.GrpcService (GrpcService.java:startImpl(149)) - 99aea4fe-89de-4f3c-9a7d-0d5d28528110: GrpcService started, listening on 0.0.0.0/0.0.0.0:34305
2019-07-13 14:46:00,632 INFO  ratis.XceiverServerRatis (XceiverServerRatis.java:start(428)) - XceiverServerRatis 99aea4fe-89de-4f3c-9a7d-0d5d28528110 is started using port 34305
2019-07-13 14:46:00,636 INFO  server.XceiverServerGrpc (XceiverServerGrpc.java:start(161)) - XceiverServerGrpc 99aea4fe-89de-4f3c-9a7d-0d5d28528110 is started using port 33853
2019-07-13 14:46:00,905 INFO  ozone.MiniOzoneClusterImpl (MiniOzoneClusterImpl.java:lambda$waitForClusterToBeReady$0(142)) - Waiting for cluster to be ready. Got 0 of 7 DN Heartbeats.
2019-07-13 14:46:00,914 INFO  ozoneimpl.OzoneContainer (OzoneContainer.java:start(186)) - Attempting to start container services.
2019-07-13 14:46:00,918 INFO  ozoneimpl.OzoneContainer (OzoneContainer.java:startContainerScrub(160)) - Background container scrubber has been disabled by hdds.containerscrub.enabled
2019-07-13 14:46:00,918 INFO  ratis.XceiverServerRatis (XceiverServerRatis.java:start(418)) - Starting XceiverServerRatis c331b4b5-5fbe-4ae1-8871-22d2a53360f3 at port 0
2019-07-13 14:46:00,928 INFO  impl.RaftServerProxy (RaftServerProxy.java:lambda$start$3(299)) - c331b4b5-5fbe-4ae1-8871-22d2a53360f3: start RPC server
2019-07-13 14:46:00,933 INFO  server.GrpcService (GrpcService.java:startImpl(149)) - c331b4b5-5fbe-4ae1-8871-22d2a53360f3: GrpcService started, listening on 0.0.0.0/0.0.0.0:34375
2019-07-13 14:46:00,933 INFO  ratis.XceiverServerRatis (XceiverServerRatis.java:start(428)) - XceiverServerRatis c331b4b5-5fbe-4ae1-8871-22d2a53360f3 is started using port 34375
2019-07-13 14:46:00,937 INFO  server.XceiverServerGrpc (XceiverServerGrpc.java:start(161)) - XceiverServerGrpc c331b4b5-5fbe-4ae1-8871-22d2a53360f3 is started using port 44321
2019-07-13 14:46:01,596 INFO  net.NetworkTopology (NetworkTopologyImpl.java:add(110)) - Added a new node: /default-rack/192.168.5.172
2019-07-13 14:46:01,597 INFO  node.SCMNodeManager (SCMNodeManager.java:register(269)) - Registered Data node : 08c2ab6c-a311-4cfe-a416-d6e158923be3{ip: 192.168.5.172, host: trunk-nightly-mhs6z-4061744966, networkLocation: /default-rack, certSerialId: null}
2019-07-13 14:46:01,602 INFO  safemode.SCMSafeModeManager (DataNodeSafeModeRule.java:process(71)) - SCM in safe mode. 1 DataNodes registered, 1 required.
2019-07-13 14:46:01,602 INFO  safemode.SCMSafeModeManager (SCMSafeModeManager.java:validateSafeModeExitRules(177)) - ScmSafeModeManager, all rules are successfully validated
2019-07-13 14:46:01,603 INFO  safemode.SCMSafeModeManager (SCMSafeModeManager.java:exitSafeMode(193)) - SCM exiting safe mode.
2019-07-13 14:46:01,805 INFO  node.SCMNodeManager (SCMNodeManager.java:register(269)) - Registered Data node : ac0119f1-421b-4781-81f6-2a8002de118c{ip: 192.168.5.172, host: trunk-nightly-mhs6z-4061744966, networkLocation: /default-rack, certSerialId: null}
2019-07-13 14:46:01,906 INFO  ozone.MiniOzoneClusterImpl (MiniOzoneClusterImpl.java:lambda$waitForClusterToBeReady$0(142)) - Waiting for cluster to be ready. Got 2 of 7 DN Heartbeats.
2019-07-13 14:46:02,008 INFO  node.SCMNodeManager (SCMNodeManager.java:register(269)) - Registered Data node : 45fe42e5-52f9-490e-b10d-e50ce469a6ca{ip: 192.168.5.172, host: trunk-nightly-mhs6z-4061744966, networkLocation: /default-rack, certSerialId: null}
2019-07-13 14:46:02,503 ERROR node.NodeStateManager (NodeStateManager.java:checkNodesHealth(611)) - Total time spend processing datanode HB's is greater than configured values for datanode heartbeats. Please adjust the heartbeat configs. Time Spend on HB processing: 0 seconds Datanode heartbeat Interval: 100 seconds.
2019-07-13 14:46:02,536 INFO  node.SCMNodeManager (SCMNodeManager.java:register(269)) - Registered Data node : 4a606560-782d-41f4-a82c-f8e09b1c8270{ip: 192.168.5.172, host: trunk-nightly-mhs6z-4061744966, networkLocation: /default-rack, certSerialId: null}
2019-07-13 14:46:02,536 INFO  node.SCMNodeManager (SCMNodeManager.java:register(269)) - Registered Data node : 5240f9e2-6874-4da6-957c-b394454a3027{ip: 192.168.5.172, host: trunk-nightly-mhs6z-4061744966, networkLocation: /default-rack, certSerialId: null}
2019-07-13 14:46:02,566 INFO  impl.RaftServerProxy (RaftServerProxy.java:addNew(89)) - 08c2ab6c-a311-4cfe-a416-d6e158923be3: addNew group-9B1F0BF35FA9:[08c2ab6c-a311-4cfe-a416-d6e158923be3:192.168.5.172:37452] returns group-9B1F0BF35FA9:java.util.concurrent.CompletableFuture@573fd5f4[Not completed]
2019-07-13 14:46:02,585 INFO  impl.RaftServerImpl (RaftServerImpl.java:<init>(93)) - 08c2ab6c-a311-4cfe-a416-d6e158923be3: new RaftServerImpl for group-9B1F0BF35FA9:[08c2ab6c-a311-4cfe-a416-d6e158923be3:192.168.5.172:37452] with ContainerStateMachine:uninitialized
2019-07-13 14:46:02,588 INFO  server.RaftServerConfigKeys (ConfUtils.java:logGet(43)) - raft.server.rpc.timeout.min = 5s (custom)
2019-07-13 14:46:02,590 INFO  server.RaftServerConfigKeys (ConfUtils.java:logGet(43)) - raft.server.rpc.timeout.max = 5200ms (custom)
2019-07-13 14:46:02,590 INFO  server.RaftServerConfigKeys (ConfUtils.java:logGet(43)) - raft.server.rpcslowness.timeout = 120s (custom)
2019-07-13 14:46:02,591 INFO  server.RaftServerConfigKeys (ConfUtils.java:logGet(43)) - raft.server.sleep.deviation.threshold = 300 (default)
2019-07-13 14:46:02,593 INFO  server.RaftServerConfigKeys (ConfUtils.java:logGet(43)) - raft.server.log.appender.install.snapshot.enabled = false (custom)
2019-07-13 14:46:02,603 INFO  impl.RaftServerImpl (ServerState.java:<init>(105)) - 08c2ab6c-a311-4cfe-a416-d6e158923be3:group-9B1F0BF35FA9 ConfigurationManager, init=-1: [08c2ab6c-a311-4cfe-a416-d6e158923be3:192.168.5.172:37452], old=null, confs=<EMPTY_MAP>
2019-07-13 14:46:02,603 INFO  server.RaftServerConfigKeys (ConfUtils.java:logGet(43)) - raft.server.storage.dir = [/tmp/workdir/hadoop-ozone/integration-test/target/test-dir/MiniOzoneClusterImpl-bd1ea3a1-9c10-429e-aead-7522ac8eaaf9/datanode-0/data/ratis] (custom)
2019-07-13 14:46:02,609 INFO  node.SCMNodeManager (SCMNodeManager.java:register(269)) - Registered Data node : 99aea4fe-89de-4f3c-9a7d-0d5d28528110{ip: 192.168.5.172, host: trunk-nightly-mhs6z-4061744966, networkLocation: /default-rack, certSerialId: null}
2019-07-13 14:46:02,614 INFO  storage.RaftStorageDirectory (RaftStorageDirectory.java:analyzeStorage(246)) - The storage directory /tmp/workdir/hadoop-ozone/integration-test/target/test-dir/MiniOzoneClusterImpl-bd1ea3a1-9c10-429e-aead-7522ac8eaaf9/datanode-0/data/ratis/1e31c7cd-7757-4e1f-8ab7-9b1f0bf35fa9 does not exist. Creating ...
2019-07-13 14:46:02,633 INFO  storage.RaftStorageDirectory (RaftStorageDirectory.java:tryLock(328)) - Lock on /tmp/workdir/hadoop-ozone/integration-test/target/test-dir/MiniOzoneClusterImpl-bd1ea3a1-9c10-429e-aead-7522ac8eaaf9/datanode-0/data/ratis/1e31c7cd-7757-4e1f-8ab7-9b1f0bf35fa9/in_use.lock acquired by nodename 27998@trunk-nightly-mhs6z-4061744966
2019-07-13 14:46:02,639 INFO  storage.RaftStorage (RaftStorage.java:format(72)) - Storage directory /tmp/workdir/hadoop-ozone/integration-test/target/test-dir/MiniOzoneClusterImpl-bd1ea3a1-9c10-429e-aead-7522ac8eaaf9/datanode-0/data/ratis/1e31c7cd-7757-4e1f-8ab7-9b1f0bf35fa9 has been successfully formatted.
2019-07-13 14:46:02,642 INFO  ratis.ContainerStateMachine (ContainerStateMachine.java:loadSnapshot(200)) - The snapshot info is null.Setting the last applied index to:(t:0, i:~)
2019-07-13 14:46:02,642 INFO  server.RaftServerConfigKeys (ConfUtils.java:logGet(43)) - raft.server.leader.election.timeout = 120s (custom)
2019-07-13 14:46:02,644 INFO  server.RaftServerConfigKeys (ConfUtils.java:logGet(43)) - raft.server.log.use.memory = false (default)
2019-07-13 14:46:02,651 INFO  server.RaftServerConfigKeys (ConfUtils.java:logGet(43)) - raft.server.log.purge.gap = 1000000000 (custom)
2019-07-13 14:46:02,651 INFO  server.RaftServerConfigKeys (ConfUtils.java:logGet(43)) - raft.server.log.appender.buffer.byte-limit = 33554432 (custom)
2019-07-13 14:46:02,653 INFO  server.RaftServerConfigKeys (ConfUtils.java:logGet(43)) - raft.server.log.segment.size.max = 1048576 (custom)
2019-07-13 14:46:02,658 INFO  server.RaftServerConfigKeys (ConfUtils.java:logGet(43)) - raft.server.log.segment.cache.num.max = 2 (custom)
2019-07-13 14:46:02,665 INFO  segmented.SegmentedRaftLogWorker (SegmentedRaftLogWorker.java:<init>(172)) - new 08c2ab6c-a311-4cfe-a416-d6e158923be3-SegmentedRaftLogWorker:Storage Directory /tmp/workdir/hadoop-ozone/integration-test/target/test-dir/MiniOzoneClusterImpl-bd1ea3a1-9c10-429e-aead-7522ac8eaaf9/datanode-0/data/ratis/1e31c7cd-7757-4e1f-8ab7-9b1f0bf35fa9 for RaftStorage:Storage Directory /tmp/workdir/hadoop-ozone/integration-test/target/test-dir/MiniOzoneClusterImpl-bd1ea3a1-9c10-429e-aead-7522ac8eaaf9/datanode-0/data/ratis/1e31c7cd-7757-4e1f-8ab7-9b1f0bf35fa9
2019-07-13 14:46:02,678 INFO  server.RaftServerConfigKeys (ConfUtils.java:logGet(43)) - raft.server.log.queue.byte-limit = 2147483647 (custom)
2019-07-13 14:46:02,678 INFO  server.RaftServerConfigKeys (ConfUtils.java:logGet(43)) - raft.server.log.queue.element-limit = 1024 (custom)
2019-07-13 14:46:02,683 INFO  server.RaftServerConfigKeys (ConfUtils.java:logGet(43)) - raft.server.log.segment.size.max = 1048576 (custom)
2019-07-13 14:46:02,684 INFO  server.RaftServerConfigKeys (ConfUtils.java:logGet(43)) - raft.server.log.preallocated.size = 16384 (custom)
2019-07-13 14:46:02,684 INFO  server.RaftServerConfigKeys (ConfUtils.java:logGet(43)) - raft.server.log.write.buffer.size = 33554432 (custom)
2019-07-13 14:46:02,684 INFO  server.RaftServerConfigKeys (ConfUtils.java:logGet(43)) - raft.server.log.force.sync.num = 128 (default)
2019-07-13 14:46:02,685 INFO  server.RaftServerConfigKeys (ConfUtils.java:logGet(43)) - raft.server.log.statemachine.data.sync = true (default)
2019-07-13 14:46:02,686 INFO  server.RaftServerConfigKeys (ConfUtils.java:logGet(43)) - raft.server.log.statemachine.data.sync.timeout = 10s (default)
2019-07-13 14:46:02,686 INFO  server.RaftServerConfigKeys (ConfUtils.java:logGet(43)) - raft.server.log.statemachine.data.sync.timeout.retry = -1 (default)
2019-07-13 14:46:02,695 INFO  server.RaftServerConfigKeys (ConfUtils.java:logGet(43)) - raft.server.log.statemachine.data.caching.enabled = true (custom)
2019-07-13 14:46:02,699 INFO  segmented.SegmentedRaftLogWorker (SegmentedRaftLogWorker.java:lambda$new$0(132)) - 08c2ab6c-a311-4cfe-a416-d6e158923be3-SegmentedRaftLogWorker:Storage Directory /tmp/workdir/hadoop-ozone/integration-test/target/test-dir/MiniOzoneClusterImpl-bd1ea3a1-9c10-429e-aead-7522ac8eaaf9/datanode-0/data/ratis/1e31c7cd-7757-4e1f-8ab7-9b1f0bf35fa9: flushIndex: setUnconditionally 0 -> -1
2019-07-13 14:46:02,704 INFO  server.RaftServerConfigKeys (ConfUtils.java:logGet(43)) - raft.server.snapshot.auto.trigger.enabled = true (custom)
2019-07-13 14:46:02,704 INFO  server.RaftServerConfigKeys (ConfUtils.java:logGet(43)) - raft.server.snapshot.auto.trigger.threshold = 10000 (custom)
2019-07-13 14:46:02,705 INFO  server.RaftServerConfigKeys (ConfUtils.java:logGet(43)) - raft.server.retrycache.expirytime = 600000ms (custom)
2019-07-13 14:46:02,725 INFO  impl.RaftServerImpl (RaftServerImpl.java:start(180)) - 08c2ab6c-a311-4cfe-a416-d6e158923be3: start group-9B1F0BF35FA9
2019-07-13 14:46:02,726 INFO  impl.RaftServerImpl (RaftServerImpl.java:setRole(171)) - 08c2ab6c-a311-4cfe-a416-d6e158923be3:group-9B1F0BF35FA9 changes role from null to FOLLOWER at term 0 for startAsFollower
2019-07-13 14:46:02,727 INFO  impl.RoleInfo (RoleInfo.java:updateAndGet(143)) - 08c2ab6c-a311-4cfe-a416-d6e158923be3: start FollowerState
2019-07-13 14:46:02,728 INFO  util.JmxRegister (JmxRegister.java:tryRegister(44)) - Successfully registered JMX Bean with object name Ratis:service=RaftServer,group=group-9B1F0BF35FA9,id=08c2ab6c-a311-4cfe-a416-d6e158923be3
2019-07-13 14:46:02,795 INFO  pipeline.PipelineStateManager (PipelineStateManager.java:addPipeline(56)) - Created pipeline Pipeline[ Id: 1e31c7cd-7757-4e1f-8ab7-9b1f0bf35fa9, Nodes: 08c2ab6c-a311-4cfe-a416-d6e158923be3{ip: 192.168.5.172, host: trunk-nightly-mhs6z-4061744966, networkLocation: /default-rack, certSerialId: null}, Type:RATIS, Factor:ONE, State:OPEN]
2019-07-13 14:46:02,837 INFO  impl.RaftServerProxy (RaftServerProxy.java:addNew(89)) - 99aea4fe-89de-4f3c-9a7d-0d5d28528110: addNew group-A906197BB754:[99aea4fe-89de-4f3c-9a7d-0d5d28528110:192.168.5.172:34305] returns group-A906197BB754:java.util.concurrent.CompletableFuture@1ac00fc6[Not completed]
2019-07-13 14:46:02,892 INFO  impl.RaftServerImpl (RaftServerImpl.java:<init>(93)) - 99aea4fe-89de-4f3c-9a7d-0d5d28528110: new RaftServerImpl for group-A906197BB754:[99aea4fe-89de-4f3c-9a7d-0d5d28528110:192.168.5.172:34305] with ContainerStateMachine:uninitialized
2019-07-13 14:46:02,895 INFO  server.RaftServerConfigKeys (ConfUtils.java:logGet(43)) - raft.server.rpc.timeout.min = 5s (custom)
2019-07-13 14:46:02,895 INFO  server.RaftServerConfigKeys (ConfUtils.java:logGet(43)) - raft.server.rpc.timeout.max = 5200ms (custom)
2019-07-13 14:46:02,895 INFO  server.RaftServerConfigKeys (ConfUtils.java:logGet(43)) - raft.server.rpcslowness.timeout = 120s (custom)
2019-07-13 14:46:02,896 INFO  server.RaftServerConfigKeys (ConfUtils.java:logGet(43)) - raft.server.sleep.deviation.threshold = 300 (default)
2019-07-13 14:46:02,896 INFO  server.RaftServerConfigKeys (ConfUtils.java:logGet(43)) - raft.server.log.appender.install.snapshot.enabled = false (custom)
2019-07-13 14:46:02,896 INFO  impl.RaftServerImpl (ServerState.java:<init>(105)) - 99aea4fe-89de-4f3c-9a7d-0d5d28528110:group-A906197BB754 ConfigurationManager, init=-1: [99aea4fe-89de-4f3c-9a7d-0d5d28528110:192.168.5.172:34305], old=null, confs=<EMPTY_MAP>
2019-07-13 14:46:02,896 INFO  server.RaftServerConfigKeys (ConfUtils.java:logGet(43)) - raft.server.storage.dir = [/tmp/workdir/hadoop-ozone/integration-test/target/test-dir/MiniOzoneClusterImpl-bd1ea3a1-9c10-429e-aead-7522ac8eaaf9/datanode-5/data/ratis] (custom)
2019-07-13 14:46:02,897 INFO  storage.RaftStorageDirectory (RaftStorageDirectory.java:analyzeStorage(246)) - The storage directory /tmp/workdir/hadoop-ozone/integration-test/target/test-dir/MiniOzoneClusterImpl-bd1ea3a1-9c10-429e-aead-7522ac8eaaf9/datanode-5/data/ratis/c4d58b77-dd8e-475a-a5bf-a906197bb754 does not exist. Creating ...
2019-07-13 14:46:02,904 INFO  storage.RaftStorageDirectory (RaftStorageDirectory.java:tryLock(328)) - Lock on /tmp/workdir/hadoop-ozone/integration-test/target/test-dir/MiniOzoneClusterImpl-bd1ea3a1-9c10-429e-aead-7522ac8eaaf9/datanode-5/data/ratis/c4d58b77-dd8e-475a-a5bf-a906197bb754/in_use.lock acquired by nodename 27998@trunk-nightly-mhs6z-4061744966
2019-07-13 14:46:02,906 INFO  ozone.MiniOzoneClusterImpl (MiniOzoneClusterImpl.java:lambda$waitForClusterToBeReady$0(142)) - Waiting for cluster to be ready. Got 6 of 7 DN Heartbeats.
2019-07-13 14:46:02,908 INFO  storage.RaftStorage (RaftStorage.java:format(72)) - Storage directory /tmp/workdir/hadoop-ozone/integration-test/target/test-dir/MiniOzoneClusterImpl-bd1ea3a1-9c10-429e-aead-7522ac8eaaf9/datanode-5/data/ratis/c4d58b77-dd8e-475a-a5bf-a906197bb754 has been successfully formatted.
2019-07-13 14:46:02,909 INFO  ratis.ContainerStateMachine (ContainerStateMachine.java:loadSnapshot(200)) - The snapshot info is null.Setting the last applied index to:(t:0, i:~)
2019-07-13 14:46:02,911 INFO  server.RaftServerConfigKeys (ConfUtils.java:logGet(43)) - raft.server.leader.election.timeout = 120s (custom)
2019-07-13 14:46:02,911 INFO  node.SCMNodeManager (SCMNodeManager.java:register(269)) - Registered Data node : c331b4b5-5fbe-4ae1-8871-22d2a53360f3{ip: 192.168.5.172, host: trunk-nightly-mhs6z-4061744966, networkLocation: /default-rack, certSerialId: null}
2019-07-13 14:46:02,911 INFO  server.RaftServerConfigKeys (ConfUtils.java:logGet(43)) - raft.server.log.use.memory = false (default)
2019-07-13 14:46:02,911 INFO  server.RaftServerConfigKeys (ConfUtils.java:logGet(43)) - raft.server.log.purge.gap = 1000000000 (custom)
2019-07-13 14:46:02,911 INFO  server.RaftServerConfigKeys (ConfUtils.java:logGet(43)) - raft.server.log.appender.buffer.byte-limit = 33554432 (custom)
2019-07-13 14:46:02,912 INFO  server.RaftServerConfigKeys (ConfUtils.java:logGet(43)) - raft.server.log.segment.size.max = 1048576 (custom)
2019-07-13 14:46:02,912 INFO  server.RaftServerConfigKeys (ConfUtils.java:logGet(43)) - raft.server.log.segment.cache.num.max = 2 (custom)
2019-07-13 14:46:02,912 INFO  segmented.SegmentedRaftLogWorker (SegmentedRaftLogWorker.java:<init>(172)) - new 99aea4fe-89de-4f3c-9a7d-0d5d28528110-SegmentedRaftLogWorker:Storage Directory /tmp/workdir/hadoop-ozone/integration-test/target/test-dir/MiniOzoneClusterImpl-bd1ea3a1-9c10-429e-aead-7522ac8eaaf9/datanode-5/data/ratis/c4d58b77-dd8e-475a-a5bf-a906197bb754 for RaftStorage:Storage Directory /tmp/workdir/hadoop-ozone/integration-test/target/test-dir/MiniOzoneClusterImpl-bd1ea3a1-9c10-429e-aead-7522ac8eaaf9/datanode-5/data/ratis/c4d58b77-dd8e-475a-a5bf-a906197bb754
2019-07-13 14:46:02,913 INFO  server.RaftServerConfigKeys (ConfUtils.java:logGet(43)) - raft.server.log.queue.byte-limit = 2147483647 (custom)
2019-07-13 14:46:02,914 INFO  server.RaftServerConfigKeys (ConfUtils.java:logGet(43)) - raft.server.log.queue.element-limit = 1024 (custom)
2019-07-13 14:46:02,914 INFO  server.RaftServerConfigKeys (ConfUtils.java:logGet(43)) - raft.server.log.segment.size.max = 1048576 (custom)
2019-07-13 14:46:02,914 INFO  server.RaftServerConfigKeys (ConfUtils.java:logGet(43)) - raft.server.log.preallocated.size = 16384 (custom)
2019-07-13 14:46:02,914 INFO  server.RaftServerConfigKeys (ConfUtils.java:logGet(43)) - raft.server.log.write.buffer.size = 33554432 (custom)
2019-07-13 14:46:02,914 INFO  server.RaftServerConfigKeys (ConfUtils.java:logGet(43)) - raft.server.log.force.sync.num = 128 (default)
2019-07-13 14:46:02,915 INFO  server.RaftServerConfigKeys (ConfUtils.java:logGet(43)) - raft.server.log.statemachine.data.sync = true (default)
2019-07-13 14:46:02,915 INFO  server.RaftServerConfigKeys (ConfUtils.java:logGet(43)) - raft.server.log.statemachine.data.sync.timeout = 10s (default)
2019-07-13 14:46:02,915 INFO  server.RaftServerConfigKeys (ConfUtils.java:logGet(43)) - raft.server.log.statemachine.data.sync.timeout.retry = -1 (default)
2019-07-13 14:46:02,915 INFO  server.RaftServerConfigKeys (ConfUtils.java:logGet(43)) - raft.server.log.statemachine.data.caching.enabled = true (custom)
2019-07-13 14:46:02,916 INFO  segmented.SegmentedRaftLogWorker (SegmentedRaftLogWorker.java:lambda$new$0(132)) - 99aea4fe-89de-4f3c-9a7d-0d5d28528110-SegmentedRaftLogWorker:Storage Directory /tmp/workdir/hadoop-ozone/integration-test/target/test-dir/MiniOzoneClusterImpl-bd1ea3a1-9c10-429e-aead-7522ac8eaaf9/datanode-5/data/ratis/c4d58b77-dd8e-475a-a5bf-a906197bb754: flushIndex: setUnconditionally 0 -> -1
2019-07-13 14:46:02,916 INFO  server.RaftServerConfigKeys (ConfUtils.java:logGet(43)) - raft.server.snapshot.auto.trigger.enabled = true (custom)
2019-07-13 14:46:02,916 INFO  server.RaftServerConfigKeys (ConfUtils.java:logGet(43)) - raft.server.snapshot.auto.trigger.threshold = 10000 (custom)
2019-07-13 14:46:02,917 INFO  server.RaftServerConfigKeys (ConfUtils.java:logGet(43)) - raft.server.retrycache.expirytime = 600000ms (custom)
2019-07-13 14:46:02,917 INFO  impl.RaftServerImpl (RaftServerImpl.java:start(180)) - 99aea4fe-89de-4f3c-9a7d-0d5d28528110: start group-A906197BB754
2019-07-13 14:46:02,917 INFO  impl.RaftServerImpl (RaftServerImpl.java:setRole(171)) - 99aea4fe-89de-4f3c-9a7d-0d5d28528110:group-A906197BB754 changes role from null to FOLLOWER at term 0 for startAsFollower
2019-07-13 14:46:02,917 INFO  impl.RoleInfo (RoleInfo.java:updateAndGet(143)) - 99aea4fe-89de-4f3c-9a7d-0d5d28528110: start FollowerState
2019-07-13 14:46:02,919 INFO  util.JmxRegister (JmxRegister.java:tryRegister(44)) - Successfully registered JMX Bean with object name Ratis:service=RaftServer,group=group-A906197BB754,id=99aea4fe-89de-4f3c-9a7d-0d5d28528110
2019-07-13 14:46:02,932 INFO  pipeline.PipelineStateManager (PipelineStateManager.java:addPipeline(56)) - Created pipeline Pipeline[ Id: c4d58b77-dd8e-475a-a5bf-a906197bb754, Nodes: 99aea4fe-89de-4f3c-9a7d-0d5d28528110{ip: 192.168.5.172, host: trunk-nightly-mhs6z-4061744966, networkLocation: /default-rack, certSerialId: null}, Type:RATIS, Factor:ONE, State:OPEN]
2019-07-13 14:46:02,956 INFO  impl.RaftServerProxy (RaftServerProxy.java:addNew(89)) - 5240f9e2-6874-4da6-957c-b394454a3027: addNew group-91DDB2897545:[5240f9e2-6874-4da6-957c-b394454a3027:192.168.5.172:35998] returns group-91DDB2897545:java.util.concurrent.CompletableFuture@5f9df147[Not completed]
2019-07-13 14:46:02,965 INFO  impl.RaftServerImpl (RaftServerImpl.java:<init>(93)) - 5240f9e2-6874-4da6-957c-b394454a3027: new RaftServerImpl for group-91DDB2897545:[5240f9e2-6874-4da6-957c-b394454a3027:192.168.5.172:35998] with ContainerStateMachine:uninitialized
2019-07-13 14:46:02,966 INFO  server.RaftServerConfigKeys (ConfUtils.java:logGet(43)) - raft.server.rpc.timeout.min = 5s (custom)
2019-07-13 14:46:02,966 INFO  server.RaftServerConfigKeys (ConfUtils.java:logGet(43)) - raft.server.rpc.timeout.max = 5200ms (custom)
2019-07-13 14:46:02,966 INFO  server.RaftServerConfigKeys (ConfUtils.java:logGet(43)) - raft.server.rpcslowness.timeout = 120s (custom)
2019-07-13 14:46:02,966 INFO  server.RaftServerConfigKeys (ConfUtils.java:logGet(43)) - raft.server.sleep.deviation.threshold = 300 (default)
2019-07-13 14:46:02,966 INFO  server.RaftServerConfigKeys (ConfUtils.java:logGet(43)) - raft.server.log.appender.install.snapshot.enabled = false (custom)
2019-07-13 14:46:02,967 INFO  impl.RaftServerImpl (ServerState.java:<init>(105)) - 5240f9e2-6874-4da6-957c-b394454a3027:group-91DDB2897545 ConfigurationManager, init=-1: [5240f9e2-6874-4da6-957c-b394454a3027:192.168.5.172:35998], old=null, confs=<EMPTY_MAP>
2019-07-13 14:46:02,967 INFO  server.RaftServerConfigKeys (ConfUtils.java:logGet(43)) - raft.server.storage.dir = [/tmp/workdir/hadoop-ozone/integration-test/target/test-dir/MiniOzoneClusterImpl-bd1ea3a1-9c10-429e-aead-7522ac8eaaf9/datanode-4/data/ratis] (custom)
2019-07-13 14:46:02,967 INFO  storage.RaftStorageDirectory (RaftStorageDirectory.java:analyzeStorage(246)) - The storage directory /tmp/workdir/hadoop-ozone/integration-test/target/test-dir/MiniOzoneClusterImpl-bd1ea3a1-9c10-429e-aead-7522ac8eaaf9/datanode-4/data/ratis/9b51d78e-f11a-4886-995c-91ddb2897545 does not exist. Creating ...
2019-07-13 14:46:02,971 INFO  storage.RaftStorageDirectory (RaftStorageDirectory.java:tryLock(328)) - Lock on /tmp/workdir/hadoop-ozone/integration-test/target/test-dir/MiniOzoneClusterImpl-bd1ea3a1-9c10-429e-aead-7522ac8eaaf9/datanode-4/data/ratis/9b51d78e-f11a-4886-995c-91ddb2897545/in_use.lock acquired by nodename 27998@trunk-nightly-mhs6z-4061744966
2019-07-13 14:46:02,975 INFO  storage.RaftStorage (RaftStorage.java:format(72)) - Storage directory /tmp/workdir/hadoop-ozone/integration-test/target/test-dir/MiniOzoneClusterImpl-bd1ea3a1-9c10-429e-aead-7522ac8eaaf9/datanode-4/data/ratis/9b51d78e-f11a-4886-995c-91ddb2897545 has been successfully formatted.
2019-07-13 14:46:02,975 INFO  ratis.ContainerStateMachine (ContainerStateMachine.java:loadSnapshot(200)) - The snapshot info is null.Setting the last applied index to:(t:0, i:~)
2019-07-13 14:46:02,975 INFO  server.RaftServerConfigKeys (ConfUtils.java:logGet(43)) - raft.server.leader.election.timeout = 120s (custom)
2019-07-13 14:46:02,976 INFO  server.RaftServerConfigKeys (ConfUtils.java:logGet(43)) - raft.server.log.use.memory = false (default)
2019-07-13 14:46:02,976 INFO  server.RaftServerConfigKeys (ConfUtils.java:logGet(43)) - raft.server.log.purge.gap = 1000000000 (custom)
2019-07-13 14:46:02,976 INFO  server.RaftServerConfigKeys (ConfUtils.java:logGet(43)) - raft.server.log.appender.buffer.byte-limit = 33554432 (custom)
2019-07-13 14:46:02,976 INFO  server.RaftServerConfigKeys (ConfUtils.java:logGet(43)) - raft.server.log.segment.size.max = 1048576 (custom)
2019-07-13 14:46:02,976 INFO  server.RaftServerConfigKeys (ConfUtils.java:logGet(43)) - raft.server.log.segment.cache.num.max = 2 (custom)
2019-07-13 14:46:02,976 INFO  segmented.SegmentedRaftLogWorker (SegmentedRaftLogWorker.java:<init>(172)) - new 5240f9e2-6874-4da6-957c-b394454a3027-SegmentedRaftLogWorker:Storage Directory /tmp/workdir/hadoop-ozone/integration-test/target/test-dir/MiniOzoneClusterImpl-bd1ea3a1-9c10-429e-aead-7522ac8eaaf9/datanode-4/data/ratis/9b51d78e-f11a-4886-995c-91ddb2897545 for RaftStorage:Storage Directory /tmp/workdir/hadoop-ozone/integration-test/target/test-dir/MiniOzoneClusterImpl-bd1ea3a1-9c10-429e-aead-7522ac8eaaf9/datanode-4/data/ratis/9b51d78e-f11a-4886-995c-91ddb2897545
2019-07-13 14:46:02,977 INFO  server.RaftServerConfigKeys (ConfUtils.java:logGet(43)) - raft.server.log.queue.byte-limit = 2147483647 (custom)
2019-07-13 14:46:02,977 INFO  server.RaftServerConfigKeys (ConfUtils.java:logGet(43)) - raft.server.log.queue.element-limit = 1024 (custom)
2019-07-13 14:46:02,977 INFO  server.RaftServerConfigKeys (ConfUtils.java:logGet(43)) - raft.server.log.segment.size.max = 1048576 (custom)
2019-07-13 14:46:02,977 INFO  server.RaftServerConfigKeys (ConfUtils.java:logGet(43)) - raft.server.log.preallocated.size = 16384 (custom)
2019-07-13 14:46:02,977 INFO  server.RaftServerConfigKeys (ConfUtils.java:logGet(43)) - raft.server.log.write.buffer.size = 33554432 (custom)
2019-07-13 14:46:02,978 INFO  server.RaftServerConfigKeys (ConfUtils.java:logGet(43)) - raft.server.log.force.sync.num = 128 (default)
2019-07-13 14:46:02,978 INFO  server.RaftServerConfigKeys (ConfUtils.java:logGet(43)) - raft.server.log.statemachine.data.sync = true (default)
2019-07-13 14:46:02,978 INFO  server.RaftServerConfigKeys (ConfUtils.java:logGet(43)) - raft.server.log.statemachine.data.sync.timeout = 10s (default)
2019-07-13 14:46:02,978 INFO  server.RaftServerConfigKeys (ConfUtils.java:logGet(43)) - raft.server.log.statemachine.data.sync.timeout.retry = -1 (default)
2019-07-13 14:46:02,979 INFO  server.RaftServerConfigKeys (ConfUtils.java:logGet(43)) - raft.server.log.statemachine.data.caching.enabled = true (custom)
2019-07-13 14:46:02,979 INFO  segmented.SegmentedRaftLogWorker (SegmentedRaftLogWorker.java:lambda$new$0(132)) - 5240f9e2-6874-4da6-957c-b394454a3027-SegmentedRaftLogWorker:Storage Directory /tmp/workdir/hadoop-ozone/integration-test/target/test-dir/MiniOzoneClusterImpl-bd1ea3a1-9c10-429e-aead-7522ac8eaaf9/datanode-4/data/ratis/9b51d78e-f11a-4886-995c-91ddb2897545: flushIndex: setUnconditionally 0 -> -1
2019-07-13 14:46:02,979 INFO  server.RaftServerConfigKeys (ConfUtils.java:logGet(43)) - raft.server.snapshot.auto.trigger.enabled = true (custom)
2019-07-13 14:46:02,980 INFO  server.RaftServerConfigKeys (ConfUtils.java:logGet(43)) - raft.server.snapshot.auto.trigger.threshold = 10000 (custom)
2019-07-13 14:46:02,980 INFO  server.RaftServerConfigKeys (ConfUtils.java:logGet(43)) - raft.server.retrycache.expirytime = 600000ms (custom)
2019-07-13 14:46:02,980 INFO  impl.RaftServerImpl (RaftServerImpl.java:start(180)) - 5240f9e2-6874-4da6-957c-b394454a3027: start group-91DDB2897545
2019-07-13 14:46:02,980 INFO  impl.RaftServerImpl (RaftServerImpl.java:setRole(171)) - 5240f9e2-6874-4da6-957c-b394454a3027:group-91DDB2897545 changes role from null to FOLLOWER at term 0 for startAsFollower
2019-07-13 14:46:02,980 INFO  impl.RoleInfo (RoleInfo.java:updateAndGet(143)) - 5240f9e2-6874-4da6-957c-b394454a3027: start FollowerState
2019-07-13 14:46:02,981 INFO  util.JmxRegister (JmxRegister.java:tryRegister(44)) - Successfully registered JMX Bean with object name Ratis:service=RaftServer,group=group-91DDB2897545,id=5240f9e2-6874-4da6-957c-b394454a3027
2019-07-13 14:46:02,991 INFO  pipeline.PipelineStateManager (PipelineStateManager.java:addPipeline(56)) - Created pipeline Pipeline[ Id: 9b51d78e-f11a-4886-995c-91ddb2897545, Nodes: 5240f9e2-6874-4da6-957c-b394454a3027{ip: 192.168.5.172, host: trunk-nightly-mhs6z-4061744966, networkLocation: /default-rack, certSerialId: null}, Type:RATIS, Factor:ONE, State:OPEN]
2019-07-13 14:46:03,013 INFO  impl.RaftServerProxy (RaftServerProxy.java:addNew(89)) - c331b4b5-5fbe-4ae1-8871-22d2a53360f3: addNew group-A114E185548A:[c331b4b5-5fbe-4ae1-8871-22d2a53360f3:192.168.5.172:34375] returns group-A114E185548A:java.util.concurrent.CompletableFuture@73096a27[Not completed]
2019-07-13 14:46:03,014 INFO  impl.RaftServerImpl (RaftServerImpl.java:<init>(93)) - c331b4b5-5fbe-4ae1-8871-22d2a53360f3: new RaftServerImpl for group-A114E185548A:[c331b4b5-5fbe-4ae1-8871-22d2a53360f3:192.168.5.172:34375] with ContainerStateMachine:uninitialized
2019-07-13 14:46:03,016 INFO  server.RaftServerConfigKeys (ConfUtils.java:logGet(43)) - raft.server.rpc.timeout.min = 5s (custom)
2019-07-13 14:46:03,017 INFO  server.RaftServerConfigKeys (ConfUtils.java:logGet(43)) - raft.server.rpc.timeout.max = 5200ms (custom)
2019-07-13 14:46:03,017 INFO  server.RaftServerConfigKeys (ConfUtils.java:logGet(43)) - raft.server.rpcslowness.timeout = 120s (custom)
2019-07-13 14:46:03,017 INFO  server.RaftServerConfigKeys (ConfUtils.java:logGet(43)) - raft.server.sleep.deviation.threshold = 300 (default)
2019-07-13 14:46:03,017 INFO  server.RaftServerConfigKeys (ConfUtils.java:logGet(43)) - raft.server.log.appender.install.snapshot.enabled = false (custom)
2019-07-13 14:46:03,017 INFO  impl.RaftServerImpl (ServerState.java:<init>(105)) - c331b4b5-5fbe-4ae1-8871-22d2a53360f3:group-A114E185548A ConfigurationManager, init=-1: [c331b4b5-5fbe-4ae1-8871-22d2a53360f3:192.168.5.172:34375], old=null, confs=<EMPTY_MAP>
2019-07-13 14:46:03,017 INFO  server.RaftServerConfigKeys (ConfUtils.java:logGet(43)) - raft.server.storage.dir = [/tmp/workdir/hadoop-ozone/integration-test/target/test-dir/MiniOzoneClusterImpl-bd1ea3a1-9c10-429e-aead-7522ac8eaaf9/datanode-6/data/ratis] (custom)
2019-07-13 14:46:03,018 INFO  storage.RaftStorageDirectory (RaftStorageDirectory.java:analyzeStorage(246)) - The storage directory /tmp/workdir/hadoop-ozone/integration-test/target/test-dir/MiniOzoneClusterImpl-bd1ea3a1-9c10-429e-aead-7522ac8eaaf9/datanode-6/data/ratis/742809ef-c63c-4fb3-899a-a114e185548a does not exist. Creating ...
2019-07-13 14:46:03,022 INFO  storage.RaftStorageDirectory (RaftStorageDirectory.java:tryLock(328)) - Lock on /tmp/workdir/hadoop-ozone/integration-test/target/test-dir/MiniOzoneClusterImpl-bd1ea3a1-9c10-429e-aead-7522ac8eaaf9/datanode-6/data/ratis/742809ef-c63c-4fb3-899a-a114e185548a/in_use.lock acquired by nodename 27998@trunk-nightly-mhs6z-4061744966
2019-07-13 14:46:03,028 INFO  storage.RaftStorage (RaftStorage.java:format(72)) - Storage directory /tmp/workdir/hadoop-ozone/integration-test/target/test-dir/MiniOzoneClusterImpl-bd1ea3a1-9c10-429e-aead-7522ac8eaaf9/datanode-6/data/ratis/742809ef-c63c-4fb3-899a-a114e185548a has been successfully formatted.
2019-07-13 14:46:03,028 INFO  ratis.ContainerStateMachine (ContainerStateMachine.java:loadSnapshot(200)) - The snapshot info is null.Setting the last applied index to:(t:0, i:~)
2019-07-13 14:46:03,028 INFO  server.RaftServerConfigKeys (ConfUtils.java:logGet(43)) - raft.server.leader.election.timeout = 120s (custom)
2019-07-13 14:46:03,029 INFO  server.RaftServerConfigKeys (ConfUtils.java:logGet(43)) - raft.server.log.use.memory = false (default)
2019-07-13 14:46:03,029 INFO  server.RaftServerConfigKeys (ConfUtils.java:logGet(43)) - raft.server.log.purge.gap = 1000000000 (custom)
2019-07-13 14:46:03,029 INFO  server.RaftServerConfigKeys (ConfUtils.java:logGet(43)) - raft.server.log.appender.buffer.byte-limit = 33554432 (custom)
2019-07-13 14:46:03,029 INFO  server.RaftServerConfigKeys (ConfUtils.java:logGet(43)) - raft.server.log.segment.size.max = 1048576 (custom)
2019-07-13 14:46:03,029 INFO  server.RaftServerConfigKeys (ConfUtils.java:logGet(43)) - raft.server.log.segment.cache.num.max = 2 (custom)
2019-07-13 14:46:03,029 INFO  segmented.SegmentedRaftLogWorker (SegmentedRaftLogWorker.java:<init>(172)) - new c331b4b5-5fbe-4ae1-8871-22d2a53360f3-SegmentedRaftLogWorker:Storage Directory /tmp/workdir/hadoop-ozone/integration-test/target/test-dir/MiniOzoneClusterImpl-bd1ea3a1-9c10-429e-aead-7522ac8eaaf9/datanode-6/data/ratis/742809ef-c63c-4fb3-899a-a114e185548a for RaftStorage:Storage Directory /tmp/workdir/hadoop-ozone/integration-test/target/test-dir/MiniOzoneClusterImpl-bd1ea3a1-9c10-429e-aead-7522ac8eaaf9/datanode-6/data/ratis/742809ef-c63c-4fb3-899a-a114e185548a
2019-07-13 14:46:03,029 INFO  server.RaftServerConfigKeys (ConfUtils.java:logGet(43)) - raft.server.log.queue.byte-limit = 2147483647 (custom)
2019-07-13 14:46:03,030 INFO  server.RaftServerConfigKeys (ConfUtils.java:logGet(43)) - raft.server.log.queue.element-limit = 1024 (custom)
2019-07-13 14:46:03,030 INFO  server.RaftServerConfigKeys (ConfUtils.java:logGet(43)) - raft.server.log.segment.size.max = 1048576 (custom)
2019-07-13 14:46:03,030 INFO  server.RaftServerConfigKeys (ConfUtils.java:logGet(43)) - raft.server.log.preallocated.size = 16384 (custom)
2019-07-13 14:46:03,030 INFO  server.RaftServerConfigKeys (ConfUtils.java:logGet(43)) - raft.server.log.write.buffer.size = 33554432 (custom)
2019-07-13 14:46:03,030 INFO  server.RaftServerConfigKeys (ConfUtils.java:logGet(43)) - raft.server.log.force.sync.num = 128 (default)
2019-07-13 14:46:03,030 INFO  server.RaftServerConfigKeys (ConfUtils.java:logGet(43)) - raft.server.log.statemachine.data.sync = true (default)
2019-07-13 14:46:03,031 INFO  server.RaftServerConfigKeys (ConfUtils.java:logGet(43)) - raft.server.log.statemachine.data.sync.timeout = 10s (default)
2019-07-13 14:46:03,031 INFO  server.RaftServerConfigKeys (ConfUtils.java:logGet(43)) - raft.server.log.statemachine.data.sync.timeout.retry = -1 (default)
2019-07-13 14:46:03,031 INFO  server.RaftServerConfigKeys (ConfUtils.java:logGet(43)) - raft.server.log.statemachine.data.caching.enabled = true (custom)
2019-07-13 14:46:03,031 INFO  segmented.SegmentedRaftLogWorker (SegmentedRaftLogWorker.java:lambda$new$0(132)) - c331b4b5-5fbe-4ae1-8871-22d2a53360f3-SegmentedRaftLogWorker:Storage Directory /tmp/workdir/hadoop-ozone/integration-test/target/test-dir/MiniOzoneClusterImpl-bd1ea3a1-9c10-429e-aead-7522ac8eaaf9/datanode-6/data/ratis/742809ef-c63c-4fb3-899a-a114e185548a: flushIndex: setUnconditionally 0 -> -1
2019-07-13 14:46:03,032 INFO  server.RaftServerConfigKeys (ConfUtils.java:logGet(43)) - raft.server.snapshot.auto.trigger.enabled = true (custom)
2019-07-13 14:46:03,032 INFO  server.RaftServerConfigKeys (ConfUtils.java:logGet(43)) - raft.server.snapshot.auto.trigger.threshold = 10000 (custom)
2019-07-13 14:46:03,032 INFO  server.RaftServerConfigKeys (ConfUtils.java:logGet(43)) - raft.server.retrycache.expirytime = 600000ms (custom)
2019-07-13 14:46:03,032 INFO  impl.RaftServerImpl (RaftServerImpl.java:start(180)) - c331b4b5-5fbe-4ae1-8871-22d2a53360f3: start group-A114E185548A
2019-07-13 14:46:03,032 INFO  impl.RaftServerImpl (RaftServerImpl.java:setRole(171)) - c331b4b5-5fbe-4ae1-8871-22d2a53360f3:group-A114E185548A changes role from null to FOLLOWER at term 0 for startAsFollower
2019-07-13 14:46:03,032 INFO  impl.RoleInfo (RoleInfo.java:updateAndGet(143)) - c331b4b5-5fbe-4ae1-8871-22d2a53360f3: start FollowerState
2019-07-13 14:46:03,033 INFO  util.JmxRegister (JmxRegister.java:tryRegister(44)) - Successfully registered JMX Bean with object name Ratis:service=RaftServer,group=group-A114E185548A,id=c331b4b5-5fbe-4ae1-8871-22d2a53360f3
2019-07-13 14:46:03,048 INFO  pipeline.PipelineStateManager (PipelineStateManager.java:addPipeline(56)) - Created pipeline Pipeline[ Id: 742809ef-c63c-4fb3-899a-a114e185548a, Nodes: c331b4b5-5fbe-4ae1-8871-22d2a53360f3{ip: 192.168.5.172, host: trunk-nightly-mhs6z-4061744966, networkLocation: /default-rack, certSerialId: null}, Type:RATIS, Factor:ONE, State:OPEN]
2019-07-13 14:46:03,074 INFO  impl.RaftServerProxy (RaftServerProxy.java:addNew(89)) - 4a606560-782d-41f4-a82c-f8e09b1c8270: addNew group-F3937A372C6F:[4a606560-782d-41f4-a82c-f8e09b1c8270:192.168.5.172:46536] returns group-F3937A372C6F:java.util.concurrent.CompletableFuture@46a5441c[Not completed]
2019-07-13 14:46:03,075 INFO  impl.RaftServerImpl (RaftServerImpl.java:<init>(93)) - 4a606560-782d-41f4-a82c-f8e09b1c8270: new RaftServerImpl for group-F3937A372C6F:[4a606560-782d-41f4-a82c-f8e09b1c8270:192.168.5.172:46536] with ContainerStateMachine:uninitialized
2019-07-13 14:46:03,087 INFO  server.RaftServerConfigKeys (ConfUtils.java:logGet(43)) - raft.server.rpc.timeout.min = 5s (custom)
2019-07-13 14:46:03,087 INFO  server.RaftServerConfigKeys (ConfUtils.java:logGet(43)) - raft.server.rpc.timeout.max = 5200ms (custom)
2019-07-13 14:46:03,087 INFO  server.RaftServerConfigKeys (ConfUtils.java:logGet(43)) - raft.server.rpcslowness.timeout = 120s (custom)
2019-07-13 14:46:03,087 INFO  server.RaftServerConfigKeys (ConfUtils.java:logGet(43)) - raft.server.sleep.deviation.threshold = 300 (default)
2019-07-13 14:46:03,088 INFO  server.RaftServerConfigKeys (ConfUtils.java:logGet(43)) - raft.server.log.appender.install.snapshot.enabled = false (custom)
2019-07-13 14:46:03,088 INFO  impl.RaftServerImpl (ServerState.java:<init>(105)) - 4a606560-782d-41f4-a82c-f8e09b1c8270:group-F3937A372C6F ConfigurationManager, init=-1: [4a606560-782d-41f4-a82c-f8e09b1c8270:192.168.5.172:46536], old=null, confs=<EMPTY_MAP>
2019-07-13 14:46:03,088 INFO  server.RaftServerConfigKeys (ConfUtils.java:logGet(43)) - raft.server.storage.dir = [/tmp/workdir/hadoop-ozone/integration-test/target/test-dir/MiniOzoneClusterImpl-bd1ea3a1-9c10-429e-aead-7522ac8eaaf9/datanode-3/data/ratis] (custom)
2019-07-13 14:46:03,088 INFO  storage.RaftStorageDirectory (RaftStorageDirectory.java:analyzeStorage(246)) - The storage directory /tmp/workdir/hadoop-ozone/integration-test/target/test-dir/MiniOzoneClusterImpl-bd1ea3a1-9c10-429e-aead-7522ac8eaaf9/datanode-3/data/ratis/e8e82fd2-0d87-4d83-a890-f3937a372c6f does not exist. Creating ...
2019-07-13 14:46:03,092 INFO  storage.RaftStorageDirectory (RaftStorageDirectory.java:tryLock(328)) - Lock on /tmp/workdir/hadoop-ozone/integration-test/target/test-dir/MiniOzoneClusterImpl-bd1ea3a1-9c10-429e-aead-7522ac8eaaf9/datanode-3/data/ratis/e8e82fd2-0d87-4d83-a890-f3937a372c6f/in_use.lock acquired by nodename 27998@trunk-nightly-mhs6z-4061744966
2019-07-13 14:46:03,095 INFO  storage.RaftStorage (RaftStorage.java:format(72)) - Storage directory /tmp/workdir/hadoop-ozone/integration-test/target/test-dir/MiniOzoneClusterImpl-bd1ea3a1-9c10-429e-aead-7522ac8eaaf9/datanode-3/data/ratis/e8e82fd2-0d87-4d83-a890-f3937a372c6f has been successfully formatted.
2019-07-13 14:46:03,096 INFO  ratis.ContainerStateMachine (ContainerStateMachine.java:loadSnapshot(200)) - The snapshot info is null.Setting the last applied index to:(t:0, i:~)
2019-07-13 14:46:03,096 INFO  server.RaftServerConfigKeys (ConfUtils.java:logGet(43)) - raft.server.leader.election.timeout = 120s (custom)
2019-07-13 14:46:03,096 INFO  server.RaftServerConfigKeys (ConfUtils.java:logGet(43)) - raft.server.log.use.memory = false (default)
2019-07-13 14:46:03,096 INFO  server.RaftServerConfigKeys (ConfUtils.java:logGet(43)) - raft.server.log.purge.gap = 1000000000 (custom)
2019-07-13 14:46:03,096 INFO  server.RaftServerConfigKeys (ConfUtils.java:logGet(43)) - raft.server.log.appender.buffer.byte-limit = 33554432 (custom)
2019-07-13 14:46:03,096 INFO  server.RaftServerConfigKeys (ConfUtils.java:logGet(43)) - raft.server.log.segment.size.max = 1048576 (custom)
2019-07-13 14:46:03,097 INFO  server.RaftServerConfigKeys (ConfUtils.java:logGet(43)) - raft.server.log.segment.cache.num.max = 2 (custom)
2019-07-13 14:46:03,097 INFO  segmented.SegmentedRaftLogWorker (SegmentedRaftLogWorker.java:<init>(172)) - new 4a606560-782d-41f4-a82c-f8e09b1c8270-SegmentedRaftLogWorker:Storage Directory /tmp/workdir/hadoop-ozone/integration-test/target/test-dir/MiniOzoneClusterImpl-bd1ea3a1-9c10-429e-aead-7522ac8eaaf9/datanode-3/data/ratis/e8e82fd2-0d87-4d83-a890-f3937a372c6f for RaftStorage:Storage Directory /tmp/workdir/hadoop-ozone/integration-test/target/test-dir/MiniOzoneClusterImpl-bd1ea3a1-9c10-429e-aead-7522ac8eaaf9/datanode-3/data/ratis/e8e82fd2-0d87-4d83-a890-f3937a372c6f
2019-07-13 14:46:03,097 INFO  server.RaftServerConfigKeys (ConfUtils.java:logGet(43)) - raft.server.log.queue.byte-limit = 2147483647 (custom)
2019-07-13 14:46:03,097 INFO  server.RaftServerConfigKeys (ConfUtils.java:logGet(43)) - raft.server.log.queue.element-limit = 1024 (custom)
2019-07-13 14:46:03,097 INFO  server.RaftServerConfigKeys (ConfUtils.java:logGet(43)) - raft.server.log.segment.size.max = 1048576 (custom)
2019-07-13 14:46:03,098 INFO  server.RaftServerConfigKeys (ConfUtils.java:logGet(43)) - raft.server.log.preallocated.size = 16384 (custom)
2019-07-13 14:46:03,098 INFO  server.RaftServerConfigKeys (ConfUtils.java:logGet(43)) - raft.server.log.write.buffer.size = 33554432 (custom)
2019-07-13 14:46:03,098 INFO  server.RaftServerConfigKeys (ConfUtils.java:logGet(43)) - raft.server.log.force.sync.num = 128 (default)
2019-07-13 14:46:03,098 INFO  server.RaftServerConfigKeys (ConfUtils.java:logGet(43)) - raft.server.log.statemachine.data.sync = true (default)
2019-07-13 14:46:03,098 INFO  server.RaftServerConfigKeys (ConfUtils.java:logGet(43)) - raft.server.log.statemachine.data.sync.timeout = 10s (default)
2019-07-13 14:46:03,098 INFO  server.RaftServerConfigKeys (ConfUtils.java:logGet(43)) - raft.server.log.statemachine.data.sync.timeout.retry = -1 (default)
2019-07-13 14:46:03,099 INFO  server.RaftServerConfigKeys (ConfUtils.java:logGet(43)) - raft.server.log.statemachine.data.caching.enabled = true (custom)
2019-07-13 14:46:03,099 INFO  segmented.SegmentedRaftLogWorker (SegmentedRaftLogWorker.java:lambda$new$0(132)) - 4a606560-782d-41f4-a82c-f8e09b1c8270-SegmentedRaftLogWorker:Storage Directory /tmp/workdir/hadoop-ozone/integration-test/target/test-dir/MiniOzoneClusterImpl-bd1ea3a1-9c10-429e-aead-7522ac8eaaf9/datanode-3/data/ratis/e8e82fd2-0d87-4d83-a890-f3937a372c6f: flushIndex: setUnconditionally 0 -> -1
2019-07-13 14:46:03,099 INFO  server.RaftServerConfigKeys (ConfUtils.java:logGet(43)) - raft.server.snapshot.auto.trigger.enabled = true (custom)
2019-07-13 14:46:03,100 INFO  server.RaftServerConfigKeys (ConfUtils.java:logGet(43)) - raft.server.snapshot.auto.trigger.threshold = 10000 (custom)
2019-07-13 14:46:03,100 INFO  server.RaftServerConfigKeys (ConfUtils.java:logGet(43)) - raft.server.retrycache.expirytime = 600000ms (custom)
2019-07-13 14:46:03,100 INFO  impl.RaftServerImpl (RaftServerImpl.java:start(180)) - 4a606560-782d-41f4-a82c-f8e09b1c8270: start group-F3937A372C6F
2019-07-13 14:46:03,100 INFO  impl.RaftServerImpl (RaftServerImpl.java:setRole(171)) - 4a606560-782d-41f4-a82c-f8e09b1c8270:group-F3937A372C6F changes role from null to FOLLOWER at term 0 for startAsFollower
2019-07-13 14:46:03,100 INFO  impl.RoleInfo (RoleInfo.java:updateAndGet(143)) - 4a606560-782d-41f4-a82c-f8e09b1c8270: start FollowerState
2019-07-13 14:46:03,101 INFO  util.JmxRegister (JmxRegister.java:tryRegister(44)) - Successfully registered JMX Bean with object name Ratis:service=RaftServer,group=group-F3937A372C6F,id=4a606560-782d-41f4-a82c-f8e09b1c8270
2019-07-13 14:46:03,112 INFO  pipeline.PipelineStateManager (PipelineStateManager.java:addPipeline(56)) - Created pipeline Pipeline[ Id: e8e82fd2-0d87-4d83-a890-f3937a372c6f, Nodes: 4a606560-782d-41f4-a82c-f8e09b1c8270{ip: 192.168.5.172, host: trunk-nightly-mhs6z-4061744966, networkLocation: /default-rack, certSerialId: null}, Type:RATIS, Factor:ONE, State:OPEN]
2019-07-13 14:46:03,165 INFO  impl.RaftServerProxy (RaftServerProxy.java:addNew(89)) - ac0119f1-421b-4781-81f6-2a8002de118c: addNew group-75126C899B93:[ac0119f1-421b-4781-81f6-2a8002de118c:192.168.5.172:38975] returns group-75126C899B93:java.util.concurrent.CompletableFuture@1b8c5c7f[Not completed]
2019-07-13 14:46:03,168 INFO  impl.RaftServerImpl (RaftServerImpl.java:<init>(93)) - ac0119f1-421b-4781-81f6-2a8002de118c: new RaftServerImpl for group-75126C899B93:[ac0119f1-421b-4781-81f6-2a8002de118c:192.168.5.172:38975] with ContainerStateMachine:uninitialized
2019-07-13 14:46:03,168 INFO  server.RaftServerConfigKeys (ConfUtils.java:logGet(43)) - raft.server.rpc.timeout.min = 5s (custom)
2019-07-13 14:46:03,168 INFO  server.RaftServerConfigKeys (ConfUtils.java:logGet(43)) - raft.server.rpc.timeout.max = 5200ms (custom)
2019-07-13 14:46:03,169 INFO  server.RaftServerConfigKeys (ConfUtils.java:logGet(43)) - raft.server.rpcslowness.timeout = 120s (custom)
2019-07-13 14:46:03,169 INFO  server.RaftServerConfigKeys (ConfUtils.java:logGet(43)) - raft.server.sleep.deviation.threshold = 300 (default)
2019-07-13 14:46:03,169 INFO  server.RaftServerConfigKeys (ConfUtils.java:logGet(43)) - raft.server.log.appender.install.snapshot.enabled = false (custom)
2019-07-13 14:46:03,169 INFO  impl.RaftServerImpl (ServerState.java:<init>(105)) - ac0119f1-421b-4781-81f6-2a8002de118c:group-75126C899B93 ConfigurationManager, init=-1: [ac0119f1-421b-4781-81f6-2a8002de118c:192.168.5.172:38975], old=null, confs=<EMPTY_MAP>
2019-07-13 14:46:03,169 INFO  server.RaftServerConfigKeys (ConfUtils.java:logGet(43)) - raft.server.storage.dir = [/tmp/workdir/hadoop-ozone/integration-test/target/test-dir/MiniOzoneClusterImpl-bd1ea3a1-9c10-429e-aead-7522ac8eaaf9/datanode-1/data/ratis] (custom)
2019-07-13 14:46:03,170 INFO  storage.RaftStorageDirectory (RaftStorageDirectory.java:analyzeStorage(246)) - The storage directory /tmp/workdir/hadoop-ozone/integration-test/target/test-dir/MiniOzoneClusterImpl-bd1ea3a1-9c10-429e-aead-7522ac8eaaf9/datanode-1/data/ratis/6eb9fab9-2a6d-4e1e-aa73-75126c899b93 does not exist. Creating ...
2019-07-13 14:46:03,183 INFO  storage.RaftStorageDirectory (RaftStorageDirectory.java:tryLock(328)) - Lock on /tmp/workdir/hadoop-ozone/integration-test/target/test-dir/MiniOzoneClusterImpl-bd1ea3a1-9c10-429e-aead-7522ac8eaaf9/datanode-1/data/ratis/6eb9fab9-2a6d-4e1e-aa73-75126c899b93/in_use.lock acquired by nodename 27998@trunk-nightly-mhs6z-4061744966
2019-07-13 14:46:03,194 INFO  storage.RaftStorage (RaftStorage.java:format(72)) - Storage directory /tmp/workdir/hadoop-ozone/integration-test/target/test-dir/MiniOzoneClusterImpl-bd1ea3a1-9c10-429e-aead-7522ac8eaaf9/datanode-1/data/ratis/6eb9fab9-2a6d-4e1e-aa73-75126c899b93 has been successfully formatted.
2019-07-13 14:46:03,195 INFO  ratis.ContainerStateMachine (ContainerStateMachine.java:loadSnapshot(200)) - The snapshot info is null.Setting the last applied index to:(t:0, i:~)
2019-07-13 14:46:03,195 INFO  server.RaftServerConfigKeys (ConfUtils.java:logGet(43)) - raft.server.leader.election.timeout = 120s (custom)
2019-07-13 14:46:03,195 INFO  server.RaftServerConfigKeys (ConfUtils.java:logGet(43)) - raft.server.log.use.memory = false (default)
2019-07-13 14:46:03,195 INFO  server.RaftServerConfigKeys (ConfUtils.java:logGet(43)) - raft.server.log.purge.gap = 1000000000 (custom)
2019-07-13 14:46:03,195 INFO  server.RaftServerConfigKeys (ConfUtils.java:logGet(43)) - raft.server.log.appender.buffer.byte-limit = 33554432 (custom)
2019-07-13 14:46:03,196 INFO  server.RaftServerConfigKeys (ConfUtils.java:logGet(43)) - raft.server.log.segment.size.max = 1048576 (custom)
2019-07-13 14:46:03,196 INFO  server.RaftServerConfigKeys (ConfUtils.java:logGet(43)) - raft.server.log.segment.cache.num.max = 2 (custom)
2019-07-13 14:46:03,196 INFO  segmented.SegmentedRaftLogWorker (SegmentedRaftLogWorker.java:<init>(172)) - new ac0119f1-421b-4781-81f6-2a8002de118c-SegmentedRaftLogWorker:Storage Directory /tmp/workdir/hadoop-ozone/integration-test/target/test-dir/MiniOzoneClusterImpl-bd1ea3a1-9c10-429e-aead-7522ac8eaaf9/datanode-1/data/ratis/6eb9fab9-2a6d-4e1e-aa73-75126c899b93 for RaftStorage:Storage Directory /tmp/workdir/hadoop-ozone/integration-test/target/test-dir/MiniOzoneClusterImpl-bd1ea3a1-9c10-429e-aead-7522ac8eaaf9/datanode-1/data/ratis/6eb9fab9-2a6d-4e1e-aa73-75126c899b93
2019-07-13 14:46:03,196 INFO  server.RaftServerConfigKeys (ConfUtils.java:logGet(43)) - raft.server.log.queue.byte-limit = 2147483647 (custom)
2019-07-13 14:46:03,196 INFO  server.RaftServerConfigKeys (ConfUtils.java:logGet(43)) - raft.server.log.queue.element-limit = 1024 (custom)
2019-07-13 14:46:03,197 INFO  server.RaftServerConfigKeys (ConfUtils.java:logGet(43)) - raft.server.log.segment.size.max = 1048576 (custom)
2019-07-13 14:46:03,197 INFO  server.RaftServerConfigKeys (ConfUtils.java:logGet(43)) - raft.server.log.preallocated.size = 16384 (custom)
2019-07-13 14:46:03,197 INFO  server.RaftServerConfigKeys (ConfUtils.java:logGet(43)) - raft.server.log.write.buffer.size = 33554432 (custom)
2019-07-13 14:46:03,197 INFO  server.RaftServerConfigKeys (ConfUtils.java:logGet(43)) - raft.server.log.force.sync.num = 128 (default)
2019-07-13 14:46:03,197 INFO  server.RaftServerConfigKeys (ConfUtils.java:logGet(43)) - raft.server.log.statemachine.data.sync = true (default)
2019-07-13 14:46:03,198 INFO  server.RaftServerConfigKeys (ConfUtils.java:logGet(43)) - raft.server.log.statemachine.data.sync.timeout = 10s (default)
2019-07-13 14:46:03,198 INFO  server.RaftServerConfigKeys (ConfUtils.java:logGet(43)) - raft.server.log.statemachine.data.sync.timeout.retry = -1 (default)
2019-07-13 14:46:03,198 INFO  server.RaftServerConfigKeys (ConfUtils.java:logGet(43)) - raft.server.log.statemachine.data.caching.enabled = true (custom)
2019-07-13 14:46:03,199 INFO  segmented.SegmentedRaftLogWorker (SegmentedRaftLogWorker.java:lambda$new$0(132)) - ac0119f1-421b-4781-81f6-2a8002de118c-SegmentedRaftLogWorker:Storage Directory /tmp/workdir/hadoop-ozone/integration-test/target/test-dir/MiniOzoneClusterImpl-bd1ea3a1-9c10-429e-aead-7522ac8eaaf9/datanode-1/data/ratis/6eb9fab9-2a6d-4e1e-aa73-75126c899b93: flushIndex: setUnconditionally 0 -> -1
2019-07-13 14:46:03,199 INFO  server.RaftServerConfigKeys (ConfUtils.java:logGet(43)) - raft.server.snapshot.auto.trigger.enabled = true (custom)
2019-07-13 14:46:03,199 INFO  server.RaftServerConfigKeys (ConfUtils.java:logGet(43)) - raft.server.snapshot.auto.trigger.threshold = 10000 (custom)
2019-07-13 14:46:03,200 INFO  server.RaftServerConfigKeys (ConfUtils.java:logGet(43)) - raft.server.retrycache.expirytime = 600000ms (custom)
2019-07-13 14:46:03,200 INFO  impl.RaftServerImpl (RaftServerImpl.java:start(180)) - ac0119f1-421b-4781-81f6-2a8002de118c: start group-75126C899B93
2019-07-13 14:46:03,200 INFO  impl.RaftServerImpl (RaftServerImpl.java:setRole(171)) - ac0119f1-421b-4781-81f6-2a8002de118c:group-75126C899B93 changes role from null to FOLLOWER at term 0 for startAsFollower
2019-07-13 14:46:03,200 INFO  impl.RoleInfo (RoleInfo.java:updateAndGet(143)) - ac0119f1-421b-4781-81f6-2a8002de118c: start FollowerState
2019-07-13 14:46:03,201 INFO  util.JmxRegister (JmxRegister.java:tryRegister(44)) - Successfully registered JMX Bean with object name Ratis:service=RaftServer,group=group-75126C899B93,id=ac0119f1-421b-4781-81f6-2a8002de118c
2019-07-13 14:46:03,215 INFO  pipeline.PipelineStateManager (PipelineStateManager.java:addPipeline(56)) - Created pipeline Pipeline[ Id: 6eb9fab9-2a6d-4e1e-aa73-75126c899b93, Nodes: ac0119f1-421b-4781-81f6-2a8002de118c{ip: 192.168.5.172, host: trunk-nightly-mhs6z-4061744966, networkLocation: /default-rack, certSerialId: null}, Type:RATIS, Factor:ONE, State:OPEN]
2019-07-13 14:46:03,235 INFO  impl.RaftServerProxy (RaftServerProxy.java:addNew(89)) - 45fe42e5-52f9-490e-b10d-e50ce469a6ca: addNew group-76B736556E67:[45fe42e5-52f9-490e-b10d-e50ce469a6ca:192.168.5.172:46870] returns group-76B736556E67:java.util.concurrent.CompletableFuture@31828895[Not completed]
2019-07-13 14:46:03,237 INFO  impl.RaftServerImpl (RaftServerImpl.java:<init>(93)) - 45fe42e5-52f9-490e-b10d-e50ce469a6ca: new RaftServerImpl for group-76B736556E67:[45fe42e5-52f9-490e-b10d-e50ce469a6ca:192.168.5.172:46870] with ContainerStateMachine:uninitialized
2019-07-13 14:46:03,237 INFO  server.RaftServerConfigKeys (ConfUtils.java:logGet(43)) - raft.server.rpc.timeout.min = 5s (custom)
2019-07-13 14:46:03,237 INFO  server.RaftServerConfigKeys (ConfUtils.java:logGet(43)) - raft.server.rpc.timeout.max = 5200ms (custom)
2019-07-13 14:46:03,237 INFO  server.RaftServerConfigKeys (ConfUtils.java:logGet(43)) - raft.server.rpcslowness.timeout = 120s (custom)
2019-07-13 14:46:03,238 INFO  server.RaftServerConfigKeys (ConfUtils.java:logGet(43)) - raft.server.sleep.deviation.threshold = 300 (default)
2019-07-13 14:46:03,238 INFO  server.RaftServerConfigKeys (ConfUtils.java:logGet(43)) - raft.server.log.appender.install.snapshot.enabled = false (custom)
2019-07-13 14:46:03,238 INFO  impl.RaftServerImpl (ServerState.java:<init>(105)) - 45fe42e5-52f9-490e-b10d-e50ce469a6ca:group-76B736556E67 ConfigurationManager, init=-1: [45fe42e5-52f9-490e-b10d-e50ce469a6ca:192.168.5.172:46870], old=null, confs=<EMPTY_MAP>
2019-07-13 14:46:03,238 INFO  server.RaftServerConfigKeys (ConfUtils.java:logGet(43)) - raft.server.storage.dir = [/tmp/workdir/hadoop-ozone/integration-test/target/test-dir/MiniOzoneClusterImpl-bd1ea3a1-9c10-429e-aead-7522ac8eaaf9/datanode-2/data/ratis] (custom)
2019-07-13 14:46:03,239 INFO  storage.RaftStorageDirectory (RaftStorageDirectory.java:analyzeStorage(246)) - The storage directory /tmp/workdir/hadoop-ozone/integration-test/target/test-dir/MiniOzoneClusterImpl-bd1ea3a1-9c10-429e-aead-7522ac8eaaf9/datanode-2/data/ratis/dda139c7-f155-4201-ba49-76b736556e67 does not exist. Creating ...
2019-07-13 14:46:03,243 INFO  storage.RaftStorageDirectory (RaftStorageDirectory.java:tryLock(328)) - Lock on /tmp/workdir/hadoop-ozone/integration-test/target/test-dir/MiniOzoneClusterImpl-bd1ea3a1-9c10-429e-aead-7522ac8eaaf9/datanode-2/data/ratis/dda139c7-f155-4201-ba49-76b736556e67/in_use.lock acquired by nodename 27998@trunk-nightly-mhs6z-4061744966
2019-07-13 14:46:03,247 INFO  storage.RaftStorage (RaftStorage.java:format(72)) - Storage directory /tmp/workdir/hadoop-ozone/integration-test/target/test-dir/MiniOzoneClusterImpl-bd1ea3a1-9c10-429e-aead-7522ac8eaaf9/datanode-2/data/ratis/dda139c7-f155-4201-ba49-76b736556e67 has been successfully formatted.
2019-07-13 14:46:03,248 INFO  ratis.ContainerStateMachine (ContainerStateMachine.java:loadSnapshot(200)) - The snapshot info is null.Setting the last applied index to:(t:0, i:~)
2019-07-13 14:46:03,248 INFO  server.RaftServerConfigKeys (ConfUtils.java:logGet(43)) - raft.server.leader.election.timeout = 120s (custom)
2019-07-13 14:46:03,248 INFO  server.RaftServerConfigKeys (ConfUtils.java:logGet(43)) - raft.server.log.use.memory = false (default)
2019-07-13 14:46:03,248 INFO  server.RaftServerConfigKeys (ConfUtils.java:logGet(43)) - raft.server.log.purge.gap = 1000000000 (custom)
2019-07-13 14:46:03,248 INFO  server.RaftServerConfigKeys (ConfUtils.java:logGet(43)) - raft.server.log.appender.buffer.byte-limit = 33554432 (custom)
2019-07-13 14:46:03,249 INFO  server.RaftServerConfigKeys (ConfUtils.java:logGet(43)) - raft.server.log.segment.size.max = 1048576 (custom)
2019-07-13 14:46:03,249 INFO  server.RaftServerConfigKeys (ConfUtils.java:logGet(43)) - raft.server.log.segment.cache.num.max = 2 (custom)
2019-07-13 14:46:03,249 INFO  segmented.SegmentedRaftLogWorker (SegmentedRaftLogWorker.java:<init>(172)) - new 45fe42e5-52f9-490e-b10d-e50ce469a6ca-SegmentedRaftLogWorker:Storage Directory /tmp/workdir/hadoop-ozone/integration-test/target/test-dir/MiniOzoneClusterImpl-bd1ea3a1-9c10-429e-aead-7522ac8eaaf9/datanode-2/data/ratis/dda139c7-f155-4201-ba49-76b736556e67 for RaftStorage:Storage Directory /tmp/workdir/hadoop-ozone/integration-test/target/test-dir/MiniOzoneClusterImpl-bd1ea3a1-9c10-429e-aead-7522ac8eaaf9/datanode-2/data/ratis/dda139c7-f155-4201-ba49-76b736556e67
2019-07-13 14:46:03,249 INFO  server.RaftServerConfigKeys (ConfUtils.java:logGet(43)) - raft.server.log.queue.byte-limit = 2147483647 (custom)
2019-07-13 14:46:03,249 INFO  server.RaftServerConfigKeys (ConfUtils.java:logGet(43)) - raft.server.log.queue.element-limit = 1024 (custom)
2019-07-13 14:46:03,250 INFO  server.RaftServerConfigKeys (ConfUtils.java:logGet(43)) - raft.server.log.segment.size.max = 1048576 (custom)
2019-07-13 14:46:03,250 INFO  server.RaftServerConfigKeys (ConfUtils.java:logGet(43)) - raft.server.log.preallocated.size = 16384 (custom)
2019-07-13 14:46:03,250 INFO  server.RaftServerConfigKeys (ConfUtils.java:logGet(43)) - raft.server.log.write.buffer.size = 33554432 (custom)
2019-07-13 14:46:03,250 INFO  server.RaftServerConfigKeys (ConfUtils.java:logGet(43)) - raft.server.log.force.sync.num = 128 (default)
2019-07-13 14:46:03,251 INFO  server.RaftServerConfigKeys (ConfUtils.java:logGet(43)) - raft.server.log.statemachine.data.sync = true (default)
2019-07-13 14:46:03,251 INFO  server.RaftServerConfigKeys (ConfUtils.java:logGet(43)) - raft.server.log.statemachine.data.sync.timeout = 10s (default)
2019-07-13 14:46:03,251 INFO  server.RaftServerConfigKeys (ConfUtils.java:logGet(43)) - raft.server.log.statemachine.data.sync.timeout.retry = -1 (default)
2019-07-13 14:46:03,252 INFO  server.RaftServerConfigKeys (ConfUtils.java:logGet(43)) - raft.server.log.statemachine.data.caching.enabled = true (custom)
2019-07-13 14:46:03,252 INFO  segmented.SegmentedRaftLogWorker (SegmentedRaftLogWorker.java:lambda$new$0(132)) - 45fe42e5-52f9-490e-b10d-e50ce469a6ca-SegmentedRaftLogWorker:Storage Directory /tmp/workdir/hadoop-ozone/integration-test/target/test-dir/MiniOzoneClusterImpl-bd1ea3a1-9c10-429e-aead-7522ac8eaaf9/datanode-2/data/ratis/dda139c7-f155-4201-ba49-76b736556e67: flushIndex: setUnconditionally 0 -> -1
2019-07-13 14:46:03,252 INFO  server.RaftServerConfigKeys (ConfUtils.java:logGet(43)) - raft.server.snapshot.auto.trigger.enabled = true (custom)
2019-07-13 14:46:03,253 INFO  server.RaftServerConfigKeys (ConfUtils.java:logGet(43)) - raft.server.snapshot.auto.trigger.threshold = 10000 (custom)
2019-07-13 14:46:03,253 INFO  server.RaftServerConfigKeys (ConfUtils.java:logGet(43)) - raft.server.retrycache.expirytime = 600000ms (custom)
2019-07-13 14:46:03,253 INFO  impl.RaftServerImpl (RaftServerImpl.java:start(180)) - 45fe42e5-52f9-490e-b10d-e50ce469a6ca: start group-76B736556E67
2019-07-13 14:46:03,253 INFO  impl.RaftServerImpl (RaftServerImpl.java:setRole(171)) - 45fe42e5-52f9-490e-b10d-e50ce469a6ca:group-76B736556E67 changes role from null to FOLLOWER at term 0 for startAsFollower
2019-07-13 14:46:03,253 INFO  impl.RoleInfo (RoleInfo.java:updateAndGet(143)) - 45fe42e5-52f9-490e-b10d-e50ce469a6ca: start FollowerState
2019-07-13 14:46:03,254 INFO  util.JmxRegister (JmxRegister.java:tryRegister(44)) - Successfully registered JMX Bean with object name Ratis:service=RaftServer,group=group-76B736556E67,id=45fe42e5-52f9-490e-b10d-e50ce469a6ca
2019-07-13 14:46:03,272 INFO  pipeline.PipelineStateManager (PipelineStateManager.java:addPipeline(56)) - Created pipeline Pipeline[ Id: dda139c7-f155-4201-ba49-76b736556e67, Nodes: 45fe42e5-52f9-490e-b10d-e50ce469a6ca{ip: 192.168.5.172, host: trunk-nightly-mhs6z-4061744966, networkLocation: /default-rack, certSerialId: null}, Type:RATIS, Factor:ONE, State:OPEN]
2019-07-13 14:46:03,310 INFO  impl.RaftServerProxy (RaftServerProxy.java:addNew(89)) - 08c2ab6c-a311-4cfe-a416-d6e158923be3: addNew group-28F00464AE53:[08c2ab6c-a311-4cfe-a416-d6e158923be3:192.168.5.172:37452, 5240f9e2-6874-4da6-957c-b394454a3027:192.168.5.172:35998, 99aea4fe-89de-4f3c-9a7d-0d5d28528110:192.168.5.172:34305] returns group-28F00464AE53:java.util.concurrent.CompletableFuture@3ec1c5b0[Not completed]
2019-07-13 14:46:03,312 INFO  impl.RaftServerProxy (RaftServerProxy.java:addNew(89)) - 99aea4fe-89de-4f3c-9a7d-0d5d28528110: addNew group-28F00464AE53:[08c2ab6c-a311-4cfe-a416-d6e158923be3:192.168.5.172:37452, 5240f9e2-6874-4da6-957c-b394454a3027:192.168.5.172:35998, 99aea4fe-89de-4f3c-9a7d-0d5d28528110:192.168.5.172:34305] returns group-28F00464AE53:java.util.concurrent.CompletableFuture@697d967f[Not completed]
2019-07-13 14:46:03,313 INFO  impl.RaftServerProxy (RaftServerProxy.java:addNew(89)) - 5240f9e2-6874-4da6-957c-b394454a3027: addNew group-28F00464AE53:[08c2ab6c-a311-4cfe-a416-d6e158923be3:192.168.5.172:37452, 5240f9e2-6874-4da6-957c-b394454a3027:192.168.5.172:35998, 99aea4fe-89de-4f3c-9a7d-0d5d28528110:192.168.5.172:34305] returns group-28F00464AE53:java.util.concurrent.CompletableFuture@4ca9c2d6[Not completed]
2019-07-13 14:46:03,315 INFO  impl.RaftServerImpl (RaftServerImpl.java:<init>(93)) - 99aea4fe-89de-4f3c-9a7d-0d5d28528110: new RaftServerImpl for group-28F00464AE53:[08c2ab6c-a311-4cfe-a416-d6e158923be3:192.168.5.172:37452, 5240f9e2-6874-4da6-957c-b394454a3027:192.168.5.172:35998, 99aea4fe-89de-4f3c-9a7d-0d5d28528110:192.168.5.172:34305] with ContainerStateMachine:uninitialized
2019-07-13 14:46:03,315 INFO  server.RaftServerConfigKeys (ConfUtils.java:logGet(43)) - raft.server.rpc.timeout.min = 5s (custom)
2019-07-13 14:46:03,315 INFO  server.RaftServerConfigKeys (ConfUtils.java:logGet(43)) - raft.server.rpc.timeout.max = 5200ms (custom)
2019-07-13 14:46:03,315 INFO  server.RaftServerConfigKeys (ConfUtils.java:logGet(43)) - raft.server.rpcslowness.timeout = 120s (custom)
2019-07-13 14:46:03,315 INFO  server.RaftServerConfigKeys (ConfUtils.java:logGet(43)) - raft.server.sleep.deviation.threshold = 300 (default)
2019-07-13 14:46:03,316 INFO  server.RaftServerConfigKeys (ConfUtils.java:logGet(43)) - raft.server.log.appender.install.snapshot.enabled = false (custom)
2019-07-13 14:46:03,316 INFO  impl.RaftServerImpl (ServerState.java:<init>(105)) - 99aea4fe-89de-4f3c-9a7d-0d5d28528110:group-28F00464AE53 ConfigurationManager, init=-1: [08c2ab6c-a311-4cfe-a416-d6e158923be3:192.168.5.172:37452, 5240f9e2-6874-4da6-957c-b394454a3027:192.168.5.172:35998, 99aea4fe-89de-4f3c-9a7d-0d5d28528110:192.168.5.172:34305], old=null, confs=<EMPTY_MAP>
2019-07-13 14:46:03,316 INFO  impl.RaftServerImpl (RaftServerImpl.java:<init>(93)) - 5240f9e2-6874-4da6-957c-b394454a3027: new RaftServerImpl for group-28F00464AE53:[08c2ab6c-a311-4cfe-a416-d6e158923be3:192.168.5.172:37452, 5240f9e2-6874-4da6-957c-b394454a3027:192.168.5.172:35998, 99aea4fe-89de-4f3c-9a7d-0d5d28528110:192.168.5.172:34305] with ContainerStateMachine:uninitialized
2019-07-13 14:46:03,316 INFO  server.RaftServerConfigKeys (ConfUtils.java:logGet(43)) - raft.server.storage.dir = [/tmp/workdir/hadoop-ozone/integration-test/target/test-dir/MiniOzoneClusterImpl-bd1ea3a1-9c10-429e-aead-7522ac8eaaf9/datanode-5/data/ratis] (custom)
2019-07-13 14:46:03,316 INFO  server.RaftServerConfigKeys (ConfUtils.java:logGet(43)) - raft.server.rpc.timeout.min = 5s (custom)
2019-07-13 14:46:03,316 INFO  server.RaftServerConfigKeys (ConfUtils.java:logGet(43)) - raft.server.rpc.timeout.max = 5200ms (custom)
2019-07-13 14:46:03,317 INFO  storage.RaftStorageDirectory (RaftStorageDirectory.java:analyzeStorage(246)) - The storage directory /tmp/workdir/hadoop-ozone/integration-test/target/test-dir/MiniOzoneClusterImpl-bd1ea3a1-9c10-429e-aead-7522ac8eaaf9/datanode-5/data/ratis/de2acd94-efc8-4572-8b8a-28f00464ae53 does not exist. Creating ...
2019-07-13 14:46:03,317 INFO  server.RaftServerConfigKeys (ConfUtils.java:logGet(43)) - raft.server.rpcslowness.timeout = 120s (custom)
2019-07-13 14:46:03,317 INFO  impl.RaftServerImpl (RaftServerImpl.java:<init>(93)) - 08c2ab6c-a311-4cfe-a416-d6e158923be3: new RaftServerImpl for group-28F00464AE53:[08c2ab6c-a311-4cfe-a416-d6e158923be3:192.168.5.172:37452, 5240f9e2-6874-4da6-957c-b394454a3027:192.168.5.172:35998, 99aea4fe-89de-4f3c-9a7d-0d5d28528110:192.168.5.172:34305] with ContainerStateMachine:uninitialized
2019-07-13 14:46:03,317 INFO  server.RaftServerConfigKeys (ConfUtils.java:logGet(43)) - raft.server.sleep.deviation.threshold = 300 (default)
2019-07-13 14:46:03,317 INFO  server.RaftServerConfigKeys (ConfUtils.java:logGet(43)) - raft.server.rpc.timeout.min = 5s (custom)
2019-07-13 14:46:03,317 INFO  server.RaftServerConfigKeys (ConfUtils.java:logGet(43)) - raft.server.log.appender.install.snapshot.enabled = false (custom)
2019-07-13 14:46:03,318 INFO  server.RaftServerConfigKeys (ConfUtils.java:logGet(43)) - raft.server.rpc.timeout.max = 5200ms (custom)
2019-07-13 14:46:03,318 INFO  impl.RaftServerImpl (ServerState.java:<init>(105)) - 5240f9e2-6874-4da6-957c-b394454a3027:group-28F00464AE53 ConfigurationManager, init=-1: [08c2ab6c-a311-4cfe-a416-d6e158923be3:192.168.5.172:37452, 5240f9e2-6874-4da6-957c-b394454a3027:192.168.5.172:35998, 99aea4fe-89de-4f3c-9a7d-0d5d28528110:192.168.5.172:34305], old=null, confs=<EMPTY_MAP>
2019-07-13 14:46:03,318 INFO  server.RaftServerConfigKeys (ConfUtils.java:logGet(43)) - raft.server.rpcslowness.timeout = 120s (custom)
2019-07-13 14:46:03,318 INFO  server.RaftServerConfigKeys (ConfUtils.java:logGet(43)) - raft.server.storage.dir = [/tmp/workdir/hadoop-ozone/integration-test/target/test-dir/MiniOzoneClusterImpl-bd1ea3a1-9c10-429e-aead-7522ac8eaaf9/datanode-4/data/ratis] (custom)
2019-07-13 14:46:03,318 INFO  server.RaftServerConfigKeys (ConfUtils.java:logGet(43)) - raft.server.sleep.deviation.threshold = 300 (default)
2019-07-13 14:46:03,318 INFO  server.RaftServerConfigKeys (ConfUtils.java:logGet(43)) - raft.server.log.appender.install.snapshot.enabled = false (custom)
2019-07-13 14:46:03,319 INFO  storage.RaftStorageDirectory (RaftStorageDirectory.java:analyzeStorage(246)) - The storage directory /tmp/workdir/hadoop-ozone/integration-test/target/test-dir/MiniOzoneClusterImpl-bd1ea3a1-9c10-429e-aead-7522ac8eaaf9/datanode-4/data/ratis/de2acd94-efc8-4572-8b8a-28f00464ae53 does not exist. Creating ...
2019-07-13 14:46:03,319 INFO  impl.RaftServerImpl (ServerState.java:<init>(105)) - 08c2ab6c-a311-4cfe-a416-d6e158923be3:group-28F00464AE53 ConfigurationManager, init=-1: [08c2ab6c-a311-4cfe-a416-d6e158923be3:192.168.5.172:37452, 5240f9e2-6874-4da6-957c-b394454a3027:192.168.5.172:35998, 99aea4fe-89de-4f3c-9a7d-0d5d28528110:192.168.5.172:34305], old=null, confs=<EMPTY_MAP>
2019-07-13 14:46:03,319 INFO  server.RaftServerConfigKeys (ConfUtils.java:logGet(43)) - raft.server.storage.dir = [/tmp/workdir/hadoop-ozone/integration-test/target/test-dir/MiniOzoneClusterImpl-bd1ea3a1-9c10-429e-aead-7522ac8eaaf9/datanode-0/data/ratis] (custom)
2019-07-13 14:46:03,319 INFO  storage.RaftStorageDirectory (RaftStorageDirectory.java:analyzeStorage(246)) - The storage directory /tmp/workdir/hadoop-ozone/integration-test/target/test-dir/MiniOzoneClusterImpl-bd1ea3a1-9c10-429e-aead-7522ac8eaaf9/datanode-0/data/ratis/de2acd94-efc8-4572-8b8a-28f00464ae53 does not exist. Creating ...
2019-07-13 14:46:03,321 INFO  storage.RaftStorageDirectory (RaftStorageDirectory.java:tryLock(328)) - Lock on /tmp/workdir/hadoop-ozone/integration-test/target/test-dir/MiniOzoneClusterImpl-bd1ea3a1-9c10-429e-aead-7522ac8eaaf9/datanode-5/data/ratis/de2acd94-efc8-4572-8b8a-28f00464ae53/in_use.lock acquired by nodename 27998@trunk-nightly-mhs6z-4061744966
2019-07-13 14:46:03,325 INFO  storage.RaftStorageDirectory (RaftStorageDirectory.java:tryLock(328)) - Lock on /tmp/workdir/hadoop-ozone/integration-test/target/test-dir/MiniOzoneClusterImpl-bd1ea3a1-9c10-429e-aead-7522ac8eaaf9/datanode-4/data/ratis/de2acd94-efc8-4572-8b8a-28f00464ae53/in_use.lock acquired by nodename 27998@trunk-nightly-mhs6z-4061744966
2019-07-13 14:46:03,325 INFO  storage.RaftStorageDirectory (RaftStorageDirectory.java:tryLock(328)) - Lock on /tmp/workdir/hadoop-ozone/integration-test/target/test-dir/MiniOzoneClusterImpl-bd1ea3a1-9c10-429e-aead-7522ac8eaaf9/datanode-0/data/ratis/de2acd94-efc8-4572-8b8a-28f00464ae53/in_use.lock acquired by nodename 27998@trunk-nightly-mhs6z-4061744966
2019-07-13 14:46:03,327 INFO  storage.RaftStorage (RaftStorage.java:format(72)) - Storage directory /tmp/workdir/hadoop-ozone/integration-test/target/test-dir/MiniOzoneClusterImpl-bd1ea3a1-9c10-429e-aead-7522ac8eaaf9/datanode-5/data/ratis/de2acd94-efc8-4572-8b8a-28f00464ae53 has been successfully formatted.
2019-07-13 14:46:03,327 INFO  ratis.ContainerStateMachine (ContainerStateMachine.java:loadSnapshot(200)) - The snapshot info is null.Setting the last applied index to:(t:0, i:~)
2019-07-13 14:46:03,327 INFO  server.RaftServerConfigKeys (ConfUtils.java:logGet(43)) - raft.server.leader.election.timeout = 120s (custom)
2019-07-13 14:46:03,327 INFO  server.RaftServerConfigKeys (ConfUtils.java:logGet(43)) - raft.server.log.use.memory = false (default)
2019-07-13 14:46:03,327 INFO  server.RaftServerConfigKeys (ConfUtils.java:logGet(43)) - raft.server.log.purge.gap = 1000000000 (custom)
2019-07-13 14:46:03,328 INFO  server.RaftServerConfigKeys (ConfUtils.java:logGet(43)) - raft.server.log.appender.buffer.byte-limit = 33554432 (custom)
2019-07-13 14:46:03,328 INFO  server.RaftServerConfigKeys (ConfUtils.java:logGet(43)) - raft.server.log.segment.size.max = 1048576 (custom)
2019-07-13 14:46:03,328 INFO  server.RaftServerConfigKeys (ConfUtils.java:logGet(43)) - raft.server.log.segment.cache.num.max = 2 (custom)
2019-07-13 14:46:03,328 INFO  segmented.SegmentedRaftLogWorker (SegmentedRaftLogWorker.java:<init>(172)) - new 99aea4fe-89de-4f3c-9a7d-0d5d28528110-SegmentedRaftLogWorker:Storage Directory /tmp/workdir/hadoop-ozone/integration-test/target/test-dir/MiniOzoneClusterImpl-bd1ea3a1-9c10-429e-aead-7522ac8eaaf9/datanode-5/data/ratis/de2acd94-efc8-4572-8b8a-28f00464ae53 for RaftStorage:Storage Directory /tmp/workdir/hadoop-ozone/integration-test/target/test-dir/MiniOzoneClusterImpl-bd1ea3a1-9c10-429e-aead-7522ac8eaaf9/datanode-5/data/ratis/de2acd94-efc8-4572-8b8a-28f00464ae53
2019-07-13 14:46:03,328 INFO  server.RaftServerConfigKeys (ConfUtils.java:logGet(43)) - raft.server.log.queue.byte-limit = 2147483647 (custom)
2019-07-13 14:46:03,328 INFO  server.RaftServerConfigKeys (ConfUtils.java:logGet(43)) - raft.server.log.queue.element-limit = 1024 (custom)
2019-07-13 14:46:03,329 INFO  server.RaftServerConfigKeys (ConfUtils.java:logGet(43)) - raft.server.log.segment.size.max = 1048576 (custom)
2019-07-13 14:46:03,329 INFO  server.RaftServerConfigKeys (ConfUtils.java:logGet(43)) - raft.server.log.preallocated.size = 16384 (custom)
2019-07-13 14:46:03,329 INFO  server.RaftServerConfigKeys (ConfUtils.java:logGet(43)) - raft.server.log.write.buffer.size = 33554432 (custom)
2019-07-13 14:46:03,329 INFO  server.RaftServerConfigKeys (ConfUtils.java:logGet(43)) - raft.server.log.force.sync.num = 128 (default)
2019-07-13 14:46:03,329 INFO  server.RaftServerConfigKeys (ConfUtils.java:logGet(43)) - raft.server.log.statemachine.data.sync = true (default)
2019-07-13 14:46:03,329 INFO  storage.RaftStorage (RaftStorage.java:format(72)) - Storage directory /tmp/workdir/hadoop-ozone/integration-test/target/test-dir/MiniOzoneClusterImpl-bd1ea3a1-9c10-429e-aead-7522ac8eaaf9/datanode-4/data/ratis/de2acd94-efc8-4572-8b8a-28f00464ae53 has been successfully formatted.
2019-07-13 14:46:03,329 INFO  storage.RaftStorage (RaftStorage.java:format(72)) - Storage directory /tmp/workdir/hadoop-ozone/integration-test/target/test-dir/MiniOzoneClusterImpl-bd1ea3a1-9c10-429e-aead-7522ac8eaaf9/datanode-0/data/ratis/de2acd94-efc8-4572-8b8a-28f00464ae53 has been successfully formatted.
2019-07-13 14:46:03,329 INFO  server.RaftServerConfigKeys (ConfUtils.java:logGet(43)) - raft.server.log.statemachine.data.sync.timeout = 10s (default)
2019-07-13 14:46:03,332 INFO  ratis.ContainerStateMachine (ContainerStateMachine.java:loadSnapshot(200)) - The snapshot info is null.Setting the last applied index to:(t:0, i:~)
2019-07-13 14:46:03,331 INFO  ratis.ContainerStateMachine (ContainerStateMachine.java:loadSnapshot(200)) - The snapshot info is null.Setting the last applied index to:(t:0, i:~)
2019-07-13 14:46:03,332 INFO  server.RaftServerConfigKeys (ConfUtils.java:logGet(43)) - raft.server.leader.election.timeout = 120s (custom)
2019-07-13 14:46:03,332 INFO  server.RaftServerConfigKeys (ConfUtils.java:logGet(43)) - raft.server.log.statemachine.data.sync.timeout.retry = -1 (default)
2019-07-13 14:46:03,332 INFO  server.RaftServerConfigKeys (ConfUtils.java:logGet(43)) - raft.server.log.use.memory = false (default)
2019-07-13 14:46:03,332 INFO  server.RaftServerConfigKeys (ConfUtils.java:logGet(43)) - raft.server.log.statemachine.data.caching.enabled = true (custom)
2019-07-13 14:46:03,332 INFO  server.RaftServerConfigKeys (ConfUtils.java:logGet(43)) - raft.server.leader.election.timeout = 120s (custom)
2019-07-13 14:46:03,332 INFO  server.RaftServerConfigKeys (ConfUtils.java:logGet(43)) - raft.server.log.purge.gap = 1000000000 (custom)
2019-07-13 14:46:03,333 INFO  segmented.SegmentedRaftLogWorker (SegmentedRaftLogWorker.java:lambda$new$0(132)) - 99aea4fe-89de-4f3c-9a7d-0d5d28528110-SegmentedRaftLogWorker:Storage Directory /tmp/workdir/hadoop-ozone/integration-test/target/test-dir/MiniOzoneClusterImpl-bd1ea3a1-9c10-429e-aead-7522ac8eaaf9/datanode-5/data/ratis/de2acd94-efc8-4572-8b8a-28f00464ae53: flushIndex: setUnconditionally 0 -> -1
2019-07-13 14:46:03,333 INFO  server.RaftServerConfigKeys (ConfUtils.java:logGet(43)) - raft.server.log.use.memory = false (default)
2019-07-13 14:46:03,333 INFO  server.RaftServerConfigKeys (ConfUtils.java:logGet(43)) - raft.server.log.appender.buffer.byte-limit = 33554432 (custom)
2019-07-13 14:46:03,333 INFO  server.RaftServerConfigKeys (ConfUtils.java:logGet(43)) - raft.server.snapshot.auto.trigger.enabled = true (custom)
2019-07-13 14:46:03,333 INFO  server.RaftServerConfigKeys (ConfUtils.java:logGet(43)) - raft.server.log.purge.gap = 1000000000 (custom)
2019-07-13 14:46:03,333 INFO  server.RaftServerConfigKeys (ConfUtils.java:logGet(43)) - raft.server.snapshot.auto.trigger.threshold = 10000 (custom)
2019-07-13 14:46:03,333 INFO  server.RaftServerConfigKeys (ConfUtils.java:logGet(43)) - raft.server.log.segment.size.max = 1048576 (custom)
2019-07-13 14:46:03,334 INFO  server.RaftServerConfigKeys (ConfUtils.java:logGet(43)) - raft.server.retrycache.expirytime = 600000ms (custom)
2019-07-13 14:46:03,333 INFO  server.RaftServerConfigKeys (ConfUtils.java:logGet(43)) - raft.server.log.appender.buffer.byte-limit = 33554432 (custom)
2019-07-13 14:46:03,334 INFO  impl.RaftServerImpl (RaftServerImpl.java:start(180)) - 99aea4fe-89de-4f3c-9a7d-0d5d28528110: start group-28F00464AE53
2019-07-13 14:46:03,334 INFO  server.RaftServerConfigKeys (ConfUtils.java:logGet(43)) - raft.server.log.segment.cache.num.max = 2 (custom)
2019-07-13 14:46:03,334 INFO  impl.RaftServerImpl (RaftServerImpl.java:setRole(171)) - 99aea4fe-89de-4f3c-9a7d-0d5d28528110:group-28F00464AE53 changes role from null to FOLLOWER at term 0 for startAsFollower
2019-07-13 14:46:03,334 INFO  server.RaftServerConfigKeys (ConfUtils.java:logGet(43)) - raft.server.log.segment.size.max = 1048576 (custom)
2019-07-13 14:46:03,334 INFO  impl.RoleInfo (RoleInfo.java:updateAndGet(143)) - 99aea4fe-89de-4f3c-9a7d-0d5d28528110: start FollowerState
2019-07-13 14:46:03,334 INFO  segmented.SegmentedRaftLogWorker (SegmentedRaftLogWorker.java:<init>(172)) - new 08c2ab6c-a311-4cfe-a416-d6e158923be3-SegmentedRaftLogWorker:Storage Directory /tmp/workdir/hadoop-ozone/integration-test/target/test-dir/MiniOzoneClusterImpl-bd1ea3a1-9c10-429e-aead-7522ac8eaaf9/datanode-0/data/ratis/de2acd94-efc8-4572-8b8a-28f00464ae53 for RaftStorage:Storage Directory /tmp/workdir/hadoop-ozone/integration-test/target/test-dir/MiniOzoneClusterImpl-bd1ea3a1-9c10-429e-aead-7522ac8eaaf9/datanode-0/data/ratis/de2acd94-efc8-4572-8b8a-28f00464ae53
2019-07-13 14:46:03,335 INFO  server.RaftServerConfigKeys (ConfUtils.java:logGet(43)) - raft.server.log.segment.cache.num.max = 2 (custom)
2019-07-13 14:46:03,335 INFO  util.JmxRegister (JmxRegister.java:tryRegister(44)) - Successfully registered JMX Bean with object name Ratis:service=RaftServer,group=group-28F00464AE53,id=99aea4fe-89de-4f3c-9a7d-0d5d28528110
2019-07-13 14:46:03,335 INFO  server.RaftServerConfigKeys (ConfUtils.java:logGet(43)) - raft.server.log.queue.byte-limit = 2147483647 (custom)
2019-07-13 14:46:03,335 INFO  segmented.SegmentedRaftLogWorker (SegmentedRaftLogWorker.java:<init>(172)) - new 5240f9e2-6874-4da6-957c-b394454a3027-SegmentedRaftLogWorker:Storage Directory /tmp/workdir/hadoop-ozone/integration-test/target/test-dir/MiniOzoneClusterImpl-bd1ea3a1-9c10-429e-aead-7522ac8eaaf9/datanode-4/data/ratis/de2acd94-efc8-4572-8b8a-28f00464ae53 for RaftStorage:Storage Directory /tmp/workdir/hadoop-ozone/integration-test/target/test-dir/MiniOzoneClusterImpl-bd1ea3a1-9c10-429e-aead-7522ac8eaaf9/datanode-4/data/ratis/de2acd94-efc8-4572-8b8a-28f00464ae53
2019-07-13 14:46:03,337 INFO  server.RaftServerConfigKeys (ConfUtils.java:logGet(43)) - raft.server.log.queue.element-limit = 1024 (custom)
2019-07-13 14:46:03,337 INFO  server.RaftServerConfigKeys (ConfUtils.java:logGet(43)) - raft.server.log.queue.byte-limit = 2147483647 (custom)
2019-07-13 14:46:03,337 INFO  server.RaftServerConfigKeys (ConfUtils.java:logGet(43)) - raft.server.log.segment.size.max = 1048576 (custom)
2019-07-13 14:46:03,339 INFO  server.RaftServerConfigKeys (ConfUtils.java:logGet(43)) - raft.server.log.queue.element-limit = 1024 (custom)
2019-07-13 14:46:03,339 INFO  server.RaftServerConfigKeys (ConfUtils.java:logGet(43)) - raft.server.log.preallocated.size = 16384 (custom)
2019-07-13 14:46:03,339 INFO  server.RaftServerConfigKeys (ConfUtils.java:logGet(43)) - raft.server.log.segment.size.max = 1048576 (custom)
2019-07-13 14:46:03,340 INFO  server.RaftServerConfigKeys (ConfUtils.java:logGet(43)) - raft.server.log.write.buffer.size = 33554432 (custom)
2019-07-13 14:46:03,340 INFO  server.RaftServerConfigKeys (ConfUtils.java:logGet(43)) - raft.server.log.preallocated.size = 16384 (custom)
2019-07-13 14:46:03,340 INFO  server.RaftServerConfigKeys (ConfUtils.java:logGet(43)) - raft.server.log.force.sync.num = 128 (default)
2019-07-13 14:46:03,340 INFO  server.RaftServerConfigKeys (ConfUtils.java:logGet(43)) - raft.server.log.write.buffer.size = 33554432 (custom)
2019-07-13 14:46:03,340 INFO  server.RaftServerConfigKeys (ConfUtils.java:logGet(43)) - raft.server.log.statemachine.data.sync = true (default)
2019-07-13 14:46:03,340 INFO  server.RaftServerConfigKeys (ConfUtils.java:logGet(43)) - raft.server.log.force.sync.num = 128 (default)
2019-07-13 14:46:03,344 INFO  server.RaftServerConfigKeys (ConfUtils.java:logGet(43)) - raft.server.log.statemachine.data.sync.timeout = 10s (default)
2019-07-13 14:46:03,344 INFO  server.RaftServerConfigKeys (ConfUtils.java:logGet(43)) - raft.server.log.statemachine.data.sync = true (default)
2019-07-13 14:46:03,344 INFO  server.RaftServerConfigKeys (ConfUtils.java:logGet(43)) - raft.server.log.statemachine.data.sync.timeout.retry = -1 (default)
2019-07-13 14:46:03,345 INFO  server.RaftServerConfigKeys (ConfUtils.java:logGet(43)) - raft.server.log.statemachine.data.sync.timeout = 10s (default)
2019-07-13 14:46:03,347 INFO  server.RaftServerConfigKeys (ConfUtils.java:logGet(43)) - raft.server.log.statemachine.data.caching.enabled = true (custom)
2019-07-13 14:46:03,347 INFO  server.RaftServerConfigKeys (ConfUtils.java:logGet(43)) - raft.server.log.statemachine.data.sync.timeout.retry = -1 (default)
2019-07-13 14:46:03,348 INFO  segmented.SegmentedRaftLogWorker (SegmentedRaftLogWorker.java:lambda$new$0(132)) - 08c2ab6c-a311-4cfe-a416-d6e158923be3-SegmentedRaftLogWorker:Storage Directory /tmp/workdir/hadoop-ozone/integration-test/target/test-dir/MiniOzoneClusterImpl-bd1ea3a1-9c10-429e-aead-7522ac8eaaf9/datanode-0/data/ratis/de2acd94-efc8-4572-8b8a-28f00464ae53: flushIndex: setUnconditionally 0 -> -1
2019-07-13 14:46:03,348 INFO  server.RaftServerConfigKeys (ConfUtils.java:logGet(43)) - raft.server.log.statemachine.data.caching.enabled = true (custom)
2019-07-13 14:46:03,348 INFO  server.RaftServerConfigKeys (ConfUtils.java:logGet(43)) - raft.server.snapshot.auto.trigger.enabled = true (custom)
2019-07-13 14:46:03,348 INFO  server.RaftServerConfigKeys (ConfUtils.java:logGet(43)) - raft.server.snapshot.auto.trigger.threshold = 10000 (custom)
2019-07-13 14:46:03,348 INFO  segmented.SegmentedRaftLogWorker (SegmentedRaftLogWorker.java:lambda$new$0(132)) - 5240f9e2-6874-4da6-957c-b394454a3027-SegmentedRaftLogWorker:Storage Directory /tmp/workdir/hadoop-ozone/integration-test/target/test-dir/MiniOzoneClusterImpl-bd1ea3a1-9c10-429e-aead-7522ac8eaaf9/datanode-4/data/ratis/de2acd94-efc8-4572-8b8a-28f00464ae53: flushIndex: setUnconditionally 0 -> -1
2019-07-13 14:46:03,348 INFO  server.RaftServerConfigKeys (ConfUtils.java:logGet(43)) - raft.server.retrycache.expirytime = 600000ms (custom)
2019-07-13 14:46:03,349 INFO  impl.RaftServerImpl (RaftServerImpl.java:start(180)) - 08c2ab6c-a311-4cfe-a416-d6e158923be3: start group-28F00464AE53
2019-07-13 14:46:03,349 INFO  server.RaftServerConfigKeys (ConfUtils.java:logGet(43)) - raft.server.snapshot.auto.trigger.enabled = true (custom)
2019-07-13 14:46:03,349 INFO  impl.RaftServerImpl (RaftServerImpl.java:setRole(171)) - 08c2ab6c-a311-4cfe-a416-d6e158923be3:group-28F00464AE53 changes role from null to FOLLOWER at term 0 for startAsFollower
2019-07-13 14:46:03,349 INFO  server.RaftServerConfigKeys (ConfUtils.java:logGet(43)) - raft.server.snapshot.auto.trigger.threshold = 10000 (custom)
2019-07-13 14:46:03,349 INFO  impl.RoleInfo (RoleInfo.java:updateAndGet(143)) - 08c2ab6c-a311-4cfe-a416-d6e158923be3: start FollowerState
2019-07-13 14:46:03,349 INFO  server.RaftServerConfigKeys (ConfUtils.java:logGet(43)) - raft.server.retrycache.expirytime = 600000ms (custom)
2019-07-13 14:46:03,350 INFO  util.JmxRegister (JmxRegister.java:tryRegister(44)) - Successfully registered JMX Bean with object name Ratis:service=RaftServer,group=group-28F00464AE53,id=08c2ab6c-a311-4cfe-a416-d6e158923be3
2019-07-13 14:46:03,350 INFO  impl.RaftServerImpl (RaftServerImpl.java:start(180)) - 5240f9e2-6874-4da6-957c-b394454a3027: start group-28F00464AE53
2019-07-13 14:46:03,350 INFO  impl.RaftServerImpl (RaftServerImpl.java:setRole(171)) - 5240f9e2-6874-4da6-957c-b394454a3027:group-28F00464AE53 changes role from null to FOLLOWER at term 0 for startAsFollower
2019-07-13 14:46:03,350 INFO  impl.RoleInfo (RoleInfo.java:updateAndGet(143)) - 5240f9e2-6874-4da6-957c-b394454a3027: start FollowerState
2019-07-13 14:46:03,351 INFO  util.JmxRegister (JmxRegister.java:tryRegister(44)) - Successfully registered JMX Bean with object name Ratis:service=RaftServer,group=group-28F00464AE53,id=5240f9e2-6874-4da6-957c-b394454a3027
2019-07-13 14:46:03,366 INFO  pipeline.PipelineStateManager (PipelineStateManager.java:addPipeline(56)) - Created pipeline Pipeline[ Id: de2acd94-efc8-4572-8b8a-28f00464ae53, Nodes: 99aea4fe-89de-4f3c-9a7d-0d5d28528110{ip: 192.168.5.172, host: trunk-nightly-mhs6z-4061744966, networkLocation: /default-rack, certSerialId: null}5240f9e2-6874-4da6-957c-b394454a3027{ip: 192.168.5.172, host: trunk-nightly-mhs6z-4061744966, networkLocation: /default-rack, certSerialId: null}08c2ab6c-a311-4cfe-a416-d6e158923be3{ip: 192.168.5.172, host: trunk-nightly-mhs6z-4061744966, networkLocation: /default-rack, certSerialId: null}, Type:RATIS, Factor:THREE, State:OPEN]
2019-07-13 14:46:03,395 INFO  impl.RaftServerProxy (RaftServerProxy.java:addNew(89)) - ac0119f1-421b-4781-81f6-2a8002de118c: addNew group-877AF57D76A8:[c331b4b5-5fbe-4ae1-8871-22d2a53360f3:192.168.5.172:34375, 4a606560-782d-41f4-a82c-f8e09b1c8270:192.168.5.172:46536, ac0119f1-421b-4781-81f6-2a8002de118c:192.168.5.172:38975] returns group-877AF57D76A8:java.util.concurrent.CompletableFuture@3e6efcc8[Not completed]
2019-07-13 14:46:03,395 INFO  impl.RaftServerProxy (RaftServerProxy.java:addNew(89)) - 4a606560-782d-41f4-a82c-f8e09b1c8270: addNew group-877AF57D76A8:[c331b4b5-5fbe-4ae1-8871-22d2a53360f3:192.168.5.172:34375, 4a606560-782d-41f4-a82c-f8e09b1c8270:192.168.5.172:46536, ac0119f1-421b-4781-81f6-2a8002de118c:192.168.5.172:38975] returns group-877AF57D76A8:java.util.concurrent.CompletableFuture@71772d72[Not completed]
2019-07-13 14:46:03,399 INFO  impl.RaftServerProxy (RaftServerProxy.java:addNew(89)) - c331b4b5-5fbe-4ae1-8871-22d2a53360f3: addNew group-877AF57D76A8:[c331b4b5-5fbe-4ae1-8871-22d2a53360f3:192.168.5.172:34375, 4a606560-782d-41f4-a82c-f8e09b1c8270:192.168.5.172:46536, ac0119f1-421b-4781-81f6-2a8002de118c:192.168.5.172:38975] returns group-877AF57D76A8:java.util.concurrent.CompletableFuture@3cd326a1[Not completed]
2019-07-13 14:46:03,399 INFO  impl.RaftServerImpl (RaftServerImpl.java:<init>(93)) - ac0119f1-421b-4781-81f6-2a8002de118c: new RaftServerImpl for group-877AF57D76A8:[c331b4b5-5fbe-4ae1-8871-22d2a53360f3:192.168.5.172:34375, 4a606560-782d-41f4-a82c-f8e09b1c8270:192.168.5.172:46536, ac0119f1-421b-4781-81f6-2a8002de118c:192.168.5.172:38975] with ContainerStateMachine:uninitialized
2019-07-13 14:46:03,400 INFO  server.RaftServerConfigKeys (ConfUtils.java:logGet(43)) - raft.server.rpc.timeout.min = 5s (custom)
2019-07-13 14:46:03,400 INFO  server.RaftServerConfigKeys (ConfUtils.java:logGet(43)) - raft.server.rpc.timeout.max = 5200ms (custom)
2019-07-13 14:46:03,400 INFO  server.RaftServerConfigKeys (ConfUtils.java:logGet(43)) - raft.server.rpcslowness.timeout = 120s (custom)
2019-07-13 14:46:03,400 INFO  server.RaftServerConfigKeys (ConfUtils.java:logGet(43)) - raft.server.sleep.deviation.threshold = 300 (default)
2019-07-13 14:46:03,400 INFO  server.RaftServerConfigKeys (ConfUtils.java:logGet(43)) - raft.server.log.appender.install.snapshot.enabled = false (custom)
2019-07-13 14:46:03,400 INFO  impl.RaftServerImpl (RaftServerImpl.java:<init>(93)) - 4a606560-782d-41f4-a82c-f8e09b1c8270: new RaftServerImpl for group-877AF57D76A8:[c331b4b5-5fbe-4ae1-8871-22d2a53360f3:192.168.5.172:34375, 4a606560-782d-41f4-a82c-f8e09b1c8270:192.168.5.172:46536, ac0119f1-421b-4781-81f6-2a8002de118c:192.168.5.172:38975] with ContainerStateMachine:uninitialized
2019-07-13 14:46:03,400 INFO  impl.RaftServerImpl (ServerState.java:<init>(105)) - ac0119f1-421b-4781-81f6-2a8002de118c:group-877AF57D76A8 ConfigurationManager, init=-1: [c331b4b5-5fbe-4ae1-8871-22d2a53360f3:192.168.5.172:34375, 4a606560-782d-41f4-a82c-f8e09b1c8270:192.168.5.172:46536, ac0119f1-421b-4781-81f6-2a8002de118c:192.168.5.172:38975], old=null, confs=<EMPTY_MAP>
2019-07-13 14:46:03,400 INFO  server.RaftServerConfigKeys (ConfUtils.java:logGet(43)) - raft.server.rpc.timeout.min = 5s (custom)
2019-07-13 14:46:03,400 INFO  server.RaftServerConfigKeys (ConfUtils.java:logGet(43)) - raft.server.storage.dir = [/tmp/workdir/hadoop-ozone/integration-test/target/test-dir/MiniOzoneClusterImpl-bd1ea3a1-9c10-429e-aead-7522ac8eaaf9/datanode-1/data/ratis] (custom)
2019-07-13 14:46:03,400 INFO  server.RaftServerConfigKeys (ConfUtils.java:logGet(43)) - raft.server.rpc.timeout.max = 5200ms (custom)
2019-07-13 14:46:03,401 INFO  server.RaftServerConfigKeys (ConfUtils.java:logGet(43)) - raft.server.rpcslowness.timeout = 120s (custom)
2019-07-13 14:46:03,401 INFO  storage.RaftStorageDirectory (RaftStorageDirectory.java:analyzeStorage(246)) - The storage directory /tmp/workdir/hadoop-ozone/integration-test/target/test-dir/MiniOzoneClusterImpl-bd1ea3a1-9c10-429e-aead-7522ac8eaaf9/datanode-1/data/ratis/1b6a9c9d-a56d-4791-b161-877af57d76a8 does not exist. Creating ...
2019-07-13 14:46:03,401 INFO  server.RaftServerConfigKeys (ConfUtils.java:logGet(43)) - raft.server.sleep.deviation.threshold = 300 (default)
2019-07-13 14:46:03,401 INFO  server.RaftServerConfigKeys (ConfUtils.java:logGet(43)) - raft.server.log.appender.install.snapshot.enabled = false (custom)
2019-07-13 14:46:03,401 INFO  impl.RaftServerImpl (RaftServerImpl.java:<init>(93)) - c331b4b5-5fbe-4ae1-8871-22d2a53360f3: new RaftServerImpl for group-877AF57D76A8:[c331b4b5-5fbe-4ae1-8871-22d2a53360f3:192.168.5.172:34375, 4a606560-782d-41f4-a82c-f8e09b1c8270:192.168.5.172:46536, ac0119f1-421b-4781-81f6-2a8002de118c:192.168.5.172:38975] with ContainerStateMachine:uninitialized
2019-07-13 14:46:03,401 INFO  impl.RaftServerImpl (ServerState.java:<init>(105)) - 4a606560-782d-41f4-a82c-f8e09b1c8270:group-877AF57D76A8 ConfigurationManager, init=-1: [c331b4b5-5fbe-4ae1-8871-22d2a53360f3:192.168.5.172:34375, 4a606560-782d-41f4-a82c-f8e09b1c8270:192.168.5.172:46536, ac0119f1-421b-4781-81f6-2a8002de118c:192.168.5.172:38975], old=null, confs=<EMPTY_MAP>
2019-07-13 14:46:03,401 INFO  server.RaftServerConfigKeys (ConfUtils.java:logGet(43)) - raft.server.rpc.timeout.min = 5s (custom)
2019-07-13 14:46:03,401 INFO  server.RaftServerConfigKeys (ConfUtils.java:logGet(43)) - raft.server.storage.dir = [/tmp/workdir/hadoop-ozone/integration-test/target/test-dir/MiniOzoneClusterImpl-bd1ea3a1-9c10-429e-aead-7522ac8eaaf9/datanode-3/data/ratis] (custom)
2019-07-13 14:46:03,402 INFO  server.RaftServerConfigKeys (ConfUtils.java:logGet(43)) - raft.server.rpc.timeout.max = 5200ms (custom)
2019-07-13 14:46:03,402 INFO  server.RaftServerConfigKeys (ConfUtils.java:logGet(43)) - raft.server.rpcslowness.timeout = 120s (custom)
2019-07-13 14:46:03,402 INFO  storage.RaftStorageDirectory (RaftStorageDirectory.java:analyzeStorage(246)) - The storage directory /tmp/workdir/hadoop-ozone/integration-test/target/test-dir/MiniOzoneClusterImpl-bd1ea3a1-9c10-429e-aead-7522ac8eaaf9/datanode-3/data/ratis/1b6a9c9d-a56d-4791-b161-877af57d76a8 does not exist. Creating ...
2019-07-13 14:46:03,402 INFO  server.RaftServerConfigKeys (ConfUtils.java:logGet(43)) - raft.server.sleep.deviation.threshold = 300 (default)
2019-07-13 14:46:03,402 INFO  server.RaftServerConfigKeys (ConfUtils.java:logGet(43)) - raft.server.log.appender.install.snapshot.enabled = false (custom)
2019-07-13 14:46:03,402 INFO  impl.RaftServerImpl (ServerState.java:<init>(105)) - c331b4b5-5fbe-4ae1-8871-22d2a53360f3:group-877AF57D76A8 ConfigurationManager, init=-1: [c331b4b5-5fbe-4ae1-8871-22d2a53360f3:192.168.5.172:34375, 4a606560-782d-41f4-a82c-f8e09b1c8270:192.168.5.172:46536, ac0119f1-421b-4781-81f6-2a8002de118c:192.168.5.172:38975], old=null, confs=<EMPTY_MAP>
2019-07-13 14:46:03,403 INFO  server.RaftServerConfigKeys (ConfUtils.java:logGet(43)) - raft.server.storage.dir = [/tmp/workdir/hadoop-ozone/integration-test/target/test-dir/MiniOzoneClusterImpl-bd1ea3a1-9c10-429e-aead-7522ac8eaaf9/datanode-6/data/ratis] (custom)
2019-07-13 14:46:03,403 INFO  storage.RaftStorageDirectory (RaftStorageDirectory.java:analyzeStorage(246)) - The storage directory /tmp/workdir/hadoop-ozone/integration-test/target/test-dir/MiniOzoneClusterImpl-bd1ea3a1-9c10-429e-aead-7522ac8eaaf9/datanode-6/data/ratis/1b6a9c9d-a56d-4791-b161-877af57d76a8 does not exist. Creating ...
2019-07-13 14:46:03,406 INFO  storage.RaftStorageDirectory (RaftStorageDirectory.java:tryLock(328)) - Lock on /tmp/workdir/hadoop-ozone/integration-test/target/test-dir/MiniOzoneClusterImpl-bd1ea3a1-9c10-429e-aead-7522ac8eaaf9/datanode-1/data/ratis/1b6a9c9d-a56d-4791-b161-877af57d76a8/in_use.lock acquired by nodename 27998@trunk-nightly-mhs6z-4061744966
2019-07-13 14:46:03,406 INFO  storage.RaftStorageDirectory (RaftStorageDirectory.java:tryLock(328)) - Lock on /tmp/workdir/hadoop-ozone/integration-test/target/test-dir/MiniOzoneClusterImpl-bd1ea3a1-9c10-429e-aead-7522ac8eaaf9/datanode-3/data/ratis/1b6a9c9d-a56d-4791-b161-877af57d76a8/in_use.lock acquired by nodename 27998@trunk-nightly-mhs6z-4061744966
2019-07-13 14:46:03,410 INFO  storage.RaftStorageDirectory (RaftStorageDirectory.java:tryLock(328)) - Lock on /tmp/workdir/hadoop-ozone/integration-test/target/test-dir/MiniOzoneClusterImpl-bd1ea3a1-9c10-429e-aead-7522ac8eaaf9/datanode-6/data/ratis/1b6a9c9d-a56d-4791-b161-877af57d76a8/in_use.lock acquired by nodename 27998@trunk-nightly-mhs6z-4061744966
2019-07-13 14:46:03,412 INFO  storage.RaftStorage (RaftStorage.java:format(72)) - Storage directory /tmp/workdir/hadoop-ozone/integration-test/target/test-dir/MiniOzoneClusterImpl-bd1ea3a1-9c10-429e-aead-7522ac8eaaf9/datanode-1/data/ratis/1b6a9c9d-a56d-4791-b161-877af57d76a8 has been successfully formatted.
2019-07-13 14:46:03,412 INFO  storage.RaftStorage (RaftStorage.java:format(72)) - Storage directory /tmp/workdir/hadoop-ozone/integration-test/target/test-dir/MiniOzoneClusterImpl-bd1ea3a1-9c10-429e-aead-7522ac8eaaf9/datanode-3/data/ratis/1b6a9c9d-a56d-4791-b161-877af57d76a8 has been successfully formatted.
2019-07-13 14:46:03,412 INFO  ratis.ContainerStateMachine (ContainerStateMachine.java:loadSnapshot(200)) - The snapshot info is null.Setting the last applied index to:(t:0, i:~)
2019-07-13 14:46:03,412 INFO  ratis.ContainerStateMachine (ContainerStateMachine.java:loadSnapshot(200)) - The snapshot info is null.Setting the last applied index to:(t:0, i:~)
2019-07-13 14:46:03,412 INFO  server.RaftServerConfigKeys (ConfUtils.java:logGet(43)) - raft.server.leader.election.timeout = 120s (custom)
2019-07-13 14:46:03,413 INFO  server.RaftServerConfigKeys (ConfUtils.java:logGet(43)) - raft.server.log.use.memory = false (default)
2019-07-13 14:46:03,413 INFO  server.RaftServerConfigKeys (ConfUtils.java:logGet(43)) - raft.server.leader.election.timeout = 120s (custom)
2019-07-13 14:46:03,413 INFO  server.RaftServerConfigKeys (ConfUtils.java:logGet(43)) - raft.server.log.purge.gap = 1000000000 (custom)
2019-07-13 14:46:03,413 INFO  server.RaftServerConfigKeys (ConfUtils.java:logGet(43)) - raft.server.log.use.memory = false (default)
2019-07-13 14:46:03,413 INFO  server.RaftServerConfigKeys (ConfUtils.java:logGet(43)) - raft.server.log.appender.buffer.byte-limit = 33554432 (custom)
2019-07-13 14:46:03,413 INFO  server.RaftServerConfigKeys (ConfUtils.java:logGet(43)) - raft.server.log.purge.gap = 1000000000 (custom)
2019-07-13 14:46:03,413 INFO  server.RaftServerConfigKeys (ConfUtils.java:logGet(43)) - raft.server.log.segment.size.max = 1048576 (custom)
2019-07-13 14:46:03,414 INFO  server.RaftServerConfigKeys (ConfUtils.java:logGet(43)) - raft.server.log.appender.buffer.byte-limit = 33554432 (custom)
2019-07-13 14:46:03,414 INFO  server.RaftServerConfigKeys (ConfUtils.java:logGet(43)) - raft.server.log.segment.cache.num.max = 2 (custom)
2019-07-13 14:46:03,414 INFO  server.RaftServerConfigKeys (ConfUtils.java:logGet(43)) - raft.server.log.segment.size.max = 1048576 (custom)
2019-07-13 14:46:03,414 INFO  segmented.SegmentedRaftLogWorker (SegmentedRaftLogWorker.java:<init>(172)) - new ac0119f1-421b-4781-81f6-2a8002de118c-SegmentedRaftLogWorker:Storage Directory /tmp/workdir/hadoop-ozone/integration-test/target/test-dir/MiniOzoneClusterImpl-bd1ea3a1-9c10-429e-aead-7522ac8eaaf9/datanode-1/data/ratis/1b6a9c9d-a56d-4791-b161-877af57d76a8 for RaftStorage:Storage Directory /tmp/workdir/hadoop-ozone/integration-test/target/test-dir/MiniOzoneClusterImpl-bd1ea3a1-9c10-429e-aead-7522ac8eaaf9/datanode-1/data/ratis/1b6a9c9d-a56d-4791-b161-877af57d76a8
2019-07-13 14:46:03,414 INFO  storage.RaftStorage (RaftStorage.java:format(72)) - Storage directory /tmp/workdir/hadoop-ozone/integration-test/target/test-dir/MiniOzoneClusterImpl-bd1ea3a1-9c10-429e-aead-7522ac8eaaf9/datanode-6/data/ratis/1b6a9c9d-a56d-4791-b161-877af57d76a8 has been successfully formatted.
2019-07-13 14:46:03,414 INFO  server.RaftServerConfigKeys (ConfUtils.java:logGet(43)) - raft.server.log.queue.byte-limit = 2147483647 (custom)
2019-07-13 14:46:03,414 INFO  server.RaftServerConfigKeys (ConfUtils.java:logGet(43)) - raft.server.log.segment.cache.num.max = 2 (custom)
2019-07-13 14:46:03,416 INFO  server.RaftServerConfigKeys (ConfUtils.java:logGet(43)) - raft.server.log.queue.element-limit = 1024 (custom)
2019-07-13 14:46:03,416 INFO  ratis.ContainerStateMachine (ContainerStateMachine.java:loadSnapshot(200)) - The snapshot info is null.Setting the last applied index to:(t:0, i:~)
2019-07-13 14:46:03,416 INFO  server.RaftServerConfigKeys (ConfUtils.java:logGet(43)) - raft.server.log.segment.size.max = 1048576 (custom)
2019-07-13 14:46:03,416 INFO  segmented.SegmentedRaftLogWorker (SegmentedRaftLogWorker.java:<init>(172)) - new 4a606560-782d-41f4-a82c-f8e09b1c8270-SegmentedRaftLogWorker:Storage Directory /tmp/workdir/hadoop-ozone/integration-test/target/test-dir/MiniOzoneClusterImpl-bd1ea3a1-9c10-429e-aead-7522ac8eaaf9/datanode-3/data/ratis/1b6a9c9d-a56d-4791-b161-877af57d76a8 for RaftStorage:Storage Directory /tmp/workdir/hadoop-ozone/integration-test/target/test-dir/MiniOzoneClusterImpl-bd1ea3a1-9c10-429e-aead-7522ac8eaaf9/datanode-3/data/ratis/1b6a9c9d-a56d-4791-b161-877af57d76a8
2019-07-13 14:46:03,416 INFO  server.RaftServerConfigKeys (ConfUtils.java:logGet(43)) - raft.server.log.preallocated.size = 16384 (custom)
2019-07-13 14:46:03,416 INFO  server.RaftServerConfigKeys (ConfUtils.java:logGet(43)) - raft.server.leader.election.timeout = 120s (custom)
2019-07-13 14:46:03,416 INFO  server.RaftServerConfigKeys (ConfUtils.java:logGet(43)) - raft.server.log.write.buffer.size = 33554432 (custom)
2019-07-13 14:46:03,416 INFO  server.RaftServerConfigKeys (ConfUtils.java:logGet(43)) - raft.server.log.queue.byte-limit = 2147483647 (custom)
2019-07-13 14:46:03,418 INFO  server.RaftServerConfigKeys (ConfUtils.java:logGet(43)) - raft.server.log.force.sync.num = 128 (default)
2019-07-13 14:46:03,418 INFO  server.RaftServerConfigKeys (ConfUtils.java:logGet(43)) - raft.server.log.use.memory = false (default)
2019-07-13 14:46:03,418 INFO  server.RaftServerConfigKeys (ConfUtils.java:logGet(43)) - raft.server.log.statemachine.data.sync = true (default)
2019-07-13 14:46:03,418 INFO  server.RaftServerConfigKeys (ConfUtils.java:logGet(43)) - raft.server.log.queue.element-limit = 1024 (custom)
2019-07-13 14:46:03,418 INFO  server.RaftServerConfigKeys (ConfUtils.java:logGet(43)) - raft.server.log.statemachine.data.sync.timeout = 10s (default)
2019-07-13 14:46:03,418 INFO  server.RaftServerConfigKeys (ConfUtils.java:logGet(43)) - raft.server.log.purge.gap = 1000000000 (custom)
2019-07-13 14:46:03,419 INFO  server.RaftServerConfigKeys (ConfUtils.java:logGet(43)) - raft.server.log.statemachine.data.sync.timeout.retry = -1 (default)
2019-07-13 14:46:03,419 INFO  server.RaftServerConfigKeys (ConfUtils.java:logGet(43)) - raft.server.log.segment.size.max = 1048576 (custom)
2019-07-13 14:46:03,419 INFO  server.RaftServerConfigKeys (ConfUtils.java:logGet(43)) - raft.server.log.statemachine.data.caching.enabled = true (custom)
2019-07-13 14:46:03,419 INFO  server.RaftServerConfigKeys (ConfUtils.java:logGet(43)) - raft.server.log.appender.buffer.byte-limit = 33554432 (custom)
2019-07-13 14:46:03,419 INFO  server.RaftServerConfigKeys (ConfUtils.java:logGet(43)) - raft.server.log.preallocated.size = 16384 (custom)
2019-07-13 14:46:03,420 INFO  segmented.SegmentedRaftLogWorker (SegmentedRaftLogWorker.java:lambda$new$0(132)) - ac0119f1-421b-4781-81f6-2a8002de118c-SegmentedRaftLogWorker:Storage Directory /tmp/workdir/hadoop-ozone/integration-test/target/test-dir/MiniOzoneClusterImpl-bd1ea3a1-9c10-429e-aead-7522ac8eaaf9/datanode-1/data/ratis/1b6a9c9d-a56d-4791-b161-877af57d76a8: flushIndex: setUnconditionally 0 -> -1
2019-07-13 14:46:03,420 INFO  server.RaftServerConfigKeys (ConfUtils.java:logGet(43)) - raft.server.log.segment.size.max = 1048576 (custom)
2019-07-13 14:46:03,420 INFO  server.RaftServerConfigKeys (ConfUtils.java:logGet(43)) - raft.server.log.write.buffer.size = 33554432 (custom)
2019-07-13 14:46:03,420 INFO  server.RaftServerConfigKeys (ConfUtils.java:logGet(43)) - raft.server.snapshot.auto.trigger.enabled = true (custom)
2019-07-13 14:46:03,420 INFO  server.RaftServerConfigKeys (ConfUtils.java:logGet(43)) - raft.server.log.segment.cache.num.max = 2 (custom)
2019-07-13 14:46:03,420 INFO  server.RaftServerConfigKeys (ConfUtils.java:logGet(43)) - raft.server.snapshot.auto.trigger.threshold = 10000 (custom)
2019-07-13 14:46:03,420 INFO  server.RaftServerConfigKeys (ConfUtils.java:logGet(43)) - raft.server.log.force.sync.num = 128 (default)
2019-07-13 14:46:03,421 INFO  server.RaftServerConfigKeys (ConfUtils.java:logGet(43)) - raft.server.retrycache.expirytime = 600000ms (custom)
2019-07-13 14:46:03,420 INFO  segmented.SegmentedRaftLogWorker (SegmentedRaftLogWorker.java:<init>(172)) - new c331b4b5-5fbe-4ae1-8871-22d2a53360f3-SegmentedRaftLogWorker:Storage Directory /tmp/workdir/hadoop-ozone/integration-test/target/test-dir/MiniOzoneClusterImpl-bd1ea3a1-9c10-429e-aead-7522ac8eaaf9/datanode-6/data/ratis/1b6a9c9d-a56d-4791-b161-877af57d76a8 for RaftStorage:Storage Directory /tmp/workdir/hadoop-ozone/integration-test/target/test-dir/MiniOzoneClusterImpl-bd1ea3a1-9c10-429e-aead-7522ac8eaaf9/datanode-6/data/ratis/1b6a9c9d-a56d-4791-b161-877af57d76a8
2019-07-13 14:46:03,421 INFO  impl.RaftServerImpl (RaftServerImpl.java:start(180)) - ac0119f1-421b-4781-81f6-2a8002de118c: start group-877AF57D76A8
2019-07-13 14:46:03,421 INFO  server.RaftServerConfigKeys (ConfUtils.java:logGet(43)) - raft.server.log.statemachine.data.sync = true (default)
2019-07-13 14:46:03,421 INFO  impl.RaftServerImpl (RaftServerImpl.java:setRole(171)) - ac0119f1-421b-4781-81f6-2a8002de118c:group-877AF57D76A8 changes role from null to FOLLOWER at term 0 for startAsFollower
2019-07-13 14:46:03,421 INFO  server.RaftServerConfigKeys (ConfUtils.java:logGet(43)) - raft.server.log.queue.byte-limit = 2147483647 (custom)
2019-07-13 14:46:03,423 INFO  impl.RoleInfo (RoleInfo.java:updateAndGet(143)) - ac0119f1-421b-4781-81f6-2a8002de118c: start FollowerState
2019-07-13 14:46:03,423 INFO  server.RaftServerConfigKeys (ConfUtils.java:logGet(43)) - raft.server.log.statemachine.data.sync.timeout = 10s (default)
2019-07-13 14:46:03,423 INFO  server.RaftServerConfigKeys (ConfUtils.java:logGet(43)) - raft.server.log.queue.element-limit = 1024 (custom)
2019-07-13 14:46:03,423 INFO  util.JmxRegister (JmxRegister.java:tryRegister(44)) - Successfully registered JMX Bean with object name Ratis:service=RaftServer,group=group-877AF57D76A8,id=ac0119f1-421b-4781-81f6-2a8002de118c
2019-07-13 14:46:03,423 INFO  server.RaftServerConfigKeys (ConfUtils.java:logGet(43)) - raft.server.log.segment.size.max = 1048576 (custom)
2019-07-13 14:46:03,423 INFO  server.RaftServerConfigKeys (ConfUtils.java:logGet(43)) - raft.server.log.statemachine.data.sync.timeout.retry = -1 (default)
2019-07-13 14:46:03,424 INFO  server.RaftServerConfigKeys (ConfUtils.java:logGet(43)) - raft.server.log.preallocated.size = 16384 (custom)
2019-07-13 14:46:03,424 INFO  server.RaftServerConfigKeys (ConfUtils.java:logGet(43)) - raft.server.log.write.buffer.size = 33554432 (custom)
2019-07-13 14:46:03,424 INFO  server.RaftServerConfigKeys (ConfUtils.java:logGet(43)) - raft.server.log.statemachine.data.caching.enabled = true (custom)
2019-07-13 14:46:03,424 INFO  server.RaftServerConfigKeys (ConfUtils.java:logGet(43)) - raft.server.log.force.sync.num = 128 (default)
2019-07-13 14:46:03,424 INFO  server.RaftServerConfigKeys (ConfUtils.java:logGet(43)) - raft.server.log.statemachine.data.sync = true (default)
2019-07-13 14:46:03,424 INFO  segmented.SegmentedRaftLogWorker (SegmentedRaftLogWorker.java:lambda$new$0(132)) - 4a606560-782d-41f4-a82c-f8e09b1c8270-SegmentedRaftLogWorker:Storage Directory /tmp/workdir/hadoop-ozone/integration-test/target/test-dir/MiniOzoneClusterImpl-bd1ea3a1-9c10-429e-aead-7522ac8eaaf9/datanode-3/data/ratis/1b6a9c9d-a56d-4791-b161-877af57d76a8: flushIndex: setUnconditionally 0 -> -1
2019-07-13 14:46:03,424 INFO  server.RaftServerConfigKeys (ConfUtils.java:logGet(43)) - raft.server.log.statemachine.data.sync.timeout = 10s (default)
2019-07-13 14:46:03,425 INFO  server.RaftServerConfigKeys (ConfUtils.java:logGet(43)) - raft.server.log.statemachine.data.sync.timeout.retry = -1 (default)
2019-07-13 14:46:03,425 INFO  server.RaftServerConfigKeys (ConfUtils.java:logGet(43)) - raft.server.snapshot.auto.trigger.enabled = true (custom)
2019-07-13 14:46:03,425 INFO  server.RaftServerConfigKeys (ConfUtils.java:logGet(43)) - raft.server.log.statemachine.data.caching.enabled = true (custom)
2019-07-13 14:46:03,425 INFO  server.RaftServerConfigKeys (ConfUtils.java:logGet(43)) - raft.server.snapshot.auto.trigger.threshold = 10000 (custom)
2019-07-13 14:46:03,425 INFO  segmented.SegmentedRaftLogWorker (SegmentedRaftLogWorker.java:lambda$new$0(132)) - c331b4b5-5fbe-4ae1-8871-22d2a53360f3-SegmentedRaftLogWorker:Storage Directory /tmp/workdir/hadoop-ozone/integration-test/target/test-dir/MiniOzoneClusterImpl-bd1ea3a1-9c10-429e-aead-7522ac8eaaf9/datanode-6/data/ratis/1b6a9c9d-a56d-4791-b161-877af57d76a8: flushIndex: setUnconditionally 0 -> -1
2019-07-13 14:46:03,425 INFO  server.RaftServerConfigKeys (ConfUtils.java:logGet(43)) - raft.server.retrycache.expirytime = 600000ms (custom)
2019-07-13 14:46:03,425 INFO  server.RaftServerConfigKeys (ConfUtils.java:logGet(43)) - raft.server.snapshot.auto.trigger.enabled = true (custom)
2019-07-13 14:46:03,427 INFO  impl.RaftServerImpl (RaftServerImpl.java:start(180)) - 4a606560-782d-41f4-a82c-f8e09b1c8270: start group-877AF57D76A8
2019-07-13 14:46:03,427 INFO  server.RaftServerConfigKeys (ConfUtils.java:logGet(43)) - raft.server.snapshot.auto.trigger.threshold = 10000 (custom)
2019-07-13 14:46:03,427 INFO  impl.RaftServerImpl (RaftServerImpl.java:setRole(171)) - 4a606560-782d-41f4-a82c-f8e09b1c8270:group-877AF57D76A8 changes role from null to FOLLOWER at term 0 for startAsFollower
2019-07-13 14:46:03,427 INFO  server.RaftServerConfigKeys (ConfUtils.java:logGet(43)) - raft.server.retrycache.expirytime = 600000ms (custom)
2019-07-13 14:46:03,429 INFO  impl.RoleInfo (RoleInfo.java:updateAndGet(143)) - 4a606560-782d-41f4-a82c-f8e09b1c8270: start FollowerState
2019-07-13 14:46:03,429 INFO  impl.RaftServerImpl (RaftServerImpl.java:start(180)) - c331b4b5-5fbe-4ae1-8871-22d2a53360f3: start group-877AF57D76A8
2019-07-13 14:46:03,429 INFO  impl.RaftServerImpl (RaftServerImpl.java:setRole(171)) - c331b4b5-5fbe-4ae1-8871-22d2a53360f3:group-877AF57D76A8 changes role from null to FOLLOWER at term 0 for startAsFollower
2019-07-13 14:46:03,429 INFO  impl.RoleInfo (RoleInfo.java:updateAndGet(143)) - c331b4b5-5fbe-4ae1-8871-22d2a53360f3: start FollowerState
2019-07-13 14:46:03,429 INFO  util.JmxRegister (JmxRegister.java:tryRegister(44)) - Successfully registered JMX Bean with object name Ratis:service=RaftServer,group=group-877AF57D76A8,id=4a606560-782d-41f4-a82c-f8e09b1c8270
2019-07-13 14:46:03,431 INFO  util.JmxRegister (JmxRegister.java:tryRegister(44)) - Successfully registered JMX Bean with object name Ratis:service=RaftServer,group=group-877AF57D76A8,id=c331b4b5-5fbe-4ae1-8871-22d2a53360f3
2019-07-13 14:46:03,443 INFO  pipeline.PipelineStateManager (PipelineStateManager.java:addPipeline(56)) - Created pipeline Pipeline[ Id: 1b6a9c9d-a56d-4791-b161-877af57d76a8, Nodes: c331b4b5-5fbe-4ae1-8871-22d2a53360f3{ip: 192.168.5.172, host: trunk-nightly-mhs6z-4061744966, networkLocation: /default-rack, certSerialId: null}4a606560-782d-41f4-a82c-f8e09b1c8270{ip: 192.168.5.172, host: trunk-nightly-mhs6z-4061744966, networkLocation: /default-rack, certSerialId: null}ac0119f1-421b-4781-81f6-2a8002de118c{ip: 192.168.5.172, host: trunk-nightly-mhs6z-4061744966, networkLocation: /default-rack, certSerialId: null}, Type:RATIS, Factor:THREE, State:OPEN]
2019-07-13 14:46:03,908 INFO  ozone.MiniOzoneClusterImpl (MiniOzoneClusterImpl.java:lambda$waitForClusterToBeReady$0(142)) - Cluster is ready. Got 7 of 7 DN Heartbeats.
2019-07-13 14:46:04,262 INFO  rpc.RpcClient (RpcClient.java:createVolume(287)) - Creating Volume: watchforcommithandlingtest, with jenkins1000 as owner.
2019-07-13 14:46:04,321 INFO  rpc.RpcClient (RpcClient.java:createBucket(424)) - Creating Bucket: watchforcommithandlingtest/watchforcommithandlingtest, with Versioning false and Storage Type set to DISK and Encryption set to false 
2019-07-13 14:46:04,344 INFO  ozone.MiniOzoneClusterImpl (MiniOzoneClusterImpl.java:getStorageContainerLocationClient(241)) - Creating StorageContainerLocationProtocol RPC client with address /0.0.0.0:37703
2019-07-13 14:46:04,608 INFO  container.ReplicationManager (ReplicationManager.java:start(155)) - Starting Replication Monitor Thread.
2019-07-13 14:46:04,617 INFO  container.ReplicationManager (ReplicationManager.java:run(207)) - Replication Monitor Thread took 5 milliseconds for processing 1 containers.
2019-07-13 14:46:04,635 INFO  client.GrpcClientProtocolClient (GrpcClientProtocolClient.java:onNext(255)) - client-7B833940D4FE->99aea4fe-89de-4f3c-9a7d-0d5d28528110: receive RaftClientReply:client-7B833940D4FE->99aea4fe-89de-4f3c-9a7d-0d5d28528110@group-28F00464AE53, cid=13, FAILED org.apache.ratis.protocol.NotLeaderException: Server 99aea4fe-89de-4f3c-9a7d-0d5d28528110 is not the leader (null). Request must be sent to leader., logIndex=0, commits[99aea4fe-89de-4f3c-9a7d-0d5d28528110:c-1]
2019-07-13 14:46:05,683 INFO  client.GrpcClientProtocolClient (GrpcClientProtocolClient.java:onNext(255)) - client-7B833940D4FE->5240f9e2-6874-4da6-957c-b394454a3027: receive RaftClientReply:client-7B833940D4FE->5240f9e2-6874-4da6-957c-b394454a3027@group-28F00464AE53, cid=13, FAILED org.apache.ratis.protocol.NotLeaderException: Server 5240f9e2-6874-4da6-957c-b394454a3027 is not the leader (null). Request must be sent to leader., logIndex=0, commits[5240f9e2-6874-4da6-957c-b394454a3027:c-1]
2019-07-13 14:46:06,711 INFO  client.GrpcClientProtocolClient (GrpcClientProtocolClient.java:onNext(255)) - client-7B833940D4FE->99aea4fe-89de-4f3c-9a7d-0d5d28528110: receive RaftClientReply:client-7B833940D4FE->99aea4fe-89de-4f3c-9a7d-0d5d28528110@group-28F00464AE53, cid=13, FAILED org.apache.ratis.protocol.NotLeaderException: Server 99aea4fe-89de-4f3c-9a7d-0d5d28528110 is not the leader (null). Request must be sent to leader., logIndex=0, commits[99aea4fe-89de-4f3c-9a7d-0d5d28528110:c-1]
2019-07-13 14:46:07,739 INFO  client.GrpcClientProtocolClient (GrpcClientProtocolClient.java:onNext(255)) - client-7B833940D4FE->08c2ab6c-a311-4cfe-a416-d6e158923be3: receive RaftClientReply:client-7B833940D4FE->08c2ab6c-a311-4cfe-a416-d6e158923be3@group-28F00464AE53, cid=13, FAILED org.apache.ratis.protocol.NotLeaderException: Server 08c2ab6c-a311-4cfe-a416-d6e158923be3 is not the leader (null). Request must be sent to leader., logIndex=0, commits[08c2ab6c-a311-4cfe-a416-d6e158923be3:c-1]
2019-07-13 14:46:07,913 INFO  impl.FollowerState (FollowerState.java:run(106)) - 08c2ab6c-a311-4cfe-a416-d6e158923be3:group-9B1F0BF35FA9 changes to CANDIDATE, lastRpcTime:5186, electionTimeout:5185ms
2019-07-13 14:46:07,913 INFO  impl.RoleInfo (RoleInfo.java:shutdownFollowerState(121)) - 08c2ab6c-a311-4cfe-a416-d6e158923be3: shutdown FollowerState
2019-07-13 14:46:07,913 INFO  impl.RaftServerImpl (RaftServerImpl.java:setRole(171)) - 08c2ab6c-a311-4cfe-a416-d6e158923be3:group-9B1F0BF35FA9 changes role from FOLLOWER to CANDIDATE at term 0 for changeToCandidate
2019-07-13 14:46:07,920 INFO  impl.RoleInfo (RoleInfo.java:updateAndGet(143)) - 08c2ab6c-a311-4cfe-a416-d6e158923be3: start LeaderElection
2019-07-13 14:46:07,933 INFO  impl.LeaderElection (LeaderElection.java:askForVotes(181)) - 08c2ab6c-a311-4cfe-a416-d6e158923be3:group-9B1F0BF35FA9:LeaderElection1: begin an election at term 1 for -1: [08c2ab6c-a311-4cfe-a416-d6e158923be3:192.168.5.172:37452], old=null
2019-07-13 14:46:07,935 INFO  impl.RoleInfo (RoleInfo.java:shutdownLeaderElection(134)) - 08c2ab6c-a311-4cfe-a416-d6e158923be3: shutdown LeaderElection
2019-07-13 14:46:07,936 INFO  impl.RaftServerImpl (RaftServerImpl.java:setRole(171)) - 08c2ab6c-a311-4cfe-a416-d6e158923be3:group-9B1F0BF35FA9 changes role from CANDIDATE to LEADER at term 1 for changeToLeader
2019-07-13 14:46:07,936 INFO  impl.RaftServerImpl (ServerState.java:setLeader(263)) - 08c2ab6c-a311-4cfe-a416-d6e158923be3:group-9B1F0BF35FA9 change Leader from null to 08c2ab6c-a311-4cfe-a416-d6e158923be3 at term 1 for becomeLeader, leader elected after 5294ms
2019-07-13 14:46:07,945 INFO  server.RaftServerConfigKeys (ConfUtils.java:logGet(43)) - raft.server.staging.catchup.gap = 1000 (default)
2019-07-13 14:46:07,945 INFO  server.RaftServerConfigKeys (ConfUtils.java:logGet(43)) - raft.server.rpc.sleep.time = 25ms (default)
2019-07-13 14:46:07,948 INFO  server.RaftServerConfigKeys (ConfUtils.java:logGet(43)) - raft.server.write.element-limit = 4096 (default)
2019-07-13 14:46:07,952 INFO  server.RaftServerConfigKeys (ConfUtils.java:logGet(43)) - raft.server.watch.timeout = 10s (default)
2019-07-13 14:46:07,952 INFO  server.RaftServerConfigKeys (ConfUtils.java:logGet(43)) - raft.server.watch.timeout.denomination = 1s (default)
2019-07-13 14:46:07,953 INFO  server.RaftServerConfigKeys (ConfUtils.java:logGet(43)) - raft.server.watch.element-limit = 65536 (default)
2019-07-13 14:46:07,964 INFO  impl.RoleInfo (RoleInfo.java:updateAndGet(143)) - 08c2ab6c-a311-4cfe-a416-d6e158923be3: start LeaderState
2019-07-13 14:46:07,976 INFO  impl.FollowerState (FollowerState.java:run(106)) - 99aea4fe-89de-4f3c-9a7d-0d5d28528110:group-A906197BB754 changes to CANDIDATE, lastRpcTime:5058, electionTimeout:5057ms
2019-07-13 14:46:07,978 INFO  impl.RoleInfo (RoleInfo.java:shutdownFollowerState(121)) - 99aea4fe-89de-4f3c-9a7d-0d5d28528110: shutdown FollowerState
2019-07-13 14:46:07,978 INFO  impl.RaftServerImpl (RaftServerImpl.java:setRole(171)) - 99aea4fe-89de-4f3c-9a7d-0d5d28528110:group-A906197BB754 changes role from FOLLOWER to CANDIDATE at term 0 for changeToCandidate
2019-07-13 14:46:07,979 INFO  impl.RoleInfo (RoleInfo.java:updateAndGet(143)) - 99aea4fe-89de-4f3c-9a7d-0d5d28528110: start LeaderElection
2019-07-13 14:46:07,995 INFO  impl.LeaderElection (LeaderElection.java:askForVotes(181)) - 99aea4fe-89de-4f3c-9a7d-0d5d28528110:group-A906197BB754:LeaderElection2: begin an election at term 1 for -1: [99aea4fe-89de-4f3c-9a7d-0d5d28528110:192.168.5.172:34305], old=null
2019-07-13 14:46:07,997 INFO  impl.RoleInfo (RoleInfo.java:shutdownLeaderElection(134)) - 99aea4fe-89de-4f3c-9a7d-0d5d28528110: shutdown LeaderElection
2019-07-13 14:46:07,997 INFO  impl.RaftServerImpl (RaftServerImpl.java:setRole(171)) - 99aea4fe-89de-4f3c-9a7d-0d5d28528110:group-A906197BB754 changes role from CANDIDATE to LEADER at term 1 for changeToLeader
2019-07-13 14:46:07,997 INFO  impl.RaftServerImpl (ServerState.java:setLeader(263)) - 99aea4fe-89de-4f3c-9a7d-0d5d28528110:group-A906197BB754 change Leader from null to 99aea4fe-89de-4f3c-9a7d-0d5d28528110 at term 1 for becomeLeader, leader elected after 5086ms
2019-07-13 14:46:07,997 INFO  server.RaftServerConfigKeys (ConfUtils.java:logGet(43)) - raft.server.staging.catchup.gap = 1000 (default)
2019-07-13 14:46:07,998 INFO  server.RaftServerConfigKeys (ConfUtils.java:logGet(43)) - raft.server.rpc.sleep.time = 25ms (default)
2019-07-13 14:46:07,998 INFO  server.RaftServerConfigKeys (ConfUtils.java:logGet(43)) - raft.server.write.element-limit = 4096 (default)
2019-07-13 14:46:07,998 INFO  server.RaftServerConfigKeys (ConfUtils.java:logGet(43)) - raft.server.watch.timeout = 10s (default)
2019-07-13 14:46:07,998 INFO  server.RaftServerConfigKeys (ConfUtils.java:logGet(43)) - raft.server.watch.timeout.denomination = 1s (default)
2019-07-13 14:46:08,000 INFO  server.RaftServerConfigKeys (ConfUtils.java:logGet(43)) - raft.server.watch.element-limit = 65536 (default)
2019-07-13 14:46:08,001 INFO  impl.RoleInfo (RoleInfo.java:updateAndGet(143)) - 99aea4fe-89de-4f3c-9a7d-0d5d28528110: start LeaderState
2019-07-13 14:46:08,001 INFO  segmented.SegmentedRaftLogWorker (SegmentedRaftLogWorker.java:startLogSegment(380)) - 08c2ab6c-a311-4cfe-a416-d6e158923be3-SegmentedRaftLogWorker:Storage Directory /tmp/workdir/hadoop-ozone/integration-test/target/test-dir/MiniOzoneClusterImpl-bd1ea3a1-9c10-429e-aead-7522ac8eaaf9/datanode-0/data/ratis/1e31c7cd-7757-4e1f-8ab7-9b1f0bf35fa9: Starting segment from index:0
2019-07-13 14:46:08,001 INFO  segmented.SegmentedRaftLogWorker (SegmentedRaftLogWorker.java:startLogSegment(380)) - 99aea4fe-89de-4f3c-9a7d-0d5d28528110-SegmentedRaftLogWorker:Storage Directory /tmp/workdir/hadoop-ozone/integration-test/target/test-dir/MiniOzoneClusterImpl-bd1ea3a1-9c10-429e-aead-7522ac8eaaf9/datanode-5/data/ratis/c4d58b77-dd8e-475a-a5bf-a906197bb754: Starting segment from index:0
2019-07-13 14:46:08,012 INFO  impl.RaftServerImpl (ServerState.java:setRaftConf(361)) - 08c2ab6c-a311-4cfe-a416-d6e158923be3:group-9B1F0BF35FA9 set configuration 0: [08c2ab6c-a311-4cfe-a416-d6e158923be3:192.168.5.172:37452], old=null at 0
2019-07-13 14:46:08,012 INFO  impl.RaftServerImpl (ServerState.java:setRaftConf(361)) - 99aea4fe-89de-4f3c-9a7d-0d5d28528110:group-A906197BB754 set configuration 0: [99aea4fe-89de-4f3c-9a7d-0d5d28528110:192.168.5.172:34305], old=null at 0
2019-07-13 14:46:08,079 INFO  impl.FollowerState (FollowerState.java:run(106)) - c331b4b5-5fbe-4ae1-8871-22d2a53360f3:group-A114E185548A changes to CANDIDATE, lastRpcTime:5046, electionTimeout:5046ms
2019-07-13 14:46:08,079 INFO  impl.RoleInfo (RoleInfo.java:shutdownFollowerState(121)) - c331b4b5-5fbe-4ae1-8871-22d2a53360f3: shutdown FollowerState
2019-07-13 14:46:08,079 INFO  impl.RaftServerImpl (RaftServerImpl.java:setRole(171)) - c331b4b5-5fbe-4ae1-8871-22d2a53360f3:group-A114E185548A changes role from FOLLOWER to CANDIDATE at term 0 for changeToCandidate
2019-07-13 14:46:08,079 INFO  impl.RoleInfo (RoleInfo.java:updateAndGet(143)) - c331b4b5-5fbe-4ae1-8871-22d2a53360f3: start LeaderElection
2019-07-13 14:46:08,101 INFO  impl.LeaderElection (LeaderElection.java:askForVotes(181)) - c331b4b5-5fbe-4ae1-8871-22d2a53360f3:group-A114E185548A:LeaderElection3: begin an election at term 1 for -1: [c331b4b5-5fbe-4ae1-8871-22d2a53360f3:192.168.5.172:34375], old=null
2019-07-13 14:46:08,101 INFO  impl.RoleInfo (RoleInfo.java:shutdownLeaderElection(134)) - c331b4b5-5fbe-4ae1-8871-22d2a53360f3: shutdown LeaderElection
2019-07-13 14:46:08,101 INFO  impl.RaftServerImpl (RaftServerImpl.java:setRole(171)) - c331b4b5-5fbe-4ae1-8871-22d2a53360f3:group-A114E185548A changes role from CANDIDATE to LEADER at term 1 for changeToLeader
2019-07-13 14:46:08,101 INFO  impl.RaftServerImpl (ServerState.java:setLeader(263)) - c331b4b5-5fbe-4ae1-8871-22d2a53360f3:group-A114E185548A change Leader from null to c331b4b5-5fbe-4ae1-8871-22d2a53360f3 at term 1 for becomeLeader, leader elected after 5072ms
2019-07-13 14:46:08,101 INFO  server.RaftServerConfigKeys (ConfUtils.java:logGet(43)) - raft.server.staging.catchup.gap = 1000 (default)
2019-07-13 14:46:08,101 INFO  server.RaftServerConfigKeys (ConfUtils.java:logGet(43)) - raft.server.rpc.sleep.time = 25ms (default)
2019-07-13 14:46:08,102 INFO  server.RaftServerConfigKeys (ConfUtils.java:logGet(43)) - raft.server.write.element-limit = 4096 (default)
2019-07-13 14:46:08,102 INFO  server.RaftServerConfigKeys (ConfUtils.java:logGet(43)) - raft.server.watch.timeout = 10s (default)
2019-07-13 14:46:08,102 INFO  server.RaftServerConfigKeys (ConfUtils.java:logGet(43)) - raft.server.watch.timeout.denomination = 1s (default)
2019-07-13 14:46:08,102 INFO  impl.FollowerState (FollowerState.java:run(106)) - 4a606560-782d-41f4-a82c-f8e09b1c8270:group-F3937A372C6F changes to CANDIDATE, lastRpcTime:5001, electionTimeout:5001ms
2019-07-13 14:46:08,102 INFO  server.RaftServerConfigKeys (ConfUtils.java:logGet(43)) - raft.server.watch.element-limit = 65536 (default)
2019-07-13 14:46:08,102 INFO  impl.RoleInfo (RoleInfo.java:shutdownFollowerState(121)) - 4a606560-782d-41f4-a82c-f8e09b1c8270: shutdown FollowerState
2019-07-13 14:46:08,102 INFO  impl.RaftServerImpl (RaftServerImpl.java:setRole(171)) - 4a606560-782d-41f4-a82c-f8e09b1c8270:group-F3937A372C6F changes role from FOLLOWER to CANDIDATE at term 0 for changeToCandidate
2019-07-13 14:46:08,102 INFO  impl.RoleInfo (RoleInfo.java:updateAndGet(143)) - c331b4b5-5fbe-4ae1-8871-22d2a53360f3: start LeaderState
2019-07-13 14:46:08,102 INFO  impl.RoleInfo (RoleInfo.java:updateAndGet(143)) - 4a606560-782d-41f4-a82c-f8e09b1c8270: start LeaderElection
2019-07-13 14:46:08,103 INFO  segmented.SegmentedRaftLogWorker (SegmentedRaftLogWorker.java:startLogSegment(380)) - c331b4b5-5fbe-4ae1-8871-22d2a53360f3-SegmentedRaftLogWorker:Storage Directory /tmp/workdir/hadoop-ozone/integration-test/target/test-dir/MiniOzoneClusterImpl-bd1ea3a1-9c10-429e-aead-7522ac8eaaf9/datanode-6/data/ratis/742809ef-c63c-4fb3-899a-a114e185548a: Starting segment from index:0
2019-07-13 14:46:08,109 INFO  impl.FollowerState (FollowerState.java:run(106)) - 5240f9e2-6874-4da6-957c-b394454a3027:group-91DDB2897545 changes to CANDIDATE, lastRpcTime:5128, electionTimeout:5125ms
2019-07-13 14:46:08,109 INFO  impl.RoleInfo (RoleInfo.java:shutdownFollowerState(121)) - 5240f9e2-6874-4da6-957c-b394454a3027: shutdown FollowerState
2019-07-13 14:46:08,109 INFO  impl.RaftServerImpl (ServerState.java:setRaftConf(361)) - c331b4b5-5fbe-4ae1-8871-22d2a53360f3:group-A114E185548A set configuration 0: [c331b4b5-5fbe-4ae1-8871-22d2a53360f3:192.168.5.172:34375], old=null at 0
2019-07-13 14:46:08,109 INFO  impl.RaftServerImpl (RaftServerImpl.java:setRole(171)) - 5240f9e2-6874-4da6-957c-b394454a3027:group-91DDB2897545 changes role from FOLLOWER to CANDIDATE at term 0 for changeToCandidate
2019-07-13 14:46:08,111 INFO  impl.RoleInfo (RoleInfo.java:updateAndGet(143)) - 5240f9e2-6874-4da6-957c-b394454a3027: start LeaderElection
2019-07-13 14:46:08,115 INFO  impl.LeaderElection (LeaderElection.java:askForVotes(181)) - 4a606560-782d-41f4-a82c-f8e09b1c8270:group-F3937A372C6F:LeaderElection4: begin an election at term 1 for -1: [4a606560-782d-41f4-a82c-f8e09b1c8270:192.168.5.172:46536], old=null
2019-07-13 14:46:08,115 INFO  impl.RoleInfo (RoleInfo.java:shutdownLeaderElection(134)) - 4a606560-782d-41f4-a82c-f8e09b1c8270: shutdown LeaderElection
2019-07-13 14:46:08,116 INFO  impl.RaftServerImpl (RaftServerImpl.java:setRole(171)) - 4a606560-782d-41f4-a82c-f8e09b1c8270:group-F3937A372C6F changes role from CANDIDATE to LEADER at term 1 for changeToLeader
2019-07-13 14:46:08,116 INFO  impl.RaftServerImpl (ServerState.java:setLeader(263)) - 4a606560-782d-41f4-a82c-f8e09b1c8270:group-F3937A372C6F change Leader from null to 4a606560-782d-41f4-a82c-f8e09b1c8270 at term 1 for becomeLeader, leader elected after 5019ms
2019-07-13 14:46:08,118 INFO  server.RaftServerConfigKeys (ConfUtils.java:logGet(43)) - raft.server.staging.catchup.gap = 1000 (default)
2019-07-13 14:46:08,118 INFO  server.RaftServerConfigKeys (ConfUtils.java:logGet(43)) - raft.server.rpc.sleep.time = 25ms (default)
2019-07-13 14:46:08,118 INFO  server.RaftServerConfigKeys (ConfUtils.java:logGet(43)) - raft.server.write.element-limit = 4096 (default)
2019-07-13 14:46:08,118 INFO  server.RaftServerConfigKeys (ConfUtils.java:logGet(43)) - raft.server.watch.timeout = 10s (default)
2019-07-13 14:46:08,118 INFO  server.RaftServerConfigKeys (ConfUtils.java:logGet(43)) - raft.server.watch.timeout.denomination = 1s (default)
2019-07-13 14:46:08,118 INFO  server.RaftServerConfigKeys (ConfUtils.java:logGet(43)) - raft.server.watch.element-limit = 65536 (default)
2019-07-13 14:46:08,119 INFO  impl.RoleInfo (RoleInfo.java:updateAndGet(143)) - 4a606560-782d-41f4-a82c-f8e09b1c8270: start LeaderState
2019-07-13 14:46:08,119 INFO  impl.LeaderElection (LeaderElection.java:askForVotes(181)) - 5240f9e2-6874-4da6-957c-b394454a3027:group-91DDB2897545:LeaderElection5: begin an election at term 1 for -1: [5240f9e2-6874-4da6-957c-b394454a3027:192.168.5.172:35998], old=null
2019-07-13 14:46:08,119 INFO  segmented.SegmentedRaftLogWorker (SegmentedRaftLogWorker.java:startLogSegment(380)) - 4a606560-782d-41f4-a82c-f8e09b1c8270-SegmentedRaftLogWorker:Storage Directory /tmp/workdir/hadoop-ozone/integration-test/target/test-dir/MiniOzoneClusterImpl-bd1ea3a1-9c10-429e-aead-7522ac8eaaf9/datanode-3/data/ratis/e8e82fd2-0d87-4d83-a890-f3937a372c6f: Starting segment from index:0
2019-07-13 14:46:08,119 INFO  impl.RoleInfo (RoleInfo.java:shutdownLeaderElection(134)) - 5240f9e2-6874-4da6-957c-b394454a3027: shutdown LeaderElection
2019-07-13 14:46:08,119 INFO  impl.RaftServerImpl (RaftServerImpl.java:setRole(171)) - 5240f9e2-6874-4da6-957c-b394454a3027:group-91DDB2897545 changes role from CANDIDATE to LEADER at term 1 for changeToLeader
2019-07-13 14:46:08,119 INFO  impl.RaftServerImpl (ServerState.java:setLeader(263)) - 5240f9e2-6874-4da6-957c-b394454a3027:group-91DDB2897545 change Leader from null to 5240f9e2-6874-4da6-957c-b394454a3027 at term 1 for becomeLeader, leader elected after 5143ms
2019-07-13 14:46:08,119 INFO  impl.RaftServerImpl (ServerState.java:setRaftConf(361)) - 4a606560-782d-41f4-a82c-f8e09b1c8270:group-F3937A372C6F set configuration 0: [4a606560-782d-41f4-a82c-f8e09b1c8270:192.168.5.172:46536], old=null at 0
2019-07-13 14:46:08,119 INFO  server.RaftServerConfigKeys (ConfUtils.java:logGet(43)) - raft.server.staging.catchup.gap = 1000 (default)
2019-07-13 14:46:08,121 INFO  server.RaftServerConfigKeys (ConfUtils.java:logGet(43)) - raft.server.rpc.sleep.time = 25ms (default)
2019-07-13 14:46:08,122 INFO  server.RaftServerConfigKeys (ConfUtils.java:logGet(43)) - raft.server.write.element-limit = 4096 (default)
2019-07-13 14:46:08,122 INFO  server.RaftServerConfigKeys (ConfUtils.java:logGet(43)) - raft.server.watch.timeout = 10s (default)
2019-07-13 14:46:08,122 INFO  server.RaftServerConfigKeys (ConfUtils.java:logGet(43)) - raft.server.watch.timeout.denomination = 1s (default)
2019-07-13 14:46:08,122 INFO  server.RaftServerConfigKeys (ConfUtils.java:logGet(43)) - raft.server.watch.element-limit = 65536 (default)
2019-07-13 14:46:08,122 INFO  impl.RoleInfo (RoleInfo.java:updateAndGet(143)) - 5240f9e2-6874-4da6-957c-b394454a3027: start LeaderState
2019-07-13 14:46:08,122 INFO  segmented.SegmentedRaftLogWorker (SegmentedRaftLogWorker.java:startLogSegment(380)) - 5240f9e2-6874-4da6-957c-b394454a3027-SegmentedRaftLogWorker:Storage Directory /tmp/workdir/hadoop-ozone/integration-test/target/test-dir/MiniOzoneClusterImpl-bd1ea3a1-9c10-429e-aead-7522ac8eaaf9/datanode-4/data/ratis/9b51d78e-f11a-4886-995c-91ddb2897545: Starting segment from index:0
2019-07-13 14:46:08,123 INFO  impl.RaftServerImpl (ServerState.java:setRaftConf(361)) - 5240f9e2-6874-4da6-957c-b394454a3027:group-91DDB2897545 set configuration 0: [5240f9e2-6874-4da6-957c-b394454a3027:192.168.5.172:35998], old=null at 0
2019-07-13 14:46:08,227 INFO  segmented.SegmentedRaftLogWorker (SegmentedRaftLogWorker.java:execute(569)) - 4a606560-782d-41f4-a82c-f8e09b1c8270-SegmentedRaftLogWorker:Storage Directory /tmp/workdir/hadoop-ozone/integration-test/target/test-dir/MiniOzoneClusterImpl-bd1ea3a1-9c10-429e-aead-7522ac8eaaf9/datanode-3/data/ratis/e8e82fd2-0d87-4d83-a890-f3937a372c6f: created new log segment /tmp/workdir/hadoop-ozone/integration-test/target/test-dir/MiniOzoneClusterImpl-bd1ea3a1-9c10-429e-aead-7522ac8eaaf9/datanode-3/data/ratis/e8e82fd2-0d87-4d83-a890-f3937a372c6f/current/log_inprogress_0
2019-07-13 14:46:08,227 INFO  segmented.SegmentedRaftLogWorker (SegmentedRaftLogWorker.java:execute(569)) - c331b4b5-5fbe-4ae1-8871-22d2a53360f3-SegmentedRaftLogWorker:Storage Directory /tmp/workdir/hadoop-ozone/integration-test/target/test-dir/MiniOzoneClusterImpl-bd1ea3a1-9c10-429e-aead-7522ac8eaaf9/datanode-6/data/ratis/742809ef-c63c-4fb3-899a-a114e185548a: created new log segment /tmp/workdir/hadoop-ozone/integration-test/target/test-dir/MiniOzoneClusterImpl-bd1ea3a1-9c10-429e-aead-7522ac8eaaf9/datanode-6/data/ratis/742809ef-c63c-4fb3-899a-a114e185548a/current/log_inprogress_0
2019-07-13 14:46:08,227 INFO  segmented.SegmentedRaftLogWorker (SegmentedRaftLogWorker.java:execute(569)) - 5240f9e2-6874-4da6-957c-b394454a3027-SegmentedRaftLogWorker:Storage Directory /tmp/workdir/hadoop-ozone/integration-test/target/test-dir/MiniOzoneClusterImpl-bd1ea3a1-9c10-429e-aead-7522ac8eaaf9/datanode-4/data/ratis/9b51d78e-f11a-4886-995c-91ddb2897545: created new log segment /tmp/workdir/hadoop-ozone/integration-test/target/test-dir/MiniOzoneClusterImpl-bd1ea3a1-9c10-429e-aead-7522ac8eaaf9/datanode-4/data/ratis/9b51d78e-f11a-4886-995c-91ddb2897545/current/log_inprogress_0
2019-07-13 14:46:08,227 INFO  segmented.SegmentedRaftLogWorker (SegmentedRaftLogWorker.java:execute(569)) - 08c2ab6c-a311-4cfe-a416-d6e158923be3-SegmentedRaftLogWorker:Storage Directory /tmp/workdir/hadoop-ozone/integration-test/target/test-dir/MiniOzoneClusterImpl-bd1ea3a1-9c10-429e-aead-7522ac8eaaf9/datanode-0/data/ratis/1e31c7cd-7757-4e1f-8ab7-9b1f0bf35fa9: created new log segment /tmp/workdir/hadoop-ozone/integration-test/target/test-dir/MiniOzoneClusterImpl-bd1ea3a1-9c10-429e-aead-7522ac8eaaf9/datanode-0/data/ratis/1e31c7cd-7757-4e1f-8ab7-9b1f0bf35fa9/current/log_inprogress_0
2019-07-13 14:46:08,227 INFO  segmented.SegmentedRaftLogWorker (SegmentedRaftLogWorker.java:execute(569)) - 99aea4fe-89de-4f3c-9a7d-0d5d28528110-SegmentedRaftLogWorker:Storage Directory /tmp/workdir/hadoop-ozone/integration-test/target/test-dir/MiniOzoneClusterImpl-bd1ea3a1-9c10-429e-aead-7522ac8eaaf9/datanode-5/data/ratis/c4d58b77-dd8e-475a-a5bf-a906197bb754: created new log segment /tmp/workdir/hadoop-ozone/integration-test/target/test-dir/MiniOzoneClusterImpl-bd1ea3a1-9c10-429e-aead-7522ac8eaaf9/datanode-5/data/ratis/c4d58b77-dd8e-475a-a5bf-a906197bb754/current/log_inprogress_0
2019-07-13 14:46:08,270 INFO  impl.FollowerState (FollowerState.java:run(106)) - 45fe42e5-52f9-490e-b10d-e50ce469a6ca:group-76B736556E67 changes to CANDIDATE, lastRpcTime:5015, electionTimeout:5008ms
2019-07-13 14:46:08,272 INFO  impl.RoleInfo (RoleInfo.java:shutdownFollowerState(121)) - 45fe42e5-52f9-490e-b10d-e50ce469a6ca: shutdown FollowerState
2019-07-13 14:46:08,272 INFO  impl.RaftServerImpl (RaftServerImpl.java:setRole(171)) - 45fe42e5-52f9-490e-b10d-e50ce469a6ca:group-76B736556E67 changes role from FOLLOWER to CANDIDATE at term 0 for changeToCandidate
2019-07-13 14:46:08,272 INFO  impl.RoleInfo (RoleInfo.java:updateAndGet(143)) - 45fe42e5-52f9-490e-b10d-e50ce469a6ca: start LeaderElection
2019-07-13 14:46:08,282 INFO  impl.LeaderElection (LeaderElection.java:askForVotes(181)) - 45fe42e5-52f9-490e-b10d-e50ce469a6ca:group-76B736556E67:LeaderElection6: begin an election at term 1 for -1: [45fe42e5-52f9-490e-b10d-e50ce469a6ca:192.168.5.172:46870], old=null
2019-07-13 14:46:08,288 INFO  impl.RoleInfo (RoleInfo.java:shutdownLeaderElection(134)) - 45fe42e5-52f9-490e-b10d-e50ce469a6ca: shutdown LeaderElection
2019-07-13 14:46:08,288 INFO  impl.RaftServerImpl (RaftServerImpl.java:setRole(171)) - 45fe42e5-52f9-490e-b10d-e50ce469a6ca:group-76B736556E67 changes role from CANDIDATE to LEADER at term 1 for changeToLeader
2019-07-13 14:46:08,288 INFO  impl.RaftServerImpl (ServerState.java:setLeader(263)) - 45fe42e5-52f9-490e-b10d-e50ce469a6ca:group-76B736556E67 change Leader from null to 45fe42e5-52f9-490e-b10d-e50ce469a6ca at term 1 for becomeLeader, leader elected after 5040ms
2019-07-13 14:46:08,290 INFO  server.RaftServerConfigKeys (ConfUtils.java:logGet(43)) - raft.server.staging.catchup.gap = 1000 (default)
2019-07-13 14:46:08,290 INFO  server.RaftServerConfigKeys (ConfUtils.java:logGet(43)) - raft.server.rpc.sleep.time = 25ms (default)
2019-07-13 14:46:08,291 INFO  server.RaftServerConfigKeys (ConfUtils.java:logGet(43)) - raft.server.write.element-limit = 4096 (default)
2019-07-13 14:46:08,291 INFO  server.RaftServerConfigKeys (ConfUtils.java:logGet(43)) - raft.server.watch.timeout = 10s (default)
2019-07-13 14:46:08,291 INFO  server.RaftServerConfigKeys (ConfUtils.java:logGet(43)) - raft.server.watch.timeout.denomination = 1s (default)
2019-07-13 14:46:08,291 INFO  server.RaftServerConfigKeys (ConfUtils.java:logGet(43)) - raft.server.watch.element-limit = 65536 (default)
2019-07-13 14:46:08,292 INFO  impl.RoleInfo (RoleInfo.java:updateAndGet(143)) - 45fe42e5-52f9-490e-b10d-e50ce469a6ca: start LeaderState
2019-07-13 14:46:08,292 INFO  segmented.SegmentedRaftLogWorker (SegmentedRaftLogWorker.java:startLogSegment(380)) - 45fe42e5-52f9-490e-b10d-e50ce469a6ca-SegmentedRaftLogWorker:Storage Directory /tmp/workdir/hadoop-ozone/integration-test/target/test-dir/MiniOzoneClusterImpl-bd1ea3a1-9c10-429e-aead-7522ac8eaaf9/datanode-2/data/ratis/dda139c7-f155-4201-ba49-76b736556e67: Starting segment from index:0
2019-07-13 14:46:08,293 INFO  impl.RaftServerImpl (ServerState.java:setRaftConf(361)) - 45fe42e5-52f9-490e-b10d-e50ce469a6ca:group-76B736556E67 set configuration 0: [45fe42e5-52f9-490e-b10d-e50ce469a6ca:192.168.5.172:46870], old=null at 0
2019-07-13 14:46:08,315 INFO  segmented.SegmentedRaftLogWorker (SegmentedRaftLogWorker.java:execute(569)) - 45fe42e5-52f9-490e-b10d-e50ce469a6ca-SegmentedRaftLogWorker:Storage Directory /tmp/workdir/hadoop-ozone/integration-test/target/test-dir/MiniOzoneClusterImpl-bd1ea3a1-9c10-429e-aead-7522ac8eaaf9/datanode-2/data/ratis/dda139c7-f155-4201-ba49-76b736556e67: created new log segment /tmp/workdir/hadoop-ozone/integration-test/target/test-dir/MiniOzoneClusterImpl-bd1ea3a1-9c10-429e-aead-7522ac8eaaf9/datanode-2/data/ratis/dda139c7-f155-4201-ba49-76b736556e67/current/log_inprogress_0
2019-07-13 14:46:08,354 INFO  impl.FollowerState (FollowerState.java:run(106)) - 08c2ab6c-a311-4cfe-a416-d6e158923be3:group-28F00464AE53 changes to CANDIDATE, lastRpcTime:5004, electionTimeout:5004ms
2019-07-13 14:46:08,354 INFO  impl.RoleInfo (RoleInfo.java:shutdownFollowerState(121)) - 08c2ab6c-a311-4cfe-a416-d6e158923be3: shutdown FollowerState
2019-07-13 14:46:08,354 INFO  impl.RaftServerImpl (RaftServerImpl.java:setRole(171)) - 08c2ab6c-a311-4cfe-a416-d6e158923be3:group-28F00464AE53 changes role from FOLLOWER to CANDIDATE at term 0 for changeToCandidate
2019-07-13 14:46:08,354 INFO  impl.RoleInfo (RoleInfo.java:updateAndGet(143)) - 08c2ab6c-a311-4cfe-a416-d6e158923be3: start LeaderElection
2019-07-13 14:46:08,371 INFO  impl.LeaderElection (LeaderElection.java:askForVotes(181)) - 08c2ab6c-a311-4cfe-a416-d6e158923be3:group-28F00464AE53:LeaderElection7: begin an election at term 1 for -1: [08c2ab6c-a311-4cfe-a416-d6e158923be3:192.168.5.172:37452, 5240f9e2-6874-4da6-957c-b394454a3027:192.168.5.172:35998, 99aea4fe-89de-4f3c-9a7d-0d5d28528110:192.168.5.172:34305], old=null
2019-07-13 14:46:08,398 INFO  impl.RaftServerImpl (RaftServerImpl.java:setRole(171)) - 5240f9e2-6874-4da6-957c-b394454a3027:group-28F00464AE53 changes role from FOLLOWER to FOLLOWER at term 1 for recognizeCandidate:08c2ab6c-a311-4cfe-a416-d6e158923be3
2019-07-13 14:46:08,398 INFO  impl.FollowerState (FollowerState.java:run(106)) - ac0119f1-421b-4781-81f6-2a8002de118c:group-75126C899B93 changes to CANDIDATE, lastRpcTime:5197, electionTimeout:5197ms
2019-07-13 14:46:08,398 INFO  impl.RoleInfo (RoleInfo.java:shutdownFollowerState(121)) - 5240f9e2-6874-4da6-957c-b394454a3027: shutdown FollowerState
2019-07-13 14:46:08,398 INFO  impl.RaftServerImpl (RaftServerImpl.java:setRole(171)) - 99aea4fe-89de-4f3c-9a7d-0d5d28528110:group-28F00464AE53 changes role from FOLLOWER to FOLLOWER at term 1 for recognizeCandidate:08c2ab6c-a311-4cfe-a416-d6e158923be3
2019-07-13 14:46:08,398 INFO  impl.FollowerState (FollowerState.java:run(114)) - 5240f9e2-6874-4da6-957c-b394454a3027: FollowerState was interrupted: java.lang.InterruptedException: sleep interrupted
2019-07-13 14:46:08,398 INFO  impl.RoleInfo (RoleInfo.java:updateAndGet(143)) - 5240f9e2-6874-4da6-957c-b394454a3027: start FollowerState
2019-07-13 14:46:08,398 INFO  impl.RoleInfo (RoleInfo.java:shutdownFollowerState(121)) - ac0119f1-421b-4781-81f6-2a8002de118c: shutdown FollowerState
2019-07-13 14:46:08,399 INFO  impl.RoleInfo (RoleInfo.java:shutdownFollowerState(121)) - 99aea4fe-89de-4f3c-9a7d-0d5d28528110: shutdown FollowerState
2019-07-13 14:46:08,401 INFO  impl.RaftServerImpl (RaftServerImpl.java:setRole(171)) - ac0119f1-421b-4781-81f6-2a8002de118c:group-75126C899B93 changes role from FOLLOWER to CANDIDATE at term 0 for changeToCandidate
2019-07-13 14:46:08,401 INFO  impl.FollowerState (FollowerState.java:run(114)) - 99aea4fe-89de-4f3c-9a7d-0d5d28528110: FollowerState was interrupted: java.lang.InterruptedException: sleep interrupted
2019-07-13 14:46:08,401 INFO  impl.RoleInfo (RoleInfo.java:updateAndGet(143)) - 99aea4fe-89de-4f3c-9a7d-0d5d28528110: start FollowerState
2019-07-13 14:46:08,401 INFO  impl.RoleInfo (RoleInfo.java:updateAndGet(143)) - ac0119f1-421b-4781-81f6-2a8002de118c: start LeaderElection
2019-07-13 14:46:08,413 INFO  impl.LeaderElection (LeaderElection.java:askForVotes(181)) - ac0119f1-421b-4781-81f6-2a8002de118c:group-75126C899B93:LeaderElection8: begin an election at term 1 for -1: [ac0119f1-421b-4781-81f6-2a8002de118c:192.168.5.172:38975], old=null
2019-07-13 14:46:08,413 INFO  impl.RoleInfo (RoleInfo.java:shutdownLeaderElection(134)) - ac0119f1-421b-4781-81f6-2a8002de118c: shutdown LeaderElection
2019-07-13 14:46:08,414 INFO  impl.RaftServerImpl (RaftServerImpl.java:setRole(171)) - ac0119f1-421b-4781-81f6-2a8002de118c:group-75126C899B93 changes role from CANDIDATE to LEADER at term 1 for changeToLeader
2019-07-13 14:46:08,414 INFO  impl.RaftServerImpl (ServerState.java:setLeader(263)) - ac0119f1-421b-4781-81f6-2a8002de118c:group-75126C899B93 change Leader from null to ac0119f1-421b-4781-81f6-2a8002de118c at term 1 for becomeLeader, leader elected after 5218ms
2019-07-13 14:46:08,416 INFO  server.RaftServerConfigKeys (ConfUtils.java:logGet(43)) - raft.server.staging.catchup.gap = 1000 (default)
2019-07-13 14:46:08,416 INFO  server.RaftServerConfigKeys (ConfUtils.java:logGet(43)) - raft.server.rpc.sleep.time = 25ms (default)
2019-07-13 14:46:08,416 INFO  server.RaftServerConfigKeys (ConfUtils.java:logGet(43)) - raft.server.write.element-limit = 4096 (default)
2019-07-13 14:46:08,416 INFO  server.RaftServerConfigKeys (ConfUtils.java:logGet(43)) - raft.server.watch.timeout = 10s (default)
2019-07-13 14:46:08,416 INFO  server.RaftServerConfigKeys (ConfUtils.java:logGet(43)) - raft.server.watch.timeout.denomination = 1s (default)
2019-07-13 14:46:08,416 INFO  server.RaftServerConfigKeys (ConfUtils.java:logGet(43)) - raft.server.watch.element-limit = 65536 (default)
2019-07-13 14:46:08,417 INFO  impl.RoleInfo (RoleInfo.java:updateAndGet(143)) - ac0119f1-421b-4781-81f6-2a8002de118c: start LeaderState
2019-07-13 14:46:08,417 INFO  segmented.SegmentedRaftLogWorker (SegmentedRaftLogWorker.java:startLogSegment(380)) - ac0119f1-421b-4781-81f6-2a8002de118c-SegmentedRaftLogWorker:Storage Directory /tmp/workdir/hadoop-ozone/integration-test/target/test-dir/MiniOzoneClusterImpl-bd1ea3a1-9c10-429e-aead-7522ac8eaaf9/datanode-1/data/ratis/6eb9fab9-2a6d-4e1e-aa73-75126c899b93: Starting segment from index:0
2019-07-13 14:46:08,418 INFO  impl.RaftServerImpl (ServerState.java:setRaftConf(361)) - ac0119f1-421b-4781-81f6-2a8002de118c:group-75126C899B93 set configuration 0: [ac0119f1-421b-4781-81f6-2a8002de118c:192.168.5.172:38975], old=null at 0
2019-07-13 14:46:08,439 INFO  segmented.SegmentedRaftLogWorker (SegmentedRaftLogWorker.java:execute(569)) - ac0119f1-421b-4781-81f6-2a8002de118c-SegmentedRaftLogWorker:Storage Directory /tmp/workdir/hadoop-ozone/integration-test/target/test-dir/MiniOzoneClusterImpl-bd1ea3a1-9c10-429e-aead-7522ac8eaaf9/datanode-1/data/ratis/6eb9fab9-2a6d-4e1e-aa73-75126c899b93: created new log segment /tmp/workdir/hadoop-ozone/integration-test/target/test-dir/MiniOzoneClusterImpl-bd1ea3a1-9c10-429e-aead-7522ac8eaaf9/datanode-1/data/ratis/6eb9fab9-2a6d-4e1e-aa73-75126c899b93/current/log_inprogress_0
2019-07-13 14:46:08,440 INFO  impl.LeaderElection (LeaderElection.java:logAndReturn(56)) - 08c2ab6c-a311-4cfe-a416-d6e158923be3:group-28F00464AE53:LeaderElection7: Election PASSED; received 1 response(s) [08c2ab6c-a311-4cfe-a416-d6e158923be3<-5240f9e2-6874-4da6-957c-b394454a3027#0:OK-t1] and 0 exception(s); 08c2ab6c-a311-4cfe-a416-d6e158923be3:t1, leader=null, voted=08c2ab6c-a311-4cfe-a416-d6e158923be3, raftlog=08c2ab6c-a311-4cfe-a416-d6e158923be3-SegmentedRaftLog:OPENED:c-1,f-1,i0, conf=-1: [08c2ab6c-a311-4cfe-a416-d6e158923be3:192.168.5.172:37452, 5240f9e2-6874-4da6-957c-b394454a3027:192.168.5.172:35998, 99aea4fe-89de-4f3c-9a7d-0d5d28528110:192.168.5.172:34305], old=null
2019-07-13 14:46:08,440 INFO  impl.RoleInfo (RoleInfo.java:shutdownLeaderElection(134)) - 08c2ab6c-a311-4cfe-a416-d6e158923be3: shutdown LeaderElection
2019-07-13 14:46:08,440 INFO  impl.RaftServerImpl (RaftServerImpl.java:setRole(171)) - 08c2ab6c-a311-4cfe-a416-d6e158923be3:group-28F00464AE53 changes role from CANDIDATE to LEADER at term 1 for changeToLeader
2019-07-13 14:46:08,442 INFO  impl.RaftServerImpl (ServerState.java:setLeader(263)) - 08c2ab6c-a311-4cfe-a416-d6e158923be3:group-28F00464AE53 change Leader from null to 08c2ab6c-a311-4cfe-a416-d6e158923be3 at term 1 for becomeLeader, leader elected after 5108ms
2019-07-13 14:46:08,443 INFO  server.RaftServerConfigKeys (ConfUtils.java:logGet(43)) - raft.server.staging.catchup.gap = 1000 (default)
2019-07-13 14:46:08,443 INFO  server.RaftServerConfigKeys (ConfUtils.java:logGet(43)) - raft.server.rpc.sleep.time = 25ms (default)
2019-07-13 14:46:08,444 INFO  server.RaftServerConfigKeys (ConfUtils.java:logGet(43)) - raft.server.write.element-limit = 4096 (default)
2019-07-13 14:46:08,444 INFO  server.RaftServerConfigKeys (ConfUtils.java:logGet(43)) - raft.server.watch.timeout = 10s (default)
2019-07-13 14:46:08,444 INFO  server.RaftServerConfigKeys (ConfUtils.java:logGet(43)) - raft.server.watch.timeout.denomination = 1s (default)
2019-07-13 14:46:08,444 INFO  server.RaftServerConfigKeys (ConfUtils.java:logGet(43)) - raft.server.watch.element-limit = 65536 (default)
2019-07-13 14:46:08,446 INFO  server.RaftServerConfigKeys (ConfUtils.java:logGet(43)) - raft.server.log.appender.snapshot.chunk.size.max = 16MB (=16777216) (default)
2019-07-13 14:46:08,447 INFO  server.RaftServerConfigKeys (ConfUtils.java:logGet(43)) - raft.server.log.appender.buffer.byte-limit = 33554432 (custom)
2019-07-13 14:46:08,447 INFO  server.RaftServerConfigKeys (ConfUtils.java:logGet(43)) - raft.server.log.appender.buffer.element-limit = 1 (custom)
2019-07-13 14:46:08,450 INFO  grpc.GrpcConfigKeys$Server (ConfUtils.java:logGet(43)) - raft.grpc.server.leader.outstanding.appends.max = 128 (default)
2019-07-13 14:46:08,451 INFO  server.RaftServerConfigKeys (ConfUtils.java:logGet(43)) - raft.server.rpc.request.timeout = 3000ms (default)
2019-07-13 14:46:08,452 INFO  server.RaftServerConfigKeys (ConfUtils.java:logGet(43)) - raft.server.log.appender.install.snapshot.enabled = false (custom)
2019-07-13 14:46:08,452 INFO  server.RaftServerConfigKeys (ConfUtils.java:logGet(43)) - raft.server.log.appender.snapshot.chunk.size.max = 16MB (=16777216) (default)
2019-07-13 14:46:08,452 INFO  server.RaftServerConfigKeys (ConfUtils.java:logGet(43)) - raft.server.log.appender.buffer.byte-limit = 33554432 (custom)
2019-07-13 14:46:08,452 INFO  server.RaftServerConfigKeys (ConfUtils.java:logGet(43)) - raft.server.log.appender.buffer.element-limit = 1 (custom)
2019-07-13 14:46:08,452 INFO  grpc.GrpcConfigKeys$Server (ConfUtils.java:logGet(43)) - raft.grpc.server.leader.outstanding.appends.max = 128 (default)
2019-07-13 14:46:08,452 INFO  server.RaftServerConfigKeys (ConfUtils.java:logGet(43)) - raft.server.rpc.request.timeout = 3000ms (default)
2019-07-13 14:46:08,453 INFO  server.RaftServerConfigKeys (ConfUtils.java:logGet(43)) - raft.server.log.appender.install.snapshot.enabled = false (custom)
2019-07-13 14:46:08,454 INFO  impl.RoleInfo (RoleInfo.java:updateAndGet(143)) - 08c2ab6c-a311-4cfe-a416-d6e158923be3: start LeaderState
2019-07-13 14:46:08,454 INFO  segmented.SegmentedRaftLogWorker (SegmentedRaftLogWorker.java:startLogSegment(380)) - 08c2ab6c-a311-4cfe-a416-d6e158923be3-SegmentedRaftLogWorker:Storage Directory /tmp/workdir/hadoop-ozone/integration-test/target/test-dir/MiniOzoneClusterImpl-bd1ea3a1-9c10-429e-aead-7522ac8eaaf9/datanode-0/data/ratis/de2acd94-efc8-4572-8b8a-28f00464ae53: Starting segment from index:0
2019-07-13 14:46:08,455 INFO  impl.RaftServerImpl (ServerState.java:setRaftConf(361)) - 08c2ab6c-a311-4cfe-a416-d6e158923be3:group-28F00464AE53 set configuration 0: [08c2ab6c-a311-4cfe-a416-d6e158923be3:192.168.5.172:37452, 5240f9e2-6874-4da6-957c-b394454a3027:192.168.5.172:35998, 99aea4fe-89de-4f3c-9a7d-0d5d28528110:192.168.5.172:34305], old=null at 0
2019-07-13 14:46:08,476 INFO  segmented.SegmentedRaftLogWorker (SegmentedRaftLogWorker.java:execute(569)) - 08c2ab6c-a311-4cfe-a416-d6e158923be3-SegmentedRaftLogWorker:Storage Directory /tmp/workdir/hadoop-ozone/integration-test/target/test-dir/MiniOzoneClusterImpl-bd1ea3a1-9c10-429e-aead-7522ac8eaaf9/datanode-0/data/ratis/de2acd94-efc8-4572-8b8a-28f00464ae53: created new log segment /tmp/workdir/hadoop-ozone/integration-test/target/test-dir/MiniOzoneClusterImpl-bd1ea3a1-9c10-429e-aead-7522ac8eaaf9/datanode-0/data/ratis/de2acd94-efc8-4572-8b8a-28f00464ae53/current/log_inprogress_0
2019-07-13 14:46:08,498 INFO  impl.RaftServerImpl (ServerState.java:setLeader(263)) - 99aea4fe-89de-4f3c-9a7d-0d5d28528110:group-28F00464AE53 change Leader from null to 08c2ab6c-a311-4cfe-a416-d6e158923be3 at term 1 for appendEntries, leader elected after 5170ms
2019-07-13 14:46:08,499 INFO  impl.RaftServerImpl (ServerState.java:setLeader(263)) - 5240f9e2-6874-4da6-957c-b394454a3027:group-28F00464AE53 change Leader from null to 08c2ab6c-a311-4cfe-a416-d6e158923be3 at term 1 for appendEntries, leader elected after 5167ms
2019-07-13 14:46:08,526 INFO  impl.RaftServerImpl (ServerState.java:setRaftConf(361)) - 5240f9e2-6874-4da6-957c-b394454a3027:group-28F00464AE53 set configuration 0: [08c2ab6c-a311-4cfe-a416-d6e158923be3:192.168.5.172:37452, 5240f9e2-6874-4da6-957c-b394454a3027:192.168.5.172:35998, 99aea4fe-89de-4f3c-9a7d-0d5d28528110:192.168.5.172:34305], old=null at 0
2019-07-13 14:46:08,527 INFO  impl.RaftServerImpl (ServerState.java:setRaftConf(361)) - 99aea4fe-89de-4f3c-9a7d-0d5d28528110:group-28F00464AE53 set configuration 0: [08c2ab6c-a311-4cfe-a416-d6e158923be3:192.168.5.172:37452, 5240f9e2-6874-4da6-957c-b394454a3027:192.168.5.172:35998, 99aea4fe-89de-4f3c-9a7d-0d5d28528110:192.168.5.172:34305], old=null at 0
2019-07-13 14:46:08,527 INFO  segmented.SegmentedRaftLogWorker (SegmentedRaftLogWorker.java:startLogSegment(380)) - 5240f9e2-6874-4da6-957c-b394454a3027-SegmentedRaftLogWorker:Storage Directory /tmp/workdir/hadoop-ozone/integration-test/target/test-dir/MiniOzoneClusterImpl-bd1ea3a1-9c10-429e-aead-7522ac8eaaf9/datanode-4/data/ratis/de2acd94-efc8-4572-8b8a-28f00464ae53: Starting segment from index:0
2019-07-13 14:46:08,527 INFO  segmented.SegmentedRaftLogWorker (SegmentedRaftLogWorker.java:startLogSegment(380)) - 99aea4fe-89de-4f3c-9a7d-0d5d28528110-SegmentedRaftLogWorker:Storage Directory /tmp/workdir/hadoop-ozone/integration-test/target/test-dir/MiniOzoneClusterImpl-bd1ea3a1-9c10-429e-aead-7522ac8eaaf9/datanode-5/data/ratis/de2acd94-efc8-4572-8b8a-28f00464ae53: Starting segment from index:0
2019-07-13 14:46:08,546 INFO  segmented.SegmentedRaftLogWorker (SegmentedRaftLogWorker.java:execute(569)) - 99aea4fe-89de-4f3c-9a7d-0d5d28528110-SegmentedRaftLogWorker:Storage Directory /tmp/workdir/hadoop-ozone/integration-test/target/test-dir/MiniOzoneClusterImpl-bd1ea3a1-9c10-429e-aead-7522ac8eaaf9/datanode-5/data/ratis/de2acd94-efc8-4572-8b8a-28f00464ae53: created new log segment /tmp/workdir/hadoop-ozone/integration-test/target/test-dir/MiniOzoneClusterImpl-bd1ea3a1-9c10-429e-aead-7522ac8eaaf9/datanode-5/data/ratis/de2acd94-efc8-4572-8b8a-28f00464ae53/current/log_inprogress_0
2019-07-13 14:46:08,546 INFO  segmented.SegmentedRaftLogWorker (SegmentedRaftLogWorker.java:execute(569)) - 5240f9e2-6874-4da6-957c-b394454a3027-SegmentedRaftLogWorker:Storage Directory /tmp/workdir/hadoop-ozone/integration-test/target/test-dir/MiniOzoneClusterImpl-bd1ea3a1-9c10-429e-aead-7522ac8eaaf9/datanode-4/data/ratis/de2acd94-efc8-4572-8b8a-28f00464ae53: created new log segment /tmp/workdir/hadoop-ozone/integration-test/target/test-dir/MiniOzoneClusterImpl-bd1ea3a1-9c10-429e-aead-7522ac8eaaf9/datanode-4/data/ratis/de2acd94-efc8-4572-8b8a-28f00464ae53/current/log_inprogress_0
2019-07-13 14:46:08,551 INFO  impl.FollowerState (FollowerState.java:run(106)) - 4a606560-782d-41f4-a82c-f8e09b1c8270:group-877AF57D76A8 changes to CANDIDATE, lastRpcTime:5122, electionTimeout:5122ms
2019-07-13 14:46:08,555 INFO  impl.FollowerState (FollowerState.java:run(106)) - c331b4b5-5fbe-4ae1-8871-22d2a53360f3:group-877AF57D76A8 changes to CANDIDATE, lastRpcTime:5125, electionTimeout:5121ms
2019-07-13 14:46:08,558 INFO  impl.RoleInfo (RoleInfo.java:shutdownFollowerState(121)) - c331b4b5-5fbe-4ae1-8871-22d2a53360f3: shutdown FollowerState
2019-07-13 14:46:08,555 INFO  impl.RoleInfo (RoleInfo.java:shutdownFollowerState(121)) - 4a606560-782d-41f4-a82c-f8e09b1c8270: shutdown FollowerState
2019-07-13 14:46:08,558 INFO  impl.RaftServerImpl (RaftServerImpl.java:setRole(171)) - c331b4b5-5fbe-4ae1-8871-22d2a53360f3:group-877AF57D76A8 changes role from FOLLOWER to CANDIDATE at term 0 for changeToCandidate
2019-07-13 14:46:08,558 INFO  impl.RaftServerImpl (RaftServerImpl.java:setRole(171)) - 4a606560-782d-41f4-a82c-f8e09b1c8270:group-877AF57D76A8 changes role from FOLLOWER to CANDIDATE at term 0 for changeToCandidate
2019-07-13 14:46:08,559 INFO  impl.RoleInfo (RoleInfo.java:updateAndGet(143)) - c331b4b5-5fbe-4ae1-8871-22d2a53360f3: start LeaderElection
2019-07-13 14:46:08,559 INFO  impl.RoleInfo (RoleInfo.java:updateAndGet(143)) - 4a606560-782d-41f4-a82c-f8e09b1c8270: start LeaderElection
2019-07-13 14:46:08,577 INFO  impl.LeaderElection (LeaderElection.java:askForVotes(181)) - c331b4b5-5fbe-4ae1-8871-22d2a53360f3:group-877AF57D76A8:LeaderElection9: begin an election at term 1 for -1: [c331b4b5-5fbe-4ae1-8871-22d2a53360f3:192.168.5.172:34375, 4a606560-782d-41f4-a82c-f8e09b1c8270:192.168.5.172:46536, ac0119f1-421b-4781-81f6-2a8002de118c:192.168.5.172:38975], old=null
2019-07-13 14:46:08,577 INFO  impl.LeaderElection (LeaderElection.java:askForVotes(181)) - 4a606560-782d-41f4-a82c-f8e09b1c8270:group-877AF57D76A8:LeaderElection10: begin an election at term 1 for -1: [c331b4b5-5fbe-4ae1-8871-22d2a53360f3:192.168.5.172:34375, 4a606560-782d-41f4-a82c-f8e09b1c8270:192.168.5.172:46536, ac0119f1-421b-4781-81f6-2a8002de118c:192.168.5.172:38975], old=null
2019-07-13 14:46:08,614 INFO  impl.FollowerState (FollowerState.java:run(106)) - ac0119f1-421b-4781-81f6-2a8002de118c:group-877AF57D76A8 changes to CANDIDATE, lastRpcTime:5191, electionTimeout:5190ms
2019-07-13 14:46:08,614 INFO  impl.RoleInfo (RoleInfo.java:shutdownFollowerState(121)) - ac0119f1-421b-4781-81f6-2a8002de118c: shutdown FollowerState
2019-07-13 14:46:08,614 INFO  impl.RaftServerImpl (RaftServerImpl.java:setRole(171)) - ac0119f1-421b-4781-81f6-2a8002de118c:group-877AF57D76A8 changes role from FOLLOWER to CANDIDATE at term 0 for changeToCandidate
2019-07-13 14:46:08,622 INFO  impl.RoleInfo (RoleInfo.java:updateAndGet(143)) - ac0119f1-421b-4781-81f6-2a8002de118c: start LeaderElection
2019-07-13 14:46:08,625 INFO  impl.RaftServerImpl (RaftServerImpl.java:setRole(171)) - ac0119f1-421b-4781-81f6-2a8002de118c:group-877AF57D76A8 changes role from CANDIDATE to FOLLOWER at term 1 for recognizeCandidate:4a606560-782d-41f4-a82c-f8e09b1c8270
2019-07-13 14:46:08,626 INFO  impl.RoleInfo (RoleInfo.java:shutdownLeaderElection(134)) - ac0119f1-421b-4781-81f6-2a8002de118c: shutdown LeaderElection
2019-07-13 14:46:08,632 INFO  impl.RoleInfo (RoleInfo.java:updateAndGet(143)) - ac0119f1-421b-4781-81f6-2a8002de118c: start FollowerState
2019-07-13 14:46:08,637 INFO  impl.RaftServerImpl (RaftServerImpl.java:setRole(171)) - ac0119f1-421b-4781-81f6-2a8002de118c:group-877AF57D76A8 changes role from FOLLOWER to FOLLOWER at term 1 for recognizeCandidate:c331b4b5-5fbe-4ae1-8871-22d2a53360f3
2019-07-13 14:46:08,638 INFO  impl.RoleInfo (RoleInfo.java:shutdownFollowerState(121)) - ac0119f1-421b-4781-81f6-2a8002de118c: shutdown FollowerState
2019-07-13 14:46:08,638 INFO  impl.RoleInfo (RoleInfo.java:updateAndGet(143)) - ac0119f1-421b-4781-81f6-2a8002de118c: start FollowerState
2019-07-13 14:46:08,638 INFO  impl.FollowerState (FollowerState.java:run(114)) - ac0119f1-421b-4781-81f6-2a8002de118c: FollowerState was interrupted: java.lang.InterruptedException: sleep interrupted
2019-07-13 14:46:08,641 INFO  impl.LeaderElection (LeaderElection.java:logAndReturn(56)) - 4a606560-782d-41f4-a82c-f8e09b1c8270:group-877AF57D76A8:LeaderElection10: Election REJECTED; received 2 response(s) [4a606560-782d-41f4-a82c-f8e09b1c8270<-c331b4b5-5fbe-4ae1-8871-22d2a53360f3#0:FAIL-t1, 4a606560-782d-41f4-a82c-f8e09b1c8270<-ac0119f1-421b-4781-81f6-2a8002de118c#0:FAIL-t1] and 0 exception(s); 4a606560-782d-41f4-a82c-f8e09b1c8270:t1, leader=null, voted=4a606560-782d-41f4-a82c-f8e09b1c8270, raftlog=4a606560-782d-41f4-a82c-f8e09b1c8270-SegmentedRaftLog:OPENED:c-1,f-1,i0, conf=-1: [c331b4b5-5fbe-4ae1-8871-22d2a53360f3:192.168.5.172:34375, 4a606560-782d-41f4-a82c-f8e09b1c8270:192.168.5.172:46536, ac0119f1-421b-4781-81f6-2a8002de118c:192.168.5.172:38975], old=null
2019-07-13 14:46:08,641 INFO  impl.RaftServerImpl (RaftServerImpl.java:setRole(171)) - 4a606560-782d-41f4-a82c-f8e09b1c8270:group-877AF57D76A8 changes role from CANDIDATE to FOLLOWER at term 1 for DISCOVERED_A_NEW_TERM
2019-07-13 14:46:08,641 INFO  impl.RoleInfo (RoleInfo.java:shutdownLeaderElection(134)) - 4a606560-782d-41f4-a82c-f8e09b1c8270: shutdown LeaderElection
2019-07-13 14:46:08,644 INFO  impl.RoleInfo (RoleInfo.java:updateAndGet(143)) - 4a606560-782d-41f4-a82c-f8e09b1c8270: start FollowerState
2019-07-13 14:46:08,648 INFO  impl.LeaderElection (LeaderElection.java:logAndReturn(56)) - c331b4b5-5fbe-4ae1-8871-22d2a53360f3:group-877AF57D76A8:LeaderElection9: Election PASSED; received 2 response(s) [c331b4b5-5fbe-4ae1-8871-22d2a53360f3<-4a606560-782d-41f4-a82c-f8e09b1c8270#0:FAIL-t1, c331b4b5-5fbe-4ae1-8871-22d2a53360f3<-ac0119f1-421b-4781-81f6-2a8002de118c#0:OK-t1] and 0 exception(s); c331b4b5-5fbe-4ae1-8871-22d2a53360f3:t1, leader=null, voted=c331b4b5-5fbe-4ae1-8871-22d2a53360f3, raftlog=c331b4b5-5fbe-4ae1-8871-22d2a53360f3-SegmentedRaftLog:OPENED:c-1,f-1,i0, conf=-1: [c331b4b5-5fbe-4ae1-8871-22d2a53360f3:192.168.5.172:34375, 4a606560-782d-41f4-a82c-f8e09b1c8270:192.168.5.172:46536, ac0119f1-421b-4781-81f6-2a8002de118c:192.168.5.172:38975], old=null
2019-07-13 14:46:08,649 INFO  impl.LeaderElection (LeaderElection.java:askForVotes(181)) - ac0119f1-421b-4781-81f6-2a8002de118c:group-877AF57D76A8:LeaderElection11: begin an election at term 2 for -1: [c331b4b5-5fbe-4ae1-8871-22d2a53360f3:192.168.5.172:34375, 4a606560-782d-41f4-a82c-f8e09b1c8270:192.168.5.172:46536, ac0119f1-421b-4781-81f6-2a8002de118c:192.168.5.172:38975], old=null
2019-07-13 14:46:08,649 INFO  impl.RoleInfo (RoleInfo.java:shutdownLeaderElection(134)) - c331b4b5-5fbe-4ae1-8871-22d2a53360f3: shutdown LeaderElection
2019-07-13 14:46:08,652 INFO  impl.RaftServerImpl (RaftServerImpl.java:setRole(171)) - c331b4b5-5fbe-4ae1-8871-22d2a53360f3:group-877AF57D76A8 changes role from CANDIDATE to LEADER at term 1 for changeToLeader
2019-07-13 14:46:08,652 INFO  impl.RaftServerImpl (ServerState.java:setLeader(263)) - c331b4b5-5fbe-4ae1-8871-22d2a53360f3:group-877AF57D76A8 change Leader from null to c331b4b5-5fbe-4ae1-8871-22d2a53360f3 at term 1 for becomeLeader, leader elected after 5236ms
2019-07-13 14:46:08,653 INFO  server.RaftServerConfigKeys (ConfUtils.java:logGet(43)) - raft.server.staging.catchup.gap = 1000 (default)
2019-07-13 14:46:08,653 INFO  server.RaftServerConfigKeys (ConfUtils.java:logGet(43)) - raft.server.rpc.sleep.time = 25ms (default)
2019-07-13 14:46:08,653 INFO  server.RaftServerConfigKeys (ConfUtils.java:logGet(43)) - raft.server.write.element-limit = 4096 (default)
2019-07-13 14:46:08,653 INFO  impl.LeaderElection (LeaderElection.java:logAndReturn(56)) - ac0119f1-421b-4781-81f6-2a8002de118c:group-877AF57D76A8:LeaderElection11: Election REJECTED; received 0 response(s) [] and 0 exception(s); ac0119f1-421b-4781-81f6-2a8002de118c:t2, leader=null, voted=ac0119f1-421b-4781-81f6-2a8002de118c, raftlog=ac0119f1-421b-4781-81f6-2a8002de118c-SegmentedRaftLog:OPENED:c-1,f-1,i0, conf=-1: [c331b4b5-5fbe-4ae1-8871-22d2a53360f3:192.168.5.172:34375, 4a606560-782d-41f4-a82c-f8e09b1c8270:192.168.5.172:46536, ac0119f1-421b-4781-81f6-2a8002de118c:192.168.5.172:38975], old=null
2019-07-13 14:46:08,653 INFO  server.RaftServerConfigKeys (ConfUtils.java:logGet(43)) - raft.server.watch.timeout = 10s (default)
2019-07-13 14:46:08,653 INFO  server.RaftServerConfigKeys (ConfUtils.java:logGet(43)) - raft.server.watch.timeout.denomination = 1s (default)
2019-07-13 14:46:08,655 INFO  server.RaftServerConfigKeys (ConfUtils.java:logGet(43)) - raft.server.watch.element-limit = 65536 (default)
2019-07-13 14:46:08,657 INFO  server.RaftServerConfigKeys (ConfUtils.java:logGet(43)) - raft.server.log.appender.snapshot.chunk.size.max = 16MB (=16777216) (default)
2019-07-13 14:46:08,658 INFO  server.RaftServerConfigKeys (ConfUtils.java:logGet(43)) - raft.server.log.appender.buffer.byte-limit = 33554432 (custom)
2019-07-13 14:46:08,658 INFO  server.RaftServerConfigKeys (ConfUtils.java:logGet(43)) - raft.server.log.appender.buffer.element-limit = 1 (custom)
2019-07-13 14:46:08,658 INFO  grpc.GrpcConfigKeys$Server (ConfUtils.java:logGet(43)) - raft.grpc.server.leader.outstanding.appends.max = 128 (default)
2019-07-13 14:46:08,659 INFO  server.RaftServerConfigKeys (ConfUtils.java:logGet(43)) - raft.server.rpc.request.timeout = 3000ms (default)
2019-07-13 14:46:08,659 INFO  server.RaftServerConfigKeys (ConfUtils.java:logGet(43)) - raft.server.log.appender.install.snapshot.enabled = false (custom)
2019-07-13 14:46:08,659 INFO  server.RaftServerConfigKeys (ConfUtils.java:logGet(43)) - raft.server.log.appender.snapshot.chunk.size.max = 16MB (=16777216) (default)
2019-07-13 14:46:08,659 INFO  server.RaftServerConfigKeys (ConfUtils.java:logGet(43)) - raft.server.log.appender.buffer.byte-limit = 33554432 (custom)
2019-07-13 14:46:08,660 INFO  server.RaftServerConfigKeys (ConfUtils.java:logGet(43)) - raft.server.log.appender.buffer.element-limit = 1 (custom)
2019-07-13 14:46:08,660 INFO  grpc.GrpcConfigKeys$Server (ConfUtils.java:logGet(43)) - raft.grpc.server.leader.outstanding.appends.max = 128 (default)
2019-07-13 14:46:08,660 INFO  server.RaftServerConfigKeys (ConfUtils.java:logGet(43)) - raft.server.rpc.request.timeout = 3000ms (default)
2019-07-13 14:46:08,660 INFO  server.RaftServerConfigKeys (ConfUtils.java:logGet(43)) - raft.server.log.appender.install.snapshot.enabled = false (custom)
2019-07-13 14:46:08,660 INFO  impl.RoleInfo (RoleInfo.java:updateAndGet(143)) - c331b4b5-5fbe-4ae1-8871-22d2a53360f3: start LeaderState
2019-07-13 14:46:08,661 INFO  segmented.SegmentedRaftLogWorker (SegmentedRaftLogWorker.java:startLogSegment(380)) - c331b4b5-5fbe-4ae1-8871-22d2a53360f3-SegmentedRaftLogWorker:Storage Directory /tmp/workdir/hadoop-ozone/integration-test/target/test-dir/MiniOzoneClusterImpl-bd1ea3a1-9c10-429e-aead-7522ac8eaaf9/datanode-6/data/ratis/1b6a9c9d-a56d-4791-b161-877af57d76a8: Starting segment from index:0
2019-07-13 14:46:08,662 INFO  impl.RaftServerImpl (ServerState.java:setRaftConf(361)) - c331b4b5-5fbe-4ae1-8871-22d2a53360f3:group-877AF57D76A8 set configuration 0: [c331b4b5-5fbe-4ae1-8871-22d2a53360f3:192.168.5.172:34375, 4a606560-782d-41f4-a82c-f8e09b1c8270:192.168.5.172:46536, ac0119f1-421b-4781-81f6-2a8002de118c:192.168.5.172:38975], old=null at 0
2019-07-13 14:46:08,688 INFO  segmented.SegmentedRaftLogWorker (SegmentedRaftLogWorker.java:execute(569)) - c331b4b5-5fbe-4ae1-8871-22d2a53360f3-SegmentedRaftLogWorker:Storage Directory /tmp/workdir/hadoop-ozone/integration-test/target/test-dir/MiniOzoneClusterImpl-bd1ea3a1-9c10-429e-aead-7522ac8eaaf9/datanode-6/data/ratis/1b6a9c9d-a56d-4791-b161-877af57d76a8: created new log segment /tmp/workdir/hadoop-ozone/integration-test/target/test-dir/MiniOzoneClusterImpl-bd1ea3a1-9c10-429e-aead-7522ac8eaaf9/datanode-6/data/ratis/1b6a9c9d-a56d-4791-b161-877af57d76a8/current/log_inprogress_0
2019-07-13 14:46:08,691 INFO  impl.RaftServerImpl (RaftServerImpl.java:setRole(171)) - 4a606560-782d-41f4-a82c-f8e09b1c8270:group-877AF57D76A8 changes role from FOLLOWER to FOLLOWER at term 2 for recognizeCandidate:ac0119f1-421b-4781-81f6-2a8002de118c
2019-07-13 14:46:08,691 INFO  impl.RoleInfo (RoleInfo.java:shutdownFollowerState(121)) - 4a606560-782d-41f4-a82c-f8e09b1c8270: shutdown FollowerState
2019-07-13 14:46:08,691 INFO  impl.FollowerState (FollowerState.java:run(114)) - 4a606560-782d-41f4-a82c-f8e09b1c8270: FollowerState was interrupted: java.lang.InterruptedException: sleep interrupted
2019-07-13 14:46:08,691 INFO  impl.RoleInfo (RoleInfo.java:updateAndGet(143)) - 4a606560-782d-41f4-a82c-f8e09b1c8270: start FollowerState
2019-07-13 14:46:08,693 INFO  impl.RaftServerImpl (ServerState.java:setLeader(263)) - c331b4b5-5fbe-4ae1-8871-22d2a53360f3:group-877AF57D76A8 change Leader from c331b4b5-5fbe-4ae1-8871-22d2a53360f3 to null at term 2 for updateCurrentTerm
2019-07-13 14:46:08,695 INFO  impl.RaftServerImpl (RaftServerImpl.java:setRole(171)) - c331b4b5-5fbe-4ae1-8871-22d2a53360f3:group-877AF57D76A8 changes role from LEADER to FOLLOWER at term 2 for recognizeCandidate:ac0119f1-421b-4781-81f6-2a8002de118c
2019-07-13 14:46:08,695 INFO  impl.RoleInfo (RoleInfo.java:shutdownLeaderState(104)) - c331b4b5-5fbe-4ae1-8871-22d2a53360f3: shutdown LeaderState
2019-07-13 14:46:08,700 INFO  impl.PendingRequests (PendingRequests.java:sendNotLeaderResponses(202)) - c331b4b5-5fbe-4ae1-8871-22d2a53360f3-PendingRequests: sendNotLeaderResponses
2019-07-13 14:46:08,700 WARN  server.GrpcLogAppender (GrpcLogAppender.java:mayWait(143)) - GrpcLogAppender(c331b4b5-5fbe-4ae1-8871-22d2a53360f3->4a606560-782d-41f4-a82c-f8e09b1c8270): Wait interrupted by java.lang.InterruptedException
2019-07-13 14:46:08,700 WARN  server.GrpcLogAppender (GrpcLogAppender.java:mayWait(143)) - GrpcLogAppender(c331b4b5-5fbe-4ae1-8871-22d2a53360f3->ac0119f1-421b-4781-81f6-2a8002de118c): Wait interrupted by java.lang.InterruptedException
2019-07-13 14:46:08,709 INFO  impl.RoleInfo (RoleInfo.java:updateAndGet(143)) - c331b4b5-5fbe-4ae1-8871-22d2a53360f3: start FollowerState
2019-07-13 14:46:08,709 INFO  server.GrpcServerProtocolService (GrpcServerProtocolService.java:onCompleted(104)) - 4a606560-782d-41f4-a82c-f8e09b1c8270: appendEntries completed
2019-07-13 14:46:08,717 INFO  server.GrpcServerProtocolService (GrpcServerProtocolService.java:onCompleted(104)) - ac0119f1-421b-4781-81f6-2a8002de118c: appendEntries completed
2019-07-13 14:46:08,729 INFO  server.GrpcLogAppender (GrpcLogAppender.java:onCompleted(292)) - c331b4b5-5fbe-4ae1-8871-22d2a53360f3->4a606560-782d-41f4-a82c-f8e09b1c8270: follower responses appendEntries COMPLETED
2019-07-13 14:46:08,731 INFO  server.GrpcLogAppender (GrpcLogAppender.java:onCompleted(292)) - c331b4b5-5fbe-4ae1-8871-22d2a53360f3->ac0119f1-421b-4781-81f6-2a8002de118c: follower responses appendEntries COMPLETED
2019-07-13 14:46:08,737 INFO  impl.FollowerInfo (FollowerInfo.java:lambda$new$0(50)) - c331b4b5-5fbe-4ae1-8871-22d2a53360f3->4a606560-782d-41f4-a82c-f8e09b1c8270: nextIndex: updateUnconditionally 0 -> 0
2019-07-13 14:46:08,737 INFO  impl.FollowerInfo (FollowerInfo.java:lambda$new$0(50)) - c331b4b5-5fbe-4ae1-8871-22d2a53360f3->ac0119f1-421b-4781-81f6-2a8002de118c: nextIndex: updateUnconditionally 0 -> 0
2019-07-13 14:46:08,760 INFO  client.GrpcClientProtocolClient (GrpcClientProtocolClient.java:onNext(255)) - client-7B833940D4FE->99aea4fe-89de-4f3c-9a7d-0d5d28528110: receive RaftClientReply:client-7B833940D4FE->99aea4fe-89de-4f3c-9a7d-0d5d28528110@group-28F00464AE53, cid=13, FAILED org.apache.ratis.protocol.NotLeaderException: Server 99aea4fe-89de-4f3c-9a7d-0d5d28528110 is not the leader (08c2ab6c-a311-4cfe-a416-d6e158923be3:192.168.5.172:37452). Request must be sent to leader., logIndex=0, commits[99aea4fe-89de-4f3c-9a7d-0d5d28528110:c0, 08c2ab6c-a311-4cfe-a416-d6e158923be3:c0, 5240f9e2-6874-4da6-957c-b394454a3027:c-1]
2019-07-13 14:46:08,781 WARN  io.KeyOutputStream (KeyOutputStream.java:handleException(276)) - Encountered exception java.io.IOException: Unexpected Storage Container Exception: java.util.concurrent.CompletionException: java.util.concurrent.CompletionException: org.apache.ratis.protocol.RaftRetryFailureException: Failed RaftClientRequest:client-7B833940D4FE->99aea4fe-89de-4f3c-9a7d-0d5d28528110@group-28F00464AE53, cid=13, seq=1*, RW, org.apache.hadoop.hdds.scm.XceiverClientRatis$$Lambda$309/674659751@6ff90f08 for 5 attempts with RetryLimited(maxAttempts=5, sleepTime=1000ms) on the pipeline Pipeline[ Id: de2acd94-efc8-4572-8b8a-28f00464ae53, Nodes: 99aea4fe-89de-4f3c-9a7d-0d5d28528110{ip: 192.168.5.172, host: trunk-nightly-mhs6z-4061744966, networkLocation: /default-rack, certSerialId: null}5240f9e2-6874-4da6-957c-b394454a3027{ip: 192.168.5.172, host: trunk-nightly-mhs6z-4061744966, networkLocation: /default-rack, certSerialId: null}08c2ab6c-a311-4cfe-a416-d6e158923be3{ip: 192.168.5.172, host: trunk-nightly-mhs6z-4061744966, networkLocation: /default-rack, certSerialId: null}, Type:RATIS, Factor:THREE, State:OPEN]. The last committed block length is 0, uncommitted data length is 400 retry count 0
2019-07-13 14:46:08,822 INFO  client.GrpcClientProtocolClient (GrpcClientProtocolClient.java:onNext(255)) - client-14B20AB01847->c331b4b5-5fbe-4ae1-8871-22d2a53360f3: receive RaftClientReply:client-14B20AB01847->c331b4b5-5fbe-4ae1-8871-22d2a53360f3@group-877AF57D76A8, cid=19, FAILED org.apache.ratis.protocol.NotLeaderException: Server c331b4b5-5fbe-4ae1-8871-22d2a53360f3 is not the leader (null). Request must be sent to leader., logIndex=0, commits[c331b4b5-5fbe-4ae1-8871-22d2a53360f3:c-1, 4a606560-782d-41f4-a82c-f8e09b1c8270:c-1, ac0119f1-421b-4781-81f6-2a8002de118c:c-1]
2019-07-13 14:46:09,851 INFO  client.GrpcClientProtocolClient (GrpcClientProtocolClient.java:onNext(255)) - client-14B20AB01847->4a606560-782d-41f4-a82c-f8e09b1c8270: receive RaftClientReply:client-14B20AB01847->4a606560-782d-41f4-a82c-f8e09b1c8270@group-877AF57D76A8, cid=19, FAILED org.apache.ratis.protocol.NotLeaderException: Server 4a606560-782d-41f4-a82c-f8e09b1c8270 is not the leader (null). Request must be sent to leader., logIndex=0, commits[4a606560-782d-41f4-a82c-f8e09b1c8270:c-1]
2019-07-13 14:46:10,882 INFO  client.GrpcClientProtocolClient (GrpcClientProtocolClient.java:onNext(255)) - client-14B20AB01847->c331b4b5-5fbe-4ae1-8871-22d2a53360f3: receive RaftClientReply:client-14B20AB01847->c331b4b5-5fbe-4ae1-8871-22d2a53360f3@group-877AF57D76A8, cid=19, FAILED org.apache.ratis.protocol.NotLeaderException: Server c331b4b5-5fbe-4ae1-8871-22d2a53360f3 is not the leader (null). Request must be sent to leader., logIndex=0, commits[c331b4b5-5fbe-4ae1-8871-22d2a53360f3:c-1, 4a606560-782d-41f4-a82c-f8e09b1c8270:c-1, ac0119f1-421b-4781-81f6-2a8002de118c:c-1]
2019-07-13 14:46:11,909 INFO  client.GrpcClientProtocolClient (GrpcClientProtocolClient.java:onNext(255)) - client-14B20AB01847->4a606560-782d-41f4-a82c-f8e09b1c8270: receive RaftClientReply:client-14B20AB01847->4a606560-782d-41f4-a82c-f8e09b1c8270@group-877AF57D76A8, cid=19, FAILED org.apache.ratis.protocol.NotLeaderException: Server 4a606560-782d-41f4-a82c-f8e09b1c8270 is not the leader (null). Request must be sent to leader., logIndex=0, commits[4a606560-782d-41f4-a82c-f8e09b1c8270:c-1]
2019-07-13 14:46:12,934 INFO  client.GrpcClientProtocolClient (GrpcClientProtocolClient.java:onNext(255)) - client-14B20AB01847->c331b4b5-5fbe-4ae1-8871-22d2a53360f3: receive RaftClientReply:client-14B20AB01847->c331b4b5-5fbe-4ae1-8871-22d2a53360f3@group-877AF57D76A8, cid=19, FAILED org.apache.ratis.protocol.NotLeaderException: Server c331b4b5-5fbe-4ae1-8871-22d2a53360f3 is not the leader (null). Request must be sent to leader., logIndex=0, commits[c331b4b5-5fbe-4ae1-8871-22d2a53360f3:c-1, 4a606560-782d-41f4-a82c-f8e09b1c8270:c-1, ac0119f1-421b-4781-81f6-2a8002de118c:c-1]
2019-07-13 14:46:12,949 WARN  io.KeyOutputStream (KeyOutputStream.java:handleException(276)) - Encountered exception java.io.IOException: Unexpected Storage Container Exception: java.util.concurrent.CompletionException: java.util.concurrent.CompletionException: org.apache.ratis.protocol.RaftRetryFailureException: Failed RaftClientRequest:client-14B20AB01847->c331b4b5-5fbe-4ae1-8871-22d2a53360f3@group-877AF57D76A8, cid=19, seq=1*, RW, org.apache.hadoop.hdds.scm.XceiverClientRatis$$Lambda$309/674659751@210be7b8 for 5 attempts with RetryLimited(maxAttempts=5, sleepTime=1000ms) on the pipeline Pipeline[ Id: 1b6a9c9d-a56d-4791-b161-877af57d76a8, Nodes: c331b4b5-5fbe-4ae1-8871-22d2a53360f3{ip: 192.168.5.172, host: trunk-nightly-mhs6z-4061744966, networkLocation: /default-rack, certSerialId: null}4a606560-782d-41f4-a82c-f8e09b1c8270{ip: 192.168.5.172, host: trunk-nightly-mhs6z-4061744966, networkLocation: /default-rack, certSerialId: null}ac0119f1-421b-4781-81f6-2a8002de118c{ip: 192.168.5.172, host: trunk-nightly-mhs6z-4061744966, networkLocation: /default-rack, certSerialId: null}, Type:RATIS, Factor:THREE, State:OPEN]. The last committed block length is 0, uncommitted data length is 400 retry count 1
2019-07-13 14:46:12,971 WARN  block.BlockManagerImpl (BlockManagerImpl.java:allocateBlock(192)) - Pipeline creation failed for type:RATIS factor:THREE. Retrying get pipelines call once.
org.apache.hadoop.hdds.scm.pipeline.InsufficientDatanodesException: Cannot create pipeline of factor 3 using 1 nodes.
	at org.apache.hadoop.hdds.scm.pipeline.RatisPipelineProvider.create(RatisPipelineProvider.java:151)
	at org.apache.hadoop.hdds.scm.pipeline.PipelineFactory.create(PipelineFactory.java:57)
	at org.apache.hadoop.hdds.scm.pipeline.SCMPipelineManager.createPipeline(SCMPipelineManager.java:149)
	at org.apache.hadoop.hdds.scm.block.BlockManagerImpl.allocateBlock(BlockManagerImpl.java:190)
	at org.apache.hadoop.hdds.scm.server.SCMBlockProtocolServer.allocateBlock(SCMBlockProtocolServer.java:175)
	at org.apache.hadoop.ozone.protocolPB.ScmBlockLocationProtocolServerSideTranslatorPB.allocateScmBlock(ScmBlockLocationProtocolServerSideTranslatorPB.java:153)
	at org.apache.hadoop.ozone.protocolPB.ScmBlockLocationProtocolServerSideTranslatorPB.send(ScmBlockLocationProtocolServerSideTranslatorPB.java:112)
	at org.apache.hadoop.hdds.protocol.proto.ScmBlockLocationProtocolProtos$ScmBlockLocationProtocolService$2.callBlockingMethod(ScmBlockLocationProtocolProtos.java:13157)
	at org.apache.hadoop.ipc.ProtobufRpcEngine$Server$ProtoBufRpcInvoker.call(ProtobufRpcEngine.java:524)
	at org.apache.hadoop.ipc.RPC$Server.call(RPC.java:1025)
	at org.apache.hadoop.ipc.Server$RpcCall.run(Server.java:876)
	at org.apache.hadoop.ipc.Server$RpcCall.run(Server.java:822)
	at java.security.AccessController.doPrivileged(Native Method)
	at javax.security.auth.Subject.doAs(Subject.java:422)
	at org.apache.hadoop.security.UserGroupInformation.doAs(UserGroupInformation.java:1730)
	at org.apache.hadoop.ipc.Server$Handler.run(Server.java:2682)
2019-07-13 14:46:12,976 INFO  block.BlockManagerImpl (BlockManagerImpl.java:allocateBlock(198)) - Could not find available pipeline of type:RATIS and factor:THREE even after retrying
2019-07-13 14:46:12,976 ERROR block.BlockManagerImpl (BlockManagerImpl.java:allocateBlock(222)) - Unable to allocate a block for the size: 800, type: RATIS, factor: THREE
14:46:12.981 [IPC Server handler 18 on 43678] ERROR OMAudit - user=jenkins1000 | ip=127.0.0.1 | op=ALLOCATE_BLOCK {volume=watchforcommithandlingtest, bucket=watchforcommithandlingtest, key=cec617f1-6582-4dfe-98b0-5341acf94c47, dataSize=0, replicationType=null, replicationFactor=null, keyLocationInfo=null, clientID=102434679317069824} | ret=FAILURE
org.apache.hadoop.hdds.scm.exceptions.SCMException: Allocated 0 blocks. Requested 1 blocks
	at org.apache.hadoop.hdds.scm.protocolPB.ScmBlockLocationProtocolClientSideTranslatorPB.handleError(ScmBlockLocationProtocolClientSideTranslatorPB.java:118) ~[hadoop-hdds-common-0.5.0-SNAPSHOT.jar:?]
	at org.apache.hadoop.hdds.scm.protocolPB.ScmBlockLocationProtocolClientSideTranslatorPB.allocateBlock(ScmBlockLocationProtocolClientSideTranslatorPB.java:156) ~[hadoop-hdds-common-0.5.0-SNAPSHOT.jar:?]
	at sun.reflect.NativeMethodAccessorImpl.invoke0(Native Method) ~[?:1.8.0_212]
	at sun.reflect.NativeMethodAccessorImpl.invoke(NativeMethodAccessorImpl.java:62) ~[?:1.8.0_212]
	at sun.reflect.DelegatingMethodAccessorImpl.invoke(DelegatingMethodAccessorImpl.java:43) ~[?:1.8.0_212]
	at java.lang.reflect.Method.invoke(Method.java:498) ~[?:1.8.0_212]
	at org.apache.hadoop.hdds.tracing.TraceAllMethod.invoke(TraceAllMethod.java:66) ~[hadoop-hdds-common-0.5.0-SNAPSHOT.jar:?]
	at com.sun.proxy.$Proxy25.allocateBlock(Unknown Source) ~[?:?]
	at org.apache.hadoop.ozone.om.KeyManagerImpl.allocateBlock(KeyManagerImpl.java:355) ~[hadoop-ozone-ozone-manager-0.5.0-SNAPSHOT.jar:?]
	at org.apache.hadoop.ozone.om.KeyManagerImpl.allocateBlock(KeyManagerImpl.java:323) ~[hadoop-ozone-ozone-manager-0.5.0-SNAPSHOT.jar:?]
	at org.apache.hadoop.ozone.om.OzoneManager.allocateBlock(OzoneManager.java:2349) [hadoop-ozone-ozone-manager-0.5.0-SNAPSHOT.jar:?]
	at org.apache.hadoop.ozone.protocolPB.OzoneManagerRequestHandler.allocateBlock(OzoneManagerRequestHandler.java:754) [hadoop-ozone-ozone-manager-0.5.0-SNAPSHOT.jar:?]
	at org.apache.hadoop.ozone.protocolPB.OzoneManagerRequestHandler.handle(OzoneManagerRequestHandler.java:249) [hadoop-ozone-ozone-manager-0.5.0-SNAPSHOT.jar:?]
	at org.apache.hadoop.ozone.protocolPB.OzoneManagerProtocolServerSideTranslatorPB.submitRequestDirectlyToOM(OzoneManagerProtocolServerSideTranslatorPB.java:192) [hadoop-ozone-ozone-manager-0.5.0-SNAPSHOT.jar:?]
	at org.apache.hadoop.ozone.protocolPB.OzoneManagerProtocolServerSideTranslatorPB.submitRequest(OzoneManagerProtocolServerSideTranslatorPB.java:110) [hadoop-ozone-ozone-manager-0.5.0-SNAPSHOT.jar:?]
	at org.apache.hadoop.ozone.protocol.proto.OzoneManagerProtocolProtos$OzoneManagerService$2.callBlockingMethod(OzoneManagerProtocolProtos.java) [hadoop-ozone-common-0.5.0-SNAPSHOT.jar:?]
	at org.apache.hadoop.ipc.ProtobufRpcEngine$Server$ProtoBufRpcInvoker.call(ProtobufRpcEngine.java:524) [hadoop-common-3.2.0.jar:?]
	at org.apache.hadoop.ipc.RPC$Server.call(RPC.java:1025) [hadoop-common-3.2.0.jar:?]
	at org.apache.hadoop.ipc.Server$RpcCall.run(Server.java:876) [hadoop-common-3.2.0.jar:?]
	at org.apache.hadoop.ipc.Server$RpcCall.run(Server.java:822) [hadoop-common-3.2.0.jar:?]
	at java.security.AccessController.doPrivileged(Native Method) [?:1.8.0_212]
	at javax.security.auth.Subject.doAs(Subject.java:422) [?:1.8.0_212]
	at org.apache.hadoop.security.UserGroupInformation.doAs(UserGroupInformation.java:1730) [hadoop-common-3.2.0.jar:?]
	at org.apache.hadoop.ipc.Server$Handler.run(Server.java:2682) [hadoop-common-3.2.0.jar:?]
2019-07-13 14:46:13,002 ERROR io.BlockOutputStreamEntryPool (BlockOutputStreamEntryPool.java:allocateBlockIfNeeded(299)) - Try to allocate more blocks for write failed, already allocated 0 blocks for this write.
INTERNAL_ERROR org.apache.hadoop.ozone.om.exceptions.OMException: Allocated 0 blocks. Requested 1 blocks
	at org.apache.hadoop.ozone.om.protocolPB.OzoneManagerProtocolClientSideTranslatorPB.handleError(OzoneManagerProtocolClientSideTranslatorPB.java:720)
	at org.apache.hadoop.ozone.om.protocolPB.OzoneManagerProtocolClientSideTranslatorPB.allocateBlock(OzoneManagerProtocolClientSideTranslatorPB.java:752)
	at org.apache.hadoop.ozone.client.io.BlockOutputStreamEntryPool.allocateNewBlock(BlockOutputStreamEntryPool.java:248)
	at org.apache.hadoop.ozone.client.io.BlockOutputStreamEntryPool.allocateBlockIfNeeded(BlockOutputStreamEntryPool.java:296)
	at org.apache.hadoop.ozone.client.io.KeyOutputStream.handleWrite(KeyOutputStream.java:201)
	at org.apache.hadoop.ozone.client.io.KeyOutputStream.handleRetry(KeyOutputStream.java:376)
	at org.apache.hadoop.ozone.client.io.KeyOutputStream.handleException(KeyOutputStream.java:325)
	at org.apache.hadoop.ozone.client.io.KeyOutputStream.handleWrite(KeyOutputStream.java:231)
	at org.apache.hadoop.ozone.client.io.KeyOutputStream.handleRetry(KeyOutputStream.java:376)
	at org.apache.hadoop.ozone.client.io.KeyOutputStream.handleException(KeyOutputStream.java:325)
	at org.apache.hadoop.ozone.client.io.KeyOutputStream.handleWrite(KeyOutputStream.java:231)
	at org.apache.hadoop.ozone.client.io.KeyOutputStream.write(KeyOutputStream.java:193)
	at org.apache.hadoop.ozone.client.io.OzoneOutputStream.write(OzoneOutputStream.java:49)
	at java.io.OutputStream.write(OutputStream.java:75)
	at org.apache.hadoop.ozone.client.rpc.TestWatchForCommit.testWatchForCommitWithKeyWrite(TestWatchForCommit.java:158)
	at sun.reflect.NativeMethodAccessorImpl.invoke0(Native Method)
	at sun.reflect.NativeMethodAccessorImpl.invoke(NativeMethodAccessorImpl.java:62)
	at sun.reflect.DelegatingMethodAccessorImpl.invoke(DelegatingMethodAccessorImpl.java:43)
	at java.lang.reflect.Method.invoke(Method.java:498)
	at org.junit.runners.model.FrameworkMethod$1.runReflectiveCall(FrameworkMethod.java:47)
	at org.junit.internal.runners.model.ReflectiveCallable.run(ReflectiveCallable.java:12)
	at org.junit.runners.model.FrameworkMethod.invokeExplosively(FrameworkMethod.java:44)
	at org.junit.internal.runners.statements.InvokeMethod.evaluate(InvokeMethod.java:17)
	at org.junit.runners.ParentRunner.runLeaf(ParentRunner.java:271)
	at org.junit.runners.BlockJUnit4ClassRunner.runChild(BlockJUnit4ClassRunner.java:70)
	at org.junit.runners.BlockJUnit4ClassRunner.runChild(BlockJUnit4ClassRunner.java:50)
	at org.junit.runners.ParentRunner$3.run(ParentRunner.java:238)
	at org.junit.runners.ParentRunner$1.schedule(ParentRunner.java:63)
	at org.junit.runners.ParentRunner.runChildren(ParentRunner.java:236)
	at org.junit.runners.ParentRunner.access$000(ParentRunner.java:53)
	at org.junit.runners.ParentRunner$2.evaluate(ParentRunner.java:229)
	at org.junit.runners.ParentRunner.run(ParentRunner.java:309)
	at org.apache.maven.surefire.junit4.JUnit4Provider.execute(JUnit4Provider.java:365)
	at org.apache.maven.surefire.junit4.JUnit4Provider.executeWithRerun(JUnit4Provider.java:273)
	at org.apache.maven.surefire.junit4.JUnit4Provider.executeTestSet(JUnit4Provider.java:238)
	at org.apache.maven.surefire.junit4.JUnit4Provider.invoke(JUnit4Provider.java:159)
	at org.apache.maven.surefire.booter.ForkedBooter.invokeProviderInSameClassLoader(ForkedBooter.java:384)
	at org.apache.maven.surefire.booter.ForkedBooter.runSuitesInProcess(ForkedBooter.java:345)
	at org.apache.maven.surefire.booter.ForkedBooter.execute(ForkedBooter.java:126)
	at org.apache.maven.surefire.booter.ForkedBooter.main(ForkedBooter.java:418)
]]></system-out>
    <system-err><![CDATA[ERROR StatusLogger No Log4j 2 configuration file found. Using default configuration (logging only errors to the console), or user programmatically provided configurations. Set system property 'log4j2.debug' to show Log4j 2 internal initialization logging. See https://logging.apache.org/log4j/2.x/manual/configuration.html for instructions on how to configure Log4j 2
Jul 13, 2019 2:45:56 PM com.sun.jersey.server.impl.application.WebApplicationImpl _initiate
INFO: Initiating Jersey application, version 'Jersey: 1.19 02/11/2015 03:25 AM'
Jul 13, 2019 2:45:57 PM com.sun.jersey.server.impl.application.WebApplicationImpl _initiate
INFO: Initiating Jersey application, version 'Jersey: 1.19 02/11/2015 03:25 AM'
Jul 13, 2019 2:45:57 PM com.sun.jersey.server.impl.application.WebApplicationImpl _initiate
INFO: Initiating Jersey application, version 'Jersey: 1.19 02/11/2015 03:25 AM'
Jul 13, 2019 2:45:58 PM com.sun.jersey.server.impl.application.WebApplicationImpl _initiate
INFO: Initiating Jersey application, version 'Jersey: 1.19 02/11/2015 03:25 AM'
Jul 13, 2019 2:45:58 PM com.sun.jersey.server.impl.application.WebApplicationImpl _initiate
INFO: Initiating Jersey application, version 'Jersey: 1.19 02/11/2015 03:25 AM'
Jul 13, 2019 2:45:58 PM com.sun.jersey.server.impl.application.WebApplicationImpl _initiate
INFO: Initiating Jersey application, version 'Jersey: 1.19 02/11/2015 03:25 AM'
Jul 13, 2019 2:45:58 PM com.sun.jersey.server.impl.application.WebApplicationImpl _initiate
INFO: Initiating Jersey application, version 'Jersey: 1.19 02/11/2015 03:25 AM'
]]></system-err>
  </testcase>
  <testcase name="testWatchForCommitWithSmallerTimeoutValue" classname="org.apache.hadoop.ozone.client.rpc.TestWatchForCommit" time="43.787"/>
  <testcase name="testWatchForCommitForRetryfailure" classname="org.apache.hadoop.ozone.client.rpc.TestWatchForCommit" time="21.845">
    <failure message="expected exception not thrown" type="java.lang.AssertionError">java.lang.AssertionError: expected exception not thrown
	at org.junit.Assert.fail(Assert.java:88)
	at org.apache.hadoop.ozone.client.rpc.TestWatchForCommit.testWatchForCommitForRetryfailure(TestWatchForCommit.java:348)
	at sun.reflect.NativeMethodAccessorImpl.invoke0(Native Method)
	at sun.reflect.NativeMethodAccessorImpl.invoke(NativeMethodAccessorImpl.java:62)
	at sun.reflect.DelegatingMethodAccessorImpl.invoke(DelegatingMethodAccessorImpl.java:43)
	at java.lang.reflect.Method.invoke(Method.java:498)
	at org.junit.runners.model.FrameworkMethod$1.runReflectiveCall(FrameworkMethod.java:47)
	at org.junit.internal.runners.model.ReflectiveCallable.run(ReflectiveCallable.java:12)
	at org.junit.runners.model.FrameworkMethod.invokeExplosively(FrameworkMethod.java:44)
	at org.junit.internal.runners.statements.InvokeMethod.evaluate(InvokeMethod.java:17)
	at org.junit.runners.ParentRunner.runLeaf(ParentRunner.java:271)
	at org.junit.runners.BlockJUnit4ClassRunner.runChild(BlockJUnit4ClassRunner.java:70)
	at org.junit.runners.BlockJUnit4ClassRunner.runChild(BlockJUnit4ClassRunner.java:50)
	at org.junit.runners.ParentRunner$3.run(ParentRunner.java:238)
	at org.junit.runners.ParentRunner$1.schedule(ParentRunner.java:63)
	at org.junit.runners.ParentRunner.runChildren(ParentRunner.java:236)
	at org.junit.runners.ParentRunner.access$000(ParentRunner.java:53)
	at org.junit.runners.ParentRunner$2.evaluate(ParentRunner.java:229)
	at org.junit.runners.ParentRunner.run(ParentRunner.java:309)
	at org.apache.maven.surefire.junit4.JUnit4Provider.execute(JUnit4Provider.java:365)
	at org.apache.maven.surefire.junit4.JUnit4Provider.executeWithRerun(JUnit4Provider.java:273)
	at org.apache.maven.surefire.junit4.JUnit4Provider.executeTestSet(JUnit4Provider.java:238)
	at org.apache.maven.surefire.junit4.JUnit4Provider.invoke(JUnit4Provider.java:159)
	at org.apache.maven.surefire.booter.ForkedBooter.invokeProviderInSameClassLoader(ForkedBooter.java:384)
	at org.apache.maven.surefire.booter.ForkedBooter.runSuitesInProcess(ForkedBooter.java:345)
	at org.apache.maven.surefire.booter.ForkedBooter.execute(ForkedBooter.java:126)
	at org.apache.maven.surefire.booter.ForkedBooter.main(ForkedBooter.java:418)
</failure>
    <system-out><![CDATA[2019-07-13 14:46:56,822 WARN  server.ServerUtils (ServerUtils.java:getScmDbDir(145)) - ozone.scm.db.dirs is not configured. We recommend adding this setting. Falling back to ozone.metadata.dirs instead.
2019-07-13 14:46:56,832 WARN  server.ServerUtils (ServerUtils.java:getScmDbDir(145)) - ozone.scm.db.dirs is not configured. We recommend adding this setting. Falling back to ozone.metadata.dirs instead.
2019-07-13 14:46:56,833 WARN  server.ServerUtils (ServerUtils.java:getScmDbDir(145)) - ozone.scm.db.dirs is not configured. We recommend adding this setting. Falling back to ozone.metadata.dirs instead.
2019-07-13 14:46:56,833 INFO  db.DBStoreBuilder (DBStoreBuilder.java:addTable(110)) - using custom profile for table: deletedBlocks
2019-07-13 14:46:56,834 INFO  db.DBStoreBuilder (DBStoreBuilder.java:processTables(161)) - Using default column profile:DBProfile.DISK for Table:deletedBlocks
2019-07-13 14:46:56,834 INFO  db.DBStoreBuilder (DBStoreBuilder.java:addTable(110)) - using custom profile for table: validCerts
2019-07-13 14:46:56,834 INFO  db.DBStoreBuilder (DBStoreBuilder.java:processTables(161)) - Using default column profile:DBProfile.DISK for Table:validCerts
2019-07-13 14:46:56,834 INFO  db.DBStoreBuilder (DBStoreBuilder.java:addTable(110)) - using custom profile for table: revokedCerts
2019-07-13 14:46:56,834 INFO  db.DBStoreBuilder (DBStoreBuilder.java:processTables(161)) - Using default column profile:DBProfile.DISK for Table:revokedCerts
2019-07-13 14:46:56,835 INFO  db.DBStoreBuilder (DBStoreBuilder.java:addTable(110)) - using custom profile for table: default
2019-07-13 14:46:56,835 INFO  db.DBStoreBuilder (DBStoreBuilder.java:processTables(167)) - Using default column profile:DBProfile.DISK for Table:default
2019-07-13 14:46:56,835 INFO  db.DBStoreBuilder (DBStoreBuilder.java:getDbProfile(198)) - Using default options. DBProfile.DISK
2019-07-13 14:46:56,918 INFO  net.NodeSchemaLoader (NodeSchemaLoader.java:loadSchemaFromFile(125)) - Loading file from sun.misc.CompoundEnumeration@75f8d9b0
2019-07-13 14:46:56,918 INFO  net.NodeSchemaLoader (NodeSchemaLoader.java:loadSchema(171)) - Loading network topology layer schema file
2019-07-13 14:46:56,924 WARN  server.ServerUtils (ServerUtils.java:sanitizeUserArgs(70)) - ozone.scm.stale.node.interval value = 300000 is larger than max = 100000 based on the key value of ozone.scm.heartbeat.thread.interval, reset to the max value 100000.
2019-07-13 14:46:56,924 WARN  server.ServerUtils (ServerUtils.java:sanitizeUserArgs(70)) - ozone.scm.stale.node.interval value = 300000 is larger than max = 100000 based on the key value of ozone.scm.heartbeat.thread.interval, reset to the max value 100000.
2019-07-13 14:46:56,924 INFO  node.SCMNodeManager (SCMNodeManager.java:<init>(119)) - Entering startup safe mode.
2019-07-13 14:46:56,925 WARN  server.ServerUtils (ServerUtils.java:getScmDbDir(145)) - ozone.scm.db.dirs is not configured. We recommend adding this setting. Falling back to ozone.metadata.dirs instead.
2019-07-13 14:46:56,950 INFO  pipeline.SCMPipelineManager (SCMPipelineManager.java:initializePipelineState(126)) - No pipeline exists in current db
2019-07-13 14:46:56,951 WARN  server.ServerUtils (ServerUtils.java:getScmDbDir(145)) - ozone.scm.db.dirs is not configured. We recommend adding this setting. Falling back to ozone.metadata.dirs instead.
2019-07-13 14:46:56,978 WARN  events.EventQueue (EventQueue.java:fireEvent(175)) - No event handler registered for event TypedEvent{payloadType=SafeModeStatus, name='SafeModeStatus'}
2019-07-13 14:46:56,979 INFO  ipc.CallQueueManager (CallQueueManager.java:<init>(84)) - Using callQueue: class java.util.concurrent.LinkedBlockingQueue, queueCapacity: 2000, scheduler: class org.apache.hadoop.ipc.DefaultRpcScheduler, ipcBackoff: false.
2019-07-13 14:46:56,980 INFO  ipc.Server (Server.java:run(1074)) - Starting Socket Reader #1 for port 45147
2019-07-13 14:46:56,984 INFO  ipc.CallQueueManager (CallQueueManager.java:<init>(84)) - Using callQueue: class java.util.concurrent.LinkedBlockingQueue, queueCapacity: 2000, scheduler: class org.apache.hadoop.ipc.DefaultRpcScheduler, ipcBackoff: false.
2019-07-13 14:46:56,985 INFO  ipc.Server (Server.java:run(1074)) - Starting Socket Reader #1 for port 40333
2019-07-13 14:46:56,989 INFO  ipc.CallQueueManager (CallQueueManager.java:<init>(84)) - Using callQueue: class java.util.concurrent.LinkedBlockingQueue, queueCapacity: 2000, scheduler: class org.apache.hadoop.ipc.DefaultRpcScheduler, ipcBackoff: false.
2019-07-13 14:46:56,989 INFO  ipc.Server (Server.java:run(1074)) - Starting Socket Reader #1 for port 35898
2019-07-13 14:46:56,996 INFO  hdfs.DFSUtil (DFSUtil.java:httpServerTemplateForNNAndJN(1641)) - Starting Web-server for scm at: http://0.0.0.0:0
2019-07-13 14:46:56,999 INFO  server.AuthenticationFilter (AuthenticationFilter.java:constructSecretProvider(240)) - Unable to initialize FileSignerSecretProvider, falling back to use random secrets.
2019-07-13 14:46:57,000 WARN  http.HttpRequestLog (HttpRequestLog.java:getRequestLog(97)) - Jetty request log can only be enabled using Log4j
2019-07-13 14:46:57,002 INFO  http.HttpServer2 (HttpServer2.java:addGlobalFilter(975)) - Added global filter 'safety' (class=org.apache.hadoop.http.HttpServer2$QuotingInputFilter)
2019-07-13 14:46:57,003 INFO  http.HttpServer2 (HttpServer2.java:addFilter(948)) - Added filter static_user_filter (class=org.apache.hadoop.http.lib.StaticUserWebFilter$StaticUserFilter) to context scm
2019-07-13 14:46:57,004 INFO  http.HttpServer2 (HttpServer2.java:addFilter(958)) - Added filter static_user_filter (class=org.apache.hadoop.http.lib.StaticUserWebFilter$StaticUserFilter) to context static
2019-07-13 14:46:57,004 INFO  http.HttpServer2 (HttpServer2.java:addFilter(958)) - Added filter static_user_filter (class=org.apache.hadoop.http.lib.StaticUserWebFilter$StaticUserFilter) to context logs
2019-07-13 14:46:57,007 INFO  server.StorageContainerManager (StorageContainerManager.java:start(759)) - StorageContainerLocationProtocol RPC server is listening at /0.0.0.0:35898
2019-07-13 14:46:57,009 WARN  impl.MetricsConfig (MetricsConfig.java:loadFirst(134)) - Cannot locate configuration: tried hadoop-metrics2-storagecontainermanager.properties,hadoop-metrics2.properties
2019-07-13 14:46:57,011 INFO  impl.MetricsSystemImpl (MetricsSystemImpl.java:startTimer(374)) - Scheduled Metric snapshot period at 10 second(s).
2019-07-13 14:46:57,011 INFO  impl.MetricsSystemImpl (MetricsSystemImpl.java:start(191)) - StorageContainerManager metrics system started
2019-07-13 14:46:57,173 INFO  server.SCMClientProtocolServer (SCMClientProtocolServer.java:start(149)) - RPC server for Client  is listening at /0.0.0.0:35898
2019-07-13 14:46:57,174 INFO  ipc.Server (Server.java:run(1314)) - IPC Server Responder: starting
2019-07-13 14:46:57,174 INFO  ipc.Server (Server.java:run(1153)) - IPC Server listener on 35898: starting
2019-07-13 14:46:57,181 INFO  server.StorageContainerManager (StorageContainerManager.java:start(768)) - ScmBlockLocationProtocol RPC server is listening at /0.0.0.0:40333
2019-07-13 14:46:57,182 INFO  server.SCMBlockProtocolServer (SCMBlockProtocolServer.java:start(140)) - RPC server for Block Protocol is listening at /0.0.0.0:40333
2019-07-13 14:46:57,182 INFO  ipc.Server (Server.java:run(1314)) - IPC Server Responder: starting
2019-07-13 14:46:57,182 INFO  ipc.Server (Server.java:run(1153)) - IPC Server listener on 40333: starting
2019-07-13 14:46:57,191 INFO  server.StorageContainerManager (StorageContainerManager.java:start(772)) - ScmDatanodeProtocl RPC server is listening at /0.0.0.0:45147
2019-07-13 14:46:57,191 INFO  server.SCMDatanodeProtocolServer (SCMDatanodeProtocolServer.java:start(191)) - RPC server for DataNodes is listening at /0.0.0.0:45147
2019-07-13 14:46:57,191 INFO  ipc.Server (Server.java:run(1314)) - IPC Server Responder: starting
2019-07-13 14:46:57,191 INFO  ipc.Server (Server.java:run(1153)) - IPC Server listener on 45147: starting
2019-07-13 14:46:57,202 INFO  http.HttpServer2 (HttpServer2.java:bindListener(1191)) - Jetty bound to port 43070
2019-07-13 14:46:57,202 INFO  server.Server (Server.java:doStart(351)) - jetty-9.3.24.v20180605, build timestamp: 2018-06-05T17:11:56Z, git hash: 84205aa28f11a4f31f2a3b86d1bba2cc8ab69827
2019-07-13 14:46:57,204 INFO  handler.ContextHandler (ContextHandler.java:doStart(781)) - Started o.e.j.s.ServletContextHandler@249a45fd{/logs,file:///tmp/workdir/hadoop-ozone/integration-test/target/log,AVAILABLE}
2019-07-13 14:46:57,205 INFO  handler.ContextHandler (ContextHandler.java:doStart(781)) - Started o.e.j.s.ServletContextHandler@11978f52{/static,file:///tmp/workdir/hadoop-ozone/integration-test/target/test-classes/webapps/static,AVAILABLE}
2019-07-13 14:46:57,211 INFO  handler.ContextHandler (ContextHandler.java:doStart(781)) - Started o.e.j.w.WebAppContext@257b3561{/,file:///tmp/workdir/hadoop-ozone/integration-test/target/test-classes/webapps/scm/,AVAILABLE}{/scm}
2019-07-13 14:46:57,211 INFO  server.AbstractConnector (AbstractConnector.java:doStart(278)) - Started ServerConnector@78861d9e{HTTP/1.1,[http/1.1]}{0.0.0.0:43070}
2019-07-13 14:46:57,214 INFO  server.Server (Server.java:doStart(419)) - Started @65608ms
2019-07-13 14:46:57,216 INFO  server.BaseHttpServer (BaseHttpServer.java:updateConnectorAddress(207)) - HTTP server of SCM is listening at http://0.0.0.0:43070
2019-07-13 14:46:57,220 WARN  server.ServerUtils (ServerUtils.java:getDBPath(222)) - ozone.om.db.dirs is not configured. We recommend adding this setting. Falling back to ozone.metadata.dirs instead.
2019-07-13 14:46:57,220 INFO  util.JvmPauseMonitor (JvmPauseMonitor.java:run(188)) - Starting JVM pause monitor
2019-07-13 14:46:57,225 WARN  server.ServerUtils (ServerUtils.java:getDBPath(222)) - ozone.om.db.dirs is not configured. We recommend adding this setting. Falling back to ozone.metadata.dirs instead.
2019-07-13 14:46:57,226 INFO  om.OzoneManager (OzoneManager.java:setOMNodeDetails(630)) - OM Service ID is not set. Setting it to the default ID: omServiceIdDefault
2019-07-13 14:46:57,226 INFO  om.OzoneManager (OzoneManager.java:setOMNodeDetails(636)) - OM Node ID is not set. Setting it to the OmStorage's OmID: 1aa1fd4c-65fc-4b35-8b34-add6defd99c1
2019-07-13 14:46:57,226 INFO  om.OzoneManager (OzoneManager.java:loadOMHAConfigs(587)) - Found matching OM address with OMServiceId: null, OMNodeId: null, RPC Address: localhost:0 and Ratis port: 9872
2019-07-13 14:46:57,242 WARN  server.ServerUtils (ServerUtils.java:getDBPath(222)) - ozone.om.db.dirs is not configured. We recommend adding this setting. Falling back to ozone.metadata.dirs instead.
2019-07-13 14:46:57,243 INFO  db.DBStoreBuilder (DBStoreBuilder.java:addTable(110)) - using custom profile for table: userTable
2019-07-13 14:46:57,243 INFO  db.DBStoreBuilder (DBStoreBuilder.java:processTables(161)) - Using default column profile:DBProfile.DISK for Table:userTable
2019-07-13 14:46:57,244 INFO  db.DBStoreBuilder (DBStoreBuilder.java:addTable(110)) - using custom profile for table: volumeTable
2019-07-13 14:46:57,244 INFO  db.DBStoreBuilder (DBStoreBuilder.java:processTables(161)) - Using default column profile:DBProfile.DISK for Table:volumeTable
2019-07-13 14:46:57,244 INFO  db.DBStoreBuilder (DBStoreBuilder.java:addTable(110)) - using custom profile for table: bucketTable
2019-07-13 14:46:57,244 INFO  db.DBStoreBuilder (DBStoreBuilder.java:processTables(161)) - Using default column profile:DBProfile.DISK for Table:bucketTable
2019-07-13 14:46:57,245 INFO  db.DBStoreBuilder (DBStoreBuilder.java:addTable(110)) - using custom profile for table: keyTable
2019-07-13 14:46:57,245 INFO  db.DBStoreBuilder (DBStoreBuilder.java:processTables(161)) - Using default column profile:DBProfile.DISK for Table:keyTable
2019-07-13 14:46:57,245 INFO  db.DBStoreBuilder (DBStoreBuilder.java:addTable(110)) - using custom profile for table: deletedTable
2019-07-13 14:46:57,245 INFO  db.DBStoreBuilder (DBStoreBuilder.java:processTables(161)) - Using default column profile:DBProfile.DISK for Table:deletedTable
2019-07-13 14:46:57,245 INFO  db.DBStoreBuilder (DBStoreBuilder.java:addTable(110)) - using custom profile for table: openKeyTable
2019-07-13 14:46:57,246 INFO  db.DBStoreBuilder (DBStoreBuilder.java:processTables(161)) - Using default column profile:DBProfile.DISK for Table:openKeyTable
2019-07-13 14:46:57,246 INFO  db.DBStoreBuilder (DBStoreBuilder.java:addTable(110)) - using custom profile for table: s3Table
2019-07-13 14:46:57,246 INFO  db.DBStoreBuilder (DBStoreBuilder.java:processTables(161)) - Using default column profile:DBProfile.DISK for Table:s3Table
2019-07-13 14:46:57,246 INFO  db.DBStoreBuilder (DBStoreBuilder.java:addTable(110)) - using custom profile for table: multipartInfoTable
2019-07-13 14:46:57,246 INFO  db.DBStoreBuilder (DBStoreBuilder.java:processTables(161)) - Using default column profile:DBProfile.DISK for Table:multipartInfoTable
2019-07-13 14:46:57,247 INFO  db.DBStoreBuilder (DBStoreBuilder.java:addTable(110)) - using custom profile for table: dTokenTable
2019-07-13 14:46:57,247 INFO  db.DBStoreBuilder (DBStoreBuilder.java:processTables(161)) - Using default column profile:DBProfile.DISK for Table:dTokenTable
2019-07-13 14:46:57,247 INFO  db.DBStoreBuilder (DBStoreBuilder.java:addTable(110)) - using custom profile for table: s3SecretTable
2019-07-13 14:46:57,247 INFO  db.DBStoreBuilder (DBStoreBuilder.java:processTables(161)) - Using default column profile:DBProfile.DISK for Table:s3SecretTable
2019-07-13 14:46:57,248 INFO  db.DBStoreBuilder (DBStoreBuilder.java:addTable(110)) - using custom profile for table: prefixTable
2019-07-13 14:46:57,248 INFO  db.DBStoreBuilder (DBStoreBuilder.java:processTables(161)) - Using default column profile:DBProfile.DISK for Table:prefixTable
2019-07-13 14:46:57,248 INFO  db.DBStoreBuilder (DBStoreBuilder.java:addTable(110)) - using custom profile for table: default
2019-07-13 14:46:57,248 INFO  db.DBStoreBuilder (DBStoreBuilder.java:processTables(167)) - Using default column profile:DBProfile.DISK for Table:default
2019-07-13 14:46:57,248 INFO  db.DBStoreBuilder (DBStoreBuilder.java:getDbProfile(198)) - Using default options. DBProfile.DISK
2019-07-13 14:46:57,545 INFO  ipc.CallQueueManager (CallQueueManager.java:<init>(84)) - Using callQueue: class java.util.concurrent.LinkedBlockingQueue, queueCapacity: 2000, scheduler: class org.apache.hadoop.ipc.DefaultRpcScheduler, ipcBackoff: false.
2019-07-13 14:46:57,546 INFO  ipc.Server (Server.java:run(1074)) - Starting Socket Reader #1 for port 34522
2019-07-13 14:46:57,574 WARN  server.ServerUtils (ServerUtils.java:getDBPath(222)) - ozone.om.db.dirs is not configured. We recommend adding this setting. Falling back to ozone.metadata.dirs instead.
2019-07-13 14:46:57,574 INFO  om.OzoneManager (OzoneManager.java:start(1228)) - OzoneManager RPC server is listening at localhost/127.0.0.1:34522
2019-07-13 14:46:57,574 INFO  impl.MetricsSystemImpl (MetricsSystemImpl.java:init(158)) - OzoneManager metrics system started (again)
2019-07-13 14:46:57,575 INFO  ipc.Server (Server.java:run(1314)) - IPC Server Responder: starting
2019-07-13 14:46:57,578 INFO  ipc.Server (Server.java:run(1153)) - IPC Server listener on 34522: starting
2019-07-13 14:46:57,590 INFO  hdfs.DFSUtil (DFSUtil.java:httpServerTemplateForNNAndJN(1641)) - Starting Web-server for ozoneManager at: http://0.0.0.0:0
2019-07-13 14:46:57,593 INFO  server.AuthenticationFilter (AuthenticationFilter.java:constructSecretProvider(240)) - Unable to initialize FileSignerSecretProvider, falling back to use random secrets.
2019-07-13 14:46:57,593 WARN  http.HttpRequestLog (HttpRequestLog.java:getRequestLog(97)) - Jetty request log can only be enabled using Log4j
2019-07-13 14:46:57,596 INFO  http.HttpServer2 (HttpServer2.java:addGlobalFilter(975)) - Added global filter 'safety' (class=org.apache.hadoop.http.HttpServer2$QuotingInputFilter)
2019-07-13 14:46:57,597 INFO  http.HttpServer2 (HttpServer2.java:addFilter(948)) - Added filter static_user_filter (class=org.apache.hadoop.http.lib.StaticUserWebFilter$StaticUserFilter) to context ozoneManager
2019-07-13 14:46:57,597 INFO  http.HttpServer2 (HttpServer2.java:addFilter(958)) - Added filter static_user_filter (class=org.apache.hadoop.http.lib.StaticUserWebFilter$StaticUserFilter) to context logs
2019-07-13 14:46:57,597 INFO  http.HttpServer2 (HttpServer2.java:addFilter(958)) - Added filter static_user_filter (class=org.apache.hadoop.http.lib.StaticUserWebFilter$StaticUserFilter) to context static
2019-07-13 14:46:57,598 INFO  http.HttpServer2 (HttpServer2.java:bindListener(1191)) - Jetty bound to port 33183
2019-07-13 14:46:57,599 INFO  server.Server (Server.java:doStart(351)) - jetty-9.3.24.v20180605, build timestamp: 2018-06-05T17:11:56Z, git hash: 84205aa28f11a4f31f2a3b86d1bba2cc8ab69827
2019-07-13 14:46:57,601 INFO  handler.ContextHandler (ContextHandler.java:doStart(781)) - Started o.e.j.s.ServletContextHandler@3c4ad54{/logs,file:///tmp/workdir/hadoop-ozone/integration-test/target/log,AVAILABLE}
2019-07-13 14:46:57,602 INFO  handler.ContextHandler (ContextHandler.java:doStart(781)) - Started o.e.j.s.ServletContextHandler@498b611e{/static,file:///tmp/workdir/hadoop-ozone/integration-test/target/test-classes/webapps/static,AVAILABLE}
2019-07-13 14:46:57,608 INFO  handler.ContextHandler (ContextHandler.java:doStart(781)) - Started o.e.j.w.WebAppContext@534fc1f7{/,file:///tmp/workdir/hadoop-ozone/integration-test/target/test-classes/webapps/ozoneManager/,AVAILABLE}{/ozoneManager}
2019-07-13 14:46:57,608 INFO  server.AbstractConnector (AbstractConnector.java:doStart(278)) - Started ServerConnector@7d5a0b14{HTTP/1.1,[http/1.1]}{0.0.0.0:33183}
2019-07-13 14:46:57,611 INFO  server.Server (Server.java:doStart(419)) - Started @66005ms
2019-07-13 14:46:57,612 INFO  server.BaseHttpServer (BaseHttpServer.java:updateConnectorAddress(207)) - HTTP server of OZONEMANAGER is listening at http://0.0.0.0:33183
2019-07-13 14:46:57,635 INFO  impl.MetricsSystemImpl (MetricsSystemImpl.java:init(158)) - HddsDatanode metrics system started (again)
2019-07-13 14:46:57,635 INFO  ozone.HddsDatanodeService (HddsDatanodeService.java:start(185)) - HddsDatanodeService host:trunk-nightly-mhs6z-4061744966 ip:192.168.5.172
2019-07-13 14:46:57,648 INFO  volume.HddsVolume (HddsVolume.java:<init>(176)) - Creating Volume: /tmp/workdir/hadoop-ozone/integration-test/target/test-dir/MiniOzoneClusterImpl-b5de90c5-b484-4e33-801d-b03755977809/datanode-0/data/containers/hdds of  storage type : DISK and capacity : 52710309888
2019-07-13 14:46:57,648 INFO  volume.VolumeSet (VolumeSet.java:initializeVolumeSet(170)) - Added Volume : /tmp/workdir/hadoop-ozone/integration-test/target/test-dir/MiniOzoneClusterImpl-b5de90c5-b484-4e33-801d-b03755977809/datanode-0/data/containers/hdds to VolumeSet
2019-07-13 14:46:57,649 INFO  volume.ThrottledAsyncChecker (ThrottledAsyncChecker.java:schedule(140)) - Scheduling a check for org.apache.hadoop.ozone.container.common.volume.HddsVolume@4ae2c01b
2019-07-13 14:46:57,649 INFO  volume.HddsVolumeChecker (HddsVolumeChecker.java:checkAllVolumes(203)) - Scheduled health check for volume org.apache.hadoop.ozone.container.common.volume.HddsVolume@4ae2c01b
2019-07-13 14:46:57,671 INFO  impl.RaftServerProxy (ConfUtils.java:logGet(43)) - raft.rpc.type = GRPC (default)
2019-07-13 14:46:57,671 INFO  grpc.GrpcFactory (GrpcFactory.java:checkPooledByteBufAllocatorUseCacheForAllThreads(45)) - PERFORMANCE WARNING: useCacheForAllThreads is true that may cause Netty to create a lot garbage objects and, as a result, trigger GC.
	It is recommended to disable useCacheForAllThreads by setting -Dorg.apache.ratis.thirdparty.io.netty.allocator.useCacheForAllThreads=false in command line.
2019-07-13 14:46:57,672 INFO  grpc.GrpcConfigKeys$Server (ConfUtils.java:logGet(43)) - raft.grpc.server.port = 0 (default)
2019-07-13 14:46:57,672 INFO  server.GrpcService (ConfUtils.java:logGet(43)) - raft.grpc.message.size.max = 33570816 (custom)
2019-07-13 14:46:57,672 INFO  server.RaftServerConfigKeys (ConfUtils.java:logGet(43)) - raft.server.log.appender.buffer.byte-limit = 33554432 (custom)
2019-07-13 14:46:57,673 INFO  server.GrpcService (ConfUtils.java:logGet(43)) - raft.grpc.flow.control.window = 1MB (=1048576) (default)
2019-07-13 14:46:57,673 INFO  server.RaftServerConfigKeys (ConfUtils.java:logGet(43)) - raft.server.rpc.request.timeout = 3000ms (default)
2019-07-13 14:46:57,674 INFO  server.RaftServerConfigKeys (ConfUtils.java:logGet(43)) - raft.server.storage.dir = [/tmp/workdir/hadoop-ozone/integration-test/target/test-dir/MiniOzoneClusterImpl-b5de90c5-b484-4e33-801d-b03755977809/datanode-0/data/ratis] (custom)
2019-07-13 14:46:57,674 INFO  replication.SimpleContainerDownloader (SimpleContainerDownloader.java:<init>(72)) - Starting container downloader service to copy containers to replicate.
2019-07-13 14:46:57,675 INFO  hdfs.DFSUtil (DFSUtil.java:httpServerTemplateForNNAndJN(1641)) - Starting Web-server for hddsDatanode at: http://0.0.0.0:0
2019-07-13 14:46:57,677 INFO  server.AuthenticationFilter (AuthenticationFilter.java:constructSecretProvider(240)) - Unable to initialize FileSignerSecretProvider, falling back to use random secrets.
2019-07-13 14:46:57,677 WARN  http.HttpRequestLog (HttpRequestLog.java:getRequestLog(97)) - Jetty request log can only be enabled using Log4j
2019-07-13 14:46:57,679 INFO  http.HttpServer2 (HttpServer2.java:addGlobalFilter(975)) - Added global filter 'safety' (class=org.apache.hadoop.http.HttpServer2$QuotingInputFilter)
2019-07-13 14:46:57,679 INFO  http.HttpServer2 (HttpServer2.java:addFilter(948)) - Added filter static_user_filter (class=org.apache.hadoop.http.lib.StaticUserWebFilter$StaticUserFilter) to context hddsDatanode
2019-07-13 14:46:57,680 INFO  http.HttpServer2 (HttpServer2.java:addFilter(958)) - Added filter static_user_filter (class=org.apache.hadoop.http.lib.StaticUserWebFilter$StaticUserFilter) to context static
2019-07-13 14:46:57,680 INFO  http.HttpServer2 (HttpServer2.java:addFilter(958)) - Added filter static_user_filter (class=org.apache.hadoop.http.lib.StaticUserWebFilter$StaticUserFilter) to context logs
2019-07-13 14:46:57,681 INFO  http.HttpServer2 (HttpServer2.java:bindListener(1191)) - Jetty bound to port 45718
2019-07-13 14:46:57,681 INFO  server.Server (Server.java:doStart(351)) - jetty-9.3.24.v20180605, build timestamp: 2018-06-05T17:11:56Z, git hash: 84205aa28f11a4f31f2a3b86d1bba2cc8ab69827
2019-07-13 14:46:57,683 INFO  handler.ContextHandler (ContextHandler.java:doStart(781)) - Started o.e.j.s.ServletContextHandler@c0004b7{/logs,file:///tmp/workdir/hadoop-ozone/integration-test/target/log,AVAILABLE}
2019-07-13 14:46:57,683 INFO  handler.ContextHandler (ContextHandler.java:doStart(781)) - Started o.e.j.s.ServletContextHandler@27053257{/static,jar:file:/home/user/.m2/repository/org/apache/hadoop/hadoop-hdds-container-service/0.5.0-SNAPSHOT/hadoop-hdds-container-service-0.5.0-SNAPSHOT.jar!/webapps/static,AVAILABLE}
2019-07-13 14:46:57,720 INFO  handler.ContextHandler (ContextHandler.java:doStart(781)) - Started o.e.j.w.WebAppContext@44106e25{/,file:///tmp/jetty-0.0.0.0-45718-hddsDatanode-_-any-175651899091418764.dir/webapp/,AVAILABLE}{/hddsDatanode}
2019-07-13 14:46:57,720 INFO  server.AbstractConnector (AbstractConnector.java:doStart(278)) - Started ServerConnector@57a5b03{HTTP/1.1,[http/1.1]}{0.0.0.0:45718}
2019-07-13 14:46:57,723 INFO  server.Server (Server.java:doStart(419)) - Started @66117ms
2019-07-13 14:46:57,724 INFO  server.BaseHttpServer (BaseHttpServer.java:updateConnectorAddress(207)) - HTTP server of HDDSDATANODE is listening at http://0.0.0.0:45718
2019-07-13 14:46:57,839 INFO  ozone.HddsDatanodeService (HddsDatanodeService.java:startPlugins(396)) - Started plug-in org.apache.hadoop.ozone.web.OzoneHddsDatanodeService@6c8e5ac4
2019-07-13 14:46:57,840 INFO  impl.MetricsSystemImpl (MetricsSystemImpl.java:init(158)) - HddsDatanode metrics system started (again)
2019-07-13 14:46:57,840 INFO  ozone.HddsDatanodeService (HddsDatanodeService.java:start(185)) - HddsDatanodeService host:trunk-nightly-mhs6z-4061744966 ip:192.168.5.172
2019-07-13 14:46:57,841 INFO  util.JvmPauseMonitor (JvmPauseMonitor.java:run(188)) - Starting JVM pause monitor
2019-07-13 14:46:57,844 INFO  datanode.InitDatanodeState (InitDatanodeState.java:persistContainerDatanodeDetails(140)) - DatanodeDetails is persisted to /tmp/workdir/hadoop-ozone/integration-test/target/test-dir/MiniOzoneClusterImpl-b5de90c5-b484-4e33-801d-b03755977809/datanode-0/meta/datanode.id
2019-07-13 14:46:57,852 INFO  volume.HddsVolume (HddsVolume.java:<init>(176)) - Creating Volume: /tmp/workdir/hadoop-ozone/integration-test/target/test-dir/MiniOzoneClusterImpl-b5de90c5-b484-4e33-801d-b03755977809/datanode-1/data/containers/hdds of  storage type : DISK and capacity : 52710309888
2019-07-13 14:46:57,852 INFO  volume.VolumeSet (VolumeSet.java:initializeVolumeSet(170)) - Added Volume : /tmp/workdir/hadoop-ozone/integration-test/target/test-dir/MiniOzoneClusterImpl-b5de90c5-b484-4e33-801d-b03755977809/datanode-1/data/containers/hdds to VolumeSet
2019-07-13 14:46:57,852 INFO  volume.ThrottledAsyncChecker (ThrottledAsyncChecker.java:schedule(140)) - Scheduling a check for org.apache.hadoop.ozone.container.common.volume.HddsVolume@4a2653a0
2019-07-13 14:46:57,853 INFO  volume.HddsVolumeChecker (HddsVolumeChecker.java:checkAllVolumes(203)) - Scheduled health check for volume org.apache.hadoop.ozone.container.common.volume.HddsVolume@4a2653a0
2019-07-13 14:46:57,882 INFO  impl.RaftServerProxy (ConfUtils.java:logGet(43)) - raft.rpc.type = GRPC (default)
2019-07-13 14:46:57,882 INFO  grpc.GrpcFactory (GrpcFactory.java:checkPooledByteBufAllocatorUseCacheForAllThreads(45)) - PERFORMANCE WARNING: useCacheForAllThreads is true that may cause Netty to create a lot garbage objects and, as a result, trigger GC.
	It is recommended to disable useCacheForAllThreads by setting -Dorg.apache.ratis.thirdparty.io.netty.allocator.useCacheForAllThreads=false in command line.
2019-07-13 14:46:57,882 INFO  grpc.GrpcConfigKeys$Server (ConfUtils.java:logGet(43)) - raft.grpc.server.port = 0 (default)
2019-07-13 14:46:57,883 INFO  server.GrpcService (ConfUtils.java:logGet(43)) - raft.grpc.message.size.max = 33570816 (custom)
2019-07-13 14:46:57,883 INFO  server.RaftServerConfigKeys (ConfUtils.java:logGet(43)) - raft.server.log.appender.buffer.byte-limit = 33554432 (custom)
2019-07-13 14:46:57,883 INFO  server.GrpcService (ConfUtils.java:logGet(43)) - raft.grpc.flow.control.window = 1MB (=1048576) (default)
2019-07-13 14:46:57,883 INFO  server.RaftServerConfigKeys (ConfUtils.java:logGet(43)) - raft.server.rpc.request.timeout = 3000ms (default)
2019-07-13 14:46:57,884 INFO  server.RaftServerConfigKeys (ConfUtils.java:logGet(43)) - raft.server.storage.dir = [/tmp/workdir/hadoop-ozone/integration-test/target/test-dir/MiniOzoneClusterImpl-b5de90c5-b484-4e33-801d-b03755977809/datanode-1/data/ratis] (custom)
2019-07-13 14:46:57,884 INFO  replication.SimpleContainerDownloader (SimpleContainerDownloader.java:<init>(72)) - Starting container downloader service to copy containers to replicate.
2019-07-13 14:46:57,886 INFO  hdfs.DFSUtil (DFSUtil.java:httpServerTemplateForNNAndJN(1641)) - Starting Web-server for hddsDatanode at: http://0.0.0.0:0
2019-07-13 14:46:57,894 INFO  server.AuthenticationFilter (AuthenticationFilter.java:constructSecretProvider(240)) - Unable to initialize FileSignerSecretProvider, falling back to use random secrets.
2019-07-13 14:46:57,895 WARN  http.HttpRequestLog (HttpRequestLog.java:getRequestLog(97)) - Jetty request log can only be enabled using Log4j
2019-07-13 14:46:57,896 INFO  http.HttpServer2 (HttpServer2.java:addGlobalFilter(975)) - Added global filter 'safety' (class=org.apache.hadoop.http.HttpServer2$QuotingInputFilter)
2019-07-13 14:46:57,896 INFO  http.HttpServer2 (HttpServer2.java:addFilter(948)) - Added filter static_user_filter (class=org.apache.hadoop.http.lib.StaticUserWebFilter$StaticUserFilter) to context hddsDatanode
2019-07-13 14:46:57,897 INFO  http.HttpServer2 (HttpServer2.java:addFilter(958)) - Added filter static_user_filter (class=org.apache.hadoop.http.lib.StaticUserWebFilter$StaticUserFilter) to context static
2019-07-13 14:46:57,897 INFO  http.HttpServer2 (HttpServer2.java:addFilter(958)) - Added filter static_user_filter (class=org.apache.hadoop.http.lib.StaticUserWebFilter$StaticUserFilter) to context logs
2019-07-13 14:46:57,897 INFO  http.HttpServer2 (HttpServer2.java:bindListener(1191)) - Jetty bound to port 33120
2019-07-13 14:46:57,897 INFO  server.Server (Server.java:doStart(351)) - jetty-9.3.24.v20180605, build timestamp: 2018-06-05T17:11:56Z, git hash: 84205aa28f11a4f31f2a3b86d1bba2cc8ab69827
2019-07-13 14:46:57,899 INFO  handler.ContextHandler (ContextHandler.java:doStart(781)) - Started o.e.j.s.ServletContextHandler@4ab90d01{/logs,file:///tmp/workdir/hadoop-ozone/integration-test/target/log,AVAILABLE}
2019-07-13 14:46:57,900 INFO  handler.ContextHandler (ContextHandler.java:doStart(781)) - Started o.e.j.s.ServletContextHandler@2d88c1bf{/static,jar:file:/home/user/.m2/repository/org/apache/hadoop/hadoop-hdds-container-service/0.5.0-SNAPSHOT/hadoop-hdds-container-service-0.5.0-SNAPSHOT.jar!/webapps/static,AVAILABLE}
2019-07-13 14:46:57,929 INFO  handler.ContextHandler (ContextHandler.java:doStart(781)) - Started o.e.j.w.WebAppContext@24b8a393{/,file:///tmp/jetty-0.0.0.0-33120-hddsDatanode-_-any-2910883465142352682.dir/webapp/,AVAILABLE}{/hddsDatanode}
2019-07-13 14:46:57,929 INFO  server.AbstractConnector (AbstractConnector.java:doStart(278)) - Started ServerConnector@20155dae{HTTP/1.1,[http/1.1]}{0.0.0.0:33120}
2019-07-13 14:46:57,937 INFO  server.Server (Server.java:doStart(419)) - Started @66331ms
2019-07-13 14:46:57,938 INFO  server.BaseHttpServer (BaseHttpServer.java:updateConnectorAddress(207)) - HTTP server of HDDSDATANODE is listening at http://0.0.0.0:33120
2019-07-13 14:46:58,076 INFO  ozone.HddsDatanodeService (HddsDatanodeService.java:startPlugins(396)) - Started plug-in org.apache.hadoop.ozone.web.OzoneHddsDatanodeService@27055a2a
2019-07-13 14:46:58,077 INFO  impl.MetricsSystemImpl (MetricsSystemImpl.java:init(158)) - HddsDatanode metrics system started (again)
2019-07-13 14:46:58,077 INFO  ozone.HddsDatanodeService (HddsDatanodeService.java:start(185)) - HddsDatanodeService host:trunk-nightly-mhs6z-4061744966 ip:192.168.5.172
2019-07-13 14:46:58,078 INFO  util.JvmPauseMonitor (JvmPauseMonitor.java:run(188)) - Starting JVM pause monitor
2019-07-13 14:46:58,082 INFO  datanode.InitDatanodeState (InitDatanodeState.java:persistContainerDatanodeDetails(140)) - DatanodeDetails is persisted to /tmp/workdir/hadoop-ozone/integration-test/target/test-dir/MiniOzoneClusterImpl-b5de90c5-b484-4e33-801d-b03755977809/datanode-1/meta/datanode.id
2019-07-13 14:46:58,098 INFO  volume.HddsVolume (HddsVolume.java:<init>(176)) - Creating Volume: /tmp/workdir/hadoop-ozone/integration-test/target/test-dir/MiniOzoneClusterImpl-b5de90c5-b484-4e33-801d-b03755977809/datanode-2/data/containers/hdds of  storage type : DISK and capacity : 52710309888
2019-07-13 14:46:58,099 INFO  volume.VolumeSet (VolumeSet.java:initializeVolumeSet(170)) - Added Volume : /tmp/workdir/hadoop-ozone/integration-test/target/test-dir/MiniOzoneClusterImpl-b5de90c5-b484-4e33-801d-b03755977809/datanode-2/data/containers/hdds to VolumeSet
2019-07-13 14:46:58,099 INFO  volume.ThrottledAsyncChecker (ThrottledAsyncChecker.java:schedule(140)) - Scheduling a check for org.apache.hadoop.ozone.container.common.volume.HddsVolume@4ec616d6
2019-07-13 14:46:58,099 INFO  volume.HddsVolumeChecker (HddsVolumeChecker.java:checkAllVolumes(203)) - Scheduled health check for volume org.apache.hadoop.ozone.container.common.volume.HddsVolume@4ec616d6
2019-07-13 14:46:58,115 INFO  impl.RaftServerProxy (ConfUtils.java:logGet(43)) - raft.rpc.type = GRPC (default)
2019-07-13 14:46:58,115 INFO  grpc.GrpcFactory (GrpcFactory.java:checkPooledByteBufAllocatorUseCacheForAllThreads(45)) - PERFORMANCE WARNING: useCacheForAllThreads is true that may cause Netty to create a lot garbage objects and, as a result, trigger GC.
	It is recommended to disable useCacheForAllThreads by setting -Dorg.apache.ratis.thirdparty.io.netty.allocator.useCacheForAllThreads=false in command line.
2019-07-13 14:46:58,116 INFO  grpc.GrpcConfigKeys$Server (ConfUtils.java:logGet(43)) - raft.grpc.server.port = 0 (default)
2019-07-13 14:46:58,116 INFO  server.GrpcService (ConfUtils.java:logGet(43)) - raft.grpc.message.size.max = 33570816 (custom)
2019-07-13 14:46:58,116 INFO  server.RaftServerConfigKeys (ConfUtils.java:logGet(43)) - raft.server.log.appender.buffer.byte-limit = 33554432 (custom)
2019-07-13 14:46:58,116 INFO  server.GrpcService (ConfUtils.java:logGet(43)) - raft.grpc.flow.control.window = 1MB (=1048576) (default)
2019-07-13 14:46:58,116 INFO  server.RaftServerConfigKeys (ConfUtils.java:logGet(43)) - raft.server.rpc.request.timeout = 3000ms (default)
2019-07-13 14:46:58,117 INFO  server.RaftServerConfigKeys (ConfUtils.java:logGet(43)) - raft.server.storage.dir = [/tmp/workdir/hadoop-ozone/integration-test/target/test-dir/MiniOzoneClusterImpl-b5de90c5-b484-4e33-801d-b03755977809/datanode-2/data/ratis] (custom)
2019-07-13 14:46:58,117 INFO  replication.SimpleContainerDownloader (SimpleContainerDownloader.java:<init>(72)) - Starting container downloader service to copy containers to replicate.
2019-07-13 14:46:58,118 INFO  hdfs.DFSUtil (DFSUtil.java:httpServerTemplateForNNAndJN(1641)) - Starting Web-server for hddsDatanode at: http://0.0.0.0:0
2019-07-13 14:46:58,119 INFO  server.AuthenticationFilter (AuthenticationFilter.java:constructSecretProvider(240)) - Unable to initialize FileSignerSecretProvider, falling back to use random secrets.
2019-07-13 14:46:58,120 WARN  http.HttpRequestLog (HttpRequestLog.java:getRequestLog(97)) - Jetty request log can only be enabled using Log4j
2019-07-13 14:46:58,121 INFO  http.HttpServer2 (HttpServer2.java:addGlobalFilter(975)) - Added global filter 'safety' (class=org.apache.hadoop.http.HttpServer2$QuotingInputFilter)
2019-07-13 14:46:58,121 INFO  http.HttpServer2 (HttpServer2.java:addFilter(948)) - Added filter static_user_filter (class=org.apache.hadoop.http.lib.StaticUserWebFilter$StaticUserFilter) to context hddsDatanode
2019-07-13 14:46:58,121 INFO  http.HttpServer2 (HttpServer2.java:addFilter(958)) - Added filter static_user_filter (class=org.apache.hadoop.http.lib.StaticUserWebFilter$StaticUserFilter) to context static
2019-07-13 14:46:58,121 INFO  http.HttpServer2 (HttpServer2.java:addFilter(958)) - Added filter static_user_filter (class=org.apache.hadoop.http.lib.StaticUserWebFilter$StaticUserFilter) to context logs
2019-07-13 14:46:58,122 INFO  http.HttpServer2 (HttpServer2.java:bindListener(1191)) - Jetty bound to port 37021
2019-07-13 14:46:58,122 INFO  server.Server (Server.java:doStart(351)) - jetty-9.3.24.v20180605, build timestamp: 2018-06-05T17:11:56Z, git hash: 84205aa28f11a4f31f2a3b86d1bba2cc8ab69827
2019-07-13 14:46:58,125 INFO  handler.ContextHandler (ContextHandler.java:doStart(781)) - Started o.e.j.s.ServletContextHandler@2d3bb944{/logs,file:///tmp/workdir/hadoop-ozone/integration-test/target/log,AVAILABLE}
2019-07-13 14:46:58,125 INFO  handler.ContextHandler (ContextHandler.java:doStart(781)) - Started o.e.j.s.ServletContextHandler@6dbeaef8{/static,jar:file:/home/user/.m2/repository/org/apache/hadoop/hadoop-hdds-container-service/0.5.0-SNAPSHOT/hadoop-hdds-container-service-0.5.0-SNAPSHOT.jar!/webapps/static,AVAILABLE}
2019-07-13 14:46:58,151 INFO  handler.ContextHandler (ContextHandler.java:doStart(781)) - Started o.e.j.w.WebAppContext@10a064bd{/,file:///tmp/jetty-0.0.0.0-37021-hddsDatanode-_-any-6024259096623531898.dir/webapp/,AVAILABLE}{/hddsDatanode}
2019-07-13 14:46:58,152 INFO  server.AbstractConnector (AbstractConnector.java:doStart(278)) - Started ServerConnector@2de7fe0e{HTTP/1.1,[http/1.1]}{0.0.0.0:37021}
2019-07-13 14:46:58,155 INFO  server.Server (Server.java:doStart(419)) - Started @66549ms
2019-07-13 14:46:58,156 INFO  server.BaseHttpServer (BaseHttpServer.java:updateConnectorAddress(207)) - HTTP server of HDDSDATANODE is listening at http://0.0.0.0:37021
2019-07-13 14:46:58,265 INFO  ozone.HddsDatanodeService (HddsDatanodeService.java:startPlugins(396)) - Started plug-in org.apache.hadoop.ozone.web.OzoneHddsDatanodeService@699bb304
2019-07-13 14:46:58,266 INFO  impl.MetricsSystemImpl (MetricsSystemImpl.java:init(158)) - HddsDatanode metrics system started (again)
2019-07-13 14:46:58,266 INFO  ozone.HddsDatanodeService (HddsDatanodeService.java:start(185)) - HddsDatanodeService host:trunk-nightly-mhs6z-4061744966 ip:192.168.5.172
2019-07-13 14:46:58,267 INFO  util.JvmPauseMonitor (JvmPauseMonitor.java:run(188)) - Starting JVM pause monitor
2019-07-13 14:46:58,270 INFO  datanode.InitDatanodeState (InitDatanodeState.java:persistContainerDatanodeDetails(140)) - DatanodeDetails is persisted to /tmp/workdir/hadoop-ozone/integration-test/target/test-dir/MiniOzoneClusterImpl-b5de90c5-b484-4e33-801d-b03755977809/datanode-2/meta/datanode.id
2019-07-13 14:46:58,286 INFO  volume.HddsVolume (HddsVolume.java:<init>(176)) - Creating Volume: /tmp/workdir/hadoop-ozone/integration-test/target/test-dir/MiniOzoneClusterImpl-b5de90c5-b484-4e33-801d-b03755977809/datanode-3/data/containers/hdds of  storage type : DISK and capacity : 52710309888
2019-07-13 14:46:58,286 INFO  volume.VolumeSet (VolumeSet.java:initializeVolumeSet(170)) - Added Volume : /tmp/workdir/hadoop-ozone/integration-test/target/test-dir/MiniOzoneClusterImpl-b5de90c5-b484-4e33-801d-b03755977809/datanode-3/data/containers/hdds to VolumeSet
2019-07-13 14:46:58,286 INFO  volume.ThrottledAsyncChecker (ThrottledAsyncChecker.java:schedule(140)) - Scheduling a check for org.apache.hadoop.ozone.container.common.volume.HddsVolume@24a7d3d3
2019-07-13 14:46:58,287 INFO  volume.HddsVolumeChecker (HddsVolumeChecker.java:checkAllVolumes(203)) - Scheduled health check for volume org.apache.hadoop.ozone.container.common.volume.HddsVolume@24a7d3d3
2019-07-13 14:46:58,310 INFO  impl.RaftServerProxy (ConfUtils.java:logGet(43)) - raft.rpc.type = GRPC (default)
2019-07-13 14:46:58,311 INFO  grpc.GrpcFactory (GrpcFactory.java:checkPooledByteBufAllocatorUseCacheForAllThreads(45)) - PERFORMANCE WARNING: useCacheForAllThreads is true that may cause Netty to create a lot garbage objects and, as a result, trigger GC.
	It is recommended to disable useCacheForAllThreads by setting -Dorg.apache.ratis.thirdparty.io.netty.allocator.useCacheForAllThreads=false in command line.
2019-07-13 14:46:58,311 INFO  grpc.GrpcConfigKeys$Server (ConfUtils.java:logGet(43)) - raft.grpc.server.port = 0 (default)
2019-07-13 14:46:58,311 INFO  server.GrpcService (ConfUtils.java:logGet(43)) - raft.grpc.message.size.max = 33570816 (custom)
2019-07-13 14:46:58,312 INFO  server.RaftServerConfigKeys (ConfUtils.java:logGet(43)) - raft.server.log.appender.buffer.byte-limit = 33554432 (custom)
2019-07-13 14:46:58,312 INFO  server.GrpcService (ConfUtils.java:logGet(43)) - raft.grpc.flow.control.window = 1MB (=1048576) (default)
2019-07-13 14:46:58,312 INFO  server.RaftServerConfigKeys (ConfUtils.java:logGet(43)) - raft.server.rpc.request.timeout = 3000ms (default)
2019-07-13 14:46:58,313 INFO  server.RaftServerConfigKeys (ConfUtils.java:logGet(43)) - raft.server.storage.dir = [/tmp/workdir/hadoop-ozone/integration-test/target/test-dir/MiniOzoneClusterImpl-b5de90c5-b484-4e33-801d-b03755977809/datanode-3/data/ratis] (custom)
2019-07-13 14:46:58,314 INFO  replication.SimpleContainerDownloader (SimpleContainerDownloader.java:<init>(72)) - Starting container downloader service to copy containers to replicate.
2019-07-13 14:46:58,315 INFO  hdfs.DFSUtil (DFSUtil.java:httpServerTemplateForNNAndJN(1641)) - Starting Web-server for hddsDatanode at: http://0.0.0.0:0
2019-07-13 14:46:58,316 INFO  server.AuthenticationFilter (AuthenticationFilter.java:constructSecretProvider(240)) - Unable to initialize FileSignerSecretProvider, falling back to use random secrets.
2019-07-13 14:46:58,317 WARN  http.HttpRequestLog (HttpRequestLog.java:getRequestLog(97)) - Jetty request log can only be enabled using Log4j
2019-07-13 14:46:58,318 INFO  http.HttpServer2 (HttpServer2.java:addGlobalFilter(975)) - Added global filter 'safety' (class=org.apache.hadoop.http.HttpServer2$QuotingInputFilter)
2019-07-13 14:46:58,318 INFO  http.HttpServer2 (HttpServer2.java:addFilter(948)) - Added filter static_user_filter (class=org.apache.hadoop.http.lib.StaticUserWebFilter$StaticUserFilter) to context hddsDatanode
2019-07-13 14:46:58,319 INFO  http.HttpServer2 (HttpServer2.java:addFilter(958)) - Added filter static_user_filter (class=org.apache.hadoop.http.lib.StaticUserWebFilter$StaticUserFilter) to context static
2019-07-13 14:46:58,319 INFO  http.HttpServer2 (HttpServer2.java:addFilter(958)) - Added filter static_user_filter (class=org.apache.hadoop.http.lib.StaticUserWebFilter$StaticUserFilter) to context logs
2019-07-13 14:46:58,319 INFO  http.HttpServer2 (HttpServer2.java:bindListener(1191)) - Jetty bound to port 36961
2019-07-13 14:46:58,320 INFO  server.Server (Server.java:doStart(351)) - jetty-9.3.24.v20180605, build timestamp: 2018-06-05T17:11:56Z, git hash: 84205aa28f11a4f31f2a3b86d1bba2cc8ab69827
2019-07-13 14:46:58,322 INFO  handler.ContextHandler (ContextHandler.java:doStart(781)) - Started o.e.j.s.ServletContextHandler@65b680b4{/logs,file:///tmp/workdir/hadoop-ozone/integration-test/target/log,AVAILABLE}
2019-07-13 14:46:58,322 INFO  handler.ContextHandler (ContextHandler.java:doStart(781)) - Started o.e.j.s.ServletContextHandler@5c316230{/static,jar:file:/home/user/.m2/repository/org/apache/hadoop/hadoop-hdds-container-service/0.5.0-SNAPSHOT/hadoop-hdds-container-service-0.5.0-SNAPSHOT.jar!/webapps/static,AVAILABLE}
2019-07-13 14:46:58,352 INFO  handler.ContextHandler (ContextHandler.java:doStart(781)) - Started o.e.j.w.WebAppContext@4742466e{/,file:///tmp/jetty-0.0.0.0-36961-hddsDatanode-_-any-4105989860095000034.dir/webapp/,AVAILABLE}{/hddsDatanode}
2019-07-13 14:46:58,352 INFO  server.AbstractConnector (AbstractConnector.java:doStart(278)) - Started ServerConnector@83e5898{HTTP/1.1,[http/1.1]}{0.0.0.0:36961}
2019-07-13 14:46:58,355 INFO  server.Server (Server.java:doStart(419)) - Started @66750ms
2019-07-13 14:46:58,356 INFO  server.BaseHttpServer (BaseHttpServer.java:updateConnectorAddress(207)) - HTTP server of HDDSDATANODE is listening at http://0.0.0.0:36961
2019-07-13 14:46:58,471 INFO  ozone.HddsDatanodeService (HddsDatanodeService.java:startPlugins(396)) - Started plug-in org.apache.hadoop.ozone.web.OzoneHddsDatanodeService@4301fa39
2019-07-13 14:46:58,471 INFO  impl.MetricsSystemImpl (MetricsSystemImpl.java:init(158)) - HddsDatanode metrics system started (again)
2019-07-13 14:46:58,471 INFO  ozone.HddsDatanodeService (HddsDatanodeService.java:start(185)) - HddsDatanodeService host:trunk-nightly-mhs6z-4061744966 ip:192.168.5.172
2019-07-13 14:46:58,472 INFO  util.JvmPauseMonitor (JvmPauseMonitor.java:run(188)) - Starting JVM pause monitor
2019-07-13 14:46:58,475 INFO  datanode.InitDatanodeState (InitDatanodeState.java:persistContainerDatanodeDetails(140)) - DatanodeDetails is persisted to /tmp/workdir/hadoop-ozone/integration-test/target/test-dir/MiniOzoneClusterImpl-b5de90c5-b484-4e33-801d-b03755977809/datanode-3/meta/datanode.id
2019-07-13 14:46:58,483 INFO  volume.HddsVolume (HddsVolume.java:<init>(176)) - Creating Volume: /tmp/workdir/hadoop-ozone/integration-test/target/test-dir/MiniOzoneClusterImpl-b5de90c5-b484-4e33-801d-b03755977809/datanode-4/data/containers/hdds of  storage type : DISK and capacity : 52710309888
2019-07-13 14:46:58,483 INFO  volume.VolumeSet (VolumeSet.java:initializeVolumeSet(170)) - Added Volume : /tmp/workdir/hadoop-ozone/integration-test/target/test-dir/MiniOzoneClusterImpl-b5de90c5-b484-4e33-801d-b03755977809/datanode-4/data/containers/hdds to VolumeSet
2019-07-13 14:46:58,484 INFO  volume.ThrottledAsyncChecker (ThrottledAsyncChecker.java:schedule(140)) - Scheduling a check for org.apache.hadoop.ozone.container.common.volume.HddsVolume@1ab502f6
2019-07-13 14:46:58,484 INFO  volume.HddsVolumeChecker (HddsVolumeChecker.java:checkAllVolumes(203)) - Scheduled health check for volume org.apache.hadoop.ozone.container.common.volume.HddsVolume@1ab502f6
2019-07-13 14:46:58,503 INFO  impl.RaftServerProxy (ConfUtils.java:logGet(43)) - raft.rpc.type = GRPC (default)
2019-07-13 14:46:58,503 INFO  grpc.GrpcFactory (GrpcFactory.java:checkPooledByteBufAllocatorUseCacheForAllThreads(45)) - PERFORMANCE WARNING: useCacheForAllThreads is true that may cause Netty to create a lot garbage objects and, as a result, trigger GC.
	It is recommended to disable useCacheForAllThreads by setting -Dorg.apache.ratis.thirdparty.io.netty.allocator.useCacheForAllThreads=false in command line.
2019-07-13 14:46:58,503 INFO  grpc.GrpcConfigKeys$Server (ConfUtils.java:logGet(43)) - raft.grpc.server.port = 0 (default)
2019-07-13 14:46:58,504 INFO  server.GrpcService (ConfUtils.java:logGet(43)) - raft.grpc.message.size.max = 33570816 (custom)
2019-07-13 14:46:58,504 INFO  server.RaftServerConfigKeys (ConfUtils.java:logGet(43)) - raft.server.log.appender.buffer.byte-limit = 33554432 (custom)
2019-07-13 14:46:58,504 INFO  server.GrpcService (ConfUtils.java:logGet(43)) - raft.grpc.flow.control.window = 1MB (=1048576) (default)
2019-07-13 14:46:58,504 INFO  server.RaftServerConfigKeys (ConfUtils.java:logGet(43)) - raft.server.rpc.request.timeout = 3000ms (default)
2019-07-13 14:46:58,505 INFO  server.RaftServerConfigKeys (ConfUtils.java:logGet(43)) - raft.server.storage.dir = [/tmp/workdir/hadoop-ozone/integration-test/target/test-dir/MiniOzoneClusterImpl-b5de90c5-b484-4e33-801d-b03755977809/datanode-4/data/ratis] (custom)
2019-07-13 14:46:58,505 INFO  replication.SimpleContainerDownloader (SimpleContainerDownloader.java:<init>(72)) - Starting container downloader service to copy containers to replicate.
2019-07-13 14:46:58,506 INFO  hdfs.DFSUtil (DFSUtil.java:httpServerTemplateForNNAndJN(1641)) - Starting Web-server for hddsDatanode at: http://0.0.0.0:0
2019-07-13 14:46:58,507 INFO  server.AuthenticationFilter (AuthenticationFilter.java:constructSecretProvider(240)) - Unable to initialize FileSignerSecretProvider, falling back to use random secrets.
2019-07-13 14:46:58,507 WARN  http.HttpRequestLog (HttpRequestLog.java:getRequestLog(97)) - Jetty request log can only be enabled using Log4j
2019-07-13 14:46:58,509 INFO  http.HttpServer2 (HttpServer2.java:addGlobalFilter(975)) - Added global filter 'safety' (class=org.apache.hadoop.http.HttpServer2$QuotingInputFilter)
2019-07-13 14:46:58,509 INFO  http.HttpServer2 (HttpServer2.java:addFilter(948)) - Added filter static_user_filter (class=org.apache.hadoop.http.lib.StaticUserWebFilter$StaticUserFilter) to context hddsDatanode
2019-07-13 14:46:58,509 INFO  http.HttpServer2 (HttpServer2.java:addFilter(958)) - Added filter static_user_filter (class=org.apache.hadoop.http.lib.StaticUserWebFilter$StaticUserFilter) to context logs
2019-07-13 14:46:58,509 INFO  http.HttpServer2 (HttpServer2.java:addFilter(958)) - Added filter static_user_filter (class=org.apache.hadoop.http.lib.StaticUserWebFilter$StaticUserFilter) to context static
2019-07-13 14:46:58,510 INFO  http.HttpServer2 (HttpServer2.java:bindListener(1191)) - Jetty bound to port 39786
2019-07-13 14:46:58,510 INFO  server.Server (Server.java:doStart(351)) - jetty-9.3.24.v20180605, build timestamp: 2018-06-05T17:11:56Z, git hash: 84205aa28f11a4f31f2a3b86d1bba2cc8ab69827
2019-07-13 14:46:58,511 INFO  handler.ContextHandler (ContextHandler.java:doStart(781)) - Started o.e.j.s.ServletContextHandler@7b54a0a4{/logs,file:///tmp/workdir/hadoop-ozone/integration-test/target/log,AVAILABLE}
2019-07-13 14:46:58,512 INFO  handler.ContextHandler (ContextHandler.java:doStart(781)) - Started o.e.j.s.ServletContextHandler@2e64ae1a{/static,jar:file:/home/user/.m2/repository/org/apache/hadoop/hadoop-hdds-container-service/0.5.0-SNAPSHOT/hadoop-hdds-container-service-0.5.0-SNAPSHOT.jar!/webapps/static,AVAILABLE}
2019-07-13 14:46:58,538 INFO  handler.ContextHandler (ContextHandler.java:doStart(781)) - Started o.e.j.w.WebAppContext@4e933cf1{/,file:///tmp/jetty-0.0.0.0-39786-hddsDatanode-_-any-5034980301581251577.dir/webapp/,AVAILABLE}{/hddsDatanode}
2019-07-13 14:46:58,539 INFO  server.AbstractConnector (AbstractConnector.java:doStart(278)) - Started ServerConnector@729a9c3d{HTTP/1.1,[http/1.1]}{0.0.0.0:39786}
2019-07-13 14:46:58,541 INFO  server.Server (Server.java:doStart(419)) - Started @66936ms
2019-07-13 14:46:58,542 INFO  server.BaseHttpServer (BaseHttpServer.java:updateConnectorAddress(207)) - HTTP server of HDDSDATANODE is listening at http://0.0.0.0:39786
2019-07-13 14:46:58,653 INFO  ozone.HddsDatanodeService (HddsDatanodeService.java:startPlugins(396)) - Started plug-in org.apache.hadoop.ozone.web.OzoneHddsDatanodeService@709d2a6c
2019-07-13 14:46:58,654 INFO  impl.MetricsSystemImpl (MetricsSystemImpl.java:init(158)) - HddsDatanode metrics system started (again)
2019-07-13 14:46:58,657 INFO  ozone.HddsDatanodeService (HddsDatanodeService.java:start(185)) - HddsDatanodeService host:trunk-nightly-mhs6z-4061744966 ip:192.168.5.172
2019-07-13 14:46:58,658 INFO  util.JvmPauseMonitor (JvmPauseMonitor.java:run(188)) - Starting JVM pause monitor
2019-07-13 14:46:58,661 INFO  datanode.InitDatanodeState (InitDatanodeState.java:persistContainerDatanodeDetails(140)) - DatanodeDetails is persisted to /tmp/workdir/hadoop-ozone/integration-test/target/test-dir/MiniOzoneClusterImpl-b5de90c5-b484-4e33-801d-b03755977809/datanode-4/meta/datanode.id
2019-07-13 14:46:58,669 INFO  volume.HddsVolume (HddsVolume.java:<init>(176)) - Creating Volume: /tmp/workdir/hadoop-ozone/integration-test/target/test-dir/MiniOzoneClusterImpl-b5de90c5-b484-4e33-801d-b03755977809/datanode-5/data/containers/hdds of  storage type : DISK and capacity : 52710309888
2019-07-13 14:46:58,670 INFO  volume.VolumeSet (VolumeSet.java:initializeVolumeSet(170)) - Added Volume : /tmp/workdir/hadoop-ozone/integration-test/target/test-dir/MiniOzoneClusterImpl-b5de90c5-b484-4e33-801d-b03755977809/datanode-5/data/containers/hdds to VolumeSet
2019-07-13 14:46:58,670 INFO  volume.ThrottledAsyncChecker (ThrottledAsyncChecker.java:schedule(140)) - Scheduling a check for org.apache.hadoop.ozone.container.common.volume.HddsVolume@38856d6e
2019-07-13 14:46:58,670 INFO  volume.HddsVolumeChecker (HddsVolumeChecker.java:checkAllVolumes(203)) - Scheduled health check for volume org.apache.hadoop.ozone.container.common.volume.HddsVolume@38856d6e
2019-07-13 14:46:58,690 INFO  impl.RaftServerProxy (ConfUtils.java:logGet(43)) - raft.rpc.type = GRPC (default)
2019-07-13 14:46:58,690 INFO  grpc.GrpcFactory (GrpcFactory.java:checkPooledByteBufAllocatorUseCacheForAllThreads(45)) - PERFORMANCE WARNING: useCacheForAllThreads is true that may cause Netty to create a lot garbage objects and, as a result, trigger GC.
	It is recommended to disable useCacheForAllThreads by setting -Dorg.apache.ratis.thirdparty.io.netty.allocator.useCacheForAllThreads=false in command line.
2019-07-13 14:46:58,690 INFO  grpc.GrpcConfigKeys$Server (ConfUtils.java:logGet(43)) - raft.grpc.server.port = 0 (default)
2019-07-13 14:46:58,691 INFO  server.GrpcService (ConfUtils.java:logGet(43)) - raft.grpc.message.size.max = 33570816 (custom)
2019-07-13 14:46:58,691 INFO  server.RaftServerConfigKeys (ConfUtils.java:logGet(43)) - raft.server.log.appender.buffer.byte-limit = 33554432 (custom)
2019-07-13 14:46:58,691 INFO  server.GrpcService (ConfUtils.java:logGet(43)) - raft.grpc.flow.control.window = 1MB (=1048576) (default)
2019-07-13 14:46:58,691 INFO  server.RaftServerConfigKeys (ConfUtils.java:logGet(43)) - raft.server.rpc.request.timeout = 3000ms (default)
2019-07-13 14:46:58,692 INFO  server.RaftServerConfigKeys (ConfUtils.java:logGet(43)) - raft.server.storage.dir = [/tmp/workdir/hadoop-ozone/integration-test/target/test-dir/MiniOzoneClusterImpl-b5de90c5-b484-4e33-801d-b03755977809/datanode-5/data/ratis] (custom)
2019-07-13 14:46:58,692 INFO  replication.SimpleContainerDownloader (SimpleContainerDownloader.java:<init>(72)) - Starting container downloader service to copy containers to replicate.
2019-07-13 14:46:58,693 INFO  hdfs.DFSUtil (DFSUtil.java:httpServerTemplateForNNAndJN(1641)) - Starting Web-server for hddsDatanode at: http://0.0.0.0:0
2019-07-13 14:46:58,694 INFO  server.AuthenticationFilter (AuthenticationFilter.java:constructSecretProvider(240)) - Unable to initialize FileSignerSecretProvider, falling back to use random secrets.
2019-07-13 14:46:58,694 WARN  http.HttpRequestLog (HttpRequestLog.java:getRequestLog(97)) - Jetty request log can only be enabled using Log4j
2019-07-13 14:46:58,696 INFO  http.HttpServer2 (HttpServer2.java:addGlobalFilter(975)) - Added global filter 'safety' (class=org.apache.hadoop.http.HttpServer2$QuotingInputFilter)
2019-07-13 14:46:58,696 INFO  http.HttpServer2 (HttpServer2.java:addFilter(948)) - Added filter static_user_filter (class=org.apache.hadoop.http.lib.StaticUserWebFilter$StaticUserFilter) to context hddsDatanode
2019-07-13 14:46:58,696 INFO  http.HttpServer2 (HttpServer2.java:addFilter(958)) - Added filter static_user_filter (class=org.apache.hadoop.http.lib.StaticUserWebFilter$StaticUserFilter) to context logs
2019-07-13 14:46:58,696 INFO  http.HttpServer2 (HttpServer2.java:addFilter(958)) - Added filter static_user_filter (class=org.apache.hadoop.http.lib.StaticUserWebFilter$StaticUserFilter) to context static
2019-07-13 14:46:58,697 INFO  http.HttpServer2 (HttpServer2.java:bindListener(1191)) - Jetty bound to port 41150
2019-07-13 14:46:58,697 INFO  server.Server (Server.java:doStart(351)) - jetty-9.3.24.v20180605, build timestamp: 2018-06-05T17:11:56Z, git hash: 84205aa28f11a4f31f2a3b86d1bba2cc8ab69827
2019-07-13 14:46:58,699 INFO  handler.ContextHandler (ContextHandler.java:doStart(781)) - Started o.e.j.s.ServletContextHandler@212c0aff{/logs,file:///tmp/workdir/hadoop-ozone/integration-test/target/log,AVAILABLE}
2019-07-13 14:46:58,699 INFO  handler.ContextHandler (ContextHandler.java:doStart(781)) - Started o.e.j.s.ServletContextHandler@47666b39{/static,jar:file:/home/user/.m2/repository/org/apache/hadoop/hadoop-hdds-container-service/0.5.0-SNAPSHOT/hadoop-hdds-container-service-0.5.0-SNAPSHOT.jar!/webapps/static,AVAILABLE}
2019-07-13 14:46:58,726 INFO  handler.ContextHandler (ContextHandler.java:doStart(781)) - Started o.e.j.w.WebAppContext@2336d3f{/,file:///tmp/jetty-0.0.0.0-41150-hddsDatanode-_-any-7254411891481722250.dir/webapp/,AVAILABLE}{/hddsDatanode}
2019-07-13 14:46:58,727 INFO  server.AbstractConnector (AbstractConnector.java:doStart(278)) - Started ServerConnector@7f5ecada{HTTP/1.1,[http/1.1]}{0.0.0.0:41150}
2019-07-13 14:46:58,730 INFO  server.Server (Server.java:doStart(419)) - Started @67121ms
2019-07-13 14:46:58,730 INFO  server.BaseHttpServer (BaseHttpServer.java:updateConnectorAddress(207)) - HTTP server of HDDSDATANODE is listening at http://0.0.0.0:41150
2019-07-13 14:46:58,862 INFO  ozone.HddsDatanodeService (HddsDatanodeService.java:startPlugins(396)) - Started plug-in org.apache.hadoop.ozone.web.OzoneHddsDatanodeService@73a1a1b4
2019-07-13 14:46:58,863 INFO  impl.MetricsSystemImpl (MetricsSystemImpl.java:init(158)) - HddsDatanode metrics system started (again)
2019-07-13 14:46:58,863 INFO  ozone.HddsDatanodeService (HddsDatanodeService.java:start(185)) - HddsDatanodeService host:trunk-nightly-mhs6z-4061744966 ip:192.168.5.172
2019-07-13 14:46:58,864 INFO  util.JvmPauseMonitor (JvmPauseMonitor.java:run(188)) - Starting JVM pause monitor
2019-07-13 14:46:58,866 INFO  datanode.InitDatanodeState (InitDatanodeState.java:persistContainerDatanodeDetails(140)) - DatanodeDetails is persisted to /tmp/workdir/hadoop-ozone/integration-test/target/test-dir/MiniOzoneClusterImpl-b5de90c5-b484-4e33-801d-b03755977809/datanode-5/meta/datanode.id
2019-07-13 14:46:58,876 INFO  volume.HddsVolume (HddsVolume.java:<init>(176)) - Creating Volume: /tmp/workdir/hadoop-ozone/integration-test/target/test-dir/MiniOzoneClusterImpl-b5de90c5-b484-4e33-801d-b03755977809/datanode-6/data/containers/hdds of  storage type : DISK and capacity : 52710309888
2019-07-13 14:46:58,876 INFO  volume.VolumeSet (VolumeSet.java:initializeVolumeSet(170)) - Added Volume : /tmp/workdir/hadoop-ozone/integration-test/target/test-dir/MiniOzoneClusterImpl-b5de90c5-b484-4e33-801d-b03755977809/datanode-6/data/containers/hdds to VolumeSet
2019-07-13 14:46:58,877 INFO  volume.ThrottledAsyncChecker (ThrottledAsyncChecker.java:schedule(140)) - Scheduling a check for org.apache.hadoop.ozone.container.common.volume.HddsVolume@3370be55
2019-07-13 14:46:58,877 INFO  volume.HddsVolumeChecker (HddsVolumeChecker.java:checkAllVolumes(203)) - Scheduled health check for volume org.apache.hadoop.ozone.container.common.volume.HddsVolume@3370be55
2019-07-13 14:46:58,897 INFO  impl.RaftServerProxy (ConfUtils.java:logGet(43)) - raft.rpc.type = GRPC (default)
2019-07-13 14:46:58,897 INFO  grpc.GrpcFactory (GrpcFactory.java:checkPooledByteBufAllocatorUseCacheForAllThreads(45)) - PERFORMANCE WARNING: useCacheForAllThreads is true that may cause Netty to create a lot garbage objects and, as a result, trigger GC.
	It is recommended to disable useCacheForAllThreads by setting -Dorg.apache.ratis.thirdparty.io.netty.allocator.useCacheForAllThreads=false in command line.
2019-07-13 14:46:58,897 INFO  grpc.GrpcConfigKeys$Server (ConfUtils.java:logGet(43)) - raft.grpc.server.port = 0 (default)
2019-07-13 14:46:58,897 INFO  server.GrpcService (ConfUtils.java:logGet(43)) - raft.grpc.message.size.max = 33570816 (custom)
2019-07-13 14:46:58,898 INFO  server.RaftServerConfigKeys (ConfUtils.java:logGet(43)) - raft.server.log.appender.buffer.byte-limit = 33554432 (custom)
2019-07-13 14:46:58,898 INFO  server.GrpcService (ConfUtils.java:logGet(43)) - raft.grpc.flow.control.window = 1MB (=1048576) (default)
2019-07-13 14:46:58,898 INFO  server.RaftServerConfigKeys (ConfUtils.java:logGet(43)) - raft.server.rpc.request.timeout = 3000ms (default)
2019-07-13 14:46:58,898 INFO  server.RaftServerConfigKeys (ConfUtils.java:logGet(43)) - raft.server.storage.dir = [/tmp/workdir/hadoop-ozone/integration-test/target/test-dir/MiniOzoneClusterImpl-b5de90c5-b484-4e33-801d-b03755977809/datanode-6/data/ratis] (custom)
2019-07-13 14:46:58,899 INFO  replication.SimpleContainerDownloader (SimpleContainerDownloader.java:<init>(72)) - Starting container downloader service to copy containers to replicate.
2019-07-13 14:46:58,900 INFO  hdfs.DFSUtil (DFSUtil.java:httpServerTemplateForNNAndJN(1641)) - Starting Web-server for hddsDatanode at: http://0.0.0.0:0
2019-07-13 14:46:58,901 INFO  server.AuthenticationFilter (AuthenticationFilter.java:constructSecretProvider(240)) - Unable to initialize FileSignerSecretProvider, falling back to use random secrets.
2019-07-13 14:46:58,901 WARN  http.HttpRequestLog (HttpRequestLog.java:getRequestLog(97)) - Jetty request log can only be enabled using Log4j
2019-07-13 14:46:58,903 INFO  http.HttpServer2 (HttpServer2.java:addGlobalFilter(975)) - Added global filter 'safety' (class=org.apache.hadoop.http.HttpServer2$QuotingInputFilter)
2019-07-13 14:46:58,903 INFO  http.HttpServer2 (HttpServer2.java:addFilter(948)) - Added filter static_user_filter (class=org.apache.hadoop.http.lib.StaticUserWebFilter$StaticUserFilter) to context hddsDatanode
2019-07-13 14:46:58,903 INFO  http.HttpServer2 (HttpServer2.java:addFilter(958)) - Added filter static_user_filter (class=org.apache.hadoop.http.lib.StaticUserWebFilter$StaticUserFilter) to context static
2019-07-13 14:46:58,903 INFO  http.HttpServer2 (HttpServer2.java:addFilter(958)) - Added filter static_user_filter (class=org.apache.hadoop.http.lib.StaticUserWebFilter$StaticUserFilter) to context logs
2019-07-13 14:46:58,904 INFO  http.HttpServer2 (HttpServer2.java:bindListener(1191)) - Jetty bound to port 39602
2019-07-13 14:46:58,904 INFO  server.Server (Server.java:doStart(351)) - jetty-9.3.24.v20180605, build timestamp: 2018-06-05T17:11:56Z, git hash: 84205aa28f11a4f31f2a3b86d1bba2cc8ab69827
2019-07-13 14:46:58,908 INFO  handler.ContextHandler (ContextHandler.java:doStart(781)) - Started o.e.j.s.ServletContextHandler@73fe7483{/logs,file:///tmp/workdir/hadoop-ozone/integration-test/target/log,AVAILABLE}
2019-07-13 14:46:58,909 INFO  handler.ContextHandler (ContextHandler.java:doStart(781)) - Started o.e.j.s.ServletContextHandler@5513a46b{/static,jar:file:/home/user/.m2/repository/org/apache/hadoop/hadoop-hdds-container-service/0.5.0-SNAPSHOT/hadoop-hdds-container-service-0.5.0-SNAPSHOT.jar!/webapps/static,AVAILABLE}
2019-07-13 14:46:58,938 INFO  handler.ContextHandler (ContextHandler.java:doStart(781)) - Started o.e.j.w.WebAppContext@5c1687d1{/,file:///tmp/jetty-0.0.0.0-39602-hddsDatanode-_-any-346179511239575592.dir/webapp/,AVAILABLE}{/hddsDatanode}
2019-07-13 14:46:58,938 INFO  server.AbstractConnector (AbstractConnector.java:doStart(278)) - Started ServerConnector@1504b493{HTTP/1.1,[http/1.1]}{0.0.0.0:39602}
2019-07-13 14:46:58,941 INFO  server.Server (Server.java:doStart(419)) - Started @67336ms
2019-07-13 14:46:58,942 INFO  server.BaseHttpServer (BaseHttpServer.java:updateConnectorAddress(207)) - HTTP server of HDDSDATANODE is listening at http://0.0.0.0:39602
2019-07-13 14:46:59,046 INFO  ozone.HddsDatanodeService (HddsDatanodeService.java:startPlugins(396)) - Started plug-in org.apache.hadoop.ozone.web.OzoneHddsDatanodeService@2f3a0f37
2019-07-13 14:46:59,046 INFO  ozone.MiniOzoneClusterImpl (MiniOzoneClusterImpl.java:lambda$waitForClusterToBeReady$0(142)) - Waiting for cluster to be ready. Got 0 of 7 DN Heartbeats.
2019-07-13 14:46:59,048 INFO  util.JvmPauseMonitor (JvmPauseMonitor.java:run(188)) - Starting JVM pause monitor
2019-07-13 14:46:59,050 INFO  datanode.InitDatanodeState (InitDatanodeState.java:persistContainerDatanodeDetails(140)) - DatanodeDetails is persisted to /tmp/workdir/hadoop-ozone/integration-test/target/test-dir/MiniOzoneClusterImpl-b5de90c5-b484-4e33-801d-b03755977809/datanode-6/meta/datanode.id
2019-07-13 14:46:59,874 INFO  ozoneimpl.OzoneContainer (OzoneContainer.java:start(186)) - Attempting to start container services.
2019-07-13 14:46:59,874 INFO  ozoneimpl.OzoneContainer (OzoneContainer.java:startContainerScrub(160)) - Background container scrubber has been disabled by hdds.containerscrub.enabled
2019-07-13 14:46:59,875 INFO  ratis.XceiverServerRatis (XceiverServerRatis.java:start(418)) - Starting XceiverServerRatis d09ac996-a1e3-4fee-879f-5fae352d8083 at port 0
2019-07-13 14:46:59,882 INFO  impl.RaftServerProxy (RaftServerProxy.java:lambda$start$3(299)) - d09ac996-a1e3-4fee-879f-5fae352d8083: start RPC server
2019-07-13 14:46:59,887 INFO  server.GrpcService (GrpcService.java:startImpl(149)) - d09ac996-a1e3-4fee-879f-5fae352d8083: GrpcService started, listening on 0.0.0.0/0.0.0.0:41705
2019-07-13 14:46:59,887 INFO  ratis.XceiverServerRatis (XceiverServerRatis.java:start(428)) - XceiverServerRatis d09ac996-a1e3-4fee-879f-5fae352d8083 is started using port 41705
2019-07-13 14:46:59,891 INFO  server.XceiverServerGrpc (XceiverServerGrpc.java:start(161)) - XceiverServerGrpc d09ac996-a1e3-4fee-879f-5fae352d8083 is started using port 45570
2019-07-13 14:47:00,047 INFO  ozone.MiniOzoneClusterImpl (MiniOzoneClusterImpl.java:lambda$waitForClusterToBeReady$0(142)) - Waiting for cluster to be ready. Got 0 of 7 DN Heartbeats.
2019-07-13 14:47:00,100 INFO  ozoneimpl.OzoneContainer (OzoneContainer.java:start(186)) - Attempting to start container services.
2019-07-13 14:47:00,101 INFO  ozoneimpl.OzoneContainer (OzoneContainer.java:startContainerScrub(160)) - Background container scrubber has been disabled by hdds.containerscrub.enabled
2019-07-13 14:47:00,101 INFO  ratis.XceiverServerRatis (XceiverServerRatis.java:start(418)) - Starting XceiverServerRatis b3b35bbc-ecb3-4089-a051-cdbc3e98c858 at port 0
2019-07-13 14:47:00,108 INFO  impl.RaftServerProxy (RaftServerProxy.java:lambda$start$3(299)) - b3b35bbc-ecb3-4089-a051-cdbc3e98c858: start RPC server
2019-07-13 14:47:00,109 INFO  server.GrpcService (GrpcService.java:startImpl(149)) - b3b35bbc-ecb3-4089-a051-cdbc3e98c858: GrpcService started, listening on 0.0.0.0/0.0.0.0:36266
2019-07-13 14:47:00,109 INFO  ratis.XceiverServerRatis (XceiverServerRatis.java:start(428)) - XceiverServerRatis b3b35bbc-ecb3-4089-a051-cdbc3e98c858 is started using port 36266
2019-07-13 14:47:00,110 INFO  server.XceiverServerGrpc (XceiverServerGrpc.java:start(161)) - XceiverServerGrpc b3b35bbc-ecb3-4089-a051-cdbc3e98c858 is started using port 40794
2019-07-13 14:47:00,274 INFO  ozoneimpl.OzoneContainer (OzoneContainer.java:start(186)) - Attempting to start container services.
2019-07-13 14:47:00,274 INFO  ozoneimpl.OzoneContainer (OzoneContainer.java:startContainerScrub(160)) - Background container scrubber has been disabled by hdds.containerscrub.enabled
2019-07-13 14:47:00,274 INFO  ratis.XceiverServerRatis (XceiverServerRatis.java:start(418)) - Starting XceiverServerRatis df0f1f66-3432-46de-9fbe-84c0ce15a20c at port 0
2019-07-13 14:47:00,282 INFO  impl.RaftServerProxy (RaftServerProxy.java:lambda$start$3(299)) - df0f1f66-3432-46de-9fbe-84c0ce15a20c: start RPC server
2019-07-13 14:47:00,282 INFO  server.GrpcService (GrpcService.java:startImpl(149)) - df0f1f66-3432-46de-9fbe-84c0ce15a20c: GrpcService started, listening on 0.0.0.0/0.0.0.0:39169
2019-07-13 14:47:00,283 INFO  ratis.XceiverServerRatis (XceiverServerRatis.java:start(428)) - XceiverServerRatis df0f1f66-3432-46de-9fbe-84c0ce15a20c is started using port 39169
2019-07-13 14:47:00,287 INFO  server.XceiverServerGrpc (XceiverServerGrpc.java:start(161)) - XceiverServerGrpc df0f1f66-3432-46de-9fbe-84c0ce15a20c is started using port 37186
2019-07-13 14:47:00,478 INFO  ozoneimpl.OzoneContainer (OzoneContainer.java:start(186)) - Attempting to start container services.
2019-07-13 14:47:00,478 INFO  ozoneimpl.OzoneContainer (OzoneContainer.java:startContainerScrub(160)) - Background container scrubber has been disabled by hdds.containerscrub.enabled
2019-07-13 14:47:00,478 INFO  ratis.XceiverServerRatis (XceiverServerRatis.java:start(418)) - Starting XceiverServerRatis 0bdd9968-2d86-4240-beed-cd66aabfe01b at port 0
2019-07-13 14:47:00,487 INFO  impl.RaftServerProxy (RaftServerProxy.java:lambda$start$3(299)) - 0bdd9968-2d86-4240-beed-cd66aabfe01b: start RPC server
2019-07-13 14:47:00,487 INFO  server.GrpcService (GrpcService.java:startImpl(149)) - 0bdd9968-2d86-4240-beed-cd66aabfe01b: GrpcService started, listening on 0.0.0.0/0.0.0.0:37589
2019-07-13 14:47:00,488 INFO  ratis.XceiverServerRatis (XceiverServerRatis.java:start(428)) - XceiverServerRatis 0bdd9968-2d86-4240-beed-cd66aabfe01b is started using port 37589
2019-07-13 14:47:00,492 INFO  server.XceiverServerGrpc (XceiverServerGrpc.java:start(161)) - XceiverServerGrpc 0bdd9968-2d86-4240-beed-cd66aabfe01b is started using port 35665
2019-07-13 14:47:00,670 INFO  ozoneimpl.OzoneContainer (OzoneContainer.java:start(186)) - Attempting to start container services.
2019-07-13 14:47:00,671 INFO  ozoneimpl.OzoneContainer (OzoneContainer.java:startContainerScrub(160)) - Background container scrubber has been disabled by hdds.containerscrub.enabled
2019-07-13 14:47:00,671 INFO  ratis.XceiverServerRatis (XceiverServerRatis.java:start(418)) - Starting XceiverServerRatis f843f5bb-a2db-4471-a48c-08a4c9de360c at port 0
2019-07-13 14:47:00,682 INFO  impl.RaftServerProxy (RaftServerProxy.java:lambda$start$3(299)) - f843f5bb-a2db-4471-a48c-08a4c9de360c: start RPC server
2019-07-13 14:47:00,687 INFO  server.GrpcService (GrpcService.java:startImpl(149)) - f843f5bb-a2db-4471-a48c-08a4c9de360c: GrpcService started, listening on 0.0.0.0/0.0.0.0:45729
2019-07-13 14:47:00,688 INFO  ratis.XceiverServerRatis (XceiverServerRatis.java:start(428)) - XceiverServerRatis f843f5bb-a2db-4471-a48c-08a4c9de360c is started using port 45729
2019-07-13 14:47:00,688 INFO  server.XceiverServerGrpc (XceiverServerGrpc.java:start(161)) - XceiverServerGrpc f843f5bb-a2db-4471-a48c-08a4c9de360c is started using port 34252
2019-07-13 14:47:00,870 INFO  ozoneimpl.OzoneContainer (OzoneContainer.java:start(186)) - Attempting to start container services.
2019-07-13 14:47:00,871 INFO  ozoneimpl.OzoneContainer (OzoneContainer.java:startContainerScrub(160)) - Background container scrubber has been disabled by hdds.containerscrub.enabled
2019-07-13 14:47:00,871 INFO  ratis.XceiverServerRatis (XceiverServerRatis.java:start(418)) - Starting XceiverServerRatis 5ef6f3f4-ea78-4651-8571-2de0b846f909 at port 0
2019-07-13 14:47:00,879 INFO  impl.RaftServerProxy (RaftServerProxy.java:lambda$start$3(299)) - 5ef6f3f4-ea78-4651-8571-2de0b846f909: start RPC server
2019-07-13 14:47:00,884 INFO  server.GrpcService (GrpcService.java:startImpl(149)) - 5ef6f3f4-ea78-4651-8571-2de0b846f909: GrpcService started, listening on 0.0.0.0/0.0.0.0:43918
2019-07-13 14:47:00,884 INFO  ratis.XceiverServerRatis (XceiverServerRatis.java:start(428)) - XceiverServerRatis 5ef6f3f4-ea78-4651-8571-2de0b846f909 is started using port 43918
2019-07-13 14:47:00,885 INFO  server.XceiverServerGrpc (XceiverServerGrpc.java:start(161)) - XceiverServerGrpc 5ef6f3f4-ea78-4651-8571-2de0b846f909 is started using port 43826
2019-07-13 14:47:01,047 INFO  ozone.MiniOzoneClusterImpl (MiniOzoneClusterImpl.java:lambda$waitForClusterToBeReady$0(142)) - Waiting for cluster to be ready. Got 0 of 7 DN Heartbeats.
2019-07-13 14:47:01,054 INFO  ozoneimpl.OzoneContainer (OzoneContainer.java:start(186)) - Attempting to start container services.
2019-07-13 14:47:01,054 INFO  ozoneimpl.OzoneContainer (OzoneContainer.java:startContainerScrub(160)) - Background container scrubber has been disabled by hdds.containerscrub.enabled
2019-07-13 14:47:01,054 INFO  ratis.XceiverServerRatis (XceiverServerRatis.java:start(418)) - Starting XceiverServerRatis bee116bf-1e18-448f-8af7-76d0454f8556 at port 0
2019-07-13 14:47:01,063 INFO  impl.RaftServerProxy (RaftServerProxy.java:lambda$start$3(299)) - bee116bf-1e18-448f-8af7-76d0454f8556: start RPC server
2019-07-13 14:47:01,085 INFO  server.GrpcService (GrpcService.java:startImpl(149)) - bee116bf-1e18-448f-8af7-76d0454f8556: GrpcService started, listening on 0.0.0.0/0.0.0.0:39805
2019-07-13 14:47:01,085 INFO  ratis.XceiverServerRatis (XceiverServerRatis.java:start(428)) - XceiverServerRatis bee116bf-1e18-448f-8af7-76d0454f8556 is started using port 39805
2019-07-13 14:47:01,086 INFO  server.XceiverServerGrpc (XceiverServerGrpc.java:start(161)) - XceiverServerGrpc bee116bf-1e18-448f-8af7-76d0454f8556 is started using port 38221
2019-07-13 14:47:01,851 INFO  net.NetworkTopology (NetworkTopologyImpl.java:add(110)) - Added a new node: /default-rack/192.168.5.172
2019-07-13 14:47:01,856 INFO  node.SCMNodeManager (SCMNodeManager.java:register(269)) - Registered Data node : d09ac996-a1e3-4fee-879f-5fae352d8083{ip: 192.168.5.172, host: trunk-nightly-mhs6z-4061744966, networkLocation: /default-rack, certSerialId: null}
2019-07-13 14:47:01,857 INFO  safemode.SCMSafeModeManager (DataNodeSafeModeRule.java:process(71)) - SCM in safe mode. 1 DataNodes registered, 1 required.
2019-07-13 14:47:01,862 INFO  safemode.SCMSafeModeManager (SCMSafeModeManager.java:validateSafeModeExitRules(177)) - ScmSafeModeManager, all rules are successfully validated
2019-07-13 14:47:01,862 INFO  safemode.SCMSafeModeManager (SCMSafeModeManager.java:exitSafeMode(193)) - SCM exiting safe mode.
2019-07-13 14:47:01,873 INFO  impl.RaftServerProxy (RaftServerProxy.java:addNew(89)) - d09ac996-a1e3-4fee-879f-5fae352d8083: addNew group-706ED0F5AF95:[d09ac996-a1e3-4fee-879f-5fae352d8083:192.168.5.172:41705] returns group-706ED0F5AF95:java.util.concurrent.CompletableFuture@7d766e7e[Not completed]
2019-07-13 14:47:01,876 INFO  impl.RaftServerImpl (RaftServerImpl.java:<init>(93)) - d09ac996-a1e3-4fee-879f-5fae352d8083: new RaftServerImpl for group-706ED0F5AF95:[d09ac996-a1e3-4fee-879f-5fae352d8083:192.168.5.172:41705] with ContainerStateMachine:uninitialized
2019-07-13 14:47:01,876 INFO  server.RaftServerConfigKeys (ConfUtils.java:logGet(43)) - raft.server.rpc.timeout.min = 5s (custom)
2019-07-13 14:47:01,876 INFO  server.RaftServerConfigKeys (ConfUtils.java:logGet(43)) - raft.server.rpc.timeout.max = 5200ms (custom)
2019-07-13 14:47:01,876 INFO  server.RaftServerConfigKeys (ConfUtils.java:logGet(43)) - raft.server.rpcslowness.timeout = 120s (custom)
2019-07-13 14:47:01,876 INFO  server.RaftServerConfigKeys (ConfUtils.java:logGet(43)) - raft.server.sleep.deviation.threshold = 300 (default)
2019-07-13 14:47:01,877 INFO  server.RaftServerConfigKeys (ConfUtils.java:logGet(43)) - raft.server.log.appender.install.snapshot.enabled = false (custom)
2019-07-13 14:47:01,877 INFO  impl.RaftServerImpl (ServerState.java:<init>(105)) - d09ac996-a1e3-4fee-879f-5fae352d8083:group-706ED0F5AF95 ConfigurationManager, init=-1: [d09ac996-a1e3-4fee-879f-5fae352d8083:192.168.5.172:41705], old=null, confs=<EMPTY_MAP>
2019-07-13 14:47:01,877 INFO  server.RaftServerConfigKeys (ConfUtils.java:logGet(43)) - raft.server.storage.dir = [/tmp/workdir/hadoop-ozone/integration-test/target/test-dir/MiniOzoneClusterImpl-b5de90c5-b484-4e33-801d-b03755977809/datanode-0/data/ratis] (custom)
2019-07-13 14:47:01,877 INFO  storage.RaftStorageDirectory (RaftStorageDirectory.java:analyzeStorage(246)) - The storage directory /tmp/workdir/hadoop-ozone/integration-test/target/test-dir/MiniOzoneClusterImpl-b5de90c5-b484-4e33-801d-b03755977809/datanode-0/data/ratis/19674b31-897e-417f-8d6f-706ed0f5af95 does not exist. Creating ...
2019-07-13 14:47:01,898 INFO  storage.RaftStorageDirectory (RaftStorageDirectory.java:tryLock(328)) - Lock on /tmp/workdir/hadoop-ozone/integration-test/target/test-dir/MiniOzoneClusterImpl-b5de90c5-b484-4e33-801d-b03755977809/datanode-0/data/ratis/19674b31-897e-417f-8d6f-706ed0f5af95/in_use.lock acquired by nodename 27998@trunk-nightly-mhs6z-4061744966
2019-07-13 14:47:01,902 INFO  storage.RaftStorage (RaftStorage.java:format(72)) - Storage directory /tmp/workdir/hadoop-ozone/integration-test/target/test-dir/MiniOzoneClusterImpl-b5de90c5-b484-4e33-801d-b03755977809/datanode-0/data/ratis/19674b31-897e-417f-8d6f-706ed0f5af95 has been successfully formatted.
2019-07-13 14:47:01,903 INFO  ratis.ContainerStateMachine (ContainerStateMachine.java:loadSnapshot(200)) - The snapshot info is null.Setting the last applied index to:(t:0, i:~)
2019-07-13 14:47:01,903 INFO  server.RaftServerConfigKeys (ConfUtils.java:logGet(43)) - raft.server.leader.election.timeout = 120s (custom)
2019-07-13 14:47:01,903 INFO  server.RaftServerConfigKeys (ConfUtils.java:logGet(43)) - raft.server.log.use.memory = false (default)
2019-07-13 14:47:01,903 INFO  server.RaftServerConfigKeys (ConfUtils.java:logGet(43)) - raft.server.log.purge.gap = 1000000000 (custom)
2019-07-13 14:47:01,904 INFO  server.RaftServerConfigKeys (ConfUtils.java:logGet(43)) - raft.server.log.appender.buffer.byte-limit = 33554432 (custom)
2019-07-13 14:47:01,904 INFO  server.RaftServerConfigKeys (ConfUtils.java:logGet(43)) - raft.server.log.segment.size.max = 1048576 (custom)
2019-07-13 14:47:01,904 INFO  server.RaftServerConfigKeys (ConfUtils.java:logGet(43)) - raft.server.log.segment.cache.num.max = 2 (custom)
2019-07-13 14:47:01,904 INFO  segmented.SegmentedRaftLogWorker (SegmentedRaftLogWorker.java:<init>(172)) - new d09ac996-a1e3-4fee-879f-5fae352d8083-SegmentedRaftLogWorker:Storage Directory /tmp/workdir/hadoop-ozone/integration-test/target/test-dir/MiniOzoneClusterImpl-b5de90c5-b484-4e33-801d-b03755977809/datanode-0/data/ratis/19674b31-897e-417f-8d6f-706ed0f5af95 for RaftStorage:Storage Directory /tmp/workdir/hadoop-ozone/integration-test/target/test-dir/MiniOzoneClusterImpl-b5de90c5-b484-4e33-801d-b03755977809/datanode-0/data/ratis/19674b31-897e-417f-8d6f-706ed0f5af95
2019-07-13 14:47:01,904 INFO  server.RaftServerConfigKeys (ConfUtils.java:logGet(43)) - raft.server.log.queue.byte-limit = 2147483647 (custom)
2019-07-13 14:47:01,905 INFO  server.RaftServerConfigKeys (ConfUtils.java:logGet(43)) - raft.server.log.queue.element-limit = 1024 (custom)
2019-07-13 14:47:01,905 INFO  server.RaftServerConfigKeys (ConfUtils.java:logGet(43)) - raft.server.log.segment.size.max = 1048576 (custom)
2019-07-13 14:47:01,905 INFO  server.RaftServerConfigKeys (ConfUtils.java:logGet(43)) - raft.server.log.preallocated.size = 16384 (custom)
2019-07-13 14:47:01,905 INFO  server.RaftServerConfigKeys (ConfUtils.java:logGet(43)) - raft.server.log.write.buffer.size = 33554432 (custom)
2019-07-13 14:47:01,905 INFO  server.RaftServerConfigKeys (ConfUtils.java:logGet(43)) - raft.server.log.force.sync.num = 128 (default)
2019-07-13 14:47:01,906 INFO  server.RaftServerConfigKeys (ConfUtils.java:logGet(43)) - raft.server.log.statemachine.data.sync = true (default)
2019-07-13 14:47:01,906 INFO  server.RaftServerConfigKeys (ConfUtils.java:logGet(43)) - raft.server.log.statemachine.data.sync.timeout = 10s (default)
2019-07-13 14:47:01,906 INFO  server.RaftServerConfigKeys (ConfUtils.java:logGet(43)) - raft.server.log.statemachine.data.sync.timeout.retry = -1 (default)
2019-07-13 14:47:01,906 INFO  server.RaftServerConfigKeys (ConfUtils.java:logGet(43)) - raft.server.log.statemachine.data.caching.enabled = true (custom)
2019-07-13 14:47:01,907 INFO  segmented.SegmentedRaftLogWorker (SegmentedRaftLogWorker.java:lambda$new$0(132)) - d09ac996-a1e3-4fee-879f-5fae352d8083-SegmentedRaftLogWorker:Storage Directory /tmp/workdir/hadoop-ozone/integration-test/target/test-dir/MiniOzoneClusterImpl-b5de90c5-b484-4e33-801d-b03755977809/datanode-0/data/ratis/19674b31-897e-417f-8d6f-706ed0f5af95: flushIndex: setUnconditionally 0 -> -1
2019-07-13 14:47:01,907 INFO  server.RaftServerConfigKeys (ConfUtils.java:logGet(43)) - raft.server.snapshot.auto.trigger.enabled = true (custom)
2019-07-13 14:47:01,907 INFO  server.RaftServerConfigKeys (ConfUtils.java:logGet(43)) - raft.server.snapshot.auto.trigger.threshold = 10000 (custom)
2019-07-13 14:47:01,907 INFO  server.RaftServerConfigKeys (ConfUtils.java:logGet(43)) - raft.server.retrycache.expirytime = 600000ms (custom)
2019-07-13 14:47:01,908 INFO  impl.RaftServerImpl (RaftServerImpl.java:start(180)) - d09ac996-a1e3-4fee-879f-5fae352d8083: start group-706ED0F5AF95
2019-07-13 14:47:01,908 INFO  impl.RaftServerImpl (RaftServerImpl.java:setRole(171)) - d09ac996-a1e3-4fee-879f-5fae352d8083:group-706ED0F5AF95 changes role from null to FOLLOWER at term 0 for startAsFollower
2019-07-13 14:47:01,908 INFO  impl.RoleInfo (RoleInfo.java:updateAndGet(143)) - d09ac996-a1e3-4fee-879f-5fae352d8083: start FollowerState
2019-07-13 14:47:01,908 INFO  util.JmxRegister (JmxRegister.java:tryRegister(44)) - Successfully registered JMX Bean with object name Ratis:service=RaftServer,group=group-706ED0F5AF95,id=d09ac996-a1e3-4fee-879f-5fae352d8083
2019-07-13 14:47:01,912 INFO  pipeline.PipelineStateManager (PipelineStateManager.java:addPipeline(56)) - Created pipeline Pipeline[ Id: 19674b31-897e-417f-8d6f-706ed0f5af95, Nodes: d09ac996-a1e3-4fee-879f-5fae352d8083{ip: 192.168.5.172, host: trunk-nightly-mhs6z-4061744966, networkLocation: /default-rack, certSerialId: null}, Type:RATIS, Factor:ONE, State:OPEN]
2019-07-13 14:47:02,048 INFO  ozone.MiniOzoneClusterImpl (MiniOzoneClusterImpl.java:lambda$waitForClusterToBeReady$0(142)) - Waiting for cluster to be ready. Got 1 of 7 DN Heartbeats.
2019-07-13 14:47:02,080 INFO  node.SCMNodeManager (SCMNodeManager.java:register(269)) - Registered Data node : b3b35bbc-ecb3-4089-a051-cdbc3e98c858{ip: 192.168.5.172, host: trunk-nightly-mhs6z-4061744966, networkLocation: /default-rack, certSerialId: null}
2019-07-13 14:47:02,123 INFO  impl.RaftServerProxy (RaftServerProxy.java:addNew(89)) - b3b35bbc-ecb3-4089-a051-cdbc3e98c858: addNew group-415EAAEBBD9A:[b3b35bbc-ecb3-4089-a051-cdbc3e98c858:192.168.5.172:36266] returns group-415EAAEBBD9A:java.util.concurrent.CompletableFuture@655efbca[Not completed]
2019-07-13 14:47:02,125 INFO  impl.RaftServerImpl (RaftServerImpl.java:<init>(93)) - b3b35bbc-ecb3-4089-a051-cdbc3e98c858: new RaftServerImpl for group-415EAAEBBD9A:[b3b35bbc-ecb3-4089-a051-cdbc3e98c858:192.168.5.172:36266] with ContainerStateMachine:uninitialized
2019-07-13 14:47:02,125 INFO  server.RaftServerConfigKeys (ConfUtils.java:logGet(43)) - raft.server.rpc.timeout.min = 5s (custom)
2019-07-13 14:47:02,126 INFO  server.RaftServerConfigKeys (ConfUtils.java:logGet(43)) - raft.server.rpc.timeout.max = 5200ms (custom)
2019-07-13 14:47:02,126 INFO  server.RaftServerConfigKeys (ConfUtils.java:logGet(43)) - raft.server.rpcslowness.timeout = 120s (custom)
2019-07-13 14:47:02,126 INFO  server.RaftServerConfigKeys (ConfUtils.java:logGet(43)) - raft.server.sleep.deviation.threshold = 300 (default)
2019-07-13 14:47:02,126 INFO  server.RaftServerConfigKeys (ConfUtils.java:logGet(43)) - raft.server.log.appender.install.snapshot.enabled = false (custom)
2019-07-13 14:47:02,126 INFO  impl.RaftServerImpl (ServerState.java:<init>(105)) - b3b35bbc-ecb3-4089-a051-cdbc3e98c858:group-415EAAEBBD9A ConfigurationManager, init=-1: [b3b35bbc-ecb3-4089-a051-cdbc3e98c858:192.168.5.172:36266], old=null, confs=<EMPTY_MAP>
2019-07-13 14:47:02,127 INFO  server.RaftServerConfigKeys (ConfUtils.java:logGet(43)) - raft.server.storage.dir = [/tmp/workdir/hadoop-ozone/integration-test/target/test-dir/MiniOzoneClusterImpl-b5de90c5-b484-4e33-801d-b03755977809/datanode-1/data/ratis] (custom)
2019-07-13 14:47:02,127 INFO  storage.RaftStorageDirectory (RaftStorageDirectory.java:analyzeStorage(246)) - The storage directory /tmp/workdir/hadoop-ozone/integration-test/target/test-dir/MiniOzoneClusterImpl-b5de90c5-b484-4e33-801d-b03755977809/datanode-1/data/ratis/2caaae22-2849-4de0-950c-415eaaebbd9a does not exist. Creating ...
2019-07-13 14:47:02,132 INFO  storage.RaftStorageDirectory (RaftStorageDirectory.java:tryLock(328)) - Lock on /tmp/workdir/hadoop-ozone/integration-test/target/test-dir/MiniOzoneClusterImpl-b5de90c5-b484-4e33-801d-b03755977809/datanode-1/data/ratis/2caaae22-2849-4de0-950c-415eaaebbd9a/in_use.lock acquired by nodename 27998@trunk-nightly-mhs6z-4061744966
2019-07-13 14:47:02,137 INFO  storage.RaftStorage (RaftStorage.java:format(72)) - Storage directory /tmp/workdir/hadoop-ozone/integration-test/target/test-dir/MiniOzoneClusterImpl-b5de90c5-b484-4e33-801d-b03755977809/datanode-1/data/ratis/2caaae22-2849-4de0-950c-415eaaebbd9a has been successfully formatted.
2019-07-13 14:47:02,138 INFO  ratis.ContainerStateMachine (ContainerStateMachine.java:loadSnapshot(200)) - The snapshot info is null.Setting the last applied index to:(t:0, i:~)
2019-07-13 14:47:02,138 INFO  server.RaftServerConfigKeys (ConfUtils.java:logGet(43)) - raft.server.leader.election.timeout = 120s (custom)
2019-07-13 14:47:02,138 INFO  server.RaftServerConfigKeys (ConfUtils.java:logGet(43)) - raft.server.log.use.memory = false (default)
2019-07-13 14:47:02,138 INFO  server.RaftServerConfigKeys (ConfUtils.java:logGet(43)) - raft.server.log.purge.gap = 1000000000 (custom)
2019-07-13 14:47:02,138 INFO  server.RaftServerConfigKeys (ConfUtils.java:logGet(43)) - raft.server.log.appender.buffer.byte-limit = 33554432 (custom)
2019-07-13 14:47:02,138 INFO  server.RaftServerConfigKeys (ConfUtils.java:logGet(43)) - raft.server.log.segment.size.max = 1048576 (custom)
2019-07-13 14:47:02,139 INFO  server.RaftServerConfigKeys (ConfUtils.java:logGet(43)) - raft.server.log.segment.cache.num.max = 2 (custom)
2019-07-13 14:47:02,139 INFO  segmented.SegmentedRaftLogWorker (SegmentedRaftLogWorker.java:<init>(172)) - new b3b35bbc-ecb3-4089-a051-cdbc3e98c858-SegmentedRaftLogWorker:Storage Directory /tmp/workdir/hadoop-ozone/integration-test/target/test-dir/MiniOzoneClusterImpl-b5de90c5-b484-4e33-801d-b03755977809/datanode-1/data/ratis/2caaae22-2849-4de0-950c-415eaaebbd9a for RaftStorage:Storage Directory /tmp/workdir/hadoop-ozone/integration-test/target/test-dir/MiniOzoneClusterImpl-b5de90c5-b484-4e33-801d-b03755977809/datanode-1/data/ratis/2caaae22-2849-4de0-950c-415eaaebbd9a
2019-07-13 14:47:02,139 INFO  server.RaftServerConfigKeys (ConfUtils.java:logGet(43)) - raft.server.log.queue.byte-limit = 2147483647 (custom)
2019-07-13 14:47:02,139 INFO  server.RaftServerConfigKeys (ConfUtils.java:logGet(43)) - raft.server.log.queue.element-limit = 1024 (custom)
2019-07-13 14:47:02,140 INFO  server.RaftServerConfigKeys (ConfUtils.java:logGet(43)) - raft.server.log.segment.size.max = 1048576 (custom)
2019-07-13 14:47:02,140 INFO  server.RaftServerConfigKeys (ConfUtils.java:logGet(43)) - raft.server.log.preallocated.size = 16384 (custom)
2019-07-13 14:47:02,140 INFO  server.RaftServerConfigKeys (ConfUtils.java:logGet(43)) - raft.server.log.write.buffer.size = 33554432 (custom)
2019-07-13 14:47:02,140 INFO  server.RaftServerConfigKeys (ConfUtils.java:logGet(43)) - raft.server.log.force.sync.num = 128 (default)
2019-07-13 14:47:02,140 INFO  server.RaftServerConfigKeys (ConfUtils.java:logGet(43)) - raft.server.log.statemachine.data.sync = true (default)
2019-07-13 14:47:02,140 INFO  server.RaftServerConfigKeys (ConfUtils.java:logGet(43)) - raft.server.log.statemachine.data.sync.timeout = 10s (default)
2019-07-13 14:47:02,141 INFO  server.RaftServerConfigKeys (ConfUtils.java:logGet(43)) - raft.server.log.statemachine.data.sync.timeout.retry = -1 (default)
2019-07-13 14:47:02,141 INFO  server.RaftServerConfigKeys (ConfUtils.java:logGet(43)) - raft.server.log.statemachine.data.caching.enabled = true (custom)
2019-07-13 14:47:02,141 INFO  segmented.SegmentedRaftLogWorker (SegmentedRaftLogWorker.java:lambda$new$0(132)) - b3b35bbc-ecb3-4089-a051-cdbc3e98c858-SegmentedRaftLogWorker:Storage Directory /tmp/workdir/hadoop-ozone/integration-test/target/test-dir/MiniOzoneClusterImpl-b5de90c5-b484-4e33-801d-b03755977809/datanode-1/data/ratis/2caaae22-2849-4de0-950c-415eaaebbd9a: flushIndex: setUnconditionally 0 -> -1
2019-07-13 14:47:02,142 INFO  server.RaftServerConfigKeys (ConfUtils.java:logGet(43)) - raft.server.snapshot.auto.trigger.enabled = true (custom)
2019-07-13 14:47:02,142 INFO  server.RaftServerConfigKeys (ConfUtils.java:logGet(43)) - raft.server.snapshot.auto.trigger.threshold = 10000 (custom)
2019-07-13 14:47:02,142 INFO  server.RaftServerConfigKeys (ConfUtils.java:logGet(43)) - raft.server.retrycache.expirytime = 600000ms (custom)
2019-07-13 14:47:02,142 INFO  impl.RaftServerImpl (RaftServerImpl.java:start(180)) - b3b35bbc-ecb3-4089-a051-cdbc3e98c858: start group-415EAAEBBD9A
2019-07-13 14:47:02,143 INFO  impl.RaftServerImpl (RaftServerImpl.java:setRole(171)) - b3b35bbc-ecb3-4089-a051-cdbc3e98c858:group-415EAAEBBD9A changes role from null to FOLLOWER at term 0 for startAsFollower
2019-07-13 14:47:02,143 INFO  impl.RoleInfo (RoleInfo.java:updateAndGet(143)) - b3b35bbc-ecb3-4089-a051-cdbc3e98c858: start FollowerState
2019-07-13 14:47:02,143 INFO  util.JmxRegister (JmxRegister.java:tryRegister(44)) - Successfully registered JMX Bean with object name Ratis:service=RaftServer,group=group-415EAAEBBD9A,id=b3b35bbc-ecb3-4089-a051-cdbc3e98c858
2019-07-13 14:47:02,148 INFO  pipeline.PipelineStateManager (PipelineStateManager.java:addPipeline(56)) - Created pipeline Pipeline[ Id: 2caaae22-2849-4de0-950c-415eaaebbd9a, Nodes: b3b35bbc-ecb3-4089-a051-cdbc3e98c858{ip: 192.168.5.172, host: trunk-nightly-mhs6z-4061744966, networkLocation: /default-rack, certSerialId: null}, Type:RATIS, Factor:ONE, State:OPEN]
2019-07-13 14:47:02,269 INFO  node.SCMNodeManager (SCMNodeManager.java:register(269)) - Registered Data node : df0f1f66-3432-46de-9fbe-84c0ce15a20c{ip: 192.168.5.172, host: trunk-nightly-mhs6z-4061744966, networkLocation: /default-rack, certSerialId: null}
2019-07-13 14:47:02,281 INFO  impl.RaftServerProxy (RaftServerProxy.java:addNew(89)) - df0f1f66-3432-46de-9fbe-84c0ce15a20c: addNew group-F56BAA487CE0:[df0f1f66-3432-46de-9fbe-84c0ce15a20c:192.168.5.172:39169] returns group-F56BAA487CE0:java.util.concurrent.CompletableFuture@33849060[Not completed]
2019-07-13 14:47:02,282 INFO  impl.RaftServerImpl (RaftServerImpl.java:<init>(93)) - df0f1f66-3432-46de-9fbe-84c0ce15a20c: new RaftServerImpl for group-F56BAA487CE0:[df0f1f66-3432-46de-9fbe-84c0ce15a20c:192.168.5.172:39169] with ContainerStateMachine:uninitialized
2019-07-13 14:47:02,283 INFO  server.RaftServerConfigKeys (ConfUtils.java:logGet(43)) - raft.server.rpc.timeout.min = 5s (custom)
2019-07-13 14:47:02,283 INFO  server.RaftServerConfigKeys (ConfUtils.java:logGet(43)) - raft.server.rpc.timeout.max = 5200ms (custom)
2019-07-13 14:47:02,283 INFO  server.RaftServerConfigKeys (ConfUtils.java:logGet(43)) - raft.server.rpcslowness.timeout = 120s (custom)
2019-07-13 14:47:02,283 INFO  server.RaftServerConfigKeys (ConfUtils.java:logGet(43)) - raft.server.sleep.deviation.threshold = 300 (default)
2019-07-13 14:47:02,283 INFO  server.RaftServerConfigKeys (ConfUtils.java:logGet(43)) - raft.server.log.appender.install.snapshot.enabled = false (custom)
2019-07-13 14:47:02,283 INFO  impl.RaftServerImpl (ServerState.java:<init>(105)) - df0f1f66-3432-46de-9fbe-84c0ce15a20c:group-F56BAA487CE0 ConfigurationManager, init=-1: [df0f1f66-3432-46de-9fbe-84c0ce15a20c:192.168.5.172:39169], old=null, confs=<EMPTY_MAP>
2019-07-13 14:47:02,283 INFO  server.RaftServerConfigKeys (ConfUtils.java:logGet(43)) - raft.server.storage.dir = [/tmp/workdir/hadoop-ozone/integration-test/target/test-dir/MiniOzoneClusterImpl-b5de90c5-b484-4e33-801d-b03755977809/datanode-2/data/ratis] (custom)
2019-07-13 14:47:02,284 INFO  storage.RaftStorageDirectory (RaftStorageDirectory.java:analyzeStorage(246)) - The storage directory /tmp/workdir/hadoop-ozone/integration-test/target/test-dir/MiniOzoneClusterImpl-b5de90c5-b484-4e33-801d-b03755977809/datanode-2/data/ratis/a1cad5ed-9fea-4e6f-bdc0-f56baa487ce0 does not exist. Creating ...
2019-07-13 14:47:02,289 INFO  storage.RaftStorageDirectory (RaftStorageDirectory.java:tryLock(328)) - Lock on /tmp/workdir/hadoop-ozone/integration-test/target/test-dir/MiniOzoneClusterImpl-b5de90c5-b484-4e33-801d-b03755977809/datanode-2/data/ratis/a1cad5ed-9fea-4e6f-bdc0-f56baa487ce0/in_use.lock acquired by nodename 27998@trunk-nightly-mhs6z-4061744966
2019-07-13 14:47:02,297 INFO  storage.RaftStorage (RaftStorage.java:format(72)) - Storage directory /tmp/workdir/hadoop-ozone/integration-test/target/test-dir/MiniOzoneClusterImpl-b5de90c5-b484-4e33-801d-b03755977809/datanode-2/data/ratis/a1cad5ed-9fea-4e6f-bdc0-f56baa487ce0 has been successfully formatted.
2019-07-13 14:47:02,298 INFO  ratis.ContainerStateMachine (ContainerStateMachine.java:loadSnapshot(200)) - The snapshot info is null.Setting the last applied index to:(t:0, i:~)
2019-07-13 14:47:02,298 INFO  server.RaftServerConfigKeys (ConfUtils.java:logGet(43)) - raft.server.leader.election.timeout = 120s (custom)
2019-07-13 14:47:02,298 INFO  server.RaftServerConfigKeys (ConfUtils.java:logGet(43)) - raft.server.log.use.memory = false (default)
2019-07-13 14:47:02,298 INFO  server.RaftServerConfigKeys (ConfUtils.java:logGet(43)) - raft.server.log.purge.gap = 1000000000 (custom)
2019-07-13 14:47:02,298 INFO  server.RaftServerConfigKeys (ConfUtils.java:logGet(43)) - raft.server.log.appender.buffer.byte-limit = 33554432 (custom)
2019-07-13 14:47:02,299 INFO  server.RaftServerConfigKeys (ConfUtils.java:logGet(43)) - raft.server.log.segment.size.max = 1048576 (custom)
2019-07-13 14:47:02,299 INFO  server.RaftServerConfigKeys (ConfUtils.java:logGet(43)) - raft.server.log.segment.cache.num.max = 2 (custom)
2019-07-13 14:47:02,299 INFO  segmented.SegmentedRaftLogWorker (SegmentedRaftLogWorker.java:<init>(172)) - new df0f1f66-3432-46de-9fbe-84c0ce15a20c-SegmentedRaftLogWorker:Storage Directory /tmp/workdir/hadoop-ozone/integration-test/target/test-dir/MiniOzoneClusterImpl-b5de90c5-b484-4e33-801d-b03755977809/datanode-2/data/ratis/a1cad5ed-9fea-4e6f-bdc0-f56baa487ce0 for RaftStorage:Storage Directory /tmp/workdir/hadoop-ozone/integration-test/target/test-dir/MiniOzoneClusterImpl-b5de90c5-b484-4e33-801d-b03755977809/datanode-2/data/ratis/a1cad5ed-9fea-4e6f-bdc0-f56baa487ce0
2019-07-13 14:47:02,299 INFO  server.RaftServerConfigKeys (ConfUtils.java:logGet(43)) - raft.server.log.queue.byte-limit = 2147483647 (custom)
2019-07-13 14:47:02,299 INFO  server.RaftServerConfigKeys (ConfUtils.java:logGet(43)) - raft.server.log.queue.element-limit = 1024 (custom)
2019-07-13 14:47:02,300 INFO  server.RaftServerConfigKeys (ConfUtils.java:logGet(43)) - raft.server.log.segment.size.max = 1048576 (custom)
2019-07-13 14:47:02,300 INFO  server.RaftServerConfigKeys (ConfUtils.java:logGet(43)) - raft.server.log.preallocated.size = 16384 (custom)
2019-07-13 14:47:02,300 INFO  server.RaftServerConfigKeys (ConfUtils.java:logGet(43)) - raft.server.log.write.buffer.size = 33554432 (custom)
2019-07-13 14:47:02,300 INFO  server.RaftServerConfigKeys (ConfUtils.java:logGet(43)) - raft.server.log.force.sync.num = 128 (default)
2019-07-13 14:47:02,300 INFO  server.RaftServerConfigKeys (ConfUtils.java:logGet(43)) - raft.server.log.statemachine.data.sync = true (default)
2019-07-13 14:47:02,300 INFO  server.RaftServerConfigKeys (ConfUtils.java:logGet(43)) - raft.server.log.statemachine.data.sync.timeout = 10s (default)
2019-07-13 14:47:02,301 INFO  server.RaftServerConfigKeys (ConfUtils.java:logGet(43)) - raft.server.log.statemachine.data.sync.timeout.retry = -1 (default)
2019-07-13 14:47:02,301 INFO  server.RaftServerConfigKeys (ConfUtils.java:logGet(43)) - raft.server.log.statemachine.data.caching.enabled = true (custom)
2019-07-13 14:47:02,301 INFO  segmented.SegmentedRaftLogWorker (SegmentedRaftLogWorker.java:lambda$new$0(132)) - df0f1f66-3432-46de-9fbe-84c0ce15a20c-SegmentedRaftLogWorker:Storage Directory /tmp/workdir/hadoop-ozone/integration-test/target/test-dir/MiniOzoneClusterImpl-b5de90c5-b484-4e33-801d-b03755977809/datanode-2/data/ratis/a1cad5ed-9fea-4e6f-bdc0-f56baa487ce0: flushIndex: setUnconditionally 0 -> -1
2019-07-13 14:47:02,302 INFO  server.RaftServerConfigKeys (ConfUtils.java:logGet(43)) - raft.server.snapshot.auto.trigger.enabled = true (custom)
2019-07-13 14:47:02,302 INFO  server.RaftServerConfigKeys (ConfUtils.java:logGet(43)) - raft.server.snapshot.auto.trigger.threshold = 10000 (custom)
2019-07-13 14:47:02,302 INFO  server.RaftServerConfigKeys (ConfUtils.java:logGet(43)) - raft.server.retrycache.expirytime = 600000ms (custom)
2019-07-13 14:47:02,302 INFO  impl.RaftServerImpl (RaftServerImpl.java:start(180)) - df0f1f66-3432-46de-9fbe-84c0ce15a20c: start group-F56BAA487CE0
2019-07-13 14:47:02,302 INFO  impl.RaftServerImpl (RaftServerImpl.java:setRole(171)) - df0f1f66-3432-46de-9fbe-84c0ce15a20c:group-F56BAA487CE0 changes role from null to FOLLOWER at term 0 for startAsFollower
2019-07-13 14:47:02,303 INFO  impl.RoleInfo (RoleInfo.java:updateAndGet(143)) - df0f1f66-3432-46de-9fbe-84c0ce15a20c: start FollowerState
2019-07-13 14:47:02,303 INFO  util.JmxRegister (JmxRegister.java:tryRegister(44)) - Successfully registered JMX Bean with object name Ratis:service=RaftServer,group=group-F56BAA487CE0,id=df0f1f66-3432-46de-9fbe-84c0ce15a20c
2019-07-13 14:47:02,306 INFO  pipeline.PipelineStateManager (PipelineStateManager.java:addPipeline(56)) - Created pipeline Pipeline[ Id: a1cad5ed-9fea-4e6f-bdc0-f56baa487ce0, Nodes: df0f1f66-3432-46de-9fbe-84c0ce15a20c{ip: 192.168.5.172, host: trunk-nightly-mhs6z-4061744966, networkLocation: /default-rack, certSerialId: null}, Type:RATIS, Factor:ONE, State:OPEN]
2019-07-13 14:47:02,322 INFO  impl.RaftServerProxy (RaftServerProxy.java:addNew(89)) - b3b35bbc-ecb3-4089-a051-cdbc3e98c858: addNew group-341ADAD4CF57:[df0f1f66-3432-46de-9fbe-84c0ce15a20c:192.168.5.172:39169, b3b35bbc-ecb3-4089-a051-cdbc3e98c858:192.168.5.172:36266, d09ac996-a1e3-4fee-879f-5fae352d8083:192.168.5.172:41705] returns group-341ADAD4CF57:java.util.concurrent.CompletableFuture@4a88e92d[Not completed]
2019-07-13 14:47:02,322 INFO  impl.RaftServerProxy (RaftServerProxy.java:addNew(89)) - d09ac996-a1e3-4fee-879f-5fae352d8083: addNew group-341ADAD4CF57:[df0f1f66-3432-46de-9fbe-84c0ce15a20c:192.168.5.172:39169, b3b35bbc-ecb3-4089-a051-cdbc3e98c858:192.168.5.172:36266, d09ac996-a1e3-4fee-879f-5fae352d8083:192.168.5.172:41705] returns group-341ADAD4CF57:java.util.concurrent.CompletableFuture@2ac3c6ee[Not completed]
2019-07-13 14:47:02,323 INFO  impl.RaftServerProxy (RaftServerProxy.java:addNew(89)) - df0f1f66-3432-46de-9fbe-84c0ce15a20c: addNew group-341ADAD4CF57:[df0f1f66-3432-46de-9fbe-84c0ce15a20c:192.168.5.172:39169, b3b35bbc-ecb3-4089-a051-cdbc3e98c858:192.168.5.172:36266, d09ac996-a1e3-4fee-879f-5fae352d8083:192.168.5.172:41705] returns group-341ADAD4CF57:java.util.concurrent.CompletableFuture@2167bca6[Not completed]
2019-07-13 14:47:02,323 INFO  impl.RaftServerImpl (RaftServerImpl.java:<init>(93)) - b3b35bbc-ecb3-4089-a051-cdbc3e98c858: new RaftServerImpl for group-341ADAD4CF57:[df0f1f66-3432-46de-9fbe-84c0ce15a20c:192.168.5.172:39169, b3b35bbc-ecb3-4089-a051-cdbc3e98c858:192.168.5.172:36266, d09ac996-a1e3-4fee-879f-5fae352d8083:192.168.5.172:41705] with ContainerStateMachine:uninitialized
2019-07-13 14:47:02,323 INFO  server.RaftServerConfigKeys (ConfUtils.java:logGet(43)) - raft.server.rpc.timeout.min = 5s (custom)
2019-07-13 14:47:02,324 INFO  server.RaftServerConfigKeys (ConfUtils.java:logGet(43)) - raft.server.rpc.timeout.max = 5200ms (custom)
2019-07-13 14:47:02,324 INFO  server.RaftServerConfigKeys (ConfUtils.java:logGet(43)) - raft.server.rpcslowness.timeout = 120s (custom)
2019-07-13 14:47:02,324 INFO  impl.RaftServerImpl (RaftServerImpl.java:<init>(93)) - df0f1f66-3432-46de-9fbe-84c0ce15a20c: new RaftServerImpl for group-341ADAD4CF57:[df0f1f66-3432-46de-9fbe-84c0ce15a20c:192.168.5.172:39169, b3b35bbc-ecb3-4089-a051-cdbc3e98c858:192.168.5.172:36266, d09ac996-a1e3-4fee-879f-5fae352d8083:192.168.5.172:41705] with ContainerStateMachine:uninitialized
2019-07-13 14:47:02,324 INFO  server.RaftServerConfigKeys (ConfUtils.java:logGet(43)) - raft.server.sleep.deviation.threshold = 300 (default)
2019-07-13 14:47:02,324 INFO  server.RaftServerConfigKeys (ConfUtils.java:logGet(43)) - raft.server.rpc.timeout.min = 5s (custom)
2019-07-13 14:47:02,324 INFO  server.RaftServerConfigKeys (ConfUtils.java:logGet(43)) - raft.server.log.appender.install.snapshot.enabled = false (custom)
2019-07-13 14:47:02,324 INFO  impl.RaftServerImpl (RaftServerImpl.java:<init>(93)) - d09ac996-a1e3-4fee-879f-5fae352d8083: new RaftServerImpl for group-341ADAD4CF57:[df0f1f66-3432-46de-9fbe-84c0ce15a20c:192.168.5.172:39169, b3b35bbc-ecb3-4089-a051-cdbc3e98c858:192.168.5.172:36266, d09ac996-a1e3-4fee-879f-5fae352d8083:192.168.5.172:41705] with ContainerStateMachine:uninitialized
2019-07-13 14:47:02,324 INFO  server.RaftServerConfigKeys (ConfUtils.java:logGet(43)) - raft.server.rpc.timeout.max = 5200ms (custom)
2019-07-13 14:47:02,325 INFO  server.RaftServerConfigKeys (ConfUtils.java:logGet(43)) - raft.server.rpc.timeout.min = 5s (custom)
2019-07-13 14:47:02,325 INFO  impl.RaftServerImpl (ServerState.java:<init>(105)) - b3b35bbc-ecb3-4089-a051-cdbc3e98c858:group-341ADAD4CF57 ConfigurationManager, init=-1: [df0f1f66-3432-46de-9fbe-84c0ce15a20c:192.168.5.172:39169, b3b35bbc-ecb3-4089-a051-cdbc3e98c858:192.168.5.172:36266, d09ac996-a1e3-4fee-879f-5fae352d8083:192.168.5.172:41705], old=null, confs=<EMPTY_MAP>
2019-07-13 14:47:02,325 INFO  server.RaftServerConfigKeys (ConfUtils.java:logGet(43)) - raft.server.rpc.timeout.max = 5200ms (custom)
2019-07-13 14:47:02,325 INFO  server.RaftServerConfigKeys (ConfUtils.java:logGet(43)) - raft.server.rpcslowness.timeout = 120s (custom)
2019-07-13 14:47:02,325 INFO  server.RaftServerConfigKeys (ConfUtils.java:logGet(43)) - raft.server.rpcslowness.timeout = 120s (custom)
2019-07-13 14:47:02,326 INFO  server.RaftServerConfigKeys (ConfUtils.java:logGet(43)) - raft.server.sleep.deviation.threshold = 300 (default)
2019-07-13 14:47:02,325 INFO  server.RaftServerConfigKeys (ConfUtils.java:logGet(43)) - raft.server.storage.dir = [/tmp/workdir/hadoop-ozone/integration-test/target/test-dir/MiniOzoneClusterImpl-b5de90c5-b484-4e33-801d-b03755977809/datanode-1/data/ratis] (custom)
2019-07-13 14:47:02,326 INFO  server.RaftServerConfigKeys (ConfUtils.java:logGet(43)) - raft.server.log.appender.install.snapshot.enabled = false (custom)
2019-07-13 14:47:02,325 INFO  server.RaftServerConfigKeys (ConfUtils.java:logGet(43)) - raft.server.sleep.deviation.threshold = 300 (default)
2019-07-13 14:47:02,326 INFO  impl.RaftServerImpl (ServerState.java:<init>(105)) - d09ac996-a1e3-4fee-879f-5fae352d8083:group-341ADAD4CF57 ConfigurationManager, init=-1: [df0f1f66-3432-46de-9fbe-84c0ce15a20c:192.168.5.172:39169, b3b35bbc-ecb3-4089-a051-cdbc3e98c858:192.168.5.172:36266, d09ac996-a1e3-4fee-879f-5fae352d8083:192.168.5.172:41705], old=null, confs=<EMPTY_MAP>
2019-07-13 14:47:02,326 INFO  server.RaftServerConfigKeys (ConfUtils.java:logGet(43)) - raft.server.log.appender.install.snapshot.enabled = false (custom)
2019-07-13 14:47:02,326 INFO  storage.RaftStorageDirectory (RaftStorageDirectory.java:analyzeStorage(246)) - The storage directory /tmp/workdir/hadoop-ozone/integration-test/target/test-dir/MiniOzoneClusterImpl-b5de90c5-b484-4e33-801d-b03755977809/datanode-1/data/ratis/c34ee6fc-5492-494b-ba5e-341adad4cf57 does not exist. Creating ...
2019-07-13 14:47:02,327 INFO  impl.RaftServerImpl (ServerState.java:<init>(105)) - df0f1f66-3432-46de-9fbe-84c0ce15a20c:group-341ADAD4CF57 ConfigurationManager, init=-1: [df0f1f66-3432-46de-9fbe-84c0ce15a20c:192.168.5.172:39169, b3b35bbc-ecb3-4089-a051-cdbc3e98c858:192.168.5.172:36266, d09ac996-a1e3-4fee-879f-5fae352d8083:192.168.5.172:41705], old=null, confs=<EMPTY_MAP>
2019-07-13 14:47:02,326 INFO  server.RaftServerConfigKeys (ConfUtils.java:logGet(43)) - raft.server.storage.dir = [/tmp/workdir/hadoop-ozone/integration-test/target/test-dir/MiniOzoneClusterImpl-b5de90c5-b484-4e33-801d-b03755977809/datanode-0/data/ratis] (custom)
2019-07-13 14:47:02,327 INFO  server.RaftServerConfigKeys (ConfUtils.java:logGet(43)) - raft.server.storage.dir = [/tmp/workdir/hadoop-ozone/integration-test/target/test-dir/MiniOzoneClusterImpl-b5de90c5-b484-4e33-801d-b03755977809/datanode-2/data/ratis] (custom)
2019-07-13 14:47:02,327 INFO  storage.RaftStorageDirectory (RaftStorageDirectory.java:analyzeStorage(246)) - The storage directory /tmp/workdir/hadoop-ozone/integration-test/target/test-dir/MiniOzoneClusterImpl-b5de90c5-b484-4e33-801d-b03755977809/datanode-0/data/ratis/c34ee6fc-5492-494b-ba5e-341adad4cf57 does not exist. Creating ...
2019-07-13 14:47:02,327 INFO  storage.RaftStorageDirectory (RaftStorageDirectory.java:analyzeStorage(246)) - The storage directory /tmp/workdir/hadoop-ozone/integration-test/target/test-dir/MiniOzoneClusterImpl-b5de90c5-b484-4e33-801d-b03755977809/datanode-2/data/ratis/c34ee6fc-5492-494b-ba5e-341adad4cf57 does not exist. Creating ...
2019-07-13 14:47:02,332 INFO  storage.RaftStorageDirectory (RaftStorageDirectory.java:tryLock(328)) - Lock on /tmp/workdir/hadoop-ozone/integration-test/target/test-dir/MiniOzoneClusterImpl-b5de90c5-b484-4e33-801d-b03755977809/datanode-0/data/ratis/c34ee6fc-5492-494b-ba5e-341adad4cf57/in_use.lock acquired by nodename 27998@trunk-nightly-mhs6z-4061744966
2019-07-13 14:47:02,332 INFO  storage.RaftStorageDirectory (RaftStorageDirectory.java:tryLock(328)) - Lock on /tmp/workdir/hadoop-ozone/integration-test/target/test-dir/MiniOzoneClusterImpl-b5de90c5-b484-4e33-801d-b03755977809/datanode-1/data/ratis/c34ee6fc-5492-494b-ba5e-341adad4cf57/in_use.lock acquired by nodename 27998@trunk-nightly-mhs6z-4061744966
2019-07-13 14:47:02,332 INFO  storage.RaftStorageDirectory (RaftStorageDirectory.java:tryLock(328)) - Lock on /tmp/workdir/hadoop-ozone/integration-test/target/test-dir/MiniOzoneClusterImpl-b5de90c5-b484-4e33-801d-b03755977809/datanode-2/data/ratis/c34ee6fc-5492-494b-ba5e-341adad4cf57/in_use.lock acquired by nodename 27998@trunk-nightly-mhs6z-4061744966
2019-07-13 14:47:02,337 INFO  storage.RaftStorage (RaftStorage.java:format(72)) - Storage directory /tmp/workdir/hadoop-ozone/integration-test/target/test-dir/MiniOzoneClusterImpl-b5de90c5-b484-4e33-801d-b03755977809/datanode-0/data/ratis/c34ee6fc-5492-494b-ba5e-341adad4cf57 has been successfully formatted.
2019-07-13 14:47:02,337 INFO  storage.RaftStorage (RaftStorage.java:format(72)) - Storage directory /tmp/workdir/hadoop-ozone/integration-test/target/test-dir/MiniOzoneClusterImpl-b5de90c5-b484-4e33-801d-b03755977809/datanode-2/data/ratis/c34ee6fc-5492-494b-ba5e-341adad4cf57 has been successfully formatted.
2019-07-13 14:47:02,337 INFO  storage.RaftStorage (RaftStorage.java:format(72)) - Storage directory /tmp/workdir/hadoop-ozone/integration-test/target/test-dir/MiniOzoneClusterImpl-b5de90c5-b484-4e33-801d-b03755977809/datanode-1/data/ratis/c34ee6fc-5492-494b-ba5e-341adad4cf57 has been successfully formatted.
2019-07-13 14:47:02,338 INFO  ratis.ContainerStateMachine (ContainerStateMachine.java:loadSnapshot(200)) - The snapshot info is null.Setting the last applied index to:(t:0, i:~)
2019-07-13 14:47:02,338 INFO  ratis.ContainerStateMachine (ContainerStateMachine.java:loadSnapshot(200)) - The snapshot info is null.Setting the last applied index to:(t:0, i:~)
2019-07-13 14:47:02,338 INFO  server.RaftServerConfigKeys (ConfUtils.java:logGet(43)) - raft.server.leader.election.timeout = 120s (custom)
2019-07-13 14:47:02,338 INFO  ratis.ContainerStateMachine (ContainerStateMachine.java:loadSnapshot(200)) - The snapshot info is null.Setting the last applied index to:(t:0, i:~)
2019-07-13 14:47:02,338 INFO  server.RaftServerConfigKeys (ConfUtils.java:logGet(43)) - raft.server.log.use.memory = false (default)
2019-07-13 14:47:02,338 INFO  server.RaftServerConfigKeys (ConfUtils.java:logGet(43)) - raft.server.leader.election.timeout = 120s (custom)
2019-07-13 14:47:02,339 INFO  server.RaftServerConfigKeys (ConfUtils.java:logGet(43)) - raft.server.log.purge.gap = 1000000000 (custom)
2019-07-13 14:47:02,338 INFO  server.RaftServerConfigKeys (ConfUtils.java:logGet(43)) - raft.server.leader.election.timeout = 120s (custom)
2019-07-13 14:47:02,339 INFO  server.RaftServerConfigKeys (ConfUtils.java:logGet(43)) - raft.server.log.appender.buffer.byte-limit = 33554432 (custom)
2019-07-13 14:47:02,339 INFO  server.RaftServerConfigKeys (ConfUtils.java:logGet(43)) - raft.server.log.use.memory = false (default)
2019-07-13 14:47:02,339 INFO  server.RaftServerConfigKeys (ConfUtils.java:logGet(43)) - raft.server.log.segment.size.max = 1048576 (custom)
2019-07-13 14:47:02,339 INFO  server.RaftServerConfigKeys (ConfUtils.java:logGet(43)) - raft.server.log.use.memory = false (default)
2019-07-13 14:47:02,340 INFO  server.RaftServerConfigKeys (ConfUtils.java:logGet(43)) - raft.server.log.segment.cache.num.max = 2 (custom)
2019-07-13 14:47:02,339 INFO  server.RaftServerConfigKeys (ConfUtils.java:logGet(43)) - raft.server.log.purge.gap = 1000000000 (custom)
2019-07-13 14:47:02,340 INFO  segmented.SegmentedRaftLogWorker (SegmentedRaftLogWorker.java:<init>(172)) - new df0f1f66-3432-46de-9fbe-84c0ce15a20c-SegmentedRaftLogWorker:Storage Directory /tmp/workdir/hadoop-ozone/integration-test/target/test-dir/MiniOzoneClusterImpl-b5de90c5-b484-4e33-801d-b03755977809/datanode-2/data/ratis/c34ee6fc-5492-494b-ba5e-341adad4cf57 for RaftStorage:Storage Directory /tmp/workdir/hadoop-ozone/integration-test/target/test-dir/MiniOzoneClusterImpl-b5de90c5-b484-4e33-801d-b03755977809/datanode-2/data/ratis/c34ee6fc-5492-494b-ba5e-341adad4cf57
2019-07-13 14:47:02,340 INFO  server.RaftServerConfigKeys (ConfUtils.java:logGet(43)) - raft.server.log.purge.gap = 1000000000 (custom)
2019-07-13 14:47:02,340 INFO  server.RaftServerConfigKeys (ConfUtils.java:logGet(43)) - raft.server.log.queue.byte-limit = 2147483647 (custom)
2019-07-13 14:47:02,340 INFO  server.RaftServerConfigKeys (ConfUtils.java:logGet(43)) - raft.server.log.appender.buffer.byte-limit = 33554432 (custom)
2019-07-13 14:47:02,340 INFO  server.RaftServerConfigKeys (ConfUtils.java:logGet(43)) - raft.server.log.queue.element-limit = 1024 (custom)
2019-07-13 14:47:02,340 INFO  server.RaftServerConfigKeys (ConfUtils.java:logGet(43)) - raft.server.log.appender.buffer.byte-limit = 33554432 (custom)
2019-07-13 14:47:02,341 INFO  server.RaftServerConfigKeys (ConfUtils.java:logGet(43)) - raft.server.log.segment.size.max = 1048576 (custom)
2019-07-13 14:47:02,341 INFO  server.RaftServerConfigKeys (ConfUtils.java:logGet(43)) - raft.server.log.segment.size.max = 1048576 (custom)
2019-07-13 14:47:02,341 INFO  server.RaftServerConfigKeys (ConfUtils.java:logGet(43)) - raft.server.log.preallocated.size = 16384 (custom)
2019-07-13 14:47:02,341 INFO  server.RaftServerConfigKeys (ConfUtils.java:logGet(43)) - raft.server.log.segment.size.max = 1048576 (custom)
2019-07-13 14:47:02,341 INFO  server.RaftServerConfigKeys (ConfUtils.java:logGet(43)) - raft.server.log.write.buffer.size = 33554432 (custom)
2019-07-13 14:47:02,341 INFO  server.RaftServerConfigKeys (ConfUtils.java:logGet(43)) - raft.server.log.segment.cache.num.max = 2 (custom)
2019-07-13 14:47:02,342 INFO  server.RaftServerConfigKeys (ConfUtils.java:logGet(43)) - raft.server.log.force.sync.num = 128 (default)
2019-07-13 14:47:02,342 INFO  server.RaftServerConfigKeys (ConfUtils.java:logGet(43)) - raft.server.log.statemachine.data.sync = true (default)
2019-07-13 14:47:02,342 INFO  server.RaftServerConfigKeys (ConfUtils.java:logGet(43)) - raft.server.log.segment.cache.num.max = 2 (custom)
2019-07-13 14:47:02,342 INFO  server.RaftServerConfigKeys (ConfUtils.java:logGet(43)) - raft.server.log.statemachine.data.sync.timeout = 10s (default)
2019-07-13 14:47:02,342 INFO  segmented.SegmentedRaftLogWorker (SegmentedRaftLogWorker.java:<init>(172)) - new d09ac996-a1e3-4fee-879f-5fae352d8083-SegmentedRaftLogWorker:Storage Directory /tmp/workdir/hadoop-ozone/integration-test/target/test-dir/MiniOzoneClusterImpl-b5de90c5-b484-4e33-801d-b03755977809/datanode-0/data/ratis/c34ee6fc-5492-494b-ba5e-341adad4cf57 for RaftStorage:Storage Directory /tmp/workdir/hadoop-ozone/integration-test/target/test-dir/MiniOzoneClusterImpl-b5de90c5-b484-4e33-801d-b03755977809/datanode-0/data/ratis/c34ee6fc-5492-494b-ba5e-341adad4cf57
2019-07-13 14:47:02,343 INFO  server.RaftServerConfigKeys (ConfUtils.java:logGet(43)) - raft.server.log.statemachine.data.sync.timeout.retry = -1 (default)
2019-07-13 14:47:02,342 INFO  segmented.SegmentedRaftLogWorker (SegmentedRaftLogWorker.java:<init>(172)) - new b3b35bbc-ecb3-4089-a051-cdbc3e98c858-SegmentedRaftLogWorker:Storage Directory /tmp/workdir/hadoop-ozone/integration-test/target/test-dir/MiniOzoneClusterImpl-b5de90c5-b484-4e33-801d-b03755977809/datanode-1/data/ratis/c34ee6fc-5492-494b-ba5e-341adad4cf57 for RaftStorage:Storage Directory /tmp/workdir/hadoop-ozone/integration-test/target/test-dir/MiniOzoneClusterImpl-b5de90c5-b484-4e33-801d-b03755977809/datanode-1/data/ratis/c34ee6fc-5492-494b-ba5e-341adad4cf57
2019-07-13 14:47:02,343 INFO  server.RaftServerConfigKeys (ConfUtils.java:logGet(43)) - raft.server.log.statemachine.data.caching.enabled = true (custom)
2019-07-13 14:47:02,343 INFO  server.RaftServerConfigKeys (ConfUtils.java:logGet(43)) - raft.server.log.queue.byte-limit = 2147483647 (custom)
2019-07-13 14:47:02,343 INFO  server.RaftServerConfigKeys (ConfUtils.java:logGet(43)) - raft.server.log.queue.byte-limit = 2147483647 (custom)
2019-07-13 14:47:02,343 INFO  segmented.SegmentedRaftLogWorker (SegmentedRaftLogWorker.java:lambda$new$0(132)) - df0f1f66-3432-46de-9fbe-84c0ce15a20c-SegmentedRaftLogWorker:Storage Directory /tmp/workdir/hadoop-ozone/integration-test/target/test-dir/MiniOzoneClusterImpl-b5de90c5-b484-4e33-801d-b03755977809/datanode-2/data/ratis/c34ee6fc-5492-494b-ba5e-341adad4cf57: flushIndex: setUnconditionally 0 -> -1
2019-07-13 14:47:02,343 INFO  server.RaftServerConfigKeys (ConfUtils.java:logGet(43)) - raft.server.log.queue.element-limit = 1024 (custom)
2019-07-13 14:47:02,344 INFO  server.RaftServerConfigKeys (ConfUtils.java:logGet(43)) - raft.server.log.queue.element-limit = 1024 (custom)
2019-07-13 14:47:02,344 INFO  server.RaftServerConfigKeys (ConfUtils.java:logGet(43)) - raft.server.log.segment.size.max = 1048576 (custom)
2019-07-13 14:47:02,344 INFO  server.RaftServerConfigKeys (ConfUtils.java:logGet(43)) - raft.server.snapshot.auto.trigger.enabled = true (custom)
2019-07-13 14:47:02,344 INFO  server.RaftServerConfigKeys (ConfUtils.java:logGet(43)) - raft.server.log.preallocated.size = 16384 (custom)
2019-07-13 14:47:02,344 INFO  server.RaftServerConfigKeys (ConfUtils.java:logGet(43)) - raft.server.log.segment.size.max = 1048576 (custom)
2019-07-13 14:47:02,345 INFO  server.RaftServerConfigKeys (ConfUtils.java:logGet(43)) - raft.server.log.write.buffer.size = 33554432 (custom)
2019-07-13 14:47:02,344 INFO  server.RaftServerConfigKeys (ConfUtils.java:logGet(43)) - raft.server.snapshot.auto.trigger.threshold = 10000 (custom)
2019-07-13 14:47:02,345 INFO  server.RaftServerConfigKeys (ConfUtils.java:logGet(43)) - raft.server.log.force.sync.num = 128 (default)
2019-07-13 14:47:02,345 INFO  server.RaftServerConfigKeys (ConfUtils.java:logGet(43)) - raft.server.log.preallocated.size = 16384 (custom)
2019-07-13 14:47:02,345 INFO  server.RaftServerConfigKeys (ConfUtils.java:logGet(43)) - raft.server.log.statemachine.data.sync = true (default)
2019-07-13 14:47:02,345 INFO  server.RaftServerConfigKeys (ConfUtils.java:logGet(43)) - raft.server.retrycache.expirytime = 600000ms (custom)
2019-07-13 14:47:02,345 INFO  server.RaftServerConfigKeys (ConfUtils.java:logGet(43)) - raft.server.log.statemachine.data.sync.timeout = 10s (default)
2019-07-13 14:47:02,345 INFO  server.RaftServerConfigKeys (ConfUtils.java:logGet(43)) - raft.server.log.write.buffer.size = 33554432 (custom)
2019-07-13 14:47:02,346 INFO  server.RaftServerConfigKeys (ConfUtils.java:logGet(43)) - raft.server.log.statemachine.data.sync.timeout.retry = -1 (default)
2019-07-13 14:47:02,346 INFO  impl.RaftServerImpl (RaftServerImpl.java:start(180)) - df0f1f66-3432-46de-9fbe-84c0ce15a20c: start group-341ADAD4CF57
2019-07-13 14:47:02,346 INFO  server.RaftServerConfigKeys (ConfUtils.java:logGet(43)) - raft.server.log.statemachine.data.caching.enabled = true (custom)
2019-07-13 14:47:02,346 INFO  server.RaftServerConfigKeys (ConfUtils.java:logGet(43)) - raft.server.log.force.sync.num = 128 (default)
2019-07-13 14:47:02,346 INFO  impl.RaftServerImpl (RaftServerImpl.java:setRole(171)) - df0f1f66-3432-46de-9fbe-84c0ce15a20c:group-341ADAD4CF57 changes role from null to FOLLOWER at term 0 for startAsFollower
2019-07-13 14:47:02,347 INFO  segmented.SegmentedRaftLogWorker (SegmentedRaftLogWorker.java:lambda$new$0(132)) - d09ac996-a1e3-4fee-879f-5fae352d8083-SegmentedRaftLogWorker:Storage Directory /tmp/workdir/hadoop-ozone/integration-test/target/test-dir/MiniOzoneClusterImpl-b5de90c5-b484-4e33-801d-b03755977809/datanode-0/data/ratis/c34ee6fc-5492-494b-ba5e-341adad4cf57: flushIndex: setUnconditionally 0 -> -1
2019-07-13 14:47:02,347 INFO  server.RaftServerConfigKeys (ConfUtils.java:logGet(43)) - raft.server.log.statemachine.data.sync = true (default)
2019-07-13 14:47:02,347 INFO  impl.RoleInfo (RoleInfo.java:updateAndGet(143)) - df0f1f66-3432-46de-9fbe-84c0ce15a20c: start FollowerState
2019-07-13 14:47:02,347 INFO  server.RaftServerConfigKeys (ConfUtils.java:logGet(43)) - raft.server.snapshot.auto.trigger.enabled = true (custom)
2019-07-13 14:47:02,347 INFO  server.RaftServerConfigKeys (ConfUtils.java:logGet(43)) - raft.server.log.statemachine.data.sync.timeout = 10s (default)
2019-07-13 14:47:02,347 INFO  server.RaftServerConfigKeys (ConfUtils.java:logGet(43)) - raft.server.snapshot.auto.trigger.threshold = 10000 (custom)
2019-07-13 14:47:02,347 INFO  util.JmxRegister (JmxRegister.java:tryRegister(44)) - Successfully registered JMX Bean with object name Ratis:service=RaftServer,group=group-341ADAD4CF57,id=df0f1f66-3432-46de-9fbe-84c0ce15a20c
2019-07-13 14:47:02,347 INFO  server.RaftServerConfigKeys (ConfUtils.java:logGet(43)) - raft.server.log.statemachine.data.sync.timeout.retry = -1 (default)
2019-07-13 14:47:02,348 INFO  server.RaftServerConfigKeys (ConfUtils.java:logGet(43)) - raft.server.retrycache.expirytime = 600000ms (custom)
2019-07-13 14:47:02,348 INFO  server.RaftServerConfigKeys (ConfUtils.java:logGet(43)) - raft.server.log.statemachine.data.caching.enabled = true (custom)
2019-07-13 14:47:02,348 INFO  impl.RaftServerImpl (RaftServerImpl.java:start(180)) - d09ac996-a1e3-4fee-879f-5fae352d8083: start group-341ADAD4CF57
2019-07-13 14:47:02,348 INFO  segmented.SegmentedRaftLogWorker (SegmentedRaftLogWorker.java:lambda$new$0(132)) - b3b35bbc-ecb3-4089-a051-cdbc3e98c858-SegmentedRaftLogWorker:Storage Directory /tmp/workdir/hadoop-ozone/integration-test/target/test-dir/MiniOzoneClusterImpl-b5de90c5-b484-4e33-801d-b03755977809/datanode-1/data/ratis/c34ee6fc-5492-494b-ba5e-341adad4cf57: flushIndex: setUnconditionally 0 -> -1
2019-07-13 14:47:02,348 INFO  impl.RaftServerImpl (RaftServerImpl.java:setRole(171)) - d09ac996-a1e3-4fee-879f-5fae352d8083:group-341ADAD4CF57 changes role from null to FOLLOWER at term 0 for startAsFollower
2019-07-13 14:47:02,349 INFO  impl.RoleInfo (RoleInfo.java:updateAndGet(143)) - d09ac996-a1e3-4fee-879f-5fae352d8083: start FollowerState
2019-07-13 14:47:02,349 INFO  server.RaftServerConfigKeys (ConfUtils.java:logGet(43)) - raft.server.snapshot.auto.trigger.enabled = true (custom)
2019-07-13 14:47:02,349 INFO  server.RaftServerConfigKeys (ConfUtils.java:logGet(43)) - raft.server.snapshot.auto.trigger.threshold = 10000 (custom)
2019-07-13 14:47:02,349 INFO  server.RaftServerConfigKeys (ConfUtils.java:logGet(43)) - raft.server.retrycache.expirytime = 600000ms (custom)
2019-07-13 14:47:02,349 INFO  util.JmxRegister (JmxRegister.java:tryRegister(44)) - Successfully registered JMX Bean with object name Ratis:service=RaftServer,group=group-341ADAD4CF57,id=d09ac996-a1e3-4fee-879f-5fae352d8083
2019-07-13 14:47:02,349 INFO  impl.RaftServerImpl (RaftServerImpl.java:start(180)) - b3b35bbc-ecb3-4089-a051-cdbc3e98c858: start group-341ADAD4CF57
2019-07-13 14:47:02,350 INFO  impl.RaftServerImpl (RaftServerImpl.java:setRole(171)) - b3b35bbc-ecb3-4089-a051-cdbc3e98c858:group-341ADAD4CF57 changes role from null to FOLLOWER at term 0 for startAsFollower
2019-07-13 14:47:02,350 INFO  impl.RoleInfo (RoleInfo.java:updateAndGet(143)) - b3b35bbc-ecb3-4089-a051-cdbc3e98c858: start FollowerState
2019-07-13 14:47:02,350 INFO  util.JmxRegister (JmxRegister.java:tryRegister(44)) - Successfully registered JMX Bean with object name Ratis:service=RaftServer,group=group-341ADAD4CF57,id=b3b35bbc-ecb3-4089-a051-cdbc3e98c858
2019-07-13 14:47:02,353 INFO  pipeline.PipelineStateManager (PipelineStateManager.java:addPipeline(56)) - Created pipeline Pipeline[ Id: c34ee6fc-5492-494b-ba5e-341adad4cf57, Nodes: df0f1f66-3432-46de-9fbe-84c0ce15a20c{ip: 192.168.5.172, host: trunk-nightly-mhs6z-4061744966, networkLocation: /default-rack, certSerialId: null}b3b35bbc-ecb3-4089-a051-cdbc3e98c858{ip: 192.168.5.172, host: trunk-nightly-mhs6z-4061744966, networkLocation: /default-rack, certSerialId: null}d09ac996-a1e3-4fee-879f-5fae352d8083{ip: 192.168.5.172, host: trunk-nightly-mhs6z-4061744966, networkLocation: /default-rack, certSerialId: null}, Type:RATIS, Factor:THREE, State:OPEN]
2019-07-13 14:47:02,475 INFO  node.SCMNodeManager (SCMNodeManager.java:register(269)) - Registered Data node : 0bdd9968-2d86-4240-beed-cd66aabfe01b{ip: 192.168.5.172, host: trunk-nightly-mhs6z-4061744966, networkLocation: /default-rack, certSerialId: null}
2019-07-13 14:47:02,488 INFO  impl.RaftServerProxy (RaftServerProxy.java:addNew(89)) - 0bdd9968-2d86-4240-beed-cd66aabfe01b: addNew group-8407EB3EE0DC:[0bdd9968-2d86-4240-beed-cd66aabfe01b:192.168.5.172:37589] returns group-8407EB3EE0DC:java.util.concurrent.CompletableFuture@769f67be[Not completed]
2019-07-13 14:47:02,490 INFO  impl.RaftServerImpl (RaftServerImpl.java:<init>(93)) - 0bdd9968-2d86-4240-beed-cd66aabfe01b: new RaftServerImpl for group-8407EB3EE0DC:[0bdd9968-2d86-4240-beed-cd66aabfe01b:192.168.5.172:37589] with ContainerStateMachine:uninitialized
2019-07-13 14:47:02,490 INFO  server.RaftServerConfigKeys (ConfUtils.java:logGet(43)) - raft.server.rpc.timeout.min = 5s (custom)
2019-07-13 14:47:02,490 INFO  server.RaftServerConfigKeys (ConfUtils.java:logGet(43)) - raft.server.rpc.timeout.max = 5200ms (custom)
2019-07-13 14:47:02,490 INFO  server.RaftServerConfigKeys (ConfUtils.java:logGet(43)) - raft.server.rpcslowness.timeout = 120s (custom)
2019-07-13 14:47:02,490 INFO  server.RaftServerConfigKeys (ConfUtils.java:logGet(43)) - raft.server.sleep.deviation.threshold = 300 (default)
2019-07-13 14:47:02,490 INFO  server.RaftServerConfigKeys (ConfUtils.java:logGet(43)) - raft.server.log.appender.install.snapshot.enabled = false (custom)
2019-07-13 14:47:02,491 INFO  impl.RaftServerImpl (ServerState.java:<init>(105)) - 0bdd9968-2d86-4240-beed-cd66aabfe01b:group-8407EB3EE0DC ConfigurationManager, init=-1: [0bdd9968-2d86-4240-beed-cd66aabfe01b:192.168.5.172:37589], old=null, confs=<EMPTY_MAP>
2019-07-13 14:47:02,491 INFO  server.RaftServerConfigKeys (ConfUtils.java:logGet(43)) - raft.server.storage.dir = [/tmp/workdir/hadoop-ozone/integration-test/target/test-dir/MiniOzoneClusterImpl-b5de90c5-b484-4e33-801d-b03755977809/datanode-3/data/ratis] (custom)
2019-07-13 14:47:02,491 INFO  storage.RaftStorageDirectory (RaftStorageDirectory.java:analyzeStorage(246)) - The storage directory /tmp/workdir/hadoop-ozone/integration-test/target/test-dir/MiniOzoneClusterImpl-b5de90c5-b484-4e33-801d-b03755977809/datanode-3/data/ratis/8226eda5-ee79-47d5-b461-8407eb3ee0dc does not exist. Creating ...
2019-07-13 14:47:02,505 INFO  storage.RaftStorageDirectory (RaftStorageDirectory.java:tryLock(328)) - Lock on /tmp/workdir/hadoop-ozone/integration-test/target/test-dir/MiniOzoneClusterImpl-b5de90c5-b484-4e33-801d-b03755977809/datanode-3/data/ratis/8226eda5-ee79-47d5-b461-8407eb3ee0dc/in_use.lock acquired by nodename 27998@trunk-nightly-mhs6z-4061744966
2019-07-13 14:47:02,509 INFO  storage.RaftStorage (RaftStorage.java:format(72)) - Storage directory /tmp/workdir/hadoop-ozone/integration-test/target/test-dir/MiniOzoneClusterImpl-b5de90c5-b484-4e33-801d-b03755977809/datanode-3/data/ratis/8226eda5-ee79-47d5-b461-8407eb3ee0dc has been successfully formatted.
2019-07-13 14:47:02,509 INFO  ratis.ContainerStateMachine (ContainerStateMachine.java:loadSnapshot(200)) - The snapshot info is null.Setting the last applied index to:(t:0, i:~)
2019-07-13 14:47:02,510 INFO  server.RaftServerConfigKeys (ConfUtils.java:logGet(43)) - raft.server.leader.election.timeout = 120s (custom)
2019-07-13 14:47:02,510 INFO  server.RaftServerConfigKeys (ConfUtils.java:logGet(43)) - raft.server.log.use.memory = false (default)
2019-07-13 14:47:02,510 INFO  server.RaftServerConfigKeys (ConfUtils.java:logGet(43)) - raft.server.log.purge.gap = 1000000000 (custom)
2019-07-13 14:47:02,510 INFO  server.RaftServerConfigKeys (ConfUtils.java:logGet(43)) - raft.server.log.appender.buffer.byte-limit = 33554432 (custom)
2019-07-13 14:47:02,510 INFO  server.RaftServerConfigKeys (ConfUtils.java:logGet(43)) - raft.server.log.segment.size.max = 1048576 (custom)
2019-07-13 14:47:02,511 INFO  server.RaftServerConfigKeys (ConfUtils.java:logGet(43)) - raft.server.log.segment.cache.num.max = 2 (custom)
2019-07-13 14:47:02,511 INFO  segmented.SegmentedRaftLogWorker (SegmentedRaftLogWorker.java:<init>(172)) - new 0bdd9968-2d86-4240-beed-cd66aabfe01b-SegmentedRaftLogWorker:Storage Directory /tmp/workdir/hadoop-ozone/integration-test/target/test-dir/MiniOzoneClusterImpl-b5de90c5-b484-4e33-801d-b03755977809/datanode-3/data/ratis/8226eda5-ee79-47d5-b461-8407eb3ee0dc for RaftStorage:Storage Directory /tmp/workdir/hadoop-ozone/integration-test/target/test-dir/MiniOzoneClusterImpl-b5de90c5-b484-4e33-801d-b03755977809/datanode-3/data/ratis/8226eda5-ee79-47d5-b461-8407eb3ee0dc
2019-07-13 14:47:02,511 INFO  server.RaftServerConfigKeys (ConfUtils.java:logGet(43)) - raft.server.log.queue.byte-limit = 2147483647 (custom)
2019-07-13 14:47:02,511 INFO  server.RaftServerConfigKeys (ConfUtils.java:logGet(43)) - raft.server.log.queue.element-limit = 1024 (custom)
2019-07-13 14:47:02,511 INFO  server.RaftServerConfigKeys (ConfUtils.java:logGet(43)) - raft.server.log.segment.size.max = 1048576 (custom)
2019-07-13 14:47:02,512 INFO  server.RaftServerConfigKeys (ConfUtils.java:logGet(43)) - raft.server.log.preallocated.size = 16384 (custom)
2019-07-13 14:47:02,512 INFO  server.RaftServerConfigKeys (ConfUtils.java:logGet(43)) - raft.server.log.write.buffer.size = 33554432 (custom)
2019-07-13 14:47:02,512 INFO  server.RaftServerConfigKeys (ConfUtils.java:logGet(43)) - raft.server.log.force.sync.num = 128 (default)
2019-07-13 14:47:02,512 INFO  server.RaftServerConfigKeys (ConfUtils.java:logGet(43)) - raft.server.log.statemachine.data.sync = true (default)
2019-07-13 14:47:02,512 INFO  server.RaftServerConfigKeys (ConfUtils.java:logGet(43)) - raft.server.log.statemachine.data.sync.timeout = 10s (default)
2019-07-13 14:47:02,512 INFO  server.RaftServerConfigKeys (ConfUtils.java:logGet(43)) - raft.server.log.statemachine.data.sync.timeout.retry = -1 (default)
2019-07-13 14:47:02,513 INFO  server.RaftServerConfigKeys (ConfUtils.java:logGet(43)) - raft.server.log.statemachine.data.caching.enabled = true (custom)
2019-07-13 14:47:02,513 INFO  segmented.SegmentedRaftLogWorker (SegmentedRaftLogWorker.java:lambda$new$0(132)) - 0bdd9968-2d86-4240-beed-cd66aabfe01b-SegmentedRaftLogWorker:Storage Directory /tmp/workdir/hadoop-ozone/integration-test/target/test-dir/MiniOzoneClusterImpl-b5de90c5-b484-4e33-801d-b03755977809/datanode-3/data/ratis/8226eda5-ee79-47d5-b461-8407eb3ee0dc: flushIndex: setUnconditionally 0 -> -1
2019-07-13 14:47:02,514 INFO  server.RaftServerConfigKeys (ConfUtils.java:logGet(43)) - raft.server.snapshot.auto.trigger.enabled = true (custom)
2019-07-13 14:47:02,514 INFO  server.RaftServerConfigKeys (ConfUtils.java:logGet(43)) - raft.server.snapshot.auto.trigger.threshold = 10000 (custom)
2019-07-13 14:47:02,514 INFO  server.RaftServerConfigKeys (ConfUtils.java:logGet(43)) - raft.server.retrycache.expirytime = 600000ms (custom)
2019-07-13 14:47:02,514 INFO  impl.RaftServerImpl (RaftServerImpl.java:start(180)) - 0bdd9968-2d86-4240-beed-cd66aabfe01b: start group-8407EB3EE0DC
2019-07-13 14:47:02,514 INFO  impl.RaftServerImpl (RaftServerImpl.java:setRole(171)) - 0bdd9968-2d86-4240-beed-cd66aabfe01b:group-8407EB3EE0DC changes role from null to FOLLOWER at term 0 for startAsFollower
2019-07-13 14:47:02,515 INFO  impl.RoleInfo (RoleInfo.java:updateAndGet(143)) - 0bdd9968-2d86-4240-beed-cd66aabfe01b: start FollowerState
2019-07-13 14:47:02,515 INFO  util.JmxRegister (JmxRegister.java:tryRegister(44)) - Successfully registered JMX Bean with object name Ratis:service=RaftServer,group=group-8407EB3EE0DC,id=0bdd9968-2d86-4240-beed-cd66aabfe01b
2019-07-13 14:47:02,518 INFO  pipeline.PipelineStateManager (PipelineStateManager.java:addPipeline(56)) - Created pipeline Pipeline[ Id: 8226eda5-ee79-47d5-b461-8407eb3ee0dc, Nodes: 0bdd9968-2d86-4240-beed-cd66aabfe01b{ip: 192.168.5.172, host: trunk-nightly-mhs6z-4061744966, networkLocation: /default-rack, certSerialId: null}, Type:RATIS, Factor:ONE, State:OPEN]
2019-07-13 14:47:02,658 INFO  node.SCMNodeManager (SCMNodeManager.java:register(269)) - Registered Data node : f843f5bb-a2db-4471-a48c-08a4c9de360c{ip: 192.168.5.172, host: trunk-nightly-mhs6z-4061744966, networkLocation: /default-rack, certSerialId: null}
2019-07-13 14:47:02,670 INFO  impl.RaftServerProxy (RaftServerProxy.java:addNew(89)) - f843f5bb-a2db-4471-a48c-08a4c9de360c: addNew group-DC34E9B0DA69:[f843f5bb-a2db-4471-a48c-08a4c9de360c:192.168.5.172:45729] returns group-DC34E9B0DA69:java.util.concurrent.CompletableFuture@79c84cfc[Not completed]
2019-07-13 14:47:02,671 INFO  impl.RaftServerImpl (RaftServerImpl.java:<init>(93)) - f843f5bb-a2db-4471-a48c-08a4c9de360c: new RaftServerImpl for group-DC34E9B0DA69:[f843f5bb-a2db-4471-a48c-08a4c9de360c:192.168.5.172:45729] with ContainerStateMachine:uninitialized
2019-07-13 14:47:02,671 INFO  server.RaftServerConfigKeys (ConfUtils.java:logGet(43)) - raft.server.rpc.timeout.min = 5s (custom)
2019-07-13 14:47:02,671 INFO  server.RaftServerConfigKeys (ConfUtils.java:logGet(43)) - raft.server.rpc.timeout.max = 5200ms (custom)
2019-07-13 14:47:02,671 INFO  server.RaftServerConfigKeys (ConfUtils.java:logGet(43)) - raft.server.rpcslowness.timeout = 120s (custom)
2019-07-13 14:47:02,671 INFO  server.RaftServerConfigKeys (ConfUtils.java:logGet(43)) - raft.server.sleep.deviation.threshold = 300 (default)
2019-07-13 14:47:02,671 INFO  server.RaftServerConfigKeys (ConfUtils.java:logGet(43)) - raft.server.log.appender.install.snapshot.enabled = false (custom)
2019-07-13 14:47:02,672 INFO  impl.RaftServerImpl (ServerState.java:<init>(105)) - f843f5bb-a2db-4471-a48c-08a4c9de360c:group-DC34E9B0DA69 ConfigurationManager, init=-1: [f843f5bb-a2db-4471-a48c-08a4c9de360c:192.168.5.172:45729], old=null, confs=<EMPTY_MAP>
2019-07-13 14:47:02,672 INFO  server.RaftServerConfigKeys (ConfUtils.java:logGet(43)) - raft.server.storage.dir = [/tmp/workdir/hadoop-ozone/integration-test/target/test-dir/MiniOzoneClusterImpl-b5de90c5-b484-4e33-801d-b03755977809/datanode-4/data/ratis] (custom)
2019-07-13 14:47:02,672 INFO  storage.RaftStorageDirectory (RaftStorageDirectory.java:analyzeStorage(246)) - The storage directory /tmp/workdir/hadoop-ozone/integration-test/target/test-dir/MiniOzoneClusterImpl-b5de90c5-b484-4e33-801d-b03755977809/datanode-4/data/ratis/f8b868e7-0edf-45e4-9d02-dc34e9b0da69 does not exist. Creating ...
2019-07-13 14:47:02,676 INFO  storage.RaftStorageDirectory (RaftStorageDirectory.java:tryLock(328)) - Lock on /tmp/workdir/hadoop-ozone/integration-test/target/test-dir/MiniOzoneClusterImpl-b5de90c5-b484-4e33-801d-b03755977809/datanode-4/data/ratis/f8b868e7-0edf-45e4-9d02-dc34e9b0da69/in_use.lock acquired by nodename 27998@trunk-nightly-mhs6z-4061744966
2019-07-13 14:47:02,680 INFO  storage.RaftStorage (RaftStorage.java:format(72)) - Storage directory /tmp/workdir/hadoop-ozone/integration-test/target/test-dir/MiniOzoneClusterImpl-b5de90c5-b484-4e33-801d-b03755977809/datanode-4/data/ratis/f8b868e7-0edf-45e4-9d02-dc34e9b0da69 has been successfully formatted.
2019-07-13 14:47:02,680 INFO  ratis.ContainerStateMachine (ContainerStateMachine.java:loadSnapshot(200)) - The snapshot info is null.Setting the last applied index to:(t:0, i:~)
2019-07-13 14:47:02,681 INFO  server.RaftServerConfigKeys (ConfUtils.java:logGet(43)) - raft.server.leader.election.timeout = 120s (custom)
2019-07-13 14:47:02,681 INFO  server.RaftServerConfigKeys (ConfUtils.java:logGet(43)) - raft.server.log.use.memory = false (default)
2019-07-13 14:47:02,681 INFO  server.RaftServerConfigKeys (ConfUtils.java:logGet(43)) - raft.server.log.purge.gap = 1000000000 (custom)
2019-07-13 14:47:02,681 INFO  server.RaftServerConfigKeys (ConfUtils.java:logGet(43)) - raft.server.log.appender.buffer.byte-limit = 33554432 (custom)
2019-07-13 14:47:02,681 INFO  server.RaftServerConfigKeys (ConfUtils.java:logGet(43)) - raft.server.log.segment.size.max = 1048576 (custom)
2019-07-13 14:47:02,682 INFO  server.RaftServerConfigKeys (ConfUtils.java:logGet(43)) - raft.server.log.segment.cache.num.max = 2 (custom)
2019-07-13 14:47:02,682 INFO  segmented.SegmentedRaftLogWorker (SegmentedRaftLogWorker.java:<init>(172)) - new f843f5bb-a2db-4471-a48c-08a4c9de360c-SegmentedRaftLogWorker:Storage Directory /tmp/workdir/hadoop-ozone/integration-test/target/test-dir/MiniOzoneClusterImpl-b5de90c5-b484-4e33-801d-b03755977809/datanode-4/data/ratis/f8b868e7-0edf-45e4-9d02-dc34e9b0da69 for RaftStorage:Storage Directory /tmp/workdir/hadoop-ozone/integration-test/target/test-dir/MiniOzoneClusterImpl-b5de90c5-b484-4e33-801d-b03755977809/datanode-4/data/ratis/f8b868e7-0edf-45e4-9d02-dc34e9b0da69
2019-07-13 14:47:02,682 INFO  server.RaftServerConfigKeys (ConfUtils.java:logGet(43)) - raft.server.log.queue.byte-limit = 2147483647 (custom)
2019-07-13 14:47:02,682 INFO  server.RaftServerConfigKeys (ConfUtils.java:logGet(43)) - raft.server.log.queue.element-limit = 1024 (custom)
2019-07-13 14:47:02,682 INFO  server.RaftServerConfigKeys (ConfUtils.java:logGet(43)) - raft.server.log.segment.size.max = 1048576 (custom)
2019-07-13 14:47:02,683 INFO  server.RaftServerConfigKeys (ConfUtils.java:logGet(43)) - raft.server.log.preallocated.size = 16384 (custom)
2019-07-13 14:47:02,683 INFO  server.RaftServerConfigKeys (ConfUtils.java:logGet(43)) - raft.server.log.write.buffer.size = 33554432 (custom)
2019-07-13 14:47:02,683 INFO  server.RaftServerConfigKeys (ConfUtils.java:logGet(43)) - raft.server.log.force.sync.num = 128 (default)
2019-07-13 14:47:02,683 INFO  server.RaftServerConfigKeys (ConfUtils.java:logGet(43)) - raft.server.log.statemachine.data.sync = true (default)
2019-07-13 14:47:02,683 INFO  server.RaftServerConfigKeys (ConfUtils.java:logGet(43)) - raft.server.log.statemachine.data.sync.timeout = 10s (default)
2019-07-13 14:47:02,683 INFO  server.RaftServerConfigKeys (ConfUtils.java:logGet(43)) - raft.server.log.statemachine.data.sync.timeout.retry = -1 (default)
2019-07-13 14:47:02,684 INFO  server.RaftServerConfigKeys (ConfUtils.java:logGet(43)) - raft.server.log.statemachine.data.caching.enabled = true (custom)
2019-07-13 14:47:02,684 INFO  segmented.SegmentedRaftLogWorker (SegmentedRaftLogWorker.java:lambda$new$0(132)) - f843f5bb-a2db-4471-a48c-08a4c9de360c-SegmentedRaftLogWorker:Storage Directory /tmp/workdir/hadoop-ozone/integration-test/target/test-dir/MiniOzoneClusterImpl-b5de90c5-b484-4e33-801d-b03755977809/datanode-4/data/ratis/f8b868e7-0edf-45e4-9d02-dc34e9b0da69: flushIndex: setUnconditionally 0 -> -1
2019-07-13 14:47:02,684 INFO  server.RaftServerConfigKeys (ConfUtils.java:logGet(43)) - raft.server.snapshot.auto.trigger.enabled = true (custom)
2019-07-13 14:47:02,685 INFO  server.RaftServerConfigKeys (ConfUtils.java:logGet(43)) - raft.server.snapshot.auto.trigger.threshold = 10000 (custom)
2019-07-13 14:47:02,685 INFO  server.RaftServerConfigKeys (ConfUtils.java:logGet(43)) - raft.server.retrycache.expirytime = 600000ms (custom)
2019-07-13 14:47:02,685 INFO  impl.RaftServerImpl (RaftServerImpl.java:start(180)) - f843f5bb-a2db-4471-a48c-08a4c9de360c: start group-DC34E9B0DA69
2019-07-13 14:47:02,685 INFO  impl.RaftServerImpl (RaftServerImpl.java:setRole(171)) - f843f5bb-a2db-4471-a48c-08a4c9de360c:group-DC34E9B0DA69 changes role from null to FOLLOWER at term 0 for startAsFollower
2019-07-13 14:47:02,685 INFO  impl.RoleInfo (RoleInfo.java:updateAndGet(143)) - f843f5bb-a2db-4471-a48c-08a4c9de360c: start FollowerState
2019-07-13 14:47:02,686 INFO  util.JmxRegister (JmxRegister.java:tryRegister(44)) - Successfully registered JMX Bean with object name Ratis:service=RaftServer,group=group-DC34E9B0DA69,id=f843f5bb-a2db-4471-a48c-08a4c9de360c
2019-07-13 14:47:02,688 INFO  pipeline.PipelineStateManager (PipelineStateManager.java:addPipeline(56)) - Created pipeline Pipeline[ Id: f8b868e7-0edf-45e4-9d02-dc34e9b0da69, Nodes: f843f5bb-a2db-4471-a48c-08a4c9de360c{ip: 192.168.5.172, host: trunk-nightly-mhs6z-4061744966, networkLocation: /default-rack, certSerialId: null}, Type:RATIS, Factor:ONE, State:OPEN]
2019-07-13 14:47:02,868 INFO  node.SCMNodeManager (SCMNodeManager.java:register(269)) - Registered Data node : 5ef6f3f4-ea78-4651-8571-2de0b846f909{ip: 192.168.5.172, host: trunk-nightly-mhs6z-4061744966, networkLocation: /default-rack, certSerialId: null}
2019-07-13 14:47:02,902 INFO  impl.RaftServerProxy (RaftServerProxy.java:addNew(89)) - 5ef6f3f4-ea78-4651-8571-2de0b846f909: addNew group-C936AAFB7D3B:[5ef6f3f4-ea78-4651-8571-2de0b846f909:192.168.5.172:43918] returns group-C936AAFB7D3B:java.util.concurrent.CompletableFuture@1e4effc3[Not completed]
2019-07-13 14:47:02,904 INFO  impl.RaftServerImpl (RaftServerImpl.java:<init>(93)) - 5ef6f3f4-ea78-4651-8571-2de0b846f909: new RaftServerImpl for group-C936AAFB7D3B:[5ef6f3f4-ea78-4651-8571-2de0b846f909:192.168.5.172:43918] with ContainerStateMachine:uninitialized
2019-07-13 14:47:02,904 INFO  server.RaftServerConfigKeys (ConfUtils.java:logGet(43)) - raft.server.rpc.timeout.min = 5s (custom)
2019-07-13 14:47:02,905 INFO  server.RaftServerConfigKeys (ConfUtils.java:logGet(43)) - raft.server.rpc.timeout.max = 5200ms (custom)
2019-07-13 14:47:02,905 INFO  server.RaftServerConfigKeys (ConfUtils.java:logGet(43)) - raft.server.rpcslowness.timeout = 120s (custom)
2019-07-13 14:47:02,905 INFO  server.RaftServerConfigKeys (ConfUtils.java:logGet(43)) - raft.server.sleep.deviation.threshold = 300 (default)
2019-07-13 14:47:02,905 INFO  server.RaftServerConfigKeys (ConfUtils.java:logGet(43)) - raft.server.log.appender.install.snapshot.enabled = false (custom)
2019-07-13 14:47:02,905 INFO  impl.RaftServerImpl (ServerState.java:<init>(105)) - 5ef6f3f4-ea78-4651-8571-2de0b846f909:group-C936AAFB7D3B ConfigurationManager, init=-1: [5ef6f3f4-ea78-4651-8571-2de0b846f909:192.168.5.172:43918], old=null, confs=<EMPTY_MAP>
2019-07-13 14:47:02,905 INFO  server.RaftServerConfigKeys (ConfUtils.java:logGet(43)) - raft.server.storage.dir = [/tmp/workdir/hadoop-ozone/integration-test/target/test-dir/MiniOzoneClusterImpl-b5de90c5-b484-4e33-801d-b03755977809/datanode-5/data/ratis] (custom)
2019-07-13 14:47:02,906 INFO  storage.RaftStorageDirectory (RaftStorageDirectory.java:analyzeStorage(246)) - The storage directory /tmp/workdir/hadoop-ozone/integration-test/target/test-dir/MiniOzoneClusterImpl-b5de90c5-b484-4e33-801d-b03755977809/datanode-5/data/ratis/7b30ab18-d657-4737-a829-c936aafb7d3b does not exist. Creating ...
2019-07-13 14:47:02,911 INFO  storage.RaftStorageDirectory (RaftStorageDirectory.java:tryLock(328)) - Lock on /tmp/workdir/hadoop-ozone/integration-test/target/test-dir/MiniOzoneClusterImpl-b5de90c5-b484-4e33-801d-b03755977809/datanode-5/data/ratis/7b30ab18-d657-4737-a829-c936aafb7d3b/in_use.lock acquired by nodename 27998@trunk-nightly-mhs6z-4061744966
2019-07-13 14:47:02,915 INFO  storage.RaftStorage (RaftStorage.java:format(72)) - Storage directory /tmp/workdir/hadoop-ozone/integration-test/target/test-dir/MiniOzoneClusterImpl-b5de90c5-b484-4e33-801d-b03755977809/datanode-5/data/ratis/7b30ab18-d657-4737-a829-c936aafb7d3b has been successfully formatted.
2019-07-13 14:47:02,916 INFO  ratis.ContainerStateMachine (ContainerStateMachine.java:loadSnapshot(200)) - The snapshot info is null.Setting the last applied index to:(t:0, i:~)
2019-07-13 14:47:02,916 INFO  server.RaftServerConfigKeys (ConfUtils.java:logGet(43)) - raft.server.leader.election.timeout = 120s (custom)
2019-07-13 14:47:02,916 INFO  server.RaftServerConfigKeys (ConfUtils.java:logGet(43)) - raft.server.log.use.memory = false (default)
2019-07-13 14:47:02,916 INFO  server.RaftServerConfigKeys (ConfUtils.java:logGet(43)) - raft.server.log.purge.gap = 1000000000 (custom)
2019-07-13 14:47:02,917 INFO  server.RaftServerConfigKeys (ConfUtils.java:logGet(43)) - raft.server.log.appender.buffer.byte-limit = 33554432 (custom)
2019-07-13 14:47:02,917 INFO  server.RaftServerConfigKeys (ConfUtils.java:logGet(43)) - raft.server.log.segment.size.max = 1048576 (custom)
2019-07-13 14:47:02,917 INFO  server.RaftServerConfigKeys (ConfUtils.java:logGet(43)) - raft.server.log.segment.cache.num.max = 2 (custom)
2019-07-13 14:47:02,917 INFO  segmented.SegmentedRaftLogWorker (SegmentedRaftLogWorker.java:<init>(172)) - new 5ef6f3f4-ea78-4651-8571-2de0b846f909-SegmentedRaftLogWorker:Storage Directory /tmp/workdir/hadoop-ozone/integration-test/target/test-dir/MiniOzoneClusterImpl-b5de90c5-b484-4e33-801d-b03755977809/datanode-5/data/ratis/7b30ab18-d657-4737-a829-c936aafb7d3b for RaftStorage:Storage Directory /tmp/workdir/hadoop-ozone/integration-test/target/test-dir/MiniOzoneClusterImpl-b5de90c5-b484-4e33-801d-b03755977809/datanode-5/data/ratis/7b30ab18-d657-4737-a829-c936aafb7d3b
2019-07-13 14:47:02,917 INFO  server.RaftServerConfigKeys (ConfUtils.java:logGet(43)) - raft.server.log.queue.byte-limit = 2147483647 (custom)
2019-07-13 14:47:02,918 INFO  server.RaftServerConfigKeys (ConfUtils.java:logGet(43)) - raft.server.log.queue.element-limit = 1024 (custom)
2019-07-13 14:47:02,918 INFO  server.RaftServerConfigKeys (ConfUtils.java:logGet(43)) - raft.server.log.segment.size.max = 1048576 (custom)
2019-07-13 14:47:02,918 INFO  server.RaftServerConfigKeys (ConfUtils.java:logGet(43)) - raft.server.log.preallocated.size = 16384 (custom)
2019-07-13 14:47:02,918 INFO  server.RaftServerConfigKeys (ConfUtils.java:logGet(43)) - raft.server.log.write.buffer.size = 33554432 (custom)
2019-07-13 14:47:02,919 INFO  server.RaftServerConfigKeys (ConfUtils.java:logGet(43)) - raft.server.log.force.sync.num = 128 (default)
2019-07-13 14:47:02,919 INFO  server.RaftServerConfigKeys (ConfUtils.java:logGet(43)) - raft.server.log.statemachine.data.sync = true (default)
2019-07-13 14:47:02,919 INFO  server.RaftServerConfigKeys (ConfUtils.java:logGet(43)) - raft.server.log.statemachine.data.sync.timeout = 10s (default)
2019-07-13 14:47:02,919 INFO  server.RaftServerConfigKeys (ConfUtils.java:logGet(43)) - raft.server.log.statemachine.data.sync.timeout.retry = -1 (default)
2019-07-13 14:47:02,920 INFO  server.RaftServerConfigKeys (ConfUtils.java:logGet(43)) - raft.server.log.statemachine.data.caching.enabled = true (custom)
2019-07-13 14:47:02,920 INFO  segmented.SegmentedRaftLogWorker (SegmentedRaftLogWorker.java:lambda$new$0(132)) - 5ef6f3f4-ea78-4651-8571-2de0b846f909-SegmentedRaftLogWorker:Storage Directory /tmp/workdir/hadoop-ozone/integration-test/target/test-dir/MiniOzoneClusterImpl-b5de90c5-b484-4e33-801d-b03755977809/datanode-5/data/ratis/7b30ab18-d657-4737-a829-c936aafb7d3b: flushIndex: setUnconditionally 0 -> -1
2019-07-13 14:47:02,920 INFO  server.RaftServerConfigKeys (ConfUtils.java:logGet(43)) - raft.server.snapshot.auto.trigger.enabled = true (custom)
2019-07-13 14:47:02,921 INFO  server.RaftServerConfigKeys (ConfUtils.java:logGet(43)) - raft.server.snapshot.auto.trigger.threshold = 10000 (custom)
2019-07-13 14:47:02,921 INFO  server.RaftServerConfigKeys (ConfUtils.java:logGet(43)) - raft.server.retrycache.expirytime = 600000ms (custom)
2019-07-13 14:47:02,921 INFO  impl.RaftServerImpl (RaftServerImpl.java:start(180)) - 5ef6f3f4-ea78-4651-8571-2de0b846f909: start group-C936AAFB7D3B
2019-07-13 14:47:02,921 INFO  impl.RaftServerImpl (RaftServerImpl.java:setRole(171)) - 5ef6f3f4-ea78-4651-8571-2de0b846f909:group-C936AAFB7D3B changes role from null to FOLLOWER at term 0 for startAsFollower
2019-07-13 14:47:02,921 INFO  impl.RoleInfo (RoleInfo.java:updateAndGet(143)) - 5ef6f3f4-ea78-4651-8571-2de0b846f909: start FollowerState
2019-07-13 14:47:02,922 INFO  util.JmxRegister (JmxRegister.java:tryRegister(44)) - Successfully registered JMX Bean with object name Ratis:service=RaftServer,group=group-C936AAFB7D3B,id=5ef6f3f4-ea78-4651-8571-2de0b846f909
2019-07-13 14:47:02,925 INFO  pipeline.PipelineStateManager (PipelineStateManager.java:addPipeline(56)) - Created pipeline Pipeline[ Id: 7b30ab18-d657-4737-a829-c936aafb7d3b, Nodes: 5ef6f3f4-ea78-4651-8571-2de0b846f909{ip: 192.168.5.172, host: trunk-nightly-mhs6z-4061744966, networkLocation: /default-rack, certSerialId: null}, Type:RATIS, Factor:ONE, State:OPEN]
2019-07-13 14:47:02,947 INFO  impl.RaftServerProxy (RaftServerProxy.java:addNew(89)) - f843f5bb-a2db-4471-a48c-08a4c9de360c: addNew group-269BFC7A5953:[0bdd9968-2d86-4240-beed-cd66aabfe01b:192.168.5.172:37589, 5ef6f3f4-ea78-4651-8571-2de0b846f909:192.168.5.172:43918, f843f5bb-a2db-4471-a48c-08a4c9de360c:192.168.5.172:45729] returns group-269BFC7A5953:java.util.concurrent.CompletableFuture@d2b586f[Not completed]
2019-07-13 14:47:02,947 INFO  impl.RaftServerProxy (RaftServerProxy.java:addNew(89)) - 5ef6f3f4-ea78-4651-8571-2de0b846f909: addNew group-269BFC7A5953:[0bdd9968-2d86-4240-beed-cd66aabfe01b:192.168.5.172:37589, 5ef6f3f4-ea78-4651-8571-2de0b846f909:192.168.5.172:43918, f843f5bb-a2db-4471-a48c-08a4c9de360c:192.168.5.172:45729] returns group-269BFC7A5953:java.util.concurrent.CompletableFuture@6ac53d1b[Not completed]
2019-07-13 14:47:02,947 INFO  impl.RaftServerProxy (RaftServerProxy.java:addNew(89)) - 0bdd9968-2d86-4240-beed-cd66aabfe01b: addNew group-269BFC7A5953:[0bdd9968-2d86-4240-beed-cd66aabfe01b:192.168.5.172:37589, 5ef6f3f4-ea78-4651-8571-2de0b846f909:192.168.5.172:43918, f843f5bb-a2db-4471-a48c-08a4c9de360c:192.168.5.172:45729] returns group-269BFC7A5953:java.util.concurrent.CompletableFuture@641a39b9[Not completed]
2019-07-13 14:47:02,948 INFO  impl.RaftServerImpl (RaftServerImpl.java:<init>(93)) - f843f5bb-a2db-4471-a48c-08a4c9de360c: new RaftServerImpl for group-269BFC7A5953:[0bdd9968-2d86-4240-beed-cd66aabfe01b:192.168.5.172:37589, 5ef6f3f4-ea78-4651-8571-2de0b846f909:192.168.5.172:43918, f843f5bb-a2db-4471-a48c-08a4c9de360c:192.168.5.172:45729] with ContainerStateMachine:uninitialized
2019-07-13 14:47:02,948 INFO  server.RaftServerConfigKeys (ConfUtils.java:logGet(43)) - raft.server.rpc.timeout.min = 5s (custom)
2019-07-13 14:47:02,948 INFO  server.RaftServerConfigKeys (ConfUtils.java:logGet(43)) - raft.server.rpc.timeout.max = 5200ms (custom)
2019-07-13 14:47:02,948 INFO  server.RaftServerConfigKeys (ConfUtils.java:logGet(43)) - raft.server.rpcslowness.timeout = 120s (custom)
2019-07-13 14:47:02,948 INFO  server.RaftServerConfigKeys (ConfUtils.java:logGet(43)) - raft.server.sleep.deviation.threshold = 300 (default)
2019-07-13 14:47:02,949 INFO  server.RaftServerConfigKeys (ConfUtils.java:logGet(43)) - raft.server.log.appender.install.snapshot.enabled = false (custom)
2019-07-13 14:47:02,949 INFO  impl.RaftServerImpl (RaftServerImpl.java:<init>(93)) - 5ef6f3f4-ea78-4651-8571-2de0b846f909: new RaftServerImpl for group-269BFC7A5953:[0bdd9968-2d86-4240-beed-cd66aabfe01b:192.168.5.172:37589, 5ef6f3f4-ea78-4651-8571-2de0b846f909:192.168.5.172:43918, f843f5bb-a2db-4471-a48c-08a4c9de360c:192.168.5.172:45729] with ContainerStateMachine:uninitialized
2019-07-13 14:47:02,949 INFO  impl.RaftServerImpl (ServerState.java:<init>(105)) - f843f5bb-a2db-4471-a48c-08a4c9de360c:group-269BFC7A5953 ConfigurationManager, init=-1: [0bdd9968-2d86-4240-beed-cd66aabfe01b:192.168.5.172:37589, 5ef6f3f4-ea78-4651-8571-2de0b846f909:192.168.5.172:43918, f843f5bb-a2db-4471-a48c-08a4c9de360c:192.168.5.172:45729], old=null, confs=<EMPTY_MAP>
2019-07-13 14:47:02,949 INFO  server.RaftServerConfigKeys (ConfUtils.java:logGet(43)) - raft.server.rpc.timeout.min = 5s (custom)
2019-07-13 14:47:02,949 INFO  server.RaftServerConfigKeys (ConfUtils.java:logGet(43)) - raft.server.storage.dir = [/tmp/workdir/hadoop-ozone/integration-test/target/test-dir/MiniOzoneClusterImpl-b5de90c5-b484-4e33-801d-b03755977809/datanode-4/data/ratis] (custom)
2019-07-13 14:47:02,949 INFO  impl.RaftServerImpl (RaftServerImpl.java:<init>(93)) - 0bdd9968-2d86-4240-beed-cd66aabfe01b: new RaftServerImpl for group-269BFC7A5953:[0bdd9968-2d86-4240-beed-cd66aabfe01b:192.168.5.172:37589, 5ef6f3f4-ea78-4651-8571-2de0b846f909:192.168.5.172:43918, f843f5bb-a2db-4471-a48c-08a4c9de360c:192.168.5.172:45729] with ContainerStateMachine:uninitialized
2019-07-13 14:47:02,949 INFO  server.RaftServerConfigKeys (ConfUtils.java:logGet(43)) - raft.server.rpc.timeout.max = 5200ms (custom)
2019-07-13 14:47:02,949 INFO  server.RaftServerConfigKeys (ConfUtils.java:logGet(43)) - raft.server.rpc.timeout.min = 5s (custom)
2019-07-13 14:47:02,950 INFO  storage.RaftStorageDirectory (RaftStorageDirectory.java:analyzeStorage(246)) - The storage directory /tmp/workdir/hadoop-ozone/integration-test/target/test-dir/MiniOzoneClusterImpl-b5de90c5-b484-4e33-801d-b03755977809/datanode-4/data/ratis/1fa640f2-37ea-4c46-9870-269bfc7a5953 does not exist. Creating ...
2019-07-13 14:47:02,950 INFO  server.RaftServerConfigKeys (ConfUtils.java:logGet(43)) - raft.server.rpc.timeout.max = 5200ms (custom)
2019-07-13 14:47:02,950 INFO  server.RaftServerConfigKeys (ConfUtils.java:logGet(43)) - raft.server.rpcslowness.timeout = 120s (custom)
2019-07-13 14:47:02,950 INFO  server.RaftServerConfigKeys (ConfUtils.java:logGet(43)) - raft.server.rpcslowness.timeout = 120s (custom)
2019-07-13 14:47:02,950 INFO  server.RaftServerConfigKeys (ConfUtils.java:logGet(43)) - raft.server.sleep.deviation.threshold = 300 (default)
2019-07-13 14:47:02,950 INFO  server.RaftServerConfigKeys (ConfUtils.java:logGet(43)) - raft.server.sleep.deviation.threshold = 300 (default)
2019-07-13 14:47:02,951 INFO  server.RaftServerConfigKeys (ConfUtils.java:logGet(43)) - raft.server.log.appender.install.snapshot.enabled = false (custom)
2019-07-13 14:47:02,951 INFO  server.RaftServerConfigKeys (ConfUtils.java:logGet(43)) - raft.server.log.appender.install.snapshot.enabled = false (custom)
2019-07-13 14:47:02,951 INFO  impl.RaftServerImpl (ServerState.java:<init>(105)) - 5ef6f3f4-ea78-4651-8571-2de0b846f909:group-269BFC7A5953 ConfigurationManager, init=-1: [0bdd9968-2d86-4240-beed-cd66aabfe01b:192.168.5.172:37589, 5ef6f3f4-ea78-4651-8571-2de0b846f909:192.168.5.172:43918, f843f5bb-a2db-4471-a48c-08a4c9de360c:192.168.5.172:45729], old=null, confs=<EMPTY_MAP>
2019-07-13 14:47:02,951 INFO  impl.RaftServerImpl (ServerState.java:<init>(105)) - 0bdd9968-2d86-4240-beed-cd66aabfe01b:group-269BFC7A5953 ConfigurationManager, init=-1: [0bdd9968-2d86-4240-beed-cd66aabfe01b:192.168.5.172:37589, 5ef6f3f4-ea78-4651-8571-2de0b846f909:192.168.5.172:43918, f843f5bb-a2db-4471-a48c-08a4c9de360c:192.168.5.172:45729], old=null, confs=<EMPTY_MAP>
2019-07-13 14:47:02,951 INFO  server.RaftServerConfigKeys (ConfUtils.java:logGet(43)) - raft.server.storage.dir = [/tmp/workdir/hadoop-ozone/integration-test/target/test-dir/MiniOzoneClusterImpl-b5de90c5-b484-4e33-801d-b03755977809/datanode-5/data/ratis] (custom)
2019-07-13 14:47:02,951 INFO  server.RaftServerConfigKeys (ConfUtils.java:logGet(43)) - raft.server.storage.dir = [/tmp/workdir/hadoop-ozone/integration-test/target/test-dir/MiniOzoneClusterImpl-b5de90c5-b484-4e33-801d-b03755977809/datanode-3/data/ratis] (custom)
2019-07-13 14:47:02,952 INFO  storage.RaftStorageDirectory (RaftStorageDirectory.java:analyzeStorage(246)) - The storage directory /tmp/workdir/hadoop-ozone/integration-test/target/test-dir/MiniOzoneClusterImpl-b5de90c5-b484-4e33-801d-b03755977809/datanode-5/data/ratis/1fa640f2-37ea-4c46-9870-269bfc7a5953 does not exist. Creating ...
2019-07-13 14:47:02,952 INFO  storage.RaftStorageDirectory (RaftStorageDirectory.java:analyzeStorage(246)) - The storage directory /tmp/workdir/hadoop-ozone/integration-test/target/test-dir/MiniOzoneClusterImpl-b5de90c5-b484-4e33-801d-b03755977809/datanode-3/data/ratis/1fa640f2-37ea-4c46-9870-269bfc7a5953 does not exist. Creating ...
2019-07-13 14:47:02,953 INFO  storage.RaftStorageDirectory (RaftStorageDirectory.java:tryLock(328)) - Lock on /tmp/workdir/hadoop-ozone/integration-test/target/test-dir/MiniOzoneClusterImpl-b5de90c5-b484-4e33-801d-b03755977809/datanode-4/data/ratis/1fa640f2-37ea-4c46-9870-269bfc7a5953/in_use.lock acquired by nodename 27998@trunk-nightly-mhs6z-4061744966
2019-07-13 14:47:02,956 INFO  storage.RaftStorageDirectory (RaftStorageDirectory.java:tryLock(328)) - Lock on /tmp/workdir/hadoop-ozone/integration-test/target/test-dir/MiniOzoneClusterImpl-b5de90c5-b484-4e33-801d-b03755977809/datanode-3/data/ratis/1fa640f2-37ea-4c46-9870-269bfc7a5953/in_use.lock acquired by nodename 27998@trunk-nightly-mhs6z-4061744966
2019-07-13 14:47:02,956 INFO  storage.RaftStorageDirectory (RaftStorageDirectory.java:tryLock(328)) - Lock on /tmp/workdir/hadoop-ozone/integration-test/target/test-dir/MiniOzoneClusterImpl-b5de90c5-b484-4e33-801d-b03755977809/datanode-5/data/ratis/1fa640f2-37ea-4c46-9870-269bfc7a5953/in_use.lock acquired by nodename 27998@trunk-nightly-mhs6z-4061744966
2019-07-13 14:47:02,960 INFO  storage.RaftStorage (RaftStorage.java:format(72)) - Storage directory /tmp/workdir/hadoop-ozone/integration-test/target/test-dir/MiniOzoneClusterImpl-b5de90c5-b484-4e33-801d-b03755977809/datanode-4/data/ratis/1fa640f2-37ea-4c46-9870-269bfc7a5953 has been successfully formatted.
2019-07-13 14:47:02,960 INFO  ratis.ContainerStateMachine (ContainerStateMachine.java:loadSnapshot(200)) - The snapshot info is null.Setting the last applied index to:(t:0, i:~)
2019-07-13 14:47:02,960 INFO  server.RaftServerConfigKeys (ConfUtils.java:logGet(43)) - raft.server.leader.election.timeout = 120s (custom)
2019-07-13 14:47:02,960 INFO  server.RaftServerConfigKeys (ConfUtils.java:logGet(43)) - raft.server.log.use.memory = false (default)
2019-07-13 14:47:02,960 INFO  server.RaftServerConfigKeys (ConfUtils.java:logGet(43)) - raft.server.log.purge.gap = 1000000000 (custom)
2019-07-13 14:47:02,961 INFO  server.RaftServerConfigKeys (ConfUtils.java:logGet(43)) - raft.server.log.appender.buffer.byte-limit = 33554432 (custom)
2019-07-13 14:47:02,961 INFO  server.RaftServerConfigKeys (ConfUtils.java:logGet(43)) - raft.server.log.segment.size.max = 1048576 (custom)
2019-07-13 14:47:02,961 INFO  server.RaftServerConfigKeys (ConfUtils.java:logGet(43)) - raft.server.log.segment.cache.num.max = 2 (custom)
2019-07-13 14:47:02,961 INFO  segmented.SegmentedRaftLogWorker (SegmentedRaftLogWorker.java:<init>(172)) - new f843f5bb-a2db-4471-a48c-08a4c9de360c-SegmentedRaftLogWorker:Storage Directory /tmp/workdir/hadoop-ozone/integration-test/target/test-dir/MiniOzoneClusterImpl-b5de90c5-b484-4e33-801d-b03755977809/datanode-4/data/ratis/1fa640f2-37ea-4c46-9870-269bfc7a5953 for RaftStorage:Storage Directory /tmp/workdir/hadoop-ozone/integration-test/target/test-dir/MiniOzoneClusterImpl-b5de90c5-b484-4e33-801d-b03755977809/datanode-4/data/ratis/1fa640f2-37ea-4c46-9870-269bfc7a5953
2019-07-13 14:47:02,961 INFO  server.RaftServerConfigKeys (ConfUtils.java:logGet(43)) - raft.server.log.queue.byte-limit = 2147483647 (custom)
2019-07-13 14:47:02,961 INFO  server.RaftServerConfigKeys (ConfUtils.java:logGet(43)) - raft.server.log.queue.element-limit = 1024 (custom)
2019-07-13 14:47:02,962 INFO  server.RaftServerConfigKeys (ConfUtils.java:logGet(43)) - raft.server.log.segment.size.max = 1048576 (custom)
2019-07-13 14:47:02,962 INFO  server.RaftServerConfigKeys (ConfUtils.java:logGet(43)) - raft.server.log.preallocated.size = 16384 (custom)
2019-07-13 14:47:02,962 INFO  storage.RaftStorage (RaftStorage.java:format(72)) - Storage directory /tmp/workdir/hadoop-ozone/integration-test/target/test-dir/MiniOzoneClusterImpl-b5de90c5-b484-4e33-801d-b03755977809/datanode-3/data/ratis/1fa640f2-37ea-4c46-9870-269bfc7a5953 has been successfully formatted.
2019-07-13 14:47:02,962 INFO  storage.RaftStorage (RaftStorage.java:format(72)) - Storage directory /tmp/workdir/hadoop-ozone/integration-test/target/test-dir/MiniOzoneClusterImpl-b5de90c5-b484-4e33-801d-b03755977809/datanode-5/data/ratis/1fa640f2-37ea-4c46-9870-269bfc7a5953 has been successfully formatted.
2019-07-13 14:47:02,962 INFO  ratis.ContainerStateMachine (ContainerStateMachine.java:loadSnapshot(200)) - The snapshot info is null.Setting the last applied index to:(t:0, i:~)
2019-07-13 14:47:02,962 INFO  ratis.ContainerStateMachine (ContainerStateMachine.java:loadSnapshot(200)) - The snapshot info is null.Setting the last applied index to:(t:0, i:~)
2019-07-13 14:47:02,962 INFO  server.RaftServerConfigKeys (ConfUtils.java:logGet(43)) - raft.server.log.write.buffer.size = 33554432 (custom)
2019-07-13 14:47:02,962 INFO  server.RaftServerConfigKeys (ConfUtils.java:logGet(43)) - raft.server.leader.election.timeout = 120s (custom)
2019-07-13 14:47:02,962 INFO  server.RaftServerConfigKeys (ConfUtils.java:logGet(43)) - raft.server.leader.election.timeout = 120s (custom)
2019-07-13 14:47:02,963 INFO  server.RaftServerConfigKeys (ConfUtils.java:logGet(43)) - raft.server.log.use.memory = false (default)
2019-07-13 14:47:02,963 INFO  server.RaftServerConfigKeys (ConfUtils.java:logGet(43)) - raft.server.log.purge.gap = 1000000000 (custom)
2019-07-13 14:47:02,963 INFO  server.RaftServerConfigKeys (ConfUtils.java:logGet(43)) - raft.server.log.force.sync.num = 128 (default)
2019-07-13 14:47:02,963 INFO  server.RaftServerConfigKeys (ConfUtils.java:logGet(43)) - raft.server.log.appender.buffer.byte-limit = 33554432 (custom)
2019-07-13 14:47:02,964 INFO  server.RaftServerConfigKeys (ConfUtils.java:logGet(43)) - raft.server.log.segment.size.max = 1048576 (custom)
2019-07-13 14:47:02,963 INFO  server.RaftServerConfigKeys (ConfUtils.java:logGet(43)) - raft.server.log.use.memory = false (default)
2019-07-13 14:47:02,964 INFO  server.RaftServerConfigKeys (ConfUtils.java:logGet(43)) - raft.server.log.segment.cache.num.max = 2 (custom)
2019-07-13 14:47:02,964 INFO  segmented.SegmentedRaftLogWorker (SegmentedRaftLogWorker.java:<init>(172)) - new 5ef6f3f4-ea78-4651-8571-2de0b846f909-SegmentedRaftLogWorker:Storage Directory /tmp/workdir/hadoop-ozone/integration-test/target/test-dir/MiniOzoneClusterImpl-b5de90c5-b484-4e33-801d-b03755977809/datanode-5/data/ratis/1fa640f2-37ea-4c46-9870-269bfc7a5953 for RaftStorage:Storage Directory /tmp/workdir/hadoop-ozone/integration-test/target/test-dir/MiniOzoneClusterImpl-b5de90c5-b484-4e33-801d-b03755977809/datanode-5/data/ratis/1fa640f2-37ea-4c46-9870-269bfc7a5953
2019-07-13 14:47:02,963 INFO  server.RaftServerConfigKeys (ConfUtils.java:logGet(43)) - raft.server.log.statemachine.data.sync = true (default)
2019-07-13 14:47:02,964 INFO  server.RaftServerConfigKeys (ConfUtils.java:logGet(43)) - raft.server.log.queue.byte-limit = 2147483647 (custom)
2019-07-13 14:47:02,964 INFO  server.RaftServerConfigKeys (ConfUtils.java:logGet(43)) - raft.server.log.purge.gap = 1000000000 (custom)
2019-07-13 14:47:02,965 INFO  server.RaftServerConfigKeys (ConfUtils.java:logGet(43)) - raft.server.log.queue.element-limit = 1024 (custom)
2019-07-13 14:47:02,964 INFO  server.RaftServerConfigKeys (ConfUtils.java:logGet(43)) - raft.server.log.statemachine.data.sync.timeout = 10s (default)
2019-07-13 14:47:02,965 INFO  server.RaftServerConfigKeys (ConfUtils.java:logGet(43)) - raft.server.log.segment.size.max = 1048576 (custom)
2019-07-13 14:47:02,965 INFO  server.RaftServerConfigKeys (ConfUtils.java:logGet(43)) - raft.server.log.appender.buffer.byte-limit = 33554432 (custom)
2019-07-13 14:47:02,965 INFO  server.RaftServerConfigKeys (ConfUtils.java:logGet(43)) - raft.server.log.preallocated.size = 16384 (custom)
2019-07-13 14:47:02,966 INFO  server.RaftServerConfigKeys (ConfUtils.java:logGet(43)) - raft.server.log.write.buffer.size = 33554432 (custom)
2019-07-13 14:47:02,965 INFO  server.RaftServerConfigKeys (ConfUtils.java:logGet(43)) - raft.server.log.statemachine.data.sync.timeout.retry = -1 (default)
2019-07-13 14:47:02,966 INFO  server.RaftServerConfigKeys (ConfUtils.java:logGet(43)) - raft.server.log.force.sync.num = 128 (default)
2019-07-13 14:47:02,966 INFO  server.RaftServerConfigKeys (ConfUtils.java:logGet(43)) - raft.server.log.statemachine.data.sync = true (default)
2019-07-13 14:47:02,966 INFO  server.RaftServerConfigKeys (ConfUtils.java:logGet(43)) - raft.server.log.segment.size.max = 1048576 (custom)
2019-07-13 14:47:02,966 INFO  server.RaftServerConfigKeys (ConfUtils.java:logGet(43)) - raft.server.log.statemachine.data.sync.timeout = 10s (default)
2019-07-13 14:47:02,966 INFO  server.RaftServerConfigKeys (ConfUtils.java:logGet(43)) - raft.server.log.statemachine.data.caching.enabled = true (custom)
2019-07-13 14:47:02,967 INFO  server.RaftServerConfigKeys (ConfUtils.java:logGet(43)) - raft.server.log.statemachine.data.sync.timeout.retry = -1 (default)
2019-07-13 14:47:02,967 INFO  server.RaftServerConfigKeys (ConfUtils.java:logGet(43)) - raft.server.log.segment.cache.num.max = 2 (custom)
2019-07-13 14:47:02,967 INFO  server.RaftServerConfigKeys (ConfUtils.java:logGet(43)) - raft.server.log.statemachine.data.caching.enabled = true (custom)
2019-07-13 14:47:02,967 INFO  segmented.SegmentedRaftLogWorker (SegmentedRaftLogWorker.java:lambda$new$0(132)) - f843f5bb-a2db-4471-a48c-08a4c9de360c-SegmentedRaftLogWorker:Storage Directory /tmp/workdir/hadoop-ozone/integration-test/target/test-dir/MiniOzoneClusterImpl-b5de90c5-b484-4e33-801d-b03755977809/datanode-4/data/ratis/1fa640f2-37ea-4c46-9870-269bfc7a5953: flushIndex: setUnconditionally 0 -> -1
2019-07-13 14:47:02,967 INFO  segmented.SegmentedRaftLogWorker (SegmentedRaftLogWorker.java:<init>(172)) - new 0bdd9968-2d86-4240-beed-cd66aabfe01b-SegmentedRaftLogWorker:Storage Directory /tmp/workdir/hadoop-ozone/integration-test/target/test-dir/MiniOzoneClusterImpl-b5de90c5-b484-4e33-801d-b03755977809/datanode-3/data/ratis/1fa640f2-37ea-4c46-9870-269bfc7a5953 for RaftStorage:Storage Directory /tmp/workdir/hadoop-ozone/integration-test/target/test-dir/MiniOzoneClusterImpl-b5de90c5-b484-4e33-801d-b03755977809/datanode-3/data/ratis/1fa640f2-37ea-4c46-9870-269bfc7a5953
2019-07-13 14:47:02,968 INFO  segmented.SegmentedRaftLogWorker (SegmentedRaftLogWorker.java:lambda$new$0(132)) - 5ef6f3f4-ea78-4651-8571-2de0b846f909-SegmentedRaftLogWorker:Storage Directory /tmp/workdir/hadoop-ozone/integration-test/target/test-dir/MiniOzoneClusterImpl-b5de90c5-b484-4e33-801d-b03755977809/datanode-5/data/ratis/1fa640f2-37ea-4c46-9870-269bfc7a5953: flushIndex: setUnconditionally 0 -> -1
2019-07-13 14:47:02,968 INFO  server.RaftServerConfigKeys (ConfUtils.java:logGet(43)) - raft.server.snapshot.auto.trigger.enabled = true (custom)
2019-07-13 14:47:02,968 INFO  server.RaftServerConfigKeys (ConfUtils.java:logGet(43)) - raft.server.log.queue.byte-limit = 2147483647 (custom)
2019-07-13 14:47:02,968 INFO  server.RaftServerConfigKeys (ConfUtils.java:logGet(43)) - raft.server.snapshot.auto.trigger.enabled = true (custom)
2019-07-13 14:47:02,968 INFO  server.RaftServerConfigKeys (ConfUtils.java:logGet(43)) - raft.server.snapshot.auto.trigger.threshold = 10000 (custom)
2019-07-13 14:47:02,968 INFO  server.RaftServerConfigKeys (ConfUtils.java:logGet(43)) - raft.server.snapshot.auto.trigger.threshold = 10000 (custom)
2019-07-13 14:47:02,968 INFO  server.RaftServerConfigKeys (ConfUtils.java:logGet(43)) - raft.server.log.queue.element-limit = 1024 (custom)
2019-07-13 14:47:02,969 INFO  server.RaftServerConfigKeys (ConfUtils.java:logGet(43)) - raft.server.retrycache.expirytime = 600000ms (custom)
2019-07-13 14:47:02,969 INFO  server.RaftServerConfigKeys (ConfUtils.java:logGet(43)) - raft.server.retrycache.expirytime = 600000ms (custom)
2019-07-13 14:47:02,969 INFO  impl.RaftServerImpl (RaftServerImpl.java:start(180)) - 5ef6f3f4-ea78-4651-8571-2de0b846f909: start group-269BFC7A5953
2019-07-13 14:47:02,969 INFO  impl.RaftServerImpl (RaftServerImpl.java:setRole(171)) - 5ef6f3f4-ea78-4651-8571-2de0b846f909:group-269BFC7A5953 changes role from null to FOLLOWER at term 0 for startAsFollower
2019-07-13 14:47:02,969 INFO  server.RaftServerConfigKeys (ConfUtils.java:logGet(43)) - raft.server.log.segment.size.max = 1048576 (custom)
2019-07-13 14:47:02,970 INFO  impl.RoleInfo (RoleInfo.java:updateAndGet(143)) - 5ef6f3f4-ea78-4651-8571-2de0b846f909: start FollowerState
2019-07-13 14:47:02,969 INFO  impl.RaftServerImpl (RaftServerImpl.java:start(180)) - f843f5bb-a2db-4471-a48c-08a4c9de360c: start group-269BFC7A5953
2019-07-13 14:47:02,970 INFO  server.RaftServerConfigKeys (ConfUtils.java:logGet(43)) - raft.server.log.preallocated.size = 16384 (custom)
2019-07-13 14:47:02,970 INFO  util.JmxRegister (JmxRegister.java:tryRegister(44)) - Successfully registered JMX Bean with object name Ratis:service=RaftServer,group=group-269BFC7A5953,id=5ef6f3f4-ea78-4651-8571-2de0b846f909
2019-07-13 14:47:02,970 INFO  impl.RaftServerImpl (RaftServerImpl.java:setRole(171)) - f843f5bb-a2db-4471-a48c-08a4c9de360c:group-269BFC7A5953 changes role from null to FOLLOWER at term 0 for startAsFollower
2019-07-13 14:47:02,970 INFO  server.RaftServerConfigKeys (ConfUtils.java:logGet(43)) - raft.server.log.write.buffer.size = 33554432 (custom)
2019-07-13 14:47:02,971 INFO  impl.RoleInfo (RoleInfo.java:updateAndGet(143)) - f843f5bb-a2db-4471-a48c-08a4c9de360c: start FollowerState
2019-07-13 14:47:02,971 INFO  server.RaftServerConfigKeys (ConfUtils.java:logGet(43)) - raft.server.log.force.sync.num = 128 (default)
2019-07-13 14:47:02,971 INFO  server.RaftServerConfigKeys (ConfUtils.java:logGet(43)) - raft.server.log.statemachine.data.sync = true (default)
2019-07-13 14:47:02,971 INFO  server.RaftServerConfigKeys (ConfUtils.java:logGet(43)) - raft.server.log.statemachine.data.sync.timeout = 10s (default)
2019-07-13 14:47:02,971 INFO  util.JmxRegister (JmxRegister.java:tryRegister(44)) - Successfully registered JMX Bean with object name Ratis:service=RaftServer,group=group-269BFC7A5953,id=f843f5bb-a2db-4471-a48c-08a4c9de360c
2019-07-13 14:47:02,971 INFO  server.RaftServerConfigKeys (ConfUtils.java:logGet(43)) - raft.server.log.statemachine.data.sync.timeout.retry = -1 (default)
2019-07-13 14:47:02,972 INFO  server.RaftServerConfigKeys (ConfUtils.java:logGet(43)) - raft.server.log.statemachine.data.caching.enabled = true (custom)
2019-07-13 14:47:02,972 INFO  segmented.SegmentedRaftLogWorker (SegmentedRaftLogWorker.java:lambda$new$0(132)) - 0bdd9968-2d86-4240-beed-cd66aabfe01b-SegmentedRaftLogWorker:Storage Directory /tmp/workdir/hadoop-ozone/integration-test/target/test-dir/MiniOzoneClusterImpl-b5de90c5-b484-4e33-801d-b03755977809/datanode-3/data/ratis/1fa640f2-37ea-4c46-9870-269bfc7a5953: flushIndex: setUnconditionally 0 -> -1
2019-07-13 14:47:02,973 INFO  server.RaftServerConfigKeys (ConfUtils.java:logGet(43)) - raft.server.snapshot.auto.trigger.enabled = true (custom)
2019-07-13 14:47:02,973 INFO  server.RaftServerConfigKeys (ConfUtils.java:logGet(43)) - raft.server.snapshot.auto.trigger.threshold = 10000 (custom)
2019-07-13 14:47:02,973 INFO  server.RaftServerConfigKeys (ConfUtils.java:logGet(43)) - raft.server.retrycache.expirytime = 600000ms (custom)
2019-07-13 14:47:02,973 INFO  impl.RaftServerImpl (RaftServerImpl.java:start(180)) - 0bdd9968-2d86-4240-beed-cd66aabfe01b: start group-269BFC7A5953
2019-07-13 14:47:02,973 INFO  impl.RaftServerImpl (RaftServerImpl.java:setRole(171)) - 0bdd9968-2d86-4240-beed-cd66aabfe01b:group-269BFC7A5953 changes role from null to FOLLOWER at term 0 for startAsFollower
2019-07-13 14:47:02,973 INFO  impl.RoleInfo (RoleInfo.java:updateAndGet(143)) - 0bdd9968-2d86-4240-beed-cd66aabfe01b: start FollowerState
2019-07-13 14:47:02,974 INFO  util.JmxRegister (JmxRegister.java:tryRegister(44)) - Successfully registered JMX Bean with object name Ratis:service=RaftServer,group=group-269BFC7A5953,id=0bdd9968-2d86-4240-beed-cd66aabfe01b
2019-07-13 14:47:02,976 INFO  pipeline.PipelineStateManager (PipelineStateManager.java:addPipeline(56)) - Created pipeline Pipeline[ Id: 1fa640f2-37ea-4c46-9870-269bfc7a5953, Nodes: 5ef6f3f4-ea78-4651-8571-2de0b846f909{ip: 192.168.5.172, host: trunk-nightly-mhs6z-4061744966, networkLocation: /default-rack, certSerialId: null}f843f5bb-a2db-4471-a48c-08a4c9de360c{ip: 192.168.5.172, host: trunk-nightly-mhs6z-4061744966, networkLocation: /default-rack, certSerialId: null}0bdd9968-2d86-4240-beed-cd66aabfe01b{ip: 192.168.5.172, host: trunk-nightly-mhs6z-4061744966, networkLocation: /default-rack, certSerialId: null}, Type:RATIS, Factor:THREE, State:OPEN]
2019-07-13 14:47:03,048 INFO  ozone.MiniOzoneClusterImpl (MiniOzoneClusterImpl.java:lambda$waitForClusterToBeReady$0(142)) - Waiting for cluster to be ready. Got 6 of 7 DN Heartbeats.
2019-07-13 14:47:03,050 INFO  node.SCMNodeManager (SCMNodeManager.java:register(269)) - Registered Data node : bee116bf-1e18-448f-8af7-76d0454f8556{ip: 192.168.5.172, host: trunk-nightly-mhs6z-4061744966, networkLocation: /default-rack, certSerialId: null}
2019-07-13 14:47:03,061 INFO  impl.RaftServerProxy (RaftServerProxy.java:addNew(89)) - bee116bf-1e18-448f-8af7-76d0454f8556: addNew group-3014A2610859:[bee116bf-1e18-448f-8af7-76d0454f8556:192.168.5.172:39805] returns group-3014A2610859:java.util.concurrent.CompletableFuture@4b434507[Not completed]
2019-07-13 14:47:03,062 INFO  impl.RaftServerImpl (RaftServerImpl.java:<init>(93)) - bee116bf-1e18-448f-8af7-76d0454f8556: new RaftServerImpl for group-3014A2610859:[bee116bf-1e18-448f-8af7-76d0454f8556:192.168.5.172:39805] with ContainerStateMachine:uninitialized
2019-07-13 14:47:03,063 INFO  server.RaftServerConfigKeys (ConfUtils.java:logGet(43)) - raft.server.rpc.timeout.min = 5s (custom)
2019-07-13 14:47:03,063 INFO  server.RaftServerConfigKeys (ConfUtils.java:logGet(43)) - raft.server.rpc.timeout.max = 5200ms (custom)
2019-07-13 14:47:03,063 INFO  server.RaftServerConfigKeys (ConfUtils.java:logGet(43)) - raft.server.rpcslowness.timeout = 120s (custom)
2019-07-13 14:47:03,063 INFO  server.RaftServerConfigKeys (ConfUtils.java:logGet(43)) - raft.server.sleep.deviation.threshold = 300 (default)
2019-07-13 14:47:03,063 INFO  server.RaftServerConfigKeys (ConfUtils.java:logGet(43)) - raft.server.log.appender.install.snapshot.enabled = false (custom)
2019-07-13 14:47:03,063 INFO  impl.RaftServerImpl (ServerState.java:<init>(105)) - bee116bf-1e18-448f-8af7-76d0454f8556:group-3014A2610859 ConfigurationManager, init=-1: [bee116bf-1e18-448f-8af7-76d0454f8556:192.168.5.172:39805], old=null, confs=<EMPTY_MAP>
2019-07-13 14:47:03,064 INFO  server.RaftServerConfigKeys (ConfUtils.java:logGet(43)) - raft.server.storage.dir = [/tmp/workdir/hadoop-ozone/integration-test/target/test-dir/MiniOzoneClusterImpl-b5de90c5-b484-4e33-801d-b03755977809/datanode-6/data/ratis] (custom)
2019-07-13 14:47:03,064 INFO  storage.RaftStorageDirectory (RaftStorageDirectory.java:analyzeStorage(246)) - The storage directory /tmp/workdir/hadoop-ozone/integration-test/target/test-dir/MiniOzoneClusterImpl-b5de90c5-b484-4e33-801d-b03755977809/datanode-6/data/ratis/364b2177-ff8b-4959-ac8f-3014a2610859 does not exist. Creating ...
2019-07-13 14:47:03,076 INFO  storage.RaftStorageDirectory (RaftStorageDirectory.java:tryLock(328)) - Lock on /tmp/workdir/hadoop-ozone/integration-test/target/test-dir/MiniOzoneClusterImpl-b5de90c5-b484-4e33-801d-b03755977809/datanode-6/data/ratis/364b2177-ff8b-4959-ac8f-3014a2610859/in_use.lock acquired by nodename 27998@trunk-nightly-mhs6z-4061744966
2019-07-13 14:47:03,080 INFO  storage.RaftStorage (RaftStorage.java:format(72)) - Storage directory /tmp/workdir/hadoop-ozone/integration-test/target/test-dir/MiniOzoneClusterImpl-b5de90c5-b484-4e33-801d-b03755977809/datanode-6/data/ratis/364b2177-ff8b-4959-ac8f-3014a2610859 has been successfully formatted.
2019-07-13 14:47:03,081 INFO  ratis.ContainerStateMachine (ContainerStateMachine.java:loadSnapshot(200)) - The snapshot info is null.Setting the last applied index to:(t:0, i:~)
2019-07-13 14:47:03,081 INFO  server.RaftServerConfigKeys (ConfUtils.java:logGet(43)) - raft.server.leader.election.timeout = 120s (custom)
2019-07-13 14:47:03,081 INFO  server.RaftServerConfigKeys (ConfUtils.java:logGet(43)) - raft.server.log.use.memory = false (default)
2019-07-13 14:47:03,081 INFO  server.RaftServerConfigKeys (ConfUtils.java:logGet(43)) - raft.server.log.purge.gap = 1000000000 (custom)
2019-07-13 14:47:03,081 INFO  server.RaftServerConfigKeys (ConfUtils.java:logGet(43)) - raft.server.log.appender.buffer.byte-limit = 33554432 (custom)
2019-07-13 14:47:03,081 INFO  server.RaftServerConfigKeys (ConfUtils.java:logGet(43)) - raft.server.log.segment.size.max = 1048576 (custom)
2019-07-13 14:47:03,082 INFO  server.RaftServerConfigKeys (ConfUtils.java:logGet(43)) - raft.server.log.segment.cache.num.max = 2 (custom)
2019-07-13 14:47:03,082 INFO  segmented.SegmentedRaftLogWorker (SegmentedRaftLogWorker.java:<init>(172)) - new bee116bf-1e18-448f-8af7-76d0454f8556-SegmentedRaftLogWorker:Storage Directory /tmp/workdir/hadoop-ozone/integration-test/target/test-dir/MiniOzoneClusterImpl-b5de90c5-b484-4e33-801d-b03755977809/datanode-6/data/ratis/364b2177-ff8b-4959-ac8f-3014a2610859 for RaftStorage:Storage Directory /tmp/workdir/hadoop-ozone/integration-test/target/test-dir/MiniOzoneClusterImpl-b5de90c5-b484-4e33-801d-b03755977809/datanode-6/data/ratis/364b2177-ff8b-4959-ac8f-3014a2610859
2019-07-13 14:47:03,082 INFO  server.RaftServerConfigKeys (ConfUtils.java:logGet(43)) - raft.server.log.queue.byte-limit = 2147483647 (custom)
2019-07-13 14:47:03,082 INFO  server.RaftServerConfigKeys (ConfUtils.java:logGet(43)) - raft.server.log.queue.element-limit = 1024 (custom)
2019-07-13 14:47:03,082 INFO  server.RaftServerConfigKeys (ConfUtils.java:logGet(43)) - raft.server.log.segment.size.max = 1048576 (custom)
2019-07-13 14:47:03,083 INFO  server.RaftServerConfigKeys (ConfUtils.java:logGet(43)) - raft.server.log.preallocated.size = 16384 (custom)
2019-07-13 14:47:03,083 INFO  server.RaftServerConfigKeys (ConfUtils.java:logGet(43)) - raft.server.log.write.buffer.size = 33554432 (custom)
2019-07-13 14:47:03,083 INFO  server.RaftServerConfigKeys (ConfUtils.java:logGet(43)) - raft.server.log.force.sync.num = 128 (default)
2019-07-13 14:47:03,083 INFO  server.RaftServerConfigKeys (ConfUtils.java:logGet(43)) - raft.server.log.statemachine.data.sync = true (default)
2019-07-13 14:47:03,083 INFO  server.RaftServerConfigKeys (ConfUtils.java:logGet(43)) - raft.server.log.statemachine.data.sync.timeout = 10s (default)
2019-07-13 14:47:03,083 INFO  server.RaftServerConfigKeys (ConfUtils.java:logGet(43)) - raft.server.log.statemachine.data.sync.timeout.retry = -1 (default)
2019-07-13 14:47:03,084 INFO  server.RaftServerConfigKeys (ConfUtils.java:logGet(43)) - raft.server.log.statemachine.data.caching.enabled = true (custom)
2019-07-13 14:47:03,084 INFO  segmented.SegmentedRaftLogWorker (SegmentedRaftLogWorker.java:lambda$new$0(132)) - bee116bf-1e18-448f-8af7-76d0454f8556-SegmentedRaftLogWorker:Storage Directory /tmp/workdir/hadoop-ozone/integration-test/target/test-dir/MiniOzoneClusterImpl-b5de90c5-b484-4e33-801d-b03755977809/datanode-6/data/ratis/364b2177-ff8b-4959-ac8f-3014a2610859: flushIndex: setUnconditionally 0 -> -1
2019-07-13 14:47:03,084 INFO  server.RaftServerConfigKeys (ConfUtils.java:logGet(43)) - raft.server.snapshot.auto.trigger.enabled = true (custom)
2019-07-13 14:47:03,085 INFO  server.RaftServerConfigKeys (ConfUtils.java:logGet(43)) - raft.server.snapshot.auto.trigger.threshold = 10000 (custom)
2019-07-13 14:47:03,085 INFO  server.RaftServerConfigKeys (ConfUtils.java:logGet(43)) - raft.server.retrycache.expirytime = 600000ms (custom)
2019-07-13 14:47:03,085 INFO  impl.RaftServerImpl (RaftServerImpl.java:start(180)) - bee116bf-1e18-448f-8af7-76d0454f8556: start group-3014A2610859
2019-07-13 14:47:03,085 INFO  impl.RaftServerImpl (RaftServerImpl.java:setRole(171)) - bee116bf-1e18-448f-8af7-76d0454f8556:group-3014A2610859 changes role from null to FOLLOWER at term 0 for startAsFollower
2019-07-13 14:47:03,085 INFO  impl.RoleInfo (RoleInfo.java:updateAndGet(143)) - bee116bf-1e18-448f-8af7-76d0454f8556: start FollowerState
2019-07-13 14:47:03,086 INFO  util.JmxRegister (JmxRegister.java:tryRegister(44)) - Successfully registered JMX Bean with object name Ratis:service=RaftServer,group=group-3014A2610859,id=bee116bf-1e18-448f-8af7-76d0454f8556
2019-07-13 14:47:03,088 INFO  pipeline.PipelineStateManager (PipelineStateManager.java:addPipeline(56)) - Created pipeline Pipeline[ Id: 364b2177-ff8b-4959-ac8f-3014a2610859, Nodes: bee116bf-1e18-448f-8af7-76d0454f8556{ip: 192.168.5.172, host: trunk-nightly-mhs6z-4061744966, networkLocation: /default-rack, certSerialId: null}, Type:RATIS, Factor:ONE, State:OPEN]
2019-07-13 14:47:04,049 INFO  ozone.MiniOzoneClusterImpl (MiniOzoneClusterImpl.java:lambda$waitForClusterToBeReady$0(142)) - Cluster is ready. Got 7 of 7 DN Heartbeats.
2019-07-13 14:47:04,117 INFO  rpc.RpcClient (RpcClient.java:createVolume(287)) - Creating Volume: watchforcommithandlingtest, with jenkins1000 as owner.
2019-07-13 14:47:04,152 INFO  rpc.RpcClient (RpcClient.java:createBucket(424)) - Creating Bucket: watchforcommithandlingtest/watchforcommithandlingtest, with Versioning false and Storage Type set to DISK and Encryption set to false 
2019-07-13 14:47:04,157 INFO  ozone.MiniOzoneClusterImpl (MiniOzoneClusterImpl.java:getStorageContainerLocationClient(241)) - Creating StorageContainerLocationProtocol RPC client with address /0.0.0.0:35898
2019-07-13 14:47:04,183 INFO  client.GrpcClientProtocolClient (GrpcClientProtocolClient.java:onNext(255)) - client-30BF574D8FCA->df0f1f66-3432-46de-9fbe-84c0ce15a20c: receive RaftClientReply:client-30BF574D8FCA->df0f1f66-3432-46de-9fbe-84c0ce15a20c@group-341ADAD4CF57, cid=54, FAILED org.apache.ratis.protocol.NotLeaderException: Server df0f1f66-3432-46de-9fbe-84c0ce15a20c is not the leader (null). Request must be sent to leader., logIndex=0, commits[df0f1f66-3432-46de-9fbe-84c0ce15a20c:c-1]
2019-07-13 14:47:04,863 INFO  container.ReplicationManager (ReplicationManager.java:start(155)) - Starting Replication Monitor Thread.
2019-07-13 14:47:04,870 INFO  container.ReplicationManager (ReplicationManager.java:run(207)) - Replication Monitor Thread took 0 milliseconds for processing 1 containers.
2019-07-13 14:47:05,212 INFO  client.GrpcClientProtocolClient (GrpcClientProtocolClient.java:onNext(255)) - client-30BF574D8FCA->b3b35bbc-ecb3-4089-a051-cdbc3e98c858: receive RaftClientReply:client-30BF574D8FCA->b3b35bbc-ecb3-4089-a051-cdbc3e98c858@group-341ADAD4CF57, cid=54, FAILED org.apache.ratis.protocol.NotLeaderException: Server b3b35bbc-ecb3-4089-a051-cdbc3e98c858 is not the leader (null). Request must be sent to leader., logIndex=0, commits[b3b35bbc-ecb3-4089-a051-cdbc3e98c858:c-1]
2019-07-13 14:47:06,264 INFO  client.GrpcClientProtocolClient (GrpcClientProtocolClient.java:onNext(255)) - client-30BF574D8FCA->df0f1f66-3432-46de-9fbe-84c0ce15a20c: receive RaftClientReply:client-30BF574D8FCA->df0f1f66-3432-46de-9fbe-84c0ce15a20c@group-341ADAD4CF57, cid=54, FAILED org.apache.ratis.protocol.NotLeaderException: Server df0f1f66-3432-46de-9fbe-84c0ce15a20c is not the leader (null). Request must be sent to leader., logIndex=0, commits[df0f1f66-3432-46de-9fbe-84c0ce15a20c:c-1]
2019-07-13 14:47:07,035 INFO  impl.FollowerState (FollowerState.java:run(106)) - d09ac996-a1e3-4fee-879f-5fae352d8083:group-706ED0F5AF95 changes to CANDIDATE, lastRpcTime:5126, electionTimeout:5126ms
2019-07-13 14:47:07,035 INFO  impl.RoleInfo (RoleInfo.java:shutdownFollowerState(121)) - d09ac996-a1e3-4fee-879f-5fae352d8083: shutdown FollowerState
2019-07-13 14:47:07,035 INFO  impl.RaftServerImpl (RaftServerImpl.java:setRole(171)) - d09ac996-a1e3-4fee-879f-5fae352d8083:group-706ED0F5AF95 changes role from FOLLOWER to CANDIDATE at term 0 for changeToCandidate
2019-07-13 14:47:07,035 INFO  impl.RoleInfo (RoleInfo.java:updateAndGet(143)) - d09ac996-a1e3-4fee-879f-5fae352d8083: start LeaderElection
2019-07-13 14:47:07,065 INFO  impl.LeaderElection (LeaderElection.java:askForVotes(181)) - d09ac996-a1e3-4fee-879f-5fae352d8083:group-706ED0F5AF95:LeaderElection25: begin an election at term 1 for -1: [d09ac996-a1e3-4fee-879f-5fae352d8083:192.168.5.172:41705], old=null
2019-07-13 14:47:07,066 INFO  impl.RoleInfo (RoleInfo.java:shutdownLeaderElection(134)) - d09ac996-a1e3-4fee-879f-5fae352d8083: shutdown LeaderElection
2019-07-13 14:47:07,066 INFO  impl.RaftServerImpl (RaftServerImpl.java:setRole(171)) - d09ac996-a1e3-4fee-879f-5fae352d8083:group-706ED0F5AF95 changes role from CANDIDATE to LEADER at term 1 for changeToLeader
2019-07-13 14:47:07,066 INFO  impl.RaftServerImpl (ServerState.java:setLeader(263)) - d09ac996-a1e3-4fee-879f-5fae352d8083:group-706ED0F5AF95 change Leader from null to d09ac996-a1e3-4fee-879f-5fae352d8083 at term 1 for becomeLeader, leader elected after 5162ms
2019-07-13 14:47:07,066 INFO  server.RaftServerConfigKeys (ConfUtils.java:logGet(43)) - raft.server.staging.catchup.gap = 1000 (default)
2019-07-13 14:47:07,066 INFO  server.RaftServerConfigKeys (ConfUtils.java:logGet(43)) - raft.server.rpc.sleep.time = 25ms (default)
2019-07-13 14:47:07,066 INFO  server.RaftServerConfigKeys (ConfUtils.java:logGet(43)) - raft.server.write.element-limit = 4096 (default)
2019-07-13 14:47:07,067 INFO  server.RaftServerConfigKeys (ConfUtils.java:logGet(43)) - raft.server.watch.timeout = 10s (default)
2019-07-13 14:47:07,067 INFO  server.RaftServerConfigKeys (ConfUtils.java:logGet(43)) - raft.server.watch.timeout.denomination = 1s (default)
2019-07-13 14:47:07,067 INFO  server.RaftServerConfigKeys (ConfUtils.java:logGet(43)) - raft.server.watch.element-limit = 65536 (default)
2019-07-13 14:47:07,067 INFO  impl.RoleInfo (RoleInfo.java:updateAndGet(143)) - d09ac996-a1e3-4fee-879f-5fae352d8083: start LeaderState
2019-07-13 14:47:07,068 INFO  segmented.SegmentedRaftLogWorker (SegmentedRaftLogWorker.java:startLogSegment(380)) - d09ac996-a1e3-4fee-879f-5fae352d8083-SegmentedRaftLogWorker:Storage Directory /tmp/workdir/hadoop-ozone/integration-test/target/test-dir/MiniOzoneClusterImpl-b5de90c5-b484-4e33-801d-b03755977809/datanode-0/data/ratis/19674b31-897e-417f-8d6f-706ed0f5af95: Starting segment from index:0
2019-07-13 14:47:07,068 INFO  impl.RaftServerImpl (ServerState.java:setRaftConf(361)) - d09ac996-a1e3-4fee-879f-5fae352d8083:group-706ED0F5AF95 set configuration 0: [d09ac996-a1e3-4fee-879f-5fae352d8083:192.168.5.172:41705], old=null at 0
2019-07-13 14:47:07,090 INFO  segmented.SegmentedRaftLogWorker (SegmentedRaftLogWorker.java:execute(569)) - d09ac996-a1e3-4fee-879f-5fae352d8083-SegmentedRaftLogWorker:Storage Directory /tmp/workdir/hadoop-ozone/integration-test/target/test-dir/MiniOzoneClusterImpl-b5de90c5-b484-4e33-801d-b03755977809/datanode-0/data/ratis/19674b31-897e-417f-8d6f-706ed0f5af95: created new log segment /tmp/workdir/hadoop-ozone/integration-test/target/test-dir/MiniOzoneClusterImpl-b5de90c5-b484-4e33-801d-b03755977809/datanode-0/data/ratis/19674b31-897e-417f-8d6f-706ed0f5af95/current/log_inprogress_0
2019-07-13 14:47:07,199 INFO  impl.FollowerState (FollowerState.java:run(106)) - b3b35bbc-ecb3-4089-a051-cdbc3e98c858:group-415EAAEBBD9A changes to CANDIDATE, lastRpcTime:5056, electionTimeout:5056ms
2019-07-13 14:47:07,200 INFO  impl.RoleInfo (RoleInfo.java:shutdownFollowerState(121)) - b3b35bbc-ecb3-4089-a051-cdbc3e98c858: shutdown FollowerState
2019-07-13 14:47:07,200 INFO  impl.RaftServerImpl (RaftServerImpl.java:setRole(171)) - b3b35bbc-ecb3-4089-a051-cdbc3e98c858:group-415EAAEBBD9A changes role from FOLLOWER to CANDIDATE at term 0 for changeToCandidate
2019-07-13 14:47:07,200 INFO  impl.RoleInfo (RoleInfo.java:updateAndGet(143)) - b3b35bbc-ecb3-4089-a051-cdbc3e98c858: start LeaderElection
2019-07-13 14:47:07,218 INFO  impl.LeaderElection (LeaderElection.java:askForVotes(181)) - b3b35bbc-ecb3-4089-a051-cdbc3e98c858:group-415EAAEBBD9A:LeaderElection26: begin an election at term 1 for -1: [b3b35bbc-ecb3-4089-a051-cdbc3e98c858:192.168.5.172:36266], old=null
2019-07-13 14:47:07,218 INFO  impl.RoleInfo (RoleInfo.java:shutdownLeaderElection(134)) - b3b35bbc-ecb3-4089-a051-cdbc3e98c858: shutdown LeaderElection
2019-07-13 14:47:07,219 INFO  impl.RaftServerImpl (RaftServerImpl.java:setRole(171)) - b3b35bbc-ecb3-4089-a051-cdbc3e98c858:group-415EAAEBBD9A changes role from CANDIDATE to LEADER at term 1 for changeToLeader
2019-07-13 14:47:07,219 INFO  impl.RaftServerImpl (ServerState.java:setLeader(263)) - b3b35bbc-ecb3-4089-a051-cdbc3e98c858:group-415EAAEBBD9A change Leader from null to b3b35bbc-ecb3-4089-a051-cdbc3e98c858 at term 1 for becomeLeader, leader elected after 5081ms
2019-07-13 14:47:07,219 INFO  server.RaftServerConfigKeys (ConfUtils.java:logGet(43)) - raft.server.staging.catchup.gap = 1000 (default)
2019-07-13 14:47:07,219 INFO  server.RaftServerConfigKeys (ConfUtils.java:logGet(43)) - raft.server.rpc.sleep.time = 25ms (default)
2019-07-13 14:47:07,219 INFO  server.RaftServerConfigKeys (ConfUtils.java:logGet(43)) - raft.server.write.element-limit = 4096 (default)
2019-07-13 14:47:07,219 INFO  server.RaftServerConfigKeys (ConfUtils.java:logGet(43)) - raft.server.watch.timeout = 10s (default)
2019-07-13 14:47:07,220 INFO  server.RaftServerConfigKeys (ConfUtils.java:logGet(43)) - raft.server.watch.timeout.denomination = 1s (default)
2019-07-13 14:47:07,220 INFO  server.RaftServerConfigKeys (ConfUtils.java:logGet(43)) - raft.server.watch.element-limit = 65536 (default)
2019-07-13 14:47:07,220 INFO  impl.RoleInfo (RoleInfo.java:updateAndGet(143)) - b3b35bbc-ecb3-4089-a051-cdbc3e98c858: start LeaderState
2019-07-13 14:47:07,220 INFO  segmented.SegmentedRaftLogWorker (SegmentedRaftLogWorker.java:startLogSegment(380)) - b3b35bbc-ecb3-4089-a051-cdbc3e98c858-SegmentedRaftLogWorker:Storage Directory /tmp/workdir/hadoop-ozone/integration-test/target/test-dir/MiniOzoneClusterImpl-b5de90c5-b484-4e33-801d-b03755977809/datanode-1/data/ratis/2caaae22-2849-4de0-950c-415eaaebbd9a: Starting segment from index:0
2019-07-13 14:47:07,221 INFO  impl.RaftServerImpl (ServerState.java:setRaftConf(361)) - b3b35bbc-ecb3-4089-a051-cdbc3e98c858:group-415EAAEBBD9A set configuration 0: [b3b35bbc-ecb3-4089-a051-cdbc3e98c858:192.168.5.172:36266], old=null at 0
2019-07-13 14:47:07,243 INFO  segmented.SegmentedRaftLogWorker (SegmentedRaftLogWorker.java:execute(569)) - b3b35bbc-ecb3-4089-a051-cdbc3e98c858-SegmentedRaftLogWorker:Storage Directory /tmp/workdir/hadoop-ozone/integration-test/target/test-dir/MiniOzoneClusterImpl-b5de90c5-b484-4e33-801d-b03755977809/datanode-1/data/ratis/2caaae22-2849-4de0-950c-415eaaebbd9a: created new log segment /tmp/workdir/hadoop-ozone/integration-test/target/test-dir/MiniOzoneClusterImpl-b5de90c5-b484-4e33-801d-b03755977809/datanode-1/data/ratis/2caaae22-2849-4de0-950c-415eaaebbd9a/current/log_inprogress_0
2019-07-13 14:47:07,296 INFO  client.GrpcClientProtocolClient (GrpcClientProtocolClient.java:onNext(255)) - client-30BF574D8FCA->d09ac996-a1e3-4fee-879f-5fae352d8083: receive RaftClientReply:client-30BF574D8FCA->d09ac996-a1e3-4fee-879f-5fae352d8083@group-341ADAD4CF57, cid=54, FAILED org.apache.ratis.protocol.NotLeaderException: Server d09ac996-a1e3-4fee-879f-5fae352d8083 is not the leader (null). Request must be sent to leader., logIndex=0, commits[d09ac996-a1e3-4fee-879f-5fae352d8083:c-1]
2019-07-13 14:47:07,367 INFO  impl.FollowerState (FollowerState.java:run(106)) - df0f1f66-3432-46de-9fbe-84c0ce15a20c:group-F56BAA487CE0 changes to CANDIDATE, lastRpcTime:5064, electionTimeout:5064ms
2019-07-13 14:47:07,367 INFO  impl.RoleInfo (RoleInfo.java:shutdownFollowerState(121)) - df0f1f66-3432-46de-9fbe-84c0ce15a20c: shutdown FollowerState
2019-07-13 14:47:07,368 INFO  impl.RaftServerImpl (RaftServerImpl.java:setRole(171)) - df0f1f66-3432-46de-9fbe-84c0ce15a20c:group-F56BAA487CE0 changes role from FOLLOWER to CANDIDATE at term 0 for changeToCandidate
2019-07-13 14:47:07,368 INFO  impl.RoleInfo (RoleInfo.java:updateAndGet(143)) - df0f1f66-3432-46de-9fbe-84c0ce15a20c: start LeaderElection
2019-07-13 14:47:07,378 INFO  impl.FollowerState (FollowerState.java:run(106)) - d09ac996-a1e3-4fee-879f-5fae352d8083:group-341ADAD4CF57 changes to CANDIDATE, lastRpcTime:5028, electionTimeout:5020ms
2019-07-13 14:47:07,382 INFO  impl.RoleInfo (RoleInfo.java:shutdownFollowerState(121)) - d09ac996-a1e3-4fee-879f-5fae352d8083: shutdown FollowerState
2019-07-13 14:47:07,382 INFO  impl.RaftServerImpl (RaftServerImpl.java:setRole(171)) - d09ac996-a1e3-4fee-879f-5fae352d8083:group-341ADAD4CF57 changes role from FOLLOWER to CANDIDATE at term 0 for changeToCandidate
2019-07-13 14:47:07,382 INFO  impl.RoleInfo (RoleInfo.java:updateAndGet(143)) - d09ac996-a1e3-4fee-879f-5fae352d8083: start LeaderElection
2019-07-13 14:47:07,399 INFO  impl.LeaderElection (LeaderElection.java:askForVotes(181)) - df0f1f66-3432-46de-9fbe-84c0ce15a20c:group-F56BAA487CE0:LeaderElection27: begin an election at term 1 for -1: [df0f1f66-3432-46de-9fbe-84c0ce15a20c:192.168.5.172:39169], old=null
2019-07-13 14:47:07,399 INFO  impl.LeaderElection (LeaderElection.java:askForVotes(181)) - d09ac996-a1e3-4fee-879f-5fae352d8083:group-341ADAD4CF57:LeaderElection28: begin an election at term 1 for -1: [df0f1f66-3432-46de-9fbe-84c0ce15a20c:192.168.5.172:39169, b3b35bbc-ecb3-4089-a051-cdbc3e98c858:192.168.5.172:36266, d09ac996-a1e3-4fee-879f-5fae352d8083:192.168.5.172:41705], old=null
2019-07-13 14:47:07,399 INFO  impl.RoleInfo (RoleInfo.java:shutdownLeaderElection(134)) - df0f1f66-3432-46de-9fbe-84c0ce15a20c: shutdown LeaderElection
2019-07-13 14:47:07,399 INFO  impl.RaftServerImpl (RaftServerImpl.java:setRole(171)) - df0f1f66-3432-46de-9fbe-84c0ce15a20c:group-F56BAA487CE0 changes role from CANDIDATE to LEADER at term 1 for changeToLeader
2019-07-13 14:47:07,400 INFO  impl.RaftServerImpl (ServerState.java:setLeader(263)) - df0f1f66-3432-46de-9fbe-84c0ce15a20c:group-F56BAA487CE0 change Leader from null to df0f1f66-3432-46de-9fbe-84c0ce15a20c at term 1 for becomeLeader, leader elected after 5101ms
2019-07-13 14:47:07,400 INFO  server.RaftServerConfigKeys (ConfUtils.java:logGet(43)) - raft.server.staging.catchup.gap = 1000 (default)
2019-07-13 14:47:07,400 INFO  server.RaftServerConfigKeys (ConfUtils.java:logGet(43)) - raft.server.rpc.sleep.time = 25ms (default)
2019-07-13 14:47:07,400 INFO  server.RaftServerConfigKeys (ConfUtils.java:logGet(43)) - raft.server.write.element-limit = 4096 (default)
2019-07-13 14:47:07,400 INFO  server.RaftServerConfigKeys (ConfUtils.java:logGet(43)) - raft.server.watch.timeout = 10s (default)
2019-07-13 14:47:07,401 INFO  server.RaftServerConfigKeys (ConfUtils.java:logGet(43)) - raft.server.watch.timeout.denomination = 1s (default)
2019-07-13 14:47:07,401 INFO  server.RaftServerConfigKeys (ConfUtils.java:logGet(43)) - raft.server.watch.element-limit = 65536 (default)
2019-07-13 14:47:07,401 INFO  impl.RoleInfo (RoleInfo.java:updateAndGet(143)) - df0f1f66-3432-46de-9fbe-84c0ce15a20c: start LeaderState
2019-07-13 14:47:07,401 INFO  segmented.SegmentedRaftLogWorker (SegmentedRaftLogWorker.java:startLogSegment(380)) - df0f1f66-3432-46de-9fbe-84c0ce15a20c-SegmentedRaftLogWorker:Storage Directory /tmp/workdir/hadoop-ozone/integration-test/target/test-dir/MiniOzoneClusterImpl-b5de90c5-b484-4e33-801d-b03755977809/datanode-2/data/ratis/a1cad5ed-9fea-4e6f-bdc0-f56baa487ce0: Starting segment from index:0
2019-07-13 14:47:07,402 INFO  impl.RaftServerImpl (ServerState.java:setRaftConf(361)) - df0f1f66-3432-46de-9fbe-84c0ce15a20c:group-F56BAA487CE0 set configuration 0: [df0f1f66-3432-46de-9fbe-84c0ce15a20c:192.168.5.172:39169], old=null at 0
2019-07-13 14:47:07,405 INFO  impl.RaftServerImpl (RaftServerImpl.java:setRole(171)) - df0f1f66-3432-46de-9fbe-84c0ce15a20c:group-341ADAD4CF57 changes role from FOLLOWER to FOLLOWER at term 1 for recognizeCandidate:d09ac996-a1e3-4fee-879f-5fae352d8083
2019-07-13 14:47:07,405 INFO  impl.RoleInfo (RoleInfo.java:shutdownFollowerState(121)) - df0f1f66-3432-46de-9fbe-84c0ce15a20c: shutdown FollowerState
2019-07-13 14:47:07,405 INFO  impl.RaftServerImpl (RaftServerImpl.java:setRole(171)) - b3b35bbc-ecb3-4089-a051-cdbc3e98c858:group-341ADAD4CF57 changes role from FOLLOWER to FOLLOWER at term 1 for recognizeCandidate:d09ac996-a1e3-4fee-879f-5fae352d8083
2019-07-13 14:47:07,405 INFO  impl.RoleInfo (RoleInfo.java:updateAndGet(143)) - df0f1f66-3432-46de-9fbe-84c0ce15a20c: start FollowerState
2019-07-13 14:47:07,406 INFO  impl.RoleInfo (RoleInfo.java:shutdownFollowerState(121)) - b3b35bbc-ecb3-4089-a051-cdbc3e98c858: shutdown FollowerState
2019-07-13 14:47:07,406 INFO  impl.FollowerState (FollowerState.java:run(114)) - df0f1f66-3432-46de-9fbe-84c0ce15a20c: FollowerState was interrupted: java.lang.InterruptedException: sleep interrupted
2019-07-13 14:47:07,427 INFO  impl.RoleInfo (RoleInfo.java:updateAndGet(143)) - b3b35bbc-ecb3-4089-a051-cdbc3e98c858: start FollowerState
2019-07-13 14:47:07,427 INFO  impl.FollowerState (FollowerState.java:run(114)) - b3b35bbc-ecb3-4089-a051-cdbc3e98c858: FollowerState was interrupted: java.lang.InterruptedException: sleep interrupted
2019-07-13 14:47:07,432 INFO  segmented.SegmentedRaftLogWorker (SegmentedRaftLogWorker.java:execute(569)) - df0f1f66-3432-46de-9fbe-84c0ce15a20c-SegmentedRaftLogWorker:Storage Directory /tmp/workdir/hadoop-ozone/integration-test/target/test-dir/MiniOzoneClusterImpl-b5de90c5-b484-4e33-801d-b03755977809/datanode-2/data/ratis/a1cad5ed-9fea-4e6f-bdc0-f56baa487ce0: created new log segment /tmp/workdir/hadoop-ozone/integration-test/target/test-dir/MiniOzoneClusterImpl-b5de90c5-b484-4e33-801d-b03755977809/datanode-2/data/ratis/a1cad5ed-9fea-4e6f-bdc0-f56baa487ce0/current/log_inprogress_0
2019-07-13 14:47:07,438 INFO  impl.LeaderElection (LeaderElection.java:logAndReturn(56)) - d09ac996-a1e3-4fee-879f-5fae352d8083:group-341ADAD4CF57:LeaderElection28: Election PASSED; received 1 response(s) [d09ac996-a1e3-4fee-879f-5fae352d8083<-df0f1f66-3432-46de-9fbe-84c0ce15a20c#0:OK-t1] and 0 exception(s); d09ac996-a1e3-4fee-879f-5fae352d8083:t1, leader=null, voted=d09ac996-a1e3-4fee-879f-5fae352d8083, raftlog=d09ac996-a1e3-4fee-879f-5fae352d8083-SegmentedRaftLog:OPENED:c-1,f-1,i0, conf=-1: [df0f1f66-3432-46de-9fbe-84c0ce15a20c:192.168.5.172:39169, b3b35bbc-ecb3-4089-a051-cdbc3e98c858:192.168.5.172:36266, d09ac996-a1e3-4fee-879f-5fae352d8083:192.168.5.172:41705], old=null
2019-07-13 14:47:07,438 INFO  impl.RoleInfo (RoleInfo.java:shutdownLeaderElection(134)) - d09ac996-a1e3-4fee-879f-5fae352d8083: shutdown LeaderElection
2019-07-13 14:47:07,438 INFO  impl.RaftServerImpl (RaftServerImpl.java:setRole(171)) - d09ac996-a1e3-4fee-879f-5fae352d8083:group-341ADAD4CF57 changes role from CANDIDATE to LEADER at term 1 for changeToLeader
2019-07-13 14:47:07,439 INFO  impl.RaftServerImpl (ServerState.java:setLeader(263)) - d09ac996-a1e3-4fee-879f-5fae352d8083:group-341ADAD4CF57 change Leader from null to d09ac996-a1e3-4fee-879f-5fae352d8083 at term 1 for becomeLeader, leader elected after 5100ms
2019-07-13 14:47:07,439 INFO  server.RaftServerConfigKeys (ConfUtils.java:logGet(43)) - raft.server.staging.catchup.gap = 1000 (default)
2019-07-13 14:47:07,439 INFO  server.RaftServerConfigKeys (ConfUtils.java:logGet(43)) - raft.server.rpc.sleep.time = 25ms (default)
2019-07-13 14:47:07,439 INFO  server.RaftServerConfigKeys (ConfUtils.java:logGet(43)) - raft.server.write.element-limit = 4096 (default)
2019-07-13 14:47:07,439 INFO  server.RaftServerConfigKeys (ConfUtils.java:logGet(43)) - raft.server.watch.timeout = 10s (default)
2019-07-13 14:47:07,440 INFO  server.RaftServerConfigKeys (ConfUtils.java:logGet(43)) - raft.server.watch.timeout.denomination = 1s (default)
2019-07-13 14:47:07,440 INFO  server.RaftServerConfigKeys (ConfUtils.java:logGet(43)) - raft.server.watch.element-limit = 65536 (default)
2019-07-13 14:47:07,440 INFO  server.RaftServerConfigKeys (ConfUtils.java:logGet(43)) - raft.server.log.appender.snapshot.chunk.size.max = 16MB (=16777216) (default)
2019-07-13 14:47:07,440 INFO  server.RaftServerConfigKeys (ConfUtils.java:logGet(43)) - raft.server.log.appender.buffer.byte-limit = 33554432 (custom)
2019-07-13 14:47:07,441 INFO  server.RaftServerConfigKeys (ConfUtils.java:logGet(43)) - raft.server.log.appender.buffer.element-limit = 1 (custom)
2019-07-13 14:47:07,441 INFO  grpc.GrpcConfigKeys$Server (ConfUtils.java:logGet(43)) - raft.grpc.server.leader.outstanding.appends.max = 128 (default)
2019-07-13 14:47:07,441 INFO  server.RaftServerConfigKeys (ConfUtils.java:logGet(43)) - raft.server.rpc.request.timeout = 3000ms (default)
2019-07-13 14:47:07,441 INFO  server.RaftServerConfigKeys (ConfUtils.java:logGet(43)) - raft.server.log.appender.install.snapshot.enabled = false (custom)
2019-07-13 14:47:07,442 INFO  server.RaftServerConfigKeys (ConfUtils.java:logGet(43)) - raft.server.log.appender.snapshot.chunk.size.max = 16MB (=16777216) (default)
2019-07-13 14:47:07,442 INFO  server.RaftServerConfigKeys (ConfUtils.java:logGet(43)) - raft.server.log.appender.buffer.byte-limit = 33554432 (custom)
2019-07-13 14:47:07,442 INFO  server.RaftServerConfigKeys (ConfUtils.java:logGet(43)) - raft.server.log.appender.buffer.element-limit = 1 (custom)
2019-07-13 14:47:07,442 INFO  grpc.GrpcConfigKeys$Server (ConfUtils.java:logGet(43)) - raft.grpc.server.leader.outstanding.appends.max = 128 (default)
2019-07-13 14:47:07,443 INFO  server.RaftServerConfigKeys (ConfUtils.java:logGet(43)) - raft.server.rpc.request.timeout = 3000ms (default)
2019-07-13 14:47:07,443 INFO  server.RaftServerConfigKeys (ConfUtils.java:logGet(43)) - raft.server.log.appender.install.snapshot.enabled = false (custom)
2019-07-13 14:47:07,443 INFO  impl.RoleInfo (RoleInfo.java:updateAndGet(143)) - d09ac996-a1e3-4fee-879f-5fae352d8083: start LeaderState
2019-07-13 14:47:07,443 INFO  segmented.SegmentedRaftLogWorker (SegmentedRaftLogWorker.java:startLogSegment(380)) - d09ac996-a1e3-4fee-879f-5fae352d8083-SegmentedRaftLogWorker:Storage Directory /tmp/workdir/hadoop-ozone/integration-test/target/test-dir/MiniOzoneClusterImpl-b5de90c5-b484-4e33-801d-b03755977809/datanode-0/data/ratis/c34ee6fc-5492-494b-ba5e-341adad4cf57: Starting segment from index:0
2019-07-13 14:47:07,445 INFO  impl.RaftServerImpl (ServerState.java:setRaftConf(361)) - d09ac996-a1e3-4fee-879f-5fae352d8083:group-341ADAD4CF57 set configuration 0: [df0f1f66-3432-46de-9fbe-84c0ce15a20c:192.168.5.172:39169, b3b35bbc-ecb3-4089-a051-cdbc3e98c858:192.168.5.172:36266, d09ac996-a1e3-4fee-879f-5fae352d8083:192.168.5.172:41705], old=null at 0
2019-07-13 14:47:07,467 INFO  impl.RaftServerImpl (ServerState.java:setLeader(263)) - df0f1f66-3432-46de-9fbe-84c0ce15a20c:group-341ADAD4CF57 change Leader from null to d09ac996-a1e3-4fee-879f-5fae352d8083 at term 1 for appendEntries, leader elected after 5129ms
2019-07-13 14:47:07,472 INFO  impl.RaftServerImpl (ServerState.java:setLeader(263)) - b3b35bbc-ecb3-4089-a051-cdbc3e98c858:group-341ADAD4CF57 change Leader from null to d09ac996-a1e3-4fee-879f-5fae352d8083 at term 1 for appendEntries, leader elected after 5133ms
2019-07-13 14:47:07,472 INFO  segmented.SegmentedRaftLogWorker (SegmentedRaftLogWorker.java:execute(569)) - d09ac996-a1e3-4fee-879f-5fae352d8083-SegmentedRaftLogWorker:Storage Directory /tmp/workdir/hadoop-ozone/integration-test/target/test-dir/MiniOzoneClusterImpl-b5de90c5-b484-4e33-801d-b03755977809/datanode-0/data/ratis/c34ee6fc-5492-494b-ba5e-341adad4cf57: created new log segment /tmp/workdir/hadoop-ozone/integration-test/target/test-dir/MiniOzoneClusterImpl-b5de90c5-b484-4e33-801d-b03755977809/datanode-0/data/ratis/c34ee6fc-5492-494b-ba5e-341adad4cf57/current/log_inprogress_0
2019-07-13 14:47:07,476 INFO  impl.RaftServerImpl (ServerState.java:setRaftConf(361)) - df0f1f66-3432-46de-9fbe-84c0ce15a20c:group-341ADAD4CF57 set configuration 0: [df0f1f66-3432-46de-9fbe-84c0ce15a20c:192.168.5.172:39169, b3b35bbc-ecb3-4089-a051-cdbc3e98c858:192.168.5.172:36266, d09ac996-a1e3-4fee-879f-5fae352d8083:192.168.5.172:41705], old=null at 0
2019-07-13 14:47:07,476 INFO  impl.RaftServerImpl (ServerState.java:setRaftConf(361)) - b3b35bbc-ecb3-4089-a051-cdbc3e98c858:group-341ADAD4CF57 set configuration 0: [df0f1f66-3432-46de-9fbe-84c0ce15a20c:192.168.5.172:39169, b3b35bbc-ecb3-4089-a051-cdbc3e98c858:192.168.5.172:36266, d09ac996-a1e3-4fee-879f-5fae352d8083:192.168.5.172:41705], old=null at 0
2019-07-13 14:47:07,476 INFO  segmented.SegmentedRaftLogWorker (SegmentedRaftLogWorker.java:startLogSegment(380)) - df0f1f66-3432-46de-9fbe-84c0ce15a20c-SegmentedRaftLogWorker:Storage Directory /tmp/workdir/hadoop-ozone/integration-test/target/test-dir/MiniOzoneClusterImpl-b5de90c5-b484-4e33-801d-b03755977809/datanode-2/data/ratis/c34ee6fc-5492-494b-ba5e-341adad4cf57: Starting segment from index:0
2019-07-13 14:47:07,477 INFO  segmented.SegmentedRaftLogWorker (SegmentedRaftLogWorker.java:startLogSegment(380)) - b3b35bbc-ecb3-4089-a051-cdbc3e98c858-SegmentedRaftLogWorker:Storage Directory /tmp/workdir/hadoop-ozone/integration-test/target/test-dir/MiniOzoneClusterImpl-b5de90c5-b484-4e33-801d-b03755977809/datanode-1/data/ratis/c34ee6fc-5492-494b-ba5e-341adad4cf57: Starting segment from index:0
2019-07-13 14:47:07,499 INFO  segmented.SegmentedRaftLogWorker (SegmentedRaftLogWorker.java:execute(569)) - b3b35bbc-ecb3-4089-a051-cdbc3e98c858-SegmentedRaftLogWorker:Storage Directory /tmp/workdir/hadoop-ozone/integration-test/target/test-dir/MiniOzoneClusterImpl-b5de90c5-b484-4e33-801d-b03755977809/datanode-1/data/ratis/c34ee6fc-5492-494b-ba5e-341adad4cf57: created new log segment /tmp/workdir/hadoop-ozone/integration-test/target/test-dir/MiniOzoneClusterImpl-b5de90c5-b484-4e33-801d-b03755977809/datanode-1/data/ratis/c34ee6fc-5492-494b-ba5e-341adad4cf57/current/log_inprogress_0
2019-07-13 14:47:07,499 INFO  segmented.SegmentedRaftLogWorker (SegmentedRaftLogWorker.java:execute(569)) - df0f1f66-3432-46de-9fbe-84c0ce15a20c-SegmentedRaftLogWorker:Storage Directory /tmp/workdir/hadoop-ozone/integration-test/target/test-dir/MiniOzoneClusterImpl-b5de90c5-b484-4e33-801d-b03755977809/datanode-2/data/ratis/c34ee6fc-5492-494b-ba5e-341adad4cf57: created new log segment /tmp/workdir/hadoop-ozone/integration-test/target/test-dir/MiniOzoneClusterImpl-b5de90c5-b484-4e33-801d-b03755977809/datanode-2/data/ratis/c34ee6fc-5492-494b-ba5e-341adad4cf57/current/log_inprogress_0
2019-07-13 14:47:07,527 INFO  impl.FollowerState (FollowerState.java:run(106)) - 0bdd9968-2d86-4240-beed-cd66aabfe01b:group-8407EB3EE0DC changes to CANDIDATE, lastRpcTime:5012, electionTimeout:5011ms
2019-07-13 14:47:07,527 INFO  impl.RoleInfo (RoleInfo.java:shutdownFollowerState(121)) - 0bdd9968-2d86-4240-beed-cd66aabfe01b: shutdown FollowerState
2019-07-13 14:47:07,527 INFO  impl.RaftServerImpl (RaftServerImpl.java:setRole(171)) - 0bdd9968-2d86-4240-beed-cd66aabfe01b:group-8407EB3EE0DC changes role from FOLLOWER to CANDIDATE at term 0 for changeToCandidate
2019-07-13 14:47:07,527 INFO  impl.RoleInfo (RoleInfo.java:updateAndGet(143)) - 0bdd9968-2d86-4240-beed-cd66aabfe01b: start LeaderElection
2019-07-13 14:47:07,556 INFO  impl.LeaderElection (LeaderElection.java:askForVotes(181)) - 0bdd9968-2d86-4240-beed-cd66aabfe01b:group-8407EB3EE0DC:LeaderElection29: begin an election at term 1 for -1: [0bdd9968-2d86-4240-beed-cd66aabfe01b:192.168.5.172:37589], old=null
2019-07-13 14:47:07,556 INFO  impl.RoleInfo (RoleInfo.java:shutdownLeaderElection(134)) - 0bdd9968-2d86-4240-beed-cd66aabfe01b: shutdown LeaderElection
2019-07-13 14:47:07,556 INFO  impl.RaftServerImpl (RaftServerImpl.java:setRole(171)) - 0bdd9968-2d86-4240-beed-cd66aabfe01b:group-8407EB3EE0DC changes role from CANDIDATE to LEADER at term 1 for changeToLeader
2019-07-13 14:47:07,556 INFO  impl.RaftServerImpl (ServerState.java:setLeader(263)) - 0bdd9968-2d86-4240-beed-cd66aabfe01b:group-8407EB3EE0DC change Leader from null to 0bdd9968-2d86-4240-beed-cd66aabfe01b at term 1 for becomeLeader, leader elected after 5046ms
2019-07-13 14:47:07,557 INFO  server.RaftServerConfigKeys (ConfUtils.java:logGet(43)) - raft.server.staging.catchup.gap = 1000 (default)
2019-07-13 14:47:07,557 INFO  server.RaftServerConfigKeys (ConfUtils.java:logGet(43)) - raft.server.rpc.sleep.time = 25ms (default)
2019-07-13 14:47:07,557 INFO  server.RaftServerConfigKeys (ConfUtils.java:logGet(43)) - raft.server.write.element-limit = 4096 (default)
2019-07-13 14:47:07,557 INFO  server.RaftServerConfigKeys (ConfUtils.java:logGet(43)) - raft.server.watch.timeout = 10s (default)
2019-07-13 14:47:07,557 INFO  server.RaftServerConfigKeys (ConfUtils.java:logGet(43)) - raft.server.watch.timeout.denomination = 1s (default)
2019-07-13 14:47:07,557 INFO  server.RaftServerConfigKeys (ConfUtils.java:logGet(43)) - raft.server.watch.element-limit = 65536 (default)
2019-07-13 14:47:07,558 INFO  impl.RoleInfo (RoleInfo.java:updateAndGet(143)) - 0bdd9968-2d86-4240-beed-cd66aabfe01b: start LeaderState
2019-07-13 14:47:07,558 INFO  segmented.SegmentedRaftLogWorker (SegmentedRaftLogWorker.java:startLogSegment(380)) - 0bdd9968-2d86-4240-beed-cd66aabfe01b-SegmentedRaftLogWorker:Storage Directory /tmp/workdir/hadoop-ozone/integration-test/target/test-dir/MiniOzoneClusterImpl-b5de90c5-b484-4e33-801d-b03755977809/datanode-3/data/ratis/8226eda5-ee79-47d5-b461-8407eb3ee0dc: Starting segment from index:0
2019-07-13 14:47:07,559 INFO  impl.RaftServerImpl (ServerState.java:setRaftConf(361)) - 0bdd9968-2d86-4240-beed-cd66aabfe01b:group-8407EB3EE0DC set configuration 0: [0bdd9968-2d86-4240-beed-cd66aabfe01b:192.168.5.172:37589], old=null at 0
2019-07-13 14:47:07,580 INFO  segmented.SegmentedRaftLogWorker (SegmentedRaftLogWorker.java:execute(569)) - 0bdd9968-2d86-4240-beed-cd66aabfe01b-SegmentedRaftLogWorker:Storage Directory /tmp/workdir/hadoop-ozone/integration-test/target/test-dir/MiniOzoneClusterImpl-b5de90c5-b484-4e33-801d-b03755977809/datanode-3/data/ratis/8226eda5-ee79-47d5-b461-8407eb3ee0dc: created new log segment /tmp/workdir/hadoop-ozone/integration-test/target/test-dir/MiniOzoneClusterImpl-b5de90c5-b484-4e33-801d-b03755977809/datanode-3/data/ratis/8226eda5-ee79-47d5-b461-8407eb3ee0dc/current/log_inprogress_0
2019-07-13 14:47:07,886 INFO  impl.FollowerState (FollowerState.java:run(106)) - f843f5bb-a2db-4471-a48c-08a4c9de360c:group-DC34E9B0DA69 changes to CANDIDATE, lastRpcTime:5200, electionTimeout:5200ms
2019-07-13 14:47:07,886 INFO  impl.RoleInfo (RoleInfo.java:shutdownFollowerState(121)) - f843f5bb-a2db-4471-a48c-08a4c9de360c: shutdown FollowerState
2019-07-13 14:47:07,886 INFO  impl.RaftServerImpl (RaftServerImpl.java:setRole(171)) - f843f5bb-a2db-4471-a48c-08a4c9de360c:group-DC34E9B0DA69 changes role from FOLLOWER to CANDIDATE at term 0 for changeToCandidate
2019-07-13 14:47:07,887 INFO  impl.RoleInfo (RoleInfo.java:updateAndGet(143)) - f843f5bb-a2db-4471-a48c-08a4c9de360c: start LeaderElection
2019-07-13 14:47:07,904 INFO  impl.LeaderElection (LeaderElection.java:askForVotes(181)) - f843f5bb-a2db-4471-a48c-08a4c9de360c:group-DC34E9B0DA69:LeaderElection30: begin an election at term 1 for -1: [f843f5bb-a2db-4471-a48c-08a4c9de360c:192.168.5.172:45729], old=null
2019-07-13 14:47:07,905 INFO  impl.RoleInfo (RoleInfo.java:shutdownLeaderElection(134)) - f843f5bb-a2db-4471-a48c-08a4c9de360c: shutdown LeaderElection
2019-07-13 14:47:07,905 INFO  impl.RaftServerImpl (RaftServerImpl.java:setRole(171)) - f843f5bb-a2db-4471-a48c-08a4c9de360c:group-DC34E9B0DA69 changes role from CANDIDATE to LEADER at term 1 for changeToLeader
2019-07-13 14:47:07,905 INFO  impl.RaftServerImpl (ServerState.java:setLeader(263)) - f843f5bb-a2db-4471-a48c-08a4c9de360c:group-DC34E9B0DA69 change Leader from null to f843f5bb-a2db-4471-a48c-08a4c9de360c at term 1 for becomeLeader, leader elected after 5224ms
2019-07-13 14:47:07,905 INFO  server.RaftServerConfigKeys (ConfUtils.java:logGet(43)) - raft.server.staging.catchup.gap = 1000 (default)
2019-07-13 14:47:07,905 INFO  server.RaftServerConfigKeys (ConfUtils.java:logGet(43)) - raft.server.rpc.sleep.time = 25ms (default)
2019-07-13 14:47:07,905 INFO  server.RaftServerConfigKeys (ConfUtils.java:logGet(43)) - raft.server.write.element-limit = 4096 (default)
2019-07-13 14:47:07,905 INFO  server.RaftServerConfigKeys (ConfUtils.java:logGet(43)) - raft.server.watch.timeout = 10s (default)
2019-07-13 14:47:07,906 INFO  server.RaftServerConfigKeys (ConfUtils.java:logGet(43)) - raft.server.watch.timeout.denomination = 1s (default)
2019-07-13 14:47:07,906 INFO  server.RaftServerConfigKeys (ConfUtils.java:logGet(43)) - raft.server.watch.element-limit = 65536 (default)
2019-07-13 14:47:07,906 INFO  impl.RoleInfo (RoleInfo.java:updateAndGet(143)) - f843f5bb-a2db-4471-a48c-08a4c9de360c: start LeaderState
2019-07-13 14:47:07,906 INFO  segmented.SegmentedRaftLogWorker (SegmentedRaftLogWorker.java:startLogSegment(380)) - f843f5bb-a2db-4471-a48c-08a4c9de360c-SegmentedRaftLogWorker:Storage Directory /tmp/workdir/hadoop-ozone/integration-test/target/test-dir/MiniOzoneClusterImpl-b5de90c5-b484-4e33-801d-b03755977809/datanode-4/data/ratis/f8b868e7-0edf-45e4-9d02-dc34e9b0da69: Starting segment from index:0
2019-07-13 14:47:07,907 INFO  impl.RaftServerImpl (ServerState.java:setRaftConf(361)) - f843f5bb-a2db-4471-a48c-08a4c9de360c:group-DC34E9B0DA69 set configuration 0: [f843f5bb-a2db-4471-a48c-08a4c9de360c:192.168.5.172:45729], old=null at 0
2019-07-13 14:47:07,929 INFO  segmented.SegmentedRaftLogWorker (SegmentedRaftLogWorker.java:execute(569)) - f843f5bb-a2db-4471-a48c-08a4c9de360c-SegmentedRaftLogWorker:Storage Directory /tmp/workdir/hadoop-ozone/integration-test/target/test-dir/MiniOzoneClusterImpl-b5de90c5-b484-4e33-801d-b03755977809/datanode-4/data/ratis/f8b868e7-0edf-45e4-9d02-dc34e9b0da69: created new log segment /tmp/workdir/hadoop-ozone/integration-test/target/test-dir/MiniOzoneClusterImpl-b5de90c5-b484-4e33-801d-b03755977809/datanode-4/data/ratis/f8b868e7-0edf-45e4-9d02-dc34e9b0da69/current/log_inprogress_0
2019-07-13 14:47:08,014 INFO  impl.FollowerState (FollowerState.java:run(106)) - 5ef6f3f4-ea78-4651-8571-2de0b846f909:group-269BFC7A5953 changes to CANDIDATE, lastRpcTime:5044, electionTimeout:5044ms
2019-07-13 14:47:08,015 INFO  impl.RoleInfo (RoleInfo.java:shutdownFollowerState(121)) - 5ef6f3f4-ea78-4651-8571-2de0b846f909: shutdown FollowerState
2019-07-13 14:47:08,015 INFO  impl.RaftServerImpl (RaftServerImpl.java:setRole(171)) - 5ef6f3f4-ea78-4651-8571-2de0b846f909:group-269BFC7A5953 changes role from FOLLOWER to CANDIDATE at term 0 for changeToCandidate
2019-07-13 14:47:08,015 INFO  impl.RoleInfo (RoleInfo.java:updateAndGet(143)) - 5ef6f3f4-ea78-4651-8571-2de0b846f909: start LeaderElection
2019-07-13 14:47:08,032 INFO  impl.FollowerState (FollowerState.java:run(106)) - f843f5bb-a2db-4471-a48c-08a4c9de360c:group-269BFC7A5953 changes to CANDIDATE, lastRpcTime:5061, electionTimeout:5049ms
2019-07-13 14:47:08,032 INFO  impl.FollowerState (FollowerState.java:run(106)) - 5ef6f3f4-ea78-4651-8571-2de0b846f909:group-C936AAFB7D3B changes to CANDIDATE, lastRpcTime:5106, electionTimeout:5099ms
2019-07-13 14:47:08,032 INFO  impl.RoleInfo (RoleInfo.java:shutdownFollowerState(121)) - f843f5bb-a2db-4471-a48c-08a4c9de360c: shutdown FollowerState
2019-07-13 14:47:08,032 INFO  impl.RoleInfo (RoleInfo.java:shutdownFollowerState(121)) - 5ef6f3f4-ea78-4651-8571-2de0b846f909: shutdown FollowerState
2019-07-13 14:47:08,033 INFO  impl.RaftServerImpl (RaftServerImpl.java:setRole(171)) - f843f5bb-a2db-4471-a48c-08a4c9de360c:group-269BFC7A5953 changes role from FOLLOWER to CANDIDATE at term 0 for changeToCandidate
2019-07-13 14:47:08,033 INFO  impl.RaftServerImpl (RaftServerImpl.java:setRole(171)) - 5ef6f3f4-ea78-4651-8571-2de0b846f909:group-C936AAFB7D3B changes role from FOLLOWER to CANDIDATE at term 0 for changeToCandidate
2019-07-13 14:47:08,033 INFO  impl.RoleInfo (RoleInfo.java:updateAndGet(143)) - f843f5bb-a2db-4471-a48c-08a4c9de360c: start LeaderElection
2019-07-13 14:47:08,033 INFO  impl.RoleInfo (RoleInfo.java:updateAndGet(143)) - 5ef6f3f4-ea78-4651-8571-2de0b846f909: start LeaderElection
2019-07-13 14:47:08,042 INFO  impl.LeaderElection (LeaderElection.java:askForVotes(181)) - 5ef6f3f4-ea78-4651-8571-2de0b846f909:group-269BFC7A5953:LeaderElection31: begin an election at term 1 for -1: [0bdd9968-2d86-4240-beed-cd66aabfe01b:192.168.5.172:37589, 5ef6f3f4-ea78-4651-8571-2de0b846f909:192.168.5.172:43918, f843f5bb-a2db-4471-a48c-08a4c9de360c:192.168.5.172:45729], old=null
2019-07-13 14:47:08,058 INFO  impl.LeaderElection (LeaderElection.java:askForVotes(181)) - 5ef6f3f4-ea78-4651-8571-2de0b846f909:group-C936AAFB7D3B:LeaderElection33: begin an election at term 1 for -1: [5ef6f3f4-ea78-4651-8571-2de0b846f909:192.168.5.172:43918], old=null
2019-07-13 14:47:08,058 INFO  impl.LeaderElection (LeaderElection.java:askForVotes(181)) - f843f5bb-a2db-4471-a48c-08a4c9de360c:group-269BFC7A5953:LeaderElection32: begin an election at term 1 for -1: [0bdd9968-2d86-4240-beed-cd66aabfe01b:192.168.5.172:37589, 5ef6f3f4-ea78-4651-8571-2de0b846f909:192.168.5.172:43918, f843f5bb-a2db-4471-a48c-08a4c9de360c:192.168.5.172:45729], old=null
2019-07-13 14:47:08,058 INFO  impl.RoleInfo (RoleInfo.java:shutdownLeaderElection(134)) - 5ef6f3f4-ea78-4651-8571-2de0b846f909: shutdown LeaderElection
2019-07-13 14:47:08,058 INFO  impl.RaftServerImpl (RaftServerImpl.java:setRole(171)) - 5ef6f3f4-ea78-4651-8571-2de0b846f909:group-C936AAFB7D3B changes role from CANDIDATE to LEADER at term 1 for changeToLeader
2019-07-13 14:47:08,059 INFO  impl.RaftServerImpl (ServerState.java:setLeader(263)) - 5ef6f3f4-ea78-4651-8571-2de0b846f909:group-C936AAFB7D3B change Leader from null to 5ef6f3f4-ea78-4651-8571-2de0b846f909 at term 1 for becomeLeader, leader elected after 5142ms
2019-07-13 14:47:08,059 INFO  server.RaftServerConfigKeys (ConfUtils.java:logGet(43)) - raft.server.staging.catchup.gap = 1000 (default)
2019-07-13 14:47:08,059 INFO  server.RaftServerConfigKeys (ConfUtils.java:logGet(43)) - raft.server.rpc.sleep.time = 25ms (default)
2019-07-13 14:47:08,059 INFO  server.RaftServerConfigKeys (ConfUtils.java:logGet(43)) - raft.server.write.element-limit = 4096 (default)
2019-07-13 14:47:08,059 INFO  server.RaftServerConfigKeys (ConfUtils.java:logGet(43)) - raft.server.watch.timeout = 10s (default)
2019-07-13 14:47:08,059 INFO  server.RaftServerConfigKeys (ConfUtils.java:logGet(43)) - raft.server.watch.timeout.denomination = 1s (default)
2019-07-13 14:47:08,059 INFO  server.RaftServerConfigKeys (ConfUtils.java:logGet(43)) - raft.server.watch.element-limit = 65536 (default)
2019-07-13 14:47:08,060 INFO  impl.RoleInfo (RoleInfo.java:updateAndGet(143)) - 5ef6f3f4-ea78-4651-8571-2de0b846f909: start LeaderState
2019-07-13 14:47:08,060 INFO  segmented.SegmentedRaftLogWorker (SegmentedRaftLogWorker.java:startLogSegment(380)) - 5ef6f3f4-ea78-4651-8571-2de0b846f909-SegmentedRaftLogWorker:Storage Directory /tmp/workdir/hadoop-ozone/integration-test/target/test-dir/MiniOzoneClusterImpl-b5de90c5-b484-4e33-801d-b03755977809/datanode-5/data/ratis/7b30ab18-d657-4737-a829-c936aafb7d3b: Starting segment from index:0
2019-07-13 14:47:08,061 INFO  impl.RaftServerImpl (ServerState.java:setRaftConf(361)) - 5ef6f3f4-ea78-4651-8571-2de0b846f909:group-C936AAFB7D3B set configuration 0: [5ef6f3f4-ea78-4651-8571-2de0b846f909:192.168.5.172:43918], old=null at 0
2019-07-13 14:47:08,082 INFO  impl.RaftServerImpl (RaftServerImpl.java:setRole(171)) - 0bdd9968-2d86-4240-beed-cd66aabfe01b:group-269BFC7A5953 changes role from FOLLOWER to FOLLOWER at term 1 for recognizeCandidate:5ef6f3f4-ea78-4651-8571-2de0b846f909
2019-07-13 14:47:08,083 INFO  impl.RoleInfo (RoleInfo.java:shutdownFollowerState(121)) - 0bdd9968-2d86-4240-beed-cd66aabfe01b: shutdown FollowerState
2019-07-13 14:47:08,083 INFO  impl.RoleInfo (RoleInfo.java:updateAndGet(143)) - 0bdd9968-2d86-4240-beed-cd66aabfe01b: start FollowerState
2019-07-13 14:47:08,083 INFO  impl.FollowerState (FollowerState.java:run(114)) - 0bdd9968-2d86-4240-beed-cd66aabfe01b: FollowerState was interrupted: java.lang.InterruptedException: sleep interrupted
2019-07-13 14:47:08,088 INFO  segmented.SegmentedRaftLogWorker (SegmentedRaftLogWorker.java:execute(569)) - 5ef6f3f4-ea78-4651-8571-2de0b846f909-SegmentedRaftLogWorker:Storage Directory /tmp/workdir/hadoop-ozone/integration-test/target/test-dir/MiniOzoneClusterImpl-b5de90c5-b484-4e33-801d-b03755977809/datanode-5/data/ratis/7b30ab18-d657-4737-a829-c936aafb7d3b: created new log segment /tmp/workdir/hadoop-ozone/integration-test/target/test-dir/MiniOzoneClusterImpl-b5de90c5-b484-4e33-801d-b03755977809/datanode-5/data/ratis/7b30ab18-d657-4737-a829-c936aafb7d3b/current/log_inprogress_0
2019-07-13 14:47:08,096 INFO  impl.LeaderElection (LeaderElection.java:logAndReturn(56)) - 5ef6f3f4-ea78-4651-8571-2de0b846f909:group-269BFC7A5953:LeaderElection31: Election PASSED; received 2 response(s) [5ef6f3f4-ea78-4651-8571-2de0b846f909<-0bdd9968-2d86-4240-beed-cd66aabfe01b#0:OK-t1, 5ef6f3f4-ea78-4651-8571-2de0b846f909<-f843f5bb-a2db-4471-a48c-08a4c9de360c#0:FAIL-t1] and 0 exception(s); 5ef6f3f4-ea78-4651-8571-2de0b846f909:t1, leader=null, voted=5ef6f3f4-ea78-4651-8571-2de0b846f909, raftlog=5ef6f3f4-ea78-4651-8571-2de0b846f909-SegmentedRaftLog:OPENED:c-1,f-1,i0, conf=-1: [0bdd9968-2d86-4240-beed-cd66aabfe01b:192.168.5.172:37589, 5ef6f3f4-ea78-4651-8571-2de0b846f909:192.168.5.172:43918, f843f5bb-a2db-4471-a48c-08a4c9de360c:192.168.5.172:45729], old=null
2019-07-13 14:47:08,096 INFO  impl.RoleInfo (RoleInfo.java:shutdownLeaderElection(134)) - 5ef6f3f4-ea78-4651-8571-2de0b846f909: shutdown LeaderElection
2019-07-13 14:47:08,096 INFO  impl.LeaderElection (LeaderElection.java:logAndReturn(56)) - f843f5bb-a2db-4471-a48c-08a4c9de360c:group-269BFC7A5953:LeaderElection32: Election REJECTED; received 2 response(s) [f843f5bb-a2db-4471-a48c-08a4c9de360c<-0bdd9968-2d86-4240-beed-cd66aabfe01b#0:FAIL-t1, f843f5bb-a2db-4471-a48c-08a4c9de360c<-5ef6f3f4-ea78-4651-8571-2de0b846f909#0:FAIL-t1] and 0 exception(s); f843f5bb-a2db-4471-a48c-08a4c9de360c:t1, leader=null, voted=f843f5bb-a2db-4471-a48c-08a4c9de360c, raftlog=f843f5bb-a2db-4471-a48c-08a4c9de360c-SegmentedRaftLog:OPENED:c-1,f-1,i0, conf=-1: [0bdd9968-2d86-4240-beed-cd66aabfe01b:192.168.5.172:37589, 5ef6f3f4-ea78-4651-8571-2de0b846f909:192.168.5.172:43918, f843f5bb-a2db-4471-a48c-08a4c9de360c:192.168.5.172:45729], old=null
2019-07-13 14:47:08,096 INFO  impl.RaftServerImpl (RaftServerImpl.java:setRole(171)) - 5ef6f3f4-ea78-4651-8571-2de0b846f909:group-269BFC7A5953 changes role from CANDIDATE to LEADER at term 1 for changeToLeader
2019-07-13 14:47:08,096 INFO  impl.RaftServerImpl (RaftServerImpl.java:setRole(171)) - f843f5bb-a2db-4471-a48c-08a4c9de360c:group-269BFC7A5953 changes role from CANDIDATE to FOLLOWER at term 1 for DISCOVERED_A_NEW_TERM
2019-07-13 14:47:08,096 INFO  impl.RaftServerImpl (ServerState.java:setLeader(263)) - 5ef6f3f4-ea78-4651-8571-2de0b846f909:group-269BFC7A5953 change Leader from null to 5ef6f3f4-ea78-4651-8571-2de0b846f909 at term 1 for becomeLeader, leader elected after 5133ms
2019-07-13 14:47:08,096 INFO  impl.RoleInfo (RoleInfo.java:shutdownLeaderElection(134)) - f843f5bb-a2db-4471-a48c-08a4c9de360c: shutdown LeaderElection
2019-07-13 14:47:08,097 INFO  server.RaftServerConfigKeys (ConfUtils.java:logGet(43)) - raft.server.staging.catchup.gap = 1000 (default)
2019-07-13 14:47:08,097 INFO  impl.RoleInfo (RoleInfo.java:updateAndGet(143)) - f843f5bb-a2db-4471-a48c-08a4c9de360c: start FollowerState
2019-07-13 14:47:08,097 INFO  server.RaftServerConfigKeys (ConfUtils.java:logGet(43)) - raft.server.rpc.sleep.time = 25ms (default)
2019-07-13 14:47:08,097 INFO  server.RaftServerConfigKeys (ConfUtils.java:logGet(43)) - raft.server.write.element-limit = 4096 (default)
2019-07-13 14:47:08,097 INFO  server.RaftServerConfigKeys (ConfUtils.java:logGet(43)) - raft.server.watch.timeout = 10s (default)
2019-07-13 14:47:08,098 INFO  server.RaftServerConfigKeys (ConfUtils.java:logGet(43)) - raft.server.watch.timeout.denomination = 1s (default)
2019-07-13 14:47:08,098 INFO  server.RaftServerConfigKeys (ConfUtils.java:logGet(43)) - raft.server.watch.element-limit = 65536 (default)
2019-07-13 14:47:08,098 INFO  server.RaftServerConfigKeys (ConfUtils.java:logGet(43)) - raft.server.log.appender.snapshot.chunk.size.max = 16MB (=16777216) (default)
2019-07-13 14:47:08,098 INFO  server.RaftServerConfigKeys (ConfUtils.java:logGet(43)) - raft.server.log.appender.buffer.byte-limit = 33554432 (custom)
2019-07-13 14:47:08,098 INFO  server.RaftServerConfigKeys (ConfUtils.java:logGet(43)) - raft.server.log.appender.buffer.element-limit = 1 (custom)
2019-07-13 14:47:08,099 INFO  grpc.GrpcConfigKeys$Server (ConfUtils.java:logGet(43)) - raft.grpc.server.leader.outstanding.appends.max = 128 (default)
2019-07-13 14:47:08,099 INFO  server.RaftServerConfigKeys (ConfUtils.java:logGet(43)) - raft.server.rpc.request.timeout = 3000ms (default)
2019-07-13 14:47:08,099 INFO  server.RaftServerConfigKeys (ConfUtils.java:logGet(43)) - raft.server.log.appender.install.snapshot.enabled = false (custom)
2019-07-13 14:47:08,099 INFO  server.RaftServerConfigKeys (ConfUtils.java:logGet(43)) - raft.server.log.appender.snapshot.chunk.size.max = 16MB (=16777216) (default)
2019-07-13 14:47:08,100 INFO  server.RaftServerConfigKeys (ConfUtils.java:logGet(43)) - raft.server.log.appender.buffer.byte-limit = 33554432 (custom)
2019-07-13 14:47:08,100 INFO  server.RaftServerConfigKeys (ConfUtils.java:logGet(43)) - raft.server.log.appender.buffer.element-limit = 1 (custom)
2019-07-13 14:47:08,100 INFO  grpc.GrpcConfigKeys$Server (ConfUtils.java:logGet(43)) - raft.grpc.server.leader.outstanding.appends.max = 128 (default)
2019-07-13 14:47:08,100 INFO  server.RaftServerConfigKeys (ConfUtils.java:logGet(43)) - raft.server.rpc.request.timeout = 3000ms (default)
2019-07-13 14:47:08,100 INFO  server.RaftServerConfigKeys (ConfUtils.java:logGet(43)) - raft.server.log.appender.install.snapshot.enabled = false (custom)
2019-07-13 14:47:08,101 INFO  impl.RoleInfo (RoleInfo.java:updateAndGet(143)) - 5ef6f3f4-ea78-4651-8571-2de0b846f909: start LeaderState
2019-07-13 14:47:08,101 INFO  segmented.SegmentedRaftLogWorker (SegmentedRaftLogWorker.java:startLogSegment(380)) - 5ef6f3f4-ea78-4651-8571-2de0b846f909-SegmentedRaftLogWorker:Storage Directory /tmp/workdir/hadoop-ozone/integration-test/target/test-dir/MiniOzoneClusterImpl-b5de90c5-b484-4e33-801d-b03755977809/datanode-5/data/ratis/1fa640f2-37ea-4c46-9870-269bfc7a5953: Starting segment from index:0
2019-07-13 14:47:08,102 INFO  impl.RaftServerImpl (ServerState.java:setRaftConf(361)) - 5ef6f3f4-ea78-4651-8571-2de0b846f909:group-269BFC7A5953 set configuration 0: [0bdd9968-2d86-4240-beed-cd66aabfe01b:192.168.5.172:37589, 5ef6f3f4-ea78-4651-8571-2de0b846f909:192.168.5.172:43918, f843f5bb-a2db-4471-a48c-08a4c9de360c:192.168.5.172:45729], old=null at 0
2019-07-13 14:47:08,103 INFO  impl.RaftServerImpl (ServerState.java:setLeader(263)) - 0bdd9968-2d86-4240-beed-cd66aabfe01b:group-269BFC7A5953 change Leader from null to 5ef6f3f4-ea78-4651-8571-2de0b846f909 at term 1 for appendEntries, leader elected after 5141ms
2019-07-13 14:47:08,104 INFO  impl.RaftServerImpl (ServerState.java:setLeader(263)) - f843f5bb-a2db-4471-a48c-08a4c9de360c:group-269BFC7A5953 change Leader from null to 5ef6f3f4-ea78-4651-8571-2de0b846f909 at term 1 for appendEntries, leader elected after 5143ms
2019-07-13 14:47:08,108 INFO  impl.RaftServerImpl (ServerState.java:setRaftConf(361)) - 0bdd9968-2d86-4240-beed-cd66aabfe01b:group-269BFC7A5953 set configuration 0: [0bdd9968-2d86-4240-beed-cd66aabfe01b:192.168.5.172:37589, 5ef6f3f4-ea78-4651-8571-2de0b846f909:192.168.5.172:43918, f843f5bb-a2db-4471-a48c-08a4c9de360c:192.168.5.172:45729], old=null at 0
2019-07-13 14:47:08,108 INFO  impl.RaftServerImpl (ServerState.java:setRaftConf(361)) - f843f5bb-a2db-4471-a48c-08a4c9de360c:group-269BFC7A5953 set configuration 0: [0bdd9968-2d86-4240-beed-cd66aabfe01b:192.168.5.172:37589, 5ef6f3f4-ea78-4651-8571-2de0b846f909:192.168.5.172:43918, f843f5bb-a2db-4471-a48c-08a4c9de360c:192.168.5.172:45729], old=null at 0
2019-07-13 14:47:08,108 INFO  segmented.SegmentedRaftLogWorker (SegmentedRaftLogWorker.java:startLogSegment(380)) - 0bdd9968-2d86-4240-beed-cd66aabfe01b-SegmentedRaftLogWorker:Storage Directory /tmp/workdir/hadoop-ozone/integration-test/target/test-dir/MiniOzoneClusterImpl-b5de90c5-b484-4e33-801d-b03755977809/datanode-3/data/ratis/1fa640f2-37ea-4c46-9870-269bfc7a5953: Starting segment from index:0
2019-07-13 14:47:08,108 INFO  segmented.SegmentedRaftLogWorker (SegmentedRaftLogWorker.java:startLogSegment(380)) - f843f5bb-a2db-4471-a48c-08a4c9de360c-SegmentedRaftLogWorker:Storage Directory /tmp/workdir/hadoop-ozone/integration-test/target/test-dir/MiniOzoneClusterImpl-b5de90c5-b484-4e33-801d-b03755977809/datanode-4/data/ratis/1fa640f2-37ea-4c46-9870-269bfc7a5953: Starting segment from index:0
2019-07-13 14:47:08,122 INFO  segmented.SegmentedRaftLogWorker (SegmentedRaftLogWorker.java:execute(569)) - 5ef6f3f4-ea78-4651-8571-2de0b846f909-SegmentedRaftLogWorker:Storage Directory /tmp/workdir/hadoop-ozone/integration-test/target/test-dir/MiniOzoneClusterImpl-b5de90c5-b484-4e33-801d-b03755977809/datanode-5/data/ratis/1fa640f2-37ea-4c46-9870-269bfc7a5953: created new log segment /tmp/workdir/hadoop-ozone/integration-test/target/test-dir/MiniOzoneClusterImpl-b5de90c5-b484-4e33-801d-b03755977809/datanode-5/data/ratis/1fa640f2-37ea-4c46-9870-269bfc7a5953/current/log_inprogress_0
2019-07-13 14:47:08,131 INFO  segmented.SegmentedRaftLogWorker (SegmentedRaftLogWorker.java:execute(569)) - 0bdd9968-2d86-4240-beed-cd66aabfe01b-SegmentedRaftLogWorker:Storage Directory /tmp/workdir/hadoop-ozone/integration-test/target/test-dir/MiniOzoneClusterImpl-b5de90c5-b484-4e33-801d-b03755977809/datanode-3/data/ratis/1fa640f2-37ea-4c46-9870-269bfc7a5953: created new log segment /tmp/workdir/hadoop-ozone/integration-test/target/test-dir/MiniOzoneClusterImpl-b5de90c5-b484-4e33-801d-b03755977809/datanode-3/data/ratis/1fa640f2-37ea-4c46-9870-269bfc7a5953/current/log_inprogress_0
2019-07-13 14:47:08,131 INFO  segmented.SegmentedRaftLogWorker (SegmentedRaftLogWorker.java:execute(569)) - f843f5bb-a2db-4471-a48c-08a4c9de360c-SegmentedRaftLogWorker:Storage Directory /tmp/workdir/hadoop-ozone/integration-test/target/test-dir/MiniOzoneClusterImpl-b5de90c5-b484-4e33-801d-b03755977809/datanode-4/data/ratis/1fa640f2-37ea-4c46-9870-269bfc7a5953: created new log segment /tmp/workdir/hadoop-ozone/integration-test/target/test-dir/MiniOzoneClusterImpl-b5de90c5-b484-4e33-801d-b03755977809/datanode-4/data/ratis/1fa640f2-37ea-4c46-9870-269bfc7a5953/current/log_inprogress_0
2019-07-13 14:47:08,272 INFO  impl.FollowerState (FollowerState.java:run(106)) - bee116bf-1e18-448f-8af7-76d0454f8556:group-3014A2610859 changes to CANDIDATE, lastRpcTime:5186, electionTimeout:5186ms
2019-07-13 14:47:08,272 INFO  impl.RoleInfo (RoleInfo.java:shutdownFollowerState(121)) - bee116bf-1e18-448f-8af7-76d0454f8556: shutdown FollowerState
2019-07-13 14:47:08,272 INFO  impl.RaftServerImpl (RaftServerImpl.java:setRole(171)) - bee116bf-1e18-448f-8af7-76d0454f8556:group-3014A2610859 changes role from FOLLOWER to CANDIDATE at term 0 for changeToCandidate
2019-07-13 14:47:08,272 INFO  impl.RoleInfo (RoleInfo.java:updateAndGet(143)) - bee116bf-1e18-448f-8af7-76d0454f8556: start LeaderElection
2019-07-13 14:47:08,300 INFO  impl.LeaderElection (LeaderElection.java:askForVotes(181)) - bee116bf-1e18-448f-8af7-76d0454f8556:group-3014A2610859:LeaderElection34: begin an election at term 1 for -1: [bee116bf-1e18-448f-8af7-76d0454f8556:192.168.5.172:39805], old=null
2019-07-13 14:47:08,301 INFO  impl.RoleInfo (RoleInfo.java:shutdownLeaderElection(134)) - bee116bf-1e18-448f-8af7-76d0454f8556: shutdown LeaderElection
2019-07-13 14:47:08,301 INFO  impl.RaftServerImpl (RaftServerImpl.java:setRole(171)) - bee116bf-1e18-448f-8af7-76d0454f8556:group-3014A2610859 changes role from CANDIDATE to LEADER at term 1 for changeToLeader
2019-07-13 14:47:08,301 INFO  impl.RaftServerImpl (ServerState.java:setLeader(263)) - bee116bf-1e18-448f-8af7-76d0454f8556:group-3014A2610859 change Leader from null to bee116bf-1e18-448f-8af7-76d0454f8556 at term 1 for becomeLeader, leader elected after 5220ms
2019-07-13 14:47:08,301 INFO  server.RaftServerConfigKeys (ConfUtils.java:logGet(43)) - raft.server.staging.catchup.gap = 1000 (default)
2019-07-13 14:47:08,301 INFO  server.RaftServerConfigKeys (ConfUtils.java:logGet(43)) - raft.server.rpc.sleep.time = 25ms (default)
2019-07-13 14:47:08,301 INFO  server.RaftServerConfigKeys (ConfUtils.java:logGet(43)) - raft.server.write.element-limit = 4096 (default)
2019-07-13 14:47:08,302 INFO  server.RaftServerConfigKeys (ConfUtils.java:logGet(43)) - raft.server.watch.timeout = 10s (default)
2019-07-13 14:47:08,302 INFO  server.RaftServerConfigKeys (ConfUtils.java:logGet(43)) - raft.server.watch.timeout.denomination = 1s (default)
2019-07-13 14:47:08,302 INFO  server.RaftServerConfigKeys (ConfUtils.java:logGet(43)) - raft.server.watch.element-limit = 65536 (default)
2019-07-13 14:47:08,302 INFO  impl.RoleInfo (RoleInfo.java:updateAndGet(143)) - bee116bf-1e18-448f-8af7-76d0454f8556: start LeaderState
2019-07-13 14:47:08,302 INFO  segmented.SegmentedRaftLogWorker (SegmentedRaftLogWorker.java:startLogSegment(380)) - bee116bf-1e18-448f-8af7-76d0454f8556-SegmentedRaftLogWorker:Storage Directory /tmp/workdir/hadoop-ozone/integration-test/target/test-dir/MiniOzoneClusterImpl-b5de90c5-b484-4e33-801d-b03755977809/datanode-6/data/ratis/364b2177-ff8b-4959-ac8f-3014a2610859: Starting segment from index:0
2019-07-13 14:47:08,303 INFO  impl.RaftServerImpl (ServerState.java:setRaftConf(361)) - bee116bf-1e18-448f-8af7-76d0454f8556:group-3014A2610859 set configuration 0: [bee116bf-1e18-448f-8af7-76d0454f8556:192.168.5.172:39805], old=null at 0
2019-07-13 14:47:08,328 INFO  client.GrpcClientProtocolClient (GrpcClientProtocolClient.java:onNext(255)) - client-30BF574D8FCA->b3b35bbc-ecb3-4089-a051-cdbc3e98c858: receive RaftClientReply:client-30BF574D8FCA->b3b35bbc-ecb3-4089-a051-cdbc3e98c858@group-341ADAD4CF57, cid=54, FAILED org.apache.ratis.protocol.NotLeaderException: Server b3b35bbc-ecb3-4089-a051-cdbc3e98c858 is not the leader (d09ac996-a1e3-4fee-879f-5fae352d8083:192.168.5.172:41705). Request must be sent to leader., logIndex=0, commits[b3b35bbc-ecb3-4089-a051-cdbc3e98c858:c-1, df0f1f66-3432-46de-9fbe-84c0ce15a20c:c-1, d09ac996-a1e3-4fee-879f-5fae352d8083:c-1]
2019-07-13 14:47:08,332 INFO  segmented.SegmentedRaftLogWorker (SegmentedRaftLogWorker.java:execute(569)) - bee116bf-1e18-448f-8af7-76d0454f8556-SegmentedRaftLogWorker:Storage Directory /tmp/workdir/hadoop-ozone/integration-test/target/test-dir/MiniOzoneClusterImpl-b5de90c5-b484-4e33-801d-b03755977809/datanode-6/data/ratis/364b2177-ff8b-4959-ac8f-3014a2610859: created new log segment /tmp/workdir/hadoop-ozone/integration-test/target/test-dir/MiniOzoneClusterImpl-b5de90c5-b484-4e33-801d-b03755977809/datanode-6/data/ratis/364b2177-ff8b-4959-ac8f-3014a2610859/current/log_inprogress_0
2019-07-13 14:47:08,418 INFO  client.GrpcClientProtocolClient (GrpcClientProtocolClient.java:onNext(255)) - client-30BF574D8FCA->d09ac996-a1e3-4fee-879f-5fae352d8083: receive RaftClientReply:client-30BF574D8FCA->d09ac996-a1e3-4fee-879f-5fae352d8083@group-341ADAD4CF57, cid=54, SUCCESS, logIndex=1, commits[d09ac996-a1e3-4fee-879f-5fae352d8083:c2, df0f1f66-3432-46de-9fbe-84c0ce15a20c:c1, b3b35bbc-ecb3-4089-a051-cdbc3e98c858:c1]
2019-07-13 14:47:08,419 INFO  datanode.ObjectStoreHandler (ObjectStoreHandler.java:close(155)) - Closing ObjectStoreHandler.
2019-07-13 14:47:08,462 INFO  ozone.HddsDatanodeService (HddsDatanodeService.java:stop(452)) - Stopped plug-in org.apache.hadoop.ozone.web.OzoneHddsDatanodeService@699bb304
2019-07-13 14:47:13,468 INFO  statemachine.DatanodeStateMachine (DatanodeStateMachine.java:lambda$startDaemon$0(350)) - Ozone container server started.
2019-07-13 14:47:13,469 INFO  ozoneimpl.OzoneContainer (OzoneContainer.java:stop(199)) - Attempting to stop container services.
2019-07-13 14:47:13,470 INFO  impl.RaftServerProxy (RaftServerProxy.java:lambda$close$4(314)) - df0f1f66-3432-46de-9fbe-84c0ce15a20c: close
2019-07-13 14:47:13,470 INFO  impl.RaftServerImpl (RaftServerImpl.java:lambda$shutdown$3(245)) - df0f1f66-3432-46de-9fbe-84c0ce15a20c: shutdown group-F56BAA487CE0
2019-07-13 14:47:13,470 INFO  impl.RaftServerImpl (RaftServerImpl.java:lambda$shutdown$3(245)) - df0f1f66-3432-46de-9fbe-84c0ce15a20c: shutdown group-341ADAD4CF57
2019-07-13 14:47:13,471 INFO  util.JmxRegister (JmxRegister.java:unregister(73)) - Successfully un-registered JMX Bean with object name Ratis:service=RaftServer,group=group-F56BAA487CE0,id=df0f1f66-3432-46de-9fbe-84c0ce15a20c
2019-07-13 14:47:13,471 INFO  util.JmxRegister (JmxRegister.java:unregister(73)) - Successfully un-registered JMX Bean with object name Ratis:service=RaftServer,group=group-341ADAD4CF57,id=df0f1f66-3432-46de-9fbe-84c0ce15a20c
2019-07-13 14:47:13,471 INFO  impl.RoleInfo (RoleInfo.java:shutdownLeaderState(104)) - df0f1f66-3432-46de-9fbe-84c0ce15a20c: shutdown LeaderState
2019-07-13 14:47:13,471 INFO  impl.RoleInfo (RoleInfo.java:shutdownFollowerState(121)) - df0f1f66-3432-46de-9fbe-84c0ce15a20c: shutdown FollowerState
2019-07-13 14:47:13,472 INFO  impl.PendingRequests (PendingRequests.java:sendNotLeaderResponses(202)) - df0f1f66-3432-46de-9fbe-84c0ce15a20c-PendingRequests: sendNotLeaderResponses
2019-07-13 14:47:13,472 INFO  impl.FollowerState (FollowerState.java:run(114)) - df0f1f66-3432-46de-9fbe-84c0ce15a20c: FollowerState was interrupted: java.lang.InterruptedException: sleep interrupted
2019-07-13 14:47:13,472 INFO  impl.StateMachineUpdater (StateMachineUpdater.java:stopAndJoin(115)) - StateMachineUpdater:df0f1f66-3432-46de-9fbe-84c0ce15a20c:group-F56BAA487CE0: set stopIndex = 0
2019-07-13 14:47:13,472 INFO  ratis.ContainerStateMachine (ContainerStateMachine.java:takeSnapshot(246)) - Taking snapshot at termIndex:(t:1, i:1)
2019-07-13 14:47:13,472 INFO  impl.StateMachineUpdater (StateMachineUpdater.java:stopAndJoin(115)) - StateMachineUpdater:df0f1f66-3432-46de-9fbe-84c0ce15a20c:group-341ADAD4CF57: set stopIndex = 2
2019-07-13 14:47:13,480 INFO  ratis.ContainerStateMachine (ContainerStateMachine.java:takeSnapshot(250)) - Taking a snapshot to file /tmp/workdir/hadoop-ozone/integration-test/target/test-dir/MiniOzoneClusterImpl-b5de90c5-b484-4e33-801d-b03755977809/datanode-2/data/ratis/c34ee6fc-5492-494b-ba5e-341adad4cf57/sm/snapshot.1_1
2019-07-13 14:47:13,479 INFO  ratis.ContainerStateMachine (ContainerStateMachine.java:takeSnapshot(246)) - Taking snapshot at termIndex:(t:0, i:~)
2019-07-13 14:47:13,480 INFO  impl.RaftServerImpl (ServerState.java:close(394)) - df0f1f66-3432-46de-9fbe-84c0ce15a20c:group-F56BAA487CE0 closes. The last applied log index is 0
2019-07-13 14:47:13,480 INFO  impl.StateMachineUpdater (StateMachineUpdater.java:takeSnapshot(242)) - StateMachineUpdater:df0f1f66-3432-46de-9fbe-84c0ce15a20c:group-341ADAD4CF57: Took a snapshot at index 1
2019-07-13 14:47:13,481 INFO  segmented.SegmentedRaftLogWorker (SegmentedRaftLogWorker.java:run(313)) - df0f1f66-3432-46de-9fbe-84c0ce15a20c-SegmentedRaftLogWorker:Storage Directory /tmp/workdir/hadoop-ozone/integration-test/target/test-dir/MiniOzoneClusterImpl-b5de90c5-b484-4e33-801d-b03755977809/datanode-2/data/ratis/a1cad5ed-9fea-4e6f-bdc0-f56baa487ce0 was interrupted, exiting. There are 0 tasks remaining in the queue.
2019-07-13 14:47:13,481 INFO  impl.StateMachineUpdater (StateMachineUpdater.java:lambda$new$0(80)) - StateMachineUpdater:df0f1f66-3432-46de-9fbe-84c0ce15a20c:group-341ADAD4CF57: snapshotIndex: updateIncreasingly -1 -> 1
2019-07-13 14:47:13,486 INFO  impl.RaftServerImpl (ServerState.java:close(394)) - df0f1f66-3432-46de-9fbe-84c0ce15a20c:group-341ADAD4CF57 closes. The last applied log index is 2
2019-07-13 14:47:13,486 INFO  segmented.SegmentedRaftLogWorker (SegmentedRaftLogWorker.java:run(313)) - df0f1f66-3432-46de-9fbe-84c0ce15a20c-SegmentedRaftLogWorker:Storage Directory /tmp/workdir/hadoop-ozone/integration-test/target/test-dir/MiniOzoneClusterImpl-b5de90c5-b484-4e33-801d-b03755977809/datanode-2/data/ratis/c34ee6fc-5492-494b-ba5e-341adad4cf57 was interrupted, exiting. There are 0 tasks remaining in the queue.
2019-07-13 14:47:13,492 INFO  segmented.SegmentedRaftLogWorker (SegmentedRaftLogWorker.java:close(228)) - df0f1f66-3432-46de-9fbe-84c0ce15a20c-SegmentedRaftLogWorker:Storage Directory /tmp/workdir/hadoop-ozone/integration-test/target/test-dir/MiniOzoneClusterImpl-b5de90c5-b484-4e33-801d-b03755977809/datanode-2/data/ratis/a1cad5ed-9fea-4e6f-bdc0-f56baa487ce0 close()
2019-07-13 14:47:13,492 INFO  segmented.SegmentedRaftLogWorker (SegmentedRaftLogWorker.java:close(228)) - df0f1f66-3432-46de-9fbe-84c0ce15a20c-SegmentedRaftLogWorker:Storage Directory /tmp/workdir/hadoop-ozone/integration-test/target/test-dir/MiniOzoneClusterImpl-b5de90c5-b484-4e33-801d-b03755977809/datanode-2/data/ratis/c34ee6fc-5492-494b-ba5e-341adad4cf57 close()
2019-07-13 14:47:13,508 INFO  server.GrpcService (GrpcService.java:closeImpl(155)) - df0f1f66-3432-46de-9fbe-84c0ce15a20c: shutdown server with port 39169 now
2019-07-13 14:47:13,509 WARN  server.GrpcServerProtocolService (LogUtils.java:warn(134)) - df0f1f66-3432-46de-9fbe-84c0ce15a20c: appendEntries onError: org.apache.ratis.thirdparty.io.grpc.StatusRuntimeException: CANCELLED: cancelled before receiving half close
2019-07-13 14:47:13,510 INFO  server.GrpcService (GrpcService.java:closeImpl(163)) - df0f1f66-3432-46de-9fbe-84c0ce15a20c: shutdown server with port 39169 successfully
2019-07-13 14:47:13,510 WARN  server.GrpcLogAppender (LogUtils.java:warn(134)) - d09ac996-a1e3-4fee-879f-5fae352d8083->df0f1f66-3432-46de-9fbe-84c0ce15a20c: Failed appendEntries: org.apache.ratis.thirdparty.io.grpc.StatusRuntimeException: CANCELLED: HTTP/2 error code: CANCEL
Received Rst Stream
2019-07-13 14:47:13,511 INFO  impl.FollowerInfo (FollowerInfo.java:lambda$new$0(50)) - d09ac996-a1e3-4fee-879f-5fae352d8083->df0f1f66-3432-46de-9fbe-84c0ce15a20c: nextIndex: updateUnconditionally 3 -> 2
2019-07-13 14:47:13,511 INFO  utils.BackgroundService (BackgroundService.java:shutdown(148)) - Shutting down service BlockDeletingService
2019-07-13 14:47:13,512 WARN  fs.CachingGetSpaceUsed (CachingGetSpaceUsed.java:run(183)) - Thread Interrupted waiting to refresh disk information: sleep interrupted
2019-07-13 14:47:13,544 INFO  statemachine.DatanodeStateMachine (DatanodeStateMachine.java:stopDaemon(395)) - Ozone container server stopped.
2019-07-13 14:47:13,545 INFO  handler.ContextHandler (ContextHandler.java:doStop(910)) - Stopped o.e.j.w.WebAppContext@10a064bd{/,null,UNAVAILABLE}{/hddsDatanode}
2019-07-13 14:47:13,546 INFO  server.AbstractConnector (AbstractConnector.java:doStop(318)) - Stopped ServerConnector@2de7fe0e{HTTP/1.1,[http/1.1]}{0.0.0.0:0}
2019-07-13 14:47:13,547 INFO  handler.ContextHandler (ContextHandler.java:doStop(910)) - Stopped o.e.j.s.ServletContextHandler@6dbeaef8{/static,jar:file:/home/user/.m2/repository/org/apache/hadoop/hadoop-hdds-container-service/0.5.0-SNAPSHOT/hadoop-hdds-container-service-0.5.0-SNAPSHOT.jar!/webapps/static,UNAVAILABLE}
2019-07-13 14:47:13,547 INFO  handler.ContextHandler (ContextHandler.java:doStop(910)) - Stopped o.e.j.s.ServletContextHandler@2d3bb944{/logs,file:///tmp/workdir/hadoop-ozone/integration-test/target/log,UNAVAILABLE}
2019-07-13 14:47:13,548 INFO  datanode.ObjectStoreHandler (ObjectStoreHandler.java:close(155)) - Closing ObjectStoreHandler.
2019-07-13 14:47:13,549 INFO  ozone.HddsDatanodeService (HddsDatanodeService.java:stop(452)) - Stopped plug-in org.apache.hadoop.ozone.web.OzoneHddsDatanodeService@27055a2a
2019-07-13 14:47:14,430 INFO  statemachine.DatanodeStateMachine (DatanodeStateMachine.java:lambda$startDaemon$0(350)) - Ozone container server started.
2019-07-13 14:47:15,866 WARN  server.GrpcLogAppender (LogUtils.java:warn(134)) - d09ac996-a1e3-4fee-879f-5fae352d8083->df0f1f66-3432-46de-9fbe-84c0ce15a20c: Failed appendEntries: org.apache.ratis.thirdparty.io.grpc.StatusRuntimeException: UNAVAILABLE: io exception
2019-07-13 14:47:15,867 INFO  impl.FollowerInfo (FollowerInfo.java:lambda$new$0(50)) - d09ac996-a1e3-4fee-879f-5fae352d8083->df0f1f66-3432-46de-9fbe-84c0ce15a20c: nextIndex: updateUnconditionally 2 -> 1
2019-07-13 14:47:18,367 WARN  server.GrpcLogAppender (LogUtils.java:warn(134)) - d09ac996-a1e3-4fee-879f-5fae352d8083->df0f1f66-3432-46de-9fbe-84c0ce15a20c: Failed appendEntries: org.apache.ratis.thirdparty.io.grpc.StatusRuntimeException: UNAVAILABLE: io exception
2019-07-13 14:47:18,368 INFO  impl.FollowerInfo (FollowerInfo.java:lambda$new$0(50)) - d09ac996-a1e3-4fee-879f-5fae352d8083->df0f1f66-3432-46de-9fbe-84c0ce15a20c: nextIndex: updateUnconditionally 1 -> 0
2019-07-13 14:47:18,550 INFO  ozoneimpl.OzoneContainer (OzoneContainer.java:stop(199)) - Attempting to stop container services.
2019-07-13 14:47:18,551 INFO  impl.RaftServerProxy (RaftServerProxy.java:lambda$close$4(314)) - b3b35bbc-ecb3-4089-a051-cdbc3e98c858: close
2019-07-13 14:47:18,551 INFO  impl.RaftServerImpl (RaftServerImpl.java:lambda$shutdown$3(245)) - b3b35bbc-ecb3-4089-a051-cdbc3e98c858: shutdown group-415EAAEBBD9A
2019-07-13 14:47:18,552 INFO  impl.RaftServerImpl (RaftServerImpl.java:lambda$shutdown$3(245)) - b3b35bbc-ecb3-4089-a051-cdbc3e98c858: shutdown group-341ADAD4CF57
2019-07-13 14:47:18,552 INFO  util.JmxRegister (JmxRegister.java:unregister(73)) - Successfully un-registered JMX Bean with object name Ratis:service=RaftServer,group=group-415EAAEBBD9A,id=b3b35bbc-ecb3-4089-a051-cdbc3e98c858
2019-07-13 14:47:18,552 INFO  impl.RoleInfo (RoleInfo.java:shutdownLeaderState(104)) - b3b35bbc-ecb3-4089-a051-cdbc3e98c858: shutdown LeaderState
2019-07-13 14:47:18,552 INFO  util.JmxRegister (JmxRegister.java:unregister(73)) - Successfully un-registered JMX Bean with object name Ratis:service=RaftServer,group=group-341ADAD4CF57,id=b3b35bbc-ecb3-4089-a051-cdbc3e98c858
2019-07-13 14:47:18,553 INFO  impl.PendingRequests (PendingRequests.java:sendNotLeaderResponses(202)) - b3b35bbc-ecb3-4089-a051-cdbc3e98c858-PendingRequests: sendNotLeaderResponses
2019-07-13 14:47:18,553 INFO  impl.RoleInfo (RoleInfo.java:shutdownFollowerState(121)) - b3b35bbc-ecb3-4089-a051-cdbc3e98c858: shutdown FollowerState
2019-07-13 14:47:18,554 INFO  impl.StateMachineUpdater (StateMachineUpdater.java:stopAndJoin(115)) - StateMachineUpdater:b3b35bbc-ecb3-4089-a051-cdbc3e98c858:group-415EAAEBBD9A: set stopIndex = 0
2019-07-13 14:47:18,554 INFO  ratis.ContainerStateMachine (ContainerStateMachine.java:takeSnapshot(246)) - Taking snapshot at termIndex:(t:0, i:~)
2019-07-13 14:47:18,554 INFO  ratis.ContainerStateMachine (ContainerStateMachine.java:takeSnapshot(246)) - Taking snapshot at termIndex:(t:1, i:1)
2019-07-13 14:47:18,554 INFO  impl.FollowerState (FollowerState.java:run(114)) - b3b35bbc-ecb3-4089-a051-cdbc3e98c858: FollowerState was interrupted: java.lang.InterruptedException: sleep interrupted
2019-07-13 14:47:18,554 INFO  impl.StateMachineUpdater (StateMachineUpdater.java:stopAndJoin(115)) - StateMachineUpdater:b3b35bbc-ecb3-4089-a051-cdbc3e98c858:group-341ADAD4CF57: set stopIndex = 2
2019-07-13 14:47:18,555 INFO  ratis.ContainerStateMachine (ContainerStateMachine.java:takeSnapshot(250)) - Taking a snapshot to file /tmp/workdir/hadoop-ozone/integration-test/target/test-dir/MiniOzoneClusterImpl-b5de90c5-b484-4e33-801d-b03755977809/datanode-1/data/ratis/c34ee6fc-5492-494b-ba5e-341adad4cf57/sm/snapshot.1_1
2019-07-13 14:47:18,555 INFO  impl.RaftServerImpl (ServerState.java:close(394)) - b3b35bbc-ecb3-4089-a051-cdbc3e98c858:group-415EAAEBBD9A closes. The last applied log index is 0
2019-07-13 14:47:18,563 INFO  impl.StateMachineUpdater (StateMachineUpdater.java:takeSnapshot(242)) - StateMachineUpdater:b3b35bbc-ecb3-4089-a051-cdbc3e98c858:group-341ADAD4CF57: Took a snapshot at index 1
2019-07-13 14:47:18,563 INFO  impl.StateMachineUpdater (StateMachineUpdater.java:lambda$new$0(80)) - StateMachineUpdater:b3b35bbc-ecb3-4089-a051-cdbc3e98c858:group-341ADAD4CF57: snapshotIndex: updateIncreasingly -1 -> 1
2019-07-13 14:47:18,563 INFO  segmented.SegmentedRaftLogWorker (SegmentedRaftLogWorker.java:run(313)) - b3b35bbc-ecb3-4089-a051-cdbc3e98c858-SegmentedRaftLogWorker:Storage Directory /tmp/workdir/hadoop-ozone/integration-test/target/test-dir/MiniOzoneClusterImpl-b5de90c5-b484-4e33-801d-b03755977809/datanode-1/data/ratis/2caaae22-2849-4de0-950c-415eaaebbd9a was interrupted, exiting. There are 0 tasks remaining in the queue.
2019-07-13 14:47:18,568 INFO  segmented.SegmentedRaftLogWorker (SegmentedRaftLogWorker.java:close(228)) - b3b35bbc-ecb3-4089-a051-cdbc3e98c858-SegmentedRaftLogWorker:Storage Directory /tmp/workdir/hadoop-ozone/integration-test/target/test-dir/MiniOzoneClusterImpl-b5de90c5-b484-4e33-801d-b03755977809/datanode-1/data/ratis/2caaae22-2849-4de0-950c-415eaaebbd9a close()
2019-07-13 14:47:18,568 INFO  impl.RaftServerImpl (ServerState.java:close(394)) - b3b35bbc-ecb3-4089-a051-cdbc3e98c858:group-341ADAD4CF57 closes. The last applied log index is 2
2019-07-13 14:47:18,576 INFO  segmented.SegmentedRaftLogWorker (SegmentedRaftLogWorker.java:run(313)) - b3b35bbc-ecb3-4089-a051-cdbc3e98c858-SegmentedRaftLogWorker:Storage Directory /tmp/workdir/hadoop-ozone/integration-test/target/test-dir/MiniOzoneClusterImpl-b5de90c5-b484-4e33-801d-b03755977809/datanode-1/data/ratis/c34ee6fc-5492-494b-ba5e-341adad4cf57 was interrupted, exiting. There are 0 tasks remaining in the queue.
2019-07-13 14:47:18,580 INFO  segmented.SegmentedRaftLogWorker (SegmentedRaftLogWorker.java:close(228)) - b3b35bbc-ecb3-4089-a051-cdbc3e98c858-SegmentedRaftLogWorker:Storage Directory /tmp/workdir/hadoop-ozone/integration-test/target/test-dir/MiniOzoneClusterImpl-b5de90c5-b484-4e33-801d-b03755977809/datanode-1/data/ratis/c34ee6fc-5492-494b-ba5e-341adad4cf57 close()
2019-07-13 14:47:18,587 INFO  server.GrpcService (GrpcService.java:closeImpl(155)) - b3b35bbc-ecb3-4089-a051-cdbc3e98c858: shutdown server with port 36266 now
2019-07-13 14:47:18,589 WARN  server.GrpcServerProtocolService (LogUtils.java:warn(134)) - b3b35bbc-ecb3-4089-a051-cdbc3e98c858: appendEntries onError: org.apache.ratis.thirdparty.io.grpc.StatusRuntimeException: CANCELLED: cancelled before receiving half close
2019-07-13 14:47:18,589 INFO  server.GrpcService (GrpcService.java:closeImpl(163)) - b3b35bbc-ecb3-4089-a051-cdbc3e98c858: shutdown server with port 36266 successfully
2019-07-13 14:47:18,589 WARN  server.GrpcLogAppender (LogUtils.java:warn(134)) - d09ac996-a1e3-4fee-879f-5fae352d8083->b3b35bbc-ecb3-4089-a051-cdbc3e98c858: Failed appendEntries: org.apache.ratis.thirdparty.io.grpc.StatusRuntimeException: CANCELLED: HTTP/2 error code: CANCEL
Received Rst Stream
2019-07-13 14:47:18,592 INFO  impl.FollowerInfo (FollowerInfo.java:lambda$new$0(50)) - d09ac996-a1e3-4fee-879f-5fae352d8083->b3b35bbc-ecb3-4089-a051-cdbc3e98c858: nextIndex: updateUnconditionally 3 -> 2
2019-07-13 14:47:18,595 INFO  utils.BackgroundService (BackgroundService.java:shutdown(148)) - Shutting down service BlockDeletingService
2019-07-13 14:47:18,602 WARN  fs.CachingGetSpaceUsed (CachingGetSpaceUsed.java:run(183)) - Thread Interrupted waiting to refresh disk information: sleep interrupted
2019-07-13 14:47:18,630 INFO  statemachine.DatanodeStateMachine (DatanodeStateMachine.java:stopDaemon(395)) - Ozone container server stopped.
2019-07-13 14:47:18,631 INFO  handler.ContextHandler (ContextHandler.java:doStop(910)) - Stopped o.e.j.w.WebAppContext@24b8a393{/,null,UNAVAILABLE}{/hddsDatanode}
2019-07-13 14:47:18,635 INFO  server.AbstractConnector (AbstractConnector.java:doStop(318)) - Stopped ServerConnector@20155dae{HTTP/1.1,[http/1.1]}{0.0.0.0:0}
2019-07-13 14:47:18,636 INFO  handler.ContextHandler (ContextHandler.java:doStop(910)) - Stopped o.e.j.s.ServletContextHandler@2d88c1bf{/static,jar:file:/home/user/.m2/repository/org/apache/hadoop/hadoop-hdds-container-service/0.5.0-SNAPSHOT/hadoop-hdds-container-service-0.5.0-SNAPSHOT.jar!/webapps/static,UNAVAILABLE}
2019-07-13 14:47:18,636 INFO  handler.ContextHandler (ContextHandler.java:doStop(910)) - Stopped o.e.j.s.ServletContextHandler@4ab90d01{/logs,file:///tmp/workdir/hadoop-ozone/integration-test/target/log,UNAVAILABLE}
2019-07-13 14:47:18,650 INFO  client.GrpcClientProtocolClient (GrpcClientProtocolClient.java:onNext(255)) - client-30BF574D8FCA->d09ac996-a1e3-4fee-879f-5fae352d8083: receive RaftClientReply:client-30BF574D8FCA->d09ac996-a1e3-4fee-879f-5fae352d8083@group-341ADAD4CF57, cid=55, SUCCESS, logIndex=0, commits[d09ac996-a1e3-4fee-879f-5fae352d8083:c2, df0f1f66-3432-46de-9fbe-84c0ce15a20c:c2, b3b35bbc-ecb3-4089-a051-cdbc3e98c858:c2]
]]></system-out>
    <system-err><![CDATA[Jul 13, 2019 2:46:57 PM com.sun.jersey.server.impl.application.WebApplicationImpl _initiate
INFO: Initiating Jersey application, version 'Jersey: 1.19 02/11/2015 03:25 AM'
Jul 13, 2019 2:46:57 PM com.sun.jersey.server.impl.application.WebApplicationImpl _initiate
INFO: Initiating Jersey application, version 'Jersey: 1.19 02/11/2015 03:25 AM'
Jul 13, 2019 2:46:58 PM com.sun.jersey.server.impl.application.WebApplicationImpl _initiate
INFO: Initiating Jersey application, version 'Jersey: 1.19 02/11/2015 03:25 AM'
Jul 13, 2019 2:46:58 PM com.sun.jersey.server.impl.application.WebApplicationImpl _initiate
INFO: Initiating Jersey application, version 'Jersey: 1.19 02/11/2015 03:25 AM'
Jul 13, 2019 2:46:58 PM com.sun.jersey.server.impl.application.WebApplicationImpl _initiate
INFO: Initiating Jersey application, version 'Jersey: 1.19 02/11/2015 03:25 AM'
Jul 13, 2019 2:46:58 PM com.sun.jersey.server.impl.application.WebApplicationImpl _initiate
INFO: Initiating Jersey application, version 'Jersey: 1.19 02/11/2015 03:25 AM'
Jul 13, 2019 2:46:58 PM com.sun.jersey.server.impl.application.WebApplicationImpl _initiate
INFO: Initiating Jersey application, version 'Jersey: 1.19 02/11/2015 03:25 AM'
]]></system-err>
  </testcase>
  <testcase name="testWatchForCommitForGroupMismatchException" classname="org.apache.hadoop.ozone.client.rpc.TestWatchForCommit" time="32.923"/>
  <testcase name="test2WayCommitForTimeoutException" classname="org.apache.hadoop.ozone.client.rpc.TestWatchForCommit" time="22.405">
    <error message="org.apache.ratis.protocol.RaftRetryFailureException: Failed RaftClientRequest:client-34332D4903D4-&gt;d036574a-11a4-4aab-8f67-192024c8189e@group-D6B1007765A0, cid=91, seq=2*, RW, org.apache.hadoop.hdds.scm.XceiverClientRatis$$Lambda$309/674659751@759a8679 for 10 attempts with RetryLimited(maxAttempts=10, sleepTime=1000ms)" type="java.util.concurrent.ExecutionException">java.util.concurrent.ExecutionException: org.apache.ratis.protocol.RaftRetryFailureException: Failed RaftClientRequest:client-34332D4903D4->d036574a-11a4-4aab-8f67-192024c8189e@group-D6B1007765A0, cid=91, seq=2*, RW, org.apache.hadoop.hdds.scm.XceiverClientRatis$$Lambda$309/674659751@759a8679 for 10 attempts with RetryLimited(maxAttempts=10, sleepTime=1000ms)
	at java.util.concurrent.CompletableFuture.reportGet(CompletableFuture.java:357)
	at java.util.concurrent.CompletableFuture.get(CompletableFuture.java:1895)
	at org.apache.hadoop.ozone.client.rpc.TestWatchForCommit.test2WayCommitForTimeoutException(TestWatchForCommit.java:432)
	at sun.reflect.NativeMethodAccessorImpl.invoke0(Native Method)
	at sun.reflect.NativeMethodAccessorImpl.invoke(NativeMethodAccessorImpl.java:62)
	at sun.reflect.DelegatingMethodAccessorImpl.invoke(DelegatingMethodAccessorImpl.java:43)
	at java.lang.reflect.Method.invoke(Method.java:498)
	at org.junit.runners.model.FrameworkMethod$1.runReflectiveCall(FrameworkMethod.java:47)
	at org.junit.internal.runners.model.ReflectiveCallable.run(ReflectiveCallable.java:12)
	at org.junit.runners.model.FrameworkMethod.invokeExplosively(FrameworkMethod.java:44)
	at org.junit.internal.runners.statements.InvokeMethod.evaluate(InvokeMethod.java:17)
	at org.junit.runners.ParentRunner.runLeaf(ParentRunner.java:271)
	at org.junit.runners.BlockJUnit4ClassRunner.runChild(BlockJUnit4ClassRunner.java:70)
	at org.junit.runners.BlockJUnit4ClassRunner.runChild(BlockJUnit4ClassRunner.java:50)
	at org.junit.runners.ParentRunner$3.run(ParentRunner.java:238)
	at org.junit.runners.ParentRunner$1.schedule(ParentRunner.java:63)
	at org.junit.runners.ParentRunner.runChildren(ParentRunner.java:236)
	at org.junit.runners.ParentRunner.access$000(ParentRunner.java:53)
	at org.junit.runners.ParentRunner$2.evaluate(ParentRunner.java:229)
	at org.junit.runners.ParentRunner.run(ParentRunner.java:309)
	at org.apache.maven.surefire.junit4.JUnit4Provider.execute(JUnit4Provider.java:365)
	at org.apache.maven.surefire.junit4.JUnit4Provider.executeWithRerun(JUnit4Provider.java:273)
	at org.apache.maven.surefire.junit4.JUnit4Provider.executeTestSet(JUnit4Provider.java:238)
	at org.apache.maven.surefire.junit4.JUnit4Provider.invoke(JUnit4Provider.java:159)
	at org.apache.maven.surefire.booter.ForkedBooter.invokeProviderInSameClassLoader(ForkedBooter.java:384)
	at org.apache.maven.surefire.booter.ForkedBooter.runSuitesInProcess(ForkedBooter.java:345)
	at org.apache.maven.surefire.booter.ForkedBooter.execute(ForkedBooter.java:126)
	at org.apache.maven.surefire.booter.ForkedBooter.main(ForkedBooter.java:418)
Caused by: org.apache.ratis.protocol.RaftRetryFailureException: Failed RaftClientRequest:client-34332D4903D4->d036574a-11a4-4aab-8f67-192024c8189e@group-D6B1007765A0, cid=91, seq=2*, RW, org.apache.hadoop.hdds.scm.XceiverClientRatis$$Lambda$309/674659751@759a8679 for 10 attempts with RetryLimited(maxAttempts=10, sleepTime=1000ms)
	at org.apache.ratis.client.impl.RaftClientImpl.noMoreRetries(RaftClientImpl.java:272)
	at org.apache.ratis.client.impl.OrderedAsync.handleAsyncRetryFailure(OrderedAsync.java:138)
	at org.apache.ratis.client.impl.OrderedAsync.lambda$sendRequest$10(OrderedAsync.java:230)
	at java.util.concurrent.CompletableFuture.uniExceptionally(CompletableFuture.java:870)
	at java.util.concurrent.CompletableFuture$UniExceptionally.tryFire(CompletableFuture.java:852)
	at java.util.concurrent.CompletableFuture.postComplete(CompletableFuture.java:474)
	at java.util.concurrent.CompletableFuture.completeExceptionally(CompletableFuture.java:1977)
	at org.apache.ratis.grpc.client.GrpcClientProtocolClient$AsyncStreamObservers.completeReplyExceptionally(GrpcClientProtocolClient.java:330)
	at org.apache.ratis.grpc.client.GrpcClientProtocolClient$AsyncStreamObservers.access$000(GrpcClientProtocolClient.java:246)
	at org.apache.ratis.grpc.client.GrpcClientProtocolClient$AsyncStreamObservers$1.onError(GrpcClientProtocolClient.java:275)
	at org.apache.ratis.thirdparty.io.grpc.stub.ClientCalls$StreamObserverToCallListenerAdapter.onClose(ClientCalls.java:434)
	at org.apache.ratis.thirdparty.io.grpc.PartialForwardingClientCallListener.onClose(PartialForwardingClientCallListener.java:39)
	at org.apache.ratis.thirdparty.io.grpc.ForwardingClientCallListener.onClose(ForwardingClientCallListener.java:23)
	at org.apache.ratis.thirdparty.io.grpc.ForwardingClientCallListener$SimpleForwardingClientCallListener.onClose(ForwardingClientCallListener.java:40)
	at org.apache.ratis.thirdparty.io.grpc.internal.CensusStatsModule$StatsClientInterceptor$1$1.onClose(CensusStatsModule.java:678)
	at org.apache.ratis.thirdparty.io.grpc.PartialForwardingClientCallListener.onClose(PartialForwardingClientCallListener.java:39)
	at org.apache.ratis.thirdparty.io.grpc.ForwardingClientCallListener.onClose(ForwardingClientCallListener.java:23)
	at org.apache.ratis.thirdparty.io.grpc.ForwardingClientCallListener$SimpleForwardingClientCallListener.onClose(ForwardingClientCallListener.java:40)
	at org.apache.ratis.thirdparty.io.grpc.internal.CensusTracingModule$TracingClientInterceptor$1$1.onClose(CensusTracingModule.java:397)
	at org.apache.ratis.thirdparty.io.grpc.internal.ClientCallImpl.closeObserver(ClientCallImpl.java:459)
	at org.apache.ratis.thirdparty.io.grpc.internal.ClientCallImpl.access$300(ClientCallImpl.java:63)
	at org.apache.ratis.thirdparty.io.grpc.internal.ClientCallImpl$ClientStreamListenerImpl.close(ClientCallImpl.java:546)
	at org.apache.ratis.thirdparty.io.grpc.internal.ClientCallImpl$ClientStreamListenerImpl.access$600(ClientCallImpl.java:467)
	at org.apache.ratis.thirdparty.io.grpc.internal.ClientCallImpl$ClientStreamListenerImpl$1StreamClosed.runInContext(ClientCallImpl.java:584)
	at org.apache.ratis.thirdparty.io.grpc.internal.ContextRunnable.run(ContextRunnable.java:37)
	at org.apache.ratis.thirdparty.io.grpc.internal.SerializingExecutor.run(SerializingExecutor.java:123)
	at java.util.concurrent.ThreadPoolExecutor.runWorker(ThreadPoolExecutor.java:1149)
	at java.util.concurrent.ThreadPoolExecutor$Worker.run(ThreadPoolExecutor.java:624)
	at java.lang.Thread.run(Thread.java:748)
Caused by: java.io.IOException: org.apache.ratis.thirdparty.io.grpc.StatusRuntimeException: UNAVAILABLE: io exception
	at org.apache.ratis.grpc.GrpcUtil.unwrapException(GrpcUtil.java:76)
	at org.apache.ratis.grpc.GrpcUtil.unwrapIOException(GrpcUtil.java:128)
	at org.apache.ratis.grpc.client.GrpcClientProtocolClient$AsyncStreamObservers$1.onError(GrpcClientProtocolClient.java:274)
	... 19 more
Caused by: org.apache.ratis.thirdparty.io.grpc.StatusRuntimeException: UNAVAILABLE: io exception
	at org.apache.ratis.thirdparty.io.grpc.Status.asRuntimeException(Status.java:526)
	... 19 more
Caused by: org.apache.ratis.thirdparty.io.netty.channel.AbstractChannel$AnnotatedConnectException: Connection refused: /192.168.5.172:32794
	at sun.nio.ch.SocketChannelImpl.checkConnect(Native Method)
	at sun.nio.ch.SocketChannelImpl.finishConnect(SocketChannelImpl.java:717)
	at org.apache.ratis.thirdparty.io.netty.channel.socket.nio.NioSocketChannel.doFinishConnect(NioSocketChannel.java:327)
	at org.apache.ratis.thirdparty.io.netty.channel.nio.AbstractNioChannel$AbstractNioUnsafe.finishConnect(AbstractNioChannel.java:340)
	at org.apache.ratis.thirdparty.io.netty.channel.nio.NioEventLoop.processSelectedKey(NioEventLoop.java:632)
	at org.apache.ratis.thirdparty.io.netty.channel.nio.NioEventLoop.processSelectedKeysOptimized(NioEventLoop.java:579)
	at org.apache.ratis.thirdparty.io.netty.channel.nio.NioEventLoop.processSelectedKeys(NioEventLoop.java:496)
	at org.apache.ratis.thirdparty.io.netty.channel.nio.NioEventLoop.run(NioEventLoop.java:458)
	at org.apache.ratis.thirdparty.io.netty.util.concurrent.SingleThreadEventExecutor$5.run(SingleThreadEventExecutor.java:897)
	at org.apache.ratis.thirdparty.io.netty.util.concurrent.FastThreadLocalRunnable.run(FastThreadLocalRunnable.java:30)
	... 1 more
Caused by: java.net.ConnectException: Connection refused
	... 11 more
</error>
    <system-out><![CDATA[2019-07-13 14:47:51,590 WARN  server.ServerUtils (ServerUtils.java:getScmDbDir(145)) - ozone.scm.db.dirs is not configured. We recommend adding this setting. Falling back to ozone.metadata.dirs instead.
2019-07-13 14:47:51,605 WARN  server.ServerUtils (ServerUtils.java:getScmDbDir(145)) - ozone.scm.db.dirs is not configured. We recommend adding this setting. Falling back to ozone.metadata.dirs instead.
2019-07-13 14:47:51,606 WARN  server.ServerUtils (ServerUtils.java:getScmDbDir(145)) - ozone.scm.db.dirs is not configured. We recommend adding this setting. Falling back to ozone.metadata.dirs instead.
2019-07-13 14:47:51,606 INFO  db.DBStoreBuilder (DBStoreBuilder.java:addTable(110)) - using custom profile for table: deletedBlocks
2019-07-13 14:47:51,606 INFO  db.DBStoreBuilder (DBStoreBuilder.java:processTables(161)) - Using default column profile:DBProfile.DISK for Table:deletedBlocks
2019-07-13 14:47:51,607 INFO  db.DBStoreBuilder (DBStoreBuilder.java:addTable(110)) - using custom profile for table: validCerts
2019-07-13 14:47:51,607 INFO  db.DBStoreBuilder (DBStoreBuilder.java:processTables(161)) - Using default column profile:DBProfile.DISK for Table:validCerts
2019-07-13 14:47:51,607 INFO  db.DBStoreBuilder (DBStoreBuilder.java:addTable(110)) - using custom profile for table: revokedCerts
2019-07-13 14:47:51,607 INFO  db.DBStoreBuilder (DBStoreBuilder.java:processTables(161)) - Using default column profile:DBProfile.DISK for Table:revokedCerts
2019-07-13 14:47:51,608 INFO  db.DBStoreBuilder (DBStoreBuilder.java:addTable(110)) - using custom profile for table: default
2019-07-13 14:47:51,608 INFO  db.DBStoreBuilder (DBStoreBuilder.java:processTables(167)) - Using default column profile:DBProfile.DISK for Table:default
2019-07-13 14:47:51,608 INFO  db.DBStoreBuilder (DBStoreBuilder.java:getDbProfile(198)) - Using default options. DBProfile.DISK
2019-07-13 14:47:51,694 INFO  net.NodeSchemaLoader (NodeSchemaLoader.java:loadSchemaFromFile(125)) - Loading file from sun.misc.CompoundEnumeration@267309f7
2019-07-13 14:47:51,694 INFO  net.NodeSchemaLoader (NodeSchemaLoader.java:loadSchema(171)) - Loading network topology layer schema file
2019-07-13 14:47:51,700 WARN  server.ServerUtils (ServerUtils.java:sanitizeUserArgs(70)) - ozone.scm.stale.node.interval value = 300000 is larger than max = 100000 based on the key value of ozone.scm.heartbeat.thread.interval, reset to the max value 100000.
2019-07-13 14:47:51,700 WARN  server.ServerUtils (ServerUtils.java:sanitizeUserArgs(70)) - ozone.scm.stale.node.interval value = 300000 is larger than max = 100000 based on the key value of ozone.scm.heartbeat.thread.interval, reset to the max value 100000.
2019-07-13 14:47:51,700 INFO  node.SCMNodeManager (SCMNodeManager.java:<init>(119)) - Entering startup safe mode.
2019-07-13 14:47:51,701 WARN  server.ServerUtils (ServerUtils.java:getScmDbDir(145)) - ozone.scm.db.dirs is not configured. We recommend adding this setting. Falling back to ozone.metadata.dirs instead.
2019-07-13 14:47:51,724 INFO  pipeline.SCMPipelineManager (SCMPipelineManager.java:initializePipelineState(126)) - No pipeline exists in current db
2019-07-13 14:47:51,724 WARN  server.ServerUtils (ServerUtils.java:getScmDbDir(145)) - ozone.scm.db.dirs is not configured. We recommend adding this setting. Falling back to ozone.metadata.dirs instead.
2019-07-13 14:47:51,749 WARN  events.EventQueue (EventQueue.java:fireEvent(175)) - No event handler registered for event TypedEvent{payloadType=SafeModeStatus, name='SafeModeStatus'}
2019-07-13 14:47:51,750 INFO  ipc.CallQueueManager (CallQueueManager.java:<init>(84)) - Using callQueue: class java.util.concurrent.LinkedBlockingQueue, queueCapacity: 2000, scheduler: class org.apache.hadoop.ipc.DefaultRpcScheduler, ipcBackoff: false.
2019-07-13 14:47:51,751 INFO  ipc.Server (Server.java:run(1074)) - Starting Socket Reader #1 for port 35994
2019-07-13 14:47:51,771 INFO  ipc.CallQueueManager (CallQueueManager.java:<init>(84)) - Using callQueue: class java.util.concurrent.LinkedBlockingQueue, queueCapacity: 2000, scheduler: class org.apache.hadoop.ipc.DefaultRpcScheduler, ipcBackoff: false.
2019-07-13 14:47:51,772 INFO  ipc.Server (Server.java:run(1074)) - Starting Socket Reader #1 for port 46290
2019-07-13 14:47:51,777 INFO  ipc.CallQueueManager (CallQueueManager.java:<init>(84)) - Using callQueue: class java.util.concurrent.LinkedBlockingQueue, queueCapacity: 2000, scheduler: class org.apache.hadoop.ipc.DefaultRpcScheduler, ipcBackoff: false.
2019-07-13 14:47:51,778 INFO  ipc.Server (Server.java:run(1074)) - Starting Socket Reader #1 for port 38790
2019-07-13 14:47:51,784 INFO  hdfs.DFSUtil (DFSUtil.java:httpServerTemplateForNNAndJN(1641)) - Starting Web-server for scm at: http://0.0.0.0:0
2019-07-13 14:47:51,787 INFO  server.AuthenticationFilter (AuthenticationFilter.java:constructSecretProvider(240)) - Unable to initialize FileSignerSecretProvider, falling back to use random secrets.
2019-07-13 14:47:51,788 WARN  http.HttpRequestLog (HttpRequestLog.java:getRequestLog(97)) - Jetty request log can only be enabled using Log4j
2019-07-13 14:47:51,790 INFO  http.HttpServer2 (HttpServer2.java:addGlobalFilter(975)) - Added global filter 'safety' (class=org.apache.hadoop.http.HttpServer2$QuotingInputFilter)
2019-07-13 14:47:51,791 INFO  http.HttpServer2 (HttpServer2.java:addFilter(948)) - Added filter static_user_filter (class=org.apache.hadoop.http.lib.StaticUserWebFilter$StaticUserFilter) to context scm
2019-07-13 14:47:51,791 INFO  http.HttpServer2 (HttpServer2.java:addFilter(958)) - Added filter static_user_filter (class=org.apache.hadoop.http.lib.StaticUserWebFilter$StaticUserFilter) to context static
2019-07-13 14:47:51,791 INFO  http.HttpServer2 (HttpServer2.java:addFilter(958)) - Added filter static_user_filter (class=org.apache.hadoop.http.lib.StaticUserWebFilter$StaticUserFilter) to context logs
2019-07-13 14:47:51,794 INFO  server.StorageContainerManager (StorageContainerManager.java:start(759)) - StorageContainerLocationProtocol RPC server is listening at /0.0.0.0:38790
2019-07-13 14:47:51,797 WARN  impl.MetricsConfig (MetricsConfig.java:loadFirst(134)) - Cannot locate configuration: tried hadoop-metrics2-storagecontainermanager.properties,hadoop-metrics2.properties
2019-07-13 14:47:51,798 INFO  impl.MetricsSystemImpl (MetricsSystemImpl.java:startTimer(374)) - Scheduled Metric snapshot period at 10 second(s).
2019-07-13 14:47:51,798 INFO  impl.MetricsSystemImpl (MetricsSystemImpl.java:start(191)) - StorageContainerManager metrics system started
2019-07-13 14:47:51,989 INFO  server.SCMClientProtocolServer (SCMClientProtocolServer.java:start(149)) - RPC server for Client  is listening at /0.0.0.0:38790
2019-07-13 14:47:51,990 INFO  ipc.Server (Server.java:run(1314)) - IPC Server Responder: starting
2019-07-13 14:47:51,990 INFO  ipc.Server (Server.java:run(1153)) - IPC Server listener on 38790: starting
2019-07-13 14:47:51,999 INFO  server.StorageContainerManager (StorageContainerManager.java:start(768)) - ScmBlockLocationProtocol RPC server is listening at /0.0.0.0:46290
2019-07-13 14:47:51,999 INFO  server.SCMBlockProtocolServer (SCMBlockProtocolServer.java:start(140)) - RPC server for Block Protocol is listening at /0.0.0.0:46290
2019-07-13 14:47:52,000 INFO  ipc.Server (Server.java:run(1314)) - IPC Server Responder: starting
2019-07-13 14:47:52,000 INFO  ipc.Server (Server.java:run(1153)) - IPC Server listener on 46290: starting
2019-07-13 14:47:52,009 INFO  server.StorageContainerManager (StorageContainerManager.java:start(772)) - ScmDatanodeProtocl RPC server is listening at /0.0.0.0:35994
2019-07-13 14:47:52,009 INFO  server.SCMDatanodeProtocolServer (SCMDatanodeProtocolServer.java:start(191)) - RPC server for DataNodes is listening at /0.0.0.0:35994
2019-07-13 14:47:52,009 INFO  ipc.Server (Server.java:run(1314)) - IPC Server Responder: starting
2019-07-13 14:47:52,010 INFO  ipc.Server (Server.java:run(1153)) - IPC Server listener on 35994: starting
2019-07-13 14:47:52,018 INFO  http.HttpServer2 (HttpServer2.java:bindListener(1191)) - Jetty bound to port 34651
2019-07-13 14:47:52,019 INFO  server.Server (Server.java:doStart(351)) - jetty-9.3.24.v20180605, build timestamp: 2018-06-05T17:11:56Z, git hash: 84205aa28f11a4f31f2a3b86d1bba2cc8ab69827
2019-07-13 14:47:52,021 INFO  handler.ContextHandler (ContextHandler.java:doStart(781)) - Started o.e.j.s.ServletContextHandler@2b370ca9{/logs,file:///tmp/workdir/hadoop-ozone/integration-test/target/log,AVAILABLE}
2019-07-13 14:47:52,021 INFO  handler.ContextHandler (ContextHandler.java:doStart(781)) - Started o.e.j.s.ServletContextHandler@59301546{/static,file:///tmp/workdir/hadoop-ozone/integration-test/target/test-classes/webapps/static,AVAILABLE}
2019-07-13 14:47:52,025 INFO  handler.ContextHandler (ContextHandler.java:doStart(781)) - Started o.e.j.w.WebAppContext@d695f9d{/,file:///tmp/workdir/hadoop-ozone/integration-test/target/test-classes/webapps/scm/,AVAILABLE}{/scm}
2019-07-13 14:47:52,026 INFO  server.AbstractConnector (AbstractConnector.java:doStart(278)) - Started ServerConnector@7daf167{HTTP/1.1,[http/1.1]}{0.0.0.0:34651}
2019-07-13 14:47:52,031 INFO  server.Server (Server.java:doStart(419)) - Started @120425ms
2019-07-13 14:47:52,033 INFO  server.BaseHttpServer (BaseHttpServer.java:updateConnectorAddress(207)) - HTTP server of SCM is listening at http://0.0.0.0:34651
2019-07-13 14:47:52,034 WARN  server.ServerUtils (ServerUtils.java:getDBPath(222)) - ozone.om.db.dirs is not configured. We recommend adding this setting. Falling back to ozone.metadata.dirs instead.
2019-07-13 14:47:52,039 INFO  util.JvmPauseMonitor (JvmPauseMonitor.java:run(188)) - Starting JVM pause monitor
2019-07-13 14:47:52,043 WARN  server.ServerUtils (ServerUtils.java:getDBPath(222)) - ozone.om.db.dirs is not configured. We recommend adding this setting. Falling back to ozone.metadata.dirs instead.
2019-07-13 14:47:52,044 INFO  om.OzoneManager (OzoneManager.java:setOMNodeDetails(630)) - OM Service ID is not set. Setting it to the default ID: omServiceIdDefault
2019-07-13 14:47:52,044 INFO  om.OzoneManager (OzoneManager.java:setOMNodeDetails(636)) - OM Node ID is not set. Setting it to the OmStorage's OmID: 13abe459-2b79-4c02-b48a-1d707233c0e2
2019-07-13 14:47:52,045 INFO  om.OzoneManager (OzoneManager.java:loadOMHAConfigs(587)) - Found matching OM address with OMServiceId: null, OMNodeId: null, RPC Address: localhost:0 and Ratis port: 9872
2019-07-13 14:47:52,066 WARN  server.ServerUtils (ServerUtils.java:getDBPath(222)) - ozone.om.db.dirs is not configured. We recommend adding this setting. Falling back to ozone.metadata.dirs instead.
2019-07-13 14:47:52,067 INFO  db.DBStoreBuilder (DBStoreBuilder.java:addTable(110)) - using custom profile for table: userTable
2019-07-13 14:47:52,067 INFO  db.DBStoreBuilder (DBStoreBuilder.java:processTables(161)) - Using default column profile:DBProfile.DISK for Table:userTable
2019-07-13 14:47:52,067 INFO  db.DBStoreBuilder (DBStoreBuilder.java:addTable(110)) - using custom profile for table: volumeTable
2019-07-13 14:47:52,068 INFO  db.DBStoreBuilder (DBStoreBuilder.java:processTables(161)) - Using default column profile:DBProfile.DISK for Table:volumeTable
2019-07-13 14:47:52,068 INFO  db.DBStoreBuilder (DBStoreBuilder.java:addTable(110)) - using custom profile for table: bucketTable
2019-07-13 14:47:52,068 INFO  db.DBStoreBuilder (DBStoreBuilder.java:processTables(161)) - Using default column profile:DBProfile.DISK for Table:bucketTable
2019-07-13 14:47:52,068 INFO  db.DBStoreBuilder (DBStoreBuilder.java:addTable(110)) - using custom profile for table: keyTable
2019-07-13 14:47:52,068 INFO  db.DBStoreBuilder (DBStoreBuilder.java:processTables(161)) - Using default column profile:DBProfile.DISK for Table:keyTable
2019-07-13 14:47:52,069 INFO  db.DBStoreBuilder (DBStoreBuilder.java:addTable(110)) - using custom profile for table: deletedTable
2019-07-13 14:47:52,069 INFO  db.DBStoreBuilder (DBStoreBuilder.java:processTables(161)) - Using default column profile:DBProfile.DISK for Table:deletedTable
2019-07-13 14:47:52,069 INFO  db.DBStoreBuilder (DBStoreBuilder.java:addTable(110)) - using custom profile for table: openKeyTable
2019-07-13 14:47:52,069 INFO  db.DBStoreBuilder (DBStoreBuilder.java:processTables(161)) - Using default column profile:DBProfile.DISK for Table:openKeyTable
2019-07-13 14:47:52,070 INFO  db.DBStoreBuilder (DBStoreBuilder.java:addTable(110)) - using custom profile for table: s3Table
2019-07-13 14:47:52,070 INFO  db.DBStoreBuilder (DBStoreBuilder.java:processTables(161)) - Using default column profile:DBProfile.DISK for Table:s3Table
2019-07-13 14:47:52,070 INFO  db.DBStoreBuilder (DBStoreBuilder.java:addTable(110)) - using custom profile for table: multipartInfoTable
2019-07-13 14:47:52,070 INFO  db.DBStoreBuilder (DBStoreBuilder.java:processTables(161)) - Using default column profile:DBProfile.DISK for Table:multipartInfoTable
2019-07-13 14:47:52,071 INFO  db.DBStoreBuilder (DBStoreBuilder.java:addTable(110)) - using custom profile for table: dTokenTable
2019-07-13 14:47:52,071 INFO  db.DBStoreBuilder (DBStoreBuilder.java:processTables(161)) - Using default column profile:DBProfile.DISK for Table:dTokenTable
2019-07-13 14:47:52,071 INFO  db.DBStoreBuilder (DBStoreBuilder.java:addTable(110)) - using custom profile for table: s3SecretTable
2019-07-13 14:47:52,071 INFO  db.DBStoreBuilder (DBStoreBuilder.java:processTables(161)) - Using default column profile:DBProfile.DISK for Table:s3SecretTable
2019-07-13 14:47:52,072 INFO  db.DBStoreBuilder (DBStoreBuilder.java:addTable(110)) - using custom profile for table: prefixTable
2019-07-13 14:47:52,072 INFO  db.DBStoreBuilder (DBStoreBuilder.java:processTables(161)) - Using default column profile:DBProfile.DISK for Table:prefixTable
2019-07-13 14:47:52,072 INFO  db.DBStoreBuilder (DBStoreBuilder.java:addTable(110)) - using custom profile for table: default
2019-07-13 14:47:52,072 INFO  db.DBStoreBuilder (DBStoreBuilder.java:processTables(167)) - Using default column profile:DBProfile.DISK for Table:default
2019-07-13 14:47:52,073 INFO  db.DBStoreBuilder (DBStoreBuilder.java:getDbProfile(198)) - Using default options. DBProfile.DISK
2019-07-13 14:47:52,420 INFO  ipc.CallQueueManager (CallQueueManager.java:<init>(84)) - Using callQueue: class java.util.concurrent.LinkedBlockingQueue, queueCapacity: 2000, scheduler: class org.apache.hadoop.ipc.DefaultRpcScheduler, ipcBackoff: false.
2019-07-13 14:47:52,421 INFO  ipc.Server (Server.java:run(1074)) - Starting Socket Reader #1 for port 33986
2019-07-13 14:47:52,447 WARN  server.ServerUtils (ServerUtils.java:getDBPath(222)) - ozone.om.db.dirs is not configured. We recommend adding this setting. Falling back to ozone.metadata.dirs instead.
2019-07-13 14:47:52,447 INFO  om.OzoneManager (OzoneManager.java:start(1228)) - OzoneManager RPC server is listening at localhost/127.0.0.1:33986
2019-07-13 14:47:52,447 INFO  impl.MetricsSystemImpl (MetricsSystemImpl.java:init(158)) - OzoneManager metrics system started (again)
2019-07-13 14:47:52,448 INFO  ipc.Server (Server.java:run(1314)) - IPC Server Responder: starting
2019-07-13 14:47:52,448 INFO  ipc.Server (Server.java:run(1153)) - IPC Server listener on 33986: starting
2019-07-13 14:47:52,464 INFO  hdfs.DFSUtil (DFSUtil.java:httpServerTemplateForNNAndJN(1641)) - Starting Web-server for ozoneManager at: http://0.0.0.0:0
2019-07-13 14:47:52,466 INFO  server.AuthenticationFilter (AuthenticationFilter.java:constructSecretProvider(240)) - Unable to initialize FileSignerSecretProvider, falling back to use random secrets.
2019-07-13 14:47:52,467 WARN  http.HttpRequestLog (HttpRequestLog.java:getRequestLog(97)) - Jetty request log can only be enabled using Log4j
2019-07-13 14:47:52,469 INFO  http.HttpServer2 (HttpServer2.java:addGlobalFilter(975)) - Added global filter 'safety' (class=org.apache.hadoop.http.HttpServer2$QuotingInputFilter)
2019-07-13 14:47:52,470 INFO  http.HttpServer2 (HttpServer2.java:addFilter(948)) - Added filter static_user_filter (class=org.apache.hadoop.http.lib.StaticUserWebFilter$StaticUserFilter) to context ozoneManager
2019-07-13 14:47:52,470 INFO  http.HttpServer2 (HttpServer2.java:addFilter(958)) - Added filter static_user_filter (class=org.apache.hadoop.http.lib.StaticUserWebFilter$StaticUserFilter) to context static
2019-07-13 14:47:52,470 INFO  http.HttpServer2 (HttpServer2.java:addFilter(958)) - Added filter static_user_filter (class=org.apache.hadoop.http.lib.StaticUserWebFilter$StaticUserFilter) to context logs
2019-07-13 14:47:52,471 INFO  http.HttpServer2 (HttpServer2.java:bindListener(1191)) - Jetty bound to port 44794
2019-07-13 14:47:52,471 INFO  server.Server (Server.java:doStart(351)) - jetty-9.3.24.v20180605, build timestamp: 2018-06-05T17:11:56Z, git hash: 84205aa28f11a4f31f2a3b86d1bba2cc8ab69827
2019-07-13 14:47:52,474 INFO  handler.ContextHandler (ContextHandler.java:doStart(781)) - Started o.e.j.s.ServletContextHandler@3f2feab7{/logs,file:///tmp/workdir/hadoop-ozone/integration-test/target/log,AVAILABLE}
2019-07-13 14:47:52,475 INFO  handler.ContextHandler (ContextHandler.java:doStart(781)) - Started o.e.j.s.ServletContextHandler@2738a1fc{/static,file:///tmp/workdir/hadoop-ozone/integration-test/target/test-classes/webapps/static,AVAILABLE}
2019-07-13 14:47:52,480 INFO  handler.ContextHandler (ContextHandler.java:doStart(781)) - Started o.e.j.w.WebAppContext@3af6d7a7{/,file:///tmp/workdir/hadoop-ozone/integration-test/target/test-classes/webapps/ozoneManager/,AVAILABLE}{/ozoneManager}
2019-07-13 14:47:52,480 INFO  server.AbstractConnector (AbstractConnector.java:doStart(278)) - Started ServerConnector@18711946{HTTP/1.1,[http/1.1]}{0.0.0.0:44794}
2019-07-13 14:47:52,484 INFO  server.Server (Server.java:doStart(419)) - Started @120879ms
2019-07-13 14:47:52,485 INFO  server.BaseHttpServer (BaseHttpServer.java:updateConnectorAddress(207)) - HTTP server of OZONEMANAGER is listening at http://0.0.0.0:44794
2019-07-13 14:47:52,504 INFO  impl.MetricsSystemImpl (MetricsSystemImpl.java:init(158)) - HddsDatanode metrics system started (again)
2019-07-13 14:47:52,504 INFO  ozone.HddsDatanodeService (HddsDatanodeService.java:start(185)) - HddsDatanodeService host:trunk-nightly-mhs6z-4061744966 ip:192.168.5.172
2019-07-13 14:47:52,520 INFO  volume.HddsVolume (HddsVolume.java:<init>(176)) - Creating Volume: /tmp/workdir/hadoop-ozone/integration-test/target/test-dir/MiniOzoneClusterImpl-3a2c7849-0d67-4a8c-832f-6796402464c3/datanode-0/data/containers/hdds of  storage type : DISK and capacity : 52710309888
2019-07-13 14:47:52,521 INFO  volume.VolumeSet (VolumeSet.java:initializeVolumeSet(170)) - Added Volume : /tmp/workdir/hadoop-ozone/integration-test/target/test-dir/MiniOzoneClusterImpl-3a2c7849-0d67-4a8c-832f-6796402464c3/datanode-0/data/containers/hdds to VolumeSet
2019-07-13 14:47:52,521 INFO  volume.ThrottledAsyncChecker (ThrottledAsyncChecker.java:schedule(140)) - Scheduling a check for org.apache.hadoop.ozone.container.common.volume.HddsVolume@3054cdd3
2019-07-13 14:47:52,522 INFO  volume.HddsVolumeChecker (HddsVolumeChecker.java:checkAllVolumes(203)) - Scheduled health check for volume org.apache.hadoop.ozone.container.common.volume.HddsVolume@3054cdd3
2019-07-13 14:47:52,547 INFO  impl.RaftServerProxy (ConfUtils.java:logGet(43)) - raft.rpc.type = GRPC (default)
2019-07-13 14:47:52,547 INFO  grpc.GrpcFactory (GrpcFactory.java:checkPooledByteBufAllocatorUseCacheForAllThreads(45)) - PERFORMANCE WARNING: useCacheForAllThreads is true that may cause Netty to create a lot garbage objects and, as a result, trigger GC.
	It is recommended to disable useCacheForAllThreads by setting -Dorg.apache.ratis.thirdparty.io.netty.allocator.useCacheForAllThreads=false in command line.
2019-07-13 14:47:52,548 INFO  grpc.GrpcConfigKeys$Server (ConfUtils.java:logGet(43)) - raft.grpc.server.port = 0 (default)
2019-07-13 14:47:52,548 INFO  server.GrpcService (ConfUtils.java:logGet(43)) - raft.grpc.message.size.max = 33570816 (custom)
2019-07-13 14:47:52,548 INFO  server.RaftServerConfigKeys (ConfUtils.java:logGet(43)) - raft.server.log.appender.buffer.byte-limit = 33554432 (custom)
2019-07-13 14:47:52,549 INFO  server.GrpcService (ConfUtils.java:logGet(43)) - raft.grpc.flow.control.window = 1MB (=1048576) (default)
2019-07-13 14:47:52,549 INFO  server.RaftServerConfigKeys (ConfUtils.java:logGet(43)) - raft.server.rpc.request.timeout = 3000ms (default)
2019-07-13 14:47:52,550 INFO  server.RaftServerConfigKeys (ConfUtils.java:logGet(43)) - raft.server.storage.dir = [/tmp/workdir/hadoop-ozone/integration-test/target/test-dir/MiniOzoneClusterImpl-3a2c7849-0d67-4a8c-832f-6796402464c3/datanode-0/data/ratis] (custom)
2019-07-13 14:47:52,550 INFO  replication.SimpleContainerDownloader (SimpleContainerDownloader.java:<init>(72)) - Starting container downloader service to copy containers to replicate.
2019-07-13 14:47:52,551 INFO  hdfs.DFSUtil (DFSUtil.java:httpServerTemplateForNNAndJN(1641)) - Starting Web-server for hddsDatanode at: http://0.0.0.0:0
2019-07-13 14:47:52,553 INFO  server.AuthenticationFilter (AuthenticationFilter.java:constructSecretProvider(240)) - Unable to initialize FileSignerSecretProvider, falling back to use random secrets.
2019-07-13 14:47:52,554 WARN  http.HttpRequestLog (HttpRequestLog.java:getRequestLog(97)) - Jetty request log can only be enabled using Log4j
2019-07-13 14:47:52,555 INFO  http.HttpServer2 (HttpServer2.java:addGlobalFilter(975)) - Added global filter 'safety' (class=org.apache.hadoop.http.HttpServer2$QuotingInputFilter)
2019-07-13 14:47:52,556 INFO  http.HttpServer2 (HttpServer2.java:addFilter(948)) - Added filter static_user_filter (class=org.apache.hadoop.http.lib.StaticUserWebFilter$StaticUserFilter) to context hddsDatanode
2019-07-13 14:47:52,556 INFO  http.HttpServer2 (HttpServer2.java:addFilter(958)) - Added filter static_user_filter (class=org.apache.hadoop.http.lib.StaticUserWebFilter$StaticUserFilter) to context static
2019-07-13 14:47:52,556 INFO  http.HttpServer2 (HttpServer2.java:addFilter(958)) - Added filter static_user_filter (class=org.apache.hadoop.http.lib.StaticUserWebFilter$StaticUserFilter) to context logs
2019-07-13 14:47:52,557 INFO  http.HttpServer2 (HttpServer2.java:bindListener(1191)) - Jetty bound to port 35149
2019-07-13 14:47:52,557 INFO  server.Server (Server.java:doStart(351)) - jetty-9.3.24.v20180605, build timestamp: 2018-06-05T17:11:56Z, git hash: 84205aa28f11a4f31f2a3b86d1bba2cc8ab69827
2019-07-13 14:47:52,560 INFO  handler.ContextHandler (ContextHandler.java:doStart(781)) - Started o.e.j.s.ServletContextHandler@15251cc2{/logs,file:///tmp/workdir/hadoop-ozone/integration-test/target/log,AVAILABLE}
2019-07-13 14:47:52,560 INFO  handler.ContextHandler (ContextHandler.java:doStart(781)) - Started o.e.j.s.ServletContextHandler@53813f01{/static,jar:file:/home/user/.m2/repository/org/apache/hadoop/hadoop-hdds-container-service/0.5.0-SNAPSHOT/hadoop-hdds-container-service-0.5.0-SNAPSHOT.jar!/webapps/static,AVAILABLE}
2019-07-13 14:47:52,609 INFO  handler.ContextHandler (ContextHandler.java:doStart(781)) - Started o.e.j.w.WebAppContext@452d6fd{/,file:///tmp/jetty-0.0.0.0-35149-hddsDatanode-_-any-7699059271489171446.dir/webapp/,AVAILABLE}{/hddsDatanode}
2019-07-13 14:47:52,609 INFO  server.AbstractConnector (AbstractConnector.java:doStart(278)) - Started ServerConnector@38dc1c50{HTTP/1.1,[http/1.1]}{0.0.0.0:35149}
2019-07-13 14:47:52,614 INFO  server.Server (Server.java:doStart(419)) - Started @121008ms
2019-07-13 14:47:52,615 INFO  server.BaseHttpServer (BaseHttpServer.java:updateConnectorAddress(207)) - HTTP server of HDDSDATANODE is listening at http://0.0.0.0:35149
2019-07-13 14:47:52,736 INFO  ozone.HddsDatanodeService (HddsDatanodeService.java:startPlugins(396)) - Started plug-in org.apache.hadoop.ozone.web.OzoneHddsDatanodeService@3ac76ad9
2019-07-13 14:47:52,737 INFO  impl.MetricsSystemImpl (MetricsSystemImpl.java:init(158)) - HddsDatanode metrics system started (again)
2019-07-13 14:47:52,737 INFO  ozone.HddsDatanodeService (HddsDatanodeService.java:start(185)) - HddsDatanodeService host:trunk-nightly-mhs6z-4061744966 ip:192.168.5.172
2019-07-13 14:47:52,738 INFO  util.JvmPauseMonitor (JvmPauseMonitor.java:run(188)) - Starting JVM pause monitor
2019-07-13 14:47:52,740 INFO  datanode.InitDatanodeState (InitDatanodeState.java:persistContainerDatanodeDetails(140)) - DatanodeDetails is persisted to /tmp/workdir/hadoop-ozone/integration-test/target/test-dir/MiniOzoneClusterImpl-3a2c7849-0d67-4a8c-832f-6796402464c3/datanode-0/meta/datanode.id
2019-07-13 14:47:52,753 INFO  volume.HddsVolume (HddsVolume.java:<init>(176)) - Creating Volume: /tmp/workdir/hadoop-ozone/integration-test/target/test-dir/MiniOzoneClusterImpl-3a2c7849-0d67-4a8c-832f-6796402464c3/datanode-1/data/containers/hdds of  storage type : DISK and capacity : 52710309888
2019-07-13 14:47:52,754 INFO  volume.VolumeSet (VolumeSet.java:initializeVolumeSet(170)) - Added Volume : /tmp/workdir/hadoop-ozone/integration-test/target/test-dir/MiniOzoneClusterImpl-3a2c7849-0d67-4a8c-832f-6796402464c3/datanode-1/data/containers/hdds to VolumeSet
2019-07-13 14:47:52,754 INFO  volume.ThrottledAsyncChecker (ThrottledAsyncChecker.java:schedule(140)) - Scheduling a check for org.apache.hadoop.ozone.container.common.volume.HddsVolume@28468162
2019-07-13 14:47:52,754 INFO  volume.HddsVolumeChecker (HddsVolumeChecker.java:checkAllVolumes(203)) - Scheduled health check for volume org.apache.hadoop.ozone.container.common.volume.HddsVolume@28468162
2019-07-13 14:47:52,778 INFO  impl.RaftServerProxy (ConfUtils.java:logGet(43)) - raft.rpc.type = GRPC (default)
2019-07-13 14:47:52,778 INFO  grpc.GrpcFactory (GrpcFactory.java:checkPooledByteBufAllocatorUseCacheForAllThreads(45)) - PERFORMANCE WARNING: useCacheForAllThreads is true that may cause Netty to create a lot garbage objects and, as a result, trigger GC.
	It is recommended to disable useCacheForAllThreads by setting -Dorg.apache.ratis.thirdparty.io.netty.allocator.useCacheForAllThreads=false in command line.
2019-07-13 14:47:52,778 INFO  grpc.GrpcConfigKeys$Server (ConfUtils.java:logGet(43)) - raft.grpc.server.port = 0 (default)
2019-07-13 14:47:52,778 INFO  server.GrpcService (ConfUtils.java:logGet(43)) - raft.grpc.message.size.max = 33570816 (custom)
2019-07-13 14:47:52,778 INFO  server.RaftServerConfigKeys (ConfUtils.java:logGet(43)) - raft.server.log.appender.buffer.byte-limit = 33554432 (custom)
2019-07-13 14:47:52,779 INFO  server.GrpcService (ConfUtils.java:logGet(43)) - raft.grpc.flow.control.window = 1MB (=1048576) (default)
2019-07-13 14:47:52,779 INFO  server.RaftServerConfigKeys (ConfUtils.java:logGet(43)) - raft.server.rpc.request.timeout = 3000ms (default)
2019-07-13 14:47:52,779 INFO  server.RaftServerConfigKeys (ConfUtils.java:logGet(43)) - raft.server.storage.dir = [/tmp/workdir/hadoop-ozone/integration-test/target/test-dir/MiniOzoneClusterImpl-3a2c7849-0d67-4a8c-832f-6796402464c3/datanode-1/data/ratis] (custom)
2019-07-13 14:47:52,780 INFO  replication.SimpleContainerDownloader (SimpleContainerDownloader.java:<init>(72)) - Starting container downloader service to copy containers to replicate.
2019-07-13 14:47:52,781 INFO  hdfs.DFSUtil (DFSUtil.java:httpServerTemplateForNNAndJN(1641)) - Starting Web-server for hddsDatanode at: http://0.0.0.0:0
2019-07-13 14:47:52,782 INFO  server.AuthenticationFilter (AuthenticationFilter.java:constructSecretProvider(240)) - Unable to initialize FileSignerSecretProvider, falling back to use random secrets.
2019-07-13 14:47:52,782 WARN  http.HttpRequestLog (HttpRequestLog.java:getRequestLog(97)) - Jetty request log can only be enabled using Log4j
2019-07-13 14:47:52,783 INFO  http.HttpServer2 (HttpServer2.java:addGlobalFilter(975)) - Added global filter 'safety' (class=org.apache.hadoop.http.HttpServer2$QuotingInputFilter)
2019-07-13 14:47:52,784 INFO  http.HttpServer2 (HttpServer2.java:addFilter(948)) - Added filter static_user_filter (class=org.apache.hadoop.http.lib.StaticUserWebFilter$StaticUserFilter) to context hddsDatanode
2019-07-13 14:47:52,784 INFO  http.HttpServer2 (HttpServer2.java:addFilter(958)) - Added filter static_user_filter (class=org.apache.hadoop.http.lib.StaticUserWebFilter$StaticUserFilter) to context logs
2019-07-13 14:47:52,784 INFO  http.HttpServer2 (HttpServer2.java:addFilter(958)) - Added filter static_user_filter (class=org.apache.hadoop.http.lib.StaticUserWebFilter$StaticUserFilter) to context static
2019-07-13 14:47:52,784 INFO  http.HttpServer2 (HttpServer2.java:bindListener(1191)) - Jetty bound to port 40262
2019-07-13 14:47:52,785 INFO  server.Server (Server.java:doStart(351)) - jetty-9.3.24.v20180605, build timestamp: 2018-06-05T17:11:56Z, git hash: 84205aa28f11a4f31f2a3b86d1bba2cc8ab69827
2019-07-13 14:47:52,787 INFO  handler.ContextHandler (ContextHandler.java:doStart(781)) - Started o.e.j.s.ServletContextHandler@4e23ddf0{/logs,file:///tmp/workdir/hadoop-ozone/integration-test/target/log,AVAILABLE}
2019-07-13 14:47:52,787 INFO  handler.ContextHandler (ContextHandler.java:doStart(781)) - Started o.e.j.s.ServletContextHandler@7e305953{/static,jar:file:/home/user/.m2/repository/org/apache/hadoop/hadoop-hdds-container-service/0.5.0-SNAPSHOT/hadoop-hdds-container-service-0.5.0-SNAPSHOT.jar!/webapps/static,AVAILABLE}
2019-07-13 14:47:52,813 INFO  handler.ContextHandler (ContextHandler.java:doStart(781)) - Started o.e.j.w.WebAppContext@c0a8787{/,file:///tmp/jetty-0.0.0.0-40262-hddsDatanode-_-any-1231992915086490291.dir/webapp/,AVAILABLE}{/hddsDatanode}
2019-07-13 14:47:52,814 INFO  server.AbstractConnector (AbstractConnector.java:doStart(278)) - Started ServerConnector@65cf8da0{HTTP/1.1,[http/1.1]}{0.0.0.0:40262}
2019-07-13 14:47:52,818 INFO  server.Server (Server.java:doStart(419)) - Started @121212ms
2019-07-13 14:47:52,819 INFO  server.BaseHttpServer (BaseHttpServer.java:updateConnectorAddress(207)) - HTTP server of HDDSDATANODE is listening at http://0.0.0.0:40262
2019-07-13 14:47:53,119 INFO  ozone.HddsDatanodeService (HddsDatanodeService.java:startPlugins(396)) - Started plug-in org.apache.hadoop.ozone.web.OzoneHddsDatanodeService@6e6ec71f
2019-07-13 14:47:53,120 INFO  impl.MetricsSystemImpl (MetricsSystemImpl.java:init(158)) - HddsDatanode metrics system started (again)
2019-07-13 14:47:53,120 INFO  ozone.HddsDatanodeService (HddsDatanodeService.java:start(185)) - HddsDatanodeService host:trunk-nightly-mhs6z-4061744966 ip:192.168.5.172
2019-07-13 14:47:53,121 INFO  util.JvmPauseMonitor (JvmPauseMonitor.java:run(188)) - Starting JVM pause monitor
2019-07-13 14:47:53,123 INFO  datanode.InitDatanodeState (InitDatanodeState.java:persistContainerDatanodeDetails(140)) - DatanodeDetails is persisted to /tmp/workdir/hadoop-ozone/integration-test/target/test-dir/MiniOzoneClusterImpl-3a2c7849-0d67-4a8c-832f-6796402464c3/datanode-1/meta/datanode.id
2019-07-13 14:47:53,139 INFO  volume.HddsVolume (HddsVolume.java:<init>(176)) - Creating Volume: /tmp/workdir/hadoop-ozone/integration-test/target/test-dir/MiniOzoneClusterImpl-3a2c7849-0d67-4a8c-832f-6796402464c3/datanode-2/data/containers/hdds of  storage type : DISK and capacity : 52710309888
2019-07-13 14:47:53,139 INFO  volume.VolumeSet (VolumeSet.java:initializeVolumeSet(170)) - Added Volume : /tmp/workdir/hadoop-ozone/integration-test/target/test-dir/MiniOzoneClusterImpl-3a2c7849-0d67-4a8c-832f-6796402464c3/datanode-2/data/containers/hdds to VolumeSet
2019-07-13 14:47:53,139 INFO  volume.ThrottledAsyncChecker (ThrottledAsyncChecker.java:schedule(140)) - Scheduling a check for org.apache.hadoop.ozone.container.common.volume.HddsVolume@d91e8c7
2019-07-13 14:47:53,140 INFO  volume.HddsVolumeChecker (HddsVolumeChecker.java:checkAllVolumes(203)) - Scheduled health check for volume org.apache.hadoop.ozone.container.common.volume.HddsVolume@d91e8c7
2019-07-13 14:47:53,167 INFO  impl.RaftServerProxy (ConfUtils.java:logGet(43)) - raft.rpc.type = GRPC (default)
2019-07-13 14:47:53,167 INFO  grpc.GrpcFactory (GrpcFactory.java:checkPooledByteBufAllocatorUseCacheForAllThreads(45)) - PERFORMANCE WARNING: useCacheForAllThreads is true that may cause Netty to create a lot garbage objects and, as a result, trigger GC.
	It is recommended to disable useCacheForAllThreads by setting -Dorg.apache.ratis.thirdparty.io.netty.allocator.useCacheForAllThreads=false in command line.
2019-07-13 14:47:53,167 INFO  grpc.GrpcConfigKeys$Server (ConfUtils.java:logGet(43)) - raft.grpc.server.port = 0 (default)
2019-07-13 14:47:53,168 INFO  server.GrpcService (ConfUtils.java:logGet(43)) - raft.grpc.message.size.max = 33570816 (custom)
2019-07-13 14:47:53,168 INFO  server.RaftServerConfigKeys (ConfUtils.java:logGet(43)) - raft.server.log.appender.buffer.byte-limit = 33554432 (custom)
2019-07-13 14:47:53,168 INFO  server.GrpcService (ConfUtils.java:logGet(43)) - raft.grpc.flow.control.window = 1MB (=1048576) (default)
2019-07-13 14:47:53,168 INFO  server.RaftServerConfigKeys (ConfUtils.java:logGet(43)) - raft.server.rpc.request.timeout = 3000ms (default)
2019-07-13 14:47:53,169 INFO  server.RaftServerConfigKeys (ConfUtils.java:logGet(43)) - raft.server.storage.dir = [/tmp/workdir/hadoop-ozone/integration-test/target/test-dir/MiniOzoneClusterImpl-3a2c7849-0d67-4a8c-832f-6796402464c3/datanode-2/data/ratis] (custom)
2019-07-13 14:47:53,170 INFO  replication.SimpleContainerDownloader (SimpleContainerDownloader.java:<init>(72)) - Starting container downloader service to copy containers to replicate.
2019-07-13 14:47:53,171 INFO  hdfs.DFSUtil (DFSUtil.java:httpServerTemplateForNNAndJN(1641)) - Starting Web-server for hddsDatanode at: http://0.0.0.0:0
2019-07-13 14:47:53,173 INFO  server.AuthenticationFilter (AuthenticationFilter.java:constructSecretProvider(240)) - Unable to initialize FileSignerSecretProvider, falling back to use random secrets.
2019-07-13 14:47:53,173 WARN  http.HttpRequestLog (HttpRequestLog.java:getRequestLog(97)) - Jetty request log can only be enabled using Log4j
2019-07-13 14:47:53,175 INFO  http.HttpServer2 (HttpServer2.java:addGlobalFilter(975)) - Added global filter 'safety' (class=org.apache.hadoop.http.HttpServer2$QuotingInputFilter)
2019-07-13 14:47:53,176 INFO  http.HttpServer2 (HttpServer2.java:addFilter(948)) - Added filter static_user_filter (class=org.apache.hadoop.http.lib.StaticUserWebFilter$StaticUserFilter) to context hddsDatanode
2019-07-13 14:47:53,176 INFO  http.HttpServer2 (HttpServer2.java:addFilter(958)) - Added filter static_user_filter (class=org.apache.hadoop.http.lib.StaticUserWebFilter$StaticUserFilter) to context static
2019-07-13 14:47:53,177 INFO  http.HttpServer2 (HttpServer2.java:addFilter(958)) - Added filter static_user_filter (class=org.apache.hadoop.http.lib.StaticUserWebFilter$StaticUserFilter) to context logs
2019-07-13 14:47:53,177 INFO  http.HttpServer2 (HttpServer2.java:bindListener(1191)) - Jetty bound to port 46548
2019-07-13 14:47:53,178 INFO  server.Server (Server.java:doStart(351)) - jetty-9.3.24.v20180605, build timestamp: 2018-06-05T17:11:56Z, git hash: 84205aa28f11a4f31f2a3b86d1bba2cc8ab69827
2019-07-13 14:47:53,180 INFO  handler.ContextHandler (ContextHandler.java:doStart(781)) - Started o.e.j.s.ServletContextHandler@48dc06a9{/logs,file:///tmp/workdir/hadoop-ozone/integration-test/target/log,AVAILABLE}
2019-07-13 14:47:53,181 INFO  handler.ContextHandler (ContextHandler.java:doStart(781)) - Started o.e.j.s.ServletContextHandler@726ee6cf{/static,jar:file:/home/user/.m2/repository/org/apache/hadoop/hadoop-hdds-container-service/0.5.0-SNAPSHOT/hadoop-hdds-container-service-0.5.0-SNAPSHOT.jar!/webapps/static,AVAILABLE}
2019-07-13 14:47:53,224 INFO  handler.ContextHandler (ContextHandler.java:doStart(781)) - Started o.e.j.w.WebAppContext@435a4d2d{/,file:///tmp/jetty-0.0.0.0-46548-hddsDatanode-_-any-5786510651222867274.dir/webapp/,AVAILABLE}{/hddsDatanode}
2019-07-13 14:47:53,225 INFO  server.AbstractConnector (AbstractConnector.java:doStart(278)) - Started ServerConnector@253379ec{HTTP/1.1,[http/1.1]}{0.0.0.0:46548}
2019-07-13 14:47:53,230 INFO  server.Server (Server.java:doStart(419)) - Started @121624ms
2019-07-13 14:47:53,231 INFO  server.BaseHttpServer (BaseHttpServer.java:updateConnectorAddress(207)) - HTTP server of HDDSDATANODE is listening at http://0.0.0.0:46548
2019-07-13 14:47:53,350 INFO  ozone.HddsDatanodeService (HddsDatanodeService.java:startPlugins(396)) - Started plug-in org.apache.hadoop.ozone.web.OzoneHddsDatanodeService@33fc92d6
2019-07-13 14:47:53,351 INFO  impl.MetricsSystemImpl (MetricsSystemImpl.java:init(158)) - HddsDatanode metrics system started (again)
2019-07-13 14:47:53,351 INFO  ozone.HddsDatanodeService (HddsDatanodeService.java:start(185)) - HddsDatanodeService host:trunk-nightly-mhs6z-4061744966 ip:192.168.5.172
2019-07-13 14:47:53,352 INFO  util.JvmPauseMonitor (JvmPauseMonitor.java:run(188)) - Starting JVM pause monitor
2019-07-13 14:47:53,354 INFO  datanode.InitDatanodeState (InitDatanodeState.java:persistContainerDatanodeDetails(140)) - DatanodeDetails is persisted to /tmp/workdir/hadoop-ozone/integration-test/target/test-dir/MiniOzoneClusterImpl-3a2c7849-0d67-4a8c-832f-6796402464c3/datanode-2/meta/datanode.id
2019-07-13 14:47:53,367 INFO  volume.HddsVolume (HddsVolume.java:<init>(176)) - Creating Volume: /tmp/workdir/hadoop-ozone/integration-test/target/test-dir/MiniOzoneClusterImpl-3a2c7849-0d67-4a8c-832f-6796402464c3/datanode-3/data/containers/hdds of  storage type : DISK and capacity : 52710309888
2019-07-13 14:47:53,368 INFO  volume.VolumeSet (VolumeSet.java:initializeVolumeSet(170)) - Added Volume : /tmp/workdir/hadoop-ozone/integration-test/target/test-dir/MiniOzoneClusterImpl-3a2c7849-0d67-4a8c-832f-6796402464c3/datanode-3/data/containers/hdds to VolumeSet
2019-07-13 14:47:53,368 INFO  volume.ThrottledAsyncChecker (ThrottledAsyncChecker.java:schedule(140)) - Scheduling a check for org.apache.hadoop.ozone.container.common.volume.HddsVolume@7695184b
2019-07-13 14:47:53,368 INFO  volume.HddsVolumeChecker (HddsVolumeChecker.java:checkAllVolumes(203)) - Scheduled health check for volume org.apache.hadoop.ozone.container.common.volume.HddsVolume@7695184b
2019-07-13 14:47:53,388 INFO  impl.RaftServerProxy (ConfUtils.java:logGet(43)) - raft.rpc.type = GRPC (default)
2019-07-13 14:47:53,388 INFO  grpc.GrpcFactory (GrpcFactory.java:checkPooledByteBufAllocatorUseCacheForAllThreads(45)) - PERFORMANCE WARNING: useCacheForAllThreads is true that may cause Netty to create a lot garbage objects and, as a result, trigger GC.
	It is recommended to disable useCacheForAllThreads by setting -Dorg.apache.ratis.thirdparty.io.netty.allocator.useCacheForAllThreads=false in command line.
2019-07-13 14:47:53,389 INFO  grpc.GrpcConfigKeys$Server (ConfUtils.java:logGet(43)) - raft.grpc.server.port = 0 (default)
2019-07-13 14:47:53,389 INFO  server.GrpcService (ConfUtils.java:logGet(43)) - raft.grpc.message.size.max = 33570816 (custom)
2019-07-13 14:47:53,389 INFO  server.RaftServerConfigKeys (ConfUtils.java:logGet(43)) - raft.server.log.appender.buffer.byte-limit = 33554432 (custom)
2019-07-13 14:47:53,389 INFO  server.GrpcService (ConfUtils.java:logGet(43)) - raft.grpc.flow.control.window = 1MB (=1048576) (default)
2019-07-13 14:47:53,389 INFO  server.RaftServerConfigKeys (ConfUtils.java:logGet(43)) - raft.server.rpc.request.timeout = 3000ms (default)
2019-07-13 14:47:53,390 INFO  server.RaftServerConfigKeys (ConfUtils.java:logGet(43)) - raft.server.storage.dir = [/tmp/workdir/hadoop-ozone/integration-test/target/test-dir/MiniOzoneClusterImpl-3a2c7849-0d67-4a8c-832f-6796402464c3/datanode-3/data/ratis] (custom)
2019-07-13 14:47:53,390 INFO  replication.SimpleContainerDownloader (SimpleContainerDownloader.java:<init>(72)) - Starting container downloader service to copy containers to replicate.
2019-07-13 14:47:53,391 INFO  hdfs.DFSUtil (DFSUtil.java:httpServerTemplateForNNAndJN(1641)) - Starting Web-server for hddsDatanode at: http://0.0.0.0:0
2019-07-13 14:47:53,392 INFO  server.AuthenticationFilter (AuthenticationFilter.java:constructSecretProvider(240)) - Unable to initialize FileSignerSecretProvider, falling back to use random secrets.
2019-07-13 14:47:53,393 WARN  http.HttpRequestLog (HttpRequestLog.java:getRequestLog(97)) - Jetty request log can only be enabled using Log4j
2019-07-13 14:47:53,394 INFO  http.HttpServer2 (HttpServer2.java:addGlobalFilter(975)) - Added global filter 'safety' (class=org.apache.hadoop.http.HttpServer2$QuotingInputFilter)
2019-07-13 14:47:53,394 INFO  http.HttpServer2 (HttpServer2.java:addFilter(948)) - Added filter static_user_filter (class=org.apache.hadoop.http.lib.StaticUserWebFilter$StaticUserFilter) to context hddsDatanode
2019-07-13 14:47:53,394 INFO  http.HttpServer2 (HttpServer2.java:addFilter(958)) - Added filter static_user_filter (class=org.apache.hadoop.http.lib.StaticUserWebFilter$StaticUserFilter) to context static
2019-07-13 14:47:53,395 INFO  http.HttpServer2 (HttpServer2.java:addFilter(958)) - Added filter static_user_filter (class=org.apache.hadoop.http.lib.StaticUserWebFilter$StaticUserFilter) to context logs
2019-07-13 14:47:53,395 INFO  http.HttpServer2 (HttpServer2.java:bindListener(1191)) - Jetty bound to port 38498
2019-07-13 14:47:53,395 INFO  server.Server (Server.java:doStart(351)) - jetty-9.3.24.v20180605, build timestamp: 2018-06-05T17:11:56Z, git hash: 84205aa28f11a4f31f2a3b86d1bba2cc8ab69827
2019-07-13 14:47:53,397 INFO  handler.ContextHandler (ContextHandler.java:doStart(781)) - Started o.e.j.s.ServletContextHandler@7915111a{/logs,file:///tmp/workdir/hadoop-ozone/integration-test/target/log,AVAILABLE}
2019-07-13 14:47:53,397 INFO  handler.ContextHandler (ContextHandler.java:doStart(781)) - Started o.e.j.s.ServletContextHandler@34538ffe{/static,jar:file:/home/user/.m2/repository/org/apache/hadoop/hadoop-hdds-container-service/0.5.0-SNAPSHOT/hadoop-hdds-container-service-0.5.0-SNAPSHOT.jar!/webapps/static,AVAILABLE}
2019-07-13 14:47:53,425 INFO  handler.ContextHandler (ContextHandler.java:doStart(781)) - Started o.e.j.w.WebAppContext@6d2693f{/,file:///tmp/jetty-0.0.0.0-38498-hddsDatanode-_-any-6389582602507372077.dir/webapp/,AVAILABLE}{/hddsDatanode}
2019-07-13 14:47:53,425 INFO  server.AbstractConnector (AbstractConnector.java:doStart(278)) - Started ServerConnector@352a8183{HTTP/1.1,[http/1.1]}{0.0.0.0:38498}
2019-07-13 14:47:53,430 INFO  server.Server (Server.java:doStart(419)) - Started @121824ms
2019-07-13 14:47:53,435 INFO  server.BaseHttpServer (BaseHttpServer.java:updateConnectorAddress(207)) - HTTP server of HDDSDATANODE is listening at http://0.0.0.0:38498
2019-07-13 14:47:53,437 WARN  server.GrpcLogAppender (LogUtils.java:warn(134)) - d09ac996-a1e3-4fee-879f-5fae352d8083->b3b35bbc-ecb3-4089-a051-cdbc3e98c858: Failed appendEntries: org.apache.ratis.thirdparty.io.grpc.StatusRuntimeException: UNAVAILABLE: io exception
2019-07-13 14:47:53,437 INFO  impl.FollowerInfo (FollowerInfo.java:lambda$new$0(50)) - d09ac996-a1e3-4fee-879f-5fae352d8083->b3b35bbc-ecb3-4089-a051-cdbc3e98c858: nextIndex: updateUnconditionally 0 -> 0
2019-07-13 14:47:53,437 WARN  server.GrpcLogAppender (LogUtils.java:warn(134)) - d09ac996-a1e3-4fee-879f-5fae352d8083->df0f1f66-3432-46de-9fbe-84c0ce15a20c: Failed appendEntries: org.apache.ratis.thirdparty.io.grpc.StatusRuntimeException: UNAVAILABLE: io exception
2019-07-13 14:47:53,438 INFO  impl.FollowerInfo (FollowerInfo.java:lambda$new$0(50)) - d09ac996-a1e3-4fee-879f-5fae352d8083->df0f1f66-3432-46de-9fbe-84c0ce15a20c: nextIndex: updateUnconditionally 0 -> 0
2019-07-13 14:47:53,539 INFO  ozone.HddsDatanodeService (HddsDatanodeService.java:startPlugins(396)) - Started plug-in org.apache.hadoop.ozone.web.OzoneHddsDatanodeService@2553fbd0
2019-07-13 14:47:53,540 INFO  impl.MetricsSystemImpl (MetricsSystemImpl.java:init(158)) - HddsDatanode metrics system started (again)
2019-07-13 14:47:53,540 INFO  ozone.HddsDatanodeService (HddsDatanodeService.java:start(185)) - HddsDatanodeService host:trunk-nightly-mhs6z-4061744966 ip:192.168.5.172
2019-07-13 14:47:53,541 INFO  util.JvmPauseMonitor (JvmPauseMonitor.java:run(188)) - Starting JVM pause monitor
2019-07-13 14:47:53,543 INFO  datanode.InitDatanodeState (InitDatanodeState.java:persistContainerDatanodeDetails(140)) - DatanodeDetails is persisted to /tmp/workdir/hadoop-ozone/integration-test/target/test-dir/MiniOzoneClusterImpl-3a2c7849-0d67-4a8c-832f-6796402464c3/datanode-3/meta/datanode.id
2019-07-13 14:47:53,557 INFO  volume.HddsVolume (HddsVolume.java:<init>(176)) - Creating Volume: /tmp/workdir/hadoop-ozone/integration-test/target/test-dir/MiniOzoneClusterImpl-3a2c7849-0d67-4a8c-832f-6796402464c3/datanode-4/data/containers/hdds of  storage type : DISK and capacity : 52710309888
2019-07-13 14:47:53,557 INFO  volume.VolumeSet (VolumeSet.java:initializeVolumeSet(170)) - Added Volume : /tmp/workdir/hadoop-ozone/integration-test/target/test-dir/MiniOzoneClusterImpl-3a2c7849-0d67-4a8c-832f-6796402464c3/datanode-4/data/containers/hdds to VolumeSet
2019-07-13 14:47:53,557 INFO  volume.ThrottledAsyncChecker (ThrottledAsyncChecker.java:schedule(140)) - Scheduling a check for org.apache.hadoop.ozone.container.common.volume.HddsVolume@12faeada
2019-07-13 14:47:53,558 INFO  volume.HddsVolumeChecker (HddsVolumeChecker.java:checkAllVolumes(203)) - Scheduled health check for volume org.apache.hadoop.ozone.container.common.volume.HddsVolume@12faeada
2019-07-13 14:47:53,581 INFO  impl.RaftServerProxy (ConfUtils.java:logGet(43)) - raft.rpc.type = GRPC (default)
2019-07-13 14:47:53,581 INFO  grpc.GrpcFactory (GrpcFactory.java:checkPooledByteBufAllocatorUseCacheForAllThreads(45)) - PERFORMANCE WARNING: useCacheForAllThreads is true that may cause Netty to create a lot garbage objects and, as a result, trigger GC.
	It is recommended to disable useCacheForAllThreads by setting -Dorg.apache.ratis.thirdparty.io.netty.allocator.useCacheForAllThreads=false in command line.
2019-07-13 14:47:53,581 INFO  grpc.GrpcConfigKeys$Server (ConfUtils.java:logGet(43)) - raft.grpc.server.port = 0 (default)
2019-07-13 14:47:53,582 INFO  server.GrpcService (ConfUtils.java:logGet(43)) - raft.grpc.message.size.max = 33570816 (custom)
2019-07-13 14:47:53,582 INFO  server.RaftServerConfigKeys (ConfUtils.java:logGet(43)) - raft.server.log.appender.buffer.byte-limit = 33554432 (custom)
2019-07-13 14:47:53,582 INFO  server.GrpcService (ConfUtils.java:logGet(43)) - raft.grpc.flow.control.window = 1MB (=1048576) (default)
2019-07-13 14:47:53,582 INFO  server.RaftServerConfigKeys (ConfUtils.java:logGet(43)) - raft.server.rpc.request.timeout = 3000ms (default)
2019-07-13 14:47:53,583 INFO  server.RaftServerConfigKeys (ConfUtils.java:logGet(43)) - raft.server.storage.dir = [/tmp/workdir/hadoop-ozone/integration-test/target/test-dir/MiniOzoneClusterImpl-3a2c7849-0d67-4a8c-832f-6796402464c3/datanode-4/data/ratis] (custom)
2019-07-13 14:47:53,583 INFO  replication.SimpleContainerDownloader (SimpleContainerDownloader.java:<init>(72)) - Starting container downloader service to copy containers to replicate.
2019-07-13 14:47:53,584 INFO  hdfs.DFSUtil (DFSUtil.java:httpServerTemplateForNNAndJN(1641)) - Starting Web-server for hddsDatanode at: http://0.0.0.0:0
2019-07-13 14:47:53,585 INFO  server.AuthenticationFilter (AuthenticationFilter.java:constructSecretProvider(240)) - Unable to initialize FileSignerSecretProvider, falling back to use random secrets.
2019-07-13 14:47:53,585 WARN  http.HttpRequestLog (HttpRequestLog.java:getRequestLog(97)) - Jetty request log can only be enabled using Log4j
2019-07-13 14:47:53,587 INFO  http.HttpServer2 (HttpServer2.java:addGlobalFilter(975)) - Added global filter 'safety' (class=org.apache.hadoop.http.HttpServer2$QuotingInputFilter)
2019-07-13 14:47:53,587 INFO  http.HttpServer2 (HttpServer2.java:addFilter(948)) - Added filter static_user_filter (class=org.apache.hadoop.http.lib.StaticUserWebFilter$StaticUserFilter) to context hddsDatanode
2019-07-13 14:47:53,587 INFO  http.HttpServer2 (HttpServer2.java:addFilter(958)) - Added filter static_user_filter (class=org.apache.hadoop.http.lib.StaticUserWebFilter$StaticUserFilter) to context static
2019-07-13 14:47:53,587 INFO  http.HttpServer2 (HttpServer2.java:addFilter(958)) - Added filter static_user_filter (class=org.apache.hadoop.http.lib.StaticUserWebFilter$StaticUserFilter) to context logs
2019-07-13 14:47:53,588 INFO  http.HttpServer2 (HttpServer2.java:bindListener(1191)) - Jetty bound to port 44220
2019-07-13 14:47:53,588 INFO  server.Server (Server.java:doStart(351)) - jetty-9.3.24.v20180605, build timestamp: 2018-06-05T17:11:56Z, git hash: 84205aa28f11a4f31f2a3b86d1bba2cc8ab69827
2019-07-13 14:47:53,590 INFO  handler.ContextHandler (ContextHandler.java:doStart(781)) - Started o.e.j.s.ServletContextHandler@25ee3cd6{/logs,file:///tmp/workdir/hadoop-ozone/integration-test/target/log,AVAILABLE}
2019-07-13 14:47:53,590 INFO  handler.ContextHandler (ContextHandler.java:doStart(781)) - Started o.e.j.s.ServletContextHandler@100d5018{/static,jar:file:/home/user/.m2/repository/org/apache/hadoop/hadoop-hdds-container-service/0.5.0-SNAPSHOT/hadoop-hdds-container-service-0.5.0-SNAPSHOT.jar!/webapps/static,AVAILABLE}
2019-07-13 14:47:53,616 INFO  handler.ContextHandler (ContextHandler.java:doStart(781)) - Started o.e.j.w.WebAppContext@6c54d0dc{/,file:///tmp/jetty-0.0.0.0-44220-hddsDatanode-_-any-7943056382110931319.dir/webapp/,AVAILABLE}{/hddsDatanode}
2019-07-13 14:47:53,616 INFO  server.AbstractConnector (AbstractConnector.java:doStart(278)) - Started ServerConnector@5b5f06bb{HTTP/1.1,[http/1.1]}{0.0.0.0:44220}
2019-07-13 14:47:53,622 INFO  server.Server (Server.java:doStart(419)) - Started @122011ms
2019-07-13 14:47:53,623 INFO  server.BaseHttpServer (BaseHttpServer.java:updateConnectorAddress(207)) - HTTP server of HDDSDATANODE is listening at http://0.0.0.0:44220
2019-07-13 14:47:53,732 INFO  ozone.HddsDatanodeService (HddsDatanodeService.java:startPlugins(396)) - Started plug-in org.apache.hadoop.ozone.web.OzoneHddsDatanodeService@d3929ba
2019-07-13 14:47:53,732 INFO  impl.MetricsSystemImpl (MetricsSystemImpl.java:init(158)) - HddsDatanode metrics system started (again)
2019-07-13 14:47:53,732 INFO  ozone.HddsDatanodeService (HddsDatanodeService.java:start(185)) - HddsDatanodeService host:trunk-nightly-mhs6z-4061744966 ip:192.168.5.172
2019-07-13 14:47:53,733 INFO  util.JvmPauseMonitor (JvmPauseMonitor.java:run(188)) - Starting JVM pause monitor
2019-07-13 14:47:53,735 INFO  datanode.InitDatanodeState (InitDatanodeState.java:persistContainerDatanodeDetails(140)) - DatanodeDetails is persisted to /tmp/workdir/hadoop-ozone/integration-test/target/test-dir/MiniOzoneClusterImpl-3a2c7849-0d67-4a8c-832f-6796402464c3/datanode-4/meta/datanode.id
2019-07-13 14:47:53,751 INFO  volume.HddsVolume (HddsVolume.java:<init>(176)) - Creating Volume: /tmp/workdir/hadoop-ozone/integration-test/target/test-dir/MiniOzoneClusterImpl-3a2c7849-0d67-4a8c-832f-6796402464c3/datanode-5/data/containers/hdds of  storage type : DISK and capacity : 52710309888
2019-07-13 14:47:53,752 INFO  volume.VolumeSet (VolumeSet.java:initializeVolumeSet(170)) - Added Volume : /tmp/workdir/hadoop-ozone/integration-test/target/test-dir/MiniOzoneClusterImpl-3a2c7849-0d67-4a8c-832f-6796402464c3/datanode-5/data/containers/hdds to VolumeSet
2019-07-13 14:47:53,752 INFO  volume.ThrottledAsyncChecker (ThrottledAsyncChecker.java:schedule(140)) - Scheduling a check for org.apache.hadoop.ozone.container.common.volume.HddsVolume@540ac21e
2019-07-13 14:47:53,753 INFO  volume.HddsVolumeChecker (HddsVolumeChecker.java:checkAllVolumes(203)) - Scheduled health check for volume org.apache.hadoop.ozone.container.common.volume.HddsVolume@540ac21e
2019-07-13 14:47:53,776 INFO  impl.RaftServerProxy (ConfUtils.java:logGet(43)) - raft.rpc.type = GRPC (default)
2019-07-13 14:47:53,776 INFO  grpc.GrpcFactory (GrpcFactory.java:checkPooledByteBufAllocatorUseCacheForAllThreads(45)) - PERFORMANCE WARNING: useCacheForAllThreads is true that may cause Netty to create a lot garbage objects and, as a result, trigger GC.
	It is recommended to disable useCacheForAllThreads by setting -Dorg.apache.ratis.thirdparty.io.netty.allocator.useCacheForAllThreads=false in command line.
2019-07-13 14:47:53,776 INFO  grpc.GrpcConfigKeys$Server (ConfUtils.java:logGet(43)) - raft.grpc.server.port = 0 (default)
2019-07-13 14:47:53,776 INFO  server.GrpcService (ConfUtils.java:logGet(43)) - raft.grpc.message.size.max = 33570816 (custom)
2019-07-13 14:47:53,777 INFO  server.RaftServerConfigKeys (ConfUtils.java:logGet(43)) - raft.server.log.appender.buffer.byte-limit = 33554432 (custom)
2019-07-13 14:47:53,777 INFO  server.GrpcService (ConfUtils.java:logGet(43)) - raft.grpc.flow.control.window = 1MB (=1048576) (default)
2019-07-13 14:47:53,777 INFO  server.RaftServerConfigKeys (ConfUtils.java:logGet(43)) - raft.server.rpc.request.timeout = 3000ms (default)
2019-07-13 14:47:53,777 INFO  server.RaftServerConfigKeys (ConfUtils.java:logGet(43)) - raft.server.storage.dir = [/tmp/workdir/hadoop-ozone/integration-test/target/test-dir/MiniOzoneClusterImpl-3a2c7849-0d67-4a8c-832f-6796402464c3/datanode-5/data/ratis] (custom)
2019-07-13 14:47:53,778 INFO  replication.SimpleContainerDownloader (SimpleContainerDownloader.java:<init>(72)) - Starting container downloader service to copy containers to replicate.
2019-07-13 14:47:53,779 INFO  hdfs.DFSUtil (DFSUtil.java:httpServerTemplateForNNAndJN(1641)) - Starting Web-server for hddsDatanode at: http://0.0.0.0:0
2019-07-13 14:47:53,780 INFO  server.AuthenticationFilter (AuthenticationFilter.java:constructSecretProvider(240)) - Unable to initialize FileSignerSecretProvider, falling back to use random secrets.
2019-07-13 14:47:53,780 WARN  http.HttpRequestLog (HttpRequestLog.java:getRequestLog(97)) - Jetty request log can only be enabled using Log4j
2019-07-13 14:47:53,782 INFO  http.HttpServer2 (HttpServer2.java:addGlobalFilter(975)) - Added global filter 'safety' (class=org.apache.hadoop.http.HttpServer2$QuotingInputFilter)
2019-07-13 14:47:53,782 INFO  http.HttpServer2 (HttpServer2.java:addFilter(948)) - Added filter static_user_filter (class=org.apache.hadoop.http.lib.StaticUserWebFilter$StaticUserFilter) to context hddsDatanode
2019-07-13 14:47:53,782 INFO  http.HttpServer2 (HttpServer2.java:addFilter(958)) - Added filter static_user_filter (class=org.apache.hadoop.http.lib.StaticUserWebFilter$StaticUserFilter) to context logs
2019-07-13 14:47:53,782 INFO  http.HttpServer2 (HttpServer2.java:addFilter(958)) - Added filter static_user_filter (class=org.apache.hadoop.http.lib.StaticUserWebFilter$StaticUserFilter) to context static
2019-07-13 14:47:53,783 INFO  http.HttpServer2 (HttpServer2.java:bindListener(1191)) - Jetty bound to port 44754
2019-07-13 14:47:53,783 INFO  server.Server (Server.java:doStart(351)) - jetty-9.3.24.v20180605, build timestamp: 2018-06-05T17:11:56Z, git hash: 84205aa28f11a4f31f2a3b86d1bba2cc8ab69827
2019-07-13 14:47:53,785 INFO  handler.ContextHandler (ContextHandler.java:doStart(781)) - Started o.e.j.s.ServletContextHandler@36e9fd4f{/logs,file:///tmp/workdir/hadoop-ozone/integration-test/target/log,AVAILABLE}
2019-07-13 14:47:53,785 INFO  handler.ContextHandler (ContextHandler.java:doStart(781)) - Started o.e.j.s.ServletContextHandler@8b727cb{/static,jar:file:/home/user/.m2/repository/org/apache/hadoop/hadoop-hdds-container-service/0.5.0-SNAPSHOT/hadoop-hdds-container-service-0.5.0-SNAPSHOT.jar!/webapps/static,AVAILABLE}
2019-07-13 14:47:53,811 INFO  handler.ContextHandler (ContextHandler.java:doStart(781)) - Started o.e.j.w.WebAppContext@d0456ad{/,file:///tmp/jetty-0.0.0.0-44754-hddsDatanode-_-any-7350106889679462821.dir/webapp/,AVAILABLE}{/hddsDatanode}
2019-07-13 14:47:53,811 INFO  server.AbstractConnector (AbstractConnector.java:doStart(278)) - Started ServerConnector@12dd3501{HTTP/1.1,[http/1.1]}{0.0.0.0:44754}
2019-07-13 14:47:53,812 INFO  server.Server (Server.java:doStart(419)) - Started @122206ms
2019-07-13 14:47:53,817 INFO  server.BaseHttpServer (BaseHttpServer.java:updateConnectorAddress(207)) - HTTP server of HDDSDATANODE is listening at http://0.0.0.0:44754
2019-07-13 14:47:53,922 INFO  ozone.HddsDatanodeService (HddsDatanodeService.java:startPlugins(396)) - Started plug-in org.apache.hadoop.ozone.web.OzoneHddsDatanodeService@28df2da8
2019-07-13 14:47:53,923 INFO  impl.MetricsSystemImpl (MetricsSystemImpl.java:init(158)) - HddsDatanode metrics system started (again)
2019-07-13 14:47:53,923 INFO  ozone.HddsDatanodeService (HddsDatanodeService.java:start(185)) - HddsDatanodeService host:trunk-nightly-mhs6z-4061744966 ip:192.168.5.172
2019-07-13 14:47:53,924 INFO  util.JvmPauseMonitor (JvmPauseMonitor.java:run(188)) - Starting JVM pause monitor
2019-07-13 14:47:53,926 INFO  datanode.InitDatanodeState (InitDatanodeState.java:persistContainerDatanodeDetails(140)) - DatanodeDetails is persisted to /tmp/workdir/hadoop-ozone/integration-test/target/test-dir/MiniOzoneClusterImpl-3a2c7849-0d67-4a8c-832f-6796402464c3/datanode-5/meta/datanode.id
2019-07-13 14:47:53,942 INFO  volume.HddsVolume (HddsVolume.java:<init>(176)) - Creating Volume: /tmp/workdir/hadoop-ozone/integration-test/target/test-dir/MiniOzoneClusterImpl-3a2c7849-0d67-4a8c-832f-6796402464c3/datanode-6/data/containers/hdds of  storage type : DISK and capacity : 52710309888
2019-07-13 14:47:53,942 INFO  volume.VolumeSet (VolumeSet.java:initializeVolumeSet(170)) - Added Volume : /tmp/workdir/hadoop-ozone/integration-test/target/test-dir/MiniOzoneClusterImpl-3a2c7849-0d67-4a8c-832f-6796402464c3/datanode-6/data/containers/hdds to VolumeSet
2019-07-13 14:47:53,942 INFO  volume.ThrottledAsyncChecker (ThrottledAsyncChecker.java:schedule(140)) - Scheduling a check for org.apache.hadoop.ozone.container.common.volume.HddsVolume@3d339541
2019-07-13 14:47:53,943 INFO  volume.HddsVolumeChecker (HddsVolumeChecker.java:checkAllVolumes(203)) - Scheduled health check for volume org.apache.hadoop.ozone.container.common.volume.HddsVolume@3d339541
2019-07-13 14:47:53,969 INFO  impl.RaftServerProxy (ConfUtils.java:logGet(43)) - raft.rpc.type = GRPC (default)
2019-07-13 14:47:53,970 INFO  grpc.GrpcFactory (GrpcFactory.java:checkPooledByteBufAllocatorUseCacheForAllThreads(45)) - PERFORMANCE WARNING: useCacheForAllThreads is true that may cause Netty to create a lot garbage objects and, as a result, trigger GC.
	It is recommended to disable useCacheForAllThreads by setting -Dorg.apache.ratis.thirdparty.io.netty.allocator.useCacheForAllThreads=false in command line.
2019-07-13 14:47:53,970 INFO  grpc.GrpcConfigKeys$Server (ConfUtils.java:logGet(43)) - raft.grpc.server.port = 0 (default)
2019-07-13 14:47:53,970 INFO  server.GrpcService (ConfUtils.java:logGet(43)) - raft.grpc.message.size.max = 33570816 (custom)
2019-07-13 14:47:53,971 INFO  server.RaftServerConfigKeys (ConfUtils.java:logGet(43)) - raft.server.log.appender.buffer.byte-limit = 33554432 (custom)
2019-07-13 14:47:53,971 INFO  server.GrpcService (ConfUtils.java:logGet(43)) - raft.grpc.flow.control.window = 1MB (=1048576) (default)
2019-07-13 14:47:53,971 INFO  server.RaftServerConfigKeys (ConfUtils.java:logGet(43)) - raft.server.rpc.request.timeout = 3000ms (default)
2019-07-13 14:47:53,972 INFO  server.RaftServerConfigKeys (ConfUtils.java:logGet(43)) - raft.server.storage.dir = [/tmp/workdir/hadoop-ozone/integration-test/target/test-dir/MiniOzoneClusterImpl-3a2c7849-0d67-4a8c-832f-6796402464c3/datanode-6/data/ratis] (custom)
2019-07-13 14:47:53,972 INFO  replication.SimpleContainerDownloader (SimpleContainerDownloader.java:<init>(72)) - Starting container downloader service to copy containers to replicate.
2019-07-13 14:47:53,974 INFO  hdfs.DFSUtil (DFSUtil.java:httpServerTemplateForNNAndJN(1641)) - Starting Web-server for hddsDatanode at: http://0.0.0.0:0
2019-07-13 14:47:53,976 INFO  server.AuthenticationFilter (AuthenticationFilter.java:constructSecretProvider(240)) - Unable to initialize FileSignerSecretProvider, falling back to use random secrets.
2019-07-13 14:47:53,976 WARN  http.HttpRequestLog (HttpRequestLog.java:getRequestLog(97)) - Jetty request log can only be enabled using Log4j
2019-07-13 14:47:53,978 INFO  http.HttpServer2 (HttpServer2.java:addGlobalFilter(975)) - Added global filter 'safety' (class=org.apache.hadoop.http.HttpServer2$QuotingInputFilter)
2019-07-13 14:47:53,979 INFO  http.HttpServer2 (HttpServer2.java:addFilter(948)) - Added filter static_user_filter (class=org.apache.hadoop.http.lib.StaticUserWebFilter$StaticUserFilter) to context hddsDatanode
2019-07-13 14:47:53,979 INFO  http.HttpServer2 (HttpServer2.java:addFilter(958)) - Added filter static_user_filter (class=org.apache.hadoop.http.lib.StaticUserWebFilter$StaticUserFilter) to context static
2019-07-13 14:47:53,979 INFO  http.HttpServer2 (HttpServer2.java:addFilter(958)) - Added filter static_user_filter (class=org.apache.hadoop.http.lib.StaticUserWebFilter$StaticUserFilter) to context logs
2019-07-13 14:47:53,980 INFO  http.HttpServer2 (HttpServer2.java:bindListener(1191)) - Jetty bound to port 44649
2019-07-13 14:47:53,980 INFO  server.Server (Server.java:doStart(351)) - jetty-9.3.24.v20180605, build timestamp: 2018-06-05T17:11:56Z, git hash: 84205aa28f11a4f31f2a3b86d1bba2cc8ab69827
2019-07-13 14:47:53,982 INFO  handler.ContextHandler (ContextHandler.java:doStart(781)) - Started o.e.j.s.ServletContextHandler@409b1740{/logs,file:///tmp/workdir/hadoop-ozone/integration-test/target/log,AVAILABLE}
2019-07-13 14:47:53,983 INFO  handler.ContextHandler (ContextHandler.java:doStart(781)) - Started o.e.j.s.ServletContextHandler@59e9ba7{/static,jar:file:/home/user/.m2/repository/org/apache/hadoop/hadoop-hdds-container-service/0.5.0-SNAPSHOT/hadoop-hdds-container-service-0.5.0-SNAPSHOT.jar!/webapps/static,AVAILABLE}
2019-07-13 14:47:54,030 INFO  handler.ContextHandler (ContextHandler.java:doStart(781)) - Started o.e.j.w.WebAppContext@73cd3b8{/,file:///tmp/jetty-0.0.0.0-44649-hddsDatanode-_-any-1552441753036324832.dir/webapp/,AVAILABLE}{/hddsDatanode}
2019-07-13 14:47:54,031 INFO  server.AbstractConnector (AbstractConnector.java:doStart(278)) - Started ServerConnector@6421d85c{HTTP/1.1,[http/1.1]}{0.0.0.0:44649}
2019-07-13 14:47:54,040 INFO  server.Server (Server.java:doStart(419)) - Started @122434ms
2019-07-13 14:47:54,041 INFO  server.BaseHttpServer (BaseHttpServer.java:updateConnectorAddress(207)) - HTTP server of HDDSDATANODE is listening at http://0.0.0.0:44649
2019-07-13 14:47:54,179 INFO  ozone.HddsDatanodeService (HddsDatanodeService.java:startPlugins(396)) - Started plug-in org.apache.hadoop.ozone.web.OzoneHddsDatanodeService@6f5d292c
2019-07-13 14:47:54,180 INFO  ozone.MiniOzoneClusterImpl (MiniOzoneClusterImpl.java:lambda$waitForClusterToBeReady$0(142)) - Waiting for cluster to be ready. Got 0 of 7 DN Heartbeats.
2019-07-13 14:47:54,181 INFO  util.JvmPauseMonitor (JvmPauseMonitor.java:run(188)) - Starting JVM pause monitor
2019-07-13 14:47:54,183 INFO  datanode.InitDatanodeState (InitDatanodeState.java:persistContainerDatanodeDetails(140)) - DatanodeDetails is persisted to /tmp/workdir/hadoop-ozone/integration-test/target/test-dir/MiniOzoneClusterImpl-3a2c7849-0d67-4a8c-832f-6796402464c3/datanode-6/meta/datanode.id
2019-07-13 14:47:54,772 INFO  ozoneimpl.OzoneContainer (OzoneContainer.java:start(186)) - Attempting to start container services.
2019-07-13 14:47:54,772 INFO  ozoneimpl.OzoneContainer (OzoneContainer.java:startContainerScrub(160)) - Background container scrubber has been disabled by hdds.containerscrub.enabled
2019-07-13 14:47:54,772 INFO  ratis.XceiverServerRatis (XceiverServerRatis.java:start(418)) - Starting XceiverServerRatis 9a58c024-f685-44fe-a3a4-9e3a34df864a at port 0
2019-07-13 14:47:54,780 INFO  impl.RaftServerProxy (RaftServerProxy.java:lambda$start$3(299)) - 9a58c024-f685-44fe-a3a4-9e3a34df864a: start RPC server
2019-07-13 14:47:54,781 INFO  server.GrpcService (GrpcService.java:startImpl(149)) - 9a58c024-f685-44fe-a3a4-9e3a34df864a: GrpcService started, listening on 0.0.0.0/0.0.0.0:41851
2019-07-13 14:47:54,781 INFO  ratis.XceiverServerRatis (XceiverServerRatis.java:start(428)) - XceiverServerRatis 9a58c024-f685-44fe-a3a4-9e3a34df864a is started using port 41851
2019-07-13 14:47:54,782 INFO  server.XceiverServerGrpc (XceiverServerGrpc.java:start(161)) - XceiverServerGrpc 9a58c024-f685-44fe-a3a4-9e3a34df864a is started using port 46545
2019-07-13 14:47:55,128 INFO  ozoneimpl.OzoneContainer (OzoneContainer.java:start(186)) - Attempting to start container services.
2019-07-13 14:47:55,128 INFO  ozoneimpl.OzoneContainer (OzoneContainer.java:startContainerScrub(160)) - Background container scrubber has been disabled by hdds.containerscrub.enabled
2019-07-13 14:47:55,128 INFO  ratis.XceiverServerRatis (XceiverServerRatis.java:start(418)) - Starting XceiverServerRatis 4be6fbbb-303f-4603-a02e-9bb3d18d9f0a at port 0
2019-07-13 14:47:55,135 INFO  impl.RaftServerProxy (RaftServerProxy.java:lambda$start$3(299)) - 4be6fbbb-303f-4603-a02e-9bb3d18d9f0a: start RPC server
2019-07-13 14:47:55,136 INFO  server.GrpcService (GrpcService.java:startImpl(149)) - 4be6fbbb-303f-4603-a02e-9bb3d18d9f0a: GrpcService started, listening on 0.0.0.0/0.0.0.0:38272
2019-07-13 14:47:55,137 INFO  ratis.XceiverServerRatis (XceiverServerRatis.java:start(428)) - XceiverServerRatis 4be6fbbb-303f-4603-a02e-9bb3d18d9f0a is started using port 38272
2019-07-13 14:47:55,137 INFO  server.XceiverServerGrpc (XceiverServerGrpc.java:start(161)) - XceiverServerGrpc 4be6fbbb-303f-4603-a02e-9bb3d18d9f0a is started using port 34090
2019-07-13 14:47:55,180 INFO  ozone.MiniOzoneClusterImpl (MiniOzoneClusterImpl.java:lambda$waitForClusterToBeReady$0(142)) - Waiting for cluster to be ready. Got 0 of 7 DN Heartbeats.
2019-07-13 14:47:55,366 INFO  ozoneimpl.OzoneContainer (OzoneContainer.java:start(186)) - Attempting to start container services.
2019-07-13 14:47:55,366 INFO  ozoneimpl.OzoneContainer (OzoneContainer.java:startContainerScrub(160)) - Background container scrubber has been disabled by hdds.containerscrub.enabled
2019-07-13 14:47:55,366 INFO  ratis.XceiverServerRatis (XceiverServerRatis.java:start(418)) - Starting XceiverServerRatis d036574a-11a4-4aab-8f67-192024c8189e at port 0
2019-07-13 14:47:55,373 INFO  impl.RaftServerProxy (RaftServerProxy.java:lambda$start$3(299)) - d036574a-11a4-4aab-8f67-192024c8189e: start RPC server
2019-07-13 14:47:55,374 INFO  server.GrpcService (GrpcService.java:startImpl(149)) - d036574a-11a4-4aab-8f67-192024c8189e: GrpcService started, listening on 0.0.0.0/0.0.0.0:32794
2019-07-13 14:47:55,375 INFO  ratis.XceiverServerRatis (XceiverServerRatis.java:start(428)) - XceiverServerRatis d036574a-11a4-4aab-8f67-192024c8189e is started using port 32794
2019-07-13 14:47:55,375 INFO  server.XceiverServerGrpc (XceiverServerGrpc.java:start(161)) - XceiverServerGrpc d036574a-11a4-4aab-8f67-192024c8189e is started using port 44101
2019-07-13 14:47:55,555 INFO  ozoneimpl.OzoneContainer (OzoneContainer.java:start(186)) - Attempting to start container services.
2019-07-13 14:47:55,555 INFO  ozoneimpl.OzoneContainer (OzoneContainer.java:startContainerScrub(160)) - Background container scrubber has been disabled by hdds.containerscrub.enabled
2019-07-13 14:47:55,555 INFO  ratis.XceiverServerRatis (XceiverServerRatis.java:start(418)) - Starting XceiverServerRatis 9e3588e9-42b2-4986-b897-b11fb5ccabaa at port 0
2019-07-13 14:47:55,563 INFO  impl.RaftServerProxy (RaftServerProxy.java:lambda$start$3(299)) - 9e3588e9-42b2-4986-b897-b11fb5ccabaa: start RPC server
2019-07-13 14:47:55,564 INFO  server.GrpcService (GrpcService.java:startImpl(149)) - 9e3588e9-42b2-4986-b897-b11fb5ccabaa: GrpcService started, listening on 0.0.0.0/0.0.0.0:46688
2019-07-13 14:47:55,564 INFO  ratis.XceiverServerRatis (XceiverServerRatis.java:start(428)) - XceiverServerRatis 9e3588e9-42b2-4986-b897-b11fb5ccabaa is started using port 46688
2019-07-13 14:47:55,564 INFO  server.XceiverServerGrpc (XceiverServerGrpc.java:start(161)) - XceiverServerGrpc 9e3588e9-42b2-4986-b897-b11fb5ccabaa is started using port 37863
2019-07-13 14:47:55,739 INFO  ozoneimpl.OzoneContainer (OzoneContainer.java:start(186)) - Attempting to start container services.
2019-07-13 14:47:55,739 INFO  ozoneimpl.OzoneContainer (OzoneContainer.java:startContainerScrub(160)) - Background container scrubber has been disabled by hdds.containerscrub.enabled
2019-07-13 14:47:55,739 INFO  ratis.XceiverServerRatis (XceiverServerRatis.java:start(418)) - Starting XceiverServerRatis 14ff052f-2e52-4a95-9f65-dc477e636c62 at port 0
2019-07-13 14:47:55,747 INFO  impl.RaftServerProxy (RaftServerProxy.java:lambda$start$3(299)) - 14ff052f-2e52-4a95-9f65-dc477e636c62: start RPC server
2019-07-13 14:47:55,748 INFO  server.GrpcService (GrpcService.java:startImpl(149)) - 14ff052f-2e52-4a95-9f65-dc477e636c62: GrpcService started, listening on 0.0.0.0/0.0.0.0:45146
2019-07-13 14:47:55,748 INFO  ratis.XceiverServerRatis (XceiverServerRatis.java:start(428)) - XceiverServerRatis 14ff052f-2e52-4a95-9f65-dc477e636c62 is started using port 45146
2019-07-13 14:47:55,749 INFO  server.XceiverServerGrpc (XceiverServerGrpc.java:start(161)) - XceiverServerGrpc 14ff052f-2e52-4a95-9f65-dc477e636c62 is started using port 33213
2019-07-13 14:47:55,935 WARN  server.GrpcLogAppender (LogUtils.java:warn(134)) - d09ac996-a1e3-4fee-879f-5fae352d8083->b3b35bbc-ecb3-4089-a051-cdbc3e98c858: Failed appendEntries: org.apache.ratis.thirdparty.io.grpc.StatusRuntimeException: UNAVAILABLE: io exception
2019-07-13 14:47:55,936 INFO  impl.FollowerInfo (FollowerInfo.java:lambda$new$0(50)) - d09ac996-a1e3-4fee-879f-5fae352d8083->b3b35bbc-ecb3-4089-a051-cdbc3e98c858: nextIndex: updateUnconditionally 0 -> 0
2019-07-13 14:47:55,938 INFO  ozoneimpl.OzoneContainer (OzoneContainer.java:start(186)) - Attempting to start container services.
2019-07-13 14:47:55,938 INFO  ozoneimpl.OzoneContainer (OzoneContainer.java:startContainerScrub(160)) - Background container scrubber has been disabled by hdds.containerscrub.enabled
2019-07-13 14:47:55,938 INFO  ratis.XceiverServerRatis (XceiverServerRatis.java:start(418)) - Starting XceiverServerRatis 3c4b72a8-1cd9-4e72-91a7-6c8c41c5c280 at port 0
2019-07-13 14:47:55,938 WARN  server.GrpcLogAppender (LogUtils.java:warn(134)) - d09ac996-a1e3-4fee-879f-5fae352d8083->df0f1f66-3432-46de-9fbe-84c0ce15a20c: Failed appendEntries: org.apache.ratis.thirdparty.io.grpc.StatusRuntimeException: UNAVAILABLE: io exception
2019-07-13 14:47:55,939 INFO  impl.FollowerInfo (FollowerInfo.java:lambda$new$0(50)) - d09ac996-a1e3-4fee-879f-5fae352d8083->df0f1f66-3432-46de-9fbe-84c0ce15a20c: nextIndex: updateUnconditionally 0 -> 0
2019-07-13 14:47:55,945 INFO  impl.RaftServerProxy (RaftServerProxy.java:lambda$start$3(299)) - 3c4b72a8-1cd9-4e72-91a7-6c8c41c5c280: start RPC server
2019-07-13 14:47:55,946 INFO  server.GrpcService (GrpcService.java:startImpl(149)) - 3c4b72a8-1cd9-4e72-91a7-6c8c41c5c280: GrpcService started, listening on 0.0.0.0/0.0.0.0:38724
2019-07-13 14:47:55,946 INFO  ratis.XceiverServerRatis (XceiverServerRatis.java:start(428)) - XceiverServerRatis 3c4b72a8-1cd9-4e72-91a7-6c8c41c5c280 is started using port 38724
2019-07-13 14:47:55,947 INFO  server.XceiverServerGrpc (XceiverServerGrpc.java:start(161)) - XceiverServerGrpc 3c4b72a8-1cd9-4e72-91a7-6c8c41c5c280 is started using port 33552
2019-07-13 14:47:56,181 INFO  ozone.MiniOzoneClusterImpl (MiniOzoneClusterImpl.java:lambda$waitForClusterToBeReady$0(142)) - Waiting for cluster to be ready. Got 0 of 7 DN Heartbeats.
2019-07-13 14:47:56,186 INFO  ozoneimpl.OzoneContainer (OzoneContainer.java:start(186)) - Attempting to start container services.
2019-07-13 14:47:56,186 INFO  ozoneimpl.OzoneContainer (OzoneContainer.java:startContainerScrub(160)) - Background container scrubber has been disabled by hdds.containerscrub.enabled
2019-07-13 14:47:56,187 INFO  ratis.XceiverServerRatis (XceiverServerRatis.java:start(418)) - Starting XceiverServerRatis bdddaad8-a9c9-4ad2-b59f-2f056eb1cbe3 at port 0
2019-07-13 14:47:56,194 INFO  impl.RaftServerProxy (RaftServerProxy.java:lambda$start$3(299)) - bdddaad8-a9c9-4ad2-b59f-2f056eb1cbe3: start RPC server
2019-07-13 14:47:56,195 INFO  server.GrpcService (GrpcService.java:startImpl(149)) - bdddaad8-a9c9-4ad2-b59f-2f056eb1cbe3: GrpcService started, listening on 0.0.0.0/0.0.0.0:44799
2019-07-13 14:47:56,195 INFO  ratis.XceiverServerRatis (XceiverServerRatis.java:start(428)) - XceiverServerRatis bdddaad8-a9c9-4ad2-b59f-2f056eb1cbe3 is started using port 44799
2019-07-13 14:47:56,196 INFO  server.XceiverServerGrpc (XceiverServerGrpc.java:start(161)) - XceiverServerGrpc bdddaad8-a9c9-4ad2-b59f-2f056eb1cbe3 is started using port 34878
2019-07-13 14:47:56,750 INFO  net.NetworkTopology (NetworkTopologyImpl.java:add(110)) - Added a new node: /default-rack/192.168.5.172
2019-07-13 14:47:56,756 INFO  node.SCMNodeManager (SCMNodeManager.java:register(269)) - Registered Data node : 9a58c024-f685-44fe-a3a4-9e3a34df864a{ip: 192.168.5.172, host: trunk-nightly-mhs6z-4061744966, networkLocation: /default-rack, certSerialId: null}
2019-07-13 14:47:56,757 INFO  safemode.SCMSafeModeManager (DataNodeSafeModeRule.java:process(71)) - SCM in safe mode. 1 DataNodes registered, 1 required.
2019-07-13 14:47:56,763 INFO  safemode.SCMSafeModeManager (SCMSafeModeManager.java:validateSafeModeExitRules(177)) - ScmSafeModeManager, all rules are successfully validated
2019-07-13 14:47:56,763 INFO  safemode.SCMSafeModeManager (SCMSafeModeManager.java:exitSafeMode(193)) - SCM exiting safe mode.
2019-07-13 14:47:56,776 INFO  impl.RaftServerProxy (RaftServerProxy.java:addNew(89)) - 9a58c024-f685-44fe-a3a4-9e3a34df864a: addNew group-59EDDE5D6B97:[9a58c024-f685-44fe-a3a4-9e3a34df864a:192.168.5.172:41851] returns group-59EDDE5D6B97:java.util.concurrent.CompletableFuture@5ad009d6[Not completed]
2019-07-13 14:47:56,777 INFO  impl.RaftServerImpl (RaftServerImpl.java:<init>(93)) - 9a58c024-f685-44fe-a3a4-9e3a34df864a: new RaftServerImpl for group-59EDDE5D6B97:[9a58c024-f685-44fe-a3a4-9e3a34df864a:192.168.5.172:41851] with ContainerStateMachine:uninitialized
2019-07-13 14:47:56,777 INFO  server.RaftServerConfigKeys (ConfUtils.java:logGet(43)) - raft.server.rpc.timeout.min = 5s (custom)
2019-07-13 14:47:56,777 INFO  server.RaftServerConfigKeys (ConfUtils.java:logGet(43)) - raft.server.rpc.timeout.max = 5200ms (custom)
2019-07-13 14:47:56,777 INFO  server.RaftServerConfigKeys (ConfUtils.java:logGet(43)) - raft.server.rpcslowness.timeout = 120s (custom)
2019-07-13 14:47:56,777 INFO  server.RaftServerConfigKeys (ConfUtils.java:logGet(43)) - raft.server.sleep.deviation.threshold = 300 (default)
2019-07-13 14:47:56,778 INFO  server.RaftServerConfigKeys (ConfUtils.java:logGet(43)) - raft.server.log.appender.install.snapshot.enabled = false (custom)
2019-07-13 14:47:56,778 INFO  impl.RaftServerImpl (ServerState.java:<init>(105)) - 9a58c024-f685-44fe-a3a4-9e3a34df864a:group-59EDDE5D6B97 ConfigurationManager, init=-1: [9a58c024-f685-44fe-a3a4-9e3a34df864a:192.168.5.172:41851], old=null, confs=<EMPTY_MAP>
2019-07-13 14:47:56,778 INFO  server.RaftServerConfigKeys (ConfUtils.java:logGet(43)) - raft.server.storage.dir = [/tmp/workdir/hadoop-ozone/integration-test/target/test-dir/MiniOzoneClusterImpl-3a2c7849-0d67-4a8c-832f-6796402464c3/datanode-0/data/ratis] (custom)
2019-07-13 14:47:56,778 INFO  storage.RaftStorageDirectory (RaftStorageDirectory.java:analyzeStorage(246)) - The storage directory /tmp/workdir/hadoop-ozone/integration-test/target/test-dir/MiniOzoneClusterImpl-3a2c7849-0d67-4a8c-832f-6796402464c3/datanode-0/data/ratis/75300df2-060e-40c5-a8c0-59edde5d6b97 does not exist. Creating ...
2019-07-13 14:47:56,783 INFO  storage.RaftStorageDirectory (RaftStorageDirectory.java:tryLock(328)) - Lock on /tmp/workdir/hadoop-ozone/integration-test/target/test-dir/MiniOzoneClusterImpl-3a2c7849-0d67-4a8c-832f-6796402464c3/datanode-0/data/ratis/75300df2-060e-40c5-a8c0-59edde5d6b97/in_use.lock acquired by nodename 27998@trunk-nightly-mhs6z-4061744966
2019-07-13 14:47:56,787 INFO  storage.RaftStorage (RaftStorage.java:format(72)) - Storage directory /tmp/workdir/hadoop-ozone/integration-test/target/test-dir/MiniOzoneClusterImpl-3a2c7849-0d67-4a8c-832f-6796402464c3/datanode-0/data/ratis/75300df2-060e-40c5-a8c0-59edde5d6b97 has been successfully formatted.
2019-07-13 14:47:56,787 INFO  ratis.ContainerStateMachine (ContainerStateMachine.java:loadSnapshot(200)) - The snapshot info is null.Setting the last applied index to:(t:0, i:~)
2019-07-13 14:47:56,788 INFO  server.RaftServerConfigKeys (ConfUtils.java:logGet(43)) - raft.server.leader.election.timeout = 120s (custom)
2019-07-13 14:47:56,788 INFO  server.RaftServerConfigKeys (ConfUtils.java:logGet(43)) - raft.server.log.use.memory = false (default)
2019-07-13 14:47:56,788 INFO  server.RaftServerConfigKeys (ConfUtils.java:logGet(43)) - raft.server.log.purge.gap = 1000000000 (custom)
2019-07-13 14:47:56,788 INFO  server.RaftServerConfigKeys (ConfUtils.java:logGet(43)) - raft.server.log.appender.buffer.byte-limit = 33554432 (custom)
2019-07-13 14:47:56,788 INFO  server.RaftServerConfigKeys (ConfUtils.java:logGet(43)) - raft.server.log.segment.size.max = 1048576 (custom)
2019-07-13 14:47:56,788 INFO  server.RaftServerConfigKeys (ConfUtils.java:logGet(43)) - raft.server.log.segment.cache.num.max = 2 (custom)
2019-07-13 14:47:56,789 INFO  segmented.SegmentedRaftLogWorker (SegmentedRaftLogWorker.java:<init>(172)) - new 9a58c024-f685-44fe-a3a4-9e3a34df864a-SegmentedRaftLogWorker:Storage Directory /tmp/workdir/hadoop-ozone/integration-test/target/test-dir/MiniOzoneClusterImpl-3a2c7849-0d67-4a8c-832f-6796402464c3/datanode-0/data/ratis/75300df2-060e-40c5-a8c0-59edde5d6b97 for RaftStorage:Storage Directory /tmp/workdir/hadoop-ozone/integration-test/target/test-dir/MiniOzoneClusterImpl-3a2c7849-0d67-4a8c-832f-6796402464c3/datanode-0/data/ratis/75300df2-060e-40c5-a8c0-59edde5d6b97
2019-07-13 14:47:56,789 INFO  server.RaftServerConfigKeys (ConfUtils.java:logGet(43)) - raft.server.log.queue.byte-limit = 2147483647 (custom)
2019-07-13 14:47:56,789 INFO  server.RaftServerConfigKeys (ConfUtils.java:logGet(43)) - raft.server.log.queue.element-limit = 1024 (custom)
2019-07-13 14:47:56,789 INFO  server.RaftServerConfigKeys (ConfUtils.java:logGet(43)) - raft.server.log.segment.size.max = 1048576 (custom)
2019-07-13 14:47:56,789 INFO  server.RaftServerConfigKeys (ConfUtils.java:logGet(43)) - raft.server.log.preallocated.size = 16384 (custom)
2019-07-13 14:47:56,790 INFO  server.RaftServerConfigKeys (ConfUtils.java:logGet(43)) - raft.server.log.write.buffer.size = 33554432 (custom)
2019-07-13 14:47:56,790 INFO  server.RaftServerConfigKeys (ConfUtils.java:logGet(43)) - raft.server.log.force.sync.num = 128 (default)
2019-07-13 14:47:56,790 INFO  server.RaftServerConfigKeys (ConfUtils.java:logGet(43)) - raft.server.log.statemachine.data.sync = true (default)
2019-07-13 14:47:56,790 INFO  server.RaftServerConfigKeys (ConfUtils.java:logGet(43)) - raft.server.log.statemachine.data.sync.timeout = 10s (default)
2019-07-13 14:47:56,790 INFO  server.RaftServerConfigKeys (ConfUtils.java:logGet(43)) - raft.server.log.statemachine.data.sync.timeout.retry = -1 (default)
2019-07-13 14:47:56,790 INFO  server.RaftServerConfigKeys (ConfUtils.java:logGet(43)) - raft.server.log.statemachine.data.caching.enabled = true (custom)
2019-07-13 14:47:56,791 INFO  segmented.SegmentedRaftLogWorker (SegmentedRaftLogWorker.java:lambda$new$0(132)) - 9a58c024-f685-44fe-a3a4-9e3a34df864a-SegmentedRaftLogWorker:Storage Directory /tmp/workdir/hadoop-ozone/integration-test/target/test-dir/MiniOzoneClusterImpl-3a2c7849-0d67-4a8c-832f-6796402464c3/datanode-0/data/ratis/75300df2-060e-40c5-a8c0-59edde5d6b97: flushIndex: setUnconditionally 0 -> -1
2019-07-13 14:47:56,791 INFO  server.RaftServerConfigKeys (ConfUtils.java:logGet(43)) - raft.server.snapshot.auto.trigger.enabled = true (custom)
2019-07-13 14:47:56,791 INFO  server.RaftServerConfigKeys (ConfUtils.java:logGet(43)) - raft.server.snapshot.auto.trigger.threshold = 10000 (custom)
2019-07-13 14:47:56,792 INFO  server.RaftServerConfigKeys (ConfUtils.java:logGet(43)) - raft.server.retrycache.expirytime = 600000ms (custom)
2019-07-13 14:47:56,792 INFO  impl.RaftServerImpl (RaftServerImpl.java:start(180)) - 9a58c024-f685-44fe-a3a4-9e3a34df864a: start group-59EDDE5D6B97
2019-07-13 14:47:56,792 INFO  impl.RaftServerImpl (RaftServerImpl.java:setRole(171)) - 9a58c024-f685-44fe-a3a4-9e3a34df864a:group-59EDDE5D6B97 changes role from null to FOLLOWER at term 0 for startAsFollower
2019-07-13 14:47:56,792 INFO  impl.RoleInfo (RoleInfo.java:updateAndGet(143)) - 9a58c024-f685-44fe-a3a4-9e3a34df864a: start FollowerState
2019-07-13 14:47:56,793 INFO  util.JmxRegister (JmxRegister.java:tryRegister(44)) - Successfully registered JMX Bean with object name Ratis:service=RaftServer,group=group-59EDDE5D6B97,id=9a58c024-f685-44fe-a3a4-9e3a34df864a
2019-07-13 14:47:56,796 INFO  pipeline.PipelineStateManager (PipelineStateManager.java:addPipeline(56)) - Created pipeline Pipeline[ Id: 75300df2-060e-40c5-a8c0-59edde5d6b97, Nodes: 9a58c024-f685-44fe-a3a4-9e3a34df864a{ip: 192.168.5.172, host: trunk-nightly-mhs6z-4061744966, networkLocation: /default-rack, certSerialId: null}, Type:RATIS, Factor:ONE, State:OPEN]
2019-07-13 14:47:57,123 INFO  node.SCMNodeManager (SCMNodeManager.java:register(269)) - Registered Data node : 4be6fbbb-303f-4603-a02e-9bb3d18d9f0a{ip: 192.168.5.172, host: trunk-nightly-mhs6z-4061744966, networkLocation: /default-rack, certSerialId: null}
2019-07-13 14:47:57,140 INFO  impl.RaftServerProxy (RaftServerProxy.java:addNew(89)) - 4be6fbbb-303f-4603-a02e-9bb3d18d9f0a: addNew group-EB9BF62D6BA4:[4be6fbbb-303f-4603-a02e-9bb3d18d9f0a:192.168.5.172:38272] returns group-EB9BF62D6BA4:java.util.concurrent.CompletableFuture@421f5c45[Not completed]
2019-07-13 14:47:57,141 INFO  impl.RaftServerImpl (RaftServerImpl.java:<init>(93)) - 4be6fbbb-303f-4603-a02e-9bb3d18d9f0a: new RaftServerImpl for group-EB9BF62D6BA4:[4be6fbbb-303f-4603-a02e-9bb3d18d9f0a:192.168.5.172:38272] with ContainerStateMachine:uninitialized
2019-07-13 14:47:57,141 INFO  server.RaftServerConfigKeys (ConfUtils.java:logGet(43)) - raft.server.rpc.timeout.min = 5s (custom)
2019-07-13 14:47:57,141 INFO  server.RaftServerConfigKeys (ConfUtils.java:logGet(43)) - raft.server.rpc.timeout.max = 5200ms (custom)
2019-07-13 14:47:57,142 INFO  server.RaftServerConfigKeys (ConfUtils.java:logGet(43)) - raft.server.rpcslowness.timeout = 120s (custom)
2019-07-13 14:47:57,142 INFO  server.RaftServerConfigKeys (ConfUtils.java:logGet(43)) - raft.server.sleep.deviation.threshold = 300 (default)
2019-07-13 14:47:57,142 INFO  server.RaftServerConfigKeys (ConfUtils.java:logGet(43)) - raft.server.log.appender.install.snapshot.enabled = false (custom)
2019-07-13 14:47:57,142 INFO  impl.RaftServerImpl (ServerState.java:<init>(105)) - 4be6fbbb-303f-4603-a02e-9bb3d18d9f0a:group-EB9BF62D6BA4 ConfigurationManager, init=-1: [4be6fbbb-303f-4603-a02e-9bb3d18d9f0a:192.168.5.172:38272], old=null, confs=<EMPTY_MAP>
2019-07-13 14:47:57,142 INFO  server.RaftServerConfigKeys (ConfUtils.java:logGet(43)) - raft.server.storage.dir = [/tmp/workdir/hadoop-ozone/integration-test/target/test-dir/MiniOzoneClusterImpl-3a2c7849-0d67-4a8c-832f-6796402464c3/datanode-1/data/ratis] (custom)
2019-07-13 14:47:57,143 INFO  storage.RaftStorageDirectory (RaftStorageDirectory.java:analyzeStorage(246)) - The storage directory /tmp/workdir/hadoop-ozone/integration-test/target/test-dir/MiniOzoneClusterImpl-3a2c7849-0d67-4a8c-832f-6796402464c3/datanode-1/data/ratis/20802fbb-0662-4115-bae8-eb9bf62d6ba4 does not exist. Creating ...
2019-07-13 14:47:57,150 INFO  storage.RaftStorageDirectory (RaftStorageDirectory.java:tryLock(328)) - Lock on /tmp/workdir/hadoop-ozone/integration-test/target/test-dir/MiniOzoneClusterImpl-3a2c7849-0d67-4a8c-832f-6796402464c3/datanode-1/data/ratis/20802fbb-0662-4115-bae8-eb9bf62d6ba4/in_use.lock acquired by nodename 27998@trunk-nightly-mhs6z-4061744966
2019-07-13 14:47:57,155 INFO  storage.RaftStorage (RaftStorage.java:format(72)) - Storage directory /tmp/workdir/hadoop-ozone/integration-test/target/test-dir/MiniOzoneClusterImpl-3a2c7849-0d67-4a8c-832f-6796402464c3/datanode-1/data/ratis/20802fbb-0662-4115-bae8-eb9bf62d6ba4 has been successfully formatted.
2019-07-13 14:47:57,155 INFO  ratis.ContainerStateMachine (ContainerStateMachine.java:loadSnapshot(200)) - The snapshot info is null.Setting the last applied index to:(t:0, i:~)
2019-07-13 14:47:57,155 INFO  server.RaftServerConfigKeys (ConfUtils.java:logGet(43)) - raft.server.leader.election.timeout = 120s (custom)
2019-07-13 14:47:57,155 INFO  server.RaftServerConfigKeys (ConfUtils.java:logGet(43)) - raft.server.log.use.memory = false (default)
2019-07-13 14:47:57,156 INFO  server.RaftServerConfigKeys (ConfUtils.java:logGet(43)) - raft.server.log.purge.gap = 1000000000 (custom)
2019-07-13 14:47:57,156 INFO  server.RaftServerConfigKeys (ConfUtils.java:logGet(43)) - raft.server.log.appender.buffer.byte-limit = 33554432 (custom)
2019-07-13 14:47:57,156 INFO  server.RaftServerConfigKeys (ConfUtils.java:logGet(43)) - raft.server.log.segment.size.max = 1048576 (custom)
2019-07-13 14:47:57,156 INFO  server.RaftServerConfigKeys (ConfUtils.java:logGet(43)) - raft.server.log.segment.cache.num.max = 2 (custom)
2019-07-13 14:47:57,156 INFO  segmented.SegmentedRaftLogWorker (SegmentedRaftLogWorker.java:<init>(172)) - new 4be6fbbb-303f-4603-a02e-9bb3d18d9f0a-SegmentedRaftLogWorker:Storage Directory /tmp/workdir/hadoop-ozone/integration-test/target/test-dir/MiniOzoneClusterImpl-3a2c7849-0d67-4a8c-832f-6796402464c3/datanode-1/data/ratis/20802fbb-0662-4115-bae8-eb9bf62d6ba4 for RaftStorage:Storage Directory /tmp/workdir/hadoop-ozone/integration-test/target/test-dir/MiniOzoneClusterImpl-3a2c7849-0d67-4a8c-832f-6796402464c3/datanode-1/data/ratis/20802fbb-0662-4115-bae8-eb9bf62d6ba4
2019-07-13 14:47:57,156 INFO  server.RaftServerConfigKeys (ConfUtils.java:logGet(43)) - raft.server.log.queue.byte-limit = 2147483647 (custom)
2019-07-13 14:47:57,157 INFO  server.RaftServerConfigKeys (ConfUtils.java:logGet(43)) - raft.server.log.queue.element-limit = 1024 (custom)
2019-07-13 14:47:57,157 INFO  server.RaftServerConfigKeys (ConfUtils.java:logGet(43)) - raft.server.log.segment.size.max = 1048576 (custom)
2019-07-13 14:47:57,157 INFO  server.RaftServerConfigKeys (ConfUtils.java:logGet(43)) - raft.server.log.preallocated.size = 16384 (custom)
2019-07-13 14:47:57,157 INFO  server.RaftServerConfigKeys (ConfUtils.java:logGet(43)) - raft.server.log.write.buffer.size = 33554432 (custom)
2019-07-13 14:47:57,157 INFO  server.RaftServerConfigKeys (ConfUtils.java:logGet(43)) - raft.server.log.force.sync.num = 128 (default)
2019-07-13 14:47:57,158 INFO  server.RaftServerConfigKeys (ConfUtils.java:logGet(43)) - raft.server.log.statemachine.data.sync = true (default)
2019-07-13 14:47:57,158 INFO  server.RaftServerConfigKeys (ConfUtils.java:logGet(43)) - raft.server.log.statemachine.data.sync.timeout = 10s (default)
2019-07-13 14:47:57,158 INFO  server.RaftServerConfigKeys (ConfUtils.java:logGet(43)) - raft.server.log.statemachine.data.sync.timeout.retry = -1 (default)
2019-07-13 14:47:57,158 INFO  server.RaftServerConfigKeys (ConfUtils.java:logGet(43)) - raft.server.log.statemachine.data.caching.enabled = true (custom)
2019-07-13 14:47:57,159 INFO  segmented.SegmentedRaftLogWorker (SegmentedRaftLogWorker.java:lambda$new$0(132)) - 4be6fbbb-303f-4603-a02e-9bb3d18d9f0a-SegmentedRaftLogWorker:Storage Directory /tmp/workdir/hadoop-ozone/integration-test/target/test-dir/MiniOzoneClusterImpl-3a2c7849-0d67-4a8c-832f-6796402464c3/datanode-1/data/ratis/20802fbb-0662-4115-bae8-eb9bf62d6ba4: flushIndex: setUnconditionally 0 -> -1
2019-07-13 14:47:57,159 INFO  server.RaftServerConfigKeys (ConfUtils.java:logGet(43)) - raft.server.snapshot.auto.trigger.enabled = true (custom)
2019-07-13 14:47:57,159 INFO  server.RaftServerConfigKeys (ConfUtils.java:logGet(43)) - raft.server.snapshot.auto.trigger.threshold = 10000 (custom)
2019-07-13 14:47:57,159 INFO  server.RaftServerConfigKeys (ConfUtils.java:logGet(43)) - raft.server.retrycache.expirytime = 600000ms (custom)
2019-07-13 14:47:57,160 INFO  impl.RaftServerImpl (RaftServerImpl.java:start(180)) - 4be6fbbb-303f-4603-a02e-9bb3d18d9f0a: start group-EB9BF62D6BA4
2019-07-13 14:47:57,160 INFO  impl.RaftServerImpl (RaftServerImpl.java:setRole(171)) - 4be6fbbb-303f-4603-a02e-9bb3d18d9f0a:group-EB9BF62D6BA4 changes role from null to FOLLOWER at term 0 for startAsFollower
2019-07-13 14:47:57,160 INFO  impl.RoleInfo (RoleInfo.java:updateAndGet(143)) - 4be6fbbb-303f-4603-a02e-9bb3d18d9f0a: start FollowerState
2019-07-13 14:47:57,160 INFO  util.JmxRegister (JmxRegister.java:tryRegister(44)) - Successfully registered JMX Bean with object name Ratis:service=RaftServer,group=group-EB9BF62D6BA4,id=4be6fbbb-303f-4603-a02e-9bb3d18d9f0a
2019-07-13 14:47:57,163 INFO  pipeline.PipelineStateManager (PipelineStateManager.java:addPipeline(56)) - Created pipeline Pipeline[ Id: 20802fbb-0662-4115-bae8-eb9bf62d6ba4, Nodes: 4be6fbbb-303f-4603-a02e-9bb3d18d9f0a{ip: 192.168.5.172, host: trunk-nightly-mhs6z-4061744966, networkLocation: /default-rack, certSerialId: null}, Type:RATIS, Factor:ONE, State:OPEN]
2019-07-13 14:47:57,181 INFO  ozone.MiniOzoneClusterImpl (MiniOzoneClusterImpl.java:lambda$waitForClusterToBeReady$0(142)) - Waiting for cluster to be ready. Got 2 of 7 DN Heartbeats.
2019-07-13 14:47:57,354 INFO  node.SCMNodeManager (SCMNodeManager.java:register(269)) - Registered Data node : d036574a-11a4-4aab-8f67-192024c8189e{ip: 192.168.5.172, host: trunk-nightly-mhs6z-4061744966, networkLocation: /default-rack, certSerialId: null}
2019-07-13 14:47:57,367 INFO  impl.RaftServerProxy (RaftServerProxy.java:addNew(89)) - d036574a-11a4-4aab-8f67-192024c8189e: addNew group-829414074F17:[d036574a-11a4-4aab-8f67-192024c8189e:192.168.5.172:32794] returns group-829414074F17:java.util.concurrent.CompletableFuture@60fc3540[Not completed]
2019-07-13 14:47:57,369 INFO  impl.RaftServerImpl (RaftServerImpl.java:<init>(93)) - d036574a-11a4-4aab-8f67-192024c8189e: new RaftServerImpl for group-829414074F17:[d036574a-11a4-4aab-8f67-192024c8189e:192.168.5.172:32794] with ContainerStateMachine:uninitialized
2019-07-13 14:47:57,369 INFO  server.RaftServerConfigKeys (ConfUtils.java:logGet(43)) - raft.server.rpc.timeout.min = 5s (custom)
2019-07-13 14:47:57,369 INFO  server.RaftServerConfigKeys (ConfUtils.java:logGet(43)) - raft.server.rpc.timeout.max = 5200ms (custom)
2019-07-13 14:47:57,369 INFO  server.RaftServerConfigKeys (ConfUtils.java:logGet(43)) - raft.server.rpcslowness.timeout = 120s (custom)
2019-07-13 14:47:57,370 INFO  server.RaftServerConfigKeys (ConfUtils.java:logGet(43)) - raft.server.sleep.deviation.threshold = 300 (default)
2019-07-13 14:47:57,370 INFO  server.RaftServerConfigKeys (ConfUtils.java:logGet(43)) - raft.server.log.appender.install.snapshot.enabled = false (custom)
2019-07-13 14:47:57,370 INFO  impl.RaftServerImpl (ServerState.java:<init>(105)) - d036574a-11a4-4aab-8f67-192024c8189e:group-829414074F17 ConfigurationManager, init=-1: [d036574a-11a4-4aab-8f67-192024c8189e:192.168.5.172:32794], old=null, confs=<EMPTY_MAP>
2019-07-13 14:47:57,370 INFO  server.RaftServerConfigKeys (ConfUtils.java:logGet(43)) - raft.server.storage.dir = [/tmp/workdir/hadoop-ozone/integration-test/target/test-dir/MiniOzoneClusterImpl-3a2c7849-0d67-4a8c-832f-6796402464c3/datanode-2/data/ratis] (custom)
2019-07-13 14:47:57,371 INFO  storage.RaftStorageDirectory (RaftStorageDirectory.java:analyzeStorage(246)) - The storage directory /tmp/workdir/hadoop-ozone/integration-test/target/test-dir/MiniOzoneClusterImpl-3a2c7849-0d67-4a8c-832f-6796402464c3/datanode-2/data/ratis/4f29e955-07ec-4837-ad34-829414074f17 does not exist. Creating ...
2019-07-13 14:47:57,384 INFO  storage.RaftStorageDirectory (RaftStorageDirectory.java:tryLock(328)) - Lock on /tmp/workdir/hadoop-ozone/integration-test/target/test-dir/MiniOzoneClusterImpl-3a2c7849-0d67-4a8c-832f-6796402464c3/datanode-2/data/ratis/4f29e955-07ec-4837-ad34-829414074f17/in_use.lock acquired by nodename 27998@trunk-nightly-mhs6z-4061744966
2019-07-13 14:47:57,389 INFO  storage.RaftStorage (RaftStorage.java:format(72)) - Storage directory /tmp/workdir/hadoop-ozone/integration-test/target/test-dir/MiniOzoneClusterImpl-3a2c7849-0d67-4a8c-832f-6796402464c3/datanode-2/data/ratis/4f29e955-07ec-4837-ad34-829414074f17 has been successfully formatted.
2019-07-13 14:47:57,389 INFO  ratis.ContainerStateMachine (ContainerStateMachine.java:loadSnapshot(200)) - The snapshot info is null.Setting the last applied index to:(t:0, i:~)
2019-07-13 14:47:57,389 INFO  server.RaftServerConfigKeys (ConfUtils.java:logGet(43)) - raft.server.leader.election.timeout = 120s (custom)
2019-07-13 14:47:57,390 INFO  server.RaftServerConfigKeys (ConfUtils.java:logGet(43)) - raft.server.log.use.memory = false (default)
2019-07-13 14:47:57,390 INFO  server.RaftServerConfigKeys (ConfUtils.java:logGet(43)) - raft.server.log.purge.gap = 1000000000 (custom)
2019-07-13 14:47:57,390 INFO  server.RaftServerConfigKeys (ConfUtils.java:logGet(43)) - raft.server.log.appender.buffer.byte-limit = 33554432 (custom)
2019-07-13 14:47:57,390 INFO  server.RaftServerConfigKeys (ConfUtils.java:logGet(43)) - raft.server.log.segment.size.max = 1048576 (custom)
2019-07-13 14:47:57,390 INFO  server.RaftServerConfigKeys (ConfUtils.java:logGet(43)) - raft.server.log.segment.cache.num.max = 2 (custom)
2019-07-13 14:47:57,390 INFO  segmented.SegmentedRaftLogWorker (SegmentedRaftLogWorker.java:<init>(172)) - new d036574a-11a4-4aab-8f67-192024c8189e-SegmentedRaftLogWorker:Storage Directory /tmp/workdir/hadoop-ozone/integration-test/target/test-dir/MiniOzoneClusterImpl-3a2c7849-0d67-4a8c-832f-6796402464c3/datanode-2/data/ratis/4f29e955-07ec-4837-ad34-829414074f17 for RaftStorage:Storage Directory /tmp/workdir/hadoop-ozone/integration-test/target/test-dir/MiniOzoneClusterImpl-3a2c7849-0d67-4a8c-832f-6796402464c3/datanode-2/data/ratis/4f29e955-07ec-4837-ad34-829414074f17
2019-07-13 14:47:57,391 INFO  server.RaftServerConfigKeys (ConfUtils.java:logGet(43)) - raft.server.log.queue.byte-limit = 2147483647 (custom)
2019-07-13 14:47:57,391 INFO  server.RaftServerConfigKeys (ConfUtils.java:logGet(43)) - raft.server.log.queue.element-limit = 1024 (custom)
2019-07-13 14:47:57,391 INFO  server.RaftServerConfigKeys (ConfUtils.java:logGet(43)) - raft.server.log.segment.size.max = 1048576 (custom)
2019-07-13 14:47:57,391 INFO  server.RaftServerConfigKeys (ConfUtils.java:logGet(43)) - raft.server.log.preallocated.size = 16384 (custom)
2019-07-13 14:47:57,392 INFO  server.RaftServerConfigKeys (ConfUtils.java:logGet(43)) - raft.server.log.write.buffer.size = 33554432 (custom)
2019-07-13 14:47:57,392 INFO  server.RaftServerConfigKeys (ConfUtils.java:logGet(43)) - raft.server.log.force.sync.num = 128 (default)
2019-07-13 14:47:57,392 INFO  server.RaftServerConfigKeys (ConfUtils.java:logGet(43)) - raft.server.log.statemachine.data.sync = true (default)
2019-07-13 14:47:57,392 INFO  server.RaftServerConfigKeys (ConfUtils.java:logGet(43)) - raft.server.log.statemachine.data.sync.timeout = 10s (default)
2019-07-13 14:47:57,392 INFO  server.RaftServerConfigKeys (ConfUtils.java:logGet(43)) - raft.server.log.statemachine.data.sync.timeout.retry = -1 (default)
2019-07-13 14:47:57,392 INFO  server.RaftServerConfigKeys (ConfUtils.java:logGet(43)) - raft.server.log.statemachine.data.caching.enabled = true (custom)
2019-07-13 14:47:57,393 INFO  segmented.SegmentedRaftLogWorker (SegmentedRaftLogWorker.java:lambda$new$0(132)) - d036574a-11a4-4aab-8f67-192024c8189e-SegmentedRaftLogWorker:Storage Directory /tmp/workdir/hadoop-ozone/integration-test/target/test-dir/MiniOzoneClusterImpl-3a2c7849-0d67-4a8c-832f-6796402464c3/datanode-2/data/ratis/4f29e955-07ec-4837-ad34-829414074f17: flushIndex: setUnconditionally 0 -> -1
2019-07-13 14:47:57,393 INFO  server.RaftServerConfigKeys (ConfUtils.java:logGet(43)) - raft.server.snapshot.auto.trigger.enabled = true (custom)
2019-07-13 14:47:57,393 INFO  server.RaftServerConfigKeys (ConfUtils.java:logGet(43)) - raft.server.snapshot.auto.trigger.threshold = 10000 (custom)
2019-07-13 14:47:57,394 INFO  server.RaftServerConfigKeys (ConfUtils.java:logGet(43)) - raft.server.retrycache.expirytime = 600000ms (custom)
2019-07-13 14:47:57,394 INFO  impl.RaftServerImpl (RaftServerImpl.java:start(180)) - d036574a-11a4-4aab-8f67-192024c8189e: start group-829414074F17
2019-07-13 14:47:57,394 INFO  impl.RaftServerImpl (RaftServerImpl.java:setRole(171)) - d036574a-11a4-4aab-8f67-192024c8189e:group-829414074F17 changes role from null to FOLLOWER at term 0 for startAsFollower
2019-07-13 14:47:57,394 INFO  impl.RoleInfo (RoleInfo.java:updateAndGet(143)) - d036574a-11a4-4aab-8f67-192024c8189e: start FollowerState
2019-07-13 14:47:57,395 INFO  util.JmxRegister (JmxRegister.java:tryRegister(44)) - Successfully registered JMX Bean with object name Ratis:service=RaftServer,group=group-829414074F17,id=d036574a-11a4-4aab-8f67-192024c8189e
2019-07-13 14:47:57,398 INFO  pipeline.PipelineStateManager (PipelineStateManager.java:addPipeline(56)) - Created pipeline Pipeline[ Id: 4f29e955-07ec-4837-ad34-829414074f17, Nodes: d036574a-11a4-4aab-8f67-192024c8189e{ip: 192.168.5.172, host: trunk-nightly-mhs6z-4061744966, networkLocation: /default-rack, certSerialId: null}, Type:RATIS, Factor:ONE, State:OPEN]
2019-07-13 14:47:57,425 INFO  impl.RaftServerProxy (RaftServerProxy.java:addNew(89)) - 4be6fbbb-303f-4603-a02e-9bb3d18d9f0a: addNew group-D6B1007765A0:[4be6fbbb-303f-4603-a02e-9bb3d18d9f0a:192.168.5.172:38272, 9a58c024-f685-44fe-a3a4-9e3a34df864a:192.168.5.172:41851, d036574a-11a4-4aab-8f67-192024c8189e:192.168.5.172:32794] returns group-D6B1007765A0:java.util.concurrent.CompletableFuture@aa7fa4b[Not completed]
2019-07-13 14:47:57,425 INFO  impl.RaftServerProxy (RaftServerProxy.java:addNew(89)) - d036574a-11a4-4aab-8f67-192024c8189e: addNew group-D6B1007765A0:[4be6fbbb-303f-4603-a02e-9bb3d18d9f0a:192.168.5.172:38272, 9a58c024-f685-44fe-a3a4-9e3a34df864a:192.168.5.172:41851, d036574a-11a4-4aab-8f67-192024c8189e:192.168.5.172:32794] returns group-D6B1007765A0:java.util.concurrent.CompletableFuture@7b9cb818[Not completed]
2019-07-13 14:47:57,425 INFO  impl.RaftServerProxy (RaftServerProxy.java:addNew(89)) - 9a58c024-f685-44fe-a3a4-9e3a34df864a: addNew group-D6B1007765A0:[4be6fbbb-303f-4603-a02e-9bb3d18d9f0a:192.168.5.172:38272, 9a58c024-f685-44fe-a3a4-9e3a34df864a:192.168.5.172:41851, d036574a-11a4-4aab-8f67-192024c8189e:192.168.5.172:32794] returns group-D6B1007765A0:java.util.concurrent.CompletableFuture@1bbad02b[Not completed]
2019-07-13 14:47:57,426 INFO  impl.RaftServerImpl (RaftServerImpl.java:<init>(93)) - 4be6fbbb-303f-4603-a02e-9bb3d18d9f0a: new RaftServerImpl for group-D6B1007765A0:[4be6fbbb-303f-4603-a02e-9bb3d18d9f0a:192.168.5.172:38272, 9a58c024-f685-44fe-a3a4-9e3a34df864a:192.168.5.172:41851, d036574a-11a4-4aab-8f67-192024c8189e:192.168.5.172:32794] with ContainerStateMachine:uninitialized
2019-07-13 14:47:57,426 INFO  server.RaftServerConfigKeys (ConfUtils.java:logGet(43)) - raft.server.rpc.timeout.min = 5s (custom)
2019-07-13 14:47:57,427 INFO  server.RaftServerConfigKeys (ConfUtils.java:logGet(43)) - raft.server.rpc.timeout.max = 5200ms (custom)
2019-07-13 14:47:57,427 INFO  impl.RaftServerImpl (RaftServerImpl.java:<init>(93)) - 9a58c024-f685-44fe-a3a4-9e3a34df864a: new RaftServerImpl for group-D6B1007765A0:[4be6fbbb-303f-4603-a02e-9bb3d18d9f0a:192.168.5.172:38272, 9a58c024-f685-44fe-a3a4-9e3a34df864a:192.168.5.172:41851, d036574a-11a4-4aab-8f67-192024c8189e:192.168.5.172:32794] with ContainerStateMachine:uninitialized
2019-07-13 14:47:57,427 INFO  server.RaftServerConfigKeys (ConfUtils.java:logGet(43)) - raft.server.rpcslowness.timeout = 120s (custom)
2019-07-13 14:47:57,427 INFO  server.RaftServerConfigKeys (ConfUtils.java:logGet(43)) - raft.server.rpc.timeout.min = 5s (custom)
2019-07-13 14:47:57,427 INFO  server.RaftServerConfigKeys (ConfUtils.java:logGet(43)) - raft.server.sleep.deviation.threshold = 300 (default)
2019-07-13 14:47:57,427 INFO  server.RaftServerConfigKeys (ConfUtils.java:logGet(43)) - raft.server.rpc.timeout.max = 5200ms (custom)
2019-07-13 14:47:57,427 INFO  server.RaftServerConfigKeys (ConfUtils.java:logGet(43)) - raft.server.log.appender.install.snapshot.enabled = false (custom)
2019-07-13 14:47:57,427 INFO  impl.RaftServerImpl (RaftServerImpl.java:<init>(93)) - d036574a-11a4-4aab-8f67-192024c8189e: new RaftServerImpl for group-D6B1007765A0:[4be6fbbb-303f-4603-a02e-9bb3d18d9f0a:192.168.5.172:38272, 9a58c024-f685-44fe-a3a4-9e3a34df864a:192.168.5.172:41851, d036574a-11a4-4aab-8f67-192024c8189e:192.168.5.172:32794] with ContainerStateMachine:uninitialized
2019-07-13 14:47:57,428 INFO  impl.RaftServerImpl (ServerState.java:<init>(105)) - 4be6fbbb-303f-4603-a02e-9bb3d18d9f0a:group-D6B1007765A0 ConfigurationManager, init=-1: [4be6fbbb-303f-4603-a02e-9bb3d18d9f0a:192.168.5.172:38272, 9a58c024-f685-44fe-a3a4-9e3a34df864a:192.168.5.172:41851, d036574a-11a4-4aab-8f67-192024c8189e:192.168.5.172:32794], old=null, confs=<EMPTY_MAP>
2019-07-13 14:47:57,427 INFO  server.RaftServerConfigKeys (ConfUtils.java:logGet(43)) - raft.server.rpcslowness.timeout = 120s (custom)
2019-07-13 14:47:57,428 INFO  server.RaftServerConfigKeys (ConfUtils.java:logGet(43)) - raft.server.storage.dir = [/tmp/workdir/hadoop-ozone/integration-test/target/test-dir/MiniOzoneClusterImpl-3a2c7849-0d67-4a8c-832f-6796402464c3/datanode-1/data/ratis] (custom)
2019-07-13 14:47:57,428 INFO  server.RaftServerConfigKeys (ConfUtils.java:logGet(43)) - raft.server.rpc.timeout.min = 5s (custom)
2019-07-13 14:47:57,428 INFO  server.RaftServerConfigKeys (ConfUtils.java:logGet(43)) - raft.server.rpc.timeout.max = 5200ms (custom)
2019-07-13 14:47:57,428 INFO  server.RaftServerConfigKeys (ConfUtils.java:logGet(43)) - raft.server.sleep.deviation.threshold = 300 (default)
2019-07-13 14:47:57,429 INFO  server.RaftServerConfigKeys (ConfUtils.java:logGet(43)) - raft.server.rpcslowness.timeout = 120s (custom)
2019-07-13 14:47:57,428 INFO  storage.RaftStorageDirectory (RaftStorageDirectory.java:analyzeStorage(246)) - The storage directory /tmp/workdir/hadoop-ozone/integration-test/target/test-dir/MiniOzoneClusterImpl-3a2c7849-0d67-4a8c-832f-6796402464c3/datanode-1/data/ratis/65943d95-acc3-48a3-9c1b-d6b1007765a0 does not exist. Creating ...
2019-07-13 14:47:57,429 INFO  server.RaftServerConfigKeys (ConfUtils.java:logGet(43)) - raft.server.sleep.deviation.threshold = 300 (default)
2019-07-13 14:47:57,429 INFO  server.RaftServerConfigKeys (ConfUtils.java:logGet(43)) - raft.server.log.appender.install.snapshot.enabled = false (custom)
2019-07-13 14:47:57,429 INFO  server.RaftServerConfigKeys (ConfUtils.java:logGet(43)) - raft.server.log.appender.install.snapshot.enabled = false (custom)
2019-07-13 14:47:57,429 INFO  impl.RaftServerImpl (ServerState.java:<init>(105)) - d036574a-11a4-4aab-8f67-192024c8189e:group-D6B1007765A0 ConfigurationManager, init=-1: [4be6fbbb-303f-4603-a02e-9bb3d18d9f0a:192.168.5.172:38272, 9a58c024-f685-44fe-a3a4-9e3a34df864a:192.168.5.172:41851, d036574a-11a4-4aab-8f67-192024c8189e:192.168.5.172:32794], old=null, confs=<EMPTY_MAP>
2019-07-13 14:47:57,430 INFO  impl.RaftServerImpl (ServerState.java:<init>(105)) - 9a58c024-f685-44fe-a3a4-9e3a34df864a:group-D6B1007765A0 ConfigurationManager, init=-1: [4be6fbbb-303f-4603-a02e-9bb3d18d9f0a:192.168.5.172:38272, 9a58c024-f685-44fe-a3a4-9e3a34df864a:192.168.5.172:41851, d036574a-11a4-4aab-8f67-192024c8189e:192.168.5.172:32794], old=null, confs=<EMPTY_MAP>
2019-07-13 14:47:57,430 INFO  server.RaftServerConfigKeys (ConfUtils.java:logGet(43)) - raft.server.storage.dir = [/tmp/workdir/hadoop-ozone/integration-test/target/test-dir/MiniOzoneClusterImpl-3a2c7849-0d67-4a8c-832f-6796402464c3/datanode-2/data/ratis] (custom)
2019-07-13 14:47:57,430 INFO  server.RaftServerConfigKeys (ConfUtils.java:logGet(43)) - raft.server.storage.dir = [/tmp/workdir/hadoop-ozone/integration-test/target/test-dir/MiniOzoneClusterImpl-3a2c7849-0d67-4a8c-832f-6796402464c3/datanode-0/data/ratis] (custom)
2019-07-13 14:47:57,430 INFO  storage.RaftStorageDirectory (RaftStorageDirectory.java:analyzeStorage(246)) - The storage directory /tmp/workdir/hadoop-ozone/integration-test/target/test-dir/MiniOzoneClusterImpl-3a2c7849-0d67-4a8c-832f-6796402464c3/datanode-2/data/ratis/65943d95-acc3-48a3-9c1b-d6b1007765a0 does not exist. Creating ...
2019-07-13 14:47:57,430 INFO  storage.RaftStorageDirectory (RaftStorageDirectory.java:analyzeStorage(246)) - The storage directory /tmp/workdir/hadoop-ozone/integration-test/target/test-dir/MiniOzoneClusterImpl-3a2c7849-0d67-4a8c-832f-6796402464c3/datanode-0/data/ratis/65943d95-acc3-48a3-9c1b-d6b1007765a0 does not exist. Creating ...
2019-07-13 14:47:57,437 INFO  storage.RaftStorageDirectory (RaftStorageDirectory.java:tryLock(328)) - Lock on /tmp/workdir/hadoop-ozone/integration-test/target/test-dir/MiniOzoneClusterImpl-3a2c7849-0d67-4a8c-832f-6796402464c3/datanode-2/data/ratis/65943d95-acc3-48a3-9c1b-d6b1007765a0/in_use.lock acquired by nodename 27998@trunk-nightly-mhs6z-4061744966
2019-07-13 14:47:57,437 INFO  storage.RaftStorageDirectory (RaftStorageDirectory.java:tryLock(328)) - Lock on /tmp/workdir/hadoop-ozone/integration-test/target/test-dir/MiniOzoneClusterImpl-3a2c7849-0d67-4a8c-832f-6796402464c3/datanode-1/data/ratis/65943d95-acc3-48a3-9c1b-d6b1007765a0/in_use.lock acquired by nodename 27998@trunk-nightly-mhs6z-4061744966
2019-07-13 14:47:57,437 INFO  storage.RaftStorageDirectory (RaftStorageDirectory.java:tryLock(328)) - Lock on /tmp/workdir/hadoop-ozone/integration-test/target/test-dir/MiniOzoneClusterImpl-3a2c7849-0d67-4a8c-832f-6796402464c3/datanode-0/data/ratis/65943d95-acc3-48a3-9c1b-d6b1007765a0/in_use.lock acquired by nodename 27998@trunk-nightly-mhs6z-4061744966
2019-07-13 14:47:57,448 INFO  storage.RaftStorage (RaftStorage.java:format(72)) - Storage directory /tmp/workdir/hadoop-ozone/integration-test/target/test-dir/MiniOzoneClusterImpl-3a2c7849-0d67-4a8c-832f-6796402464c3/datanode-0/data/ratis/65943d95-acc3-48a3-9c1b-d6b1007765a0 has been successfully formatted.
2019-07-13 14:47:57,448 INFO  storage.RaftStorage (RaftStorage.java:format(72)) - Storage directory /tmp/workdir/hadoop-ozone/integration-test/target/test-dir/MiniOzoneClusterImpl-3a2c7849-0d67-4a8c-832f-6796402464c3/datanode-1/data/ratis/65943d95-acc3-48a3-9c1b-d6b1007765a0 has been successfully formatted.
2019-07-13 14:47:57,448 INFO  ratis.ContainerStateMachine (ContainerStateMachine.java:loadSnapshot(200)) - The snapshot info is null.Setting the last applied index to:(t:0, i:~)
2019-07-13 14:47:57,448 INFO  ratis.ContainerStateMachine (ContainerStateMachine.java:loadSnapshot(200)) - The snapshot info is null.Setting the last applied index to:(t:0, i:~)
2019-07-13 14:47:57,448 INFO  storage.RaftStorage (RaftStorage.java:format(72)) - Storage directory /tmp/workdir/hadoop-ozone/integration-test/target/test-dir/MiniOzoneClusterImpl-3a2c7849-0d67-4a8c-832f-6796402464c3/datanode-2/data/ratis/65943d95-acc3-48a3-9c1b-d6b1007765a0 has been successfully formatted.
2019-07-13 14:47:57,449 INFO  server.RaftServerConfigKeys (ConfUtils.java:logGet(43)) - raft.server.leader.election.timeout = 120s (custom)
2019-07-13 14:47:57,449 INFO  ratis.ContainerStateMachine (ContainerStateMachine.java:loadSnapshot(200)) - The snapshot info is null.Setting the last applied index to:(t:0, i:~)
2019-07-13 14:47:57,448 INFO  server.RaftServerConfigKeys (ConfUtils.java:logGet(43)) - raft.server.leader.election.timeout = 120s (custom)
2019-07-13 14:47:57,449 INFO  server.RaftServerConfigKeys (ConfUtils.java:logGet(43)) - raft.server.leader.election.timeout = 120s (custom)
2019-07-13 14:47:57,449 INFO  server.RaftServerConfigKeys (ConfUtils.java:logGet(43)) - raft.server.log.use.memory = false (default)
2019-07-13 14:47:57,450 INFO  server.RaftServerConfigKeys (ConfUtils.java:logGet(43)) - raft.server.log.purge.gap = 1000000000 (custom)
2019-07-13 14:47:57,450 INFO  server.RaftServerConfigKeys (ConfUtils.java:logGet(43)) - raft.server.log.use.memory = false (default)
2019-07-13 14:47:57,449 INFO  server.RaftServerConfigKeys (ConfUtils.java:logGet(43)) - raft.server.log.use.memory = false (default)
2019-07-13 14:47:57,450 INFO  server.RaftServerConfigKeys (ConfUtils.java:logGet(43)) - raft.server.log.purge.gap = 1000000000 (custom)
2019-07-13 14:47:57,450 INFO  server.RaftServerConfigKeys (ConfUtils.java:logGet(43)) - raft.server.log.appender.buffer.byte-limit = 33554432 (custom)
2019-07-13 14:47:57,450 INFO  server.RaftServerConfigKeys (ConfUtils.java:logGet(43)) - raft.server.log.appender.buffer.byte-limit = 33554432 (custom)
2019-07-13 14:47:57,450 INFO  server.RaftServerConfigKeys (ConfUtils.java:logGet(43)) - raft.server.log.purge.gap = 1000000000 (custom)
2019-07-13 14:47:57,451 INFO  server.RaftServerConfigKeys (ConfUtils.java:logGet(43)) - raft.server.log.segment.size.max = 1048576 (custom)
2019-07-13 14:47:57,451 INFO  server.RaftServerConfigKeys (ConfUtils.java:logGet(43)) - raft.server.log.segment.size.max = 1048576 (custom)
2019-07-13 14:47:57,451 INFO  server.RaftServerConfigKeys (ConfUtils.java:logGet(43)) - raft.server.log.segment.cache.num.max = 2 (custom)
2019-07-13 14:47:57,451 INFO  server.RaftServerConfigKeys (ConfUtils.java:logGet(43)) - raft.server.log.appender.buffer.byte-limit = 33554432 (custom)
2019-07-13 14:47:57,452 INFO  segmented.SegmentedRaftLogWorker (SegmentedRaftLogWorker.java:<init>(172)) - new d036574a-11a4-4aab-8f67-192024c8189e-SegmentedRaftLogWorker:Storage Directory /tmp/workdir/hadoop-ozone/integration-test/target/test-dir/MiniOzoneClusterImpl-3a2c7849-0d67-4a8c-832f-6796402464c3/datanode-2/data/ratis/65943d95-acc3-48a3-9c1b-d6b1007765a0 for RaftStorage:Storage Directory /tmp/workdir/hadoop-ozone/integration-test/target/test-dir/MiniOzoneClusterImpl-3a2c7849-0d67-4a8c-832f-6796402464c3/datanode-2/data/ratis/65943d95-acc3-48a3-9c1b-d6b1007765a0
2019-07-13 14:47:57,451 INFO  server.RaftServerConfigKeys (ConfUtils.java:logGet(43)) - raft.server.log.segment.cache.num.max = 2 (custom)
2019-07-13 14:47:57,452 INFO  server.RaftServerConfigKeys (ConfUtils.java:logGet(43)) - raft.server.log.queue.byte-limit = 2147483647 (custom)
2019-07-13 14:47:57,452 INFO  server.RaftServerConfigKeys (ConfUtils.java:logGet(43)) - raft.server.log.segment.size.max = 1048576 (custom)
2019-07-13 14:47:57,452 INFO  server.RaftServerConfigKeys (ConfUtils.java:logGet(43)) - raft.server.log.queue.element-limit = 1024 (custom)
2019-07-13 14:47:57,452 INFO  segmented.SegmentedRaftLogWorker (SegmentedRaftLogWorker.java:<init>(172)) - new 4be6fbbb-303f-4603-a02e-9bb3d18d9f0a-SegmentedRaftLogWorker:Storage Directory /tmp/workdir/hadoop-ozone/integration-test/target/test-dir/MiniOzoneClusterImpl-3a2c7849-0d67-4a8c-832f-6796402464c3/datanode-1/data/ratis/65943d95-acc3-48a3-9c1b-d6b1007765a0 for RaftStorage:Storage Directory /tmp/workdir/hadoop-ozone/integration-test/target/test-dir/MiniOzoneClusterImpl-3a2c7849-0d67-4a8c-832f-6796402464c3/datanode-1/data/ratis/65943d95-acc3-48a3-9c1b-d6b1007765a0
2019-07-13 14:47:57,453 INFO  server.RaftServerConfigKeys (ConfUtils.java:logGet(43)) - raft.server.log.segment.size.max = 1048576 (custom)
2019-07-13 14:47:57,453 INFO  server.RaftServerConfigKeys (ConfUtils.java:logGet(43)) - raft.server.log.preallocated.size = 16384 (custom)
2019-07-13 14:47:57,453 INFO  server.RaftServerConfigKeys (ConfUtils.java:logGet(43)) - raft.server.log.segment.cache.num.max = 2 (custom)
2019-07-13 14:47:57,453 INFO  server.RaftServerConfigKeys (ConfUtils.java:logGet(43)) - raft.server.log.write.buffer.size = 33554432 (custom)
2019-07-13 14:47:57,454 INFO  server.RaftServerConfigKeys (ConfUtils.java:logGet(43)) - raft.server.log.force.sync.num = 128 (default)
2019-07-13 14:47:57,453 INFO  server.RaftServerConfigKeys (ConfUtils.java:logGet(43)) - raft.server.log.queue.byte-limit = 2147483647 (custom)
2019-07-13 14:47:57,454 INFO  server.RaftServerConfigKeys (ConfUtils.java:logGet(43)) - raft.server.log.statemachine.data.sync = true (default)
2019-07-13 14:47:57,454 INFO  server.RaftServerConfigKeys (ConfUtils.java:logGet(43)) - raft.server.log.statemachine.data.sync.timeout = 10s (default)
2019-07-13 14:47:57,453 INFO  segmented.SegmentedRaftLogWorker (SegmentedRaftLogWorker.java:<init>(172)) - new 9a58c024-f685-44fe-a3a4-9e3a34df864a-SegmentedRaftLogWorker:Storage Directory /tmp/workdir/hadoop-ozone/integration-test/target/test-dir/MiniOzoneClusterImpl-3a2c7849-0d67-4a8c-832f-6796402464c3/datanode-0/data/ratis/65943d95-acc3-48a3-9c1b-d6b1007765a0 for RaftStorage:Storage Directory /tmp/workdir/hadoop-ozone/integration-test/target/test-dir/MiniOzoneClusterImpl-3a2c7849-0d67-4a8c-832f-6796402464c3/datanode-0/data/ratis/65943d95-acc3-48a3-9c1b-d6b1007765a0
2019-07-13 14:47:57,454 INFO  server.RaftServerConfigKeys (ConfUtils.java:logGet(43)) - raft.server.log.statemachine.data.sync.timeout.retry = -1 (default)
2019-07-13 14:47:57,454 INFO  server.RaftServerConfigKeys (ConfUtils.java:logGet(43)) - raft.server.log.queue.element-limit = 1024 (custom)
2019-07-13 14:47:57,455 INFO  server.RaftServerConfigKeys (ConfUtils.java:logGet(43)) - raft.server.log.statemachine.data.caching.enabled = true (custom)
2019-07-13 14:47:57,455 INFO  server.RaftServerConfigKeys (ConfUtils.java:logGet(43)) - raft.server.log.queue.byte-limit = 2147483647 (custom)
2019-07-13 14:47:57,455 INFO  segmented.SegmentedRaftLogWorker (SegmentedRaftLogWorker.java:lambda$new$0(132)) - d036574a-11a4-4aab-8f67-192024c8189e-SegmentedRaftLogWorker:Storage Directory /tmp/workdir/hadoop-ozone/integration-test/target/test-dir/MiniOzoneClusterImpl-3a2c7849-0d67-4a8c-832f-6796402464c3/datanode-2/data/ratis/65943d95-acc3-48a3-9c1b-d6b1007765a0: flushIndex: setUnconditionally 0 -> -1
2019-07-13 14:47:57,455 INFO  server.RaftServerConfigKeys (ConfUtils.java:logGet(43)) - raft.server.log.segment.size.max = 1048576 (custom)
2019-07-13 14:47:57,455 INFO  server.RaftServerConfigKeys (ConfUtils.java:logGet(43)) - raft.server.log.queue.element-limit = 1024 (custom)
2019-07-13 14:47:57,456 INFO  server.RaftServerConfigKeys (ConfUtils.java:logGet(43)) - raft.server.snapshot.auto.trigger.enabled = true (custom)
2019-07-13 14:47:57,456 INFO  server.RaftServerConfigKeys (ConfUtils.java:logGet(43)) - raft.server.log.preallocated.size = 16384 (custom)
2019-07-13 14:47:57,456 INFO  server.RaftServerConfigKeys (ConfUtils.java:logGet(43)) - raft.server.snapshot.auto.trigger.threshold = 10000 (custom)
2019-07-13 14:47:57,456 INFO  server.RaftServerConfigKeys (ConfUtils.java:logGet(43)) - raft.server.log.segment.size.max = 1048576 (custom)
2019-07-13 14:47:57,457 INFO  server.RaftServerConfigKeys (ConfUtils.java:logGet(43)) - raft.server.retrycache.expirytime = 600000ms (custom)
2019-07-13 14:47:57,456 INFO  server.RaftServerConfigKeys (ConfUtils.java:logGet(43)) - raft.server.log.write.buffer.size = 33554432 (custom)
2019-07-13 14:47:57,457 INFO  impl.RaftServerImpl (RaftServerImpl.java:start(180)) - d036574a-11a4-4aab-8f67-192024c8189e: start group-D6B1007765A0
2019-07-13 14:47:57,457 INFO  impl.RaftServerImpl (RaftServerImpl.java:setRole(171)) - d036574a-11a4-4aab-8f67-192024c8189e:group-D6B1007765A0 changes role from null to FOLLOWER at term 0 for startAsFollower
2019-07-13 14:47:57,457 INFO  server.RaftServerConfigKeys (ConfUtils.java:logGet(43)) - raft.server.log.preallocated.size = 16384 (custom)
2019-07-13 14:47:57,457 INFO  impl.RoleInfo (RoleInfo.java:updateAndGet(143)) - d036574a-11a4-4aab-8f67-192024c8189e: start FollowerState
2019-07-13 14:47:57,457 INFO  server.RaftServerConfigKeys (ConfUtils.java:logGet(43)) - raft.server.log.force.sync.num = 128 (default)
2019-07-13 14:47:57,458 INFO  server.RaftServerConfigKeys (ConfUtils.java:logGet(43)) - raft.server.log.write.buffer.size = 33554432 (custom)
2019-07-13 14:47:57,458 INFO  util.JmxRegister (JmxRegister.java:tryRegister(44)) - Successfully registered JMX Bean with object name Ratis:service=RaftServer,group=group-D6B1007765A0,id=d036574a-11a4-4aab-8f67-192024c8189e
2019-07-13 14:47:57,458 INFO  server.RaftServerConfigKeys (ConfUtils.java:logGet(43)) - raft.server.log.statemachine.data.sync = true (default)
2019-07-13 14:47:57,459 INFO  server.RaftServerConfigKeys (ConfUtils.java:logGet(43)) - raft.server.log.statemachine.data.sync.timeout = 10s (default)
2019-07-13 14:47:57,458 INFO  server.RaftServerConfigKeys (ConfUtils.java:logGet(43)) - raft.server.log.force.sync.num = 128 (default)
2019-07-13 14:47:57,459 INFO  server.RaftServerConfigKeys (ConfUtils.java:logGet(43)) - raft.server.log.statemachine.data.sync.timeout.retry = -1 (default)
2019-07-13 14:47:57,459 INFO  server.RaftServerConfigKeys (ConfUtils.java:logGet(43)) - raft.server.log.statemachine.data.sync = true (default)
2019-07-13 14:47:57,459 INFO  server.RaftServerConfigKeys (ConfUtils.java:logGet(43)) - raft.server.log.statemachine.data.caching.enabled = true (custom)
2019-07-13 14:47:57,459 INFO  server.RaftServerConfigKeys (ConfUtils.java:logGet(43)) - raft.server.log.statemachine.data.sync.timeout = 10s (default)
2019-07-13 14:47:57,460 INFO  server.RaftServerConfigKeys (ConfUtils.java:logGet(43)) - raft.server.log.statemachine.data.sync.timeout.retry = -1 (default)
2019-07-13 14:47:57,460 INFO  segmented.SegmentedRaftLogWorker (SegmentedRaftLogWorker.java:lambda$new$0(132)) - 4be6fbbb-303f-4603-a02e-9bb3d18d9f0a-SegmentedRaftLogWorker:Storage Directory /tmp/workdir/hadoop-ozone/integration-test/target/test-dir/MiniOzoneClusterImpl-3a2c7849-0d67-4a8c-832f-6796402464c3/datanode-1/data/ratis/65943d95-acc3-48a3-9c1b-d6b1007765a0: flushIndex: setUnconditionally 0 -> -1
2019-07-13 14:47:57,460 INFO  server.RaftServerConfigKeys (ConfUtils.java:logGet(43)) - raft.server.log.statemachine.data.caching.enabled = true (custom)
2019-07-13 14:47:57,460 INFO  segmented.SegmentedRaftLogWorker (SegmentedRaftLogWorker.java:lambda$new$0(132)) - 9a58c024-f685-44fe-a3a4-9e3a34df864a-SegmentedRaftLogWorker:Storage Directory /tmp/workdir/hadoop-ozone/integration-test/target/test-dir/MiniOzoneClusterImpl-3a2c7849-0d67-4a8c-832f-6796402464c3/datanode-0/data/ratis/65943d95-acc3-48a3-9c1b-d6b1007765a0: flushIndex: setUnconditionally 0 -> -1
2019-07-13 14:47:57,461 INFO  server.RaftServerConfigKeys (ConfUtils.java:logGet(43)) - raft.server.snapshot.auto.trigger.enabled = true (custom)
2019-07-13 14:47:57,461 INFO  server.RaftServerConfigKeys (ConfUtils.java:logGet(43)) - raft.server.snapshot.auto.trigger.enabled = true (custom)
2019-07-13 14:47:57,461 INFO  server.RaftServerConfigKeys (ConfUtils.java:logGet(43)) - raft.server.snapshot.auto.trigger.threshold = 10000 (custom)
2019-07-13 14:47:57,461 INFO  server.RaftServerConfigKeys (ConfUtils.java:logGet(43)) - raft.server.snapshot.auto.trigger.threshold = 10000 (custom)
2019-07-13 14:47:57,461 INFO  server.RaftServerConfigKeys (ConfUtils.java:logGet(43)) - raft.server.retrycache.expirytime = 600000ms (custom)
2019-07-13 14:47:57,461 INFO  server.RaftServerConfigKeys (ConfUtils.java:logGet(43)) - raft.server.retrycache.expirytime = 600000ms (custom)
2019-07-13 14:47:57,462 INFO  impl.RaftServerImpl (RaftServerImpl.java:start(180)) - 4be6fbbb-303f-4603-a02e-9bb3d18d9f0a: start group-D6B1007765A0
2019-07-13 14:47:57,462 INFO  impl.RaftServerImpl (RaftServerImpl.java:start(180)) - 9a58c024-f685-44fe-a3a4-9e3a34df864a: start group-D6B1007765A0
2019-07-13 14:47:57,462 INFO  impl.RaftServerImpl (RaftServerImpl.java:setRole(171)) - 4be6fbbb-303f-4603-a02e-9bb3d18d9f0a:group-D6B1007765A0 changes role from null to FOLLOWER at term 0 for startAsFollower
2019-07-13 14:47:57,462 INFO  impl.RaftServerImpl (RaftServerImpl.java:setRole(171)) - 9a58c024-f685-44fe-a3a4-9e3a34df864a:group-D6B1007765A0 changes role from null to FOLLOWER at term 0 for startAsFollower
2019-07-13 14:47:57,462 INFO  impl.RoleInfo (RoleInfo.java:updateAndGet(143)) - 4be6fbbb-303f-4603-a02e-9bb3d18d9f0a: start FollowerState
2019-07-13 14:47:57,462 INFO  impl.RoleInfo (RoleInfo.java:updateAndGet(143)) - 9a58c024-f685-44fe-a3a4-9e3a34df864a: start FollowerState
2019-07-13 14:47:57,463 INFO  util.JmxRegister (JmxRegister.java:tryRegister(44)) - Successfully registered JMX Bean with object name Ratis:service=RaftServer,group=group-D6B1007765A0,id=4be6fbbb-303f-4603-a02e-9bb3d18d9f0a
2019-07-13 14:47:57,463 INFO  util.JmxRegister (JmxRegister.java:tryRegister(44)) - Successfully registered JMX Bean with object name Ratis:service=RaftServer,group=group-D6B1007765A0,id=9a58c024-f685-44fe-a3a4-9e3a34df864a
2019-07-13 14:47:57,465 INFO  pipeline.PipelineStateManager (PipelineStateManager.java:addPipeline(56)) - Created pipeline Pipeline[ Id: 65943d95-acc3-48a3-9c1b-d6b1007765a0, Nodes: d036574a-11a4-4aab-8f67-192024c8189e{ip: 192.168.5.172, host: trunk-nightly-mhs6z-4061744966, networkLocation: /default-rack, certSerialId: null}4be6fbbb-303f-4603-a02e-9bb3d18d9f0a{ip: 192.168.5.172, host: trunk-nightly-mhs6z-4061744966, networkLocation: /default-rack, certSerialId: null}9a58c024-f685-44fe-a3a4-9e3a34df864a{ip: 192.168.5.172, host: trunk-nightly-mhs6z-4061744966, networkLocation: /default-rack, certSerialId: null}, Type:RATIS, Factor:THREE, State:OPEN]
2019-07-13 14:47:57,543 INFO  node.SCMNodeManager (SCMNodeManager.java:register(269)) - Registered Data node : 9e3588e9-42b2-4986-b897-b11fb5ccabaa{ip: 192.168.5.172, host: trunk-nightly-mhs6z-4061744966, networkLocation: /default-rack, certSerialId: null}
2019-07-13 14:47:57,557 INFO  impl.RaftServerProxy (RaftServerProxy.java:addNew(89)) - 9e3588e9-42b2-4986-b897-b11fb5ccabaa: addNew group-801B691C8BA9:[9e3588e9-42b2-4986-b897-b11fb5ccabaa:192.168.5.172:46688] returns group-801B691C8BA9:java.util.concurrent.CompletableFuture@7fc3f173[Not completed]
2019-07-13 14:47:57,558 INFO  impl.RaftServerImpl (RaftServerImpl.java:<init>(93)) - 9e3588e9-42b2-4986-b897-b11fb5ccabaa: new RaftServerImpl for group-801B691C8BA9:[9e3588e9-42b2-4986-b897-b11fb5ccabaa:192.168.5.172:46688] with ContainerStateMachine:uninitialized
2019-07-13 14:47:57,558 INFO  server.RaftServerConfigKeys (ConfUtils.java:logGet(43)) - raft.server.rpc.timeout.min = 5s (custom)
2019-07-13 14:47:57,558 INFO  server.RaftServerConfigKeys (ConfUtils.java:logGet(43)) - raft.server.rpc.timeout.max = 5200ms (custom)
2019-07-13 14:47:57,558 INFO  server.RaftServerConfigKeys (ConfUtils.java:logGet(43)) - raft.server.rpcslowness.timeout = 120s (custom)
2019-07-13 14:47:57,558 INFO  server.RaftServerConfigKeys (ConfUtils.java:logGet(43)) - raft.server.sleep.deviation.threshold = 300 (default)
2019-07-13 14:47:57,559 INFO  server.RaftServerConfigKeys (ConfUtils.java:logGet(43)) - raft.server.log.appender.install.snapshot.enabled = false (custom)
2019-07-13 14:47:57,559 INFO  impl.RaftServerImpl (ServerState.java:<init>(105)) - 9e3588e9-42b2-4986-b897-b11fb5ccabaa:group-801B691C8BA9 ConfigurationManager, init=-1: [9e3588e9-42b2-4986-b897-b11fb5ccabaa:192.168.5.172:46688], old=null, confs=<EMPTY_MAP>
2019-07-13 14:47:57,559 INFO  server.RaftServerConfigKeys (ConfUtils.java:logGet(43)) - raft.server.storage.dir = [/tmp/workdir/hadoop-ozone/integration-test/target/test-dir/MiniOzoneClusterImpl-3a2c7849-0d67-4a8c-832f-6796402464c3/datanode-3/data/ratis] (custom)
2019-07-13 14:47:57,559 INFO  storage.RaftStorageDirectory (RaftStorageDirectory.java:analyzeStorage(246)) - The storage directory /tmp/workdir/hadoop-ozone/integration-test/target/test-dir/MiniOzoneClusterImpl-3a2c7849-0d67-4a8c-832f-6796402464c3/datanode-3/data/ratis/8163c203-6cdd-43d0-9929-801b691c8ba9 does not exist. Creating ...
2019-07-13 14:47:57,565 INFO  storage.RaftStorageDirectory (RaftStorageDirectory.java:tryLock(328)) - Lock on /tmp/workdir/hadoop-ozone/integration-test/target/test-dir/MiniOzoneClusterImpl-3a2c7849-0d67-4a8c-832f-6796402464c3/datanode-3/data/ratis/8163c203-6cdd-43d0-9929-801b691c8ba9/in_use.lock acquired by nodename 27998@trunk-nightly-mhs6z-4061744966
2019-07-13 14:47:57,569 INFO  storage.RaftStorage (RaftStorage.java:format(72)) - Storage directory /tmp/workdir/hadoop-ozone/integration-test/target/test-dir/MiniOzoneClusterImpl-3a2c7849-0d67-4a8c-832f-6796402464c3/datanode-3/data/ratis/8163c203-6cdd-43d0-9929-801b691c8ba9 has been successfully formatted.
2019-07-13 14:47:57,569 INFO  ratis.ContainerStateMachine (ContainerStateMachine.java:loadSnapshot(200)) - The snapshot info is null.Setting the last applied index to:(t:0, i:~)
2019-07-13 14:47:57,569 INFO  server.RaftServerConfigKeys (ConfUtils.java:logGet(43)) - raft.server.leader.election.timeout = 120s (custom)
2019-07-13 14:47:57,569 INFO  server.RaftServerConfigKeys (ConfUtils.java:logGet(43)) - raft.server.log.use.memory = false (default)
2019-07-13 14:47:57,570 INFO  server.RaftServerConfigKeys (ConfUtils.java:logGet(43)) - raft.server.log.purge.gap = 1000000000 (custom)
2019-07-13 14:47:57,570 INFO  server.RaftServerConfigKeys (ConfUtils.java:logGet(43)) - raft.server.log.appender.buffer.byte-limit = 33554432 (custom)
2019-07-13 14:47:57,570 INFO  server.RaftServerConfigKeys (ConfUtils.java:logGet(43)) - raft.server.log.segment.size.max = 1048576 (custom)
2019-07-13 14:47:57,570 INFO  server.RaftServerConfigKeys (ConfUtils.java:logGet(43)) - raft.server.log.segment.cache.num.max = 2 (custom)
2019-07-13 14:47:57,570 INFO  segmented.SegmentedRaftLogWorker (SegmentedRaftLogWorker.java:<init>(172)) - new 9e3588e9-42b2-4986-b897-b11fb5ccabaa-SegmentedRaftLogWorker:Storage Directory /tmp/workdir/hadoop-ozone/integration-test/target/test-dir/MiniOzoneClusterImpl-3a2c7849-0d67-4a8c-832f-6796402464c3/datanode-3/data/ratis/8163c203-6cdd-43d0-9929-801b691c8ba9 for RaftStorage:Storage Directory /tmp/workdir/hadoop-ozone/integration-test/target/test-dir/MiniOzoneClusterImpl-3a2c7849-0d67-4a8c-832f-6796402464c3/datanode-3/data/ratis/8163c203-6cdd-43d0-9929-801b691c8ba9
2019-07-13 14:47:57,570 INFO  server.RaftServerConfigKeys (ConfUtils.java:logGet(43)) - raft.server.log.queue.byte-limit = 2147483647 (custom)
2019-07-13 14:47:57,571 INFO  server.RaftServerConfigKeys (ConfUtils.java:logGet(43)) - raft.server.log.queue.element-limit = 1024 (custom)
2019-07-13 14:47:57,571 INFO  server.RaftServerConfigKeys (ConfUtils.java:logGet(43)) - raft.server.log.segment.size.max = 1048576 (custom)
2019-07-13 14:47:57,571 INFO  server.RaftServerConfigKeys (ConfUtils.java:logGet(43)) - raft.server.log.preallocated.size = 16384 (custom)
2019-07-13 14:47:57,571 INFO  server.RaftServerConfigKeys (ConfUtils.java:logGet(43)) - raft.server.log.write.buffer.size = 33554432 (custom)
2019-07-13 14:47:57,571 INFO  server.RaftServerConfigKeys (ConfUtils.java:logGet(43)) - raft.server.log.force.sync.num = 128 (default)
2019-07-13 14:47:57,571 INFO  server.RaftServerConfigKeys (ConfUtils.java:logGet(43)) - raft.server.log.statemachine.data.sync = true (default)
2019-07-13 14:47:57,572 INFO  server.RaftServerConfigKeys (ConfUtils.java:logGet(43)) - raft.server.log.statemachine.data.sync.timeout = 10s (default)
2019-07-13 14:47:57,572 INFO  server.RaftServerConfigKeys (ConfUtils.java:logGet(43)) - raft.server.log.statemachine.data.sync.timeout.retry = -1 (default)
2019-07-13 14:47:57,572 INFO  server.RaftServerConfigKeys (ConfUtils.java:logGet(43)) - raft.server.log.statemachine.data.caching.enabled = true (custom)
2019-07-13 14:47:57,572 INFO  segmented.SegmentedRaftLogWorker (SegmentedRaftLogWorker.java:lambda$new$0(132)) - 9e3588e9-42b2-4986-b897-b11fb5ccabaa-SegmentedRaftLogWorker:Storage Directory /tmp/workdir/hadoop-ozone/integration-test/target/test-dir/MiniOzoneClusterImpl-3a2c7849-0d67-4a8c-832f-6796402464c3/datanode-3/data/ratis/8163c203-6cdd-43d0-9929-801b691c8ba9: flushIndex: setUnconditionally 0 -> -1
2019-07-13 14:47:57,573 INFO  server.RaftServerConfigKeys (ConfUtils.java:logGet(43)) - raft.server.snapshot.auto.trigger.enabled = true (custom)
2019-07-13 14:47:57,573 INFO  server.RaftServerConfigKeys (ConfUtils.java:logGet(43)) - raft.server.snapshot.auto.trigger.threshold = 10000 (custom)
2019-07-13 14:47:57,573 INFO  server.RaftServerConfigKeys (ConfUtils.java:logGet(43)) - raft.server.retrycache.expirytime = 600000ms (custom)
2019-07-13 14:47:57,573 INFO  impl.RaftServerImpl (RaftServerImpl.java:start(180)) - 9e3588e9-42b2-4986-b897-b11fb5ccabaa: start group-801B691C8BA9
2019-07-13 14:47:57,573 INFO  impl.RaftServerImpl (RaftServerImpl.java:setRole(171)) - 9e3588e9-42b2-4986-b897-b11fb5ccabaa:group-801B691C8BA9 changes role from null to FOLLOWER at term 0 for startAsFollower
2019-07-13 14:47:57,574 INFO  impl.RoleInfo (RoleInfo.java:updateAndGet(143)) - 9e3588e9-42b2-4986-b897-b11fb5ccabaa: start FollowerState
2019-07-13 14:47:57,574 INFO  util.JmxRegister (JmxRegister.java:tryRegister(44)) - Successfully registered JMX Bean with object name Ratis:service=RaftServer,group=group-801B691C8BA9,id=9e3588e9-42b2-4986-b897-b11fb5ccabaa
2019-07-13 14:47:57,576 INFO  pipeline.PipelineStateManager (PipelineStateManager.java:addPipeline(56)) - Created pipeline Pipeline[ Id: 8163c203-6cdd-43d0-9929-801b691c8ba9, Nodes: 9e3588e9-42b2-4986-b897-b11fb5ccabaa{ip: 192.168.5.172, host: trunk-nightly-mhs6z-4061744966, networkLocation: /default-rack, certSerialId: null}, Type:RATIS, Factor:ONE, State:OPEN]
2019-07-13 14:47:57,734 INFO  node.SCMNodeManager (SCMNodeManager.java:register(269)) - Registered Data node : 14ff052f-2e52-4a95-9f65-dc477e636c62{ip: 192.168.5.172, host: trunk-nightly-mhs6z-4061744966, networkLocation: /default-rack, certSerialId: null}
2019-07-13 14:47:57,753 INFO  impl.RaftServerProxy (RaftServerProxy.java:addNew(89)) - 14ff052f-2e52-4a95-9f65-dc477e636c62: addNew group-14C594EAF89D:[14ff052f-2e52-4a95-9f65-dc477e636c62:192.168.5.172:45146] returns group-14C594EAF89D:java.util.concurrent.CompletableFuture@828924d[Not completed]
2019-07-13 14:47:57,754 INFO  impl.RaftServerImpl (RaftServerImpl.java:<init>(93)) - 14ff052f-2e52-4a95-9f65-dc477e636c62: new RaftServerImpl for group-14C594EAF89D:[14ff052f-2e52-4a95-9f65-dc477e636c62:192.168.5.172:45146] with ContainerStateMachine:uninitialized
2019-07-13 14:47:57,754 INFO  server.RaftServerConfigKeys (ConfUtils.java:logGet(43)) - raft.server.rpc.timeout.min = 5s (custom)
2019-07-13 14:47:57,754 INFO  server.RaftServerConfigKeys (ConfUtils.java:logGet(43)) - raft.server.rpc.timeout.max = 5200ms (custom)
2019-07-13 14:47:57,754 INFO  server.RaftServerConfigKeys (ConfUtils.java:logGet(43)) - raft.server.rpcslowness.timeout = 120s (custom)
2019-07-13 14:47:57,754 INFO  server.RaftServerConfigKeys (ConfUtils.java:logGet(43)) - raft.server.sleep.deviation.threshold = 300 (default)
2019-07-13 14:47:57,755 INFO  server.RaftServerConfigKeys (ConfUtils.java:logGet(43)) - raft.server.log.appender.install.snapshot.enabled = false (custom)
2019-07-13 14:47:57,755 INFO  impl.RaftServerImpl (ServerState.java:<init>(105)) - 14ff052f-2e52-4a95-9f65-dc477e636c62:group-14C594EAF89D ConfigurationManager, init=-1: [14ff052f-2e52-4a95-9f65-dc477e636c62:192.168.5.172:45146], old=null, confs=<EMPTY_MAP>
2019-07-13 14:47:57,755 INFO  server.RaftServerConfigKeys (ConfUtils.java:logGet(43)) - raft.server.storage.dir = [/tmp/workdir/hadoop-ozone/integration-test/target/test-dir/MiniOzoneClusterImpl-3a2c7849-0d67-4a8c-832f-6796402464c3/datanode-4/data/ratis] (custom)
2019-07-13 14:47:57,755 INFO  storage.RaftStorageDirectory (RaftStorageDirectory.java:analyzeStorage(246)) - The storage directory /tmp/workdir/hadoop-ozone/integration-test/target/test-dir/MiniOzoneClusterImpl-3a2c7849-0d67-4a8c-832f-6796402464c3/datanode-4/data/ratis/af40794e-d44e-460e-b9ec-14c594eaf89d does not exist. Creating ...
2019-07-13 14:47:57,761 INFO  storage.RaftStorageDirectory (RaftStorageDirectory.java:tryLock(328)) - Lock on /tmp/workdir/hadoop-ozone/integration-test/target/test-dir/MiniOzoneClusterImpl-3a2c7849-0d67-4a8c-832f-6796402464c3/datanode-4/data/ratis/af40794e-d44e-460e-b9ec-14c594eaf89d/in_use.lock acquired by nodename 27998@trunk-nightly-mhs6z-4061744966
2019-07-13 14:47:57,765 INFO  storage.RaftStorage (RaftStorage.java:format(72)) - Storage directory /tmp/workdir/hadoop-ozone/integration-test/target/test-dir/MiniOzoneClusterImpl-3a2c7849-0d67-4a8c-832f-6796402464c3/datanode-4/data/ratis/af40794e-d44e-460e-b9ec-14c594eaf89d has been successfully formatted.
2019-07-13 14:47:57,766 INFO  ratis.ContainerStateMachine (ContainerStateMachine.java:loadSnapshot(200)) - The snapshot info is null.Setting the last applied index to:(t:0, i:~)
2019-07-13 14:47:57,766 INFO  server.RaftServerConfigKeys (ConfUtils.java:logGet(43)) - raft.server.leader.election.timeout = 120s (custom)
2019-07-13 14:47:57,766 INFO  server.RaftServerConfigKeys (ConfUtils.java:logGet(43)) - raft.server.log.use.memory = false (default)
2019-07-13 14:47:57,766 INFO  server.RaftServerConfigKeys (ConfUtils.java:logGet(43)) - raft.server.log.purge.gap = 1000000000 (custom)
2019-07-13 14:47:57,766 INFO  server.RaftServerConfigKeys (ConfUtils.java:logGet(43)) - raft.server.log.appender.buffer.byte-limit = 33554432 (custom)
2019-07-13 14:47:57,766 INFO  server.RaftServerConfigKeys (ConfUtils.java:logGet(43)) - raft.server.log.segment.size.max = 1048576 (custom)
2019-07-13 14:47:57,766 INFO  server.RaftServerConfigKeys (ConfUtils.java:logGet(43)) - raft.server.log.segment.cache.num.max = 2 (custom)
2019-07-13 14:47:57,767 INFO  segmented.SegmentedRaftLogWorker (SegmentedRaftLogWorker.java:<init>(172)) - new 14ff052f-2e52-4a95-9f65-dc477e636c62-SegmentedRaftLogWorker:Storage Directory /tmp/workdir/hadoop-ozone/integration-test/target/test-dir/MiniOzoneClusterImpl-3a2c7849-0d67-4a8c-832f-6796402464c3/datanode-4/data/ratis/af40794e-d44e-460e-b9ec-14c594eaf89d for RaftStorage:Storage Directory /tmp/workdir/hadoop-ozone/integration-test/target/test-dir/MiniOzoneClusterImpl-3a2c7849-0d67-4a8c-832f-6796402464c3/datanode-4/data/ratis/af40794e-d44e-460e-b9ec-14c594eaf89d
2019-07-13 14:47:57,767 INFO  server.RaftServerConfigKeys (ConfUtils.java:logGet(43)) - raft.server.log.queue.byte-limit = 2147483647 (custom)
2019-07-13 14:47:57,767 INFO  server.RaftServerConfigKeys (ConfUtils.java:logGet(43)) - raft.server.log.queue.element-limit = 1024 (custom)
2019-07-13 14:47:57,767 INFO  server.RaftServerConfigKeys (ConfUtils.java:logGet(43)) - raft.server.log.segment.size.max = 1048576 (custom)
2019-07-13 14:47:57,767 INFO  server.RaftServerConfigKeys (ConfUtils.java:logGet(43)) - raft.server.log.preallocated.size = 16384 (custom)
2019-07-13 14:47:57,768 INFO  server.RaftServerConfigKeys (ConfUtils.java:logGet(43)) - raft.server.log.write.buffer.size = 33554432 (custom)
2019-07-13 14:47:57,768 INFO  server.RaftServerConfigKeys (ConfUtils.java:logGet(43)) - raft.server.log.force.sync.num = 128 (default)
2019-07-13 14:47:57,768 INFO  server.RaftServerConfigKeys (ConfUtils.java:logGet(43)) - raft.server.log.statemachine.data.sync = true (default)
2019-07-13 14:47:57,768 INFO  server.RaftServerConfigKeys (ConfUtils.java:logGet(43)) - raft.server.log.statemachine.data.sync.timeout = 10s (default)
2019-07-13 14:47:57,768 INFO  server.RaftServerConfigKeys (ConfUtils.java:logGet(43)) - raft.server.log.statemachine.data.sync.timeout.retry = -1 (default)
2019-07-13 14:47:57,768 INFO  server.RaftServerConfigKeys (ConfUtils.java:logGet(43)) - raft.server.log.statemachine.data.caching.enabled = true (custom)
2019-07-13 14:47:57,769 INFO  segmented.SegmentedRaftLogWorker (SegmentedRaftLogWorker.java:lambda$new$0(132)) - 14ff052f-2e52-4a95-9f65-dc477e636c62-SegmentedRaftLogWorker:Storage Directory /tmp/workdir/hadoop-ozone/integration-test/target/test-dir/MiniOzoneClusterImpl-3a2c7849-0d67-4a8c-832f-6796402464c3/datanode-4/data/ratis/af40794e-d44e-460e-b9ec-14c594eaf89d: flushIndex: setUnconditionally 0 -> -1
2019-07-13 14:47:57,769 INFO  server.RaftServerConfigKeys (ConfUtils.java:logGet(43)) - raft.server.snapshot.auto.trigger.enabled = true (custom)
2019-07-13 14:47:57,770 INFO  server.RaftServerConfigKeys (ConfUtils.java:logGet(43)) - raft.server.snapshot.auto.trigger.threshold = 10000 (custom)
2019-07-13 14:47:57,770 INFO  server.RaftServerConfigKeys (ConfUtils.java:logGet(43)) - raft.server.retrycache.expirytime = 600000ms (custom)
2019-07-13 14:47:57,770 INFO  impl.RaftServerImpl (RaftServerImpl.java:start(180)) - 14ff052f-2e52-4a95-9f65-dc477e636c62: start group-14C594EAF89D
2019-07-13 14:47:57,770 INFO  impl.RaftServerImpl (RaftServerImpl.java:setRole(171)) - 14ff052f-2e52-4a95-9f65-dc477e636c62:group-14C594EAF89D changes role from null to FOLLOWER at term 0 for startAsFollower
2019-07-13 14:47:57,770 INFO  impl.RoleInfo (RoleInfo.java:updateAndGet(143)) - 14ff052f-2e52-4a95-9f65-dc477e636c62: start FollowerState
2019-07-13 14:47:57,771 INFO  util.JmxRegister (JmxRegister.java:tryRegister(44)) - Successfully registered JMX Bean with object name Ratis:service=RaftServer,group=group-14C594EAF89D,id=14ff052f-2e52-4a95-9f65-dc477e636c62
2019-07-13 14:47:57,773 INFO  pipeline.PipelineStateManager (PipelineStateManager.java:addPipeline(56)) - Created pipeline Pipeline[ Id: af40794e-d44e-460e-b9ec-14c594eaf89d, Nodes: 14ff052f-2e52-4a95-9f65-dc477e636c62{ip: 192.168.5.172, host: trunk-nightly-mhs6z-4061744966, networkLocation: /default-rack, certSerialId: null}, Type:RATIS, Factor:ONE, State:OPEN]
2019-07-13 14:47:57,933 INFO  node.SCMNodeManager (SCMNodeManager.java:register(269)) - Registered Data node : 3c4b72a8-1cd9-4e72-91a7-6c8c41c5c280{ip: 192.168.5.172, host: trunk-nightly-mhs6z-4061744966, networkLocation: /default-rack, certSerialId: null}
2019-07-13 14:47:57,946 INFO  impl.RaftServerProxy (RaftServerProxy.java:addNew(89)) - 3c4b72a8-1cd9-4e72-91a7-6c8c41c5c280: addNew group-363CF02234B6:[3c4b72a8-1cd9-4e72-91a7-6c8c41c5c280:192.168.5.172:38724] returns group-363CF02234B6:java.util.concurrent.CompletableFuture@240a0617[Not completed]
2019-07-13 14:47:57,947 INFO  impl.RaftServerImpl (RaftServerImpl.java:<init>(93)) - 3c4b72a8-1cd9-4e72-91a7-6c8c41c5c280: new RaftServerImpl for group-363CF02234B6:[3c4b72a8-1cd9-4e72-91a7-6c8c41c5c280:192.168.5.172:38724] with ContainerStateMachine:uninitialized
2019-07-13 14:47:57,947 INFO  server.RaftServerConfigKeys (ConfUtils.java:logGet(43)) - raft.server.rpc.timeout.min = 5s (custom)
2019-07-13 14:47:57,947 INFO  server.RaftServerConfigKeys (ConfUtils.java:logGet(43)) - raft.server.rpc.timeout.max = 5200ms (custom)
2019-07-13 14:47:57,947 INFO  server.RaftServerConfigKeys (ConfUtils.java:logGet(43)) - raft.server.rpcslowness.timeout = 120s (custom)
2019-07-13 14:47:57,947 INFO  server.RaftServerConfigKeys (ConfUtils.java:logGet(43)) - raft.server.sleep.deviation.threshold = 300 (default)
2019-07-13 14:47:57,948 INFO  server.RaftServerConfigKeys (ConfUtils.java:logGet(43)) - raft.server.log.appender.install.snapshot.enabled = false (custom)
2019-07-13 14:47:57,948 INFO  impl.RaftServerImpl (ServerState.java:<init>(105)) - 3c4b72a8-1cd9-4e72-91a7-6c8c41c5c280:group-363CF02234B6 ConfigurationManager, init=-1: [3c4b72a8-1cd9-4e72-91a7-6c8c41c5c280:192.168.5.172:38724], old=null, confs=<EMPTY_MAP>
2019-07-13 14:47:57,948 INFO  server.RaftServerConfigKeys (ConfUtils.java:logGet(43)) - raft.server.storage.dir = [/tmp/workdir/hadoop-ozone/integration-test/target/test-dir/MiniOzoneClusterImpl-3a2c7849-0d67-4a8c-832f-6796402464c3/datanode-5/data/ratis] (custom)
2019-07-13 14:47:57,948 INFO  storage.RaftStorageDirectory (RaftStorageDirectory.java:analyzeStorage(246)) - The storage directory /tmp/workdir/hadoop-ozone/integration-test/target/test-dir/MiniOzoneClusterImpl-3a2c7849-0d67-4a8c-832f-6796402464c3/datanode-5/data/ratis/bb270f2c-624e-4874-9905-363cf02234b6 does not exist. Creating ...
2019-07-13 14:47:57,960 INFO  storage.RaftStorageDirectory (RaftStorageDirectory.java:tryLock(328)) - Lock on /tmp/workdir/hadoop-ozone/integration-test/target/test-dir/MiniOzoneClusterImpl-3a2c7849-0d67-4a8c-832f-6796402464c3/datanode-5/data/ratis/bb270f2c-624e-4874-9905-363cf02234b6/in_use.lock acquired by nodename 27998@trunk-nightly-mhs6z-4061744966
2019-07-13 14:47:57,971 INFO  storage.RaftStorage (RaftStorage.java:format(72)) - Storage directory /tmp/workdir/hadoop-ozone/integration-test/target/test-dir/MiniOzoneClusterImpl-3a2c7849-0d67-4a8c-832f-6796402464c3/datanode-5/data/ratis/bb270f2c-624e-4874-9905-363cf02234b6 has been successfully formatted.
2019-07-13 14:47:57,971 INFO  ratis.ContainerStateMachine (ContainerStateMachine.java:loadSnapshot(200)) - The snapshot info is null.Setting the last applied index to:(t:0, i:~)
2019-07-13 14:47:57,971 INFO  server.RaftServerConfigKeys (ConfUtils.java:logGet(43)) - raft.server.leader.election.timeout = 120s (custom)
2019-07-13 14:47:57,971 INFO  server.RaftServerConfigKeys (ConfUtils.java:logGet(43)) - raft.server.log.use.memory = false (default)
2019-07-13 14:47:57,972 INFO  server.RaftServerConfigKeys (ConfUtils.java:logGet(43)) - raft.server.log.purge.gap = 1000000000 (custom)
2019-07-13 14:47:57,972 INFO  server.RaftServerConfigKeys (ConfUtils.java:logGet(43)) - raft.server.log.appender.buffer.byte-limit = 33554432 (custom)
2019-07-13 14:47:57,972 INFO  server.RaftServerConfigKeys (ConfUtils.java:logGet(43)) - raft.server.log.segment.size.max = 1048576 (custom)
2019-07-13 14:47:57,972 INFO  server.RaftServerConfigKeys (ConfUtils.java:logGet(43)) - raft.server.log.segment.cache.num.max = 2 (custom)
2019-07-13 14:47:57,972 INFO  segmented.SegmentedRaftLogWorker (SegmentedRaftLogWorker.java:<init>(172)) - new 3c4b72a8-1cd9-4e72-91a7-6c8c41c5c280-SegmentedRaftLogWorker:Storage Directory /tmp/workdir/hadoop-ozone/integration-test/target/test-dir/MiniOzoneClusterImpl-3a2c7849-0d67-4a8c-832f-6796402464c3/datanode-5/data/ratis/bb270f2c-624e-4874-9905-363cf02234b6 for RaftStorage:Storage Directory /tmp/workdir/hadoop-ozone/integration-test/target/test-dir/MiniOzoneClusterImpl-3a2c7849-0d67-4a8c-832f-6796402464c3/datanode-5/data/ratis/bb270f2c-624e-4874-9905-363cf02234b6
2019-07-13 14:47:57,972 INFO  server.RaftServerConfigKeys (ConfUtils.java:logGet(43)) - raft.server.log.queue.byte-limit = 2147483647 (custom)
2019-07-13 14:47:57,973 INFO  server.RaftServerConfigKeys (ConfUtils.java:logGet(43)) - raft.server.log.queue.element-limit = 1024 (custom)
2019-07-13 14:47:57,973 INFO  server.RaftServerConfigKeys (ConfUtils.java:logGet(43)) - raft.server.log.segment.size.max = 1048576 (custom)
2019-07-13 14:47:57,973 INFO  server.RaftServerConfigKeys (ConfUtils.java:logGet(43)) - raft.server.log.preallocated.size = 16384 (custom)
2019-07-13 14:47:57,973 INFO  server.RaftServerConfigKeys (ConfUtils.java:logGet(43)) - raft.server.log.write.buffer.size = 33554432 (custom)
2019-07-13 14:47:57,973 INFO  server.RaftServerConfigKeys (ConfUtils.java:logGet(43)) - raft.server.log.force.sync.num = 128 (default)
2019-07-13 14:47:57,973 INFO  server.RaftServerConfigKeys (ConfUtils.java:logGet(43)) - raft.server.log.statemachine.data.sync = true (default)
2019-07-13 14:47:57,974 INFO  server.RaftServerConfigKeys (ConfUtils.java:logGet(43)) - raft.server.log.statemachine.data.sync.timeout = 10s (default)
2019-07-13 14:47:57,974 INFO  server.RaftServerConfigKeys (ConfUtils.java:logGet(43)) - raft.server.log.statemachine.data.sync.timeout.retry = -1 (default)
2019-07-13 14:47:57,974 INFO  server.RaftServerConfigKeys (ConfUtils.java:logGet(43)) - raft.server.log.statemachine.data.caching.enabled = true (custom)
2019-07-13 14:47:57,975 INFO  segmented.SegmentedRaftLogWorker (SegmentedRaftLogWorker.java:lambda$new$0(132)) - 3c4b72a8-1cd9-4e72-91a7-6c8c41c5c280-SegmentedRaftLogWorker:Storage Directory /tmp/workdir/hadoop-ozone/integration-test/target/test-dir/MiniOzoneClusterImpl-3a2c7849-0d67-4a8c-832f-6796402464c3/datanode-5/data/ratis/bb270f2c-624e-4874-9905-363cf02234b6: flushIndex: setUnconditionally 0 -> -1
2019-07-13 14:47:57,975 INFO  server.RaftServerConfigKeys (ConfUtils.java:logGet(43)) - raft.server.snapshot.auto.trigger.enabled = true (custom)
2019-07-13 14:47:57,975 INFO  server.RaftServerConfigKeys (ConfUtils.java:logGet(43)) - raft.server.snapshot.auto.trigger.threshold = 10000 (custom)
2019-07-13 14:47:57,975 INFO  server.RaftServerConfigKeys (ConfUtils.java:logGet(43)) - raft.server.retrycache.expirytime = 600000ms (custom)
2019-07-13 14:47:57,976 INFO  impl.RaftServerImpl (RaftServerImpl.java:start(180)) - 3c4b72a8-1cd9-4e72-91a7-6c8c41c5c280: start group-363CF02234B6
2019-07-13 14:47:57,976 INFO  impl.RaftServerImpl (RaftServerImpl.java:setRole(171)) - 3c4b72a8-1cd9-4e72-91a7-6c8c41c5c280:group-363CF02234B6 changes role from null to FOLLOWER at term 0 for startAsFollower
2019-07-13 14:47:57,976 INFO  impl.RoleInfo (RoleInfo.java:updateAndGet(143)) - 3c4b72a8-1cd9-4e72-91a7-6c8c41c5c280: start FollowerState
2019-07-13 14:47:57,976 INFO  util.JmxRegister (JmxRegister.java:tryRegister(44)) - Successfully registered JMX Bean with object name Ratis:service=RaftServer,group=group-363CF02234B6,id=3c4b72a8-1cd9-4e72-91a7-6c8c41c5c280
2019-07-13 14:47:57,979 INFO  pipeline.PipelineStateManager (PipelineStateManager.java:addPipeline(56)) - Created pipeline Pipeline[ Id: bb270f2c-624e-4874-9905-363cf02234b6, Nodes: 3c4b72a8-1cd9-4e72-91a7-6c8c41c5c280{ip: 192.168.5.172, host: trunk-nightly-mhs6z-4061744966, networkLocation: /default-rack, certSerialId: null}, Type:RATIS, Factor:ONE, State:OPEN]
2019-07-13 14:47:58,007 INFO  impl.RaftServerProxy (RaftServerProxy.java:addNew(89)) - 9e3588e9-42b2-4986-b897-b11fb5ccabaa: addNew group-FE1927FFE1E4:[9e3588e9-42b2-4986-b897-b11fb5ccabaa:192.168.5.172:46688, 14ff052f-2e52-4a95-9f65-dc477e636c62:192.168.5.172:45146, 3c4b72a8-1cd9-4e72-91a7-6c8c41c5c280:192.168.5.172:38724] returns group-FE1927FFE1E4:java.util.concurrent.CompletableFuture@14f1ef44[Not completed]
2019-07-13 14:47:58,007 INFO  impl.RaftServerProxy (RaftServerProxy.java:addNew(89)) - 14ff052f-2e52-4a95-9f65-dc477e636c62: addNew group-FE1927FFE1E4:[9e3588e9-42b2-4986-b897-b11fb5ccabaa:192.168.5.172:46688, 14ff052f-2e52-4a95-9f65-dc477e636c62:192.168.5.172:45146, 3c4b72a8-1cd9-4e72-91a7-6c8c41c5c280:192.168.5.172:38724] returns group-FE1927FFE1E4:java.util.concurrent.CompletableFuture@583ff4e[Not completed]
2019-07-13 14:47:58,007 INFO  impl.RaftServerProxy (RaftServerProxy.java:addNew(89)) - 3c4b72a8-1cd9-4e72-91a7-6c8c41c5c280: addNew group-FE1927FFE1E4:[9e3588e9-42b2-4986-b897-b11fb5ccabaa:192.168.5.172:46688, 14ff052f-2e52-4a95-9f65-dc477e636c62:192.168.5.172:45146, 3c4b72a8-1cd9-4e72-91a7-6c8c41c5c280:192.168.5.172:38724] returns group-FE1927FFE1E4:java.util.concurrent.CompletableFuture@65ed3628[Not completed]
2019-07-13 14:47:58,008 INFO  impl.RaftServerImpl (RaftServerImpl.java:<init>(93)) - 3c4b72a8-1cd9-4e72-91a7-6c8c41c5c280: new RaftServerImpl for group-FE1927FFE1E4:[9e3588e9-42b2-4986-b897-b11fb5ccabaa:192.168.5.172:46688, 14ff052f-2e52-4a95-9f65-dc477e636c62:192.168.5.172:45146, 3c4b72a8-1cd9-4e72-91a7-6c8c41c5c280:192.168.5.172:38724] with ContainerStateMachine:uninitialized
2019-07-13 14:47:58,008 INFO  server.RaftServerConfigKeys (ConfUtils.java:logGet(43)) - raft.server.rpc.timeout.min = 5s (custom)
2019-07-13 14:47:58,009 INFO  server.RaftServerConfigKeys (ConfUtils.java:logGet(43)) - raft.server.rpc.timeout.max = 5200ms (custom)
2019-07-13 14:47:58,009 INFO  server.RaftServerConfigKeys (ConfUtils.java:logGet(43)) - raft.server.rpcslowness.timeout = 120s (custom)
2019-07-13 14:47:58,009 INFO  impl.RaftServerImpl (RaftServerImpl.java:<init>(93)) - 9e3588e9-42b2-4986-b897-b11fb5ccabaa: new RaftServerImpl for group-FE1927FFE1E4:[9e3588e9-42b2-4986-b897-b11fb5ccabaa:192.168.5.172:46688, 14ff052f-2e52-4a95-9f65-dc477e636c62:192.168.5.172:45146, 3c4b72a8-1cd9-4e72-91a7-6c8c41c5c280:192.168.5.172:38724] with ContainerStateMachine:uninitialized
2019-07-13 14:47:58,009 INFO  server.RaftServerConfigKeys (ConfUtils.java:logGet(43)) - raft.server.sleep.deviation.threshold = 300 (default)
2019-07-13 14:47:58,009 INFO  server.RaftServerConfigKeys (ConfUtils.java:logGet(43)) - raft.server.rpc.timeout.min = 5s (custom)
2019-07-13 14:47:58,009 INFO  impl.RaftServerImpl (RaftServerImpl.java:<init>(93)) - 14ff052f-2e52-4a95-9f65-dc477e636c62: new RaftServerImpl for group-FE1927FFE1E4:[9e3588e9-42b2-4986-b897-b11fb5ccabaa:192.168.5.172:46688, 14ff052f-2e52-4a95-9f65-dc477e636c62:192.168.5.172:45146, 3c4b72a8-1cd9-4e72-91a7-6c8c41c5c280:192.168.5.172:38724] with ContainerStateMachine:uninitialized
2019-07-13 14:47:58,009 INFO  server.RaftServerConfigKeys (ConfUtils.java:logGet(43)) - raft.server.log.appender.install.snapshot.enabled = false (custom)
2019-07-13 14:47:58,010 INFO  server.RaftServerConfigKeys (ConfUtils.java:logGet(43)) - raft.server.rpc.timeout.min = 5s (custom)
2019-07-13 14:47:58,010 INFO  server.RaftServerConfigKeys (ConfUtils.java:logGet(43)) - raft.server.rpc.timeout.max = 5200ms (custom)
2019-07-13 14:47:58,009 INFO  server.RaftServerConfigKeys (ConfUtils.java:logGet(43)) - raft.server.rpc.timeout.max = 5200ms (custom)
2019-07-13 14:47:58,010 INFO  server.RaftServerConfigKeys (ConfUtils.java:logGet(43)) - raft.server.rpcslowness.timeout = 120s (custom)
2019-07-13 14:47:58,010 INFO  impl.RaftServerImpl (ServerState.java:<init>(105)) - 3c4b72a8-1cd9-4e72-91a7-6c8c41c5c280:group-FE1927FFE1E4 ConfigurationManager, init=-1: [9e3588e9-42b2-4986-b897-b11fb5ccabaa:192.168.5.172:46688, 14ff052f-2e52-4a95-9f65-dc477e636c62:192.168.5.172:45146, 3c4b72a8-1cd9-4e72-91a7-6c8c41c5c280:192.168.5.172:38724], old=null, confs=<EMPTY_MAP>
2019-07-13 14:47:58,010 INFO  server.RaftServerConfigKeys (ConfUtils.java:logGet(43)) - raft.server.sleep.deviation.threshold = 300 (default)
2019-07-13 14:47:58,010 INFO  server.RaftServerConfigKeys (ConfUtils.java:logGet(43)) - raft.server.rpcslowness.timeout = 120s (custom)
2019-07-13 14:47:58,011 INFO  server.RaftServerConfigKeys (ConfUtils.java:logGet(43)) - raft.server.log.appender.install.snapshot.enabled = false (custom)
2019-07-13 14:47:58,011 INFO  server.RaftServerConfigKeys (ConfUtils.java:logGet(43)) - raft.server.storage.dir = [/tmp/workdir/hadoop-ozone/integration-test/target/test-dir/MiniOzoneClusterImpl-3a2c7849-0d67-4a8c-832f-6796402464c3/datanode-5/data/ratis] (custom)
2019-07-13 14:47:58,011 INFO  impl.RaftServerImpl (ServerState.java:<init>(105)) - 14ff052f-2e52-4a95-9f65-dc477e636c62:group-FE1927FFE1E4 ConfigurationManager, init=-1: [9e3588e9-42b2-4986-b897-b11fb5ccabaa:192.168.5.172:46688, 14ff052f-2e52-4a95-9f65-dc477e636c62:192.168.5.172:45146, 3c4b72a8-1cd9-4e72-91a7-6c8c41c5c280:192.168.5.172:38724], old=null, confs=<EMPTY_MAP>
2019-07-13 14:47:58,011 INFO  server.RaftServerConfigKeys (ConfUtils.java:logGet(43)) - raft.server.sleep.deviation.threshold = 300 (default)
2019-07-13 14:47:58,012 INFO  storage.RaftStorageDirectory (RaftStorageDirectory.java:analyzeStorage(246)) - The storage directory /tmp/workdir/hadoop-ozone/integration-test/target/test-dir/MiniOzoneClusterImpl-3a2c7849-0d67-4a8c-832f-6796402464c3/datanode-5/data/ratis/2ee042d3-d1d5-499e-a715-fe1927ffe1e4 does not exist. Creating ...
2019-07-13 14:47:58,011 INFO  server.RaftServerConfigKeys (ConfUtils.java:logGet(43)) - raft.server.storage.dir = [/tmp/workdir/hadoop-ozone/integration-test/target/test-dir/MiniOzoneClusterImpl-3a2c7849-0d67-4a8c-832f-6796402464c3/datanode-4/data/ratis] (custom)
2019-07-13 14:47:58,012 INFO  server.RaftServerConfigKeys (ConfUtils.java:logGet(43)) - raft.server.log.appender.install.snapshot.enabled = false (custom)
2019-07-13 14:47:58,012 INFO  impl.RaftServerImpl (ServerState.java:<init>(105)) - 9e3588e9-42b2-4986-b897-b11fb5ccabaa:group-FE1927FFE1E4 ConfigurationManager, init=-1: [9e3588e9-42b2-4986-b897-b11fb5ccabaa:192.168.5.172:46688, 14ff052f-2e52-4a95-9f65-dc477e636c62:192.168.5.172:45146, 3c4b72a8-1cd9-4e72-91a7-6c8c41c5c280:192.168.5.172:38724], old=null, confs=<EMPTY_MAP>
2019-07-13 14:47:58,012 INFO  storage.RaftStorageDirectory (RaftStorageDirectory.java:analyzeStorage(246)) - The storage directory /tmp/workdir/hadoop-ozone/integration-test/target/test-dir/MiniOzoneClusterImpl-3a2c7849-0d67-4a8c-832f-6796402464c3/datanode-4/data/ratis/2ee042d3-d1d5-499e-a715-fe1927ffe1e4 does not exist. Creating ...
2019-07-13 14:47:58,012 INFO  server.RaftServerConfigKeys (ConfUtils.java:logGet(43)) - raft.server.storage.dir = [/tmp/workdir/hadoop-ozone/integration-test/target/test-dir/MiniOzoneClusterImpl-3a2c7849-0d67-4a8c-832f-6796402464c3/datanode-3/data/ratis] (custom)
2019-07-13 14:47:58,013 INFO  storage.RaftStorageDirectory (RaftStorageDirectory.java:analyzeStorage(246)) - The storage directory /tmp/workdir/hadoop-ozone/integration-test/target/test-dir/MiniOzoneClusterImpl-3a2c7849-0d67-4a8c-832f-6796402464c3/datanode-3/data/ratis/2ee042d3-d1d5-499e-a715-fe1927ffe1e4 does not exist. Creating ...
2019-07-13 14:47:58,019 INFO  storage.RaftStorageDirectory (RaftStorageDirectory.java:tryLock(328)) - Lock on /tmp/workdir/hadoop-ozone/integration-test/target/test-dir/MiniOzoneClusterImpl-3a2c7849-0d67-4a8c-832f-6796402464c3/datanode-4/data/ratis/2ee042d3-d1d5-499e-a715-fe1927ffe1e4/in_use.lock acquired by nodename 27998@trunk-nightly-mhs6z-4061744966
2019-07-13 14:47:58,019 INFO  storage.RaftStorageDirectory (RaftStorageDirectory.java:tryLock(328)) - Lock on /tmp/workdir/hadoop-ozone/integration-test/target/test-dir/MiniOzoneClusterImpl-3a2c7849-0d67-4a8c-832f-6796402464c3/datanode-3/data/ratis/2ee042d3-d1d5-499e-a715-fe1927ffe1e4/in_use.lock acquired by nodename 27998@trunk-nightly-mhs6z-4061744966
2019-07-13 14:47:58,019 INFO  storage.RaftStorageDirectory (RaftStorageDirectory.java:tryLock(328)) - Lock on /tmp/workdir/hadoop-ozone/integration-test/target/test-dir/MiniOzoneClusterImpl-3a2c7849-0d67-4a8c-832f-6796402464c3/datanode-5/data/ratis/2ee042d3-d1d5-499e-a715-fe1927ffe1e4/in_use.lock acquired by nodename 27998@trunk-nightly-mhs6z-4061744966
2019-07-13 14:47:58,027 INFO  storage.RaftStorage (RaftStorage.java:format(72)) - Storage directory /tmp/workdir/hadoop-ozone/integration-test/target/test-dir/MiniOzoneClusterImpl-3a2c7849-0d67-4a8c-832f-6796402464c3/datanode-4/data/ratis/2ee042d3-d1d5-499e-a715-fe1927ffe1e4 has been successfully formatted.
2019-07-13 14:47:58,027 INFO  storage.RaftStorage (RaftStorage.java:format(72)) - Storage directory /tmp/workdir/hadoop-ozone/integration-test/target/test-dir/MiniOzoneClusterImpl-3a2c7849-0d67-4a8c-832f-6796402464c3/datanode-3/data/ratis/2ee042d3-d1d5-499e-a715-fe1927ffe1e4 has been successfully formatted.
2019-07-13 14:47:58,027 INFO  storage.RaftStorage (RaftStorage.java:format(72)) - Storage directory /tmp/workdir/hadoop-ozone/integration-test/target/test-dir/MiniOzoneClusterImpl-3a2c7849-0d67-4a8c-832f-6796402464c3/datanode-5/data/ratis/2ee042d3-d1d5-499e-a715-fe1927ffe1e4 has been successfully formatted.
2019-07-13 14:47:58,027 INFO  ratis.ContainerStateMachine (ContainerStateMachine.java:loadSnapshot(200)) - The snapshot info is null.Setting the last applied index to:(t:0, i:~)
2019-07-13 14:47:58,027 INFO  ratis.ContainerStateMachine (ContainerStateMachine.java:loadSnapshot(200)) - The snapshot info is null.Setting the last applied index to:(t:0, i:~)
2019-07-13 14:47:58,028 INFO  ratis.ContainerStateMachine (ContainerStateMachine.java:loadSnapshot(200)) - The snapshot info is null.Setting the last applied index to:(t:0, i:~)
2019-07-13 14:47:58,028 INFO  server.RaftServerConfigKeys (ConfUtils.java:logGet(43)) - raft.server.leader.election.timeout = 120s (custom)
2019-07-13 14:47:58,028 INFO  server.RaftServerConfigKeys (ConfUtils.java:logGet(43)) - raft.server.leader.election.timeout = 120s (custom)
2019-07-13 14:47:58,028 INFO  server.RaftServerConfigKeys (ConfUtils.java:logGet(43)) - raft.server.leader.election.timeout = 120s (custom)
2019-07-13 14:47:58,028 INFO  server.RaftServerConfigKeys (ConfUtils.java:logGet(43)) - raft.server.log.use.memory = false (default)
2019-07-13 14:47:58,028 INFO  server.RaftServerConfigKeys (ConfUtils.java:logGet(43)) - raft.server.log.use.memory = false (default)
2019-07-13 14:47:58,029 INFO  server.RaftServerConfigKeys (ConfUtils.java:logGet(43)) - raft.server.log.purge.gap = 1000000000 (custom)
2019-07-13 14:47:58,029 INFO  server.RaftServerConfigKeys (ConfUtils.java:logGet(43)) - raft.server.log.use.memory = false (default)
2019-07-13 14:47:58,038 INFO  server.RaftServerConfigKeys (ConfUtils.java:logGet(43)) - raft.server.log.appender.buffer.byte-limit = 33554432 (custom)
2019-07-13 14:47:58,038 INFO  server.RaftServerConfigKeys (ConfUtils.java:logGet(43)) - raft.server.log.purge.gap = 1000000000 (custom)
2019-07-13 14:47:58,039 INFO  server.RaftServerConfigKeys (ConfUtils.java:logGet(43)) - raft.server.log.segment.size.max = 1048576 (custom)
2019-07-13 14:47:58,038 INFO  server.RaftServerConfigKeys (ConfUtils.java:logGet(43)) - raft.server.log.purge.gap = 1000000000 (custom)
2019-07-13 14:47:58,039 INFO  server.RaftServerConfigKeys (ConfUtils.java:logGet(43)) - raft.server.log.segment.cache.num.max = 2 (custom)
2019-07-13 14:47:58,039 INFO  server.RaftServerConfigKeys (ConfUtils.java:logGet(43)) - raft.server.log.appender.buffer.byte-limit = 33554432 (custom)
2019-07-13 14:47:58,040 INFO  segmented.SegmentedRaftLogWorker (SegmentedRaftLogWorker.java:<init>(172)) - new 3c4b72a8-1cd9-4e72-91a7-6c8c41c5c280-SegmentedRaftLogWorker:Storage Directory /tmp/workdir/hadoop-ozone/integration-test/target/test-dir/MiniOzoneClusterImpl-3a2c7849-0d67-4a8c-832f-6796402464c3/datanode-5/data/ratis/2ee042d3-d1d5-499e-a715-fe1927ffe1e4 for RaftStorage:Storage Directory /tmp/workdir/hadoop-ozone/integration-test/target/test-dir/MiniOzoneClusterImpl-3a2c7849-0d67-4a8c-832f-6796402464c3/datanode-5/data/ratis/2ee042d3-d1d5-499e-a715-fe1927ffe1e4
2019-07-13 14:47:58,039 INFO  server.RaftServerConfigKeys (ConfUtils.java:logGet(43)) - raft.server.log.appender.buffer.byte-limit = 33554432 (custom)
2019-07-13 14:47:58,040 INFO  server.RaftServerConfigKeys (ConfUtils.java:logGet(43)) - raft.server.log.queue.byte-limit = 2147483647 (custom)
2019-07-13 14:47:58,040 INFO  server.RaftServerConfigKeys (ConfUtils.java:logGet(43)) - raft.server.log.segment.size.max = 1048576 (custom)
2019-07-13 14:47:58,040 INFO  server.RaftServerConfigKeys (ConfUtils.java:logGet(43)) - raft.server.log.queue.element-limit = 1024 (custom)
2019-07-13 14:47:58,040 INFO  server.RaftServerConfigKeys (ConfUtils.java:logGet(43)) - raft.server.log.segment.size.max = 1048576 (custom)
2019-07-13 14:47:58,041 INFO  server.RaftServerConfigKeys (ConfUtils.java:logGet(43)) - raft.server.log.segment.size.max = 1048576 (custom)
2019-07-13 14:47:58,040 INFO  server.RaftServerConfigKeys (ConfUtils.java:logGet(43)) - raft.server.log.segment.cache.num.max = 2 (custom)
2019-07-13 14:47:58,041 INFO  server.RaftServerConfigKeys (ConfUtils.java:logGet(43)) - raft.server.log.preallocated.size = 16384 (custom)
2019-07-13 14:47:58,041 INFO  server.RaftServerConfigKeys (ConfUtils.java:logGet(43)) - raft.server.log.segment.cache.num.max = 2 (custom)
2019-07-13 14:47:58,041 INFO  server.RaftServerConfigKeys (ConfUtils.java:logGet(43)) - raft.server.log.write.buffer.size = 33554432 (custom)
2019-07-13 14:47:58,041 INFO  segmented.SegmentedRaftLogWorker (SegmentedRaftLogWorker.java:<init>(172)) - new 9e3588e9-42b2-4986-b897-b11fb5ccabaa-SegmentedRaftLogWorker:Storage Directory /tmp/workdir/hadoop-ozone/integration-test/target/test-dir/MiniOzoneClusterImpl-3a2c7849-0d67-4a8c-832f-6796402464c3/datanode-3/data/ratis/2ee042d3-d1d5-499e-a715-fe1927ffe1e4 for RaftStorage:Storage Directory /tmp/workdir/hadoop-ozone/integration-test/target/test-dir/MiniOzoneClusterImpl-3a2c7849-0d67-4a8c-832f-6796402464c3/datanode-3/data/ratis/2ee042d3-d1d5-499e-a715-fe1927ffe1e4
2019-07-13 14:47:58,041 INFO  server.RaftServerConfigKeys (ConfUtils.java:logGet(43)) - raft.server.log.force.sync.num = 128 (default)
2019-07-13 14:47:58,041 INFO  segmented.SegmentedRaftLogWorker (SegmentedRaftLogWorker.java:<init>(172)) - new 14ff052f-2e52-4a95-9f65-dc477e636c62-SegmentedRaftLogWorker:Storage Directory /tmp/workdir/hadoop-ozone/integration-test/target/test-dir/MiniOzoneClusterImpl-3a2c7849-0d67-4a8c-832f-6796402464c3/datanode-4/data/ratis/2ee042d3-d1d5-499e-a715-fe1927ffe1e4 for RaftStorage:Storage Directory /tmp/workdir/hadoop-ozone/integration-test/target/test-dir/MiniOzoneClusterImpl-3a2c7849-0d67-4a8c-832f-6796402464c3/datanode-4/data/ratis/2ee042d3-d1d5-499e-a715-fe1927ffe1e4
2019-07-13 14:47:58,042 INFO  server.RaftServerConfigKeys (ConfUtils.java:logGet(43)) - raft.server.log.statemachine.data.sync = true (default)
2019-07-13 14:47:58,042 INFO  server.RaftServerConfigKeys (ConfUtils.java:logGet(43)) - raft.server.log.queue.byte-limit = 2147483647 (custom)
2019-07-13 14:47:58,042 INFO  server.RaftServerConfigKeys (ConfUtils.java:logGet(43)) - raft.server.log.statemachine.data.sync.timeout = 10s (default)
2019-07-13 14:47:58,042 INFO  server.RaftServerConfigKeys (ConfUtils.java:logGet(43)) - raft.server.log.queue.byte-limit = 2147483647 (custom)
2019-07-13 14:47:58,042 INFO  server.RaftServerConfigKeys (ConfUtils.java:logGet(43)) - raft.server.log.statemachine.data.sync.timeout.retry = -1 (default)
2019-07-13 14:47:58,042 INFO  server.RaftServerConfigKeys (ConfUtils.java:logGet(43)) - raft.server.log.queue.element-limit = 1024 (custom)
2019-07-13 14:47:58,043 INFO  server.RaftServerConfigKeys (ConfUtils.java:logGet(43)) - raft.server.log.statemachine.data.caching.enabled = true (custom)
2019-07-13 14:47:58,042 INFO  server.RaftServerConfigKeys (ConfUtils.java:logGet(43)) - raft.server.log.queue.element-limit = 1024 (custom)
2019-07-13 14:47:58,043 INFO  server.RaftServerConfigKeys (ConfUtils.java:logGet(43)) - raft.server.log.segment.size.max = 1048576 (custom)
2019-07-13 14:47:58,043 INFO  segmented.SegmentedRaftLogWorker (SegmentedRaftLogWorker.java:lambda$new$0(132)) - 3c4b72a8-1cd9-4e72-91a7-6c8c41c5c280-SegmentedRaftLogWorker:Storage Directory /tmp/workdir/hadoop-ozone/integration-test/target/test-dir/MiniOzoneClusterImpl-3a2c7849-0d67-4a8c-832f-6796402464c3/datanode-5/data/ratis/2ee042d3-d1d5-499e-a715-fe1927ffe1e4: flushIndex: setUnconditionally 0 -> -1
2019-07-13 14:47:58,043 INFO  server.RaftServerConfigKeys (ConfUtils.java:logGet(43)) - raft.server.log.segment.size.max = 1048576 (custom)
2019-07-13 14:47:58,043 INFO  server.RaftServerConfigKeys (ConfUtils.java:logGet(43)) - raft.server.log.preallocated.size = 16384 (custom)
2019-07-13 14:47:58,044 INFO  server.RaftServerConfigKeys (ConfUtils.java:logGet(43)) - raft.server.snapshot.auto.trigger.enabled = true (custom)
2019-07-13 14:47:58,043 INFO  server.RaftServerConfigKeys (ConfUtils.java:logGet(43)) - raft.server.log.preallocated.size = 16384 (custom)
2019-07-13 14:47:58,044 INFO  server.RaftServerConfigKeys (ConfUtils.java:logGet(43)) - raft.server.snapshot.auto.trigger.threshold = 10000 (custom)
2019-07-13 14:47:58,044 INFO  server.RaftServerConfigKeys (ConfUtils.java:logGet(43)) - raft.server.log.write.buffer.size = 33554432 (custom)
2019-07-13 14:47:58,044 INFO  server.RaftServerConfigKeys (ConfUtils.java:logGet(43)) - raft.server.retrycache.expirytime = 600000ms (custom)
2019-07-13 14:47:58,044 INFO  server.RaftServerConfigKeys (ConfUtils.java:logGet(43)) - raft.server.log.write.buffer.size = 33554432 (custom)
2019-07-13 14:47:58,044 INFO  server.RaftServerConfigKeys (ConfUtils.java:logGet(43)) - raft.server.log.force.sync.num = 128 (default)
2019-07-13 14:47:58,044 INFO  impl.RaftServerImpl (RaftServerImpl.java:start(180)) - 3c4b72a8-1cd9-4e72-91a7-6c8c41c5c280: start group-FE1927FFE1E4
2019-07-13 14:47:58,044 INFO  server.RaftServerConfigKeys (ConfUtils.java:logGet(43)) - raft.server.log.force.sync.num = 128 (default)
2019-07-13 14:47:58,045 INFO  impl.RaftServerImpl (RaftServerImpl.java:setRole(171)) - 3c4b72a8-1cd9-4e72-91a7-6c8c41c5c280:group-FE1927FFE1E4 changes role from null to FOLLOWER at term 0 for startAsFollower
2019-07-13 14:47:58,045 INFO  server.RaftServerConfigKeys (ConfUtils.java:logGet(43)) - raft.server.log.statemachine.data.sync = true (default)
2019-07-13 14:47:58,045 INFO  impl.RoleInfo (RoleInfo.java:updateAndGet(143)) - 3c4b72a8-1cd9-4e72-91a7-6c8c41c5c280: start FollowerState
2019-07-13 14:47:58,045 INFO  server.RaftServerConfigKeys (ConfUtils.java:logGet(43)) - raft.server.log.statemachine.data.sync = true (default)
2019-07-13 14:47:58,045 INFO  server.RaftServerConfigKeys (ConfUtils.java:logGet(43)) - raft.server.log.statemachine.data.sync.timeout = 10s (default)
2019-07-13 14:47:58,046 INFO  util.JmxRegister (JmxRegister.java:tryRegister(44)) - Successfully registered JMX Bean with object name Ratis:service=RaftServer,group=group-FE1927FFE1E4,id=3c4b72a8-1cd9-4e72-91a7-6c8c41c5c280
2019-07-13 14:47:58,045 INFO  server.RaftServerConfigKeys (ConfUtils.java:logGet(43)) - raft.server.log.statemachine.data.sync.timeout = 10s (default)
2019-07-13 14:47:58,046 INFO  server.RaftServerConfigKeys (ConfUtils.java:logGet(43)) - raft.server.log.statemachine.data.sync.timeout.retry = -1 (default)
2019-07-13 14:47:58,046 INFO  server.RaftServerConfigKeys (ConfUtils.java:logGet(43)) - raft.server.log.statemachine.data.sync.timeout.retry = -1 (default)
2019-07-13 14:47:58,046 INFO  server.RaftServerConfigKeys (ConfUtils.java:logGet(43)) - raft.server.log.statemachine.data.caching.enabled = true (custom)
2019-07-13 14:47:58,046 INFO  server.RaftServerConfigKeys (ConfUtils.java:logGet(43)) - raft.server.log.statemachine.data.caching.enabled = true (custom)
2019-07-13 14:47:58,046 INFO  segmented.SegmentedRaftLogWorker (SegmentedRaftLogWorker.java:lambda$new$0(132)) - 9e3588e9-42b2-4986-b897-b11fb5ccabaa-SegmentedRaftLogWorker:Storage Directory /tmp/workdir/hadoop-ozone/integration-test/target/test-dir/MiniOzoneClusterImpl-3a2c7849-0d67-4a8c-832f-6796402464c3/datanode-3/data/ratis/2ee042d3-d1d5-499e-a715-fe1927ffe1e4: flushIndex: setUnconditionally 0 -> -1
2019-07-13 14:47:58,047 INFO  segmented.SegmentedRaftLogWorker (SegmentedRaftLogWorker.java:lambda$new$0(132)) - 14ff052f-2e52-4a95-9f65-dc477e636c62-SegmentedRaftLogWorker:Storage Directory /tmp/workdir/hadoop-ozone/integration-test/target/test-dir/MiniOzoneClusterImpl-3a2c7849-0d67-4a8c-832f-6796402464c3/datanode-4/data/ratis/2ee042d3-d1d5-499e-a715-fe1927ffe1e4: flushIndex: setUnconditionally 0 -> -1
2019-07-13 14:47:58,047 INFO  server.RaftServerConfigKeys (ConfUtils.java:logGet(43)) - raft.server.snapshot.auto.trigger.enabled = true (custom)
2019-07-13 14:47:58,047 INFO  server.RaftServerConfigKeys (ConfUtils.java:logGet(43)) - raft.server.snapshot.auto.trigger.threshold = 10000 (custom)
2019-07-13 14:47:58,047 INFO  server.RaftServerConfigKeys (ConfUtils.java:logGet(43)) - raft.server.snapshot.auto.trigger.enabled = true (custom)
2019-07-13 14:47:58,047 INFO  server.RaftServerConfigKeys (ConfUtils.java:logGet(43)) - raft.server.retrycache.expirytime = 600000ms (custom)
2019-07-13 14:47:58,047 INFO  server.RaftServerConfigKeys (ConfUtils.java:logGet(43)) - raft.server.snapshot.auto.trigger.threshold = 10000 (custom)
2019-07-13 14:47:58,047 INFO  impl.RaftServerImpl (RaftServerImpl.java:start(180)) - 9e3588e9-42b2-4986-b897-b11fb5ccabaa: start group-FE1927FFE1E4
2019-07-13 14:47:58,047 INFO  server.RaftServerConfigKeys (ConfUtils.java:logGet(43)) - raft.server.retrycache.expirytime = 600000ms (custom)
2019-07-13 14:47:58,048 INFO  impl.RaftServerImpl (RaftServerImpl.java:setRole(171)) - 9e3588e9-42b2-4986-b897-b11fb5ccabaa:group-FE1927FFE1E4 changes role from null to FOLLOWER at term 0 for startAsFollower
2019-07-13 14:47:58,048 INFO  impl.RaftServerImpl (RaftServerImpl.java:start(180)) - 14ff052f-2e52-4a95-9f65-dc477e636c62: start group-FE1927FFE1E4
2019-07-13 14:47:58,048 INFO  impl.RoleInfo (RoleInfo.java:updateAndGet(143)) - 9e3588e9-42b2-4986-b897-b11fb5ccabaa: start FollowerState
2019-07-13 14:47:58,048 INFO  impl.RaftServerImpl (RaftServerImpl.java:setRole(171)) - 14ff052f-2e52-4a95-9f65-dc477e636c62:group-FE1927FFE1E4 changes role from null to FOLLOWER at term 0 for startAsFollower
2019-07-13 14:47:58,048 INFO  impl.RoleInfo (RoleInfo.java:updateAndGet(143)) - 14ff052f-2e52-4a95-9f65-dc477e636c62: start FollowerState
2019-07-13 14:47:58,048 INFO  util.JmxRegister (JmxRegister.java:tryRegister(44)) - Successfully registered JMX Bean with object name Ratis:service=RaftServer,group=group-FE1927FFE1E4,id=9e3588e9-42b2-4986-b897-b11fb5ccabaa
2019-07-13 14:47:58,048 INFO  util.JmxRegister (JmxRegister.java:tryRegister(44)) - Successfully registered JMX Bean with object name Ratis:service=RaftServer,group=group-FE1927FFE1E4,id=14ff052f-2e52-4a95-9f65-dc477e636c62
2019-07-13 14:47:58,052 INFO  pipeline.PipelineStateManager (PipelineStateManager.java:addPipeline(56)) - Created pipeline Pipeline[ Id: 2ee042d3-d1d5-499e-a715-fe1927ffe1e4, Nodes: 14ff052f-2e52-4a95-9f65-dc477e636c62{ip: 192.168.5.172, host: trunk-nightly-mhs6z-4061744966, networkLocation: /default-rack, certSerialId: null}9e3588e9-42b2-4986-b897-b11fb5ccabaa{ip: 192.168.5.172, host: trunk-nightly-mhs6z-4061744966, networkLocation: /default-rack, certSerialId: null}3c4b72a8-1cd9-4e72-91a7-6c8c41c5c280{ip: 192.168.5.172, host: trunk-nightly-mhs6z-4061744966, networkLocation: /default-rack, certSerialId: null}, Type:RATIS, Factor:THREE, State:OPEN]
2019-07-13 14:47:58,181 INFO  ozone.MiniOzoneClusterImpl (MiniOzoneClusterImpl.java:lambda$waitForClusterToBeReady$0(142)) - Waiting for cluster to be ready. Got 6 of 7 DN Heartbeats.
2019-07-13 14:47:58,182 INFO  node.SCMNodeManager (SCMNodeManager.java:register(269)) - Registered Data node : bdddaad8-a9c9-4ad2-b59f-2f056eb1cbe3{ip: 192.168.5.172, host: trunk-nightly-mhs6z-4061744966, networkLocation: /default-rack, certSerialId: null}
2019-07-13 14:47:58,203 INFO  impl.RaftServerProxy (RaftServerProxy.java:addNew(89)) - bdddaad8-a9c9-4ad2-b59f-2f056eb1cbe3: addNew group-3770388BD15A:[bdddaad8-a9c9-4ad2-b59f-2f056eb1cbe3:192.168.5.172:44799] returns group-3770388BD15A:java.util.concurrent.CompletableFuture@409b1ef8[Not completed]
2019-07-13 14:47:58,204 INFO  impl.RaftServerImpl (RaftServerImpl.java:<init>(93)) - bdddaad8-a9c9-4ad2-b59f-2f056eb1cbe3: new RaftServerImpl for group-3770388BD15A:[bdddaad8-a9c9-4ad2-b59f-2f056eb1cbe3:192.168.5.172:44799] with ContainerStateMachine:uninitialized
2019-07-13 14:47:58,204 INFO  server.RaftServerConfigKeys (ConfUtils.java:logGet(43)) - raft.server.rpc.timeout.min = 5s (custom)
2019-07-13 14:47:58,204 INFO  server.RaftServerConfigKeys (ConfUtils.java:logGet(43)) - raft.server.rpc.timeout.max = 5200ms (custom)
2019-07-13 14:47:58,204 INFO  server.RaftServerConfigKeys (ConfUtils.java:logGet(43)) - raft.server.rpcslowness.timeout = 120s (custom)
2019-07-13 14:47:58,205 INFO  server.RaftServerConfigKeys (ConfUtils.java:logGet(43)) - raft.server.sleep.deviation.threshold = 300 (default)
2019-07-13 14:47:58,205 INFO  server.RaftServerConfigKeys (ConfUtils.java:logGet(43)) - raft.server.log.appender.install.snapshot.enabled = false (custom)
2019-07-13 14:47:58,205 INFO  impl.RaftServerImpl (ServerState.java:<init>(105)) - bdddaad8-a9c9-4ad2-b59f-2f056eb1cbe3:group-3770388BD15A ConfigurationManager, init=-1: [bdddaad8-a9c9-4ad2-b59f-2f056eb1cbe3:192.168.5.172:44799], old=null, confs=<EMPTY_MAP>
2019-07-13 14:47:58,205 INFO  server.RaftServerConfigKeys (ConfUtils.java:logGet(43)) - raft.server.storage.dir = [/tmp/workdir/hadoop-ozone/integration-test/target/test-dir/MiniOzoneClusterImpl-3a2c7849-0d67-4a8c-832f-6796402464c3/datanode-6/data/ratis] (custom)
2019-07-13 14:47:58,206 INFO  storage.RaftStorageDirectory (RaftStorageDirectory.java:analyzeStorage(246)) - The storage directory /tmp/workdir/hadoop-ozone/integration-test/target/test-dir/MiniOzoneClusterImpl-3a2c7849-0d67-4a8c-832f-6796402464c3/datanode-6/data/ratis/c5f4d818-047a-4788-82ca-3770388bd15a does not exist. Creating ...
2019-07-13 14:47:58,220 INFO  storage.RaftStorageDirectory (RaftStorageDirectory.java:tryLock(328)) - Lock on /tmp/workdir/hadoop-ozone/integration-test/target/test-dir/MiniOzoneClusterImpl-3a2c7849-0d67-4a8c-832f-6796402464c3/datanode-6/data/ratis/c5f4d818-047a-4788-82ca-3770388bd15a/in_use.lock acquired by nodename 27998@trunk-nightly-mhs6z-4061744966
2019-07-13 14:47:58,230 INFO  storage.RaftStorage (RaftStorage.java:format(72)) - Storage directory /tmp/workdir/hadoop-ozone/integration-test/target/test-dir/MiniOzoneClusterImpl-3a2c7849-0d67-4a8c-832f-6796402464c3/datanode-6/data/ratis/c5f4d818-047a-4788-82ca-3770388bd15a has been successfully formatted.
2019-07-13 14:47:58,231 INFO  ratis.ContainerStateMachine (ContainerStateMachine.java:loadSnapshot(200)) - The snapshot info is null.Setting the last applied index to:(t:0, i:~)
2019-07-13 14:47:58,231 INFO  server.RaftServerConfigKeys (ConfUtils.java:logGet(43)) - raft.server.leader.election.timeout = 120s (custom)
2019-07-13 14:47:58,231 INFO  server.RaftServerConfigKeys (ConfUtils.java:logGet(43)) - raft.server.log.use.memory = false (default)
2019-07-13 14:47:58,231 INFO  server.RaftServerConfigKeys (ConfUtils.java:logGet(43)) - raft.server.log.purge.gap = 1000000000 (custom)
2019-07-13 14:47:58,231 INFO  server.RaftServerConfigKeys (ConfUtils.java:logGet(43)) - raft.server.log.appender.buffer.byte-limit = 33554432 (custom)
2019-07-13 14:47:58,232 INFO  server.RaftServerConfigKeys (ConfUtils.java:logGet(43)) - raft.server.log.segment.size.max = 1048576 (custom)
2019-07-13 14:47:58,232 INFO  server.RaftServerConfigKeys (ConfUtils.java:logGet(43)) - raft.server.log.segment.cache.num.max = 2 (custom)
2019-07-13 14:47:58,232 INFO  segmented.SegmentedRaftLogWorker (SegmentedRaftLogWorker.java:<init>(172)) - new bdddaad8-a9c9-4ad2-b59f-2f056eb1cbe3-SegmentedRaftLogWorker:Storage Directory /tmp/workdir/hadoop-ozone/integration-test/target/test-dir/MiniOzoneClusterImpl-3a2c7849-0d67-4a8c-832f-6796402464c3/datanode-6/data/ratis/c5f4d818-047a-4788-82ca-3770388bd15a for RaftStorage:Storage Directory /tmp/workdir/hadoop-ozone/integration-test/target/test-dir/MiniOzoneClusterImpl-3a2c7849-0d67-4a8c-832f-6796402464c3/datanode-6/data/ratis/c5f4d818-047a-4788-82ca-3770388bd15a
2019-07-13 14:47:58,232 INFO  server.RaftServerConfigKeys (ConfUtils.java:logGet(43)) - raft.server.log.queue.byte-limit = 2147483647 (custom)
2019-07-13 14:47:58,232 INFO  server.RaftServerConfigKeys (ConfUtils.java:logGet(43)) - raft.server.log.queue.element-limit = 1024 (custom)
2019-07-13 14:47:58,233 INFO  server.RaftServerConfigKeys (ConfUtils.java:logGet(43)) - raft.server.log.segment.size.max = 1048576 (custom)
2019-07-13 14:47:58,233 INFO  server.RaftServerConfigKeys (ConfUtils.java:logGet(43)) - raft.server.log.preallocated.size = 16384 (custom)
2019-07-13 14:47:58,233 INFO  server.RaftServerConfigKeys (ConfUtils.java:logGet(43)) - raft.server.log.write.buffer.size = 33554432 (custom)
2019-07-13 14:47:58,233 INFO  server.RaftServerConfigKeys (ConfUtils.java:logGet(43)) - raft.server.log.force.sync.num = 128 (default)
2019-07-13 14:47:58,233 INFO  server.RaftServerConfigKeys (ConfUtils.java:logGet(43)) - raft.server.log.statemachine.data.sync = true (default)
2019-07-13 14:47:58,233 INFO  server.RaftServerConfigKeys (ConfUtils.java:logGet(43)) - raft.server.log.statemachine.data.sync.timeout = 10s (default)
2019-07-13 14:47:58,233 INFO  server.RaftServerConfigKeys (ConfUtils.java:logGet(43)) - raft.server.log.statemachine.data.sync.timeout.retry = -1 (default)
2019-07-13 14:47:58,234 INFO  server.RaftServerConfigKeys (ConfUtils.java:logGet(43)) - raft.server.log.statemachine.data.caching.enabled = true (custom)
2019-07-13 14:47:58,234 INFO  segmented.SegmentedRaftLogWorker (SegmentedRaftLogWorker.java:lambda$new$0(132)) - bdddaad8-a9c9-4ad2-b59f-2f056eb1cbe3-SegmentedRaftLogWorker:Storage Directory /tmp/workdir/hadoop-ozone/integration-test/target/test-dir/MiniOzoneClusterImpl-3a2c7849-0d67-4a8c-832f-6796402464c3/datanode-6/data/ratis/c5f4d818-047a-4788-82ca-3770388bd15a: flushIndex: setUnconditionally 0 -> -1
2019-07-13 14:47:58,234 INFO  server.RaftServerConfigKeys (ConfUtils.java:logGet(43)) - raft.server.snapshot.auto.trigger.enabled = true (custom)
2019-07-13 14:47:58,235 INFO  server.RaftServerConfigKeys (ConfUtils.java:logGet(43)) - raft.server.snapshot.auto.trigger.threshold = 10000 (custom)
2019-07-13 14:47:58,235 INFO  server.RaftServerConfigKeys (ConfUtils.java:logGet(43)) - raft.server.retrycache.expirytime = 600000ms (custom)
2019-07-13 14:47:58,235 INFO  impl.RaftServerImpl (RaftServerImpl.java:start(180)) - bdddaad8-a9c9-4ad2-b59f-2f056eb1cbe3: start group-3770388BD15A
2019-07-13 14:47:58,235 INFO  impl.RaftServerImpl (RaftServerImpl.java:setRole(171)) - bdddaad8-a9c9-4ad2-b59f-2f056eb1cbe3:group-3770388BD15A changes role from null to FOLLOWER at term 0 for startAsFollower
2019-07-13 14:47:58,235 INFO  impl.RoleInfo (RoleInfo.java:updateAndGet(143)) - bdddaad8-a9c9-4ad2-b59f-2f056eb1cbe3: start FollowerState
2019-07-13 14:47:58,236 INFO  util.JmxRegister (JmxRegister.java:tryRegister(44)) - Successfully registered JMX Bean with object name Ratis:service=RaftServer,group=group-3770388BD15A,id=bdddaad8-a9c9-4ad2-b59f-2f056eb1cbe3
2019-07-13 14:47:58,238 INFO  pipeline.PipelineStateManager (PipelineStateManager.java:addPipeline(56)) - Created pipeline Pipeline[ Id: c5f4d818-047a-4788-82ca-3770388bd15a, Nodes: bdddaad8-a9c9-4ad2-b59f-2f056eb1cbe3{ip: 192.168.5.172, host: trunk-nightly-mhs6z-4061744966, networkLocation: /default-rack, certSerialId: null}, Type:RATIS, Factor:ONE, State:OPEN]
2019-07-13 14:47:58,435 WARN  server.GrpcLogAppender (LogUtils.java:warn(134)) - d09ac996-a1e3-4fee-879f-5fae352d8083->b3b35bbc-ecb3-4089-a051-cdbc3e98c858: Failed appendEntries: org.apache.ratis.thirdparty.io.grpc.StatusRuntimeException: UNAVAILABLE: io exception
2019-07-13 14:47:58,436 INFO  impl.FollowerInfo (FollowerInfo.java:lambda$new$0(50)) - d09ac996-a1e3-4fee-879f-5fae352d8083->b3b35bbc-ecb3-4089-a051-cdbc3e98c858: nextIndex: updateUnconditionally 0 -> 0
2019-07-13 14:47:58,439 WARN  server.GrpcLogAppender (LogUtils.java:warn(134)) - d09ac996-a1e3-4fee-879f-5fae352d8083->df0f1f66-3432-46de-9fbe-84c0ce15a20c: Failed appendEntries: org.apache.ratis.thirdparty.io.grpc.StatusRuntimeException: UNAVAILABLE: io exception
2019-07-13 14:47:58,439 INFO  impl.FollowerInfo (FollowerInfo.java:lambda$new$0(50)) - d09ac996-a1e3-4fee-879f-5fae352d8083->df0f1f66-3432-46de-9fbe-84c0ce15a20c: nextIndex: updateUnconditionally 0 -> 0
2019-07-13 14:47:59,182 INFO  ozone.MiniOzoneClusterImpl (MiniOzoneClusterImpl.java:lambda$waitForClusterToBeReady$0(142)) - Cluster is ready. Got 7 of 7 DN Heartbeats.
2019-07-13 14:47:59,324 INFO  rpc.RpcClient (RpcClient.java:createVolume(287)) - Creating Volume: watchforcommithandlingtest, with jenkins1000 as owner.
2019-07-13 14:47:59,347 INFO  rpc.RpcClient (RpcClient.java:createBucket(424)) - Creating Bucket: watchforcommithandlingtest/watchforcommithandlingtest, with Versioning false and Storage Type set to DISK and Encryption set to false 
2019-07-13 14:47:59,352 INFO  ozone.MiniOzoneClusterImpl (MiniOzoneClusterImpl.java:getStorageContainerLocationClient(241)) - Creating StorageContainerLocationProtocol RPC client with address /0.0.0.0:38790
2019-07-13 14:47:59,379 INFO  client.GrpcClientProtocolClient (GrpcClientProtocolClient.java:onNext(255)) - client-34332D4903D4->d036574a-11a4-4aab-8f67-192024c8189e: receive RaftClientReply:client-34332D4903D4->d036574a-11a4-4aab-8f67-192024c8189e@group-D6B1007765A0, cid=90, FAILED org.apache.ratis.protocol.NotLeaderException: Server d036574a-11a4-4aab-8f67-192024c8189e is not the leader (null). Request must be sent to leader., logIndex=0, commits[d036574a-11a4-4aab-8f67-192024c8189e:c-1]
2019-07-13 14:47:59,765 INFO  container.ReplicationManager (ReplicationManager.java:start(155)) - Starting Replication Monitor Thread.
2019-07-13 14:47:59,772 INFO  container.ReplicationManager (ReplicationManager.java:run(207)) - Replication Monitor Thread took 0 milliseconds for processing 1 containers.
2019-07-13 14:48:00,410 INFO  client.GrpcClientProtocolClient (GrpcClientProtocolClient.java:onNext(255)) - client-34332D4903D4->4be6fbbb-303f-4603-a02e-9bb3d18d9f0a: receive RaftClientReply:client-34332D4903D4->4be6fbbb-303f-4603-a02e-9bb3d18d9f0a@group-D6B1007765A0, cid=90, FAILED org.apache.ratis.protocol.NotLeaderException: Server 4be6fbbb-303f-4603-a02e-9bb3d18d9f0a is not the leader (null). Request must be sent to leader., logIndex=0, commits[4be6fbbb-303f-4603-a02e-9bb3d18d9f0a:c-1]
2019-07-13 14:48:00,936 WARN  server.GrpcLogAppender (LogUtils.java:warn(134)) - d09ac996-a1e3-4fee-879f-5fae352d8083->b3b35bbc-ecb3-4089-a051-cdbc3e98c858: Failed appendEntries: org.apache.ratis.thirdparty.io.grpc.StatusRuntimeException: UNAVAILABLE: io exception
2019-07-13 14:48:00,937 INFO  impl.FollowerInfo (FollowerInfo.java:lambda$new$0(50)) - d09ac996-a1e3-4fee-879f-5fae352d8083->b3b35bbc-ecb3-4089-a051-cdbc3e98c858: nextIndex: updateUnconditionally 0 -> 0
2019-07-13 14:48:00,939 WARN  server.GrpcLogAppender (LogUtils.java:warn(134)) - d09ac996-a1e3-4fee-879f-5fae352d8083->df0f1f66-3432-46de-9fbe-84c0ce15a20c: Failed appendEntries: org.apache.ratis.thirdparty.io.grpc.StatusRuntimeException: UNAVAILABLE: io exception
2019-07-13 14:48:00,940 INFO  impl.FollowerInfo (FollowerInfo.java:lambda$new$0(50)) - d09ac996-a1e3-4fee-879f-5fae352d8083->df0f1f66-3432-46de-9fbe-84c0ce15a20c: nextIndex: updateUnconditionally 0 -> 0
2019-07-13 14:48:01,436 INFO  client.GrpcClientProtocolClient (GrpcClientProtocolClient.java:onNext(255)) - client-34332D4903D4->d036574a-11a4-4aab-8f67-192024c8189e: receive RaftClientReply:client-34332D4903D4->d036574a-11a4-4aab-8f67-192024c8189e@group-D6B1007765A0, cid=90, FAILED org.apache.ratis.protocol.NotLeaderException: Server d036574a-11a4-4aab-8f67-192024c8189e is not the leader (null). Request must be sent to leader., logIndex=0, commits[d036574a-11a4-4aab-8f67-192024c8189e:c-1]
2019-07-13 14:48:01,826 INFO  impl.FollowerState (FollowerState.java:run(106)) - 9a58c024-f685-44fe-a3a4-9e3a34df864a:group-59EDDE5D6B97 changes to CANDIDATE, lastRpcTime:5033, electionTimeout:5033ms
2019-07-13 14:48:01,826 INFO  impl.RoleInfo (RoleInfo.java:shutdownFollowerState(121)) - 9a58c024-f685-44fe-a3a4-9e3a34df864a: shutdown FollowerState
2019-07-13 14:48:01,826 INFO  impl.RaftServerImpl (RaftServerImpl.java:setRole(171)) - 9a58c024-f685-44fe-a3a4-9e3a34df864a:group-59EDDE5D6B97 changes role from FOLLOWER to CANDIDATE at term 0 for changeToCandidate
2019-07-13 14:48:01,826 INFO  impl.RoleInfo (RoleInfo.java:updateAndGet(143)) - 9a58c024-f685-44fe-a3a4-9e3a34df864a: start LeaderElection
2019-07-13 14:48:01,856 INFO  impl.LeaderElection (LeaderElection.java:askForVotes(181)) - 9a58c024-f685-44fe-a3a4-9e3a34df864a:group-59EDDE5D6B97:LeaderElection47: begin an election at term 1 for -1: [9a58c024-f685-44fe-a3a4-9e3a34df864a:192.168.5.172:41851], old=null
2019-07-13 14:48:01,856 INFO  impl.RoleInfo (RoleInfo.java:shutdownLeaderElection(134)) - 9a58c024-f685-44fe-a3a4-9e3a34df864a: shutdown LeaderElection
2019-07-13 14:48:01,856 INFO  impl.RaftServerImpl (RaftServerImpl.java:setRole(171)) - 9a58c024-f685-44fe-a3a4-9e3a34df864a:group-59EDDE5D6B97 changes role from CANDIDATE to LEADER at term 1 for changeToLeader
2019-07-13 14:48:01,856 INFO  impl.RaftServerImpl (ServerState.java:setLeader(263)) - 9a58c024-f685-44fe-a3a4-9e3a34df864a:group-59EDDE5D6B97 change Leader from null to 9a58c024-f685-44fe-a3a4-9e3a34df864a at term 1 for becomeLeader, leader elected after 5068ms
2019-07-13 14:48:01,856 INFO  server.RaftServerConfigKeys (ConfUtils.java:logGet(43)) - raft.server.staging.catchup.gap = 1000 (default)
2019-07-13 14:48:01,857 INFO  server.RaftServerConfigKeys (ConfUtils.java:logGet(43)) - raft.server.rpc.sleep.time = 25ms (default)
2019-07-13 14:48:01,857 INFO  server.RaftServerConfigKeys (ConfUtils.java:logGet(43)) - raft.server.write.element-limit = 4096 (default)
2019-07-13 14:48:01,857 INFO  server.RaftServerConfigKeys (ConfUtils.java:logGet(43)) - raft.server.watch.timeout = 10s (default)
2019-07-13 14:48:01,857 INFO  server.RaftServerConfigKeys (ConfUtils.java:logGet(43)) - raft.server.watch.timeout.denomination = 1s (default)
2019-07-13 14:48:01,857 INFO  server.RaftServerConfigKeys (ConfUtils.java:logGet(43)) - raft.server.watch.element-limit = 65536 (default)
2019-07-13 14:48:01,857 INFO  impl.RoleInfo (RoleInfo.java:updateAndGet(143)) - 9a58c024-f685-44fe-a3a4-9e3a34df864a: start LeaderState
2019-07-13 14:48:01,858 INFO  segmented.SegmentedRaftLogWorker (SegmentedRaftLogWorker.java:startLogSegment(380)) - 9a58c024-f685-44fe-a3a4-9e3a34df864a-SegmentedRaftLogWorker:Storage Directory /tmp/workdir/hadoop-ozone/integration-test/target/test-dir/MiniOzoneClusterImpl-3a2c7849-0d67-4a8c-832f-6796402464c3/datanode-0/data/ratis/75300df2-060e-40c5-a8c0-59edde5d6b97: Starting segment from index:0
2019-07-13 14:48:01,858 INFO  impl.RaftServerImpl (ServerState.java:setRaftConf(361)) - 9a58c024-f685-44fe-a3a4-9e3a34df864a:group-59EDDE5D6B97 set configuration 0: [9a58c024-f685-44fe-a3a4-9e3a34df864a:192.168.5.172:41851], old=null at 0
2019-07-13 14:48:01,874 INFO  segmented.SegmentedRaftLogWorker (SegmentedRaftLogWorker.java:execute(569)) - 9a58c024-f685-44fe-a3a4-9e3a34df864a-SegmentedRaftLogWorker:Storage Directory /tmp/workdir/hadoop-ozone/integration-test/target/test-dir/MiniOzoneClusterImpl-3a2c7849-0d67-4a8c-832f-6796402464c3/datanode-0/data/ratis/75300df2-060e-40c5-a8c0-59edde5d6b97: created new log segment /tmp/workdir/hadoop-ozone/integration-test/target/test-dir/MiniOzoneClusterImpl-3a2c7849-0d67-4a8c-832f-6796402464c3/datanode-0/data/ratis/75300df2-060e-40c5-a8c0-59edde5d6b97/current/log_inprogress_0
2019-07-13 14:48:02,250 INFO  impl.FollowerState (FollowerState.java:run(106)) - 4be6fbbb-303f-4603-a02e-9bb3d18d9f0a:group-EB9BF62D6BA4 changes to CANDIDATE, lastRpcTime:5090, electionTimeout:5090ms
2019-07-13 14:48:02,251 INFO  impl.RoleInfo (RoleInfo.java:shutdownFollowerState(121)) - 4be6fbbb-303f-4603-a02e-9bb3d18d9f0a: shutdown FollowerState
2019-07-13 14:48:02,251 INFO  impl.RaftServerImpl (RaftServerImpl.java:setRole(171)) - 4be6fbbb-303f-4603-a02e-9bb3d18d9f0a:group-EB9BF62D6BA4 changes role from FOLLOWER to CANDIDATE at term 0 for changeToCandidate
2019-07-13 14:48:02,251 INFO  impl.RoleInfo (RoleInfo.java:updateAndGet(143)) - 4be6fbbb-303f-4603-a02e-9bb3d18d9f0a: start LeaderElection
2019-07-13 14:48:02,275 INFO  impl.LeaderElection (LeaderElection.java:askForVotes(181)) - 4be6fbbb-303f-4603-a02e-9bb3d18d9f0a:group-EB9BF62D6BA4:LeaderElection48: begin an election at term 1 for -1: [4be6fbbb-303f-4603-a02e-9bb3d18d9f0a:192.168.5.172:38272], old=null
2019-07-13 14:48:02,276 INFO  impl.RoleInfo (RoleInfo.java:shutdownLeaderElection(134)) - 4be6fbbb-303f-4603-a02e-9bb3d18d9f0a: shutdown LeaderElection
2019-07-13 14:48:02,276 INFO  impl.RaftServerImpl (RaftServerImpl.java:setRole(171)) - 4be6fbbb-303f-4603-a02e-9bb3d18d9f0a:group-EB9BF62D6BA4 changes role from CANDIDATE to LEADER at term 1 for changeToLeader
2019-07-13 14:48:02,276 INFO  impl.RaftServerImpl (ServerState.java:setLeader(263)) - 4be6fbbb-303f-4603-a02e-9bb3d18d9f0a:group-EB9BF62D6BA4 change Leader from null to 4be6fbbb-303f-4603-a02e-9bb3d18d9f0a at term 1 for becomeLeader, leader elected after 5120ms
2019-07-13 14:48:02,276 INFO  server.RaftServerConfigKeys (ConfUtils.java:logGet(43)) - raft.server.staging.catchup.gap = 1000 (default)
2019-07-13 14:48:02,276 INFO  server.RaftServerConfigKeys (ConfUtils.java:logGet(43)) - raft.server.rpc.sleep.time = 25ms (default)
2019-07-13 14:48:02,276 INFO  server.RaftServerConfigKeys (ConfUtils.java:logGet(43)) - raft.server.write.element-limit = 4096 (default)
2019-07-13 14:48:02,277 INFO  server.RaftServerConfigKeys (ConfUtils.java:logGet(43)) - raft.server.watch.timeout = 10s (default)
2019-07-13 14:48:02,277 INFO  server.RaftServerConfigKeys (ConfUtils.java:logGet(43)) - raft.server.watch.timeout.denomination = 1s (default)
2019-07-13 14:48:02,277 INFO  server.RaftServerConfigKeys (ConfUtils.java:logGet(43)) - raft.server.watch.element-limit = 65536 (default)
2019-07-13 14:48:02,277 INFO  impl.RoleInfo (RoleInfo.java:updateAndGet(143)) - 4be6fbbb-303f-4603-a02e-9bb3d18d9f0a: start LeaderState
2019-07-13 14:48:02,277 INFO  segmented.SegmentedRaftLogWorker (SegmentedRaftLogWorker.java:startLogSegment(380)) - 4be6fbbb-303f-4603-a02e-9bb3d18d9f0a-SegmentedRaftLogWorker:Storage Directory /tmp/workdir/hadoop-ozone/integration-test/target/test-dir/MiniOzoneClusterImpl-3a2c7849-0d67-4a8c-832f-6796402464c3/datanode-1/data/ratis/20802fbb-0662-4115-bae8-eb9bf62d6ba4: Starting segment from index:0
2019-07-13 14:48:02,278 INFO  impl.RaftServerImpl (ServerState.java:setRaftConf(361)) - 4be6fbbb-303f-4603-a02e-9bb3d18d9f0a:group-EB9BF62D6BA4 set configuration 0: [4be6fbbb-303f-4603-a02e-9bb3d18d9f0a:192.168.5.172:38272], old=null at 0
2019-07-13 14:48:02,296 INFO  segmented.SegmentedRaftLogWorker (SegmentedRaftLogWorker.java:execute(569)) - 4be6fbbb-303f-4603-a02e-9bb3d18d9f0a-SegmentedRaftLogWorker:Storage Directory /tmp/workdir/hadoop-ozone/integration-test/target/test-dir/MiniOzoneClusterImpl-3a2c7849-0d67-4a8c-832f-6796402464c3/datanode-1/data/ratis/20802fbb-0662-4115-bae8-eb9bf62d6ba4: created new log segment /tmp/workdir/hadoop-ozone/integration-test/target/test-dir/MiniOzoneClusterImpl-3a2c7849-0d67-4a8c-832f-6796402464c3/datanode-1/data/ratis/20802fbb-0662-4115-bae8-eb9bf62d6ba4/current/log_inprogress_0
2019-07-13 14:48:02,463 INFO  impl.FollowerState (FollowerState.java:run(106)) - d036574a-11a4-4aab-8f67-192024c8189e:group-D6B1007765A0 changes to CANDIDATE, lastRpcTime:5005, electionTimeout:5004ms
2019-07-13 14:48:02,463 INFO  impl.RoleInfo (RoleInfo.java:shutdownFollowerState(121)) - d036574a-11a4-4aab-8f67-192024c8189e: shutdown FollowerState
2019-07-13 14:48:02,463 INFO  impl.RaftServerImpl (RaftServerImpl.java:setRole(171)) - d036574a-11a4-4aab-8f67-192024c8189e:group-D6B1007765A0 changes role from FOLLOWER to CANDIDATE at term 0 for changeToCandidate
2019-07-13 14:48:02,463 INFO  impl.RoleInfo (RoleInfo.java:updateAndGet(143)) - d036574a-11a4-4aab-8f67-192024c8189e: start LeaderElection
2019-07-13 14:48:02,476 INFO  client.GrpcClientProtocolClient (GrpcClientProtocolClient.java:onNext(255)) - client-34332D4903D4->4be6fbbb-303f-4603-a02e-9bb3d18d9f0a: receive RaftClientReply:client-34332D4903D4->4be6fbbb-303f-4603-a02e-9bb3d18d9f0a@group-D6B1007765A0, cid=90, FAILED org.apache.ratis.protocol.NotLeaderException: Server 4be6fbbb-303f-4603-a02e-9bb3d18d9f0a is not the leader (null). Request must be sent to leader., logIndex=0, commits[4be6fbbb-303f-4603-a02e-9bb3d18d9f0a:c-1]
2019-07-13 14:48:02,497 INFO  impl.LeaderElection (LeaderElection.java:askForVotes(181)) - d036574a-11a4-4aab-8f67-192024c8189e:group-D6B1007765A0:LeaderElection49: begin an election at term 1 for -1: [4be6fbbb-303f-4603-a02e-9bb3d18d9f0a:192.168.5.172:38272, 9a58c024-f685-44fe-a3a4-9e3a34df864a:192.168.5.172:41851, d036574a-11a4-4aab-8f67-192024c8189e:192.168.5.172:32794], old=null
2019-07-13 14:48:02,501 INFO  impl.RaftServerImpl (RaftServerImpl.java:setRole(171)) - 4be6fbbb-303f-4603-a02e-9bb3d18d9f0a:group-D6B1007765A0 changes role from FOLLOWER to FOLLOWER at term 1 for recognizeCandidate:d036574a-11a4-4aab-8f67-192024c8189e
2019-07-13 14:48:02,501 INFO  impl.RoleInfo (RoleInfo.java:shutdownFollowerState(121)) - 4be6fbbb-303f-4603-a02e-9bb3d18d9f0a: shutdown FollowerState
2019-07-13 14:48:02,506 INFO  impl.RaftServerImpl (RaftServerImpl.java:setRole(171)) - 9a58c024-f685-44fe-a3a4-9e3a34df864a:group-D6B1007765A0 changes role from FOLLOWER to FOLLOWER at term 1 for recognizeCandidate:d036574a-11a4-4aab-8f67-192024c8189e
2019-07-13 14:48:02,507 INFO  impl.FollowerState (FollowerState.java:run(114)) - 4be6fbbb-303f-4603-a02e-9bb3d18d9f0a: FollowerState was interrupted: java.lang.InterruptedException: sleep interrupted
2019-07-13 14:48:02,507 INFO  impl.RoleInfo (RoleInfo.java:shutdownFollowerState(121)) - 9a58c024-f685-44fe-a3a4-9e3a34df864a: shutdown FollowerState
2019-07-13 14:48:02,507 INFO  impl.RoleInfo (RoleInfo.java:updateAndGet(143)) - 4be6fbbb-303f-4603-a02e-9bb3d18d9f0a: start FollowerState
2019-07-13 14:48:02,512 INFO  impl.FollowerState (FollowerState.java:run(114)) - 9a58c024-f685-44fe-a3a4-9e3a34df864a: FollowerState was interrupted: java.lang.InterruptedException: sleep interrupted
2019-07-13 14:48:02,512 INFO  impl.RoleInfo (RoleInfo.java:updateAndGet(143)) - 9a58c024-f685-44fe-a3a4-9e3a34df864a: start FollowerState
2019-07-13 14:48:02,522 INFO  impl.FollowerState (FollowerState.java:run(106)) - d036574a-11a4-4aab-8f67-192024c8189e:group-829414074F17 changes to CANDIDATE, lastRpcTime:5127, electionTimeout:5127ms
2019-07-13 14:48:02,522 INFO  impl.RoleInfo (RoleInfo.java:shutdownFollowerState(121)) - d036574a-11a4-4aab-8f67-192024c8189e: shutdown FollowerState
2019-07-13 14:48:02,522 INFO  impl.RaftServerImpl (RaftServerImpl.java:setRole(171)) - d036574a-11a4-4aab-8f67-192024c8189e:group-829414074F17 changes role from FOLLOWER to CANDIDATE at term 0 for changeToCandidate
2019-07-13 14:48:02,522 INFO  impl.RoleInfo (RoleInfo.java:updateAndGet(143)) - d036574a-11a4-4aab-8f67-192024c8189e: start LeaderElection
2019-07-13 14:48:02,539 INFO  impl.LeaderElection (LeaderElection.java:logAndReturn(56)) - d036574a-11a4-4aab-8f67-192024c8189e:group-D6B1007765A0:LeaderElection49: Election PASSED; received 1 response(s) [d036574a-11a4-4aab-8f67-192024c8189e<-4be6fbbb-303f-4603-a02e-9bb3d18d9f0a#0:OK-t1] and 0 exception(s); d036574a-11a4-4aab-8f67-192024c8189e:t1, leader=null, voted=d036574a-11a4-4aab-8f67-192024c8189e, raftlog=d036574a-11a4-4aab-8f67-192024c8189e-SegmentedRaftLog:OPENED:c-1,f-1,i0, conf=-1: [4be6fbbb-303f-4603-a02e-9bb3d18d9f0a:192.168.5.172:38272, 9a58c024-f685-44fe-a3a4-9e3a34df864a:192.168.5.172:41851, d036574a-11a4-4aab-8f67-192024c8189e:192.168.5.172:32794], old=null
2019-07-13 14:48:02,539 INFO  impl.RoleInfo (RoleInfo.java:shutdownLeaderElection(134)) - d036574a-11a4-4aab-8f67-192024c8189e: shutdown LeaderElection
2019-07-13 14:48:02,539 INFO  impl.RaftServerImpl (RaftServerImpl.java:setRole(171)) - d036574a-11a4-4aab-8f67-192024c8189e:group-D6B1007765A0 changes role from CANDIDATE to LEADER at term 1 for changeToLeader
2019-07-13 14:48:02,539 INFO  impl.RaftServerImpl (ServerState.java:setLeader(263)) - d036574a-11a4-4aab-8f67-192024c8189e:group-D6B1007765A0 change Leader from null to d036574a-11a4-4aab-8f67-192024c8189e at term 1 for becomeLeader, leader elected after 5089ms
2019-07-13 14:48:02,539 INFO  server.RaftServerConfigKeys (ConfUtils.java:logGet(43)) - raft.server.staging.catchup.gap = 1000 (default)
2019-07-13 14:48:02,539 INFO  server.RaftServerConfigKeys (ConfUtils.java:logGet(43)) - raft.server.rpc.sleep.time = 25ms (default)
2019-07-13 14:48:02,539 INFO  server.RaftServerConfigKeys (ConfUtils.java:logGet(43)) - raft.server.write.element-limit = 4096 (default)
2019-07-13 14:48:02,540 INFO  server.RaftServerConfigKeys (ConfUtils.java:logGet(43)) - raft.server.watch.timeout = 10s (default)
2019-07-13 14:48:02,540 INFO  server.RaftServerConfigKeys (ConfUtils.java:logGet(43)) - raft.server.watch.timeout.denomination = 1s (default)
2019-07-13 14:48:02,540 INFO  server.RaftServerConfigKeys (ConfUtils.java:logGet(43)) - raft.server.watch.element-limit = 65536 (default)
2019-07-13 14:48:02,540 INFO  server.RaftServerConfigKeys (ConfUtils.java:logGet(43)) - raft.server.log.appender.snapshot.chunk.size.max = 16MB (=16777216) (default)
2019-07-13 14:48:02,540 INFO  server.RaftServerConfigKeys (ConfUtils.java:logGet(43)) - raft.server.log.appender.buffer.byte-limit = 33554432 (custom)
2019-07-13 14:48:02,540 INFO  server.RaftServerConfigKeys (ConfUtils.java:logGet(43)) - raft.server.log.appender.buffer.element-limit = 1 (custom)
2019-07-13 14:48:02,541 INFO  grpc.GrpcConfigKeys$Server (ConfUtils.java:logGet(43)) - raft.grpc.server.leader.outstanding.appends.max = 128 (default)
2019-07-13 14:48:02,541 INFO  server.RaftServerConfigKeys (ConfUtils.java:logGet(43)) - raft.server.rpc.request.timeout = 3000ms (default)
2019-07-13 14:48:02,541 INFO  server.RaftServerConfigKeys (ConfUtils.java:logGet(43)) - raft.server.log.appender.install.snapshot.enabled = false (custom)
2019-07-13 14:48:02,541 INFO  server.RaftServerConfigKeys (ConfUtils.java:logGet(43)) - raft.server.log.appender.snapshot.chunk.size.max = 16MB (=16777216) (default)
2019-07-13 14:48:02,541 INFO  server.RaftServerConfigKeys (ConfUtils.java:logGet(43)) - raft.server.log.appender.buffer.byte-limit = 33554432 (custom)
2019-07-13 14:48:02,541 INFO  server.RaftServerConfigKeys (ConfUtils.java:logGet(43)) - raft.server.log.appender.buffer.element-limit = 1 (custom)
2019-07-13 14:48:02,541 INFO  impl.LeaderElection (LeaderElection.java:askForVotes(181)) - d036574a-11a4-4aab-8f67-192024c8189e:group-829414074F17:LeaderElection50: begin an election at term 1 for -1: [d036574a-11a4-4aab-8f67-192024c8189e:192.168.5.172:32794], old=null
2019-07-13 14:48:02,542 INFO  grpc.GrpcConfigKeys$Server (ConfUtils.java:logGet(43)) - raft.grpc.server.leader.outstanding.appends.max = 128 (default)
2019-07-13 14:48:02,542 INFO  impl.RoleInfo (RoleInfo.java:shutdownLeaderElection(134)) - d036574a-11a4-4aab-8f67-192024c8189e: shutdown LeaderElection
2019-07-13 14:48:02,542 INFO  server.RaftServerConfigKeys (ConfUtils.java:logGet(43)) - raft.server.rpc.request.timeout = 3000ms (default)
2019-07-13 14:48:02,542 INFO  impl.RaftServerImpl (RaftServerImpl.java:setRole(171)) - d036574a-11a4-4aab-8f67-192024c8189e:group-829414074F17 changes role from CANDIDATE to LEADER at term 1 for changeToLeader
2019-07-13 14:48:02,542 INFO  server.RaftServerConfigKeys (ConfUtils.java:logGet(43)) - raft.server.log.appender.install.snapshot.enabled = false (custom)
2019-07-13 14:48:02,542 INFO  impl.RaftServerImpl (ServerState.java:setLeader(263)) - d036574a-11a4-4aab-8f67-192024c8189e:group-829414074F17 change Leader from null to d036574a-11a4-4aab-8f67-192024c8189e at term 1 for becomeLeader, leader elected after 5152ms
2019-07-13 14:48:02,542 INFO  impl.RoleInfo (RoleInfo.java:updateAndGet(143)) - d036574a-11a4-4aab-8f67-192024c8189e: start LeaderState
2019-07-13 14:48:02,543 INFO  server.RaftServerConfigKeys (ConfUtils.java:logGet(43)) - raft.server.staging.catchup.gap = 1000 (default)
2019-07-13 14:48:02,543 INFO  segmented.SegmentedRaftLogWorker (SegmentedRaftLogWorker.java:startLogSegment(380)) - d036574a-11a4-4aab-8f67-192024c8189e-SegmentedRaftLogWorker:Storage Directory /tmp/workdir/hadoop-ozone/integration-test/target/test-dir/MiniOzoneClusterImpl-3a2c7849-0d67-4a8c-832f-6796402464c3/datanode-2/data/ratis/65943d95-acc3-48a3-9c1b-d6b1007765a0: Starting segment from index:0
2019-07-13 14:48:02,543 INFO  server.RaftServerConfigKeys (ConfUtils.java:logGet(43)) - raft.server.rpc.sleep.time = 25ms (default)
2019-07-13 14:48:02,543 INFO  server.RaftServerConfigKeys (ConfUtils.java:logGet(43)) - raft.server.write.element-limit = 4096 (default)
2019-07-13 14:48:02,543 INFO  server.RaftServerConfigKeys (ConfUtils.java:logGet(43)) - raft.server.watch.timeout = 10s (default)
2019-07-13 14:48:02,543 INFO  server.RaftServerConfigKeys (ConfUtils.java:logGet(43)) - raft.server.watch.timeout.denomination = 1s (default)
2019-07-13 14:48:02,543 INFO  impl.RaftServerImpl (ServerState.java:setRaftConf(361)) - d036574a-11a4-4aab-8f67-192024c8189e:group-D6B1007765A0 set configuration 0: [4be6fbbb-303f-4603-a02e-9bb3d18d9f0a:192.168.5.172:38272, 9a58c024-f685-44fe-a3a4-9e3a34df864a:192.168.5.172:41851, d036574a-11a4-4aab-8f67-192024c8189e:192.168.5.172:32794], old=null at 0
2019-07-13 14:48:02,544 INFO  server.RaftServerConfigKeys (ConfUtils.java:logGet(43)) - raft.server.watch.element-limit = 65536 (default)
2019-07-13 14:48:02,544 INFO  impl.RoleInfo (RoleInfo.java:updateAndGet(143)) - d036574a-11a4-4aab-8f67-192024c8189e: start LeaderState
2019-07-13 14:48:02,544 INFO  segmented.SegmentedRaftLogWorker (SegmentedRaftLogWorker.java:startLogSegment(380)) - d036574a-11a4-4aab-8f67-192024c8189e-SegmentedRaftLogWorker:Storage Directory /tmp/workdir/hadoop-ozone/integration-test/target/test-dir/MiniOzoneClusterImpl-3a2c7849-0d67-4a8c-832f-6796402464c3/datanode-2/data/ratis/4f29e955-07ec-4837-ad34-829414074f17: Starting segment from index:0
2019-07-13 14:48:02,563 INFO  impl.RaftServerImpl (ServerState.java:setLeader(263)) - 4be6fbbb-303f-4603-a02e-9bb3d18d9f0a:group-D6B1007765A0 change Leader from null to d036574a-11a4-4aab-8f67-192024c8189e at term 1 for appendEntries, leader elected after 5114ms
2019-07-13 14:48:02,564 INFO  impl.RaftServerImpl (ServerState.java:setRaftConf(361)) - d036574a-11a4-4aab-8f67-192024c8189e:group-829414074F17 set configuration 0: [d036574a-11a4-4aab-8f67-192024c8189e:192.168.5.172:32794], old=null at 0
2019-07-13 14:48:02,583 INFO  impl.RaftServerImpl (ServerState.java:setLeader(263)) - 9a58c024-f685-44fe-a3a4-9e3a34df864a:group-D6B1007765A0 change Leader from null to d036574a-11a4-4aab-8f67-192024c8189e at term 1 for appendEntries, leader elected after 5134ms
2019-07-13 14:48:02,584 INFO  segmented.SegmentedRaftLogWorker (SegmentedRaftLogWorker.java:execute(569)) - d036574a-11a4-4aab-8f67-192024c8189e-SegmentedRaftLogWorker:Storage Directory /tmp/workdir/hadoop-ozone/integration-test/target/test-dir/MiniOzoneClusterImpl-3a2c7849-0d67-4a8c-832f-6796402464c3/datanode-2/data/ratis/65943d95-acc3-48a3-9c1b-d6b1007765a0: created new log segment /tmp/workdir/hadoop-ozone/integration-test/target/test-dir/MiniOzoneClusterImpl-3a2c7849-0d67-4a8c-832f-6796402464c3/datanode-2/data/ratis/65943d95-acc3-48a3-9c1b-d6b1007765a0/current/log_inprogress_0
2019-07-13 14:48:02,586 INFO  impl.RaftServerImpl (ServerState.java:setRaftConf(361)) - 9a58c024-f685-44fe-a3a4-9e3a34df864a:group-D6B1007765A0 set configuration 0: [4be6fbbb-303f-4603-a02e-9bb3d18d9f0a:192.168.5.172:38272, 9a58c024-f685-44fe-a3a4-9e3a34df864a:192.168.5.172:41851, d036574a-11a4-4aab-8f67-192024c8189e:192.168.5.172:32794], old=null at 0
2019-07-13 14:48:02,586 INFO  impl.RaftServerImpl (ServerState.java:setRaftConf(361)) - 4be6fbbb-303f-4603-a02e-9bb3d18d9f0a:group-D6B1007765A0 set configuration 0: [4be6fbbb-303f-4603-a02e-9bb3d18d9f0a:192.168.5.172:38272, 9a58c024-f685-44fe-a3a4-9e3a34df864a:192.168.5.172:41851, d036574a-11a4-4aab-8f67-192024c8189e:192.168.5.172:32794], old=null at 0
2019-07-13 14:48:02,586 INFO  segmented.SegmentedRaftLogWorker (SegmentedRaftLogWorker.java:startLogSegment(380)) - 9a58c024-f685-44fe-a3a4-9e3a34df864a-SegmentedRaftLogWorker:Storage Directory /tmp/workdir/hadoop-ozone/integration-test/target/test-dir/MiniOzoneClusterImpl-3a2c7849-0d67-4a8c-832f-6796402464c3/datanode-0/data/ratis/65943d95-acc3-48a3-9c1b-d6b1007765a0: Starting segment from index:0
2019-07-13 14:48:02,586 INFO  segmented.SegmentedRaftLogWorker (SegmentedRaftLogWorker.java:startLogSegment(380)) - 4be6fbbb-303f-4603-a02e-9bb3d18d9f0a-SegmentedRaftLogWorker:Storage Directory /tmp/workdir/hadoop-ozone/integration-test/target/test-dir/MiniOzoneClusterImpl-3a2c7849-0d67-4a8c-832f-6796402464c3/datanode-1/data/ratis/65943d95-acc3-48a3-9c1b-d6b1007765a0: Starting segment from index:0
2019-07-13 14:48:02,587 INFO  segmented.SegmentedRaftLogWorker (SegmentedRaftLogWorker.java:execute(569)) - d036574a-11a4-4aab-8f67-192024c8189e-SegmentedRaftLogWorker:Storage Directory /tmp/workdir/hadoop-ozone/integration-test/target/test-dir/MiniOzoneClusterImpl-3a2c7849-0d67-4a8c-832f-6796402464c3/datanode-2/data/ratis/4f29e955-07ec-4837-ad34-829414074f17: created new log segment /tmp/workdir/hadoop-ozone/integration-test/target/test-dir/MiniOzoneClusterImpl-3a2c7849-0d67-4a8c-832f-6796402464c3/datanode-2/data/ratis/4f29e955-07ec-4837-ad34-829414074f17/current/log_inprogress_0
2019-07-13 14:48:02,603 INFO  segmented.SegmentedRaftLogWorker (SegmentedRaftLogWorker.java:execute(569)) - 4be6fbbb-303f-4603-a02e-9bb3d18d9f0a-SegmentedRaftLogWorker:Storage Directory /tmp/workdir/hadoop-ozone/integration-test/target/test-dir/MiniOzoneClusterImpl-3a2c7849-0d67-4a8c-832f-6796402464c3/datanode-1/data/ratis/65943d95-acc3-48a3-9c1b-d6b1007765a0: created new log segment /tmp/workdir/hadoop-ozone/integration-test/target/test-dir/MiniOzoneClusterImpl-3a2c7849-0d67-4a8c-832f-6796402464c3/datanode-1/data/ratis/65943d95-acc3-48a3-9c1b-d6b1007765a0/current/log_inprogress_0
2019-07-13 14:48:02,606 INFO  segmented.SegmentedRaftLogWorker (SegmentedRaftLogWorker.java:execute(569)) - 9a58c024-f685-44fe-a3a4-9e3a34df864a-SegmentedRaftLogWorker:Storage Directory /tmp/workdir/hadoop-ozone/integration-test/target/test-dir/MiniOzoneClusterImpl-3a2c7849-0d67-4a8c-832f-6796402464c3/datanode-0/data/ratis/65943d95-acc3-48a3-9c1b-d6b1007765a0: created new log segment /tmp/workdir/hadoop-ozone/integration-test/target/test-dir/MiniOzoneClusterImpl-3a2c7849-0d67-4a8c-832f-6796402464c3/datanode-0/data/ratis/65943d95-acc3-48a3-9c1b-d6b1007765a0/current/log_inprogress_0
2019-07-13 14:48:02,672 INFO  impl.FollowerState (FollowerState.java:run(106)) - 9e3588e9-42b2-4986-b897-b11fb5ccabaa:group-801B691C8BA9 changes to CANDIDATE, lastRpcTime:5098, electionTimeout:5098ms
2019-07-13 14:48:02,672 INFO  impl.RoleInfo (RoleInfo.java:shutdownFollowerState(121)) - 9e3588e9-42b2-4986-b897-b11fb5ccabaa: shutdown FollowerState
2019-07-13 14:48:02,673 INFO  impl.RaftServerImpl (RaftServerImpl.java:setRole(171)) - 9e3588e9-42b2-4986-b897-b11fb5ccabaa:group-801B691C8BA9 changes role from FOLLOWER to CANDIDATE at term 0 for changeToCandidate
2019-07-13 14:48:02,673 INFO  impl.RoleInfo (RoleInfo.java:updateAndGet(143)) - 9e3588e9-42b2-4986-b897-b11fb5ccabaa: start LeaderElection
2019-07-13 14:48:02,701 INFO  impl.LeaderElection (LeaderElection.java:askForVotes(181)) - 9e3588e9-42b2-4986-b897-b11fb5ccabaa:group-801B691C8BA9:LeaderElection51: begin an election at term 1 for -1: [9e3588e9-42b2-4986-b897-b11fb5ccabaa:192.168.5.172:46688], old=null
2019-07-13 14:48:02,702 INFO  impl.RoleInfo (RoleInfo.java:shutdownLeaderElection(134)) - 9e3588e9-42b2-4986-b897-b11fb5ccabaa: shutdown LeaderElection
2019-07-13 14:48:02,702 INFO  impl.RaftServerImpl (RaftServerImpl.java:setRole(171)) - 9e3588e9-42b2-4986-b897-b11fb5ccabaa:group-801B691C8BA9 changes role from CANDIDATE to LEADER at term 1 for changeToLeader
2019-07-13 14:48:02,702 INFO  impl.RaftServerImpl (ServerState.java:setLeader(263)) - 9e3588e9-42b2-4986-b897-b11fb5ccabaa:group-801B691C8BA9 change Leader from null to 9e3588e9-42b2-4986-b897-b11fb5ccabaa at term 1 for becomeLeader, leader elected after 5132ms
2019-07-13 14:48:02,702 INFO  server.RaftServerConfigKeys (ConfUtils.java:logGet(43)) - raft.server.staging.catchup.gap = 1000 (default)
2019-07-13 14:48:02,702 INFO  server.RaftServerConfigKeys (ConfUtils.java:logGet(43)) - raft.server.rpc.sleep.time = 25ms (default)
2019-07-13 14:48:02,702 INFO  server.RaftServerConfigKeys (ConfUtils.java:logGet(43)) - raft.server.write.element-limit = 4096 (default)
2019-07-13 14:48:02,703 INFO  server.RaftServerConfigKeys (ConfUtils.java:logGet(43)) - raft.server.watch.timeout = 10s (default)
2019-07-13 14:48:02,703 INFO  server.RaftServerConfigKeys (ConfUtils.java:logGet(43)) - raft.server.watch.timeout.denomination = 1s (default)
2019-07-13 14:48:02,703 INFO  server.RaftServerConfigKeys (ConfUtils.java:logGet(43)) - raft.server.watch.element-limit = 65536 (default)
2019-07-13 14:48:02,703 INFO  impl.RoleInfo (RoleInfo.java:updateAndGet(143)) - 9e3588e9-42b2-4986-b897-b11fb5ccabaa: start LeaderState
2019-07-13 14:48:02,703 INFO  segmented.SegmentedRaftLogWorker (SegmentedRaftLogWorker.java:startLogSegment(380)) - 9e3588e9-42b2-4986-b897-b11fb5ccabaa-SegmentedRaftLogWorker:Storage Directory /tmp/workdir/hadoop-ozone/integration-test/target/test-dir/MiniOzoneClusterImpl-3a2c7849-0d67-4a8c-832f-6796402464c3/datanode-3/data/ratis/8163c203-6cdd-43d0-9929-801b691c8ba9: Starting segment from index:0
2019-07-13 14:48:02,704 INFO  impl.RaftServerImpl (ServerState.java:setRaftConf(361)) - 9e3588e9-42b2-4986-b897-b11fb5ccabaa:group-801B691C8BA9 set configuration 0: [9e3588e9-42b2-4986-b897-b11fb5ccabaa:192.168.5.172:46688], old=null at 0
2019-07-13 14:48:02,723 INFO  segmented.SegmentedRaftLogWorker (SegmentedRaftLogWorker.java:execute(569)) - 9e3588e9-42b2-4986-b897-b11fb5ccabaa-SegmentedRaftLogWorker:Storage Directory /tmp/workdir/hadoop-ozone/integration-test/target/test-dir/MiniOzoneClusterImpl-3a2c7849-0d67-4a8c-832f-6796402464c3/datanode-3/data/ratis/8163c203-6cdd-43d0-9929-801b691c8ba9: created new log segment /tmp/workdir/hadoop-ozone/integration-test/target/test-dir/MiniOzoneClusterImpl-3a2c7849-0d67-4a8c-832f-6796402464c3/datanode-3/data/ratis/8163c203-6cdd-43d0-9929-801b691c8ba9/current/log_inprogress_0
2019-07-13 14:48:02,789 INFO  impl.FollowerState (FollowerState.java:run(106)) - 14ff052f-2e52-4a95-9f65-dc477e636c62:group-14C594EAF89D changes to CANDIDATE, lastRpcTime:5018, electionTimeout:5018ms
2019-07-13 14:48:02,789 INFO  impl.RoleInfo (RoleInfo.java:shutdownFollowerState(121)) - 14ff052f-2e52-4a95-9f65-dc477e636c62: shutdown FollowerState
2019-07-13 14:48:02,789 INFO  impl.RaftServerImpl (RaftServerImpl.java:setRole(171)) - 14ff052f-2e52-4a95-9f65-dc477e636c62:group-14C594EAF89D changes role from FOLLOWER to CANDIDATE at term 0 for changeToCandidate
2019-07-13 14:48:02,789 INFO  impl.RoleInfo (RoleInfo.java:updateAndGet(143)) - 14ff052f-2e52-4a95-9f65-dc477e636c62: start LeaderElection
2019-07-13 14:48:02,815 INFO  impl.LeaderElection (LeaderElection.java:askForVotes(181)) - 14ff052f-2e52-4a95-9f65-dc477e636c62:group-14C594EAF89D:LeaderElection52: begin an election at term 1 for -1: [14ff052f-2e52-4a95-9f65-dc477e636c62:192.168.5.172:45146], old=null
2019-07-13 14:48:02,815 INFO  impl.RoleInfo (RoleInfo.java:shutdownLeaderElection(134)) - 14ff052f-2e52-4a95-9f65-dc477e636c62: shutdown LeaderElection
2019-07-13 14:48:02,816 INFO  impl.RaftServerImpl (RaftServerImpl.java:setRole(171)) - 14ff052f-2e52-4a95-9f65-dc477e636c62:group-14C594EAF89D changes role from CANDIDATE to LEADER at term 1 for changeToLeader
2019-07-13 14:48:02,816 INFO  impl.RaftServerImpl (ServerState.java:setLeader(263)) - 14ff052f-2e52-4a95-9f65-dc477e636c62:group-14C594EAF89D change Leader from null to 14ff052f-2e52-4a95-9f65-dc477e636c62 at term 1 for becomeLeader, leader elected after 5049ms
2019-07-13 14:48:02,816 INFO  server.RaftServerConfigKeys (ConfUtils.java:logGet(43)) - raft.server.staging.catchup.gap = 1000 (default)
2019-07-13 14:48:02,816 INFO  server.RaftServerConfigKeys (ConfUtils.java:logGet(43)) - raft.server.rpc.sleep.time = 25ms (default)
2019-07-13 14:48:02,816 INFO  server.RaftServerConfigKeys (ConfUtils.java:logGet(43)) - raft.server.write.element-limit = 4096 (default)
2019-07-13 14:48:02,816 INFO  server.RaftServerConfigKeys (ConfUtils.java:logGet(43)) - raft.server.watch.timeout = 10s (default)
2019-07-13 14:48:02,816 INFO  server.RaftServerConfigKeys (ConfUtils.java:logGet(43)) - raft.server.watch.timeout.denomination = 1s (default)
2019-07-13 14:48:02,817 INFO  server.RaftServerConfigKeys (ConfUtils.java:logGet(43)) - raft.server.watch.element-limit = 65536 (default)
2019-07-13 14:48:02,817 INFO  impl.RoleInfo (RoleInfo.java:updateAndGet(143)) - 14ff052f-2e52-4a95-9f65-dc477e636c62: start LeaderState
2019-07-13 14:48:02,817 INFO  segmented.SegmentedRaftLogWorker (SegmentedRaftLogWorker.java:startLogSegment(380)) - 14ff052f-2e52-4a95-9f65-dc477e636c62-SegmentedRaftLogWorker:Storage Directory /tmp/workdir/hadoop-ozone/integration-test/target/test-dir/MiniOzoneClusterImpl-3a2c7849-0d67-4a8c-832f-6796402464c3/datanode-4/data/ratis/af40794e-d44e-460e-b9ec-14c594eaf89d: Starting segment from index:0
2019-07-13 14:48:02,817 INFO  impl.RaftServerImpl (ServerState.java:setRaftConf(361)) - 14ff052f-2e52-4a95-9f65-dc477e636c62:group-14C594EAF89D set configuration 0: [14ff052f-2e52-4a95-9f65-dc477e636c62:192.168.5.172:45146], old=null at 0
2019-07-13 14:48:02,835 INFO  segmented.SegmentedRaftLogWorker (SegmentedRaftLogWorker.java:execute(569)) - 14ff052f-2e52-4a95-9f65-dc477e636c62-SegmentedRaftLogWorker:Storage Directory /tmp/workdir/hadoop-ozone/integration-test/target/test-dir/MiniOzoneClusterImpl-3a2c7849-0d67-4a8c-832f-6796402464c3/datanode-4/data/ratis/af40794e-d44e-460e-b9ec-14c594eaf89d: created new log segment /tmp/workdir/hadoop-ozone/integration-test/target/test-dir/MiniOzoneClusterImpl-3a2c7849-0d67-4a8c-832f-6796402464c3/datanode-4/data/ratis/af40794e-d44e-460e-b9ec-14c594eaf89d/current/log_inprogress_0
2019-07-13 14:48:03,102 INFO  impl.FollowerState (FollowerState.java:run(106)) - 9e3588e9-42b2-4986-b897-b11fb5ccabaa:group-FE1927FFE1E4 changes to CANDIDATE, lastRpcTime:5054, electionTimeout:5054ms
2019-07-13 14:48:03,103 INFO  impl.RoleInfo (RoleInfo.java:shutdownFollowerState(121)) - 9e3588e9-42b2-4986-b897-b11fb5ccabaa: shutdown FollowerState
2019-07-13 14:48:03,103 INFO  impl.RaftServerImpl (RaftServerImpl.java:setRole(171)) - 9e3588e9-42b2-4986-b897-b11fb5ccabaa:group-FE1927FFE1E4 changes role from FOLLOWER to CANDIDATE at term 0 for changeToCandidate
2019-07-13 14:48:03,103 INFO  impl.RoleInfo (RoleInfo.java:updateAndGet(143)) - 9e3588e9-42b2-4986-b897-b11fb5ccabaa: start LeaderElection
2019-07-13 14:48:03,128 INFO  impl.LeaderElection (LeaderElection.java:askForVotes(181)) - 9e3588e9-42b2-4986-b897-b11fb5ccabaa:group-FE1927FFE1E4:LeaderElection53: begin an election at term 1 for -1: [9e3588e9-42b2-4986-b897-b11fb5ccabaa:192.168.5.172:46688, 14ff052f-2e52-4a95-9f65-dc477e636c62:192.168.5.172:45146, 3c4b72a8-1cd9-4e72-91a7-6c8c41c5c280:192.168.5.172:38724], old=null
2019-07-13 14:48:03,129 INFO  impl.FollowerState (FollowerState.java:run(106)) - 3c4b72a8-1cd9-4e72-91a7-6c8c41c5c280:group-363CF02234B6 changes to CANDIDATE, lastRpcTime:5153, electionTimeout:5153ms
2019-07-13 14:48:03,130 INFO  impl.RoleInfo (RoleInfo.java:shutdownFollowerState(121)) - 3c4b72a8-1cd9-4e72-91a7-6c8c41c5c280: shutdown FollowerState
2019-07-13 14:48:03,130 INFO  impl.RaftServerImpl (RaftServerImpl.java:setRole(171)) - 3c4b72a8-1cd9-4e72-91a7-6c8c41c5c280:group-363CF02234B6 changes role from FOLLOWER to CANDIDATE at term 0 for changeToCandidate
2019-07-13 14:48:03,130 INFO  impl.RoleInfo (RoleInfo.java:updateAndGet(143)) - 3c4b72a8-1cd9-4e72-91a7-6c8c41c5c280: start LeaderElection
2019-07-13 14:48:03,137 INFO  impl.FollowerState (FollowerState.java:run(106)) - 14ff052f-2e52-4a95-9f65-dc477e636c62:group-FE1927FFE1E4 changes to CANDIDATE, lastRpcTime:5088, electionTimeout:5088ms
2019-07-13 14:48:03,147 INFO  impl.RoleInfo (RoleInfo.java:shutdownFollowerState(121)) - 14ff052f-2e52-4a95-9f65-dc477e636c62: shutdown FollowerState
2019-07-13 14:48:03,147 INFO  impl.RaftServerImpl (RaftServerImpl.java:setRole(171)) - 14ff052f-2e52-4a95-9f65-dc477e636c62:group-FE1927FFE1E4 changes role from FOLLOWER to CANDIDATE at term 0 for changeToCandidate
2019-07-13 14:48:03,152 INFO  impl.RoleInfo (RoleInfo.java:updateAndGet(143)) - 14ff052f-2e52-4a95-9f65-dc477e636c62: start LeaderElection
2019-07-13 14:48:03,175 INFO  impl.RaftServerImpl (RaftServerImpl.java:setRole(171)) - 3c4b72a8-1cd9-4e72-91a7-6c8c41c5c280:group-FE1927FFE1E4 changes role from FOLLOWER to FOLLOWER at term 1 for recognizeCandidate:9e3588e9-42b2-4986-b897-b11fb5ccabaa
2019-07-13 14:48:03,175 INFO  impl.LeaderElection (LeaderElection.java:askForVotes(181)) - 14ff052f-2e52-4a95-9f65-dc477e636c62:group-FE1927FFE1E4:LeaderElection55: begin an election at term 1 for -1: [9e3588e9-42b2-4986-b897-b11fb5ccabaa:192.168.5.172:46688, 14ff052f-2e52-4a95-9f65-dc477e636c62:192.168.5.172:45146, 3c4b72a8-1cd9-4e72-91a7-6c8c41c5c280:192.168.5.172:38724], old=null
2019-07-13 14:48:03,175 INFO  impl.RoleInfo (RoleInfo.java:shutdownFollowerState(121)) - 3c4b72a8-1cd9-4e72-91a7-6c8c41c5c280: shutdown FollowerState
2019-07-13 14:48:03,175 INFO  impl.LeaderElection (LeaderElection.java:askForVotes(181)) - 3c4b72a8-1cd9-4e72-91a7-6c8c41c5c280:group-363CF02234B6:LeaderElection54: begin an election at term 1 for -1: [3c4b72a8-1cd9-4e72-91a7-6c8c41c5c280:192.168.5.172:38724], old=null
2019-07-13 14:48:03,176 INFO  impl.RoleInfo (RoleInfo.java:shutdownLeaderElection(134)) - 3c4b72a8-1cd9-4e72-91a7-6c8c41c5c280: shutdown LeaderElection
2019-07-13 14:48:03,176 INFO  impl.FollowerState (FollowerState.java:run(114)) - 3c4b72a8-1cd9-4e72-91a7-6c8c41c5c280: FollowerState was interrupted: java.lang.InterruptedException: sleep interrupted
2019-07-13 14:48:03,176 INFO  impl.RaftServerImpl (RaftServerImpl.java:setRole(171)) - 3c4b72a8-1cd9-4e72-91a7-6c8c41c5c280:group-363CF02234B6 changes role from CANDIDATE to LEADER at term 1 for changeToLeader
2019-07-13 14:48:03,176 INFO  impl.RoleInfo (RoleInfo.java:updateAndGet(143)) - 3c4b72a8-1cd9-4e72-91a7-6c8c41c5c280: start FollowerState
2019-07-13 14:48:03,182 INFO  impl.RaftServerImpl (ServerState.java:setLeader(263)) - 3c4b72a8-1cd9-4e72-91a7-6c8c41c5c280:group-363CF02234B6 change Leader from null to 3c4b72a8-1cd9-4e72-91a7-6c8c41c5c280 at term 1 for becomeLeader, leader elected after 5211ms
2019-07-13 14:48:03,183 INFO  server.RaftServerConfigKeys (ConfUtils.java:logGet(43)) - raft.server.staging.catchup.gap = 1000 (default)
2019-07-13 14:48:03,183 INFO  server.RaftServerConfigKeys (ConfUtils.java:logGet(43)) - raft.server.rpc.sleep.time = 25ms (default)
2019-07-13 14:48:03,183 INFO  server.RaftServerConfigKeys (ConfUtils.java:logGet(43)) - raft.server.write.element-limit = 4096 (default)
2019-07-13 14:48:03,184 INFO  server.RaftServerConfigKeys (ConfUtils.java:logGet(43)) - raft.server.watch.timeout = 10s (default)
2019-07-13 14:48:03,184 INFO  server.RaftServerConfigKeys (ConfUtils.java:logGet(43)) - raft.server.watch.timeout.denomination = 1s (default)
2019-07-13 14:48:03,184 INFO  server.RaftServerConfigKeys (ConfUtils.java:logGet(43)) - raft.server.watch.element-limit = 65536 (default)
2019-07-13 14:48:03,185 INFO  impl.RoleInfo (RoleInfo.java:updateAndGet(143)) - 3c4b72a8-1cd9-4e72-91a7-6c8c41c5c280: start LeaderState
2019-07-13 14:48:03,185 INFO  segmented.SegmentedRaftLogWorker (SegmentedRaftLogWorker.java:startLogSegment(380)) - 3c4b72a8-1cd9-4e72-91a7-6c8c41c5c280-SegmentedRaftLogWorker:Storage Directory /tmp/workdir/hadoop-ozone/integration-test/target/test-dir/MiniOzoneClusterImpl-3a2c7849-0d67-4a8c-832f-6796402464c3/datanode-5/data/ratis/bb270f2c-624e-4874-9905-363cf02234b6: Starting segment from index:0
2019-07-13 14:48:03,186 INFO  impl.RaftServerImpl (ServerState.java:setRaftConf(361)) - 3c4b72a8-1cd9-4e72-91a7-6c8c41c5c280:group-363CF02234B6 set configuration 0: [3c4b72a8-1cd9-4e72-91a7-6c8c41c5c280:192.168.5.172:38724], old=null at 0
2019-07-13 14:48:03,214 INFO  impl.LeaderElection (LeaderElection.java:logAndReturn(56)) - 9e3588e9-42b2-4986-b897-b11fb5ccabaa:group-FE1927FFE1E4:LeaderElection53: Election PASSED; received 2 response(s) [9e3588e9-42b2-4986-b897-b11fb5ccabaa<-14ff052f-2e52-4a95-9f65-dc477e636c62#0:FAIL-t1, 9e3588e9-42b2-4986-b897-b11fb5ccabaa<-3c4b72a8-1cd9-4e72-91a7-6c8c41c5c280#0:OK-t1] and 0 exception(s); 9e3588e9-42b2-4986-b897-b11fb5ccabaa:t1, leader=null, voted=9e3588e9-42b2-4986-b897-b11fb5ccabaa, raftlog=9e3588e9-42b2-4986-b897-b11fb5ccabaa-SegmentedRaftLog:OPENED:c-1,f-1,i0, conf=-1: [9e3588e9-42b2-4986-b897-b11fb5ccabaa:192.168.5.172:46688, 14ff052f-2e52-4a95-9f65-dc477e636c62:192.168.5.172:45146, 3c4b72a8-1cd9-4e72-91a7-6c8c41c5c280:192.168.5.172:38724], old=null
2019-07-13 14:48:03,215 INFO  segmented.SegmentedRaftLogWorker (SegmentedRaftLogWorker.java:execute(569)) - 3c4b72a8-1cd9-4e72-91a7-6c8c41c5c280-SegmentedRaftLogWorker:Storage Directory /tmp/workdir/hadoop-ozone/integration-test/target/test-dir/MiniOzoneClusterImpl-3a2c7849-0d67-4a8c-832f-6796402464c3/datanode-5/data/ratis/bb270f2c-624e-4874-9905-363cf02234b6: created new log segment /tmp/workdir/hadoop-ozone/integration-test/target/test-dir/MiniOzoneClusterImpl-3a2c7849-0d67-4a8c-832f-6796402464c3/datanode-5/data/ratis/bb270f2c-624e-4874-9905-363cf02234b6/current/log_inprogress_0
2019-07-13 14:48:03,215 INFO  impl.RoleInfo (RoleInfo.java:shutdownLeaderElection(134)) - 9e3588e9-42b2-4986-b897-b11fb5ccabaa: shutdown LeaderElection
2019-07-13 14:48:03,214 INFO  impl.LeaderElection (LeaderElection.java:logAndReturn(56)) - 14ff052f-2e52-4a95-9f65-dc477e636c62:group-FE1927FFE1E4:LeaderElection55: Election REJECTED; received 2 response(s) [14ff052f-2e52-4a95-9f65-dc477e636c62<-9e3588e9-42b2-4986-b897-b11fb5ccabaa#0:FAIL-t1, 14ff052f-2e52-4a95-9f65-dc477e636c62<-3c4b72a8-1cd9-4e72-91a7-6c8c41c5c280#0:FAIL-t1] and 0 exception(s); 14ff052f-2e52-4a95-9f65-dc477e636c62:t1, leader=null, voted=14ff052f-2e52-4a95-9f65-dc477e636c62, raftlog=14ff052f-2e52-4a95-9f65-dc477e636c62-SegmentedRaftLog:OPENED:c-1,f-1,i0, conf=-1: [9e3588e9-42b2-4986-b897-b11fb5ccabaa:192.168.5.172:46688, 14ff052f-2e52-4a95-9f65-dc477e636c62:192.168.5.172:45146, 3c4b72a8-1cd9-4e72-91a7-6c8c41c5c280:192.168.5.172:38724], old=null
2019-07-13 14:48:03,215 INFO  impl.RaftServerImpl (RaftServerImpl.java:setRole(171)) - 9e3588e9-42b2-4986-b897-b11fb5ccabaa:group-FE1927FFE1E4 changes role from CANDIDATE to LEADER at term 1 for changeToLeader
2019-07-13 14:48:03,215 INFO  impl.RaftServerImpl (RaftServerImpl.java:setRole(171)) - 14ff052f-2e52-4a95-9f65-dc477e636c62:group-FE1927FFE1E4 changes role from CANDIDATE to FOLLOWER at term 1 for DISCOVERED_A_NEW_TERM
2019-07-13 14:48:03,215 INFO  impl.RaftServerImpl (ServerState.java:setLeader(263)) - 9e3588e9-42b2-4986-b897-b11fb5ccabaa:group-FE1927FFE1E4 change Leader from null to 9e3588e9-42b2-4986-b897-b11fb5ccabaa at term 1 for becomeLeader, leader elected after 5187ms
2019-07-13 14:48:03,215 INFO  impl.RoleInfo (RoleInfo.java:shutdownLeaderElection(134)) - 14ff052f-2e52-4a95-9f65-dc477e636c62: shutdown LeaderElection
2019-07-13 14:48:03,216 INFO  server.RaftServerConfigKeys (ConfUtils.java:logGet(43)) - raft.server.staging.catchup.gap = 1000 (default)
2019-07-13 14:48:03,216 INFO  impl.RoleInfo (RoleInfo.java:updateAndGet(143)) - 14ff052f-2e52-4a95-9f65-dc477e636c62: start FollowerState
2019-07-13 14:48:03,216 INFO  server.RaftServerConfigKeys (ConfUtils.java:logGet(43)) - raft.server.rpc.sleep.time = 25ms (default)
2019-07-13 14:48:03,216 INFO  server.RaftServerConfigKeys (ConfUtils.java:logGet(43)) - raft.server.write.element-limit = 4096 (default)
2019-07-13 14:48:03,217 INFO  server.RaftServerConfigKeys (ConfUtils.java:logGet(43)) - raft.server.watch.timeout = 10s (default)
2019-07-13 14:48:03,217 INFO  server.RaftServerConfigKeys (ConfUtils.java:logGet(43)) - raft.server.watch.timeout.denomination = 1s (default)
2019-07-13 14:48:03,217 INFO  server.RaftServerConfigKeys (ConfUtils.java:logGet(43)) - raft.server.watch.element-limit = 65536 (default)
2019-07-13 14:48:03,217 INFO  server.RaftServerConfigKeys (ConfUtils.java:logGet(43)) - raft.server.log.appender.snapshot.chunk.size.max = 16MB (=16777216) (default)
2019-07-13 14:48:03,218 INFO  server.RaftServerConfigKeys (ConfUtils.java:logGet(43)) - raft.server.log.appender.buffer.byte-limit = 33554432 (custom)
2019-07-13 14:48:03,218 INFO  server.RaftServerConfigKeys (ConfUtils.java:logGet(43)) - raft.server.log.appender.buffer.element-limit = 1 (custom)
2019-07-13 14:48:03,218 INFO  grpc.GrpcConfigKeys$Server (ConfUtils.java:logGet(43)) - raft.grpc.server.leader.outstanding.appends.max = 128 (default)
2019-07-13 14:48:03,219 INFO  server.RaftServerConfigKeys (ConfUtils.java:logGet(43)) - raft.server.rpc.request.timeout = 3000ms (default)
2019-07-13 14:48:03,219 INFO  server.RaftServerConfigKeys (ConfUtils.java:logGet(43)) - raft.server.log.appender.install.snapshot.enabled = false (custom)
2019-07-13 14:48:03,219 INFO  server.RaftServerConfigKeys (ConfUtils.java:logGet(43)) - raft.server.log.appender.snapshot.chunk.size.max = 16MB (=16777216) (default)
2019-07-13 14:48:03,219 INFO  server.RaftServerConfigKeys (ConfUtils.java:logGet(43)) - raft.server.log.appender.buffer.byte-limit = 33554432 (custom)
2019-07-13 14:48:03,219 INFO  server.RaftServerConfigKeys (ConfUtils.java:logGet(43)) - raft.server.log.appender.buffer.element-limit = 1 (custom)
2019-07-13 14:48:03,220 INFO  grpc.GrpcConfigKeys$Server (ConfUtils.java:logGet(43)) - raft.grpc.server.leader.outstanding.appends.max = 128 (default)
2019-07-13 14:48:03,220 INFO  server.RaftServerConfigKeys (ConfUtils.java:logGet(43)) - raft.server.rpc.request.timeout = 3000ms (default)
2019-07-13 14:48:03,220 INFO  server.RaftServerConfigKeys (ConfUtils.java:logGet(43)) - raft.server.log.appender.install.snapshot.enabled = false (custom)
2019-07-13 14:48:03,220 INFO  impl.RoleInfo (RoleInfo.java:updateAndGet(143)) - 9e3588e9-42b2-4986-b897-b11fb5ccabaa: start LeaderState
2019-07-13 14:48:03,221 INFO  segmented.SegmentedRaftLogWorker (SegmentedRaftLogWorker.java:startLogSegment(380)) - 9e3588e9-42b2-4986-b897-b11fb5ccabaa-SegmentedRaftLogWorker:Storage Directory /tmp/workdir/hadoop-ozone/integration-test/target/test-dir/MiniOzoneClusterImpl-3a2c7849-0d67-4a8c-832f-6796402464c3/datanode-3/data/ratis/2ee042d3-d1d5-499e-a715-fe1927ffe1e4: Starting segment from index:0
2019-07-13 14:48:03,223 INFO  impl.RaftServerImpl (ServerState.java:setRaftConf(361)) - 9e3588e9-42b2-4986-b897-b11fb5ccabaa:group-FE1927FFE1E4 set configuration 0: [9e3588e9-42b2-4986-b897-b11fb5ccabaa:192.168.5.172:46688, 14ff052f-2e52-4a95-9f65-dc477e636c62:192.168.5.172:45146, 3c4b72a8-1cd9-4e72-91a7-6c8c41c5c280:192.168.5.172:38724], old=null at 0
2019-07-13 14:48:03,225 INFO  impl.RaftServerImpl (ServerState.java:setLeader(263)) - 14ff052f-2e52-4a95-9f65-dc477e636c62:group-FE1927FFE1E4 change Leader from null to 9e3588e9-42b2-4986-b897-b11fb5ccabaa at term 1 for appendEntries, leader elected after 5197ms
2019-07-13 14:48:03,225 INFO  impl.RaftServerImpl (ServerState.java:setLeader(263)) - 3c4b72a8-1cd9-4e72-91a7-6c8c41c5c280:group-FE1927FFE1E4 change Leader from null to 9e3588e9-42b2-4986-b897-b11fb5ccabaa at term 1 for appendEntries, leader elected after 5197ms
2019-07-13 14:48:03,229 INFO  impl.RaftServerImpl (ServerState.java:setRaftConf(361)) - 14ff052f-2e52-4a95-9f65-dc477e636c62:group-FE1927FFE1E4 set configuration 0: [9e3588e9-42b2-4986-b897-b11fb5ccabaa:192.168.5.172:46688, 14ff052f-2e52-4a95-9f65-dc477e636c62:192.168.5.172:45146, 3c4b72a8-1cd9-4e72-91a7-6c8c41c5c280:192.168.5.172:38724], old=null at 0
2019-07-13 14:48:03,229 INFO  impl.RaftServerImpl (ServerState.java:setRaftConf(361)) - 3c4b72a8-1cd9-4e72-91a7-6c8c41c5c280:group-FE1927FFE1E4 set configuration 0: [9e3588e9-42b2-4986-b897-b11fb5ccabaa:192.168.5.172:46688, 14ff052f-2e52-4a95-9f65-dc477e636c62:192.168.5.172:45146, 3c4b72a8-1cd9-4e72-91a7-6c8c41c5c280:192.168.5.172:38724], old=null at 0
2019-07-13 14:48:03,229 INFO  segmented.SegmentedRaftLogWorker (SegmentedRaftLogWorker.java:startLogSegment(380)) - 14ff052f-2e52-4a95-9f65-dc477e636c62-SegmentedRaftLogWorker:Storage Directory /tmp/workdir/hadoop-ozone/integration-test/target/test-dir/MiniOzoneClusterImpl-3a2c7849-0d67-4a8c-832f-6796402464c3/datanode-4/data/ratis/2ee042d3-d1d5-499e-a715-fe1927ffe1e4: Starting segment from index:0
2019-07-13 14:48:03,229 INFO  segmented.SegmentedRaftLogWorker (SegmentedRaftLogWorker.java:startLogSegment(380)) - 3c4b72a8-1cd9-4e72-91a7-6c8c41c5c280-SegmentedRaftLogWorker:Storage Directory /tmp/workdir/hadoop-ozone/integration-test/target/test-dir/MiniOzoneClusterImpl-3a2c7849-0d67-4a8c-832f-6796402464c3/datanode-5/data/ratis/2ee042d3-d1d5-499e-a715-fe1927ffe1e4: Starting segment from index:0
2019-07-13 14:48:03,243 INFO  segmented.SegmentedRaftLogWorker (SegmentedRaftLogWorker.java:execute(569)) - 9e3588e9-42b2-4986-b897-b11fb5ccabaa-SegmentedRaftLogWorker:Storage Directory /tmp/workdir/hadoop-ozone/integration-test/target/test-dir/MiniOzoneClusterImpl-3a2c7849-0d67-4a8c-832f-6796402464c3/datanode-3/data/ratis/2ee042d3-d1d5-499e-a715-fe1927ffe1e4: created new log segment /tmp/workdir/hadoop-ozone/integration-test/target/test-dir/MiniOzoneClusterImpl-3a2c7849-0d67-4a8c-832f-6796402464c3/datanode-3/data/ratis/2ee042d3-d1d5-499e-a715-fe1927ffe1e4/current/log_inprogress_0
2019-07-13 14:48:03,249 INFO  segmented.SegmentedRaftLogWorker (SegmentedRaftLogWorker.java:execute(569)) - 14ff052f-2e52-4a95-9f65-dc477e636c62-SegmentedRaftLogWorker:Storage Directory /tmp/workdir/hadoop-ozone/integration-test/target/test-dir/MiniOzoneClusterImpl-3a2c7849-0d67-4a8c-832f-6796402464c3/datanode-4/data/ratis/2ee042d3-d1d5-499e-a715-fe1927ffe1e4: created new log segment /tmp/workdir/hadoop-ozone/integration-test/target/test-dir/MiniOzoneClusterImpl-3a2c7849-0d67-4a8c-832f-6796402464c3/datanode-4/data/ratis/2ee042d3-d1d5-499e-a715-fe1927ffe1e4/current/log_inprogress_0
2019-07-13 14:48:03,249 INFO  segmented.SegmentedRaftLogWorker (SegmentedRaftLogWorker.java:execute(569)) - 3c4b72a8-1cd9-4e72-91a7-6c8c41c5c280-SegmentedRaftLogWorker:Storage Directory /tmp/workdir/hadoop-ozone/integration-test/target/test-dir/MiniOzoneClusterImpl-3a2c7849-0d67-4a8c-832f-6796402464c3/datanode-5/data/ratis/2ee042d3-d1d5-499e-a715-fe1927ffe1e4: created new log segment /tmp/workdir/hadoop-ozone/integration-test/target/test-dir/MiniOzoneClusterImpl-3a2c7849-0d67-4a8c-832f-6796402464c3/datanode-5/data/ratis/2ee042d3-d1d5-499e-a715-fe1927ffe1e4/current/log_inprogress_0
2019-07-13 14:48:03,255 INFO  impl.FollowerState (FollowerState.java:run(106)) - bdddaad8-a9c9-4ad2-b59f-2f056eb1cbe3:group-3770388BD15A changes to CANDIDATE, lastRpcTime:5019, electionTimeout:5019ms
2019-07-13 14:48:03,255 INFO  impl.RoleInfo (RoleInfo.java:shutdownFollowerState(121)) - bdddaad8-a9c9-4ad2-b59f-2f056eb1cbe3: shutdown FollowerState
2019-07-13 14:48:03,255 INFO  impl.RaftServerImpl (RaftServerImpl.java:setRole(171)) - bdddaad8-a9c9-4ad2-b59f-2f056eb1cbe3:group-3770388BD15A changes role from FOLLOWER to CANDIDATE at term 0 for changeToCandidate
2019-07-13 14:48:03,255 INFO  impl.RoleInfo (RoleInfo.java:updateAndGet(143)) - bdddaad8-a9c9-4ad2-b59f-2f056eb1cbe3: start LeaderElection
2019-07-13 14:48:03,288 INFO  impl.LeaderElection (LeaderElection.java:askForVotes(181)) - bdddaad8-a9c9-4ad2-b59f-2f056eb1cbe3:group-3770388BD15A:LeaderElection56: begin an election at term 1 for -1: [bdddaad8-a9c9-4ad2-b59f-2f056eb1cbe3:192.168.5.172:44799], old=null
2019-07-13 14:48:03,288 INFO  impl.RoleInfo (RoleInfo.java:shutdownLeaderElection(134)) - bdddaad8-a9c9-4ad2-b59f-2f056eb1cbe3: shutdown LeaderElection
2019-07-13 14:48:03,288 INFO  impl.RaftServerImpl (RaftServerImpl.java:setRole(171)) - bdddaad8-a9c9-4ad2-b59f-2f056eb1cbe3:group-3770388BD15A changes role from CANDIDATE to LEADER at term 1 for changeToLeader
2019-07-13 14:48:03,288 INFO  impl.RaftServerImpl (ServerState.java:setLeader(263)) - bdddaad8-a9c9-4ad2-b59f-2f056eb1cbe3:group-3770388BD15A change Leader from null to bdddaad8-a9c9-4ad2-b59f-2f056eb1cbe3 at term 1 for becomeLeader, leader elected after 5057ms
2019-07-13 14:48:03,289 INFO  server.RaftServerConfigKeys (ConfUtils.java:logGet(43)) - raft.server.staging.catchup.gap = 1000 (default)
2019-07-13 14:48:03,289 INFO  server.RaftServerConfigKeys (ConfUtils.java:logGet(43)) - raft.server.rpc.sleep.time = 25ms (default)
2019-07-13 14:48:03,289 INFO  server.RaftServerConfigKeys (ConfUtils.java:logGet(43)) - raft.server.write.element-limit = 4096 (default)
2019-07-13 14:48:03,289 INFO  server.RaftServerConfigKeys (ConfUtils.java:logGet(43)) - raft.server.watch.timeout = 10s (default)
2019-07-13 14:48:03,289 INFO  server.RaftServerConfigKeys (ConfUtils.java:logGet(43)) - raft.server.watch.timeout.denomination = 1s (default)
2019-07-13 14:48:03,289 INFO  server.RaftServerConfigKeys (ConfUtils.java:logGet(43)) - raft.server.watch.element-limit = 65536 (default)
2019-07-13 14:48:03,290 INFO  impl.RoleInfo (RoleInfo.java:updateAndGet(143)) - bdddaad8-a9c9-4ad2-b59f-2f056eb1cbe3: start LeaderState
2019-07-13 14:48:03,290 INFO  segmented.SegmentedRaftLogWorker (SegmentedRaftLogWorker.java:startLogSegment(380)) - bdddaad8-a9c9-4ad2-b59f-2f056eb1cbe3-SegmentedRaftLogWorker:Storage Directory /tmp/workdir/hadoop-ozone/integration-test/target/test-dir/MiniOzoneClusterImpl-3a2c7849-0d67-4a8c-832f-6796402464c3/datanode-6/data/ratis/c5f4d818-047a-4788-82ca-3770388bd15a: Starting segment from index:0
2019-07-13 14:48:03,290 INFO  impl.RaftServerImpl (ServerState.java:setRaftConf(361)) - bdddaad8-a9c9-4ad2-b59f-2f056eb1cbe3:group-3770388BD15A set configuration 0: [bdddaad8-a9c9-4ad2-b59f-2f056eb1cbe3:192.168.5.172:44799], old=null at 0
2019-07-13 14:48:03,309 INFO  segmented.SegmentedRaftLogWorker (SegmentedRaftLogWorker.java:execute(569)) - bdddaad8-a9c9-4ad2-b59f-2f056eb1cbe3-SegmentedRaftLogWorker:Storage Directory /tmp/workdir/hadoop-ozone/integration-test/target/test-dir/MiniOzoneClusterImpl-3a2c7849-0d67-4a8c-832f-6796402464c3/datanode-6/data/ratis/c5f4d818-047a-4788-82ca-3770388bd15a: created new log segment /tmp/workdir/hadoop-ozone/integration-test/target/test-dir/MiniOzoneClusterImpl-3a2c7849-0d67-4a8c-832f-6796402464c3/datanode-6/data/ratis/c5f4d818-047a-4788-82ca-3770388bd15a/current/log_inprogress_0
2019-07-13 14:48:03,437 WARN  server.GrpcLogAppender (LogUtils.java:warn(134)) - d09ac996-a1e3-4fee-879f-5fae352d8083->b3b35bbc-ecb3-4089-a051-cdbc3e98c858: Failed appendEntries: org.apache.ratis.thirdparty.io.grpc.StatusRuntimeException: UNAVAILABLE: io exception
2019-07-13 14:48:03,438 INFO  impl.FollowerInfo (FollowerInfo.java:lambda$new$0(50)) - d09ac996-a1e3-4fee-879f-5fae352d8083->b3b35bbc-ecb3-4089-a051-cdbc3e98c858: nextIndex: updateUnconditionally 0 -> 0
2019-07-13 14:48:03,439 WARN  server.GrpcLogAppender (LogUtils.java:warn(134)) - d09ac996-a1e3-4fee-879f-5fae352d8083->df0f1f66-3432-46de-9fbe-84c0ce15a20c: Failed appendEntries: org.apache.ratis.thirdparty.io.grpc.StatusRuntimeException: UNAVAILABLE: io exception
2019-07-13 14:48:03,439 INFO  impl.FollowerInfo (FollowerInfo.java:lambda$new$0(50)) - d09ac996-a1e3-4fee-879f-5fae352d8083->df0f1f66-3432-46de-9fbe-84c0ce15a20c: nextIndex: updateUnconditionally 0 -> 0
2019-07-13 14:48:03,592 INFO  client.GrpcClientProtocolClient (GrpcClientProtocolClient.java:onNext(255)) - client-34332D4903D4->d036574a-11a4-4aab-8f67-192024c8189e: receive RaftClientReply:client-34332D4903D4->d036574a-11a4-4aab-8f67-192024c8189e@group-D6B1007765A0, cid=90, SUCCESS, logIndex=1, commits[d036574a-11a4-4aab-8f67-192024c8189e:c2, 4be6fbbb-303f-4603-a02e-9bb3d18d9f0a:c1, 9a58c024-f685-44fe-a3a4-9e3a34df864a:c1]
2019-07-13 14:48:03,600 INFO  datanode.ObjectStoreHandler (ObjectStoreHandler.java:close(155)) - Closing ObjectStoreHandler.
2019-07-13 14:48:03,601 INFO  ozone.HddsDatanodeService (HddsDatanodeService.java:stop(452)) - Stopped plug-in org.apache.hadoop.ozone.web.OzoneHddsDatanodeService@33fc92d6
2019-07-13 14:48:04,570 INFO  statemachine.DatanodeStateMachine (DatanodeStateMachine.java:lambda$startDaemon$0(350)) - Ozone container server started.
2019-07-13 14:48:05,938 WARN  server.GrpcLogAppender (LogUtils.java:warn(134)) - d09ac996-a1e3-4fee-879f-5fae352d8083->b3b35bbc-ecb3-4089-a051-cdbc3e98c858: Failed appendEntries: org.apache.ratis.thirdparty.io.grpc.StatusRuntimeException: UNAVAILABLE: io exception
2019-07-13 14:48:05,939 INFO  impl.FollowerInfo (FollowerInfo.java:lambda$new$0(50)) - d09ac996-a1e3-4fee-879f-5fae352d8083->b3b35bbc-ecb3-4089-a051-cdbc3e98c858: nextIndex: updateUnconditionally 0 -> 0
2019-07-13 14:48:05,940 WARN  server.GrpcLogAppender (LogUtils.java:warn(134)) - d09ac996-a1e3-4fee-879f-5fae352d8083->df0f1f66-3432-46de-9fbe-84c0ce15a20c: Failed appendEntries: org.apache.ratis.thirdparty.io.grpc.StatusRuntimeException: UNAVAILABLE: io exception
2019-07-13 14:48:05,941 INFO  impl.FollowerInfo (FollowerInfo.java:lambda$new$0(50)) - d09ac996-a1e3-4fee-879f-5fae352d8083->df0f1f66-3432-46de-9fbe-84c0ce15a20c: nextIndex: updateUnconditionally 0 -> 0
2019-07-13 14:48:08,439 WARN  server.GrpcLogAppender (LogUtils.java:warn(134)) - d09ac996-a1e3-4fee-879f-5fae352d8083->b3b35bbc-ecb3-4089-a051-cdbc3e98c858: Failed appendEntries: org.apache.ratis.thirdparty.io.grpc.StatusRuntimeException: UNAVAILABLE: io exception
2019-07-13 14:48:08,440 INFO  impl.FollowerInfo (FollowerInfo.java:lambda$new$0(50)) - d09ac996-a1e3-4fee-879f-5fae352d8083->b3b35bbc-ecb3-4089-a051-cdbc3e98c858: nextIndex: updateUnconditionally 0 -> 0
2019-07-13 14:48:08,485 WARN  server.GrpcLogAppender (LogUtils.java:warn(134)) - d09ac996-a1e3-4fee-879f-5fae352d8083->df0f1f66-3432-46de-9fbe-84c0ce15a20c: Failed appendEntries: org.apache.ratis.thirdparty.io.grpc.StatusRuntimeException: UNAVAILABLE: io exception
2019-07-13 14:48:08,486 INFO  impl.FollowerInfo (FollowerInfo.java:lambda$new$0(50)) - d09ac996-a1e3-4fee-879f-5fae352d8083->df0f1f66-3432-46de-9fbe-84c0ce15a20c: nextIndex: updateUnconditionally 0 -> 0
2019-07-13 14:48:08,602 INFO  ozoneimpl.OzoneContainer (OzoneContainer.java:stop(199)) - Attempting to stop container services.
2019-07-13 14:48:08,602 INFO  impl.RaftServerProxy (RaftServerProxy.java:lambda$close$4(314)) - d036574a-11a4-4aab-8f67-192024c8189e: close
2019-07-13 14:48:08,603 INFO  impl.RaftServerImpl (RaftServerImpl.java:lambda$shutdown$3(245)) - d036574a-11a4-4aab-8f67-192024c8189e: shutdown group-829414074F17
2019-07-13 14:48:08,603 INFO  impl.RaftServerImpl (RaftServerImpl.java:lambda$shutdown$3(245)) - d036574a-11a4-4aab-8f67-192024c8189e: shutdown group-D6B1007765A0
2019-07-13 14:48:08,603 INFO  util.JmxRegister (JmxRegister.java:unregister(73)) - Successfully un-registered JMX Bean with object name Ratis:service=RaftServer,group=group-829414074F17,id=d036574a-11a4-4aab-8f67-192024c8189e
2019-07-13 14:48:08,604 INFO  util.JmxRegister (JmxRegister.java:unregister(73)) - Successfully un-registered JMX Bean with object name Ratis:service=RaftServer,group=group-D6B1007765A0,id=d036574a-11a4-4aab-8f67-192024c8189e
2019-07-13 14:48:08,604 INFO  impl.RoleInfo (RoleInfo.java:shutdownLeaderState(104)) - d036574a-11a4-4aab-8f67-192024c8189e: shutdown LeaderState
2019-07-13 14:48:08,604 INFO  impl.RoleInfo (RoleInfo.java:shutdownLeaderState(104)) - d036574a-11a4-4aab-8f67-192024c8189e: shutdown LeaderState
2019-07-13 14:48:08,605 INFO  impl.PendingRequests (PendingRequests.java:sendNotLeaderResponses(202)) - d036574a-11a4-4aab-8f67-192024c8189e-PendingRequests: sendNotLeaderResponses
2019-07-13 14:48:08,619 WARN  server.GrpcLogAppender (GrpcLogAppender.java:mayWait(143)) - GrpcLogAppender(d036574a-11a4-4aab-8f67-192024c8189e->9a58c024-f685-44fe-a3a4-9e3a34df864a): Wait interrupted by java.lang.InterruptedException
2019-07-13 14:48:08,619 WARN  server.GrpcLogAppender (GrpcLogAppender.java:mayWait(143)) - GrpcLogAppender(d036574a-11a4-4aab-8f67-192024c8189e->4be6fbbb-303f-4603-a02e-9bb3d18d9f0a): Wait interrupted by java.lang.InterruptedException
2019-07-13 14:48:08,619 INFO  impl.PendingRequests (PendingRequests.java:sendNotLeaderResponses(202)) - d036574a-11a4-4aab-8f67-192024c8189e-PendingRequests: sendNotLeaderResponses
2019-07-13 14:48:08,620 INFO  ratis.ContainerStateMachine (ContainerStateMachine.java:takeSnapshot(246)) - Taking snapshot at termIndex:(t:0, i:~)
2019-07-13 14:48:08,619 INFO  impl.StateMachineUpdater (StateMachineUpdater.java:stopAndJoin(115)) - StateMachineUpdater:d036574a-11a4-4aab-8f67-192024c8189e:group-829414074F17: set stopIndex = 0
2019-07-13 14:48:08,636 INFO  server.GrpcServerProtocolService (GrpcServerProtocolService.java:onCompleted(104)) - 4be6fbbb-303f-4603-a02e-9bb3d18d9f0a: appendEntries completed
2019-07-13 14:48:08,636 INFO  impl.StateMachineUpdater (StateMachineUpdater.java:stopAndJoin(115)) - StateMachineUpdater:d036574a-11a4-4aab-8f67-192024c8189e:group-D6B1007765A0: set stopIndex = 2
2019-07-13 14:48:08,630 INFO  server.GrpcServerProtocolService (GrpcServerProtocolService.java:onCompleted(104)) - 9a58c024-f685-44fe-a3a4-9e3a34df864a: appendEntries completed
2019-07-13 14:48:08,636 INFO  ratis.ContainerStateMachine (ContainerStateMachine.java:takeSnapshot(246)) - Taking snapshot at termIndex:(t:1, i:2)
2019-07-13 14:48:08,636 INFO  impl.RaftServerImpl (ServerState.java:close(394)) - d036574a-11a4-4aab-8f67-192024c8189e:group-829414074F17 closes. The last applied log index is 0
2019-07-13 14:48:08,641 INFO  ratis.ContainerStateMachine (ContainerStateMachine.java:takeSnapshot(250)) - Taking a snapshot to file /tmp/workdir/hadoop-ozone/integration-test/target/test-dir/MiniOzoneClusterImpl-3a2c7849-0d67-4a8c-832f-6796402464c3/datanode-2/data/ratis/65943d95-acc3-48a3-9c1b-d6b1007765a0/sm/snapshot.1_2
2019-07-13 14:48:08,641 INFO  server.GrpcLogAppender (GrpcLogAppender.java:onCompleted(292)) - d036574a-11a4-4aab-8f67-192024c8189e->4be6fbbb-303f-4603-a02e-9bb3d18d9f0a: follower responses appendEntries COMPLETED
2019-07-13 14:48:08,642 INFO  segmented.SegmentedRaftLogWorker (SegmentedRaftLogWorker.java:run(313)) - d036574a-11a4-4aab-8f67-192024c8189e-SegmentedRaftLogWorker:Storage Directory /tmp/workdir/hadoop-ozone/integration-test/target/test-dir/MiniOzoneClusterImpl-3a2c7849-0d67-4a8c-832f-6796402464c3/datanode-2/data/ratis/4f29e955-07ec-4837-ad34-829414074f17 was interrupted, exiting. There are 0 tasks remaining in the queue.
2019-07-13 14:48:08,642 INFO  server.GrpcLogAppender (GrpcLogAppender.java:onCompleted(292)) - d036574a-11a4-4aab-8f67-192024c8189e->9a58c024-f685-44fe-a3a4-9e3a34df864a: follower responses appendEntries COMPLETED
2019-07-13 14:48:08,642 INFO  impl.FollowerInfo (FollowerInfo.java:lambda$new$0(50)) - d036574a-11a4-4aab-8f67-192024c8189e->4be6fbbb-303f-4603-a02e-9bb3d18d9f0a: nextIndex: updateUnconditionally 3 -> 2
2019-07-13 14:48:08,642 INFO  impl.StateMachineUpdater (StateMachineUpdater.java:takeSnapshot(242)) - StateMachineUpdater:d036574a-11a4-4aab-8f67-192024c8189e:group-D6B1007765A0: Took a snapshot at index 2
2019-07-13 14:48:08,648 INFO  impl.FollowerInfo (FollowerInfo.java:lambda$new$0(50)) - d036574a-11a4-4aab-8f67-192024c8189e->9a58c024-f685-44fe-a3a4-9e3a34df864a: nextIndex: updateUnconditionally 3 -> 2
2019-07-13 14:48:08,648 INFO  impl.StateMachineUpdater (StateMachineUpdater.java:lambda$new$0(80)) - StateMachineUpdater:d036574a-11a4-4aab-8f67-192024c8189e:group-D6B1007765A0: snapshotIndex: updateIncreasingly -1 -> 2
2019-07-13 14:48:08,649 INFO  impl.RaftServerImpl (ServerState.java:close(394)) - d036574a-11a4-4aab-8f67-192024c8189e:group-D6B1007765A0 closes. The last applied log index is 2
2019-07-13 14:48:08,649 INFO  segmented.SegmentedRaftLogWorker (SegmentedRaftLogWorker.java:run(313)) - d036574a-11a4-4aab-8f67-192024c8189e-SegmentedRaftLogWorker:Storage Directory /tmp/workdir/hadoop-ozone/integration-test/target/test-dir/MiniOzoneClusterImpl-3a2c7849-0d67-4a8c-832f-6796402464c3/datanode-2/data/ratis/65943d95-acc3-48a3-9c1b-d6b1007765a0 was interrupted, exiting. There are 0 tasks remaining in the queue.
2019-07-13 14:48:08,654 INFO  segmented.SegmentedRaftLogWorker (SegmentedRaftLogWorker.java:close(228)) - d036574a-11a4-4aab-8f67-192024c8189e-SegmentedRaftLogWorker:Storage Directory /tmp/workdir/hadoop-ozone/integration-test/target/test-dir/MiniOzoneClusterImpl-3a2c7849-0d67-4a8c-832f-6796402464c3/datanode-2/data/ratis/4f29e955-07ec-4837-ad34-829414074f17 close()
2019-07-13 14:48:08,654 INFO  segmented.SegmentedRaftLogWorker (SegmentedRaftLogWorker.java:close(228)) - d036574a-11a4-4aab-8f67-192024c8189e-SegmentedRaftLogWorker:Storage Directory /tmp/workdir/hadoop-ozone/integration-test/target/test-dir/MiniOzoneClusterImpl-3a2c7849-0d67-4a8c-832f-6796402464c3/datanode-2/data/ratis/65943d95-acc3-48a3-9c1b-d6b1007765a0 close()
2019-07-13 14:48:08,673 INFO  server.GrpcService (GrpcService.java:closeImpl(155)) - d036574a-11a4-4aab-8f67-192024c8189e: shutdown server with port 32794 now
2019-07-13 14:48:08,674 INFO  server.GrpcService (GrpcService.java:closeImpl(163)) - d036574a-11a4-4aab-8f67-192024c8189e: shutdown server with port 32794 successfully
2019-07-13 14:48:08,679 INFO  utils.BackgroundService (BackgroundService.java:shutdown(148)) - Shutting down service BlockDeletingService
2019-07-13 14:48:08,680 WARN  fs.CachingGetSpaceUsed (CachingGetSpaceUsed.java:run(183)) - Thread Interrupted waiting to refresh disk information: sleep interrupted
2019-07-13 14:48:08,710 INFO  statemachine.DatanodeStateMachine (DatanodeStateMachine.java:stopDaemon(395)) - Ozone container server stopped.
2019-07-13 14:48:08,711 INFO  handler.ContextHandler (ContextHandler.java:doStop(910)) - Stopped o.e.j.w.WebAppContext@435a4d2d{/,null,UNAVAILABLE}{/hddsDatanode}
2019-07-13 14:48:08,712 INFO  server.AbstractConnector (AbstractConnector.java:doStop(318)) - Stopped ServerConnector@253379ec{HTTP/1.1,[http/1.1]}{0.0.0.0:0}
2019-07-13 14:48:08,712 INFO  handler.ContextHandler (ContextHandler.java:doStop(910)) - Stopped o.e.j.s.ServletContextHandler@726ee6cf{/static,jar:file:/home/user/.m2/repository/org/apache/hadoop/hadoop-hdds-container-service/0.5.0-SNAPSHOT/hadoop-hdds-container-service-0.5.0-SNAPSHOT.jar!/webapps/static,UNAVAILABLE}
2019-07-13 14:48:08,713 INFO  handler.ContextHandler (ContextHandler.java:doStop(910)) - Stopped o.e.j.s.ServletContextHandler@48dc06a9{/logs,file:///tmp/workdir/hadoop-ozone/integration-test/target/log,UNAVAILABLE}
2019-07-13 14:48:10,753 INFO  client.GrpcClientProtocolClient (GrpcClientProtocolClient.java:onNext(255)) - client-34332D4903D4->4be6fbbb-303f-4603-a02e-9bb3d18d9f0a: receive RaftClientReply:client-34332D4903D4->4be6fbbb-303f-4603-a02e-9bb3d18d9f0a@group-D6B1007765A0, cid=91, FAILED org.apache.ratis.protocol.NotLeaderException: Server 4be6fbbb-303f-4603-a02e-9bb3d18d9f0a is not the leader (d036574a-11a4-4aab-8f67-192024c8189e:192.168.5.172:32794). Request must be sent to leader., logIndex=0, commits[4be6fbbb-303f-4603-a02e-9bb3d18d9f0a:c2, 9a58c024-f685-44fe-a3a4-9e3a34df864a:c2, d036574a-11a4-4aab-8f67-192024c8189e:c2]
2019-07-13 14:48:10,940 WARN  server.GrpcLogAppender (LogUtils.java:warn(134)) - d09ac996-a1e3-4fee-879f-5fae352d8083->b3b35bbc-ecb3-4089-a051-cdbc3e98c858: Failed appendEntries: org.apache.ratis.thirdparty.io.grpc.StatusRuntimeException: UNAVAILABLE: io exception
2019-07-13 14:48:10,940 INFO  impl.FollowerInfo (FollowerInfo.java:lambda$new$0(50)) - d09ac996-a1e3-4fee-879f-5fae352d8083->b3b35bbc-ecb3-4089-a051-cdbc3e98c858: nextIndex: updateUnconditionally 0 -> 0
2019-07-13 14:48:10,941 WARN  server.GrpcLogAppender (LogUtils.java:warn(134)) - d09ac996-a1e3-4fee-879f-5fae352d8083->df0f1f66-3432-46de-9fbe-84c0ce15a20c: Failed appendEntries: org.apache.ratis.thirdparty.io.grpc.StatusRuntimeException: UNAVAILABLE: io exception
2019-07-13 14:48:10,942 INFO  impl.FollowerInfo (FollowerInfo.java:lambda$new$0(50)) - d09ac996-a1e3-4fee-879f-5fae352d8083->df0f1f66-3432-46de-9fbe-84c0ce15a20c: nextIndex: updateUnconditionally 0 -> 0
2019-07-13 14:48:11,825 INFO  client.GrpcClientProtocolClient (GrpcClientProtocolClient.java:onNext(255)) - client-34332D4903D4->4be6fbbb-303f-4603-a02e-9bb3d18d9f0a: receive RaftClientReply:client-34332D4903D4->4be6fbbb-303f-4603-a02e-9bb3d18d9f0a@group-D6B1007765A0, cid=91, FAILED org.apache.ratis.protocol.NotLeaderException: Server 4be6fbbb-303f-4603-a02e-9bb3d18d9f0a is not the leader (d036574a-11a4-4aab-8f67-192024c8189e:192.168.5.172:32794). Request must be sent to leader., logIndex=0, commits[4be6fbbb-303f-4603-a02e-9bb3d18d9f0a:c2, 9a58c024-f685-44fe-a3a4-9e3a34df864a:c2, d036574a-11a4-4aab-8f67-192024c8189e:c2]
2019-07-13 14:48:12,886 INFO  client.GrpcClientProtocolClient (GrpcClientProtocolClient.java:onNext(255)) - client-34332D4903D4->9a58c024-f685-44fe-a3a4-9e3a34df864a: receive RaftClientReply:client-34332D4903D4->9a58c024-f685-44fe-a3a4-9e3a34df864a@group-D6B1007765A0, cid=91, FAILED org.apache.ratis.protocol.NotLeaderException: Server 9a58c024-f685-44fe-a3a4-9e3a34df864a is not the leader (d036574a-11a4-4aab-8f67-192024c8189e:192.168.5.172:32794). Request must be sent to leader., logIndex=0, commits[9a58c024-f685-44fe-a3a4-9e3a34df864a:c2, 4be6fbbb-303f-4603-a02e-9bb3d18d9f0a:c2, d036574a-11a4-4aab-8f67-192024c8189e:c2]
2019-07-13 14:48:13,440 WARN  server.GrpcLogAppender (LogUtils.java:warn(134)) - d09ac996-a1e3-4fee-879f-5fae352d8083->b3b35bbc-ecb3-4089-a051-cdbc3e98c858: Failed appendEntries: org.apache.ratis.thirdparty.io.grpc.StatusRuntimeException: UNAVAILABLE: io exception
2019-07-13 14:48:13,441 INFO  impl.FollowerInfo (FollowerInfo.java:lambda$new$0(50)) - d09ac996-a1e3-4fee-879f-5fae352d8083->b3b35bbc-ecb3-4089-a051-cdbc3e98c858: nextIndex: updateUnconditionally 0 -> 0
2019-07-13 14:48:13,442 WARN  server.GrpcLogAppender (LogUtils.java:warn(134)) - d09ac996-a1e3-4fee-879f-5fae352d8083->df0f1f66-3432-46de-9fbe-84c0ce15a20c: Failed appendEntries: org.apache.ratis.thirdparty.io.grpc.StatusRuntimeException: UNAVAILABLE: io exception
2019-07-13 14:48:13,442 INFO  impl.FollowerInfo (FollowerInfo.java:lambda$new$0(50)) - d09ac996-a1e3-4fee-879f-5fae352d8083->df0f1f66-3432-46de-9fbe-84c0ce15a20c: nextIndex: updateUnconditionally 0 -> 0
2019-07-13 14:48:13,930 INFO  client.GrpcClientProtocolClient (GrpcClientProtocolClient.java:onNext(255)) - client-34332D4903D4->9a58c024-f685-44fe-a3a4-9e3a34df864a: receive RaftClientReply:client-34332D4903D4->9a58c024-f685-44fe-a3a4-9e3a34df864a@group-D6B1007765A0, cid=91, FAILED org.apache.ratis.protocol.NotLeaderException: Server 9a58c024-f685-44fe-a3a4-9e3a34df864a is not the leader (d036574a-11a4-4aab-8f67-192024c8189e:192.168.5.172:32794). Request must be sent to leader., logIndex=0, commits[9a58c024-f685-44fe-a3a4-9e3a34df864a:c2, 4be6fbbb-303f-4603-a02e-9bb3d18d9f0a:c2, d036574a-11a4-4aab-8f67-192024c8189e:c2]
]]></system-out>
    <system-err><![CDATA[Jul 13, 2019 2:47:52 PM com.sun.jersey.server.impl.application.WebApplicationImpl _initiate
INFO: Initiating Jersey application, version 'Jersey: 1.19 02/11/2015 03:25 AM'
Jul 13, 2019 2:47:52 PM com.sun.jersey.server.impl.application.WebApplicationImpl _initiate
INFO: Initiating Jersey application, version 'Jersey: 1.19 02/11/2015 03:25 AM'
Jul 13, 2019 2:47:53 PM com.sun.jersey.server.impl.application.WebApplicationImpl _initiate
INFO: Initiating Jersey application, version 'Jersey: 1.19 02/11/2015 03:25 AM'
Jul 13, 2019 2:47:53 PM org.apache.ratis.thirdparty.io.grpc.internal.ManagedChannelOrphanWrapper$ManagedChannelReference cleanQueue
SEVERE: *~*~*~ Channel ManagedChannelImpl{logId=846, target=192.168.5.172:37886} was not shutdown properly!!! ~*~*~*
    Make sure to call shutdown()/shutdownNow() and wait until awaitTermination() returns true.
java.lang.RuntimeException: ManagedChannel allocation site
	at org.apache.ratis.thirdparty.io.grpc.internal.ManagedChannelOrphanWrapper$ManagedChannelReference.<init>(ManagedChannelOrphanWrapper.java:103)
	at org.apache.ratis.thirdparty.io.grpc.internal.ManagedChannelOrphanWrapper.<init>(ManagedChannelOrphanWrapper.java:53)
	at org.apache.ratis.thirdparty.io.grpc.internal.ManagedChannelOrphanWrapper.<init>(ManagedChannelOrphanWrapper.java:44)
	at org.apache.ratis.thirdparty.io.grpc.internal.AbstractManagedChannelImplBuilder.build(AbstractManagedChannelImplBuilder.java:411)
	at org.apache.ratis.grpc.client.GrpcClientProtocolClient.<init>(GrpcClientProtocolClient.java:119)
	at org.apache.ratis.grpc.client.GrpcClientRpc.lambda$new$0(GrpcClientRpc.java:55)
	at org.apache.ratis.util.PeerProxyMap$PeerAndProxy.lambda$getProxy$0(PeerProxyMap.java:61)
	at org.apache.ratis.util.LifeCycle.startAndTransition(LifeCycle.java:202)
	at org.apache.ratis.util.PeerProxyMap$PeerAndProxy.getProxy(PeerProxyMap.java:60)
	at org.apache.ratis.util.PeerProxyMap.getProxy(PeerProxyMap.java:107)
	at org.apache.ratis.grpc.client.GrpcClientRpc.sendRequestAsync(GrpcClientRpc.java:66)
	at org.apache.ratis.client.impl.OrderedAsync.sendRequest(OrderedAsync.java:208)
	at org.apache.ratis.client.impl.OrderedAsync.sendRequestWithRetry(OrderedAsync.java:169)
	at org.apache.ratis.util.SlidingWindow$Client.sendOrDelayRequest(SlidingWindow.java:278)
	at org.apache.ratis.util.SlidingWindow$Client.retry(SlidingWindow.java:294)
	at org.apache.ratis.client.impl.OrderedAsync.lambda$scheduleWithTimeout$7(OrderedAsync.java:195)
	at org.apache.ratis.util.TimeoutScheduler.lambda$onTimeout$0(TimeoutScheduler.java:85)
	at org.apache.ratis.util.TimeoutScheduler.lambda$onTimeout$1(TimeoutScheduler.java:104)
	at org.apache.ratis.util.LogUtils.runAndLog(LogUtils.java:50)
	at org.apache.ratis.util.LogUtils$1.run(LogUtils.java:91)
	at java.util.concurrent.Executors$RunnableAdapter.call(Executors.java:511)
	at java.util.concurrent.FutureTask.run(FutureTask.java:266)
	at java.util.concurrent.ScheduledThreadPoolExecutor$ScheduledFutureTask.access$201(ScheduledThreadPoolExecutor.java:180)
	at java.util.concurrent.ScheduledThreadPoolExecutor$ScheduledFutureTask.run(ScheduledThreadPoolExecutor.java:293)
	at java.util.concurrent.ThreadPoolExecutor.runWorker(ThreadPoolExecutor.java:1149)
	at java.util.concurrent.ThreadPoolExecutor$Worker.run(ThreadPoolExecutor.java:624)
	at java.lang.Thread.run(Thread.java:748)

Jul 13, 2019 2:47:53 PM com.sun.jersey.server.impl.application.WebApplicationImpl _initiate
INFO: Initiating Jersey application, version 'Jersey: 1.19 02/11/2015 03:25 AM'
Jul 13, 2019 2:47:53 PM com.sun.jersey.server.impl.application.WebApplicationImpl _initiate
INFO: Initiating Jersey application, version 'Jersey: 1.19 02/11/2015 03:25 AM'
Jul 13, 2019 2:47:53 PM com.sun.jersey.server.impl.application.WebApplicationImpl _initiate
INFO: Initiating Jersey application, version 'Jersey: 1.19 02/11/2015 03:25 AM'
Jul 13, 2019 2:47:54 PM com.sun.jersey.server.impl.application.WebApplicationImpl _initiate
INFO: Initiating Jersey application, version 'Jersey: 1.19 02/11/2015 03:25 AM'
]]></system-err>
  </testcase>
  <testcase name="test2WayCommitForRetryfailure" classname="org.apache.hadoop.ozone.client.rpc.TestWatchForCommit" time="42.666"/>
</testsuite>