<?xml version="1.0" encoding="UTF-8"?>
<testsuite xmlns:xsi="http://www.w3.org/2001/XMLSchema-instance" xsi:noNamespaceSchemaLocation="https://maven.apache.org/surefire/maven-surefire-plugin/xsd/surefire-test-report.xsd" name="org.apache.hadoop.ozone.client.rpc.TestBlockOutputStreamWithFailures" time="726.297" tests="8" errors="5" skipped="0" failures="0">
  <properties>
    <property name="awt.toolkit" value="sun.awt.X11.XToolkit"/>
    <property name="file.encoding.pkg" value="sun.io"/>
    <property name="java.specification.version" value="1.8"/>
    <property name="sun.cpu.isalist" value=""/>
    <property name="sun.jnu.encoding" value="UTF-8"/>
    <property name="java.class.path" value="/tmp/workdir/hadoop-ozone/integration-test/target/test-classes:/tmp/workdir/hadoop-ozone/integration-test/target/classes:/home/user/.m2/repository/org/apache/hadoop/hadoop-ozone-common/0.5.0-SNAPSHOT/hadoop-ozone-common-0.5.0-SNAPSHOT.jar:/home/user/.m2/repository/org/apache/commons/commons-compress/1.4.1/commons-compress-1.4.1.jar:/home/user/.m2/repository/org/tukaani/xz/1.0/xz-1.0.jar:/home/user/.m2/repository/org/apache/hadoop/hadoop-common/3.2.0/hadoop-common-3.2.0.jar:/home/user/.m2/repository/org/apache/hadoop/hadoop-hdfs/3.2.0/hadoop-hdfs-3.2.0.jar:/home/user/.m2/repository/org/apache/hadoop/hadoop-hdfs-client/3.2.0/hadoop-hdfs-client-3.2.0.jar:/home/user/.m2/repository/com/fasterxml/jackson/core/jackson-annotations/2.9.5/jackson-annotations-2.9.5.jar:/home/user/.m2/repository/org/apache/hadoop/hadoop-hdds-common/0.5.0-SNAPSHOT/hadoop-hdds-common-0.5.0-SNAPSHOT.jar:/home/user/.m2/repository/javax/annotation/javax.annotation-api/1.2/javax.annotation-api-1.2.jar:/home/user/.m2/repository/org/apache/ratis/ratis-server/0.4.0-2337318-SNAPSHOT/ratis-server-0.4.0-2337318-SNAPSHOT.jar:/home/user/.m2/repository/org/apache/ratis/ratis-thirdparty-misc/0.2.0/ratis-thirdparty-misc-0.2.0.jar:/home/user/.m2/repository/org/apache/ratis/ratis-proto/0.4.0-2337318-SNAPSHOT/ratis-proto-0.4.0-2337318-SNAPSHOT.jar:/home/user/.m2/repository/org/apache/ratis/ratis-common/0.4.0-2337318-SNAPSHOT/ratis-common-0.4.0-2337318-SNAPSHOT.jar:/home/user/.m2/repository/org/apache/ratis/ratis-client/0.4.0-2337318-SNAPSHOT/ratis-client-0.4.0-2337318-SNAPSHOT.jar:/home/user/.m2/repository/org/apache/ratis/ratis-metrics/0.4.0-2337318-SNAPSHOT/ratis-metrics-0.4.0-2337318-SNAPSHOT.jar:/home/user/.m2/repository/org/apache/ratis/ratis-netty/0.4.0-2337318-SNAPSHOT/ratis-netty-0.4.0-2337318-SNAPSHOT.jar:/home/user/.m2/repository/org/apache/ratis/ratis-grpc/0.4.0-2337318-SNAPSHOT/ratis-grpc-0.4.0-2337318-SNAPSHOT.jar:/home/user/.m2/repository/org/rocksdb/rocksdbjni/6.0.1/rocksdbjni-6.0.1.jar:/home/user/.m2/repository/org/apache/logging/log4j/log4j-api/2.11.0/log4j-api-2.11.0.jar:/home/user/.m2/repository/org/apache/logging/log4j/log4j-core/2.11.0/log4j-core-2.11.0.jar:/home/user/.m2/repository/com/lmax/disruptor/3.4.2/disruptor-3.4.2.jar:/home/user/.m2/repository/org/apache/commons/commons-pool2/2.6.0/commons-pool2-2.6.0.jar:/home/user/.m2/repository/org/bouncycastle/bcpkix-jdk15on/1.60/bcpkix-jdk15on-1.60.jar:/home/user/.m2/repository/commons-validator/commons-validator/1.6/commons-validator-1.6.jar:/home/user/.m2/repository/commons-digester/commons-digester/1.8.1/commons-digester-1.8.1.jar:/home/user/.m2/repository/io/jaegertracing/jaeger-client/0.33.1/jaeger-client-0.33.1.jar:/home/user/.m2/repository/io/jaegertracing/jaeger-thrift/0.33.1/jaeger-thrift-0.33.1.jar:/home/user/.m2/repository/org/apache/thrift/libthrift/0.11.0/libthrift-0.11.0.jar:/home/user/.m2/repository/com/squareup/okhttp3/okhttp/3.9.0/okhttp-3.9.0.jar:/home/user/.m2/repository/com/squareup/okio/okio/1.13.0/okio-1.13.0.jar:/home/user/.m2/repository/io/jaegertracing/jaeger-core/0.33.1/jaeger-core-0.33.1.jar:/home/user/.m2/repository/io/jaegertracing/jaeger-tracerresolver/0.33.1/jaeger-tracerresolver-0.33.1.jar:/home/user/.m2/repository/io/opentracing/contrib/opentracing-tracerresolver/0.1.5/opentracing-tracerresolver-0.1.5.jar:/home/user/.m2/repository/io/opentracing/opentracing-util/0.31.0/opentracing-util-0.31.0.jar:/home/user/.m2/repository/io/opentracing/opentracing-api/0.31.0/opentracing-api-0.31.0.jar:/home/user/.m2/repository/io/opentracing/opentracing-noop/0.31.0/opentracing-noop-0.31.0.jar:/home/user/.m2/repository/org/apache/hadoop/hadoop-hdds-server-framework/0.5.0-SNAPSHOT/hadoop-hdds-server-framework-0.5.0-SNAPSHOT.jar:/home/user/.m2/repository/org/apache/hadoop/hadoop-hdds-container-service/0.5.0-SNAPSHOT/hadoop-hdds-container-service-0.5.0-SNAPSHOT.jar:/home/user/.m2/repository/org/apache/hadoop/hadoop-hdds-client/0.5.0-SNAPSHOT/hadoop-hdds-client-0.5.0-SNAPSHOT.jar:/home/user/.m2/repository/org/apache/hadoop/hadoop-hdds-tools/0.5.0-SNAPSHOT/hadoop-hdds-tools-0.5.0-SNAPSHOT.jar:/home/user/.m2/repository/org/apache/hadoop/hadoop-hdds-server-scm/0.5.0-SNAPSHOT/hadoop-hdds-server-scm-0.5.0-SNAPSHOT.jar:/home/user/.m2/repository/org/apache/hadoop/hadoop-hdds-docs/0.5.0-SNAPSHOT/hadoop-hdds-docs-0.5.0-SNAPSHOT.jar:/home/user/.m2/repository/io/dropwizard/metrics/metrics-core/3.2.4/metrics-core-3.2.4.jar:/home/user/.m2/repository/org/hamcrest/hamcrest-all/1.3/hamcrest-all-1.3.jar:/home/user/.m2/repository/org/bouncycastle/bcprov-jdk15on/1.60/bcprov-jdk15on-1.60.jar:/home/user/.m2/repository/info/picocli/picocli/3.9.6/picocli-3.9.6.jar:/home/user/.m2/repository/com/google/protobuf/protobuf-java/2.5.0/protobuf-java-2.5.0.jar:/home/user/.m2/repository/com/google/guava/guava/11.0.2/guava-11.0.2.jar:/home/user/.m2/repository/org/apache/hadoop/hadoop-ozone-ozone-manager/0.5.0-SNAPSHOT/hadoop-ozone-ozone-manager-0.5.0-SNAPSHOT.jar:/home/user/.m2/repository/org/apache/hadoop/hadoop-minikdc/3.2.0/hadoop-minikdc-3.2.0.jar:/home/user/.m2/repository/commons-io/commons-io/2.5/commons-io-2.5.jar:/home/user/.m2/repository/org/apache/kerby/kerb-simplekdc/1.0.1/kerb-simplekdc-1.0.1.jar:/home/user/.m2/repository/org/apache/kerby/kerb-client/1.0.1/kerb-client-1.0.1.jar:/home/user/.m2/repository/org/apache/kerby/kerby-config/1.0.1/kerby-config-1.0.1.jar:/home/user/.m2/repository/org/apache/kerby/kerb-core/1.0.1/kerb-core-1.0.1.jar:/home/user/.m2/repository/org/apache/kerby/kerby-pkix/1.0.1/kerby-pkix-1.0.1.jar:/home/user/.m2/repository/org/apache/kerby/kerby-asn1/1.0.1/kerby-asn1-1.0.1.jar:/home/user/.m2/repository/org/apache/kerby/kerby-util/1.0.1/kerby-util-1.0.1.jar:/home/user/.m2/repository/org/apache/kerby/kerb-common/1.0.1/kerb-common-1.0.1.jar:/home/user/.m2/repository/org/apache/kerby/kerb-crypto/1.0.1/kerb-crypto-1.0.1.jar:/home/user/.m2/repository/org/apache/kerby/kerb-util/1.0.1/kerb-util-1.0.1.jar:/home/user/.m2/repository/org/apache/kerby/token-provider/1.0.1/token-provider-1.0.1.jar:/home/user/.m2/repository/org/apache/kerby/kerb-admin/1.0.1/kerb-admin-1.0.1.jar:/home/user/.m2/repository/org/apache/kerby/kerb-server/1.0.1/kerb-server-1.0.1.jar:/home/user/.m2/repository/org/apache/kerby/kerb-identity/1.0.1/kerb-identity-1.0.1.jar:/home/user/.m2/repository/org/apache/kerby/kerby-xdr/1.0.1/kerby-xdr-1.0.1.jar:/home/user/.m2/repository/org/slf4j/slf4j-log4j12/1.7.25/slf4j-log4j12-1.7.25.jar:/home/user/.m2/repository/org/apache/hadoop/hadoop-ozone-objectstore-service/0.5.0-SNAPSHOT/hadoop-ozone-objectstore-service-0.5.0-SNAPSHOT.jar:/home/user/.m2/repository/org/apache/hadoop/hadoop-ozone-s3gateway/0.5.0-SNAPSHOT/hadoop-ozone-s3gateway-0.5.0-SNAPSHOT.jar:/home/user/.m2/repository/org/jboss/weld/servlet/weld-servlet/2.4.7.Final/weld-servlet-2.4.7.Final.jar:/home/user/.m2/repository/org/glassfish/jersey/containers/jersey-container-servlet-core/2.27/jersey-container-servlet-core-2.27.jar:/home/user/.m2/repository/org/glassfish/hk2/external/javax.inject/2.5.0-b42/javax.inject-2.5.0-b42.jar:/home/user/.m2/repository/org/glassfish/jersey/core/jersey-common/2.27/jersey-common-2.27.jar:/home/user/.m2/repository/org/glassfish/hk2/osgi-resource-locator/1.0.1/osgi-resource-locator-1.0.1.jar:/home/user/.m2/repository/javax/ws/rs/javax.ws.rs-api/2.1/javax.ws.rs-api-2.1.jar:/home/user/.m2/repository/org/glassfish/jersey/ext/cdi/jersey-cdi1x/2.27/jersey-cdi1x-2.27.jar:/home/user/.m2/repository/org/glassfish/jersey/inject/jersey-hk2/2.27/jersey-hk2-2.27.jar:/home/user/.m2/repository/org/glassfish/hk2/hk2-locator/2.5.0-b42/hk2-locator-2.5.0-b42.jar:/home/user/.m2/repository/org/javassist/javassist/3.22.0-CR2/javassist-3.22.0-CR2.jar:/home/user/.m2/repository/org/glassfish/hk2/hk2-api/2.5.0/hk2-api-2.5.0.jar:/home/user/.m2/repository/org/glassfish/hk2/external/jakarta.inject/2.5.0/jakarta.inject-2.5.0.jar:/home/user/.m2/repository/org/glassfish/hk2/hk2-utils/2.5.0/hk2-utils-2.5.0.jar:/home/user/.m2/repository/jakarta/annotation/jakarta.annotation-api/1.3.4/jakarta.annotation-api-1.3.4.jar:/home/user/.m2/repository/org/glassfish/hk2/external/aopalliance-repackaged/2.5.0/aopalliance-repackaged-2.5.0.jar:/home/user/.m2/repository/com/fasterxml/jackson/dataformat/jackson-dataformat-xml/2.9.0/jackson-dataformat-xml-2.9.0.jar:/home/user/.m2/repository/com/fasterxml/jackson/core/jackson-core/2.9.5/jackson-core-2.9.5.jar:/home/user/.m2/repository/com/fasterxml/jackson/module/jackson-module-jaxb-annotations/2.9.5/jackson-module-jaxb-annotations-2.9.5.jar:/home/user/.m2/repository/javax/enterprise/cdi-api/1.2/cdi-api-1.2.jar:/home/user/.m2/repository/javax/el/javax.el-api/3.0.0/javax.el-api-3.0.0.jar:/home/user/.m2/repository/javax/interceptor/javax.interceptor-api/1.2/javax.interceptor-api-1.2.jar:/home/user/.m2/repository/javax/inject/javax.inject/1/javax.inject-1.jar:/home/user/.m2/repository/com/sun/xml/bind/jaxb-impl/2.3.0.1/jaxb-impl-2.3.0.1.jar:/home/user/.m2/repository/com/sun/xml/bind/jaxb-core/2.3.0.1/jaxb-core-2.3.0.1.jar:/home/user/.m2/repository/javax/xml/bind/jaxb-api/2.3.0/jaxb-api-2.3.0.jar:/home/user/.m2/repository/javax/activation/activation/1.1.1/activation-1.1.1.jar:/home/user/.m2/repository/org/apache/hadoop/hadoop-ozone-csi/0.5.0-SNAPSHOT/hadoop-ozone-csi-0.5.0-SNAPSHOT.jar:/home/user/.m2/repository/com/google/protobuf/protobuf-java-util/3.5.1/protobuf-java-util-3.5.1.jar:/home/user/.m2/repository/org/apache/hadoop/hadoop-hdds-config/0.5.0-SNAPSHOT/hadoop-hdds-config-0.5.0-SNAPSHOT.jar:/home/user/.m2/repository/io/grpc/grpc-netty/1.17.1/grpc-netty-1.17.1.jar:/home/user/.m2/repository/io/grpc/grpc-core/1.17.1/grpc-core-1.17.1.jar:/home/user/.m2/repository/io/grpc/grpc-context/1.17.1/grpc-context-1.17.1.jar:/home/user/.m2/repository/com/google/errorprone/error_prone_annotations/2.2.0/error_prone_annotations-2.2.0.jar:/home/user/.m2/repository/org/codehaus/mojo/animal-sniffer-annotations/1.17/animal-sniffer-annotations-1.17.jar:/home/user/.m2/repository/io/opencensus/opencensus-api/0.17.0/opencensus-api-0.17.0.jar:/home/user/.m2/repository/io/opencensus/opencensus-contrib-grpc-metrics/0.17.0/opencensus-contrib-grpc-metrics-0.17.0.jar:/home/user/.m2/repository/io/netty/netty-codec-http2/4.1.30.Final/netty-codec-http2-4.1.30.Final.jar:/home/user/.m2/repository/io/netty/netty-codec-http/4.1.30.Final/netty-codec-http-4.1.30.Final.jar:/home/user/.m2/repository/io/netty/netty-codec/4.1.30.Final/netty-codec-4.1.30.Final.jar:/home/user/.m2/repository/io/netty/netty-handler/4.1.30.Final/netty-handler-4.1.30.Final.jar:/home/user/.m2/repository/io/netty/netty-handler-proxy/4.1.30.Final/netty-handler-proxy-4.1.30.Final.jar:/home/user/.m2/repository/io/netty/netty-codec-socks/4.1.30.Final/netty-codec-socks-4.1.30.Final.jar:/home/user/.m2/repository/io/netty/netty-transport-native-epoll/4.1.30.Final/netty-transport-native-epoll-4.1.30.Final.jar:/home/user/.m2/repository/io/netty/netty-common/4.1.30.Final/netty-common-4.1.30.Final.jar:/home/user/.m2/repository/io/netty/netty-buffer/4.1.30.Final/netty-buffer-4.1.30.Final.jar:/home/user/.m2/repository/io/netty/netty-transport/4.1.30.Final/netty-transport-4.1.30.Final.jar:/home/user/.m2/repository/io/netty/netty-resolver/4.1.30.Final/netty-resolver-4.1.30.Final.jar:/home/user/.m2/repository/io/netty/netty-transport-native-unix-common/4.1.30.Final/netty-transport-native-unix-common-4.1.30.Final.jar:/home/user/.m2/repository/io/grpc/grpc-protobuf/1.17.1/grpc-protobuf-1.17.1.jar:/home/user/.m2/repository/com/google/api/grpc/proto-google-common-protos/1.0.0/proto-google-common-protos-1.0.0.jar:/home/user/.m2/repository/io/grpc/grpc-protobuf-lite/1.17.1/grpc-protobuf-lite-1.17.1.jar:/home/user/.m2/repository/io/grpc/grpc-stub/1.17.1/grpc-stub-1.17.1.jar:/home/user/.m2/repository/org/apache/hadoop/hadoop-ozone-recon/0.5.0-SNAPSHOT/hadoop-ozone-recon-0.5.0-SNAPSHOT.jar:/home/user/.m2/repository/org/apache/hadoop/hadoop-ozone-reconcodegen/0.5.0-SNAPSHOT/hadoop-ozone-reconcodegen-0.5.0-SNAPSHOT.jar:/home/user/.m2/repository/com/google/inject/extensions/guice-multibindings/4.0/guice-multibindings-4.0.jar:/home/user/.m2/repository/com/google/inject/guice/4.0/guice-4.0.jar:/home/user/.m2/repository/aopalliance/aopalliance/1.0/aopalliance-1.0.jar:/home/user/.m2/repository/com/google/inject/extensions/guice-servlet/4.0/guice-servlet-4.0.jar:/home/user/.m2/repository/org/glassfish/jersey/containers/jersey-container-servlet/2.27/jersey-container-servlet-2.27.jar:/home/user/.m2/repository/org/glassfish/hk2/guice-bridge/2.5.0/guice-bridge-2.5.0.jar:/home/user/.m2/repository/org/glassfish/jersey/core/jersey-server/2.27/jersey-server-2.27.jar:/home/user/.m2/repository/org/glassfish/jersey/core/jersey-client/2.27/jersey-client-2.27.jar:/home/user/.m2/repository/org/glassfish/jersey/media/jersey-media-jaxb/2.27/jersey-media-jaxb-2.27.jar:/home/user/.m2/repository/javax/validation/validation-api/1.1.0.Final/validation-api-1.1.0.Final.jar:/home/user/.m2/repository/org/glassfish/jersey/media/jersey-media-json-jackson/2.27/jersey-media-json-jackson-2.27.jar:/home/user/.m2/repository/org/glassfish/jersey/ext/jersey-entity-filtering/2.27/jersey-entity-filtering-2.27.jar:/home/user/.m2/repository/com/google/inject/extensions/guice-assistedinject/4.0/guice-assistedinject-4.0.jar:/home/user/.m2/repository/org/jooq/jooq/3.11.10/jooq-3.11.10.jar:/home/user/.m2/repository/org/jooq/jooq-meta/3.11.10/jooq-meta-3.11.10.jar:/home/user/.m2/repository/org/jooq/jooq-codegen/3.11.10/jooq-codegen-3.11.10.jar:/home/user/.m2/repository/com/jolbox/bonecp/0.8.0.RELEASE/bonecp-0.8.0.RELEASE.jar:/home/user/.m2/repository/org/xerial/sqlite-jdbc/3.25.2/sqlite-jdbc-3.25.2.jar:/home/user/.m2/repository/org/springframework/spring-jdbc/5.1.3.RELEASE/spring-jdbc-5.1.3.RELEASE.jar:/home/user/.m2/repository/org/springframework/spring-beans/5.1.3.RELEASE/spring-beans-5.1.3.RELEASE.jar:/home/user/.m2/repository/org/springframework/spring-core/5.1.3.RELEASE/spring-core-5.1.3.RELEASE.jar:/home/user/.m2/repository/org/springframework/spring-jcl/5.1.3.RELEASE/spring-jcl-5.1.3.RELEASE.jar:/home/user/.m2/repository/org/springframework/spring-tx/5.1.3.RELEASE/spring-tx-5.1.3.RELEASE.jar:/home/user/.m2/repository/org/apache/hadoop/hadoop-ozone-client/0.5.0-SNAPSHOT/hadoop-ozone-client-0.5.0-SNAPSHOT.jar:/home/user/.m2/repository/commons-lang/commons-lang/2.6/commons-lang-2.6.jar:/home/user/.m2/repository/org/apache/hadoop/hadoop-ozone-ozone-manager/0.5.0-SNAPSHOT/hadoop-ozone-ozone-manager-0.5.0-SNAPSHOT-tests.jar:/home/user/.m2/repository/junit/junit/4.11/junit-4.11.jar:/home/user/.m2/repository/org/hamcrest/hamcrest-core/1.3/hamcrest-core-1.3.jar:/home/user/.m2/repository/org/openjdk/jmh/jmh-core/1.19/jmh-core-1.19.jar:/home/user/.m2/repository/net/sf/jopt-simple/jopt-simple/4.6/jopt-simple-4.6.jar:/home/user/.m2/repository/org/apache/commons/commons-math3/3.1.1/commons-math3-3.1.1.jar:/home/user/.m2/repository/org/openjdk/jmh/jmh-generator-annprocess/1.19/jmh-generator-annprocess-1.19.jar:/home/user/.m2/repository/org/mockito/mockito-all/1.8.5/mockito-all-1.8.5.jar:/home/user/.m2/repository/org/apache/hadoop/hadoop-kms/3.2.0/hadoop-kms-3.2.0.jar:/home/user/.m2/repository/org/apache/hadoop/hadoop-auth/3.2.0/hadoop-auth-3.2.0.jar:/home/user/.m2/repository/com/nimbusds/nimbus-jose-jwt/4.41.1/nimbus-jose-jwt-4.41.1.jar:/home/user/.m2/repository/com/github/stephenc/jcip/jcip-annotations/1.0-1/jcip-annotations-1.0-1.jar:/home/user/.m2/repository/net/minidev/json-smart/2.3/json-smart-2.3.jar:/home/user/.m2/repository/net/minidev/accessors-smart/1.2/accessors-smart-1.2.jar:/home/user/.m2/repository/org/ow2/asm/asm/5.0.4/asm-5.0.4.jar:/home/user/.m2/repository/org/apache/curator/curator-framework/2.12.0/curator-framework-2.12.0.jar:/home/user/.m2/repository/com/sun/jersey/jersey-core/1.19/jersey-core-1.19.jar:/home/user/.m2/repository/javax/ws/rs/jsr311-api/1.1.1/jsr311-api-1.1.1.jar:/home/user/.m2/repository/com/sun/jersey/jersey-server/1.19/jersey-server-1.19.jar:/home/user/.m2/repository/javax/servlet/javax.servlet-api/3.1.0/javax.servlet-api-3.1.0.jar:/home/user/.m2/repository/org/eclipse/jetty/jetty-server/9.3.24.v20180605/jetty-server-9.3.24.v20180605.jar:/home/user/.m2/repository/org/eclipse/jetty/jetty-http/9.3.24.v20180605/jetty-http-9.3.24.v20180605.jar:/home/user/.m2/repository/org/eclipse/jetty/jetty-io/9.3.24.v20180605/jetty-io-9.3.24.v20180605.jar:/home/user/.m2/repository/org/eclipse/jetty/jetty-webapp/9.3.24.v20180605/jetty-webapp-9.3.24.v20180605.jar:/home/user/.m2/repository/org/eclipse/jetty/jetty-xml/9.3.24.v20180605/jetty-xml-9.3.24.v20180605.jar:/home/user/.m2/repository/log4j/log4j/1.2.17/log4j-1.2.17.jar:/home/user/.m2/repository/org/slf4j/slf4j-api/1.7.25/slf4j-api-1.7.25.jar:/home/user/.m2/repository/org/slf4j/jul-to-slf4j/1.7.25/jul-to-slf4j-1.7.25.jar:/home/user/.m2/repository/org/eclipse/jetty/jetty-util/9.3.24.v20180605/jetty-util-9.3.24.v20180605.jar:/home/user/.m2/repository/com/fasterxml/jackson/core/jackson-databind/2.9.5/jackson-databind-2.9.5.jar:/home/user/.m2/repository/org/apache/hadoop/hadoop-kms/3.2.0/hadoop-kms-3.2.0-tests.jar:/home/user/.m2/repository/org/apache/hadoop/hadoop-hdds-server-scm/0.5.0-SNAPSHOT/hadoop-hdds-server-scm-0.5.0-SNAPSHOT-tests.jar:/home/user/.m2/repository/org/apache/hadoop/hadoop-hdds-container-service/0.5.0-SNAPSHOT/hadoop-hdds-container-service-0.5.0-SNAPSHOT-tests.jar:/home/user/.m2/repository/org/yaml/snakeyaml/1.16/snakeyaml-1.16.jar:/home/user/.m2/repository/org/apache/hadoop/hadoop-common/3.2.0/hadoop-common-3.2.0-tests.jar:/home/user/.m2/repository/org/apache/hadoop/hadoop-annotations/3.2.0/hadoop-annotations-3.2.0.jar:/usr/lib/jvm/java-1.8-openjdk/jre/../lib/tools.jar:/home/user/.m2/repository/commons-cli/commons-cli/1.2/commons-cli-1.2.jar:/home/user/.m2/repository/org/apache/httpcomponents/httpclient/4.5.2/httpclient-4.5.2.jar:/home/user/.m2/repository/org/apache/httpcomponents/httpcore/4.4.4/httpcore-4.4.4.jar:/home/user/.m2/repository/commons-codec/commons-codec/1.11/commons-codec-1.11.jar:/home/user/.m2/repository/commons-net/commons-net/3.6/commons-net-3.6.jar:/home/user/.m2/repository/commons-collections/commons-collections/3.2.2/commons-collections-3.2.2.jar:/home/user/.m2/repository/org/eclipse/jetty/jetty-servlet/9.3.24.v20180605/jetty-servlet-9.3.24.v20180605.jar:/home/user/.m2/repository/org/eclipse/jetty/jetty-security/9.3.24.v20180605/jetty-security-9.3.24.v20180605.jar:/home/user/.m2/repository/javax/servlet/jsp/jsp-api/2.1/jsp-api-2.1.jar:/home/user/.m2/repository/com/sun/jersey/jersey-servlet/1.19/jersey-servlet-1.19.jar:/home/user/.m2/repository/com/sun/jersey/jersey-json/1.19/jersey-json-1.19.jar:/home/user/.m2/repository/org/codehaus/jettison/jettison/1.1/jettison-1.1.jar:/home/user/.m2/repository/org/codehaus/jackson/jackson-core-asl/1.9.13/jackson-core-asl-1.9.13.jar:/home/user/.m2/repository/org/codehaus/jackson/jackson-mapper-asl/1.9.13/jackson-mapper-asl-1.9.13.jar:/home/user/.m2/repository/org/codehaus/jackson/jackson-jaxrs/1.9.13/jackson-jaxrs-1.9.13.jar:/home/user/.m2/repository/org/codehaus/jackson/jackson-xc/1.9.13/jackson-xc-1.9.13.jar:/home/user/.m2/repository/commons-logging/commons-logging/1.1.3/commons-logging-1.1.3.jar:/home/user/.m2/repository/commons-beanutils/commons-beanutils/1.9.3/commons-beanutils-1.9.3.jar:/home/user/.m2/repository/org/apache/commons/commons-configuration2/2.1.1/commons-configuration2-2.1.1.jar:/home/user/.m2/repository/org/apache/commons/commons-lang3/3.7/commons-lang3-3.7.jar:/home/user/.m2/repository/org/apache/commons/commons-text/1.4/commons-text-1.4.jar:/home/user/.m2/repository/org/apache/avro/avro/1.7.7/avro-1.7.7.jar:/home/user/.m2/repository/com/thoughtworks/paranamer/paranamer/2.3/paranamer-2.3.jar:/home/user/.m2/repository/org/xerial/snappy/snappy-java/1.0.5/snappy-java-1.0.5.jar:/home/user/.m2/repository/com/google/re2j/re2j/1.1/re2j-1.1.jar:/home/user/.m2/repository/com/google/code/gson/gson/2.2.4/gson-2.2.4.jar:/home/user/.m2/repository/com/jcraft/jsch/0.1.54/jsch-0.1.54.jar:/home/user/.m2/repository/org/apache/curator/curator-client/2.12.0/curator-client-2.12.0.jar:/home/user/.m2/repository/org/apache/curator/curator-recipes/2.12.0/curator-recipes-2.12.0.jar:/home/user/.m2/repository/com/google/code/findbugs/jsr305/3.0.0/jsr305-3.0.0.jar:/home/user/.m2/repository/org/apache/htrace/htrace-core4/4.1.0-incubating/htrace-core4-4.1.0-incubating.jar:/home/user/.m2/repository/org/apache/zookeeper/zookeeper/3.4.13/zookeeper-3.4.13.jar:/home/user/.m2/repository/org/apache/yetus/audience-annotations/0.5.0/audience-annotations-0.5.0.jar:/home/user/.m2/repository/org/codehaus/woodstox/stax2-api/3.1.4/stax2-api-3.1.4.jar:/home/user/.m2/repository/com/fasterxml/woodstox/woodstox-core/5.0.3/woodstox-core-5.0.3.jar:/home/user/.m2/repository/dnsjava/dnsjava/2.1.7/dnsjava-2.1.7.jar:/home/user/.m2/repository/org/apache/hadoop/hadoop-hdfs/3.2.0/hadoop-hdfs-3.2.0-tests.jar:/home/user/.m2/repository/org/eclipse/jetty/jetty-util-ajax/9.3.24.v20180605/jetty-util-ajax-9.3.24.v20180605.jar:/home/user/.m2/repository/commons-daemon/commons-daemon/1.0.13/commons-daemon-1.0.13.jar:/home/user/.m2/repository/io/netty/netty/3.10.5.Final/netty-3.10.5.Final.jar:/home/user/.m2/repository/io/netty/netty-all/4.0.52.Final/netty-all-4.0.52.Final.jar:/home/user/.m2/repository/org/fusesource/leveldbjni/leveldbjni-all/1.8/leveldbjni-all-1.8.jar:"/>
    <property name="java.vm.vendor" value="IcedTea"/>
    <property name="sun.arch.data.model" value="64"/>
    <property name="test.build.dir" value="/tmp/workdir/hadoop-ozone/integration-test/target/test-dir"/>
    <property name="test.cache.data" value=""/>
    <property name="java.vendor.url" value="https://icedtea.classpath.org"/>
    <property name="user.timezone" value=""/>
    <property name="java.vm.specification.version" value="1.8"/>
    <property name="os.name" value="Linux"/>
    <property name="test.build.data" value="/tmp/workdir/hadoop-ozone/integration-test/target/test-dir"/>
    <property name="user.country" value="US"/>
    <property name="sun.java.launcher" value="SUN_STANDARD"/>
    <property name="sun.boot.library.path" value="/usr/lib/jvm/java-1.8-openjdk/jre/lib/amd64"/>
    <property name="sun.java.command" value="/tmp/workdir/hadoop-ozone/integration-test/target/surefire/surefirebooter182707932338379125.jar /tmp/workdir/hadoop-ozone/integration-test/target/surefire 2019-07-13T14-10-07_840-jvmRun1 surefire1069200183611029481tmp surefire_286398254576319183741tmp"/>
    <property name="surefire.test.class.path" value="/tmp/workdir/hadoop-ozone/integration-test/target/test-classes:/tmp/workdir/hadoop-ozone/integration-test/target/classes:/home/user/.m2/repository/org/apache/hadoop/hadoop-ozone-common/0.5.0-SNAPSHOT/hadoop-ozone-common-0.5.0-SNAPSHOT.jar:/home/user/.m2/repository/org/apache/commons/commons-compress/1.4.1/commons-compress-1.4.1.jar:/home/user/.m2/repository/org/tukaani/xz/1.0/xz-1.0.jar:/home/user/.m2/repository/org/apache/hadoop/hadoop-common/3.2.0/hadoop-common-3.2.0.jar:/home/user/.m2/repository/org/apache/hadoop/hadoop-hdfs/3.2.0/hadoop-hdfs-3.2.0.jar:/home/user/.m2/repository/org/apache/hadoop/hadoop-hdfs-client/3.2.0/hadoop-hdfs-client-3.2.0.jar:/home/user/.m2/repository/com/fasterxml/jackson/core/jackson-annotations/2.9.5/jackson-annotations-2.9.5.jar:/home/user/.m2/repository/org/apache/hadoop/hadoop-hdds-common/0.5.0-SNAPSHOT/hadoop-hdds-common-0.5.0-SNAPSHOT.jar:/home/user/.m2/repository/javax/annotation/javax.annotation-api/1.2/javax.annotation-api-1.2.jar:/home/user/.m2/repository/org/apache/ratis/ratis-server/0.4.0-2337318-SNAPSHOT/ratis-server-0.4.0-2337318-SNAPSHOT.jar:/home/user/.m2/repository/org/apache/ratis/ratis-thirdparty-misc/0.2.0/ratis-thirdparty-misc-0.2.0.jar:/home/user/.m2/repository/org/apache/ratis/ratis-proto/0.4.0-2337318-SNAPSHOT/ratis-proto-0.4.0-2337318-SNAPSHOT.jar:/home/user/.m2/repository/org/apache/ratis/ratis-common/0.4.0-2337318-SNAPSHOT/ratis-common-0.4.0-2337318-SNAPSHOT.jar:/home/user/.m2/repository/org/apache/ratis/ratis-client/0.4.0-2337318-SNAPSHOT/ratis-client-0.4.0-2337318-SNAPSHOT.jar:/home/user/.m2/repository/org/apache/ratis/ratis-metrics/0.4.0-2337318-SNAPSHOT/ratis-metrics-0.4.0-2337318-SNAPSHOT.jar:/home/user/.m2/repository/org/apache/ratis/ratis-netty/0.4.0-2337318-SNAPSHOT/ratis-netty-0.4.0-2337318-SNAPSHOT.jar:/home/user/.m2/repository/org/apache/ratis/ratis-grpc/0.4.0-2337318-SNAPSHOT/ratis-grpc-0.4.0-2337318-SNAPSHOT.jar:/home/user/.m2/repository/org/rocksdb/rocksdbjni/6.0.1/rocksdbjni-6.0.1.jar:/home/user/.m2/repository/org/apache/logging/log4j/log4j-api/2.11.0/log4j-api-2.11.0.jar:/home/user/.m2/repository/org/apache/logging/log4j/log4j-core/2.11.0/log4j-core-2.11.0.jar:/home/user/.m2/repository/com/lmax/disruptor/3.4.2/disruptor-3.4.2.jar:/home/user/.m2/repository/org/apache/commons/commons-pool2/2.6.0/commons-pool2-2.6.0.jar:/home/user/.m2/repository/org/bouncycastle/bcpkix-jdk15on/1.60/bcpkix-jdk15on-1.60.jar:/home/user/.m2/repository/commons-validator/commons-validator/1.6/commons-validator-1.6.jar:/home/user/.m2/repository/commons-digester/commons-digester/1.8.1/commons-digester-1.8.1.jar:/home/user/.m2/repository/io/jaegertracing/jaeger-client/0.33.1/jaeger-client-0.33.1.jar:/home/user/.m2/repository/io/jaegertracing/jaeger-thrift/0.33.1/jaeger-thrift-0.33.1.jar:/home/user/.m2/repository/org/apache/thrift/libthrift/0.11.0/libthrift-0.11.0.jar:/home/user/.m2/repository/com/squareup/okhttp3/okhttp/3.9.0/okhttp-3.9.0.jar:/home/user/.m2/repository/com/squareup/okio/okio/1.13.0/okio-1.13.0.jar:/home/user/.m2/repository/io/jaegertracing/jaeger-core/0.33.1/jaeger-core-0.33.1.jar:/home/user/.m2/repository/io/jaegertracing/jaeger-tracerresolver/0.33.1/jaeger-tracerresolver-0.33.1.jar:/home/user/.m2/repository/io/opentracing/contrib/opentracing-tracerresolver/0.1.5/opentracing-tracerresolver-0.1.5.jar:/home/user/.m2/repository/io/opentracing/opentracing-util/0.31.0/opentracing-util-0.31.0.jar:/home/user/.m2/repository/io/opentracing/opentracing-api/0.31.0/opentracing-api-0.31.0.jar:/home/user/.m2/repository/io/opentracing/opentracing-noop/0.31.0/opentracing-noop-0.31.0.jar:/home/user/.m2/repository/org/apache/hadoop/hadoop-hdds-server-framework/0.5.0-SNAPSHOT/hadoop-hdds-server-framework-0.5.0-SNAPSHOT.jar:/home/user/.m2/repository/org/apache/hadoop/hadoop-hdds-container-service/0.5.0-SNAPSHOT/hadoop-hdds-container-service-0.5.0-SNAPSHOT.jar:/home/user/.m2/repository/org/apache/hadoop/hadoop-hdds-client/0.5.0-SNAPSHOT/hadoop-hdds-client-0.5.0-SNAPSHOT.jar:/home/user/.m2/repository/org/apache/hadoop/hadoop-hdds-tools/0.5.0-SNAPSHOT/hadoop-hdds-tools-0.5.0-SNAPSHOT.jar:/home/user/.m2/repository/org/apache/hadoop/hadoop-hdds-server-scm/0.5.0-SNAPSHOT/hadoop-hdds-server-scm-0.5.0-SNAPSHOT.jar:/home/user/.m2/repository/org/apache/hadoop/hadoop-hdds-docs/0.5.0-SNAPSHOT/hadoop-hdds-docs-0.5.0-SNAPSHOT.jar:/home/user/.m2/repository/io/dropwizard/metrics/metrics-core/3.2.4/metrics-core-3.2.4.jar:/home/user/.m2/repository/org/hamcrest/hamcrest-all/1.3/hamcrest-all-1.3.jar:/home/user/.m2/repository/org/bouncycastle/bcprov-jdk15on/1.60/bcprov-jdk15on-1.60.jar:/home/user/.m2/repository/info/picocli/picocli/3.9.6/picocli-3.9.6.jar:/home/user/.m2/repository/com/google/protobuf/protobuf-java/2.5.0/protobuf-java-2.5.0.jar:/home/user/.m2/repository/com/google/guava/guava/11.0.2/guava-11.0.2.jar:/home/user/.m2/repository/org/apache/hadoop/hadoop-ozone-ozone-manager/0.5.0-SNAPSHOT/hadoop-ozone-ozone-manager-0.5.0-SNAPSHOT.jar:/home/user/.m2/repository/org/apache/hadoop/hadoop-minikdc/3.2.0/hadoop-minikdc-3.2.0.jar:/home/user/.m2/repository/commons-io/commons-io/2.5/commons-io-2.5.jar:/home/user/.m2/repository/org/apache/kerby/kerb-simplekdc/1.0.1/kerb-simplekdc-1.0.1.jar:/home/user/.m2/repository/org/apache/kerby/kerb-client/1.0.1/kerb-client-1.0.1.jar:/home/user/.m2/repository/org/apache/kerby/kerby-config/1.0.1/kerby-config-1.0.1.jar:/home/user/.m2/repository/org/apache/kerby/kerb-core/1.0.1/kerb-core-1.0.1.jar:/home/user/.m2/repository/org/apache/kerby/kerby-pkix/1.0.1/kerby-pkix-1.0.1.jar:/home/user/.m2/repository/org/apache/kerby/kerby-asn1/1.0.1/kerby-asn1-1.0.1.jar:/home/user/.m2/repository/org/apache/kerby/kerby-util/1.0.1/kerby-util-1.0.1.jar:/home/user/.m2/repository/org/apache/kerby/kerb-common/1.0.1/kerb-common-1.0.1.jar:/home/user/.m2/repository/org/apache/kerby/kerb-crypto/1.0.1/kerb-crypto-1.0.1.jar:/home/user/.m2/repository/org/apache/kerby/kerb-util/1.0.1/kerb-util-1.0.1.jar:/home/user/.m2/repository/org/apache/kerby/token-provider/1.0.1/token-provider-1.0.1.jar:/home/user/.m2/repository/org/apache/kerby/kerb-admin/1.0.1/kerb-admin-1.0.1.jar:/home/user/.m2/repository/org/apache/kerby/kerb-server/1.0.1/kerb-server-1.0.1.jar:/home/user/.m2/repository/org/apache/kerby/kerb-identity/1.0.1/kerb-identity-1.0.1.jar:/home/user/.m2/repository/org/apache/kerby/kerby-xdr/1.0.1/kerby-xdr-1.0.1.jar:/home/user/.m2/repository/org/slf4j/slf4j-log4j12/1.7.25/slf4j-log4j12-1.7.25.jar:/home/user/.m2/repository/org/apache/hadoop/hadoop-ozone-objectstore-service/0.5.0-SNAPSHOT/hadoop-ozone-objectstore-service-0.5.0-SNAPSHOT.jar:/home/user/.m2/repository/org/apache/hadoop/hadoop-ozone-s3gateway/0.5.0-SNAPSHOT/hadoop-ozone-s3gateway-0.5.0-SNAPSHOT.jar:/home/user/.m2/repository/org/jboss/weld/servlet/weld-servlet/2.4.7.Final/weld-servlet-2.4.7.Final.jar:/home/user/.m2/repository/org/glassfish/jersey/containers/jersey-container-servlet-core/2.27/jersey-container-servlet-core-2.27.jar:/home/user/.m2/repository/org/glassfish/hk2/external/javax.inject/2.5.0-b42/javax.inject-2.5.0-b42.jar:/home/user/.m2/repository/org/glassfish/jersey/core/jersey-common/2.27/jersey-common-2.27.jar:/home/user/.m2/repository/org/glassfish/hk2/osgi-resource-locator/1.0.1/osgi-resource-locator-1.0.1.jar:/home/user/.m2/repository/javax/ws/rs/javax.ws.rs-api/2.1/javax.ws.rs-api-2.1.jar:/home/user/.m2/repository/org/glassfish/jersey/ext/cdi/jersey-cdi1x/2.27/jersey-cdi1x-2.27.jar:/home/user/.m2/repository/org/glassfish/jersey/inject/jersey-hk2/2.27/jersey-hk2-2.27.jar:/home/user/.m2/repository/org/glassfish/hk2/hk2-locator/2.5.0-b42/hk2-locator-2.5.0-b42.jar:/home/user/.m2/repository/org/javassist/javassist/3.22.0-CR2/javassist-3.22.0-CR2.jar:/home/user/.m2/repository/org/glassfish/hk2/hk2-api/2.5.0/hk2-api-2.5.0.jar:/home/user/.m2/repository/org/glassfish/hk2/external/jakarta.inject/2.5.0/jakarta.inject-2.5.0.jar:/home/user/.m2/repository/org/glassfish/hk2/hk2-utils/2.5.0/hk2-utils-2.5.0.jar:/home/user/.m2/repository/jakarta/annotation/jakarta.annotation-api/1.3.4/jakarta.annotation-api-1.3.4.jar:/home/user/.m2/repository/org/glassfish/hk2/external/aopalliance-repackaged/2.5.0/aopalliance-repackaged-2.5.0.jar:/home/user/.m2/repository/com/fasterxml/jackson/dataformat/jackson-dataformat-xml/2.9.0/jackson-dataformat-xml-2.9.0.jar:/home/user/.m2/repository/com/fasterxml/jackson/core/jackson-core/2.9.5/jackson-core-2.9.5.jar:/home/user/.m2/repository/com/fasterxml/jackson/module/jackson-module-jaxb-annotations/2.9.5/jackson-module-jaxb-annotations-2.9.5.jar:/home/user/.m2/repository/javax/enterprise/cdi-api/1.2/cdi-api-1.2.jar:/home/user/.m2/repository/javax/el/javax.el-api/3.0.0/javax.el-api-3.0.0.jar:/home/user/.m2/repository/javax/interceptor/javax.interceptor-api/1.2/javax.interceptor-api-1.2.jar:/home/user/.m2/repository/javax/inject/javax.inject/1/javax.inject-1.jar:/home/user/.m2/repository/com/sun/xml/bind/jaxb-impl/2.3.0.1/jaxb-impl-2.3.0.1.jar:/home/user/.m2/repository/com/sun/xml/bind/jaxb-core/2.3.0.1/jaxb-core-2.3.0.1.jar:/home/user/.m2/repository/javax/xml/bind/jaxb-api/2.3.0/jaxb-api-2.3.0.jar:/home/user/.m2/repository/javax/activation/activation/1.1.1/activation-1.1.1.jar:/home/user/.m2/repository/org/apache/hadoop/hadoop-ozone-csi/0.5.0-SNAPSHOT/hadoop-ozone-csi-0.5.0-SNAPSHOT.jar:/home/user/.m2/repository/com/google/protobuf/protobuf-java-util/3.5.1/protobuf-java-util-3.5.1.jar:/home/user/.m2/repository/org/apache/hadoop/hadoop-hdds-config/0.5.0-SNAPSHOT/hadoop-hdds-config-0.5.0-SNAPSHOT.jar:/home/user/.m2/repository/io/grpc/grpc-netty/1.17.1/grpc-netty-1.17.1.jar:/home/user/.m2/repository/io/grpc/grpc-core/1.17.1/grpc-core-1.17.1.jar:/home/user/.m2/repository/io/grpc/grpc-context/1.17.1/grpc-context-1.17.1.jar:/home/user/.m2/repository/com/google/errorprone/error_prone_annotations/2.2.0/error_prone_annotations-2.2.0.jar:/home/user/.m2/repository/org/codehaus/mojo/animal-sniffer-annotations/1.17/animal-sniffer-annotations-1.17.jar:/home/user/.m2/repository/io/opencensus/opencensus-api/0.17.0/opencensus-api-0.17.0.jar:/home/user/.m2/repository/io/opencensus/opencensus-contrib-grpc-metrics/0.17.0/opencensus-contrib-grpc-metrics-0.17.0.jar:/home/user/.m2/repository/io/netty/netty-codec-http2/4.1.30.Final/netty-codec-http2-4.1.30.Final.jar:/home/user/.m2/repository/io/netty/netty-codec-http/4.1.30.Final/netty-codec-http-4.1.30.Final.jar:/home/user/.m2/repository/io/netty/netty-codec/4.1.30.Final/netty-codec-4.1.30.Final.jar:/home/user/.m2/repository/io/netty/netty-handler/4.1.30.Final/netty-handler-4.1.30.Final.jar:/home/user/.m2/repository/io/netty/netty-handler-proxy/4.1.30.Final/netty-handler-proxy-4.1.30.Final.jar:/home/user/.m2/repository/io/netty/netty-codec-socks/4.1.30.Final/netty-codec-socks-4.1.30.Final.jar:/home/user/.m2/repository/io/netty/netty-transport-native-epoll/4.1.30.Final/netty-transport-native-epoll-4.1.30.Final.jar:/home/user/.m2/repository/io/netty/netty-common/4.1.30.Final/netty-common-4.1.30.Final.jar:/home/user/.m2/repository/io/netty/netty-buffer/4.1.30.Final/netty-buffer-4.1.30.Final.jar:/home/user/.m2/repository/io/netty/netty-transport/4.1.30.Final/netty-transport-4.1.30.Final.jar:/home/user/.m2/repository/io/netty/netty-resolver/4.1.30.Final/netty-resolver-4.1.30.Final.jar:/home/user/.m2/repository/io/netty/netty-transport-native-unix-common/4.1.30.Final/netty-transport-native-unix-common-4.1.30.Final.jar:/home/user/.m2/repository/io/grpc/grpc-protobuf/1.17.1/grpc-protobuf-1.17.1.jar:/home/user/.m2/repository/com/google/api/grpc/proto-google-common-protos/1.0.0/proto-google-common-protos-1.0.0.jar:/home/user/.m2/repository/io/grpc/grpc-protobuf-lite/1.17.1/grpc-protobuf-lite-1.17.1.jar:/home/user/.m2/repository/io/grpc/grpc-stub/1.17.1/grpc-stub-1.17.1.jar:/home/user/.m2/repository/org/apache/hadoop/hadoop-ozone-recon/0.5.0-SNAPSHOT/hadoop-ozone-recon-0.5.0-SNAPSHOT.jar:/home/user/.m2/repository/org/apache/hadoop/hadoop-ozone-reconcodegen/0.5.0-SNAPSHOT/hadoop-ozone-reconcodegen-0.5.0-SNAPSHOT.jar:/home/user/.m2/repository/com/google/inject/extensions/guice-multibindings/4.0/guice-multibindings-4.0.jar:/home/user/.m2/repository/com/google/inject/guice/4.0/guice-4.0.jar:/home/user/.m2/repository/aopalliance/aopalliance/1.0/aopalliance-1.0.jar:/home/user/.m2/repository/com/google/inject/extensions/guice-servlet/4.0/guice-servlet-4.0.jar:/home/user/.m2/repository/org/glassfish/jersey/containers/jersey-container-servlet/2.27/jersey-container-servlet-2.27.jar:/home/user/.m2/repository/org/glassfish/hk2/guice-bridge/2.5.0/guice-bridge-2.5.0.jar:/home/user/.m2/repository/org/glassfish/jersey/core/jersey-server/2.27/jersey-server-2.27.jar:/home/user/.m2/repository/org/glassfish/jersey/core/jersey-client/2.27/jersey-client-2.27.jar:/home/user/.m2/repository/org/glassfish/jersey/media/jersey-media-jaxb/2.27/jersey-media-jaxb-2.27.jar:/home/user/.m2/repository/javax/validation/validation-api/1.1.0.Final/validation-api-1.1.0.Final.jar:/home/user/.m2/repository/org/glassfish/jersey/media/jersey-media-json-jackson/2.27/jersey-media-json-jackson-2.27.jar:/home/user/.m2/repository/org/glassfish/jersey/ext/jersey-entity-filtering/2.27/jersey-entity-filtering-2.27.jar:/home/user/.m2/repository/com/google/inject/extensions/guice-assistedinject/4.0/guice-assistedinject-4.0.jar:/home/user/.m2/repository/org/jooq/jooq/3.11.10/jooq-3.11.10.jar:/home/user/.m2/repository/org/jooq/jooq-meta/3.11.10/jooq-meta-3.11.10.jar:/home/user/.m2/repository/org/jooq/jooq-codegen/3.11.10/jooq-codegen-3.11.10.jar:/home/user/.m2/repository/com/jolbox/bonecp/0.8.0.RELEASE/bonecp-0.8.0.RELEASE.jar:/home/user/.m2/repository/org/xerial/sqlite-jdbc/3.25.2/sqlite-jdbc-3.25.2.jar:/home/user/.m2/repository/org/springframework/spring-jdbc/5.1.3.RELEASE/spring-jdbc-5.1.3.RELEASE.jar:/home/user/.m2/repository/org/springframework/spring-beans/5.1.3.RELEASE/spring-beans-5.1.3.RELEASE.jar:/home/user/.m2/repository/org/springframework/spring-core/5.1.3.RELEASE/spring-core-5.1.3.RELEASE.jar:/home/user/.m2/repository/org/springframework/spring-jcl/5.1.3.RELEASE/spring-jcl-5.1.3.RELEASE.jar:/home/user/.m2/repository/org/springframework/spring-tx/5.1.3.RELEASE/spring-tx-5.1.3.RELEASE.jar:/home/user/.m2/repository/org/apache/hadoop/hadoop-ozone-client/0.5.0-SNAPSHOT/hadoop-ozone-client-0.5.0-SNAPSHOT.jar:/home/user/.m2/repository/commons-lang/commons-lang/2.6/commons-lang-2.6.jar:/home/user/.m2/repository/org/apache/hadoop/hadoop-ozone-ozone-manager/0.5.0-SNAPSHOT/hadoop-ozone-ozone-manager-0.5.0-SNAPSHOT-tests.jar:/home/user/.m2/repository/junit/junit/4.11/junit-4.11.jar:/home/user/.m2/repository/org/hamcrest/hamcrest-core/1.3/hamcrest-core-1.3.jar:/home/user/.m2/repository/org/openjdk/jmh/jmh-core/1.19/jmh-core-1.19.jar:/home/user/.m2/repository/net/sf/jopt-simple/jopt-simple/4.6/jopt-simple-4.6.jar:/home/user/.m2/repository/org/apache/commons/commons-math3/3.1.1/commons-math3-3.1.1.jar:/home/user/.m2/repository/org/openjdk/jmh/jmh-generator-annprocess/1.19/jmh-generator-annprocess-1.19.jar:/home/user/.m2/repository/org/mockito/mockito-all/1.8.5/mockito-all-1.8.5.jar:/home/user/.m2/repository/org/apache/hadoop/hadoop-kms/3.2.0/hadoop-kms-3.2.0.jar:/home/user/.m2/repository/org/apache/hadoop/hadoop-auth/3.2.0/hadoop-auth-3.2.0.jar:/home/user/.m2/repository/com/nimbusds/nimbus-jose-jwt/4.41.1/nimbus-jose-jwt-4.41.1.jar:/home/user/.m2/repository/com/github/stephenc/jcip/jcip-annotations/1.0-1/jcip-annotations-1.0-1.jar:/home/user/.m2/repository/net/minidev/json-smart/2.3/json-smart-2.3.jar:/home/user/.m2/repository/net/minidev/accessors-smart/1.2/accessors-smart-1.2.jar:/home/user/.m2/repository/org/ow2/asm/asm/5.0.4/asm-5.0.4.jar:/home/user/.m2/repository/org/apache/curator/curator-framework/2.12.0/curator-framework-2.12.0.jar:/home/user/.m2/repository/com/sun/jersey/jersey-core/1.19/jersey-core-1.19.jar:/home/user/.m2/repository/javax/ws/rs/jsr311-api/1.1.1/jsr311-api-1.1.1.jar:/home/user/.m2/repository/com/sun/jersey/jersey-server/1.19/jersey-server-1.19.jar:/home/user/.m2/repository/javax/servlet/javax.servlet-api/3.1.0/javax.servlet-api-3.1.0.jar:/home/user/.m2/repository/org/eclipse/jetty/jetty-server/9.3.24.v20180605/jetty-server-9.3.24.v20180605.jar:/home/user/.m2/repository/org/eclipse/jetty/jetty-http/9.3.24.v20180605/jetty-http-9.3.24.v20180605.jar:/home/user/.m2/repository/org/eclipse/jetty/jetty-io/9.3.24.v20180605/jetty-io-9.3.24.v20180605.jar:/home/user/.m2/repository/org/eclipse/jetty/jetty-webapp/9.3.24.v20180605/jetty-webapp-9.3.24.v20180605.jar:/home/user/.m2/repository/org/eclipse/jetty/jetty-xml/9.3.24.v20180605/jetty-xml-9.3.24.v20180605.jar:/home/user/.m2/repository/log4j/log4j/1.2.17/log4j-1.2.17.jar:/home/user/.m2/repository/org/slf4j/slf4j-api/1.7.25/slf4j-api-1.7.25.jar:/home/user/.m2/repository/org/slf4j/jul-to-slf4j/1.7.25/jul-to-slf4j-1.7.25.jar:/home/user/.m2/repository/org/eclipse/jetty/jetty-util/9.3.24.v20180605/jetty-util-9.3.24.v20180605.jar:/home/user/.m2/repository/com/fasterxml/jackson/core/jackson-databind/2.9.5/jackson-databind-2.9.5.jar:/home/user/.m2/repository/org/apache/hadoop/hadoop-kms/3.2.0/hadoop-kms-3.2.0-tests.jar:/home/user/.m2/repository/org/apache/hadoop/hadoop-hdds-server-scm/0.5.0-SNAPSHOT/hadoop-hdds-server-scm-0.5.0-SNAPSHOT-tests.jar:/home/user/.m2/repository/org/apache/hadoop/hadoop-hdds-container-service/0.5.0-SNAPSHOT/hadoop-hdds-container-service-0.5.0-SNAPSHOT-tests.jar:/home/user/.m2/repository/org/yaml/snakeyaml/1.16/snakeyaml-1.16.jar:/home/user/.m2/repository/org/apache/hadoop/hadoop-common/3.2.0/hadoop-common-3.2.0-tests.jar:/home/user/.m2/repository/org/apache/hadoop/hadoop-annotations/3.2.0/hadoop-annotations-3.2.0.jar:/usr/lib/jvm/java-1.8-openjdk/jre/../lib/tools.jar:/home/user/.m2/repository/commons-cli/commons-cli/1.2/commons-cli-1.2.jar:/home/user/.m2/repository/org/apache/httpcomponents/httpclient/4.5.2/httpclient-4.5.2.jar:/home/user/.m2/repository/org/apache/httpcomponents/httpcore/4.4.4/httpcore-4.4.4.jar:/home/user/.m2/repository/commons-codec/commons-codec/1.11/commons-codec-1.11.jar:/home/user/.m2/repository/commons-net/commons-net/3.6/commons-net-3.6.jar:/home/user/.m2/repository/commons-collections/commons-collections/3.2.2/commons-collections-3.2.2.jar:/home/user/.m2/repository/org/eclipse/jetty/jetty-servlet/9.3.24.v20180605/jetty-servlet-9.3.24.v20180605.jar:/home/user/.m2/repository/org/eclipse/jetty/jetty-security/9.3.24.v20180605/jetty-security-9.3.24.v20180605.jar:/home/user/.m2/repository/javax/servlet/jsp/jsp-api/2.1/jsp-api-2.1.jar:/home/user/.m2/repository/com/sun/jersey/jersey-servlet/1.19/jersey-servlet-1.19.jar:/home/user/.m2/repository/com/sun/jersey/jersey-json/1.19/jersey-json-1.19.jar:/home/user/.m2/repository/org/codehaus/jettison/jettison/1.1/jettison-1.1.jar:/home/user/.m2/repository/org/codehaus/jackson/jackson-core-asl/1.9.13/jackson-core-asl-1.9.13.jar:/home/user/.m2/repository/org/codehaus/jackson/jackson-mapper-asl/1.9.13/jackson-mapper-asl-1.9.13.jar:/home/user/.m2/repository/org/codehaus/jackson/jackson-jaxrs/1.9.13/jackson-jaxrs-1.9.13.jar:/home/user/.m2/repository/org/codehaus/jackson/jackson-xc/1.9.13/jackson-xc-1.9.13.jar:/home/user/.m2/repository/commons-logging/commons-logging/1.1.3/commons-logging-1.1.3.jar:/home/user/.m2/repository/commons-beanutils/commons-beanutils/1.9.3/commons-beanutils-1.9.3.jar:/home/user/.m2/repository/org/apache/commons/commons-configuration2/2.1.1/commons-configuration2-2.1.1.jar:/home/user/.m2/repository/org/apache/commons/commons-lang3/3.7/commons-lang3-3.7.jar:/home/user/.m2/repository/org/apache/commons/commons-text/1.4/commons-text-1.4.jar:/home/user/.m2/repository/org/apache/avro/avro/1.7.7/avro-1.7.7.jar:/home/user/.m2/repository/com/thoughtworks/paranamer/paranamer/2.3/paranamer-2.3.jar:/home/user/.m2/repository/org/xerial/snappy/snappy-java/1.0.5/snappy-java-1.0.5.jar:/home/user/.m2/repository/com/google/re2j/re2j/1.1/re2j-1.1.jar:/home/user/.m2/repository/com/google/code/gson/gson/2.2.4/gson-2.2.4.jar:/home/user/.m2/repository/com/jcraft/jsch/0.1.54/jsch-0.1.54.jar:/home/user/.m2/repository/org/apache/curator/curator-client/2.12.0/curator-client-2.12.0.jar:/home/user/.m2/repository/org/apache/curator/curator-recipes/2.12.0/curator-recipes-2.12.0.jar:/home/user/.m2/repository/com/google/code/findbugs/jsr305/3.0.0/jsr305-3.0.0.jar:/home/user/.m2/repository/org/apache/htrace/htrace-core4/4.1.0-incubating/htrace-core4-4.1.0-incubating.jar:/home/user/.m2/repository/org/apache/zookeeper/zookeeper/3.4.13/zookeeper-3.4.13.jar:/home/user/.m2/repository/org/apache/yetus/audience-annotations/0.5.0/audience-annotations-0.5.0.jar:/home/user/.m2/repository/org/codehaus/woodstox/stax2-api/3.1.4/stax2-api-3.1.4.jar:/home/user/.m2/repository/com/fasterxml/woodstox/woodstox-core/5.0.3/woodstox-core-5.0.3.jar:/home/user/.m2/repository/dnsjava/dnsjava/2.1.7/dnsjava-2.1.7.jar:/home/user/.m2/repository/org/apache/hadoop/hadoop-hdfs/3.2.0/hadoop-hdfs-3.2.0-tests.jar:/home/user/.m2/repository/org/eclipse/jetty/jetty-util-ajax/9.3.24.v20180605/jetty-util-ajax-9.3.24.v20180605.jar:/home/user/.m2/repository/commons-daemon/commons-daemon/1.0.13/commons-daemon-1.0.13.jar:/home/user/.m2/repository/io/netty/netty/3.10.5.Final/netty-3.10.5.Final.jar:/home/user/.m2/repository/io/netty/netty-all/4.0.52.Final/netty-all-4.0.52.Final.jar:/home/user/.m2/repository/org/fusesource/leveldbjni/leveldbjni-all/1.8/leveldbjni-all-1.8.jar:"/>
    <property name="sun.cpu.endian" value="little"/>
    <property name="user.home" value="/home/user"/>
    <property name="user.language" value="en"/>
    <property name="java.specification.vendor" value="Oracle Corporation"/>
    <property name="java.home" value="/usr/lib/jvm/java-1.8-openjdk/jre"/>
    <property name="java.security.krb5.conf" value="/tmp/workdir/hadoop-ozone/integration-test/target/test-classes/krb5.conf"/>
    <property name="basedir" value="/tmp/workdir/hadoop-ozone/integration-test"/>
    <property name="file.separator" value="/"/>
    <property name="line.separator" value="&#10;"/>
    <property name="java.vm.specification.vendor" value="Oracle Corporation"/>
    <property name="java.specification.name" value="Java Platform API Specification"/>
    <property name="java.awt.graphicsenv" value="sun.awt.X11GraphicsEnvironment"/>
    <property name="surefire.real.class.path" value="/tmp/workdir/hadoop-ozone/integration-test/target/surefire/surefirebooter182707932338379125.jar"/>
    <property name="hadoop.log.dir" value="/tmp/workdir/hadoop-ozone/integration-test/target/log"/>
    <property name="sun.boot.class.path" value="/usr/lib/jvm/java-1.8-openjdk/jre/lib/resources.jar:/usr/lib/jvm/java-1.8-openjdk/jre/lib/rt.jar:/usr/lib/jvm/java-1.8-openjdk/jre/lib/sunrsasign.jar:/usr/lib/jvm/java-1.8-openjdk/jre/lib/jsse.jar:/usr/lib/jvm/java-1.8-openjdk/jre/lib/jce.jar:/usr/lib/jvm/java-1.8-openjdk/jre/lib/charsets.jar:/usr/lib/jvm/java-1.8-openjdk/jre/lib/jfr.jar:/usr/lib/jvm/java-1.8-openjdk/jre/classes"/>
    <property name="sun.management.compiler" value="HotSpot 64-Bit Tiered Compilers"/>
    <property name="java.runtime.version" value="1.8.0_212-b04"/>
    <property name="java.net.preferIPv4Stack" value="true"/>
    <property name="user.name" value="jenkins1000"/>
    <property name="path.separator" value=":"/>
    <property name="java.security.egd" value="file:///dev/urandom"/>
    <property name="os.version" value="3.10.0-957.12.2.el7.x86_64"/>
    <property name="java.endorsed.dirs" value="/usr/lib/jvm/java-1.8-openjdk/jre/lib/endorsed"/>
    <property name="java.runtime.name" value="OpenJDK Runtime Environment"/>
    <property name="file.encoding" value="UTF-8"/>
    <property name="java.vm.name" value="OpenJDK 64-Bit Server VM"/>
    <property name="test.build.webapps" value=""/>
    <property name="localRepository" value="/home/user/.m2/repository"/>
    <property name="java.vendor.url.bug" value="https://icedtea.classpath.org/bugzilla"/>
    <property name="java.io.tmpdir" value="/tmp"/>
    <property name="require.test.libhadoop" value=""/>
    <property name="java.version" value="1.8.0_212"/>
    <property name="user.dir" value="/tmp/workdir/hadoop-ozone/integration-test"/>
    <property name="os.arch" value="amd64"/>
    <property name="java.vm.specification.name" value="Java Virtual Machine Specification"/>
    <property name="test.build.classes" value="/tmp/workdir/hadoop-ozone/integration-test/target/test-classes"/>
    <property name="java.awt.printerjob" value="sun.print.PSPrinterJob"/>
    <property name="sun.os.patch.level" value="unknown"/>
    <property name="hadoop.tmp.dir" value="/tmp/workdir/hadoop-ozone/integration-test/target/tmp"/>
    <property name="java.library.path" value="/usr/lib/jvm/java-1.8-openjdk/jre/lib/amd64/server:/usr/lib/jvm/java-1.8-openjdk/jre/lib/amd64:/usr/lib/jvm/java-1.8-openjdk/jre/../lib/amd64:/tmp/workdir/hadoop-ozone/integration-test/target/native/target/usr/local/lib:/tmp/workdir/hadoop-ozone/integration-test/../../hadoop-common-project/hadoop-common/target/native/target/usr/local/lib:/usr/java/packages/lib/amd64:/usr/lib64:/lib64:/lib:/usr/lib"/>
    <property name="java.vm.info" value="mixed mode"/>
    <property name="java.vendor" value="IcedTea"/>
    <property name="java.vm.version" value="25.212-b04"/>
    <property name="java.ext.dirs" value="/usr/lib/jvm/java-1.8-openjdk/jre/lib/ext:/usr/java/packages/lib/ext"/>
    <property name="sun.io.unicode.encoding" value="UnicodeLittle"/>
    <property name="java.class.version" value="52.0"/>
  </properties>
  <testcase name="test2DatanodesFailure" classname="org.apache.hadoop.ozone.client.rpc.TestBlockOutputStreamWithFailures" time="108.837"/>
  <testcase name="testDatanodeFailureWithPreAllocation" classname="org.apache.hadoop.ozone.client.rpc.TestBlockOutputStreamWithFailures" time="223.091"/>
  <testcase name="testDatanodeFailureWithSingleNodeRatis" classname="org.apache.hadoop.ozone.client.rpc.TestBlockOutputStreamWithFailures" time="223.852"/>
  <testcase name="testWatchForCommitWithSingleNodeRatis" classname="org.apache.hadoop.ozone.client.rpc.TestBlockOutputStreamWithFailures" time="36.178">
    <error type="java.lang.IllegalArgumentException">java.lang.IllegalArgumentException
	at com.google.common.base.Preconditions.checkArgument(Preconditions.java:72)
	at org.apache.hadoop.hdds.scm.XceiverClientManager.acquireClient(XceiverClientManager.java:150)
	at org.apache.hadoop.hdds.scm.XceiverClientManager.acquireClientForReadData(XceiverClientManager.java:143)
	at org.apache.hadoop.hdds.scm.storage.BlockInputStream.getChunkInfos(BlockInputStream.java:154)
	at org.apache.hadoop.hdds.scm.storage.BlockInputStream.initialize(BlockInputStream.java:118)
	at org.apache.hadoop.hdds.scm.storage.BlockInputStream.read(BlockInputStream.java:222)
	at org.apache.hadoop.ozone.client.io.KeyInputStream.read(KeyInputStream.java:171)
	at org.apache.hadoop.ozone.client.io.OzoneInputStream.read(OzoneInputStream.java:47)
	at java.io.InputStream.read(InputStream.java:101)
	at org.apache.hadoop.ozone.container.ContainerTestHelper.validateData(ContainerTestHelper.java:709)
	at org.apache.hadoop.ozone.client.rpc.TestBlockOutputStreamWithFailures.validateData(TestBlockOutputStreamWithFailures.java:1212)
	at org.apache.hadoop.ozone.client.rpc.TestBlockOutputStreamWithFailures.testWatchForCommitWithSingleNodeRatis(TestBlockOutputStreamWithFailures.java:914)
	at sun.reflect.NativeMethodAccessorImpl.invoke0(Native Method)
	at sun.reflect.NativeMethodAccessorImpl.invoke(NativeMethodAccessorImpl.java:62)
	at sun.reflect.DelegatingMethodAccessorImpl.invoke(DelegatingMethodAccessorImpl.java:43)
	at java.lang.reflect.Method.invoke(Method.java:498)
	at org.junit.runners.model.FrameworkMethod$1.runReflectiveCall(FrameworkMethod.java:47)
	at org.junit.internal.runners.model.ReflectiveCallable.run(ReflectiveCallable.java:12)
	at org.junit.runners.model.FrameworkMethod.invokeExplosively(FrameworkMethod.java:44)
	at org.junit.internal.runners.statements.InvokeMethod.evaluate(InvokeMethod.java:17)
	at org.junit.internal.runners.statements.RunBefores.evaluate(RunBefores.java:26)
	at org.junit.internal.runners.statements.RunAfters.evaluate(RunAfters.java:27)
	at org.junit.runners.ParentRunner.runLeaf(ParentRunner.java:271)
	at org.junit.runners.BlockJUnit4ClassRunner.runChild(BlockJUnit4ClassRunner.java:70)
	at org.junit.runners.BlockJUnit4ClassRunner.runChild(BlockJUnit4ClassRunner.java:50)
	at org.junit.runners.ParentRunner$3.run(ParentRunner.java:238)
	at org.junit.runners.ParentRunner$1.schedule(ParentRunner.java:63)
	at org.junit.runners.ParentRunner.runChildren(ParentRunner.java:236)
	at org.junit.runners.ParentRunner.access$000(ParentRunner.java:53)
	at org.junit.runners.ParentRunner$2.evaluate(ParentRunner.java:229)
	at org.junit.runners.ParentRunner.run(ParentRunner.java:309)
	at org.apache.maven.surefire.junit4.JUnit4Provider.execute(JUnit4Provider.java:365)
	at org.apache.maven.surefire.junit4.JUnit4Provider.executeWithRerun(JUnit4Provider.java:273)
	at org.apache.maven.surefire.junit4.JUnit4Provider.executeTestSet(JUnit4Provider.java:238)
	at org.apache.maven.surefire.junit4.JUnit4Provider.invoke(JUnit4Provider.java:159)
	at org.apache.maven.surefire.booter.ForkedBooter.invokeProviderInSameClassLoader(ForkedBooter.java:384)
	at org.apache.maven.surefire.booter.ForkedBooter.runSuitesInProcess(ForkedBooter.java:345)
	at org.apache.maven.surefire.booter.ForkedBooter.execute(ForkedBooter.java:126)
	at org.apache.maven.surefire.booter.ForkedBooter.main(ForkedBooter.java:418)
</error>
    <system-out><![CDATA[2019-07-13 14:35:43,497 WARN  server.ServerUtils (ServerUtils.java:getScmDbDir(145)) - ozone.scm.db.dirs is not configured. We recommend adding this setting. Falling back to ozone.metadata.dirs instead.
2019-07-13 14:35:43,523 WARN  server.ServerUtils (ServerUtils.java:getScmDbDir(145)) - ozone.scm.db.dirs is not configured. We recommend adding this setting. Falling back to ozone.metadata.dirs instead.
2019-07-13 14:35:43,523 WARN  server.ServerUtils (ServerUtils.java:getScmDbDir(145)) - ozone.scm.db.dirs is not configured. We recommend adding this setting. Falling back to ozone.metadata.dirs instead.
2019-07-13 14:35:43,524 INFO  db.DBStoreBuilder (DBStoreBuilder.java:addTable(110)) - using custom profile for table: deletedBlocks
2019-07-13 14:35:43,524 INFO  db.DBStoreBuilder (DBStoreBuilder.java:processTables(161)) - Using default column profile:DBProfile.DISK for Table:deletedBlocks
2019-07-13 14:35:43,524 INFO  db.DBStoreBuilder (DBStoreBuilder.java:addTable(110)) - using custom profile for table: validCerts
2019-07-13 14:35:43,525 INFO  db.DBStoreBuilder (DBStoreBuilder.java:processTables(161)) - Using default column profile:DBProfile.DISK for Table:validCerts
2019-07-13 14:35:43,525 INFO  db.DBStoreBuilder (DBStoreBuilder.java:addTable(110)) - using custom profile for table: revokedCerts
2019-07-13 14:35:43,525 INFO  db.DBStoreBuilder (DBStoreBuilder.java:processTables(161)) - Using default column profile:DBProfile.DISK for Table:revokedCerts
2019-07-13 14:35:43,525 INFO  db.DBStoreBuilder (DBStoreBuilder.java:addTable(110)) - using custom profile for table: default
2019-07-13 14:35:43,526 INFO  db.DBStoreBuilder (DBStoreBuilder.java:processTables(167)) - Using default column profile:DBProfile.DISK for Table:default
2019-07-13 14:35:43,526 INFO  db.DBStoreBuilder (DBStoreBuilder.java:getDbProfile(198)) - Using default options. DBProfile.DISK
2019-07-13 14:35:43,637 INFO  net.NodeSchemaLoader (NodeSchemaLoader.java:loadSchemaFromFile(125)) - Loading file from sun.misc.CompoundEnumeration@66e434e8
2019-07-13 14:35:43,638 INFO  net.NodeSchemaLoader (NodeSchemaLoader.java:loadSchema(171)) - Loading network topology layer schema file
2019-07-13 14:35:43,644 INFO  node.SCMNodeManager (SCMNodeManager.java:<init>(119)) - Entering startup safe mode.
2019-07-13 14:35:43,645 WARN  server.ServerUtils (ServerUtils.java:getScmDbDir(145)) - ozone.scm.db.dirs is not configured. We recommend adding this setting. Falling back to ozone.metadata.dirs instead.
2019-07-13 14:35:43,669 INFO  pipeline.SCMPipelineManager (SCMPipelineManager.java:initializePipelineState(126)) - No pipeline exists in current db
2019-07-13 14:35:43,669 WARN  server.ServerUtils (ServerUtils.java:getScmDbDir(145)) - ozone.scm.db.dirs is not configured. We recommend adding this setting. Falling back to ozone.metadata.dirs instead.
2019-07-13 14:35:43,696 WARN  events.EventQueue (EventQueue.java:fireEvent(175)) - No event handler registered for event TypedEvent{payloadType=SafeModeStatus, name='SafeModeStatus'}
2019-07-13 14:35:43,697 INFO  ipc.CallQueueManager (CallQueueManager.java:<init>(84)) - Using callQueue: class java.util.concurrent.LinkedBlockingQueue, queueCapacity: 2000, scheduler: class org.apache.hadoop.ipc.DefaultRpcScheduler, ipcBackoff: false.
2019-07-13 14:35:43,698 INFO  ipc.Server (Server.java:run(1074)) - Starting Socket Reader #1 for port 45993
2019-07-13 14:35:43,700 INFO  ipc.CallQueueManager (CallQueueManager.java:<init>(84)) - Using callQueue: class java.util.concurrent.LinkedBlockingQueue, queueCapacity: 2000, scheduler: class org.apache.hadoop.ipc.DefaultRpcScheduler, ipcBackoff: false.
2019-07-13 14:35:43,701 INFO  ipc.Server (Server.java:run(1074)) - Starting Socket Reader #1 for port 39090
2019-07-13 14:35:43,703 INFO  ipc.CallQueueManager (CallQueueManager.java:<init>(84)) - Using callQueue: class java.util.concurrent.LinkedBlockingQueue, queueCapacity: 2000, scheduler: class org.apache.hadoop.ipc.DefaultRpcScheduler, ipcBackoff: false.
2019-07-13 14:35:43,703 INFO  ipc.Server (Server.java:run(1074)) - Starting Socket Reader #1 for port 45776
2019-07-13 14:35:43,706 INFO  hdfs.DFSUtil (DFSUtil.java:httpServerTemplateForNNAndJN(1641)) - Starting Web-server for scm at: http://0.0.0.0:0
2019-07-13 14:35:43,709 INFO  server.AuthenticationFilter (AuthenticationFilter.java:constructSecretProvider(240)) - Unable to initialize FileSignerSecretProvider, falling back to use random secrets.
2019-07-13 14:35:43,709 WARN  http.HttpRequestLog (HttpRequestLog.java:getRequestLog(97)) - Jetty request log can only be enabled using Log4j
2019-07-13 14:35:43,711 INFO  http.HttpServer2 (HttpServer2.java:addGlobalFilter(975)) - Added global filter 'safety' (class=org.apache.hadoop.http.HttpServer2$QuotingInputFilter)
2019-07-13 14:35:43,712 INFO  http.HttpServer2 (HttpServer2.java:addFilter(948)) - Added filter static_user_filter (class=org.apache.hadoop.http.lib.StaticUserWebFilter$StaticUserFilter) to context scm
2019-07-13 14:35:43,712 INFO  http.HttpServer2 (HttpServer2.java:addFilter(958)) - Added filter static_user_filter (class=org.apache.hadoop.http.lib.StaticUserWebFilter$StaticUserFilter) to context static
2019-07-13 14:35:43,713 INFO  http.HttpServer2 (HttpServer2.java:addFilter(958)) - Added filter static_user_filter (class=org.apache.hadoop.http.lib.StaticUserWebFilter$StaticUserFilter) to context logs
2019-07-13 14:35:43,715 INFO  server.StorageContainerManager (StorageContainerManager.java:start(759)) - StorageContainerLocationProtocol RPC server is listening at /0.0.0.0:45776
2019-07-13 14:35:43,718 WARN  impl.MetricsConfig (MetricsConfig.java:loadFirst(134)) - Cannot locate configuration: tried hadoop-metrics2-storagecontainermanager.properties,hadoop-metrics2.properties
2019-07-13 14:35:43,719 INFO  impl.MetricsSystemImpl (MetricsSystemImpl.java:startTimer(374)) - Scheduled Metric snapshot period at 10 second(s).
2019-07-13 14:35:43,719 INFO  impl.MetricsSystemImpl (MetricsSystemImpl.java:start(191)) - StorageContainerManager metrics system started
2019-07-13 14:35:43,976 INFO  server.SCMClientProtocolServer (SCMClientProtocolServer.java:start(149)) - RPC server for Client  is listening at /0.0.0.0:45776
2019-07-13 14:35:43,976 INFO  ipc.Server (Server.java:run(1314)) - IPC Server Responder: starting
2019-07-13 14:35:43,976 INFO  ipc.Server (Server.java:run(1153)) - IPC Server listener on 45776: starting
2019-07-13 14:35:43,981 INFO  server.StorageContainerManager (StorageContainerManager.java:start(768)) - ScmBlockLocationProtocol RPC server is listening at /0.0.0.0:39090
2019-07-13 14:35:43,981 INFO  server.SCMBlockProtocolServer (SCMBlockProtocolServer.java:start(140)) - RPC server for Block Protocol is listening at /0.0.0.0:39090
2019-07-13 14:35:43,982 INFO  ipc.Server (Server.java:run(1314)) - IPC Server Responder: starting
2019-07-13 14:35:43,982 INFO  ipc.Server (Server.java:run(1153)) - IPC Server listener on 39090: starting
2019-07-13 14:35:43,986 INFO  server.StorageContainerManager (StorageContainerManager.java:start(772)) - ScmDatanodeProtocl RPC server is listening at /0.0.0.0:45993
2019-07-13 14:35:43,987 INFO  server.SCMDatanodeProtocolServer (SCMDatanodeProtocolServer.java:start(191)) - RPC server for DataNodes is listening at /0.0.0.0:45993
2019-07-13 14:35:43,987 INFO  ipc.Server (Server.java:run(1314)) - IPC Server Responder: starting
2019-07-13 14:35:43,988 INFO  ipc.Server (Server.java:run(1153)) - IPC Server listener on 45993: starting
2019-07-13 14:35:43,992 INFO  http.HttpServer2 (HttpServer2.java:bindListener(1191)) - Jetty bound to port 45879
2019-07-13 14:35:43,992 INFO  server.Server (Server.java:doStart(351)) - jetty-9.3.24.v20180605, build timestamp: 2018-06-05T17:11:56Z, git hash: 84205aa28f11a4f31f2a3b86d1bba2cc8ab69827
2019-07-13 14:35:43,994 INFO  handler.ContextHandler (ContextHandler.java:doStart(781)) - Started o.e.j.s.ServletContextHandler@57abe94d{/logs,file:///tmp/workdir/hadoop-ozone/integration-test/target/log,AVAILABLE}
2019-07-13 14:35:43,995 INFO  handler.ContextHandler (ContextHandler.java:doStart(781)) - Started o.e.j.s.ServletContextHandler@5d957cf0{/static,file:///tmp/workdir/hadoop-ozone/integration-test/target/test-classes/webapps/static,AVAILABLE}
2019-07-13 14:35:44,000 INFO  handler.ContextHandler (ContextHandler.java:doStart(781)) - Started o.e.j.w.WebAppContext@1e4b70c6{/,file:///tmp/workdir/hadoop-ozone/integration-test/target/test-classes/webapps/scm/,AVAILABLE}{/scm}
2019-07-13 14:35:44,000 INFO  server.AbstractConnector (AbstractConnector.java:doStart(278)) - Started ServerConnector@7054c068{HTTP/1.1,[http/1.1]}{0.0.0.0:45879}
2019-07-13 14:35:44,001 INFO  server.Server (Server.java:doStart(419)) - Started @556853ms
2019-07-13 14:35:44,002 INFO  server.BaseHttpServer (BaseHttpServer.java:updateConnectorAddress(207)) - HTTP server of SCM is listening at http://0.0.0.0:45879
2019-07-13 14:35:44,003 WARN  server.ServerUtils (ServerUtils.java:getDBPath(222)) - ozone.om.db.dirs is not configured. We recommend adding this setting. Falling back to ozone.metadata.dirs instead.
2019-07-13 14:35:44,004 INFO  util.JvmPauseMonitor (JvmPauseMonitor.java:run(188)) - Starting JVM pause monitor
2019-07-13 14:35:44,018 WARN  server.ServerUtils (ServerUtils.java:getDBPath(222)) - ozone.om.db.dirs is not configured. We recommend adding this setting. Falling back to ozone.metadata.dirs instead.
2019-07-13 14:35:44,018 INFO  om.OzoneManager (OzoneManager.java:setOMNodeDetails(630)) - OM Service ID is not set. Setting it to the default ID: omServiceIdDefault
2019-07-13 14:35:44,019 INFO  om.OzoneManager (OzoneManager.java:setOMNodeDetails(636)) - OM Node ID is not set. Setting it to the OmStorage's OmID: c702e738-85b0-41ca-9c64-00cee0318492
2019-07-13 14:35:44,019 INFO  om.OzoneManager (OzoneManager.java:loadOMHAConfigs(587)) - Found matching OM address with OMServiceId: null, OMNodeId: null, RPC Address: localhost:0 and Ratis port: 9872
2019-07-13 14:35:44,027 WARN  server.ServerUtils (ServerUtils.java:getDBPath(222)) - ozone.om.db.dirs is not configured. We recommend adding this setting. Falling back to ozone.metadata.dirs instead.
2019-07-13 14:35:44,028 INFO  db.DBStoreBuilder (DBStoreBuilder.java:addTable(110)) - using custom profile for table: userTable
2019-07-13 14:35:44,028 INFO  db.DBStoreBuilder (DBStoreBuilder.java:processTables(161)) - Using default column profile:DBProfile.DISK for Table:userTable
2019-07-13 14:35:44,028 INFO  db.DBStoreBuilder (DBStoreBuilder.java:addTable(110)) - using custom profile for table: volumeTable
2019-07-13 14:35:44,029 INFO  db.DBStoreBuilder (DBStoreBuilder.java:processTables(161)) - Using default column profile:DBProfile.DISK for Table:volumeTable
2019-07-13 14:35:44,029 INFO  db.DBStoreBuilder (DBStoreBuilder.java:addTable(110)) - using custom profile for table: bucketTable
2019-07-13 14:35:44,029 INFO  db.DBStoreBuilder (DBStoreBuilder.java:processTables(161)) - Using default column profile:DBProfile.DISK for Table:bucketTable
2019-07-13 14:35:44,029 INFO  db.DBStoreBuilder (DBStoreBuilder.java:addTable(110)) - using custom profile for table: keyTable
2019-07-13 14:35:44,029 INFO  db.DBStoreBuilder (DBStoreBuilder.java:processTables(161)) - Using default column profile:DBProfile.DISK for Table:keyTable
2019-07-13 14:35:44,030 INFO  db.DBStoreBuilder (DBStoreBuilder.java:addTable(110)) - using custom profile for table: deletedTable
2019-07-13 14:35:44,030 INFO  db.DBStoreBuilder (DBStoreBuilder.java:processTables(161)) - Using default column profile:DBProfile.DISK for Table:deletedTable
2019-07-13 14:35:44,030 INFO  db.DBStoreBuilder (DBStoreBuilder.java:addTable(110)) - using custom profile for table: openKeyTable
2019-07-13 14:35:44,030 INFO  db.DBStoreBuilder (DBStoreBuilder.java:processTables(161)) - Using default column profile:DBProfile.DISK for Table:openKeyTable
2019-07-13 14:35:44,031 INFO  db.DBStoreBuilder (DBStoreBuilder.java:addTable(110)) - using custom profile for table: s3Table
2019-07-13 14:35:44,031 INFO  db.DBStoreBuilder (DBStoreBuilder.java:processTables(161)) - Using default column profile:DBProfile.DISK for Table:s3Table
2019-07-13 14:35:44,031 INFO  db.DBStoreBuilder (DBStoreBuilder.java:addTable(110)) - using custom profile for table: multipartInfoTable
2019-07-13 14:35:44,031 INFO  db.DBStoreBuilder (DBStoreBuilder.java:processTables(161)) - Using default column profile:DBProfile.DISK for Table:multipartInfoTable
2019-07-13 14:35:44,031 INFO  db.DBStoreBuilder (DBStoreBuilder.java:addTable(110)) - using custom profile for table: dTokenTable
2019-07-13 14:35:44,032 INFO  db.DBStoreBuilder (DBStoreBuilder.java:processTables(161)) - Using default column profile:DBProfile.DISK for Table:dTokenTable
2019-07-13 14:35:44,032 INFO  db.DBStoreBuilder (DBStoreBuilder.java:addTable(110)) - using custom profile for table: s3SecretTable
2019-07-13 14:35:44,032 INFO  db.DBStoreBuilder (DBStoreBuilder.java:processTables(161)) - Using default column profile:DBProfile.DISK for Table:s3SecretTable
2019-07-13 14:35:44,032 INFO  db.DBStoreBuilder (DBStoreBuilder.java:addTable(110)) - using custom profile for table: prefixTable
2019-07-13 14:35:44,032 INFO  db.DBStoreBuilder (DBStoreBuilder.java:processTables(161)) - Using default column profile:DBProfile.DISK for Table:prefixTable
2019-07-13 14:35:44,033 INFO  db.DBStoreBuilder (DBStoreBuilder.java:addTable(110)) - using custom profile for table: default
2019-07-13 14:35:44,033 INFO  db.DBStoreBuilder (DBStoreBuilder.java:processTables(167)) - Using default column profile:DBProfile.DISK for Table:default
2019-07-13 14:35:44,033 INFO  db.DBStoreBuilder (DBStoreBuilder.java:getDbProfile(198)) - Using default options. DBProfile.DISK
2019-07-13 14:35:44,300 INFO  ipc.CallQueueManager (CallQueueManager.java:<init>(84)) - Using callQueue: class java.util.concurrent.LinkedBlockingQueue, queueCapacity: 2000, scheduler: class org.apache.hadoop.ipc.DefaultRpcScheduler, ipcBackoff: false.
2019-07-13 14:35:44,301 INFO  ipc.Server (Server.java:run(1074)) - Starting Socket Reader #1 for port 39824
2019-07-13 14:35:44,319 WARN  server.ServerUtils (ServerUtils.java:getDBPath(222)) - ozone.om.db.dirs is not configured. We recommend adding this setting. Falling back to ozone.metadata.dirs instead.
2019-07-13 14:35:44,319 INFO  om.OzoneManager (OzoneManager.java:start(1228)) - OzoneManager RPC server is listening at localhost/127.0.0.1:39824
2019-07-13 14:35:44,319 INFO  impl.MetricsSystemImpl (MetricsSystemImpl.java:init(158)) - OzoneManager metrics system started (again)
2019-07-13 14:35:44,320 INFO  ipc.Server (Server.java:run(1314)) - IPC Server Responder: starting
2019-07-13 14:35:44,320 INFO  ipc.Server (Server.java:run(1153)) - IPC Server listener on 39824: starting
2019-07-13 14:35:44,332 INFO  hdfs.DFSUtil (DFSUtil.java:httpServerTemplateForNNAndJN(1641)) - Starting Web-server for ozoneManager at: http://0.0.0.0:0
2019-07-13 14:35:44,333 INFO  server.AuthenticationFilter (AuthenticationFilter.java:constructSecretProvider(240)) - Unable to initialize FileSignerSecretProvider, falling back to use random secrets.
2019-07-13 14:35:44,334 WARN  http.HttpRequestLog (HttpRequestLog.java:getRequestLog(97)) - Jetty request log can only be enabled using Log4j
2019-07-13 14:35:44,336 INFO  http.HttpServer2 (HttpServer2.java:addGlobalFilter(975)) - Added global filter 'safety' (class=org.apache.hadoop.http.HttpServer2$QuotingInputFilter)
2019-07-13 14:35:44,337 INFO  http.HttpServer2 (HttpServer2.java:addFilter(948)) - Added filter static_user_filter (class=org.apache.hadoop.http.lib.StaticUserWebFilter$StaticUserFilter) to context ozoneManager
2019-07-13 14:35:44,337 INFO  http.HttpServer2 (HttpServer2.java:addFilter(958)) - Added filter static_user_filter (class=org.apache.hadoop.http.lib.StaticUserWebFilter$StaticUserFilter) to context logs
2019-07-13 14:35:44,338 INFO  http.HttpServer2 (HttpServer2.java:addFilter(958)) - Added filter static_user_filter (class=org.apache.hadoop.http.lib.StaticUserWebFilter$StaticUserFilter) to context static
2019-07-13 14:35:44,338 INFO  http.HttpServer2 (HttpServer2.java:bindListener(1191)) - Jetty bound to port 38310
2019-07-13 14:35:44,339 INFO  server.Server (Server.java:doStart(351)) - jetty-9.3.24.v20180605, build timestamp: 2018-06-05T17:11:56Z, git hash: 84205aa28f11a4f31f2a3b86d1bba2cc8ab69827
2019-07-13 14:35:44,341 INFO  handler.ContextHandler (ContextHandler.java:doStart(781)) - Started o.e.j.s.ServletContextHandler@45302e66{/logs,file:///tmp/workdir/hadoop-ozone/integration-test/target/log,AVAILABLE}
2019-07-13 14:35:44,342 INFO  handler.ContextHandler (ContextHandler.java:doStart(781)) - Started o.e.j.s.ServletContextHandler@382608d0{/static,file:///tmp/workdir/hadoop-ozone/integration-test/target/test-classes/webapps/static,AVAILABLE}
2019-07-13 14:35:44,347 INFO  handler.ContextHandler (ContextHandler.java:doStart(781)) - Started o.e.j.w.WebAppContext@238a7e3d{/,file:///tmp/workdir/hadoop-ozone/integration-test/target/test-classes/webapps/ozoneManager/,AVAILABLE}{/ozoneManager}
2019-07-13 14:35:44,348 INFO  server.AbstractConnector (AbstractConnector.java:doStart(278)) - Started ServerConnector@7ed5cc8c{HTTP/1.1,[http/1.1]}{0.0.0.0:38310}
2019-07-13 14:35:44,349 INFO  server.Server (Server.java:doStart(419)) - Started @557201ms
2019-07-13 14:35:44,350 INFO  server.BaseHttpServer (BaseHttpServer.java:updateConnectorAddress(207)) - HTTP server of OZONEMANAGER is listening at http://0.0.0.0:38310
2019-07-13 14:35:44,368 INFO  impl.MetricsSystemImpl (MetricsSystemImpl.java:init(158)) - HddsDatanode metrics system started (again)
2019-07-13 14:35:44,368 INFO  ozone.HddsDatanodeService (HddsDatanodeService.java:start(185)) - HddsDatanodeService host:trunk-nightly-mhs6z-4061744966 ip:192.168.5.172
2019-07-13 14:35:44,379 INFO  volume.HddsVolume (HddsVolume.java:<init>(176)) - Creating Volume: /tmp/workdir/hadoop-ozone/integration-test/target/test-dir/MiniOzoneClusterImpl-d90cfd36-4d9c-40bf-863f-665d19222a86/datanode-0/data/containers/hdds of  storage type : DISK and capacity : 52710309888
2019-07-13 14:35:44,380 INFO  volume.VolumeSet (VolumeSet.java:initializeVolumeSet(170)) - Added Volume : /tmp/workdir/hadoop-ozone/integration-test/target/test-dir/MiniOzoneClusterImpl-d90cfd36-4d9c-40bf-863f-665d19222a86/datanode-0/data/containers/hdds to VolumeSet
2019-07-13 14:35:44,380 INFO  volume.ThrottledAsyncChecker (ThrottledAsyncChecker.java:schedule(140)) - Scheduling a check for org.apache.hadoop.ozone.container.common.volume.HddsVolume@6e466fdf
2019-07-13 14:35:44,381 INFO  volume.HddsVolumeChecker (HddsVolumeChecker.java:checkAllVolumes(203)) - Scheduled health check for volume org.apache.hadoop.ozone.container.common.volume.HddsVolume@6e466fdf
2019-07-13 14:35:44,398 INFO  impl.RaftServerProxy (ConfUtils.java:logGet(43)) - raft.rpc.type = GRPC (default)
2019-07-13 14:35:44,398 INFO  grpc.GrpcFactory (GrpcFactory.java:checkPooledByteBufAllocatorUseCacheForAllThreads(45)) - PERFORMANCE WARNING: useCacheForAllThreads is true that may cause Netty to create a lot garbage objects and, as a result, trigger GC.
	It is recommended to disable useCacheForAllThreads by setting -Dorg.apache.ratis.thirdparty.io.netty.allocator.useCacheForAllThreads=false in command line.
2019-07-13 14:35:44,398 INFO  grpc.GrpcConfigKeys$Server (ConfUtils.java:logGet(43)) - raft.grpc.server.port = 0 (default)
2019-07-13 14:35:44,398 INFO  server.GrpcService (ConfUtils.java:logGet(43)) - raft.grpc.message.size.max = 33570816 (custom)
2019-07-13 14:35:44,399 INFO  server.RaftServerConfigKeys (ConfUtils.java:logGet(43)) - raft.server.log.appender.buffer.byte-limit = 33554432 (custom)
2019-07-13 14:35:44,399 INFO  server.GrpcService (ConfUtils.java:logGet(43)) - raft.grpc.flow.control.window = 1MB (=1048576) (default)
2019-07-13 14:35:44,399 INFO  server.RaftServerConfigKeys (ConfUtils.java:logGet(43)) - raft.server.rpc.request.timeout = 3000ms (default)
2019-07-13 14:35:44,400 INFO  server.RaftServerConfigKeys (ConfUtils.java:logGet(43)) - raft.server.storage.dir = [/tmp/workdir/hadoop-ozone/integration-test/target/test-dir/MiniOzoneClusterImpl-d90cfd36-4d9c-40bf-863f-665d19222a86/datanode-0/data/ratis] (custom)
2019-07-13 14:35:44,400 INFO  replication.SimpleContainerDownloader (SimpleContainerDownloader.java:<init>(72)) - Starting container downloader service to copy containers to replicate.
2019-07-13 14:35:44,401 INFO  hdfs.DFSUtil (DFSUtil.java:httpServerTemplateForNNAndJN(1641)) - Starting Web-server for hddsDatanode at: http://0.0.0.0:0
2019-07-13 14:35:44,403 INFO  server.AuthenticationFilter (AuthenticationFilter.java:constructSecretProvider(240)) - Unable to initialize FileSignerSecretProvider, falling back to use random secrets.
2019-07-13 14:35:44,403 WARN  http.HttpRequestLog (HttpRequestLog.java:getRequestLog(97)) - Jetty request log can only be enabled using Log4j
2019-07-13 14:35:44,405 INFO  http.HttpServer2 (HttpServer2.java:addGlobalFilter(975)) - Added global filter 'safety' (class=org.apache.hadoop.http.HttpServer2$QuotingInputFilter)
2019-07-13 14:35:44,405 INFO  http.HttpServer2 (HttpServer2.java:addFilter(948)) - Added filter static_user_filter (class=org.apache.hadoop.http.lib.StaticUserWebFilter$StaticUserFilter) to context hddsDatanode
2019-07-13 14:35:44,405 INFO  http.HttpServer2 (HttpServer2.java:addFilter(958)) - Added filter static_user_filter (class=org.apache.hadoop.http.lib.StaticUserWebFilter$StaticUserFilter) to context static
2019-07-13 14:35:44,405 INFO  http.HttpServer2 (HttpServer2.java:addFilter(958)) - Added filter static_user_filter (class=org.apache.hadoop.http.lib.StaticUserWebFilter$StaticUserFilter) to context logs
2019-07-13 14:35:44,406 INFO  http.HttpServer2 (HttpServer2.java:bindListener(1191)) - Jetty bound to port 43830
2019-07-13 14:35:44,406 INFO  server.Server (Server.java:doStart(351)) - jetty-9.3.24.v20180605, build timestamp: 2018-06-05T17:11:56Z, git hash: 84205aa28f11a4f31f2a3b86d1bba2cc8ab69827
2019-07-13 14:35:44,408 INFO  handler.ContextHandler (ContextHandler.java:doStart(781)) - Started o.e.j.s.ServletContextHandler@23e297d9{/logs,file:///tmp/workdir/hadoop-ozone/integration-test/target/log,AVAILABLE}
2019-07-13 14:35:44,409 INFO  handler.ContextHandler (ContextHandler.java:doStart(781)) - Started o.e.j.s.ServletContextHandler@a74c940{/static,jar:file:/home/user/.m2/repository/org/apache/hadoop/hadoop-hdds-container-service/0.5.0-SNAPSHOT/hadoop-hdds-container-service-0.5.0-SNAPSHOT.jar!/webapps/static,AVAILABLE}
2019-07-13 14:35:44,441 INFO  handler.ContextHandler (ContextHandler.java:doStart(781)) - Started o.e.j.w.WebAppContext@2a317af7{/,file:///tmp/jetty-0.0.0.0-43830-hddsDatanode-_-any-1471182043327947084.dir/webapp/,AVAILABLE}{/hddsDatanode}
2019-07-13 14:35:44,442 INFO  server.AbstractConnector (AbstractConnector.java:doStart(278)) - Started ServerConnector@7b38db21{HTTP/1.1,[http/1.1]}{0.0.0.0:43830}
2019-07-13 14:35:44,443 INFO  server.Server (Server.java:doStart(419)) - Started @557295ms
2019-07-13 14:35:44,444 INFO  server.BaseHttpServer (BaseHttpServer.java:updateConnectorAddress(207)) - HTTP server of HDDSDATANODE is listening at http://0.0.0.0:43830
2019-07-13 14:35:44,575 INFO  ozone.HddsDatanodeService (HddsDatanodeService.java:startPlugins(396)) - Started plug-in org.apache.hadoop.ozone.web.OzoneHddsDatanodeService@21dd91da
2019-07-13 14:35:44,575 INFO  impl.MetricsSystemImpl (MetricsSystemImpl.java:init(158)) - HddsDatanode metrics system started (again)
2019-07-13 14:35:44,576 INFO  ozone.HddsDatanodeService (HddsDatanodeService.java:start(185)) - HddsDatanodeService host:trunk-nightly-mhs6z-4061744966 ip:192.168.5.172
2019-07-13 14:35:44,577 INFO  util.JvmPauseMonitor (JvmPauseMonitor.java:run(188)) - Starting JVM pause monitor
2019-07-13 14:35:44,579 INFO  datanode.InitDatanodeState (InitDatanodeState.java:persistContainerDatanodeDetails(140)) - DatanodeDetails is persisted to /tmp/workdir/hadoop-ozone/integration-test/target/test-dir/MiniOzoneClusterImpl-d90cfd36-4d9c-40bf-863f-665d19222a86/datanode-0/meta/datanode.id
2019-07-13 14:35:44,586 INFO  volume.HddsVolume (HddsVolume.java:<init>(176)) - Creating Volume: /tmp/workdir/hadoop-ozone/integration-test/target/test-dir/MiniOzoneClusterImpl-d90cfd36-4d9c-40bf-863f-665d19222a86/datanode-1/data/containers/hdds of  storage type : DISK and capacity : 52710309888
2019-07-13 14:35:44,586 INFO  volume.VolumeSet (VolumeSet.java:initializeVolumeSet(170)) - Added Volume : /tmp/workdir/hadoop-ozone/integration-test/target/test-dir/MiniOzoneClusterImpl-d90cfd36-4d9c-40bf-863f-665d19222a86/datanode-1/data/containers/hdds to VolumeSet
2019-07-13 14:35:44,587 INFO  volume.ThrottledAsyncChecker (ThrottledAsyncChecker.java:schedule(140)) - Scheduling a check for org.apache.hadoop.ozone.container.common.volume.HddsVolume@35d53cd8
2019-07-13 14:35:44,587 INFO  volume.HddsVolumeChecker (HddsVolumeChecker.java:checkAllVolumes(203)) - Scheduled health check for volume org.apache.hadoop.ozone.container.common.volume.HddsVolume@35d53cd8
2019-07-13 14:35:44,602 INFO  impl.RaftServerProxy (ConfUtils.java:logGet(43)) - raft.rpc.type = GRPC (default)
2019-07-13 14:35:44,602 INFO  grpc.GrpcFactory (GrpcFactory.java:checkPooledByteBufAllocatorUseCacheForAllThreads(45)) - PERFORMANCE WARNING: useCacheForAllThreads is true that may cause Netty to create a lot garbage objects and, as a result, trigger GC.
	It is recommended to disable useCacheForAllThreads by setting -Dorg.apache.ratis.thirdparty.io.netty.allocator.useCacheForAllThreads=false in command line.
2019-07-13 14:35:44,603 INFO  grpc.GrpcConfigKeys$Server (ConfUtils.java:logGet(43)) - raft.grpc.server.port = 0 (default)
2019-07-13 14:35:44,603 INFO  server.GrpcService (ConfUtils.java:logGet(43)) - raft.grpc.message.size.max = 33570816 (custom)
2019-07-13 14:35:44,603 INFO  server.RaftServerConfigKeys (ConfUtils.java:logGet(43)) - raft.server.log.appender.buffer.byte-limit = 33554432 (custom)
2019-07-13 14:35:44,603 INFO  server.GrpcService (ConfUtils.java:logGet(43)) - raft.grpc.flow.control.window = 1MB (=1048576) (default)
2019-07-13 14:35:44,604 INFO  server.RaftServerConfigKeys (ConfUtils.java:logGet(43)) - raft.server.rpc.request.timeout = 3000ms (default)
2019-07-13 14:35:44,604 INFO  server.RaftServerConfigKeys (ConfUtils.java:logGet(43)) - raft.server.storage.dir = [/tmp/workdir/hadoop-ozone/integration-test/target/test-dir/MiniOzoneClusterImpl-d90cfd36-4d9c-40bf-863f-665d19222a86/datanode-1/data/ratis] (custom)
2019-07-13 14:35:44,604 INFO  replication.SimpleContainerDownloader (SimpleContainerDownloader.java:<init>(72)) - Starting container downloader service to copy containers to replicate.
2019-07-13 14:35:44,606 INFO  hdfs.DFSUtil (DFSUtil.java:httpServerTemplateForNNAndJN(1641)) - Starting Web-server for hddsDatanode at: http://0.0.0.0:0
2019-07-13 14:35:44,608 INFO  server.AuthenticationFilter (AuthenticationFilter.java:constructSecretProvider(240)) - Unable to initialize FileSignerSecretProvider, falling back to use random secrets.
2019-07-13 14:35:44,609 WARN  http.HttpRequestLog (HttpRequestLog.java:getRequestLog(97)) - Jetty request log can only be enabled using Log4j
2019-07-13 14:35:44,610 INFO  http.HttpServer2 (HttpServer2.java:addGlobalFilter(975)) - Added global filter 'safety' (class=org.apache.hadoop.http.HttpServer2$QuotingInputFilter)
2019-07-13 14:35:44,611 INFO  http.HttpServer2 (HttpServer2.java:addFilter(948)) - Added filter static_user_filter (class=org.apache.hadoop.http.lib.StaticUserWebFilter$StaticUserFilter) to context hddsDatanode
2019-07-13 14:35:44,611 INFO  http.HttpServer2 (HttpServer2.java:addFilter(958)) - Added filter static_user_filter (class=org.apache.hadoop.http.lib.StaticUserWebFilter$StaticUserFilter) to context static
2019-07-13 14:35:44,612 INFO  http.HttpServer2 (HttpServer2.java:addFilter(958)) - Added filter static_user_filter (class=org.apache.hadoop.http.lib.StaticUserWebFilter$StaticUserFilter) to context logs
2019-07-13 14:35:44,613 INFO  http.HttpServer2 (HttpServer2.java:bindListener(1191)) - Jetty bound to port 38538
2019-07-13 14:35:44,613 INFO  server.Server (Server.java:doStart(351)) - jetty-9.3.24.v20180605, build timestamp: 2018-06-05T17:11:56Z, git hash: 84205aa28f11a4f31f2a3b86d1bba2cc8ab69827
2019-07-13 14:35:44,615 INFO  handler.ContextHandler (ContextHandler.java:doStart(781)) - Started o.e.j.s.ServletContextHandler@7d2a4598{/logs,file:///tmp/workdir/hadoop-ozone/integration-test/target/log,AVAILABLE}
2019-07-13 14:35:44,616 INFO  handler.ContextHandler (ContextHandler.java:doStart(781)) - Started o.e.j.s.ServletContextHandler@415419a4{/static,jar:file:/home/user/.m2/repository/org/apache/hadoop/hadoop-hdds-container-service/0.5.0-SNAPSHOT/hadoop-hdds-container-service-0.5.0-SNAPSHOT.jar!/webapps/static,AVAILABLE}
2019-07-13 14:35:44,659 INFO  handler.ContextHandler (ContextHandler.java:doStart(781)) - Started o.e.j.w.WebAppContext@564fc235{/,file:///tmp/jetty-0.0.0.0-38538-hddsDatanode-_-any-6527423203608806286.dir/webapp/,AVAILABLE}{/hddsDatanode}
2019-07-13 14:35:44,659 INFO  server.AbstractConnector (AbstractConnector.java:doStart(278)) - Started ServerConnector@65b7678a{HTTP/1.1,[http/1.1]}{0.0.0.0:38538}
2019-07-13 14:35:44,659 INFO  server.Server (Server.java:doStart(419)) - Started @557511ms
2019-07-13 14:35:44,661 INFO  server.BaseHttpServer (BaseHttpServer.java:updateConnectorAddress(207)) - HTTP server of HDDSDATANODE is listening at http://0.0.0.0:38538
2019-07-13 14:35:44,795 INFO  ozone.HddsDatanodeService (HddsDatanodeService.java:startPlugins(396)) - Started plug-in org.apache.hadoop.ozone.web.OzoneHddsDatanodeService@54cce500
2019-07-13 14:35:44,795 INFO  impl.MetricsSystemImpl (MetricsSystemImpl.java:init(158)) - HddsDatanode metrics system started (again)
2019-07-13 14:35:44,796 INFO  ozone.HddsDatanodeService (HddsDatanodeService.java:start(185)) - HddsDatanodeService host:trunk-nightly-mhs6z-4061744966 ip:192.168.5.172
2019-07-13 14:35:44,797 INFO  util.JvmPauseMonitor (JvmPauseMonitor.java:run(188)) - Starting JVM pause monitor
2019-07-13 14:35:44,798 INFO  datanode.InitDatanodeState (InitDatanodeState.java:persistContainerDatanodeDetails(140)) - DatanodeDetails is persisted to /tmp/workdir/hadoop-ozone/integration-test/target/test-dir/MiniOzoneClusterImpl-d90cfd36-4d9c-40bf-863f-665d19222a86/datanode-1/meta/datanode.id
2019-07-13 14:35:44,806 INFO  volume.HddsVolume (HddsVolume.java:<init>(176)) - Creating Volume: /tmp/workdir/hadoop-ozone/integration-test/target/test-dir/MiniOzoneClusterImpl-d90cfd36-4d9c-40bf-863f-665d19222a86/datanode-2/data/containers/hdds of  storage type : DISK and capacity : 52710309888
2019-07-13 14:35:44,806 INFO  volume.VolumeSet (VolumeSet.java:initializeVolumeSet(170)) - Added Volume : /tmp/workdir/hadoop-ozone/integration-test/target/test-dir/MiniOzoneClusterImpl-d90cfd36-4d9c-40bf-863f-665d19222a86/datanode-2/data/containers/hdds to VolumeSet
2019-07-13 14:35:44,806 INFO  volume.ThrottledAsyncChecker (ThrottledAsyncChecker.java:schedule(140)) - Scheduling a check for org.apache.hadoop.ozone.container.common.volume.HddsVolume@5c9168c3
2019-07-13 14:35:44,807 INFO  volume.HddsVolumeChecker (HddsVolumeChecker.java:checkAllVolumes(203)) - Scheduled health check for volume org.apache.hadoop.ozone.container.common.volume.HddsVolume@5c9168c3
2019-07-13 14:35:44,819 INFO  impl.RaftServerProxy (ConfUtils.java:logGet(43)) - raft.rpc.type = GRPC (default)
2019-07-13 14:35:44,819 INFO  grpc.GrpcFactory (GrpcFactory.java:checkPooledByteBufAllocatorUseCacheForAllThreads(45)) - PERFORMANCE WARNING: useCacheForAllThreads is true that may cause Netty to create a lot garbage objects and, as a result, trigger GC.
	It is recommended to disable useCacheForAllThreads by setting -Dorg.apache.ratis.thirdparty.io.netty.allocator.useCacheForAllThreads=false in command line.
2019-07-13 14:35:44,819 INFO  grpc.GrpcConfigKeys$Server (ConfUtils.java:logGet(43)) - raft.grpc.server.port = 0 (default)
2019-07-13 14:35:44,820 INFO  server.GrpcService (ConfUtils.java:logGet(43)) - raft.grpc.message.size.max = 33570816 (custom)
2019-07-13 14:35:44,820 INFO  server.RaftServerConfigKeys (ConfUtils.java:logGet(43)) - raft.server.log.appender.buffer.byte-limit = 33554432 (custom)
2019-07-13 14:35:44,820 INFO  server.GrpcService (ConfUtils.java:logGet(43)) - raft.grpc.flow.control.window = 1MB (=1048576) (default)
2019-07-13 14:35:44,820 INFO  server.RaftServerConfigKeys (ConfUtils.java:logGet(43)) - raft.server.rpc.request.timeout = 3000ms (default)
2019-07-13 14:35:44,820 INFO  server.RaftServerConfigKeys (ConfUtils.java:logGet(43)) - raft.server.storage.dir = [/tmp/workdir/hadoop-ozone/integration-test/target/test-dir/MiniOzoneClusterImpl-d90cfd36-4d9c-40bf-863f-665d19222a86/datanode-2/data/ratis] (custom)
2019-07-13 14:35:44,821 INFO  replication.SimpleContainerDownloader (SimpleContainerDownloader.java:<init>(72)) - Starting container downloader service to copy containers to replicate.
2019-07-13 14:35:44,822 INFO  hdfs.DFSUtil (DFSUtil.java:httpServerTemplateForNNAndJN(1641)) - Starting Web-server for hddsDatanode at: http://0.0.0.0:0
2019-07-13 14:35:44,823 INFO  server.AuthenticationFilter (AuthenticationFilter.java:constructSecretProvider(240)) - Unable to initialize FileSignerSecretProvider, falling back to use random secrets.
2019-07-13 14:35:44,824 WARN  http.HttpRequestLog (HttpRequestLog.java:getRequestLog(97)) - Jetty request log can only be enabled using Log4j
2019-07-13 14:35:44,826 INFO  http.HttpServer2 (HttpServer2.java:addGlobalFilter(975)) - Added global filter 'safety' (class=org.apache.hadoop.http.HttpServer2$QuotingInputFilter)
2019-07-13 14:35:44,826 INFO  http.HttpServer2 (HttpServer2.java:addFilter(948)) - Added filter static_user_filter (class=org.apache.hadoop.http.lib.StaticUserWebFilter$StaticUserFilter) to context hddsDatanode
2019-07-13 14:35:44,827 INFO  http.HttpServer2 (HttpServer2.java:addFilter(958)) - Added filter static_user_filter (class=org.apache.hadoop.http.lib.StaticUserWebFilter$StaticUserFilter) to context logs
2019-07-13 14:35:44,827 INFO  http.HttpServer2 (HttpServer2.java:addFilter(958)) - Added filter static_user_filter (class=org.apache.hadoop.http.lib.StaticUserWebFilter$StaticUserFilter) to context static
2019-07-13 14:35:44,828 INFO  http.HttpServer2 (HttpServer2.java:bindListener(1191)) - Jetty bound to port 40846
2019-07-13 14:35:44,828 INFO  server.Server (Server.java:doStart(351)) - jetty-9.3.24.v20180605, build timestamp: 2018-06-05T17:11:56Z, git hash: 84205aa28f11a4f31f2a3b86d1bba2cc8ab69827
2019-07-13 14:35:44,830 INFO  handler.ContextHandler (ContextHandler.java:doStart(781)) - Started o.e.j.s.ServletContextHandler@7a491a60{/logs,file:///tmp/workdir/hadoop-ozone/integration-test/target/log,AVAILABLE}
2019-07-13 14:35:44,830 INFO  handler.ContextHandler (ContextHandler.java:doStart(781)) - Started o.e.j.s.ServletContextHandler@5c30decf{/static,jar:file:/home/user/.m2/repository/org/apache/hadoop/hadoop-hdds-container-service/0.5.0-SNAPSHOT/hadoop-hdds-container-service-0.5.0-SNAPSHOT.jar!/webapps/static,AVAILABLE}
2019-07-13 14:35:44,861 INFO  handler.ContextHandler (ContextHandler.java:doStart(781)) - Started o.e.j.w.WebAppContext@556e4588{/,file:///tmp/jetty-0.0.0.0-40846-hddsDatanode-_-any-3970716240629590883.dir/webapp/,AVAILABLE}{/hddsDatanode}
2019-07-13 14:35:44,862 INFO  server.AbstractConnector (AbstractConnector.java:doStart(278)) - Started ServerConnector@4f5df012{HTTP/1.1,[http/1.1]}{0.0.0.0:40846}
2019-07-13 14:35:44,862 INFO  server.Server (Server.java:doStart(419)) - Started @557714ms
2019-07-13 14:35:44,864 INFO  server.BaseHttpServer (BaseHttpServer.java:updateConnectorAddress(207)) - HTTP server of HDDSDATANODE is listening at http://0.0.0.0:40846
2019-07-13 14:35:44,964 INFO  ozone.HddsDatanodeService (HddsDatanodeService.java:startPlugins(396)) - Started plug-in org.apache.hadoop.ozone.web.OzoneHddsDatanodeService@2c3d0ff8
2019-07-13 14:35:44,964 INFO  impl.MetricsSystemImpl (MetricsSystemImpl.java:init(158)) - HddsDatanode metrics system started (again)
2019-07-13 14:35:44,964 INFO  ozone.HddsDatanodeService (HddsDatanodeService.java:start(185)) - HddsDatanodeService host:trunk-nightly-mhs6z-4061744966 ip:192.168.5.172
2019-07-13 14:35:44,965 INFO  util.JvmPauseMonitor (JvmPauseMonitor.java:run(188)) - Starting JVM pause monitor
2019-07-13 14:35:44,967 INFO  datanode.InitDatanodeState (InitDatanodeState.java:persistContainerDatanodeDetails(140)) - DatanodeDetails is persisted to /tmp/workdir/hadoop-ozone/integration-test/target/test-dir/MiniOzoneClusterImpl-d90cfd36-4d9c-40bf-863f-665d19222a86/datanode-2/meta/datanode.id
2019-07-13 14:35:44,974 INFO  volume.HddsVolume (HddsVolume.java:<init>(176)) - Creating Volume: /tmp/workdir/hadoop-ozone/integration-test/target/test-dir/MiniOzoneClusterImpl-d90cfd36-4d9c-40bf-863f-665d19222a86/datanode-3/data/containers/hdds of  storage type : DISK and capacity : 52710309888
2019-07-13 14:35:44,974 INFO  volume.VolumeSet (VolumeSet.java:initializeVolumeSet(170)) - Added Volume : /tmp/workdir/hadoop-ozone/integration-test/target/test-dir/MiniOzoneClusterImpl-d90cfd36-4d9c-40bf-863f-665d19222a86/datanode-3/data/containers/hdds to VolumeSet
2019-07-13 14:35:44,975 INFO  volume.ThrottledAsyncChecker (ThrottledAsyncChecker.java:schedule(140)) - Scheduling a check for org.apache.hadoop.ozone.container.common.volume.HddsVolume@57063e08
2019-07-13 14:35:44,975 INFO  volume.HddsVolumeChecker (HddsVolumeChecker.java:checkAllVolumes(203)) - Scheduled health check for volume org.apache.hadoop.ozone.container.common.volume.HddsVolume@57063e08
2019-07-13 14:35:44,988 INFO  impl.RaftServerProxy (ConfUtils.java:logGet(43)) - raft.rpc.type = GRPC (default)
2019-07-13 14:35:44,989 INFO  grpc.GrpcFactory (GrpcFactory.java:checkPooledByteBufAllocatorUseCacheForAllThreads(45)) - PERFORMANCE WARNING: useCacheForAllThreads is true that may cause Netty to create a lot garbage objects and, as a result, trigger GC.
	It is recommended to disable useCacheForAllThreads by setting -Dorg.apache.ratis.thirdparty.io.netty.allocator.useCacheForAllThreads=false in command line.
2019-07-13 14:35:44,989 INFO  grpc.GrpcConfigKeys$Server (ConfUtils.java:logGet(43)) - raft.grpc.server.port = 0 (default)
2019-07-13 14:35:44,989 INFO  server.GrpcService (ConfUtils.java:logGet(43)) - raft.grpc.message.size.max = 33570816 (custom)
2019-07-13 14:35:44,989 INFO  server.RaftServerConfigKeys (ConfUtils.java:logGet(43)) - raft.server.log.appender.buffer.byte-limit = 33554432 (custom)
2019-07-13 14:35:44,989 INFO  server.GrpcService (ConfUtils.java:logGet(43)) - raft.grpc.flow.control.window = 1MB (=1048576) (default)
2019-07-13 14:35:44,989 INFO  server.RaftServerConfigKeys (ConfUtils.java:logGet(43)) - raft.server.rpc.request.timeout = 3000ms (default)
2019-07-13 14:35:44,990 INFO  server.RaftServerConfigKeys (ConfUtils.java:logGet(43)) - raft.server.storage.dir = [/tmp/workdir/hadoop-ozone/integration-test/target/test-dir/MiniOzoneClusterImpl-d90cfd36-4d9c-40bf-863f-665d19222a86/datanode-3/data/ratis] (custom)
2019-07-13 14:35:44,990 INFO  replication.SimpleContainerDownloader (SimpleContainerDownloader.java:<init>(72)) - Starting container downloader service to copy containers to replicate.
2019-07-13 14:35:44,991 INFO  hdfs.DFSUtil (DFSUtil.java:httpServerTemplateForNNAndJN(1641)) - Starting Web-server for hddsDatanode at: http://0.0.0.0:0
2019-07-13 14:35:44,992 INFO  server.AuthenticationFilter (AuthenticationFilter.java:constructSecretProvider(240)) - Unable to initialize FileSignerSecretProvider, falling back to use random secrets.
2019-07-13 14:35:44,992 WARN  http.HttpRequestLog (HttpRequestLog.java:getRequestLog(97)) - Jetty request log can only be enabled using Log4j
2019-07-13 14:35:44,993 INFO  http.HttpServer2 (HttpServer2.java:addGlobalFilter(975)) - Added global filter 'safety' (class=org.apache.hadoop.http.HttpServer2$QuotingInputFilter)
2019-07-13 14:35:44,994 INFO  http.HttpServer2 (HttpServer2.java:addFilter(948)) - Added filter static_user_filter (class=org.apache.hadoop.http.lib.StaticUserWebFilter$StaticUserFilter) to context hddsDatanode
2019-07-13 14:35:44,994 INFO  http.HttpServer2 (HttpServer2.java:addFilter(958)) - Added filter static_user_filter (class=org.apache.hadoop.http.lib.StaticUserWebFilter$StaticUserFilter) to context logs
2019-07-13 14:35:44,994 INFO  http.HttpServer2 (HttpServer2.java:addFilter(958)) - Added filter static_user_filter (class=org.apache.hadoop.http.lib.StaticUserWebFilter$StaticUserFilter) to context static
2019-07-13 14:35:44,995 INFO  http.HttpServer2 (HttpServer2.java:bindListener(1191)) - Jetty bound to port 34531
2019-07-13 14:35:44,995 INFO  server.Server (Server.java:doStart(351)) - jetty-9.3.24.v20180605, build timestamp: 2018-06-05T17:11:56Z, git hash: 84205aa28f11a4f31f2a3b86d1bba2cc8ab69827
2019-07-13 14:35:44,996 INFO  handler.ContextHandler (ContextHandler.java:doStart(781)) - Started o.e.j.s.ServletContextHandler@1e9a10e9{/logs,file:///tmp/workdir/hadoop-ozone/integration-test/target/log,AVAILABLE}
2019-07-13 14:35:44,997 INFO  handler.ContextHandler (ContextHandler.java:doStart(781)) - Started o.e.j.s.ServletContextHandler@2370c90{/static,jar:file:/home/user/.m2/repository/org/apache/hadoop/hadoop-hdds-container-service/0.5.0-SNAPSHOT/hadoop-hdds-container-service-0.5.0-SNAPSHOT.jar!/webapps/static,AVAILABLE}
2019-07-13 14:35:45,022 INFO  handler.ContextHandler (ContextHandler.java:doStart(781)) - Started o.e.j.w.WebAppContext@288915a1{/,file:///tmp/jetty-0.0.0.0-34531-hddsDatanode-_-any-1407203683475310640.dir/webapp/,AVAILABLE}{/hddsDatanode}
2019-07-13 14:35:45,023 INFO  server.AbstractConnector (AbstractConnector.java:doStart(278)) - Started ServerConnector@62a6a47e{HTTP/1.1,[http/1.1]}{0.0.0.0:34531}
2019-07-13 14:35:45,023 INFO  server.Server (Server.java:doStart(419)) - Started @557875ms
2019-07-13 14:35:45,025 INFO  server.BaseHttpServer (BaseHttpServer.java:updateConnectorAddress(207)) - HTTP server of HDDSDATANODE is listening at http://0.0.0.0:34531
2019-07-13 14:35:45,158 INFO  ozone.HddsDatanodeService (HddsDatanodeService.java:startPlugins(396)) - Started plug-in org.apache.hadoop.ozone.web.OzoneHddsDatanodeService@40ecead5
2019-07-13 14:35:45,158 INFO  impl.MetricsSystemImpl (MetricsSystemImpl.java:init(158)) - HddsDatanode metrics system started (again)
2019-07-13 14:35:45,158 INFO  ozone.HddsDatanodeService (HddsDatanodeService.java:start(185)) - HddsDatanodeService host:trunk-nightly-mhs6z-4061744966 ip:192.168.5.172
2019-07-13 14:35:45,160 INFO  util.JvmPauseMonitor (JvmPauseMonitor.java:run(188)) - Starting JVM pause monitor
2019-07-13 14:35:45,161 INFO  datanode.InitDatanodeState (InitDatanodeState.java:persistContainerDatanodeDetails(140)) - DatanodeDetails is persisted to /tmp/workdir/hadoop-ozone/integration-test/target/test-dir/MiniOzoneClusterImpl-d90cfd36-4d9c-40bf-863f-665d19222a86/datanode-3/meta/datanode.id
2019-07-13 14:35:45,169 INFO  volume.HddsVolume (HddsVolume.java:<init>(176)) - Creating Volume: /tmp/workdir/hadoop-ozone/integration-test/target/test-dir/MiniOzoneClusterImpl-d90cfd36-4d9c-40bf-863f-665d19222a86/datanode-4/data/containers/hdds of  storage type : DISK and capacity : 52710309888
2019-07-13 14:35:45,169 INFO  volume.VolumeSet (VolumeSet.java:initializeVolumeSet(170)) - Added Volume : /tmp/workdir/hadoop-ozone/integration-test/target/test-dir/MiniOzoneClusterImpl-d90cfd36-4d9c-40bf-863f-665d19222a86/datanode-4/data/containers/hdds to VolumeSet
2019-07-13 14:35:45,170 INFO  volume.ThrottledAsyncChecker (ThrottledAsyncChecker.java:schedule(140)) - Scheduling a check for org.apache.hadoop.ozone.container.common.volume.HddsVolume@600a1270
2019-07-13 14:35:45,170 INFO  volume.HddsVolumeChecker (HddsVolumeChecker.java:checkAllVolumes(203)) - Scheduled health check for volume org.apache.hadoop.ozone.container.common.volume.HddsVolume@600a1270
2019-07-13 14:35:45,185 INFO  impl.RaftServerProxy (ConfUtils.java:logGet(43)) - raft.rpc.type = GRPC (default)
2019-07-13 14:35:45,185 INFO  grpc.GrpcFactory (GrpcFactory.java:checkPooledByteBufAllocatorUseCacheForAllThreads(45)) - PERFORMANCE WARNING: useCacheForAllThreads is true that may cause Netty to create a lot garbage objects and, as a result, trigger GC.
	It is recommended to disable useCacheForAllThreads by setting -Dorg.apache.ratis.thirdparty.io.netty.allocator.useCacheForAllThreads=false in command line.
2019-07-13 14:35:45,185 INFO  grpc.GrpcConfigKeys$Server (ConfUtils.java:logGet(43)) - raft.grpc.server.port = 0 (default)
2019-07-13 14:35:45,186 INFO  server.GrpcService (ConfUtils.java:logGet(43)) - raft.grpc.message.size.max = 33570816 (custom)
2019-07-13 14:35:45,186 INFO  server.RaftServerConfigKeys (ConfUtils.java:logGet(43)) - raft.server.log.appender.buffer.byte-limit = 33554432 (custom)
2019-07-13 14:35:45,186 INFO  server.GrpcService (ConfUtils.java:logGet(43)) - raft.grpc.flow.control.window = 1MB (=1048576) (default)
2019-07-13 14:35:45,186 INFO  server.RaftServerConfigKeys (ConfUtils.java:logGet(43)) - raft.server.rpc.request.timeout = 3000ms (default)
2019-07-13 14:35:45,187 INFO  server.RaftServerConfigKeys (ConfUtils.java:logGet(43)) - raft.server.storage.dir = [/tmp/workdir/hadoop-ozone/integration-test/target/test-dir/MiniOzoneClusterImpl-d90cfd36-4d9c-40bf-863f-665d19222a86/datanode-4/data/ratis] (custom)
2019-07-13 14:35:45,187 INFO  replication.SimpleContainerDownloader (SimpleContainerDownloader.java:<init>(72)) - Starting container downloader service to copy containers to replicate.
2019-07-13 14:35:45,188 INFO  hdfs.DFSUtil (DFSUtil.java:httpServerTemplateForNNAndJN(1641)) - Starting Web-server for hddsDatanode at: http://0.0.0.0:0
2019-07-13 14:35:45,190 INFO  server.AuthenticationFilter (AuthenticationFilter.java:constructSecretProvider(240)) - Unable to initialize FileSignerSecretProvider, falling back to use random secrets.
2019-07-13 14:35:45,191 WARN  http.HttpRequestLog (HttpRequestLog.java:getRequestLog(97)) - Jetty request log can only be enabled using Log4j
2019-07-13 14:35:45,193 INFO  http.HttpServer2 (HttpServer2.java:addGlobalFilter(975)) - Added global filter 'safety' (class=org.apache.hadoop.http.HttpServer2$QuotingInputFilter)
2019-07-13 14:35:45,194 INFO  http.HttpServer2 (HttpServer2.java:addFilter(948)) - Added filter static_user_filter (class=org.apache.hadoop.http.lib.StaticUserWebFilter$StaticUserFilter) to context hddsDatanode
2019-07-13 14:35:45,194 INFO  http.HttpServer2 (HttpServer2.java:addFilter(958)) - Added filter static_user_filter (class=org.apache.hadoop.http.lib.StaticUserWebFilter$StaticUserFilter) to context static
2019-07-13 14:35:45,194 INFO  http.HttpServer2 (HttpServer2.java:addFilter(958)) - Added filter static_user_filter (class=org.apache.hadoop.http.lib.StaticUserWebFilter$StaticUserFilter) to context logs
2019-07-13 14:35:45,195 INFO  http.HttpServer2 (HttpServer2.java:bindListener(1191)) - Jetty bound to port 43176
2019-07-13 14:35:45,195 INFO  server.Server (Server.java:doStart(351)) - jetty-9.3.24.v20180605, build timestamp: 2018-06-05T17:11:56Z, git hash: 84205aa28f11a4f31f2a3b86d1bba2cc8ab69827
2019-07-13 14:35:45,198 INFO  handler.ContextHandler (ContextHandler.java:doStart(781)) - Started o.e.j.s.ServletContextHandler@37a36194{/logs,file:///tmp/workdir/hadoop-ozone/integration-test/target/log,AVAILABLE}
2019-07-13 14:35:45,198 INFO  handler.ContextHandler (ContextHandler.java:doStart(781)) - Started o.e.j.s.ServletContextHandler@6abaa14b{/static,jar:file:/home/user/.m2/repository/org/apache/hadoop/hadoop-hdds-container-service/0.5.0-SNAPSHOT/hadoop-hdds-container-service-0.5.0-SNAPSHOT.jar!/webapps/static,AVAILABLE}
2019-07-13 14:35:45,240 INFO  handler.ContextHandler (ContextHandler.java:doStart(781)) - Started o.e.j.w.WebAppContext@13d1653{/,file:///tmp/jetty-0.0.0.0-43176-hddsDatanode-_-any-7672340195856532127.dir/webapp/,AVAILABLE}{/hddsDatanode}
2019-07-13 14:35:45,241 INFO  server.AbstractConnector (AbstractConnector.java:doStart(278)) - Started ServerConnector@3533d790{HTTP/1.1,[http/1.1]}{0.0.0.0:43176}
2019-07-13 14:35:45,242 INFO  server.Server (Server.java:doStart(419)) - Started @558094ms
2019-07-13 14:35:45,243 INFO  server.BaseHttpServer (BaseHttpServer.java:updateConnectorAddress(207)) - HTTP server of HDDSDATANODE is listening at http://0.0.0.0:43176
2019-07-13 14:35:45,354 INFO  ozone.HddsDatanodeService (HddsDatanodeService.java:startPlugins(396)) - Started plug-in org.apache.hadoop.ozone.web.OzoneHddsDatanodeService@48e3017a
2019-07-13 14:35:45,354 INFO  impl.MetricsSystemImpl (MetricsSystemImpl.java:init(158)) - HddsDatanode metrics system started (again)
2019-07-13 14:35:45,355 INFO  ozone.HddsDatanodeService (HddsDatanodeService.java:start(185)) - HddsDatanodeService host:trunk-nightly-mhs6z-4061744966 ip:192.168.5.172
2019-07-13 14:35:45,355 INFO  util.JvmPauseMonitor (JvmPauseMonitor.java:run(188)) - Starting JVM pause monitor
2019-07-13 14:35:45,357 INFO  datanode.InitDatanodeState (InitDatanodeState.java:persistContainerDatanodeDetails(140)) - DatanodeDetails is persisted to /tmp/workdir/hadoop-ozone/integration-test/target/test-dir/MiniOzoneClusterImpl-d90cfd36-4d9c-40bf-863f-665d19222a86/datanode-4/meta/datanode.id
2019-07-13 14:35:45,365 INFO  volume.HddsVolume (HddsVolume.java:<init>(176)) - Creating Volume: /tmp/workdir/hadoop-ozone/integration-test/target/test-dir/MiniOzoneClusterImpl-d90cfd36-4d9c-40bf-863f-665d19222a86/datanode-5/data/containers/hdds of  storage type : DISK and capacity : 52710309888
2019-07-13 14:35:45,365 INFO  volume.VolumeSet (VolumeSet.java:initializeVolumeSet(170)) - Added Volume : /tmp/workdir/hadoop-ozone/integration-test/target/test-dir/MiniOzoneClusterImpl-d90cfd36-4d9c-40bf-863f-665d19222a86/datanode-5/data/containers/hdds to VolumeSet
2019-07-13 14:35:45,366 INFO  volume.ThrottledAsyncChecker (ThrottledAsyncChecker.java:schedule(140)) - Scheduling a check for org.apache.hadoop.ozone.container.common.volume.HddsVolume@3af6d7a7
2019-07-13 14:35:45,366 INFO  volume.HddsVolumeChecker (HddsVolumeChecker.java:checkAllVolumes(203)) - Scheduled health check for volume org.apache.hadoop.ozone.container.common.volume.HddsVolume@3af6d7a7
2019-07-13 14:35:45,380 INFO  impl.RaftServerProxy (ConfUtils.java:logGet(43)) - raft.rpc.type = GRPC (default)
2019-07-13 14:35:45,380 INFO  grpc.GrpcFactory (GrpcFactory.java:checkPooledByteBufAllocatorUseCacheForAllThreads(45)) - PERFORMANCE WARNING: useCacheForAllThreads is true that may cause Netty to create a lot garbage objects and, as a result, trigger GC.
	It is recommended to disable useCacheForAllThreads by setting -Dorg.apache.ratis.thirdparty.io.netty.allocator.useCacheForAllThreads=false in command line.
2019-07-13 14:35:45,380 INFO  grpc.GrpcConfigKeys$Server (ConfUtils.java:logGet(43)) - raft.grpc.server.port = 0 (default)
2019-07-13 14:35:45,380 INFO  server.GrpcService (ConfUtils.java:logGet(43)) - raft.grpc.message.size.max = 33570816 (custom)
2019-07-13 14:35:45,380 INFO  server.RaftServerConfigKeys (ConfUtils.java:logGet(43)) - raft.server.log.appender.buffer.byte-limit = 33554432 (custom)
2019-07-13 14:35:45,381 INFO  server.GrpcService (ConfUtils.java:logGet(43)) - raft.grpc.flow.control.window = 1MB (=1048576) (default)
2019-07-13 14:35:45,381 INFO  server.RaftServerConfigKeys (ConfUtils.java:logGet(43)) - raft.server.rpc.request.timeout = 3000ms (default)
2019-07-13 14:35:45,381 INFO  server.RaftServerConfigKeys (ConfUtils.java:logGet(43)) - raft.server.storage.dir = [/tmp/workdir/hadoop-ozone/integration-test/target/test-dir/MiniOzoneClusterImpl-d90cfd36-4d9c-40bf-863f-665d19222a86/datanode-5/data/ratis] (custom)
2019-07-13 14:35:45,381 INFO  replication.SimpleContainerDownloader (SimpleContainerDownloader.java:<init>(72)) - Starting container downloader service to copy containers to replicate.
2019-07-13 14:35:45,382 INFO  hdfs.DFSUtil (DFSUtil.java:httpServerTemplateForNNAndJN(1641)) - Starting Web-server for hddsDatanode at: http://0.0.0.0:0
2019-07-13 14:35:45,383 INFO  server.AuthenticationFilter (AuthenticationFilter.java:constructSecretProvider(240)) - Unable to initialize FileSignerSecretProvider, falling back to use random secrets.
2019-07-13 14:35:45,384 WARN  http.HttpRequestLog (HttpRequestLog.java:getRequestLog(97)) - Jetty request log can only be enabled using Log4j
2019-07-13 14:35:45,385 INFO  http.HttpServer2 (HttpServer2.java:addGlobalFilter(975)) - Added global filter 'safety' (class=org.apache.hadoop.http.HttpServer2$QuotingInputFilter)
2019-07-13 14:35:45,385 INFO  http.HttpServer2 (HttpServer2.java:addFilter(948)) - Added filter static_user_filter (class=org.apache.hadoop.http.lib.StaticUserWebFilter$StaticUserFilter) to context hddsDatanode
2019-07-13 14:35:45,385 INFO  http.HttpServer2 (HttpServer2.java:addFilter(958)) - Added filter static_user_filter (class=org.apache.hadoop.http.lib.StaticUserWebFilter$StaticUserFilter) to context logs
2019-07-13 14:35:45,385 INFO  http.HttpServer2 (HttpServer2.java:addFilter(958)) - Added filter static_user_filter (class=org.apache.hadoop.http.lib.StaticUserWebFilter$StaticUserFilter) to context static
2019-07-13 14:35:45,386 INFO  http.HttpServer2 (HttpServer2.java:bindListener(1191)) - Jetty bound to port 41550
2019-07-13 14:35:45,386 INFO  server.Server (Server.java:doStart(351)) - jetty-9.3.24.v20180605, build timestamp: 2018-06-05T17:11:56Z, git hash: 84205aa28f11a4f31f2a3b86d1bba2cc8ab69827
2019-07-13 14:35:45,387 INFO  handler.ContextHandler (ContextHandler.java:doStart(781)) - Started o.e.j.s.ServletContextHandler@37e28b20{/logs,file:///tmp/workdir/hadoop-ozone/integration-test/target/log,AVAILABLE}
2019-07-13 14:35:45,388 INFO  handler.ContextHandler (ContextHandler.java:doStart(781)) - Started o.e.j.s.ServletContextHandler@4257163f{/static,jar:file:/home/user/.m2/repository/org/apache/hadoop/hadoop-hdds-container-service/0.5.0-SNAPSHOT/hadoop-hdds-container-service-0.5.0-SNAPSHOT.jar!/webapps/static,AVAILABLE}
2019-07-13 14:35:45,414 INFO  handler.ContextHandler (ContextHandler.java:doStart(781)) - Started o.e.j.w.WebAppContext@6b8a9e1{/,file:///tmp/jetty-0.0.0.0-41550-hddsDatanode-_-any-8976499347231948320.dir/webapp/,AVAILABLE}{/hddsDatanode}
2019-07-13 14:35:45,414 INFO  server.AbstractConnector (AbstractConnector.java:doStart(278)) - Started ServerConnector@4c51fc9a{HTTP/1.1,[http/1.1]}{0.0.0.0:41550}
2019-07-13 14:35:45,414 INFO  server.Server (Server.java:doStart(419)) - Started @558266ms
2019-07-13 14:35:45,416 INFO  server.BaseHttpServer (BaseHttpServer.java:updateConnectorAddress(207)) - HTTP server of HDDSDATANODE is listening at http://0.0.0.0:41550
2019-07-13 14:35:45,512 INFO  ozone.HddsDatanodeService (HddsDatanodeService.java:startPlugins(396)) - Started plug-in org.apache.hadoop.ozone.web.OzoneHddsDatanodeService@539f2fec
2019-07-13 14:35:45,512 INFO  impl.MetricsSystemImpl (MetricsSystemImpl.java:init(158)) - HddsDatanode metrics system started (again)
2019-07-13 14:35:45,513 INFO  ozone.HddsDatanodeService (HddsDatanodeService.java:start(185)) - HddsDatanodeService host:trunk-nightly-mhs6z-4061744966 ip:192.168.5.172
2019-07-13 14:35:45,514 INFO  util.JvmPauseMonitor (JvmPauseMonitor.java:run(188)) - Starting JVM pause monitor
2019-07-13 14:35:45,515 INFO  datanode.InitDatanodeState (InitDatanodeState.java:persistContainerDatanodeDetails(140)) - DatanodeDetails is persisted to /tmp/workdir/hadoop-ozone/integration-test/target/test-dir/MiniOzoneClusterImpl-d90cfd36-4d9c-40bf-863f-665d19222a86/datanode-5/meta/datanode.id
2019-07-13 14:35:45,523 INFO  volume.HddsVolume (HddsVolume.java:<init>(176)) - Creating Volume: /tmp/workdir/hadoop-ozone/integration-test/target/test-dir/MiniOzoneClusterImpl-d90cfd36-4d9c-40bf-863f-665d19222a86/datanode-6/data/containers/hdds of  storage type : DISK and capacity : 52710309888
2019-07-13 14:35:45,523 INFO  volume.VolumeSet (VolumeSet.java:initializeVolumeSet(170)) - Added Volume : /tmp/workdir/hadoop-ozone/integration-test/target/test-dir/MiniOzoneClusterImpl-d90cfd36-4d9c-40bf-863f-665d19222a86/datanode-6/data/containers/hdds to VolumeSet
2019-07-13 14:35:45,523 INFO  volume.ThrottledAsyncChecker (ThrottledAsyncChecker.java:schedule(140)) - Scheduling a check for org.apache.hadoop.ozone.container.common.volume.HddsVolume@5432be12
2019-07-13 14:35:45,524 INFO  volume.HddsVolumeChecker (HddsVolumeChecker.java:checkAllVolumes(203)) - Scheduled health check for volume org.apache.hadoop.ozone.container.common.volume.HddsVolume@5432be12
2019-07-13 14:35:45,539 INFO  impl.RaftServerProxy (ConfUtils.java:logGet(43)) - raft.rpc.type = GRPC (default)
2019-07-13 14:35:45,540 INFO  grpc.GrpcFactory (GrpcFactory.java:checkPooledByteBufAllocatorUseCacheForAllThreads(45)) - PERFORMANCE WARNING: useCacheForAllThreads is true that may cause Netty to create a lot garbage objects and, as a result, trigger GC.
	It is recommended to disable useCacheForAllThreads by setting -Dorg.apache.ratis.thirdparty.io.netty.allocator.useCacheForAllThreads=false in command line.
2019-07-13 14:35:45,540 INFO  grpc.GrpcConfigKeys$Server (ConfUtils.java:logGet(43)) - raft.grpc.server.port = 0 (default)
2019-07-13 14:35:45,540 INFO  server.GrpcService (ConfUtils.java:logGet(43)) - raft.grpc.message.size.max = 33570816 (custom)
2019-07-13 14:35:45,541 INFO  server.RaftServerConfigKeys (ConfUtils.java:logGet(43)) - raft.server.log.appender.buffer.byte-limit = 33554432 (custom)
2019-07-13 14:35:45,541 INFO  server.GrpcService (ConfUtils.java:logGet(43)) - raft.grpc.flow.control.window = 1MB (=1048576) (default)
2019-07-13 14:35:45,541 INFO  server.RaftServerConfigKeys (ConfUtils.java:logGet(43)) - raft.server.rpc.request.timeout = 3000ms (default)
2019-07-13 14:35:45,542 INFO  server.RaftServerConfigKeys (ConfUtils.java:logGet(43)) - raft.server.storage.dir = [/tmp/workdir/hadoop-ozone/integration-test/target/test-dir/MiniOzoneClusterImpl-d90cfd36-4d9c-40bf-863f-665d19222a86/datanode-6/data/ratis] (custom)
2019-07-13 14:35:45,542 INFO  replication.SimpleContainerDownloader (SimpleContainerDownloader.java:<init>(72)) - Starting container downloader service to copy containers to replicate.
2019-07-13 14:35:45,543 INFO  hdfs.DFSUtil (DFSUtil.java:httpServerTemplateForNNAndJN(1641)) - Starting Web-server for hddsDatanode at: http://0.0.0.0:0
2019-07-13 14:35:45,545 INFO  server.AuthenticationFilter (AuthenticationFilter.java:constructSecretProvider(240)) - Unable to initialize FileSignerSecretProvider, falling back to use random secrets.
2019-07-13 14:35:45,545 WARN  http.HttpRequestLog (HttpRequestLog.java:getRequestLog(97)) - Jetty request log can only be enabled using Log4j
2019-07-13 14:35:45,546 INFO  http.HttpServer2 (HttpServer2.java:addGlobalFilter(975)) - Added global filter 'safety' (class=org.apache.hadoop.http.HttpServer2$QuotingInputFilter)
2019-07-13 14:35:45,546 INFO  http.HttpServer2 (HttpServer2.java:addFilter(948)) - Added filter static_user_filter (class=org.apache.hadoop.http.lib.StaticUserWebFilter$StaticUserFilter) to context hddsDatanode
2019-07-13 14:35:45,546 INFO  http.HttpServer2 (HttpServer2.java:addFilter(958)) - Added filter static_user_filter (class=org.apache.hadoop.http.lib.StaticUserWebFilter$StaticUserFilter) to context logs
2019-07-13 14:35:45,547 INFO  http.HttpServer2 (HttpServer2.java:addFilter(958)) - Added filter static_user_filter (class=org.apache.hadoop.http.lib.StaticUserWebFilter$StaticUserFilter) to context static
2019-07-13 14:35:45,547 INFO  http.HttpServer2 (HttpServer2.java:bindListener(1191)) - Jetty bound to port 43288
2019-07-13 14:35:45,547 INFO  server.Server (Server.java:doStart(351)) - jetty-9.3.24.v20180605, build timestamp: 2018-06-05T17:11:56Z, git hash: 84205aa28f11a4f31f2a3b86d1bba2cc8ab69827
2019-07-13 14:35:45,549 INFO  handler.ContextHandler (ContextHandler.java:doStart(781)) - Started o.e.j.s.ServletContextHandler@f3c27e9{/logs,file:///tmp/workdir/hadoop-ozone/integration-test/target/log,AVAILABLE}
2019-07-13 14:35:45,549 INFO  handler.ContextHandler (ContextHandler.java:doStart(781)) - Started o.e.j.s.ServletContextHandler@1db9d253{/static,jar:file:/home/user/.m2/repository/org/apache/hadoop/hadoop-hdds-container-service/0.5.0-SNAPSHOT/hadoop-hdds-container-service-0.5.0-SNAPSHOT.jar!/webapps/static,AVAILABLE}
2019-07-13 14:35:45,575 INFO  handler.ContextHandler (ContextHandler.java:doStart(781)) - Started o.e.j.w.WebAppContext@f83616{/,file:///tmp/jetty-0.0.0.0-43288-hddsDatanode-_-any-191185569390993613.dir/webapp/,AVAILABLE}{/hddsDatanode}
2019-07-13 14:35:45,575 INFO  server.AbstractConnector (AbstractConnector.java:doStart(278)) - Started ServerConnector@162a5c4c{HTTP/1.1,[http/1.1]}{0.0.0.0:43288}
2019-07-13 14:35:45,575 INFO  server.Server (Server.java:doStart(419)) - Started @558427ms
2019-07-13 14:35:45,577 INFO  server.BaseHttpServer (BaseHttpServer.java:updateConnectorAddress(207)) - HTTP server of HDDSDATANODE is listening at http://0.0.0.0:43288
2019-07-13 14:35:45,718 INFO  ozone.HddsDatanodeService (HddsDatanodeService.java:startPlugins(396)) - Started plug-in org.apache.hadoop.ozone.web.OzoneHddsDatanodeService@5ad13be4
2019-07-13 14:35:45,719 INFO  ozone.MiniOzoneClusterImpl (MiniOzoneClusterImpl.java:lambda$waitForClusterToBeReady$0(142)) - Waiting for cluster to be ready. Got 0 of 7 DN Heartbeats.
2019-07-13 14:35:45,721 INFO  util.JvmPauseMonitor (JvmPauseMonitor.java:run(188)) - Starting JVM pause monitor
2019-07-13 14:35:45,723 INFO  datanode.InitDatanodeState (InitDatanodeState.java:persistContainerDatanodeDetails(140)) - DatanodeDetails is persisted to /tmp/workdir/hadoop-ozone/integration-test/target/test-dir/MiniOzoneClusterImpl-d90cfd36-4d9c-40bf-863f-665d19222a86/datanode-6/meta/datanode.id
2019-07-13 14:35:46,593 INFO  ozoneimpl.OzoneContainer (OzoneContainer.java:start(186)) - Attempting to start container services.
2019-07-13 14:35:46,594 INFO  ozoneimpl.OzoneContainer (OzoneContainer.java:startContainerScrub(160)) - Background container scrubber has been disabled by hdds.containerscrub.enabled
2019-07-13 14:35:46,594 INFO  ratis.XceiverServerRatis (XceiverServerRatis.java:start(418)) - Starting XceiverServerRatis 6fdffdc6-5482-4d35-a29b-f5491da76398 at port 0
2019-07-13 14:35:46,604 INFO  impl.RaftServerProxy (RaftServerProxy.java:lambda$start$3(299)) - 6fdffdc6-5482-4d35-a29b-f5491da76398: start RPC server
2019-07-13 14:35:46,606 INFO  server.GrpcService (GrpcService.java:startImpl(149)) - 6fdffdc6-5482-4d35-a29b-f5491da76398: GrpcService started, listening on 0.0.0.0/0.0.0.0:39529
2019-07-13 14:35:46,607 INFO  ratis.XceiverServerRatis (XceiverServerRatis.java:start(428)) - XceiverServerRatis 6fdffdc6-5482-4d35-a29b-f5491da76398 is started using port 39529
2019-07-13 14:35:46,621 INFO  server.XceiverServerGrpc (XceiverServerGrpc.java:start(161)) - XceiverServerGrpc 6fdffdc6-5482-4d35-a29b-f5491da76398 is started using port 43095
2019-07-13 14:35:46,719 INFO  ozone.MiniOzoneClusterImpl (MiniOzoneClusterImpl.java:lambda$waitForClusterToBeReady$0(142)) - Waiting for cluster to be ready. Got 0 of 7 DN Heartbeats.
2019-07-13 14:35:46,812 INFO  ozoneimpl.OzoneContainer (OzoneContainer.java:start(186)) - Attempting to start container services.
2019-07-13 14:35:46,812 INFO  ozoneimpl.OzoneContainer (OzoneContainer.java:startContainerScrub(160)) - Background container scrubber has been disabled by hdds.containerscrub.enabled
2019-07-13 14:35:46,812 INFO  ratis.XceiverServerRatis (XceiverServerRatis.java:start(418)) - Starting XceiverServerRatis bdd6b5ff-7339-4f7a-9308-21a615dbed7d at port 0
2019-07-13 14:35:46,823 INFO  impl.RaftServerProxy (RaftServerProxy.java:lambda$start$3(299)) - bdd6b5ff-7339-4f7a-9308-21a615dbed7d: start RPC server
2019-07-13 14:35:46,823 INFO  server.GrpcService (GrpcService.java:startImpl(149)) - bdd6b5ff-7339-4f7a-9308-21a615dbed7d: GrpcService started, listening on 0.0.0.0/0.0.0.0:42953
2019-07-13 14:35:46,824 INFO  ratis.XceiverServerRatis (XceiverServerRatis.java:start(428)) - XceiverServerRatis bdd6b5ff-7339-4f7a-9308-21a615dbed7d is started using port 42953
2019-07-13 14:35:46,826 INFO  server.XceiverServerGrpc (XceiverServerGrpc.java:start(161)) - XceiverServerGrpc bdd6b5ff-7339-4f7a-9308-21a615dbed7d is started using port 42827
2019-07-13 14:35:46,970 INFO  ozoneimpl.OzoneContainer (OzoneContainer.java:start(186)) - Attempting to start container services.
2019-07-13 14:35:46,970 INFO  ozoneimpl.OzoneContainer (OzoneContainer.java:startContainerScrub(160)) - Background container scrubber has been disabled by hdds.containerscrub.enabled
2019-07-13 14:35:46,971 INFO  ratis.XceiverServerRatis (XceiverServerRatis.java:start(418)) - Starting XceiverServerRatis d416d95b-33ca-4dc1-b007-e682c8561ca3 at port 0
2019-07-13 14:35:46,981 INFO  impl.RaftServerProxy (RaftServerProxy.java:lambda$start$3(299)) - d416d95b-33ca-4dc1-b007-e682c8561ca3: start RPC server
2019-07-13 14:35:46,983 INFO  server.GrpcService (GrpcService.java:startImpl(149)) - d416d95b-33ca-4dc1-b007-e682c8561ca3: GrpcService started, listening on 0.0.0.0/0.0.0.0:37252
2019-07-13 14:35:46,983 INFO  ratis.XceiverServerRatis (XceiverServerRatis.java:start(428)) - XceiverServerRatis d416d95b-33ca-4dc1-b007-e682c8561ca3 is started using port 37252
2019-07-13 14:35:46,985 INFO  server.XceiverServerGrpc (XceiverServerGrpc.java:start(161)) - XceiverServerGrpc d416d95b-33ca-4dc1-b007-e682c8561ca3 is started using port 36589
2019-07-13 14:35:47,172 INFO  ozoneimpl.OzoneContainer (OzoneContainer.java:start(186)) - Attempting to start container services.
2019-07-13 14:35:47,173 INFO  ozoneimpl.OzoneContainer (OzoneContainer.java:startContainerScrub(160)) - Background container scrubber has been disabled by hdds.containerscrub.enabled
2019-07-13 14:35:47,173 INFO  ratis.XceiverServerRatis (XceiverServerRatis.java:start(418)) - Starting XceiverServerRatis 2483fc38-7b26-4aef-95cf-438e43477517 at port 0
2019-07-13 14:35:47,183 INFO  impl.RaftServerProxy (RaftServerProxy.java:lambda$start$3(299)) - 2483fc38-7b26-4aef-95cf-438e43477517: start RPC server
2019-07-13 14:35:47,183 INFO  server.GrpcService (GrpcService.java:startImpl(149)) - 2483fc38-7b26-4aef-95cf-438e43477517: GrpcService started, listening on 0.0.0.0/0.0.0.0:33674
2019-07-13 14:35:47,183 INFO  ratis.XceiverServerRatis (XceiverServerRatis.java:start(428)) - XceiverServerRatis 2483fc38-7b26-4aef-95cf-438e43477517 is started using port 33674
2019-07-13 14:35:47,184 INFO  server.XceiverServerGrpc (XceiverServerGrpc.java:start(161)) - XceiverServerGrpc 2483fc38-7b26-4aef-95cf-438e43477517 is started using port 37394
2019-07-13 14:35:47,369 INFO  ozoneimpl.OzoneContainer (OzoneContainer.java:start(186)) - Attempting to start container services.
2019-07-13 14:35:47,369 INFO  ozoneimpl.OzoneContainer (OzoneContainer.java:startContainerScrub(160)) - Background container scrubber has been disabled by hdds.containerscrub.enabled
2019-07-13 14:35:47,369 INFO  ratis.XceiverServerRatis (XceiverServerRatis.java:start(418)) - Starting XceiverServerRatis c1fc56de-d426-4465-b7de-d712fe9d51c3 at port 0
2019-07-13 14:35:47,379 INFO  impl.RaftServerProxy (RaftServerProxy.java:lambda$start$3(299)) - c1fc56de-d426-4465-b7de-d712fe9d51c3: start RPC server
2019-07-13 14:35:47,382 INFO  server.GrpcService (GrpcService.java:startImpl(149)) - c1fc56de-d426-4465-b7de-d712fe9d51c3: GrpcService started, listening on 0.0.0.0/0.0.0.0:39415
2019-07-13 14:35:47,382 INFO  ratis.XceiverServerRatis (XceiverServerRatis.java:start(428)) - XceiverServerRatis c1fc56de-d426-4465-b7de-d712fe9d51c3 is started using port 39415
2019-07-13 14:35:47,383 INFO  server.XceiverServerGrpc (XceiverServerGrpc.java:start(161)) - XceiverServerGrpc c1fc56de-d426-4465-b7de-d712fe9d51c3 is started using port 34966
2019-07-13 14:35:47,520 INFO  ozoneimpl.OzoneContainer (OzoneContainer.java:start(186)) - Attempting to start container services.
2019-07-13 14:35:47,520 INFO  ozoneimpl.OzoneContainer (OzoneContainer.java:startContainerScrub(160)) - Background container scrubber has been disabled by hdds.containerscrub.enabled
2019-07-13 14:35:47,520 INFO  ratis.XceiverServerRatis (XceiverServerRatis.java:start(418)) - Starting XceiverServerRatis 6c44a25b-e972-4a0b-9f86-7784e2c59475 at port 0
2019-07-13 14:35:47,529 INFO  impl.RaftServerProxy (RaftServerProxy.java:lambda$start$3(299)) - 6c44a25b-e972-4a0b-9f86-7784e2c59475: start RPC server
2019-07-13 14:35:47,532 INFO  server.GrpcService (GrpcService.java:startImpl(149)) - 6c44a25b-e972-4a0b-9f86-7784e2c59475: GrpcService started, listening on 0.0.0.0/0.0.0.0:36569
2019-07-13 14:35:47,532 INFO  ratis.XceiverServerRatis (XceiverServerRatis.java:start(428)) - XceiverServerRatis 6c44a25b-e972-4a0b-9f86-7784e2c59475 is started using port 36569
2019-07-13 14:35:47,535 INFO  server.XceiverServerGrpc (XceiverServerGrpc.java:start(161)) - XceiverServerGrpc 6c44a25b-e972-4a0b-9f86-7784e2c59475 is started using port 46565
2019-07-13 14:35:47,720 INFO  ozone.MiniOzoneClusterImpl (MiniOzoneClusterImpl.java:lambda$waitForClusterToBeReady$0(142)) - Waiting for cluster to be ready. Got 0 of 7 DN Heartbeats.
2019-07-13 14:35:47,734 INFO  ozoneimpl.OzoneContainer (OzoneContainer.java:start(186)) - Attempting to start container services.
2019-07-13 14:35:47,734 INFO  ozoneimpl.OzoneContainer (OzoneContainer.java:startContainerScrub(160)) - Background container scrubber has been disabled by hdds.containerscrub.enabled
2019-07-13 14:35:47,734 INFO  ratis.XceiverServerRatis (XceiverServerRatis.java:start(418)) - Starting XceiverServerRatis c91fad2c-055b-4e28-9a69-d7c44c729cdb at port 0
2019-07-13 14:35:47,743 INFO  impl.RaftServerProxy (RaftServerProxy.java:lambda$start$3(299)) - c91fad2c-055b-4e28-9a69-d7c44c729cdb: start RPC server
2019-07-13 14:35:47,759 INFO  server.GrpcService (GrpcService.java:startImpl(149)) - c91fad2c-055b-4e28-9a69-d7c44c729cdb: GrpcService started, listening on 0.0.0.0/0.0.0.0:37980
2019-07-13 14:35:47,760 INFO  ratis.XceiverServerRatis (XceiverServerRatis.java:start(428)) - XceiverServerRatis c91fad2c-055b-4e28-9a69-d7c44c729cdb is started using port 37980
2019-07-13 14:35:47,761 INFO  server.XceiverServerGrpc (XceiverServerGrpc.java:start(161)) - XceiverServerGrpc c91fad2c-055b-4e28-9a69-d7c44c729cdb is started using port 42742
2019-07-13 14:35:48,584 INFO  net.NetworkTopology (NetworkTopologyImpl.java:add(110)) - Added a new node: /default-rack/192.168.5.172
2019-07-13 14:35:48,587 INFO  node.SCMNodeManager (SCMNodeManager.java:register(269)) - Registered Data node : 6fdffdc6-5482-4d35-a29b-f5491da76398{ip: 192.168.5.172, host: trunk-nightly-mhs6z-4061744966, networkLocation: /default-rack, certSerialId: null}
2019-07-13 14:35:48,588 INFO  safemode.SCMSafeModeManager (DataNodeSafeModeRule.java:process(71)) - SCM in safe mode. 1 DataNodes registered, 1 required.
2019-07-13 14:35:48,591 INFO  safemode.SCMSafeModeManager (SCMSafeModeManager.java:validateSafeModeExitRules(177)) - ScmSafeModeManager, all rules are successfully validated
2019-07-13 14:35:48,591 INFO  safemode.SCMSafeModeManager (SCMSafeModeManager.java:exitSafeMode(193)) - SCM exiting safe mode.
2019-07-13 14:35:48,614 INFO  impl.RaftServerProxy (RaftServerProxy.java:addNew(89)) - 6fdffdc6-5482-4d35-a29b-f5491da76398: addNew group-DB106829AF15:[6fdffdc6-5482-4d35-a29b-f5491da76398:192.168.5.172:39529] returns group-DB106829AF15:java.util.concurrent.CompletableFuture@31c625b1[Not completed]
2019-07-13 14:35:48,616 INFO  impl.RaftServerImpl (RaftServerImpl.java:<init>(93)) - 6fdffdc6-5482-4d35-a29b-f5491da76398: new RaftServerImpl for group-DB106829AF15:[6fdffdc6-5482-4d35-a29b-f5491da76398:192.168.5.172:39529] with ContainerStateMachine:uninitialized
2019-07-13 14:35:48,617 INFO  server.RaftServerConfigKeys (ConfUtils.java:logGet(43)) - raft.server.rpc.timeout.min = 5s (custom)
2019-07-13 14:35:48,617 INFO  server.RaftServerConfigKeys (ConfUtils.java:logGet(43)) - raft.server.rpc.timeout.max = 5200ms (custom)
2019-07-13 14:35:48,617 INFO  server.RaftServerConfigKeys (ConfUtils.java:logGet(43)) - raft.server.rpcslowness.timeout = 120s (custom)
2019-07-13 14:35:48,617 INFO  server.RaftServerConfigKeys (ConfUtils.java:logGet(43)) - raft.server.sleep.deviation.threshold = 300 (default)
2019-07-13 14:35:48,617 INFO  server.RaftServerConfigKeys (ConfUtils.java:logGet(43)) - raft.server.log.appender.install.snapshot.enabled = false (custom)
2019-07-13 14:35:48,617 INFO  impl.RaftServerImpl (ServerState.java:<init>(105)) - 6fdffdc6-5482-4d35-a29b-f5491da76398:group-DB106829AF15 ConfigurationManager, init=-1: [6fdffdc6-5482-4d35-a29b-f5491da76398:192.168.5.172:39529], old=null, confs=<EMPTY_MAP>
2019-07-13 14:35:48,618 INFO  server.RaftServerConfigKeys (ConfUtils.java:logGet(43)) - raft.server.storage.dir = [/tmp/workdir/hadoop-ozone/integration-test/target/test-dir/MiniOzoneClusterImpl-d90cfd36-4d9c-40bf-863f-665d19222a86/datanode-0/data/ratis] (custom)
2019-07-13 14:35:48,618 INFO  storage.RaftStorageDirectory (RaftStorageDirectory.java:analyzeStorage(246)) - The storage directory /tmp/workdir/hadoop-ozone/integration-test/target/test-dir/MiniOzoneClusterImpl-d90cfd36-4d9c-40bf-863f-665d19222a86/datanode-0/data/ratis/c6607a92-0b7e-4364-9716-db106829af15 does not exist. Creating ...
2019-07-13 14:35:48,624 INFO  storage.RaftStorageDirectory (RaftStorageDirectory.java:tryLock(328)) - Lock on /tmp/workdir/hadoop-ozone/integration-test/target/test-dir/MiniOzoneClusterImpl-d90cfd36-4d9c-40bf-863f-665d19222a86/datanode-0/data/ratis/c6607a92-0b7e-4364-9716-db106829af15/in_use.lock acquired by nodename 31544@trunk-nightly-mhs6z-4061744966
2019-07-13 14:35:48,628 INFO  storage.RaftStorage (RaftStorage.java:format(72)) - Storage directory /tmp/workdir/hadoop-ozone/integration-test/target/test-dir/MiniOzoneClusterImpl-d90cfd36-4d9c-40bf-863f-665d19222a86/datanode-0/data/ratis/c6607a92-0b7e-4364-9716-db106829af15 has been successfully formatted.
2019-07-13 14:35:48,628 INFO  ratis.ContainerStateMachine (ContainerStateMachine.java:loadSnapshot(200)) - The snapshot info is null.Setting the last applied index to:(t:0, i:~)
2019-07-13 14:35:48,628 INFO  server.RaftServerConfigKeys (ConfUtils.java:logGet(43)) - raft.server.leader.election.timeout = 120s (custom)
2019-07-13 14:35:48,629 INFO  server.RaftServerConfigKeys (ConfUtils.java:logGet(43)) - raft.server.log.use.memory = false (default)
2019-07-13 14:35:48,629 INFO  server.RaftServerConfigKeys (ConfUtils.java:logGet(43)) - raft.server.log.purge.gap = 1000000000 (custom)
2019-07-13 14:35:48,629 INFO  server.RaftServerConfigKeys (ConfUtils.java:logGet(43)) - raft.server.log.appender.buffer.byte-limit = 33554432 (custom)
2019-07-13 14:35:48,629 INFO  server.RaftServerConfigKeys (ConfUtils.java:logGet(43)) - raft.server.log.segment.size.max = 1048576 (custom)
2019-07-13 14:35:48,629 INFO  server.RaftServerConfigKeys (ConfUtils.java:logGet(43)) - raft.server.log.segment.cache.num.max = 2 (custom)
2019-07-13 14:35:48,630 INFO  segmented.SegmentedRaftLogWorker (SegmentedRaftLogWorker.java:<init>(172)) - new 6fdffdc6-5482-4d35-a29b-f5491da76398-SegmentedRaftLogWorker:Storage Directory /tmp/workdir/hadoop-ozone/integration-test/target/test-dir/MiniOzoneClusterImpl-d90cfd36-4d9c-40bf-863f-665d19222a86/datanode-0/data/ratis/c6607a92-0b7e-4364-9716-db106829af15 for RaftStorage:Storage Directory /tmp/workdir/hadoop-ozone/integration-test/target/test-dir/MiniOzoneClusterImpl-d90cfd36-4d9c-40bf-863f-665d19222a86/datanode-0/data/ratis/c6607a92-0b7e-4364-9716-db106829af15
2019-07-13 14:35:48,630 INFO  server.RaftServerConfigKeys (ConfUtils.java:logGet(43)) - raft.server.log.queue.byte-limit = 2147483647 (custom)
2019-07-13 14:35:48,630 INFO  server.RaftServerConfigKeys (ConfUtils.java:logGet(43)) - raft.server.log.queue.element-limit = 1024 (custom)
2019-07-13 14:35:48,630 INFO  server.RaftServerConfigKeys (ConfUtils.java:logGet(43)) - raft.server.log.segment.size.max = 1048576 (custom)
2019-07-13 14:35:48,631 INFO  server.RaftServerConfigKeys (ConfUtils.java:logGet(43)) - raft.server.log.preallocated.size = 16384 (custom)
2019-07-13 14:35:48,631 INFO  server.RaftServerConfigKeys (ConfUtils.java:logGet(43)) - raft.server.log.write.buffer.size = 33554432 (custom)
2019-07-13 14:35:48,631 INFO  server.RaftServerConfigKeys (ConfUtils.java:logGet(43)) - raft.server.log.force.sync.num = 128 (default)
2019-07-13 14:35:48,631 INFO  server.RaftServerConfigKeys (ConfUtils.java:logGet(43)) - raft.server.log.statemachine.data.sync = true (default)
2019-07-13 14:35:48,631 INFO  server.RaftServerConfigKeys (ConfUtils.java:logGet(43)) - raft.server.log.statemachine.data.sync.timeout = 10s (default)
2019-07-13 14:35:48,631 INFO  server.RaftServerConfigKeys (ConfUtils.java:logGet(43)) - raft.server.log.statemachine.data.sync.timeout.retry = -1 (default)
2019-07-13 14:35:48,632 INFO  server.RaftServerConfigKeys (ConfUtils.java:logGet(43)) - raft.server.log.statemachine.data.caching.enabled = true (custom)
2019-07-13 14:35:48,632 INFO  segmented.SegmentedRaftLogWorker (SegmentedRaftLogWorker.java:lambda$new$0(132)) - 6fdffdc6-5482-4d35-a29b-f5491da76398-SegmentedRaftLogWorker:Storage Directory /tmp/workdir/hadoop-ozone/integration-test/target/test-dir/MiniOzoneClusterImpl-d90cfd36-4d9c-40bf-863f-665d19222a86/datanode-0/data/ratis/c6607a92-0b7e-4364-9716-db106829af15: flushIndex: setUnconditionally 0 -> -1
2019-07-13 14:35:48,633 INFO  server.RaftServerConfigKeys (ConfUtils.java:logGet(43)) - raft.server.snapshot.auto.trigger.enabled = true (custom)
2019-07-13 14:35:48,633 INFO  server.RaftServerConfigKeys (ConfUtils.java:logGet(43)) - raft.server.snapshot.auto.trigger.threshold = 10000 (custom)
2019-07-13 14:35:48,633 INFO  server.RaftServerConfigKeys (ConfUtils.java:logGet(43)) - raft.server.retrycache.expirytime = 600000ms (custom)
2019-07-13 14:35:48,633 INFO  impl.RaftServerImpl (RaftServerImpl.java:start(180)) - 6fdffdc6-5482-4d35-a29b-f5491da76398: start group-DB106829AF15
2019-07-13 14:35:48,634 INFO  impl.RaftServerImpl (RaftServerImpl.java:setRole(171)) - 6fdffdc6-5482-4d35-a29b-f5491da76398:group-DB106829AF15 changes role from null to FOLLOWER at term 0 for startAsFollower
2019-07-13 14:35:48,634 INFO  impl.RoleInfo (RoleInfo.java:updateAndGet(143)) - 6fdffdc6-5482-4d35-a29b-f5491da76398: start FollowerState
2019-07-13 14:35:48,635 INFO  util.JmxRegister (JmxRegister.java:tryRegister(44)) - Successfully registered JMX Bean with object name Ratis:service=RaftServer,group=group-DB106829AF15,id=6fdffdc6-5482-4d35-a29b-f5491da76398
2019-07-13 14:35:48,638 INFO  pipeline.PipelineStateManager (PipelineStateManager.java:addPipeline(56)) - Created pipeline Pipeline[ Id: c6607a92-0b7e-4364-9716-db106829af15, Nodes: 6fdffdc6-5482-4d35-a29b-f5491da76398{ip: 192.168.5.172, host: trunk-nightly-mhs6z-4061744966, networkLocation: /default-rack, certSerialId: null}, Type:RATIS, Factor:ONE, State:OPEN]
2019-07-13 14:35:48,720 INFO  ozone.MiniOzoneClusterImpl (MiniOzoneClusterImpl.java:lambda$waitForClusterToBeReady$0(142)) - Waiting for cluster to be ready. Got 1 of 7 DN Heartbeats.
2019-07-13 14:35:48,797 INFO  node.SCMNodeManager (SCMNodeManager.java:register(269)) - Registered Data node : bdd6b5ff-7339-4f7a-9308-21a615dbed7d{ip: 192.168.5.172, host: trunk-nightly-mhs6z-4061744966, networkLocation: /default-rack, certSerialId: null}
2019-07-13 14:35:48,805 INFO  impl.RaftServerProxy (RaftServerProxy.java:addNew(89)) - bdd6b5ff-7339-4f7a-9308-21a615dbed7d: addNew group-1D9A71DF64C7:[bdd6b5ff-7339-4f7a-9308-21a615dbed7d:192.168.5.172:42953] returns group-1D9A71DF64C7:java.util.concurrent.CompletableFuture@1f46e670[Not completed]
2019-07-13 14:35:48,806 INFO  impl.RaftServerImpl (RaftServerImpl.java:<init>(93)) - bdd6b5ff-7339-4f7a-9308-21a615dbed7d: new RaftServerImpl for group-1D9A71DF64C7:[bdd6b5ff-7339-4f7a-9308-21a615dbed7d:192.168.5.172:42953] with ContainerStateMachine:uninitialized
2019-07-13 14:35:48,806 INFO  server.RaftServerConfigKeys (ConfUtils.java:logGet(43)) - raft.server.rpc.timeout.min = 5s (custom)
2019-07-13 14:35:48,806 INFO  server.RaftServerConfigKeys (ConfUtils.java:logGet(43)) - raft.server.rpc.timeout.max = 5200ms (custom)
2019-07-13 14:35:48,806 INFO  server.RaftServerConfigKeys (ConfUtils.java:logGet(43)) - raft.server.rpcslowness.timeout = 120s (custom)
2019-07-13 14:35:48,806 INFO  server.RaftServerConfigKeys (ConfUtils.java:logGet(43)) - raft.server.sleep.deviation.threshold = 300 (default)
2019-07-13 14:35:48,806 INFO  server.RaftServerConfigKeys (ConfUtils.java:logGet(43)) - raft.server.log.appender.install.snapshot.enabled = false (custom)
2019-07-13 14:35:48,807 INFO  impl.RaftServerImpl (ServerState.java:<init>(105)) - bdd6b5ff-7339-4f7a-9308-21a615dbed7d:group-1D9A71DF64C7 ConfigurationManager, init=-1: [bdd6b5ff-7339-4f7a-9308-21a615dbed7d:192.168.5.172:42953], old=null, confs=<EMPTY_MAP>
2019-07-13 14:35:48,807 INFO  server.RaftServerConfigKeys (ConfUtils.java:logGet(43)) - raft.server.storage.dir = [/tmp/workdir/hadoop-ozone/integration-test/target/test-dir/MiniOzoneClusterImpl-d90cfd36-4d9c-40bf-863f-665d19222a86/datanode-1/data/ratis] (custom)
2019-07-13 14:35:48,807 INFO  storage.RaftStorageDirectory (RaftStorageDirectory.java:analyzeStorage(246)) - The storage directory /tmp/workdir/hadoop-ozone/integration-test/target/test-dir/MiniOzoneClusterImpl-d90cfd36-4d9c-40bf-863f-665d19222a86/datanode-1/data/ratis/a7402c4c-5757-40ef-b8f2-1d9a71df64c7 does not exist. Creating ...
2019-07-13 14:35:48,813 INFO  storage.RaftStorageDirectory (RaftStorageDirectory.java:tryLock(328)) - Lock on /tmp/workdir/hadoop-ozone/integration-test/target/test-dir/MiniOzoneClusterImpl-d90cfd36-4d9c-40bf-863f-665d19222a86/datanode-1/data/ratis/a7402c4c-5757-40ef-b8f2-1d9a71df64c7/in_use.lock acquired by nodename 31544@trunk-nightly-mhs6z-4061744966
2019-07-13 14:35:48,817 INFO  storage.RaftStorage (RaftStorage.java:format(72)) - Storage directory /tmp/workdir/hadoop-ozone/integration-test/target/test-dir/MiniOzoneClusterImpl-d90cfd36-4d9c-40bf-863f-665d19222a86/datanode-1/data/ratis/a7402c4c-5757-40ef-b8f2-1d9a71df64c7 has been successfully formatted.
2019-07-13 14:35:48,817 INFO  ratis.ContainerStateMachine (ContainerStateMachine.java:loadSnapshot(200)) - The snapshot info is null.Setting the last applied index to:(t:0, i:~)
2019-07-13 14:35:48,818 INFO  server.RaftServerConfigKeys (ConfUtils.java:logGet(43)) - raft.server.leader.election.timeout = 120s (custom)
2019-07-13 14:35:48,818 INFO  server.RaftServerConfigKeys (ConfUtils.java:logGet(43)) - raft.server.log.use.memory = false (default)
2019-07-13 14:35:48,818 INFO  server.RaftServerConfigKeys (ConfUtils.java:logGet(43)) - raft.server.log.purge.gap = 1000000000 (custom)
2019-07-13 14:35:48,818 INFO  server.RaftServerConfigKeys (ConfUtils.java:logGet(43)) - raft.server.log.appender.buffer.byte-limit = 33554432 (custom)
2019-07-13 14:35:48,818 INFO  server.RaftServerConfigKeys (ConfUtils.java:logGet(43)) - raft.server.log.segment.size.max = 1048576 (custom)
2019-07-13 14:35:48,818 INFO  server.RaftServerConfigKeys (ConfUtils.java:logGet(43)) - raft.server.log.segment.cache.num.max = 2 (custom)
2019-07-13 14:35:48,819 INFO  segmented.SegmentedRaftLogWorker (SegmentedRaftLogWorker.java:<init>(172)) - new bdd6b5ff-7339-4f7a-9308-21a615dbed7d-SegmentedRaftLogWorker:Storage Directory /tmp/workdir/hadoop-ozone/integration-test/target/test-dir/MiniOzoneClusterImpl-d90cfd36-4d9c-40bf-863f-665d19222a86/datanode-1/data/ratis/a7402c4c-5757-40ef-b8f2-1d9a71df64c7 for RaftStorage:Storage Directory /tmp/workdir/hadoop-ozone/integration-test/target/test-dir/MiniOzoneClusterImpl-d90cfd36-4d9c-40bf-863f-665d19222a86/datanode-1/data/ratis/a7402c4c-5757-40ef-b8f2-1d9a71df64c7
2019-07-13 14:35:48,819 INFO  server.RaftServerConfigKeys (ConfUtils.java:logGet(43)) - raft.server.log.queue.byte-limit = 2147483647 (custom)
2019-07-13 14:35:48,819 INFO  server.RaftServerConfigKeys (ConfUtils.java:logGet(43)) - raft.server.log.queue.element-limit = 1024 (custom)
2019-07-13 14:35:48,819 INFO  server.RaftServerConfigKeys (ConfUtils.java:logGet(43)) - raft.server.log.segment.size.max = 1048576 (custom)
2019-07-13 14:35:48,819 INFO  server.RaftServerConfigKeys (ConfUtils.java:logGet(43)) - raft.server.log.preallocated.size = 16384 (custom)
2019-07-13 14:35:48,819 INFO  server.RaftServerConfigKeys (ConfUtils.java:logGet(43)) - raft.server.log.write.buffer.size = 33554432 (custom)
2019-07-13 14:35:48,820 INFO  server.RaftServerConfigKeys (ConfUtils.java:logGet(43)) - raft.server.log.force.sync.num = 128 (default)
2019-07-13 14:35:48,820 INFO  server.RaftServerConfigKeys (ConfUtils.java:logGet(43)) - raft.server.log.statemachine.data.sync = true (default)
2019-07-13 14:35:48,820 INFO  server.RaftServerConfigKeys (ConfUtils.java:logGet(43)) - raft.server.log.statemachine.data.sync.timeout = 10s (default)
2019-07-13 14:35:48,820 INFO  server.RaftServerConfigKeys (ConfUtils.java:logGet(43)) - raft.server.log.statemachine.data.sync.timeout.retry = -1 (default)
2019-07-13 14:35:48,820 INFO  server.RaftServerConfigKeys (ConfUtils.java:logGet(43)) - raft.server.log.statemachine.data.caching.enabled = true (custom)
2019-07-13 14:35:48,821 INFO  segmented.SegmentedRaftLogWorker (SegmentedRaftLogWorker.java:lambda$new$0(132)) - bdd6b5ff-7339-4f7a-9308-21a615dbed7d-SegmentedRaftLogWorker:Storage Directory /tmp/workdir/hadoop-ozone/integration-test/target/test-dir/MiniOzoneClusterImpl-d90cfd36-4d9c-40bf-863f-665d19222a86/datanode-1/data/ratis/a7402c4c-5757-40ef-b8f2-1d9a71df64c7: flushIndex: setUnconditionally 0 -> -1
2019-07-13 14:35:48,821 INFO  server.RaftServerConfigKeys (ConfUtils.java:logGet(43)) - raft.server.snapshot.auto.trigger.enabled = true (custom)
2019-07-13 14:35:48,821 INFO  server.RaftServerConfigKeys (ConfUtils.java:logGet(43)) - raft.server.snapshot.auto.trigger.threshold = 10000 (custom)
2019-07-13 14:35:48,821 INFO  server.RaftServerConfigKeys (ConfUtils.java:logGet(43)) - raft.server.retrycache.expirytime = 600000ms (custom)
2019-07-13 14:35:48,822 INFO  impl.RaftServerImpl (RaftServerImpl.java:start(180)) - bdd6b5ff-7339-4f7a-9308-21a615dbed7d: start group-1D9A71DF64C7
2019-07-13 14:35:48,822 INFO  impl.RaftServerImpl (RaftServerImpl.java:setRole(171)) - bdd6b5ff-7339-4f7a-9308-21a615dbed7d:group-1D9A71DF64C7 changes role from null to FOLLOWER at term 0 for startAsFollower
2019-07-13 14:35:48,822 INFO  impl.RoleInfo (RoleInfo.java:updateAndGet(143)) - bdd6b5ff-7339-4f7a-9308-21a615dbed7d: start FollowerState
2019-07-13 14:35:48,822 INFO  util.JmxRegister (JmxRegister.java:tryRegister(44)) - Successfully registered JMX Bean with object name Ratis:service=RaftServer,group=group-1D9A71DF64C7,id=bdd6b5ff-7339-4f7a-9308-21a615dbed7d
2019-07-13 14:35:48,824 INFO  pipeline.PipelineStateManager (PipelineStateManager.java:addPipeline(56)) - Created pipeline Pipeline[ Id: a7402c4c-5757-40ef-b8f2-1d9a71df64c7, Nodes: bdd6b5ff-7339-4f7a-9308-21a615dbed7d{ip: 192.168.5.172, host: trunk-nightly-mhs6z-4061744966, networkLocation: /default-rack, certSerialId: null}, Type:RATIS, Factor:ONE, State:OPEN]
2019-07-13 14:35:48,966 INFO  node.SCMNodeManager (SCMNodeManager.java:register(269)) - Registered Data node : d416d95b-33ca-4dc1-b007-e682c8561ca3{ip: 192.168.5.172, host: trunk-nightly-mhs6z-4061744966, networkLocation: /default-rack, certSerialId: null}
2019-07-13 14:35:48,972 INFO  impl.RaftServerProxy (RaftServerProxy.java:addNew(89)) - d416d95b-33ca-4dc1-b007-e682c8561ca3: addNew group-961472EF6D28:[d416d95b-33ca-4dc1-b007-e682c8561ca3:192.168.5.172:37252] returns group-961472EF6D28:java.util.concurrent.CompletableFuture@54618aa2[Not completed]
2019-07-13 14:35:48,974 INFO  impl.RaftServerImpl (RaftServerImpl.java:<init>(93)) - d416d95b-33ca-4dc1-b007-e682c8561ca3: new RaftServerImpl for group-961472EF6D28:[d416d95b-33ca-4dc1-b007-e682c8561ca3:192.168.5.172:37252] with ContainerStateMachine:uninitialized
2019-07-13 14:35:48,974 INFO  server.RaftServerConfigKeys (ConfUtils.java:logGet(43)) - raft.server.rpc.timeout.min = 5s (custom)
2019-07-13 14:35:48,974 INFO  server.RaftServerConfigKeys (ConfUtils.java:logGet(43)) - raft.server.rpc.timeout.max = 5200ms (custom)
2019-07-13 14:35:48,974 INFO  server.RaftServerConfigKeys (ConfUtils.java:logGet(43)) - raft.server.rpcslowness.timeout = 120s (custom)
2019-07-13 14:35:48,974 INFO  server.RaftServerConfigKeys (ConfUtils.java:logGet(43)) - raft.server.sleep.deviation.threshold = 300 (default)
2019-07-13 14:35:48,974 INFO  server.RaftServerConfigKeys (ConfUtils.java:logGet(43)) - raft.server.log.appender.install.snapshot.enabled = false (custom)
2019-07-13 14:35:48,974 INFO  impl.RaftServerImpl (ServerState.java:<init>(105)) - d416d95b-33ca-4dc1-b007-e682c8561ca3:group-961472EF6D28 ConfigurationManager, init=-1: [d416d95b-33ca-4dc1-b007-e682c8561ca3:192.168.5.172:37252], old=null, confs=<EMPTY_MAP>
2019-07-13 14:35:48,975 INFO  server.RaftServerConfigKeys (ConfUtils.java:logGet(43)) - raft.server.storage.dir = [/tmp/workdir/hadoop-ozone/integration-test/target/test-dir/MiniOzoneClusterImpl-d90cfd36-4d9c-40bf-863f-665d19222a86/datanode-2/data/ratis] (custom)
2019-07-13 14:35:48,975 INFO  storage.RaftStorageDirectory (RaftStorageDirectory.java:analyzeStorage(246)) - The storage directory /tmp/workdir/hadoop-ozone/integration-test/target/test-dir/MiniOzoneClusterImpl-d90cfd36-4d9c-40bf-863f-665d19222a86/datanode-2/data/ratis/ec6e8b32-9bfe-4bc5-944b-961472ef6d28 does not exist. Creating ...
2019-07-13 14:35:48,981 INFO  storage.RaftStorageDirectory (RaftStorageDirectory.java:tryLock(328)) - Lock on /tmp/workdir/hadoop-ozone/integration-test/target/test-dir/MiniOzoneClusterImpl-d90cfd36-4d9c-40bf-863f-665d19222a86/datanode-2/data/ratis/ec6e8b32-9bfe-4bc5-944b-961472ef6d28/in_use.lock acquired by nodename 31544@trunk-nightly-mhs6z-4061744966
2019-07-13 14:35:48,985 INFO  storage.RaftStorage (RaftStorage.java:format(72)) - Storage directory /tmp/workdir/hadoop-ozone/integration-test/target/test-dir/MiniOzoneClusterImpl-d90cfd36-4d9c-40bf-863f-665d19222a86/datanode-2/data/ratis/ec6e8b32-9bfe-4bc5-944b-961472ef6d28 has been successfully formatted.
2019-07-13 14:35:48,985 INFO  ratis.ContainerStateMachine (ContainerStateMachine.java:loadSnapshot(200)) - The snapshot info is null.Setting the last applied index to:(t:0, i:~)
2019-07-13 14:35:48,985 INFO  server.RaftServerConfigKeys (ConfUtils.java:logGet(43)) - raft.server.leader.election.timeout = 120s (custom)
2019-07-13 14:35:48,986 INFO  server.RaftServerConfigKeys (ConfUtils.java:logGet(43)) - raft.server.log.use.memory = false (default)
2019-07-13 14:35:48,986 INFO  server.RaftServerConfigKeys (ConfUtils.java:logGet(43)) - raft.server.log.purge.gap = 1000000000 (custom)
2019-07-13 14:35:48,986 INFO  server.RaftServerConfigKeys (ConfUtils.java:logGet(43)) - raft.server.log.appender.buffer.byte-limit = 33554432 (custom)
2019-07-13 14:35:48,986 INFO  server.RaftServerConfigKeys (ConfUtils.java:logGet(43)) - raft.server.log.segment.size.max = 1048576 (custom)
2019-07-13 14:35:48,986 INFO  server.RaftServerConfigKeys (ConfUtils.java:logGet(43)) - raft.server.log.segment.cache.num.max = 2 (custom)
2019-07-13 14:35:48,986 INFO  segmented.SegmentedRaftLogWorker (SegmentedRaftLogWorker.java:<init>(172)) - new d416d95b-33ca-4dc1-b007-e682c8561ca3-SegmentedRaftLogWorker:Storage Directory /tmp/workdir/hadoop-ozone/integration-test/target/test-dir/MiniOzoneClusterImpl-d90cfd36-4d9c-40bf-863f-665d19222a86/datanode-2/data/ratis/ec6e8b32-9bfe-4bc5-944b-961472ef6d28 for RaftStorage:Storage Directory /tmp/workdir/hadoop-ozone/integration-test/target/test-dir/MiniOzoneClusterImpl-d90cfd36-4d9c-40bf-863f-665d19222a86/datanode-2/data/ratis/ec6e8b32-9bfe-4bc5-944b-961472ef6d28
2019-07-13 14:35:48,987 INFO  server.RaftServerConfigKeys (ConfUtils.java:logGet(43)) - raft.server.log.queue.byte-limit = 2147483647 (custom)
2019-07-13 14:35:48,987 INFO  server.RaftServerConfigKeys (ConfUtils.java:logGet(43)) - raft.server.log.queue.element-limit = 1024 (custom)
2019-07-13 14:35:48,987 INFO  server.RaftServerConfigKeys (ConfUtils.java:logGet(43)) - raft.server.log.segment.size.max = 1048576 (custom)
2019-07-13 14:35:48,987 INFO  server.RaftServerConfigKeys (ConfUtils.java:logGet(43)) - raft.server.log.preallocated.size = 16384 (custom)
2019-07-13 14:35:48,987 INFO  server.RaftServerConfigKeys (ConfUtils.java:logGet(43)) - raft.server.log.write.buffer.size = 33554432 (custom)
2019-07-13 14:35:48,988 INFO  server.RaftServerConfigKeys (ConfUtils.java:logGet(43)) - raft.server.log.force.sync.num = 128 (default)
2019-07-13 14:35:48,988 INFO  server.RaftServerConfigKeys (ConfUtils.java:logGet(43)) - raft.server.log.statemachine.data.sync = true (default)
2019-07-13 14:35:48,988 INFO  server.RaftServerConfigKeys (ConfUtils.java:logGet(43)) - raft.server.log.statemachine.data.sync.timeout = 10s (default)
2019-07-13 14:35:48,988 INFO  server.RaftServerConfigKeys (ConfUtils.java:logGet(43)) - raft.server.log.statemachine.data.sync.timeout.retry = -1 (default)
2019-07-13 14:35:48,988 INFO  server.RaftServerConfigKeys (ConfUtils.java:logGet(43)) - raft.server.log.statemachine.data.caching.enabled = true (custom)
2019-07-13 14:35:48,989 INFO  segmented.SegmentedRaftLogWorker (SegmentedRaftLogWorker.java:lambda$new$0(132)) - d416d95b-33ca-4dc1-b007-e682c8561ca3-SegmentedRaftLogWorker:Storage Directory /tmp/workdir/hadoop-ozone/integration-test/target/test-dir/MiniOzoneClusterImpl-d90cfd36-4d9c-40bf-863f-665d19222a86/datanode-2/data/ratis/ec6e8b32-9bfe-4bc5-944b-961472ef6d28: flushIndex: setUnconditionally 0 -> -1
2019-07-13 14:35:48,989 INFO  server.RaftServerConfigKeys (ConfUtils.java:logGet(43)) - raft.server.snapshot.auto.trigger.enabled = true (custom)
2019-07-13 14:35:48,989 INFO  server.RaftServerConfigKeys (ConfUtils.java:logGet(43)) - raft.server.snapshot.auto.trigger.threshold = 10000 (custom)
2019-07-13 14:35:48,989 INFO  server.RaftServerConfigKeys (ConfUtils.java:logGet(43)) - raft.server.retrycache.expirytime = 600000ms (custom)
2019-07-13 14:35:48,990 INFO  impl.RaftServerImpl (RaftServerImpl.java:start(180)) - d416d95b-33ca-4dc1-b007-e682c8561ca3: start group-961472EF6D28
2019-07-13 14:35:48,990 INFO  impl.RaftServerImpl (RaftServerImpl.java:setRole(171)) - d416d95b-33ca-4dc1-b007-e682c8561ca3:group-961472EF6D28 changes role from null to FOLLOWER at term 0 for startAsFollower
2019-07-13 14:35:48,990 INFO  impl.RoleInfo (RoleInfo.java:updateAndGet(143)) - d416d95b-33ca-4dc1-b007-e682c8561ca3: start FollowerState
2019-07-13 14:35:48,990 INFO  util.JmxRegister (JmxRegister.java:tryRegister(44)) - Successfully registered JMX Bean with object name Ratis:service=RaftServer,group=group-961472EF6D28,id=d416d95b-33ca-4dc1-b007-e682c8561ca3
2019-07-13 14:35:48,993 INFO  pipeline.PipelineStateManager (PipelineStateManager.java:addPipeline(56)) - Created pipeline Pipeline[ Id: ec6e8b32-9bfe-4bc5-944b-961472ef6d28, Nodes: d416d95b-33ca-4dc1-b007-e682c8561ca3{ip: 192.168.5.172, host: trunk-nightly-mhs6z-4061744966, networkLocation: /default-rack, certSerialId: null}, Type:RATIS, Factor:ONE, State:OPEN]
2019-07-13 14:35:49,003 INFO  impl.RaftServerProxy (RaftServerProxy.java:addNew(89)) - bdd6b5ff-7339-4f7a-9308-21a615dbed7d: addNew group-5FE958CE27DF:[6fdffdc6-5482-4d35-a29b-f5491da76398:192.168.5.172:39529, bdd6b5ff-7339-4f7a-9308-21a615dbed7d:192.168.5.172:42953, d416d95b-33ca-4dc1-b007-e682c8561ca3:192.168.5.172:37252] returns group-5FE958CE27DF:java.util.concurrent.CompletableFuture@2ff03784[Not completed]
2019-07-13 14:35:49,003 INFO  impl.RaftServerProxy (RaftServerProxy.java:addNew(89)) - 6fdffdc6-5482-4d35-a29b-f5491da76398: addNew group-5FE958CE27DF:[6fdffdc6-5482-4d35-a29b-f5491da76398:192.168.5.172:39529, bdd6b5ff-7339-4f7a-9308-21a615dbed7d:192.168.5.172:42953, d416d95b-33ca-4dc1-b007-e682c8561ca3:192.168.5.172:37252] returns group-5FE958CE27DF:java.util.concurrent.CompletableFuture@a22fad1[Not completed]
2019-07-13 14:35:49,003 INFO  impl.RaftServerProxy (RaftServerProxy.java:addNew(89)) - d416d95b-33ca-4dc1-b007-e682c8561ca3: addNew group-5FE958CE27DF:[6fdffdc6-5482-4d35-a29b-f5491da76398:192.168.5.172:39529, bdd6b5ff-7339-4f7a-9308-21a615dbed7d:192.168.5.172:42953, d416d95b-33ca-4dc1-b007-e682c8561ca3:192.168.5.172:37252] returns group-5FE958CE27DF:java.util.concurrent.CompletableFuture@1857927e[Not completed]
2019-07-13 14:35:49,004 INFO  impl.RaftServerImpl (RaftServerImpl.java:<init>(93)) - bdd6b5ff-7339-4f7a-9308-21a615dbed7d: new RaftServerImpl for group-5FE958CE27DF:[6fdffdc6-5482-4d35-a29b-f5491da76398:192.168.5.172:39529, bdd6b5ff-7339-4f7a-9308-21a615dbed7d:192.168.5.172:42953, d416d95b-33ca-4dc1-b007-e682c8561ca3:192.168.5.172:37252] with ContainerStateMachine:uninitialized
2019-07-13 14:35:49,004 INFO  server.RaftServerConfigKeys (ConfUtils.java:logGet(43)) - raft.server.rpc.timeout.min = 5s (custom)
2019-07-13 14:35:49,004 INFO  server.RaftServerConfigKeys (ConfUtils.java:logGet(43)) - raft.server.rpc.timeout.max = 5200ms (custom)
2019-07-13 14:35:49,004 INFO  server.RaftServerConfigKeys (ConfUtils.java:logGet(43)) - raft.server.rpcslowness.timeout = 120s (custom)
2019-07-13 14:35:49,004 INFO  impl.RaftServerImpl (RaftServerImpl.java:<init>(93)) - 6fdffdc6-5482-4d35-a29b-f5491da76398: new RaftServerImpl for group-5FE958CE27DF:[6fdffdc6-5482-4d35-a29b-f5491da76398:192.168.5.172:39529, bdd6b5ff-7339-4f7a-9308-21a615dbed7d:192.168.5.172:42953, d416d95b-33ca-4dc1-b007-e682c8561ca3:192.168.5.172:37252] with ContainerStateMachine:uninitialized
2019-07-13 14:35:49,004 INFO  server.RaftServerConfigKeys (ConfUtils.java:logGet(43)) - raft.server.sleep.deviation.threshold = 300 (default)
2019-07-13 14:35:49,005 INFO  server.RaftServerConfigKeys (ConfUtils.java:logGet(43)) - raft.server.rpc.timeout.min = 5s (custom)
2019-07-13 14:35:49,005 INFO  server.RaftServerConfigKeys (ConfUtils.java:logGet(43)) - raft.server.log.appender.install.snapshot.enabled = false (custom)
2019-07-13 14:35:49,005 INFO  server.RaftServerConfigKeys (ConfUtils.java:logGet(43)) - raft.server.rpc.timeout.max = 5200ms (custom)
2019-07-13 14:35:49,005 INFO  impl.RaftServerImpl (RaftServerImpl.java:<init>(93)) - d416d95b-33ca-4dc1-b007-e682c8561ca3: new RaftServerImpl for group-5FE958CE27DF:[6fdffdc6-5482-4d35-a29b-f5491da76398:192.168.5.172:39529, bdd6b5ff-7339-4f7a-9308-21a615dbed7d:192.168.5.172:42953, d416d95b-33ca-4dc1-b007-e682c8561ca3:192.168.5.172:37252] with ContainerStateMachine:uninitialized
2019-07-13 14:35:49,005 INFO  server.RaftServerConfigKeys (ConfUtils.java:logGet(43)) - raft.server.rpcslowness.timeout = 120s (custom)
2019-07-13 14:35:49,005 INFO  impl.RaftServerImpl (ServerState.java:<init>(105)) - bdd6b5ff-7339-4f7a-9308-21a615dbed7d:group-5FE958CE27DF ConfigurationManager, init=-1: [6fdffdc6-5482-4d35-a29b-f5491da76398:192.168.5.172:39529, bdd6b5ff-7339-4f7a-9308-21a615dbed7d:192.168.5.172:42953, d416d95b-33ca-4dc1-b007-e682c8561ca3:192.168.5.172:37252], old=null, confs=<EMPTY_MAP>
2019-07-13 14:35:49,006 INFO  server.RaftServerConfigKeys (ConfUtils.java:logGet(43)) - raft.server.sleep.deviation.threshold = 300 (default)
2019-07-13 14:35:49,006 INFO  server.RaftServerConfigKeys (ConfUtils.java:logGet(43)) - raft.server.log.appender.install.snapshot.enabled = false (custom)
2019-07-13 14:35:49,005 INFO  server.RaftServerConfigKeys (ConfUtils.java:logGet(43)) - raft.server.rpc.timeout.min = 5s (custom)
2019-07-13 14:35:49,006 INFO  impl.RaftServerImpl (ServerState.java:<init>(105)) - 6fdffdc6-5482-4d35-a29b-f5491da76398:group-5FE958CE27DF ConfigurationManager, init=-1: [6fdffdc6-5482-4d35-a29b-f5491da76398:192.168.5.172:39529, bdd6b5ff-7339-4f7a-9308-21a615dbed7d:192.168.5.172:42953, d416d95b-33ca-4dc1-b007-e682c8561ca3:192.168.5.172:37252], old=null, confs=<EMPTY_MAP>
2019-07-13 14:35:49,006 INFO  server.RaftServerConfigKeys (ConfUtils.java:logGet(43)) - raft.server.storage.dir = [/tmp/workdir/hadoop-ozone/integration-test/target/test-dir/MiniOzoneClusterImpl-d90cfd36-4d9c-40bf-863f-665d19222a86/datanode-1/data/ratis] (custom)
2019-07-13 14:35:49,006 INFO  server.RaftServerConfigKeys (ConfUtils.java:logGet(43)) - raft.server.storage.dir = [/tmp/workdir/hadoop-ozone/integration-test/target/test-dir/MiniOzoneClusterImpl-d90cfd36-4d9c-40bf-863f-665d19222a86/datanode-0/data/ratis] (custom)
2019-07-13 14:35:49,006 INFO  server.RaftServerConfigKeys (ConfUtils.java:logGet(43)) - raft.server.rpc.timeout.max = 5200ms (custom)
2019-07-13 14:35:49,007 INFO  storage.RaftStorageDirectory (RaftStorageDirectory.java:analyzeStorage(246)) - The storage directory /tmp/workdir/hadoop-ozone/integration-test/target/test-dir/MiniOzoneClusterImpl-d90cfd36-4d9c-40bf-863f-665d19222a86/datanode-1/data/ratis/51742aea-47ca-4e5d-abc8-5fe958ce27df does not exist. Creating ...
2019-07-13 14:35:49,007 INFO  storage.RaftStorageDirectory (RaftStorageDirectory.java:analyzeStorage(246)) - The storage directory /tmp/workdir/hadoop-ozone/integration-test/target/test-dir/MiniOzoneClusterImpl-d90cfd36-4d9c-40bf-863f-665d19222a86/datanode-0/data/ratis/51742aea-47ca-4e5d-abc8-5fe958ce27df does not exist. Creating ...
2019-07-13 14:35:49,007 INFO  server.RaftServerConfigKeys (ConfUtils.java:logGet(43)) - raft.server.rpcslowness.timeout = 120s (custom)
2019-07-13 14:35:49,007 INFO  server.RaftServerConfigKeys (ConfUtils.java:logGet(43)) - raft.server.sleep.deviation.threshold = 300 (default)
2019-07-13 14:35:49,007 INFO  server.RaftServerConfigKeys (ConfUtils.java:logGet(43)) - raft.server.log.appender.install.snapshot.enabled = false (custom)
2019-07-13 14:35:49,008 INFO  impl.RaftServerImpl (ServerState.java:<init>(105)) - d416d95b-33ca-4dc1-b007-e682c8561ca3:group-5FE958CE27DF ConfigurationManager, init=-1: [6fdffdc6-5482-4d35-a29b-f5491da76398:192.168.5.172:39529, bdd6b5ff-7339-4f7a-9308-21a615dbed7d:192.168.5.172:42953, d416d95b-33ca-4dc1-b007-e682c8561ca3:192.168.5.172:37252], old=null, confs=<EMPTY_MAP>
2019-07-13 14:35:49,008 INFO  server.RaftServerConfigKeys (ConfUtils.java:logGet(43)) - raft.server.storage.dir = [/tmp/workdir/hadoop-ozone/integration-test/target/test-dir/MiniOzoneClusterImpl-d90cfd36-4d9c-40bf-863f-665d19222a86/datanode-2/data/ratis] (custom)
2019-07-13 14:35:49,008 INFO  storage.RaftStorageDirectory (RaftStorageDirectory.java:analyzeStorage(246)) - The storage directory /tmp/workdir/hadoop-ozone/integration-test/target/test-dir/MiniOzoneClusterImpl-d90cfd36-4d9c-40bf-863f-665d19222a86/datanode-2/data/ratis/51742aea-47ca-4e5d-abc8-5fe958ce27df does not exist. Creating ...
2019-07-13 14:35:49,012 INFO  storage.RaftStorageDirectory (RaftStorageDirectory.java:tryLock(328)) - Lock on /tmp/workdir/hadoop-ozone/integration-test/target/test-dir/MiniOzoneClusterImpl-d90cfd36-4d9c-40bf-863f-665d19222a86/datanode-2/data/ratis/51742aea-47ca-4e5d-abc8-5fe958ce27df/in_use.lock acquired by nodename 31544@trunk-nightly-mhs6z-4061744966
2019-07-13 14:35:49,012 INFO  storage.RaftStorageDirectory (RaftStorageDirectory.java:tryLock(328)) - Lock on /tmp/workdir/hadoop-ozone/integration-test/target/test-dir/MiniOzoneClusterImpl-d90cfd36-4d9c-40bf-863f-665d19222a86/datanode-1/data/ratis/51742aea-47ca-4e5d-abc8-5fe958ce27df/in_use.lock acquired by nodename 31544@trunk-nightly-mhs6z-4061744966
2019-07-13 14:35:49,012 INFO  storage.RaftStorageDirectory (RaftStorageDirectory.java:tryLock(328)) - Lock on /tmp/workdir/hadoop-ozone/integration-test/target/test-dir/MiniOzoneClusterImpl-d90cfd36-4d9c-40bf-863f-665d19222a86/datanode-0/data/ratis/51742aea-47ca-4e5d-abc8-5fe958ce27df/in_use.lock acquired by nodename 31544@trunk-nightly-mhs6z-4061744966
2019-07-13 14:35:49,017 INFO  storage.RaftStorage (RaftStorage.java:format(72)) - Storage directory /tmp/workdir/hadoop-ozone/integration-test/target/test-dir/MiniOzoneClusterImpl-d90cfd36-4d9c-40bf-863f-665d19222a86/datanode-2/data/ratis/51742aea-47ca-4e5d-abc8-5fe958ce27df has been successfully formatted.
2019-07-13 14:35:49,017 INFO  storage.RaftStorage (RaftStorage.java:format(72)) - Storage directory /tmp/workdir/hadoop-ozone/integration-test/target/test-dir/MiniOzoneClusterImpl-d90cfd36-4d9c-40bf-863f-665d19222a86/datanode-1/data/ratis/51742aea-47ca-4e5d-abc8-5fe958ce27df has been successfully formatted.
2019-07-13 14:35:49,017 INFO  storage.RaftStorage (RaftStorage.java:format(72)) - Storage directory /tmp/workdir/hadoop-ozone/integration-test/target/test-dir/MiniOzoneClusterImpl-d90cfd36-4d9c-40bf-863f-665d19222a86/datanode-0/data/ratis/51742aea-47ca-4e5d-abc8-5fe958ce27df has been successfully formatted.
2019-07-13 14:35:49,018 INFO  ratis.ContainerStateMachine (ContainerStateMachine.java:loadSnapshot(200)) - The snapshot info is null.Setting the last applied index to:(t:0, i:~)
2019-07-13 14:35:49,018 INFO  ratis.ContainerStateMachine (ContainerStateMachine.java:loadSnapshot(200)) - The snapshot info is null.Setting the last applied index to:(t:0, i:~)
2019-07-13 14:35:49,018 INFO  ratis.ContainerStateMachine (ContainerStateMachine.java:loadSnapshot(200)) - The snapshot info is null.Setting the last applied index to:(t:0, i:~)
2019-07-13 14:35:49,018 INFO  server.RaftServerConfigKeys (ConfUtils.java:logGet(43)) - raft.server.leader.election.timeout = 120s (custom)
2019-07-13 14:35:49,018 INFO  server.RaftServerConfigKeys (ConfUtils.java:logGet(43)) - raft.server.leader.election.timeout = 120s (custom)
2019-07-13 14:35:49,019 INFO  server.RaftServerConfigKeys (ConfUtils.java:logGet(43)) - raft.server.log.use.memory = false (default)
2019-07-13 14:35:49,018 INFO  server.RaftServerConfigKeys (ConfUtils.java:logGet(43)) - raft.server.leader.election.timeout = 120s (custom)
2019-07-13 14:35:49,019 INFO  server.RaftServerConfigKeys (ConfUtils.java:logGet(43)) - raft.server.log.purge.gap = 1000000000 (custom)
2019-07-13 14:35:49,019 INFO  server.RaftServerConfigKeys (ConfUtils.java:logGet(43)) - raft.server.log.use.memory = false (default)
2019-07-13 14:35:49,019 INFO  server.RaftServerConfigKeys (ConfUtils.java:logGet(43)) - raft.server.log.appender.buffer.byte-limit = 33554432 (custom)
2019-07-13 14:35:49,019 INFO  server.RaftServerConfigKeys (ConfUtils.java:logGet(43)) - raft.server.log.use.memory = false (default)
2019-07-13 14:35:49,020 INFO  server.RaftServerConfigKeys (ConfUtils.java:logGet(43)) - raft.server.log.segment.size.max = 1048576 (custom)
2019-07-13 14:35:49,019 INFO  server.RaftServerConfigKeys (ConfUtils.java:logGet(43)) - raft.server.log.purge.gap = 1000000000 (custom)
2019-07-13 14:35:49,020 INFO  server.RaftServerConfigKeys (ConfUtils.java:logGet(43)) - raft.server.log.segment.cache.num.max = 2 (custom)
2019-07-13 14:35:49,020 INFO  server.RaftServerConfigKeys (ConfUtils.java:logGet(43)) - raft.server.log.purge.gap = 1000000000 (custom)
2019-07-13 14:35:49,020 INFO  segmented.SegmentedRaftLogWorker (SegmentedRaftLogWorker.java:<init>(172)) - new 6fdffdc6-5482-4d35-a29b-f5491da76398-SegmentedRaftLogWorker:Storage Directory /tmp/workdir/hadoop-ozone/integration-test/target/test-dir/MiniOzoneClusterImpl-d90cfd36-4d9c-40bf-863f-665d19222a86/datanode-0/data/ratis/51742aea-47ca-4e5d-abc8-5fe958ce27df for RaftStorage:Storage Directory /tmp/workdir/hadoop-ozone/integration-test/target/test-dir/MiniOzoneClusterImpl-d90cfd36-4d9c-40bf-863f-665d19222a86/datanode-0/data/ratis/51742aea-47ca-4e5d-abc8-5fe958ce27df
2019-07-13 14:35:49,020 INFO  server.RaftServerConfigKeys (ConfUtils.java:logGet(43)) - raft.server.log.appender.buffer.byte-limit = 33554432 (custom)
2019-07-13 14:35:49,020 INFO  server.RaftServerConfigKeys (ConfUtils.java:logGet(43)) - raft.server.log.queue.byte-limit = 2147483647 (custom)
2019-07-13 14:35:49,020 INFO  server.RaftServerConfigKeys (ConfUtils.java:logGet(43)) - raft.server.log.appender.buffer.byte-limit = 33554432 (custom)
2019-07-13 14:35:49,021 INFO  server.RaftServerConfigKeys (ConfUtils.java:logGet(43)) - raft.server.log.queue.element-limit = 1024 (custom)
2019-07-13 14:35:49,021 INFO  server.RaftServerConfigKeys (ConfUtils.java:logGet(43)) - raft.server.log.segment.size.max = 1048576 (custom)
2019-07-13 14:35:49,021 INFO  server.RaftServerConfigKeys (ConfUtils.java:logGet(43)) - raft.server.log.segment.size.max = 1048576 (custom)
2019-07-13 14:35:49,021 INFO  server.RaftServerConfigKeys (ConfUtils.java:logGet(43)) - raft.server.log.preallocated.size = 16384 (custom)
2019-07-13 14:35:49,021 INFO  server.RaftServerConfigKeys (ConfUtils.java:logGet(43)) - raft.server.log.segment.size.max = 1048576 (custom)
2019-07-13 14:35:49,022 INFO  server.RaftServerConfigKeys (ConfUtils.java:logGet(43)) - raft.server.log.write.buffer.size = 33554432 (custom)
2019-07-13 14:35:49,021 INFO  server.RaftServerConfigKeys (ConfUtils.java:logGet(43)) - raft.server.log.segment.cache.num.max = 2 (custom)
2019-07-13 14:35:49,022 INFO  server.RaftServerConfigKeys (ConfUtils.java:logGet(43)) - raft.server.log.force.sync.num = 128 (default)
2019-07-13 14:35:49,022 INFO  server.RaftServerConfigKeys (ConfUtils.java:logGet(43)) - raft.server.log.segment.cache.num.max = 2 (custom)
2019-07-13 14:35:49,022 INFO  server.RaftServerConfigKeys (ConfUtils.java:logGet(43)) - raft.server.log.statemachine.data.sync = true (default)
2019-07-13 14:35:49,022 INFO  segmented.SegmentedRaftLogWorker (SegmentedRaftLogWorker.java:<init>(172)) - new bdd6b5ff-7339-4f7a-9308-21a615dbed7d-SegmentedRaftLogWorker:Storage Directory /tmp/workdir/hadoop-ozone/integration-test/target/test-dir/MiniOzoneClusterImpl-d90cfd36-4d9c-40bf-863f-665d19222a86/datanode-1/data/ratis/51742aea-47ca-4e5d-abc8-5fe958ce27df for RaftStorage:Storage Directory /tmp/workdir/hadoop-ozone/integration-test/target/test-dir/MiniOzoneClusterImpl-d90cfd36-4d9c-40bf-863f-665d19222a86/datanode-1/data/ratis/51742aea-47ca-4e5d-abc8-5fe958ce27df
2019-07-13 14:35:49,023 INFO  server.RaftServerConfigKeys (ConfUtils.java:logGet(43)) - raft.server.log.statemachine.data.sync.timeout = 10s (default)
2019-07-13 14:35:49,022 INFO  segmented.SegmentedRaftLogWorker (SegmentedRaftLogWorker.java:<init>(172)) - new d416d95b-33ca-4dc1-b007-e682c8561ca3-SegmentedRaftLogWorker:Storage Directory /tmp/workdir/hadoop-ozone/integration-test/target/test-dir/MiniOzoneClusterImpl-d90cfd36-4d9c-40bf-863f-665d19222a86/datanode-2/data/ratis/51742aea-47ca-4e5d-abc8-5fe958ce27df for RaftStorage:Storage Directory /tmp/workdir/hadoop-ozone/integration-test/target/test-dir/MiniOzoneClusterImpl-d90cfd36-4d9c-40bf-863f-665d19222a86/datanode-2/data/ratis/51742aea-47ca-4e5d-abc8-5fe958ce27df
2019-07-13 14:35:49,023 INFO  server.RaftServerConfigKeys (ConfUtils.java:logGet(43)) - raft.server.log.statemachine.data.sync.timeout.retry = -1 (default)
2019-07-13 14:35:49,023 INFO  server.RaftServerConfigKeys (ConfUtils.java:logGet(43)) - raft.server.log.queue.byte-limit = 2147483647 (custom)
2019-07-13 14:35:49,023 INFO  server.RaftServerConfigKeys (ConfUtils.java:logGet(43)) - raft.server.log.statemachine.data.caching.enabled = true (custom)
2019-07-13 14:35:49,023 INFO  server.RaftServerConfigKeys (ConfUtils.java:logGet(43)) - raft.server.log.queue.byte-limit = 2147483647 (custom)
2019-07-13 14:35:49,024 INFO  segmented.SegmentedRaftLogWorker (SegmentedRaftLogWorker.java:lambda$new$0(132)) - 6fdffdc6-5482-4d35-a29b-f5491da76398-SegmentedRaftLogWorker:Storage Directory /tmp/workdir/hadoop-ozone/integration-test/target/test-dir/MiniOzoneClusterImpl-d90cfd36-4d9c-40bf-863f-665d19222a86/datanode-0/data/ratis/51742aea-47ca-4e5d-abc8-5fe958ce27df: flushIndex: setUnconditionally 0 -> -1
2019-07-13 14:35:49,023 INFO  server.RaftServerConfigKeys (ConfUtils.java:logGet(43)) - raft.server.log.queue.element-limit = 1024 (custom)
2019-07-13 14:35:49,024 INFO  server.RaftServerConfigKeys (ConfUtils.java:logGet(43)) - raft.server.log.queue.element-limit = 1024 (custom)
2019-07-13 14:35:49,024 INFO  server.RaftServerConfigKeys (ConfUtils.java:logGet(43)) - raft.server.snapshot.auto.trigger.enabled = true (custom)
2019-07-13 14:35:49,024 INFO  server.RaftServerConfigKeys (ConfUtils.java:logGet(43)) - raft.server.log.segment.size.max = 1048576 (custom)
2019-07-13 14:35:49,024 INFO  server.RaftServerConfigKeys (ConfUtils.java:logGet(43)) - raft.server.snapshot.auto.trigger.threshold = 10000 (custom)
2019-07-13 14:35:49,024 INFO  server.RaftServerConfigKeys (ConfUtils.java:logGet(43)) - raft.server.log.segment.size.max = 1048576 (custom)
2019-07-13 14:35:49,025 INFO  server.RaftServerConfigKeys (ConfUtils.java:logGet(43)) - raft.server.retrycache.expirytime = 600000ms (custom)
2019-07-13 14:35:49,025 INFO  server.RaftServerConfigKeys (ConfUtils.java:logGet(43)) - raft.server.log.preallocated.size = 16384 (custom)
2019-07-13 14:35:49,025 INFO  impl.RaftServerImpl (RaftServerImpl.java:start(180)) - 6fdffdc6-5482-4d35-a29b-f5491da76398: start group-5FE958CE27DF
2019-07-13 14:35:49,025 INFO  server.RaftServerConfigKeys (ConfUtils.java:logGet(43)) - raft.server.log.preallocated.size = 16384 (custom)
2019-07-13 14:35:49,025 INFO  impl.RaftServerImpl (RaftServerImpl.java:setRole(171)) - 6fdffdc6-5482-4d35-a29b-f5491da76398:group-5FE958CE27DF changes role from null to FOLLOWER at term 0 for startAsFollower
2019-07-13 14:35:49,025 INFO  server.RaftServerConfigKeys (ConfUtils.java:logGet(43)) - raft.server.log.write.buffer.size = 33554432 (custom)
2019-07-13 14:35:49,026 INFO  impl.RoleInfo (RoleInfo.java:updateAndGet(143)) - 6fdffdc6-5482-4d35-a29b-f5491da76398: start FollowerState
2019-07-13 14:35:49,025 INFO  server.RaftServerConfigKeys (ConfUtils.java:logGet(43)) - raft.server.log.write.buffer.size = 33554432 (custom)
2019-07-13 14:35:49,026 INFO  server.RaftServerConfigKeys (ConfUtils.java:logGet(43)) - raft.server.log.force.sync.num = 128 (default)
2019-07-13 14:35:49,026 INFO  server.RaftServerConfigKeys (ConfUtils.java:logGet(43)) - raft.server.log.force.sync.num = 128 (default)
2019-07-13 14:35:49,026 INFO  util.JmxRegister (JmxRegister.java:tryRegister(44)) - Successfully registered JMX Bean with object name Ratis:service=RaftServer,group=group-5FE958CE27DF,id=6fdffdc6-5482-4d35-a29b-f5491da76398
2019-07-13 14:35:49,026 INFO  server.RaftServerConfigKeys (ConfUtils.java:logGet(43)) - raft.server.log.statemachine.data.sync = true (default)
2019-07-13 14:35:49,026 INFO  server.RaftServerConfigKeys (ConfUtils.java:logGet(43)) - raft.server.log.statemachine.data.sync = true (default)
2019-07-13 14:35:49,027 INFO  server.RaftServerConfigKeys (ConfUtils.java:logGet(43)) - raft.server.log.statemachine.data.sync.timeout = 10s (default)
2019-07-13 14:35:49,027 INFO  server.RaftServerConfigKeys (ConfUtils.java:logGet(43)) - raft.server.log.statemachine.data.sync.timeout = 10s (default)
2019-07-13 14:35:49,027 INFO  server.RaftServerConfigKeys (ConfUtils.java:logGet(43)) - raft.server.log.statemachine.data.sync.timeout.retry = -1 (default)
2019-07-13 14:35:49,027 INFO  server.RaftServerConfigKeys (ConfUtils.java:logGet(43)) - raft.server.log.statemachine.data.sync.timeout.retry = -1 (default)
2019-07-13 14:35:49,027 INFO  server.RaftServerConfigKeys (ConfUtils.java:logGet(43)) - raft.server.log.statemachine.data.caching.enabled = true (custom)
2019-07-13 14:35:49,027 INFO  server.RaftServerConfigKeys (ConfUtils.java:logGet(43)) - raft.server.log.statemachine.data.caching.enabled = true (custom)
2019-07-13 14:35:49,028 INFO  segmented.SegmentedRaftLogWorker (SegmentedRaftLogWorker.java:lambda$new$0(132)) - bdd6b5ff-7339-4f7a-9308-21a615dbed7d-SegmentedRaftLogWorker:Storage Directory /tmp/workdir/hadoop-ozone/integration-test/target/test-dir/MiniOzoneClusterImpl-d90cfd36-4d9c-40bf-863f-665d19222a86/datanode-1/data/ratis/51742aea-47ca-4e5d-abc8-5fe958ce27df: flushIndex: setUnconditionally 0 -> -1
2019-07-13 14:35:49,028 INFO  segmented.SegmentedRaftLogWorker (SegmentedRaftLogWorker.java:lambda$new$0(132)) - d416d95b-33ca-4dc1-b007-e682c8561ca3-SegmentedRaftLogWorker:Storage Directory /tmp/workdir/hadoop-ozone/integration-test/target/test-dir/MiniOzoneClusterImpl-d90cfd36-4d9c-40bf-863f-665d19222a86/datanode-2/data/ratis/51742aea-47ca-4e5d-abc8-5fe958ce27df: flushIndex: setUnconditionally 0 -> -1
2019-07-13 14:35:49,028 INFO  server.RaftServerConfigKeys (ConfUtils.java:logGet(43)) - raft.server.snapshot.auto.trigger.enabled = true (custom)
2019-07-13 14:35:49,028 INFO  server.RaftServerConfigKeys (ConfUtils.java:logGet(43)) - raft.server.snapshot.auto.trigger.threshold = 10000 (custom)
2019-07-13 14:35:49,028 INFO  server.RaftServerConfigKeys (ConfUtils.java:logGet(43)) - raft.server.snapshot.auto.trigger.enabled = true (custom)
2019-07-13 14:35:49,028 INFO  server.RaftServerConfigKeys (ConfUtils.java:logGet(43)) - raft.server.retrycache.expirytime = 600000ms (custom)
2019-07-13 14:35:49,029 INFO  server.RaftServerConfigKeys (ConfUtils.java:logGet(43)) - raft.server.snapshot.auto.trigger.threshold = 10000 (custom)
2019-07-13 14:35:49,029 INFO  impl.RaftServerImpl (RaftServerImpl.java:start(180)) - bdd6b5ff-7339-4f7a-9308-21a615dbed7d: start group-5FE958CE27DF
2019-07-13 14:35:49,029 INFO  server.RaftServerConfigKeys (ConfUtils.java:logGet(43)) - raft.server.retrycache.expirytime = 600000ms (custom)
2019-07-13 14:35:49,029 INFO  impl.RaftServerImpl (RaftServerImpl.java:setRole(171)) - bdd6b5ff-7339-4f7a-9308-21a615dbed7d:group-5FE958CE27DF changes role from null to FOLLOWER at term 0 for startAsFollower
2019-07-13 14:35:49,029 INFO  impl.RaftServerImpl (RaftServerImpl.java:start(180)) - d416d95b-33ca-4dc1-b007-e682c8561ca3: start group-5FE958CE27DF
2019-07-13 14:35:49,029 INFO  impl.RoleInfo (RoleInfo.java:updateAndGet(143)) - bdd6b5ff-7339-4f7a-9308-21a615dbed7d: start FollowerState
2019-07-13 14:35:49,029 INFO  impl.RaftServerImpl (RaftServerImpl.java:setRole(171)) - d416d95b-33ca-4dc1-b007-e682c8561ca3:group-5FE958CE27DF changes role from null to FOLLOWER at term 0 for startAsFollower
2019-07-13 14:35:49,030 INFO  impl.RoleInfo (RoleInfo.java:updateAndGet(143)) - d416d95b-33ca-4dc1-b007-e682c8561ca3: start FollowerState
2019-07-13 14:35:49,030 INFO  util.JmxRegister (JmxRegister.java:tryRegister(44)) - Successfully registered JMX Bean with object name Ratis:service=RaftServer,group=group-5FE958CE27DF,id=bdd6b5ff-7339-4f7a-9308-21a615dbed7d
2019-07-13 14:35:49,030 INFO  util.JmxRegister (JmxRegister.java:tryRegister(44)) - Successfully registered JMX Bean with object name Ratis:service=RaftServer,group=group-5FE958CE27DF,id=d416d95b-33ca-4dc1-b007-e682c8561ca3
2019-07-13 14:35:49,032 INFO  pipeline.PipelineStateManager (PipelineStateManager.java:addPipeline(56)) - Created pipeline Pipeline[ Id: 51742aea-47ca-4e5d-abc8-5fe958ce27df, Nodes: bdd6b5ff-7339-4f7a-9308-21a615dbed7d{ip: 192.168.5.172, host: trunk-nightly-mhs6z-4061744966, networkLocation: /default-rack, certSerialId: null}6fdffdc6-5482-4d35-a29b-f5491da76398{ip: 192.168.5.172, host: trunk-nightly-mhs6z-4061744966, networkLocation: /default-rack, certSerialId: null}d416d95b-33ca-4dc1-b007-e682c8561ca3{ip: 192.168.5.172, host: trunk-nightly-mhs6z-4061744966, networkLocation: /default-rack, certSerialId: null}, Type:RATIS, Factor:THREE, State:OPEN]
2019-07-13 14:35:49,161 INFO  node.SCMNodeManager (SCMNodeManager.java:register(269)) - Registered Data node : 2483fc38-7b26-4aef-95cf-438e43477517{ip: 192.168.5.172, host: trunk-nightly-mhs6z-4061744966, networkLocation: /default-rack, certSerialId: null}
2019-07-13 14:35:49,173 INFO  impl.RaftServerProxy (RaftServerProxy.java:addNew(89)) - 2483fc38-7b26-4aef-95cf-438e43477517: addNew group-2DDCF8B305D9:[2483fc38-7b26-4aef-95cf-438e43477517:192.168.5.172:33674] returns group-2DDCF8B305D9:java.util.concurrent.CompletableFuture@63bdb8b[Not completed]
2019-07-13 14:35:49,175 INFO  impl.RaftServerImpl (RaftServerImpl.java:<init>(93)) - 2483fc38-7b26-4aef-95cf-438e43477517: new RaftServerImpl for group-2DDCF8B305D9:[2483fc38-7b26-4aef-95cf-438e43477517:192.168.5.172:33674] with ContainerStateMachine:uninitialized
2019-07-13 14:35:49,175 INFO  server.RaftServerConfigKeys (ConfUtils.java:logGet(43)) - raft.server.rpc.timeout.min = 5s (custom)
2019-07-13 14:35:49,175 INFO  server.RaftServerConfigKeys (ConfUtils.java:logGet(43)) - raft.server.rpc.timeout.max = 5200ms (custom)
2019-07-13 14:35:49,176 INFO  server.RaftServerConfigKeys (ConfUtils.java:logGet(43)) - raft.server.rpcslowness.timeout = 120s (custom)
2019-07-13 14:35:49,176 INFO  server.RaftServerConfigKeys (ConfUtils.java:logGet(43)) - raft.server.sleep.deviation.threshold = 300 (default)
2019-07-13 14:35:49,176 INFO  server.RaftServerConfigKeys (ConfUtils.java:logGet(43)) - raft.server.log.appender.install.snapshot.enabled = false (custom)
2019-07-13 14:35:49,176 INFO  impl.RaftServerImpl (ServerState.java:<init>(105)) - 2483fc38-7b26-4aef-95cf-438e43477517:group-2DDCF8B305D9 ConfigurationManager, init=-1: [2483fc38-7b26-4aef-95cf-438e43477517:192.168.5.172:33674], old=null, confs=<EMPTY_MAP>
2019-07-13 14:35:49,176 INFO  server.RaftServerConfigKeys (ConfUtils.java:logGet(43)) - raft.server.storage.dir = [/tmp/workdir/hadoop-ozone/integration-test/target/test-dir/MiniOzoneClusterImpl-d90cfd36-4d9c-40bf-863f-665d19222a86/datanode-3/data/ratis] (custom)
2019-07-13 14:35:49,177 INFO  storage.RaftStorageDirectory (RaftStorageDirectory.java:analyzeStorage(246)) - The storage directory /tmp/workdir/hadoop-ozone/integration-test/target/test-dir/MiniOzoneClusterImpl-d90cfd36-4d9c-40bf-863f-665d19222a86/datanode-3/data/ratis/7e4b65ce-7714-4c09-9b68-2ddcf8b305d9 does not exist. Creating ...
2019-07-13 14:35:49,189 INFO  storage.RaftStorageDirectory (RaftStorageDirectory.java:tryLock(328)) - Lock on /tmp/workdir/hadoop-ozone/integration-test/target/test-dir/MiniOzoneClusterImpl-d90cfd36-4d9c-40bf-863f-665d19222a86/datanode-3/data/ratis/7e4b65ce-7714-4c09-9b68-2ddcf8b305d9/in_use.lock acquired by nodename 31544@trunk-nightly-mhs6z-4061744966
2019-07-13 14:35:49,202 INFO  storage.RaftStorage (RaftStorage.java:format(72)) - Storage directory /tmp/workdir/hadoop-ozone/integration-test/target/test-dir/MiniOzoneClusterImpl-d90cfd36-4d9c-40bf-863f-665d19222a86/datanode-3/data/ratis/7e4b65ce-7714-4c09-9b68-2ddcf8b305d9 has been successfully formatted.
2019-07-13 14:35:49,203 INFO  ratis.ContainerStateMachine (ContainerStateMachine.java:loadSnapshot(200)) - The snapshot info is null.Setting the last applied index to:(t:0, i:~)
2019-07-13 14:35:49,203 INFO  server.RaftServerConfigKeys (ConfUtils.java:logGet(43)) - raft.server.leader.election.timeout = 120s (custom)
2019-07-13 14:35:49,203 INFO  server.RaftServerConfigKeys (ConfUtils.java:logGet(43)) - raft.server.log.use.memory = false (default)
2019-07-13 14:35:49,203 INFO  server.RaftServerConfigKeys (ConfUtils.java:logGet(43)) - raft.server.log.purge.gap = 1000000000 (custom)
2019-07-13 14:35:49,203 INFO  server.RaftServerConfigKeys (ConfUtils.java:logGet(43)) - raft.server.log.appender.buffer.byte-limit = 33554432 (custom)
2019-07-13 14:35:49,204 INFO  server.RaftServerConfigKeys (ConfUtils.java:logGet(43)) - raft.server.log.segment.size.max = 1048576 (custom)
2019-07-13 14:35:49,204 INFO  server.RaftServerConfigKeys (ConfUtils.java:logGet(43)) - raft.server.log.segment.cache.num.max = 2 (custom)
2019-07-13 14:35:49,204 INFO  segmented.SegmentedRaftLogWorker (SegmentedRaftLogWorker.java:<init>(172)) - new 2483fc38-7b26-4aef-95cf-438e43477517-SegmentedRaftLogWorker:Storage Directory /tmp/workdir/hadoop-ozone/integration-test/target/test-dir/MiniOzoneClusterImpl-d90cfd36-4d9c-40bf-863f-665d19222a86/datanode-3/data/ratis/7e4b65ce-7714-4c09-9b68-2ddcf8b305d9 for RaftStorage:Storage Directory /tmp/workdir/hadoop-ozone/integration-test/target/test-dir/MiniOzoneClusterImpl-d90cfd36-4d9c-40bf-863f-665d19222a86/datanode-3/data/ratis/7e4b65ce-7714-4c09-9b68-2ddcf8b305d9
2019-07-13 14:35:49,204 INFO  server.RaftServerConfigKeys (ConfUtils.java:logGet(43)) - raft.server.log.queue.byte-limit = 2147483647 (custom)
2019-07-13 14:35:49,204 INFO  server.RaftServerConfigKeys (ConfUtils.java:logGet(43)) - raft.server.log.queue.element-limit = 1024 (custom)
2019-07-13 14:35:49,205 INFO  server.RaftServerConfigKeys (ConfUtils.java:logGet(43)) - raft.server.log.segment.size.max = 1048576 (custom)
2019-07-13 14:35:49,205 INFO  server.RaftServerConfigKeys (ConfUtils.java:logGet(43)) - raft.server.log.preallocated.size = 16384 (custom)
2019-07-13 14:35:49,205 INFO  server.RaftServerConfigKeys (ConfUtils.java:logGet(43)) - raft.server.log.write.buffer.size = 33554432 (custom)
2019-07-13 14:35:49,205 INFO  server.RaftServerConfigKeys (ConfUtils.java:logGet(43)) - raft.server.log.force.sync.num = 128 (default)
2019-07-13 14:35:49,205 INFO  server.RaftServerConfigKeys (ConfUtils.java:logGet(43)) - raft.server.log.statemachine.data.sync = true (default)
2019-07-13 14:35:49,205 INFO  server.RaftServerConfigKeys (ConfUtils.java:logGet(43)) - raft.server.log.statemachine.data.sync.timeout = 10s (default)
2019-07-13 14:35:49,206 INFO  server.RaftServerConfigKeys (ConfUtils.java:logGet(43)) - raft.server.log.statemachine.data.sync.timeout.retry = -1 (default)
2019-07-13 14:35:49,206 INFO  server.RaftServerConfigKeys (ConfUtils.java:logGet(43)) - raft.server.log.statemachine.data.caching.enabled = true (custom)
2019-07-13 14:35:49,206 INFO  segmented.SegmentedRaftLogWorker (SegmentedRaftLogWorker.java:lambda$new$0(132)) - 2483fc38-7b26-4aef-95cf-438e43477517-SegmentedRaftLogWorker:Storage Directory /tmp/workdir/hadoop-ozone/integration-test/target/test-dir/MiniOzoneClusterImpl-d90cfd36-4d9c-40bf-863f-665d19222a86/datanode-3/data/ratis/7e4b65ce-7714-4c09-9b68-2ddcf8b305d9: flushIndex: setUnconditionally 0 -> -1
2019-07-13 14:35:49,207 INFO  server.RaftServerConfigKeys (ConfUtils.java:logGet(43)) - raft.server.snapshot.auto.trigger.enabled = true (custom)
2019-07-13 14:35:49,207 INFO  server.RaftServerConfigKeys (ConfUtils.java:logGet(43)) - raft.server.snapshot.auto.trigger.threshold = 10000 (custom)
2019-07-13 14:35:49,207 INFO  server.RaftServerConfigKeys (ConfUtils.java:logGet(43)) - raft.server.retrycache.expirytime = 600000ms (custom)
2019-07-13 14:35:49,207 INFO  impl.RaftServerImpl (RaftServerImpl.java:start(180)) - 2483fc38-7b26-4aef-95cf-438e43477517: start group-2DDCF8B305D9
2019-07-13 14:35:49,207 INFO  impl.RaftServerImpl (RaftServerImpl.java:setRole(171)) - 2483fc38-7b26-4aef-95cf-438e43477517:group-2DDCF8B305D9 changes role from null to FOLLOWER at term 0 for startAsFollower
2019-07-13 14:35:49,208 INFO  impl.RoleInfo (RoleInfo.java:updateAndGet(143)) - 2483fc38-7b26-4aef-95cf-438e43477517: start FollowerState
2019-07-13 14:35:49,208 INFO  util.JmxRegister (JmxRegister.java:tryRegister(44)) - Successfully registered JMX Bean with object name Ratis:service=RaftServer,group=group-2DDCF8B305D9,id=2483fc38-7b26-4aef-95cf-438e43477517
2019-07-13 14:35:49,210 INFO  pipeline.PipelineStateManager (PipelineStateManager.java:addPipeline(56)) - Created pipeline Pipeline[ Id: 7e4b65ce-7714-4c09-9b68-2ddcf8b305d9, Nodes: 2483fc38-7b26-4aef-95cf-438e43477517{ip: 192.168.5.172, host: trunk-nightly-mhs6z-4061744966, networkLocation: /default-rack, certSerialId: null}, Type:RATIS, Factor:ONE, State:OPEN]
2019-07-13 14:35:49,358 INFO  node.SCMNodeManager (SCMNodeManager.java:register(269)) - Registered Data node : c1fc56de-d426-4465-b7de-d712fe9d51c3{ip: 192.168.5.172, host: trunk-nightly-mhs6z-4061744966, networkLocation: /default-rack, certSerialId: null}
2019-07-13 14:35:49,372 INFO  impl.RaftServerProxy (RaftServerProxy.java:addNew(89)) - c1fc56de-d426-4465-b7de-d712fe9d51c3: addNew group-61F796081A2F:[c1fc56de-d426-4465-b7de-d712fe9d51c3:192.168.5.172:39415] returns group-61F796081A2F:java.util.concurrent.CompletableFuture@23b73a3b[Not completed]
2019-07-13 14:35:49,373 INFO  impl.RaftServerImpl (RaftServerImpl.java:<init>(93)) - c1fc56de-d426-4465-b7de-d712fe9d51c3: new RaftServerImpl for group-61F796081A2F:[c1fc56de-d426-4465-b7de-d712fe9d51c3:192.168.5.172:39415] with ContainerStateMachine:uninitialized
2019-07-13 14:35:49,373 INFO  server.RaftServerConfigKeys (ConfUtils.java:logGet(43)) - raft.server.rpc.timeout.min = 5s (custom)
2019-07-13 14:35:49,374 INFO  server.RaftServerConfigKeys (ConfUtils.java:logGet(43)) - raft.server.rpc.timeout.max = 5200ms (custom)
2019-07-13 14:35:49,374 INFO  server.RaftServerConfigKeys (ConfUtils.java:logGet(43)) - raft.server.rpcslowness.timeout = 120s (custom)
2019-07-13 14:35:49,374 INFO  server.RaftServerConfigKeys (ConfUtils.java:logGet(43)) - raft.server.sleep.deviation.threshold = 300 (default)
2019-07-13 14:35:49,374 INFO  server.RaftServerConfigKeys (ConfUtils.java:logGet(43)) - raft.server.log.appender.install.snapshot.enabled = false (custom)
2019-07-13 14:35:49,374 INFO  impl.RaftServerImpl (ServerState.java:<init>(105)) - c1fc56de-d426-4465-b7de-d712fe9d51c3:group-61F796081A2F ConfigurationManager, init=-1: [c1fc56de-d426-4465-b7de-d712fe9d51c3:192.168.5.172:39415], old=null, confs=<EMPTY_MAP>
2019-07-13 14:35:49,374 INFO  server.RaftServerConfigKeys (ConfUtils.java:logGet(43)) - raft.server.storage.dir = [/tmp/workdir/hadoop-ozone/integration-test/target/test-dir/MiniOzoneClusterImpl-d90cfd36-4d9c-40bf-863f-665d19222a86/datanode-4/data/ratis] (custom)
2019-07-13 14:35:49,375 INFO  storage.RaftStorageDirectory (RaftStorageDirectory.java:analyzeStorage(246)) - The storage directory /tmp/workdir/hadoop-ozone/integration-test/target/test-dir/MiniOzoneClusterImpl-d90cfd36-4d9c-40bf-863f-665d19222a86/datanode-4/data/ratis/ae369c54-bf5e-4957-a4a9-61f796081a2f does not exist. Creating ...
2019-07-13 14:35:49,380 INFO  storage.RaftStorageDirectory (RaftStorageDirectory.java:tryLock(328)) - Lock on /tmp/workdir/hadoop-ozone/integration-test/target/test-dir/MiniOzoneClusterImpl-d90cfd36-4d9c-40bf-863f-665d19222a86/datanode-4/data/ratis/ae369c54-bf5e-4957-a4a9-61f796081a2f/in_use.lock acquired by nodename 31544@trunk-nightly-mhs6z-4061744966
2019-07-13 14:35:49,385 INFO  storage.RaftStorage (RaftStorage.java:format(72)) - Storage directory /tmp/workdir/hadoop-ozone/integration-test/target/test-dir/MiniOzoneClusterImpl-d90cfd36-4d9c-40bf-863f-665d19222a86/datanode-4/data/ratis/ae369c54-bf5e-4957-a4a9-61f796081a2f has been successfully formatted.
2019-07-13 14:35:49,385 INFO  ratis.ContainerStateMachine (ContainerStateMachine.java:loadSnapshot(200)) - The snapshot info is null.Setting the last applied index to:(t:0, i:~)
2019-07-13 14:35:49,385 INFO  server.RaftServerConfigKeys (ConfUtils.java:logGet(43)) - raft.server.leader.election.timeout = 120s (custom)
2019-07-13 14:35:49,386 INFO  server.RaftServerConfigKeys (ConfUtils.java:logGet(43)) - raft.server.log.use.memory = false (default)
2019-07-13 14:35:49,386 INFO  server.RaftServerConfigKeys (ConfUtils.java:logGet(43)) - raft.server.log.purge.gap = 1000000000 (custom)
2019-07-13 14:35:49,386 INFO  server.RaftServerConfigKeys (ConfUtils.java:logGet(43)) - raft.server.log.appender.buffer.byte-limit = 33554432 (custom)
2019-07-13 14:35:49,386 INFO  server.RaftServerConfigKeys (ConfUtils.java:logGet(43)) - raft.server.log.segment.size.max = 1048576 (custom)
2019-07-13 14:35:49,386 INFO  server.RaftServerConfigKeys (ConfUtils.java:logGet(43)) - raft.server.log.segment.cache.num.max = 2 (custom)
2019-07-13 14:35:49,386 INFO  segmented.SegmentedRaftLogWorker (SegmentedRaftLogWorker.java:<init>(172)) - new c1fc56de-d426-4465-b7de-d712fe9d51c3-SegmentedRaftLogWorker:Storage Directory /tmp/workdir/hadoop-ozone/integration-test/target/test-dir/MiniOzoneClusterImpl-d90cfd36-4d9c-40bf-863f-665d19222a86/datanode-4/data/ratis/ae369c54-bf5e-4957-a4a9-61f796081a2f for RaftStorage:Storage Directory /tmp/workdir/hadoop-ozone/integration-test/target/test-dir/MiniOzoneClusterImpl-d90cfd36-4d9c-40bf-863f-665d19222a86/datanode-4/data/ratis/ae369c54-bf5e-4957-a4a9-61f796081a2f
2019-07-13 14:35:49,387 INFO  server.RaftServerConfigKeys (ConfUtils.java:logGet(43)) - raft.server.log.queue.byte-limit = 2147483647 (custom)
2019-07-13 14:35:49,387 INFO  server.RaftServerConfigKeys (ConfUtils.java:logGet(43)) - raft.server.log.queue.element-limit = 1024 (custom)
2019-07-13 14:35:49,387 INFO  server.RaftServerConfigKeys (ConfUtils.java:logGet(43)) - raft.server.log.segment.size.max = 1048576 (custom)
2019-07-13 14:35:49,387 INFO  server.RaftServerConfigKeys (ConfUtils.java:logGet(43)) - raft.server.log.preallocated.size = 16384 (custom)
2019-07-13 14:35:49,387 INFO  server.RaftServerConfigKeys (ConfUtils.java:logGet(43)) - raft.server.log.write.buffer.size = 33554432 (custom)
2019-07-13 14:35:49,387 INFO  server.RaftServerConfigKeys (ConfUtils.java:logGet(43)) - raft.server.log.force.sync.num = 128 (default)
2019-07-13 14:35:49,388 INFO  server.RaftServerConfigKeys (ConfUtils.java:logGet(43)) - raft.server.log.statemachine.data.sync = true (default)
2019-07-13 14:35:49,388 INFO  server.RaftServerConfigKeys (ConfUtils.java:logGet(43)) - raft.server.log.statemachine.data.sync.timeout = 10s (default)
2019-07-13 14:35:49,388 INFO  server.RaftServerConfigKeys (ConfUtils.java:logGet(43)) - raft.server.log.statemachine.data.sync.timeout.retry = -1 (default)
2019-07-13 14:35:49,388 INFO  server.RaftServerConfigKeys (ConfUtils.java:logGet(43)) - raft.server.log.statemachine.data.caching.enabled = true (custom)
2019-07-13 14:35:49,389 INFO  segmented.SegmentedRaftLogWorker (SegmentedRaftLogWorker.java:lambda$new$0(132)) - c1fc56de-d426-4465-b7de-d712fe9d51c3-SegmentedRaftLogWorker:Storage Directory /tmp/workdir/hadoop-ozone/integration-test/target/test-dir/MiniOzoneClusterImpl-d90cfd36-4d9c-40bf-863f-665d19222a86/datanode-4/data/ratis/ae369c54-bf5e-4957-a4a9-61f796081a2f: flushIndex: setUnconditionally 0 -> -1
2019-07-13 14:35:49,389 INFO  server.RaftServerConfigKeys (ConfUtils.java:logGet(43)) - raft.server.snapshot.auto.trigger.enabled = true (custom)
2019-07-13 14:35:49,389 INFO  server.RaftServerConfigKeys (ConfUtils.java:logGet(43)) - raft.server.snapshot.auto.trigger.threshold = 10000 (custom)
2019-07-13 14:35:49,389 INFO  server.RaftServerConfigKeys (ConfUtils.java:logGet(43)) - raft.server.retrycache.expirytime = 600000ms (custom)
2019-07-13 14:35:49,390 INFO  impl.RaftServerImpl (RaftServerImpl.java:start(180)) - c1fc56de-d426-4465-b7de-d712fe9d51c3: start group-61F796081A2F
2019-07-13 14:35:49,390 INFO  impl.RaftServerImpl (RaftServerImpl.java:setRole(171)) - c1fc56de-d426-4465-b7de-d712fe9d51c3:group-61F796081A2F changes role from null to FOLLOWER at term 0 for startAsFollower
2019-07-13 14:35:49,390 INFO  impl.RoleInfo (RoleInfo.java:updateAndGet(143)) - c1fc56de-d426-4465-b7de-d712fe9d51c3: start FollowerState
2019-07-13 14:35:49,390 INFO  util.JmxRegister (JmxRegister.java:tryRegister(44)) - Successfully registered JMX Bean with object name Ratis:service=RaftServer,group=group-61F796081A2F,id=c1fc56de-d426-4465-b7de-d712fe9d51c3
2019-07-13 14:35:49,393 INFO  pipeline.PipelineStateManager (PipelineStateManager.java:addPipeline(56)) - Created pipeline Pipeline[ Id: ae369c54-bf5e-4957-a4a9-61f796081a2f, Nodes: c1fc56de-d426-4465-b7de-d712fe9d51c3{ip: 192.168.5.172, host: trunk-nightly-mhs6z-4061744966, networkLocation: /default-rack, certSerialId: null}, Type:RATIS, Factor:ONE, State:OPEN]
2019-07-13 14:35:49,514 INFO  node.SCMNodeManager (SCMNodeManager.java:register(269)) - Registered Data node : 6c44a25b-e972-4a0b-9f86-7784e2c59475{ip: 192.168.5.172, host: trunk-nightly-mhs6z-4061744966, networkLocation: /default-rack, certSerialId: null}
2019-07-13 14:35:49,524 INFO  impl.RaftServerProxy (RaftServerProxy.java:addNew(89)) - 6c44a25b-e972-4a0b-9f86-7784e2c59475: addNew group-B691710D9275:[6c44a25b-e972-4a0b-9f86-7784e2c59475:192.168.5.172:36569] returns group-B691710D9275:java.util.concurrent.CompletableFuture@388cc481[Not completed]
2019-07-13 14:35:49,525 INFO  impl.RaftServerImpl (RaftServerImpl.java:<init>(93)) - 6c44a25b-e972-4a0b-9f86-7784e2c59475: new RaftServerImpl for group-B691710D9275:[6c44a25b-e972-4a0b-9f86-7784e2c59475:192.168.5.172:36569] with ContainerStateMachine:uninitialized
2019-07-13 14:35:49,525 INFO  server.RaftServerConfigKeys (ConfUtils.java:logGet(43)) - raft.server.rpc.timeout.min = 5s (custom)
2019-07-13 14:35:49,526 INFO  server.RaftServerConfigKeys (ConfUtils.java:logGet(43)) - raft.server.rpc.timeout.max = 5200ms (custom)
2019-07-13 14:35:49,526 INFO  server.RaftServerConfigKeys (ConfUtils.java:logGet(43)) - raft.server.rpcslowness.timeout = 120s (custom)
2019-07-13 14:35:49,526 INFO  server.RaftServerConfigKeys (ConfUtils.java:logGet(43)) - raft.server.sleep.deviation.threshold = 300 (default)
2019-07-13 14:35:49,526 INFO  server.RaftServerConfigKeys (ConfUtils.java:logGet(43)) - raft.server.log.appender.install.snapshot.enabled = false (custom)
2019-07-13 14:35:49,526 INFO  impl.RaftServerImpl (ServerState.java:<init>(105)) - 6c44a25b-e972-4a0b-9f86-7784e2c59475:group-B691710D9275 ConfigurationManager, init=-1: [6c44a25b-e972-4a0b-9f86-7784e2c59475:192.168.5.172:36569], old=null, confs=<EMPTY_MAP>
2019-07-13 14:35:49,527 INFO  server.RaftServerConfigKeys (ConfUtils.java:logGet(43)) - raft.server.storage.dir = [/tmp/workdir/hadoop-ozone/integration-test/target/test-dir/MiniOzoneClusterImpl-d90cfd36-4d9c-40bf-863f-665d19222a86/datanode-5/data/ratis] (custom)
2019-07-13 14:35:49,527 INFO  storage.RaftStorageDirectory (RaftStorageDirectory.java:analyzeStorage(246)) - The storage directory /tmp/workdir/hadoop-ozone/integration-test/target/test-dir/MiniOzoneClusterImpl-d90cfd36-4d9c-40bf-863f-665d19222a86/datanode-5/data/ratis/cd16a4fe-2fa7-4d17-8b0a-b691710d9275 does not exist. Creating ...
2019-07-13 14:35:49,532 INFO  storage.RaftStorageDirectory (RaftStorageDirectory.java:tryLock(328)) - Lock on /tmp/workdir/hadoop-ozone/integration-test/target/test-dir/MiniOzoneClusterImpl-d90cfd36-4d9c-40bf-863f-665d19222a86/datanode-5/data/ratis/cd16a4fe-2fa7-4d17-8b0a-b691710d9275/in_use.lock acquired by nodename 31544@trunk-nightly-mhs6z-4061744966
2019-07-13 14:35:49,536 INFO  storage.RaftStorage (RaftStorage.java:format(72)) - Storage directory /tmp/workdir/hadoop-ozone/integration-test/target/test-dir/MiniOzoneClusterImpl-d90cfd36-4d9c-40bf-863f-665d19222a86/datanode-5/data/ratis/cd16a4fe-2fa7-4d17-8b0a-b691710d9275 has been successfully formatted.
2019-07-13 14:35:49,537 INFO  ratis.ContainerStateMachine (ContainerStateMachine.java:loadSnapshot(200)) - The snapshot info is null.Setting the last applied index to:(t:0, i:~)
2019-07-13 14:35:49,537 INFO  server.RaftServerConfigKeys (ConfUtils.java:logGet(43)) - raft.server.leader.election.timeout = 120s (custom)
2019-07-13 14:35:49,537 INFO  server.RaftServerConfigKeys (ConfUtils.java:logGet(43)) - raft.server.log.use.memory = false (default)
2019-07-13 14:35:49,537 INFO  server.RaftServerConfigKeys (ConfUtils.java:logGet(43)) - raft.server.log.purge.gap = 1000000000 (custom)
2019-07-13 14:35:49,537 INFO  server.RaftServerConfigKeys (ConfUtils.java:logGet(43)) - raft.server.log.appender.buffer.byte-limit = 33554432 (custom)
2019-07-13 14:35:49,537 INFO  server.RaftServerConfigKeys (ConfUtils.java:logGet(43)) - raft.server.log.segment.size.max = 1048576 (custom)
2019-07-13 14:35:49,537 INFO  server.RaftServerConfigKeys (ConfUtils.java:logGet(43)) - raft.server.log.segment.cache.num.max = 2 (custom)
2019-07-13 14:35:49,538 INFO  segmented.SegmentedRaftLogWorker (SegmentedRaftLogWorker.java:<init>(172)) - new 6c44a25b-e972-4a0b-9f86-7784e2c59475-SegmentedRaftLogWorker:Storage Directory /tmp/workdir/hadoop-ozone/integration-test/target/test-dir/MiniOzoneClusterImpl-d90cfd36-4d9c-40bf-863f-665d19222a86/datanode-5/data/ratis/cd16a4fe-2fa7-4d17-8b0a-b691710d9275 for RaftStorage:Storage Directory /tmp/workdir/hadoop-ozone/integration-test/target/test-dir/MiniOzoneClusterImpl-d90cfd36-4d9c-40bf-863f-665d19222a86/datanode-5/data/ratis/cd16a4fe-2fa7-4d17-8b0a-b691710d9275
2019-07-13 14:35:49,538 INFO  server.RaftServerConfigKeys (ConfUtils.java:logGet(43)) - raft.server.log.queue.byte-limit = 2147483647 (custom)
2019-07-13 14:35:49,538 INFO  server.RaftServerConfigKeys (ConfUtils.java:logGet(43)) - raft.server.log.queue.element-limit = 1024 (custom)
2019-07-13 14:35:49,538 INFO  server.RaftServerConfigKeys (ConfUtils.java:logGet(43)) - raft.server.log.segment.size.max = 1048576 (custom)
2019-07-13 14:35:49,538 INFO  server.RaftServerConfigKeys (ConfUtils.java:logGet(43)) - raft.server.log.preallocated.size = 16384 (custom)
2019-07-13 14:35:49,539 INFO  server.RaftServerConfigKeys (ConfUtils.java:logGet(43)) - raft.server.log.write.buffer.size = 33554432 (custom)
2019-07-13 14:35:49,539 INFO  server.RaftServerConfigKeys (ConfUtils.java:logGet(43)) - raft.server.log.force.sync.num = 128 (default)
2019-07-13 14:35:49,539 INFO  server.RaftServerConfigKeys (ConfUtils.java:logGet(43)) - raft.server.log.statemachine.data.sync = true (default)
2019-07-13 14:35:49,539 INFO  server.RaftServerConfigKeys (ConfUtils.java:logGet(43)) - raft.server.log.statemachine.data.sync.timeout = 10s (default)
2019-07-13 14:35:49,539 INFO  server.RaftServerConfigKeys (ConfUtils.java:logGet(43)) - raft.server.log.statemachine.data.sync.timeout.retry = -1 (default)
2019-07-13 14:35:49,539 INFO  server.RaftServerConfigKeys (ConfUtils.java:logGet(43)) - raft.server.log.statemachine.data.caching.enabled = true (custom)
2019-07-13 14:35:49,540 INFO  segmented.SegmentedRaftLogWorker (SegmentedRaftLogWorker.java:lambda$new$0(132)) - 6c44a25b-e972-4a0b-9f86-7784e2c59475-SegmentedRaftLogWorker:Storage Directory /tmp/workdir/hadoop-ozone/integration-test/target/test-dir/MiniOzoneClusterImpl-d90cfd36-4d9c-40bf-863f-665d19222a86/datanode-5/data/ratis/cd16a4fe-2fa7-4d17-8b0a-b691710d9275: flushIndex: setUnconditionally 0 -> -1
2019-07-13 14:35:49,540 INFO  server.RaftServerConfigKeys (ConfUtils.java:logGet(43)) - raft.server.snapshot.auto.trigger.enabled = true (custom)
2019-07-13 14:35:49,540 INFO  server.RaftServerConfigKeys (ConfUtils.java:logGet(43)) - raft.server.snapshot.auto.trigger.threshold = 10000 (custom)
2019-07-13 14:35:49,540 INFO  server.RaftServerConfigKeys (ConfUtils.java:logGet(43)) - raft.server.retrycache.expirytime = 600000ms (custom)
2019-07-13 14:35:49,541 INFO  impl.RaftServerImpl (RaftServerImpl.java:start(180)) - 6c44a25b-e972-4a0b-9f86-7784e2c59475: start group-B691710D9275
2019-07-13 14:35:49,541 INFO  impl.RaftServerImpl (RaftServerImpl.java:setRole(171)) - 6c44a25b-e972-4a0b-9f86-7784e2c59475:group-B691710D9275 changes role from null to FOLLOWER at term 0 for startAsFollower
2019-07-13 14:35:49,541 INFO  impl.RoleInfo (RoleInfo.java:updateAndGet(143)) - 6c44a25b-e972-4a0b-9f86-7784e2c59475: start FollowerState
2019-07-13 14:35:49,541 INFO  util.JmxRegister (JmxRegister.java:tryRegister(44)) - Successfully registered JMX Bean with object name Ratis:service=RaftServer,group=group-B691710D9275,id=6c44a25b-e972-4a0b-9f86-7784e2c59475
2019-07-13 14:35:49,544 INFO  pipeline.PipelineStateManager (PipelineStateManager.java:addPipeline(56)) - Created pipeline Pipeline[ Id: cd16a4fe-2fa7-4d17-8b0a-b691710d9275, Nodes: 6c44a25b-e972-4a0b-9f86-7784e2c59475{ip: 192.168.5.172, host: trunk-nightly-mhs6z-4061744966, networkLocation: /default-rack, certSerialId: null}, Type:RATIS, Factor:ONE, State:OPEN]
2019-07-13 14:35:49,556 INFO  impl.RaftServerProxy (RaftServerProxy.java:addNew(89)) - c1fc56de-d426-4465-b7de-d712fe9d51c3: addNew group-6BD8BC1BA742:[6c44a25b-e972-4a0b-9f86-7784e2c59475:192.168.5.172:36569, 2483fc38-7b26-4aef-95cf-438e43477517:192.168.5.172:33674, c1fc56de-d426-4465-b7de-d712fe9d51c3:192.168.5.172:39415] returns group-6BD8BC1BA742:java.util.concurrent.CompletableFuture@6fa1e4da[Not completed]
2019-07-13 14:35:49,556 INFO  impl.RaftServerProxy (RaftServerProxy.java:addNew(89)) - 2483fc38-7b26-4aef-95cf-438e43477517: addNew group-6BD8BC1BA742:[6c44a25b-e972-4a0b-9f86-7784e2c59475:192.168.5.172:36569, 2483fc38-7b26-4aef-95cf-438e43477517:192.168.5.172:33674, c1fc56de-d426-4465-b7de-d712fe9d51c3:192.168.5.172:39415] returns group-6BD8BC1BA742:java.util.concurrent.CompletableFuture@7ed5e5b4[Not completed]
2019-07-13 14:35:49,556 INFO  impl.RaftServerProxy (RaftServerProxy.java:addNew(89)) - 6c44a25b-e972-4a0b-9f86-7784e2c59475: addNew group-6BD8BC1BA742:[6c44a25b-e972-4a0b-9f86-7784e2c59475:192.168.5.172:36569, 2483fc38-7b26-4aef-95cf-438e43477517:192.168.5.172:33674, c1fc56de-d426-4465-b7de-d712fe9d51c3:192.168.5.172:39415] returns group-6BD8BC1BA742:java.util.concurrent.CompletableFuture@1b937b30[Not completed]
2019-07-13 14:35:49,557 INFO  impl.RaftServerImpl (RaftServerImpl.java:<init>(93)) - 2483fc38-7b26-4aef-95cf-438e43477517: new RaftServerImpl for group-6BD8BC1BA742:[6c44a25b-e972-4a0b-9f86-7784e2c59475:192.168.5.172:36569, 2483fc38-7b26-4aef-95cf-438e43477517:192.168.5.172:33674, c1fc56de-d426-4465-b7de-d712fe9d51c3:192.168.5.172:39415] with ContainerStateMachine:uninitialized
2019-07-13 14:35:49,557 INFO  server.RaftServerConfigKeys (ConfUtils.java:logGet(43)) - raft.server.rpc.timeout.min = 5s (custom)
2019-07-13 14:35:49,557 INFO  server.RaftServerConfigKeys (ConfUtils.java:logGet(43)) - raft.server.rpc.timeout.max = 5200ms (custom)
2019-07-13 14:35:49,558 INFO  server.RaftServerConfigKeys (ConfUtils.java:logGet(43)) - raft.server.rpcslowness.timeout = 120s (custom)
2019-07-13 14:35:49,558 INFO  impl.RaftServerImpl (RaftServerImpl.java:<init>(93)) - c1fc56de-d426-4465-b7de-d712fe9d51c3: new RaftServerImpl for group-6BD8BC1BA742:[6c44a25b-e972-4a0b-9f86-7784e2c59475:192.168.5.172:36569, 2483fc38-7b26-4aef-95cf-438e43477517:192.168.5.172:33674, c1fc56de-d426-4465-b7de-d712fe9d51c3:192.168.5.172:39415] with ContainerStateMachine:uninitialized
2019-07-13 14:35:49,558 INFO  server.RaftServerConfigKeys (ConfUtils.java:logGet(43)) - raft.server.sleep.deviation.threshold = 300 (default)
2019-07-13 14:35:49,558 INFO  server.RaftServerConfigKeys (ConfUtils.java:logGet(43)) - raft.server.rpc.timeout.min = 5s (custom)
2019-07-13 14:35:49,558 INFO  impl.RaftServerImpl (RaftServerImpl.java:<init>(93)) - 6c44a25b-e972-4a0b-9f86-7784e2c59475: new RaftServerImpl for group-6BD8BC1BA742:[6c44a25b-e972-4a0b-9f86-7784e2c59475:192.168.5.172:36569, 2483fc38-7b26-4aef-95cf-438e43477517:192.168.5.172:33674, c1fc56de-d426-4465-b7de-d712fe9d51c3:192.168.5.172:39415] with ContainerStateMachine:uninitialized
2019-07-13 14:35:49,558 INFO  server.RaftServerConfigKeys (ConfUtils.java:logGet(43)) - raft.server.log.appender.install.snapshot.enabled = false (custom)
2019-07-13 14:35:49,558 INFO  server.RaftServerConfigKeys (ConfUtils.java:logGet(43)) - raft.server.rpc.timeout.min = 5s (custom)
2019-07-13 14:35:49,559 INFO  server.RaftServerConfigKeys (ConfUtils.java:logGet(43)) - raft.server.rpc.timeout.max = 5200ms (custom)
2019-07-13 14:35:49,558 INFO  server.RaftServerConfigKeys (ConfUtils.java:logGet(43)) - raft.server.rpc.timeout.max = 5200ms (custom)
2019-07-13 14:35:49,559 INFO  server.RaftServerConfigKeys (ConfUtils.java:logGet(43)) - raft.server.rpcslowness.timeout = 120s (custom)
2019-07-13 14:35:49,559 INFO  server.RaftServerConfigKeys (ConfUtils.java:logGet(43)) - raft.server.sleep.deviation.threshold = 300 (default)
2019-07-13 14:35:49,559 INFO  impl.RaftServerImpl (ServerState.java:<init>(105)) - 2483fc38-7b26-4aef-95cf-438e43477517:group-6BD8BC1BA742 ConfigurationManager, init=-1: [6c44a25b-e972-4a0b-9f86-7784e2c59475:192.168.5.172:36569, 2483fc38-7b26-4aef-95cf-438e43477517:192.168.5.172:33674, c1fc56de-d426-4465-b7de-d712fe9d51c3:192.168.5.172:39415], old=null, confs=<EMPTY_MAP>
2019-07-13 14:35:49,559 INFO  server.RaftServerConfigKeys (ConfUtils.java:logGet(43)) - raft.server.log.appender.install.snapshot.enabled = false (custom)
2019-07-13 14:35:49,559 INFO  server.RaftServerConfigKeys (ConfUtils.java:logGet(43)) - raft.server.rpcslowness.timeout = 120s (custom)
2019-07-13 14:35:49,560 INFO  impl.RaftServerImpl (ServerState.java:<init>(105)) - 6c44a25b-e972-4a0b-9f86-7784e2c59475:group-6BD8BC1BA742 ConfigurationManager, init=-1: [6c44a25b-e972-4a0b-9f86-7784e2c59475:192.168.5.172:36569, 2483fc38-7b26-4aef-95cf-438e43477517:192.168.5.172:33674, c1fc56de-d426-4465-b7de-d712fe9d51c3:192.168.5.172:39415], old=null, confs=<EMPTY_MAP>
2019-07-13 14:35:49,559 INFO  server.RaftServerConfigKeys (ConfUtils.java:logGet(43)) - raft.server.storage.dir = [/tmp/workdir/hadoop-ozone/integration-test/target/test-dir/MiniOzoneClusterImpl-d90cfd36-4d9c-40bf-863f-665d19222a86/datanode-3/data/ratis] (custom)
2019-07-13 14:35:49,560 INFO  server.RaftServerConfigKeys (ConfUtils.java:logGet(43)) - raft.server.storage.dir = [/tmp/workdir/hadoop-ozone/integration-test/target/test-dir/MiniOzoneClusterImpl-d90cfd36-4d9c-40bf-863f-665d19222a86/datanode-5/data/ratis] (custom)
2019-07-13 14:35:49,560 INFO  server.RaftServerConfigKeys (ConfUtils.java:logGet(43)) - raft.server.sleep.deviation.threshold = 300 (default)
2019-07-13 14:35:49,560 INFO  storage.RaftStorageDirectory (RaftStorageDirectory.java:analyzeStorage(246)) - The storage directory /tmp/workdir/hadoop-ozone/integration-test/target/test-dir/MiniOzoneClusterImpl-d90cfd36-4d9c-40bf-863f-665d19222a86/datanode-3/data/ratis/a3724fc6-c782-4c6a-be9d-6bd8bc1ba742 does not exist. Creating ...
2019-07-13 14:35:49,560 INFO  storage.RaftStorageDirectory (RaftStorageDirectory.java:analyzeStorage(246)) - The storage directory /tmp/workdir/hadoop-ozone/integration-test/target/test-dir/MiniOzoneClusterImpl-d90cfd36-4d9c-40bf-863f-665d19222a86/datanode-5/data/ratis/a3724fc6-c782-4c6a-be9d-6bd8bc1ba742 does not exist. Creating ...
2019-07-13 14:35:49,560 INFO  server.RaftServerConfigKeys (ConfUtils.java:logGet(43)) - raft.server.log.appender.install.snapshot.enabled = false (custom)
2019-07-13 14:35:49,561 INFO  impl.RaftServerImpl (ServerState.java:<init>(105)) - c1fc56de-d426-4465-b7de-d712fe9d51c3:group-6BD8BC1BA742 ConfigurationManager, init=-1: [6c44a25b-e972-4a0b-9f86-7784e2c59475:192.168.5.172:36569, 2483fc38-7b26-4aef-95cf-438e43477517:192.168.5.172:33674, c1fc56de-d426-4465-b7de-d712fe9d51c3:192.168.5.172:39415], old=null, confs=<EMPTY_MAP>
2019-07-13 14:35:49,561 INFO  server.RaftServerConfigKeys (ConfUtils.java:logGet(43)) - raft.server.storage.dir = [/tmp/workdir/hadoop-ozone/integration-test/target/test-dir/MiniOzoneClusterImpl-d90cfd36-4d9c-40bf-863f-665d19222a86/datanode-4/data/ratis] (custom)
2019-07-13 14:35:49,561 INFO  storage.RaftStorageDirectory (RaftStorageDirectory.java:analyzeStorage(246)) - The storage directory /tmp/workdir/hadoop-ozone/integration-test/target/test-dir/MiniOzoneClusterImpl-d90cfd36-4d9c-40bf-863f-665d19222a86/datanode-4/data/ratis/a3724fc6-c782-4c6a-be9d-6bd8bc1ba742 does not exist. Creating ...
2019-07-13 14:35:49,565 INFO  storage.RaftStorageDirectory (RaftStorageDirectory.java:tryLock(328)) - Lock on /tmp/workdir/hadoop-ozone/integration-test/target/test-dir/MiniOzoneClusterImpl-d90cfd36-4d9c-40bf-863f-665d19222a86/datanode-4/data/ratis/a3724fc6-c782-4c6a-be9d-6bd8bc1ba742/in_use.lock acquired by nodename 31544@trunk-nightly-mhs6z-4061744966
2019-07-13 14:35:49,565 INFO  storage.RaftStorageDirectory (RaftStorageDirectory.java:tryLock(328)) - Lock on /tmp/workdir/hadoop-ozone/integration-test/target/test-dir/MiniOzoneClusterImpl-d90cfd36-4d9c-40bf-863f-665d19222a86/datanode-5/data/ratis/a3724fc6-c782-4c6a-be9d-6bd8bc1ba742/in_use.lock acquired by nodename 31544@trunk-nightly-mhs6z-4061744966
2019-07-13 14:35:49,565 INFO  storage.RaftStorageDirectory (RaftStorageDirectory.java:tryLock(328)) - Lock on /tmp/workdir/hadoop-ozone/integration-test/target/test-dir/MiniOzoneClusterImpl-d90cfd36-4d9c-40bf-863f-665d19222a86/datanode-3/data/ratis/a3724fc6-c782-4c6a-be9d-6bd8bc1ba742/in_use.lock acquired by nodename 31544@trunk-nightly-mhs6z-4061744966
2019-07-13 14:35:49,570 INFO  storage.RaftStorage (RaftStorage.java:format(72)) - Storage directory /tmp/workdir/hadoop-ozone/integration-test/target/test-dir/MiniOzoneClusterImpl-d90cfd36-4d9c-40bf-863f-665d19222a86/datanode-3/data/ratis/a3724fc6-c782-4c6a-be9d-6bd8bc1ba742 has been successfully formatted.
2019-07-13 14:35:49,570 INFO  storage.RaftStorage (RaftStorage.java:format(72)) - Storage directory /tmp/workdir/hadoop-ozone/integration-test/target/test-dir/MiniOzoneClusterImpl-d90cfd36-4d9c-40bf-863f-665d19222a86/datanode-4/data/ratis/a3724fc6-c782-4c6a-be9d-6bd8bc1ba742 has been successfully formatted.
2019-07-13 14:35:49,570 INFO  storage.RaftStorage (RaftStorage.java:format(72)) - Storage directory /tmp/workdir/hadoop-ozone/integration-test/target/test-dir/MiniOzoneClusterImpl-d90cfd36-4d9c-40bf-863f-665d19222a86/datanode-5/data/ratis/a3724fc6-c782-4c6a-be9d-6bd8bc1ba742 has been successfully formatted.
2019-07-13 14:35:49,571 INFO  ratis.ContainerStateMachine (ContainerStateMachine.java:loadSnapshot(200)) - The snapshot info is null.Setting the last applied index to:(t:0, i:~)
2019-07-13 14:35:49,570 INFO  ratis.ContainerStateMachine (ContainerStateMachine.java:loadSnapshot(200)) - The snapshot info is null.Setting the last applied index to:(t:0, i:~)
2019-07-13 14:35:49,571 INFO  server.RaftServerConfigKeys (ConfUtils.java:logGet(43)) - raft.server.leader.election.timeout = 120s (custom)
2019-07-13 14:35:49,571 INFO  ratis.ContainerStateMachine (ContainerStateMachine.java:loadSnapshot(200)) - The snapshot info is null.Setting the last applied index to:(t:0, i:~)
2019-07-13 14:35:49,571 INFO  server.RaftServerConfigKeys (ConfUtils.java:logGet(43)) - raft.server.log.use.memory = false (default)
2019-07-13 14:35:49,571 INFO  server.RaftServerConfigKeys (ConfUtils.java:logGet(43)) - raft.server.log.purge.gap = 1000000000 (custom)
2019-07-13 14:35:49,571 INFO  server.RaftServerConfigKeys (ConfUtils.java:logGet(43)) - raft.server.leader.election.timeout = 120s (custom)
2019-07-13 14:35:49,572 INFO  server.RaftServerConfigKeys (ConfUtils.java:logGet(43)) - raft.server.log.appender.buffer.byte-limit = 33554432 (custom)
2019-07-13 14:35:49,571 INFO  server.RaftServerConfigKeys (ConfUtils.java:logGet(43)) - raft.server.leader.election.timeout = 120s (custom)
2019-07-13 14:35:49,572 INFO  server.RaftServerConfigKeys (ConfUtils.java:logGet(43)) - raft.server.log.segment.size.max = 1048576 (custom)
2019-07-13 14:35:49,572 INFO  server.RaftServerConfigKeys (ConfUtils.java:logGet(43)) - raft.server.log.use.memory = false (default)
2019-07-13 14:35:49,572 INFO  server.RaftServerConfigKeys (ConfUtils.java:logGet(43)) - raft.server.log.segment.cache.num.max = 2 (custom)
2019-07-13 14:35:49,572 INFO  server.RaftServerConfigKeys (ConfUtils.java:logGet(43)) - raft.server.log.use.memory = false (default)
2019-07-13 14:35:49,573 INFO  segmented.SegmentedRaftLogWorker (SegmentedRaftLogWorker.java:<init>(172)) - new c1fc56de-d426-4465-b7de-d712fe9d51c3-SegmentedRaftLogWorker:Storage Directory /tmp/workdir/hadoop-ozone/integration-test/target/test-dir/MiniOzoneClusterImpl-d90cfd36-4d9c-40bf-863f-665d19222a86/datanode-4/data/ratis/a3724fc6-c782-4c6a-be9d-6bd8bc1ba742 for RaftStorage:Storage Directory /tmp/workdir/hadoop-ozone/integration-test/target/test-dir/MiniOzoneClusterImpl-d90cfd36-4d9c-40bf-863f-665d19222a86/datanode-4/data/ratis/a3724fc6-c782-4c6a-be9d-6bd8bc1ba742
2019-07-13 14:35:49,572 INFO  server.RaftServerConfigKeys (ConfUtils.java:logGet(43)) - raft.server.log.purge.gap = 1000000000 (custom)
2019-07-13 14:35:49,573 INFO  server.RaftServerConfigKeys (ConfUtils.java:logGet(43)) - raft.server.log.queue.byte-limit = 2147483647 (custom)
2019-07-13 14:35:49,573 INFO  server.RaftServerConfigKeys (ConfUtils.java:logGet(43)) - raft.server.log.purge.gap = 1000000000 (custom)
2019-07-13 14:35:49,573 INFO  server.RaftServerConfigKeys (ConfUtils.java:logGet(43)) - raft.server.log.queue.element-limit = 1024 (custom)
2019-07-13 14:35:49,573 INFO  server.RaftServerConfigKeys (ConfUtils.java:logGet(43)) - raft.server.log.appender.buffer.byte-limit = 33554432 (custom)
2019-07-13 14:35:49,573 INFO  server.RaftServerConfigKeys (ConfUtils.java:logGet(43)) - raft.server.log.segment.size.max = 1048576 (custom)
2019-07-13 14:35:49,573 INFO  server.RaftServerConfigKeys (ConfUtils.java:logGet(43)) - raft.server.log.appender.buffer.byte-limit = 33554432 (custom)
2019-07-13 14:35:49,574 INFO  server.RaftServerConfigKeys (ConfUtils.java:logGet(43)) - raft.server.log.preallocated.size = 16384 (custom)
2019-07-13 14:35:49,574 INFO  server.RaftServerConfigKeys (ConfUtils.java:logGet(43)) - raft.server.log.write.buffer.size = 33554432 (custom)
2019-07-13 14:35:49,574 INFO  server.RaftServerConfigKeys (ConfUtils.java:logGet(43)) - raft.server.log.segment.size.max = 1048576 (custom)
2019-07-13 14:35:49,574 INFO  server.RaftServerConfigKeys (ConfUtils.java:logGet(43)) - raft.server.log.force.sync.num = 128 (default)
2019-07-13 14:35:49,575 INFO  server.RaftServerConfigKeys (ConfUtils.java:logGet(43)) - raft.server.log.statemachine.data.sync = true (default)
2019-07-13 14:35:49,574 INFO  server.RaftServerConfigKeys (ConfUtils.java:logGet(43)) - raft.server.log.segment.size.max = 1048576 (custom)
2019-07-13 14:35:49,575 INFO  server.RaftServerConfigKeys (ConfUtils.java:logGet(43)) - raft.server.log.statemachine.data.sync.timeout = 10s (default)
2019-07-13 14:35:49,575 INFO  server.RaftServerConfigKeys (ConfUtils.java:logGet(43)) - raft.server.log.statemachine.data.sync.timeout.retry = -1 (default)
2019-07-13 14:35:49,574 INFO  server.RaftServerConfigKeys (ConfUtils.java:logGet(43)) - raft.server.log.segment.cache.num.max = 2 (custom)
2019-07-13 14:35:49,575 INFO  server.RaftServerConfigKeys (ConfUtils.java:logGet(43)) - raft.server.log.statemachine.data.caching.enabled = true (custom)
2019-07-13 14:35:49,575 INFO  server.RaftServerConfigKeys (ConfUtils.java:logGet(43)) - raft.server.log.segment.cache.num.max = 2 (custom)
2019-07-13 14:35:49,576 INFO  segmented.SegmentedRaftLogWorker (SegmentedRaftLogWorker.java:lambda$new$0(132)) - c1fc56de-d426-4465-b7de-d712fe9d51c3-SegmentedRaftLogWorker:Storage Directory /tmp/workdir/hadoop-ozone/integration-test/target/test-dir/MiniOzoneClusterImpl-d90cfd36-4d9c-40bf-863f-665d19222a86/datanode-4/data/ratis/a3724fc6-c782-4c6a-be9d-6bd8bc1ba742: flushIndex: setUnconditionally 0 -> -1
2019-07-13 14:35:49,575 INFO  segmented.SegmentedRaftLogWorker (SegmentedRaftLogWorker.java:<init>(172)) - new 2483fc38-7b26-4aef-95cf-438e43477517-SegmentedRaftLogWorker:Storage Directory /tmp/workdir/hadoop-ozone/integration-test/target/test-dir/MiniOzoneClusterImpl-d90cfd36-4d9c-40bf-863f-665d19222a86/datanode-3/data/ratis/a3724fc6-c782-4c6a-be9d-6bd8bc1ba742 for RaftStorage:Storage Directory /tmp/workdir/hadoop-ozone/integration-test/target/test-dir/MiniOzoneClusterImpl-d90cfd36-4d9c-40bf-863f-665d19222a86/datanode-3/data/ratis/a3724fc6-c782-4c6a-be9d-6bd8bc1ba742
2019-07-13 14:35:49,576 INFO  segmented.SegmentedRaftLogWorker (SegmentedRaftLogWorker.java:<init>(172)) - new 6c44a25b-e972-4a0b-9f86-7784e2c59475-SegmentedRaftLogWorker:Storage Directory /tmp/workdir/hadoop-ozone/integration-test/target/test-dir/MiniOzoneClusterImpl-d90cfd36-4d9c-40bf-863f-665d19222a86/datanode-5/data/ratis/a3724fc6-c782-4c6a-be9d-6bd8bc1ba742 for RaftStorage:Storage Directory /tmp/workdir/hadoop-ozone/integration-test/target/test-dir/MiniOzoneClusterImpl-d90cfd36-4d9c-40bf-863f-665d19222a86/datanode-5/data/ratis/a3724fc6-c782-4c6a-be9d-6bd8bc1ba742
2019-07-13 14:35:49,576 INFO  server.RaftServerConfigKeys (ConfUtils.java:logGet(43)) - raft.server.snapshot.auto.trigger.enabled = true (custom)
2019-07-13 14:35:49,576 INFO  server.RaftServerConfigKeys (ConfUtils.java:logGet(43)) - raft.server.log.queue.byte-limit = 2147483647 (custom)
2019-07-13 14:35:49,576 INFO  server.RaftServerConfigKeys (ConfUtils.java:logGet(43)) - raft.server.snapshot.auto.trigger.threshold = 10000 (custom)
2019-07-13 14:35:49,576 INFO  server.RaftServerConfigKeys (ConfUtils.java:logGet(43)) - raft.server.log.queue.byte-limit = 2147483647 (custom)
2019-07-13 14:35:49,577 INFO  server.RaftServerConfigKeys (ConfUtils.java:logGet(43)) - raft.server.retrycache.expirytime = 600000ms (custom)
2019-07-13 14:35:49,577 INFO  server.RaftServerConfigKeys (ConfUtils.java:logGet(43)) - raft.server.log.queue.element-limit = 1024 (custom)
2019-07-13 14:35:49,577 INFO  impl.RaftServerImpl (RaftServerImpl.java:start(180)) - c1fc56de-d426-4465-b7de-d712fe9d51c3: start group-6BD8BC1BA742
2019-07-13 14:35:49,577 INFO  server.RaftServerConfigKeys (ConfUtils.java:logGet(43)) - raft.server.log.queue.element-limit = 1024 (custom)
2019-07-13 14:35:49,577 INFO  impl.RaftServerImpl (RaftServerImpl.java:setRole(171)) - c1fc56de-d426-4465-b7de-d712fe9d51c3:group-6BD8BC1BA742 changes role from null to FOLLOWER at term 0 for startAsFollower
2019-07-13 14:35:49,577 INFO  server.RaftServerConfigKeys (ConfUtils.java:logGet(43)) - raft.server.log.segment.size.max = 1048576 (custom)
2019-07-13 14:35:49,578 INFO  impl.RoleInfo (RoleInfo.java:updateAndGet(143)) - c1fc56de-d426-4465-b7de-d712fe9d51c3: start FollowerState
2019-07-13 14:35:49,577 INFO  server.RaftServerConfigKeys (ConfUtils.java:logGet(43)) - raft.server.log.segment.size.max = 1048576 (custom)
2019-07-13 14:35:49,578 INFO  server.RaftServerConfigKeys (ConfUtils.java:logGet(43)) - raft.server.log.preallocated.size = 16384 (custom)
2019-07-13 14:35:49,578 INFO  server.RaftServerConfigKeys (ConfUtils.java:logGet(43)) - raft.server.log.preallocated.size = 16384 (custom)
2019-07-13 14:35:49,578 INFO  server.RaftServerConfigKeys (ConfUtils.java:logGet(43)) - raft.server.log.write.buffer.size = 33554432 (custom)
2019-07-13 14:35:49,578 INFO  util.JmxRegister (JmxRegister.java:tryRegister(44)) - Successfully registered JMX Bean with object name Ratis:service=RaftServer,group=group-6BD8BC1BA742,id=c1fc56de-d426-4465-b7de-d712fe9d51c3
2019-07-13 14:35:49,579 INFO  server.RaftServerConfigKeys (ConfUtils.java:logGet(43)) - raft.server.log.force.sync.num = 128 (default)
2019-07-13 14:35:49,579 INFO  server.RaftServerConfigKeys (ConfUtils.java:logGet(43)) - raft.server.log.statemachine.data.sync = true (default)
2019-07-13 14:35:49,578 INFO  server.RaftServerConfigKeys (ConfUtils.java:logGet(43)) - raft.server.log.write.buffer.size = 33554432 (custom)
2019-07-13 14:35:49,579 INFO  server.RaftServerConfigKeys (ConfUtils.java:logGet(43)) - raft.server.log.statemachine.data.sync.timeout = 10s (default)
2019-07-13 14:35:49,579 INFO  server.RaftServerConfigKeys (ConfUtils.java:logGet(43)) - raft.server.log.force.sync.num = 128 (default)
2019-07-13 14:35:49,579 INFO  server.RaftServerConfigKeys (ConfUtils.java:logGet(43)) - raft.server.log.statemachine.data.sync.timeout.retry = -1 (default)
2019-07-13 14:35:49,580 INFO  server.RaftServerConfigKeys (ConfUtils.java:logGet(43)) - raft.server.log.statemachine.data.sync = true (default)
2019-07-13 14:35:49,580 INFO  server.RaftServerConfigKeys (ConfUtils.java:logGet(43)) - raft.server.log.statemachine.data.caching.enabled = true (custom)
2019-07-13 14:35:49,580 INFO  server.RaftServerConfigKeys (ConfUtils.java:logGet(43)) - raft.server.log.statemachine.data.sync.timeout = 10s (default)
2019-07-13 14:35:49,580 INFO  server.RaftServerConfigKeys (ConfUtils.java:logGet(43)) - raft.server.log.statemachine.data.sync.timeout.retry = -1 (default)
2019-07-13 14:35:49,580 INFO  segmented.SegmentedRaftLogWorker (SegmentedRaftLogWorker.java:lambda$new$0(132)) - 2483fc38-7b26-4aef-95cf-438e43477517-SegmentedRaftLogWorker:Storage Directory /tmp/workdir/hadoop-ozone/integration-test/target/test-dir/MiniOzoneClusterImpl-d90cfd36-4d9c-40bf-863f-665d19222a86/datanode-3/data/ratis/a3724fc6-c782-4c6a-be9d-6bd8bc1ba742: flushIndex: setUnconditionally 0 -> -1
2019-07-13 14:35:49,580 INFO  server.RaftServerConfigKeys (ConfUtils.java:logGet(43)) - raft.server.log.statemachine.data.caching.enabled = true (custom)
2019-07-13 14:35:49,581 INFO  server.RaftServerConfigKeys (ConfUtils.java:logGet(43)) - raft.server.snapshot.auto.trigger.enabled = true (custom)
2019-07-13 14:35:49,581 INFO  segmented.SegmentedRaftLogWorker (SegmentedRaftLogWorker.java:lambda$new$0(132)) - 6c44a25b-e972-4a0b-9f86-7784e2c59475-SegmentedRaftLogWorker:Storage Directory /tmp/workdir/hadoop-ozone/integration-test/target/test-dir/MiniOzoneClusterImpl-d90cfd36-4d9c-40bf-863f-665d19222a86/datanode-5/data/ratis/a3724fc6-c782-4c6a-be9d-6bd8bc1ba742: flushIndex: setUnconditionally 0 -> -1
2019-07-13 14:35:49,581 INFO  server.RaftServerConfigKeys (ConfUtils.java:logGet(43)) - raft.server.snapshot.auto.trigger.threshold = 10000 (custom)
2019-07-13 14:35:49,581 INFO  server.RaftServerConfigKeys (ConfUtils.java:logGet(43)) - raft.server.retrycache.expirytime = 600000ms (custom)
2019-07-13 14:35:49,581 INFO  server.RaftServerConfigKeys (ConfUtils.java:logGet(43)) - raft.server.snapshot.auto.trigger.enabled = true (custom)
2019-07-13 14:35:49,581 INFO  impl.RaftServerImpl (RaftServerImpl.java:start(180)) - 2483fc38-7b26-4aef-95cf-438e43477517: start group-6BD8BC1BA742
2019-07-13 14:35:49,582 INFO  server.RaftServerConfigKeys (ConfUtils.java:logGet(43)) - raft.server.snapshot.auto.trigger.threshold = 10000 (custom)
2019-07-13 14:35:49,582 INFO  impl.RaftServerImpl (RaftServerImpl.java:setRole(171)) - 2483fc38-7b26-4aef-95cf-438e43477517:group-6BD8BC1BA742 changes role from null to FOLLOWER at term 0 for startAsFollower
2019-07-13 14:35:49,582 INFO  server.RaftServerConfigKeys (ConfUtils.java:logGet(43)) - raft.server.retrycache.expirytime = 600000ms (custom)
2019-07-13 14:35:49,582 INFO  impl.RoleInfo (RoleInfo.java:updateAndGet(143)) - 2483fc38-7b26-4aef-95cf-438e43477517: start FollowerState
2019-07-13 14:35:49,582 INFO  impl.RaftServerImpl (RaftServerImpl.java:start(180)) - 6c44a25b-e972-4a0b-9f86-7784e2c59475: start group-6BD8BC1BA742
2019-07-13 14:35:49,582 INFO  impl.RaftServerImpl (RaftServerImpl.java:setRole(171)) - 6c44a25b-e972-4a0b-9f86-7784e2c59475:group-6BD8BC1BA742 changes role from null to FOLLOWER at term 0 for startAsFollower
2019-07-13 14:35:49,582 INFO  impl.RoleInfo (RoleInfo.java:updateAndGet(143)) - 6c44a25b-e972-4a0b-9f86-7784e2c59475: start FollowerState
2019-07-13 14:35:49,583 INFO  util.JmxRegister (JmxRegister.java:tryRegister(44)) - Successfully registered JMX Bean with object name Ratis:service=RaftServer,group=group-6BD8BC1BA742,id=2483fc38-7b26-4aef-95cf-438e43477517
2019-07-13 14:35:49,583 INFO  util.JmxRegister (JmxRegister.java:tryRegister(44)) - Successfully registered JMX Bean with object name Ratis:service=RaftServer,group=group-6BD8BC1BA742,id=6c44a25b-e972-4a0b-9f86-7784e2c59475
2019-07-13 14:35:49,585 INFO  pipeline.PipelineStateManager (PipelineStateManager.java:addPipeline(56)) - Created pipeline Pipeline[ Id: a3724fc6-c782-4c6a-be9d-6bd8bc1ba742, Nodes: 2483fc38-7b26-4aef-95cf-438e43477517{ip: 192.168.5.172, host: trunk-nightly-mhs6z-4061744966, networkLocation: /default-rack, certSerialId: null}c1fc56de-d426-4465-b7de-d712fe9d51c3{ip: 192.168.5.172, host: trunk-nightly-mhs6z-4061744966, networkLocation: /default-rack, certSerialId: null}6c44a25b-e972-4a0b-9f86-7784e2c59475{ip: 192.168.5.172, host: trunk-nightly-mhs6z-4061744966, networkLocation: /default-rack, certSerialId: null}, Type:RATIS, Factor:THREE, State:OPEN]
2019-07-13 14:35:49,721 INFO  ozone.MiniOzoneClusterImpl (MiniOzoneClusterImpl.java:lambda$waitForClusterToBeReady$0(142)) - Waiting for cluster to be ready. Got 6 of 7 DN Heartbeats.
2019-07-13 14:35:49,721 INFO  node.SCMNodeManager (SCMNodeManager.java:register(269)) - Registered Data node : c91fad2c-055b-4e28-9a69-d7c44c729cdb{ip: 192.168.5.172, host: trunk-nightly-mhs6z-4061744966, networkLocation: /default-rack, certSerialId: null}
2019-07-13 14:35:49,739 INFO  impl.RaftServerProxy (RaftServerProxy.java:addNew(89)) - c91fad2c-055b-4e28-9a69-d7c44c729cdb: addNew group-69E2034D319D:[c91fad2c-055b-4e28-9a69-d7c44c729cdb:192.168.5.172:37980] returns group-69E2034D319D:java.util.concurrent.CompletableFuture@6656029c[Not completed]
2019-07-13 14:35:49,740 INFO  impl.RaftServerImpl (RaftServerImpl.java:<init>(93)) - c91fad2c-055b-4e28-9a69-d7c44c729cdb: new RaftServerImpl for group-69E2034D319D:[c91fad2c-055b-4e28-9a69-d7c44c729cdb:192.168.5.172:37980] with ContainerStateMachine:uninitialized
2019-07-13 14:35:49,740 INFO  server.RaftServerConfigKeys (ConfUtils.java:logGet(43)) - raft.server.rpc.timeout.min = 5s (custom)
2019-07-13 14:35:49,740 INFO  server.RaftServerConfigKeys (ConfUtils.java:logGet(43)) - raft.server.rpc.timeout.max = 5200ms (custom)
2019-07-13 14:35:49,741 INFO  server.RaftServerConfigKeys (ConfUtils.java:logGet(43)) - raft.server.rpcslowness.timeout = 120s (custom)
2019-07-13 14:35:49,741 INFO  server.RaftServerConfigKeys (ConfUtils.java:logGet(43)) - raft.server.sleep.deviation.threshold = 300 (default)
2019-07-13 14:35:49,741 INFO  server.RaftServerConfigKeys (ConfUtils.java:logGet(43)) - raft.server.log.appender.install.snapshot.enabled = false (custom)
2019-07-13 14:35:49,741 INFO  impl.RaftServerImpl (ServerState.java:<init>(105)) - c91fad2c-055b-4e28-9a69-d7c44c729cdb:group-69E2034D319D ConfigurationManager, init=-1: [c91fad2c-055b-4e28-9a69-d7c44c729cdb:192.168.5.172:37980], old=null, confs=<EMPTY_MAP>
2019-07-13 14:35:49,741 INFO  server.RaftServerConfigKeys (ConfUtils.java:logGet(43)) - raft.server.storage.dir = [/tmp/workdir/hadoop-ozone/integration-test/target/test-dir/MiniOzoneClusterImpl-d90cfd36-4d9c-40bf-863f-665d19222a86/datanode-6/data/ratis] (custom)
2019-07-13 14:35:49,742 INFO  storage.RaftStorageDirectory (RaftStorageDirectory.java:analyzeStorage(246)) - The storage directory /tmp/workdir/hadoop-ozone/integration-test/target/test-dir/MiniOzoneClusterImpl-d90cfd36-4d9c-40bf-863f-665d19222a86/datanode-6/data/ratis/08a282b8-f3f5-4c6e-8a1c-69e2034d319d does not exist. Creating ...
2019-07-13 14:35:49,757 INFO  storage.RaftStorageDirectory (RaftStorageDirectory.java:tryLock(328)) - Lock on /tmp/workdir/hadoop-ozone/integration-test/target/test-dir/MiniOzoneClusterImpl-d90cfd36-4d9c-40bf-863f-665d19222a86/datanode-6/data/ratis/08a282b8-f3f5-4c6e-8a1c-69e2034d319d/in_use.lock acquired by nodename 31544@trunk-nightly-mhs6z-4061744966
2019-07-13 14:35:49,761 INFO  storage.RaftStorage (RaftStorage.java:format(72)) - Storage directory /tmp/workdir/hadoop-ozone/integration-test/target/test-dir/MiniOzoneClusterImpl-d90cfd36-4d9c-40bf-863f-665d19222a86/datanode-6/data/ratis/08a282b8-f3f5-4c6e-8a1c-69e2034d319d has been successfully formatted.
2019-07-13 14:35:49,761 INFO  ratis.ContainerStateMachine (ContainerStateMachine.java:loadSnapshot(200)) - The snapshot info is null.Setting the last applied index to:(t:0, i:~)
2019-07-13 14:35:49,761 INFO  server.RaftServerConfigKeys (ConfUtils.java:logGet(43)) - raft.server.leader.election.timeout = 120s (custom)
2019-07-13 14:35:49,761 INFO  server.RaftServerConfigKeys (ConfUtils.java:logGet(43)) - raft.server.log.use.memory = false (default)
2019-07-13 14:35:49,762 INFO  server.RaftServerConfigKeys (ConfUtils.java:logGet(43)) - raft.server.log.purge.gap = 1000000000 (custom)
2019-07-13 14:35:49,762 INFO  server.RaftServerConfigKeys (ConfUtils.java:logGet(43)) - raft.server.log.appender.buffer.byte-limit = 33554432 (custom)
2019-07-13 14:35:49,762 INFO  server.RaftServerConfigKeys (ConfUtils.java:logGet(43)) - raft.server.log.segment.size.max = 1048576 (custom)
2019-07-13 14:35:49,762 INFO  server.RaftServerConfigKeys (ConfUtils.java:logGet(43)) - raft.server.log.segment.cache.num.max = 2 (custom)
2019-07-13 14:35:49,762 INFO  segmented.SegmentedRaftLogWorker (SegmentedRaftLogWorker.java:<init>(172)) - new c91fad2c-055b-4e28-9a69-d7c44c729cdb-SegmentedRaftLogWorker:Storage Directory /tmp/workdir/hadoop-ozone/integration-test/target/test-dir/MiniOzoneClusterImpl-d90cfd36-4d9c-40bf-863f-665d19222a86/datanode-6/data/ratis/08a282b8-f3f5-4c6e-8a1c-69e2034d319d for RaftStorage:Storage Directory /tmp/workdir/hadoop-ozone/integration-test/target/test-dir/MiniOzoneClusterImpl-d90cfd36-4d9c-40bf-863f-665d19222a86/datanode-6/data/ratis/08a282b8-f3f5-4c6e-8a1c-69e2034d319d
2019-07-13 14:35:49,762 INFO  server.RaftServerConfigKeys (ConfUtils.java:logGet(43)) - raft.server.log.queue.byte-limit = 2147483647 (custom)
2019-07-13 14:35:49,762 INFO  server.RaftServerConfigKeys (ConfUtils.java:logGet(43)) - raft.server.log.queue.element-limit = 1024 (custom)
2019-07-13 14:35:49,763 INFO  server.RaftServerConfigKeys (ConfUtils.java:logGet(43)) - raft.server.log.segment.size.max = 1048576 (custom)
2019-07-13 14:35:49,763 INFO  server.RaftServerConfigKeys (ConfUtils.java:logGet(43)) - raft.server.log.preallocated.size = 16384 (custom)
2019-07-13 14:35:49,763 INFO  server.RaftServerConfigKeys (ConfUtils.java:logGet(43)) - raft.server.log.write.buffer.size = 33554432 (custom)
2019-07-13 14:35:49,763 INFO  server.RaftServerConfigKeys (ConfUtils.java:logGet(43)) - raft.server.log.force.sync.num = 128 (default)
2019-07-13 14:35:49,763 INFO  server.RaftServerConfigKeys (ConfUtils.java:logGet(43)) - raft.server.log.statemachine.data.sync = true (default)
2019-07-13 14:35:49,763 INFO  server.RaftServerConfigKeys (ConfUtils.java:logGet(43)) - raft.server.log.statemachine.data.sync.timeout = 10s (default)
2019-07-13 14:35:49,764 INFO  server.RaftServerConfigKeys (ConfUtils.java:logGet(43)) - raft.server.log.statemachine.data.sync.timeout.retry = -1 (default)
2019-07-13 14:35:49,764 INFO  server.RaftServerConfigKeys (ConfUtils.java:logGet(43)) - raft.server.log.statemachine.data.caching.enabled = true (custom)
2019-07-13 14:35:49,764 INFO  segmented.SegmentedRaftLogWorker (SegmentedRaftLogWorker.java:lambda$new$0(132)) - c91fad2c-055b-4e28-9a69-d7c44c729cdb-SegmentedRaftLogWorker:Storage Directory /tmp/workdir/hadoop-ozone/integration-test/target/test-dir/MiniOzoneClusterImpl-d90cfd36-4d9c-40bf-863f-665d19222a86/datanode-6/data/ratis/08a282b8-f3f5-4c6e-8a1c-69e2034d319d: flushIndex: setUnconditionally 0 -> -1
2019-07-13 14:35:49,765 INFO  server.RaftServerConfigKeys (ConfUtils.java:logGet(43)) - raft.server.snapshot.auto.trigger.enabled = true (custom)
2019-07-13 14:35:49,765 INFO  server.RaftServerConfigKeys (ConfUtils.java:logGet(43)) - raft.server.snapshot.auto.trigger.threshold = 10000 (custom)
2019-07-13 14:35:49,765 INFO  server.RaftServerConfigKeys (ConfUtils.java:logGet(43)) - raft.server.retrycache.expirytime = 600000ms (custom)
2019-07-13 14:35:49,765 INFO  impl.RaftServerImpl (RaftServerImpl.java:start(180)) - c91fad2c-055b-4e28-9a69-d7c44c729cdb: start group-69E2034D319D
2019-07-13 14:35:49,765 INFO  impl.RaftServerImpl (RaftServerImpl.java:setRole(171)) - c91fad2c-055b-4e28-9a69-d7c44c729cdb:group-69E2034D319D changes role from null to FOLLOWER at term 0 for startAsFollower
2019-07-13 14:35:49,765 INFO  impl.RoleInfo (RoleInfo.java:updateAndGet(143)) - c91fad2c-055b-4e28-9a69-d7c44c729cdb: start FollowerState
2019-07-13 14:35:49,766 INFO  util.JmxRegister (JmxRegister.java:tryRegister(44)) - Successfully registered JMX Bean with object name Ratis:service=RaftServer,group=group-69E2034D319D,id=c91fad2c-055b-4e28-9a69-d7c44c729cdb
2019-07-13 14:35:49,768 INFO  pipeline.PipelineStateManager (PipelineStateManager.java:addPipeline(56)) - Created pipeline Pipeline[ Id: 08a282b8-f3f5-4c6e-8a1c-69e2034d319d, Nodes: c91fad2c-055b-4e28-9a69-d7c44c729cdb{ip: 192.168.5.172, host: trunk-nightly-mhs6z-4061744966, networkLocation: /default-rack, certSerialId: null}, Type:RATIS, Factor:ONE, State:OPEN]
2019-07-13 14:35:50,722 INFO  ozone.MiniOzoneClusterImpl (MiniOzoneClusterImpl.java:lambda$waitForClusterToBeReady$0(142)) - Cluster is ready. Got 7 of 7 DN Heartbeats.
2019-07-13 14:35:50,773 INFO  rpc.RpcClient (RpcClient.java:createVolume(287)) - Creating Volume: testblockoutputstream, with jenkins1000 as owner.
2019-07-13 14:35:50,800 INFO  rpc.RpcClient (RpcClient.java:createBucket(424)) - Creating Bucket: testblockoutputstream/testblockoutputstream, with Versioning false and Storage Type set to DISK and Encryption set to false 
2019-07-13 14:35:50,831 INFO  client.GrpcClientProtocolClient (GrpcClientProtocolClient.java:onNext(255)) - client-0BECF66D1AD7->c91fad2c-055b-4e28-9a69-d7c44c729cdb: receive RaftClientReply:client-0BECF66D1AD7->c91fad2c-055b-4e28-9a69-d7c44c729cdb@group-69E2034D319D, cid=148, FAILED org.apache.ratis.protocol.NotLeaderException: Server c91fad2c-055b-4e28-9a69-d7c44c729cdb is not the leader (null). Request must be sent to leader., logIndex=0, commits[c91fad2c-055b-4e28-9a69-d7c44c729cdb:c-1]
2019-07-13 14:35:51,593 INFO  container.ReplicationManager (ReplicationManager.java:start(155)) - Starting Replication Monitor Thread.
2019-07-13 14:35:51,596 INFO  container.ReplicationManager (ReplicationManager.java:run(207)) - Replication Monitor Thread took 0 milliseconds for processing 1 containers.
2019-07-13 14:35:52,846 INFO  client.GrpcClientProtocolClient (GrpcClientProtocolClient.java:onNext(255)) - client-0BECF66D1AD7->c91fad2c-055b-4e28-9a69-d7c44c729cdb: receive RaftClientReply:client-0BECF66D1AD7->c91fad2c-055b-4e28-9a69-d7c44c729cdb@group-69E2034D319D, cid=148, FAILED org.apache.ratis.protocol.NotLeaderException: Server c91fad2c-055b-4e28-9a69-d7c44c729cdb is not the leader (null). Request must be sent to leader., logIndex=0, commits[c91fad2c-055b-4e28-9a69-d7c44c729cdb:c-1]
2019-07-13 14:35:53,672 INFO  impl.FollowerState (FollowerState.java:run(106)) - 6fdffdc6-5482-4d35-a29b-f5491da76398:group-DB106829AF15 changes to CANDIDATE, lastRpcTime:5038, electionTimeout:5038ms
2019-07-13 14:35:53,673 INFO  impl.RoleInfo (RoleInfo.java:shutdownFollowerState(121)) - 6fdffdc6-5482-4d35-a29b-f5491da76398: shutdown FollowerState
2019-07-13 14:35:53,673 INFO  impl.RaftServerImpl (RaftServerImpl.java:setRole(171)) - 6fdffdc6-5482-4d35-a29b-f5491da76398:group-DB106829AF15 changes role from FOLLOWER to CANDIDATE at term 0 for changeToCandidate
2019-07-13 14:35:53,673 INFO  impl.RoleInfo (RoleInfo.java:updateAndGet(143)) - 6fdffdc6-5482-4d35-a29b-f5491da76398: start LeaderElection
2019-07-13 14:35:53,687 INFO  impl.LeaderElection (LeaderElection.java:askForVotes(181)) - 6fdffdc6-5482-4d35-a29b-f5491da76398:group-DB106829AF15:LeaderElection54: begin an election at term 1 for -1: [6fdffdc6-5482-4d35-a29b-f5491da76398:192.168.5.172:39529], old=null
2019-07-13 14:35:53,687 INFO  impl.RoleInfo (RoleInfo.java:shutdownLeaderElection(134)) - 6fdffdc6-5482-4d35-a29b-f5491da76398: shutdown LeaderElection
2019-07-13 14:35:53,688 INFO  impl.RaftServerImpl (RaftServerImpl.java:setRole(171)) - 6fdffdc6-5482-4d35-a29b-f5491da76398:group-DB106829AF15 changes role from CANDIDATE to LEADER at term 1 for changeToLeader
2019-07-13 14:35:53,688 INFO  impl.RaftServerImpl (ServerState.java:setLeader(263)) - 6fdffdc6-5482-4d35-a29b-f5491da76398:group-DB106829AF15 change Leader from null to 6fdffdc6-5482-4d35-a29b-f5491da76398 at term 1 for becomeLeader, leader elected after 5059ms
2019-07-13 14:35:53,688 INFO  server.RaftServerConfigKeys (ConfUtils.java:logGet(43)) - raft.server.staging.catchup.gap = 1000 (default)
2019-07-13 14:35:53,688 INFO  server.RaftServerConfigKeys (ConfUtils.java:logGet(43)) - raft.server.rpc.sleep.time = 25ms (default)
2019-07-13 14:35:53,688 INFO  server.RaftServerConfigKeys (ConfUtils.java:logGet(43)) - raft.server.write.element-limit = 4096 (default)
2019-07-13 14:35:53,688 INFO  server.RaftServerConfigKeys (ConfUtils.java:logGet(43)) - raft.server.watch.timeout = 10s (default)
2019-07-13 14:35:53,689 INFO  server.RaftServerConfigKeys (ConfUtils.java:logGet(43)) - raft.server.watch.timeout.denomination = 1s (default)
2019-07-13 14:35:53,689 INFO  server.RaftServerConfigKeys (ConfUtils.java:logGet(43)) - raft.server.watch.element-limit = 65536 (default)
2019-07-13 14:35:53,689 INFO  impl.RoleInfo (RoleInfo.java:updateAndGet(143)) - 6fdffdc6-5482-4d35-a29b-f5491da76398: start LeaderState
2019-07-13 14:35:53,689 INFO  segmented.SegmentedRaftLogWorker (SegmentedRaftLogWorker.java:startLogSegment(380)) - 6fdffdc6-5482-4d35-a29b-f5491da76398-SegmentedRaftLogWorker:Storage Directory /tmp/workdir/hadoop-ozone/integration-test/target/test-dir/MiniOzoneClusterImpl-d90cfd36-4d9c-40bf-863f-665d19222a86/datanode-0/data/ratis/c6607a92-0b7e-4364-9716-db106829af15: Starting segment from index:0
2019-07-13 14:35:53,690 INFO  impl.RaftServerImpl (ServerState.java:setRaftConf(361)) - 6fdffdc6-5482-4d35-a29b-f5491da76398:group-DB106829AF15 set configuration 0: [6fdffdc6-5482-4d35-a29b-f5491da76398:192.168.5.172:39529], old=null at 0
2019-07-13 14:35:53,712 INFO  segmented.SegmentedRaftLogWorker (SegmentedRaftLogWorker.java:execute(569)) - 6fdffdc6-5482-4d35-a29b-f5491da76398-SegmentedRaftLogWorker:Storage Directory /tmp/workdir/hadoop-ozone/integration-test/target/test-dir/MiniOzoneClusterImpl-d90cfd36-4d9c-40bf-863f-665d19222a86/datanode-0/data/ratis/c6607a92-0b7e-4364-9716-db106829af15: created new log segment /tmp/workdir/hadoop-ozone/integration-test/target/test-dir/MiniOzoneClusterImpl-d90cfd36-4d9c-40bf-863f-665d19222a86/datanode-0/data/ratis/c6607a92-0b7e-4364-9716-db106829af15/current/log_inprogress_0
2019-07-13 14:35:53,874 INFO  impl.FollowerState (FollowerState.java:run(106)) - bdd6b5ff-7339-4f7a-9308-21a615dbed7d:group-1D9A71DF64C7 changes to CANDIDATE, lastRpcTime:5052, electionTimeout:5052ms
2019-07-13 14:35:53,875 INFO  impl.RoleInfo (RoleInfo.java:shutdownFollowerState(121)) - bdd6b5ff-7339-4f7a-9308-21a615dbed7d: shutdown FollowerState
2019-07-13 14:35:53,875 INFO  impl.RaftServerImpl (RaftServerImpl.java:setRole(171)) - bdd6b5ff-7339-4f7a-9308-21a615dbed7d:group-1D9A71DF64C7 changes role from FOLLOWER to CANDIDATE at term 0 for changeToCandidate
2019-07-13 14:35:53,875 INFO  impl.RoleInfo (RoleInfo.java:updateAndGet(143)) - bdd6b5ff-7339-4f7a-9308-21a615dbed7d: start LeaderElection
2019-07-13 14:35:53,895 INFO  impl.LeaderElection (LeaderElection.java:askForVotes(181)) - bdd6b5ff-7339-4f7a-9308-21a615dbed7d:group-1D9A71DF64C7:LeaderElection55: begin an election at term 1 for -1: [bdd6b5ff-7339-4f7a-9308-21a615dbed7d:192.168.5.172:42953], old=null
2019-07-13 14:35:53,895 INFO  impl.RoleInfo (RoleInfo.java:shutdownLeaderElection(134)) - bdd6b5ff-7339-4f7a-9308-21a615dbed7d: shutdown LeaderElection
2019-07-13 14:35:53,895 INFO  impl.RaftServerImpl (RaftServerImpl.java:setRole(171)) - bdd6b5ff-7339-4f7a-9308-21a615dbed7d:group-1D9A71DF64C7 changes role from CANDIDATE to LEADER at term 1 for changeToLeader
2019-07-13 14:35:53,895 INFO  impl.RaftServerImpl (ServerState.java:setLeader(263)) - bdd6b5ff-7339-4f7a-9308-21a615dbed7d:group-1D9A71DF64C7 change Leader from null to bdd6b5ff-7339-4f7a-9308-21a615dbed7d at term 1 for becomeLeader, leader elected after 5077ms
2019-07-13 14:35:53,896 INFO  server.RaftServerConfigKeys (ConfUtils.java:logGet(43)) - raft.server.staging.catchup.gap = 1000 (default)
2019-07-13 14:35:53,896 INFO  server.RaftServerConfigKeys (ConfUtils.java:logGet(43)) - raft.server.rpc.sleep.time = 25ms (default)
2019-07-13 14:35:53,896 INFO  server.RaftServerConfigKeys (ConfUtils.java:logGet(43)) - raft.server.write.element-limit = 4096 (default)
2019-07-13 14:35:53,896 INFO  server.RaftServerConfigKeys (ConfUtils.java:logGet(43)) - raft.server.watch.timeout = 10s (default)
2019-07-13 14:35:53,896 INFO  server.RaftServerConfigKeys (ConfUtils.java:logGet(43)) - raft.server.watch.timeout.denomination = 1s (default)
2019-07-13 14:35:53,896 INFO  server.RaftServerConfigKeys (ConfUtils.java:logGet(43)) - raft.server.watch.element-limit = 65536 (default)
2019-07-13 14:35:53,897 INFO  impl.RoleInfo (RoleInfo.java:updateAndGet(143)) - bdd6b5ff-7339-4f7a-9308-21a615dbed7d: start LeaderState
2019-07-13 14:35:53,897 INFO  segmented.SegmentedRaftLogWorker (SegmentedRaftLogWorker.java:startLogSegment(380)) - bdd6b5ff-7339-4f7a-9308-21a615dbed7d-SegmentedRaftLogWorker:Storage Directory /tmp/workdir/hadoop-ozone/integration-test/target/test-dir/MiniOzoneClusterImpl-d90cfd36-4d9c-40bf-863f-665d19222a86/datanode-1/data/ratis/a7402c4c-5757-40ef-b8f2-1d9a71df64c7: Starting segment from index:0
2019-07-13 14:35:53,897 INFO  impl.RaftServerImpl (ServerState.java:setRaftConf(361)) - bdd6b5ff-7339-4f7a-9308-21a615dbed7d:group-1D9A71DF64C7 set configuration 0: [bdd6b5ff-7339-4f7a-9308-21a615dbed7d:192.168.5.172:42953], old=null at 0
2019-07-13 14:35:53,920 INFO  segmented.SegmentedRaftLogWorker (SegmentedRaftLogWorker.java:execute(569)) - bdd6b5ff-7339-4f7a-9308-21a615dbed7d-SegmentedRaftLogWorker:Storage Directory /tmp/workdir/hadoop-ozone/integration-test/target/test-dir/MiniOzoneClusterImpl-d90cfd36-4d9c-40bf-863f-665d19222a86/datanode-1/data/ratis/a7402c4c-5757-40ef-b8f2-1d9a71df64c7: created new log segment /tmp/workdir/hadoop-ozone/integration-test/target/test-dir/MiniOzoneClusterImpl-d90cfd36-4d9c-40bf-863f-665d19222a86/datanode-1/data/ratis/a7402c4c-5757-40ef-b8f2-1d9a71df64c7/current/log_inprogress_0
2019-07-13 14:35:54,000 INFO  impl.FollowerState (FollowerState.java:run(106)) - d416d95b-33ca-4dc1-b007-e682c8561ca3:group-961472EF6D28 changes to CANDIDATE, lastRpcTime:5009, electionTimeout:5009ms
2019-07-13 14:35:54,000 INFO  impl.RoleInfo (RoleInfo.java:shutdownFollowerState(121)) - d416d95b-33ca-4dc1-b007-e682c8561ca3: shutdown FollowerState
2019-07-13 14:35:54,000 INFO  impl.RaftServerImpl (RaftServerImpl.java:setRole(171)) - d416d95b-33ca-4dc1-b007-e682c8561ca3:group-961472EF6D28 changes role from FOLLOWER to CANDIDATE at term 0 for changeToCandidate
2019-07-13 14:35:54,000 INFO  impl.RoleInfo (RoleInfo.java:updateAndGet(143)) - d416d95b-33ca-4dc1-b007-e682c8561ca3: start LeaderElection
2019-07-13 14:35:54,012 INFO  impl.LeaderElection (LeaderElection.java:askForVotes(181)) - d416d95b-33ca-4dc1-b007-e682c8561ca3:group-961472EF6D28:LeaderElection56: begin an election at term 1 for -1: [d416d95b-33ca-4dc1-b007-e682c8561ca3:192.168.5.172:37252], old=null
2019-07-13 14:35:54,012 INFO  impl.RoleInfo (RoleInfo.java:shutdownLeaderElection(134)) - d416d95b-33ca-4dc1-b007-e682c8561ca3: shutdown LeaderElection
2019-07-13 14:35:54,012 INFO  impl.RaftServerImpl (RaftServerImpl.java:setRole(171)) - d416d95b-33ca-4dc1-b007-e682c8561ca3:group-961472EF6D28 changes role from CANDIDATE to LEADER at term 1 for changeToLeader
2019-07-13 14:35:54,012 INFO  impl.RaftServerImpl (ServerState.java:setLeader(263)) - d416d95b-33ca-4dc1-b007-e682c8561ca3:group-961472EF6D28 change Leader from null to d416d95b-33ca-4dc1-b007-e682c8561ca3 at term 1 for becomeLeader, leader elected after 5027ms
2019-07-13 14:35:54,013 INFO  server.RaftServerConfigKeys (ConfUtils.java:logGet(43)) - raft.server.staging.catchup.gap = 1000 (default)
2019-07-13 14:35:54,013 INFO  server.RaftServerConfigKeys (ConfUtils.java:logGet(43)) - raft.server.rpc.sleep.time = 25ms (default)
2019-07-13 14:35:54,013 INFO  server.RaftServerConfigKeys (ConfUtils.java:logGet(43)) - raft.server.write.element-limit = 4096 (default)
2019-07-13 14:35:54,013 INFO  server.RaftServerConfigKeys (ConfUtils.java:logGet(43)) - raft.server.watch.timeout = 10s (default)
2019-07-13 14:35:54,013 INFO  server.RaftServerConfigKeys (ConfUtils.java:logGet(43)) - raft.server.watch.timeout.denomination = 1s (default)
2019-07-13 14:35:54,013 INFO  server.RaftServerConfigKeys (ConfUtils.java:logGet(43)) - raft.server.watch.element-limit = 65536 (default)
2019-07-13 14:35:54,014 INFO  impl.RoleInfo (RoleInfo.java:updateAndGet(143)) - d416d95b-33ca-4dc1-b007-e682c8561ca3: start LeaderState
2019-07-13 14:35:54,014 INFO  segmented.SegmentedRaftLogWorker (SegmentedRaftLogWorker.java:startLogSegment(380)) - d416d95b-33ca-4dc1-b007-e682c8561ca3-SegmentedRaftLogWorker:Storage Directory /tmp/workdir/hadoop-ozone/integration-test/target/test-dir/MiniOzoneClusterImpl-d90cfd36-4d9c-40bf-863f-665d19222a86/datanode-2/data/ratis/ec6e8b32-9bfe-4bc5-944b-961472ef6d28: Starting segment from index:0
2019-07-13 14:35:54,014 INFO  impl.RaftServerImpl (ServerState.java:setRaftConf(361)) - d416d95b-33ca-4dc1-b007-e682c8561ca3:group-961472EF6D28 set configuration 0: [d416d95b-33ca-4dc1-b007-e682c8561ca3:192.168.5.172:37252], old=null at 0
2019-07-13 14:35:54,036 INFO  segmented.SegmentedRaftLogWorker (SegmentedRaftLogWorker.java:execute(569)) - d416d95b-33ca-4dc1-b007-e682c8561ca3-SegmentedRaftLogWorker:Storage Directory /tmp/workdir/hadoop-ozone/integration-test/target/test-dir/MiniOzoneClusterImpl-d90cfd36-4d9c-40bf-863f-665d19222a86/datanode-2/data/ratis/ec6e8b32-9bfe-4bc5-944b-961472ef6d28: created new log segment /tmp/workdir/hadoop-ozone/integration-test/target/test-dir/MiniOzoneClusterImpl-d90cfd36-4d9c-40bf-863f-665d19222a86/datanode-2/data/ratis/ec6e8b32-9bfe-4bc5-944b-961472ef6d28/current/log_inprogress_0
2019-07-13 14:35:54,076 INFO  impl.FollowerState (FollowerState.java:run(106)) - d416d95b-33ca-4dc1-b007-e682c8561ca3:group-5FE958CE27DF changes to CANDIDATE, lastRpcTime:5046, electionTimeout:5046ms
2019-07-13 14:35:54,076 INFO  impl.RoleInfo (RoleInfo.java:shutdownFollowerState(121)) - d416d95b-33ca-4dc1-b007-e682c8561ca3: shutdown FollowerState
2019-07-13 14:35:54,077 INFO  impl.RaftServerImpl (RaftServerImpl.java:setRole(171)) - d416d95b-33ca-4dc1-b007-e682c8561ca3:group-5FE958CE27DF changes role from FOLLOWER to CANDIDATE at term 0 for changeToCandidate
2019-07-13 14:35:54,077 INFO  impl.RoleInfo (RoleInfo.java:updateAndGet(143)) - d416d95b-33ca-4dc1-b007-e682c8561ca3: start LeaderElection
2019-07-13 14:35:54,090 INFO  impl.LeaderElection (LeaderElection.java:askForVotes(181)) - d416d95b-33ca-4dc1-b007-e682c8561ca3:group-5FE958CE27DF:LeaderElection57: begin an election at term 1 for -1: [6fdffdc6-5482-4d35-a29b-f5491da76398:192.168.5.172:39529, bdd6b5ff-7339-4f7a-9308-21a615dbed7d:192.168.5.172:42953, d416d95b-33ca-4dc1-b007-e682c8561ca3:192.168.5.172:37252], old=null
2019-07-13 14:35:54,097 INFO  impl.RaftServerImpl (RaftServerImpl.java:setRole(171)) - bdd6b5ff-7339-4f7a-9308-21a615dbed7d:group-5FE958CE27DF changes role from FOLLOWER to FOLLOWER at term 1 for recognizeCandidate:d416d95b-33ca-4dc1-b007-e682c8561ca3
2019-07-13 14:35:54,097 INFO  impl.RaftServerImpl (RaftServerImpl.java:setRole(171)) - 6fdffdc6-5482-4d35-a29b-f5491da76398:group-5FE958CE27DF changes role from FOLLOWER to FOLLOWER at term 1 for recognizeCandidate:d416d95b-33ca-4dc1-b007-e682c8561ca3
2019-07-13 14:35:54,097 INFO  impl.RoleInfo (RoleInfo.java:shutdownFollowerState(121)) - bdd6b5ff-7339-4f7a-9308-21a615dbed7d: shutdown FollowerState
2019-07-13 14:35:54,098 INFO  impl.RoleInfo (RoleInfo.java:shutdownFollowerState(121)) - 6fdffdc6-5482-4d35-a29b-f5491da76398: shutdown FollowerState
2019-07-13 14:35:54,098 INFO  impl.FollowerState (FollowerState.java:run(114)) - bdd6b5ff-7339-4f7a-9308-21a615dbed7d: FollowerState was interrupted: java.lang.InterruptedException: sleep interrupted
2019-07-13 14:35:54,098 INFO  impl.RoleInfo (RoleInfo.java:updateAndGet(143)) - bdd6b5ff-7339-4f7a-9308-21a615dbed7d: start FollowerState
2019-07-13 14:35:54,098 INFO  impl.FollowerState (FollowerState.java:run(114)) - 6fdffdc6-5482-4d35-a29b-f5491da76398: FollowerState was interrupted: java.lang.InterruptedException: sleep interrupted
2019-07-13 14:35:54,098 INFO  impl.RoleInfo (RoleInfo.java:updateAndGet(143)) - 6fdffdc6-5482-4d35-a29b-f5491da76398: start FollowerState
2019-07-13 14:35:54,110 INFO  impl.LeaderElection (LeaderElection.java:logAndReturn(56)) - d416d95b-33ca-4dc1-b007-e682c8561ca3:group-5FE958CE27DF:LeaderElection57: Election PASSED; received 1 response(s) [d416d95b-33ca-4dc1-b007-e682c8561ca3<-bdd6b5ff-7339-4f7a-9308-21a615dbed7d#0:OK-t1] and 0 exception(s); d416d95b-33ca-4dc1-b007-e682c8561ca3:t1, leader=null, voted=d416d95b-33ca-4dc1-b007-e682c8561ca3, raftlog=d416d95b-33ca-4dc1-b007-e682c8561ca3-SegmentedRaftLog:OPENED:c-1,f-1,i0, conf=-1: [6fdffdc6-5482-4d35-a29b-f5491da76398:192.168.5.172:39529, bdd6b5ff-7339-4f7a-9308-21a615dbed7d:192.168.5.172:42953, d416d95b-33ca-4dc1-b007-e682c8561ca3:192.168.5.172:37252], old=null
2019-07-13 14:35:54,110 INFO  impl.RoleInfo (RoleInfo.java:shutdownLeaderElection(134)) - d416d95b-33ca-4dc1-b007-e682c8561ca3: shutdown LeaderElection
2019-07-13 14:35:54,110 INFO  impl.RaftServerImpl (RaftServerImpl.java:setRole(171)) - d416d95b-33ca-4dc1-b007-e682c8561ca3:group-5FE958CE27DF changes role from CANDIDATE to LEADER at term 1 for changeToLeader
2019-07-13 14:35:54,110 INFO  impl.RaftServerImpl (ServerState.java:setLeader(263)) - d416d95b-33ca-4dc1-b007-e682c8561ca3:group-5FE958CE27DF change Leader from null to d416d95b-33ca-4dc1-b007-e682c8561ca3 at term 1 for becomeLeader, leader elected after 5091ms
2019-07-13 14:35:54,110 INFO  server.RaftServerConfigKeys (ConfUtils.java:logGet(43)) - raft.server.staging.catchup.gap = 1000 (default)
2019-07-13 14:35:54,110 INFO  server.RaftServerConfigKeys (ConfUtils.java:logGet(43)) - raft.server.rpc.sleep.time = 25ms (default)
2019-07-13 14:35:54,111 INFO  server.RaftServerConfigKeys (ConfUtils.java:logGet(43)) - raft.server.write.element-limit = 4096 (default)
2019-07-13 14:35:54,111 INFO  server.RaftServerConfigKeys (ConfUtils.java:logGet(43)) - raft.server.watch.timeout = 10s (default)
2019-07-13 14:35:54,111 INFO  server.RaftServerConfigKeys (ConfUtils.java:logGet(43)) - raft.server.watch.timeout.denomination = 1s (default)
2019-07-13 14:35:54,111 INFO  server.RaftServerConfigKeys (ConfUtils.java:logGet(43)) - raft.server.watch.element-limit = 65536 (default)
2019-07-13 14:35:54,111 INFO  server.RaftServerConfigKeys (ConfUtils.java:logGet(43)) - raft.server.log.appender.snapshot.chunk.size.max = 16MB (=16777216) (default)
2019-07-13 14:35:54,112 INFO  server.RaftServerConfigKeys (ConfUtils.java:logGet(43)) - raft.server.log.appender.buffer.byte-limit = 33554432 (custom)
2019-07-13 14:35:54,112 INFO  server.RaftServerConfigKeys (ConfUtils.java:logGet(43)) - raft.server.log.appender.buffer.element-limit = 1 (custom)
2019-07-13 14:35:54,112 INFO  grpc.GrpcConfigKeys$Server (ConfUtils.java:logGet(43)) - raft.grpc.server.leader.outstanding.appends.max = 128 (default)
2019-07-13 14:35:54,112 INFO  server.RaftServerConfigKeys (ConfUtils.java:logGet(43)) - raft.server.rpc.request.timeout = 3000ms (default)
2019-07-13 14:35:54,112 INFO  server.RaftServerConfigKeys (ConfUtils.java:logGet(43)) - raft.server.log.appender.install.snapshot.enabled = false (custom)
2019-07-13 14:35:54,113 INFO  server.RaftServerConfigKeys (ConfUtils.java:logGet(43)) - raft.server.log.appender.snapshot.chunk.size.max = 16MB (=16777216) (default)
2019-07-13 14:35:54,113 INFO  server.RaftServerConfigKeys (ConfUtils.java:logGet(43)) - raft.server.log.appender.buffer.byte-limit = 33554432 (custom)
2019-07-13 14:35:54,113 INFO  server.RaftServerConfigKeys (ConfUtils.java:logGet(43)) - raft.server.log.appender.buffer.element-limit = 1 (custom)
2019-07-13 14:35:54,113 INFO  grpc.GrpcConfigKeys$Server (ConfUtils.java:logGet(43)) - raft.grpc.server.leader.outstanding.appends.max = 128 (default)
2019-07-13 14:35:54,114 INFO  server.RaftServerConfigKeys (ConfUtils.java:logGet(43)) - raft.server.rpc.request.timeout = 3000ms (default)
2019-07-13 14:35:54,114 INFO  server.RaftServerConfigKeys (ConfUtils.java:logGet(43)) - raft.server.log.appender.install.snapshot.enabled = false (custom)
2019-07-13 14:35:54,114 INFO  impl.RoleInfo (RoleInfo.java:updateAndGet(143)) - d416d95b-33ca-4dc1-b007-e682c8561ca3: start LeaderState
2019-07-13 14:35:54,115 INFO  segmented.SegmentedRaftLogWorker (SegmentedRaftLogWorker.java:startLogSegment(380)) - d416d95b-33ca-4dc1-b007-e682c8561ca3-SegmentedRaftLogWorker:Storage Directory /tmp/workdir/hadoop-ozone/integration-test/target/test-dir/MiniOzoneClusterImpl-d90cfd36-4d9c-40bf-863f-665d19222a86/datanode-2/data/ratis/51742aea-47ca-4e5d-abc8-5fe958ce27df: Starting segment from index:0
2019-07-13 14:35:54,116 INFO  impl.RaftServerImpl (ServerState.java:setRaftConf(361)) - d416d95b-33ca-4dc1-b007-e682c8561ca3:group-5FE958CE27DF set configuration 0: [6fdffdc6-5482-4d35-a29b-f5491da76398:192.168.5.172:39529, bdd6b5ff-7339-4f7a-9308-21a615dbed7d:192.168.5.172:42953, d416d95b-33ca-4dc1-b007-e682c8561ca3:192.168.5.172:37252], old=null at 0
2019-07-13 14:35:54,138 INFO  impl.RaftServerImpl (ServerState.java:setLeader(263)) - bdd6b5ff-7339-4f7a-9308-21a615dbed7d:group-5FE958CE27DF change Leader from null to d416d95b-33ca-4dc1-b007-e682c8561ca3 at term 1 for appendEntries, leader elected after 5119ms
2019-07-13 14:35:54,138 INFO  impl.RaftServerImpl (ServerState.java:setLeader(263)) - 6fdffdc6-5482-4d35-a29b-f5491da76398:group-5FE958CE27DF change Leader from null to d416d95b-33ca-4dc1-b007-e682c8561ca3 at term 1 for appendEntries, leader elected after 5119ms
2019-07-13 14:35:54,141 INFO  impl.RaftServerImpl (ServerState.java:setRaftConf(361)) - bdd6b5ff-7339-4f7a-9308-21a615dbed7d:group-5FE958CE27DF set configuration 0: [6fdffdc6-5482-4d35-a29b-f5491da76398:192.168.5.172:39529, bdd6b5ff-7339-4f7a-9308-21a615dbed7d:192.168.5.172:42953, d416d95b-33ca-4dc1-b007-e682c8561ca3:192.168.5.172:37252], old=null at 0
2019-07-13 14:35:54,141 INFO  impl.RaftServerImpl (ServerState.java:setRaftConf(361)) - 6fdffdc6-5482-4d35-a29b-f5491da76398:group-5FE958CE27DF set configuration 0: [6fdffdc6-5482-4d35-a29b-f5491da76398:192.168.5.172:39529, bdd6b5ff-7339-4f7a-9308-21a615dbed7d:192.168.5.172:42953, d416d95b-33ca-4dc1-b007-e682c8561ca3:192.168.5.172:37252], old=null at 0
2019-07-13 14:35:54,141 INFO  segmented.SegmentedRaftLogWorker (SegmentedRaftLogWorker.java:startLogSegment(380)) - bdd6b5ff-7339-4f7a-9308-21a615dbed7d-SegmentedRaftLogWorker:Storage Directory /tmp/workdir/hadoop-ozone/integration-test/target/test-dir/MiniOzoneClusterImpl-d90cfd36-4d9c-40bf-863f-665d19222a86/datanode-1/data/ratis/51742aea-47ca-4e5d-abc8-5fe958ce27df: Starting segment from index:0
2019-07-13 14:35:54,141 INFO  segmented.SegmentedRaftLogWorker (SegmentedRaftLogWorker.java:startLogSegment(380)) - 6fdffdc6-5482-4d35-a29b-f5491da76398-SegmentedRaftLogWorker:Storage Directory /tmp/workdir/hadoop-ozone/integration-test/target/test-dir/MiniOzoneClusterImpl-d90cfd36-4d9c-40bf-863f-665d19222a86/datanode-0/data/ratis/51742aea-47ca-4e5d-abc8-5fe958ce27df: Starting segment from index:0
2019-07-13 14:35:54,143 INFO  segmented.SegmentedRaftLogWorker (SegmentedRaftLogWorker.java:execute(569)) - d416d95b-33ca-4dc1-b007-e682c8561ca3-SegmentedRaftLogWorker:Storage Directory /tmp/workdir/hadoop-ozone/integration-test/target/test-dir/MiniOzoneClusterImpl-d90cfd36-4d9c-40bf-863f-665d19222a86/datanode-2/data/ratis/51742aea-47ca-4e5d-abc8-5fe958ce27df: created new log segment /tmp/workdir/hadoop-ozone/integration-test/target/test-dir/MiniOzoneClusterImpl-d90cfd36-4d9c-40bf-863f-665d19222a86/datanode-2/data/ratis/51742aea-47ca-4e5d-abc8-5fe958ce27df/current/log_inprogress_0
2019-07-13 14:35:54,162 INFO  segmented.SegmentedRaftLogWorker (SegmentedRaftLogWorker.java:execute(569)) - bdd6b5ff-7339-4f7a-9308-21a615dbed7d-SegmentedRaftLogWorker:Storage Directory /tmp/workdir/hadoop-ozone/integration-test/target/test-dir/MiniOzoneClusterImpl-d90cfd36-4d9c-40bf-863f-665d19222a86/datanode-1/data/ratis/51742aea-47ca-4e5d-abc8-5fe958ce27df: created new log segment /tmp/workdir/hadoop-ozone/integration-test/target/test-dir/MiniOzoneClusterImpl-d90cfd36-4d9c-40bf-863f-665d19222a86/datanode-1/data/ratis/51742aea-47ca-4e5d-abc8-5fe958ce27df/current/log_inprogress_0
2019-07-13 14:35:54,165 INFO  segmented.SegmentedRaftLogWorker (SegmentedRaftLogWorker.java:execute(569)) - 6fdffdc6-5482-4d35-a29b-f5491da76398-SegmentedRaftLogWorker:Storage Directory /tmp/workdir/hadoop-ozone/integration-test/target/test-dir/MiniOzoneClusterImpl-d90cfd36-4d9c-40bf-863f-665d19222a86/datanode-0/data/ratis/51742aea-47ca-4e5d-abc8-5fe958ce27df: created new log segment /tmp/workdir/hadoop-ozone/integration-test/target/test-dir/MiniOzoneClusterImpl-d90cfd36-4d9c-40bf-863f-665d19222a86/datanode-0/data/ratis/51742aea-47ca-4e5d-abc8-5fe958ce27df/current/log_inprogress_0
2019-07-13 14:35:54,333 INFO  impl.FollowerState (FollowerState.java:run(106)) - 2483fc38-7b26-4aef-95cf-438e43477517:group-2DDCF8B305D9 changes to CANDIDATE, lastRpcTime:5125, electionTimeout:5125ms
2019-07-13 14:35:54,333 INFO  impl.RoleInfo (RoleInfo.java:shutdownFollowerState(121)) - 2483fc38-7b26-4aef-95cf-438e43477517: shutdown FollowerState
2019-07-13 14:35:54,333 INFO  impl.RaftServerImpl (RaftServerImpl.java:setRole(171)) - 2483fc38-7b26-4aef-95cf-438e43477517:group-2DDCF8B305D9 changes role from FOLLOWER to CANDIDATE at term 0 for changeToCandidate
2019-07-13 14:35:54,334 INFO  impl.RoleInfo (RoleInfo.java:updateAndGet(143)) - 2483fc38-7b26-4aef-95cf-438e43477517: start LeaderElection
2019-07-13 14:35:54,346 INFO  impl.LeaderElection (LeaderElection.java:askForVotes(181)) - 2483fc38-7b26-4aef-95cf-438e43477517:group-2DDCF8B305D9:LeaderElection58: begin an election at term 1 for -1: [2483fc38-7b26-4aef-95cf-438e43477517:192.168.5.172:33674], old=null
2019-07-13 14:35:54,346 INFO  impl.RoleInfo (RoleInfo.java:shutdownLeaderElection(134)) - 2483fc38-7b26-4aef-95cf-438e43477517: shutdown LeaderElection
2019-07-13 14:35:54,346 INFO  impl.RaftServerImpl (RaftServerImpl.java:setRole(171)) - 2483fc38-7b26-4aef-95cf-438e43477517:group-2DDCF8B305D9 changes role from CANDIDATE to LEADER at term 1 for changeToLeader
2019-07-13 14:35:54,346 INFO  impl.RaftServerImpl (ServerState.java:setLeader(263)) - 2483fc38-7b26-4aef-95cf-438e43477517:group-2DDCF8B305D9 change Leader from null to 2483fc38-7b26-4aef-95cf-438e43477517 at term 1 for becomeLeader, leader elected after 5142ms
2019-07-13 14:35:54,346 INFO  server.RaftServerConfigKeys (ConfUtils.java:logGet(43)) - raft.server.staging.catchup.gap = 1000 (default)
2019-07-13 14:35:54,346 INFO  server.RaftServerConfigKeys (ConfUtils.java:logGet(43)) - raft.server.rpc.sleep.time = 25ms (default)
2019-07-13 14:35:54,346 INFO  server.RaftServerConfigKeys (ConfUtils.java:logGet(43)) - raft.server.write.element-limit = 4096 (default)
2019-07-13 14:35:54,347 INFO  server.RaftServerConfigKeys (ConfUtils.java:logGet(43)) - raft.server.watch.timeout = 10s (default)
2019-07-13 14:35:54,347 INFO  server.RaftServerConfigKeys (ConfUtils.java:logGet(43)) - raft.server.watch.timeout.denomination = 1s (default)
2019-07-13 14:35:54,347 INFO  server.RaftServerConfigKeys (ConfUtils.java:logGet(43)) - raft.server.watch.element-limit = 65536 (default)
2019-07-13 14:35:54,347 INFO  impl.RoleInfo (RoleInfo.java:updateAndGet(143)) - 2483fc38-7b26-4aef-95cf-438e43477517: start LeaderState
2019-07-13 14:35:54,347 INFO  segmented.SegmentedRaftLogWorker (SegmentedRaftLogWorker.java:startLogSegment(380)) - 2483fc38-7b26-4aef-95cf-438e43477517-SegmentedRaftLogWorker:Storage Directory /tmp/workdir/hadoop-ozone/integration-test/target/test-dir/MiniOzoneClusterImpl-d90cfd36-4d9c-40bf-863f-665d19222a86/datanode-3/data/ratis/7e4b65ce-7714-4c09-9b68-2ddcf8b305d9: Starting segment from index:0
2019-07-13 14:35:54,348 INFO  impl.RaftServerImpl (ServerState.java:setRaftConf(361)) - 2483fc38-7b26-4aef-95cf-438e43477517:group-2DDCF8B305D9 set configuration 0: [2483fc38-7b26-4aef-95cf-438e43477517:192.168.5.172:33674], old=null at 0
2019-07-13 14:35:54,370 INFO  segmented.SegmentedRaftLogWorker (SegmentedRaftLogWorker.java:execute(569)) - 2483fc38-7b26-4aef-95cf-438e43477517-SegmentedRaftLogWorker:Storage Directory /tmp/workdir/hadoop-ozone/integration-test/target/test-dir/MiniOzoneClusterImpl-d90cfd36-4d9c-40bf-863f-665d19222a86/datanode-3/data/ratis/7e4b65ce-7714-4c09-9b68-2ddcf8b305d9: created new log segment /tmp/workdir/hadoop-ozone/integration-test/target/test-dir/MiniOzoneClusterImpl-d90cfd36-4d9c-40bf-863f-665d19222a86/datanode-3/data/ratis/7e4b65ce-7714-4c09-9b68-2ddcf8b305d9/current/log_inprogress_0
2019-07-13 14:35:54,510 INFO  impl.FollowerState (FollowerState.java:run(106)) - c1fc56de-d426-4465-b7de-d712fe9d51c3:group-61F796081A2F changes to CANDIDATE, lastRpcTime:5119, electionTimeout:5119ms
2019-07-13 14:35:54,510 INFO  impl.RoleInfo (RoleInfo.java:shutdownFollowerState(121)) - c1fc56de-d426-4465-b7de-d712fe9d51c3: shutdown FollowerState
2019-07-13 14:35:54,510 INFO  impl.RaftServerImpl (RaftServerImpl.java:setRole(171)) - c1fc56de-d426-4465-b7de-d712fe9d51c3:group-61F796081A2F changes role from FOLLOWER to CANDIDATE at term 0 for changeToCandidate
2019-07-13 14:35:54,510 INFO  impl.RoleInfo (RoleInfo.java:updateAndGet(143)) - c1fc56de-d426-4465-b7de-d712fe9d51c3: start LeaderElection
2019-07-13 14:35:54,530 INFO  impl.LeaderElection (LeaderElection.java:askForVotes(181)) - c1fc56de-d426-4465-b7de-d712fe9d51c3:group-61F796081A2F:LeaderElection59: begin an election at term 1 for -1: [c1fc56de-d426-4465-b7de-d712fe9d51c3:192.168.5.172:39415], old=null
2019-07-13 14:35:54,530 INFO  impl.RoleInfo (RoleInfo.java:shutdownLeaderElection(134)) - c1fc56de-d426-4465-b7de-d712fe9d51c3: shutdown LeaderElection
2019-07-13 14:35:54,530 INFO  impl.RaftServerImpl (RaftServerImpl.java:setRole(171)) - c1fc56de-d426-4465-b7de-d712fe9d51c3:group-61F796081A2F changes role from CANDIDATE to LEADER at term 1 for changeToLeader
2019-07-13 14:35:54,530 INFO  impl.RaftServerImpl (ServerState.java:setLeader(263)) - c1fc56de-d426-4465-b7de-d712fe9d51c3:group-61F796081A2F change Leader from null to c1fc56de-d426-4465-b7de-d712fe9d51c3 at term 1 for becomeLeader, leader elected after 5144ms
2019-07-13 14:35:54,530 INFO  server.RaftServerConfigKeys (ConfUtils.java:logGet(43)) - raft.server.staging.catchup.gap = 1000 (default)
2019-07-13 14:35:54,531 INFO  server.RaftServerConfigKeys (ConfUtils.java:logGet(43)) - raft.server.rpc.sleep.time = 25ms (default)
2019-07-13 14:35:54,531 INFO  server.RaftServerConfigKeys (ConfUtils.java:logGet(43)) - raft.server.write.element-limit = 4096 (default)
2019-07-13 14:35:54,531 INFO  server.RaftServerConfigKeys (ConfUtils.java:logGet(43)) - raft.server.watch.timeout = 10s (default)
2019-07-13 14:35:54,531 INFO  server.RaftServerConfigKeys (ConfUtils.java:logGet(43)) - raft.server.watch.timeout.denomination = 1s (default)
2019-07-13 14:35:54,531 INFO  server.RaftServerConfigKeys (ConfUtils.java:logGet(43)) - raft.server.watch.element-limit = 65536 (default)
2019-07-13 14:35:54,532 INFO  impl.RoleInfo (RoleInfo.java:updateAndGet(143)) - c1fc56de-d426-4465-b7de-d712fe9d51c3: start LeaderState
2019-07-13 14:35:54,532 INFO  segmented.SegmentedRaftLogWorker (SegmentedRaftLogWorker.java:startLogSegment(380)) - c1fc56de-d426-4465-b7de-d712fe9d51c3-SegmentedRaftLogWorker:Storage Directory /tmp/workdir/hadoop-ozone/integration-test/target/test-dir/MiniOzoneClusterImpl-d90cfd36-4d9c-40bf-863f-665d19222a86/datanode-4/data/ratis/ae369c54-bf5e-4957-a4a9-61f796081a2f: Starting segment from index:0
2019-07-13 14:35:54,532 INFO  impl.RaftServerImpl (ServerState.java:setRaftConf(361)) - c1fc56de-d426-4465-b7de-d712fe9d51c3:group-61F796081A2F set configuration 0: [c1fc56de-d426-4465-b7de-d712fe9d51c3:192.168.5.172:39415], old=null at 0
2019-07-13 14:35:54,555 INFO  segmented.SegmentedRaftLogWorker (SegmentedRaftLogWorker.java:execute(569)) - c1fc56de-d426-4465-b7de-d712fe9d51c3-SegmentedRaftLogWorker:Storage Directory /tmp/workdir/hadoop-ozone/integration-test/target/test-dir/MiniOzoneClusterImpl-d90cfd36-4d9c-40bf-863f-665d19222a86/datanode-4/data/ratis/ae369c54-bf5e-4957-a4a9-61f796081a2f: created new log segment /tmp/workdir/hadoop-ozone/integration-test/target/test-dir/MiniOzoneClusterImpl-d90cfd36-4d9c-40bf-863f-665d19222a86/datanode-4/data/ratis/ae369c54-bf5e-4957-a4a9-61f796081a2f/current/log_inprogress_0
2019-07-13 14:35:54,593 INFO  impl.FollowerState (FollowerState.java:run(106)) - c1fc56de-d426-4465-b7de-d712fe9d51c3:group-6BD8BC1BA742 changes to CANDIDATE, lastRpcTime:5015, electionTimeout:5015ms
2019-07-13 14:35:54,593 INFO  impl.RoleInfo (RoleInfo.java:shutdownFollowerState(121)) - c1fc56de-d426-4465-b7de-d712fe9d51c3: shutdown FollowerState
2019-07-13 14:35:54,594 INFO  impl.RaftServerImpl (RaftServerImpl.java:setRole(171)) - c1fc56de-d426-4465-b7de-d712fe9d51c3:group-6BD8BC1BA742 changes role from FOLLOWER to CANDIDATE at term 0 for changeToCandidate
2019-07-13 14:35:54,594 INFO  impl.RoleInfo (RoleInfo.java:updateAndGet(143)) - c1fc56de-d426-4465-b7de-d712fe9d51c3: start LeaderElection
2019-07-13 14:35:54,607 INFO  impl.LeaderElection (LeaderElection.java:askForVotes(181)) - c1fc56de-d426-4465-b7de-d712fe9d51c3:group-6BD8BC1BA742:LeaderElection60: begin an election at term 1 for -1: [6c44a25b-e972-4a0b-9f86-7784e2c59475:192.168.5.172:36569, 2483fc38-7b26-4aef-95cf-438e43477517:192.168.5.172:33674, c1fc56de-d426-4465-b7de-d712fe9d51c3:192.168.5.172:39415], old=null
2019-07-13 14:35:54,617 INFO  impl.RaftServerImpl (RaftServerImpl.java:setRole(171)) - 2483fc38-7b26-4aef-95cf-438e43477517:group-6BD8BC1BA742 changes role from FOLLOWER to FOLLOWER at term 1 for recognizeCandidate:c1fc56de-d426-4465-b7de-d712fe9d51c3
2019-07-13 14:35:54,617 INFO  impl.RaftServerImpl (RaftServerImpl.java:setRole(171)) - 6c44a25b-e972-4a0b-9f86-7784e2c59475:group-6BD8BC1BA742 changes role from FOLLOWER to FOLLOWER at term 1 for recognizeCandidate:c1fc56de-d426-4465-b7de-d712fe9d51c3
2019-07-13 14:35:54,617 INFO  impl.RoleInfo (RoleInfo.java:shutdownFollowerState(121)) - 2483fc38-7b26-4aef-95cf-438e43477517: shutdown FollowerState
2019-07-13 14:35:54,617 INFO  impl.RoleInfo (RoleInfo.java:shutdownFollowerState(121)) - 6c44a25b-e972-4a0b-9f86-7784e2c59475: shutdown FollowerState
2019-07-13 14:35:54,618 INFO  impl.FollowerState (FollowerState.java:run(114)) - 2483fc38-7b26-4aef-95cf-438e43477517: FollowerState was interrupted: java.lang.InterruptedException: sleep interrupted
2019-07-13 14:35:54,618 INFO  impl.RoleInfo (RoleInfo.java:updateAndGet(143)) - 6c44a25b-e972-4a0b-9f86-7784e2c59475: start FollowerState
2019-07-13 14:35:54,618 INFO  impl.RoleInfo (RoleInfo.java:updateAndGet(143)) - 2483fc38-7b26-4aef-95cf-438e43477517: start FollowerState
2019-07-13 14:35:54,618 INFO  impl.FollowerState (FollowerState.java:run(114)) - 6c44a25b-e972-4a0b-9f86-7784e2c59475: FollowerState was interrupted: java.lang.InterruptedException: sleep interrupted
2019-07-13 14:35:54,638 INFO  impl.LeaderElection (LeaderElection.java:logAndReturn(56)) - c1fc56de-d426-4465-b7de-d712fe9d51c3:group-6BD8BC1BA742:LeaderElection60: Election PASSED; received 1 response(s) [c1fc56de-d426-4465-b7de-d712fe9d51c3<-6c44a25b-e972-4a0b-9f86-7784e2c59475#0:OK-t1] and 0 exception(s); c1fc56de-d426-4465-b7de-d712fe9d51c3:t1, leader=null, voted=c1fc56de-d426-4465-b7de-d712fe9d51c3, raftlog=c1fc56de-d426-4465-b7de-d712fe9d51c3-SegmentedRaftLog:OPENED:c-1,f-1,i0, conf=-1: [6c44a25b-e972-4a0b-9f86-7784e2c59475:192.168.5.172:36569, 2483fc38-7b26-4aef-95cf-438e43477517:192.168.5.172:33674, c1fc56de-d426-4465-b7de-d712fe9d51c3:192.168.5.172:39415], old=null
2019-07-13 14:35:54,639 INFO  impl.RoleInfo (RoleInfo.java:shutdownLeaderElection(134)) - c1fc56de-d426-4465-b7de-d712fe9d51c3: shutdown LeaderElection
2019-07-13 14:35:54,639 INFO  impl.RaftServerImpl (RaftServerImpl.java:setRole(171)) - c1fc56de-d426-4465-b7de-d712fe9d51c3:group-6BD8BC1BA742 changes role from CANDIDATE to LEADER at term 1 for changeToLeader
2019-07-13 14:35:54,639 INFO  impl.RaftServerImpl (ServerState.java:setLeader(263)) - c1fc56de-d426-4465-b7de-d712fe9d51c3:group-6BD8BC1BA742 change Leader from null to c1fc56de-d426-4465-b7de-d712fe9d51c3 at term 1 for becomeLeader, leader elected after 5068ms
2019-07-13 14:35:54,639 INFO  server.RaftServerConfigKeys (ConfUtils.java:logGet(43)) - raft.server.staging.catchup.gap = 1000 (default)
2019-07-13 14:35:54,639 INFO  server.RaftServerConfigKeys (ConfUtils.java:logGet(43)) - raft.server.rpc.sleep.time = 25ms (default)
2019-07-13 14:35:54,639 INFO  server.RaftServerConfigKeys (ConfUtils.java:logGet(43)) - raft.server.write.element-limit = 4096 (default)
2019-07-13 14:35:54,639 INFO  server.RaftServerConfigKeys (ConfUtils.java:logGet(43)) - raft.server.watch.timeout = 10s (default)
2019-07-13 14:35:54,640 INFO  server.RaftServerConfigKeys (ConfUtils.java:logGet(43)) - raft.server.watch.timeout.denomination = 1s (default)
2019-07-13 14:35:54,640 INFO  server.RaftServerConfigKeys (ConfUtils.java:logGet(43)) - raft.server.watch.element-limit = 65536 (default)
2019-07-13 14:35:54,640 INFO  server.RaftServerConfigKeys (ConfUtils.java:logGet(43)) - raft.server.log.appender.snapshot.chunk.size.max = 16MB (=16777216) (default)
2019-07-13 14:35:54,640 INFO  server.RaftServerConfigKeys (ConfUtils.java:logGet(43)) - raft.server.log.appender.buffer.byte-limit = 33554432 (custom)
2019-07-13 14:35:54,640 INFO  server.RaftServerConfigKeys (ConfUtils.java:logGet(43)) - raft.server.log.appender.buffer.element-limit = 1 (custom)
2019-07-13 14:35:54,641 INFO  grpc.GrpcConfigKeys$Server (ConfUtils.java:logGet(43)) - raft.grpc.server.leader.outstanding.appends.max = 128 (default)
2019-07-13 14:35:54,641 INFO  server.RaftServerConfigKeys (ConfUtils.java:logGet(43)) - raft.server.rpc.request.timeout = 3000ms (default)
2019-07-13 14:35:54,641 INFO  server.RaftServerConfigKeys (ConfUtils.java:logGet(43)) - raft.server.log.appender.install.snapshot.enabled = false (custom)
2019-07-13 14:35:54,641 INFO  server.RaftServerConfigKeys (ConfUtils.java:logGet(43)) - raft.server.log.appender.snapshot.chunk.size.max = 16MB (=16777216) (default)
2019-07-13 14:35:54,641 INFO  server.RaftServerConfigKeys (ConfUtils.java:logGet(43)) - raft.server.log.appender.buffer.byte-limit = 33554432 (custom)
2019-07-13 14:35:54,642 INFO  server.RaftServerConfigKeys (ConfUtils.java:logGet(43)) - raft.server.log.appender.buffer.element-limit = 1 (custom)
2019-07-13 14:35:54,642 INFO  grpc.GrpcConfigKeys$Server (ConfUtils.java:logGet(43)) - raft.grpc.server.leader.outstanding.appends.max = 128 (default)
2019-07-13 14:35:54,642 INFO  server.RaftServerConfigKeys (ConfUtils.java:logGet(43)) - raft.server.rpc.request.timeout = 3000ms (default)
2019-07-13 14:35:54,642 INFO  server.RaftServerConfigKeys (ConfUtils.java:logGet(43)) - raft.server.log.appender.install.snapshot.enabled = false (custom)
2019-07-13 14:35:54,642 INFO  impl.RoleInfo (RoleInfo.java:updateAndGet(143)) - c1fc56de-d426-4465-b7de-d712fe9d51c3: start LeaderState
2019-07-13 14:35:54,643 INFO  segmented.SegmentedRaftLogWorker (SegmentedRaftLogWorker.java:startLogSegment(380)) - c1fc56de-d426-4465-b7de-d712fe9d51c3-SegmentedRaftLogWorker:Storage Directory /tmp/workdir/hadoop-ozone/integration-test/target/test-dir/MiniOzoneClusterImpl-d90cfd36-4d9c-40bf-863f-665d19222a86/datanode-4/data/ratis/a3724fc6-c782-4c6a-be9d-6bd8bc1ba742: Starting segment from index:0
2019-07-13 14:35:54,643 INFO  impl.RaftServerImpl (ServerState.java:setRaftConf(361)) - c1fc56de-d426-4465-b7de-d712fe9d51c3:group-6BD8BC1BA742 set configuration 0: [6c44a25b-e972-4a0b-9f86-7784e2c59475:192.168.5.172:36569, 2483fc38-7b26-4aef-95cf-438e43477517:192.168.5.172:33674, c1fc56de-d426-4465-b7de-d712fe9d51c3:192.168.5.172:39415], old=null at 0
2019-07-13 14:35:54,664 INFO  impl.RaftServerImpl (ServerState.java:setLeader(263)) - 6c44a25b-e972-4a0b-9f86-7784e2c59475:group-6BD8BC1BA742 change Leader from null to c1fc56de-d426-4465-b7de-d712fe9d51c3 at term 1 for appendEntries, leader elected after 5092ms
2019-07-13 14:35:54,665 INFO  impl.RaftServerImpl (ServerState.java:setLeader(263)) - 2483fc38-7b26-4aef-95cf-438e43477517:group-6BD8BC1BA742 change Leader from null to c1fc56de-d426-4465-b7de-d712fe9d51c3 at term 1 for appendEntries, leader elected after 5094ms
2019-07-13 14:35:54,668 INFO  segmented.SegmentedRaftLogWorker (SegmentedRaftLogWorker.java:execute(569)) - c1fc56de-d426-4465-b7de-d712fe9d51c3-SegmentedRaftLogWorker:Storage Directory /tmp/workdir/hadoop-ozone/integration-test/target/test-dir/MiniOzoneClusterImpl-d90cfd36-4d9c-40bf-863f-665d19222a86/datanode-4/data/ratis/a3724fc6-c782-4c6a-be9d-6bd8bc1ba742: created new log segment /tmp/workdir/hadoop-ozone/integration-test/target/test-dir/MiniOzoneClusterImpl-d90cfd36-4d9c-40bf-863f-665d19222a86/datanode-4/data/ratis/a3724fc6-c782-4c6a-be9d-6bd8bc1ba742/current/log_inprogress_0
2019-07-13 14:35:54,669 INFO  impl.RaftServerImpl (ServerState.java:setRaftConf(361)) - 6c44a25b-e972-4a0b-9f86-7784e2c59475:group-6BD8BC1BA742 set configuration 0: [6c44a25b-e972-4a0b-9f86-7784e2c59475:192.168.5.172:36569, 2483fc38-7b26-4aef-95cf-438e43477517:192.168.5.172:33674, c1fc56de-d426-4465-b7de-d712fe9d51c3:192.168.5.172:39415], old=null at 0
2019-07-13 14:35:54,669 INFO  segmented.SegmentedRaftLogWorker (SegmentedRaftLogWorker.java:startLogSegment(380)) - 6c44a25b-e972-4a0b-9f86-7784e2c59475-SegmentedRaftLogWorker:Storage Directory /tmp/workdir/hadoop-ozone/integration-test/target/test-dir/MiniOzoneClusterImpl-d90cfd36-4d9c-40bf-863f-665d19222a86/datanode-5/data/ratis/a3724fc6-c782-4c6a-be9d-6bd8bc1ba742: Starting segment from index:0
2019-07-13 14:35:54,669 INFO  impl.RaftServerImpl (ServerState.java:setRaftConf(361)) - 2483fc38-7b26-4aef-95cf-438e43477517:group-6BD8BC1BA742 set configuration 0: [6c44a25b-e972-4a0b-9f86-7784e2c59475:192.168.5.172:36569, 2483fc38-7b26-4aef-95cf-438e43477517:192.168.5.172:33674, c1fc56de-d426-4465-b7de-d712fe9d51c3:192.168.5.172:39415], old=null at 0
2019-07-13 14:35:54,670 INFO  segmented.SegmentedRaftLogWorker (SegmentedRaftLogWorker.java:startLogSegment(380)) - 2483fc38-7b26-4aef-95cf-438e43477517-SegmentedRaftLogWorker:Storage Directory /tmp/workdir/hadoop-ozone/integration-test/target/test-dir/MiniOzoneClusterImpl-d90cfd36-4d9c-40bf-863f-665d19222a86/datanode-3/data/ratis/a3724fc6-c782-4c6a-be9d-6bd8bc1ba742: Starting segment from index:0
2019-07-13 14:35:54,689 INFO  segmented.SegmentedRaftLogWorker (SegmentedRaftLogWorker.java:execute(569)) - 6c44a25b-e972-4a0b-9f86-7784e2c59475-SegmentedRaftLogWorker:Storage Directory /tmp/workdir/hadoop-ozone/integration-test/target/test-dir/MiniOzoneClusterImpl-d90cfd36-4d9c-40bf-863f-665d19222a86/datanode-5/data/ratis/a3724fc6-c782-4c6a-be9d-6bd8bc1ba742: created new log segment /tmp/workdir/hadoop-ozone/integration-test/target/test-dir/MiniOzoneClusterImpl-d90cfd36-4d9c-40bf-863f-665d19222a86/datanode-5/data/ratis/a3724fc6-c782-4c6a-be9d-6bd8bc1ba742/current/log_inprogress_0
2019-07-13 14:35:54,692 INFO  impl.FollowerState (FollowerState.java:run(106)) - 6c44a25b-e972-4a0b-9f86-7784e2c59475:group-B691710D9275 changes to CANDIDATE, lastRpcTime:5150, electionTimeout:5150ms
2019-07-13 14:35:54,692 INFO  impl.RoleInfo (RoleInfo.java:shutdownFollowerState(121)) - 6c44a25b-e972-4a0b-9f86-7784e2c59475: shutdown FollowerState
2019-07-13 14:35:54,692 INFO  impl.RaftServerImpl (RaftServerImpl.java:setRole(171)) - 6c44a25b-e972-4a0b-9f86-7784e2c59475:group-B691710D9275 changes role from FOLLOWER to CANDIDATE at term 0 for changeToCandidate
2019-07-13 14:35:54,692 INFO  impl.RoleInfo (RoleInfo.java:updateAndGet(143)) - 6c44a25b-e972-4a0b-9f86-7784e2c59475: start LeaderElection
2019-07-13 14:35:54,699 INFO  segmented.SegmentedRaftLogWorker (SegmentedRaftLogWorker.java:execute(569)) - 2483fc38-7b26-4aef-95cf-438e43477517-SegmentedRaftLogWorker:Storage Directory /tmp/workdir/hadoop-ozone/integration-test/target/test-dir/MiniOzoneClusterImpl-d90cfd36-4d9c-40bf-863f-665d19222a86/datanode-3/data/ratis/a3724fc6-c782-4c6a-be9d-6bd8bc1ba742: created new log segment /tmp/workdir/hadoop-ozone/integration-test/target/test-dir/MiniOzoneClusterImpl-d90cfd36-4d9c-40bf-863f-665d19222a86/datanode-3/data/ratis/a3724fc6-c782-4c6a-be9d-6bd8bc1ba742/current/log_inprogress_0
2019-07-13 14:35:54,703 INFO  impl.LeaderElection (LeaderElection.java:askForVotes(181)) - 6c44a25b-e972-4a0b-9f86-7784e2c59475:group-B691710D9275:LeaderElection61: begin an election at term 1 for -1: [6c44a25b-e972-4a0b-9f86-7784e2c59475:192.168.5.172:36569], old=null
2019-07-13 14:35:54,703 INFO  impl.RoleInfo (RoleInfo.java:shutdownLeaderElection(134)) - 6c44a25b-e972-4a0b-9f86-7784e2c59475: shutdown LeaderElection
2019-07-13 14:35:54,703 INFO  impl.RaftServerImpl (RaftServerImpl.java:setRole(171)) - 6c44a25b-e972-4a0b-9f86-7784e2c59475:group-B691710D9275 changes role from CANDIDATE to LEADER at term 1 for changeToLeader
2019-07-13 14:35:54,703 INFO  impl.RaftServerImpl (ServerState.java:setLeader(263)) - 6c44a25b-e972-4a0b-9f86-7784e2c59475:group-B691710D9275 change Leader from null to 6c44a25b-e972-4a0b-9f86-7784e2c59475 at term 1 for becomeLeader, leader elected after 5166ms
2019-07-13 14:35:54,703 INFO  server.RaftServerConfigKeys (ConfUtils.java:logGet(43)) - raft.server.staging.catchup.gap = 1000 (default)
2019-07-13 14:35:54,704 INFO  server.RaftServerConfigKeys (ConfUtils.java:logGet(43)) - raft.server.rpc.sleep.time = 25ms (default)
2019-07-13 14:35:54,704 INFO  server.RaftServerConfigKeys (ConfUtils.java:logGet(43)) - raft.server.write.element-limit = 4096 (default)
2019-07-13 14:35:54,704 INFO  server.RaftServerConfigKeys (ConfUtils.java:logGet(43)) - raft.server.watch.timeout = 10s (default)
2019-07-13 14:35:54,704 INFO  server.RaftServerConfigKeys (ConfUtils.java:logGet(43)) - raft.server.watch.timeout.denomination = 1s (default)
2019-07-13 14:35:54,704 INFO  server.RaftServerConfigKeys (ConfUtils.java:logGet(43)) - raft.server.watch.element-limit = 65536 (default)
2019-07-13 14:35:54,704 INFO  impl.RoleInfo (RoleInfo.java:updateAndGet(143)) - 6c44a25b-e972-4a0b-9f86-7784e2c59475: start LeaderState
2019-07-13 14:35:54,704 INFO  segmented.SegmentedRaftLogWorker (SegmentedRaftLogWorker.java:startLogSegment(380)) - 6c44a25b-e972-4a0b-9f86-7784e2c59475-SegmentedRaftLogWorker:Storage Directory /tmp/workdir/hadoop-ozone/integration-test/target/test-dir/MiniOzoneClusterImpl-d90cfd36-4d9c-40bf-863f-665d19222a86/datanode-5/data/ratis/cd16a4fe-2fa7-4d17-8b0a-b691710d9275: Starting segment from index:0
2019-07-13 14:35:54,705 INFO  impl.RaftServerImpl (ServerState.java:setRaftConf(361)) - 6c44a25b-e972-4a0b-9f86-7784e2c59475:group-B691710D9275 set configuration 0: [6c44a25b-e972-4a0b-9f86-7784e2c59475:192.168.5.172:36569], old=null at 0
2019-07-13 14:35:54,727 INFO  segmented.SegmentedRaftLogWorker (SegmentedRaftLogWorker.java:execute(569)) - 6c44a25b-e972-4a0b-9f86-7784e2c59475-SegmentedRaftLogWorker:Storage Directory /tmp/workdir/hadoop-ozone/integration-test/target/test-dir/MiniOzoneClusterImpl-d90cfd36-4d9c-40bf-863f-665d19222a86/datanode-5/data/ratis/cd16a4fe-2fa7-4d17-8b0a-b691710d9275: created new log segment /tmp/workdir/hadoop-ozone/integration-test/target/test-dir/MiniOzoneClusterImpl-d90cfd36-4d9c-40bf-863f-665d19222a86/datanode-5/data/ratis/cd16a4fe-2fa7-4d17-8b0a-b691710d9275/current/log_inprogress_0
2019-07-13 14:35:54,855 INFO  client.GrpcClientProtocolClient (GrpcClientProtocolClient.java:onNext(255)) - client-0BECF66D1AD7->c91fad2c-055b-4e28-9a69-d7c44c729cdb: receive RaftClientReply:client-0BECF66D1AD7->c91fad2c-055b-4e28-9a69-d7c44c729cdb@group-69E2034D319D, cid=148, FAILED org.apache.ratis.protocol.NotLeaderException: Server c91fad2c-055b-4e28-9a69-d7c44c729cdb is not the leader (null). Request must be sent to leader., logIndex=0, commits[c91fad2c-055b-4e28-9a69-d7c44c729cdb:c-1]
2019-07-13 14:35:54,857 INFO  impl.FollowerState (FollowerState.java:run(106)) - c91fad2c-055b-4e28-9a69-d7c44c729cdb:group-69E2034D319D changes to CANDIDATE, lastRpcTime:5091, electionTimeout:5091ms
2019-07-13 14:35:54,857 INFO  impl.RoleInfo (RoleInfo.java:shutdownFollowerState(121)) - c91fad2c-055b-4e28-9a69-d7c44c729cdb: shutdown FollowerState
2019-07-13 14:35:54,857 INFO  impl.RaftServerImpl (RaftServerImpl.java:setRole(171)) - c91fad2c-055b-4e28-9a69-d7c44c729cdb:group-69E2034D319D changes role from FOLLOWER to CANDIDATE at term 0 for changeToCandidate
2019-07-13 14:35:54,857 INFO  impl.RoleInfo (RoleInfo.java:updateAndGet(143)) - c91fad2c-055b-4e28-9a69-d7c44c729cdb: start LeaderElection
2019-07-13 14:35:54,865 INFO  impl.LeaderElection (LeaderElection.java:askForVotes(181)) - c91fad2c-055b-4e28-9a69-d7c44c729cdb:group-69E2034D319D:LeaderElection62: begin an election at term 1 for -1: [c91fad2c-055b-4e28-9a69-d7c44c729cdb:192.168.5.172:37980], old=null
2019-07-13 14:35:54,865 INFO  impl.RoleInfo (RoleInfo.java:shutdownLeaderElection(134)) - c91fad2c-055b-4e28-9a69-d7c44c729cdb: shutdown LeaderElection
2019-07-13 14:35:54,866 INFO  impl.RaftServerImpl (RaftServerImpl.java:setRole(171)) - c91fad2c-055b-4e28-9a69-d7c44c729cdb:group-69E2034D319D changes role from CANDIDATE to LEADER at term 1 for changeToLeader
2019-07-13 14:35:54,866 INFO  impl.RaftServerImpl (ServerState.java:setLeader(263)) - c91fad2c-055b-4e28-9a69-d7c44c729cdb:group-69E2034D319D change Leader from null to c91fad2c-055b-4e28-9a69-d7c44c729cdb at term 1 for becomeLeader, leader elected after 5104ms
2019-07-13 14:35:54,866 INFO  server.RaftServerConfigKeys (ConfUtils.java:logGet(43)) - raft.server.staging.catchup.gap = 1000 (default)
2019-07-13 14:35:54,866 INFO  server.RaftServerConfigKeys (ConfUtils.java:logGet(43)) - raft.server.rpc.sleep.time = 25ms (default)
2019-07-13 14:35:54,866 INFO  server.RaftServerConfigKeys (ConfUtils.java:logGet(43)) - raft.server.write.element-limit = 4096 (default)
2019-07-13 14:35:54,866 INFO  server.RaftServerConfigKeys (ConfUtils.java:logGet(43)) - raft.server.watch.timeout = 10s (default)
2019-07-13 14:35:54,867 INFO  server.RaftServerConfigKeys (ConfUtils.java:logGet(43)) - raft.server.watch.timeout.denomination = 1s (default)
2019-07-13 14:35:54,867 INFO  server.RaftServerConfigKeys (ConfUtils.java:logGet(43)) - raft.server.watch.element-limit = 65536 (default)
2019-07-13 14:35:54,867 INFO  impl.RoleInfo (RoleInfo.java:updateAndGet(143)) - c91fad2c-055b-4e28-9a69-d7c44c729cdb: start LeaderState
2019-07-13 14:35:54,867 INFO  segmented.SegmentedRaftLogWorker (SegmentedRaftLogWorker.java:startLogSegment(380)) - c91fad2c-055b-4e28-9a69-d7c44c729cdb-SegmentedRaftLogWorker:Storage Directory /tmp/workdir/hadoop-ozone/integration-test/target/test-dir/MiniOzoneClusterImpl-d90cfd36-4d9c-40bf-863f-665d19222a86/datanode-6/data/ratis/08a282b8-f3f5-4c6e-8a1c-69e2034d319d: Starting segment from index:0
2019-07-13 14:35:54,868 INFO  impl.RaftServerImpl (ServerState.java:setRaftConf(361)) - c91fad2c-055b-4e28-9a69-d7c44c729cdb:group-69E2034D319D set configuration 0: [c91fad2c-055b-4e28-9a69-d7c44c729cdb:192.168.5.172:37980], old=null at 0
2019-07-13 14:35:54,888 INFO  segmented.SegmentedRaftLogWorker (SegmentedRaftLogWorker.java:execute(569)) - c91fad2c-055b-4e28-9a69-d7c44c729cdb-SegmentedRaftLogWorker:Storage Directory /tmp/workdir/hadoop-ozone/integration-test/target/test-dir/MiniOzoneClusterImpl-d90cfd36-4d9c-40bf-863f-665d19222a86/datanode-6/data/ratis/08a282b8-f3f5-4c6e-8a1c-69e2034d319d: created new log segment /tmp/workdir/hadoop-ozone/integration-test/target/test-dir/MiniOzoneClusterImpl-d90cfd36-4d9c-40bf-863f-665d19222a86/datanode-6/data/ratis/08a282b8-f3f5-4c6e-8a1c-69e2034d319d/current/log_inprogress_0
2019-07-13 14:35:56,939 INFO  client.GrpcClientProtocolClient (GrpcClientProtocolClient.java:onNext(255)) - client-0BECF66D1AD7->c91fad2c-055b-4e28-9a69-d7c44c729cdb: receive RaftClientReply:client-0BECF66D1AD7->c91fad2c-055b-4e28-9a69-d7c44c729cdb@group-69E2034D319D, cid=148, SUCCESS, logIndex=1, commits[c91fad2c-055b-4e28-9a69-d7c44c729cdb:c1]
2019-07-13 14:35:56,960 INFO  client.GrpcClientProtocolClient (GrpcClientProtocolClient.java:onNext(255)) - client-0BECF66D1AD7->c91fad2c-055b-4e28-9a69-d7c44c729cdb: receive RaftClientReply:client-0BECF66D1AD7->c91fad2c-055b-4e28-9a69-d7c44c729cdb@group-69E2034D319D, cid=149, SUCCESS, logIndex=3, commits[c91fad2c-055b-4e28-9a69-d7c44c729cdb:c7]
2019-07-13 14:35:57,011 INFO  client.GrpcClientProtocolClient (GrpcClientProtocolClient.java:onNext(255)) - client-0BECF66D1AD7->c91fad2c-055b-4e28-9a69-d7c44c729cdb: receive RaftClientReply:client-0BECF66D1AD7->c91fad2c-055b-4e28-9a69-d7c44c729cdb@group-69E2034D319D, cid=150, SUCCESS, logIndex=4, commits[c91fad2c-055b-4e28-9a69-d7c44c729cdb:c9]
2019-07-13 14:35:57,012 INFO  client.GrpcClientProtocolClient (GrpcClientProtocolClient.java:onNext(255)) - client-0BECF66D1AD7->c91fad2c-055b-4e28-9a69-d7c44c729cdb: receive RaftClientReply:client-0BECF66D1AD7->c91fad2c-055b-4e28-9a69-d7c44c729cdb@group-69E2034D319D, cid=151, SUCCESS, logIndex=5, commits[c91fad2c-055b-4e28-9a69-d7c44c729cdb:c9]
2019-07-13 14:35:57,013 INFO  client.GrpcClientProtocolClient (GrpcClientProtocolClient.java:onNext(255)) - client-0BECF66D1AD7->c91fad2c-055b-4e28-9a69-d7c44c729cdb: receive RaftClientReply:client-0BECF66D1AD7->c91fad2c-055b-4e28-9a69-d7c44c729cdb@group-69E2034D319D, cid=152, SUCCESS, logIndex=6, commits[c91fad2c-055b-4e28-9a69-d7c44c729cdb:c9]
2019-07-13 14:35:57,014 INFO  client.GrpcClientProtocolClient (GrpcClientProtocolClient.java:onNext(255)) - client-0BECF66D1AD7->c91fad2c-055b-4e28-9a69-d7c44c729cdb: receive RaftClientReply:client-0BECF66D1AD7->c91fad2c-055b-4e28-9a69-d7c44c729cdb@group-69E2034D319D, cid=153, SUCCESS, logIndex=7, commits[c91fad2c-055b-4e28-9a69-d7c44c729cdb:c9]
2019-07-13 14:35:57,020 INFO  client.GrpcClientProtocolClient (GrpcClientProtocolClient.java:onNext(255)) - client-0BECF66D1AD7->c91fad2c-055b-4e28-9a69-d7c44c729cdb: receive RaftClientReply:client-0BECF66D1AD7->c91fad2c-055b-4e28-9a69-d7c44c729cdb@group-69E2034D319D, cid=154, SUCCESS, logIndex=10, commits[c91fad2c-055b-4e28-9a69-d7c44c729cdb:c11]
2019-07-13 14:35:57,021 INFO  client.GrpcClientProtocolClient (GrpcClientProtocolClient.java:onNext(255)) - client-0BECF66D1AD7->c91fad2c-055b-4e28-9a69-d7c44c729cdb: receive RaftClientReply:client-0BECF66D1AD7->c91fad2c-055b-4e28-9a69-d7c44c729cdb@group-69E2034D319D, cid=155, SUCCESS, logIndex=11, commits[c91fad2c-055b-4e28-9a69-d7c44c729cdb:c11]
2019-07-13 14:35:57,024 INFO  container.CloseContainerEventHandler (CloseContainerEventHandler.java:onMessage(61)) - Close container Event triggered for container : #1
2019-07-13 14:35:58,796 INFO  interfaces.Container (KeyValueContainer.java:compactDB(356)) - Container 1 is closed with bcsId 11.
14:35:59.027 [grpc-default-executor-11] ERROR DNAudit - user=null | ip=null | op=WRITE_CHUNK {blockData=conID: 1 locID: 102434639106211851 bcsId: 11} | ret=FAILURE
org.apache.hadoop.hdds.scm.container.common.helpers.ContainerNotOpenException: Container 1 in CLOSED state
	at org.apache.hadoop.ozone.container.common.impl.HddsDispatcher.validateContainerCommand(HddsDispatcher.java:408) ~[hadoop-hdds-container-service-0.5.0-SNAPSHOT.jar:?]
	at org.apache.hadoop.ozone.container.common.transport.server.ratis.ContainerStateMachine.startTransaction(ContainerStateMachine.java:271) ~[hadoop-hdds-container-service-0.5.0-SNAPSHOT.jar:?]
	at org.apache.ratis.server.impl.RaftServerImpl.submitClientRequestAsync(RaftServerImpl.java:566) ~[ratis-server-0.4.0-2337318-SNAPSHOT.jar:0.4.0-2337318-SNAPSHOT]
	at org.apache.ratis.server.impl.RaftServerProxy.lambda$submitClientRequestAsync$7(RaftServerProxy.java:333) ~[ratis-server-0.4.0-2337318-SNAPSHOT.jar:0.4.0-2337318-SNAPSHOT]
	at org.apache.ratis.server.impl.RaftServerProxy.lambda$null$5(RaftServerProxy.java:328) ~[ratis-server-0.4.0-2337318-SNAPSHOT.jar:0.4.0-2337318-SNAPSHOT]
	at org.apache.ratis.util.JavaUtils.callAsUnchecked(JavaUtils.java:109) ~[ratis-common-0.4.0-2337318-SNAPSHOT.jar:0.4.0-2337318-SNAPSHOT]
	at org.apache.ratis.server.impl.RaftServerProxy.lambda$submitRequest$6(RaftServerProxy.java:328) ~[ratis-server-0.4.0-2337318-SNAPSHOT.jar:0.4.0-2337318-SNAPSHOT]
	at java.util.concurrent.CompletableFuture.uniComposeStage(CompletableFuture.java:981) ~[?:1.8.0_212]
	at java.util.concurrent.CompletableFuture.thenCompose(CompletableFuture.java:2124) ~[?:1.8.0_212]
	at org.apache.ratis.server.impl.RaftServerProxy.submitRequest(RaftServerProxy.java:327) ~[ratis-server-0.4.0-2337318-SNAPSHOT.jar:0.4.0-2337318-SNAPSHOT]
	at org.apache.ratis.server.impl.RaftServerProxy.submitClientRequestAsync(RaftServerProxy.java:333) ~[ratis-server-0.4.0-2337318-SNAPSHOT.jar:0.4.0-2337318-SNAPSHOT]
	at org.apache.ratis.grpc.client.GrpcClientProtocolService$RequestStreamObserver.processClientRequest(GrpcClientProtocolService.java:220) ~[ratis-grpc-0.4.0-2337318-SNAPSHOT.jar:0.4.0-2337318-SNAPSHOT]
	at org.apache.ratis.grpc.client.GrpcClientProtocolService$OrderedRequestStreamObserver.processClientRequest(GrpcClientProtocolService.java:326) ~[ratis-grpc-0.4.0-2337318-SNAPSHOT.jar:0.4.0-2337318-SNAPSHOT]
	at org.apache.ratis.util.SlidingWindow$Server.processRequestsFromHead(SlidingWindow.java:429) [ratis-common-0.4.0-2337318-SNAPSHOT.jar:0.4.0-2337318-SNAPSHOT]
	at org.apache.ratis.util.SlidingWindow$Server.receivedRequest(SlidingWindow.java:421) [ratis-common-0.4.0-2337318-SNAPSHOT.jar:0.4.0-2337318-SNAPSHOT]
	at org.apache.ratis.grpc.client.GrpcClientProtocolService$OrderedRequestStreamObserver.processClientRequest(GrpcClientProtocolService.java:345) [ratis-grpc-0.4.0-2337318-SNAPSHOT.jar:0.4.0-2337318-SNAPSHOT]
	at org.apache.ratis.grpc.client.GrpcClientProtocolService$RequestStreamObserver.onNext(GrpcClientProtocolService.java:240) [ratis-grpc-0.4.0-2337318-SNAPSHOT.jar:0.4.0-2337318-SNAPSHOT]
	at org.apache.ratis.grpc.client.GrpcClientProtocolService$RequestStreamObserver.onNext(GrpcClientProtocolService.java:168) [ratis-grpc-0.4.0-2337318-SNAPSHOT.jar:0.4.0-2337318-SNAPSHOT]
	at org.apache.ratis.thirdparty.io.grpc.stub.ServerCalls$StreamingServerCallHandler$StreamingServerCallListener.onMessage(ServerCalls.java:248) [ratis-thirdparty-misc-0.2.0.jar:0.2.0]
	at org.apache.ratis.thirdparty.io.grpc.internal.ServerCallImpl$ServerStreamListenerImpl.messagesAvailable(ServerCallImpl.java:263) [ratis-thirdparty-misc-0.2.0.jar:0.2.0]
	at org.apache.ratis.thirdparty.io.grpc.internal.ServerImpl$JumpToApplicationThreadServerStreamListener$1MessagesAvailable.runInContext(ServerImpl.java:686) [ratis-thirdparty-misc-0.2.0.jar:0.2.0]
	at org.apache.ratis.thirdparty.io.grpc.internal.ContextRunnable.run(ContextRunnable.java:37) [ratis-thirdparty-misc-0.2.0.jar:0.2.0]
	at org.apache.ratis.thirdparty.io.grpc.internal.SerializingExecutor.run(SerializingExecutor.java:123) [ratis-thirdparty-misc-0.2.0.jar:0.2.0]
	at java.util.concurrent.ThreadPoolExecutor.runWorker(ThreadPoolExecutor.java:1149) [?:1.8.0_212]
	at java.util.concurrent.ThreadPoolExecutor$Worker.run(ThreadPoolExecutor.java:624) [?:1.8.0_212]
	at java.lang.Thread.run(Thread.java:748) [?:1.8.0_212]
14:35:59.043 [grpc-default-executor-11] ERROR DNAudit - user=null | ip=null | op=WRITE_CHUNK {blockData=conID: 1 locID: 102434639106211851 bcsId: 11} | ret=FAILURE
org.apache.hadoop.hdds.scm.container.common.helpers.ContainerNotOpenException: Container 1 in CLOSED state
	at org.apache.hadoop.ozone.container.common.impl.HddsDispatcher.validateContainerCommand(HddsDispatcher.java:408) ~[hadoop-hdds-container-service-0.5.0-SNAPSHOT.jar:?]
	at org.apache.hadoop.ozone.container.common.transport.server.ratis.ContainerStateMachine.startTransaction(ContainerStateMachine.java:271) ~[hadoop-hdds-container-service-0.5.0-SNAPSHOT.jar:?]
	at org.apache.ratis.server.impl.RaftServerImpl.submitClientRequestAsync(RaftServerImpl.java:566) ~[ratis-server-0.4.0-2337318-SNAPSHOT.jar:0.4.0-2337318-SNAPSHOT]
	at org.apache.ratis.server.impl.RaftServerProxy.lambda$submitClientRequestAsync$7(RaftServerProxy.java:333) ~[ratis-server-0.4.0-2337318-SNAPSHOT.jar:0.4.0-2337318-SNAPSHOT]
	at org.apache.ratis.server.impl.RaftServerProxy.lambda$null$5(RaftServerProxy.java:328) ~[ratis-server-0.4.0-2337318-SNAPSHOT.jar:0.4.0-2337318-SNAPSHOT]
	at org.apache.ratis.util.JavaUtils.callAsUnchecked(JavaUtils.java:109) ~[ratis-common-0.4.0-2337318-SNAPSHOT.jar:0.4.0-2337318-SNAPSHOT]
	at org.apache.ratis.server.impl.RaftServerProxy.lambda$submitRequest$6(RaftServerProxy.java:328) ~[ratis-server-0.4.0-2337318-SNAPSHOT.jar:0.4.0-2337318-SNAPSHOT]
	at java.util.concurrent.CompletableFuture.uniComposeStage(CompletableFuture.java:981) ~[?:1.8.0_212]
	at java.util.concurrent.CompletableFuture.thenCompose(CompletableFuture.java:2124) ~[?:1.8.0_212]
	at org.apache.ratis.server.impl.RaftServerProxy.submitRequest(RaftServerProxy.java:327) ~[ratis-server-0.4.0-2337318-SNAPSHOT.jar:0.4.0-2337318-SNAPSHOT]
	at org.apache.ratis.server.impl.RaftServerProxy.submitClientRequestAsync(RaftServerProxy.java:333) ~[ratis-server-0.4.0-2337318-SNAPSHOT.jar:0.4.0-2337318-SNAPSHOT]
	at org.apache.ratis.grpc.client.GrpcClientProtocolService$RequestStreamObserver.processClientRequest(GrpcClientProtocolService.java:220) ~[ratis-grpc-0.4.0-2337318-SNAPSHOT.jar:0.4.0-2337318-SNAPSHOT]
	at org.apache.ratis.grpc.client.GrpcClientProtocolService$OrderedRequestStreamObserver.processClientRequest(GrpcClientProtocolService.java:326) ~[ratis-grpc-0.4.0-2337318-SNAPSHOT.jar:0.4.0-2337318-SNAPSHOT]
	at org.apache.ratis.util.SlidingWindow$Server.processRequestsFromHead(SlidingWindow.java:429) [ratis-common-0.4.0-2337318-SNAPSHOT.jar:0.4.0-2337318-SNAPSHOT]
	at org.apache.ratis.util.SlidingWindow$Server.receivedRequest(SlidingWindow.java:421) [ratis-common-0.4.0-2337318-SNAPSHOT.jar:0.4.0-2337318-SNAPSHOT]
	at org.apache.ratis.grpc.client.GrpcClientProtocolService$OrderedRequestStreamObserver.processClientRequest(GrpcClientProtocolService.java:345) [ratis-grpc-0.4.0-2337318-SNAPSHOT.jar:0.4.0-2337318-SNAPSHOT]
	at org.apache.ratis.grpc.client.GrpcClientProtocolService$RequestStreamObserver.onNext(GrpcClientProtocolService.java:240) [ratis-grpc-0.4.0-2337318-SNAPSHOT.jar:0.4.0-2337318-SNAPSHOT]
	at org.apache.ratis.grpc.client.GrpcClientProtocolService$RequestStreamObserver.onNext(GrpcClientProtocolService.java:168) [ratis-grpc-0.4.0-2337318-SNAPSHOT.jar:0.4.0-2337318-SNAPSHOT]
	at org.apache.ratis.thirdparty.io.grpc.stub.ServerCalls$StreamingServerCallHandler$StreamingServerCallListener.onMessage(ServerCalls.java:248) [ratis-thirdparty-misc-0.2.0.jar:0.2.0]
	at org.apache.ratis.thirdparty.io.grpc.internal.ServerCallImpl$ServerStreamListenerImpl.messagesAvailable(ServerCallImpl.java:263) [ratis-thirdparty-misc-0.2.0.jar:0.2.0]
	at org.apache.ratis.thirdparty.io.grpc.internal.ServerImpl$JumpToApplicationThreadServerStreamListener$1MessagesAvailable.runInContext(ServerImpl.java:686) [ratis-thirdparty-misc-0.2.0.jar:0.2.0]
	at org.apache.ratis.thirdparty.io.grpc.internal.ContextRunnable.run(ContextRunnable.java:37) [ratis-thirdparty-misc-0.2.0.jar:0.2.0]
	at org.apache.ratis.thirdparty.io.grpc.internal.SerializingExecutor.run(SerializingExecutor.java:123) [ratis-thirdparty-misc-0.2.0.jar:0.2.0]
	at java.util.concurrent.ThreadPoolExecutor.runWorker(ThreadPoolExecutor.java:1149) [?:1.8.0_212]
	at java.util.concurrent.ThreadPoolExecutor$Worker.run(ThreadPoolExecutor.java:624) [?:1.8.0_212]
	at java.lang.Thread.run(Thread.java:748) [?:1.8.0_212]
2019-07-13 14:35:59,050 INFO  client.GrpcClientProtocolClient (GrpcClientProtocolClient.java:onNext(255)) - client-0BECF66D1AD7->c91fad2c-055b-4e28-9a69-d7c44c729cdb: receive RaftClientReply:client-0BECF66D1AD7->c91fad2c-055b-4e28-9a69-d7c44c729cdb@group-69E2034D319D, cid=156, FAILED org.apache.ratis.protocol.StateMachineException: org.apache.hadoop.hdds.scm.container.common.helpers.ContainerNotOpenException from Server c91fad2c-055b-4e28-9a69-d7c44c729cdb: Container 1 in CLOSED state, logIndex=0, commits[c91fad2c-055b-4e28-9a69-d7c44c729cdb:c14]
2019-07-13 14:35:59,052 INFO  client.GrpcClientProtocolClient (GrpcClientProtocolClient.java:onNext(255)) - client-0BECF66D1AD7->c91fad2c-055b-4e28-9a69-d7c44c729cdb: receive RaftClientReply:client-0BECF66D1AD7->c91fad2c-055b-4e28-9a69-d7c44c729cdb@group-69E2034D319D, cid=157, FAILED org.apache.ratis.protocol.StateMachineException: org.apache.hadoop.hdds.scm.container.common.helpers.ContainerNotOpenException from Server c91fad2c-055b-4e28-9a69-d7c44c729cdb: Container 1 in CLOSED state, logIndex=0, commits[c91fad2c-055b-4e28-9a69-d7c44c729cdb:c14]
14:35:59.052 [grpc-default-executor-11] ERROR DNAudit - user=null | ip=null | op=PUT_BLOCK {blockData=[blockId=conID: 1 locID: 102434639106211851 bcsId: 0,size=650]} | ret=FAILURE
org.apache.hadoop.hdds.scm.container.common.helpers.ContainerNotOpenException: Container 1 in CLOSED state
	at org.apache.hadoop.ozone.container.common.impl.HddsDispatcher.validateContainerCommand(HddsDispatcher.java:408) ~[hadoop-hdds-container-service-0.5.0-SNAPSHOT.jar:?]
	at org.apache.hadoop.ozone.container.common.transport.server.ratis.ContainerStateMachine.startTransaction(ContainerStateMachine.java:271) ~[hadoop-hdds-container-service-0.5.0-SNAPSHOT.jar:?]
	at org.apache.ratis.server.impl.RaftServerImpl.submitClientRequestAsync(RaftServerImpl.java:566) ~[ratis-server-0.4.0-2337318-SNAPSHOT.jar:0.4.0-2337318-SNAPSHOT]
	at org.apache.ratis.server.impl.RaftServerProxy.lambda$submitClientRequestAsync$7(RaftServerProxy.java:333) ~[ratis-server-0.4.0-2337318-SNAPSHOT.jar:0.4.0-2337318-SNAPSHOT]
	at org.apache.ratis.server.impl.RaftServerProxy.lambda$null$5(RaftServerProxy.java:328) ~[ratis-server-0.4.0-2337318-SNAPSHOT.jar:0.4.0-2337318-SNAPSHOT]
	at org.apache.ratis.util.JavaUtils.callAsUnchecked(JavaUtils.java:109) ~[ratis-common-0.4.0-2337318-SNAPSHOT.jar:0.4.0-2337318-SNAPSHOT]
	at org.apache.ratis.server.impl.RaftServerProxy.lambda$submitRequest$6(RaftServerProxy.java:328) ~[ratis-server-0.4.0-2337318-SNAPSHOT.jar:0.4.0-2337318-SNAPSHOT]
	at java.util.concurrent.CompletableFuture.uniComposeStage(CompletableFuture.java:981) ~[?:1.8.0_212]
	at java.util.concurrent.CompletableFuture.thenCompose(CompletableFuture.java:2124) ~[?:1.8.0_212]
	at org.apache.ratis.server.impl.RaftServerProxy.submitRequest(RaftServerProxy.java:327) ~[ratis-server-0.4.0-2337318-SNAPSHOT.jar:0.4.0-2337318-SNAPSHOT]
	at org.apache.ratis.server.impl.RaftServerProxy.submitClientRequestAsync(RaftServerProxy.java:333) ~[ratis-server-0.4.0-2337318-SNAPSHOT.jar:0.4.0-2337318-SNAPSHOT]
	at org.apache.ratis.grpc.client.GrpcClientProtocolService$RequestStreamObserver.processClientRequest(GrpcClientProtocolService.java:220) ~[ratis-grpc-0.4.0-2337318-SNAPSHOT.jar:0.4.0-2337318-SNAPSHOT]
	at org.apache.ratis.grpc.client.GrpcClientProtocolService$OrderedRequestStreamObserver.processClientRequest(GrpcClientProtocolService.java:326) ~[ratis-grpc-0.4.0-2337318-SNAPSHOT.jar:0.4.0-2337318-SNAPSHOT]
	at org.apache.ratis.util.SlidingWindow$Server.processRequestsFromHead(SlidingWindow.java:429) [ratis-common-0.4.0-2337318-SNAPSHOT.jar:0.4.0-2337318-SNAPSHOT]
	at org.apache.ratis.util.SlidingWindow$Server.receivedRequest(SlidingWindow.java:421) [ratis-common-0.4.0-2337318-SNAPSHOT.jar:0.4.0-2337318-SNAPSHOT]
	at org.apache.ratis.grpc.client.GrpcClientProtocolService$OrderedRequestStreamObserver.processClientRequest(GrpcClientProtocolService.java:345) [ratis-grpc-0.4.0-2337318-SNAPSHOT.jar:0.4.0-2337318-SNAPSHOT]
	at org.apache.ratis.grpc.client.GrpcClientProtocolService$RequestStreamObserver.onNext(GrpcClientProtocolService.java:240) [ratis-grpc-0.4.0-2337318-SNAPSHOT.jar:0.4.0-2337318-SNAPSHOT]
	at org.apache.ratis.grpc.client.GrpcClientProtocolService$RequestStreamObserver.onNext(GrpcClientProtocolService.java:168) [ratis-grpc-0.4.0-2337318-SNAPSHOT.jar:0.4.0-2337318-SNAPSHOT]
	at org.apache.ratis.thirdparty.io.grpc.stub.ServerCalls$StreamingServerCallHandler$StreamingServerCallListener.onMessage(ServerCalls.java:248) [ratis-thirdparty-misc-0.2.0.jar:0.2.0]
	at org.apache.ratis.thirdparty.io.grpc.internal.ServerCallImpl$ServerStreamListenerImpl.messagesAvailable(ServerCallImpl.java:263) [ratis-thirdparty-misc-0.2.0.jar:0.2.0]
	at org.apache.ratis.thirdparty.io.grpc.internal.ServerImpl$JumpToApplicationThreadServerStreamListener$1MessagesAvailable.runInContext(ServerImpl.java:686) [ratis-thirdparty-misc-0.2.0.jar:0.2.0]
	at org.apache.ratis.thirdparty.io.grpc.internal.ContextRunnable.run(ContextRunnable.java:37) [ratis-thirdparty-misc-0.2.0.jar:0.2.0]
	at org.apache.ratis.thirdparty.io.grpc.internal.SerializingExecutor.run(SerializingExecutor.java:123) [ratis-thirdparty-misc-0.2.0.jar:0.2.0]
	at java.util.concurrent.ThreadPoolExecutor.runWorker(ThreadPoolExecutor.java:1149) [?:1.8.0_212]
	at java.util.concurrent.ThreadPoolExecutor$Worker.run(ThreadPoolExecutor.java:624) [?:1.8.0_212]
	at java.lang.Thread.run(Thread.java:748) [?:1.8.0_212]
14:35:59.060 [grpc-default-executor-11] ERROR DNAudit - user=null | ip=null | op=WRITE_CHUNK {blockData=conID: 1 locID: 102434639106211851 bcsId: 11} | ret=FAILURE
org.apache.hadoop.hdds.scm.container.common.helpers.ContainerNotOpenException: Container 1 in CLOSED state
	at org.apache.hadoop.ozone.container.common.impl.HddsDispatcher.validateContainerCommand(HddsDispatcher.java:408) ~[hadoop-hdds-container-service-0.5.0-SNAPSHOT.jar:?]
	at org.apache.hadoop.ozone.container.common.transport.server.ratis.ContainerStateMachine.startTransaction(ContainerStateMachine.java:271) ~[hadoop-hdds-container-service-0.5.0-SNAPSHOT.jar:?]
	at org.apache.ratis.server.impl.RaftServerImpl.submitClientRequestAsync(RaftServerImpl.java:566) ~[ratis-server-0.4.0-2337318-SNAPSHOT.jar:0.4.0-2337318-SNAPSHOT]
	at org.apache.ratis.server.impl.RaftServerProxy.lambda$submitClientRequestAsync$7(RaftServerProxy.java:333) ~[ratis-server-0.4.0-2337318-SNAPSHOT.jar:0.4.0-2337318-SNAPSHOT]
	at org.apache.ratis.server.impl.RaftServerProxy.lambda$null$5(RaftServerProxy.java:328) ~[ratis-server-0.4.0-2337318-SNAPSHOT.jar:0.4.0-2337318-SNAPSHOT]
	at org.apache.ratis.util.JavaUtils.callAsUnchecked(JavaUtils.java:109) ~[ratis-common-0.4.0-2337318-SNAPSHOT.jar:0.4.0-2337318-SNAPSHOT]
	at org.apache.ratis.server.impl.RaftServerProxy.lambda$submitRequest$6(RaftServerProxy.java:328) ~[ratis-server-0.4.0-2337318-SNAPSHOT.jar:0.4.0-2337318-SNAPSHOT]
	at java.util.concurrent.CompletableFuture.uniComposeStage(CompletableFuture.java:981) ~[?:1.8.0_212]
	at java.util.concurrent.CompletableFuture.thenCompose(CompletableFuture.java:2124) ~[?:1.8.0_212]
	at org.apache.ratis.server.impl.RaftServerProxy.submitRequest(RaftServerProxy.java:327) ~[ratis-server-0.4.0-2337318-SNAPSHOT.jar:0.4.0-2337318-SNAPSHOT]
	at org.apache.ratis.server.impl.RaftServerProxy.submitClientRequestAsync(RaftServerProxy.java:333) ~[ratis-server-0.4.0-2337318-SNAPSHOT.jar:0.4.0-2337318-SNAPSHOT]
	at org.apache.ratis.grpc.client.GrpcClientProtocolService$RequestStreamObserver.processClientRequest(GrpcClientProtocolService.java:220) ~[ratis-grpc-0.4.0-2337318-SNAPSHOT.jar:0.4.0-2337318-SNAPSHOT]
	at org.apache.ratis.grpc.client.GrpcClientProtocolService$OrderedRequestStreamObserver.processClientRequest(GrpcClientProtocolService.java:326) ~[ratis-grpc-0.4.0-2337318-SNAPSHOT.jar:0.4.0-2337318-SNAPSHOT]
	at org.apache.ratis.util.SlidingWindow$Server.processRequestsFromHead(SlidingWindow.java:429) [ratis-common-0.4.0-2337318-SNAPSHOT.jar:0.4.0-2337318-SNAPSHOT]
	at org.apache.ratis.util.SlidingWindow$Server.receivedRequest(SlidingWindow.java:421) [ratis-common-0.4.0-2337318-SNAPSHOT.jar:0.4.0-2337318-SNAPSHOT]
	at org.apache.ratis.grpc.client.GrpcClientProtocolService$OrderedRequestStreamObserver.processClientRequest(GrpcClientProtocolService.java:345) [ratis-grpc-0.4.0-2337318-SNAPSHOT.jar:0.4.0-2337318-SNAPSHOT]
	at org.apache.ratis.grpc.client.GrpcClientProtocolService$RequestStreamObserver.onNext(GrpcClientProtocolService.java:240) [ratis-grpc-0.4.0-2337318-SNAPSHOT.jar:0.4.0-2337318-SNAPSHOT]
	at org.apache.ratis.grpc.client.GrpcClientProtocolService$RequestStreamObserver.onNext(GrpcClientProtocolService.java:168) [ratis-grpc-0.4.0-2337318-SNAPSHOT.jar:0.4.0-2337318-SNAPSHOT]
	at org.apache.ratis.thirdparty.io.grpc.stub.ServerCalls$StreamingServerCallHandler$StreamingServerCallListener.onMessage(ServerCalls.java:248) [ratis-thirdparty-misc-0.2.0.jar:0.2.0]
	at org.apache.ratis.thirdparty.io.grpc.internal.ServerCallImpl$ServerStreamListenerImpl.messagesAvailable(ServerCallImpl.java:263) [ratis-thirdparty-misc-0.2.0.jar:0.2.0]
	at org.apache.ratis.thirdparty.io.grpc.internal.ServerImpl$JumpToApplicationThreadServerStreamListener$1MessagesAvailable.runInContext(ServerImpl.java:686) [ratis-thirdparty-misc-0.2.0.jar:0.2.0]
	at org.apache.ratis.thirdparty.io.grpc.internal.ContextRunnable.run(ContextRunnable.java:37) [ratis-thirdparty-misc-0.2.0.jar:0.2.0]
	at org.apache.ratis.thirdparty.io.grpc.internal.SerializingExecutor.run(SerializingExecutor.java:123) [ratis-thirdparty-misc-0.2.0.jar:0.2.0]
	at java.util.concurrent.ThreadPoolExecutor.runWorker(ThreadPoolExecutor.java:1149) [?:1.8.0_212]
	at java.util.concurrent.ThreadPoolExecutor$Worker.run(ThreadPoolExecutor.java:624) [?:1.8.0_212]
	at java.lang.Thread.run(Thread.java:748) [?:1.8.0_212]
2019-07-13 14:35:59,061 INFO  client.GrpcClientProtocolClient (GrpcClientProtocolClient.java:onNext(255)) - client-0BECF66D1AD7->c91fad2c-055b-4e28-9a69-d7c44c729cdb: receive RaftClientReply:client-0BECF66D1AD7->c91fad2c-055b-4e28-9a69-d7c44c729cdb@group-69E2034D319D, cid=158, FAILED org.apache.ratis.protocol.StateMachineException: org.apache.hadoop.hdds.scm.container.common.helpers.ContainerNotOpenException from Server c91fad2c-055b-4e28-9a69-d7c44c729cdb: Container 1 in CLOSED state, logIndex=0, commits[c91fad2c-055b-4e28-9a69-d7c44c729cdb:c14]
14:35:59.067 [grpc-default-executor-11] ERROR DNAudit - user=null | ip=null | op=WRITE_CHUNK {blockData=conID: 1 locID: 102434639106211851 bcsId: 11} | ret=FAILURE
org.apache.hadoop.hdds.scm.container.common.helpers.ContainerNotOpenException: Container 1 in CLOSED state
	at org.apache.hadoop.ozone.container.common.impl.HddsDispatcher.validateContainerCommand(HddsDispatcher.java:408) ~[hadoop-hdds-container-service-0.5.0-SNAPSHOT.jar:?]
	at org.apache.hadoop.ozone.container.common.transport.server.ratis.ContainerStateMachine.startTransaction(ContainerStateMachine.java:271) ~[hadoop-hdds-container-service-0.5.0-SNAPSHOT.jar:?]
	at org.apache.ratis.server.impl.RaftServerImpl.submitClientRequestAsync(RaftServerImpl.java:566) ~[ratis-server-0.4.0-2337318-SNAPSHOT.jar:0.4.0-2337318-SNAPSHOT]
	at org.apache.ratis.server.impl.RaftServerProxy.lambda$submitClientRequestAsync$7(RaftServerProxy.java:333) ~[ratis-server-0.4.0-2337318-SNAPSHOT.jar:0.4.0-2337318-SNAPSHOT]
	at org.apache.ratis.server.impl.RaftServerProxy.lambda$null$5(RaftServerProxy.java:328) ~[ratis-server-0.4.0-2337318-SNAPSHOT.jar:0.4.0-2337318-SNAPSHOT]
	at org.apache.ratis.util.JavaUtils.callAsUnchecked(JavaUtils.java:109) ~[ratis-common-0.4.0-2337318-SNAPSHOT.jar:0.4.0-2337318-SNAPSHOT]
	at org.apache.ratis.server.impl.RaftServerProxy.lambda$submitRequest$6(RaftServerProxy.java:328) ~[ratis-server-0.4.0-2337318-SNAPSHOT.jar:0.4.0-2337318-SNAPSHOT]
	at java.util.concurrent.CompletableFuture.uniComposeStage(CompletableFuture.java:981) ~[?:1.8.0_212]
	at java.util.concurrent.CompletableFuture.thenCompose(CompletableFuture.java:2124) ~[?:1.8.0_212]
	at org.apache.ratis.server.impl.RaftServerProxy.submitRequest(RaftServerProxy.java:327) ~[ratis-server-0.4.0-2337318-SNAPSHOT.jar:0.4.0-2337318-SNAPSHOT]
	at org.apache.ratis.server.impl.RaftServerProxy.submitClientRequestAsync(RaftServerProxy.java:333) ~[ratis-server-0.4.0-2337318-SNAPSHOT.jar:0.4.0-2337318-SNAPSHOT]
	at org.apache.ratis.grpc.client.GrpcClientProtocolService$RequestStreamObserver.processClientRequest(GrpcClientProtocolService.java:220) ~[ratis-grpc-0.4.0-2337318-SNAPSHOT.jar:0.4.0-2337318-SNAPSHOT]
	at org.apache.ratis.grpc.client.GrpcClientProtocolService$OrderedRequestStreamObserver.processClientRequest(GrpcClientProtocolService.java:326) ~[ratis-grpc-0.4.0-2337318-SNAPSHOT.jar:0.4.0-2337318-SNAPSHOT]
	at org.apache.ratis.util.SlidingWindow$Server.processRequestsFromHead(SlidingWindow.java:429) [ratis-common-0.4.0-2337318-SNAPSHOT.jar:0.4.0-2337318-SNAPSHOT]
	at org.apache.ratis.util.SlidingWindow$Server.receivedRequest(SlidingWindow.java:421) [ratis-common-0.4.0-2337318-SNAPSHOT.jar:0.4.0-2337318-SNAPSHOT]
	at org.apache.ratis.grpc.client.GrpcClientProtocolService$OrderedRequestStreamObserver.processClientRequest(GrpcClientProtocolService.java:345) [ratis-grpc-0.4.0-2337318-SNAPSHOT.jar:0.4.0-2337318-SNAPSHOT]
	at org.apache.ratis.grpc.client.GrpcClientProtocolService$RequestStreamObserver.onNext(GrpcClientProtocolService.java:240) [ratis-grpc-0.4.0-2337318-SNAPSHOT.jar:0.4.0-2337318-SNAPSHOT]
	at org.apache.ratis.grpc.client.GrpcClientProtocolService$RequestStreamObserver.onNext(GrpcClientProtocolService.java:168) [ratis-grpc-0.4.0-2337318-SNAPSHOT.jar:0.4.0-2337318-SNAPSHOT]
	at org.apache.ratis.thirdparty.io.grpc.stub.ServerCalls$StreamingServerCallHandler$StreamingServerCallListener.onMessage(ServerCalls.java:248) [ratis-thirdparty-misc-0.2.0.jar:0.2.0]
	at org.apache.ratis.thirdparty.io.grpc.internal.ServerCallImpl$ServerStreamListenerImpl.messagesAvailable(ServerCallImpl.java:263) [ratis-thirdparty-misc-0.2.0.jar:0.2.0]
	at org.apache.ratis.thirdparty.io.grpc.internal.ServerImpl$JumpToApplicationThreadServerStreamListener$1MessagesAvailable.runInContext(ServerImpl.java:686) [ratis-thirdparty-misc-0.2.0.jar:0.2.0]
	at org.apache.ratis.thirdparty.io.grpc.internal.ContextRunnable.run(ContextRunnable.java:37) [ratis-thirdparty-misc-0.2.0.jar:0.2.0]
	at org.apache.ratis.thirdparty.io.grpc.internal.SerializingExecutor.run(SerializingExecutor.java:123) [ratis-thirdparty-misc-0.2.0.jar:0.2.0]
	at java.util.concurrent.ThreadPoolExecutor.runWorker(ThreadPoolExecutor.java:1149) [?:1.8.0_212]
	at java.util.concurrent.ThreadPoolExecutor$Worker.run(ThreadPoolExecutor.java:624) [?:1.8.0_212]
	at java.lang.Thread.run(Thread.java:748) [?:1.8.0_212]
2019-07-13 14:35:59,069 INFO  client.GrpcClientProtocolClient (GrpcClientProtocolClient.java:onNext(255)) - client-0BECF66D1AD7->c91fad2c-055b-4e28-9a69-d7c44c729cdb: receive RaftClientReply:client-0BECF66D1AD7->c91fad2c-055b-4e28-9a69-d7c44c729cdb@group-69E2034D319D, cid=159, FAILED org.apache.ratis.protocol.StateMachineException: org.apache.hadoop.hdds.scm.container.common.helpers.ContainerNotOpenException from Server c91fad2c-055b-4e28-9a69-d7c44c729cdb: Container 1 in CLOSED state, logIndex=0, commits[c91fad2c-055b-4e28-9a69-d7c44c729cdb:c14]
14:35:59.075 [grpc-default-executor-11] ERROR DNAudit - user=null | ip=null | op=PUT_BLOCK {blockData=[blockId=conID: 1 locID: 102434639106211851 bcsId: 0,size=800]} | ret=FAILURE
org.apache.hadoop.hdds.scm.container.common.helpers.ContainerNotOpenException: Container 1 in CLOSED state
	at org.apache.hadoop.ozone.container.common.impl.HddsDispatcher.validateContainerCommand(HddsDispatcher.java:408) ~[hadoop-hdds-container-service-0.5.0-SNAPSHOT.jar:?]
	at org.apache.hadoop.ozone.container.common.transport.server.ratis.ContainerStateMachine.startTransaction(ContainerStateMachine.java:271) ~[hadoop-hdds-container-service-0.5.0-SNAPSHOT.jar:?]
	at org.apache.ratis.server.impl.RaftServerImpl.submitClientRequestAsync(RaftServerImpl.java:566) ~[ratis-server-0.4.0-2337318-SNAPSHOT.jar:0.4.0-2337318-SNAPSHOT]
	at org.apache.ratis.server.impl.RaftServerProxy.lambda$submitClientRequestAsync$7(RaftServerProxy.java:333) ~[ratis-server-0.4.0-2337318-SNAPSHOT.jar:0.4.0-2337318-SNAPSHOT]
	at org.apache.ratis.server.impl.RaftServerProxy.lambda$null$5(RaftServerProxy.java:328) ~[ratis-server-0.4.0-2337318-SNAPSHOT.jar:0.4.0-2337318-SNAPSHOT]
	at org.apache.ratis.util.JavaUtils.callAsUnchecked(JavaUtils.java:109) ~[ratis-common-0.4.0-2337318-SNAPSHOT.jar:0.4.0-2337318-SNAPSHOT]
	at org.apache.ratis.server.impl.RaftServerProxy.lambda$submitRequest$6(RaftServerProxy.java:328) ~[ratis-server-0.4.0-2337318-SNAPSHOT.jar:0.4.0-2337318-SNAPSHOT]
	at java.util.concurrent.CompletableFuture.uniComposeStage(CompletableFuture.java:981) ~[?:1.8.0_212]
	at java.util.concurrent.CompletableFuture.thenCompose(CompletableFuture.java:2124) ~[?:1.8.0_212]
	at org.apache.ratis.server.impl.RaftServerProxy.submitRequest(RaftServerProxy.java:327) ~[ratis-server-0.4.0-2337318-SNAPSHOT.jar:0.4.0-2337318-SNAPSHOT]
	at org.apache.ratis.server.impl.RaftServerProxy.submitClientRequestAsync(RaftServerProxy.java:333) ~[ratis-server-0.4.0-2337318-SNAPSHOT.jar:0.4.0-2337318-SNAPSHOT]
	at org.apache.ratis.grpc.client.GrpcClientProtocolService$RequestStreamObserver.processClientRequest(GrpcClientProtocolService.java:220) ~[ratis-grpc-0.4.0-2337318-SNAPSHOT.jar:0.4.0-2337318-SNAPSHOT]
	at org.apache.ratis.grpc.client.GrpcClientProtocolService$OrderedRequestStreamObserver.processClientRequest(GrpcClientProtocolService.java:326) ~[ratis-grpc-0.4.0-2337318-SNAPSHOT.jar:0.4.0-2337318-SNAPSHOT]
	at org.apache.ratis.util.SlidingWindow$Server.processRequestsFromHead(SlidingWindow.java:429) [ratis-common-0.4.0-2337318-SNAPSHOT.jar:0.4.0-2337318-SNAPSHOT]
	at org.apache.ratis.util.SlidingWindow$Server.receivedRequest(SlidingWindow.java:421) [ratis-common-0.4.0-2337318-SNAPSHOT.jar:0.4.0-2337318-SNAPSHOT]
	at org.apache.ratis.grpc.client.GrpcClientProtocolService$OrderedRequestStreamObserver.processClientRequest(GrpcClientProtocolService.java:345) [ratis-grpc-0.4.0-2337318-SNAPSHOT.jar:0.4.0-2337318-SNAPSHOT]
	at org.apache.ratis.grpc.client.GrpcClientProtocolService$RequestStreamObserver.onNext(GrpcClientProtocolService.java:240) [ratis-grpc-0.4.0-2337318-SNAPSHOT.jar:0.4.0-2337318-SNAPSHOT]
	at org.apache.ratis.grpc.client.GrpcClientProtocolService$RequestStreamObserver.onNext(GrpcClientProtocolService.java:168) [ratis-grpc-0.4.0-2337318-SNAPSHOT.jar:0.4.0-2337318-SNAPSHOT]
	at org.apache.ratis.thirdparty.io.grpc.stub.ServerCalls$StreamingServerCallHandler$StreamingServerCallListener.onMessage(ServerCalls.java:248) [ratis-thirdparty-misc-0.2.0.jar:0.2.0]
	at org.apache.ratis.thirdparty.io.grpc.internal.ServerCallImpl$ServerStreamListenerImpl.messagesAvailable(ServerCallImpl.java:263) [ratis-thirdparty-misc-0.2.0.jar:0.2.0]
	at org.apache.ratis.thirdparty.io.grpc.internal.ServerImpl$JumpToApplicationThreadServerStreamListener$1MessagesAvailable.runInContext(ServerImpl.java:686) [ratis-thirdparty-misc-0.2.0.jar:0.2.0]
	at org.apache.ratis.thirdparty.io.grpc.internal.ContextRunnable.run(ContextRunnable.java:37) [ratis-thirdparty-misc-0.2.0.jar:0.2.0]
	at org.apache.ratis.thirdparty.io.grpc.internal.SerializingExecutor.run(SerializingExecutor.java:123) [ratis-thirdparty-misc-0.2.0.jar:0.2.0]
	at java.util.concurrent.ThreadPoolExecutor.runWorker(ThreadPoolExecutor.java:1149) [?:1.8.0_212]
	at java.util.concurrent.ThreadPoolExecutor$Worker.run(ThreadPoolExecutor.java:624) [?:1.8.0_212]
	at java.lang.Thread.run(Thread.java:748) [?:1.8.0_212]
2019-07-13 14:35:59,076 INFO  client.GrpcClientProtocolClient (GrpcClientProtocolClient.java:onNext(255)) - client-0BECF66D1AD7->c91fad2c-055b-4e28-9a69-d7c44c729cdb: receive RaftClientReply:client-0BECF66D1AD7->c91fad2c-055b-4e28-9a69-d7c44c729cdb@group-69E2034D319D, cid=160, FAILED org.apache.ratis.protocol.StateMachineException: org.apache.hadoop.hdds.scm.container.common.helpers.ContainerNotOpenException from Server c91fad2c-055b-4e28-9a69-d7c44c729cdb: Container 1 in CLOSED state, logIndex=0, commits[c91fad2c-055b-4e28-9a69-d7c44c729cdb:c14]
2019-07-13 14:35:59,083 INFO  client.GrpcClientProtocolClient (GrpcClientProtocolClient.java:onNext(255)) - client-0BECF66D1AD7->c91fad2c-055b-4e28-9a69-d7c44c729cdb: receive RaftClientReply:client-0BECF66D1AD7->c91fad2c-055b-4e28-9a69-d7c44c729cdb@group-69E2034D319D, cid=161, FAILED org.apache.ratis.protocol.StateMachineException: org.apache.hadoop.hdds.scm.container.common.helpers.ContainerNotOpenException from Server c91fad2c-055b-4e28-9a69-d7c44c729cdb: Container 1 in CLOSED state, logIndex=0, commits[c91fad2c-055b-4e28-9a69-d7c44c729cdb:c14]
2019-07-13 14:35:59,138 INFO  client.GrpcClientProtocolClient (GrpcClientProtocolClient.java:onNext(255)) - client-0BECF66D1AD7->c91fad2c-055b-4e28-9a69-d7c44c729cdb: receive RaftClientReply:client-0BECF66D1AD7->c91fad2c-055b-4e28-9a69-d7c44c729cdb@group-69E2034D319D, cid=162, SUCCESS, logIndex=15, commits[c91fad2c-055b-4e28-9a69-d7c44c729cdb:c20]
2019-07-13 14:35:59,138 INFO  client.GrpcClientProtocolClient (GrpcClientProtocolClient.java:onNext(255)) - client-0BECF66D1AD7->c91fad2c-055b-4e28-9a69-d7c44c729cdb: receive RaftClientReply:client-0BECF66D1AD7->c91fad2c-055b-4e28-9a69-d7c44c729cdb@group-69E2034D319D, cid=163, SUCCESS, logIndex=16, commits[c91fad2c-055b-4e28-9a69-d7c44c729cdb:c20]
2019-07-13 14:35:59,160 INFO  client.GrpcClientProtocolClient (GrpcClientProtocolClient.java:onNext(255)) - client-0BECF66D1AD7->c91fad2c-055b-4e28-9a69-d7c44c729cdb: receive RaftClientReply:client-0BECF66D1AD7->c91fad2c-055b-4e28-9a69-d7c44c729cdb@group-69E2034D319D, cid=164, SUCCESS, logIndex=17, commits[c91fad2c-055b-4e28-9a69-d7c44c729cdb:c21]
2019-07-13 14:35:59,161 INFO  client.GrpcClientProtocolClient (GrpcClientProtocolClient.java:onNext(255)) - client-0BECF66D1AD7->c91fad2c-055b-4e28-9a69-d7c44c729cdb: receive RaftClientReply:client-0BECF66D1AD7->c91fad2c-055b-4e28-9a69-d7c44c729cdb@group-69E2034D319D, cid=165, SUCCESS, logIndex=18, commits[c91fad2c-055b-4e28-9a69-d7c44c729cdb:c21]
2019-07-13 14:35:59,162 INFO  client.GrpcClientProtocolClient (GrpcClientProtocolClient.java:onNext(255)) - client-0BECF66D1AD7->c91fad2c-055b-4e28-9a69-d7c44c729cdb: receive RaftClientReply:client-0BECF66D1AD7->c91fad2c-055b-4e28-9a69-d7c44c729cdb@group-69E2034D319D, cid=166, SUCCESS, logIndex=19, commits[c91fad2c-055b-4e28-9a69-d7c44c729cdb:c21]
2019-07-13 14:35:59,162 INFO  client.GrpcClientProtocolClient (GrpcClientProtocolClient.java:onNext(255)) - client-0BECF66D1AD7->c91fad2c-055b-4e28-9a69-d7c44c729cdb: receive RaftClientReply:client-0BECF66D1AD7->c91fad2c-055b-4e28-9a69-d7c44c729cdb@group-69E2034D319D, cid=167, SUCCESS, logIndex=20, commits[c91fad2c-055b-4e28-9a69-d7c44c729cdb:c21]
2019-07-13 14:35:59,169 INFO  client.GrpcClientProtocolClient (GrpcClientProtocolClient.java:onNext(255)) - client-0BECF66D1AD7->c91fad2c-055b-4e28-9a69-d7c44c729cdb: receive RaftClientReply:client-0BECF66D1AD7->c91fad2c-055b-4e28-9a69-d7c44c729cdb@group-69E2034D319D, cid=168, SUCCESS, logIndex=22, commits[c91fad2c-055b-4e28-9a69-d7c44c729cdb:c23]
2019-07-13 14:35:59,170 INFO  client.GrpcClientProtocolClient (GrpcClientProtocolClient.java:onNext(255)) - client-0BECF66D1AD7->c91fad2c-055b-4e28-9a69-d7c44c729cdb: receive RaftClientReply:client-0BECF66D1AD7->c91fad2c-055b-4e28-9a69-d7c44c729cdb@group-69E2034D319D, cid=169, SUCCESS, logIndex=23, commits[c91fad2c-055b-4e28-9a69-d7c44c729cdb:c23]
2019-07-13 14:35:59,188 INFO  pipeline.Pipeline (Pipeline.java:getProtobufMessage(195)) - Serialize pipeline PipelineID=08a282b8-f3f5-4c6e-8a1c-69e2034d319d with nodesInOrder{ }
2019-07-13 14:35:59,190 INFO  pipeline.Pipeline (Pipeline.java:build(342)) - Deserialize nodesInOrder [c91fad2c-055b-4e28-9a69-d7c44c729cdb{ip: 192.168.5.172, host: trunk-nightly-mhs6z-4061744966, networkLocation: /default-rack, certSerialId: null}] in pipeline PipelineID=08a282b8-f3f5-4c6e-8a1c-69e2034d319d
2019-07-13 14:35:59,190 INFO  ozone.MiniOzoneClusterImpl (MiniOzoneClusterImpl.java:shutdown(321)) - Shutting down the Mini Ozone Cluster
2019-07-13 14:35:59,191 INFO  ozone.MiniOzoneClusterImpl (MiniOzoneClusterImpl.java:stop(336)) - Stopping the Mini Ozone Cluster
2019-07-13 14:35:59,191 INFO  ozone.MiniOzoneClusterImpl (MiniOzoneClusterImpl.java:stop(338)) - Stopping the OzoneManager
2019-07-13 14:35:59,191 INFO  ipc.Server (Server.java:stop(3082)) - Stopping server on 39824
2019-07-13 14:35:59,196 INFO  ipc.Server (Server.java:run(1185)) - Stopping IPC Server listener on 39824
2019-07-13 14:35:59,199 INFO  utils.BackgroundService (BackgroundService.java:shutdown(148)) - Shutting down service KeyDeletingService
2019-07-13 14:35:59,199 INFO  ipc.Server (Server.java:run(1319)) - Stopping IPC Server Responder
2019-07-13 14:35:59,224 INFO  handler.ContextHandler (ContextHandler.java:doStop(910)) - Stopped o.e.j.w.WebAppContext@238a7e3d{/,null,UNAVAILABLE}{/ozoneManager}
2019-07-13 14:35:59,225 INFO  server.AbstractConnector (AbstractConnector.java:doStop(318)) - Stopped ServerConnector@7ed5cc8c{HTTP/1.1,[http/1.1]}{0.0.0.0:0}
2019-07-13 14:35:59,225 INFO  handler.ContextHandler (ContextHandler.java:doStop(910)) - Stopped o.e.j.s.ServletContextHandler@382608d0{/static,file:///tmp/workdir/hadoop-ozone/integration-test/target/test-classes/webapps/static,UNAVAILABLE}
2019-07-13 14:35:59,225 INFO  handler.ContextHandler (ContextHandler.java:doStop(910)) - Stopped o.e.j.s.ServletContextHandler@45302e66{/logs,file:///tmp/workdir/hadoop-ozone/integration-test/target/log,UNAVAILABLE}
2019-07-13 14:35:59,228 INFO  ozone.MiniOzoneClusterImpl (MiniOzoneClusterImpl.java:stop(344)) - Shutting the HddsDatanodes
2019-07-13 14:35:59,229 INFO  datanode.ObjectStoreHandler (ObjectStoreHandler.java:close(155)) - Closing ObjectStoreHandler.
2019-07-13 14:35:59,229 INFO  datanode.ObjectStoreHandler (ObjectStoreHandler.java:close(155)) - Closing ObjectStoreHandler.
2019-07-13 14:35:59,229 INFO  ozone.HddsDatanodeService (HddsDatanodeService.java:stop(452)) - Stopped plug-in org.apache.hadoop.ozone.web.OzoneHddsDatanodeService@48e3017a
2019-07-13 14:35:59,229 INFO  ozone.HddsDatanodeService (HddsDatanodeService.java:stop(452)) - Stopped plug-in org.apache.hadoop.ozone.web.OzoneHddsDatanodeService@54cce500
2019-07-13 14:35:59,355 INFO  statemachine.DatanodeStateMachine (DatanodeStateMachine.java:lambda$startDaemon$0(350)) - Ozone container server started.
2019-07-13 14:35:59,799 INFO  statemachine.DatanodeStateMachine (DatanodeStateMachine.java:lambda$startDaemon$0(350)) - Ozone container server started.
2019-07-13 14:36:03,381 INFO  node.StaleNodeHandler (StaleNodeHandler.java:onMessage(58)) - Datanode c1fc56de-d426-4465-b7de-d712fe9d51c3{ip: 192.168.5.172, host: trunk-nightly-mhs6z-4061744966, networkLocation: /default-rack, certSerialId: null} moved to stale state. Finalizing its pipelines [PipelineID=a3724fc6-c782-4c6a-be9d-6bd8bc1ba742, PipelineID=ae369c54-bf5e-4957-a4a9-61f796081a2f]
2019-07-13 14:36:03,382 INFO  pipeline.SCMPipelineManager (SCMPipelineManager.java:finalizeAndDestroyPipeline(309)) - destroying pipeline:Pipeline[ Id: a3724fc6-c782-4c6a-be9d-6bd8bc1ba742, Nodes: 2483fc38-7b26-4aef-95cf-438e43477517{ip: 192.168.5.172, host: trunk-nightly-mhs6z-4061744966, networkLocation: /default-rack, certSerialId: null}c1fc56de-d426-4465-b7de-d712fe9d51c3{ip: 192.168.5.172, host: trunk-nightly-mhs6z-4061744966, networkLocation: /default-rack, certSerialId: null}6c44a25b-e972-4a0b-9f86-7784e2c59475{ip: 192.168.5.172, host: trunk-nightly-mhs6z-4061744966, networkLocation: /default-rack, certSerialId: null}, Type:RATIS, Factor:THREE, State:OPEN]
2019-07-13 14:36:03,382 INFO  pipeline.PipelineStateManager (PipelineStateManager.java:finalizePipeline(123)) - Pipeline Pipeline[ Id: a3724fc6-c782-4c6a-be9d-6bd8bc1ba742, Nodes: 2483fc38-7b26-4aef-95cf-438e43477517{ip: 192.168.5.172, host: trunk-nightly-mhs6z-4061744966, networkLocation: /default-rack, certSerialId: null}c1fc56de-d426-4465-b7de-d712fe9d51c3{ip: 192.168.5.172, host: trunk-nightly-mhs6z-4061744966, networkLocation: /default-rack, certSerialId: null}6c44a25b-e972-4a0b-9f86-7784e2c59475{ip: 192.168.5.172, host: trunk-nightly-mhs6z-4061744966, networkLocation: /default-rack, certSerialId: null}, Type:RATIS, Factor:THREE, State:CLOSED] moved to CLOSED state
2019-07-13 14:36:03,382 INFO  pipeline.SCMPipelineManager (SCMPipelineManager.java:finalizeAndDestroyPipeline(309)) - destroying pipeline:Pipeline[ Id: ae369c54-bf5e-4957-a4a9-61f796081a2f, Nodes: c1fc56de-d426-4465-b7de-d712fe9d51c3{ip: 192.168.5.172, host: trunk-nightly-mhs6z-4061744966, networkLocation: /default-rack, certSerialId: null}, Type:RATIS, Factor:ONE, State:OPEN]
2019-07-13 14:36:03,383 INFO  pipeline.PipelineStateManager (PipelineStateManager.java:finalizePipeline(123)) - Pipeline Pipeline[ Id: ae369c54-bf5e-4957-a4a9-61f796081a2f, Nodes: c1fc56de-d426-4465-b7de-d712fe9d51c3{ip: 192.168.5.172, host: trunk-nightly-mhs6z-4061744966, networkLocation: /default-rack, certSerialId: null}, Type:RATIS, Factor:ONE, State:CLOSED] moved to CLOSED state
2019-07-13 14:36:03,882 INFO  node.StaleNodeHandler (StaleNodeHandler.java:onMessage(58)) - Datanode bdd6b5ff-7339-4f7a-9308-21a615dbed7d{ip: 192.168.5.172, host: trunk-nightly-mhs6z-4061744966, networkLocation: /default-rack, certSerialId: null} moved to stale state. Finalizing its pipelines [PipelineID=a7402c4c-5757-40ef-b8f2-1d9a71df64c7, PipelineID=51742aea-47ca-4e5d-abc8-5fe958ce27df]
2019-07-13 14:36:03,882 INFO  pipeline.SCMPipelineManager (SCMPipelineManager.java:finalizeAndDestroyPipeline(309)) - destroying pipeline:Pipeline[ Id: a7402c4c-5757-40ef-b8f2-1d9a71df64c7, Nodes: bdd6b5ff-7339-4f7a-9308-21a615dbed7d{ip: 192.168.5.172, host: trunk-nightly-mhs6z-4061744966, networkLocation: /default-rack, certSerialId: null}, Type:RATIS, Factor:ONE, State:OPEN]
2019-07-13 14:36:03,882 INFO  pipeline.PipelineStateManager (PipelineStateManager.java:finalizePipeline(123)) - Pipeline Pipeline[ Id: a7402c4c-5757-40ef-b8f2-1d9a71df64c7, Nodes: bdd6b5ff-7339-4f7a-9308-21a615dbed7d{ip: 192.168.5.172, host: trunk-nightly-mhs6z-4061744966, networkLocation: /default-rack, certSerialId: null}, Type:RATIS, Factor:ONE, State:CLOSED] moved to CLOSED state
2019-07-13 14:36:03,883 INFO  pipeline.SCMPipelineManager (SCMPipelineManager.java:finalizeAndDestroyPipeline(309)) - destroying pipeline:Pipeline[ Id: 51742aea-47ca-4e5d-abc8-5fe958ce27df, Nodes: bdd6b5ff-7339-4f7a-9308-21a615dbed7d{ip: 192.168.5.172, host: trunk-nightly-mhs6z-4061744966, networkLocation: /default-rack, certSerialId: null}6fdffdc6-5482-4d35-a29b-f5491da76398{ip: 192.168.5.172, host: trunk-nightly-mhs6z-4061744966, networkLocation: /default-rack, certSerialId: null}d416d95b-33ca-4dc1-b007-e682c8561ca3{ip: 192.168.5.172, host: trunk-nightly-mhs6z-4061744966, networkLocation: /default-rack, certSerialId: null}, Type:RATIS, Factor:THREE, State:OPEN]
2019-07-13 14:36:03,883 INFO  pipeline.PipelineStateManager (PipelineStateManager.java:finalizePipeline(123)) - Pipeline Pipeline[ Id: 51742aea-47ca-4e5d-abc8-5fe958ce27df, Nodes: bdd6b5ff-7339-4f7a-9308-21a615dbed7d{ip: 192.168.5.172, host: trunk-nightly-mhs6z-4061744966, networkLocation: /default-rack, certSerialId: null}6fdffdc6-5482-4d35-a29b-f5491da76398{ip: 192.168.5.172, host: trunk-nightly-mhs6z-4061744966, networkLocation: /default-rack, certSerialId: null}d416d95b-33ca-4dc1-b007-e682c8561ca3{ip: 192.168.5.172, host: trunk-nightly-mhs6z-4061744966, networkLocation: /default-rack, certSerialId: null}, Type:RATIS, Factor:THREE, State:CLOSED] moved to CLOSED state
2019-07-13 14:36:04,230 INFO  ozoneimpl.OzoneContainer (OzoneContainer.java:stop(199)) - Attempting to stop container services.
2019-07-13 14:36:04,230 INFO  ozoneimpl.OzoneContainer (OzoneContainer.java:stop(199)) - Attempting to stop container services.
2019-07-13 14:36:04,231 INFO  impl.RaftServerProxy (RaftServerProxy.java:lambda$close$4(314)) - c1fc56de-d426-4465-b7de-d712fe9d51c3: close
2019-07-13 14:36:04,231 INFO  impl.RaftServerProxy (RaftServerProxy.java:lambda$close$4(314)) - bdd6b5ff-7339-4f7a-9308-21a615dbed7d: close
2019-07-13 14:36:04,232 INFO  impl.RaftServerImpl (RaftServerImpl.java:lambda$shutdown$3(245)) - c1fc56de-d426-4465-b7de-d712fe9d51c3: shutdown group-6BD8BC1BA742
2019-07-13 14:36:04,232 INFO  impl.RaftServerImpl (RaftServerImpl.java:lambda$shutdown$3(245)) - bdd6b5ff-7339-4f7a-9308-21a615dbed7d: shutdown group-1D9A71DF64C7
2019-07-13 14:36:04,232 INFO  util.JmxRegister (JmxRegister.java:unregister(73)) - Successfully un-registered JMX Bean with object name Ratis:service=RaftServer,group=group-6BD8BC1BA742,id=c1fc56de-d426-4465-b7de-d712fe9d51c3
2019-07-13 14:36:04,232 INFO  util.JmxRegister (JmxRegister.java:unregister(73)) - Successfully un-registered JMX Bean with object name Ratis:service=RaftServer,group=group-1D9A71DF64C7,id=bdd6b5ff-7339-4f7a-9308-21a615dbed7d
2019-07-13 14:36:04,233 INFO  impl.RoleInfo (RoleInfo.java:shutdownLeaderState(104)) - c1fc56de-d426-4465-b7de-d712fe9d51c3: shutdown LeaderState
2019-07-13 14:36:04,233 INFO  impl.RoleInfo (RoleInfo.java:shutdownLeaderState(104)) - bdd6b5ff-7339-4f7a-9308-21a615dbed7d: shutdown LeaderState
2019-07-13 14:36:04,240 WARN  server.GrpcLogAppender (GrpcLogAppender.java:mayWait(143)) - GrpcLogAppender(c1fc56de-d426-4465-b7de-d712fe9d51c3->2483fc38-7b26-4aef-95cf-438e43477517): Wait interrupted by java.lang.InterruptedException
2019-07-13 14:36:04,240 WARN  server.GrpcLogAppender (GrpcLogAppender.java:mayWait(143)) - GrpcLogAppender(c1fc56de-d426-4465-b7de-d712fe9d51c3->6c44a25b-e972-4a0b-9f86-7784e2c59475): Wait interrupted by java.lang.InterruptedException
2019-07-13 14:36:04,240 INFO  impl.PendingRequests (PendingRequests.java:sendNotLeaderResponses(202)) - c1fc56de-d426-4465-b7de-d712fe9d51c3-PendingRequests: sendNotLeaderResponses
2019-07-13 14:36:04,240 INFO  server.GrpcServerProtocolService (GrpcServerProtocolService.java:onCompleted(104)) - 6c44a25b-e972-4a0b-9f86-7784e2c59475: appendEntries completed
2019-07-13 14:36:04,240 INFO  server.GrpcServerProtocolService (GrpcServerProtocolService.java:onCompleted(104)) - 2483fc38-7b26-4aef-95cf-438e43477517: appendEntries completed
2019-07-13 14:36:04,240 INFO  impl.PendingRequests (PendingRequests.java:sendNotLeaderResponses(202)) - bdd6b5ff-7339-4f7a-9308-21a615dbed7d-PendingRequests: sendNotLeaderResponses
2019-07-13 14:36:04,241 INFO  server.GrpcLogAppender (GrpcLogAppender.java:onCompleted(292)) - c1fc56de-d426-4465-b7de-d712fe9d51c3->6c44a25b-e972-4a0b-9f86-7784e2c59475: follower responses appendEntries COMPLETED
2019-07-13 14:36:04,241 INFO  ratis.ContainerStateMachine (ContainerStateMachine.java:takeSnapshot(246)) - Taking snapshot at termIndex:(t:0, i:~)
2019-07-13 14:36:04,241 INFO  impl.StateMachineUpdater (StateMachineUpdater.java:stopAndJoin(115)) - StateMachineUpdater:c1fc56de-d426-4465-b7de-d712fe9d51c3:group-6BD8BC1BA742: set stopIndex = 0
2019-07-13 14:36:04,242 INFO  impl.FollowerInfo (FollowerInfo.java:lambda$new$0(50)) - c1fc56de-d426-4465-b7de-d712fe9d51c3->6c44a25b-e972-4a0b-9f86-7784e2c59475: nextIndex: updateUnconditionally 1 -> 0
2019-07-13 14:36:04,241 INFO  ratis.ContainerStateMachine (ContainerStateMachine.java:takeSnapshot(246)) - Taking snapshot at termIndex:(t:0, i:~)
2019-07-13 14:36:04,241 INFO  server.GrpcLogAppender (GrpcLogAppender.java:onCompleted(292)) - c1fc56de-d426-4465-b7de-d712fe9d51c3->2483fc38-7b26-4aef-95cf-438e43477517: follower responses appendEntries COMPLETED
2019-07-13 14:36:04,241 INFO  impl.StateMachineUpdater (StateMachineUpdater.java:stopAndJoin(115)) - StateMachineUpdater:bdd6b5ff-7339-4f7a-9308-21a615dbed7d:group-1D9A71DF64C7: set stopIndex = 0
2019-07-13 14:36:04,243 INFO  impl.FollowerInfo (FollowerInfo.java:lambda$new$0(50)) - c1fc56de-d426-4465-b7de-d712fe9d51c3->2483fc38-7b26-4aef-95cf-438e43477517: nextIndex: updateUnconditionally 1 -> 0
2019-07-13 14:36:04,242 INFO  impl.RaftServerImpl (ServerState.java:close(394)) - c1fc56de-d426-4465-b7de-d712fe9d51c3:group-6BD8BC1BA742 closes. The last applied log index is 0
2019-07-13 14:36:04,243 INFO  impl.RaftServerImpl (ServerState.java:close(394)) - bdd6b5ff-7339-4f7a-9308-21a615dbed7d:group-1D9A71DF64C7 closes. The last applied log index is 0
2019-07-13 14:36:04,244 INFO  segmented.SegmentedRaftLogWorker (SegmentedRaftLogWorker.java:run(313)) - c1fc56de-d426-4465-b7de-d712fe9d51c3-SegmentedRaftLogWorker:Storage Directory /tmp/workdir/hadoop-ozone/integration-test/target/test-dir/MiniOzoneClusterImpl-d90cfd36-4d9c-40bf-863f-665d19222a86/datanode-4/data/ratis/a3724fc6-c782-4c6a-be9d-6bd8bc1ba742 was interrupted, exiting. There are 0 tasks remaining in the queue.
2019-07-13 14:36:04,245 INFO  segmented.SegmentedRaftLogWorker (SegmentedRaftLogWorker.java:run(313)) - bdd6b5ff-7339-4f7a-9308-21a615dbed7d-SegmentedRaftLogWorker:Storage Directory /tmp/workdir/hadoop-ozone/integration-test/target/test-dir/MiniOzoneClusterImpl-d90cfd36-4d9c-40bf-863f-665d19222a86/datanode-1/data/ratis/a7402c4c-5757-40ef-b8f2-1d9a71df64c7 was interrupted, exiting. There are 0 tasks remaining in the queue.
2019-07-13 14:36:04,249 INFO  segmented.SegmentedRaftLogWorker (SegmentedRaftLogWorker.java:close(228)) - c1fc56de-d426-4465-b7de-d712fe9d51c3-SegmentedRaftLogWorker:Storage Directory /tmp/workdir/hadoop-ozone/integration-test/target/test-dir/MiniOzoneClusterImpl-d90cfd36-4d9c-40bf-863f-665d19222a86/datanode-4/data/ratis/a3724fc6-c782-4c6a-be9d-6bd8bc1ba742 close()
2019-07-13 14:36:04,249 INFO  segmented.SegmentedRaftLogWorker (SegmentedRaftLogWorker.java:close(228)) - bdd6b5ff-7339-4f7a-9308-21a615dbed7d-SegmentedRaftLogWorker:Storage Directory /tmp/workdir/hadoop-ozone/integration-test/target/test-dir/MiniOzoneClusterImpl-d90cfd36-4d9c-40bf-863f-665d19222a86/datanode-1/data/ratis/a7402c4c-5757-40ef-b8f2-1d9a71df64c7 close()
2019-07-13 14:36:04,265 INFO  impl.RaftServerImpl (RaftServerImpl.java:lambda$shutdown$3(245)) - c1fc56de-d426-4465-b7de-d712fe9d51c3: shutdown group-61F796081A2F
2019-07-13 14:36:04,267 INFO  impl.RaftServerImpl (RaftServerImpl.java:lambda$shutdown$3(245)) - bdd6b5ff-7339-4f7a-9308-21a615dbed7d: shutdown group-5FE958CE27DF
2019-07-13 14:36:04,268 INFO  util.JmxRegister (JmxRegister.java:unregister(73)) - Successfully un-registered JMX Bean with object name Ratis:service=RaftServer,group=group-61F796081A2F,id=c1fc56de-d426-4465-b7de-d712fe9d51c3
2019-07-13 14:36:04,268 INFO  impl.RoleInfo (RoleInfo.java:shutdownLeaderState(104)) - c1fc56de-d426-4465-b7de-d712fe9d51c3: shutdown LeaderState
2019-07-13 14:36:04,268 INFO  util.JmxRegister (JmxRegister.java:unregister(73)) - Successfully un-registered JMX Bean with object name Ratis:service=RaftServer,group=group-5FE958CE27DF,id=bdd6b5ff-7339-4f7a-9308-21a615dbed7d
2019-07-13 14:36:04,269 INFO  impl.PendingRequests (PendingRequests.java:sendNotLeaderResponses(202)) - c1fc56de-d426-4465-b7de-d712fe9d51c3-PendingRequests: sendNotLeaderResponses
2019-07-13 14:36:04,269 INFO  impl.RoleInfo (RoleInfo.java:shutdownFollowerState(121)) - bdd6b5ff-7339-4f7a-9308-21a615dbed7d: shutdown FollowerState
2019-07-13 14:36:04,270 INFO  ratis.ContainerStateMachine (ContainerStateMachine.java:takeSnapshot(246)) - Taking snapshot at termIndex:(t:0, i:~)
2019-07-13 14:36:04,270 INFO  impl.StateMachineUpdater (StateMachineUpdater.java:stopAndJoin(115)) - StateMachineUpdater:c1fc56de-d426-4465-b7de-d712fe9d51c3:group-61F796081A2F: set stopIndex = 0
2019-07-13 14:36:04,270 INFO  impl.FollowerState (FollowerState.java:run(114)) - bdd6b5ff-7339-4f7a-9308-21a615dbed7d: FollowerState was interrupted: java.lang.InterruptedException: sleep interrupted
2019-07-13 14:36:04,270 INFO  ratis.ContainerStateMachine (ContainerStateMachine.java:takeSnapshot(246)) - Taking snapshot at termIndex:(t:0, i:~)
2019-07-13 14:36:04,270 INFO  impl.StateMachineUpdater (StateMachineUpdater.java:stopAndJoin(115)) - StateMachineUpdater:bdd6b5ff-7339-4f7a-9308-21a615dbed7d:group-5FE958CE27DF: set stopIndex = 0
2019-07-13 14:36:04,271 INFO  impl.RaftServerImpl (ServerState.java:close(394)) - bdd6b5ff-7339-4f7a-9308-21a615dbed7d:group-5FE958CE27DF closes. The last applied log index is 0
2019-07-13 14:36:04,271 INFO  impl.RaftServerImpl (ServerState.java:close(394)) - c1fc56de-d426-4465-b7de-d712fe9d51c3:group-61F796081A2F closes. The last applied log index is 0
2019-07-13 14:36:04,272 INFO  segmented.SegmentedRaftLogWorker (SegmentedRaftLogWorker.java:run(313)) - bdd6b5ff-7339-4f7a-9308-21a615dbed7d-SegmentedRaftLogWorker:Storage Directory /tmp/workdir/hadoop-ozone/integration-test/target/test-dir/MiniOzoneClusterImpl-d90cfd36-4d9c-40bf-863f-665d19222a86/datanode-1/data/ratis/51742aea-47ca-4e5d-abc8-5fe958ce27df was interrupted, exiting. There are 0 tasks remaining in the queue.
2019-07-13 14:36:04,272 INFO  segmented.SegmentedRaftLogWorker (SegmentedRaftLogWorker.java:run(313)) - c1fc56de-d426-4465-b7de-d712fe9d51c3-SegmentedRaftLogWorker:Storage Directory /tmp/workdir/hadoop-ozone/integration-test/target/test-dir/MiniOzoneClusterImpl-d90cfd36-4d9c-40bf-863f-665d19222a86/datanode-4/data/ratis/ae369c54-bf5e-4957-a4a9-61f796081a2f was interrupted, exiting. There are 0 tasks remaining in the queue.
2019-07-13 14:36:04,274 INFO  segmented.SegmentedRaftLogWorker (SegmentedRaftLogWorker.java:close(228)) - bdd6b5ff-7339-4f7a-9308-21a615dbed7d-SegmentedRaftLogWorker:Storage Directory /tmp/workdir/hadoop-ozone/integration-test/target/test-dir/MiniOzoneClusterImpl-d90cfd36-4d9c-40bf-863f-665d19222a86/datanode-1/data/ratis/51742aea-47ca-4e5d-abc8-5fe958ce27df close()
2019-07-13 14:36:04,276 INFO  segmented.SegmentedRaftLogWorker (SegmentedRaftLogWorker.java:close(228)) - c1fc56de-d426-4465-b7de-d712fe9d51c3-SegmentedRaftLogWorker:Storage Directory /tmp/workdir/hadoop-ozone/integration-test/target/test-dir/MiniOzoneClusterImpl-d90cfd36-4d9c-40bf-863f-665d19222a86/datanode-4/data/ratis/ae369c54-bf5e-4957-a4a9-61f796081a2f close()
2019-07-13 14:36:04,279 INFO  server.GrpcService (GrpcService.java:closeImpl(155)) - bdd6b5ff-7339-4f7a-9308-21a615dbed7d: shutdown server with port 42953 now
2019-07-13 14:36:04,281 INFO  server.GrpcService (GrpcService.java:closeImpl(155)) - c1fc56de-d426-4465-b7de-d712fe9d51c3: shutdown server with port 39415 now
2019-07-13 14:36:04,282 INFO  server.GrpcService (GrpcService.java:closeImpl(163)) - c1fc56de-d426-4465-b7de-d712fe9d51c3: shutdown server with port 39415 successfully
2019-07-13 14:36:04,282 INFO  server.GrpcService (GrpcService.java:closeImpl(163)) - bdd6b5ff-7339-4f7a-9308-21a615dbed7d: shutdown server with port 42953 successfully
2019-07-13 14:36:04,282 WARN  server.GrpcLogAppender (LogUtils.java:warn(134)) - d416d95b-33ca-4dc1-b007-e682c8561ca3->bdd6b5ff-7339-4f7a-9308-21a615dbed7d: Failed appendEntries: org.apache.ratis.thirdparty.io.grpc.StatusRuntimeException: CANCELLED: HTTP/2 error code: CANCEL
Received Rst Stream
2019-07-13 14:36:04,282 WARN  server.GrpcServerProtocolService (LogUtils.java:warn(134)) - bdd6b5ff-7339-4f7a-9308-21a615dbed7d: appendEntries onError: org.apache.ratis.thirdparty.io.grpc.StatusRuntimeException: CANCELLED: cancelled before receiving half close
2019-07-13 14:36:04,283 INFO  impl.FollowerInfo (FollowerInfo.java:lambda$new$0(50)) - d416d95b-33ca-4dc1-b007-e682c8561ca3->bdd6b5ff-7339-4f7a-9308-21a615dbed7d: nextIndex: updateUnconditionally 1 -> 0
2019-07-13 14:36:04,283 INFO  utils.BackgroundService (BackgroundService.java:shutdown(148)) - Shutting down service BlockDeletingService
2019-07-13 14:36:04,284 INFO  utils.BackgroundService (BackgroundService.java:shutdown(148)) - Shutting down service BlockDeletingService
2019-07-13 14:36:04,292 WARN  fs.CachingGetSpaceUsed (CachingGetSpaceUsed.java:run(183)) - Thread Interrupted waiting to refresh disk information: sleep interrupted
2019-07-13 14:36:04,292 WARN  fs.CachingGetSpaceUsed (CachingGetSpaceUsed.java:run(183)) - Thread Interrupted waiting to refresh disk information: sleep interrupted
2019-07-13 14:36:04,314 INFO  statemachine.DatanodeStateMachine (DatanodeStateMachine.java:stopDaemon(395)) - Ozone container server stopped.
2019-07-13 14:36:04,314 INFO  statemachine.DatanodeStateMachine (DatanodeStateMachine.java:stopDaemon(395)) - Ozone container server stopped.
2019-07-13 14:36:04,321 INFO  handler.ContextHandler (ContextHandler.java:doStop(910)) - Stopped o.e.j.w.WebAppContext@564fc235{/,null,UNAVAILABLE}{/hddsDatanode}
2019-07-13 14:36:04,321 INFO  handler.ContextHandler (ContextHandler.java:doStop(910)) - Stopped o.e.j.w.WebAppContext@13d1653{/,null,UNAVAILABLE}{/hddsDatanode}
2019-07-13 14:36:04,322 INFO  server.AbstractConnector (AbstractConnector.java:doStop(318)) - Stopped ServerConnector@65b7678a{HTTP/1.1,[http/1.1]}{0.0.0.0:0}
2019-07-13 14:36:04,322 INFO  server.AbstractConnector (AbstractConnector.java:doStop(318)) - Stopped ServerConnector@3533d790{HTTP/1.1,[http/1.1]}{0.0.0.0:0}
2019-07-13 14:36:04,326 INFO  handler.ContextHandler (ContextHandler.java:doStop(910)) - Stopped o.e.j.s.ServletContextHandler@415419a4{/static,jar:file:/home/user/.m2/repository/org/apache/hadoop/hadoop-hdds-container-service/0.5.0-SNAPSHOT/hadoop-hdds-container-service-0.5.0-SNAPSHOT.jar!/webapps/static,UNAVAILABLE}
2019-07-13 14:36:04,326 INFO  handler.ContextHandler (ContextHandler.java:doStop(910)) - Stopped o.e.j.s.ServletContextHandler@6abaa14b{/static,jar:file:/home/user/.m2/repository/org/apache/hadoop/hadoop-hdds-container-service/0.5.0-SNAPSHOT/hadoop-hdds-container-service-0.5.0-SNAPSHOT.jar!/webapps/static,UNAVAILABLE}
2019-07-13 14:36:04,329 INFO  handler.ContextHandler (ContextHandler.java:doStop(910)) - Stopped o.e.j.s.ServletContextHandler@7d2a4598{/logs,file:///tmp/workdir/hadoop-ozone/integration-test/target/log,UNAVAILABLE}
2019-07-13 14:36:04,329 INFO  handler.ContextHandler (ContextHandler.java:doStop(910)) - Stopped o.e.j.s.ServletContextHandler@37a36194{/logs,file:///tmp/workdir/hadoop-ozone/integration-test/target/log,UNAVAILABLE}
2019-07-13 14:36:04,330 INFO  datanode.ObjectStoreHandler (ObjectStoreHandler.java:close(155)) - Closing ObjectStoreHandler.
2019-07-13 14:36:04,330 INFO  datanode.ObjectStoreHandler (ObjectStoreHandler.java:close(155)) - Closing ObjectStoreHandler.
2019-07-13 14:36:04,331 INFO  ozone.HddsDatanodeService (HddsDatanodeService.java:stop(452)) - Stopped plug-in org.apache.hadoop.ozone.web.OzoneHddsDatanodeService@2c3d0ff8
2019-07-13 14:36:04,331 INFO  ozone.HddsDatanodeService (HddsDatanodeService.java:stop(452)) - Stopped plug-in org.apache.hadoop.ozone.web.OzoneHddsDatanodeService@40ecead5
2019-07-13 14:36:04,968 INFO  statemachine.DatanodeStateMachine (DatanodeStateMachine.java:lambda$startDaemon$0(350)) - Ozone container server started.
2019-07-13 14:36:05,163 INFO  statemachine.DatanodeStateMachine (DatanodeStateMachine.java:lambda$startDaemon$0(350)) - Ozone container server started.
2019-07-13 14:36:06,676 WARN  server.GrpcLogAppender (LogUtils.java:warn(134)) - d416d95b-33ca-4dc1-b007-e682c8561ca3->bdd6b5ff-7339-4f7a-9308-21a615dbed7d: Failed appendEntries: org.apache.ratis.thirdparty.io.grpc.StatusRuntimeException: UNAVAILABLE: io exception
2019-07-13 14:36:06,676 INFO  impl.FollowerInfo (FollowerInfo.java:lambda$new$0(50)) - d416d95b-33ca-4dc1-b007-e682c8561ca3->bdd6b5ff-7339-4f7a-9308-21a615dbed7d: nextIndex: updateUnconditionally 0 -> 0
2019-07-13 14:36:08,989 INFO  node.StaleNodeHandler (StaleNodeHandler.java:onMessage(58)) - Datanode d416d95b-33ca-4dc1-b007-e682c8561ca3{ip: 192.168.5.172, host: trunk-nightly-mhs6z-4061744966, networkLocation: /default-rack, certSerialId: null} moved to stale state. Finalizing its pipelines [PipelineID=51742aea-47ca-4e5d-abc8-5fe958ce27df, PipelineID=ec6e8b32-9bfe-4bc5-944b-961472ef6d28]
2019-07-13 14:36:08,989 INFO  pipeline.SCMPipelineManager (SCMPipelineManager.java:finalizeAndDestroyPipeline(309)) - destroying pipeline:Pipeline[ Id: 51742aea-47ca-4e5d-abc8-5fe958ce27df, Nodes: bdd6b5ff-7339-4f7a-9308-21a615dbed7d{ip: 192.168.5.172, host: trunk-nightly-mhs6z-4061744966, networkLocation: /default-rack, certSerialId: null}6fdffdc6-5482-4d35-a29b-f5491da76398{ip: 192.168.5.172, host: trunk-nightly-mhs6z-4061744966, networkLocation: /default-rack, certSerialId: null}d416d95b-33ca-4dc1-b007-e682c8561ca3{ip: 192.168.5.172, host: trunk-nightly-mhs6z-4061744966, networkLocation: /default-rack, certSerialId: null}, Type:RATIS, Factor:THREE, State:CLOSED]
2019-07-13 14:36:08,989 INFO  pipeline.SCMPipelineManager (SCMPipelineManager.java:finalizeAndDestroyPipeline(309)) - destroying pipeline:Pipeline[ Id: ec6e8b32-9bfe-4bc5-944b-961472ef6d28, Nodes: d416d95b-33ca-4dc1-b007-e682c8561ca3{ip: 192.168.5.172, host: trunk-nightly-mhs6z-4061744966, networkLocation: /default-rack, certSerialId: null}, Type:RATIS, Factor:ONE, State:OPEN]
2019-07-13 14:36:08,989 INFO  pipeline.PipelineStateManager (PipelineStateManager.java:finalizePipeline(123)) - Pipeline Pipeline[ Id: ec6e8b32-9bfe-4bc5-944b-961472ef6d28, Nodes: d416d95b-33ca-4dc1-b007-e682c8561ca3{ip: 192.168.5.172, host: trunk-nightly-mhs6z-4061744966, networkLocation: /default-rack, certSerialId: null}, Type:RATIS, Factor:ONE, State:CLOSED] moved to CLOSED state
2019-07-13 14:36:09,176 WARN  server.GrpcLogAppender (LogUtils.java:warn(134)) - d416d95b-33ca-4dc1-b007-e682c8561ca3->bdd6b5ff-7339-4f7a-9308-21a615dbed7d: Failed appendEntries: org.apache.ratis.thirdparty.io.grpc.StatusRuntimeException: UNAVAILABLE: io exception
2019-07-13 14:36:09,176 INFO  impl.FollowerInfo (FollowerInfo.java:lambda$new$0(50)) - d416d95b-33ca-4dc1-b007-e682c8561ca3->bdd6b5ff-7339-4f7a-9308-21a615dbed7d: nextIndex: updateUnconditionally 0 -> 0
2019-07-13 14:36:09,189 INFO  node.StaleNodeHandler (StaleNodeHandler.java:onMessage(58)) - Datanode 2483fc38-7b26-4aef-95cf-438e43477517{ip: 192.168.5.172, host: trunk-nightly-mhs6z-4061744966, networkLocation: /default-rack, certSerialId: null} moved to stale state. Finalizing its pipelines [PipelineID=a3724fc6-c782-4c6a-be9d-6bd8bc1ba742, PipelineID=7e4b65ce-7714-4c09-9b68-2ddcf8b305d9]
2019-07-13 14:36:09,189 INFO  pipeline.SCMPipelineManager (SCMPipelineManager.java:finalizeAndDestroyPipeline(309)) - destroying pipeline:Pipeline[ Id: a3724fc6-c782-4c6a-be9d-6bd8bc1ba742, Nodes: 2483fc38-7b26-4aef-95cf-438e43477517{ip: 192.168.5.172, host: trunk-nightly-mhs6z-4061744966, networkLocation: /default-rack, certSerialId: null}c1fc56de-d426-4465-b7de-d712fe9d51c3{ip: 192.168.5.172, host: trunk-nightly-mhs6z-4061744966, networkLocation: /default-rack, certSerialId: null}6c44a25b-e972-4a0b-9f86-7784e2c59475{ip: 192.168.5.172, host: trunk-nightly-mhs6z-4061744966, networkLocation: /default-rack, certSerialId: null}, Type:RATIS, Factor:THREE, State:CLOSED]
2019-07-13 14:36:09,189 INFO  pipeline.SCMPipelineManager (SCMPipelineManager.java:finalizeAndDestroyPipeline(309)) - destroying pipeline:Pipeline[ Id: 7e4b65ce-7714-4c09-9b68-2ddcf8b305d9, Nodes: 2483fc38-7b26-4aef-95cf-438e43477517{ip: 192.168.5.172, host: trunk-nightly-mhs6z-4061744966, networkLocation: /default-rack, certSerialId: null}, Type:RATIS, Factor:ONE, State:OPEN]
2019-07-13 14:36:09,190 INFO  pipeline.PipelineStateManager (PipelineStateManager.java:finalizePipeline(123)) - Pipeline Pipeline[ Id: 7e4b65ce-7714-4c09-9b68-2ddcf8b305d9, Nodes: 2483fc38-7b26-4aef-95cf-438e43477517{ip: 192.168.5.172, host: trunk-nightly-mhs6z-4061744966, networkLocation: /default-rack, certSerialId: null}, Type:RATIS, Factor:ONE, State:CLOSED] moved to CLOSED state
2019-07-13 14:36:09,332 INFO  ozoneimpl.OzoneContainer (OzoneContainer.java:stop(199)) - Attempting to stop container services.
2019-07-13 14:36:09,332 INFO  ozoneimpl.OzoneContainer (OzoneContainer.java:stop(199)) - Attempting to stop container services.
2019-07-13 14:36:09,332 INFO  impl.RaftServerProxy (RaftServerProxy.java:lambda$close$4(314)) - d416d95b-33ca-4dc1-b007-e682c8561ca3: close
2019-07-13 14:36:09,332 INFO  impl.RaftServerProxy (RaftServerProxy.java:lambda$close$4(314)) - 2483fc38-7b26-4aef-95cf-438e43477517: close
2019-07-13 14:36:09,333 INFO  impl.RaftServerImpl (RaftServerImpl.java:lambda$shutdown$3(245)) - d416d95b-33ca-4dc1-b007-e682c8561ca3: shutdown group-5FE958CE27DF
2019-07-13 14:36:09,333 INFO  impl.RaftServerImpl (RaftServerImpl.java:lambda$shutdown$3(245)) - 2483fc38-7b26-4aef-95cf-438e43477517: shutdown group-6BD8BC1BA742
2019-07-13 14:36:09,333 INFO  util.JmxRegister (JmxRegister.java:unregister(73)) - Successfully un-registered JMX Bean with object name Ratis:service=RaftServer,group=group-5FE958CE27DF,id=d416d95b-33ca-4dc1-b007-e682c8561ca3
2019-07-13 14:36:09,334 INFO  util.JmxRegister (JmxRegister.java:unregister(73)) - Successfully un-registered JMX Bean with object name Ratis:service=RaftServer,group=group-6BD8BC1BA742,id=2483fc38-7b26-4aef-95cf-438e43477517
2019-07-13 14:36:09,334 INFO  impl.RoleInfo (RoleInfo.java:shutdownLeaderState(104)) - d416d95b-33ca-4dc1-b007-e682c8561ca3: shutdown LeaderState
2019-07-13 14:36:09,334 INFO  impl.RoleInfo (RoleInfo.java:shutdownFollowerState(121)) - 2483fc38-7b26-4aef-95cf-438e43477517: shutdown FollowerState
2019-07-13 14:36:09,340 WARN  server.GrpcLogAppender (GrpcLogAppender.java:mayWait(143)) - GrpcLogAppender(d416d95b-33ca-4dc1-b007-e682c8561ca3->bdd6b5ff-7339-4f7a-9308-21a615dbed7d): Wait interrupted by java.lang.InterruptedException
2019-07-13 14:36:09,340 INFO  ratis.ContainerStateMachine (ContainerStateMachine.java:takeSnapshot(246)) - Taking snapshot at termIndex:(t:0, i:~)
2019-07-13 14:36:09,340 WARN  server.GrpcLogAppender (GrpcLogAppender.java:mayWait(143)) - GrpcLogAppender(d416d95b-33ca-4dc1-b007-e682c8561ca3->6fdffdc6-5482-4d35-a29b-f5491da76398): Wait interrupted by java.lang.InterruptedException
2019-07-13 14:36:09,340 INFO  impl.PendingRequests (PendingRequests.java:sendNotLeaderResponses(202)) - d416d95b-33ca-4dc1-b007-e682c8561ca3-PendingRequests: sendNotLeaderResponses
2019-07-13 14:36:09,340 INFO  impl.FollowerState (FollowerState.java:run(114)) - 2483fc38-7b26-4aef-95cf-438e43477517: FollowerState was interrupted: java.lang.InterruptedException: sleep interrupted
2019-07-13 14:36:09,341 INFO  ratis.ContainerStateMachine (ContainerStateMachine.java:takeSnapshot(246)) - Taking snapshot at termIndex:(t:0, i:~)
2019-07-13 14:36:09,340 INFO  impl.StateMachineUpdater (StateMachineUpdater.java:stopAndJoin(115)) - StateMachineUpdater:2483fc38-7b26-4aef-95cf-438e43477517:group-6BD8BC1BA742: set stopIndex = 0
2019-07-13 14:36:09,343 INFO  impl.RaftServerImpl (ServerState.java:close(394)) - 2483fc38-7b26-4aef-95cf-438e43477517:group-6BD8BC1BA742 closes. The last applied log index is 0
2019-07-13 14:36:09,341 INFO  impl.StateMachineUpdater (StateMachineUpdater.java:stopAndJoin(115)) - StateMachineUpdater:d416d95b-33ca-4dc1-b007-e682c8561ca3:group-5FE958CE27DF: set stopIndex = 0
2019-07-13 14:36:09,344 INFO  impl.RaftServerImpl (ServerState.java:close(394)) - d416d95b-33ca-4dc1-b007-e682c8561ca3:group-5FE958CE27DF closes. The last applied log index is 0
2019-07-13 14:36:09,341 INFO  server.GrpcServerProtocolService (GrpcServerProtocolService.java:onCompleted(104)) - 6fdffdc6-5482-4d35-a29b-f5491da76398: appendEntries completed
2019-07-13 14:36:09,345 INFO  segmented.SegmentedRaftLogWorker (SegmentedRaftLogWorker.java:run(313)) - d416d95b-33ca-4dc1-b007-e682c8561ca3-SegmentedRaftLogWorker:Storage Directory /tmp/workdir/hadoop-ozone/integration-test/target/test-dir/MiniOzoneClusterImpl-d90cfd36-4d9c-40bf-863f-665d19222a86/datanode-2/data/ratis/51742aea-47ca-4e5d-abc8-5fe958ce27df was interrupted, exiting. There are 0 tasks remaining in the queue.
2019-07-13 14:36:09,344 INFO  segmented.SegmentedRaftLogWorker (SegmentedRaftLogWorker.java:run(313)) - 2483fc38-7b26-4aef-95cf-438e43477517-SegmentedRaftLogWorker:Storage Directory /tmp/workdir/hadoop-ozone/integration-test/target/test-dir/MiniOzoneClusterImpl-d90cfd36-4d9c-40bf-863f-665d19222a86/datanode-3/data/ratis/a3724fc6-c782-4c6a-be9d-6bd8bc1ba742 was interrupted, exiting. There are 0 tasks remaining in the queue.
2019-07-13 14:36:09,349 INFO  segmented.SegmentedRaftLogWorker (SegmentedRaftLogWorker.java:close(228)) - d416d95b-33ca-4dc1-b007-e682c8561ca3-SegmentedRaftLogWorker:Storage Directory /tmp/workdir/hadoop-ozone/integration-test/target/test-dir/MiniOzoneClusterImpl-d90cfd36-4d9c-40bf-863f-665d19222a86/datanode-2/data/ratis/51742aea-47ca-4e5d-abc8-5fe958ce27df close()
2019-07-13 14:36:09,349 INFO  server.GrpcLogAppender (GrpcLogAppender.java:onCompleted(292)) - d416d95b-33ca-4dc1-b007-e682c8561ca3->6fdffdc6-5482-4d35-a29b-f5491da76398: follower responses appendEntries COMPLETED
2019-07-13 14:36:09,349 INFO  segmented.SegmentedRaftLogWorker (SegmentedRaftLogWorker.java:close(228)) - 2483fc38-7b26-4aef-95cf-438e43477517-SegmentedRaftLogWorker:Storage Directory /tmp/workdir/hadoop-ozone/integration-test/target/test-dir/MiniOzoneClusterImpl-d90cfd36-4d9c-40bf-863f-665d19222a86/datanode-3/data/ratis/a3724fc6-c782-4c6a-be9d-6bd8bc1ba742 close()
2019-07-13 14:36:09,352 INFO  impl.FollowerInfo (FollowerInfo.java:lambda$new$0(50)) - d416d95b-33ca-4dc1-b007-e682c8561ca3->6fdffdc6-5482-4d35-a29b-f5491da76398: nextIndex: updateUnconditionally 1 -> 0
2019-07-13 14:36:09,351 INFO  impl.RaftServerImpl (RaftServerImpl.java:lambda$shutdown$3(245)) - d416d95b-33ca-4dc1-b007-e682c8561ca3: shutdown group-961472EF6D28
2019-07-13 14:36:09,355 INFO  util.JmxRegister (JmxRegister.java:unregister(73)) - Successfully un-registered JMX Bean with object name Ratis:service=RaftServer,group=group-961472EF6D28,id=d416d95b-33ca-4dc1-b007-e682c8561ca3
2019-07-13 14:36:09,354 INFO  impl.RaftServerImpl (RaftServerImpl.java:lambda$shutdown$3(245)) - 2483fc38-7b26-4aef-95cf-438e43477517: shutdown group-2DDCF8B305D9
2019-07-13 14:36:09,355 INFO  impl.RoleInfo (RoleInfo.java:shutdownLeaderState(104)) - d416d95b-33ca-4dc1-b007-e682c8561ca3: shutdown LeaderState
2019-07-13 14:36:09,355 INFO  util.JmxRegister (JmxRegister.java:unregister(73)) - Successfully un-registered JMX Bean with object name Ratis:service=RaftServer,group=group-2DDCF8B305D9,id=2483fc38-7b26-4aef-95cf-438e43477517
2019-07-13 14:36:09,356 INFO  impl.PendingRequests (PendingRequests.java:sendNotLeaderResponses(202)) - d416d95b-33ca-4dc1-b007-e682c8561ca3-PendingRequests: sendNotLeaderResponses
2019-07-13 14:36:09,356 INFO  impl.RoleInfo (RoleInfo.java:shutdownLeaderState(104)) - 2483fc38-7b26-4aef-95cf-438e43477517: shutdown LeaderState
2019-07-13 14:36:09,357 INFO  ratis.ContainerStateMachine (ContainerStateMachine.java:takeSnapshot(246)) - Taking snapshot at termIndex:(t:0, i:~)
2019-07-13 14:36:09,356 INFO  impl.StateMachineUpdater (StateMachineUpdater.java:stopAndJoin(115)) - StateMachineUpdater:d416d95b-33ca-4dc1-b007-e682c8561ca3:group-961472EF6D28: set stopIndex = 0
2019-07-13 14:36:09,357 INFO  impl.PendingRequests (PendingRequests.java:sendNotLeaderResponses(202)) - 2483fc38-7b26-4aef-95cf-438e43477517-PendingRequests: sendNotLeaderResponses
2019-07-13 14:36:09,357 INFO  impl.RaftServerImpl (ServerState.java:close(394)) - d416d95b-33ca-4dc1-b007-e682c8561ca3:group-961472EF6D28 closes. The last applied log index is 0
2019-07-13 14:36:09,358 INFO  ratis.ContainerStateMachine (ContainerStateMachine.java:takeSnapshot(246)) - Taking snapshot at termIndex:(t:0, i:~)
2019-07-13 14:36:09,358 INFO  impl.StateMachineUpdater (StateMachineUpdater.java:stopAndJoin(115)) - StateMachineUpdater:2483fc38-7b26-4aef-95cf-438e43477517:group-2DDCF8B305D9: set stopIndex = 0
2019-07-13 14:36:09,359 INFO  impl.RaftServerImpl (ServerState.java:close(394)) - 2483fc38-7b26-4aef-95cf-438e43477517:group-2DDCF8B305D9 closes. The last applied log index is 0
2019-07-13 14:36:09,358 INFO  segmented.SegmentedRaftLogWorker (SegmentedRaftLogWorker.java:run(313)) - d416d95b-33ca-4dc1-b007-e682c8561ca3-SegmentedRaftLogWorker:Storage Directory /tmp/workdir/hadoop-ozone/integration-test/target/test-dir/MiniOzoneClusterImpl-d90cfd36-4d9c-40bf-863f-665d19222a86/datanode-2/data/ratis/ec6e8b32-9bfe-4bc5-944b-961472ef6d28 was interrupted, exiting. There are 0 tasks remaining in the queue.
2019-07-13 14:36:09,359 INFO  segmented.SegmentedRaftLogWorker (SegmentedRaftLogWorker.java:run(313)) - 2483fc38-7b26-4aef-95cf-438e43477517-SegmentedRaftLogWorker:Storage Directory /tmp/workdir/hadoop-ozone/integration-test/target/test-dir/MiniOzoneClusterImpl-d90cfd36-4d9c-40bf-863f-665d19222a86/datanode-3/data/ratis/7e4b65ce-7714-4c09-9b68-2ddcf8b305d9 was interrupted, exiting. There are 0 tasks remaining in the queue.
2019-07-13 14:36:09,361 INFO  segmented.SegmentedRaftLogWorker (SegmentedRaftLogWorker.java:close(228)) - d416d95b-33ca-4dc1-b007-e682c8561ca3-SegmentedRaftLogWorker:Storage Directory /tmp/workdir/hadoop-ozone/integration-test/target/test-dir/MiniOzoneClusterImpl-d90cfd36-4d9c-40bf-863f-665d19222a86/datanode-2/data/ratis/ec6e8b32-9bfe-4bc5-944b-961472ef6d28 close()
2019-07-13 14:36:09,363 INFO  segmented.SegmentedRaftLogWorker (SegmentedRaftLogWorker.java:close(228)) - 2483fc38-7b26-4aef-95cf-438e43477517-SegmentedRaftLogWorker:Storage Directory /tmp/workdir/hadoop-ozone/integration-test/target/test-dir/MiniOzoneClusterImpl-d90cfd36-4d9c-40bf-863f-665d19222a86/datanode-3/data/ratis/7e4b65ce-7714-4c09-9b68-2ddcf8b305d9 close()
2019-07-13 14:36:09,365 INFO  server.GrpcService (GrpcService.java:closeImpl(155)) - d416d95b-33ca-4dc1-b007-e682c8561ca3: shutdown server with port 37252 now
2019-07-13 14:36:09,368 INFO  server.GrpcService (GrpcService.java:closeImpl(155)) - 2483fc38-7b26-4aef-95cf-438e43477517: shutdown server with port 33674 now
2019-07-13 14:36:09,370 INFO  server.GrpcService (GrpcService.java:closeImpl(163)) - d416d95b-33ca-4dc1-b007-e682c8561ca3: shutdown server with port 37252 successfully
2019-07-13 14:36:09,370 INFO  server.GrpcService (GrpcService.java:closeImpl(163)) - 2483fc38-7b26-4aef-95cf-438e43477517: shutdown server with port 33674 successfully
2019-07-13 14:36:09,372 INFO  utils.BackgroundService (BackgroundService.java:shutdown(148)) - Shutting down service BlockDeletingService
2019-07-13 14:36:09,375 INFO  utils.BackgroundService (BackgroundService.java:shutdown(148)) - Shutting down service BlockDeletingService
2019-07-13 14:36:09,379 WARN  fs.CachingGetSpaceUsed (CachingGetSpaceUsed.java:run(183)) - Thread Interrupted waiting to refresh disk information: sleep interrupted
2019-07-13 14:36:09,380 WARN  fs.CachingGetSpaceUsed (CachingGetSpaceUsed.java:run(183)) - Thread Interrupted waiting to refresh disk information: sleep interrupted
2019-07-13 14:36:09,397 INFO  statemachine.DatanodeStateMachine (DatanodeStateMachine.java:stopDaemon(395)) - Ozone container server stopped.
2019-07-13 14:36:09,398 INFO  handler.ContextHandler (ContextHandler.java:doStop(910)) - Stopped o.e.j.w.WebAppContext@288915a1{/,null,UNAVAILABLE}{/hddsDatanode}
2019-07-13 14:36:09,403 INFO  statemachine.DatanodeStateMachine (DatanodeStateMachine.java:stopDaemon(395)) - Ozone container server stopped.
2019-07-13 14:36:09,404 INFO  server.AbstractConnector (AbstractConnector.java:doStop(318)) - Stopped ServerConnector@62a6a47e{HTTP/1.1,[http/1.1]}{0.0.0.0:0}
2019-07-13 14:36:09,408 INFO  handler.ContextHandler (ContextHandler.java:doStop(910)) - Stopped o.e.j.s.ServletContextHandler@2370c90{/static,jar:file:/home/user/.m2/repository/org/apache/hadoop/hadoop-hdds-container-service/0.5.0-SNAPSHOT/hadoop-hdds-container-service-0.5.0-SNAPSHOT.jar!/webapps/static,UNAVAILABLE}
2019-07-13 14:36:09,409 INFO  handler.ContextHandler (ContextHandler.java:doStop(910)) - Stopped o.e.j.s.ServletContextHandler@1e9a10e9{/logs,file:///tmp/workdir/hadoop-ozone/integration-test/target/log,UNAVAILABLE}
2019-07-13 14:36:09,409 INFO  handler.ContextHandler (ContextHandler.java:doStop(910)) - Stopped o.e.j.w.WebAppContext@556e4588{/,null,UNAVAILABLE}{/hddsDatanode}
2019-07-13 14:36:09,410 INFO  datanode.ObjectStoreHandler (ObjectStoreHandler.java:close(155)) - Closing ObjectStoreHandler.
2019-07-13 14:36:09,410 INFO  server.AbstractConnector (AbstractConnector.java:doStop(318)) - Stopped ServerConnector@4f5df012{HTTP/1.1,[http/1.1]}{0.0.0.0:0}
2019-07-13 14:36:09,412 INFO  ozone.HddsDatanodeService (HddsDatanodeService.java:stop(452)) - Stopped plug-in org.apache.hadoop.ozone.web.OzoneHddsDatanodeService@5ad13be4
2019-07-13 14:36:09,412 INFO  handler.ContextHandler (ContextHandler.java:doStop(910)) - Stopped o.e.j.s.ServletContextHandler@5c30decf{/static,jar:file:/home/user/.m2/repository/org/apache/hadoop/hadoop-hdds-container-service/0.5.0-SNAPSHOT/hadoop-hdds-container-service-0.5.0-SNAPSHOT.jar!/webapps/static,UNAVAILABLE}
2019-07-13 14:36:09,414 INFO  handler.ContextHandler (ContextHandler.java:doStop(910)) - Stopped o.e.j.s.ServletContextHandler@7a491a60{/logs,file:///tmp/workdir/hadoop-ozone/integration-test/target/log,UNAVAILABLE}
2019-07-13 14:36:09,415 INFO  datanode.ObjectStoreHandler (ObjectStoreHandler.java:close(155)) - Closing ObjectStoreHandler.
2019-07-13 14:36:09,416 INFO  ozone.HddsDatanodeService (HddsDatanodeService.java:stop(452)) - Stopped plug-in org.apache.hadoop.ozone.web.OzoneHddsDatanodeService@21dd91da
2019-07-13 14:36:09,580 INFO  statemachine.DatanodeStateMachine (DatanodeStateMachine.java:lambda$startDaemon$0(350)) - Ozone container server started.
2019-07-13 14:36:09,964 INFO  impl.FollowerState (FollowerState.java:run(106)) - 6c44a25b-e972-4a0b-9f86-7784e2c59475:group-6BD8BC1BA742 changes to CANDIDATE, lastRpcTime:7759, electionTimeout:5064ms
2019-07-13 14:36:09,965 INFO  impl.RoleInfo (RoleInfo.java:shutdownFollowerState(121)) - 6c44a25b-e972-4a0b-9f86-7784e2c59475: shutdown FollowerState
2019-07-13 14:36:09,965 INFO  impl.RaftServerImpl (RaftServerImpl.java:setRole(171)) - 6c44a25b-e972-4a0b-9f86-7784e2c59475:group-6BD8BC1BA742 changes role from FOLLOWER to CANDIDATE at term 1 for changeToCandidate
2019-07-13 14:36:09,965 INFO  impl.RoleInfo (RoleInfo.java:updateAndGet(143)) - 6c44a25b-e972-4a0b-9f86-7784e2c59475: start LeaderElection
2019-07-13 14:36:09,967 INFO  impl.RaftServerImpl (ServerState.java:setLeader(263)) - 6c44a25b-e972-4a0b-9f86-7784e2c59475:group-6BD8BC1BA742 change Leader from c1fc56de-d426-4465-b7de-d712fe9d51c3 to null at term 1 for initElection
2019-07-13 14:36:09,974 INFO  impl.LeaderElection (LeaderElection.java:askForVotes(181)) - 6c44a25b-e972-4a0b-9f86-7784e2c59475:group-6BD8BC1BA742:LeaderElection63: begin an election at term 2 for 0: [6c44a25b-e972-4a0b-9f86-7784e2c59475:192.168.5.172:36569, 2483fc38-7b26-4aef-95cf-438e43477517:192.168.5.172:33674, c1fc56de-d426-4465-b7de-d712fe9d51c3:192.168.5.172:39415], old=null
2019-07-13 14:36:09,977 INFO  impl.LeaderElection (LogUtils.java:infoOrTrace(149)) - 6c44a25b-e972-4a0b-9f86-7784e2c59475:group-6BD8BC1BA742:LeaderElection63 got exception when requesting votes: {}
java.util.concurrent.ExecutionException: org.apache.ratis.thirdparty.io.grpc.StatusRuntimeException: UNAVAILABLE: io exception
	at java.util.concurrent.FutureTask.report(FutureTask.java:122)
	at java.util.concurrent.FutureTask.get(FutureTask.java:192)
	at org.apache.ratis.server.impl.LeaderElection.waitForResults(LeaderElection.java:262)
	at org.apache.ratis.server.impl.LeaderElection.askForVotes(LeaderElection.java:200)
	at org.apache.ratis.server.impl.LeaderElection.run(LeaderElection.java:130)
	at java.lang.Thread.run(Thread.java:748)
Caused by: org.apache.ratis.thirdparty.io.grpc.StatusRuntimeException: UNAVAILABLE: io exception
	at org.apache.ratis.thirdparty.io.grpc.stub.ClientCalls.toStatusRuntimeException(ClientCalls.java:233)
	at org.apache.ratis.thirdparty.io.grpc.stub.ClientCalls.getUnchecked(ClientCalls.java:214)
	at org.apache.ratis.thirdparty.io.grpc.stub.ClientCalls.blockingUnaryCall(ClientCalls.java:139)
	at org.apache.ratis.proto.grpc.RaftServerProtocolServiceGrpc$RaftServerProtocolServiceBlockingStub.requestVote(RaftServerProtocolServiceGrpc.java:265)
	at org.apache.ratis.grpc.server.GrpcServerProtocolClient.requestVote(GrpcServerProtocolClient.java:83)
	at org.apache.ratis.grpc.server.GrpcService.requestVote(GrpcService.java:195)
	at org.apache.ratis.server.impl.LeaderElection.lambda$submitRequests$1(LeaderElection.java:237)
	at java.util.concurrent.FutureTask.run(FutureTask.java:266)
	at java.util.concurrent.Executors$RunnableAdapter.call(Executors.java:511)
	at java.util.concurrent.FutureTask.run(FutureTask.java:266)
	at java.util.concurrent.ThreadPoolExecutor.runWorker(ThreadPoolExecutor.java:1149)
	at java.util.concurrent.ThreadPoolExecutor$Worker.run(ThreadPoolExecutor.java:624)
	... 1 more
Caused by: org.apache.ratis.thirdparty.io.netty.channel.AbstractChannel$AnnotatedConnectException: Connection refused: /192.168.5.172:39415
	at sun.nio.ch.SocketChannelImpl.checkConnect(Native Method)
	at sun.nio.ch.SocketChannelImpl.finishConnect(SocketChannelImpl.java:717)
	at org.apache.ratis.thirdparty.io.netty.channel.socket.nio.NioSocketChannel.doFinishConnect(NioSocketChannel.java:327)
	at org.apache.ratis.thirdparty.io.netty.channel.nio.AbstractNioChannel$AbstractNioUnsafe.finishConnect(AbstractNioChannel.java:340)
	at org.apache.ratis.thirdparty.io.netty.channel.nio.NioEventLoop.processSelectedKey(NioEventLoop.java:632)
	at org.apache.ratis.thirdparty.io.netty.channel.nio.NioEventLoop.processSelectedKeysOptimized(NioEventLoop.java:579)
	at org.apache.ratis.thirdparty.io.netty.channel.nio.NioEventLoop.processSelectedKeys(NioEventLoop.java:496)
	at org.apache.ratis.thirdparty.io.netty.channel.nio.NioEventLoop.run(NioEventLoop.java:458)
	at org.apache.ratis.thirdparty.io.netty.util.concurrent.SingleThreadEventExecutor$5.run(SingleThreadEventExecutor.java:897)
	at org.apache.ratis.thirdparty.io.netty.util.concurrent.FastThreadLocalRunnable.run(FastThreadLocalRunnable.java:30)
	... 1 more
Caused by: java.net.ConnectException: Connection refused
	... 11 more
2019-07-13 14:36:09,979 INFO  impl.LeaderElection (LogUtils.java:infoOrTrace(149)) - 6c44a25b-e972-4a0b-9f86-7784e2c59475:group-6BD8BC1BA742:LeaderElection63 got exception when requesting votes: {}
java.util.concurrent.ExecutionException: org.apache.ratis.thirdparty.io.grpc.StatusRuntimeException: UNAVAILABLE: io exception
	at java.util.concurrent.FutureTask.report(FutureTask.java:122)
	at java.util.concurrent.FutureTask.get(FutureTask.java:192)
	at org.apache.ratis.server.impl.LeaderElection.waitForResults(LeaderElection.java:262)
	at org.apache.ratis.server.impl.LeaderElection.askForVotes(LeaderElection.java:200)
	at org.apache.ratis.server.impl.LeaderElection.run(LeaderElection.java:130)
	at java.lang.Thread.run(Thread.java:748)
Caused by: org.apache.ratis.thirdparty.io.grpc.StatusRuntimeException: UNAVAILABLE: io exception
	at org.apache.ratis.thirdparty.io.grpc.stub.ClientCalls.toStatusRuntimeException(ClientCalls.java:233)
	at org.apache.ratis.thirdparty.io.grpc.stub.ClientCalls.getUnchecked(ClientCalls.java:214)
	at org.apache.ratis.thirdparty.io.grpc.stub.ClientCalls.blockingUnaryCall(ClientCalls.java:139)
	at org.apache.ratis.proto.grpc.RaftServerProtocolServiceGrpc$RaftServerProtocolServiceBlockingStub.requestVote(RaftServerProtocolServiceGrpc.java:265)
	at org.apache.ratis.grpc.server.GrpcServerProtocolClient.requestVote(GrpcServerProtocolClient.java:83)
	at org.apache.ratis.grpc.server.GrpcService.requestVote(GrpcService.java:195)
	at org.apache.ratis.server.impl.LeaderElection.lambda$submitRequests$1(LeaderElection.java:237)
	at java.util.concurrent.FutureTask.run(FutureTask.java:266)
	at java.util.concurrent.Executors$RunnableAdapter.call(Executors.java:511)
	at java.util.concurrent.FutureTask.run(FutureTask.java:266)
	at java.util.concurrent.ThreadPoolExecutor.runWorker(ThreadPoolExecutor.java:1149)
	at java.util.concurrent.ThreadPoolExecutor$Worker.run(ThreadPoolExecutor.java:624)
	... 1 more
Caused by: org.apache.ratis.thirdparty.io.netty.channel.AbstractChannel$AnnotatedConnectException: Connection refused: /192.168.5.172:33674
	at sun.nio.ch.SocketChannelImpl.checkConnect(Native Method)
	at sun.nio.ch.SocketChannelImpl.finishConnect(SocketChannelImpl.java:717)
	at org.apache.ratis.thirdparty.io.netty.channel.socket.nio.NioSocketChannel.doFinishConnect(NioSocketChannel.java:327)
	at org.apache.ratis.thirdparty.io.netty.channel.nio.AbstractNioChannel$AbstractNioUnsafe.finishConnect(AbstractNioChannel.java:340)
	at org.apache.ratis.thirdparty.io.netty.channel.nio.NioEventLoop.processSelectedKey(NioEventLoop.java:632)
	at org.apache.ratis.thirdparty.io.netty.channel.nio.NioEventLoop.processSelectedKeysOptimized(NioEventLoop.java:579)
	at org.apache.ratis.thirdparty.io.netty.channel.nio.NioEventLoop.processSelectedKeys(NioEventLoop.java:496)
	at org.apache.ratis.thirdparty.io.netty.channel.nio.NioEventLoop.run(NioEventLoop.java:458)
	at org.apache.ratis.thirdparty.io.netty.util.concurrent.SingleThreadEventExecutor$5.run(SingleThreadEventExecutor.java:897)
	at org.apache.ratis.thirdparty.io.netty.util.concurrent.FastThreadLocalRunnable.run(FastThreadLocalRunnable.java:30)
	... 1 more
Caused by: java.net.ConnectException: Connection refused
	... 11 more
2019-07-13 14:36:09,981 INFO  impl.LeaderElection (LeaderElection.java:logAndReturn(56)) - 6c44a25b-e972-4a0b-9f86-7784e2c59475:group-6BD8BC1BA742:LeaderElection63: Election REJECTED; received 0 response(s) [] and 2 exception(s); 6c44a25b-e972-4a0b-9f86-7784e2c59475:t2, leader=null, voted=6c44a25b-e972-4a0b-9f86-7784e2c59475, raftlog=6c44a25b-e972-4a0b-9f86-7784e2c59475-SegmentedRaftLog:OPENED:c0,f0,i0, conf=0: [6c44a25b-e972-4a0b-9f86-7784e2c59475:192.168.5.172:36569, 2483fc38-7b26-4aef-95cf-438e43477517:192.168.5.172:33674, c1fc56de-d426-4465-b7de-d712fe9d51c3:192.168.5.172:39415], old=null
2019-07-13 14:36:09,981 INFO  impl.LeaderElection (LogUtils.java:infoOrTrace(149)) -   Exception 0: {}
java.util.concurrent.ExecutionException: org.apache.ratis.thirdparty.io.grpc.StatusRuntimeException: UNAVAILABLE: io exception
	at java.util.concurrent.FutureTask.report(FutureTask.java:122)
	at java.util.concurrent.FutureTask.get(FutureTask.java:192)
	at org.apache.ratis.server.impl.LeaderElection.waitForResults(LeaderElection.java:262)
	at org.apache.ratis.server.impl.LeaderElection.askForVotes(LeaderElection.java:200)
	at org.apache.ratis.server.impl.LeaderElection.run(LeaderElection.java:130)
	at java.lang.Thread.run(Thread.java:748)
Caused by: org.apache.ratis.thirdparty.io.grpc.StatusRuntimeException: UNAVAILABLE: io exception
	at org.apache.ratis.thirdparty.io.grpc.stub.ClientCalls.toStatusRuntimeException(ClientCalls.java:233)
	at org.apache.ratis.thirdparty.io.grpc.stub.ClientCalls.getUnchecked(ClientCalls.java:214)
	at org.apache.ratis.thirdparty.io.grpc.stub.ClientCalls.blockingUnaryCall(ClientCalls.java:139)
	at org.apache.ratis.proto.grpc.RaftServerProtocolServiceGrpc$RaftServerProtocolServiceBlockingStub.requestVote(RaftServerProtocolServiceGrpc.java:265)
	at org.apache.ratis.grpc.server.GrpcServerProtocolClient.requestVote(GrpcServerProtocolClient.java:83)
	at org.apache.ratis.grpc.server.GrpcService.requestVote(GrpcService.java:195)
	at org.apache.ratis.server.impl.LeaderElection.lambda$submitRequests$1(LeaderElection.java:237)
	at java.util.concurrent.FutureTask.run(FutureTask.java:266)
	at java.util.concurrent.Executors$RunnableAdapter.call(Executors.java:511)
	at java.util.concurrent.FutureTask.run(FutureTask.java:266)
	at java.util.concurrent.ThreadPoolExecutor.runWorker(ThreadPoolExecutor.java:1149)
	at java.util.concurrent.ThreadPoolExecutor$Worker.run(ThreadPoolExecutor.java:624)
	... 1 more
Caused by: org.apache.ratis.thirdparty.io.netty.channel.AbstractChannel$AnnotatedConnectException: Connection refused: /192.168.5.172:39415
	at sun.nio.ch.SocketChannelImpl.checkConnect(Native Method)
	at sun.nio.ch.SocketChannelImpl.finishConnect(SocketChannelImpl.java:717)
	at org.apache.ratis.thirdparty.io.netty.channel.socket.nio.NioSocketChannel.doFinishConnect(NioSocketChannel.java:327)
	at org.apache.ratis.thirdparty.io.netty.channel.nio.AbstractNioChannel$AbstractNioUnsafe.finishConnect(AbstractNioChannel.java:340)
	at org.apache.ratis.thirdparty.io.netty.channel.nio.NioEventLoop.processSelectedKey(NioEventLoop.java:632)
	at org.apache.ratis.thirdparty.io.netty.channel.nio.NioEventLoop.processSelectedKeysOptimized(NioEventLoop.java:579)
	at org.apache.ratis.thirdparty.io.netty.channel.nio.NioEventLoop.processSelectedKeys(NioEventLoop.java:496)
	at org.apache.ratis.thirdparty.io.netty.channel.nio.NioEventLoop.run(NioEventLoop.java:458)
	at org.apache.ratis.thirdparty.io.netty.util.concurrent.SingleThreadEventExecutor$5.run(SingleThreadEventExecutor.java:897)
	at org.apache.ratis.thirdparty.io.netty.util.concurrent.FastThreadLocalRunnable.run(FastThreadLocalRunnable.java:30)
	... 1 more
Caused by: java.net.ConnectException: Connection refused
	... 11 more
2019-07-13 14:36:09,981 INFO  impl.LeaderElection (LogUtils.java:infoOrTrace(149)) -   Exception 1: {}
java.util.concurrent.ExecutionException: org.apache.ratis.thirdparty.io.grpc.StatusRuntimeException: UNAVAILABLE: io exception
	at java.util.concurrent.FutureTask.report(FutureTask.java:122)
	at java.util.concurrent.FutureTask.get(FutureTask.java:192)
	at org.apache.ratis.server.impl.LeaderElection.waitForResults(LeaderElection.java:262)
	at org.apache.ratis.server.impl.LeaderElection.askForVotes(LeaderElection.java:200)
	at org.apache.ratis.server.impl.LeaderElection.run(LeaderElection.java:130)
	at java.lang.Thread.run(Thread.java:748)
Caused by: org.apache.ratis.thirdparty.io.grpc.StatusRuntimeException: UNAVAILABLE: io exception
	at org.apache.ratis.thirdparty.io.grpc.stub.ClientCalls.toStatusRuntimeException(ClientCalls.java:233)
	at org.apache.ratis.thirdparty.io.grpc.stub.ClientCalls.getUnchecked(ClientCalls.java:214)
	at org.apache.ratis.thirdparty.io.grpc.stub.ClientCalls.blockingUnaryCall(ClientCalls.java:139)
	at org.apache.ratis.proto.grpc.RaftServerProtocolServiceGrpc$RaftServerProtocolServiceBlockingStub.requestVote(RaftServerProtocolServiceGrpc.java:265)
	at org.apache.ratis.grpc.server.GrpcServerProtocolClient.requestVote(GrpcServerProtocolClient.java:83)
	at org.apache.ratis.grpc.server.GrpcService.requestVote(GrpcService.java:195)
	at org.apache.ratis.server.impl.LeaderElection.lambda$submitRequests$1(LeaderElection.java:237)
	at java.util.concurrent.FutureTask.run(FutureTask.java:266)
	at java.util.concurrent.Executors$RunnableAdapter.call(Executors.java:511)
	at java.util.concurrent.FutureTask.run(FutureTask.java:266)
	at java.util.concurrent.ThreadPoolExecutor.runWorker(ThreadPoolExecutor.java:1149)
	at java.util.concurrent.ThreadPoolExecutor$Worker.run(ThreadPoolExecutor.java:624)
	... 1 more
Caused by: org.apache.ratis.thirdparty.io.netty.channel.AbstractChannel$AnnotatedConnectException: Connection refused: /192.168.5.172:33674
	at sun.nio.ch.SocketChannelImpl.checkConnect(Native Method)
	at sun.nio.ch.SocketChannelImpl.finishConnect(SocketChannelImpl.java:717)
	at org.apache.ratis.thirdparty.io.netty.channel.socket.nio.NioSocketChannel.doFinishConnect(NioSocketChannel.java:327)
	at org.apache.ratis.thirdparty.io.netty.channel.nio.AbstractNioChannel$AbstractNioUnsafe.finishConnect(AbstractNioChannel.java:340)
	at org.apache.ratis.thirdparty.io.netty.channel.nio.NioEventLoop.processSelectedKey(NioEventLoop.java:632)
	at org.apache.ratis.thirdparty.io.netty.channel.nio.NioEventLoop.processSelectedKeysOptimized(NioEventLoop.java:579)
	at org.apache.ratis.thirdparty.io.netty.channel.nio.NioEventLoop.processSelectedKeys(NioEventLoop.java:496)
	at org.apache.ratis.thirdparty.io.netty.channel.nio.NioEventLoop.run(NioEventLoop.java:458)
	at org.apache.ratis.thirdparty.io.netty.util.concurrent.SingleThreadEventExecutor$5.run(SingleThreadEventExecutor.java:897)
	at org.apache.ratis.thirdparty.io.netty.util.concurrent.FastThreadLocalRunnable.run(FastThreadLocalRunnable.java:30)
	... 1 more
Caused by: java.net.ConnectException: Connection refused
	... 11 more
2019-07-13 14:36:09,982 INFO  impl.RaftServerImpl (RaftServerImpl.java:setRole(171)) - 6c44a25b-e972-4a0b-9f86-7784e2c59475:group-6BD8BC1BA742 changes role from CANDIDATE to FOLLOWER at term 2 for DISCOVERED_A_NEW_TERM
2019-07-13 14:36:09,982 INFO  impl.RoleInfo (RoleInfo.java:shutdownLeaderElection(134)) - 6c44a25b-e972-4a0b-9f86-7784e2c59475: shutdown LeaderElection
2019-07-13 14:36:09,982 INFO  impl.RoleInfo (RoleInfo.java:updateAndGet(143)) - 6c44a25b-e972-4a0b-9f86-7784e2c59475: start FollowerState
2019-07-13 14:36:10,133 INFO  statemachine.DatanodeStateMachine (DatanodeStateMachine.java:lambda$startDaemon$0(350)) - Ozone container server started.
2019-07-13 14:36:13,595 INFO  node.StaleNodeHandler (StaleNodeHandler.java:onMessage(58)) - Datanode 6fdffdc6-5482-4d35-a29b-f5491da76398{ip: 192.168.5.172, host: trunk-nightly-mhs6z-4061744966, networkLocation: /default-rack, certSerialId: null} moved to stale state. Finalizing its pipelines [PipelineID=c6607a92-0b7e-4364-9716-db106829af15, PipelineID=51742aea-47ca-4e5d-abc8-5fe958ce27df]
2019-07-13 14:36:13,595 INFO  pipeline.SCMPipelineManager (SCMPipelineManager.java:finalizeAndDestroyPipeline(309)) - destroying pipeline:Pipeline[ Id: c6607a92-0b7e-4364-9716-db106829af15, Nodes: 6fdffdc6-5482-4d35-a29b-f5491da76398{ip: 192.168.5.172, host: trunk-nightly-mhs6z-4061744966, networkLocation: /default-rack, certSerialId: null}, Type:RATIS, Factor:ONE, State:OPEN]
2019-07-13 14:36:13,595 INFO  pipeline.PipelineStateManager (PipelineStateManager.java:finalizePipeline(123)) - Pipeline Pipeline[ Id: c6607a92-0b7e-4364-9716-db106829af15, Nodes: 6fdffdc6-5482-4d35-a29b-f5491da76398{ip: 192.168.5.172, host: trunk-nightly-mhs6z-4061744966, networkLocation: /default-rack, certSerialId: null}, Type:RATIS, Factor:ONE, State:CLOSED] moved to CLOSED state
2019-07-13 14:36:13,596 INFO  pipeline.SCMPipelineManager (SCMPipelineManager.java:finalizeAndDestroyPipeline(309)) - destroying pipeline:Pipeline[ Id: 51742aea-47ca-4e5d-abc8-5fe958ce27df, Nodes: bdd6b5ff-7339-4f7a-9308-21a615dbed7d{ip: 192.168.5.172, host: trunk-nightly-mhs6z-4061744966, networkLocation: /default-rack, certSerialId: null}6fdffdc6-5482-4d35-a29b-f5491da76398{ip: 192.168.5.172, host: trunk-nightly-mhs6z-4061744966, networkLocation: /default-rack, certSerialId: null}d416d95b-33ca-4dc1-b007-e682c8561ca3{ip: 192.168.5.172, host: trunk-nightly-mhs6z-4061744966, networkLocation: /default-rack, certSerialId: null}, Type:RATIS, Factor:THREE, State:CLOSED]
2019-07-13 14:36:14,196 INFO  node.StaleNodeHandler (StaleNodeHandler.java:onMessage(58)) - Datanode c91fad2c-055b-4e28-9a69-d7c44c729cdb{ip: 192.168.5.172, host: trunk-nightly-mhs6z-4061744966, networkLocation: /default-rack, certSerialId: null} moved to stale state. Finalizing its pipelines [PipelineID=08a282b8-f3f5-4c6e-8a1c-69e2034d319d]
2019-07-13 14:36:14,196 INFO  pipeline.SCMPipelineManager (SCMPipelineManager.java:finalizeAndDestroyPipeline(309)) - destroying pipeline:Pipeline[ Id: 08a282b8-f3f5-4c6e-8a1c-69e2034d319d, Nodes: c91fad2c-055b-4e28-9a69-d7c44c729cdb{ip: 192.168.5.172, host: trunk-nightly-mhs6z-4061744966, networkLocation: /default-rack, certSerialId: null}, Type:RATIS, Factor:ONE, State:OPEN]
2019-07-13 14:36:14,196 INFO  pipeline.PipelineStateManager (PipelineStateManager.java:finalizePipeline(123)) - Pipeline Pipeline[ Id: 08a282b8-f3f5-4c6e-8a1c-69e2034d319d, Nodes: c91fad2c-055b-4e28-9a69-d7c44c729cdb{ip: 192.168.5.172, host: trunk-nightly-mhs6z-4061744966, networkLocation: /default-rack, certSerialId: null}, Type:RATIS, Factor:ONE, State:CLOSED] moved to CLOSED state
2019-07-13 14:36:14,196 INFO  container.CloseContainerEventHandler (CloseContainerEventHandler.java:onMessage(61)) - Close container Event triggered for container : #2
2019-07-13 14:36:14,413 INFO  ozoneimpl.OzoneContainer (OzoneContainer.java:stop(199)) - Attempting to stop container services.
2019-07-13 14:36:14,414 INFO  impl.RaftServerProxy (RaftServerProxy.java:lambda$close$4(314)) - c91fad2c-055b-4e28-9a69-d7c44c729cdb: close
2019-07-13 14:36:14,414 INFO  impl.RaftServerImpl (RaftServerImpl.java:lambda$shutdown$3(245)) - c91fad2c-055b-4e28-9a69-d7c44c729cdb: shutdown group-69E2034D319D
2019-07-13 14:36:14,415 INFO  util.JmxRegister (JmxRegister.java:unregister(73)) - Successfully un-registered JMX Bean with object name Ratis:service=RaftServer,group=group-69E2034D319D,id=c91fad2c-055b-4e28-9a69-d7c44c729cdb
2019-07-13 14:36:14,415 INFO  impl.RoleInfo (RoleInfo.java:shutdownLeaderState(104)) - c91fad2c-055b-4e28-9a69-d7c44c729cdb: shutdown LeaderState
2019-07-13 14:36:14,416 INFO  impl.PendingRequests (PendingRequests.java:sendNotLeaderResponses(202)) - c91fad2c-055b-4e28-9a69-d7c44c729cdb-PendingRequests: sendNotLeaderResponses
2019-07-13 14:36:14,423 INFO  impl.StateMachineUpdater (StateMachineUpdater.java:stopAndJoin(115)) - StateMachineUpdater:c91fad2c-055b-4e28-9a69-d7c44c729cdb:group-69E2034D319D: set stopIndex = 24
2019-07-13 14:36:14,423 INFO  ratis.ContainerStateMachine (ContainerStateMachine.java:takeSnapshot(246)) - Taking snapshot at termIndex:(t:1, i:23)
2019-07-13 14:36:14,424 INFO  ratis.ContainerStateMachine (ContainerStateMachine.java:takeSnapshot(250)) - Taking a snapshot to file /tmp/workdir/hadoop-ozone/integration-test/target/test-dir/MiniOzoneClusterImpl-d90cfd36-4d9c-40bf-863f-665d19222a86/datanode-6/data/ratis/08a282b8-f3f5-4c6e-8a1c-69e2034d319d/sm/snapshot.1_23
2019-07-13 14:36:14,423 INFO  ozoneimpl.OzoneContainer (OzoneContainer.java:stop(199)) - Attempting to stop container services.
2019-07-13 14:36:14,424 INFO  impl.StateMachineUpdater (StateMachineUpdater.java:takeSnapshot(242)) - StateMachineUpdater:c91fad2c-055b-4e28-9a69-d7c44c729cdb:group-69E2034D319D: Took a snapshot at index 23
2019-07-13 14:36:14,424 INFO  impl.RaftServerProxy (RaftServerProxy.java:lambda$close$4(314)) - 6fdffdc6-5482-4d35-a29b-f5491da76398: close
2019-07-13 14:36:14,424 INFO  impl.StateMachineUpdater (StateMachineUpdater.java:lambda$new$0(80)) - StateMachineUpdater:c91fad2c-055b-4e28-9a69-d7c44c729cdb:group-69E2034D319D: snapshotIndex: updateIncreasingly -1 -> 23
2019-07-13 14:36:14,425 INFO  impl.RaftServerImpl (RaftServerImpl.java:lambda$shutdown$3(245)) - 6fdffdc6-5482-4d35-a29b-f5491da76398: shutdown group-DB106829AF15
2019-07-13 14:36:14,425 INFO  impl.RaftServerImpl (ServerState.java:close(394)) - c91fad2c-055b-4e28-9a69-d7c44c729cdb:group-69E2034D319D closes. The last applied log index is 24
2019-07-13 14:36:14,425 INFO  util.JmxRegister (JmxRegister.java:unregister(73)) - Successfully un-registered JMX Bean with object name Ratis:service=RaftServer,group=group-DB106829AF15,id=6fdffdc6-5482-4d35-a29b-f5491da76398
2019-07-13 14:36:14,426 INFO  segmented.SegmentedRaftLogWorker (SegmentedRaftLogWorker.java:run(313)) - c91fad2c-055b-4e28-9a69-d7c44c729cdb-SegmentedRaftLogWorker:Storage Directory /tmp/workdir/hadoop-ozone/integration-test/target/test-dir/MiniOzoneClusterImpl-d90cfd36-4d9c-40bf-863f-665d19222a86/datanode-6/data/ratis/08a282b8-f3f5-4c6e-8a1c-69e2034d319d was interrupted, exiting. There are 0 tasks remaining in the queue.
2019-07-13 14:36:14,426 INFO  impl.RoleInfo (RoleInfo.java:shutdownLeaderState(104)) - 6fdffdc6-5482-4d35-a29b-f5491da76398: shutdown LeaderState
2019-07-13 14:36:14,428 INFO  segmented.SegmentedRaftLogWorker (SegmentedRaftLogWorker.java:close(228)) - c91fad2c-055b-4e28-9a69-d7c44c729cdb-SegmentedRaftLogWorker:Storage Directory /tmp/workdir/hadoop-ozone/integration-test/target/test-dir/MiniOzoneClusterImpl-d90cfd36-4d9c-40bf-863f-665d19222a86/datanode-6/data/ratis/08a282b8-f3f5-4c6e-8a1c-69e2034d319d close()
2019-07-13 14:36:14,428 INFO  impl.PendingRequests (PendingRequests.java:sendNotLeaderResponses(202)) - 6fdffdc6-5482-4d35-a29b-f5491da76398-PendingRequests: sendNotLeaderResponses
2019-07-13 14:36:14,430 INFO  server.GrpcService (GrpcService.java:closeImpl(155)) - c91fad2c-055b-4e28-9a69-d7c44c729cdb: shutdown server with port 37980 now
2019-07-13 14:36:14,430 INFO  ratis.ContainerStateMachine (ContainerStateMachine.java:takeSnapshot(246)) - Taking snapshot at termIndex:(t:0, i:~)
2019-07-13 14:36:14,430 INFO  impl.StateMachineUpdater (StateMachineUpdater.java:stopAndJoin(115)) - StateMachineUpdater:6fdffdc6-5482-4d35-a29b-f5491da76398:group-DB106829AF15: set stopIndex = 0
2019-07-13 14:36:14,431 INFO  impl.RaftServerImpl (ServerState.java:close(394)) - 6fdffdc6-5482-4d35-a29b-f5491da76398:group-DB106829AF15 closes. The last applied log index is 0
2019-07-13 14:36:14,431 INFO  server.GrpcService (GrpcService.java:closeImpl(163)) - c91fad2c-055b-4e28-9a69-d7c44c729cdb: shutdown server with port 37980 successfully
2019-07-13 14:36:14,431 INFO  segmented.SegmentedRaftLogWorker (SegmentedRaftLogWorker.java:run(313)) - 6fdffdc6-5482-4d35-a29b-f5491da76398-SegmentedRaftLogWorker:Storage Directory /tmp/workdir/hadoop-ozone/integration-test/target/test-dir/MiniOzoneClusterImpl-d90cfd36-4d9c-40bf-863f-665d19222a86/datanode-0/data/ratis/c6607a92-0b7e-4364-9716-db106829af15 was interrupted, exiting. There are 0 tasks remaining in the queue.
2019-07-13 14:36:14,433 INFO  segmented.SegmentedRaftLogWorker (SegmentedRaftLogWorker.java:close(228)) - 6fdffdc6-5482-4d35-a29b-f5491da76398-SegmentedRaftLogWorker:Storage Directory /tmp/workdir/hadoop-ozone/integration-test/target/test-dir/MiniOzoneClusterImpl-d90cfd36-4d9c-40bf-863f-665d19222a86/datanode-0/data/ratis/c6607a92-0b7e-4364-9716-db106829af15 close()
2019-07-13 14:36:14,440 INFO  impl.RaftServerImpl (RaftServerImpl.java:lambda$shutdown$3(245)) - 6fdffdc6-5482-4d35-a29b-f5491da76398: shutdown group-5FE958CE27DF
2019-07-13 14:36:14,441 INFO  util.JmxRegister (JmxRegister.java:unregister(73)) - Successfully un-registered JMX Bean with object name Ratis:service=RaftServer,group=group-5FE958CE27DF,id=6fdffdc6-5482-4d35-a29b-f5491da76398
2019-07-13 14:36:14,441 INFO  utils.BackgroundService (BackgroundService.java:shutdown(148)) - Shutting down service BlockDeletingService
2019-07-13 14:36:14,441 INFO  impl.RoleInfo (RoleInfo.java:shutdownFollowerState(121)) - 6fdffdc6-5482-4d35-a29b-f5491da76398: shutdown FollowerState
2019-07-13 14:36:14,442 INFO  impl.StateMachineUpdater (StateMachineUpdater.java:stopAndJoin(115)) - StateMachineUpdater:6fdffdc6-5482-4d35-a29b-f5491da76398:group-5FE958CE27DF: set stopIndex = 0
2019-07-13 14:36:14,442 INFO  impl.FollowerState (FollowerState.java:run(114)) - 6fdffdc6-5482-4d35-a29b-f5491da76398: FollowerState was interrupted: java.lang.InterruptedException: sleep interrupted
2019-07-13 14:36:14,442 INFO  ratis.ContainerStateMachine (ContainerStateMachine.java:takeSnapshot(246)) - Taking snapshot at termIndex:(t:0, i:~)
2019-07-13 14:36:14,443 INFO  impl.RaftServerImpl (ServerState.java:close(394)) - 6fdffdc6-5482-4d35-a29b-f5491da76398:group-5FE958CE27DF closes. The last applied log index is 0
2019-07-13 14:36:14,443 INFO  segmented.SegmentedRaftLogWorker (SegmentedRaftLogWorker.java:run(313)) - 6fdffdc6-5482-4d35-a29b-f5491da76398-SegmentedRaftLogWorker:Storage Directory /tmp/workdir/hadoop-ozone/integration-test/target/test-dir/MiniOzoneClusterImpl-d90cfd36-4d9c-40bf-863f-665d19222a86/datanode-0/data/ratis/51742aea-47ca-4e5d-abc8-5fe958ce27df was interrupted, exiting. There are 0 tasks remaining in the queue.
2019-07-13 14:36:14,443 INFO  segmented.SegmentedRaftLogWorker (SegmentedRaftLogWorker.java:close(228)) - 6fdffdc6-5482-4d35-a29b-f5491da76398-SegmentedRaftLogWorker:Storage Directory /tmp/workdir/hadoop-ozone/integration-test/target/test-dir/MiniOzoneClusterImpl-d90cfd36-4d9c-40bf-863f-665d19222a86/datanode-0/data/ratis/51742aea-47ca-4e5d-abc8-5fe958ce27df close()
2019-07-13 14:36:14,444 INFO  server.GrpcService (GrpcService.java:closeImpl(155)) - 6fdffdc6-5482-4d35-a29b-f5491da76398: shutdown server with port 39529 now
2019-07-13 14:36:14,444 INFO  server.GrpcService (GrpcService.java:closeImpl(163)) - 6fdffdc6-5482-4d35-a29b-f5491da76398: shutdown server with port 39529 successfully
2019-07-13 14:36:14,445 WARN  fs.CachingGetSpaceUsed (CachingGetSpaceUsed.java:run(183)) - Thread Interrupted waiting to refresh disk information: sleep interrupted
2019-07-13 14:36:14,446 INFO  utils.BackgroundService (BackgroundService.java:shutdown(148)) - Shutting down service BlockDeletingService
2019-07-13 14:36:14,450 WARN  fs.CachingGetSpaceUsed (CachingGetSpaceUsed.java:run(183)) - Thread Interrupted waiting to refresh disk information: sleep interrupted
2019-07-13 14:36:14,463 INFO  statemachine.DatanodeStateMachine (DatanodeStateMachine.java:stopDaemon(395)) - Ozone container server stopped.
2019-07-13 14:36:14,470 INFO  statemachine.DatanodeStateMachine (DatanodeStateMachine.java:stopDaemon(395)) - Ozone container server stopped.
2019-07-13 14:36:14,476 INFO  handler.ContextHandler (ContextHandler.java:doStop(910)) - Stopped o.e.j.w.WebAppContext@f83616{/,null,UNAVAILABLE}{/hddsDatanode}
2019-07-13 14:36:14,477 INFO  handler.ContextHandler (ContextHandler.java:doStop(910)) - Stopped o.e.j.w.WebAppContext@2a317af7{/,null,UNAVAILABLE}{/hddsDatanode}
2019-07-13 14:36:14,478 INFO  server.AbstractConnector (AbstractConnector.java:doStop(318)) - Stopped ServerConnector@7b38db21{HTTP/1.1,[http/1.1]}{0.0.0.0:0}
2019-07-13 14:36:14,479 INFO  handler.ContextHandler (ContextHandler.java:doStop(910)) - Stopped o.e.j.s.ServletContextHandler@a74c940{/static,jar:file:/home/user/.m2/repository/org/apache/hadoop/hadoop-hdds-container-service/0.5.0-SNAPSHOT/hadoop-hdds-container-service-0.5.0-SNAPSHOT.jar!/webapps/static,UNAVAILABLE}
2019-07-13 14:36:14,479 INFO  server.AbstractConnector (AbstractConnector.java:doStop(318)) - Stopped ServerConnector@162a5c4c{HTTP/1.1,[http/1.1]}{0.0.0.0:0}
2019-07-13 14:36:14,481 INFO  handler.ContextHandler (ContextHandler.java:doStop(910)) - Stopped o.e.j.s.ServletContextHandler@23e297d9{/logs,file:///tmp/workdir/hadoop-ozone/integration-test/target/log,UNAVAILABLE}
2019-07-13 14:36:14,481 INFO  handler.ContextHandler (ContextHandler.java:doStop(910)) - Stopped o.e.j.s.ServletContextHandler@1db9d253{/static,jar:file:/home/user/.m2/repository/org/apache/hadoop/hadoop-hdds-container-service/0.5.0-SNAPSHOT/hadoop-hdds-container-service-0.5.0-SNAPSHOT.jar!/webapps/static,UNAVAILABLE}
2019-07-13 14:36:14,482 INFO  handler.ContextHandler (ContextHandler.java:doStop(910)) - Stopped o.e.j.s.ServletContextHandler@f3c27e9{/logs,file:///tmp/workdir/hadoop-ozone/integration-test/target/log,UNAVAILABLE}
2019-07-13 14:36:14,483 INFO  datanode.ObjectStoreHandler (ObjectStoreHandler.java:close(155)) - Closing ObjectStoreHandler.
2019-07-13 14:36:14,483 INFO  ozone.HddsDatanodeService (HddsDatanodeService.java:stop(452)) - Stopped plug-in org.apache.hadoop.ozone.web.OzoneHddsDatanodeService@539f2fec
2019-07-13 14:36:14,520 INFO  statemachine.DatanodeStateMachine (DatanodeStateMachine.java:lambda$startDaemon$0(350)) - Ozone container server started.
2019-07-13 14:36:14,989 INFO  impl.FollowerState (FollowerState.java:run(106)) - 6c44a25b-e972-4a0b-9f86-7784e2c59475:group-6BD8BC1BA742 changes to CANDIDATE, lastRpcTime:5007, electionTimeout:5007ms
2019-07-13 14:36:14,990 INFO  impl.RoleInfo (RoleInfo.java:shutdownFollowerState(121)) - 6c44a25b-e972-4a0b-9f86-7784e2c59475: shutdown FollowerState
2019-07-13 14:36:14,990 INFO  impl.RaftServerImpl (RaftServerImpl.java:setRole(171)) - 6c44a25b-e972-4a0b-9f86-7784e2c59475:group-6BD8BC1BA742 changes role from FOLLOWER to CANDIDATE at term 2 for changeToCandidate
2019-07-13 14:36:14,990 INFO  impl.RoleInfo (RoleInfo.java:updateAndGet(143)) - 6c44a25b-e972-4a0b-9f86-7784e2c59475: start LeaderElection
2019-07-13 14:36:15,008 INFO  impl.LeaderElection (LeaderElection.java:askForVotes(181)) - 6c44a25b-e972-4a0b-9f86-7784e2c59475:group-6BD8BC1BA742:LeaderElection64: begin an election at term 3 for 0: [6c44a25b-e972-4a0b-9f86-7784e2c59475:192.168.5.172:36569, 2483fc38-7b26-4aef-95cf-438e43477517:192.168.5.172:33674, c1fc56de-d426-4465-b7de-d712fe9d51c3:192.168.5.172:39415], old=null
2019-07-13 14:36:15,009 INFO  impl.LeaderElection (LogUtils.java:infoOrTrace(149)) - 6c44a25b-e972-4a0b-9f86-7784e2c59475:group-6BD8BC1BA742:LeaderElection64 got exception when requesting votes: {}
java.util.concurrent.ExecutionException: org.apache.ratis.thirdparty.io.grpc.StatusRuntimeException: UNAVAILABLE: io exception
	at java.util.concurrent.FutureTask.report(FutureTask.java:122)
	at java.util.concurrent.FutureTask.get(FutureTask.java:192)
	at org.apache.ratis.server.impl.LeaderElection.waitForResults(LeaderElection.java:262)
	at org.apache.ratis.server.impl.LeaderElection.askForVotes(LeaderElection.java:200)
	at org.apache.ratis.server.impl.LeaderElection.run(LeaderElection.java:130)
	at java.lang.Thread.run(Thread.java:748)
Caused by: org.apache.ratis.thirdparty.io.grpc.StatusRuntimeException: UNAVAILABLE: io exception
	at org.apache.ratis.thirdparty.io.grpc.stub.ClientCalls.toStatusRuntimeException(ClientCalls.java:233)
	at org.apache.ratis.thirdparty.io.grpc.stub.ClientCalls.getUnchecked(ClientCalls.java:214)
	at org.apache.ratis.thirdparty.io.grpc.stub.ClientCalls.blockingUnaryCall(ClientCalls.java:139)
	at org.apache.ratis.proto.grpc.RaftServerProtocolServiceGrpc$RaftServerProtocolServiceBlockingStub.requestVote(RaftServerProtocolServiceGrpc.java:265)
	at org.apache.ratis.grpc.server.GrpcServerProtocolClient.requestVote(GrpcServerProtocolClient.java:83)
	at org.apache.ratis.grpc.server.GrpcService.requestVote(GrpcService.java:195)
	at org.apache.ratis.server.impl.LeaderElection.lambda$submitRequests$1(LeaderElection.java:237)
	at java.util.concurrent.FutureTask.run(FutureTask.java:266)
	at java.util.concurrent.Executors$RunnableAdapter.call(Executors.java:511)
	at java.util.concurrent.FutureTask.run(FutureTask.java:266)
	at java.util.concurrent.ThreadPoolExecutor.runWorker(ThreadPoolExecutor.java:1149)
	at java.util.concurrent.ThreadPoolExecutor$Worker.run(ThreadPoolExecutor.java:624)
	... 1 more
Caused by: org.apache.ratis.thirdparty.io.netty.channel.AbstractChannel$AnnotatedConnectException: Connection refused: /192.168.5.172:33674
	at sun.nio.ch.SocketChannelImpl.checkConnect(Native Method)
	at sun.nio.ch.SocketChannelImpl.finishConnect(SocketChannelImpl.java:717)
	at org.apache.ratis.thirdparty.io.netty.channel.socket.nio.NioSocketChannel.doFinishConnect(NioSocketChannel.java:327)
	at org.apache.ratis.thirdparty.io.netty.channel.nio.AbstractNioChannel$AbstractNioUnsafe.finishConnect(AbstractNioChannel.java:340)
	at org.apache.ratis.thirdparty.io.netty.channel.nio.NioEventLoop.processSelectedKey(NioEventLoop.java:632)
	at org.apache.ratis.thirdparty.io.netty.channel.nio.NioEventLoop.processSelectedKeysOptimized(NioEventLoop.java:579)
	at org.apache.ratis.thirdparty.io.netty.channel.nio.NioEventLoop.processSelectedKeys(NioEventLoop.java:496)
	at org.apache.ratis.thirdparty.io.netty.channel.nio.NioEventLoop.run(NioEventLoop.java:458)
	at org.apache.ratis.thirdparty.io.netty.util.concurrent.SingleThreadEventExecutor$5.run(SingleThreadEventExecutor.java:897)
	at org.apache.ratis.thirdparty.io.netty.util.concurrent.FastThreadLocalRunnable.run(FastThreadLocalRunnable.java:30)
	... 1 more
Caused by: java.net.ConnectException: Connection refused
	... 11 more
2019-07-13 14:36:15,011 INFO  impl.LeaderElection (LogUtils.java:infoOrTrace(149)) - 6c44a25b-e972-4a0b-9f86-7784e2c59475:group-6BD8BC1BA742:LeaderElection64 got exception when requesting votes: {}
java.util.concurrent.ExecutionException: org.apache.ratis.thirdparty.io.grpc.StatusRuntimeException: UNAVAILABLE: io exception
	at java.util.concurrent.FutureTask.report(FutureTask.java:122)
	at java.util.concurrent.FutureTask.get(FutureTask.java:192)
	at org.apache.ratis.server.impl.LeaderElection.waitForResults(LeaderElection.java:262)
	at org.apache.ratis.server.impl.LeaderElection.askForVotes(LeaderElection.java:200)
	at org.apache.ratis.server.impl.LeaderElection.run(LeaderElection.java:130)
	at java.lang.Thread.run(Thread.java:748)
Caused by: org.apache.ratis.thirdparty.io.grpc.StatusRuntimeException: UNAVAILABLE: io exception
	at org.apache.ratis.thirdparty.io.grpc.stub.ClientCalls.toStatusRuntimeException(ClientCalls.java:233)
	at org.apache.ratis.thirdparty.io.grpc.stub.ClientCalls.getUnchecked(ClientCalls.java:214)
	at org.apache.ratis.thirdparty.io.grpc.stub.ClientCalls.blockingUnaryCall(ClientCalls.java:139)
	at org.apache.ratis.proto.grpc.RaftServerProtocolServiceGrpc$RaftServerProtocolServiceBlockingStub.requestVote(RaftServerProtocolServiceGrpc.java:265)
	at org.apache.ratis.grpc.server.GrpcServerProtocolClient.requestVote(GrpcServerProtocolClient.java:83)
	at org.apache.ratis.grpc.server.GrpcService.requestVote(GrpcService.java:195)
	at org.apache.ratis.server.impl.LeaderElection.lambda$submitRequests$1(LeaderElection.java:237)
	at java.util.concurrent.FutureTask.run(FutureTask.java:266)
	at java.util.concurrent.Executors$RunnableAdapter.call(Executors.java:511)
	at java.util.concurrent.FutureTask.run(FutureTask.java:266)
	at java.util.concurrent.ThreadPoolExecutor.runWorker(ThreadPoolExecutor.java:1149)
	at java.util.concurrent.ThreadPoolExecutor$Worker.run(ThreadPoolExecutor.java:624)
	... 1 more
Caused by: org.apache.ratis.thirdparty.io.netty.channel.AbstractChannel$AnnotatedConnectException: Connection refused: /192.168.5.172:39415
	at sun.nio.ch.SocketChannelImpl.checkConnect(Native Method)
	at sun.nio.ch.SocketChannelImpl.finishConnect(SocketChannelImpl.java:717)
	at org.apache.ratis.thirdparty.io.netty.channel.socket.nio.NioSocketChannel.doFinishConnect(NioSocketChannel.java:327)
	at org.apache.ratis.thirdparty.io.netty.channel.nio.AbstractNioChannel$AbstractNioUnsafe.finishConnect(AbstractNioChannel.java:340)
	at org.apache.ratis.thirdparty.io.netty.channel.nio.NioEventLoop.processSelectedKey(NioEventLoop.java:632)
	at org.apache.ratis.thirdparty.io.netty.channel.nio.NioEventLoop.processSelectedKeysOptimized(NioEventLoop.java:579)
	at org.apache.ratis.thirdparty.io.netty.channel.nio.NioEventLoop.processSelectedKeys(NioEventLoop.java:496)
	at org.apache.ratis.thirdparty.io.netty.channel.nio.NioEventLoop.run(NioEventLoop.java:458)
	at org.apache.ratis.thirdparty.io.netty.util.concurrent.SingleThreadEventExecutor$5.run(SingleThreadEventExecutor.java:897)
	at org.apache.ratis.thirdparty.io.netty.util.concurrent.FastThreadLocalRunnable.run(FastThreadLocalRunnable.java:30)
	... 1 more
Caused by: java.net.ConnectException: Connection refused
	... 11 more
2019-07-13 14:36:15,012 INFO  impl.LeaderElection (LeaderElection.java:logAndReturn(56)) - 6c44a25b-e972-4a0b-9f86-7784e2c59475:group-6BD8BC1BA742:LeaderElection64: Election REJECTED; received 0 response(s) [] and 2 exception(s); 6c44a25b-e972-4a0b-9f86-7784e2c59475:t3, leader=null, voted=6c44a25b-e972-4a0b-9f86-7784e2c59475, raftlog=6c44a25b-e972-4a0b-9f86-7784e2c59475-SegmentedRaftLog:OPENED:c0,f0,i0, conf=0: [6c44a25b-e972-4a0b-9f86-7784e2c59475:192.168.5.172:36569, 2483fc38-7b26-4aef-95cf-438e43477517:192.168.5.172:33674, c1fc56de-d426-4465-b7de-d712fe9d51c3:192.168.5.172:39415], old=null
2019-07-13 14:36:15,012 INFO  impl.LeaderElection (LogUtils.java:infoOrTrace(149)) -   Exception 0: {}
java.util.concurrent.ExecutionException: org.apache.ratis.thirdparty.io.grpc.StatusRuntimeException: UNAVAILABLE: io exception
	at java.util.concurrent.FutureTask.report(FutureTask.java:122)
	at java.util.concurrent.FutureTask.get(FutureTask.java:192)
	at org.apache.ratis.server.impl.LeaderElection.waitForResults(LeaderElection.java:262)
	at org.apache.ratis.server.impl.LeaderElection.askForVotes(LeaderElection.java:200)
	at org.apache.ratis.server.impl.LeaderElection.run(LeaderElection.java:130)
	at java.lang.Thread.run(Thread.java:748)
Caused by: org.apache.ratis.thirdparty.io.grpc.StatusRuntimeException: UNAVAILABLE: io exception
	at org.apache.ratis.thirdparty.io.grpc.stub.ClientCalls.toStatusRuntimeException(ClientCalls.java:233)
	at org.apache.ratis.thirdparty.io.grpc.stub.ClientCalls.getUnchecked(ClientCalls.java:214)
	at org.apache.ratis.thirdparty.io.grpc.stub.ClientCalls.blockingUnaryCall(ClientCalls.java:139)
	at org.apache.ratis.proto.grpc.RaftServerProtocolServiceGrpc$RaftServerProtocolServiceBlockingStub.requestVote(RaftServerProtocolServiceGrpc.java:265)
	at org.apache.ratis.grpc.server.GrpcServerProtocolClient.requestVote(GrpcServerProtocolClient.java:83)
	at org.apache.ratis.grpc.server.GrpcService.requestVote(GrpcService.java:195)
	at org.apache.ratis.server.impl.LeaderElection.lambda$submitRequests$1(LeaderElection.java:237)
	at java.util.concurrent.FutureTask.run(FutureTask.java:266)
	at java.util.concurrent.Executors$RunnableAdapter.call(Executors.java:511)
	at java.util.concurrent.FutureTask.run(FutureTask.java:266)
	at java.util.concurrent.ThreadPoolExecutor.runWorker(ThreadPoolExecutor.java:1149)
	at java.util.concurrent.ThreadPoolExecutor$Worker.run(ThreadPoolExecutor.java:624)
	... 1 more
Caused by: org.apache.ratis.thirdparty.io.netty.channel.AbstractChannel$AnnotatedConnectException: Connection refused: /192.168.5.172:33674
	at sun.nio.ch.SocketChannelImpl.checkConnect(Native Method)
	at sun.nio.ch.SocketChannelImpl.finishConnect(SocketChannelImpl.java:717)
	at org.apache.ratis.thirdparty.io.netty.channel.socket.nio.NioSocketChannel.doFinishConnect(NioSocketChannel.java:327)
	at org.apache.ratis.thirdparty.io.netty.channel.nio.AbstractNioChannel$AbstractNioUnsafe.finishConnect(AbstractNioChannel.java:340)
	at org.apache.ratis.thirdparty.io.netty.channel.nio.NioEventLoop.processSelectedKey(NioEventLoop.java:632)
	at org.apache.ratis.thirdparty.io.netty.channel.nio.NioEventLoop.processSelectedKeysOptimized(NioEventLoop.java:579)
	at org.apache.ratis.thirdparty.io.netty.channel.nio.NioEventLoop.processSelectedKeys(NioEventLoop.java:496)
	at org.apache.ratis.thirdparty.io.netty.channel.nio.NioEventLoop.run(NioEventLoop.java:458)
	at org.apache.ratis.thirdparty.io.netty.util.concurrent.SingleThreadEventExecutor$5.run(SingleThreadEventExecutor.java:897)
	at org.apache.ratis.thirdparty.io.netty.util.concurrent.FastThreadLocalRunnable.run(FastThreadLocalRunnable.java:30)
	... 1 more
Caused by: java.net.ConnectException: Connection refused
	... 11 more
2019-07-13 14:36:15,012 INFO  impl.LeaderElection (LogUtils.java:infoOrTrace(149)) -   Exception 1: {}
java.util.concurrent.ExecutionException: org.apache.ratis.thirdparty.io.grpc.StatusRuntimeException: UNAVAILABLE: io exception
	at java.util.concurrent.FutureTask.report(FutureTask.java:122)
	at java.util.concurrent.FutureTask.get(FutureTask.java:192)
	at org.apache.ratis.server.impl.LeaderElection.waitForResults(LeaderElection.java:262)
	at org.apache.ratis.server.impl.LeaderElection.askForVotes(LeaderElection.java:200)
	at org.apache.ratis.server.impl.LeaderElection.run(LeaderElection.java:130)
	at java.lang.Thread.run(Thread.java:748)
Caused by: org.apache.ratis.thirdparty.io.grpc.StatusRuntimeException: UNAVAILABLE: io exception
	at org.apache.ratis.thirdparty.io.grpc.stub.ClientCalls.toStatusRuntimeException(ClientCalls.java:233)
	at org.apache.ratis.thirdparty.io.grpc.stub.ClientCalls.getUnchecked(ClientCalls.java:214)
	at org.apache.ratis.thirdparty.io.grpc.stub.ClientCalls.blockingUnaryCall(ClientCalls.java:139)
	at org.apache.ratis.proto.grpc.RaftServerProtocolServiceGrpc$RaftServerProtocolServiceBlockingStub.requestVote(RaftServerProtocolServiceGrpc.java:265)
	at org.apache.ratis.grpc.server.GrpcServerProtocolClient.requestVote(GrpcServerProtocolClient.java:83)
	at org.apache.ratis.grpc.server.GrpcService.requestVote(GrpcService.java:195)
	at org.apache.ratis.server.impl.LeaderElection.lambda$submitRequests$1(LeaderElection.java:237)
	at java.util.concurrent.FutureTask.run(FutureTask.java:266)
	at java.util.concurrent.Executors$RunnableAdapter.call(Executors.java:511)
	at java.util.concurrent.FutureTask.run(FutureTask.java:266)
	at java.util.concurrent.ThreadPoolExecutor.runWorker(ThreadPoolExecutor.java:1149)
	at java.util.concurrent.ThreadPoolExecutor$Worker.run(ThreadPoolExecutor.java:624)
	... 1 more
Caused by: org.apache.ratis.thirdparty.io.netty.channel.AbstractChannel$AnnotatedConnectException: Connection refused: /192.168.5.172:39415
	at sun.nio.ch.SocketChannelImpl.checkConnect(Native Method)
	at sun.nio.ch.SocketChannelImpl.finishConnect(SocketChannelImpl.java:717)
	at org.apache.ratis.thirdparty.io.netty.channel.socket.nio.NioSocketChannel.doFinishConnect(NioSocketChannel.java:327)
	at org.apache.ratis.thirdparty.io.netty.channel.nio.AbstractNioChannel$AbstractNioUnsafe.finishConnect(AbstractNioChannel.java:340)
	at org.apache.ratis.thirdparty.io.netty.channel.nio.NioEventLoop.processSelectedKey(NioEventLoop.java:632)
	at org.apache.ratis.thirdparty.io.netty.channel.nio.NioEventLoop.processSelectedKeysOptimized(NioEventLoop.java:579)
	at org.apache.ratis.thirdparty.io.netty.channel.nio.NioEventLoop.processSelectedKeys(NioEventLoop.java:496)
	at org.apache.ratis.thirdparty.io.netty.channel.nio.NioEventLoop.run(NioEventLoop.java:458)
	at org.apache.ratis.thirdparty.io.netty.util.concurrent.SingleThreadEventExecutor$5.run(SingleThreadEventExecutor.java:897)
	at org.apache.ratis.thirdparty.io.netty.util.concurrent.FastThreadLocalRunnable.run(FastThreadLocalRunnable.java:30)
	... 1 more
Caused by: java.net.ConnectException: Connection refused
	... 11 more
2019-07-13 14:36:15,013 INFO  impl.RaftServerImpl (RaftServerImpl.java:setRole(171)) - 6c44a25b-e972-4a0b-9f86-7784e2c59475:group-6BD8BC1BA742 changes role from CANDIDATE to FOLLOWER at term 3 for DISCOVERED_A_NEW_TERM
2019-07-13 14:36:15,013 INFO  impl.RoleInfo (RoleInfo.java:shutdownLeaderElection(134)) - 6c44a25b-e972-4a0b-9f86-7784e2c59475: shutdown LeaderElection
2019-07-13 14:36:15,013 INFO  impl.RoleInfo (RoleInfo.java:updateAndGet(143)) - 6c44a25b-e972-4a0b-9f86-7784e2c59475: start FollowerState
2019-07-13 14:36:18,601 INFO  node.StaleNodeHandler (StaleNodeHandler.java:onMessage(58)) - Datanode 6c44a25b-e972-4a0b-9f86-7784e2c59475{ip: 192.168.5.172, host: trunk-nightly-mhs6z-4061744966, networkLocation: /default-rack, certSerialId: null} moved to stale state. Finalizing its pipelines [PipelineID=a3724fc6-c782-4c6a-be9d-6bd8bc1ba742, PipelineID=cd16a4fe-2fa7-4d17-8b0a-b691710d9275]
2019-07-13 14:36:18,602 INFO  pipeline.SCMPipelineManager (SCMPipelineManager.java:finalizeAndDestroyPipeline(309)) - destroying pipeline:Pipeline[ Id: a3724fc6-c782-4c6a-be9d-6bd8bc1ba742, Nodes: 2483fc38-7b26-4aef-95cf-438e43477517{ip: 192.168.5.172, host: trunk-nightly-mhs6z-4061744966, networkLocation: /default-rack, certSerialId: null}c1fc56de-d426-4465-b7de-d712fe9d51c3{ip: 192.168.5.172, host: trunk-nightly-mhs6z-4061744966, networkLocation: /default-rack, certSerialId: null}6c44a25b-e972-4a0b-9f86-7784e2c59475{ip: 192.168.5.172, host: trunk-nightly-mhs6z-4061744966, networkLocation: /default-rack, certSerialId: null}, Type:RATIS, Factor:THREE, State:CLOSED]
2019-07-13 14:36:18,602 INFO  pipeline.SCMPipelineManager (SCMPipelineManager.java:finalizeAndDestroyPipeline(309)) - destroying pipeline:Pipeline[ Id: cd16a4fe-2fa7-4d17-8b0a-b691710d9275, Nodes: 6c44a25b-e972-4a0b-9f86-7784e2c59475{ip: 192.168.5.172, host: trunk-nightly-mhs6z-4061744966, networkLocation: /default-rack, certSerialId: null}, Type:RATIS, Factor:ONE, State:OPEN]
2019-07-13 14:36:18,602 INFO  pipeline.PipelineStateManager (PipelineStateManager.java:finalizePipeline(123)) - Pipeline Pipeline[ Id: cd16a4fe-2fa7-4d17-8b0a-b691710d9275, Nodes: 6c44a25b-e972-4a0b-9f86-7784e2c59475{ip: 192.168.5.172, host: trunk-nightly-mhs6z-4061744966, networkLocation: /default-rack, certSerialId: null}, Type:RATIS, Factor:ONE, State:CLOSED] moved to CLOSED state
2019-07-13 14:36:19,484 INFO  ozoneimpl.OzoneContainer (OzoneContainer.java:stop(199)) - Attempting to stop container services.
2019-07-13 14:36:19,485 INFO  impl.RaftServerProxy (RaftServerProxy.java:lambda$close$4(314)) - 6c44a25b-e972-4a0b-9f86-7784e2c59475: close
2019-07-13 14:36:19,485 INFO  impl.RaftServerImpl (RaftServerImpl.java:lambda$shutdown$3(245)) - 6c44a25b-e972-4a0b-9f86-7784e2c59475: shutdown group-6BD8BC1BA742
2019-07-13 14:36:19,485 INFO  util.JmxRegister (JmxRegister.java:unregister(73)) - Successfully un-registered JMX Bean with object name Ratis:service=RaftServer,group=group-6BD8BC1BA742,id=6c44a25b-e972-4a0b-9f86-7784e2c59475
2019-07-13 14:36:19,486 INFO  impl.RoleInfo (RoleInfo.java:shutdownFollowerState(121)) - 6c44a25b-e972-4a0b-9f86-7784e2c59475: shutdown FollowerState
2019-07-13 14:36:19,486 INFO  impl.StateMachineUpdater (StateMachineUpdater.java:stopAndJoin(115)) - StateMachineUpdater:6c44a25b-e972-4a0b-9f86-7784e2c59475:group-6BD8BC1BA742: set stopIndex = 0
2019-07-13 14:36:19,486 INFO  impl.FollowerState (FollowerState.java:run(114)) - 6c44a25b-e972-4a0b-9f86-7784e2c59475: FollowerState was interrupted: java.lang.InterruptedException: sleep interrupted
2019-07-13 14:36:19,486 INFO  ratis.ContainerStateMachine (ContainerStateMachine.java:takeSnapshot(246)) - Taking snapshot at termIndex:(t:0, i:~)
2019-07-13 14:36:19,488 INFO  impl.RaftServerImpl (ServerState.java:close(394)) - 6c44a25b-e972-4a0b-9f86-7784e2c59475:group-6BD8BC1BA742 closes. The last applied log index is 0
2019-07-13 14:36:19,489 INFO  segmented.SegmentedRaftLogWorker (SegmentedRaftLogWorker.java:run(313)) - 6c44a25b-e972-4a0b-9f86-7784e2c59475-SegmentedRaftLogWorker:Storage Directory /tmp/workdir/hadoop-ozone/integration-test/target/test-dir/MiniOzoneClusterImpl-d90cfd36-4d9c-40bf-863f-665d19222a86/datanode-5/data/ratis/a3724fc6-c782-4c6a-be9d-6bd8bc1ba742 was interrupted, exiting. There are 0 tasks remaining in the queue.
2019-07-13 14:36:19,489 INFO  segmented.SegmentedRaftLogWorker (SegmentedRaftLogWorker.java:close(228)) - 6c44a25b-e972-4a0b-9f86-7784e2c59475-SegmentedRaftLogWorker:Storage Directory /tmp/workdir/hadoop-ozone/integration-test/target/test-dir/MiniOzoneClusterImpl-d90cfd36-4d9c-40bf-863f-665d19222a86/datanode-5/data/ratis/a3724fc6-c782-4c6a-be9d-6bd8bc1ba742 close()
2019-07-13 14:36:19,489 INFO  impl.RaftServerImpl (RaftServerImpl.java:lambda$shutdown$3(245)) - 6c44a25b-e972-4a0b-9f86-7784e2c59475: shutdown group-B691710D9275
2019-07-13 14:36:19,490 INFO  util.JmxRegister (JmxRegister.java:unregister(73)) - Successfully un-registered JMX Bean with object name Ratis:service=RaftServer,group=group-B691710D9275,id=6c44a25b-e972-4a0b-9f86-7784e2c59475
2019-07-13 14:36:19,490 INFO  impl.RoleInfo (RoleInfo.java:shutdownLeaderState(104)) - 6c44a25b-e972-4a0b-9f86-7784e2c59475: shutdown LeaderState
2019-07-13 14:36:19,490 INFO  impl.PendingRequests (PendingRequests.java:sendNotLeaderResponses(202)) - 6c44a25b-e972-4a0b-9f86-7784e2c59475-PendingRequests: sendNotLeaderResponses
2019-07-13 14:36:19,491 INFO  impl.StateMachineUpdater (StateMachineUpdater.java:stopAndJoin(115)) - StateMachineUpdater:6c44a25b-e972-4a0b-9f86-7784e2c59475:group-B691710D9275: set stopIndex = 0
2019-07-13 14:36:19,491 INFO  ratis.ContainerStateMachine (ContainerStateMachine.java:takeSnapshot(246)) - Taking snapshot at termIndex:(t:0, i:~)
2019-07-13 14:36:19,491 INFO  impl.RaftServerImpl (ServerState.java:close(394)) - 6c44a25b-e972-4a0b-9f86-7784e2c59475:group-B691710D9275 closes. The last applied log index is 0
2019-07-13 14:36:19,492 INFO  segmented.SegmentedRaftLogWorker (SegmentedRaftLogWorker.java:run(313)) - 6c44a25b-e972-4a0b-9f86-7784e2c59475-SegmentedRaftLogWorker:Storage Directory /tmp/workdir/hadoop-ozone/integration-test/target/test-dir/MiniOzoneClusterImpl-d90cfd36-4d9c-40bf-863f-665d19222a86/datanode-5/data/ratis/cd16a4fe-2fa7-4d17-8b0a-b691710d9275 was interrupted, exiting. There are 0 tasks remaining in the queue.
2019-07-13 14:36:19,492 INFO  segmented.SegmentedRaftLogWorker (SegmentedRaftLogWorker.java:close(228)) - 6c44a25b-e972-4a0b-9f86-7784e2c59475-SegmentedRaftLogWorker:Storage Directory /tmp/workdir/hadoop-ozone/integration-test/target/test-dir/MiniOzoneClusterImpl-d90cfd36-4d9c-40bf-863f-665d19222a86/datanode-5/data/ratis/cd16a4fe-2fa7-4d17-8b0a-b691710d9275 close()
2019-07-13 14:36:19,492 INFO  server.GrpcService (GrpcService.java:closeImpl(155)) - 6c44a25b-e972-4a0b-9f86-7784e2c59475: shutdown server with port 36569 now
2019-07-13 14:36:19,493 INFO  server.GrpcService (GrpcService.java:closeImpl(163)) - 6c44a25b-e972-4a0b-9f86-7784e2c59475: shutdown server with port 36569 successfully
2019-07-13 14:36:19,494 INFO  utils.BackgroundService (BackgroundService.java:shutdown(148)) - Shutting down service BlockDeletingService
2019-07-13 14:36:19,498 WARN  fs.CachingGetSpaceUsed (CachingGetSpaceUsed.java:run(183)) - Thread Interrupted waiting to refresh disk information: sleep interrupted
2019-07-13 14:36:19,518 INFO  statemachine.DatanodeStateMachine (DatanodeStateMachine.java:stopDaemon(395)) - Ozone container server stopped.
2019-07-13 14:36:19,532 INFO  handler.ContextHandler (ContextHandler.java:doStop(910)) - Stopped o.e.j.w.WebAppContext@6b8a9e1{/,null,UNAVAILABLE}{/hddsDatanode}
2019-07-13 14:36:19,533 INFO  server.AbstractConnector (AbstractConnector.java:doStop(318)) - Stopped ServerConnector@4c51fc9a{HTTP/1.1,[http/1.1]}{0.0.0.0:0}
2019-07-13 14:36:19,535 INFO  handler.ContextHandler (ContextHandler.java:doStop(910)) - Stopped o.e.j.s.ServletContextHandler@4257163f{/static,jar:file:/home/user/.m2/repository/org/apache/hadoop/hadoop-hdds-container-service/0.5.0-SNAPSHOT/hadoop-hdds-container-service-0.5.0-SNAPSHOT.jar!/webapps/static,UNAVAILABLE}
2019-07-13 14:36:19,536 INFO  handler.ContextHandler (ContextHandler.java:doStop(910)) - Stopped o.e.j.s.ServletContextHandler@37e28b20{/logs,file:///tmp/workdir/hadoop-ozone/integration-test/target/log,UNAVAILABLE}
2019-07-13 14:36:19,537 INFO  ozone.MiniOzoneClusterImpl (MiniOzoneClusterImpl.java:stop(353)) - Stopping the StorageContainerManager
2019-07-13 14:36:19,537 INFO  server.StorageContainerManager (StorageContainerManager.java:stop(796)) - Stopping Replication Manager Service.
2019-07-13 14:36:19,537 INFO  container.ReplicationManager (ReplicationManager.java:stop(187)) - Stopping Replication Monitor Thread.
2019-07-13 14:36:19,538 INFO  server.StorageContainerManager (StorageContainerManager.java:stop(803)) - Stopping Lease Manager of the command watchers
2019-07-13 14:36:19,538 INFO  server.StorageContainerManager (StorageContainerManager.java:stop(810)) - Stopping datanode service RPC server
2019-07-13 14:36:19,538 INFO  server.SCMDatanodeProtocolServer (SCMDatanodeProtocolServer.java:stop(375)) - Stopping the RPC server for DataNodes
2019-07-13 14:36:19,538 INFO  ipc.Server (Server.java:stop(3082)) - Stopping server on 45993
2019-07-13 14:36:19,541 INFO  ipc.Server (Server.java:run(1185)) - Stopping IPC Server listener on 45993
2019-07-13 14:36:19,541 INFO  ipc.Server (Server.java:run(1319)) - Stopping IPC Server Responder
2019-07-13 14:36:19,603 WARN  node.NodeStateManager (NodeStateManager.java:scheduleNextHealthCheck(631)) - Current Thread is interrupted, shutting down HB processing thread for Node Manager.
2019-07-13 14:36:19,603 INFO  server.StorageContainerManager (StorageContainerManager.java:stop(818)) - Stopping block service RPC server
2019-07-13 14:36:19,603 INFO  server.SCMBlockProtocolServer (SCMBlockProtocolServer.java:stop(148)) - Stopping the RPC server for Block Protocol
2019-07-13 14:36:19,603 INFO  ipc.Server (Server.java:stop(3082)) - Stopping server on 39090
2019-07-13 14:36:19,605 INFO  ipc.Server (Server.java:run(1185)) - Stopping IPC Server listener on 39090
2019-07-13 14:36:19,605 INFO  server.StorageContainerManager (StorageContainerManager.java:stop(825)) - Stopping the StorageContainerLocationProtocol RPC server
2019-07-13 14:36:19,605 INFO  server.SCMClientProtocolServer (SCMClientProtocolServer.java:stop(157)) - Stopping the RPC server for Client Protocol
2019-07-13 14:36:19,607 INFO  ipc.Server (Server.java:stop(3082)) - Stopping server on 45776
2019-07-13 14:36:19,607 INFO  ipc.Server (Server.java:run(1319)) - Stopping IPC Server Responder
2019-07-13 14:36:19,609 INFO  ipc.Server (Server.java:run(1185)) - Stopping IPC Server listener on 45776
2019-07-13 14:36:19,609 INFO  server.StorageContainerManager (StorageContainerManager.java:stop(832)) - Stopping Storage Container Manager HTTP server.
2019-07-13 14:36:19,610 INFO  ipc.Server (Server.java:run(1319)) - Stopping IPC Server Responder
2019-07-13 14:36:19,611 INFO  handler.ContextHandler (ContextHandler.java:doStop(910)) - Stopped o.e.j.w.WebAppContext@1e4b70c6{/,null,UNAVAILABLE}{/scm}
2019-07-13 14:36:19,611 INFO  server.AbstractConnector (AbstractConnector.java:doStop(318)) - Stopped ServerConnector@7054c068{HTTP/1.1,[http/1.1]}{0.0.0.0:0}
2019-07-13 14:36:19,612 INFO  handler.ContextHandler (ContextHandler.java:doStop(910)) - Stopped o.e.j.s.ServletContextHandler@5d957cf0{/static,file:///tmp/workdir/hadoop-ozone/integration-test/target/test-classes/webapps/static,UNAVAILABLE}
2019-07-13 14:36:19,612 INFO  handler.ContextHandler (ContextHandler.java:doStop(910)) - Stopped o.e.j.s.ServletContextHandler@57abe94d{/logs,file:///tmp/workdir/hadoop-ozone/integration-test/target/log,UNAVAILABLE}
2019-07-13 14:36:19,614 INFO  server.StorageContainerManager (StorageContainerManager.java:stop(843)) - Stopping Block Manager Service.
2019-07-13 14:36:19,614 INFO  utils.BackgroundService (BackgroundService.java:shutdown(148)) - Shutting down service SCMBlockDeletingService
2019-07-13 14:36:19,614 INFO  utils.BackgroundService (BackgroundService.java:shutdown(148)) - Shutting down service SCMBlockDeletingService
2019-07-13 14:36:19,615 INFO  server.StorageContainerManager (StorageContainerManager.java:stop(865)) - Stopping SCM Event Queue.
2019-07-13 14:36:19,619 INFO  impl.MetricsSystemImpl (MetricsSystemImpl.java:stop(210)) - Stopping HddsDatanode metrics system...
2019-07-13 14:36:19,624 INFO  impl.MetricsSystemImpl (MetricsSystemImpl.java:stop(216)) - HddsDatanode metrics system stopped.
]]></system-out>
    <system-err><![CDATA[Jul 13, 2019 2:35:44 PM com.sun.jersey.server.impl.application.WebApplicationImpl _initiate
INFO: Initiating Jersey application, version 'Jersey: 1.19 02/11/2015 03:25 AM'
Jul 13, 2019 2:35:44 PM com.sun.jersey.server.impl.application.WebApplicationImpl _initiate
INFO: Initiating Jersey application, version 'Jersey: 1.19 02/11/2015 03:25 AM'
Jul 13, 2019 2:35:44 PM com.sun.jersey.server.impl.application.WebApplicationImpl _initiate
INFO: Initiating Jersey application, version 'Jersey: 1.19 02/11/2015 03:25 AM'
Jul 13, 2019 2:35:45 PM com.sun.jersey.server.impl.application.WebApplicationImpl _initiate
INFO: Initiating Jersey application, version 'Jersey: 1.19 02/11/2015 03:25 AM'
Jul 13, 2019 2:35:45 PM com.sun.jersey.server.impl.application.WebApplicationImpl _initiate
INFO: Initiating Jersey application, version 'Jersey: 1.19 02/11/2015 03:25 AM'
Jul 13, 2019 2:35:45 PM com.sun.jersey.server.impl.application.WebApplicationImpl _initiate
INFO: Initiating Jersey application, version 'Jersey: 1.19 02/11/2015 03:25 AM'
Jul 13, 2019 2:35:45 PM com.sun.jersey.server.impl.application.WebApplicationImpl _initiate
INFO: Initiating Jersey application, version 'Jersey: 1.19 02/11/2015 03:25 AM'
Jul 13, 2019 2:35:48 PM org.apache.ratis.thirdparty.io.grpc.internal.ManagedChannelOrphanWrapper$ManagedChannelReference cleanQueue
SEVERE: *~*~*~ Channel ManagedChannelImpl{logId=2745, target=192.168.5.172:33267} was not shutdown properly!!! ~*~*~*
    Make sure to call shutdown()/shutdownNow() and wait until awaitTermination() returns true.
java.lang.RuntimeException: ManagedChannel allocation site
	at org.apache.ratis.thirdparty.io.grpc.internal.ManagedChannelOrphanWrapper$ManagedChannelReference.<init>(ManagedChannelOrphanWrapper.java:103)
	at org.apache.ratis.thirdparty.io.grpc.internal.ManagedChannelOrphanWrapper.<init>(ManagedChannelOrphanWrapper.java:53)
	at org.apache.ratis.thirdparty.io.grpc.internal.ManagedChannelOrphanWrapper.<init>(ManagedChannelOrphanWrapper.java:44)
	at org.apache.ratis.thirdparty.io.grpc.internal.AbstractManagedChannelImplBuilder.build(AbstractManagedChannelImplBuilder.java:411)
	at org.apache.hadoop.hdds.scm.XceiverClientGrpc.connectToDatanode(XceiverClientGrpc.java:172)
	at org.apache.hadoop.hdds.scm.XceiverClientGrpc.reconnect(XceiverClientGrpc.java:417)
	at org.apache.hadoop.hdds.scm.XceiverClientGrpc.sendCommandAsync(XceiverClientGrpc.java:366)
	at org.apache.hadoop.hdds.scm.XceiverClientGrpc.sendCommandWithRetry(XceiverClientGrpc.java:279)
	at org.apache.hadoop.hdds.scm.XceiverClientGrpc.sendCommandWithTraceIDAndRetry(XceiverClientGrpc.java:248)
	at org.apache.hadoop.hdds.scm.XceiverClientGrpc.sendCommand(XceiverClientGrpc.java:231)
	at org.apache.hadoop.hdds.scm.storage.ContainerProtocolCalls.getBlock(ContainerProtocolCalls.java:118)
	at org.apache.hadoop.hdds.scm.storage.BlockInputStream.getChunkInfos(BlockInputStream.java:167)
	at org.apache.hadoop.hdds.scm.storage.BlockInputStream.initialize(BlockInputStream.java:118)
	at org.apache.hadoop.hdds.scm.storage.BlockInputStream.read(BlockInputStream.java:222)
	at org.apache.hadoop.ozone.client.io.KeyInputStream.read(KeyInputStream.java:171)
	at org.apache.hadoop.ozone.client.io.OzoneInputStream.read(OzoneInputStream.java:47)
	at java.io.InputStream.read(InputStream.java:101)
	at org.apache.hadoop.ozone.container.ContainerTestHelper.validateData(ContainerTestHelper.java:709)
	at org.apache.hadoop.ozone.client.rpc.TestBlockOutputStreamWithFailures.validateData(TestBlockOutputStreamWithFailures.java:1212)
	at org.apache.hadoop.ozone.client.rpc.TestBlockOutputStreamWithFailures.testDatanodeFailureWithSingleNodeRatis(TestBlockOutputStreamWithFailures.java:1054)
	at sun.reflect.NativeMethodAccessorImpl.invoke0(Native Method)
	at sun.reflect.NativeMethodAccessorImpl.invoke(NativeMethodAccessorImpl.java:62)
	at sun.reflect.DelegatingMethodAccessorImpl.invoke(DelegatingMethodAccessorImpl.java:43)
	at java.lang.reflect.Method.invoke(Method.java:498)
	at org.junit.runners.model.FrameworkMethod$1.runReflectiveCall(FrameworkMethod.java:47)
	at org.junit.internal.runners.model.ReflectiveCallable.run(ReflectiveCallable.java:12)
	at org.junit.runners.model.FrameworkMethod.invokeExplosively(FrameworkMethod.java:44)
	at org.junit.internal.runners.statements.InvokeMethod.evaluate(InvokeMethod.java:17)
	at org.junit.internal.runners.statements.RunBefores.evaluate(RunBefores.java:26)
	at org.junit.internal.runners.statements.RunAfters.evaluate(RunAfters.java:27)
	at org.junit.runners.ParentRunner.runLeaf(ParentRunner.java:271)
	at org.junit.runners.BlockJUnit4ClassRunner.runChild(BlockJUnit4ClassRunner.java:70)
	at org.junit.runners.BlockJUnit4ClassRunner.runChild(BlockJUnit4ClassRunner.java:50)
	at org.junit.runners.ParentRunner$3.run(ParentRunner.java:238)
	at org.junit.runners.ParentRunner$1.schedule(ParentRunner.java:63)
	at org.junit.runners.ParentRunner.runChildren(ParentRunner.java:236)
	at org.junit.runners.ParentRunner.access$000(ParentRunner.java:53)
	at org.junit.runners.ParentRunner$2.evaluate(ParentRunner.java:229)
	at org.junit.runners.ParentRunner.run(ParentRunner.java:309)
	at org.apache.maven.surefire.junit4.JUnit4Provider.execute(JUnit4Provider.java:365)
	at org.apache.maven.surefire.junit4.JUnit4Provider.executeWithRerun(JUnit4Provider.java:273)
	at org.apache.maven.surefire.junit4.JUnit4Provider.executeTestSet(JUnit4Provider.java:238)
	at org.apache.maven.surefire.junit4.JUnit4Provider.invoke(JUnit4Provider.java:159)
	at org.apache.maven.surefire.booter.ForkedBooter.invokeProviderInSameClassLoader(ForkedBooter.java:384)
	at org.apache.maven.surefire.booter.ForkedBooter.runSuitesInProcess(ForkedBooter.java:345)
	at org.apache.maven.surefire.booter.ForkedBooter.execute(ForkedBooter.java:126)
	at org.apache.maven.surefire.booter.ForkedBooter.main(ForkedBooter.java:418)

Jul 13, 2019 2:35:48 PM org.apache.ratis.thirdparty.io.grpc.internal.ManagedChannelOrphanWrapper$ManagedChannelReference cleanQueue
SEVERE: *~*~*~ Channel ManagedChannelImpl{logId=2740, target=192.168.5.172:44483} was not shutdown properly!!! ~*~*~*
    Make sure to call shutdown()/shutdownNow() and wait until awaitTermination() returns true.
java.lang.RuntimeException: ManagedChannel allocation site
	at org.apache.ratis.thirdparty.io.grpc.internal.ManagedChannelOrphanWrapper$ManagedChannelReference.<init>(ManagedChannelOrphanWrapper.java:103)
	at org.apache.ratis.thirdparty.io.grpc.internal.ManagedChannelOrphanWrapper.<init>(ManagedChannelOrphanWrapper.java:53)
	at org.apache.ratis.thirdparty.io.grpc.internal.ManagedChannelOrphanWrapper.<init>(ManagedChannelOrphanWrapper.java:44)
	at org.apache.ratis.thirdparty.io.grpc.internal.AbstractManagedChannelImplBuilder.build(AbstractManagedChannelImplBuilder.java:411)
	at org.apache.hadoop.hdds.scm.XceiverClientGrpc.connectToDatanode(XceiverClientGrpc.java:172)
	at org.apache.hadoop.hdds.scm.XceiverClientGrpc.reconnect(XceiverClientGrpc.java:417)
	at org.apache.hadoop.hdds.scm.XceiverClientGrpc.sendCommandAsync(XceiverClientGrpc.java:366)
	at org.apache.hadoop.hdds.scm.XceiverClientGrpc.sendCommandWithRetry(XceiverClientGrpc.java:279)
	at org.apache.hadoop.hdds.scm.XceiverClientGrpc.sendCommandWithTraceIDAndRetry(XceiverClientGrpc.java:248)
	at org.apache.hadoop.hdds.scm.XceiverClientGrpc.sendCommand(XceiverClientGrpc.java:231)
	at org.apache.hadoop.hdds.scm.storage.ContainerProtocolCalls.getBlock(ContainerProtocolCalls.java:118)
	at org.apache.hadoop.hdds.scm.storage.BlockInputStream.getChunkInfos(BlockInputStream.java:167)
	at org.apache.hadoop.hdds.scm.storage.BlockInputStream.initialize(BlockInputStream.java:118)
	at org.apache.hadoop.hdds.scm.storage.BlockInputStream.read(BlockInputStream.java:222)
	at org.apache.hadoop.ozone.client.io.KeyInputStream.read(KeyInputStream.java:171)
	at org.apache.hadoop.ozone.client.io.OzoneInputStream.read(OzoneInputStream.java:47)
	at java.io.InputStream.read(InputStream.java:101)
	at org.apache.hadoop.ozone.container.ContainerTestHelper.validateData(ContainerTestHelper.java:709)
	at org.apache.hadoop.ozone.client.rpc.TestBlockOutputStreamWithFailures.validateData(TestBlockOutputStreamWithFailures.java:1212)
	at org.apache.hadoop.ozone.client.rpc.TestBlockOutputStreamWithFailures.testDatanodeFailureWithSingleNodeRatis(TestBlockOutputStreamWithFailures.java:1054)
	at sun.reflect.NativeMethodAccessorImpl.invoke0(Native Method)
	at sun.reflect.NativeMethodAccessorImpl.invoke(NativeMethodAccessorImpl.java:62)
	at sun.reflect.DelegatingMethodAccessorImpl.invoke(DelegatingMethodAccessorImpl.java:43)
	at java.lang.reflect.Method.invoke(Method.java:498)
	at org.junit.runners.model.FrameworkMethod$1.runReflectiveCall(FrameworkMethod.java:47)
	at org.junit.internal.runners.model.ReflectiveCallable.run(ReflectiveCallable.java:12)
	at org.junit.runners.model.FrameworkMethod.invokeExplosively(FrameworkMethod.java:44)
	at org.junit.internal.runners.statements.InvokeMethod.evaluate(InvokeMethod.java:17)
	at org.junit.internal.runners.statements.RunBefores.evaluate(RunBefores.java:26)
	at org.junit.internal.runners.statements.RunAfters.evaluate(RunAfters.java:27)
	at org.junit.runners.ParentRunner.runLeaf(ParentRunner.java:271)
	at org.junit.runners.BlockJUnit4ClassRunner.runChild(BlockJUnit4ClassRunner.java:70)
	at org.junit.runners.BlockJUnit4ClassRunner.runChild(BlockJUnit4ClassRunner.java:50)
	at org.junit.runners.ParentRunner$3.run(ParentRunner.java:238)
	at org.junit.runners.ParentRunner$1.schedule(ParentRunner.java:63)
	at org.junit.runners.ParentRunner.runChildren(ParentRunner.java:236)
	at org.junit.runners.ParentRunner.access$000(ParentRunner.java:53)
	at org.junit.runners.ParentRunner$2.evaluate(ParentRunner.java:229)
	at org.junit.runners.ParentRunner.run(ParentRunner.java:309)
	at org.apache.maven.surefire.junit4.JUnit4Provider.execute(JUnit4Provider.java:365)
	at org.apache.maven.surefire.junit4.JUnit4Provider.executeWithRerun(JUnit4Provider.java:273)
	at org.apache.maven.surefire.junit4.JUnit4Provider.executeTestSet(JUnit4Provider.java:238)
	at org.apache.maven.surefire.junit4.JUnit4Provider.invoke(JUnit4Provider.java:159)
	at org.apache.maven.surefire.booter.ForkedBooter.invokeProviderInSameClassLoader(ForkedBooter.java:384)
	at org.apache.maven.surefire.booter.ForkedBooter.runSuitesInProcess(ForkedBooter.java:345)
	at org.apache.maven.surefire.booter.ForkedBooter.execute(ForkedBooter.java:126)
	at org.apache.maven.surefire.booter.ForkedBooter.main(ForkedBooter.java:418)

Jul 13, 2019 2:35:48 PM org.apache.ratis.thirdparty.io.grpc.internal.ManagedChannelOrphanWrapper$ManagedChannelReference cleanQueue
SEVERE: *~*~*~ Channel ManagedChannelImpl{logId=2714, target=192.168.5.172:40166} was not shutdown properly!!! ~*~*~*
    Make sure to call shutdown()/shutdownNow() and wait until awaitTermination() returns true.
java.lang.RuntimeException: ManagedChannel allocation site
	at org.apache.ratis.thirdparty.io.grpc.internal.ManagedChannelOrphanWrapper$ManagedChannelReference.<init>(ManagedChannelOrphanWrapper.java:103)
	at org.apache.ratis.thirdparty.io.grpc.internal.ManagedChannelOrphanWrapper.<init>(ManagedChannelOrphanWrapper.java:53)
	at org.apache.ratis.thirdparty.io.grpc.internal.ManagedChannelOrphanWrapper.<init>(ManagedChannelOrphanWrapper.java:44)
	at org.apache.ratis.thirdparty.io.grpc.internal.AbstractManagedChannelImplBuilder.build(AbstractManagedChannelImplBuilder.java:411)
	at org.apache.ratis.grpc.client.GrpcClientProtocolClient.<init>(GrpcClientProtocolClient.java:119)
	at org.apache.ratis.grpc.client.GrpcClientRpc.lambda$new$0(GrpcClientRpc.java:55)
	at org.apache.ratis.util.PeerProxyMap$PeerAndProxy.lambda$getProxy$0(PeerProxyMap.java:61)
	at org.apache.ratis.util.LifeCycle.startAndTransition(LifeCycle.java:202)
	at org.apache.ratis.util.PeerProxyMap$PeerAndProxy.getProxy(PeerProxyMap.java:60)
	at org.apache.ratis.util.PeerProxyMap.getProxy(PeerProxyMap.java:107)
	at org.apache.ratis.grpc.client.GrpcClientRpc.sendRequestAsync(GrpcClientRpc.java:66)
	at org.apache.ratis.client.impl.OrderedAsync.sendRequest(OrderedAsync.java:208)
	at org.apache.ratis.client.impl.OrderedAsync.sendRequestWithRetry(OrderedAsync.java:169)
	at org.apache.ratis.util.SlidingWindow$Client.sendOrDelayRequest(SlidingWindow.java:278)
	at org.apache.ratis.util.SlidingWindow$Client.submitNewRequest(SlidingWindow.java:257)
	at org.apache.ratis.client.impl.OrderedAsync.send(OrderedAsync.java:155)
	at org.apache.ratis.client.impl.RaftClientImpl.sendAsync(RaftClientImpl.java:145)
	at org.apache.ratis.client.impl.RaftClientImpl.sendAsync(RaftClientImpl.java:125)
	at org.apache.hadoop.hdds.scm.XceiverClientRatis.sendRequestAsync(XceiverClientRatis.java:224)
	at org.apache.hadoop.hdds.scm.XceiverClientRatis.sendCommandAsync(XceiverClientRatis.java:302)
	at org.apache.hadoop.hdds.scm.storage.ContainerProtocolCalls.writeChunkAsync(ContainerProtocolCalls.java:310)
	at org.apache.hadoop.hdds.scm.storage.BlockOutputStream.writeChunkToContainer(BlockOutputStream.java:610)
	at org.apache.hadoop.hdds.scm.storage.BlockOutputStream.writeChunk(BlockOutputStream.java:467)
	at org.apache.hadoop.hdds.scm.storage.BlockOutputStream.writeOnRetry(BlockOutputStream.java:293)
	at org.apache.hadoop.ozone.client.io.BlockOutputStreamEntry.writeOnRetry(BlockOutputStreamEntry.java:200)
	at org.apache.hadoop.ozone.client.io.KeyOutputStream.handleWrite(KeyOutputStream.java:209)
	at org.apache.hadoop.ozone.client.io.KeyOutputStream.handleRetry(KeyOutputStream.java:376)
	at org.apache.hadoop.ozone.client.io.KeyOutputStream.handleException(KeyOutputStream.java:325)
	at org.apache.hadoop.ozone.client.io.KeyOutputStream.handleFlushOrClose(KeyOutputStream.java:448)
	at org.apache.hadoop.ozone.client.io.KeyOutputStream.handleWrite(KeyOutputStream.java:235)
	at org.apache.hadoop.ozone.client.io.KeyOutputStream.write(KeyOutputStream.java:193)
	at org.apache.hadoop.ozone.client.io.OzoneOutputStream.write(OzoneOutputStream.java:49)
	at java.io.OutputStream.write(OutputStream.java:75)
	at org.apache.hadoop.ozone.client.rpc.TestBlockOutputStreamWithFailures.testDatanodeFailureWithSingleNodeRatis(TestBlockOutputStreamWithFailures.java:1017)
	at sun.reflect.NativeMethodAccessorImpl.invoke0(Native Method)
	at sun.reflect.NativeMethodAccessorImpl.invoke(NativeMethodAccessorImpl.java:62)
	at sun.reflect.DelegatingMethodAccessorImpl.invoke(DelegatingMethodAccessorImpl.java:43)
	at java.lang.reflect.Method.invoke(Method.java:498)
	at org.junit.runners.model.FrameworkMethod$1.runReflectiveCall(FrameworkMethod.java:47)
	at org.junit.internal.runners.model.ReflectiveCallable.run(ReflectiveCallable.java:12)
	at org.junit.runners.model.FrameworkMethod.invokeExplosively(FrameworkMethod.java:44)
	at org.junit.internal.runners.statements.InvokeMethod.evaluate(InvokeMethod.java:17)
	at org.junit.internal.runners.statements.RunBefores.evaluate(RunBefores.java:26)
	at org.junit.internal.runners.statements.RunAfters.evaluate(RunAfters.java:27)
	at org.junit.runners.ParentRunner.runLeaf(ParentRunner.java:271)
	at org.junit.runners.BlockJUnit4ClassRunner.runChild(BlockJUnit4ClassRunner.java:70)
	at org.junit.runners.BlockJUnit4ClassRunner.runChild(BlockJUnit4ClassRunner.java:50)
	at org.junit.runners.ParentRunner$3.run(ParentRunner.java:238)
	at org.junit.runners.ParentRunner$1.schedule(ParentRunner.java:63)
	at org.junit.runners.ParentRunner.runChildren(ParentRunner.java:236)
	at org.junit.runners.ParentRunner.access$000(ParentRunner.java:53)
	at org.junit.runners.ParentRunner$2.evaluate(ParentRunner.java:229)
	at org.junit.runners.ParentRunner.run(ParentRunner.java:309)
	at org.apache.maven.surefire.junit4.JUnit4Provider.execute(JUnit4Provider.java:365)
	at org.apache.maven.surefire.junit4.JUnit4Provider.executeWithRerun(JUnit4Provider.java:273)
	at org.apache.maven.surefire.junit4.JUnit4Provider.executeTestSet(JUnit4Provider.java:238)
	at org.apache.maven.surefire.junit4.JUnit4Provider.invoke(JUnit4Provider.java:159)
	at org.apache.maven.surefire.booter.ForkedBooter.invokeProviderInSameClassLoader(ForkedBooter.java:384)
	at org.apache.maven.surefire.booter.ForkedBooter.runSuitesInProcess(ForkedBooter.java:345)
	at org.apache.maven.surefire.booter.ForkedBooter.execute(ForkedBooter.java:126)
	at org.apache.maven.surefire.booter.ForkedBooter.main(ForkedBooter.java:418)

]]></system-err>
  </testcase>
  <testcase name="testWatchForCommitDatanodeFailure" classname="org.apache.hadoop.ozone.client.rpc.TestBlockOutputStreamWithFailures" time="32.874">
    <error type="java.lang.UnsupportedOperationException">java.lang.UnsupportedOperationException
	at java.util.AbstractList.add(AbstractList.java:148)
	at java.util.AbstractList.add(AbstractList.java:108)
	at java.util.AbstractCollection.addAll(AbstractCollection.java:344)
	at org.apache.hadoop.hdds.scm.storage.BlockOutputStream.watchForCommit(BlockOutputStream.java:363)
	at org.apache.hadoop.hdds.scm.storage.BlockOutputStream.handleFlush(BlockOutputStream.java:487)
	at org.apache.hadoop.hdds.scm.storage.BlockOutputStream.close(BlockOutputStream.java:501)
	at org.apache.hadoop.ozone.client.io.BlockOutputStreamEntry.close(BlockOutputStreamEntry.java:143)
	at org.apache.hadoop.ozone.client.io.KeyOutputStream.handleFlushOrClose(KeyOutputStream.java:438)
	at org.apache.hadoop.ozone.client.io.KeyOutputStream.handleWrite(KeyOutputStream.java:235)
	at org.apache.hadoop.ozone.client.io.KeyOutputStream.write(KeyOutputStream.java:193)
	at org.apache.hadoop.ozone.client.io.OzoneOutputStream.write(OzoneOutputStream.java:49)
	at java.io.OutputStream.write(OutputStream.java:75)
	at org.apache.hadoop.ozone.client.rpc.TestBlockOutputStreamWithFailures.testWatchForCommitDatanodeFailure(TestBlockOutputStreamWithFailures.java:363)
	at sun.reflect.NativeMethodAccessorImpl.invoke0(Native Method)
	at sun.reflect.NativeMethodAccessorImpl.invoke(NativeMethodAccessorImpl.java:62)
	at sun.reflect.DelegatingMethodAccessorImpl.invoke(DelegatingMethodAccessorImpl.java:43)
	at java.lang.reflect.Method.invoke(Method.java:498)
	at org.junit.runners.model.FrameworkMethod$1.runReflectiveCall(FrameworkMethod.java:47)
	at org.junit.internal.runners.model.ReflectiveCallable.run(ReflectiveCallable.java:12)
	at org.junit.runners.model.FrameworkMethod.invokeExplosively(FrameworkMethod.java:44)
	at org.junit.internal.runners.statements.InvokeMethod.evaluate(InvokeMethod.java:17)
	at org.junit.internal.runners.statements.RunBefores.evaluate(RunBefores.java:26)
	at org.junit.internal.runners.statements.RunAfters.evaluate(RunAfters.java:27)
	at org.junit.runners.ParentRunner.runLeaf(ParentRunner.java:271)
	at org.junit.runners.BlockJUnit4ClassRunner.runChild(BlockJUnit4ClassRunner.java:70)
	at org.junit.runners.BlockJUnit4ClassRunner.runChild(BlockJUnit4ClassRunner.java:50)
	at org.junit.runners.ParentRunner$3.run(ParentRunner.java:238)
	at org.junit.runners.ParentRunner$1.schedule(ParentRunner.java:63)
	at org.junit.runners.ParentRunner.runChildren(ParentRunner.java:236)
	at org.junit.runners.ParentRunner.access$000(ParentRunner.java:53)
	at org.junit.runners.ParentRunner$2.evaluate(ParentRunner.java:229)
	at org.junit.runners.ParentRunner.run(ParentRunner.java:309)
	at org.apache.maven.surefire.junit4.JUnit4Provider.execute(JUnit4Provider.java:365)
	at org.apache.maven.surefire.junit4.JUnit4Provider.executeWithRerun(JUnit4Provider.java:273)
	at org.apache.maven.surefire.junit4.JUnit4Provider.executeTestSet(JUnit4Provider.java:238)
	at org.apache.maven.surefire.junit4.JUnit4Provider.invoke(JUnit4Provider.java:159)
	at org.apache.maven.surefire.booter.ForkedBooter.invokeProviderInSameClassLoader(ForkedBooter.java:384)
	at org.apache.maven.surefire.booter.ForkedBooter.runSuitesInProcess(ForkedBooter.java:345)
	at org.apache.maven.surefire.booter.ForkedBooter.execute(ForkedBooter.java:126)
	at org.apache.maven.surefire.booter.ForkedBooter.main(ForkedBooter.java:418)
</error>
    <system-out><![CDATA[2019-07-13 14:36:19,675 WARN  server.ServerUtils (ServerUtils.java:getScmDbDir(145)) - ozone.scm.db.dirs is not configured. We recommend adding this setting. Falling back to ozone.metadata.dirs instead.
2019-07-13 14:36:19,690 WARN  server.ServerUtils (ServerUtils.java:getScmDbDir(145)) - ozone.scm.db.dirs is not configured. We recommend adding this setting. Falling back to ozone.metadata.dirs instead.
2019-07-13 14:36:19,691 WARN  server.ServerUtils (ServerUtils.java:getScmDbDir(145)) - ozone.scm.db.dirs is not configured. We recommend adding this setting. Falling back to ozone.metadata.dirs instead.
2019-07-13 14:36:19,691 INFO  db.DBStoreBuilder (DBStoreBuilder.java:addTable(110)) - using custom profile for table: deletedBlocks
2019-07-13 14:36:19,691 INFO  db.DBStoreBuilder (DBStoreBuilder.java:processTables(161)) - Using default column profile:DBProfile.DISK for Table:deletedBlocks
2019-07-13 14:36:19,691 INFO  db.DBStoreBuilder (DBStoreBuilder.java:addTable(110)) - using custom profile for table: validCerts
2019-07-13 14:36:19,692 INFO  db.DBStoreBuilder (DBStoreBuilder.java:processTables(161)) - Using default column profile:DBProfile.DISK for Table:validCerts
2019-07-13 14:36:19,692 INFO  db.DBStoreBuilder (DBStoreBuilder.java:addTable(110)) - using custom profile for table: revokedCerts
2019-07-13 14:36:19,692 INFO  db.DBStoreBuilder (DBStoreBuilder.java:processTables(161)) - Using default column profile:DBProfile.DISK for Table:revokedCerts
2019-07-13 14:36:19,692 INFO  db.DBStoreBuilder (DBStoreBuilder.java:addTable(110)) - using custom profile for table: default
2019-07-13 14:36:19,692 INFO  db.DBStoreBuilder (DBStoreBuilder.java:processTables(167)) - Using default column profile:DBProfile.DISK for Table:default
2019-07-13 14:36:19,692 INFO  db.DBStoreBuilder (DBStoreBuilder.java:getDbProfile(198)) - Using default options. DBProfile.DISK
2019-07-13 14:36:19,845 INFO  net.NodeSchemaLoader (NodeSchemaLoader.java:loadSchemaFromFile(125)) - Loading file from sun.misc.CompoundEnumeration@530ee11a
2019-07-13 14:36:19,845 INFO  net.NodeSchemaLoader (NodeSchemaLoader.java:loadSchema(171)) - Loading network topology layer schema file
2019-07-13 14:36:19,850 INFO  node.SCMNodeManager (SCMNodeManager.java:<init>(119)) - Entering startup safe mode.
2019-07-13 14:36:19,851 WARN  server.ServerUtils (ServerUtils.java:getScmDbDir(145)) - ozone.scm.db.dirs is not configured. We recommend adding this setting. Falling back to ozone.metadata.dirs instead.
2019-07-13 14:36:19,875 INFO  pipeline.SCMPipelineManager (SCMPipelineManager.java:initializePipelineState(126)) - No pipeline exists in current db
2019-07-13 14:36:19,875 WARN  server.ServerUtils (ServerUtils.java:getScmDbDir(145)) - ozone.scm.db.dirs is not configured. We recommend adding this setting. Falling back to ozone.metadata.dirs instead.
2019-07-13 14:36:19,901 WARN  events.EventQueue (EventQueue.java:fireEvent(175)) - No event handler registered for event TypedEvent{payloadType=SafeModeStatus, name='SafeModeStatus'}
2019-07-13 14:36:19,902 INFO  ipc.CallQueueManager (CallQueueManager.java:<init>(84)) - Using callQueue: class java.util.concurrent.LinkedBlockingQueue, queueCapacity: 2000, scheduler: class org.apache.hadoop.ipc.DefaultRpcScheduler, ipcBackoff: false.
2019-07-13 14:36:19,903 INFO  ipc.Server (Server.java:run(1074)) - Starting Socket Reader #1 for port 43529
2019-07-13 14:36:19,905 INFO  ipc.CallQueueManager (CallQueueManager.java:<init>(84)) - Using callQueue: class java.util.concurrent.LinkedBlockingQueue, queueCapacity: 2000, scheduler: class org.apache.hadoop.ipc.DefaultRpcScheduler, ipcBackoff: false.
2019-07-13 14:36:19,906 INFO  ipc.Server (Server.java:run(1074)) - Starting Socket Reader #1 for port 36307
2019-07-13 14:36:19,908 INFO  ipc.CallQueueManager (CallQueueManager.java:<init>(84)) - Using callQueue: class java.util.concurrent.LinkedBlockingQueue, queueCapacity: 2000, scheduler: class org.apache.hadoop.ipc.DefaultRpcScheduler, ipcBackoff: false.
2019-07-13 14:36:19,909 INFO  ipc.Server (Server.java:run(1074)) - Starting Socket Reader #1 for port 39556
2019-07-13 14:36:19,913 INFO  hdfs.DFSUtil (DFSUtil.java:httpServerTemplateForNNAndJN(1641)) - Starting Web-server for scm at: http://0.0.0.0:0
2019-07-13 14:36:19,915 INFO  server.AuthenticationFilter (AuthenticationFilter.java:constructSecretProvider(240)) - Unable to initialize FileSignerSecretProvider, falling back to use random secrets.
2019-07-13 14:36:19,916 WARN  http.HttpRequestLog (HttpRequestLog.java:getRequestLog(97)) - Jetty request log can only be enabled using Log4j
2019-07-13 14:36:19,918 INFO  http.HttpServer2 (HttpServer2.java:addGlobalFilter(975)) - Added global filter 'safety' (class=org.apache.hadoop.http.HttpServer2$QuotingInputFilter)
2019-07-13 14:36:19,919 INFO  http.HttpServer2 (HttpServer2.java:addFilter(948)) - Added filter static_user_filter (class=org.apache.hadoop.http.lib.StaticUserWebFilter$StaticUserFilter) to context scm
2019-07-13 14:36:19,919 INFO  http.HttpServer2 (HttpServer2.java:addFilter(958)) - Added filter static_user_filter (class=org.apache.hadoop.http.lib.StaticUserWebFilter$StaticUserFilter) to context static
2019-07-13 14:36:19,919 INFO  http.HttpServer2 (HttpServer2.java:addFilter(958)) - Added filter static_user_filter (class=org.apache.hadoop.http.lib.StaticUserWebFilter$StaticUserFilter) to context logs
2019-07-13 14:36:19,922 INFO  server.StorageContainerManager (StorageContainerManager.java:start(759)) - StorageContainerLocationProtocol RPC server is listening at /0.0.0.0:39556
2019-07-13 14:36:19,924 WARN  impl.MetricsConfig (MetricsConfig.java:loadFirst(134)) - Cannot locate configuration: tried hadoop-metrics2-storagecontainermanager.properties,hadoop-metrics2.properties
2019-07-13 14:36:19,925 INFO  impl.MetricsSystemImpl (MetricsSystemImpl.java:startTimer(374)) - Scheduled Metric snapshot period at 10 second(s).
2019-07-13 14:36:19,926 INFO  impl.MetricsSystemImpl (MetricsSystemImpl.java:start(191)) - StorageContainerManager metrics system started
2019-07-13 14:36:19,984 INFO  server.SCMClientProtocolServer (SCMClientProtocolServer.java:start(149)) - RPC server for Client  is listening at /0.0.0.0:39556
2019-07-13 14:36:19,985 INFO  ipc.Server (Server.java:run(1314)) - IPC Server Responder: starting
2019-07-13 14:36:19,985 INFO  ipc.Server (Server.java:run(1153)) - IPC Server listener on 39556: starting
2019-07-13 14:36:19,988 INFO  server.StorageContainerManager (StorageContainerManager.java:start(768)) - ScmBlockLocationProtocol RPC server is listening at /0.0.0.0:36307
2019-07-13 14:36:19,989 INFO  server.SCMBlockProtocolServer (SCMBlockProtocolServer.java:start(140)) - RPC server for Block Protocol is listening at /0.0.0.0:36307
2019-07-13 14:36:19,989 INFO  ipc.Server (Server.java:run(1314)) - IPC Server Responder: starting
2019-07-13 14:36:19,989 INFO  ipc.Server (Server.java:run(1153)) - IPC Server listener on 36307: starting
2019-07-13 14:36:19,993 INFO  server.StorageContainerManager (StorageContainerManager.java:start(772)) - ScmDatanodeProtocl RPC server is listening at /0.0.0.0:43529
2019-07-13 14:36:19,993 INFO  server.SCMDatanodeProtocolServer (SCMDatanodeProtocolServer.java:start(191)) - RPC server for DataNodes is listening at /0.0.0.0:43529
2019-07-13 14:36:19,994 INFO  ipc.Server (Server.java:run(1314)) - IPC Server Responder: starting
2019-07-13 14:36:19,994 INFO  ipc.Server (Server.java:run(1153)) - IPC Server listener on 43529: starting
2019-07-13 14:36:19,998 INFO  http.HttpServer2 (HttpServer2.java:bindListener(1191)) - Jetty bound to port 33489
2019-07-13 14:36:19,998 INFO  server.Server (Server.java:doStart(351)) - jetty-9.3.24.v20180605, build timestamp: 2018-06-05T17:11:56Z, git hash: 84205aa28f11a4f31f2a3b86d1bba2cc8ab69827
2019-07-13 14:36:20,000 INFO  handler.ContextHandler (ContextHandler.java:doStart(781)) - Started o.e.j.s.ServletContextHandler@445d878c{/logs,file:///tmp/workdir/hadoop-ozone/integration-test/target/log,AVAILABLE}
2019-07-13 14:36:20,000 INFO  handler.ContextHandler (ContextHandler.java:doStart(781)) - Started o.e.j.s.ServletContextHandler@119f035f{/static,file:///tmp/workdir/hadoop-ozone/integration-test/target/test-classes/webapps/static,AVAILABLE}
2019-07-13 14:36:20,005 INFO  handler.ContextHandler (ContextHandler.java:doStart(781)) - Started o.e.j.w.WebAppContext@fdfd984{/,file:///tmp/workdir/hadoop-ozone/integration-test/target/test-classes/webapps/scm/,AVAILABLE}{/scm}
2019-07-13 14:36:20,005 INFO  server.AbstractConnector (AbstractConnector.java:doStart(278)) - Started ServerConnector@45e49d3d{HTTP/1.1,[http/1.1]}{0.0.0.0:33489}
2019-07-13 14:36:20,006 INFO  server.Server (Server.java:doStart(419)) - Started @592858ms
2019-07-13 14:36:20,007 INFO  server.BaseHttpServer (BaseHttpServer.java:updateConnectorAddress(207)) - HTTP server of SCM is listening at http://0.0.0.0:33489
2019-07-13 14:36:20,007 WARN  server.ServerUtils (ServerUtils.java:getDBPath(222)) - ozone.om.db.dirs is not configured. We recommend adding this setting. Falling back to ozone.metadata.dirs instead.
2019-07-13 14:36:20,008 INFO  util.JvmPauseMonitor (JvmPauseMonitor.java:run(188)) - Starting JVM pause monitor
2019-07-13 14:36:20,013 WARN  server.ServerUtils (ServerUtils.java:getDBPath(222)) - ozone.om.db.dirs is not configured. We recommend adding this setting. Falling back to ozone.metadata.dirs instead.
2019-07-13 14:36:20,014 INFO  om.OzoneManager (OzoneManager.java:setOMNodeDetails(630)) - OM Service ID is not set. Setting it to the default ID: omServiceIdDefault
2019-07-13 14:36:20,014 INFO  om.OzoneManager (OzoneManager.java:setOMNodeDetails(636)) - OM Node ID is not set. Setting it to the OmStorage's OmID: 6f02b519-1050-4d86-9482-6b4d19d29868
2019-07-13 14:36:20,014 INFO  om.OzoneManager (OzoneManager.java:loadOMHAConfigs(587)) - Found matching OM address with OMServiceId: null, OMNodeId: null, RPC Address: localhost:0 and Ratis port: 9872
2019-07-13 14:36:20,021 WARN  server.ServerUtils (ServerUtils.java:getDBPath(222)) - ozone.om.db.dirs is not configured. We recommend adding this setting. Falling back to ozone.metadata.dirs instead.
2019-07-13 14:36:20,022 INFO  db.DBStoreBuilder (DBStoreBuilder.java:addTable(110)) - using custom profile for table: userTable
2019-07-13 14:36:20,022 INFO  db.DBStoreBuilder (DBStoreBuilder.java:processTables(161)) - Using default column profile:DBProfile.DISK for Table:userTable
2019-07-13 14:36:20,022 INFO  db.DBStoreBuilder (DBStoreBuilder.java:addTable(110)) - using custom profile for table: volumeTable
2019-07-13 14:36:20,022 INFO  db.DBStoreBuilder (DBStoreBuilder.java:processTables(161)) - Using default column profile:DBProfile.DISK for Table:volumeTable
2019-07-13 14:36:20,023 INFO  db.DBStoreBuilder (DBStoreBuilder.java:addTable(110)) - using custom profile for table: bucketTable
2019-07-13 14:36:20,023 INFO  db.DBStoreBuilder (DBStoreBuilder.java:processTables(161)) - Using default column profile:DBProfile.DISK for Table:bucketTable
2019-07-13 14:36:20,023 INFO  db.DBStoreBuilder (DBStoreBuilder.java:addTable(110)) - using custom profile for table: keyTable
2019-07-13 14:36:20,023 INFO  db.DBStoreBuilder (DBStoreBuilder.java:processTables(161)) - Using default column profile:DBProfile.DISK for Table:keyTable
2019-07-13 14:36:20,023 INFO  db.DBStoreBuilder (DBStoreBuilder.java:addTable(110)) - using custom profile for table: deletedTable
2019-07-13 14:36:20,024 INFO  db.DBStoreBuilder (DBStoreBuilder.java:processTables(161)) - Using default column profile:DBProfile.DISK for Table:deletedTable
2019-07-13 14:36:20,024 INFO  db.DBStoreBuilder (DBStoreBuilder.java:addTable(110)) - using custom profile for table: openKeyTable
2019-07-13 14:36:20,024 INFO  db.DBStoreBuilder (DBStoreBuilder.java:processTables(161)) - Using default column profile:DBProfile.DISK for Table:openKeyTable
2019-07-13 14:36:20,024 INFO  db.DBStoreBuilder (DBStoreBuilder.java:addTable(110)) - using custom profile for table: s3Table
2019-07-13 14:36:20,024 INFO  db.DBStoreBuilder (DBStoreBuilder.java:processTables(161)) - Using default column profile:DBProfile.DISK for Table:s3Table
2019-07-13 14:36:20,025 INFO  db.DBStoreBuilder (DBStoreBuilder.java:addTable(110)) - using custom profile for table: multipartInfoTable
2019-07-13 14:36:20,025 INFO  db.DBStoreBuilder (DBStoreBuilder.java:processTables(161)) - Using default column profile:DBProfile.DISK for Table:multipartInfoTable
2019-07-13 14:36:20,025 INFO  db.DBStoreBuilder (DBStoreBuilder.java:addTable(110)) - using custom profile for table: dTokenTable
2019-07-13 14:36:20,025 INFO  db.DBStoreBuilder (DBStoreBuilder.java:processTables(161)) - Using default column profile:DBProfile.DISK for Table:dTokenTable
2019-07-13 14:36:20,025 INFO  db.DBStoreBuilder (DBStoreBuilder.java:addTable(110)) - using custom profile for table: s3SecretTable
2019-07-13 14:36:20,025 INFO  db.DBStoreBuilder (DBStoreBuilder.java:processTables(161)) - Using default column profile:DBProfile.DISK for Table:s3SecretTable
2019-07-13 14:36:20,026 INFO  db.DBStoreBuilder (DBStoreBuilder.java:addTable(110)) - using custom profile for table: prefixTable
2019-07-13 14:36:20,026 INFO  db.DBStoreBuilder (DBStoreBuilder.java:processTables(161)) - Using default column profile:DBProfile.DISK for Table:prefixTable
2019-07-13 14:36:20,026 INFO  db.DBStoreBuilder (DBStoreBuilder.java:addTable(110)) - using custom profile for table: default
2019-07-13 14:36:20,026 INFO  db.DBStoreBuilder (DBStoreBuilder.java:processTables(167)) - Using default column profile:DBProfile.DISK for Table:default
2019-07-13 14:36:20,027 INFO  db.DBStoreBuilder (DBStoreBuilder.java:getDbProfile(198)) - Using default options. DBProfile.DISK
2019-07-13 14:36:20,277 INFO  ipc.CallQueueManager (CallQueueManager.java:<init>(84)) - Using callQueue: class java.util.concurrent.LinkedBlockingQueue, queueCapacity: 2000, scheduler: class org.apache.hadoop.ipc.DefaultRpcScheduler, ipcBackoff: false.
2019-07-13 14:36:20,278 INFO  ipc.Server (Server.java:run(1074)) - Starting Socket Reader #1 for port 36247
2019-07-13 14:36:20,294 WARN  server.ServerUtils (ServerUtils.java:getDBPath(222)) - ozone.om.db.dirs is not configured. We recommend adding this setting. Falling back to ozone.metadata.dirs instead.
2019-07-13 14:36:20,295 INFO  om.OzoneManager (OzoneManager.java:start(1228)) - OzoneManager RPC server is listening at localhost/127.0.0.1:36247
2019-07-13 14:36:20,295 INFO  impl.MetricsSystemImpl (MetricsSystemImpl.java:init(158)) - OzoneManager metrics system started (again)
2019-07-13 14:36:20,296 INFO  ipc.Server (Server.java:run(1314)) - IPC Server Responder: starting
2019-07-13 14:36:20,296 INFO  ipc.Server (Server.java:run(1153)) - IPC Server listener on 36247: starting
2019-07-13 14:36:20,302 INFO  hdfs.DFSUtil (DFSUtil.java:httpServerTemplateForNNAndJN(1641)) - Starting Web-server for ozoneManager at: http://0.0.0.0:0
2019-07-13 14:36:20,304 INFO  server.AuthenticationFilter (AuthenticationFilter.java:constructSecretProvider(240)) - Unable to initialize FileSignerSecretProvider, falling back to use random secrets.
2019-07-13 14:36:20,304 WARN  http.HttpRequestLog (HttpRequestLog.java:getRequestLog(97)) - Jetty request log can only be enabled using Log4j
2019-07-13 14:36:20,306 INFO  http.HttpServer2 (HttpServer2.java:addGlobalFilter(975)) - Added global filter 'safety' (class=org.apache.hadoop.http.HttpServer2$QuotingInputFilter)
2019-07-13 14:36:20,307 INFO  http.HttpServer2 (HttpServer2.java:addFilter(948)) - Added filter static_user_filter (class=org.apache.hadoop.http.lib.StaticUserWebFilter$StaticUserFilter) to context ozoneManager
2019-07-13 14:36:20,307 INFO  http.HttpServer2 (HttpServer2.java:addFilter(958)) - Added filter static_user_filter (class=org.apache.hadoop.http.lib.StaticUserWebFilter$StaticUserFilter) to context static
2019-07-13 14:36:20,308 INFO  http.HttpServer2 (HttpServer2.java:addFilter(958)) - Added filter static_user_filter (class=org.apache.hadoop.http.lib.StaticUserWebFilter$StaticUserFilter) to context logs
2019-07-13 14:36:20,309 INFO  http.HttpServer2 (HttpServer2.java:bindListener(1191)) - Jetty bound to port 36921
2019-07-13 14:36:20,309 INFO  server.Server (Server.java:doStart(351)) - jetty-9.3.24.v20180605, build timestamp: 2018-06-05T17:11:56Z, git hash: 84205aa28f11a4f31f2a3b86d1bba2cc8ab69827
2019-07-13 14:36:20,311 INFO  handler.ContextHandler (ContextHandler.java:doStart(781)) - Started o.e.j.s.ServletContextHandler@69fa5536{/logs,file:///tmp/workdir/hadoop-ozone/integration-test/target/log,AVAILABLE}
2019-07-13 14:36:20,312 INFO  handler.ContextHandler (ContextHandler.java:doStart(781)) - Started o.e.j.s.ServletContextHandler@37f60cd4{/static,file:///tmp/workdir/hadoop-ozone/integration-test/target/test-classes/webapps/static,AVAILABLE}
2019-07-13 14:36:20,317 INFO  handler.ContextHandler (ContextHandler.java:doStart(781)) - Started o.e.j.w.WebAppContext@42a198dd{/,file:///tmp/workdir/hadoop-ozone/integration-test/target/test-classes/webapps/ozoneManager/,AVAILABLE}{/ozoneManager}
2019-07-13 14:36:20,317 INFO  server.AbstractConnector (AbstractConnector.java:doStart(278)) - Started ServerConnector@5924ea91{HTTP/1.1,[http/1.1]}{0.0.0.0:36921}
2019-07-13 14:36:20,319 INFO  server.Server (Server.java:doStart(419)) - Started @593171ms
2019-07-13 14:36:20,320 INFO  server.BaseHttpServer (BaseHttpServer.java:updateConnectorAddress(207)) - HTTP server of OZONEMANAGER is listening at http://0.0.0.0:36921
2019-07-13 14:36:20,338 INFO  impl.MetricsSystemImpl (MetricsSystemImpl.java:init(158)) - HddsDatanode metrics system started (again)
2019-07-13 14:36:20,339 INFO  ozone.HddsDatanodeService (HddsDatanodeService.java:start(185)) - HddsDatanodeService host:trunk-nightly-mhs6z-4061744966 ip:192.168.5.172
2019-07-13 14:36:20,350 INFO  volume.HddsVolume (HddsVolume.java:<init>(176)) - Creating Volume: /tmp/workdir/hadoop-ozone/integration-test/target/test-dir/MiniOzoneClusterImpl-b97ae15e-6d50-4c11-8b93-1c38e9c31ea1/datanode-0/data/containers/hdds of  storage type : DISK and capacity : 52710309888
2019-07-13 14:36:20,350 INFO  volume.VolumeSet (VolumeSet.java:initializeVolumeSet(170)) - Added Volume : /tmp/workdir/hadoop-ozone/integration-test/target/test-dir/MiniOzoneClusterImpl-b97ae15e-6d50-4c11-8b93-1c38e9c31ea1/datanode-0/data/containers/hdds to VolumeSet
2019-07-13 14:36:20,351 INFO  volume.ThrottledAsyncChecker (ThrottledAsyncChecker.java:schedule(140)) - Scheduling a check for org.apache.hadoop.ozone.container.common.volume.HddsVolume@21f27bb5
2019-07-13 14:36:20,351 INFO  volume.HddsVolumeChecker (HddsVolumeChecker.java:checkAllVolumes(203)) - Scheduled health check for volume org.apache.hadoop.ozone.container.common.volume.HddsVolume@21f27bb5
2019-07-13 14:36:20,368 INFO  impl.RaftServerProxy (ConfUtils.java:logGet(43)) - raft.rpc.type = GRPC (default)
2019-07-13 14:36:20,369 INFO  grpc.GrpcFactory (GrpcFactory.java:checkPooledByteBufAllocatorUseCacheForAllThreads(45)) - PERFORMANCE WARNING: useCacheForAllThreads is true that may cause Netty to create a lot garbage objects and, as a result, trigger GC.
	It is recommended to disable useCacheForAllThreads by setting -Dorg.apache.ratis.thirdparty.io.netty.allocator.useCacheForAllThreads=false in command line.
2019-07-13 14:36:20,369 INFO  grpc.GrpcConfigKeys$Server (ConfUtils.java:logGet(43)) - raft.grpc.server.port = 0 (default)
2019-07-13 14:36:20,369 INFO  server.GrpcService (ConfUtils.java:logGet(43)) - raft.grpc.message.size.max = 33570816 (custom)
2019-07-13 14:36:20,370 INFO  server.RaftServerConfigKeys (ConfUtils.java:logGet(43)) - raft.server.log.appender.buffer.byte-limit = 33554432 (custom)
2019-07-13 14:36:20,370 INFO  server.GrpcService (ConfUtils.java:logGet(43)) - raft.grpc.flow.control.window = 1MB (=1048576) (default)
2019-07-13 14:36:20,370 INFO  server.RaftServerConfigKeys (ConfUtils.java:logGet(43)) - raft.server.rpc.request.timeout = 3000ms (default)
2019-07-13 14:36:20,371 INFO  server.RaftServerConfigKeys (ConfUtils.java:logGet(43)) - raft.server.storage.dir = [/tmp/workdir/hadoop-ozone/integration-test/target/test-dir/MiniOzoneClusterImpl-b97ae15e-6d50-4c11-8b93-1c38e9c31ea1/datanode-0/data/ratis] (custom)
2019-07-13 14:36:20,371 INFO  replication.SimpleContainerDownloader (SimpleContainerDownloader.java:<init>(72)) - Starting container downloader service to copy containers to replicate.
2019-07-13 14:36:20,372 INFO  hdfs.DFSUtil (DFSUtil.java:httpServerTemplateForNNAndJN(1641)) - Starting Web-server for hddsDatanode at: http://0.0.0.0:0
2019-07-13 14:36:20,374 INFO  server.AuthenticationFilter (AuthenticationFilter.java:constructSecretProvider(240)) - Unable to initialize FileSignerSecretProvider, falling back to use random secrets.
2019-07-13 14:36:20,374 WARN  http.HttpRequestLog (HttpRequestLog.java:getRequestLog(97)) - Jetty request log can only be enabled using Log4j
2019-07-13 14:36:20,375 INFO  http.HttpServer2 (HttpServer2.java:addGlobalFilter(975)) - Added global filter 'safety' (class=org.apache.hadoop.http.HttpServer2$QuotingInputFilter)
2019-07-13 14:36:20,376 INFO  http.HttpServer2 (HttpServer2.java:addFilter(948)) - Added filter static_user_filter (class=org.apache.hadoop.http.lib.StaticUserWebFilter$StaticUserFilter) to context hddsDatanode
2019-07-13 14:36:20,376 INFO  http.HttpServer2 (HttpServer2.java:addFilter(958)) - Added filter static_user_filter (class=org.apache.hadoop.http.lib.StaticUserWebFilter$StaticUserFilter) to context logs
2019-07-13 14:36:20,376 INFO  http.HttpServer2 (HttpServer2.java:addFilter(958)) - Added filter static_user_filter (class=org.apache.hadoop.http.lib.StaticUserWebFilter$StaticUserFilter) to context static
2019-07-13 14:36:20,377 INFO  http.HttpServer2 (HttpServer2.java:bindListener(1191)) - Jetty bound to port 45391
2019-07-13 14:36:20,377 INFO  server.Server (Server.java:doStart(351)) - jetty-9.3.24.v20180605, build timestamp: 2018-06-05T17:11:56Z, git hash: 84205aa28f11a4f31f2a3b86d1bba2cc8ab69827
2019-07-13 14:36:20,379 INFO  handler.ContextHandler (ContextHandler.java:doStart(781)) - Started o.e.j.s.ServletContextHandler@4791d904{/logs,file:///tmp/workdir/hadoop-ozone/integration-test/target/log,AVAILABLE}
2019-07-13 14:36:20,379 INFO  handler.ContextHandler (ContextHandler.java:doStart(781)) - Started o.e.j.s.ServletContextHandler@3bbb3c84{/static,jar:file:/home/user/.m2/repository/org/apache/hadoop/hadoop-hdds-container-service/0.5.0-SNAPSHOT/hadoop-hdds-container-service-0.5.0-SNAPSHOT.jar!/webapps/static,AVAILABLE}
2019-07-13 14:36:20,411 INFO  handler.ContextHandler (ContextHandler.java:doStart(781)) - Started o.e.j.w.WebAppContext@3ba8fbc8{/,file:///tmp/jetty-0.0.0.0-45391-hddsDatanode-_-any-3628669252001246499.dir/webapp/,AVAILABLE}{/hddsDatanode}
2019-07-13 14:36:20,412 INFO  server.AbstractConnector (AbstractConnector.java:doStart(278)) - Started ServerConnector@113a89c5{HTTP/1.1,[http/1.1]}{0.0.0.0:45391}
2019-07-13 14:36:20,412 INFO  server.Server (Server.java:doStart(419)) - Started @593264ms
2019-07-13 14:36:20,414 INFO  server.BaseHttpServer (BaseHttpServer.java:updateConnectorAddress(207)) - HTTP server of HDDSDATANODE is listening at http://0.0.0.0:45391
2019-07-13 14:36:20,516 INFO  ozone.HddsDatanodeService (HddsDatanodeService.java:startPlugins(396)) - Started plug-in org.apache.hadoop.ozone.web.OzoneHddsDatanodeService@773ad729
2019-07-13 14:36:20,517 INFO  impl.MetricsSystemImpl (MetricsSystemImpl.java:init(158)) - HddsDatanode metrics system started (again)
2019-07-13 14:36:20,517 INFO  ozone.HddsDatanodeService (HddsDatanodeService.java:start(185)) - HddsDatanodeService host:trunk-nightly-mhs6z-4061744966 ip:192.168.5.172
2019-07-13 14:36:20,518 INFO  util.JvmPauseMonitor (JvmPauseMonitor.java:run(188)) - Starting JVM pause monitor
2019-07-13 14:36:20,520 INFO  datanode.InitDatanodeState (InitDatanodeState.java:persistContainerDatanodeDetails(140)) - DatanodeDetails is persisted to /tmp/workdir/hadoop-ozone/integration-test/target/test-dir/MiniOzoneClusterImpl-b97ae15e-6d50-4c11-8b93-1c38e9c31ea1/datanode-0/meta/datanode.id
2019-07-13 14:36:20,528 INFO  volume.HddsVolume (HddsVolume.java:<init>(176)) - Creating Volume: /tmp/workdir/hadoop-ozone/integration-test/target/test-dir/MiniOzoneClusterImpl-b97ae15e-6d50-4c11-8b93-1c38e9c31ea1/datanode-1/data/containers/hdds of  storage type : DISK and capacity : 52710309888
2019-07-13 14:36:20,528 INFO  volume.VolumeSet (VolumeSet.java:initializeVolumeSet(170)) - Added Volume : /tmp/workdir/hadoop-ozone/integration-test/target/test-dir/MiniOzoneClusterImpl-b97ae15e-6d50-4c11-8b93-1c38e9c31ea1/datanode-1/data/containers/hdds to VolumeSet
2019-07-13 14:36:20,528 INFO  volume.ThrottledAsyncChecker (ThrottledAsyncChecker.java:schedule(140)) - Scheduling a check for org.apache.hadoop.ozone.container.common.volume.HddsVolume@63be4548
2019-07-13 14:36:20,529 INFO  volume.HddsVolumeChecker (HddsVolumeChecker.java:checkAllVolumes(203)) - Scheduled health check for volume org.apache.hadoop.ozone.container.common.volume.HddsVolume@63be4548
2019-07-13 14:36:20,541 INFO  impl.RaftServerProxy (ConfUtils.java:logGet(43)) - raft.rpc.type = GRPC (default)
2019-07-13 14:36:20,541 INFO  grpc.GrpcFactory (GrpcFactory.java:checkPooledByteBufAllocatorUseCacheForAllThreads(45)) - PERFORMANCE WARNING: useCacheForAllThreads is true that may cause Netty to create a lot garbage objects and, as a result, trigger GC.
	It is recommended to disable useCacheForAllThreads by setting -Dorg.apache.ratis.thirdparty.io.netty.allocator.useCacheForAllThreads=false in command line.
2019-07-13 14:36:20,541 INFO  grpc.GrpcConfigKeys$Server (ConfUtils.java:logGet(43)) - raft.grpc.server.port = 0 (default)
2019-07-13 14:36:20,541 INFO  server.GrpcService (ConfUtils.java:logGet(43)) - raft.grpc.message.size.max = 33570816 (custom)
2019-07-13 14:36:20,542 INFO  server.RaftServerConfigKeys (ConfUtils.java:logGet(43)) - raft.server.log.appender.buffer.byte-limit = 33554432 (custom)
2019-07-13 14:36:20,542 INFO  server.GrpcService (ConfUtils.java:logGet(43)) - raft.grpc.flow.control.window = 1MB (=1048576) (default)
2019-07-13 14:36:20,542 INFO  server.RaftServerConfigKeys (ConfUtils.java:logGet(43)) - raft.server.rpc.request.timeout = 3000ms (default)
2019-07-13 14:36:20,542 INFO  server.RaftServerConfigKeys (ConfUtils.java:logGet(43)) - raft.server.storage.dir = [/tmp/workdir/hadoop-ozone/integration-test/target/test-dir/MiniOzoneClusterImpl-b97ae15e-6d50-4c11-8b93-1c38e9c31ea1/datanode-1/data/ratis] (custom)
2019-07-13 14:36:20,543 INFO  replication.SimpleContainerDownloader (SimpleContainerDownloader.java:<init>(72)) - Starting container downloader service to copy containers to replicate.
2019-07-13 14:36:20,544 INFO  hdfs.DFSUtil (DFSUtil.java:httpServerTemplateForNNAndJN(1641)) - Starting Web-server for hddsDatanode at: http://0.0.0.0:0
2019-07-13 14:36:20,545 INFO  server.AuthenticationFilter (AuthenticationFilter.java:constructSecretProvider(240)) - Unable to initialize FileSignerSecretProvider, falling back to use random secrets.
2019-07-13 14:36:20,545 WARN  http.HttpRequestLog (HttpRequestLog.java:getRequestLog(97)) - Jetty request log can only be enabled using Log4j
2019-07-13 14:36:20,546 INFO  http.HttpServer2 (HttpServer2.java:addGlobalFilter(975)) - Added global filter 'safety' (class=org.apache.hadoop.http.HttpServer2$QuotingInputFilter)
2019-07-13 14:36:20,546 INFO  http.HttpServer2 (HttpServer2.java:addFilter(948)) - Added filter static_user_filter (class=org.apache.hadoop.http.lib.StaticUserWebFilter$StaticUserFilter) to context hddsDatanode
2019-07-13 14:36:20,546 INFO  http.HttpServer2 (HttpServer2.java:addFilter(958)) - Added filter static_user_filter (class=org.apache.hadoop.http.lib.StaticUserWebFilter$StaticUserFilter) to context static
2019-07-13 14:36:20,547 INFO  http.HttpServer2 (HttpServer2.java:addFilter(958)) - Added filter static_user_filter (class=org.apache.hadoop.http.lib.StaticUserWebFilter$StaticUserFilter) to context logs
2019-07-13 14:36:20,547 INFO  http.HttpServer2 (HttpServer2.java:bindListener(1191)) - Jetty bound to port 33550
2019-07-13 14:36:20,547 INFO  server.Server (Server.java:doStart(351)) - jetty-9.3.24.v20180605, build timestamp: 2018-06-05T17:11:56Z, git hash: 84205aa28f11a4f31f2a3b86d1bba2cc8ab69827
2019-07-13 14:36:20,548 INFO  handler.ContextHandler (ContextHandler.java:doStart(781)) - Started o.e.j.s.ServletContextHandler@6ca9ec77{/logs,file:///tmp/workdir/hadoop-ozone/integration-test/target/log,AVAILABLE}
2019-07-13 14:36:20,549 INFO  handler.ContextHandler (ContextHandler.java:doStart(781)) - Started o.e.j.s.ServletContextHandler@6c2a7c73{/static,jar:file:/home/user/.m2/repository/org/apache/hadoop/hadoop-hdds-container-service/0.5.0-SNAPSHOT/hadoop-hdds-container-service-0.5.0-SNAPSHOT.jar!/webapps/static,AVAILABLE}
2019-07-13 14:36:20,575 INFO  handler.ContextHandler (ContextHandler.java:doStart(781)) - Started o.e.j.w.WebAppContext@359903b6{/,file:///tmp/jetty-0.0.0.0-33550-hddsDatanode-_-any-6945416090954195927.dir/webapp/,AVAILABLE}{/hddsDatanode}
2019-07-13 14:36:20,575 INFO  server.AbstractConnector (AbstractConnector.java:doStart(278)) - Started ServerConnector@1071f3ad{HTTP/1.1,[http/1.1]}{0.0.0.0:33550}
2019-07-13 14:36:20,575 INFO  server.Server (Server.java:doStart(419)) - Started @593427ms
2019-07-13 14:36:20,577 INFO  server.BaseHttpServer (BaseHttpServer.java:updateConnectorAddress(207)) - HTTP server of HDDSDATANODE is listening at http://0.0.0.0:33550
2019-07-13 14:36:20,673 INFO  ozone.HddsDatanodeService (HddsDatanodeService.java:startPlugins(396)) - Started plug-in org.apache.hadoop.ozone.web.OzoneHddsDatanodeService@1df60140
2019-07-13 14:36:20,673 INFO  impl.MetricsSystemImpl (MetricsSystemImpl.java:init(158)) - HddsDatanode metrics system started (again)
2019-07-13 14:36:20,673 INFO  ozone.HddsDatanodeService (HddsDatanodeService.java:start(185)) - HddsDatanodeService host:trunk-nightly-mhs6z-4061744966 ip:192.168.5.172
2019-07-13 14:36:20,674 INFO  util.JvmPauseMonitor (JvmPauseMonitor.java:run(188)) - Starting JVM pause monitor
2019-07-13 14:36:20,676 INFO  datanode.InitDatanodeState (InitDatanodeState.java:persistContainerDatanodeDetails(140)) - DatanodeDetails is persisted to /tmp/workdir/hadoop-ozone/integration-test/target/test-dir/MiniOzoneClusterImpl-b97ae15e-6d50-4c11-8b93-1c38e9c31ea1/datanode-1/meta/datanode.id
2019-07-13 14:36:20,683 INFO  volume.HddsVolume (HddsVolume.java:<init>(176)) - Creating Volume: /tmp/workdir/hadoop-ozone/integration-test/target/test-dir/MiniOzoneClusterImpl-b97ae15e-6d50-4c11-8b93-1c38e9c31ea1/datanode-2/data/containers/hdds of  storage type : DISK and capacity : 52710309888
2019-07-13 14:36:20,684 INFO  volume.VolumeSet (VolumeSet.java:initializeVolumeSet(170)) - Added Volume : /tmp/workdir/hadoop-ozone/integration-test/target/test-dir/MiniOzoneClusterImpl-b97ae15e-6d50-4c11-8b93-1c38e9c31ea1/datanode-2/data/containers/hdds to VolumeSet
2019-07-13 14:36:20,684 INFO  volume.ThrottledAsyncChecker (ThrottledAsyncChecker.java:schedule(140)) - Scheduling a check for org.apache.hadoop.ozone.container.common.volume.HddsVolume@30e734a1
2019-07-13 14:36:20,684 INFO  volume.HddsVolumeChecker (HddsVolumeChecker.java:checkAllVolumes(203)) - Scheduled health check for volume org.apache.hadoop.ozone.container.common.volume.HddsVolume@30e734a1
2019-07-13 14:36:20,697 INFO  impl.RaftServerProxy (ConfUtils.java:logGet(43)) - raft.rpc.type = GRPC (default)
2019-07-13 14:36:20,697 INFO  grpc.GrpcFactory (GrpcFactory.java:checkPooledByteBufAllocatorUseCacheForAllThreads(45)) - PERFORMANCE WARNING: useCacheForAllThreads is true that may cause Netty to create a lot garbage objects and, as a result, trigger GC.
	It is recommended to disable useCacheForAllThreads by setting -Dorg.apache.ratis.thirdparty.io.netty.allocator.useCacheForAllThreads=false in command line.
2019-07-13 14:36:20,697 INFO  grpc.GrpcConfigKeys$Server (ConfUtils.java:logGet(43)) - raft.grpc.server.port = 0 (default)
2019-07-13 14:36:20,697 INFO  server.GrpcService (ConfUtils.java:logGet(43)) - raft.grpc.message.size.max = 33570816 (custom)
2019-07-13 14:36:20,698 INFO  server.RaftServerConfigKeys (ConfUtils.java:logGet(43)) - raft.server.log.appender.buffer.byte-limit = 33554432 (custom)
2019-07-13 14:36:20,698 INFO  server.GrpcService (ConfUtils.java:logGet(43)) - raft.grpc.flow.control.window = 1MB (=1048576) (default)
2019-07-13 14:36:20,698 INFO  server.RaftServerConfigKeys (ConfUtils.java:logGet(43)) - raft.server.rpc.request.timeout = 3000ms (default)
2019-07-13 14:36:20,698 INFO  server.RaftServerConfigKeys (ConfUtils.java:logGet(43)) - raft.server.storage.dir = [/tmp/workdir/hadoop-ozone/integration-test/target/test-dir/MiniOzoneClusterImpl-b97ae15e-6d50-4c11-8b93-1c38e9c31ea1/datanode-2/data/ratis] (custom)
2019-07-13 14:36:20,699 INFO  replication.SimpleContainerDownloader (SimpleContainerDownloader.java:<init>(72)) - Starting container downloader service to copy containers to replicate.
2019-07-13 14:36:20,700 INFO  hdfs.DFSUtil (DFSUtil.java:httpServerTemplateForNNAndJN(1641)) - Starting Web-server for hddsDatanode at: http://0.0.0.0:0
2019-07-13 14:36:20,701 INFO  server.AuthenticationFilter (AuthenticationFilter.java:constructSecretProvider(240)) - Unable to initialize FileSignerSecretProvider, falling back to use random secrets.
2019-07-13 14:36:20,701 WARN  http.HttpRequestLog (HttpRequestLog.java:getRequestLog(97)) - Jetty request log can only be enabled using Log4j
2019-07-13 14:36:20,702 INFO  http.HttpServer2 (HttpServer2.java:addGlobalFilter(975)) - Added global filter 'safety' (class=org.apache.hadoop.http.HttpServer2$QuotingInputFilter)
2019-07-13 14:36:20,702 INFO  http.HttpServer2 (HttpServer2.java:addFilter(948)) - Added filter static_user_filter (class=org.apache.hadoop.http.lib.StaticUserWebFilter$StaticUserFilter) to context hddsDatanode
2019-07-13 14:36:20,703 INFO  http.HttpServer2 (HttpServer2.java:addFilter(958)) - Added filter static_user_filter (class=org.apache.hadoop.http.lib.StaticUserWebFilter$StaticUserFilter) to context logs
2019-07-13 14:36:20,703 INFO  http.HttpServer2 (HttpServer2.java:addFilter(958)) - Added filter static_user_filter (class=org.apache.hadoop.http.lib.StaticUserWebFilter$StaticUserFilter) to context static
2019-07-13 14:36:20,703 INFO  http.HttpServer2 (HttpServer2.java:bindListener(1191)) - Jetty bound to port 42073
2019-07-13 14:36:20,703 INFO  server.Server (Server.java:doStart(351)) - jetty-9.3.24.v20180605, build timestamp: 2018-06-05T17:11:56Z, git hash: 84205aa28f11a4f31f2a3b86d1bba2cc8ab69827
2019-07-13 14:36:20,705 INFO  handler.ContextHandler (ContextHandler.java:doStart(781)) - Started o.e.j.s.ServletContextHandler@6fc84468{/logs,file:///tmp/workdir/hadoop-ozone/integration-test/target/log,AVAILABLE}
2019-07-13 14:36:20,705 INFO  handler.ContextHandler (ContextHandler.java:doStart(781)) - Started o.e.j.s.ServletContextHandler@4583a186{/static,jar:file:/home/user/.m2/repository/org/apache/hadoop/hadoop-hdds-container-service/0.5.0-SNAPSHOT/hadoop-hdds-container-service-0.5.0-SNAPSHOT.jar!/webapps/static,AVAILABLE}
2019-07-13 14:36:20,732 INFO  handler.ContextHandler (ContextHandler.java:doStart(781)) - Started o.e.j.w.WebAppContext@1142843c{/,file:///tmp/jetty-0.0.0.0-42073-hddsDatanode-_-any-5185404973194386070.dir/webapp/,AVAILABLE}{/hddsDatanode}
2019-07-13 14:36:20,732 INFO  server.AbstractConnector (AbstractConnector.java:doStart(278)) - Started ServerConnector@3993cecb{HTTP/1.1,[http/1.1]}{0.0.0.0:42073}
2019-07-13 14:36:20,732 INFO  server.Server (Server.java:doStart(419)) - Started @593584ms
2019-07-13 14:36:20,734 INFO  server.BaseHttpServer (BaseHttpServer.java:updateConnectorAddress(207)) - HTTP server of HDDSDATANODE is listening at http://0.0.0.0:42073
2019-07-13 14:36:20,940 INFO  ozone.HddsDatanodeService (HddsDatanodeService.java:startPlugins(396)) - Started plug-in org.apache.hadoop.ozone.web.OzoneHddsDatanodeService@406cc81b
2019-07-13 14:36:20,949 INFO  impl.MetricsSystemImpl (MetricsSystemImpl.java:init(158)) - HddsDatanode metrics system started (again)
2019-07-13 14:36:20,949 INFO  ozone.HddsDatanodeService (HddsDatanodeService.java:start(185)) - HddsDatanodeService host:trunk-nightly-mhs6z-4061744966 ip:192.168.5.172
2019-07-13 14:36:20,952 INFO  util.JvmPauseMonitor (JvmPauseMonitor.java:run(188)) - Starting JVM pause monitor
2019-07-13 14:36:20,957 INFO  datanode.InitDatanodeState (InitDatanodeState.java:persistContainerDatanodeDetails(140)) - DatanodeDetails is persisted to /tmp/workdir/hadoop-ozone/integration-test/target/test-dir/MiniOzoneClusterImpl-b97ae15e-6d50-4c11-8b93-1c38e9c31ea1/datanode-2/meta/datanode.id
2019-07-13 14:36:20,962 INFO  volume.HddsVolume (HddsVolume.java:<init>(176)) - Creating Volume: /tmp/workdir/hadoop-ozone/integration-test/target/test-dir/MiniOzoneClusterImpl-b97ae15e-6d50-4c11-8b93-1c38e9c31ea1/datanode-3/data/containers/hdds of  storage type : DISK and capacity : 52710309888
2019-07-13 14:36:20,962 INFO  volume.VolumeSet (VolumeSet.java:initializeVolumeSet(170)) - Added Volume : /tmp/workdir/hadoop-ozone/integration-test/target/test-dir/MiniOzoneClusterImpl-b97ae15e-6d50-4c11-8b93-1c38e9c31ea1/datanode-3/data/containers/hdds to VolumeSet
2019-07-13 14:36:20,963 INFO  volume.ThrottledAsyncChecker (ThrottledAsyncChecker.java:schedule(140)) - Scheduling a check for org.apache.hadoop.ozone.container.common.volume.HddsVolume@74997ca6
2019-07-13 14:36:20,963 INFO  volume.HddsVolumeChecker (HddsVolumeChecker.java:checkAllVolumes(203)) - Scheduled health check for volume org.apache.hadoop.ozone.container.common.volume.HddsVolume@74997ca6
2019-07-13 14:36:20,979 INFO  impl.RaftServerProxy (ConfUtils.java:logGet(43)) - raft.rpc.type = GRPC (default)
2019-07-13 14:36:20,979 INFO  grpc.GrpcFactory (GrpcFactory.java:checkPooledByteBufAllocatorUseCacheForAllThreads(45)) - PERFORMANCE WARNING: useCacheForAllThreads is true that may cause Netty to create a lot garbage objects and, as a result, trigger GC.
	It is recommended to disable useCacheForAllThreads by setting -Dorg.apache.ratis.thirdparty.io.netty.allocator.useCacheForAllThreads=false in command line.
2019-07-13 14:36:20,979 INFO  grpc.GrpcConfigKeys$Server (ConfUtils.java:logGet(43)) - raft.grpc.server.port = 0 (default)
2019-07-13 14:36:20,980 INFO  server.GrpcService (ConfUtils.java:logGet(43)) - raft.grpc.message.size.max = 33570816 (custom)
2019-07-13 14:36:20,980 INFO  server.RaftServerConfigKeys (ConfUtils.java:logGet(43)) - raft.server.log.appender.buffer.byte-limit = 33554432 (custom)
2019-07-13 14:36:20,980 INFO  server.GrpcService (ConfUtils.java:logGet(43)) - raft.grpc.flow.control.window = 1MB (=1048576) (default)
2019-07-13 14:36:20,980 INFO  server.RaftServerConfigKeys (ConfUtils.java:logGet(43)) - raft.server.rpc.request.timeout = 3000ms (default)
2019-07-13 14:36:20,981 INFO  server.RaftServerConfigKeys (ConfUtils.java:logGet(43)) - raft.server.storage.dir = [/tmp/workdir/hadoop-ozone/integration-test/target/test-dir/MiniOzoneClusterImpl-b97ae15e-6d50-4c11-8b93-1c38e9c31ea1/datanode-3/data/ratis] (custom)
2019-07-13 14:36:20,981 INFO  replication.SimpleContainerDownloader (SimpleContainerDownloader.java:<init>(72)) - Starting container downloader service to copy containers to replicate.
2019-07-13 14:36:20,984 INFO  hdfs.DFSUtil (DFSUtil.java:httpServerTemplateForNNAndJN(1641)) - Starting Web-server for hddsDatanode at: http://0.0.0.0:0
2019-07-13 14:36:20,986 INFO  server.AuthenticationFilter (AuthenticationFilter.java:constructSecretProvider(240)) - Unable to initialize FileSignerSecretProvider, falling back to use random secrets.
2019-07-13 14:36:20,986 WARN  http.HttpRequestLog (HttpRequestLog.java:getRequestLog(97)) - Jetty request log can only be enabled using Log4j
2019-07-13 14:36:20,988 INFO  http.HttpServer2 (HttpServer2.java:addGlobalFilter(975)) - Added global filter 'safety' (class=org.apache.hadoop.http.HttpServer2$QuotingInputFilter)
2019-07-13 14:36:20,988 INFO  http.HttpServer2 (HttpServer2.java:addFilter(948)) - Added filter static_user_filter (class=org.apache.hadoop.http.lib.StaticUserWebFilter$StaticUserFilter) to context hddsDatanode
2019-07-13 14:36:20,988 INFO  http.HttpServer2 (HttpServer2.java:addFilter(958)) - Added filter static_user_filter (class=org.apache.hadoop.http.lib.StaticUserWebFilter$StaticUserFilter) to context logs
2019-07-13 14:36:20,989 INFO  http.HttpServer2 (HttpServer2.java:addFilter(958)) - Added filter static_user_filter (class=org.apache.hadoop.http.lib.StaticUserWebFilter$StaticUserFilter) to context static
2019-07-13 14:36:20,989 INFO  http.HttpServer2 (HttpServer2.java:bindListener(1191)) - Jetty bound to port 40762
2019-07-13 14:36:20,990 INFO  server.Server (Server.java:doStart(351)) - jetty-9.3.24.v20180605, build timestamp: 2018-06-05T17:11:56Z, git hash: 84205aa28f11a4f31f2a3b86d1bba2cc8ab69827
2019-07-13 14:36:20,991 INFO  handler.ContextHandler (ContextHandler.java:doStart(781)) - Started o.e.j.s.ServletContextHandler@1455a374{/logs,file:///tmp/workdir/hadoop-ozone/integration-test/target/log,AVAILABLE}
2019-07-13 14:36:20,992 INFO  handler.ContextHandler (ContextHandler.java:doStart(781)) - Started o.e.j.s.ServletContextHandler@54418834{/static,jar:file:/home/user/.m2/repository/org/apache/hadoop/hadoop-hdds-container-service/0.5.0-SNAPSHOT/hadoop-hdds-container-service-0.5.0-SNAPSHOT.jar!/webapps/static,AVAILABLE}
2019-07-13 14:36:21,024 INFO  handler.ContextHandler (ContextHandler.java:doStart(781)) - Started o.e.j.w.WebAppContext@1c3eeda4{/,file:///tmp/jetty-0.0.0.0-40762-hddsDatanode-_-any-1411780465458985054.dir/webapp/,AVAILABLE}{/hddsDatanode}
2019-07-13 14:36:21,024 INFO  server.AbstractConnector (AbstractConnector.java:doStart(278)) - Started ServerConnector@64b242b3{HTTP/1.1,[http/1.1]}{0.0.0.0:40762}
2019-07-13 14:36:21,025 INFO  server.Server (Server.java:doStart(419)) - Started @593876ms
2019-07-13 14:36:21,026 INFO  server.BaseHttpServer (BaseHttpServer.java:updateConnectorAddress(207)) - HTTP server of HDDSDATANODE is listening at http://0.0.0.0:40762
2019-07-13 14:36:21,123 INFO  ozone.HddsDatanodeService (HddsDatanodeService.java:startPlugins(396)) - Started plug-in org.apache.hadoop.ozone.web.OzoneHddsDatanodeService@539570b8
2019-07-13 14:36:21,123 INFO  impl.MetricsSystemImpl (MetricsSystemImpl.java:init(158)) - HddsDatanode metrics system started (again)
2019-07-13 14:36:21,124 INFO  ozone.HddsDatanodeService (HddsDatanodeService.java:start(185)) - HddsDatanodeService host:trunk-nightly-mhs6z-4061744966 ip:192.168.5.172
2019-07-13 14:36:21,124 INFO  util.JvmPauseMonitor (JvmPauseMonitor.java:run(188)) - Starting JVM pause monitor
2019-07-13 14:36:21,126 INFO  datanode.InitDatanodeState (InitDatanodeState.java:persistContainerDatanodeDetails(140)) - DatanodeDetails is persisted to /tmp/workdir/hadoop-ozone/integration-test/target/test-dir/MiniOzoneClusterImpl-b97ae15e-6d50-4c11-8b93-1c38e9c31ea1/datanode-3/meta/datanode.id
2019-07-13 14:36:21,133 INFO  volume.HddsVolume (HddsVolume.java:<init>(176)) - Creating Volume: /tmp/workdir/hadoop-ozone/integration-test/target/test-dir/MiniOzoneClusterImpl-b97ae15e-6d50-4c11-8b93-1c38e9c31ea1/datanode-4/data/containers/hdds of  storage type : DISK and capacity : 52710309888
2019-07-13 14:36:21,133 INFO  volume.VolumeSet (VolumeSet.java:initializeVolumeSet(170)) - Added Volume : /tmp/workdir/hadoop-ozone/integration-test/target/test-dir/MiniOzoneClusterImpl-b97ae15e-6d50-4c11-8b93-1c38e9c31ea1/datanode-4/data/containers/hdds to VolumeSet
2019-07-13 14:36:21,134 INFO  volume.ThrottledAsyncChecker (ThrottledAsyncChecker.java:schedule(140)) - Scheduling a check for org.apache.hadoop.ozone.container.common.volume.HddsVolume@6c65a7fc
2019-07-13 14:36:21,134 INFO  volume.HddsVolumeChecker (HddsVolumeChecker.java:checkAllVolumes(203)) - Scheduled health check for volume org.apache.hadoop.ozone.container.common.volume.HddsVolume@6c65a7fc
2019-07-13 14:36:21,146 INFO  impl.RaftServerProxy (ConfUtils.java:logGet(43)) - raft.rpc.type = GRPC (default)
2019-07-13 14:36:21,146 INFO  grpc.GrpcFactory (GrpcFactory.java:checkPooledByteBufAllocatorUseCacheForAllThreads(45)) - PERFORMANCE WARNING: useCacheForAllThreads is true that may cause Netty to create a lot garbage objects and, as a result, trigger GC.
	It is recommended to disable useCacheForAllThreads by setting -Dorg.apache.ratis.thirdparty.io.netty.allocator.useCacheForAllThreads=false in command line.
2019-07-13 14:36:21,146 INFO  grpc.GrpcConfigKeys$Server (ConfUtils.java:logGet(43)) - raft.grpc.server.port = 0 (default)
2019-07-13 14:36:21,146 INFO  server.GrpcService (ConfUtils.java:logGet(43)) - raft.grpc.message.size.max = 33570816 (custom)
2019-07-13 14:36:21,146 INFO  server.RaftServerConfigKeys (ConfUtils.java:logGet(43)) - raft.server.log.appender.buffer.byte-limit = 33554432 (custom)
2019-07-13 14:36:21,147 INFO  server.GrpcService (ConfUtils.java:logGet(43)) - raft.grpc.flow.control.window = 1MB (=1048576) (default)
2019-07-13 14:36:21,147 INFO  server.RaftServerConfigKeys (ConfUtils.java:logGet(43)) - raft.server.rpc.request.timeout = 3000ms (default)
2019-07-13 14:36:21,147 INFO  server.RaftServerConfigKeys (ConfUtils.java:logGet(43)) - raft.server.storage.dir = [/tmp/workdir/hadoop-ozone/integration-test/target/test-dir/MiniOzoneClusterImpl-b97ae15e-6d50-4c11-8b93-1c38e9c31ea1/datanode-4/data/ratis] (custom)
2019-07-13 14:36:21,147 INFO  replication.SimpleContainerDownloader (SimpleContainerDownloader.java:<init>(72)) - Starting container downloader service to copy containers to replicate.
2019-07-13 14:36:21,148 INFO  hdfs.DFSUtil (DFSUtil.java:httpServerTemplateForNNAndJN(1641)) - Starting Web-server for hddsDatanode at: http://0.0.0.0:0
2019-07-13 14:36:21,149 INFO  server.AuthenticationFilter (AuthenticationFilter.java:constructSecretProvider(240)) - Unable to initialize FileSignerSecretProvider, falling back to use random secrets.
2019-07-13 14:36:21,150 WARN  http.HttpRequestLog (HttpRequestLog.java:getRequestLog(97)) - Jetty request log can only be enabled using Log4j
2019-07-13 14:36:21,151 INFO  http.HttpServer2 (HttpServer2.java:addGlobalFilter(975)) - Added global filter 'safety' (class=org.apache.hadoop.http.HttpServer2$QuotingInputFilter)
2019-07-13 14:36:21,151 INFO  http.HttpServer2 (HttpServer2.java:addFilter(948)) - Added filter static_user_filter (class=org.apache.hadoop.http.lib.StaticUserWebFilter$StaticUserFilter) to context hddsDatanode
2019-07-13 14:36:21,151 INFO  http.HttpServer2 (HttpServer2.java:addFilter(958)) - Added filter static_user_filter (class=org.apache.hadoop.http.lib.StaticUserWebFilter$StaticUserFilter) to context logs
2019-07-13 14:36:21,151 INFO  http.HttpServer2 (HttpServer2.java:addFilter(958)) - Added filter static_user_filter (class=org.apache.hadoop.http.lib.StaticUserWebFilter$StaticUserFilter) to context static
2019-07-13 14:36:21,152 INFO  http.HttpServer2 (HttpServer2.java:bindListener(1191)) - Jetty bound to port 33181
2019-07-13 14:36:21,152 INFO  server.Server (Server.java:doStart(351)) - jetty-9.3.24.v20180605, build timestamp: 2018-06-05T17:11:56Z, git hash: 84205aa28f11a4f31f2a3b86d1bba2cc8ab69827
2019-07-13 14:36:21,153 INFO  handler.ContextHandler (ContextHandler.java:doStart(781)) - Started o.e.j.s.ServletContextHandler@3884e858{/logs,file:///tmp/workdir/hadoop-ozone/integration-test/target/log,AVAILABLE}
2019-07-13 14:36:21,154 INFO  handler.ContextHandler (ContextHandler.java:doStart(781)) - Started o.e.j.s.ServletContextHandler@6a4c4261{/static,jar:file:/home/user/.m2/repository/org/apache/hadoop/hadoop-hdds-container-service/0.5.0-SNAPSHOT/hadoop-hdds-container-service-0.5.0-SNAPSHOT.jar!/webapps/static,AVAILABLE}
2019-07-13 14:36:21,179 INFO  handler.ContextHandler (ContextHandler.java:doStart(781)) - Started o.e.j.w.WebAppContext@4a66949a{/,file:///tmp/jetty-0.0.0.0-33181-hddsDatanode-_-any-282219071599828057.dir/webapp/,AVAILABLE}{/hddsDatanode}
2019-07-13 14:36:21,179 INFO  server.AbstractConnector (AbstractConnector.java:doStart(278)) - Started ServerConnector@57e83608{HTTP/1.1,[http/1.1]}{0.0.0.0:33181}
2019-07-13 14:36:21,180 INFO  server.Server (Server.java:doStart(419)) - Started @594032ms
2019-07-13 14:36:21,181 INFO  server.BaseHttpServer (BaseHttpServer.java:updateConnectorAddress(207)) - HTTP server of HDDSDATANODE is listening at http://0.0.0.0:33181
2019-07-13 14:36:21,281 INFO  ozone.HddsDatanodeService (HddsDatanodeService.java:startPlugins(396)) - Started plug-in org.apache.hadoop.ozone.web.OzoneHddsDatanodeService@a8ef0c2
2019-07-13 14:36:21,281 INFO  impl.MetricsSystemImpl (MetricsSystemImpl.java:init(158)) - HddsDatanode metrics system started (again)
2019-07-13 14:36:21,282 INFO  ozone.HddsDatanodeService (HddsDatanodeService.java:start(185)) - HddsDatanodeService host:trunk-nightly-mhs6z-4061744966 ip:192.168.5.172
2019-07-13 14:36:21,282 INFO  util.JvmPauseMonitor (JvmPauseMonitor.java:run(188)) - Starting JVM pause monitor
2019-07-13 14:36:21,284 INFO  datanode.InitDatanodeState (InitDatanodeState.java:persistContainerDatanodeDetails(140)) - DatanodeDetails is persisted to /tmp/workdir/hadoop-ozone/integration-test/target/test-dir/MiniOzoneClusterImpl-b97ae15e-6d50-4c11-8b93-1c38e9c31ea1/datanode-4/meta/datanode.id
2019-07-13 14:36:21,291 INFO  volume.HddsVolume (HddsVolume.java:<init>(176)) - Creating Volume: /tmp/workdir/hadoop-ozone/integration-test/target/test-dir/MiniOzoneClusterImpl-b97ae15e-6d50-4c11-8b93-1c38e9c31ea1/datanode-5/data/containers/hdds of  storage type : DISK and capacity : 52710309888
2019-07-13 14:36:21,291 INFO  volume.VolumeSet (VolumeSet.java:initializeVolumeSet(170)) - Added Volume : /tmp/workdir/hadoop-ozone/integration-test/target/test-dir/MiniOzoneClusterImpl-b97ae15e-6d50-4c11-8b93-1c38e9c31ea1/datanode-5/data/containers/hdds to VolumeSet
2019-07-13 14:36:21,292 INFO  volume.ThrottledAsyncChecker (ThrottledAsyncChecker.java:schedule(140)) - Scheduling a check for org.apache.hadoop.ozone.container.common.volume.HddsVolume@655295bd
2019-07-13 14:36:21,292 INFO  volume.HddsVolumeChecker (HddsVolumeChecker.java:checkAllVolumes(203)) - Scheduled health check for volume org.apache.hadoop.ozone.container.common.volume.HddsVolume@655295bd
2019-07-13 14:36:21,305 INFO  impl.RaftServerProxy (ConfUtils.java:logGet(43)) - raft.rpc.type = GRPC (default)
2019-07-13 14:36:21,305 INFO  grpc.GrpcFactory (GrpcFactory.java:checkPooledByteBufAllocatorUseCacheForAllThreads(45)) - PERFORMANCE WARNING: useCacheForAllThreads is true that may cause Netty to create a lot garbage objects and, as a result, trigger GC.
	It is recommended to disable useCacheForAllThreads by setting -Dorg.apache.ratis.thirdparty.io.netty.allocator.useCacheForAllThreads=false in command line.
2019-07-13 14:36:21,305 INFO  grpc.GrpcConfigKeys$Server (ConfUtils.java:logGet(43)) - raft.grpc.server.port = 0 (default)
2019-07-13 14:36:21,305 INFO  server.GrpcService (ConfUtils.java:logGet(43)) - raft.grpc.message.size.max = 33570816 (custom)
2019-07-13 14:36:21,306 INFO  server.RaftServerConfigKeys (ConfUtils.java:logGet(43)) - raft.server.log.appender.buffer.byte-limit = 33554432 (custom)
2019-07-13 14:36:21,306 INFO  server.GrpcService (ConfUtils.java:logGet(43)) - raft.grpc.flow.control.window = 1MB (=1048576) (default)
2019-07-13 14:36:21,306 INFO  server.RaftServerConfigKeys (ConfUtils.java:logGet(43)) - raft.server.rpc.request.timeout = 3000ms (default)
2019-07-13 14:36:21,306 INFO  server.RaftServerConfigKeys (ConfUtils.java:logGet(43)) - raft.server.storage.dir = [/tmp/workdir/hadoop-ozone/integration-test/target/test-dir/MiniOzoneClusterImpl-b97ae15e-6d50-4c11-8b93-1c38e9c31ea1/datanode-5/data/ratis] (custom)
2019-07-13 14:36:21,307 INFO  replication.SimpleContainerDownloader (SimpleContainerDownloader.java:<init>(72)) - Starting container downloader service to copy containers to replicate.
2019-07-13 14:36:21,308 INFO  hdfs.DFSUtil (DFSUtil.java:httpServerTemplateForNNAndJN(1641)) - Starting Web-server for hddsDatanode at: http://0.0.0.0:0
2019-07-13 14:36:21,309 INFO  server.AuthenticationFilter (AuthenticationFilter.java:constructSecretProvider(240)) - Unable to initialize FileSignerSecretProvider, falling back to use random secrets.
2019-07-13 14:36:21,309 WARN  http.HttpRequestLog (HttpRequestLog.java:getRequestLog(97)) - Jetty request log can only be enabled using Log4j
2019-07-13 14:36:21,310 INFO  http.HttpServer2 (HttpServer2.java:addGlobalFilter(975)) - Added global filter 'safety' (class=org.apache.hadoop.http.HttpServer2$QuotingInputFilter)
2019-07-13 14:36:21,310 INFO  http.HttpServer2 (HttpServer2.java:addFilter(948)) - Added filter static_user_filter (class=org.apache.hadoop.http.lib.StaticUserWebFilter$StaticUserFilter) to context hddsDatanode
2019-07-13 14:36:21,311 INFO  http.HttpServer2 (HttpServer2.java:addFilter(958)) - Added filter static_user_filter (class=org.apache.hadoop.http.lib.StaticUserWebFilter$StaticUserFilter) to context static
2019-07-13 14:36:21,311 INFO  http.HttpServer2 (HttpServer2.java:addFilter(958)) - Added filter static_user_filter (class=org.apache.hadoop.http.lib.StaticUserWebFilter$StaticUserFilter) to context logs
2019-07-13 14:36:21,311 INFO  http.HttpServer2 (HttpServer2.java:bindListener(1191)) - Jetty bound to port 38100
2019-07-13 14:36:21,311 INFO  server.Server (Server.java:doStart(351)) - jetty-9.3.24.v20180605, build timestamp: 2018-06-05T17:11:56Z, git hash: 84205aa28f11a4f31f2a3b86d1bba2cc8ab69827
2019-07-13 14:36:21,313 INFO  handler.ContextHandler (ContextHandler.java:doStart(781)) - Started o.e.j.s.ServletContextHandler@3f2f6818{/logs,file:///tmp/workdir/hadoop-ozone/integration-test/target/log,AVAILABLE}
2019-07-13 14:36:21,313 INFO  handler.ContextHandler (ContextHandler.java:doStart(781)) - Started o.e.j.s.ServletContextHandler@642693c2{/static,jar:file:/home/user/.m2/repository/org/apache/hadoop/hadoop-hdds-container-service/0.5.0-SNAPSHOT/hadoop-hdds-container-service-0.5.0-SNAPSHOT.jar!/webapps/static,AVAILABLE}
2019-07-13 14:36:21,340 INFO  handler.ContextHandler (ContextHandler.java:doStart(781)) - Started o.e.j.w.WebAppContext@7b06dce0{/,file:///tmp/jetty-0.0.0.0-38100-hddsDatanode-_-any-7688534802938460661.dir/webapp/,AVAILABLE}{/hddsDatanode}
2019-07-13 14:36:21,340 INFO  server.AbstractConnector (AbstractConnector.java:doStart(278)) - Started ServerConnector@556a5e70{HTTP/1.1,[http/1.1]}{0.0.0.0:38100}
2019-07-13 14:36:21,341 INFO  server.Server (Server.java:doStart(419)) - Started @594193ms
2019-07-13 14:36:21,342 INFO  server.BaseHttpServer (BaseHttpServer.java:updateConnectorAddress(207)) - HTTP server of HDDSDATANODE is listening at http://0.0.0.0:38100
2019-07-13 14:36:21,438 INFO  ozone.HddsDatanodeService (HddsDatanodeService.java:startPlugins(396)) - Started plug-in org.apache.hadoop.ozone.web.OzoneHddsDatanodeService@2b3ac26d
2019-07-13 14:36:21,439 INFO  impl.MetricsSystemImpl (MetricsSystemImpl.java:init(158)) - HddsDatanode metrics system started (again)
2019-07-13 14:36:21,439 INFO  ozone.HddsDatanodeService (HddsDatanodeService.java:start(185)) - HddsDatanodeService host:trunk-nightly-mhs6z-4061744966 ip:192.168.5.172
2019-07-13 14:36:21,440 INFO  util.JvmPauseMonitor (JvmPauseMonitor.java:run(188)) - Starting JVM pause monitor
2019-07-13 14:36:21,441 INFO  datanode.InitDatanodeState (InitDatanodeState.java:persistContainerDatanodeDetails(140)) - DatanodeDetails is persisted to /tmp/workdir/hadoop-ozone/integration-test/target/test-dir/MiniOzoneClusterImpl-b97ae15e-6d50-4c11-8b93-1c38e9c31ea1/datanode-5/meta/datanode.id
2019-07-13 14:36:21,450 INFO  volume.HddsVolume (HddsVolume.java:<init>(176)) - Creating Volume: /tmp/workdir/hadoop-ozone/integration-test/target/test-dir/MiniOzoneClusterImpl-b97ae15e-6d50-4c11-8b93-1c38e9c31ea1/datanode-6/data/containers/hdds of  storage type : DISK and capacity : 52710309888
2019-07-13 14:36:21,450 INFO  volume.VolumeSet (VolumeSet.java:initializeVolumeSet(170)) - Added Volume : /tmp/workdir/hadoop-ozone/integration-test/target/test-dir/MiniOzoneClusterImpl-b97ae15e-6d50-4c11-8b93-1c38e9c31ea1/datanode-6/data/containers/hdds to VolumeSet
2019-07-13 14:36:21,450 INFO  volume.ThrottledAsyncChecker (ThrottledAsyncChecker.java:schedule(140)) - Scheduling a check for org.apache.hadoop.ozone.container.common.volume.HddsVolume@6ea4b4b2
2019-07-13 14:36:21,451 INFO  volume.HddsVolumeChecker (HddsVolumeChecker.java:checkAllVolumes(203)) - Scheduled health check for volume org.apache.hadoop.ozone.container.common.volume.HddsVolume@6ea4b4b2
2019-07-13 14:36:21,464 INFO  impl.RaftServerProxy (ConfUtils.java:logGet(43)) - raft.rpc.type = GRPC (default)
2019-07-13 14:36:21,464 INFO  grpc.GrpcFactory (GrpcFactory.java:checkPooledByteBufAllocatorUseCacheForAllThreads(45)) - PERFORMANCE WARNING: useCacheForAllThreads is true that may cause Netty to create a lot garbage objects and, as a result, trigger GC.
	It is recommended to disable useCacheForAllThreads by setting -Dorg.apache.ratis.thirdparty.io.netty.allocator.useCacheForAllThreads=false in command line.
2019-07-13 14:36:21,464 INFO  grpc.GrpcConfigKeys$Server (ConfUtils.java:logGet(43)) - raft.grpc.server.port = 0 (default)
2019-07-13 14:36:21,465 INFO  server.GrpcService (ConfUtils.java:logGet(43)) - raft.grpc.message.size.max = 33570816 (custom)
2019-07-13 14:36:21,465 INFO  server.RaftServerConfigKeys (ConfUtils.java:logGet(43)) - raft.server.log.appender.buffer.byte-limit = 33554432 (custom)
2019-07-13 14:36:21,465 INFO  server.GrpcService (ConfUtils.java:logGet(43)) - raft.grpc.flow.control.window = 1MB (=1048576) (default)
2019-07-13 14:36:21,465 INFO  server.RaftServerConfigKeys (ConfUtils.java:logGet(43)) - raft.server.rpc.request.timeout = 3000ms (default)
2019-07-13 14:36:21,465 INFO  server.RaftServerConfigKeys (ConfUtils.java:logGet(43)) - raft.server.storage.dir = [/tmp/workdir/hadoop-ozone/integration-test/target/test-dir/MiniOzoneClusterImpl-b97ae15e-6d50-4c11-8b93-1c38e9c31ea1/datanode-6/data/ratis] (custom)
2019-07-13 14:36:21,466 INFO  replication.SimpleContainerDownloader (SimpleContainerDownloader.java:<init>(72)) - Starting container downloader service to copy containers to replicate.
2019-07-13 14:36:21,467 INFO  hdfs.DFSUtil (DFSUtil.java:httpServerTemplateForNNAndJN(1641)) - Starting Web-server for hddsDatanode at: http://0.0.0.0:0
2019-07-13 14:36:21,468 INFO  server.AuthenticationFilter (AuthenticationFilter.java:constructSecretProvider(240)) - Unable to initialize FileSignerSecretProvider, falling back to use random secrets.
2019-07-13 14:36:21,468 WARN  http.HttpRequestLog (HttpRequestLog.java:getRequestLog(97)) - Jetty request log can only be enabled using Log4j
2019-07-13 14:36:21,469 INFO  http.HttpServer2 (HttpServer2.java:addGlobalFilter(975)) - Added global filter 'safety' (class=org.apache.hadoop.http.HttpServer2$QuotingInputFilter)
2019-07-13 14:36:21,470 INFO  http.HttpServer2 (HttpServer2.java:addFilter(948)) - Added filter static_user_filter (class=org.apache.hadoop.http.lib.StaticUserWebFilter$StaticUserFilter) to context hddsDatanode
2019-07-13 14:36:21,470 INFO  http.HttpServer2 (HttpServer2.java:addFilter(958)) - Added filter static_user_filter (class=org.apache.hadoop.http.lib.StaticUserWebFilter$StaticUserFilter) to context static
2019-07-13 14:36:21,470 INFO  http.HttpServer2 (HttpServer2.java:addFilter(958)) - Added filter static_user_filter (class=org.apache.hadoop.http.lib.StaticUserWebFilter$StaticUserFilter) to context logs
2019-07-13 14:36:21,470 INFO  http.HttpServer2 (HttpServer2.java:bindListener(1191)) - Jetty bound to port 43482
2019-07-13 14:36:21,471 INFO  server.Server (Server.java:doStart(351)) - jetty-9.3.24.v20180605, build timestamp: 2018-06-05T17:11:56Z, git hash: 84205aa28f11a4f31f2a3b86d1bba2cc8ab69827
2019-07-13 14:36:21,472 INFO  handler.ContextHandler (ContextHandler.java:doStart(781)) - Started o.e.j.s.ServletContextHandler@3c48bbf3{/logs,file:///tmp/workdir/hadoop-ozone/integration-test/target/log,AVAILABLE}
2019-07-13 14:36:21,472 INFO  handler.ContextHandler (ContextHandler.java:doStart(781)) - Started o.e.j.s.ServletContextHandler@25bfc558{/static,jar:file:/home/user/.m2/repository/org/apache/hadoop/hadoop-hdds-container-service/0.5.0-SNAPSHOT/hadoop-hdds-container-service-0.5.0-SNAPSHOT.jar!/webapps/static,AVAILABLE}
2019-07-13 14:36:21,498 INFO  handler.ContextHandler (ContextHandler.java:doStart(781)) - Started o.e.j.w.WebAppContext@3217e970{/,file:///tmp/jetty-0.0.0.0-43482-hddsDatanode-_-any-8871785049632815539.dir/webapp/,AVAILABLE}{/hddsDatanode}
2019-07-13 14:36:21,499 INFO  server.AbstractConnector (AbstractConnector.java:doStart(278)) - Started ServerConnector@6d0d5147{HTTP/1.1,[http/1.1]}{0.0.0.0:43482}
2019-07-13 14:36:21,503 INFO  server.Server (Server.java:doStart(419)) - Started @594355ms
2019-07-13 14:36:21,504 INFO  server.BaseHttpServer (BaseHttpServer.java:updateConnectorAddress(207)) - HTTP server of HDDSDATANODE is listening at http://0.0.0.0:43482
2019-07-13 14:36:21,604 INFO  ozone.HddsDatanodeService (HddsDatanodeService.java:startPlugins(396)) - Started plug-in org.apache.hadoop.ozone.web.OzoneHddsDatanodeService@2512eaaa
2019-07-13 14:36:21,604 INFO  ozone.MiniOzoneClusterImpl (MiniOzoneClusterImpl.java:lambda$waitForClusterToBeReady$0(142)) - Waiting for cluster to be ready. Got 0 of 7 DN Heartbeats.
2019-07-13 14:36:21,605 INFO  util.JvmPauseMonitor (JvmPauseMonitor.java:run(188)) - Starting JVM pause monitor
2019-07-13 14:36:21,606 INFO  datanode.InitDatanodeState (InitDatanodeState.java:persistContainerDatanodeDetails(140)) - DatanodeDetails is persisted to /tmp/workdir/hadoop-ozone/integration-test/target/test-dir/MiniOzoneClusterImpl-b97ae15e-6d50-4c11-8b93-1c38e9c31ea1/datanode-6/meta/datanode.id
2019-07-13 14:36:22,543 INFO  ozoneimpl.OzoneContainer (OzoneContainer.java:start(186)) - Attempting to start container services.
2019-07-13 14:36:22,544 INFO  ozoneimpl.OzoneContainer (OzoneContainer.java:startContainerScrub(160)) - Background container scrubber has been disabled by hdds.containerscrub.enabled
2019-07-13 14:36:22,544 INFO  ratis.XceiverServerRatis (XceiverServerRatis.java:start(418)) - Starting XceiverServerRatis 0a0196db-4d8a-4223-bbeb-7707b5e8693c at port 0
2019-07-13 14:36:22,551 INFO  impl.RaftServerProxy (RaftServerProxy.java:lambda$start$3(299)) - 0a0196db-4d8a-4223-bbeb-7707b5e8693c: start RPC server
2019-07-13 14:36:22,552 INFO  server.GrpcService (GrpcService.java:startImpl(149)) - 0a0196db-4d8a-4223-bbeb-7707b5e8693c: GrpcService started, listening on 0.0.0.0/0.0.0.0:38284
2019-07-13 14:36:22,553 INFO  ratis.XceiverServerRatis (XceiverServerRatis.java:start(428)) - XceiverServerRatis 0a0196db-4d8a-4223-bbeb-7707b5e8693c is started using port 38284
2019-07-13 14:36:22,553 INFO  server.XceiverServerGrpc (XceiverServerGrpc.java:start(161)) - XceiverServerGrpc 0a0196db-4d8a-4223-bbeb-7707b5e8693c is started using port 37959
2019-07-13 14:36:22,604 INFO  ozone.MiniOzoneClusterImpl (MiniOzoneClusterImpl.java:lambda$waitForClusterToBeReady$0(142)) - Waiting for cluster to be ready. Got 0 of 7 DN Heartbeats.
2019-07-13 14:36:22,684 INFO  ozoneimpl.OzoneContainer (OzoneContainer.java:start(186)) - Attempting to start container services.
2019-07-13 14:36:22,684 INFO  ozoneimpl.OzoneContainer (OzoneContainer.java:startContainerScrub(160)) - Background container scrubber has been disabled by hdds.containerscrub.enabled
2019-07-13 14:36:22,684 INFO  ratis.XceiverServerRatis (XceiverServerRatis.java:start(418)) - Starting XceiverServerRatis 0f318484-2ab1-4752-ba62-81186709e0fe at port 0
2019-07-13 14:36:22,691 INFO  impl.RaftServerProxy (RaftServerProxy.java:lambda$start$3(299)) - 0f318484-2ab1-4752-ba62-81186709e0fe: start RPC server
2019-07-13 14:36:22,694 INFO  server.GrpcService (GrpcService.java:startImpl(149)) - 0f318484-2ab1-4752-ba62-81186709e0fe: GrpcService started, listening on 0.0.0.0/0.0.0.0:33659
2019-07-13 14:36:22,694 INFO  ratis.XceiverServerRatis (XceiverServerRatis.java:start(428)) - XceiverServerRatis 0f318484-2ab1-4752-ba62-81186709e0fe is started using port 33659
2019-07-13 14:36:22,694 INFO  server.XceiverServerGrpc (XceiverServerGrpc.java:start(161)) - XceiverServerGrpc 0f318484-2ab1-4752-ba62-81186709e0fe is started using port 43959
2019-07-13 14:36:22,957 INFO  ozoneimpl.OzoneContainer (OzoneContainer.java:start(186)) - Attempting to start container services.
2019-07-13 14:36:22,957 INFO  ozoneimpl.OzoneContainer (OzoneContainer.java:startContainerScrub(160)) - Background container scrubber has been disabled by hdds.containerscrub.enabled
2019-07-13 14:36:22,957 INFO  ratis.XceiverServerRatis (XceiverServerRatis.java:start(418)) - Starting XceiverServerRatis f79ba558-4292-4dc1-b3d5-8da44f5a5abd at port 0
2019-07-13 14:36:22,965 INFO  impl.RaftServerProxy (RaftServerProxy.java:lambda$start$3(299)) - f79ba558-4292-4dc1-b3d5-8da44f5a5abd: start RPC server
2019-07-13 14:36:22,967 INFO  server.GrpcService (GrpcService.java:startImpl(149)) - f79ba558-4292-4dc1-b3d5-8da44f5a5abd: GrpcService started, listening on 0.0.0.0/0.0.0.0:34074
2019-07-13 14:36:22,967 INFO  ratis.XceiverServerRatis (XceiverServerRatis.java:start(428)) - XceiverServerRatis f79ba558-4292-4dc1-b3d5-8da44f5a5abd is started using port 34074
2019-07-13 14:36:22,968 INFO  server.XceiverServerGrpc (XceiverServerGrpc.java:start(161)) - XceiverServerGrpc f79ba558-4292-4dc1-b3d5-8da44f5a5abd is started using port 34282
2019-07-13 14:36:23,137 INFO  ozoneimpl.OzoneContainer (OzoneContainer.java:start(186)) - Attempting to start container services.
2019-07-13 14:36:23,138 INFO  ozoneimpl.OzoneContainer (OzoneContainer.java:startContainerScrub(160)) - Background container scrubber has been disabled by hdds.containerscrub.enabled
2019-07-13 14:36:23,138 INFO  ratis.XceiverServerRatis (XceiverServerRatis.java:start(418)) - Starting XceiverServerRatis 71dca860-de59-4958-8d12-2670ada20a66 at port 0
2019-07-13 14:36:23,146 INFO  impl.RaftServerProxy (RaftServerProxy.java:lambda$start$3(299)) - 71dca860-de59-4958-8d12-2670ada20a66: start RPC server
2019-07-13 14:36:23,146 INFO  server.GrpcService (GrpcService.java:startImpl(149)) - 71dca860-de59-4958-8d12-2670ada20a66: GrpcService started, listening on 0.0.0.0/0.0.0.0:33330
2019-07-13 14:36:23,147 INFO  ratis.XceiverServerRatis (XceiverServerRatis.java:start(428)) - XceiverServerRatis 71dca860-de59-4958-8d12-2670ada20a66 is started using port 33330
2019-07-13 14:36:23,147 INFO  server.XceiverServerGrpc (XceiverServerGrpc.java:start(161)) - XceiverServerGrpc 71dca860-de59-4958-8d12-2670ada20a66 is started using port 35665
2019-07-13 14:36:23,287 INFO  ozoneimpl.OzoneContainer (OzoneContainer.java:start(186)) - Attempting to start container services.
2019-07-13 14:36:23,288 INFO  ozoneimpl.OzoneContainer (OzoneContainer.java:startContainerScrub(160)) - Background container scrubber has been disabled by hdds.containerscrub.enabled
2019-07-13 14:36:23,288 INFO  ratis.XceiverServerRatis (XceiverServerRatis.java:start(418)) - Starting XceiverServerRatis d3691bba-61f5-467c-b757-f5857d6c6cfd at port 0
2019-07-13 14:36:23,295 INFO  impl.RaftServerProxy (RaftServerProxy.java:lambda$start$3(299)) - d3691bba-61f5-467c-b757-f5857d6c6cfd: start RPC server
2019-07-13 14:36:23,296 INFO  server.GrpcService (GrpcService.java:startImpl(149)) - d3691bba-61f5-467c-b757-f5857d6c6cfd: GrpcService started, listening on 0.0.0.0/0.0.0.0:46597
2019-07-13 14:36:23,296 INFO  ratis.XceiverServerRatis (XceiverServerRatis.java:start(428)) - XceiverServerRatis d3691bba-61f5-467c-b757-f5857d6c6cfd is started using port 46597
2019-07-13 14:36:23,297 INFO  server.XceiverServerGrpc (XceiverServerGrpc.java:start(161)) - XceiverServerGrpc d3691bba-61f5-467c-b757-f5857d6c6cfd is started using port 45676
2019-07-13 14:36:23,445 INFO  ozoneimpl.OzoneContainer (OzoneContainer.java:start(186)) - Attempting to start container services.
2019-07-13 14:36:23,445 INFO  ozoneimpl.OzoneContainer (OzoneContainer.java:startContainerScrub(160)) - Background container scrubber has been disabled by hdds.containerscrub.enabled
2019-07-13 14:36:23,446 INFO  ratis.XceiverServerRatis (XceiverServerRatis.java:start(418)) - Starting XceiverServerRatis 86a99646-22da-4064-ad20-4a90a4de8188 at port 0
2019-07-13 14:36:23,453 INFO  impl.RaftServerProxy (RaftServerProxy.java:lambda$start$3(299)) - 86a99646-22da-4064-ad20-4a90a4de8188: start RPC server
2019-07-13 14:36:23,457 INFO  server.GrpcService (GrpcService.java:startImpl(149)) - 86a99646-22da-4064-ad20-4a90a4de8188: GrpcService started, listening on 0.0.0.0/0.0.0.0:35945
2019-07-13 14:36:23,457 INFO  ratis.XceiverServerRatis (XceiverServerRatis.java:start(428)) - XceiverServerRatis 86a99646-22da-4064-ad20-4a90a4de8188 is started using port 35945
2019-07-13 14:36:23,457 INFO  server.XceiverServerGrpc (XceiverServerGrpc.java:start(161)) - XceiverServerGrpc 86a99646-22da-4064-ad20-4a90a4de8188 is started using port 36505
2019-07-13 14:36:23,605 INFO  ozone.MiniOzoneClusterImpl (MiniOzoneClusterImpl.java:lambda$waitForClusterToBeReady$0(142)) - Waiting for cluster to be ready. Got 0 of 7 DN Heartbeats.
2019-07-13 14:36:23,620 INFO  ozoneimpl.OzoneContainer (OzoneContainer.java:start(186)) - Attempting to start container services.
2019-07-13 14:36:23,620 INFO  ozoneimpl.OzoneContainer (OzoneContainer.java:startContainerScrub(160)) - Background container scrubber has been disabled by hdds.containerscrub.enabled
2019-07-13 14:36:23,620 INFO  ratis.XceiverServerRatis (XceiverServerRatis.java:start(418)) - Starting XceiverServerRatis f5741a41-e778-4d38-9ddd-39d7e4c09149 at port 0
2019-07-13 14:36:23,628 INFO  impl.RaftServerProxy (RaftServerProxy.java:lambda$start$3(299)) - f5741a41-e778-4d38-9ddd-39d7e4c09149: start RPC server
2019-07-13 14:36:23,633 INFO  server.GrpcService (GrpcService.java:startImpl(149)) - f5741a41-e778-4d38-9ddd-39d7e4c09149: GrpcService started, listening on 0.0.0.0/0.0.0.0:45128
2019-07-13 14:36:23,633 INFO  ratis.XceiverServerRatis (XceiverServerRatis.java:start(428)) - XceiverServerRatis f5741a41-e778-4d38-9ddd-39d7e4c09149 is started using port 45128
2019-07-13 14:36:23,643 INFO  server.XceiverServerGrpc (XceiverServerGrpc.java:start(161)) - XceiverServerGrpc f5741a41-e778-4d38-9ddd-39d7e4c09149 is started using port 44158
2019-07-13 14:36:24,523 INFO  net.NetworkTopology (NetworkTopologyImpl.java:add(110)) - Added a new node: /default-rack/192.168.5.172
2019-07-13 14:36:24,526 INFO  node.SCMNodeManager (SCMNodeManager.java:register(269)) - Registered Data node : 0a0196db-4d8a-4223-bbeb-7707b5e8693c{ip: 192.168.5.172, host: trunk-nightly-mhs6z-4061744966, networkLocation: /default-rack, certSerialId: null}
2019-07-13 14:36:24,527 INFO  safemode.SCMSafeModeManager (DataNodeSafeModeRule.java:process(71)) - SCM in safe mode. 1 DataNodes registered, 1 required.
2019-07-13 14:36:24,529 INFO  safemode.SCMSafeModeManager (SCMSafeModeManager.java:validateSafeModeExitRules(177)) - ScmSafeModeManager, all rules are successfully validated
2019-07-13 14:36:24,530 INFO  safemode.SCMSafeModeManager (SCMSafeModeManager.java:exitSafeMode(193)) - SCM exiting safe mode.
2019-07-13 14:36:24,541 INFO  impl.RaftServerProxy (RaftServerProxy.java:addNew(89)) - 0a0196db-4d8a-4223-bbeb-7707b5e8693c: addNew group-4166AA9212FB:[0a0196db-4d8a-4223-bbeb-7707b5e8693c:192.168.5.172:38284] returns group-4166AA9212FB:java.util.concurrent.CompletableFuture@414a9d11[Not completed]
2019-07-13 14:36:24,542 INFO  impl.RaftServerImpl (RaftServerImpl.java:<init>(93)) - 0a0196db-4d8a-4223-bbeb-7707b5e8693c: new RaftServerImpl for group-4166AA9212FB:[0a0196db-4d8a-4223-bbeb-7707b5e8693c:192.168.5.172:38284] with ContainerStateMachine:uninitialized
2019-07-13 14:36:24,542 INFO  server.RaftServerConfigKeys (ConfUtils.java:logGet(43)) - raft.server.rpc.timeout.min = 5s (custom)
2019-07-13 14:36:24,542 INFO  server.RaftServerConfigKeys (ConfUtils.java:logGet(43)) - raft.server.rpc.timeout.max = 5200ms (custom)
2019-07-13 14:36:24,542 INFO  server.RaftServerConfigKeys (ConfUtils.java:logGet(43)) - raft.server.rpcslowness.timeout = 120s (custom)
2019-07-13 14:36:24,542 INFO  server.RaftServerConfigKeys (ConfUtils.java:logGet(43)) - raft.server.sleep.deviation.threshold = 300 (default)
2019-07-13 14:36:24,542 INFO  server.RaftServerConfigKeys (ConfUtils.java:logGet(43)) - raft.server.log.appender.install.snapshot.enabled = false (custom)
2019-07-13 14:36:24,543 INFO  impl.RaftServerImpl (ServerState.java:<init>(105)) - 0a0196db-4d8a-4223-bbeb-7707b5e8693c:group-4166AA9212FB ConfigurationManager, init=-1: [0a0196db-4d8a-4223-bbeb-7707b5e8693c:192.168.5.172:38284], old=null, confs=<EMPTY_MAP>
2019-07-13 14:36:24,543 INFO  server.RaftServerConfigKeys (ConfUtils.java:logGet(43)) - raft.server.storage.dir = [/tmp/workdir/hadoop-ozone/integration-test/target/test-dir/MiniOzoneClusterImpl-b97ae15e-6d50-4c11-8b93-1c38e9c31ea1/datanode-0/data/ratis] (custom)
2019-07-13 14:36:24,544 INFO  storage.RaftStorageDirectory (RaftStorageDirectory.java:analyzeStorage(246)) - The storage directory /tmp/workdir/hadoop-ozone/integration-test/target/test-dir/MiniOzoneClusterImpl-b97ae15e-6d50-4c11-8b93-1c38e9c31ea1/datanode-0/data/ratis/abee01a6-551d-403b-af82-4166aa9212fb does not exist. Creating ...
2019-07-13 14:36:24,557 INFO  storage.RaftStorageDirectory (RaftStorageDirectory.java:tryLock(328)) - Lock on /tmp/workdir/hadoop-ozone/integration-test/target/test-dir/MiniOzoneClusterImpl-b97ae15e-6d50-4c11-8b93-1c38e9c31ea1/datanode-0/data/ratis/abee01a6-551d-403b-af82-4166aa9212fb/in_use.lock acquired by nodename 31544@trunk-nightly-mhs6z-4061744966
2019-07-13 14:36:24,561 INFO  storage.RaftStorage (RaftStorage.java:format(72)) - Storage directory /tmp/workdir/hadoop-ozone/integration-test/target/test-dir/MiniOzoneClusterImpl-b97ae15e-6d50-4c11-8b93-1c38e9c31ea1/datanode-0/data/ratis/abee01a6-551d-403b-af82-4166aa9212fb has been successfully formatted.
2019-07-13 14:36:24,561 INFO  ratis.ContainerStateMachine (ContainerStateMachine.java:loadSnapshot(200)) - The snapshot info is null.Setting the last applied index to:(t:0, i:~)
2019-07-13 14:36:24,561 INFO  server.RaftServerConfigKeys (ConfUtils.java:logGet(43)) - raft.server.leader.election.timeout = 120s (custom)
2019-07-13 14:36:24,561 INFO  server.RaftServerConfigKeys (ConfUtils.java:logGet(43)) - raft.server.log.use.memory = false (default)
2019-07-13 14:36:24,562 INFO  server.RaftServerConfigKeys (ConfUtils.java:logGet(43)) - raft.server.log.purge.gap = 1000000000 (custom)
2019-07-13 14:36:24,562 INFO  server.RaftServerConfigKeys (ConfUtils.java:logGet(43)) - raft.server.log.appender.buffer.byte-limit = 33554432 (custom)
2019-07-13 14:36:24,562 INFO  server.RaftServerConfigKeys (ConfUtils.java:logGet(43)) - raft.server.log.segment.size.max = 1048576 (custom)
2019-07-13 14:36:24,562 INFO  server.RaftServerConfigKeys (ConfUtils.java:logGet(43)) - raft.server.log.segment.cache.num.max = 2 (custom)
2019-07-13 14:36:24,562 INFO  segmented.SegmentedRaftLogWorker (SegmentedRaftLogWorker.java:<init>(172)) - new 0a0196db-4d8a-4223-bbeb-7707b5e8693c-SegmentedRaftLogWorker:Storage Directory /tmp/workdir/hadoop-ozone/integration-test/target/test-dir/MiniOzoneClusterImpl-b97ae15e-6d50-4c11-8b93-1c38e9c31ea1/datanode-0/data/ratis/abee01a6-551d-403b-af82-4166aa9212fb for RaftStorage:Storage Directory /tmp/workdir/hadoop-ozone/integration-test/target/test-dir/MiniOzoneClusterImpl-b97ae15e-6d50-4c11-8b93-1c38e9c31ea1/datanode-0/data/ratis/abee01a6-551d-403b-af82-4166aa9212fb
2019-07-13 14:36:24,562 INFO  server.RaftServerConfigKeys (ConfUtils.java:logGet(43)) - raft.server.log.queue.byte-limit = 2147483647 (custom)
2019-07-13 14:36:24,562 INFO  server.RaftServerConfigKeys (ConfUtils.java:logGet(43)) - raft.server.log.queue.element-limit = 1024 (custom)
2019-07-13 14:36:24,563 INFO  server.RaftServerConfigKeys (ConfUtils.java:logGet(43)) - raft.server.log.segment.size.max = 1048576 (custom)
2019-07-13 14:36:24,563 INFO  server.RaftServerConfigKeys (ConfUtils.java:logGet(43)) - raft.server.log.preallocated.size = 16384 (custom)
2019-07-13 14:36:24,563 INFO  server.RaftServerConfigKeys (ConfUtils.java:logGet(43)) - raft.server.log.write.buffer.size = 33554432 (custom)
2019-07-13 14:36:24,563 INFO  server.RaftServerConfigKeys (ConfUtils.java:logGet(43)) - raft.server.log.force.sync.num = 128 (default)
2019-07-13 14:36:24,563 INFO  server.RaftServerConfigKeys (ConfUtils.java:logGet(43)) - raft.server.log.statemachine.data.sync = true (default)
2019-07-13 14:36:24,563 INFO  server.RaftServerConfigKeys (ConfUtils.java:logGet(43)) - raft.server.log.statemachine.data.sync.timeout = 10s (default)
2019-07-13 14:36:24,564 INFO  server.RaftServerConfigKeys (ConfUtils.java:logGet(43)) - raft.server.log.statemachine.data.sync.timeout.retry = -1 (default)
2019-07-13 14:36:24,564 INFO  server.RaftServerConfigKeys (ConfUtils.java:logGet(43)) - raft.server.log.statemachine.data.caching.enabled = true (custom)
2019-07-13 14:36:24,564 INFO  segmented.SegmentedRaftLogWorker (SegmentedRaftLogWorker.java:lambda$new$0(132)) - 0a0196db-4d8a-4223-bbeb-7707b5e8693c-SegmentedRaftLogWorker:Storage Directory /tmp/workdir/hadoop-ozone/integration-test/target/test-dir/MiniOzoneClusterImpl-b97ae15e-6d50-4c11-8b93-1c38e9c31ea1/datanode-0/data/ratis/abee01a6-551d-403b-af82-4166aa9212fb: flushIndex: setUnconditionally 0 -> -1
2019-07-13 14:36:24,565 INFO  server.RaftServerConfigKeys (ConfUtils.java:logGet(43)) - raft.server.snapshot.auto.trigger.enabled = true (custom)
2019-07-13 14:36:24,565 INFO  server.RaftServerConfigKeys (ConfUtils.java:logGet(43)) - raft.server.snapshot.auto.trigger.threshold = 10000 (custom)
2019-07-13 14:36:24,565 INFO  server.RaftServerConfigKeys (ConfUtils.java:logGet(43)) - raft.server.retrycache.expirytime = 600000ms (custom)
2019-07-13 14:36:24,565 INFO  impl.RaftServerImpl (RaftServerImpl.java:start(180)) - 0a0196db-4d8a-4223-bbeb-7707b5e8693c: start group-4166AA9212FB
2019-07-13 14:36:24,565 INFO  impl.RaftServerImpl (RaftServerImpl.java:setRole(171)) - 0a0196db-4d8a-4223-bbeb-7707b5e8693c:group-4166AA9212FB changes role from null to FOLLOWER at term 0 for startAsFollower
2019-07-13 14:36:24,565 INFO  impl.RoleInfo (RoleInfo.java:updateAndGet(143)) - 0a0196db-4d8a-4223-bbeb-7707b5e8693c: start FollowerState
2019-07-13 14:36:24,567 INFO  util.JmxRegister (JmxRegister.java:tryRegister(44)) - Successfully registered JMX Bean with object name Ratis:service=RaftServer,group=group-4166AA9212FB,id=0a0196db-4d8a-4223-bbeb-7707b5e8693c
2019-07-13 14:36:24,569 INFO  pipeline.PipelineStateManager (PipelineStateManager.java:addPipeline(56)) - Created pipeline Pipeline[ Id: abee01a6-551d-403b-af82-4166aa9212fb, Nodes: 0a0196db-4d8a-4223-bbeb-7707b5e8693c{ip: 192.168.5.172, host: trunk-nightly-mhs6z-4061744966, networkLocation: /default-rack, certSerialId: null}, Type:RATIS, Factor:ONE, State:OPEN]
2019-07-13 14:36:24,606 INFO  ozone.MiniOzoneClusterImpl (MiniOzoneClusterImpl.java:lambda$waitForClusterToBeReady$0(142)) - Waiting for cluster to be ready. Got 1 of 7 DN Heartbeats.
2019-07-13 14:36:24,676 INFO  node.SCMNodeManager (SCMNodeManager.java:register(269)) - Registered Data node : 0f318484-2ab1-4752-ba62-81186709e0fe{ip: 192.168.5.172, host: trunk-nightly-mhs6z-4061744966, networkLocation: /default-rack, certSerialId: null}
2019-07-13 14:36:24,683 INFO  impl.RaftServerProxy (RaftServerProxy.java:addNew(89)) - 0f318484-2ab1-4752-ba62-81186709e0fe: addNew group-FA73702D2992:[0f318484-2ab1-4752-ba62-81186709e0fe:192.168.5.172:33659] returns group-FA73702D2992:java.util.concurrent.CompletableFuture@4e093835[Not completed]
2019-07-13 14:36:24,684 INFO  impl.RaftServerImpl (RaftServerImpl.java:<init>(93)) - 0f318484-2ab1-4752-ba62-81186709e0fe: new RaftServerImpl for group-FA73702D2992:[0f318484-2ab1-4752-ba62-81186709e0fe:192.168.5.172:33659] with ContainerStateMachine:uninitialized
2019-07-13 14:36:24,685 INFO  server.RaftServerConfigKeys (ConfUtils.java:logGet(43)) - raft.server.rpc.timeout.min = 5s (custom)
2019-07-13 14:36:24,685 INFO  server.RaftServerConfigKeys (ConfUtils.java:logGet(43)) - raft.server.rpc.timeout.max = 5200ms (custom)
2019-07-13 14:36:24,685 INFO  server.RaftServerConfigKeys (ConfUtils.java:logGet(43)) - raft.server.rpcslowness.timeout = 120s (custom)
2019-07-13 14:36:24,685 INFO  server.RaftServerConfigKeys (ConfUtils.java:logGet(43)) - raft.server.sleep.deviation.threshold = 300 (default)
2019-07-13 14:36:24,685 INFO  server.RaftServerConfigKeys (ConfUtils.java:logGet(43)) - raft.server.log.appender.install.snapshot.enabled = false (custom)
2019-07-13 14:36:24,685 INFO  impl.RaftServerImpl (ServerState.java:<init>(105)) - 0f318484-2ab1-4752-ba62-81186709e0fe:group-FA73702D2992 ConfigurationManager, init=-1: [0f318484-2ab1-4752-ba62-81186709e0fe:192.168.5.172:33659], old=null, confs=<EMPTY_MAP>
2019-07-13 14:36:24,686 INFO  server.RaftServerConfigKeys (ConfUtils.java:logGet(43)) - raft.server.storage.dir = [/tmp/workdir/hadoop-ozone/integration-test/target/test-dir/MiniOzoneClusterImpl-b97ae15e-6d50-4c11-8b93-1c38e9c31ea1/datanode-1/data/ratis] (custom)
2019-07-13 14:36:24,686 INFO  storage.RaftStorageDirectory (RaftStorageDirectory.java:analyzeStorage(246)) - The storage directory /tmp/workdir/hadoop-ozone/integration-test/target/test-dir/MiniOzoneClusterImpl-b97ae15e-6d50-4c11-8b93-1c38e9c31ea1/datanode-1/data/ratis/16125ca7-5956-4725-968b-fa73702d2992 does not exist. Creating ...
2019-07-13 14:36:24,690 INFO  storage.RaftStorageDirectory (RaftStorageDirectory.java:tryLock(328)) - Lock on /tmp/workdir/hadoop-ozone/integration-test/target/test-dir/MiniOzoneClusterImpl-b97ae15e-6d50-4c11-8b93-1c38e9c31ea1/datanode-1/data/ratis/16125ca7-5956-4725-968b-fa73702d2992/in_use.lock acquired by nodename 31544@trunk-nightly-mhs6z-4061744966
2019-07-13 14:36:24,694 INFO  storage.RaftStorage (RaftStorage.java:format(72)) - Storage directory /tmp/workdir/hadoop-ozone/integration-test/target/test-dir/MiniOzoneClusterImpl-b97ae15e-6d50-4c11-8b93-1c38e9c31ea1/datanode-1/data/ratis/16125ca7-5956-4725-968b-fa73702d2992 has been successfully formatted.
2019-07-13 14:36:24,694 INFO  ratis.ContainerStateMachine (ContainerStateMachine.java:loadSnapshot(200)) - The snapshot info is null.Setting the last applied index to:(t:0, i:~)
2019-07-13 14:36:24,694 INFO  server.RaftServerConfigKeys (ConfUtils.java:logGet(43)) - raft.server.leader.election.timeout = 120s (custom)
2019-07-13 14:36:24,694 INFO  server.RaftServerConfigKeys (ConfUtils.java:logGet(43)) - raft.server.log.use.memory = false (default)
2019-07-13 14:36:24,695 INFO  server.RaftServerConfigKeys (ConfUtils.java:logGet(43)) - raft.server.log.purge.gap = 1000000000 (custom)
2019-07-13 14:36:24,695 INFO  server.RaftServerConfigKeys (ConfUtils.java:logGet(43)) - raft.server.log.appender.buffer.byte-limit = 33554432 (custom)
2019-07-13 14:36:24,695 INFO  server.RaftServerConfigKeys (ConfUtils.java:logGet(43)) - raft.server.log.segment.size.max = 1048576 (custom)
2019-07-13 14:36:24,695 INFO  server.RaftServerConfigKeys (ConfUtils.java:logGet(43)) - raft.server.log.segment.cache.num.max = 2 (custom)
2019-07-13 14:36:24,695 INFO  segmented.SegmentedRaftLogWorker (SegmentedRaftLogWorker.java:<init>(172)) - new 0f318484-2ab1-4752-ba62-81186709e0fe-SegmentedRaftLogWorker:Storage Directory /tmp/workdir/hadoop-ozone/integration-test/target/test-dir/MiniOzoneClusterImpl-b97ae15e-6d50-4c11-8b93-1c38e9c31ea1/datanode-1/data/ratis/16125ca7-5956-4725-968b-fa73702d2992 for RaftStorage:Storage Directory /tmp/workdir/hadoop-ozone/integration-test/target/test-dir/MiniOzoneClusterImpl-b97ae15e-6d50-4c11-8b93-1c38e9c31ea1/datanode-1/data/ratis/16125ca7-5956-4725-968b-fa73702d2992
2019-07-13 14:36:24,695 INFO  server.RaftServerConfigKeys (ConfUtils.java:logGet(43)) - raft.server.log.queue.byte-limit = 2147483647 (custom)
2019-07-13 14:36:24,695 INFO  server.RaftServerConfigKeys (ConfUtils.java:logGet(43)) - raft.server.log.queue.element-limit = 1024 (custom)
2019-07-13 14:36:24,696 INFO  server.RaftServerConfigKeys (ConfUtils.java:logGet(43)) - raft.server.log.segment.size.max = 1048576 (custom)
2019-07-13 14:36:24,696 INFO  server.RaftServerConfigKeys (ConfUtils.java:logGet(43)) - raft.server.log.preallocated.size = 16384 (custom)
2019-07-13 14:36:24,696 INFO  server.RaftServerConfigKeys (ConfUtils.java:logGet(43)) - raft.server.log.write.buffer.size = 33554432 (custom)
2019-07-13 14:36:24,696 INFO  server.RaftServerConfigKeys (ConfUtils.java:logGet(43)) - raft.server.log.force.sync.num = 128 (default)
2019-07-13 14:36:24,696 INFO  server.RaftServerConfigKeys (ConfUtils.java:logGet(43)) - raft.server.log.statemachine.data.sync = true (default)
2019-07-13 14:36:24,696 INFO  server.RaftServerConfigKeys (ConfUtils.java:logGet(43)) - raft.server.log.statemachine.data.sync.timeout = 10s (default)
2019-07-13 14:36:24,697 INFO  server.RaftServerConfigKeys (ConfUtils.java:logGet(43)) - raft.server.log.statemachine.data.sync.timeout.retry = -1 (default)
2019-07-13 14:36:24,697 INFO  server.RaftServerConfigKeys (ConfUtils.java:logGet(43)) - raft.server.log.statemachine.data.caching.enabled = true (custom)
2019-07-13 14:36:24,697 INFO  segmented.SegmentedRaftLogWorker (SegmentedRaftLogWorker.java:lambda$new$0(132)) - 0f318484-2ab1-4752-ba62-81186709e0fe-SegmentedRaftLogWorker:Storage Directory /tmp/workdir/hadoop-ozone/integration-test/target/test-dir/MiniOzoneClusterImpl-b97ae15e-6d50-4c11-8b93-1c38e9c31ea1/datanode-1/data/ratis/16125ca7-5956-4725-968b-fa73702d2992: flushIndex: setUnconditionally 0 -> -1
2019-07-13 14:36:24,698 INFO  server.RaftServerConfigKeys (ConfUtils.java:logGet(43)) - raft.server.snapshot.auto.trigger.enabled = true (custom)
2019-07-13 14:36:24,698 INFO  server.RaftServerConfigKeys (ConfUtils.java:logGet(43)) - raft.server.snapshot.auto.trigger.threshold = 10000 (custom)
2019-07-13 14:36:24,698 INFO  server.RaftServerConfigKeys (ConfUtils.java:logGet(43)) - raft.server.retrycache.expirytime = 600000ms (custom)
2019-07-13 14:36:24,698 INFO  impl.RaftServerImpl (RaftServerImpl.java:start(180)) - 0f318484-2ab1-4752-ba62-81186709e0fe: start group-FA73702D2992
2019-07-13 14:36:24,698 INFO  impl.RaftServerImpl (RaftServerImpl.java:setRole(171)) - 0f318484-2ab1-4752-ba62-81186709e0fe:group-FA73702D2992 changes role from null to FOLLOWER at term 0 for startAsFollower
2019-07-13 14:36:24,698 INFO  impl.RoleInfo (RoleInfo.java:updateAndGet(143)) - 0f318484-2ab1-4752-ba62-81186709e0fe: start FollowerState
2019-07-13 14:36:24,699 INFO  util.JmxRegister (JmxRegister.java:tryRegister(44)) - Successfully registered JMX Bean with object name Ratis:service=RaftServer,group=group-FA73702D2992,id=0f318484-2ab1-4752-ba62-81186709e0fe
2019-07-13 14:36:24,701 INFO  pipeline.PipelineStateManager (PipelineStateManager.java:addPipeline(56)) - Created pipeline Pipeline[ Id: 16125ca7-5956-4725-968b-fa73702d2992, Nodes: 0f318484-2ab1-4752-ba62-81186709e0fe{ip: 192.168.5.172, host: trunk-nightly-mhs6z-4061744966, networkLocation: /default-rack, certSerialId: null}, Type:RATIS, Factor:ONE, State:OPEN]
2019-07-13 14:36:24,952 INFO  node.SCMNodeManager (SCMNodeManager.java:register(269)) - Registered Data node : f79ba558-4292-4dc1-b3d5-8da44f5a5abd{ip: 192.168.5.172, host: trunk-nightly-mhs6z-4061744966, networkLocation: /default-rack, certSerialId: null}
2019-07-13 14:36:24,959 INFO  impl.RaftServerProxy (RaftServerProxy.java:addNew(89)) - f79ba558-4292-4dc1-b3d5-8da44f5a5abd: addNew group-67D99601F85D:[f79ba558-4292-4dc1-b3d5-8da44f5a5abd:192.168.5.172:34074] returns group-67D99601F85D:java.util.concurrent.CompletableFuture@5bf3e78c[Not completed]
2019-07-13 14:36:24,960 INFO  impl.RaftServerImpl (RaftServerImpl.java:<init>(93)) - f79ba558-4292-4dc1-b3d5-8da44f5a5abd: new RaftServerImpl for group-67D99601F85D:[f79ba558-4292-4dc1-b3d5-8da44f5a5abd:192.168.5.172:34074] with ContainerStateMachine:uninitialized
2019-07-13 14:36:24,960 INFO  server.RaftServerConfigKeys (ConfUtils.java:logGet(43)) - raft.server.rpc.timeout.min = 5s (custom)
2019-07-13 14:36:24,960 INFO  server.RaftServerConfigKeys (ConfUtils.java:logGet(43)) - raft.server.rpc.timeout.max = 5200ms (custom)
2019-07-13 14:36:24,960 INFO  server.RaftServerConfigKeys (ConfUtils.java:logGet(43)) - raft.server.rpcslowness.timeout = 120s (custom)
2019-07-13 14:36:24,961 INFO  server.RaftServerConfigKeys (ConfUtils.java:logGet(43)) - raft.server.sleep.deviation.threshold = 300 (default)
2019-07-13 14:36:24,961 INFO  server.RaftServerConfigKeys (ConfUtils.java:logGet(43)) - raft.server.log.appender.install.snapshot.enabled = false (custom)
2019-07-13 14:36:24,961 INFO  impl.RaftServerImpl (ServerState.java:<init>(105)) - f79ba558-4292-4dc1-b3d5-8da44f5a5abd:group-67D99601F85D ConfigurationManager, init=-1: [f79ba558-4292-4dc1-b3d5-8da44f5a5abd:192.168.5.172:34074], old=null, confs=<EMPTY_MAP>
2019-07-13 14:36:24,961 INFO  server.RaftServerConfigKeys (ConfUtils.java:logGet(43)) - raft.server.storage.dir = [/tmp/workdir/hadoop-ozone/integration-test/target/test-dir/MiniOzoneClusterImpl-b97ae15e-6d50-4c11-8b93-1c38e9c31ea1/datanode-2/data/ratis] (custom)
2019-07-13 14:36:24,962 INFO  storage.RaftStorageDirectory (RaftStorageDirectory.java:analyzeStorage(246)) - The storage directory /tmp/workdir/hadoop-ozone/integration-test/target/test-dir/MiniOzoneClusterImpl-b97ae15e-6d50-4c11-8b93-1c38e9c31ea1/datanode-2/data/ratis/923a1b8b-670b-4cb2-8eae-67d99601f85d does not exist. Creating ...
2019-07-13 14:36:24,966 INFO  storage.RaftStorageDirectory (RaftStorageDirectory.java:tryLock(328)) - Lock on /tmp/workdir/hadoop-ozone/integration-test/target/test-dir/MiniOzoneClusterImpl-b97ae15e-6d50-4c11-8b93-1c38e9c31ea1/datanode-2/data/ratis/923a1b8b-670b-4cb2-8eae-67d99601f85d/in_use.lock acquired by nodename 31544@trunk-nightly-mhs6z-4061744966
2019-07-13 14:36:24,970 INFO  storage.RaftStorage (RaftStorage.java:format(72)) - Storage directory /tmp/workdir/hadoop-ozone/integration-test/target/test-dir/MiniOzoneClusterImpl-b97ae15e-6d50-4c11-8b93-1c38e9c31ea1/datanode-2/data/ratis/923a1b8b-670b-4cb2-8eae-67d99601f85d has been successfully formatted.
2019-07-13 14:36:24,970 INFO  ratis.ContainerStateMachine (ContainerStateMachine.java:loadSnapshot(200)) - The snapshot info is null.Setting the last applied index to:(t:0, i:~)
2019-07-13 14:36:24,971 INFO  server.RaftServerConfigKeys (ConfUtils.java:logGet(43)) - raft.server.leader.election.timeout = 120s (custom)
2019-07-13 14:36:24,971 INFO  server.RaftServerConfigKeys (ConfUtils.java:logGet(43)) - raft.server.log.use.memory = false (default)
2019-07-13 14:36:24,971 INFO  server.RaftServerConfigKeys (ConfUtils.java:logGet(43)) - raft.server.log.purge.gap = 1000000000 (custom)
2019-07-13 14:36:24,971 INFO  server.RaftServerConfigKeys (ConfUtils.java:logGet(43)) - raft.server.log.appender.buffer.byte-limit = 33554432 (custom)
2019-07-13 14:36:24,971 INFO  server.RaftServerConfigKeys (ConfUtils.java:logGet(43)) - raft.server.log.segment.size.max = 1048576 (custom)
2019-07-13 14:36:24,971 INFO  server.RaftServerConfigKeys (ConfUtils.java:logGet(43)) - raft.server.log.segment.cache.num.max = 2 (custom)
2019-07-13 14:36:24,972 INFO  segmented.SegmentedRaftLogWorker (SegmentedRaftLogWorker.java:<init>(172)) - new f79ba558-4292-4dc1-b3d5-8da44f5a5abd-SegmentedRaftLogWorker:Storage Directory /tmp/workdir/hadoop-ozone/integration-test/target/test-dir/MiniOzoneClusterImpl-b97ae15e-6d50-4c11-8b93-1c38e9c31ea1/datanode-2/data/ratis/923a1b8b-670b-4cb2-8eae-67d99601f85d for RaftStorage:Storage Directory /tmp/workdir/hadoop-ozone/integration-test/target/test-dir/MiniOzoneClusterImpl-b97ae15e-6d50-4c11-8b93-1c38e9c31ea1/datanode-2/data/ratis/923a1b8b-670b-4cb2-8eae-67d99601f85d
2019-07-13 14:36:24,972 INFO  server.RaftServerConfigKeys (ConfUtils.java:logGet(43)) - raft.server.log.queue.byte-limit = 2147483647 (custom)
2019-07-13 14:36:24,972 INFO  server.RaftServerConfigKeys (ConfUtils.java:logGet(43)) - raft.server.log.queue.element-limit = 1024 (custom)
2019-07-13 14:36:24,972 INFO  server.RaftServerConfigKeys (ConfUtils.java:logGet(43)) - raft.server.log.segment.size.max = 1048576 (custom)
2019-07-13 14:36:24,972 INFO  server.RaftServerConfigKeys (ConfUtils.java:logGet(43)) - raft.server.log.preallocated.size = 16384 (custom)
2019-07-13 14:36:24,973 INFO  server.RaftServerConfigKeys (ConfUtils.java:logGet(43)) - raft.server.log.write.buffer.size = 33554432 (custom)
2019-07-13 14:36:24,973 INFO  server.RaftServerConfigKeys (ConfUtils.java:logGet(43)) - raft.server.log.force.sync.num = 128 (default)
2019-07-13 14:36:24,973 INFO  server.RaftServerConfigKeys (ConfUtils.java:logGet(43)) - raft.server.log.statemachine.data.sync = true (default)
2019-07-13 14:36:24,973 INFO  server.RaftServerConfigKeys (ConfUtils.java:logGet(43)) - raft.server.log.statemachine.data.sync.timeout = 10s (default)
2019-07-13 14:36:24,973 INFO  server.RaftServerConfigKeys (ConfUtils.java:logGet(43)) - raft.server.log.statemachine.data.sync.timeout.retry = -1 (default)
2019-07-13 14:36:24,974 INFO  server.RaftServerConfigKeys (ConfUtils.java:logGet(43)) - raft.server.log.statemachine.data.caching.enabled = true (custom)
2019-07-13 14:36:24,974 INFO  segmented.SegmentedRaftLogWorker (SegmentedRaftLogWorker.java:lambda$new$0(132)) - f79ba558-4292-4dc1-b3d5-8da44f5a5abd-SegmentedRaftLogWorker:Storage Directory /tmp/workdir/hadoop-ozone/integration-test/target/test-dir/MiniOzoneClusterImpl-b97ae15e-6d50-4c11-8b93-1c38e9c31ea1/datanode-2/data/ratis/923a1b8b-670b-4cb2-8eae-67d99601f85d: flushIndex: setUnconditionally 0 -> -1
2019-07-13 14:36:24,974 INFO  server.RaftServerConfigKeys (ConfUtils.java:logGet(43)) - raft.server.snapshot.auto.trigger.enabled = true (custom)
2019-07-13 14:36:24,975 INFO  server.RaftServerConfigKeys (ConfUtils.java:logGet(43)) - raft.server.snapshot.auto.trigger.threshold = 10000 (custom)
2019-07-13 14:36:24,975 INFO  server.RaftServerConfigKeys (ConfUtils.java:logGet(43)) - raft.server.retrycache.expirytime = 600000ms (custom)
2019-07-13 14:36:24,975 INFO  impl.RaftServerImpl (RaftServerImpl.java:start(180)) - f79ba558-4292-4dc1-b3d5-8da44f5a5abd: start group-67D99601F85D
2019-07-13 14:36:24,975 INFO  impl.RaftServerImpl (RaftServerImpl.java:setRole(171)) - f79ba558-4292-4dc1-b3d5-8da44f5a5abd:group-67D99601F85D changes role from null to FOLLOWER at term 0 for startAsFollower
2019-07-13 14:36:24,975 INFO  impl.RoleInfo (RoleInfo.java:updateAndGet(143)) - f79ba558-4292-4dc1-b3d5-8da44f5a5abd: start FollowerState
2019-07-13 14:36:24,976 INFO  util.JmxRegister (JmxRegister.java:tryRegister(44)) - Successfully registered JMX Bean with object name Ratis:service=RaftServer,group=group-67D99601F85D,id=f79ba558-4292-4dc1-b3d5-8da44f5a5abd
2019-07-13 14:36:24,978 INFO  pipeline.PipelineStateManager (PipelineStateManager.java:addPipeline(56)) - Created pipeline Pipeline[ Id: 923a1b8b-670b-4cb2-8eae-67d99601f85d, Nodes: f79ba558-4292-4dc1-b3d5-8da44f5a5abd{ip: 192.168.5.172, host: trunk-nightly-mhs6z-4061744966, networkLocation: /default-rack, certSerialId: null}, Type:RATIS, Factor:ONE, State:OPEN]
2019-07-13 14:36:24,987 INFO  impl.RaftServerProxy (RaftServerProxy.java:addNew(89)) - f79ba558-4292-4dc1-b3d5-8da44f5a5abd: addNew group-0EB5E2D32C26:[0f318484-2ab1-4752-ba62-81186709e0fe:192.168.5.172:33659, f79ba558-4292-4dc1-b3d5-8da44f5a5abd:192.168.5.172:34074, 0a0196db-4d8a-4223-bbeb-7707b5e8693c:192.168.5.172:38284] returns group-0EB5E2D32C26:java.util.concurrent.CompletableFuture@5d328a39[Not completed]
2019-07-13 14:36:24,990 INFO  impl.RaftServerImpl (RaftServerImpl.java:<init>(93)) - f79ba558-4292-4dc1-b3d5-8da44f5a5abd: new RaftServerImpl for group-0EB5E2D32C26:[0f318484-2ab1-4752-ba62-81186709e0fe:192.168.5.172:33659, f79ba558-4292-4dc1-b3d5-8da44f5a5abd:192.168.5.172:34074, 0a0196db-4d8a-4223-bbeb-7707b5e8693c:192.168.5.172:38284] with ContainerStateMachine:uninitialized
2019-07-13 14:36:24,991 INFO  impl.RaftServerProxy (RaftServerProxy.java:addNew(89)) - 0a0196db-4d8a-4223-bbeb-7707b5e8693c: addNew group-0EB5E2D32C26:[0f318484-2ab1-4752-ba62-81186709e0fe:192.168.5.172:33659, f79ba558-4292-4dc1-b3d5-8da44f5a5abd:192.168.5.172:34074, 0a0196db-4d8a-4223-bbeb-7707b5e8693c:192.168.5.172:38284] returns group-0EB5E2D32C26:java.util.concurrent.CompletableFuture@7490d5b3[Not completed]
2019-07-13 14:36:24,987 INFO  impl.RaftServerProxy (RaftServerProxy.java:addNew(89)) - 0f318484-2ab1-4752-ba62-81186709e0fe: addNew group-0EB5E2D32C26:[0f318484-2ab1-4752-ba62-81186709e0fe:192.168.5.172:33659, f79ba558-4292-4dc1-b3d5-8da44f5a5abd:192.168.5.172:34074, 0a0196db-4d8a-4223-bbeb-7707b5e8693c:192.168.5.172:38284] returns group-0EB5E2D32C26:java.util.concurrent.CompletableFuture@21782c58[Not completed]
2019-07-13 14:36:24,991 INFO  server.RaftServerConfigKeys (ConfUtils.java:logGet(43)) - raft.server.rpc.timeout.min = 5s (custom)
2019-07-13 14:36:24,991 INFO  server.RaftServerConfigKeys (ConfUtils.java:logGet(43)) - raft.server.rpc.timeout.max = 5200ms (custom)
2019-07-13 14:36:24,991 INFO  impl.RaftServerImpl (RaftServerImpl.java:<init>(93)) - 0f318484-2ab1-4752-ba62-81186709e0fe: new RaftServerImpl for group-0EB5E2D32C26:[0f318484-2ab1-4752-ba62-81186709e0fe:192.168.5.172:33659, f79ba558-4292-4dc1-b3d5-8da44f5a5abd:192.168.5.172:34074, 0a0196db-4d8a-4223-bbeb-7707b5e8693c:192.168.5.172:38284] with ContainerStateMachine:uninitialized
2019-07-13 14:36:24,991 INFO  server.RaftServerConfigKeys (ConfUtils.java:logGet(43)) - raft.server.rpcslowness.timeout = 120s (custom)
2019-07-13 14:36:24,992 INFO  server.RaftServerConfigKeys (ConfUtils.java:logGet(43)) - raft.server.rpc.timeout.min = 5s (custom)
2019-07-13 14:36:24,992 INFO  impl.RaftServerImpl (RaftServerImpl.java:<init>(93)) - 0a0196db-4d8a-4223-bbeb-7707b5e8693c: new RaftServerImpl for group-0EB5E2D32C26:[0f318484-2ab1-4752-ba62-81186709e0fe:192.168.5.172:33659, f79ba558-4292-4dc1-b3d5-8da44f5a5abd:192.168.5.172:34074, 0a0196db-4d8a-4223-bbeb-7707b5e8693c:192.168.5.172:38284] with ContainerStateMachine:uninitialized
2019-07-13 14:36:24,992 INFO  server.RaftServerConfigKeys (ConfUtils.java:logGet(43)) - raft.server.sleep.deviation.threshold = 300 (default)
2019-07-13 14:36:24,992 INFO  server.RaftServerConfigKeys (ConfUtils.java:logGet(43)) - raft.server.rpc.timeout.min = 5s (custom)
2019-07-13 14:36:24,992 INFO  server.RaftServerConfigKeys (ConfUtils.java:logGet(43)) - raft.server.rpc.timeout.max = 5200ms (custom)
2019-07-13 14:36:24,992 INFO  server.RaftServerConfigKeys (ConfUtils.java:logGet(43)) - raft.server.rpc.timeout.max = 5200ms (custom)
2019-07-13 14:36:24,992 INFO  server.RaftServerConfigKeys (ConfUtils.java:logGet(43)) - raft.server.log.appender.install.snapshot.enabled = false (custom)
2019-07-13 14:36:24,993 INFO  server.RaftServerConfigKeys (ConfUtils.java:logGet(43)) - raft.server.rpcslowness.timeout = 120s (custom)
2019-07-13 14:36:24,993 INFO  server.RaftServerConfigKeys (ConfUtils.java:logGet(43)) - raft.server.rpcslowness.timeout = 120s (custom)
2019-07-13 14:36:24,993 INFO  server.RaftServerConfigKeys (ConfUtils.java:logGet(43)) - raft.server.sleep.deviation.threshold = 300 (default)
2019-07-13 14:36:24,993 INFO  impl.RaftServerImpl (ServerState.java:<init>(105)) - f79ba558-4292-4dc1-b3d5-8da44f5a5abd:group-0EB5E2D32C26 ConfigurationManager, init=-1: [0f318484-2ab1-4752-ba62-81186709e0fe:192.168.5.172:33659, f79ba558-4292-4dc1-b3d5-8da44f5a5abd:192.168.5.172:34074, 0a0196db-4d8a-4223-bbeb-7707b5e8693c:192.168.5.172:38284], old=null, confs=<EMPTY_MAP>
2019-07-13 14:36:24,993 INFO  server.RaftServerConfigKeys (ConfUtils.java:logGet(43)) - raft.server.log.appender.install.snapshot.enabled = false (custom)
2019-07-13 14:36:24,993 INFO  server.RaftServerConfigKeys (ConfUtils.java:logGet(43)) - raft.server.sleep.deviation.threshold = 300 (default)
2019-07-13 14:36:24,993 INFO  impl.RaftServerImpl (ServerState.java:<init>(105)) - 0a0196db-4d8a-4223-bbeb-7707b5e8693c:group-0EB5E2D32C26 ConfigurationManager, init=-1: [0f318484-2ab1-4752-ba62-81186709e0fe:192.168.5.172:33659, f79ba558-4292-4dc1-b3d5-8da44f5a5abd:192.168.5.172:34074, 0a0196db-4d8a-4223-bbeb-7707b5e8693c:192.168.5.172:38284], old=null, confs=<EMPTY_MAP>
2019-07-13 14:36:24,993 INFO  server.RaftServerConfigKeys (ConfUtils.java:logGet(43)) - raft.server.storage.dir = [/tmp/workdir/hadoop-ozone/integration-test/target/test-dir/MiniOzoneClusterImpl-b97ae15e-6d50-4c11-8b93-1c38e9c31ea1/datanode-2/data/ratis] (custom)
2019-07-13 14:36:24,994 INFO  server.RaftServerConfigKeys (ConfUtils.java:logGet(43)) - raft.server.storage.dir = [/tmp/workdir/hadoop-ozone/integration-test/target/test-dir/MiniOzoneClusterImpl-b97ae15e-6d50-4c11-8b93-1c38e9c31ea1/datanode-0/data/ratis] (custom)
2019-07-13 14:36:24,994 INFO  server.RaftServerConfigKeys (ConfUtils.java:logGet(43)) - raft.server.log.appender.install.snapshot.enabled = false (custom)
2019-07-13 14:36:24,994 INFO  storage.RaftStorageDirectory (RaftStorageDirectory.java:analyzeStorage(246)) - The storage directory /tmp/workdir/hadoop-ozone/integration-test/target/test-dir/MiniOzoneClusterImpl-b97ae15e-6d50-4c11-8b93-1c38e9c31ea1/datanode-2/data/ratis/f9cf877f-7069-4db2-a5fb-0eb5e2d32c26 does not exist. Creating ...
2019-07-13 14:36:24,994 INFO  storage.RaftStorageDirectory (RaftStorageDirectory.java:analyzeStorage(246)) - The storage directory /tmp/workdir/hadoop-ozone/integration-test/target/test-dir/MiniOzoneClusterImpl-b97ae15e-6d50-4c11-8b93-1c38e9c31ea1/datanode-0/data/ratis/f9cf877f-7069-4db2-a5fb-0eb5e2d32c26 does not exist. Creating ...
2019-07-13 14:36:24,994 INFO  impl.RaftServerImpl (ServerState.java:<init>(105)) - 0f318484-2ab1-4752-ba62-81186709e0fe:group-0EB5E2D32C26 ConfigurationManager, init=-1: [0f318484-2ab1-4752-ba62-81186709e0fe:192.168.5.172:33659, f79ba558-4292-4dc1-b3d5-8da44f5a5abd:192.168.5.172:34074, 0a0196db-4d8a-4223-bbeb-7707b5e8693c:192.168.5.172:38284], old=null, confs=<EMPTY_MAP>
2019-07-13 14:36:24,995 INFO  server.RaftServerConfigKeys (ConfUtils.java:logGet(43)) - raft.server.storage.dir = [/tmp/workdir/hadoop-ozone/integration-test/target/test-dir/MiniOzoneClusterImpl-b97ae15e-6d50-4c11-8b93-1c38e9c31ea1/datanode-1/data/ratis] (custom)
2019-07-13 14:36:24,995 INFO  storage.RaftStorageDirectory (RaftStorageDirectory.java:analyzeStorage(246)) - The storage directory /tmp/workdir/hadoop-ozone/integration-test/target/test-dir/MiniOzoneClusterImpl-b97ae15e-6d50-4c11-8b93-1c38e9c31ea1/datanode-1/data/ratis/f9cf877f-7069-4db2-a5fb-0eb5e2d32c26 does not exist. Creating ...
2019-07-13 14:36:24,998 INFO  storage.RaftStorageDirectory (RaftStorageDirectory.java:tryLock(328)) - Lock on /tmp/workdir/hadoop-ozone/integration-test/target/test-dir/MiniOzoneClusterImpl-b97ae15e-6d50-4c11-8b93-1c38e9c31ea1/datanode-2/data/ratis/f9cf877f-7069-4db2-a5fb-0eb5e2d32c26/in_use.lock acquired by nodename 31544@trunk-nightly-mhs6z-4061744966
2019-07-13 14:36:24,998 INFO  storage.RaftStorageDirectory (RaftStorageDirectory.java:tryLock(328)) - Lock on /tmp/workdir/hadoop-ozone/integration-test/target/test-dir/MiniOzoneClusterImpl-b97ae15e-6d50-4c11-8b93-1c38e9c31ea1/datanode-1/data/ratis/f9cf877f-7069-4db2-a5fb-0eb5e2d32c26/in_use.lock acquired by nodename 31544@trunk-nightly-mhs6z-4061744966
2019-07-13 14:36:24,998 INFO  storage.RaftStorageDirectory (RaftStorageDirectory.java:tryLock(328)) - Lock on /tmp/workdir/hadoop-ozone/integration-test/target/test-dir/MiniOzoneClusterImpl-b97ae15e-6d50-4c11-8b93-1c38e9c31ea1/datanode-0/data/ratis/f9cf877f-7069-4db2-a5fb-0eb5e2d32c26/in_use.lock acquired by nodename 31544@trunk-nightly-mhs6z-4061744966
2019-07-13 14:36:25,004 INFO  storage.RaftStorage (RaftStorage.java:format(72)) - Storage directory /tmp/workdir/hadoop-ozone/integration-test/target/test-dir/MiniOzoneClusterImpl-b97ae15e-6d50-4c11-8b93-1c38e9c31ea1/datanode-0/data/ratis/f9cf877f-7069-4db2-a5fb-0eb5e2d32c26 has been successfully formatted.
2019-07-13 14:36:25,004 INFO  storage.RaftStorage (RaftStorage.java:format(72)) - Storage directory /tmp/workdir/hadoop-ozone/integration-test/target/test-dir/MiniOzoneClusterImpl-b97ae15e-6d50-4c11-8b93-1c38e9c31ea1/datanode-1/data/ratis/f9cf877f-7069-4db2-a5fb-0eb5e2d32c26 has been successfully formatted.
2019-07-13 14:36:25,004 INFO  storage.RaftStorage (RaftStorage.java:format(72)) - Storage directory /tmp/workdir/hadoop-ozone/integration-test/target/test-dir/MiniOzoneClusterImpl-b97ae15e-6d50-4c11-8b93-1c38e9c31ea1/datanode-2/data/ratis/f9cf877f-7069-4db2-a5fb-0eb5e2d32c26 has been successfully formatted.
2019-07-13 14:36:25,004 INFO  ratis.ContainerStateMachine (ContainerStateMachine.java:loadSnapshot(200)) - The snapshot info is null.Setting the last applied index to:(t:0, i:~)
2019-07-13 14:36:25,004 INFO  ratis.ContainerStateMachine (ContainerStateMachine.java:loadSnapshot(200)) - The snapshot info is null.Setting the last applied index to:(t:0, i:~)
2019-07-13 14:36:25,004 INFO  server.RaftServerConfigKeys (ConfUtils.java:logGet(43)) - raft.server.leader.election.timeout = 120s (custom)
2019-07-13 14:36:25,004 INFO  ratis.ContainerStateMachine (ContainerStateMachine.java:loadSnapshot(200)) - The snapshot info is null.Setting the last applied index to:(t:0, i:~)
2019-07-13 14:36:25,005 INFO  server.RaftServerConfigKeys (ConfUtils.java:logGet(43)) - raft.server.log.use.memory = false (default)
2019-07-13 14:36:25,005 INFO  server.RaftServerConfigKeys (ConfUtils.java:logGet(43)) - raft.server.leader.election.timeout = 120s (custom)
2019-07-13 14:36:25,005 INFO  server.RaftServerConfigKeys (ConfUtils.java:logGet(43)) - raft.server.log.purge.gap = 1000000000 (custom)
2019-07-13 14:36:25,005 INFO  server.RaftServerConfigKeys (ConfUtils.java:logGet(43)) - raft.server.leader.election.timeout = 120s (custom)
2019-07-13 14:36:25,005 INFO  server.RaftServerConfigKeys (ConfUtils.java:logGet(43)) - raft.server.log.appender.buffer.byte-limit = 33554432 (custom)
2019-07-13 14:36:25,005 INFO  server.RaftServerConfigKeys (ConfUtils.java:logGet(43)) - raft.server.log.use.memory = false (default)
2019-07-13 14:36:25,006 INFO  server.RaftServerConfigKeys (ConfUtils.java:logGet(43)) - raft.server.log.segment.size.max = 1048576 (custom)
2019-07-13 14:36:25,005 INFO  server.RaftServerConfigKeys (ConfUtils.java:logGet(43)) - raft.server.log.use.memory = false (default)
2019-07-13 14:36:25,006 INFO  server.RaftServerConfigKeys (ConfUtils.java:logGet(43)) - raft.server.log.segment.cache.num.max = 2 (custom)
2019-07-13 14:36:25,006 INFO  server.RaftServerConfigKeys (ConfUtils.java:logGet(43)) - raft.server.log.purge.gap = 1000000000 (custom)
2019-07-13 14:36:25,006 INFO  segmented.SegmentedRaftLogWorker (SegmentedRaftLogWorker.java:<init>(172)) - new 0f318484-2ab1-4752-ba62-81186709e0fe-SegmentedRaftLogWorker:Storage Directory /tmp/workdir/hadoop-ozone/integration-test/target/test-dir/MiniOzoneClusterImpl-b97ae15e-6d50-4c11-8b93-1c38e9c31ea1/datanode-1/data/ratis/f9cf877f-7069-4db2-a5fb-0eb5e2d32c26 for RaftStorage:Storage Directory /tmp/workdir/hadoop-ozone/integration-test/target/test-dir/MiniOzoneClusterImpl-b97ae15e-6d50-4c11-8b93-1c38e9c31ea1/datanode-1/data/ratis/f9cf877f-7069-4db2-a5fb-0eb5e2d32c26
2019-07-13 14:36:25,006 INFO  server.RaftServerConfigKeys (ConfUtils.java:logGet(43)) - raft.server.log.purge.gap = 1000000000 (custom)
2019-07-13 14:36:25,006 INFO  server.RaftServerConfigKeys (ConfUtils.java:logGet(43)) - raft.server.log.queue.byte-limit = 2147483647 (custom)
2019-07-13 14:36:25,006 INFO  server.RaftServerConfigKeys (ConfUtils.java:logGet(43)) - raft.server.log.appender.buffer.byte-limit = 33554432 (custom)
2019-07-13 14:36:25,007 INFO  server.RaftServerConfigKeys (ConfUtils.java:logGet(43)) - raft.server.log.queue.element-limit = 1024 (custom)
2019-07-13 14:36:25,007 INFO  server.RaftServerConfigKeys (ConfUtils.java:logGet(43)) - raft.server.log.appender.buffer.byte-limit = 33554432 (custom)
2019-07-13 14:36:25,007 INFO  server.RaftServerConfigKeys (ConfUtils.java:logGet(43)) - raft.server.log.segment.size.max = 1048576 (custom)
2019-07-13 14:36:25,007 INFO  server.RaftServerConfigKeys (ConfUtils.java:logGet(43)) - raft.server.log.preallocated.size = 16384 (custom)
2019-07-13 14:36:25,007 INFO  server.RaftServerConfigKeys (ConfUtils.java:logGet(43)) - raft.server.log.segment.size.max = 1048576 (custom)
2019-07-13 14:36:25,007 INFO  server.RaftServerConfigKeys (ConfUtils.java:logGet(43)) - raft.server.log.write.buffer.size = 33554432 (custom)
2019-07-13 14:36:25,007 INFO  server.RaftServerConfigKeys (ConfUtils.java:logGet(43)) - raft.server.log.segment.size.max = 1048576 (custom)
2019-07-13 14:36:25,008 INFO  server.RaftServerConfigKeys (ConfUtils.java:logGet(43)) - raft.server.log.force.sync.num = 128 (default)
2019-07-13 14:36:25,008 INFO  server.RaftServerConfigKeys (ConfUtils.java:logGet(43)) - raft.server.log.segment.cache.num.max = 2 (custom)
2019-07-13 14:36:25,008 INFO  server.RaftServerConfigKeys (ConfUtils.java:logGet(43)) - raft.server.log.statemachine.data.sync = true (default)
2019-07-13 14:36:25,008 INFO  server.RaftServerConfigKeys (ConfUtils.java:logGet(43)) - raft.server.log.segment.cache.num.max = 2 (custom)
2019-07-13 14:36:25,008 INFO  server.RaftServerConfigKeys (ConfUtils.java:logGet(43)) - raft.server.log.statemachine.data.sync.timeout = 10s (default)
2019-07-13 14:36:25,008 INFO  segmented.SegmentedRaftLogWorker (SegmentedRaftLogWorker.java:<init>(172)) - new 0a0196db-4d8a-4223-bbeb-7707b5e8693c-SegmentedRaftLogWorker:Storage Directory /tmp/workdir/hadoop-ozone/integration-test/target/test-dir/MiniOzoneClusterImpl-b97ae15e-6d50-4c11-8b93-1c38e9c31ea1/datanode-0/data/ratis/f9cf877f-7069-4db2-a5fb-0eb5e2d32c26 for RaftStorage:Storage Directory /tmp/workdir/hadoop-ozone/integration-test/target/test-dir/MiniOzoneClusterImpl-b97ae15e-6d50-4c11-8b93-1c38e9c31ea1/datanode-0/data/ratis/f9cf877f-7069-4db2-a5fb-0eb5e2d32c26
2019-07-13 14:36:25,009 INFO  server.RaftServerConfigKeys (ConfUtils.java:logGet(43)) - raft.server.log.statemachine.data.sync.timeout.retry = -1 (default)
2019-07-13 14:36:25,009 INFO  segmented.SegmentedRaftLogWorker (SegmentedRaftLogWorker.java:<init>(172)) - new f79ba558-4292-4dc1-b3d5-8da44f5a5abd-SegmentedRaftLogWorker:Storage Directory /tmp/workdir/hadoop-ozone/integration-test/target/test-dir/MiniOzoneClusterImpl-b97ae15e-6d50-4c11-8b93-1c38e9c31ea1/datanode-2/data/ratis/f9cf877f-7069-4db2-a5fb-0eb5e2d32c26 for RaftStorage:Storage Directory /tmp/workdir/hadoop-ozone/integration-test/target/test-dir/MiniOzoneClusterImpl-b97ae15e-6d50-4c11-8b93-1c38e9c31ea1/datanode-2/data/ratis/f9cf877f-7069-4db2-a5fb-0eb5e2d32c26
2019-07-13 14:36:25,009 INFO  server.RaftServerConfigKeys (ConfUtils.java:logGet(43)) - raft.server.log.statemachine.data.caching.enabled = true (custom)
2019-07-13 14:36:25,009 INFO  server.RaftServerConfigKeys (ConfUtils.java:logGet(43)) - raft.server.log.queue.byte-limit = 2147483647 (custom)
2019-07-13 14:36:25,009 INFO  segmented.SegmentedRaftLogWorker (SegmentedRaftLogWorker.java:lambda$new$0(132)) - 0f318484-2ab1-4752-ba62-81186709e0fe-SegmentedRaftLogWorker:Storage Directory /tmp/workdir/hadoop-ozone/integration-test/target/test-dir/MiniOzoneClusterImpl-b97ae15e-6d50-4c11-8b93-1c38e9c31ea1/datanode-1/data/ratis/f9cf877f-7069-4db2-a5fb-0eb5e2d32c26: flushIndex: setUnconditionally 0 -> -1
2019-07-13 14:36:25,009 INFO  server.RaftServerConfigKeys (ConfUtils.java:logGet(43)) - raft.server.log.queue.byte-limit = 2147483647 (custom)
2019-07-13 14:36:25,010 INFO  server.RaftServerConfigKeys (ConfUtils.java:logGet(43)) - raft.server.log.queue.element-limit = 1024 (custom)
2019-07-13 14:36:25,010 INFO  server.RaftServerConfigKeys (ConfUtils.java:logGet(43)) - raft.server.log.queue.element-limit = 1024 (custom)
2019-07-13 14:36:25,010 INFO  server.RaftServerConfigKeys (ConfUtils.java:logGet(43)) - raft.server.log.segment.size.max = 1048576 (custom)
2019-07-13 14:36:25,010 INFO  server.RaftServerConfigKeys (ConfUtils.java:logGet(43)) - raft.server.snapshot.auto.trigger.enabled = true (custom)
2019-07-13 14:36:25,010 INFO  server.RaftServerConfigKeys (ConfUtils.java:logGet(43)) - raft.server.log.preallocated.size = 16384 (custom)
2019-07-13 14:36:25,011 INFO  server.RaftServerConfigKeys (ConfUtils.java:logGet(43)) - raft.server.log.write.buffer.size = 33554432 (custom)
2019-07-13 14:36:25,010 INFO  server.RaftServerConfigKeys (ConfUtils.java:logGet(43)) - raft.server.log.segment.size.max = 1048576 (custom)
2019-07-13 14:36:25,011 INFO  server.RaftServerConfigKeys (ConfUtils.java:logGet(43)) - raft.server.log.force.sync.num = 128 (default)
2019-07-13 14:36:25,010 INFO  server.RaftServerConfigKeys (ConfUtils.java:logGet(43)) - raft.server.snapshot.auto.trigger.threshold = 10000 (custom)
2019-07-13 14:36:25,011 INFO  server.RaftServerConfigKeys (ConfUtils.java:logGet(43)) - raft.server.log.statemachine.data.sync = true (default)
2019-07-13 14:36:25,011 INFO  server.RaftServerConfigKeys (ConfUtils.java:logGet(43)) - raft.server.log.statemachine.data.sync.timeout = 10s (default)
2019-07-13 14:36:25,011 INFO  server.RaftServerConfigKeys (ConfUtils.java:logGet(43)) - raft.server.log.preallocated.size = 16384 (custom)
2019-07-13 14:36:25,011 INFO  server.RaftServerConfigKeys (ConfUtils.java:logGet(43)) - raft.server.log.statemachine.data.sync.timeout.retry = -1 (default)
2019-07-13 14:36:25,011 INFO  server.RaftServerConfigKeys (ConfUtils.java:logGet(43)) - raft.server.retrycache.expirytime = 600000ms (custom)
2019-07-13 14:36:25,012 INFO  server.RaftServerConfigKeys (ConfUtils.java:logGet(43)) - raft.server.log.statemachine.data.caching.enabled = true (custom)
2019-07-13 14:36:25,012 INFO  server.RaftServerConfigKeys (ConfUtils.java:logGet(43)) - raft.server.log.write.buffer.size = 33554432 (custom)
2019-07-13 14:36:25,012 INFO  segmented.SegmentedRaftLogWorker (SegmentedRaftLogWorker.java:lambda$new$0(132)) - f79ba558-4292-4dc1-b3d5-8da44f5a5abd-SegmentedRaftLogWorker:Storage Directory /tmp/workdir/hadoop-ozone/integration-test/target/test-dir/MiniOzoneClusterImpl-b97ae15e-6d50-4c11-8b93-1c38e9c31ea1/datanode-2/data/ratis/f9cf877f-7069-4db2-a5fb-0eb5e2d32c26: flushIndex: setUnconditionally 0 -> -1
2019-07-13 14:36:25,012 INFO  impl.RaftServerImpl (RaftServerImpl.java:start(180)) - 0f318484-2ab1-4752-ba62-81186709e0fe: start group-0EB5E2D32C26
2019-07-13 14:36:25,013 INFO  impl.RaftServerImpl (RaftServerImpl.java:setRole(171)) - 0f318484-2ab1-4752-ba62-81186709e0fe:group-0EB5E2D32C26 changes role from null to FOLLOWER at term 0 for startAsFollower
2019-07-13 14:36:25,012 INFO  server.RaftServerConfigKeys (ConfUtils.java:logGet(43)) - raft.server.log.force.sync.num = 128 (default)
2019-07-13 14:36:25,013 INFO  impl.RoleInfo (RoleInfo.java:updateAndGet(143)) - 0f318484-2ab1-4752-ba62-81186709e0fe: start FollowerState
2019-07-13 14:36:25,013 INFO  server.RaftServerConfigKeys (ConfUtils.java:logGet(43)) - raft.server.snapshot.auto.trigger.enabled = true (custom)
2019-07-13 14:36:25,013 INFO  server.RaftServerConfigKeys (ConfUtils.java:logGet(43)) - raft.server.log.statemachine.data.sync = true (default)
2019-07-13 14:36:25,013 INFO  server.RaftServerConfigKeys (ConfUtils.java:logGet(43)) - raft.server.snapshot.auto.trigger.threshold = 10000 (custom)
2019-07-13 14:36:25,028 INFO  util.JmxRegister (JmxRegister.java:tryRegister(44)) - Successfully registered JMX Bean with object name Ratis:service=RaftServer,group=group-0EB5E2D32C26,id=0f318484-2ab1-4752-ba62-81186709e0fe
2019-07-13 14:36:25,013 INFO  server.RaftServerConfigKeys (ConfUtils.java:logGet(43)) - raft.server.log.statemachine.data.sync.timeout = 10s (default)
2019-07-13 14:36:25,028 INFO  server.RaftServerConfigKeys (ConfUtils.java:logGet(43)) - raft.server.retrycache.expirytime = 600000ms (custom)
2019-07-13 14:36:25,028 INFO  server.RaftServerConfigKeys (ConfUtils.java:logGet(43)) - raft.server.log.statemachine.data.sync.timeout.retry = -1 (default)
2019-07-13 14:36:25,028 INFO  impl.RaftServerImpl (RaftServerImpl.java:start(180)) - f79ba558-4292-4dc1-b3d5-8da44f5a5abd: start group-0EB5E2D32C26
2019-07-13 14:36:25,037 INFO  impl.RaftServerImpl (RaftServerImpl.java:setRole(171)) - f79ba558-4292-4dc1-b3d5-8da44f5a5abd:group-0EB5E2D32C26 changes role from null to FOLLOWER at term 0 for startAsFollower
2019-07-13 14:36:25,036 INFO  server.RaftServerConfigKeys (ConfUtils.java:logGet(43)) - raft.server.log.statemachine.data.caching.enabled = true (custom)
2019-07-13 14:36:25,037 INFO  impl.RoleInfo (RoleInfo.java:updateAndGet(143)) - f79ba558-4292-4dc1-b3d5-8da44f5a5abd: start FollowerState
2019-07-13 14:36:25,037 INFO  segmented.SegmentedRaftLogWorker (SegmentedRaftLogWorker.java:lambda$new$0(132)) - 0a0196db-4d8a-4223-bbeb-7707b5e8693c-SegmentedRaftLogWorker:Storage Directory /tmp/workdir/hadoop-ozone/integration-test/target/test-dir/MiniOzoneClusterImpl-b97ae15e-6d50-4c11-8b93-1c38e9c31ea1/datanode-0/data/ratis/f9cf877f-7069-4db2-a5fb-0eb5e2d32c26: flushIndex: setUnconditionally 0 -> -1
2019-07-13 14:36:25,037 INFO  util.JmxRegister (JmxRegister.java:tryRegister(44)) - Successfully registered JMX Bean with object name Ratis:service=RaftServer,group=group-0EB5E2D32C26,id=f79ba558-4292-4dc1-b3d5-8da44f5a5abd
2019-07-13 14:36:25,037 INFO  server.RaftServerConfigKeys (ConfUtils.java:logGet(43)) - raft.server.snapshot.auto.trigger.enabled = true (custom)
2019-07-13 14:36:25,038 INFO  server.RaftServerConfigKeys (ConfUtils.java:logGet(43)) - raft.server.snapshot.auto.trigger.threshold = 10000 (custom)
2019-07-13 14:36:25,038 INFO  server.RaftServerConfigKeys (ConfUtils.java:logGet(43)) - raft.server.retrycache.expirytime = 600000ms (custom)
2019-07-13 14:36:25,038 INFO  impl.RaftServerImpl (RaftServerImpl.java:start(180)) - 0a0196db-4d8a-4223-bbeb-7707b5e8693c: start group-0EB5E2D32C26
2019-07-13 14:36:25,038 INFO  impl.RaftServerImpl (RaftServerImpl.java:setRole(171)) - 0a0196db-4d8a-4223-bbeb-7707b5e8693c:group-0EB5E2D32C26 changes role from null to FOLLOWER at term 0 for startAsFollower
2019-07-13 14:36:25,038 INFO  impl.RoleInfo (RoleInfo.java:updateAndGet(143)) - 0a0196db-4d8a-4223-bbeb-7707b5e8693c: start FollowerState
2019-07-13 14:36:25,039 INFO  util.JmxRegister (JmxRegister.java:tryRegister(44)) - Successfully registered JMX Bean with object name Ratis:service=RaftServer,group=group-0EB5E2D32C26,id=0a0196db-4d8a-4223-bbeb-7707b5e8693c
2019-07-13 14:36:25,041 INFO  pipeline.PipelineStateManager (PipelineStateManager.java:addPipeline(56)) - Created pipeline Pipeline[ Id: f9cf877f-7069-4db2-a5fb-0eb5e2d32c26, Nodes: f79ba558-4292-4dc1-b3d5-8da44f5a5abd{ip: 192.168.5.172, host: trunk-nightly-mhs6z-4061744966, networkLocation: /default-rack, certSerialId: null}0a0196db-4d8a-4223-bbeb-7707b5e8693c{ip: 192.168.5.172, host: trunk-nightly-mhs6z-4061744966, networkLocation: /default-rack, certSerialId: null}0f318484-2ab1-4752-ba62-81186709e0fe{ip: 192.168.5.172, host: trunk-nightly-mhs6z-4061744966, networkLocation: /default-rack, certSerialId: null}, Type:RATIS, Factor:THREE, State:OPEN]
2019-07-13 14:36:25,126 INFO  node.SCMNodeManager (SCMNodeManager.java:register(269)) - Registered Data node : 71dca860-de59-4958-8d12-2670ada20a66{ip: 192.168.5.172, host: trunk-nightly-mhs6z-4061744966, networkLocation: /default-rack, certSerialId: null}
2019-07-13 14:36:25,133 INFO  impl.RaftServerProxy (RaftServerProxy.java:addNew(89)) - 71dca860-de59-4958-8d12-2670ada20a66: addNew group-875CC4EA8F92:[71dca860-de59-4958-8d12-2670ada20a66:192.168.5.172:33330] returns group-875CC4EA8F92:java.util.concurrent.CompletableFuture@74a2778e[Not completed]
2019-07-13 14:36:25,134 INFO  impl.RaftServerImpl (RaftServerImpl.java:<init>(93)) - 71dca860-de59-4958-8d12-2670ada20a66: new RaftServerImpl for group-875CC4EA8F92:[71dca860-de59-4958-8d12-2670ada20a66:192.168.5.172:33330] with ContainerStateMachine:uninitialized
2019-07-13 14:36:25,134 INFO  server.RaftServerConfigKeys (ConfUtils.java:logGet(43)) - raft.server.rpc.timeout.min = 5s (custom)
2019-07-13 14:36:25,134 INFO  server.RaftServerConfigKeys (ConfUtils.java:logGet(43)) - raft.server.rpc.timeout.max = 5200ms (custom)
2019-07-13 14:36:25,134 INFO  server.RaftServerConfigKeys (ConfUtils.java:logGet(43)) - raft.server.rpcslowness.timeout = 120s (custom)
2019-07-13 14:36:25,135 INFO  server.RaftServerConfigKeys (ConfUtils.java:logGet(43)) - raft.server.sleep.deviation.threshold = 300 (default)
2019-07-13 14:36:25,135 INFO  server.RaftServerConfigKeys (ConfUtils.java:logGet(43)) - raft.server.log.appender.install.snapshot.enabled = false (custom)
2019-07-13 14:36:25,135 INFO  impl.RaftServerImpl (ServerState.java:<init>(105)) - 71dca860-de59-4958-8d12-2670ada20a66:group-875CC4EA8F92 ConfigurationManager, init=-1: [71dca860-de59-4958-8d12-2670ada20a66:192.168.5.172:33330], old=null, confs=<EMPTY_MAP>
2019-07-13 14:36:25,135 INFO  server.RaftServerConfigKeys (ConfUtils.java:logGet(43)) - raft.server.storage.dir = [/tmp/workdir/hadoop-ozone/integration-test/target/test-dir/MiniOzoneClusterImpl-b97ae15e-6d50-4c11-8b93-1c38e9c31ea1/datanode-3/data/ratis] (custom)
2019-07-13 14:36:25,136 INFO  storage.RaftStorageDirectory (RaftStorageDirectory.java:analyzeStorage(246)) - The storage directory /tmp/workdir/hadoop-ozone/integration-test/target/test-dir/MiniOzoneClusterImpl-b97ae15e-6d50-4c11-8b93-1c38e9c31ea1/datanode-3/data/ratis/b087447e-f1e5-446e-8811-875cc4ea8f92 does not exist. Creating ...
2019-07-13 14:36:25,150 INFO  storage.RaftStorageDirectory (RaftStorageDirectory.java:tryLock(328)) - Lock on /tmp/workdir/hadoop-ozone/integration-test/target/test-dir/MiniOzoneClusterImpl-b97ae15e-6d50-4c11-8b93-1c38e9c31ea1/datanode-3/data/ratis/b087447e-f1e5-446e-8811-875cc4ea8f92/in_use.lock acquired by nodename 31544@trunk-nightly-mhs6z-4061744966
2019-07-13 14:36:25,160 INFO  storage.RaftStorage (RaftStorage.java:format(72)) - Storage directory /tmp/workdir/hadoop-ozone/integration-test/target/test-dir/MiniOzoneClusterImpl-b97ae15e-6d50-4c11-8b93-1c38e9c31ea1/datanode-3/data/ratis/b087447e-f1e5-446e-8811-875cc4ea8f92 has been successfully formatted.
2019-07-13 14:36:25,161 INFO  ratis.ContainerStateMachine (ContainerStateMachine.java:loadSnapshot(200)) - The snapshot info is null.Setting the last applied index to:(t:0, i:~)
2019-07-13 14:36:25,161 INFO  server.RaftServerConfigKeys (ConfUtils.java:logGet(43)) - raft.server.leader.election.timeout = 120s (custom)
2019-07-13 14:36:25,161 INFO  server.RaftServerConfigKeys (ConfUtils.java:logGet(43)) - raft.server.log.use.memory = false (default)
2019-07-13 14:36:25,161 INFO  server.RaftServerConfigKeys (ConfUtils.java:logGet(43)) - raft.server.log.purge.gap = 1000000000 (custom)
2019-07-13 14:36:25,161 INFO  server.RaftServerConfigKeys (ConfUtils.java:logGet(43)) - raft.server.log.appender.buffer.byte-limit = 33554432 (custom)
2019-07-13 14:36:25,162 INFO  server.RaftServerConfigKeys (ConfUtils.java:logGet(43)) - raft.server.log.segment.size.max = 1048576 (custom)
2019-07-13 14:36:25,162 INFO  server.RaftServerConfigKeys (ConfUtils.java:logGet(43)) - raft.server.log.segment.cache.num.max = 2 (custom)
2019-07-13 14:36:25,162 INFO  segmented.SegmentedRaftLogWorker (SegmentedRaftLogWorker.java:<init>(172)) - new 71dca860-de59-4958-8d12-2670ada20a66-SegmentedRaftLogWorker:Storage Directory /tmp/workdir/hadoop-ozone/integration-test/target/test-dir/MiniOzoneClusterImpl-b97ae15e-6d50-4c11-8b93-1c38e9c31ea1/datanode-3/data/ratis/b087447e-f1e5-446e-8811-875cc4ea8f92 for RaftStorage:Storage Directory /tmp/workdir/hadoop-ozone/integration-test/target/test-dir/MiniOzoneClusterImpl-b97ae15e-6d50-4c11-8b93-1c38e9c31ea1/datanode-3/data/ratis/b087447e-f1e5-446e-8811-875cc4ea8f92
2019-07-13 14:36:25,162 INFO  server.RaftServerConfigKeys (ConfUtils.java:logGet(43)) - raft.server.log.queue.byte-limit = 2147483647 (custom)
2019-07-13 14:36:25,162 INFO  server.RaftServerConfigKeys (ConfUtils.java:logGet(43)) - raft.server.log.queue.element-limit = 1024 (custom)
2019-07-13 14:36:25,162 INFO  server.RaftServerConfigKeys (ConfUtils.java:logGet(43)) - raft.server.log.segment.size.max = 1048576 (custom)
2019-07-13 14:36:25,163 INFO  server.RaftServerConfigKeys (ConfUtils.java:logGet(43)) - raft.server.log.preallocated.size = 16384 (custom)
2019-07-13 14:36:25,163 INFO  server.RaftServerConfigKeys (ConfUtils.java:logGet(43)) - raft.server.log.write.buffer.size = 33554432 (custom)
2019-07-13 14:36:25,163 INFO  server.RaftServerConfigKeys (ConfUtils.java:logGet(43)) - raft.server.log.force.sync.num = 128 (default)
2019-07-13 14:36:25,163 INFO  server.RaftServerConfigKeys (ConfUtils.java:logGet(43)) - raft.server.log.statemachine.data.sync = true (default)
2019-07-13 14:36:25,163 INFO  server.RaftServerConfigKeys (ConfUtils.java:logGet(43)) - raft.server.log.statemachine.data.sync.timeout = 10s (default)
2019-07-13 14:36:25,163 INFO  server.RaftServerConfigKeys (ConfUtils.java:logGet(43)) - raft.server.log.statemachine.data.sync.timeout.retry = -1 (default)
2019-07-13 14:36:25,164 INFO  server.RaftServerConfigKeys (ConfUtils.java:logGet(43)) - raft.server.log.statemachine.data.caching.enabled = true (custom)
2019-07-13 14:36:25,164 INFO  segmented.SegmentedRaftLogWorker (SegmentedRaftLogWorker.java:lambda$new$0(132)) - 71dca860-de59-4958-8d12-2670ada20a66-SegmentedRaftLogWorker:Storage Directory /tmp/workdir/hadoop-ozone/integration-test/target/test-dir/MiniOzoneClusterImpl-b97ae15e-6d50-4c11-8b93-1c38e9c31ea1/datanode-3/data/ratis/b087447e-f1e5-446e-8811-875cc4ea8f92: flushIndex: setUnconditionally 0 -> -1
2019-07-13 14:36:25,164 INFO  server.RaftServerConfigKeys (ConfUtils.java:logGet(43)) - raft.server.snapshot.auto.trigger.enabled = true (custom)
2019-07-13 14:36:25,165 INFO  server.RaftServerConfigKeys (ConfUtils.java:logGet(43)) - raft.server.snapshot.auto.trigger.threshold = 10000 (custom)
2019-07-13 14:36:25,165 INFO  server.RaftServerConfigKeys (ConfUtils.java:logGet(43)) - raft.server.retrycache.expirytime = 600000ms (custom)
2019-07-13 14:36:25,165 INFO  impl.RaftServerImpl (RaftServerImpl.java:start(180)) - 71dca860-de59-4958-8d12-2670ada20a66: start group-875CC4EA8F92
2019-07-13 14:36:25,165 INFO  impl.RaftServerImpl (RaftServerImpl.java:setRole(171)) - 71dca860-de59-4958-8d12-2670ada20a66:group-875CC4EA8F92 changes role from null to FOLLOWER at term 0 for startAsFollower
2019-07-13 14:36:25,165 INFO  impl.RoleInfo (RoleInfo.java:updateAndGet(143)) - 71dca860-de59-4958-8d12-2670ada20a66: start FollowerState
2019-07-13 14:36:25,166 INFO  util.JmxRegister (JmxRegister.java:tryRegister(44)) - Successfully registered JMX Bean with object name Ratis:service=RaftServer,group=group-875CC4EA8F92,id=71dca860-de59-4958-8d12-2670ada20a66
2019-07-13 14:36:25,168 INFO  pipeline.PipelineStateManager (PipelineStateManager.java:addPipeline(56)) - Created pipeline Pipeline[ Id: b087447e-f1e5-446e-8811-875cc4ea8f92, Nodes: 71dca860-de59-4958-8d12-2670ada20a66{ip: 192.168.5.172, host: trunk-nightly-mhs6z-4061744966, networkLocation: /default-rack, certSerialId: null}, Type:RATIS, Factor:ONE, State:OPEN]
2019-07-13 14:36:25,283 INFO  node.SCMNodeManager (SCMNodeManager.java:register(269)) - Registered Data node : d3691bba-61f5-467c-b757-f5857d6c6cfd{ip: 192.168.5.172, host: trunk-nightly-mhs6z-4061744966, networkLocation: /default-rack, certSerialId: null}
2019-07-13 14:36:25,289 INFO  impl.RaftServerProxy (RaftServerProxy.java:addNew(89)) - d3691bba-61f5-467c-b757-f5857d6c6cfd: addNew group-377B4F2683A3:[d3691bba-61f5-467c-b757-f5857d6c6cfd:192.168.5.172:46597] returns group-377B4F2683A3:java.util.concurrent.CompletableFuture@3c58d4dd[Not completed]
2019-07-13 14:36:25,290 INFO  impl.RaftServerImpl (RaftServerImpl.java:<init>(93)) - d3691bba-61f5-467c-b757-f5857d6c6cfd: new RaftServerImpl for group-377B4F2683A3:[d3691bba-61f5-467c-b757-f5857d6c6cfd:192.168.5.172:46597] with ContainerStateMachine:uninitialized
2019-07-13 14:36:25,290 INFO  server.RaftServerConfigKeys (ConfUtils.java:logGet(43)) - raft.server.rpc.timeout.min = 5s (custom)
2019-07-13 14:36:25,291 INFO  server.RaftServerConfigKeys (ConfUtils.java:logGet(43)) - raft.server.rpc.timeout.max = 5200ms (custom)
2019-07-13 14:36:25,291 INFO  server.RaftServerConfigKeys (ConfUtils.java:logGet(43)) - raft.server.rpcslowness.timeout = 120s (custom)
2019-07-13 14:36:25,291 INFO  server.RaftServerConfigKeys (ConfUtils.java:logGet(43)) - raft.server.sleep.deviation.threshold = 300 (default)
2019-07-13 14:36:25,291 INFO  server.RaftServerConfigKeys (ConfUtils.java:logGet(43)) - raft.server.log.appender.install.snapshot.enabled = false (custom)
2019-07-13 14:36:25,291 INFO  impl.RaftServerImpl (ServerState.java:<init>(105)) - d3691bba-61f5-467c-b757-f5857d6c6cfd:group-377B4F2683A3 ConfigurationManager, init=-1: [d3691bba-61f5-467c-b757-f5857d6c6cfd:192.168.5.172:46597], old=null, confs=<EMPTY_MAP>
2019-07-13 14:36:25,291 INFO  server.RaftServerConfigKeys (ConfUtils.java:logGet(43)) - raft.server.storage.dir = [/tmp/workdir/hadoop-ozone/integration-test/target/test-dir/MiniOzoneClusterImpl-b97ae15e-6d50-4c11-8b93-1c38e9c31ea1/datanode-4/data/ratis] (custom)
2019-07-13 14:36:25,292 INFO  storage.RaftStorageDirectory (RaftStorageDirectory.java:analyzeStorage(246)) - The storage directory /tmp/workdir/hadoop-ozone/integration-test/target/test-dir/MiniOzoneClusterImpl-b97ae15e-6d50-4c11-8b93-1c38e9c31ea1/datanode-4/data/ratis/cec51087-ce58-4ec8-af18-377b4f2683a3 does not exist. Creating ...
2019-07-13 14:36:25,296 INFO  storage.RaftStorageDirectory (RaftStorageDirectory.java:tryLock(328)) - Lock on /tmp/workdir/hadoop-ozone/integration-test/target/test-dir/MiniOzoneClusterImpl-b97ae15e-6d50-4c11-8b93-1c38e9c31ea1/datanode-4/data/ratis/cec51087-ce58-4ec8-af18-377b4f2683a3/in_use.lock acquired by nodename 31544@trunk-nightly-mhs6z-4061744966
2019-07-13 14:36:25,299 INFO  storage.RaftStorage (RaftStorage.java:format(72)) - Storage directory /tmp/workdir/hadoop-ozone/integration-test/target/test-dir/MiniOzoneClusterImpl-b97ae15e-6d50-4c11-8b93-1c38e9c31ea1/datanode-4/data/ratis/cec51087-ce58-4ec8-af18-377b4f2683a3 has been successfully formatted.
2019-07-13 14:36:25,300 INFO  ratis.ContainerStateMachine (ContainerStateMachine.java:loadSnapshot(200)) - The snapshot info is null.Setting the last applied index to:(t:0, i:~)
2019-07-13 14:36:25,300 INFO  server.RaftServerConfigKeys (ConfUtils.java:logGet(43)) - raft.server.leader.election.timeout = 120s (custom)
2019-07-13 14:36:25,300 INFO  server.RaftServerConfigKeys (ConfUtils.java:logGet(43)) - raft.server.log.use.memory = false (default)
2019-07-13 14:36:25,300 INFO  server.RaftServerConfigKeys (ConfUtils.java:logGet(43)) - raft.server.log.purge.gap = 1000000000 (custom)
2019-07-13 14:36:25,300 INFO  server.RaftServerConfigKeys (ConfUtils.java:logGet(43)) - raft.server.log.appender.buffer.byte-limit = 33554432 (custom)
2019-07-13 14:36:25,300 INFO  server.RaftServerConfigKeys (ConfUtils.java:logGet(43)) - raft.server.log.segment.size.max = 1048576 (custom)
2019-07-13 14:36:25,301 INFO  server.RaftServerConfigKeys (ConfUtils.java:logGet(43)) - raft.server.log.segment.cache.num.max = 2 (custom)
2019-07-13 14:36:25,301 INFO  segmented.SegmentedRaftLogWorker (SegmentedRaftLogWorker.java:<init>(172)) - new d3691bba-61f5-467c-b757-f5857d6c6cfd-SegmentedRaftLogWorker:Storage Directory /tmp/workdir/hadoop-ozone/integration-test/target/test-dir/MiniOzoneClusterImpl-b97ae15e-6d50-4c11-8b93-1c38e9c31ea1/datanode-4/data/ratis/cec51087-ce58-4ec8-af18-377b4f2683a3 for RaftStorage:Storage Directory /tmp/workdir/hadoop-ozone/integration-test/target/test-dir/MiniOzoneClusterImpl-b97ae15e-6d50-4c11-8b93-1c38e9c31ea1/datanode-4/data/ratis/cec51087-ce58-4ec8-af18-377b4f2683a3
2019-07-13 14:36:25,301 INFO  server.RaftServerConfigKeys (ConfUtils.java:logGet(43)) - raft.server.log.queue.byte-limit = 2147483647 (custom)
2019-07-13 14:36:25,301 INFO  server.RaftServerConfigKeys (ConfUtils.java:logGet(43)) - raft.server.log.queue.element-limit = 1024 (custom)
2019-07-13 14:36:25,301 INFO  server.RaftServerConfigKeys (ConfUtils.java:logGet(43)) - raft.server.log.segment.size.max = 1048576 (custom)
2019-07-13 14:36:25,301 INFO  server.RaftServerConfigKeys (ConfUtils.java:logGet(43)) - raft.server.log.preallocated.size = 16384 (custom)
2019-07-13 14:36:25,302 INFO  server.RaftServerConfigKeys (ConfUtils.java:logGet(43)) - raft.server.log.write.buffer.size = 33554432 (custom)
2019-07-13 14:36:25,302 INFO  server.RaftServerConfigKeys (ConfUtils.java:logGet(43)) - raft.server.log.force.sync.num = 128 (default)
2019-07-13 14:36:25,302 INFO  server.RaftServerConfigKeys (ConfUtils.java:logGet(43)) - raft.server.log.statemachine.data.sync = true (default)
2019-07-13 14:36:25,302 INFO  server.RaftServerConfigKeys (ConfUtils.java:logGet(43)) - raft.server.log.statemachine.data.sync.timeout = 10s (default)
2019-07-13 14:36:25,302 INFO  server.RaftServerConfigKeys (ConfUtils.java:logGet(43)) - raft.server.log.statemachine.data.sync.timeout.retry = -1 (default)
2019-07-13 14:36:25,302 INFO  server.RaftServerConfigKeys (ConfUtils.java:logGet(43)) - raft.server.log.statemachine.data.caching.enabled = true (custom)
2019-07-13 14:36:25,303 INFO  segmented.SegmentedRaftLogWorker (SegmentedRaftLogWorker.java:lambda$new$0(132)) - d3691bba-61f5-467c-b757-f5857d6c6cfd-SegmentedRaftLogWorker:Storage Directory /tmp/workdir/hadoop-ozone/integration-test/target/test-dir/MiniOzoneClusterImpl-b97ae15e-6d50-4c11-8b93-1c38e9c31ea1/datanode-4/data/ratis/cec51087-ce58-4ec8-af18-377b4f2683a3: flushIndex: setUnconditionally 0 -> -1
2019-07-13 14:36:25,303 INFO  server.RaftServerConfigKeys (ConfUtils.java:logGet(43)) - raft.server.snapshot.auto.trigger.enabled = true (custom)
2019-07-13 14:36:25,303 INFO  server.RaftServerConfigKeys (ConfUtils.java:logGet(43)) - raft.server.snapshot.auto.trigger.threshold = 10000 (custom)
2019-07-13 14:36:25,303 INFO  server.RaftServerConfigKeys (ConfUtils.java:logGet(43)) - raft.server.retrycache.expirytime = 600000ms (custom)
2019-07-13 14:36:25,304 INFO  impl.RaftServerImpl (RaftServerImpl.java:start(180)) - d3691bba-61f5-467c-b757-f5857d6c6cfd: start group-377B4F2683A3
2019-07-13 14:36:25,304 INFO  impl.RaftServerImpl (RaftServerImpl.java:setRole(171)) - d3691bba-61f5-467c-b757-f5857d6c6cfd:group-377B4F2683A3 changes role from null to FOLLOWER at term 0 for startAsFollower
2019-07-13 14:36:25,304 INFO  impl.RoleInfo (RoleInfo.java:updateAndGet(143)) - d3691bba-61f5-467c-b757-f5857d6c6cfd: start FollowerState
2019-07-13 14:36:25,304 INFO  util.JmxRegister (JmxRegister.java:tryRegister(44)) - Successfully registered JMX Bean with object name Ratis:service=RaftServer,group=group-377B4F2683A3,id=d3691bba-61f5-467c-b757-f5857d6c6cfd
2019-07-13 14:36:25,306 INFO  pipeline.PipelineStateManager (PipelineStateManager.java:addPipeline(56)) - Created pipeline Pipeline[ Id: cec51087-ce58-4ec8-af18-377b4f2683a3, Nodes: d3691bba-61f5-467c-b757-f5857d6c6cfd{ip: 192.168.5.172, host: trunk-nightly-mhs6z-4061744966, networkLocation: /default-rack, certSerialId: null}, Type:RATIS, Factor:ONE, State:OPEN]
2019-07-13 14:36:25,441 INFO  node.SCMNodeManager (SCMNodeManager.java:register(269)) - Registered Data node : 86a99646-22da-4064-ad20-4a90a4de8188{ip: 192.168.5.172, host: trunk-nightly-mhs6z-4061744966, networkLocation: /default-rack, certSerialId: null}
2019-07-13 14:36:25,450 INFO  impl.RaftServerProxy (RaftServerProxy.java:addNew(89)) - 86a99646-22da-4064-ad20-4a90a4de8188: addNew group-D354162F84ED:[86a99646-22da-4064-ad20-4a90a4de8188:192.168.5.172:35945] returns group-D354162F84ED:java.util.concurrent.CompletableFuture@7bca2d99[Not completed]
2019-07-13 14:36:25,451 INFO  impl.RaftServerImpl (RaftServerImpl.java:<init>(93)) - 86a99646-22da-4064-ad20-4a90a4de8188: new RaftServerImpl for group-D354162F84ED:[86a99646-22da-4064-ad20-4a90a4de8188:192.168.5.172:35945] with ContainerStateMachine:uninitialized
2019-07-13 14:36:25,451 INFO  server.RaftServerConfigKeys (ConfUtils.java:logGet(43)) - raft.server.rpc.timeout.min = 5s (custom)
2019-07-13 14:36:25,451 INFO  server.RaftServerConfigKeys (ConfUtils.java:logGet(43)) - raft.server.rpc.timeout.max = 5200ms (custom)
2019-07-13 14:36:25,451 INFO  server.RaftServerConfigKeys (ConfUtils.java:logGet(43)) - raft.server.rpcslowness.timeout = 120s (custom)
2019-07-13 14:36:25,451 INFO  server.RaftServerConfigKeys (ConfUtils.java:logGet(43)) - raft.server.sleep.deviation.threshold = 300 (default)
2019-07-13 14:36:25,451 INFO  server.RaftServerConfigKeys (ConfUtils.java:logGet(43)) - raft.server.log.appender.install.snapshot.enabled = false (custom)
2019-07-13 14:36:25,451 INFO  impl.RaftServerImpl (ServerState.java:<init>(105)) - 86a99646-22da-4064-ad20-4a90a4de8188:group-D354162F84ED ConfigurationManager, init=-1: [86a99646-22da-4064-ad20-4a90a4de8188:192.168.5.172:35945], old=null, confs=<EMPTY_MAP>
2019-07-13 14:36:25,452 INFO  server.RaftServerConfigKeys (ConfUtils.java:logGet(43)) - raft.server.storage.dir = [/tmp/workdir/hadoop-ozone/integration-test/target/test-dir/MiniOzoneClusterImpl-b97ae15e-6d50-4c11-8b93-1c38e9c31ea1/datanode-5/data/ratis] (custom)
2019-07-13 14:36:25,452 INFO  storage.RaftStorageDirectory (RaftStorageDirectory.java:analyzeStorage(246)) - The storage directory /tmp/workdir/hadoop-ozone/integration-test/target/test-dir/MiniOzoneClusterImpl-b97ae15e-6d50-4c11-8b93-1c38e9c31ea1/datanode-5/data/ratis/043d061e-b358-4e10-90d0-d354162f84ed does not exist. Creating ...
2019-07-13 14:36:25,457 INFO  storage.RaftStorageDirectory (RaftStorageDirectory.java:tryLock(328)) - Lock on /tmp/workdir/hadoop-ozone/integration-test/target/test-dir/MiniOzoneClusterImpl-b97ae15e-6d50-4c11-8b93-1c38e9c31ea1/datanode-5/data/ratis/043d061e-b358-4e10-90d0-d354162f84ed/in_use.lock acquired by nodename 31544@trunk-nightly-mhs6z-4061744966
2019-07-13 14:36:25,460 INFO  storage.RaftStorage (RaftStorage.java:format(72)) - Storage directory /tmp/workdir/hadoop-ozone/integration-test/target/test-dir/MiniOzoneClusterImpl-b97ae15e-6d50-4c11-8b93-1c38e9c31ea1/datanode-5/data/ratis/043d061e-b358-4e10-90d0-d354162f84ed has been successfully formatted.
2019-07-13 14:36:25,461 INFO  ratis.ContainerStateMachine (ContainerStateMachine.java:loadSnapshot(200)) - The snapshot info is null.Setting the last applied index to:(t:0, i:~)
2019-07-13 14:36:25,461 INFO  server.RaftServerConfigKeys (ConfUtils.java:logGet(43)) - raft.server.leader.election.timeout = 120s (custom)
2019-07-13 14:36:25,461 INFO  server.RaftServerConfigKeys (ConfUtils.java:logGet(43)) - raft.server.log.use.memory = false (default)
2019-07-13 14:36:25,461 INFO  server.RaftServerConfigKeys (ConfUtils.java:logGet(43)) - raft.server.log.purge.gap = 1000000000 (custom)
2019-07-13 14:36:25,461 INFO  server.RaftServerConfigKeys (ConfUtils.java:logGet(43)) - raft.server.log.appender.buffer.byte-limit = 33554432 (custom)
2019-07-13 14:36:25,461 INFO  server.RaftServerConfigKeys (ConfUtils.java:logGet(43)) - raft.server.log.segment.size.max = 1048576 (custom)
2019-07-13 14:36:25,462 INFO  server.RaftServerConfigKeys (ConfUtils.java:logGet(43)) - raft.server.log.segment.cache.num.max = 2 (custom)
2019-07-13 14:36:25,462 INFO  segmented.SegmentedRaftLogWorker (SegmentedRaftLogWorker.java:<init>(172)) - new 86a99646-22da-4064-ad20-4a90a4de8188-SegmentedRaftLogWorker:Storage Directory /tmp/workdir/hadoop-ozone/integration-test/target/test-dir/MiniOzoneClusterImpl-b97ae15e-6d50-4c11-8b93-1c38e9c31ea1/datanode-5/data/ratis/043d061e-b358-4e10-90d0-d354162f84ed for RaftStorage:Storage Directory /tmp/workdir/hadoop-ozone/integration-test/target/test-dir/MiniOzoneClusterImpl-b97ae15e-6d50-4c11-8b93-1c38e9c31ea1/datanode-5/data/ratis/043d061e-b358-4e10-90d0-d354162f84ed
2019-07-13 14:36:25,462 INFO  server.RaftServerConfigKeys (ConfUtils.java:logGet(43)) - raft.server.log.queue.byte-limit = 2147483647 (custom)
2019-07-13 14:36:25,462 INFO  server.RaftServerConfigKeys (ConfUtils.java:logGet(43)) - raft.server.log.queue.element-limit = 1024 (custom)
2019-07-13 14:36:25,462 INFO  server.RaftServerConfigKeys (ConfUtils.java:logGet(43)) - raft.server.log.segment.size.max = 1048576 (custom)
2019-07-13 14:36:25,462 INFO  server.RaftServerConfigKeys (ConfUtils.java:logGet(43)) - raft.server.log.preallocated.size = 16384 (custom)
2019-07-13 14:36:25,463 INFO  server.RaftServerConfigKeys (ConfUtils.java:logGet(43)) - raft.server.log.write.buffer.size = 33554432 (custom)
2019-07-13 14:36:25,463 INFO  server.RaftServerConfigKeys (ConfUtils.java:logGet(43)) - raft.server.log.force.sync.num = 128 (default)
2019-07-13 14:36:25,463 INFO  server.RaftServerConfigKeys (ConfUtils.java:logGet(43)) - raft.server.log.statemachine.data.sync = true (default)
2019-07-13 14:36:25,463 INFO  server.RaftServerConfigKeys (ConfUtils.java:logGet(43)) - raft.server.log.statemachine.data.sync.timeout = 10s (default)
2019-07-13 14:36:25,463 INFO  server.RaftServerConfigKeys (ConfUtils.java:logGet(43)) - raft.server.log.statemachine.data.sync.timeout.retry = -1 (default)
2019-07-13 14:36:25,464 INFO  server.RaftServerConfigKeys (ConfUtils.java:logGet(43)) - raft.server.log.statemachine.data.caching.enabled = true (custom)
2019-07-13 14:36:25,464 INFO  segmented.SegmentedRaftLogWorker (SegmentedRaftLogWorker.java:lambda$new$0(132)) - 86a99646-22da-4064-ad20-4a90a4de8188-SegmentedRaftLogWorker:Storage Directory /tmp/workdir/hadoop-ozone/integration-test/target/test-dir/MiniOzoneClusterImpl-b97ae15e-6d50-4c11-8b93-1c38e9c31ea1/datanode-5/data/ratis/043d061e-b358-4e10-90d0-d354162f84ed: flushIndex: setUnconditionally 0 -> -1
2019-07-13 14:36:25,464 INFO  server.RaftServerConfigKeys (ConfUtils.java:logGet(43)) - raft.server.snapshot.auto.trigger.enabled = true (custom)
2019-07-13 14:36:25,464 INFO  server.RaftServerConfigKeys (ConfUtils.java:logGet(43)) - raft.server.snapshot.auto.trigger.threshold = 10000 (custom)
2019-07-13 14:36:25,465 INFO  server.RaftServerConfigKeys (ConfUtils.java:logGet(43)) - raft.server.retrycache.expirytime = 600000ms (custom)
2019-07-13 14:36:25,465 INFO  impl.RaftServerImpl (RaftServerImpl.java:start(180)) - 86a99646-22da-4064-ad20-4a90a4de8188: start group-D354162F84ED
2019-07-13 14:36:25,465 INFO  impl.RaftServerImpl (RaftServerImpl.java:setRole(171)) - 86a99646-22da-4064-ad20-4a90a4de8188:group-D354162F84ED changes role from null to FOLLOWER at term 0 for startAsFollower
2019-07-13 14:36:25,465 INFO  impl.RoleInfo (RoleInfo.java:updateAndGet(143)) - 86a99646-22da-4064-ad20-4a90a4de8188: start FollowerState
2019-07-13 14:36:25,465 INFO  util.JmxRegister (JmxRegister.java:tryRegister(44)) - Successfully registered JMX Bean with object name Ratis:service=RaftServer,group=group-D354162F84ED,id=86a99646-22da-4064-ad20-4a90a4de8188
2019-07-13 14:36:25,467 INFO  pipeline.PipelineStateManager (PipelineStateManager.java:addPipeline(56)) - Created pipeline Pipeline[ Id: 043d061e-b358-4e10-90d0-d354162f84ed, Nodes: 86a99646-22da-4064-ad20-4a90a4de8188{ip: 192.168.5.172, host: trunk-nightly-mhs6z-4061744966, networkLocation: /default-rack, certSerialId: null}, Type:RATIS, Factor:ONE, State:OPEN]
2019-07-13 14:36:25,479 INFO  impl.RaftServerProxy (RaftServerProxy.java:addNew(89)) - 71dca860-de59-4958-8d12-2670ada20a66: addNew group-7486B4974268:[d3691bba-61f5-467c-b757-f5857d6c6cfd:192.168.5.172:46597, 86a99646-22da-4064-ad20-4a90a4de8188:192.168.5.172:35945, 71dca860-de59-4958-8d12-2670ada20a66:192.168.5.172:33330] returns group-7486B4974268:java.util.concurrent.CompletableFuture@209ec8e8[Not completed]
2019-07-13 14:36:25,479 INFO  impl.RaftServerProxy (RaftServerProxy.java:addNew(89)) - d3691bba-61f5-467c-b757-f5857d6c6cfd: addNew group-7486B4974268:[d3691bba-61f5-467c-b757-f5857d6c6cfd:192.168.5.172:46597, 86a99646-22da-4064-ad20-4a90a4de8188:192.168.5.172:35945, 71dca860-de59-4958-8d12-2670ada20a66:192.168.5.172:33330] returns group-7486B4974268:java.util.concurrent.CompletableFuture@5ce6f9f0[Not completed]
2019-07-13 14:36:25,479 INFO  impl.RaftServerProxy (RaftServerProxy.java:addNew(89)) - 86a99646-22da-4064-ad20-4a90a4de8188: addNew group-7486B4974268:[d3691bba-61f5-467c-b757-f5857d6c6cfd:192.168.5.172:46597, 86a99646-22da-4064-ad20-4a90a4de8188:192.168.5.172:35945, 71dca860-de59-4958-8d12-2670ada20a66:192.168.5.172:33330] returns group-7486B4974268:java.util.concurrent.CompletableFuture@546c35d5[Not completed]
2019-07-13 14:36:25,480 INFO  impl.RaftServerImpl (RaftServerImpl.java:<init>(93)) - 71dca860-de59-4958-8d12-2670ada20a66: new RaftServerImpl for group-7486B4974268:[d3691bba-61f5-467c-b757-f5857d6c6cfd:192.168.5.172:46597, 86a99646-22da-4064-ad20-4a90a4de8188:192.168.5.172:35945, 71dca860-de59-4958-8d12-2670ada20a66:192.168.5.172:33330] with ContainerStateMachine:uninitialized
2019-07-13 14:36:25,480 INFO  server.RaftServerConfigKeys (ConfUtils.java:logGet(43)) - raft.server.rpc.timeout.min = 5s (custom)
2019-07-13 14:36:25,480 INFO  server.RaftServerConfigKeys (ConfUtils.java:logGet(43)) - raft.server.rpc.timeout.max = 5200ms (custom)
2019-07-13 14:36:25,480 INFO  impl.RaftServerImpl (RaftServerImpl.java:<init>(93)) - d3691bba-61f5-467c-b757-f5857d6c6cfd: new RaftServerImpl for group-7486B4974268:[d3691bba-61f5-467c-b757-f5857d6c6cfd:192.168.5.172:46597, 86a99646-22da-4064-ad20-4a90a4de8188:192.168.5.172:35945, 71dca860-de59-4958-8d12-2670ada20a66:192.168.5.172:33330] with ContainerStateMachine:uninitialized
2019-07-13 14:36:25,480 INFO  server.RaftServerConfigKeys (ConfUtils.java:logGet(43)) - raft.server.rpcslowness.timeout = 120s (custom)
2019-07-13 14:36:25,480 INFO  server.RaftServerConfigKeys (ConfUtils.java:logGet(43)) - raft.server.rpc.timeout.min = 5s (custom)
2019-07-13 14:36:25,481 INFO  impl.RaftServerImpl (RaftServerImpl.java:<init>(93)) - 86a99646-22da-4064-ad20-4a90a4de8188: new RaftServerImpl for group-7486B4974268:[d3691bba-61f5-467c-b757-f5857d6c6cfd:192.168.5.172:46597, 86a99646-22da-4064-ad20-4a90a4de8188:192.168.5.172:35945, 71dca860-de59-4958-8d12-2670ada20a66:192.168.5.172:33330] with ContainerStateMachine:uninitialized
2019-07-13 14:36:25,481 INFO  server.RaftServerConfigKeys (ConfUtils.java:logGet(43)) - raft.server.sleep.deviation.threshold = 300 (default)
2019-07-13 14:36:25,481 INFO  server.RaftServerConfigKeys (ConfUtils.java:logGet(43)) - raft.server.rpc.timeout.min = 5s (custom)
2019-07-13 14:36:25,481 INFO  server.RaftServerConfigKeys (ConfUtils.java:logGet(43)) - raft.server.rpc.timeout.max = 5200ms (custom)
2019-07-13 14:36:25,481 INFO  server.RaftServerConfigKeys (ConfUtils.java:logGet(43)) - raft.server.rpc.timeout.max = 5200ms (custom)
2019-07-13 14:36:25,481 INFO  server.RaftServerConfigKeys (ConfUtils.java:logGet(43)) - raft.server.rpcslowness.timeout = 120s (custom)
2019-07-13 14:36:25,481 INFO  server.RaftServerConfigKeys (ConfUtils.java:logGet(43)) - raft.server.log.appender.install.snapshot.enabled = false (custom)
2019-07-13 14:36:25,482 INFO  server.RaftServerConfigKeys (ConfUtils.java:logGet(43)) - raft.server.sleep.deviation.threshold = 300 (default)
2019-07-13 14:36:25,482 INFO  server.RaftServerConfigKeys (ConfUtils.java:logGet(43)) - raft.server.log.appender.install.snapshot.enabled = false (custom)
2019-07-13 14:36:25,481 INFO  server.RaftServerConfigKeys (ConfUtils.java:logGet(43)) - raft.server.rpcslowness.timeout = 120s (custom)
2019-07-13 14:36:25,482 INFO  impl.RaftServerImpl (ServerState.java:<init>(105)) - 86a99646-22da-4064-ad20-4a90a4de8188:group-7486B4974268 ConfigurationManager, init=-1: [d3691bba-61f5-467c-b757-f5857d6c6cfd:192.168.5.172:46597, 86a99646-22da-4064-ad20-4a90a4de8188:192.168.5.172:35945, 71dca860-de59-4958-8d12-2670ada20a66:192.168.5.172:33330], old=null, confs=<EMPTY_MAP>
2019-07-13 14:36:25,482 INFO  impl.RaftServerImpl (ServerState.java:<init>(105)) - 71dca860-de59-4958-8d12-2670ada20a66:group-7486B4974268 ConfigurationManager, init=-1: [d3691bba-61f5-467c-b757-f5857d6c6cfd:192.168.5.172:46597, 86a99646-22da-4064-ad20-4a90a4de8188:192.168.5.172:35945, 71dca860-de59-4958-8d12-2670ada20a66:192.168.5.172:33330], old=null, confs=<EMPTY_MAP>
2019-07-13 14:36:25,482 INFO  server.RaftServerConfigKeys (ConfUtils.java:logGet(43)) - raft.server.storage.dir = [/tmp/workdir/hadoop-ozone/integration-test/target/test-dir/MiniOzoneClusterImpl-b97ae15e-6d50-4c11-8b93-1c38e9c31ea1/datanode-5/data/ratis] (custom)
2019-07-13 14:36:25,482 INFO  server.RaftServerConfigKeys (ConfUtils.java:logGet(43)) - raft.server.sleep.deviation.threshold = 300 (default)
2019-07-13 14:36:25,483 INFO  server.RaftServerConfigKeys (ConfUtils.java:logGet(43)) - raft.server.storage.dir = [/tmp/workdir/hadoop-ozone/integration-test/target/test-dir/MiniOzoneClusterImpl-b97ae15e-6d50-4c11-8b93-1c38e9c31ea1/datanode-3/data/ratis] (custom)
2019-07-13 14:36:25,483 INFO  storage.RaftStorageDirectory (RaftStorageDirectory.java:analyzeStorage(246)) - The storage directory /tmp/workdir/hadoop-ozone/integration-test/target/test-dir/MiniOzoneClusterImpl-b97ae15e-6d50-4c11-8b93-1c38e9c31ea1/datanode-5/data/ratis/db742c38-3bbc-4ea8-a6c6-7486b4974268 does not exist. Creating ...
2019-07-13 14:36:25,483 INFO  server.RaftServerConfigKeys (ConfUtils.java:logGet(43)) - raft.server.log.appender.install.snapshot.enabled = false (custom)
2019-07-13 14:36:25,483 INFO  storage.RaftStorageDirectory (RaftStorageDirectory.java:analyzeStorage(246)) - The storage directory /tmp/workdir/hadoop-ozone/integration-test/target/test-dir/MiniOzoneClusterImpl-b97ae15e-6d50-4c11-8b93-1c38e9c31ea1/datanode-3/data/ratis/db742c38-3bbc-4ea8-a6c6-7486b4974268 does not exist. Creating ...
2019-07-13 14:36:25,483 INFO  impl.RaftServerImpl (ServerState.java:<init>(105)) - d3691bba-61f5-467c-b757-f5857d6c6cfd:group-7486B4974268 ConfigurationManager, init=-1: [d3691bba-61f5-467c-b757-f5857d6c6cfd:192.168.5.172:46597, 86a99646-22da-4064-ad20-4a90a4de8188:192.168.5.172:35945, 71dca860-de59-4958-8d12-2670ada20a66:192.168.5.172:33330], old=null, confs=<EMPTY_MAP>
2019-07-13 14:36:25,484 INFO  server.RaftServerConfigKeys (ConfUtils.java:logGet(43)) - raft.server.storage.dir = [/tmp/workdir/hadoop-ozone/integration-test/target/test-dir/MiniOzoneClusterImpl-b97ae15e-6d50-4c11-8b93-1c38e9c31ea1/datanode-4/data/ratis] (custom)
2019-07-13 14:36:25,484 INFO  storage.RaftStorageDirectory (RaftStorageDirectory.java:analyzeStorage(246)) - The storage directory /tmp/workdir/hadoop-ozone/integration-test/target/test-dir/MiniOzoneClusterImpl-b97ae15e-6d50-4c11-8b93-1c38e9c31ea1/datanode-4/data/ratis/db742c38-3bbc-4ea8-a6c6-7486b4974268 does not exist. Creating ...
2019-07-13 14:36:25,488 INFO  storage.RaftStorageDirectory (RaftStorageDirectory.java:tryLock(328)) - Lock on /tmp/workdir/hadoop-ozone/integration-test/target/test-dir/MiniOzoneClusterImpl-b97ae15e-6d50-4c11-8b93-1c38e9c31ea1/datanode-5/data/ratis/db742c38-3bbc-4ea8-a6c6-7486b4974268/in_use.lock acquired by nodename 31544@trunk-nightly-mhs6z-4061744966
2019-07-13 14:36:25,488 INFO  storage.RaftStorageDirectory (RaftStorageDirectory.java:tryLock(328)) - Lock on /tmp/workdir/hadoop-ozone/integration-test/target/test-dir/MiniOzoneClusterImpl-b97ae15e-6d50-4c11-8b93-1c38e9c31ea1/datanode-4/data/ratis/db742c38-3bbc-4ea8-a6c6-7486b4974268/in_use.lock acquired by nodename 31544@trunk-nightly-mhs6z-4061744966
2019-07-13 14:36:25,488 INFO  storage.RaftStorageDirectory (RaftStorageDirectory.java:tryLock(328)) - Lock on /tmp/workdir/hadoop-ozone/integration-test/target/test-dir/MiniOzoneClusterImpl-b97ae15e-6d50-4c11-8b93-1c38e9c31ea1/datanode-3/data/ratis/db742c38-3bbc-4ea8-a6c6-7486b4974268/in_use.lock acquired by nodename 31544@trunk-nightly-mhs6z-4061744966
2019-07-13 14:36:25,494 INFO  storage.RaftStorage (RaftStorage.java:format(72)) - Storage directory /tmp/workdir/hadoop-ozone/integration-test/target/test-dir/MiniOzoneClusterImpl-b97ae15e-6d50-4c11-8b93-1c38e9c31ea1/datanode-4/data/ratis/db742c38-3bbc-4ea8-a6c6-7486b4974268 has been successfully formatted.
2019-07-13 14:36:25,494 INFO  storage.RaftStorage (RaftStorage.java:format(72)) - Storage directory /tmp/workdir/hadoop-ozone/integration-test/target/test-dir/MiniOzoneClusterImpl-b97ae15e-6d50-4c11-8b93-1c38e9c31ea1/datanode-5/data/ratis/db742c38-3bbc-4ea8-a6c6-7486b4974268 has been successfully formatted.
2019-07-13 14:36:25,494 INFO  storage.RaftStorage (RaftStorage.java:format(72)) - Storage directory /tmp/workdir/hadoop-ozone/integration-test/target/test-dir/MiniOzoneClusterImpl-b97ae15e-6d50-4c11-8b93-1c38e9c31ea1/datanode-3/data/ratis/db742c38-3bbc-4ea8-a6c6-7486b4974268 has been successfully formatted.
2019-07-13 14:36:25,495 INFO  ratis.ContainerStateMachine (ContainerStateMachine.java:loadSnapshot(200)) - The snapshot info is null.Setting the last applied index to:(t:0, i:~)
2019-07-13 14:36:25,495 INFO  server.RaftServerConfigKeys (ConfUtils.java:logGet(43)) - raft.server.leader.election.timeout = 120s (custom)
2019-07-13 14:36:25,495 INFO  ratis.ContainerStateMachine (ContainerStateMachine.java:loadSnapshot(200)) - The snapshot info is null.Setting the last applied index to:(t:0, i:~)
2019-07-13 14:36:25,495 INFO  server.RaftServerConfigKeys (ConfUtils.java:logGet(43)) - raft.server.log.use.memory = false (default)
2019-07-13 14:36:25,495 INFO  ratis.ContainerStateMachine (ContainerStateMachine.java:loadSnapshot(200)) - The snapshot info is null.Setting the last applied index to:(t:0, i:~)
2019-07-13 14:36:25,495 INFO  server.RaftServerConfigKeys (ConfUtils.java:logGet(43)) - raft.server.log.purge.gap = 1000000000 (custom)
2019-07-13 14:36:25,495 INFO  server.RaftServerConfigKeys (ConfUtils.java:logGet(43)) - raft.server.leader.election.timeout = 120s (custom)
2019-07-13 14:36:25,496 INFO  server.RaftServerConfigKeys (ConfUtils.java:logGet(43)) - raft.server.log.appender.buffer.byte-limit = 33554432 (custom)
2019-07-13 14:36:25,496 INFO  server.RaftServerConfigKeys (ConfUtils.java:logGet(43)) - raft.server.leader.election.timeout = 120s (custom)
2019-07-13 14:36:25,496 INFO  server.RaftServerConfigKeys (ConfUtils.java:logGet(43)) - raft.server.log.segment.size.max = 1048576 (custom)
2019-07-13 14:36:25,496 INFO  server.RaftServerConfigKeys (ConfUtils.java:logGet(43)) - raft.server.log.use.memory = false (default)
2019-07-13 14:36:25,496 INFO  server.RaftServerConfigKeys (ConfUtils.java:logGet(43)) - raft.server.log.segment.cache.num.max = 2 (custom)
2019-07-13 14:36:25,496 INFO  server.RaftServerConfigKeys (ConfUtils.java:logGet(43)) - raft.server.log.use.memory = false (default)
2019-07-13 14:36:25,497 INFO  segmented.SegmentedRaftLogWorker (SegmentedRaftLogWorker.java:<init>(172)) - new 86a99646-22da-4064-ad20-4a90a4de8188-SegmentedRaftLogWorker:Storage Directory /tmp/workdir/hadoop-ozone/integration-test/target/test-dir/MiniOzoneClusterImpl-b97ae15e-6d50-4c11-8b93-1c38e9c31ea1/datanode-5/data/ratis/db742c38-3bbc-4ea8-a6c6-7486b4974268 for RaftStorage:Storage Directory /tmp/workdir/hadoop-ozone/integration-test/target/test-dir/MiniOzoneClusterImpl-b97ae15e-6d50-4c11-8b93-1c38e9c31ea1/datanode-5/data/ratis/db742c38-3bbc-4ea8-a6c6-7486b4974268
2019-07-13 14:36:25,496 INFO  server.RaftServerConfigKeys (ConfUtils.java:logGet(43)) - raft.server.log.purge.gap = 1000000000 (custom)
2019-07-13 14:36:25,497 INFO  server.RaftServerConfigKeys (ConfUtils.java:logGet(43)) - raft.server.log.queue.byte-limit = 2147483647 (custom)
2019-07-13 14:36:25,497 INFO  server.RaftServerConfigKeys (ConfUtils.java:logGet(43)) - raft.server.log.purge.gap = 1000000000 (custom)
2019-07-13 14:36:25,497 INFO  server.RaftServerConfigKeys (ConfUtils.java:logGet(43)) - raft.server.log.queue.element-limit = 1024 (custom)
2019-07-13 14:36:25,497 INFO  server.RaftServerConfigKeys (ConfUtils.java:logGet(43)) - raft.server.log.appender.buffer.byte-limit = 33554432 (custom)
2019-07-13 14:36:25,498 INFO  server.RaftServerConfigKeys (ConfUtils.java:logGet(43)) - raft.server.log.segment.size.max = 1048576 (custom)
2019-07-13 14:36:25,497 INFO  server.RaftServerConfigKeys (ConfUtils.java:logGet(43)) - raft.server.log.appender.buffer.byte-limit = 33554432 (custom)
2019-07-13 14:36:25,498 INFO  server.RaftServerConfigKeys (ConfUtils.java:logGet(43)) - raft.server.log.preallocated.size = 16384 (custom)
2019-07-13 14:36:25,498 INFO  server.RaftServerConfigKeys (ConfUtils.java:logGet(43)) - raft.server.log.segment.size.max = 1048576 (custom)
2019-07-13 14:36:25,498 INFO  server.RaftServerConfigKeys (ConfUtils.java:logGet(43)) - raft.server.log.write.buffer.size = 33554432 (custom)
2019-07-13 14:36:25,498 INFO  server.RaftServerConfigKeys (ConfUtils.java:logGet(43)) - raft.server.log.segment.size.max = 1048576 (custom)
2019-07-13 14:36:25,498 INFO  server.RaftServerConfigKeys (ConfUtils.java:logGet(43)) - raft.server.log.force.sync.num = 128 (default)
2019-07-13 14:36:25,498 INFO  server.RaftServerConfigKeys (ConfUtils.java:logGet(43)) - raft.server.log.segment.cache.num.max = 2 (custom)
2019-07-13 14:36:25,499 INFO  server.RaftServerConfigKeys (ConfUtils.java:logGet(43)) - raft.server.log.statemachine.data.sync = true (default)
2019-07-13 14:36:25,499 INFO  server.RaftServerConfigKeys (ConfUtils.java:logGet(43)) - raft.server.log.statemachine.data.sync.timeout = 10s (default)
2019-07-13 14:36:25,499 INFO  server.RaftServerConfigKeys (ConfUtils.java:logGet(43)) - raft.server.log.segment.cache.num.max = 2 (custom)
2019-07-13 14:36:25,499 INFO  server.RaftServerConfigKeys (ConfUtils.java:logGet(43)) - raft.server.log.statemachine.data.sync.timeout.retry = -1 (default)
2019-07-13 14:36:25,499 INFO  segmented.SegmentedRaftLogWorker (SegmentedRaftLogWorker.java:<init>(172)) - new d3691bba-61f5-467c-b757-f5857d6c6cfd-SegmentedRaftLogWorker:Storage Directory /tmp/workdir/hadoop-ozone/integration-test/target/test-dir/MiniOzoneClusterImpl-b97ae15e-6d50-4c11-8b93-1c38e9c31ea1/datanode-4/data/ratis/db742c38-3bbc-4ea8-a6c6-7486b4974268 for RaftStorage:Storage Directory /tmp/workdir/hadoop-ozone/integration-test/target/test-dir/MiniOzoneClusterImpl-b97ae15e-6d50-4c11-8b93-1c38e9c31ea1/datanode-4/data/ratis/db742c38-3bbc-4ea8-a6c6-7486b4974268
2019-07-13 14:36:25,500 INFO  server.RaftServerConfigKeys (ConfUtils.java:logGet(43)) - raft.server.log.statemachine.data.caching.enabled = true (custom)
2019-07-13 14:36:25,499 INFO  segmented.SegmentedRaftLogWorker (SegmentedRaftLogWorker.java:<init>(172)) - new 71dca860-de59-4958-8d12-2670ada20a66-SegmentedRaftLogWorker:Storage Directory /tmp/workdir/hadoop-ozone/integration-test/target/test-dir/MiniOzoneClusterImpl-b97ae15e-6d50-4c11-8b93-1c38e9c31ea1/datanode-3/data/ratis/db742c38-3bbc-4ea8-a6c6-7486b4974268 for RaftStorage:Storage Directory /tmp/workdir/hadoop-ozone/integration-test/target/test-dir/MiniOzoneClusterImpl-b97ae15e-6d50-4c11-8b93-1c38e9c31ea1/datanode-3/data/ratis/db742c38-3bbc-4ea8-a6c6-7486b4974268
2019-07-13 14:36:25,500 INFO  segmented.SegmentedRaftLogWorker (SegmentedRaftLogWorker.java:lambda$new$0(132)) - 86a99646-22da-4064-ad20-4a90a4de8188-SegmentedRaftLogWorker:Storage Directory /tmp/workdir/hadoop-ozone/integration-test/target/test-dir/MiniOzoneClusterImpl-b97ae15e-6d50-4c11-8b93-1c38e9c31ea1/datanode-5/data/ratis/db742c38-3bbc-4ea8-a6c6-7486b4974268: flushIndex: setUnconditionally 0 -> -1
2019-07-13 14:36:25,500 INFO  server.RaftServerConfigKeys (ConfUtils.java:logGet(43)) - raft.server.log.queue.byte-limit = 2147483647 (custom)
2019-07-13 14:36:25,500 INFO  server.RaftServerConfigKeys (ConfUtils.java:logGet(43)) - raft.server.log.queue.byte-limit = 2147483647 (custom)
2019-07-13 14:36:25,500 INFO  server.RaftServerConfigKeys (ConfUtils.java:logGet(43)) - raft.server.snapshot.auto.trigger.enabled = true (custom)
2019-07-13 14:36:25,500 INFO  server.RaftServerConfigKeys (ConfUtils.java:logGet(43)) - raft.server.log.queue.element-limit = 1024 (custom)
2019-07-13 14:36:25,501 INFO  server.RaftServerConfigKeys (ConfUtils.java:logGet(43)) - raft.server.snapshot.auto.trigger.threshold = 10000 (custom)
2019-07-13 14:36:25,501 INFO  server.RaftServerConfigKeys (ConfUtils.java:logGet(43)) - raft.server.log.queue.element-limit = 1024 (custom)
2019-07-13 14:36:25,501 INFO  server.RaftServerConfigKeys (ConfUtils.java:logGet(43)) - raft.server.retrycache.expirytime = 600000ms (custom)
2019-07-13 14:36:25,501 INFO  server.RaftServerConfigKeys (ConfUtils.java:logGet(43)) - raft.server.log.segment.size.max = 1048576 (custom)
2019-07-13 14:36:25,501 INFO  impl.RaftServerImpl (RaftServerImpl.java:start(180)) - 86a99646-22da-4064-ad20-4a90a4de8188: start group-7486B4974268
2019-07-13 14:36:25,501 INFO  impl.RaftServerImpl (RaftServerImpl.java:setRole(171)) - 86a99646-22da-4064-ad20-4a90a4de8188:group-7486B4974268 changes role from null to FOLLOWER at term 0 for startAsFollower
2019-07-13 14:36:25,501 INFO  server.RaftServerConfigKeys (ConfUtils.java:logGet(43)) - raft.server.log.segment.size.max = 1048576 (custom)
2019-07-13 14:36:25,502 INFO  impl.RoleInfo (RoleInfo.java:updateAndGet(143)) - 86a99646-22da-4064-ad20-4a90a4de8188: start FollowerState
2019-07-13 14:36:25,501 INFO  server.RaftServerConfigKeys (ConfUtils.java:logGet(43)) - raft.server.log.preallocated.size = 16384 (custom)
2019-07-13 14:36:25,502 INFO  server.RaftServerConfigKeys (ConfUtils.java:logGet(43)) - raft.server.log.preallocated.size = 16384 (custom)
2019-07-13 14:36:25,502 INFO  util.JmxRegister (JmxRegister.java:tryRegister(44)) - Successfully registered JMX Bean with object name Ratis:service=RaftServer,group=group-7486B4974268,id=86a99646-22da-4064-ad20-4a90a4de8188
2019-07-13 14:36:25,502 INFO  server.RaftServerConfigKeys (ConfUtils.java:logGet(43)) - raft.server.log.write.buffer.size = 33554432 (custom)
2019-07-13 14:36:25,502 INFO  server.RaftServerConfigKeys (ConfUtils.java:logGet(43)) - raft.server.log.write.buffer.size = 33554432 (custom)
2019-07-13 14:36:25,502 INFO  server.RaftServerConfigKeys (ConfUtils.java:logGet(43)) - raft.server.log.force.sync.num = 128 (default)
2019-07-13 14:36:25,503 INFO  server.RaftServerConfigKeys (ConfUtils.java:logGet(43)) - raft.server.log.force.sync.num = 128 (default)
2019-07-13 14:36:25,503 INFO  server.RaftServerConfigKeys (ConfUtils.java:logGet(43)) - raft.server.log.statemachine.data.sync = true (default)
2019-07-13 14:36:25,503 INFO  server.RaftServerConfigKeys (ConfUtils.java:logGet(43)) - raft.server.log.statemachine.data.sync = true (default)
2019-07-13 14:36:25,503 INFO  server.RaftServerConfigKeys (ConfUtils.java:logGet(43)) - raft.server.log.statemachine.data.sync.timeout = 10s (default)
2019-07-13 14:36:25,503 INFO  server.RaftServerConfigKeys (ConfUtils.java:logGet(43)) - raft.server.log.statemachine.data.sync.timeout = 10s (default)
2019-07-13 14:36:25,504 INFO  server.RaftServerConfigKeys (ConfUtils.java:logGet(43)) - raft.server.log.statemachine.data.sync.timeout.retry = -1 (default)
2019-07-13 14:36:25,504 INFO  server.RaftServerConfigKeys (ConfUtils.java:logGet(43)) - raft.server.log.statemachine.data.sync.timeout.retry = -1 (default)
2019-07-13 14:36:25,504 INFO  server.RaftServerConfigKeys (ConfUtils.java:logGet(43)) - raft.server.log.statemachine.data.caching.enabled = true (custom)
2019-07-13 14:36:25,504 INFO  server.RaftServerConfigKeys (ConfUtils.java:logGet(43)) - raft.server.log.statemachine.data.caching.enabled = true (custom)
2019-07-13 14:36:25,504 INFO  segmented.SegmentedRaftLogWorker (SegmentedRaftLogWorker.java:lambda$new$0(132)) - d3691bba-61f5-467c-b757-f5857d6c6cfd-SegmentedRaftLogWorker:Storage Directory /tmp/workdir/hadoop-ozone/integration-test/target/test-dir/MiniOzoneClusterImpl-b97ae15e-6d50-4c11-8b93-1c38e9c31ea1/datanode-4/data/ratis/db742c38-3bbc-4ea8-a6c6-7486b4974268: flushIndex: setUnconditionally 0 -> -1
2019-07-13 14:36:25,505 INFO  segmented.SegmentedRaftLogWorker (SegmentedRaftLogWorker.java:lambda$new$0(132)) - 71dca860-de59-4958-8d12-2670ada20a66-SegmentedRaftLogWorker:Storage Directory /tmp/workdir/hadoop-ozone/integration-test/target/test-dir/MiniOzoneClusterImpl-b97ae15e-6d50-4c11-8b93-1c38e9c31ea1/datanode-3/data/ratis/db742c38-3bbc-4ea8-a6c6-7486b4974268: flushIndex: setUnconditionally 0 -> -1
2019-07-13 14:36:25,505 INFO  server.RaftServerConfigKeys (ConfUtils.java:logGet(43)) - raft.server.snapshot.auto.trigger.enabled = true (custom)
2019-07-13 14:36:25,505 INFO  server.RaftServerConfigKeys (ConfUtils.java:logGet(43)) - raft.server.snapshot.auto.trigger.enabled = true (custom)
2019-07-13 14:36:25,505 INFO  server.RaftServerConfigKeys (ConfUtils.java:logGet(43)) - raft.server.snapshot.auto.trigger.threshold = 10000 (custom)
2019-07-13 14:36:25,505 INFO  server.RaftServerConfigKeys (ConfUtils.java:logGet(43)) - raft.server.snapshot.auto.trigger.threshold = 10000 (custom)
2019-07-13 14:36:25,505 INFO  server.RaftServerConfigKeys (ConfUtils.java:logGet(43)) - raft.server.retrycache.expirytime = 600000ms (custom)
2019-07-13 14:36:25,505 INFO  server.RaftServerConfigKeys (ConfUtils.java:logGet(43)) - raft.server.retrycache.expirytime = 600000ms (custom)
2019-07-13 14:36:25,505 INFO  impl.RaftServerImpl (RaftServerImpl.java:start(180)) - d3691bba-61f5-467c-b757-f5857d6c6cfd: start group-7486B4974268
2019-07-13 14:36:25,506 INFO  impl.RaftServerImpl (RaftServerImpl.java:start(180)) - 71dca860-de59-4958-8d12-2670ada20a66: start group-7486B4974268
2019-07-13 14:36:25,506 INFO  impl.RaftServerImpl (RaftServerImpl.java:setRole(171)) - d3691bba-61f5-467c-b757-f5857d6c6cfd:group-7486B4974268 changes role from null to FOLLOWER at term 0 for startAsFollower
2019-07-13 14:36:25,506 INFO  impl.RaftServerImpl (RaftServerImpl.java:setRole(171)) - 71dca860-de59-4958-8d12-2670ada20a66:group-7486B4974268 changes role from null to FOLLOWER at term 0 for startAsFollower
2019-07-13 14:36:25,506 INFO  impl.RoleInfo (RoleInfo.java:updateAndGet(143)) - d3691bba-61f5-467c-b757-f5857d6c6cfd: start FollowerState
2019-07-13 14:36:25,506 INFO  impl.RoleInfo (RoleInfo.java:updateAndGet(143)) - 71dca860-de59-4958-8d12-2670ada20a66: start FollowerState
2019-07-13 14:36:25,506 INFO  util.JmxRegister (JmxRegister.java:tryRegister(44)) - Successfully registered JMX Bean with object name Ratis:service=RaftServer,group=group-7486B4974268,id=d3691bba-61f5-467c-b757-f5857d6c6cfd
2019-07-13 14:36:25,507 INFO  util.JmxRegister (JmxRegister.java:tryRegister(44)) - Successfully registered JMX Bean with object name Ratis:service=RaftServer,group=group-7486B4974268,id=71dca860-de59-4958-8d12-2670ada20a66
2019-07-13 14:36:25,509 INFO  pipeline.PipelineStateManager (PipelineStateManager.java:addPipeline(56)) - Created pipeline Pipeline[ Id: db742c38-3bbc-4ea8-a6c6-7486b4974268, Nodes: 86a99646-22da-4064-ad20-4a90a4de8188{ip: 192.168.5.172, host: trunk-nightly-mhs6z-4061744966, networkLocation: /default-rack, certSerialId: null}d3691bba-61f5-467c-b757-f5857d6c6cfd{ip: 192.168.5.172, host: trunk-nightly-mhs6z-4061744966, networkLocation: /default-rack, certSerialId: null}71dca860-de59-4958-8d12-2670ada20a66{ip: 192.168.5.172, host: trunk-nightly-mhs6z-4061744966, networkLocation: /default-rack, certSerialId: null}, Type:RATIS, Factor:THREE, State:OPEN]
2019-07-13 14:36:25,606 INFO  ozone.MiniOzoneClusterImpl (MiniOzoneClusterImpl.java:lambda$waitForClusterToBeReady$0(142)) - Cluster is ready. Got 7 of 7 DN Heartbeats.
2019-07-13 14:36:25,606 INFO  node.SCMNodeManager (SCMNodeManager.java:register(269)) - Registered Data node : f5741a41-e778-4d38-9ddd-39d7e4c09149{ip: 192.168.5.172, host: trunk-nightly-mhs6z-4061744966, networkLocation: /default-rack, certSerialId: null}
2019-07-13 14:36:25,620 INFO  impl.RaftServerProxy (RaftServerProxy.java:addNew(89)) - f5741a41-e778-4d38-9ddd-39d7e4c09149: addNew group-C879FF19D51B:[f5741a41-e778-4d38-9ddd-39d7e4c09149:192.168.5.172:45128] returns group-C879FF19D51B:java.util.concurrent.CompletableFuture@6572c112[Not completed]
2019-07-13 14:36:25,626 INFO  impl.RaftServerImpl (RaftServerImpl.java:<init>(93)) - f5741a41-e778-4d38-9ddd-39d7e4c09149: new RaftServerImpl for group-C879FF19D51B:[f5741a41-e778-4d38-9ddd-39d7e4c09149:192.168.5.172:45128] with ContainerStateMachine:uninitialized
2019-07-13 14:36:25,642 INFO  server.RaftServerConfigKeys (ConfUtils.java:logGet(43)) - raft.server.rpc.timeout.min = 5s (custom)
2019-07-13 14:36:25,642 INFO  server.RaftServerConfigKeys (ConfUtils.java:logGet(43)) - raft.server.rpc.timeout.max = 5200ms (custom)
2019-07-13 14:36:25,642 INFO  server.RaftServerConfigKeys (ConfUtils.java:logGet(43)) - raft.server.rpcslowness.timeout = 120s (custom)
2019-07-13 14:36:25,642 INFO  server.RaftServerConfigKeys (ConfUtils.java:logGet(43)) - raft.server.sleep.deviation.threshold = 300 (default)
2019-07-13 14:36:25,643 INFO  server.RaftServerConfigKeys (ConfUtils.java:logGet(43)) - raft.server.log.appender.install.snapshot.enabled = false (custom)
2019-07-13 14:36:25,647 INFO  impl.RaftServerImpl (ServerState.java:<init>(105)) - f5741a41-e778-4d38-9ddd-39d7e4c09149:group-C879FF19D51B ConfigurationManager, init=-1: [f5741a41-e778-4d38-9ddd-39d7e4c09149:192.168.5.172:45128], old=null, confs=<EMPTY_MAP>
2019-07-13 14:36:25,647 INFO  server.RaftServerConfigKeys (ConfUtils.java:logGet(43)) - raft.server.storage.dir = [/tmp/workdir/hadoop-ozone/integration-test/target/test-dir/MiniOzoneClusterImpl-b97ae15e-6d50-4c11-8b93-1c38e9c31ea1/datanode-6/data/ratis] (custom)
2019-07-13 14:36:25,648 INFO  storage.RaftStorageDirectory (RaftStorageDirectory.java:analyzeStorage(246)) - The storage directory /tmp/workdir/hadoop-ozone/integration-test/target/test-dir/MiniOzoneClusterImpl-b97ae15e-6d50-4c11-8b93-1c38e9c31ea1/datanode-6/data/ratis/cf175408-3921-4976-84d2-c879ff19d51b does not exist. Creating ...
2019-07-13 14:36:25,653 INFO  rpc.RpcClient (RpcClient.java:createVolume(287)) - Creating Volume: testblockoutputstream, with jenkins1000 as owner.
2019-07-13 14:36:25,664 INFO  storage.RaftStorageDirectory (RaftStorageDirectory.java:tryLock(328)) - Lock on /tmp/workdir/hadoop-ozone/integration-test/target/test-dir/MiniOzoneClusterImpl-b97ae15e-6d50-4c11-8b93-1c38e9c31ea1/datanode-6/data/ratis/cf175408-3921-4976-84d2-c879ff19d51b/in_use.lock acquired by nodename 31544@trunk-nightly-mhs6z-4061744966
2019-07-13 14:36:25,667 INFO  rpc.RpcClient (RpcClient.java:createBucket(424)) - Creating Bucket: testblockoutputstream/testblockoutputstream, with Versioning false and Storage Type set to DISK and Encryption set to false 
2019-07-13 14:36:25,670 INFO  storage.RaftStorage (RaftStorage.java:format(72)) - Storage directory /tmp/workdir/hadoop-ozone/integration-test/target/test-dir/MiniOzoneClusterImpl-b97ae15e-6d50-4c11-8b93-1c38e9c31ea1/datanode-6/data/ratis/cf175408-3921-4976-84d2-c879ff19d51b has been successfully formatted.
2019-07-13 14:36:25,670 INFO  ratis.ContainerStateMachine (ContainerStateMachine.java:loadSnapshot(200)) - The snapshot info is null.Setting the last applied index to:(t:0, i:~)
2019-07-13 14:36:25,671 INFO  server.RaftServerConfigKeys (ConfUtils.java:logGet(43)) - raft.server.leader.election.timeout = 120s (custom)
2019-07-13 14:36:25,671 INFO  server.RaftServerConfigKeys (ConfUtils.java:logGet(43)) - raft.server.log.use.memory = false (default)
2019-07-13 14:36:25,671 INFO  server.RaftServerConfigKeys (ConfUtils.java:logGet(43)) - raft.server.log.purge.gap = 1000000000 (custom)
2019-07-13 14:36:25,671 INFO  server.RaftServerConfigKeys (ConfUtils.java:logGet(43)) - raft.server.log.appender.buffer.byte-limit = 33554432 (custom)
2019-07-13 14:36:25,671 INFO  server.RaftServerConfigKeys (ConfUtils.java:logGet(43)) - raft.server.log.segment.size.max = 1048576 (custom)
2019-07-13 14:36:25,671 INFO  server.RaftServerConfigKeys (ConfUtils.java:logGet(43)) - raft.server.log.segment.cache.num.max = 2 (custom)
2019-07-13 14:36:25,672 INFO  segmented.SegmentedRaftLogWorker (SegmentedRaftLogWorker.java:<init>(172)) - new f5741a41-e778-4d38-9ddd-39d7e4c09149-SegmentedRaftLogWorker:Storage Directory /tmp/workdir/hadoop-ozone/integration-test/target/test-dir/MiniOzoneClusterImpl-b97ae15e-6d50-4c11-8b93-1c38e9c31ea1/datanode-6/data/ratis/cf175408-3921-4976-84d2-c879ff19d51b for RaftStorage:Storage Directory /tmp/workdir/hadoop-ozone/integration-test/target/test-dir/MiniOzoneClusterImpl-b97ae15e-6d50-4c11-8b93-1c38e9c31ea1/datanode-6/data/ratis/cf175408-3921-4976-84d2-c879ff19d51b
2019-07-13 14:36:25,672 INFO  server.RaftServerConfigKeys (ConfUtils.java:logGet(43)) - raft.server.log.queue.byte-limit = 2147483647 (custom)
2019-07-13 14:36:25,672 INFO  server.RaftServerConfigKeys (ConfUtils.java:logGet(43)) - raft.server.log.queue.element-limit = 1024 (custom)
2019-07-13 14:36:25,672 INFO  server.RaftServerConfigKeys (ConfUtils.java:logGet(43)) - raft.server.log.segment.size.max = 1048576 (custom)
2019-07-13 14:36:25,672 INFO  server.RaftServerConfigKeys (ConfUtils.java:logGet(43)) - raft.server.log.preallocated.size = 16384 (custom)
2019-07-13 14:36:25,672 INFO  server.RaftServerConfigKeys (ConfUtils.java:logGet(43)) - raft.server.log.write.buffer.size = 33554432 (custom)
2019-07-13 14:36:25,673 INFO  server.RaftServerConfigKeys (ConfUtils.java:logGet(43)) - raft.server.log.force.sync.num = 128 (default)
2019-07-13 14:36:25,673 INFO  server.RaftServerConfigKeys (ConfUtils.java:logGet(43)) - raft.server.log.statemachine.data.sync = true (default)
2019-07-13 14:36:25,673 INFO  server.RaftServerConfigKeys (ConfUtils.java:logGet(43)) - raft.server.log.statemachine.data.sync.timeout = 10s (default)
2019-07-13 14:36:25,673 INFO  server.RaftServerConfigKeys (ConfUtils.java:logGet(43)) - raft.server.log.statemachine.data.sync.timeout.retry = -1 (default)
2019-07-13 14:36:25,673 INFO  server.RaftServerConfigKeys (ConfUtils.java:logGet(43)) - raft.server.log.statemachine.data.caching.enabled = true (custom)
2019-07-13 14:36:25,674 INFO  segmented.SegmentedRaftLogWorker (SegmentedRaftLogWorker.java:lambda$new$0(132)) - f5741a41-e778-4d38-9ddd-39d7e4c09149-SegmentedRaftLogWorker:Storage Directory /tmp/workdir/hadoop-ozone/integration-test/target/test-dir/MiniOzoneClusterImpl-b97ae15e-6d50-4c11-8b93-1c38e9c31ea1/datanode-6/data/ratis/cf175408-3921-4976-84d2-c879ff19d51b: flushIndex: setUnconditionally 0 -> -1
2019-07-13 14:36:25,674 INFO  server.RaftServerConfigKeys (ConfUtils.java:logGet(43)) - raft.server.snapshot.auto.trigger.enabled = true (custom)
2019-07-13 14:36:25,674 INFO  server.RaftServerConfigKeys (ConfUtils.java:logGet(43)) - raft.server.snapshot.auto.trigger.threshold = 10000 (custom)
2019-07-13 14:36:25,674 INFO  server.RaftServerConfigKeys (ConfUtils.java:logGet(43)) - raft.server.retrycache.expirytime = 600000ms (custom)
2019-07-13 14:36:25,675 INFO  impl.RaftServerImpl (RaftServerImpl.java:start(180)) - f5741a41-e778-4d38-9ddd-39d7e4c09149: start group-C879FF19D51B
2019-07-13 14:36:25,675 INFO  impl.RaftServerImpl (RaftServerImpl.java:setRole(171)) - f5741a41-e778-4d38-9ddd-39d7e4c09149:group-C879FF19D51B changes role from null to FOLLOWER at term 0 for startAsFollower
2019-07-13 14:36:25,675 INFO  impl.RoleInfo (RoleInfo.java:updateAndGet(143)) - f5741a41-e778-4d38-9ddd-39d7e4c09149: start FollowerState
2019-07-13 14:36:25,675 INFO  util.JmxRegister (JmxRegister.java:tryRegister(44)) - Successfully registered JMX Bean with object name Ratis:service=RaftServer,group=group-C879FF19D51B,id=f5741a41-e778-4d38-9ddd-39d7e4c09149
2019-07-13 14:36:25,678 INFO  pipeline.PipelineStateManager (PipelineStateManager.java:addPipeline(56)) - Created pipeline Pipeline[ Id: cf175408-3921-4976-84d2-c879ff19d51b, Nodes: f5741a41-e778-4d38-9ddd-39d7e4c09149{ip: 192.168.5.172, host: trunk-nightly-mhs6z-4061744966, networkLocation: /default-rack, certSerialId: null}, Type:RATIS, Factor:ONE, State:OPEN]
2019-07-13 14:36:25,697 INFO  client.GrpcClientProtocolClient (GrpcClientProtocolClient.java:onNext(255)) - client-7633DEB64983->f79ba558-4292-4dc1-b3d5-8da44f5a5abd: receive RaftClientReply:client-7633DEB64983->f79ba558-4292-4dc1-b3d5-8da44f5a5abd@group-0EB5E2D32C26, cid=183, FAILED org.apache.ratis.protocol.NotLeaderException: Server f79ba558-4292-4dc1-b3d5-8da44f5a5abd is not the leader (null). Request must be sent to leader., logIndex=0, commits[f79ba558-4292-4dc1-b3d5-8da44f5a5abd:c-1]
2019-07-13 14:36:26,715 INFO  client.GrpcClientProtocolClient (GrpcClientProtocolClient.java:onNext(255)) - client-7633DEB64983->0a0196db-4d8a-4223-bbeb-7707b5e8693c: receive RaftClientReply:client-7633DEB64983->0a0196db-4d8a-4223-bbeb-7707b5e8693c@group-0EB5E2D32C26, cid=183, FAILED org.apache.ratis.protocol.NotLeaderException: Server 0a0196db-4d8a-4223-bbeb-7707b5e8693c is not the leader (null). Request must be sent to leader., logIndex=0, commits[0a0196db-4d8a-4223-bbeb-7707b5e8693c:c-1]
2019-07-13 14:36:27,531 INFO  container.ReplicationManager (ReplicationManager.java:start(155)) - Starting Replication Monitor Thread.
2019-07-13 14:36:27,534 INFO  container.ReplicationManager (ReplicationManager.java:run(207)) - Replication Monitor Thread took 0 milliseconds for processing 1 containers.
2019-07-13 14:36:27,728 INFO  client.GrpcClientProtocolClient (GrpcClientProtocolClient.java:onNext(255)) - client-7633DEB64983->0f318484-2ab1-4752-ba62-81186709e0fe: receive RaftClientReply:client-7633DEB64983->0f318484-2ab1-4752-ba62-81186709e0fe@group-0EB5E2D32C26, cid=183, FAILED org.apache.ratis.protocol.NotLeaderException: Server 0f318484-2ab1-4752-ba62-81186709e0fe is not the leader (null). Request must be sent to leader., logIndex=0, commits[0f318484-2ab1-4752-ba62-81186709e0fe:c-1]
2019-07-13 14:36:28,740 INFO  client.GrpcClientProtocolClient (GrpcClientProtocolClient.java:onNext(255)) - client-7633DEB64983->0a0196db-4d8a-4223-bbeb-7707b5e8693c: receive RaftClientReply:client-7633DEB64983->0a0196db-4d8a-4223-bbeb-7707b5e8693c@group-0EB5E2D32C26, cid=183, FAILED org.apache.ratis.protocol.NotLeaderException: Server 0a0196db-4d8a-4223-bbeb-7707b5e8693c is not the leader (null). Request must be sent to leader., logIndex=0, commits[0a0196db-4d8a-4223-bbeb-7707b5e8693c:c-1]
2019-07-13 14:36:29,583 INFO  impl.FollowerState (FollowerState.java:run(106)) - 0a0196db-4d8a-4223-bbeb-7707b5e8693c:group-4166AA9212FB changes to CANDIDATE, lastRpcTime:5017, electionTimeout:5017ms
2019-07-13 14:36:29,583 INFO  impl.RoleInfo (RoleInfo.java:shutdownFollowerState(121)) - 0a0196db-4d8a-4223-bbeb-7707b5e8693c: shutdown FollowerState
2019-07-13 14:36:29,583 INFO  impl.RaftServerImpl (RaftServerImpl.java:setRole(171)) - 0a0196db-4d8a-4223-bbeb-7707b5e8693c:group-4166AA9212FB changes role from FOLLOWER to CANDIDATE at term 0 for changeToCandidate
2019-07-13 14:36:29,583 INFO  impl.RoleInfo (RoleInfo.java:updateAndGet(143)) - 0a0196db-4d8a-4223-bbeb-7707b5e8693c: start LeaderElection
2019-07-13 14:36:29,617 INFO  impl.LeaderElection (LeaderElection.java:askForVotes(181)) - 0a0196db-4d8a-4223-bbeb-7707b5e8693c:group-4166AA9212FB:LeaderElection65: begin an election at term 1 for -1: [0a0196db-4d8a-4223-bbeb-7707b5e8693c:192.168.5.172:38284], old=null
2019-07-13 14:36:29,617 INFO  impl.RoleInfo (RoleInfo.java:shutdownLeaderElection(134)) - 0a0196db-4d8a-4223-bbeb-7707b5e8693c: shutdown LeaderElection
2019-07-13 14:36:29,617 INFO  impl.RaftServerImpl (RaftServerImpl.java:setRole(171)) - 0a0196db-4d8a-4223-bbeb-7707b5e8693c:group-4166AA9212FB changes role from CANDIDATE to LEADER at term 1 for changeToLeader
2019-07-13 14:36:29,617 INFO  impl.RaftServerImpl (ServerState.java:setLeader(263)) - 0a0196db-4d8a-4223-bbeb-7707b5e8693c:group-4166AA9212FB change Leader from null to 0a0196db-4d8a-4223-bbeb-7707b5e8693c at term 1 for becomeLeader, leader elected after 5056ms
2019-07-13 14:36:29,617 INFO  server.RaftServerConfigKeys (ConfUtils.java:logGet(43)) - raft.server.staging.catchup.gap = 1000 (default)
2019-07-13 14:36:29,618 INFO  server.RaftServerConfigKeys (ConfUtils.java:logGet(43)) - raft.server.rpc.sleep.time = 25ms (default)
2019-07-13 14:36:29,618 INFO  server.RaftServerConfigKeys (ConfUtils.java:logGet(43)) - raft.server.write.element-limit = 4096 (default)
2019-07-13 14:36:29,618 INFO  server.RaftServerConfigKeys (ConfUtils.java:logGet(43)) - raft.server.watch.timeout = 10s (default)
2019-07-13 14:36:29,618 INFO  server.RaftServerConfigKeys (ConfUtils.java:logGet(43)) - raft.server.watch.timeout.denomination = 1s (default)
2019-07-13 14:36:29,618 INFO  server.RaftServerConfigKeys (ConfUtils.java:logGet(43)) - raft.server.watch.element-limit = 65536 (default)
2019-07-13 14:36:29,619 INFO  impl.RoleInfo (RoleInfo.java:updateAndGet(143)) - 0a0196db-4d8a-4223-bbeb-7707b5e8693c: start LeaderState
2019-07-13 14:36:29,619 INFO  segmented.SegmentedRaftLogWorker (SegmentedRaftLogWorker.java:startLogSegment(380)) - 0a0196db-4d8a-4223-bbeb-7707b5e8693c-SegmentedRaftLogWorker:Storage Directory /tmp/workdir/hadoop-ozone/integration-test/target/test-dir/MiniOzoneClusterImpl-b97ae15e-6d50-4c11-8b93-1c38e9c31ea1/datanode-0/data/ratis/abee01a6-551d-403b-af82-4166aa9212fb: Starting segment from index:0
2019-07-13 14:36:29,620 INFO  impl.RaftServerImpl (ServerState.java:setRaftConf(361)) - 0a0196db-4d8a-4223-bbeb-7707b5e8693c:group-4166AA9212FB set configuration 0: [0a0196db-4d8a-4223-bbeb-7707b5e8693c:192.168.5.172:38284], old=null at 0
2019-07-13 14:36:29,654 INFO  segmented.SegmentedRaftLogWorker (SegmentedRaftLogWorker.java:execute(569)) - 0a0196db-4d8a-4223-bbeb-7707b5e8693c-SegmentedRaftLogWorker:Storage Directory /tmp/workdir/hadoop-ozone/integration-test/target/test-dir/MiniOzoneClusterImpl-b97ae15e-6d50-4c11-8b93-1c38e9c31ea1/datanode-0/data/ratis/abee01a6-551d-403b-af82-4166aa9212fb: created new log segment /tmp/workdir/hadoop-ozone/integration-test/target/test-dir/MiniOzoneClusterImpl-b97ae15e-6d50-4c11-8b93-1c38e9c31ea1/datanode-0/data/ratis/abee01a6-551d-403b-af82-4166aa9212fb/current/log_inprogress_0
2019-07-13 14:36:29,748 INFO  client.GrpcClientProtocolClient (GrpcClientProtocolClient.java:onNext(255)) - client-7633DEB64983->f79ba558-4292-4dc1-b3d5-8da44f5a5abd: receive RaftClientReply:client-7633DEB64983->f79ba558-4292-4dc1-b3d5-8da44f5a5abd@group-0EB5E2D32C26, cid=183, FAILED org.apache.ratis.protocol.NotLeaderException: Server f79ba558-4292-4dc1-b3d5-8da44f5a5abd is not the leader (null). Request must be sent to leader., logIndex=0, commits[f79ba558-4292-4dc1-b3d5-8da44f5a5abd:c-1]
2019-07-13 14:36:29,853 INFO  impl.FollowerState (FollowerState.java:run(106)) - 0f318484-2ab1-4752-ba62-81186709e0fe:group-FA73702D2992 changes to CANDIDATE, lastRpcTime:5154, electionTimeout:5154ms
2019-07-13 14:36:29,853 INFO  impl.RoleInfo (RoleInfo.java:shutdownFollowerState(121)) - 0f318484-2ab1-4752-ba62-81186709e0fe: shutdown FollowerState
2019-07-13 14:36:29,853 INFO  impl.RaftServerImpl (RaftServerImpl.java:setRole(171)) - 0f318484-2ab1-4752-ba62-81186709e0fe:group-FA73702D2992 changes role from FOLLOWER to CANDIDATE at term 0 for changeToCandidate
2019-07-13 14:36:29,853 INFO  impl.RoleInfo (RoleInfo.java:updateAndGet(143)) - 0f318484-2ab1-4752-ba62-81186709e0fe: start LeaderElection
2019-07-13 14:36:29,873 INFO  impl.LeaderElection (LeaderElection.java:askForVotes(181)) - 0f318484-2ab1-4752-ba62-81186709e0fe:group-FA73702D2992:LeaderElection66: begin an election at term 1 for -1: [0f318484-2ab1-4752-ba62-81186709e0fe:192.168.5.172:33659], old=null
2019-07-13 14:36:29,873 INFO  impl.RoleInfo (RoleInfo.java:shutdownLeaderElection(134)) - 0f318484-2ab1-4752-ba62-81186709e0fe: shutdown LeaderElection
2019-07-13 14:36:29,873 INFO  impl.RaftServerImpl (RaftServerImpl.java:setRole(171)) - 0f318484-2ab1-4752-ba62-81186709e0fe:group-FA73702D2992 changes role from CANDIDATE to LEADER at term 1 for changeToLeader
2019-07-13 14:36:29,873 INFO  impl.RaftServerImpl (ServerState.java:setLeader(263)) - 0f318484-2ab1-4752-ba62-81186709e0fe:group-FA73702D2992 change Leader from null to 0f318484-2ab1-4752-ba62-81186709e0fe at term 1 for becomeLeader, leader elected after 5179ms
2019-07-13 14:36:29,873 INFO  server.RaftServerConfigKeys (ConfUtils.java:logGet(43)) - raft.server.staging.catchup.gap = 1000 (default)
2019-07-13 14:36:29,874 INFO  server.RaftServerConfigKeys (ConfUtils.java:logGet(43)) - raft.server.rpc.sleep.time = 25ms (default)
2019-07-13 14:36:29,874 INFO  server.RaftServerConfigKeys (ConfUtils.java:logGet(43)) - raft.server.write.element-limit = 4096 (default)
2019-07-13 14:36:29,874 INFO  server.RaftServerConfigKeys (ConfUtils.java:logGet(43)) - raft.server.watch.timeout = 10s (default)
2019-07-13 14:36:29,874 INFO  server.RaftServerConfigKeys (ConfUtils.java:logGet(43)) - raft.server.watch.timeout.denomination = 1s (default)
2019-07-13 14:36:29,874 INFO  server.RaftServerConfigKeys (ConfUtils.java:logGet(43)) - raft.server.watch.element-limit = 65536 (default)
2019-07-13 14:36:29,875 INFO  impl.RoleInfo (RoleInfo.java:updateAndGet(143)) - 0f318484-2ab1-4752-ba62-81186709e0fe: start LeaderState
2019-07-13 14:36:29,875 INFO  segmented.SegmentedRaftLogWorker (SegmentedRaftLogWorker.java:startLogSegment(380)) - 0f318484-2ab1-4752-ba62-81186709e0fe-SegmentedRaftLogWorker:Storage Directory /tmp/workdir/hadoop-ozone/integration-test/target/test-dir/MiniOzoneClusterImpl-b97ae15e-6d50-4c11-8b93-1c38e9c31ea1/datanode-1/data/ratis/16125ca7-5956-4725-968b-fa73702d2992: Starting segment from index:0
2019-07-13 14:36:29,875 INFO  impl.RaftServerImpl (ServerState.java:setRaftConf(361)) - 0f318484-2ab1-4752-ba62-81186709e0fe:group-FA73702D2992 set configuration 0: [0f318484-2ab1-4752-ba62-81186709e0fe:192.168.5.172:33659], old=null at 0
2019-07-13 14:36:29,899 INFO  segmented.SegmentedRaftLogWorker (SegmentedRaftLogWorker.java:execute(569)) - 0f318484-2ab1-4752-ba62-81186709e0fe-SegmentedRaftLogWorker:Storage Directory /tmp/workdir/hadoop-ozone/integration-test/target/test-dir/MiniOzoneClusterImpl-b97ae15e-6d50-4c11-8b93-1c38e9c31ea1/datanode-1/data/ratis/16125ca7-5956-4725-968b-fa73702d2992: created new log segment /tmp/workdir/hadoop-ozone/integration-test/target/test-dir/MiniOzoneClusterImpl-b97ae15e-6d50-4c11-8b93-1c38e9c31ea1/datanode-1/data/ratis/16125ca7-5956-4725-968b-fa73702d2992/current/log_inprogress_0
2019-07-13 14:36:30,002 INFO  impl.FollowerState (FollowerState.java:run(106)) - f79ba558-4292-4dc1-b3d5-8da44f5a5abd:group-67D99601F85D changes to CANDIDATE, lastRpcTime:5026, electionTimeout:5026ms
2019-07-13 14:36:30,002 INFO  impl.RoleInfo (RoleInfo.java:shutdownFollowerState(121)) - f79ba558-4292-4dc1-b3d5-8da44f5a5abd: shutdown FollowerState
2019-07-13 14:36:30,002 INFO  impl.RaftServerImpl (RaftServerImpl.java:setRole(171)) - f79ba558-4292-4dc1-b3d5-8da44f5a5abd:group-67D99601F85D changes role from FOLLOWER to CANDIDATE at term 0 for changeToCandidate
2019-07-13 14:36:30,002 INFO  impl.RoleInfo (RoleInfo.java:updateAndGet(143)) - f79ba558-4292-4dc1-b3d5-8da44f5a5abd: start LeaderElection
2019-07-13 14:36:30,019 INFO  impl.LeaderElection (LeaderElection.java:askForVotes(181)) - f79ba558-4292-4dc1-b3d5-8da44f5a5abd:group-67D99601F85D:LeaderElection67: begin an election at term 1 for -1: [f79ba558-4292-4dc1-b3d5-8da44f5a5abd:192.168.5.172:34074], old=null
2019-07-13 14:36:30,019 INFO  impl.RoleInfo (RoleInfo.java:shutdownLeaderElection(134)) - f79ba558-4292-4dc1-b3d5-8da44f5a5abd: shutdown LeaderElection
2019-07-13 14:36:30,019 INFO  impl.RaftServerImpl (RaftServerImpl.java:setRole(171)) - f79ba558-4292-4dc1-b3d5-8da44f5a5abd:group-67D99601F85D changes role from CANDIDATE to LEADER at term 1 for changeToLeader
2019-07-13 14:36:30,019 INFO  impl.RaftServerImpl (ServerState.java:setLeader(263)) - f79ba558-4292-4dc1-b3d5-8da44f5a5abd:group-67D99601F85D change Leader from null to f79ba558-4292-4dc1-b3d5-8da44f5a5abd at term 1 for becomeLeader, leader elected after 5048ms
2019-07-13 14:36:30,019 INFO  server.RaftServerConfigKeys (ConfUtils.java:logGet(43)) - raft.server.staging.catchup.gap = 1000 (default)
2019-07-13 14:36:30,020 INFO  server.RaftServerConfigKeys (ConfUtils.java:logGet(43)) - raft.server.rpc.sleep.time = 25ms (default)
2019-07-13 14:36:30,020 INFO  server.RaftServerConfigKeys (ConfUtils.java:logGet(43)) - raft.server.write.element-limit = 4096 (default)
2019-07-13 14:36:30,020 INFO  server.RaftServerConfigKeys (ConfUtils.java:logGet(43)) - raft.server.watch.timeout = 10s (default)
2019-07-13 14:36:30,020 INFO  server.RaftServerConfigKeys (ConfUtils.java:logGet(43)) - raft.server.watch.timeout.denomination = 1s (default)
2019-07-13 14:36:30,020 INFO  server.RaftServerConfigKeys (ConfUtils.java:logGet(43)) - raft.server.watch.element-limit = 65536 (default)
2019-07-13 14:36:30,020 INFO  impl.RoleInfo (RoleInfo.java:updateAndGet(143)) - f79ba558-4292-4dc1-b3d5-8da44f5a5abd: start LeaderState
2019-07-13 14:36:30,021 INFO  segmented.SegmentedRaftLogWorker (SegmentedRaftLogWorker.java:startLogSegment(380)) - f79ba558-4292-4dc1-b3d5-8da44f5a5abd-SegmentedRaftLogWorker:Storage Directory /tmp/workdir/hadoop-ozone/integration-test/target/test-dir/MiniOzoneClusterImpl-b97ae15e-6d50-4c11-8b93-1c38e9c31ea1/datanode-2/data/ratis/923a1b8b-670b-4cb2-8eae-67d99601f85d: Starting segment from index:0
2019-07-13 14:36:30,021 INFO  impl.RaftServerImpl (ServerState.java:setRaftConf(361)) - f79ba558-4292-4dc1-b3d5-8da44f5a5abd:group-67D99601F85D set configuration 0: [f79ba558-4292-4dc1-b3d5-8da44f5a5abd:192.168.5.172:34074], old=null at 0
2019-07-13 14:36:30,044 INFO  impl.FollowerState (FollowerState.java:run(106)) - 0a0196db-4d8a-4223-bbeb-7707b5e8693c:group-0EB5E2D32C26 changes to CANDIDATE, lastRpcTime:5005, electionTimeout:5004ms
2019-07-13 14:36:30,044 INFO  impl.RoleInfo (RoleInfo.java:shutdownFollowerState(121)) - 0a0196db-4d8a-4223-bbeb-7707b5e8693c: shutdown FollowerState
2019-07-13 14:36:30,044 INFO  impl.RaftServerImpl (RaftServerImpl.java:setRole(171)) - 0a0196db-4d8a-4223-bbeb-7707b5e8693c:group-0EB5E2D32C26 changes role from FOLLOWER to CANDIDATE at term 0 for changeToCandidate
2019-07-13 14:36:30,044 INFO  impl.RoleInfo (RoleInfo.java:updateAndGet(143)) - 0a0196db-4d8a-4223-bbeb-7707b5e8693c: start LeaderElection
2019-07-13 14:36:30,049 INFO  segmented.SegmentedRaftLogWorker (SegmentedRaftLogWorker.java:execute(569)) - f79ba558-4292-4dc1-b3d5-8da44f5a5abd-SegmentedRaftLogWorker:Storage Directory /tmp/workdir/hadoop-ozone/integration-test/target/test-dir/MiniOzoneClusterImpl-b97ae15e-6d50-4c11-8b93-1c38e9c31ea1/datanode-2/data/ratis/923a1b8b-670b-4cb2-8eae-67d99601f85d: created new log segment /tmp/workdir/hadoop-ozone/integration-test/target/test-dir/MiniOzoneClusterImpl-b97ae15e-6d50-4c11-8b93-1c38e9c31ea1/datanode-2/data/ratis/923a1b8b-670b-4cb2-8eae-67d99601f85d/current/log_inprogress_0
2019-07-13 14:36:30,052 INFO  impl.LeaderElection (LeaderElection.java:askForVotes(181)) - 0a0196db-4d8a-4223-bbeb-7707b5e8693c:group-0EB5E2D32C26:LeaderElection68: begin an election at term 1 for -1: [0f318484-2ab1-4752-ba62-81186709e0fe:192.168.5.172:33659, f79ba558-4292-4dc1-b3d5-8da44f5a5abd:192.168.5.172:34074, 0a0196db-4d8a-4223-bbeb-7707b5e8693c:192.168.5.172:38284], old=null
2019-07-13 14:36:30,057 INFO  impl.RaftServerImpl (RaftServerImpl.java:setRole(171)) - f79ba558-4292-4dc1-b3d5-8da44f5a5abd:group-0EB5E2D32C26 changes role from FOLLOWER to FOLLOWER at term 1 for recognizeCandidate:0a0196db-4d8a-4223-bbeb-7707b5e8693c
2019-07-13 14:36:30,057 INFO  impl.RaftServerImpl (RaftServerImpl.java:setRole(171)) - 0f318484-2ab1-4752-ba62-81186709e0fe:group-0EB5E2D32C26 changes role from FOLLOWER to FOLLOWER at term 1 for recognizeCandidate:0a0196db-4d8a-4223-bbeb-7707b5e8693c
2019-07-13 14:36:30,057 INFO  impl.RoleInfo (RoleInfo.java:shutdownFollowerState(121)) - f79ba558-4292-4dc1-b3d5-8da44f5a5abd: shutdown FollowerState
2019-07-13 14:36:30,057 INFO  impl.RoleInfo (RoleInfo.java:shutdownFollowerState(121)) - 0f318484-2ab1-4752-ba62-81186709e0fe: shutdown FollowerState
2019-07-13 14:36:30,058 INFO  impl.RoleInfo (RoleInfo.java:updateAndGet(143)) - f79ba558-4292-4dc1-b3d5-8da44f5a5abd: start FollowerState
2019-07-13 14:36:30,058 INFO  impl.FollowerState (FollowerState.java:run(114)) - 0f318484-2ab1-4752-ba62-81186709e0fe: FollowerState was interrupted: java.lang.InterruptedException: sleep interrupted
2019-07-13 14:36:30,058 INFO  impl.FollowerState (FollowerState.java:run(114)) - f79ba558-4292-4dc1-b3d5-8da44f5a5abd: FollowerState was interrupted: java.lang.InterruptedException: sleep interrupted
2019-07-13 14:36:30,058 INFO  impl.RoleInfo (RoleInfo.java:updateAndGet(143)) - 0f318484-2ab1-4752-ba62-81186709e0fe: start FollowerState
2019-07-13 14:36:30,069 INFO  impl.LeaderElection (LeaderElection.java:logAndReturn(56)) - 0a0196db-4d8a-4223-bbeb-7707b5e8693c:group-0EB5E2D32C26:LeaderElection68: Election PASSED; received 1 response(s) [0a0196db-4d8a-4223-bbeb-7707b5e8693c<-f79ba558-4292-4dc1-b3d5-8da44f5a5abd#0:OK-t1] and 0 exception(s); 0a0196db-4d8a-4223-bbeb-7707b5e8693c:t1, leader=null, voted=0a0196db-4d8a-4223-bbeb-7707b5e8693c, raftlog=0a0196db-4d8a-4223-bbeb-7707b5e8693c-SegmentedRaftLog:OPENED:c-1,f-1,i0, conf=-1: [0f318484-2ab1-4752-ba62-81186709e0fe:192.168.5.172:33659, f79ba558-4292-4dc1-b3d5-8da44f5a5abd:192.168.5.172:34074, 0a0196db-4d8a-4223-bbeb-7707b5e8693c:192.168.5.172:38284], old=null
2019-07-13 14:36:30,069 INFO  impl.RoleInfo (RoleInfo.java:shutdownLeaderElection(134)) - 0a0196db-4d8a-4223-bbeb-7707b5e8693c: shutdown LeaderElection
2019-07-13 14:36:30,069 INFO  impl.RaftServerImpl (RaftServerImpl.java:setRole(171)) - 0a0196db-4d8a-4223-bbeb-7707b5e8693c:group-0EB5E2D32C26 changes role from CANDIDATE to LEADER at term 1 for changeToLeader
2019-07-13 14:36:30,069 INFO  impl.RaftServerImpl (ServerState.java:setLeader(263)) - 0a0196db-4d8a-4223-bbeb-7707b5e8693c:group-0EB5E2D32C26 change Leader from null to 0a0196db-4d8a-4223-bbeb-7707b5e8693c at term 1 for becomeLeader, leader elected after 5064ms
2019-07-13 14:36:30,069 INFO  server.RaftServerConfigKeys (ConfUtils.java:logGet(43)) - raft.server.staging.catchup.gap = 1000 (default)
2019-07-13 14:36:30,069 INFO  server.RaftServerConfigKeys (ConfUtils.java:logGet(43)) - raft.server.rpc.sleep.time = 25ms (default)
2019-07-13 14:36:30,069 INFO  server.RaftServerConfigKeys (ConfUtils.java:logGet(43)) - raft.server.write.element-limit = 4096 (default)
2019-07-13 14:36:30,070 INFO  server.RaftServerConfigKeys (ConfUtils.java:logGet(43)) - raft.server.watch.timeout = 10s (default)
2019-07-13 14:36:30,070 INFO  server.RaftServerConfigKeys (ConfUtils.java:logGet(43)) - raft.server.watch.timeout.denomination = 1s (default)
2019-07-13 14:36:30,070 INFO  server.RaftServerConfigKeys (ConfUtils.java:logGet(43)) - raft.server.watch.element-limit = 65536 (default)
2019-07-13 14:36:30,070 INFO  server.RaftServerConfigKeys (ConfUtils.java:logGet(43)) - raft.server.log.appender.snapshot.chunk.size.max = 16MB (=16777216) (default)
2019-07-13 14:36:30,070 INFO  server.RaftServerConfigKeys (ConfUtils.java:logGet(43)) - raft.server.log.appender.buffer.byte-limit = 33554432 (custom)
2019-07-13 14:36:30,071 INFO  server.RaftServerConfigKeys (ConfUtils.java:logGet(43)) - raft.server.log.appender.buffer.element-limit = 1 (custom)
2019-07-13 14:36:30,071 INFO  grpc.GrpcConfigKeys$Server (ConfUtils.java:logGet(43)) - raft.grpc.server.leader.outstanding.appends.max = 128 (default)
2019-07-13 14:36:30,071 INFO  server.RaftServerConfigKeys (ConfUtils.java:logGet(43)) - raft.server.rpc.request.timeout = 3000ms (default)
2019-07-13 14:36:30,071 INFO  server.RaftServerConfigKeys (ConfUtils.java:logGet(43)) - raft.server.log.appender.install.snapshot.enabled = false (custom)
2019-07-13 14:36:30,071 INFO  server.RaftServerConfigKeys (ConfUtils.java:logGet(43)) - raft.server.log.appender.snapshot.chunk.size.max = 16MB (=16777216) (default)
2019-07-13 14:36:30,072 INFO  server.RaftServerConfigKeys (ConfUtils.java:logGet(43)) - raft.server.log.appender.buffer.byte-limit = 33554432 (custom)
2019-07-13 14:36:30,072 INFO  server.RaftServerConfigKeys (ConfUtils.java:logGet(43)) - raft.server.log.appender.buffer.element-limit = 1 (custom)
2019-07-13 14:36:30,072 INFO  grpc.GrpcConfigKeys$Server (ConfUtils.java:logGet(43)) - raft.grpc.server.leader.outstanding.appends.max = 128 (default)
2019-07-13 14:36:30,072 INFO  server.RaftServerConfigKeys (ConfUtils.java:logGet(43)) - raft.server.rpc.request.timeout = 3000ms (default)
2019-07-13 14:36:30,072 INFO  server.RaftServerConfigKeys (ConfUtils.java:logGet(43)) - raft.server.log.appender.install.snapshot.enabled = false (custom)
2019-07-13 14:36:30,073 INFO  impl.RoleInfo (RoleInfo.java:updateAndGet(143)) - 0a0196db-4d8a-4223-bbeb-7707b5e8693c: start LeaderState
2019-07-13 14:36:30,073 INFO  segmented.SegmentedRaftLogWorker (SegmentedRaftLogWorker.java:startLogSegment(380)) - 0a0196db-4d8a-4223-bbeb-7707b5e8693c-SegmentedRaftLogWorker:Storage Directory /tmp/workdir/hadoop-ozone/integration-test/target/test-dir/MiniOzoneClusterImpl-b97ae15e-6d50-4c11-8b93-1c38e9c31ea1/datanode-0/data/ratis/f9cf877f-7069-4db2-a5fb-0eb5e2d32c26: Starting segment from index:0
2019-07-13 14:36:30,074 INFO  impl.RaftServerImpl (ServerState.java:setRaftConf(361)) - 0a0196db-4d8a-4223-bbeb-7707b5e8693c:group-0EB5E2D32C26 set configuration 0: [0f318484-2ab1-4752-ba62-81186709e0fe:192.168.5.172:33659, f79ba558-4292-4dc1-b3d5-8da44f5a5abd:192.168.5.172:34074, 0a0196db-4d8a-4223-bbeb-7707b5e8693c:192.168.5.172:38284], old=null at 0
2019-07-13 14:36:30,095 INFO  impl.RaftServerImpl (ServerState.java:setLeader(263)) - f79ba558-4292-4dc1-b3d5-8da44f5a5abd:group-0EB5E2D32C26 change Leader from null to 0a0196db-4d8a-4223-bbeb-7707b5e8693c at term 1 for appendEntries, leader elected after 5090ms
2019-07-13 14:36:30,105 INFO  impl.RaftServerImpl (ServerState.java:setLeader(263)) - 0f318484-2ab1-4752-ba62-81186709e0fe:group-0EB5E2D32C26 change Leader from null to 0a0196db-4d8a-4223-bbeb-7707b5e8693c at term 1 for appendEntries, leader elected after 5100ms
2019-07-13 14:36:30,105 INFO  segmented.SegmentedRaftLogWorker (SegmentedRaftLogWorker.java:execute(569)) - 0a0196db-4d8a-4223-bbeb-7707b5e8693c-SegmentedRaftLogWorker:Storage Directory /tmp/workdir/hadoop-ozone/integration-test/target/test-dir/MiniOzoneClusterImpl-b97ae15e-6d50-4c11-8b93-1c38e9c31ea1/datanode-0/data/ratis/f9cf877f-7069-4db2-a5fb-0eb5e2d32c26: created new log segment /tmp/workdir/hadoop-ozone/integration-test/target/test-dir/MiniOzoneClusterImpl-b97ae15e-6d50-4c11-8b93-1c38e9c31ea1/datanode-0/data/ratis/f9cf877f-7069-4db2-a5fb-0eb5e2d32c26/current/log_inprogress_0
2019-07-13 14:36:30,109 INFO  impl.RaftServerImpl (ServerState.java:setRaftConf(361)) - f79ba558-4292-4dc1-b3d5-8da44f5a5abd:group-0EB5E2D32C26 set configuration 0: [0f318484-2ab1-4752-ba62-81186709e0fe:192.168.5.172:33659, f79ba558-4292-4dc1-b3d5-8da44f5a5abd:192.168.5.172:34074, 0a0196db-4d8a-4223-bbeb-7707b5e8693c:192.168.5.172:38284], old=null at 0
2019-07-13 14:36:30,109 INFO  impl.RaftServerImpl (ServerState.java:setRaftConf(361)) - 0f318484-2ab1-4752-ba62-81186709e0fe:group-0EB5E2D32C26 set configuration 0: [0f318484-2ab1-4752-ba62-81186709e0fe:192.168.5.172:33659, f79ba558-4292-4dc1-b3d5-8da44f5a5abd:192.168.5.172:34074, 0a0196db-4d8a-4223-bbeb-7707b5e8693c:192.168.5.172:38284], old=null at 0
2019-07-13 14:36:30,110 INFO  segmented.SegmentedRaftLogWorker (SegmentedRaftLogWorker.java:startLogSegment(380)) - f79ba558-4292-4dc1-b3d5-8da44f5a5abd-SegmentedRaftLogWorker:Storage Directory /tmp/workdir/hadoop-ozone/integration-test/target/test-dir/MiniOzoneClusterImpl-b97ae15e-6d50-4c11-8b93-1c38e9c31ea1/datanode-2/data/ratis/f9cf877f-7069-4db2-a5fb-0eb5e2d32c26: Starting segment from index:0
2019-07-13 14:36:30,110 INFO  segmented.SegmentedRaftLogWorker (SegmentedRaftLogWorker.java:startLogSegment(380)) - 0f318484-2ab1-4752-ba62-81186709e0fe-SegmentedRaftLogWorker:Storage Directory /tmp/workdir/hadoop-ozone/integration-test/target/test-dir/MiniOzoneClusterImpl-b97ae15e-6d50-4c11-8b93-1c38e9c31ea1/datanode-1/data/ratis/f9cf877f-7069-4db2-a5fb-0eb5e2d32c26: Starting segment from index:0
2019-07-13 14:36:30,134 INFO  segmented.SegmentedRaftLogWorker (SegmentedRaftLogWorker.java:execute(569)) - 0f318484-2ab1-4752-ba62-81186709e0fe-SegmentedRaftLogWorker:Storage Directory /tmp/workdir/hadoop-ozone/integration-test/target/test-dir/MiniOzoneClusterImpl-b97ae15e-6d50-4c11-8b93-1c38e9c31ea1/datanode-1/data/ratis/f9cf877f-7069-4db2-a5fb-0eb5e2d32c26: created new log segment /tmp/workdir/hadoop-ozone/integration-test/target/test-dir/MiniOzoneClusterImpl-b97ae15e-6d50-4c11-8b93-1c38e9c31ea1/datanode-1/data/ratis/f9cf877f-7069-4db2-a5fb-0eb5e2d32c26/current/log_inprogress_0
2019-07-13 14:36:30,134 INFO  segmented.SegmentedRaftLogWorker (SegmentedRaftLogWorker.java:execute(569)) - f79ba558-4292-4dc1-b3d5-8da44f5a5abd-SegmentedRaftLogWorker:Storage Directory /tmp/workdir/hadoop-ozone/integration-test/target/test-dir/MiniOzoneClusterImpl-b97ae15e-6d50-4c11-8b93-1c38e9c31ea1/datanode-2/data/ratis/f9cf877f-7069-4db2-a5fb-0eb5e2d32c26: created new log segment /tmp/workdir/hadoop-ozone/integration-test/target/test-dir/MiniOzoneClusterImpl-b97ae15e-6d50-4c11-8b93-1c38e9c31ea1/datanode-2/data/ratis/f9cf877f-7069-4db2-a5fb-0eb5e2d32c26/current/log_inprogress_0
2019-07-13 14:36:30,286 INFO  impl.FollowerState (FollowerState.java:run(106)) - 71dca860-de59-4958-8d12-2670ada20a66:group-875CC4EA8F92 changes to CANDIDATE, lastRpcTime:5120, electionTimeout:5120ms
2019-07-13 14:36:30,286 INFO  impl.RoleInfo (RoleInfo.java:shutdownFollowerState(121)) - 71dca860-de59-4958-8d12-2670ada20a66: shutdown FollowerState
2019-07-13 14:36:30,286 INFO  impl.RaftServerImpl (RaftServerImpl.java:setRole(171)) - 71dca860-de59-4958-8d12-2670ada20a66:group-875CC4EA8F92 changes role from FOLLOWER to CANDIDATE at term 0 for changeToCandidate
2019-07-13 14:36:30,286 INFO  impl.RoleInfo (RoleInfo.java:updateAndGet(143)) - 71dca860-de59-4958-8d12-2670ada20a66: start LeaderElection
2019-07-13 14:36:30,297 INFO  impl.LeaderElection (LeaderElection.java:askForVotes(181)) - 71dca860-de59-4958-8d12-2670ada20a66:group-875CC4EA8F92:LeaderElection69: begin an election at term 1 for -1: [71dca860-de59-4958-8d12-2670ada20a66:192.168.5.172:33330], old=null
2019-07-13 14:36:30,297 INFO  impl.RoleInfo (RoleInfo.java:shutdownLeaderElection(134)) - 71dca860-de59-4958-8d12-2670ada20a66: shutdown LeaderElection
2019-07-13 14:36:30,297 INFO  impl.RaftServerImpl (RaftServerImpl.java:setRole(171)) - 71dca860-de59-4958-8d12-2670ada20a66:group-875CC4EA8F92 changes role from CANDIDATE to LEADER at term 1 for changeToLeader
2019-07-13 14:36:30,297 INFO  impl.RaftServerImpl (ServerState.java:setLeader(263)) - 71dca860-de59-4958-8d12-2670ada20a66:group-875CC4EA8F92 change Leader from null to 71dca860-de59-4958-8d12-2670ada20a66 at term 1 for becomeLeader, leader elected after 5136ms
2019-07-13 14:36:30,298 INFO  server.RaftServerConfigKeys (ConfUtils.java:logGet(43)) - raft.server.staging.catchup.gap = 1000 (default)
2019-07-13 14:36:30,298 INFO  server.RaftServerConfigKeys (ConfUtils.java:logGet(43)) - raft.server.rpc.sleep.time = 25ms (default)
2019-07-13 14:36:30,298 INFO  server.RaftServerConfigKeys (ConfUtils.java:logGet(43)) - raft.server.write.element-limit = 4096 (default)
2019-07-13 14:36:30,298 INFO  server.RaftServerConfigKeys (ConfUtils.java:logGet(43)) - raft.server.watch.timeout = 10s (default)
2019-07-13 14:36:30,298 INFO  server.RaftServerConfigKeys (ConfUtils.java:logGet(43)) - raft.server.watch.timeout.denomination = 1s (default)
2019-07-13 14:36:30,298 INFO  server.RaftServerConfigKeys (ConfUtils.java:logGet(43)) - raft.server.watch.element-limit = 65536 (default)
2019-07-13 14:36:30,299 INFO  impl.RoleInfo (RoleInfo.java:updateAndGet(143)) - 71dca860-de59-4958-8d12-2670ada20a66: start LeaderState
2019-07-13 14:36:30,299 INFO  segmented.SegmentedRaftLogWorker (SegmentedRaftLogWorker.java:startLogSegment(380)) - 71dca860-de59-4958-8d12-2670ada20a66-SegmentedRaftLogWorker:Storage Directory /tmp/workdir/hadoop-ozone/integration-test/target/test-dir/MiniOzoneClusterImpl-b97ae15e-6d50-4c11-8b93-1c38e9c31ea1/datanode-3/data/ratis/b087447e-f1e5-446e-8811-875cc4ea8f92: Starting segment from index:0
2019-07-13 14:36:30,299 INFO  impl.RaftServerImpl (ServerState.java:setRaftConf(361)) - 71dca860-de59-4958-8d12-2670ada20a66:group-875CC4EA8F92 set configuration 0: [71dca860-de59-4958-8d12-2670ada20a66:192.168.5.172:33330], old=null at 0
2019-07-13 14:36:30,324 INFO  segmented.SegmentedRaftLogWorker (SegmentedRaftLogWorker.java:execute(569)) - 71dca860-de59-4958-8d12-2670ada20a66-SegmentedRaftLogWorker:Storage Directory /tmp/workdir/hadoop-ozone/integration-test/target/test-dir/MiniOzoneClusterImpl-b97ae15e-6d50-4c11-8b93-1c38e9c31ea1/datanode-3/data/ratis/b087447e-f1e5-446e-8811-875cc4ea8f92: created new log segment /tmp/workdir/hadoop-ozone/integration-test/target/test-dir/MiniOzoneClusterImpl-b97ae15e-6d50-4c11-8b93-1c38e9c31ea1/datanode-3/data/ratis/b087447e-f1e5-446e-8811-875cc4ea8f92/current/log_inprogress_0
2019-07-13 14:36:30,382 INFO  impl.FollowerState (FollowerState.java:run(106)) - d3691bba-61f5-467c-b757-f5857d6c6cfd:group-377B4F2683A3 changes to CANDIDATE, lastRpcTime:5078, electionTimeout:5078ms
2019-07-13 14:36:30,383 INFO  impl.RoleInfo (RoleInfo.java:shutdownFollowerState(121)) - d3691bba-61f5-467c-b757-f5857d6c6cfd: shutdown FollowerState
2019-07-13 14:36:30,383 INFO  impl.RaftServerImpl (RaftServerImpl.java:setRole(171)) - d3691bba-61f5-467c-b757-f5857d6c6cfd:group-377B4F2683A3 changes role from FOLLOWER to CANDIDATE at term 0 for changeToCandidate
2019-07-13 14:36:30,383 INFO  impl.RoleInfo (RoleInfo.java:updateAndGet(143)) - d3691bba-61f5-467c-b757-f5857d6c6cfd: start LeaderElection
2019-07-13 14:36:30,398 INFO  impl.LeaderElection (LeaderElection.java:askForVotes(181)) - d3691bba-61f5-467c-b757-f5857d6c6cfd:group-377B4F2683A3:LeaderElection70: begin an election at term 1 for -1: [d3691bba-61f5-467c-b757-f5857d6c6cfd:192.168.5.172:46597], old=null
2019-07-13 14:36:30,398 INFO  impl.RoleInfo (RoleInfo.java:shutdownLeaderElection(134)) - d3691bba-61f5-467c-b757-f5857d6c6cfd: shutdown LeaderElection
2019-07-13 14:36:30,398 INFO  impl.RaftServerImpl (RaftServerImpl.java:setRole(171)) - d3691bba-61f5-467c-b757-f5857d6c6cfd:group-377B4F2683A3 changes role from CANDIDATE to LEADER at term 1 for changeToLeader
2019-07-13 14:36:30,398 INFO  impl.RaftServerImpl (ServerState.java:setLeader(263)) - d3691bba-61f5-467c-b757-f5857d6c6cfd:group-377B4F2683A3 change Leader from null to d3691bba-61f5-467c-b757-f5857d6c6cfd at term 1 for becomeLeader, leader elected after 5098ms
2019-07-13 14:36:30,398 INFO  server.RaftServerConfigKeys (ConfUtils.java:logGet(43)) - raft.server.staging.catchup.gap = 1000 (default)
2019-07-13 14:36:30,399 INFO  server.RaftServerConfigKeys (ConfUtils.java:logGet(43)) - raft.server.rpc.sleep.time = 25ms (default)
2019-07-13 14:36:30,399 INFO  server.RaftServerConfigKeys (ConfUtils.java:logGet(43)) - raft.server.write.element-limit = 4096 (default)
2019-07-13 14:36:30,399 INFO  server.RaftServerConfigKeys (ConfUtils.java:logGet(43)) - raft.server.watch.timeout = 10s (default)
2019-07-13 14:36:30,399 INFO  server.RaftServerConfigKeys (ConfUtils.java:logGet(43)) - raft.server.watch.timeout.denomination = 1s (default)
2019-07-13 14:36:30,399 INFO  server.RaftServerConfigKeys (ConfUtils.java:logGet(43)) - raft.server.watch.element-limit = 65536 (default)
2019-07-13 14:36:30,399 INFO  impl.RoleInfo (RoleInfo.java:updateAndGet(143)) - d3691bba-61f5-467c-b757-f5857d6c6cfd: start LeaderState
2019-07-13 14:36:30,400 INFO  segmented.SegmentedRaftLogWorker (SegmentedRaftLogWorker.java:startLogSegment(380)) - d3691bba-61f5-467c-b757-f5857d6c6cfd-SegmentedRaftLogWorker:Storage Directory /tmp/workdir/hadoop-ozone/integration-test/target/test-dir/MiniOzoneClusterImpl-b97ae15e-6d50-4c11-8b93-1c38e9c31ea1/datanode-4/data/ratis/cec51087-ce58-4ec8-af18-377b4f2683a3: Starting segment from index:0
2019-07-13 14:36:30,400 INFO  impl.RaftServerImpl (ServerState.java:setRaftConf(361)) - d3691bba-61f5-467c-b757-f5857d6c6cfd:group-377B4F2683A3 set configuration 0: [d3691bba-61f5-467c-b757-f5857d6c6cfd:192.168.5.172:46597], old=null at 0
2019-07-13 14:36:30,426 INFO  segmented.SegmentedRaftLogWorker (SegmentedRaftLogWorker.java:execute(569)) - d3691bba-61f5-467c-b757-f5857d6c6cfd-SegmentedRaftLogWorker:Storage Directory /tmp/workdir/hadoop-ozone/integration-test/target/test-dir/MiniOzoneClusterImpl-b97ae15e-6d50-4c11-8b93-1c38e9c31ea1/datanode-4/data/ratis/cec51087-ce58-4ec8-af18-377b4f2683a3: created new log segment /tmp/workdir/hadoop-ozone/integration-test/target/test-dir/MiniOzoneClusterImpl-b97ae15e-6d50-4c11-8b93-1c38e9c31ea1/datanode-4/data/ratis/cec51087-ce58-4ec8-af18-377b4f2683a3/current/log_inprogress_0
2019-07-13 14:36:30,525 INFO  impl.FollowerState (FollowerState.java:run(106)) - 86a99646-22da-4064-ad20-4a90a4de8188:group-D354162F84ED changes to CANDIDATE, lastRpcTime:5059, electionTimeout:5059ms
2019-07-13 14:36:30,525 INFO  impl.RoleInfo (RoleInfo.java:shutdownFollowerState(121)) - 86a99646-22da-4064-ad20-4a90a4de8188: shutdown FollowerState
2019-07-13 14:36:30,525 INFO  impl.RaftServerImpl (RaftServerImpl.java:setRole(171)) - 86a99646-22da-4064-ad20-4a90a4de8188:group-D354162F84ED changes role from FOLLOWER to CANDIDATE at term 0 for changeToCandidate
2019-07-13 14:36:30,525 INFO  impl.RoleInfo (RoleInfo.java:updateAndGet(143)) - 86a99646-22da-4064-ad20-4a90a4de8188: start LeaderElection
2019-07-13 14:36:30,538 INFO  impl.FollowerState (FollowerState.java:run(106)) - 71dca860-de59-4958-8d12-2670ada20a66:group-7486B4974268 changes to CANDIDATE, lastRpcTime:5031, electionTimeout:5031ms
2019-07-13 14:36:30,538 INFO  impl.RoleInfo (RoleInfo.java:shutdownFollowerState(121)) - 71dca860-de59-4958-8d12-2670ada20a66: shutdown FollowerState
2019-07-13 14:36:30,538 INFO  impl.RaftServerImpl (RaftServerImpl.java:setRole(171)) - 71dca860-de59-4958-8d12-2670ada20a66:group-7486B4974268 changes role from FOLLOWER to CANDIDATE at term 0 for changeToCandidate
2019-07-13 14:36:30,538 INFO  impl.RoleInfo (RoleInfo.java:updateAndGet(143)) - 71dca860-de59-4958-8d12-2670ada20a66: start LeaderElection
2019-07-13 14:36:30,541 INFO  impl.FollowerState (FollowerState.java:run(106)) - d3691bba-61f5-467c-b757-f5857d6c6cfd:group-7486B4974268 changes to CANDIDATE, lastRpcTime:5034, electionTimeout:5033ms
2019-07-13 14:36:30,541 INFO  impl.RoleInfo (RoleInfo.java:shutdownFollowerState(121)) - d3691bba-61f5-467c-b757-f5857d6c6cfd: shutdown FollowerState
2019-07-13 14:36:30,543 INFO  impl.RaftServerImpl (RaftServerImpl.java:setRole(171)) - d3691bba-61f5-467c-b757-f5857d6c6cfd:group-7486B4974268 changes role from FOLLOWER to CANDIDATE at term 0 for changeToCandidate
2019-07-13 14:36:30,543 INFO  impl.LeaderElection (LeaderElection.java:askForVotes(181)) - 86a99646-22da-4064-ad20-4a90a4de8188:group-D354162F84ED:LeaderElection71: begin an election at term 1 for -1: [86a99646-22da-4064-ad20-4a90a4de8188:192.168.5.172:35945], old=null
2019-07-13 14:36:30,544 INFO  impl.RoleInfo (RoleInfo.java:updateAndGet(143)) - d3691bba-61f5-467c-b757-f5857d6c6cfd: start LeaderElection
2019-07-13 14:36:30,544 INFO  impl.RoleInfo (RoleInfo.java:shutdownLeaderElection(134)) - 86a99646-22da-4064-ad20-4a90a4de8188: shutdown LeaderElection
2019-07-13 14:36:30,544 INFO  impl.RaftServerImpl (RaftServerImpl.java:setRole(171)) - 86a99646-22da-4064-ad20-4a90a4de8188:group-D354162F84ED changes role from CANDIDATE to LEADER at term 1 for changeToLeader
2019-07-13 14:36:30,546 INFO  impl.RaftServerImpl (ServerState.java:setLeader(263)) - 86a99646-22da-4064-ad20-4a90a4de8188:group-D354162F84ED change Leader from null to 86a99646-22da-4064-ad20-4a90a4de8188 at term 1 for becomeLeader, leader elected after 5085ms
2019-07-13 14:36:30,549 INFO  server.RaftServerConfigKeys (ConfUtils.java:logGet(43)) - raft.server.staging.catchup.gap = 1000 (default)
2019-07-13 14:36:30,549 INFO  impl.LeaderElection (LeaderElection.java:askForVotes(181)) - 71dca860-de59-4958-8d12-2670ada20a66:group-7486B4974268:LeaderElection72: begin an election at term 1 for -1: [d3691bba-61f5-467c-b757-f5857d6c6cfd:192.168.5.172:46597, 86a99646-22da-4064-ad20-4a90a4de8188:192.168.5.172:35945, 71dca860-de59-4958-8d12-2670ada20a66:192.168.5.172:33330], old=null
2019-07-13 14:36:30,549 INFO  server.RaftServerConfigKeys (ConfUtils.java:logGet(43)) - raft.server.rpc.sleep.time = 25ms (default)
2019-07-13 14:36:30,549 INFO  server.RaftServerConfigKeys (ConfUtils.java:logGet(43)) - raft.server.write.element-limit = 4096 (default)
2019-07-13 14:36:30,550 INFO  server.RaftServerConfigKeys (ConfUtils.java:logGet(43)) - raft.server.watch.timeout = 10s (default)
2019-07-13 14:36:30,550 INFO  server.RaftServerConfigKeys (ConfUtils.java:logGet(43)) - raft.server.watch.timeout.denomination = 1s (default)
2019-07-13 14:36:30,550 INFO  server.RaftServerConfigKeys (ConfUtils.java:logGet(43)) - raft.server.watch.element-limit = 65536 (default)
2019-07-13 14:36:30,550 INFO  impl.RoleInfo (RoleInfo.java:updateAndGet(143)) - 86a99646-22da-4064-ad20-4a90a4de8188: start LeaderState
2019-07-13 14:36:30,551 INFO  segmented.SegmentedRaftLogWorker (SegmentedRaftLogWorker.java:startLogSegment(380)) - 86a99646-22da-4064-ad20-4a90a4de8188-SegmentedRaftLogWorker:Storage Directory /tmp/workdir/hadoop-ozone/integration-test/target/test-dir/MiniOzoneClusterImpl-b97ae15e-6d50-4c11-8b93-1c38e9c31ea1/datanode-5/data/ratis/043d061e-b358-4e10-90d0-d354162f84ed: Starting segment from index:0
2019-07-13 14:36:30,551 INFO  impl.RaftServerImpl (ServerState.java:setRaftConf(361)) - 86a99646-22da-4064-ad20-4a90a4de8188:group-D354162F84ED set configuration 0: [86a99646-22da-4064-ad20-4a90a4de8188:192.168.5.172:35945], old=null at 0
2019-07-13 14:36:30,573 INFO  impl.LeaderElection (LeaderElection.java:askForVotes(181)) - d3691bba-61f5-467c-b757-f5857d6c6cfd:group-7486B4974268:LeaderElection73: begin an election at term 1 for -1: [d3691bba-61f5-467c-b757-f5857d6c6cfd:192.168.5.172:46597, 86a99646-22da-4064-ad20-4a90a4de8188:192.168.5.172:35945, 71dca860-de59-4958-8d12-2670ada20a66:192.168.5.172:33330], old=null
2019-07-13 14:36:30,577 INFO  segmented.SegmentedRaftLogWorker (SegmentedRaftLogWorker.java:execute(569)) - 86a99646-22da-4064-ad20-4a90a4de8188-SegmentedRaftLogWorker:Storage Directory /tmp/workdir/hadoop-ozone/integration-test/target/test-dir/MiniOzoneClusterImpl-b97ae15e-6d50-4c11-8b93-1c38e9c31ea1/datanode-5/data/ratis/043d061e-b358-4e10-90d0-d354162f84ed: created new log segment /tmp/workdir/hadoop-ozone/integration-test/target/test-dir/MiniOzoneClusterImpl-b97ae15e-6d50-4c11-8b93-1c38e9c31ea1/datanode-5/data/ratis/043d061e-b358-4e10-90d0-d354162f84ed/current/log_inprogress_0
2019-07-13 14:36:30,578 INFO  impl.RaftServerImpl (RaftServerImpl.java:setRole(171)) - 86a99646-22da-4064-ad20-4a90a4de8188:group-7486B4974268 changes role from FOLLOWER to FOLLOWER at term 1 for recognizeCandidate:71dca860-de59-4958-8d12-2670ada20a66
2019-07-13 14:36:30,579 INFO  impl.RoleInfo (RoleInfo.java:shutdownFollowerState(121)) - 86a99646-22da-4064-ad20-4a90a4de8188: shutdown FollowerState
2019-07-13 14:36:30,581 INFO  impl.RoleInfo (RoleInfo.java:updateAndGet(143)) - 86a99646-22da-4064-ad20-4a90a4de8188: start FollowerState
2019-07-13 14:36:30,581 INFO  impl.FollowerState (FollowerState.java:run(114)) - 86a99646-22da-4064-ad20-4a90a4de8188: FollowerState was interrupted: java.lang.InterruptedException: sleep interrupted
2019-07-13 14:36:30,594 INFO  impl.LeaderElection (LeaderElection.java:logAndReturn(56)) - 71dca860-de59-4958-8d12-2670ada20a66:group-7486B4974268:LeaderElection72: Election PASSED; received 2 response(s) [71dca860-de59-4958-8d12-2670ada20a66<-d3691bba-61f5-467c-b757-f5857d6c6cfd#0:FAIL-t1, 71dca860-de59-4958-8d12-2670ada20a66<-86a99646-22da-4064-ad20-4a90a4de8188#0:OK-t1] and 0 exception(s); 71dca860-de59-4958-8d12-2670ada20a66:t1, leader=null, voted=71dca860-de59-4958-8d12-2670ada20a66, raftlog=71dca860-de59-4958-8d12-2670ada20a66-SegmentedRaftLog:OPENED:c-1,f-1,i0, conf=-1: [d3691bba-61f5-467c-b757-f5857d6c6cfd:192.168.5.172:46597, 86a99646-22da-4064-ad20-4a90a4de8188:192.168.5.172:35945, 71dca860-de59-4958-8d12-2670ada20a66:192.168.5.172:33330], old=null
2019-07-13 14:36:30,594 INFO  impl.LeaderElection (LeaderElection.java:logAndReturn(56)) - d3691bba-61f5-467c-b757-f5857d6c6cfd:group-7486B4974268:LeaderElection73: Election REJECTED; received 2 response(s) [d3691bba-61f5-467c-b757-f5857d6c6cfd<-86a99646-22da-4064-ad20-4a90a4de8188#0:FAIL-t1, d3691bba-61f5-467c-b757-f5857d6c6cfd<-71dca860-de59-4958-8d12-2670ada20a66#0:FAIL-t1] and 0 exception(s); d3691bba-61f5-467c-b757-f5857d6c6cfd:t1, leader=null, voted=d3691bba-61f5-467c-b757-f5857d6c6cfd, raftlog=d3691bba-61f5-467c-b757-f5857d6c6cfd-SegmentedRaftLog:OPENED:c-1,f-1,i0, conf=-1: [d3691bba-61f5-467c-b757-f5857d6c6cfd:192.168.5.172:46597, 86a99646-22da-4064-ad20-4a90a4de8188:192.168.5.172:35945, 71dca860-de59-4958-8d12-2670ada20a66:192.168.5.172:33330], old=null
2019-07-13 14:36:30,594 INFO  impl.RoleInfo (RoleInfo.java:shutdownLeaderElection(134)) - 71dca860-de59-4958-8d12-2670ada20a66: shutdown LeaderElection
2019-07-13 14:36:30,595 INFO  impl.RaftServerImpl (RaftServerImpl.java:setRole(171)) - d3691bba-61f5-467c-b757-f5857d6c6cfd:group-7486B4974268 changes role from CANDIDATE to FOLLOWER at term 1 for DISCOVERED_A_NEW_TERM
2019-07-13 14:36:30,595 INFO  impl.RaftServerImpl (RaftServerImpl.java:setRole(171)) - 71dca860-de59-4958-8d12-2670ada20a66:group-7486B4974268 changes role from CANDIDATE to LEADER at term 1 for changeToLeader
2019-07-13 14:36:30,595 INFO  impl.RoleInfo (RoleInfo.java:shutdownLeaderElection(134)) - d3691bba-61f5-467c-b757-f5857d6c6cfd: shutdown LeaderElection
2019-07-13 14:36:30,595 INFO  impl.RaftServerImpl (ServerState.java:setLeader(263)) - 71dca860-de59-4958-8d12-2670ada20a66:group-7486B4974268 change Leader from null to 71dca860-de59-4958-8d12-2670ada20a66 at term 1 for becomeLeader, leader elected after 5099ms
2019-07-13 14:36:30,595 INFO  impl.RoleInfo (RoleInfo.java:updateAndGet(143)) - d3691bba-61f5-467c-b757-f5857d6c6cfd: start FollowerState
2019-07-13 14:36:30,595 INFO  server.RaftServerConfigKeys (ConfUtils.java:logGet(43)) - raft.server.staging.catchup.gap = 1000 (default)
2019-07-13 14:36:30,595 INFO  server.RaftServerConfigKeys (ConfUtils.java:logGet(43)) - raft.server.rpc.sleep.time = 25ms (default)
2019-07-13 14:36:30,596 INFO  server.RaftServerConfigKeys (ConfUtils.java:logGet(43)) - raft.server.write.element-limit = 4096 (default)
2019-07-13 14:36:30,596 INFO  server.RaftServerConfigKeys (ConfUtils.java:logGet(43)) - raft.server.watch.timeout = 10s (default)
2019-07-13 14:36:30,596 INFO  server.RaftServerConfigKeys (ConfUtils.java:logGet(43)) - raft.server.watch.timeout.denomination = 1s (default)
2019-07-13 14:36:30,596 INFO  server.RaftServerConfigKeys (ConfUtils.java:logGet(43)) - raft.server.watch.element-limit = 65536 (default)
2019-07-13 14:36:30,596 INFO  server.RaftServerConfigKeys (ConfUtils.java:logGet(43)) - raft.server.log.appender.snapshot.chunk.size.max = 16MB (=16777216) (default)
2019-07-13 14:36:30,597 INFO  server.RaftServerConfigKeys (ConfUtils.java:logGet(43)) - raft.server.log.appender.buffer.byte-limit = 33554432 (custom)
2019-07-13 14:36:30,597 INFO  server.RaftServerConfigKeys (ConfUtils.java:logGet(43)) - raft.server.log.appender.buffer.element-limit = 1 (custom)
2019-07-13 14:36:30,597 INFO  grpc.GrpcConfigKeys$Server (ConfUtils.java:logGet(43)) - raft.grpc.server.leader.outstanding.appends.max = 128 (default)
2019-07-13 14:36:30,597 INFO  server.RaftServerConfigKeys (ConfUtils.java:logGet(43)) - raft.server.rpc.request.timeout = 3000ms (default)
2019-07-13 14:36:30,597 INFO  server.RaftServerConfigKeys (ConfUtils.java:logGet(43)) - raft.server.log.appender.install.snapshot.enabled = false (custom)
2019-07-13 14:36:30,597 INFO  server.RaftServerConfigKeys (ConfUtils.java:logGet(43)) - raft.server.log.appender.snapshot.chunk.size.max = 16MB (=16777216) (default)
2019-07-13 14:36:30,598 INFO  server.RaftServerConfigKeys (ConfUtils.java:logGet(43)) - raft.server.log.appender.buffer.byte-limit = 33554432 (custom)
2019-07-13 14:36:30,598 INFO  server.RaftServerConfigKeys (ConfUtils.java:logGet(43)) - raft.server.log.appender.buffer.element-limit = 1 (custom)
2019-07-13 14:36:30,598 INFO  grpc.GrpcConfigKeys$Server (ConfUtils.java:logGet(43)) - raft.grpc.server.leader.outstanding.appends.max = 128 (default)
2019-07-13 14:36:30,598 INFO  server.RaftServerConfigKeys (ConfUtils.java:logGet(43)) - raft.server.rpc.request.timeout = 3000ms (default)
2019-07-13 14:36:30,598 INFO  server.RaftServerConfigKeys (ConfUtils.java:logGet(43)) - raft.server.log.appender.install.snapshot.enabled = false (custom)
2019-07-13 14:36:30,599 INFO  impl.RoleInfo (RoleInfo.java:updateAndGet(143)) - 71dca860-de59-4958-8d12-2670ada20a66: start LeaderState
2019-07-13 14:36:30,599 INFO  segmented.SegmentedRaftLogWorker (SegmentedRaftLogWorker.java:startLogSegment(380)) - 71dca860-de59-4958-8d12-2670ada20a66-SegmentedRaftLogWorker:Storage Directory /tmp/workdir/hadoop-ozone/integration-test/target/test-dir/MiniOzoneClusterImpl-b97ae15e-6d50-4c11-8b93-1c38e9c31ea1/datanode-3/data/ratis/db742c38-3bbc-4ea8-a6c6-7486b4974268: Starting segment from index:0
2019-07-13 14:36:30,601 INFO  impl.RaftServerImpl (ServerState.java:setRaftConf(361)) - 71dca860-de59-4958-8d12-2670ada20a66:group-7486B4974268 set configuration 0: [d3691bba-61f5-467c-b757-f5857d6c6cfd:192.168.5.172:46597, 86a99646-22da-4064-ad20-4a90a4de8188:192.168.5.172:35945, 71dca860-de59-4958-8d12-2670ada20a66:192.168.5.172:33330], old=null at 0
2019-07-13 14:36:30,623 INFO  impl.RaftServerImpl (ServerState.java:setLeader(263)) - d3691bba-61f5-467c-b757-f5857d6c6cfd:group-7486B4974268 change Leader from null to 71dca860-de59-4958-8d12-2670ada20a66 at term 1 for appendEntries, leader elected after 5127ms
2019-07-13 14:36:30,623 INFO  impl.RaftServerImpl (ServerState.java:setLeader(263)) - 86a99646-22da-4064-ad20-4a90a4de8188:group-7486B4974268 change Leader from null to 71dca860-de59-4958-8d12-2670ada20a66 at term 1 for appendEntries, leader elected after 5128ms
2019-07-13 14:36:30,625 INFO  segmented.SegmentedRaftLogWorker (SegmentedRaftLogWorker.java:execute(569)) - 71dca860-de59-4958-8d12-2670ada20a66-SegmentedRaftLogWorker:Storage Directory /tmp/workdir/hadoop-ozone/integration-test/target/test-dir/MiniOzoneClusterImpl-b97ae15e-6d50-4c11-8b93-1c38e9c31ea1/datanode-3/data/ratis/db742c38-3bbc-4ea8-a6c6-7486b4974268: created new log segment /tmp/workdir/hadoop-ozone/integration-test/target/test-dir/MiniOzoneClusterImpl-b97ae15e-6d50-4c11-8b93-1c38e9c31ea1/datanode-3/data/ratis/db742c38-3bbc-4ea8-a6c6-7486b4974268/current/log_inprogress_0
2019-07-13 14:36:30,625 INFO  impl.RaftServerImpl (ServerState.java:setRaftConf(361)) - d3691bba-61f5-467c-b757-f5857d6c6cfd:group-7486B4974268 set configuration 0: [d3691bba-61f5-467c-b757-f5857d6c6cfd:192.168.5.172:46597, 86a99646-22da-4064-ad20-4a90a4de8188:192.168.5.172:35945, 71dca860-de59-4958-8d12-2670ada20a66:192.168.5.172:33330], old=null at 0
2019-07-13 14:36:30,625 INFO  impl.RaftServerImpl (ServerState.java:setRaftConf(361)) - 86a99646-22da-4064-ad20-4a90a4de8188:group-7486B4974268 set configuration 0: [d3691bba-61f5-467c-b757-f5857d6c6cfd:192.168.5.172:46597, 86a99646-22da-4064-ad20-4a90a4de8188:192.168.5.172:35945, 71dca860-de59-4958-8d12-2670ada20a66:192.168.5.172:33330], old=null at 0
2019-07-13 14:36:30,626 INFO  segmented.SegmentedRaftLogWorker (SegmentedRaftLogWorker.java:startLogSegment(380)) - d3691bba-61f5-467c-b757-f5857d6c6cfd-SegmentedRaftLogWorker:Storage Directory /tmp/workdir/hadoop-ozone/integration-test/target/test-dir/MiniOzoneClusterImpl-b97ae15e-6d50-4c11-8b93-1c38e9c31ea1/datanode-4/data/ratis/db742c38-3bbc-4ea8-a6c6-7486b4974268: Starting segment from index:0
2019-07-13 14:36:30,626 INFO  segmented.SegmentedRaftLogWorker (SegmentedRaftLogWorker.java:startLogSegment(380)) - 86a99646-22da-4064-ad20-4a90a4de8188-SegmentedRaftLogWorker:Storage Directory /tmp/workdir/hadoop-ozone/integration-test/target/test-dir/MiniOzoneClusterImpl-b97ae15e-6d50-4c11-8b93-1c38e9c31ea1/datanode-5/data/ratis/db742c38-3bbc-4ea8-a6c6-7486b4974268: Starting segment from index:0
2019-07-13 14:36:30,647 INFO  segmented.SegmentedRaftLogWorker (SegmentedRaftLogWorker.java:execute(569)) - 86a99646-22da-4064-ad20-4a90a4de8188-SegmentedRaftLogWorker:Storage Directory /tmp/workdir/hadoop-ozone/integration-test/target/test-dir/MiniOzoneClusterImpl-b97ae15e-6d50-4c11-8b93-1c38e9c31ea1/datanode-5/data/ratis/db742c38-3bbc-4ea8-a6c6-7486b4974268: created new log segment /tmp/workdir/hadoop-ozone/integration-test/target/test-dir/MiniOzoneClusterImpl-b97ae15e-6d50-4c11-8b93-1c38e9c31ea1/datanode-5/data/ratis/db742c38-3bbc-4ea8-a6c6-7486b4974268/current/log_inprogress_0
2019-07-13 14:36:30,647 INFO  segmented.SegmentedRaftLogWorker (SegmentedRaftLogWorker.java:execute(569)) - d3691bba-61f5-467c-b757-f5857d6c6cfd-SegmentedRaftLogWorker:Storage Directory /tmp/workdir/hadoop-ozone/integration-test/target/test-dir/MiniOzoneClusterImpl-b97ae15e-6d50-4c11-8b93-1c38e9c31ea1/datanode-4/data/ratis/db742c38-3bbc-4ea8-a6c6-7486b4974268: created new log segment /tmp/workdir/hadoop-ozone/integration-test/target/test-dir/MiniOzoneClusterImpl-b97ae15e-6d50-4c11-8b93-1c38e9c31ea1/datanode-4/data/ratis/db742c38-3bbc-4ea8-a6c6-7486b4974268/current/log_inprogress_0
2019-07-13 14:36:30,699 INFO  impl.FollowerState (FollowerState.java:run(106)) - f5741a41-e778-4d38-9ddd-39d7e4c09149:group-C879FF19D51B changes to CANDIDATE, lastRpcTime:5024, electionTimeout:5024ms
2019-07-13 14:36:30,700 INFO  impl.RoleInfo (RoleInfo.java:shutdownFollowerState(121)) - f5741a41-e778-4d38-9ddd-39d7e4c09149: shutdown FollowerState
2019-07-13 14:36:30,700 INFO  impl.RaftServerImpl (RaftServerImpl.java:setRole(171)) - f5741a41-e778-4d38-9ddd-39d7e4c09149:group-C879FF19D51B changes role from FOLLOWER to CANDIDATE at term 0 for changeToCandidate
2019-07-13 14:36:30,700 INFO  impl.RoleInfo (RoleInfo.java:updateAndGet(143)) - f5741a41-e778-4d38-9ddd-39d7e4c09149: start LeaderElection
2019-07-13 14:36:30,710 INFO  impl.LeaderElection (LeaderElection.java:askForVotes(181)) - f5741a41-e778-4d38-9ddd-39d7e4c09149:group-C879FF19D51B:LeaderElection74: begin an election at term 1 for -1: [f5741a41-e778-4d38-9ddd-39d7e4c09149:192.168.5.172:45128], old=null
2019-07-13 14:36:30,710 INFO  impl.RoleInfo (RoleInfo.java:shutdownLeaderElection(134)) - f5741a41-e778-4d38-9ddd-39d7e4c09149: shutdown LeaderElection
2019-07-13 14:36:30,710 INFO  impl.RaftServerImpl (RaftServerImpl.java:setRole(171)) - f5741a41-e778-4d38-9ddd-39d7e4c09149:group-C879FF19D51B changes role from CANDIDATE to LEADER at term 1 for changeToLeader
2019-07-13 14:36:30,710 INFO  impl.RaftServerImpl (ServerState.java:setLeader(263)) - f5741a41-e778-4d38-9ddd-39d7e4c09149:group-C879FF19D51B change Leader from null to f5741a41-e778-4d38-9ddd-39d7e4c09149 at term 1 for becomeLeader, leader elected after 5039ms
2019-07-13 14:36:30,710 INFO  server.RaftServerConfigKeys (ConfUtils.java:logGet(43)) - raft.server.staging.catchup.gap = 1000 (default)
2019-07-13 14:36:30,710 INFO  server.RaftServerConfigKeys (ConfUtils.java:logGet(43)) - raft.server.rpc.sleep.time = 25ms (default)
2019-07-13 14:36:30,710 INFO  server.RaftServerConfigKeys (ConfUtils.java:logGet(43)) - raft.server.write.element-limit = 4096 (default)
2019-07-13 14:36:30,711 INFO  server.RaftServerConfigKeys (ConfUtils.java:logGet(43)) - raft.server.watch.timeout = 10s (default)
2019-07-13 14:36:30,711 INFO  server.RaftServerConfigKeys (ConfUtils.java:logGet(43)) - raft.server.watch.timeout.denomination = 1s (default)
2019-07-13 14:36:30,711 INFO  server.RaftServerConfigKeys (ConfUtils.java:logGet(43)) - raft.server.watch.element-limit = 65536 (default)
2019-07-13 14:36:30,711 INFO  impl.RoleInfo (RoleInfo.java:updateAndGet(143)) - f5741a41-e778-4d38-9ddd-39d7e4c09149: start LeaderState
2019-07-13 14:36:30,711 INFO  segmented.SegmentedRaftLogWorker (SegmentedRaftLogWorker.java:startLogSegment(380)) - f5741a41-e778-4d38-9ddd-39d7e4c09149-SegmentedRaftLogWorker:Storage Directory /tmp/workdir/hadoop-ozone/integration-test/target/test-dir/MiniOzoneClusterImpl-b97ae15e-6d50-4c11-8b93-1c38e9c31ea1/datanode-6/data/ratis/cf175408-3921-4976-84d2-c879ff19d51b: Starting segment from index:0
2019-07-13 14:36:30,712 INFO  impl.RaftServerImpl (ServerState.java:setRaftConf(361)) - f5741a41-e778-4d38-9ddd-39d7e4c09149:group-C879FF19D51B set configuration 0: [f5741a41-e778-4d38-9ddd-39d7e4c09149:192.168.5.172:45128], old=null at 0
2019-07-13 14:36:30,737 INFO  segmented.SegmentedRaftLogWorker (SegmentedRaftLogWorker.java:execute(569)) - f5741a41-e778-4d38-9ddd-39d7e4c09149-SegmentedRaftLogWorker:Storage Directory /tmp/workdir/hadoop-ozone/integration-test/target/test-dir/MiniOzoneClusterImpl-b97ae15e-6d50-4c11-8b93-1c38e9c31ea1/datanode-6/data/ratis/cf175408-3921-4976-84d2-c879ff19d51b: created new log segment /tmp/workdir/hadoop-ozone/integration-test/target/test-dir/MiniOzoneClusterImpl-b97ae15e-6d50-4c11-8b93-1c38e9c31ea1/datanode-6/data/ratis/cf175408-3921-4976-84d2-c879ff19d51b/current/log_inprogress_0
2019-07-13 14:36:30,869 INFO  client.GrpcClientProtocolClient (GrpcClientProtocolClient.java:onNext(255)) - client-7633DEB64983->0a0196db-4d8a-4223-bbeb-7707b5e8693c: receive RaftClientReply:client-7633DEB64983->0a0196db-4d8a-4223-bbeb-7707b5e8693c@group-0EB5E2D32C26, cid=183, SUCCESS, logIndex=1, commits[0a0196db-4d8a-4223-bbeb-7707b5e8693c:c1, 0f318484-2ab1-4752-ba62-81186709e0fe:c0, f79ba558-4292-4dc1-b3d5-8da44f5a5abd:c0]
2019-07-13 14:36:30,883 INFO  client.GrpcClientProtocolClient (GrpcClientProtocolClient.java:onNext(255)) - client-7633DEB64983->0a0196db-4d8a-4223-bbeb-7707b5e8693c: receive RaftClientReply:client-7633DEB64983->0a0196db-4d8a-4223-bbeb-7707b5e8693c@group-0EB5E2D32C26, cid=184, SUCCESS, logIndex=3, commits[0a0196db-4d8a-4223-bbeb-7707b5e8693c:c4, 0f318484-2ab1-4752-ba62-81186709e0fe:c2, f79ba558-4292-4dc1-b3d5-8da44f5a5abd:c2]
2019-07-13 14:36:30,924 INFO  client.GrpcClientProtocolClient (GrpcClientProtocolClient.java:onNext(255)) - client-7633DEB64983->0a0196db-4d8a-4223-bbeb-7707b5e8693c: receive RaftClientReply:client-7633DEB64983->0a0196db-4d8a-4223-bbeb-7707b5e8693c@group-0EB5E2D32C26, cid=185, SUCCESS, logIndex=4, commits[0a0196db-4d8a-4223-bbeb-7707b5e8693c:c12, 0f318484-2ab1-4752-ba62-81186709e0fe:c7, f79ba558-4292-4dc1-b3d5-8da44f5a5abd:c7]
2019-07-13 14:36:30,925 INFO  client.GrpcClientProtocolClient (GrpcClientProtocolClient.java:onNext(255)) - client-7633DEB64983->0a0196db-4d8a-4223-bbeb-7707b5e8693c: receive RaftClientReply:client-7633DEB64983->0a0196db-4d8a-4223-bbeb-7707b5e8693c@group-0EB5E2D32C26, cid=186, SUCCESS, logIndex=5, commits[0a0196db-4d8a-4223-bbeb-7707b5e8693c:c12, 0f318484-2ab1-4752-ba62-81186709e0fe:c7, f79ba558-4292-4dc1-b3d5-8da44f5a5abd:c7]
2019-07-13 14:36:30,925 INFO  client.GrpcClientProtocolClient (GrpcClientProtocolClient.java:onNext(255)) - client-7633DEB64983->0a0196db-4d8a-4223-bbeb-7707b5e8693c: receive RaftClientReply:client-7633DEB64983->0a0196db-4d8a-4223-bbeb-7707b5e8693c@group-0EB5E2D32C26, cid=187, SUCCESS, logIndex=6, commits[0a0196db-4d8a-4223-bbeb-7707b5e8693c:c12, 0f318484-2ab1-4752-ba62-81186709e0fe:c7, f79ba558-4292-4dc1-b3d5-8da44f5a5abd:c7]
2019-07-13 14:36:30,962 INFO  client.GrpcClientProtocolClient (GrpcClientProtocolClient.java:onNext(255)) - client-7633DEB64983->0a0196db-4d8a-4223-bbeb-7707b5e8693c: receive RaftClientReply:client-7633DEB64983->0a0196db-4d8a-4223-bbeb-7707b5e8693c@group-0EB5E2D32C26, cid=188, SUCCESS, logIndex=7, commits[0a0196db-4d8a-4223-bbeb-7707b5e8693c:c12, 0f318484-2ab1-4752-ba62-81186709e0fe:c7, f79ba558-4292-4dc1-b3d5-8da44f5a5abd:c7]
2019-07-13 14:36:30,972 INFO  client.GrpcClientProtocolClient (GrpcClientProtocolClient.java:onNext(255)) - client-7633DEB64983->0a0196db-4d8a-4223-bbeb-7707b5e8693c: receive RaftClientReply:client-7633DEB64983->0a0196db-4d8a-4223-bbeb-7707b5e8693c@group-0EB5E2D32C26, cid=189, SUCCESS, logIndex=13, commits[0a0196db-4d8a-4223-bbeb-7707b5e8693c:c14, 0f318484-2ab1-4752-ba62-81186709e0fe:c12, f79ba558-4292-4dc1-b3d5-8da44f5a5abd:c12]
2019-07-13 14:36:30,972 INFO  client.GrpcClientProtocolClient (GrpcClientProtocolClient.java:onNext(255)) - client-7633DEB64983->0a0196db-4d8a-4223-bbeb-7707b5e8693c: receive RaftClientReply:client-7633DEB64983->0a0196db-4d8a-4223-bbeb-7707b5e8693c@group-0EB5E2D32C26, cid=190, SUCCESS, logIndex=14, commits[0a0196db-4d8a-4223-bbeb-7707b5e8693c:c14, 0f318484-2ab1-4752-ba62-81186709e0fe:c12, f79ba558-4292-4dc1-b3d5-8da44f5a5abd:c12]
2019-07-13 14:36:30,977 INFO  client.GrpcClientProtocolClient (GrpcClientProtocolClient.java:onNext(255)) - client-7633DEB64983->0a0196db-4d8a-4223-bbeb-7707b5e8693c: receive RaftClientReply:client-7633DEB64983->0a0196db-4d8a-4223-bbeb-7707b5e8693c@group-0EB5E2D32C26, cid=191, SUCCESS, logIndex=0, commits[0a0196db-4d8a-4223-bbeb-7707b5e8693c:c15, 0f318484-2ab1-4752-ba62-81186709e0fe:c14, f79ba558-4292-4dc1-b3d5-8da44f5a5abd:c14]
2019-07-13 14:36:30,978 INFO  datanode.ObjectStoreHandler (ObjectStoreHandler.java:close(155)) - Closing ObjectStoreHandler.
2019-07-13 14:36:30,980 INFO  ozone.HddsDatanodeService (HddsDatanodeService.java:stop(452)) - Stopped plug-in org.apache.hadoop.ozone.web.OzoneHddsDatanodeService@406cc81b
2019-07-13 14:36:31,852 INFO  statemachine.DatanodeStateMachine (DatanodeStateMachine.java:lambda$startDaemon$0(350)) - Ozone container server started.
2019-07-13 14:36:35,957 INFO  node.StaleNodeHandler (StaleNodeHandler.java:onMessage(58)) - Datanode f79ba558-4292-4dc1-b3d5-8da44f5a5abd{ip: 192.168.5.172, host: trunk-nightly-mhs6z-4061744966, networkLocation: /default-rack, certSerialId: null} moved to stale state. Finalizing its pipelines [PipelineID=f9cf877f-7069-4db2-a5fb-0eb5e2d32c26, PipelineID=923a1b8b-670b-4cb2-8eae-67d99601f85d]
2019-07-13 14:36:35,957 INFO  pipeline.SCMPipelineManager (SCMPipelineManager.java:finalizeAndDestroyPipeline(309)) - destroying pipeline:Pipeline[ Id: f9cf877f-7069-4db2-a5fb-0eb5e2d32c26, Nodes: f79ba558-4292-4dc1-b3d5-8da44f5a5abd{ip: 192.168.5.172, host: trunk-nightly-mhs6z-4061744966, networkLocation: /default-rack, certSerialId: null}0a0196db-4d8a-4223-bbeb-7707b5e8693c{ip: 192.168.5.172, host: trunk-nightly-mhs6z-4061744966, networkLocation: /default-rack, certSerialId: null}0f318484-2ab1-4752-ba62-81186709e0fe{ip: 192.168.5.172, host: trunk-nightly-mhs6z-4061744966, networkLocation: /default-rack, certSerialId: null}, Type:RATIS, Factor:THREE, State:OPEN]
2019-07-13 14:36:35,957 INFO  pipeline.PipelineStateManager (PipelineStateManager.java:finalizePipeline(123)) - Pipeline Pipeline[ Id: f9cf877f-7069-4db2-a5fb-0eb5e2d32c26, Nodes: f79ba558-4292-4dc1-b3d5-8da44f5a5abd{ip: 192.168.5.172, host: trunk-nightly-mhs6z-4061744966, networkLocation: /default-rack, certSerialId: null}0a0196db-4d8a-4223-bbeb-7707b5e8693c{ip: 192.168.5.172, host: trunk-nightly-mhs6z-4061744966, networkLocation: /default-rack, certSerialId: null}0f318484-2ab1-4752-ba62-81186709e0fe{ip: 192.168.5.172, host: trunk-nightly-mhs6z-4061744966, networkLocation: /default-rack, certSerialId: null}, Type:RATIS, Factor:THREE, State:CLOSED] moved to CLOSED state
2019-07-13 14:36:35,958 INFO  pipeline.SCMPipelineManager (SCMPipelineManager.java:finalizeAndDestroyPipeline(309)) - destroying pipeline:Pipeline[ Id: 923a1b8b-670b-4cb2-8eae-67d99601f85d, Nodes: f79ba558-4292-4dc1-b3d5-8da44f5a5abd{ip: 192.168.5.172, host: trunk-nightly-mhs6z-4061744966, networkLocation: /default-rack, certSerialId: null}, Type:RATIS, Factor:ONE, State:OPEN]
2019-07-13 14:36:35,958 INFO  container.CloseContainerEventHandler (CloseContainerEventHandler.java:onMessage(61)) - Close container Event triggered for container : #1
2019-07-13 14:36:35,958 INFO  pipeline.PipelineStateManager (PipelineStateManager.java:finalizePipeline(123)) - Pipeline Pipeline[ Id: 923a1b8b-670b-4cb2-8eae-67d99601f85d, Nodes: f79ba558-4292-4dc1-b3d5-8da44f5a5abd{ip: 192.168.5.172, host: trunk-nightly-mhs6z-4061744966, networkLocation: /default-rack, certSerialId: null}, Type:RATIS, Factor:ONE, State:CLOSED] moved to CLOSED state
2019-07-13 14:36:35,981 INFO  ozoneimpl.OzoneContainer (OzoneContainer.java:stop(199)) - Attempting to stop container services.
2019-07-13 14:36:35,981 INFO  impl.RaftServerProxy (RaftServerProxy.java:lambda$close$4(314)) - f79ba558-4292-4dc1-b3d5-8da44f5a5abd: close
2019-07-13 14:36:35,986 INFO  impl.RaftServerImpl (RaftServerImpl.java:lambda$shutdown$3(245)) - f79ba558-4292-4dc1-b3d5-8da44f5a5abd: shutdown group-0EB5E2D32C26
2019-07-13 14:36:35,987 INFO  util.JmxRegister (JmxRegister.java:unregister(73)) - Successfully un-registered JMX Bean with object name Ratis:service=RaftServer,group=group-0EB5E2D32C26,id=f79ba558-4292-4dc1-b3d5-8da44f5a5abd
2019-07-13 14:36:35,987 INFO  impl.RoleInfo (RoleInfo.java:shutdownFollowerState(121)) - f79ba558-4292-4dc1-b3d5-8da44f5a5abd: shutdown FollowerState
2019-07-13 14:36:35,987 INFO  impl.StateMachineUpdater (StateMachineUpdater.java:stopAndJoin(115)) - StateMachineUpdater:f79ba558-4292-4dc1-b3d5-8da44f5a5abd:group-0EB5E2D32C26: set stopIndex = 16
2019-07-13 14:36:35,988 INFO  impl.FollowerState (FollowerState.java:run(114)) - f79ba558-4292-4dc1-b3d5-8da44f5a5abd: FollowerState was interrupted: java.lang.InterruptedException: sleep interrupted
2019-07-13 14:36:35,988 INFO  ratis.ContainerStateMachine (ContainerStateMachine.java:takeSnapshot(246)) - Taking snapshot at termIndex:(t:1, i:14)
2019-07-13 14:36:35,991 INFO  ratis.ContainerStateMachine (ContainerStateMachine.java:takeSnapshot(250)) - Taking a snapshot to file /tmp/workdir/hadoop-ozone/integration-test/target/test-dir/MiniOzoneClusterImpl-b97ae15e-6d50-4c11-8b93-1c38e9c31ea1/datanode-2/data/ratis/f9cf877f-7069-4db2-a5fb-0eb5e2d32c26/sm/snapshot.1_14
2019-07-13 14:36:35,991 INFO  impl.StateMachineUpdater (StateMachineUpdater.java:takeSnapshot(242)) - StateMachineUpdater:f79ba558-4292-4dc1-b3d5-8da44f5a5abd:group-0EB5E2D32C26: Took a snapshot at index 14
2019-07-13 14:36:35,991 INFO  impl.StateMachineUpdater (StateMachineUpdater.java:lambda$new$0(80)) - StateMachineUpdater:f79ba558-4292-4dc1-b3d5-8da44f5a5abd:group-0EB5E2D32C26: snapshotIndex: updateIncreasingly -1 -> 14
2019-07-13 14:36:35,991 INFO  impl.RaftServerImpl (ServerState.java:close(394)) - f79ba558-4292-4dc1-b3d5-8da44f5a5abd:group-0EB5E2D32C26 closes. The last applied log index is 16
2019-07-13 14:36:35,992 INFO  segmented.SegmentedRaftLogWorker (SegmentedRaftLogWorker.java:run(313)) - f79ba558-4292-4dc1-b3d5-8da44f5a5abd-SegmentedRaftLogWorker:Storage Directory /tmp/workdir/hadoop-ozone/integration-test/target/test-dir/MiniOzoneClusterImpl-b97ae15e-6d50-4c11-8b93-1c38e9c31ea1/datanode-2/data/ratis/f9cf877f-7069-4db2-a5fb-0eb5e2d32c26 was interrupted, exiting. There are 0 tasks remaining in the queue.
2019-07-13 14:36:35,995 INFO  segmented.SegmentedRaftLogWorker (SegmentedRaftLogWorker.java:close(228)) - f79ba558-4292-4dc1-b3d5-8da44f5a5abd-SegmentedRaftLogWorker:Storage Directory /tmp/workdir/hadoop-ozone/integration-test/target/test-dir/MiniOzoneClusterImpl-b97ae15e-6d50-4c11-8b93-1c38e9c31ea1/datanode-2/data/ratis/f9cf877f-7069-4db2-a5fb-0eb5e2d32c26 close()
2019-07-13 14:36:35,999 INFO  impl.RaftServerImpl (RaftServerImpl.java:lambda$shutdown$3(245)) - f79ba558-4292-4dc1-b3d5-8da44f5a5abd: shutdown group-67D99601F85D
2019-07-13 14:36:36,000 INFO  util.JmxRegister (JmxRegister.java:unregister(73)) - Successfully un-registered JMX Bean with object name Ratis:service=RaftServer,group=group-67D99601F85D,id=f79ba558-4292-4dc1-b3d5-8da44f5a5abd
2019-07-13 14:36:36,000 INFO  impl.RoleInfo (RoleInfo.java:shutdownLeaderState(104)) - f79ba558-4292-4dc1-b3d5-8da44f5a5abd: shutdown LeaderState
2019-07-13 14:36:36,001 INFO  impl.PendingRequests (PendingRequests.java:sendNotLeaderResponses(202)) - f79ba558-4292-4dc1-b3d5-8da44f5a5abd-PendingRequests: sendNotLeaderResponses
2019-07-13 14:36:36,001 INFO  impl.StateMachineUpdater (StateMachineUpdater.java:stopAndJoin(115)) - StateMachineUpdater:f79ba558-4292-4dc1-b3d5-8da44f5a5abd:group-67D99601F85D: set stopIndex = 0
2019-07-13 14:36:36,001 INFO  ratis.ContainerStateMachine (ContainerStateMachine.java:takeSnapshot(246)) - Taking snapshot at termIndex:(t:0, i:~)
2019-07-13 14:36:36,002 INFO  impl.RaftServerImpl (ServerState.java:close(394)) - f79ba558-4292-4dc1-b3d5-8da44f5a5abd:group-67D99601F85D closes. The last applied log index is 0
2019-07-13 14:36:36,002 INFO  segmented.SegmentedRaftLogWorker (SegmentedRaftLogWorker.java:run(313)) - f79ba558-4292-4dc1-b3d5-8da44f5a5abd-SegmentedRaftLogWorker:Storage Directory /tmp/workdir/hadoop-ozone/integration-test/target/test-dir/MiniOzoneClusterImpl-b97ae15e-6d50-4c11-8b93-1c38e9c31ea1/datanode-2/data/ratis/923a1b8b-670b-4cb2-8eae-67d99601f85d was interrupted, exiting. There are 0 tasks remaining in the queue.
2019-07-13 14:36:36,005 INFO  segmented.SegmentedRaftLogWorker (SegmentedRaftLogWorker.java:close(228)) - f79ba558-4292-4dc1-b3d5-8da44f5a5abd-SegmentedRaftLogWorker:Storage Directory /tmp/workdir/hadoop-ozone/integration-test/target/test-dir/MiniOzoneClusterImpl-b97ae15e-6d50-4c11-8b93-1c38e9c31ea1/datanode-2/data/ratis/923a1b8b-670b-4cb2-8eae-67d99601f85d close()
2019-07-13 14:36:36,010 INFO  server.GrpcService (GrpcService.java:closeImpl(155)) - f79ba558-4292-4dc1-b3d5-8da44f5a5abd: shutdown server with port 34074 now
2019-07-13 14:36:36,011 WARN  server.GrpcServerProtocolService (LogUtils.java:warn(134)) - f79ba558-4292-4dc1-b3d5-8da44f5a5abd: appendEntries onError: org.apache.ratis.thirdparty.io.grpc.StatusRuntimeException: CANCELLED: cancelled before receiving half close
2019-07-13 14:36:36,011 INFO  server.GrpcService (GrpcService.java:closeImpl(163)) - f79ba558-4292-4dc1-b3d5-8da44f5a5abd: shutdown server with port 34074 successfully
2019-07-13 14:36:36,011 WARN  server.GrpcLogAppender (LogUtils.java:warn(134)) - 0a0196db-4d8a-4223-bbeb-7707b5e8693c->f79ba558-4292-4dc1-b3d5-8da44f5a5abd: Failed appendEntries: org.apache.ratis.thirdparty.io.grpc.StatusRuntimeException: CANCELLED: HTTP/2 error code: CANCEL
Received Rst Stream
2019-07-13 14:36:36,012 INFO  impl.FollowerInfo (FollowerInfo.java:lambda$new$0(50)) - 0a0196db-4d8a-4223-bbeb-7707b5e8693c->f79ba558-4292-4dc1-b3d5-8da44f5a5abd: nextIndex: updateUnconditionally 17 -> 16
2019-07-13 14:36:36,012 INFO  utils.BackgroundService (BackgroundService.java:shutdown(148)) - Shutting down service BlockDeletingService
2019-07-13 14:36:36,014 WARN  fs.CachingGetSpaceUsed (CachingGetSpaceUsed.java:run(183)) - Thread Interrupted waiting to refresh disk information: sleep interrupted
2019-07-13 14:36:36,036 INFO  statemachine.DatanodeStateMachine (DatanodeStateMachine.java:stopDaemon(395)) - Ozone container server stopped.
2019-07-13 14:36:36,037 INFO  handler.ContextHandler (ContextHandler.java:doStop(910)) - Stopped o.e.j.w.WebAppContext@1142843c{/,null,UNAVAILABLE}{/hddsDatanode}
2019-07-13 14:36:36,038 INFO  server.AbstractConnector (AbstractConnector.java:doStop(318)) - Stopped ServerConnector@3993cecb{HTTP/1.1,[http/1.1]}{0.0.0.0:0}
2019-07-13 14:36:36,038 INFO  handler.ContextHandler (ContextHandler.java:doStop(910)) - Stopped o.e.j.s.ServletContextHandler@4583a186{/static,jar:file:/home/user/.m2/repository/org/apache/hadoop/hadoop-hdds-container-service/0.5.0-SNAPSHOT/hadoop-hdds-container-service-0.5.0-SNAPSHOT.jar!/webapps/static,UNAVAILABLE}
2019-07-13 14:36:36,039 INFO  handler.ContextHandler (ContextHandler.java:doStop(910)) - Stopped o.e.j.s.ServletContextHandler@6fc84468{/logs,file:///tmp/workdir/hadoop-ozone/integration-test/target/log,UNAVAILABLE}
2019-07-13 14:36:36,044 WARN  server.GrpcLogAppender (LogUtils.java:warn(134)) - 0a0196db-4d8a-4223-bbeb-7707b5e8693c->f79ba558-4292-4dc1-b3d5-8da44f5a5abd: Failed appendEntries: org.apache.ratis.thirdparty.io.grpc.StatusRuntimeException: UNAVAILABLE: io exception
2019-07-13 14:36:36,045 INFO  impl.FollowerInfo (FollowerInfo.java:lambda$new$0(50)) - 0a0196db-4d8a-4223-bbeb-7707b5e8693c->f79ba558-4292-4dc1-b3d5-8da44f5a5abd: nextIndex: updateUnconditionally 17 -> 16
2019-07-13 14:36:36,047 WARN  server.GrpcLogAppender (LogUtils.java:warn(134)) - 0a0196db-4d8a-4223-bbeb-7707b5e8693c->f79ba558-4292-4dc1-b3d5-8da44f5a5abd: Failed appendEntries: org.apache.ratis.thirdparty.io.grpc.StatusRuntimeException: UNAVAILABLE: io exception
2019-07-13 14:36:36,047 INFO  impl.FollowerInfo (FollowerInfo.java:lambda$new$0(50)) - 0a0196db-4d8a-4223-bbeb-7707b5e8693c->f79ba558-4292-4dc1-b3d5-8da44f5a5abd: nextIndex: updateUnconditionally 17 -> 16
2019-07-13 14:36:36,049 WARN  server.GrpcLogAppender (LogUtils.java:warn(134)) - 0a0196db-4d8a-4223-bbeb-7707b5e8693c->f79ba558-4292-4dc1-b3d5-8da44f5a5abd: Failed appendEntries: org.apache.ratis.thirdparty.io.grpc.StatusRuntimeException: UNAVAILABLE: io exception
2019-07-13 14:36:36,050 INFO  client.GrpcClientProtocolClient (GrpcClientProtocolClient.java:onNext(255)) - client-7633DEB64983->0a0196db-4d8a-4223-bbeb-7707b5e8693c: receive RaftClientReply:client-7633DEB64983->0a0196db-4d8a-4223-bbeb-7707b5e8693c@group-0EB5E2D32C26, cid=192, SUCCESS, logIndex=17, commits[0a0196db-4d8a-4223-bbeb-7707b5e8693c:c19, 0f318484-2ab1-4752-ba62-81186709e0fe:c16, f79ba558-4292-4dc1-b3d5-8da44f5a5abd:c16]
2019-07-13 14:36:36,050 INFO  impl.FollowerInfo (FollowerInfo.java:lambda$new$0(50)) - 0a0196db-4d8a-4223-bbeb-7707b5e8693c->f79ba558-4292-4dc1-b3d5-8da44f5a5abd: nextIndex: updateUnconditionally 17 -> 16
2019-07-13 14:36:36,050 INFO  client.GrpcClientProtocolClient (GrpcClientProtocolClient.java:onNext(255)) - client-7633DEB64983->0a0196db-4d8a-4223-bbeb-7707b5e8693c: receive RaftClientReply:client-7633DEB64983->0a0196db-4d8a-4223-bbeb-7707b5e8693c@group-0EB5E2D32C26, cid=193, SUCCESS, logIndex=18, commits[0a0196db-4d8a-4223-bbeb-7707b5e8693c:c20, 0f318484-2ab1-4752-ba62-81186709e0fe:c16, f79ba558-4292-4dc1-b3d5-8da44f5a5abd:c16]
2019-07-13 14:36:36,051 INFO  client.GrpcClientProtocolClient (GrpcClientProtocolClient.java:onNext(255)) - client-7633DEB64983->0a0196db-4d8a-4223-bbeb-7707b5e8693c: receive RaftClientReply:client-7633DEB64983->0a0196db-4d8a-4223-bbeb-7707b5e8693c@group-0EB5E2D32C26, cid=194, SUCCESS, logIndex=19, commits[0a0196db-4d8a-4223-bbeb-7707b5e8693c:c20, 0f318484-2ab1-4752-ba62-81186709e0fe:c16, f79ba558-4292-4dc1-b3d5-8da44f5a5abd:c16]
2019-07-13 14:36:36,052 WARN  server.GrpcLogAppender (LogUtils.java:warn(134)) - 0a0196db-4d8a-4223-bbeb-7707b5e8693c->f79ba558-4292-4dc1-b3d5-8da44f5a5abd: Failed appendEntries: org.apache.ratis.thirdparty.io.grpc.StatusRuntimeException: UNAVAILABLE: io exception
2019-07-13 14:36:36,052 INFO  impl.FollowerInfo (FollowerInfo.java:lambda$new$0(50)) - 0a0196db-4d8a-4223-bbeb-7707b5e8693c->f79ba558-4292-4dc1-b3d5-8da44f5a5abd: nextIndex: updateUnconditionally 17 -> 16
2019-07-13 14:36:36,053 INFO  client.GrpcClientProtocolClient (GrpcClientProtocolClient.java:onNext(255)) - client-7633DEB64983->0a0196db-4d8a-4223-bbeb-7707b5e8693c: receive RaftClientReply:client-7633DEB64983->0a0196db-4d8a-4223-bbeb-7707b5e8693c@group-0EB5E2D32C26, cid=195, SUCCESS, logIndex=20, commits[0a0196db-4d8a-4223-bbeb-7707b5e8693c:c22, 0f318484-2ab1-4752-ba62-81186709e0fe:c16, f79ba558-4292-4dc1-b3d5-8da44f5a5abd:c16]
2019-07-13 14:36:36,054 INFO  client.GrpcClientProtocolClient (GrpcClientProtocolClient.java:onNext(255)) - client-7633DEB64983->0a0196db-4d8a-4223-bbeb-7707b5e8693c: receive RaftClientReply:client-7633DEB64983->0a0196db-4d8a-4223-bbeb-7707b5e8693c@group-0EB5E2D32C26, cid=196, SUCCESS, logIndex=21, commits[0a0196db-4d8a-4223-bbeb-7707b5e8693c:c24, 0f318484-2ab1-4752-ba62-81186709e0fe:c19, f79ba558-4292-4dc1-b3d5-8da44f5a5abd:c16]
2019-07-13 14:36:36,055 INFO  client.GrpcClientProtocolClient (GrpcClientProtocolClient.java:onNext(255)) - client-7633DEB64983->0a0196db-4d8a-4223-bbeb-7707b5e8693c: receive RaftClientReply:client-7633DEB64983->0a0196db-4d8a-4223-bbeb-7707b5e8693c@group-0EB5E2D32C26, cid=197, SUCCESS, logIndex=22, commits[0a0196db-4d8a-4223-bbeb-7707b5e8693c:c24, 0f318484-2ab1-4752-ba62-81186709e0fe:c19, f79ba558-4292-4dc1-b3d5-8da44f5a5abd:c16]
2019-07-13 14:36:36,055 WARN  server.GrpcLogAppender (LogUtils.java:warn(134)) - 0a0196db-4d8a-4223-bbeb-7707b5e8693c->f79ba558-4292-4dc1-b3d5-8da44f5a5abd: Failed appendEntries: org.apache.ratis.thirdparty.io.grpc.StatusRuntimeException: UNAVAILABLE: io exception
2019-07-13 14:36:36,056 INFO  impl.FollowerInfo (FollowerInfo.java:lambda$new$0(50)) - 0a0196db-4d8a-4223-bbeb-7707b5e8693c->f79ba558-4292-4dc1-b3d5-8da44f5a5abd: nextIndex: updateUnconditionally 17 -> 16
2019-07-13 14:36:37,056 WARN  scm.XceiverClientRatis (XceiverClientRatis.java:watchForCommit(262)) - 3 way commit failed on pipeline Pipeline[ Id: f9cf877f-7069-4db2-a5fb-0eb5e2d32c26, Nodes: f79ba558-4292-4dc1-b3d5-8da44f5a5abd{ip: 192.168.5.172, host: trunk-nightly-mhs6z-4061744966, networkLocation: /default-rack, certSerialId: null}0a0196db-4d8a-4223-bbeb-7707b5e8693c{ip: 192.168.5.172, host: trunk-nightly-mhs6z-4061744966, networkLocation: /default-rack, certSerialId: null}0f318484-2ab1-4752-ba62-81186709e0fe{ip: 192.168.5.172, host: trunk-nightly-mhs6z-4061744966, networkLocation: /default-rack, certSerialId: null}, Type:RATIS, Factor:THREE, State:OPEN]
java.util.concurrent.TimeoutException
	at java.util.concurrent.CompletableFuture.timedGet(CompletableFuture.java:1771)
	at java.util.concurrent.CompletableFuture.get(CompletableFuture.java:1915)
	at org.apache.hadoop.hdds.scm.XceiverClientRatis.watchForCommit(XceiverClientRatis.java:259)
	at org.apache.hadoop.hdds.scm.storage.CommitWatcher.watchForCommit(CommitWatcher.java:194)
	at org.apache.hadoop.hdds.scm.storage.CommitWatcher.watchOnLastIndex(CommitWatcher.java:157)
	at org.apache.hadoop.hdds.scm.storage.BlockOutputStream.watchForCommit(BlockOutputStream.java:355)
	at org.apache.hadoop.hdds.scm.storage.BlockOutputStream.handleFlush(BlockOutputStream.java:487)
	at org.apache.hadoop.hdds.scm.storage.BlockOutputStream.close(BlockOutputStream.java:501)
	at org.apache.hadoop.ozone.client.io.BlockOutputStreamEntry.close(BlockOutputStreamEntry.java:143)
	at org.apache.hadoop.ozone.client.io.KeyOutputStream.handleFlushOrClose(KeyOutputStream.java:438)
	at org.apache.hadoop.ozone.client.io.KeyOutputStream.handleWrite(KeyOutputStream.java:235)
	at org.apache.hadoop.ozone.client.io.KeyOutputStream.write(KeyOutputStream.java:193)
	at org.apache.hadoop.ozone.client.io.OzoneOutputStream.write(OzoneOutputStream.java:49)
	at java.io.OutputStream.write(OutputStream.java:75)
	at org.apache.hadoop.ozone.client.rpc.TestBlockOutputStreamWithFailures.testWatchForCommitDatanodeFailure(TestBlockOutputStreamWithFailures.java:363)
	at sun.reflect.NativeMethodAccessorImpl.invoke0(Native Method)
	at sun.reflect.NativeMethodAccessorImpl.invoke(NativeMethodAccessorImpl.java:62)
	at sun.reflect.DelegatingMethodAccessorImpl.invoke(DelegatingMethodAccessorImpl.java:43)
	at java.lang.reflect.Method.invoke(Method.java:498)
	at org.junit.runners.model.FrameworkMethod$1.runReflectiveCall(FrameworkMethod.java:47)
	at org.junit.internal.runners.model.ReflectiveCallable.run(ReflectiveCallable.java:12)
	at org.junit.runners.model.FrameworkMethod.invokeExplosively(FrameworkMethod.java:44)
	at org.junit.internal.runners.statements.InvokeMethod.evaluate(InvokeMethod.java:17)
	at org.junit.internal.runners.statements.RunBefores.evaluate(RunBefores.java:26)
	at org.junit.internal.runners.statements.RunAfters.evaluate(RunAfters.java:27)
	at org.junit.runners.ParentRunner.runLeaf(ParentRunner.java:271)
	at org.junit.runners.BlockJUnit4ClassRunner.runChild(BlockJUnit4ClassRunner.java:70)
	at org.junit.runners.BlockJUnit4ClassRunner.runChild(BlockJUnit4ClassRunner.java:50)
	at org.junit.runners.ParentRunner$3.run(ParentRunner.java:238)
	at org.junit.runners.ParentRunner$1.schedule(ParentRunner.java:63)
	at org.junit.runners.ParentRunner.runChildren(ParentRunner.java:236)
	at org.junit.runners.ParentRunner.access$000(ParentRunner.java:53)
	at org.junit.runners.ParentRunner$2.evaluate(ParentRunner.java:229)
	at org.junit.runners.ParentRunner.run(ParentRunner.java:309)
	at org.apache.maven.surefire.junit4.JUnit4Provider.execute(JUnit4Provider.java:365)
	at org.apache.maven.surefire.junit4.JUnit4Provider.executeWithRerun(JUnit4Provider.java:273)
	at org.apache.maven.surefire.junit4.JUnit4Provider.executeTestSet(JUnit4Provider.java:238)
	at org.apache.maven.surefire.junit4.JUnit4Provider.invoke(JUnit4Provider.java:159)
	at org.apache.maven.surefire.booter.ForkedBooter.invokeProviderInSameClassLoader(ForkedBooter.java:384)
	at org.apache.maven.surefire.booter.ForkedBooter.runSuitesInProcess(ForkedBooter.java:345)
	at org.apache.maven.surefire.booter.ForkedBooter.execute(ForkedBooter.java:126)
	at org.apache.maven.surefire.booter.ForkedBooter.main(ForkedBooter.java:418)
2019-07-13 14:36:37,061 INFO  client.GrpcClientProtocolClient (GrpcClientProtocolClient.java:onNext(255)) - client-7633DEB64983->0a0196db-4d8a-4223-bbeb-7707b5e8693c: receive RaftClientReply:client-7633DEB64983->0a0196db-4d8a-4223-bbeb-7707b5e8693c@group-0EB5E2D32C26, cid=199, SUCCESS, logIndex=0, commits[0a0196db-4d8a-4223-bbeb-7707b5e8693c:c27, 0f318484-2ab1-4752-ba62-81186709e0fe:c22, f79ba558-4292-4dc1-b3d5-8da44f5a5abd:c16]
2019-07-13 14:36:37,065 INFO  scm.XceiverClientRatis (XceiverClientRatis.java:lambda$watchForCommit$7(280)) - Could not commit index 22 on pipeline Pipeline[ Id: f9cf877f-7069-4db2-a5fb-0eb5e2d32c26, Nodes: f79ba558-4292-4dc1-b3d5-8da44f5a5abd{ip: 192.168.5.172, host: trunk-nightly-mhs6z-4061744966, networkLocation: /default-rack, certSerialId: null}0a0196db-4d8a-4223-bbeb-7707b5e8693c{ip: 192.168.5.172, host: trunk-nightly-mhs6z-4061744966, networkLocation: /default-rack, certSerialId: null}0f318484-2ab1-4752-ba62-81186709e0fe{ip: 192.168.5.172, host: trunk-nightly-mhs6z-4061744966, networkLocation: /default-rack, certSerialId: null}, Type:RATIS, Factor:THREE, State:OPEN] to all the nodes. Server f79ba558-4292-4dc1-b3d5-8da44f5a5abd has failed. Committed by majority.
2019-07-13 14:36:37,066 WARN  storage.BlockOutputStream (BlockOutputStream.java:watchForCommit(361)) - Failed to commit BlockId conID: 1 locID: 102434641391386638 bcsId: 22 on Pipeline[ Id: f9cf877f-7069-4db2-a5fb-0eb5e2d32c26, Nodes: f79ba558-4292-4dc1-b3d5-8da44f5a5abd{ip: 192.168.5.172, host: trunk-nightly-mhs6z-4061744966, networkLocation: /default-rack, certSerialId: null}0a0196db-4d8a-4223-bbeb-7707b5e8693c{ip: 192.168.5.172, host: trunk-nightly-mhs6z-4061744966, networkLocation: /default-rack, certSerialId: null}0f318484-2ab1-4752-ba62-81186709e0fe{ip: 192.168.5.172, host: trunk-nightly-mhs6z-4061744966, networkLocation: /default-rack, certSerialId: null}, Type:RATIS, Factor:THREE, State:OPEN]. Failed nodes: [f79ba558-4292-4dc1-b3d5-8da44f5a5abd{ip: null, host: null, networkLocation: /default-rack, certSerialId: null}]
2019-07-13 14:36:37,067 INFO  ozone.MiniOzoneClusterImpl (MiniOzoneClusterImpl.java:shutdown(321)) - Shutting down the Mini Ozone Cluster
2019-07-13 14:36:37,067 INFO  ozone.MiniOzoneClusterImpl (MiniOzoneClusterImpl.java:stop(336)) - Stopping the Mini Ozone Cluster
2019-07-13 14:36:37,067 INFO  ozone.MiniOzoneClusterImpl (MiniOzoneClusterImpl.java:stop(338)) - Stopping the OzoneManager
2019-07-13 14:36:37,067 INFO  ipc.Server (Server.java:stop(3082)) - Stopping server on 36247
2019-07-13 14:36:37,075 INFO  ipc.Server (Server.java:run(1185)) - Stopping IPC Server listener on 36247
2019-07-13 14:36:37,076 INFO  utils.BackgroundService (BackgroundService.java:shutdown(148)) - Shutting down service KeyDeletingService
2019-07-13 14:36:37,076 INFO  ipc.Server (Server.java:run(1319)) - Stopping IPC Server Responder
2019-07-13 14:36:37,115 INFO  handler.ContextHandler (ContextHandler.java:doStop(910)) - Stopped o.e.j.w.WebAppContext@42a198dd{/,null,UNAVAILABLE}{/ozoneManager}
2019-07-13 14:36:37,116 INFO  server.AbstractConnector (AbstractConnector.java:doStop(318)) - Stopped ServerConnector@5924ea91{HTTP/1.1,[http/1.1]}{0.0.0.0:0}
2019-07-13 14:36:37,116 INFO  handler.ContextHandler (ContextHandler.java:doStop(910)) - Stopped o.e.j.s.ServletContextHandler@37f60cd4{/static,file:///tmp/workdir/hadoop-ozone/integration-test/target/test-classes/webapps/static,UNAVAILABLE}
2019-07-13 14:36:37,117 INFO  handler.ContextHandler (ContextHandler.java:doStop(910)) - Stopped o.e.j.s.ServletContextHandler@69fa5536{/logs,file:///tmp/workdir/hadoop-ozone/integration-test/target/log,UNAVAILABLE}
2019-07-13 14:36:37,119 INFO  ozone.MiniOzoneClusterImpl (MiniOzoneClusterImpl.java:stop(344)) - Shutting the HddsDatanodes
2019-07-13 14:36:37,119 INFO  datanode.ObjectStoreHandler (ObjectStoreHandler.java:close(155)) - Closing ObjectStoreHandler.
2019-07-13 14:36:37,120 INFO  datanode.ObjectStoreHandler (ObjectStoreHandler.java:close(155)) - Closing ObjectStoreHandler.
2019-07-13 14:36:37,120 INFO  ozone.HddsDatanodeService (HddsDatanodeService.java:stop(452)) - Stopped plug-in org.apache.hadoop.ozone.web.OzoneHddsDatanodeService@a8ef0c2
2019-07-13 14:36:37,120 INFO  ozone.HddsDatanodeService (HddsDatanodeService.java:stop(452)) - Stopped plug-in org.apache.hadoop.ozone.web.OzoneHddsDatanodeService@1df60140
2019-07-13 14:36:37,288 INFO  statemachine.DatanodeStateMachine (DatanodeStateMachine.java:lambda$startDaemon$0(350)) - Ozone container server started.
2019-07-13 14:36:37,846 INFO  statemachine.DatanodeStateMachine (DatanodeStateMachine.java:lambda$startDaemon$0(350)) - Ozone container server started.
2019-07-13 14:36:38,557 WARN  server.GrpcLogAppender (LogUtils.java:warn(134)) - 0a0196db-4d8a-4223-bbeb-7707b5e8693c->f79ba558-4292-4dc1-b3d5-8da44f5a5abd: Failed appendEntries: org.apache.ratis.thirdparty.io.grpc.StatusRuntimeException: UNAVAILABLE: io exception
2019-07-13 14:36:38,557 INFO  impl.FollowerInfo (FollowerInfo.java:lambda$new$0(50)) - 0a0196db-4d8a-4223-bbeb-7707b5e8693c->f79ba558-4292-4dc1-b3d5-8da44f5a5abd: nextIndex: updateUnconditionally 16 -> 15
2019-07-13 14:36:38,861 WARN  server.GrpcLogAppender (LogUtils.java:warn(134)) - 0a0196db-4d8a-4223-bbeb-7707b5e8693c->f79ba558-4292-4dc1-b3d5-8da44f5a5abd: Failed appendEntries: org.apache.ratis.thirdparty.io.grpc.StatusRuntimeException: UNAVAILABLE: io exception
2019-07-13 14:36:38,862 INFO  impl.FollowerInfo (FollowerInfo.java:lambda$new$0(50)) - 0a0196db-4d8a-4223-bbeb-7707b5e8693c->f79ba558-4292-4dc1-b3d5-8da44f5a5abd: nextIndex: updateUnconditionally 16 -> 15
2019-07-13 14:36:38,872 WARN  server.GrpcLogAppender (LogUtils.java:warn(134)) - 0a0196db-4d8a-4223-bbeb-7707b5e8693c->f79ba558-4292-4dc1-b3d5-8da44f5a5abd: Failed appendEntries: org.apache.ratis.thirdparty.io.grpc.StatusRuntimeException: UNAVAILABLE: io exception
2019-07-13 14:36:38,872 INFO  impl.FollowerInfo (FollowerInfo.java:lambda$new$0(50)) - 0a0196db-4d8a-4223-bbeb-7707b5e8693c->f79ba558-4292-4dc1-b3d5-8da44f5a5abd: nextIndex: updateUnconditionally 16 -> 15
2019-07-13 14:36:38,885 WARN  server.GrpcLogAppender (LogUtils.java:warn(134)) - 0a0196db-4d8a-4223-bbeb-7707b5e8693c->f79ba558-4292-4dc1-b3d5-8da44f5a5abd: Failed appendEntries: org.apache.ratis.thirdparty.io.grpc.StatusRuntimeException: UNAVAILABLE: io exception
2019-07-13 14:36:38,885 INFO  impl.FollowerInfo (FollowerInfo.java:lambda$new$0(50)) - 0a0196db-4d8a-4223-bbeb-7707b5e8693c->f79ba558-4292-4dc1-b3d5-8da44f5a5abd: nextIndex: updateUnconditionally 16 -> 15
2019-07-13 14:36:38,927 INFO  interfaces.Container (KeyValueContainer.java:compactDB(356)) - Container 1 is closed with bcsId 22.
2019-07-13 14:36:38,953 INFO  interfaces.Container (KeyValueContainer.java:compactDB(356)) - Container 1 is closed with bcsId 22.
2019-07-13 14:36:41,368 INFO  node.StaleNodeHandler (StaleNodeHandler.java:onMessage(58)) - Datanode d3691bba-61f5-467c-b757-f5857d6c6cfd{ip: 192.168.5.172, host: trunk-nightly-mhs6z-4061744966, networkLocation: /default-rack, certSerialId: null} moved to stale state. Finalizing its pipelines [PipelineID=cec51087-ce58-4ec8-af18-377b4f2683a3, PipelineID=db742c38-3bbc-4ea8-a6c6-7486b4974268]
2019-07-13 14:36:41,368 INFO  pipeline.SCMPipelineManager (SCMPipelineManager.java:finalizeAndDestroyPipeline(309)) - destroying pipeline:Pipeline[ Id: cec51087-ce58-4ec8-af18-377b4f2683a3, Nodes: d3691bba-61f5-467c-b757-f5857d6c6cfd{ip: 192.168.5.172, host: trunk-nightly-mhs6z-4061744966, networkLocation: /default-rack, certSerialId: null}, Type:RATIS, Factor:ONE, State:OPEN]
2019-07-13 14:36:41,369 INFO  pipeline.PipelineStateManager (PipelineStateManager.java:finalizePipeline(123)) - Pipeline Pipeline[ Id: cec51087-ce58-4ec8-af18-377b4f2683a3, Nodes: d3691bba-61f5-467c-b757-f5857d6c6cfd{ip: 192.168.5.172, host: trunk-nightly-mhs6z-4061744966, networkLocation: /default-rack, certSerialId: null}, Type:RATIS, Factor:ONE, State:CLOSED] moved to CLOSED state
2019-07-13 14:36:41,369 INFO  pipeline.SCMPipelineManager (SCMPipelineManager.java:finalizeAndDestroyPipeline(309)) - destroying pipeline:Pipeline[ Id: db742c38-3bbc-4ea8-a6c6-7486b4974268, Nodes: 86a99646-22da-4064-ad20-4a90a4de8188{ip: 192.168.5.172, host: trunk-nightly-mhs6z-4061744966, networkLocation: /default-rack, certSerialId: null}d3691bba-61f5-467c-b757-f5857d6c6cfd{ip: 192.168.5.172, host: trunk-nightly-mhs6z-4061744966, networkLocation: /default-rack, certSerialId: null}71dca860-de59-4958-8d12-2670ada20a66{ip: 192.168.5.172, host: trunk-nightly-mhs6z-4061744966, networkLocation: /default-rack, certSerialId: null}, Type:RATIS, Factor:THREE, State:OPEN]
2019-07-13 14:36:41,369 INFO  pipeline.PipelineStateManager (PipelineStateManager.java:finalizePipeline(123)) - Pipeline Pipeline[ Id: db742c38-3bbc-4ea8-a6c6-7486b4974268, Nodes: 86a99646-22da-4064-ad20-4a90a4de8188{ip: 192.168.5.172, host: trunk-nightly-mhs6z-4061744966, networkLocation: /default-rack, certSerialId: null}d3691bba-61f5-467c-b757-f5857d6c6cfd{ip: 192.168.5.172, host: trunk-nightly-mhs6z-4061744966, networkLocation: /default-rack, certSerialId: null}71dca860-de59-4958-8d12-2670ada20a66{ip: 192.168.5.172, host: trunk-nightly-mhs6z-4061744966, networkLocation: /default-rack, certSerialId: null}, Type:RATIS, Factor:THREE, State:CLOSED] moved to CLOSED state
2019-07-13 14:36:41,386 WARN  server.GrpcLogAppender (LogUtils.java:warn(134)) - 0a0196db-4d8a-4223-bbeb-7707b5e8693c->f79ba558-4292-4dc1-b3d5-8da44f5a5abd: Failed appendEntries: org.apache.ratis.thirdparty.io.grpc.StatusRuntimeException: UNAVAILABLE: io exception
2019-07-13 14:36:41,386 INFO  impl.FollowerInfo (FollowerInfo.java:lambda$new$0(50)) - 0a0196db-4d8a-4223-bbeb-7707b5e8693c->f79ba558-4292-4dc1-b3d5-8da44f5a5abd: nextIndex: updateUnconditionally 15 -> 14
2019-07-13 14:36:41,869 INFO  node.StaleNodeHandler (StaleNodeHandler.java:onMessage(58)) - Datanode 0f318484-2ab1-4752-ba62-81186709e0fe{ip: 192.168.5.172, host: trunk-nightly-mhs6z-4061744966, networkLocation: /default-rack, certSerialId: null} moved to stale state. Finalizing its pipelines [PipelineID=f9cf877f-7069-4db2-a5fb-0eb5e2d32c26, PipelineID=16125ca7-5956-4725-968b-fa73702d2992]
2019-07-13 14:36:41,870 INFO  pipeline.SCMPipelineManager (SCMPipelineManager.java:finalizeAndDestroyPipeline(309)) - destroying pipeline:Pipeline[ Id: f9cf877f-7069-4db2-a5fb-0eb5e2d32c26, Nodes: f79ba558-4292-4dc1-b3d5-8da44f5a5abd{ip: 192.168.5.172, host: trunk-nightly-mhs6z-4061744966, networkLocation: /default-rack, certSerialId: null}0a0196db-4d8a-4223-bbeb-7707b5e8693c{ip: 192.168.5.172, host: trunk-nightly-mhs6z-4061744966, networkLocation: /default-rack, certSerialId: null}0f318484-2ab1-4752-ba62-81186709e0fe{ip: 192.168.5.172, host: trunk-nightly-mhs6z-4061744966, networkLocation: /default-rack, certSerialId: null}, Type:RATIS, Factor:THREE, State:CLOSED]
2019-07-13 14:36:41,870 INFO  pipeline.SCMPipelineManager (SCMPipelineManager.java:finalizeAndDestroyPipeline(309)) - destroying pipeline:Pipeline[ Id: 16125ca7-5956-4725-968b-fa73702d2992, Nodes: 0f318484-2ab1-4752-ba62-81186709e0fe{ip: 192.168.5.172, host: trunk-nightly-mhs6z-4061744966, networkLocation: /default-rack, certSerialId: null}, Type:RATIS, Factor:ONE, State:OPEN]
2019-07-13 14:36:41,870 INFO  pipeline.PipelineStateManager (PipelineStateManager.java:finalizePipeline(123)) - Pipeline Pipeline[ Id: 16125ca7-5956-4725-968b-fa73702d2992, Nodes: 0f318484-2ab1-4752-ba62-81186709e0fe{ip: 192.168.5.172, host: trunk-nightly-mhs6z-4061744966, networkLocation: /default-rack, certSerialId: null}, Type:RATIS, Factor:ONE, State:CLOSED] moved to CLOSED state
2019-07-13 14:36:42,121 INFO  ozoneimpl.OzoneContainer (OzoneContainer.java:stop(199)) - Attempting to stop container services.
2019-07-13 14:36:42,123 INFO  impl.RaftServerProxy (RaftServerProxy.java:lambda$close$4(314)) - d3691bba-61f5-467c-b757-f5857d6c6cfd: close
2019-07-13 14:36:42,123 INFO  ozoneimpl.OzoneContainer (OzoneContainer.java:stop(199)) - Attempting to stop container services.
2019-07-13 14:36:42,123 INFO  impl.RaftServerImpl (RaftServerImpl.java:lambda$shutdown$3(245)) - d3691bba-61f5-467c-b757-f5857d6c6cfd: shutdown group-377B4F2683A3
2019-07-13 14:36:42,123 INFO  impl.RaftServerProxy (RaftServerProxy.java:lambda$close$4(314)) - 0f318484-2ab1-4752-ba62-81186709e0fe: close
2019-07-13 14:36:42,124 INFO  util.JmxRegister (JmxRegister.java:unregister(73)) - Successfully un-registered JMX Bean with object name Ratis:service=RaftServer,group=group-377B4F2683A3,id=d3691bba-61f5-467c-b757-f5857d6c6cfd
2019-07-13 14:36:42,124 INFO  impl.RaftServerImpl (RaftServerImpl.java:lambda$shutdown$3(245)) - 0f318484-2ab1-4752-ba62-81186709e0fe: shutdown group-0EB5E2D32C26
2019-07-13 14:36:42,125 INFO  impl.RoleInfo (RoleInfo.java:shutdownLeaderState(104)) - d3691bba-61f5-467c-b757-f5857d6c6cfd: shutdown LeaderState
2019-07-13 14:36:42,125 INFO  util.JmxRegister (JmxRegister.java:unregister(73)) - Successfully un-registered JMX Bean with object name Ratis:service=RaftServer,group=group-0EB5E2D32C26,id=0f318484-2ab1-4752-ba62-81186709e0fe
2019-07-13 14:36:42,126 INFO  impl.PendingRequests (PendingRequests.java:sendNotLeaderResponses(202)) - d3691bba-61f5-467c-b757-f5857d6c6cfd-PendingRequests: sendNotLeaderResponses
2019-07-13 14:36:42,126 INFO  impl.RoleInfo (RoleInfo.java:shutdownFollowerState(121)) - 0f318484-2ab1-4752-ba62-81186709e0fe: shutdown FollowerState
2019-07-13 14:36:42,126 INFO  impl.StateMachineUpdater (StateMachineUpdater.java:stopAndJoin(115)) - StateMachineUpdater:d3691bba-61f5-467c-b757-f5857d6c6cfd:group-377B4F2683A3: set stopIndex = 0
2019-07-13 14:36:42,127 INFO  impl.FollowerState (FollowerState.java:run(114)) - 0f318484-2ab1-4752-ba62-81186709e0fe: FollowerState was interrupted: java.lang.InterruptedException: sleep interrupted
2019-07-13 14:36:42,127 INFO  ratis.ContainerStateMachine (ContainerStateMachine.java:takeSnapshot(246)) - Taking snapshot at termIndex:(t:1, i:28)
2019-07-13 14:36:42,134 INFO  ratis.ContainerStateMachine (ContainerStateMachine.java:takeSnapshot(250)) - Taking a snapshot to file /tmp/workdir/hadoop-ozone/integration-test/target/test-dir/MiniOzoneClusterImpl-b97ae15e-6d50-4c11-8b93-1c38e9c31ea1/datanode-1/data/ratis/f9cf877f-7069-4db2-a5fb-0eb5e2d32c26/sm/snapshot.1_28
2019-07-13 14:36:42,127 INFO  ratis.ContainerStateMachine (ContainerStateMachine.java:takeSnapshot(246)) - Taking snapshot at termIndex:(t:0, i:~)
2019-07-13 14:36:42,127 INFO  impl.StateMachineUpdater (StateMachineUpdater.java:stopAndJoin(115)) - StateMachineUpdater:0f318484-2ab1-4752-ba62-81186709e0fe:group-0EB5E2D32C26: set stopIndex = 29
2019-07-13 14:36:42,135 INFO  impl.StateMachineUpdater (StateMachineUpdater.java:takeSnapshot(242)) - StateMachineUpdater:0f318484-2ab1-4752-ba62-81186709e0fe:group-0EB5E2D32C26: Took a snapshot at index 28
2019-07-13 14:36:42,135 INFO  impl.StateMachineUpdater (StateMachineUpdater.java:lambda$new$0(80)) - StateMachineUpdater:0f318484-2ab1-4752-ba62-81186709e0fe:group-0EB5E2D32C26: snapshotIndex: updateIncreasingly -1 -> 28
2019-07-13 14:36:42,134 INFO  impl.RaftServerImpl (ServerState.java:close(394)) - d3691bba-61f5-467c-b757-f5857d6c6cfd:group-377B4F2683A3 closes. The last applied log index is 0
2019-07-13 14:36:42,135 INFO  impl.RaftServerImpl (ServerState.java:close(394)) - 0f318484-2ab1-4752-ba62-81186709e0fe:group-0EB5E2D32C26 closes. The last applied log index is 29
2019-07-13 14:36:42,136 INFO  segmented.SegmentedRaftLogWorker (SegmentedRaftLogWorker.java:run(313)) - d3691bba-61f5-467c-b757-f5857d6c6cfd-SegmentedRaftLogWorker:Storage Directory /tmp/workdir/hadoop-ozone/integration-test/target/test-dir/MiniOzoneClusterImpl-b97ae15e-6d50-4c11-8b93-1c38e9c31ea1/datanode-4/data/ratis/cec51087-ce58-4ec8-af18-377b4f2683a3 was interrupted, exiting. There are 0 tasks remaining in the queue.
2019-07-13 14:36:42,136 INFO  segmented.SegmentedRaftLogWorker (SegmentedRaftLogWorker.java:run(313)) - 0f318484-2ab1-4752-ba62-81186709e0fe-SegmentedRaftLogWorker:Storage Directory /tmp/workdir/hadoop-ozone/integration-test/target/test-dir/MiniOzoneClusterImpl-b97ae15e-6d50-4c11-8b93-1c38e9c31ea1/datanode-1/data/ratis/f9cf877f-7069-4db2-a5fb-0eb5e2d32c26 was interrupted, exiting. There are 0 tasks remaining in the queue.
2019-07-13 14:36:42,140 INFO  segmented.SegmentedRaftLogWorker (SegmentedRaftLogWorker.java:close(228)) - d3691bba-61f5-467c-b757-f5857d6c6cfd-SegmentedRaftLogWorker:Storage Directory /tmp/workdir/hadoop-ozone/integration-test/target/test-dir/MiniOzoneClusterImpl-b97ae15e-6d50-4c11-8b93-1c38e9c31ea1/datanode-4/data/ratis/cec51087-ce58-4ec8-af18-377b4f2683a3 close()
2019-07-13 14:36:42,140 INFO  segmented.SegmentedRaftLogWorker (SegmentedRaftLogWorker.java:close(228)) - 0f318484-2ab1-4752-ba62-81186709e0fe-SegmentedRaftLogWorker:Storage Directory /tmp/workdir/hadoop-ozone/integration-test/target/test-dir/MiniOzoneClusterImpl-b97ae15e-6d50-4c11-8b93-1c38e9c31ea1/datanode-1/data/ratis/f9cf877f-7069-4db2-a5fb-0eb5e2d32c26 close()
2019-07-13 14:36:42,145 INFO  impl.RaftServerImpl (RaftServerImpl.java:lambda$shutdown$3(245)) - d3691bba-61f5-467c-b757-f5857d6c6cfd: shutdown group-7486B4974268
2019-07-13 14:36:42,149 INFO  impl.RaftServerImpl (RaftServerImpl.java:lambda$shutdown$3(245)) - 0f318484-2ab1-4752-ba62-81186709e0fe: shutdown group-FA73702D2992
2019-07-13 14:36:42,149 INFO  util.JmxRegister (JmxRegister.java:unregister(73)) - Successfully un-registered JMX Bean with object name Ratis:service=RaftServer,group=group-7486B4974268,id=d3691bba-61f5-467c-b757-f5857d6c6cfd
2019-07-13 14:36:42,149 INFO  util.JmxRegister (JmxRegister.java:unregister(73)) - Successfully un-registered JMX Bean with object name Ratis:service=RaftServer,group=group-FA73702D2992,id=0f318484-2ab1-4752-ba62-81186709e0fe
2019-07-13 14:36:42,150 INFO  impl.RoleInfo (RoleInfo.java:shutdownFollowerState(121)) - d3691bba-61f5-467c-b757-f5857d6c6cfd: shutdown FollowerState
2019-07-13 14:36:42,150 INFO  impl.RoleInfo (RoleInfo.java:shutdownLeaderState(104)) - 0f318484-2ab1-4752-ba62-81186709e0fe: shutdown LeaderState
2019-07-13 14:36:42,151 INFO  impl.FollowerState (FollowerState.java:run(114)) - d3691bba-61f5-467c-b757-f5857d6c6cfd: FollowerState was interrupted: java.lang.InterruptedException: sleep interrupted
2019-07-13 14:36:42,151 INFO  ratis.ContainerStateMachine (ContainerStateMachine.java:takeSnapshot(246)) - Taking snapshot at termIndex:(t:0, i:~)
2019-07-13 14:36:42,151 INFO  impl.StateMachineUpdater (StateMachineUpdater.java:stopAndJoin(115)) - StateMachineUpdater:d3691bba-61f5-467c-b757-f5857d6c6cfd:group-7486B4974268: set stopIndex = 0
2019-07-13 14:36:42,153 INFO  impl.RaftServerImpl (ServerState.java:close(394)) - d3691bba-61f5-467c-b757-f5857d6c6cfd:group-7486B4974268 closes. The last applied log index is 0
2019-07-13 14:36:42,151 INFO  impl.PendingRequests (PendingRequests.java:sendNotLeaderResponses(202)) - 0f318484-2ab1-4752-ba62-81186709e0fe-PendingRequests: sendNotLeaderResponses
2019-07-13 14:36:42,154 INFO  segmented.SegmentedRaftLogWorker (SegmentedRaftLogWorker.java:run(313)) - d3691bba-61f5-467c-b757-f5857d6c6cfd-SegmentedRaftLogWorker:Storage Directory /tmp/workdir/hadoop-ozone/integration-test/target/test-dir/MiniOzoneClusterImpl-b97ae15e-6d50-4c11-8b93-1c38e9c31ea1/datanode-4/data/ratis/db742c38-3bbc-4ea8-a6c6-7486b4974268 was interrupted, exiting. There are 0 tasks remaining in the queue.
2019-07-13 14:36:42,154 INFO  impl.StateMachineUpdater (StateMachineUpdater.java:stopAndJoin(115)) - StateMachineUpdater:0f318484-2ab1-4752-ba62-81186709e0fe:group-FA73702D2992: set stopIndex = 0
2019-07-13 14:36:42,156 INFO  segmented.SegmentedRaftLogWorker (SegmentedRaftLogWorker.java:close(228)) - d3691bba-61f5-467c-b757-f5857d6c6cfd-SegmentedRaftLogWorker:Storage Directory /tmp/workdir/hadoop-ozone/integration-test/target/test-dir/MiniOzoneClusterImpl-b97ae15e-6d50-4c11-8b93-1c38e9c31ea1/datanode-4/data/ratis/db742c38-3bbc-4ea8-a6c6-7486b4974268 close()
2019-07-13 14:36:42,154 INFO  ratis.ContainerStateMachine (ContainerStateMachine.java:takeSnapshot(246)) - Taking snapshot at termIndex:(t:0, i:~)
2019-07-13 14:36:42,161 INFO  impl.RaftServerImpl (ServerState.java:close(394)) - 0f318484-2ab1-4752-ba62-81186709e0fe:group-FA73702D2992 closes. The last applied log index is 0
2019-07-13 14:36:42,161 INFO  server.GrpcService (GrpcService.java:closeImpl(155)) - d3691bba-61f5-467c-b757-f5857d6c6cfd: shutdown server with port 46597 now
2019-07-13 14:36:42,161 INFO  segmented.SegmentedRaftLogWorker (SegmentedRaftLogWorker.java:run(313)) - 0f318484-2ab1-4752-ba62-81186709e0fe-SegmentedRaftLogWorker:Storage Directory /tmp/workdir/hadoop-ozone/integration-test/target/test-dir/MiniOzoneClusterImpl-b97ae15e-6d50-4c11-8b93-1c38e9c31ea1/datanode-1/data/ratis/16125ca7-5956-4725-968b-fa73702d2992 was interrupted, exiting. There are 0 tasks remaining in the queue.
2019-07-13 14:36:42,164 INFO  segmented.SegmentedRaftLogWorker (SegmentedRaftLogWorker.java:close(228)) - 0f318484-2ab1-4752-ba62-81186709e0fe-SegmentedRaftLogWorker:Storage Directory /tmp/workdir/hadoop-ozone/integration-test/target/test-dir/MiniOzoneClusterImpl-b97ae15e-6d50-4c11-8b93-1c38e9c31ea1/datanode-1/data/ratis/16125ca7-5956-4725-968b-fa73702d2992 close()
2019-07-13 14:36:42,168 INFO  server.GrpcService (GrpcService.java:closeImpl(155)) - 0f318484-2ab1-4752-ba62-81186709e0fe: shutdown server with port 33659 now
2019-07-13 14:36:42,169 INFO  server.GrpcService (GrpcService.java:closeImpl(163)) - d3691bba-61f5-467c-b757-f5857d6c6cfd: shutdown server with port 46597 successfully
2019-07-13 14:36:42,169 WARN  server.GrpcLogAppender (LogUtils.java:warn(134)) - 71dca860-de59-4958-8d12-2670ada20a66->d3691bba-61f5-467c-b757-f5857d6c6cfd: Failed appendEntries: org.apache.ratis.thirdparty.io.grpc.StatusRuntimeException: CANCELLED: HTTP/2 error code: CANCEL
Received Rst Stream
2019-07-13 14:36:42,169 WARN  server.GrpcServerProtocolService (LogUtils.java:warn(134)) - d3691bba-61f5-467c-b757-f5857d6c6cfd: appendEntries onError: org.apache.ratis.thirdparty.io.grpc.StatusRuntimeException: CANCELLED: cancelled before receiving half close
2019-07-13 14:36:42,169 INFO  server.GrpcService (GrpcService.java:closeImpl(163)) - 0f318484-2ab1-4752-ba62-81186709e0fe: shutdown server with port 33659 successfully
2019-07-13 14:36:42,169 WARN  server.GrpcServerProtocolService (LogUtils.java:warn(134)) - 0f318484-2ab1-4752-ba62-81186709e0fe: appendEntries onError: org.apache.ratis.thirdparty.io.grpc.StatusRuntimeException: CANCELLED: cancelled before receiving half close
2019-07-13 14:36:42,170 INFO  impl.FollowerInfo (FollowerInfo.java:lambda$new$0(50)) - 71dca860-de59-4958-8d12-2670ada20a66->d3691bba-61f5-467c-b757-f5857d6c6cfd: nextIndex: updateUnconditionally 1 -> 0
2019-07-13 14:36:42,170 WARN  server.GrpcLogAppender (LogUtils.java:warn(134)) - 0a0196db-4d8a-4223-bbeb-7707b5e8693c->0f318484-2ab1-4752-ba62-81186709e0fe: Failed appendEntries: org.apache.ratis.thirdparty.io.grpc.StatusRuntimeException: CANCELLED: HTTP/2 error code: CANCEL
Received Rst Stream
2019-07-13 14:36:42,171 INFO  impl.FollowerInfo (FollowerInfo.java:lambda$new$0(50)) - 0a0196db-4d8a-4223-bbeb-7707b5e8693c->0f318484-2ab1-4752-ba62-81186709e0fe: nextIndex: updateUnconditionally 30 -> 29
2019-07-13 14:36:42,173 INFO  utils.BackgroundService (BackgroundService.java:shutdown(148)) - Shutting down service BlockDeletingService
2019-07-13 14:36:42,173 INFO  utils.BackgroundService (BackgroundService.java:shutdown(148)) - Shutting down service BlockDeletingService
2019-07-13 14:36:42,178 WARN  fs.CachingGetSpaceUsed (CachingGetSpaceUsed.java:run(183)) - Thread Interrupted waiting to refresh disk information: sleep interrupted
2019-07-13 14:36:42,183 WARN  fs.CachingGetSpaceUsed (CachingGetSpaceUsed.java:run(183)) - Thread Interrupted waiting to refresh disk information: sleep interrupted
2019-07-13 14:36:42,202 INFO  statemachine.DatanodeStateMachine (DatanodeStateMachine.java:stopDaemon(395)) - Ozone container server stopped.
2019-07-13 14:36:42,207 INFO  statemachine.DatanodeStateMachine (DatanodeStateMachine.java:stopDaemon(395)) - Ozone container server stopped.
2019-07-13 14:36:42,219 INFO  handler.ContextHandler (ContextHandler.java:doStop(910)) - Stopped o.e.j.w.WebAppContext@4a66949a{/,null,UNAVAILABLE}{/hddsDatanode}
2019-07-13 14:36:42,220 INFO  handler.ContextHandler (ContextHandler.java:doStop(910)) - Stopped o.e.j.w.WebAppContext@359903b6{/,null,UNAVAILABLE}{/hddsDatanode}
2019-07-13 14:36:42,221 INFO  server.AbstractConnector (AbstractConnector.java:doStop(318)) - Stopped ServerConnector@57e83608{HTTP/1.1,[http/1.1]}{0.0.0.0:0}
2019-07-13 14:36:42,221 INFO  server.AbstractConnector (AbstractConnector.java:doStop(318)) - Stopped ServerConnector@1071f3ad{HTTP/1.1,[http/1.1]}{0.0.0.0:0}
2019-07-13 14:36:42,222 INFO  handler.ContextHandler (ContextHandler.java:doStop(910)) - Stopped o.e.j.s.ServletContextHandler@6a4c4261{/static,jar:file:/home/user/.m2/repository/org/apache/hadoop/hadoop-hdds-container-service/0.5.0-SNAPSHOT/hadoop-hdds-container-service-0.5.0-SNAPSHOT.jar!/webapps/static,UNAVAILABLE}
2019-07-13 14:36:42,223 INFO  handler.ContextHandler (ContextHandler.java:doStop(910)) - Stopped o.e.j.s.ServletContextHandler@6c2a7c73{/static,jar:file:/home/user/.m2/repository/org/apache/hadoop/hadoop-hdds-container-service/0.5.0-SNAPSHOT/hadoop-hdds-container-service-0.5.0-SNAPSHOT.jar!/webapps/static,UNAVAILABLE}
2019-07-13 14:36:42,223 INFO  handler.ContextHandler (ContextHandler.java:doStop(910)) - Stopped o.e.j.s.ServletContextHandler@3884e858{/logs,file:///tmp/workdir/hadoop-ozone/integration-test/target/log,UNAVAILABLE}
2019-07-13 14:36:42,225 INFO  handler.ContextHandler (ContextHandler.java:doStop(910)) - Stopped o.e.j.s.ServletContextHandler@6ca9ec77{/logs,file:///tmp/workdir/hadoop-ozone/integration-test/target/log,UNAVAILABLE}
2019-07-13 14:36:42,226 INFO  datanode.ObjectStoreHandler (ObjectStoreHandler.java:close(155)) - Closing ObjectStoreHandler.
2019-07-13 14:36:42,227 INFO  datanode.ObjectStoreHandler (ObjectStoreHandler.java:close(155)) - Closing ObjectStoreHandler.
2019-07-13 14:36:42,227 INFO  ozone.HddsDatanodeService (HddsDatanodeService.java:stop(452)) - Stopped plug-in org.apache.hadoop.ozone.web.OzoneHddsDatanodeService@773ad729
2019-07-13 14:36:42,227 INFO  ozone.HddsDatanodeService (HddsDatanodeService.java:stop(452)) - Stopped plug-in org.apache.hadoop.ozone.web.OzoneHddsDatanodeService@539570b8
2019-07-13 14:36:42,930 INFO  statemachine.DatanodeStateMachine (DatanodeStateMachine.java:lambda$startDaemon$0(350)) - Ozone container server started.
2019-07-13 14:36:43,126 INFO  statemachine.DatanodeStateMachine (DatanodeStateMachine.java:lambda$startDaemon$0(350)) - Ozone container server started.
2019-07-13 14:36:43,162 WARN  server.GrpcLogAppender (LogUtils.java:warn(134)) - 71dca860-de59-4958-8d12-2670ada20a66->d3691bba-61f5-467c-b757-f5857d6c6cfd: Failed appendEntries: org.apache.ratis.thirdparty.io.grpc.StatusRuntimeException: UNAVAILABLE: io exception
2019-07-13 14:36:43,163 INFO  impl.FollowerInfo (FollowerInfo.java:lambda$new$0(50)) - 71dca860-de59-4958-8d12-2670ada20a66->d3691bba-61f5-467c-b757-f5857d6c6cfd: nextIndex: updateUnconditionally 0 -> 0
2019-07-13 14:36:43,886 WARN  server.GrpcLogAppender (LogUtils.java:warn(134)) - 0a0196db-4d8a-4223-bbeb-7707b5e8693c->f79ba558-4292-4dc1-b3d5-8da44f5a5abd: Failed appendEntries: org.apache.ratis.thirdparty.io.grpc.StatusRuntimeException: UNAVAILABLE: io exception
2019-07-13 14:36:43,887 WARN  server.GrpcLogAppender (LogUtils.java:warn(134)) - 0a0196db-4d8a-4223-bbeb-7707b5e8693c->0f318484-2ab1-4752-ba62-81186709e0fe: Failed appendEntries: org.apache.ratis.thirdparty.io.grpc.StatusRuntimeException: UNAVAILABLE: io exception
2019-07-13 14:36:43,887 INFO  impl.FollowerInfo (FollowerInfo.java:lambda$new$0(50)) - 0a0196db-4d8a-4223-bbeb-7707b5e8693c->f79ba558-4292-4dc1-b3d5-8da44f5a5abd: nextIndex: updateUnconditionally 14 -> 13
2019-07-13 14:36:43,887 INFO  impl.FollowerInfo (FollowerInfo.java:lambda$new$0(50)) - 0a0196db-4d8a-4223-bbeb-7707b5e8693c->0f318484-2ab1-4752-ba62-81186709e0fe: nextIndex: updateUnconditionally 29 -> 28
2019-07-13 14:36:45,662 WARN  server.GrpcLogAppender (LogUtils.java:warn(134)) - 71dca860-de59-4958-8d12-2670ada20a66->d3691bba-61f5-467c-b757-f5857d6c6cfd: Failed appendEntries: org.apache.ratis.thirdparty.io.grpc.StatusRuntimeException: UNAVAILABLE: io exception
2019-07-13 14:36:45,663 INFO  impl.FollowerInfo (FollowerInfo.java:lambda$new$0(50)) - 71dca860-de59-4958-8d12-2670ada20a66->d3691bba-61f5-467c-b757-f5857d6c6cfd: nextIndex: updateUnconditionally 0 -> 0
2019-07-13 14:36:46,387 WARN  server.GrpcLogAppender (LogUtils.java:warn(134)) - 0a0196db-4d8a-4223-bbeb-7707b5e8693c->f79ba558-4292-4dc1-b3d5-8da44f5a5abd: Failed appendEntries: org.apache.ratis.thirdparty.io.grpc.StatusRuntimeException: UNAVAILABLE: io exception
2019-07-13 14:36:46,388 WARN  server.GrpcLogAppender (LogUtils.java:warn(134)) - 0a0196db-4d8a-4223-bbeb-7707b5e8693c->0f318484-2ab1-4752-ba62-81186709e0fe: Failed appendEntries: org.apache.ratis.thirdparty.io.grpc.StatusRuntimeException: UNAVAILABLE: io exception
2019-07-13 14:36:46,388 INFO  impl.FollowerInfo (FollowerInfo.java:lambda$new$0(50)) - 0a0196db-4d8a-4223-bbeb-7707b5e8693c->f79ba558-4292-4dc1-b3d5-8da44f5a5abd: nextIndex: updateUnconditionally 13 -> 12
2019-07-13 14:36:46,388 INFO  impl.FollowerInfo (FollowerInfo.java:lambda$new$0(50)) - 0a0196db-4d8a-4223-bbeb-7707b5e8693c->0f318484-2ab1-4752-ba62-81186709e0fe: nextIndex: updateUnconditionally 28 -> 27
2019-07-13 14:36:46,862 INFO  client.GrpcClientProtocolService (GrpcClientProtocolService.java:lambda$processClientRequest$0(278)) - Failed RaftClientRequest:client-7633DEB64983->0a0196db-4d8a-4223-bbeb-7707b5e8693c@group-0EB5E2D32C26, cid=198, seq=0, Watch-ALL_COMMITTED(22), Message:<EMPTY>, reply=RaftClientReply:client-7633DEB64983->0a0196db-4d8a-4223-bbeb-7707b5e8693c@group-0EB5E2D32C26, cid=198, FAILED org.apache.ratis.protocol.NotReplicatedException: Request with call Id 198 and log index 22 is not yet replicated to ALL_COMMITTED, logIndex=22, commits[0a0196db-4d8a-4223-bbeb-7707b5e8693c:c29, 0f318484-2ab1-4752-ba62-81186709e0fe:c29, f79ba558-4292-4dc1-b3d5-8da44f5a5abd:c16]
2019-07-13 14:36:46,870 INFO  client.GrpcClientProtocolClient (GrpcClientProtocolClient.java:onNext(255)) - client-7633DEB64983->0a0196db-4d8a-4223-bbeb-7707b5e8693c: receive RaftClientReply:client-7633DEB64983->0a0196db-4d8a-4223-bbeb-7707b5e8693c@group-0EB5E2D32C26, cid=198, FAILED org.apache.ratis.protocol.NotReplicatedException: Request with call Id 198 and log index 22 is not yet replicated to ALL_COMMITTED, logIndex=22, commits[0a0196db-4d8a-4223-bbeb-7707b5e8693c:c29, 0f318484-2ab1-4752-ba62-81186709e0fe:c29, f79ba558-4292-4dc1-b3d5-8da44f5a5abd:c16]
2019-07-13 14:36:46,976 INFO  node.StaleNodeHandler (StaleNodeHandler.java:onMessage(58)) - Datanode 0a0196db-4d8a-4223-bbeb-7707b5e8693c{ip: 192.168.5.172, host: trunk-nightly-mhs6z-4061744966, networkLocation: /default-rack, certSerialId: null} moved to stale state. Finalizing its pipelines [PipelineID=f9cf877f-7069-4db2-a5fb-0eb5e2d32c26, PipelineID=abee01a6-551d-403b-af82-4166aa9212fb]
2019-07-13 14:36:46,976 INFO  pipeline.SCMPipelineManager (SCMPipelineManager.java:finalizeAndDestroyPipeline(309)) - destroying pipeline:Pipeline[ Id: f9cf877f-7069-4db2-a5fb-0eb5e2d32c26, Nodes: f79ba558-4292-4dc1-b3d5-8da44f5a5abd{ip: 192.168.5.172, host: trunk-nightly-mhs6z-4061744966, networkLocation: /default-rack, certSerialId: null}0a0196db-4d8a-4223-bbeb-7707b5e8693c{ip: 192.168.5.172, host: trunk-nightly-mhs6z-4061744966, networkLocation: /default-rack, certSerialId: null}0f318484-2ab1-4752-ba62-81186709e0fe{ip: 192.168.5.172, host: trunk-nightly-mhs6z-4061744966, networkLocation: /default-rack, certSerialId: null}, Type:RATIS, Factor:THREE, State:CLOSED]
2019-07-13 14:36:46,976 INFO  pipeline.SCMPipelineManager (SCMPipelineManager.java:finalizeAndDestroyPipeline(309)) - destroying pipeline:Pipeline[ Id: abee01a6-551d-403b-af82-4166aa9212fb, Nodes: 0a0196db-4d8a-4223-bbeb-7707b5e8693c{ip: 192.168.5.172, host: trunk-nightly-mhs6z-4061744966, networkLocation: /default-rack, certSerialId: null}, Type:RATIS, Factor:ONE, State:OPEN]
2019-07-13 14:36:46,976 INFO  pipeline.PipelineStateManager (PipelineStateManager.java:finalizePipeline(123)) - Pipeline Pipeline[ Id: abee01a6-551d-403b-af82-4166aa9212fb, Nodes: 0a0196db-4d8a-4223-bbeb-7707b5e8693c{ip: 192.168.5.172, host: trunk-nightly-mhs6z-4061744966, networkLocation: /default-rack, certSerialId: null}, Type:RATIS, Factor:ONE, State:CLOSED] moved to CLOSED state
2019-07-13 14:36:47,176 INFO  node.StaleNodeHandler (StaleNodeHandler.java:onMessage(58)) - Datanode 71dca860-de59-4958-8d12-2670ada20a66{ip: 192.168.5.172, host: trunk-nightly-mhs6z-4061744966, networkLocation: /default-rack, certSerialId: null} moved to stale state. Finalizing its pipelines [PipelineID=b087447e-f1e5-446e-8811-875cc4ea8f92, PipelineID=db742c38-3bbc-4ea8-a6c6-7486b4974268]
2019-07-13 14:36:47,176 INFO  pipeline.SCMPipelineManager (SCMPipelineManager.java:finalizeAndDestroyPipeline(309)) - destroying pipeline:Pipeline[ Id: b087447e-f1e5-446e-8811-875cc4ea8f92, Nodes: 71dca860-de59-4958-8d12-2670ada20a66{ip: 192.168.5.172, host: trunk-nightly-mhs6z-4061744966, networkLocation: /default-rack, certSerialId: null}, Type:RATIS, Factor:ONE, State:OPEN]
2019-07-13 14:36:47,176 INFO  pipeline.PipelineStateManager (PipelineStateManager.java:finalizePipeline(123)) - Pipeline Pipeline[ Id: b087447e-f1e5-446e-8811-875cc4ea8f92, Nodes: 71dca860-de59-4958-8d12-2670ada20a66{ip: 192.168.5.172, host: trunk-nightly-mhs6z-4061744966, networkLocation: /default-rack, certSerialId: null}, Type:RATIS, Factor:ONE, State:CLOSED] moved to CLOSED state
2019-07-13 14:36:47,176 INFO  pipeline.SCMPipelineManager (SCMPipelineManager.java:finalizeAndDestroyPipeline(309)) - destroying pipeline:Pipeline[ Id: db742c38-3bbc-4ea8-a6c6-7486b4974268, Nodes: 86a99646-22da-4064-ad20-4a90a4de8188{ip: 192.168.5.172, host: trunk-nightly-mhs6z-4061744966, networkLocation: /default-rack, certSerialId: null}d3691bba-61f5-467c-b757-f5857d6c6cfd{ip: 192.168.5.172, host: trunk-nightly-mhs6z-4061744966, networkLocation: /default-rack, certSerialId: null}71dca860-de59-4958-8d12-2670ada20a66{ip: 192.168.5.172, host: trunk-nightly-mhs6z-4061744966, networkLocation: /default-rack, certSerialId: null}, Type:RATIS, Factor:THREE, State:CLOSED]
2019-07-13 14:36:47,228 INFO  ozoneimpl.OzoneContainer (OzoneContainer.java:stop(199)) - Attempting to stop container services.
2019-07-13 14:36:47,228 INFO  ozoneimpl.OzoneContainer (OzoneContainer.java:stop(199)) - Attempting to stop container services.
2019-07-13 14:36:47,228 INFO  impl.RaftServerProxy (RaftServerProxy.java:lambda$close$4(314)) - 0a0196db-4d8a-4223-bbeb-7707b5e8693c: close
2019-07-13 14:36:47,229 INFO  impl.RaftServerProxy (RaftServerProxy.java:lambda$close$4(314)) - 71dca860-de59-4958-8d12-2670ada20a66: close
2019-07-13 14:36:47,229 INFO  impl.RaftServerImpl (RaftServerImpl.java:lambda$shutdown$3(245)) - 0a0196db-4d8a-4223-bbeb-7707b5e8693c: shutdown group-0EB5E2D32C26
2019-07-13 14:36:47,229 INFO  impl.RaftServerImpl (RaftServerImpl.java:lambda$shutdown$3(245)) - 71dca860-de59-4958-8d12-2670ada20a66: shutdown group-875CC4EA8F92
2019-07-13 14:36:47,229 INFO  util.JmxRegister (JmxRegister.java:unregister(73)) - Successfully un-registered JMX Bean with object name Ratis:service=RaftServer,group=group-0EB5E2D32C26,id=0a0196db-4d8a-4223-bbeb-7707b5e8693c
2019-07-13 14:36:47,230 INFO  util.JmxRegister (JmxRegister.java:unregister(73)) - Successfully un-registered JMX Bean with object name Ratis:service=RaftServer,group=group-875CC4EA8F92,id=71dca860-de59-4958-8d12-2670ada20a66
2019-07-13 14:36:47,231 INFO  impl.RoleInfo (RoleInfo.java:shutdownLeaderState(104)) - 71dca860-de59-4958-8d12-2670ada20a66: shutdown LeaderState
2019-07-13 14:36:47,230 INFO  impl.RoleInfo (RoleInfo.java:shutdownLeaderState(104)) - 0a0196db-4d8a-4223-bbeb-7707b5e8693c: shutdown LeaderState
2019-07-13 14:36:47,231 INFO  impl.PendingRequests (PendingRequests.java:sendNotLeaderResponses(202)) - 71dca860-de59-4958-8d12-2670ada20a66-PendingRequests: sendNotLeaderResponses
2019-07-13 14:36:47,236 WARN  server.GrpcLogAppender (GrpcLogAppender.java:mayWait(143)) - GrpcLogAppender(0a0196db-4d8a-4223-bbeb-7707b5e8693c->f79ba558-4292-4dc1-b3d5-8da44f5a5abd): Wait interrupted by java.lang.InterruptedException
2019-07-13 14:36:47,236 INFO  impl.PendingRequests (PendingRequests.java:sendNotLeaderResponses(202)) - 0a0196db-4d8a-4223-bbeb-7707b5e8693c-PendingRequests: sendNotLeaderResponses
2019-07-13 14:36:47,236 WARN  server.GrpcLogAppender (GrpcLogAppender.java:mayWait(143)) - GrpcLogAppender(0a0196db-4d8a-4223-bbeb-7707b5e8693c->0f318484-2ab1-4752-ba62-81186709e0fe): Wait interrupted by java.lang.InterruptedException
2019-07-13 14:36:47,236 INFO  ratis.ContainerStateMachine (ContainerStateMachine.java:takeSnapshot(246)) - Taking snapshot at termIndex:(t:0, i:~)
2019-07-13 14:36:47,236 INFO  impl.StateMachineUpdater (StateMachineUpdater.java:stopAndJoin(115)) - StateMachineUpdater:71dca860-de59-4958-8d12-2670ada20a66:group-875CC4EA8F92: set stopIndex = 0
2019-07-13 14:36:47,241 INFO  impl.RaftServerImpl (ServerState.java:close(394)) - 71dca860-de59-4958-8d12-2670ada20a66:group-875CC4EA8F92 closes. The last applied log index is 0
2019-07-13 14:36:47,241 INFO  ratis.ContainerStateMachine (ContainerStateMachine.java:takeSnapshot(246)) - Taking snapshot at termIndex:(t:1, i:29)
2019-07-13 14:36:47,241 INFO  impl.StateMachineUpdater (StateMachineUpdater.java:stopAndJoin(115)) - StateMachineUpdater:0a0196db-4d8a-4223-bbeb-7707b5e8693c:group-0EB5E2D32C26: set stopIndex = 29
2019-07-13 14:36:47,241 INFO  client.GrpcClientProtocolService (GrpcClientProtocolService.java:lambda$processClientRequest$0(278)) - Failed RaftClientRequest:client-7633DEB64983->0a0196db-4d8a-4223-bbeb-7707b5e8693c@group-0EB5E2D32C26, cid=198, seq=0, Watch-ALL_COMMITTED(22), Message:<EMPTY>, reply=RaftClientReply:client-7633DEB64983->0a0196db-4d8a-4223-bbeb-7707b5e8693c@group-0EB5E2D32C26, cid=198, FAILED org.apache.ratis.protocol.NotLeaderException: Server 0a0196db-4d8a-4223-bbeb-7707b5e8693c is not the leader (null). Request must be sent to leader., logIndex=0, commits[0a0196db-4d8a-4223-bbeb-7707b5e8693c:c29]
2019-07-13 14:36:47,241 INFO  client.GrpcClientProtocolService (GrpcClientProtocolService.java:lambda$processClientRequest$0(278)) - Failed RaftClientRequest:client-7633DEB64983->0a0196db-4d8a-4223-bbeb-7707b5e8693c@group-0EB5E2D32C26, cid=198, seq=0, Watch-ALL_COMMITTED(22), Message:<EMPTY>, reply=RaftClientReply:client-7633DEB64983->0a0196db-4d8a-4223-bbeb-7707b5e8693c@group-0EB5E2D32C26, cid=198, FAILED org.apache.ratis.protocol.NotLeaderException: Server 0a0196db-4d8a-4223-bbeb-7707b5e8693c is not the leader (null). Request must be sent to leader., logIndex=0, commits[0a0196db-4d8a-4223-bbeb-7707b5e8693c:c29]
2019-07-13 14:36:47,242 INFO  segmented.SegmentedRaftLogWorker (SegmentedRaftLogWorker.java:run(313)) - 71dca860-de59-4958-8d12-2670ada20a66-SegmentedRaftLogWorker:Storage Directory /tmp/workdir/hadoop-ozone/integration-test/target/test-dir/MiniOzoneClusterImpl-b97ae15e-6d50-4c11-8b93-1c38e9c31ea1/datanode-3/data/ratis/b087447e-f1e5-446e-8811-875cc4ea8f92 was interrupted, exiting. There are 0 tasks remaining in the queue.
2019-07-13 14:36:47,242 INFO  ratis.ContainerStateMachine (ContainerStateMachine.java:takeSnapshot(250)) - Taking a snapshot to file /tmp/workdir/hadoop-ozone/integration-test/target/test-dir/MiniOzoneClusterImpl-b97ae15e-6d50-4c11-8b93-1c38e9c31ea1/datanode-0/data/ratis/f9cf877f-7069-4db2-a5fb-0eb5e2d32c26/sm/snapshot.1_29
2019-07-13 14:36:47,244 INFO  segmented.SegmentedRaftLogWorker (SegmentedRaftLogWorker.java:close(228)) - 71dca860-de59-4958-8d12-2670ada20a66-SegmentedRaftLogWorker:Storage Directory /tmp/workdir/hadoop-ozone/integration-test/target/test-dir/MiniOzoneClusterImpl-b97ae15e-6d50-4c11-8b93-1c38e9c31ea1/datanode-3/data/ratis/b087447e-f1e5-446e-8811-875cc4ea8f92 close()
2019-07-13 14:36:47,245 INFO  impl.StateMachineUpdater (StateMachineUpdater.java:takeSnapshot(242)) - StateMachineUpdater:0a0196db-4d8a-4223-bbeb-7707b5e8693c:group-0EB5E2D32C26: Took a snapshot at index 29
2019-07-13 14:36:47,249 INFO  impl.StateMachineUpdater (StateMachineUpdater.java:lambda$new$0(80)) - StateMachineUpdater:0a0196db-4d8a-4223-bbeb-7707b5e8693c:group-0EB5E2D32C26: snapshotIndex: updateIncreasingly -1 -> 29
2019-07-13 14:36:47,245 INFO  client.GrpcClientProtocolClient (GrpcClientProtocolClient.java:onNext(255)) - client-7633DEB64983->0a0196db-4d8a-4223-bbeb-7707b5e8693c: receive RaftClientReply:client-7633DEB64983->0a0196db-4d8a-4223-bbeb-7707b5e8693c@group-0EB5E2D32C26, cid=198, FAILED org.apache.ratis.protocol.NotLeaderException: Server 0a0196db-4d8a-4223-bbeb-7707b5e8693c is not the leader (null). Request must be sent to leader., logIndex=0, commits[0a0196db-4d8a-4223-bbeb-7707b5e8693c:c29]
2019-07-13 14:36:47,249 INFO  impl.RaftServerImpl (ServerState.java:close(394)) - 0a0196db-4d8a-4223-bbeb-7707b5e8693c:group-0EB5E2D32C26 closes. The last applied log index is 29
2019-07-13 14:36:47,249 INFO  client.GrpcClientProtocolClient (GrpcClientProtocolClient.java:onNext(255)) - client-7633DEB64983->0a0196db-4d8a-4223-bbeb-7707b5e8693c: receive RaftClientReply:client-7633DEB64983->0a0196db-4d8a-4223-bbeb-7707b5e8693c@group-0EB5E2D32C26, cid=198, FAILED org.apache.ratis.protocol.NotLeaderException: Server 0a0196db-4d8a-4223-bbeb-7707b5e8693c is not the leader (null). Request must be sent to leader., logIndex=0, commits[0a0196db-4d8a-4223-bbeb-7707b5e8693c:c29]
2019-07-13 14:36:47,249 INFO  impl.RaftServerImpl (RaftServerImpl.java:lambda$shutdown$3(245)) - 71dca860-de59-4958-8d12-2670ada20a66: shutdown group-7486B4974268
2019-07-13 14:36:47,250 INFO  segmented.SegmentedRaftLogWorker (SegmentedRaftLogWorker.java:run(313)) - 0a0196db-4d8a-4223-bbeb-7707b5e8693c-SegmentedRaftLogWorker:Storage Directory /tmp/workdir/hadoop-ozone/integration-test/target/test-dir/MiniOzoneClusterImpl-b97ae15e-6d50-4c11-8b93-1c38e9c31ea1/datanode-0/data/ratis/f9cf877f-7069-4db2-a5fb-0eb5e2d32c26 was interrupted, exiting. There are 0 tasks remaining in the queue.
2019-07-13 14:36:47,250 INFO  util.JmxRegister (JmxRegister.java:unregister(73)) - Successfully un-registered JMX Bean with object name Ratis:service=RaftServer,group=group-7486B4974268,id=71dca860-de59-4958-8d12-2670ada20a66
2019-07-13 14:36:47,252 INFO  segmented.SegmentedRaftLogWorker (SegmentedRaftLogWorker.java:close(228)) - 0a0196db-4d8a-4223-bbeb-7707b5e8693c-SegmentedRaftLogWorker:Storage Directory /tmp/workdir/hadoop-ozone/integration-test/target/test-dir/MiniOzoneClusterImpl-b97ae15e-6d50-4c11-8b93-1c38e9c31ea1/datanode-0/data/ratis/f9cf877f-7069-4db2-a5fb-0eb5e2d32c26 close()
2019-07-13 14:36:47,252 INFO  impl.RoleInfo (RoleInfo.java:shutdownLeaderState(104)) - 71dca860-de59-4958-8d12-2670ada20a66: shutdown LeaderState
2019-07-13 14:36:47,256 INFO  impl.RaftServerImpl (RaftServerImpl.java:lambda$shutdown$3(245)) - 0a0196db-4d8a-4223-bbeb-7707b5e8693c: shutdown group-4166AA9212FB
2019-07-13 14:36:47,260 WARN  server.GrpcLogAppender (GrpcLogAppender.java:mayWait(143)) - GrpcLogAppender(71dca860-de59-4958-8d12-2670ada20a66->d3691bba-61f5-467c-b757-f5857d6c6cfd): Wait interrupted by java.lang.InterruptedException
2019-07-13 14:36:47,260 WARN  server.GrpcLogAppender (GrpcLogAppender.java:mayWait(143)) - GrpcLogAppender(71dca860-de59-4958-8d12-2670ada20a66->86a99646-22da-4064-ad20-4a90a4de8188): Wait interrupted by java.lang.InterruptedException
2019-07-13 14:36:47,260 INFO  impl.PendingRequests (PendingRequests.java:sendNotLeaderResponses(202)) - 71dca860-de59-4958-8d12-2670ada20a66-PendingRequests: sendNotLeaderResponses
2019-07-13 14:36:47,261 INFO  server.GrpcServerProtocolService (GrpcServerProtocolService.java:onCompleted(104)) - 86a99646-22da-4064-ad20-4a90a4de8188: appendEntries completed
2019-07-13 14:36:47,261 INFO  ratis.ContainerStateMachine (ContainerStateMachine.java:takeSnapshot(246)) - Taking snapshot at termIndex:(t:0, i:~)
2019-07-13 14:36:47,260 INFO  util.JmxRegister (JmxRegister.java:unregister(73)) - Successfully un-registered JMX Bean with object name Ratis:service=RaftServer,group=group-4166AA9212FB,id=0a0196db-4d8a-4223-bbeb-7707b5e8693c
2019-07-13 14:36:47,261 INFO  server.GrpcLogAppender (GrpcLogAppender.java:onCompleted(292)) - 71dca860-de59-4958-8d12-2670ada20a66->86a99646-22da-4064-ad20-4a90a4de8188: follower responses appendEntries COMPLETED
2019-07-13 14:36:47,261 INFO  impl.StateMachineUpdater (StateMachineUpdater.java:stopAndJoin(115)) - StateMachineUpdater:71dca860-de59-4958-8d12-2670ada20a66:group-7486B4974268: set stopIndex = 0
2019-07-13 14:36:47,262 INFO  impl.FollowerInfo (FollowerInfo.java:lambda$new$0(50)) - 71dca860-de59-4958-8d12-2670ada20a66->86a99646-22da-4064-ad20-4a90a4de8188: nextIndex: updateUnconditionally 1 -> 0
2019-07-13 14:36:47,262 INFO  impl.RoleInfo (RoleInfo.java:shutdownLeaderState(104)) - 0a0196db-4d8a-4223-bbeb-7707b5e8693c: shutdown LeaderState
2019-07-13 14:36:47,262 INFO  impl.RaftServerImpl (ServerState.java:close(394)) - 71dca860-de59-4958-8d12-2670ada20a66:group-7486B4974268 closes. The last applied log index is 0
2019-07-13 14:36:47,263 INFO  impl.PendingRequests (PendingRequests.java:sendNotLeaderResponses(202)) - 0a0196db-4d8a-4223-bbeb-7707b5e8693c-PendingRequests: sendNotLeaderResponses
2019-07-13 14:36:47,263 INFO  segmented.SegmentedRaftLogWorker (SegmentedRaftLogWorker.java:run(313)) - 71dca860-de59-4958-8d12-2670ada20a66-SegmentedRaftLogWorker:Storage Directory /tmp/workdir/hadoop-ozone/integration-test/target/test-dir/MiniOzoneClusterImpl-b97ae15e-6d50-4c11-8b93-1c38e9c31ea1/datanode-3/data/ratis/db742c38-3bbc-4ea8-a6c6-7486b4974268 was interrupted, exiting. There are 0 tasks remaining in the queue.
2019-07-13 14:36:47,264 INFO  impl.StateMachineUpdater (StateMachineUpdater.java:stopAndJoin(115)) - StateMachineUpdater:0a0196db-4d8a-4223-bbeb-7707b5e8693c:group-4166AA9212FB: set stopIndex = 0
2019-07-13 14:36:47,265 INFO  segmented.SegmentedRaftLogWorker (SegmentedRaftLogWorker.java:close(228)) - 71dca860-de59-4958-8d12-2670ada20a66-SegmentedRaftLogWorker:Storage Directory /tmp/workdir/hadoop-ozone/integration-test/target/test-dir/MiniOzoneClusterImpl-b97ae15e-6d50-4c11-8b93-1c38e9c31ea1/datanode-3/data/ratis/db742c38-3bbc-4ea8-a6c6-7486b4974268 close()
2019-07-13 14:36:47,264 INFO  ratis.ContainerStateMachine (ContainerStateMachine.java:takeSnapshot(246)) - Taking snapshot at termIndex:(t:0, i:~)
2019-07-13 14:36:47,269 INFO  server.GrpcService (GrpcService.java:closeImpl(155)) - 71dca860-de59-4958-8d12-2670ada20a66: shutdown server with port 33330 now
2019-07-13 14:36:47,269 INFO  impl.RaftServerImpl (ServerState.java:close(394)) - 0a0196db-4d8a-4223-bbeb-7707b5e8693c:group-4166AA9212FB closes. The last applied log index is 0
2019-07-13 14:36:47,270 INFO  server.GrpcService (GrpcService.java:closeImpl(163)) - 71dca860-de59-4958-8d12-2670ada20a66: shutdown server with port 33330 successfully
2019-07-13 14:36:47,270 INFO  segmented.SegmentedRaftLogWorker (SegmentedRaftLogWorker.java:run(313)) - 0a0196db-4d8a-4223-bbeb-7707b5e8693c-SegmentedRaftLogWorker:Storage Directory /tmp/workdir/hadoop-ozone/integration-test/target/test-dir/MiniOzoneClusterImpl-b97ae15e-6d50-4c11-8b93-1c38e9c31ea1/datanode-0/data/ratis/abee01a6-551d-403b-af82-4166aa9212fb was interrupted, exiting. There are 0 tasks remaining in the queue.
2019-07-13 14:36:47,272 INFO  segmented.SegmentedRaftLogWorker (SegmentedRaftLogWorker.java:close(228)) - 0a0196db-4d8a-4223-bbeb-7707b5e8693c-SegmentedRaftLogWorker:Storage Directory /tmp/workdir/hadoop-ozone/integration-test/target/test-dir/MiniOzoneClusterImpl-b97ae15e-6d50-4c11-8b93-1c38e9c31ea1/datanode-0/data/ratis/abee01a6-551d-403b-af82-4166aa9212fb close()
2019-07-13 14:36:47,277 INFO  server.GrpcService (GrpcService.java:closeImpl(155)) - 0a0196db-4d8a-4223-bbeb-7707b5e8693c: shutdown server with port 38284 now
2019-07-13 14:36:47,277 INFO  utils.BackgroundService (BackgroundService.java:shutdown(148)) - Shutting down service BlockDeletingService
2019-07-13 14:36:47,278 WARN  client.GrpcClientProtocolService (LogUtils.java:warn(134)) - 3-UnorderedRequestStreamObserver3: onError: org.apache.ratis.thirdparty.io.grpc.StatusRuntimeException: CANCELLED: cancelled before receiving half close
2019-07-13 14:36:47,278 INFO  server.GrpcService (GrpcService.java:closeImpl(163)) - 0a0196db-4d8a-4223-bbeb-7707b5e8693c: shutdown server with port 38284 successfully
2019-07-13 14:36:47,279 WARN  fs.CachingGetSpaceUsed (CachingGetSpaceUsed.java:run(183)) - Thread Interrupted waiting to refresh disk information: sleep interrupted
2019-07-13 14:36:47,281 INFO  utils.BackgroundService (BackgroundService.java:shutdown(148)) - Shutting down service BlockDeletingService
2019-07-13 14:36:47,283 WARN  fs.CachingGetSpaceUsed (CachingGetSpaceUsed.java:run(183)) - Thread Interrupted waiting to refresh disk information: sleep interrupted
2019-07-13 14:36:47,301 INFO  statemachine.DatanodeStateMachine (DatanodeStateMachine.java:stopDaemon(395)) - Ozone container server stopped.
2019-07-13 14:36:47,308 INFO  statemachine.DatanodeStateMachine (DatanodeStateMachine.java:stopDaemon(395)) - Ozone container server stopped.
2019-07-13 14:36:47,313 INFO  handler.ContextHandler (ContextHandler.java:doStop(910)) - Stopped o.e.j.w.WebAppContext@1c3eeda4{/,null,UNAVAILABLE}{/hddsDatanode}
2019-07-13 14:36:47,315 INFO  handler.ContextHandler (ContextHandler.java:doStop(910)) - Stopped o.e.j.w.WebAppContext@3ba8fbc8{/,null,UNAVAILABLE}{/hddsDatanode}
2019-07-13 14:36:47,315 INFO  server.AbstractConnector (AbstractConnector.java:doStop(318)) - Stopped ServerConnector@64b242b3{HTTP/1.1,[http/1.1]}{0.0.0.0:0}
2019-07-13 14:36:47,315 INFO  server.AbstractConnector (AbstractConnector.java:doStop(318)) - Stopped ServerConnector@113a89c5{HTTP/1.1,[http/1.1]}{0.0.0.0:0}
2019-07-13 14:36:47,316 INFO  handler.ContextHandler (ContextHandler.java:doStop(910)) - Stopped o.e.j.s.ServletContextHandler@54418834{/static,jar:file:/home/user/.m2/repository/org/apache/hadoop/hadoop-hdds-container-service/0.5.0-SNAPSHOT/hadoop-hdds-container-service-0.5.0-SNAPSHOT.jar!/webapps/static,UNAVAILABLE}
2019-07-13 14:36:47,317 INFO  handler.ContextHandler (ContextHandler.java:doStop(910)) - Stopped o.e.j.s.ServletContextHandler@3bbb3c84{/static,jar:file:/home/user/.m2/repository/org/apache/hadoop/hadoop-hdds-container-service/0.5.0-SNAPSHOT/hadoop-hdds-container-service-0.5.0-SNAPSHOT.jar!/webapps/static,UNAVAILABLE}
2019-07-13 14:36:47,317 INFO  handler.ContextHandler (ContextHandler.java:doStop(910)) - Stopped o.e.j.s.ServletContextHandler@1455a374{/logs,file:///tmp/workdir/hadoop-ozone/integration-test/target/log,UNAVAILABLE}
2019-07-13 14:36:47,318 INFO  handler.ContextHandler (ContextHandler.java:doStop(910)) - Stopped o.e.j.s.ServletContextHandler@4791d904{/logs,file:///tmp/workdir/hadoop-ozone/integration-test/target/log,UNAVAILABLE}
2019-07-13 14:36:47,320 INFO  datanode.ObjectStoreHandler (ObjectStoreHandler.java:close(155)) - Closing ObjectStoreHandler.
2019-07-13 14:36:47,320 INFO  datanode.ObjectStoreHandler (ObjectStoreHandler.java:close(155)) - Closing ObjectStoreHandler.
2019-07-13 14:36:47,320 INFO  ozone.HddsDatanodeService (HddsDatanodeService.java:stop(452)) - Stopped plug-in org.apache.hadoop.ozone.web.OzoneHddsDatanodeService@2512eaaa
2019-07-13 14:36:47,320 INFO  ozone.HddsDatanodeService (HddsDatanodeService.java:stop(452)) - Stopped plug-in org.apache.hadoop.ozone.web.OzoneHddsDatanodeService@2b3ac26d
2019-07-13 14:36:47,443 INFO  statemachine.DatanodeStateMachine (DatanodeStateMachine.java:lambda$startDaemon$0(350)) - Ozone container server started.
2019-07-13 14:36:47,627 INFO  statemachine.DatanodeStateMachine (DatanodeStateMachine.java:lambda$startDaemon$0(350)) - Ozone container server started.
2019-07-13 14:36:51,154 INFO  impl.FollowerState (FollowerState.java:run(106)) - 86a99646-22da-4064-ad20-4a90a4de8188:group-7486B4974268 changes to CANDIDATE, lastRpcTime:5491, electionTimeout:5111ms
2019-07-13 14:36:51,154 INFO  impl.RoleInfo (RoleInfo.java:shutdownFollowerState(121)) - 86a99646-22da-4064-ad20-4a90a4de8188: shutdown FollowerState
2019-07-13 14:36:51,155 INFO  impl.RaftServerImpl (RaftServerImpl.java:setRole(171)) - 86a99646-22da-4064-ad20-4a90a4de8188:group-7486B4974268 changes role from FOLLOWER to CANDIDATE at term 1 for changeToCandidate
2019-07-13 14:36:51,155 INFO  impl.RoleInfo (RoleInfo.java:updateAndGet(143)) - 86a99646-22da-4064-ad20-4a90a4de8188: start LeaderElection
2019-07-13 14:36:51,159 INFO  impl.RaftServerImpl (ServerState.java:setLeader(263)) - 86a99646-22da-4064-ad20-4a90a4de8188:group-7486B4974268 change Leader from 71dca860-de59-4958-8d12-2670ada20a66 to null at term 1 for initElection
2019-07-13 14:36:51,172 INFO  impl.LeaderElection (LeaderElection.java:askForVotes(181)) - 86a99646-22da-4064-ad20-4a90a4de8188:group-7486B4974268:LeaderElection75: begin an election at term 2 for 0: [d3691bba-61f5-467c-b757-f5857d6c6cfd:192.168.5.172:46597, 86a99646-22da-4064-ad20-4a90a4de8188:192.168.5.172:35945, 71dca860-de59-4958-8d12-2670ada20a66:192.168.5.172:33330], old=null
2019-07-13 14:36:51,176 INFO  impl.LeaderElection (LogUtils.java:infoOrTrace(149)) - 86a99646-22da-4064-ad20-4a90a4de8188:group-7486B4974268:LeaderElection75 got exception when requesting votes: {}
java.util.concurrent.ExecutionException: org.apache.ratis.thirdparty.io.grpc.StatusRuntimeException: UNAVAILABLE: io exception
	at java.util.concurrent.FutureTask.report(FutureTask.java:122)
	at java.util.concurrent.FutureTask.get(FutureTask.java:192)
	at org.apache.ratis.server.impl.LeaderElection.waitForResults(LeaderElection.java:262)
	at org.apache.ratis.server.impl.LeaderElection.askForVotes(LeaderElection.java:200)
	at org.apache.ratis.server.impl.LeaderElection.run(LeaderElection.java:130)
	at java.lang.Thread.run(Thread.java:748)
Caused by: org.apache.ratis.thirdparty.io.grpc.StatusRuntimeException: UNAVAILABLE: io exception
	at org.apache.ratis.thirdparty.io.grpc.stub.ClientCalls.toStatusRuntimeException(ClientCalls.java:233)
	at org.apache.ratis.thirdparty.io.grpc.stub.ClientCalls.getUnchecked(ClientCalls.java:214)
	at org.apache.ratis.thirdparty.io.grpc.stub.ClientCalls.blockingUnaryCall(ClientCalls.java:139)
	at org.apache.ratis.proto.grpc.RaftServerProtocolServiceGrpc$RaftServerProtocolServiceBlockingStub.requestVote(RaftServerProtocolServiceGrpc.java:265)
	at org.apache.ratis.grpc.server.GrpcServerProtocolClient.requestVote(GrpcServerProtocolClient.java:83)
	at org.apache.ratis.grpc.server.GrpcService.requestVote(GrpcService.java:195)
	at org.apache.ratis.server.impl.LeaderElection.lambda$submitRequests$1(LeaderElection.java:237)
	at java.util.concurrent.FutureTask.run(FutureTask.java:266)
	at java.util.concurrent.Executors$RunnableAdapter.call(Executors.java:511)
	at java.util.concurrent.FutureTask.run(FutureTask.java:266)
	at java.util.concurrent.ThreadPoolExecutor.runWorker(ThreadPoolExecutor.java:1149)
	at java.util.concurrent.ThreadPoolExecutor$Worker.run(ThreadPoolExecutor.java:624)
	... 1 more
Caused by: org.apache.ratis.thirdparty.io.netty.channel.AbstractChannel$AnnotatedConnectException: Connection refused: /192.168.5.172:33330
	at sun.nio.ch.SocketChannelImpl.checkConnect(Native Method)
	at sun.nio.ch.SocketChannelImpl.finishConnect(SocketChannelImpl.java:717)
	at org.apache.ratis.thirdparty.io.netty.channel.socket.nio.NioSocketChannel.doFinishConnect(NioSocketChannel.java:327)
	at org.apache.ratis.thirdparty.io.netty.channel.nio.AbstractNioChannel$AbstractNioUnsafe.finishConnect(AbstractNioChannel.java:340)
	at org.apache.ratis.thirdparty.io.netty.channel.nio.NioEventLoop.processSelectedKey(NioEventLoop.java:632)
	at org.apache.ratis.thirdparty.io.netty.channel.nio.NioEventLoop.processSelectedKeysOptimized(NioEventLoop.java:579)
	at org.apache.ratis.thirdparty.io.netty.channel.nio.NioEventLoop.processSelectedKeys(NioEventLoop.java:496)
	at org.apache.ratis.thirdparty.io.netty.channel.nio.NioEventLoop.run(NioEventLoop.java:458)
	at org.apache.ratis.thirdparty.io.netty.util.concurrent.SingleThreadEventExecutor$5.run(SingleThreadEventExecutor.java:897)
	at org.apache.ratis.thirdparty.io.netty.util.concurrent.FastThreadLocalRunnable.run(FastThreadLocalRunnable.java:30)
	... 1 more
Caused by: java.net.ConnectException: Connection refused
	... 11 more
2019-07-13 14:36:51,178 INFO  impl.LeaderElection (LogUtils.java:infoOrTrace(149)) - 86a99646-22da-4064-ad20-4a90a4de8188:group-7486B4974268:LeaderElection75 got exception when requesting votes: {}
java.util.concurrent.ExecutionException: org.apache.ratis.thirdparty.io.grpc.StatusRuntimeException: UNAVAILABLE: io exception
	at java.util.concurrent.FutureTask.report(FutureTask.java:122)
	at java.util.concurrent.FutureTask.get(FutureTask.java:192)
	at org.apache.ratis.server.impl.LeaderElection.waitForResults(LeaderElection.java:262)
	at org.apache.ratis.server.impl.LeaderElection.askForVotes(LeaderElection.java:200)
	at org.apache.ratis.server.impl.LeaderElection.run(LeaderElection.java:130)
	at java.lang.Thread.run(Thread.java:748)
Caused by: org.apache.ratis.thirdparty.io.grpc.StatusRuntimeException: UNAVAILABLE: io exception
	at org.apache.ratis.thirdparty.io.grpc.stub.ClientCalls.toStatusRuntimeException(ClientCalls.java:233)
	at org.apache.ratis.thirdparty.io.grpc.stub.ClientCalls.getUnchecked(ClientCalls.java:214)
	at org.apache.ratis.thirdparty.io.grpc.stub.ClientCalls.blockingUnaryCall(ClientCalls.java:139)
	at org.apache.ratis.proto.grpc.RaftServerProtocolServiceGrpc$RaftServerProtocolServiceBlockingStub.requestVote(RaftServerProtocolServiceGrpc.java:265)
	at org.apache.ratis.grpc.server.GrpcServerProtocolClient.requestVote(GrpcServerProtocolClient.java:83)
	at org.apache.ratis.grpc.server.GrpcService.requestVote(GrpcService.java:195)
	at org.apache.ratis.server.impl.LeaderElection.lambda$submitRequests$1(LeaderElection.java:237)
	at java.util.concurrent.FutureTask.run(FutureTask.java:266)
	at java.util.concurrent.Executors$RunnableAdapter.call(Executors.java:511)
	at java.util.concurrent.FutureTask.run(FutureTask.java:266)
	at java.util.concurrent.ThreadPoolExecutor.runWorker(ThreadPoolExecutor.java:1149)
	at java.util.concurrent.ThreadPoolExecutor$Worker.run(ThreadPoolExecutor.java:624)
	... 1 more
Caused by: org.apache.ratis.thirdparty.io.netty.channel.AbstractChannel$AnnotatedConnectException: Connection refused: /192.168.5.172:46597
	at sun.nio.ch.SocketChannelImpl.checkConnect(Native Method)
	at sun.nio.ch.SocketChannelImpl.finishConnect(SocketChannelImpl.java:717)
	at org.apache.ratis.thirdparty.io.netty.channel.socket.nio.NioSocketChannel.doFinishConnect(NioSocketChannel.java:327)
	at org.apache.ratis.thirdparty.io.netty.channel.nio.AbstractNioChannel$AbstractNioUnsafe.finishConnect(AbstractNioChannel.java:340)
	at org.apache.ratis.thirdparty.io.netty.channel.nio.NioEventLoop.processSelectedKey(NioEventLoop.java:632)
	at org.apache.ratis.thirdparty.io.netty.channel.nio.NioEventLoop.processSelectedKeysOptimized(NioEventLoop.java:579)
	at org.apache.ratis.thirdparty.io.netty.channel.nio.NioEventLoop.processSelectedKeys(NioEventLoop.java:496)
	at org.apache.ratis.thirdparty.io.netty.channel.nio.NioEventLoop.run(NioEventLoop.java:458)
	at org.apache.ratis.thirdparty.io.netty.util.concurrent.SingleThreadEventExecutor$5.run(SingleThreadEventExecutor.java:897)
	at org.apache.ratis.thirdparty.io.netty.util.concurrent.FastThreadLocalRunnable.run(FastThreadLocalRunnable.java:30)
	... 1 more
Caused by: java.net.ConnectException: Connection refused
	... 11 more
2019-07-13 14:36:51,180 INFO  impl.LeaderElection (LeaderElection.java:logAndReturn(56)) - 86a99646-22da-4064-ad20-4a90a4de8188:group-7486B4974268:LeaderElection75: Election REJECTED; received 0 response(s) [] and 2 exception(s); 86a99646-22da-4064-ad20-4a90a4de8188:t2, leader=null, voted=86a99646-22da-4064-ad20-4a90a4de8188, raftlog=86a99646-22da-4064-ad20-4a90a4de8188-SegmentedRaftLog:OPENED:c0,f0,i0, conf=0: [d3691bba-61f5-467c-b757-f5857d6c6cfd:192.168.5.172:46597, 86a99646-22da-4064-ad20-4a90a4de8188:192.168.5.172:35945, 71dca860-de59-4958-8d12-2670ada20a66:192.168.5.172:33330], old=null
2019-07-13 14:36:51,180 INFO  impl.LeaderElection (LogUtils.java:infoOrTrace(149)) -   Exception 0: {}
java.util.concurrent.ExecutionException: org.apache.ratis.thirdparty.io.grpc.StatusRuntimeException: UNAVAILABLE: io exception
	at java.util.concurrent.FutureTask.report(FutureTask.java:122)
	at java.util.concurrent.FutureTask.get(FutureTask.java:192)
	at org.apache.ratis.server.impl.LeaderElection.waitForResults(LeaderElection.java:262)
	at org.apache.ratis.server.impl.LeaderElection.askForVotes(LeaderElection.java:200)
	at org.apache.ratis.server.impl.LeaderElection.run(LeaderElection.java:130)
	at java.lang.Thread.run(Thread.java:748)
Caused by: org.apache.ratis.thirdparty.io.grpc.StatusRuntimeException: UNAVAILABLE: io exception
	at org.apache.ratis.thirdparty.io.grpc.stub.ClientCalls.toStatusRuntimeException(ClientCalls.java:233)
	at org.apache.ratis.thirdparty.io.grpc.stub.ClientCalls.getUnchecked(ClientCalls.java:214)
	at org.apache.ratis.thirdparty.io.grpc.stub.ClientCalls.blockingUnaryCall(ClientCalls.java:139)
	at org.apache.ratis.proto.grpc.RaftServerProtocolServiceGrpc$RaftServerProtocolServiceBlockingStub.requestVote(RaftServerProtocolServiceGrpc.java:265)
	at org.apache.ratis.grpc.server.GrpcServerProtocolClient.requestVote(GrpcServerProtocolClient.java:83)
	at org.apache.ratis.grpc.server.GrpcService.requestVote(GrpcService.java:195)
	at org.apache.ratis.server.impl.LeaderElection.lambda$submitRequests$1(LeaderElection.java:237)
	at java.util.concurrent.FutureTask.run(FutureTask.java:266)
	at java.util.concurrent.Executors$RunnableAdapter.call(Executors.java:511)
	at java.util.concurrent.FutureTask.run(FutureTask.java:266)
	at java.util.concurrent.ThreadPoolExecutor.runWorker(ThreadPoolExecutor.java:1149)
	at java.util.concurrent.ThreadPoolExecutor$Worker.run(ThreadPoolExecutor.java:624)
	... 1 more
Caused by: org.apache.ratis.thirdparty.io.netty.channel.AbstractChannel$AnnotatedConnectException: Connection refused: /192.168.5.172:33330
	at sun.nio.ch.SocketChannelImpl.checkConnect(Native Method)
	at sun.nio.ch.SocketChannelImpl.finishConnect(SocketChannelImpl.java:717)
	at org.apache.ratis.thirdparty.io.netty.channel.socket.nio.NioSocketChannel.doFinishConnect(NioSocketChannel.java:327)
	at org.apache.ratis.thirdparty.io.netty.channel.nio.AbstractNioChannel$AbstractNioUnsafe.finishConnect(AbstractNioChannel.java:340)
	at org.apache.ratis.thirdparty.io.netty.channel.nio.NioEventLoop.processSelectedKey(NioEventLoop.java:632)
	at org.apache.ratis.thirdparty.io.netty.channel.nio.NioEventLoop.processSelectedKeysOptimized(NioEventLoop.java:579)
	at org.apache.ratis.thirdparty.io.netty.channel.nio.NioEventLoop.processSelectedKeys(NioEventLoop.java:496)
	at org.apache.ratis.thirdparty.io.netty.channel.nio.NioEventLoop.run(NioEventLoop.java:458)
	at org.apache.ratis.thirdparty.io.netty.util.concurrent.SingleThreadEventExecutor$5.run(SingleThreadEventExecutor.java:897)
	at org.apache.ratis.thirdparty.io.netty.util.concurrent.FastThreadLocalRunnable.run(FastThreadLocalRunnable.java:30)
	... 1 more
Caused by: java.net.ConnectException: Connection refused
	... 11 more
2019-07-13 14:36:51,180 INFO  impl.LeaderElection (LogUtils.java:infoOrTrace(149)) -   Exception 1: {}
java.util.concurrent.ExecutionException: org.apache.ratis.thirdparty.io.grpc.StatusRuntimeException: UNAVAILABLE: io exception
	at java.util.concurrent.FutureTask.report(FutureTask.java:122)
	at java.util.concurrent.FutureTask.get(FutureTask.java:192)
	at org.apache.ratis.server.impl.LeaderElection.waitForResults(LeaderElection.java:262)
	at org.apache.ratis.server.impl.LeaderElection.askForVotes(LeaderElection.java:200)
	at org.apache.ratis.server.impl.LeaderElection.run(LeaderElection.java:130)
	at java.lang.Thread.run(Thread.java:748)
Caused by: org.apache.ratis.thirdparty.io.grpc.StatusRuntimeException: UNAVAILABLE: io exception
	at org.apache.ratis.thirdparty.io.grpc.stub.ClientCalls.toStatusRuntimeException(ClientCalls.java:233)
	at org.apache.ratis.thirdparty.io.grpc.stub.ClientCalls.getUnchecked(ClientCalls.java:214)
	at org.apache.ratis.thirdparty.io.grpc.stub.ClientCalls.blockingUnaryCall(ClientCalls.java:139)
	at org.apache.ratis.proto.grpc.RaftServerProtocolServiceGrpc$RaftServerProtocolServiceBlockingStub.requestVote(RaftServerProtocolServiceGrpc.java:265)
	at org.apache.ratis.grpc.server.GrpcServerProtocolClient.requestVote(GrpcServerProtocolClient.java:83)
	at org.apache.ratis.grpc.server.GrpcService.requestVote(GrpcService.java:195)
	at org.apache.ratis.server.impl.LeaderElection.lambda$submitRequests$1(LeaderElection.java:237)
	at java.util.concurrent.FutureTask.run(FutureTask.java:266)
	at java.util.concurrent.Executors$RunnableAdapter.call(Executors.java:511)
	at java.util.concurrent.FutureTask.run(FutureTask.java:266)
	at java.util.concurrent.ThreadPoolExecutor.runWorker(ThreadPoolExecutor.java:1149)
	at java.util.concurrent.ThreadPoolExecutor$Worker.run(ThreadPoolExecutor.java:624)
	... 1 more
Caused by: org.apache.ratis.thirdparty.io.netty.channel.AbstractChannel$AnnotatedConnectException: Connection refused: /192.168.5.172:46597
	at sun.nio.ch.SocketChannelImpl.checkConnect(Native Method)
	at sun.nio.ch.SocketChannelImpl.finishConnect(SocketChannelImpl.java:717)
	at org.apache.ratis.thirdparty.io.netty.channel.socket.nio.NioSocketChannel.doFinishConnect(NioSocketChannel.java:327)
	at org.apache.ratis.thirdparty.io.netty.channel.nio.AbstractNioChannel$AbstractNioUnsafe.finishConnect(AbstractNioChannel.java:340)
	at org.apache.ratis.thirdparty.io.netty.channel.nio.NioEventLoop.processSelectedKey(NioEventLoop.java:632)
	at org.apache.ratis.thirdparty.io.netty.channel.nio.NioEventLoop.processSelectedKeysOptimized(NioEventLoop.java:579)
	at org.apache.ratis.thirdparty.io.netty.channel.nio.NioEventLoop.processSelectedKeys(NioEventLoop.java:496)
	at org.apache.ratis.thirdparty.io.netty.channel.nio.NioEventLoop.run(NioEventLoop.java:458)
	at org.apache.ratis.thirdparty.io.netty.util.concurrent.SingleThreadEventExecutor$5.run(SingleThreadEventExecutor.java:897)
	at org.apache.ratis.thirdparty.io.netty.util.concurrent.FastThreadLocalRunnable.run(FastThreadLocalRunnable.java:30)
	... 1 more
Caused by: java.net.ConnectException: Connection refused
	... 11 more
2019-07-13 14:36:51,180 INFO  impl.RaftServerImpl (RaftServerImpl.java:setRole(171)) - 86a99646-22da-4064-ad20-4a90a4de8188:group-7486B4974268 changes role from CANDIDATE to FOLLOWER at term 2 for DISCOVERED_A_NEW_TERM
2019-07-13 14:36:51,180 INFO  impl.RoleInfo (RoleInfo.java:shutdownLeaderElection(134)) - 86a99646-22da-4064-ad20-4a90a4de8188: shutdown LeaderElection
2019-07-13 14:36:51,181 INFO  impl.RoleInfo (RoleInfo.java:updateAndGet(143)) - 86a99646-22da-4064-ad20-4a90a4de8188: start FollowerState
2019-07-13 14:36:51,482 INFO  node.StaleNodeHandler (StaleNodeHandler.java:onMessage(58)) - Datanode 86a99646-22da-4064-ad20-4a90a4de8188{ip: 192.168.5.172, host: trunk-nightly-mhs6z-4061744966, networkLocation: /default-rack, certSerialId: null} moved to stale state. Finalizing its pipelines [PipelineID=db742c38-3bbc-4ea8-a6c6-7486b4974268, PipelineID=043d061e-b358-4e10-90d0-d354162f84ed]
2019-07-13 14:36:51,482 INFO  pipeline.SCMPipelineManager (SCMPipelineManager.java:finalizeAndDestroyPipeline(309)) - destroying pipeline:Pipeline[ Id: db742c38-3bbc-4ea8-a6c6-7486b4974268, Nodes: 86a99646-22da-4064-ad20-4a90a4de8188{ip: 192.168.5.172, host: trunk-nightly-mhs6z-4061744966, networkLocation: /default-rack, certSerialId: null}d3691bba-61f5-467c-b757-f5857d6c6cfd{ip: 192.168.5.172, host: trunk-nightly-mhs6z-4061744966, networkLocation: /default-rack, certSerialId: null}71dca860-de59-4958-8d12-2670ada20a66{ip: 192.168.5.172, host: trunk-nightly-mhs6z-4061744966, networkLocation: /default-rack, certSerialId: null}, Type:RATIS, Factor:THREE, State:CLOSED]
2019-07-13 14:36:51,483 INFO  pipeline.SCMPipelineManager (SCMPipelineManager.java:finalizeAndDestroyPipeline(309)) - destroying pipeline:Pipeline[ Id: 043d061e-b358-4e10-90d0-d354162f84ed, Nodes: 86a99646-22da-4064-ad20-4a90a4de8188{ip: 192.168.5.172, host: trunk-nightly-mhs6z-4061744966, networkLocation: /default-rack, certSerialId: null}, Type:RATIS, Factor:ONE, State:OPEN]
2019-07-13 14:36:51,483 INFO  pipeline.PipelineStateManager (PipelineStateManager.java:finalizePipeline(123)) - Pipeline Pipeline[ Id: 043d061e-b358-4e10-90d0-d354162f84ed, Nodes: 86a99646-22da-4064-ad20-4a90a4de8188{ip: 192.168.5.172, host: trunk-nightly-mhs6z-4061744966, networkLocation: /default-rack, certSerialId: null}, Type:RATIS, Factor:ONE, State:CLOSED] moved to CLOSED state
2019-07-13 14:36:51,682 INFO  node.StaleNodeHandler (StaleNodeHandler.java:onMessage(58)) - Datanode f5741a41-e778-4d38-9ddd-39d7e4c09149{ip: 192.168.5.172, host: trunk-nightly-mhs6z-4061744966, networkLocation: /default-rack, certSerialId: null} moved to stale state. Finalizing its pipelines [PipelineID=cf175408-3921-4976-84d2-c879ff19d51b]
2019-07-13 14:36:51,683 INFO  pipeline.SCMPipelineManager (SCMPipelineManager.java:finalizeAndDestroyPipeline(309)) - destroying pipeline:Pipeline[ Id: cf175408-3921-4976-84d2-c879ff19d51b, Nodes: f5741a41-e778-4d38-9ddd-39d7e4c09149{ip: 192.168.5.172, host: trunk-nightly-mhs6z-4061744966, networkLocation: /default-rack, certSerialId: null}, Type:RATIS, Factor:ONE, State:OPEN]
2019-07-13 14:36:51,683 INFO  pipeline.PipelineStateManager (PipelineStateManager.java:finalizePipeline(123)) - Pipeline Pipeline[ Id: cf175408-3921-4976-84d2-c879ff19d51b, Nodes: f5741a41-e778-4d38-9ddd-39d7e4c09149{ip: 192.168.5.172, host: trunk-nightly-mhs6z-4061744966, networkLocation: /default-rack, certSerialId: null}, Type:RATIS, Factor:ONE, State:CLOSED] moved to CLOSED state
2019-07-13 14:36:52,321 INFO  ozoneimpl.OzoneContainer (OzoneContainer.java:stop(199)) - Attempting to stop container services.
2019-07-13 14:36:52,321 INFO  ozoneimpl.OzoneContainer (OzoneContainer.java:stop(199)) - Attempting to stop container services.
2019-07-13 14:36:52,322 INFO  impl.RaftServerProxy (RaftServerProxy.java:lambda$close$4(314)) - f5741a41-e778-4d38-9ddd-39d7e4c09149: close
2019-07-13 14:36:52,322 INFO  impl.RaftServerProxy (RaftServerProxy.java:lambda$close$4(314)) - 86a99646-22da-4064-ad20-4a90a4de8188: close
2019-07-13 14:36:52,323 INFO  impl.RaftServerImpl (RaftServerImpl.java:lambda$shutdown$3(245)) - f5741a41-e778-4d38-9ddd-39d7e4c09149: shutdown group-C879FF19D51B
2019-07-13 14:36:52,323 INFO  impl.RaftServerImpl (RaftServerImpl.java:lambda$shutdown$3(245)) - 86a99646-22da-4064-ad20-4a90a4de8188: shutdown group-7486B4974268
2019-07-13 14:36:52,323 INFO  util.JmxRegister (JmxRegister.java:unregister(73)) - Successfully un-registered JMX Bean with object name Ratis:service=RaftServer,group=group-C879FF19D51B,id=f5741a41-e778-4d38-9ddd-39d7e4c09149
2019-07-13 14:36:52,324 INFO  util.JmxRegister (JmxRegister.java:unregister(73)) - Successfully un-registered JMX Bean with object name Ratis:service=RaftServer,group=group-7486B4974268,id=86a99646-22da-4064-ad20-4a90a4de8188
2019-07-13 14:36:52,324 INFO  impl.RoleInfo (RoleInfo.java:shutdownLeaderState(104)) - f5741a41-e778-4d38-9ddd-39d7e4c09149: shutdown LeaderState
2019-07-13 14:36:52,324 INFO  impl.RoleInfo (RoleInfo.java:shutdownFollowerState(121)) - 86a99646-22da-4064-ad20-4a90a4de8188: shutdown FollowerState
2019-07-13 14:36:52,325 INFO  impl.PendingRequests (PendingRequests.java:sendNotLeaderResponses(202)) - f5741a41-e778-4d38-9ddd-39d7e4c09149-PendingRequests: sendNotLeaderResponses
2019-07-13 14:36:52,325 INFO  ratis.ContainerStateMachine (ContainerStateMachine.java:takeSnapshot(246)) - Taking snapshot at termIndex:(t:0, i:~)
2019-07-13 14:36:52,325 INFO  impl.FollowerState (FollowerState.java:run(114)) - 86a99646-22da-4064-ad20-4a90a4de8188: FollowerState was interrupted: java.lang.InterruptedException: sleep interrupted
2019-07-13 14:36:52,325 INFO  impl.StateMachineUpdater (StateMachineUpdater.java:stopAndJoin(115)) - StateMachineUpdater:86a99646-22da-4064-ad20-4a90a4de8188:group-7486B4974268: set stopIndex = 0
2019-07-13 14:36:52,328 INFO  ratis.ContainerStateMachine (ContainerStateMachine.java:takeSnapshot(246)) - Taking snapshot at termIndex:(t:0, i:~)
2019-07-13 14:36:52,326 INFO  impl.StateMachineUpdater (StateMachineUpdater.java:stopAndJoin(115)) - StateMachineUpdater:f5741a41-e778-4d38-9ddd-39d7e4c09149:group-C879FF19D51B: set stopIndex = 0
2019-07-13 14:36:52,329 INFO  impl.RaftServerImpl (ServerState.java:close(394)) - f5741a41-e778-4d38-9ddd-39d7e4c09149:group-C879FF19D51B closes. The last applied log index is 0
2019-07-13 14:36:52,328 INFO  impl.RaftServerImpl (ServerState.java:close(394)) - 86a99646-22da-4064-ad20-4a90a4de8188:group-7486B4974268 closes. The last applied log index is 0
2019-07-13 14:36:52,329 INFO  segmented.SegmentedRaftLogWorker (SegmentedRaftLogWorker.java:run(313)) - f5741a41-e778-4d38-9ddd-39d7e4c09149-SegmentedRaftLogWorker:Storage Directory /tmp/workdir/hadoop-ozone/integration-test/target/test-dir/MiniOzoneClusterImpl-b97ae15e-6d50-4c11-8b93-1c38e9c31ea1/datanode-6/data/ratis/cf175408-3921-4976-84d2-c879ff19d51b was interrupted, exiting. There are 0 tasks remaining in the queue.
2019-07-13 14:36:52,331 INFO  segmented.SegmentedRaftLogWorker (SegmentedRaftLogWorker.java:run(313)) - 86a99646-22da-4064-ad20-4a90a4de8188-SegmentedRaftLogWorker:Storage Directory /tmp/workdir/hadoop-ozone/integration-test/target/test-dir/MiniOzoneClusterImpl-b97ae15e-6d50-4c11-8b93-1c38e9c31ea1/datanode-5/data/ratis/db742c38-3bbc-4ea8-a6c6-7486b4974268 was interrupted, exiting. There are 0 tasks remaining in the queue.
2019-07-13 14:36:52,331 INFO  segmented.SegmentedRaftLogWorker (SegmentedRaftLogWorker.java:close(228)) - f5741a41-e778-4d38-9ddd-39d7e4c09149-SegmentedRaftLogWorker:Storage Directory /tmp/workdir/hadoop-ozone/integration-test/target/test-dir/MiniOzoneClusterImpl-b97ae15e-6d50-4c11-8b93-1c38e9c31ea1/datanode-6/data/ratis/cf175408-3921-4976-84d2-c879ff19d51b close()
2019-07-13 14:36:52,333 INFO  segmented.SegmentedRaftLogWorker (SegmentedRaftLogWorker.java:close(228)) - 86a99646-22da-4064-ad20-4a90a4de8188-SegmentedRaftLogWorker:Storage Directory /tmp/workdir/hadoop-ozone/integration-test/target/test-dir/MiniOzoneClusterImpl-b97ae15e-6d50-4c11-8b93-1c38e9c31ea1/datanode-5/data/ratis/db742c38-3bbc-4ea8-a6c6-7486b4974268 close()
2019-07-13 14:36:52,336 INFO  server.GrpcService (GrpcService.java:closeImpl(155)) - f5741a41-e778-4d38-9ddd-39d7e4c09149: shutdown server with port 45128 now
2019-07-13 14:36:52,345 INFO  impl.RaftServerImpl (RaftServerImpl.java:lambda$shutdown$3(245)) - 86a99646-22da-4064-ad20-4a90a4de8188: shutdown group-D354162F84ED
2019-07-13 14:36:52,347 INFO  server.GrpcService (GrpcService.java:closeImpl(163)) - f5741a41-e778-4d38-9ddd-39d7e4c09149: shutdown server with port 45128 successfully
2019-07-13 14:36:52,347 INFO  util.JmxRegister (JmxRegister.java:unregister(73)) - Successfully un-registered JMX Bean with object name Ratis:service=RaftServer,group=group-D354162F84ED,id=86a99646-22da-4064-ad20-4a90a4de8188
2019-07-13 14:36:52,348 INFO  impl.RoleInfo (RoleInfo.java:shutdownLeaderState(104)) - 86a99646-22da-4064-ad20-4a90a4de8188: shutdown LeaderState
2019-07-13 14:36:52,348 INFO  impl.PendingRequests (PendingRequests.java:sendNotLeaderResponses(202)) - 86a99646-22da-4064-ad20-4a90a4de8188-PendingRequests: sendNotLeaderResponses
2019-07-13 14:36:52,349 INFO  impl.StateMachineUpdater (StateMachineUpdater.java:stopAndJoin(115)) - StateMachineUpdater:86a99646-22da-4064-ad20-4a90a4de8188:group-D354162F84ED: set stopIndex = 0
2019-07-13 14:36:52,349 INFO  ratis.ContainerStateMachine (ContainerStateMachine.java:takeSnapshot(246)) - Taking snapshot at termIndex:(t:0, i:~)
2019-07-13 14:36:52,349 INFO  impl.RaftServerImpl (ServerState.java:close(394)) - 86a99646-22da-4064-ad20-4a90a4de8188:group-D354162F84ED closes. The last applied log index is 0
2019-07-13 14:36:52,350 INFO  utils.BackgroundService (BackgroundService.java:shutdown(148)) - Shutting down service BlockDeletingService
2019-07-13 14:36:52,350 INFO  segmented.SegmentedRaftLogWorker (SegmentedRaftLogWorker.java:run(313)) - 86a99646-22da-4064-ad20-4a90a4de8188-SegmentedRaftLogWorker:Storage Directory /tmp/workdir/hadoop-ozone/integration-test/target/test-dir/MiniOzoneClusterImpl-b97ae15e-6d50-4c11-8b93-1c38e9c31ea1/datanode-5/data/ratis/043d061e-b358-4e10-90d0-d354162f84ed was interrupted, exiting. There are 0 tasks remaining in the queue.
2019-07-13 14:36:52,351 INFO  segmented.SegmentedRaftLogWorker (SegmentedRaftLogWorker.java:close(228)) - 86a99646-22da-4064-ad20-4a90a4de8188-SegmentedRaftLogWorker:Storage Directory /tmp/workdir/hadoop-ozone/integration-test/target/test-dir/MiniOzoneClusterImpl-b97ae15e-6d50-4c11-8b93-1c38e9c31ea1/datanode-5/data/ratis/043d061e-b358-4e10-90d0-d354162f84ed close()
2019-07-13 14:36:52,353 WARN  fs.CachingGetSpaceUsed (CachingGetSpaceUsed.java:run(183)) - Thread Interrupted waiting to refresh disk information: sleep interrupted
2019-07-13 14:36:52,353 INFO  server.GrpcService (GrpcService.java:closeImpl(155)) - 86a99646-22da-4064-ad20-4a90a4de8188: shutdown server with port 35945 now
2019-07-13 14:36:52,356 INFO  server.GrpcService (GrpcService.java:closeImpl(163)) - 86a99646-22da-4064-ad20-4a90a4de8188: shutdown server with port 35945 successfully
2019-07-13 14:36:52,358 INFO  utils.BackgroundService (BackgroundService.java:shutdown(148)) - Shutting down service BlockDeletingService
2019-07-13 14:36:52,359 WARN  fs.CachingGetSpaceUsed (CachingGetSpaceUsed.java:run(183)) - Thread Interrupted waiting to refresh disk information: sleep interrupted
2019-07-13 14:36:52,374 INFO  statemachine.DatanodeStateMachine (DatanodeStateMachine.java:stopDaemon(395)) - Ozone container server stopped.
2019-07-13 14:36:52,384 INFO  statemachine.DatanodeStateMachine (DatanodeStateMachine.java:stopDaemon(395)) - Ozone container server stopped.
2019-07-13 14:36:52,387 INFO  handler.ContextHandler (ContextHandler.java:doStop(910)) - Stopped o.e.j.w.WebAppContext@3217e970{/,null,UNAVAILABLE}{/hddsDatanode}
2019-07-13 14:36:52,388 INFO  handler.ContextHandler (ContextHandler.java:doStop(910)) - Stopped o.e.j.w.WebAppContext@7b06dce0{/,null,UNAVAILABLE}{/hddsDatanode}
2019-07-13 14:36:52,389 INFO  server.AbstractConnector (AbstractConnector.java:doStop(318)) - Stopped ServerConnector@6d0d5147{HTTP/1.1,[http/1.1]}{0.0.0.0:0}
2019-07-13 14:36:52,389 INFO  server.AbstractConnector (AbstractConnector.java:doStop(318)) - Stopped ServerConnector@556a5e70{HTTP/1.1,[http/1.1]}{0.0.0.0:0}
2019-07-13 14:36:52,389 INFO  handler.ContextHandler (ContextHandler.java:doStop(910)) - Stopped o.e.j.s.ServletContextHandler@25bfc558{/static,jar:file:/home/user/.m2/repository/org/apache/hadoop/hadoop-hdds-container-service/0.5.0-SNAPSHOT/hadoop-hdds-container-service-0.5.0-SNAPSHOT.jar!/webapps/static,UNAVAILABLE}
2019-07-13 14:36:52,393 INFO  handler.ContextHandler (ContextHandler.java:doStop(910)) - Stopped o.e.j.s.ServletContextHandler@642693c2{/static,jar:file:/home/user/.m2/repository/org/apache/hadoop/hadoop-hdds-container-service/0.5.0-SNAPSHOT/hadoop-hdds-container-service-0.5.0-SNAPSHOT.jar!/webapps/static,UNAVAILABLE}
2019-07-13 14:36:52,393 INFO  handler.ContextHandler (ContextHandler.java:doStop(910)) - Stopped o.e.j.s.ServletContextHandler@3c48bbf3{/logs,file:///tmp/workdir/hadoop-ozone/integration-test/target/log,UNAVAILABLE}
2019-07-13 14:36:52,393 INFO  handler.ContextHandler (ContextHandler.java:doStop(910)) - Stopped o.e.j.s.ServletContextHandler@3f2f6818{/logs,file:///tmp/workdir/hadoop-ozone/integration-test/target/log,UNAVAILABLE}
2019-07-13 14:36:52,395 INFO  ozone.MiniOzoneClusterImpl (MiniOzoneClusterImpl.java:stop(353)) - Stopping the StorageContainerManager
2019-07-13 14:36:52,395 INFO  server.StorageContainerManager (StorageContainerManager.java:stop(796)) - Stopping Replication Manager Service.
2019-07-13 14:36:52,395 INFO  container.ReplicationManager (ReplicationManager.java:stop(187)) - Stopping Replication Monitor Thread.
2019-07-13 14:36:52,395 INFO  server.StorageContainerManager (StorageContainerManager.java:stop(803)) - Stopping Lease Manager of the command watchers
2019-07-13 14:36:52,396 INFO  server.StorageContainerManager (StorageContainerManager.java:stop(810)) - Stopping datanode service RPC server
2019-07-13 14:36:52,396 INFO  server.SCMDatanodeProtocolServer (SCMDatanodeProtocolServer.java:stop(375)) - Stopping the RPC server for DataNodes
2019-07-13 14:36:52,396 INFO  ipc.Server (Server.java:stop(3082)) - Stopping server on 43529
2019-07-13 14:36:52,398 INFO  ipc.Server (Server.java:run(1185)) - Stopping IPC Server listener on 43529
2019-07-13 14:36:52,398 INFO  ipc.Server (Server.java:run(1319)) - Stopping IPC Server Responder
2019-07-13 14:36:52,484 WARN  node.NodeStateManager (NodeStateManager.java:scheduleNextHealthCheck(631)) - Current Thread is interrupted, shutting down HB processing thread for Node Manager.
2019-07-13 14:36:52,484 INFO  server.StorageContainerManager (StorageContainerManager.java:stop(818)) - Stopping block service RPC server
2019-07-13 14:36:52,484 INFO  server.SCMBlockProtocolServer (SCMBlockProtocolServer.java:stop(148)) - Stopping the RPC server for Block Protocol
2019-07-13 14:36:52,484 INFO  ipc.Server (Server.java:stop(3082)) - Stopping server on 36307
2019-07-13 14:36:52,486 INFO  ipc.Server (Server.java:run(1185)) - Stopping IPC Server listener on 36307
2019-07-13 14:36:52,486 INFO  server.StorageContainerManager (StorageContainerManager.java:stop(825)) - Stopping the StorageContainerLocationProtocol RPC server
2019-07-13 14:36:52,487 INFO  server.SCMClientProtocolServer (SCMClientProtocolServer.java:stop(157)) - Stopping the RPC server for Client Protocol
2019-07-13 14:36:52,487 INFO  ipc.Server (Server.java:stop(3082)) - Stopping server on 39556
2019-07-13 14:36:52,487 INFO  ipc.Server (Server.java:run(1319)) - Stopping IPC Server Responder
2019-07-13 14:36:52,489 INFO  ipc.Server (Server.java:run(1185)) - Stopping IPC Server listener on 39556
2019-07-13 14:36:52,489 INFO  server.StorageContainerManager (StorageContainerManager.java:stop(832)) - Stopping Storage Container Manager HTTP server.
2019-07-13 14:36:52,489 INFO  ipc.Server (Server.java:run(1319)) - Stopping IPC Server Responder
2019-07-13 14:36:52,490 INFO  handler.ContextHandler (ContextHandler.java:doStop(910)) - Stopped o.e.j.w.WebAppContext@fdfd984{/,null,UNAVAILABLE}{/scm}
2019-07-13 14:36:52,491 INFO  server.AbstractConnector (AbstractConnector.java:doStop(318)) - Stopped ServerConnector@45e49d3d{HTTP/1.1,[http/1.1]}{0.0.0.0:0}
2019-07-13 14:36:52,492 INFO  handler.ContextHandler (ContextHandler.java:doStop(910)) - Stopped o.e.j.s.ServletContextHandler@119f035f{/static,file:///tmp/workdir/hadoop-ozone/integration-test/target/test-classes/webapps/static,UNAVAILABLE}
2019-07-13 14:36:52,492 INFO  handler.ContextHandler (ContextHandler.java:doStop(910)) - Stopped o.e.j.s.ServletContextHandler@445d878c{/logs,file:///tmp/workdir/hadoop-ozone/integration-test/target/log,UNAVAILABLE}
2019-07-13 14:36:52,493 INFO  server.StorageContainerManager (StorageContainerManager.java:stop(843)) - Stopping Block Manager Service.
2019-07-13 14:36:52,493 INFO  utils.BackgroundService (BackgroundService.java:shutdown(148)) - Shutting down service SCMBlockDeletingService
2019-07-13 14:36:52,493 INFO  utils.BackgroundService (BackgroundService.java:shutdown(148)) - Shutting down service SCMBlockDeletingService
2019-07-13 14:36:52,494 INFO  server.StorageContainerManager (StorageContainerManager.java:stop(865)) - Stopping SCM Event Queue.
2019-07-13 14:36:52,499 INFO  impl.MetricsSystemImpl (MetricsSystemImpl.java:stop(210)) - Stopping HddsDatanode metrics system...
2019-07-13 14:36:52,507 INFO  impl.MetricsSystemImpl (MetricsSystemImpl.java:stop(216)) - HddsDatanode metrics system stopped.
]]></system-out>
    <system-err><![CDATA[Jul 13, 2019 2:36:20 PM com.sun.jersey.server.impl.application.WebApplicationImpl _initiate
INFO: Initiating Jersey application, version 'Jersey: 1.19 02/11/2015 03:25 AM'
Jul 13, 2019 2:36:20 PM com.sun.jersey.server.impl.application.WebApplicationImpl _initiate
INFO: Initiating Jersey application, version 'Jersey: 1.19 02/11/2015 03:25 AM'
Jul 13, 2019 2:36:20 PM com.sun.jersey.server.impl.application.WebApplicationImpl _initiate
INFO: Initiating Jersey application, version 'Jersey: 1.19 02/11/2015 03:25 AM'
Jul 13, 2019 2:36:21 PM com.sun.jersey.server.impl.application.WebApplicationImpl _initiate
INFO: Initiating Jersey application, version 'Jersey: 1.19 02/11/2015 03:25 AM'
Jul 13, 2019 2:36:21 PM com.sun.jersey.server.impl.application.WebApplicationImpl _initiate
INFO: Initiating Jersey application, version 'Jersey: 1.19 02/11/2015 03:25 AM'
Jul 13, 2019 2:36:21 PM com.sun.jersey.server.impl.application.WebApplicationImpl _initiate
INFO: Initiating Jersey application, version 'Jersey: 1.19 02/11/2015 03:25 AM'
Jul 13, 2019 2:36:21 PM com.sun.jersey.server.impl.application.WebApplicationImpl _initiate
INFO: Initiating Jersey application, version 'Jersey: 1.19 02/11/2015 03:25 AM'
Jul 13, 2019 2:36:24 PM org.apache.ratis.thirdparty.io.grpc.internal.ManagedChannelOrphanWrapper$ManagedChannelReference cleanQueue
SEVERE: *~*~*~ Channel ManagedChannelImpl{logId=2932, target=192.168.5.172:37980} was not shutdown properly!!! ~*~*~*
    Make sure to call shutdown()/shutdownNow() and wait until awaitTermination() returns true.
java.lang.RuntimeException: ManagedChannel allocation site
	at org.apache.ratis.thirdparty.io.grpc.internal.ManagedChannelOrphanWrapper$ManagedChannelReference.<init>(ManagedChannelOrphanWrapper.java:103)
	at org.apache.ratis.thirdparty.io.grpc.internal.ManagedChannelOrphanWrapper.<init>(ManagedChannelOrphanWrapper.java:53)
	at org.apache.ratis.thirdparty.io.grpc.internal.ManagedChannelOrphanWrapper.<init>(ManagedChannelOrphanWrapper.java:44)
	at org.apache.ratis.thirdparty.io.grpc.internal.AbstractManagedChannelImplBuilder.build(AbstractManagedChannelImplBuilder.java:411)
	at org.apache.ratis.grpc.client.GrpcClientProtocolClient.<init>(GrpcClientProtocolClient.java:119)
	at org.apache.ratis.grpc.client.GrpcClientRpc.lambda$new$0(GrpcClientRpc.java:55)
	at org.apache.ratis.util.PeerProxyMap$PeerAndProxy.lambda$getProxy$0(PeerProxyMap.java:61)
	at org.apache.ratis.util.LifeCycle.startAndTransition(LifeCycle.java:202)
	at org.apache.ratis.util.PeerProxyMap$PeerAndProxy.getProxy(PeerProxyMap.java:60)
	at org.apache.ratis.util.PeerProxyMap.getProxy(PeerProxyMap.java:107)
	at org.apache.ratis.grpc.client.GrpcClientRpc.sendRequestAsync(GrpcClientRpc.java:66)
	at org.apache.ratis.client.impl.OrderedAsync.sendRequest(OrderedAsync.java:208)
	at org.apache.ratis.client.impl.OrderedAsync.sendRequestWithRetry(OrderedAsync.java:169)
	at org.apache.ratis.util.SlidingWindow$Client.sendOrDelayRequest(SlidingWindow.java:278)
	at org.apache.ratis.util.SlidingWindow$Client.retry(SlidingWindow.java:294)
	at org.apache.ratis.client.impl.OrderedAsync.lambda$scheduleWithTimeout$7(OrderedAsync.java:195)
	at org.apache.ratis.util.TimeoutScheduler.lambda$onTimeout$0(TimeoutScheduler.java:85)
	at org.apache.ratis.util.TimeoutScheduler.lambda$onTimeout$1(TimeoutScheduler.java:104)
	at org.apache.ratis.util.LogUtils.runAndLog(LogUtils.java:50)
	at org.apache.ratis.util.LogUtils$1.run(LogUtils.java:91)
	at java.util.concurrent.Executors$RunnableAdapter.call(Executors.java:511)
	at java.util.concurrent.FutureTask.run(FutureTask.java:266)
	at java.util.concurrent.ScheduledThreadPoolExecutor$ScheduledFutureTask.access$201(ScheduledThreadPoolExecutor.java:180)
	at java.util.concurrent.ScheduledThreadPoolExecutor$ScheduledFutureTask.run(ScheduledThreadPoolExecutor.java:293)
	at java.util.concurrent.ThreadPoolExecutor.runWorker(ThreadPoolExecutor.java:1149)
	at java.util.concurrent.ThreadPoolExecutor$Worker.run(ThreadPoolExecutor.java:624)
	at java.lang.Thread.run(Thread.java:748)

]]></system-err>
  </testcase>
  <testcase name="testFailureWithPrimeSizedData" classname="org.apache.hadoop.ozone.client.rpc.TestBlockOutputStreamWithFailures" time="33.841">
    <error type="java.lang.IllegalArgumentException">java.lang.IllegalArgumentException
	at com.google.common.base.Preconditions.checkArgument(Preconditions.java:72)
	at org.apache.hadoop.hdds.scm.XceiverClientManager.acquireClient(XceiverClientManager.java:150)
	at org.apache.hadoop.hdds.scm.XceiverClientManager.acquireClientForReadData(XceiverClientManager.java:143)
	at org.apache.hadoop.hdds.scm.storage.BlockInputStream.getChunkInfos(BlockInputStream.java:154)
	at org.apache.hadoop.hdds.scm.storage.BlockInputStream.initialize(BlockInputStream.java:118)
	at org.apache.hadoop.hdds.scm.storage.BlockInputStream.read(BlockInputStream.java:222)
	at org.apache.hadoop.ozone.client.io.KeyInputStream.read(KeyInputStream.java:171)
	at org.apache.hadoop.ozone.client.io.OzoneInputStream.read(OzoneInputStream.java:47)
	at java.io.InputStream.read(InputStream.java:101)
	at org.apache.hadoop.ozone.container.ContainerTestHelper.validateData(ContainerTestHelper.java:709)
	at org.apache.hadoop.ozone.client.rpc.TestBlockOutputStreamWithFailures.validateData(TestBlockOutputStreamWithFailures.java:1212)
	at org.apache.hadoop.ozone.client.rpc.TestBlockOutputStreamWithFailures.testFailureWithPrimeSizedData(TestBlockOutputStreamWithFailures.java:658)
	at sun.reflect.NativeMethodAccessorImpl.invoke0(Native Method)
	at sun.reflect.NativeMethodAccessorImpl.invoke(NativeMethodAccessorImpl.java:62)
	at sun.reflect.DelegatingMethodAccessorImpl.invoke(DelegatingMethodAccessorImpl.java:43)
	at java.lang.reflect.Method.invoke(Method.java:498)
	at org.junit.runners.model.FrameworkMethod$1.runReflectiveCall(FrameworkMethod.java:47)
	at org.junit.internal.runners.model.ReflectiveCallable.run(ReflectiveCallable.java:12)
	at org.junit.runners.model.FrameworkMethod.invokeExplosively(FrameworkMethod.java:44)
	at org.junit.internal.runners.statements.InvokeMethod.evaluate(InvokeMethod.java:17)
	at org.junit.internal.runners.statements.RunBefores.evaluate(RunBefores.java:26)
	at org.junit.internal.runners.statements.RunAfters.evaluate(RunAfters.java:27)
	at org.junit.runners.ParentRunner.runLeaf(ParentRunner.java:271)
	at org.junit.runners.BlockJUnit4ClassRunner.runChild(BlockJUnit4ClassRunner.java:70)
	at org.junit.runners.BlockJUnit4ClassRunner.runChild(BlockJUnit4ClassRunner.java:50)
	at org.junit.runners.ParentRunner$3.run(ParentRunner.java:238)
	at org.junit.runners.ParentRunner$1.schedule(ParentRunner.java:63)
	at org.junit.runners.ParentRunner.runChildren(ParentRunner.java:236)
	at org.junit.runners.ParentRunner.access$000(ParentRunner.java:53)
	at org.junit.runners.ParentRunner$2.evaluate(ParentRunner.java:229)
	at org.junit.runners.ParentRunner.run(ParentRunner.java:309)
	at org.apache.maven.surefire.junit4.JUnit4Provider.execute(JUnit4Provider.java:365)
	at org.apache.maven.surefire.junit4.JUnit4Provider.executeWithRerun(JUnit4Provider.java:273)
	at org.apache.maven.surefire.junit4.JUnit4Provider.executeTestSet(JUnit4Provider.java:238)
	at org.apache.maven.surefire.junit4.JUnit4Provider.invoke(JUnit4Provider.java:159)
	at org.apache.maven.surefire.booter.ForkedBooter.invokeProviderInSameClassLoader(ForkedBooter.java:384)
	at org.apache.maven.surefire.booter.ForkedBooter.runSuitesInProcess(ForkedBooter.java:345)
	at org.apache.maven.surefire.booter.ForkedBooter.execute(ForkedBooter.java:126)
	at org.apache.maven.surefire.booter.ForkedBooter.main(ForkedBooter.java:418)
</error>
    <system-out><![CDATA[2019-07-13 14:36:52,551 WARN  server.ServerUtils (ServerUtils.java:getScmDbDir(145)) - ozone.scm.db.dirs is not configured. We recommend adding this setting. Falling back to ozone.metadata.dirs instead.
2019-07-13 14:36:52,559 WARN  server.ServerUtils (ServerUtils.java:getScmDbDir(145)) - ozone.scm.db.dirs is not configured. We recommend adding this setting. Falling back to ozone.metadata.dirs instead.
2019-07-13 14:36:52,560 WARN  server.ServerUtils (ServerUtils.java:getScmDbDir(145)) - ozone.scm.db.dirs is not configured. We recommend adding this setting. Falling back to ozone.metadata.dirs instead.
2019-07-13 14:36:52,560 INFO  db.DBStoreBuilder (DBStoreBuilder.java:addTable(110)) - using custom profile for table: deletedBlocks
2019-07-13 14:36:52,560 INFO  db.DBStoreBuilder (DBStoreBuilder.java:processTables(161)) - Using default column profile:DBProfile.DISK for Table:deletedBlocks
2019-07-13 14:36:52,561 INFO  db.DBStoreBuilder (DBStoreBuilder.java:addTable(110)) - using custom profile for table: validCerts
2019-07-13 14:36:52,561 INFO  db.DBStoreBuilder (DBStoreBuilder.java:processTables(161)) - Using default column profile:DBProfile.DISK for Table:validCerts
2019-07-13 14:36:52,561 INFO  db.DBStoreBuilder (DBStoreBuilder.java:addTable(110)) - using custom profile for table: revokedCerts
2019-07-13 14:36:52,561 INFO  db.DBStoreBuilder (DBStoreBuilder.java:processTables(161)) - Using default column profile:DBProfile.DISK for Table:revokedCerts
2019-07-13 14:36:52,561 INFO  db.DBStoreBuilder (DBStoreBuilder.java:addTable(110)) - using custom profile for table: default
2019-07-13 14:36:52,562 INFO  db.DBStoreBuilder (DBStoreBuilder.java:processTables(167)) - Using default column profile:DBProfile.DISK for Table:default
2019-07-13 14:36:52,562 INFO  db.DBStoreBuilder (DBStoreBuilder.java:getDbProfile(198)) - Using default options. DBProfile.DISK
2019-07-13 14:36:52,639 INFO  net.NodeSchemaLoader (NodeSchemaLoader.java:loadSchemaFromFile(125)) - Loading file from sun.misc.CompoundEnumeration@21b96db
2019-07-13 14:36:52,639 INFO  net.NodeSchemaLoader (NodeSchemaLoader.java:loadSchema(171)) - Loading network topology layer schema file
2019-07-13 14:36:52,645 INFO  node.SCMNodeManager (SCMNodeManager.java:<init>(119)) - Entering startup safe mode.
2019-07-13 14:36:52,646 WARN  server.ServerUtils (ServerUtils.java:getScmDbDir(145)) - ozone.scm.db.dirs is not configured. We recommend adding this setting. Falling back to ozone.metadata.dirs instead.
2019-07-13 14:36:52,669 INFO  pipeline.SCMPipelineManager (SCMPipelineManager.java:initializePipelineState(126)) - No pipeline exists in current db
2019-07-13 14:36:52,669 WARN  server.ServerUtils (ServerUtils.java:getScmDbDir(145)) - ozone.scm.db.dirs is not configured. We recommend adding this setting. Falling back to ozone.metadata.dirs instead.
2019-07-13 14:36:52,695 WARN  events.EventQueue (EventQueue.java:fireEvent(175)) - No event handler registered for event TypedEvent{payloadType=SafeModeStatus, name='SafeModeStatus'}
2019-07-13 14:36:52,696 INFO  ipc.CallQueueManager (CallQueueManager.java:<init>(84)) - Using callQueue: class java.util.concurrent.LinkedBlockingQueue, queueCapacity: 2000, scheduler: class org.apache.hadoop.ipc.DefaultRpcScheduler, ipcBackoff: false.
2019-07-13 14:36:52,697 INFO  ipc.Server (Server.java:run(1074)) - Starting Socket Reader #1 for port 33381
2019-07-13 14:36:52,699 INFO  ipc.CallQueueManager (CallQueueManager.java:<init>(84)) - Using callQueue: class java.util.concurrent.LinkedBlockingQueue, queueCapacity: 2000, scheduler: class org.apache.hadoop.ipc.DefaultRpcScheduler, ipcBackoff: false.
2019-07-13 14:36:52,700 INFO  ipc.Server (Server.java:run(1074)) - Starting Socket Reader #1 for port 38547
2019-07-13 14:36:52,701 INFO  ipc.CallQueueManager (CallQueueManager.java:<init>(84)) - Using callQueue: class java.util.concurrent.LinkedBlockingQueue, queueCapacity: 2000, scheduler: class org.apache.hadoop.ipc.DefaultRpcScheduler, ipcBackoff: false.
2019-07-13 14:36:52,702 INFO  ipc.Server (Server.java:run(1074)) - Starting Socket Reader #1 for port 41405
2019-07-13 14:36:52,706 INFO  hdfs.DFSUtil (DFSUtil.java:httpServerTemplateForNNAndJN(1641)) - Starting Web-server for scm at: http://0.0.0.0:0
2019-07-13 14:36:52,710 INFO  server.AuthenticationFilter (AuthenticationFilter.java:constructSecretProvider(240)) - Unable to initialize FileSignerSecretProvider, falling back to use random secrets.
2019-07-13 14:36:52,710 WARN  http.HttpRequestLog (HttpRequestLog.java:getRequestLog(97)) - Jetty request log can only be enabled using Log4j
2019-07-13 14:36:52,713 INFO  http.HttpServer2 (HttpServer2.java:addGlobalFilter(975)) - Added global filter 'safety' (class=org.apache.hadoop.http.HttpServer2$QuotingInputFilter)
2019-07-13 14:36:52,713 INFO  http.HttpServer2 (HttpServer2.java:addFilter(948)) - Added filter static_user_filter (class=org.apache.hadoop.http.lib.StaticUserWebFilter$StaticUserFilter) to context scm
2019-07-13 14:36:52,714 INFO  http.HttpServer2 (HttpServer2.java:addFilter(958)) - Added filter static_user_filter (class=org.apache.hadoop.http.lib.StaticUserWebFilter$StaticUserFilter) to context logs
2019-07-13 14:36:52,714 INFO  http.HttpServer2 (HttpServer2.java:addFilter(958)) - Added filter static_user_filter (class=org.apache.hadoop.http.lib.StaticUserWebFilter$StaticUserFilter) to context static
2019-07-13 14:36:52,716 INFO  server.StorageContainerManager (StorageContainerManager.java:start(759)) - StorageContainerLocationProtocol RPC server is listening at /0.0.0.0:41405
2019-07-13 14:36:52,718 WARN  impl.MetricsConfig (MetricsConfig.java:loadFirst(134)) - Cannot locate configuration: tried hadoop-metrics2-storagecontainermanager.properties,hadoop-metrics2.properties
2019-07-13 14:36:52,719 INFO  impl.MetricsSystemImpl (MetricsSystemImpl.java:startTimer(374)) - Scheduled Metric snapshot period at 10 second(s).
2019-07-13 14:36:52,719 INFO  impl.MetricsSystemImpl (MetricsSystemImpl.java:start(191)) - StorageContainerManager metrics system started
2019-07-13 14:36:52,777 INFO  server.SCMClientProtocolServer (SCMClientProtocolServer.java:start(149)) - RPC server for Client  is listening at /0.0.0.0:41405
2019-07-13 14:36:52,778 INFO  ipc.Server (Server.java:run(1314)) - IPC Server Responder: starting
2019-07-13 14:36:52,778 INFO  ipc.Server (Server.java:run(1153)) - IPC Server listener on 41405: starting
2019-07-13 14:36:52,782 INFO  server.StorageContainerManager (StorageContainerManager.java:start(768)) - ScmBlockLocationProtocol RPC server is listening at /0.0.0.0:38547
2019-07-13 14:36:52,782 INFO  server.SCMBlockProtocolServer (SCMBlockProtocolServer.java:start(140)) - RPC server for Block Protocol is listening at /0.0.0.0:38547
2019-07-13 14:36:52,783 INFO  ipc.Server (Server.java:run(1314)) - IPC Server Responder: starting
2019-07-13 14:36:52,783 INFO  ipc.Server (Server.java:run(1153)) - IPC Server listener on 38547: starting
2019-07-13 14:36:52,787 INFO  server.StorageContainerManager (StorageContainerManager.java:start(772)) - ScmDatanodeProtocl RPC server is listening at /0.0.0.0:33381
2019-07-13 14:36:52,787 INFO  server.SCMDatanodeProtocolServer (SCMDatanodeProtocolServer.java:start(191)) - RPC server for DataNodes is listening at /0.0.0.0:33381
2019-07-13 14:36:52,788 INFO  ipc.Server (Server.java:run(1314)) - IPC Server Responder: starting
2019-07-13 14:36:52,788 INFO  ipc.Server (Server.java:run(1153)) - IPC Server listener on 33381: starting
2019-07-13 14:36:52,792 INFO  http.HttpServer2 (HttpServer2.java:bindListener(1191)) - Jetty bound to port 43055
2019-07-13 14:36:52,792 INFO  server.Server (Server.java:doStart(351)) - jetty-9.3.24.v20180605, build timestamp: 2018-06-05T17:11:56Z, git hash: 84205aa28f11a4f31f2a3b86d1bba2cc8ab69827
2019-07-13 14:36:52,794 INFO  handler.ContextHandler (ContextHandler.java:doStart(781)) - Started o.e.j.s.ServletContextHandler@f7a8a7b{/logs,file:///tmp/workdir/hadoop-ozone/integration-test/target/log,AVAILABLE}
2019-07-13 14:36:52,795 INFO  handler.ContextHandler (ContextHandler.java:doStart(781)) - Started o.e.j.s.ServletContextHandler@610115e8{/static,file:///tmp/workdir/hadoop-ozone/integration-test/target/test-classes/webapps/static,AVAILABLE}
2019-07-13 14:36:52,799 INFO  handler.ContextHandler (ContextHandler.java:doStart(781)) - Started o.e.j.w.WebAppContext@7294c9fe{/,file:///tmp/workdir/hadoop-ozone/integration-test/target/test-classes/webapps/scm/,AVAILABLE}{/scm}
2019-07-13 14:36:52,800 INFO  server.AbstractConnector (AbstractConnector.java:doStart(278)) - Started ServerConnector@65e639f2{HTTP/1.1,[http/1.1]}{0.0.0.0:43055}
2019-07-13 14:36:52,801 INFO  server.Server (Server.java:doStart(419)) - Started @625653ms
2019-07-13 14:36:52,803 INFO  server.BaseHttpServer (BaseHttpServer.java:updateConnectorAddress(207)) - HTTP server of SCM is listening at http://0.0.0.0:43055
2019-07-13 14:36:52,804 WARN  server.ServerUtils (ServerUtils.java:getDBPath(222)) - ozone.om.db.dirs is not configured. We recommend adding this setting. Falling back to ozone.metadata.dirs instead.
2019-07-13 14:36:52,807 INFO  util.JvmPauseMonitor (JvmPauseMonitor.java:run(188)) - Starting JVM pause monitor
2019-07-13 14:36:52,820 WARN  server.ServerUtils (ServerUtils.java:getDBPath(222)) - ozone.om.db.dirs is not configured. We recommend adding this setting. Falling back to ozone.metadata.dirs instead.
2019-07-13 14:36:52,820 INFO  om.OzoneManager (OzoneManager.java:setOMNodeDetails(630)) - OM Service ID is not set. Setting it to the default ID: omServiceIdDefault
2019-07-13 14:36:52,820 INFO  om.OzoneManager (OzoneManager.java:setOMNodeDetails(636)) - OM Node ID is not set. Setting it to the OmStorage's OmID: e0e689c9-50fe-43a2-ae33-748e18541ba6
2019-07-13 14:36:52,820 INFO  om.OzoneManager (OzoneManager.java:loadOMHAConfigs(587)) - Found matching OM address with OMServiceId: null, OMNodeId: null, RPC Address: localhost:0 and Ratis port: 9872
2019-07-13 14:36:52,826 WARN  server.ServerUtils (ServerUtils.java:getDBPath(222)) - ozone.om.db.dirs is not configured. We recommend adding this setting. Falling back to ozone.metadata.dirs instead.
2019-07-13 14:36:52,826 INFO  db.DBStoreBuilder (DBStoreBuilder.java:addTable(110)) - using custom profile for table: userTable
2019-07-13 14:36:52,826 INFO  db.DBStoreBuilder (DBStoreBuilder.java:processTables(161)) - Using default column profile:DBProfile.DISK for Table:userTable
2019-07-13 14:36:52,826 INFO  db.DBStoreBuilder (DBStoreBuilder.java:addTable(110)) - using custom profile for table: volumeTable
2019-07-13 14:36:52,827 INFO  db.DBStoreBuilder (DBStoreBuilder.java:processTables(161)) - Using default column profile:DBProfile.DISK for Table:volumeTable
2019-07-13 14:36:52,827 INFO  db.DBStoreBuilder (DBStoreBuilder.java:addTable(110)) - using custom profile for table: bucketTable
2019-07-13 14:36:52,827 INFO  db.DBStoreBuilder (DBStoreBuilder.java:processTables(161)) - Using default column profile:DBProfile.DISK for Table:bucketTable
2019-07-13 14:36:52,827 INFO  db.DBStoreBuilder (DBStoreBuilder.java:addTable(110)) - using custom profile for table: keyTable
2019-07-13 14:36:52,827 INFO  db.DBStoreBuilder (DBStoreBuilder.java:processTables(161)) - Using default column profile:DBProfile.DISK for Table:keyTable
2019-07-13 14:36:52,828 INFO  db.DBStoreBuilder (DBStoreBuilder.java:addTable(110)) - using custom profile for table: deletedTable
2019-07-13 14:36:52,828 INFO  db.DBStoreBuilder (DBStoreBuilder.java:processTables(161)) - Using default column profile:DBProfile.DISK for Table:deletedTable
2019-07-13 14:36:52,828 INFO  db.DBStoreBuilder (DBStoreBuilder.java:addTable(110)) - using custom profile for table: openKeyTable
2019-07-13 14:36:52,828 INFO  db.DBStoreBuilder (DBStoreBuilder.java:processTables(161)) - Using default column profile:DBProfile.DISK for Table:openKeyTable
2019-07-13 14:36:52,828 INFO  db.DBStoreBuilder (DBStoreBuilder.java:addTable(110)) - using custom profile for table: s3Table
2019-07-13 14:36:52,829 INFO  db.DBStoreBuilder (DBStoreBuilder.java:processTables(161)) - Using default column profile:DBProfile.DISK for Table:s3Table
2019-07-13 14:36:52,829 INFO  db.DBStoreBuilder (DBStoreBuilder.java:addTable(110)) - using custom profile for table: multipartInfoTable
2019-07-13 14:36:52,829 INFO  db.DBStoreBuilder (DBStoreBuilder.java:processTables(161)) - Using default column profile:DBProfile.DISK for Table:multipartInfoTable
2019-07-13 14:36:52,829 INFO  db.DBStoreBuilder (DBStoreBuilder.java:addTable(110)) - using custom profile for table: dTokenTable
2019-07-13 14:36:52,829 INFO  db.DBStoreBuilder (DBStoreBuilder.java:processTables(161)) - Using default column profile:DBProfile.DISK for Table:dTokenTable
2019-07-13 14:36:52,829 INFO  db.DBStoreBuilder (DBStoreBuilder.java:addTable(110)) - using custom profile for table: s3SecretTable
2019-07-13 14:36:52,830 INFO  db.DBStoreBuilder (DBStoreBuilder.java:processTables(161)) - Using default column profile:DBProfile.DISK for Table:s3SecretTable
2019-07-13 14:36:52,830 INFO  db.DBStoreBuilder (DBStoreBuilder.java:addTable(110)) - using custom profile for table: prefixTable
2019-07-13 14:36:52,830 INFO  db.DBStoreBuilder (DBStoreBuilder.java:processTables(161)) - Using default column profile:DBProfile.DISK for Table:prefixTable
2019-07-13 14:36:52,830 INFO  db.DBStoreBuilder (DBStoreBuilder.java:addTable(110)) - using custom profile for table: default
2019-07-13 14:36:52,830 INFO  db.DBStoreBuilder (DBStoreBuilder.java:processTables(167)) - Using default column profile:DBProfile.DISK for Table:default
2019-07-13 14:36:52,830 INFO  db.DBStoreBuilder (DBStoreBuilder.java:getDbProfile(198)) - Using default options. DBProfile.DISK
2019-07-13 14:36:53,038 INFO  ipc.CallQueueManager (CallQueueManager.java:<init>(84)) - Using callQueue: class java.util.concurrent.LinkedBlockingQueue, queueCapacity: 2000, scheduler: class org.apache.hadoop.ipc.DefaultRpcScheduler, ipcBackoff: false.
2019-07-13 14:36:53,039 INFO  ipc.Server (Server.java:run(1074)) - Starting Socket Reader #1 for port 40122
2019-07-13 14:36:53,056 WARN  server.ServerUtils (ServerUtils.java:getDBPath(222)) - ozone.om.db.dirs is not configured. We recommend adding this setting. Falling back to ozone.metadata.dirs instead.
2019-07-13 14:36:53,056 INFO  om.OzoneManager (OzoneManager.java:start(1228)) - OzoneManager RPC server is listening at localhost/127.0.0.1:40122
2019-07-13 14:36:53,056 INFO  impl.MetricsSystemImpl (MetricsSystemImpl.java:init(158)) - OzoneManager metrics system started (again)
2019-07-13 14:36:53,057 INFO  ipc.Server (Server.java:run(1314)) - IPC Server Responder: starting
2019-07-13 14:36:53,057 INFO  ipc.Server (Server.java:run(1153)) - IPC Server listener on 40122: starting
2019-07-13 14:36:53,065 INFO  hdfs.DFSUtil (DFSUtil.java:httpServerTemplateForNNAndJN(1641)) - Starting Web-server for ozoneManager at: http://0.0.0.0:0
2019-07-13 14:36:53,067 INFO  server.AuthenticationFilter (AuthenticationFilter.java:constructSecretProvider(240)) - Unable to initialize FileSignerSecretProvider, falling back to use random secrets.
2019-07-13 14:36:53,067 WARN  http.HttpRequestLog (HttpRequestLog.java:getRequestLog(97)) - Jetty request log can only be enabled using Log4j
2019-07-13 14:36:53,069 INFO  http.HttpServer2 (HttpServer2.java:addGlobalFilter(975)) - Added global filter 'safety' (class=org.apache.hadoop.http.HttpServer2$QuotingInputFilter)
2019-07-13 14:36:53,069 INFO  http.HttpServer2 (HttpServer2.java:addFilter(948)) - Added filter static_user_filter (class=org.apache.hadoop.http.lib.StaticUserWebFilter$StaticUserFilter) to context ozoneManager
2019-07-13 14:36:53,069 INFO  http.HttpServer2 (HttpServer2.java:addFilter(958)) - Added filter static_user_filter (class=org.apache.hadoop.http.lib.StaticUserWebFilter$StaticUserFilter) to context static
2019-07-13 14:36:53,069 INFO  http.HttpServer2 (HttpServer2.java:addFilter(958)) - Added filter static_user_filter (class=org.apache.hadoop.http.lib.StaticUserWebFilter$StaticUserFilter) to context logs
2019-07-13 14:36:53,070 INFO  http.HttpServer2 (HttpServer2.java:bindListener(1191)) - Jetty bound to port 33540
2019-07-13 14:36:53,070 INFO  server.Server (Server.java:doStart(351)) - jetty-9.3.24.v20180605, build timestamp: 2018-06-05T17:11:56Z, git hash: 84205aa28f11a4f31f2a3b86d1bba2cc8ab69827
2019-07-13 14:36:53,072 INFO  handler.ContextHandler (ContextHandler.java:doStart(781)) - Started o.e.j.s.ServletContextHandler@3986b56{/logs,file:///tmp/workdir/hadoop-ozone/integration-test/target/log,AVAILABLE}
2019-07-13 14:36:53,072 INFO  handler.ContextHandler (ContextHandler.java:doStart(781)) - Started o.e.j.s.ServletContextHandler@453fcce2{/static,file:///tmp/workdir/hadoop-ozone/integration-test/target/test-classes/webapps/static,AVAILABLE}
2019-07-13 14:36:53,075 INFO  handler.ContextHandler (ContextHandler.java:doStart(781)) - Started o.e.j.w.WebAppContext@7a98f106{/,file:///tmp/workdir/hadoop-ozone/integration-test/target/test-classes/webapps/ozoneManager/,AVAILABLE}{/ozoneManager}
2019-07-13 14:36:53,075 INFO  server.AbstractConnector (AbstractConnector.java:doStart(278)) - Started ServerConnector@633328d3{HTTP/1.1,[http/1.1]}{0.0.0.0:33540}
2019-07-13 14:36:53,076 INFO  server.Server (Server.java:doStart(419)) - Started @625928ms
2019-07-13 14:36:53,077 INFO  server.BaseHttpServer (BaseHttpServer.java:updateConnectorAddress(207)) - HTTP server of OZONEMANAGER is listening at http://0.0.0.0:33540
2019-07-13 14:36:53,088 INFO  impl.MetricsSystemImpl (MetricsSystemImpl.java:init(158)) - HddsDatanode metrics system started (again)
2019-07-13 14:36:53,088 INFO  ozone.HddsDatanodeService (HddsDatanodeService.java:start(185)) - HddsDatanodeService host:trunk-nightly-mhs6z-4061744966 ip:192.168.5.172
2019-07-13 14:36:53,099 INFO  volume.HddsVolume (HddsVolume.java:<init>(176)) - Creating Volume: /tmp/workdir/hadoop-ozone/integration-test/target/test-dir/MiniOzoneClusterImpl-16da60bc-a68b-4f57-8fc0-91e73f0642b4/datanode-0/data/containers/hdds of  storage type : DISK and capacity : 52710309888
2019-07-13 14:36:53,100 INFO  volume.VolumeSet (VolumeSet.java:initializeVolumeSet(170)) - Added Volume : /tmp/workdir/hadoop-ozone/integration-test/target/test-dir/MiniOzoneClusterImpl-16da60bc-a68b-4f57-8fc0-91e73f0642b4/datanode-0/data/containers/hdds to VolumeSet
2019-07-13 14:36:53,100 INFO  volume.ThrottledAsyncChecker (ThrottledAsyncChecker.java:schedule(140)) - Scheduling a check for org.apache.hadoop.ozone.container.common.volume.HddsVolume@698e2cba
2019-07-13 14:36:53,100 INFO  volume.HddsVolumeChecker (HddsVolumeChecker.java:checkAllVolumes(203)) - Scheduled health check for volume org.apache.hadoop.ozone.container.common.volume.HddsVolume@698e2cba
2019-07-13 14:36:53,115 INFO  impl.RaftServerProxy (ConfUtils.java:logGet(43)) - raft.rpc.type = GRPC (default)
2019-07-13 14:36:53,116 INFO  grpc.GrpcFactory (GrpcFactory.java:checkPooledByteBufAllocatorUseCacheForAllThreads(45)) - PERFORMANCE WARNING: useCacheForAllThreads is true that may cause Netty to create a lot garbage objects and, as a result, trigger GC.
	It is recommended to disable useCacheForAllThreads by setting -Dorg.apache.ratis.thirdparty.io.netty.allocator.useCacheForAllThreads=false in command line.
2019-07-13 14:36:53,116 INFO  grpc.GrpcConfigKeys$Server (ConfUtils.java:logGet(43)) - raft.grpc.server.port = 0 (default)
2019-07-13 14:36:53,116 INFO  server.GrpcService (ConfUtils.java:logGet(43)) - raft.grpc.message.size.max = 33570816 (custom)
2019-07-13 14:36:53,116 INFO  server.RaftServerConfigKeys (ConfUtils.java:logGet(43)) - raft.server.log.appender.buffer.byte-limit = 33554432 (custom)
2019-07-13 14:36:53,116 INFO  server.GrpcService (ConfUtils.java:logGet(43)) - raft.grpc.flow.control.window = 1MB (=1048576) (default)
2019-07-13 14:36:53,117 INFO  server.RaftServerConfigKeys (ConfUtils.java:logGet(43)) - raft.server.rpc.request.timeout = 3000ms (default)
2019-07-13 14:36:53,117 INFO  server.RaftServerConfigKeys (ConfUtils.java:logGet(43)) - raft.server.storage.dir = [/tmp/workdir/hadoop-ozone/integration-test/target/test-dir/MiniOzoneClusterImpl-16da60bc-a68b-4f57-8fc0-91e73f0642b4/datanode-0/data/ratis] (custom)
2019-07-13 14:36:53,118 INFO  replication.SimpleContainerDownloader (SimpleContainerDownloader.java:<init>(72)) - Starting container downloader service to copy containers to replicate.
2019-07-13 14:36:53,119 INFO  hdfs.DFSUtil (DFSUtil.java:httpServerTemplateForNNAndJN(1641)) - Starting Web-server for hddsDatanode at: http://0.0.0.0:0
2019-07-13 14:36:53,120 INFO  server.AuthenticationFilter (AuthenticationFilter.java:constructSecretProvider(240)) - Unable to initialize FileSignerSecretProvider, falling back to use random secrets.
2019-07-13 14:36:53,120 WARN  http.HttpRequestLog (HttpRequestLog.java:getRequestLog(97)) - Jetty request log can only be enabled using Log4j
2019-07-13 14:36:53,121 INFO  http.HttpServer2 (HttpServer2.java:addGlobalFilter(975)) - Added global filter 'safety' (class=org.apache.hadoop.http.HttpServer2$QuotingInputFilter)
2019-07-13 14:36:53,121 INFO  http.HttpServer2 (HttpServer2.java:addFilter(948)) - Added filter static_user_filter (class=org.apache.hadoop.http.lib.StaticUserWebFilter$StaticUserFilter) to context hddsDatanode
2019-07-13 14:36:53,122 INFO  http.HttpServer2 (HttpServer2.java:addFilter(958)) - Added filter static_user_filter (class=org.apache.hadoop.http.lib.StaticUserWebFilter$StaticUserFilter) to context logs
2019-07-13 14:36:53,122 INFO  http.HttpServer2 (HttpServer2.java:addFilter(958)) - Added filter static_user_filter (class=org.apache.hadoop.http.lib.StaticUserWebFilter$StaticUserFilter) to context static
2019-07-13 14:36:53,122 INFO  http.HttpServer2 (HttpServer2.java:bindListener(1191)) - Jetty bound to port 42174
2019-07-13 14:36:53,122 INFO  server.Server (Server.java:doStart(351)) - jetty-9.3.24.v20180605, build timestamp: 2018-06-05T17:11:56Z, git hash: 84205aa28f11a4f31f2a3b86d1bba2cc8ab69827
2019-07-13 14:36:53,124 INFO  handler.ContextHandler (ContextHandler.java:doStart(781)) - Started o.e.j.s.ServletContextHandler@31d11998{/logs,file:///tmp/workdir/hadoop-ozone/integration-test/target/log,AVAILABLE}
2019-07-13 14:36:53,124 INFO  handler.ContextHandler (ContextHandler.java:doStart(781)) - Started o.e.j.s.ServletContextHandler@ab5d5c8{/static,jar:file:/home/user/.m2/repository/org/apache/hadoop/hadoop-hdds-container-service/0.5.0-SNAPSHOT/hadoop-hdds-container-service-0.5.0-SNAPSHOT.jar!/webapps/static,AVAILABLE}
2019-07-13 14:36:53,150 INFO  handler.ContextHandler (ContextHandler.java:doStart(781)) - Started o.e.j.w.WebAppContext@47166740{/,file:///tmp/jetty-0.0.0.0-42174-hddsDatanode-_-any-5526961855340479124.dir/webapp/,AVAILABLE}{/hddsDatanode}
2019-07-13 14:36:53,150 INFO  server.AbstractConnector (AbstractConnector.java:doStart(278)) - Started ServerConnector@3b75b7b4{HTTP/1.1,[http/1.1]}{0.0.0.0:42174}
2019-07-13 14:36:53,151 INFO  server.Server (Server.java:doStart(419)) - Started @626003ms
2019-07-13 14:36:53,152 INFO  server.BaseHttpServer (BaseHttpServer.java:updateConnectorAddress(207)) - HTTP server of HDDSDATANODE is listening at http://0.0.0.0:42174
2019-07-13 14:36:53,284 INFO  ozone.HddsDatanodeService (HddsDatanodeService.java:startPlugins(396)) - Started plug-in org.apache.hadoop.ozone.web.OzoneHddsDatanodeService@20d1737
2019-07-13 14:36:53,285 INFO  impl.MetricsSystemImpl (MetricsSystemImpl.java:init(158)) - HddsDatanode metrics system started (again)
2019-07-13 14:36:53,286 INFO  ozone.HddsDatanodeService (HddsDatanodeService.java:start(185)) - HddsDatanodeService host:trunk-nightly-mhs6z-4061744966 ip:192.168.5.172
2019-07-13 14:36:53,287 INFO  util.JvmPauseMonitor (JvmPauseMonitor.java:run(188)) - Starting JVM pause monitor
2019-07-13 14:36:53,291 INFO  datanode.InitDatanodeState (InitDatanodeState.java:persistContainerDatanodeDetails(140)) - DatanodeDetails is persisted to /tmp/workdir/hadoop-ozone/integration-test/target/test-dir/MiniOzoneClusterImpl-16da60bc-a68b-4f57-8fc0-91e73f0642b4/datanode-0/meta/datanode.id
2019-07-13 14:36:53,299 INFO  volume.HddsVolume (HddsVolume.java:<init>(176)) - Creating Volume: /tmp/workdir/hadoop-ozone/integration-test/target/test-dir/MiniOzoneClusterImpl-16da60bc-a68b-4f57-8fc0-91e73f0642b4/datanode-1/data/containers/hdds of  storage type : DISK and capacity : 52710309888
2019-07-13 14:36:53,299 INFO  volume.VolumeSet (VolumeSet.java:initializeVolumeSet(170)) - Added Volume : /tmp/workdir/hadoop-ozone/integration-test/target/test-dir/MiniOzoneClusterImpl-16da60bc-a68b-4f57-8fc0-91e73f0642b4/datanode-1/data/containers/hdds to VolumeSet
2019-07-13 14:36:53,300 INFO  volume.ThrottledAsyncChecker (ThrottledAsyncChecker.java:schedule(140)) - Scheduling a check for org.apache.hadoop.ozone.container.common.volume.HddsVolume@38ed9fb2
2019-07-13 14:36:53,300 INFO  volume.HddsVolumeChecker (HddsVolumeChecker.java:checkAllVolumes(203)) - Scheduled health check for volume org.apache.hadoop.ozone.container.common.volume.HddsVolume@38ed9fb2
2019-07-13 14:36:53,315 INFO  impl.RaftServerProxy (ConfUtils.java:logGet(43)) - raft.rpc.type = GRPC (default)
2019-07-13 14:36:53,315 INFO  grpc.GrpcFactory (GrpcFactory.java:checkPooledByteBufAllocatorUseCacheForAllThreads(45)) - PERFORMANCE WARNING: useCacheForAllThreads is true that may cause Netty to create a lot garbage objects and, as a result, trigger GC.
	It is recommended to disable useCacheForAllThreads by setting -Dorg.apache.ratis.thirdparty.io.netty.allocator.useCacheForAllThreads=false in command line.
2019-07-13 14:36:53,315 INFO  grpc.GrpcConfigKeys$Server (ConfUtils.java:logGet(43)) - raft.grpc.server.port = 0 (default)
2019-07-13 14:36:53,315 INFO  server.GrpcService (ConfUtils.java:logGet(43)) - raft.grpc.message.size.max = 33570816 (custom)
2019-07-13 14:36:53,316 INFO  server.RaftServerConfigKeys (ConfUtils.java:logGet(43)) - raft.server.log.appender.buffer.byte-limit = 33554432 (custom)
2019-07-13 14:36:53,316 INFO  server.GrpcService (ConfUtils.java:logGet(43)) - raft.grpc.flow.control.window = 1MB (=1048576) (default)
2019-07-13 14:36:53,316 INFO  server.RaftServerConfigKeys (ConfUtils.java:logGet(43)) - raft.server.rpc.request.timeout = 3000ms (default)
2019-07-13 14:36:53,316 INFO  server.RaftServerConfigKeys (ConfUtils.java:logGet(43)) - raft.server.storage.dir = [/tmp/workdir/hadoop-ozone/integration-test/target/test-dir/MiniOzoneClusterImpl-16da60bc-a68b-4f57-8fc0-91e73f0642b4/datanode-1/data/ratis] (custom)
2019-07-13 14:36:53,317 INFO  replication.SimpleContainerDownloader (SimpleContainerDownloader.java:<init>(72)) - Starting container downloader service to copy containers to replicate.
2019-07-13 14:36:53,318 INFO  hdfs.DFSUtil (DFSUtil.java:httpServerTemplateForNNAndJN(1641)) - Starting Web-server for hddsDatanode at: http://0.0.0.0:0
2019-07-13 14:36:53,320 INFO  server.AuthenticationFilter (AuthenticationFilter.java:constructSecretProvider(240)) - Unable to initialize FileSignerSecretProvider, falling back to use random secrets.
2019-07-13 14:36:53,321 WARN  http.HttpRequestLog (HttpRequestLog.java:getRequestLog(97)) - Jetty request log can only be enabled using Log4j
2019-07-13 14:36:53,323 INFO  http.HttpServer2 (HttpServer2.java:addGlobalFilter(975)) - Added global filter 'safety' (class=org.apache.hadoop.http.HttpServer2$QuotingInputFilter)
2019-07-13 14:36:53,324 INFO  http.HttpServer2 (HttpServer2.java:addFilter(948)) - Added filter static_user_filter (class=org.apache.hadoop.http.lib.StaticUserWebFilter$StaticUserFilter) to context hddsDatanode
2019-07-13 14:36:53,324 INFO  http.HttpServer2 (HttpServer2.java:addFilter(958)) - Added filter static_user_filter (class=org.apache.hadoop.http.lib.StaticUserWebFilter$StaticUserFilter) to context static
2019-07-13 14:36:53,324 INFO  http.HttpServer2 (HttpServer2.java:addFilter(958)) - Added filter static_user_filter (class=org.apache.hadoop.http.lib.StaticUserWebFilter$StaticUserFilter) to context logs
2019-07-13 14:36:53,325 INFO  http.HttpServer2 (HttpServer2.java:bindListener(1191)) - Jetty bound to port 37817
2019-07-13 14:36:53,326 INFO  server.Server (Server.java:doStart(351)) - jetty-9.3.24.v20180605, build timestamp: 2018-06-05T17:11:56Z, git hash: 84205aa28f11a4f31f2a3b86d1bba2cc8ab69827
2019-07-13 14:36:53,329 INFO  handler.ContextHandler (ContextHandler.java:doStart(781)) - Started o.e.j.s.ServletContextHandler@4cf99283{/logs,file:///tmp/workdir/hadoop-ozone/integration-test/target/log,AVAILABLE}
2019-07-13 14:36:53,330 INFO  handler.ContextHandler (ContextHandler.java:doStart(781)) - Started o.e.j.s.ServletContextHandler@6a9861de{/static,jar:file:/home/user/.m2/repository/org/apache/hadoop/hadoop-hdds-container-service/0.5.0-SNAPSHOT/hadoop-hdds-container-service-0.5.0-SNAPSHOT.jar!/webapps/static,AVAILABLE}
2019-07-13 14:36:53,379 INFO  handler.ContextHandler (ContextHandler.java:doStart(781)) - Started o.e.j.w.WebAppContext@1c61011b{/,file:///tmp/jetty-0.0.0.0-37817-hddsDatanode-_-any-5497296370128403588.dir/webapp/,AVAILABLE}{/hddsDatanode}
2019-07-13 14:36:53,380 INFO  server.AbstractConnector (AbstractConnector.java:doStart(278)) - Started ServerConnector@75af5f2a{HTTP/1.1,[http/1.1]}{0.0.0.0:37817}
2019-07-13 14:36:53,381 INFO  server.Server (Server.java:doStart(419)) - Started @626234ms
2019-07-13 14:36:53,382 INFO  server.BaseHttpServer (BaseHttpServer.java:updateConnectorAddress(207)) - HTTP server of HDDSDATANODE is listening at http://0.0.0.0:37817
2019-07-13 14:36:53,505 INFO  ozone.HddsDatanodeService (HddsDatanodeService.java:startPlugins(396)) - Started plug-in org.apache.hadoop.ozone.web.OzoneHddsDatanodeService@84180e2
2019-07-13 14:36:53,506 INFO  impl.MetricsSystemImpl (MetricsSystemImpl.java:init(158)) - HddsDatanode metrics system started (again)
2019-07-13 14:36:53,506 INFO  ozone.HddsDatanodeService (HddsDatanodeService.java:start(185)) - HddsDatanodeService host:trunk-nightly-mhs6z-4061744966 ip:192.168.5.172
2019-07-13 14:36:53,507 INFO  util.JvmPauseMonitor (JvmPauseMonitor.java:run(188)) - Starting JVM pause monitor
2019-07-13 14:36:53,509 INFO  datanode.InitDatanodeState (InitDatanodeState.java:persistContainerDatanodeDetails(140)) - DatanodeDetails is persisted to /tmp/workdir/hadoop-ozone/integration-test/target/test-dir/MiniOzoneClusterImpl-16da60bc-a68b-4f57-8fc0-91e73f0642b4/datanode-1/meta/datanode.id
2019-07-13 14:36:53,518 INFO  volume.HddsVolume (HddsVolume.java:<init>(176)) - Creating Volume: /tmp/workdir/hadoop-ozone/integration-test/target/test-dir/MiniOzoneClusterImpl-16da60bc-a68b-4f57-8fc0-91e73f0642b4/datanode-2/data/containers/hdds of  storage type : DISK and capacity : 52710309888
2019-07-13 14:36:53,518 INFO  volume.VolumeSet (VolumeSet.java:initializeVolumeSet(170)) - Added Volume : /tmp/workdir/hadoop-ozone/integration-test/target/test-dir/MiniOzoneClusterImpl-16da60bc-a68b-4f57-8fc0-91e73f0642b4/datanode-2/data/containers/hdds to VolumeSet
2019-07-13 14:36:53,518 INFO  volume.ThrottledAsyncChecker (ThrottledAsyncChecker.java:schedule(140)) - Scheduling a check for org.apache.hadoop.ozone.container.common.volume.HddsVolume@5edeb83e
2019-07-13 14:36:53,518 INFO  volume.HddsVolumeChecker (HddsVolumeChecker.java:checkAllVolumes(203)) - Scheduled health check for volume org.apache.hadoop.ozone.container.common.volume.HddsVolume@5edeb83e
2019-07-13 14:36:53,531 INFO  impl.RaftServerProxy (ConfUtils.java:logGet(43)) - raft.rpc.type = GRPC (default)
2019-07-13 14:36:53,531 INFO  grpc.GrpcFactory (GrpcFactory.java:checkPooledByteBufAllocatorUseCacheForAllThreads(45)) - PERFORMANCE WARNING: useCacheForAllThreads is true that may cause Netty to create a lot garbage objects and, as a result, trigger GC.
	It is recommended to disable useCacheForAllThreads by setting -Dorg.apache.ratis.thirdparty.io.netty.allocator.useCacheForAllThreads=false in command line.
2019-07-13 14:36:53,531 INFO  grpc.GrpcConfigKeys$Server (ConfUtils.java:logGet(43)) - raft.grpc.server.port = 0 (default)
2019-07-13 14:36:53,532 INFO  server.GrpcService (ConfUtils.java:logGet(43)) - raft.grpc.message.size.max = 33570816 (custom)
2019-07-13 14:36:53,532 INFO  server.RaftServerConfigKeys (ConfUtils.java:logGet(43)) - raft.server.log.appender.buffer.byte-limit = 33554432 (custom)
2019-07-13 14:36:53,532 INFO  server.GrpcService (ConfUtils.java:logGet(43)) - raft.grpc.flow.control.window = 1MB (=1048576) (default)
2019-07-13 14:36:53,532 INFO  server.RaftServerConfigKeys (ConfUtils.java:logGet(43)) - raft.server.rpc.request.timeout = 3000ms (default)
2019-07-13 14:36:53,533 INFO  server.RaftServerConfigKeys (ConfUtils.java:logGet(43)) - raft.server.storage.dir = [/tmp/workdir/hadoop-ozone/integration-test/target/test-dir/MiniOzoneClusterImpl-16da60bc-a68b-4f57-8fc0-91e73f0642b4/datanode-2/data/ratis] (custom)
2019-07-13 14:36:53,533 INFO  replication.SimpleContainerDownloader (SimpleContainerDownloader.java:<init>(72)) - Starting container downloader service to copy containers to replicate.
2019-07-13 14:36:53,534 INFO  hdfs.DFSUtil (DFSUtil.java:httpServerTemplateForNNAndJN(1641)) - Starting Web-server for hddsDatanode at: http://0.0.0.0:0
2019-07-13 14:36:53,535 INFO  server.AuthenticationFilter (AuthenticationFilter.java:constructSecretProvider(240)) - Unable to initialize FileSignerSecretProvider, falling back to use random secrets.
2019-07-13 14:36:53,535 WARN  http.HttpRequestLog (HttpRequestLog.java:getRequestLog(97)) - Jetty request log can only be enabled using Log4j
2019-07-13 14:36:53,537 INFO  http.HttpServer2 (HttpServer2.java:addGlobalFilter(975)) - Added global filter 'safety' (class=org.apache.hadoop.http.HttpServer2$QuotingInputFilter)
2019-07-13 14:36:53,537 INFO  http.HttpServer2 (HttpServer2.java:addFilter(948)) - Added filter static_user_filter (class=org.apache.hadoop.http.lib.StaticUserWebFilter$StaticUserFilter) to context hddsDatanode
2019-07-13 14:36:53,537 INFO  http.HttpServer2 (HttpServer2.java:addFilter(958)) - Added filter static_user_filter (class=org.apache.hadoop.http.lib.StaticUserWebFilter$StaticUserFilter) to context static
2019-07-13 14:36:53,537 INFO  http.HttpServer2 (HttpServer2.java:addFilter(958)) - Added filter static_user_filter (class=org.apache.hadoop.http.lib.StaticUserWebFilter$StaticUserFilter) to context logs
2019-07-13 14:36:53,538 INFO  http.HttpServer2 (HttpServer2.java:bindListener(1191)) - Jetty bound to port 44291
2019-07-13 14:36:53,538 INFO  server.Server (Server.java:doStart(351)) - jetty-9.3.24.v20180605, build timestamp: 2018-06-05T17:11:56Z, git hash: 84205aa28f11a4f31f2a3b86d1bba2cc8ab69827
2019-07-13 14:36:53,540 INFO  handler.ContextHandler (ContextHandler.java:doStart(781)) - Started o.e.j.s.ServletContextHandler@56957f08{/logs,file:///tmp/workdir/hadoop-ozone/integration-test/target/log,AVAILABLE}
2019-07-13 14:36:53,540 INFO  handler.ContextHandler (ContextHandler.java:doStart(781)) - Started o.e.j.s.ServletContextHandler@2140582{/static,jar:file:/home/user/.m2/repository/org/apache/hadoop/hadoop-hdds-container-service/0.5.0-SNAPSHOT/hadoop-hdds-container-service-0.5.0-SNAPSHOT.jar!/webapps/static,AVAILABLE}
2019-07-13 14:36:53,568 INFO  handler.ContextHandler (ContextHandler.java:doStart(781)) - Started o.e.j.w.WebAppContext@667ce5fa{/,file:///tmp/jetty-0.0.0.0-44291-hddsDatanode-_-any-5465945004505645024.dir/webapp/,AVAILABLE}{/hddsDatanode}
2019-07-13 14:36:53,568 INFO  server.AbstractConnector (AbstractConnector.java:doStart(278)) - Started ServerConnector@2298af09{HTTP/1.1,[http/1.1]}{0.0.0.0:44291}
2019-07-13 14:36:53,569 INFO  server.Server (Server.java:doStart(419)) - Started @626421ms
2019-07-13 14:36:53,570 INFO  server.BaseHttpServer (BaseHttpServer.java:updateConnectorAddress(207)) - HTTP server of HDDSDATANODE is listening at http://0.0.0.0:44291
2019-07-13 14:36:53,665 INFO  ozone.HddsDatanodeService (HddsDatanodeService.java:startPlugins(396)) - Started plug-in org.apache.hadoop.ozone.web.OzoneHddsDatanodeService@7677d320
2019-07-13 14:36:53,665 INFO  impl.MetricsSystemImpl (MetricsSystemImpl.java:init(158)) - HddsDatanode metrics system started (again)
2019-07-13 14:36:53,665 INFO  ozone.HddsDatanodeService (HddsDatanodeService.java:start(185)) - HddsDatanodeService host:trunk-nightly-mhs6z-4061744966 ip:192.168.5.172
2019-07-13 14:36:53,667 INFO  util.JvmPauseMonitor (JvmPauseMonitor.java:run(188)) - Starting JVM pause monitor
2019-07-13 14:36:53,669 INFO  datanode.InitDatanodeState (InitDatanodeState.java:persistContainerDatanodeDetails(140)) - DatanodeDetails is persisted to /tmp/workdir/hadoop-ozone/integration-test/target/test-dir/MiniOzoneClusterImpl-16da60bc-a68b-4f57-8fc0-91e73f0642b4/datanode-2/meta/datanode.id
2019-07-13 14:36:53,678 INFO  volume.HddsVolume (HddsVolume.java:<init>(176)) - Creating Volume: /tmp/workdir/hadoop-ozone/integration-test/target/test-dir/MiniOzoneClusterImpl-16da60bc-a68b-4f57-8fc0-91e73f0642b4/datanode-3/data/containers/hdds of  storage type : DISK and capacity : 52710309888
2019-07-13 14:36:53,678 INFO  volume.VolumeSet (VolumeSet.java:initializeVolumeSet(170)) - Added Volume : /tmp/workdir/hadoop-ozone/integration-test/target/test-dir/MiniOzoneClusterImpl-16da60bc-a68b-4f57-8fc0-91e73f0642b4/datanode-3/data/containers/hdds to VolumeSet
2019-07-13 14:36:53,678 INFO  volume.ThrottledAsyncChecker (ThrottledAsyncChecker.java:schedule(140)) - Scheduling a check for org.apache.hadoop.ozone.container.common.volume.HddsVolume@3ffa424d
2019-07-13 14:36:53,679 INFO  volume.HddsVolumeChecker (HddsVolumeChecker.java:checkAllVolumes(203)) - Scheduled health check for volume org.apache.hadoop.ozone.container.common.volume.HddsVolume@3ffa424d
2019-07-13 14:36:53,694 INFO  impl.RaftServerProxy (ConfUtils.java:logGet(43)) - raft.rpc.type = GRPC (default)
2019-07-13 14:36:53,695 INFO  grpc.GrpcFactory (GrpcFactory.java:checkPooledByteBufAllocatorUseCacheForAllThreads(45)) - PERFORMANCE WARNING: useCacheForAllThreads is true that may cause Netty to create a lot garbage objects and, as a result, trigger GC.
	It is recommended to disable useCacheForAllThreads by setting -Dorg.apache.ratis.thirdparty.io.netty.allocator.useCacheForAllThreads=false in command line.
2019-07-13 14:36:53,695 INFO  grpc.GrpcConfigKeys$Server (ConfUtils.java:logGet(43)) - raft.grpc.server.port = 0 (default)
2019-07-13 14:36:53,695 INFO  server.GrpcService (ConfUtils.java:logGet(43)) - raft.grpc.message.size.max = 33570816 (custom)
2019-07-13 14:36:53,695 INFO  server.RaftServerConfigKeys (ConfUtils.java:logGet(43)) - raft.server.log.appender.buffer.byte-limit = 33554432 (custom)
2019-07-13 14:36:53,695 INFO  server.GrpcService (ConfUtils.java:logGet(43)) - raft.grpc.flow.control.window = 1MB (=1048576) (default)
2019-07-13 14:36:53,696 INFO  server.RaftServerConfigKeys (ConfUtils.java:logGet(43)) - raft.server.rpc.request.timeout = 3000ms (default)
2019-07-13 14:36:53,696 INFO  server.RaftServerConfigKeys (ConfUtils.java:logGet(43)) - raft.server.storage.dir = [/tmp/workdir/hadoop-ozone/integration-test/target/test-dir/MiniOzoneClusterImpl-16da60bc-a68b-4f57-8fc0-91e73f0642b4/datanode-3/data/ratis] (custom)
2019-07-13 14:36:53,696 INFO  replication.SimpleContainerDownloader (SimpleContainerDownloader.java:<init>(72)) - Starting container downloader service to copy containers to replicate.
2019-07-13 14:36:53,697 INFO  hdfs.DFSUtil (DFSUtil.java:httpServerTemplateForNNAndJN(1641)) - Starting Web-server for hddsDatanode at: http://0.0.0.0:0
2019-07-13 14:36:53,698 INFO  server.AuthenticationFilter (AuthenticationFilter.java:constructSecretProvider(240)) - Unable to initialize FileSignerSecretProvider, falling back to use random secrets.
2019-07-13 14:36:53,699 WARN  http.HttpRequestLog (HttpRequestLog.java:getRequestLog(97)) - Jetty request log can only be enabled using Log4j
2019-07-13 14:36:53,700 INFO  http.HttpServer2 (HttpServer2.java:addGlobalFilter(975)) - Added global filter 'safety' (class=org.apache.hadoop.http.HttpServer2$QuotingInputFilter)
2019-07-13 14:36:53,700 INFO  http.HttpServer2 (HttpServer2.java:addFilter(948)) - Added filter static_user_filter (class=org.apache.hadoop.http.lib.StaticUserWebFilter$StaticUserFilter) to context hddsDatanode
2019-07-13 14:36:53,700 INFO  http.HttpServer2 (HttpServer2.java:addFilter(958)) - Added filter static_user_filter (class=org.apache.hadoop.http.lib.StaticUserWebFilter$StaticUserFilter) to context logs
2019-07-13 14:36:53,700 INFO  http.HttpServer2 (HttpServer2.java:addFilter(958)) - Added filter static_user_filter (class=org.apache.hadoop.http.lib.StaticUserWebFilter$StaticUserFilter) to context static
2019-07-13 14:36:53,701 INFO  http.HttpServer2 (HttpServer2.java:bindListener(1191)) - Jetty bound to port 42088
2019-07-13 14:36:53,701 INFO  server.Server (Server.java:doStart(351)) - jetty-9.3.24.v20180605, build timestamp: 2018-06-05T17:11:56Z, git hash: 84205aa28f11a4f31f2a3b86d1bba2cc8ab69827
2019-07-13 14:36:53,703 INFO  handler.ContextHandler (ContextHandler.java:doStart(781)) - Started o.e.j.s.ServletContextHandler@7e5a8000{/logs,file:///tmp/workdir/hadoop-ozone/integration-test/target/log,AVAILABLE}
2019-07-13 14:36:53,704 INFO  handler.ContextHandler (ContextHandler.java:doStart(781)) - Started o.e.j.s.ServletContextHandler@a6f34f5{/static,jar:file:/home/user/.m2/repository/org/apache/hadoop/hadoop-hdds-container-service/0.5.0-SNAPSHOT/hadoop-hdds-container-service-0.5.0-SNAPSHOT.jar!/webapps/static,AVAILABLE}
2019-07-13 14:36:53,729 INFO  handler.ContextHandler (ContextHandler.java:doStart(781)) - Started o.e.j.w.WebAppContext@65640109{/,file:///tmp/jetty-0.0.0.0-42088-hddsDatanode-_-any-3662350925690737394.dir/webapp/,AVAILABLE}{/hddsDatanode}
2019-07-13 14:36:53,730 INFO  server.AbstractConnector (AbstractConnector.java:doStart(278)) - Started ServerConnector@5feceb2f{HTTP/1.1,[http/1.1]}{0.0.0.0:42088}
2019-07-13 14:36:53,730 INFO  server.Server (Server.java:doStart(419)) - Started @626582ms
2019-07-13 14:36:53,732 INFO  server.BaseHttpServer (BaseHttpServer.java:updateConnectorAddress(207)) - HTTP server of HDDSDATANODE is listening at http://0.0.0.0:42088
2019-07-13 14:36:53,846 INFO  ozone.HddsDatanodeService (HddsDatanodeService.java:startPlugins(396)) - Started plug-in org.apache.hadoop.ozone.web.OzoneHddsDatanodeService@7d7f49f3
2019-07-13 14:36:53,846 INFO  impl.MetricsSystemImpl (MetricsSystemImpl.java:init(158)) - HddsDatanode metrics system started (again)
2019-07-13 14:36:53,846 INFO  ozone.HddsDatanodeService (HddsDatanodeService.java:start(185)) - HddsDatanodeService host:trunk-nightly-mhs6z-4061744966 ip:192.168.5.172
2019-07-13 14:36:53,848 INFO  util.JvmPauseMonitor (JvmPauseMonitor.java:run(188)) - Starting JVM pause monitor
2019-07-13 14:36:53,849 INFO  datanode.InitDatanodeState (InitDatanodeState.java:persistContainerDatanodeDetails(140)) - DatanodeDetails is persisted to /tmp/workdir/hadoop-ozone/integration-test/target/test-dir/MiniOzoneClusterImpl-16da60bc-a68b-4f57-8fc0-91e73f0642b4/datanode-3/meta/datanode.id
2019-07-13 14:36:53,859 INFO  volume.HddsVolume (HddsVolume.java:<init>(176)) - Creating Volume: /tmp/workdir/hadoop-ozone/integration-test/target/test-dir/MiniOzoneClusterImpl-16da60bc-a68b-4f57-8fc0-91e73f0642b4/datanode-4/data/containers/hdds of  storage type : DISK and capacity : 52710309888
2019-07-13 14:36:53,859 INFO  volume.VolumeSet (VolumeSet.java:initializeVolumeSet(170)) - Added Volume : /tmp/workdir/hadoop-ozone/integration-test/target/test-dir/MiniOzoneClusterImpl-16da60bc-a68b-4f57-8fc0-91e73f0642b4/datanode-4/data/containers/hdds to VolumeSet
2019-07-13 14:36:53,859 INFO  volume.ThrottledAsyncChecker (ThrottledAsyncChecker.java:schedule(140)) - Scheduling a check for org.apache.hadoop.ozone.container.common.volume.HddsVolume@5ab45d66
2019-07-13 14:36:53,860 INFO  volume.HddsVolumeChecker (HddsVolumeChecker.java:checkAllVolumes(203)) - Scheduled health check for volume org.apache.hadoop.ozone.container.common.volume.HddsVolume@5ab45d66
2019-07-13 14:36:53,873 INFO  impl.RaftServerProxy (ConfUtils.java:logGet(43)) - raft.rpc.type = GRPC (default)
2019-07-13 14:36:53,873 INFO  grpc.GrpcFactory (GrpcFactory.java:checkPooledByteBufAllocatorUseCacheForAllThreads(45)) - PERFORMANCE WARNING: useCacheForAllThreads is true that may cause Netty to create a lot garbage objects and, as a result, trigger GC.
	It is recommended to disable useCacheForAllThreads by setting -Dorg.apache.ratis.thirdparty.io.netty.allocator.useCacheForAllThreads=false in command line.
2019-07-13 14:36:53,873 INFO  grpc.GrpcConfigKeys$Server (ConfUtils.java:logGet(43)) - raft.grpc.server.port = 0 (default)
2019-07-13 14:36:53,873 INFO  server.GrpcService (ConfUtils.java:logGet(43)) - raft.grpc.message.size.max = 33570816 (custom)
2019-07-13 14:36:53,873 INFO  server.RaftServerConfigKeys (ConfUtils.java:logGet(43)) - raft.server.log.appender.buffer.byte-limit = 33554432 (custom)
2019-07-13 14:36:53,874 INFO  server.GrpcService (ConfUtils.java:logGet(43)) - raft.grpc.flow.control.window = 1MB (=1048576) (default)
2019-07-13 14:36:53,874 INFO  server.RaftServerConfigKeys (ConfUtils.java:logGet(43)) - raft.server.rpc.request.timeout = 3000ms (default)
2019-07-13 14:36:53,874 INFO  server.RaftServerConfigKeys (ConfUtils.java:logGet(43)) - raft.server.storage.dir = [/tmp/workdir/hadoop-ozone/integration-test/target/test-dir/MiniOzoneClusterImpl-16da60bc-a68b-4f57-8fc0-91e73f0642b4/datanode-4/data/ratis] (custom)
2019-07-13 14:36:53,875 INFO  replication.SimpleContainerDownloader (SimpleContainerDownloader.java:<init>(72)) - Starting container downloader service to copy containers to replicate.
2019-07-13 14:36:53,876 INFO  hdfs.DFSUtil (DFSUtil.java:httpServerTemplateForNNAndJN(1641)) - Starting Web-server for hddsDatanode at: http://0.0.0.0:0
2019-07-13 14:36:53,877 INFO  server.AuthenticationFilter (AuthenticationFilter.java:constructSecretProvider(240)) - Unable to initialize FileSignerSecretProvider, falling back to use random secrets.
2019-07-13 14:36:53,878 WARN  http.HttpRequestLog (HttpRequestLog.java:getRequestLog(97)) - Jetty request log can only be enabled using Log4j
2019-07-13 14:36:53,880 INFO  http.HttpServer2 (HttpServer2.java:addGlobalFilter(975)) - Added global filter 'safety' (class=org.apache.hadoop.http.HttpServer2$QuotingInputFilter)
2019-07-13 14:36:53,880 INFO  http.HttpServer2 (HttpServer2.java:addFilter(948)) - Added filter static_user_filter (class=org.apache.hadoop.http.lib.StaticUserWebFilter$StaticUserFilter) to context hddsDatanode
2019-07-13 14:36:53,881 INFO  http.HttpServer2 (HttpServer2.java:addFilter(958)) - Added filter static_user_filter (class=org.apache.hadoop.http.lib.StaticUserWebFilter$StaticUserFilter) to context logs
2019-07-13 14:36:53,881 INFO  http.HttpServer2 (HttpServer2.java:addFilter(958)) - Added filter static_user_filter (class=org.apache.hadoop.http.lib.StaticUserWebFilter$StaticUserFilter) to context static
2019-07-13 14:36:53,882 INFO  http.HttpServer2 (HttpServer2.java:bindListener(1191)) - Jetty bound to port 41848
2019-07-13 14:36:53,882 INFO  server.Server (Server.java:doStart(351)) - jetty-9.3.24.v20180605, build timestamp: 2018-06-05T17:11:56Z, git hash: 84205aa28f11a4f31f2a3b86d1bba2cc8ab69827
2019-07-13 14:36:53,884 INFO  handler.ContextHandler (ContextHandler.java:doStart(781)) - Started o.e.j.s.ServletContextHandler@12dcfa6a{/logs,file:///tmp/workdir/hadoop-ozone/integration-test/target/log,AVAILABLE}
2019-07-13 14:36:53,885 INFO  handler.ContextHandler (ContextHandler.java:doStart(781)) - Started o.e.j.s.ServletContextHandler@4c9ed40{/static,jar:file:/home/user/.m2/repository/org/apache/hadoop/hadoop-hdds-container-service/0.5.0-SNAPSHOT/hadoop-hdds-container-service-0.5.0-SNAPSHOT.jar!/webapps/static,AVAILABLE}
2019-07-13 14:36:53,925 INFO  handler.ContextHandler (ContextHandler.java:doStart(781)) - Started o.e.j.w.WebAppContext@1c1bc904{/,file:///tmp/jetty-0.0.0.0-41848-hddsDatanode-_-any-8152801978755628224.dir/webapp/,AVAILABLE}{/hddsDatanode}
2019-07-13 14:36:53,926 INFO  server.AbstractConnector (AbstractConnector.java:doStart(278)) - Started ServerConnector@53fa630{HTTP/1.1,[http/1.1]}{0.0.0.0:41848}
2019-07-13 14:36:53,927 INFO  server.Server (Server.java:doStart(419)) - Started @626779ms
2019-07-13 14:36:53,928 INFO  server.BaseHttpServer (BaseHttpServer.java:updateConnectorAddress(207)) - HTTP server of HDDSDATANODE is listening at http://0.0.0.0:41848
2019-07-13 14:36:54,177 INFO  ozone.HddsDatanodeService (HddsDatanodeService.java:startPlugins(396)) - Started plug-in org.apache.hadoop.ozone.web.OzoneHddsDatanodeService@260d878a
2019-07-13 14:36:54,180 INFO  impl.MetricsSystemImpl (MetricsSystemImpl.java:init(158)) - HddsDatanode metrics system started (again)
2019-07-13 14:36:54,182 INFO  ozone.HddsDatanodeService (HddsDatanodeService.java:start(185)) - HddsDatanodeService host:trunk-nightly-mhs6z-4061744966 ip:192.168.5.172
2019-07-13 14:36:54,189 INFO  util.JvmPauseMonitor (JvmPauseMonitor.java:run(188)) - Starting JVM pause monitor
2019-07-13 14:36:54,217 INFO  datanode.InitDatanodeState (InitDatanodeState.java:persistContainerDatanodeDetails(140)) - DatanodeDetails is persisted to /tmp/workdir/hadoop-ozone/integration-test/target/test-dir/MiniOzoneClusterImpl-16da60bc-a68b-4f57-8fc0-91e73f0642b4/datanode-4/meta/datanode.id
2019-07-13 14:36:54,233 INFO  volume.HddsVolume (HddsVolume.java:<init>(176)) - Creating Volume: /tmp/workdir/hadoop-ozone/integration-test/target/test-dir/MiniOzoneClusterImpl-16da60bc-a68b-4f57-8fc0-91e73f0642b4/datanode-5/data/containers/hdds of  storage type : DISK and capacity : 52710309888
2019-07-13 14:36:54,233 INFO  volume.VolumeSet (VolumeSet.java:initializeVolumeSet(170)) - Added Volume : /tmp/workdir/hadoop-ozone/integration-test/target/test-dir/MiniOzoneClusterImpl-16da60bc-a68b-4f57-8fc0-91e73f0642b4/datanode-5/data/containers/hdds to VolumeSet
2019-07-13 14:36:54,234 INFO  volume.ThrottledAsyncChecker (ThrottledAsyncChecker.java:schedule(140)) - Scheduling a check for org.apache.hadoop.ozone.container.common.volume.HddsVolume@4603845b
2019-07-13 14:36:54,234 INFO  volume.HddsVolumeChecker (HddsVolumeChecker.java:checkAllVolumes(203)) - Scheduled health check for volume org.apache.hadoop.ozone.container.common.volume.HddsVolume@4603845b
2019-07-13 14:36:54,254 INFO  impl.RaftServerProxy (ConfUtils.java:logGet(43)) - raft.rpc.type = GRPC (default)
2019-07-13 14:36:54,254 INFO  grpc.GrpcFactory (GrpcFactory.java:checkPooledByteBufAllocatorUseCacheForAllThreads(45)) - PERFORMANCE WARNING: useCacheForAllThreads is true that may cause Netty to create a lot garbage objects and, as a result, trigger GC.
	It is recommended to disable useCacheForAllThreads by setting -Dorg.apache.ratis.thirdparty.io.netty.allocator.useCacheForAllThreads=false in command line.
2019-07-13 14:36:54,254 INFO  grpc.GrpcConfigKeys$Server (ConfUtils.java:logGet(43)) - raft.grpc.server.port = 0 (default)
2019-07-13 14:36:54,255 INFO  server.GrpcService (ConfUtils.java:logGet(43)) - raft.grpc.message.size.max = 33570816 (custom)
2019-07-13 14:36:54,255 INFO  server.RaftServerConfigKeys (ConfUtils.java:logGet(43)) - raft.server.log.appender.buffer.byte-limit = 33554432 (custom)
2019-07-13 14:36:54,255 INFO  server.GrpcService (ConfUtils.java:logGet(43)) - raft.grpc.flow.control.window = 1MB (=1048576) (default)
2019-07-13 14:36:54,256 INFO  server.RaftServerConfigKeys (ConfUtils.java:logGet(43)) - raft.server.rpc.request.timeout = 3000ms (default)
2019-07-13 14:36:54,256 INFO  server.RaftServerConfigKeys (ConfUtils.java:logGet(43)) - raft.server.storage.dir = [/tmp/workdir/hadoop-ozone/integration-test/target/test-dir/MiniOzoneClusterImpl-16da60bc-a68b-4f57-8fc0-91e73f0642b4/datanode-5/data/ratis] (custom)
2019-07-13 14:36:54,257 INFO  replication.SimpleContainerDownloader (SimpleContainerDownloader.java:<init>(72)) - Starting container downloader service to copy containers to replicate.
2019-07-13 14:36:54,258 INFO  hdfs.DFSUtil (DFSUtil.java:httpServerTemplateForNNAndJN(1641)) - Starting Web-server for hddsDatanode at: http://0.0.0.0:0
2019-07-13 14:36:54,260 INFO  server.AuthenticationFilter (AuthenticationFilter.java:constructSecretProvider(240)) - Unable to initialize FileSignerSecretProvider, falling back to use random secrets.
2019-07-13 14:36:54,261 WARN  http.HttpRequestLog (HttpRequestLog.java:getRequestLog(97)) - Jetty request log can only be enabled using Log4j
2019-07-13 14:36:54,263 INFO  http.HttpServer2 (HttpServer2.java:addGlobalFilter(975)) - Added global filter 'safety' (class=org.apache.hadoop.http.HttpServer2$QuotingInputFilter)
2019-07-13 14:36:54,263 INFO  http.HttpServer2 (HttpServer2.java:addFilter(948)) - Added filter static_user_filter (class=org.apache.hadoop.http.lib.StaticUserWebFilter$StaticUserFilter) to context hddsDatanode
2019-07-13 14:36:54,264 INFO  http.HttpServer2 (HttpServer2.java:addFilter(958)) - Added filter static_user_filter (class=org.apache.hadoop.http.lib.StaticUserWebFilter$StaticUserFilter) to context logs
2019-07-13 14:36:54,264 INFO  http.HttpServer2 (HttpServer2.java:addFilter(958)) - Added filter static_user_filter (class=org.apache.hadoop.http.lib.StaticUserWebFilter$StaticUserFilter) to context static
2019-07-13 14:36:54,265 INFO  http.HttpServer2 (HttpServer2.java:bindListener(1191)) - Jetty bound to port 38354
2019-07-13 14:36:54,265 INFO  server.Server (Server.java:doStart(351)) - jetty-9.3.24.v20180605, build timestamp: 2018-06-05T17:11:56Z, git hash: 84205aa28f11a4f31f2a3b86d1bba2cc8ab69827
2019-07-13 14:36:54,267 INFO  handler.ContextHandler (ContextHandler.java:doStart(781)) - Started o.e.j.s.ServletContextHandler@7ddf7e77{/logs,file:///tmp/workdir/hadoop-ozone/integration-test/target/log,AVAILABLE}
2019-07-13 14:36:54,268 INFO  handler.ContextHandler (ContextHandler.java:doStart(781)) - Started o.e.j.s.ServletContextHandler@34e785db{/static,jar:file:/home/user/.m2/repository/org/apache/hadoop/hadoop-hdds-container-service/0.5.0-SNAPSHOT/hadoop-hdds-container-service-0.5.0-SNAPSHOT.jar!/webapps/static,AVAILABLE}
2019-07-13 14:36:54,309 INFO  handler.ContextHandler (ContextHandler.java:doStart(781)) - Started o.e.j.w.WebAppContext@4b8ab2f8{/,file:///tmp/jetty-0.0.0.0-38354-hddsDatanode-_-any-1022424682580997074.dir/webapp/,AVAILABLE}{/hddsDatanode}
2019-07-13 14:36:54,310 INFO  server.AbstractConnector (AbstractConnector.java:doStart(278)) - Started ServerConnector@2b46d238{HTTP/1.1,[http/1.1]}{0.0.0.0:38354}
2019-07-13 14:36:54,311 INFO  server.Server (Server.java:doStart(419)) - Started @627163ms
2019-07-13 14:36:54,312 INFO  server.BaseHttpServer (BaseHttpServer.java:updateConnectorAddress(207)) - HTTP server of HDDSDATANODE is listening at http://0.0.0.0:38354
2019-07-13 14:36:54,416 INFO  ozone.HddsDatanodeService (HddsDatanodeService.java:startPlugins(396)) - Started plug-in org.apache.hadoop.ozone.web.OzoneHddsDatanodeService@72ab75c
2019-07-13 14:36:54,417 INFO  impl.MetricsSystemImpl (MetricsSystemImpl.java:init(158)) - HddsDatanode metrics system started (again)
2019-07-13 14:36:54,417 INFO  ozone.HddsDatanodeService (HddsDatanodeService.java:start(185)) - HddsDatanodeService host:trunk-nightly-mhs6z-4061744966 ip:192.168.5.172
2019-07-13 14:36:54,418 INFO  util.JvmPauseMonitor (JvmPauseMonitor.java:run(188)) - Starting JVM pause monitor
2019-07-13 14:36:54,419 INFO  datanode.InitDatanodeState (InitDatanodeState.java:persistContainerDatanodeDetails(140)) - DatanodeDetails is persisted to /tmp/workdir/hadoop-ozone/integration-test/target/test-dir/MiniOzoneClusterImpl-16da60bc-a68b-4f57-8fc0-91e73f0642b4/datanode-5/meta/datanode.id
2019-07-13 14:36:54,430 INFO  volume.HddsVolume (HddsVolume.java:<init>(176)) - Creating Volume: /tmp/workdir/hadoop-ozone/integration-test/target/test-dir/MiniOzoneClusterImpl-16da60bc-a68b-4f57-8fc0-91e73f0642b4/datanode-6/data/containers/hdds of  storage type : DISK and capacity : 52710309888
2019-07-13 14:36:54,430 INFO  volume.VolumeSet (VolumeSet.java:initializeVolumeSet(170)) - Added Volume : /tmp/workdir/hadoop-ozone/integration-test/target/test-dir/MiniOzoneClusterImpl-16da60bc-a68b-4f57-8fc0-91e73f0642b4/datanode-6/data/containers/hdds to VolumeSet
2019-07-13 14:36:54,430 INFO  volume.ThrottledAsyncChecker (ThrottledAsyncChecker.java:schedule(140)) - Scheduling a check for org.apache.hadoop.ozone.container.common.volume.HddsVolume@4baf0b7f
2019-07-13 14:36:54,431 INFO  volume.HddsVolumeChecker (HddsVolumeChecker.java:checkAllVolumes(203)) - Scheduled health check for volume org.apache.hadoop.ozone.container.common.volume.HddsVolume@4baf0b7f
2019-07-13 14:36:54,444 INFO  impl.RaftServerProxy (ConfUtils.java:logGet(43)) - raft.rpc.type = GRPC (default)
2019-07-13 14:36:54,445 INFO  grpc.GrpcFactory (GrpcFactory.java:checkPooledByteBufAllocatorUseCacheForAllThreads(45)) - PERFORMANCE WARNING: useCacheForAllThreads is true that may cause Netty to create a lot garbage objects and, as a result, trigger GC.
	It is recommended to disable useCacheForAllThreads by setting -Dorg.apache.ratis.thirdparty.io.netty.allocator.useCacheForAllThreads=false in command line.
2019-07-13 14:36:54,445 INFO  grpc.GrpcConfigKeys$Server (ConfUtils.java:logGet(43)) - raft.grpc.server.port = 0 (default)
2019-07-13 14:36:54,445 INFO  server.GrpcService (ConfUtils.java:logGet(43)) - raft.grpc.message.size.max = 33570816 (custom)
2019-07-13 14:36:54,445 INFO  server.RaftServerConfigKeys (ConfUtils.java:logGet(43)) - raft.server.log.appender.buffer.byte-limit = 33554432 (custom)
2019-07-13 14:36:54,445 INFO  server.GrpcService (ConfUtils.java:logGet(43)) - raft.grpc.flow.control.window = 1MB (=1048576) (default)
2019-07-13 14:36:54,446 INFO  server.RaftServerConfigKeys (ConfUtils.java:logGet(43)) - raft.server.rpc.request.timeout = 3000ms (default)
2019-07-13 14:36:54,446 INFO  server.RaftServerConfigKeys (ConfUtils.java:logGet(43)) - raft.server.storage.dir = [/tmp/workdir/hadoop-ozone/integration-test/target/test-dir/MiniOzoneClusterImpl-16da60bc-a68b-4f57-8fc0-91e73f0642b4/datanode-6/data/ratis] (custom)
2019-07-13 14:36:54,446 INFO  replication.SimpleContainerDownloader (SimpleContainerDownloader.java:<init>(72)) - Starting container downloader service to copy containers to replicate.
2019-07-13 14:36:54,447 INFO  hdfs.DFSUtil (DFSUtil.java:httpServerTemplateForNNAndJN(1641)) - Starting Web-server for hddsDatanode at: http://0.0.0.0:0
2019-07-13 14:36:54,448 INFO  server.AuthenticationFilter (AuthenticationFilter.java:constructSecretProvider(240)) - Unable to initialize FileSignerSecretProvider, falling back to use random secrets.
2019-07-13 14:36:54,449 WARN  http.HttpRequestLog (HttpRequestLog.java:getRequestLog(97)) - Jetty request log can only be enabled using Log4j
2019-07-13 14:36:54,450 INFO  http.HttpServer2 (HttpServer2.java:addGlobalFilter(975)) - Added global filter 'safety' (class=org.apache.hadoop.http.HttpServer2$QuotingInputFilter)
2019-07-13 14:36:54,450 INFO  http.HttpServer2 (HttpServer2.java:addFilter(948)) - Added filter static_user_filter (class=org.apache.hadoop.http.lib.StaticUserWebFilter$StaticUserFilter) to context hddsDatanode
2019-07-13 14:36:54,450 INFO  http.HttpServer2 (HttpServer2.java:addFilter(958)) - Added filter static_user_filter (class=org.apache.hadoop.http.lib.StaticUserWebFilter$StaticUserFilter) to context logs
2019-07-13 14:36:54,450 INFO  http.HttpServer2 (HttpServer2.java:addFilter(958)) - Added filter static_user_filter (class=org.apache.hadoop.http.lib.StaticUserWebFilter$StaticUserFilter) to context static
2019-07-13 14:36:54,451 INFO  http.HttpServer2 (HttpServer2.java:bindListener(1191)) - Jetty bound to port 38562
2019-07-13 14:36:54,451 INFO  server.Server (Server.java:doStart(351)) - jetty-9.3.24.v20180605, build timestamp: 2018-06-05T17:11:56Z, git hash: 84205aa28f11a4f31f2a3b86d1bba2cc8ab69827
2019-07-13 14:36:54,453 INFO  handler.ContextHandler (ContextHandler.java:doStart(781)) - Started o.e.j.s.ServletContextHandler@75daa568{/logs,file:///tmp/workdir/hadoop-ozone/integration-test/target/log,AVAILABLE}
2019-07-13 14:36:54,453 INFO  handler.ContextHandler (ContextHandler.java:doStart(781)) - Started o.e.j.s.ServletContextHandler@79059313{/static,jar:file:/home/user/.m2/repository/org/apache/hadoop/hadoop-hdds-container-service/0.5.0-SNAPSHOT/hadoop-hdds-container-service-0.5.0-SNAPSHOT.jar!/webapps/static,AVAILABLE}
2019-07-13 14:36:54,479 INFO  handler.ContextHandler (ContextHandler.java:doStart(781)) - Started o.e.j.w.WebAppContext@2bcf856f{/,file:///tmp/jetty-0.0.0.0-38562-hddsDatanode-_-any-4649005824511145202.dir/webapp/,AVAILABLE}{/hddsDatanode}
2019-07-13 14:36:54,479 INFO  server.AbstractConnector (AbstractConnector.java:doStart(278)) - Started ServerConnector@47bcaf67{HTTP/1.1,[http/1.1]}{0.0.0.0:38562}
2019-07-13 14:36:54,479 INFO  server.Server (Server.java:doStart(419)) - Started @627331ms
2019-07-13 14:36:54,481 INFO  server.BaseHttpServer (BaseHttpServer.java:updateConnectorAddress(207)) - HTTP server of HDDSDATANODE is listening at http://0.0.0.0:38562
2019-07-13 14:36:54,577 INFO  ozone.HddsDatanodeService (HddsDatanodeService.java:startPlugins(396)) - Started plug-in org.apache.hadoop.ozone.web.OzoneHddsDatanodeService@4fecdf0b
2019-07-13 14:36:54,578 INFO  ozone.MiniOzoneClusterImpl (MiniOzoneClusterImpl.java:lambda$waitForClusterToBeReady$0(142)) - Waiting for cluster to be ready. Got 0 of 7 DN Heartbeats.
2019-07-13 14:36:54,579 INFO  util.JvmPauseMonitor (JvmPauseMonitor.java:run(188)) - Starting JVM pause monitor
2019-07-13 14:36:54,580 INFO  datanode.InitDatanodeState (InitDatanodeState.java:persistContainerDatanodeDetails(140)) - DatanodeDetails is persisted to /tmp/workdir/hadoop-ozone/integration-test/target/test-dir/MiniOzoneClusterImpl-16da60bc-a68b-4f57-8fc0-91e73f0642b4/datanode-6/meta/datanode.id
2019-07-13 14:36:55,309 INFO  ozoneimpl.OzoneContainer (OzoneContainer.java:start(186)) - Attempting to start container services.
2019-07-13 14:36:55,309 INFO  ozoneimpl.OzoneContainer (OzoneContainer.java:startContainerScrub(160)) - Background container scrubber has been disabled by hdds.containerscrub.enabled
2019-07-13 14:36:55,309 INFO  ratis.XceiverServerRatis (XceiverServerRatis.java:start(418)) - Starting XceiverServerRatis 96de7e06-7a77-473f-9a3b-c9533c91019d at port 0
2019-07-13 14:36:55,317 INFO  impl.RaftServerProxy (RaftServerProxy.java:lambda$start$3(299)) - 96de7e06-7a77-473f-9a3b-c9533c91019d: start RPC server
2019-07-13 14:36:55,318 INFO  server.GrpcService (GrpcService.java:startImpl(149)) - 96de7e06-7a77-473f-9a3b-c9533c91019d: GrpcService started, listening on 0.0.0.0/0.0.0.0:45944
2019-07-13 14:36:55,319 INFO  ratis.XceiverServerRatis (XceiverServerRatis.java:start(428)) - XceiverServerRatis 96de7e06-7a77-473f-9a3b-c9533c91019d is started using port 45944
2019-07-13 14:36:55,319 INFO  server.XceiverServerGrpc (XceiverServerGrpc.java:start(161)) - XceiverServerGrpc 96de7e06-7a77-473f-9a3b-c9533c91019d is started using port 39219
2019-07-13 14:36:55,524 INFO  ozoneimpl.OzoneContainer (OzoneContainer.java:start(186)) - Attempting to start container services.
2019-07-13 14:36:55,524 INFO  ozoneimpl.OzoneContainer (OzoneContainer.java:startContainerScrub(160)) - Background container scrubber has been disabled by hdds.containerscrub.enabled
2019-07-13 14:36:55,524 INFO  ratis.XceiverServerRatis (XceiverServerRatis.java:start(418)) - Starting XceiverServerRatis 9b5d1350-3fc6-47c1-a971-496d9ec6ae4c at port 0
2019-07-13 14:36:55,532 INFO  impl.RaftServerProxy (RaftServerProxy.java:lambda$start$3(299)) - 9b5d1350-3fc6-47c1-a971-496d9ec6ae4c: start RPC server
2019-07-13 14:36:55,532 INFO  server.GrpcService (GrpcService.java:startImpl(149)) - 9b5d1350-3fc6-47c1-a971-496d9ec6ae4c: GrpcService started, listening on 0.0.0.0/0.0.0.0:34125
2019-07-13 14:36:55,533 INFO  ratis.XceiverServerRatis (XceiverServerRatis.java:start(428)) - XceiverServerRatis 9b5d1350-3fc6-47c1-a971-496d9ec6ae4c is started using port 34125
2019-07-13 14:36:55,533 INFO  server.XceiverServerGrpc (XceiverServerGrpc.java:start(161)) - XceiverServerGrpc 9b5d1350-3fc6-47c1-a971-496d9ec6ae4c is started using port 40718
2019-07-13 14:36:55,578 INFO  ozone.MiniOzoneClusterImpl (MiniOzoneClusterImpl.java:lambda$waitForClusterToBeReady$0(142)) - Waiting for cluster to be ready. Got 0 of 7 DN Heartbeats.
2019-07-13 14:36:55,672 INFO  ozoneimpl.OzoneContainer (OzoneContainer.java:start(186)) - Attempting to start container services.
2019-07-13 14:36:55,672 INFO  ozoneimpl.OzoneContainer (OzoneContainer.java:startContainerScrub(160)) - Background container scrubber has been disabled by hdds.containerscrub.enabled
2019-07-13 14:36:55,672 INFO  ratis.XceiverServerRatis (XceiverServerRatis.java:start(418)) - Starting XceiverServerRatis 1be32d53-114d-4e93-931f-dbb99198ce5c at port 0
2019-07-13 14:36:55,680 INFO  impl.RaftServerProxy (RaftServerProxy.java:lambda$start$3(299)) - 1be32d53-114d-4e93-931f-dbb99198ce5c: start RPC server
2019-07-13 14:36:55,682 INFO  server.GrpcService (GrpcService.java:startImpl(149)) - 1be32d53-114d-4e93-931f-dbb99198ce5c: GrpcService started, listening on 0.0.0.0/0.0.0.0:36477
2019-07-13 14:36:55,683 INFO  ratis.XceiverServerRatis (XceiverServerRatis.java:start(428)) - XceiverServerRatis 1be32d53-114d-4e93-931f-dbb99198ce5c is started using port 36477
2019-07-13 14:36:55,690 INFO  server.XceiverServerGrpc (XceiverServerGrpc.java:start(161)) - XceiverServerGrpc 1be32d53-114d-4e93-931f-dbb99198ce5c is started using port 34160
2019-07-13 14:36:55,860 INFO  ozoneimpl.OzoneContainer (OzoneContainer.java:start(186)) - Attempting to start container services.
2019-07-13 14:36:55,860 INFO  ozoneimpl.OzoneContainer (OzoneContainer.java:startContainerScrub(160)) - Background container scrubber has been disabled by hdds.containerscrub.enabled
2019-07-13 14:36:55,861 INFO  ratis.XceiverServerRatis (XceiverServerRatis.java:start(418)) - Starting XceiverServerRatis 894dc0c2-216a-4430-b056-07ea893b2db1 at port 0
2019-07-13 14:36:55,868 INFO  impl.RaftServerProxy (RaftServerProxy.java:lambda$start$3(299)) - 894dc0c2-216a-4430-b056-07ea893b2db1: start RPC server
2019-07-13 14:36:55,869 INFO  server.GrpcService (GrpcService.java:startImpl(149)) - 894dc0c2-216a-4430-b056-07ea893b2db1: GrpcService started, listening on 0.0.0.0/0.0.0.0:36516
2019-07-13 14:36:55,869 INFO  ratis.XceiverServerRatis (XceiverServerRatis.java:start(428)) - XceiverServerRatis 894dc0c2-216a-4430-b056-07ea893b2db1 is started using port 36516
2019-07-13 14:36:55,870 INFO  server.XceiverServerGrpc (XceiverServerGrpc.java:start(161)) - XceiverServerGrpc 894dc0c2-216a-4430-b056-07ea893b2db1 is started using port 34262
2019-07-13 14:36:56,194 INFO  ozoneimpl.OzoneContainer (OzoneContainer.java:start(186)) - Attempting to start container services.
2019-07-13 14:36:56,195 INFO  ozoneimpl.OzoneContainer (OzoneContainer.java:startContainerScrub(160)) - Background container scrubber has been disabled by hdds.containerscrub.enabled
2019-07-13 14:36:56,195 INFO  ratis.XceiverServerRatis (XceiverServerRatis.java:start(418)) - Starting XceiverServerRatis 289db83c-4a5b-4d17-b8a7-3d36cfd56978 at port 0
2019-07-13 14:36:56,203 INFO  impl.RaftServerProxy (RaftServerProxy.java:lambda$start$3(299)) - 289db83c-4a5b-4d17-b8a7-3d36cfd56978: start RPC server
2019-07-13 14:36:56,203 INFO  server.GrpcService (GrpcService.java:startImpl(149)) - 289db83c-4a5b-4d17-b8a7-3d36cfd56978: GrpcService started, listening on 0.0.0.0/0.0.0.0:38637
2019-07-13 14:36:56,203 INFO  ratis.XceiverServerRatis (XceiverServerRatis.java:start(428)) - XceiverServerRatis 289db83c-4a5b-4d17-b8a7-3d36cfd56978 is started using port 38637
2019-07-13 14:36:56,206 INFO  server.XceiverServerGrpc (XceiverServerGrpc.java:start(161)) - XceiverServerGrpc 289db83c-4a5b-4d17-b8a7-3d36cfd56978 is started using port 43763
2019-07-13 14:36:56,425 INFO  ozoneimpl.OzoneContainer (OzoneContainer.java:start(186)) - Attempting to start container services.
2019-07-13 14:36:56,425 INFO  ozoneimpl.OzoneContainer (OzoneContainer.java:startContainerScrub(160)) - Background container scrubber has been disabled by hdds.containerscrub.enabled
2019-07-13 14:36:56,426 INFO  ratis.XceiverServerRatis (XceiverServerRatis.java:start(418)) - Starting XceiverServerRatis 4b05a4d6-cfcf-4ae9-8d1a-cdf55e9a2374 at port 0
2019-07-13 14:36:56,433 INFO  impl.RaftServerProxy (RaftServerProxy.java:lambda$start$3(299)) - 4b05a4d6-cfcf-4ae9-8d1a-cdf55e9a2374: start RPC server
2019-07-13 14:36:56,434 INFO  server.GrpcService (GrpcService.java:startImpl(149)) - 4b05a4d6-cfcf-4ae9-8d1a-cdf55e9a2374: GrpcService started, listening on 0.0.0.0/0.0.0.0:33867
2019-07-13 14:36:56,434 INFO  ratis.XceiverServerRatis (XceiverServerRatis.java:start(428)) - XceiverServerRatis 4b05a4d6-cfcf-4ae9-8d1a-cdf55e9a2374 is started using port 33867
2019-07-13 14:36:56,435 INFO  server.XceiverServerGrpc (XceiverServerGrpc.java:start(161)) - XceiverServerGrpc 4b05a4d6-cfcf-4ae9-8d1a-cdf55e9a2374 is started using port 34226
2019-07-13 14:36:56,578 INFO  ozone.MiniOzoneClusterImpl (MiniOzoneClusterImpl.java:lambda$waitForClusterToBeReady$0(142)) - Waiting for cluster to be ready. Got 0 of 7 DN Heartbeats.
2019-07-13 14:36:56,592 INFO  ozoneimpl.OzoneContainer (OzoneContainer.java:start(186)) - Attempting to start container services.
2019-07-13 14:36:56,592 INFO  ozoneimpl.OzoneContainer (OzoneContainer.java:startContainerScrub(160)) - Background container scrubber has been disabled by hdds.containerscrub.enabled
2019-07-13 14:36:56,593 INFO  ratis.XceiverServerRatis (XceiverServerRatis.java:start(418)) - Starting XceiverServerRatis a1d08438-0882-4ba4-9a9e-0e144432d131 at port 0
2019-07-13 14:36:56,600 INFO  impl.RaftServerProxy (RaftServerProxy.java:lambda$start$3(299)) - a1d08438-0882-4ba4-9a9e-0e144432d131: start RPC server
2019-07-13 14:36:56,600 INFO  server.GrpcService (GrpcService.java:startImpl(149)) - a1d08438-0882-4ba4-9a9e-0e144432d131: GrpcService started, listening on 0.0.0.0/0.0.0.0:35414
2019-07-13 14:36:56,601 INFO  ratis.XceiverServerRatis (XceiverServerRatis.java:start(428)) - XceiverServerRatis a1d08438-0882-4ba4-9a9e-0e144432d131 is started using port 35414
2019-07-13 14:36:56,601 INFO  server.XceiverServerGrpc (XceiverServerGrpc.java:start(161)) - XceiverServerGrpc a1d08438-0882-4ba4-9a9e-0e144432d131 is started using port 40924
2019-07-13 14:36:57,293 INFO  net.NetworkTopology (NetworkTopologyImpl.java:add(110)) - Added a new node: /default-rack/192.168.5.172
2019-07-13 14:36:57,295 INFO  node.SCMNodeManager (SCMNodeManager.java:register(269)) - Registered Data node : 96de7e06-7a77-473f-9a3b-c9533c91019d{ip: 192.168.5.172, host: trunk-nightly-mhs6z-4061744966, networkLocation: /default-rack, certSerialId: null}
2019-07-13 14:36:57,296 INFO  safemode.SCMSafeModeManager (DataNodeSafeModeRule.java:process(71)) - SCM in safe mode. 1 DataNodes registered, 1 required.
2019-07-13 14:36:57,299 INFO  safemode.SCMSafeModeManager (SCMSafeModeManager.java:validateSafeModeExitRules(177)) - ScmSafeModeManager, all rules are successfully validated
2019-07-13 14:36:57,299 INFO  safemode.SCMSafeModeManager (SCMSafeModeManager.java:exitSafeMode(193)) - SCM exiting safe mode.
2019-07-13 14:36:57,314 INFO  impl.RaftServerProxy (RaftServerProxy.java:addNew(89)) - 96de7e06-7a77-473f-9a3b-c9533c91019d: addNew group-AF2503E37B1B:[96de7e06-7a77-473f-9a3b-c9533c91019d:192.168.5.172:45944] returns group-AF2503E37B1B:java.util.concurrent.CompletableFuture@2cd70ff7[Not completed]
2019-07-13 14:36:57,316 INFO  impl.RaftServerImpl (RaftServerImpl.java:<init>(93)) - 96de7e06-7a77-473f-9a3b-c9533c91019d: new RaftServerImpl for group-AF2503E37B1B:[96de7e06-7a77-473f-9a3b-c9533c91019d:192.168.5.172:45944] with ContainerStateMachine:uninitialized
2019-07-13 14:36:57,316 INFO  server.RaftServerConfigKeys (ConfUtils.java:logGet(43)) - raft.server.rpc.timeout.min = 5s (custom)
2019-07-13 14:36:57,316 INFO  server.RaftServerConfigKeys (ConfUtils.java:logGet(43)) - raft.server.rpc.timeout.max = 5200ms (custom)
2019-07-13 14:36:57,316 INFO  server.RaftServerConfigKeys (ConfUtils.java:logGet(43)) - raft.server.rpcslowness.timeout = 120s (custom)
2019-07-13 14:36:57,316 INFO  server.RaftServerConfigKeys (ConfUtils.java:logGet(43)) - raft.server.sleep.deviation.threshold = 300 (default)
2019-07-13 14:36:57,316 INFO  server.RaftServerConfigKeys (ConfUtils.java:logGet(43)) - raft.server.log.appender.install.snapshot.enabled = false (custom)
2019-07-13 14:36:57,317 INFO  impl.RaftServerImpl (ServerState.java:<init>(105)) - 96de7e06-7a77-473f-9a3b-c9533c91019d:group-AF2503E37B1B ConfigurationManager, init=-1: [96de7e06-7a77-473f-9a3b-c9533c91019d:192.168.5.172:45944], old=null, confs=<EMPTY_MAP>
2019-07-13 14:36:57,317 INFO  server.RaftServerConfigKeys (ConfUtils.java:logGet(43)) - raft.server.storage.dir = [/tmp/workdir/hadoop-ozone/integration-test/target/test-dir/MiniOzoneClusterImpl-16da60bc-a68b-4f57-8fc0-91e73f0642b4/datanode-0/data/ratis] (custom)
2019-07-13 14:36:57,317 INFO  storage.RaftStorageDirectory (RaftStorageDirectory.java:analyzeStorage(246)) - The storage directory /tmp/workdir/hadoop-ozone/integration-test/target/test-dir/MiniOzoneClusterImpl-16da60bc-a68b-4f57-8fc0-91e73f0642b4/datanode-0/data/ratis/499b84be-643e-497e-9fcd-af2503e37b1b does not exist. Creating ...
2019-07-13 14:36:57,332 INFO  storage.RaftStorageDirectory (RaftStorageDirectory.java:tryLock(328)) - Lock on /tmp/workdir/hadoop-ozone/integration-test/target/test-dir/MiniOzoneClusterImpl-16da60bc-a68b-4f57-8fc0-91e73f0642b4/datanode-0/data/ratis/499b84be-643e-497e-9fcd-af2503e37b1b/in_use.lock acquired by nodename 31544@trunk-nightly-mhs6z-4061744966
2019-07-13 14:36:57,336 INFO  storage.RaftStorage (RaftStorage.java:format(72)) - Storage directory /tmp/workdir/hadoop-ozone/integration-test/target/test-dir/MiniOzoneClusterImpl-16da60bc-a68b-4f57-8fc0-91e73f0642b4/datanode-0/data/ratis/499b84be-643e-497e-9fcd-af2503e37b1b has been successfully formatted.
2019-07-13 14:36:57,336 INFO  ratis.ContainerStateMachine (ContainerStateMachine.java:loadSnapshot(200)) - The snapshot info is null.Setting the last applied index to:(t:0, i:~)
2019-07-13 14:36:57,336 INFO  server.RaftServerConfigKeys (ConfUtils.java:logGet(43)) - raft.server.leader.election.timeout = 120s (custom)
2019-07-13 14:36:57,336 INFO  server.RaftServerConfigKeys (ConfUtils.java:logGet(43)) - raft.server.log.use.memory = false (default)
2019-07-13 14:36:57,337 INFO  server.RaftServerConfigKeys (ConfUtils.java:logGet(43)) - raft.server.log.purge.gap = 1000000000 (custom)
2019-07-13 14:36:57,337 INFO  server.RaftServerConfigKeys (ConfUtils.java:logGet(43)) - raft.server.log.appender.buffer.byte-limit = 33554432 (custom)
2019-07-13 14:36:57,337 INFO  server.RaftServerConfigKeys (ConfUtils.java:logGet(43)) - raft.server.log.segment.size.max = 1048576 (custom)
2019-07-13 14:36:57,337 INFO  server.RaftServerConfigKeys (ConfUtils.java:logGet(43)) - raft.server.log.segment.cache.num.max = 2 (custom)
2019-07-13 14:36:57,337 INFO  segmented.SegmentedRaftLogWorker (SegmentedRaftLogWorker.java:<init>(172)) - new 96de7e06-7a77-473f-9a3b-c9533c91019d-SegmentedRaftLogWorker:Storage Directory /tmp/workdir/hadoop-ozone/integration-test/target/test-dir/MiniOzoneClusterImpl-16da60bc-a68b-4f57-8fc0-91e73f0642b4/datanode-0/data/ratis/499b84be-643e-497e-9fcd-af2503e37b1b for RaftStorage:Storage Directory /tmp/workdir/hadoop-ozone/integration-test/target/test-dir/MiniOzoneClusterImpl-16da60bc-a68b-4f57-8fc0-91e73f0642b4/datanode-0/data/ratis/499b84be-643e-497e-9fcd-af2503e37b1b
2019-07-13 14:36:57,338 INFO  server.RaftServerConfigKeys (ConfUtils.java:logGet(43)) - raft.server.log.queue.byte-limit = 2147483647 (custom)
2019-07-13 14:36:57,338 INFO  server.RaftServerConfigKeys (ConfUtils.java:logGet(43)) - raft.server.log.queue.element-limit = 1024 (custom)
2019-07-13 14:36:57,338 INFO  server.RaftServerConfigKeys (ConfUtils.java:logGet(43)) - raft.server.log.segment.size.max = 1048576 (custom)
2019-07-13 14:36:57,338 INFO  server.RaftServerConfigKeys (ConfUtils.java:logGet(43)) - raft.server.log.preallocated.size = 16384 (custom)
2019-07-13 14:36:57,338 INFO  server.RaftServerConfigKeys (ConfUtils.java:logGet(43)) - raft.server.log.write.buffer.size = 33554432 (custom)
2019-07-13 14:36:57,339 INFO  server.RaftServerConfigKeys (ConfUtils.java:logGet(43)) - raft.server.log.force.sync.num = 128 (default)
2019-07-13 14:36:57,339 INFO  server.RaftServerConfigKeys (ConfUtils.java:logGet(43)) - raft.server.log.statemachine.data.sync = true (default)
2019-07-13 14:36:57,339 INFO  server.RaftServerConfigKeys (ConfUtils.java:logGet(43)) - raft.server.log.statemachine.data.sync.timeout = 10s (default)
2019-07-13 14:36:57,339 INFO  server.RaftServerConfigKeys (ConfUtils.java:logGet(43)) - raft.server.log.statemachine.data.sync.timeout.retry = -1 (default)
2019-07-13 14:36:57,339 INFO  server.RaftServerConfigKeys (ConfUtils.java:logGet(43)) - raft.server.log.statemachine.data.caching.enabled = true (custom)
2019-07-13 14:36:57,340 INFO  segmented.SegmentedRaftLogWorker (SegmentedRaftLogWorker.java:lambda$new$0(132)) - 96de7e06-7a77-473f-9a3b-c9533c91019d-SegmentedRaftLogWorker:Storage Directory /tmp/workdir/hadoop-ozone/integration-test/target/test-dir/MiniOzoneClusterImpl-16da60bc-a68b-4f57-8fc0-91e73f0642b4/datanode-0/data/ratis/499b84be-643e-497e-9fcd-af2503e37b1b: flushIndex: setUnconditionally 0 -> -1
2019-07-13 14:36:57,340 INFO  server.RaftServerConfigKeys (ConfUtils.java:logGet(43)) - raft.server.snapshot.auto.trigger.enabled = true (custom)
2019-07-13 14:36:57,340 INFO  server.RaftServerConfigKeys (ConfUtils.java:logGet(43)) - raft.server.snapshot.auto.trigger.threshold = 10000 (custom)
2019-07-13 14:36:57,341 INFO  server.RaftServerConfigKeys (ConfUtils.java:logGet(43)) - raft.server.retrycache.expirytime = 600000ms (custom)
2019-07-13 14:36:57,341 INFO  impl.RaftServerImpl (RaftServerImpl.java:start(180)) - 96de7e06-7a77-473f-9a3b-c9533c91019d: start group-AF2503E37B1B
2019-07-13 14:36:57,341 INFO  impl.RaftServerImpl (RaftServerImpl.java:setRole(171)) - 96de7e06-7a77-473f-9a3b-c9533c91019d:group-AF2503E37B1B changes role from null to FOLLOWER at term 0 for startAsFollower
2019-07-13 14:36:57,341 INFO  impl.RoleInfo (RoleInfo.java:updateAndGet(143)) - 96de7e06-7a77-473f-9a3b-c9533c91019d: start FollowerState
2019-07-13 14:36:57,343 INFO  util.JmxRegister (JmxRegister.java:tryRegister(44)) - Successfully registered JMX Bean with object name Ratis:service=RaftServer,group=group-AF2503E37B1B,id=96de7e06-7a77-473f-9a3b-c9533c91019d
2019-07-13 14:36:57,346 INFO  pipeline.PipelineStateManager (PipelineStateManager.java:addPipeline(56)) - Created pipeline Pipeline[ Id: 499b84be-643e-497e-9fcd-af2503e37b1b, Nodes: 96de7e06-7a77-473f-9a3b-c9533c91019d{ip: 192.168.5.172, host: trunk-nightly-mhs6z-4061744966, networkLocation: /default-rack, certSerialId: null}, Type:RATIS, Factor:ONE, State:OPEN]
2019-07-13 14:36:57,509 INFO  node.SCMNodeManager (SCMNodeManager.java:register(269)) - Registered Data node : 9b5d1350-3fc6-47c1-a971-496d9ec6ae4c{ip: 192.168.5.172, host: trunk-nightly-mhs6z-4061744966, networkLocation: /default-rack, certSerialId: null}
2019-07-13 14:36:57,516 INFO  impl.RaftServerProxy (RaftServerProxy.java:addNew(89)) - 9b5d1350-3fc6-47c1-a971-496d9ec6ae4c: addNew group-C93D8C2BA8CB:[9b5d1350-3fc6-47c1-a971-496d9ec6ae4c:192.168.5.172:34125] returns group-C93D8C2BA8CB:java.util.concurrent.CompletableFuture@6da1e8b1[Not completed]
2019-07-13 14:36:57,517 INFO  impl.RaftServerImpl (RaftServerImpl.java:<init>(93)) - 9b5d1350-3fc6-47c1-a971-496d9ec6ae4c: new RaftServerImpl for group-C93D8C2BA8CB:[9b5d1350-3fc6-47c1-a971-496d9ec6ae4c:192.168.5.172:34125] with ContainerStateMachine:uninitialized
2019-07-13 14:36:57,518 INFO  server.RaftServerConfigKeys (ConfUtils.java:logGet(43)) - raft.server.rpc.timeout.min = 5s (custom)
2019-07-13 14:36:57,518 INFO  server.RaftServerConfigKeys (ConfUtils.java:logGet(43)) - raft.server.rpc.timeout.max = 5200ms (custom)
2019-07-13 14:36:57,518 INFO  server.RaftServerConfigKeys (ConfUtils.java:logGet(43)) - raft.server.rpcslowness.timeout = 120s (custom)
2019-07-13 14:36:57,518 INFO  server.RaftServerConfigKeys (ConfUtils.java:logGet(43)) - raft.server.sleep.deviation.threshold = 300 (default)
2019-07-13 14:36:57,518 INFO  server.RaftServerConfigKeys (ConfUtils.java:logGet(43)) - raft.server.log.appender.install.snapshot.enabled = false (custom)
2019-07-13 14:36:57,518 INFO  impl.RaftServerImpl (ServerState.java:<init>(105)) - 9b5d1350-3fc6-47c1-a971-496d9ec6ae4c:group-C93D8C2BA8CB ConfigurationManager, init=-1: [9b5d1350-3fc6-47c1-a971-496d9ec6ae4c:192.168.5.172:34125], old=null, confs=<EMPTY_MAP>
2019-07-13 14:36:57,519 INFO  server.RaftServerConfigKeys (ConfUtils.java:logGet(43)) - raft.server.storage.dir = [/tmp/workdir/hadoop-ozone/integration-test/target/test-dir/MiniOzoneClusterImpl-16da60bc-a68b-4f57-8fc0-91e73f0642b4/datanode-1/data/ratis] (custom)
2019-07-13 14:36:57,519 INFO  storage.RaftStorageDirectory (RaftStorageDirectory.java:analyzeStorage(246)) - The storage directory /tmp/workdir/hadoop-ozone/integration-test/target/test-dir/MiniOzoneClusterImpl-16da60bc-a68b-4f57-8fc0-91e73f0642b4/datanode-1/data/ratis/f0079d77-f19a-41ce-aabb-c93d8c2ba8cb does not exist. Creating ...
2019-07-13 14:36:57,532 INFO  storage.RaftStorageDirectory (RaftStorageDirectory.java:tryLock(328)) - Lock on /tmp/workdir/hadoop-ozone/integration-test/target/test-dir/MiniOzoneClusterImpl-16da60bc-a68b-4f57-8fc0-91e73f0642b4/datanode-1/data/ratis/f0079d77-f19a-41ce-aabb-c93d8c2ba8cb/in_use.lock acquired by nodename 31544@trunk-nightly-mhs6z-4061744966
2019-07-13 14:36:57,536 INFO  storage.RaftStorage (RaftStorage.java:format(72)) - Storage directory /tmp/workdir/hadoop-ozone/integration-test/target/test-dir/MiniOzoneClusterImpl-16da60bc-a68b-4f57-8fc0-91e73f0642b4/datanode-1/data/ratis/f0079d77-f19a-41ce-aabb-c93d8c2ba8cb has been successfully formatted.
2019-07-13 14:36:57,537 INFO  ratis.ContainerStateMachine (ContainerStateMachine.java:loadSnapshot(200)) - The snapshot info is null.Setting the last applied index to:(t:0, i:~)
2019-07-13 14:36:57,537 INFO  server.RaftServerConfigKeys (ConfUtils.java:logGet(43)) - raft.server.leader.election.timeout = 120s (custom)
2019-07-13 14:36:57,537 INFO  server.RaftServerConfigKeys (ConfUtils.java:logGet(43)) - raft.server.log.use.memory = false (default)
2019-07-13 14:36:57,537 INFO  server.RaftServerConfigKeys (ConfUtils.java:logGet(43)) - raft.server.log.purge.gap = 1000000000 (custom)
2019-07-13 14:36:57,537 INFO  server.RaftServerConfigKeys (ConfUtils.java:logGet(43)) - raft.server.log.appender.buffer.byte-limit = 33554432 (custom)
2019-07-13 14:36:57,537 INFO  server.RaftServerConfigKeys (ConfUtils.java:logGet(43)) - raft.server.log.segment.size.max = 1048576 (custom)
2019-07-13 14:36:57,537 INFO  server.RaftServerConfigKeys (ConfUtils.java:logGet(43)) - raft.server.log.segment.cache.num.max = 2 (custom)
2019-07-13 14:36:57,538 INFO  segmented.SegmentedRaftLogWorker (SegmentedRaftLogWorker.java:<init>(172)) - new 9b5d1350-3fc6-47c1-a971-496d9ec6ae4c-SegmentedRaftLogWorker:Storage Directory /tmp/workdir/hadoop-ozone/integration-test/target/test-dir/MiniOzoneClusterImpl-16da60bc-a68b-4f57-8fc0-91e73f0642b4/datanode-1/data/ratis/f0079d77-f19a-41ce-aabb-c93d8c2ba8cb for RaftStorage:Storage Directory /tmp/workdir/hadoop-ozone/integration-test/target/test-dir/MiniOzoneClusterImpl-16da60bc-a68b-4f57-8fc0-91e73f0642b4/datanode-1/data/ratis/f0079d77-f19a-41ce-aabb-c93d8c2ba8cb
2019-07-13 14:36:57,538 INFO  server.RaftServerConfigKeys (ConfUtils.java:logGet(43)) - raft.server.log.queue.byte-limit = 2147483647 (custom)
2019-07-13 14:36:57,538 INFO  server.RaftServerConfigKeys (ConfUtils.java:logGet(43)) - raft.server.log.queue.element-limit = 1024 (custom)
2019-07-13 14:36:57,538 INFO  server.RaftServerConfigKeys (ConfUtils.java:logGet(43)) - raft.server.log.segment.size.max = 1048576 (custom)
2019-07-13 14:36:57,538 INFO  server.RaftServerConfigKeys (ConfUtils.java:logGet(43)) - raft.server.log.preallocated.size = 16384 (custom)
2019-07-13 14:36:57,539 INFO  server.RaftServerConfigKeys (ConfUtils.java:logGet(43)) - raft.server.log.write.buffer.size = 33554432 (custom)
2019-07-13 14:36:57,539 INFO  server.RaftServerConfigKeys (ConfUtils.java:logGet(43)) - raft.server.log.force.sync.num = 128 (default)
2019-07-13 14:36:57,539 INFO  server.RaftServerConfigKeys (ConfUtils.java:logGet(43)) - raft.server.log.statemachine.data.sync = true (default)
2019-07-13 14:36:57,539 INFO  server.RaftServerConfigKeys (ConfUtils.java:logGet(43)) - raft.server.log.statemachine.data.sync.timeout = 10s (default)
2019-07-13 14:36:57,539 INFO  server.RaftServerConfigKeys (ConfUtils.java:logGet(43)) - raft.server.log.statemachine.data.sync.timeout.retry = -1 (default)
2019-07-13 14:36:57,539 INFO  server.RaftServerConfigKeys (ConfUtils.java:logGet(43)) - raft.server.log.statemachine.data.caching.enabled = true (custom)
2019-07-13 14:36:57,540 INFO  segmented.SegmentedRaftLogWorker (SegmentedRaftLogWorker.java:lambda$new$0(132)) - 9b5d1350-3fc6-47c1-a971-496d9ec6ae4c-SegmentedRaftLogWorker:Storage Directory /tmp/workdir/hadoop-ozone/integration-test/target/test-dir/MiniOzoneClusterImpl-16da60bc-a68b-4f57-8fc0-91e73f0642b4/datanode-1/data/ratis/f0079d77-f19a-41ce-aabb-c93d8c2ba8cb: flushIndex: setUnconditionally 0 -> -1
2019-07-13 14:36:57,540 INFO  server.RaftServerConfigKeys (ConfUtils.java:logGet(43)) - raft.server.snapshot.auto.trigger.enabled = true (custom)
2019-07-13 14:36:57,540 INFO  server.RaftServerConfigKeys (ConfUtils.java:logGet(43)) - raft.server.snapshot.auto.trigger.threshold = 10000 (custom)
2019-07-13 14:36:57,541 INFO  server.RaftServerConfigKeys (ConfUtils.java:logGet(43)) - raft.server.retrycache.expirytime = 600000ms (custom)
2019-07-13 14:36:57,541 INFO  impl.RaftServerImpl (RaftServerImpl.java:start(180)) - 9b5d1350-3fc6-47c1-a971-496d9ec6ae4c: start group-C93D8C2BA8CB
2019-07-13 14:36:57,541 INFO  impl.RaftServerImpl (RaftServerImpl.java:setRole(171)) - 9b5d1350-3fc6-47c1-a971-496d9ec6ae4c:group-C93D8C2BA8CB changes role from null to FOLLOWER at term 0 for startAsFollower
2019-07-13 14:36:57,541 INFO  impl.RoleInfo (RoleInfo.java:updateAndGet(143)) - 9b5d1350-3fc6-47c1-a971-496d9ec6ae4c: start FollowerState
2019-07-13 14:36:57,542 INFO  util.JmxRegister (JmxRegister.java:tryRegister(44)) - Successfully registered JMX Bean with object name Ratis:service=RaftServer,group=group-C93D8C2BA8CB,id=9b5d1350-3fc6-47c1-a971-496d9ec6ae4c
2019-07-13 14:36:57,544 INFO  pipeline.PipelineStateManager (PipelineStateManager.java:addPipeline(56)) - Created pipeline Pipeline[ Id: f0079d77-f19a-41ce-aabb-c93d8c2ba8cb, Nodes: 9b5d1350-3fc6-47c1-a971-496d9ec6ae4c{ip: 192.168.5.172, host: trunk-nightly-mhs6z-4061744966, networkLocation: /default-rack, certSerialId: null}, Type:RATIS, Factor:ONE, State:OPEN]
2019-07-13 14:36:57,579 INFO  ozone.MiniOzoneClusterImpl (MiniOzoneClusterImpl.java:lambda$waitForClusterToBeReady$0(142)) - Waiting for cluster to be ready. Got 2 of 7 DN Heartbeats.
2019-07-13 14:36:57,668 INFO  node.SCMNodeManager (SCMNodeManager.java:register(269)) - Registered Data node : 1be32d53-114d-4e93-931f-dbb99198ce5c{ip: 192.168.5.172, host: trunk-nightly-mhs6z-4061744966, networkLocation: /default-rack, certSerialId: null}
2019-07-13 14:36:57,675 INFO  impl.RaftServerProxy (RaftServerProxy.java:addNew(89)) - 1be32d53-114d-4e93-931f-dbb99198ce5c: addNew group-301F1798ADE4:[1be32d53-114d-4e93-931f-dbb99198ce5c:192.168.5.172:36477] returns group-301F1798ADE4:java.util.concurrent.CompletableFuture@7e579461[Not completed]
2019-07-13 14:36:57,676 INFO  impl.RaftServerImpl (RaftServerImpl.java:<init>(93)) - 1be32d53-114d-4e93-931f-dbb99198ce5c: new RaftServerImpl for group-301F1798ADE4:[1be32d53-114d-4e93-931f-dbb99198ce5c:192.168.5.172:36477] with ContainerStateMachine:uninitialized
2019-07-13 14:36:57,676 INFO  server.RaftServerConfigKeys (ConfUtils.java:logGet(43)) - raft.server.rpc.timeout.min = 5s (custom)
2019-07-13 14:36:57,676 INFO  server.RaftServerConfigKeys (ConfUtils.java:logGet(43)) - raft.server.rpc.timeout.max = 5200ms (custom)
2019-07-13 14:36:57,676 INFO  server.RaftServerConfigKeys (ConfUtils.java:logGet(43)) - raft.server.rpcslowness.timeout = 120s (custom)
2019-07-13 14:36:57,676 INFO  server.RaftServerConfigKeys (ConfUtils.java:logGet(43)) - raft.server.sleep.deviation.threshold = 300 (default)
2019-07-13 14:36:57,677 INFO  server.RaftServerConfigKeys (ConfUtils.java:logGet(43)) - raft.server.log.appender.install.snapshot.enabled = false (custom)
2019-07-13 14:36:57,677 INFO  impl.RaftServerImpl (ServerState.java:<init>(105)) - 1be32d53-114d-4e93-931f-dbb99198ce5c:group-301F1798ADE4 ConfigurationManager, init=-1: [1be32d53-114d-4e93-931f-dbb99198ce5c:192.168.5.172:36477], old=null, confs=<EMPTY_MAP>
2019-07-13 14:36:57,677 INFO  server.RaftServerConfigKeys (ConfUtils.java:logGet(43)) - raft.server.storage.dir = [/tmp/workdir/hadoop-ozone/integration-test/target/test-dir/MiniOzoneClusterImpl-16da60bc-a68b-4f57-8fc0-91e73f0642b4/datanode-2/data/ratis] (custom)
2019-07-13 14:36:57,677 INFO  storage.RaftStorageDirectory (RaftStorageDirectory.java:analyzeStorage(246)) - The storage directory /tmp/workdir/hadoop-ozone/integration-test/target/test-dir/MiniOzoneClusterImpl-16da60bc-a68b-4f57-8fc0-91e73f0642b4/datanode-2/data/ratis/ed8fda4c-1195-4ccf-b10d-301f1798ade4 does not exist. Creating ...
2019-07-13 14:36:57,683 INFO  storage.RaftStorageDirectory (RaftStorageDirectory.java:tryLock(328)) - Lock on /tmp/workdir/hadoop-ozone/integration-test/target/test-dir/MiniOzoneClusterImpl-16da60bc-a68b-4f57-8fc0-91e73f0642b4/datanode-2/data/ratis/ed8fda4c-1195-4ccf-b10d-301f1798ade4/in_use.lock acquired by nodename 31544@trunk-nightly-mhs6z-4061744966
2019-07-13 14:36:57,687 INFO  storage.RaftStorage (RaftStorage.java:format(72)) - Storage directory /tmp/workdir/hadoop-ozone/integration-test/target/test-dir/MiniOzoneClusterImpl-16da60bc-a68b-4f57-8fc0-91e73f0642b4/datanode-2/data/ratis/ed8fda4c-1195-4ccf-b10d-301f1798ade4 has been successfully formatted.
2019-07-13 14:36:57,687 INFO  ratis.ContainerStateMachine (ContainerStateMachine.java:loadSnapshot(200)) - The snapshot info is null.Setting the last applied index to:(t:0, i:~)
2019-07-13 14:36:57,687 INFO  server.RaftServerConfigKeys (ConfUtils.java:logGet(43)) - raft.server.leader.election.timeout = 120s (custom)
2019-07-13 14:36:57,687 INFO  server.RaftServerConfigKeys (ConfUtils.java:logGet(43)) - raft.server.log.use.memory = false (default)
2019-07-13 14:36:57,687 INFO  server.RaftServerConfigKeys (ConfUtils.java:logGet(43)) - raft.server.log.purge.gap = 1000000000 (custom)
2019-07-13 14:36:57,687 INFO  server.RaftServerConfigKeys (ConfUtils.java:logGet(43)) - raft.server.log.appender.buffer.byte-limit = 33554432 (custom)
2019-07-13 14:36:57,688 INFO  server.RaftServerConfigKeys (ConfUtils.java:logGet(43)) - raft.server.log.segment.size.max = 1048576 (custom)
2019-07-13 14:36:57,688 INFO  server.RaftServerConfigKeys (ConfUtils.java:logGet(43)) - raft.server.log.segment.cache.num.max = 2 (custom)
2019-07-13 14:36:57,688 INFO  segmented.SegmentedRaftLogWorker (SegmentedRaftLogWorker.java:<init>(172)) - new 1be32d53-114d-4e93-931f-dbb99198ce5c-SegmentedRaftLogWorker:Storage Directory /tmp/workdir/hadoop-ozone/integration-test/target/test-dir/MiniOzoneClusterImpl-16da60bc-a68b-4f57-8fc0-91e73f0642b4/datanode-2/data/ratis/ed8fda4c-1195-4ccf-b10d-301f1798ade4 for RaftStorage:Storage Directory /tmp/workdir/hadoop-ozone/integration-test/target/test-dir/MiniOzoneClusterImpl-16da60bc-a68b-4f57-8fc0-91e73f0642b4/datanode-2/data/ratis/ed8fda4c-1195-4ccf-b10d-301f1798ade4
2019-07-13 14:36:57,688 INFO  server.RaftServerConfigKeys (ConfUtils.java:logGet(43)) - raft.server.log.queue.byte-limit = 2147483647 (custom)
2019-07-13 14:36:57,688 INFO  server.RaftServerConfigKeys (ConfUtils.java:logGet(43)) - raft.server.log.queue.element-limit = 1024 (custom)
2019-07-13 14:36:57,689 INFO  server.RaftServerConfigKeys (ConfUtils.java:logGet(43)) - raft.server.log.segment.size.max = 1048576 (custom)
2019-07-13 14:36:57,689 INFO  server.RaftServerConfigKeys (ConfUtils.java:logGet(43)) - raft.server.log.preallocated.size = 16384 (custom)
2019-07-13 14:36:57,689 INFO  server.RaftServerConfigKeys (ConfUtils.java:logGet(43)) - raft.server.log.write.buffer.size = 33554432 (custom)
2019-07-13 14:36:57,689 INFO  server.RaftServerConfigKeys (ConfUtils.java:logGet(43)) - raft.server.log.force.sync.num = 128 (default)
2019-07-13 14:36:57,689 INFO  server.RaftServerConfigKeys (ConfUtils.java:logGet(43)) - raft.server.log.statemachine.data.sync = true (default)
2019-07-13 14:36:57,689 INFO  server.RaftServerConfigKeys (ConfUtils.java:logGet(43)) - raft.server.log.statemachine.data.sync.timeout = 10s (default)
2019-07-13 14:36:57,689 INFO  server.RaftServerConfigKeys (ConfUtils.java:logGet(43)) - raft.server.log.statemachine.data.sync.timeout.retry = -1 (default)
2019-07-13 14:36:57,690 INFO  server.RaftServerConfigKeys (ConfUtils.java:logGet(43)) - raft.server.log.statemachine.data.caching.enabled = true (custom)
2019-07-13 14:36:57,690 INFO  segmented.SegmentedRaftLogWorker (SegmentedRaftLogWorker.java:lambda$new$0(132)) - 1be32d53-114d-4e93-931f-dbb99198ce5c-SegmentedRaftLogWorker:Storage Directory /tmp/workdir/hadoop-ozone/integration-test/target/test-dir/MiniOzoneClusterImpl-16da60bc-a68b-4f57-8fc0-91e73f0642b4/datanode-2/data/ratis/ed8fda4c-1195-4ccf-b10d-301f1798ade4: flushIndex: setUnconditionally 0 -> -1
2019-07-13 14:36:57,690 INFO  server.RaftServerConfigKeys (ConfUtils.java:logGet(43)) - raft.server.snapshot.auto.trigger.enabled = true (custom)
2019-07-13 14:36:57,691 INFO  server.RaftServerConfigKeys (ConfUtils.java:logGet(43)) - raft.server.snapshot.auto.trigger.threshold = 10000 (custom)
2019-07-13 14:36:57,691 INFO  server.RaftServerConfigKeys (ConfUtils.java:logGet(43)) - raft.server.retrycache.expirytime = 600000ms (custom)
2019-07-13 14:36:57,691 INFO  impl.RaftServerImpl (RaftServerImpl.java:start(180)) - 1be32d53-114d-4e93-931f-dbb99198ce5c: start group-301F1798ADE4
2019-07-13 14:36:57,691 INFO  impl.RaftServerImpl (RaftServerImpl.java:setRole(171)) - 1be32d53-114d-4e93-931f-dbb99198ce5c:group-301F1798ADE4 changes role from null to FOLLOWER at term 0 for startAsFollower
2019-07-13 14:36:57,691 INFO  impl.RoleInfo (RoleInfo.java:updateAndGet(143)) - 1be32d53-114d-4e93-931f-dbb99198ce5c: start FollowerState
2019-07-13 14:36:57,692 INFO  util.JmxRegister (JmxRegister.java:tryRegister(44)) - Successfully registered JMX Bean with object name Ratis:service=RaftServer,group=group-301F1798ADE4,id=1be32d53-114d-4e93-931f-dbb99198ce5c
2019-07-13 14:36:57,694 INFO  pipeline.PipelineStateManager (PipelineStateManager.java:addPipeline(56)) - Created pipeline Pipeline[ Id: ed8fda4c-1195-4ccf-b10d-301f1798ade4, Nodes: 1be32d53-114d-4e93-931f-dbb99198ce5c{ip: 192.168.5.172, host: trunk-nightly-mhs6z-4061744966, networkLocation: /default-rack, certSerialId: null}, Type:RATIS, Factor:ONE, State:OPEN]
2019-07-13 14:36:57,711 INFO  impl.RaftServerProxy (RaftServerProxy.java:addNew(89)) - 9b5d1350-3fc6-47c1-a971-496d9ec6ae4c: addNew group-8348FAD10384:[9b5d1350-3fc6-47c1-a971-496d9ec6ae4c:192.168.5.172:34125, 1be32d53-114d-4e93-931f-dbb99198ce5c:192.168.5.172:36477, 96de7e06-7a77-473f-9a3b-c9533c91019d:192.168.5.172:45944] returns group-8348FAD10384:java.util.concurrent.CompletableFuture@a080177[Not completed]
2019-07-13 14:36:57,711 INFO  impl.RaftServerProxy (RaftServerProxy.java:addNew(89)) - 1be32d53-114d-4e93-931f-dbb99198ce5c: addNew group-8348FAD10384:[9b5d1350-3fc6-47c1-a971-496d9ec6ae4c:192.168.5.172:34125, 1be32d53-114d-4e93-931f-dbb99198ce5c:192.168.5.172:36477, 96de7e06-7a77-473f-9a3b-c9533c91019d:192.168.5.172:45944] returns group-8348FAD10384:java.util.concurrent.CompletableFuture@229b2888[Not completed]
2019-07-13 14:36:57,711 INFO  impl.RaftServerProxy (RaftServerProxy.java:addNew(89)) - 96de7e06-7a77-473f-9a3b-c9533c91019d: addNew group-8348FAD10384:[9b5d1350-3fc6-47c1-a971-496d9ec6ae4c:192.168.5.172:34125, 1be32d53-114d-4e93-931f-dbb99198ce5c:192.168.5.172:36477, 96de7e06-7a77-473f-9a3b-c9533c91019d:192.168.5.172:45944] returns group-8348FAD10384:java.util.concurrent.CompletableFuture@61b7213b[Not completed]
2019-07-13 14:36:57,713 INFO  impl.RaftServerImpl (RaftServerImpl.java:<init>(93)) - 9b5d1350-3fc6-47c1-a971-496d9ec6ae4c: new RaftServerImpl for group-8348FAD10384:[9b5d1350-3fc6-47c1-a971-496d9ec6ae4c:192.168.5.172:34125, 1be32d53-114d-4e93-931f-dbb99198ce5c:192.168.5.172:36477, 96de7e06-7a77-473f-9a3b-c9533c91019d:192.168.5.172:45944] with ContainerStateMachine:uninitialized
2019-07-13 14:36:57,713 INFO  server.RaftServerConfigKeys (ConfUtils.java:logGet(43)) - raft.server.rpc.timeout.min = 5s (custom)
2019-07-13 14:36:57,713 INFO  server.RaftServerConfigKeys (ConfUtils.java:logGet(43)) - raft.server.rpc.timeout.max = 5200ms (custom)
2019-07-13 14:36:57,713 INFO  server.RaftServerConfigKeys (ConfUtils.java:logGet(43)) - raft.server.rpcslowness.timeout = 120s (custom)
2019-07-13 14:36:57,713 INFO  impl.RaftServerImpl (RaftServerImpl.java:<init>(93)) - 96de7e06-7a77-473f-9a3b-c9533c91019d: new RaftServerImpl for group-8348FAD10384:[9b5d1350-3fc6-47c1-a971-496d9ec6ae4c:192.168.5.172:34125, 1be32d53-114d-4e93-931f-dbb99198ce5c:192.168.5.172:36477, 96de7e06-7a77-473f-9a3b-c9533c91019d:192.168.5.172:45944] with ContainerStateMachine:uninitialized
2019-07-13 14:36:57,713 INFO  server.RaftServerConfigKeys (ConfUtils.java:logGet(43)) - raft.server.sleep.deviation.threshold = 300 (default)
2019-07-13 14:36:57,714 INFO  impl.RaftServerImpl (RaftServerImpl.java:<init>(93)) - 1be32d53-114d-4e93-931f-dbb99198ce5c: new RaftServerImpl for group-8348FAD10384:[9b5d1350-3fc6-47c1-a971-496d9ec6ae4c:192.168.5.172:34125, 1be32d53-114d-4e93-931f-dbb99198ce5c:192.168.5.172:36477, 96de7e06-7a77-473f-9a3b-c9533c91019d:192.168.5.172:45944] with ContainerStateMachine:uninitialized
2019-07-13 14:36:57,714 INFO  server.RaftServerConfigKeys (ConfUtils.java:logGet(43)) - raft.server.rpc.timeout.min = 5s (custom)
2019-07-13 14:36:57,714 INFO  server.RaftServerConfigKeys (ConfUtils.java:logGet(43)) - raft.server.rpc.timeout.min = 5s (custom)
2019-07-13 14:36:57,714 INFO  server.RaftServerConfigKeys (ConfUtils.java:logGet(43)) - raft.server.rpc.timeout.max = 5200ms (custom)
2019-07-13 14:36:57,714 INFO  server.RaftServerConfigKeys (ConfUtils.java:logGet(43)) - raft.server.log.appender.install.snapshot.enabled = false (custom)
2019-07-13 14:36:57,714 INFO  server.RaftServerConfigKeys (ConfUtils.java:logGet(43)) - raft.server.rpcslowness.timeout = 120s (custom)
2019-07-13 14:36:57,714 INFO  server.RaftServerConfigKeys (ConfUtils.java:logGet(43)) - raft.server.sleep.deviation.threshold = 300 (default)
2019-07-13 14:36:57,714 INFO  server.RaftServerConfigKeys (ConfUtils.java:logGet(43)) - raft.server.rpc.timeout.max = 5200ms (custom)
2019-07-13 14:36:57,715 INFO  server.RaftServerConfigKeys (ConfUtils.java:logGet(43)) - raft.server.log.appender.install.snapshot.enabled = false (custom)
2019-07-13 14:36:57,714 INFO  impl.RaftServerImpl (ServerState.java:<init>(105)) - 9b5d1350-3fc6-47c1-a971-496d9ec6ae4c:group-8348FAD10384 ConfigurationManager, init=-1: [9b5d1350-3fc6-47c1-a971-496d9ec6ae4c:192.168.5.172:34125, 1be32d53-114d-4e93-931f-dbb99198ce5c:192.168.5.172:36477, 96de7e06-7a77-473f-9a3b-c9533c91019d:192.168.5.172:45944], old=null, confs=<EMPTY_MAP>
2019-07-13 14:36:57,715 INFO  impl.RaftServerImpl (ServerState.java:<init>(105)) - 1be32d53-114d-4e93-931f-dbb99198ce5c:group-8348FAD10384 ConfigurationManager, init=-1: [9b5d1350-3fc6-47c1-a971-496d9ec6ae4c:192.168.5.172:34125, 1be32d53-114d-4e93-931f-dbb99198ce5c:192.168.5.172:36477, 96de7e06-7a77-473f-9a3b-c9533c91019d:192.168.5.172:45944], old=null, confs=<EMPTY_MAP>
2019-07-13 14:36:57,715 INFO  server.RaftServerConfigKeys (ConfUtils.java:logGet(43)) - raft.server.rpcslowness.timeout = 120s (custom)
2019-07-13 14:36:57,715 INFO  server.RaftServerConfigKeys (ConfUtils.java:logGet(43)) - raft.server.storage.dir = [/tmp/workdir/hadoop-ozone/integration-test/target/test-dir/MiniOzoneClusterImpl-16da60bc-a68b-4f57-8fc0-91e73f0642b4/datanode-2/data/ratis] (custom)
2019-07-13 14:36:57,715 INFO  server.RaftServerConfigKeys (ConfUtils.java:logGet(43)) - raft.server.storage.dir = [/tmp/workdir/hadoop-ozone/integration-test/target/test-dir/MiniOzoneClusterImpl-16da60bc-a68b-4f57-8fc0-91e73f0642b4/datanode-1/data/ratis] (custom)
2019-07-13 14:36:57,715 INFO  server.RaftServerConfigKeys (ConfUtils.java:logGet(43)) - raft.server.sleep.deviation.threshold = 300 (default)
2019-07-13 14:36:57,716 INFO  storage.RaftStorageDirectory (RaftStorageDirectory.java:analyzeStorage(246)) - The storage directory /tmp/workdir/hadoop-ozone/integration-test/target/test-dir/MiniOzoneClusterImpl-16da60bc-a68b-4f57-8fc0-91e73f0642b4/datanode-2/data/ratis/95da9ee4-4d19-4f55-b326-8348fad10384 does not exist. Creating ...
2019-07-13 14:36:57,716 INFO  storage.RaftStorageDirectory (RaftStorageDirectory.java:analyzeStorage(246)) - The storage directory /tmp/workdir/hadoop-ozone/integration-test/target/test-dir/MiniOzoneClusterImpl-16da60bc-a68b-4f57-8fc0-91e73f0642b4/datanode-1/data/ratis/95da9ee4-4d19-4f55-b326-8348fad10384 does not exist. Creating ...
2019-07-13 14:36:57,716 INFO  server.RaftServerConfigKeys (ConfUtils.java:logGet(43)) - raft.server.log.appender.install.snapshot.enabled = false (custom)
2019-07-13 14:36:57,716 INFO  impl.RaftServerImpl (ServerState.java:<init>(105)) - 96de7e06-7a77-473f-9a3b-c9533c91019d:group-8348FAD10384 ConfigurationManager, init=-1: [9b5d1350-3fc6-47c1-a971-496d9ec6ae4c:192.168.5.172:34125, 1be32d53-114d-4e93-931f-dbb99198ce5c:192.168.5.172:36477, 96de7e06-7a77-473f-9a3b-c9533c91019d:192.168.5.172:45944], old=null, confs=<EMPTY_MAP>
2019-07-13 14:36:57,716 INFO  server.RaftServerConfigKeys (ConfUtils.java:logGet(43)) - raft.server.storage.dir = [/tmp/workdir/hadoop-ozone/integration-test/target/test-dir/MiniOzoneClusterImpl-16da60bc-a68b-4f57-8fc0-91e73f0642b4/datanode-0/data/ratis] (custom)
2019-07-13 14:36:57,717 INFO  storage.RaftStorageDirectory (RaftStorageDirectory.java:analyzeStorage(246)) - The storage directory /tmp/workdir/hadoop-ozone/integration-test/target/test-dir/MiniOzoneClusterImpl-16da60bc-a68b-4f57-8fc0-91e73f0642b4/datanode-0/data/ratis/95da9ee4-4d19-4f55-b326-8348fad10384 does not exist. Creating ...
2019-07-13 14:36:57,721 INFO  storage.RaftStorageDirectory (RaftStorageDirectory.java:tryLock(328)) - Lock on /tmp/workdir/hadoop-ozone/integration-test/target/test-dir/MiniOzoneClusterImpl-16da60bc-a68b-4f57-8fc0-91e73f0642b4/datanode-0/data/ratis/95da9ee4-4d19-4f55-b326-8348fad10384/in_use.lock acquired by nodename 31544@trunk-nightly-mhs6z-4061744966
2019-07-13 14:36:57,721 INFO  storage.RaftStorageDirectory (RaftStorageDirectory.java:tryLock(328)) - Lock on /tmp/workdir/hadoop-ozone/integration-test/target/test-dir/MiniOzoneClusterImpl-16da60bc-a68b-4f57-8fc0-91e73f0642b4/datanode-2/data/ratis/95da9ee4-4d19-4f55-b326-8348fad10384/in_use.lock acquired by nodename 31544@trunk-nightly-mhs6z-4061744966
2019-07-13 14:36:57,721 INFO  storage.RaftStorageDirectory (RaftStorageDirectory.java:tryLock(328)) - Lock on /tmp/workdir/hadoop-ozone/integration-test/target/test-dir/MiniOzoneClusterImpl-16da60bc-a68b-4f57-8fc0-91e73f0642b4/datanode-1/data/ratis/95da9ee4-4d19-4f55-b326-8348fad10384/in_use.lock acquired by nodename 31544@trunk-nightly-mhs6z-4061744966
2019-07-13 14:36:57,728 INFO  storage.RaftStorage (RaftStorage.java:format(72)) - Storage directory /tmp/workdir/hadoop-ozone/integration-test/target/test-dir/MiniOzoneClusterImpl-16da60bc-a68b-4f57-8fc0-91e73f0642b4/datanode-0/data/ratis/95da9ee4-4d19-4f55-b326-8348fad10384 has been successfully formatted.
2019-07-13 14:36:57,728 INFO  storage.RaftStorage (RaftStorage.java:format(72)) - Storage directory /tmp/workdir/hadoop-ozone/integration-test/target/test-dir/MiniOzoneClusterImpl-16da60bc-a68b-4f57-8fc0-91e73f0642b4/datanode-2/data/ratis/95da9ee4-4d19-4f55-b326-8348fad10384 has been successfully formatted.
2019-07-13 14:36:57,728 INFO  storage.RaftStorage (RaftStorage.java:format(72)) - Storage directory /tmp/workdir/hadoop-ozone/integration-test/target/test-dir/MiniOzoneClusterImpl-16da60bc-a68b-4f57-8fc0-91e73f0642b4/datanode-1/data/ratis/95da9ee4-4d19-4f55-b326-8348fad10384 has been successfully formatted.
2019-07-13 14:36:57,728 INFO  ratis.ContainerStateMachine (ContainerStateMachine.java:loadSnapshot(200)) - The snapshot info is null.Setting the last applied index to:(t:0, i:~)
2019-07-13 14:36:57,728 INFO  ratis.ContainerStateMachine (ContainerStateMachine.java:loadSnapshot(200)) - The snapshot info is null.Setting the last applied index to:(t:0, i:~)
2019-07-13 14:36:57,728 INFO  server.RaftServerConfigKeys (ConfUtils.java:logGet(43)) - raft.server.leader.election.timeout = 120s (custom)
2019-07-13 14:36:57,728 INFO  ratis.ContainerStateMachine (ContainerStateMachine.java:loadSnapshot(200)) - The snapshot info is null.Setting the last applied index to:(t:0, i:~)
2019-07-13 14:36:57,728 INFO  server.RaftServerConfigKeys (ConfUtils.java:logGet(43)) - raft.server.log.use.memory = false (default)
2019-07-13 14:36:57,728 INFO  server.RaftServerConfigKeys (ConfUtils.java:logGet(43)) - raft.server.leader.election.timeout = 120s (custom)
2019-07-13 14:36:57,729 INFO  server.RaftServerConfigKeys (ConfUtils.java:logGet(43)) - raft.server.log.purge.gap = 1000000000 (custom)
2019-07-13 14:36:57,729 INFO  server.RaftServerConfigKeys (ConfUtils.java:logGet(43)) - raft.server.leader.election.timeout = 120s (custom)
2019-07-13 14:36:57,729 INFO  server.RaftServerConfigKeys (ConfUtils.java:logGet(43)) - raft.server.log.appender.buffer.byte-limit = 33554432 (custom)
2019-07-13 14:36:57,729 INFO  server.RaftServerConfigKeys (ConfUtils.java:logGet(43)) - raft.server.log.use.memory = false (default)
2019-07-13 14:36:57,729 INFO  server.RaftServerConfigKeys (ConfUtils.java:logGet(43)) - raft.server.log.segment.size.max = 1048576 (custom)
2019-07-13 14:36:57,729 INFO  server.RaftServerConfigKeys (ConfUtils.java:logGet(43)) - raft.server.log.use.memory = false (default)
2019-07-13 14:36:57,730 INFO  server.RaftServerConfigKeys (ConfUtils.java:logGet(43)) - raft.server.log.segment.cache.num.max = 2 (custom)
2019-07-13 14:36:57,729 INFO  server.RaftServerConfigKeys (ConfUtils.java:logGet(43)) - raft.server.log.purge.gap = 1000000000 (custom)
2019-07-13 14:36:57,730 INFO  segmented.SegmentedRaftLogWorker (SegmentedRaftLogWorker.java:<init>(172)) - new 1be32d53-114d-4e93-931f-dbb99198ce5c-SegmentedRaftLogWorker:Storage Directory /tmp/workdir/hadoop-ozone/integration-test/target/test-dir/MiniOzoneClusterImpl-16da60bc-a68b-4f57-8fc0-91e73f0642b4/datanode-2/data/ratis/95da9ee4-4d19-4f55-b326-8348fad10384 for RaftStorage:Storage Directory /tmp/workdir/hadoop-ozone/integration-test/target/test-dir/MiniOzoneClusterImpl-16da60bc-a68b-4f57-8fc0-91e73f0642b4/datanode-2/data/ratis/95da9ee4-4d19-4f55-b326-8348fad10384
2019-07-13 14:36:57,730 INFO  server.RaftServerConfigKeys (ConfUtils.java:logGet(43)) - raft.server.log.purge.gap = 1000000000 (custom)
2019-07-13 14:36:57,730 INFO  server.RaftServerConfigKeys (ConfUtils.java:logGet(43)) - raft.server.log.queue.byte-limit = 2147483647 (custom)
2019-07-13 14:36:57,730 INFO  server.RaftServerConfigKeys (ConfUtils.java:logGet(43)) - raft.server.log.queue.element-limit = 1024 (custom)
2019-07-13 14:36:57,730 INFO  server.RaftServerConfigKeys (ConfUtils.java:logGet(43)) - raft.server.log.appender.buffer.byte-limit = 33554432 (custom)
2019-07-13 14:36:57,730 INFO  server.RaftServerConfigKeys (ConfUtils.java:logGet(43)) - raft.server.log.segment.size.max = 1048576 (custom)
2019-07-13 14:36:57,730 INFO  server.RaftServerConfigKeys (ConfUtils.java:logGet(43)) - raft.server.log.appender.buffer.byte-limit = 33554432 (custom)
2019-07-13 14:36:57,731 INFO  server.RaftServerConfigKeys (ConfUtils.java:logGet(43)) - raft.server.log.preallocated.size = 16384 (custom)
2019-07-13 14:36:57,731 INFO  server.RaftServerConfigKeys (ConfUtils.java:logGet(43)) - raft.server.log.segment.size.max = 1048576 (custom)
2019-07-13 14:36:57,731 INFO  server.RaftServerConfigKeys (ConfUtils.java:logGet(43)) - raft.server.log.write.buffer.size = 33554432 (custom)
2019-07-13 14:36:57,731 INFO  server.RaftServerConfigKeys (ConfUtils.java:logGet(43)) - raft.server.log.segment.size.max = 1048576 (custom)
2019-07-13 14:36:57,731 INFO  server.RaftServerConfigKeys (ConfUtils.java:logGet(43)) - raft.server.log.force.sync.num = 128 (default)
2019-07-13 14:36:57,731 INFO  server.RaftServerConfigKeys (ConfUtils.java:logGet(43)) - raft.server.log.statemachine.data.sync = true (default)
2019-07-13 14:36:57,731 INFO  server.RaftServerConfigKeys (ConfUtils.java:logGet(43)) - raft.server.log.segment.cache.num.max = 2 (custom)
2019-07-13 14:36:57,732 INFO  server.RaftServerConfigKeys (ConfUtils.java:logGet(43)) - raft.server.log.statemachine.data.sync.timeout = 10s (default)
2019-07-13 14:36:57,731 INFO  server.RaftServerConfigKeys (ConfUtils.java:logGet(43)) - raft.server.log.segment.cache.num.max = 2 (custom)
2019-07-13 14:36:57,732 INFO  server.RaftServerConfigKeys (ConfUtils.java:logGet(43)) - raft.server.log.statemachine.data.sync.timeout.retry = -1 (default)
2019-07-13 14:36:57,732 INFO  segmented.SegmentedRaftLogWorker (SegmentedRaftLogWorker.java:<init>(172)) - new 96de7e06-7a77-473f-9a3b-c9533c91019d-SegmentedRaftLogWorker:Storage Directory /tmp/workdir/hadoop-ozone/integration-test/target/test-dir/MiniOzoneClusterImpl-16da60bc-a68b-4f57-8fc0-91e73f0642b4/datanode-0/data/ratis/95da9ee4-4d19-4f55-b326-8348fad10384 for RaftStorage:Storage Directory /tmp/workdir/hadoop-ozone/integration-test/target/test-dir/MiniOzoneClusterImpl-16da60bc-a68b-4f57-8fc0-91e73f0642b4/datanode-0/data/ratis/95da9ee4-4d19-4f55-b326-8348fad10384
2019-07-13 14:36:57,732 INFO  server.RaftServerConfigKeys (ConfUtils.java:logGet(43)) - raft.server.log.statemachine.data.caching.enabled = true (custom)
2019-07-13 14:36:57,732 INFO  segmented.SegmentedRaftLogWorker (SegmentedRaftLogWorker.java:<init>(172)) - new 9b5d1350-3fc6-47c1-a971-496d9ec6ae4c-SegmentedRaftLogWorker:Storage Directory /tmp/workdir/hadoop-ozone/integration-test/target/test-dir/MiniOzoneClusterImpl-16da60bc-a68b-4f57-8fc0-91e73f0642b4/datanode-1/data/ratis/95da9ee4-4d19-4f55-b326-8348fad10384 for RaftStorage:Storage Directory /tmp/workdir/hadoop-ozone/integration-test/target/test-dir/MiniOzoneClusterImpl-16da60bc-a68b-4f57-8fc0-91e73f0642b4/datanode-1/data/ratis/95da9ee4-4d19-4f55-b326-8348fad10384
2019-07-13 14:36:57,732 INFO  segmented.SegmentedRaftLogWorker (SegmentedRaftLogWorker.java:lambda$new$0(132)) - 1be32d53-114d-4e93-931f-dbb99198ce5c-SegmentedRaftLogWorker:Storage Directory /tmp/workdir/hadoop-ozone/integration-test/target/test-dir/MiniOzoneClusterImpl-16da60bc-a68b-4f57-8fc0-91e73f0642b4/datanode-2/data/ratis/95da9ee4-4d19-4f55-b326-8348fad10384: flushIndex: setUnconditionally 0 -> -1
2019-07-13 14:36:57,732 INFO  server.RaftServerConfigKeys (ConfUtils.java:logGet(43)) - raft.server.log.queue.byte-limit = 2147483647 (custom)
2019-07-13 14:36:57,732 INFO  server.RaftServerConfigKeys (ConfUtils.java:logGet(43)) - raft.server.log.queue.byte-limit = 2147483647 (custom)
2019-07-13 14:36:57,733 INFO  server.RaftServerConfigKeys (ConfUtils.java:logGet(43)) - raft.server.snapshot.auto.trigger.enabled = true (custom)
2019-07-13 14:36:57,733 INFO  server.RaftServerConfigKeys (ConfUtils.java:logGet(43)) - raft.server.log.queue.element-limit = 1024 (custom)
2019-07-13 14:36:57,733 INFO  server.RaftServerConfigKeys (ConfUtils.java:logGet(43)) - raft.server.snapshot.auto.trigger.threshold = 10000 (custom)
2019-07-13 14:36:57,733 INFO  server.RaftServerConfigKeys (ConfUtils.java:logGet(43)) - raft.server.log.queue.element-limit = 1024 (custom)
2019-07-13 14:36:57,733 INFO  server.RaftServerConfigKeys (ConfUtils.java:logGet(43)) - raft.server.retrycache.expirytime = 600000ms (custom)
2019-07-13 14:36:57,733 INFO  server.RaftServerConfigKeys (ConfUtils.java:logGet(43)) - raft.server.log.segment.size.max = 1048576 (custom)
2019-07-13 14:36:57,733 INFO  impl.RaftServerImpl (RaftServerImpl.java:start(180)) - 1be32d53-114d-4e93-931f-dbb99198ce5c: start group-8348FAD10384
2019-07-13 14:36:57,733 INFO  server.RaftServerConfigKeys (ConfUtils.java:logGet(43)) - raft.server.log.segment.size.max = 1048576 (custom)
2019-07-13 14:36:57,734 INFO  impl.RaftServerImpl (RaftServerImpl.java:setRole(171)) - 1be32d53-114d-4e93-931f-dbb99198ce5c:group-8348FAD10384 changes role from null to FOLLOWER at term 0 for startAsFollower
2019-07-13 14:36:57,734 INFO  server.RaftServerConfigKeys (ConfUtils.java:logGet(43)) - raft.server.log.preallocated.size = 16384 (custom)
2019-07-13 14:36:57,734 INFO  impl.RoleInfo (RoleInfo.java:updateAndGet(143)) - 1be32d53-114d-4e93-931f-dbb99198ce5c: start FollowerState
2019-07-13 14:36:57,734 INFO  server.RaftServerConfigKeys (ConfUtils.java:logGet(43)) - raft.server.log.preallocated.size = 16384 (custom)
2019-07-13 14:36:57,734 INFO  server.RaftServerConfigKeys (ConfUtils.java:logGet(43)) - raft.server.log.write.buffer.size = 33554432 (custom)
2019-07-13 14:36:57,734 INFO  util.JmxRegister (JmxRegister.java:tryRegister(44)) - Successfully registered JMX Bean with object name Ratis:service=RaftServer,group=group-8348FAD10384,id=1be32d53-114d-4e93-931f-dbb99198ce5c
2019-07-13 14:36:57,734 INFO  server.RaftServerConfigKeys (ConfUtils.java:logGet(43)) - raft.server.log.write.buffer.size = 33554432 (custom)
2019-07-13 14:36:57,735 INFO  server.RaftServerConfigKeys (ConfUtils.java:logGet(43)) - raft.server.log.force.sync.num = 128 (default)
2019-07-13 14:36:57,735 INFO  server.RaftServerConfigKeys (ConfUtils.java:logGet(43)) - raft.server.log.force.sync.num = 128 (default)
2019-07-13 14:36:57,735 INFO  server.RaftServerConfigKeys (ConfUtils.java:logGet(43)) - raft.server.log.statemachine.data.sync = true (default)
2019-07-13 14:36:57,735 INFO  server.RaftServerConfigKeys (ConfUtils.java:logGet(43)) - raft.server.log.statemachine.data.sync = true (default)
2019-07-13 14:36:57,735 INFO  server.RaftServerConfigKeys (ConfUtils.java:logGet(43)) - raft.server.log.statemachine.data.sync.timeout = 10s (default)
2019-07-13 14:36:57,735 INFO  server.RaftServerConfigKeys (ConfUtils.java:logGet(43)) - raft.server.log.statemachine.data.sync.timeout = 10s (default)
2019-07-13 14:36:57,736 INFO  server.RaftServerConfigKeys (ConfUtils.java:logGet(43)) - raft.server.log.statemachine.data.sync.timeout.retry = -1 (default)
2019-07-13 14:36:57,736 INFO  server.RaftServerConfigKeys (ConfUtils.java:logGet(43)) - raft.server.log.statemachine.data.sync.timeout.retry = -1 (default)
2019-07-13 14:36:57,736 INFO  server.RaftServerConfigKeys (ConfUtils.java:logGet(43)) - raft.server.log.statemachine.data.caching.enabled = true (custom)
2019-07-13 14:36:57,736 INFO  server.RaftServerConfigKeys (ConfUtils.java:logGet(43)) - raft.server.log.statemachine.data.caching.enabled = true (custom)
2019-07-13 14:36:57,736 INFO  segmented.SegmentedRaftLogWorker (SegmentedRaftLogWorker.java:lambda$new$0(132)) - 96de7e06-7a77-473f-9a3b-c9533c91019d-SegmentedRaftLogWorker:Storage Directory /tmp/workdir/hadoop-ozone/integration-test/target/test-dir/MiniOzoneClusterImpl-16da60bc-a68b-4f57-8fc0-91e73f0642b4/datanode-0/data/ratis/95da9ee4-4d19-4f55-b326-8348fad10384: flushIndex: setUnconditionally 0 -> -1
2019-07-13 14:36:57,736 INFO  segmented.SegmentedRaftLogWorker (SegmentedRaftLogWorker.java:lambda$new$0(132)) - 9b5d1350-3fc6-47c1-a971-496d9ec6ae4c-SegmentedRaftLogWorker:Storage Directory /tmp/workdir/hadoop-ozone/integration-test/target/test-dir/MiniOzoneClusterImpl-16da60bc-a68b-4f57-8fc0-91e73f0642b4/datanode-1/data/ratis/95da9ee4-4d19-4f55-b326-8348fad10384: flushIndex: setUnconditionally 0 -> -1
2019-07-13 14:36:57,737 INFO  server.RaftServerConfigKeys (ConfUtils.java:logGet(43)) - raft.server.snapshot.auto.trigger.enabled = true (custom)
2019-07-13 14:36:57,737 INFO  server.RaftServerConfigKeys (ConfUtils.java:logGet(43)) - raft.server.snapshot.auto.trigger.threshold = 10000 (custom)
2019-07-13 14:36:57,737 INFO  server.RaftServerConfigKeys (ConfUtils.java:logGet(43)) - raft.server.snapshot.auto.trigger.enabled = true (custom)
2019-07-13 14:36:57,737 INFO  server.RaftServerConfigKeys (ConfUtils.java:logGet(43)) - raft.server.retrycache.expirytime = 600000ms (custom)
2019-07-13 14:36:57,737 INFO  server.RaftServerConfigKeys (ConfUtils.java:logGet(43)) - raft.server.snapshot.auto.trigger.threshold = 10000 (custom)
2019-07-13 14:36:57,737 INFO  impl.RaftServerImpl (RaftServerImpl.java:start(180)) - 96de7e06-7a77-473f-9a3b-c9533c91019d: start group-8348FAD10384
2019-07-13 14:36:57,737 INFO  server.RaftServerConfigKeys (ConfUtils.java:logGet(43)) - raft.server.retrycache.expirytime = 600000ms (custom)
2019-07-13 14:36:57,737 INFO  impl.RaftServerImpl (RaftServerImpl.java:setRole(171)) - 96de7e06-7a77-473f-9a3b-c9533c91019d:group-8348FAD10384 changes role from null to FOLLOWER at term 0 for startAsFollower
2019-07-13 14:36:57,738 INFO  impl.RaftServerImpl (RaftServerImpl.java:start(180)) - 9b5d1350-3fc6-47c1-a971-496d9ec6ae4c: start group-8348FAD10384
2019-07-13 14:36:57,738 INFO  impl.RoleInfo (RoleInfo.java:updateAndGet(143)) - 96de7e06-7a77-473f-9a3b-c9533c91019d: start FollowerState
2019-07-13 14:36:57,738 INFO  impl.RaftServerImpl (RaftServerImpl.java:setRole(171)) - 9b5d1350-3fc6-47c1-a971-496d9ec6ae4c:group-8348FAD10384 changes role from null to FOLLOWER at term 0 for startAsFollower
2019-07-13 14:36:57,738 INFO  impl.RoleInfo (RoleInfo.java:updateAndGet(143)) - 9b5d1350-3fc6-47c1-a971-496d9ec6ae4c: start FollowerState
2019-07-13 14:36:57,738 INFO  util.JmxRegister (JmxRegister.java:tryRegister(44)) - Successfully registered JMX Bean with object name Ratis:service=RaftServer,group=group-8348FAD10384,id=96de7e06-7a77-473f-9a3b-c9533c91019d
2019-07-13 14:36:57,738 INFO  util.JmxRegister (JmxRegister.java:tryRegister(44)) - Successfully registered JMX Bean with object name Ratis:service=RaftServer,group=group-8348FAD10384,id=9b5d1350-3fc6-47c1-a971-496d9ec6ae4c
2019-07-13 14:36:57,742 INFO  pipeline.PipelineStateManager (PipelineStateManager.java:addPipeline(56)) - Created pipeline Pipeline[ Id: 95da9ee4-4d19-4f55-b326-8348fad10384, Nodes: 96de7e06-7a77-473f-9a3b-c9533c91019d{ip: 192.168.5.172, host: trunk-nightly-mhs6z-4061744966, networkLocation: /default-rack, certSerialId: null}9b5d1350-3fc6-47c1-a971-496d9ec6ae4c{ip: 192.168.5.172, host: trunk-nightly-mhs6z-4061744966, networkLocation: /default-rack, certSerialId: null}1be32d53-114d-4e93-931f-dbb99198ce5c{ip: 192.168.5.172, host: trunk-nightly-mhs6z-4061744966, networkLocation: /default-rack, certSerialId: null}, Type:RATIS, Factor:THREE, State:OPEN]
2019-07-13 14:36:57,848 INFO  node.SCMNodeManager (SCMNodeManager.java:register(269)) - Registered Data node : 894dc0c2-216a-4430-b056-07ea893b2db1{ip: 192.168.5.172, host: trunk-nightly-mhs6z-4061744966, networkLocation: /default-rack, certSerialId: null}
2019-07-13 14:36:57,856 INFO  impl.RaftServerProxy (RaftServerProxy.java:addNew(89)) - 894dc0c2-216a-4430-b056-07ea893b2db1: addNew group-5C8DC1E16112:[894dc0c2-216a-4430-b056-07ea893b2db1:192.168.5.172:36516] returns group-5C8DC1E16112:java.util.concurrent.CompletableFuture@68ad4ae8[Not completed]
2019-07-13 14:36:57,857 INFO  impl.RaftServerImpl (RaftServerImpl.java:<init>(93)) - 894dc0c2-216a-4430-b056-07ea893b2db1: new RaftServerImpl for group-5C8DC1E16112:[894dc0c2-216a-4430-b056-07ea893b2db1:192.168.5.172:36516] with ContainerStateMachine:uninitialized
2019-07-13 14:36:57,857 INFO  server.RaftServerConfigKeys (ConfUtils.java:logGet(43)) - raft.server.rpc.timeout.min = 5s (custom)
2019-07-13 14:36:57,858 INFO  server.RaftServerConfigKeys (ConfUtils.java:logGet(43)) - raft.server.rpc.timeout.max = 5200ms (custom)
2019-07-13 14:36:57,858 INFO  server.RaftServerConfigKeys (ConfUtils.java:logGet(43)) - raft.server.rpcslowness.timeout = 120s (custom)
2019-07-13 14:36:57,858 INFO  server.RaftServerConfigKeys (ConfUtils.java:logGet(43)) - raft.server.sleep.deviation.threshold = 300 (default)
2019-07-13 14:36:57,858 INFO  server.RaftServerConfigKeys (ConfUtils.java:logGet(43)) - raft.server.log.appender.install.snapshot.enabled = false (custom)
2019-07-13 14:36:57,858 INFO  impl.RaftServerImpl (ServerState.java:<init>(105)) - 894dc0c2-216a-4430-b056-07ea893b2db1:group-5C8DC1E16112 ConfigurationManager, init=-1: [894dc0c2-216a-4430-b056-07ea893b2db1:192.168.5.172:36516], old=null, confs=<EMPTY_MAP>
2019-07-13 14:36:57,858 INFO  server.RaftServerConfigKeys (ConfUtils.java:logGet(43)) - raft.server.storage.dir = [/tmp/workdir/hadoop-ozone/integration-test/target/test-dir/MiniOzoneClusterImpl-16da60bc-a68b-4f57-8fc0-91e73f0642b4/datanode-3/data/ratis] (custom)
2019-07-13 14:36:57,859 INFO  storage.RaftStorageDirectory (RaftStorageDirectory.java:analyzeStorage(246)) - The storage directory /tmp/workdir/hadoop-ozone/integration-test/target/test-dir/MiniOzoneClusterImpl-16da60bc-a68b-4f57-8fc0-91e73f0642b4/datanode-3/data/ratis/5cd9856a-832e-4fa0-b0bd-5c8dc1e16112 does not exist. Creating ...
2019-07-13 14:36:57,871 INFO  storage.RaftStorageDirectory (RaftStorageDirectory.java:tryLock(328)) - Lock on /tmp/workdir/hadoop-ozone/integration-test/target/test-dir/MiniOzoneClusterImpl-16da60bc-a68b-4f57-8fc0-91e73f0642b4/datanode-3/data/ratis/5cd9856a-832e-4fa0-b0bd-5c8dc1e16112/in_use.lock acquired by nodename 31544@trunk-nightly-mhs6z-4061744966
2019-07-13 14:36:57,876 INFO  storage.RaftStorage (RaftStorage.java:format(72)) - Storage directory /tmp/workdir/hadoop-ozone/integration-test/target/test-dir/MiniOzoneClusterImpl-16da60bc-a68b-4f57-8fc0-91e73f0642b4/datanode-3/data/ratis/5cd9856a-832e-4fa0-b0bd-5c8dc1e16112 has been successfully formatted.
2019-07-13 14:36:57,877 INFO  ratis.ContainerStateMachine (ContainerStateMachine.java:loadSnapshot(200)) - The snapshot info is null.Setting the last applied index to:(t:0, i:~)
2019-07-13 14:36:57,877 INFO  server.RaftServerConfigKeys (ConfUtils.java:logGet(43)) - raft.server.leader.election.timeout = 120s (custom)
2019-07-13 14:36:57,877 INFO  server.RaftServerConfigKeys (ConfUtils.java:logGet(43)) - raft.server.log.use.memory = false (default)
2019-07-13 14:36:57,877 INFO  server.RaftServerConfigKeys (ConfUtils.java:logGet(43)) - raft.server.log.purge.gap = 1000000000 (custom)
2019-07-13 14:36:57,877 INFO  server.RaftServerConfigKeys (ConfUtils.java:logGet(43)) - raft.server.log.appender.buffer.byte-limit = 33554432 (custom)
2019-07-13 14:36:57,877 INFO  server.RaftServerConfigKeys (ConfUtils.java:logGet(43)) - raft.server.log.segment.size.max = 1048576 (custom)
2019-07-13 14:36:57,877 INFO  server.RaftServerConfigKeys (ConfUtils.java:logGet(43)) - raft.server.log.segment.cache.num.max = 2 (custom)
2019-07-13 14:36:57,878 INFO  segmented.SegmentedRaftLogWorker (SegmentedRaftLogWorker.java:<init>(172)) - new 894dc0c2-216a-4430-b056-07ea893b2db1-SegmentedRaftLogWorker:Storage Directory /tmp/workdir/hadoop-ozone/integration-test/target/test-dir/MiniOzoneClusterImpl-16da60bc-a68b-4f57-8fc0-91e73f0642b4/datanode-3/data/ratis/5cd9856a-832e-4fa0-b0bd-5c8dc1e16112 for RaftStorage:Storage Directory /tmp/workdir/hadoop-ozone/integration-test/target/test-dir/MiniOzoneClusterImpl-16da60bc-a68b-4f57-8fc0-91e73f0642b4/datanode-3/data/ratis/5cd9856a-832e-4fa0-b0bd-5c8dc1e16112
2019-07-13 14:36:57,878 INFO  server.RaftServerConfigKeys (ConfUtils.java:logGet(43)) - raft.server.log.queue.byte-limit = 2147483647 (custom)
2019-07-13 14:36:57,878 INFO  server.RaftServerConfigKeys (ConfUtils.java:logGet(43)) - raft.server.log.queue.element-limit = 1024 (custom)
2019-07-13 14:36:57,878 INFO  server.RaftServerConfigKeys (ConfUtils.java:logGet(43)) - raft.server.log.segment.size.max = 1048576 (custom)
2019-07-13 14:36:57,878 INFO  server.RaftServerConfigKeys (ConfUtils.java:logGet(43)) - raft.server.log.preallocated.size = 16384 (custom)
2019-07-13 14:36:57,878 INFO  server.RaftServerConfigKeys (ConfUtils.java:logGet(43)) - raft.server.log.write.buffer.size = 33554432 (custom)
2019-07-13 14:36:57,879 INFO  server.RaftServerConfigKeys (ConfUtils.java:logGet(43)) - raft.server.log.force.sync.num = 128 (default)
2019-07-13 14:36:57,879 INFO  server.RaftServerConfigKeys (ConfUtils.java:logGet(43)) - raft.server.log.statemachine.data.sync = true (default)
2019-07-13 14:36:57,879 INFO  server.RaftServerConfigKeys (ConfUtils.java:logGet(43)) - raft.server.log.statemachine.data.sync.timeout = 10s (default)
2019-07-13 14:36:57,879 INFO  server.RaftServerConfigKeys (ConfUtils.java:logGet(43)) - raft.server.log.statemachine.data.sync.timeout.retry = -1 (default)
2019-07-13 14:36:57,879 INFO  server.RaftServerConfigKeys (ConfUtils.java:logGet(43)) - raft.server.log.statemachine.data.caching.enabled = true (custom)
2019-07-13 14:36:57,880 INFO  segmented.SegmentedRaftLogWorker (SegmentedRaftLogWorker.java:lambda$new$0(132)) - 894dc0c2-216a-4430-b056-07ea893b2db1-SegmentedRaftLogWorker:Storage Directory /tmp/workdir/hadoop-ozone/integration-test/target/test-dir/MiniOzoneClusterImpl-16da60bc-a68b-4f57-8fc0-91e73f0642b4/datanode-3/data/ratis/5cd9856a-832e-4fa0-b0bd-5c8dc1e16112: flushIndex: setUnconditionally 0 -> -1
2019-07-13 14:36:57,880 INFO  server.RaftServerConfigKeys (ConfUtils.java:logGet(43)) - raft.server.snapshot.auto.trigger.enabled = true (custom)
2019-07-13 14:36:57,880 INFO  server.RaftServerConfigKeys (ConfUtils.java:logGet(43)) - raft.server.snapshot.auto.trigger.threshold = 10000 (custom)
2019-07-13 14:36:57,880 INFO  server.RaftServerConfigKeys (ConfUtils.java:logGet(43)) - raft.server.retrycache.expirytime = 600000ms (custom)
2019-07-13 14:36:57,880 INFO  impl.RaftServerImpl (RaftServerImpl.java:start(180)) - 894dc0c2-216a-4430-b056-07ea893b2db1: start group-5C8DC1E16112
2019-07-13 14:36:57,880 INFO  impl.RaftServerImpl (RaftServerImpl.java:setRole(171)) - 894dc0c2-216a-4430-b056-07ea893b2db1:group-5C8DC1E16112 changes role from null to FOLLOWER at term 0 for startAsFollower
2019-07-13 14:36:57,881 INFO  impl.RoleInfo (RoleInfo.java:updateAndGet(143)) - 894dc0c2-216a-4430-b056-07ea893b2db1: start FollowerState
2019-07-13 14:36:57,881 INFO  util.JmxRegister (JmxRegister.java:tryRegister(44)) - Successfully registered JMX Bean with object name Ratis:service=RaftServer,group=group-5C8DC1E16112,id=894dc0c2-216a-4430-b056-07ea893b2db1
2019-07-13 14:36:57,883 INFO  pipeline.PipelineStateManager (PipelineStateManager.java:addPipeline(56)) - Created pipeline Pipeline[ Id: 5cd9856a-832e-4fa0-b0bd-5c8dc1e16112, Nodes: 894dc0c2-216a-4430-b056-07ea893b2db1{ip: 192.168.5.172, host: trunk-nightly-mhs6z-4061744966, networkLocation: /default-rack, certSerialId: null}, Type:RATIS, Factor:ONE, State:OPEN]
2019-07-13 14:36:58,190 INFO  node.SCMNodeManager (SCMNodeManager.java:register(269)) - Registered Data node : 289db83c-4a5b-4d17-b8a7-3d36cfd56978{ip: 192.168.5.172, host: trunk-nightly-mhs6z-4061744966, networkLocation: /default-rack, certSerialId: null}
2019-07-13 14:36:58,206 INFO  impl.RaftServerProxy (RaftServerProxy.java:addNew(89)) - 289db83c-4a5b-4d17-b8a7-3d36cfd56978: addNew group-FB0B818319E5:[289db83c-4a5b-4d17-b8a7-3d36cfd56978:192.168.5.172:38637] returns group-FB0B818319E5:java.util.concurrent.CompletableFuture@2a730d0e[Not completed]
2019-07-13 14:36:58,207 INFO  impl.RaftServerImpl (RaftServerImpl.java:<init>(93)) - 289db83c-4a5b-4d17-b8a7-3d36cfd56978: new RaftServerImpl for group-FB0B818319E5:[289db83c-4a5b-4d17-b8a7-3d36cfd56978:192.168.5.172:38637] with ContainerStateMachine:uninitialized
2019-07-13 14:36:58,207 INFO  server.RaftServerConfigKeys (ConfUtils.java:logGet(43)) - raft.server.rpc.timeout.min = 5s (custom)
2019-07-13 14:36:58,207 INFO  server.RaftServerConfigKeys (ConfUtils.java:logGet(43)) - raft.server.rpc.timeout.max = 5200ms (custom)
2019-07-13 14:36:58,208 INFO  server.RaftServerConfigKeys (ConfUtils.java:logGet(43)) - raft.server.rpcslowness.timeout = 120s (custom)
2019-07-13 14:36:58,208 INFO  server.RaftServerConfigKeys (ConfUtils.java:logGet(43)) - raft.server.sleep.deviation.threshold = 300 (default)
2019-07-13 14:36:58,208 INFO  server.RaftServerConfigKeys (ConfUtils.java:logGet(43)) - raft.server.log.appender.install.snapshot.enabled = false (custom)
2019-07-13 14:36:58,208 INFO  impl.RaftServerImpl (ServerState.java:<init>(105)) - 289db83c-4a5b-4d17-b8a7-3d36cfd56978:group-FB0B818319E5 ConfigurationManager, init=-1: [289db83c-4a5b-4d17-b8a7-3d36cfd56978:192.168.5.172:38637], old=null, confs=<EMPTY_MAP>
2019-07-13 14:36:58,208 INFO  server.RaftServerConfigKeys (ConfUtils.java:logGet(43)) - raft.server.storage.dir = [/tmp/workdir/hadoop-ozone/integration-test/target/test-dir/MiniOzoneClusterImpl-16da60bc-a68b-4f57-8fc0-91e73f0642b4/datanode-4/data/ratis] (custom)
2019-07-13 14:36:58,209 INFO  storage.RaftStorageDirectory (RaftStorageDirectory.java:analyzeStorage(246)) - The storage directory /tmp/workdir/hadoop-ozone/integration-test/target/test-dir/MiniOzoneClusterImpl-16da60bc-a68b-4f57-8fc0-91e73f0642b4/datanode-4/data/ratis/b1355288-3ff8-412a-8e65-fb0b818319e5 does not exist. Creating ...
2019-07-13 14:36:58,214 INFO  storage.RaftStorageDirectory (RaftStorageDirectory.java:tryLock(328)) - Lock on /tmp/workdir/hadoop-ozone/integration-test/target/test-dir/MiniOzoneClusterImpl-16da60bc-a68b-4f57-8fc0-91e73f0642b4/datanode-4/data/ratis/b1355288-3ff8-412a-8e65-fb0b818319e5/in_use.lock acquired by nodename 31544@trunk-nightly-mhs6z-4061744966
2019-07-13 14:36:58,219 INFO  storage.RaftStorage (RaftStorage.java:format(72)) - Storage directory /tmp/workdir/hadoop-ozone/integration-test/target/test-dir/MiniOzoneClusterImpl-16da60bc-a68b-4f57-8fc0-91e73f0642b4/datanode-4/data/ratis/b1355288-3ff8-412a-8e65-fb0b818319e5 has been successfully formatted.
2019-07-13 14:36:58,219 INFO  ratis.ContainerStateMachine (ContainerStateMachine.java:loadSnapshot(200)) - The snapshot info is null.Setting the last applied index to:(t:0, i:~)
2019-07-13 14:36:58,219 INFO  server.RaftServerConfigKeys (ConfUtils.java:logGet(43)) - raft.server.leader.election.timeout = 120s (custom)
2019-07-13 14:36:58,219 INFO  server.RaftServerConfigKeys (ConfUtils.java:logGet(43)) - raft.server.log.use.memory = false (default)
2019-07-13 14:36:58,219 INFO  server.RaftServerConfigKeys (ConfUtils.java:logGet(43)) - raft.server.log.purge.gap = 1000000000 (custom)
2019-07-13 14:36:58,220 INFO  server.RaftServerConfigKeys (ConfUtils.java:logGet(43)) - raft.server.log.appender.buffer.byte-limit = 33554432 (custom)
2019-07-13 14:36:58,220 INFO  server.RaftServerConfigKeys (ConfUtils.java:logGet(43)) - raft.server.log.segment.size.max = 1048576 (custom)
2019-07-13 14:36:58,220 INFO  server.RaftServerConfigKeys (ConfUtils.java:logGet(43)) - raft.server.log.segment.cache.num.max = 2 (custom)
2019-07-13 14:36:58,220 INFO  segmented.SegmentedRaftLogWorker (SegmentedRaftLogWorker.java:<init>(172)) - new 289db83c-4a5b-4d17-b8a7-3d36cfd56978-SegmentedRaftLogWorker:Storage Directory /tmp/workdir/hadoop-ozone/integration-test/target/test-dir/MiniOzoneClusterImpl-16da60bc-a68b-4f57-8fc0-91e73f0642b4/datanode-4/data/ratis/b1355288-3ff8-412a-8e65-fb0b818319e5 for RaftStorage:Storage Directory /tmp/workdir/hadoop-ozone/integration-test/target/test-dir/MiniOzoneClusterImpl-16da60bc-a68b-4f57-8fc0-91e73f0642b4/datanode-4/data/ratis/b1355288-3ff8-412a-8e65-fb0b818319e5
2019-07-13 14:36:58,220 INFO  server.RaftServerConfigKeys (ConfUtils.java:logGet(43)) - raft.server.log.queue.byte-limit = 2147483647 (custom)
2019-07-13 14:36:58,220 INFO  server.RaftServerConfigKeys (ConfUtils.java:logGet(43)) - raft.server.log.queue.element-limit = 1024 (custom)
2019-07-13 14:36:58,221 INFO  server.RaftServerConfigKeys (ConfUtils.java:logGet(43)) - raft.server.log.segment.size.max = 1048576 (custom)
2019-07-13 14:36:58,221 INFO  server.RaftServerConfigKeys (ConfUtils.java:logGet(43)) - raft.server.log.preallocated.size = 16384 (custom)
2019-07-13 14:36:58,221 INFO  server.RaftServerConfigKeys (ConfUtils.java:logGet(43)) - raft.server.log.write.buffer.size = 33554432 (custom)
2019-07-13 14:36:58,221 INFO  server.RaftServerConfigKeys (ConfUtils.java:logGet(43)) - raft.server.log.force.sync.num = 128 (default)
2019-07-13 14:36:58,221 INFO  server.RaftServerConfigKeys (ConfUtils.java:logGet(43)) - raft.server.log.statemachine.data.sync = true (default)
2019-07-13 14:36:58,221 INFO  server.RaftServerConfigKeys (ConfUtils.java:logGet(43)) - raft.server.log.statemachine.data.sync.timeout = 10s (default)
2019-07-13 14:36:58,222 INFO  server.RaftServerConfigKeys (ConfUtils.java:logGet(43)) - raft.server.log.statemachine.data.sync.timeout.retry = -1 (default)
2019-07-13 14:36:58,222 INFO  server.RaftServerConfigKeys (ConfUtils.java:logGet(43)) - raft.server.log.statemachine.data.caching.enabled = true (custom)
2019-07-13 14:36:58,222 INFO  segmented.SegmentedRaftLogWorker (SegmentedRaftLogWorker.java:lambda$new$0(132)) - 289db83c-4a5b-4d17-b8a7-3d36cfd56978-SegmentedRaftLogWorker:Storage Directory /tmp/workdir/hadoop-ozone/integration-test/target/test-dir/MiniOzoneClusterImpl-16da60bc-a68b-4f57-8fc0-91e73f0642b4/datanode-4/data/ratis/b1355288-3ff8-412a-8e65-fb0b818319e5: flushIndex: setUnconditionally 0 -> -1
2019-07-13 14:36:58,223 INFO  server.RaftServerConfigKeys (ConfUtils.java:logGet(43)) - raft.server.snapshot.auto.trigger.enabled = true (custom)
2019-07-13 14:36:58,223 INFO  server.RaftServerConfigKeys (ConfUtils.java:logGet(43)) - raft.server.snapshot.auto.trigger.threshold = 10000 (custom)
2019-07-13 14:36:58,223 INFO  server.RaftServerConfigKeys (ConfUtils.java:logGet(43)) - raft.server.retrycache.expirytime = 600000ms (custom)
2019-07-13 14:36:58,223 INFO  impl.RaftServerImpl (RaftServerImpl.java:start(180)) - 289db83c-4a5b-4d17-b8a7-3d36cfd56978: start group-FB0B818319E5
2019-07-13 14:36:58,223 INFO  impl.RaftServerImpl (RaftServerImpl.java:setRole(171)) - 289db83c-4a5b-4d17-b8a7-3d36cfd56978:group-FB0B818319E5 changes role from null to FOLLOWER at term 0 for startAsFollower
2019-07-13 14:36:58,223 INFO  impl.RoleInfo (RoleInfo.java:updateAndGet(143)) - 289db83c-4a5b-4d17-b8a7-3d36cfd56978: start FollowerState
2019-07-13 14:36:58,224 INFO  util.JmxRegister (JmxRegister.java:tryRegister(44)) - Successfully registered JMX Bean with object name Ratis:service=RaftServer,group=group-FB0B818319E5,id=289db83c-4a5b-4d17-b8a7-3d36cfd56978
2019-07-13 14:36:58,226 INFO  pipeline.PipelineStateManager (PipelineStateManager.java:addPipeline(56)) - Created pipeline Pipeline[ Id: b1355288-3ff8-412a-8e65-fb0b818319e5, Nodes: 289db83c-4a5b-4d17-b8a7-3d36cfd56978{ip: 192.168.5.172, host: trunk-nightly-mhs6z-4061744966, networkLocation: /default-rack, certSerialId: null}, Type:RATIS, Factor:ONE, State:OPEN]
2019-07-13 14:36:58,420 INFO  node.SCMNodeManager (SCMNodeManager.java:register(269)) - Registered Data node : 4b05a4d6-cfcf-4ae9-8d1a-cdf55e9a2374{ip: 192.168.5.172, host: trunk-nightly-mhs6z-4061744966, networkLocation: /default-rack, certSerialId: null}
2019-07-13 14:36:58,427 INFO  impl.RaftServerProxy (RaftServerProxy.java:addNew(89)) - 4b05a4d6-cfcf-4ae9-8d1a-cdf55e9a2374: addNew group-ADE9337EAD5C:[4b05a4d6-cfcf-4ae9-8d1a-cdf55e9a2374:192.168.5.172:33867] returns group-ADE9337EAD5C:java.util.concurrent.CompletableFuture@2a43c17b[Not completed]
2019-07-13 14:36:58,427 INFO  impl.RaftServerImpl (RaftServerImpl.java:<init>(93)) - 4b05a4d6-cfcf-4ae9-8d1a-cdf55e9a2374: new RaftServerImpl for group-ADE9337EAD5C:[4b05a4d6-cfcf-4ae9-8d1a-cdf55e9a2374:192.168.5.172:33867] with ContainerStateMachine:uninitialized
2019-07-13 14:36:58,428 INFO  server.RaftServerConfigKeys (ConfUtils.java:logGet(43)) - raft.server.rpc.timeout.min = 5s (custom)
2019-07-13 14:36:58,428 INFO  server.RaftServerConfigKeys (ConfUtils.java:logGet(43)) - raft.server.rpc.timeout.max = 5200ms (custom)
2019-07-13 14:36:58,428 INFO  server.RaftServerConfigKeys (ConfUtils.java:logGet(43)) - raft.server.rpcslowness.timeout = 120s (custom)
2019-07-13 14:36:58,428 INFO  server.RaftServerConfigKeys (ConfUtils.java:logGet(43)) - raft.server.sleep.deviation.threshold = 300 (default)
2019-07-13 14:36:58,428 INFO  server.RaftServerConfigKeys (ConfUtils.java:logGet(43)) - raft.server.log.appender.install.snapshot.enabled = false (custom)
2019-07-13 14:36:58,428 INFO  impl.RaftServerImpl (ServerState.java:<init>(105)) - 4b05a4d6-cfcf-4ae9-8d1a-cdf55e9a2374:group-ADE9337EAD5C ConfigurationManager, init=-1: [4b05a4d6-cfcf-4ae9-8d1a-cdf55e9a2374:192.168.5.172:33867], old=null, confs=<EMPTY_MAP>
2019-07-13 14:36:58,429 INFO  server.RaftServerConfigKeys (ConfUtils.java:logGet(43)) - raft.server.storage.dir = [/tmp/workdir/hadoop-ozone/integration-test/target/test-dir/MiniOzoneClusterImpl-16da60bc-a68b-4f57-8fc0-91e73f0642b4/datanode-5/data/ratis] (custom)
2019-07-13 14:36:58,429 INFO  storage.RaftStorageDirectory (RaftStorageDirectory.java:analyzeStorage(246)) - The storage directory /tmp/workdir/hadoop-ozone/integration-test/target/test-dir/MiniOzoneClusterImpl-16da60bc-a68b-4f57-8fc0-91e73f0642b4/datanode-5/data/ratis/41603bca-f8e0-4aee-8248-ade9337ead5c does not exist. Creating ...
2019-07-13 14:36:58,441 INFO  storage.RaftStorageDirectory (RaftStorageDirectory.java:tryLock(328)) - Lock on /tmp/workdir/hadoop-ozone/integration-test/target/test-dir/MiniOzoneClusterImpl-16da60bc-a68b-4f57-8fc0-91e73f0642b4/datanode-5/data/ratis/41603bca-f8e0-4aee-8248-ade9337ead5c/in_use.lock acquired by nodename 31544@trunk-nightly-mhs6z-4061744966
2019-07-13 14:36:58,450 INFO  storage.RaftStorage (RaftStorage.java:format(72)) - Storage directory /tmp/workdir/hadoop-ozone/integration-test/target/test-dir/MiniOzoneClusterImpl-16da60bc-a68b-4f57-8fc0-91e73f0642b4/datanode-5/data/ratis/41603bca-f8e0-4aee-8248-ade9337ead5c has been successfully formatted.
2019-07-13 14:36:58,450 INFO  ratis.ContainerStateMachine (ContainerStateMachine.java:loadSnapshot(200)) - The snapshot info is null.Setting the last applied index to:(t:0, i:~)
2019-07-13 14:36:58,451 INFO  server.RaftServerConfigKeys (ConfUtils.java:logGet(43)) - raft.server.leader.election.timeout = 120s (custom)
2019-07-13 14:36:58,451 INFO  server.RaftServerConfigKeys (ConfUtils.java:logGet(43)) - raft.server.log.use.memory = false (default)
2019-07-13 14:36:58,451 INFO  server.RaftServerConfigKeys (ConfUtils.java:logGet(43)) - raft.server.log.purge.gap = 1000000000 (custom)
2019-07-13 14:36:58,451 INFO  server.RaftServerConfigKeys (ConfUtils.java:logGet(43)) - raft.server.log.appender.buffer.byte-limit = 33554432 (custom)
2019-07-13 14:36:58,451 INFO  server.RaftServerConfigKeys (ConfUtils.java:logGet(43)) - raft.server.log.segment.size.max = 1048576 (custom)
2019-07-13 14:36:58,451 INFO  server.RaftServerConfigKeys (ConfUtils.java:logGet(43)) - raft.server.log.segment.cache.num.max = 2 (custom)
2019-07-13 14:36:58,451 INFO  segmented.SegmentedRaftLogWorker (SegmentedRaftLogWorker.java:<init>(172)) - new 4b05a4d6-cfcf-4ae9-8d1a-cdf55e9a2374-SegmentedRaftLogWorker:Storage Directory /tmp/workdir/hadoop-ozone/integration-test/target/test-dir/MiniOzoneClusterImpl-16da60bc-a68b-4f57-8fc0-91e73f0642b4/datanode-5/data/ratis/41603bca-f8e0-4aee-8248-ade9337ead5c for RaftStorage:Storage Directory /tmp/workdir/hadoop-ozone/integration-test/target/test-dir/MiniOzoneClusterImpl-16da60bc-a68b-4f57-8fc0-91e73f0642b4/datanode-5/data/ratis/41603bca-f8e0-4aee-8248-ade9337ead5c
2019-07-13 14:36:58,452 INFO  server.RaftServerConfigKeys (ConfUtils.java:logGet(43)) - raft.server.log.queue.byte-limit = 2147483647 (custom)
2019-07-13 14:36:58,452 INFO  server.RaftServerConfigKeys (ConfUtils.java:logGet(43)) - raft.server.log.queue.element-limit = 1024 (custom)
2019-07-13 14:36:58,452 INFO  server.RaftServerConfigKeys (ConfUtils.java:logGet(43)) - raft.server.log.segment.size.max = 1048576 (custom)
2019-07-13 14:36:58,452 INFO  server.RaftServerConfigKeys (ConfUtils.java:logGet(43)) - raft.server.log.preallocated.size = 16384 (custom)
2019-07-13 14:36:58,452 INFO  server.RaftServerConfigKeys (ConfUtils.java:logGet(43)) - raft.server.log.write.buffer.size = 33554432 (custom)
2019-07-13 14:36:58,452 INFO  server.RaftServerConfigKeys (ConfUtils.java:logGet(43)) - raft.server.log.force.sync.num = 128 (default)
2019-07-13 14:36:58,453 INFO  server.RaftServerConfigKeys (ConfUtils.java:logGet(43)) - raft.server.log.statemachine.data.sync = true (default)
2019-07-13 14:36:58,453 INFO  server.RaftServerConfigKeys (ConfUtils.java:logGet(43)) - raft.server.log.statemachine.data.sync.timeout = 10s (default)
2019-07-13 14:36:58,453 INFO  server.RaftServerConfigKeys (ConfUtils.java:logGet(43)) - raft.server.log.statemachine.data.sync.timeout.retry = -1 (default)
2019-07-13 14:36:58,453 INFO  server.RaftServerConfigKeys (ConfUtils.java:logGet(43)) - raft.server.log.statemachine.data.caching.enabled = true (custom)
2019-07-13 14:36:58,454 INFO  segmented.SegmentedRaftLogWorker (SegmentedRaftLogWorker.java:lambda$new$0(132)) - 4b05a4d6-cfcf-4ae9-8d1a-cdf55e9a2374-SegmentedRaftLogWorker:Storage Directory /tmp/workdir/hadoop-ozone/integration-test/target/test-dir/MiniOzoneClusterImpl-16da60bc-a68b-4f57-8fc0-91e73f0642b4/datanode-5/data/ratis/41603bca-f8e0-4aee-8248-ade9337ead5c: flushIndex: setUnconditionally 0 -> -1
2019-07-13 14:36:58,454 INFO  server.RaftServerConfigKeys (ConfUtils.java:logGet(43)) - raft.server.snapshot.auto.trigger.enabled = true (custom)
2019-07-13 14:36:58,454 INFO  server.RaftServerConfigKeys (ConfUtils.java:logGet(43)) - raft.server.snapshot.auto.trigger.threshold = 10000 (custom)
2019-07-13 14:36:58,454 INFO  server.RaftServerConfigKeys (ConfUtils.java:logGet(43)) - raft.server.retrycache.expirytime = 600000ms (custom)
2019-07-13 14:36:58,454 INFO  impl.RaftServerImpl (RaftServerImpl.java:start(180)) - 4b05a4d6-cfcf-4ae9-8d1a-cdf55e9a2374: start group-ADE9337EAD5C
2019-07-13 14:36:58,455 INFO  impl.RaftServerImpl (RaftServerImpl.java:setRole(171)) - 4b05a4d6-cfcf-4ae9-8d1a-cdf55e9a2374:group-ADE9337EAD5C changes role from null to FOLLOWER at term 0 for startAsFollower
2019-07-13 14:36:58,455 INFO  impl.RoleInfo (RoleInfo.java:updateAndGet(143)) - 4b05a4d6-cfcf-4ae9-8d1a-cdf55e9a2374: start FollowerState
2019-07-13 14:36:58,455 INFO  util.JmxRegister (JmxRegister.java:tryRegister(44)) - Successfully registered JMX Bean with object name Ratis:service=RaftServer,group=group-ADE9337EAD5C,id=4b05a4d6-cfcf-4ae9-8d1a-cdf55e9a2374
2019-07-13 14:36:58,457 INFO  pipeline.PipelineStateManager (PipelineStateManager.java:addPipeline(56)) - Created pipeline Pipeline[ Id: 41603bca-f8e0-4aee-8248-ade9337ead5c, Nodes: 4b05a4d6-cfcf-4ae9-8d1a-cdf55e9a2374{ip: 192.168.5.172, host: trunk-nightly-mhs6z-4061744966, networkLocation: /default-rack, certSerialId: null}, Type:RATIS, Factor:ONE, State:OPEN]
2019-07-13 14:36:58,468 INFO  impl.RaftServerProxy (RaftServerProxy.java:addNew(89)) - 894dc0c2-216a-4430-b056-07ea893b2db1: addNew group-FDAA5B6335B4:[289db83c-4a5b-4d17-b8a7-3d36cfd56978:192.168.5.172:38637, 4b05a4d6-cfcf-4ae9-8d1a-cdf55e9a2374:192.168.5.172:33867, 894dc0c2-216a-4430-b056-07ea893b2db1:192.168.5.172:36516] returns group-FDAA5B6335B4:java.util.concurrent.CompletableFuture@49316336[Not completed]
2019-07-13 14:36:58,468 INFO  impl.RaftServerProxy (RaftServerProxy.java:addNew(89)) - 4b05a4d6-cfcf-4ae9-8d1a-cdf55e9a2374: addNew group-FDAA5B6335B4:[289db83c-4a5b-4d17-b8a7-3d36cfd56978:192.168.5.172:38637, 4b05a4d6-cfcf-4ae9-8d1a-cdf55e9a2374:192.168.5.172:33867, 894dc0c2-216a-4430-b056-07ea893b2db1:192.168.5.172:36516] returns group-FDAA5B6335B4:java.util.concurrent.CompletableFuture@c2deb55[Not completed]
2019-07-13 14:36:58,469 INFO  impl.RaftServerProxy (RaftServerProxy.java:addNew(89)) - 289db83c-4a5b-4d17-b8a7-3d36cfd56978: addNew group-FDAA5B6335B4:[289db83c-4a5b-4d17-b8a7-3d36cfd56978:192.168.5.172:38637, 4b05a4d6-cfcf-4ae9-8d1a-cdf55e9a2374:192.168.5.172:33867, 894dc0c2-216a-4430-b056-07ea893b2db1:192.168.5.172:36516] returns group-FDAA5B6335B4:java.util.concurrent.CompletableFuture@6f531717[Not completed]
2019-07-13 14:36:58,469 INFO  impl.RaftServerImpl (RaftServerImpl.java:<init>(93)) - 894dc0c2-216a-4430-b056-07ea893b2db1: new RaftServerImpl for group-FDAA5B6335B4:[289db83c-4a5b-4d17-b8a7-3d36cfd56978:192.168.5.172:38637, 4b05a4d6-cfcf-4ae9-8d1a-cdf55e9a2374:192.168.5.172:33867, 894dc0c2-216a-4430-b056-07ea893b2db1:192.168.5.172:36516] with ContainerStateMachine:uninitialized
2019-07-13 14:36:58,469 INFO  server.RaftServerConfigKeys (ConfUtils.java:logGet(43)) - raft.server.rpc.timeout.min = 5s (custom)
2019-07-13 14:36:58,469 INFO  server.RaftServerConfigKeys (ConfUtils.java:logGet(43)) - raft.server.rpc.timeout.max = 5200ms (custom)
2019-07-13 14:36:58,469 INFO  impl.RaftServerImpl (RaftServerImpl.java:<init>(93)) - 4b05a4d6-cfcf-4ae9-8d1a-cdf55e9a2374: new RaftServerImpl for group-FDAA5B6335B4:[289db83c-4a5b-4d17-b8a7-3d36cfd56978:192.168.5.172:38637, 4b05a4d6-cfcf-4ae9-8d1a-cdf55e9a2374:192.168.5.172:33867, 894dc0c2-216a-4430-b056-07ea893b2db1:192.168.5.172:36516] with ContainerStateMachine:uninitialized
2019-07-13 14:36:58,469 INFO  server.RaftServerConfigKeys (ConfUtils.java:logGet(43)) - raft.server.rpcslowness.timeout = 120s (custom)
2019-07-13 14:36:58,470 INFO  server.RaftServerConfigKeys (ConfUtils.java:logGet(43)) - raft.server.rpc.timeout.min = 5s (custom)
2019-07-13 14:36:58,470 INFO  impl.RaftServerImpl (RaftServerImpl.java:<init>(93)) - 289db83c-4a5b-4d17-b8a7-3d36cfd56978: new RaftServerImpl for group-FDAA5B6335B4:[289db83c-4a5b-4d17-b8a7-3d36cfd56978:192.168.5.172:38637, 4b05a4d6-cfcf-4ae9-8d1a-cdf55e9a2374:192.168.5.172:33867, 894dc0c2-216a-4430-b056-07ea893b2db1:192.168.5.172:36516] with ContainerStateMachine:uninitialized
2019-07-13 14:36:58,470 INFO  server.RaftServerConfigKeys (ConfUtils.java:logGet(43)) - raft.server.sleep.deviation.threshold = 300 (default)
2019-07-13 14:36:58,470 INFO  server.RaftServerConfigKeys (ConfUtils.java:logGet(43)) - raft.server.rpc.timeout.min = 5s (custom)
2019-07-13 14:36:58,470 INFO  server.RaftServerConfigKeys (ConfUtils.java:logGet(43)) - raft.server.rpc.timeout.max = 5200ms (custom)
2019-07-13 14:36:58,470 INFO  server.RaftServerConfigKeys (ConfUtils.java:logGet(43)) - raft.server.rpc.timeout.max = 5200ms (custom)
2019-07-13 14:36:58,470 INFO  server.RaftServerConfigKeys (ConfUtils.java:logGet(43)) - raft.server.log.appender.install.snapshot.enabled = false (custom)
2019-07-13 14:36:58,470 INFO  server.RaftServerConfigKeys (ConfUtils.java:logGet(43)) - raft.server.rpcslowness.timeout = 120s (custom)
2019-07-13 14:36:58,470 INFO  server.RaftServerConfigKeys (ConfUtils.java:logGet(43)) - raft.server.rpcslowness.timeout = 120s (custom)
2019-07-13 14:36:58,471 INFO  server.RaftServerConfigKeys (ConfUtils.java:logGet(43)) - raft.server.sleep.deviation.threshold = 300 (default)
2019-07-13 14:36:58,471 INFO  server.RaftServerConfigKeys (ConfUtils.java:logGet(43)) - raft.server.log.appender.install.snapshot.enabled = false (custom)
2019-07-13 14:36:58,471 INFO  impl.RaftServerImpl (ServerState.java:<init>(105)) - 894dc0c2-216a-4430-b056-07ea893b2db1:group-FDAA5B6335B4 ConfigurationManager, init=-1: [289db83c-4a5b-4d17-b8a7-3d36cfd56978:192.168.5.172:38637, 4b05a4d6-cfcf-4ae9-8d1a-cdf55e9a2374:192.168.5.172:33867, 894dc0c2-216a-4430-b056-07ea893b2db1:192.168.5.172:36516], old=null, confs=<EMPTY_MAP>
2019-07-13 14:36:58,471 INFO  impl.RaftServerImpl (ServerState.java:<init>(105)) - 289db83c-4a5b-4d17-b8a7-3d36cfd56978:group-FDAA5B6335B4 ConfigurationManager, init=-1: [289db83c-4a5b-4d17-b8a7-3d36cfd56978:192.168.5.172:38637, 4b05a4d6-cfcf-4ae9-8d1a-cdf55e9a2374:192.168.5.172:33867, 894dc0c2-216a-4430-b056-07ea893b2db1:192.168.5.172:36516], old=null, confs=<EMPTY_MAP>
2019-07-13 14:36:58,471 INFO  server.RaftServerConfigKeys (ConfUtils.java:logGet(43)) - raft.server.sleep.deviation.threshold = 300 (default)
2019-07-13 14:36:58,471 INFO  server.RaftServerConfigKeys (ConfUtils.java:logGet(43)) - raft.server.storage.dir = [/tmp/workdir/hadoop-ozone/integration-test/target/test-dir/MiniOzoneClusterImpl-16da60bc-a68b-4f57-8fc0-91e73f0642b4/datanode-4/data/ratis] (custom)
2019-07-13 14:36:58,471 INFO  server.RaftServerConfigKeys (ConfUtils.java:logGet(43)) - raft.server.storage.dir = [/tmp/workdir/hadoop-ozone/integration-test/target/test-dir/MiniOzoneClusterImpl-16da60bc-a68b-4f57-8fc0-91e73f0642b4/datanode-3/data/ratis] (custom)
2019-07-13 14:36:58,472 INFO  server.RaftServerConfigKeys (ConfUtils.java:logGet(43)) - raft.server.log.appender.install.snapshot.enabled = false (custom)
2019-07-13 14:36:58,472 INFO  impl.RaftServerImpl (ServerState.java:<init>(105)) - 4b05a4d6-cfcf-4ae9-8d1a-cdf55e9a2374:group-FDAA5B6335B4 ConfigurationManager, init=-1: [289db83c-4a5b-4d17-b8a7-3d36cfd56978:192.168.5.172:38637, 4b05a4d6-cfcf-4ae9-8d1a-cdf55e9a2374:192.168.5.172:33867, 894dc0c2-216a-4430-b056-07ea893b2db1:192.168.5.172:36516], old=null, confs=<EMPTY_MAP>
2019-07-13 14:36:58,472 INFO  storage.RaftStorageDirectory (RaftStorageDirectory.java:analyzeStorage(246)) - The storage directory /tmp/workdir/hadoop-ozone/integration-test/target/test-dir/MiniOzoneClusterImpl-16da60bc-a68b-4f57-8fc0-91e73f0642b4/datanode-3/data/ratis/7102e57e-a52c-417e-9122-fdaa5b6335b4 does not exist. Creating ...
2019-07-13 14:36:58,472 INFO  storage.RaftStorageDirectory (RaftStorageDirectory.java:analyzeStorage(246)) - The storage directory /tmp/workdir/hadoop-ozone/integration-test/target/test-dir/MiniOzoneClusterImpl-16da60bc-a68b-4f57-8fc0-91e73f0642b4/datanode-4/data/ratis/7102e57e-a52c-417e-9122-fdaa5b6335b4 does not exist. Creating ...
2019-07-13 14:36:58,472 INFO  server.RaftServerConfigKeys (ConfUtils.java:logGet(43)) - raft.server.storage.dir = [/tmp/workdir/hadoop-ozone/integration-test/target/test-dir/MiniOzoneClusterImpl-16da60bc-a68b-4f57-8fc0-91e73f0642b4/datanode-5/data/ratis] (custom)
2019-07-13 14:36:58,473 INFO  storage.RaftStorageDirectory (RaftStorageDirectory.java:analyzeStorage(246)) - The storage directory /tmp/workdir/hadoop-ozone/integration-test/target/test-dir/MiniOzoneClusterImpl-16da60bc-a68b-4f57-8fc0-91e73f0642b4/datanode-5/data/ratis/7102e57e-a52c-417e-9122-fdaa5b6335b4 does not exist. Creating ...
2019-07-13 14:36:58,477 INFO  storage.RaftStorageDirectory (RaftStorageDirectory.java:tryLock(328)) - Lock on /tmp/workdir/hadoop-ozone/integration-test/target/test-dir/MiniOzoneClusterImpl-16da60bc-a68b-4f57-8fc0-91e73f0642b4/datanode-5/data/ratis/7102e57e-a52c-417e-9122-fdaa5b6335b4/in_use.lock acquired by nodename 31544@trunk-nightly-mhs6z-4061744966
2019-07-13 14:36:58,477 INFO  storage.RaftStorageDirectory (RaftStorageDirectory.java:tryLock(328)) - Lock on /tmp/workdir/hadoop-ozone/integration-test/target/test-dir/MiniOzoneClusterImpl-16da60bc-a68b-4f57-8fc0-91e73f0642b4/datanode-4/data/ratis/7102e57e-a52c-417e-9122-fdaa5b6335b4/in_use.lock acquired by nodename 31544@trunk-nightly-mhs6z-4061744966
2019-07-13 14:36:58,477 INFO  storage.RaftStorageDirectory (RaftStorageDirectory.java:tryLock(328)) - Lock on /tmp/workdir/hadoop-ozone/integration-test/target/test-dir/MiniOzoneClusterImpl-16da60bc-a68b-4f57-8fc0-91e73f0642b4/datanode-3/data/ratis/7102e57e-a52c-417e-9122-fdaa5b6335b4/in_use.lock acquired by nodename 31544@trunk-nightly-mhs6z-4061744966
2019-07-13 14:36:58,482 INFO  storage.RaftStorage (RaftStorage.java:format(72)) - Storage directory /tmp/workdir/hadoop-ozone/integration-test/target/test-dir/MiniOzoneClusterImpl-16da60bc-a68b-4f57-8fc0-91e73f0642b4/datanode-4/data/ratis/7102e57e-a52c-417e-9122-fdaa5b6335b4 has been successfully formatted.
2019-07-13 14:36:58,482 INFO  storage.RaftStorage (RaftStorage.java:format(72)) - Storage directory /tmp/workdir/hadoop-ozone/integration-test/target/test-dir/MiniOzoneClusterImpl-16da60bc-a68b-4f57-8fc0-91e73f0642b4/datanode-5/data/ratis/7102e57e-a52c-417e-9122-fdaa5b6335b4 has been successfully formatted.
2019-07-13 14:36:58,482 INFO  storage.RaftStorage (RaftStorage.java:format(72)) - Storage directory /tmp/workdir/hadoop-ozone/integration-test/target/test-dir/MiniOzoneClusterImpl-16da60bc-a68b-4f57-8fc0-91e73f0642b4/datanode-3/data/ratis/7102e57e-a52c-417e-9122-fdaa5b6335b4 has been successfully formatted.
2019-07-13 14:36:58,482 INFO  ratis.ContainerStateMachine (ContainerStateMachine.java:loadSnapshot(200)) - The snapshot info is null.Setting the last applied index to:(t:0, i:~)
2019-07-13 14:36:58,482 INFO  ratis.ContainerStateMachine (ContainerStateMachine.java:loadSnapshot(200)) - The snapshot info is null.Setting the last applied index to:(t:0, i:~)
2019-07-13 14:36:58,482 INFO  server.RaftServerConfigKeys (ConfUtils.java:logGet(43)) - raft.server.leader.election.timeout = 120s (custom)
2019-07-13 14:36:58,482 INFO  ratis.ContainerStateMachine (ContainerStateMachine.java:loadSnapshot(200)) - The snapshot info is null.Setting the last applied index to:(t:0, i:~)
2019-07-13 14:36:58,483 INFO  server.RaftServerConfigKeys (ConfUtils.java:logGet(43)) - raft.server.log.use.memory = false (default)
2019-07-13 14:36:58,483 INFO  server.RaftServerConfigKeys (ConfUtils.java:logGet(43)) - raft.server.leader.election.timeout = 120s (custom)
2019-07-13 14:36:58,483 INFO  server.RaftServerConfigKeys (ConfUtils.java:logGet(43)) - raft.server.log.purge.gap = 1000000000 (custom)
2019-07-13 14:36:58,483 INFO  server.RaftServerConfigKeys (ConfUtils.java:logGet(43)) - raft.server.log.appender.buffer.byte-limit = 33554432 (custom)
2019-07-13 14:36:58,483 INFO  server.RaftServerConfigKeys (ConfUtils.java:logGet(43)) - raft.server.leader.election.timeout = 120s (custom)
2019-07-13 14:36:58,483 INFO  server.RaftServerConfigKeys (ConfUtils.java:logGet(43)) - raft.server.log.segment.size.max = 1048576 (custom)
2019-07-13 14:36:58,483 INFO  server.RaftServerConfigKeys (ConfUtils.java:logGet(43)) - raft.server.log.use.memory = false (default)
2019-07-13 14:36:58,484 INFO  server.RaftServerConfigKeys (ConfUtils.java:logGet(43)) - raft.server.log.segment.cache.num.max = 2 (custom)
2019-07-13 14:36:58,484 INFO  segmented.SegmentedRaftLogWorker (SegmentedRaftLogWorker.java:<init>(172)) - new 4b05a4d6-cfcf-4ae9-8d1a-cdf55e9a2374-SegmentedRaftLogWorker:Storage Directory /tmp/workdir/hadoop-ozone/integration-test/target/test-dir/MiniOzoneClusterImpl-16da60bc-a68b-4f57-8fc0-91e73f0642b4/datanode-5/data/ratis/7102e57e-a52c-417e-9122-fdaa5b6335b4 for RaftStorage:Storage Directory /tmp/workdir/hadoop-ozone/integration-test/target/test-dir/MiniOzoneClusterImpl-16da60bc-a68b-4f57-8fc0-91e73f0642b4/datanode-5/data/ratis/7102e57e-a52c-417e-9122-fdaa5b6335b4
2019-07-13 14:36:58,484 INFO  server.RaftServerConfigKeys (ConfUtils.java:logGet(43)) - raft.server.log.use.memory = false (default)
2019-07-13 14:36:58,484 INFO  server.RaftServerConfigKeys (ConfUtils.java:logGet(43)) - raft.server.log.queue.byte-limit = 2147483647 (custom)
2019-07-13 14:36:58,484 INFO  server.RaftServerConfigKeys (ConfUtils.java:logGet(43)) - raft.server.log.purge.gap = 1000000000 (custom)
2019-07-13 14:36:58,484 INFO  server.RaftServerConfigKeys (ConfUtils.java:logGet(43)) - raft.server.log.queue.element-limit = 1024 (custom)
2019-07-13 14:36:58,484 INFO  server.RaftServerConfigKeys (ConfUtils.java:logGet(43)) - raft.server.log.purge.gap = 1000000000 (custom)
2019-07-13 14:36:58,485 INFO  server.RaftServerConfigKeys (ConfUtils.java:logGet(43)) - raft.server.log.segment.size.max = 1048576 (custom)
2019-07-13 14:36:58,485 INFO  server.RaftServerConfigKeys (ConfUtils.java:logGet(43)) - raft.server.log.appender.buffer.byte-limit = 33554432 (custom)
2019-07-13 14:36:58,485 INFO  server.RaftServerConfigKeys (ConfUtils.java:logGet(43)) - raft.server.log.preallocated.size = 16384 (custom)
2019-07-13 14:36:58,485 INFO  server.RaftServerConfigKeys (ConfUtils.java:logGet(43)) - raft.server.log.appender.buffer.byte-limit = 33554432 (custom)
2019-07-13 14:36:58,485 INFO  server.RaftServerConfigKeys (ConfUtils.java:logGet(43)) - raft.server.log.write.buffer.size = 33554432 (custom)
2019-07-13 14:36:58,485 INFO  server.RaftServerConfigKeys (ConfUtils.java:logGet(43)) - raft.server.log.segment.size.max = 1048576 (custom)
2019-07-13 14:36:58,486 INFO  server.RaftServerConfigKeys (ConfUtils.java:logGet(43)) - raft.server.log.force.sync.num = 128 (default)
2019-07-13 14:36:58,485 INFO  server.RaftServerConfigKeys (ConfUtils.java:logGet(43)) - raft.server.log.segment.size.max = 1048576 (custom)
2019-07-13 14:36:58,486 INFO  server.RaftServerConfigKeys (ConfUtils.java:logGet(43)) - raft.server.log.statemachine.data.sync = true (default)
2019-07-13 14:36:58,486 INFO  server.RaftServerConfigKeys (ConfUtils.java:logGet(43)) - raft.server.log.segment.cache.num.max = 2 (custom)
2019-07-13 14:36:58,486 INFO  server.RaftServerConfigKeys (ConfUtils.java:logGet(43)) - raft.server.log.statemachine.data.sync.timeout = 10s (default)
2019-07-13 14:36:58,486 INFO  server.RaftServerConfigKeys (ConfUtils.java:logGet(43)) - raft.server.log.statemachine.data.sync.timeout.retry = -1 (default)
2019-07-13 14:36:58,486 INFO  server.RaftServerConfigKeys (ConfUtils.java:logGet(43)) - raft.server.log.segment.cache.num.max = 2 (custom)
2019-07-13 14:36:58,487 INFO  server.RaftServerConfigKeys (ConfUtils.java:logGet(43)) - raft.server.log.statemachine.data.caching.enabled = true (custom)
2019-07-13 14:36:58,486 INFO  segmented.SegmentedRaftLogWorker (SegmentedRaftLogWorker.java:<init>(172)) - new 289db83c-4a5b-4d17-b8a7-3d36cfd56978-SegmentedRaftLogWorker:Storage Directory /tmp/workdir/hadoop-ozone/integration-test/target/test-dir/MiniOzoneClusterImpl-16da60bc-a68b-4f57-8fc0-91e73f0642b4/datanode-4/data/ratis/7102e57e-a52c-417e-9122-fdaa5b6335b4 for RaftStorage:Storage Directory /tmp/workdir/hadoop-ozone/integration-test/target/test-dir/MiniOzoneClusterImpl-16da60bc-a68b-4f57-8fc0-91e73f0642b4/datanode-4/data/ratis/7102e57e-a52c-417e-9122-fdaa5b6335b4
2019-07-13 14:36:58,487 INFO  segmented.SegmentedRaftLogWorker (SegmentedRaftLogWorker.java:<init>(172)) - new 894dc0c2-216a-4430-b056-07ea893b2db1-SegmentedRaftLogWorker:Storage Directory /tmp/workdir/hadoop-ozone/integration-test/target/test-dir/MiniOzoneClusterImpl-16da60bc-a68b-4f57-8fc0-91e73f0642b4/datanode-3/data/ratis/7102e57e-a52c-417e-9122-fdaa5b6335b4 for RaftStorage:Storage Directory /tmp/workdir/hadoop-ozone/integration-test/target/test-dir/MiniOzoneClusterImpl-16da60bc-a68b-4f57-8fc0-91e73f0642b4/datanode-3/data/ratis/7102e57e-a52c-417e-9122-fdaa5b6335b4
2019-07-13 14:36:58,487 INFO  segmented.SegmentedRaftLogWorker (SegmentedRaftLogWorker.java:lambda$new$0(132)) - 4b05a4d6-cfcf-4ae9-8d1a-cdf55e9a2374-SegmentedRaftLogWorker:Storage Directory /tmp/workdir/hadoop-ozone/integration-test/target/test-dir/MiniOzoneClusterImpl-16da60bc-a68b-4f57-8fc0-91e73f0642b4/datanode-5/data/ratis/7102e57e-a52c-417e-9122-fdaa5b6335b4: flushIndex: setUnconditionally 0 -> -1
2019-07-13 14:36:58,487 INFO  server.RaftServerConfigKeys (ConfUtils.java:logGet(43)) - raft.server.log.queue.byte-limit = 2147483647 (custom)
2019-07-13 14:36:58,487 INFO  server.RaftServerConfigKeys (ConfUtils.java:logGet(43)) - raft.server.log.queue.byte-limit = 2147483647 (custom)
2019-07-13 14:36:58,487 INFO  server.RaftServerConfigKeys (ConfUtils.java:logGet(43)) - raft.server.snapshot.auto.trigger.enabled = true (custom)
2019-07-13 14:36:58,487 INFO  server.RaftServerConfigKeys (ConfUtils.java:logGet(43)) - raft.server.log.queue.element-limit = 1024 (custom)
2019-07-13 14:36:58,488 INFO  server.RaftServerConfigKeys (ConfUtils.java:logGet(43)) - raft.server.snapshot.auto.trigger.threshold = 10000 (custom)
2019-07-13 14:36:58,488 INFO  server.RaftServerConfigKeys (ConfUtils.java:logGet(43)) - raft.server.log.queue.element-limit = 1024 (custom)
2019-07-13 14:36:58,488 INFO  server.RaftServerConfigKeys (ConfUtils.java:logGet(43)) - raft.server.retrycache.expirytime = 600000ms (custom)
2019-07-13 14:36:58,488 INFO  server.RaftServerConfigKeys (ConfUtils.java:logGet(43)) - raft.server.log.segment.size.max = 1048576 (custom)
2019-07-13 14:36:58,488 INFO  impl.RaftServerImpl (RaftServerImpl.java:start(180)) - 4b05a4d6-cfcf-4ae9-8d1a-cdf55e9a2374: start group-FDAA5B6335B4
2019-07-13 14:36:58,488 INFO  impl.RaftServerImpl (RaftServerImpl.java:setRole(171)) - 4b05a4d6-cfcf-4ae9-8d1a-cdf55e9a2374:group-FDAA5B6335B4 changes role from null to FOLLOWER at term 0 for startAsFollower
2019-07-13 14:36:58,488 INFO  server.RaftServerConfigKeys (ConfUtils.java:logGet(43)) - raft.server.log.segment.size.max = 1048576 (custom)
2019-07-13 14:36:58,489 INFO  impl.RoleInfo (RoleInfo.java:updateAndGet(143)) - 4b05a4d6-cfcf-4ae9-8d1a-cdf55e9a2374: start FollowerState
2019-07-13 14:36:58,488 INFO  server.RaftServerConfigKeys (ConfUtils.java:logGet(43)) - raft.server.log.preallocated.size = 16384 (custom)
2019-07-13 14:36:58,489 INFO  server.RaftServerConfigKeys (ConfUtils.java:logGet(43)) - raft.server.log.preallocated.size = 16384 (custom)
2019-07-13 14:36:58,489 INFO  server.RaftServerConfigKeys (ConfUtils.java:logGet(43)) - raft.server.log.write.buffer.size = 33554432 (custom)
2019-07-13 14:36:58,489 INFO  util.JmxRegister (JmxRegister.java:tryRegister(44)) - Successfully registered JMX Bean with object name Ratis:service=RaftServer,group=group-FDAA5B6335B4,id=4b05a4d6-cfcf-4ae9-8d1a-cdf55e9a2374
2019-07-13 14:36:58,489 INFO  server.RaftServerConfigKeys (ConfUtils.java:logGet(43)) - raft.server.log.write.buffer.size = 33554432 (custom)
2019-07-13 14:36:58,489 INFO  server.RaftServerConfigKeys (ConfUtils.java:logGet(43)) - raft.server.log.force.sync.num = 128 (default)
2019-07-13 14:36:58,490 INFO  server.RaftServerConfigKeys (ConfUtils.java:logGet(43)) - raft.server.log.force.sync.num = 128 (default)
2019-07-13 14:36:58,490 INFO  server.RaftServerConfigKeys (ConfUtils.java:logGet(43)) - raft.server.log.statemachine.data.sync = true (default)
2019-07-13 14:36:58,490 INFO  server.RaftServerConfigKeys (ConfUtils.java:logGet(43)) - raft.server.log.statemachine.data.sync = true (default)
2019-07-13 14:36:58,490 INFO  server.RaftServerConfigKeys (ConfUtils.java:logGet(43)) - raft.server.log.statemachine.data.sync.timeout = 10s (default)
2019-07-13 14:36:58,490 INFO  server.RaftServerConfigKeys (ConfUtils.java:logGet(43)) - raft.server.log.statemachine.data.sync.timeout = 10s (default)
2019-07-13 14:36:58,490 INFO  server.RaftServerConfigKeys (ConfUtils.java:logGet(43)) - raft.server.log.statemachine.data.sync.timeout.retry = -1 (default)
2019-07-13 14:36:58,490 INFO  server.RaftServerConfigKeys (ConfUtils.java:logGet(43)) - raft.server.log.statemachine.data.sync.timeout.retry = -1 (default)
2019-07-13 14:36:58,490 INFO  server.RaftServerConfigKeys (ConfUtils.java:logGet(43)) - raft.server.log.statemachine.data.caching.enabled = true (custom)
2019-07-13 14:36:58,491 INFO  server.RaftServerConfigKeys (ConfUtils.java:logGet(43)) - raft.server.log.statemachine.data.caching.enabled = true (custom)
2019-07-13 14:36:58,491 INFO  segmented.SegmentedRaftLogWorker (SegmentedRaftLogWorker.java:lambda$new$0(132)) - 289db83c-4a5b-4d17-b8a7-3d36cfd56978-SegmentedRaftLogWorker:Storage Directory /tmp/workdir/hadoop-ozone/integration-test/target/test-dir/MiniOzoneClusterImpl-16da60bc-a68b-4f57-8fc0-91e73f0642b4/datanode-4/data/ratis/7102e57e-a52c-417e-9122-fdaa5b6335b4: flushIndex: setUnconditionally 0 -> -1
2019-07-13 14:36:58,491 INFO  segmented.SegmentedRaftLogWorker (SegmentedRaftLogWorker.java:lambda$new$0(132)) - 894dc0c2-216a-4430-b056-07ea893b2db1-SegmentedRaftLogWorker:Storage Directory /tmp/workdir/hadoop-ozone/integration-test/target/test-dir/MiniOzoneClusterImpl-16da60bc-a68b-4f57-8fc0-91e73f0642b4/datanode-3/data/ratis/7102e57e-a52c-417e-9122-fdaa5b6335b4: flushIndex: setUnconditionally 0 -> -1
2019-07-13 14:36:58,491 INFO  server.RaftServerConfigKeys (ConfUtils.java:logGet(43)) - raft.server.snapshot.auto.trigger.enabled = true (custom)
2019-07-13 14:36:58,491 INFO  server.RaftServerConfigKeys (ConfUtils.java:logGet(43)) - raft.server.snapshot.auto.trigger.threshold = 10000 (custom)
2019-07-13 14:36:58,491 INFO  server.RaftServerConfigKeys (ConfUtils.java:logGet(43)) - raft.server.snapshot.auto.trigger.enabled = true (custom)
2019-07-13 14:36:58,491 INFO  server.RaftServerConfigKeys (ConfUtils.java:logGet(43)) - raft.server.retrycache.expirytime = 600000ms (custom)
2019-07-13 14:36:58,492 INFO  server.RaftServerConfigKeys (ConfUtils.java:logGet(43)) - raft.server.snapshot.auto.trigger.threshold = 10000 (custom)
2019-07-13 14:36:58,492 INFO  impl.RaftServerImpl (RaftServerImpl.java:start(180)) - 289db83c-4a5b-4d17-b8a7-3d36cfd56978: start group-FDAA5B6335B4
2019-07-13 14:36:58,492 INFO  server.RaftServerConfigKeys (ConfUtils.java:logGet(43)) - raft.server.retrycache.expirytime = 600000ms (custom)
2019-07-13 14:36:58,492 INFO  impl.RaftServerImpl (RaftServerImpl.java:setRole(171)) - 289db83c-4a5b-4d17-b8a7-3d36cfd56978:group-FDAA5B6335B4 changes role from null to FOLLOWER at term 0 for startAsFollower
2019-07-13 14:36:58,492 INFO  impl.RaftServerImpl (RaftServerImpl.java:start(180)) - 894dc0c2-216a-4430-b056-07ea893b2db1: start group-FDAA5B6335B4
2019-07-13 14:36:58,492 INFO  impl.RoleInfo (RoleInfo.java:updateAndGet(143)) - 289db83c-4a5b-4d17-b8a7-3d36cfd56978: start FollowerState
2019-07-13 14:36:58,492 INFO  impl.RaftServerImpl (RaftServerImpl.java:setRole(171)) - 894dc0c2-216a-4430-b056-07ea893b2db1:group-FDAA5B6335B4 changes role from null to FOLLOWER at term 0 for startAsFollower
2019-07-13 14:36:58,492 INFO  impl.RoleInfo (RoleInfo.java:updateAndGet(143)) - 894dc0c2-216a-4430-b056-07ea893b2db1: start FollowerState
2019-07-13 14:36:58,493 INFO  util.JmxRegister (JmxRegister.java:tryRegister(44)) - Successfully registered JMX Bean with object name Ratis:service=RaftServer,group=group-FDAA5B6335B4,id=289db83c-4a5b-4d17-b8a7-3d36cfd56978
2019-07-13 14:36:58,493 INFO  util.JmxRegister (JmxRegister.java:tryRegister(44)) - Successfully registered JMX Bean with object name Ratis:service=RaftServer,group=group-FDAA5B6335B4,id=894dc0c2-216a-4430-b056-07ea893b2db1
2019-07-13 14:36:58,495 INFO  pipeline.PipelineStateManager (PipelineStateManager.java:addPipeline(56)) - Created pipeline Pipeline[ Id: 7102e57e-a52c-417e-9122-fdaa5b6335b4, Nodes: 289db83c-4a5b-4d17-b8a7-3d36cfd56978{ip: 192.168.5.172, host: trunk-nightly-mhs6z-4061744966, networkLocation: /default-rack, certSerialId: null}894dc0c2-216a-4430-b056-07ea893b2db1{ip: 192.168.5.172, host: trunk-nightly-mhs6z-4061744966, networkLocation: /default-rack, certSerialId: null}4b05a4d6-cfcf-4ae9-8d1a-cdf55e9a2374{ip: 192.168.5.172, host: trunk-nightly-mhs6z-4061744966, networkLocation: /default-rack, certSerialId: null}, Type:RATIS, Factor:THREE, State:OPEN]
2019-07-13 14:36:58,579 INFO  ozone.MiniOzoneClusterImpl (MiniOzoneClusterImpl.java:lambda$waitForClusterToBeReady$0(142)) - Waiting for cluster to be ready. Got 6 of 7 DN Heartbeats.
2019-07-13 14:36:58,580 INFO  node.SCMNodeManager (SCMNodeManager.java:register(269)) - Registered Data node : a1d08438-0882-4ba4-9a9e-0e144432d131{ip: 192.168.5.172, host: trunk-nightly-mhs6z-4061744966, networkLocation: /default-rack, certSerialId: null}
2019-07-13 14:36:58,589 INFO  impl.RaftServerProxy (RaftServerProxy.java:addNew(89)) - a1d08438-0882-4ba4-9a9e-0e144432d131: addNew group-70FDE1CB347A:[a1d08438-0882-4ba4-9a9e-0e144432d131:192.168.5.172:35414] returns group-70FDE1CB347A:java.util.concurrent.CompletableFuture@18c6aae9[Not completed]
2019-07-13 14:36:58,590 INFO  impl.RaftServerImpl (RaftServerImpl.java:<init>(93)) - a1d08438-0882-4ba4-9a9e-0e144432d131: new RaftServerImpl for group-70FDE1CB347A:[a1d08438-0882-4ba4-9a9e-0e144432d131:192.168.5.172:35414] with ContainerStateMachine:uninitialized
2019-07-13 14:36:58,590 INFO  server.RaftServerConfigKeys (ConfUtils.java:logGet(43)) - raft.server.rpc.timeout.min = 5s (custom)
2019-07-13 14:36:58,590 INFO  server.RaftServerConfigKeys (ConfUtils.java:logGet(43)) - raft.server.rpc.timeout.max = 5200ms (custom)
2019-07-13 14:36:58,590 INFO  server.RaftServerConfigKeys (ConfUtils.java:logGet(43)) - raft.server.rpcslowness.timeout = 120s (custom)
2019-07-13 14:36:58,590 INFO  server.RaftServerConfigKeys (ConfUtils.java:logGet(43)) - raft.server.sleep.deviation.threshold = 300 (default)
2019-07-13 14:36:58,590 INFO  server.RaftServerConfigKeys (ConfUtils.java:logGet(43)) - raft.server.log.appender.install.snapshot.enabled = false (custom)
2019-07-13 14:36:58,590 INFO  impl.RaftServerImpl (ServerState.java:<init>(105)) - a1d08438-0882-4ba4-9a9e-0e144432d131:group-70FDE1CB347A ConfigurationManager, init=-1: [a1d08438-0882-4ba4-9a9e-0e144432d131:192.168.5.172:35414], old=null, confs=<EMPTY_MAP>
2019-07-13 14:36:58,591 INFO  server.RaftServerConfigKeys (ConfUtils.java:logGet(43)) - raft.server.storage.dir = [/tmp/workdir/hadoop-ozone/integration-test/target/test-dir/MiniOzoneClusterImpl-16da60bc-a68b-4f57-8fc0-91e73f0642b4/datanode-6/data/ratis] (custom)
2019-07-13 14:36:58,591 INFO  storage.RaftStorageDirectory (RaftStorageDirectory.java:analyzeStorage(246)) - The storage directory /tmp/workdir/hadoop-ozone/integration-test/target/test-dir/MiniOzoneClusterImpl-16da60bc-a68b-4f57-8fc0-91e73f0642b4/datanode-6/data/ratis/72d36e8f-92c7-447d-bbb4-70fde1cb347a does not exist. Creating ...
2019-07-13 14:36:58,595 INFO  storage.RaftStorageDirectory (RaftStorageDirectory.java:tryLock(328)) - Lock on /tmp/workdir/hadoop-ozone/integration-test/target/test-dir/MiniOzoneClusterImpl-16da60bc-a68b-4f57-8fc0-91e73f0642b4/datanode-6/data/ratis/72d36e8f-92c7-447d-bbb4-70fde1cb347a/in_use.lock acquired by nodename 31544@trunk-nightly-mhs6z-4061744966
2019-07-13 14:36:58,599 INFO  storage.RaftStorage (RaftStorage.java:format(72)) - Storage directory /tmp/workdir/hadoop-ozone/integration-test/target/test-dir/MiniOzoneClusterImpl-16da60bc-a68b-4f57-8fc0-91e73f0642b4/datanode-6/data/ratis/72d36e8f-92c7-447d-bbb4-70fde1cb347a has been successfully formatted.
2019-07-13 14:36:58,600 INFO  ratis.ContainerStateMachine (ContainerStateMachine.java:loadSnapshot(200)) - The snapshot info is null.Setting the last applied index to:(t:0, i:~)
2019-07-13 14:36:58,600 INFO  server.RaftServerConfigKeys (ConfUtils.java:logGet(43)) - raft.server.leader.election.timeout = 120s (custom)
2019-07-13 14:36:58,600 INFO  server.RaftServerConfigKeys (ConfUtils.java:logGet(43)) - raft.server.log.use.memory = false (default)
2019-07-13 14:36:58,600 INFO  server.RaftServerConfigKeys (ConfUtils.java:logGet(43)) - raft.server.log.purge.gap = 1000000000 (custom)
2019-07-13 14:36:58,600 INFO  server.RaftServerConfigKeys (ConfUtils.java:logGet(43)) - raft.server.log.appender.buffer.byte-limit = 33554432 (custom)
2019-07-13 14:36:58,601 INFO  server.RaftServerConfigKeys (ConfUtils.java:logGet(43)) - raft.server.log.segment.size.max = 1048576 (custom)
2019-07-13 14:36:58,601 INFO  server.RaftServerConfigKeys (ConfUtils.java:logGet(43)) - raft.server.log.segment.cache.num.max = 2 (custom)
2019-07-13 14:36:58,601 INFO  segmented.SegmentedRaftLogWorker (SegmentedRaftLogWorker.java:<init>(172)) - new a1d08438-0882-4ba4-9a9e-0e144432d131-SegmentedRaftLogWorker:Storage Directory /tmp/workdir/hadoop-ozone/integration-test/target/test-dir/MiniOzoneClusterImpl-16da60bc-a68b-4f57-8fc0-91e73f0642b4/datanode-6/data/ratis/72d36e8f-92c7-447d-bbb4-70fde1cb347a for RaftStorage:Storage Directory /tmp/workdir/hadoop-ozone/integration-test/target/test-dir/MiniOzoneClusterImpl-16da60bc-a68b-4f57-8fc0-91e73f0642b4/datanode-6/data/ratis/72d36e8f-92c7-447d-bbb4-70fde1cb347a
2019-07-13 14:36:58,601 INFO  server.RaftServerConfigKeys (ConfUtils.java:logGet(43)) - raft.server.log.queue.byte-limit = 2147483647 (custom)
2019-07-13 14:36:58,601 INFO  server.RaftServerConfigKeys (ConfUtils.java:logGet(43)) - raft.server.log.queue.element-limit = 1024 (custom)
2019-07-13 14:36:58,601 INFO  server.RaftServerConfigKeys (ConfUtils.java:logGet(43)) - raft.server.log.segment.size.max = 1048576 (custom)
2019-07-13 14:36:58,602 INFO  server.RaftServerConfigKeys (ConfUtils.java:logGet(43)) - raft.server.log.preallocated.size = 16384 (custom)
2019-07-13 14:36:58,602 INFO  server.RaftServerConfigKeys (ConfUtils.java:logGet(43)) - raft.server.log.write.buffer.size = 33554432 (custom)
2019-07-13 14:36:58,602 INFO  server.RaftServerConfigKeys (ConfUtils.java:logGet(43)) - raft.server.log.force.sync.num = 128 (default)
2019-07-13 14:36:58,602 INFO  server.RaftServerConfigKeys (ConfUtils.java:logGet(43)) - raft.server.log.statemachine.data.sync = true (default)
2019-07-13 14:36:58,602 INFO  server.RaftServerConfigKeys (ConfUtils.java:logGet(43)) - raft.server.log.statemachine.data.sync.timeout = 10s (default)
2019-07-13 14:36:58,602 INFO  server.RaftServerConfigKeys (ConfUtils.java:logGet(43)) - raft.server.log.statemachine.data.sync.timeout.retry = -1 (default)
2019-07-13 14:36:58,603 INFO  server.RaftServerConfigKeys (ConfUtils.java:logGet(43)) - raft.server.log.statemachine.data.caching.enabled = true (custom)
2019-07-13 14:36:58,603 INFO  segmented.SegmentedRaftLogWorker (SegmentedRaftLogWorker.java:lambda$new$0(132)) - a1d08438-0882-4ba4-9a9e-0e144432d131-SegmentedRaftLogWorker:Storage Directory /tmp/workdir/hadoop-ozone/integration-test/target/test-dir/MiniOzoneClusterImpl-16da60bc-a68b-4f57-8fc0-91e73f0642b4/datanode-6/data/ratis/72d36e8f-92c7-447d-bbb4-70fde1cb347a: flushIndex: setUnconditionally 0 -> -1
2019-07-13 14:36:58,603 INFO  server.RaftServerConfigKeys (ConfUtils.java:logGet(43)) - raft.server.snapshot.auto.trigger.enabled = true (custom)
2019-07-13 14:36:58,603 INFO  server.RaftServerConfigKeys (ConfUtils.java:logGet(43)) - raft.server.snapshot.auto.trigger.threshold = 10000 (custom)
2019-07-13 14:36:58,604 INFO  server.RaftServerConfigKeys (ConfUtils.java:logGet(43)) - raft.server.retrycache.expirytime = 600000ms (custom)
2019-07-13 14:36:58,604 INFO  impl.RaftServerImpl (RaftServerImpl.java:start(180)) - a1d08438-0882-4ba4-9a9e-0e144432d131: start group-70FDE1CB347A
2019-07-13 14:36:58,604 INFO  impl.RaftServerImpl (RaftServerImpl.java:setRole(171)) - a1d08438-0882-4ba4-9a9e-0e144432d131:group-70FDE1CB347A changes role from null to FOLLOWER at term 0 for startAsFollower
2019-07-13 14:36:58,604 INFO  impl.RoleInfo (RoleInfo.java:updateAndGet(143)) - a1d08438-0882-4ba4-9a9e-0e144432d131: start FollowerState
2019-07-13 14:36:58,605 INFO  util.JmxRegister (JmxRegister.java:tryRegister(44)) - Successfully registered JMX Bean with object name Ratis:service=RaftServer,group=group-70FDE1CB347A,id=a1d08438-0882-4ba4-9a9e-0e144432d131
2019-07-13 14:36:58,606 INFO  pipeline.PipelineStateManager (PipelineStateManager.java:addPipeline(56)) - Created pipeline Pipeline[ Id: 72d36e8f-92c7-447d-bbb4-70fde1cb347a, Nodes: a1d08438-0882-4ba4-9a9e-0e144432d131{ip: 192.168.5.172, host: trunk-nightly-mhs6z-4061744966, networkLocation: /default-rack, certSerialId: null}, Type:RATIS, Factor:ONE, State:OPEN]
2019-07-13 14:36:59,580 INFO  ozone.MiniOzoneClusterImpl (MiniOzoneClusterImpl.java:lambda$waitForClusterToBeReady$0(142)) - Cluster is ready. Got 7 of 7 DN Heartbeats.
2019-07-13 14:36:59,615 INFO  rpc.RpcClient (RpcClient.java:createVolume(287)) - Creating Volume: testblockoutputstream, with jenkins1000 as owner.
2019-07-13 14:36:59,630 INFO  rpc.RpcClient (RpcClient.java:createBucket(424)) - Creating Bucket: testblockoutputstream/testblockoutputstream, with Versioning false and Storage Type set to DISK and Encryption set to false 
2019-07-13 14:36:59,659 INFO  client.GrpcClientProtocolClient (GrpcClientProtocolClient.java:onNext(255)) - client-48349CFC8607->96de7e06-7a77-473f-9a3b-c9533c91019d: receive RaftClientReply:client-48349CFC8607->96de7e06-7a77-473f-9a3b-c9533c91019d@group-8348FAD10384, cid=213, FAILED org.apache.ratis.protocol.NotLeaderException: Server 96de7e06-7a77-473f-9a3b-c9533c91019d is not the leader (null). Request must be sent to leader., logIndex=0, commits[96de7e06-7a77-473f-9a3b-c9533c91019d:c-1]
2019-07-13 14:37:00,301 INFO  container.ReplicationManager (ReplicationManager.java:start(155)) - Starting Replication Monitor Thread.
2019-07-13 14:37:00,304 INFO  container.ReplicationManager (ReplicationManager.java:run(207)) - Replication Monitor Thread took 0 milliseconds for processing 1 containers.
2019-07-13 14:37:00,682 INFO  client.GrpcClientProtocolClient (GrpcClientProtocolClient.java:onNext(255)) - client-48349CFC8607->9b5d1350-3fc6-47c1-a971-496d9ec6ae4c: receive RaftClientReply:client-48349CFC8607->9b5d1350-3fc6-47c1-a971-496d9ec6ae4c@group-8348FAD10384, cid=213, FAILED org.apache.ratis.protocol.NotLeaderException: Server 9b5d1350-3fc6-47c1-a971-496d9ec6ae4c is not the leader (null). Request must be sent to leader., logIndex=0, commits[9b5d1350-3fc6-47c1-a971-496d9ec6ae4c:c-1]
2019-07-13 14:37:01,696 INFO  client.GrpcClientProtocolClient (GrpcClientProtocolClient.java:onNext(255)) - client-48349CFC8607->96de7e06-7a77-473f-9a3b-c9533c91019d: receive RaftClientReply:client-48349CFC8607->96de7e06-7a77-473f-9a3b-c9533c91019d@group-8348FAD10384, cid=213, FAILED org.apache.ratis.protocol.NotLeaderException: Server 96de7e06-7a77-473f-9a3b-c9533c91019d is not the leader (null). Request must be sent to leader., logIndex=0, commits[96de7e06-7a77-473f-9a3b-c9533c91019d:c-1]
2019-07-13 14:37:02,508 INFO  impl.FollowerState (FollowerState.java:run(106)) - 96de7e06-7a77-473f-9a3b-c9533c91019d:group-AF2503E37B1B changes to CANDIDATE, lastRpcTime:5166, electionTimeout:5166ms
2019-07-13 14:37:02,508 INFO  impl.RoleInfo (RoleInfo.java:shutdownFollowerState(121)) - 96de7e06-7a77-473f-9a3b-c9533c91019d: shutdown FollowerState
2019-07-13 14:37:02,508 INFO  impl.RaftServerImpl (RaftServerImpl.java:setRole(171)) - 96de7e06-7a77-473f-9a3b-c9533c91019d:group-AF2503E37B1B changes role from FOLLOWER to CANDIDATE at term 0 for changeToCandidate
2019-07-13 14:37:02,508 INFO  impl.RoleInfo (RoleInfo.java:updateAndGet(143)) - 96de7e06-7a77-473f-9a3b-c9533c91019d: start LeaderElection
2019-07-13 14:37:02,533 INFO  impl.LeaderElection (LeaderElection.java:askForVotes(181)) - 96de7e06-7a77-473f-9a3b-c9533c91019d:group-AF2503E37B1B:LeaderElection76: begin an election at term 1 for -1: [96de7e06-7a77-473f-9a3b-c9533c91019d:192.168.5.172:45944], old=null
2019-07-13 14:37:02,533 INFO  impl.RoleInfo (RoleInfo.java:shutdownLeaderElection(134)) - 96de7e06-7a77-473f-9a3b-c9533c91019d: shutdown LeaderElection
2019-07-13 14:37:02,533 INFO  impl.RaftServerImpl (RaftServerImpl.java:setRole(171)) - 96de7e06-7a77-473f-9a3b-c9533c91019d:group-AF2503E37B1B changes role from CANDIDATE to LEADER at term 1 for changeToLeader
2019-07-13 14:37:02,533 INFO  impl.RaftServerImpl (ServerState.java:setLeader(263)) - 96de7e06-7a77-473f-9a3b-c9533c91019d:group-AF2503E37B1B change Leader from null to 96de7e06-7a77-473f-9a3b-c9533c91019d at term 1 for becomeLeader, leader elected after 5196ms
2019-07-13 14:37:02,533 INFO  server.RaftServerConfigKeys (ConfUtils.java:logGet(43)) - raft.server.staging.catchup.gap = 1000 (default)
2019-07-13 14:37:02,534 INFO  server.RaftServerConfigKeys (ConfUtils.java:logGet(43)) - raft.server.rpc.sleep.time = 25ms (default)
2019-07-13 14:37:02,534 INFO  server.RaftServerConfigKeys (ConfUtils.java:logGet(43)) - raft.server.write.element-limit = 4096 (default)
2019-07-13 14:37:02,534 INFO  server.RaftServerConfigKeys (ConfUtils.java:logGet(43)) - raft.server.watch.timeout = 10s (default)
2019-07-13 14:37:02,534 INFO  server.RaftServerConfigKeys (ConfUtils.java:logGet(43)) - raft.server.watch.timeout.denomination = 1s (default)
2019-07-13 14:37:02,534 INFO  server.RaftServerConfigKeys (ConfUtils.java:logGet(43)) - raft.server.watch.element-limit = 65536 (default)
2019-07-13 14:37:02,535 INFO  impl.RoleInfo (RoleInfo.java:updateAndGet(143)) - 96de7e06-7a77-473f-9a3b-c9533c91019d: start LeaderState
2019-07-13 14:37:02,535 INFO  segmented.SegmentedRaftLogWorker (SegmentedRaftLogWorker.java:startLogSegment(380)) - 96de7e06-7a77-473f-9a3b-c9533c91019d-SegmentedRaftLogWorker:Storage Directory /tmp/workdir/hadoop-ozone/integration-test/target/test-dir/MiniOzoneClusterImpl-16da60bc-a68b-4f57-8fc0-91e73f0642b4/datanode-0/data/ratis/499b84be-643e-497e-9fcd-af2503e37b1b: Starting segment from index:0
2019-07-13 14:37:02,536 INFO  impl.RaftServerImpl (ServerState.java:setRaftConf(361)) - 96de7e06-7a77-473f-9a3b-c9533c91019d:group-AF2503E37B1B set configuration 0: [96de7e06-7a77-473f-9a3b-c9533c91019d:192.168.5.172:45944], old=null at 0
2019-07-13 14:37:02,558 INFO  segmented.SegmentedRaftLogWorker (SegmentedRaftLogWorker.java:execute(569)) - 96de7e06-7a77-473f-9a3b-c9533c91019d-SegmentedRaftLogWorker:Storage Directory /tmp/workdir/hadoop-ozone/integration-test/target/test-dir/MiniOzoneClusterImpl-16da60bc-a68b-4f57-8fc0-91e73f0642b4/datanode-0/data/ratis/499b84be-643e-497e-9fcd-af2503e37b1b: created new log segment /tmp/workdir/hadoop-ozone/integration-test/target/test-dir/MiniOzoneClusterImpl-16da60bc-a68b-4f57-8fc0-91e73f0642b4/datanode-0/data/ratis/499b84be-643e-497e-9fcd-af2503e37b1b/current/log_inprogress_0
2019-07-13 14:37:02,707 INFO  client.GrpcClientProtocolClient (GrpcClientProtocolClient.java:onNext(255)) - client-48349CFC8607->1be32d53-114d-4e93-931f-dbb99198ce5c: receive RaftClientReply:client-48349CFC8607->1be32d53-114d-4e93-931f-dbb99198ce5c@group-8348FAD10384, cid=213, FAILED org.apache.ratis.protocol.NotLeaderException: Server 1be32d53-114d-4e93-931f-dbb99198ce5c is not the leader (null). Request must be sent to leader., logIndex=0, commits[1be32d53-114d-4e93-931f-dbb99198ce5c:c-1]
2019-07-13 14:37:02,713 INFO  impl.FollowerState (FollowerState.java:run(106)) - 9b5d1350-3fc6-47c1-a971-496d9ec6ae4c:group-C93D8C2BA8CB changes to CANDIDATE, lastRpcTime:5171, electionTimeout:5171ms
2019-07-13 14:37:02,713 INFO  impl.RoleInfo (RoleInfo.java:shutdownFollowerState(121)) - 9b5d1350-3fc6-47c1-a971-496d9ec6ae4c: shutdown FollowerState
2019-07-13 14:37:02,713 INFO  impl.RaftServerImpl (RaftServerImpl.java:setRole(171)) - 9b5d1350-3fc6-47c1-a971-496d9ec6ae4c:group-C93D8C2BA8CB changes role from FOLLOWER to CANDIDATE at term 0 for changeToCandidate
2019-07-13 14:37:02,713 INFO  impl.RoleInfo (RoleInfo.java:updateAndGet(143)) - 9b5d1350-3fc6-47c1-a971-496d9ec6ae4c: start LeaderElection
2019-07-13 14:37:02,724 INFO  impl.FollowerState (FollowerState.java:run(106)) - 1be32d53-114d-4e93-931f-dbb99198ce5c:group-301F1798ADE4 changes to CANDIDATE, lastRpcTime:5032, electionTimeout:5027ms
2019-07-13 14:37:02,727 INFO  impl.RoleInfo (RoleInfo.java:shutdownFollowerState(121)) - 1be32d53-114d-4e93-931f-dbb99198ce5c: shutdown FollowerState
2019-07-13 14:37:02,729 INFO  impl.RaftServerImpl (RaftServerImpl.java:setRole(171)) - 1be32d53-114d-4e93-931f-dbb99198ce5c:group-301F1798ADE4 changes role from FOLLOWER to CANDIDATE at term 0 for changeToCandidate
2019-07-13 14:37:02,729 INFO  impl.RoleInfo (RoleInfo.java:updateAndGet(143)) - 1be32d53-114d-4e93-931f-dbb99198ce5c: start LeaderElection
2019-07-13 14:37:02,746 INFO  impl.LeaderElection (LeaderElection.java:askForVotes(181)) - 1be32d53-114d-4e93-931f-dbb99198ce5c:group-301F1798ADE4:LeaderElection78: begin an election at term 1 for -1: [1be32d53-114d-4e93-931f-dbb99198ce5c:192.168.5.172:36477], old=null
2019-07-13 14:37:02,746 INFO  impl.LeaderElection (LeaderElection.java:askForVotes(181)) - 9b5d1350-3fc6-47c1-a971-496d9ec6ae4c:group-C93D8C2BA8CB:LeaderElection77: begin an election at term 1 for -1: [9b5d1350-3fc6-47c1-a971-496d9ec6ae4c:192.168.5.172:34125], old=null
2019-07-13 14:37:02,746 INFO  impl.RoleInfo (RoleInfo.java:shutdownLeaderElection(134)) - 1be32d53-114d-4e93-931f-dbb99198ce5c: shutdown LeaderElection
2019-07-13 14:37:02,746 INFO  impl.RoleInfo (RoleInfo.java:shutdownLeaderElection(134)) - 9b5d1350-3fc6-47c1-a971-496d9ec6ae4c: shutdown LeaderElection
2019-07-13 14:37:02,746 INFO  impl.RaftServerImpl (RaftServerImpl.java:setRole(171)) - 1be32d53-114d-4e93-931f-dbb99198ce5c:group-301F1798ADE4 changes role from CANDIDATE to LEADER at term 1 for changeToLeader
2019-07-13 14:37:02,746 INFO  impl.RaftServerImpl (RaftServerImpl.java:setRole(171)) - 9b5d1350-3fc6-47c1-a971-496d9ec6ae4c:group-C93D8C2BA8CB changes role from CANDIDATE to LEADER at term 1 for changeToLeader
2019-07-13 14:37:02,747 INFO  impl.RaftServerImpl (ServerState.java:setLeader(263)) - 1be32d53-114d-4e93-931f-dbb99198ce5c:group-301F1798ADE4 change Leader from null to 1be32d53-114d-4e93-931f-dbb99198ce5c at term 1 for becomeLeader, leader elected after 5059ms
2019-07-13 14:37:02,747 INFO  impl.RaftServerImpl (ServerState.java:setLeader(263)) - 9b5d1350-3fc6-47c1-a971-496d9ec6ae4c:group-C93D8C2BA8CB change Leader from null to 9b5d1350-3fc6-47c1-a971-496d9ec6ae4c at term 1 for becomeLeader, leader elected after 5210ms
2019-07-13 14:37:02,747 INFO  server.RaftServerConfigKeys (ConfUtils.java:logGet(43)) - raft.server.staging.catchup.gap = 1000 (default)
2019-07-13 14:37:02,747 INFO  server.RaftServerConfigKeys (ConfUtils.java:logGet(43)) - raft.server.staging.catchup.gap = 1000 (default)
2019-07-13 14:37:02,747 INFO  server.RaftServerConfigKeys (ConfUtils.java:logGet(43)) - raft.server.rpc.sleep.time = 25ms (default)
2019-07-13 14:37:02,747 INFO  server.RaftServerConfigKeys (ConfUtils.java:logGet(43)) - raft.server.rpc.sleep.time = 25ms (default)
2019-07-13 14:37:02,747 INFO  server.RaftServerConfigKeys (ConfUtils.java:logGet(43)) - raft.server.write.element-limit = 4096 (default)
2019-07-13 14:37:02,748 INFO  server.RaftServerConfigKeys (ConfUtils.java:logGet(43)) - raft.server.write.element-limit = 4096 (default)
2019-07-13 14:37:02,748 INFO  server.RaftServerConfigKeys (ConfUtils.java:logGet(43)) - raft.server.watch.timeout = 10s (default)
2019-07-13 14:37:02,748 INFO  server.RaftServerConfigKeys (ConfUtils.java:logGet(43)) - raft.server.watch.timeout = 10s (default)
2019-07-13 14:37:02,748 INFO  server.RaftServerConfigKeys (ConfUtils.java:logGet(43)) - raft.server.watch.timeout.denomination = 1s (default)
2019-07-13 14:37:02,748 INFO  server.RaftServerConfigKeys (ConfUtils.java:logGet(43)) - raft.server.watch.timeout.denomination = 1s (default)
2019-07-13 14:37:02,748 INFO  server.RaftServerConfigKeys (ConfUtils.java:logGet(43)) - raft.server.watch.element-limit = 65536 (default)
2019-07-13 14:37:02,748 INFO  server.RaftServerConfigKeys (ConfUtils.java:logGet(43)) - raft.server.watch.element-limit = 65536 (default)
2019-07-13 14:37:02,749 INFO  impl.RoleInfo (RoleInfo.java:updateAndGet(143)) - 1be32d53-114d-4e93-931f-dbb99198ce5c: start LeaderState
2019-07-13 14:37:02,749 INFO  impl.RoleInfo (RoleInfo.java:updateAndGet(143)) - 9b5d1350-3fc6-47c1-a971-496d9ec6ae4c: start LeaderState
2019-07-13 14:37:02,749 INFO  segmented.SegmentedRaftLogWorker (SegmentedRaftLogWorker.java:startLogSegment(380)) - 1be32d53-114d-4e93-931f-dbb99198ce5c-SegmentedRaftLogWorker:Storage Directory /tmp/workdir/hadoop-ozone/integration-test/target/test-dir/MiniOzoneClusterImpl-16da60bc-a68b-4f57-8fc0-91e73f0642b4/datanode-2/data/ratis/ed8fda4c-1195-4ccf-b10d-301f1798ade4: Starting segment from index:0
2019-07-13 14:37:02,749 INFO  segmented.SegmentedRaftLogWorker (SegmentedRaftLogWorker.java:startLogSegment(380)) - 9b5d1350-3fc6-47c1-a971-496d9ec6ae4c-SegmentedRaftLogWorker:Storage Directory /tmp/workdir/hadoop-ozone/integration-test/target/test-dir/MiniOzoneClusterImpl-16da60bc-a68b-4f57-8fc0-91e73f0642b4/datanode-1/data/ratis/f0079d77-f19a-41ce-aabb-c93d8c2ba8cb: Starting segment from index:0
2019-07-13 14:37:02,750 INFO  impl.RaftServerImpl (ServerState.java:setRaftConf(361)) - 1be32d53-114d-4e93-931f-dbb99198ce5c:group-301F1798ADE4 set configuration 0: [1be32d53-114d-4e93-931f-dbb99198ce5c:192.168.5.172:36477], old=null at 0
2019-07-13 14:37:02,750 INFO  impl.RaftServerImpl (ServerState.java:setRaftConf(361)) - 9b5d1350-3fc6-47c1-a971-496d9ec6ae4c:group-C93D8C2BA8CB set configuration 0: [9b5d1350-3fc6-47c1-a971-496d9ec6ae4c:192.168.5.172:34125], old=null at 0
2019-07-13 14:37:02,773 INFO  segmented.SegmentedRaftLogWorker (SegmentedRaftLogWorker.java:execute(569)) - 9b5d1350-3fc6-47c1-a971-496d9ec6ae4c-SegmentedRaftLogWorker:Storage Directory /tmp/workdir/hadoop-ozone/integration-test/target/test-dir/MiniOzoneClusterImpl-16da60bc-a68b-4f57-8fc0-91e73f0642b4/datanode-1/data/ratis/f0079d77-f19a-41ce-aabb-c93d8c2ba8cb: created new log segment /tmp/workdir/hadoop-ozone/integration-test/target/test-dir/MiniOzoneClusterImpl-16da60bc-a68b-4f57-8fc0-91e73f0642b4/datanode-1/data/ratis/f0079d77-f19a-41ce-aabb-c93d8c2ba8cb/current/log_inprogress_0
2019-07-13 14:37:02,773 INFO  segmented.SegmentedRaftLogWorker (SegmentedRaftLogWorker.java:execute(569)) - 1be32d53-114d-4e93-931f-dbb99198ce5c-SegmentedRaftLogWorker:Storage Directory /tmp/workdir/hadoop-ozone/integration-test/target/test-dir/MiniOzoneClusterImpl-16da60bc-a68b-4f57-8fc0-91e73f0642b4/datanode-2/data/ratis/ed8fda4c-1195-4ccf-b10d-301f1798ade4: created new log segment /tmp/workdir/hadoop-ozone/integration-test/target/test-dir/MiniOzoneClusterImpl-16da60bc-a68b-4f57-8fc0-91e73f0642b4/datanode-2/data/ratis/ed8fda4c-1195-4ccf-b10d-301f1798ade4/current/log_inprogress_0
2019-07-13 14:37:02,831 INFO  impl.FollowerState (FollowerState.java:run(106)) - 1be32d53-114d-4e93-931f-dbb99198ce5c:group-8348FAD10384 changes to CANDIDATE, lastRpcTime:5096, electionTimeout:5096ms
2019-07-13 14:37:02,831 INFO  impl.RoleInfo (RoleInfo.java:shutdownFollowerState(121)) - 1be32d53-114d-4e93-931f-dbb99198ce5c: shutdown FollowerState
2019-07-13 14:37:02,831 INFO  impl.RaftServerImpl (RaftServerImpl.java:setRole(171)) - 1be32d53-114d-4e93-931f-dbb99198ce5c:group-8348FAD10384 changes role from FOLLOWER to CANDIDATE at term 0 for changeToCandidate
2019-07-13 14:37:02,831 INFO  impl.RoleInfo (RoleInfo.java:updateAndGet(143)) - 1be32d53-114d-4e93-931f-dbb99198ce5c: start LeaderElection
2019-07-13 14:37:02,840 INFO  impl.LeaderElection (LeaderElection.java:askForVotes(181)) - 1be32d53-114d-4e93-931f-dbb99198ce5c:group-8348FAD10384:LeaderElection79: begin an election at term 1 for -1: [9b5d1350-3fc6-47c1-a971-496d9ec6ae4c:192.168.5.172:34125, 1be32d53-114d-4e93-931f-dbb99198ce5c:192.168.5.172:36477, 96de7e06-7a77-473f-9a3b-c9533c91019d:192.168.5.172:45944], old=null
2019-07-13 14:37:02,847 INFO  impl.RaftServerImpl (RaftServerImpl.java:setRole(171)) - 96de7e06-7a77-473f-9a3b-c9533c91019d:group-8348FAD10384 changes role from FOLLOWER to FOLLOWER at term 1 for recognizeCandidate:1be32d53-114d-4e93-931f-dbb99198ce5c
2019-07-13 14:37:02,847 INFO  impl.RaftServerImpl (RaftServerImpl.java:setRole(171)) - 9b5d1350-3fc6-47c1-a971-496d9ec6ae4c:group-8348FAD10384 changes role from FOLLOWER to FOLLOWER at term 1 for recognizeCandidate:1be32d53-114d-4e93-931f-dbb99198ce5c
2019-07-13 14:37:02,848 INFO  impl.RoleInfo (RoleInfo.java:shutdownFollowerState(121)) - 9b5d1350-3fc6-47c1-a971-496d9ec6ae4c: shutdown FollowerState
2019-07-13 14:37:02,847 INFO  impl.RoleInfo (RoleInfo.java:shutdownFollowerState(121)) - 96de7e06-7a77-473f-9a3b-c9533c91019d: shutdown FollowerState
2019-07-13 14:37:02,848 INFO  impl.FollowerState (FollowerState.java:run(114)) - 9b5d1350-3fc6-47c1-a971-496d9ec6ae4c: FollowerState was interrupted: java.lang.InterruptedException: sleep interrupted
2019-07-13 14:37:02,848 INFO  impl.FollowerState (FollowerState.java:run(114)) - 96de7e06-7a77-473f-9a3b-c9533c91019d: FollowerState was interrupted: java.lang.InterruptedException: sleep interrupted
2019-07-13 14:37:02,848 INFO  impl.RoleInfo (RoleInfo.java:updateAndGet(143)) - 9b5d1350-3fc6-47c1-a971-496d9ec6ae4c: start FollowerState
2019-07-13 14:37:02,848 INFO  impl.RoleInfo (RoleInfo.java:updateAndGet(143)) - 96de7e06-7a77-473f-9a3b-c9533c91019d: start FollowerState
2019-07-13 14:37:02,855 INFO  impl.LeaderElection (LeaderElection.java:logAndReturn(56)) - 1be32d53-114d-4e93-931f-dbb99198ce5c:group-8348FAD10384:LeaderElection79: Election PASSED; received 1 response(s) [1be32d53-114d-4e93-931f-dbb99198ce5c<-96de7e06-7a77-473f-9a3b-c9533c91019d#0:OK-t1] and 0 exception(s); 1be32d53-114d-4e93-931f-dbb99198ce5c:t1, leader=null, voted=1be32d53-114d-4e93-931f-dbb99198ce5c, raftlog=1be32d53-114d-4e93-931f-dbb99198ce5c-SegmentedRaftLog:OPENED:c-1,f-1,i0, conf=-1: [9b5d1350-3fc6-47c1-a971-496d9ec6ae4c:192.168.5.172:34125, 1be32d53-114d-4e93-931f-dbb99198ce5c:192.168.5.172:36477, 96de7e06-7a77-473f-9a3b-c9533c91019d:192.168.5.172:45944], old=null
2019-07-13 14:37:02,855 INFO  impl.RoleInfo (RoleInfo.java:shutdownLeaderElection(134)) - 1be32d53-114d-4e93-931f-dbb99198ce5c: shutdown LeaderElection
2019-07-13 14:37:02,855 INFO  impl.RaftServerImpl (RaftServerImpl.java:setRole(171)) - 1be32d53-114d-4e93-931f-dbb99198ce5c:group-8348FAD10384 changes role from CANDIDATE to LEADER at term 1 for changeToLeader
2019-07-13 14:37:02,855 INFO  impl.RaftServerImpl (ServerState.java:setLeader(263)) - 1be32d53-114d-4e93-931f-dbb99198ce5c:group-8348FAD10384 change Leader from null to 1be32d53-114d-4e93-931f-dbb99198ce5c at term 1 for becomeLeader, leader elected after 5127ms
2019-07-13 14:37:02,855 INFO  server.RaftServerConfigKeys (ConfUtils.java:logGet(43)) - raft.server.staging.catchup.gap = 1000 (default)
2019-07-13 14:37:02,856 INFO  server.RaftServerConfigKeys (ConfUtils.java:logGet(43)) - raft.server.rpc.sleep.time = 25ms (default)
2019-07-13 14:37:02,856 INFO  server.RaftServerConfigKeys (ConfUtils.java:logGet(43)) - raft.server.write.element-limit = 4096 (default)
2019-07-13 14:37:02,856 INFO  server.RaftServerConfigKeys (ConfUtils.java:logGet(43)) - raft.server.watch.timeout = 10s (default)
2019-07-13 14:37:02,856 INFO  server.RaftServerConfigKeys (ConfUtils.java:logGet(43)) - raft.server.watch.timeout.denomination = 1s (default)
2019-07-13 14:37:02,856 INFO  server.RaftServerConfigKeys (ConfUtils.java:logGet(43)) - raft.server.watch.element-limit = 65536 (default)
2019-07-13 14:37:02,856 INFO  server.RaftServerConfigKeys (ConfUtils.java:logGet(43)) - raft.server.log.appender.snapshot.chunk.size.max = 16MB (=16777216) (default)
2019-07-13 14:37:02,857 INFO  server.RaftServerConfigKeys (ConfUtils.java:logGet(43)) - raft.server.log.appender.buffer.byte-limit = 33554432 (custom)
2019-07-13 14:37:02,857 INFO  server.RaftServerConfigKeys (ConfUtils.java:logGet(43)) - raft.server.log.appender.buffer.element-limit = 1 (custom)
2019-07-13 14:37:02,857 INFO  grpc.GrpcConfigKeys$Server (ConfUtils.java:logGet(43)) - raft.grpc.server.leader.outstanding.appends.max = 128 (default)
2019-07-13 14:37:02,857 INFO  server.RaftServerConfigKeys (ConfUtils.java:logGet(43)) - raft.server.rpc.request.timeout = 3000ms (default)
2019-07-13 14:37:02,857 INFO  server.RaftServerConfigKeys (ConfUtils.java:logGet(43)) - raft.server.log.appender.install.snapshot.enabled = false (custom)
2019-07-13 14:37:02,857 INFO  server.RaftServerConfigKeys (ConfUtils.java:logGet(43)) - raft.server.log.appender.snapshot.chunk.size.max = 16MB (=16777216) (default)
2019-07-13 14:37:02,858 INFO  server.RaftServerConfigKeys (ConfUtils.java:logGet(43)) - raft.server.log.appender.buffer.byte-limit = 33554432 (custom)
2019-07-13 14:37:02,858 INFO  server.RaftServerConfigKeys (ConfUtils.java:logGet(43)) - raft.server.log.appender.buffer.element-limit = 1 (custom)
2019-07-13 14:37:02,858 INFO  grpc.GrpcConfigKeys$Server (ConfUtils.java:logGet(43)) - raft.grpc.server.leader.outstanding.appends.max = 128 (default)
2019-07-13 14:37:02,858 INFO  server.RaftServerConfigKeys (ConfUtils.java:logGet(43)) - raft.server.rpc.request.timeout = 3000ms (default)
2019-07-13 14:37:02,858 INFO  server.RaftServerConfigKeys (ConfUtils.java:logGet(43)) - raft.server.log.appender.install.snapshot.enabled = false (custom)
2019-07-13 14:37:02,858 INFO  impl.RoleInfo (RoleInfo.java:updateAndGet(143)) - 1be32d53-114d-4e93-931f-dbb99198ce5c: start LeaderState
2019-07-13 14:37:02,859 INFO  segmented.SegmentedRaftLogWorker (SegmentedRaftLogWorker.java:startLogSegment(380)) - 1be32d53-114d-4e93-931f-dbb99198ce5c-SegmentedRaftLogWorker:Storage Directory /tmp/workdir/hadoop-ozone/integration-test/target/test-dir/MiniOzoneClusterImpl-16da60bc-a68b-4f57-8fc0-91e73f0642b4/datanode-2/data/ratis/95da9ee4-4d19-4f55-b326-8348fad10384: Starting segment from index:0
2019-07-13 14:37:02,859 INFO  impl.RaftServerImpl (ServerState.java:setRaftConf(361)) - 1be32d53-114d-4e93-931f-dbb99198ce5c:group-8348FAD10384 set configuration 0: [9b5d1350-3fc6-47c1-a971-496d9ec6ae4c:192.168.5.172:34125, 1be32d53-114d-4e93-931f-dbb99198ce5c:192.168.5.172:36477, 96de7e06-7a77-473f-9a3b-c9533c91019d:192.168.5.172:45944], old=null at 0
2019-07-13 14:37:02,861 INFO  impl.RaftServerImpl (ServerState.java:setLeader(263)) - 96de7e06-7a77-473f-9a3b-c9533c91019d:group-8348FAD10384 change Leader from null to 1be32d53-114d-4e93-931f-dbb99198ce5c at term 1 for appendEntries, leader elected after 5132ms
2019-07-13 14:37:02,861 INFO  impl.RaftServerImpl (ServerState.java:setLeader(263)) - 9b5d1350-3fc6-47c1-a971-496d9ec6ae4c:group-8348FAD10384 change Leader from null to 1be32d53-114d-4e93-931f-dbb99198ce5c at term 1 for appendEntries, leader elected after 5132ms
2019-07-13 14:37:02,885 INFO  impl.RaftServerImpl (ServerState.java:setRaftConf(361)) - 9b5d1350-3fc6-47c1-a971-496d9ec6ae4c:group-8348FAD10384 set configuration 0: [9b5d1350-3fc6-47c1-a971-496d9ec6ae4c:192.168.5.172:34125, 1be32d53-114d-4e93-931f-dbb99198ce5c:192.168.5.172:36477, 96de7e06-7a77-473f-9a3b-c9533c91019d:192.168.5.172:45944], old=null at 0
2019-07-13 14:37:02,885 INFO  impl.RaftServerImpl (ServerState.java:setRaftConf(361)) - 96de7e06-7a77-473f-9a3b-c9533c91019d:group-8348FAD10384 set configuration 0: [9b5d1350-3fc6-47c1-a971-496d9ec6ae4c:192.168.5.172:34125, 1be32d53-114d-4e93-931f-dbb99198ce5c:192.168.5.172:36477, 96de7e06-7a77-473f-9a3b-c9533c91019d:192.168.5.172:45944], old=null at 0
2019-07-13 14:37:02,885 INFO  segmented.SegmentedRaftLogWorker (SegmentedRaftLogWorker.java:startLogSegment(380)) - 9b5d1350-3fc6-47c1-a971-496d9ec6ae4c-SegmentedRaftLogWorker:Storage Directory /tmp/workdir/hadoop-ozone/integration-test/target/test-dir/MiniOzoneClusterImpl-16da60bc-a68b-4f57-8fc0-91e73f0642b4/datanode-1/data/ratis/95da9ee4-4d19-4f55-b326-8348fad10384: Starting segment from index:0
2019-07-13 14:37:02,885 INFO  segmented.SegmentedRaftLogWorker (SegmentedRaftLogWorker.java:startLogSegment(380)) - 96de7e06-7a77-473f-9a3b-c9533c91019d-SegmentedRaftLogWorker:Storage Directory /tmp/workdir/hadoop-ozone/integration-test/target/test-dir/MiniOzoneClusterImpl-16da60bc-a68b-4f57-8fc0-91e73f0642b4/datanode-0/data/ratis/95da9ee4-4d19-4f55-b326-8348fad10384: Starting segment from index:0
2019-07-13 14:37:02,887 INFO  segmented.SegmentedRaftLogWorker (SegmentedRaftLogWorker.java:execute(569)) - 1be32d53-114d-4e93-931f-dbb99198ce5c-SegmentedRaftLogWorker:Storage Directory /tmp/workdir/hadoop-ozone/integration-test/target/test-dir/MiniOzoneClusterImpl-16da60bc-a68b-4f57-8fc0-91e73f0642b4/datanode-2/data/ratis/95da9ee4-4d19-4f55-b326-8348fad10384: created new log segment /tmp/workdir/hadoop-ozone/integration-test/target/test-dir/MiniOzoneClusterImpl-16da60bc-a68b-4f57-8fc0-91e73f0642b4/datanode-2/data/ratis/95da9ee4-4d19-4f55-b326-8348fad10384/current/log_inprogress_0
2019-07-13 14:37:02,916 INFO  segmented.SegmentedRaftLogWorker (SegmentedRaftLogWorker.java:execute(569)) - 96de7e06-7a77-473f-9a3b-c9533c91019d-SegmentedRaftLogWorker:Storage Directory /tmp/workdir/hadoop-ozone/integration-test/target/test-dir/MiniOzoneClusterImpl-16da60bc-a68b-4f57-8fc0-91e73f0642b4/datanode-0/data/ratis/95da9ee4-4d19-4f55-b326-8348fad10384: created new log segment /tmp/workdir/hadoop-ozone/integration-test/target/test-dir/MiniOzoneClusterImpl-16da60bc-a68b-4f57-8fc0-91e73f0642b4/datanode-0/data/ratis/95da9ee4-4d19-4f55-b326-8348fad10384/current/log_inprogress_0
2019-07-13 14:37:02,921 INFO  segmented.SegmentedRaftLogWorker (SegmentedRaftLogWorker.java:execute(569)) - 9b5d1350-3fc6-47c1-a971-496d9ec6ae4c-SegmentedRaftLogWorker:Storage Directory /tmp/workdir/hadoop-ozone/integration-test/target/test-dir/MiniOzoneClusterImpl-16da60bc-a68b-4f57-8fc0-91e73f0642b4/datanode-1/data/ratis/95da9ee4-4d19-4f55-b326-8348fad10384: created new log segment /tmp/workdir/hadoop-ozone/integration-test/target/test-dir/MiniOzoneClusterImpl-16da60bc-a68b-4f57-8fc0-91e73f0642b4/datanode-1/data/ratis/95da9ee4-4d19-4f55-b326-8348fad10384/current/log_inprogress_0
2019-07-13 14:37:02,947 INFO  impl.FollowerState (FollowerState.java:run(106)) - 894dc0c2-216a-4430-b056-07ea893b2db1:group-5C8DC1E16112 changes to CANDIDATE, lastRpcTime:5066, electionTimeout:5066ms
2019-07-13 14:37:02,947 INFO  impl.RoleInfo (RoleInfo.java:shutdownFollowerState(121)) - 894dc0c2-216a-4430-b056-07ea893b2db1: shutdown FollowerState
2019-07-13 14:37:02,947 INFO  impl.RaftServerImpl (RaftServerImpl.java:setRole(171)) - 894dc0c2-216a-4430-b056-07ea893b2db1:group-5C8DC1E16112 changes role from FOLLOWER to CANDIDATE at term 0 for changeToCandidate
2019-07-13 14:37:02,948 INFO  impl.RoleInfo (RoleInfo.java:updateAndGet(143)) - 894dc0c2-216a-4430-b056-07ea893b2db1: start LeaderElection
2019-07-13 14:37:02,957 INFO  impl.LeaderElection (LeaderElection.java:askForVotes(181)) - 894dc0c2-216a-4430-b056-07ea893b2db1:group-5C8DC1E16112:LeaderElection80: begin an election at term 1 for -1: [894dc0c2-216a-4430-b056-07ea893b2db1:192.168.5.172:36516], old=null
2019-07-13 14:37:02,957 INFO  impl.RoleInfo (RoleInfo.java:shutdownLeaderElection(134)) - 894dc0c2-216a-4430-b056-07ea893b2db1: shutdown LeaderElection
2019-07-13 14:37:02,957 INFO  impl.RaftServerImpl (RaftServerImpl.java:setRole(171)) - 894dc0c2-216a-4430-b056-07ea893b2db1:group-5C8DC1E16112 changes role from CANDIDATE to LEADER at term 1 for changeToLeader
2019-07-13 14:37:02,957 INFO  impl.RaftServerImpl (ServerState.java:setLeader(263)) - 894dc0c2-216a-4430-b056-07ea893b2db1:group-5C8DC1E16112 change Leader from null to 894dc0c2-216a-4430-b056-07ea893b2db1 at term 1 for becomeLeader, leader elected after 5080ms
2019-07-13 14:37:02,958 INFO  server.RaftServerConfigKeys (ConfUtils.java:logGet(43)) - raft.server.staging.catchup.gap = 1000 (default)
2019-07-13 14:37:02,958 INFO  server.RaftServerConfigKeys (ConfUtils.java:logGet(43)) - raft.server.rpc.sleep.time = 25ms (default)
2019-07-13 14:37:02,958 INFO  server.RaftServerConfigKeys (ConfUtils.java:logGet(43)) - raft.server.write.element-limit = 4096 (default)
2019-07-13 14:37:02,958 INFO  server.RaftServerConfigKeys (ConfUtils.java:logGet(43)) - raft.server.watch.timeout = 10s (default)
2019-07-13 14:37:02,958 INFO  server.RaftServerConfigKeys (ConfUtils.java:logGet(43)) - raft.server.watch.timeout.denomination = 1s (default)
2019-07-13 14:37:02,958 INFO  server.RaftServerConfigKeys (ConfUtils.java:logGet(43)) - raft.server.watch.element-limit = 65536 (default)
2019-07-13 14:37:02,959 INFO  impl.RoleInfo (RoleInfo.java:updateAndGet(143)) - 894dc0c2-216a-4430-b056-07ea893b2db1: start LeaderState
2019-07-13 14:37:02,959 INFO  segmented.SegmentedRaftLogWorker (SegmentedRaftLogWorker.java:startLogSegment(380)) - 894dc0c2-216a-4430-b056-07ea893b2db1-SegmentedRaftLogWorker:Storage Directory /tmp/workdir/hadoop-ozone/integration-test/target/test-dir/MiniOzoneClusterImpl-16da60bc-a68b-4f57-8fc0-91e73f0642b4/datanode-3/data/ratis/5cd9856a-832e-4fa0-b0bd-5c8dc1e16112: Starting segment from index:0
2019-07-13 14:37:02,959 INFO  impl.RaftServerImpl (ServerState.java:setRaftConf(361)) - 894dc0c2-216a-4430-b056-07ea893b2db1:group-5C8DC1E16112 set configuration 0: [894dc0c2-216a-4430-b056-07ea893b2db1:192.168.5.172:36516], old=null at 0
2019-07-13 14:37:02,981 INFO  segmented.SegmentedRaftLogWorker (SegmentedRaftLogWorker.java:execute(569)) - 894dc0c2-216a-4430-b056-07ea893b2db1-SegmentedRaftLogWorker:Storage Directory /tmp/workdir/hadoop-ozone/integration-test/target/test-dir/MiniOzoneClusterImpl-16da60bc-a68b-4f57-8fc0-91e73f0642b4/datanode-3/data/ratis/5cd9856a-832e-4fa0-b0bd-5c8dc1e16112: created new log segment /tmp/workdir/hadoop-ozone/integration-test/target/test-dir/MiniOzoneClusterImpl-16da60bc-a68b-4f57-8fc0-91e73f0642b4/datanode-3/data/ratis/5cd9856a-832e-4fa0-b0bd-5c8dc1e16112/current/log_inprogress_0
2019-07-13 14:37:03,278 INFO  impl.FollowerState (FollowerState.java:run(106)) - 289db83c-4a5b-4d17-b8a7-3d36cfd56978:group-FB0B818319E5 changes to CANDIDATE, lastRpcTime:5054, electionTimeout:5054ms
2019-07-13 14:37:03,278 INFO  impl.RoleInfo (RoleInfo.java:shutdownFollowerState(121)) - 289db83c-4a5b-4d17-b8a7-3d36cfd56978: shutdown FollowerState
2019-07-13 14:37:03,278 INFO  impl.RaftServerImpl (RaftServerImpl.java:setRole(171)) - 289db83c-4a5b-4d17-b8a7-3d36cfd56978:group-FB0B818319E5 changes role from FOLLOWER to CANDIDATE at term 0 for changeToCandidate
2019-07-13 14:37:03,279 INFO  impl.RoleInfo (RoleInfo.java:updateAndGet(143)) - 289db83c-4a5b-4d17-b8a7-3d36cfd56978: start LeaderElection
2019-07-13 14:37:03,288 INFO  impl.LeaderElection (LeaderElection.java:askForVotes(181)) - 289db83c-4a5b-4d17-b8a7-3d36cfd56978:group-FB0B818319E5:LeaderElection81: begin an election at term 1 for -1: [289db83c-4a5b-4d17-b8a7-3d36cfd56978:192.168.5.172:38637], old=null
2019-07-13 14:37:03,289 INFO  impl.RoleInfo (RoleInfo.java:shutdownLeaderElection(134)) - 289db83c-4a5b-4d17-b8a7-3d36cfd56978: shutdown LeaderElection
2019-07-13 14:37:03,289 INFO  impl.RaftServerImpl (RaftServerImpl.java:setRole(171)) - 289db83c-4a5b-4d17-b8a7-3d36cfd56978:group-FB0B818319E5 changes role from CANDIDATE to LEADER at term 1 for changeToLeader
2019-07-13 14:37:03,289 INFO  impl.RaftServerImpl (ServerState.java:setLeader(263)) - 289db83c-4a5b-4d17-b8a7-3d36cfd56978:group-FB0B818319E5 change Leader from null to 289db83c-4a5b-4d17-b8a7-3d36cfd56978 at term 1 for becomeLeader, leader elected after 5069ms
2019-07-13 14:37:03,289 INFO  server.RaftServerConfigKeys (ConfUtils.java:logGet(43)) - raft.server.staging.catchup.gap = 1000 (default)
2019-07-13 14:37:03,289 INFO  server.RaftServerConfigKeys (ConfUtils.java:logGet(43)) - raft.server.rpc.sleep.time = 25ms (default)
2019-07-13 14:37:03,289 INFO  server.RaftServerConfigKeys (ConfUtils.java:logGet(43)) - raft.server.write.element-limit = 4096 (default)
2019-07-13 14:37:03,289 INFO  server.RaftServerConfigKeys (ConfUtils.java:logGet(43)) - raft.server.watch.timeout = 10s (default)
2019-07-13 14:37:03,290 INFO  server.RaftServerConfigKeys (ConfUtils.java:logGet(43)) - raft.server.watch.timeout.denomination = 1s (default)
2019-07-13 14:37:03,290 INFO  server.RaftServerConfigKeys (ConfUtils.java:logGet(43)) - raft.server.watch.element-limit = 65536 (default)
2019-07-13 14:37:03,290 INFO  impl.RoleInfo (RoleInfo.java:updateAndGet(143)) - 289db83c-4a5b-4d17-b8a7-3d36cfd56978: start LeaderState
2019-07-13 14:37:03,290 INFO  segmented.SegmentedRaftLogWorker (SegmentedRaftLogWorker.java:startLogSegment(380)) - 289db83c-4a5b-4d17-b8a7-3d36cfd56978-SegmentedRaftLogWorker:Storage Directory /tmp/workdir/hadoop-ozone/integration-test/target/test-dir/MiniOzoneClusterImpl-16da60bc-a68b-4f57-8fc0-91e73f0642b4/datanode-4/data/ratis/b1355288-3ff8-412a-8e65-fb0b818319e5: Starting segment from index:0
2019-07-13 14:37:03,291 INFO  impl.RaftServerImpl (ServerState.java:setRaftConf(361)) - 289db83c-4a5b-4d17-b8a7-3d36cfd56978:group-FB0B818319E5 set configuration 0: [289db83c-4a5b-4d17-b8a7-3d36cfd56978:192.168.5.172:38637], old=null at 0
2019-07-13 14:37:03,312 INFO  segmented.SegmentedRaftLogWorker (SegmentedRaftLogWorker.java:execute(569)) - 289db83c-4a5b-4d17-b8a7-3d36cfd56978-SegmentedRaftLogWorker:Storage Directory /tmp/workdir/hadoop-ozone/integration-test/target/test-dir/MiniOzoneClusterImpl-16da60bc-a68b-4f57-8fc0-91e73f0642b4/datanode-4/data/ratis/b1355288-3ff8-412a-8e65-fb0b818319e5: created new log segment /tmp/workdir/hadoop-ozone/integration-test/target/test-dir/MiniOzoneClusterImpl-16da60bc-a68b-4f57-8fc0-91e73f0642b4/datanode-4/data/ratis/b1355288-3ff8-412a-8e65-fb0b818319e5/current/log_inprogress_0
2019-07-13 14:37:03,509 INFO  impl.FollowerState (FollowerState.java:run(106)) - 894dc0c2-216a-4430-b056-07ea893b2db1:group-FDAA5B6335B4 changes to CANDIDATE, lastRpcTime:5016, electionTimeout:5016ms
2019-07-13 14:37:03,509 INFO  impl.RoleInfo (RoleInfo.java:shutdownFollowerState(121)) - 894dc0c2-216a-4430-b056-07ea893b2db1: shutdown FollowerState
2019-07-13 14:37:03,509 INFO  impl.RaftServerImpl (RaftServerImpl.java:setRole(171)) - 894dc0c2-216a-4430-b056-07ea893b2db1:group-FDAA5B6335B4 changes role from FOLLOWER to CANDIDATE at term 0 for changeToCandidate
2019-07-13 14:37:03,510 INFO  impl.RoleInfo (RoleInfo.java:updateAndGet(143)) - 894dc0c2-216a-4430-b056-07ea893b2db1: start LeaderElection
2019-07-13 14:37:03,515 INFO  impl.FollowerState (FollowerState.java:run(106)) - 289db83c-4a5b-4d17-b8a7-3d36cfd56978:group-FDAA5B6335B4 changes to CANDIDATE, lastRpcTime:5022, electionTimeout:5021ms
2019-07-13 14:37:03,515 INFO  impl.RoleInfo (RoleInfo.java:shutdownFollowerState(121)) - 289db83c-4a5b-4d17-b8a7-3d36cfd56978: shutdown FollowerState
2019-07-13 14:37:03,515 INFO  impl.RaftServerImpl (RaftServerImpl.java:setRole(171)) - 289db83c-4a5b-4d17-b8a7-3d36cfd56978:group-FDAA5B6335B4 changes role from FOLLOWER to CANDIDATE at term 0 for changeToCandidate
2019-07-13 14:37:03,515 INFO  impl.RoleInfo (RoleInfo.java:updateAndGet(143)) - 289db83c-4a5b-4d17-b8a7-3d36cfd56978: start LeaderElection
2019-07-13 14:37:03,529 INFO  impl.LeaderElection (LeaderElection.java:askForVotes(181)) - 289db83c-4a5b-4d17-b8a7-3d36cfd56978:group-FDAA5B6335B4:LeaderElection83: begin an election at term 1 for -1: [289db83c-4a5b-4d17-b8a7-3d36cfd56978:192.168.5.172:38637, 4b05a4d6-cfcf-4ae9-8d1a-cdf55e9a2374:192.168.5.172:33867, 894dc0c2-216a-4430-b056-07ea893b2db1:192.168.5.172:36516], old=null
2019-07-13 14:37:03,529 INFO  impl.LeaderElection (LeaderElection.java:askForVotes(181)) - 894dc0c2-216a-4430-b056-07ea893b2db1:group-FDAA5B6335B4:LeaderElection82: begin an election at term 1 for -1: [289db83c-4a5b-4d17-b8a7-3d36cfd56978:192.168.5.172:38637, 4b05a4d6-cfcf-4ae9-8d1a-cdf55e9a2374:192.168.5.172:33867, 894dc0c2-216a-4430-b056-07ea893b2db1:192.168.5.172:36516], old=null
2019-07-13 14:37:03,538 INFO  impl.RaftServerImpl (RaftServerImpl.java:setRole(171)) - 4b05a4d6-cfcf-4ae9-8d1a-cdf55e9a2374:group-FDAA5B6335B4 changes role from FOLLOWER to FOLLOWER at term 1 for recognizeCandidate:289db83c-4a5b-4d17-b8a7-3d36cfd56978
2019-07-13 14:37:03,539 INFO  impl.RoleInfo (RoleInfo.java:shutdownFollowerState(121)) - 4b05a4d6-cfcf-4ae9-8d1a-cdf55e9a2374: shutdown FollowerState
2019-07-13 14:37:03,539 INFO  impl.RoleInfo (RoleInfo.java:updateAndGet(143)) - 4b05a4d6-cfcf-4ae9-8d1a-cdf55e9a2374: start FollowerState
2019-07-13 14:37:03,539 INFO  impl.FollowerState (FollowerState.java:run(114)) - 4b05a4d6-cfcf-4ae9-8d1a-cdf55e9a2374: FollowerState was interrupted: java.lang.InterruptedException: sleep interrupted
2019-07-13 14:37:03,547 INFO  impl.LeaderElection (LeaderElection.java:logAndReturn(56)) - 289db83c-4a5b-4d17-b8a7-3d36cfd56978:group-FDAA5B6335B4:LeaderElection83: Election PASSED; received 2 response(s) [289db83c-4a5b-4d17-b8a7-3d36cfd56978<-4b05a4d6-cfcf-4ae9-8d1a-cdf55e9a2374#0:OK-t1, 289db83c-4a5b-4d17-b8a7-3d36cfd56978<-894dc0c2-216a-4430-b056-07ea893b2db1#0:FAIL-t1] and 0 exception(s); 289db83c-4a5b-4d17-b8a7-3d36cfd56978:t1, leader=null, voted=289db83c-4a5b-4d17-b8a7-3d36cfd56978, raftlog=289db83c-4a5b-4d17-b8a7-3d36cfd56978-SegmentedRaftLog:OPENED:c-1,f-1,i0, conf=-1: [289db83c-4a5b-4d17-b8a7-3d36cfd56978:192.168.5.172:38637, 4b05a4d6-cfcf-4ae9-8d1a-cdf55e9a2374:192.168.5.172:33867, 894dc0c2-216a-4430-b056-07ea893b2db1:192.168.5.172:36516], old=null
2019-07-13 14:37:03,547 INFO  impl.LeaderElection (LeaderElection.java:logAndReturn(56)) - 894dc0c2-216a-4430-b056-07ea893b2db1:group-FDAA5B6335B4:LeaderElection82: Election REJECTED; received 2 response(s) [894dc0c2-216a-4430-b056-07ea893b2db1<-289db83c-4a5b-4d17-b8a7-3d36cfd56978#0:FAIL-t1, 894dc0c2-216a-4430-b056-07ea893b2db1<-4b05a4d6-cfcf-4ae9-8d1a-cdf55e9a2374#0:FAIL-t1] and 0 exception(s); 894dc0c2-216a-4430-b056-07ea893b2db1:t1, leader=null, voted=894dc0c2-216a-4430-b056-07ea893b2db1, raftlog=894dc0c2-216a-4430-b056-07ea893b2db1-SegmentedRaftLog:OPENED:c-1,f-1,i0, conf=-1: [289db83c-4a5b-4d17-b8a7-3d36cfd56978:192.168.5.172:38637, 4b05a4d6-cfcf-4ae9-8d1a-cdf55e9a2374:192.168.5.172:33867, 894dc0c2-216a-4430-b056-07ea893b2db1:192.168.5.172:36516], old=null
2019-07-13 14:37:03,547 INFO  impl.RoleInfo (RoleInfo.java:shutdownLeaderElection(134)) - 289db83c-4a5b-4d17-b8a7-3d36cfd56978: shutdown LeaderElection
2019-07-13 14:37:03,547 INFO  impl.RaftServerImpl (RaftServerImpl.java:setRole(171)) - 894dc0c2-216a-4430-b056-07ea893b2db1:group-FDAA5B6335B4 changes role from CANDIDATE to FOLLOWER at term 1 for DISCOVERED_A_NEW_TERM
2019-07-13 14:37:03,548 INFO  impl.RaftServerImpl (RaftServerImpl.java:setRole(171)) - 289db83c-4a5b-4d17-b8a7-3d36cfd56978:group-FDAA5B6335B4 changes role from CANDIDATE to LEADER at term 1 for changeToLeader
2019-07-13 14:37:03,548 INFO  impl.RoleInfo (RoleInfo.java:shutdownLeaderElection(134)) - 894dc0c2-216a-4430-b056-07ea893b2db1: shutdown LeaderElection
2019-07-13 14:37:03,548 INFO  impl.RaftServerImpl (ServerState.java:setLeader(263)) - 289db83c-4a5b-4d17-b8a7-3d36cfd56978:group-FDAA5B6335B4 change Leader from null to 289db83c-4a5b-4d17-b8a7-3d36cfd56978 at term 1 for becomeLeader, leader elected after 5065ms
2019-07-13 14:37:03,548 INFO  impl.RoleInfo (RoleInfo.java:updateAndGet(143)) - 894dc0c2-216a-4430-b056-07ea893b2db1: start FollowerState
2019-07-13 14:37:03,548 INFO  server.RaftServerConfigKeys (ConfUtils.java:logGet(43)) - raft.server.staging.catchup.gap = 1000 (default)
2019-07-13 14:37:03,548 INFO  server.RaftServerConfigKeys (ConfUtils.java:logGet(43)) - raft.server.rpc.sleep.time = 25ms (default)
2019-07-13 14:37:03,548 INFO  server.RaftServerConfigKeys (ConfUtils.java:logGet(43)) - raft.server.write.element-limit = 4096 (default)
2019-07-13 14:37:03,549 INFO  server.RaftServerConfigKeys (ConfUtils.java:logGet(43)) - raft.server.watch.timeout = 10s (default)
2019-07-13 14:37:03,549 INFO  server.RaftServerConfigKeys (ConfUtils.java:logGet(43)) - raft.server.watch.timeout.denomination = 1s (default)
2019-07-13 14:37:03,549 INFO  server.RaftServerConfigKeys (ConfUtils.java:logGet(43)) - raft.server.watch.element-limit = 65536 (default)
2019-07-13 14:37:03,549 INFO  server.RaftServerConfigKeys (ConfUtils.java:logGet(43)) - raft.server.log.appender.snapshot.chunk.size.max = 16MB (=16777216) (default)
2019-07-13 14:37:03,549 INFO  server.RaftServerConfigKeys (ConfUtils.java:logGet(43)) - raft.server.log.appender.buffer.byte-limit = 33554432 (custom)
2019-07-13 14:37:03,550 INFO  server.RaftServerConfigKeys (ConfUtils.java:logGet(43)) - raft.server.log.appender.buffer.element-limit = 1 (custom)
2019-07-13 14:37:03,550 INFO  grpc.GrpcConfigKeys$Server (ConfUtils.java:logGet(43)) - raft.grpc.server.leader.outstanding.appends.max = 128 (default)
2019-07-13 14:37:03,550 INFO  server.RaftServerConfigKeys (ConfUtils.java:logGet(43)) - raft.server.rpc.request.timeout = 3000ms (default)
2019-07-13 14:37:03,550 INFO  server.RaftServerConfigKeys (ConfUtils.java:logGet(43)) - raft.server.log.appender.install.snapshot.enabled = false (custom)
2019-07-13 14:37:03,550 INFO  server.RaftServerConfigKeys (ConfUtils.java:logGet(43)) - raft.server.log.appender.snapshot.chunk.size.max = 16MB (=16777216) (default)
2019-07-13 14:37:03,550 INFO  server.RaftServerConfigKeys (ConfUtils.java:logGet(43)) - raft.server.log.appender.buffer.byte-limit = 33554432 (custom)
2019-07-13 14:37:03,551 INFO  server.RaftServerConfigKeys (ConfUtils.java:logGet(43)) - raft.server.log.appender.buffer.element-limit = 1 (custom)
2019-07-13 14:37:03,551 INFO  grpc.GrpcConfigKeys$Server (ConfUtils.java:logGet(43)) - raft.grpc.server.leader.outstanding.appends.max = 128 (default)
2019-07-13 14:37:03,551 INFO  server.RaftServerConfigKeys (ConfUtils.java:logGet(43)) - raft.server.rpc.request.timeout = 3000ms (default)
2019-07-13 14:37:03,551 INFO  server.RaftServerConfigKeys (ConfUtils.java:logGet(43)) - raft.server.log.appender.install.snapshot.enabled = false (custom)
2019-07-13 14:37:03,551 INFO  impl.RoleInfo (RoleInfo.java:updateAndGet(143)) - 289db83c-4a5b-4d17-b8a7-3d36cfd56978: start LeaderState
2019-07-13 14:37:03,552 INFO  segmented.SegmentedRaftLogWorker (SegmentedRaftLogWorker.java:startLogSegment(380)) - 289db83c-4a5b-4d17-b8a7-3d36cfd56978-SegmentedRaftLogWorker:Storage Directory /tmp/workdir/hadoop-ozone/integration-test/target/test-dir/MiniOzoneClusterImpl-16da60bc-a68b-4f57-8fc0-91e73f0642b4/datanode-4/data/ratis/7102e57e-a52c-417e-9122-fdaa5b6335b4: Starting segment from index:0
2019-07-13 14:37:03,553 INFO  impl.RaftServerImpl (ServerState.java:setRaftConf(361)) - 289db83c-4a5b-4d17-b8a7-3d36cfd56978:group-FDAA5B6335B4 set configuration 0: [289db83c-4a5b-4d17-b8a7-3d36cfd56978:192.168.5.172:38637, 4b05a4d6-cfcf-4ae9-8d1a-cdf55e9a2374:192.168.5.172:33867, 894dc0c2-216a-4430-b056-07ea893b2db1:192.168.5.172:36516], old=null at 0
2019-07-13 14:37:03,554 INFO  impl.FollowerState (FollowerState.java:run(106)) - 4b05a4d6-cfcf-4ae9-8d1a-cdf55e9a2374:group-ADE9337EAD5C changes to CANDIDATE, lastRpcTime:5099, electionTimeout:5099ms
2019-07-13 14:37:03,554 INFO  impl.RoleInfo (RoleInfo.java:shutdownFollowerState(121)) - 4b05a4d6-cfcf-4ae9-8d1a-cdf55e9a2374: shutdown FollowerState
2019-07-13 14:37:03,555 INFO  impl.RaftServerImpl (RaftServerImpl.java:setRole(171)) - 4b05a4d6-cfcf-4ae9-8d1a-cdf55e9a2374:group-ADE9337EAD5C changes role from FOLLOWER to CANDIDATE at term 0 for changeToCandidate
2019-07-13 14:37:03,555 INFO  impl.RoleInfo (RoleInfo.java:updateAndGet(143)) - 4b05a4d6-cfcf-4ae9-8d1a-cdf55e9a2374: start LeaderElection
2019-07-13 14:37:03,555 INFO  impl.RaftServerImpl (ServerState.java:setLeader(263)) - 4b05a4d6-cfcf-4ae9-8d1a-cdf55e9a2374:group-FDAA5B6335B4 change Leader from null to 289db83c-4a5b-4d17-b8a7-3d36cfd56978 at term 1 for appendEntries, leader elected after 5072ms
2019-07-13 14:37:03,556 INFO  impl.RaftServerImpl (ServerState.java:setLeader(263)) - 894dc0c2-216a-4430-b056-07ea893b2db1:group-FDAA5B6335B4 change Leader from null to 289db83c-4a5b-4d17-b8a7-3d36cfd56978 at term 1 for appendEntries, leader elected after 5072ms
2019-07-13 14:37:03,576 INFO  impl.RaftServerImpl (ServerState.java:setRaftConf(361)) - 4b05a4d6-cfcf-4ae9-8d1a-cdf55e9a2374:group-FDAA5B6335B4 set configuration 0: [289db83c-4a5b-4d17-b8a7-3d36cfd56978:192.168.5.172:38637, 4b05a4d6-cfcf-4ae9-8d1a-cdf55e9a2374:192.168.5.172:33867, 894dc0c2-216a-4430-b056-07ea893b2db1:192.168.5.172:36516], old=null at 0
2019-07-13 14:37:03,577 INFO  segmented.SegmentedRaftLogWorker (SegmentedRaftLogWorker.java:startLogSegment(380)) - 4b05a4d6-cfcf-4ae9-8d1a-cdf55e9a2374-SegmentedRaftLogWorker:Storage Directory /tmp/workdir/hadoop-ozone/integration-test/target/test-dir/MiniOzoneClusterImpl-16da60bc-a68b-4f57-8fc0-91e73f0642b4/datanode-5/data/ratis/7102e57e-a52c-417e-9122-fdaa5b6335b4: Starting segment from index:0
2019-07-13 14:37:03,577 INFO  impl.RaftServerImpl (ServerState.java:setRaftConf(361)) - 894dc0c2-216a-4430-b056-07ea893b2db1:group-FDAA5B6335B4 set configuration 0: [289db83c-4a5b-4d17-b8a7-3d36cfd56978:192.168.5.172:38637, 4b05a4d6-cfcf-4ae9-8d1a-cdf55e9a2374:192.168.5.172:33867, 894dc0c2-216a-4430-b056-07ea893b2db1:192.168.5.172:36516], old=null at 0
2019-07-13 14:37:03,577 INFO  segmented.SegmentedRaftLogWorker (SegmentedRaftLogWorker.java:startLogSegment(380)) - 894dc0c2-216a-4430-b056-07ea893b2db1-SegmentedRaftLogWorker:Storage Directory /tmp/workdir/hadoop-ozone/integration-test/target/test-dir/MiniOzoneClusterImpl-16da60bc-a68b-4f57-8fc0-91e73f0642b4/datanode-3/data/ratis/7102e57e-a52c-417e-9122-fdaa5b6335b4: Starting segment from index:0
2019-07-13 14:37:03,579 INFO  segmented.SegmentedRaftLogWorker (SegmentedRaftLogWorker.java:execute(569)) - 289db83c-4a5b-4d17-b8a7-3d36cfd56978-SegmentedRaftLogWorker:Storage Directory /tmp/workdir/hadoop-ozone/integration-test/target/test-dir/MiniOzoneClusterImpl-16da60bc-a68b-4f57-8fc0-91e73f0642b4/datanode-4/data/ratis/7102e57e-a52c-417e-9122-fdaa5b6335b4: created new log segment /tmp/workdir/hadoop-ozone/integration-test/target/test-dir/MiniOzoneClusterImpl-16da60bc-a68b-4f57-8fc0-91e73f0642b4/datanode-4/data/ratis/7102e57e-a52c-417e-9122-fdaa5b6335b4/current/log_inprogress_0
2019-07-13 14:37:03,579 INFO  impl.LeaderElection (LeaderElection.java:askForVotes(181)) - 4b05a4d6-cfcf-4ae9-8d1a-cdf55e9a2374:group-ADE9337EAD5C:LeaderElection84: begin an election at term 1 for -1: [4b05a4d6-cfcf-4ae9-8d1a-cdf55e9a2374:192.168.5.172:33867], old=null
2019-07-13 14:37:03,579 INFO  impl.RoleInfo (RoleInfo.java:shutdownLeaderElection(134)) - 4b05a4d6-cfcf-4ae9-8d1a-cdf55e9a2374: shutdown LeaderElection
2019-07-13 14:37:03,579 INFO  impl.RaftServerImpl (RaftServerImpl.java:setRole(171)) - 4b05a4d6-cfcf-4ae9-8d1a-cdf55e9a2374:group-ADE9337EAD5C changes role from CANDIDATE to LEADER at term 1 for changeToLeader
2019-07-13 14:37:03,579 INFO  impl.RaftServerImpl (ServerState.java:setLeader(263)) - 4b05a4d6-cfcf-4ae9-8d1a-cdf55e9a2374:group-ADE9337EAD5C change Leader from null to 4b05a4d6-cfcf-4ae9-8d1a-cdf55e9a2374 at term 1 for becomeLeader, leader elected after 5128ms
2019-07-13 14:37:03,579 INFO  server.RaftServerConfigKeys (ConfUtils.java:logGet(43)) - raft.server.staging.catchup.gap = 1000 (default)
2019-07-13 14:37:03,580 INFO  server.RaftServerConfigKeys (ConfUtils.java:logGet(43)) - raft.server.rpc.sleep.time = 25ms (default)
2019-07-13 14:37:03,580 INFO  server.RaftServerConfigKeys (ConfUtils.java:logGet(43)) - raft.server.write.element-limit = 4096 (default)
2019-07-13 14:37:03,580 INFO  server.RaftServerConfigKeys (ConfUtils.java:logGet(43)) - raft.server.watch.timeout = 10s (default)
2019-07-13 14:37:03,580 INFO  server.RaftServerConfigKeys (ConfUtils.java:logGet(43)) - raft.server.watch.timeout.denomination = 1s (default)
2019-07-13 14:37:03,580 INFO  server.RaftServerConfigKeys (ConfUtils.java:logGet(43)) - raft.server.watch.element-limit = 65536 (default)
2019-07-13 14:37:03,580 INFO  impl.RoleInfo (RoleInfo.java:updateAndGet(143)) - 4b05a4d6-cfcf-4ae9-8d1a-cdf55e9a2374: start LeaderState
2019-07-13 14:37:03,581 INFO  segmented.SegmentedRaftLogWorker (SegmentedRaftLogWorker.java:startLogSegment(380)) - 4b05a4d6-cfcf-4ae9-8d1a-cdf55e9a2374-SegmentedRaftLogWorker:Storage Directory /tmp/workdir/hadoop-ozone/integration-test/target/test-dir/MiniOzoneClusterImpl-16da60bc-a68b-4f57-8fc0-91e73f0642b4/datanode-5/data/ratis/41603bca-f8e0-4aee-8248-ade9337ead5c: Starting segment from index:0
2019-07-13 14:37:03,582 INFO  impl.RaftServerImpl (ServerState.java:setRaftConf(361)) - 4b05a4d6-cfcf-4ae9-8d1a-cdf55e9a2374:group-ADE9337EAD5C set configuration 0: [4b05a4d6-cfcf-4ae9-8d1a-cdf55e9a2374:192.168.5.172:33867], old=null at 0
2019-07-13 14:37:03,600 INFO  segmented.SegmentedRaftLogWorker (SegmentedRaftLogWorker.java:execute(569)) - 894dc0c2-216a-4430-b056-07ea893b2db1-SegmentedRaftLogWorker:Storage Directory /tmp/workdir/hadoop-ozone/integration-test/target/test-dir/MiniOzoneClusterImpl-16da60bc-a68b-4f57-8fc0-91e73f0642b4/datanode-3/data/ratis/7102e57e-a52c-417e-9122-fdaa5b6335b4: created new log segment /tmp/workdir/hadoop-ozone/integration-test/target/test-dir/MiniOzoneClusterImpl-16da60bc-a68b-4f57-8fc0-91e73f0642b4/datanode-3/data/ratis/7102e57e-a52c-417e-9122-fdaa5b6335b4/current/log_inprogress_0
2019-07-13 14:37:03,600 INFO  segmented.SegmentedRaftLogWorker (SegmentedRaftLogWorker.java:execute(569)) - 4b05a4d6-cfcf-4ae9-8d1a-cdf55e9a2374-SegmentedRaftLogWorker:Storage Directory /tmp/workdir/hadoop-ozone/integration-test/target/test-dir/MiniOzoneClusterImpl-16da60bc-a68b-4f57-8fc0-91e73f0642b4/datanode-5/data/ratis/7102e57e-a52c-417e-9122-fdaa5b6335b4: created new log segment /tmp/workdir/hadoop-ozone/integration-test/target/test-dir/MiniOzoneClusterImpl-16da60bc-a68b-4f57-8fc0-91e73f0642b4/datanode-5/data/ratis/7102e57e-a52c-417e-9122-fdaa5b6335b4/current/log_inprogress_0
2019-07-13 14:37:03,603 INFO  segmented.SegmentedRaftLogWorker (SegmentedRaftLogWorker.java:execute(569)) - 4b05a4d6-cfcf-4ae9-8d1a-cdf55e9a2374-SegmentedRaftLogWorker:Storage Directory /tmp/workdir/hadoop-ozone/integration-test/target/test-dir/MiniOzoneClusterImpl-16da60bc-a68b-4f57-8fc0-91e73f0642b4/datanode-5/data/ratis/41603bca-f8e0-4aee-8248-ade9337ead5c: created new log segment /tmp/workdir/hadoop-ozone/integration-test/target/test-dir/MiniOzoneClusterImpl-16da60bc-a68b-4f57-8fc0-91e73f0642b4/datanode-5/data/ratis/41603bca-f8e0-4aee-8248-ade9337ead5c/current/log_inprogress_0
2019-07-13 14:37:03,655 INFO  impl.FollowerState (FollowerState.java:run(106)) - a1d08438-0882-4ba4-9a9e-0e144432d131:group-70FDE1CB347A changes to CANDIDATE, lastRpcTime:5050, electionTimeout:5050ms
2019-07-13 14:37:03,655 INFO  impl.RoleInfo (RoleInfo.java:shutdownFollowerState(121)) - a1d08438-0882-4ba4-9a9e-0e144432d131: shutdown FollowerState
2019-07-13 14:37:03,655 INFO  impl.RaftServerImpl (RaftServerImpl.java:setRole(171)) - a1d08438-0882-4ba4-9a9e-0e144432d131:group-70FDE1CB347A changes role from FOLLOWER to CANDIDATE at term 0 for changeToCandidate
2019-07-13 14:37:03,655 INFO  impl.RoleInfo (RoleInfo.java:updateAndGet(143)) - a1d08438-0882-4ba4-9a9e-0e144432d131: start LeaderElection
2019-07-13 14:37:03,666 INFO  impl.LeaderElection (LeaderElection.java:askForVotes(181)) - a1d08438-0882-4ba4-9a9e-0e144432d131:group-70FDE1CB347A:LeaderElection85: begin an election at term 1 for -1: [a1d08438-0882-4ba4-9a9e-0e144432d131:192.168.5.172:35414], old=null
2019-07-13 14:37:03,666 INFO  impl.RoleInfo (RoleInfo.java:shutdownLeaderElection(134)) - a1d08438-0882-4ba4-9a9e-0e144432d131: shutdown LeaderElection
2019-07-13 14:37:03,667 INFO  impl.RaftServerImpl (RaftServerImpl.java:setRole(171)) - a1d08438-0882-4ba4-9a9e-0e144432d131:group-70FDE1CB347A changes role from CANDIDATE to LEADER at term 1 for changeToLeader
2019-07-13 14:37:03,667 INFO  impl.RaftServerImpl (ServerState.java:setLeader(263)) - a1d08438-0882-4ba4-9a9e-0e144432d131:group-70FDE1CB347A change Leader from null to a1d08438-0882-4ba4-9a9e-0e144432d131 at term 1 for becomeLeader, leader elected after 5066ms
2019-07-13 14:37:03,667 INFO  server.RaftServerConfigKeys (ConfUtils.java:logGet(43)) - raft.server.staging.catchup.gap = 1000 (default)
2019-07-13 14:37:03,667 INFO  server.RaftServerConfigKeys (ConfUtils.java:logGet(43)) - raft.server.rpc.sleep.time = 25ms (default)
2019-07-13 14:37:03,667 INFO  server.RaftServerConfigKeys (ConfUtils.java:logGet(43)) - raft.server.write.element-limit = 4096 (default)
2019-07-13 14:37:03,668 INFO  server.RaftServerConfigKeys (ConfUtils.java:logGet(43)) - raft.server.watch.timeout = 10s (default)
2019-07-13 14:37:03,668 INFO  server.RaftServerConfigKeys (ConfUtils.java:logGet(43)) - raft.server.watch.timeout.denomination = 1s (default)
2019-07-13 14:37:03,668 INFO  server.RaftServerConfigKeys (ConfUtils.java:logGet(43)) - raft.server.watch.element-limit = 65536 (default)
2019-07-13 14:37:03,668 INFO  impl.RoleInfo (RoleInfo.java:updateAndGet(143)) - a1d08438-0882-4ba4-9a9e-0e144432d131: start LeaderState
2019-07-13 14:37:03,668 INFO  segmented.SegmentedRaftLogWorker (SegmentedRaftLogWorker.java:startLogSegment(380)) - a1d08438-0882-4ba4-9a9e-0e144432d131-SegmentedRaftLogWorker:Storage Directory /tmp/workdir/hadoop-ozone/integration-test/target/test-dir/MiniOzoneClusterImpl-16da60bc-a68b-4f57-8fc0-91e73f0642b4/datanode-6/data/ratis/72d36e8f-92c7-447d-bbb4-70fde1cb347a: Starting segment from index:0
2019-07-13 14:37:03,669 INFO  impl.RaftServerImpl (ServerState.java:setRaftConf(361)) - a1d08438-0882-4ba4-9a9e-0e144432d131:group-70FDE1CB347A set configuration 0: [a1d08438-0882-4ba4-9a9e-0e144432d131:192.168.5.172:35414], old=null at 0
2019-07-13 14:37:03,691 INFO  segmented.SegmentedRaftLogWorker (SegmentedRaftLogWorker.java:execute(569)) - a1d08438-0882-4ba4-9a9e-0e144432d131-SegmentedRaftLogWorker:Storage Directory /tmp/workdir/hadoop-ozone/integration-test/target/test-dir/MiniOzoneClusterImpl-16da60bc-a68b-4f57-8fc0-91e73f0642b4/datanode-6/data/ratis/72d36e8f-92c7-447d-bbb4-70fde1cb347a: created new log segment /tmp/workdir/hadoop-ozone/integration-test/target/test-dir/MiniOzoneClusterImpl-16da60bc-a68b-4f57-8fc0-91e73f0642b4/datanode-6/data/ratis/72d36e8f-92c7-447d-bbb4-70fde1cb347a/current/log_inprogress_0
2019-07-13 14:37:03,717 INFO  client.GrpcClientProtocolClient (GrpcClientProtocolClient.java:onNext(255)) - client-48349CFC8607->96de7e06-7a77-473f-9a3b-c9533c91019d: receive RaftClientReply:client-48349CFC8607->96de7e06-7a77-473f-9a3b-c9533c91019d@group-8348FAD10384, cid=213, FAILED org.apache.ratis.protocol.NotLeaderException: Server 96de7e06-7a77-473f-9a3b-c9533c91019d is not the leader (1be32d53-114d-4e93-931f-dbb99198ce5c:192.168.5.172:36477). Request must be sent to leader., logIndex=0, commits[96de7e06-7a77-473f-9a3b-c9533c91019d:c-1, 9b5d1350-3fc6-47c1-a971-496d9ec6ae4c:c-1, 1be32d53-114d-4e93-931f-dbb99198ce5c:c-1]
2019-07-13 14:37:03,811 INFO  client.GrpcClientProtocolClient (GrpcClientProtocolClient.java:onNext(255)) - client-48349CFC8607->1be32d53-114d-4e93-931f-dbb99198ce5c: receive RaftClientReply:client-48349CFC8607->1be32d53-114d-4e93-931f-dbb99198ce5c@group-8348FAD10384, cid=213, SUCCESS, logIndex=1, commits[1be32d53-114d-4e93-931f-dbb99198ce5c:c1, 9b5d1350-3fc6-47c1-a971-496d9ec6ae4c:c0, 96de7e06-7a77-473f-9a3b-c9533c91019d:c0]
2019-07-13 14:37:03,828 INFO  client.GrpcClientProtocolClient (GrpcClientProtocolClient.java:onNext(255)) - client-48349CFC8607->1be32d53-114d-4e93-931f-dbb99198ce5c: receive RaftClientReply:client-48349CFC8607->1be32d53-114d-4e93-931f-dbb99198ce5c@group-8348FAD10384, cid=214, SUCCESS, logIndex=3, commits[1be32d53-114d-4e93-931f-dbb99198ce5c:c4, 9b5d1350-3fc6-47c1-a971-496d9ec6ae4c:c2, 96de7e06-7a77-473f-9a3b-c9533c91019d:c2]
2019-07-13 14:37:03,848 INFO  client.GrpcClientProtocolClient (GrpcClientProtocolClient.java:onNext(255)) - client-48349CFC8607->1be32d53-114d-4e93-931f-dbb99198ce5c: receive RaftClientReply:client-48349CFC8607->1be32d53-114d-4e93-931f-dbb99198ce5c@group-8348FAD10384, cid=215, SUCCESS, logIndex=4, commits[1be32d53-114d-4e93-931f-dbb99198ce5c:c6, 9b5d1350-3fc6-47c1-a971-496d9ec6ae4c:c4, 96de7e06-7a77-473f-9a3b-c9533c91019d:c4]
2019-07-13 14:37:03,850 INFO  container.CloseContainerEventHandler (CloseContainerEventHandler.java:onMessage(61)) - Close container Event triggered for container : #1
2019-07-13 14:37:03,850 INFO  container.CloseContainerEventHandler (CloseContainerEventHandler.java:onMessage(61)) - Close container Event triggered for container : #1
2019-07-13 14:37:03,851 INFO  container.CloseContainerEventHandler (CloseContainerEventHandler.java:onMessage(61)) - Close container Event triggered for container : #1
2019-07-13 14:37:05,840 INFO  interfaces.Container (KeyValueContainer.java:compactDB(356)) - Container 1 is closed with bcsId 4.
2019-07-13 14:37:05,846 INFO  interfaces.Container (KeyValueContainer.java:compactDB(356)) - Container 1 is closed with bcsId 4.
2019-07-13 14:37:05,852 INFO  interfaces.Container (KeyValueContainer.java:compactDB(356)) - Container 1 is closed with bcsId 4.
14:37:05.854 [grpc-default-executor-12] ERROR DNAudit - user=null | ip=null | op=WRITE_CHUNK {blockData=conID: 1 locID: 102434643617120272 bcsId: 4} | ret=FAILURE
org.apache.hadoop.hdds.scm.container.common.helpers.ContainerNotOpenException: Container 1 in CLOSED state
	at org.apache.hadoop.ozone.container.common.impl.HddsDispatcher.validateContainerCommand(HddsDispatcher.java:408) ~[hadoop-hdds-container-service-0.5.0-SNAPSHOT.jar:?]
	at org.apache.hadoop.ozone.container.common.transport.server.ratis.ContainerStateMachine.startTransaction(ContainerStateMachine.java:271) ~[hadoop-hdds-container-service-0.5.0-SNAPSHOT.jar:?]
	at org.apache.ratis.server.impl.RaftServerImpl.submitClientRequestAsync(RaftServerImpl.java:566) ~[ratis-server-0.4.0-2337318-SNAPSHOT.jar:0.4.0-2337318-SNAPSHOT]
	at org.apache.ratis.server.impl.RaftServerProxy.lambda$submitClientRequestAsync$7(RaftServerProxy.java:333) ~[ratis-server-0.4.0-2337318-SNAPSHOT.jar:0.4.0-2337318-SNAPSHOT]
	at org.apache.ratis.server.impl.RaftServerProxy.lambda$null$5(RaftServerProxy.java:328) ~[ratis-server-0.4.0-2337318-SNAPSHOT.jar:0.4.0-2337318-SNAPSHOT]
	at org.apache.ratis.util.JavaUtils.callAsUnchecked(JavaUtils.java:109) ~[ratis-common-0.4.0-2337318-SNAPSHOT.jar:0.4.0-2337318-SNAPSHOT]
	at org.apache.ratis.server.impl.RaftServerProxy.lambda$submitRequest$6(RaftServerProxy.java:328) ~[ratis-server-0.4.0-2337318-SNAPSHOT.jar:0.4.0-2337318-SNAPSHOT]
	at java.util.concurrent.CompletableFuture.uniComposeStage(CompletableFuture.java:981) ~[?:1.8.0_212]
	at java.util.concurrent.CompletableFuture.thenCompose(CompletableFuture.java:2124) ~[?:1.8.0_212]
	at org.apache.ratis.server.impl.RaftServerProxy.submitRequest(RaftServerProxy.java:327) ~[ratis-server-0.4.0-2337318-SNAPSHOT.jar:0.4.0-2337318-SNAPSHOT]
	at org.apache.ratis.server.impl.RaftServerProxy.submitClientRequestAsync(RaftServerProxy.java:333) ~[ratis-server-0.4.0-2337318-SNAPSHOT.jar:0.4.0-2337318-SNAPSHOT]
	at org.apache.ratis.grpc.client.GrpcClientProtocolService$RequestStreamObserver.processClientRequest(GrpcClientProtocolService.java:220) ~[ratis-grpc-0.4.0-2337318-SNAPSHOT.jar:0.4.0-2337318-SNAPSHOT]
	at org.apache.ratis.grpc.client.GrpcClientProtocolService$OrderedRequestStreamObserver.processClientRequest(GrpcClientProtocolService.java:326) ~[ratis-grpc-0.4.0-2337318-SNAPSHOT.jar:0.4.0-2337318-SNAPSHOT]
	at org.apache.ratis.util.SlidingWindow$Server.processRequestsFromHead(SlidingWindow.java:429) [ratis-common-0.4.0-2337318-SNAPSHOT.jar:0.4.0-2337318-SNAPSHOT]
	at org.apache.ratis.util.SlidingWindow$Server.receivedRequest(SlidingWindow.java:421) [ratis-common-0.4.0-2337318-SNAPSHOT.jar:0.4.0-2337318-SNAPSHOT]
	at org.apache.ratis.grpc.client.GrpcClientProtocolService$OrderedRequestStreamObserver.processClientRequest(GrpcClientProtocolService.java:345) [ratis-grpc-0.4.0-2337318-SNAPSHOT.jar:0.4.0-2337318-SNAPSHOT]
	at org.apache.ratis.grpc.client.GrpcClientProtocolService$RequestStreamObserver.onNext(GrpcClientProtocolService.java:240) [ratis-grpc-0.4.0-2337318-SNAPSHOT.jar:0.4.0-2337318-SNAPSHOT]
	at org.apache.ratis.grpc.client.GrpcClientProtocolService$RequestStreamObserver.onNext(GrpcClientProtocolService.java:168) [ratis-grpc-0.4.0-2337318-SNAPSHOT.jar:0.4.0-2337318-SNAPSHOT]
	at org.apache.ratis.thirdparty.io.grpc.stub.ServerCalls$StreamingServerCallHandler$StreamingServerCallListener.onMessage(ServerCalls.java:248) [ratis-thirdparty-misc-0.2.0.jar:0.2.0]
	at org.apache.ratis.thirdparty.io.grpc.internal.ServerCallImpl$ServerStreamListenerImpl.messagesAvailable(ServerCallImpl.java:263) [ratis-thirdparty-misc-0.2.0.jar:0.2.0]
	at org.apache.ratis.thirdparty.io.grpc.internal.ServerImpl$JumpToApplicationThreadServerStreamListener$1MessagesAvailable.runInContext(ServerImpl.java:686) [ratis-thirdparty-misc-0.2.0.jar:0.2.0]
	at org.apache.ratis.thirdparty.io.grpc.internal.ContextRunnable.run(ContextRunnable.java:37) [ratis-thirdparty-misc-0.2.0.jar:0.2.0]
	at org.apache.ratis.thirdparty.io.grpc.internal.SerializingExecutor.run(SerializingExecutor.java:123) [ratis-thirdparty-misc-0.2.0.jar:0.2.0]
	at java.util.concurrent.ThreadPoolExecutor.runWorker(ThreadPoolExecutor.java:1149) [?:1.8.0_212]
	at java.util.concurrent.ThreadPoolExecutor$Worker.run(ThreadPoolExecutor.java:624) [?:1.8.0_212]
	at java.lang.Thread.run(Thread.java:748) [?:1.8.0_212]
14:37:05.862 [grpc-default-executor-12] ERROR DNAudit - user=null | ip=null | op=WRITE_CHUNK {blockData=conID: 1 locID: 102434643617120272 bcsId: 4} | ret=FAILURE
org.apache.hadoop.hdds.scm.container.common.helpers.ContainerNotOpenException: Container 1 in CLOSED state
	at org.apache.hadoop.ozone.container.common.impl.HddsDispatcher.validateContainerCommand(HddsDispatcher.java:408) ~[hadoop-hdds-container-service-0.5.0-SNAPSHOT.jar:?]
	at org.apache.hadoop.ozone.container.common.transport.server.ratis.ContainerStateMachine.startTransaction(ContainerStateMachine.java:271) ~[hadoop-hdds-container-service-0.5.0-SNAPSHOT.jar:?]
	at org.apache.ratis.server.impl.RaftServerImpl.submitClientRequestAsync(RaftServerImpl.java:566) ~[ratis-server-0.4.0-2337318-SNAPSHOT.jar:0.4.0-2337318-SNAPSHOT]
	at org.apache.ratis.server.impl.RaftServerProxy.lambda$submitClientRequestAsync$7(RaftServerProxy.java:333) ~[ratis-server-0.4.0-2337318-SNAPSHOT.jar:0.4.0-2337318-SNAPSHOT]
	at org.apache.ratis.server.impl.RaftServerProxy.lambda$null$5(RaftServerProxy.java:328) ~[ratis-server-0.4.0-2337318-SNAPSHOT.jar:0.4.0-2337318-SNAPSHOT]
	at org.apache.ratis.util.JavaUtils.callAsUnchecked(JavaUtils.java:109) ~[ratis-common-0.4.0-2337318-SNAPSHOT.jar:0.4.0-2337318-SNAPSHOT]
	at org.apache.ratis.server.impl.RaftServerProxy.lambda$submitRequest$6(RaftServerProxy.java:328) ~[ratis-server-0.4.0-2337318-SNAPSHOT.jar:0.4.0-2337318-SNAPSHOT]
	at java.util.concurrent.CompletableFuture.uniComposeStage(CompletableFuture.java:981) ~[?:1.8.0_212]
	at java.util.concurrent.CompletableFuture.thenCompose(CompletableFuture.java:2124) ~[?:1.8.0_212]
	at org.apache.ratis.server.impl.RaftServerProxy.submitRequest(RaftServerProxy.java:327) ~[ratis-server-0.4.0-2337318-SNAPSHOT.jar:0.4.0-2337318-SNAPSHOT]
	at org.apache.ratis.server.impl.RaftServerProxy.submitClientRequestAsync(RaftServerProxy.java:333) ~[ratis-server-0.4.0-2337318-SNAPSHOT.jar:0.4.0-2337318-SNAPSHOT]
	at org.apache.ratis.grpc.client.GrpcClientProtocolService$RequestStreamObserver.processClientRequest(GrpcClientProtocolService.java:220) ~[ratis-grpc-0.4.0-2337318-SNAPSHOT.jar:0.4.0-2337318-SNAPSHOT]
	at org.apache.ratis.grpc.client.GrpcClientProtocolService$OrderedRequestStreamObserver.processClientRequest(GrpcClientProtocolService.java:326) ~[ratis-grpc-0.4.0-2337318-SNAPSHOT.jar:0.4.0-2337318-SNAPSHOT]
	at org.apache.ratis.util.SlidingWindow$Server.processRequestsFromHead(SlidingWindow.java:429) [ratis-common-0.4.0-2337318-SNAPSHOT.jar:0.4.0-2337318-SNAPSHOT]
	at org.apache.ratis.util.SlidingWindow$Server.receivedRequest(SlidingWindow.java:421) [ratis-common-0.4.0-2337318-SNAPSHOT.jar:0.4.0-2337318-SNAPSHOT]
	at org.apache.ratis.grpc.client.GrpcClientProtocolService$OrderedRequestStreamObserver.processClientRequest(GrpcClientProtocolService.java:345) [ratis-grpc-0.4.0-2337318-SNAPSHOT.jar:0.4.0-2337318-SNAPSHOT]
	at org.apache.ratis.grpc.client.GrpcClientProtocolService$RequestStreamObserver.onNext(GrpcClientProtocolService.java:240) [ratis-grpc-0.4.0-2337318-SNAPSHOT.jar:0.4.0-2337318-SNAPSHOT]
	at org.apache.ratis.grpc.client.GrpcClientProtocolService$RequestStreamObserver.onNext(GrpcClientProtocolService.java:168) [ratis-grpc-0.4.0-2337318-SNAPSHOT.jar:0.4.0-2337318-SNAPSHOT]
	at org.apache.ratis.thirdparty.io.grpc.stub.ServerCalls$StreamingServerCallHandler$StreamingServerCallListener.onMessage(ServerCalls.java:248) [ratis-thirdparty-misc-0.2.0.jar:0.2.0]
	at org.apache.ratis.thirdparty.io.grpc.internal.ServerCallImpl$ServerStreamListenerImpl.messagesAvailable(ServerCallImpl.java:263) [ratis-thirdparty-misc-0.2.0.jar:0.2.0]
	at org.apache.ratis.thirdparty.io.grpc.internal.ServerImpl$JumpToApplicationThreadServerStreamListener$1MessagesAvailable.runInContext(ServerImpl.java:686) [ratis-thirdparty-misc-0.2.0.jar:0.2.0]
	at org.apache.ratis.thirdparty.io.grpc.internal.ContextRunnable.run(ContextRunnable.java:37) [ratis-thirdparty-misc-0.2.0.jar:0.2.0]
	at org.apache.ratis.thirdparty.io.grpc.internal.SerializingExecutor.run(SerializingExecutor.java:123) [ratis-thirdparty-misc-0.2.0.jar:0.2.0]
	at java.util.concurrent.ThreadPoolExecutor.runWorker(ThreadPoolExecutor.java:1149) [?:1.8.0_212]
	at java.util.concurrent.ThreadPoolExecutor$Worker.run(ThreadPoolExecutor.java:624) [?:1.8.0_212]
	at java.lang.Thread.run(Thread.java:748) [?:1.8.0_212]
2019-07-13 14:37:05,864 INFO  client.GrpcClientProtocolClient (GrpcClientProtocolClient.java:onNext(255)) - client-48349CFC8607->1be32d53-114d-4e93-931f-dbb99198ce5c: receive RaftClientReply:client-48349CFC8607->1be32d53-114d-4e93-931f-dbb99198ce5c@group-8348FAD10384, cid=216, FAILED org.apache.ratis.protocol.StateMachineException: org.apache.hadoop.hdds.scm.container.common.helpers.ContainerNotOpenException from Server 1be32d53-114d-4e93-931f-dbb99198ce5c: Container 1 in CLOSED state, logIndex=0, commits[1be32d53-114d-4e93-931f-dbb99198ce5c:c8, 9b5d1350-3fc6-47c1-a971-496d9ec6ae4c:c7, 96de7e06-7a77-473f-9a3b-c9533c91019d:c7]
14:37:05.864 [grpc-default-executor-12] ERROR DNAudit - user=null | ip=null | op=PUT_BLOCK {blockData=[blockId=conID: 1 locID: 102434643617120272 bcsId: 0,size=334]} | ret=FAILURE
org.apache.hadoop.hdds.scm.container.common.helpers.ContainerNotOpenException: Container 1 in CLOSED state
	at org.apache.hadoop.ozone.container.common.impl.HddsDispatcher.validateContainerCommand(HddsDispatcher.java:408) ~[hadoop-hdds-container-service-0.5.0-SNAPSHOT.jar:?]
	at org.apache.hadoop.ozone.container.common.transport.server.ratis.ContainerStateMachine.startTransaction(ContainerStateMachine.java:271) ~[hadoop-hdds-container-service-0.5.0-SNAPSHOT.jar:?]
	at org.apache.ratis.server.impl.RaftServerImpl.submitClientRequestAsync(RaftServerImpl.java:566) ~[ratis-server-0.4.0-2337318-SNAPSHOT.jar:0.4.0-2337318-SNAPSHOT]
	at org.apache.ratis.server.impl.RaftServerProxy.lambda$submitClientRequestAsync$7(RaftServerProxy.java:333) ~[ratis-server-0.4.0-2337318-SNAPSHOT.jar:0.4.0-2337318-SNAPSHOT]
	at org.apache.ratis.server.impl.RaftServerProxy.lambda$null$5(RaftServerProxy.java:328) ~[ratis-server-0.4.0-2337318-SNAPSHOT.jar:0.4.0-2337318-SNAPSHOT]
	at org.apache.ratis.util.JavaUtils.callAsUnchecked(JavaUtils.java:109) ~[ratis-common-0.4.0-2337318-SNAPSHOT.jar:0.4.0-2337318-SNAPSHOT]
	at org.apache.ratis.server.impl.RaftServerProxy.lambda$submitRequest$6(RaftServerProxy.java:328) ~[ratis-server-0.4.0-2337318-SNAPSHOT.jar:0.4.0-2337318-SNAPSHOT]
	at java.util.concurrent.CompletableFuture.uniComposeStage(CompletableFuture.java:981) ~[?:1.8.0_212]
	at java.util.concurrent.CompletableFuture.thenCompose(CompletableFuture.java:2124) ~[?:1.8.0_212]
	at org.apache.ratis.server.impl.RaftServerProxy.submitRequest(RaftServerProxy.java:327) ~[ratis-server-0.4.0-2337318-SNAPSHOT.jar:0.4.0-2337318-SNAPSHOT]
	at org.apache.ratis.server.impl.RaftServerProxy.submitClientRequestAsync(RaftServerProxy.java:333) ~[ratis-server-0.4.0-2337318-SNAPSHOT.jar:0.4.0-2337318-SNAPSHOT]
	at org.apache.ratis.grpc.client.GrpcClientProtocolService$RequestStreamObserver.processClientRequest(GrpcClientProtocolService.java:220) ~[ratis-grpc-0.4.0-2337318-SNAPSHOT.jar:0.4.0-2337318-SNAPSHOT]
	at org.apache.ratis.grpc.client.GrpcClientProtocolService$OrderedRequestStreamObserver.processClientRequest(GrpcClientProtocolService.java:326) ~[ratis-grpc-0.4.0-2337318-SNAPSHOT.jar:0.4.0-2337318-SNAPSHOT]
	at org.apache.ratis.util.SlidingWindow$Server.processRequestsFromHead(SlidingWindow.java:429) [ratis-common-0.4.0-2337318-SNAPSHOT.jar:0.4.0-2337318-SNAPSHOT]
	at org.apache.ratis.util.SlidingWindow$Server.receivedRequest(SlidingWindow.java:421) [ratis-common-0.4.0-2337318-SNAPSHOT.jar:0.4.0-2337318-SNAPSHOT]
	at org.apache.ratis.grpc.client.GrpcClientProtocolService$OrderedRequestStreamObserver.processClientRequest(GrpcClientProtocolService.java:345) [ratis-grpc-0.4.0-2337318-SNAPSHOT.jar:0.4.0-2337318-SNAPSHOT]
	at org.apache.ratis.grpc.client.GrpcClientProtocolService$RequestStreamObserver.onNext(GrpcClientProtocolService.java:240) [ratis-grpc-0.4.0-2337318-SNAPSHOT.jar:0.4.0-2337318-SNAPSHOT]
	at org.apache.ratis.grpc.client.GrpcClientProtocolService$RequestStreamObserver.onNext(GrpcClientProtocolService.java:168) [ratis-grpc-0.4.0-2337318-SNAPSHOT.jar:0.4.0-2337318-SNAPSHOT]
	at org.apache.ratis.thirdparty.io.grpc.stub.ServerCalls$StreamingServerCallHandler$StreamingServerCallListener.onMessage(ServerCalls.java:248) [ratis-thirdparty-misc-0.2.0.jar:0.2.0]
	at org.apache.ratis.thirdparty.io.grpc.internal.ServerCallImpl$ServerStreamListenerImpl.messagesAvailable(ServerCallImpl.java:263) [ratis-thirdparty-misc-0.2.0.jar:0.2.0]
	at org.apache.ratis.thirdparty.io.grpc.internal.ServerImpl$JumpToApplicationThreadServerStreamListener$1MessagesAvailable.runInContext(ServerImpl.java:686) [ratis-thirdparty-misc-0.2.0.jar:0.2.0]
	at org.apache.ratis.thirdparty.io.grpc.internal.ContextRunnable.run(ContextRunnable.java:37) [ratis-thirdparty-misc-0.2.0.jar:0.2.0]
	at org.apache.ratis.thirdparty.io.grpc.internal.SerializingExecutor.run(SerializingExecutor.java:123) [ratis-thirdparty-misc-0.2.0.jar:0.2.0]
	at java.util.concurrent.ThreadPoolExecutor.runWorker(ThreadPoolExecutor.java:1149) [?:1.8.0_212]
	at java.util.concurrent.ThreadPoolExecutor$Worker.run(ThreadPoolExecutor.java:624) [?:1.8.0_212]
	at java.lang.Thread.run(Thread.java:748) [?:1.8.0_212]
2019-07-13 14:37:05,877 INFO  client.GrpcClientProtocolClient (GrpcClientProtocolClient.java:onNext(255)) - client-48349CFC8607->1be32d53-114d-4e93-931f-dbb99198ce5c: receive RaftClientReply:client-48349CFC8607->1be32d53-114d-4e93-931f-dbb99198ce5c@group-8348FAD10384, cid=217, FAILED org.apache.ratis.protocol.StateMachineException: org.apache.hadoop.hdds.scm.container.common.helpers.ContainerNotOpenException from Server 1be32d53-114d-4e93-931f-dbb99198ce5c: Container 1 in CLOSED state, logIndex=0, commits[1be32d53-114d-4e93-931f-dbb99198ce5c:c8, 9b5d1350-3fc6-47c1-a971-496d9ec6ae4c:c7, 96de7e06-7a77-473f-9a3b-c9533c91019d:c7]
2019-07-13 14:37:05,878 INFO  client.GrpcClientProtocolClient (GrpcClientProtocolClient.java:onNext(255)) - client-48349CFC8607->1be32d53-114d-4e93-931f-dbb99198ce5c: receive RaftClientReply:client-48349CFC8607->1be32d53-114d-4e93-931f-dbb99198ce5c@group-8348FAD10384, cid=218, FAILED org.apache.ratis.protocol.StateMachineException: org.apache.hadoop.hdds.scm.container.common.helpers.ContainerNotOpenException from Server 1be32d53-114d-4e93-931f-dbb99198ce5c: Container 1 in CLOSED state, logIndex=0, commits[1be32d53-114d-4e93-931f-dbb99198ce5c:c8, 9b5d1350-3fc6-47c1-a971-496d9ec6ae4c:c7, 96de7e06-7a77-473f-9a3b-c9533c91019d:c7]
2019-07-13 14:37:05,967 INFO  client.GrpcClientProtocolClient (GrpcClientProtocolClient.java:onNext(255)) - client-48349CFC8607->1be32d53-114d-4e93-931f-dbb99198ce5c: receive RaftClientReply:client-48349CFC8607->1be32d53-114d-4e93-931f-dbb99198ce5c@group-8348FAD10384, cid=219, SUCCESS, logIndex=9, commits[1be32d53-114d-4e93-931f-dbb99198ce5c:c11, 9b5d1350-3fc6-47c1-a971-496d9ec6ae4c:c8, 96de7e06-7a77-473f-9a3b-c9533c91019d:c8]
2019-07-13 14:37:05,968 INFO  client.GrpcClientProtocolClient (GrpcClientProtocolClient.java:onNext(255)) - client-48349CFC8607->1be32d53-114d-4e93-931f-dbb99198ce5c: receive RaftClientReply:client-48349CFC8607->1be32d53-114d-4e93-931f-dbb99198ce5c@group-8348FAD10384, cid=220, SUCCESS, logIndex=10, commits[1be32d53-114d-4e93-931f-dbb99198ce5c:c11, 9b5d1350-3fc6-47c1-a971-496d9ec6ae4c:c8, 96de7e06-7a77-473f-9a3b-c9533c91019d:c8]
2019-07-13 14:37:05,991 INFO  client.GrpcClientProtocolClient (GrpcClientProtocolClient.java:onNext(255)) - client-48349CFC8607->1be32d53-114d-4e93-931f-dbb99198ce5c: receive RaftClientReply:client-48349CFC8607->1be32d53-114d-4e93-931f-dbb99198ce5c@group-8348FAD10384, cid=221, SUCCESS, logIndex=11, commits[1be32d53-114d-4e93-931f-dbb99198ce5c:c14, 9b5d1350-3fc6-47c1-a971-496d9ec6ae4c:c11, 96de7e06-7a77-473f-9a3b-c9533c91019d:c11]
2019-07-13 14:37:06,010 INFO  pipeline.Pipeline (Pipeline.java:getProtobufMessage(195)) - Serialize pipeline PipelineID=95da9ee4-4d19-4f55-b326-8348fad10384 with nodesInOrder{ }
2019-07-13 14:37:06,012 INFO  ozone.MiniOzoneClusterImpl (MiniOzoneClusterImpl.java:shutdown(321)) - Shutting down the Mini Ozone Cluster
2019-07-13 14:37:06,012 INFO  ozone.MiniOzoneClusterImpl (MiniOzoneClusterImpl.java:stop(336)) - Stopping the Mini Ozone Cluster
2019-07-13 14:37:06,012 INFO  ozone.MiniOzoneClusterImpl (MiniOzoneClusterImpl.java:stop(338)) - Stopping the OzoneManager
2019-07-13 14:37:06,013 INFO  ipc.Server (Server.java:stop(3082)) - Stopping server on 40122
2019-07-13 14:37:06,018 INFO  ipc.Server (Server.java:run(1185)) - Stopping IPC Server listener on 40122
2019-07-13 14:37:06,038 INFO  ipc.Server (Server.java:run(1319)) - Stopping IPC Server Responder
2019-07-13 14:37:06,038 INFO  utils.BackgroundService (BackgroundService.java:shutdown(148)) - Shutting down service KeyDeletingService
2019-07-13 14:37:06,039 INFO  handler.ContextHandler (ContextHandler.java:doStop(910)) - Stopped o.e.j.w.WebAppContext@7a98f106{/,null,UNAVAILABLE}{/ozoneManager}
2019-07-13 14:37:06,040 INFO  server.AbstractConnector (AbstractConnector.java:doStop(318)) - Stopped ServerConnector@633328d3{HTTP/1.1,[http/1.1]}{0.0.0.0:0}
2019-07-13 14:37:06,041 INFO  handler.ContextHandler (ContextHandler.java:doStop(910)) - Stopped o.e.j.s.ServletContextHandler@453fcce2{/static,file:///tmp/workdir/hadoop-ozone/integration-test/target/test-classes/webapps/static,UNAVAILABLE}
2019-07-13 14:37:06,041 INFO  handler.ContextHandler (ContextHandler.java:doStop(910)) - Stopped o.e.j.s.ServletContextHandler@3986b56{/logs,file:///tmp/workdir/hadoop-ozone/integration-test/target/log,UNAVAILABLE}
2019-07-13 14:37:06,044 INFO  ozone.MiniOzoneClusterImpl (MiniOzoneClusterImpl.java:stop(344)) - Shutting the HddsDatanodes
2019-07-13 14:37:06,044 INFO  datanode.ObjectStoreHandler (ObjectStoreHandler.java:close(155)) - Closing ObjectStoreHandler.
2019-07-13 14:37:06,044 INFO  datanode.ObjectStoreHandler (ObjectStoreHandler.java:close(155)) - Closing ObjectStoreHandler.
2019-07-13 14:37:06,045 INFO  ozone.HddsDatanodeService (HddsDatanodeService.java:stop(452)) - Stopped plug-in org.apache.hadoop.ozone.web.OzoneHddsDatanodeService@260d878a
2019-07-13 14:37:06,045 INFO  ozone.HddsDatanodeService (HddsDatanodeService.java:stop(452)) - Stopped plug-in org.apache.hadoop.ozone.web.OzoneHddsDatanodeService@84180e2
2019-07-13 14:37:06,188 INFO  statemachine.DatanodeStateMachine (DatanodeStateMachine.java:lambda$startDaemon$0(350)) - Ozone container server started.
2019-07-13 14:37:06,962 INFO  statemachine.DatanodeStateMachine (DatanodeStateMachine.java:lambda$startDaemon$0(350)) - Ozone container server started.
2019-07-13 14:37:10,196 INFO  node.StaleNodeHandler (StaleNodeHandler.java:onMessage(58)) - Datanode 289db83c-4a5b-4d17-b8a7-3d36cfd56978{ip: 192.168.5.172, host: trunk-nightly-mhs6z-4061744966, networkLocation: /default-rack, certSerialId: null} moved to stale state. Finalizing its pipelines [PipelineID=7102e57e-a52c-417e-9122-fdaa5b6335b4, PipelineID=b1355288-3ff8-412a-8e65-fb0b818319e5]
2019-07-13 14:37:10,196 INFO  pipeline.SCMPipelineManager (SCMPipelineManager.java:finalizeAndDestroyPipeline(309)) - destroying pipeline:Pipeline[ Id: 7102e57e-a52c-417e-9122-fdaa5b6335b4, Nodes: 289db83c-4a5b-4d17-b8a7-3d36cfd56978{ip: 192.168.5.172, host: trunk-nightly-mhs6z-4061744966, networkLocation: /default-rack, certSerialId: null}894dc0c2-216a-4430-b056-07ea893b2db1{ip: 192.168.5.172, host: trunk-nightly-mhs6z-4061744966, networkLocation: /default-rack, certSerialId: null}4b05a4d6-cfcf-4ae9-8d1a-cdf55e9a2374{ip: 192.168.5.172, host: trunk-nightly-mhs6z-4061744966, networkLocation: /default-rack, certSerialId: null}, Type:RATIS, Factor:THREE, State:OPEN]
2019-07-13 14:37:10,196 INFO  pipeline.PipelineStateManager (PipelineStateManager.java:finalizePipeline(123)) - Pipeline Pipeline[ Id: 7102e57e-a52c-417e-9122-fdaa5b6335b4, Nodes: 289db83c-4a5b-4d17-b8a7-3d36cfd56978{ip: 192.168.5.172, host: trunk-nightly-mhs6z-4061744966, networkLocation: /default-rack, certSerialId: null}894dc0c2-216a-4430-b056-07ea893b2db1{ip: 192.168.5.172, host: trunk-nightly-mhs6z-4061744966, networkLocation: /default-rack, certSerialId: null}4b05a4d6-cfcf-4ae9-8d1a-cdf55e9a2374{ip: 192.168.5.172, host: trunk-nightly-mhs6z-4061744966, networkLocation: /default-rack, certSerialId: null}, Type:RATIS, Factor:THREE, State:CLOSED] moved to CLOSED state
2019-07-13 14:37:10,196 INFO  pipeline.SCMPipelineManager (SCMPipelineManager.java:finalizeAndDestroyPipeline(309)) - destroying pipeline:Pipeline[ Id: b1355288-3ff8-412a-8e65-fb0b818319e5, Nodes: 289db83c-4a5b-4d17-b8a7-3d36cfd56978{ip: 192.168.5.172, host: trunk-nightly-mhs6z-4061744966, networkLocation: /default-rack, certSerialId: null}, Type:RATIS, Factor:ONE, State:OPEN]
2019-07-13 14:37:10,197 INFO  pipeline.PipelineStateManager (PipelineStateManager.java:finalizePipeline(123)) - Pipeline Pipeline[ Id: b1355288-3ff8-412a-8e65-fb0b818319e5, Nodes: 289db83c-4a5b-4d17-b8a7-3d36cfd56978{ip: 192.168.5.172, host: trunk-nightly-mhs6z-4061744966, networkLocation: /default-rack, certSerialId: null}, Type:RATIS, Factor:ONE, State:CLOSED] moved to CLOSED state
2019-07-13 14:37:10,996 INFO  node.StaleNodeHandler (StaleNodeHandler.java:onMessage(58)) - Datanode 9b5d1350-3fc6-47c1-a971-496d9ec6ae4c{ip: 192.168.5.172, host: trunk-nightly-mhs6z-4061744966, networkLocation: /default-rack, certSerialId: null} moved to stale state. Finalizing its pipelines [PipelineID=f0079d77-f19a-41ce-aabb-c93d8c2ba8cb, PipelineID=95da9ee4-4d19-4f55-b326-8348fad10384]
2019-07-13 14:37:10,997 INFO  pipeline.SCMPipelineManager (SCMPipelineManager.java:finalizeAndDestroyPipeline(309)) - destroying pipeline:Pipeline[ Id: f0079d77-f19a-41ce-aabb-c93d8c2ba8cb, Nodes: 9b5d1350-3fc6-47c1-a971-496d9ec6ae4c{ip: 192.168.5.172, host: trunk-nightly-mhs6z-4061744966, networkLocation: /default-rack, certSerialId: null}, Type:RATIS, Factor:ONE, State:OPEN]
2019-07-13 14:37:10,997 INFO  pipeline.PipelineStateManager (PipelineStateManager.java:finalizePipeline(123)) - Pipeline Pipeline[ Id: f0079d77-f19a-41ce-aabb-c93d8c2ba8cb, Nodes: 9b5d1350-3fc6-47c1-a971-496d9ec6ae4c{ip: 192.168.5.172, host: trunk-nightly-mhs6z-4061744966, networkLocation: /default-rack, certSerialId: null}, Type:RATIS, Factor:ONE, State:CLOSED] moved to CLOSED state
2019-07-13 14:37:10,997 INFO  pipeline.SCMPipelineManager (SCMPipelineManager.java:finalizeAndDestroyPipeline(309)) - destroying pipeline:Pipeline[ Id: 95da9ee4-4d19-4f55-b326-8348fad10384, Nodes: 96de7e06-7a77-473f-9a3b-c9533c91019d{ip: 192.168.5.172, host: trunk-nightly-mhs6z-4061744966, networkLocation: /default-rack, certSerialId: null}9b5d1350-3fc6-47c1-a971-496d9ec6ae4c{ip: 192.168.5.172, host: trunk-nightly-mhs6z-4061744966, networkLocation: /default-rack, certSerialId: null}1be32d53-114d-4e93-931f-dbb99198ce5c{ip: 192.168.5.172, host: trunk-nightly-mhs6z-4061744966, networkLocation: /default-rack, certSerialId: null}, Type:RATIS, Factor:THREE, State:OPEN]
2019-07-13 14:37:10,997 INFO  pipeline.PipelineStateManager (PipelineStateManager.java:finalizePipeline(123)) - Pipeline Pipeline[ Id: 95da9ee4-4d19-4f55-b326-8348fad10384, Nodes: 96de7e06-7a77-473f-9a3b-c9533c91019d{ip: 192.168.5.172, host: trunk-nightly-mhs6z-4061744966, networkLocation: /default-rack, certSerialId: null}9b5d1350-3fc6-47c1-a971-496d9ec6ae4c{ip: 192.168.5.172, host: trunk-nightly-mhs6z-4061744966, networkLocation: /default-rack, certSerialId: null}1be32d53-114d-4e93-931f-dbb99198ce5c{ip: 192.168.5.172, host: trunk-nightly-mhs6z-4061744966, networkLocation: /default-rack, certSerialId: null}, Type:RATIS, Factor:THREE, State:CLOSED] moved to CLOSED state
2019-07-13 14:37:10,998 INFO  container.CloseContainerEventHandler (CloseContainerEventHandler.java:onMessage(61)) - Close container Event triggered for container : #2
2019-07-13 14:37:11,046 INFO  ozoneimpl.OzoneContainer (OzoneContainer.java:stop(199)) - Attempting to stop container services.
2019-07-13 14:37:11,046 INFO  ozoneimpl.OzoneContainer (OzoneContainer.java:stop(199)) - Attempting to stop container services.
2019-07-13 14:37:11,047 INFO  impl.RaftServerProxy (RaftServerProxy.java:lambda$close$4(314)) - 289db83c-4a5b-4d17-b8a7-3d36cfd56978: close
2019-07-13 14:37:11,047 INFO  impl.RaftServerProxy (RaftServerProxy.java:lambda$close$4(314)) - 9b5d1350-3fc6-47c1-a971-496d9ec6ae4c: close
2019-07-13 14:37:11,050 INFO  impl.RaftServerImpl (RaftServerImpl.java:lambda$shutdown$3(245)) - 289db83c-4a5b-4d17-b8a7-3d36cfd56978: shutdown group-FDAA5B6335B4
2019-07-13 14:37:11,051 INFO  util.JmxRegister (JmxRegister.java:unregister(73)) - Successfully un-registered JMX Bean with object name Ratis:service=RaftServer,group=group-FDAA5B6335B4,id=289db83c-4a5b-4d17-b8a7-3d36cfd56978
2019-07-13 14:37:11,051 INFO  impl.RoleInfo (RoleInfo.java:shutdownLeaderState(104)) - 289db83c-4a5b-4d17-b8a7-3d36cfd56978: shutdown LeaderState
2019-07-13 14:37:11,050 INFO  impl.RaftServerImpl (RaftServerImpl.java:lambda$shutdown$3(245)) - 9b5d1350-3fc6-47c1-a971-496d9ec6ae4c: shutdown group-C93D8C2BA8CB
2019-07-13 14:37:11,056 WARN  server.GrpcLogAppender (GrpcLogAppender.java:mayWait(143)) - GrpcLogAppender(289db83c-4a5b-4d17-b8a7-3d36cfd56978->894dc0c2-216a-4430-b056-07ea893b2db1): Wait interrupted by java.lang.InterruptedException
2019-07-13 14:37:11,056 WARN  server.GrpcLogAppender (GrpcLogAppender.java:mayWait(143)) - GrpcLogAppender(289db83c-4a5b-4d17-b8a7-3d36cfd56978->4b05a4d6-cfcf-4ae9-8d1a-cdf55e9a2374): Wait interrupted by java.lang.InterruptedException
2019-07-13 14:37:11,056 INFO  impl.PendingRequests (PendingRequests.java:sendNotLeaderResponses(202)) - 289db83c-4a5b-4d17-b8a7-3d36cfd56978-PendingRequests: sendNotLeaderResponses
2019-07-13 14:37:11,057 INFO  server.GrpcServerProtocolService (GrpcServerProtocolService.java:onCompleted(104)) - 4b05a4d6-cfcf-4ae9-8d1a-cdf55e9a2374: appendEntries completed
2019-07-13 14:37:11,057 INFO  server.GrpcServerProtocolService (GrpcServerProtocolService.java:onCompleted(104)) - 894dc0c2-216a-4430-b056-07ea893b2db1: appendEntries completed
2019-07-13 14:37:11,056 INFO  util.JmxRegister (JmxRegister.java:unregister(73)) - Successfully un-registered JMX Bean with object name Ratis:service=RaftServer,group=group-C93D8C2BA8CB,id=9b5d1350-3fc6-47c1-a971-496d9ec6ae4c
2019-07-13 14:37:11,058 INFO  server.GrpcLogAppender (GrpcLogAppender.java:onCompleted(292)) - 289db83c-4a5b-4d17-b8a7-3d36cfd56978->894dc0c2-216a-4430-b056-07ea893b2db1: follower responses appendEntries COMPLETED
2019-07-13 14:37:11,058 INFO  server.GrpcLogAppender (GrpcLogAppender.java:onCompleted(292)) - 289db83c-4a5b-4d17-b8a7-3d36cfd56978->4b05a4d6-cfcf-4ae9-8d1a-cdf55e9a2374: follower responses appendEntries COMPLETED
2019-07-13 14:37:11,057 INFO  ratis.ContainerStateMachine (ContainerStateMachine.java:takeSnapshot(246)) - Taking snapshot at termIndex:(t:0, i:~)
2019-07-13 14:37:11,057 INFO  impl.StateMachineUpdater (StateMachineUpdater.java:stopAndJoin(115)) - StateMachineUpdater:289db83c-4a5b-4d17-b8a7-3d36cfd56978:group-FDAA5B6335B4: set stopIndex = 0
2019-07-13 14:37:11,059 INFO  impl.RaftServerImpl (ServerState.java:close(394)) - 289db83c-4a5b-4d17-b8a7-3d36cfd56978:group-FDAA5B6335B4 closes. The last applied log index is 0
2019-07-13 14:37:11,059 INFO  impl.FollowerInfo (FollowerInfo.java:lambda$new$0(50)) - 289db83c-4a5b-4d17-b8a7-3d36cfd56978->4b05a4d6-cfcf-4ae9-8d1a-cdf55e9a2374: nextIndex: updateUnconditionally 1 -> 0
2019-07-13 14:37:11,058 INFO  impl.FollowerInfo (FollowerInfo.java:lambda$new$0(50)) - 289db83c-4a5b-4d17-b8a7-3d36cfd56978->894dc0c2-216a-4430-b056-07ea893b2db1: nextIndex: updateUnconditionally 1 -> 0
2019-07-13 14:37:11,058 INFO  impl.RoleInfo (RoleInfo.java:shutdownLeaderState(104)) - 9b5d1350-3fc6-47c1-a971-496d9ec6ae4c: shutdown LeaderState
2019-07-13 14:37:11,060 INFO  segmented.SegmentedRaftLogWorker (SegmentedRaftLogWorker.java:run(313)) - 289db83c-4a5b-4d17-b8a7-3d36cfd56978-SegmentedRaftLogWorker:Storage Directory /tmp/workdir/hadoop-ozone/integration-test/target/test-dir/MiniOzoneClusterImpl-16da60bc-a68b-4f57-8fc0-91e73f0642b4/datanode-4/data/ratis/7102e57e-a52c-417e-9122-fdaa5b6335b4 was interrupted, exiting. There are 0 tasks remaining in the queue.
2019-07-13 14:37:11,060 INFO  impl.PendingRequests (PendingRequests.java:sendNotLeaderResponses(202)) - 9b5d1350-3fc6-47c1-a971-496d9ec6ae4c-PendingRequests: sendNotLeaderResponses
2019-07-13 14:37:11,063 INFO  segmented.SegmentedRaftLogWorker (SegmentedRaftLogWorker.java:close(228)) - 289db83c-4a5b-4d17-b8a7-3d36cfd56978-SegmentedRaftLogWorker:Storage Directory /tmp/workdir/hadoop-ozone/integration-test/target/test-dir/MiniOzoneClusterImpl-16da60bc-a68b-4f57-8fc0-91e73f0642b4/datanode-4/data/ratis/7102e57e-a52c-417e-9122-fdaa5b6335b4 close()
2019-07-13 14:37:11,063 INFO  ratis.ContainerStateMachine (ContainerStateMachine.java:takeSnapshot(246)) - Taking snapshot at termIndex:(t:0, i:~)
2019-07-13 14:37:11,063 INFO  impl.StateMachineUpdater (StateMachineUpdater.java:stopAndJoin(115)) - StateMachineUpdater:9b5d1350-3fc6-47c1-a971-496d9ec6ae4c:group-C93D8C2BA8CB: set stopIndex = 0
2019-07-13 14:37:11,068 INFO  impl.RaftServerImpl (RaftServerImpl.java:lambda$shutdown$3(245)) - 289db83c-4a5b-4d17-b8a7-3d36cfd56978: shutdown group-FB0B818319E5
2019-07-13 14:37:11,069 INFO  util.JmxRegister (JmxRegister.java:unregister(73)) - Successfully un-registered JMX Bean with object name Ratis:service=RaftServer,group=group-FB0B818319E5,id=289db83c-4a5b-4d17-b8a7-3d36cfd56978
2019-07-13 14:37:11,069 INFO  impl.RoleInfo (RoleInfo.java:shutdownLeaderState(104)) - 289db83c-4a5b-4d17-b8a7-3d36cfd56978: shutdown LeaderState
2019-07-13 14:37:11,070 INFO  impl.PendingRequests (PendingRequests.java:sendNotLeaderResponses(202)) - 289db83c-4a5b-4d17-b8a7-3d36cfd56978-PendingRequests: sendNotLeaderResponses
2019-07-13 14:37:11,068 INFO  impl.RaftServerImpl (ServerState.java:close(394)) - 9b5d1350-3fc6-47c1-a971-496d9ec6ae4c:group-C93D8C2BA8CB closes. The last applied log index is 0
2019-07-13 14:37:11,070 INFO  ratis.ContainerStateMachine (ContainerStateMachine.java:takeSnapshot(246)) - Taking snapshot at termIndex:(t:0, i:~)
2019-07-13 14:37:11,070 INFO  segmented.SegmentedRaftLogWorker (SegmentedRaftLogWorker.java:run(313)) - 9b5d1350-3fc6-47c1-a971-496d9ec6ae4c-SegmentedRaftLogWorker:Storage Directory /tmp/workdir/hadoop-ozone/integration-test/target/test-dir/MiniOzoneClusterImpl-16da60bc-a68b-4f57-8fc0-91e73f0642b4/datanode-1/data/ratis/f0079d77-f19a-41ce-aabb-c93d8c2ba8cb was interrupted, exiting. There are 0 tasks remaining in the queue.
2019-07-13 14:37:11,070 INFO  impl.StateMachineUpdater (StateMachineUpdater.java:stopAndJoin(115)) - StateMachineUpdater:289db83c-4a5b-4d17-b8a7-3d36cfd56978:group-FB0B818319E5: set stopIndex = 0
2019-07-13 14:37:11,073 INFO  segmented.SegmentedRaftLogWorker (SegmentedRaftLogWorker.java:close(228)) - 9b5d1350-3fc6-47c1-a971-496d9ec6ae4c-SegmentedRaftLogWorker:Storage Directory /tmp/workdir/hadoop-ozone/integration-test/target/test-dir/MiniOzoneClusterImpl-16da60bc-a68b-4f57-8fc0-91e73f0642b4/datanode-1/data/ratis/f0079d77-f19a-41ce-aabb-c93d8c2ba8cb close()
2019-07-13 14:37:11,073 INFO  impl.RaftServerImpl (ServerState.java:close(394)) - 289db83c-4a5b-4d17-b8a7-3d36cfd56978:group-FB0B818319E5 closes. The last applied log index is 0
2019-07-13 14:37:11,078 INFO  impl.RaftServerImpl (RaftServerImpl.java:lambda$shutdown$3(245)) - 9b5d1350-3fc6-47c1-a971-496d9ec6ae4c: shutdown group-8348FAD10384
2019-07-13 14:37:11,078 INFO  segmented.SegmentedRaftLogWorker (SegmentedRaftLogWorker.java:run(313)) - 289db83c-4a5b-4d17-b8a7-3d36cfd56978-SegmentedRaftLogWorker:Storage Directory /tmp/workdir/hadoop-ozone/integration-test/target/test-dir/MiniOzoneClusterImpl-16da60bc-a68b-4f57-8fc0-91e73f0642b4/datanode-4/data/ratis/b1355288-3ff8-412a-8e65-fb0b818319e5 was interrupted, exiting. There are 0 tasks remaining in the queue.
2019-07-13 14:37:11,078 INFO  util.JmxRegister (JmxRegister.java:unregister(73)) - Successfully un-registered JMX Bean with object name Ratis:service=RaftServer,group=group-8348FAD10384,id=9b5d1350-3fc6-47c1-a971-496d9ec6ae4c
2019-07-13 14:37:11,081 INFO  segmented.SegmentedRaftLogWorker (SegmentedRaftLogWorker.java:close(228)) - 289db83c-4a5b-4d17-b8a7-3d36cfd56978-SegmentedRaftLogWorker:Storage Directory /tmp/workdir/hadoop-ozone/integration-test/target/test-dir/MiniOzoneClusterImpl-16da60bc-a68b-4f57-8fc0-91e73f0642b4/datanode-4/data/ratis/b1355288-3ff8-412a-8e65-fb0b818319e5 close()
2019-07-13 14:37:11,081 INFO  impl.RoleInfo (RoleInfo.java:shutdownFollowerState(121)) - 9b5d1350-3fc6-47c1-a971-496d9ec6ae4c: shutdown FollowerState
2019-07-13 14:37:11,085 INFO  server.GrpcService (GrpcService.java:closeImpl(155)) - 289db83c-4a5b-4d17-b8a7-3d36cfd56978: shutdown server with port 38637 now
2019-07-13 14:37:11,085 INFO  impl.FollowerState (FollowerState.java:run(114)) - 9b5d1350-3fc6-47c1-a971-496d9ec6ae4c: FollowerState was interrupted: java.lang.InterruptedException: sleep interrupted
2019-07-13 14:37:11,085 INFO  impl.StateMachineUpdater (StateMachineUpdater.java:stopAndJoin(115)) - StateMachineUpdater:9b5d1350-3fc6-47c1-a971-496d9ec6ae4c:group-8348FAD10384: set stopIndex = 14
2019-07-13 14:37:11,085 INFO  ratis.ContainerStateMachine (ContainerStateMachine.java:takeSnapshot(246)) - Taking snapshot at termIndex:(t:1, i:11)
2019-07-13 14:37:11,089 INFO  ratis.ContainerStateMachine (ContainerStateMachine.java:takeSnapshot(250)) - Taking a snapshot to file /tmp/workdir/hadoop-ozone/integration-test/target/test-dir/MiniOzoneClusterImpl-16da60bc-a68b-4f57-8fc0-91e73f0642b4/datanode-1/data/ratis/95da9ee4-4d19-4f55-b326-8348fad10384/sm/snapshot.1_11
2019-07-13 14:37:11,089 INFO  server.GrpcService (GrpcService.java:closeImpl(163)) - 289db83c-4a5b-4d17-b8a7-3d36cfd56978: shutdown server with port 38637 successfully
2019-07-13 14:37:11,089 INFO  impl.StateMachineUpdater (StateMachineUpdater.java:takeSnapshot(242)) - StateMachineUpdater:9b5d1350-3fc6-47c1-a971-496d9ec6ae4c:group-8348FAD10384: Took a snapshot at index 11
2019-07-13 14:37:11,089 INFO  impl.StateMachineUpdater (StateMachineUpdater.java:lambda$new$0(80)) - StateMachineUpdater:9b5d1350-3fc6-47c1-a971-496d9ec6ae4c:group-8348FAD10384: snapshotIndex: updateIncreasingly -1 -> 11
2019-07-13 14:37:11,091 INFO  impl.RaftServerImpl (ServerState.java:close(394)) - 9b5d1350-3fc6-47c1-a971-496d9ec6ae4c:group-8348FAD10384 closes. The last applied log index is 14
2019-07-13 14:37:11,091 INFO  utils.BackgroundService (BackgroundService.java:shutdown(148)) - Shutting down service BlockDeletingService
2019-07-13 14:37:11,091 INFO  segmented.SegmentedRaftLogWorker (SegmentedRaftLogWorker.java:run(313)) - 9b5d1350-3fc6-47c1-a971-496d9ec6ae4c-SegmentedRaftLogWorker:Storage Directory /tmp/workdir/hadoop-ozone/integration-test/target/test-dir/MiniOzoneClusterImpl-16da60bc-a68b-4f57-8fc0-91e73f0642b4/datanode-1/data/ratis/95da9ee4-4d19-4f55-b326-8348fad10384 was interrupted, exiting. There are 0 tasks remaining in the queue.
2019-07-13 14:37:11,095 INFO  segmented.SegmentedRaftLogWorker (SegmentedRaftLogWorker.java:close(228)) - 9b5d1350-3fc6-47c1-a971-496d9ec6ae4c-SegmentedRaftLogWorker:Storage Directory /tmp/workdir/hadoop-ozone/integration-test/target/test-dir/MiniOzoneClusterImpl-16da60bc-a68b-4f57-8fc0-91e73f0642b4/datanode-1/data/ratis/95da9ee4-4d19-4f55-b326-8348fad10384 close()
2019-07-13 14:37:11,100 INFO  server.GrpcService (GrpcService.java:closeImpl(155)) - 9b5d1350-3fc6-47c1-a971-496d9ec6ae4c: shutdown server with port 34125 now
2019-07-13 14:37:11,101 WARN  fs.CachingGetSpaceUsed (CachingGetSpaceUsed.java:run(183)) - Thread Interrupted waiting to refresh disk information: sleep interrupted
2019-07-13 14:37:11,101 WARN  server.GrpcServerProtocolService (LogUtils.java:warn(134)) - 9b5d1350-3fc6-47c1-a971-496d9ec6ae4c: appendEntries onError: org.apache.ratis.thirdparty.io.grpc.StatusRuntimeException: CANCELLED: cancelled before receiving half close
2019-07-13 14:37:11,101 INFO  server.GrpcService (GrpcService.java:closeImpl(163)) - 9b5d1350-3fc6-47c1-a971-496d9ec6ae4c: shutdown server with port 34125 successfully
2019-07-13 14:37:11,103 WARN  server.GrpcLogAppender (LogUtils.java:warn(134)) - 1be32d53-114d-4e93-931f-dbb99198ce5c->9b5d1350-3fc6-47c1-a971-496d9ec6ae4c: Failed appendEntries: org.apache.ratis.thirdparty.io.grpc.StatusRuntimeException: CANCELLED: HTTP/2 error code: CANCEL
Received Rst Stream
2019-07-13 14:37:11,104 INFO  impl.FollowerInfo (FollowerInfo.java:lambda$new$0(50)) - 1be32d53-114d-4e93-931f-dbb99198ce5c->9b5d1350-3fc6-47c1-a971-496d9ec6ae4c: nextIndex: updateUnconditionally 15 -> 14
2019-07-13 14:37:11,106 INFO  utils.BackgroundService (BackgroundService.java:shutdown(148)) - Shutting down service BlockDeletingService
2019-07-13 14:37:11,108 WARN  fs.CachingGetSpaceUsed (CachingGetSpaceUsed.java:run(183)) - Thread Interrupted waiting to refresh disk information: sleep interrupted
2019-07-13 14:37:11,124 INFO  statemachine.DatanodeStateMachine (DatanodeStateMachine.java:stopDaemon(395)) - Ozone container server stopped.
2019-07-13 14:37:11,125 INFO  handler.ContextHandler (ContextHandler.java:doStop(910)) - Stopped o.e.j.w.WebAppContext@1c1bc904{/,null,UNAVAILABLE}{/hddsDatanode}
2019-07-13 14:37:11,126 INFO  server.AbstractConnector (AbstractConnector.java:doStop(318)) - Stopped ServerConnector@53fa630{HTTP/1.1,[http/1.1]}{0.0.0.0:0}
2019-07-13 14:37:11,126 INFO  handler.ContextHandler (ContextHandler.java:doStop(910)) - Stopped o.e.j.s.ServletContextHandler@4c9ed40{/static,jar:file:/home/user/.m2/repository/org/apache/hadoop/hadoop-hdds-container-service/0.5.0-SNAPSHOT/hadoop-hdds-container-service-0.5.0-SNAPSHOT.jar!/webapps/static,UNAVAILABLE}
2019-07-13 14:37:11,127 INFO  handler.ContextHandler (ContextHandler.java:doStop(910)) - Stopped o.e.j.s.ServletContextHandler@12dcfa6a{/logs,file:///tmp/workdir/hadoop-ozone/integration-test/target/log,UNAVAILABLE}
2019-07-13 14:37:11,127 INFO  datanode.ObjectStoreHandler (ObjectStoreHandler.java:close(155)) - Closing ObjectStoreHandler.
2019-07-13 14:37:11,132 INFO  statemachine.DatanodeStateMachine (DatanodeStateMachine.java:stopDaemon(395)) - Ozone container server stopped.
2019-07-13 14:37:11,132 INFO  ozone.HddsDatanodeService (HddsDatanodeService.java:stop(452)) - Stopped plug-in org.apache.hadoop.ozone.web.OzoneHddsDatanodeService@7d7f49f3
2019-07-13 14:37:11,138 INFO  handler.ContextHandler (ContextHandler.java:doStop(910)) - Stopped o.e.j.w.WebAppContext@1c61011b{/,null,UNAVAILABLE}{/hddsDatanode}
2019-07-13 14:37:11,138 INFO  server.AbstractConnector (AbstractConnector.java:doStop(318)) - Stopped ServerConnector@75af5f2a{HTTP/1.1,[http/1.1]}{0.0.0.0:0}
2019-07-13 14:37:11,140 INFO  handler.ContextHandler (ContextHandler.java:doStop(910)) - Stopped o.e.j.s.ServletContextHandler@6a9861de{/static,jar:file:/home/user/.m2/repository/org/apache/hadoop/hadoop-hdds-container-service/0.5.0-SNAPSHOT/hadoop-hdds-container-service-0.5.0-SNAPSHOT.jar!/webapps/static,UNAVAILABLE}
2019-07-13 14:37:11,142 INFO  handler.ContextHandler (ContextHandler.java:doStop(910)) - Stopped o.e.j.s.ServletContextHandler@4cf99283{/logs,file:///tmp/workdir/hadoop-ozone/integration-test/target/log,UNAVAILABLE}
2019-07-13 14:37:11,142 INFO  datanode.ObjectStoreHandler (ObjectStoreHandler.java:close(155)) - Closing ObjectStoreHandler.
2019-07-13 14:37:11,143 INFO  ozone.HddsDatanodeService (HddsDatanodeService.java:stop(452)) - Stopped plug-in org.apache.hadoop.ozone.web.OzoneHddsDatanodeService@7677d320
2019-07-13 14:37:11,847 INFO  statemachine.DatanodeStateMachine (DatanodeStateMachine.java:lambda$startDaemon$0(350)) - Ozone container server started.
2019-07-13 14:37:11,962 INFO  statemachine.DatanodeStateMachine (DatanodeStateMachine.java:lambda$startDaemon$0(350)) - Ozone container server started.
2019-07-13 14:37:13,478 WARN  server.GrpcLogAppender (LogUtils.java:warn(134)) - 1be32d53-114d-4e93-931f-dbb99198ce5c->9b5d1350-3fc6-47c1-a971-496d9ec6ae4c: Failed appendEntries: org.apache.ratis.thirdparty.io.grpc.StatusRuntimeException: UNAVAILABLE: io exception
2019-07-13 14:37:13,479 INFO  impl.FollowerInfo (FollowerInfo.java:lambda$new$0(50)) - 1be32d53-114d-4e93-931f-dbb99198ce5c->9b5d1350-3fc6-47c1-a971-496d9ec6ae4c: nextIndex: updateUnconditionally 14 -> 13
2019-07-13 14:37:13,697 INFO  impl.FollowerState (FollowerState.java:run(106)) - 894dc0c2-216a-4430-b056-07ea893b2db1:group-FDAA5B6335B4 changes to CANDIDATE, lastRpcTime:5090, electionTimeout:5089ms
2019-07-13 14:37:13,697 INFO  impl.RoleInfo (RoleInfo.java:shutdownFollowerState(121)) - 894dc0c2-216a-4430-b056-07ea893b2db1: shutdown FollowerState
2019-07-13 14:37:13,697 INFO  impl.RaftServerImpl (RaftServerImpl.java:setRole(171)) - 894dc0c2-216a-4430-b056-07ea893b2db1:group-FDAA5B6335B4 changes role from FOLLOWER to CANDIDATE at term 1 for changeToCandidate
2019-07-13 14:37:13,697 INFO  impl.RoleInfo (RoleInfo.java:updateAndGet(143)) - 894dc0c2-216a-4430-b056-07ea893b2db1: start LeaderElection
2019-07-13 14:37:13,700 INFO  impl.RaftServerImpl (ServerState.java:setLeader(263)) - 894dc0c2-216a-4430-b056-07ea893b2db1:group-FDAA5B6335B4 change Leader from 289db83c-4a5b-4d17-b8a7-3d36cfd56978 to null at term 1 for initElection
2019-07-13 14:37:13,711 INFO  impl.LeaderElection (LeaderElection.java:askForVotes(181)) - 894dc0c2-216a-4430-b056-07ea893b2db1:group-FDAA5B6335B4:LeaderElection86: begin an election at term 2 for 0: [289db83c-4a5b-4d17-b8a7-3d36cfd56978:192.168.5.172:38637, 4b05a4d6-cfcf-4ae9-8d1a-cdf55e9a2374:192.168.5.172:33867, 894dc0c2-216a-4430-b056-07ea893b2db1:192.168.5.172:36516], old=null
2019-07-13 14:37:13,713 INFO  impl.LeaderElection (LogUtils.java:infoOrTrace(149)) - 894dc0c2-216a-4430-b056-07ea893b2db1:group-FDAA5B6335B4:LeaderElection86 got exception when requesting votes: {}
java.util.concurrent.ExecutionException: org.apache.ratis.thirdparty.io.grpc.StatusRuntimeException: UNAVAILABLE: io exception
	at java.util.concurrent.FutureTask.report(FutureTask.java:122)
	at java.util.concurrent.FutureTask.get(FutureTask.java:192)
	at org.apache.ratis.server.impl.LeaderElection.waitForResults(LeaderElection.java:262)
	at org.apache.ratis.server.impl.LeaderElection.askForVotes(LeaderElection.java:200)
	at org.apache.ratis.server.impl.LeaderElection.run(LeaderElection.java:130)
	at java.lang.Thread.run(Thread.java:748)
Caused by: org.apache.ratis.thirdparty.io.grpc.StatusRuntimeException: UNAVAILABLE: io exception
	at org.apache.ratis.thirdparty.io.grpc.stub.ClientCalls.toStatusRuntimeException(ClientCalls.java:233)
	at org.apache.ratis.thirdparty.io.grpc.stub.ClientCalls.getUnchecked(ClientCalls.java:214)
	at org.apache.ratis.thirdparty.io.grpc.stub.ClientCalls.blockingUnaryCall(ClientCalls.java:139)
	at org.apache.ratis.proto.grpc.RaftServerProtocolServiceGrpc$RaftServerProtocolServiceBlockingStub.requestVote(RaftServerProtocolServiceGrpc.java:265)
	at org.apache.ratis.grpc.server.GrpcServerProtocolClient.requestVote(GrpcServerProtocolClient.java:83)
	at org.apache.ratis.grpc.server.GrpcService.requestVote(GrpcService.java:195)
	at org.apache.ratis.server.impl.LeaderElection.lambda$submitRequests$1(LeaderElection.java:237)
	at java.util.concurrent.FutureTask.run(FutureTask.java:266)
	at java.util.concurrent.Executors$RunnableAdapter.call(Executors.java:511)
	at java.util.concurrent.FutureTask.run(FutureTask.java:266)
	at java.util.concurrent.ThreadPoolExecutor.runWorker(ThreadPoolExecutor.java:1149)
	at java.util.concurrent.ThreadPoolExecutor$Worker.run(ThreadPoolExecutor.java:624)
	... 1 more
Caused by: org.apache.ratis.thirdparty.io.netty.channel.AbstractChannel$AnnotatedConnectException: Connection refused: /192.168.5.172:38637
	at sun.nio.ch.SocketChannelImpl.checkConnect(Native Method)
	at sun.nio.ch.SocketChannelImpl.finishConnect(SocketChannelImpl.java:717)
	at org.apache.ratis.thirdparty.io.netty.channel.socket.nio.NioSocketChannel.doFinishConnect(NioSocketChannel.java:327)
	at org.apache.ratis.thirdparty.io.netty.channel.nio.AbstractNioChannel$AbstractNioUnsafe.finishConnect(AbstractNioChannel.java:340)
	at org.apache.ratis.thirdparty.io.netty.channel.nio.NioEventLoop.processSelectedKey(NioEventLoop.java:632)
	at org.apache.ratis.thirdparty.io.netty.channel.nio.NioEventLoop.processSelectedKeysOptimized(NioEventLoop.java:579)
	at org.apache.ratis.thirdparty.io.netty.channel.nio.NioEventLoop.processSelectedKeys(NioEventLoop.java:496)
	at org.apache.ratis.thirdparty.io.netty.channel.nio.NioEventLoop.run(NioEventLoop.java:458)
	at org.apache.ratis.thirdparty.io.netty.util.concurrent.SingleThreadEventExecutor$5.run(SingleThreadEventExecutor.java:897)
	at org.apache.ratis.thirdparty.io.netty.util.concurrent.FastThreadLocalRunnable.run(FastThreadLocalRunnable.java:30)
	... 1 more
Caused by: java.net.ConnectException: Connection refused
	... 11 more
2019-07-13 14:37:13,715 INFO  impl.RaftServerImpl (ServerState.java:setLeader(263)) - 4b05a4d6-cfcf-4ae9-8d1a-cdf55e9a2374:group-FDAA5B6335B4 change Leader from 289db83c-4a5b-4d17-b8a7-3d36cfd56978 to null at term 2 for updateCurrentTerm
2019-07-13 14:37:13,717 INFO  impl.RaftServerImpl (RaftServerImpl.java:setRole(171)) - 4b05a4d6-cfcf-4ae9-8d1a-cdf55e9a2374:group-FDAA5B6335B4 changes role from FOLLOWER to FOLLOWER at term 2 for recognizeCandidate:894dc0c2-216a-4430-b056-07ea893b2db1
2019-07-13 14:37:13,717 INFO  impl.RoleInfo (RoleInfo.java:shutdownFollowerState(121)) - 4b05a4d6-cfcf-4ae9-8d1a-cdf55e9a2374: shutdown FollowerState
2019-07-13 14:37:13,717 INFO  impl.RoleInfo (RoleInfo.java:updateAndGet(143)) - 4b05a4d6-cfcf-4ae9-8d1a-cdf55e9a2374: start FollowerState
2019-07-13 14:37:13,717 INFO  impl.FollowerState (FollowerState.java:run(114)) - 4b05a4d6-cfcf-4ae9-8d1a-cdf55e9a2374: FollowerState was interrupted: java.lang.InterruptedException: sleep interrupted
2019-07-13 14:37:13,725 INFO  impl.LeaderElection (LeaderElection.java:logAndReturn(56)) - 894dc0c2-216a-4430-b056-07ea893b2db1:group-FDAA5B6335B4:LeaderElection86: Election PASSED; received 1 response(s) [894dc0c2-216a-4430-b056-07ea893b2db1<-4b05a4d6-cfcf-4ae9-8d1a-cdf55e9a2374#0:OK-t2] and 1 exception(s); 894dc0c2-216a-4430-b056-07ea893b2db1:t2, leader=null, voted=894dc0c2-216a-4430-b056-07ea893b2db1, raftlog=894dc0c2-216a-4430-b056-07ea893b2db1-SegmentedRaftLog:OPENED:c0,f0,i0, conf=0: [289db83c-4a5b-4d17-b8a7-3d36cfd56978:192.168.5.172:38637, 4b05a4d6-cfcf-4ae9-8d1a-cdf55e9a2374:192.168.5.172:33867, 894dc0c2-216a-4430-b056-07ea893b2db1:192.168.5.172:36516], old=null
2019-07-13 14:37:13,726 INFO  impl.LeaderElection (LogUtils.java:infoOrTrace(149)) -   Exception 0: {}
java.util.concurrent.ExecutionException: org.apache.ratis.thirdparty.io.grpc.StatusRuntimeException: UNAVAILABLE: io exception
	at java.util.concurrent.FutureTask.report(FutureTask.java:122)
	at java.util.concurrent.FutureTask.get(FutureTask.java:192)
	at org.apache.ratis.server.impl.LeaderElection.waitForResults(LeaderElection.java:262)
	at org.apache.ratis.server.impl.LeaderElection.askForVotes(LeaderElection.java:200)
	at org.apache.ratis.server.impl.LeaderElection.run(LeaderElection.java:130)
	at java.lang.Thread.run(Thread.java:748)
Caused by: org.apache.ratis.thirdparty.io.grpc.StatusRuntimeException: UNAVAILABLE: io exception
	at org.apache.ratis.thirdparty.io.grpc.stub.ClientCalls.toStatusRuntimeException(ClientCalls.java:233)
	at org.apache.ratis.thirdparty.io.grpc.stub.ClientCalls.getUnchecked(ClientCalls.java:214)
	at org.apache.ratis.thirdparty.io.grpc.stub.ClientCalls.blockingUnaryCall(ClientCalls.java:139)
	at org.apache.ratis.proto.grpc.RaftServerProtocolServiceGrpc$RaftServerProtocolServiceBlockingStub.requestVote(RaftServerProtocolServiceGrpc.java:265)
	at org.apache.ratis.grpc.server.GrpcServerProtocolClient.requestVote(GrpcServerProtocolClient.java:83)
	at org.apache.ratis.grpc.server.GrpcService.requestVote(GrpcService.java:195)
	at org.apache.ratis.server.impl.LeaderElection.lambda$submitRequests$1(LeaderElection.java:237)
	at java.util.concurrent.FutureTask.run(FutureTask.java:266)
	at java.util.concurrent.Executors$RunnableAdapter.call(Executors.java:511)
	at java.util.concurrent.FutureTask.run(FutureTask.java:266)
	at java.util.concurrent.ThreadPoolExecutor.runWorker(ThreadPoolExecutor.java:1149)
	at java.util.concurrent.ThreadPoolExecutor$Worker.run(ThreadPoolExecutor.java:624)
	... 1 more
Caused by: org.apache.ratis.thirdparty.io.netty.channel.AbstractChannel$AnnotatedConnectException: Connection refused: /192.168.5.172:38637
	at sun.nio.ch.SocketChannelImpl.checkConnect(Native Method)
	at sun.nio.ch.SocketChannelImpl.finishConnect(SocketChannelImpl.java:717)
	at org.apache.ratis.thirdparty.io.netty.channel.socket.nio.NioSocketChannel.doFinishConnect(NioSocketChannel.java:327)
	at org.apache.ratis.thirdparty.io.netty.channel.nio.AbstractNioChannel$AbstractNioUnsafe.finishConnect(AbstractNioChannel.java:340)
	at org.apache.ratis.thirdparty.io.netty.channel.nio.NioEventLoop.processSelectedKey(NioEventLoop.java:632)
	at org.apache.ratis.thirdparty.io.netty.channel.nio.NioEventLoop.processSelectedKeysOptimized(NioEventLoop.java:579)
	at org.apache.ratis.thirdparty.io.netty.channel.nio.NioEventLoop.processSelectedKeys(NioEventLoop.java:496)
	at org.apache.ratis.thirdparty.io.netty.channel.nio.NioEventLoop.run(NioEventLoop.java:458)
	at org.apache.ratis.thirdparty.io.netty.util.concurrent.SingleThreadEventExecutor$5.run(SingleThreadEventExecutor.java:897)
	at org.apache.ratis.thirdparty.io.netty.util.concurrent.FastThreadLocalRunnable.run(FastThreadLocalRunnable.java:30)
	... 1 more
Caused by: java.net.ConnectException: Connection refused
	... 11 more
2019-07-13 14:37:13,726 INFO  impl.RoleInfo (RoleInfo.java:shutdownLeaderElection(134)) - 894dc0c2-216a-4430-b056-07ea893b2db1: shutdown LeaderElection
2019-07-13 14:37:13,726 INFO  impl.RaftServerImpl (RaftServerImpl.java:setRole(171)) - 894dc0c2-216a-4430-b056-07ea893b2db1:group-FDAA5B6335B4 changes role from CANDIDATE to LEADER at term 2 for changeToLeader
2019-07-13 14:37:13,726 INFO  impl.RaftServerImpl (ServerState.java:setLeader(263)) - 894dc0c2-216a-4430-b056-07ea893b2db1:group-FDAA5B6335B4 change Leader from null to 894dc0c2-216a-4430-b056-07ea893b2db1 at term 2 for becomeLeader, leader elected after 25ms
2019-07-13 14:37:13,726 INFO  server.RaftServerConfigKeys (ConfUtils.java:logGet(43)) - raft.server.staging.catchup.gap = 1000 (default)
2019-07-13 14:37:13,726 INFO  server.RaftServerConfigKeys (ConfUtils.java:logGet(43)) - raft.server.rpc.sleep.time = 25ms (default)
2019-07-13 14:37:13,727 INFO  server.RaftServerConfigKeys (ConfUtils.java:logGet(43)) - raft.server.write.element-limit = 4096 (default)
2019-07-13 14:37:13,727 INFO  server.RaftServerConfigKeys (ConfUtils.java:logGet(43)) - raft.server.watch.timeout = 10s (default)
2019-07-13 14:37:13,727 INFO  server.RaftServerConfigKeys (ConfUtils.java:logGet(43)) - raft.server.watch.timeout.denomination = 1s (default)
2019-07-13 14:37:13,727 INFO  server.RaftServerConfigKeys (ConfUtils.java:logGet(43)) - raft.server.watch.element-limit = 65536 (default)
2019-07-13 14:37:13,727 INFO  server.RaftServerConfigKeys (ConfUtils.java:logGet(43)) - raft.server.log.appender.snapshot.chunk.size.max = 16MB (=16777216) (default)
2019-07-13 14:37:13,727 INFO  server.RaftServerConfigKeys (ConfUtils.java:logGet(43)) - raft.server.log.appender.buffer.byte-limit = 33554432 (custom)
2019-07-13 14:37:13,728 INFO  server.RaftServerConfigKeys (ConfUtils.java:logGet(43)) - raft.server.log.appender.buffer.element-limit = 1 (custom)
2019-07-13 14:37:13,728 INFO  grpc.GrpcConfigKeys$Server (ConfUtils.java:logGet(43)) - raft.grpc.server.leader.outstanding.appends.max = 128 (default)
2019-07-13 14:37:13,728 INFO  server.RaftServerConfigKeys (ConfUtils.java:logGet(43)) - raft.server.rpc.request.timeout = 3000ms (default)
2019-07-13 14:37:13,728 INFO  server.RaftServerConfigKeys (ConfUtils.java:logGet(43)) - raft.server.log.appender.install.snapshot.enabled = false (custom)
2019-07-13 14:37:13,728 INFO  server.RaftServerConfigKeys (ConfUtils.java:logGet(43)) - raft.server.log.appender.snapshot.chunk.size.max = 16MB (=16777216) (default)
2019-07-13 14:37:13,728 INFO  server.RaftServerConfigKeys (ConfUtils.java:logGet(43)) - raft.server.log.appender.buffer.byte-limit = 33554432 (custom)
2019-07-13 14:37:13,729 INFO  server.RaftServerConfigKeys (ConfUtils.java:logGet(43)) - raft.server.log.appender.buffer.element-limit = 1 (custom)
2019-07-13 14:37:13,729 INFO  grpc.GrpcConfigKeys$Server (ConfUtils.java:logGet(43)) - raft.grpc.server.leader.outstanding.appends.max = 128 (default)
2019-07-13 14:37:13,729 INFO  server.RaftServerConfigKeys (ConfUtils.java:logGet(43)) - raft.server.rpc.request.timeout = 3000ms (default)
2019-07-13 14:37:13,729 INFO  server.RaftServerConfigKeys (ConfUtils.java:logGet(43)) - raft.server.log.appender.install.snapshot.enabled = false (custom)
2019-07-13 14:37:13,729 INFO  impl.RoleInfo (RoleInfo.java:updateAndGet(143)) - 894dc0c2-216a-4430-b056-07ea893b2db1: start LeaderState
2019-07-13 14:37:13,730 INFO  segmented.SegmentedRaftLogWorker (SegmentedRaftLogWorker.java:rollLogSegment(385)) - 894dc0c2-216a-4430-b056-07ea893b2db1-SegmentedRaftLogWorker:Storage Directory /tmp/workdir/hadoop-ozone/integration-test/target/test-dir/MiniOzoneClusterImpl-16da60bc-a68b-4f57-8fc0-91e73f0642b4/datanode-3/data/ratis/7102e57e-a52c-417e-9122-fdaa5b6335b4: Rolling segment log-0_0 to index:0
2019-07-13 14:37:13,731 INFO  segmented.SegmentedRaftLogWorker (SegmentedRaftLogWorker.java:execute(526)) - 894dc0c2-216a-4430-b056-07ea893b2db1-SegmentedRaftLogWorker:Storage Directory /tmp/workdir/hadoop-ozone/integration-test/target/test-dir/MiniOzoneClusterImpl-16da60bc-a68b-4f57-8fc0-91e73f0642b4/datanode-3/data/ratis/7102e57e-a52c-417e-9122-fdaa5b6335b4: Rolled log segment from /tmp/workdir/hadoop-ozone/integration-test/target/test-dir/MiniOzoneClusterImpl-16da60bc-a68b-4f57-8fc0-91e73f0642b4/datanode-3/data/ratis/7102e57e-a52c-417e-9122-fdaa5b6335b4/current/log_inprogress_0 to /tmp/workdir/hadoop-ozone/integration-test/target/test-dir/MiniOzoneClusterImpl-16da60bc-a68b-4f57-8fc0-91e73f0642b4/datanode-3/data/ratis/7102e57e-a52c-417e-9122-fdaa5b6335b4/current/log_0-0
2019-07-13 14:37:13,731 INFO  impl.RaftServerImpl (ServerState.java:setRaftConf(361)) - 894dc0c2-216a-4430-b056-07ea893b2db1:group-FDAA5B6335B4 set configuration 1: [289db83c-4a5b-4d17-b8a7-3d36cfd56978:192.168.5.172:38637, 4b05a4d6-cfcf-4ae9-8d1a-cdf55e9a2374:192.168.5.172:33867, 894dc0c2-216a-4430-b056-07ea893b2db1:192.168.5.172:36516], old=null at 1
2019-07-13 14:37:13,731 WARN  server.GrpcLogAppender (LogUtils.java:warn(134)) - 894dc0c2-216a-4430-b056-07ea893b2db1->289db83c-4a5b-4d17-b8a7-3d36cfd56978: Failed appendEntries: org.apache.ratis.thirdparty.io.grpc.StatusRuntimeException: UNAVAILABLE: io exception
2019-07-13 14:37:13,731 INFO  impl.FollowerInfo (FollowerInfo.java:lambda$new$0(50)) - 894dc0c2-216a-4430-b056-07ea893b2db1->289db83c-4a5b-4d17-b8a7-3d36cfd56978: nextIndex: updateUnconditionally 1 -> 0
2019-07-13 14:37:13,732 INFO  impl.RaftServerImpl (ServerState.java:setLeader(263)) - 4b05a4d6-cfcf-4ae9-8d1a-cdf55e9a2374:group-FDAA5B6335B4 change Leader from null to 894dc0c2-216a-4430-b056-07ea893b2db1 at term 2 for appendEntries, leader elected after 17ms
2019-07-13 14:37:13,734 INFO  impl.RaftServerImpl (ServerState.java:setRaftConf(361)) - 4b05a4d6-cfcf-4ae9-8d1a-cdf55e9a2374:group-FDAA5B6335B4 set configuration 1: [289db83c-4a5b-4d17-b8a7-3d36cfd56978:192.168.5.172:38637, 4b05a4d6-cfcf-4ae9-8d1a-cdf55e9a2374:192.168.5.172:33867, 894dc0c2-216a-4430-b056-07ea893b2db1:192.168.5.172:36516], old=null at 1
2019-07-13 14:37:13,735 INFO  segmented.SegmentedRaftLogWorker (SegmentedRaftLogWorker.java:rollLogSegment(385)) - 4b05a4d6-cfcf-4ae9-8d1a-cdf55e9a2374-SegmentedRaftLogWorker:Storage Directory /tmp/workdir/hadoop-ozone/integration-test/target/test-dir/MiniOzoneClusterImpl-16da60bc-a68b-4f57-8fc0-91e73f0642b4/datanode-5/data/ratis/7102e57e-a52c-417e-9122-fdaa5b6335b4: Rolling segment log-0_0 to index:0
2019-07-13 14:37:13,735 INFO  segmented.SegmentedRaftLogWorker (SegmentedRaftLogWorker.java:execute(526)) - 4b05a4d6-cfcf-4ae9-8d1a-cdf55e9a2374-SegmentedRaftLogWorker:Storage Directory /tmp/workdir/hadoop-ozone/integration-test/target/test-dir/MiniOzoneClusterImpl-16da60bc-a68b-4f57-8fc0-91e73f0642b4/datanode-5/data/ratis/7102e57e-a52c-417e-9122-fdaa5b6335b4: Rolled log segment from /tmp/workdir/hadoop-ozone/integration-test/target/test-dir/MiniOzoneClusterImpl-16da60bc-a68b-4f57-8fc0-91e73f0642b4/datanode-5/data/ratis/7102e57e-a52c-417e-9122-fdaa5b6335b4/current/log_inprogress_0 to /tmp/workdir/hadoop-ozone/integration-test/target/test-dir/MiniOzoneClusterImpl-16da60bc-a68b-4f57-8fc0-91e73f0642b4/datanode-5/data/ratis/7102e57e-a52c-417e-9122-fdaa5b6335b4/current/log_0-0
2019-07-13 14:37:13,753 INFO  segmented.SegmentedRaftLogWorker (SegmentedRaftLogWorker.java:execute(569)) - 894dc0c2-216a-4430-b056-07ea893b2db1-SegmentedRaftLogWorker:Storage Directory /tmp/workdir/hadoop-ozone/integration-test/target/test-dir/MiniOzoneClusterImpl-16da60bc-a68b-4f57-8fc0-91e73f0642b4/datanode-3/data/ratis/7102e57e-a52c-417e-9122-fdaa5b6335b4: created new log segment /tmp/workdir/hadoop-ozone/integration-test/target/test-dir/MiniOzoneClusterImpl-16da60bc-a68b-4f57-8fc0-91e73f0642b4/datanode-3/data/ratis/7102e57e-a52c-417e-9122-fdaa5b6335b4/current/log_inprogress_1
2019-07-13 14:37:13,754 INFO  segmented.SegmentedRaftLogWorker (SegmentedRaftLogWorker.java:execute(569)) - 4b05a4d6-cfcf-4ae9-8d1a-cdf55e9a2374-SegmentedRaftLogWorker:Storage Directory /tmp/workdir/hadoop-ozone/integration-test/target/test-dir/MiniOzoneClusterImpl-16da60bc-a68b-4f57-8fc0-91e73f0642b4/datanode-5/data/ratis/7102e57e-a52c-417e-9122-fdaa5b6335b4: created new log segment /tmp/workdir/hadoop-ozone/integration-test/target/test-dir/MiniOzoneClusterImpl-16da60bc-a68b-4f57-8fc0-91e73f0642b4/datanode-5/data/ratis/7102e57e-a52c-417e-9122-fdaa5b6335b4/current/log_inprogress_1
2019-07-13 14:37:13,759 WARN  server.GrpcLogAppender (LogUtils.java:warn(134)) - 894dc0c2-216a-4430-b056-07ea893b2db1->289db83c-4a5b-4d17-b8a7-3d36cfd56978: Failed appendEntries: org.apache.ratis.thirdparty.io.grpc.StatusRuntimeException: UNAVAILABLE: io exception
2019-07-13 14:37:13,760 INFO  impl.FollowerInfo (FollowerInfo.java:lambda$new$0(50)) - 894dc0c2-216a-4430-b056-07ea893b2db1->289db83c-4a5b-4d17-b8a7-3d36cfd56978: nextIndex: updateUnconditionally 1 -> 0
2019-07-13 14:37:13,762 WARN  server.GrpcLogAppender (LogUtils.java:warn(134)) - 894dc0c2-216a-4430-b056-07ea893b2db1->289db83c-4a5b-4d17-b8a7-3d36cfd56978: Failed appendEntries: org.apache.ratis.thirdparty.io.grpc.StatusRuntimeException: UNAVAILABLE: io exception
2019-07-13 14:37:13,762 INFO  impl.FollowerInfo (FollowerInfo.java:lambda$new$0(50)) - 894dc0c2-216a-4430-b056-07ea893b2db1->289db83c-4a5b-4d17-b8a7-3d36cfd56978: nextIndex: updateUnconditionally 1 -> 0
2019-07-13 14:37:15,906 INFO  node.StaleNodeHandler (StaleNodeHandler.java:onMessage(58)) - Datanode 894dc0c2-216a-4430-b056-07ea893b2db1{ip: 192.168.5.172, host: trunk-nightly-mhs6z-4061744966, networkLocation: /default-rack, certSerialId: null} moved to stale state. Finalizing its pipelines [PipelineID=7102e57e-a52c-417e-9122-fdaa5b6335b4, PipelineID=5cd9856a-832e-4fa0-b0bd-5c8dc1e16112]
2019-07-13 14:37:15,907 INFO  pipeline.SCMPipelineManager (SCMPipelineManager.java:finalizeAndDestroyPipeline(309)) - destroying pipeline:Pipeline[ Id: 7102e57e-a52c-417e-9122-fdaa5b6335b4, Nodes: 289db83c-4a5b-4d17-b8a7-3d36cfd56978{ip: 192.168.5.172, host: trunk-nightly-mhs6z-4061744966, networkLocation: /default-rack, certSerialId: null}894dc0c2-216a-4430-b056-07ea893b2db1{ip: 192.168.5.172, host: trunk-nightly-mhs6z-4061744966, networkLocation: /default-rack, certSerialId: null}4b05a4d6-cfcf-4ae9-8d1a-cdf55e9a2374{ip: 192.168.5.172, host: trunk-nightly-mhs6z-4061744966, networkLocation: /default-rack, certSerialId: null}, Type:RATIS, Factor:THREE, State:CLOSED]
2019-07-13 14:37:15,907 INFO  pipeline.SCMPipelineManager (SCMPipelineManager.java:finalizeAndDestroyPipeline(309)) - destroying pipeline:Pipeline[ Id: 5cd9856a-832e-4fa0-b0bd-5c8dc1e16112, Nodes: 894dc0c2-216a-4430-b056-07ea893b2db1{ip: 192.168.5.172, host: trunk-nightly-mhs6z-4061744966, networkLocation: /default-rack, certSerialId: null}, Type:RATIS, Factor:ONE, State:OPEN]
2019-07-13 14:37:15,907 INFO  pipeline.PipelineStateManager (PipelineStateManager.java:finalizePipeline(123)) - Pipeline Pipeline[ Id: 5cd9856a-832e-4fa0-b0bd-5c8dc1e16112, Nodes: 894dc0c2-216a-4430-b056-07ea893b2db1{ip: 192.168.5.172, host: trunk-nightly-mhs6z-4061744966, networkLocation: /default-rack, certSerialId: null}, Type:RATIS, Factor:ONE, State:CLOSED] moved to CLOSED state
2019-07-13 14:37:15,979 WARN  server.GrpcLogAppender (LogUtils.java:warn(134)) - 1be32d53-114d-4e93-931f-dbb99198ce5c->9b5d1350-3fc6-47c1-a971-496d9ec6ae4c: Failed appendEntries: org.apache.ratis.thirdparty.io.grpc.StatusRuntimeException: UNAVAILABLE: io exception
2019-07-13 14:37:15,980 INFO  impl.FollowerInfo (FollowerInfo.java:lambda$new$0(50)) - 1be32d53-114d-4e93-931f-dbb99198ce5c->9b5d1350-3fc6-47c1-a971-496d9ec6ae4c: nextIndex: updateUnconditionally 13 -> 12
2019-07-13 14:37:16,006 INFO  node.StaleNodeHandler (StaleNodeHandler.java:onMessage(58)) - Datanode 1be32d53-114d-4e93-931f-dbb99198ce5c{ip: 192.168.5.172, host: trunk-nightly-mhs6z-4061744966, networkLocation: /default-rack, certSerialId: null} moved to stale state. Finalizing its pipelines [PipelineID=ed8fda4c-1195-4ccf-b10d-301f1798ade4, PipelineID=95da9ee4-4d19-4f55-b326-8348fad10384]
2019-07-13 14:37:16,007 INFO  pipeline.SCMPipelineManager (SCMPipelineManager.java:finalizeAndDestroyPipeline(309)) - destroying pipeline:Pipeline[ Id: ed8fda4c-1195-4ccf-b10d-301f1798ade4, Nodes: 1be32d53-114d-4e93-931f-dbb99198ce5c{ip: 192.168.5.172, host: trunk-nightly-mhs6z-4061744966, networkLocation: /default-rack, certSerialId: null}, Type:RATIS, Factor:ONE, State:OPEN]
2019-07-13 14:37:16,007 INFO  pipeline.PipelineStateManager (PipelineStateManager.java:finalizePipeline(123)) - Pipeline Pipeline[ Id: ed8fda4c-1195-4ccf-b10d-301f1798ade4, Nodes: 1be32d53-114d-4e93-931f-dbb99198ce5c{ip: 192.168.5.172, host: trunk-nightly-mhs6z-4061744966, networkLocation: /default-rack, certSerialId: null}, Type:RATIS, Factor:ONE, State:CLOSED] moved to CLOSED state
2019-07-13 14:37:16,007 INFO  pipeline.SCMPipelineManager (SCMPipelineManager.java:finalizeAndDestroyPipeline(309)) - destroying pipeline:Pipeline[ Id: 95da9ee4-4d19-4f55-b326-8348fad10384, Nodes: 96de7e06-7a77-473f-9a3b-c9533c91019d{ip: 192.168.5.172, host: trunk-nightly-mhs6z-4061744966, networkLocation: /default-rack, certSerialId: null}9b5d1350-3fc6-47c1-a971-496d9ec6ae4c{ip: 192.168.5.172, host: trunk-nightly-mhs6z-4061744966, networkLocation: /default-rack, certSerialId: null}1be32d53-114d-4e93-931f-dbb99198ce5c{ip: 192.168.5.172, host: trunk-nightly-mhs6z-4061744966, networkLocation: /default-rack, certSerialId: null}, Type:RATIS, Factor:THREE, State:CLOSED]
2019-07-13 14:37:16,137 INFO  ozoneimpl.OzoneContainer (OzoneContainer.java:stop(199)) - Attempting to stop container services.
2019-07-13 14:37:16,137 INFO  impl.RaftServerProxy (RaftServerProxy.java:lambda$close$4(314)) - 894dc0c2-216a-4430-b056-07ea893b2db1: close
2019-07-13 14:37:16,138 INFO  impl.RaftServerImpl (RaftServerImpl.java:lambda$shutdown$3(245)) - 894dc0c2-216a-4430-b056-07ea893b2db1: shutdown group-FDAA5B6335B4
2019-07-13 14:37:16,138 INFO  util.JmxRegister (JmxRegister.java:unregister(73)) - Successfully un-registered JMX Bean with object name Ratis:service=RaftServer,group=group-FDAA5B6335B4,id=894dc0c2-216a-4430-b056-07ea893b2db1
2019-07-13 14:37:16,138 INFO  impl.RoleInfo (RoleInfo.java:shutdownLeaderState(104)) - 894dc0c2-216a-4430-b056-07ea893b2db1: shutdown LeaderState
2019-07-13 14:37:16,144 WARN  server.GrpcLogAppender (GrpcLogAppender.java:mayWait(143)) - GrpcLogAppender(894dc0c2-216a-4430-b056-07ea893b2db1->289db83c-4a5b-4d17-b8a7-3d36cfd56978): Wait interrupted by java.lang.InterruptedException
2019-07-13 14:37:16,144 INFO  ozoneimpl.OzoneContainer (OzoneContainer.java:stop(199)) - Attempting to stop container services.
2019-07-13 14:37:16,144 WARN  server.GrpcLogAppender (GrpcLogAppender.java:mayWait(143)) - GrpcLogAppender(894dc0c2-216a-4430-b056-07ea893b2db1->4b05a4d6-cfcf-4ae9-8d1a-cdf55e9a2374): Wait interrupted by java.lang.InterruptedException
2019-07-13 14:37:16,144 INFO  impl.PendingRequests (PendingRequests.java:sendNotLeaderResponses(202)) - 894dc0c2-216a-4430-b056-07ea893b2db1-PendingRequests: sendNotLeaderResponses
2019-07-13 14:37:16,145 INFO  server.GrpcServerProtocolService (GrpcServerProtocolService.java:onCompleted(104)) - 4b05a4d6-cfcf-4ae9-8d1a-cdf55e9a2374: appendEntries completed
2019-07-13 14:37:16,148 INFO  impl.StateMachineUpdater (StateMachineUpdater.java:stopAndJoin(115)) - StateMachineUpdater:894dc0c2-216a-4430-b056-07ea893b2db1:group-FDAA5B6335B4: set stopIndex = 2
2019-07-13 14:37:16,144 INFO  impl.RaftServerProxy (RaftServerProxy.java:lambda$close$4(314)) - 1be32d53-114d-4e93-931f-dbb99198ce5c: close
2019-07-13 14:37:16,149 INFO  server.GrpcLogAppender (GrpcLogAppender.java:onCompleted(292)) - 894dc0c2-216a-4430-b056-07ea893b2db1->4b05a4d6-cfcf-4ae9-8d1a-cdf55e9a2374: follower responses appendEntries COMPLETED
2019-07-13 14:37:16,149 INFO  ratis.ContainerStateMachine (ContainerStateMachine.java:takeSnapshot(246)) - Taking snapshot at termIndex:(t:0, i:~)
2019-07-13 14:37:16,149 INFO  impl.RaftServerImpl (RaftServerImpl.java:lambda$shutdown$3(245)) - 1be32d53-114d-4e93-931f-dbb99198ce5c: shutdown group-301F1798ADE4
2019-07-13 14:37:16,150 INFO  impl.RaftServerImpl (ServerState.java:close(394)) - 894dc0c2-216a-4430-b056-07ea893b2db1:group-FDAA5B6335B4 closes. The last applied log index is 2
2019-07-13 14:37:16,150 INFO  impl.FollowerInfo (FollowerInfo.java:lambda$new$0(50)) - 894dc0c2-216a-4430-b056-07ea893b2db1->4b05a4d6-cfcf-4ae9-8d1a-cdf55e9a2374: nextIndex: updateUnconditionally 3 -> 2
2019-07-13 14:37:16,151 INFO  segmented.SegmentedRaftLogWorker (SegmentedRaftLogWorker.java:run(313)) - 894dc0c2-216a-4430-b056-07ea893b2db1-SegmentedRaftLogWorker:Storage Directory /tmp/workdir/hadoop-ozone/integration-test/target/test-dir/MiniOzoneClusterImpl-16da60bc-a68b-4f57-8fc0-91e73f0642b4/datanode-3/data/ratis/7102e57e-a52c-417e-9122-fdaa5b6335b4 was interrupted, exiting. There are 0 tasks remaining in the queue.
2019-07-13 14:37:16,150 INFO  util.JmxRegister (JmxRegister.java:unregister(73)) - Successfully un-registered JMX Bean with object name Ratis:service=RaftServer,group=group-301F1798ADE4,id=1be32d53-114d-4e93-931f-dbb99198ce5c
2019-07-13 14:37:16,153 INFO  segmented.SegmentedRaftLogWorker (SegmentedRaftLogWorker.java:close(228)) - 894dc0c2-216a-4430-b056-07ea893b2db1-SegmentedRaftLogWorker:Storage Directory /tmp/workdir/hadoop-ozone/integration-test/target/test-dir/MiniOzoneClusterImpl-16da60bc-a68b-4f57-8fc0-91e73f0642b4/datanode-3/data/ratis/7102e57e-a52c-417e-9122-fdaa5b6335b4 close()
2019-07-13 14:37:16,153 INFO  impl.RoleInfo (RoleInfo.java:shutdownLeaderState(104)) - 1be32d53-114d-4e93-931f-dbb99198ce5c: shutdown LeaderState
2019-07-13 14:37:16,157 INFO  impl.RaftServerImpl (RaftServerImpl.java:lambda$shutdown$3(245)) - 894dc0c2-216a-4430-b056-07ea893b2db1: shutdown group-5C8DC1E16112
2019-07-13 14:37:16,157 INFO  impl.PendingRequests (PendingRequests.java:sendNotLeaderResponses(202)) - 1be32d53-114d-4e93-931f-dbb99198ce5c-PendingRequests: sendNotLeaderResponses
2019-07-13 14:37:16,158 INFO  util.JmxRegister (JmxRegister.java:unregister(73)) - Successfully un-registered JMX Bean with object name Ratis:service=RaftServer,group=group-5C8DC1E16112,id=894dc0c2-216a-4430-b056-07ea893b2db1
2019-07-13 14:37:16,158 INFO  ratis.ContainerStateMachine (ContainerStateMachine.java:takeSnapshot(246)) - Taking snapshot at termIndex:(t:0, i:~)
2019-07-13 14:37:16,158 INFO  impl.StateMachineUpdater (StateMachineUpdater.java:stopAndJoin(115)) - StateMachineUpdater:1be32d53-114d-4e93-931f-dbb99198ce5c:group-301F1798ADE4: set stopIndex = 0
2019-07-13 14:37:16,159 INFO  impl.RaftServerImpl (ServerState.java:close(394)) - 1be32d53-114d-4e93-931f-dbb99198ce5c:group-301F1798ADE4 closes. The last applied log index is 0
2019-07-13 14:37:16,159 INFO  impl.RoleInfo (RoleInfo.java:shutdownLeaderState(104)) - 894dc0c2-216a-4430-b056-07ea893b2db1: shutdown LeaderState
2019-07-13 14:37:16,160 INFO  segmented.SegmentedRaftLogWorker (SegmentedRaftLogWorker.java:run(313)) - 1be32d53-114d-4e93-931f-dbb99198ce5c-SegmentedRaftLogWorker:Storage Directory /tmp/workdir/hadoop-ozone/integration-test/target/test-dir/MiniOzoneClusterImpl-16da60bc-a68b-4f57-8fc0-91e73f0642b4/datanode-2/data/ratis/ed8fda4c-1195-4ccf-b10d-301f1798ade4 was interrupted, exiting. There are 0 tasks remaining in the queue.
2019-07-13 14:37:16,160 INFO  impl.PendingRequests (PendingRequests.java:sendNotLeaderResponses(202)) - 894dc0c2-216a-4430-b056-07ea893b2db1-PendingRequests: sendNotLeaderResponses
2019-07-13 14:37:16,162 INFO  segmented.SegmentedRaftLogWorker (SegmentedRaftLogWorker.java:close(228)) - 1be32d53-114d-4e93-931f-dbb99198ce5c-SegmentedRaftLogWorker:Storage Directory /tmp/workdir/hadoop-ozone/integration-test/target/test-dir/MiniOzoneClusterImpl-16da60bc-a68b-4f57-8fc0-91e73f0642b4/datanode-2/data/ratis/ed8fda4c-1195-4ccf-b10d-301f1798ade4 close()
2019-07-13 14:37:16,162 INFO  ratis.ContainerStateMachine (ContainerStateMachine.java:takeSnapshot(246)) - Taking snapshot at termIndex:(t:0, i:~)
2019-07-13 14:37:16,162 INFO  impl.StateMachineUpdater (StateMachineUpdater.java:stopAndJoin(115)) - StateMachineUpdater:894dc0c2-216a-4430-b056-07ea893b2db1:group-5C8DC1E16112: set stopIndex = 0
2019-07-13 14:37:16,166 INFO  impl.RaftServerImpl (RaftServerImpl.java:lambda$shutdown$3(245)) - 1be32d53-114d-4e93-931f-dbb99198ce5c: shutdown group-8348FAD10384
2019-07-13 14:37:16,166 INFO  impl.RaftServerImpl (ServerState.java:close(394)) - 894dc0c2-216a-4430-b056-07ea893b2db1:group-5C8DC1E16112 closes. The last applied log index is 0
2019-07-13 14:37:16,167 INFO  util.JmxRegister (JmxRegister.java:unregister(73)) - Successfully un-registered JMX Bean with object name Ratis:service=RaftServer,group=group-8348FAD10384,id=1be32d53-114d-4e93-931f-dbb99198ce5c
2019-07-13 14:37:16,167 INFO  segmented.SegmentedRaftLogWorker (SegmentedRaftLogWorker.java:run(313)) - 894dc0c2-216a-4430-b056-07ea893b2db1-SegmentedRaftLogWorker:Storage Directory /tmp/workdir/hadoop-ozone/integration-test/target/test-dir/MiniOzoneClusterImpl-16da60bc-a68b-4f57-8fc0-91e73f0642b4/datanode-3/data/ratis/5cd9856a-832e-4fa0-b0bd-5c8dc1e16112 was interrupted, exiting. There are 0 tasks remaining in the queue.
2019-07-13 14:37:16,167 INFO  impl.RoleInfo (RoleInfo.java:shutdownLeaderState(104)) - 1be32d53-114d-4e93-931f-dbb99198ce5c: shutdown LeaderState
2019-07-13 14:37:16,169 INFO  segmented.SegmentedRaftLogWorker (SegmentedRaftLogWorker.java:close(228)) - 894dc0c2-216a-4430-b056-07ea893b2db1-SegmentedRaftLogWorker:Storage Directory /tmp/workdir/hadoop-ozone/integration-test/target/test-dir/MiniOzoneClusterImpl-16da60bc-a68b-4f57-8fc0-91e73f0642b4/datanode-3/data/ratis/5cd9856a-832e-4fa0-b0bd-5c8dc1e16112 close()
2019-07-13 14:37:16,173 WARN  server.GrpcLogAppender (GrpcLogAppender.java:mayWait(143)) - GrpcLogAppender(1be32d53-114d-4e93-931f-dbb99198ce5c->96de7e06-7a77-473f-9a3b-c9533c91019d): Wait interrupted by java.lang.InterruptedException
2019-07-13 14:37:16,173 WARN  server.GrpcLogAppender (GrpcLogAppender.java:mayWait(143)) - GrpcLogAppender(1be32d53-114d-4e93-931f-dbb99198ce5c->9b5d1350-3fc6-47c1-a971-496d9ec6ae4c): Wait interrupted by java.lang.InterruptedException
2019-07-13 14:37:16,173 INFO  impl.PendingRequests (PendingRequests.java:sendNotLeaderResponses(202)) - 1be32d53-114d-4e93-931f-dbb99198ce5c-PendingRequests: sendNotLeaderResponses
2019-07-13 14:37:16,184 INFO  server.GrpcServerProtocolService (GrpcServerProtocolService.java:onCompleted(104)) - 96de7e06-7a77-473f-9a3b-c9533c91019d: appendEntries completed
2019-07-13 14:37:16,184 INFO  server.GrpcService (GrpcService.java:closeImpl(155)) - 894dc0c2-216a-4430-b056-07ea893b2db1: shutdown server with port 36516 now
2019-07-13 14:37:16,188 INFO  ratis.ContainerStateMachine (ContainerStateMachine.java:takeSnapshot(246)) - Taking snapshot at termIndex:(t:1, i:14)
2019-07-13 14:37:16,188 INFO  server.GrpcLogAppender (GrpcLogAppender.java:onCompleted(292)) - 1be32d53-114d-4e93-931f-dbb99198ce5c->96de7e06-7a77-473f-9a3b-c9533c91019d: follower responses appendEntries COMPLETED
2019-07-13 14:37:16,188 INFO  impl.StateMachineUpdater (StateMachineUpdater.java:stopAndJoin(115)) - StateMachineUpdater:1be32d53-114d-4e93-931f-dbb99198ce5c:group-8348FAD10384: set stopIndex = 14
2019-07-13 14:37:16,189 INFO  impl.FollowerInfo (FollowerInfo.java:lambda$new$0(50)) - 1be32d53-114d-4e93-931f-dbb99198ce5c->96de7e06-7a77-473f-9a3b-c9533c91019d: nextIndex: updateUnconditionally 15 -> 14
2019-07-13 14:37:16,188 INFO  server.GrpcService (GrpcService.java:closeImpl(163)) - 894dc0c2-216a-4430-b056-07ea893b2db1: shutdown server with port 36516 successfully
2019-07-13 14:37:16,188 INFO  ratis.ContainerStateMachine (ContainerStateMachine.java:takeSnapshot(250)) - Taking a snapshot to file /tmp/workdir/hadoop-ozone/integration-test/target/test-dir/MiniOzoneClusterImpl-16da60bc-a68b-4f57-8fc0-91e73f0642b4/datanode-2/data/ratis/95da9ee4-4d19-4f55-b326-8348fad10384/sm/snapshot.1_14
2019-07-13 14:37:16,190 INFO  impl.StateMachineUpdater (StateMachineUpdater.java:takeSnapshot(242)) - StateMachineUpdater:1be32d53-114d-4e93-931f-dbb99198ce5c:group-8348FAD10384: Took a snapshot at index 14
2019-07-13 14:37:16,190 INFO  impl.StateMachineUpdater (StateMachineUpdater.java:lambda$new$0(80)) - StateMachineUpdater:1be32d53-114d-4e93-931f-dbb99198ce5c:group-8348FAD10384: snapshotIndex: updateIncreasingly -1 -> 14
2019-07-13 14:37:16,190 INFO  utils.BackgroundService (BackgroundService.java:shutdown(148)) - Shutting down service BlockDeletingService
2019-07-13 14:37:16,190 INFO  impl.RaftServerImpl (ServerState.java:close(394)) - 1be32d53-114d-4e93-931f-dbb99198ce5c:group-8348FAD10384 closes. The last applied log index is 14
2019-07-13 14:37:16,191 INFO  segmented.SegmentedRaftLogWorker (SegmentedRaftLogWorker.java:run(313)) - 1be32d53-114d-4e93-931f-dbb99198ce5c-SegmentedRaftLogWorker:Storage Directory /tmp/workdir/hadoop-ozone/integration-test/target/test-dir/MiniOzoneClusterImpl-16da60bc-a68b-4f57-8fc0-91e73f0642b4/datanode-2/data/ratis/95da9ee4-4d19-4f55-b326-8348fad10384 was interrupted, exiting. There are 0 tasks remaining in the queue.
2019-07-13 14:37:16,193 INFO  segmented.SegmentedRaftLogWorker (SegmentedRaftLogWorker.java:close(228)) - 1be32d53-114d-4e93-931f-dbb99198ce5c-SegmentedRaftLogWorker:Storage Directory /tmp/workdir/hadoop-ozone/integration-test/target/test-dir/MiniOzoneClusterImpl-16da60bc-a68b-4f57-8fc0-91e73f0642b4/datanode-2/data/ratis/95da9ee4-4d19-4f55-b326-8348fad10384 close()
2019-07-13 14:37:16,195 INFO  server.GrpcService (GrpcService.java:closeImpl(155)) - 1be32d53-114d-4e93-931f-dbb99198ce5c: shutdown server with port 36477 now
2019-07-13 14:37:16,195 WARN  fs.CachingGetSpaceUsed (CachingGetSpaceUsed.java:run(183)) - Thread Interrupted waiting to refresh disk information: sleep interrupted
2019-07-13 14:37:16,196 INFO  server.GrpcService (GrpcService.java:closeImpl(163)) - 1be32d53-114d-4e93-931f-dbb99198ce5c: shutdown server with port 36477 successfully
2019-07-13 14:37:16,200 INFO  utils.BackgroundService (BackgroundService.java:shutdown(148)) - Shutting down service BlockDeletingService
2019-07-13 14:37:16,201 WARN  fs.CachingGetSpaceUsed (CachingGetSpaceUsed.java:run(183)) - Thread Interrupted waiting to refresh disk information: sleep interrupted
2019-07-13 14:37:16,213 INFO  statemachine.DatanodeStateMachine (DatanodeStateMachine.java:stopDaemon(395)) - Ozone container server stopped.
2019-07-13 14:37:16,214 INFO  handler.ContextHandler (ContextHandler.java:doStop(910)) - Stopped o.e.j.w.WebAppContext@65640109{/,null,UNAVAILABLE}{/hddsDatanode}
2019-07-13 14:37:16,214 INFO  server.AbstractConnector (AbstractConnector.java:doStop(318)) - Stopped ServerConnector@5feceb2f{HTTP/1.1,[http/1.1]}{0.0.0.0:0}
2019-07-13 14:37:16,215 INFO  handler.ContextHandler (ContextHandler.java:doStop(910)) - Stopped o.e.j.s.ServletContextHandler@a6f34f5{/static,jar:file:/home/user/.m2/repository/org/apache/hadoop/hadoop-hdds-container-service/0.5.0-SNAPSHOT/hadoop-hdds-container-service-0.5.0-SNAPSHOT.jar!/webapps/static,UNAVAILABLE}
2019-07-13 14:37:16,215 INFO  handler.ContextHandler (ContextHandler.java:doStop(910)) - Stopped o.e.j.s.ServletContextHandler@7e5a8000{/logs,file:///tmp/workdir/hadoop-ozone/integration-test/target/log,UNAVAILABLE}
2019-07-13 14:37:16,216 INFO  datanode.ObjectStoreHandler (ObjectStoreHandler.java:close(155)) - Closing ObjectStoreHandler.
2019-07-13 14:37:16,216 INFO  ozone.HddsDatanodeService (HddsDatanodeService.java:stop(452)) - Stopped plug-in org.apache.hadoop.ozone.web.OzoneHddsDatanodeService@4fecdf0b
2019-07-13 14:37:16,229 INFO  statemachine.DatanodeStateMachine (DatanodeStateMachine.java:stopDaemon(395)) - Ozone container server stopped.
2019-07-13 14:37:16,233 INFO  handler.ContextHandler (ContextHandler.java:doStop(910)) - Stopped o.e.j.w.WebAppContext@667ce5fa{/,null,UNAVAILABLE}{/hddsDatanode}
2019-07-13 14:37:16,233 INFO  server.AbstractConnector (AbstractConnector.java:doStop(318)) - Stopped ServerConnector@2298af09{HTTP/1.1,[http/1.1]}{0.0.0.0:0}
2019-07-13 14:37:16,234 INFO  handler.ContextHandler (ContextHandler.java:doStop(910)) - Stopped o.e.j.s.ServletContextHandler@2140582{/static,jar:file:/home/user/.m2/repository/org/apache/hadoop/hadoop-hdds-container-service/0.5.0-SNAPSHOT/hadoop-hdds-container-service-0.5.0-SNAPSHOT.jar!/webapps/static,UNAVAILABLE}
2019-07-13 14:37:16,236 INFO  handler.ContextHandler (ContextHandler.java:doStop(910)) - Stopped o.e.j.s.ServletContextHandler@56957f08{/logs,file:///tmp/workdir/hadoop-ozone/integration-test/target/log,UNAVAILABLE}
2019-07-13 14:37:16,236 INFO  datanode.ObjectStoreHandler (ObjectStoreHandler.java:close(155)) - Closing ObjectStoreHandler.
2019-07-13 14:37:16,237 INFO  ozone.HddsDatanodeService (HddsDatanodeService.java:stop(452)) - Stopped plug-in org.apache.hadoop.ozone.web.OzoneHddsDatanodeService@20d1737
2019-07-13 14:37:16,578 INFO  statemachine.DatanodeStateMachine (DatanodeStateMachine.java:lambda$startDaemon$0(350)) - Ozone container server started.
2019-07-13 14:37:16,965 INFO  statemachine.DatanodeStateMachine (DatanodeStateMachine.java:lambda$startDaemon$0(350)) - Ozone container server started.
2019-07-13 14:37:20,612 INFO  node.StaleNodeHandler (StaleNodeHandler.java:onMessage(58)) - Datanode a1d08438-0882-4ba4-9a9e-0e144432d131{ip: 192.168.5.172, host: trunk-nightly-mhs6z-4061744966, networkLocation: /default-rack, certSerialId: null} moved to stale state. Finalizing its pipelines [PipelineID=72d36e8f-92c7-447d-bbb4-70fde1cb347a]
2019-07-13 14:37:20,613 INFO  pipeline.SCMPipelineManager (SCMPipelineManager.java:finalizeAndDestroyPipeline(309)) - destroying pipeline:Pipeline[ Id: 72d36e8f-92c7-447d-bbb4-70fde1cb347a, Nodes: a1d08438-0882-4ba4-9a9e-0e144432d131{ip: 192.168.5.172, host: trunk-nightly-mhs6z-4061744966, networkLocation: /default-rack, certSerialId: null}, Type:RATIS, Factor:ONE, State:OPEN]
2019-07-13 14:37:20,613 INFO  pipeline.PipelineStateManager (PipelineStateManager.java:finalizePipeline(123)) - Pipeline Pipeline[ Id: 72d36e8f-92c7-447d-bbb4-70fde1cb347a, Nodes: a1d08438-0882-4ba4-9a9e-0e144432d131{ip: 192.168.5.172, host: trunk-nightly-mhs6z-4061744966, networkLocation: /default-rack, certSerialId: null}, Type:RATIS, Factor:ONE, State:CLOSED] moved to CLOSED state
2019-07-13 14:37:21,013 INFO  node.StaleNodeHandler (StaleNodeHandler.java:onMessage(58)) - Datanode 96de7e06-7a77-473f-9a3b-c9533c91019d{ip: 192.168.5.172, host: trunk-nightly-mhs6z-4061744966, networkLocation: /default-rack, certSerialId: null} moved to stale state. Finalizing its pipelines [PipelineID=499b84be-643e-497e-9fcd-af2503e37b1b, PipelineID=95da9ee4-4d19-4f55-b326-8348fad10384]
2019-07-13 14:37:21,013 INFO  pipeline.SCMPipelineManager (SCMPipelineManager.java:finalizeAndDestroyPipeline(309)) - destroying pipeline:Pipeline[ Id: 499b84be-643e-497e-9fcd-af2503e37b1b, Nodes: 96de7e06-7a77-473f-9a3b-c9533c91019d{ip: 192.168.5.172, host: trunk-nightly-mhs6z-4061744966, networkLocation: /default-rack, certSerialId: null}, Type:RATIS, Factor:ONE, State:OPEN]
2019-07-13 14:37:21,014 INFO  pipeline.PipelineStateManager (PipelineStateManager.java:finalizePipeline(123)) - Pipeline Pipeline[ Id: 499b84be-643e-497e-9fcd-af2503e37b1b, Nodes: 96de7e06-7a77-473f-9a3b-c9533c91019d{ip: 192.168.5.172, host: trunk-nightly-mhs6z-4061744966, networkLocation: /default-rack, certSerialId: null}, Type:RATIS, Factor:ONE, State:CLOSED] moved to CLOSED state
2019-07-13 14:37:21,014 INFO  pipeline.SCMPipelineManager (SCMPipelineManager.java:finalizeAndDestroyPipeline(309)) - destroying pipeline:Pipeline[ Id: 95da9ee4-4d19-4f55-b326-8348fad10384, Nodes: 96de7e06-7a77-473f-9a3b-c9533c91019d{ip: 192.168.5.172, host: trunk-nightly-mhs6z-4061744966, networkLocation: /default-rack, certSerialId: null}9b5d1350-3fc6-47c1-a971-496d9ec6ae4c{ip: 192.168.5.172, host: trunk-nightly-mhs6z-4061744966, networkLocation: /default-rack, certSerialId: null}1be32d53-114d-4e93-931f-dbb99198ce5c{ip: 192.168.5.172, host: trunk-nightly-mhs6z-4061744966, networkLocation: /default-rack, certSerialId: null}, Type:RATIS, Factor:THREE, State:CLOSED]
2019-07-13 14:37:21,217 INFO  ozoneimpl.OzoneContainer (OzoneContainer.java:stop(199)) - Attempting to stop container services.
2019-07-13 14:37:21,218 INFO  impl.RaftServerProxy (RaftServerProxy.java:lambda$close$4(314)) - a1d08438-0882-4ba4-9a9e-0e144432d131: close
2019-07-13 14:37:21,218 INFO  impl.RaftServerImpl (RaftServerImpl.java:lambda$shutdown$3(245)) - a1d08438-0882-4ba4-9a9e-0e144432d131: shutdown group-70FDE1CB347A
2019-07-13 14:37:21,219 INFO  util.JmxRegister (JmxRegister.java:unregister(73)) - Successfully un-registered JMX Bean with object name Ratis:service=RaftServer,group=group-70FDE1CB347A,id=a1d08438-0882-4ba4-9a9e-0e144432d131
2019-07-13 14:37:21,219 INFO  impl.RoleInfo (RoleInfo.java:shutdownLeaderState(104)) - a1d08438-0882-4ba4-9a9e-0e144432d131: shutdown LeaderState
2019-07-13 14:37:21,220 INFO  impl.PendingRequests (PendingRequests.java:sendNotLeaderResponses(202)) - a1d08438-0882-4ba4-9a9e-0e144432d131-PendingRequests: sendNotLeaderResponses
2019-07-13 14:37:21,220 INFO  impl.StateMachineUpdater (StateMachineUpdater.java:stopAndJoin(115)) - StateMachineUpdater:a1d08438-0882-4ba4-9a9e-0e144432d131:group-70FDE1CB347A: set stopIndex = 0
2019-07-13 14:37:21,220 INFO  ratis.ContainerStateMachine (ContainerStateMachine.java:takeSnapshot(246)) - Taking snapshot at termIndex:(t:0, i:~)
2019-07-13 14:37:21,221 INFO  impl.RaftServerImpl (ServerState.java:close(394)) - a1d08438-0882-4ba4-9a9e-0e144432d131:group-70FDE1CB347A closes. The last applied log index is 0
2019-07-13 14:37:21,222 INFO  segmented.SegmentedRaftLogWorker (SegmentedRaftLogWorker.java:run(313)) - a1d08438-0882-4ba4-9a9e-0e144432d131-SegmentedRaftLogWorker:Storage Directory /tmp/workdir/hadoop-ozone/integration-test/target/test-dir/MiniOzoneClusterImpl-16da60bc-a68b-4f57-8fc0-91e73f0642b4/datanode-6/data/ratis/72d36e8f-92c7-447d-bbb4-70fde1cb347a was interrupted, exiting. There are 0 tasks remaining in the queue.
2019-07-13 14:37:21,225 INFO  segmented.SegmentedRaftLogWorker (SegmentedRaftLogWorker.java:close(228)) - a1d08438-0882-4ba4-9a9e-0e144432d131-SegmentedRaftLogWorker:Storage Directory /tmp/workdir/hadoop-ozone/integration-test/target/test-dir/MiniOzoneClusterImpl-16da60bc-a68b-4f57-8fc0-91e73f0642b4/datanode-6/data/ratis/72d36e8f-92c7-447d-bbb4-70fde1cb347a close()
2019-07-13 14:37:21,227 INFO  server.GrpcService (GrpcService.java:closeImpl(155)) - a1d08438-0882-4ba4-9a9e-0e144432d131: shutdown server with port 35414 now
2019-07-13 14:37:21,229 INFO  server.GrpcService (GrpcService.java:closeImpl(163)) - a1d08438-0882-4ba4-9a9e-0e144432d131: shutdown server with port 35414 successfully
2019-07-13 14:37:21,232 INFO  utils.BackgroundService (BackgroundService.java:shutdown(148)) - Shutting down service BlockDeletingService
2019-07-13 14:37:21,234 WARN  fs.CachingGetSpaceUsed (CachingGetSpaceUsed.java:run(183)) - Thread Interrupted waiting to refresh disk information: sleep interrupted
2019-07-13 14:37:21,237 INFO  ozoneimpl.OzoneContainer (OzoneContainer.java:stop(199)) - Attempting to stop container services.
2019-07-13 14:37:21,238 INFO  impl.RaftServerProxy (RaftServerProxy.java:lambda$close$4(314)) - 96de7e06-7a77-473f-9a3b-c9533c91019d: close
2019-07-13 14:37:21,238 INFO  impl.RaftServerImpl (RaftServerImpl.java:lambda$shutdown$3(245)) - 96de7e06-7a77-473f-9a3b-c9533c91019d: shutdown group-AF2503E37B1B
2019-07-13 14:37:21,238 INFO  util.JmxRegister (JmxRegister.java:unregister(73)) - Successfully un-registered JMX Bean with object name Ratis:service=RaftServer,group=group-AF2503E37B1B,id=96de7e06-7a77-473f-9a3b-c9533c91019d
2019-07-13 14:37:21,239 INFO  impl.RoleInfo (RoleInfo.java:shutdownLeaderState(104)) - 96de7e06-7a77-473f-9a3b-c9533c91019d: shutdown LeaderState
2019-07-13 14:37:21,239 INFO  impl.PendingRequests (PendingRequests.java:sendNotLeaderResponses(202)) - 96de7e06-7a77-473f-9a3b-c9533c91019d-PendingRequests: sendNotLeaderResponses
2019-07-13 14:37:21,239 INFO  impl.StateMachineUpdater (StateMachineUpdater.java:stopAndJoin(115)) - StateMachineUpdater:96de7e06-7a77-473f-9a3b-c9533c91019d:group-AF2503E37B1B: set stopIndex = 0
2019-07-13 14:37:21,240 INFO  ratis.ContainerStateMachine (ContainerStateMachine.java:takeSnapshot(246)) - Taking snapshot at termIndex:(t:0, i:~)
2019-07-13 14:37:21,240 INFO  impl.RaftServerImpl (ServerState.java:close(394)) - 96de7e06-7a77-473f-9a3b-c9533c91019d:group-AF2503E37B1B closes. The last applied log index is 0
2019-07-13 14:37:21,240 INFO  segmented.SegmentedRaftLogWorker (SegmentedRaftLogWorker.java:run(313)) - 96de7e06-7a77-473f-9a3b-c9533c91019d-SegmentedRaftLogWorker:Storage Directory /tmp/workdir/hadoop-ozone/integration-test/target/test-dir/MiniOzoneClusterImpl-16da60bc-a68b-4f57-8fc0-91e73f0642b4/datanode-0/data/ratis/499b84be-643e-497e-9fcd-af2503e37b1b was interrupted, exiting. There are 0 tasks remaining in the queue.
2019-07-13 14:37:21,242 INFO  segmented.SegmentedRaftLogWorker (SegmentedRaftLogWorker.java:close(228)) - 96de7e06-7a77-473f-9a3b-c9533c91019d-SegmentedRaftLogWorker:Storage Directory /tmp/workdir/hadoop-ozone/integration-test/target/test-dir/MiniOzoneClusterImpl-16da60bc-a68b-4f57-8fc0-91e73f0642b4/datanode-0/data/ratis/499b84be-643e-497e-9fcd-af2503e37b1b close()
2019-07-13 14:37:21,244 INFO  impl.RaftServerImpl (RaftServerImpl.java:lambda$shutdown$3(245)) - 96de7e06-7a77-473f-9a3b-c9533c91019d: shutdown group-8348FAD10384
2019-07-13 14:37:21,244 INFO  util.JmxRegister (JmxRegister.java:unregister(73)) - Successfully un-registered JMX Bean with object name Ratis:service=RaftServer,group=group-8348FAD10384,id=96de7e06-7a77-473f-9a3b-c9533c91019d
2019-07-13 14:37:21,244 INFO  impl.RoleInfo (RoleInfo.java:shutdownFollowerState(121)) - 96de7e06-7a77-473f-9a3b-c9533c91019d: shutdown FollowerState
2019-07-13 14:37:21,245 INFO  impl.StateMachineUpdater (StateMachineUpdater.java:stopAndJoin(115)) - StateMachineUpdater:96de7e06-7a77-473f-9a3b-c9533c91019d:group-8348FAD10384: set stopIndex = 14
2019-07-13 14:37:21,245 INFO  impl.FollowerState (FollowerState.java:run(114)) - 96de7e06-7a77-473f-9a3b-c9533c91019d: FollowerState was interrupted: java.lang.InterruptedException: sleep interrupted
2019-07-13 14:37:21,245 INFO  ratis.ContainerStateMachine (ContainerStateMachine.java:takeSnapshot(246)) - Taking snapshot at termIndex:(t:1, i:11)
2019-07-13 14:37:21,247 INFO  ratis.ContainerStateMachine (ContainerStateMachine.java:takeSnapshot(250)) - Taking a snapshot to file /tmp/workdir/hadoop-ozone/integration-test/target/test-dir/MiniOzoneClusterImpl-16da60bc-a68b-4f57-8fc0-91e73f0642b4/datanode-0/data/ratis/95da9ee4-4d19-4f55-b326-8348fad10384/sm/snapshot.1_11
2019-07-13 14:37:21,247 INFO  impl.StateMachineUpdater (StateMachineUpdater.java:takeSnapshot(242)) - StateMachineUpdater:96de7e06-7a77-473f-9a3b-c9533c91019d:group-8348FAD10384: Took a snapshot at index 11
2019-07-13 14:37:21,247 INFO  impl.StateMachineUpdater (StateMachineUpdater.java:lambda$new$0(80)) - StateMachineUpdater:96de7e06-7a77-473f-9a3b-c9533c91019d:group-8348FAD10384: snapshotIndex: updateIncreasingly -1 -> 11
2019-07-13 14:37:21,247 INFO  impl.RaftServerImpl (ServerState.java:close(394)) - 96de7e06-7a77-473f-9a3b-c9533c91019d:group-8348FAD10384 closes. The last applied log index is 14
2019-07-13 14:37:21,248 INFO  segmented.SegmentedRaftLogWorker (SegmentedRaftLogWorker.java:run(313)) - 96de7e06-7a77-473f-9a3b-c9533c91019d-SegmentedRaftLogWorker:Storage Directory /tmp/workdir/hadoop-ozone/integration-test/target/test-dir/MiniOzoneClusterImpl-16da60bc-a68b-4f57-8fc0-91e73f0642b4/datanode-0/data/ratis/95da9ee4-4d19-4f55-b326-8348fad10384 was interrupted, exiting. There are 0 tasks remaining in the queue.
2019-07-13 14:37:21,250 INFO  segmented.SegmentedRaftLogWorker (SegmentedRaftLogWorker.java:close(228)) - 96de7e06-7a77-473f-9a3b-c9533c91019d-SegmentedRaftLogWorker:Storage Directory /tmp/workdir/hadoop-ozone/integration-test/target/test-dir/MiniOzoneClusterImpl-16da60bc-a68b-4f57-8fc0-91e73f0642b4/datanode-0/data/ratis/95da9ee4-4d19-4f55-b326-8348fad10384 close()
2019-07-13 14:37:21,251 INFO  server.GrpcService (GrpcService.java:closeImpl(155)) - 96de7e06-7a77-473f-9a3b-c9533c91019d: shutdown server with port 45944 now
2019-07-13 14:37:21,252 INFO  server.GrpcService (GrpcService.java:closeImpl(163)) - 96de7e06-7a77-473f-9a3b-c9533c91019d: shutdown server with port 45944 successfully
2019-07-13 14:37:21,253 INFO  utils.BackgroundService (BackgroundService.java:shutdown(148)) - Shutting down service BlockDeletingService
2019-07-13 14:37:21,254 WARN  fs.CachingGetSpaceUsed (CachingGetSpaceUsed.java:run(183)) - Thread Interrupted waiting to refresh disk information: sleep interrupted
2019-07-13 14:37:21,257 INFO  statemachine.DatanodeStateMachine (DatanodeStateMachine.java:stopDaemon(395)) - Ozone container server stopped.
2019-07-13 14:37:21,259 INFO  handler.ContextHandler (ContextHandler.java:doStop(910)) - Stopped o.e.j.w.WebAppContext@2bcf856f{/,null,UNAVAILABLE}{/hddsDatanode}
2019-07-13 14:37:21,260 INFO  server.AbstractConnector (AbstractConnector.java:doStop(318)) - Stopped ServerConnector@47bcaf67{HTTP/1.1,[http/1.1]}{0.0.0.0:0}
2019-07-13 14:37:21,260 INFO  handler.ContextHandler (ContextHandler.java:doStop(910)) - Stopped o.e.j.s.ServletContextHandler@79059313{/static,jar:file:/home/user/.m2/repository/org/apache/hadoop/hadoop-hdds-container-service/0.5.0-SNAPSHOT/hadoop-hdds-container-service-0.5.0-SNAPSHOT.jar!/webapps/static,UNAVAILABLE}
2019-07-13 14:37:21,261 INFO  handler.ContextHandler (ContextHandler.java:doStop(910)) - Stopped o.e.j.s.ServletContextHandler@75daa568{/logs,file:///tmp/workdir/hadoop-ozone/integration-test/target/log,UNAVAILABLE}
2019-07-13 14:37:21,262 INFO  datanode.ObjectStoreHandler (ObjectStoreHandler.java:close(155)) - Closing ObjectStoreHandler.
2019-07-13 14:37:21,262 INFO  ozone.HddsDatanodeService (HddsDatanodeService.java:stop(452)) - Stopped plug-in org.apache.hadoop.ozone.web.OzoneHddsDatanodeService@72ab75c
2019-07-13 14:37:21,279 INFO  statemachine.DatanodeStateMachine (DatanodeStateMachine.java:stopDaemon(395)) - Ozone container server stopped.
2019-07-13 14:37:21,283 INFO  handler.ContextHandler (ContextHandler.java:doStop(910)) - Stopped o.e.j.w.WebAppContext@47166740{/,null,UNAVAILABLE}{/hddsDatanode}
2019-07-13 14:37:21,284 INFO  server.AbstractConnector (AbstractConnector.java:doStop(318)) - Stopped ServerConnector@3b75b7b4{HTTP/1.1,[http/1.1]}{0.0.0.0:0}
2019-07-13 14:37:21,285 INFO  handler.ContextHandler (ContextHandler.java:doStop(910)) - Stopped o.e.j.s.ServletContextHandler@ab5d5c8{/static,jar:file:/home/user/.m2/repository/org/apache/hadoop/hadoop-hdds-container-service/0.5.0-SNAPSHOT/hadoop-hdds-container-service-0.5.0-SNAPSHOT.jar!/webapps/static,UNAVAILABLE}
2019-07-13 14:37:21,286 INFO  handler.ContextHandler (ContextHandler.java:doStop(910)) - Stopped o.e.j.s.ServletContextHandler@31d11998{/logs,file:///tmp/workdir/hadoop-ozone/integration-test/target/log,UNAVAILABLE}
2019-07-13 14:37:21,421 INFO  statemachine.DatanodeStateMachine (DatanodeStateMachine.java:lambda$startDaemon$0(350)) - Ozone container server started.
2019-07-13 14:37:23,886 INFO  impl.FollowerState (FollowerState.java:run(106)) - 4b05a4d6-cfcf-4ae9-8d1a-cdf55e9a2374:group-FDAA5B6335B4 changes to CANDIDATE, lastRpcTime:10125, electionTimeout:5096ms
2019-07-13 14:37:23,886 INFO  impl.RoleInfo (RoleInfo.java:shutdownFollowerState(121)) - 4b05a4d6-cfcf-4ae9-8d1a-cdf55e9a2374: shutdown FollowerState
2019-07-13 14:37:23,886 INFO  impl.RaftServerImpl (RaftServerImpl.java:setRole(171)) - 4b05a4d6-cfcf-4ae9-8d1a-cdf55e9a2374:group-FDAA5B6335B4 changes role from FOLLOWER to CANDIDATE at term 2 for changeToCandidate
2019-07-13 14:37:23,887 INFO  impl.RoleInfo (RoleInfo.java:updateAndGet(143)) - 4b05a4d6-cfcf-4ae9-8d1a-cdf55e9a2374: start LeaderElection
2019-07-13 14:37:23,888 INFO  impl.RaftServerImpl (ServerState.java:setLeader(263)) - 4b05a4d6-cfcf-4ae9-8d1a-cdf55e9a2374:group-FDAA5B6335B4 change Leader from 894dc0c2-216a-4430-b056-07ea893b2db1 to null at term 2 for initElection
2019-07-13 14:37:23,907 INFO  impl.LeaderElection (LeaderElection.java:askForVotes(181)) - 4b05a4d6-cfcf-4ae9-8d1a-cdf55e9a2374:group-FDAA5B6335B4:LeaderElection87: begin an election at term 3 for 1: [289db83c-4a5b-4d17-b8a7-3d36cfd56978:192.168.5.172:38637, 4b05a4d6-cfcf-4ae9-8d1a-cdf55e9a2374:192.168.5.172:33867, 894dc0c2-216a-4430-b056-07ea893b2db1:192.168.5.172:36516], old=null
2019-07-13 14:37:23,910 INFO  impl.LeaderElection (LogUtils.java:infoOrTrace(149)) - 4b05a4d6-cfcf-4ae9-8d1a-cdf55e9a2374:group-FDAA5B6335B4:LeaderElection87 got exception when requesting votes: {}
java.util.concurrent.ExecutionException: org.apache.ratis.thirdparty.io.grpc.StatusRuntimeException: UNAVAILABLE: io exception
	at java.util.concurrent.FutureTask.report(FutureTask.java:122)
	at java.util.concurrent.FutureTask.get(FutureTask.java:192)
	at org.apache.ratis.server.impl.LeaderElection.waitForResults(LeaderElection.java:262)
	at org.apache.ratis.server.impl.LeaderElection.askForVotes(LeaderElection.java:200)
	at org.apache.ratis.server.impl.LeaderElection.run(LeaderElection.java:130)
	at java.lang.Thread.run(Thread.java:748)
Caused by: org.apache.ratis.thirdparty.io.grpc.StatusRuntimeException: UNAVAILABLE: io exception
	at org.apache.ratis.thirdparty.io.grpc.stub.ClientCalls.toStatusRuntimeException(ClientCalls.java:233)
	at org.apache.ratis.thirdparty.io.grpc.stub.ClientCalls.getUnchecked(ClientCalls.java:214)
	at org.apache.ratis.thirdparty.io.grpc.stub.ClientCalls.blockingUnaryCall(ClientCalls.java:139)
	at org.apache.ratis.proto.grpc.RaftServerProtocolServiceGrpc$RaftServerProtocolServiceBlockingStub.requestVote(RaftServerProtocolServiceGrpc.java:265)
	at org.apache.ratis.grpc.server.GrpcServerProtocolClient.requestVote(GrpcServerProtocolClient.java:83)
	at org.apache.ratis.grpc.server.GrpcService.requestVote(GrpcService.java:195)
	at org.apache.ratis.server.impl.LeaderElection.lambda$submitRequests$1(LeaderElection.java:237)
	at java.util.concurrent.FutureTask.run(FutureTask.java:266)
	at java.util.concurrent.Executors$RunnableAdapter.call(Executors.java:511)
	at java.util.concurrent.FutureTask.run(FutureTask.java:266)
	at java.util.concurrent.ThreadPoolExecutor.runWorker(ThreadPoolExecutor.java:1149)
	at java.util.concurrent.ThreadPoolExecutor$Worker.run(ThreadPoolExecutor.java:624)
	... 1 more
Caused by: org.apache.ratis.thirdparty.io.netty.channel.AbstractChannel$AnnotatedConnectException: Connection refused: /192.168.5.172:36516
	at sun.nio.ch.SocketChannelImpl.checkConnect(Native Method)
	at sun.nio.ch.SocketChannelImpl.finishConnect(SocketChannelImpl.java:717)
	at org.apache.ratis.thirdparty.io.netty.channel.socket.nio.NioSocketChannel.doFinishConnect(NioSocketChannel.java:327)
	at org.apache.ratis.thirdparty.io.netty.channel.nio.AbstractNioChannel$AbstractNioUnsafe.finishConnect(AbstractNioChannel.java:340)
	at org.apache.ratis.thirdparty.io.netty.channel.nio.NioEventLoop.processSelectedKey(NioEventLoop.java:632)
	at org.apache.ratis.thirdparty.io.netty.channel.nio.NioEventLoop.processSelectedKeysOptimized(NioEventLoop.java:579)
	at org.apache.ratis.thirdparty.io.netty.channel.nio.NioEventLoop.processSelectedKeys(NioEventLoop.java:496)
	at org.apache.ratis.thirdparty.io.netty.channel.nio.NioEventLoop.run(NioEventLoop.java:458)
	at org.apache.ratis.thirdparty.io.netty.util.concurrent.SingleThreadEventExecutor$5.run(SingleThreadEventExecutor.java:897)
	at org.apache.ratis.thirdparty.io.netty.util.concurrent.FastThreadLocalRunnable.run(FastThreadLocalRunnable.java:30)
	... 1 more
Caused by: java.net.ConnectException: Connection refused
	... 11 more
2019-07-13 14:37:23,912 INFO  impl.LeaderElection (LogUtils.java:infoOrTrace(149)) - 4b05a4d6-cfcf-4ae9-8d1a-cdf55e9a2374:group-FDAA5B6335B4:LeaderElection87 got exception when requesting votes: {}
java.util.concurrent.ExecutionException: org.apache.ratis.thirdparty.io.grpc.StatusRuntimeException: UNAVAILABLE: io exception
	at java.util.concurrent.FutureTask.report(FutureTask.java:122)
	at java.util.concurrent.FutureTask.get(FutureTask.java:192)
	at org.apache.ratis.server.impl.LeaderElection.waitForResults(LeaderElection.java:262)
	at org.apache.ratis.server.impl.LeaderElection.askForVotes(LeaderElection.java:200)
	at org.apache.ratis.server.impl.LeaderElection.run(LeaderElection.java:130)
	at java.lang.Thread.run(Thread.java:748)
Caused by: org.apache.ratis.thirdparty.io.grpc.StatusRuntimeException: UNAVAILABLE: io exception
	at org.apache.ratis.thirdparty.io.grpc.stub.ClientCalls.toStatusRuntimeException(ClientCalls.java:233)
	at org.apache.ratis.thirdparty.io.grpc.stub.ClientCalls.getUnchecked(ClientCalls.java:214)
	at org.apache.ratis.thirdparty.io.grpc.stub.ClientCalls.blockingUnaryCall(ClientCalls.java:139)
	at org.apache.ratis.proto.grpc.RaftServerProtocolServiceGrpc$RaftServerProtocolServiceBlockingStub.requestVote(RaftServerProtocolServiceGrpc.java:265)
	at org.apache.ratis.grpc.server.GrpcServerProtocolClient.requestVote(GrpcServerProtocolClient.java:83)
	at org.apache.ratis.grpc.server.GrpcService.requestVote(GrpcService.java:195)
	at org.apache.ratis.server.impl.LeaderElection.lambda$submitRequests$1(LeaderElection.java:237)
	at java.util.concurrent.FutureTask.run(FutureTask.java:266)
	at java.util.concurrent.Executors$RunnableAdapter.call(Executors.java:511)
	at java.util.concurrent.FutureTask.run(FutureTask.java:266)
	at java.util.concurrent.ThreadPoolExecutor.runWorker(ThreadPoolExecutor.java:1149)
	at java.util.concurrent.ThreadPoolExecutor$Worker.run(ThreadPoolExecutor.java:624)
	... 1 more
Caused by: org.apache.ratis.thirdparty.io.netty.channel.AbstractChannel$AnnotatedConnectException: Connection refused: /192.168.5.172:38637
	at sun.nio.ch.SocketChannelImpl.checkConnect(Native Method)
	at sun.nio.ch.SocketChannelImpl.finishConnect(SocketChannelImpl.java:717)
	at org.apache.ratis.thirdparty.io.netty.channel.socket.nio.NioSocketChannel.doFinishConnect(NioSocketChannel.java:327)
	at org.apache.ratis.thirdparty.io.netty.channel.nio.AbstractNioChannel$AbstractNioUnsafe.finishConnect(AbstractNioChannel.java:340)
	at org.apache.ratis.thirdparty.io.netty.channel.nio.NioEventLoop.processSelectedKey(NioEventLoop.java:632)
	at org.apache.ratis.thirdparty.io.netty.channel.nio.NioEventLoop.processSelectedKeysOptimized(NioEventLoop.java:579)
	at org.apache.ratis.thirdparty.io.netty.channel.nio.NioEventLoop.processSelectedKeys(NioEventLoop.java:496)
	at org.apache.ratis.thirdparty.io.netty.channel.nio.NioEventLoop.run(NioEventLoop.java:458)
	at org.apache.ratis.thirdparty.io.netty.util.concurrent.SingleThreadEventExecutor$5.run(SingleThreadEventExecutor.java:897)
	at org.apache.ratis.thirdparty.io.netty.util.concurrent.FastThreadLocalRunnable.run(FastThreadLocalRunnable.java:30)
	... 1 more
Caused by: java.net.ConnectException: Connection refused
	... 11 more
2019-07-13 14:37:23,914 INFO  impl.LeaderElection (LeaderElection.java:logAndReturn(56)) - 4b05a4d6-cfcf-4ae9-8d1a-cdf55e9a2374:group-FDAA5B6335B4:LeaderElection87: Election REJECTED; received 0 response(s) [] and 2 exception(s); 4b05a4d6-cfcf-4ae9-8d1a-cdf55e9a2374:t3, leader=null, voted=4b05a4d6-cfcf-4ae9-8d1a-cdf55e9a2374, raftlog=4b05a4d6-cfcf-4ae9-8d1a-cdf55e9a2374-SegmentedRaftLog:OPENED:c1,f2,i2, conf=1: [289db83c-4a5b-4d17-b8a7-3d36cfd56978:192.168.5.172:38637, 4b05a4d6-cfcf-4ae9-8d1a-cdf55e9a2374:192.168.5.172:33867, 894dc0c2-216a-4430-b056-07ea893b2db1:192.168.5.172:36516], old=null
2019-07-13 14:37:23,914 INFO  impl.LeaderElection (LogUtils.java:infoOrTrace(149)) -   Exception 0: {}
java.util.concurrent.ExecutionException: org.apache.ratis.thirdparty.io.grpc.StatusRuntimeException: UNAVAILABLE: io exception
	at java.util.concurrent.FutureTask.report(FutureTask.java:122)
	at java.util.concurrent.FutureTask.get(FutureTask.java:192)
	at org.apache.ratis.server.impl.LeaderElection.waitForResults(LeaderElection.java:262)
	at org.apache.ratis.server.impl.LeaderElection.askForVotes(LeaderElection.java:200)
	at org.apache.ratis.server.impl.LeaderElection.run(LeaderElection.java:130)
	at java.lang.Thread.run(Thread.java:748)
Caused by: org.apache.ratis.thirdparty.io.grpc.StatusRuntimeException: UNAVAILABLE: io exception
	at org.apache.ratis.thirdparty.io.grpc.stub.ClientCalls.toStatusRuntimeException(ClientCalls.java:233)
	at org.apache.ratis.thirdparty.io.grpc.stub.ClientCalls.getUnchecked(ClientCalls.java:214)
	at org.apache.ratis.thirdparty.io.grpc.stub.ClientCalls.blockingUnaryCall(ClientCalls.java:139)
	at org.apache.ratis.proto.grpc.RaftServerProtocolServiceGrpc$RaftServerProtocolServiceBlockingStub.requestVote(RaftServerProtocolServiceGrpc.java:265)
	at org.apache.ratis.grpc.server.GrpcServerProtocolClient.requestVote(GrpcServerProtocolClient.java:83)
	at org.apache.ratis.grpc.server.GrpcService.requestVote(GrpcService.java:195)
	at org.apache.ratis.server.impl.LeaderElection.lambda$submitRequests$1(LeaderElection.java:237)
	at java.util.concurrent.FutureTask.run(FutureTask.java:266)
	at java.util.concurrent.Executors$RunnableAdapter.call(Executors.java:511)
	at java.util.concurrent.FutureTask.run(FutureTask.java:266)
	at java.util.concurrent.ThreadPoolExecutor.runWorker(ThreadPoolExecutor.java:1149)
	at java.util.concurrent.ThreadPoolExecutor$Worker.run(ThreadPoolExecutor.java:624)
	... 1 more
Caused by: org.apache.ratis.thirdparty.io.netty.channel.AbstractChannel$AnnotatedConnectException: Connection refused: /192.168.5.172:36516
	at sun.nio.ch.SocketChannelImpl.checkConnect(Native Method)
	at sun.nio.ch.SocketChannelImpl.finishConnect(SocketChannelImpl.java:717)
	at org.apache.ratis.thirdparty.io.netty.channel.socket.nio.NioSocketChannel.doFinishConnect(NioSocketChannel.java:327)
	at org.apache.ratis.thirdparty.io.netty.channel.nio.AbstractNioChannel$AbstractNioUnsafe.finishConnect(AbstractNioChannel.java:340)
	at org.apache.ratis.thirdparty.io.netty.channel.nio.NioEventLoop.processSelectedKey(NioEventLoop.java:632)
	at org.apache.ratis.thirdparty.io.netty.channel.nio.NioEventLoop.processSelectedKeysOptimized(NioEventLoop.java:579)
	at org.apache.ratis.thirdparty.io.netty.channel.nio.NioEventLoop.processSelectedKeys(NioEventLoop.java:496)
	at org.apache.ratis.thirdparty.io.netty.channel.nio.NioEventLoop.run(NioEventLoop.java:458)
	at org.apache.ratis.thirdparty.io.netty.util.concurrent.SingleThreadEventExecutor$5.run(SingleThreadEventExecutor.java:897)
	at org.apache.ratis.thirdparty.io.netty.util.concurrent.FastThreadLocalRunnable.run(FastThreadLocalRunnable.java:30)
	... 1 more
Caused by: java.net.ConnectException: Connection refused
	... 11 more
2019-07-13 14:37:23,914 INFO  impl.LeaderElection (LogUtils.java:infoOrTrace(149)) -   Exception 1: {}
java.util.concurrent.ExecutionException: org.apache.ratis.thirdparty.io.grpc.StatusRuntimeException: UNAVAILABLE: io exception
	at java.util.concurrent.FutureTask.report(FutureTask.java:122)
	at java.util.concurrent.FutureTask.get(FutureTask.java:192)
	at org.apache.ratis.server.impl.LeaderElection.waitForResults(LeaderElection.java:262)
	at org.apache.ratis.server.impl.LeaderElection.askForVotes(LeaderElection.java:200)
	at org.apache.ratis.server.impl.LeaderElection.run(LeaderElection.java:130)
	at java.lang.Thread.run(Thread.java:748)
Caused by: org.apache.ratis.thirdparty.io.grpc.StatusRuntimeException: UNAVAILABLE: io exception
	at org.apache.ratis.thirdparty.io.grpc.stub.ClientCalls.toStatusRuntimeException(ClientCalls.java:233)
	at org.apache.ratis.thirdparty.io.grpc.stub.ClientCalls.getUnchecked(ClientCalls.java:214)
	at org.apache.ratis.thirdparty.io.grpc.stub.ClientCalls.blockingUnaryCall(ClientCalls.java:139)
	at org.apache.ratis.proto.grpc.RaftServerProtocolServiceGrpc$RaftServerProtocolServiceBlockingStub.requestVote(RaftServerProtocolServiceGrpc.java:265)
	at org.apache.ratis.grpc.server.GrpcServerProtocolClient.requestVote(GrpcServerProtocolClient.java:83)
	at org.apache.ratis.grpc.server.GrpcService.requestVote(GrpcService.java:195)
	at org.apache.ratis.server.impl.LeaderElection.lambda$submitRequests$1(LeaderElection.java:237)
	at java.util.concurrent.FutureTask.run(FutureTask.java:266)
	at java.util.concurrent.Executors$RunnableAdapter.call(Executors.java:511)
	at java.util.concurrent.FutureTask.run(FutureTask.java:266)
	at java.util.concurrent.ThreadPoolExecutor.runWorker(ThreadPoolExecutor.java:1149)
	at java.util.concurrent.ThreadPoolExecutor$Worker.run(ThreadPoolExecutor.java:624)
	... 1 more
Caused by: org.apache.ratis.thirdparty.io.netty.channel.AbstractChannel$AnnotatedConnectException: Connection refused: /192.168.5.172:38637
	at sun.nio.ch.SocketChannelImpl.checkConnect(Native Method)
	at sun.nio.ch.SocketChannelImpl.finishConnect(SocketChannelImpl.java:717)
	at org.apache.ratis.thirdparty.io.netty.channel.socket.nio.NioSocketChannel.doFinishConnect(NioSocketChannel.java:327)
	at org.apache.ratis.thirdparty.io.netty.channel.nio.AbstractNioChannel$AbstractNioUnsafe.finishConnect(AbstractNioChannel.java:340)
	at org.apache.ratis.thirdparty.io.netty.channel.nio.NioEventLoop.processSelectedKey(NioEventLoop.java:632)
	at org.apache.ratis.thirdparty.io.netty.channel.nio.NioEventLoop.processSelectedKeysOptimized(NioEventLoop.java:579)
	at org.apache.ratis.thirdparty.io.netty.channel.nio.NioEventLoop.processSelectedKeys(NioEventLoop.java:496)
	at org.apache.ratis.thirdparty.io.netty.channel.nio.NioEventLoop.run(NioEventLoop.java:458)
	at org.apache.ratis.thirdparty.io.netty.util.concurrent.SingleThreadEventExecutor$5.run(SingleThreadEventExecutor.java:897)
	at org.apache.ratis.thirdparty.io.netty.util.concurrent.FastThreadLocalRunnable.run(FastThreadLocalRunnable.java:30)
	... 1 more
Caused by: java.net.ConnectException: Connection refused
	... 11 more
2019-07-13 14:37:23,914 INFO  impl.RaftServerImpl (RaftServerImpl.java:setRole(171)) - 4b05a4d6-cfcf-4ae9-8d1a-cdf55e9a2374:group-FDAA5B6335B4 changes role from CANDIDATE to FOLLOWER at term 3 for DISCOVERED_A_NEW_TERM
2019-07-13 14:37:23,915 INFO  impl.RoleInfo (RoleInfo.java:shutdownLeaderElection(134)) - 4b05a4d6-cfcf-4ae9-8d1a-cdf55e9a2374: shutdown LeaderElection
2019-07-13 14:37:23,915 INFO  impl.RoleInfo (RoleInfo.java:updateAndGet(143)) - 4b05a4d6-cfcf-4ae9-8d1a-cdf55e9a2374: start FollowerState
2019-07-13 14:37:25,519 INFO  node.StaleNodeHandler (StaleNodeHandler.java:onMessage(58)) - Datanode 4b05a4d6-cfcf-4ae9-8d1a-cdf55e9a2374{ip: 192.168.5.172, host: trunk-nightly-mhs6z-4061744966, networkLocation: /default-rack, certSerialId: null} moved to stale state. Finalizing its pipelines [PipelineID=7102e57e-a52c-417e-9122-fdaa5b6335b4, PipelineID=41603bca-f8e0-4aee-8248-ade9337ead5c]
2019-07-13 14:37:25,520 INFO  pipeline.SCMPipelineManager (SCMPipelineManager.java:finalizeAndDestroyPipeline(309)) - destroying pipeline:Pipeline[ Id: 7102e57e-a52c-417e-9122-fdaa5b6335b4, Nodes: 289db83c-4a5b-4d17-b8a7-3d36cfd56978{ip: 192.168.5.172, host: trunk-nightly-mhs6z-4061744966, networkLocation: /default-rack, certSerialId: null}894dc0c2-216a-4430-b056-07ea893b2db1{ip: 192.168.5.172, host: trunk-nightly-mhs6z-4061744966, networkLocation: /default-rack, certSerialId: null}4b05a4d6-cfcf-4ae9-8d1a-cdf55e9a2374{ip: 192.168.5.172, host: trunk-nightly-mhs6z-4061744966, networkLocation: /default-rack, certSerialId: null}, Type:RATIS, Factor:THREE, State:CLOSED]
2019-07-13 14:37:25,520 INFO  pipeline.SCMPipelineManager (SCMPipelineManager.java:finalizeAndDestroyPipeline(309)) - destroying pipeline:Pipeline[ Id: 41603bca-f8e0-4aee-8248-ade9337ead5c, Nodes: 4b05a4d6-cfcf-4ae9-8d1a-cdf55e9a2374{ip: 192.168.5.172, host: trunk-nightly-mhs6z-4061744966, networkLocation: /default-rack, certSerialId: null}, Type:RATIS, Factor:ONE, State:OPEN]
2019-07-13 14:37:25,520 INFO  pipeline.PipelineStateManager (PipelineStateManager.java:finalizePipeline(123)) - Pipeline Pipeline[ Id: 41603bca-f8e0-4aee-8248-ade9337ead5c, Nodes: 4b05a4d6-cfcf-4ae9-8d1a-cdf55e9a2374{ip: 192.168.5.172, host: trunk-nightly-mhs6z-4061744966, networkLocation: /default-rack, certSerialId: null}, Type:RATIS, Factor:ONE, State:CLOSED] moved to CLOSED state
2019-07-13 14:37:26,263 INFO  ozoneimpl.OzoneContainer (OzoneContainer.java:stop(199)) - Attempting to stop container services.
2019-07-13 14:37:26,264 INFO  impl.RaftServerProxy (RaftServerProxy.java:lambda$close$4(314)) - 4b05a4d6-cfcf-4ae9-8d1a-cdf55e9a2374: close
2019-07-13 14:37:26,264 INFO  impl.RaftServerImpl (RaftServerImpl.java:lambda$shutdown$3(245)) - 4b05a4d6-cfcf-4ae9-8d1a-cdf55e9a2374: shutdown group-FDAA5B6335B4
2019-07-13 14:37:26,265 INFO  util.JmxRegister (JmxRegister.java:unregister(73)) - Successfully un-registered JMX Bean with object name Ratis:service=RaftServer,group=group-FDAA5B6335B4,id=4b05a4d6-cfcf-4ae9-8d1a-cdf55e9a2374
2019-07-13 14:37:26,265 INFO  impl.RoleInfo (RoleInfo.java:shutdownFollowerState(121)) - 4b05a4d6-cfcf-4ae9-8d1a-cdf55e9a2374: shutdown FollowerState
2019-07-13 14:37:26,266 INFO  impl.StateMachineUpdater (StateMachineUpdater.java:stopAndJoin(115)) - StateMachineUpdater:4b05a4d6-cfcf-4ae9-8d1a-cdf55e9a2374:group-FDAA5B6335B4: set stopIndex = 1
2019-07-13 14:37:26,266 INFO  impl.FollowerState (FollowerState.java:run(114)) - 4b05a4d6-cfcf-4ae9-8d1a-cdf55e9a2374: FollowerState was interrupted: java.lang.InterruptedException: sleep interrupted
2019-07-13 14:37:26,266 INFO  ratis.ContainerStateMachine (ContainerStateMachine.java:takeSnapshot(246)) - Taking snapshot at termIndex:(t:0, i:~)
2019-07-13 14:37:26,268 INFO  impl.RaftServerImpl (ServerState.java:close(394)) - 4b05a4d6-cfcf-4ae9-8d1a-cdf55e9a2374:group-FDAA5B6335B4 closes. The last applied log index is 1
2019-07-13 14:37:26,269 INFO  segmented.SegmentedRaftLogWorker (SegmentedRaftLogWorker.java:run(313)) - 4b05a4d6-cfcf-4ae9-8d1a-cdf55e9a2374-SegmentedRaftLogWorker:Storage Directory /tmp/workdir/hadoop-ozone/integration-test/target/test-dir/MiniOzoneClusterImpl-16da60bc-a68b-4f57-8fc0-91e73f0642b4/datanode-5/data/ratis/7102e57e-a52c-417e-9122-fdaa5b6335b4 was interrupted, exiting. There are 0 tasks remaining in the queue.
2019-07-13 14:37:26,271 INFO  segmented.SegmentedRaftLogWorker (SegmentedRaftLogWorker.java:close(228)) - 4b05a4d6-cfcf-4ae9-8d1a-cdf55e9a2374-SegmentedRaftLogWorker:Storage Directory /tmp/workdir/hadoop-ozone/integration-test/target/test-dir/MiniOzoneClusterImpl-16da60bc-a68b-4f57-8fc0-91e73f0642b4/datanode-5/data/ratis/7102e57e-a52c-417e-9122-fdaa5b6335b4 close()
2019-07-13 14:37:26,272 INFO  impl.RaftServerImpl (RaftServerImpl.java:lambda$shutdown$3(245)) - 4b05a4d6-cfcf-4ae9-8d1a-cdf55e9a2374: shutdown group-ADE9337EAD5C
2019-07-13 14:37:26,273 INFO  util.JmxRegister (JmxRegister.java:unregister(73)) - Successfully un-registered JMX Bean with object name Ratis:service=RaftServer,group=group-ADE9337EAD5C,id=4b05a4d6-cfcf-4ae9-8d1a-cdf55e9a2374
2019-07-13 14:37:26,273 INFO  impl.RoleInfo (RoleInfo.java:shutdownLeaderState(104)) - 4b05a4d6-cfcf-4ae9-8d1a-cdf55e9a2374: shutdown LeaderState
2019-07-13 14:37:26,274 INFO  impl.PendingRequests (PendingRequests.java:sendNotLeaderResponses(202)) - 4b05a4d6-cfcf-4ae9-8d1a-cdf55e9a2374-PendingRequests: sendNotLeaderResponses
2019-07-13 14:37:26,274 INFO  impl.StateMachineUpdater (StateMachineUpdater.java:stopAndJoin(115)) - StateMachineUpdater:4b05a4d6-cfcf-4ae9-8d1a-cdf55e9a2374:group-ADE9337EAD5C: set stopIndex = 0
2019-07-13 14:37:26,274 INFO  ratis.ContainerStateMachine (ContainerStateMachine.java:takeSnapshot(246)) - Taking snapshot at termIndex:(t:0, i:~)
2019-07-13 14:37:26,275 INFO  impl.RaftServerImpl (ServerState.java:close(394)) - 4b05a4d6-cfcf-4ae9-8d1a-cdf55e9a2374:group-ADE9337EAD5C closes. The last applied log index is 0
2019-07-13 14:37:26,275 INFO  segmented.SegmentedRaftLogWorker (SegmentedRaftLogWorker.java:run(313)) - 4b05a4d6-cfcf-4ae9-8d1a-cdf55e9a2374-SegmentedRaftLogWorker:Storage Directory /tmp/workdir/hadoop-ozone/integration-test/target/test-dir/MiniOzoneClusterImpl-16da60bc-a68b-4f57-8fc0-91e73f0642b4/datanode-5/data/ratis/41603bca-f8e0-4aee-8248-ade9337ead5c was interrupted, exiting. There are 0 tasks remaining in the queue.
2019-07-13 14:37:26,277 INFO  segmented.SegmentedRaftLogWorker (SegmentedRaftLogWorker.java:close(228)) - 4b05a4d6-cfcf-4ae9-8d1a-cdf55e9a2374-SegmentedRaftLogWorker:Storage Directory /tmp/workdir/hadoop-ozone/integration-test/target/test-dir/MiniOzoneClusterImpl-16da60bc-a68b-4f57-8fc0-91e73f0642b4/datanode-5/data/ratis/41603bca-f8e0-4aee-8248-ade9337ead5c close()
2019-07-13 14:37:26,278 INFO  server.GrpcService (GrpcService.java:closeImpl(155)) - 4b05a4d6-cfcf-4ae9-8d1a-cdf55e9a2374: shutdown server with port 33867 now
2019-07-13 14:37:26,279 INFO  server.GrpcService (GrpcService.java:closeImpl(163)) - 4b05a4d6-cfcf-4ae9-8d1a-cdf55e9a2374: shutdown server with port 33867 successfully
2019-07-13 14:37:26,280 INFO  utils.BackgroundService (BackgroundService.java:shutdown(148)) - Shutting down service BlockDeletingService
2019-07-13 14:37:26,281 WARN  fs.CachingGetSpaceUsed (CachingGetSpaceUsed.java:run(183)) - Thread Interrupted waiting to refresh disk information: sleep interrupted
2019-07-13 14:37:26,298 INFO  statemachine.DatanodeStateMachine (DatanodeStateMachine.java:stopDaemon(395)) - Ozone container server stopped.
2019-07-13 14:37:26,311 INFO  handler.ContextHandler (ContextHandler.java:doStop(910)) - Stopped o.e.j.w.WebAppContext@4b8ab2f8{/,null,UNAVAILABLE}{/hddsDatanode}
2019-07-13 14:37:26,312 INFO  server.AbstractConnector (AbstractConnector.java:doStop(318)) - Stopped ServerConnector@2b46d238{HTTP/1.1,[http/1.1]}{0.0.0.0:0}
2019-07-13 14:37:26,312 INFO  handler.ContextHandler (ContextHandler.java:doStop(910)) - Stopped o.e.j.s.ServletContextHandler@34e785db{/static,jar:file:/home/user/.m2/repository/org/apache/hadoop/hadoop-hdds-container-service/0.5.0-SNAPSHOT/hadoop-hdds-container-service-0.5.0-SNAPSHOT.jar!/webapps/static,UNAVAILABLE}
2019-07-13 14:37:26,313 INFO  handler.ContextHandler (ContextHandler.java:doStop(910)) - Stopped o.e.j.s.ServletContextHandler@7ddf7e77{/logs,file:///tmp/workdir/hadoop-ozone/integration-test/target/log,UNAVAILABLE}
2019-07-13 14:37:26,314 INFO  ozone.MiniOzoneClusterImpl (MiniOzoneClusterImpl.java:stop(353)) - Stopping the StorageContainerManager
2019-07-13 14:37:26,314 INFO  server.StorageContainerManager (StorageContainerManager.java:stop(796)) - Stopping Replication Manager Service.
2019-07-13 14:37:26,314 INFO  container.ReplicationManager (ReplicationManager.java:stop(187)) - Stopping Replication Monitor Thread.
2019-07-13 14:37:26,314 INFO  server.StorageContainerManager (StorageContainerManager.java:stop(803)) - Stopping Lease Manager of the command watchers
2019-07-13 14:37:26,314 INFO  server.StorageContainerManager (StorageContainerManager.java:stop(810)) - Stopping datanode service RPC server
2019-07-13 14:37:26,315 INFO  server.SCMDatanodeProtocolServer (SCMDatanodeProtocolServer.java:stop(375)) - Stopping the RPC server for DataNodes
2019-07-13 14:37:26,315 INFO  ipc.Server (Server.java:stop(3082)) - Stopping server on 33381
2019-07-13 14:37:26,317 INFO  ipc.Server (Server.java:run(1185)) - Stopping IPC Server listener on 33381
2019-07-13 14:37:26,319 INFO  ipc.Server (Server.java:run(1319)) - Stopping IPC Server Responder
2019-07-13 14:37:26,320 WARN  node.NodeStateManager (NodeStateManager.java:scheduleNextHealthCheck(631)) - Current Thread is interrupted, shutting down HB processing thread for Node Manager.
2019-07-13 14:37:26,320 INFO  server.StorageContainerManager (StorageContainerManager.java:stop(818)) - Stopping block service RPC server
2019-07-13 14:37:26,320 INFO  server.SCMBlockProtocolServer (SCMBlockProtocolServer.java:stop(148)) - Stopping the RPC server for Block Protocol
2019-07-13 14:37:26,320 INFO  ipc.Server (Server.java:stop(3082)) - Stopping server on 38547
2019-07-13 14:37:26,322 INFO  server.StorageContainerManager (StorageContainerManager.java:stop(825)) - Stopping the StorageContainerLocationProtocol RPC server
2019-07-13 14:37:26,322 INFO  server.SCMClientProtocolServer (SCMClientProtocolServer.java:stop(157)) - Stopping the RPC server for Client Protocol
2019-07-13 14:37:26,323 INFO  ipc.Server (Server.java:run(1185)) - Stopping IPC Server listener on 38547
2019-07-13 14:37:26,323 INFO  ipc.Server (Server.java:stop(3082)) - Stopping server on 41405
2019-07-13 14:37:26,323 INFO  ipc.Server (Server.java:run(1319)) - Stopping IPC Server Responder
2019-07-13 14:37:26,325 INFO  ipc.Server (Server.java:run(1185)) - Stopping IPC Server listener on 41405
2019-07-13 14:37:26,328 INFO  server.StorageContainerManager (StorageContainerManager.java:stop(832)) - Stopping Storage Container Manager HTTP server.
2019-07-13 14:37:26,329 INFO  ipc.Server (Server.java:run(1319)) - Stopping IPC Server Responder
2019-07-13 14:37:26,330 INFO  handler.ContextHandler (ContextHandler.java:doStop(910)) - Stopped o.e.j.w.WebAppContext@7294c9fe{/,null,UNAVAILABLE}{/scm}
2019-07-13 14:37:26,331 INFO  server.AbstractConnector (AbstractConnector.java:doStop(318)) - Stopped ServerConnector@65e639f2{HTTP/1.1,[http/1.1]}{0.0.0.0:0}
2019-07-13 14:37:26,331 INFO  handler.ContextHandler (ContextHandler.java:doStop(910)) - Stopped o.e.j.s.ServletContextHandler@610115e8{/static,file:///tmp/workdir/hadoop-ozone/integration-test/target/test-classes/webapps/static,UNAVAILABLE}
2019-07-13 14:37:26,331 INFO  handler.ContextHandler (ContextHandler.java:doStop(910)) - Stopped o.e.j.s.ServletContextHandler@f7a8a7b{/logs,file:///tmp/workdir/hadoop-ozone/integration-test/target/log,UNAVAILABLE}
2019-07-13 14:37:26,332 INFO  server.StorageContainerManager (StorageContainerManager.java:stop(843)) - Stopping Block Manager Service.
2019-07-13 14:37:26,332 INFO  utils.BackgroundService (BackgroundService.java:shutdown(148)) - Shutting down service SCMBlockDeletingService
2019-07-13 14:37:26,333 INFO  utils.BackgroundService (BackgroundService.java:shutdown(148)) - Shutting down service SCMBlockDeletingService
2019-07-13 14:37:26,334 INFO  server.StorageContainerManager (StorageContainerManager.java:stop(865)) - Stopping SCM Event Queue.
2019-07-13 14:37:26,338 INFO  impl.MetricsSystemImpl (MetricsSystemImpl.java:stop(210)) - Stopping HddsDatanode metrics system...
2019-07-13 14:37:26,345 INFO  impl.MetricsSystemImpl (MetricsSystemImpl.java:stop(216)) - HddsDatanode metrics system stopped.
]]></system-out>
    <system-err><![CDATA[Jul 13, 2019 2:36:53 PM com.sun.jersey.server.impl.application.WebApplicationImpl _initiate
INFO: Initiating Jersey application, version 'Jersey: 1.19 02/11/2015 03:25 AM'
Jul 13, 2019 2:36:53 PM com.sun.jersey.server.impl.application.WebApplicationImpl _initiate
INFO: Initiating Jersey application, version 'Jersey: 1.19 02/11/2015 03:25 AM'
Jul 13, 2019 2:36:53 PM com.sun.jersey.server.impl.application.WebApplicationImpl _initiate
INFO: Initiating Jersey application, version 'Jersey: 1.19 02/11/2015 03:25 AM'
Jul 13, 2019 2:36:53 PM com.sun.jersey.server.impl.application.WebApplicationImpl _initiate
INFO: Initiating Jersey application, version 'Jersey: 1.19 02/11/2015 03:25 AM'
Jul 13, 2019 2:36:53 PM com.sun.jersey.server.impl.application.WebApplicationImpl _initiate
INFO: Initiating Jersey application, version 'Jersey: 1.19 02/11/2015 03:25 AM'
Jul 13, 2019 2:36:54 PM com.sun.jersey.server.impl.application.WebApplicationImpl _initiate
INFO: Initiating Jersey application, version 'Jersey: 1.19 02/11/2015 03:25 AM'
Jul 13, 2019 2:36:54 PM com.sun.jersey.server.impl.application.WebApplicationImpl _initiate
INFO: Initiating Jersey application, version 'Jersey: 1.19 02/11/2015 03:25 AM'
Jul 13, 2019 2:36:57 PM org.apache.ratis.thirdparty.io.grpc.internal.ManagedChannelOrphanWrapper$ManagedChannelReference cleanQueue
SEVERE: *~*~*~ Channel ManagedChannelImpl{logId=3122, target=192.168.5.172:38284} was not shutdown properly!!! ~*~*~*
    Make sure to call shutdown()/shutdownNow() and wait until awaitTermination() returns true.
java.lang.RuntimeException: ManagedChannel allocation site
	at org.apache.ratis.thirdparty.io.grpc.internal.ManagedChannelOrphanWrapper$ManagedChannelReference.<init>(ManagedChannelOrphanWrapper.java:103)
	at org.apache.ratis.thirdparty.io.grpc.internal.ManagedChannelOrphanWrapper.<init>(ManagedChannelOrphanWrapper.java:53)
	at org.apache.ratis.thirdparty.io.grpc.internal.ManagedChannelOrphanWrapper.<init>(ManagedChannelOrphanWrapper.java:44)
	at org.apache.ratis.thirdparty.io.grpc.internal.AbstractManagedChannelImplBuilder.build(AbstractManagedChannelImplBuilder.java:411)
	at org.apache.ratis.grpc.client.GrpcClientProtocolClient.<init>(GrpcClientProtocolClient.java:119)
	at org.apache.ratis.grpc.client.GrpcClientRpc.lambda$new$0(GrpcClientRpc.java:55)
	at org.apache.ratis.util.PeerProxyMap$PeerAndProxy.lambda$getProxy$0(PeerProxyMap.java:61)
	at org.apache.ratis.util.LifeCycle.startAndTransition(LifeCycle.java:202)
	at org.apache.ratis.util.PeerProxyMap$PeerAndProxy.getProxy(PeerProxyMap.java:60)
	at org.apache.ratis.util.PeerProxyMap.getProxy(PeerProxyMap.java:107)
	at org.apache.ratis.grpc.client.GrpcClientRpc.sendRequestAsync(GrpcClientRpc.java:66)
	at org.apache.ratis.client.impl.OrderedAsync.sendRequest(OrderedAsync.java:208)
	at org.apache.ratis.client.impl.OrderedAsync.sendRequestWithRetry(OrderedAsync.java:169)
	at org.apache.ratis.util.SlidingWindow$Client.sendOrDelayRequest(SlidingWindow.java:278)
	at org.apache.ratis.util.SlidingWindow$Client.retry(SlidingWindow.java:294)
	at org.apache.ratis.client.impl.OrderedAsync.lambda$scheduleWithTimeout$7(OrderedAsync.java:195)
	at org.apache.ratis.util.TimeoutScheduler.lambda$onTimeout$0(TimeoutScheduler.java:85)
	at org.apache.ratis.util.TimeoutScheduler.lambda$onTimeout$1(TimeoutScheduler.java:104)
	at org.apache.ratis.util.LogUtils.runAndLog(LogUtils.java:50)
	at org.apache.ratis.util.LogUtils$1.run(LogUtils.java:91)
	at java.util.concurrent.Executors$RunnableAdapter.call(Executors.java:511)
	at java.util.concurrent.FutureTask.run(FutureTask.java:266)
	at java.util.concurrent.ScheduledThreadPoolExecutor$ScheduledFutureTask.access$201(ScheduledThreadPoolExecutor.java:180)
	at java.util.concurrent.ScheduledThreadPoolExecutor$ScheduledFutureTask.run(ScheduledThreadPoolExecutor.java:293)
	at java.util.concurrent.ThreadPoolExecutor.runWorker(ThreadPoolExecutor.java:1149)
	at java.util.concurrent.ThreadPoolExecutor$Worker.run(ThreadPoolExecutor.java:624)
	at java.lang.Thread.run(Thread.java:748)

]]></system-err>
  </testcase>
  <testcase name="testWatchForCommitWithCloseContainerException" classname="org.apache.hadoop.ozone.client.rpc.TestBlockOutputStreamWithFailures" time="33.333">
    <error type="java.lang.IllegalArgumentException">java.lang.IllegalArgumentException
	at com.google.common.base.Preconditions.checkArgument(Preconditions.java:72)
	at org.apache.hadoop.hdds.scm.XceiverClientManager.acquireClient(XceiverClientManager.java:150)
	at org.apache.hadoop.hdds.scm.XceiverClientManager.acquireClientForReadData(XceiverClientManager.java:143)
	at org.apache.hadoop.hdds.scm.storage.BlockInputStream.getChunkInfos(BlockInputStream.java:154)
	at org.apache.hadoop.hdds.scm.storage.BlockInputStream.initialize(BlockInputStream.java:118)
	at org.apache.hadoop.hdds.scm.storage.BlockInputStream.read(BlockInputStream.java:222)
	at org.apache.hadoop.ozone.client.io.KeyInputStream.read(KeyInputStream.java:171)
	at org.apache.hadoop.ozone.client.io.OzoneInputStream.read(OzoneInputStream.java:47)
	at java.io.InputStream.read(InputStream.java:101)
	at org.apache.hadoop.ozone.container.ContainerTestHelper.validateData(ContainerTestHelper.java:709)
	at org.apache.hadoop.ozone.client.rpc.TestBlockOutputStreamWithFailures.validateData(TestBlockOutputStreamWithFailures.java:1212)
	at org.apache.hadoop.ozone.client.rpc.TestBlockOutputStreamWithFailures.testWatchForCommitWithCloseContainerException(TestBlockOutputStreamWithFailures.java:260)
	at sun.reflect.NativeMethodAccessorImpl.invoke0(Native Method)
	at sun.reflect.NativeMethodAccessorImpl.invoke(NativeMethodAccessorImpl.java:62)
	at sun.reflect.DelegatingMethodAccessorImpl.invoke(DelegatingMethodAccessorImpl.java:43)
	at java.lang.reflect.Method.invoke(Method.java:498)
	at org.junit.runners.model.FrameworkMethod$1.runReflectiveCall(FrameworkMethod.java:47)
	at org.junit.internal.runners.model.ReflectiveCallable.run(ReflectiveCallable.java:12)
	at org.junit.runners.model.FrameworkMethod.invokeExplosively(FrameworkMethod.java:44)
	at org.junit.internal.runners.statements.InvokeMethod.evaluate(InvokeMethod.java:17)
	at org.junit.internal.runners.statements.RunBefores.evaluate(RunBefores.java:26)
	at org.junit.internal.runners.statements.RunAfters.evaluate(RunAfters.java:27)
	at org.junit.runners.ParentRunner.runLeaf(ParentRunner.java:271)
	at org.junit.runners.BlockJUnit4ClassRunner.runChild(BlockJUnit4ClassRunner.java:70)
	at org.junit.runners.BlockJUnit4ClassRunner.runChild(BlockJUnit4ClassRunner.java:50)
	at org.junit.runners.ParentRunner$3.run(ParentRunner.java:238)
	at org.junit.runners.ParentRunner$1.schedule(ParentRunner.java:63)
	at org.junit.runners.ParentRunner.runChildren(ParentRunner.java:236)
	at org.junit.runners.ParentRunner.access$000(ParentRunner.java:53)
	at org.junit.runners.ParentRunner$2.evaluate(ParentRunner.java:229)
	at org.junit.runners.ParentRunner.run(ParentRunner.java:309)
	at org.apache.maven.surefire.junit4.JUnit4Provider.execute(JUnit4Provider.java:365)
	at org.apache.maven.surefire.junit4.JUnit4Provider.executeWithRerun(JUnit4Provider.java:273)
	at org.apache.maven.surefire.junit4.JUnit4Provider.executeTestSet(JUnit4Provider.java:238)
	at org.apache.maven.surefire.junit4.JUnit4Provider.invoke(JUnit4Provider.java:159)
	at org.apache.maven.surefire.booter.ForkedBooter.invokeProviderInSameClassLoader(ForkedBooter.java:384)
	at org.apache.maven.surefire.booter.ForkedBooter.runSuitesInProcess(ForkedBooter.java:345)
	at org.apache.maven.surefire.booter.ForkedBooter.execute(ForkedBooter.java:126)
	at org.apache.maven.surefire.booter.ForkedBooter.main(ForkedBooter.java:418)
</error>
    <system-out><![CDATA[2019-07-13 14:37:26,393 WARN  server.ServerUtils (ServerUtils.java:getScmDbDir(145)) - ozone.scm.db.dirs is not configured. We recommend adding this setting. Falling back to ozone.metadata.dirs instead.
2019-07-13 14:37:26,410 WARN  server.ServerUtils (ServerUtils.java:getScmDbDir(145)) - ozone.scm.db.dirs is not configured. We recommend adding this setting. Falling back to ozone.metadata.dirs instead.
2019-07-13 14:37:26,411 WARN  server.ServerUtils (ServerUtils.java:getScmDbDir(145)) - ozone.scm.db.dirs is not configured. We recommend adding this setting. Falling back to ozone.metadata.dirs instead.
2019-07-13 14:37:26,411 INFO  db.DBStoreBuilder (DBStoreBuilder.java:addTable(110)) - using custom profile for table: deletedBlocks
2019-07-13 14:37:26,411 INFO  db.DBStoreBuilder (DBStoreBuilder.java:processTables(161)) - Using default column profile:DBProfile.DISK for Table:deletedBlocks
2019-07-13 14:37:26,411 INFO  db.DBStoreBuilder (DBStoreBuilder.java:addTable(110)) - using custom profile for table: validCerts
2019-07-13 14:37:26,412 INFO  db.DBStoreBuilder (DBStoreBuilder.java:processTables(161)) - Using default column profile:DBProfile.DISK for Table:validCerts
2019-07-13 14:37:26,412 INFO  db.DBStoreBuilder (DBStoreBuilder.java:addTable(110)) - using custom profile for table: revokedCerts
2019-07-13 14:37:26,412 INFO  db.DBStoreBuilder (DBStoreBuilder.java:processTables(161)) - Using default column profile:DBProfile.DISK for Table:revokedCerts
2019-07-13 14:37:26,412 INFO  db.DBStoreBuilder (DBStoreBuilder.java:addTable(110)) - using custom profile for table: default
2019-07-13 14:37:26,412 INFO  db.DBStoreBuilder (DBStoreBuilder.java:processTables(167)) - Using default column profile:DBProfile.DISK for Table:default
2019-07-13 14:37:26,413 INFO  db.DBStoreBuilder (DBStoreBuilder.java:getDbProfile(198)) - Using default options. DBProfile.DISK
2019-07-13 14:37:26,479 INFO  net.NodeSchemaLoader (NodeSchemaLoader.java:loadSchemaFromFile(125)) - Loading file from sun.misc.CompoundEnumeration@77198cce
2019-07-13 14:37:26,479 INFO  net.NodeSchemaLoader (NodeSchemaLoader.java:loadSchema(171)) - Loading network topology layer schema file
2019-07-13 14:37:26,483 INFO  node.SCMNodeManager (SCMNodeManager.java:<init>(119)) - Entering startup safe mode.
2019-07-13 14:37:26,484 WARN  server.ServerUtils (ServerUtils.java:getScmDbDir(145)) - ozone.scm.db.dirs is not configured. We recommend adding this setting. Falling back to ozone.metadata.dirs instead.
2019-07-13 14:37:26,512 INFO  pipeline.SCMPipelineManager (SCMPipelineManager.java:initializePipelineState(126)) - No pipeline exists in current db
2019-07-13 14:37:26,512 WARN  server.ServerUtils (ServerUtils.java:getScmDbDir(145)) - ozone.scm.db.dirs is not configured. We recommend adding this setting. Falling back to ozone.metadata.dirs instead.
2019-07-13 14:37:26,538 WARN  events.EventQueue (EventQueue.java:fireEvent(175)) - No event handler registered for event TypedEvent{payloadType=SafeModeStatus, name='SafeModeStatus'}
2019-07-13 14:37:26,539 INFO  ipc.CallQueueManager (CallQueueManager.java:<init>(84)) - Using callQueue: class java.util.concurrent.LinkedBlockingQueue, queueCapacity: 2000, scheduler: class org.apache.hadoop.ipc.DefaultRpcScheduler, ipcBackoff: false.
2019-07-13 14:37:26,540 INFO  ipc.Server (Server.java:run(1074)) - Starting Socket Reader #1 for port 39818
2019-07-13 14:37:26,542 INFO  ipc.CallQueueManager (CallQueueManager.java:<init>(84)) - Using callQueue: class java.util.concurrent.LinkedBlockingQueue, queueCapacity: 2000, scheduler: class org.apache.hadoop.ipc.DefaultRpcScheduler, ipcBackoff: false.
2019-07-13 14:37:26,543 INFO  ipc.Server (Server.java:run(1074)) - Starting Socket Reader #1 for port 42874
2019-07-13 14:37:26,544 INFO  ipc.CallQueueManager (CallQueueManager.java:<init>(84)) - Using callQueue: class java.util.concurrent.LinkedBlockingQueue, queueCapacity: 2000, scheduler: class org.apache.hadoop.ipc.DefaultRpcScheduler, ipcBackoff: false.
2019-07-13 14:37:26,545 INFO  ipc.Server (Server.java:run(1074)) - Starting Socket Reader #1 for port 35862
2019-07-13 14:37:26,549 INFO  hdfs.DFSUtil (DFSUtil.java:httpServerTemplateForNNAndJN(1641)) - Starting Web-server for scm at: http://0.0.0.0:0
2019-07-13 14:37:26,551 INFO  server.AuthenticationFilter (AuthenticationFilter.java:constructSecretProvider(240)) - Unable to initialize FileSignerSecretProvider, falling back to use random secrets.
2019-07-13 14:37:26,552 WARN  http.HttpRequestLog (HttpRequestLog.java:getRequestLog(97)) - Jetty request log can only be enabled using Log4j
2019-07-13 14:37:26,554 INFO  http.HttpServer2 (HttpServer2.java:addGlobalFilter(975)) - Added global filter 'safety' (class=org.apache.hadoop.http.HttpServer2$QuotingInputFilter)
2019-07-13 14:37:26,555 INFO  http.HttpServer2 (HttpServer2.java:addFilter(948)) - Added filter static_user_filter (class=org.apache.hadoop.http.lib.StaticUserWebFilter$StaticUserFilter) to context scm
2019-07-13 14:37:26,555 INFO  http.HttpServer2 (HttpServer2.java:addFilter(958)) - Added filter static_user_filter (class=org.apache.hadoop.http.lib.StaticUserWebFilter$StaticUserFilter) to context logs
2019-07-13 14:37:26,555 INFO  http.HttpServer2 (HttpServer2.java:addFilter(958)) - Added filter static_user_filter (class=org.apache.hadoop.http.lib.StaticUserWebFilter$StaticUserFilter) to context static
2019-07-13 14:37:26,557 INFO  server.StorageContainerManager (StorageContainerManager.java:start(759)) - StorageContainerLocationProtocol RPC server is listening at /0.0.0.0:35862
2019-07-13 14:37:26,560 WARN  impl.MetricsConfig (MetricsConfig.java:loadFirst(134)) - Cannot locate configuration: tried hadoop-metrics2-storagecontainermanager.properties,hadoop-metrics2.properties
2019-07-13 14:37:26,561 INFO  impl.MetricsSystemImpl (MetricsSystemImpl.java:startTimer(374)) - Scheduled Metric snapshot period at 10 second(s).
2019-07-13 14:37:26,561 INFO  impl.MetricsSystemImpl (MetricsSystemImpl.java:start(191)) - StorageContainerManager metrics system started
2019-07-13 14:37:26,621 INFO  server.SCMClientProtocolServer (SCMClientProtocolServer.java:start(149)) - RPC server for Client  is listening at /0.0.0.0:35862
2019-07-13 14:37:26,622 INFO  ipc.Server (Server.java:run(1314)) - IPC Server Responder: starting
2019-07-13 14:37:26,622 INFO  ipc.Server (Server.java:run(1153)) - IPC Server listener on 35862: starting
2019-07-13 14:37:26,626 INFO  server.StorageContainerManager (StorageContainerManager.java:start(768)) - ScmBlockLocationProtocol RPC server is listening at /0.0.0.0:42874
2019-07-13 14:37:26,627 INFO  server.SCMBlockProtocolServer (SCMBlockProtocolServer.java:start(140)) - RPC server for Block Protocol is listening at /0.0.0.0:42874
2019-07-13 14:37:26,627 INFO  ipc.Server (Server.java:run(1314)) - IPC Server Responder: starting
2019-07-13 14:37:26,627 INFO  ipc.Server (Server.java:run(1153)) - IPC Server listener on 42874: starting
2019-07-13 14:37:26,632 INFO  server.StorageContainerManager (StorageContainerManager.java:start(772)) - ScmDatanodeProtocl RPC server is listening at /0.0.0.0:39818
2019-07-13 14:37:26,633 INFO  server.SCMDatanodeProtocolServer (SCMDatanodeProtocolServer.java:start(191)) - RPC server for DataNodes is listening at /0.0.0.0:39818
2019-07-13 14:37:26,633 INFO  ipc.Server (Server.java:run(1314)) - IPC Server Responder: starting
2019-07-13 14:37:26,633 INFO  ipc.Server (Server.java:run(1153)) - IPC Server listener on 39818: starting
2019-07-13 14:37:26,638 INFO  http.HttpServer2 (HttpServer2.java:bindListener(1191)) - Jetty bound to port 35302
2019-07-13 14:37:26,638 INFO  server.Server (Server.java:doStart(351)) - jetty-9.3.24.v20180605, build timestamp: 2018-06-05T17:11:56Z, git hash: 84205aa28f11a4f31f2a3b86d1bba2cc8ab69827
2019-07-13 14:37:26,640 INFO  handler.ContextHandler (ContextHandler.java:doStart(781)) - Started o.e.j.s.ServletContextHandler@74a37c91{/logs,file:///tmp/workdir/hadoop-ozone/integration-test/target/log,AVAILABLE}
2019-07-13 14:37:26,640 INFO  handler.ContextHandler (ContextHandler.java:doStart(781)) - Started o.e.j.s.ServletContextHandler@3cd3cf6b{/static,file:///tmp/workdir/hadoop-ozone/integration-test/target/test-classes/webapps/static,AVAILABLE}
2019-07-13 14:37:26,645 INFO  handler.ContextHandler (ContextHandler.java:doStart(781)) - Started o.e.j.w.WebAppContext@4528a8bf{/,file:///tmp/workdir/hadoop-ozone/integration-test/target/test-classes/webapps/scm/,AVAILABLE}{/scm}
2019-07-13 14:37:26,645 INFO  server.AbstractConnector (AbstractConnector.java:doStart(278)) - Started ServerConnector@1927c2c6{HTTP/1.1,[http/1.1]}{0.0.0.0:35302}
2019-07-13 14:37:26,646 INFO  server.Server (Server.java:doStart(419)) - Started @659499ms
2019-07-13 14:37:26,647 INFO  server.BaseHttpServer (BaseHttpServer.java:updateConnectorAddress(207)) - HTTP server of SCM is listening at http://0.0.0.0:35302
2019-07-13 14:37:26,648 WARN  server.ServerUtils (ServerUtils.java:getDBPath(222)) - ozone.om.db.dirs is not configured. We recommend adding this setting. Falling back to ozone.metadata.dirs instead.
2019-07-13 14:37:26,649 INFO  util.JvmPauseMonitor (JvmPauseMonitor.java:run(188)) - Starting JVM pause monitor
2019-07-13 14:37:26,653 WARN  server.ServerUtils (ServerUtils.java:getDBPath(222)) - ozone.om.db.dirs is not configured. We recommend adding this setting. Falling back to ozone.metadata.dirs instead.
2019-07-13 14:37:26,654 INFO  om.OzoneManager (OzoneManager.java:setOMNodeDetails(630)) - OM Service ID is not set. Setting it to the default ID: omServiceIdDefault
2019-07-13 14:37:26,654 INFO  om.OzoneManager (OzoneManager.java:setOMNodeDetails(636)) - OM Node ID is not set. Setting it to the OmStorage's OmID: d84ab5f3-c4b6-47ab-8850-1abc8344dd12
2019-07-13 14:37:26,654 INFO  om.OzoneManager (OzoneManager.java:loadOMHAConfigs(587)) - Found matching OM address with OMServiceId: null, OMNodeId: null, RPC Address: localhost:0 and Ratis port: 9872
2019-07-13 14:37:26,660 WARN  server.ServerUtils (ServerUtils.java:getDBPath(222)) - ozone.om.db.dirs is not configured. We recommend adding this setting. Falling back to ozone.metadata.dirs instead.
2019-07-13 14:37:26,660 INFO  db.DBStoreBuilder (DBStoreBuilder.java:addTable(110)) - using custom profile for table: userTable
2019-07-13 14:37:26,660 INFO  db.DBStoreBuilder (DBStoreBuilder.java:processTables(161)) - Using default column profile:DBProfile.DISK for Table:userTable
2019-07-13 14:37:26,661 INFO  db.DBStoreBuilder (DBStoreBuilder.java:addTable(110)) - using custom profile for table: volumeTable
2019-07-13 14:37:26,661 INFO  db.DBStoreBuilder (DBStoreBuilder.java:processTables(161)) - Using default column profile:DBProfile.DISK for Table:volumeTable
2019-07-13 14:37:26,661 INFO  db.DBStoreBuilder (DBStoreBuilder.java:addTable(110)) - using custom profile for table: bucketTable
2019-07-13 14:37:26,661 INFO  db.DBStoreBuilder (DBStoreBuilder.java:processTables(161)) - Using default column profile:DBProfile.DISK for Table:bucketTable
2019-07-13 14:37:26,661 INFO  db.DBStoreBuilder (DBStoreBuilder.java:addTable(110)) - using custom profile for table: keyTable
2019-07-13 14:37:26,662 INFO  db.DBStoreBuilder (DBStoreBuilder.java:processTables(161)) - Using default column profile:DBProfile.DISK for Table:keyTable
2019-07-13 14:37:26,662 INFO  db.DBStoreBuilder (DBStoreBuilder.java:addTable(110)) - using custom profile for table: deletedTable
2019-07-13 14:37:26,662 INFO  db.DBStoreBuilder (DBStoreBuilder.java:processTables(161)) - Using default column profile:DBProfile.DISK for Table:deletedTable
2019-07-13 14:37:26,662 INFO  db.DBStoreBuilder (DBStoreBuilder.java:addTable(110)) - using custom profile for table: openKeyTable
2019-07-13 14:37:26,662 INFO  db.DBStoreBuilder (DBStoreBuilder.java:processTables(161)) - Using default column profile:DBProfile.DISK for Table:openKeyTable
2019-07-13 14:37:26,663 INFO  db.DBStoreBuilder (DBStoreBuilder.java:addTable(110)) - using custom profile for table: s3Table
2019-07-13 14:37:26,663 INFO  db.DBStoreBuilder (DBStoreBuilder.java:processTables(161)) - Using default column profile:DBProfile.DISK for Table:s3Table
2019-07-13 14:37:26,663 INFO  db.DBStoreBuilder (DBStoreBuilder.java:addTable(110)) - using custom profile for table: multipartInfoTable
2019-07-13 14:37:26,663 INFO  db.DBStoreBuilder (DBStoreBuilder.java:processTables(161)) - Using default column profile:DBProfile.DISK for Table:multipartInfoTable
2019-07-13 14:37:26,663 INFO  db.DBStoreBuilder (DBStoreBuilder.java:addTable(110)) - using custom profile for table: dTokenTable
2019-07-13 14:37:26,664 INFO  db.DBStoreBuilder (DBStoreBuilder.java:processTables(161)) - Using default column profile:DBProfile.DISK for Table:dTokenTable
2019-07-13 14:37:26,664 INFO  db.DBStoreBuilder (DBStoreBuilder.java:addTable(110)) - using custom profile for table: s3SecretTable
2019-07-13 14:37:26,664 INFO  db.DBStoreBuilder (DBStoreBuilder.java:processTables(161)) - Using default column profile:DBProfile.DISK for Table:s3SecretTable
2019-07-13 14:37:26,664 INFO  db.DBStoreBuilder (DBStoreBuilder.java:addTable(110)) - using custom profile for table: prefixTable
2019-07-13 14:37:26,664 INFO  db.DBStoreBuilder (DBStoreBuilder.java:processTables(161)) - Using default column profile:DBProfile.DISK for Table:prefixTable
2019-07-13 14:37:26,665 INFO  db.DBStoreBuilder (DBStoreBuilder.java:addTable(110)) - using custom profile for table: default
2019-07-13 14:37:26,665 INFO  db.DBStoreBuilder (DBStoreBuilder.java:processTables(167)) - Using default column profile:DBProfile.DISK for Table:default
2019-07-13 14:37:26,665 INFO  db.DBStoreBuilder (DBStoreBuilder.java:getDbProfile(198)) - Using default options. DBProfile.DISK
2019-07-13 14:37:26,924 INFO  ipc.CallQueueManager (CallQueueManager.java:<init>(84)) - Using callQueue: class java.util.concurrent.LinkedBlockingQueue, queueCapacity: 2000, scheduler: class org.apache.hadoop.ipc.DefaultRpcScheduler, ipcBackoff: false.
2019-07-13 14:37:26,925 INFO  ipc.Server (Server.java:run(1074)) - Starting Socket Reader #1 for port 43202
2019-07-13 14:37:26,941 WARN  server.ServerUtils (ServerUtils.java:getDBPath(222)) - ozone.om.db.dirs is not configured. We recommend adding this setting. Falling back to ozone.metadata.dirs instead.
2019-07-13 14:37:26,941 INFO  om.OzoneManager (OzoneManager.java:start(1228)) - OzoneManager RPC server is listening at localhost/127.0.0.1:43202
2019-07-13 14:37:26,942 INFO  impl.MetricsSystemImpl (MetricsSystemImpl.java:init(158)) - OzoneManager metrics system started (again)
2019-07-13 14:37:26,942 INFO  ipc.Server (Server.java:run(1314)) - IPC Server Responder: starting
2019-07-13 14:37:26,942 INFO  ipc.Server (Server.java:run(1153)) - IPC Server listener on 43202: starting
2019-07-13 14:37:26,948 INFO  hdfs.DFSUtil (DFSUtil.java:httpServerTemplateForNNAndJN(1641)) - Starting Web-server for ozoneManager at: http://0.0.0.0:0
2019-07-13 14:37:26,950 INFO  server.AuthenticationFilter (AuthenticationFilter.java:constructSecretProvider(240)) - Unable to initialize FileSignerSecretProvider, falling back to use random secrets.
2019-07-13 14:37:26,950 WARN  http.HttpRequestLog (HttpRequestLog.java:getRequestLog(97)) - Jetty request log can only be enabled using Log4j
2019-07-13 14:37:26,953 INFO  http.HttpServer2 (HttpServer2.java:addGlobalFilter(975)) - Added global filter 'safety' (class=org.apache.hadoop.http.HttpServer2$QuotingInputFilter)
2019-07-13 14:37:26,953 INFO  http.HttpServer2 (HttpServer2.java:addFilter(948)) - Added filter static_user_filter (class=org.apache.hadoop.http.lib.StaticUserWebFilter$StaticUserFilter) to context ozoneManager
2019-07-13 14:37:26,953 INFO  http.HttpServer2 (HttpServer2.java:addFilter(958)) - Added filter static_user_filter (class=org.apache.hadoop.http.lib.StaticUserWebFilter$StaticUserFilter) to context logs
2019-07-13 14:37:26,954 INFO  http.HttpServer2 (HttpServer2.java:addFilter(958)) - Added filter static_user_filter (class=org.apache.hadoop.http.lib.StaticUserWebFilter$StaticUserFilter) to context static
2019-07-13 14:37:26,955 INFO  http.HttpServer2 (HttpServer2.java:bindListener(1191)) - Jetty bound to port 36390
2019-07-13 14:37:26,955 INFO  server.Server (Server.java:doStart(351)) - jetty-9.3.24.v20180605, build timestamp: 2018-06-05T17:11:56Z, git hash: 84205aa28f11a4f31f2a3b86d1bba2cc8ab69827
2019-07-13 14:37:26,957 INFO  handler.ContextHandler (ContextHandler.java:doStart(781)) - Started o.e.j.s.ServletContextHandler@7000df03{/logs,file:///tmp/workdir/hadoop-ozone/integration-test/target/log,AVAILABLE}
2019-07-13 14:37:26,958 INFO  handler.ContextHandler (ContextHandler.java:doStart(781)) - Started o.e.j.s.ServletContextHandler@59aa646e{/static,file:///tmp/workdir/hadoop-ozone/integration-test/target/test-classes/webapps/static,AVAILABLE}
2019-07-13 14:37:26,963 INFO  handler.ContextHandler (ContextHandler.java:doStart(781)) - Started o.e.j.w.WebAppContext@2175111e{/,file:///tmp/workdir/hadoop-ozone/integration-test/target/test-classes/webapps/ozoneManager/,AVAILABLE}{/ozoneManager}
2019-07-13 14:37:26,963 INFO  server.AbstractConnector (AbstractConnector.java:doStart(278)) - Started ServerConnector@74c74c99{HTTP/1.1,[http/1.1]}{0.0.0.0:36390}
2019-07-13 14:37:26,965 INFO  server.Server (Server.java:doStart(419)) - Started @659817ms
2019-07-13 14:37:26,965 INFO  server.BaseHttpServer (BaseHttpServer.java:updateConnectorAddress(207)) - HTTP server of OZONEMANAGER is listening at http://0.0.0.0:36390
2019-07-13 14:37:26,982 INFO  impl.MetricsSystemImpl (MetricsSystemImpl.java:init(158)) - HddsDatanode metrics system started (again)
2019-07-13 14:37:26,983 INFO  ozone.HddsDatanodeService (HddsDatanodeService.java:start(185)) - HddsDatanodeService host:trunk-nightly-mhs6z-4061744966 ip:192.168.5.172
2019-07-13 14:37:26,997 INFO  volume.HddsVolume (HddsVolume.java:<init>(176)) - Creating Volume: /tmp/workdir/hadoop-ozone/integration-test/target/test-dir/MiniOzoneClusterImpl-c7b61d8d-b87d-4d70-bdb2-ac7817d2114b/datanode-0/data/containers/hdds of  storage type : DISK and capacity : 52710309888
2019-07-13 14:37:26,997 INFO  volume.VolumeSet (VolumeSet.java:initializeVolumeSet(170)) - Added Volume : /tmp/workdir/hadoop-ozone/integration-test/target/test-dir/MiniOzoneClusterImpl-c7b61d8d-b87d-4d70-bdb2-ac7817d2114b/datanode-0/data/containers/hdds to VolumeSet
2019-07-13 14:37:26,998 INFO  volume.ThrottledAsyncChecker (ThrottledAsyncChecker.java:schedule(140)) - Scheduling a check for org.apache.hadoop.ozone.container.common.volume.HddsVolume@5068a2b1
2019-07-13 14:37:26,998 INFO  volume.HddsVolumeChecker (HddsVolumeChecker.java:checkAllVolumes(203)) - Scheduled health check for volume org.apache.hadoop.ozone.container.common.volume.HddsVolume@5068a2b1
2019-07-13 14:37:27,015 INFO  impl.RaftServerProxy (ConfUtils.java:logGet(43)) - raft.rpc.type = GRPC (default)
2019-07-13 14:37:27,016 INFO  grpc.GrpcFactory (GrpcFactory.java:checkPooledByteBufAllocatorUseCacheForAllThreads(45)) - PERFORMANCE WARNING: useCacheForAllThreads is true that may cause Netty to create a lot garbage objects and, as a result, trigger GC.
	It is recommended to disable useCacheForAllThreads by setting -Dorg.apache.ratis.thirdparty.io.netty.allocator.useCacheForAllThreads=false in command line.
2019-07-13 14:37:27,016 INFO  grpc.GrpcConfigKeys$Server (ConfUtils.java:logGet(43)) - raft.grpc.server.port = 0 (default)
2019-07-13 14:37:27,016 INFO  server.GrpcService (ConfUtils.java:logGet(43)) - raft.grpc.message.size.max = 33570816 (custom)
2019-07-13 14:37:27,016 INFO  server.RaftServerConfigKeys (ConfUtils.java:logGet(43)) - raft.server.log.appender.buffer.byte-limit = 33554432 (custom)
2019-07-13 14:37:27,017 INFO  server.GrpcService (ConfUtils.java:logGet(43)) - raft.grpc.flow.control.window = 1MB (=1048576) (default)
2019-07-13 14:37:27,017 INFO  server.RaftServerConfigKeys (ConfUtils.java:logGet(43)) - raft.server.rpc.request.timeout = 3000ms (default)
2019-07-13 14:37:27,017 INFO  server.RaftServerConfigKeys (ConfUtils.java:logGet(43)) - raft.server.storage.dir = [/tmp/workdir/hadoop-ozone/integration-test/target/test-dir/MiniOzoneClusterImpl-c7b61d8d-b87d-4d70-bdb2-ac7817d2114b/datanode-0/data/ratis] (custom)
2019-07-13 14:37:27,018 INFO  replication.SimpleContainerDownloader (SimpleContainerDownloader.java:<init>(72)) - Starting container downloader service to copy containers to replicate.
2019-07-13 14:37:27,019 INFO  hdfs.DFSUtil (DFSUtil.java:httpServerTemplateForNNAndJN(1641)) - Starting Web-server for hddsDatanode at: http://0.0.0.0:0
2019-07-13 14:37:27,021 INFO  server.AuthenticationFilter (AuthenticationFilter.java:constructSecretProvider(240)) - Unable to initialize FileSignerSecretProvider, falling back to use random secrets.
2019-07-13 14:37:27,021 WARN  http.HttpRequestLog (HttpRequestLog.java:getRequestLog(97)) - Jetty request log can only be enabled using Log4j
2019-07-13 14:37:27,023 INFO  http.HttpServer2 (HttpServer2.java:addGlobalFilter(975)) - Added global filter 'safety' (class=org.apache.hadoop.http.HttpServer2$QuotingInputFilter)
2019-07-13 14:37:27,023 INFO  http.HttpServer2 (HttpServer2.java:addFilter(948)) - Added filter static_user_filter (class=org.apache.hadoop.http.lib.StaticUserWebFilter$StaticUserFilter) to context hddsDatanode
2019-07-13 14:37:27,023 INFO  http.HttpServer2 (HttpServer2.java:addFilter(958)) - Added filter static_user_filter (class=org.apache.hadoop.http.lib.StaticUserWebFilter$StaticUserFilter) to context static
2019-07-13 14:37:27,024 INFO  http.HttpServer2 (HttpServer2.java:addFilter(958)) - Added filter static_user_filter (class=org.apache.hadoop.http.lib.StaticUserWebFilter$StaticUserFilter) to context logs
2019-07-13 14:37:27,024 INFO  http.HttpServer2 (HttpServer2.java:bindListener(1191)) - Jetty bound to port 38790
2019-07-13 14:37:27,024 INFO  server.Server (Server.java:doStart(351)) - jetty-9.3.24.v20180605, build timestamp: 2018-06-05T17:11:56Z, git hash: 84205aa28f11a4f31f2a3b86d1bba2cc8ab69827
2019-07-13 14:37:27,026 INFO  handler.ContextHandler (ContextHandler.java:doStart(781)) - Started o.e.j.s.ServletContextHandler@28ba90c1{/logs,file:///tmp/workdir/hadoop-ozone/integration-test/target/log,AVAILABLE}
2019-07-13 14:37:27,027 INFO  handler.ContextHandler (ContextHandler.java:doStart(781)) - Started o.e.j.s.ServletContextHandler@7545cb17{/static,jar:file:/home/user/.m2/repository/org/apache/hadoop/hadoop-hdds-container-service/0.5.0-SNAPSHOT/hadoop-hdds-container-service-0.5.0-SNAPSHOT.jar!/webapps/static,AVAILABLE}
2019-07-13 14:37:27,062 INFO  handler.ContextHandler (ContextHandler.java:doStart(781)) - Started o.e.j.w.WebAppContext@37635407{/,file:///tmp/jetty-0.0.0.0-38790-hddsDatanode-_-any-6483902312957467444.dir/webapp/,AVAILABLE}{/hddsDatanode}
2019-07-13 14:37:27,063 INFO  server.AbstractConnector (AbstractConnector.java:doStart(278)) - Started ServerConnector@33822750{HTTP/1.1,[http/1.1]}{0.0.0.0:38790}
2019-07-13 14:37:27,064 INFO  server.Server (Server.java:doStart(419)) - Started @659916ms
2019-07-13 14:37:27,066 INFO  server.BaseHttpServer (BaseHttpServer.java:updateConnectorAddress(207)) - HTTP server of HDDSDATANODE is listening at http://0.0.0.0:38790
2019-07-13 14:37:27,168 INFO  ozone.HddsDatanodeService (HddsDatanodeService.java:startPlugins(396)) - Started plug-in org.apache.hadoop.ozone.web.OzoneHddsDatanodeService@8872669
2019-07-13 14:37:27,168 INFO  impl.MetricsSystemImpl (MetricsSystemImpl.java:init(158)) - HddsDatanode metrics system started (again)
2019-07-13 14:37:27,169 INFO  ozone.HddsDatanodeService (HddsDatanodeService.java:start(185)) - HddsDatanodeService host:trunk-nightly-mhs6z-4061744966 ip:192.168.5.172
2019-07-13 14:37:27,170 INFO  util.JvmPauseMonitor (JvmPauseMonitor.java:run(188)) - Starting JVM pause monitor
2019-07-13 14:37:27,171 INFO  datanode.InitDatanodeState (InitDatanodeState.java:persistContainerDatanodeDetails(140)) - DatanodeDetails is persisted to /tmp/workdir/hadoop-ozone/integration-test/target/test-dir/MiniOzoneClusterImpl-c7b61d8d-b87d-4d70-bdb2-ac7817d2114b/datanode-0/meta/datanode.id
2019-07-13 14:37:27,181 INFO  volume.HddsVolume (HddsVolume.java:<init>(176)) - Creating Volume: /tmp/workdir/hadoop-ozone/integration-test/target/test-dir/MiniOzoneClusterImpl-c7b61d8d-b87d-4d70-bdb2-ac7817d2114b/datanode-1/data/containers/hdds of  storage type : DISK and capacity : 52710309888
2019-07-13 14:37:27,181 INFO  volume.VolumeSet (VolumeSet.java:initializeVolumeSet(170)) - Added Volume : /tmp/workdir/hadoop-ozone/integration-test/target/test-dir/MiniOzoneClusterImpl-c7b61d8d-b87d-4d70-bdb2-ac7817d2114b/datanode-1/data/containers/hdds to VolumeSet
2019-07-13 14:37:27,181 INFO  volume.ThrottledAsyncChecker (ThrottledAsyncChecker.java:schedule(140)) - Scheduling a check for org.apache.hadoop.ozone.container.common.volume.HddsVolume@740610a2
2019-07-13 14:37:27,182 INFO  volume.HddsVolumeChecker (HddsVolumeChecker.java:checkAllVolumes(203)) - Scheduled health check for volume org.apache.hadoop.ozone.container.common.volume.HddsVolume@740610a2
2019-07-13 14:37:27,199 INFO  impl.RaftServerProxy (ConfUtils.java:logGet(43)) - raft.rpc.type = GRPC (default)
2019-07-13 14:37:27,199 INFO  grpc.GrpcFactory (GrpcFactory.java:checkPooledByteBufAllocatorUseCacheForAllThreads(45)) - PERFORMANCE WARNING: useCacheForAllThreads is true that may cause Netty to create a lot garbage objects and, as a result, trigger GC.
	It is recommended to disable useCacheForAllThreads by setting -Dorg.apache.ratis.thirdparty.io.netty.allocator.useCacheForAllThreads=false in command line.
2019-07-13 14:37:27,200 INFO  grpc.GrpcConfigKeys$Server (ConfUtils.java:logGet(43)) - raft.grpc.server.port = 0 (default)
2019-07-13 14:37:27,200 INFO  server.GrpcService (ConfUtils.java:logGet(43)) - raft.grpc.message.size.max = 33570816 (custom)
2019-07-13 14:37:27,200 INFO  server.RaftServerConfigKeys (ConfUtils.java:logGet(43)) - raft.server.log.appender.buffer.byte-limit = 33554432 (custom)
2019-07-13 14:37:27,200 INFO  server.GrpcService (ConfUtils.java:logGet(43)) - raft.grpc.flow.control.window = 1MB (=1048576) (default)
2019-07-13 14:37:27,201 INFO  server.RaftServerConfigKeys (ConfUtils.java:logGet(43)) - raft.server.rpc.request.timeout = 3000ms (default)
2019-07-13 14:37:27,201 INFO  server.RaftServerConfigKeys (ConfUtils.java:logGet(43)) - raft.server.storage.dir = [/tmp/workdir/hadoop-ozone/integration-test/target/test-dir/MiniOzoneClusterImpl-c7b61d8d-b87d-4d70-bdb2-ac7817d2114b/datanode-1/data/ratis] (custom)
2019-07-13 14:37:27,201 INFO  replication.SimpleContainerDownloader (SimpleContainerDownloader.java:<init>(72)) - Starting container downloader service to copy containers to replicate.
2019-07-13 14:37:27,202 INFO  hdfs.DFSUtil (DFSUtil.java:httpServerTemplateForNNAndJN(1641)) - Starting Web-server for hddsDatanode at: http://0.0.0.0:0
2019-07-13 14:37:27,203 INFO  server.AuthenticationFilter (AuthenticationFilter.java:constructSecretProvider(240)) - Unable to initialize FileSignerSecretProvider, falling back to use random secrets.
2019-07-13 14:37:27,204 WARN  http.HttpRequestLog (HttpRequestLog.java:getRequestLog(97)) - Jetty request log can only be enabled using Log4j
2019-07-13 14:37:27,205 INFO  http.HttpServer2 (HttpServer2.java:addGlobalFilter(975)) - Added global filter 'safety' (class=org.apache.hadoop.http.HttpServer2$QuotingInputFilter)
2019-07-13 14:37:27,205 INFO  http.HttpServer2 (HttpServer2.java:addFilter(948)) - Added filter static_user_filter (class=org.apache.hadoop.http.lib.StaticUserWebFilter$StaticUserFilter) to context hddsDatanode
2019-07-13 14:37:27,205 INFO  http.HttpServer2 (HttpServer2.java:addFilter(958)) - Added filter static_user_filter (class=org.apache.hadoop.http.lib.StaticUserWebFilter$StaticUserFilter) to context logs
2019-07-13 14:37:27,205 INFO  http.HttpServer2 (HttpServer2.java:addFilter(958)) - Added filter static_user_filter (class=org.apache.hadoop.http.lib.StaticUserWebFilter$StaticUserFilter) to context static
2019-07-13 14:37:27,206 INFO  http.HttpServer2 (HttpServer2.java:bindListener(1191)) - Jetty bound to port 38665
2019-07-13 14:37:27,206 INFO  server.Server (Server.java:doStart(351)) - jetty-9.3.24.v20180605, build timestamp: 2018-06-05T17:11:56Z, git hash: 84205aa28f11a4f31f2a3b86d1bba2cc8ab69827
2019-07-13 14:37:27,207 INFO  handler.ContextHandler (ContextHandler.java:doStart(781)) - Started o.e.j.s.ServletContextHandler@4ba88ab5{/logs,file:///tmp/workdir/hadoop-ozone/integration-test/target/log,AVAILABLE}
2019-07-13 14:37:27,208 INFO  handler.ContextHandler (ContextHandler.java:doStart(781)) - Started o.e.j.s.ServletContextHandler@43905ade{/static,jar:file:/home/user/.m2/repository/org/apache/hadoop/hadoop-hdds-container-service/0.5.0-SNAPSHOT/hadoop-hdds-container-service-0.5.0-SNAPSHOT.jar!/webapps/static,AVAILABLE}
2019-07-13 14:37:27,233 INFO  handler.ContextHandler (ContextHandler.java:doStart(781)) - Started o.e.j.w.WebAppContext@2b1aa390{/,file:///tmp/jetty-0.0.0.0-38665-hddsDatanode-_-any-8326737829576117655.dir/webapp/,AVAILABLE}{/hddsDatanode}
2019-07-13 14:37:27,234 INFO  server.AbstractConnector (AbstractConnector.java:doStart(278)) - Started ServerConnector@5e1d6ace{HTTP/1.1,[http/1.1]}{0.0.0.0:38665}
2019-07-13 14:37:27,234 INFO  server.Server (Server.java:doStart(419)) - Started @660086ms
2019-07-13 14:37:27,236 INFO  server.BaseHttpServer (BaseHttpServer.java:updateConnectorAddress(207)) - HTTP server of HDDSDATANODE is listening at http://0.0.0.0:38665
2019-07-13 14:37:27,334 INFO  ozone.HddsDatanodeService (HddsDatanodeService.java:startPlugins(396)) - Started plug-in org.apache.hadoop.ozone.web.OzoneHddsDatanodeService@2769d577
2019-07-13 14:37:27,335 INFO  impl.MetricsSystemImpl (MetricsSystemImpl.java:init(158)) - HddsDatanode metrics system started (again)
2019-07-13 14:37:27,335 INFO  ozone.HddsDatanodeService (HddsDatanodeService.java:start(185)) - HddsDatanodeService host:trunk-nightly-mhs6z-4061744966 ip:192.168.5.172
2019-07-13 14:37:27,336 INFO  util.JvmPauseMonitor (JvmPauseMonitor.java:run(188)) - Starting JVM pause monitor
2019-07-13 14:37:27,338 INFO  datanode.InitDatanodeState (InitDatanodeState.java:persistContainerDatanodeDetails(140)) - DatanodeDetails is persisted to /tmp/workdir/hadoop-ozone/integration-test/target/test-dir/MiniOzoneClusterImpl-c7b61d8d-b87d-4d70-bdb2-ac7817d2114b/datanode-1/meta/datanode.id
2019-07-13 14:37:27,345 INFO  volume.HddsVolume (HddsVolume.java:<init>(176)) - Creating Volume: /tmp/workdir/hadoop-ozone/integration-test/target/test-dir/MiniOzoneClusterImpl-c7b61d8d-b87d-4d70-bdb2-ac7817d2114b/datanode-2/data/containers/hdds of  storage type : DISK and capacity : 52710309888
2019-07-13 14:37:27,345 INFO  volume.VolumeSet (VolumeSet.java:initializeVolumeSet(170)) - Added Volume : /tmp/workdir/hadoop-ozone/integration-test/target/test-dir/MiniOzoneClusterImpl-c7b61d8d-b87d-4d70-bdb2-ac7817d2114b/datanode-2/data/containers/hdds to VolumeSet
2019-07-13 14:37:27,346 INFO  volume.ThrottledAsyncChecker (ThrottledAsyncChecker.java:schedule(140)) - Scheduling a check for org.apache.hadoop.ozone.container.common.volume.HddsVolume@f500481
2019-07-13 14:37:27,346 INFO  volume.HddsVolumeChecker (HddsVolumeChecker.java:checkAllVolumes(203)) - Scheduled health check for volume org.apache.hadoop.ozone.container.common.volume.HddsVolume@f500481
2019-07-13 14:37:27,358 INFO  impl.RaftServerProxy (ConfUtils.java:logGet(43)) - raft.rpc.type = GRPC (default)
2019-07-13 14:37:27,358 INFO  grpc.GrpcFactory (GrpcFactory.java:checkPooledByteBufAllocatorUseCacheForAllThreads(45)) - PERFORMANCE WARNING: useCacheForAllThreads is true that may cause Netty to create a lot garbage objects and, as a result, trigger GC.
	It is recommended to disable useCacheForAllThreads by setting -Dorg.apache.ratis.thirdparty.io.netty.allocator.useCacheForAllThreads=false in command line.
2019-07-13 14:37:27,358 INFO  grpc.GrpcConfigKeys$Server (ConfUtils.java:logGet(43)) - raft.grpc.server.port = 0 (default)
2019-07-13 14:37:27,358 INFO  server.GrpcService (ConfUtils.java:logGet(43)) - raft.grpc.message.size.max = 33570816 (custom)
2019-07-13 14:37:27,358 INFO  server.RaftServerConfigKeys (ConfUtils.java:logGet(43)) - raft.server.log.appender.buffer.byte-limit = 33554432 (custom)
2019-07-13 14:37:27,358 INFO  server.GrpcService (ConfUtils.java:logGet(43)) - raft.grpc.flow.control.window = 1MB (=1048576) (default)
2019-07-13 14:37:27,359 INFO  server.RaftServerConfigKeys (ConfUtils.java:logGet(43)) - raft.server.rpc.request.timeout = 3000ms (default)
2019-07-13 14:37:27,359 INFO  server.RaftServerConfigKeys (ConfUtils.java:logGet(43)) - raft.server.storage.dir = [/tmp/workdir/hadoop-ozone/integration-test/target/test-dir/MiniOzoneClusterImpl-c7b61d8d-b87d-4d70-bdb2-ac7817d2114b/datanode-2/data/ratis] (custom)
2019-07-13 14:37:27,359 INFO  replication.SimpleContainerDownloader (SimpleContainerDownloader.java:<init>(72)) - Starting container downloader service to copy containers to replicate.
2019-07-13 14:37:27,360 INFO  hdfs.DFSUtil (DFSUtil.java:httpServerTemplateForNNAndJN(1641)) - Starting Web-server for hddsDatanode at: http://0.0.0.0:0
2019-07-13 14:37:27,361 INFO  server.AuthenticationFilter (AuthenticationFilter.java:constructSecretProvider(240)) - Unable to initialize FileSignerSecretProvider, falling back to use random secrets.
2019-07-13 14:37:27,362 WARN  http.HttpRequestLog (HttpRequestLog.java:getRequestLog(97)) - Jetty request log can only be enabled using Log4j
2019-07-13 14:37:27,363 INFO  http.HttpServer2 (HttpServer2.java:addGlobalFilter(975)) - Added global filter 'safety' (class=org.apache.hadoop.http.HttpServer2$QuotingInputFilter)
2019-07-13 14:37:27,363 INFO  http.HttpServer2 (HttpServer2.java:addFilter(948)) - Added filter static_user_filter (class=org.apache.hadoop.http.lib.StaticUserWebFilter$StaticUserFilter) to context hddsDatanode
2019-07-13 14:37:27,363 INFO  http.HttpServer2 (HttpServer2.java:addFilter(958)) - Added filter static_user_filter (class=org.apache.hadoop.http.lib.StaticUserWebFilter$StaticUserFilter) to context static
2019-07-13 14:37:27,363 INFO  http.HttpServer2 (HttpServer2.java:addFilter(958)) - Added filter static_user_filter (class=org.apache.hadoop.http.lib.StaticUserWebFilter$StaticUserFilter) to context logs
2019-07-13 14:37:27,364 INFO  http.HttpServer2 (HttpServer2.java:bindListener(1191)) - Jetty bound to port 36269
2019-07-13 14:37:27,364 INFO  server.Server (Server.java:doStart(351)) - jetty-9.3.24.v20180605, build timestamp: 2018-06-05T17:11:56Z, git hash: 84205aa28f11a4f31f2a3b86d1bba2cc8ab69827
2019-07-13 14:37:27,365 INFO  handler.ContextHandler (ContextHandler.java:doStart(781)) - Started o.e.j.s.ServletContextHandler@734db023{/logs,file:///tmp/workdir/hadoop-ozone/integration-test/target/log,AVAILABLE}
2019-07-13 14:37:27,365 INFO  handler.ContextHandler (ContextHandler.java:doStart(781)) - Started o.e.j.s.ServletContextHandler@61774805{/static,jar:file:/home/user/.m2/repository/org/apache/hadoop/hadoop-hdds-container-service/0.5.0-SNAPSHOT/hadoop-hdds-container-service-0.5.0-SNAPSHOT.jar!/webapps/static,AVAILABLE}
2019-07-13 14:37:27,391 INFO  handler.ContextHandler (ContextHandler.java:doStart(781)) - Started o.e.j.w.WebAppContext@664c6bbc{/,file:///tmp/jetty-0.0.0.0-36269-hddsDatanode-_-any-48541890379018726.dir/webapp/,AVAILABLE}{/hddsDatanode}
2019-07-13 14:37:27,391 INFO  server.AbstractConnector (AbstractConnector.java:doStart(278)) - Started ServerConnector@442545ab{HTTP/1.1,[http/1.1]}{0.0.0.0:36269}
2019-07-13 14:37:27,391 INFO  server.Server (Server.java:doStart(419)) - Started @660244ms
2019-07-13 14:37:27,393 INFO  server.BaseHttpServer (BaseHttpServer.java:updateConnectorAddress(207)) - HTTP server of HDDSDATANODE is listening at http://0.0.0.0:36269
2019-07-13 14:37:27,488 INFO  ozone.HddsDatanodeService (HddsDatanodeService.java:startPlugins(396)) - Started plug-in org.apache.hadoop.ozone.web.OzoneHddsDatanodeService@5d7807b0
2019-07-13 14:37:27,488 INFO  impl.MetricsSystemImpl (MetricsSystemImpl.java:init(158)) - HddsDatanode metrics system started (again)
2019-07-13 14:37:27,489 INFO  ozone.HddsDatanodeService (HddsDatanodeService.java:start(185)) - HddsDatanodeService host:trunk-nightly-mhs6z-4061744966 ip:192.168.5.172
2019-07-13 14:37:27,490 INFO  util.JvmPauseMonitor (JvmPauseMonitor.java:run(188)) - Starting JVM pause monitor
2019-07-13 14:37:27,491 INFO  datanode.InitDatanodeState (InitDatanodeState.java:persistContainerDatanodeDetails(140)) - DatanodeDetails is persisted to /tmp/workdir/hadoop-ozone/integration-test/target/test-dir/MiniOzoneClusterImpl-c7b61d8d-b87d-4d70-bdb2-ac7817d2114b/datanode-2/meta/datanode.id
2019-07-13 14:37:27,502 INFO  volume.HddsVolume (HddsVolume.java:<init>(176)) - Creating Volume: /tmp/workdir/hadoop-ozone/integration-test/target/test-dir/MiniOzoneClusterImpl-c7b61d8d-b87d-4d70-bdb2-ac7817d2114b/datanode-3/data/containers/hdds of  storage type : DISK and capacity : 52710309888
2019-07-13 14:37:27,502 INFO  volume.VolumeSet (VolumeSet.java:initializeVolumeSet(170)) - Added Volume : /tmp/workdir/hadoop-ozone/integration-test/target/test-dir/MiniOzoneClusterImpl-c7b61d8d-b87d-4d70-bdb2-ac7817d2114b/datanode-3/data/containers/hdds to VolumeSet
2019-07-13 14:37:27,502 INFO  volume.ThrottledAsyncChecker (ThrottledAsyncChecker.java:schedule(140)) - Scheduling a check for org.apache.hadoop.ozone.container.common.volume.HddsVolume@547ef1c6
2019-07-13 14:37:27,503 INFO  volume.HddsVolumeChecker (HddsVolumeChecker.java:checkAllVolumes(203)) - Scheduled health check for volume org.apache.hadoop.ozone.container.common.volume.HddsVolume@547ef1c6
2019-07-13 14:37:27,515 INFO  impl.RaftServerProxy (ConfUtils.java:logGet(43)) - raft.rpc.type = GRPC (default)
2019-07-13 14:37:27,515 INFO  grpc.GrpcFactory (GrpcFactory.java:checkPooledByteBufAllocatorUseCacheForAllThreads(45)) - PERFORMANCE WARNING: useCacheForAllThreads is true that may cause Netty to create a lot garbage objects and, as a result, trigger GC.
	It is recommended to disable useCacheForAllThreads by setting -Dorg.apache.ratis.thirdparty.io.netty.allocator.useCacheForAllThreads=false in command line.
2019-07-13 14:37:27,515 INFO  grpc.GrpcConfigKeys$Server (ConfUtils.java:logGet(43)) - raft.grpc.server.port = 0 (default)
2019-07-13 14:37:27,516 INFO  server.GrpcService (ConfUtils.java:logGet(43)) - raft.grpc.message.size.max = 33570816 (custom)
2019-07-13 14:37:27,516 INFO  server.RaftServerConfigKeys (ConfUtils.java:logGet(43)) - raft.server.log.appender.buffer.byte-limit = 33554432 (custom)
2019-07-13 14:37:27,516 INFO  server.GrpcService (ConfUtils.java:logGet(43)) - raft.grpc.flow.control.window = 1MB (=1048576) (default)
2019-07-13 14:37:27,516 INFO  server.RaftServerConfigKeys (ConfUtils.java:logGet(43)) - raft.server.rpc.request.timeout = 3000ms (default)
2019-07-13 14:37:27,516 INFO  server.RaftServerConfigKeys (ConfUtils.java:logGet(43)) - raft.server.storage.dir = [/tmp/workdir/hadoop-ozone/integration-test/target/test-dir/MiniOzoneClusterImpl-c7b61d8d-b87d-4d70-bdb2-ac7817d2114b/datanode-3/data/ratis] (custom)
2019-07-13 14:37:27,517 INFO  replication.SimpleContainerDownloader (SimpleContainerDownloader.java:<init>(72)) - Starting container downloader service to copy containers to replicate.
2019-07-13 14:37:27,518 INFO  hdfs.DFSUtil (DFSUtil.java:httpServerTemplateForNNAndJN(1641)) - Starting Web-server for hddsDatanode at: http://0.0.0.0:0
2019-07-13 14:37:27,519 INFO  server.AuthenticationFilter (AuthenticationFilter.java:constructSecretProvider(240)) - Unable to initialize FileSignerSecretProvider, falling back to use random secrets.
2019-07-13 14:37:27,519 WARN  http.HttpRequestLog (HttpRequestLog.java:getRequestLog(97)) - Jetty request log can only be enabled using Log4j
2019-07-13 14:37:27,520 INFO  http.HttpServer2 (HttpServer2.java:addGlobalFilter(975)) - Added global filter 'safety' (class=org.apache.hadoop.http.HttpServer2$QuotingInputFilter)
2019-07-13 14:37:27,521 INFO  http.HttpServer2 (HttpServer2.java:addFilter(948)) - Added filter static_user_filter (class=org.apache.hadoop.http.lib.StaticUserWebFilter$StaticUserFilter) to context hddsDatanode
2019-07-13 14:37:27,521 INFO  http.HttpServer2 (HttpServer2.java:addFilter(958)) - Added filter static_user_filter (class=org.apache.hadoop.http.lib.StaticUserWebFilter$StaticUserFilter) to context static
2019-07-13 14:37:27,521 INFO  http.HttpServer2 (HttpServer2.java:addFilter(958)) - Added filter static_user_filter (class=org.apache.hadoop.http.lib.StaticUserWebFilter$StaticUserFilter) to context logs
2019-07-13 14:37:27,521 INFO  http.HttpServer2 (HttpServer2.java:bindListener(1191)) - Jetty bound to port 39069
2019-07-13 14:37:27,522 INFO  server.Server (Server.java:doStart(351)) - jetty-9.3.24.v20180605, build timestamp: 2018-06-05T17:11:56Z, git hash: 84205aa28f11a4f31f2a3b86d1bba2cc8ab69827
2019-07-13 14:37:27,523 INFO  handler.ContextHandler (ContextHandler.java:doStart(781)) - Started o.e.j.s.ServletContextHandler@6434827e{/logs,file:///tmp/workdir/hadoop-ozone/integration-test/target/log,AVAILABLE}
2019-07-13 14:37:27,523 INFO  handler.ContextHandler (ContextHandler.java:doStart(781)) - Started o.e.j.s.ServletContextHandler@4d555b85{/static,jar:file:/home/user/.m2/repository/org/apache/hadoop/hadoop-hdds-container-service/0.5.0-SNAPSHOT/hadoop-hdds-container-service-0.5.0-SNAPSHOT.jar!/webapps/static,AVAILABLE}
2019-07-13 14:37:27,549 INFO  handler.ContextHandler (ContextHandler.java:doStart(781)) - Started o.e.j.w.WebAppContext@705606ac{/,file:///tmp/jetty-0.0.0.0-39069-hddsDatanode-_-any-4525287052372778073.dir/webapp/,AVAILABLE}{/hddsDatanode}
2019-07-13 14:37:27,549 INFO  server.AbstractConnector (AbstractConnector.java:doStart(278)) - Started ServerConnector@66c70e18{HTTP/1.1,[http/1.1]}{0.0.0.0:39069}
2019-07-13 14:37:27,550 INFO  server.Server (Server.java:doStart(419)) - Started @660402ms
2019-07-13 14:37:27,551 INFO  server.BaseHttpServer (BaseHttpServer.java:updateConnectorAddress(207)) - HTTP server of HDDSDATANODE is listening at http://0.0.0.0:39069
2019-07-13 14:37:27,646 INFO  ozone.HddsDatanodeService (HddsDatanodeService.java:startPlugins(396)) - Started plug-in org.apache.hadoop.ozone.web.OzoneHddsDatanodeService@6e1787ba
2019-07-13 14:37:27,646 INFO  impl.MetricsSystemImpl (MetricsSystemImpl.java:init(158)) - HddsDatanode metrics system started (again)
2019-07-13 14:37:27,646 INFO  ozone.HddsDatanodeService (HddsDatanodeService.java:start(185)) - HddsDatanodeService host:trunk-nightly-mhs6z-4061744966 ip:192.168.5.172
2019-07-13 14:37:27,647 INFO  util.JvmPauseMonitor (JvmPauseMonitor.java:run(188)) - Starting JVM pause monitor
2019-07-13 14:37:27,649 INFO  datanode.InitDatanodeState (InitDatanodeState.java:persistContainerDatanodeDetails(140)) - DatanodeDetails is persisted to /tmp/workdir/hadoop-ozone/integration-test/target/test-dir/MiniOzoneClusterImpl-c7b61d8d-b87d-4d70-bdb2-ac7817d2114b/datanode-3/meta/datanode.id
2019-07-13 14:37:27,659 INFO  volume.HddsVolume (HddsVolume.java:<init>(176)) - Creating Volume: /tmp/workdir/hadoop-ozone/integration-test/target/test-dir/MiniOzoneClusterImpl-c7b61d8d-b87d-4d70-bdb2-ac7817d2114b/datanode-4/data/containers/hdds of  storage type : DISK and capacity : 52710309888
2019-07-13 14:37:27,659 INFO  volume.VolumeSet (VolumeSet.java:initializeVolumeSet(170)) - Added Volume : /tmp/workdir/hadoop-ozone/integration-test/target/test-dir/MiniOzoneClusterImpl-c7b61d8d-b87d-4d70-bdb2-ac7817d2114b/datanode-4/data/containers/hdds to VolumeSet
2019-07-13 14:37:27,660 INFO  volume.ThrottledAsyncChecker (ThrottledAsyncChecker.java:schedule(140)) - Scheduling a check for org.apache.hadoop.ozone.container.common.volume.HddsVolume@6a29476d
2019-07-13 14:37:27,660 INFO  volume.HddsVolumeChecker (HddsVolumeChecker.java:checkAllVolumes(203)) - Scheduled health check for volume org.apache.hadoop.ozone.container.common.volume.HddsVolume@6a29476d
2019-07-13 14:37:27,672 INFO  impl.RaftServerProxy (ConfUtils.java:logGet(43)) - raft.rpc.type = GRPC (default)
2019-07-13 14:37:27,672 INFO  grpc.GrpcFactory (GrpcFactory.java:checkPooledByteBufAllocatorUseCacheForAllThreads(45)) - PERFORMANCE WARNING: useCacheForAllThreads is true that may cause Netty to create a lot garbage objects and, as a result, trigger GC.
	It is recommended to disable useCacheForAllThreads by setting -Dorg.apache.ratis.thirdparty.io.netty.allocator.useCacheForAllThreads=false in command line.
2019-07-13 14:37:27,673 INFO  grpc.GrpcConfigKeys$Server (ConfUtils.java:logGet(43)) - raft.grpc.server.port = 0 (default)
2019-07-13 14:37:27,673 INFO  server.GrpcService (ConfUtils.java:logGet(43)) - raft.grpc.message.size.max = 33570816 (custom)
2019-07-13 14:37:27,673 INFO  server.RaftServerConfigKeys (ConfUtils.java:logGet(43)) - raft.server.log.appender.buffer.byte-limit = 33554432 (custom)
2019-07-13 14:37:27,673 INFO  server.GrpcService (ConfUtils.java:logGet(43)) - raft.grpc.flow.control.window = 1MB (=1048576) (default)
2019-07-13 14:37:27,673 INFO  server.RaftServerConfigKeys (ConfUtils.java:logGet(43)) - raft.server.rpc.request.timeout = 3000ms (default)
2019-07-13 14:37:27,674 INFO  server.RaftServerConfigKeys (ConfUtils.java:logGet(43)) - raft.server.storage.dir = [/tmp/workdir/hadoop-ozone/integration-test/target/test-dir/MiniOzoneClusterImpl-c7b61d8d-b87d-4d70-bdb2-ac7817d2114b/datanode-4/data/ratis] (custom)
2019-07-13 14:37:27,674 INFO  replication.SimpleContainerDownloader (SimpleContainerDownloader.java:<init>(72)) - Starting container downloader service to copy containers to replicate.
2019-07-13 14:37:27,675 INFO  hdfs.DFSUtil (DFSUtil.java:httpServerTemplateForNNAndJN(1641)) - Starting Web-server for hddsDatanode at: http://0.0.0.0:0
2019-07-13 14:37:27,676 INFO  server.AuthenticationFilter (AuthenticationFilter.java:constructSecretProvider(240)) - Unable to initialize FileSignerSecretProvider, falling back to use random secrets.
2019-07-13 14:37:27,676 WARN  http.HttpRequestLog (HttpRequestLog.java:getRequestLog(97)) - Jetty request log can only be enabled using Log4j
2019-07-13 14:37:27,677 INFO  http.HttpServer2 (HttpServer2.java:addGlobalFilter(975)) - Added global filter 'safety' (class=org.apache.hadoop.http.HttpServer2$QuotingInputFilter)
2019-07-13 14:37:27,678 INFO  http.HttpServer2 (HttpServer2.java:addFilter(948)) - Added filter static_user_filter (class=org.apache.hadoop.http.lib.StaticUserWebFilter$StaticUserFilter) to context hddsDatanode
2019-07-13 14:37:27,678 INFO  http.HttpServer2 (HttpServer2.java:addFilter(958)) - Added filter static_user_filter (class=org.apache.hadoop.http.lib.StaticUserWebFilter$StaticUserFilter) to context logs
2019-07-13 14:37:27,678 INFO  http.HttpServer2 (HttpServer2.java:addFilter(958)) - Added filter static_user_filter (class=org.apache.hadoop.http.lib.StaticUserWebFilter$StaticUserFilter) to context static
2019-07-13 14:37:27,678 INFO  http.HttpServer2 (HttpServer2.java:bindListener(1191)) - Jetty bound to port 36472
2019-07-13 14:37:27,679 INFO  server.Server (Server.java:doStart(351)) - jetty-9.3.24.v20180605, build timestamp: 2018-06-05T17:11:56Z, git hash: 84205aa28f11a4f31f2a3b86d1bba2cc8ab69827
2019-07-13 14:37:27,680 INFO  handler.ContextHandler (ContextHandler.java:doStart(781)) - Started o.e.j.s.ServletContextHandler@3c995eae{/logs,file:///tmp/workdir/hadoop-ozone/integration-test/target/log,AVAILABLE}
2019-07-13 14:37:27,680 INFO  handler.ContextHandler (ContextHandler.java:doStart(781)) - Started o.e.j.s.ServletContextHandler@8941d98{/static,jar:file:/home/user/.m2/repository/org/apache/hadoop/hadoop-hdds-container-service/0.5.0-SNAPSHOT/hadoop-hdds-container-service-0.5.0-SNAPSHOT.jar!/webapps/static,AVAILABLE}
2019-07-13 14:37:27,706 INFO  handler.ContextHandler (ContextHandler.java:doStart(781)) - Started o.e.j.w.WebAppContext@24e5a4e0{/,file:///tmp/jetty-0.0.0.0-36472-hddsDatanode-_-any-8135772935320247128.dir/webapp/,AVAILABLE}{/hddsDatanode}
2019-07-13 14:37:27,706 INFO  server.AbstractConnector (AbstractConnector.java:doStart(278)) - Started ServerConnector@4e2bed0f{HTTP/1.1,[http/1.1]}{0.0.0.0:36472}
2019-07-13 14:37:27,706 INFO  server.Server (Server.java:doStart(419)) - Started @660559ms
2019-07-13 14:37:27,709 INFO  server.BaseHttpServer (BaseHttpServer.java:updateConnectorAddress(207)) - HTTP server of HDDSDATANODE is listening at http://0.0.0.0:36472
2019-07-13 14:37:27,803 INFO  ozone.HddsDatanodeService (HddsDatanodeService.java:startPlugins(396)) - Started plug-in org.apache.hadoop.ozone.web.OzoneHddsDatanodeService@e2bdc58
2019-07-13 14:37:27,804 INFO  impl.MetricsSystemImpl (MetricsSystemImpl.java:init(158)) - HddsDatanode metrics system started (again)
2019-07-13 14:37:27,804 INFO  ozone.HddsDatanodeService (HddsDatanodeService.java:start(185)) - HddsDatanodeService host:trunk-nightly-mhs6z-4061744966 ip:192.168.5.172
2019-07-13 14:37:27,805 INFO  util.JvmPauseMonitor (JvmPauseMonitor.java:run(188)) - Starting JVM pause monitor
2019-07-13 14:37:27,806 INFO  datanode.InitDatanodeState (InitDatanodeState.java:persistContainerDatanodeDetails(140)) - DatanodeDetails is persisted to /tmp/workdir/hadoop-ozone/integration-test/target/test-dir/MiniOzoneClusterImpl-c7b61d8d-b87d-4d70-bdb2-ac7817d2114b/datanode-4/meta/datanode.id
2019-07-13 14:37:27,817 INFO  volume.HddsVolume (HddsVolume.java:<init>(176)) - Creating Volume: /tmp/workdir/hadoop-ozone/integration-test/target/test-dir/MiniOzoneClusterImpl-c7b61d8d-b87d-4d70-bdb2-ac7817d2114b/datanode-5/data/containers/hdds of  storage type : DISK and capacity : 52710309888
2019-07-13 14:37:27,817 INFO  volume.VolumeSet (VolumeSet.java:initializeVolumeSet(170)) - Added Volume : /tmp/workdir/hadoop-ozone/integration-test/target/test-dir/MiniOzoneClusterImpl-c7b61d8d-b87d-4d70-bdb2-ac7817d2114b/datanode-5/data/containers/hdds to VolumeSet
2019-07-13 14:37:27,817 INFO  volume.ThrottledAsyncChecker (ThrottledAsyncChecker.java:schedule(140)) - Scheduling a check for org.apache.hadoop.ozone.container.common.volume.HddsVolume@48c63936
2019-07-13 14:37:27,818 INFO  volume.HddsVolumeChecker (HddsVolumeChecker.java:checkAllVolumes(203)) - Scheduled health check for volume org.apache.hadoop.ozone.container.common.volume.HddsVolume@48c63936
2019-07-13 14:37:27,833 INFO  impl.RaftServerProxy (ConfUtils.java:logGet(43)) - raft.rpc.type = GRPC (default)
2019-07-13 14:37:27,833 INFO  grpc.GrpcFactory (GrpcFactory.java:checkPooledByteBufAllocatorUseCacheForAllThreads(45)) - PERFORMANCE WARNING: useCacheForAllThreads is true that may cause Netty to create a lot garbage objects and, as a result, trigger GC.
	It is recommended to disable useCacheForAllThreads by setting -Dorg.apache.ratis.thirdparty.io.netty.allocator.useCacheForAllThreads=false in command line.
2019-07-13 14:37:27,833 INFO  grpc.GrpcConfigKeys$Server (ConfUtils.java:logGet(43)) - raft.grpc.server.port = 0 (default)
2019-07-13 14:37:27,833 INFO  server.GrpcService (ConfUtils.java:logGet(43)) - raft.grpc.message.size.max = 33570816 (custom)
2019-07-13 14:37:27,834 INFO  server.RaftServerConfigKeys (ConfUtils.java:logGet(43)) - raft.server.log.appender.buffer.byte-limit = 33554432 (custom)
2019-07-13 14:37:27,834 INFO  server.GrpcService (ConfUtils.java:logGet(43)) - raft.grpc.flow.control.window = 1MB (=1048576) (default)
2019-07-13 14:37:27,834 INFO  server.RaftServerConfigKeys (ConfUtils.java:logGet(43)) - raft.server.rpc.request.timeout = 3000ms (default)
2019-07-13 14:37:27,834 INFO  server.RaftServerConfigKeys (ConfUtils.java:logGet(43)) - raft.server.storage.dir = [/tmp/workdir/hadoop-ozone/integration-test/target/test-dir/MiniOzoneClusterImpl-c7b61d8d-b87d-4d70-bdb2-ac7817d2114b/datanode-5/data/ratis] (custom)
2019-07-13 14:37:27,835 INFO  replication.SimpleContainerDownloader (SimpleContainerDownloader.java:<init>(72)) - Starting container downloader service to copy containers to replicate.
2019-07-13 14:37:27,836 INFO  hdfs.DFSUtil (DFSUtil.java:httpServerTemplateForNNAndJN(1641)) - Starting Web-server for hddsDatanode at: http://0.0.0.0:0
2019-07-13 14:37:27,837 INFO  server.AuthenticationFilter (AuthenticationFilter.java:constructSecretProvider(240)) - Unable to initialize FileSignerSecretProvider, falling back to use random secrets.
2019-07-13 14:37:27,838 WARN  http.HttpRequestLog (HttpRequestLog.java:getRequestLog(97)) - Jetty request log can only be enabled using Log4j
2019-07-13 14:37:27,839 INFO  http.HttpServer2 (HttpServer2.java:addGlobalFilter(975)) - Added global filter 'safety' (class=org.apache.hadoop.http.HttpServer2$QuotingInputFilter)
2019-07-13 14:37:27,839 INFO  http.HttpServer2 (HttpServer2.java:addFilter(948)) - Added filter static_user_filter (class=org.apache.hadoop.http.lib.StaticUserWebFilter$StaticUserFilter) to context hddsDatanode
2019-07-13 14:37:27,839 INFO  http.HttpServer2 (HttpServer2.java:addFilter(958)) - Added filter static_user_filter (class=org.apache.hadoop.http.lib.StaticUserWebFilter$StaticUserFilter) to context logs
2019-07-13 14:37:27,839 INFO  http.HttpServer2 (HttpServer2.java:addFilter(958)) - Added filter static_user_filter (class=org.apache.hadoop.http.lib.StaticUserWebFilter$StaticUserFilter) to context static
2019-07-13 14:37:27,840 INFO  http.HttpServer2 (HttpServer2.java:bindListener(1191)) - Jetty bound to port 39839
2019-07-13 14:37:27,840 INFO  server.Server (Server.java:doStart(351)) - jetty-9.3.24.v20180605, build timestamp: 2018-06-05T17:11:56Z, git hash: 84205aa28f11a4f31f2a3b86d1bba2cc8ab69827
2019-07-13 14:37:27,842 INFO  handler.ContextHandler (ContextHandler.java:doStart(781)) - Started o.e.j.s.ServletContextHandler@191a3448{/logs,file:///tmp/workdir/hadoop-ozone/integration-test/target/log,AVAILABLE}
2019-07-13 14:37:27,842 INFO  handler.ContextHandler (ContextHandler.java:doStart(781)) - Started o.e.j.s.ServletContextHandler@26c09f3f{/static,jar:file:/home/user/.m2/repository/org/apache/hadoop/hadoop-hdds-container-service/0.5.0-SNAPSHOT/hadoop-hdds-container-service-0.5.0-SNAPSHOT.jar!/webapps/static,AVAILABLE}
2019-07-13 14:37:27,870 INFO  handler.ContextHandler (ContextHandler.java:doStart(781)) - Started o.e.j.w.WebAppContext@20bed60a{/,file:///tmp/jetty-0.0.0.0-39839-hddsDatanode-_-any-2838946695261054701.dir/webapp/,AVAILABLE}{/hddsDatanode}
2019-07-13 14:37:27,870 INFO  server.AbstractConnector (AbstractConnector.java:doStart(278)) - Started ServerConnector@507c795e{HTTP/1.1,[http/1.1]}{0.0.0.0:39839}
2019-07-13 14:37:27,870 INFO  server.Server (Server.java:doStart(419)) - Started @660722ms
2019-07-13 14:37:27,872 INFO  server.BaseHttpServer (BaseHttpServer.java:updateConnectorAddress(207)) - HTTP server of HDDSDATANODE is listening at http://0.0.0.0:39839
2019-07-13 14:37:27,966 INFO  ozone.HddsDatanodeService (HddsDatanodeService.java:startPlugins(396)) - Started plug-in org.apache.hadoop.ozone.web.OzoneHddsDatanodeService@104861ff
2019-07-13 14:37:27,967 INFO  impl.MetricsSystemImpl (MetricsSystemImpl.java:init(158)) - HddsDatanode metrics system started (again)
2019-07-13 14:37:27,967 INFO  ozone.HddsDatanodeService (HddsDatanodeService.java:start(185)) - HddsDatanodeService host:trunk-nightly-mhs6z-4061744966 ip:192.168.5.172
2019-07-13 14:37:27,968 INFO  util.JvmPauseMonitor (JvmPauseMonitor.java:run(188)) - Starting JVM pause monitor
2019-07-13 14:37:27,969 INFO  datanode.InitDatanodeState (InitDatanodeState.java:persistContainerDatanodeDetails(140)) - DatanodeDetails is persisted to /tmp/workdir/hadoop-ozone/integration-test/target/test-dir/MiniOzoneClusterImpl-c7b61d8d-b87d-4d70-bdb2-ac7817d2114b/datanode-5/meta/datanode.id
2019-07-13 14:37:27,980 INFO  volume.HddsVolume (HddsVolume.java:<init>(176)) - Creating Volume: /tmp/workdir/hadoop-ozone/integration-test/target/test-dir/MiniOzoneClusterImpl-c7b61d8d-b87d-4d70-bdb2-ac7817d2114b/datanode-6/data/containers/hdds of  storage type : DISK and capacity : 52710309888
2019-07-13 14:37:27,980 INFO  volume.VolumeSet (VolumeSet.java:initializeVolumeSet(170)) - Added Volume : /tmp/workdir/hadoop-ozone/integration-test/target/test-dir/MiniOzoneClusterImpl-c7b61d8d-b87d-4d70-bdb2-ac7817d2114b/datanode-6/data/containers/hdds to VolumeSet
2019-07-13 14:37:27,980 INFO  volume.ThrottledAsyncChecker (ThrottledAsyncChecker.java:schedule(140)) - Scheduling a check for org.apache.hadoop.ozone.container.common.volume.HddsVolume@d0c35a8
2019-07-13 14:37:27,981 INFO  volume.HddsVolumeChecker (HddsVolumeChecker.java:checkAllVolumes(203)) - Scheduled health check for volume org.apache.hadoop.ozone.container.common.volume.HddsVolume@d0c35a8
2019-07-13 14:37:27,993 INFO  impl.RaftServerProxy (ConfUtils.java:logGet(43)) - raft.rpc.type = GRPC (default)
2019-07-13 14:37:27,993 INFO  grpc.GrpcFactory (GrpcFactory.java:checkPooledByteBufAllocatorUseCacheForAllThreads(45)) - PERFORMANCE WARNING: useCacheForAllThreads is true that may cause Netty to create a lot garbage objects and, as a result, trigger GC.
	It is recommended to disable useCacheForAllThreads by setting -Dorg.apache.ratis.thirdparty.io.netty.allocator.useCacheForAllThreads=false in command line.
2019-07-13 14:37:27,993 INFO  grpc.GrpcConfigKeys$Server (ConfUtils.java:logGet(43)) - raft.grpc.server.port = 0 (default)
2019-07-13 14:37:27,994 INFO  server.GrpcService (ConfUtils.java:logGet(43)) - raft.grpc.message.size.max = 33570816 (custom)
2019-07-13 14:37:27,994 INFO  server.RaftServerConfigKeys (ConfUtils.java:logGet(43)) - raft.server.log.appender.buffer.byte-limit = 33554432 (custom)
2019-07-13 14:37:27,994 INFO  server.GrpcService (ConfUtils.java:logGet(43)) - raft.grpc.flow.control.window = 1MB (=1048576) (default)
2019-07-13 14:37:27,994 INFO  server.RaftServerConfigKeys (ConfUtils.java:logGet(43)) - raft.server.rpc.request.timeout = 3000ms (default)
2019-07-13 14:37:27,994 INFO  server.RaftServerConfigKeys (ConfUtils.java:logGet(43)) - raft.server.storage.dir = [/tmp/workdir/hadoop-ozone/integration-test/target/test-dir/MiniOzoneClusterImpl-c7b61d8d-b87d-4d70-bdb2-ac7817d2114b/datanode-6/data/ratis] (custom)
2019-07-13 14:37:27,995 INFO  replication.SimpleContainerDownloader (SimpleContainerDownloader.java:<init>(72)) - Starting container downloader service to copy containers to replicate.
2019-07-13 14:37:27,996 INFO  hdfs.DFSUtil (DFSUtil.java:httpServerTemplateForNNAndJN(1641)) - Starting Web-server for hddsDatanode at: http://0.0.0.0:0
2019-07-13 14:37:27,997 INFO  server.AuthenticationFilter (AuthenticationFilter.java:constructSecretProvider(240)) - Unable to initialize FileSignerSecretProvider, falling back to use random secrets.
2019-07-13 14:37:27,997 WARN  http.HttpRequestLog (HttpRequestLog.java:getRequestLog(97)) - Jetty request log can only be enabled using Log4j
2019-07-13 14:37:27,998 INFO  http.HttpServer2 (HttpServer2.java:addGlobalFilter(975)) - Added global filter 'safety' (class=org.apache.hadoop.http.HttpServer2$QuotingInputFilter)
2019-07-13 14:37:27,999 INFO  http.HttpServer2 (HttpServer2.java:addFilter(948)) - Added filter static_user_filter (class=org.apache.hadoop.http.lib.StaticUserWebFilter$StaticUserFilter) to context hddsDatanode
2019-07-13 14:37:27,999 INFO  http.HttpServer2 (HttpServer2.java:addFilter(958)) - Added filter static_user_filter (class=org.apache.hadoop.http.lib.StaticUserWebFilter$StaticUserFilter) to context logs
2019-07-13 14:37:27,999 INFO  http.HttpServer2 (HttpServer2.java:addFilter(958)) - Added filter static_user_filter (class=org.apache.hadoop.http.lib.StaticUserWebFilter$StaticUserFilter) to context static
2019-07-13 14:37:27,999 INFO  http.HttpServer2 (HttpServer2.java:bindListener(1191)) - Jetty bound to port 34639
2019-07-13 14:37:28,000 INFO  server.Server (Server.java:doStart(351)) - jetty-9.3.24.v20180605, build timestamp: 2018-06-05T17:11:56Z, git hash: 84205aa28f11a4f31f2a3b86d1bba2cc8ab69827
2019-07-13 14:37:28,001 INFO  handler.ContextHandler (ContextHandler.java:doStart(781)) - Started o.e.j.s.ServletContextHandler@46030cfd{/logs,file:///tmp/workdir/hadoop-ozone/integration-test/target/log,AVAILABLE}
2019-07-13 14:37:28,001 INFO  handler.ContextHandler (ContextHandler.java:doStart(781)) - Started o.e.j.s.ServletContextHandler@83ec0b0{/static,jar:file:/home/user/.m2/repository/org/apache/hadoop/hadoop-hdds-container-service/0.5.0-SNAPSHOT/hadoop-hdds-container-service-0.5.0-SNAPSHOT.jar!/webapps/static,AVAILABLE}
2019-07-13 14:37:28,028 INFO  handler.ContextHandler (ContextHandler.java:doStart(781)) - Started o.e.j.w.WebAppContext@67387eba{/,file:///tmp/jetty-0.0.0.0-34639-hddsDatanode-_-any-7256003614430022921.dir/webapp/,AVAILABLE}{/hddsDatanode}
2019-07-13 14:37:28,028 INFO  server.AbstractConnector (AbstractConnector.java:doStart(278)) - Started ServerConnector@20b1f874{HTTP/1.1,[http/1.1]}{0.0.0.0:34639}
2019-07-13 14:37:28,028 INFO  server.Server (Server.java:doStart(419)) - Started @660880ms
2019-07-13 14:37:28,030 INFO  server.BaseHttpServer (BaseHttpServer.java:updateConnectorAddress(207)) - HTTP server of HDDSDATANODE is listening at http://0.0.0.0:34639
2019-07-13 14:37:28,124 INFO  ozone.HddsDatanodeService (HddsDatanodeService.java:startPlugins(396)) - Started plug-in org.apache.hadoop.ozone.web.OzoneHddsDatanodeService@6ca257de
2019-07-13 14:37:28,124 INFO  ozone.MiniOzoneClusterImpl (MiniOzoneClusterImpl.java:lambda$waitForClusterToBeReady$0(142)) - Waiting for cluster to be ready. Got 0 of 7 DN Heartbeats.
2019-07-13 14:37:28,126 INFO  util.JvmPauseMonitor (JvmPauseMonitor.java:run(188)) - Starting JVM pause monitor
2019-07-13 14:37:28,127 INFO  datanode.InitDatanodeState (InitDatanodeState.java:persistContainerDatanodeDetails(140)) - DatanodeDetails is persisted to /tmp/workdir/hadoop-ozone/integration-test/target/test-dir/MiniOzoneClusterImpl-c7b61d8d-b87d-4d70-bdb2-ac7817d2114b/datanode-6/meta/datanode.id
2019-07-13 14:37:29,124 INFO  ozone.MiniOzoneClusterImpl (MiniOzoneClusterImpl.java:lambda$waitForClusterToBeReady$0(142)) - Waiting for cluster to be ready. Got 0 of 7 DN Heartbeats.
2019-07-13 14:37:29,192 INFO  ozoneimpl.OzoneContainer (OzoneContainer.java:start(186)) - Attempting to start container services.
2019-07-13 14:37:29,192 INFO  ozoneimpl.OzoneContainer (OzoneContainer.java:startContainerScrub(160)) - Background container scrubber has been disabled by hdds.containerscrub.enabled
2019-07-13 14:37:29,192 INFO  ratis.XceiverServerRatis (XceiverServerRatis.java:start(418)) - Starting XceiverServerRatis f745a32b-a504-4385-a922-518c68893d66 at port 0
2019-07-13 14:37:29,199 INFO  impl.RaftServerProxy (RaftServerProxy.java:lambda$start$3(299)) - f745a32b-a504-4385-a922-518c68893d66: start RPC server
2019-07-13 14:37:29,207 INFO  server.GrpcService (GrpcService.java:startImpl(149)) - f745a32b-a504-4385-a922-518c68893d66: GrpcService started, listening on 0.0.0.0/0.0.0.0:34659
2019-07-13 14:37:29,207 INFO  ratis.XceiverServerRatis (XceiverServerRatis.java:start(428)) - XceiverServerRatis f745a32b-a504-4385-a922-518c68893d66 is started using port 34659
2019-07-13 14:37:29,209 INFO  server.XceiverServerGrpc (XceiverServerGrpc.java:start(161)) - XceiverServerGrpc f745a32b-a504-4385-a922-518c68893d66 is started using port 38725
2019-07-13 14:37:29,352 INFO  ozoneimpl.OzoneContainer (OzoneContainer.java:start(186)) - Attempting to start container services.
2019-07-13 14:37:29,352 INFO  ozoneimpl.OzoneContainer (OzoneContainer.java:startContainerScrub(160)) - Background container scrubber has been disabled by hdds.containerscrub.enabled
2019-07-13 14:37:29,353 INFO  ratis.XceiverServerRatis (XceiverServerRatis.java:start(418)) - Starting XceiverServerRatis 5adaed7b-640b-4a97-b7f6-bf7724a20468 at port 0
2019-07-13 14:37:29,514 INFO  ozoneimpl.OzoneContainer (OzoneContainer.java:start(186)) - Attempting to start container services.
2019-07-13 14:37:29,521 INFO  ozoneimpl.OzoneContainer (OzoneContainer.java:startContainerScrub(160)) - Background container scrubber has been disabled by hdds.containerscrub.enabled
2019-07-13 14:37:29,521 INFO  ratis.XceiverServerRatis (XceiverServerRatis.java:start(418)) - Starting XceiverServerRatis 7ad932f2-f226-4ea3-b11e-48ddd64217a8 at port 0
2019-07-13 14:37:29,526 INFO  impl.RaftServerProxy (RaftServerProxy.java:lambda$start$3(299)) - 5adaed7b-640b-4a97-b7f6-bf7724a20468: start RPC server
2019-07-13 14:37:29,528 INFO  server.GrpcService (GrpcService.java:startImpl(149)) - 5adaed7b-640b-4a97-b7f6-bf7724a20468: GrpcService started, listening on 0.0.0.0/0.0.0.0:44893
2019-07-13 14:37:29,528 INFO  ratis.XceiverServerRatis (XceiverServerRatis.java:start(428)) - XceiverServerRatis 5adaed7b-640b-4a97-b7f6-bf7724a20468 is started using port 44893
2019-07-13 14:37:29,529 INFO  server.XceiverServerGrpc (XceiverServerGrpc.java:start(161)) - XceiverServerGrpc 5adaed7b-640b-4a97-b7f6-bf7724a20468 is started using port 44471
2019-07-13 14:37:29,533 INFO  impl.RaftServerProxy (RaftServerProxy.java:lambda$start$3(299)) - 7ad932f2-f226-4ea3-b11e-48ddd64217a8: start RPC server
2019-07-13 14:37:29,535 INFO  server.GrpcService (GrpcService.java:startImpl(149)) - 7ad932f2-f226-4ea3-b11e-48ddd64217a8: GrpcService started, listening on 0.0.0.0/0.0.0.0:43417
2019-07-13 14:37:29,535 INFO  ratis.XceiverServerRatis (XceiverServerRatis.java:start(428)) - XceiverServerRatis 7ad932f2-f226-4ea3-b11e-48ddd64217a8 is started using port 43417
2019-07-13 14:37:29,536 INFO  server.XceiverServerGrpc (XceiverServerGrpc.java:start(161)) - XceiverServerGrpc 7ad932f2-f226-4ea3-b11e-48ddd64217a8 is started using port 46293
2019-07-13 14:37:29,661 INFO  ozoneimpl.OzoneContainer (OzoneContainer.java:start(186)) - Attempting to start container services.
2019-07-13 14:37:29,661 INFO  ozoneimpl.OzoneContainer (OzoneContainer.java:startContainerScrub(160)) - Background container scrubber has been disabled by hdds.containerscrub.enabled
2019-07-13 14:37:29,661 INFO  ratis.XceiverServerRatis (XceiverServerRatis.java:start(418)) - Starting XceiverServerRatis 3d04393c-0560-4db1-9693-26be94a4e688 at port 0
2019-07-13 14:37:29,669 INFO  impl.RaftServerProxy (RaftServerProxy.java:lambda$start$3(299)) - 3d04393c-0560-4db1-9693-26be94a4e688: start RPC server
2019-07-13 14:37:29,670 INFO  server.GrpcService (GrpcService.java:startImpl(149)) - 3d04393c-0560-4db1-9693-26be94a4e688: GrpcService started, listening on 0.0.0.0/0.0.0.0:44833
2019-07-13 14:37:29,670 INFO  ratis.XceiverServerRatis (XceiverServerRatis.java:start(428)) - XceiverServerRatis 3d04393c-0560-4db1-9693-26be94a4e688 is started using port 44833
2019-07-13 14:37:29,672 INFO  server.XceiverServerGrpc (XceiverServerGrpc.java:start(161)) - XceiverServerGrpc 3d04393c-0560-4db1-9693-26be94a4e688 is started using port 44367
2019-07-13 14:37:29,813 INFO  ozoneimpl.OzoneContainer (OzoneContainer.java:start(186)) - Attempting to start container services.
2019-07-13 14:37:29,813 INFO  ozoneimpl.OzoneContainer (OzoneContainer.java:startContainerScrub(160)) - Background container scrubber has been disabled by hdds.containerscrub.enabled
2019-07-13 14:37:29,813 INFO  ratis.XceiverServerRatis (XceiverServerRatis.java:start(418)) - Starting XceiverServerRatis e76efa9c-e9b5-4a08-a78e-8ad3ee00eb33 at port 0
2019-07-13 14:37:29,821 INFO  impl.RaftServerProxy (RaftServerProxy.java:lambda$start$3(299)) - e76efa9c-e9b5-4a08-a78e-8ad3ee00eb33: start RPC server
2019-07-13 14:37:29,822 INFO  server.GrpcService (GrpcService.java:startImpl(149)) - e76efa9c-e9b5-4a08-a78e-8ad3ee00eb33: GrpcService started, listening on 0.0.0.0/0.0.0.0:34487
2019-07-13 14:37:29,822 INFO  ratis.XceiverServerRatis (XceiverServerRatis.java:start(428)) - XceiverServerRatis e76efa9c-e9b5-4a08-a78e-8ad3ee00eb33 is started using port 34487
2019-07-13 14:37:29,822 INFO  server.XceiverServerGrpc (XceiverServerGrpc.java:start(161)) - XceiverServerGrpc e76efa9c-e9b5-4a08-a78e-8ad3ee00eb33 is started using port 32923
2019-07-13 14:37:29,983 INFO  ozoneimpl.OzoneContainer (OzoneContainer.java:start(186)) - Attempting to start container services.
2019-07-13 14:37:29,983 INFO  ozoneimpl.OzoneContainer (OzoneContainer.java:startContainerScrub(160)) - Background container scrubber has been disabled by hdds.containerscrub.enabled
2019-07-13 14:37:29,983 INFO  ratis.XceiverServerRatis (XceiverServerRatis.java:start(418)) - Starting XceiverServerRatis aff28d89-2654-4cdc-b85d-484cab16ff25 at port 0
2019-07-13 14:37:29,990 INFO  impl.RaftServerProxy (RaftServerProxy.java:lambda$start$3(299)) - aff28d89-2654-4cdc-b85d-484cab16ff25: start RPC server
2019-07-13 14:37:29,991 INFO  server.GrpcService (GrpcService.java:startImpl(149)) - aff28d89-2654-4cdc-b85d-484cab16ff25: GrpcService started, listening on 0.0.0.0/0.0.0.0:33570
2019-07-13 14:37:29,991 INFO  ratis.XceiverServerRatis (XceiverServerRatis.java:start(428)) - XceiverServerRatis aff28d89-2654-4cdc-b85d-484cab16ff25 is started using port 33570
2019-07-13 14:37:29,992 INFO  server.XceiverServerGrpc (XceiverServerGrpc.java:start(161)) - XceiverServerGrpc aff28d89-2654-4cdc-b85d-484cab16ff25 is started using port 45706
2019-07-13 14:37:30,125 INFO  ozone.MiniOzoneClusterImpl (MiniOzoneClusterImpl.java:lambda$waitForClusterToBeReady$0(142)) - Waiting for cluster to be ready. Got 0 of 7 DN Heartbeats.
2019-07-13 14:37:30,131 INFO  ozoneimpl.OzoneContainer (OzoneContainer.java:start(186)) - Attempting to start container services.
2019-07-13 14:37:30,132 INFO  ozoneimpl.OzoneContainer (OzoneContainer.java:startContainerScrub(160)) - Background container scrubber has been disabled by hdds.containerscrub.enabled
2019-07-13 14:37:30,132 INFO  ratis.XceiverServerRatis (XceiverServerRatis.java:start(418)) - Starting XceiverServerRatis 831c982a-f122-4a57-892f-80d750b79246 at port 0
2019-07-13 14:37:30,139 INFO  impl.RaftServerProxy (RaftServerProxy.java:lambda$start$3(299)) - 831c982a-f122-4a57-892f-80d750b79246: start RPC server
2019-07-13 14:37:30,143 INFO  server.GrpcService (GrpcService.java:startImpl(149)) - 831c982a-f122-4a57-892f-80d750b79246: GrpcService started, listening on 0.0.0.0/0.0.0.0:37420
2019-07-13 14:37:30,144 INFO  ratis.XceiverServerRatis (XceiverServerRatis.java:start(428)) - XceiverServerRatis 831c982a-f122-4a57-892f-80d750b79246 is started using port 37420
2019-07-13 14:37:30,146 INFO  server.XceiverServerGrpc (XceiverServerGrpc.java:start(161)) - XceiverServerGrpc 831c982a-f122-4a57-892f-80d750b79246 is started using port 36161
2019-07-13 14:37:31,126 INFO  ozone.MiniOzoneClusterImpl (MiniOzoneClusterImpl.java:lambda$waitForClusterToBeReady$0(142)) - Waiting for cluster to be ready. Got 0 of 7 DN Heartbeats.
2019-07-13 14:37:31,174 INFO  net.NetworkTopology (NetworkTopologyImpl.java:add(110)) - Added a new node: /default-rack/192.168.5.172
2019-07-13 14:37:31,176 INFO  node.SCMNodeManager (SCMNodeManager.java:register(269)) - Registered Data node : f745a32b-a504-4385-a922-518c68893d66{ip: 192.168.5.172, host: trunk-nightly-mhs6z-4061744966, networkLocation: /default-rack, certSerialId: null}
2019-07-13 14:37:31,177 INFO  safemode.SCMSafeModeManager (DataNodeSafeModeRule.java:process(71)) - SCM in safe mode. 1 DataNodes registered, 1 required.
2019-07-13 14:37:31,180 INFO  safemode.SCMSafeModeManager (SCMSafeModeManager.java:validateSafeModeExitRules(177)) - ScmSafeModeManager, all rules are successfully validated
2019-07-13 14:37:31,180 INFO  safemode.SCMSafeModeManager (SCMSafeModeManager.java:exitSafeMode(193)) - SCM exiting safe mode.
2019-07-13 14:37:31,190 INFO  impl.RaftServerProxy (RaftServerProxy.java:addNew(89)) - f745a32b-a504-4385-a922-518c68893d66: addNew group-566F675EAFBA:[f745a32b-a504-4385-a922-518c68893d66:192.168.5.172:34659] returns group-566F675EAFBA:java.util.concurrent.CompletableFuture@eeb07ca[Not completed]
2019-07-13 14:37:31,191 INFO  impl.RaftServerImpl (RaftServerImpl.java:<init>(93)) - f745a32b-a504-4385-a922-518c68893d66: new RaftServerImpl for group-566F675EAFBA:[f745a32b-a504-4385-a922-518c68893d66:192.168.5.172:34659] with ContainerStateMachine:uninitialized
2019-07-13 14:37:31,191 INFO  server.RaftServerConfigKeys (ConfUtils.java:logGet(43)) - raft.server.rpc.timeout.min = 5s (custom)
2019-07-13 14:37:31,191 INFO  server.RaftServerConfigKeys (ConfUtils.java:logGet(43)) - raft.server.rpc.timeout.max = 5200ms (custom)
2019-07-13 14:37:31,192 INFO  server.RaftServerConfigKeys (ConfUtils.java:logGet(43)) - raft.server.rpcslowness.timeout = 120s (custom)
2019-07-13 14:37:31,192 INFO  server.RaftServerConfigKeys (ConfUtils.java:logGet(43)) - raft.server.sleep.deviation.threshold = 300 (default)
2019-07-13 14:37:31,192 INFO  server.RaftServerConfigKeys (ConfUtils.java:logGet(43)) - raft.server.log.appender.install.snapshot.enabled = false (custom)
2019-07-13 14:37:31,192 INFO  impl.RaftServerImpl (ServerState.java:<init>(105)) - f745a32b-a504-4385-a922-518c68893d66:group-566F675EAFBA ConfigurationManager, init=-1: [f745a32b-a504-4385-a922-518c68893d66:192.168.5.172:34659], old=null, confs=<EMPTY_MAP>
2019-07-13 14:37:31,192 INFO  server.RaftServerConfigKeys (ConfUtils.java:logGet(43)) - raft.server.storage.dir = [/tmp/workdir/hadoop-ozone/integration-test/target/test-dir/MiniOzoneClusterImpl-c7b61d8d-b87d-4d70-bdb2-ac7817d2114b/datanode-0/data/ratis] (custom)
2019-07-13 14:37:31,193 INFO  storage.RaftStorageDirectory (RaftStorageDirectory.java:analyzeStorage(246)) - The storage directory /tmp/workdir/hadoop-ozone/integration-test/target/test-dir/MiniOzoneClusterImpl-c7b61d8d-b87d-4d70-bdb2-ac7817d2114b/datanode-0/data/ratis/3e5919ff-bdeb-4732-9cb7-566f675eafba does not exist. Creating ...
2019-07-13 14:37:31,214 INFO  storage.RaftStorageDirectory (RaftStorageDirectory.java:tryLock(328)) - Lock on /tmp/workdir/hadoop-ozone/integration-test/target/test-dir/MiniOzoneClusterImpl-c7b61d8d-b87d-4d70-bdb2-ac7817d2114b/datanode-0/data/ratis/3e5919ff-bdeb-4732-9cb7-566f675eafba/in_use.lock acquired by nodename 31544@trunk-nightly-mhs6z-4061744966
2019-07-13 14:37:31,218 INFO  storage.RaftStorage (RaftStorage.java:format(72)) - Storage directory /tmp/workdir/hadoop-ozone/integration-test/target/test-dir/MiniOzoneClusterImpl-c7b61d8d-b87d-4d70-bdb2-ac7817d2114b/datanode-0/data/ratis/3e5919ff-bdeb-4732-9cb7-566f675eafba has been successfully formatted.
2019-07-13 14:37:31,219 INFO  ratis.ContainerStateMachine (ContainerStateMachine.java:loadSnapshot(200)) - The snapshot info is null.Setting the last applied index to:(t:0, i:~)
2019-07-13 14:37:31,219 INFO  server.RaftServerConfigKeys (ConfUtils.java:logGet(43)) - raft.server.leader.election.timeout = 120s (custom)
2019-07-13 14:37:31,219 INFO  server.RaftServerConfigKeys (ConfUtils.java:logGet(43)) - raft.server.log.use.memory = false (default)
2019-07-13 14:37:31,219 INFO  server.RaftServerConfigKeys (ConfUtils.java:logGet(43)) - raft.server.log.purge.gap = 1000000000 (custom)
2019-07-13 14:37:31,219 INFO  server.RaftServerConfigKeys (ConfUtils.java:logGet(43)) - raft.server.log.appender.buffer.byte-limit = 33554432 (custom)
2019-07-13 14:37:31,220 INFO  server.RaftServerConfigKeys (ConfUtils.java:logGet(43)) - raft.server.log.segment.size.max = 1048576 (custom)
2019-07-13 14:37:31,220 INFO  server.RaftServerConfigKeys (ConfUtils.java:logGet(43)) - raft.server.log.segment.cache.num.max = 2 (custom)
2019-07-13 14:37:31,220 INFO  segmented.SegmentedRaftLogWorker (SegmentedRaftLogWorker.java:<init>(172)) - new f745a32b-a504-4385-a922-518c68893d66-SegmentedRaftLogWorker:Storage Directory /tmp/workdir/hadoop-ozone/integration-test/target/test-dir/MiniOzoneClusterImpl-c7b61d8d-b87d-4d70-bdb2-ac7817d2114b/datanode-0/data/ratis/3e5919ff-bdeb-4732-9cb7-566f675eafba for RaftStorage:Storage Directory /tmp/workdir/hadoop-ozone/integration-test/target/test-dir/MiniOzoneClusterImpl-c7b61d8d-b87d-4d70-bdb2-ac7817d2114b/datanode-0/data/ratis/3e5919ff-bdeb-4732-9cb7-566f675eafba
2019-07-13 14:37:31,220 INFO  server.RaftServerConfigKeys (ConfUtils.java:logGet(43)) - raft.server.log.queue.byte-limit = 2147483647 (custom)
2019-07-13 14:37:31,220 INFO  server.RaftServerConfigKeys (ConfUtils.java:logGet(43)) - raft.server.log.queue.element-limit = 1024 (custom)
2019-07-13 14:37:31,221 INFO  server.RaftServerConfigKeys (ConfUtils.java:logGet(43)) - raft.server.log.segment.size.max = 1048576 (custom)
2019-07-13 14:37:31,221 INFO  server.RaftServerConfigKeys (ConfUtils.java:logGet(43)) - raft.server.log.preallocated.size = 16384 (custom)
2019-07-13 14:37:31,221 INFO  server.RaftServerConfigKeys (ConfUtils.java:logGet(43)) - raft.server.log.write.buffer.size = 33554432 (custom)
2019-07-13 14:37:31,221 INFO  server.RaftServerConfigKeys (ConfUtils.java:logGet(43)) - raft.server.log.force.sync.num = 128 (default)
2019-07-13 14:37:31,221 INFO  server.RaftServerConfigKeys (ConfUtils.java:logGet(43)) - raft.server.log.statemachine.data.sync = true (default)
2019-07-13 14:37:31,221 INFO  server.RaftServerConfigKeys (ConfUtils.java:logGet(43)) - raft.server.log.statemachine.data.sync.timeout = 10s (default)
2019-07-13 14:37:31,222 INFO  server.RaftServerConfigKeys (ConfUtils.java:logGet(43)) - raft.server.log.statemachine.data.sync.timeout.retry = -1 (default)
2019-07-13 14:37:31,222 INFO  server.RaftServerConfigKeys (ConfUtils.java:logGet(43)) - raft.server.log.statemachine.data.caching.enabled = true (custom)
2019-07-13 14:37:31,222 INFO  segmented.SegmentedRaftLogWorker (SegmentedRaftLogWorker.java:lambda$new$0(132)) - f745a32b-a504-4385-a922-518c68893d66-SegmentedRaftLogWorker:Storage Directory /tmp/workdir/hadoop-ozone/integration-test/target/test-dir/MiniOzoneClusterImpl-c7b61d8d-b87d-4d70-bdb2-ac7817d2114b/datanode-0/data/ratis/3e5919ff-bdeb-4732-9cb7-566f675eafba: flushIndex: setUnconditionally 0 -> -1
2019-07-13 14:37:31,223 INFO  server.RaftServerConfigKeys (ConfUtils.java:logGet(43)) - raft.server.snapshot.auto.trigger.enabled = true (custom)
2019-07-13 14:37:31,223 INFO  server.RaftServerConfigKeys (ConfUtils.java:logGet(43)) - raft.server.snapshot.auto.trigger.threshold = 10000 (custom)
2019-07-13 14:37:31,223 INFO  server.RaftServerConfigKeys (ConfUtils.java:logGet(43)) - raft.server.retrycache.expirytime = 600000ms (custom)
2019-07-13 14:37:31,223 INFO  impl.RaftServerImpl (RaftServerImpl.java:start(180)) - f745a32b-a504-4385-a922-518c68893d66: start group-566F675EAFBA
2019-07-13 14:37:31,223 INFO  impl.RaftServerImpl (RaftServerImpl.java:setRole(171)) - f745a32b-a504-4385-a922-518c68893d66:group-566F675EAFBA changes role from null to FOLLOWER at term 0 for startAsFollower
2019-07-13 14:37:31,223 INFO  impl.RoleInfo (RoleInfo.java:updateAndGet(143)) - f745a32b-a504-4385-a922-518c68893d66: start FollowerState
2019-07-13 14:37:31,224 INFO  util.JmxRegister (JmxRegister.java:tryRegister(44)) - Successfully registered JMX Bean with object name Ratis:service=RaftServer,group=group-566F675EAFBA,id=f745a32b-a504-4385-a922-518c68893d66
2019-07-13 14:37:31,227 INFO  pipeline.PipelineStateManager (PipelineStateManager.java:addPipeline(56)) - Created pipeline Pipeline[ Id: 3e5919ff-bdeb-4732-9cb7-566f675eafba, Nodes: f745a32b-a504-4385-a922-518c68893d66{ip: 192.168.5.172, host: trunk-nightly-mhs6z-4061744966, networkLocation: /default-rack, certSerialId: null}, Type:RATIS, Factor:ONE, State:OPEN]
2019-07-13 14:37:31,339 INFO  node.SCMNodeManager (SCMNodeManager.java:register(269)) - Registered Data node : 5adaed7b-640b-4a97-b7f6-bf7724a20468{ip: 192.168.5.172, host: trunk-nightly-mhs6z-4061744966, networkLocation: /default-rack, certSerialId: null}
2019-07-13 14:37:31,360 INFO  impl.RaftServerProxy (RaftServerProxy.java:addNew(89)) - 5adaed7b-640b-4a97-b7f6-bf7724a20468: addNew group-86B21FE63D29:[5adaed7b-640b-4a97-b7f6-bf7724a20468:192.168.5.172:44893] returns group-86B21FE63D29:java.util.concurrent.CompletableFuture@33450196[Not completed]
2019-07-13 14:37:31,361 INFO  impl.RaftServerImpl (RaftServerImpl.java:<init>(93)) - 5adaed7b-640b-4a97-b7f6-bf7724a20468: new RaftServerImpl for group-86B21FE63D29:[5adaed7b-640b-4a97-b7f6-bf7724a20468:192.168.5.172:44893] with ContainerStateMachine:uninitialized
2019-07-13 14:37:31,362 INFO  server.RaftServerConfigKeys (ConfUtils.java:logGet(43)) - raft.server.rpc.timeout.min = 5s (custom)
2019-07-13 14:37:31,362 INFO  server.RaftServerConfigKeys (ConfUtils.java:logGet(43)) - raft.server.rpc.timeout.max = 5200ms (custom)
2019-07-13 14:37:31,362 INFO  server.RaftServerConfigKeys (ConfUtils.java:logGet(43)) - raft.server.rpcslowness.timeout = 120s (custom)
2019-07-13 14:37:31,362 INFO  server.RaftServerConfigKeys (ConfUtils.java:logGet(43)) - raft.server.sleep.deviation.threshold = 300 (default)
2019-07-13 14:37:31,362 INFO  server.RaftServerConfigKeys (ConfUtils.java:logGet(43)) - raft.server.log.appender.install.snapshot.enabled = false (custom)
2019-07-13 14:37:31,362 INFO  impl.RaftServerImpl (ServerState.java:<init>(105)) - 5adaed7b-640b-4a97-b7f6-bf7724a20468:group-86B21FE63D29 ConfigurationManager, init=-1: [5adaed7b-640b-4a97-b7f6-bf7724a20468:192.168.5.172:44893], old=null, confs=<EMPTY_MAP>
2019-07-13 14:37:31,363 INFO  server.RaftServerConfigKeys (ConfUtils.java:logGet(43)) - raft.server.storage.dir = [/tmp/workdir/hadoop-ozone/integration-test/target/test-dir/MiniOzoneClusterImpl-c7b61d8d-b87d-4d70-bdb2-ac7817d2114b/datanode-1/data/ratis] (custom)
2019-07-13 14:37:31,363 INFO  storage.RaftStorageDirectory (RaftStorageDirectory.java:analyzeStorage(246)) - The storage directory /tmp/workdir/hadoop-ozone/integration-test/target/test-dir/MiniOzoneClusterImpl-c7b61d8d-b87d-4d70-bdb2-ac7817d2114b/datanode-1/data/ratis/0ed303f6-16bf-48af-8f79-86b21fe63d29 does not exist. Creating ...
2019-07-13 14:37:31,368 INFO  storage.RaftStorageDirectory (RaftStorageDirectory.java:tryLock(328)) - Lock on /tmp/workdir/hadoop-ozone/integration-test/target/test-dir/MiniOzoneClusterImpl-c7b61d8d-b87d-4d70-bdb2-ac7817d2114b/datanode-1/data/ratis/0ed303f6-16bf-48af-8f79-86b21fe63d29/in_use.lock acquired by nodename 31544@trunk-nightly-mhs6z-4061744966
2019-07-13 14:37:31,372 INFO  storage.RaftStorage (RaftStorage.java:format(72)) - Storage directory /tmp/workdir/hadoop-ozone/integration-test/target/test-dir/MiniOzoneClusterImpl-c7b61d8d-b87d-4d70-bdb2-ac7817d2114b/datanode-1/data/ratis/0ed303f6-16bf-48af-8f79-86b21fe63d29 has been successfully formatted.
2019-07-13 14:37:31,372 INFO  ratis.ContainerStateMachine (ContainerStateMachine.java:loadSnapshot(200)) - The snapshot info is null.Setting the last applied index to:(t:0, i:~)
2019-07-13 14:37:31,372 INFO  server.RaftServerConfigKeys (ConfUtils.java:logGet(43)) - raft.server.leader.election.timeout = 120s (custom)
2019-07-13 14:37:31,372 INFO  server.RaftServerConfigKeys (ConfUtils.java:logGet(43)) - raft.server.log.use.memory = false (default)
2019-07-13 14:37:31,372 INFO  server.RaftServerConfigKeys (ConfUtils.java:logGet(43)) - raft.server.log.purge.gap = 1000000000 (custom)
2019-07-13 14:37:31,373 INFO  server.RaftServerConfigKeys (ConfUtils.java:logGet(43)) - raft.server.log.appender.buffer.byte-limit = 33554432 (custom)
2019-07-13 14:37:31,373 INFO  server.RaftServerConfigKeys (ConfUtils.java:logGet(43)) - raft.server.log.segment.size.max = 1048576 (custom)
2019-07-13 14:37:31,373 INFO  server.RaftServerConfigKeys (ConfUtils.java:logGet(43)) - raft.server.log.segment.cache.num.max = 2 (custom)
2019-07-13 14:37:31,373 INFO  segmented.SegmentedRaftLogWorker (SegmentedRaftLogWorker.java:<init>(172)) - new 5adaed7b-640b-4a97-b7f6-bf7724a20468-SegmentedRaftLogWorker:Storage Directory /tmp/workdir/hadoop-ozone/integration-test/target/test-dir/MiniOzoneClusterImpl-c7b61d8d-b87d-4d70-bdb2-ac7817d2114b/datanode-1/data/ratis/0ed303f6-16bf-48af-8f79-86b21fe63d29 for RaftStorage:Storage Directory /tmp/workdir/hadoop-ozone/integration-test/target/test-dir/MiniOzoneClusterImpl-c7b61d8d-b87d-4d70-bdb2-ac7817d2114b/datanode-1/data/ratis/0ed303f6-16bf-48af-8f79-86b21fe63d29
2019-07-13 14:37:31,373 INFO  server.RaftServerConfigKeys (ConfUtils.java:logGet(43)) - raft.server.log.queue.byte-limit = 2147483647 (custom)
2019-07-13 14:37:31,373 INFO  server.RaftServerConfigKeys (ConfUtils.java:logGet(43)) - raft.server.log.queue.element-limit = 1024 (custom)
2019-07-13 14:37:31,374 INFO  server.RaftServerConfigKeys (ConfUtils.java:logGet(43)) - raft.server.log.segment.size.max = 1048576 (custom)
2019-07-13 14:37:31,374 INFO  server.RaftServerConfigKeys (ConfUtils.java:logGet(43)) - raft.server.log.preallocated.size = 16384 (custom)
2019-07-13 14:37:31,374 INFO  server.RaftServerConfigKeys (ConfUtils.java:logGet(43)) - raft.server.log.write.buffer.size = 33554432 (custom)
2019-07-13 14:37:31,374 INFO  server.RaftServerConfigKeys (ConfUtils.java:logGet(43)) - raft.server.log.force.sync.num = 128 (default)
2019-07-13 14:37:31,374 INFO  server.RaftServerConfigKeys (ConfUtils.java:logGet(43)) - raft.server.log.statemachine.data.sync = true (default)
2019-07-13 14:37:31,374 INFO  server.RaftServerConfigKeys (ConfUtils.java:logGet(43)) - raft.server.log.statemachine.data.sync.timeout = 10s (default)
2019-07-13 14:37:31,375 INFO  server.RaftServerConfigKeys (ConfUtils.java:logGet(43)) - raft.server.log.statemachine.data.sync.timeout.retry = -1 (default)
2019-07-13 14:37:31,375 INFO  server.RaftServerConfigKeys (ConfUtils.java:logGet(43)) - raft.server.log.statemachine.data.caching.enabled = true (custom)
2019-07-13 14:37:31,375 INFO  segmented.SegmentedRaftLogWorker (SegmentedRaftLogWorker.java:lambda$new$0(132)) - 5adaed7b-640b-4a97-b7f6-bf7724a20468-SegmentedRaftLogWorker:Storage Directory /tmp/workdir/hadoop-ozone/integration-test/target/test-dir/MiniOzoneClusterImpl-c7b61d8d-b87d-4d70-bdb2-ac7817d2114b/datanode-1/data/ratis/0ed303f6-16bf-48af-8f79-86b21fe63d29: flushIndex: setUnconditionally 0 -> -1
2019-07-13 14:37:31,376 INFO  server.RaftServerConfigKeys (ConfUtils.java:logGet(43)) - raft.server.snapshot.auto.trigger.enabled = true (custom)
2019-07-13 14:37:31,376 INFO  server.RaftServerConfigKeys (ConfUtils.java:logGet(43)) - raft.server.snapshot.auto.trigger.threshold = 10000 (custom)
2019-07-13 14:37:31,376 INFO  server.RaftServerConfigKeys (ConfUtils.java:logGet(43)) - raft.server.retrycache.expirytime = 600000ms (custom)
2019-07-13 14:37:31,376 INFO  impl.RaftServerImpl (RaftServerImpl.java:start(180)) - 5adaed7b-640b-4a97-b7f6-bf7724a20468: start group-86B21FE63D29
2019-07-13 14:37:31,376 INFO  impl.RaftServerImpl (RaftServerImpl.java:setRole(171)) - 5adaed7b-640b-4a97-b7f6-bf7724a20468:group-86B21FE63D29 changes role from null to FOLLOWER at term 0 for startAsFollower
2019-07-13 14:37:31,376 INFO  impl.RoleInfo (RoleInfo.java:updateAndGet(143)) - 5adaed7b-640b-4a97-b7f6-bf7724a20468: start FollowerState
2019-07-13 14:37:31,377 INFO  util.JmxRegister (JmxRegister.java:tryRegister(44)) - Successfully registered JMX Bean with object name Ratis:service=RaftServer,group=group-86B21FE63D29,id=5adaed7b-640b-4a97-b7f6-bf7724a20468
2019-07-13 14:37:31,379 INFO  pipeline.PipelineStateManager (PipelineStateManager.java:addPipeline(56)) - Created pipeline Pipeline[ Id: 0ed303f6-16bf-48af-8f79-86b21fe63d29, Nodes: 5adaed7b-640b-4a97-b7f6-bf7724a20468{ip: 192.168.5.172, host: trunk-nightly-mhs6z-4061744966, networkLocation: /default-rack, certSerialId: null}, Type:RATIS, Factor:ONE, State:OPEN]
2019-07-13 14:37:31,491 INFO  node.SCMNodeManager (SCMNodeManager.java:register(269)) - Registered Data node : 7ad932f2-f226-4ea3-b11e-48ddd64217a8{ip: 192.168.5.172, host: trunk-nightly-mhs6z-4061744966, networkLocation: /default-rack, certSerialId: null}
2019-07-13 14:37:31,502 INFO  impl.RaftServerProxy (RaftServerProxy.java:addNew(89)) - 7ad932f2-f226-4ea3-b11e-48ddd64217a8: addNew group-447FD1264C5D:[7ad932f2-f226-4ea3-b11e-48ddd64217a8:192.168.5.172:43417] returns group-447FD1264C5D:java.util.concurrent.CompletableFuture@4fdc9889[Not completed]
2019-07-13 14:37:31,503 INFO  impl.RaftServerImpl (RaftServerImpl.java:<init>(93)) - 7ad932f2-f226-4ea3-b11e-48ddd64217a8: new RaftServerImpl for group-447FD1264C5D:[7ad932f2-f226-4ea3-b11e-48ddd64217a8:192.168.5.172:43417] with ContainerStateMachine:uninitialized
2019-07-13 14:37:31,503 INFO  server.RaftServerConfigKeys (ConfUtils.java:logGet(43)) - raft.server.rpc.timeout.min = 5s (custom)
2019-07-13 14:37:31,503 INFO  server.RaftServerConfigKeys (ConfUtils.java:logGet(43)) - raft.server.rpc.timeout.max = 5200ms (custom)
2019-07-13 14:37:31,503 INFO  server.RaftServerConfigKeys (ConfUtils.java:logGet(43)) - raft.server.rpcslowness.timeout = 120s (custom)
2019-07-13 14:37:31,503 INFO  server.RaftServerConfigKeys (ConfUtils.java:logGet(43)) - raft.server.sleep.deviation.threshold = 300 (default)
2019-07-13 14:37:31,503 INFO  server.RaftServerConfigKeys (ConfUtils.java:logGet(43)) - raft.server.log.appender.install.snapshot.enabled = false (custom)
2019-07-13 14:37:31,503 INFO  impl.RaftServerImpl (ServerState.java:<init>(105)) - 7ad932f2-f226-4ea3-b11e-48ddd64217a8:group-447FD1264C5D ConfigurationManager, init=-1: [7ad932f2-f226-4ea3-b11e-48ddd64217a8:192.168.5.172:43417], old=null, confs=<EMPTY_MAP>
2019-07-13 14:37:31,504 INFO  server.RaftServerConfigKeys (ConfUtils.java:logGet(43)) - raft.server.storage.dir = [/tmp/workdir/hadoop-ozone/integration-test/target/test-dir/MiniOzoneClusterImpl-c7b61d8d-b87d-4d70-bdb2-ac7817d2114b/datanode-2/data/ratis] (custom)
2019-07-13 14:37:31,504 INFO  storage.RaftStorageDirectory (RaftStorageDirectory.java:analyzeStorage(246)) - The storage directory /tmp/workdir/hadoop-ozone/integration-test/target/test-dir/MiniOzoneClusterImpl-c7b61d8d-b87d-4d70-bdb2-ac7817d2114b/datanode-2/data/ratis/5edb658a-17b9-47ca-bb11-447fd1264c5d does not exist. Creating ...
2019-07-13 14:37:31,508 INFO  storage.RaftStorageDirectory (RaftStorageDirectory.java:tryLock(328)) - Lock on /tmp/workdir/hadoop-ozone/integration-test/target/test-dir/MiniOzoneClusterImpl-c7b61d8d-b87d-4d70-bdb2-ac7817d2114b/datanode-2/data/ratis/5edb658a-17b9-47ca-bb11-447fd1264c5d/in_use.lock acquired by nodename 31544@trunk-nightly-mhs6z-4061744966
2019-07-13 14:37:31,512 INFO  storage.RaftStorage (RaftStorage.java:format(72)) - Storage directory /tmp/workdir/hadoop-ozone/integration-test/target/test-dir/MiniOzoneClusterImpl-c7b61d8d-b87d-4d70-bdb2-ac7817d2114b/datanode-2/data/ratis/5edb658a-17b9-47ca-bb11-447fd1264c5d has been successfully formatted.
2019-07-13 14:37:31,513 INFO  ratis.ContainerStateMachine (ContainerStateMachine.java:loadSnapshot(200)) - The snapshot info is null.Setting the last applied index to:(t:0, i:~)
2019-07-13 14:37:31,513 INFO  server.RaftServerConfigKeys (ConfUtils.java:logGet(43)) - raft.server.leader.election.timeout = 120s (custom)
2019-07-13 14:37:31,513 INFO  server.RaftServerConfigKeys (ConfUtils.java:logGet(43)) - raft.server.log.use.memory = false (default)
2019-07-13 14:37:31,513 INFO  server.RaftServerConfigKeys (ConfUtils.java:logGet(43)) - raft.server.log.purge.gap = 1000000000 (custom)
2019-07-13 14:37:31,513 INFO  server.RaftServerConfigKeys (ConfUtils.java:logGet(43)) - raft.server.log.appender.buffer.byte-limit = 33554432 (custom)
2019-07-13 14:37:31,513 INFO  server.RaftServerConfigKeys (ConfUtils.java:logGet(43)) - raft.server.log.segment.size.max = 1048576 (custom)
2019-07-13 14:37:31,513 INFO  server.RaftServerConfigKeys (ConfUtils.java:logGet(43)) - raft.server.log.segment.cache.num.max = 2 (custom)
2019-07-13 14:37:31,514 INFO  segmented.SegmentedRaftLogWorker (SegmentedRaftLogWorker.java:<init>(172)) - new 7ad932f2-f226-4ea3-b11e-48ddd64217a8-SegmentedRaftLogWorker:Storage Directory /tmp/workdir/hadoop-ozone/integration-test/target/test-dir/MiniOzoneClusterImpl-c7b61d8d-b87d-4d70-bdb2-ac7817d2114b/datanode-2/data/ratis/5edb658a-17b9-47ca-bb11-447fd1264c5d for RaftStorage:Storage Directory /tmp/workdir/hadoop-ozone/integration-test/target/test-dir/MiniOzoneClusterImpl-c7b61d8d-b87d-4d70-bdb2-ac7817d2114b/datanode-2/data/ratis/5edb658a-17b9-47ca-bb11-447fd1264c5d
2019-07-13 14:37:31,514 INFO  server.RaftServerConfigKeys (ConfUtils.java:logGet(43)) - raft.server.log.queue.byte-limit = 2147483647 (custom)
2019-07-13 14:37:31,514 INFO  server.RaftServerConfigKeys (ConfUtils.java:logGet(43)) - raft.server.log.queue.element-limit = 1024 (custom)
2019-07-13 14:37:31,514 INFO  server.RaftServerConfigKeys (ConfUtils.java:logGet(43)) - raft.server.log.segment.size.max = 1048576 (custom)
2019-07-13 14:37:31,514 INFO  server.RaftServerConfigKeys (ConfUtils.java:logGet(43)) - raft.server.log.preallocated.size = 16384 (custom)
2019-07-13 14:37:31,514 INFO  server.RaftServerConfigKeys (ConfUtils.java:logGet(43)) - raft.server.log.write.buffer.size = 33554432 (custom)
2019-07-13 14:37:31,514 INFO  server.RaftServerConfigKeys (ConfUtils.java:logGet(43)) - raft.server.log.force.sync.num = 128 (default)
2019-07-13 14:37:31,515 INFO  server.RaftServerConfigKeys (ConfUtils.java:logGet(43)) - raft.server.log.statemachine.data.sync = true (default)
2019-07-13 14:37:31,515 INFO  server.RaftServerConfigKeys (ConfUtils.java:logGet(43)) - raft.server.log.statemachine.data.sync.timeout = 10s (default)
2019-07-13 14:37:31,515 INFO  server.RaftServerConfigKeys (ConfUtils.java:logGet(43)) - raft.server.log.statemachine.data.sync.timeout.retry = -1 (default)
2019-07-13 14:37:31,515 INFO  server.RaftServerConfigKeys (ConfUtils.java:logGet(43)) - raft.server.log.statemachine.data.caching.enabled = true (custom)
2019-07-13 14:37:31,515 INFO  segmented.SegmentedRaftLogWorker (SegmentedRaftLogWorker.java:lambda$new$0(132)) - 7ad932f2-f226-4ea3-b11e-48ddd64217a8-SegmentedRaftLogWorker:Storage Directory /tmp/workdir/hadoop-ozone/integration-test/target/test-dir/MiniOzoneClusterImpl-c7b61d8d-b87d-4d70-bdb2-ac7817d2114b/datanode-2/data/ratis/5edb658a-17b9-47ca-bb11-447fd1264c5d: flushIndex: setUnconditionally 0 -> -1
2019-07-13 14:37:31,516 INFO  server.RaftServerConfigKeys (ConfUtils.java:logGet(43)) - raft.server.snapshot.auto.trigger.enabled = true (custom)
2019-07-13 14:37:31,516 INFO  server.RaftServerConfigKeys (ConfUtils.java:logGet(43)) - raft.server.snapshot.auto.trigger.threshold = 10000 (custom)
2019-07-13 14:37:31,516 INFO  server.RaftServerConfigKeys (ConfUtils.java:logGet(43)) - raft.server.retrycache.expirytime = 600000ms (custom)
2019-07-13 14:37:31,516 INFO  impl.RaftServerImpl (RaftServerImpl.java:start(180)) - 7ad932f2-f226-4ea3-b11e-48ddd64217a8: start group-447FD1264C5D
2019-07-13 14:37:31,516 INFO  impl.RaftServerImpl (RaftServerImpl.java:setRole(171)) - 7ad932f2-f226-4ea3-b11e-48ddd64217a8:group-447FD1264C5D changes role from null to FOLLOWER at term 0 for startAsFollower
2019-07-13 14:37:31,516 INFO  impl.RoleInfo (RoleInfo.java:updateAndGet(143)) - 7ad932f2-f226-4ea3-b11e-48ddd64217a8: start FollowerState
2019-07-13 14:37:31,517 INFO  util.JmxRegister (JmxRegister.java:tryRegister(44)) - Successfully registered JMX Bean with object name Ratis:service=RaftServer,group=group-447FD1264C5D,id=7ad932f2-f226-4ea3-b11e-48ddd64217a8
2019-07-13 14:37:31,519 INFO  pipeline.PipelineStateManager (PipelineStateManager.java:addPipeline(56)) - Created pipeline Pipeline[ Id: 5edb658a-17b9-47ca-bb11-447fd1264c5d, Nodes: 7ad932f2-f226-4ea3-b11e-48ddd64217a8{ip: 192.168.5.172, host: trunk-nightly-mhs6z-4061744966, networkLocation: /default-rack, certSerialId: null}, Type:RATIS, Factor:ONE, State:OPEN]
2019-07-13 14:37:31,529 INFO  impl.RaftServerProxy (RaftServerProxy.java:addNew(89)) - f745a32b-a504-4385-a922-518c68893d66: addNew group-B1710A59CC92:[f745a32b-a504-4385-a922-518c68893d66:192.168.5.172:34659, 7ad932f2-f226-4ea3-b11e-48ddd64217a8:192.168.5.172:43417, 5adaed7b-640b-4a97-b7f6-bf7724a20468:192.168.5.172:44893] returns group-B1710A59CC92:java.util.concurrent.CompletableFuture@532933a[Not completed]
2019-07-13 14:37:31,529 INFO  impl.RaftServerProxy (RaftServerProxy.java:addNew(89)) - 7ad932f2-f226-4ea3-b11e-48ddd64217a8: addNew group-B1710A59CC92:[f745a32b-a504-4385-a922-518c68893d66:192.168.5.172:34659, 7ad932f2-f226-4ea3-b11e-48ddd64217a8:192.168.5.172:43417, 5adaed7b-640b-4a97-b7f6-bf7724a20468:192.168.5.172:44893] returns group-B1710A59CC92:java.util.concurrent.CompletableFuture@49ae1328[Not completed]
2019-07-13 14:37:31,529 INFO  impl.RaftServerProxy (RaftServerProxy.java:addNew(89)) - 5adaed7b-640b-4a97-b7f6-bf7724a20468: addNew group-B1710A59CC92:[f745a32b-a504-4385-a922-518c68893d66:192.168.5.172:34659, 7ad932f2-f226-4ea3-b11e-48ddd64217a8:192.168.5.172:43417, 5adaed7b-640b-4a97-b7f6-bf7724a20468:192.168.5.172:44893] returns group-B1710A59CC92:java.util.concurrent.CompletableFuture@2c4046b5[Not completed]
2019-07-13 14:37:31,530 INFO  impl.RaftServerImpl (RaftServerImpl.java:<init>(93)) - f745a32b-a504-4385-a922-518c68893d66: new RaftServerImpl for group-B1710A59CC92:[f745a32b-a504-4385-a922-518c68893d66:192.168.5.172:34659, 7ad932f2-f226-4ea3-b11e-48ddd64217a8:192.168.5.172:43417, 5adaed7b-640b-4a97-b7f6-bf7724a20468:192.168.5.172:44893] with ContainerStateMachine:uninitialized
2019-07-13 14:37:31,530 INFO  server.RaftServerConfigKeys (ConfUtils.java:logGet(43)) - raft.server.rpc.timeout.min = 5s (custom)
2019-07-13 14:37:31,530 INFO  server.RaftServerConfigKeys (ConfUtils.java:logGet(43)) - raft.server.rpc.timeout.max = 5200ms (custom)
2019-07-13 14:37:31,530 INFO  server.RaftServerConfigKeys (ConfUtils.java:logGet(43)) - raft.server.rpcslowness.timeout = 120s (custom)
2019-07-13 14:37:31,530 INFO  server.RaftServerConfigKeys (ConfUtils.java:logGet(43)) - raft.server.sleep.deviation.threshold = 300 (default)
2019-07-13 14:37:31,530 INFO  impl.RaftServerImpl (RaftServerImpl.java:<init>(93)) - 7ad932f2-f226-4ea3-b11e-48ddd64217a8: new RaftServerImpl for group-B1710A59CC92:[f745a32b-a504-4385-a922-518c68893d66:192.168.5.172:34659, 7ad932f2-f226-4ea3-b11e-48ddd64217a8:192.168.5.172:43417, 5adaed7b-640b-4a97-b7f6-bf7724a20468:192.168.5.172:44893] with ContainerStateMachine:uninitialized
2019-07-13 14:37:31,530 INFO  server.RaftServerConfigKeys (ConfUtils.java:logGet(43)) - raft.server.log.appender.install.snapshot.enabled = false (custom)
2019-07-13 14:37:31,531 INFO  server.RaftServerConfigKeys (ConfUtils.java:logGet(43)) - raft.server.rpc.timeout.min = 5s (custom)
2019-07-13 14:37:31,531 INFO  impl.RaftServerImpl (RaftServerImpl.java:<init>(93)) - 5adaed7b-640b-4a97-b7f6-bf7724a20468: new RaftServerImpl for group-B1710A59CC92:[f745a32b-a504-4385-a922-518c68893d66:192.168.5.172:34659, 7ad932f2-f226-4ea3-b11e-48ddd64217a8:192.168.5.172:43417, 5adaed7b-640b-4a97-b7f6-bf7724a20468:192.168.5.172:44893] with ContainerStateMachine:uninitialized
2019-07-13 14:37:31,531 INFO  server.RaftServerConfigKeys (ConfUtils.java:logGet(43)) - raft.server.rpc.timeout.max = 5200ms (custom)
2019-07-13 14:37:31,531 INFO  impl.RaftServerImpl (ServerState.java:<init>(105)) - f745a32b-a504-4385-a922-518c68893d66:group-B1710A59CC92 ConfigurationManager, init=-1: [f745a32b-a504-4385-a922-518c68893d66:192.168.5.172:34659, 7ad932f2-f226-4ea3-b11e-48ddd64217a8:192.168.5.172:43417, 5adaed7b-640b-4a97-b7f6-bf7724a20468:192.168.5.172:44893], old=null, confs=<EMPTY_MAP>
2019-07-13 14:37:31,531 INFO  server.RaftServerConfigKeys (ConfUtils.java:logGet(43)) - raft.server.rpcslowness.timeout = 120s (custom)
2019-07-13 14:37:31,531 INFO  server.RaftServerConfigKeys (ConfUtils.java:logGet(43)) - raft.server.rpc.timeout.min = 5s (custom)
2019-07-13 14:37:31,531 INFO  server.RaftServerConfigKeys (ConfUtils.java:logGet(43)) - raft.server.sleep.deviation.threshold = 300 (default)
2019-07-13 14:37:31,531 INFO  server.RaftServerConfigKeys (ConfUtils.java:logGet(43)) - raft.server.storage.dir = [/tmp/workdir/hadoop-ozone/integration-test/target/test-dir/MiniOzoneClusterImpl-c7b61d8d-b87d-4d70-bdb2-ac7817d2114b/datanode-0/data/ratis] (custom)
2019-07-13 14:37:31,532 INFO  server.RaftServerConfigKeys (ConfUtils.java:logGet(43)) - raft.server.log.appender.install.snapshot.enabled = false (custom)
2019-07-13 14:37:31,531 INFO  server.RaftServerConfigKeys (ConfUtils.java:logGet(43)) - raft.server.rpc.timeout.max = 5200ms (custom)
2019-07-13 14:37:31,532 INFO  storage.RaftStorageDirectory (RaftStorageDirectory.java:analyzeStorage(246)) - The storage directory /tmp/workdir/hadoop-ozone/integration-test/target/test-dir/MiniOzoneClusterImpl-c7b61d8d-b87d-4d70-bdb2-ac7817d2114b/datanode-0/data/ratis/2d52ab47-dfad-447e-afbf-b1710a59cc92 does not exist. Creating ...
2019-07-13 14:37:31,532 INFO  impl.RaftServerImpl (ServerState.java:<init>(105)) - 7ad932f2-f226-4ea3-b11e-48ddd64217a8:group-B1710A59CC92 ConfigurationManager, init=-1: [f745a32b-a504-4385-a922-518c68893d66:192.168.5.172:34659, 7ad932f2-f226-4ea3-b11e-48ddd64217a8:192.168.5.172:43417, 5adaed7b-640b-4a97-b7f6-bf7724a20468:192.168.5.172:44893], old=null, confs=<EMPTY_MAP>
2019-07-13 14:37:31,532 INFO  server.RaftServerConfigKeys (ConfUtils.java:logGet(43)) - raft.server.rpcslowness.timeout = 120s (custom)
2019-07-13 14:37:31,532 INFO  server.RaftServerConfigKeys (ConfUtils.java:logGet(43)) - raft.server.storage.dir = [/tmp/workdir/hadoop-ozone/integration-test/target/test-dir/MiniOzoneClusterImpl-c7b61d8d-b87d-4d70-bdb2-ac7817d2114b/datanode-2/data/ratis] (custom)
2019-07-13 14:37:31,532 INFO  server.RaftServerConfigKeys (ConfUtils.java:logGet(43)) - raft.server.sleep.deviation.threshold = 300 (default)
2019-07-13 14:37:31,533 INFO  server.RaftServerConfigKeys (ConfUtils.java:logGet(43)) - raft.server.log.appender.install.snapshot.enabled = false (custom)
2019-07-13 14:37:31,533 INFO  impl.RaftServerImpl (ServerState.java:<init>(105)) - 5adaed7b-640b-4a97-b7f6-bf7724a20468:group-B1710A59CC92 ConfigurationManager, init=-1: [f745a32b-a504-4385-a922-518c68893d66:192.168.5.172:34659, 7ad932f2-f226-4ea3-b11e-48ddd64217a8:192.168.5.172:43417, 5adaed7b-640b-4a97-b7f6-bf7724a20468:192.168.5.172:44893], old=null, confs=<EMPTY_MAP>
2019-07-13 14:37:31,533 INFO  storage.RaftStorageDirectory (RaftStorageDirectory.java:analyzeStorage(246)) - The storage directory /tmp/workdir/hadoop-ozone/integration-test/target/test-dir/MiniOzoneClusterImpl-c7b61d8d-b87d-4d70-bdb2-ac7817d2114b/datanode-2/data/ratis/2d52ab47-dfad-447e-afbf-b1710a59cc92 does not exist. Creating ...
2019-07-13 14:37:31,533 INFO  server.RaftServerConfigKeys (ConfUtils.java:logGet(43)) - raft.server.storage.dir = [/tmp/workdir/hadoop-ozone/integration-test/target/test-dir/MiniOzoneClusterImpl-c7b61d8d-b87d-4d70-bdb2-ac7817d2114b/datanode-1/data/ratis] (custom)
2019-07-13 14:37:31,533 INFO  storage.RaftStorageDirectory (RaftStorageDirectory.java:analyzeStorage(246)) - The storage directory /tmp/workdir/hadoop-ozone/integration-test/target/test-dir/MiniOzoneClusterImpl-c7b61d8d-b87d-4d70-bdb2-ac7817d2114b/datanode-1/data/ratis/2d52ab47-dfad-447e-afbf-b1710a59cc92 does not exist. Creating ...
2019-07-13 14:37:31,537 INFO  storage.RaftStorageDirectory (RaftStorageDirectory.java:tryLock(328)) - Lock on /tmp/workdir/hadoop-ozone/integration-test/target/test-dir/MiniOzoneClusterImpl-c7b61d8d-b87d-4d70-bdb2-ac7817d2114b/datanode-1/data/ratis/2d52ab47-dfad-447e-afbf-b1710a59cc92/in_use.lock acquired by nodename 31544@trunk-nightly-mhs6z-4061744966
2019-07-13 14:37:31,537 INFO  storage.RaftStorageDirectory (RaftStorageDirectory.java:tryLock(328)) - Lock on /tmp/workdir/hadoop-ozone/integration-test/target/test-dir/MiniOzoneClusterImpl-c7b61d8d-b87d-4d70-bdb2-ac7817d2114b/datanode-0/data/ratis/2d52ab47-dfad-447e-afbf-b1710a59cc92/in_use.lock acquired by nodename 31544@trunk-nightly-mhs6z-4061744966
2019-07-13 14:37:31,537 INFO  storage.RaftStorageDirectory (RaftStorageDirectory.java:tryLock(328)) - Lock on /tmp/workdir/hadoop-ozone/integration-test/target/test-dir/MiniOzoneClusterImpl-c7b61d8d-b87d-4d70-bdb2-ac7817d2114b/datanode-2/data/ratis/2d52ab47-dfad-447e-afbf-b1710a59cc92/in_use.lock acquired by nodename 31544@trunk-nightly-mhs6z-4061744966
2019-07-13 14:37:31,548 INFO  storage.RaftStorage (RaftStorage.java:format(72)) - Storage directory /tmp/workdir/hadoop-ozone/integration-test/target/test-dir/MiniOzoneClusterImpl-c7b61d8d-b87d-4d70-bdb2-ac7817d2114b/datanode-2/data/ratis/2d52ab47-dfad-447e-afbf-b1710a59cc92 has been successfully formatted.
2019-07-13 14:37:31,548 INFO  storage.RaftStorage (RaftStorage.java:format(72)) - Storage directory /tmp/workdir/hadoop-ozone/integration-test/target/test-dir/MiniOzoneClusterImpl-c7b61d8d-b87d-4d70-bdb2-ac7817d2114b/datanode-1/data/ratis/2d52ab47-dfad-447e-afbf-b1710a59cc92 has been successfully formatted.
2019-07-13 14:37:31,548 INFO  ratis.ContainerStateMachine (ContainerStateMachine.java:loadSnapshot(200)) - The snapshot info is null.Setting the last applied index to:(t:0, i:~)
2019-07-13 14:37:31,548 INFO  storage.RaftStorage (RaftStorage.java:format(72)) - Storage directory /tmp/workdir/hadoop-ozone/integration-test/target/test-dir/MiniOzoneClusterImpl-c7b61d8d-b87d-4d70-bdb2-ac7817d2114b/datanode-0/data/ratis/2d52ab47-dfad-447e-afbf-b1710a59cc92 has been successfully formatted.
2019-07-13 14:37:31,548 INFO  server.RaftServerConfigKeys (ConfUtils.java:logGet(43)) - raft.server.leader.election.timeout = 120s (custom)
2019-07-13 14:37:31,548 INFO  ratis.ContainerStateMachine (ContainerStateMachine.java:loadSnapshot(200)) - The snapshot info is null.Setting the last applied index to:(t:0, i:~)
2019-07-13 14:37:31,548 INFO  server.RaftServerConfigKeys (ConfUtils.java:logGet(43)) - raft.server.log.use.memory = false (default)
2019-07-13 14:37:31,548 INFO  ratis.ContainerStateMachine (ContainerStateMachine.java:loadSnapshot(200)) - The snapshot info is null.Setting the last applied index to:(t:0, i:~)
2019-07-13 14:37:31,549 INFO  server.RaftServerConfigKeys (ConfUtils.java:logGet(43)) - raft.server.log.purge.gap = 1000000000 (custom)
2019-07-13 14:37:31,549 INFO  server.RaftServerConfigKeys (ConfUtils.java:logGet(43)) - raft.server.leader.election.timeout = 120s (custom)
2019-07-13 14:37:31,549 INFO  server.RaftServerConfigKeys (ConfUtils.java:logGet(43)) - raft.server.log.appender.buffer.byte-limit = 33554432 (custom)
2019-07-13 14:37:31,549 INFO  server.RaftServerConfigKeys (ConfUtils.java:logGet(43)) - raft.server.leader.election.timeout = 120s (custom)
2019-07-13 14:37:31,549 INFO  server.RaftServerConfigKeys (ConfUtils.java:logGet(43)) - raft.server.log.segment.size.max = 1048576 (custom)
2019-07-13 14:37:31,549 INFO  server.RaftServerConfigKeys (ConfUtils.java:logGet(43)) - raft.server.log.use.memory = false (default)
2019-07-13 14:37:31,549 INFO  server.RaftServerConfigKeys (ConfUtils.java:logGet(43)) - raft.server.log.segment.cache.num.max = 2 (custom)
2019-07-13 14:37:31,549 INFO  server.RaftServerConfigKeys (ConfUtils.java:logGet(43)) - raft.server.log.use.memory = false (default)
2019-07-13 14:37:31,550 INFO  segmented.SegmentedRaftLogWorker (SegmentedRaftLogWorker.java:<init>(172)) - new 7ad932f2-f226-4ea3-b11e-48ddd64217a8-SegmentedRaftLogWorker:Storage Directory /tmp/workdir/hadoop-ozone/integration-test/target/test-dir/MiniOzoneClusterImpl-c7b61d8d-b87d-4d70-bdb2-ac7817d2114b/datanode-2/data/ratis/2d52ab47-dfad-447e-afbf-b1710a59cc92 for RaftStorage:Storage Directory /tmp/workdir/hadoop-ozone/integration-test/target/test-dir/MiniOzoneClusterImpl-c7b61d8d-b87d-4d70-bdb2-ac7817d2114b/datanode-2/data/ratis/2d52ab47-dfad-447e-afbf-b1710a59cc92
2019-07-13 14:37:31,549 INFO  server.RaftServerConfigKeys (ConfUtils.java:logGet(43)) - raft.server.log.purge.gap = 1000000000 (custom)
2019-07-13 14:37:31,550 INFO  server.RaftServerConfigKeys (ConfUtils.java:logGet(43)) - raft.server.log.queue.byte-limit = 2147483647 (custom)
2019-07-13 14:37:31,550 INFO  server.RaftServerConfigKeys (ConfUtils.java:logGet(43)) - raft.server.log.purge.gap = 1000000000 (custom)
2019-07-13 14:37:31,550 INFO  server.RaftServerConfigKeys (ConfUtils.java:logGet(43)) - raft.server.log.queue.element-limit = 1024 (custom)
2019-07-13 14:37:31,550 INFO  server.RaftServerConfigKeys (ConfUtils.java:logGet(43)) - raft.server.log.appender.buffer.byte-limit = 33554432 (custom)
2019-07-13 14:37:31,550 INFO  server.RaftServerConfigKeys (ConfUtils.java:logGet(43)) - raft.server.log.segment.size.max = 1048576 (custom)
2019-07-13 14:37:31,550 INFO  server.RaftServerConfigKeys (ConfUtils.java:logGet(43)) - raft.server.log.appender.buffer.byte-limit = 33554432 (custom)
2019-07-13 14:37:31,551 INFO  server.RaftServerConfigKeys (ConfUtils.java:logGet(43)) - raft.server.log.preallocated.size = 16384 (custom)
2019-07-13 14:37:31,550 INFO  server.RaftServerConfigKeys (ConfUtils.java:logGet(43)) - raft.server.log.segment.size.max = 1048576 (custom)
2019-07-13 14:37:31,551 INFO  server.RaftServerConfigKeys (ConfUtils.java:logGet(43)) - raft.server.log.write.buffer.size = 33554432 (custom)
2019-07-13 14:37:31,551 INFO  server.RaftServerConfigKeys (ConfUtils.java:logGet(43)) - raft.server.log.segment.size.max = 1048576 (custom)
2019-07-13 14:37:31,551 INFO  server.RaftServerConfigKeys (ConfUtils.java:logGet(43)) - raft.server.log.force.sync.num = 128 (default)
2019-07-13 14:37:31,551 INFO  server.RaftServerConfigKeys (ConfUtils.java:logGet(43)) - raft.server.log.segment.cache.num.max = 2 (custom)
2019-07-13 14:37:31,551 INFO  server.RaftServerConfigKeys (ConfUtils.java:logGet(43)) - raft.server.log.statemachine.data.sync = true (default)
2019-07-13 14:37:31,551 INFO  server.RaftServerConfigKeys (ConfUtils.java:logGet(43)) - raft.server.log.segment.cache.num.max = 2 (custom)
2019-07-13 14:37:31,551 INFO  server.RaftServerConfigKeys (ConfUtils.java:logGet(43)) - raft.server.log.statemachine.data.sync.timeout = 10s (default)
2019-07-13 14:37:31,551 INFO  segmented.SegmentedRaftLogWorker (SegmentedRaftLogWorker.java:<init>(172)) - new 5adaed7b-640b-4a97-b7f6-bf7724a20468-SegmentedRaftLogWorker:Storage Directory /tmp/workdir/hadoop-ozone/integration-test/target/test-dir/MiniOzoneClusterImpl-c7b61d8d-b87d-4d70-bdb2-ac7817d2114b/datanode-1/data/ratis/2d52ab47-dfad-447e-afbf-b1710a59cc92 for RaftStorage:Storage Directory /tmp/workdir/hadoop-ozone/integration-test/target/test-dir/MiniOzoneClusterImpl-c7b61d8d-b87d-4d70-bdb2-ac7817d2114b/datanode-1/data/ratis/2d52ab47-dfad-447e-afbf-b1710a59cc92
2019-07-13 14:37:31,552 INFO  server.RaftServerConfigKeys (ConfUtils.java:logGet(43)) - raft.server.log.statemachine.data.sync.timeout.retry = -1 (default)
2019-07-13 14:37:31,551 INFO  segmented.SegmentedRaftLogWorker (SegmentedRaftLogWorker.java:<init>(172)) - new f745a32b-a504-4385-a922-518c68893d66-SegmentedRaftLogWorker:Storage Directory /tmp/workdir/hadoop-ozone/integration-test/target/test-dir/MiniOzoneClusterImpl-c7b61d8d-b87d-4d70-bdb2-ac7817d2114b/datanode-0/data/ratis/2d52ab47-dfad-447e-afbf-b1710a59cc92 for RaftStorage:Storage Directory /tmp/workdir/hadoop-ozone/integration-test/target/test-dir/MiniOzoneClusterImpl-c7b61d8d-b87d-4d70-bdb2-ac7817d2114b/datanode-0/data/ratis/2d52ab47-dfad-447e-afbf-b1710a59cc92
2019-07-13 14:37:31,552 INFO  server.RaftServerConfigKeys (ConfUtils.java:logGet(43)) - raft.server.log.statemachine.data.caching.enabled = true (custom)
2019-07-13 14:37:31,552 INFO  server.RaftServerConfigKeys (ConfUtils.java:logGet(43)) - raft.server.log.queue.byte-limit = 2147483647 (custom)
2019-07-13 14:37:31,552 INFO  server.RaftServerConfigKeys (ConfUtils.java:logGet(43)) - raft.server.log.queue.byte-limit = 2147483647 (custom)
2019-07-13 14:37:31,552 INFO  segmented.SegmentedRaftLogWorker (SegmentedRaftLogWorker.java:lambda$new$0(132)) - 7ad932f2-f226-4ea3-b11e-48ddd64217a8-SegmentedRaftLogWorker:Storage Directory /tmp/workdir/hadoop-ozone/integration-test/target/test-dir/MiniOzoneClusterImpl-c7b61d8d-b87d-4d70-bdb2-ac7817d2114b/datanode-2/data/ratis/2d52ab47-dfad-447e-afbf-b1710a59cc92: flushIndex: setUnconditionally 0 -> -1
2019-07-13 14:37:31,552 INFO  server.RaftServerConfigKeys (ConfUtils.java:logGet(43)) - raft.server.log.queue.element-limit = 1024 (custom)
2019-07-13 14:37:31,552 INFO  server.RaftServerConfigKeys (ConfUtils.java:logGet(43)) - raft.server.log.queue.element-limit = 1024 (custom)
2019-07-13 14:37:31,553 INFO  server.RaftServerConfigKeys (ConfUtils.java:logGet(43)) - raft.server.snapshot.auto.trigger.enabled = true (custom)
2019-07-13 14:37:31,553 INFO  server.RaftServerConfigKeys (ConfUtils.java:logGet(43)) - raft.server.log.segment.size.max = 1048576 (custom)
2019-07-13 14:37:31,553 INFO  server.RaftServerConfigKeys (ConfUtils.java:logGet(43)) - raft.server.snapshot.auto.trigger.threshold = 10000 (custom)
2019-07-13 14:37:31,553 INFO  server.RaftServerConfigKeys (ConfUtils.java:logGet(43)) - raft.server.log.segment.size.max = 1048576 (custom)
2019-07-13 14:37:31,553 INFO  server.RaftServerConfigKeys (ConfUtils.java:logGet(43)) - raft.server.retrycache.expirytime = 600000ms (custom)
2019-07-13 14:37:31,553 INFO  server.RaftServerConfigKeys (ConfUtils.java:logGet(43)) - raft.server.log.preallocated.size = 16384 (custom)
2019-07-13 14:37:31,553 INFO  impl.RaftServerImpl (RaftServerImpl.java:start(180)) - 7ad932f2-f226-4ea3-b11e-48ddd64217a8: start group-B1710A59CC92
2019-07-13 14:37:31,553 INFO  server.RaftServerConfigKeys (ConfUtils.java:logGet(43)) - raft.server.log.preallocated.size = 16384 (custom)
2019-07-13 14:37:31,553 INFO  impl.RaftServerImpl (RaftServerImpl.java:setRole(171)) - 7ad932f2-f226-4ea3-b11e-48ddd64217a8:group-B1710A59CC92 changes role from null to FOLLOWER at term 0 for startAsFollower
2019-07-13 14:37:31,553 INFO  server.RaftServerConfigKeys (ConfUtils.java:logGet(43)) - raft.server.log.write.buffer.size = 33554432 (custom)
2019-07-13 14:37:31,554 INFO  impl.RoleInfo (RoleInfo.java:updateAndGet(143)) - 7ad932f2-f226-4ea3-b11e-48ddd64217a8: start FollowerState
2019-07-13 14:37:31,553 INFO  server.RaftServerConfigKeys (ConfUtils.java:logGet(43)) - raft.server.log.write.buffer.size = 33554432 (custom)
2019-07-13 14:37:31,554 INFO  server.RaftServerConfigKeys (ConfUtils.java:logGet(43)) - raft.server.log.force.sync.num = 128 (default)
2019-07-13 14:37:31,554 INFO  util.JmxRegister (JmxRegister.java:tryRegister(44)) - Successfully registered JMX Bean with object name Ratis:service=RaftServer,group=group-B1710A59CC92,id=7ad932f2-f226-4ea3-b11e-48ddd64217a8
2019-07-13 14:37:31,554 INFO  server.RaftServerConfigKeys (ConfUtils.java:logGet(43)) - raft.server.log.force.sync.num = 128 (default)
2019-07-13 14:37:31,554 INFO  server.RaftServerConfigKeys (ConfUtils.java:logGet(43)) - raft.server.log.statemachine.data.sync = true (default)
2019-07-13 14:37:31,554 INFO  server.RaftServerConfigKeys (ConfUtils.java:logGet(43)) - raft.server.log.statemachine.data.sync = true (default)
2019-07-13 14:37:31,554 INFO  server.RaftServerConfigKeys (ConfUtils.java:logGet(43)) - raft.server.log.statemachine.data.sync.timeout = 10s (default)
2019-07-13 14:37:31,555 INFO  server.RaftServerConfigKeys (ConfUtils.java:logGet(43)) - raft.server.log.statemachine.data.sync.timeout = 10s (default)
2019-07-13 14:37:31,555 INFO  server.RaftServerConfigKeys (ConfUtils.java:logGet(43)) - raft.server.log.statemachine.data.sync.timeout.retry = -1 (default)
2019-07-13 14:37:31,555 INFO  server.RaftServerConfigKeys (ConfUtils.java:logGet(43)) - raft.server.log.statemachine.data.sync.timeout.retry = -1 (default)
2019-07-13 14:37:31,555 INFO  server.RaftServerConfigKeys (ConfUtils.java:logGet(43)) - raft.server.log.statemachine.data.caching.enabled = true (custom)
2019-07-13 14:37:31,555 INFO  server.RaftServerConfigKeys (ConfUtils.java:logGet(43)) - raft.server.log.statemachine.data.caching.enabled = true (custom)
2019-07-13 14:37:31,555 INFO  segmented.SegmentedRaftLogWorker (SegmentedRaftLogWorker.java:lambda$new$0(132)) - 5adaed7b-640b-4a97-b7f6-bf7724a20468-SegmentedRaftLogWorker:Storage Directory /tmp/workdir/hadoop-ozone/integration-test/target/test-dir/MiniOzoneClusterImpl-c7b61d8d-b87d-4d70-bdb2-ac7817d2114b/datanode-1/data/ratis/2d52ab47-dfad-447e-afbf-b1710a59cc92: flushIndex: setUnconditionally 0 -> -1
2019-07-13 14:37:31,555 INFO  segmented.SegmentedRaftLogWorker (SegmentedRaftLogWorker.java:lambda$new$0(132)) - f745a32b-a504-4385-a922-518c68893d66-SegmentedRaftLogWorker:Storage Directory /tmp/workdir/hadoop-ozone/integration-test/target/test-dir/MiniOzoneClusterImpl-c7b61d8d-b87d-4d70-bdb2-ac7817d2114b/datanode-0/data/ratis/2d52ab47-dfad-447e-afbf-b1710a59cc92: flushIndex: setUnconditionally 0 -> -1
2019-07-13 14:37:31,556 INFO  server.RaftServerConfigKeys (ConfUtils.java:logGet(43)) - raft.server.snapshot.auto.trigger.enabled = true (custom)
2019-07-13 14:37:31,556 INFO  server.RaftServerConfigKeys (ConfUtils.java:logGet(43)) - raft.server.snapshot.auto.trigger.enabled = true (custom)
2019-07-13 14:37:31,556 INFO  server.RaftServerConfigKeys (ConfUtils.java:logGet(43)) - raft.server.snapshot.auto.trigger.threshold = 10000 (custom)
2019-07-13 14:37:31,556 INFO  server.RaftServerConfigKeys (ConfUtils.java:logGet(43)) - raft.server.snapshot.auto.trigger.threshold = 10000 (custom)
2019-07-13 14:37:31,556 INFO  server.RaftServerConfigKeys (ConfUtils.java:logGet(43)) - raft.server.retrycache.expirytime = 600000ms (custom)
2019-07-13 14:37:31,556 INFO  server.RaftServerConfigKeys (ConfUtils.java:logGet(43)) - raft.server.retrycache.expirytime = 600000ms (custom)
2019-07-13 14:37:31,556 INFO  impl.RaftServerImpl (RaftServerImpl.java:start(180)) - 5adaed7b-640b-4a97-b7f6-bf7724a20468: start group-B1710A59CC92
2019-07-13 14:37:31,556 INFO  impl.RaftServerImpl (RaftServerImpl.java:start(180)) - f745a32b-a504-4385-a922-518c68893d66: start group-B1710A59CC92
2019-07-13 14:37:31,557 INFO  impl.RaftServerImpl (RaftServerImpl.java:setRole(171)) - 5adaed7b-640b-4a97-b7f6-bf7724a20468:group-B1710A59CC92 changes role from null to FOLLOWER at term 0 for startAsFollower
2019-07-13 14:37:31,557 INFO  impl.RaftServerImpl (RaftServerImpl.java:setRole(171)) - f745a32b-a504-4385-a922-518c68893d66:group-B1710A59CC92 changes role from null to FOLLOWER at term 0 for startAsFollower
2019-07-13 14:37:31,557 INFO  impl.RoleInfo (RoleInfo.java:updateAndGet(143)) - 5adaed7b-640b-4a97-b7f6-bf7724a20468: start FollowerState
2019-07-13 14:37:31,557 INFO  impl.RoleInfo (RoleInfo.java:updateAndGet(143)) - f745a32b-a504-4385-a922-518c68893d66: start FollowerState
2019-07-13 14:37:31,557 INFO  util.JmxRegister (JmxRegister.java:tryRegister(44)) - Successfully registered JMX Bean with object name Ratis:service=RaftServer,group=group-B1710A59CC92,id=5adaed7b-640b-4a97-b7f6-bf7724a20468
2019-07-13 14:37:31,557 INFO  util.JmxRegister (JmxRegister.java:tryRegister(44)) - Successfully registered JMX Bean with object name Ratis:service=RaftServer,group=group-B1710A59CC92,id=f745a32b-a504-4385-a922-518c68893d66
2019-07-13 14:37:31,559 INFO  pipeline.PipelineStateManager (PipelineStateManager.java:addPipeline(56)) - Created pipeline Pipeline[ Id: 2d52ab47-dfad-447e-afbf-b1710a59cc92, Nodes: 5adaed7b-640b-4a97-b7f6-bf7724a20468{ip: 192.168.5.172, host: trunk-nightly-mhs6z-4061744966, networkLocation: /default-rack, certSerialId: null}7ad932f2-f226-4ea3-b11e-48ddd64217a8{ip: 192.168.5.172, host: trunk-nightly-mhs6z-4061744966, networkLocation: /default-rack, certSerialId: null}f745a32b-a504-4385-a922-518c68893d66{ip: 192.168.5.172, host: trunk-nightly-mhs6z-4061744966, networkLocation: /default-rack, certSerialId: null}, Type:RATIS, Factor:THREE, State:OPEN]
2019-07-13 14:37:31,648 INFO  node.SCMNodeManager (SCMNodeManager.java:register(269)) - Registered Data node : 3d04393c-0560-4db1-9693-26be94a4e688{ip: 192.168.5.172, host: trunk-nightly-mhs6z-4061744966, networkLocation: /default-rack, certSerialId: null}
2019-07-13 14:37:31,656 INFO  impl.RaftServerProxy (RaftServerProxy.java:addNew(89)) - 3d04393c-0560-4db1-9693-26be94a4e688: addNew group-66DB0916FC9B:[3d04393c-0560-4db1-9693-26be94a4e688:192.168.5.172:44833] returns group-66DB0916FC9B:java.util.concurrent.CompletableFuture@69423491[Not completed]
2019-07-13 14:37:31,657 INFO  impl.RaftServerImpl (RaftServerImpl.java:<init>(93)) - 3d04393c-0560-4db1-9693-26be94a4e688: new RaftServerImpl for group-66DB0916FC9B:[3d04393c-0560-4db1-9693-26be94a4e688:192.168.5.172:44833] with ContainerStateMachine:uninitialized
2019-07-13 14:37:31,657 INFO  server.RaftServerConfigKeys (ConfUtils.java:logGet(43)) - raft.server.rpc.timeout.min = 5s (custom)
2019-07-13 14:37:31,657 INFO  server.RaftServerConfigKeys (ConfUtils.java:logGet(43)) - raft.server.rpc.timeout.max = 5200ms (custom)
2019-07-13 14:37:31,657 INFO  server.RaftServerConfigKeys (ConfUtils.java:logGet(43)) - raft.server.rpcslowness.timeout = 120s (custom)
2019-07-13 14:37:31,658 INFO  server.RaftServerConfigKeys (ConfUtils.java:logGet(43)) - raft.server.sleep.deviation.threshold = 300 (default)
2019-07-13 14:37:31,658 INFO  server.RaftServerConfigKeys (ConfUtils.java:logGet(43)) - raft.server.log.appender.install.snapshot.enabled = false (custom)
2019-07-13 14:37:31,658 INFO  impl.RaftServerImpl (ServerState.java:<init>(105)) - 3d04393c-0560-4db1-9693-26be94a4e688:group-66DB0916FC9B ConfigurationManager, init=-1: [3d04393c-0560-4db1-9693-26be94a4e688:192.168.5.172:44833], old=null, confs=<EMPTY_MAP>
2019-07-13 14:37:31,658 INFO  server.RaftServerConfigKeys (ConfUtils.java:logGet(43)) - raft.server.storage.dir = [/tmp/workdir/hadoop-ozone/integration-test/target/test-dir/MiniOzoneClusterImpl-c7b61d8d-b87d-4d70-bdb2-ac7817d2114b/datanode-3/data/ratis] (custom)
2019-07-13 14:37:31,659 INFO  storage.RaftStorageDirectory (RaftStorageDirectory.java:analyzeStorage(246)) - The storage directory /tmp/workdir/hadoop-ozone/integration-test/target/test-dir/MiniOzoneClusterImpl-c7b61d8d-b87d-4d70-bdb2-ac7817d2114b/datanode-3/data/ratis/76438909-749d-4574-a644-66db0916fc9b does not exist. Creating ...
2019-07-13 14:37:31,664 INFO  storage.RaftStorageDirectory (RaftStorageDirectory.java:tryLock(328)) - Lock on /tmp/workdir/hadoop-ozone/integration-test/target/test-dir/MiniOzoneClusterImpl-c7b61d8d-b87d-4d70-bdb2-ac7817d2114b/datanode-3/data/ratis/76438909-749d-4574-a644-66db0916fc9b/in_use.lock acquired by nodename 31544@trunk-nightly-mhs6z-4061744966
2019-07-13 14:37:31,668 INFO  storage.RaftStorage (RaftStorage.java:format(72)) - Storage directory /tmp/workdir/hadoop-ozone/integration-test/target/test-dir/MiniOzoneClusterImpl-c7b61d8d-b87d-4d70-bdb2-ac7817d2114b/datanode-3/data/ratis/76438909-749d-4574-a644-66db0916fc9b has been successfully formatted.
2019-07-13 14:37:31,668 INFO  ratis.ContainerStateMachine (ContainerStateMachine.java:loadSnapshot(200)) - The snapshot info is null.Setting the last applied index to:(t:0, i:~)
2019-07-13 14:37:31,669 INFO  server.RaftServerConfigKeys (ConfUtils.java:logGet(43)) - raft.server.leader.election.timeout = 120s (custom)
2019-07-13 14:37:31,669 INFO  server.RaftServerConfigKeys (ConfUtils.java:logGet(43)) - raft.server.log.use.memory = false (default)
2019-07-13 14:37:31,669 INFO  server.RaftServerConfigKeys (ConfUtils.java:logGet(43)) - raft.server.log.purge.gap = 1000000000 (custom)
2019-07-13 14:37:31,669 INFO  server.RaftServerConfigKeys (ConfUtils.java:logGet(43)) - raft.server.log.appender.buffer.byte-limit = 33554432 (custom)
2019-07-13 14:37:31,669 INFO  server.RaftServerConfigKeys (ConfUtils.java:logGet(43)) - raft.server.log.segment.size.max = 1048576 (custom)
2019-07-13 14:37:31,670 INFO  server.RaftServerConfigKeys (ConfUtils.java:logGet(43)) - raft.server.log.segment.cache.num.max = 2 (custom)
2019-07-13 14:37:31,670 INFO  segmented.SegmentedRaftLogWorker (SegmentedRaftLogWorker.java:<init>(172)) - new 3d04393c-0560-4db1-9693-26be94a4e688-SegmentedRaftLogWorker:Storage Directory /tmp/workdir/hadoop-ozone/integration-test/target/test-dir/MiniOzoneClusterImpl-c7b61d8d-b87d-4d70-bdb2-ac7817d2114b/datanode-3/data/ratis/76438909-749d-4574-a644-66db0916fc9b for RaftStorage:Storage Directory /tmp/workdir/hadoop-ozone/integration-test/target/test-dir/MiniOzoneClusterImpl-c7b61d8d-b87d-4d70-bdb2-ac7817d2114b/datanode-3/data/ratis/76438909-749d-4574-a644-66db0916fc9b
2019-07-13 14:37:31,670 INFO  server.RaftServerConfigKeys (ConfUtils.java:logGet(43)) - raft.server.log.queue.byte-limit = 2147483647 (custom)
2019-07-13 14:37:31,670 INFO  server.RaftServerConfigKeys (ConfUtils.java:logGet(43)) - raft.server.log.queue.element-limit = 1024 (custom)
2019-07-13 14:37:31,670 INFO  server.RaftServerConfigKeys (ConfUtils.java:logGet(43)) - raft.server.log.segment.size.max = 1048576 (custom)
2019-07-13 14:37:31,670 INFO  server.RaftServerConfigKeys (ConfUtils.java:logGet(43)) - raft.server.log.preallocated.size = 16384 (custom)
2019-07-13 14:37:31,671 INFO  server.RaftServerConfigKeys (ConfUtils.java:logGet(43)) - raft.server.log.write.buffer.size = 33554432 (custom)
2019-07-13 14:37:31,671 INFO  server.RaftServerConfigKeys (ConfUtils.java:logGet(43)) - raft.server.log.force.sync.num = 128 (default)
2019-07-13 14:37:31,671 INFO  server.RaftServerConfigKeys (ConfUtils.java:logGet(43)) - raft.server.log.statemachine.data.sync = true (default)
2019-07-13 14:37:31,671 INFO  server.RaftServerConfigKeys (ConfUtils.java:logGet(43)) - raft.server.log.statemachine.data.sync.timeout = 10s (default)
2019-07-13 14:37:31,671 INFO  server.RaftServerConfigKeys (ConfUtils.java:logGet(43)) - raft.server.log.statemachine.data.sync.timeout.retry = -1 (default)
2019-07-13 14:37:31,671 INFO  server.RaftServerConfigKeys (ConfUtils.java:logGet(43)) - raft.server.log.statemachine.data.caching.enabled = true (custom)
2019-07-13 14:37:31,672 INFO  segmented.SegmentedRaftLogWorker (SegmentedRaftLogWorker.java:lambda$new$0(132)) - 3d04393c-0560-4db1-9693-26be94a4e688-SegmentedRaftLogWorker:Storage Directory /tmp/workdir/hadoop-ozone/integration-test/target/test-dir/MiniOzoneClusterImpl-c7b61d8d-b87d-4d70-bdb2-ac7817d2114b/datanode-3/data/ratis/76438909-749d-4574-a644-66db0916fc9b: flushIndex: setUnconditionally 0 -> -1
2019-07-13 14:37:31,672 INFO  server.RaftServerConfigKeys (ConfUtils.java:logGet(43)) - raft.server.snapshot.auto.trigger.enabled = true (custom)
2019-07-13 14:37:31,672 INFO  server.RaftServerConfigKeys (ConfUtils.java:logGet(43)) - raft.server.snapshot.auto.trigger.threshold = 10000 (custom)
2019-07-13 14:37:31,673 INFO  server.RaftServerConfigKeys (ConfUtils.java:logGet(43)) - raft.server.retrycache.expirytime = 600000ms (custom)
2019-07-13 14:37:31,673 INFO  impl.RaftServerImpl (RaftServerImpl.java:start(180)) - 3d04393c-0560-4db1-9693-26be94a4e688: start group-66DB0916FC9B
2019-07-13 14:37:31,673 INFO  impl.RaftServerImpl (RaftServerImpl.java:setRole(171)) - 3d04393c-0560-4db1-9693-26be94a4e688:group-66DB0916FC9B changes role from null to FOLLOWER at term 0 for startAsFollower
2019-07-13 14:37:31,673 INFO  impl.RoleInfo (RoleInfo.java:updateAndGet(143)) - 3d04393c-0560-4db1-9693-26be94a4e688: start FollowerState
2019-07-13 14:37:31,681 INFO  util.JmxRegister (JmxRegister.java:tryRegister(44)) - Successfully registered JMX Bean with object name Ratis:service=RaftServer,group=group-66DB0916FC9B,id=3d04393c-0560-4db1-9693-26be94a4e688
2019-07-13 14:37:31,690 INFO  pipeline.PipelineStateManager (PipelineStateManager.java:addPipeline(56)) - Created pipeline Pipeline[ Id: 76438909-749d-4574-a644-66db0916fc9b, Nodes: 3d04393c-0560-4db1-9693-26be94a4e688{ip: 192.168.5.172, host: trunk-nightly-mhs6z-4061744966, networkLocation: /default-rack, certSerialId: null}, Type:RATIS, Factor:ONE, State:OPEN]
2019-07-13 14:37:31,808 INFO  node.SCMNodeManager (SCMNodeManager.java:register(269)) - Registered Data node : e76efa9c-e9b5-4a08-a78e-8ad3ee00eb33{ip: 192.168.5.172, host: trunk-nightly-mhs6z-4061744966, networkLocation: /default-rack, certSerialId: null}
2019-07-13 14:37:31,816 INFO  impl.RaftServerProxy (RaftServerProxy.java:addNew(89)) - e76efa9c-e9b5-4a08-a78e-8ad3ee00eb33: addNew group-EA952CD87706:[e76efa9c-e9b5-4a08-a78e-8ad3ee00eb33:192.168.5.172:34487] returns group-EA952CD87706:java.util.concurrent.CompletableFuture@679d42df[Not completed]
2019-07-13 14:37:31,818 INFO  impl.RaftServerImpl (RaftServerImpl.java:<init>(93)) - e76efa9c-e9b5-4a08-a78e-8ad3ee00eb33: new RaftServerImpl for group-EA952CD87706:[e76efa9c-e9b5-4a08-a78e-8ad3ee00eb33:192.168.5.172:34487] with ContainerStateMachine:uninitialized
2019-07-13 14:37:31,818 INFO  server.RaftServerConfigKeys (ConfUtils.java:logGet(43)) - raft.server.rpc.timeout.min = 5s (custom)
2019-07-13 14:37:31,818 INFO  server.RaftServerConfigKeys (ConfUtils.java:logGet(43)) - raft.server.rpc.timeout.max = 5200ms (custom)
2019-07-13 14:37:31,818 INFO  server.RaftServerConfigKeys (ConfUtils.java:logGet(43)) - raft.server.rpcslowness.timeout = 120s (custom)
2019-07-13 14:37:31,818 INFO  server.RaftServerConfigKeys (ConfUtils.java:logGet(43)) - raft.server.sleep.deviation.threshold = 300 (default)
2019-07-13 14:37:31,818 INFO  server.RaftServerConfigKeys (ConfUtils.java:logGet(43)) - raft.server.log.appender.install.snapshot.enabled = false (custom)
2019-07-13 14:37:31,819 INFO  impl.RaftServerImpl (ServerState.java:<init>(105)) - e76efa9c-e9b5-4a08-a78e-8ad3ee00eb33:group-EA952CD87706 ConfigurationManager, init=-1: [e76efa9c-e9b5-4a08-a78e-8ad3ee00eb33:192.168.5.172:34487], old=null, confs=<EMPTY_MAP>
2019-07-13 14:37:31,819 INFO  server.RaftServerConfigKeys (ConfUtils.java:logGet(43)) - raft.server.storage.dir = [/tmp/workdir/hadoop-ozone/integration-test/target/test-dir/MiniOzoneClusterImpl-c7b61d8d-b87d-4d70-bdb2-ac7817d2114b/datanode-4/data/ratis] (custom)
2019-07-13 14:37:31,819 INFO  storage.RaftStorageDirectory (RaftStorageDirectory.java:analyzeStorage(246)) - The storage directory /tmp/workdir/hadoop-ozone/integration-test/target/test-dir/MiniOzoneClusterImpl-c7b61d8d-b87d-4d70-bdb2-ac7817d2114b/datanode-4/data/ratis/71b91767-b132-4153-8684-ea952cd87706 does not exist. Creating ...
2019-07-13 14:37:31,832 INFO  storage.RaftStorageDirectory (RaftStorageDirectory.java:tryLock(328)) - Lock on /tmp/workdir/hadoop-ozone/integration-test/target/test-dir/MiniOzoneClusterImpl-c7b61d8d-b87d-4d70-bdb2-ac7817d2114b/datanode-4/data/ratis/71b91767-b132-4153-8684-ea952cd87706/in_use.lock acquired by nodename 31544@trunk-nightly-mhs6z-4061744966
2019-07-13 14:37:31,839 INFO  storage.RaftStorage (RaftStorage.java:format(72)) - Storage directory /tmp/workdir/hadoop-ozone/integration-test/target/test-dir/MiniOzoneClusterImpl-c7b61d8d-b87d-4d70-bdb2-ac7817d2114b/datanode-4/data/ratis/71b91767-b132-4153-8684-ea952cd87706 has been successfully formatted.
2019-07-13 14:37:31,839 INFO  ratis.ContainerStateMachine (ContainerStateMachine.java:loadSnapshot(200)) - The snapshot info is null.Setting the last applied index to:(t:0, i:~)
2019-07-13 14:37:31,839 INFO  server.RaftServerConfigKeys (ConfUtils.java:logGet(43)) - raft.server.leader.election.timeout = 120s (custom)
2019-07-13 14:37:31,840 INFO  server.RaftServerConfigKeys (ConfUtils.java:logGet(43)) - raft.server.log.use.memory = false (default)
2019-07-13 14:37:31,840 INFO  server.RaftServerConfigKeys (ConfUtils.java:logGet(43)) - raft.server.log.purge.gap = 1000000000 (custom)
2019-07-13 14:37:31,840 INFO  server.RaftServerConfigKeys (ConfUtils.java:logGet(43)) - raft.server.log.appender.buffer.byte-limit = 33554432 (custom)
2019-07-13 14:37:31,840 INFO  server.RaftServerConfigKeys (ConfUtils.java:logGet(43)) - raft.server.log.segment.size.max = 1048576 (custom)
2019-07-13 14:37:31,840 INFO  server.RaftServerConfigKeys (ConfUtils.java:logGet(43)) - raft.server.log.segment.cache.num.max = 2 (custom)
2019-07-13 14:37:31,840 INFO  segmented.SegmentedRaftLogWorker (SegmentedRaftLogWorker.java:<init>(172)) - new e76efa9c-e9b5-4a08-a78e-8ad3ee00eb33-SegmentedRaftLogWorker:Storage Directory /tmp/workdir/hadoop-ozone/integration-test/target/test-dir/MiniOzoneClusterImpl-c7b61d8d-b87d-4d70-bdb2-ac7817d2114b/datanode-4/data/ratis/71b91767-b132-4153-8684-ea952cd87706 for RaftStorage:Storage Directory /tmp/workdir/hadoop-ozone/integration-test/target/test-dir/MiniOzoneClusterImpl-c7b61d8d-b87d-4d70-bdb2-ac7817d2114b/datanode-4/data/ratis/71b91767-b132-4153-8684-ea952cd87706
2019-07-13 14:37:31,840 INFO  server.RaftServerConfigKeys (ConfUtils.java:logGet(43)) - raft.server.log.queue.byte-limit = 2147483647 (custom)
2019-07-13 14:37:31,841 INFO  server.RaftServerConfigKeys (ConfUtils.java:logGet(43)) - raft.server.log.queue.element-limit = 1024 (custom)
2019-07-13 14:37:31,841 INFO  server.RaftServerConfigKeys (ConfUtils.java:logGet(43)) - raft.server.log.segment.size.max = 1048576 (custom)
2019-07-13 14:37:31,841 INFO  server.RaftServerConfigKeys (ConfUtils.java:logGet(43)) - raft.server.log.preallocated.size = 16384 (custom)
2019-07-13 14:37:31,841 INFO  server.RaftServerConfigKeys (ConfUtils.java:logGet(43)) - raft.server.log.write.buffer.size = 33554432 (custom)
2019-07-13 14:37:31,841 INFO  server.RaftServerConfigKeys (ConfUtils.java:logGet(43)) - raft.server.log.force.sync.num = 128 (default)
2019-07-13 14:37:31,841 INFO  server.RaftServerConfigKeys (ConfUtils.java:logGet(43)) - raft.server.log.statemachine.data.sync = true (default)
2019-07-13 14:37:31,842 INFO  server.RaftServerConfigKeys (ConfUtils.java:logGet(43)) - raft.server.log.statemachine.data.sync.timeout = 10s (default)
2019-07-13 14:37:31,842 INFO  server.RaftServerConfigKeys (ConfUtils.java:logGet(43)) - raft.server.log.statemachine.data.sync.timeout.retry = -1 (default)
2019-07-13 14:37:31,842 INFO  server.RaftServerConfigKeys (ConfUtils.java:logGet(43)) - raft.server.log.statemachine.data.caching.enabled = true (custom)
2019-07-13 14:37:31,842 INFO  segmented.SegmentedRaftLogWorker (SegmentedRaftLogWorker.java:lambda$new$0(132)) - e76efa9c-e9b5-4a08-a78e-8ad3ee00eb33-SegmentedRaftLogWorker:Storage Directory /tmp/workdir/hadoop-ozone/integration-test/target/test-dir/MiniOzoneClusterImpl-c7b61d8d-b87d-4d70-bdb2-ac7817d2114b/datanode-4/data/ratis/71b91767-b132-4153-8684-ea952cd87706: flushIndex: setUnconditionally 0 -> -1
2019-07-13 14:37:31,843 INFO  server.RaftServerConfigKeys (ConfUtils.java:logGet(43)) - raft.server.snapshot.auto.trigger.enabled = true (custom)
2019-07-13 14:37:31,843 INFO  server.RaftServerConfigKeys (ConfUtils.java:logGet(43)) - raft.server.snapshot.auto.trigger.threshold = 10000 (custom)
2019-07-13 14:37:31,843 INFO  server.RaftServerConfigKeys (ConfUtils.java:logGet(43)) - raft.server.retrycache.expirytime = 600000ms (custom)
2019-07-13 14:37:31,843 INFO  impl.RaftServerImpl (RaftServerImpl.java:start(180)) - e76efa9c-e9b5-4a08-a78e-8ad3ee00eb33: start group-EA952CD87706
2019-07-13 14:37:31,843 INFO  impl.RaftServerImpl (RaftServerImpl.java:setRole(171)) - e76efa9c-e9b5-4a08-a78e-8ad3ee00eb33:group-EA952CD87706 changes role from null to FOLLOWER at term 0 for startAsFollower
2019-07-13 14:37:31,844 INFO  impl.RoleInfo (RoleInfo.java:updateAndGet(143)) - e76efa9c-e9b5-4a08-a78e-8ad3ee00eb33: start FollowerState
2019-07-13 14:37:31,844 INFO  util.JmxRegister (JmxRegister.java:tryRegister(44)) - Successfully registered JMX Bean with object name Ratis:service=RaftServer,group=group-EA952CD87706,id=e76efa9c-e9b5-4a08-a78e-8ad3ee00eb33
2019-07-13 14:37:31,846 INFO  pipeline.PipelineStateManager (PipelineStateManager.java:addPipeline(56)) - Created pipeline Pipeline[ Id: 71b91767-b132-4153-8684-ea952cd87706, Nodes: e76efa9c-e9b5-4a08-a78e-8ad3ee00eb33{ip: 192.168.5.172, host: trunk-nightly-mhs6z-4061744966, networkLocation: /default-rack, certSerialId: null}, Type:RATIS, Factor:ONE, State:OPEN]
2019-07-13 14:37:31,969 INFO  node.SCMNodeManager (SCMNodeManager.java:register(269)) - Registered Data node : aff28d89-2654-4cdc-b85d-484cab16ff25{ip: 192.168.5.172, host: trunk-nightly-mhs6z-4061744966, networkLocation: /default-rack, certSerialId: null}
2019-07-13 14:37:31,978 INFO  impl.RaftServerProxy (RaftServerProxy.java:addNew(89)) - aff28d89-2654-4cdc-b85d-484cab16ff25: addNew group-D4E3B318438B:[aff28d89-2654-4cdc-b85d-484cab16ff25:192.168.5.172:33570] returns group-D4E3B318438B:java.util.concurrent.CompletableFuture@5b288a42[Not completed]
2019-07-13 14:37:31,979 INFO  impl.RaftServerImpl (RaftServerImpl.java:<init>(93)) - aff28d89-2654-4cdc-b85d-484cab16ff25: new RaftServerImpl for group-D4E3B318438B:[aff28d89-2654-4cdc-b85d-484cab16ff25:192.168.5.172:33570] with ContainerStateMachine:uninitialized
2019-07-13 14:37:31,979 INFO  server.RaftServerConfigKeys (ConfUtils.java:logGet(43)) - raft.server.rpc.timeout.min = 5s (custom)
2019-07-13 14:37:31,979 INFO  server.RaftServerConfigKeys (ConfUtils.java:logGet(43)) - raft.server.rpc.timeout.max = 5200ms (custom)
2019-07-13 14:37:31,979 INFO  server.RaftServerConfigKeys (ConfUtils.java:logGet(43)) - raft.server.rpcslowness.timeout = 120s (custom)
2019-07-13 14:37:31,979 INFO  server.RaftServerConfigKeys (ConfUtils.java:logGet(43)) - raft.server.sleep.deviation.threshold = 300 (default)
2019-07-13 14:37:31,980 INFO  server.RaftServerConfigKeys (ConfUtils.java:logGet(43)) - raft.server.log.appender.install.snapshot.enabled = false (custom)
2019-07-13 14:37:31,980 INFO  impl.RaftServerImpl (ServerState.java:<init>(105)) - aff28d89-2654-4cdc-b85d-484cab16ff25:group-D4E3B318438B ConfigurationManager, init=-1: [aff28d89-2654-4cdc-b85d-484cab16ff25:192.168.5.172:33570], old=null, confs=<EMPTY_MAP>
2019-07-13 14:37:31,980 INFO  server.RaftServerConfigKeys (ConfUtils.java:logGet(43)) - raft.server.storage.dir = [/tmp/workdir/hadoop-ozone/integration-test/target/test-dir/MiniOzoneClusterImpl-c7b61d8d-b87d-4d70-bdb2-ac7817d2114b/datanode-5/data/ratis] (custom)
2019-07-13 14:37:31,980 INFO  storage.RaftStorageDirectory (RaftStorageDirectory.java:analyzeStorage(246)) - The storage directory /tmp/workdir/hadoop-ozone/integration-test/target/test-dir/MiniOzoneClusterImpl-c7b61d8d-b87d-4d70-bdb2-ac7817d2114b/datanode-5/data/ratis/c52c1bff-4837-43f3-bdad-d4e3b318438b does not exist. Creating ...
2019-07-13 14:37:31,985 INFO  storage.RaftStorageDirectory (RaftStorageDirectory.java:tryLock(328)) - Lock on /tmp/workdir/hadoop-ozone/integration-test/target/test-dir/MiniOzoneClusterImpl-c7b61d8d-b87d-4d70-bdb2-ac7817d2114b/datanode-5/data/ratis/c52c1bff-4837-43f3-bdad-d4e3b318438b/in_use.lock acquired by nodename 31544@trunk-nightly-mhs6z-4061744966
2019-07-13 14:37:31,989 INFO  storage.RaftStorage (RaftStorage.java:format(72)) - Storage directory /tmp/workdir/hadoop-ozone/integration-test/target/test-dir/MiniOzoneClusterImpl-c7b61d8d-b87d-4d70-bdb2-ac7817d2114b/datanode-5/data/ratis/c52c1bff-4837-43f3-bdad-d4e3b318438b has been successfully formatted.
2019-07-13 14:37:31,989 INFO  ratis.ContainerStateMachine (ContainerStateMachine.java:loadSnapshot(200)) - The snapshot info is null.Setting the last applied index to:(t:0, i:~)
2019-07-13 14:37:31,989 INFO  server.RaftServerConfigKeys (ConfUtils.java:logGet(43)) - raft.server.leader.election.timeout = 120s (custom)
2019-07-13 14:37:31,990 INFO  server.RaftServerConfigKeys (ConfUtils.java:logGet(43)) - raft.server.log.use.memory = false (default)
2019-07-13 14:37:31,990 INFO  server.RaftServerConfigKeys (ConfUtils.java:logGet(43)) - raft.server.log.purge.gap = 1000000000 (custom)
2019-07-13 14:37:31,990 INFO  server.RaftServerConfigKeys (ConfUtils.java:logGet(43)) - raft.server.log.appender.buffer.byte-limit = 33554432 (custom)
2019-07-13 14:37:31,990 INFO  server.RaftServerConfigKeys (ConfUtils.java:logGet(43)) - raft.server.log.segment.size.max = 1048576 (custom)
2019-07-13 14:37:31,990 INFO  server.RaftServerConfigKeys (ConfUtils.java:logGet(43)) - raft.server.log.segment.cache.num.max = 2 (custom)
2019-07-13 14:37:31,990 INFO  segmented.SegmentedRaftLogWorker (SegmentedRaftLogWorker.java:<init>(172)) - new aff28d89-2654-4cdc-b85d-484cab16ff25-SegmentedRaftLogWorker:Storage Directory /tmp/workdir/hadoop-ozone/integration-test/target/test-dir/MiniOzoneClusterImpl-c7b61d8d-b87d-4d70-bdb2-ac7817d2114b/datanode-5/data/ratis/c52c1bff-4837-43f3-bdad-d4e3b318438b for RaftStorage:Storage Directory /tmp/workdir/hadoop-ozone/integration-test/target/test-dir/MiniOzoneClusterImpl-c7b61d8d-b87d-4d70-bdb2-ac7817d2114b/datanode-5/data/ratis/c52c1bff-4837-43f3-bdad-d4e3b318438b
2019-07-13 14:37:31,991 INFO  server.RaftServerConfigKeys (ConfUtils.java:logGet(43)) - raft.server.log.queue.byte-limit = 2147483647 (custom)
2019-07-13 14:37:31,991 INFO  server.RaftServerConfigKeys (ConfUtils.java:logGet(43)) - raft.server.log.queue.element-limit = 1024 (custom)
2019-07-13 14:37:31,991 INFO  server.RaftServerConfigKeys (ConfUtils.java:logGet(43)) - raft.server.log.segment.size.max = 1048576 (custom)
2019-07-13 14:37:31,991 INFO  server.RaftServerConfigKeys (ConfUtils.java:logGet(43)) - raft.server.log.preallocated.size = 16384 (custom)
2019-07-13 14:37:31,991 INFO  server.RaftServerConfigKeys (ConfUtils.java:logGet(43)) - raft.server.log.write.buffer.size = 33554432 (custom)
2019-07-13 14:37:31,991 INFO  server.RaftServerConfigKeys (ConfUtils.java:logGet(43)) - raft.server.log.force.sync.num = 128 (default)
2019-07-13 14:37:31,992 INFO  server.RaftServerConfigKeys (ConfUtils.java:logGet(43)) - raft.server.log.statemachine.data.sync = true (default)
2019-07-13 14:37:31,992 INFO  server.RaftServerConfigKeys (ConfUtils.java:logGet(43)) - raft.server.log.statemachine.data.sync.timeout = 10s (default)
2019-07-13 14:37:31,992 INFO  server.RaftServerConfigKeys (ConfUtils.java:logGet(43)) - raft.server.log.statemachine.data.sync.timeout.retry = -1 (default)
2019-07-13 14:37:31,992 INFO  server.RaftServerConfigKeys (ConfUtils.java:logGet(43)) - raft.server.log.statemachine.data.caching.enabled = true (custom)
2019-07-13 14:37:31,992 INFO  segmented.SegmentedRaftLogWorker (SegmentedRaftLogWorker.java:lambda$new$0(132)) - aff28d89-2654-4cdc-b85d-484cab16ff25-SegmentedRaftLogWorker:Storage Directory /tmp/workdir/hadoop-ozone/integration-test/target/test-dir/MiniOzoneClusterImpl-c7b61d8d-b87d-4d70-bdb2-ac7817d2114b/datanode-5/data/ratis/c52c1bff-4837-43f3-bdad-d4e3b318438b: flushIndex: setUnconditionally 0 -> -1
2019-07-13 14:37:31,993 INFO  server.RaftServerConfigKeys (ConfUtils.java:logGet(43)) - raft.server.snapshot.auto.trigger.enabled = true (custom)
2019-07-13 14:37:31,993 INFO  server.RaftServerConfigKeys (ConfUtils.java:logGet(43)) - raft.server.snapshot.auto.trigger.threshold = 10000 (custom)
2019-07-13 14:37:31,993 INFO  server.RaftServerConfigKeys (ConfUtils.java:logGet(43)) - raft.server.retrycache.expirytime = 600000ms (custom)
2019-07-13 14:37:31,993 INFO  impl.RaftServerImpl (RaftServerImpl.java:start(180)) - aff28d89-2654-4cdc-b85d-484cab16ff25: start group-D4E3B318438B
2019-07-13 14:37:31,993 INFO  impl.RaftServerImpl (RaftServerImpl.java:setRole(171)) - aff28d89-2654-4cdc-b85d-484cab16ff25:group-D4E3B318438B changes role from null to FOLLOWER at term 0 for startAsFollower
2019-07-13 14:37:31,994 INFO  impl.RoleInfo (RoleInfo.java:updateAndGet(143)) - aff28d89-2654-4cdc-b85d-484cab16ff25: start FollowerState
2019-07-13 14:37:31,994 INFO  util.JmxRegister (JmxRegister.java:tryRegister(44)) - Successfully registered JMX Bean with object name Ratis:service=RaftServer,group=group-D4E3B318438B,id=aff28d89-2654-4cdc-b85d-484cab16ff25
2019-07-13 14:37:31,996 INFO  pipeline.PipelineStateManager (PipelineStateManager.java:addPipeline(56)) - Created pipeline Pipeline[ Id: c52c1bff-4837-43f3-bdad-d4e3b318438b, Nodes: aff28d89-2654-4cdc-b85d-484cab16ff25{ip: 192.168.5.172, host: trunk-nightly-mhs6z-4061744966, networkLocation: /default-rack, certSerialId: null}, Type:RATIS, Factor:ONE, State:OPEN]
2019-07-13 14:37:32,004 INFO  impl.RaftServerProxy (RaftServerProxy.java:addNew(89)) - aff28d89-2654-4cdc-b85d-484cab16ff25: addNew group-76DA3452CE4C:[aff28d89-2654-4cdc-b85d-484cab16ff25:192.168.5.172:33570, 3d04393c-0560-4db1-9693-26be94a4e688:192.168.5.172:44833, e76efa9c-e9b5-4a08-a78e-8ad3ee00eb33:192.168.5.172:34487] returns group-76DA3452CE4C:java.util.concurrent.CompletableFuture@5261b7df[Not completed]
2019-07-13 14:37:32,004 INFO  impl.RaftServerProxy (RaftServerProxy.java:addNew(89)) - e76efa9c-e9b5-4a08-a78e-8ad3ee00eb33: addNew group-76DA3452CE4C:[aff28d89-2654-4cdc-b85d-484cab16ff25:192.168.5.172:33570, 3d04393c-0560-4db1-9693-26be94a4e688:192.168.5.172:44833, e76efa9c-e9b5-4a08-a78e-8ad3ee00eb33:192.168.5.172:34487] returns group-76DA3452CE4C:java.util.concurrent.CompletableFuture@faf3e6a[Not completed]
2019-07-13 14:37:32,005 INFO  impl.RaftServerProxy (RaftServerProxy.java:addNew(89)) - 3d04393c-0560-4db1-9693-26be94a4e688: addNew group-76DA3452CE4C:[aff28d89-2654-4cdc-b85d-484cab16ff25:192.168.5.172:33570, 3d04393c-0560-4db1-9693-26be94a4e688:192.168.5.172:44833, e76efa9c-e9b5-4a08-a78e-8ad3ee00eb33:192.168.5.172:34487] returns group-76DA3452CE4C:java.util.concurrent.CompletableFuture@510a159a[Not completed]
2019-07-13 14:37:32,005 INFO  impl.RaftServerImpl (RaftServerImpl.java:<init>(93)) - aff28d89-2654-4cdc-b85d-484cab16ff25: new RaftServerImpl for group-76DA3452CE4C:[aff28d89-2654-4cdc-b85d-484cab16ff25:192.168.5.172:33570, 3d04393c-0560-4db1-9693-26be94a4e688:192.168.5.172:44833, e76efa9c-e9b5-4a08-a78e-8ad3ee00eb33:192.168.5.172:34487] with ContainerStateMachine:uninitialized
2019-07-13 14:37:32,005 INFO  server.RaftServerConfigKeys (ConfUtils.java:logGet(43)) - raft.server.rpc.timeout.min = 5s (custom)
2019-07-13 14:37:32,006 INFO  server.RaftServerConfigKeys (ConfUtils.java:logGet(43)) - raft.server.rpc.timeout.max = 5200ms (custom)
2019-07-13 14:37:32,006 INFO  impl.RaftServerImpl (RaftServerImpl.java:<init>(93)) - e76efa9c-e9b5-4a08-a78e-8ad3ee00eb33: new RaftServerImpl for group-76DA3452CE4C:[aff28d89-2654-4cdc-b85d-484cab16ff25:192.168.5.172:33570, 3d04393c-0560-4db1-9693-26be94a4e688:192.168.5.172:44833, e76efa9c-e9b5-4a08-a78e-8ad3ee00eb33:192.168.5.172:34487] with ContainerStateMachine:uninitialized
2019-07-13 14:37:32,006 INFO  server.RaftServerConfigKeys (ConfUtils.java:logGet(43)) - raft.server.rpcslowness.timeout = 120s (custom)
2019-07-13 14:37:32,006 INFO  server.RaftServerConfigKeys (ConfUtils.java:logGet(43)) - raft.server.rpc.timeout.min = 5s (custom)
2019-07-13 14:37:32,006 INFO  impl.RaftServerImpl (RaftServerImpl.java:<init>(93)) - 3d04393c-0560-4db1-9693-26be94a4e688: new RaftServerImpl for group-76DA3452CE4C:[aff28d89-2654-4cdc-b85d-484cab16ff25:192.168.5.172:33570, 3d04393c-0560-4db1-9693-26be94a4e688:192.168.5.172:44833, e76efa9c-e9b5-4a08-a78e-8ad3ee00eb33:192.168.5.172:34487] with ContainerStateMachine:uninitialized
2019-07-13 14:37:32,006 INFO  server.RaftServerConfigKeys (ConfUtils.java:logGet(43)) - raft.server.sleep.deviation.threshold = 300 (default)
2019-07-13 14:37:32,006 INFO  server.RaftServerConfigKeys (ConfUtils.java:logGet(43)) - raft.server.rpc.timeout.min = 5s (custom)
2019-07-13 14:37:32,006 INFO  server.RaftServerConfigKeys (ConfUtils.java:logGet(43)) - raft.server.rpc.timeout.max = 5200ms (custom)
2019-07-13 14:37:32,007 INFO  server.RaftServerConfigKeys (ConfUtils.java:logGet(43)) - raft.server.rpc.timeout.max = 5200ms (custom)
2019-07-13 14:37:32,006 INFO  server.RaftServerConfigKeys (ConfUtils.java:logGet(43)) - raft.server.log.appender.install.snapshot.enabled = false (custom)
2019-07-13 14:37:32,007 INFO  server.RaftServerConfigKeys (ConfUtils.java:logGet(43)) - raft.server.rpcslowness.timeout = 120s (custom)
2019-07-13 14:37:32,007 INFO  server.RaftServerConfigKeys (ConfUtils.java:logGet(43)) - raft.server.sleep.deviation.threshold = 300 (default)
2019-07-13 14:37:32,007 INFO  server.RaftServerConfigKeys (ConfUtils.java:logGet(43)) - raft.server.rpcslowness.timeout = 120s (custom)
2019-07-13 14:37:32,007 INFO  server.RaftServerConfigKeys (ConfUtils.java:logGet(43)) - raft.server.log.appender.install.snapshot.enabled = false (custom)
2019-07-13 14:37:32,007 INFO  impl.RaftServerImpl (ServerState.java:<init>(105)) - aff28d89-2654-4cdc-b85d-484cab16ff25:group-76DA3452CE4C ConfigurationManager, init=-1: [aff28d89-2654-4cdc-b85d-484cab16ff25:192.168.5.172:33570, 3d04393c-0560-4db1-9693-26be94a4e688:192.168.5.172:44833, e76efa9c-e9b5-4a08-a78e-8ad3ee00eb33:192.168.5.172:34487], old=null, confs=<EMPTY_MAP>
2019-07-13 14:37:32,008 INFO  impl.RaftServerImpl (ServerState.java:<init>(105)) - 3d04393c-0560-4db1-9693-26be94a4e688:group-76DA3452CE4C ConfigurationManager, init=-1: [aff28d89-2654-4cdc-b85d-484cab16ff25:192.168.5.172:33570, 3d04393c-0560-4db1-9693-26be94a4e688:192.168.5.172:44833, e76efa9c-e9b5-4a08-a78e-8ad3ee00eb33:192.168.5.172:34487], old=null, confs=<EMPTY_MAP>
2019-07-13 14:37:32,007 INFO  server.RaftServerConfigKeys (ConfUtils.java:logGet(43)) - raft.server.sleep.deviation.threshold = 300 (default)
2019-07-13 14:37:32,008 INFO  server.RaftServerConfigKeys (ConfUtils.java:logGet(43)) - raft.server.storage.dir = [/tmp/workdir/hadoop-ozone/integration-test/target/test-dir/MiniOzoneClusterImpl-c7b61d8d-b87d-4d70-bdb2-ac7817d2114b/datanode-3/data/ratis] (custom)
2019-07-13 14:37:32,008 INFO  server.RaftServerConfigKeys (ConfUtils.java:logGet(43)) - raft.server.storage.dir = [/tmp/workdir/hadoop-ozone/integration-test/target/test-dir/MiniOzoneClusterImpl-c7b61d8d-b87d-4d70-bdb2-ac7817d2114b/datanode-5/data/ratis] (custom)
2019-07-13 14:37:32,008 INFO  server.RaftServerConfigKeys (ConfUtils.java:logGet(43)) - raft.server.log.appender.install.snapshot.enabled = false (custom)
2019-07-13 14:37:32,008 INFO  storage.RaftStorageDirectory (RaftStorageDirectory.java:analyzeStorage(246)) - The storage directory /tmp/workdir/hadoop-ozone/integration-test/target/test-dir/MiniOzoneClusterImpl-c7b61d8d-b87d-4d70-bdb2-ac7817d2114b/datanode-3/data/ratis/57a7957c-d9fa-4f5c-a6b4-76da3452ce4c does not exist. Creating ...
2019-07-13 14:37:32,009 INFO  storage.RaftStorageDirectory (RaftStorageDirectory.java:analyzeStorage(246)) - The storage directory /tmp/workdir/hadoop-ozone/integration-test/target/test-dir/MiniOzoneClusterImpl-c7b61d8d-b87d-4d70-bdb2-ac7817d2114b/datanode-5/data/ratis/57a7957c-d9fa-4f5c-a6b4-76da3452ce4c does not exist. Creating ...
2019-07-13 14:37:32,008 INFO  impl.RaftServerImpl (ServerState.java:<init>(105)) - e76efa9c-e9b5-4a08-a78e-8ad3ee00eb33:group-76DA3452CE4C ConfigurationManager, init=-1: [aff28d89-2654-4cdc-b85d-484cab16ff25:192.168.5.172:33570, 3d04393c-0560-4db1-9693-26be94a4e688:192.168.5.172:44833, e76efa9c-e9b5-4a08-a78e-8ad3ee00eb33:192.168.5.172:34487], old=null, confs=<EMPTY_MAP>
2019-07-13 14:37:32,009 INFO  server.RaftServerConfigKeys (ConfUtils.java:logGet(43)) - raft.server.storage.dir = [/tmp/workdir/hadoop-ozone/integration-test/target/test-dir/MiniOzoneClusterImpl-c7b61d8d-b87d-4d70-bdb2-ac7817d2114b/datanode-4/data/ratis] (custom)
2019-07-13 14:37:32,009 INFO  storage.RaftStorageDirectory (RaftStorageDirectory.java:analyzeStorage(246)) - The storage directory /tmp/workdir/hadoop-ozone/integration-test/target/test-dir/MiniOzoneClusterImpl-c7b61d8d-b87d-4d70-bdb2-ac7817d2114b/datanode-4/data/ratis/57a7957c-d9fa-4f5c-a6b4-76da3452ce4c does not exist. Creating ...
2019-07-13 14:37:32,014 INFO  storage.RaftStorageDirectory (RaftStorageDirectory.java:tryLock(328)) - Lock on /tmp/workdir/hadoop-ozone/integration-test/target/test-dir/MiniOzoneClusterImpl-c7b61d8d-b87d-4d70-bdb2-ac7817d2114b/datanode-5/data/ratis/57a7957c-d9fa-4f5c-a6b4-76da3452ce4c/in_use.lock acquired by nodename 31544@trunk-nightly-mhs6z-4061744966
2019-07-13 14:37:32,014 INFO  storage.RaftStorageDirectory (RaftStorageDirectory.java:tryLock(328)) - Lock on /tmp/workdir/hadoop-ozone/integration-test/target/test-dir/MiniOzoneClusterImpl-c7b61d8d-b87d-4d70-bdb2-ac7817d2114b/datanode-3/data/ratis/57a7957c-d9fa-4f5c-a6b4-76da3452ce4c/in_use.lock acquired by nodename 31544@trunk-nightly-mhs6z-4061744966
2019-07-13 14:37:32,014 INFO  storage.RaftStorageDirectory (RaftStorageDirectory.java:tryLock(328)) - Lock on /tmp/workdir/hadoop-ozone/integration-test/target/test-dir/MiniOzoneClusterImpl-c7b61d8d-b87d-4d70-bdb2-ac7817d2114b/datanode-4/data/ratis/57a7957c-d9fa-4f5c-a6b4-76da3452ce4c/in_use.lock acquired by nodename 31544@trunk-nightly-mhs6z-4061744966
2019-07-13 14:37:32,020 INFO  storage.RaftStorage (RaftStorage.java:format(72)) - Storage directory /tmp/workdir/hadoop-ozone/integration-test/target/test-dir/MiniOzoneClusterImpl-c7b61d8d-b87d-4d70-bdb2-ac7817d2114b/datanode-3/data/ratis/57a7957c-d9fa-4f5c-a6b4-76da3452ce4c has been successfully formatted.
2019-07-13 14:37:32,020 INFO  storage.RaftStorage (RaftStorage.java:format(72)) - Storage directory /tmp/workdir/hadoop-ozone/integration-test/target/test-dir/MiniOzoneClusterImpl-c7b61d8d-b87d-4d70-bdb2-ac7817d2114b/datanode-4/data/ratis/57a7957c-d9fa-4f5c-a6b4-76da3452ce4c has been successfully formatted.
2019-07-13 14:37:32,020 INFO  storage.RaftStorage (RaftStorage.java:format(72)) - Storage directory /tmp/workdir/hadoop-ozone/integration-test/target/test-dir/MiniOzoneClusterImpl-c7b61d8d-b87d-4d70-bdb2-ac7817d2114b/datanode-5/data/ratis/57a7957c-d9fa-4f5c-a6b4-76da3452ce4c has been successfully formatted.
2019-07-13 14:37:32,021 INFO  ratis.ContainerStateMachine (ContainerStateMachine.java:loadSnapshot(200)) - The snapshot info is null.Setting the last applied index to:(t:0, i:~)
2019-07-13 14:37:32,021 INFO  ratis.ContainerStateMachine (ContainerStateMachine.java:loadSnapshot(200)) - The snapshot info is null.Setting the last applied index to:(t:0, i:~)
2019-07-13 14:37:32,021 INFO  ratis.ContainerStateMachine (ContainerStateMachine.java:loadSnapshot(200)) - The snapshot info is null.Setting the last applied index to:(t:0, i:~)
2019-07-13 14:37:32,021 INFO  server.RaftServerConfigKeys (ConfUtils.java:logGet(43)) - raft.server.leader.election.timeout = 120s (custom)
2019-07-13 14:37:32,021 INFO  server.RaftServerConfigKeys (ConfUtils.java:logGet(43)) - raft.server.leader.election.timeout = 120s (custom)
2019-07-13 14:37:32,022 INFO  server.RaftServerConfigKeys (ConfUtils.java:logGet(43)) - raft.server.log.use.memory = false (default)
2019-07-13 14:37:32,021 INFO  server.RaftServerConfigKeys (ConfUtils.java:logGet(43)) - raft.server.leader.election.timeout = 120s (custom)
2019-07-13 14:37:32,022 INFO  server.RaftServerConfigKeys (ConfUtils.java:logGet(43)) - raft.server.log.purge.gap = 1000000000 (custom)
2019-07-13 14:37:32,022 INFO  server.RaftServerConfigKeys (ConfUtils.java:logGet(43)) - raft.server.log.appender.buffer.byte-limit = 33554432 (custom)
2019-07-13 14:37:32,022 INFO  server.RaftServerConfigKeys (ConfUtils.java:logGet(43)) - raft.server.log.use.memory = false (default)
2019-07-13 14:37:32,022 INFO  server.RaftServerConfigKeys (ConfUtils.java:logGet(43)) - raft.server.log.segment.size.max = 1048576 (custom)
2019-07-13 14:37:32,023 INFO  server.RaftServerConfigKeys (ConfUtils.java:logGet(43)) - raft.server.log.segment.cache.num.max = 2 (custom)
2019-07-13 14:37:32,022 INFO  server.RaftServerConfigKeys (ConfUtils.java:logGet(43)) - raft.server.log.use.memory = false (default)
2019-07-13 14:37:32,023 INFO  segmented.SegmentedRaftLogWorker (SegmentedRaftLogWorker.java:<init>(172)) - new aff28d89-2654-4cdc-b85d-484cab16ff25-SegmentedRaftLogWorker:Storage Directory /tmp/workdir/hadoop-ozone/integration-test/target/test-dir/MiniOzoneClusterImpl-c7b61d8d-b87d-4d70-bdb2-ac7817d2114b/datanode-5/data/ratis/57a7957c-d9fa-4f5c-a6b4-76da3452ce4c for RaftStorage:Storage Directory /tmp/workdir/hadoop-ozone/integration-test/target/test-dir/MiniOzoneClusterImpl-c7b61d8d-b87d-4d70-bdb2-ac7817d2114b/datanode-5/data/ratis/57a7957c-d9fa-4f5c-a6b4-76da3452ce4c
2019-07-13 14:37:32,023 INFO  server.RaftServerConfigKeys (ConfUtils.java:logGet(43)) - raft.server.log.queue.byte-limit = 2147483647 (custom)
2019-07-13 14:37:32,022 INFO  server.RaftServerConfigKeys (ConfUtils.java:logGet(43)) - raft.server.log.purge.gap = 1000000000 (custom)
2019-07-13 14:37:32,023 INFO  server.RaftServerConfigKeys (ConfUtils.java:logGet(43)) - raft.server.log.queue.element-limit = 1024 (custom)
2019-07-13 14:37:32,023 INFO  server.RaftServerConfigKeys (ConfUtils.java:logGet(43)) - raft.server.log.purge.gap = 1000000000 (custom)
2019-07-13 14:37:32,023 INFO  server.RaftServerConfigKeys (ConfUtils.java:logGet(43)) - raft.server.log.segment.size.max = 1048576 (custom)
2019-07-13 14:37:32,023 INFO  server.RaftServerConfigKeys (ConfUtils.java:logGet(43)) - raft.server.log.appender.buffer.byte-limit = 33554432 (custom)
2019-07-13 14:37:32,024 INFO  server.RaftServerConfigKeys (ConfUtils.java:logGet(43)) - raft.server.log.preallocated.size = 16384 (custom)
2019-07-13 14:37:32,024 INFO  server.RaftServerConfigKeys (ConfUtils.java:logGet(43)) - raft.server.log.write.buffer.size = 33554432 (custom)
2019-07-13 14:37:32,024 INFO  server.RaftServerConfigKeys (ConfUtils.java:logGet(43)) - raft.server.log.appender.buffer.byte-limit = 33554432 (custom)
2019-07-13 14:37:32,024 INFO  server.RaftServerConfigKeys (ConfUtils.java:logGet(43)) - raft.server.log.force.sync.num = 128 (default)
2019-07-13 14:37:32,024 INFO  server.RaftServerConfigKeys (ConfUtils.java:logGet(43)) - raft.server.log.statemachine.data.sync = true (default)
2019-07-13 14:37:32,024 INFO  server.RaftServerConfigKeys (ConfUtils.java:logGet(43)) - raft.server.log.segment.size.max = 1048576 (custom)
2019-07-13 14:37:32,025 INFO  server.RaftServerConfigKeys (ConfUtils.java:logGet(43)) - raft.server.log.statemachine.data.sync.timeout = 10s (default)
2019-07-13 14:37:32,025 INFO  server.RaftServerConfigKeys (ConfUtils.java:logGet(43)) - raft.server.log.statemachine.data.sync.timeout.retry = -1 (default)
2019-07-13 14:37:32,024 INFO  server.RaftServerConfigKeys (ConfUtils.java:logGet(43)) - raft.server.log.segment.size.max = 1048576 (custom)
2019-07-13 14:37:32,025 INFO  server.RaftServerConfigKeys (ConfUtils.java:logGet(43)) - raft.server.log.statemachine.data.caching.enabled = true (custom)
2019-07-13 14:37:32,025 INFO  server.RaftServerConfigKeys (ConfUtils.java:logGet(43)) - raft.server.log.segment.cache.num.max = 2 (custom)
2019-07-13 14:37:32,025 INFO  server.RaftServerConfigKeys (ConfUtils.java:logGet(43)) - raft.server.log.segment.cache.num.max = 2 (custom)
2019-07-13 14:37:32,026 INFO  segmented.SegmentedRaftLogWorker (SegmentedRaftLogWorker.java:lambda$new$0(132)) - aff28d89-2654-4cdc-b85d-484cab16ff25-SegmentedRaftLogWorker:Storage Directory /tmp/workdir/hadoop-ozone/integration-test/target/test-dir/MiniOzoneClusterImpl-c7b61d8d-b87d-4d70-bdb2-ac7817d2114b/datanode-5/data/ratis/57a7957c-d9fa-4f5c-a6b4-76da3452ce4c: flushIndex: setUnconditionally 0 -> -1
2019-07-13 14:37:32,026 INFO  segmented.SegmentedRaftLogWorker (SegmentedRaftLogWorker.java:<init>(172)) - new e76efa9c-e9b5-4a08-a78e-8ad3ee00eb33-SegmentedRaftLogWorker:Storage Directory /tmp/workdir/hadoop-ozone/integration-test/target/test-dir/MiniOzoneClusterImpl-c7b61d8d-b87d-4d70-bdb2-ac7817d2114b/datanode-4/data/ratis/57a7957c-d9fa-4f5c-a6b4-76da3452ce4c for RaftStorage:Storage Directory /tmp/workdir/hadoop-ozone/integration-test/target/test-dir/MiniOzoneClusterImpl-c7b61d8d-b87d-4d70-bdb2-ac7817d2114b/datanode-4/data/ratis/57a7957c-d9fa-4f5c-a6b4-76da3452ce4c
2019-07-13 14:37:32,026 INFO  segmented.SegmentedRaftLogWorker (SegmentedRaftLogWorker.java:<init>(172)) - new 3d04393c-0560-4db1-9693-26be94a4e688-SegmentedRaftLogWorker:Storage Directory /tmp/workdir/hadoop-ozone/integration-test/target/test-dir/MiniOzoneClusterImpl-c7b61d8d-b87d-4d70-bdb2-ac7817d2114b/datanode-3/data/ratis/57a7957c-d9fa-4f5c-a6b4-76da3452ce4c for RaftStorage:Storage Directory /tmp/workdir/hadoop-ozone/integration-test/target/test-dir/MiniOzoneClusterImpl-c7b61d8d-b87d-4d70-bdb2-ac7817d2114b/datanode-3/data/ratis/57a7957c-d9fa-4f5c-a6b4-76da3452ce4c
2019-07-13 14:37:32,026 INFO  server.RaftServerConfigKeys (ConfUtils.java:logGet(43)) - raft.server.log.queue.byte-limit = 2147483647 (custom)
2019-07-13 14:37:32,026 INFO  server.RaftServerConfigKeys (ConfUtils.java:logGet(43)) - raft.server.snapshot.auto.trigger.enabled = true (custom)
2019-07-13 14:37:32,026 INFO  server.RaftServerConfigKeys (ConfUtils.java:logGet(43)) - raft.server.log.queue.element-limit = 1024 (custom)
2019-07-13 14:37:32,027 INFO  server.RaftServerConfigKeys (ConfUtils.java:logGet(43)) - raft.server.log.segment.size.max = 1048576 (custom)
2019-07-13 14:37:32,026 INFO  server.RaftServerConfigKeys (ConfUtils.java:logGet(43)) - raft.server.log.queue.byte-limit = 2147483647 (custom)
2019-07-13 14:37:32,027 INFO  server.RaftServerConfigKeys (ConfUtils.java:logGet(43)) - raft.server.log.preallocated.size = 16384 (custom)
2019-07-13 14:37:32,027 INFO  server.RaftServerConfigKeys (ConfUtils.java:logGet(43)) - raft.server.log.write.buffer.size = 33554432 (custom)
2019-07-13 14:37:32,027 INFO  server.RaftServerConfigKeys (ConfUtils.java:logGet(43)) - raft.server.snapshot.auto.trigger.threshold = 10000 (custom)
2019-07-13 14:37:32,027 INFO  server.RaftServerConfigKeys (ConfUtils.java:logGet(43)) - raft.server.log.force.sync.num = 128 (default)
2019-07-13 14:37:32,028 INFO  server.RaftServerConfigKeys (ConfUtils.java:logGet(43)) - raft.server.log.statemachine.data.sync = true (default)
2019-07-13 14:37:32,027 INFO  server.RaftServerConfigKeys (ConfUtils.java:logGet(43)) - raft.server.log.queue.element-limit = 1024 (custom)
2019-07-13 14:37:32,028 INFO  server.RaftServerConfigKeys (ConfUtils.java:logGet(43)) - raft.server.log.statemachine.data.sync.timeout = 10s (default)
2019-07-13 14:37:32,028 INFO  server.RaftServerConfigKeys (ConfUtils.java:logGet(43)) - raft.server.log.statemachine.data.sync.timeout.retry = -1 (default)
2019-07-13 14:37:32,028 INFO  server.RaftServerConfigKeys (ConfUtils.java:logGet(43)) - raft.server.retrycache.expirytime = 600000ms (custom)
2019-07-13 14:37:32,028 INFO  server.RaftServerConfigKeys (ConfUtils.java:logGet(43)) - raft.server.log.statemachine.data.caching.enabled = true (custom)
2019-07-13 14:37:32,028 INFO  server.RaftServerConfigKeys (ConfUtils.java:logGet(43)) - raft.server.log.segment.size.max = 1048576 (custom)
2019-07-13 14:37:32,029 INFO  segmented.SegmentedRaftLogWorker (SegmentedRaftLogWorker.java:lambda$new$0(132)) - e76efa9c-e9b5-4a08-a78e-8ad3ee00eb33-SegmentedRaftLogWorker:Storage Directory /tmp/workdir/hadoop-ozone/integration-test/target/test-dir/MiniOzoneClusterImpl-c7b61d8d-b87d-4d70-bdb2-ac7817d2114b/datanode-4/data/ratis/57a7957c-d9fa-4f5c-a6b4-76da3452ce4c: flushIndex: setUnconditionally 0 -> -1
2019-07-13 14:37:32,029 INFO  impl.RaftServerImpl (RaftServerImpl.java:start(180)) - aff28d89-2654-4cdc-b85d-484cab16ff25: start group-76DA3452CE4C
2019-07-13 14:37:32,029 INFO  impl.RaftServerImpl (RaftServerImpl.java:setRole(171)) - aff28d89-2654-4cdc-b85d-484cab16ff25:group-76DA3452CE4C changes role from null to FOLLOWER at term 0 for startAsFollower
2019-07-13 14:37:32,029 INFO  server.RaftServerConfigKeys (ConfUtils.java:logGet(43)) - raft.server.log.preallocated.size = 16384 (custom)
2019-07-13 14:37:32,029 INFO  impl.RoleInfo (RoleInfo.java:updateAndGet(143)) - aff28d89-2654-4cdc-b85d-484cab16ff25: start FollowerState
2019-07-13 14:37:32,029 INFO  server.RaftServerConfigKeys (ConfUtils.java:logGet(43)) - raft.server.snapshot.auto.trigger.enabled = true (custom)
2019-07-13 14:37:32,030 INFO  server.RaftServerConfigKeys (ConfUtils.java:logGet(43)) - raft.server.log.write.buffer.size = 33554432 (custom)
2019-07-13 14:37:32,030 INFO  util.JmxRegister (JmxRegister.java:tryRegister(44)) - Successfully registered JMX Bean with object name Ratis:service=RaftServer,group=group-76DA3452CE4C,id=aff28d89-2654-4cdc-b85d-484cab16ff25
2019-07-13 14:37:32,030 INFO  server.RaftServerConfigKeys (ConfUtils.java:logGet(43)) - raft.server.snapshot.auto.trigger.threshold = 10000 (custom)
2019-07-13 14:37:32,030 INFO  server.RaftServerConfigKeys (ConfUtils.java:logGet(43)) - raft.server.log.force.sync.num = 128 (default)
2019-07-13 14:37:32,030 INFO  server.RaftServerConfigKeys (ConfUtils.java:logGet(43)) - raft.server.retrycache.expirytime = 600000ms (custom)
2019-07-13 14:37:32,030 INFO  server.RaftServerConfigKeys (ConfUtils.java:logGet(43)) - raft.server.log.statemachine.data.sync = true (default)
2019-07-13 14:37:32,031 INFO  impl.RaftServerImpl (RaftServerImpl.java:start(180)) - e76efa9c-e9b5-4a08-a78e-8ad3ee00eb33: start group-76DA3452CE4C
2019-07-13 14:37:32,031 INFO  server.RaftServerConfigKeys (ConfUtils.java:logGet(43)) - raft.server.log.statemachine.data.sync.timeout = 10s (default)
2019-07-13 14:37:32,031 INFO  impl.RaftServerImpl (RaftServerImpl.java:setRole(171)) - e76efa9c-e9b5-4a08-a78e-8ad3ee00eb33:group-76DA3452CE4C changes role from null to FOLLOWER at term 0 for startAsFollower
2019-07-13 14:37:32,031 INFO  server.RaftServerConfigKeys (ConfUtils.java:logGet(43)) - raft.server.log.statemachine.data.sync.timeout.retry = -1 (default)
2019-07-13 14:37:32,031 INFO  impl.RoleInfo (RoleInfo.java:updateAndGet(143)) - e76efa9c-e9b5-4a08-a78e-8ad3ee00eb33: start FollowerState
2019-07-13 14:37:32,031 INFO  server.RaftServerConfigKeys (ConfUtils.java:logGet(43)) - raft.server.log.statemachine.data.caching.enabled = true (custom)
2019-07-13 14:37:32,032 INFO  util.JmxRegister (JmxRegister.java:tryRegister(44)) - Successfully registered JMX Bean with object name Ratis:service=RaftServer,group=group-76DA3452CE4C,id=e76efa9c-e9b5-4a08-a78e-8ad3ee00eb33
2019-07-13 14:37:32,032 INFO  segmented.SegmentedRaftLogWorker (SegmentedRaftLogWorker.java:lambda$new$0(132)) - 3d04393c-0560-4db1-9693-26be94a4e688-SegmentedRaftLogWorker:Storage Directory /tmp/workdir/hadoop-ozone/integration-test/target/test-dir/MiniOzoneClusterImpl-c7b61d8d-b87d-4d70-bdb2-ac7817d2114b/datanode-3/data/ratis/57a7957c-d9fa-4f5c-a6b4-76da3452ce4c: flushIndex: setUnconditionally 0 -> -1
2019-07-13 14:37:32,032 INFO  server.RaftServerConfigKeys (ConfUtils.java:logGet(43)) - raft.server.snapshot.auto.trigger.enabled = true (custom)
2019-07-13 14:37:32,033 INFO  server.RaftServerConfigKeys (ConfUtils.java:logGet(43)) - raft.server.snapshot.auto.trigger.threshold = 10000 (custom)
2019-07-13 14:37:32,033 INFO  server.RaftServerConfigKeys (ConfUtils.java:logGet(43)) - raft.server.retrycache.expirytime = 600000ms (custom)
2019-07-13 14:37:32,033 INFO  impl.RaftServerImpl (RaftServerImpl.java:start(180)) - 3d04393c-0560-4db1-9693-26be94a4e688: start group-76DA3452CE4C
2019-07-13 14:37:32,033 INFO  impl.RaftServerImpl (RaftServerImpl.java:setRole(171)) - 3d04393c-0560-4db1-9693-26be94a4e688:group-76DA3452CE4C changes role from null to FOLLOWER at term 0 for startAsFollower
2019-07-13 14:37:32,033 INFO  impl.RoleInfo (RoleInfo.java:updateAndGet(143)) - 3d04393c-0560-4db1-9693-26be94a4e688: start FollowerState
2019-07-13 14:37:32,034 INFO  util.JmxRegister (JmxRegister.java:tryRegister(44)) - Successfully registered JMX Bean with object name Ratis:service=RaftServer,group=group-76DA3452CE4C,id=3d04393c-0560-4db1-9693-26be94a4e688
2019-07-13 14:37:32,035 INFO  pipeline.PipelineStateManager (PipelineStateManager.java:addPipeline(56)) - Created pipeline Pipeline[ Id: 57a7957c-d9fa-4f5c-a6b4-76da3452ce4c, Nodes: e76efa9c-e9b5-4a08-a78e-8ad3ee00eb33{ip: 192.168.5.172, host: trunk-nightly-mhs6z-4061744966, networkLocation: /default-rack, certSerialId: null}aff28d89-2654-4cdc-b85d-484cab16ff25{ip: 192.168.5.172, host: trunk-nightly-mhs6z-4061744966, networkLocation: /default-rack, certSerialId: null}3d04393c-0560-4db1-9693-26be94a4e688{ip: 192.168.5.172, host: trunk-nightly-mhs6z-4061744966, networkLocation: /default-rack, certSerialId: null}, Type:RATIS, Factor:THREE, State:OPEN]
2019-07-13 14:37:32,126 INFO  ozone.MiniOzoneClusterImpl (MiniOzoneClusterImpl.java:lambda$waitForClusterToBeReady$0(142)) - Waiting for cluster to be ready. Got 6 of 7 DN Heartbeats.
2019-07-13 14:37:32,128 INFO  node.SCMNodeManager (SCMNodeManager.java:register(269)) - Registered Data node : 831c982a-f122-4a57-892f-80d750b79246{ip: 192.168.5.172, host: trunk-nightly-mhs6z-4061744966, networkLocation: /default-rack, certSerialId: null}
2019-07-13 14:37:32,137 INFO  impl.RaftServerProxy (RaftServerProxy.java:addNew(89)) - 831c982a-f122-4a57-892f-80d750b79246: addNew group-2E994392817A:[831c982a-f122-4a57-892f-80d750b79246:192.168.5.172:37420] returns group-2E994392817A:java.util.concurrent.CompletableFuture@451299ff[Not completed]
2019-07-13 14:37:32,138 INFO  impl.RaftServerImpl (RaftServerImpl.java:<init>(93)) - 831c982a-f122-4a57-892f-80d750b79246: new RaftServerImpl for group-2E994392817A:[831c982a-f122-4a57-892f-80d750b79246:192.168.5.172:37420] with ContainerStateMachine:uninitialized
2019-07-13 14:37:32,139 INFO  server.RaftServerConfigKeys (ConfUtils.java:logGet(43)) - raft.server.rpc.timeout.min = 5s (custom)
2019-07-13 14:37:32,139 INFO  server.RaftServerConfigKeys (ConfUtils.java:logGet(43)) - raft.server.rpc.timeout.max = 5200ms (custom)
2019-07-13 14:37:32,139 INFO  server.RaftServerConfigKeys (ConfUtils.java:logGet(43)) - raft.server.rpcslowness.timeout = 120s (custom)
2019-07-13 14:37:32,139 INFO  server.RaftServerConfigKeys (ConfUtils.java:logGet(43)) - raft.server.sleep.deviation.threshold = 300 (default)
2019-07-13 14:37:32,139 INFO  server.RaftServerConfigKeys (ConfUtils.java:logGet(43)) - raft.server.log.appender.install.snapshot.enabled = false (custom)
2019-07-13 14:37:32,139 INFO  impl.RaftServerImpl (ServerState.java:<init>(105)) - 831c982a-f122-4a57-892f-80d750b79246:group-2E994392817A ConfigurationManager, init=-1: [831c982a-f122-4a57-892f-80d750b79246:192.168.5.172:37420], old=null, confs=<EMPTY_MAP>
2019-07-13 14:37:32,139 INFO  server.RaftServerConfigKeys (ConfUtils.java:logGet(43)) - raft.server.storage.dir = [/tmp/workdir/hadoop-ozone/integration-test/target/test-dir/MiniOzoneClusterImpl-c7b61d8d-b87d-4d70-bdb2-ac7817d2114b/datanode-6/data/ratis] (custom)
2019-07-13 14:37:32,140 INFO  storage.RaftStorageDirectory (RaftStorageDirectory.java:analyzeStorage(246)) - The storage directory /tmp/workdir/hadoop-ozone/integration-test/target/test-dir/MiniOzoneClusterImpl-c7b61d8d-b87d-4d70-bdb2-ac7817d2114b/datanode-6/data/ratis/6b25d4a0-e28a-40f2-a004-2e994392817a does not exist. Creating ...
2019-07-13 14:37:32,145 INFO  storage.RaftStorageDirectory (RaftStorageDirectory.java:tryLock(328)) - Lock on /tmp/workdir/hadoop-ozone/integration-test/target/test-dir/MiniOzoneClusterImpl-c7b61d8d-b87d-4d70-bdb2-ac7817d2114b/datanode-6/data/ratis/6b25d4a0-e28a-40f2-a004-2e994392817a/in_use.lock acquired by nodename 31544@trunk-nightly-mhs6z-4061744966
2019-07-13 14:37:32,149 INFO  storage.RaftStorage (RaftStorage.java:format(72)) - Storage directory /tmp/workdir/hadoop-ozone/integration-test/target/test-dir/MiniOzoneClusterImpl-c7b61d8d-b87d-4d70-bdb2-ac7817d2114b/datanode-6/data/ratis/6b25d4a0-e28a-40f2-a004-2e994392817a has been successfully formatted.
2019-07-13 14:37:32,149 INFO  ratis.ContainerStateMachine (ContainerStateMachine.java:loadSnapshot(200)) - The snapshot info is null.Setting the last applied index to:(t:0, i:~)
2019-07-13 14:37:32,149 INFO  server.RaftServerConfigKeys (ConfUtils.java:logGet(43)) - raft.server.leader.election.timeout = 120s (custom)
2019-07-13 14:37:32,149 INFO  server.RaftServerConfigKeys (ConfUtils.java:logGet(43)) - raft.server.log.use.memory = false (default)
2019-07-13 14:37:32,150 INFO  server.RaftServerConfigKeys (ConfUtils.java:logGet(43)) - raft.server.log.purge.gap = 1000000000 (custom)
2019-07-13 14:37:32,150 INFO  server.RaftServerConfigKeys (ConfUtils.java:logGet(43)) - raft.server.log.appender.buffer.byte-limit = 33554432 (custom)
2019-07-13 14:37:32,150 INFO  server.RaftServerConfigKeys (ConfUtils.java:logGet(43)) - raft.server.log.segment.size.max = 1048576 (custom)
2019-07-13 14:37:32,150 INFO  server.RaftServerConfigKeys (ConfUtils.java:logGet(43)) - raft.server.log.segment.cache.num.max = 2 (custom)
2019-07-13 14:37:32,150 INFO  segmented.SegmentedRaftLogWorker (SegmentedRaftLogWorker.java:<init>(172)) - new 831c982a-f122-4a57-892f-80d750b79246-SegmentedRaftLogWorker:Storage Directory /tmp/workdir/hadoop-ozone/integration-test/target/test-dir/MiniOzoneClusterImpl-c7b61d8d-b87d-4d70-bdb2-ac7817d2114b/datanode-6/data/ratis/6b25d4a0-e28a-40f2-a004-2e994392817a for RaftStorage:Storage Directory /tmp/workdir/hadoop-ozone/integration-test/target/test-dir/MiniOzoneClusterImpl-c7b61d8d-b87d-4d70-bdb2-ac7817d2114b/datanode-6/data/ratis/6b25d4a0-e28a-40f2-a004-2e994392817a
2019-07-13 14:37:32,150 INFO  server.RaftServerConfigKeys (ConfUtils.java:logGet(43)) - raft.server.log.queue.byte-limit = 2147483647 (custom)
2019-07-13 14:37:32,151 INFO  server.RaftServerConfigKeys (ConfUtils.java:logGet(43)) - raft.server.log.queue.element-limit = 1024 (custom)
2019-07-13 14:37:32,151 INFO  server.RaftServerConfigKeys (ConfUtils.java:logGet(43)) - raft.server.log.segment.size.max = 1048576 (custom)
2019-07-13 14:37:32,151 INFO  server.RaftServerConfigKeys (ConfUtils.java:logGet(43)) - raft.server.log.preallocated.size = 16384 (custom)
2019-07-13 14:37:32,151 INFO  server.RaftServerConfigKeys (ConfUtils.java:logGet(43)) - raft.server.log.write.buffer.size = 33554432 (custom)
2019-07-13 14:37:32,151 INFO  server.RaftServerConfigKeys (ConfUtils.java:logGet(43)) - raft.server.log.force.sync.num = 128 (default)
2019-07-13 14:37:32,151 INFO  server.RaftServerConfigKeys (ConfUtils.java:logGet(43)) - raft.server.log.statemachine.data.sync = true (default)
2019-07-13 14:37:32,152 INFO  server.RaftServerConfigKeys (ConfUtils.java:logGet(43)) - raft.server.log.statemachine.data.sync.timeout = 10s (default)
2019-07-13 14:37:32,152 INFO  server.RaftServerConfigKeys (ConfUtils.java:logGet(43)) - raft.server.log.statemachine.data.sync.timeout.retry = -1 (default)
2019-07-13 14:37:32,152 INFO  server.RaftServerConfigKeys (ConfUtils.java:logGet(43)) - raft.server.log.statemachine.data.caching.enabled = true (custom)
2019-07-13 14:37:32,152 INFO  segmented.SegmentedRaftLogWorker (SegmentedRaftLogWorker.java:lambda$new$0(132)) - 831c982a-f122-4a57-892f-80d750b79246-SegmentedRaftLogWorker:Storage Directory /tmp/workdir/hadoop-ozone/integration-test/target/test-dir/MiniOzoneClusterImpl-c7b61d8d-b87d-4d70-bdb2-ac7817d2114b/datanode-6/data/ratis/6b25d4a0-e28a-40f2-a004-2e994392817a: flushIndex: setUnconditionally 0 -> -1
2019-07-13 14:37:32,153 INFO  server.RaftServerConfigKeys (ConfUtils.java:logGet(43)) - raft.server.snapshot.auto.trigger.enabled = true (custom)
2019-07-13 14:37:32,153 INFO  server.RaftServerConfigKeys (ConfUtils.java:logGet(43)) - raft.server.snapshot.auto.trigger.threshold = 10000 (custom)
2019-07-13 14:37:32,153 INFO  server.RaftServerConfigKeys (ConfUtils.java:logGet(43)) - raft.server.retrycache.expirytime = 600000ms (custom)
2019-07-13 14:37:32,153 INFO  impl.RaftServerImpl (RaftServerImpl.java:start(180)) - 831c982a-f122-4a57-892f-80d750b79246: start group-2E994392817A
2019-07-13 14:37:32,153 INFO  impl.RaftServerImpl (RaftServerImpl.java:setRole(171)) - 831c982a-f122-4a57-892f-80d750b79246:group-2E994392817A changes role from null to FOLLOWER at term 0 for startAsFollower
2019-07-13 14:37:32,153 INFO  impl.RoleInfo (RoleInfo.java:updateAndGet(143)) - 831c982a-f122-4a57-892f-80d750b79246: start FollowerState
2019-07-13 14:37:32,154 INFO  util.JmxRegister (JmxRegister.java:tryRegister(44)) - Successfully registered JMX Bean with object name Ratis:service=RaftServer,group=group-2E994392817A,id=831c982a-f122-4a57-892f-80d750b79246
2019-07-13 14:37:32,156 INFO  pipeline.PipelineStateManager (PipelineStateManager.java:addPipeline(56)) - Created pipeline Pipeline[ Id: 6b25d4a0-e28a-40f2-a004-2e994392817a, Nodes: 831c982a-f122-4a57-892f-80d750b79246{ip: 192.168.5.172, host: trunk-nightly-mhs6z-4061744966, networkLocation: /default-rack, certSerialId: null}, Type:RATIS, Factor:ONE, State:OPEN]
2019-07-13 14:37:33,127 INFO  ozone.MiniOzoneClusterImpl (MiniOzoneClusterImpl.java:lambda$waitForClusterToBeReady$0(142)) - Cluster is ready. Got 7 of 7 DN Heartbeats.
2019-07-13 14:37:33,183 INFO  rpc.RpcClient (RpcClient.java:createVolume(287)) - Creating Volume: testblockoutputstream, with jenkins1000 as owner.
2019-07-13 14:37:33,199 INFO  rpc.RpcClient (RpcClient.java:createBucket(424)) - Creating Bucket: testblockoutputstream/testblockoutputstream, with Versioning false and Storage Type set to DISK and Encryption set to false 
2019-07-13 14:37:33,224 INFO  client.GrpcClientProtocolClient (GrpcClientProtocolClient.java:onNext(255)) - client-AA0F6FFFC611->e76efa9c-e9b5-4a08-a78e-8ad3ee00eb33: receive RaftClientReply:client-AA0F6FFFC611->e76efa9c-e9b5-4a08-a78e-8ad3ee00eb33@group-76DA3452CE4C, cid=235, FAILED org.apache.ratis.protocol.NotLeaderException: Server e76efa9c-e9b5-4a08-a78e-8ad3ee00eb33 is not the leader (null). Request must be sent to leader., logIndex=0, commits[e76efa9c-e9b5-4a08-a78e-8ad3ee00eb33:c-1]
2019-07-13 14:37:34,181 INFO  container.ReplicationManager (ReplicationManager.java:start(155)) - Starting Replication Monitor Thread.
2019-07-13 14:37:34,184 INFO  container.ReplicationManager (ReplicationManager.java:run(207)) - Replication Monitor Thread took 0 milliseconds for processing 1 containers.
2019-07-13 14:37:34,238 INFO  client.GrpcClientProtocolClient (GrpcClientProtocolClient.java:onNext(255)) - client-AA0F6FFFC611->aff28d89-2654-4cdc-b85d-484cab16ff25: receive RaftClientReply:client-AA0F6FFFC611->aff28d89-2654-4cdc-b85d-484cab16ff25@group-76DA3452CE4C, cid=235, FAILED org.apache.ratis.protocol.NotLeaderException: Server aff28d89-2654-4cdc-b85d-484cab16ff25 is not the leader (null). Request must be sent to leader., logIndex=0, commits[aff28d89-2654-4cdc-b85d-484cab16ff25:c-1]
2019-07-13 14:37:35,252 INFO  client.GrpcClientProtocolClient (GrpcClientProtocolClient.java:onNext(255)) - client-AA0F6FFFC611->3d04393c-0560-4db1-9693-26be94a4e688: receive RaftClientReply:client-AA0F6FFFC611->3d04393c-0560-4db1-9693-26be94a4e688@group-76DA3452CE4C, cid=235, FAILED org.apache.ratis.protocol.NotLeaderException: Server 3d04393c-0560-4db1-9693-26be94a4e688 is not the leader (null). Request must be sent to leader., logIndex=0, commits[3d04393c-0560-4db1-9693-26be94a4e688:c-1]
2019-07-13 14:37:36,242 INFO  impl.FollowerState (FollowerState.java:run(106)) - f745a32b-a504-4385-a922-518c68893d66:group-566F675EAFBA changes to CANDIDATE, lastRpcTime:5018, electionTimeout:5018ms
2019-07-13 14:37:36,242 INFO  impl.RoleInfo (RoleInfo.java:shutdownFollowerState(121)) - f745a32b-a504-4385-a922-518c68893d66: shutdown FollowerState
2019-07-13 14:37:36,242 INFO  impl.RaftServerImpl (RaftServerImpl.java:setRole(171)) - f745a32b-a504-4385-a922-518c68893d66:group-566F675EAFBA changes role from FOLLOWER to CANDIDATE at term 0 for changeToCandidate
2019-07-13 14:37:36,243 INFO  impl.RoleInfo (RoleInfo.java:updateAndGet(143)) - f745a32b-a504-4385-a922-518c68893d66: start LeaderElection
2019-07-13 14:37:36,262 INFO  client.GrpcClientProtocolClient (GrpcClientProtocolClient.java:onNext(255)) - client-AA0F6FFFC611->e76efa9c-e9b5-4a08-a78e-8ad3ee00eb33: receive RaftClientReply:client-AA0F6FFFC611->e76efa9c-e9b5-4a08-a78e-8ad3ee00eb33@group-76DA3452CE4C, cid=235, FAILED org.apache.ratis.protocol.NotLeaderException: Server e76efa9c-e9b5-4a08-a78e-8ad3ee00eb33 is not the leader (null). Request must be sent to leader., logIndex=0, commits[e76efa9c-e9b5-4a08-a78e-8ad3ee00eb33:c-1]
2019-07-13 14:37:36,266 INFO  impl.LeaderElection (LeaderElection.java:askForVotes(181)) - f745a32b-a504-4385-a922-518c68893d66:group-566F675EAFBA:LeaderElection88: begin an election at term 1 for -1: [f745a32b-a504-4385-a922-518c68893d66:192.168.5.172:34659], old=null
2019-07-13 14:37:36,266 INFO  impl.RoleInfo (RoleInfo.java:shutdownLeaderElection(134)) - f745a32b-a504-4385-a922-518c68893d66: shutdown LeaderElection
2019-07-13 14:37:36,266 INFO  impl.RaftServerImpl (RaftServerImpl.java:setRole(171)) - f745a32b-a504-4385-a922-518c68893d66:group-566F675EAFBA changes role from CANDIDATE to LEADER at term 1 for changeToLeader
2019-07-13 14:37:36,266 INFO  impl.RaftServerImpl (ServerState.java:setLeader(263)) - f745a32b-a504-4385-a922-518c68893d66:group-566F675EAFBA change Leader from null to f745a32b-a504-4385-a922-518c68893d66 at term 1 for becomeLeader, leader elected after 5047ms
2019-07-13 14:37:36,266 INFO  server.RaftServerConfigKeys (ConfUtils.java:logGet(43)) - raft.server.staging.catchup.gap = 1000 (default)
2019-07-13 14:37:36,266 INFO  server.RaftServerConfigKeys (ConfUtils.java:logGet(43)) - raft.server.rpc.sleep.time = 25ms (default)
2019-07-13 14:37:36,266 INFO  server.RaftServerConfigKeys (ConfUtils.java:logGet(43)) - raft.server.write.element-limit = 4096 (default)
2019-07-13 14:37:36,267 INFO  server.RaftServerConfigKeys (ConfUtils.java:logGet(43)) - raft.server.watch.timeout = 10s (default)
2019-07-13 14:37:36,267 INFO  server.RaftServerConfigKeys (ConfUtils.java:logGet(43)) - raft.server.watch.timeout.denomination = 1s (default)
2019-07-13 14:37:36,267 INFO  server.RaftServerConfigKeys (ConfUtils.java:logGet(43)) - raft.server.watch.element-limit = 65536 (default)
2019-07-13 14:37:36,267 INFO  impl.RoleInfo (RoleInfo.java:updateAndGet(143)) - f745a32b-a504-4385-a922-518c68893d66: start LeaderState
2019-07-13 14:37:36,267 INFO  segmented.SegmentedRaftLogWorker (SegmentedRaftLogWorker.java:startLogSegment(380)) - f745a32b-a504-4385-a922-518c68893d66-SegmentedRaftLogWorker:Storage Directory /tmp/workdir/hadoop-ozone/integration-test/target/test-dir/MiniOzoneClusterImpl-c7b61d8d-b87d-4d70-bdb2-ac7817d2114b/datanode-0/data/ratis/3e5919ff-bdeb-4732-9cb7-566f675eafba: Starting segment from index:0
2019-07-13 14:37:36,268 INFO  impl.RaftServerImpl (ServerState.java:setRaftConf(361)) - f745a32b-a504-4385-a922-518c68893d66:group-566F675EAFBA set configuration 0: [f745a32b-a504-4385-a922-518c68893d66:192.168.5.172:34659], old=null at 0
2019-07-13 14:37:36,300 INFO  segmented.SegmentedRaftLogWorker (SegmentedRaftLogWorker.java:execute(569)) - f745a32b-a504-4385-a922-518c68893d66-SegmentedRaftLogWorker:Storage Directory /tmp/workdir/hadoop-ozone/integration-test/target/test-dir/MiniOzoneClusterImpl-c7b61d8d-b87d-4d70-bdb2-ac7817d2114b/datanode-0/data/ratis/3e5919ff-bdeb-4732-9cb7-566f675eafba: created new log segment /tmp/workdir/hadoop-ozone/integration-test/target/test-dir/MiniOzoneClusterImpl-c7b61d8d-b87d-4d70-bdb2-ac7817d2114b/datanode-0/data/ratis/3e5919ff-bdeb-4732-9cb7-566f675eafba/current/log_inprogress_0
2019-07-13 14:37:36,554 INFO  impl.FollowerState (FollowerState.java:run(106)) - 5adaed7b-640b-4a97-b7f6-bf7724a20468:group-86B21FE63D29 changes to CANDIDATE, lastRpcTime:5177, electionTimeout:5177ms
2019-07-13 14:37:36,554 INFO  impl.RoleInfo (RoleInfo.java:shutdownFollowerState(121)) - 5adaed7b-640b-4a97-b7f6-bf7724a20468: shutdown FollowerState
2019-07-13 14:37:36,554 INFO  impl.RaftServerImpl (RaftServerImpl.java:setRole(171)) - 5adaed7b-640b-4a97-b7f6-bf7724a20468:group-86B21FE63D29 changes role from FOLLOWER to CANDIDATE at term 0 for changeToCandidate
2019-07-13 14:37:36,554 INFO  impl.RoleInfo (RoleInfo.java:updateAndGet(143)) - 5adaed7b-640b-4a97-b7f6-bf7724a20468: start LeaderElection
2019-07-13 14:37:36,567 INFO  impl.LeaderElection (LeaderElection.java:askForVotes(181)) - 5adaed7b-640b-4a97-b7f6-bf7724a20468:group-86B21FE63D29:LeaderElection89: begin an election at term 1 for -1: [5adaed7b-640b-4a97-b7f6-bf7724a20468:192.168.5.172:44893], old=null
2019-07-13 14:37:36,567 INFO  impl.RoleInfo (RoleInfo.java:shutdownLeaderElection(134)) - 5adaed7b-640b-4a97-b7f6-bf7724a20468: shutdown LeaderElection
2019-07-13 14:37:36,567 INFO  impl.RaftServerImpl (RaftServerImpl.java:setRole(171)) - 5adaed7b-640b-4a97-b7f6-bf7724a20468:group-86B21FE63D29 changes role from CANDIDATE to LEADER at term 1 for changeToLeader
2019-07-13 14:37:36,568 INFO  impl.RaftServerImpl (ServerState.java:setLeader(263)) - 5adaed7b-640b-4a97-b7f6-bf7724a20468:group-86B21FE63D29 change Leader from null to 5adaed7b-640b-4a97-b7f6-bf7724a20468 at term 1 for becomeLeader, leader elected after 5195ms
2019-07-13 14:37:36,568 INFO  server.RaftServerConfigKeys (ConfUtils.java:logGet(43)) - raft.server.staging.catchup.gap = 1000 (default)
2019-07-13 14:37:36,568 INFO  server.RaftServerConfigKeys (ConfUtils.java:logGet(43)) - raft.server.rpc.sleep.time = 25ms (default)
2019-07-13 14:37:36,568 INFO  server.RaftServerConfigKeys (ConfUtils.java:logGet(43)) - raft.server.write.element-limit = 4096 (default)
2019-07-13 14:37:36,568 INFO  server.RaftServerConfigKeys (ConfUtils.java:logGet(43)) - raft.server.watch.timeout = 10s (default)
2019-07-13 14:37:36,568 INFO  server.RaftServerConfigKeys (ConfUtils.java:logGet(43)) - raft.server.watch.timeout.denomination = 1s (default)
2019-07-13 14:37:36,568 INFO  server.RaftServerConfigKeys (ConfUtils.java:logGet(43)) - raft.server.watch.element-limit = 65536 (default)
2019-07-13 14:37:36,569 INFO  impl.RoleInfo (RoleInfo.java:updateAndGet(143)) - 5adaed7b-640b-4a97-b7f6-bf7724a20468: start LeaderState
2019-07-13 14:37:36,569 INFO  segmented.SegmentedRaftLogWorker (SegmentedRaftLogWorker.java:startLogSegment(380)) - 5adaed7b-640b-4a97-b7f6-bf7724a20468-SegmentedRaftLogWorker:Storage Directory /tmp/workdir/hadoop-ozone/integration-test/target/test-dir/MiniOzoneClusterImpl-c7b61d8d-b87d-4d70-bdb2-ac7817d2114b/datanode-1/data/ratis/0ed303f6-16bf-48af-8f79-86b21fe63d29: Starting segment from index:0
2019-07-13 14:37:36,569 INFO  impl.RaftServerImpl (ServerState.java:setRaftConf(361)) - 5adaed7b-640b-4a97-b7f6-bf7724a20468:group-86B21FE63D29 set configuration 0: [5adaed7b-640b-4a97-b7f6-bf7724a20468:192.168.5.172:44893], old=null at 0
2019-07-13 14:37:36,590 INFO  impl.FollowerState (FollowerState.java:run(106)) - 5adaed7b-640b-4a97-b7f6-bf7724a20468:group-B1710A59CC92 changes to CANDIDATE, lastRpcTime:5033, electionTimeout:5033ms
2019-07-13 14:37:36,590 INFO  impl.RoleInfo (RoleInfo.java:shutdownFollowerState(121)) - 5adaed7b-640b-4a97-b7f6-bf7724a20468: shutdown FollowerState
2019-07-13 14:37:36,591 INFO  impl.RaftServerImpl (RaftServerImpl.java:setRole(171)) - 5adaed7b-640b-4a97-b7f6-bf7724a20468:group-B1710A59CC92 changes role from FOLLOWER to CANDIDATE at term 0 for changeToCandidate
2019-07-13 14:37:36,591 INFO  impl.RoleInfo (RoleInfo.java:updateAndGet(143)) - 5adaed7b-640b-4a97-b7f6-bf7724a20468: start LeaderElection
2019-07-13 14:37:36,593 INFO  segmented.SegmentedRaftLogWorker (SegmentedRaftLogWorker.java:execute(569)) - 5adaed7b-640b-4a97-b7f6-bf7724a20468-SegmentedRaftLogWorker:Storage Directory /tmp/workdir/hadoop-ozone/integration-test/target/test-dir/MiniOzoneClusterImpl-c7b61d8d-b87d-4d70-bdb2-ac7817d2114b/datanode-1/data/ratis/0ed303f6-16bf-48af-8f79-86b21fe63d29: created new log segment /tmp/workdir/hadoop-ozone/integration-test/target/test-dir/MiniOzoneClusterImpl-c7b61d8d-b87d-4d70-bdb2-ac7817d2114b/datanode-1/data/ratis/0ed303f6-16bf-48af-8f79-86b21fe63d29/current/log_inprogress_0
2019-07-13 14:37:36,603 INFO  impl.LeaderElection (LeaderElection.java:askForVotes(181)) - 5adaed7b-640b-4a97-b7f6-bf7724a20468:group-B1710A59CC92:LeaderElection90: begin an election at term 1 for -1: [f745a32b-a504-4385-a922-518c68893d66:192.168.5.172:34659, 7ad932f2-f226-4ea3-b11e-48ddd64217a8:192.168.5.172:43417, 5adaed7b-640b-4a97-b7f6-bf7724a20468:192.168.5.172:44893], old=null
2019-07-13 14:37:36,622 INFO  impl.RaftServerImpl (RaftServerImpl.java:setRole(171)) - 7ad932f2-f226-4ea3-b11e-48ddd64217a8:group-B1710A59CC92 changes role from FOLLOWER to FOLLOWER at term 1 for recognizeCandidate:5adaed7b-640b-4a97-b7f6-bf7724a20468
2019-07-13 14:37:36,622 INFO  impl.RoleInfo (RoleInfo.java:shutdownFollowerState(121)) - 7ad932f2-f226-4ea3-b11e-48ddd64217a8: shutdown FollowerState
2019-07-13 14:37:36,622 INFO  impl.RaftServerImpl (RaftServerImpl.java:setRole(171)) - f745a32b-a504-4385-a922-518c68893d66:group-B1710A59CC92 changes role from FOLLOWER to FOLLOWER at term 1 for recognizeCandidate:5adaed7b-640b-4a97-b7f6-bf7724a20468
2019-07-13 14:37:36,622 INFO  impl.FollowerState (FollowerState.java:run(114)) - 7ad932f2-f226-4ea3-b11e-48ddd64217a8: FollowerState was interrupted: java.lang.InterruptedException: sleep interrupted
2019-07-13 14:37:36,622 INFO  impl.RoleInfo (RoleInfo.java:updateAndGet(143)) - 7ad932f2-f226-4ea3-b11e-48ddd64217a8: start FollowerState
2019-07-13 14:37:36,623 INFO  impl.RoleInfo (RoleInfo.java:shutdownFollowerState(121)) - f745a32b-a504-4385-a922-518c68893d66: shutdown FollowerState
2019-07-13 14:37:36,626 INFO  impl.RoleInfo (RoleInfo.java:updateAndGet(143)) - f745a32b-a504-4385-a922-518c68893d66: start FollowerState
2019-07-13 14:37:36,626 INFO  impl.FollowerState (FollowerState.java:run(114)) - f745a32b-a504-4385-a922-518c68893d66: FollowerState was interrupted: java.lang.InterruptedException: sleep interrupted
2019-07-13 14:37:36,635 INFO  impl.LeaderElection (LeaderElection.java:logAndReturn(56)) - 5adaed7b-640b-4a97-b7f6-bf7724a20468:group-B1710A59CC92:LeaderElection90: Election PASSED; received 1 response(s) [5adaed7b-640b-4a97-b7f6-bf7724a20468<-f745a32b-a504-4385-a922-518c68893d66#0:OK-t1] and 0 exception(s); 5adaed7b-640b-4a97-b7f6-bf7724a20468:t1, leader=null, voted=5adaed7b-640b-4a97-b7f6-bf7724a20468, raftlog=5adaed7b-640b-4a97-b7f6-bf7724a20468-SegmentedRaftLog:OPENED:c-1,f-1,i0, conf=-1: [f745a32b-a504-4385-a922-518c68893d66:192.168.5.172:34659, 7ad932f2-f226-4ea3-b11e-48ddd64217a8:192.168.5.172:43417, 5adaed7b-640b-4a97-b7f6-bf7724a20468:192.168.5.172:44893], old=null
2019-07-13 14:37:36,636 INFO  impl.RoleInfo (RoleInfo.java:shutdownLeaderElection(134)) - 5adaed7b-640b-4a97-b7f6-bf7724a20468: shutdown LeaderElection
2019-07-13 14:37:36,636 INFO  impl.RaftServerImpl (RaftServerImpl.java:setRole(171)) - 5adaed7b-640b-4a97-b7f6-bf7724a20468:group-B1710A59CC92 changes role from CANDIDATE to LEADER at term 1 for changeToLeader
2019-07-13 14:37:36,636 INFO  impl.RaftServerImpl (ServerState.java:setLeader(263)) - 5adaed7b-640b-4a97-b7f6-bf7724a20468:group-B1710A59CC92 change Leader from null to 5adaed7b-640b-4a97-b7f6-bf7724a20468 at term 1 for becomeLeader, leader elected after 5087ms
2019-07-13 14:37:36,636 INFO  server.RaftServerConfigKeys (ConfUtils.java:logGet(43)) - raft.server.staging.catchup.gap = 1000 (default)
2019-07-13 14:37:36,636 INFO  server.RaftServerConfigKeys (ConfUtils.java:logGet(43)) - raft.server.rpc.sleep.time = 25ms (default)
2019-07-13 14:37:36,636 INFO  server.RaftServerConfigKeys (ConfUtils.java:logGet(43)) - raft.server.write.element-limit = 4096 (default)
2019-07-13 14:37:36,636 INFO  server.RaftServerConfigKeys (ConfUtils.java:logGet(43)) - raft.server.watch.timeout = 10s (default)
2019-07-13 14:37:36,637 INFO  server.RaftServerConfigKeys (ConfUtils.java:logGet(43)) - raft.server.watch.timeout.denomination = 1s (default)
2019-07-13 14:37:36,637 INFO  server.RaftServerConfigKeys (ConfUtils.java:logGet(43)) - raft.server.watch.element-limit = 65536 (default)
2019-07-13 14:37:36,637 INFO  server.RaftServerConfigKeys (ConfUtils.java:logGet(43)) - raft.server.log.appender.snapshot.chunk.size.max = 16MB (=16777216) (default)
2019-07-13 14:37:36,637 INFO  server.RaftServerConfigKeys (ConfUtils.java:logGet(43)) - raft.server.log.appender.buffer.byte-limit = 33554432 (custom)
2019-07-13 14:37:36,637 INFO  server.RaftServerConfigKeys (ConfUtils.java:logGet(43)) - raft.server.log.appender.buffer.element-limit = 1 (custom)
2019-07-13 14:37:36,638 INFO  grpc.GrpcConfigKeys$Server (ConfUtils.java:logGet(43)) - raft.grpc.server.leader.outstanding.appends.max = 128 (default)
2019-07-13 14:37:36,638 INFO  server.RaftServerConfigKeys (ConfUtils.java:logGet(43)) - raft.server.rpc.request.timeout = 3000ms (default)
2019-07-13 14:37:36,638 INFO  server.RaftServerConfigKeys (ConfUtils.java:logGet(43)) - raft.server.log.appender.install.snapshot.enabled = false (custom)
2019-07-13 14:37:36,638 INFO  server.RaftServerConfigKeys (ConfUtils.java:logGet(43)) - raft.server.log.appender.snapshot.chunk.size.max = 16MB (=16777216) (default)
2019-07-13 14:37:36,638 INFO  server.RaftServerConfigKeys (ConfUtils.java:logGet(43)) - raft.server.log.appender.buffer.byte-limit = 33554432 (custom)
2019-07-13 14:37:36,638 INFO  server.RaftServerConfigKeys (ConfUtils.java:logGet(43)) - raft.server.log.appender.buffer.element-limit = 1 (custom)
2019-07-13 14:37:36,639 INFO  grpc.GrpcConfigKeys$Server (ConfUtils.java:logGet(43)) - raft.grpc.server.leader.outstanding.appends.max = 128 (default)
2019-07-13 14:37:36,639 INFO  server.RaftServerConfigKeys (ConfUtils.java:logGet(43)) - raft.server.rpc.request.timeout = 3000ms (default)
2019-07-13 14:37:36,639 INFO  server.RaftServerConfigKeys (ConfUtils.java:logGet(43)) - raft.server.log.appender.install.snapshot.enabled = false (custom)
2019-07-13 14:37:36,639 INFO  impl.RoleInfo (RoleInfo.java:updateAndGet(143)) - 5adaed7b-640b-4a97-b7f6-bf7724a20468: start LeaderState
2019-07-13 14:37:36,639 INFO  segmented.SegmentedRaftLogWorker (SegmentedRaftLogWorker.java:startLogSegment(380)) - 5adaed7b-640b-4a97-b7f6-bf7724a20468-SegmentedRaftLogWorker:Storage Directory /tmp/workdir/hadoop-ozone/integration-test/target/test-dir/MiniOzoneClusterImpl-c7b61d8d-b87d-4d70-bdb2-ac7817d2114b/datanode-1/data/ratis/2d52ab47-dfad-447e-afbf-b1710a59cc92: Starting segment from index:0
2019-07-13 14:37:36,640 INFO  impl.RaftServerImpl (ServerState.java:setRaftConf(361)) - 5adaed7b-640b-4a97-b7f6-bf7724a20468:group-B1710A59CC92 set configuration 0: [f745a32b-a504-4385-a922-518c68893d66:192.168.5.172:34659, 7ad932f2-f226-4ea3-b11e-48ddd64217a8:192.168.5.172:43417, 5adaed7b-640b-4a97-b7f6-bf7724a20468:192.168.5.172:44893], old=null at 0
2019-07-13 14:37:36,641 INFO  impl.RaftServerImpl (ServerState.java:setLeader(263)) - f745a32b-a504-4385-a922-518c68893d66:group-B1710A59CC92 change Leader from null to 5adaed7b-640b-4a97-b7f6-bf7724a20468 at term 1 for appendEntries, leader elected after 5092ms
2019-07-13 14:37:36,641 INFO  impl.RaftServerImpl (ServerState.java:setLeader(263)) - 7ad932f2-f226-4ea3-b11e-48ddd64217a8:group-B1710A59CC92 change Leader from null to 5adaed7b-640b-4a97-b7f6-bf7724a20468 at term 1 for appendEntries, leader elected after 5093ms
2019-07-13 14:37:36,664 INFO  segmented.SegmentedRaftLogWorker (SegmentedRaftLogWorker.java:execute(569)) - 5adaed7b-640b-4a97-b7f6-bf7724a20468-SegmentedRaftLogWorker:Storage Directory /tmp/workdir/hadoop-ozone/integration-test/target/test-dir/MiniOzoneClusterImpl-c7b61d8d-b87d-4d70-bdb2-ac7817d2114b/datanode-1/data/ratis/2d52ab47-dfad-447e-afbf-b1710a59cc92: created new log segment /tmp/workdir/hadoop-ozone/integration-test/target/test-dir/MiniOzoneClusterImpl-c7b61d8d-b87d-4d70-bdb2-ac7817d2114b/datanode-1/data/ratis/2d52ab47-dfad-447e-afbf-b1710a59cc92/current/log_inprogress_0
2019-07-13 14:37:36,667 INFO  impl.RaftServerImpl (ServerState.java:setRaftConf(361)) - 7ad932f2-f226-4ea3-b11e-48ddd64217a8:group-B1710A59CC92 set configuration 0: [f745a32b-a504-4385-a922-518c68893d66:192.168.5.172:34659, 7ad932f2-f226-4ea3-b11e-48ddd64217a8:192.168.5.172:43417, 5adaed7b-640b-4a97-b7f6-bf7724a20468:192.168.5.172:44893], old=null at 0
2019-07-13 14:37:36,667 INFO  impl.RaftServerImpl (ServerState.java:setRaftConf(361)) - f745a32b-a504-4385-a922-518c68893d66:group-B1710A59CC92 set configuration 0: [f745a32b-a504-4385-a922-518c68893d66:192.168.5.172:34659, 7ad932f2-f226-4ea3-b11e-48ddd64217a8:192.168.5.172:43417, 5adaed7b-640b-4a97-b7f6-bf7724a20468:192.168.5.172:44893], old=null at 0
2019-07-13 14:37:36,667 INFO  segmented.SegmentedRaftLogWorker (SegmentedRaftLogWorker.java:startLogSegment(380)) - 7ad932f2-f226-4ea3-b11e-48ddd64217a8-SegmentedRaftLogWorker:Storage Directory /tmp/workdir/hadoop-ozone/integration-test/target/test-dir/MiniOzoneClusterImpl-c7b61d8d-b87d-4d70-bdb2-ac7817d2114b/datanode-2/data/ratis/2d52ab47-dfad-447e-afbf-b1710a59cc92: Starting segment from index:0
2019-07-13 14:37:36,667 INFO  segmented.SegmentedRaftLogWorker (SegmentedRaftLogWorker.java:startLogSegment(380)) - f745a32b-a504-4385-a922-518c68893d66-SegmentedRaftLogWorker:Storage Directory /tmp/workdir/hadoop-ozone/integration-test/target/test-dir/MiniOzoneClusterImpl-c7b61d8d-b87d-4d70-bdb2-ac7817d2114b/datanode-0/data/ratis/2d52ab47-dfad-447e-afbf-b1710a59cc92: Starting segment from index:0
2019-07-13 14:37:36,668 INFO  impl.FollowerState (FollowerState.java:run(106)) - 7ad932f2-f226-4ea3-b11e-48ddd64217a8:group-447FD1264C5D changes to CANDIDATE, lastRpcTime:5151, electionTimeout:5151ms
2019-07-13 14:37:36,668 INFO  impl.RoleInfo (RoleInfo.java:shutdownFollowerState(121)) - 7ad932f2-f226-4ea3-b11e-48ddd64217a8: shutdown FollowerState
2019-07-13 14:37:36,668 INFO  impl.RaftServerImpl (RaftServerImpl.java:setRole(171)) - 7ad932f2-f226-4ea3-b11e-48ddd64217a8:group-447FD1264C5D changes role from FOLLOWER to CANDIDATE at term 0 for changeToCandidate
2019-07-13 14:37:36,668 INFO  impl.RoleInfo (RoleInfo.java:updateAndGet(143)) - 7ad932f2-f226-4ea3-b11e-48ddd64217a8: start LeaderElection
2019-07-13 14:37:36,695 INFO  segmented.SegmentedRaftLogWorker (SegmentedRaftLogWorker.java:execute(569)) - 7ad932f2-f226-4ea3-b11e-48ddd64217a8-SegmentedRaftLogWorker:Storage Directory /tmp/workdir/hadoop-ozone/integration-test/target/test-dir/MiniOzoneClusterImpl-c7b61d8d-b87d-4d70-bdb2-ac7817d2114b/datanode-2/data/ratis/2d52ab47-dfad-447e-afbf-b1710a59cc92: created new log segment /tmp/workdir/hadoop-ozone/integration-test/target/test-dir/MiniOzoneClusterImpl-c7b61d8d-b87d-4d70-bdb2-ac7817d2114b/datanode-2/data/ratis/2d52ab47-dfad-447e-afbf-b1710a59cc92/current/log_inprogress_0
2019-07-13 14:37:36,695 INFO  segmented.SegmentedRaftLogWorker (SegmentedRaftLogWorker.java:execute(569)) - f745a32b-a504-4385-a922-518c68893d66-SegmentedRaftLogWorker:Storage Directory /tmp/workdir/hadoop-ozone/integration-test/target/test-dir/MiniOzoneClusterImpl-c7b61d8d-b87d-4d70-bdb2-ac7817d2114b/datanode-0/data/ratis/2d52ab47-dfad-447e-afbf-b1710a59cc92: created new log segment /tmp/workdir/hadoop-ozone/integration-test/target/test-dir/MiniOzoneClusterImpl-c7b61d8d-b87d-4d70-bdb2-ac7817d2114b/datanode-0/data/ratis/2d52ab47-dfad-447e-afbf-b1710a59cc92/current/log_inprogress_0
2019-07-13 14:37:36,699 INFO  impl.LeaderElection (LeaderElection.java:askForVotes(181)) - 7ad932f2-f226-4ea3-b11e-48ddd64217a8:group-447FD1264C5D:LeaderElection91: begin an election at term 1 for -1: [7ad932f2-f226-4ea3-b11e-48ddd64217a8:192.168.5.172:43417], old=null
2019-07-13 14:37:36,699 INFO  impl.RoleInfo (RoleInfo.java:shutdownLeaderElection(134)) - 7ad932f2-f226-4ea3-b11e-48ddd64217a8: shutdown LeaderElection
2019-07-13 14:37:36,700 INFO  impl.RaftServerImpl (RaftServerImpl.java:setRole(171)) - 7ad932f2-f226-4ea3-b11e-48ddd64217a8:group-447FD1264C5D changes role from CANDIDATE to LEADER at term 1 for changeToLeader
2019-07-13 14:37:36,700 INFO  impl.RaftServerImpl (ServerState.java:setLeader(263)) - 7ad932f2-f226-4ea3-b11e-48ddd64217a8:group-447FD1264C5D change Leader from null to 7ad932f2-f226-4ea3-b11e-48ddd64217a8 at term 1 for becomeLeader, leader elected after 5186ms
2019-07-13 14:37:36,700 INFO  server.RaftServerConfigKeys (ConfUtils.java:logGet(43)) - raft.server.staging.catchup.gap = 1000 (default)
2019-07-13 14:37:36,700 INFO  server.RaftServerConfigKeys (ConfUtils.java:logGet(43)) - raft.server.rpc.sleep.time = 25ms (default)
2019-07-13 14:37:36,700 INFO  server.RaftServerConfigKeys (ConfUtils.java:logGet(43)) - raft.server.write.element-limit = 4096 (default)
2019-07-13 14:37:36,700 INFO  server.RaftServerConfigKeys (ConfUtils.java:logGet(43)) - raft.server.watch.timeout = 10s (default)
2019-07-13 14:37:36,701 INFO  server.RaftServerConfigKeys (ConfUtils.java:logGet(43)) - raft.server.watch.timeout.denomination = 1s (default)
2019-07-13 14:37:36,701 INFO  server.RaftServerConfigKeys (ConfUtils.java:logGet(43)) - raft.server.watch.element-limit = 65536 (default)
2019-07-13 14:37:36,701 INFO  impl.RoleInfo (RoleInfo.java:updateAndGet(143)) - 7ad932f2-f226-4ea3-b11e-48ddd64217a8: start LeaderState
2019-07-13 14:37:36,701 INFO  segmented.SegmentedRaftLogWorker (SegmentedRaftLogWorker.java:startLogSegment(380)) - 7ad932f2-f226-4ea3-b11e-48ddd64217a8-SegmentedRaftLogWorker:Storage Directory /tmp/workdir/hadoop-ozone/integration-test/target/test-dir/MiniOzoneClusterImpl-c7b61d8d-b87d-4d70-bdb2-ac7817d2114b/datanode-2/data/ratis/5edb658a-17b9-47ca-bb11-447fd1264c5d: Starting segment from index:0
2019-07-13 14:37:36,702 INFO  impl.RaftServerImpl (ServerState.java:setRaftConf(361)) - 7ad932f2-f226-4ea3-b11e-48ddd64217a8:group-447FD1264C5D set configuration 0: [7ad932f2-f226-4ea3-b11e-48ddd64217a8:192.168.5.172:43417], old=null at 0
2019-07-13 14:37:36,726 INFO  segmented.SegmentedRaftLogWorker (SegmentedRaftLogWorker.java:execute(569)) - 7ad932f2-f226-4ea3-b11e-48ddd64217a8-SegmentedRaftLogWorker:Storage Directory /tmp/workdir/hadoop-ozone/integration-test/target/test-dir/MiniOzoneClusterImpl-c7b61d8d-b87d-4d70-bdb2-ac7817d2114b/datanode-2/data/ratis/5edb658a-17b9-47ca-bb11-447fd1264c5d: created new log segment /tmp/workdir/hadoop-ozone/integration-test/target/test-dir/MiniOzoneClusterImpl-c7b61d8d-b87d-4d70-bdb2-ac7817d2114b/datanode-2/data/ratis/5edb658a-17b9-47ca-bb11-447fd1264c5d/current/log_inprogress_0
2019-07-13 14:37:36,827 INFO  impl.FollowerState (FollowerState.java:run(106)) - 3d04393c-0560-4db1-9693-26be94a4e688:group-66DB0916FC9B changes to CANDIDATE, lastRpcTime:5153, electionTimeout:5153ms
2019-07-13 14:37:36,827 INFO  impl.RoleInfo (RoleInfo.java:shutdownFollowerState(121)) - 3d04393c-0560-4db1-9693-26be94a4e688: shutdown FollowerState
2019-07-13 14:37:36,827 INFO  impl.RaftServerImpl (RaftServerImpl.java:setRole(171)) - 3d04393c-0560-4db1-9693-26be94a4e688:group-66DB0916FC9B changes role from FOLLOWER to CANDIDATE at term 0 for changeToCandidate
2019-07-13 14:37:36,827 INFO  impl.RoleInfo (RoleInfo.java:updateAndGet(143)) - 3d04393c-0560-4db1-9693-26be94a4e688: start LeaderElection
2019-07-13 14:37:36,852 INFO  impl.LeaderElection (LeaderElection.java:askForVotes(181)) - 3d04393c-0560-4db1-9693-26be94a4e688:group-66DB0916FC9B:LeaderElection92: begin an election at term 1 for -1: [3d04393c-0560-4db1-9693-26be94a4e688:192.168.5.172:44833], old=null
2019-07-13 14:37:36,852 INFO  impl.RoleInfo (RoleInfo.java:shutdownLeaderElection(134)) - 3d04393c-0560-4db1-9693-26be94a4e688: shutdown LeaderElection
2019-07-13 14:37:36,852 INFO  impl.RaftServerImpl (RaftServerImpl.java:setRole(171)) - 3d04393c-0560-4db1-9693-26be94a4e688:group-66DB0916FC9B changes role from CANDIDATE to LEADER at term 1 for changeToLeader
2019-07-13 14:37:36,853 INFO  impl.RaftServerImpl (ServerState.java:setLeader(263)) - 3d04393c-0560-4db1-9693-26be94a4e688:group-66DB0916FC9B change Leader from null to 3d04393c-0560-4db1-9693-26be94a4e688 at term 1 for becomeLeader, leader elected after 5183ms
2019-07-13 14:37:36,853 INFO  server.RaftServerConfigKeys (ConfUtils.java:logGet(43)) - raft.server.staging.catchup.gap = 1000 (default)
2019-07-13 14:37:36,853 INFO  server.RaftServerConfigKeys (ConfUtils.java:logGet(43)) - raft.server.rpc.sleep.time = 25ms (default)
2019-07-13 14:37:36,853 INFO  server.RaftServerConfigKeys (ConfUtils.java:logGet(43)) - raft.server.write.element-limit = 4096 (default)
2019-07-13 14:37:36,853 INFO  server.RaftServerConfigKeys (ConfUtils.java:logGet(43)) - raft.server.watch.timeout = 10s (default)
2019-07-13 14:37:36,853 INFO  server.RaftServerConfigKeys (ConfUtils.java:logGet(43)) - raft.server.watch.timeout.denomination = 1s (default)
2019-07-13 14:37:36,853 INFO  server.RaftServerConfigKeys (ConfUtils.java:logGet(43)) - raft.server.watch.element-limit = 65536 (default)
2019-07-13 14:37:36,854 INFO  impl.RoleInfo (RoleInfo.java:updateAndGet(143)) - 3d04393c-0560-4db1-9693-26be94a4e688: start LeaderState
2019-07-13 14:37:36,854 INFO  segmented.SegmentedRaftLogWorker (SegmentedRaftLogWorker.java:startLogSegment(380)) - 3d04393c-0560-4db1-9693-26be94a4e688-SegmentedRaftLogWorker:Storage Directory /tmp/workdir/hadoop-ozone/integration-test/target/test-dir/MiniOzoneClusterImpl-c7b61d8d-b87d-4d70-bdb2-ac7817d2114b/datanode-3/data/ratis/76438909-749d-4574-a644-66db0916fc9b: Starting segment from index:0
2019-07-13 14:37:36,854 INFO  impl.RaftServerImpl (ServerState.java:setRaftConf(361)) - 3d04393c-0560-4db1-9693-26be94a4e688:group-66DB0916FC9B set configuration 0: [3d04393c-0560-4db1-9693-26be94a4e688:192.168.5.172:44833], old=null at 0
2019-07-13 14:37:36,882 INFO  segmented.SegmentedRaftLogWorker (SegmentedRaftLogWorker.java:execute(569)) - 3d04393c-0560-4db1-9693-26be94a4e688-SegmentedRaftLogWorker:Storage Directory /tmp/workdir/hadoop-ozone/integration-test/target/test-dir/MiniOzoneClusterImpl-c7b61d8d-b87d-4d70-bdb2-ac7817d2114b/datanode-3/data/ratis/76438909-749d-4574-a644-66db0916fc9b: created new log segment /tmp/workdir/hadoop-ozone/integration-test/target/test-dir/MiniOzoneClusterImpl-c7b61d8d-b87d-4d70-bdb2-ac7817d2114b/datanode-3/data/ratis/76438909-749d-4574-a644-66db0916fc9b/current/log_inprogress_0
2019-07-13 14:37:36,901 INFO  impl.FollowerState (FollowerState.java:run(106)) - e76efa9c-e9b5-4a08-a78e-8ad3ee00eb33:group-EA952CD87706 changes to CANDIDATE, lastRpcTime:5057, electionTimeout:5057ms
2019-07-13 14:37:36,901 INFO  impl.RoleInfo (RoleInfo.java:shutdownFollowerState(121)) - e76efa9c-e9b5-4a08-a78e-8ad3ee00eb33: shutdown FollowerState
2019-07-13 14:37:36,901 INFO  impl.RaftServerImpl (RaftServerImpl.java:setRole(171)) - e76efa9c-e9b5-4a08-a78e-8ad3ee00eb33:group-EA952CD87706 changes role from FOLLOWER to CANDIDATE at term 0 for changeToCandidate
2019-07-13 14:37:36,901 INFO  impl.RoleInfo (RoleInfo.java:updateAndGet(143)) - e76efa9c-e9b5-4a08-a78e-8ad3ee00eb33: start LeaderElection
2019-07-13 14:37:36,911 INFO  impl.LeaderElection (LeaderElection.java:askForVotes(181)) - e76efa9c-e9b5-4a08-a78e-8ad3ee00eb33:group-EA952CD87706:LeaderElection93: begin an election at term 1 for -1: [e76efa9c-e9b5-4a08-a78e-8ad3ee00eb33:192.168.5.172:34487], old=null
2019-07-13 14:37:36,911 INFO  impl.RoleInfo (RoleInfo.java:shutdownLeaderElection(134)) - e76efa9c-e9b5-4a08-a78e-8ad3ee00eb33: shutdown LeaderElection
2019-07-13 14:37:36,911 INFO  impl.RaftServerImpl (RaftServerImpl.java:setRole(171)) - e76efa9c-e9b5-4a08-a78e-8ad3ee00eb33:group-EA952CD87706 changes role from CANDIDATE to LEADER at term 1 for changeToLeader
2019-07-13 14:37:36,911 INFO  impl.RaftServerImpl (ServerState.java:setLeader(263)) - e76efa9c-e9b5-4a08-a78e-8ad3ee00eb33:group-EA952CD87706 change Leader from null to e76efa9c-e9b5-4a08-a78e-8ad3ee00eb33 at term 1 for becomeLeader, leader elected after 5071ms
2019-07-13 14:37:36,911 INFO  server.RaftServerConfigKeys (ConfUtils.java:logGet(43)) - raft.server.staging.catchup.gap = 1000 (default)
2019-07-13 14:37:36,911 INFO  server.RaftServerConfigKeys (ConfUtils.java:logGet(43)) - raft.server.rpc.sleep.time = 25ms (default)
2019-07-13 14:37:36,911 INFO  server.RaftServerConfigKeys (ConfUtils.java:logGet(43)) - raft.server.write.element-limit = 4096 (default)
2019-07-13 14:37:36,912 INFO  server.RaftServerConfigKeys (ConfUtils.java:logGet(43)) - raft.server.watch.timeout = 10s (default)
2019-07-13 14:37:36,912 INFO  server.RaftServerConfigKeys (ConfUtils.java:logGet(43)) - raft.server.watch.timeout.denomination = 1s (default)
2019-07-13 14:37:36,912 INFO  server.RaftServerConfigKeys (ConfUtils.java:logGet(43)) - raft.server.watch.element-limit = 65536 (default)
2019-07-13 14:37:36,912 INFO  impl.RoleInfo (RoleInfo.java:updateAndGet(143)) - e76efa9c-e9b5-4a08-a78e-8ad3ee00eb33: start LeaderState
2019-07-13 14:37:36,912 INFO  segmented.SegmentedRaftLogWorker (SegmentedRaftLogWorker.java:startLogSegment(380)) - e76efa9c-e9b5-4a08-a78e-8ad3ee00eb33-SegmentedRaftLogWorker:Storage Directory /tmp/workdir/hadoop-ozone/integration-test/target/test-dir/MiniOzoneClusterImpl-c7b61d8d-b87d-4d70-bdb2-ac7817d2114b/datanode-4/data/ratis/71b91767-b132-4153-8684-ea952cd87706: Starting segment from index:0
2019-07-13 14:37:36,913 INFO  impl.RaftServerImpl (ServerState.java:setRaftConf(361)) - e76efa9c-e9b5-4a08-a78e-8ad3ee00eb33:group-EA952CD87706 set configuration 0: [e76efa9c-e9b5-4a08-a78e-8ad3ee00eb33:192.168.5.172:34487], old=null at 0
2019-07-13 14:37:36,938 INFO  segmented.SegmentedRaftLogWorker (SegmentedRaftLogWorker.java:execute(569)) - e76efa9c-e9b5-4a08-a78e-8ad3ee00eb33-SegmentedRaftLogWorker:Storage Directory /tmp/workdir/hadoop-ozone/integration-test/target/test-dir/MiniOzoneClusterImpl-c7b61d8d-b87d-4d70-bdb2-ac7817d2114b/datanode-4/data/ratis/71b91767-b132-4153-8684-ea952cd87706: created new log segment /tmp/workdir/hadoop-ozone/integration-test/target/test-dir/MiniOzoneClusterImpl-c7b61d8d-b87d-4d70-bdb2-ac7817d2114b/datanode-4/data/ratis/71b91767-b132-4153-8684-ea952cd87706/current/log_inprogress_0
2019-07-13 14:37:37,052 INFO  impl.FollowerState (FollowerState.java:run(106)) - aff28d89-2654-4cdc-b85d-484cab16ff25:group-76DA3452CE4C changes to CANDIDATE, lastRpcTime:5022, electionTimeout:5022ms
2019-07-13 14:37:37,052 INFO  impl.RoleInfo (RoleInfo.java:shutdownFollowerState(121)) - aff28d89-2654-4cdc-b85d-484cab16ff25: shutdown FollowerState
2019-07-13 14:37:37,052 INFO  impl.RaftServerImpl (RaftServerImpl.java:setRole(171)) - aff28d89-2654-4cdc-b85d-484cab16ff25:group-76DA3452CE4C changes role from FOLLOWER to CANDIDATE at term 0 for changeToCandidate
2019-07-13 14:37:37,052 INFO  impl.RoleInfo (RoleInfo.java:updateAndGet(143)) - aff28d89-2654-4cdc-b85d-484cab16ff25: start LeaderElection
2019-07-13 14:37:37,070 INFO  impl.LeaderElection (LeaderElection.java:askForVotes(181)) - aff28d89-2654-4cdc-b85d-484cab16ff25:group-76DA3452CE4C:LeaderElection94: begin an election at term 1 for -1: [aff28d89-2654-4cdc-b85d-484cab16ff25:192.168.5.172:33570, 3d04393c-0560-4db1-9693-26be94a4e688:192.168.5.172:44833, e76efa9c-e9b5-4a08-a78e-8ad3ee00eb33:192.168.5.172:34487], old=null
2019-07-13 14:37:37,075 INFO  impl.RaftServerImpl (RaftServerImpl.java:setRole(171)) - 3d04393c-0560-4db1-9693-26be94a4e688:group-76DA3452CE4C changes role from FOLLOWER to FOLLOWER at term 1 for recognizeCandidate:aff28d89-2654-4cdc-b85d-484cab16ff25
2019-07-13 14:37:37,075 INFO  impl.RaftServerImpl (RaftServerImpl.java:setRole(171)) - e76efa9c-e9b5-4a08-a78e-8ad3ee00eb33:group-76DA3452CE4C changes role from FOLLOWER to FOLLOWER at term 1 for recognizeCandidate:aff28d89-2654-4cdc-b85d-484cab16ff25
2019-07-13 14:37:37,075 INFO  impl.RoleInfo (RoleInfo.java:shutdownFollowerState(121)) - 3d04393c-0560-4db1-9693-26be94a4e688: shutdown FollowerState
2019-07-13 14:37:37,075 INFO  impl.RoleInfo (RoleInfo.java:shutdownFollowerState(121)) - e76efa9c-e9b5-4a08-a78e-8ad3ee00eb33: shutdown FollowerState
2019-07-13 14:37:37,076 INFO  impl.FollowerState (FollowerState.java:run(114)) - 3d04393c-0560-4db1-9693-26be94a4e688: FollowerState was interrupted: java.lang.InterruptedException: sleep interrupted
2019-07-13 14:37:37,076 INFO  impl.RoleInfo (RoleInfo.java:updateAndGet(143)) - 3d04393c-0560-4db1-9693-26be94a4e688: start FollowerState
2019-07-13 14:37:37,076 INFO  impl.FollowerState (FollowerState.java:run(114)) - e76efa9c-e9b5-4a08-a78e-8ad3ee00eb33: FollowerState was interrupted: java.lang.InterruptedException: sleep interrupted
2019-07-13 14:37:37,076 INFO  impl.RoleInfo (RoleInfo.java:updateAndGet(143)) - e76efa9c-e9b5-4a08-a78e-8ad3ee00eb33: start FollowerState
2019-07-13 14:37:37,087 INFO  impl.LeaderElection (LeaderElection.java:logAndReturn(56)) - aff28d89-2654-4cdc-b85d-484cab16ff25:group-76DA3452CE4C:LeaderElection94: Election PASSED; received 1 response(s) [aff28d89-2654-4cdc-b85d-484cab16ff25<-e76efa9c-e9b5-4a08-a78e-8ad3ee00eb33#0:OK-t1] and 0 exception(s); aff28d89-2654-4cdc-b85d-484cab16ff25:t1, leader=null, voted=aff28d89-2654-4cdc-b85d-484cab16ff25, raftlog=aff28d89-2654-4cdc-b85d-484cab16ff25-SegmentedRaftLog:OPENED:c-1,f-1,i0, conf=-1: [aff28d89-2654-4cdc-b85d-484cab16ff25:192.168.5.172:33570, 3d04393c-0560-4db1-9693-26be94a4e688:192.168.5.172:44833, e76efa9c-e9b5-4a08-a78e-8ad3ee00eb33:192.168.5.172:34487], old=null
2019-07-13 14:37:37,087 INFO  impl.RoleInfo (RoleInfo.java:shutdownLeaderElection(134)) - aff28d89-2654-4cdc-b85d-484cab16ff25: shutdown LeaderElection
2019-07-13 14:37:37,087 INFO  impl.RaftServerImpl (RaftServerImpl.java:setRole(171)) - aff28d89-2654-4cdc-b85d-484cab16ff25:group-76DA3452CE4C changes role from CANDIDATE to LEADER at term 1 for changeToLeader
2019-07-13 14:37:37,087 INFO  impl.RaftServerImpl (ServerState.java:setLeader(263)) - aff28d89-2654-4cdc-b85d-484cab16ff25:group-76DA3452CE4C change Leader from null to aff28d89-2654-4cdc-b85d-484cab16ff25 at term 1 for becomeLeader, leader elected after 5066ms
2019-07-13 14:37:37,087 INFO  server.RaftServerConfigKeys (ConfUtils.java:logGet(43)) - raft.server.staging.catchup.gap = 1000 (default)
2019-07-13 14:37:37,088 INFO  server.RaftServerConfigKeys (ConfUtils.java:logGet(43)) - raft.server.rpc.sleep.time = 25ms (default)
2019-07-13 14:37:37,088 INFO  server.RaftServerConfigKeys (ConfUtils.java:logGet(43)) - raft.server.write.element-limit = 4096 (default)
2019-07-13 14:37:37,088 INFO  server.RaftServerConfigKeys (ConfUtils.java:logGet(43)) - raft.server.watch.timeout = 10s (default)
2019-07-13 14:37:37,088 INFO  server.RaftServerConfigKeys (ConfUtils.java:logGet(43)) - raft.server.watch.timeout.denomination = 1s (default)
2019-07-13 14:37:37,088 INFO  server.RaftServerConfigKeys (ConfUtils.java:logGet(43)) - raft.server.watch.element-limit = 65536 (default)
2019-07-13 14:37:37,088 INFO  server.RaftServerConfigKeys (ConfUtils.java:logGet(43)) - raft.server.log.appender.snapshot.chunk.size.max = 16MB (=16777216) (default)
2019-07-13 14:37:37,088 INFO  server.RaftServerConfigKeys (ConfUtils.java:logGet(43)) - raft.server.log.appender.buffer.byte-limit = 33554432 (custom)
2019-07-13 14:37:37,089 INFO  server.RaftServerConfigKeys (ConfUtils.java:logGet(43)) - raft.server.log.appender.buffer.element-limit = 1 (custom)
2019-07-13 14:37:37,089 INFO  grpc.GrpcConfigKeys$Server (ConfUtils.java:logGet(43)) - raft.grpc.server.leader.outstanding.appends.max = 128 (default)
2019-07-13 14:37:37,089 INFO  server.RaftServerConfigKeys (ConfUtils.java:logGet(43)) - raft.server.rpc.request.timeout = 3000ms (default)
2019-07-13 14:37:37,089 INFO  server.RaftServerConfigKeys (ConfUtils.java:logGet(43)) - raft.server.log.appender.install.snapshot.enabled = false (custom)
2019-07-13 14:37:37,089 INFO  server.RaftServerConfigKeys (ConfUtils.java:logGet(43)) - raft.server.log.appender.snapshot.chunk.size.max = 16MB (=16777216) (default)
2019-07-13 14:37:37,090 INFO  server.RaftServerConfigKeys (ConfUtils.java:logGet(43)) - raft.server.log.appender.buffer.byte-limit = 33554432 (custom)
2019-07-13 14:37:37,090 INFO  server.RaftServerConfigKeys (ConfUtils.java:logGet(43)) - raft.server.log.appender.buffer.element-limit = 1 (custom)
2019-07-13 14:37:37,090 INFO  grpc.GrpcConfigKeys$Server (ConfUtils.java:logGet(43)) - raft.grpc.server.leader.outstanding.appends.max = 128 (default)
2019-07-13 14:37:37,090 INFO  server.RaftServerConfigKeys (ConfUtils.java:logGet(43)) - raft.server.rpc.request.timeout = 3000ms (default)
2019-07-13 14:37:37,090 INFO  server.RaftServerConfigKeys (ConfUtils.java:logGet(43)) - raft.server.log.appender.install.snapshot.enabled = false (custom)
2019-07-13 14:37:37,090 INFO  impl.RoleInfo (RoleInfo.java:updateAndGet(143)) - aff28d89-2654-4cdc-b85d-484cab16ff25: start LeaderState
2019-07-13 14:37:37,091 INFO  segmented.SegmentedRaftLogWorker (SegmentedRaftLogWorker.java:startLogSegment(380)) - aff28d89-2654-4cdc-b85d-484cab16ff25-SegmentedRaftLogWorker:Storage Directory /tmp/workdir/hadoop-ozone/integration-test/target/test-dir/MiniOzoneClusterImpl-c7b61d8d-b87d-4d70-bdb2-ac7817d2114b/datanode-5/data/ratis/57a7957c-d9fa-4f5c-a6b4-76da3452ce4c: Starting segment from index:0
2019-07-13 14:37:37,092 INFO  impl.RaftServerImpl (ServerState.java:setRaftConf(361)) - aff28d89-2654-4cdc-b85d-484cab16ff25:group-76DA3452CE4C set configuration 0: [aff28d89-2654-4cdc-b85d-484cab16ff25:192.168.5.172:33570, 3d04393c-0560-4db1-9693-26be94a4e688:192.168.5.172:44833, e76efa9c-e9b5-4a08-a78e-8ad3ee00eb33:192.168.5.172:34487], old=null at 0
2019-07-13 14:37:37,093 INFO  impl.RaftServerImpl (ServerState.java:setLeader(263)) - 3d04393c-0560-4db1-9693-26be94a4e688:group-76DA3452CE4C change Leader from null to aff28d89-2654-4cdc-b85d-484cab16ff25 at term 1 for appendEntries, leader elected after 5071ms
2019-07-13 14:37:37,093 INFO  impl.RaftServerImpl (ServerState.java:setLeader(263)) - e76efa9c-e9b5-4a08-a78e-8ad3ee00eb33:group-76DA3452CE4C change Leader from null to aff28d89-2654-4cdc-b85d-484cab16ff25 at term 1 for appendEntries, leader elected after 5071ms
2019-07-13 14:37:37,118 INFO  impl.RaftServerImpl (ServerState.java:setRaftConf(361)) - 3d04393c-0560-4db1-9693-26be94a4e688:group-76DA3452CE4C set configuration 0: [aff28d89-2654-4cdc-b85d-484cab16ff25:192.168.5.172:33570, 3d04393c-0560-4db1-9693-26be94a4e688:192.168.5.172:44833, e76efa9c-e9b5-4a08-a78e-8ad3ee00eb33:192.168.5.172:34487], old=null at 0
2019-07-13 14:37:37,118 INFO  segmented.SegmentedRaftLogWorker (SegmentedRaftLogWorker.java:execute(569)) - aff28d89-2654-4cdc-b85d-484cab16ff25-SegmentedRaftLogWorker:Storage Directory /tmp/workdir/hadoop-ozone/integration-test/target/test-dir/MiniOzoneClusterImpl-c7b61d8d-b87d-4d70-bdb2-ac7817d2114b/datanode-5/data/ratis/57a7957c-d9fa-4f5c-a6b4-76da3452ce4c: created new log segment /tmp/workdir/hadoop-ozone/integration-test/target/test-dir/MiniOzoneClusterImpl-c7b61d8d-b87d-4d70-bdb2-ac7817d2114b/datanode-5/data/ratis/57a7957c-d9fa-4f5c-a6b4-76da3452ce4c/current/log_inprogress_0
2019-07-13 14:37:37,118 INFO  impl.RaftServerImpl (ServerState.java:setRaftConf(361)) - e76efa9c-e9b5-4a08-a78e-8ad3ee00eb33:group-76DA3452CE4C set configuration 0: [aff28d89-2654-4cdc-b85d-484cab16ff25:192.168.5.172:33570, 3d04393c-0560-4db1-9693-26be94a4e688:192.168.5.172:44833, e76efa9c-e9b5-4a08-a78e-8ad3ee00eb33:192.168.5.172:34487], old=null at 0
2019-07-13 14:37:37,118 INFO  segmented.SegmentedRaftLogWorker (SegmentedRaftLogWorker.java:startLogSegment(380)) - 3d04393c-0560-4db1-9693-26be94a4e688-SegmentedRaftLogWorker:Storage Directory /tmp/workdir/hadoop-ozone/integration-test/target/test-dir/MiniOzoneClusterImpl-c7b61d8d-b87d-4d70-bdb2-ac7817d2114b/datanode-3/data/ratis/57a7957c-d9fa-4f5c-a6b4-76da3452ce4c: Starting segment from index:0
2019-07-13 14:37:37,118 INFO  segmented.SegmentedRaftLogWorker (SegmentedRaftLogWorker.java:startLogSegment(380)) - e76efa9c-e9b5-4a08-a78e-8ad3ee00eb33-SegmentedRaftLogWorker:Storage Directory /tmp/workdir/hadoop-ozone/integration-test/target/test-dir/MiniOzoneClusterImpl-c7b61d8d-b87d-4d70-bdb2-ac7817d2114b/datanode-4/data/ratis/57a7957c-d9fa-4f5c-a6b4-76da3452ce4c: Starting segment from index:0
2019-07-13 14:37:37,142 INFO  segmented.SegmentedRaftLogWorker (SegmentedRaftLogWorker.java:execute(569)) - 3d04393c-0560-4db1-9693-26be94a4e688-SegmentedRaftLogWorker:Storage Directory /tmp/workdir/hadoop-ozone/integration-test/target/test-dir/MiniOzoneClusterImpl-c7b61d8d-b87d-4d70-bdb2-ac7817d2114b/datanode-3/data/ratis/57a7957c-d9fa-4f5c-a6b4-76da3452ce4c: created new log segment /tmp/workdir/hadoop-ozone/integration-test/target/test-dir/MiniOzoneClusterImpl-c7b61d8d-b87d-4d70-bdb2-ac7817d2114b/datanode-3/data/ratis/57a7957c-d9fa-4f5c-a6b4-76da3452ce4c/current/log_inprogress_0
2019-07-13 14:37:37,142 INFO  segmented.SegmentedRaftLogWorker (SegmentedRaftLogWorker.java:execute(569)) - e76efa9c-e9b5-4a08-a78e-8ad3ee00eb33-SegmentedRaftLogWorker:Storage Directory /tmp/workdir/hadoop-ozone/integration-test/target/test-dir/MiniOzoneClusterImpl-c7b61d8d-b87d-4d70-bdb2-ac7817d2114b/datanode-4/data/ratis/57a7957c-d9fa-4f5c-a6b4-76da3452ce4c: created new log segment /tmp/workdir/hadoop-ozone/integration-test/target/test-dir/MiniOzoneClusterImpl-c7b61d8d-b87d-4d70-bdb2-ac7817d2114b/datanode-4/data/ratis/57a7957c-d9fa-4f5c-a6b4-76da3452ce4c/current/log_inprogress_0
2019-07-13 14:37:37,181 INFO  impl.FollowerState (FollowerState.java:run(106)) - aff28d89-2654-4cdc-b85d-484cab16ff25:group-D4E3B318438B changes to CANDIDATE, lastRpcTime:5187, electionTimeout:5187ms
2019-07-13 14:37:37,181 INFO  impl.RoleInfo (RoleInfo.java:shutdownFollowerState(121)) - aff28d89-2654-4cdc-b85d-484cab16ff25: shutdown FollowerState
2019-07-13 14:37:37,181 INFO  impl.RaftServerImpl (RaftServerImpl.java:setRole(171)) - aff28d89-2654-4cdc-b85d-484cab16ff25:group-D4E3B318438B changes role from FOLLOWER to CANDIDATE at term 0 for changeToCandidate
2019-07-13 14:37:37,181 INFO  impl.RoleInfo (RoleInfo.java:updateAndGet(143)) - aff28d89-2654-4cdc-b85d-484cab16ff25: start LeaderElection
2019-07-13 14:37:37,194 INFO  impl.LeaderElection (LeaderElection.java:askForVotes(181)) - aff28d89-2654-4cdc-b85d-484cab16ff25:group-D4E3B318438B:LeaderElection95: begin an election at term 1 for -1: [aff28d89-2654-4cdc-b85d-484cab16ff25:192.168.5.172:33570], old=null
2019-07-13 14:37:37,194 INFO  impl.RoleInfo (RoleInfo.java:shutdownLeaderElection(134)) - aff28d89-2654-4cdc-b85d-484cab16ff25: shutdown LeaderElection
2019-07-13 14:37:37,194 INFO  impl.RaftServerImpl (RaftServerImpl.java:setRole(171)) - aff28d89-2654-4cdc-b85d-484cab16ff25:group-D4E3B318438B changes role from CANDIDATE to LEADER at term 1 for changeToLeader
2019-07-13 14:37:37,194 INFO  impl.RaftServerImpl (ServerState.java:setLeader(263)) - aff28d89-2654-4cdc-b85d-484cab16ff25:group-D4E3B318438B change Leader from null to aff28d89-2654-4cdc-b85d-484cab16ff25 at term 1 for becomeLeader, leader elected after 5204ms
2019-07-13 14:37:37,194 INFO  server.RaftServerConfigKeys (ConfUtils.java:logGet(43)) - raft.server.staging.catchup.gap = 1000 (default)
2019-07-13 14:37:37,194 INFO  server.RaftServerConfigKeys (ConfUtils.java:logGet(43)) - raft.server.rpc.sleep.time = 25ms (default)
2019-07-13 14:37:37,194 INFO  server.RaftServerConfigKeys (ConfUtils.java:logGet(43)) - raft.server.write.element-limit = 4096 (default)
2019-07-13 14:37:37,195 INFO  server.RaftServerConfigKeys (ConfUtils.java:logGet(43)) - raft.server.watch.timeout = 10s (default)
2019-07-13 14:37:37,195 INFO  server.RaftServerConfigKeys (ConfUtils.java:logGet(43)) - raft.server.watch.timeout.denomination = 1s (default)
2019-07-13 14:37:37,195 INFO  server.RaftServerConfigKeys (ConfUtils.java:logGet(43)) - raft.server.watch.element-limit = 65536 (default)
2019-07-13 14:37:37,195 INFO  impl.RoleInfo (RoleInfo.java:updateAndGet(143)) - aff28d89-2654-4cdc-b85d-484cab16ff25: start LeaderState
2019-07-13 14:37:37,195 INFO  segmented.SegmentedRaftLogWorker (SegmentedRaftLogWorker.java:startLogSegment(380)) - aff28d89-2654-4cdc-b85d-484cab16ff25-SegmentedRaftLogWorker:Storage Directory /tmp/workdir/hadoop-ozone/integration-test/target/test-dir/MiniOzoneClusterImpl-c7b61d8d-b87d-4d70-bdb2-ac7817d2114b/datanode-5/data/ratis/c52c1bff-4837-43f3-bdad-d4e3b318438b: Starting segment from index:0
2019-07-13 14:37:37,196 INFO  impl.RaftServerImpl (ServerState.java:setRaftConf(361)) - aff28d89-2654-4cdc-b85d-484cab16ff25:group-D4E3B318438B set configuration 0: [aff28d89-2654-4cdc-b85d-484cab16ff25:192.168.5.172:33570], old=null at 0
2019-07-13 14:37:37,220 INFO  segmented.SegmentedRaftLogWorker (SegmentedRaftLogWorker.java:execute(569)) - aff28d89-2654-4cdc-b85d-484cab16ff25-SegmentedRaftLogWorker:Storage Directory /tmp/workdir/hadoop-ozone/integration-test/target/test-dir/MiniOzoneClusterImpl-c7b61d8d-b87d-4d70-bdb2-ac7817d2114b/datanode-5/data/ratis/c52c1bff-4837-43f3-bdad-d4e3b318438b: created new log segment /tmp/workdir/hadoop-ozone/integration-test/target/test-dir/MiniOzoneClusterImpl-c7b61d8d-b87d-4d70-bdb2-ac7817d2114b/datanode-5/data/ratis/c52c1bff-4837-43f3-bdad-d4e3b318438b/current/log_inprogress_0
2019-07-13 14:37:37,271 INFO  client.GrpcClientProtocolClient (GrpcClientProtocolClient.java:onNext(255)) - client-AA0F6FFFC611->3d04393c-0560-4db1-9693-26be94a4e688: receive RaftClientReply:client-AA0F6FFFC611->3d04393c-0560-4db1-9693-26be94a4e688@group-76DA3452CE4C, cid=235, FAILED org.apache.ratis.protocol.NotLeaderException: Server 3d04393c-0560-4db1-9693-26be94a4e688 is not the leader (aff28d89-2654-4cdc-b85d-484cab16ff25:192.168.5.172:33570). Request must be sent to leader., logIndex=0, commits[3d04393c-0560-4db1-9693-26be94a4e688:c-1, aff28d89-2654-4cdc-b85d-484cab16ff25:c-1, e76efa9c-e9b5-4a08-a78e-8ad3ee00eb33:c-1]
2019-07-13 14:37:37,350 INFO  impl.FollowerState (FollowerState.java:run(106)) - 831c982a-f122-4a57-892f-80d750b79246:group-2E994392817A changes to CANDIDATE, lastRpcTime:5196, electionTimeout:5196ms
2019-07-13 14:37:37,350 INFO  impl.RoleInfo (RoleInfo.java:shutdownFollowerState(121)) - 831c982a-f122-4a57-892f-80d750b79246: shutdown FollowerState
2019-07-13 14:37:37,350 INFO  impl.RaftServerImpl (RaftServerImpl.java:setRole(171)) - 831c982a-f122-4a57-892f-80d750b79246:group-2E994392817A changes role from FOLLOWER to CANDIDATE at term 0 for changeToCandidate
2019-07-13 14:37:37,350 INFO  impl.RoleInfo (RoleInfo.java:updateAndGet(143)) - 831c982a-f122-4a57-892f-80d750b79246: start LeaderElection
2019-07-13 14:37:37,366 INFO  impl.LeaderElection (LeaderElection.java:askForVotes(181)) - 831c982a-f122-4a57-892f-80d750b79246:group-2E994392817A:LeaderElection96: begin an election at term 1 for -1: [831c982a-f122-4a57-892f-80d750b79246:192.168.5.172:37420], old=null
2019-07-13 14:37:37,366 INFO  impl.RoleInfo (RoleInfo.java:shutdownLeaderElection(134)) - 831c982a-f122-4a57-892f-80d750b79246: shutdown LeaderElection
2019-07-13 14:37:37,366 INFO  impl.RaftServerImpl (RaftServerImpl.java:setRole(171)) - 831c982a-f122-4a57-892f-80d750b79246:group-2E994392817A changes role from CANDIDATE to LEADER at term 1 for changeToLeader
2019-07-13 14:37:37,366 INFO  impl.RaftServerImpl (ServerState.java:setLeader(263)) - 831c982a-f122-4a57-892f-80d750b79246:group-2E994392817A change Leader from null to 831c982a-f122-4a57-892f-80d750b79246 at term 1 for becomeLeader, leader elected after 5216ms
2019-07-13 14:37:37,366 INFO  server.RaftServerConfigKeys (ConfUtils.java:logGet(43)) - raft.server.staging.catchup.gap = 1000 (default)
2019-07-13 14:37:37,367 INFO  server.RaftServerConfigKeys (ConfUtils.java:logGet(43)) - raft.server.rpc.sleep.time = 25ms (default)
2019-07-13 14:37:37,367 INFO  server.RaftServerConfigKeys (ConfUtils.java:logGet(43)) - raft.server.write.element-limit = 4096 (default)
2019-07-13 14:37:37,367 INFO  server.RaftServerConfigKeys (ConfUtils.java:logGet(43)) - raft.server.watch.timeout = 10s (default)
2019-07-13 14:37:37,367 INFO  server.RaftServerConfigKeys (ConfUtils.java:logGet(43)) - raft.server.watch.timeout.denomination = 1s (default)
2019-07-13 14:37:37,368 INFO  server.RaftServerConfigKeys (ConfUtils.java:logGet(43)) - raft.server.watch.element-limit = 65536 (default)
2019-07-13 14:37:37,368 INFO  impl.RoleInfo (RoleInfo.java:updateAndGet(143)) - 831c982a-f122-4a57-892f-80d750b79246: start LeaderState
2019-07-13 14:37:37,368 INFO  segmented.SegmentedRaftLogWorker (SegmentedRaftLogWorker.java:startLogSegment(380)) - 831c982a-f122-4a57-892f-80d750b79246-SegmentedRaftLogWorker:Storage Directory /tmp/workdir/hadoop-ozone/integration-test/target/test-dir/MiniOzoneClusterImpl-c7b61d8d-b87d-4d70-bdb2-ac7817d2114b/datanode-6/data/ratis/6b25d4a0-e28a-40f2-a004-2e994392817a: Starting segment from index:0
2019-07-13 14:37:37,369 INFO  impl.RaftServerImpl (ServerState.java:setRaftConf(361)) - 831c982a-f122-4a57-892f-80d750b79246:group-2E994392817A set configuration 0: [831c982a-f122-4a57-892f-80d750b79246:192.168.5.172:37420], old=null at 0
2019-07-13 14:37:37,394 INFO  segmented.SegmentedRaftLogWorker (SegmentedRaftLogWorker.java:execute(569)) - 831c982a-f122-4a57-892f-80d750b79246-SegmentedRaftLogWorker:Storage Directory /tmp/workdir/hadoop-ozone/integration-test/target/test-dir/MiniOzoneClusterImpl-c7b61d8d-b87d-4d70-bdb2-ac7817d2114b/datanode-6/data/ratis/6b25d4a0-e28a-40f2-a004-2e994392817a: created new log segment /tmp/workdir/hadoop-ozone/integration-test/target/test-dir/MiniOzoneClusterImpl-c7b61d8d-b87d-4d70-bdb2-ac7817d2114b/datanode-6/data/ratis/6b25d4a0-e28a-40f2-a004-2e994392817a/current/log_inprogress_0
2019-07-13 14:37:37,395 INFO  client.GrpcClientProtocolClient (GrpcClientProtocolClient.java:onNext(255)) - client-AA0F6FFFC611->aff28d89-2654-4cdc-b85d-484cab16ff25: receive RaftClientReply:client-AA0F6FFFC611->aff28d89-2654-4cdc-b85d-484cab16ff25@group-76DA3452CE4C, cid=235, SUCCESS, logIndex=1, commits[aff28d89-2654-4cdc-b85d-484cab16ff25:c1, 3d04393c-0560-4db1-9693-26be94a4e688:c0, e76efa9c-e9b5-4a08-a78e-8ad3ee00eb33:c0]
2019-07-13 14:37:37,420 INFO  client.GrpcClientProtocolClient (GrpcClientProtocolClient.java:onNext(255)) - client-AA0F6FFFC611->aff28d89-2654-4cdc-b85d-484cab16ff25: receive RaftClientReply:client-AA0F6FFFC611->aff28d89-2654-4cdc-b85d-484cab16ff25@group-76DA3452CE4C, cid=236, SUCCESS, logIndex=3, commits[aff28d89-2654-4cdc-b85d-484cab16ff25:c4, 3d04393c-0560-4db1-9693-26be94a4e688:c2, e76efa9c-e9b5-4a08-a78e-8ad3ee00eb33:c2]
2019-07-13 14:37:37,446 INFO  client.GrpcClientProtocolClient (GrpcClientProtocolClient.java:onNext(255)) - client-AA0F6FFFC611->aff28d89-2654-4cdc-b85d-484cab16ff25: receive RaftClientReply:client-AA0F6FFFC611->aff28d89-2654-4cdc-b85d-484cab16ff25@group-76DA3452CE4C, cid=237, SUCCESS, logIndex=4, commits[aff28d89-2654-4cdc-b85d-484cab16ff25:c11, 3d04393c-0560-4db1-9693-26be94a4e688:c7, e76efa9c-e9b5-4a08-a78e-8ad3ee00eb33:c7]
2019-07-13 14:37:37,446 INFO  client.GrpcClientProtocolClient (GrpcClientProtocolClient.java:onNext(255)) - client-AA0F6FFFC611->aff28d89-2654-4cdc-b85d-484cab16ff25: receive RaftClientReply:client-AA0F6FFFC611->aff28d89-2654-4cdc-b85d-484cab16ff25@group-76DA3452CE4C, cid=238, SUCCESS, logIndex=5, commits[aff28d89-2654-4cdc-b85d-484cab16ff25:c11, 3d04393c-0560-4db1-9693-26be94a4e688:c7, e76efa9c-e9b5-4a08-a78e-8ad3ee00eb33:c7]
2019-07-13 14:37:37,447 INFO  client.GrpcClientProtocolClient (GrpcClientProtocolClient.java:onNext(255)) - client-AA0F6FFFC611->aff28d89-2654-4cdc-b85d-484cab16ff25: receive RaftClientReply:client-AA0F6FFFC611->aff28d89-2654-4cdc-b85d-484cab16ff25@group-76DA3452CE4C, cid=239, SUCCESS, logIndex=6, commits[aff28d89-2654-4cdc-b85d-484cab16ff25:c11, 3d04393c-0560-4db1-9693-26be94a4e688:c7, e76efa9c-e9b5-4a08-a78e-8ad3ee00eb33:c7]
2019-07-13 14:37:37,485 INFO  client.GrpcClientProtocolClient (GrpcClientProtocolClient.java:onNext(255)) - client-AA0F6FFFC611->aff28d89-2654-4cdc-b85d-484cab16ff25: receive RaftClientReply:client-AA0F6FFFC611->aff28d89-2654-4cdc-b85d-484cab16ff25@group-76DA3452CE4C, cid=240, SUCCESS, logIndex=7, commits[aff28d89-2654-4cdc-b85d-484cab16ff25:c11, 3d04393c-0560-4db1-9693-26be94a4e688:c7, e76efa9c-e9b5-4a08-a78e-8ad3ee00eb33:c7]
2019-07-13 14:37:37,495 INFO  client.GrpcClientProtocolClient (GrpcClientProtocolClient.java:onNext(255)) - client-AA0F6FFFC611->aff28d89-2654-4cdc-b85d-484cab16ff25: receive RaftClientReply:client-AA0F6FFFC611->aff28d89-2654-4cdc-b85d-484cab16ff25@group-76DA3452CE4C, cid=241, SUCCESS, logIndex=12, commits[aff28d89-2654-4cdc-b85d-484cab16ff25:c12, 3d04393c-0560-4db1-9693-26be94a4e688:c11, e76efa9c-e9b5-4a08-a78e-8ad3ee00eb33:c11]
2019-07-13 14:37:37,496 INFO  client.GrpcClientProtocolClient (GrpcClientProtocolClient.java:onNext(255)) - client-AA0F6FFFC611->aff28d89-2654-4cdc-b85d-484cab16ff25: receive RaftClientReply:client-AA0F6FFFC611->aff28d89-2654-4cdc-b85d-484cab16ff25@group-76DA3452CE4C, cid=242, SUCCESS, logIndex=13, commits[aff28d89-2654-4cdc-b85d-484cab16ff25:c13, 3d04393c-0560-4db1-9693-26be94a4e688:c11, e76efa9c-e9b5-4a08-a78e-8ad3ee00eb33:c11]
2019-07-13 14:37:37,504 INFO  client.GrpcClientProtocolClient (GrpcClientProtocolClient.java:onNext(255)) - client-AA0F6FFFC611->aff28d89-2654-4cdc-b85d-484cab16ff25: receive RaftClientReply:client-AA0F6FFFC611->aff28d89-2654-4cdc-b85d-484cab16ff25@group-76DA3452CE4C, cid=243, SUCCESS, logIndex=0, commits[aff28d89-2654-4cdc-b85d-484cab16ff25:c15, 3d04393c-0560-4db1-9693-26be94a4e688:c13, e76efa9c-e9b5-4a08-a78e-8ad3ee00eb33:c13]
2019-07-13 14:37:37,505 INFO  container.CloseContainerEventHandler (CloseContainerEventHandler.java:onMessage(61)) - Close container Event triggered for container : #1
2019-07-13 14:37:37,505 INFO  container.CloseContainerEventHandler (CloseContainerEventHandler.java:onMessage(61)) - Close container Event triggered for container : #1
2019-07-13 14:37:37,505 INFO  container.CloseContainerEventHandler (CloseContainerEventHandler.java:onMessage(61)) - Close container Event triggered for container : #1
2019-07-13 14:37:38,997 INFO  interfaces.Container (KeyValueContainer.java:compactDB(356)) - Container 1 is closed with bcsId 13.
2019-07-13 14:37:39,004 INFO  interfaces.Container (KeyValueContainer.java:compactDB(356)) - Container 1 is closed with bcsId 13.
14:37:39.007 [grpc-default-executor-11] ERROR DNAudit - user=null | ip=null | op=WRITE_CHUNK {blockData=conID: 1 locID: 102434645816770579 bcsId: 13} | ret=FAILURE
org.apache.hadoop.hdds.scm.container.common.helpers.ContainerNotOpenException: Container 1 in CLOSED state
	at org.apache.hadoop.ozone.container.common.impl.HddsDispatcher.validateContainerCommand(HddsDispatcher.java:408) ~[hadoop-hdds-container-service-0.5.0-SNAPSHOT.jar:?]
	at org.apache.hadoop.ozone.container.common.transport.server.ratis.ContainerStateMachine.startTransaction(ContainerStateMachine.java:271) ~[hadoop-hdds-container-service-0.5.0-SNAPSHOT.jar:?]
	at org.apache.ratis.server.impl.RaftServerImpl.submitClientRequestAsync(RaftServerImpl.java:566) ~[ratis-server-0.4.0-2337318-SNAPSHOT.jar:0.4.0-2337318-SNAPSHOT]
	at org.apache.ratis.server.impl.RaftServerProxy.lambda$submitClientRequestAsync$7(RaftServerProxy.java:333) ~[ratis-server-0.4.0-2337318-SNAPSHOT.jar:0.4.0-2337318-SNAPSHOT]
	at org.apache.ratis.server.impl.RaftServerProxy.lambda$null$5(RaftServerProxy.java:328) ~[ratis-server-0.4.0-2337318-SNAPSHOT.jar:0.4.0-2337318-SNAPSHOT]
	at org.apache.ratis.util.JavaUtils.callAsUnchecked(JavaUtils.java:109) ~[ratis-common-0.4.0-2337318-SNAPSHOT.jar:0.4.0-2337318-SNAPSHOT]
	at org.apache.ratis.server.impl.RaftServerProxy.lambda$submitRequest$6(RaftServerProxy.java:328) ~[ratis-server-0.4.0-2337318-SNAPSHOT.jar:0.4.0-2337318-SNAPSHOT]
	at java.util.concurrent.CompletableFuture.uniComposeStage(CompletableFuture.java:981) ~[?:1.8.0_212]
	at java.util.concurrent.CompletableFuture.thenCompose(CompletableFuture.java:2124) ~[?:1.8.0_212]
	at org.apache.ratis.server.impl.RaftServerProxy.submitRequest(RaftServerProxy.java:327) ~[ratis-server-0.4.0-2337318-SNAPSHOT.jar:0.4.0-2337318-SNAPSHOT]
	at org.apache.ratis.server.impl.RaftServerProxy.submitClientRequestAsync(RaftServerProxy.java:333) ~[ratis-server-0.4.0-2337318-SNAPSHOT.jar:0.4.0-2337318-SNAPSHOT]
	at org.apache.ratis.grpc.client.GrpcClientProtocolService$RequestStreamObserver.processClientRequest(GrpcClientProtocolService.java:220) ~[ratis-grpc-0.4.0-2337318-SNAPSHOT.jar:0.4.0-2337318-SNAPSHOT]
	at org.apache.ratis.grpc.client.GrpcClientProtocolService$OrderedRequestStreamObserver.processClientRequest(GrpcClientProtocolService.java:326) ~[ratis-grpc-0.4.0-2337318-SNAPSHOT.jar:0.4.0-2337318-SNAPSHOT]
	at org.apache.ratis.util.SlidingWindow$Server.processRequestsFromHead(SlidingWindow.java:429) [ratis-common-0.4.0-2337318-SNAPSHOT.jar:0.4.0-2337318-SNAPSHOT]
	at org.apache.ratis.util.SlidingWindow$Server.receivedRequest(SlidingWindow.java:421) [ratis-common-0.4.0-2337318-SNAPSHOT.jar:0.4.0-2337318-SNAPSHOT]
	at org.apache.ratis.grpc.client.GrpcClientProtocolService$OrderedRequestStreamObserver.processClientRequest(GrpcClientProtocolService.java:345) [ratis-grpc-0.4.0-2337318-SNAPSHOT.jar:0.4.0-2337318-SNAPSHOT]
	at org.apache.ratis.grpc.client.GrpcClientProtocolService$RequestStreamObserver.onNext(GrpcClientProtocolService.java:240) [ratis-grpc-0.4.0-2337318-SNAPSHOT.jar:0.4.0-2337318-SNAPSHOT]
	at org.apache.ratis.grpc.client.GrpcClientProtocolService$RequestStreamObserver.onNext(GrpcClientProtocolService.java:168) [ratis-grpc-0.4.0-2337318-SNAPSHOT.jar:0.4.0-2337318-SNAPSHOT]
	at org.apache.ratis.thirdparty.io.grpc.stub.ServerCalls$StreamingServerCallHandler$StreamingServerCallListener.onMessage(ServerCalls.java:248) [ratis-thirdparty-misc-0.2.0.jar:0.2.0]
	at org.apache.ratis.thirdparty.io.grpc.internal.ServerCallImpl$ServerStreamListenerImpl.messagesAvailable(ServerCallImpl.java:263) [ratis-thirdparty-misc-0.2.0.jar:0.2.0]
	at org.apache.ratis.thirdparty.io.grpc.internal.ServerImpl$JumpToApplicationThreadServerStreamListener$1MessagesAvailable.runInContext(ServerImpl.java:686) [ratis-thirdparty-misc-0.2.0.jar:0.2.0]
	at org.apache.ratis.thirdparty.io.grpc.internal.ContextRunnable.run(ContextRunnable.java:37) [ratis-thirdparty-misc-0.2.0.jar:0.2.0]
	at org.apache.ratis.thirdparty.io.grpc.internal.SerializingExecutor.run(SerializingExecutor.java:123) [ratis-thirdparty-misc-0.2.0.jar:0.2.0]
	at java.util.concurrent.ThreadPoolExecutor.runWorker(ThreadPoolExecutor.java:1149) [?:1.8.0_212]
	at java.util.concurrent.ThreadPoolExecutor$Worker.run(ThreadPoolExecutor.java:624) [?:1.8.0_212]
	at java.lang.Thread.run(Thread.java:748) [?:1.8.0_212]
2019-07-13 14:37:39,013 INFO  interfaces.Container (KeyValueContainer.java:compactDB(356)) - Container 1 is closed with bcsId 13.
14:37:39.016 [grpc-default-executor-11] ERROR DNAudit - user=null | ip=null | op=WRITE_CHUNK {blockData=conID: 1 locID: 102434645816770579 bcsId: 13} | ret=FAILURE
org.apache.hadoop.hdds.scm.container.common.helpers.ContainerNotOpenException: Container 1 in CLOSED state
	at org.apache.hadoop.ozone.container.common.impl.HddsDispatcher.validateContainerCommand(HddsDispatcher.java:408) ~[hadoop-hdds-container-service-0.5.0-SNAPSHOT.jar:?]
	at org.apache.hadoop.ozone.container.common.transport.server.ratis.ContainerStateMachine.startTransaction(ContainerStateMachine.java:271) ~[hadoop-hdds-container-service-0.5.0-SNAPSHOT.jar:?]
	at org.apache.ratis.server.impl.RaftServerImpl.submitClientRequestAsync(RaftServerImpl.java:566) ~[ratis-server-0.4.0-2337318-SNAPSHOT.jar:0.4.0-2337318-SNAPSHOT]
	at org.apache.ratis.server.impl.RaftServerProxy.lambda$submitClientRequestAsync$7(RaftServerProxy.java:333) ~[ratis-server-0.4.0-2337318-SNAPSHOT.jar:0.4.0-2337318-SNAPSHOT]
	at org.apache.ratis.server.impl.RaftServerProxy.lambda$null$5(RaftServerProxy.java:328) ~[ratis-server-0.4.0-2337318-SNAPSHOT.jar:0.4.0-2337318-SNAPSHOT]
	at org.apache.ratis.util.JavaUtils.callAsUnchecked(JavaUtils.java:109) ~[ratis-common-0.4.0-2337318-SNAPSHOT.jar:0.4.0-2337318-SNAPSHOT]
	at org.apache.ratis.server.impl.RaftServerProxy.lambda$submitRequest$6(RaftServerProxy.java:328) ~[ratis-server-0.4.0-2337318-SNAPSHOT.jar:0.4.0-2337318-SNAPSHOT]
	at java.util.concurrent.CompletableFuture.uniComposeStage(CompletableFuture.java:981) ~[?:1.8.0_212]
	at java.util.concurrent.CompletableFuture.thenCompose(CompletableFuture.java:2124) ~[?:1.8.0_212]
	at org.apache.ratis.server.impl.RaftServerProxy.submitRequest(RaftServerProxy.java:327) ~[ratis-server-0.4.0-2337318-SNAPSHOT.jar:0.4.0-2337318-SNAPSHOT]
	at org.apache.ratis.server.impl.RaftServerProxy.submitClientRequestAsync(RaftServerProxy.java:333) ~[ratis-server-0.4.0-2337318-SNAPSHOT.jar:0.4.0-2337318-SNAPSHOT]
	at org.apache.ratis.grpc.client.GrpcClientProtocolService$RequestStreamObserver.processClientRequest(GrpcClientProtocolService.java:220) ~[ratis-grpc-0.4.0-2337318-SNAPSHOT.jar:0.4.0-2337318-SNAPSHOT]
	at org.apache.ratis.grpc.client.GrpcClientProtocolService$OrderedRequestStreamObserver.processClientRequest(GrpcClientProtocolService.java:326) ~[ratis-grpc-0.4.0-2337318-SNAPSHOT.jar:0.4.0-2337318-SNAPSHOT]
	at org.apache.ratis.util.SlidingWindow$Server.processRequestsFromHead(SlidingWindow.java:429) [ratis-common-0.4.0-2337318-SNAPSHOT.jar:0.4.0-2337318-SNAPSHOT]
	at org.apache.ratis.util.SlidingWindow$Server.receivedRequest(SlidingWindow.java:421) [ratis-common-0.4.0-2337318-SNAPSHOT.jar:0.4.0-2337318-SNAPSHOT]
	at org.apache.ratis.grpc.client.GrpcClientProtocolService$OrderedRequestStreamObserver.processClientRequest(GrpcClientProtocolService.java:345) [ratis-grpc-0.4.0-2337318-SNAPSHOT.jar:0.4.0-2337318-SNAPSHOT]
	at org.apache.ratis.grpc.client.GrpcClientProtocolService$RequestStreamObserver.onNext(GrpcClientProtocolService.java:240) [ratis-grpc-0.4.0-2337318-SNAPSHOT.jar:0.4.0-2337318-SNAPSHOT]
	at org.apache.ratis.grpc.client.GrpcClientProtocolService$RequestStreamObserver.onNext(GrpcClientProtocolService.java:168) [ratis-grpc-0.4.0-2337318-SNAPSHOT.jar:0.4.0-2337318-SNAPSHOT]
	at org.apache.ratis.thirdparty.io.grpc.stub.ServerCalls$StreamingServerCallHandler$StreamingServerCallListener.onMessage(ServerCalls.java:248) [ratis-thirdparty-misc-0.2.0.jar:0.2.0]
	at org.apache.ratis.thirdparty.io.grpc.internal.ServerCallImpl$ServerStreamListenerImpl.messagesAvailable(ServerCallImpl.java:263) [ratis-thirdparty-misc-0.2.0.jar:0.2.0]
	at org.apache.ratis.thirdparty.io.grpc.internal.ServerImpl$JumpToApplicationThreadServerStreamListener$1MessagesAvailable.runInContext(ServerImpl.java:686) [ratis-thirdparty-misc-0.2.0.jar:0.2.0]
	at org.apache.ratis.thirdparty.io.grpc.internal.ContextRunnable.run(ContextRunnable.java:37) [ratis-thirdparty-misc-0.2.0.jar:0.2.0]
	at org.apache.ratis.thirdparty.io.grpc.internal.SerializingExecutor.run(SerializingExecutor.java:123) [ratis-thirdparty-misc-0.2.0.jar:0.2.0]
	at java.util.concurrent.ThreadPoolExecutor.runWorker(ThreadPoolExecutor.java:1149) [?:1.8.0_212]
	at java.util.concurrent.ThreadPoolExecutor$Worker.run(ThreadPoolExecutor.java:624) [?:1.8.0_212]
	at java.lang.Thread.run(Thread.java:748) [?:1.8.0_212]
2019-07-13 14:37:39,018 INFO  client.GrpcClientProtocolClient (GrpcClientProtocolClient.java:onNext(255)) - client-AA0F6FFFC611->aff28d89-2654-4cdc-b85d-484cab16ff25: receive RaftClientReply:client-AA0F6FFFC611->aff28d89-2654-4cdc-b85d-484cab16ff25@group-76DA3452CE4C, cid=244, FAILED org.apache.ratis.protocol.StateMachineException: org.apache.hadoop.hdds.scm.container.common.helpers.ContainerNotOpenException from Server aff28d89-2654-4cdc-b85d-484cab16ff25: Container 1 in CLOSED state, logIndex=0, commits[aff28d89-2654-4cdc-b85d-484cab16ff25:c17, 3d04393c-0560-4db1-9693-26be94a4e688:c16, e76efa9c-e9b5-4a08-a78e-8ad3ee00eb33:c16]
14:37:39.024 [grpc-default-executor-11] ERROR DNAudit - user=null | ip=null | op=PUT_BLOCK {blockData=[blockId=conID: 1 locID: 102434645816770579 bcsId: 0,size=650]} | ret=FAILURE
org.apache.hadoop.hdds.scm.container.common.helpers.ContainerNotOpenException: Container 1 in CLOSED state
	at org.apache.hadoop.ozone.container.common.impl.HddsDispatcher.validateContainerCommand(HddsDispatcher.java:408) ~[hadoop-hdds-container-service-0.5.0-SNAPSHOT.jar:?]
	at org.apache.hadoop.ozone.container.common.transport.server.ratis.ContainerStateMachine.startTransaction(ContainerStateMachine.java:271) ~[hadoop-hdds-container-service-0.5.0-SNAPSHOT.jar:?]
	at org.apache.ratis.server.impl.RaftServerImpl.submitClientRequestAsync(RaftServerImpl.java:566) ~[ratis-server-0.4.0-2337318-SNAPSHOT.jar:0.4.0-2337318-SNAPSHOT]
	at org.apache.ratis.server.impl.RaftServerProxy.lambda$submitClientRequestAsync$7(RaftServerProxy.java:333) ~[ratis-server-0.4.0-2337318-SNAPSHOT.jar:0.4.0-2337318-SNAPSHOT]
	at org.apache.ratis.server.impl.RaftServerProxy.lambda$null$5(RaftServerProxy.java:328) ~[ratis-server-0.4.0-2337318-SNAPSHOT.jar:0.4.0-2337318-SNAPSHOT]
	at org.apache.ratis.util.JavaUtils.callAsUnchecked(JavaUtils.java:109) ~[ratis-common-0.4.0-2337318-SNAPSHOT.jar:0.4.0-2337318-SNAPSHOT]
	at org.apache.ratis.server.impl.RaftServerProxy.lambda$submitRequest$6(RaftServerProxy.java:328) ~[ratis-server-0.4.0-2337318-SNAPSHOT.jar:0.4.0-2337318-SNAPSHOT]
	at java.util.concurrent.CompletableFuture.uniComposeStage(CompletableFuture.java:981) ~[?:1.8.0_212]
	at java.util.concurrent.CompletableFuture.thenCompose(CompletableFuture.java:2124) ~[?:1.8.0_212]
	at org.apache.ratis.server.impl.RaftServerProxy.submitRequest(RaftServerProxy.java:327) ~[ratis-server-0.4.0-2337318-SNAPSHOT.jar:0.4.0-2337318-SNAPSHOT]
	at org.apache.ratis.server.impl.RaftServerProxy.submitClientRequestAsync(RaftServerProxy.java:333) ~[ratis-server-0.4.0-2337318-SNAPSHOT.jar:0.4.0-2337318-SNAPSHOT]
	at org.apache.ratis.grpc.client.GrpcClientProtocolService$RequestStreamObserver.processClientRequest(GrpcClientProtocolService.java:220) ~[ratis-grpc-0.4.0-2337318-SNAPSHOT.jar:0.4.0-2337318-SNAPSHOT]
	at org.apache.ratis.grpc.client.GrpcClientProtocolService$OrderedRequestStreamObserver.processClientRequest(GrpcClientProtocolService.java:326) ~[ratis-grpc-0.4.0-2337318-SNAPSHOT.jar:0.4.0-2337318-SNAPSHOT]
	at org.apache.ratis.util.SlidingWindow$Server.processRequestsFromHead(SlidingWindow.java:429) [ratis-common-0.4.0-2337318-SNAPSHOT.jar:0.4.0-2337318-SNAPSHOT]
	at org.apache.ratis.util.SlidingWindow$Server.receivedRequest(SlidingWindow.java:421) [ratis-common-0.4.0-2337318-SNAPSHOT.jar:0.4.0-2337318-SNAPSHOT]
	at org.apache.ratis.grpc.client.GrpcClientProtocolService$OrderedRequestStreamObserver.processClientRequest(GrpcClientProtocolService.java:345) [ratis-grpc-0.4.0-2337318-SNAPSHOT.jar:0.4.0-2337318-SNAPSHOT]
	at org.apache.ratis.grpc.client.GrpcClientProtocolService$RequestStreamObserver.onNext(GrpcClientProtocolService.java:240) [ratis-grpc-0.4.0-2337318-SNAPSHOT.jar:0.4.0-2337318-SNAPSHOT]
	at org.apache.ratis.grpc.client.GrpcClientProtocolService$RequestStreamObserver.onNext(GrpcClientProtocolService.java:168) [ratis-grpc-0.4.0-2337318-SNAPSHOT.jar:0.4.0-2337318-SNAPSHOT]
	at org.apache.ratis.thirdparty.io.grpc.stub.ServerCalls$StreamingServerCallHandler$StreamingServerCallListener.onMessage(ServerCalls.java:248) [ratis-thirdparty-misc-0.2.0.jar:0.2.0]
	at org.apache.ratis.thirdparty.io.grpc.internal.ServerCallImpl$ServerStreamListenerImpl.messagesAvailable(ServerCallImpl.java:263) [ratis-thirdparty-misc-0.2.0.jar:0.2.0]
	at org.apache.ratis.thirdparty.io.grpc.internal.ServerImpl$JumpToApplicationThreadServerStreamListener$1MessagesAvailable.runInContext(ServerImpl.java:686) [ratis-thirdparty-misc-0.2.0.jar:0.2.0]
	at org.apache.ratis.thirdparty.io.grpc.internal.ContextRunnable.run(ContextRunnable.java:37) [ratis-thirdparty-misc-0.2.0.jar:0.2.0]
	at org.apache.ratis.thirdparty.io.grpc.internal.SerializingExecutor.run(SerializingExecutor.java:123) [ratis-thirdparty-misc-0.2.0.jar:0.2.0]
	at java.util.concurrent.ThreadPoolExecutor.runWorker(ThreadPoolExecutor.java:1149) [?:1.8.0_212]
	at java.util.concurrent.ThreadPoolExecutor$Worker.run(ThreadPoolExecutor.java:624) [?:1.8.0_212]
	at java.lang.Thread.run(Thread.java:748) [?:1.8.0_212]
2019-07-13 14:37:39,024 INFO  client.GrpcClientProtocolClient (GrpcClientProtocolClient.java:onNext(255)) - client-AA0F6FFFC611->aff28d89-2654-4cdc-b85d-484cab16ff25: receive RaftClientReply:client-AA0F6FFFC611->aff28d89-2654-4cdc-b85d-484cab16ff25@group-76DA3452CE4C, cid=245, FAILED org.apache.ratis.protocol.StateMachineException: org.apache.hadoop.hdds.scm.container.common.helpers.ContainerNotOpenException from Server aff28d89-2654-4cdc-b85d-484cab16ff25: Container 1 in CLOSED state, logIndex=0, commits[aff28d89-2654-4cdc-b85d-484cab16ff25:c17, 3d04393c-0560-4db1-9693-26be94a4e688:c16, e76efa9c-e9b5-4a08-a78e-8ad3ee00eb33:c16]
14:37:39.032 [grpc-default-executor-11] ERROR DNAudit - user=null | ip=null | op=WRITE_CHUNK {blockData=conID: 1 locID: 102434645816770579 bcsId: 13} | ret=FAILURE
org.apache.hadoop.hdds.scm.container.common.helpers.ContainerNotOpenException: Container 1 in CLOSED state
	at org.apache.hadoop.ozone.container.common.impl.HddsDispatcher.validateContainerCommand(HddsDispatcher.java:408) ~[hadoop-hdds-container-service-0.5.0-SNAPSHOT.jar:?]
	at org.apache.hadoop.ozone.container.common.transport.server.ratis.ContainerStateMachine.startTransaction(ContainerStateMachine.java:271) ~[hadoop-hdds-container-service-0.5.0-SNAPSHOT.jar:?]
	at org.apache.ratis.server.impl.RaftServerImpl.submitClientRequestAsync(RaftServerImpl.java:566) ~[ratis-server-0.4.0-2337318-SNAPSHOT.jar:0.4.0-2337318-SNAPSHOT]
	at org.apache.ratis.server.impl.RaftServerProxy.lambda$submitClientRequestAsync$7(RaftServerProxy.java:333) ~[ratis-server-0.4.0-2337318-SNAPSHOT.jar:0.4.0-2337318-SNAPSHOT]
	at org.apache.ratis.server.impl.RaftServerProxy.lambda$null$5(RaftServerProxy.java:328) ~[ratis-server-0.4.0-2337318-SNAPSHOT.jar:0.4.0-2337318-SNAPSHOT]
	at org.apache.ratis.util.JavaUtils.callAsUnchecked(JavaUtils.java:109) ~[ratis-common-0.4.0-2337318-SNAPSHOT.jar:0.4.0-2337318-SNAPSHOT]
	at org.apache.ratis.server.impl.RaftServerProxy.lambda$submitRequest$6(RaftServerProxy.java:328) ~[ratis-server-0.4.0-2337318-SNAPSHOT.jar:0.4.0-2337318-SNAPSHOT]
	at java.util.concurrent.CompletableFuture.uniComposeStage(CompletableFuture.java:981) ~[?:1.8.0_212]
	at java.util.concurrent.CompletableFuture.thenCompose(CompletableFuture.java:2124) ~[?:1.8.0_212]
	at org.apache.ratis.server.impl.RaftServerProxy.submitRequest(RaftServerProxy.java:327) ~[ratis-server-0.4.0-2337318-SNAPSHOT.jar:0.4.0-2337318-SNAPSHOT]
	at org.apache.ratis.server.impl.RaftServerProxy.submitClientRequestAsync(RaftServerProxy.java:333) ~[ratis-server-0.4.0-2337318-SNAPSHOT.jar:0.4.0-2337318-SNAPSHOT]
	at org.apache.ratis.grpc.client.GrpcClientProtocolService$RequestStreamObserver.processClientRequest(GrpcClientProtocolService.java:220) ~[ratis-grpc-0.4.0-2337318-SNAPSHOT.jar:0.4.0-2337318-SNAPSHOT]
	at org.apache.ratis.grpc.client.GrpcClientProtocolService$OrderedRequestStreamObserver.processClientRequest(GrpcClientProtocolService.java:326) ~[ratis-grpc-0.4.0-2337318-SNAPSHOT.jar:0.4.0-2337318-SNAPSHOT]
	at org.apache.ratis.util.SlidingWindow$Server.processRequestsFromHead(SlidingWindow.java:429) [ratis-common-0.4.0-2337318-SNAPSHOT.jar:0.4.0-2337318-SNAPSHOT]
	at org.apache.ratis.util.SlidingWindow$Server.receivedRequest(SlidingWindow.java:421) [ratis-common-0.4.0-2337318-SNAPSHOT.jar:0.4.0-2337318-SNAPSHOT]
	at org.apache.ratis.grpc.client.GrpcClientProtocolService$OrderedRequestStreamObserver.processClientRequest(GrpcClientProtocolService.java:345) [ratis-grpc-0.4.0-2337318-SNAPSHOT.jar:0.4.0-2337318-SNAPSHOT]
	at org.apache.ratis.grpc.client.GrpcClientProtocolService$RequestStreamObserver.onNext(GrpcClientProtocolService.java:240) [ratis-grpc-0.4.0-2337318-SNAPSHOT.jar:0.4.0-2337318-SNAPSHOT]
	at org.apache.ratis.grpc.client.GrpcClientProtocolService$RequestStreamObserver.onNext(GrpcClientProtocolService.java:168) [ratis-grpc-0.4.0-2337318-SNAPSHOT.jar:0.4.0-2337318-SNAPSHOT]
	at org.apache.ratis.thirdparty.io.grpc.stub.ServerCalls$StreamingServerCallHandler$StreamingServerCallListener.onMessage(ServerCalls.java:248) [ratis-thirdparty-misc-0.2.0.jar:0.2.0]
	at org.apache.ratis.thirdparty.io.grpc.internal.ServerCallImpl$ServerStreamListenerImpl.messagesAvailable(ServerCallImpl.java:263) [ratis-thirdparty-misc-0.2.0.jar:0.2.0]
	at org.apache.ratis.thirdparty.io.grpc.internal.ServerImpl$JumpToApplicationThreadServerStreamListener$1MessagesAvailable.runInContext(ServerImpl.java:686) [ratis-thirdparty-misc-0.2.0.jar:0.2.0]
	at org.apache.ratis.thirdparty.io.grpc.internal.ContextRunnable.run(ContextRunnable.java:37) [ratis-thirdparty-misc-0.2.0.jar:0.2.0]
	at org.apache.ratis.thirdparty.io.grpc.internal.SerializingExecutor.run(SerializingExecutor.java:123) [ratis-thirdparty-misc-0.2.0.jar:0.2.0]
	at java.util.concurrent.ThreadPoolExecutor.runWorker(ThreadPoolExecutor.java:1149) [?:1.8.0_212]
	at java.util.concurrent.ThreadPoolExecutor$Worker.run(ThreadPoolExecutor.java:624) [?:1.8.0_212]
	at java.lang.Thread.run(Thread.java:748) [?:1.8.0_212]
2019-07-13 14:37:39,033 INFO  client.GrpcClientProtocolClient (GrpcClientProtocolClient.java:onNext(255)) - client-AA0F6FFFC611->aff28d89-2654-4cdc-b85d-484cab16ff25: receive RaftClientReply:client-AA0F6FFFC611->aff28d89-2654-4cdc-b85d-484cab16ff25@group-76DA3452CE4C, cid=246, FAILED org.apache.ratis.protocol.StateMachineException: org.apache.hadoop.hdds.scm.container.common.helpers.ContainerNotOpenException from Server aff28d89-2654-4cdc-b85d-484cab16ff25: Container 1 in CLOSED state, logIndex=0, commits[aff28d89-2654-4cdc-b85d-484cab16ff25:c17, 3d04393c-0560-4db1-9693-26be94a4e688:c16, e76efa9c-e9b5-4a08-a78e-8ad3ee00eb33:c16]
2019-07-13 14:37:39,040 INFO  client.GrpcClientProtocolClient (GrpcClientProtocolClient.java:onNext(255)) - client-AA0F6FFFC611->aff28d89-2654-4cdc-b85d-484cab16ff25: receive RaftClientReply:client-AA0F6FFFC611->aff28d89-2654-4cdc-b85d-484cab16ff25@group-76DA3452CE4C, cid=247, FAILED org.apache.ratis.protocol.StateMachineException: org.apache.hadoop.hdds.scm.container.common.helpers.ContainerNotOpenException from Server aff28d89-2654-4cdc-b85d-484cab16ff25: Container 1 in CLOSED state, logIndex=0, commits[aff28d89-2654-4cdc-b85d-484cab16ff25:c17, 3d04393c-0560-4db1-9693-26be94a4e688:c16, e76efa9c-e9b5-4a08-a78e-8ad3ee00eb33:c16]
14:37:39.039 [grpc-default-executor-16] ERROR DNAudit - user=null | ip=null | op=WRITE_CHUNK {blockData=conID: 1 locID: 102434645816770579 bcsId: 13} | ret=FAILURE
org.apache.hadoop.hdds.scm.container.common.helpers.ContainerNotOpenException: Container 1 in CLOSED state
	at org.apache.hadoop.ozone.container.common.impl.HddsDispatcher.validateContainerCommand(HddsDispatcher.java:408) ~[hadoop-hdds-container-service-0.5.0-SNAPSHOT.jar:?]
	at org.apache.hadoop.ozone.container.common.transport.server.ratis.ContainerStateMachine.startTransaction(ContainerStateMachine.java:271) ~[hadoop-hdds-container-service-0.5.0-SNAPSHOT.jar:?]
	at org.apache.ratis.server.impl.RaftServerImpl.submitClientRequestAsync(RaftServerImpl.java:566) ~[ratis-server-0.4.0-2337318-SNAPSHOT.jar:0.4.0-2337318-SNAPSHOT]
	at org.apache.ratis.server.impl.RaftServerProxy.lambda$submitClientRequestAsync$7(RaftServerProxy.java:333) ~[ratis-server-0.4.0-2337318-SNAPSHOT.jar:0.4.0-2337318-SNAPSHOT]
	at org.apache.ratis.server.impl.RaftServerProxy.lambda$null$5(RaftServerProxy.java:328) ~[ratis-server-0.4.0-2337318-SNAPSHOT.jar:0.4.0-2337318-SNAPSHOT]
	at org.apache.ratis.util.JavaUtils.callAsUnchecked(JavaUtils.java:109) ~[ratis-common-0.4.0-2337318-SNAPSHOT.jar:0.4.0-2337318-SNAPSHOT]
	at org.apache.ratis.server.impl.RaftServerProxy.lambda$submitRequest$6(RaftServerProxy.java:328) ~[ratis-server-0.4.0-2337318-SNAPSHOT.jar:0.4.0-2337318-SNAPSHOT]
	at java.util.concurrent.CompletableFuture.uniComposeStage(CompletableFuture.java:981) ~[?:1.8.0_212]
	at java.util.concurrent.CompletableFuture.thenCompose(CompletableFuture.java:2124) ~[?:1.8.0_212]
	at org.apache.ratis.server.impl.RaftServerProxy.submitRequest(RaftServerProxy.java:327) ~[ratis-server-0.4.0-2337318-SNAPSHOT.jar:0.4.0-2337318-SNAPSHOT]
	at org.apache.ratis.server.impl.RaftServerProxy.submitClientRequestAsync(RaftServerProxy.java:333) ~[ratis-server-0.4.0-2337318-SNAPSHOT.jar:0.4.0-2337318-SNAPSHOT]
	at org.apache.ratis.grpc.client.GrpcClientProtocolService$RequestStreamObserver.processClientRequest(GrpcClientProtocolService.java:220) ~[ratis-grpc-0.4.0-2337318-SNAPSHOT.jar:0.4.0-2337318-SNAPSHOT]
	at org.apache.ratis.grpc.client.GrpcClientProtocolService$OrderedRequestStreamObserver.processClientRequest(GrpcClientProtocolService.java:326) ~[ratis-grpc-0.4.0-2337318-SNAPSHOT.jar:0.4.0-2337318-SNAPSHOT]
	at org.apache.ratis.util.SlidingWindow$Server.processRequestsFromHead(SlidingWindow.java:429) [ratis-common-0.4.0-2337318-SNAPSHOT.jar:0.4.0-2337318-SNAPSHOT]
	at org.apache.ratis.util.SlidingWindow$Server.receivedRequest(SlidingWindow.java:421) [ratis-common-0.4.0-2337318-SNAPSHOT.jar:0.4.0-2337318-SNAPSHOT]
	at org.apache.ratis.grpc.client.GrpcClientProtocolService$OrderedRequestStreamObserver.processClientRequest(GrpcClientProtocolService.java:345) [ratis-grpc-0.4.0-2337318-SNAPSHOT.jar:0.4.0-2337318-SNAPSHOT]
	at org.apache.ratis.grpc.client.GrpcClientProtocolService$RequestStreamObserver.onNext(GrpcClientProtocolService.java:240) [ratis-grpc-0.4.0-2337318-SNAPSHOT.jar:0.4.0-2337318-SNAPSHOT]
	at org.apache.ratis.grpc.client.GrpcClientProtocolService$RequestStreamObserver.onNext(GrpcClientProtocolService.java:168) [ratis-grpc-0.4.0-2337318-SNAPSHOT.jar:0.4.0-2337318-SNAPSHOT]
	at org.apache.ratis.thirdparty.io.grpc.stub.ServerCalls$StreamingServerCallHandler$StreamingServerCallListener.onMessage(ServerCalls.java:248) [ratis-thirdparty-misc-0.2.0.jar:0.2.0]
	at org.apache.ratis.thirdparty.io.grpc.internal.ServerCallImpl$ServerStreamListenerImpl.messagesAvailable(ServerCallImpl.java:263) [ratis-thirdparty-misc-0.2.0.jar:0.2.0]
	at org.apache.ratis.thirdparty.io.grpc.internal.ServerImpl$JumpToApplicationThreadServerStreamListener$1MessagesAvailable.runInContext(ServerImpl.java:686) [ratis-thirdparty-misc-0.2.0.jar:0.2.0]
	at org.apache.ratis.thirdparty.io.grpc.internal.ContextRunnable.run(ContextRunnable.java:37) [ratis-thirdparty-misc-0.2.0.jar:0.2.0]
	at org.apache.ratis.thirdparty.io.grpc.internal.SerializingExecutor.run(SerializingExecutor.java:123) [ratis-thirdparty-misc-0.2.0.jar:0.2.0]
	at java.util.concurrent.ThreadPoolExecutor.runWorker(ThreadPoolExecutor.java:1149) [?:1.8.0_212]
	at java.util.concurrent.ThreadPoolExecutor$Worker.run(ThreadPoolExecutor.java:624) [?:1.8.0_212]
	at java.lang.Thread.run(Thread.java:748) [?:1.8.0_212]
14:37:39.047 [grpc-default-executor-16] ERROR DNAudit - user=null | ip=null | op=PUT_BLOCK {blockData=[blockId=conID: 1 locID: 102434645816770579 bcsId: 0,size=800]} | ret=FAILURE
org.apache.hadoop.hdds.scm.container.common.helpers.ContainerNotOpenException: Container 1 in CLOSED state
	at org.apache.hadoop.ozone.container.common.impl.HddsDispatcher.validateContainerCommand(HddsDispatcher.java:408) ~[hadoop-hdds-container-service-0.5.0-SNAPSHOT.jar:?]
	at org.apache.hadoop.ozone.container.common.transport.server.ratis.ContainerStateMachine.startTransaction(ContainerStateMachine.java:271) ~[hadoop-hdds-container-service-0.5.0-SNAPSHOT.jar:?]
	at org.apache.ratis.server.impl.RaftServerImpl.submitClientRequestAsync(RaftServerImpl.java:566) ~[ratis-server-0.4.0-2337318-SNAPSHOT.jar:0.4.0-2337318-SNAPSHOT]
	at org.apache.ratis.server.impl.RaftServerProxy.lambda$submitClientRequestAsync$7(RaftServerProxy.java:333) ~[ratis-server-0.4.0-2337318-SNAPSHOT.jar:0.4.0-2337318-SNAPSHOT]
	at org.apache.ratis.server.impl.RaftServerProxy.lambda$null$5(RaftServerProxy.java:328) ~[ratis-server-0.4.0-2337318-SNAPSHOT.jar:0.4.0-2337318-SNAPSHOT]
	at org.apache.ratis.util.JavaUtils.callAsUnchecked(JavaUtils.java:109) ~[ratis-common-0.4.0-2337318-SNAPSHOT.jar:0.4.0-2337318-SNAPSHOT]
	at org.apache.ratis.server.impl.RaftServerProxy.lambda$submitRequest$6(RaftServerProxy.java:328) ~[ratis-server-0.4.0-2337318-SNAPSHOT.jar:0.4.0-2337318-SNAPSHOT]
	at java.util.concurrent.CompletableFuture.uniComposeStage(CompletableFuture.java:981) ~[?:1.8.0_212]
	at java.util.concurrent.CompletableFuture.thenCompose(CompletableFuture.java:2124) ~[?:1.8.0_212]
	at org.apache.ratis.server.impl.RaftServerProxy.submitRequest(RaftServerProxy.java:327) ~[ratis-server-0.4.0-2337318-SNAPSHOT.jar:0.4.0-2337318-SNAPSHOT]
	at org.apache.ratis.server.impl.RaftServerProxy.submitClientRequestAsync(RaftServerProxy.java:333) ~[ratis-server-0.4.0-2337318-SNAPSHOT.jar:0.4.0-2337318-SNAPSHOT]
	at org.apache.ratis.grpc.client.GrpcClientProtocolService$RequestStreamObserver.processClientRequest(GrpcClientProtocolService.java:220) ~[ratis-grpc-0.4.0-2337318-SNAPSHOT.jar:0.4.0-2337318-SNAPSHOT]
	at org.apache.ratis.grpc.client.GrpcClientProtocolService$OrderedRequestStreamObserver.processClientRequest(GrpcClientProtocolService.java:326) ~[ratis-grpc-0.4.0-2337318-SNAPSHOT.jar:0.4.0-2337318-SNAPSHOT]
	at org.apache.ratis.util.SlidingWindow$Server.processRequestsFromHead(SlidingWindow.java:429) [ratis-common-0.4.0-2337318-SNAPSHOT.jar:0.4.0-2337318-SNAPSHOT]
	at org.apache.ratis.util.SlidingWindow$Server.receivedRequest(SlidingWindow.java:421) [ratis-common-0.4.0-2337318-SNAPSHOT.jar:0.4.0-2337318-SNAPSHOT]
	at org.apache.ratis.grpc.client.GrpcClientProtocolService$OrderedRequestStreamObserver.processClientRequest(GrpcClientProtocolService.java:345) [ratis-grpc-0.4.0-2337318-SNAPSHOT.jar:0.4.0-2337318-SNAPSHOT]
	at org.apache.ratis.grpc.client.GrpcClientProtocolService$RequestStreamObserver.onNext(GrpcClientProtocolService.java:240) [ratis-grpc-0.4.0-2337318-SNAPSHOT.jar:0.4.0-2337318-SNAPSHOT]
	at org.apache.ratis.grpc.client.GrpcClientProtocolService$RequestStreamObserver.onNext(GrpcClientProtocolService.java:168) [ratis-grpc-0.4.0-2337318-SNAPSHOT.jar:0.4.0-2337318-SNAPSHOT]
	at org.apache.ratis.thirdparty.io.grpc.stub.ServerCalls$StreamingServerCallHandler$StreamingServerCallListener.onMessage(ServerCalls.java:248) [ratis-thirdparty-misc-0.2.0.jar:0.2.0]
	at org.apache.ratis.thirdparty.io.grpc.internal.ServerCallImpl$ServerStreamListenerImpl.messagesAvailable(ServerCallImpl.java:263) [ratis-thirdparty-misc-0.2.0.jar:0.2.0]
	at org.apache.ratis.thirdparty.io.grpc.internal.ServerImpl$JumpToApplicationThreadServerStreamListener$1MessagesAvailable.runInContext(ServerImpl.java:686) [ratis-thirdparty-misc-0.2.0.jar:0.2.0]
	at org.apache.ratis.thirdparty.io.grpc.internal.ContextRunnable.run(ContextRunnable.java:37) [ratis-thirdparty-misc-0.2.0.jar:0.2.0]
	at org.apache.ratis.thirdparty.io.grpc.internal.SerializingExecutor.run(SerializingExecutor.java:123) [ratis-thirdparty-misc-0.2.0.jar:0.2.0]
	at java.util.concurrent.ThreadPoolExecutor.runWorker(ThreadPoolExecutor.java:1149) [?:1.8.0_212]
	at java.util.concurrent.ThreadPoolExecutor$Worker.run(ThreadPoolExecutor.java:624) [?:1.8.0_212]
	at java.lang.Thread.run(Thread.java:748) [?:1.8.0_212]
2019-07-13 14:37:39,048 INFO  client.GrpcClientProtocolClient (GrpcClientProtocolClient.java:onNext(255)) - client-AA0F6FFFC611->aff28d89-2654-4cdc-b85d-484cab16ff25: receive RaftClientReply:client-AA0F6FFFC611->aff28d89-2654-4cdc-b85d-484cab16ff25@group-76DA3452CE4C, cid=248, FAILED org.apache.ratis.protocol.StateMachineException: org.apache.hadoop.hdds.scm.container.common.helpers.ContainerNotOpenException from Server aff28d89-2654-4cdc-b85d-484cab16ff25: Container 1 in CLOSED state, logIndex=0, commits[aff28d89-2654-4cdc-b85d-484cab16ff25:c17, 3d04393c-0560-4db1-9693-26be94a4e688:c16, e76efa9c-e9b5-4a08-a78e-8ad3ee00eb33:c16]
2019-07-13 14:37:39,055 INFO  client.GrpcClientProtocolClient (GrpcClientProtocolClient.java:onNext(255)) - client-AA0F6FFFC611->aff28d89-2654-4cdc-b85d-484cab16ff25: receive RaftClientReply:client-AA0F6FFFC611->aff28d89-2654-4cdc-b85d-484cab16ff25@group-76DA3452CE4C, cid=249, FAILED org.apache.ratis.protocol.StateMachineException: org.apache.hadoop.hdds.scm.container.common.helpers.ContainerNotOpenException from Server aff28d89-2654-4cdc-b85d-484cab16ff25: Container 1 in CLOSED state, logIndex=0, commits[aff28d89-2654-4cdc-b85d-484cab16ff25:c17, 3d04393c-0560-4db1-9693-26be94a4e688:c16, e76efa9c-e9b5-4a08-a78e-8ad3ee00eb33:c16]
2019-07-13 14:37:39,147 INFO  client.GrpcClientProtocolClient (GrpcClientProtocolClient.java:onNext(255)) - client-AA0F6FFFC611->aff28d89-2654-4cdc-b85d-484cab16ff25: receive RaftClientReply:client-AA0F6FFFC611->aff28d89-2654-4cdc-b85d-484cab16ff25@group-76DA3452CE4C, cid=250, SUCCESS, logIndex=18, commits[aff28d89-2654-4cdc-b85d-484cab16ff25:c22, 3d04393c-0560-4db1-9693-26be94a4e688:c17, e76efa9c-e9b5-4a08-a78e-8ad3ee00eb33:c17]
2019-07-13 14:37:39,148 INFO  client.GrpcClientProtocolClient (GrpcClientProtocolClient.java:onNext(255)) - client-AA0F6FFFC611->aff28d89-2654-4cdc-b85d-484cab16ff25: receive RaftClientReply:client-AA0F6FFFC611->aff28d89-2654-4cdc-b85d-484cab16ff25@group-76DA3452CE4C, cid=251, SUCCESS, logIndex=19, commits[aff28d89-2654-4cdc-b85d-484cab16ff25:c23, 3d04393c-0560-4db1-9693-26be94a4e688:c17, e76efa9c-e9b5-4a08-a78e-8ad3ee00eb33:c17]
2019-07-13 14:37:39,169 INFO  client.GrpcClientProtocolClient (GrpcClientProtocolClient.java:onNext(255)) - client-AA0F6FFFC611->aff28d89-2654-4cdc-b85d-484cab16ff25: receive RaftClientReply:client-AA0F6FFFC611->aff28d89-2654-4cdc-b85d-484cab16ff25@group-76DA3452CE4C, cid=252, SUCCESS, logIndex=20, commits[aff28d89-2654-4cdc-b85d-484cab16ff25:c29, 3d04393c-0560-4db1-9693-26be94a4e688:c23, e76efa9c-e9b5-4a08-a78e-8ad3ee00eb33:c23]
2019-07-13 14:37:39,169 INFO  client.GrpcClientProtocolClient (GrpcClientProtocolClient.java:onNext(255)) - client-AA0F6FFFC611->aff28d89-2654-4cdc-b85d-484cab16ff25: receive RaftClientReply:client-AA0F6FFFC611->aff28d89-2654-4cdc-b85d-484cab16ff25@group-76DA3452CE4C, cid=253, SUCCESS, logIndex=21, commits[aff28d89-2654-4cdc-b85d-484cab16ff25:c29, 3d04393c-0560-4db1-9693-26be94a4e688:c23, e76efa9c-e9b5-4a08-a78e-8ad3ee00eb33:c23]
2019-07-13 14:37:39,170 INFO  client.GrpcClientProtocolClient (GrpcClientProtocolClient.java:onNext(255)) - client-AA0F6FFFC611->aff28d89-2654-4cdc-b85d-484cab16ff25: receive RaftClientReply:client-AA0F6FFFC611->aff28d89-2654-4cdc-b85d-484cab16ff25@group-76DA3452CE4C, cid=254, SUCCESS, logIndex=22, commits[aff28d89-2654-4cdc-b85d-484cab16ff25:c29, 3d04393c-0560-4db1-9693-26be94a4e688:c23, e76efa9c-e9b5-4a08-a78e-8ad3ee00eb33:c23]
2019-07-13 14:37:39,212 INFO  client.GrpcClientProtocolClient (GrpcClientProtocolClient.java:onNext(255)) - client-AA0F6FFFC611->aff28d89-2654-4cdc-b85d-484cab16ff25: receive RaftClientReply:client-AA0F6FFFC611->aff28d89-2654-4cdc-b85d-484cab16ff25@group-76DA3452CE4C, cid=255, SUCCESS, logIndex=23, commits[aff28d89-2654-4cdc-b85d-484cab16ff25:c29, 3d04393c-0560-4db1-9693-26be94a4e688:c23, e76efa9c-e9b5-4a08-a78e-8ad3ee00eb33:c23]
2019-07-13 14:37:39,221 INFO  client.GrpcClientProtocolClient (GrpcClientProtocolClient.java:onNext(255)) - client-AA0F6FFFC611->aff28d89-2654-4cdc-b85d-484cab16ff25: receive RaftClientReply:client-AA0F6FFFC611->aff28d89-2654-4cdc-b85d-484cab16ff25@group-76DA3452CE4C, cid=256, SUCCESS, logIndex=30, commits[aff28d89-2654-4cdc-b85d-484cab16ff25:c30, 3d04393c-0560-4db1-9693-26be94a4e688:c29, e76efa9c-e9b5-4a08-a78e-8ad3ee00eb33:c29]
2019-07-13 14:37:39,224 INFO  client.GrpcClientProtocolClient (GrpcClientProtocolClient.java:onNext(255)) - client-AA0F6FFFC611->aff28d89-2654-4cdc-b85d-484cab16ff25: receive RaftClientReply:client-AA0F6FFFC611->aff28d89-2654-4cdc-b85d-484cab16ff25@group-76DA3452CE4C, cid=257, SUCCESS, logIndex=31, commits[aff28d89-2654-4cdc-b85d-484cab16ff25:c31, 3d04393c-0560-4db1-9693-26be94a4e688:c29, e76efa9c-e9b5-4a08-a78e-8ad3ee00eb33:c29]
2019-07-13 14:37:39,226 INFO  client.GrpcClientProtocolClient (GrpcClientProtocolClient.java:onNext(255)) - client-AA0F6FFFC611->aff28d89-2654-4cdc-b85d-484cab16ff25: receive RaftClientReply:client-AA0F6FFFC611->aff28d89-2654-4cdc-b85d-484cab16ff25@group-76DA3452CE4C, cid=258, SUCCESS, logIndex=0, commits[aff28d89-2654-4cdc-b85d-484cab16ff25:c33, 3d04393c-0560-4db1-9693-26be94a4e688:c31, e76efa9c-e9b5-4a08-a78e-8ad3ee00eb33:c31]
2019-07-13 14:37:39,242 INFO  pipeline.Pipeline (Pipeline.java:getProtobufMessage(195)) - Serialize pipeline PipelineID=57a7957c-d9fa-4f5c-a6b4-76da3452ce4c with nodesInOrder{ }
2019-07-13 14:37:39,243 INFO  ozone.MiniOzoneClusterImpl (MiniOzoneClusterImpl.java:shutdown(321)) - Shutting down the Mini Ozone Cluster
2019-07-13 14:37:39,244 INFO  ozone.MiniOzoneClusterImpl (MiniOzoneClusterImpl.java:stop(336)) - Stopping the Mini Ozone Cluster
2019-07-13 14:37:39,244 INFO  ozone.MiniOzoneClusterImpl (MiniOzoneClusterImpl.java:stop(338)) - Stopping the OzoneManager
2019-07-13 14:37:39,244 INFO  ipc.Server (Server.java:stop(3082)) - Stopping server on 43202
2019-07-13 14:37:39,256 INFO  ipc.Server (Server.java:run(1185)) - Stopping IPC Server listener on 43202
2019-07-13 14:37:39,258 INFO  utils.BackgroundService (BackgroundService.java:shutdown(148)) - Shutting down service KeyDeletingService
2019-07-13 14:37:39,258 INFO  ipc.Server (Server.java:run(1319)) - Stopping IPC Server Responder
2019-07-13 14:37:39,280 INFO  handler.ContextHandler (ContextHandler.java:doStop(910)) - Stopped o.e.j.w.WebAppContext@2175111e{/,null,UNAVAILABLE}{/ozoneManager}
2019-07-13 14:37:39,295 INFO  server.AbstractConnector (AbstractConnector.java:doStop(318)) - Stopped ServerConnector@74c74c99{HTTP/1.1,[http/1.1]}{0.0.0.0:0}
2019-07-13 14:37:39,295 INFO  handler.ContextHandler (ContextHandler.java:doStop(910)) - Stopped o.e.j.s.ServletContextHandler@59aa646e{/static,file:///tmp/workdir/hadoop-ozone/integration-test/target/test-classes/webapps/static,UNAVAILABLE}
2019-07-13 14:37:39,295 INFO  handler.ContextHandler (ContextHandler.java:doStop(910)) - Stopped o.e.j.s.ServletContextHandler@7000df03{/logs,file:///tmp/workdir/hadoop-ozone/integration-test/target/log,UNAVAILABLE}
2019-07-13 14:37:39,298 INFO  ozone.MiniOzoneClusterImpl (MiniOzoneClusterImpl.java:stop(344)) - Shutting the HddsDatanodes
2019-07-13 14:37:39,298 INFO  datanode.ObjectStoreHandler (ObjectStoreHandler.java:close(155)) - Closing ObjectStoreHandler.
2019-07-13 14:37:39,298 INFO  datanode.ObjectStoreHandler (ObjectStoreHandler.java:close(155)) - Closing ObjectStoreHandler.
2019-07-13 14:37:39,298 INFO  ozone.HddsDatanodeService (HddsDatanodeService.java:stop(452)) - Stopped plug-in org.apache.hadoop.ozone.web.OzoneHddsDatanodeService@e2bdc58
2019-07-13 14:37:39,299 INFO  ozone.HddsDatanodeService (HddsDatanodeService.java:stop(452)) - Stopped plug-in org.apache.hadoop.ozone.web.OzoneHddsDatanodeService@2769d577
2019-07-13 14:37:39,337 INFO  statemachine.DatanodeStateMachine (DatanodeStateMachine.java:lambda$startDaemon$0(350)) - Ozone container server started.
2019-07-13 14:37:40,140 INFO  statemachine.DatanodeStateMachine (DatanodeStateMachine.java:lambda$startDaemon$0(350)) - Ozone container server started.
2019-07-13 14:37:43,426 INFO  node.StaleNodeHandler (StaleNodeHandler.java:onMessage(58)) - Datanode 5adaed7b-640b-4a97-b7f6-bf7724a20468{ip: 192.168.5.172, host: trunk-nightly-mhs6z-4061744966, networkLocation: /default-rack, certSerialId: null} moved to stale state. Finalizing its pipelines [PipelineID=0ed303f6-16bf-48af-8f79-86b21fe63d29, PipelineID=2d52ab47-dfad-447e-afbf-b1710a59cc92]
2019-07-13 14:37:43,427 INFO  pipeline.SCMPipelineManager (SCMPipelineManager.java:finalizeAndDestroyPipeline(309)) - destroying pipeline:Pipeline[ Id: 0ed303f6-16bf-48af-8f79-86b21fe63d29, Nodes: 5adaed7b-640b-4a97-b7f6-bf7724a20468{ip: 192.168.5.172, host: trunk-nightly-mhs6z-4061744966, networkLocation: /default-rack, certSerialId: null}, Type:RATIS, Factor:ONE, State:OPEN]
2019-07-13 14:37:43,427 INFO  pipeline.PipelineStateManager (PipelineStateManager.java:finalizePipeline(123)) - Pipeline Pipeline[ Id: 0ed303f6-16bf-48af-8f79-86b21fe63d29, Nodes: 5adaed7b-640b-4a97-b7f6-bf7724a20468{ip: 192.168.5.172, host: trunk-nightly-mhs6z-4061744966, networkLocation: /default-rack, certSerialId: null}, Type:RATIS, Factor:ONE, State:CLOSED] moved to CLOSED state
2019-07-13 14:37:43,427 INFO  pipeline.SCMPipelineManager (SCMPipelineManager.java:finalizeAndDestroyPipeline(309)) - destroying pipeline:Pipeline[ Id: 2d52ab47-dfad-447e-afbf-b1710a59cc92, Nodes: 5adaed7b-640b-4a97-b7f6-bf7724a20468{ip: 192.168.5.172, host: trunk-nightly-mhs6z-4061744966, networkLocation: /default-rack, certSerialId: null}7ad932f2-f226-4ea3-b11e-48ddd64217a8{ip: 192.168.5.172, host: trunk-nightly-mhs6z-4061744966, networkLocation: /default-rack, certSerialId: null}f745a32b-a504-4385-a922-518c68893d66{ip: 192.168.5.172, host: trunk-nightly-mhs6z-4061744966, networkLocation: /default-rack, certSerialId: null}, Type:RATIS, Factor:THREE, State:OPEN]
2019-07-13 14:37:43,427 INFO  pipeline.PipelineStateManager (PipelineStateManager.java:finalizePipeline(123)) - Pipeline Pipeline[ Id: 2d52ab47-dfad-447e-afbf-b1710a59cc92, Nodes: 5adaed7b-640b-4a97-b7f6-bf7724a20468{ip: 192.168.5.172, host: trunk-nightly-mhs6z-4061744966, networkLocation: /default-rack, certSerialId: null}7ad932f2-f226-4ea3-b11e-48ddd64217a8{ip: 192.168.5.172, host: trunk-nightly-mhs6z-4061744966, networkLocation: /default-rack, certSerialId: null}f745a32b-a504-4385-a922-518c68893d66{ip: 192.168.5.172, host: trunk-nightly-mhs6z-4061744966, networkLocation: /default-rack, certSerialId: null}, Type:RATIS, Factor:THREE, State:CLOSED] moved to CLOSED state
2019-07-13 14:37:44,227 INFO  node.StaleNodeHandler (StaleNodeHandler.java:onMessage(58)) - Datanode e76efa9c-e9b5-4a08-a78e-8ad3ee00eb33{ip: 192.168.5.172, host: trunk-nightly-mhs6z-4061744966, networkLocation: /default-rack, certSerialId: null} moved to stale state. Finalizing its pipelines [PipelineID=71b91767-b132-4153-8684-ea952cd87706, PipelineID=57a7957c-d9fa-4f5c-a6b4-76da3452ce4c]
2019-07-13 14:37:44,227 INFO  pipeline.SCMPipelineManager (SCMPipelineManager.java:finalizeAndDestroyPipeline(309)) - destroying pipeline:Pipeline[ Id: 71b91767-b132-4153-8684-ea952cd87706, Nodes: e76efa9c-e9b5-4a08-a78e-8ad3ee00eb33{ip: 192.168.5.172, host: trunk-nightly-mhs6z-4061744966, networkLocation: /default-rack, certSerialId: null}, Type:RATIS, Factor:ONE, State:OPEN]
2019-07-13 14:37:44,228 INFO  pipeline.PipelineStateManager (PipelineStateManager.java:finalizePipeline(123)) - Pipeline Pipeline[ Id: 71b91767-b132-4153-8684-ea952cd87706, Nodes: e76efa9c-e9b5-4a08-a78e-8ad3ee00eb33{ip: 192.168.5.172, host: trunk-nightly-mhs6z-4061744966, networkLocation: /default-rack, certSerialId: null}, Type:RATIS, Factor:ONE, State:CLOSED] moved to CLOSED state
2019-07-13 14:37:44,228 INFO  pipeline.SCMPipelineManager (SCMPipelineManager.java:finalizeAndDestroyPipeline(309)) - destroying pipeline:Pipeline[ Id: 57a7957c-d9fa-4f5c-a6b4-76da3452ce4c, Nodes: e76efa9c-e9b5-4a08-a78e-8ad3ee00eb33{ip: 192.168.5.172, host: trunk-nightly-mhs6z-4061744966, networkLocation: /default-rack, certSerialId: null}aff28d89-2654-4cdc-b85d-484cab16ff25{ip: 192.168.5.172, host: trunk-nightly-mhs6z-4061744966, networkLocation: /default-rack, certSerialId: null}3d04393c-0560-4db1-9693-26be94a4e688{ip: 192.168.5.172, host: trunk-nightly-mhs6z-4061744966, networkLocation: /default-rack, certSerialId: null}, Type:RATIS, Factor:THREE, State:OPEN]
2019-07-13 14:37:44,228 INFO  pipeline.PipelineStateManager (PipelineStateManager.java:finalizePipeline(123)) - Pipeline Pipeline[ Id: 57a7957c-d9fa-4f5c-a6b4-76da3452ce4c, Nodes: e76efa9c-e9b5-4a08-a78e-8ad3ee00eb33{ip: 192.168.5.172, host: trunk-nightly-mhs6z-4061744966, networkLocation: /default-rack, certSerialId: null}aff28d89-2654-4cdc-b85d-484cab16ff25{ip: 192.168.5.172, host: trunk-nightly-mhs6z-4061744966, networkLocation: /default-rack, certSerialId: null}3d04393c-0560-4db1-9693-26be94a4e688{ip: 192.168.5.172, host: trunk-nightly-mhs6z-4061744966, networkLocation: /default-rack, certSerialId: null}, Type:RATIS, Factor:THREE, State:CLOSED] moved to CLOSED state
2019-07-13 14:37:44,229 INFO  container.CloseContainerEventHandler (CloseContainerEventHandler.java:onMessage(61)) - Close container Event triggered for container : #2
2019-07-13 14:37:44,299 INFO  ozoneimpl.OzoneContainer (OzoneContainer.java:stop(199)) - Attempting to stop container services.
2019-07-13 14:37:44,299 INFO  ozoneimpl.OzoneContainer (OzoneContainer.java:stop(199)) - Attempting to stop container services.
2019-07-13 14:37:44,300 INFO  impl.RaftServerProxy (RaftServerProxy.java:lambda$close$4(314)) - e76efa9c-e9b5-4a08-a78e-8ad3ee00eb33: close
2019-07-13 14:37:44,300 INFO  impl.RaftServerProxy (RaftServerProxy.java:lambda$close$4(314)) - 5adaed7b-640b-4a97-b7f6-bf7724a20468: close
2019-07-13 14:37:44,301 INFO  impl.RaftServerImpl (RaftServerImpl.java:lambda$shutdown$3(245)) - e76efa9c-e9b5-4a08-a78e-8ad3ee00eb33: shutdown group-EA952CD87706
2019-07-13 14:37:44,301 INFO  impl.RaftServerImpl (RaftServerImpl.java:lambda$shutdown$3(245)) - 5adaed7b-640b-4a97-b7f6-bf7724a20468: shutdown group-86B21FE63D29
2019-07-13 14:37:44,301 INFO  util.JmxRegister (JmxRegister.java:unregister(73)) - Successfully un-registered JMX Bean with object name Ratis:service=RaftServer,group=group-EA952CD87706,id=e76efa9c-e9b5-4a08-a78e-8ad3ee00eb33
2019-07-13 14:37:44,302 INFO  util.JmxRegister (JmxRegister.java:unregister(73)) - Successfully un-registered JMX Bean with object name Ratis:service=RaftServer,group=group-86B21FE63D29,id=5adaed7b-640b-4a97-b7f6-bf7724a20468
2019-07-13 14:37:44,302 INFO  impl.RoleInfo (RoleInfo.java:shutdownLeaderState(104)) - e76efa9c-e9b5-4a08-a78e-8ad3ee00eb33: shutdown LeaderState
2019-07-13 14:37:44,302 INFO  impl.RoleInfo (RoleInfo.java:shutdownLeaderState(104)) - 5adaed7b-640b-4a97-b7f6-bf7724a20468: shutdown LeaderState
2019-07-13 14:37:44,303 INFO  impl.PendingRequests (PendingRequests.java:sendNotLeaderResponses(202)) - e76efa9c-e9b5-4a08-a78e-8ad3ee00eb33-PendingRequests: sendNotLeaderResponses
2019-07-13 14:37:44,303 INFO  impl.PendingRequests (PendingRequests.java:sendNotLeaderResponses(202)) - 5adaed7b-640b-4a97-b7f6-bf7724a20468-PendingRequests: sendNotLeaderResponses
2019-07-13 14:37:44,304 INFO  ratis.ContainerStateMachine (ContainerStateMachine.java:takeSnapshot(246)) - Taking snapshot at termIndex:(t:0, i:~)
2019-07-13 14:37:44,304 INFO  impl.StateMachineUpdater (StateMachineUpdater.java:stopAndJoin(115)) - StateMachineUpdater:e76efa9c-e9b5-4a08-a78e-8ad3ee00eb33:group-EA952CD87706: set stopIndex = 0
2019-07-13 14:37:44,305 INFO  impl.RaftServerImpl (ServerState.java:close(394)) - e76efa9c-e9b5-4a08-a78e-8ad3ee00eb33:group-EA952CD87706 closes. The last applied log index is 0
2019-07-13 14:37:44,304 INFO  ratis.ContainerStateMachine (ContainerStateMachine.java:takeSnapshot(246)) - Taking snapshot at termIndex:(t:0, i:~)
2019-07-13 14:37:44,305 INFO  segmented.SegmentedRaftLogWorker (SegmentedRaftLogWorker.java:run(313)) - e76efa9c-e9b5-4a08-a78e-8ad3ee00eb33-SegmentedRaftLogWorker:Storage Directory /tmp/workdir/hadoop-ozone/integration-test/target/test-dir/MiniOzoneClusterImpl-c7b61d8d-b87d-4d70-bdb2-ac7817d2114b/datanode-4/data/ratis/71b91767-b132-4153-8684-ea952cd87706 was interrupted, exiting. There are 0 tasks remaining in the queue.
2019-07-13 14:37:44,304 INFO  impl.StateMachineUpdater (StateMachineUpdater.java:stopAndJoin(115)) - StateMachineUpdater:5adaed7b-640b-4a97-b7f6-bf7724a20468:group-86B21FE63D29: set stopIndex = 0
2019-07-13 14:37:44,308 INFO  segmented.SegmentedRaftLogWorker (SegmentedRaftLogWorker.java:close(228)) - e76efa9c-e9b5-4a08-a78e-8ad3ee00eb33-SegmentedRaftLogWorker:Storage Directory /tmp/workdir/hadoop-ozone/integration-test/target/test-dir/MiniOzoneClusterImpl-c7b61d8d-b87d-4d70-bdb2-ac7817d2114b/datanode-4/data/ratis/71b91767-b132-4153-8684-ea952cd87706 close()
2019-07-13 14:37:44,308 INFO  impl.RaftServerImpl (ServerState.java:close(394)) - 5adaed7b-640b-4a97-b7f6-bf7724a20468:group-86B21FE63D29 closes. The last applied log index is 0
2019-07-13 14:37:44,314 INFO  impl.RaftServerImpl (RaftServerImpl.java:lambda$shutdown$3(245)) - e76efa9c-e9b5-4a08-a78e-8ad3ee00eb33: shutdown group-76DA3452CE4C
2019-07-13 14:37:44,314 INFO  segmented.SegmentedRaftLogWorker (SegmentedRaftLogWorker.java:run(313)) - 5adaed7b-640b-4a97-b7f6-bf7724a20468-SegmentedRaftLogWorker:Storage Directory /tmp/workdir/hadoop-ozone/integration-test/target/test-dir/MiniOzoneClusterImpl-c7b61d8d-b87d-4d70-bdb2-ac7817d2114b/datanode-1/data/ratis/0ed303f6-16bf-48af-8f79-86b21fe63d29 was interrupted, exiting. There are 0 tasks remaining in the queue.
2019-07-13 14:37:44,314 INFO  util.JmxRegister (JmxRegister.java:unregister(73)) - Successfully un-registered JMX Bean with object name Ratis:service=RaftServer,group=group-76DA3452CE4C,id=e76efa9c-e9b5-4a08-a78e-8ad3ee00eb33
2019-07-13 14:37:44,317 INFO  impl.RoleInfo (RoleInfo.java:shutdownFollowerState(121)) - e76efa9c-e9b5-4a08-a78e-8ad3ee00eb33: shutdown FollowerState
2019-07-13 14:37:44,317 INFO  segmented.SegmentedRaftLogWorker (SegmentedRaftLogWorker.java:close(228)) - 5adaed7b-640b-4a97-b7f6-bf7724a20468-SegmentedRaftLogWorker:Storage Directory /tmp/workdir/hadoop-ozone/integration-test/target/test-dir/MiniOzoneClusterImpl-c7b61d8d-b87d-4d70-bdb2-ac7817d2114b/datanode-1/data/ratis/0ed303f6-16bf-48af-8f79-86b21fe63d29 close()
2019-07-13 14:37:44,318 INFO  impl.FollowerState (FollowerState.java:run(114)) - e76efa9c-e9b5-4a08-a78e-8ad3ee00eb33: FollowerState was interrupted: java.lang.InterruptedException: sleep interrupted
2019-07-13 14:37:44,318 INFO  ratis.ContainerStateMachine (ContainerStateMachine.java:takeSnapshot(246)) - Taking snapshot at termIndex:(t:1, i:31)
2019-07-13 14:37:44,325 INFO  ratis.ContainerStateMachine (ContainerStateMachine.java:takeSnapshot(250)) - Taking a snapshot to file /tmp/workdir/hadoop-ozone/integration-test/target/test-dir/MiniOzoneClusterImpl-c7b61d8d-b87d-4d70-bdb2-ac7817d2114b/datanode-4/data/ratis/57a7957c-d9fa-4f5c-a6b4-76da3452ce4c/sm/snapshot.1_31
2019-07-13 14:37:44,318 INFO  impl.StateMachineUpdater (StateMachineUpdater.java:stopAndJoin(115)) - StateMachineUpdater:e76efa9c-e9b5-4a08-a78e-8ad3ee00eb33:group-76DA3452CE4C: set stopIndex = 33
2019-07-13 14:37:44,325 INFO  impl.StateMachineUpdater (StateMachineUpdater.java:takeSnapshot(242)) - StateMachineUpdater:e76efa9c-e9b5-4a08-a78e-8ad3ee00eb33:group-76DA3452CE4C: Took a snapshot at index 31
2019-07-13 14:37:44,323 INFO  impl.RaftServerImpl (RaftServerImpl.java:lambda$shutdown$3(245)) - 5adaed7b-640b-4a97-b7f6-bf7724a20468: shutdown group-B1710A59CC92
2019-07-13 14:37:44,326 INFO  impl.StateMachineUpdater (StateMachineUpdater.java:lambda$new$0(80)) - StateMachineUpdater:e76efa9c-e9b5-4a08-a78e-8ad3ee00eb33:group-76DA3452CE4C: snapshotIndex: updateIncreasingly -1 -> 31
2019-07-13 14:37:44,326 INFO  util.JmxRegister (JmxRegister.java:unregister(73)) - Successfully un-registered JMX Bean with object name Ratis:service=RaftServer,group=group-B1710A59CC92,id=5adaed7b-640b-4a97-b7f6-bf7724a20468
2019-07-13 14:37:44,326 INFO  impl.RaftServerImpl (ServerState.java:close(394)) - e76efa9c-e9b5-4a08-a78e-8ad3ee00eb33:group-76DA3452CE4C closes. The last applied log index is 33
2019-07-13 14:37:44,326 INFO  impl.RoleInfo (RoleInfo.java:shutdownLeaderState(104)) - 5adaed7b-640b-4a97-b7f6-bf7724a20468: shutdown LeaderState
2019-07-13 14:37:44,327 INFO  segmented.SegmentedRaftLogWorker (SegmentedRaftLogWorker.java:run(313)) - e76efa9c-e9b5-4a08-a78e-8ad3ee00eb33-SegmentedRaftLogWorker:Storage Directory /tmp/workdir/hadoop-ozone/integration-test/target/test-dir/MiniOzoneClusterImpl-c7b61d8d-b87d-4d70-bdb2-ac7817d2114b/datanode-4/data/ratis/57a7957c-d9fa-4f5c-a6b4-76da3452ce4c was interrupted, exiting. There are 0 tasks remaining in the queue.
2019-07-13 14:37:44,332 INFO  impl.PendingRequests (PendingRequests.java:sendNotLeaderResponses(202)) - 5adaed7b-640b-4a97-b7f6-bf7724a20468-PendingRequests: sendNotLeaderResponses
2019-07-13 14:37:44,334 INFO  segmented.SegmentedRaftLogWorker (SegmentedRaftLogWorker.java:close(228)) - e76efa9c-e9b5-4a08-a78e-8ad3ee00eb33-SegmentedRaftLogWorker:Storage Directory /tmp/workdir/hadoop-ozone/integration-test/target/test-dir/MiniOzoneClusterImpl-c7b61d8d-b87d-4d70-bdb2-ac7817d2114b/datanode-4/data/ratis/57a7957c-d9fa-4f5c-a6b4-76da3452ce4c close()
2019-07-13 14:37:44,332 WARN  server.GrpcLogAppender (GrpcLogAppender.java:mayWait(143)) - GrpcLogAppender(5adaed7b-640b-4a97-b7f6-bf7724a20468->7ad932f2-f226-4ea3-b11e-48ddd64217a8): Wait interrupted by java.lang.InterruptedException
2019-07-13 14:37:44,332 WARN  server.GrpcLogAppender (GrpcLogAppender.java:mayWait(143)) - GrpcLogAppender(5adaed7b-640b-4a97-b7f6-bf7724a20468->f745a32b-a504-4385-a922-518c68893d66): Wait interrupted by java.lang.InterruptedException
2019-07-13 14:37:44,338 INFO  server.GrpcService (GrpcService.java:closeImpl(155)) - e76efa9c-e9b5-4a08-a78e-8ad3ee00eb33: shutdown server with port 34487 now
2019-07-13 14:37:44,334 INFO  ratis.ContainerStateMachine (ContainerStateMachine.java:takeSnapshot(246)) - Taking snapshot at termIndex:(t:0, i:~)
2019-07-13 14:37:44,334 INFO  impl.StateMachineUpdater (StateMachineUpdater.java:stopAndJoin(115)) - StateMachineUpdater:5adaed7b-640b-4a97-b7f6-bf7724a20468:group-B1710A59CC92: set stopIndex = 0
2019-07-13 14:37:44,339 INFO  server.GrpcServerProtocolService (GrpcServerProtocolService.java:onCompleted(104)) - f745a32b-a504-4385-a922-518c68893d66: appendEntries completed
2019-07-13 14:37:44,339 INFO  server.GrpcServerProtocolService (GrpcServerProtocolService.java:onCompleted(104)) - 7ad932f2-f226-4ea3-b11e-48ddd64217a8: appendEntries completed
2019-07-13 14:37:44,340 WARN  server.GrpcLogAppender (LogUtils.java:warn(134)) - aff28d89-2654-4cdc-b85d-484cab16ff25->e76efa9c-e9b5-4a08-a78e-8ad3ee00eb33: Failed appendEntries: org.apache.ratis.thirdparty.io.grpc.StatusRuntimeException: CANCELLED: HTTP/2 error code: CANCEL
Received Rst Stream
2019-07-13 14:37:44,340 INFO  server.GrpcService (GrpcService.java:closeImpl(163)) - e76efa9c-e9b5-4a08-a78e-8ad3ee00eb33: shutdown server with port 34487 successfully
2019-07-13 14:37:44,340 WARN  server.GrpcServerProtocolService (LogUtils.java:warn(134)) - e76efa9c-e9b5-4a08-a78e-8ad3ee00eb33: appendEntries onError: org.apache.ratis.thirdparty.io.grpc.StatusRuntimeException: CANCELLED: cancelled before receiving half close
2019-07-13 14:37:44,340 INFO  impl.RaftServerImpl (ServerState.java:close(394)) - 5adaed7b-640b-4a97-b7f6-bf7724a20468:group-B1710A59CC92 closes. The last applied log index is 0
2019-07-13 14:37:44,340 INFO  server.GrpcLogAppender (GrpcLogAppender.java:onCompleted(292)) - 5adaed7b-640b-4a97-b7f6-bf7724a20468->7ad932f2-f226-4ea3-b11e-48ddd64217a8: follower responses appendEntries COMPLETED
2019-07-13 14:37:44,340 INFO  impl.FollowerInfo (FollowerInfo.java:lambda$new$0(50)) - aff28d89-2654-4cdc-b85d-484cab16ff25->e76efa9c-e9b5-4a08-a78e-8ad3ee00eb33: nextIndex: updateUnconditionally 34 -> 33
2019-07-13 14:37:44,340 INFO  server.GrpcLogAppender (GrpcLogAppender.java:onCompleted(292)) - 5adaed7b-640b-4a97-b7f6-bf7724a20468->f745a32b-a504-4385-a922-518c68893d66: follower responses appendEntries COMPLETED
2019-07-13 14:37:44,342 INFO  impl.FollowerInfo (FollowerInfo.java:lambda$new$0(50)) - 5adaed7b-640b-4a97-b7f6-bf7724a20468->7ad932f2-f226-4ea3-b11e-48ddd64217a8: nextIndex: updateUnconditionally 1 -> 0
2019-07-13 14:37:44,342 INFO  utils.BackgroundService (BackgroundService.java:shutdown(148)) - Shutting down service BlockDeletingService
2019-07-13 14:37:44,341 INFO  segmented.SegmentedRaftLogWorker (SegmentedRaftLogWorker.java:run(313)) - 5adaed7b-640b-4a97-b7f6-bf7724a20468-SegmentedRaftLogWorker:Storage Directory /tmp/workdir/hadoop-ozone/integration-test/target/test-dir/MiniOzoneClusterImpl-c7b61d8d-b87d-4d70-bdb2-ac7817d2114b/datanode-1/data/ratis/2d52ab47-dfad-447e-afbf-b1710a59cc92 was interrupted, exiting. There are 0 tasks remaining in the queue.
2019-07-13 14:37:44,342 INFO  impl.FollowerInfo (FollowerInfo.java:lambda$new$0(50)) - 5adaed7b-640b-4a97-b7f6-bf7724a20468->f745a32b-a504-4385-a922-518c68893d66: nextIndex: updateUnconditionally 1 -> 0
2019-07-13 14:37:44,347 INFO  segmented.SegmentedRaftLogWorker (SegmentedRaftLogWorker.java:close(228)) - 5adaed7b-640b-4a97-b7f6-bf7724a20468-SegmentedRaftLogWorker:Storage Directory /tmp/workdir/hadoop-ozone/integration-test/target/test-dir/MiniOzoneClusterImpl-c7b61d8d-b87d-4d70-bdb2-ac7817d2114b/datanode-1/data/ratis/2d52ab47-dfad-447e-afbf-b1710a59cc92 close()
2019-07-13 14:37:44,347 WARN  fs.CachingGetSpaceUsed (CachingGetSpaceUsed.java:run(183)) - Thread Interrupted waiting to refresh disk information: sleep interrupted
2019-07-13 14:37:44,352 INFO  server.GrpcService (GrpcService.java:closeImpl(155)) - 5adaed7b-640b-4a97-b7f6-bf7724a20468: shutdown server with port 44893 now
2019-07-13 14:37:44,352 INFO  server.GrpcService (GrpcService.java:closeImpl(163)) - 5adaed7b-640b-4a97-b7f6-bf7724a20468: shutdown server with port 44893 successfully
2019-07-13 14:37:44,356 INFO  utils.BackgroundService (BackgroundService.java:shutdown(148)) - Shutting down service BlockDeletingService
2019-07-13 14:37:44,358 WARN  fs.CachingGetSpaceUsed (CachingGetSpaceUsed.java:run(183)) - Thread Interrupted waiting to refresh disk information: sleep interrupted
2019-07-13 14:37:44,372 INFO  statemachine.DatanodeStateMachine (DatanodeStateMachine.java:stopDaemon(395)) - Ozone container server stopped.
2019-07-13 14:37:44,384 INFO  statemachine.DatanodeStateMachine (DatanodeStateMachine.java:stopDaemon(395)) - Ozone container server stopped.
2019-07-13 14:37:44,396 INFO  handler.ContextHandler (ContextHandler.java:doStop(910)) - Stopped o.e.j.w.WebAppContext@24e5a4e0{/,null,UNAVAILABLE}{/hddsDatanode}
2019-07-13 14:37:44,403 INFO  handler.ContextHandler (ContextHandler.java:doStop(910)) - Stopped o.e.j.w.WebAppContext@2b1aa390{/,null,UNAVAILABLE}{/hddsDatanode}
2019-07-13 14:37:44,403 INFO  server.AbstractConnector (AbstractConnector.java:doStop(318)) - Stopped ServerConnector@4e2bed0f{HTTP/1.1,[http/1.1]}{0.0.0.0:0}
2019-07-13 14:37:44,403 INFO  server.AbstractConnector (AbstractConnector.java:doStop(318)) - Stopped ServerConnector@5e1d6ace{HTTP/1.1,[http/1.1]}{0.0.0.0:0}
2019-07-13 14:37:44,404 INFO  handler.ContextHandler (ContextHandler.java:doStop(910)) - Stopped o.e.j.s.ServletContextHandler@8941d98{/static,jar:file:/home/user/.m2/repository/org/apache/hadoop/hadoop-hdds-container-service/0.5.0-SNAPSHOT/hadoop-hdds-container-service-0.5.0-SNAPSHOT.jar!/webapps/static,UNAVAILABLE}
2019-07-13 14:37:44,406 INFO  handler.ContextHandler (ContextHandler.java:doStop(910)) - Stopped o.e.j.s.ServletContextHandler@43905ade{/static,jar:file:/home/user/.m2/repository/org/apache/hadoop/hadoop-hdds-container-service/0.5.0-SNAPSHOT/hadoop-hdds-container-service-0.5.0-SNAPSHOT.jar!/webapps/static,UNAVAILABLE}
2019-07-13 14:37:44,406 INFO  handler.ContextHandler (ContextHandler.java:doStop(910)) - Stopped o.e.j.s.ServletContextHandler@3c995eae{/logs,file:///tmp/workdir/hadoop-ozone/integration-test/target/log,UNAVAILABLE}
2019-07-13 14:37:44,408 INFO  handler.ContextHandler (ContextHandler.java:doStop(910)) - Stopped o.e.j.s.ServletContextHandler@4ba88ab5{/logs,file:///tmp/workdir/hadoop-ozone/integration-test/target/log,UNAVAILABLE}
2019-07-13 14:37:44,409 INFO  datanode.ObjectStoreHandler (ObjectStoreHandler.java:close(155)) - Closing ObjectStoreHandler.
2019-07-13 14:37:44,409 INFO  datanode.ObjectStoreHandler (ObjectStoreHandler.java:close(155)) - Closing ObjectStoreHandler.
2019-07-13 14:37:44,410 INFO  ozone.HddsDatanodeService (HddsDatanodeService.java:stop(452)) - Stopped plug-in org.apache.hadoop.ozone.web.OzoneHddsDatanodeService@6e1787ba
2019-07-13 14:37:44,410 INFO  ozone.HddsDatanodeService (HddsDatanodeService.java:stop(452)) - Stopped plug-in org.apache.hadoop.ozone.web.OzoneHddsDatanodeService@5d7807b0
2019-07-13 14:37:44,491 INFO  statemachine.DatanodeStateMachine (DatanodeStateMachine.java:lambda$startDaemon$0(350)) - Ozone container server started.
2019-07-13 14:37:45,143 INFO  statemachine.DatanodeStateMachine (DatanodeStateMachine.java:lambda$startDaemon$0(350)) - Ozone container server started.
2019-07-13 14:37:46,150 WARN  server.GrpcLogAppender (LogUtils.java:warn(134)) - aff28d89-2654-4cdc-b85d-484cab16ff25->e76efa9c-e9b5-4a08-a78e-8ad3ee00eb33: Failed appendEntries: org.apache.ratis.thirdparty.io.grpc.StatusRuntimeException: UNAVAILABLE: io exception
2019-07-13 14:37:46,151 INFO  impl.FollowerInfo (FollowerInfo.java:lambda$new$0(50)) - aff28d89-2654-4cdc-b85d-484cab16ff25->e76efa9c-e9b5-4a08-a78e-8ad3ee00eb33: nextIndex: updateUnconditionally 34 -> 33
2019-07-13 14:37:46,157 WARN  server.GrpcLogAppender (LogUtils.java:warn(134)) - aff28d89-2654-4cdc-b85d-484cab16ff25->e76efa9c-e9b5-4a08-a78e-8ad3ee00eb33: Failed appendEntries: org.apache.ratis.thirdparty.io.grpc.StatusRuntimeException: UNAVAILABLE: io exception
2019-07-13 14:37:46,157 INFO  impl.FollowerInfo (FollowerInfo.java:lambda$new$0(50)) - aff28d89-2654-4cdc-b85d-484cab16ff25->e76efa9c-e9b5-4a08-a78e-8ad3ee00eb33: nextIndex: updateUnconditionally 34 -> 33
2019-07-13 14:37:46,160 WARN  server.GrpcLogAppender (LogUtils.java:warn(134)) - aff28d89-2654-4cdc-b85d-484cab16ff25->e76efa9c-e9b5-4a08-a78e-8ad3ee00eb33: Failed appendEntries: org.apache.ratis.thirdparty.io.grpc.StatusRuntimeException: UNAVAILABLE: io exception
2019-07-13 14:37:46,161 INFO  impl.FollowerInfo (FollowerInfo.java:lambda$new$0(50)) - aff28d89-2654-4cdc-b85d-484cab16ff25->e76efa9c-e9b5-4a08-a78e-8ad3ee00eb33: nextIndex: updateUnconditionally 34 -> 33
2019-07-13 14:37:46,195 INFO  interfaces.Container (KeyValueContainer.java:compactDB(356)) - Container 2 is closed with bcsId 31.
2019-07-13 14:37:46,199 INFO  interfaces.Container (KeyValueContainer.java:compactDB(356)) - Container 2 is closed with bcsId 31.
2019-07-13 14:37:48,533 INFO  node.StaleNodeHandler (StaleNodeHandler.java:onMessage(58)) - Datanode 7ad932f2-f226-4ea3-b11e-48ddd64217a8{ip: 192.168.5.172, host: trunk-nightly-mhs6z-4061744966, networkLocation: /default-rack, certSerialId: null} moved to stale state. Finalizing its pipelines [PipelineID=2d52ab47-dfad-447e-afbf-b1710a59cc92, PipelineID=5edb658a-17b9-47ca-bb11-447fd1264c5d]
2019-07-13 14:37:48,533 INFO  pipeline.SCMPipelineManager (SCMPipelineManager.java:finalizeAndDestroyPipeline(309)) - destroying pipeline:Pipeline[ Id: 2d52ab47-dfad-447e-afbf-b1710a59cc92, Nodes: 5adaed7b-640b-4a97-b7f6-bf7724a20468{ip: 192.168.5.172, host: trunk-nightly-mhs6z-4061744966, networkLocation: /default-rack, certSerialId: null}7ad932f2-f226-4ea3-b11e-48ddd64217a8{ip: 192.168.5.172, host: trunk-nightly-mhs6z-4061744966, networkLocation: /default-rack, certSerialId: null}f745a32b-a504-4385-a922-518c68893d66{ip: 192.168.5.172, host: trunk-nightly-mhs6z-4061744966, networkLocation: /default-rack, certSerialId: null}, Type:RATIS, Factor:THREE, State:CLOSED]
2019-07-13 14:37:48,534 INFO  pipeline.SCMPipelineManager (SCMPipelineManager.java:finalizeAndDestroyPipeline(309)) - destroying pipeline:Pipeline[ Id: 5edb658a-17b9-47ca-bb11-447fd1264c5d, Nodes: 7ad932f2-f226-4ea3-b11e-48ddd64217a8{ip: 192.168.5.172, host: trunk-nightly-mhs6z-4061744966, networkLocation: /default-rack, certSerialId: null}, Type:RATIS, Factor:ONE, State:OPEN]
2019-07-13 14:37:48,534 INFO  pipeline.PipelineStateManager (PipelineStateManager.java:finalizePipeline(123)) - Pipeline Pipeline[ Id: 5edb658a-17b9-47ca-bb11-447fd1264c5d, Nodes: 7ad932f2-f226-4ea3-b11e-48ddd64217a8{ip: 192.168.5.172, host: trunk-nightly-mhs6z-4061744966, networkLocation: /default-rack, certSerialId: null}, Type:RATIS, Factor:ONE, State:CLOSED] moved to CLOSED state
2019-07-13 14:37:48,661 WARN  server.GrpcLogAppender (LogUtils.java:warn(134)) - aff28d89-2654-4cdc-b85d-484cab16ff25->e76efa9c-e9b5-4a08-a78e-8ad3ee00eb33: Failed appendEntries: org.apache.ratis.thirdparty.io.grpc.StatusRuntimeException: UNAVAILABLE: io exception
2019-07-13 14:37:48,662 INFO  impl.FollowerInfo (FollowerInfo.java:lambda$new$0(50)) - aff28d89-2654-4cdc-b85d-484cab16ff25->e76efa9c-e9b5-4a08-a78e-8ad3ee00eb33: nextIndex: updateUnconditionally 33 -> 32
2019-07-13 14:37:49,234 INFO  node.StaleNodeHandler (StaleNodeHandler.java:onMessage(58)) - Datanode 3d04393c-0560-4db1-9693-26be94a4e688{ip: 192.168.5.172, host: trunk-nightly-mhs6z-4061744966, networkLocation: /default-rack, certSerialId: null} moved to stale state. Finalizing its pipelines [PipelineID=76438909-749d-4574-a644-66db0916fc9b, PipelineID=57a7957c-d9fa-4f5c-a6b4-76da3452ce4c]
2019-07-13 14:37:49,234 INFO  pipeline.SCMPipelineManager (SCMPipelineManager.java:finalizeAndDestroyPipeline(309)) - destroying pipeline:Pipeline[ Id: 76438909-749d-4574-a644-66db0916fc9b, Nodes: 3d04393c-0560-4db1-9693-26be94a4e688{ip: 192.168.5.172, host: trunk-nightly-mhs6z-4061744966, networkLocation: /default-rack, certSerialId: null}, Type:RATIS, Factor:ONE, State:OPEN]
2019-07-13 14:37:49,234 INFO  pipeline.PipelineStateManager (PipelineStateManager.java:finalizePipeline(123)) - Pipeline Pipeline[ Id: 76438909-749d-4574-a644-66db0916fc9b, Nodes: 3d04393c-0560-4db1-9693-26be94a4e688{ip: 192.168.5.172, host: trunk-nightly-mhs6z-4061744966, networkLocation: /default-rack, certSerialId: null}, Type:RATIS, Factor:ONE, State:CLOSED] moved to CLOSED state
2019-07-13 14:37:49,234 INFO  pipeline.SCMPipelineManager (SCMPipelineManager.java:finalizeAndDestroyPipeline(309)) - destroying pipeline:Pipeline[ Id: 57a7957c-d9fa-4f5c-a6b4-76da3452ce4c, Nodes: e76efa9c-e9b5-4a08-a78e-8ad3ee00eb33{ip: 192.168.5.172, host: trunk-nightly-mhs6z-4061744966, networkLocation: /default-rack, certSerialId: null}aff28d89-2654-4cdc-b85d-484cab16ff25{ip: 192.168.5.172, host: trunk-nightly-mhs6z-4061744966, networkLocation: /default-rack, certSerialId: null}3d04393c-0560-4db1-9693-26be94a4e688{ip: 192.168.5.172, host: trunk-nightly-mhs6z-4061744966, networkLocation: /default-rack, certSerialId: null}, Type:RATIS, Factor:THREE, State:CLOSED]
2019-07-13 14:37:49,411 INFO  ozoneimpl.OzoneContainer (OzoneContainer.java:stop(199)) - Attempting to stop container services.
2019-07-13 14:37:49,411 INFO  ozoneimpl.OzoneContainer (OzoneContainer.java:stop(199)) - Attempting to stop container services.
2019-07-13 14:37:49,412 INFO  impl.RaftServerProxy (RaftServerProxy.java:lambda$close$4(314)) - 3d04393c-0560-4db1-9693-26be94a4e688: close
2019-07-13 14:37:49,412 INFO  impl.RaftServerProxy (RaftServerProxy.java:lambda$close$4(314)) - 7ad932f2-f226-4ea3-b11e-48ddd64217a8: close
2019-07-13 14:37:49,413 INFO  impl.RaftServerImpl (RaftServerImpl.java:lambda$shutdown$3(245)) - 3d04393c-0560-4db1-9693-26be94a4e688: shutdown group-66DB0916FC9B
2019-07-13 14:37:49,413 INFO  impl.RaftServerImpl (RaftServerImpl.java:lambda$shutdown$3(245)) - 7ad932f2-f226-4ea3-b11e-48ddd64217a8: shutdown group-B1710A59CC92
2019-07-13 14:37:49,414 INFO  util.JmxRegister (JmxRegister.java:unregister(73)) - Successfully un-registered JMX Bean with object name Ratis:service=RaftServer,group=group-66DB0916FC9B,id=3d04393c-0560-4db1-9693-26be94a4e688
2019-07-13 14:37:49,414 INFO  util.JmxRegister (JmxRegister.java:unregister(73)) - Successfully un-registered JMX Bean with object name Ratis:service=RaftServer,group=group-B1710A59CC92,id=7ad932f2-f226-4ea3-b11e-48ddd64217a8
2019-07-13 14:37:49,415 INFO  impl.RoleInfo (RoleInfo.java:shutdownFollowerState(121)) - 7ad932f2-f226-4ea3-b11e-48ddd64217a8: shutdown FollowerState
2019-07-13 14:37:49,414 INFO  impl.RoleInfo (RoleInfo.java:shutdownLeaderState(104)) - 3d04393c-0560-4db1-9693-26be94a4e688: shutdown LeaderState
2019-07-13 14:37:49,415 INFO  impl.FollowerState (FollowerState.java:run(114)) - 7ad932f2-f226-4ea3-b11e-48ddd64217a8: FollowerState was interrupted: java.lang.InterruptedException: sleep interrupted
2019-07-13 14:37:49,415 INFO  impl.StateMachineUpdater (StateMachineUpdater.java:stopAndJoin(115)) - StateMachineUpdater:7ad932f2-f226-4ea3-b11e-48ddd64217a8:group-B1710A59CC92: set stopIndex = 0
2019-07-13 14:37:49,415 INFO  ratis.ContainerStateMachine (ContainerStateMachine.java:takeSnapshot(246)) - Taking snapshot at termIndex:(t:0, i:~)
2019-07-13 14:37:49,416 INFO  impl.PendingRequests (PendingRequests.java:sendNotLeaderResponses(202)) - 3d04393c-0560-4db1-9693-26be94a4e688-PendingRequests: sendNotLeaderResponses
2019-07-13 14:37:49,419 INFO  impl.RaftServerImpl (ServerState.java:close(394)) - 7ad932f2-f226-4ea3-b11e-48ddd64217a8:group-B1710A59CC92 closes. The last applied log index is 0
2019-07-13 14:37:49,420 INFO  ratis.ContainerStateMachine (ContainerStateMachine.java:takeSnapshot(246)) - Taking snapshot at termIndex:(t:0, i:~)
2019-07-13 14:37:49,420 INFO  impl.StateMachineUpdater (StateMachineUpdater.java:stopAndJoin(115)) - StateMachineUpdater:3d04393c-0560-4db1-9693-26be94a4e688:group-66DB0916FC9B: set stopIndex = 0
2019-07-13 14:37:49,421 INFO  segmented.SegmentedRaftLogWorker (SegmentedRaftLogWorker.java:run(313)) - 7ad932f2-f226-4ea3-b11e-48ddd64217a8-SegmentedRaftLogWorker:Storage Directory /tmp/workdir/hadoop-ozone/integration-test/target/test-dir/MiniOzoneClusterImpl-c7b61d8d-b87d-4d70-bdb2-ac7817d2114b/datanode-2/data/ratis/2d52ab47-dfad-447e-afbf-b1710a59cc92 was interrupted, exiting. There are 0 tasks remaining in the queue.
2019-07-13 14:37:49,421 INFO  impl.RaftServerImpl (ServerState.java:close(394)) - 3d04393c-0560-4db1-9693-26be94a4e688:group-66DB0916FC9B closes. The last applied log index is 0
2019-07-13 14:37:49,423 INFO  segmented.SegmentedRaftLogWorker (SegmentedRaftLogWorker.java:close(228)) - 7ad932f2-f226-4ea3-b11e-48ddd64217a8-SegmentedRaftLogWorker:Storage Directory /tmp/workdir/hadoop-ozone/integration-test/target/test-dir/MiniOzoneClusterImpl-c7b61d8d-b87d-4d70-bdb2-ac7817d2114b/datanode-2/data/ratis/2d52ab47-dfad-447e-afbf-b1710a59cc92 close()
2019-07-13 14:37:49,424 INFO  segmented.SegmentedRaftLogWorker (SegmentedRaftLogWorker.java:run(313)) - 3d04393c-0560-4db1-9693-26be94a4e688-SegmentedRaftLogWorker:Storage Directory /tmp/workdir/hadoop-ozone/integration-test/target/test-dir/MiniOzoneClusterImpl-c7b61d8d-b87d-4d70-bdb2-ac7817d2114b/datanode-3/data/ratis/76438909-749d-4574-a644-66db0916fc9b was interrupted, exiting. There are 0 tasks remaining in the queue.
2019-07-13 14:37:49,441 INFO  impl.RaftServerImpl (RaftServerImpl.java:lambda$shutdown$3(245)) - 7ad932f2-f226-4ea3-b11e-48ddd64217a8: shutdown group-447FD1264C5D
2019-07-13 14:37:49,441 INFO  segmented.SegmentedRaftLogWorker (SegmentedRaftLogWorker.java:close(228)) - 3d04393c-0560-4db1-9693-26be94a4e688-SegmentedRaftLogWorker:Storage Directory /tmp/workdir/hadoop-ozone/integration-test/target/test-dir/MiniOzoneClusterImpl-c7b61d8d-b87d-4d70-bdb2-ac7817d2114b/datanode-3/data/ratis/76438909-749d-4574-a644-66db0916fc9b close()
2019-07-13 14:37:49,441 INFO  util.JmxRegister (JmxRegister.java:unregister(73)) - Successfully un-registered JMX Bean with object name Ratis:service=RaftServer,group=group-447FD1264C5D,id=7ad932f2-f226-4ea3-b11e-48ddd64217a8
2019-07-13 14:37:49,444 INFO  impl.RaftServerImpl (RaftServerImpl.java:lambda$shutdown$3(245)) - 3d04393c-0560-4db1-9693-26be94a4e688: shutdown group-76DA3452CE4C
2019-07-13 14:37:49,444 INFO  impl.RoleInfo (RoleInfo.java:shutdownLeaderState(104)) - 7ad932f2-f226-4ea3-b11e-48ddd64217a8: shutdown LeaderState
2019-07-13 14:37:49,444 INFO  util.JmxRegister (JmxRegister.java:unregister(73)) - Successfully un-registered JMX Bean with object name Ratis:service=RaftServer,group=group-76DA3452CE4C,id=3d04393c-0560-4db1-9693-26be94a4e688
2019-07-13 14:37:49,445 INFO  impl.PendingRequests (PendingRequests.java:sendNotLeaderResponses(202)) - 7ad932f2-f226-4ea3-b11e-48ddd64217a8-PendingRequests: sendNotLeaderResponses
2019-07-13 14:37:49,445 INFO  impl.RoleInfo (RoleInfo.java:shutdownFollowerState(121)) - 3d04393c-0560-4db1-9693-26be94a4e688: shutdown FollowerState
2019-07-13 14:37:49,446 INFO  impl.StateMachineUpdater (StateMachineUpdater.java:stopAndJoin(115)) - StateMachineUpdater:3d04393c-0560-4db1-9693-26be94a4e688:group-76DA3452CE4C: set stopIndex = 35
2019-07-13 14:37:49,446 INFO  ratis.ContainerStateMachine (ContainerStateMachine.java:takeSnapshot(246)) - Taking snapshot at termIndex:(t:0, i:~)
2019-07-13 14:37:49,445 INFO  impl.StateMachineUpdater (StateMachineUpdater.java:stopAndJoin(115)) - StateMachineUpdater:7ad932f2-f226-4ea3-b11e-48ddd64217a8:group-447FD1264C5D: set stopIndex = 0
2019-07-13 14:37:49,447 INFO  impl.RaftServerImpl (ServerState.java:close(394)) - 7ad932f2-f226-4ea3-b11e-48ddd64217a8:group-447FD1264C5D closes. The last applied log index is 0
2019-07-13 14:37:49,446 INFO  impl.FollowerState (FollowerState.java:run(114)) - 3d04393c-0560-4db1-9693-26be94a4e688: FollowerState was interrupted: java.lang.InterruptedException: sleep interrupted
2019-07-13 14:37:49,447 INFO  segmented.SegmentedRaftLogWorker (SegmentedRaftLogWorker.java:run(313)) - 7ad932f2-f226-4ea3-b11e-48ddd64217a8-SegmentedRaftLogWorker:Storage Directory /tmp/workdir/hadoop-ozone/integration-test/target/test-dir/MiniOzoneClusterImpl-c7b61d8d-b87d-4d70-bdb2-ac7817d2114b/datanode-2/data/ratis/5edb658a-17b9-47ca-bb11-447fd1264c5d was interrupted, exiting. There are 0 tasks remaining in the queue.
2019-07-13 14:37:49,446 INFO  ratis.ContainerStateMachine (ContainerStateMachine.java:takeSnapshot(246)) - Taking snapshot at termIndex:(t:1, i:34)
2019-07-13 14:37:49,449 INFO  segmented.SegmentedRaftLogWorker (SegmentedRaftLogWorker.java:close(228)) - 7ad932f2-f226-4ea3-b11e-48ddd64217a8-SegmentedRaftLogWorker:Storage Directory /tmp/workdir/hadoop-ozone/integration-test/target/test-dir/MiniOzoneClusterImpl-c7b61d8d-b87d-4d70-bdb2-ac7817d2114b/datanode-2/data/ratis/5edb658a-17b9-47ca-bb11-447fd1264c5d close()
2019-07-13 14:37:49,449 INFO  ratis.ContainerStateMachine (ContainerStateMachine.java:takeSnapshot(250)) - Taking a snapshot to file /tmp/workdir/hadoop-ozone/integration-test/target/test-dir/MiniOzoneClusterImpl-c7b61d8d-b87d-4d70-bdb2-ac7817d2114b/datanode-3/data/ratis/57a7957c-d9fa-4f5c-a6b4-76da3452ce4c/sm/snapshot.1_34
2019-07-13 14:37:49,451 INFO  server.GrpcService (GrpcService.java:closeImpl(155)) - 7ad932f2-f226-4ea3-b11e-48ddd64217a8: shutdown server with port 43417 now
2019-07-13 14:37:49,452 INFO  impl.StateMachineUpdater (StateMachineUpdater.java:takeSnapshot(242)) - StateMachineUpdater:3d04393c-0560-4db1-9693-26be94a4e688:group-76DA3452CE4C: Took a snapshot at index 34
2019-07-13 14:37:49,452 INFO  server.GrpcService (GrpcService.java:closeImpl(163)) - 7ad932f2-f226-4ea3-b11e-48ddd64217a8: shutdown server with port 43417 successfully
2019-07-13 14:37:49,452 INFO  impl.StateMachineUpdater (StateMachineUpdater.java:lambda$new$0(80)) - StateMachineUpdater:3d04393c-0560-4db1-9693-26be94a4e688:group-76DA3452CE4C: snapshotIndex: updateIncreasingly -1 -> 34
2019-07-13 14:37:49,453 INFO  impl.RaftServerImpl (ServerState.java:close(394)) - 3d04393c-0560-4db1-9693-26be94a4e688:group-76DA3452CE4C closes. The last applied log index is 35
2019-07-13 14:37:49,454 INFO  segmented.SegmentedRaftLogWorker (SegmentedRaftLogWorker.java:run(313)) - 3d04393c-0560-4db1-9693-26be94a4e688-SegmentedRaftLogWorker:Storage Directory /tmp/workdir/hadoop-ozone/integration-test/target/test-dir/MiniOzoneClusterImpl-c7b61d8d-b87d-4d70-bdb2-ac7817d2114b/datanode-3/data/ratis/57a7957c-d9fa-4f5c-a6b4-76da3452ce4c was interrupted, exiting. There are 0 tasks remaining in the queue.
2019-07-13 14:37:49,454 INFO  utils.BackgroundService (BackgroundService.java:shutdown(148)) - Shutting down service BlockDeletingService
2019-07-13 14:37:49,454 INFO  segmented.SegmentedRaftLogWorker (SegmentedRaftLogWorker.java:close(228)) - 3d04393c-0560-4db1-9693-26be94a4e688-SegmentedRaftLogWorker:Storage Directory /tmp/workdir/hadoop-ozone/integration-test/target/test-dir/MiniOzoneClusterImpl-c7b61d8d-b87d-4d70-bdb2-ac7817d2114b/datanode-3/data/ratis/57a7957c-d9fa-4f5c-a6b4-76da3452ce4c close()
2019-07-13 14:37:49,458 INFO  server.GrpcService (GrpcService.java:closeImpl(155)) - 3d04393c-0560-4db1-9693-26be94a4e688: shutdown server with port 44833 now
2019-07-13 14:37:49,459 WARN  fs.CachingGetSpaceUsed (CachingGetSpaceUsed.java:run(183)) - Thread Interrupted waiting to refresh disk information: sleep interrupted
2019-07-13 14:37:49,460 WARN  server.GrpcServerProtocolService (LogUtils.java:warn(134)) - 3d04393c-0560-4db1-9693-26be94a4e688: appendEntries onError: org.apache.ratis.thirdparty.io.grpc.StatusRuntimeException: CANCELLED: cancelled before receiving half close
2019-07-13 14:37:49,461 INFO  server.GrpcService (GrpcService.java:closeImpl(163)) - 3d04393c-0560-4db1-9693-26be94a4e688: shutdown server with port 44833 successfully
2019-07-13 14:37:49,461 WARN  server.GrpcLogAppender (LogUtils.java:warn(134)) - aff28d89-2654-4cdc-b85d-484cab16ff25->3d04393c-0560-4db1-9693-26be94a4e688: Failed appendEntries: org.apache.ratis.thirdparty.io.grpc.StatusRuntimeException: CANCELLED: HTTP/2 error code: CANCEL
Received Rst Stream
2019-07-13 14:37:49,461 INFO  impl.FollowerInfo (FollowerInfo.java:lambda$new$0(50)) - aff28d89-2654-4cdc-b85d-484cab16ff25->3d04393c-0560-4db1-9693-26be94a4e688: nextIndex: updateUnconditionally 36 -> 35
2019-07-13 14:37:49,467 INFO  utils.BackgroundService (BackgroundService.java:shutdown(148)) - Shutting down service BlockDeletingService
2019-07-13 14:37:49,470 WARN  fs.CachingGetSpaceUsed (CachingGetSpaceUsed.java:run(183)) - Thread Interrupted waiting to refresh disk information: sleep interrupted
2019-07-13 14:37:49,488 INFO  statemachine.DatanodeStateMachine (DatanodeStateMachine.java:stopDaemon(395)) - Ozone container server stopped.
2019-07-13 14:37:49,496 INFO  statemachine.DatanodeStateMachine (DatanodeStateMachine.java:stopDaemon(395)) - Ozone container server stopped.
2019-07-13 14:37:49,502 INFO  handler.ContextHandler (ContextHandler.java:doStop(910)) - Stopped o.e.j.w.WebAppContext@664c6bbc{/,null,UNAVAILABLE}{/hddsDatanode}
2019-07-13 14:37:49,502 INFO  handler.ContextHandler (ContextHandler.java:doStop(910)) - Stopped o.e.j.w.WebAppContext@705606ac{/,null,UNAVAILABLE}{/hddsDatanode}
2019-07-13 14:37:49,502 INFO  server.AbstractConnector (AbstractConnector.java:doStop(318)) - Stopped ServerConnector@442545ab{HTTP/1.1,[http/1.1]}{0.0.0.0:0}
2019-07-13 14:37:49,503 INFO  server.AbstractConnector (AbstractConnector.java:doStop(318)) - Stopped ServerConnector@66c70e18{HTTP/1.1,[http/1.1]}{0.0.0.0:0}
2019-07-13 14:37:49,504 INFO  handler.ContextHandler (ContextHandler.java:doStop(910)) - Stopped o.e.j.s.ServletContextHandler@61774805{/static,jar:file:/home/user/.m2/repository/org/apache/hadoop/hadoop-hdds-container-service/0.5.0-SNAPSHOT/hadoop-hdds-container-service-0.5.0-SNAPSHOT.jar!/webapps/static,UNAVAILABLE}
2019-07-13 14:37:49,505 INFO  handler.ContextHandler (ContextHandler.java:doStop(910)) - Stopped o.e.j.s.ServletContextHandler@4d555b85{/static,jar:file:/home/user/.m2/repository/org/apache/hadoop/hadoop-hdds-container-service/0.5.0-SNAPSHOT/hadoop-hdds-container-service-0.5.0-SNAPSHOT.jar!/webapps/static,UNAVAILABLE}
2019-07-13 14:37:49,507 INFO  handler.ContextHandler (ContextHandler.java:doStop(910)) - Stopped o.e.j.s.ServletContextHandler@734db023{/logs,file:///tmp/workdir/hadoop-ozone/integration-test/target/log,UNAVAILABLE}
2019-07-13 14:37:49,507 INFO  handler.ContextHandler (ContextHandler.java:doStop(910)) - Stopped o.e.j.s.ServletContextHandler@6434827e{/logs,file:///tmp/workdir/hadoop-ozone/integration-test/target/log,UNAVAILABLE}
2019-07-13 14:37:49,509 INFO  datanode.ObjectStoreHandler (ObjectStoreHandler.java:close(155)) - Closing ObjectStoreHandler.
2019-07-13 14:37:49,510 INFO  datanode.ObjectStoreHandler (ObjectStoreHandler.java:close(155)) - Closing ObjectStoreHandler.
2019-07-13 14:37:49,510 INFO  ozone.HddsDatanodeService (HddsDatanodeService.java:stop(452)) - Stopped plug-in org.apache.hadoop.ozone.web.OzoneHddsDatanodeService@8872669
2019-07-13 14:37:49,511 INFO  ozone.HddsDatanodeService (HddsDatanodeService.java:stop(452)) - Stopped plug-in org.apache.hadoop.ozone.web.OzoneHddsDatanodeService@6ca257de
2019-07-13 14:37:50,128 INFO  statemachine.DatanodeStateMachine (DatanodeStateMachine.java:lambda$startDaemon$0(350)) - Ozone container server started.
2019-07-13 14:37:50,170 INFO  statemachine.DatanodeStateMachine (DatanodeStateMachine.java:lambda$startDaemon$0(350)) - Ozone container server started.
2019-07-13 14:37:51,162 WARN  server.GrpcLogAppender (LogUtils.java:warn(134)) - aff28d89-2654-4cdc-b85d-484cab16ff25->e76efa9c-e9b5-4a08-a78e-8ad3ee00eb33: Failed appendEntries: org.apache.ratis.thirdparty.io.grpc.StatusRuntimeException: UNAVAILABLE: io exception
2019-07-13 14:37:51,163 INFO  impl.FollowerInfo (FollowerInfo.java:lambda$new$0(50)) - aff28d89-2654-4cdc-b85d-484cab16ff25->e76efa9c-e9b5-4a08-a78e-8ad3ee00eb33: nextIndex: updateUnconditionally 32 -> 31
2019-07-13 14:37:51,163 WARN  server.GrpcLogAppender (LogUtils.java:warn(134)) - aff28d89-2654-4cdc-b85d-484cab16ff25->3d04393c-0560-4db1-9693-26be94a4e688: Failed appendEntries: org.apache.ratis.thirdparty.io.grpc.StatusRuntimeException: UNAVAILABLE: io exception
2019-07-13 14:37:51,163 INFO  impl.FollowerInfo (FollowerInfo.java:lambda$new$0(50)) - aff28d89-2654-4cdc-b85d-484cab16ff25->3d04393c-0560-4db1-9693-26be94a4e688: nextIndex: updateUnconditionally 35 -> 34
2019-07-13 14:37:51,760 INFO  impl.FollowerState (FollowerState.java:run(106)) - f745a32b-a504-4385-a922-518c68893d66:group-B1710A59CC92 changes to CANDIDATE, lastRpcTime:7557, electionTimeout:5021ms
2019-07-13 14:37:51,761 INFO  impl.RoleInfo (RoleInfo.java:shutdownFollowerState(121)) - f745a32b-a504-4385-a922-518c68893d66: shutdown FollowerState
2019-07-13 14:37:51,761 INFO  impl.RaftServerImpl (RaftServerImpl.java:setRole(171)) - f745a32b-a504-4385-a922-518c68893d66:group-B1710A59CC92 changes role from FOLLOWER to CANDIDATE at term 1 for changeToCandidate
2019-07-13 14:37:51,761 INFO  impl.RoleInfo (RoleInfo.java:updateAndGet(143)) - f745a32b-a504-4385-a922-518c68893d66: start LeaderElection
2019-07-13 14:37:51,764 INFO  impl.RaftServerImpl (ServerState.java:setLeader(263)) - f745a32b-a504-4385-a922-518c68893d66:group-B1710A59CC92 change Leader from 5adaed7b-640b-4a97-b7f6-bf7724a20468 to null at term 1 for initElection
2019-07-13 14:37:51,777 INFO  impl.LeaderElection (LeaderElection.java:askForVotes(181)) - f745a32b-a504-4385-a922-518c68893d66:group-B1710A59CC92:LeaderElection97: begin an election at term 2 for 0: [f745a32b-a504-4385-a922-518c68893d66:192.168.5.172:34659, 7ad932f2-f226-4ea3-b11e-48ddd64217a8:192.168.5.172:43417, 5adaed7b-640b-4a97-b7f6-bf7724a20468:192.168.5.172:44893], old=null
2019-07-13 14:37:51,780 INFO  impl.LeaderElection (LogUtils.java:infoOrTrace(149)) - f745a32b-a504-4385-a922-518c68893d66:group-B1710A59CC92:LeaderElection97 got exception when requesting votes: {}
java.util.concurrent.ExecutionException: org.apache.ratis.thirdparty.io.grpc.StatusRuntimeException: UNAVAILABLE: io exception
	at java.util.concurrent.FutureTask.report(FutureTask.java:122)
	at java.util.concurrent.FutureTask.get(FutureTask.java:192)
	at org.apache.ratis.server.impl.LeaderElection.waitForResults(LeaderElection.java:262)
	at org.apache.ratis.server.impl.LeaderElection.askForVotes(LeaderElection.java:200)
	at org.apache.ratis.server.impl.LeaderElection.run(LeaderElection.java:130)
	at java.lang.Thread.run(Thread.java:748)
Caused by: org.apache.ratis.thirdparty.io.grpc.StatusRuntimeException: UNAVAILABLE: io exception
	at org.apache.ratis.thirdparty.io.grpc.stub.ClientCalls.toStatusRuntimeException(ClientCalls.java:233)
	at org.apache.ratis.thirdparty.io.grpc.stub.ClientCalls.getUnchecked(ClientCalls.java:214)
	at org.apache.ratis.thirdparty.io.grpc.stub.ClientCalls.blockingUnaryCall(ClientCalls.java:139)
	at org.apache.ratis.proto.grpc.RaftServerProtocolServiceGrpc$RaftServerProtocolServiceBlockingStub.requestVote(RaftServerProtocolServiceGrpc.java:265)
	at org.apache.ratis.grpc.server.GrpcServerProtocolClient.requestVote(GrpcServerProtocolClient.java:83)
	at org.apache.ratis.grpc.server.GrpcService.requestVote(GrpcService.java:195)
	at org.apache.ratis.server.impl.LeaderElection.lambda$submitRequests$1(LeaderElection.java:237)
	at java.util.concurrent.FutureTask.run(FutureTask.java:266)
	at java.util.concurrent.Executors$RunnableAdapter.call(Executors.java:511)
	at java.util.concurrent.FutureTask.run(FutureTask.java:266)
	at java.util.concurrent.ThreadPoolExecutor.runWorker(ThreadPoolExecutor.java:1149)
	at java.util.concurrent.ThreadPoolExecutor$Worker.run(ThreadPoolExecutor.java:624)
	... 1 more
Caused by: org.apache.ratis.thirdparty.io.netty.channel.AbstractChannel$AnnotatedConnectException: Connection refused: /192.168.5.172:44893
	at sun.nio.ch.SocketChannelImpl.checkConnect(Native Method)
	at sun.nio.ch.SocketChannelImpl.finishConnect(SocketChannelImpl.java:717)
	at org.apache.ratis.thirdparty.io.netty.channel.socket.nio.NioSocketChannel.doFinishConnect(NioSocketChannel.java:327)
	at org.apache.ratis.thirdparty.io.netty.channel.nio.AbstractNioChannel$AbstractNioUnsafe.finishConnect(AbstractNioChannel.java:340)
	at org.apache.ratis.thirdparty.io.netty.channel.nio.NioEventLoop.processSelectedKey(NioEventLoop.java:632)
	at org.apache.ratis.thirdparty.io.netty.channel.nio.NioEventLoop.processSelectedKeysOptimized(NioEventLoop.java:579)
	at org.apache.ratis.thirdparty.io.netty.channel.nio.NioEventLoop.processSelectedKeys(NioEventLoop.java:496)
	at org.apache.ratis.thirdparty.io.netty.channel.nio.NioEventLoop.run(NioEventLoop.java:458)
	at org.apache.ratis.thirdparty.io.netty.util.concurrent.SingleThreadEventExecutor$5.run(SingleThreadEventExecutor.java:897)
	at org.apache.ratis.thirdparty.io.netty.util.concurrent.FastThreadLocalRunnable.run(FastThreadLocalRunnable.java:30)
	... 1 more
Caused by: java.net.ConnectException: Connection refused
	... 11 more
2019-07-13 14:37:51,782 INFO  impl.LeaderElection (LogUtils.java:infoOrTrace(149)) - f745a32b-a504-4385-a922-518c68893d66:group-B1710A59CC92:LeaderElection97 got exception when requesting votes: {}
java.util.concurrent.ExecutionException: org.apache.ratis.thirdparty.io.grpc.StatusRuntimeException: UNAVAILABLE: io exception
	at java.util.concurrent.FutureTask.report(FutureTask.java:122)
	at java.util.concurrent.FutureTask.get(FutureTask.java:192)
	at org.apache.ratis.server.impl.LeaderElection.waitForResults(LeaderElection.java:262)
	at org.apache.ratis.server.impl.LeaderElection.askForVotes(LeaderElection.java:200)
	at org.apache.ratis.server.impl.LeaderElection.run(LeaderElection.java:130)
	at java.lang.Thread.run(Thread.java:748)
Caused by: org.apache.ratis.thirdparty.io.grpc.StatusRuntimeException: UNAVAILABLE: io exception
	at org.apache.ratis.thirdparty.io.grpc.stub.ClientCalls.toStatusRuntimeException(ClientCalls.java:233)
	at org.apache.ratis.thirdparty.io.grpc.stub.ClientCalls.getUnchecked(ClientCalls.java:214)
	at org.apache.ratis.thirdparty.io.grpc.stub.ClientCalls.blockingUnaryCall(ClientCalls.java:139)
	at org.apache.ratis.proto.grpc.RaftServerProtocolServiceGrpc$RaftServerProtocolServiceBlockingStub.requestVote(RaftServerProtocolServiceGrpc.java:265)
	at org.apache.ratis.grpc.server.GrpcServerProtocolClient.requestVote(GrpcServerProtocolClient.java:83)
	at org.apache.ratis.grpc.server.GrpcService.requestVote(GrpcService.java:195)
	at org.apache.ratis.server.impl.LeaderElection.lambda$submitRequests$1(LeaderElection.java:237)
	at java.util.concurrent.FutureTask.run(FutureTask.java:266)
	at java.util.concurrent.Executors$RunnableAdapter.call(Executors.java:511)
	at java.util.concurrent.FutureTask.run(FutureTask.java:266)
	at java.util.concurrent.ThreadPoolExecutor.runWorker(ThreadPoolExecutor.java:1149)
	at java.util.concurrent.ThreadPoolExecutor$Worker.run(ThreadPoolExecutor.java:624)
	... 1 more
Caused by: org.apache.ratis.thirdparty.io.netty.channel.AbstractChannel$AnnotatedConnectException: Connection refused: /192.168.5.172:43417
	at sun.nio.ch.SocketChannelImpl.checkConnect(Native Method)
	at sun.nio.ch.SocketChannelImpl.finishConnect(SocketChannelImpl.java:717)
	at org.apache.ratis.thirdparty.io.netty.channel.socket.nio.NioSocketChannel.doFinishConnect(NioSocketChannel.java:327)
	at org.apache.ratis.thirdparty.io.netty.channel.nio.AbstractNioChannel$AbstractNioUnsafe.finishConnect(AbstractNioChannel.java:340)
	at org.apache.ratis.thirdparty.io.netty.channel.nio.NioEventLoop.processSelectedKey(NioEventLoop.java:632)
	at org.apache.ratis.thirdparty.io.netty.channel.nio.NioEventLoop.processSelectedKeysOptimized(NioEventLoop.java:579)
	at org.apache.ratis.thirdparty.io.netty.channel.nio.NioEventLoop.processSelectedKeys(NioEventLoop.java:496)
	at org.apache.ratis.thirdparty.io.netty.channel.nio.NioEventLoop.run(NioEventLoop.java:458)
	at org.apache.ratis.thirdparty.io.netty.util.concurrent.SingleThreadEventExecutor$5.run(SingleThreadEventExecutor.java:897)
	at org.apache.ratis.thirdparty.io.netty.util.concurrent.FastThreadLocalRunnable.run(FastThreadLocalRunnable.java:30)
	... 1 more
Caused by: java.net.ConnectException: Connection refused
	... 11 more
2019-07-13 14:37:51,784 INFO  impl.LeaderElection (LeaderElection.java:logAndReturn(56)) - f745a32b-a504-4385-a922-518c68893d66:group-B1710A59CC92:LeaderElection97: Election REJECTED; received 0 response(s) [] and 2 exception(s); f745a32b-a504-4385-a922-518c68893d66:t2, leader=null, voted=f745a32b-a504-4385-a922-518c68893d66, raftlog=f745a32b-a504-4385-a922-518c68893d66-SegmentedRaftLog:OPENED:c0,f0,i0, conf=0: [f745a32b-a504-4385-a922-518c68893d66:192.168.5.172:34659, 7ad932f2-f226-4ea3-b11e-48ddd64217a8:192.168.5.172:43417, 5adaed7b-640b-4a97-b7f6-bf7724a20468:192.168.5.172:44893], old=null
2019-07-13 14:37:51,784 INFO  impl.LeaderElection (LogUtils.java:infoOrTrace(149)) -   Exception 0: {}
java.util.concurrent.ExecutionException: org.apache.ratis.thirdparty.io.grpc.StatusRuntimeException: UNAVAILABLE: io exception
	at java.util.concurrent.FutureTask.report(FutureTask.java:122)
	at java.util.concurrent.FutureTask.get(FutureTask.java:192)
	at org.apache.ratis.server.impl.LeaderElection.waitForResults(LeaderElection.java:262)
	at org.apache.ratis.server.impl.LeaderElection.askForVotes(LeaderElection.java:200)
	at org.apache.ratis.server.impl.LeaderElection.run(LeaderElection.java:130)
	at java.lang.Thread.run(Thread.java:748)
Caused by: org.apache.ratis.thirdparty.io.grpc.StatusRuntimeException: UNAVAILABLE: io exception
	at org.apache.ratis.thirdparty.io.grpc.stub.ClientCalls.toStatusRuntimeException(ClientCalls.java:233)
	at org.apache.ratis.thirdparty.io.grpc.stub.ClientCalls.getUnchecked(ClientCalls.java:214)
	at org.apache.ratis.thirdparty.io.grpc.stub.ClientCalls.blockingUnaryCall(ClientCalls.java:139)
	at org.apache.ratis.proto.grpc.RaftServerProtocolServiceGrpc$RaftServerProtocolServiceBlockingStub.requestVote(RaftServerProtocolServiceGrpc.java:265)
	at org.apache.ratis.grpc.server.GrpcServerProtocolClient.requestVote(GrpcServerProtocolClient.java:83)
	at org.apache.ratis.grpc.server.GrpcService.requestVote(GrpcService.java:195)
	at org.apache.ratis.server.impl.LeaderElection.lambda$submitRequests$1(LeaderElection.java:237)
	at java.util.concurrent.FutureTask.run(FutureTask.java:266)
	at java.util.concurrent.Executors$RunnableAdapter.call(Executors.java:511)
	at java.util.concurrent.FutureTask.run(FutureTask.java:266)
	at java.util.concurrent.ThreadPoolExecutor.runWorker(ThreadPoolExecutor.java:1149)
	at java.util.concurrent.ThreadPoolExecutor$Worker.run(ThreadPoolExecutor.java:624)
	... 1 more
Caused by: org.apache.ratis.thirdparty.io.netty.channel.AbstractChannel$AnnotatedConnectException: Connection refused: /192.168.5.172:44893
	at sun.nio.ch.SocketChannelImpl.checkConnect(Native Method)
	at sun.nio.ch.SocketChannelImpl.finishConnect(SocketChannelImpl.java:717)
	at org.apache.ratis.thirdparty.io.netty.channel.socket.nio.NioSocketChannel.doFinishConnect(NioSocketChannel.java:327)
	at org.apache.ratis.thirdparty.io.netty.channel.nio.AbstractNioChannel$AbstractNioUnsafe.finishConnect(AbstractNioChannel.java:340)
	at org.apache.ratis.thirdparty.io.netty.channel.nio.NioEventLoop.processSelectedKey(NioEventLoop.java:632)
	at org.apache.ratis.thirdparty.io.netty.channel.nio.NioEventLoop.processSelectedKeysOptimized(NioEventLoop.java:579)
	at org.apache.ratis.thirdparty.io.netty.channel.nio.NioEventLoop.processSelectedKeys(NioEventLoop.java:496)
	at org.apache.ratis.thirdparty.io.netty.channel.nio.NioEventLoop.run(NioEventLoop.java:458)
	at org.apache.ratis.thirdparty.io.netty.util.concurrent.SingleThreadEventExecutor$5.run(SingleThreadEventExecutor.java:897)
	at org.apache.ratis.thirdparty.io.netty.util.concurrent.FastThreadLocalRunnable.run(FastThreadLocalRunnable.java:30)
	... 1 more
Caused by: java.net.ConnectException: Connection refused
	... 11 more
2019-07-13 14:37:51,784 INFO  impl.LeaderElection (LogUtils.java:infoOrTrace(149)) -   Exception 1: {}
java.util.concurrent.ExecutionException: org.apache.ratis.thirdparty.io.grpc.StatusRuntimeException: UNAVAILABLE: io exception
	at java.util.concurrent.FutureTask.report(FutureTask.java:122)
	at java.util.concurrent.FutureTask.get(FutureTask.java:192)
	at org.apache.ratis.server.impl.LeaderElection.waitForResults(LeaderElection.java:262)
	at org.apache.ratis.server.impl.LeaderElection.askForVotes(LeaderElection.java:200)
	at org.apache.ratis.server.impl.LeaderElection.run(LeaderElection.java:130)
	at java.lang.Thread.run(Thread.java:748)
Caused by: org.apache.ratis.thirdparty.io.grpc.StatusRuntimeException: UNAVAILABLE: io exception
	at org.apache.ratis.thirdparty.io.grpc.stub.ClientCalls.toStatusRuntimeException(ClientCalls.java:233)
	at org.apache.ratis.thirdparty.io.grpc.stub.ClientCalls.getUnchecked(ClientCalls.java:214)
	at org.apache.ratis.thirdparty.io.grpc.stub.ClientCalls.blockingUnaryCall(ClientCalls.java:139)
	at org.apache.ratis.proto.grpc.RaftServerProtocolServiceGrpc$RaftServerProtocolServiceBlockingStub.requestVote(RaftServerProtocolServiceGrpc.java:265)
	at org.apache.ratis.grpc.server.GrpcServerProtocolClient.requestVote(GrpcServerProtocolClient.java:83)
	at org.apache.ratis.grpc.server.GrpcService.requestVote(GrpcService.java:195)
	at org.apache.ratis.server.impl.LeaderElection.lambda$submitRequests$1(LeaderElection.java:237)
	at java.util.concurrent.FutureTask.run(FutureTask.java:266)
	at java.util.concurrent.Executors$RunnableAdapter.call(Executors.java:511)
	at java.util.concurrent.FutureTask.run(FutureTask.java:266)
	at java.util.concurrent.ThreadPoolExecutor.runWorker(ThreadPoolExecutor.java:1149)
	at java.util.concurrent.ThreadPoolExecutor$Worker.run(ThreadPoolExecutor.java:624)
	... 1 more
Caused by: org.apache.ratis.thirdparty.io.netty.channel.AbstractChannel$AnnotatedConnectException: Connection refused: /192.168.5.172:43417
	at sun.nio.ch.SocketChannelImpl.checkConnect(Native Method)
	at sun.nio.ch.SocketChannelImpl.finishConnect(SocketChannelImpl.java:717)
	at org.apache.ratis.thirdparty.io.netty.channel.socket.nio.NioSocketChannel.doFinishConnect(NioSocketChannel.java:327)
	at org.apache.ratis.thirdparty.io.netty.channel.nio.AbstractNioChannel$AbstractNioUnsafe.finishConnect(AbstractNioChannel.java:340)
	at org.apache.ratis.thirdparty.io.netty.channel.nio.NioEventLoop.processSelectedKey(NioEventLoop.java:632)
	at org.apache.ratis.thirdparty.io.netty.channel.nio.NioEventLoop.processSelectedKeysOptimized(NioEventLoop.java:579)
	at org.apache.ratis.thirdparty.io.netty.channel.nio.NioEventLoop.processSelectedKeys(NioEventLoop.java:496)
	at org.apache.ratis.thirdparty.io.netty.channel.nio.NioEventLoop.run(NioEventLoop.java:458)
	at org.apache.ratis.thirdparty.io.netty.util.concurrent.SingleThreadEventExecutor$5.run(SingleThreadEventExecutor.java:897)
	at org.apache.ratis.thirdparty.io.netty.util.concurrent.FastThreadLocalRunnable.run(FastThreadLocalRunnable.java:30)
	... 1 more
Caused by: java.net.ConnectException: Connection refused
	... 11 more
2019-07-13 14:37:51,785 INFO  impl.RaftServerImpl (RaftServerImpl.java:setRole(171)) - f745a32b-a504-4385-a922-518c68893d66:group-B1710A59CC92 changes role from CANDIDATE to FOLLOWER at term 2 for DISCOVERED_A_NEW_TERM
2019-07-13 14:37:51,785 INFO  impl.RoleInfo (RoleInfo.java:shutdownLeaderElection(134)) - f745a32b-a504-4385-a922-518c68893d66: shutdown LeaderElection
2019-07-13 14:37:51,785 INFO  impl.RoleInfo (RoleInfo.java:updateAndGet(143)) - f745a32b-a504-4385-a922-518c68893d66: start FollowerState
2019-07-13 14:37:53,663 WARN  server.GrpcLogAppender (LogUtils.java:warn(134)) - aff28d89-2654-4cdc-b85d-484cab16ff25->e76efa9c-e9b5-4a08-a78e-8ad3ee00eb33: Failed appendEntries: org.apache.ratis.thirdparty.io.grpc.StatusRuntimeException: UNAVAILABLE: io exception
2019-07-13 14:37:53,663 WARN  server.GrpcLogAppender (LogUtils.java:warn(134)) - aff28d89-2654-4cdc-b85d-484cab16ff25->3d04393c-0560-4db1-9693-26be94a4e688: Failed appendEntries: org.apache.ratis.thirdparty.io.grpc.StatusRuntimeException: UNAVAILABLE: io exception
2019-07-13 14:37:53,664 INFO  impl.FollowerInfo (FollowerInfo.java:lambda$new$0(50)) - aff28d89-2654-4cdc-b85d-484cab16ff25->e76efa9c-e9b5-4a08-a78e-8ad3ee00eb33: nextIndex: updateUnconditionally 31 -> 30
2019-07-13 14:37:53,664 INFO  impl.FollowerInfo (FollowerInfo.java:lambda$new$0(50)) - aff28d89-2654-4cdc-b85d-484cab16ff25->3d04393c-0560-4db1-9693-26be94a4e688: nextIndex: updateUnconditionally 34 -> 33
2019-07-13 14:37:54,145 INFO  node.StaleNodeHandler (StaleNodeHandler.java:onMessage(58)) - Datanode 831c982a-f122-4a57-892f-80d750b79246{ip: 192.168.5.172, host: trunk-nightly-mhs6z-4061744966, networkLocation: /default-rack, certSerialId: null} moved to stale state. Finalizing its pipelines [PipelineID=6b25d4a0-e28a-40f2-a004-2e994392817a]
2019-07-13 14:37:54,146 INFO  pipeline.SCMPipelineManager (SCMPipelineManager.java:finalizeAndDestroyPipeline(309)) - destroying pipeline:Pipeline[ Id: 6b25d4a0-e28a-40f2-a004-2e994392817a, Nodes: 831c982a-f122-4a57-892f-80d750b79246{ip: 192.168.5.172, host: trunk-nightly-mhs6z-4061744966, networkLocation: /default-rack, certSerialId: null}, Type:RATIS, Factor:ONE, State:OPEN]
2019-07-13 14:37:54,146 INFO  pipeline.PipelineStateManager (PipelineStateManager.java:finalizePipeline(123)) - Pipeline Pipeline[ Id: 6b25d4a0-e28a-40f2-a004-2e994392817a, Nodes: 831c982a-f122-4a57-892f-80d750b79246{ip: 192.168.5.172, host: trunk-nightly-mhs6z-4061744966, networkLocation: /default-rack, certSerialId: null}, Type:RATIS, Factor:ONE, State:CLOSED] moved to CLOSED state
2019-07-13 14:37:54,246 INFO  node.StaleNodeHandler (StaleNodeHandler.java:onMessage(58)) - Datanode f745a32b-a504-4385-a922-518c68893d66{ip: 192.168.5.172, host: trunk-nightly-mhs6z-4061744966, networkLocation: /default-rack, certSerialId: null} moved to stale state. Finalizing its pipelines [PipelineID=3e5919ff-bdeb-4732-9cb7-566f675eafba, PipelineID=2d52ab47-dfad-447e-afbf-b1710a59cc92]
2019-07-13 14:37:54,246 INFO  pipeline.SCMPipelineManager (SCMPipelineManager.java:finalizeAndDestroyPipeline(309)) - destroying pipeline:Pipeline[ Id: 3e5919ff-bdeb-4732-9cb7-566f675eafba, Nodes: f745a32b-a504-4385-a922-518c68893d66{ip: 192.168.5.172, host: trunk-nightly-mhs6z-4061744966, networkLocation: /default-rack, certSerialId: null}, Type:RATIS, Factor:ONE, State:OPEN]
2019-07-13 14:37:54,246 INFO  pipeline.PipelineStateManager (PipelineStateManager.java:finalizePipeline(123)) - Pipeline Pipeline[ Id: 3e5919ff-bdeb-4732-9cb7-566f675eafba, Nodes: f745a32b-a504-4385-a922-518c68893d66{ip: 192.168.5.172, host: trunk-nightly-mhs6z-4061744966, networkLocation: /default-rack, certSerialId: null}, Type:RATIS, Factor:ONE, State:CLOSED] moved to CLOSED state
2019-07-13 14:37:54,246 INFO  pipeline.SCMPipelineManager (SCMPipelineManager.java:finalizeAndDestroyPipeline(309)) - destroying pipeline:Pipeline[ Id: 2d52ab47-dfad-447e-afbf-b1710a59cc92, Nodes: 5adaed7b-640b-4a97-b7f6-bf7724a20468{ip: 192.168.5.172, host: trunk-nightly-mhs6z-4061744966, networkLocation: /default-rack, certSerialId: null}7ad932f2-f226-4ea3-b11e-48ddd64217a8{ip: 192.168.5.172, host: trunk-nightly-mhs6z-4061744966, networkLocation: /default-rack, certSerialId: null}f745a32b-a504-4385-a922-518c68893d66{ip: 192.168.5.172, host: trunk-nightly-mhs6z-4061744966, networkLocation: /default-rack, certSerialId: null}, Type:RATIS, Factor:THREE, State:CLOSED]
2019-07-13 14:37:54,511 INFO  ozoneimpl.OzoneContainer (OzoneContainer.java:stop(199)) - Attempting to stop container services.
2019-07-13 14:37:54,511 INFO  ozoneimpl.OzoneContainer (OzoneContainer.java:stop(199)) - Attempting to stop container services.
2019-07-13 14:37:54,512 INFO  impl.RaftServerProxy (RaftServerProxy.java:lambda$close$4(314)) - f745a32b-a504-4385-a922-518c68893d66: close
2019-07-13 14:37:54,512 INFO  impl.RaftServerProxy (RaftServerProxy.java:lambda$close$4(314)) - 831c982a-f122-4a57-892f-80d750b79246: close
2019-07-13 14:37:54,513 INFO  impl.RaftServerImpl (RaftServerImpl.java:lambda$shutdown$3(245)) - f745a32b-a504-4385-a922-518c68893d66: shutdown group-566F675EAFBA
2019-07-13 14:37:54,513 INFO  impl.RaftServerImpl (RaftServerImpl.java:lambda$shutdown$3(245)) - 831c982a-f122-4a57-892f-80d750b79246: shutdown group-2E994392817A
2019-07-13 14:37:54,513 INFO  util.JmxRegister (JmxRegister.java:unregister(73)) - Successfully un-registered JMX Bean with object name Ratis:service=RaftServer,group=group-566F675EAFBA,id=f745a32b-a504-4385-a922-518c68893d66
2019-07-13 14:37:54,514 INFO  util.JmxRegister (JmxRegister.java:unregister(73)) - Successfully un-registered JMX Bean with object name Ratis:service=RaftServer,group=group-2E994392817A,id=831c982a-f122-4a57-892f-80d750b79246
2019-07-13 14:37:54,515 INFO  impl.RoleInfo (RoleInfo.java:shutdownLeaderState(104)) - 831c982a-f122-4a57-892f-80d750b79246: shutdown LeaderState
2019-07-13 14:37:54,514 INFO  impl.RoleInfo (RoleInfo.java:shutdownLeaderState(104)) - f745a32b-a504-4385-a922-518c68893d66: shutdown LeaderState
2019-07-13 14:37:54,515 INFO  impl.PendingRequests (PendingRequests.java:sendNotLeaderResponses(202)) - 831c982a-f122-4a57-892f-80d750b79246-PendingRequests: sendNotLeaderResponses
2019-07-13 14:37:54,515 INFO  impl.PendingRequests (PendingRequests.java:sendNotLeaderResponses(202)) - f745a32b-a504-4385-a922-518c68893d66-PendingRequests: sendNotLeaderResponses
2019-07-13 14:37:54,516 INFO  ratis.ContainerStateMachine (ContainerStateMachine.java:takeSnapshot(246)) - Taking snapshot at termIndex:(t:0, i:~)
2019-07-13 14:37:54,516 INFO  impl.StateMachineUpdater (StateMachineUpdater.java:stopAndJoin(115)) - StateMachineUpdater:f745a32b-a504-4385-a922-518c68893d66:group-566F675EAFBA: set stopIndex = 0
2019-07-13 14:37:54,516 INFO  impl.StateMachineUpdater (StateMachineUpdater.java:stopAndJoin(115)) - StateMachineUpdater:831c982a-f122-4a57-892f-80d750b79246:group-2E994392817A: set stopIndex = 0
2019-07-13 14:37:54,517 INFO  impl.RaftServerImpl (ServerState.java:close(394)) - 831c982a-f122-4a57-892f-80d750b79246:group-2E994392817A closes. The last applied log index is 0
2019-07-13 14:37:54,517 INFO  ratis.ContainerStateMachine (ContainerStateMachine.java:takeSnapshot(246)) - Taking snapshot at termIndex:(t:0, i:~)
2019-07-13 14:37:54,518 INFO  impl.RaftServerImpl (ServerState.java:close(394)) - f745a32b-a504-4385-a922-518c68893d66:group-566F675EAFBA closes. The last applied log index is 0
2019-07-13 14:37:54,518 INFO  segmented.SegmentedRaftLogWorker (SegmentedRaftLogWorker.java:run(313)) - 831c982a-f122-4a57-892f-80d750b79246-SegmentedRaftLogWorker:Storage Directory /tmp/workdir/hadoop-ozone/integration-test/target/test-dir/MiniOzoneClusterImpl-c7b61d8d-b87d-4d70-bdb2-ac7817d2114b/datanode-6/data/ratis/6b25d4a0-e28a-40f2-a004-2e994392817a was interrupted, exiting. There are 0 tasks remaining in the queue.
2019-07-13 14:37:54,518 INFO  segmented.SegmentedRaftLogWorker (SegmentedRaftLogWorker.java:run(313)) - f745a32b-a504-4385-a922-518c68893d66-SegmentedRaftLogWorker:Storage Directory /tmp/workdir/hadoop-ozone/integration-test/target/test-dir/MiniOzoneClusterImpl-c7b61d8d-b87d-4d70-bdb2-ac7817d2114b/datanode-0/data/ratis/3e5919ff-bdeb-4732-9cb7-566f675eafba was interrupted, exiting. There are 0 tasks remaining in the queue.
2019-07-13 14:37:54,519 INFO  segmented.SegmentedRaftLogWorker (SegmentedRaftLogWorker.java:close(228)) - 831c982a-f122-4a57-892f-80d750b79246-SegmentedRaftLogWorker:Storage Directory /tmp/workdir/hadoop-ozone/integration-test/target/test-dir/MiniOzoneClusterImpl-c7b61d8d-b87d-4d70-bdb2-ac7817d2114b/datanode-6/data/ratis/6b25d4a0-e28a-40f2-a004-2e994392817a close()
2019-07-13 14:37:54,519 INFO  segmented.SegmentedRaftLogWorker (SegmentedRaftLogWorker.java:close(228)) - f745a32b-a504-4385-a922-518c68893d66-SegmentedRaftLogWorker:Storage Directory /tmp/workdir/hadoop-ozone/integration-test/target/test-dir/MiniOzoneClusterImpl-c7b61d8d-b87d-4d70-bdb2-ac7817d2114b/datanode-0/data/ratis/3e5919ff-bdeb-4732-9cb7-566f675eafba close()
2019-07-13 14:37:54,521 INFO  server.GrpcService (GrpcService.java:closeImpl(155)) - 831c982a-f122-4a57-892f-80d750b79246: shutdown server with port 37420 now
2019-07-13 14:37:54,523 INFO  impl.RaftServerImpl (RaftServerImpl.java:lambda$shutdown$3(245)) - f745a32b-a504-4385-a922-518c68893d66: shutdown group-B1710A59CC92
2019-07-13 14:37:54,525 INFO  util.JmxRegister (JmxRegister.java:unregister(73)) - Successfully un-registered JMX Bean with object name Ratis:service=RaftServer,group=group-B1710A59CC92,id=f745a32b-a504-4385-a922-518c68893d66
2019-07-13 14:37:54,525 INFO  server.GrpcService (GrpcService.java:closeImpl(163)) - 831c982a-f122-4a57-892f-80d750b79246: shutdown server with port 37420 successfully
2019-07-13 14:37:54,525 INFO  impl.RoleInfo (RoleInfo.java:shutdownFollowerState(121)) - f745a32b-a504-4385-a922-518c68893d66: shutdown FollowerState
2019-07-13 14:37:54,526 INFO  impl.StateMachineUpdater (StateMachineUpdater.java:stopAndJoin(115)) - StateMachineUpdater:f745a32b-a504-4385-a922-518c68893d66:group-B1710A59CC92: set stopIndex = 0
2019-07-13 14:37:54,526 INFO  ratis.ContainerStateMachine (ContainerStateMachine.java:takeSnapshot(246)) - Taking snapshot at termIndex:(t:0, i:~)
2019-07-13 14:37:54,526 INFO  impl.FollowerState (FollowerState.java:run(114)) - f745a32b-a504-4385-a922-518c68893d66: FollowerState was interrupted: java.lang.InterruptedException: sleep interrupted
2019-07-13 14:37:54,527 INFO  impl.RaftServerImpl (ServerState.java:close(394)) - f745a32b-a504-4385-a922-518c68893d66:group-B1710A59CC92 closes. The last applied log index is 0
2019-07-13 14:37:54,529 INFO  utils.BackgroundService (BackgroundService.java:shutdown(148)) - Shutting down service BlockDeletingService
2019-07-13 14:37:54,530 INFO  segmented.SegmentedRaftLogWorker (SegmentedRaftLogWorker.java:run(313)) - f745a32b-a504-4385-a922-518c68893d66-SegmentedRaftLogWorker:Storage Directory /tmp/workdir/hadoop-ozone/integration-test/target/test-dir/MiniOzoneClusterImpl-c7b61d8d-b87d-4d70-bdb2-ac7817d2114b/datanode-0/data/ratis/2d52ab47-dfad-447e-afbf-b1710a59cc92 was interrupted, exiting. There are 0 tasks remaining in the queue.
2019-07-13 14:37:54,531 INFO  segmented.SegmentedRaftLogWorker (SegmentedRaftLogWorker.java:close(228)) - f745a32b-a504-4385-a922-518c68893d66-SegmentedRaftLogWorker:Storage Directory /tmp/workdir/hadoop-ozone/integration-test/target/test-dir/MiniOzoneClusterImpl-c7b61d8d-b87d-4d70-bdb2-ac7817d2114b/datanode-0/data/ratis/2d52ab47-dfad-447e-afbf-b1710a59cc92 close()
2019-07-13 14:37:54,531 WARN  fs.CachingGetSpaceUsed (CachingGetSpaceUsed.java:run(183)) - Thread Interrupted waiting to refresh disk information: sleep interrupted
2019-07-13 14:37:54,533 INFO  server.GrpcService (GrpcService.java:closeImpl(155)) - f745a32b-a504-4385-a922-518c68893d66: shutdown server with port 34659 now
2019-07-13 14:37:54,535 INFO  server.GrpcService (GrpcService.java:closeImpl(163)) - f745a32b-a504-4385-a922-518c68893d66: shutdown server with port 34659 successfully
2019-07-13 14:37:54,540 INFO  utils.BackgroundService (BackgroundService.java:shutdown(148)) - Shutting down service BlockDeletingService
2019-07-13 14:37:54,543 WARN  fs.CachingGetSpaceUsed (CachingGetSpaceUsed.java:run(183)) - Thread Interrupted waiting to refresh disk information: sleep interrupted
2019-07-13 14:37:54,556 INFO  statemachine.DatanodeStateMachine (DatanodeStateMachine.java:stopDaemon(395)) - Ozone container server stopped.
2019-07-13 14:37:54,567 INFO  statemachine.DatanodeStateMachine (DatanodeStateMachine.java:stopDaemon(395)) - Ozone container server stopped.
2019-07-13 14:37:54,569 INFO  handler.ContextHandler (ContextHandler.java:doStop(910)) - Stopped o.e.j.w.WebAppContext@67387eba{/,null,UNAVAILABLE}{/hddsDatanode}
2019-07-13 14:37:54,570 INFO  handler.ContextHandler (ContextHandler.java:doStop(910)) - Stopped o.e.j.w.WebAppContext@37635407{/,null,UNAVAILABLE}{/hddsDatanode}
2019-07-13 14:37:54,570 INFO  server.AbstractConnector (AbstractConnector.java:doStop(318)) - Stopped ServerConnector@20b1f874{HTTP/1.1,[http/1.1]}{0.0.0.0:0}
2019-07-13 14:37:54,570 INFO  server.AbstractConnector (AbstractConnector.java:doStop(318)) - Stopped ServerConnector@33822750{HTTP/1.1,[http/1.1]}{0.0.0.0:0}
2019-07-13 14:37:54,571 INFO  handler.ContextHandler (ContextHandler.java:doStop(910)) - Stopped o.e.j.s.ServletContextHandler@83ec0b0{/static,jar:file:/home/user/.m2/repository/org/apache/hadoop/hadoop-hdds-container-service/0.5.0-SNAPSHOT/hadoop-hdds-container-service-0.5.0-SNAPSHOT.jar!/webapps/static,UNAVAILABLE}
2019-07-13 14:37:54,572 INFO  handler.ContextHandler (ContextHandler.java:doStop(910)) - Stopped o.e.j.s.ServletContextHandler@7545cb17{/static,jar:file:/home/user/.m2/repository/org/apache/hadoop/hadoop-hdds-container-service/0.5.0-SNAPSHOT/hadoop-hdds-container-service-0.5.0-SNAPSHOT.jar!/webapps/static,UNAVAILABLE}
2019-07-13 14:37:54,572 INFO  handler.ContextHandler (ContextHandler.java:doStop(910)) - Stopped o.e.j.s.ServletContextHandler@46030cfd{/logs,file:///tmp/workdir/hadoop-ozone/integration-test/target/log,UNAVAILABLE}
2019-07-13 14:37:54,574 INFO  handler.ContextHandler (ContextHandler.java:doStop(910)) - Stopped o.e.j.s.ServletContextHandler@28ba90c1{/logs,file:///tmp/workdir/hadoop-ozone/integration-test/target/log,UNAVAILABLE}
2019-07-13 14:37:54,575 INFO  datanode.ObjectStoreHandler (ObjectStoreHandler.java:close(155)) - Closing ObjectStoreHandler.
2019-07-13 14:37:54,576 INFO  ozone.HddsDatanodeService (HddsDatanodeService.java:stop(452)) - Stopped plug-in org.apache.hadoop.ozone.web.OzoneHddsDatanodeService@104861ff
2019-07-13 14:37:55,197 INFO  statemachine.DatanodeStateMachine (DatanodeStateMachine.java:lambda$startDaemon$0(350)) - Ozone container server started.
2019-07-13 14:37:56,164 WARN  server.GrpcLogAppender (LogUtils.java:warn(134)) - aff28d89-2654-4cdc-b85d-484cab16ff25->e76efa9c-e9b5-4a08-a78e-8ad3ee00eb33: Failed appendEntries: org.apache.ratis.thirdparty.io.grpc.StatusRuntimeException: UNAVAILABLE: io exception
2019-07-13 14:37:56,164 INFO  impl.FollowerInfo (FollowerInfo.java:lambda$new$0(50)) - aff28d89-2654-4cdc-b85d-484cab16ff25->e76efa9c-e9b5-4a08-a78e-8ad3ee00eb33: nextIndex: updateUnconditionally 30 -> 29
2019-07-13 14:37:56,164 WARN  server.GrpcLogAppender (LogUtils.java:warn(134)) - aff28d89-2654-4cdc-b85d-484cab16ff25->3d04393c-0560-4db1-9693-26be94a4e688: Failed appendEntries: org.apache.ratis.thirdparty.io.grpc.StatusRuntimeException: UNAVAILABLE: io exception
2019-07-13 14:37:56,165 INFO  impl.FollowerInfo (FollowerInfo.java:lambda$new$0(50)) - aff28d89-2654-4cdc-b85d-484cab16ff25->3d04393c-0560-4db1-9693-26be94a4e688: nextIndex: updateUnconditionally 33 -> 32
2019-07-13 14:37:58,664 WARN  server.GrpcLogAppender (LogUtils.java:warn(134)) - aff28d89-2654-4cdc-b85d-484cab16ff25->3d04393c-0560-4db1-9693-26be94a4e688: Failed appendEntries: org.apache.ratis.thirdparty.io.grpc.StatusRuntimeException: UNAVAILABLE: io exception
2019-07-13 14:37:58,664 WARN  server.GrpcLogAppender (LogUtils.java:warn(134)) - aff28d89-2654-4cdc-b85d-484cab16ff25->e76efa9c-e9b5-4a08-a78e-8ad3ee00eb33: Failed appendEntries: org.apache.ratis.thirdparty.io.grpc.StatusRuntimeException: UNAVAILABLE: io exception
2019-07-13 14:37:58,665 INFO  impl.FollowerInfo (FollowerInfo.java:lambda$new$0(50)) - aff28d89-2654-4cdc-b85d-484cab16ff25->3d04393c-0560-4db1-9693-26be94a4e688: nextIndex: updateUnconditionally 32 -> 31
2019-07-13 14:37:58,665 INFO  impl.FollowerInfo (FollowerInfo.java:lambda$new$0(50)) - aff28d89-2654-4cdc-b85d-484cab16ff25->e76efa9c-e9b5-4a08-a78e-8ad3ee00eb33: nextIndex: updateUnconditionally 29 -> 28
2019-07-13 14:37:59,252 INFO  node.StaleNodeHandler (StaleNodeHandler.java:onMessage(58)) - Datanode aff28d89-2654-4cdc-b85d-484cab16ff25{ip: 192.168.5.172, host: trunk-nightly-mhs6z-4061744966, networkLocation: /default-rack, certSerialId: null} moved to stale state. Finalizing its pipelines [PipelineID=c52c1bff-4837-43f3-bdad-d4e3b318438b, PipelineID=57a7957c-d9fa-4f5c-a6b4-76da3452ce4c]
2019-07-13 14:37:59,252 INFO  pipeline.SCMPipelineManager (SCMPipelineManager.java:finalizeAndDestroyPipeline(309)) - destroying pipeline:Pipeline[ Id: c52c1bff-4837-43f3-bdad-d4e3b318438b, Nodes: aff28d89-2654-4cdc-b85d-484cab16ff25{ip: 192.168.5.172, host: trunk-nightly-mhs6z-4061744966, networkLocation: /default-rack, certSerialId: null}, Type:RATIS, Factor:ONE, State:OPEN]
2019-07-13 14:37:59,252 INFO  pipeline.PipelineStateManager (PipelineStateManager.java:finalizePipeline(123)) - Pipeline Pipeline[ Id: c52c1bff-4837-43f3-bdad-d4e3b318438b, Nodes: aff28d89-2654-4cdc-b85d-484cab16ff25{ip: 192.168.5.172, host: trunk-nightly-mhs6z-4061744966, networkLocation: /default-rack, certSerialId: null}, Type:RATIS, Factor:ONE, State:CLOSED] moved to CLOSED state
2019-07-13 14:37:59,253 INFO  pipeline.SCMPipelineManager (SCMPipelineManager.java:finalizeAndDestroyPipeline(309)) - destroying pipeline:Pipeline[ Id: 57a7957c-d9fa-4f5c-a6b4-76da3452ce4c, Nodes: e76efa9c-e9b5-4a08-a78e-8ad3ee00eb33{ip: 192.168.5.172, host: trunk-nightly-mhs6z-4061744966, networkLocation: /default-rack, certSerialId: null}aff28d89-2654-4cdc-b85d-484cab16ff25{ip: 192.168.5.172, host: trunk-nightly-mhs6z-4061744966, networkLocation: /default-rack, certSerialId: null}3d04393c-0560-4db1-9693-26be94a4e688{ip: 192.168.5.172, host: trunk-nightly-mhs6z-4061744966, networkLocation: /default-rack, certSerialId: null}, Type:RATIS, Factor:THREE, State:CLOSED]
2019-07-13 14:37:59,577 INFO  ozoneimpl.OzoneContainer (OzoneContainer.java:stop(199)) - Attempting to stop container services.
2019-07-13 14:37:59,577 INFO  impl.RaftServerProxy (RaftServerProxy.java:lambda$close$4(314)) - aff28d89-2654-4cdc-b85d-484cab16ff25: close
2019-07-13 14:37:59,578 INFO  impl.RaftServerImpl (RaftServerImpl.java:lambda$shutdown$3(245)) - aff28d89-2654-4cdc-b85d-484cab16ff25: shutdown group-D4E3B318438B
2019-07-13 14:37:59,578 INFO  util.JmxRegister (JmxRegister.java:unregister(73)) - Successfully un-registered JMX Bean with object name Ratis:service=RaftServer,group=group-D4E3B318438B,id=aff28d89-2654-4cdc-b85d-484cab16ff25
2019-07-13 14:37:59,579 INFO  impl.RoleInfo (RoleInfo.java:shutdownLeaderState(104)) - aff28d89-2654-4cdc-b85d-484cab16ff25: shutdown LeaderState
2019-07-13 14:37:59,579 INFO  impl.PendingRequests (PendingRequests.java:sendNotLeaderResponses(202)) - aff28d89-2654-4cdc-b85d-484cab16ff25-PendingRequests: sendNotLeaderResponses
2019-07-13 14:37:59,580 INFO  impl.StateMachineUpdater (StateMachineUpdater.java:stopAndJoin(115)) - StateMachineUpdater:aff28d89-2654-4cdc-b85d-484cab16ff25:group-D4E3B318438B: set stopIndex = 0
2019-07-13 14:37:59,580 INFO  ratis.ContainerStateMachine (ContainerStateMachine.java:takeSnapshot(246)) - Taking snapshot at termIndex:(t:0, i:~)
2019-07-13 14:37:59,581 INFO  impl.RaftServerImpl (ServerState.java:close(394)) - aff28d89-2654-4cdc-b85d-484cab16ff25:group-D4E3B318438B closes. The last applied log index is 0
2019-07-13 14:37:59,581 INFO  segmented.SegmentedRaftLogWorker (SegmentedRaftLogWorker.java:run(313)) - aff28d89-2654-4cdc-b85d-484cab16ff25-SegmentedRaftLogWorker:Storage Directory /tmp/workdir/hadoop-ozone/integration-test/target/test-dir/MiniOzoneClusterImpl-c7b61d8d-b87d-4d70-bdb2-ac7817d2114b/datanode-5/data/ratis/c52c1bff-4837-43f3-bdad-d4e3b318438b was interrupted, exiting. There are 0 tasks remaining in the queue.
2019-07-13 14:37:59,582 INFO  segmented.SegmentedRaftLogWorker (SegmentedRaftLogWorker.java:close(228)) - aff28d89-2654-4cdc-b85d-484cab16ff25-SegmentedRaftLogWorker:Storage Directory /tmp/workdir/hadoop-ozone/integration-test/target/test-dir/MiniOzoneClusterImpl-c7b61d8d-b87d-4d70-bdb2-ac7817d2114b/datanode-5/data/ratis/c52c1bff-4837-43f3-bdad-d4e3b318438b close()
2019-07-13 14:37:59,583 INFO  impl.RaftServerImpl (RaftServerImpl.java:lambda$shutdown$3(245)) - aff28d89-2654-4cdc-b85d-484cab16ff25: shutdown group-76DA3452CE4C
2019-07-13 14:37:59,584 INFO  util.JmxRegister (JmxRegister.java:unregister(73)) - Successfully un-registered JMX Bean with object name Ratis:service=RaftServer,group=group-76DA3452CE4C,id=aff28d89-2654-4cdc-b85d-484cab16ff25
2019-07-13 14:37:59,584 INFO  impl.RoleInfo (RoleInfo.java:shutdownLeaderState(104)) - aff28d89-2654-4cdc-b85d-484cab16ff25: shutdown LeaderState
2019-07-13 14:37:59,587 INFO  impl.PendingRequests (PendingRequests.java:sendNotLeaderResponses(202)) - aff28d89-2654-4cdc-b85d-484cab16ff25-PendingRequests: sendNotLeaderResponses
2019-07-13 14:37:59,587 WARN  server.GrpcLogAppender (GrpcLogAppender.java:mayWait(143)) - GrpcLogAppender(aff28d89-2654-4cdc-b85d-484cab16ff25->e76efa9c-e9b5-4a08-a78e-8ad3ee00eb33): Wait interrupted by java.lang.InterruptedException
2019-07-13 14:37:59,587 WARN  server.GrpcLogAppender (GrpcLogAppender.java:mayWait(143)) - GrpcLogAppender(aff28d89-2654-4cdc-b85d-484cab16ff25->3d04393c-0560-4db1-9693-26be94a4e688): Wait interrupted by java.lang.InterruptedException
2019-07-13 14:37:59,590 INFO  impl.StateMachineUpdater (StateMachineUpdater.java:stopAndJoin(115)) - StateMachineUpdater:aff28d89-2654-4cdc-b85d-484cab16ff25:group-76DA3452CE4C: set stopIndex = 35
2019-07-13 14:37:59,591 INFO  ratis.ContainerStateMachine (ContainerStateMachine.java:takeSnapshot(246)) - Taking snapshot at termIndex:(t:1, i:35)
2019-07-13 14:37:59,592 INFO  ratis.ContainerStateMachine (ContainerStateMachine.java:takeSnapshot(250)) - Taking a snapshot to file /tmp/workdir/hadoop-ozone/integration-test/target/test-dir/MiniOzoneClusterImpl-c7b61d8d-b87d-4d70-bdb2-ac7817d2114b/datanode-5/data/ratis/57a7957c-d9fa-4f5c-a6b4-76da3452ce4c/sm/snapshot.1_35
2019-07-13 14:37:59,592 INFO  impl.StateMachineUpdater (StateMachineUpdater.java:takeSnapshot(242)) - StateMachineUpdater:aff28d89-2654-4cdc-b85d-484cab16ff25:group-76DA3452CE4C: Took a snapshot at index 35
2019-07-13 14:37:59,592 INFO  impl.StateMachineUpdater (StateMachineUpdater.java:lambda$new$0(80)) - StateMachineUpdater:aff28d89-2654-4cdc-b85d-484cab16ff25:group-76DA3452CE4C: snapshotIndex: updateIncreasingly -1 -> 35
2019-07-13 14:37:59,592 INFO  impl.RaftServerImpl (ServerState.java:close(394)) - aff28d89-2654-4cdc-b85d-484cab16ff25:group-76DA3452CE4C closes. The last applied log index is 35
2019-07-13 14:37:59,593 INFO  segmented.SegmentedRaftLogWorker (SegmentedRaftLogWorker.java:run(313)) - aff28d89-2654-4cdc-b85d-484cab16ff25-SegmentedRaftLogWorker:Storage Directory /tmp/workdir/hadoop-ozone/integration-test/target/test-dir/MiniOzoneClusterImpl-c7b61d8d-b87d-4d70-bdb2-ac7817d2114b/datanode-5/data/ratis/57a7957c-d9fa-4f5c-a6b4-76da3452ce4c was interrupted, exiting. There are 0 tasks remaining in the queue.
2019-07-13 14:37:59,593 INFO  segmented.SegmentedRaftLogWorker (SegmentedRaftLogWorker.java:close(228)) - aff28d89-2654-4cdc-b85d-484cab16ff25-SegmentedRaftLogWorker:Storage Directory /tmp/workdir/hadoop-ozone/integration-test/target/test-dir/MiniOzoneClusterImpl-c7b61d8d-b87d-4d70-bdb2-ac7817d2114b/datanode-5/data/ratis/57a7957c-d9fa-4f5c-a6b4-76da3452ce4c close()
2019-07-13 14:37:59,595 INFO  server.GrpcService (GrpcService.java:closeImpl(155)) - aff28d89-2654-4cdc-b85d-484cab16ff25: shutdown server with port 33570 now
2019-07-13 14:37:59,596 WARN  client.GrpcClientProtocolService (LogUtils.java:warn(134)) - 2-UnorderedRequestStreamObserver2: onError: org.apache.ratis.thirdparty.io.grpc.StatusRuntimeException: CANCELLED: cancelled before receiving half close
2019-07-13 14:37:59,596 INFO  server.GrpcService (GrpcService.java:closeImpl(163)) - aff28d89-2654-4cdc-b85d-484cab16ff25: shutdown server with port 33570 successfully
2019-07-13 14:37:59,598 INFO  utils.BackgroundService (BackgroundService.java:shutdown(148)) - Shutting down service BlockDeletingService
2019-07-13 14:37:59,602 WARN  fs.CachingGetSpaceUsed (CachingGetSpaceUsed.java:run(183)) - Thread Interrupted waiting to refresh disk information: sleep interrupted
2019-07-13 14:37:59,620 INFO  statemachine.DatanodeStateMachine (DatanodeStateMachine.java:stopDaemon(395)) - Ozone container server stopped.
2019-07-13 14:37:59,633 INFO  handler.ContextHandler (ContextHandler.java:doStop(910)) - Stopped o.e.j.w.WebAppContext@20bed60a{/,null,UNAVAILABLE}{/hddsDatanode}
2019-07-13 14:37:59,634 INFO  server.AbstractConnector (AbstractConnector.java:doStop(318)) - Stopped ServerConnector@507c795e{HTTP/1.1,[http/1.1]}{0.0.0.0:0}
2019-07-13 14:37:59,634 INFO  handler.ContextHandler (ContextHandler.java:doStop(910)) - Stopped o.e.j.s.ServletContextHandler@26c09f3f{/static,jar:file:/home/user/.m2/repository/org/apache/hadoop/hadoop-hdds-container-service/0.5.0-SNAPSHOT/hadoop-hdds-container-service-0.5.0-SNAPSHOT.jar!/webapps/static,UNAVAILABLE}
2019-07-13 14:37:59,635 INFO  handler.ContextHandler (ContextHandler.java:doStop(910)) - Stopped o.e.j.s.ServletContextHandler@191a3448{/logs,file:///tmp/workdir/hadoop-ozone/integration-test/target/log,UNAVAILABLE}
2019-07-13 14:37:59,636 INFO  ozone.MiniOzoneClusterImpl (MiniOzoneClusterImpl.java:stop(353)) - Stopping the StorageContainerManager
2019-07-13 14:37:59,636 INFO  server.StorageContainerManager (StorageContainerManager.java:stop(796)) - Stopping Replication Manager Service.
2019-07-13 14:37:59,636 INFO  container.ReplicationManager (ReplicationManager.java:stop(187)) - Stopping Replication Monitor Thread.
2019-07-13 14:37:59,637 INFO  server.StorageContainerManager (StorageContainerManager.java:stop(803)) - Stopping Lease Manager of the command watchers
2019-07-13 14:37:59,637 INFO  server.StorageContainerManager (StorageContainerManager.java:stop(810)) - Stopping datanode service RPC server
2019-07-13 14:37:59,637 INFO  server.SCMDatanodeProtocolServer (SCMDatanodeProtocolServer.java:stop(375)) - Stopping the RPC server for DataNodes
2019-07-13 14:37:59,637 INFO  ipc.Server (Server.java:stop(3082)) - Stopping server on 39818
2019-07-13 14:37:59,640 INFO  ipc.Server (Server.java:run(1185)) - Stopping IPC Server listener on 39818
2019-07-13 14:37:59,640 INFO  ipc.Server (Server.java:run(1319)) - Stopping IPC Server Responder
2019-07-13 14:37:59,652 WARN  node.NodeStateManager (NodeStateManager.java:scheduleNextHealthCheck(631)) - Current Thread is interrupted, shutting down HB processing thread for Node Manager.
2019-07-13 14:37:59,653 INFO  server.StorageContainerManager (StorageContainerManager.java:stop(818)) - Stopping block service RPC server
2019-07-13 14:37:59,653 INFO  server.SCMBlockProtocolServer (SCMBlockProtocolServer.java:stop(148)) - Stopping the RPC server for Block Protocol
2019-07-13 14:37:59,653 INFO  ipc.Server (Server.java:stop(3082)) - Stopping server on 42874
2019-07-13 14:37:59,655 INFO  ipc.Server (Server.java:run(1185)) - Stopping IPC Server listener on 42874
2019-07-13 14:37:59,655 INFO  server.StorageContainerManager (StorageContainerManager.java:stop(825)) - Stopping the StorageContainerLocationProtocol RPC server
2019-07-13 14:37:59,655 INFO  server.SCMClientProtocolServer (SCMClientProtocolServer.java:stop(157)) - Stopping the RPC server for Client Protocol
2019-07-13 14:37:59,657 INFO  ipc.Server (Server.java:stop(3082)) - Stopping server on 35862
2019-07-13 14:37:59,655 INFO  ipc.Server (Server.java:run(1319)) - Stopping IPC Server Responder
2019-07-13 14:37:59,660 INFO  ipc.Server (Server.java:run(1185)) - Stopping IPC Server listener on 35862
2019-07-13 14:37:59,660 INFO  server.StorageContainerManager (StorageContainerManager.java:stop(832)) - Stopping Storage Container Manager HTTP server.
2019-07-13 14:37:59,661 INFO  ipc.Server (Server.java:run(1319)) - Stopping IPC Server Responder
2019-07-13 14:37:59,662 INFO  handler.ContextHandler (ContextHandler.java:doStop(910)) - Stopped o.e.j.w.WebAppContext@4528a8bf{/,null,UNAVAILABLE}{/scm}
2019-07-13 14:37:59,663 INFO  server.AbstractConnector (AbstractConnector.java:doStop(318)) - Stopped ServerConnector@1927c2c6{HTTP/1.1,[http/1.1]}{0.0.0.0:0}
2019-07-13 14:37:59,663 INFO  handler.ContextHandler (ContextHandler.java:doStop(910)) - Stopped o.e.j.s.ServletContextHandler@3cd3cf6b{/static,file:///tmp/workdir/hadoop-ozone/integration-test/target/test-classes/webapps/static,UNAVAILABLE}
2019-07-13 14:37:59,664 INFO  handler.ContextHandler (ContextHandler.java:doStop(910)) - Stopped o.e.j.s.ServletContextHandler@74a37c91{/logs,file:///tmp/workdir/hadoop-ozone/integration-test/target/log,UNAVAILABLE}
2019-07-13 14:37:59,665 INFO  server.StorageContainerManager (StorageContainerManager.java:stop(843)) - Stopping Block Manager Service.
2019-07-13 14:37:59,665 INFO  utils.BackgroundService (BackgroundService.java:shutdown(148)) - Shutting down service SCMBlockDeletingService
2019-07-13 14:37:59,665 INFO  utils.BackgroundService (BackgroundService.java:shutdown(148)) - Shutting down service SCMBlockDeletingService
2019-07-13 14:37:59,666 INFO  server.StorageContainerManager (StorageContainerManager.java:stop(865)) - Stopping SCM Event Queue.
2019-07-13 14:37:59,670 INFO  impl.MetricsSystemImpl (MetricsSystemImpl.java:stop(210)) - Stopping HddsDatanode metrics system...
2019-07-13 14:37:59,681 INFO  impl.MetricsSystemImpl (MetricsSystemImpl.java:stop(216)) - HddsDatanode metrics system stopped.
]]></system-out>
    <system-err><![CDATA[Jul 13, 2019 2:37:27 PM com.sun.jersey.server.impl.application.WebApplicationImpl _initiate
INFO: Initiating Jersey application, version 'Jersey: 1.19 02/11/2015 03:25 AM'
Jul 13, 2019 2:37:27 PM com.sun.jersey.server.impl.application.WebApplicationImpl _initiate
INFO: Initiating Jersey application, version 'Jersey: 1.19 02/11/2015 03:25 AM'
Jul 13, 2019 2:37:27 PM com.sun.jersey.server.impl.application.WebApplicationImpl _initiate
INFO: Initiating Jersey application, version 'Jersey: 1.19 02/11/2015 03:25 AM'
Jul 13, 2019 2:37:27 PM com.sun.jersey.server.impl.application.WebApplicationImpl _initiate
INFO: Initiating Jersey application, version 'Jersey: 1.19 02/11/2015 03:25 AM'
Jul 13, 2019 2:37:27 PM com.sun.jersey.server.impl.application.WebApplicationImpl _initiate
INFO: Initiating Jersey application, version 'Jersey: 1.19 02/11/2015 03:25 AM'
Jul 13, 2019 2:37:27 PM com.sun.jersey.server.impl.application.WebApplicationImpl _initiate
INFO: Initiating Jersey application, version 'Jersey: 1.19 02/11/2015 03:25 AM'
Jul 13, 2019 2:37:28 PM com.sun.jersey.server.impl.application.WebApplicationImpl _initiate
INFO: Initiating Jersey application, version 'Jersey: 1.19 02/11/2015 03:25 AM'
Jul 13, 2019 2:37:31 PM org.apache.ratis.thirdparty.io.grpc.internal.ManagedChannelOrphanWrapper$ManagedChannelReference cleanQueue
SEVERE: *~*~*~ Channel ManagedChannelImpl{logId=3363, target=192.168.5.172:36477} was not shutdown properly!!! ~*~*~*
    Make sure to call shutdown()/shutdownNow() and wait until awaitTermination() returns true.
java.lang.RuntimeException: ManagedChannel allocation site
	at org.apache.ratis.thirdparty.io.grpc.internal.ManagedChannelOrphanWrapper$ManagedChannelReference.<init>(ManagedChannelOrphanWrapper.java:103)
	at org.apache.ratis.thirdparty.io.grpc.internal.ManagedChannelOrphanWrapper.<init>(ManagedChannelOrphanWrapper.java:53)
	at org.apache.ratis.thirdparty.io.grpc.internal.ManagedChannelOrphanWrapper.<init>(ManagedChannelOrphanWrapper.java:44)
	at org.apache.ratis.thirdparty.io.grpc.internal.AbstractManagedChannelImplBuilder.build(AbstractManagedChannelImplBuilder.java:411)
	at org.apache.ratis.grpc.client.GrpcClientProtocolClient.<init>(GrpcClientProtocolClient.java:119)
	at org.apache.ratis.grpc.client.GrpcClientRpc.lambda$new$0(GrpcClientRpc.java:55)
	at org.apache.ratis.util.PeerProxyMap$PeerAndProxy.lambda$getProxy$0(PeerProxyMap.java:61)
	at org.apache.ratis.util.LifeCycle.startAndTransition(LifeCycle.java:202)
	at org.apache.ratis.util.PeerProxyMap$PeerAndProxy.getProxy(PeerProxyMap.java:60)
	at org.apache.ratis.util.PeerProxyMap.getProxy(PeerProxyMap.java:107)
	at org.apache.ratis.grpc.client.GrpcClientRpc.sendRequestAsync(GrpcClientRpc.java:66)
	at org.apache.ratis.client.impl.OrderedAsync.sendRequest(OrderedAsync.java:208)
	at org.apache.ratis.client.impl.OrderedAsync.sendRequestWithRetry(OrderedAsync.java:169)
	at org.apache.ratis.util.SlidingWindow$Client.sendOrDelayRequest(SlidingWindow.java:278)
	at org.apache.ratis.util.SlidingWindow$Client.retry(SlidingWindow.java:294)
	at org.apache.ratis.client.impl.OrderedAsync.lambda$scheduleWithTimeout$7(OrderedAsync.java:195)
	at org.apache.ratis.util.TimeoutScheduler.lambda$onTimeout$0(TimeoutScheduler.java:85)
	at org.apache.ratis.util.TimeoutScheduler.lambda$onTimeout$1(TimeoutScheduler.java:104)
	at org.apache.ratis.util.LogUtils.runAndLog(LogUtils.java:50)
	at org.apache.ratis.util.LogUtils$1.run(LogUtils.java:91)
	at java.util.concurrent.Executors$RunnableAdapter.call(Executors.java:511)
	at java.util.concurrent.FutureTask.run(FutureTask.java:266)
	at java.util.concurrent.ScheduledThreadPoolExecutor$ScheduledFutureTask.access$201(ScheduledThreadPoolExecutor.java:180)
	at java.util.concurrent.ScheduledThreadPoolExecutor$ScheduledFutureTask.run(ScheduledThreadPoolExecutor.java:293)
	at java.util.concurrent.ThreadPoolExecutor.runWorker(ThreadPoolExecutor.java:1149)
	at java.util.concurrent.ThreadPoolExecutor$Worker.run(ThreadPoolExecutor.java:624)
	at java.lang.Thread.run(Thread.java:748)

]]></system-err>
  </testcase>
  <testcase name="testExceptionDuringClose" classname="org.apache.hadoop.ozone.client.rpc.TestBlockOutputStreamWithFailures" time="34.065">
    <error type="java.lang.IllegalArgumentException">java.lang.IllegalArgumentException
	at com.google.common.base.Preconditions.checkArgument(Preconditions.java:72)
	at org.apache.hadoop.hdds.scm.XceiverClientManager.acquireClient(XceiverClientManager.java:150)
	at org.apache.hadoop.hdds.scm.XceiverClientManager.acquireClientForReadData(XceiverClientManager.java:143)
	at org.apache.hadoop.hdds.scm.storage.BlockInputStream.getChunkInfos(BlockInputStream.java:154)
	at org.apache.hadoop.hdds.scm.storage.BlockInputStream.initialize(BlockInputStream.java:118)
	at org.apache.hadoop.hdds.scm.storage.BlockInputStream.read(BlockInputStream.java:222)
	at org.apache.hadoop.ozone.client.io.KeyInputStream.read(KeyInputStream.java:171)
	at org.apache.hadoop.ozone.client.io.OzoneInputStream.read(OzoneInputStream.java:47)
	at java.io.InputStream.read(InputStream.java:101)
	at org.apache.hadoop.ozone.container.ContainerTestHelper.validateData(ContainerTestHelper.java:709)
	at org.apache.hadoop.ozone.client.rpc.TestBlockOutputStreamWithFailures.validateData(TestBlockOutputStreamWithFailures.java:1212)
	at org.apache.hadoop.ozone.client.rpc.TestBlockOutputStreamWithFailures.testExceptionDuringClose(TestBlockOutputStreamWithFailures.java:773)
	at sun.reflect.NativeMethodAccessorImpl.invoke0(Native Method)
	at sun.reflect.NativeMethodAccessorImpl.invoke(NativeMethodAccessorImpl.java:62)
	at sun.reflect.DelegatingMethodAccessorImpl.invoke(DelegatingMethodAccessorImpl.java:43)
	at java.lang.reflect.Method.invoke(Method.java:498)
	at org.junit.runners.model.FrameworkMethod$1.runReflectiveCall(FrameworkMethod.java:47)
	at org.junit.internal.runners.model.ReflectiveCallable.run(ReflectiveCallable.java:12)
	at org.junit.runners.model.FrameworkMethod.invokeExplosively(FrameworkMethod.java:44)
	at org.junit.internal.runners.statements.InvokeMethod.evaluate(InvokeMethod.java:17)
	at org.junit.internal.runners.statements.RunBefores.evaluate(RunBefores.java:26)
	at org.junit.internal.runners.statements.RunAfters.evaluate(RunAfters.java:27)
	at org.junit.runners.ParentRunner.runLeaf(ParentRunner.java:271)
	at org.junit.runners.BlockJUnit4ClassRunner.runChild(BlockJUnit4ClassRunner.java:70)
	at org.junit.runners.BlockJUnit4ClassRunner.runChild(BlockJUnit4ClassRunner.java:50)
	at org.junit.runners.ParentRunner$3.run(ParentRunner.java:238)
	at org.junit.runners.ParentRunner$1.schedule(ParentRunner.java:63)
	at org.junit.runners.ParentRunner.runChildren(ParentRunner.java:236)
	at org.junit.runners.ParentRunner.access$000(ParentRunner.java:53)
	at org.junit.runners.ParentRunner$2.evaluate(ParentRunner.java:229)
	at org.junit.runners.ParentRunner.run(ParentRunner.java:309)
	at org.apache.maven.surefire.junit4.JUnit4Provider.execute(JUnit4Provider.java:365)
	at org.apache.maven.surefire.junit4.JUnit4Provider.executeWithRerun(JUnit4Provider.java:273)
	at org.apache.maven.surefire.junit4.JUnit4Provider.executeTestSet(JUnit4Provider.java:238)
	at org.apache.maven.surefire.junit4.JUnit4Provider.invoke(JUnit4Provider.java:159)
	at org.apache.maven.surefire.booter.ForkedBooter.invokeProviderInSameClassLoader(ForkedBooter.java:384)
	at org.apache.maven.surefire.booter.ForkedBooter.runSuitesInProcess(ForkedBooter.java:345)
	at org.apache.maven.surefire.booter.ForkedBooter.execute(ForkedBooter.java:126)
	at org.apache.maven.surefire.booter.ForkedBooter.main(ForkedBooter.java:418)
</error>
    <system-out><![CDATA[2019-07-13 14:37:59,726 WARN  server.ServerUtils (ServerUtils.java:getScmDbDir(145)) - ozone.scm.db.dirs is not configured. We recommend adding this setting. Falling back to ozone.metadata.dirs instead.
2019-07-13 14:37:59,753 WARN  server.ServerUtils (ServerUtils.java:getScmDbDir(145)) - ozone.scm.db.dirs is not configured. We recommend adding this setting. Falling back to ozone.metadata.dirs instead.
2019-07-13 14:37:59,753 WARN  server.ServerUtils (ServerUtils.java:getScmDbDir(145)) - ozone.scm.db.dirs is not configured. We recommend adding this setting. Falling back to ozone.metadata.dirs instead.
2019-07-13 14:37:59,754 INFO  db.DBStoreBuilder (DBStoreBuilder.java:addTable(110)) - using custom profile for table: deletedBlocks
2019-07-13 14:37:59,754 INFO  db.DBStoreBuilder (DBStoreBuilder.java:processTables(161)) - Using default column profile:DBProfile.DISK for Table:deletedBlocks
2019-07-13 14:37:59,754 INFO  db.DBStoreBuilder (DBStoreBuilder.java:addTable(110)) - using custom profile for table: validCerts
2019-07-13 14:37:59,755 INFO  db.DBStoreBuilder (DBStoreBuilder.java:processTables(161)) - Using default column profile:DBProfile.DISK for Table:validCerts
2019-07-13 14:37:59,755 INFO  db.DBStoreBuilder (DBStoreBuilder.java:addTable(110)) - using custom profile for table: revokedCerts
2019-07-13 14:37:59,755 INFO  db.DBStoreBuilder (DBStoreBuilder.java:processTables(161)) - Using default column profile:DBProfile.DISK for Table:revokedCerts
2019-07-13 14:37:59,755 INFO  db.DBStoreBuilder (DBStoreBuilder.java:addTable(110)) - using custom profile for table: default
2019-07-13 14:37:59,755 INFO  db.DBStoreBuilder (DBStoreBuilder.java:processTables(167)) - Using default column profile:DBProfile.DISK for Table:default
2019-07-13 14:37:59,756 INFO  db.DBStoreBuilder (DBStoreBuilder.java:getDbProfile(198)) - Using default options. DBProfile.DISK
2019-07-13 14:37:59,893 INFO  net.NodeSchemaLoader (NodeSchemaLoader.java:loadSchemaFromFile(125)) - Loading file from sun.misc.CompoundEnumeration@19e86461
2019-07-13 14:37:59,893 INFO  net.NodeSchemaLoader (NodeSchemaLoader.java:loadSchema(171)) - Loading network topology layer schema file
2019-07-13 14:37:59,898 INFO  node.SCMNodeManager (SCMNodeManager.java:<init>(119)) - Entering startup safe mode.
2019-07-13 14:37:59,899 WARN  server.ServerUtils (ServerUtils.java:getScmDbDir(145)) - ozone.scm.db.dirs is not configured. We recommend adding this setting. Falling back to ozone.metadata.dirs instead.
2019-07-13 14:37:59,924 INFO  pipeline.SCMPipelineManager (SCMPipelineManager.java:initializePipelineState(126)) - No pipeline exists in current db
2019-07-13 14:37:59,924 WARN  server.ServerUtils (ServerUtils.java:getScmDbDir(145)) - ozone.scm.db.dirs is not configured. We recommend adding this setting. Falling back to ozone.metadata.dirs instead.
2019-07-13 14:37:59,952 WARN  events.EventQueue (EventQueue.java:fireEvent(175)) - No event handler registered for event TypedEvent{payloadType=SafeModeStatus, name='SafeModeStatus'}
2019-07-13 14:37:59,953 INFO  ipc.CallQueueManager (CallQueueManager.java:<init>(84)) - Using callQueue: class java.util.concurrent.LinkedBlockingQueue, queueCapacity: 2000, scheduler: class org.apache.hadoop.ipc.DefaultRpcScheduler, ipcBackoff: false.
2019-07-13 14:37:59,954 INFO  ipc.Server (Server.java:run(1074)) - Starting Socket Reader #1 for port 38277
2019-07-13 14:37:59,956 INFO  ipc.CallQueueManager (CallQueueManager.java:<init>(84)) - Using callQueue: class java.util.concurrent.LinkedBlockingQueue, queueCapacity: 2000, scheduler: class org.apache.hadoop.ipc.DefaultRpcScheduler, ipcBackoff: false.
2019-07-13 14:37:59,956 INFO  ipc.Server (Server.java:run(1074)) - Starting Socket Reader #1 for port 45043
2019-07-13 14:37:59,958 INFO  ipc.CallQueueManager (CallQueueManager.java:<init>(84)) - Using callQueue: class java.util.concurrent.LinkedBlockingQueue, queueCapacity: 2000, scheduler: class org.apache.hadoop.ipc.DefaultRpcScheduler, ipcBackoff: false.
2019-07-13 14:37:59,958 INFO  ipc.Server (Server.java:run(1074)) - Starting Socket Reader #1 for port 45490
2019-07-13 14:37:59,962 INFO  hdfs.DFSUtil (DFSUtil.java:httpServerTemplateForNNAndJN(1641)) - Starting Web-server for scm at: http://0.0.0.0:0
2019-07-13 14:37:59,965 INFO  server.AuthenticationFilter (AuthenticationFilter.java:constructSecretProvider(240)) - Unable to initialize FileSignerSecretProvider, falling back to use random secrets.
2019-07-13 14:37:59,965 WARN  http.HttpRequestLog (HttpRequestLog.java:getRequestLog(97)) - Jetty request log can only be enabled using Log4j
2019-07-13 14:37:59,968 INFO  http.HttpServer2 (HttpServer2.java:addGlobalFilter(975)) - Added global filter 'safety' (class=org.apache.hadoop.http.HttpServer2$QuotingInputFilter)
2019-07-13 14:37:59,968 INFO  http.HttpServer2 (HttpServer2.java:addFilter(948)) - Added filter static_user_filter (class=org.apache.hadoop.http.lib.StaticUserWebFilter$StaticUserFilter) to context scm
2019-07-13 14:37:59,969 INFO  http.HttpServer2 (HttpServer2.java:addFilter(958)) - Added filter static_user_filter (class=org.apache.hadoop.http.lib.StaticUserWebFilter$StaticUserFilter) to context static
2019-07-13 14:37:59,969 INFO  http.HttpServer2 (HttpServer2.java:addFilter(958)) - Added filter static_user_filter (class=org.apache.hadoop.http.lib.StaticUserWebFilter$StaticUserFilter) to context logs
2019-07-13 14:37:59,971 INFO  server.StorageContainerManager (StorageContainerManager.java:start(759)) - StorageContainerLocationProtocol RPC server is listening at /0.0.0.0:45490
2019-07-13 14:37:59,973 WARN  impl.MetricsConfig (MetricsConfig.java:loadFirst(134)) - Cannot locate configuration: tried hadoop-metrics2-storagecontainermanager.properties,hadoop-metrics2.properties
2019-07-13 14:37:59,974 INFO  impl.MetricsSystemImpl (MetricsSystemImpl.java:startTimer(374)) - Scheduled Metric snapshot period at 10 second(s).
2019-07-13 14:37:59,975 INFO  impl.MetricsSystemImpl (MetricsSystemImpl.java:start(191)) - StorageContainerManager metrics system started
2019-07-13 14:38:00,044 INFO  server.SCMClientProtocolServer (SCMClientProtocolServer.java:start(149)) - RPC server for Client  is listening at /0.0.0.0:45490
2019-07-13 14:38:00,045 INFO  ipc.Server (Server.java:run(1314)) - IPC Server Responder: starting
2019-07-13 14:38:00,045 INFO  ipc.Server (Server.java:run(1153)) - IPC Server listener on 45490: starting
2019-07-13 14:38:00,049 INFO  server.StorageContainerManager (StorageContainerManager.java:start(768)) - ScmBlockLocationProtocol RPC server is listening at /0.0.0.0:45043
2019-07-13 14:38:00,050 INFO  server.SCMBlockProtocolServer (SCMBlockProtocolServer.java:start(140)) - RPC server for Block Protocol is listening at /0.0.0.0:45043
2019-07-13 14:38:00,050 INFO  ipc.Server (Server.java:run(1314)) - IPC Server Responder: starting
2019-07-13 14:38:00,050 INFO  ipc.Server (Server.java:run(1153)) - IPC Server listener on 45043: starting
2019-07-13 14:38:00,054 INFO  server.StorageContainerManager (StorageContainerManager.java:start(772)) - ScmDatanodeProtocl RPC server is listening at /0.0.0.0:38277
2019-07-13 14:38:00,054 INFO  server.SCMDatanodeProtocolServer (SCMDatanodeProtocolServer.java:start(191)) - RPC server for DataNodes is listening at /0.0.0.0:38277
2019-07-13 14:38:00,055 INFO  ipc.Server (Server.java:run(1314)) - IPC Server Responder: starting
2019-07-13 14:38:00,055 INFO  ipc.Server (Server.java:run(1153)) - IPC Server listener on 38277: starting
2019-07-13 14:38:00,059 INFO  http.HttpServer2 (HttpServer2.java:bindListener(1191)) - Jetty bound to port 43616
2019-07-13 14:38:00,059 INFO  server.Server (Server.java:doStart(351)) - jetty-9.3.24.v20180605, build timestamp: 2018-06-05T17:11:56Z, git hash: 84205aa28f11a4f31f2a3b86d1bba2cc8ab69827
2019-07-13 14:38:00,061 INFO  handler.ContextHandler (ContextHandler.java:doStart(781)) - Started o.e.j.s.ServletContextHandler@2079ce51{/logs,file:///tmp/workdir/hadoop-ozone/integration-test/target/log,AVAILABLE}
2019-07-13 14:38:00,061 INFO  handler.ContextHandler (ContextHandler.java:doStart(781)) - Started o.e.j.s.ServletContextHandler@32c503d3{/static,file:///tmp/workdir/hadoop-ozone/integration-test/target/test-classes/webapps/static,AVAILABLE}
2019-07-13 14:38:00,065 INFO  handler.ContextHandler (ContextHandler.java:doStart(781)) - Started o.e.j.w.WebAppContext@1822f675{/,file:///tmp/workdir/hadoop-ozone/integration-test/target/test-classes/webapps/scm/,AVAILABLE}{/scm}
2019-07-13 14:38:00,066 INFO  server.AbstractConnector (AbstractConnector.java:doStart(278)) - Started ServerConnector@34883fa2{HTTP/1.1,[http/1.1]}{0.0.0.0:43616}
2019-07-13 14:38:00,068 INFO  server.Server (Server.java:doStart(419)) - Started @692920ms
2019-07-13 14:38:00,069 INFO  server.BaseHttpServer (BaseHttpServer.java:updateConnectorAddress(207)) - HTTP server of SCM is listening at http://0.0.0.0:43616
2019-07-13 14:38:00,070 WARN  server.ServerUtils (ServerUtils.java:getDBPath(222)) - ozone.om.db.dirs is not configured. We recommend adding this setting. Falling back to ozone.metadata.dirs instead.
2019-07-13 14:38:00,070 INFO  util.JvmPauseMonitor (JvmPauseMonitor.java:run(188)) - Starting JVM pause monitor
2019-07-13 14:38:00,075 WARN  server.ServerUtils (ServerUtils.java:getDBPath(222)) - ozone.om.db.dirs is not configured. We recommend adding this setting. Falling back to ozone.metadata.dirs instead.
2019-07-13 14:38:00,075 INFO  om.OzoneManager (OzoneManager.java:setOMNodeDetails(630)) - OM Service ID is not set. Setting it to the default ID: omServiceIdDefault
2019-07-13 14:38:00,076 INFO  om.OzoneManager (OzoneManager.java:setOMNodeDetails(636)) - OM Node ID is not set. Setting it to the OmStorage's OmID: 5a2ffab6-f699-4c13-a229-499471fefda7
2019-07-13 14:38:00,076 INFO  om.OzoneManager (OzoneManager.java:loadOMHAConfigs(587)) - Found matching OM address with OMServiceId: null, OMNodeId: null, RPC Address: localhost:0 and Ratis port: 9872
2019-07-13 14:38:00,083 WARN  server.ServerUtils (ServerUtils.java:getDBPath(222)) - ozone.om.db.dirs is not configured. We recommend adding this setting. Falling back to ozone.metadata.dirs instead.
2019-07-13 14:38:00,083 INFO  db.DBStoreBuilder (DBStoreBuilder.java:addTable(110)) - using custom profile for table: userTable
2019-07-13 14:38:00,084 INFO  db.DBStoreBuilder (DBStoreBuilder.java:processTables(161)) - Using default column profile:DBProfile.DISK for Table:userTable
2019-07-13 14:38:00,084 INFO  db.DBStoreBuilder (DBStoreBuilder.java:addTable(110)) - using custom profile for table: volumeTable
2019-07-13 14:38:00,084 INFO  db.DBStoreBuilder (DBStoreBuilder.java:processTables(161)) - Using default column profile:DBProfile.DISK for Table:volumeTable
2019-07-13 14:38:00,084 INFO  db.DBStoreBuilder (DBStoreBuilder.java:addTable(110)) - using custom profile for table: bucketTable
2019-07-13 14:38:00,084 INFO  db.DBStoreBuilder (DBStoreBuilder.java:processTables(161)) - Using default column profile:DBProfile.DISK for Table:bucketTable
2019-07-13 14:38:00,085 INFO  db.DBStoreBuilder (DBStoreBuilder.java:addTable(110)) - using custom profile for table: keyTable
2019-07-13 14:38:00,085 INFO  db.DBStoreBuilder (DBStoreBuilder.java:processTables(161)) - Using default column profile:DBProfile.DISK for Table:keyTable
2019-07-13 14:38:00,085 INFO  db.DBStoreBuilder (DBStoreBuilder.java:addTable(110)) - using custom profile for table: deletedTable
2019-07-13 14:38:00,085 INFO  db.DBStoreBuilder (DBStoreBuilder.java:processTables(161)) - Using default column profile:DBProfile.DISK for Table:deletedTable
2019-07-13 14:38:00,085 INFO  db.DBStoreBuilder (DBStoreBuilder.java:addTable(110)) - using custom profile for table: openKeyTable
2019-07-13 14:38:00,086 INFO  db.DBStoreBuilder (DBStoreBuilder.java:processTables(161)) - Using default column profile:DBProfile.DISK for Table:openKeyTable
2019-07-13 14:38:00,086 INFO  db.DBStoreBuilder (DBStoreBuilder.java:addTable(110)) - using custom profile for table: s3Table
2019-07-13 14:38:00,086 INFO  db.DBStoreBuilder (DBStoreBuilder.java:processTables(161)) - Using default column profile:DBProfile.DISK for Table:s3Table
2019-07-13 14:38:00,086 INFO  db.DBStoreBuilder (DBStoreBuilder.java:addTable(110)) - using custom profile for table: multipartInfoTable
2019-07-13 14:38:00,086 INFO  db.DBStoreBuilder (DBStoreBuilder.java:processTables(161)) - Using default column profile:DBProfile.DISK for Table:multipartInfoTable
2019-07-13 14:38:00,086 INFO  db.DBStoreBuilder (DBStoreBuilder.java:addTable(110)) - using custom profile for table: dTokenTable
2019-07-13 14:38:00,087 INFO  db.DBStoreBuilder (DBStoreBuilder.java:processTables(161)) - Using default column profile:DBProfile.DISK for Table:dTokenTable
2019-07-13 14:38:00,087 INFO  db.DBStoreBuilder (DBStoreBuilder.java:addTable(110)) - using custom profile for table: s3SecretTable
2019-07-13 14:38:00,087 INFO  db.DBStoreBuilder (DBStoreBuilder.java:processTables(161)) - Using default column profile:DBProfile.DISK for Table:s3SecretTable
2019-07-13 14:38:00,087 INFO  db.DBStoreBuilder (DBStoreBuilder.java:addTable(110)) - using custom profile for table: prefixTable
2019-07-13 14:38:00,087 INFO  db.DBStoreBuilder (DBStoreBuilder.java:processTables(161)) - Using default column profile:DBProfile.DISK for Table:prefixTable
2019-07-13 14:38:00,088 INFO  db.DBStoreBuilder (DBStoreBuilder.java:addTable(110)) - using custom profile for table: default
2019-07-13 14:38:00,088 INFO  db.DBStoreBuilder (DBStoreBuilder.java:processTables(167)) - Using default column profile:DBProfile.DISK for Table:default
2019-07-13 14:38:00,088 INFO  db.DBStoreBuilder (DBStoreBuilder.java:getDbProfile(198)) - Using default options. DBProfile.DISK
2019-07-13 14:38:00,300 INFO  ipc.CallQueueManager (CallQueueManager.java:<init>(84)) - Using callQueue: class java.util.concurrent.LinkedBlockingQueue, queueCapacity: 2000, scheduler: class org.apache.hadoop.ipc.DefaultRpcScheduler, ipcBackoff: false.
2019-07-13 14:38:00,301 INFO  ipc.Server (Server.java:run(1074)) - Starting Socket Reader #1 for port 37068
2019-07-13 14:38:00,313 WARN  server.ServerUtils (ServerUtils.java:getDBPath(222)) - ozone.om.db.dirs is not configured. We recommend adding this setting. Falling back to ozone.metadata.dirs instead.
2019-07-13 14:38:00,313 INFO  om.OzoneManager (OzoneManager.java:start(1228)) - OzoneManager RPC server is listening at localhost/127.0.0.1:37068
2019-07-13 14:38:00,313 INFO  impl.MetricsSystemImpl (MetricsSystemImpl.java:init(158)) - OzoneManager metrics system started (again)
2019-07-13 14:38:00,314 INFO  ipc.Server (Server.java:run(1314)) - IPC Server Responder: starting
2019-07-13 14:38:00,314 INFO  ipc.Server (Server.java:run(1153)) - IPC Server listener on 37068: starting
2019-07-13 14:38:00,319 INFO  hdfs.DFSUtil (DFSUtil.java:httpServerTemplateForNNAndJN(1641)) - Starting Web-server for ozoneManager at: http://0.0.0.0:0
2019-07-13 14:38:00,320 INFO  server.AuthenticationFilter (AuthenticationFilter.java:constructSecretProvider(240)) - Unable to initialize FileSignerSecretProvider, falling back to use random secrets.
2019-07-13 14:38:00,320 WARN  http.HttpRequestLog (HttpRequestLog.java:getRequestLog(97)) - Jetty request log can only be enabled using Log4j
2019-07-13 14:38:00,322 INFO  http.HttpServer2 (HttpServer2.java:addGlobalFilter(975)) - Added global filter 'safety' (class=org.apache.hadoop.http.HttpServer2$QuotingInputFilter)
2019-07-13 14:38:00,322 INFO  http.HttpServer2 (HttpServer2.java:addFilter(948)) - Added filter static_user_filter (class=org.apache.hadoop.http.lib.StaticUserWebFilter$StaticUserFilter) to context ozoneManager
2019-07-13 14:38:00,322 INFO  http.HttpServer2 (HttpServer2.java:addFilter(958)) - Added filter static_user_filter (class=org.apache.hadoop.http.lib.StaticUserWebFilter$StaticUserFilter) to context static
2019-07-13 14:38:00,322 INFO  http.HttpServer2 (HttpServer2.java:addFilter(958)) - Added filter static_user_filter (class=org.apache.hadoop.http.lib.StaticUserWebFilter$StaticUserFilter) to context logs
2019-07-13 14:38:00,323 INFO  http.HttpServer2 (HttpServer2.java:bindListener(1191)) - Jetty bound to port 37782
2019-07-13 14:38:00,323 INFO  server.Server (Server.java:doStart(351)) - jetty-9.3.24.v20180605, build timestamp: 2018-06-05T17:11:56Z, git hash: 84205aa28f11a4f31f2a3b86d1bba2cc8ab69827
2019-07-13 14:38:00,324 INFO  handler.ContextHandler (ContextHandler.java:doStart(781)) - Started o.e.j.s.ServletContextHandler@1b6dab22{/logs,file:///tmp/workdir/hadoop-ozone/integration-test/target/log,AVAILABLE}
2019-07-13 14:38:00,324 INFO  handler.ContextHandler (ContextHandler.java:doStart(781)) - Started o.e.j.s.ServletContextHandler@71b3c2a7{/static,file:///tmp/workdir/hadoop-ozone/integration-test/target/test-classes/webapps/static,AVAILABLE}
2019-07-13 14:38:00,327 INFO  handler.ContextHandler (ContextHandler.java:doStart(781)) - Started o.e.j.w.WebAppContext@3f06c9ac{/,file:///tmp/workdir/hadoop-ozone/integration-test/target/test-classes/webapps/ozoneManager/,AVAILABLE}{/ozoneManager}
2019-07-13 14:38:00,328 INFO  server.AbstractConnector (AbstractConnector.java:doStart(278)) - Started ServerConnector@3fe8c952{HTTP/1.1,[http/1.1]}{0.0.0.0:37782}
2019-07-13 14:38:00,328 INFO  server.Server (Server.java:doStart(419)) - Started @693180ms
2019-07-13 14:38:00,329 INFO  server.BaseHttpServer (BaseHttpServer.java:updateConnectorAddress(207)) - HTTP server of OZONEMANAGER is listening at http://0.0.0.0:37782
2019-07-13 14:38:00,340 INFO  impl.MetricsSystemImpl (MetricsSystemImpl.java:init(158)) - HddsDatanode metrics system started (again)
2019-07-13 14:38:00,340 INFO  ozone.HddsDatanodeService (HddsDatanodeService.java:start(185)) - HddsDatanodeService host:trunk-nightly-mhs6z-4061744966 ip:192.168.5.172
2019-07-13 14:38:00,353 INFO  volume.HddsVolume (HddsVolume.java:<init>(176)) - Creating Volume: /tmp/workdir/hadoop-ozone/integration-test/target/test-dir/MiniOzoneClusterImpl-a2f51f5a-cc29-448c-8907-e054de5c1629/datanode-0/data/containers/hdds of  storage type : DISK and capacity : 52710309888
2019-07-13 14:38:00,353 INFO  volume.VolumeSet (VolumeSet.java:initializeVolumeSet(170)) - Added Volume : /tmp/workdir/hadoop-ozone/integration-test/target/test-dir/MiniOzoneClusterImpl-a2f51f5a-cc29-448c-8907-e054de5c1629/datanode-0/data/containers/hdds to VolumeSet
2019-07-13 14:38:00,354 INFO  volume.ThrottledAsyncChecker (ThrottledAsyncChecker.java:schedule(140)) - Scheduling a check for org.apache.hadoop.ozone.container.common.volume.HddsVolume@4632d697
2019-07-13 14:38:00,354 INFO  volume.HddsVolumeChecker (HddsVolumeChecker.java:checkAllVolumes(203)) - Scheduled health check for volume org.apache.hadoop.ozone.container.common.volume.HddsVolume@4632d697
2019-07-13 14:38:00,367 INFO  impl.RaftServerProxy (ConfUtils.java:logGet(43)) - raft.rpc.type = GRPC (default)
2019-07-13 14:38:00,367 INFO  grpc.GrpcFactory (GrpcFactory.java:checkPooledByteBufAllocatorUseCacheForAllThreads(45)) - PERFORMANCE WARNING: useCacheForAllThreads is true that may cause Netty to create a lot garbage objects and, as a result, trigger GC.
	It is recommended to disable useCacheForAllThreads by setting -Dorg.apache.ratis.thirdparty.io.netty.allocator.useCacheForAllThreads=false in command line.
2019-07-13 14:38:00,367 INFO  grpc.GrpcConfigKeys$Server (ConfUtils.java:logGet(43)) - raft.grpc.server.port = 0 (default)
2019-07-13 14:38:00,367 INFO  server.GrpcService (ConfUtils.java:logGet(43)) - raft.grpc.message.size.max = 33570816 (custom)
2019-07-13 14:38:00,368 INFO  server.RaftServerConfigKeys (ConfUtils.java:logGet(43)) - raft.server.log.appender.buffer.byte-limit = 33554432 (custom)
2019-07-13 14:38:00,368 INFO  server.GrpcService (ConfUtils.java:logGet(43)) - raft.grpc.flow.control.window = 1MB (=1048576) (default)
2019-07-13 14:38:00,368 INFO  server.RaftServerConfigKeys (ConfUtils.java:logGet(43)) - raft.server.rpc.request.timeout = 3000ms (default)
2019-07-13 14:38:00,368 INFO  server.RaftServerConfigKeys (ConfUtils.java:logGet(43)) - raft.server.storage.dir = [/tmp/workdir/hadoop-ozone/integration-test/target/test-dir/MiniOzoneClusterImpl-a2f51f5a-cc29-448c-8907-e054de5c1629/datanode-0/data/ratis] (custom)
2019-07-13 14:38:00,369 INFO  replication.SimpleContainerDownloader (SimpleContainerDownloader.java:<init>(72)) - Starting container downloader service to copy containers to replicate.
2019-07-13 14:38:00,371 INFO  hdfs.DFSUtil (DFSUtil.java:httpServerTemplateForNNAndJN(1641)) - Starting Web-server for hddsDatanode at: http://0.0.0.0:0
2019-07-13 14:38:00,372 INFO  server.AuthenticationFilter (AuthenticationFilter.java:constructSecretProvider(240)) - Unable to initialize FileSignerSecretProvider, falling back to use random secrets.
2019-07-13 14:38:00,373 WARN  http.HttpRequestLog (HttpRequestLog.java:getRequestLog(97)) - Jetty request log can only be enabled using Log4j
2019-07-13 14:38:00,374 INFO  http.HttpServer2 (HttpServer2.java:addGlobalFilter(975)) - Added global filter 'safety' (class=org.apache.hadoop.http.HttpServer2$QuotingInputFilter)
2019-07-13 14:38:00,374 INFO  http.HttpServer2 (HttpServer2.java:addFilter(948)) - Added filter static_user_filter (class=org.apache.hadoop.http.lib.StaticUserWebFilter$StaticUserFilter) to context hddsDatanode
2019-07-13 14:38:00,374 INFO  http.HttpServer2 (HttpServer2.java:addFilter(958)) - Added filter static_user_filter (class=org.apache.hadoop.http.lib.StaticUserWebFilter$StaticUserFilter) to context logs
2019-07-13 14:38:00,375 INFO  http.HttpServer2 (HttpServer2.java:addFilter(958)) - Added filter static_user_filter (class=org.apache.hadoop.http.lib.StaticUserWebFilter$StaticUserFilter) to context static
2019-07-13 14:38:00,375 INFO  http.HttpServer2 (HttpServer2.java:bindListener(1191)) - Jetty bound to port 35114
2019-07-13 14:38:00,375 INFO  server.Server (Server.java:doStart(351)) - jetty-9.3.24.v20180605, build timestamp: 2018-06-05T17:11:56Z, git hash: 84205aa28f11a4f31f2a3b86d1bba2cc8ab69827
2019-07-13 14:38:00,376 INFO  handler.ContextHandler (ContextHandler.java:doStart(781)) - Started o.e.j.s.ServletContextHandler@6383ea52{/logs,file:///tmp/workdir/hadoop-ozone/integration-test/target/log,AVAILABLE}
2019-07-13 14:38:00,377 INFO  handler.ContextHandler (ContextHandler.java:doStart(781)) - Started o.e.j.s.ServletContextHandler@71ef3f0c{/static,jar:file:/home/user/.m2/repository/org/apache/hadoop/hadoop-hdds-container-service/0.5.0-SNAPSHOT/hadoop-hdds-container-service-0.5.0-SNAPSHOT.jar!/webapps/static,AVAILABLE}
2019-07-13 14:38:00,403 INFO  handler.ContextHandler (ContextHandler.java:doStart(781)) - Started o.e.j.w.WebAppContext@24bd88df{/,file:///tmp/jetty-0.0.0.0-35114-hddsDatanode-_-any-3700174661861062682.dir/webapp/,AVAILABLE}{/hddsDatanode}
2019-07-13 14:38:00,403 INFO  server.AbstractConnector (AbstractConnector.java:doStart(278)) - Started ServerConnector@78d816e6{HTTP/1.1,[http/1.1]}{0.0.0.0:35114}
2019-07-13 14:38:00,403 INFO  server.Server (Server.java:doStart(419)) - Started @693255ms
2019-07-13 14:38:00,405 INFO  server.BaseHttpServer (BaseHttpServer.java:updateConnectorAddress(207)) - HTTP server of HDDSDATANODE is listening at http://0.0.0.0:35114
2019-07-13 14:38:00,534 INFO  ozone.HddsDatanodeService (HddsDatanodeService.java:startPlugins(396)) - Started plug-in org.apache.hadoop.ozone.web.OzoneHddsDatanodeService@327dcf8c
2019-07-13 14:38:00,535 INFO  impl.MetricsSystemImpl (MetricsSystemImpl.java:init(158)) - HddsDatanode metrics system started (again)
2019-07-13 14:38:00,535 INFO  ozone.HddsDatanodeService (HddsDatanodeService.java:start(185)) - HddsDatanodeService host:trunk-nightly-mhs6z-4061744966 ip:192.168.5.172
2019-07-13 14:38:00,536 INFO  util.JvmPauseMonitor (JvmPauseMonitor.java:run(188)) - Starting JVM pause monitor
2019-07-13 14:38:00,538 INFO  datanode.InitDatanodeState (InitDatanodeState.java:persistContainerDatanodeDetails(140)) - DatanodeDetails is persisted to /tmp/workdir/hadoop-ozone/integration-test/target/test-dir/MiniOzoneClusterImpl-a2f51f5a-cc29-448c-8907-e054de5c1629/datanode-0/meta/datanode.id
2019-07-13 14:38:00,547 INFO  volume.HddsVolume (HddsVolume.java:<init>(176)) - Creating Volume: /tmp/workdir/hadoop-ozone/integration-test/target/test-dir/MiniOzoneClusterImpl-a2f51f5a-cc29-448c-8907-e054de5c1629/datanode-1/data/containers/hdds of  storage type : DISK and capacity : 52710309888
2019-07-13 14:38:00,547 INFO  volume.VolumeSet (VolumeSet.java:initializeVolumeSet(170)) - Added Volume : /tmp/workdir/hadoop-ozone/integration-test/target/test-dir/MiniOzoneClusterImpl-a2f51f5a-cc29-448c-8907-e054de5c1629/datanode-1/data/containers/hdds to VolumeSet
2019-07-13 14:38:00,548 INFO  volume.ThrottledAsyncChecker (ThrottledAsyncChecker.java:schedule(140)) - Scheduling a check for org.apache.hadoop.ozone.container.common.volume.HddsVolume@68c7162b
2019-07-13 14:38:00,548 INFO  volume.HddsVolumeChecker (HddsVolumeChecker.java:checkAllVolumes(203)) - Scheduled health check for volume org.apache.hadoop.ozone.container.common.volume.HddsVolume@68c7162b
2019-07-13 14:38:00,564 INFO  impl.RaftServerProxy (ConfUtils.java:logGet(43)) - raft.rpc.type = GRPC (default)
2019-07-13 14:38:00,564 INFO  grpc.GrpcFactory (GrpcFactory.java:checkPooledByteBufAllocatorUseCacheForAllThreads(45)) - PERFORMANCE WARNING: useCacheForAllThreads is true that may cause Netty to create a lot garbage objects and, as a result, trigger GC.
	It is recommended to disable useCacheForAllThreads by setting -Dorg.apache.ratis.thirdparty.io.netty.allocator.useCacheForAllThreads=false in command line.
2019-07-13 14:38:00,565 INFO  grpc.GrpcConfigKeys$Server (ConfUtils.java:logGet(43)) - raft.grpc.server.port = 0 (default)
2019-07-13 14:38:00,565 INFO  server.GrpcService (ConfUtils.java:logGet(43)) - raft.grpc.message.size.max = 33570816 (custom)
2019-07-13 14:38:00,565 INFO  server.RaftServerConfigKeys (ConfUtils.java:logGet(43)) - raft.server.log.appender.buffer.byte-limit = 33554432 (custom)
2019-07-13 14:38:00,565 INFO  server.GrpcService (ConfUtils.java:logGet(43)) - raft.grpc.flow.control.window = 1MB (=1048576) (default)
2019-07-13 14:38:00,566 INFO  server.RaftServerConfigKeys (ConfUtils.java:logGet(43)) - raft.server.rpc.request.timeout = 3000ms (default)
2019-07-13 14:38:00,566 INFO  server.RaftServerConfigKeys (ConfUtils.java:logGet(43)) - raft.server.storage.dir = [/tmp/workdir/hadoop-ozone/integration-test/target/test-dir/MiniOzoneClusterImpl-a2f51f5a-cc29-448c-8907-e054de5c1629/datanode-1/data/ratis] (custom)
2019-07-13 14:38:00,566 INFO  replication.SimpleContainerDownloader (SimpleContainerDownloader.java:<init>(72)) - Starting container downloader service to copy containers to replicate.
2019-07-13 14:38:00,568 INFO  hdfs.DFSUtil (DFSUtil.java:httpServerTemplateForNNAndJN(1641)) - Starting Web-server for hddsDatanode at: http://0.0.0.0:0
2019-07-13 14:38:00,570 INFO  server.AuthenticationFilter (AuthenticationFilter.java:constructSecretProvider(240)) - Unable to initialize FileSignerSecretProvider, falling back to use random secrets.
2019-07-13 14:38:00,570 WARN  http.HttpRequestLog (HttpRequestLog.java:getRequestLog(97)) - Jetty request log can only be enabled using Log4j
2019-07-13 14:38:00,572 INFO  http.HttpServer2 (HttpServer2.java:addGlobalFilter(975)) - Added global filter 'safety' (class=org.apache.hadoop.http.HttpServer2$QuotingInputFilter)
2019-07-13 14:38:00,572 INFO  http.HttpServer2 (HttpServer2.java:addFilter(948)) - Added filter static_user_filter (class=org.apache.hadoop.http.lib.StaticUserWebFilter$StaticUserFilter) to context hddsDatanode
2019-07-13 14:38:00,573 INFO  http.HttpServer2 (HttpServer2.java:addFilter(958)) - Added filter static_user_filter (class=org.apache.hadoop.http.lib.StaticUserWebFilter$StaticUserFilter) to context logs
2019-07-13 14:38:00,573 INFO  http.HttpServer2 (HttpServer2.java:addFilter(958)) - Added filter static_user_filter (class=org.apache.hadoop.http.lib.StaticUserWebFilter$StaticUserFilter) to context static
2019-07-13 14:38:00,574 INFO  http.HttpServer2 (HttpServer2.java:bindListener(1191)) - Jetty bound to port 41302
2019-07-13 14:38:00,574 INFO  server.Server (Server.java:doStart(351)) - jetty-9.3.24.v20180605, build timestamp: 2018-06-05T17:11:56Z, git hash: 84205aa28f11a4f31f2a3b86d1bba2cc8ab69827
2019-07-13 14:38:00,576 INFO  handler.ContextHandler (ContextHandler.java:doStart(781)) - Started o.e.j.s.ServletContextHandler@3108d1e1{/logs,file:///tmp/workdir/hadoop-ozone/integration-test/target/log,AVAILABLE}
2019-07-13 14:38:00,577 INFO  handler.ContextHandler (ContextHandler.java:doStart(781)) - Started o.e.j.s.ServletContextHandler@6bd8d8a7{/static,jar:file:/home/user/.m2/repository/org/apache/hadoop/hadoop-hdds-container-service/0.5.0-SNAPSHOT/hadoop-hdds-container-service-0.5.0-SNAPSHOT.jar!/webapps/static,AVAILABLE}
2019-07-13 14:38:00,622 INFO  handler.ContextHandler (ContextHandler.java:doStart(781)) - Started o.e.j.w.WebAppContext@4ba62429{/,file:///tmp/jetty-0.0.0.0-41302-hddsDatanode-_-any-1413200337876037362.dir/webapp/,AVAILABLE}{/hddsDatanode}
2019-07-13 14:38:00,622 INFO  server.AbstractConnector (AbstractConnector.java:doStart(278)) - Started ServerConnector@5a3e2035{HTTP/1.1,[http/1.1]}{0.0.0.0:41302}
2019-07-13 14:38:00,623 INFO  server.Server (Server.java:doStart(419)) - Started @693475ms
2019-07-13 14:38:00,624 INFO  server.BaseHttpServer (BaseHttpServer.java:updateConnectorAddress(207)) - HTTP server of HDDSDATANODE is listening at http://0.0.0.0:41302
2019-07-13 14:38:00,729 INFO  ozone.HddsDatanodeService (HddsDatanodeService.java:startPlugins(396)) - Started plug-in org.apache.hadoop.ozone.web.OzoneHddsDatanodeService@5ac88d71
2019-07-13 14:38:00,730 INFO  impl.MetricsSystemImpl (MetricsSystemImpl.java:init(158)) - HddsDatanode metrics system started (again)
2019-07-13 14:38:00,730 INFO  ozone.HddsDatanodeService (HddsDatanodeService.java:start(185)) - HddsDatanodeService host:trunk-nightly-mhs6z-4061744966 ip:192.168.5.172
2019-07-13 14:38:00,731 INFO  util.JvmPauseMonitor (JvmPauseMonitor.java:run(188)) - Starting JVM pause monitor
2019-07-13 14:38:00,732 INFO  datanode.InitDatanodeState (InitDatanodeState.java:persistContainerDatanodeDetails(140)) - DatanodeDetails is persisted to /tmp/workdir/hadoop-ozone/integration-test/target/test-dir/MiniOzoneClusterImpl-a2f51f5a-cc29-448c-8907-e054de5c1629/datanode-1/meta/datanode.id
2019-07-13 14:38:00,744 INFO  volume.HddsVolume (HddsVolume.java:<init>(176)) - Creating Volume: /tmp/workdir/hadoop-ozone/integration-test/target/test-dir/MiniOzoneClusterImpl-a2f51f5a-cc29-448c-8907-e054de5c1629/datanode-2/data/containers/hdds of  storage type : DISK and capacity : 52710309888
2019-07-13 14:38:00,744 INFO  volume.VolumeSet (VolumeSet.java:initializeVolumeSet(170)) - Added Volume : /tmp/workdir/hadoop-ozone/integration-test/target/test-dir/MiniOzoneClusterImpl-a2f51f5a-cc29-448c-8907-e054de5c1629/datanode-2/data/containers/hdds to VolumeSet
2019-07-13 14:38:00,744 INFO  volume.ThrottledAsyncChecker (ThrottledAsyncChecker.java:schedule(140)) - Scheduling a check for org.apache.hadoop.ozone.container.common.volume.HddsVolume@1ee47336
2019-07-13 14:38:00,745 INFO  volume.HddsVolumeChecker (HddsVolumeChecker.java:checkAllVolumes(203)) - Scheduled health check for volume org.apache.hadoop.ozone.container.common.volume.HddsVolume@1ee47336
2019-07-13 14:38:00,757 INFO  impl.RaftServerProxy (ConfUtils.java:logGet(43)) - raft.rpc.type = GRPC (default)
2019-07-13 14:38:00,757 INFO  grpc.GrpcFactory (GrpcFactory.java:checkPooledByteBufAllocatorUseCacheForAllThreads(45)) - PERFORMANCE WARNING: useCacheForAllThreads is true that may cause Netty to create a lot garbage objects and, as a result, trigger GC.
	It is recommended to disable useCacheForAllThreads by setting -Dorg.apache.ratis.thirdparty.io.netty.allocator.useCacheForAllThreads=false in command line.
2019-07-13 14:38:00,757 INFO  grpc.GrpcConfigKeys$Server (ConfUtils.java:logGet(43)) - raft.grpc.server.port = 0 (default)
2019-07-13 14:38:00,757 INFO  server.GrpcService (ConfUtils.java:logGet(43)) - raft.grpc.message.size.max = 33570816 (custom)
2019-07-13 14:38:00,758 INFO  server.RaftServerConfigKeys (ConfUtils.java:logGet(43)) - raft.server.log.appender.buffer.byte-limit = 33554432 (custom)
2019-07-13 14:38:00,758 INFO  server.GrpcService (ConfUtils.java:logGet(43)) - raft.grpc.flow.control.window = 1MB (=1048576) (default)
2019-07-13 14:38:00,758 INFO  server.RaftServerConfigKeys (ConfUtils.java:logGet(43)) - raft.server.rpc.request.timeout = 3000ms (default)
2019-07-13 14:38:00,758 INFO  server.RaftServerConfigKeys (ConfUtils.java:logGet(43)) - raft.server.storage.dir = [/tmp/workdir/hadoop-ozone/integration-test/target/test-dir/MiniOzoneClusterImpl-a2f51f5a-cc29-448c-8907-e054de5c1629/datanode-2/data/ratis] (custom)
2019-07-13 14:38:00,759 INFO  replication.SimpleContainerDownloader (SimpleContainerDownloader.java:<init>(72)) - Starting container downloader service to copy containers to replicate.
2019-07-13 14:38:00,760 INFO  hdfs.DFSUtil (DFSUtil.java:httpServerTemplateForNNAndJN(1641)) - Starting Web-server for hddsDatanode at: http://0.0.0.0:0
2019-07-13 14:38:00,761 INFO  server.AuthenticationFilter (AuthenticationFilter.java:constructSecretProvider(240)) - Unable to initialize FileSignerSecretProvider, falling back to use random secrets.
2019-07-13 14:38:00,761 WARN  http.HttpRequestLog (HttpRequestLog.java:getRequestLog(97)) - Jetty request log can only be enabled using Log4j
2019-07-13 14:38:00,762 INFO  http.HttpServer2 (HttpServer2.java:addGlobalFilter(975)) - Added global filter 'safety' (class=org.apache.hadoop.http.HttpServer2$QuotingInputFilter)
2019-07-13 14:38:00,762 INFO  http.HttpServer2 (HttpServer2.java:addFilter(948)) - Added filter static_user_filter (class=org.apache.hadoop.http.lib.StaticUserWebFilter$StaticUserFilter) to context hddsDatanode
2019-07-13 14:38:00,762 INFO  http.HttpServer2 (HttpServer2.java:addFilter(958)) - Added filter static_user_filter (class=org.apache.hadoop.http.lib.StaticUserWebFilter$StaticUserFilter) to context static
2019-07-13 14:38:00,762 INFO  http.HttpServer2 (HttpServer2.java:addFilter(958)) - Added filter static_user_filter (class=org.apache.hadoop.http.lib.StaticUserWebFilter$StaticUserFilter) to context logs
2019-07-13 14:38:00,763 INFO  http.HttpServer2 (HttpServer2.java:bindListener(1191)) - Jetty bound to port 39092
2019-07-13 14:38:00,763 INFO  server.Server (Server.java:doStart(351)) - jetty-9.3.24.v20180605, build timestamp: 2018-06-05T17:11:56Z, git hash: 84205aa28f11a4f31f2a3b86d1bba2cc8ab69827
2019-07-13 14:38:00,764 INFO  handler.ContextHandler (ContextHandler.java:doStart(781)) - Started o.e.j.s.ServletContextHandler@537dc661{/logs,file:///tmp/workdir/hadoop-ozone/integration-test/target/log,AVAILABLE}
2019-07-13 14:38:00,765 INFO  handler.ContextHandler (ContextHandler.java:doStart(781)) - Started o.e.j.s.ServletContextHandler@383e8d4f{/static,jar:file:/home/user/.m2/repository/org/apache/hadoop/hadoop-hdds-container-service/0.5.0-SNAPSHOT/hadoop-hdds-container-service-0.5.0-SNAPSHOT.jar!/webapps/static,AVAILABLE}
2019-07-13 14:38:00,790 INFO  handler.ContextHandler (ContextHandler.java:doStart(781)) - Started o.e.j.w.WebAppContext@5243ce45{/,file:///tmp/jetty-0.0.0.0-39092-hddsDatanode-_-any-4043150706479266631.dir/webapp/,AVAILABLE}{/hddsDatanode}
2019-07-13 14:38:00,791 INFO  server.AbstractConnector (AbstractConnector.java:doStart(278)) - Started ServerConnector@5f1908c5{HTTP/1.1,[http/1.1]}{0.0.0.0:39092}
2019-07-13 14:38:00,791 INFO  server.Server (Server.java:doStart(419)) - Started @693643ms
2019-07-13 14:38:00,793 INFO  server.BaseHttpServer (BaseHttpServer.java:updateConnectorAddress(207)) - HTTP server of HDDSDATANODE is listening at http://0.0.0.0:39092
2019-07-13 14:38:00,888 INFO  ozone.HddsDatanodeService (HddsDatanodeService.java:startPlugins(396)) - Started plug-in org.apache.hadoop.ozone.web.OzoneHddsDatanodeService@2165828d
2019-07-13 14:38:00,889 INFO  impl.MetricsSystemImpl (MetricsSystemImpl.java:init(158)) - HddsDatanode metrics system started (again)
2019-07-13 14:38:00,889 INFO  ozone.HddsDatanodeService (HddsDatanodeService.java:start(185)) - HddsDatanodeService host:trunk-nightly-mhs6z-4061744966 ip:192.168.5.172
2019-07-13 14:38:00,890 INFO  util.JvmPauseMonitor (JvmPauseMonitor.java:run(188)) - Starting JVM pause monitor
2019-07-13 14:38:00,891 INFO  datanode.InitDatanodeState (InitDatanodeState.java:persistContainerDatanodeDetails(140)) - DatanodeDetails is persisted to /tmp/workdir/hadoop-ozone/integration-test/target/test-dir/MiniOzoneClusterImpl-a2f51f5a-cc29-448c-8907-e054de5c1629/datanode-2/meta/datanode.id
2019-07-13 14:38:00,902 INFO  volume.HddsVolume (HddsVolume.java:<init>(176)) - Creating Volume: /tmp/workdir/hadoop-ozone/integration-test/target/test-dir/MiniOzoneClusterImpl-a2f51f5a-cc29-448c-8907-e054de5c1629/datanode-3/data/containers/hdds of  storage type : DISK and capacity : 52710309888
2019-07-13 14:38:00,903 INFO  volume.VolumeSet (VolumeSet.java:initializeVolumeSet(170)) - Added Volume : /tmp/workdir/hadoop-ozone/integration-test/target/test-dir/MiniOzoneClusterImpl-a2f51f5a-cc29-448c-8907-e054de5c1629/datanode-3/data/containers/hdds to VolumeSet
2019-07-13 14:38:00,903 INFO  volume.ThrottledAsyncChecker (ThrottledAsyncChecker.java:schedule(140)) - Scheduling a check for org.apache.hadoop.ozone.container.common.volume.HddsVolume@76b96594
2019-07-13 14:38:00,903 INFO  volume.HddsVolumeChecker (HddsVolumeChecker.java:checkAllVolumes(203)) - Scheduled health check for volume org.apache.hadoop.ozone.container.common.volume.HddsVolume@76b96594
2019-07-13 14:38:00,916 INFO  impl.RaftServerProxy (ConfUtils.java:logGet(43)) - raft.rpc.type = GRPC (default)
2019-07-13 14:38:00,916 INFO  grpc.GrpcFactory (GrpcFactory.java:checkPooledByteBufAllocatorUseCacheForAllThreads(45)) - PERFORMANCE WARNING: useCacheForAllThreads is true that may cause Netty to create a lot garbage objects and, as a result, trigger GC.
	It is recommended to disable useCacheForAllThreads by setting -Dorg.apache.ratis.thirdparty.io.netty.allocator.useCacheForAllThreads=false in command line.
2019-07-13 14:38:00,916 INFO  grpc.GrpcConfigKeys$Server (ConfUtils.java:logGet(43)) - raft.grpc.server.port = 0 (default)
2019-07-13 14:38:00,916 INFO  server.GrpcService (ConfUtils.java:logGet(43)) - raft.grpc.message.size.max = 33570816 (custom)
2019-07-13 14:38:00,916 INFO  server.RaftServerConfigKeys (ConfUtils.java:logGet(43)) - raft.server.log.appender.buffer.byte-limit = 33554432 (custom)
2019-07-13 14:38:00,916 INFO  server.GrpcService (ConfUtils.java:logGet(43)) - raft.grpc.flow.control.window = 1MB (=1048576) (default)
2019-07-13 14:38:00,917 INFO  server.RaftServerConfigKeys (ConfUtils.java:logGet(43)) - raft.server.rpc.request.timeout = 3000ms (default)
2019-07-13 14:38:00,917 INFO  server.RaftServerConfigKeys (ConfUtils.java:logGet(43)) - raft.server.storage.dir = [/tmp/workdir/hadoop-ozone/integration-test/target/test-dir/MiniOzoneClusterImpl-a2f51f5a-cc29-448c-8907-e054de5c1629/datanode-3/data/ratis] (custom)
2019-07-13 14:38:00,917 INFO  replication.SimpleContainerDownloader (SimpleContainerDownloader.java:<init>(72)) - Starting container downloader service to copy containers to replicate.
2019-07-13 14:38:00,918 INFO  hdfs.DFSUtil (DFSUtil.java:httpServerTemplateForNNAndJN(1641)) - Starting Web-server for hddsDatanode at: http://0.0.0.0:0
2019-07-13 14:38:00,919 INFO  server.AuthenticationFilter (AuthenticationFilter.java:constructSecretProvider(240)) - Unable to initialize FileSignerSecretProvider, falling back to use random secrets.
2019-07-13 14:38:00,920 WARN  http.HttpRequestLog (HttpRequestLog.java:getRequestLog(97)) - Jetty request log can only be enabled using Log4j
2019-07-13 14:38:00,921 INFO  http.HttpServer2 (HttpServer2.java:addGlobalFilter(975)) - Added global filter 'safety' (class=org.apache.hadoop.http.HttpServer2$QuotingInputFilter)
2019-07-13 14:38:00,921 INFO  http.HttpServer2 (HttpServer2.java:addFilter(948)) - Added filter static_user_filter (class=org.apache.hadoop.http.lib.StaticUserWebFilter$StaticUserFilter) to context hddsDatanode
2019-07-13 14:38:00,921 INFO  http.HttpServer2 (HttpServer2.java:addFilter(958)) - Added filter static_user_filter (class=org.apache.hadoop.http.lib.StaticUserWebFilter$StaticUserFilter) to context static
2019-07-13 14:38:00,921 INFO  http.HttpServer2 (HttpServer2.java:addFilter(958)) - Added filter static_user_filter (class=org.apache.hadoop.http.lib.StaticUserWebFilter$StaticUserFilter) to context logs
2019-07-13 14:38:00,922 INFO  http.HttpServer2 (HttpServer2.java:bindListener(1191)) - Jetty bound to port 45411
2019-07-13 14:38:00,922 INFO  server.Server (Server.java:doStart(351)) - jetty-9.3.24.v20180605, build timestamp: 2018-06-05T17:11:56Z, git hash: 84205aa28f11a4f31f2a3b86d1bba2cc8ab69827
2019-07-13 14:38:00,923 INFO  handler.ContextHandler (ContextHandler.java:doStart(781)) - Started o.e.j.s.ServletContextHandler@5d708ef6{/logs,file:///tmp/workdir/hadoop-ozone/integration-test/target/log,AVAILABLE}
2019-07-13 14:38:00,924 INFO  handler.ContextHandler (ContextHandler.java:doStart(781)) - Started o.e.j.s.ServletContextHandler@7fcbb24b{/static,jar:file:/home/user/.m2/repository/org/apache/hadoop/hadoop-hdds-container-service/0.5.0-SNAPSHOT/hadoop-hdds-container-service-0.5.0-SNAPSHOT.jar!/webapps/static,AVAILABLE}
2019-07-13 14:38:00,949 INFO  handler.ContextHandler (ContextHandler.java:doStart(781)) - Started o.e.j.w.WebAppContext@477b8d7d{/,file:///tmp/jetty-0.0.0.0-45411-hddsDatanode-_-any-4039604258130989668.dir/webapp/,AVAILABLE}{/hddsDatanode}
2019-07-13 14:38:00,950 INFO  server.AbstractConnector (AbstractConnector.java:doStart(278)) - Started ServerConnector@3f937c0e{HTTP/1.1,[http/1.1]}{0.0.0.0:45411}
2019-07-13 14:38:00,950 INFO  server.Server (Server.java:doStart(419)) - Started @693802ms
2019-07-13 14:38:00,952 INFO  server.BaseHttpServer (BaseHttpServer.java:updateConnectorAddress(207)) - HTTP server of HDDSDATANODE is listening at http://0.0.0.0:45411
2019-07-13 14:38:01,049 INFO  ozone.HddsDatanodeService (HddsDatanodeService.java:startPlugins(396)) - Started plug-in org.apache.hadoop.ozone.web.OzoneHddsDatanodeService@317c16bd
2019-07-13 14:38:01,049 INFO  impl.MetricsSystemImpl (MetricsSystemImpl.java:init(158)) - HddsDatanode metrics system started (again)
2019-07-13 14:38:01,050 INFO  ozone.HddsDatanodeService (HddsDatanodeService.java:start(185)) - HddsDatanodeService host:trunk-nightly-mhs6z-4061744966 ip:192.168.5.172
2019-07-13 14:38:01,051 INFO  util.JvmPauseMonitor (JvmPauseMonitor.java:run(188)) - Starting JVM pause monitor
2019-07-13 14:38:01,052 INFO  datanode.InitDatanodeState (InitDatanodeState.java:persistContainerDatanodeDetails(140)) - DatanodeDetails is persisted to /tmp/workdir/hadoop-ozone/integration-test/target/test-dir/MiniOzoneClusterImpl-a2f51f5a-cc29-448c-8907-e054de5c1629/datanode-3/meta/datanode.id
2019-07-13 14:38:01,063 INFO  volume.HddsVolume (HddsVolume.java:<init>(176)) - Creating Volume: /tmp/workdir/hadoop-ozone/integration-test/target/test-dir/MiniOzoneClusterImpl-a2f51f5a-cc29-448c-8907-e054de5c1629/datanode-4/data/containers/hdds of  storage type : DISK and capacity : 52710309888
2019-07-13 14:38:01,063 INFO  volume.VolumeSet (VolumeSet.java:initializeVolumeSet(170)) - Added Volume : /tmp/workdir/hadoop-ozone/integration-test/target/test-dir/MiniOzoneClusterImpl-a2f51f5a-cc29-448c-8907-e054de5c1629/datanode-4/data/containers/hdds to VolumeSet
2019-07-13 14:38:01,063 INFO  volume.ThrottledAsyncChecker (ThrottledAsyncChecker.java:schedule(140)) - Scheduling a check for org.apache.hadoop.ozone.container.common.volume.HddsVolume@119aabf3
2019-07-13 14:38:01,064 INFO  volume.HddsVolumeChecker (HddsVolumeChecker.java:checkAllVolumes(203)) - Scheduled health check for volume org.apache.hadoop.ozone.container.common.volume.HddsVolume@119aabf3
2019-07-13 14:38:01,077 INFO  impl.RaftServerProxy (ConfUtils.java:logGet(43)) - raft.rpc.type = GRPC (default)
2019-07-13 14:38:01,078 INFO  grpc.GrpcFactory (GrpcFactory.java:checkPooledByteBufAllocatorUseCacheForAllThreads(45)) - PERFORMANCE WARNING: useCacheForAllThreads is true that may cause Netty to create a lot garbage objects and, as a result, trigger GC.
	It is recommended to disable useCacheForAllThreads by setting -Dorg.apache.ratis.thirdparty.io.netty.allocator.useCacheForAllThreads=false in command line.
2019-07-13 14:38:01,078 INFO  grpc.GrpcConfigKeys$Server (ConfUtils.java:logGet(43)) - raft.grpc.server.port = 0 (default)
2019-07-13 14:38:01,078 INFO  server.GrpcService (ConfUtils.java:logGet(43)) - raft.grpc.message.size.max = 33570816 (custom)
2019-07-13 14:38:01,078 INFO  server.RaftServerConfigKeys (ConfUtils.java:logGet(43)) - raft.server.log.appender.buffer.byte-limit = 33554432 (custom)
2019-07-13 14:38:01,078 INFO  server.GrpcService (ConfUtils.java:logGet(43)) - raft.grpc.flow.control.window = 1MB (=1048576) (default)
2019-07-13 14:38:01,078 INFO  server.RaftServerConfigKeys (ConfUtils.java:logGet(43)) - raft.server.rpc.request.timeout = 3000ms (default)
2019-07-13 14:38:01,079 INFO  server.RaftServerConfigKeys (ConfUtils.java:logGet(43)) - raft.server.storage.dir = [/tmp/workdir/hadoop-ozone/integration-test/target/test-dir/MiniOzoneClusterImpl-a2f51f5a-cc29-448c-8907-e054de5c1629/datanode-4/data/ratis] (custom)
2019-07-13 14:38:01,079 INFO  replication.SimpleContainerDownloader (SimpleContainerDownloader.java:<init>(72)) - Starting container downloader service to copy containers to replicate.
2019-07-13 14:38:01,080 INFO  hdfs.DFSUtil (DFSUtil.java:httpServerTemplateForNNAndJN(1641)) - Starting Web-server for hddsDatanode at: http://0.0.0.0:0
2019-07-13 14:38:01,081 INFO  server.AuthenticationFilter (AuthenticationFilter.java:constructSecretProvider(240)) - Unable to initialize FileSignerSecretProvider, falling back to use random secrets.
2019-07-13 14:38:01,081 WARN  http.HttpRequestLog (HttpRequestLog.java:getRequestLog(97)) - Jetty request log can only be enabled using Log4j
2019-07-13 14:38:01,082 INFO  http.HttpServer2 (HttpServer2.java:addGlobalFilter(975)) - Added global filter 'safety' (class=org.apache.hadoop.http.HttpServer2$QuotingInputFilter)
2019-07-13 14:38:01,083 INFO  http.HttpServer2 (HttpServer2.java:addFilter(948)) - Added filter static_user_filter (class=org.apache.hadoop.http.lib.StaticUserWebFilter$StaticUserFilter) to context hddsDatanode
2019-07-13 14:38:01,083 INFO  http.HttpServer2 (HttpServer2.java:addFilter(958)) - Added filter static_user_filter (class=org.apache.hadoop.http.lib.StaticUserWebFilter$StaticUserFilter) to context static
2019-07-13 14:38:01,083 INFO  http.HttpServer2 (HttpServer2.java:addFilter(958)) - Added filter static_user_filter (class=org.apache.hadoop.http.lib.StaticUserWebFilter$StaticUserFilter) to context logs
2019-07-13 14:38:01,083 INFO  http.HttpServer2 (HttpServer2.java:bindListener(1191)) - Jetty bound to port 45393
2019-07-13 14:38:01,084 INFO  server.Server (Server.java:doStart(351)) - jetty-9.3.24.v20180605, build timestamp: 2018-06-05T17:11:56Z, git hash: 84205aa28f11a4f31f2a3b86d1bba2cc8ab69827
2019-07-13 14:38:01,085 INFO  handler.ContextHandler (ContextHandler.java:doStart(781)) - Started o.e.j.s.ServletContextHandler@294e4c35{/logs,file:///tmp/workdir/hadoop-ozone/integration-test/target/log,AVAILABLE}
2019-07-13 14:38:01,085 INFO  handler.ContextHandler (ContextHandler.java:doStart(781)) - Started o.e.j.s.ServletContextHandler@409f9dca{/static,jar:file:/home/user/.m2/repository/org/apache/hadoop/hadoop-hdds-container-service/0.5.0-SNAPSHOT/hadoop-hdds-container-service-0.5.0-SNAPSHOT.jar!/webapps/static,AVAILABLE}
2019-07-13 14:38:01,111 INFO  handler.ContextHandler (ContextHandler.java:doStart(781)) - Started o.e.j.w.WebAppContext@6fffad6d{/,file:///tmp/jetty-0.0.0.0-45393-hddsDatanode-_-any-4321904947156176497.dir/webapp/,AVAILABLE}{/hddsDatanode}
2019-07-13 14:38:01,111 INFO  server.AbstractConnector (AbstractConnector.java:doStart(278)) - Started ServerConnector@17b65876{HTTP/1.1,[http/1.1]}{0.0.0.0:45393}
2019-07-13 14:38:01,111 INFO  server.Server (Server.java:doStart(419)) - Started @693963ms
2019-07-13 14:38:01,113 INFO  server.BaseHttpServer (BaseHttpServer.java:updateConnectorAddress(207)) - HTTP server of HDDSDATANODE is listening at http://0.0.0.0:45393
2019-07-13 14:38:01,208 INFO  ozone.HddsDatanodeService (HddsDatanodeService.java:startPlugins(396)) - Started plug-in org.apache.hadoop.ozone.web.OzoneHddsDatanodeService@44bd4b94
2019-07-13 14:38:01,209 INFO  impl.MetricsSystemImpl (MetricsSystemImpl.java:init(158)) - HddsDatanode metrics system started (again)
2019-07-13 14:38:01,209 INFO  ozone.HddsDatanodeService (HddsDatanodeService.java:start(185)) - HddsDatanodeService host:trunk-nightly-mhs6z-4061744966 ip:192.168.5.172
2019-07-13 14:38:01,210 INFO  util.JvmPauseMonitor (JvmPauseMonitor.java:run(188)) - Starting JVM pause monitor
2019-07-13 14:38:01,211 INFO  datanode.InitDatanodeState (InitDatanodeState.java:persistContainerDatanodeDetails(140)) - DatanodeDetails is persisted to /tmp/workdir/hadoop-ozone/integration-test/target/test-dir/MiniOzoneClusterImpl-a2f51f5a-cc29-448c-8907-e054de5c1629/datanode-4/meta/datanode.id
2019-07-13 14:38:01,224 INFO  volume.HddsVolume (HddsVolume.java:<init>(176)) - Creating Volume: /tmp/workdir/hadoop-ozone/integration-test/target/test-dir/MiniOzoneClusterImpl-a2f51f5a-cc29-448c-8907-e054de5c1629/datanode-5/data/containers/hdds of  storage type : DISK and capacity : 52710309888
2019-07-13 14:38:01,224 INFO  volume.VolumeSet (VolumeSet.java:initializeVolumeSet(170)) - Added Volume : /tmp/workdir/hadoop-ozone/integration-test/target/test-dir/MiniOzoneClusterImpl-a2f51f5a-cc29-448c-8907-e054de5c1629/datanode-5/data/containers/hdds to VolumeSet
2019-07-13 14:38:01,225 INFO  volume.ThrottledAsyncChecker (ThrottledAsyncChecker.java:schedule(140)) - Scheduling a check for org.apache.hadoop.ozone.container.common.volume.HddsVolume@6402f6b1
2019-07-13 14:38:01,225 INFO  volume.HddsVolumeChecker (HddsVolumeChecker.java:checkAllVolumes(203)) - Scheduled health check for volume org.apache.hadoop.ozone.container.common.volume.HddsVolume@6402f6b1
2019-07-13 14:38:01,243 INFO  impl.RaftServerProxy (ConfUtils.java:logGet(43)) - raft.rpc.type = GRPC (default)
2019-07-13 14:38:01,243 INFO  grpc.GrpcFactory (GrpcFactory.java:checkPooledByteBufAllocatorUseCacheForAllThreads(45)) - PERFORMANCE WARNING: useCacheForAllThreads is true that may cause Netty to create a lot garbage objects and, as a result, trigger GC.
	It is recommended to disable useCacheForAllThreads by setting -Dorg.apache.ratis.thirdparty.io.netty.allocator.useCacheForAllThreads=false in command line.
2019-07-13 14:38:01,244 INFO  grpc.GrpcConfigKeys$Server (ConfUtils.java:logGet(43)) - raft.grpc.server.port = 0 (default)
2019-07-13 14:38:01,244 INFO  server.GrpcService (ConfUtils.java:logGet(43)) - raft.grpc.message.size.max = 33570816 (custom)
2019-07-13 14:38:01,244 INFO  server.RaftServerConfigKeys (ConfUtils.java:logGet(43)) - raft.server.log.appender.buffer.byte-limit = 33554432 (custom)
2019-07-13 14:38:01,245 INFO  server.GrpcService (ConfUtils.java:logGet(43)) - raft.grpc.flow.control.window = 1MB (=1048576) (default)
2019-07-13 14:38:01,245 INFO  server.RaftServerConfigKeys (ConfUtils.java:logGet(43)) - raft.server.rpc.request.timeout = 3000ms (default)
2019-07-13 14:38:01,245 INFO  server.RaftServerConfigKeys (ConfUtils.java:logGet(43)) - raft.server.storage.dir = [/tmp/workdir/hadoop-ozone/integration-test/target/test-dir/MiniOzoneClusterImpl-a2f51f5a-cc29-448c-8907-e054de5c1629/datanode-5/data/ratis] (custom)
2019-07-13 14:38:01,246 INFO  replication.SimpleContainerDownloader (SimpleContainerDownloader.java:<init>(72)) - Starting container downloader service to copy containers to replicate.
2019-07-13 14:38:01,247 INFO  hdfs.DFSUtil (DFSUtil.java:httpServerTemplateForNNAndJN(1641)) - Starting Web-server for hddsDatanode at: http://0.0.0.0:0
2019-07-13 14:38:01,248 INFO  server.AuthenticationFilter (AuthenticationFilter.java:constructSecretProvider(240)) - Unable to initialize FileSignerSecretProvider, falling back to use random secrets.
2019-07-13 14:38:01,249 WARN  http.HttpRequestLog (HttpRequestLog.java:getRequestLog(97)) - Jetty request log can only be enabled using Log4j
2019-07-13 14:38:01,250 INFO  http.HttpServer2 (HttpServer2.java:addGlobalFilter(975)) - Added global filter 'safety' (class=org.apache.hadoop.http.HttpServer2$QuotingInputFilter)
2019-07-13 14:38:01,250 INFO  http.HttpServer2 (HttpServer2.java:addFilter(948)) - Added filter static_user_filter (class=org.apache.hadoop.http.lib.StaticUserWebFilter$StaticUserFilter) to context hddsDatanode
2019-07-13 14:38:01,250 INFO  http.HttpServer2 (HttpServer2.java:addFilter(958)) - Added filter static_user_filter (class=org.apache.hadoop.http.lib.StaticUserWebFilter$StaticUserFilter) to context logs
2019-07-13 14:38:01,250 INFO  http.HttpServer2 (HttpServer2.java:addFilter(958)) - Added filter static_user_filter (class=org.apache.hadoop.http.lib.StaticUserWebFilter$StaticUserFilter) to context static
2019-07-13 14:38:01,251 INFO  http.HttpServer2 (HttpServer2.java:bindListener(1191)) - Jetty bound to port 36655
2019-07-13 14:38:01,251 INFO  server.Server (Server.java:doStart(351)) - jetty-9.3.24.v20180605, build timestamp: 2018-06-05T17:11:56Z, git hash: 84205aa28f11a4f31f2a3b86d1bba2cc8ab69827
2019-07-13 14:38:01,252 INFO  handler.ContextHandler (ContextHandler.java:doStart(781)) - Started o.e.j.s.ServletContextHandler@5241aea8{/logs,file:///tmp/workdir/hadoop-ozone/integration-test/target/log,AVAILABLE}
2019-07-13 14:38:01,253 INFO  handler.ContextHandler (ContextHandler.java:doStart(781)) - Started o.e.j.s.ServletContextHandler@9e5e75{/static,jar:file:/home/user/.m2/repository/org/apache/hadoop/hadoop-hdds-container-service/0.5.0-SNAPSHOT/hadoop-hdds-container-service-0.5.0-SNAPSHOT.jar!/webapps/static,AVAILABLE}
2019-07-13 14:38:01,279 INFO  handler.ContextHandler (ContextHandler.java:doStart(781)) - Started o.e.j.w.WebAppContext@7d40f584{/,file:///tmp/jetty-0.0.0.0-36655-hddsDatanode-_-any-2746294563067453400.dir/webapp/,AVAILABLE}{/hddsDatanode}
2019-07-13 14:38:01,280 INFO  server.AbstractConnector (AbstractConnector.java:doStart(278)) - Started ServerConnector@72f6cd2e{HTTP/1.1,[http/1.1]}{0.0.0.0:36655}
2019-07-13 14:38:01,280 INFO  server.Server (Server.java:doStart(419)) - Started @694132ms
2019-07-13 14:38:01,283 INFO  server.BaseHttpServer (BaseHttpServer.java:updateConnectorAddress(207)) - HTTP server of HDDSDATANODE is listening at http://0.0.0.0:36655
2019-07-13 14:38:01,383 INFO  ozone.HddsDatanodeService (HddsDatanodeService.java:startPlugins(396)) - Started plug-in org.apache.hadoop.ozone.web.OzoneHddsDatanodeService@7f218b0c
2019-07-13 14:38:01,383 INFO  impl.MetricsSystemImpl (MetricsSystemImpl.java:init(158)) - HddsDatanode metrics system started (again)
2019-07-13 14:38:01,383 INFO  ozone.HddsDatanodeService (HddsDatanodeService.java:start(185)) - HddsDatanodeService host:trunk-nightly-mhs6z-4061744966 ip:192.168.5.172
2019-07-13 14:38:01,384 INFO  util.JvmPauseMonitor (JvmPauseMonitor.java:run(188)) - Starting JVM pause monitor
2019-07-13 14:38:01,386 INFO  datanode.InitDatanodeState (InitDatanodeState.java:persistContainerDatanodeDetails(140)) - DatanodeDetails is persisted to /tmp/workdir/hadoop-ozone/integration-test/target/test-dir/MiniOzoneClusterImpl-a2f51f5a-cc29-448c-8907-e054de5c1629/datanode-5/meta/datanode.id
2019-07-13 14:38:01,395 INFO  volume.HddsVolume (HddsVolume.java:<init>(176)) - Creating Volume: /tmp/workdir/hadoop-ozone/integration-test/target/test-dir/MiniOzoneClusterImpl-a2f51f5a-cc29-448c-8907-e054de5c1629/datanode-6/data/containers/hdds of  storage type : DISK and capacity : 52710309888
2019-07-13 14:38:01,395 INFO  volume.VolumeSet (VolumeSet.java:initializeVolumeSet(170)) - Added Volume : /tmp/workdir/hadoop-ozone/integration-test/target/test-dir/MiniOzoneClusterImpl-a2f51f5a-cc29-448c-8907-e054de5c1629/datanode-6/data/containers/hdds to VolumeSet
2019-07-13 14:38:01,395 INFO  volume.ThrottledAsyncChecker (ThrottledAsyncChecker.java:schedule(140)) - Scheduling a check for org.apache.hadoop.ozone.container.common.volume.HddsVolume@57927f4f
2019-07-13 14:38:01,396 INFO  volume.HddsVolumeChecker (HddsVolumeChecker.java:checkAllVolumes(203)) - Scheduled health check for volume org.apache.hadoop.ozone.container.common.volume.HddsVolume@57927f4f
2019-07-13 14:38:01,413 INFO  impl.RaftServerProxy (ConfUtils.java:logGet(43)) - raft.rpc.type = GRPC (default)
2019-07-13 14:38:01,413 INFO  grpc.GrpcFactory (GrpcFactory.java:checkPooledByteBufAllocatorUseCacheForAllThreads(45)) - PERFORMANCE WARNING: useCacheForAllThreads is true that may cause Netty to create a lot garbage objects and, as a result, trigger GC.
	It is recommended to disable useCacheForAllThreads by setting -Dorg.apache.ratis.thirdparty.io.netty.allocator.useCacheForAllThreads=false in command line.
2019-07-13 14:38:01,414 INFO  grpc.GrpcConfigKeys$Server (ConfUtils.java:logGet(43)) - raft.grpc.server.port = 0 (default)
2019-07-13 14:38:01,414 INFO  server.GrpcService (ConfUtils.java:logGet(43)) - raft.grpc.message.size.max = 33570816 (custom)
2019-07-13 14:38:01,414 INFO  server.RaftServerConfigKeys (ConfUtils.java:logGet(43)) - raft.server.log.appender.buffer.byte-limit = 33554432 (custom)
2019-07-13 14:38:01,414 INFO  server.GrpcService (ConfUtils.java:logGet(43)) - raft.grpc.flow.control.window = 1MB (=1048576) (default)
2019-07-13 14:38:01,414 INFO  server.RaftServerConfigKeys (ConfUtils.java:logGet(43)) - raft.server.rpc.request.timeout = 3000ms (default)
2019-07-13 14:38:01,415 INFO  server.RaftServerConfigKeys (ConfUtils.java:logGet(43)) - raft.server.storage.dir = [/tmp/workdir/hadoop-ozone/integration-test/target/test-dir/MiniOzoneClusterImpl-a2f51f5a-cc29-448c-8907-e054de5c1629/datanode-6/data/ratis] (custom)
2019-07-13 14:38:01,415 INFO  replication.SimpleContainerDownloader (SimpleContainerDownloader.java:<init>(72)) - Starting container downloader service to copy containers to replicate.
2019-07-13 14:38:01,416 INFO  hdfs.DFSUtil (DFSUtil.java:httpServerTemplateForNNAndJN(1641)) - Starting Web-server for hddsDatanode at: http://0.0.0.0:0
2019-07-13 14:38:01,417 INFO  server.AuthenticationFilter (AuthenticationFilter.java:constructSecretProvider(240)) - Unable to initialize FileSignerSecretProvider, falling back to use random secrets.
2019-07-13 14:38:01,417 WARN  http.HttpRequestLog (HttpRequestLog.java:getRequestLog(97)) - Jetty request log can only be enabled using Log4j
2019-07-13 14:38:01,418 INFO  http.HttpServer2 (HttpServer2.java:addGlobalFilter(975)) - Added global filter 'safety' (class=org.apache.hadoop.http.HttpServer2$QuotingInputFilter)
2019-07-13 14:38:01,418 INFO  http.HttpServer2 (HttpServer2.java:addFilter(948)) - Added filter static_user_filter (class=org.apache.hadoop.http.lib.StaticUserWebFilter$StaticUserFilter) to context hddsDatanode
2019-07-13 14:38:01,418 INFO  http.HttpServer2 (HttpServer2.java:addFilter(958)) - Added filter static_user_filter (class=org.apache.hadoop.http.lib.StaticUserWebFilter$StaticUserFilter) to context logs
2019-07-13 14:38:01,418 INFO  http.HttpServer2 (HttpServer2.java:addFilter(958)) - Added filter static_user_filter (class=org.apache.hadoop.http.lib.StaticUserWebFilter$StaticUserFilter) to context static
2019-07-13 14:38:01,419 INFO  http.HttpServer2 (HttpServer2.java:bindListener(1191)) - Jetty bound to port 35476
2019-07-13 14:38:01,419 INFO  server.Server (Server.java:doStart(351)) - jetty-9.3.24.v20180605, build timestamp: 2018-06-05T17:11:56Z, git hash: 84205aa28f11a4f31f2a3b86d1bba2cc8ab69827
2019-07-13 14:38:01,421 INFO  handler.ContextHandler (ContextHandler.java:doStart(781)) - Started o.e.j.s.ServletContextHandler@3835f6f9{/logs,file:///tmp/workdir/hadoop-ozone/integration-test/target/log,AVAILABLE}
2019-07-13 14:38:01,421 INFO  handler.ContextHandler (ContextHandler.java:doStart(781)) - Started o.e.j.s.ServletContextHandler@7560ca1d{/static,jar:file:/home/user/.m2/repository/org/apache/hadoop/hadoop-hdds-container-service/0.5.0-SNAPSHOT/hadoop-hdds-container-service-0.5.0-SNAPSHOT.jar!/webapps/static,AVAILABLE}
2019-07-13 14:38:01,447 INFO  handler.ContextHandler (ContextHandler.java:doStart(781)) - Started o.e.j.w.WebAppContext@6d7e973b{/,file:///tmp/jetty-0.0.0.0-35476-hddsDatanode-_-any-4088233153701633871.dir/webapp/,AVAILABLE}{/hddsDatanode}
2019-07-13 14:38:01,447 INFO  server.AbstractConnector (AbstractConnector.java:doStart(278)) - Started ServerConnector@47955046{HTTP/1.1,[http/1.1]}{0.0.0.0:35476}
2019-07-13 14:38:01,448 INFO  server.Server (Server.java:doStart(419)) - Started @694300ms
2019-07-13 14:38:01,449 INFO  server.BaseHttpServer (BaseHttpServer.java:updateConnectorAddress(207)) - HTTP server of HDDSDATANODE is listening at http://0.0.0.0:35476
2019-07-13 14:38:01,547 INFO  ozone.HddsDatanodeService (HddsDatanodeService.java:startPlugins(396)) - Started plug-in org.apache.hadoop.ozone.web.OzoneHddsDatanodeService@42c82f73
2019-07-13 14:38:01,547 INFO  ozone.MiniOzoneClusterImpl (MiniOzoneClusterImpl.java:lambda$waitForClusterToBeReady$0(142)) - Waiting for cluster to be ready. Got 0 of 7 DN Heartbeats.
2019-07-13 14:38:01,548 INFO  util.JvmPauseMonitor (JvmPauseMonitor.java:run(188)) - Starting JVM pause monitor
2019-07-13 14:38:01,549 INFO  datanode.InitDatanodeState (InitDatanodeState.java:persistContainerDatanodeDetails(140)) - DatanodeDetails is persisted to /tmp/workdir/hadoop-ozone/integration-test/target/test-dir/MiniOzoneClusterImpl-a2f51f5a-cc29-448c-8907-e054de5c1629/datanode-6/meta/datanode.id
2019-07-13 14:38:02,547 INFO  ozone.MiniOzoneClusterImpl (MiniOzoneClusterImpl.java:lambda$waitForClusterToBeReady$0(142)) - Waiting for cluster to be ready. Got 0 of 7 DN Heartbeats.
2019-07-13 14:38:02,558 INFO  ozoneimpl.OzoneContainer (OzoneContainer.java:start(186)) - Attempting to start container services.
2019-07-13 14:38:02,559 INFO  ozoneimpl.OzoneContainer (OzoneContainer.java:startContainerScrub(160)) - Background container scrubber has been disabled by hdds.containerscrub.enabled
2019-07-13 14:38:02,559 INFO  ratis.XceiverServerRatis (XceiverServerRatis.java:start(418)) - Starting XceiverServerRatis 88481078-93db-4d5a-baea-16b5a73ff595 at port 0
2019-07-13 14:38:02,566 INFO  impl.RaftServerProxy (RaftServerProxy.java:lambda$start$3(299)) - 88481078-93db-4d5a-baea-16b5a73ff595: start RPC server
2019-07-13 14:38:02,568 INFO  server.GrpcService (GrpcService.java:startImpl(149)) - 88481078-93db-4d5a-baea-16b5a73ff595: GrpcService started, listening on 0.0.0.0/0.0.0.0:35356
2019-07-13 14:38:02,568 INFO  ratis.XceiverServerRatis (XceiverServerRatis.java:start(428)) - XceiverServerRatis 88481078-93db-4d5a-baea-16b5a73ff595 is started using port 35356
2019-07-13 14:38:02,568 INFO  server.XceiverServerGrpc (XceiverServerGrpc.java:start(161)) - XceiverServerGrpc 88481078-93db-4d5a-baea-16b5a73ff595 is started using port 45952
2019-07-13 14:38:02,750 INFO  ozoneimpl.OzoneContainer (OzoneContainer.java:start(186)) - Attempting to start container services.
2019-07-13 14:38:02,750 INFO  ozoneimpl.OzoneContainer (OzoneContainer.java:startContainerScrub(160)) - Background container scrubber has been disabled by hdds.containerscrub.enabled
2019-07-13 14:38:02,750 INFO  ratis.XceiverServerRatis (XceiverServerRatis.java:start(418)) - Starting XceiverServerRatis 01002fe0-6cca-4877-ae90-5ff90be4a072 at port 0
2019-07-13 14:38:02,758 INFO  impl.RaftServerProxy (RaftServerProxy.java:lambda$start$3(299)) - 01002fe0-6cca-4877-ae90-5ff90be4a072: start RPC server
2019-07-13 14:38:02,759 INFO  server.GrpcService (GrpcService.java:startImpl(149)) - 01002fe0-6cca-4877-ae90-5ff90be4a072: GrpcService started, listening on 0.0.0.0/0.0.0.0:39807
2019-07-13 14:38:02,759 INFO  ratis.XceiverServerRatis (XceiverServerRatis.java:start(428)) - XceiverServerRatis 01002fe0-6cca-4877-ae90-5ff90be4a072 is started using port 39807
2019-07-13 14:38:02,759 INFO  server.XceiverServerGrpc (XceiverServerGrpc.java:start(161)) - XceiverServerGrpc 01002fe0-6cca-4877-ae90-5ff90be4a072 is started using port 41228
2019-07-13 14:38:02,894 INFO  ozoneimpl.OzoneContainer (OzoneContainer.java:start(186)) - Attempting to start container services.
2019-07-13 14:38:02,895 INFO  ozoneimpl.OzoneContainer (OzoneContainer.java:startContainerScrub(160)) - Background container scrubber has been disabled by hdds.containerscrub.enabled
2019-07-13 14:38:02,895 INFO  ratis.XceiverServerRatis (XceiverServerRatis.java:start(418)) - Starting XceiverServerRatis b07ec8b5-f787-4651-a434-af73f05d0085 at port 0
2019-07-13 14:38:02,902 INFO  impl.RaftServerProxy (RaftServerProxy.java:lambda$start$3(299)) - b07ec8b5-f787-4651-a434-af73f05d0085: start RPC server
2019-07-13 14:38:02,903 INFO  server.GrpcService (GrpcService.java:startImpl(149)) - b07ec8b5-f787-4651-a434-af73f05d0085: GrpcService started, listening on 0.0.0.0/0.0.0.0:34445
2019-07-13 14:38:02,903 INFO  ratis.XceiverServerRatis (XceiverServerRatis.java:start(428)) - XceiverServerRatis b07ec8b5-f787-4651-a434-af73f05d0085 is started using port 34445
2019-07-13 14:38:02,911 INFO  server.XceiverServerGrpc (XceiverServerGrpc.java:start(161)) - XceiverServerGrpc b07ec8b5-f787-4651-a434-af73f05d0085 is started using port 43214
2019-07-13 14:38:03,064 INFO  ozoneimpl.OzoneContainer (OzoneContainer.java:start(186)) - Attempting to start container services.
2019-07-13 14:38:03,064 INFO  ozoneimpl.OzoneContainer (OzoneContainer.java:startContainerScrub(160)) - Background container scrubber has been disabled by hdds.containerscrub.enabled
2019-07-13 14:38:03,064 INFO  ratis.XceiverServerRatis (XceiverServerRatis.java:start(418)) - Starting XceiverServerRatis fedfd956-abb6-4ad4-8b26-54bbdc973f4b at port 0
2019-07-13 14:38:03,073 INFO  impl.RaftServerProxy (RaftServerProxy.java:lambda$start$3(299)) - fedfd956-abb6-4ad4-8b26-54bbdc973f4b: start RPC server
2019-07-13 14:38:03,074 INFO  server.GrpcService (GrpcService.java:startImpl(149)) - fedfd956-abb6-4ad4-8b26-54bbdc973f4b: GrpcService started, listening on 0.0.0.0/0.0.0.0:45594
2019-07-13 14:38:03,074 INFO  ratis.XceiverServerRatis (XceiverServerRatis.java:start(428)) - XceiverServerRatis fedfd956-abb6-4ad4-8b26-54bbdc973f4b is started using port 45594
2019-07-13 14:38:03,074 INFO  server.XceiverServerGrpc (XceiverServerGrpc.java:start(161)) - XceiverServerGrpc fedfd956-abb6-4ad4-8b26-54bbdc973f4b is started using port 42483
2019-07-13 14:38:03,217 INFO  ozoneimpl.OzoneContainer (OzoneContainer.java:start(186)) - Attempting to start container services.
2019-07-13 14:38:03,217 INFO  ozoneimpl.OzoneContainer (OzoneContainer.java:startContainerScrub(160)) - Background container scrubber has been disabled by hdds.containerscrub.enabled
2019-07-13 14:38:03,217 INFO  ratis.XceiverServerRatis (XceiverServerRatis.java:start(418)) - Starting XceiverServerRatis f884fa18-d209-462d-b696-0388a1872809 at port 0
2019-07-13 14:38:03,228 INFO  impl.RaftServerProxy (RaftServerProxy.java:lambda$start$3(299)) - f884fa18-d209-462d-b696-0388a1872809: start RPC server
2019-07-13 14:38:03,228 INFO  server.GrpcService (GrpcService.java:startImpl(149)) - f884fa18-d209-462d-b696-0388a1872809: GrpcService started, listening on 0.0.0.0/0.0.0.0:36364
2019-07-13 14:38:03,228 INFO  ratis.XceiverServerRatis (XceiverServerRatis.java:start(428)) - XceiverServerRatis f884fa18-d209-462d-b696-0388a1872809 is started using port 36364
2019-07-13 14:38:03,229 INFO  server.XceiverServerGrpc (XceiverServerGrpc.java:start(161)) - XceiverServerGrpc f884fa18-d209-462d-b696-0388a1872809 is started using port 33256
2019-07-13 14:38:03,397 INFO  ozoneimpl.OzoneContainer (OzoneContainer.java:start(186)) - Attempting to start container services.
2019-07-13 14:38:03,398 INFO  ozoneimpl.OzoneContainer (OzoneContainer.java:startContainerScrub(160)) - Background container scrubber has been disabled by hdds.containerscrub.enabled
2019-07-13 14:38:03,398 INFO  ratis.XceiverServerRatis (XceiverServerRatis.java:start(418)) - Starting XceiverServerRatis 4f16b0be-5bc2-4e3d-93a3-555c18992566 at port 0
2019-07-13 14:38:03,405 INFO  impl.RaftServerProxy (RaftServerProxy.java:lambda$start$3(299)) - 4f16b0be-5bc2-4e3d-93a3-555c18992566: start RPC server
2019-07-13 14:38:03,405 INFO  server.GrpcService (GrpcService.java:startImpl(149)) - 4f16b0be-5bc2-4e3d-93a3-555c18992566: GrpcService started, listening on 0.0.0.0/0.0.0.0:46813
2019-07-13 14:38:03,406 INFO  ratis.XceiverServerRatis (XceiverServerRatis.java:start(428)) - XceiverServerRatis 4f16b0be-5bc2-4e3d-93a3-555c18992566 is started using port 46813
2019-07-13 14:38:03,406 INFO  server.XceiverServerGrpc (XceiverServerGrpc.java:start(161)) - XceiverServerGrpc 4f16b0be-5bc2-4e3d-93a3-555c18992566 is started using port 36158
2019-07-13 14:38:03,548 INFO  ozone.MiniOzoneClusterImpl (MiniOzoneClusterImpl.java:lambda$waitForClusterToBeReady$0(142)) - Waiting for cluster to be ready. Got 0 of 7 DN Heartbeats.
2019-07-13 14:38:03,555 INFO  ozoneimpl.OzoneContainer (OzoneContainer.java:start(186)) - Attempting to start container services.
2019-07-13 14:38:03,555 INFO  ozoneimpl.OzoneContainer (OzoneContainer.java:startContainerScrub(160)) - Background container scrubber has been disabled by hdds.containerscrub.enabled
2019-07-13 14:38:03,555 INFO  ratis.XceiverServerRatis (XceiverServerRatis.java:start(418)) - Starting XceiverServerRatis 51dfeec5-c7b6-431f-9756-00d4a360d3d9 at port 0
2019-07-13 14:38:03,564 INFO  impl.RaftServerProxy (RaftServerProxy.java:lambda$start$3(299)) - 51dfeec5-c7b6-431f-9756-00d4a360d3d9: start RPC server
2019-07-13 14:38:03,565 INFO  server.GrpcService (GrpcService.java:startImpl(149)) - 51dfeec5-c7b6-431f-9756-00d4a360d3d9: GrpcService started, listening on 0.0.0.0/0.0.0.0:35266
2019-07-13 14:38:03,565 INFO  ratis.XceiverServerRatis (XceiverServerRatis.java:start(428)) - XceiverServerRatis 51dfeec5-c7b6-431f-9756-00d4a360d3d9 is started using port 35266
2019-07-13 14:38:03,565 INFO  server.XceiverServerGrpc (XceiverServerGrpc.java:start(161)) - XceiverServerGrpc 51dfeec5-c7b6-431f-9756-00d4a360d3d9 is started using port 41422
2019-07-13 14:38:04,540 INFO  net.NetworkTopology (NetworkTopologyImpl.java:add(110)) - Added a new node: /default-rack/192.168.5.172
2019-07-13 14:38:04,543 INFO  node.SCMNodeManager (SCMNodeManager.java:register(269)) - Registered Data node : 88481078-93db-4d5a-baea-16b5a73ff595{ip: 192.168.5.172, host: trunk-nightly-mhs6z-4061744966, networkLocation: /default-rack, certSerialId: null}
2019-07-13 14:38:04,544 INFO  safemode.SCMSafeModeManager (DataNodeSafeModeRule.java:process(71)) - SCM in safe mode. 1 DataNodes registered, 1 required.
2019-07-13 14:38:04,546 INFO  safemode.SCMSafeModeManager (SCMSafeModeManager.java:validateSafeModeExitRules(177)) - ScmSafeModeManager, all rules are successfully validated
2019-07-13 14:38:04,546 INFO  safemode.SCMSafeModeManager (SCMSafeModeManager.java:exitSafeMode(193)) - SCM exiting safe mode.
2019-07-13 14:38:04,548 INFO  ozone.MiniOzoneClusterImpl (MiniOzoneClusterImpl.java:lambda$waitForClusterToBeReady$0(142)) - Waiting for cluster to be ready. Got 1 of 7 DN Heartbeats.
2019-07-13 14:38:04,555 INFO  impl.RaftServerProxy (RaftServerProxy.java:addNew(89)) - 88481078-93db-4d5a-baea-16b5a73ff595: addNew group-3DA43372BC9C:[88481078-93db-4d5a-baea-16b5a73ff595:192.168.5.172:35356] returns group-3DA43372BC9C:java.util.concurrent.CompletableFuture@7ccb7b17[Not completed]
2019-07-13 14:38:04,556 INFO  impl.RaftServerImpl (RaftServerImpl.java:<init>(93)) - 88481078-93db-4d5a-baea-16b5a73ff595: new RaftServerImpl for group-3DA43372BC9C:[88481078-93db-4d5a-baea-16b5a73ff595:192.168.5.172:35356] with ContainerStateMachine:uninitialized
2019-07-13 14:38:04,556 INFO  server.RaftServerConfigKeys (ConfUtils.java:logGet(43)) - raft.server.rpc.timeout.min = 5s (custom)
2019-07-13 14:38:04,556 INFO  server.RaftServerConfigKeys (ConfUtils.java:logGet(43)) - raft.server.rpc.timeout.max = 5200ms (custom)
2019-07-13 14:38:04,557 INFO  server.RaftServerConfigKeys (ConfUtils.java:logGet(43)) - raft.server.rpcslowness.timeout = 120s (custom)
2019-07-13 14:38:04,557 INFO  server.RaftServerConfigKeys (ConfUtils.java:logGet(43)) - raft.server.sleep.deviation.threshold = 300 (default)
2019-07-13 14:38:04,557 INFO  server.RaftServerConfigKeys (ConfUtils.java:logGet(43)) - raft.server.log.appender.install.snapshot.enabled = false (custom)
2019-07-13 14:38:04,557 INFO  impl.RaftServerImpl (ServerState.java:<init>(105)) - 88481078-93db-4d5a-baea-16b5a73ff595:group-3DA43372BC9C ConfigurationManager, init=-1: [88481078-93db-4d5a-baea-16b5a73ff595:192.168.5.172:35356], old=null, confs=<EMPTY_MAP>
2019-07-13 14:38:04,557 INFO  server.RaftServerConfigKeys (ConfUtils.java:logGet(43)) - raft.server.storage.dir = [/tmp/workdir/hadoop-ozone/integration-test/target/test-dir/MiniOzoneClusterImpl-a2f51f5a-cc29-448c-8907-e054de5c1629/datanode-0/data/ratis] (custom)
2019-07-13 14:38:04,558 INFO  storage.RaftStorageDirectory (RaftStorageDirectory.java:analyzeStorage(246)) - The storage directory /tmp/workdir/hadoop-ozone/integration-test/target/test-dir/MiniOzoneClusterImpl-a2f51f5a-cc29-448c-8907-e054de5c1629/datanode-0/data/ratis/17dcff5d-bb10-4f3a-9113-3da43372bc9c does not exist. Creating ...
2019-07-13 14:38:04,562 INFO  storage.RaftStorageDirectory (RaftStorageDirectory.java:tryLock(328)) - Lock on /tmp/workdir/hadoop-ozone/integration-test/target/test-dir/MiniOzoneClusterImpl-a2f51f5a-cc29-448c-8907-e054de5c1629/datanode-0/data/ratis/17dcff5d-bb10-4f3a-9113-3da43372bc9c/in_use.lock acquired by nodename 31544@trunk-nightly-mhs6z-4061744966
2019-07-13 14:38:04,566 INFO  storage.RaftStorage (RaftStorage.java:format(72)) - Storage directory /tmp/workdir/hadoop-ozone/integration-test/target/test-dir/MiniOzoneClusterImpl-a2f51f5a-cc29-448c-8907-e054de5c1629/datanode-0/data/ratis/17dcff5d-bb10-4f3a-9113-3da43372bc9c has been successfully formatted.
2019-07-13 14:38:04,566 INFO  ratis.ContainerStateMachine (ContainerStateMachine.java:loadSnapshot(200)) - The snapshot info is null.Setting the last applied index to:(t:0, i:~)
2019-07-13 14:38:04,566 INFO  server.RaftServerConfigKeys (ConfUtils.java:logGet(43)) - raft.server.leader.election.timeout = 120s (custom)
2019-07-13 14:38:04,566 INFO  server.RaftServerConfigKeys (ConfUtils.java:logGet(43)) - raft.server.log.use.memory = false (default)
2019-07-13 14:38:04,567 INFO  server.RaftServerConfigKeys (ConfUtils.java:logGet(43)) - raft.server.log.purge.gap = 1000000000 (custom)
2019-07-13 14:38:04,567 INFO  server.RaftServerConfigKeys (ConfUtils.java:logGet(43)) - raft.server.log.appender.buffer.byte-limit = 33554432 (custom)
2019-07-13 14:38:04,567 INFO  server.RaftServerConfigKeys (ConfUtils.java:logGet(43)) - raft.server.log.segment.size.max = 1048576 (custom)
2019-07-13 14:38:04,567 INFO  server.RaftServerConfigKeys (ConfUtils.java:logGet(43)) - raft.server.log.segment.cache.num.max = 2 (custom)
2019-07-13 14:38:04,567 INFO  segmented.SegmentedRaftLogWorker (SegmentedRaftLogWorker.java:<init>(172)) - new 88481078-93db-4d5a-baea-16b5a73ff595-SegmentedRaftLogWorker:Storage Directory /tmp/workdir/hadoop-ozone/integration-test/target/test-dir/MiniOzoneClusterImpl-a2f51f5a-cc29-448c-8907-e054de5c1629/datanode-0/data/ratis/17dcff5d-bb10-4f3a-9113-3da43372bc9c for RaftStorage:Storage Directory /tmp/workdir/hadoop-ozone/integration-test/target/test-dir/MiniOzoneClusterImpl-a2f51f5a-cc29-448c-8907-e054de5c1629/datanode-0/data/ratis/17dcff5d-bb10-4f3a-9113-3da43372bc9c
2019-07-13 14:38:04,567 INFO  server.RaftServerConfigKeys (ConfUtils.java:logGet(43)) - raft.server.log.queue.byte-limit = 2147483647 (custom)
2019-07-13 14:38:04,568 INFO  server.RaftServerConfigKeys (ConfUtils.java:logGet(43)) - raft.server.log.queue.element-limit = 1024 (custom)
2019-07-13 14:38:04,568 INFO  server.RaftServerConfigKeys (ConfUtils.java:logGet(43)) - raft.server.log.segment.size.max = 1048576 (custom)
2019-07-13 14:38:04,568 INFO  server.RaftServerConfigKeys (ConfUtils.java:logGet(43)) - raft.server.log.preallocated.size = 16384 (custom)
2019-07-13 14:38:04,568 INFO  server.RaftServerConfigKeys (ConfUtils.java:logGet(43)) - raft.server.log.write.buffer.size = 33554432 (custom)
2019-07-13 14:38:04,568 INFO  server.RaftServerConfigKeys (ConfUtils.java:logGet(43)) - raft.server.log.force.sync.num = 128 (default)
2019-07-13 14:38:04,569 INFO  server.RaftServerConfigKeys (ConfUtils.java:logGet(43)) - raft.server.log.statemachine.data.sync = true (default)
2019-07-13 14:38:04,569 INFO  server.RaftServerConfigKeys (ConfUtils.java:logGet(43)) - raft.server.log.statemachine.data.sync.timeout = 10s (default)
2019-07-13 14:38:04,569 INFO  server.RaftServerConfigKeys (ConfUtils.java:logGet(43)) - raft.server.log.statemachine.data.sync.timeout.retry = -1 (default)
2019-07-13 14:38:04,569 INFO  server.RaftServerConfigKeys (ConfUtils.java:logGet(43)) - raft.server.log.statemachine.data.caching.enabled = true (custom)
2019-07-13 14:38:04,569 INFO  segmented.SegmentedRaftLogWorker (SegmentedRaftLogWorker.java:lambda$new$0(132)) - 88481078-93db-4d5a-baea-16b5a73ff595-SegmentedRaftLogWorker:Storage Directory /tmp/workdir/hadoop-ozone/integration-test/target/test-dir/MiniOzoneClusterImpl-a2f51f5a-cc29-448c-8907-e054de5c1629/datanode-0/data/ratis/17dcff5d-bb10-4f3a-9113-3da43372bc9c: flushIndex: setUnconditionally 0 -> -1
2019-07-13 14:38:04,570 INFO  server.RaftServerConfigKeys (ConfUtils.java:logGet(43)) - raft.server.snapshot.auto.trigger.enabled = true (custom)
2019-07-13 14:38:04,570 INFO  server.RaftServerConfigKeys (ConfUtils.java:logGet(43)) - raft.server.snapshot.auto.trigger.threshold = 10000 (custom)
2019-07-13 14:38:04,570 INFO  server.RaftServerConfigKeys (ConfUtils.java:logGet(43)) - raft.server.retrycache.expirytime = 600000ms (custom)
2019-07-13 14:38:04,570 INFO  impl.RaftServerImpl (RaftServerImpl.java:start(180)) - 88481078-93db-4d5a-baea-16b5a73ff595: start group-3DA43372BC9C
2019-07-13 14:38:04,571 INFO  impl.RaftServerImpl (RaftServerImpl.java:setRole(171)) - 88481078-93db-4d5a-baea-16b5a73ff595:group-3DA43372BC9C changes role from null to FOLLOWER at term 0 for startAsFollower
2019-07-13 14:38:04,571 INFO  impl.RoleInfo (RoleInfo.java:updateAndGet(143)) - 88481078-93db-4d5a-baea-16b5a73ff595: start FollowerState
2019-07-13 14:38:04,571 INFO  util.JmxRegister (JmxRegister.java:tryRegister(44)) - Successfully registered JMX Bean with object name Ratis:service=RaftServer,group=group-3DA43372BC9C,id=88481078-93db-4d5a-baea-16b5a73ff595
2019-07-13 14:38:04,574 INFO  pipeline.PipelineStateManager (PipelineStateManager.java:addPipeline(56)) - Created pipeline Pipeline[ Id: 17dcff5d-bb10-4f3a-9113-3da43372bc9c, Nodes: 88481078-93db-4d5a-baea-16b5a73ff595{ip: 192.168.5.172, host: trunk-nightly-mhs6z-4061744966, networkLocation: /default-rack, certSerialId: null}, Type:RATIS, Factor:ONE, State:OPEN]
2019-07-13 14:38:04,733 INFO  node.SCMNodeManager (SCMNodeManager.java:register(269)) - Registered Data node : 01002fe0-6cca-4877-ae90-5ff90be4a072{ip: 192.168.5.172, host: trunk-nightly-mhs6z-4061744966, networkLocation: /default-rack, certSerialId: null}
2019-07-13 14:38:04,741 INFO  impl.RaftServerProxy (RaftServerProxy.java:addNew(89)) - 01002fe0-6cca-4877-ae90-5ff90be4a072: addNew group-70503B0DA10E:[01002fe0-6cca-4877-ae90-5ff90be4a072:192.168.5.172:39807] returns group-70503B0DA10E:java.util.concurrent.CompletableFuture@6c61ba12[Not completed]
2019-07-13 14:38:04,742 INFO  impl.RaftServerImpl (RaftServerImpl.java:<init>(93)) - 01002fe0-6cca-4877-ae90-5ff90be4a072: new RaftServerImpl for group-70503B0DA10E:[01002fe0-6cca-4877-ae90-5ff90be4a072:192.168.5.172:39807] with ContainerStateMachine:uninitialized
2019-07-13 14:38:04,742 INFO  server.RaftServerConfigKeys (ConfUtils.java:logGet(43)) - raft.server.rpc.timeout.min = 5s (custom)
2019-07-13 14:38:04,742 INFO  server.RaftServerConfigKeys (ConfUtils.java:logGet(43)) - raft.server.rpc.timeout.max = 5200ms (custom)
2019-07-13 14:38:04,742 INFO  server.RaftServerConfigKeys (ConfUtils.java:logGet(43)) - raft.server.rpcslowness.timeout = 120s (custom)
2019-07-13 14:38:04,742 INFO  server.RaftServerConfigKeys (ConfUtils.java:logGet(43)) - raft.server.sleep.deviation.threshold = 300 (default)
2019-07-13 14:38:04,742 INFO  server.RaftServerConfigKeys (ConfUtils.java:logGet(43)) - raft.server.log.appender.install.snapshot.enabled = false (custom)
2019-07-13 14:38:04,743 INFO  impl.RaftServerImpl (ServerState.java:<init>(105)) - 01002fe0-6cca-4877-ae90-5ff90be4a072:group-70503B0DA10E ConfigurationManager, init=-1: [01002fe0-6cca-4877-ae90-5ff90be4a072:192.168.5.172:39807], old=null, confs=<EMPTY_MAP>
2019-07-13 14:38:04,743 INFO  server.RaftServerConfigKeys (ConfUtils.java:logGet(43)) - raft.server.storage.dir = [/tmp/workdir/hadoop-ozone/integration-test/target/test-dir/MiniOzoneClusterImpl-a2f51f5a-cc29-448c-8907-e054de5c1629/datanode-1/data/ratis] (custom)
2019-07-13 14:38:04,743 INFO  storage.RaftStorageDirectory (RaftStorageDirectory.java:analyzeStorage(246)) - The storage directory /tmp/workdir/hadoop-ozone/integration-test/target/test-dir/MiniOzoneClusterImpl-a2f51f5a-cc29-448c-8907-e054de5c1629/datanode-1/data/ratis/9c870f6d-8daa-45d0-ab20-70503b0da10e does not exist. Creating ...
2019-07-13 14:38:04,755 INFO  storage.RaftStorageDirectory (RaftStorageDirectory.java:tryLock(328)) - Lock on /tmp/workdir/hadoop-ozone/integration-test/target/test-dir/MiniOzoneClusterImpl-a2f51f5a-cc29-448c-8907-e054de5c1629/datanode-1/data/ratis/9c870f6d-8daa-45d0-ab20-70503b0da10e/in_use.lock acquired by nodename 31544@trunk-nightly-mhs6z-4061744966
2019-07-13 14:38:04,759 INFO  storage.RaftStorage (RaftStorage.java:format(72)) - Storage directory /tmp/workdir/hadoop-ozone/integration-test/target/test-dir/MiniOzoneClusterImpl-a2f51f5a-cc29-448c-8907-e054de5c1629/datanode-1/data/ratis/9c870f6d-8daa-45d0-ab20-70503b0da10e has been successfully formatted.
2019-07-13 14:38:04,760 INFO  ratis.ContainerStateMachine (ContainerStateMachine.java:loadSnapshot(200)) - The snapshot info is null.Setting the last applied index to:(t:0, i:~)
2019-07-13 14:38:04,760 INFO  server.RaftServerConfigKeys (ConfUtils.java:logGet(43)) - raft.server.leader.election.timeout = 120s (custom)
2019-07-13 14:38:04,760 INFO  server.RaftServerConfigKeys (ConfUtils.java:logGet(43)) - raft.server.log.use.memory = false (default)
2019-07-13 14:38:04,760 INFO  server.RaftServerConfigKeys (ConfUtils.java:logGet(43)) - raft.server.log.purge.gap = 1000000000 (custom)
2019-07-13 14:38:04,760 INFO  server.RaftServerConfigKeys (ConfUtils.java:logGet(43)) - raft.server.log.appender.buffer.byte-limit = 33554432 (custom)
2019-07-13 14:38:04,760 INFO  server.RaftServerConfigKeys (ConfUtils.java:logGet(43)) - raft.server.log.segment.size.max = 1048576 (custom)
2019-07-13 14:38:04,761 INFO  server.RaftServerConfigKeys (ConfUtils.java:logGet(43)) - raft.server.log.segment.cache.num.max = 2 (custom)
2019-07-13 14:38:04,761 INFO  segmented.SegmentedRaftLogWorker (SegmentedRaftLogWorker.java:<init>(172)) - new 01002fe0-6cca-4877-ae90-5ff90be4a072-SegmentedRaftLogWorker:Storage Directory /tmp/workdir/hadoop-ozone/integration-test/target/test-dir/MiniOzoneClusterImpl-a2f51f5a-cc29-448c-8907-e054de5c1629/datanode-1/data/ratis/9c870f6d-8daa-45d0-ab20-70503b0da10e for RaftStorage:Storage Directory /tmp/workdir/hadoop-ozone/integration-test/target/test-dir/MiniOzoneClusterImpl-a2f51f5a-cc29-448c-8907-e054de5c1629/datanode-1/data/ratis/9c870f6d-8daa-45d0-ab20-70503b0da10e
2019-07-13 14:38:04,761 INFO  server.RaftServerConfigKeys (ConfUtils.java:logGet(43)) - raft.server.log.queue.byte-limit = 2147483647 (custom)
2019-07-13 14:38:04,761 INFO  server.RaftServerConfigKeys (ConfUtils.java:logGet(43)) - raft.server.log.queue.element-limit = 1024 (custom)
2019-07-13 14:38:04,761 INFO  server.RaftServerConfigKeys (ConfUtils.java:logGet(43)) - raft.server.log.segment.size.max = 1048576 (custom)
2019-07-13 14:38:04,762 INFO  server.RaftServerConfigKeys (ConfUtils.java:logGet(43)) - raft.server.log.preallocated.size = 16384 (custom)
2019-07-13 14:38:04,762 INFO  server.RaftServerConfigKeys (ConfUtils.java:logGet(43)) - raft.server.log.write.buffer.size = 33554432 (custom)
2019-07-13 14:38:04,762 INFO  server.RaftServerConfigKeys (ConfUtils.java:logGet(43)) - raft.server.log.force.sync.num = 128 (default)
2019-07-13 14:38:04,762 INFO  server.RaftServerConfigKeys (ConfUtils.java:logGet(43)) - raft.server.log.statemachine.data.sync = true (default)
2019-07-13 14:38:04,762 INFO  server.RaftServerConfigKeys (ConfUtils.java:logGet(43)) - raft.server.log.statemachine.data.sync.timeout = 10s (default)
2019-07-13 14:38:04,762 INFO  server.RaftServerConfigKeys (ConfUtils.java:logGet(43)) - raft.server.log.statemachine.data.sync.timeout.retry = -1 (default)
2019-07-13 14:38:04,763 INFO  server.RaftServerConfigKeys (ConfUtils.java:logGet(43)) - raft.server.log.statemachine.data.caching.enabled = true (custom)
2019-07-13 14:38:04,763 INFO  segmented.SegmentedRaftLogWorker (SegmentedRaftLogWorker.java:lambda$new$0(132)) - 01002fe0-6cca-4877-ae90-5ff90be4a072-SegmentedRaftLogWorker:Storage Directory /tmp/workdir/hadoop-ozone/integration-test/target/test-dir/MiniOzoneClusterImpl-a2f51f5a-cc29-448c-8907-e054de5c1629/datanode-1/data/ratis/9c870f6d-8daa-45d0-ab20-70503b0da10e: flushIndex: setUnconditionally 0 -> -1
2019-07-13 14:38:04,764 INFO  server.RaftServerConfigKeys (ConfUtils.java:logGet(43)) - raft.server.snapshot.auto.trigger.enabled = true (custom)
2019-07-13 14:38:04,764 INFO  server.RaftServerConfigKeys (ConfUtils.java:logGet(43)) - raft.server.snapshot.auto.trigger.threshold = 10000 (custom)
2019-07-13 14:38:04,764 INFO  server.RaftServerConfigKeys (ConfUtils.java:logGet(43)) - raft.server.retrycache.expirytime = 600000ms (custom)
2019-07-13 14:38:04,764 INFO  impl.RaftServerImpl (RaftServerImpl.java:start(180)) - 01002fe0-6cca-4877-ae90-5ff90be4a072: start group-70503B0DA10E
2019-07-13 14:38:04,764 INFO  impl.RaftServerImpl (RaftServerImpl.java:setRole(171)) - 01002fe0-6cca-4877-ae90-5ff90be4a072:group-70503B0DA10E changes role from null to FOLLOWER at term 0 for startAsFollower
2019-07-13 14:38:04,764 INFO  impl.RoleInfo (RoleInfo.java:updateAndGet(143)) - 01002fe0-6cca-4877-ae90-5ff90be4a072: start FollowerState
2019-07-13 14:38:04,765 INFO  util.JmxRegister (JmxRegister.java:tryRegister(44)) - Successfully registered JMX Bean with object name Ratis:service=RaftServer,group=group-70503B0DA10E,id=01002fe0-6cca-4877-ae90-5ff90be4a072
2019-07-13 14:38:04,768 INFO  pipeline.PipelineStateManager (PipelineStateManager.java:addPipeline(56)) - Created pipeline Pipeline[ Id: 9c870f6d-8daa-45d0-ab20-70503b0da10e, Nodes: 01002fe0-6cca-4877-ae90-5ff90be4a072{ip: 192.168.5.172, host: trunk-nightly-mhs6z-4061744966, networkLocation: /default-rack, certSerialId: null}, Type:RATIS, Factor:ONE, State:OPEN]
2019-07-13 14:38:04,891 INFO  node.SCMNodeManager (SCMNodeManager.java:register(269)) - Registered Data node : b07ec8b5-f787-4651-a434-af73f05d0085{ip: 192.168.5.172, host: trunk-nightly-mhs6z-4061744966, networkLocation: /default-rack, certSerialId: null}
2019-07-13 14:38:04,898 INFO  impl.RaftServerProxy (RaftServerProxy.java:addNew(89)) - b07ec8b5-f787-4651-a434-af73f05d0085: addNew group-B511F2E663F3:[b07ec8b5-f787-4651-a434-af73f05d0085:192.168.5.172:34445] returns group-B511F2E663F3:java.util.concurrent.CompletableFuture@cb9dac6[Not completed]
2019-07-13 14:38:04,899 INFO  impl.RaftServerImpl (RaftServerImpl.java:<init>(93)) - b07ec8b5-f787-4651-a434-af73f05d0085: new RaftServerImpl for group-B511F2E663F3:[b07ec8b5-f787-4651-a434-af73f05d0085:192.168.5.172:34445] with ContainerStateMachine:uninitialized
2019-07-13 14:38:04,899 INFO  server.RaftServerConfigKeys (ConfUtils.java:logGet(43)) - raft.server.rpc.timeout.min = 5s (custom)
2019-07-13 14:38:04,899 INFO  server.RaftServerConfigKeys (ConfUtils.java:logGet(43)) - raft.server.rpc.timeout.max = 5200ms (custom)
2019-07-13 14:38:04,899 INFO  server.RaftServerConfigKeys (ConfUtils.java:logGet(43)) - raft.server.rpcslowness.timeout = 120s (custom)
2019-07-13 14:38:04,899 INFO  server.RaftServerConfigKeys (ConfUtils.java:logGet(43)) - raft.server.sleep.deviation.threshold = 300 (default)
2019-07-13 14:38:04,899 INFO  server.RaftServerConfigKeys (ConfUtils.java:logGet(43)) - raft.server.log.appender.install.snapshot.enabled = false (custom)
2019-07-13 14:38:04,900 INFO  impl.RaftServerImpl (ServerState.java:<init>(105)) - b07ec8b5-f787-4651-a434-af73f05d0085:group-B511F2E663F3 ConfigurationManager, init=-1: [b07ec8b5-f787-4651-a434-af73f05d0085:192.168.5.172:34445], old=null, confs=<EMPTY_MAP>
2019-07-13 14:38:04,900 INFO  server.RaftServerConfigKeys (ConfUtils.java:logGet(43)) - raft.server.storage.dir = [/tmp/workdir/hadoop-ozone/integration-test/target/test-dir/MiniOzoneClusterImpl-a2f51f5a-cc29-448c-8907-e054de5c1629/datanode-2/data/ratis] (custom)
2019-07-13 14:38:04,900 INFO  storage.RaftStorageDirectory (RaftStorageDirectory.java:analyzeStorage(246)) - The storage directory /tmp/workdir/hadoop-ozone/integration-test/target/test-dir/MiniOzoneClusterImpl-a2f51f5a-cc29-448c-8907-e054de5c1629/datanode-2/data/ratis/1e99439e-1875-455e-b0da-b511f2e663f3 does not exist. Creating ...
2019-07-13 14:38:04,905 INFO  storage.RaftStorageDirectory (RaftStorageDirectory.java:tryLock(328)) - Lock on /tmp/workdir/hadoop-ozone/integration-test/target/test-dir/MiniOzoneClusterImpl-a2f51f5a-cc29-448c-8907-e054de5c1629/datanode-2/data/ratis/1e99439e-1875-455e-b0da-b511f2e663f3/in_use.lock acquired by nodename 31544@trunk-nightly-mhs6z-4061744966
2019-07-13 14:38:04,909 INFO  storage.RaftStorage (RaftStorage.java:format(72)) - Storage directory /tmp/workdir/hadoop-ozone/integration-test/target/test-dir/MiniOzoneClusterImpl-a2f51f5a-cc29-448c-8907-e054de5c1629/datanode-2/data/ratis/1e99439e-1875-455e-b0da-b511f2e663f3 has been successfully formatted.
2019-07-13 14:38:04,909 INFO  ratis.ContainerStateMachine (ContainerStateMachine.java:loadSnapshot(200)) - The snapshot info is null.Setting the last applied index to:(t:0, i:~)
2019-07-13 14:38:04,910 INFO  server.RaftServerConfigKeys (ConfUtils.java:logGet(43)) - raft.server.leader.election.timeout = 120s (custom)
2019-07-13 14:38:04,910 INFO  server.RaftServerConfigKeys (ConfUtils.java:logGet(43)) - raft.server.log.use.memory = false (default)
2019-07-13 14:38:04,910 INFO  server.RaftServerConfigKeys (ConfUtils.java:logGet(43)) - raft.server.log.purge.gap = 1000000000 (custom)
2019-07-13 14:38:04,910 INFO  server.RaftServerConfigKeys (ConfUtils.java:logGet(43)) - raft.server.log.appender.buffer.byte-limit = 33554432 (custom)
2019-07-13 14:38:04,910 INFO  server.RaftServerConfigKeys (ConfUtils.java:logGet(43)) - raft.server.log.segment.size.max = 1048576 (custom)
2019-07-13 14:38:04,910 INFO  server.RaftServerConfigKeys (ConfUtils.java:logGet(43)) - raft.server.log.segment.cache.num.max = 2 (custom)
2019-07-13 14:38:04,911 INFO  segmented.SegmentedRaftLogWorker (SegmentedRaftLogWorker.java:<init>(172)) - new b07ec8b5-f787-4651-a434-af73f05d0085-SegmentedRaftLogWorker:Storage Directory /tmp/workdir/hadoop-ozone/integration-test/target/test-dir/MiniOzoneClusterImpl-a2f51f5a-cc29-448c-8907-e054de5c1629/datanode-2/data/ratis/1e99439e-1875-455e-b0da-b511f2e663f3 for RaftStorage:Storage Directory /tmp/workdir/hadoop-ozone/integration-test/target/test-dir/MiniOzoneClusterImpl-a2f51f5a-cc29-448c-8907-e054de5c1629/datanode-2/data/ratis/1e99439e-1875-455e-b0da-b511f2e663f3
2019-07-13 14:38:04,911 INFO  server.RaftServerConfigKeys (ConfUtils.java:logGet(43)) - raft.server.log.queue.byte-limit = 2147483647 (custom)
2019-07-13 14:38:04,911 INFO  server.RaftServerConfigKeys (ConfUtils.java:logGet(43)) - raft.server.log.queue.element-limit = 1024 (custom)
2019-07-13 14:38:04,911 INFO  server.RaftServerConfigKeys (ConfUtils.java:logGet(43)) - raft.server.log.segment.size.max = 1048576 (custom)
2019-07-13 14:38:04,911 INFO  server.RaftServerConfigKeys (ConfUtils.java:logGet(43)) - raft.server.log.preallocated.size = 16384 (custom)
2019-07-13 14:38:04,911 INFO  server.RaftServerConfigKeys (ConfUtils.java:logGet(43)) - raft.server.log.write.buffer.size = 33554432 (custom)
2019-07-13 14:38:04,912 INFO  server.RaftServerConfigKeys (ConfUtils.java:logGet(43)) - raft.server.log.force.sync.num = 128 (default)
2019-07-13 14:38:04,912 INFO  server.RaftServerConfigKeys (ConfUtils.java:logGet(43)) - raft.server.log.statemachine.data.sync = true (default)
2019-07-13 14:38:04,912 INFO  server.RaftServerConfigKeys (ConfUtils.java:logGet(43)) - raft.server.log.statemachine.data.sync.timeout = 10s (default)
2019-07-13 14:38:04,912 INFO  server.RaftServerConfigKeys (ConfUtils.java:logGet(43)) - raft.server.log.statemachine.data.sync.timeout.retry = -1 (default)
2019-07-13 14:38:04,912 INFO  server.RaftServerConfigKeys (ConfUtils.java:logGet(43)) - raft.server.log.statemachine.data.caching.enabled = true (custom)
2019-07-13 14:38:04,913 INFO  segmented.SegmentedRaftLogWorker (SegmentedRaftLogWorker.java:lambda$new$0(132)) - b07ec8b5-f787-4651-a434-af73f05d0085-SegmentedRaftLogWorker:Storage Directory /tmp/workdir/hadoop-ozone/integration-test/target/test-dir/MiniOzoneClusterImpl-a2f51f5a-cc29-448c-8907-e054de5c1629/datanode-2/data/ratis/1e99439e-1875-455e-b0da-b511f2e663f3: flushIndex: setUnconditionally 0 -> -1
2019-07-13 14:38:04,913 INFO  server.RaftServerConfigKeys (ConfUtils.java:logGet(43)) - raft.server.snapshot.auto.trigger.enabled = true (custom)
2019-07-13 14:38:04,913 INFO  server.RaftServerConfigKeys (ConfUtils.java:logGet(43)) - raft.server.snapshot.auto.trigger.threshold = 10000 (custom)
2019-07-13 14:38:04,913 INFO  server.RaftServerConfigKeys (ConfUtils.java:logGet(43)) - raft.server.retrycache.expirytime = 600000ms (custom)
2019-07-13 14:38:04,913 INFO  impl.RaftServerImpl (RaftServerImpl.java:start(180)) - b07ec8b5-f787-4651-a434-af73f05d0085: start group-B511F2E663F3
2019-07-13 14:38:04,914 INFO  impl.RaftServerImpl (RaftServerImpl.java:setRole(171)) - b07ec8b5-f787-4651-a434-af73f05d0085:group-B511F2E663F3 changes role from null to FOLLOWER at term 0 for startAsFollower
2019-07-13 14:38:04,914 INFO  impl.RoleInfo (RoleInfo.java:updateAndGet(143)) - b07ec8b5-f787-4651-a434-af73f05d0085: start FollowerState
2019-07-13 14:38:04,914 INFO  util.JmxRegister (JmxRegister.java:tryRegister(44)) - Successfully registered JMX Bean with object name Ratis:service=RaftServer,group=group-B511F2E663F3,id=b07ec8b5-f787-4651-a434-af73f05d0085
2019-07-13 14:38:04,916 INFO  pipeline.PipelineStateManager (PipelineStateManager.java:addPipeline(56)) - Created pipeline Pipeline[ Id: 1e99439e-1875-455e-b0da-b511f2e663f3, Nodes: b07ec8b5-f787-4651-a434-af73f05d0085{ip: 192.168.5.172, host: trunk-nightly-mhs6z-4061744966, networkLocation: /default-rack, certSerialId: null}, Type:RATIS, Factor:ONE, State:OPEN]
2019-07-13 14:38:04,928 INFO  impl.RaftServerProxy (RaftServerProxy.java:addNew(89)) - b07ec8b5-f787-4651-a434-af73f05d0085: addNew group-01E3218244F8:[88481078-93db-4d5a-baea-16b5a73ff595:192.168.5.172:35356, 01002fe0-6cca-4877-ae90-5ff90be4a072:192.168.5.172:39807, b07ec8b5-f787-4651-a434-af73f05d0085:192.168.5.172:34445] returns group-01E3218244F8:java.util.concurrent.CompletableFuture@a64900f[Not completed]
2019-07-13 14:38:04,928 INFO  impl.RaftServerProxy (RaftServerProxy.java:addNew(89)) - 88481078-93db-4d5a-baea-16b5a73ff595: addNew group-01E3218244F8:[88481078-93db-4d5a-baea-16b5a73ff595:192.168.5.172:35356, 01002fe0-6cca-4877-ae90-5ff90be4a072:192.168.5.172:39807, b07ec8b5-f787-4651-a434-af73f05d0085:192.168.5.172:34445] returns group-01E3218244F8:java.util.concurrent.CompletableFuture@2f6925c8[Not completed]
2019-07-13 14:38:04,928 INFO  impl.RaftServerProxy (RaftServerProxy.java:addNew(89)) - 01002fe0-6cca-4877-ae90-5ff90be4a072: addNew group-01E3218244F8:[88481078-93db-4d5a-baea-16b5a73ff595:192.168.5.172:35356, 01002fe0-6cca-4877-ae90-5ff90be4a072:192.168.5.172:39807, b07ec8b5-f787-4651-a434-af73f05d0085:192.168.5.172:34445] returns group-01E3218244F8:java.util.concurrent.CompletableFuture@55c0962b[Not completed]
2019-07-13 14:38:04,929 INFO  impl.RaftServerImpl (RaftServerImpl.java:<init>(93)) - b07ec8b5-f787-4651-a434-af73f05d0085: new RaftServerImpl for group-01E3218244F8:[88481078-93db-4d5a-baea-16b5a73ff595:192.168.5.172:35356, 01002fe0-6cca-4877-ae90-5ff90be4a072:192.168.5.172:39807, b07ec8b5-f787-4651-a434-af73f05d0085:192.168.5.172:34445] with ContainerStateMachine:uninitialized
2019-07-13 14:38:04,929 INFO  server.RaftServerConfigKeys (ConfUtils.java:logGet(43)) - raft.server.rpc.timeout.min = 5s (custom)
2019-07-13 14:38:04,929 INFO  server.RaftServerConfigKeys (ConfUtils.java:logGet(43)) - raft.server.rpc.timeout.max = 5200ms (custom)
2019-07-13 14:38:04,929 INFO  impl.RaftServerImpl (RaftServerImpl.java:<init>(93)) - 88481078-93db-4d5a-baea-16b5a73ff595: new RaftServerImpl for group-01E3218244F8:[88481078-93db-4d5a-baea-16b5a73ff595:192.168.5.172:35356, 01002fe0-6cca-4877-ae90-5ff90be4a072:192.168.5.172:39807, b07ec8b5-f787-4651-a434-af73f05d0085:192.168.5.172:34445] with ContainerStateMachine:uninitialized
2019-07-13 14:38:04,929 INFO  server.RaftServerConfigKeys (ConfUtils.java:logGet(43)) - raft.server.rpcslowness.timeout = 120s (custom)
2019-07-13 14:38:04,929 INFO  impl.RaftServerImpl (RaftServerImpl.java:<init>(93)) - 01002fe0-6cca-4877-ae90-5ff90be4a072: new RaftServerImpl for group-01E3218244F8:[88481078-93db-4d5a-baea-16b5a73ff595:192.168.5.172:35356, 01002fe0-6cca-4877-ae90-5ff90be4a072:192.168.5.172:39807, b07ec8b5-f787-4651-a434-af73f05d0085:192.168.5.172:34445] with ContainerStateMachine:uninitialized
2019-07-13 14:38:04,929 INFO  server.RaftServerConfigKeys (ConfUtils.java:logGet(43)) - raft.server.rpc.timeout.min = 5s (custom)
2019-07-13 14:38:04,930 INFO  server.RaftServerConfigKeys (ConfUtils.java:logGet(43)) - raft.server.rpc.timeout.min = 5s (custom)
2019-07-13 14:38:04,930 INFO  server.RaftServerConfigKeys (ConfUtils.java:logGet(43)) - raft.server.rpc.timeout.max = 5200ms (custom)
2019-07-13 14:38:04,929 INFO  server.RaftServerConfigKeys (ConfUtils.java:logGet(43)) - raft.server.sleep.deviation.threshold = 300 (default)
2019-07-13 14:38:04,930 INFO  server.RaftServerConfigKeys (ConfUtils.java:logGet(43)) - raft.server.rpcslowness.timeout = 120s (custom)
2019-07-13 14:38:04,930 INFO  server.RaftServerConfigKeys (ConfUtils.java:logGet(43)) - raft.server.sleep.deviation.threshold = 300 (default)
2019-07-13 14:38:04,930 INFO  server.RaftServerConfigKeys (ConfUtils.java:logGet(43)) - raft.server.rpc.timeout.max = 5200ms (custom)
2019-07-13 14:38:04,930 INFO  server.RaftServerConfigKeys (ConfUtils.java:logGet(43)) - raft.server.log.appender.install.snapshot.enabled = false (custom)
2019-07-13 14:38:04,930 INFO  server.RaftServerConfigKeys (ConfUtils.java:logGet(43)) - raft.server.log.appender.install.snapshot.enabled = false (custom)
2019-07-13 14:38:04,931 INFO  impl.RaftServerImpl (ServerState.java:<init>(105)) - 01002fe0-6cca-4877-ae90-5ff90be4a072:group-01E3218244F8 ConfigurationManager, init=-1: [88481078-93db-4d5a-baea-16b5a73ff595:192.168.5.172:35356, 01002fe0-6cca-4877-ae90-5ff90be4a072:192.168.5.172:39807, b07ec8b5-f787-4651-a434-af73f05d0085:192.168.5.172:34445], old=null, confs=<EMPTY_MAP>
2019-07-13 14:38:04,931 INFO  server.RaftServerConfigKeys (ConfUtils.java:logGet(43)) - raft.server.rpcslowness.timeout = 120s (custom)
2019-07-13 14:38:04,931 INFO  server.RaftServerConfigKeys (ConfUtils.java:logGet(43)) - raft.server.storage.dir = [/tmp/workdir/hadoop-ozone/integration-test/target/test-dir/MiniOzoneClusterImpl-a2f51f5a-cc29-448c-8907-e054de5c1629/datanode-1/data/ratis] (custom)
2019-07-13 14:38:04,931 INFO  impl.RaftServerImpl (ServerState.java:<init>(105)) - b07ec8b5-f787-4651-a434-af73f05d0085:group-01E3218244F8 ConfigurationManager, init=-1: [88481078-93db-4d5a-baea-16b5a73ff595:192.168.5.172:35356, 01002fe0-6cca-4877-ae90-5ff90be4a072:192.168.5.172:39807, b07ec8b5-f787-4651-a434-af73f05d0085:192.168.5.172:34445], old=null, confs=<EMPTY_MAP>
2019-07-13 14:38:04,931 INFO  server.RaftServerConfigKeys (ConfUtils.java:logGet(43)) - raft.server.sleep.deviation.threshold = 300 (default)
2019-07-13 14:38:04,932 INFO  storage.RaftStorageDirectory (RaftStorageDirectory.java:analyzeStorage(246)) - The storage directory /tmp/workdir/hadoop-ozone/integration-test/target/test-dir/MiniOzoneClusterImpl-a2f51f5a-cc29-448c-8907-e054de5c1629/datanode-1/data/ratis/60c24e4c-7ad9-4279-b2cc-01e3218244f8 does not exist. Creating ...
2019-07-13 14:38:04,932 INFO  server.RaftServerConfigKeys (ConfUtils.java:logGet(43)) - raft.server.storage.dir = [/tmp/workdir/hadoop-ozone/integration-test/target/test-dir/MiniOzoneClusterImpl-a2f51f5a-cc29-448c-8907-e054de5c1629/datanode-2/data/ratis] (custom)
2019-07-13 14:38:04,932 INFO  server.RaftServerConfigKeys (ConfUtils.java:logGet(43)) - raft.server.log.appender.install.snapshot.enabled = false (custom)
2019-07-13 14:38:04,932 INFO  impl.RaftServerImpl (ServerState.java:<init>(105)) - 88481078-93db-4d5a-baea-16b5a73ff595:group-01E3218244F8 ConfigurationManager, init=-1: [88481078-93db-4d5a-baea-16b5a73ff595:192.168.5.172:35356, 01002fe0-6cca-4877-ae90-5ff90be4a072:192.168.5.172:39807, b07ec8b5-f787-4651-a434-af73f05d0085:192.168.5.172:34445], old=null, confs=<EMPTY_MAP>
2019-07-13 14:38:04,932 INFO  storage.RaftStorageDirectory (RaftStorageDirectory.java:analyzeStorage(246)) - The storage directory /tmp/workdir/hadoop-ozone/integration-test/target/test-dir/MiniOzoneClusterImpl-a2f51f5a-cc29-448c-8907-e054de5c1629/datanode-2/data/ratis/60c24e4c-7ad9-4279-b2cc-01e3218244f8 does not exist. Creating ...
2019-07-13 14:38:04,932 INFO  server.RaftServerConfigKeys (ConfUtils.java:logGet(43)) - raft.server.storage.dir = [/tmp/workdir/hadoop-ozone/integration-test/target/test-dir/MiniOzoneClusterImpl-a2f51f5a-cc29-448c-8907-e054de5c1629/datanode-0/data/ratis] (custom)
2019-07-13 14:38:04,933 INFO  storage.RaftStorageDirectory (RaftStorageDirectory.java:analyzeStorage(246)) - The storage directory /tmp/workdir/hadoop-ozone/integration-test/target/test-dir/MiniOzoneClusterImpl-a2f51f5a-cc29-448c-8907-e054de5c1629/datanode-0/data/ratis/60c24e4c-7ad9-4279-b2cc-01e3218244f8 does not exist. Creating ...
2019-07-13 14:38:04,936 INFO  storage.RaftStorageDirectory (RaftStorageDirectory.java:tryLock(328)) - Lock on /tmp/workdir/hadoop-ozone/integration-test/target/test-dir/MiniOzoneClusterImpl-a2f51f5a-cc29-448c-8907-e054de5c1629/datanode-0/data/ratis/60c24e4c-7ad9-4279-b2cc-01e3218244f8/in_use.lock acquired by nodename 31544@trunk-nightly-mhs6z-4061744966
2019-07-13 14:38:04,936 INFO  storage.RaftStorageDirectory (RaftStorageDirectory.java:tryLock(328)) - Lock on /tmp/workdir/hadoop-ozone/integration-test/target/test-dir/MiniOzoneClusterImpl-a2f51f5a-cc29-448c-8907-e054de5c1629/datanode-1/data/ratis/60c24e4c-7ad9-4279-b2cc-01e3218244f8/in_use.lock acquired by nodename 31544@trunk-nightly-mhs6z-4061744966
2019-07-13 14:38:04,936 INFO  storage.RaftStorageDirectory (RaftStorageDirectory.java:tryLock(328)) - Lock on /tmp/workdir/hadoop-ozone/integration-test/target/test-dir/MiniOzoneClusterImpl-a2f51f5a-cc29-448c-8907-e054de5c1629/datanode-2/data/ratis/60c24e4c-7ad9-4279-b2cc-01e3218244f8/in_use.lock acquired by nodename 31544@trunk-nightly-mhs6z-4061744966
2019-07-13 14:38:04,944 INFO  storage.RaftStorage (RaftStorage.java:format(72)) - Storage directory /tmp/workdir/hadoop-ozone/integration-test/target/test-dir/MiniOzoneClusterImpl-a2f51f5a-cc29-448c-8907-e054de5c1629/datanode-2/data/ratis/60c24e4c-7ad9-4279-b2cc-01e3218244f8 has been successfully formatted.
2019-07-13 14:38:04,944 INFO  storage.RaftStorage (RaftStorage.java:format(72)) - Storage directory /tmp/workdir/hadoop-ozone/integration-test/target/test-dir/MiniOzoneClusterImpl-a2f51f5a-cc29-448c-8907-e054de5c1629/datanode-1/data/ratis/60c24e4c-7ad9-4279-b2cc-01e3218244f8 has been successfully formatted.
2019-07-13 14:38:04,944 INFO  storage.RaftStorage (RaftStorage.java:format(72)) - Storage directory /tmp/workdir/hadoop-ozone/integration-test/target/test-dir/MiniOzoneClusterImpl-a2f51f5a-cc29-448c-8907-e054de5c1629/datanode-0/data/ratis/60c24e4c-7ad9-4279-b2cc-01e3218244f8 has been successfully formatted.
2019-07-13 14:38:04,944 INFO  ratis.ContainerStateMachine (ContainerStateMachine.java:loadSnapshot(200)) - The snapshot info is null.Setting the last applied index to:(t:0, i:~)
2019-07-13 14:38:04,944 INFO  ratis.ContainerStateMachine (ContainerStateMachine.java:loadSnapshot(200)) - The snapshot info is null.Setting the last applied index to:(t:0, i:~)
2019-07-13 14:38:04,944 INFO  ratis.ContainerStateMachine (ContainerStateMachine.java:loadSnapshot(200)) - The snapshot info is null.Setting the last applied index to:(t:0, i:~)
2019-07-13 14:38:04,944 INFO  server.RaftServerConfigKeys (ConfUtils.java:logGet(43)) - raft.server.leader.election.timeout = 120s (custom)
2019-07-13 14:38:04,945 INFO  server.RaftServerConfigKeys (ConfUtils.java:logGet(43)) - raft.server.leader.election.timeout = 120s (custom)
2019-07-13 14:38:04,945 INFO  server.RaftServerConfigKeys (ConfUtils.java:logGet(43)) - raft.server.log.use.memory = false (default)
2019-07-13 14:38:04,945 INFO  server.RaftServerConfigKeys (ConfUtils.java:logGet(43)) - raft.server.leader.election.timeout = 120s (custom)
2019-07-13 14:38:04,945 INFO  server.RaftServerConfigKeys (ConfUtils.java:logGet(43)) - raft.server.log.purge.gap = 1000000000 (custom)
2019-07-13 14:38:04,945 INFO  server.RaftServerConfigKeys (ConfUtils.java:logGet(43)) - raft.server.log.use.memory = false (default)
2019-07-13 14:38:04,946 INFO  server.RaftServerConfigKeys (ConfUtils.java:logGet(43)) - raft.server.log.appender.buffer.byte-limit = 33554432 (custom)
2019-07-13 14:38:04,945 INFO  server.RaftServerConfigKeys (ConfUtils.java:logGet(43)) - raft.server.log.use.memory = false (default)
2019-07-13 14:38:04,946 INFO  server.RaftServerConfigKeys (ConfUtils.java:logGet(43)) - raft.server.log.segment.size.max = 1048576 (custom)
2019-07-13 14:38:04,946 INFO  server.RaftServerConfigKeys (ConfUtils.java:logGet(43)) - raft.server.log.purge.gap = 1000000000 (custom)
2019-07-13 14:38:04,947 INFO  server.RaftServerConfigKeys (ConfUtils.java:logGet(43)) - raft.server.log.segment.cache.num.max = 2 (custom)
2019-07-13 14:38:04,946 INFO  server.RaftServerConfigKeys (ConfUtils.java:logGet(43)) - raft.server.log.purge.gap = 1000000000 (custom)
2019-07-13 14:38:04,947 INFO  segmented.SegmentedRaftLogWorker (SegmentedRaftLogWorker.java:<init>(172)) - new 88481078-93db-4d5a-baea-16b5a73ff595-SegmentedRaftLogWorker:Storage Directory /tmp/workdir/hadoop-ozone/integration-test/target/test-dir/MiniOzoneClusterImpl-a2f51f5a-cc29-448c-8907-e054de5c1629/datanode-0/data/ratis/60c24e4c-7ad9-4279-b2cc-01e3218244f8 for RaftStorage:Storage Directory /tmp/workdir/hadoop-ozone/integration-test/target/test-dir/MiniOzoneClusterImpl-a2f51f5a-cc29-448c-8907-e054de5c1629/datanode-0/data/ratis/60c24e4c-7ad9-4279-b2cc-01e3218244f8
2019-07-13 14:38:04,947 INFO  server.RaftServerConfigKeys (ConfUtils.java:logGet(43)) - raft.server.log.appender.buffer.byte-limit = 33554432 (custom)
2019-07-13 14:38:04,947 INFO  server.RaftServerConfigKeys (ConfUtils.java:logGet(43)) - raft.server.log.queue.byte-limit = 2147483647 (custom)
2019-07-13 14:38:04,947 INFO  server.RaftServerConfigKeys (ConfUtils.java:logGet(43)) - raft.server.log.appender.buffer.byte-limit = 33554432 (custom)
2019-07-13 14:38:04,948 INFO  server.RaftServerConfigKeys (ConfUtils.java:logGet(43)) - raft.server.log.queue.element-limit = 1024 (custom)
2019-07-13 14:38:04,948 INFO  server.RaftServerConfigKeys (ConfUtils.java:logGet(43)) - raft.server.log.segment.size.max = 1048576 (custom)
2019-07-13 14:38:04,948 INFO  server.RaftServerConfigKeys (ConfUtils.java:logGet(43)) - raft.server.log.segment.size.max = 1048576 (custom)
2019-07-13 14:38:04,949 INFO  server.RaftServerConfigKeys (ConfUtils.java:logGet(43)) - raft.server.log.preallocated.size = 16384 (custom)
2019-07-13 14:38:04,948 INFO  server.RaftServerConfigKeys (ConfUtils.java:logGet(43)) - raft.server.log.segment.size.max = 1048576 (custom)
2019-07-13 14:38:04,949 INFO  server.RaftServerConfigKeys (ConfUtils.java:logGet(43)) - raft.server.log.write.buffer.size = 33554432 (custom)
2019-07-13 14:38:04,948 INFO  server.RaftServerConfigKeys (ConfUtils.java:logGet(43)) - raft.server.log.segment.cache.num.max = 2 (custom)
2019-07-13 14:38:04,949 INFO  server.RaftServerConfigKeys (ConfUtils.java:logGet(43)) - raft.server.log.force.sync.num = 128 (default)
2019-07-13 14:38:04,950 INFO  server.RaftServerConfigKeys (ConfUtils.java:logGet(43)) - raft.server.log.statemachine.data.sync = true (default)
2019-07-13 14:38:04,949 INFO  server.RaftServerConfigKeys (ConfUtils.java:logGet(43)) - raft.server.log.segment.cache.num.max = 2 (custom)
2019-07-13 14:38:04,950 INFO  server.RaftServerConfigKeys (ConfUtils.java:logGet(43)) - raft.server.log.statemachine.data.sync.timeout = 10s (default)
2019-07-13 14:38:04,950 INFO  server.RaftServerConfigKeys (ConfUtils.java:logGet(43)) - raft.server.log.statemachine.data.sync.timeout.retry = -1 (default)
2019-07-13 14:38:04,949 INFO  segmented.SegmentedRaftLogWorker (SegmentedRaftLogWorker.java:<init>(172)) - new 01002fe0-6cca-4877-ae90-5ff90be4a072-SegmentedRaftLogWorker:Storage Directory /tmp/workdir/hadoop-ozone/integration-test/target/test-dir/MiniOzoneClusterImpl-a2f51f5a-cc29-448c-8907-e054de5c1629/datanode-1/data/ratis/60c24e4c-7ad9-4279-b2cc-01e3218244f8 for RaftStorage:Storage Directory /tmp/workdir/hadoop-ozone/integration-test/target/test-dir/MiniOzoneClusterImpl-a2f51f5a-cc29-448c-8907-e054de5c1629/datanode-1/data/ratis/60c24e4c-7ad9-4279-b2cc-01e3218244f8
2019-07-13 14:38:04,950 INFO  server.RaftServerConfigKeys (ConfUtils.java:logGet(43)) - raft.server.log.statemachine.data.caching.enabled = true (custom)
2019-07-13 14:38:04,950 INFO  segmented.SegmentedRaftLogWorker (SegmentedRaftLogWorker.java:<init>(172)) - new b07ec8b5-f787-4651-a434-af73f05d0085-SegmentedRaftLogWorker:Storage Directory /tmp/workdir/hadoop-ozone/integration-test/target/test-dir/MiniOzoneClusterImpl-a2f51f5a-cc29-448c-8907-e054de5c1629/datanode-2/data/ratis/60c24e4c-7ad9-4279-b2cc-01e3218244f8 for RaftStorage:Storage Directory /tmp/workdir/hadoop-ozone/integration-test/target/test-dir/MiniOzoneClusterImpl-a2f51f5a-cc29-448c-8907-e054de5c1629/datanode-2/data/ratis/60c24e4c-7ad9-4279-b2cc-01e3218244f8
2019-07-13 14:38:04,951 INFO  server.RaftServerConfigKeys (ConfUtils.java:logGet(43)) - raft.server.log.queue.byte-limit = 2147483647 (custom)
2019-07-13 14:38:04,951 INFO  segmented.SegmentedRaftLogWorker (SegmentedRaftLogWorker.java:lambda$new$0(132)) - 88481078-93db-4d5a-baea-16b5a73ff595-SegmentedRaftLogWorker:Storage Directory /tmp/workdir/hadoop-ozone/integration-test/target/test-dir/MiniOzoneClusterImpl-a2f51f5a-cc29-448c-8907-e054de5c1629/datanode-0/data/ratis/60c24e4c-7ad9-4279-b2cc-01e3218244f8: flushIndex: setUnconditionally 0 -> -1
2019-07-13 14:38:04,951 INFO  server.RaftServerConfigKeys (ConfUtils.java:logGet(43)) - raft.server.log.queue.byte-limit = 2147483647 (custom)
2019-07-13 14:38:04,952 INFO  server.RaftServerConfigKeys (ConfUtils.java:logGet(43)) - raft.server.log.queue.element-limit = 1024 (custom)
2019-07-13 14:38:04,951 INFO  server.RaftServerConfigKeys (ConfUtils.java:logGet(43)) - raft.server.log.queue.element-limit = 1024 (custom)
2019-07-13 14:38:04,952 INFO  server.RaftServerConfigKeys (ConfUtils.java:logGet(43)) - raft.server.log.segment.size.max = 1048576 (custom)
2019-07-13 14:38:04,952 INFO  server.RaftServerConfigKeys (ConfUtils.java:logGet(43)) - raft.server.snapshot.auto.trigger.enabled = true (custom)
2019-07-13 14:38:04,952 INFO  server.RaftServerConfigKeys (ConfUtils.java:logGet(43)) - raft.server.log.preallocated.size = 16384 (custom)
2019-07-13 14:38:04,952 INFO  server.RaftServerConfigKeys (ConfUtils.java:logGet(43)) - raft.server.log.write.buffer.size = 33554432 (custom)
2019-07-13 14:38:04,952 INFO  server.RaftServerConfigKeys (ConfUtils.java:logGet(43)) - raft.server.log.segment.size.max = 1048576 (custom)
2019-07-13 14:38:04,953 INFO  server.RaftServerConfigKeys (ConfUtils.java:logGet(43)) - raft.server.log.force.sync.num = 128 (default)
2019-07-13 14:38:04,952 INFO  server.RaftServerConfigKeys (ConfUtils.java:logGet(43)) - raft.server.snapshot.auto.trigger.threshold = 10000 (custom)
2019-07-13 14:38:04,953 INFO  server.RaftServerConfigKeys (ConfUtils.java:logGet(43)) - raft.server.log.statemachine.data.sync = true (default)
2019-07-13 14:38:04,953 INFO  server.RaftServerConfigKeys (ConfUtils.java:logGet(43)) - raft.server.log.preallocated.size = 16384 (custom)
2019-07-13 14:38:04,953 INFO  server.RaftServerConfigKeys (ConfUtils.java:logGet(43)) - raft.server.log.statemachine.data.sync.timeout = 10s (default)
2019-07-13 14:38:04,954 INFO  server.RaftServerConfigKeys (ConfUtils.java:logGet(43)) - raft.server.log.statemachine.data.sync.timeout.retry = -1 (default)
2019-07-13 14:38:04,953 INFO  server.RaftServerConfigKeys (ConfUtils.java:logGet(43)) - raft.server.retrycache.expirytime = 600000ms (custom)
2019-07-13 14:38:04,954 INFO  server.RaftServerConfigKeys (ConfUtils.java:logGet(43)) - raft.server.log.statemachine.data.caching.enabled = true (custom)
2019-07-13 14:38:04,953 INFO  server.RaftServerConfigKeys (ConfUtils.java:logGet(43)) - raft.server.log.write.buffer.size = 33554432 (custom)
2019-07-13 14:38:04,954 INFO  impl.RaftServerImpl (RaftServerImpl.java:start(180)) - 88481078-93db-4d5a-baea-16b5a73ff595: start group-01E3218244F8
2019-07-13 14:38:04,954 INFO  segmented.SegmentedRaftLogWorker (SegmentedRaftLogWorker.java:lambda$new$0(132)) - b07ec8b5-f787-4651-a434-af73f05d0085-SegmentedRaftLogWorker:Storage Directory /tmp/workdir/hadoop-ozone/integration-test/target/test-dir/MiniOzoneClusterImpl-a2f51f5a-cc29-448c-8907-e054de5c1629/datanode-2/data/ratis/60c24e4c-7ad9-4279-b2cc-01e3218244f8: flushIndex: setUnconditionally 0 -> -1
2019-07-13 14:38:04,954 INFO  server.RaftServerConfigKeys (ConfUtils.java:logGet(43)) - raft.server.log.force.sync.num = 128 (default)
2019-07-13 14:38:04,954 INFO  impl.RaftServerImpl (RaftServerImpl.java:setRole(171)) - 88481078-93db-4d5a-baea-16b5a73ff595:group-01E3218244F8 changes role from null to FOLLOWER at term 0 for startAsFollower
2019-07-13 14:38:04,955 INFO  server.RaftServerConfigKeys (ConfUtils.java:logGet(43)) - raft.server.snapshot.auto.trigger.enabled = true (custom)
2019-07-13 14:38:04,955 INFO  server.RaftServerConfigKeys (ConfUtils.java:logGet(43)) - raft.server.log.statemachine.data.sync = true (default)
2019-07-13 14:38:04,955 INFO  server.RaftServerConfigKeys (ConfUtils.java:logGet(43)) - raft.server.snapshot.auto.trigger.threshold = 10000 (custom)
2019-07-13 14:38:04,955 INFO  impl.RoleInfo (RoleInfo.java:updateAndGet(143)) - 88481078-93db-4d5a-baea-16b5a73ff595: start FollowerState
2019-07-13 14:38:04,955 INFO  server.RaftServerConfigKeys (ConfUtils.java:logGet(43)) - raft.server.retrycache.expirytime = 600000ms (custom)
2019-07-13 14:38:04,955 INFO  server.RaftServerConfigKeys (ConfUtils.java:logGet(43)) - raft.server.log.statemachine.data.sync.timeout = 10s (default)
2019-07-13 14:38:04,956 INFO  util.JmxRegister (JmxRegister.java:tryRegister(44)) - Successfully registered JMX Bean with object name Ratis:service=RaftServer,group=group-01E3218244F8,id=88481078-93db-4d5a-baea-16b5a73ff595
2019-07-13 14:38:04,955 INFO  impl.RaftServerImpl (RaftServerImpl.java:start(180)) - b07ec8b5-f787-4651-a434-af73f05d0085: start group-01E3218244F8
2019-07-13 14:38:04,956 INFO  server.RaftServerConfigKeys (ConfUtils.java:logGet(43)) - raft.server.log.statemachine.data.sync.timeout.retry = -1 (default)
2019-07-13 14:38:04,956 INFO  impl.RaftServerImpl (RaftServerImpl.java:setRole(171)) - b07ec8b5-f787-4651-a434-af73f05d0085:group-01E3218244F8 changes role from null to FOLLOWER at term 0 for startAsFollower
2019-07-13 14:38:04,956 INFO  server.RaftServerConfigKeys (ConfUtils.java:logGet(43)) - raft.server.log.statemachine.data.caching.enabled = true (custom)
2019-07-13 14:38:04,956 INFO  impl.RoleInfo (RoleInfo.java:updateAndGet(143)) - b07ec8b5-f787-4651-a434-af73f05d0085: start FollowerState
2019-07-13 14:38:04,957 INFO  segmented.SegmentedRaftLogWorker (SegmentedRaftLogWorker.java:lambda$new$0(132)) - 01002fe0-6cca-4877-ae90-5ff90be4a072-SegmentedRaftLogWorker:Storage Directory /tmp/workdir/hadoop-ozone/integration-test/target/test-dir/MiniOzoneClusterImpl-a2f51f5a-cc29-448c-8907-e054de5c1629/datanode-1/data/ratis/60c24e4c-7ad9-4279-b2cc-01e3218244f8: flushIndex: setUnconditionally 0 -> -1
2019-07-13 14:38:04,957 INFO  util.JmxRegister (JmxRegister.java:tryRegister(44)) - Successfully registered JMX Bean with object name Ratis:service=RaftServer,group=group-01E3218244F8,id=b07ec8b5-f787-4651-a434-af73f05d0085
2019-07-13 14:38:04,957 INFO  server.RaftServerConfigKeys (ConfUtils.java:logGet(43)) - raft.server.snapshot.auto.trigger.enabled = true (custom)
2019-07-13 14:38:04,957 INFO  server.RaftServerConfigKeys (ConfUtils.java:logGet(43)) - raft.server.snapshot.auto.trigger.threshold = 10000 (custom)
2019-07-13 14:38:04,957 INFO  server.RaftServerConfigKeys (ConfUtils.java:logGet(43)) - raft.server.retrycache.expirytime = 600000ms (custom)
2019-07-13 14:38:04,958 INFO  impl.RaftServerImpl (RaftServerImpl.java:start(180)) - 01002fe0-6cca-4877-ae90-5ff90be4a072: start group-01E3218244F8
2019-07-13 14:38:04,958 INFO  impl.RaftServerImpl (RaftServerImpl.java:setRole(171)) - 01002fe0-6cca-4877-ae90-5ff90be4a072:group-01E3218244F8 changes role from null to FOLLOWER at term 0 for startAsFollower
2019-07-13 14:38:04,958 INFO  impl.RoleInfo (RoleInfo.java:updateAndGet(143)) - 01002fe0-6cca-4877-ae90-5ff90be4a072: start FollowerState
2019-07-13 14:38:04,958 INFO  util.JmxRegister (JmxRegister.java:tryRegister(44)) - Successfully registered JMX Bean with object name Ratis:service=RaftServer,group=group-01E3218244F8,id=01002fe0-6cca-4877-ae90-5ff90be4a072
2019-07-13 14:38:04,960 INFO  pipeline.PipelineStateManager (PipelineStateManager.java:addPipeline(56)) - Created pipeline Pipeline[ Id: 60c24e4c-7ad9-4279-b2cc-01e3218244f8, Nodes: 01002fe0-6cca-4877-ae90-5ff90be4a072{ip: 192.168.5.172, host: trunk-nightly-mhs6z-4061744966, networkLocation: /default-rack, certSerialId: null}b07ec8b5-f787-4651-a434-af73f05d0085{ip: 192.168.5.172, host: trunk-nightly-mhs6z-4061744966, networkLocation: /default-rack, certSerialId: null}88481078-93db-4d5a-baea-16b5a73ff595{ip: 192.168.5.172, host: trunk-nightly-mhs6z-4061744966, networkLocation: /default-rack, certSerialId: null}, Type:RATIS, Factor:THREE, State:OPEN]
2019-07-13 14:38:05,052 INFO  node.SCMNodeManager (SCMNodeManager.java:register(269)) - Registered Data node : fedfd956-abb6-4ad4-8b26-54bbdc973f4b{ip: 192.168.5.172, host: trunk-nightly-mhs6z-4061744966, networkLocation: /default-rack, certSerialId: null}
2019-07-13 14:38:05,059 INFO  impl.RaftServerProxy (RaftServerProxy.java:addNew(89)) - fedfd956-abb6-4ad4-8b26-54bbdc973f4b: addNew group-842192F39A4A:[fedfd956-abb6-4ad4-8b26-54bbdc973f4b:192.168.5.172:45594] returns group-842192F39A4A:java.util.concurrent.CompletableFuture@27f51cb3[Not completed]
2019-07-13 14:38:05,060 INFO  impl.RaftServerImpl (RaftServerImpl.java:<init>(93)) - fedfd956-abb6-4ad4-8b26-54bbdc973f4b: new RaftServerImpl for group-842192F39A4A:[fedfd956-abb6-4ad4-8b26-54bbdc973f4b:192.168.5.172:45594] with ContainerStateMachine:uninitialized
2019-07-13 14:38:05,060 INFO  server.RaftServerConfigKeys (ConfUtils.java:logGet(43)) - raft.server.rpc.timeout.min = 5s (custom)
2019-07-13 14:38:05,060 INFO  server.RaftServerConfigKeys (ConfUtils.java:logGet(43)) - raft.server.rpc.timeout.max = 5200ms (custom)
2019-07-13 14:38:05,061 INFO  server.RaftServerConfigKeys (ConfUtils.java:logGet(43)) - raft.server.rpcslowness.timeout = 120s (custom)
2019-07-13 14:38:05,061 INFO  server.RaftServerConfigKeys (ConfUtils.java:logGet(43)) - raft.server.sleep.deviation.threshold = 300 (default)
2019-07-13 14:38:05,061 INFO  server.RaftServerConfigKeys (ConfUtils.java:logGet(43)) - raft.server.log.appender.install.snapshot.enabled = false (custom)
2019-07-13 14:38:05,061 INFO  impl.RaftServerImpl (ServerState.java:<init>(105)) - fedfd956-abb6-4ad4-8b26-54bbdc973f4b:group-842192F39A4A ConfigurationManager, init=-1: [fedfd956-abb6-4ad4-8b26-54bbdc973f4b:192.168.5.172:45594], old=null, confs=<EMPTY_MAP>
2019-07-13 14:38:05,061 INFO  server.RaftServerConfigKeys (ConfUtils.java:logGet(43)) - raft.server.storage.dir = [/tmp/workdir/hadoop-ozone/integration-test/target/test-dir/MiniOzoneClusterImpl-a2f51f5a-cc29-448c-8907-e054de5c1629/datanode-3/data/ratis] (custom)
2019-07-13 14:38:05,062 INFO  storage.RaftStorageDirectory (RaftStorageDirectory.java:analyzeStorage(246)) - The storage directory /tmp/workdir/hadoop-ozone/integration-test/target/test-dir/MiniOzoneClusterImpl-a2f51f5a-cc29-448c-8907-e054de5c1629/datanode-3/data/ratis/53470aba-de32-4042-b92e-842192f39a4a does not exist. Creating ...
2019-07-13 14:38:05,067 INFO  storage.RaftStorageDirectory (RaftStorageDirectory.java:tryLock(328)) - Lock on /tmp/workdir/hadoop-ozone/integration-test/target/test-dir/MiniOzoneClusterImpl-a2f51f5a-cc29-448c-8907-e054de5c1629/datanode-3/data/ratis/53470aba-de32-4042-b92e-842192f39a4a/in_use.lock acquired by nodename 31544@trunk-nightly-mhs6z-4061744966
2019-07-13 14:38:05,071 INFO  storage.RaftStorage (RaftStorage.java:format(72)) - Storage directory /tmp/workdir/hadoop-ozone/integration-test/target/test-dir/MiniOzoneClusterImpl-a2f51f5a-cc29-448c-8907-e054de5c1629/datanode-3/data/ratis/53470aba-de32-4042-b92e-842192f39a4a has been successfully formatted.
2019-07-13 14:38:05,071 INFO  ratis.ContainerStateMachine (ContainerStateMachine.java:loadSnapshot(200)) - The snapshot info is null.Setting the last applied index to:(t:0, i:~)
2019-07-13 14:38:05,071 INFO  server.RaftServerConfigKeys (ConfUtils.java:logGet(43)) - raft.server.leader.election.timeout = 120s (custom)
2019-07-13 14:38:05,072 INFO  server.RaftServerConfigKeys (ConfUtils.java:logGet(43)) - raft.server.log.use.memory = false (default)
2019-07-13 14:38:05,072 INFO  server.RaftServerConfigKeys (ConfUtils.java:logGet(43)) - raft.server.log.purge.gap = 1000000000 (custom)
2019-07-13 14:38:05,072 INFO  server.RaftServerConfigKeys (ConfUtils.java:logGet(43)) - raft.server.log.appender.buffer.byte-limit = 33554432 (custom)
2019-07-13 14:38:05,072 INFO  server.RaftServerConfigKeys (ConfUtils.java:logGet(43)) - raft.server.log.segment.size.max = 1048576 (custom)
2019-07-13 14:38:05,072 INFO  server.RaftServerConfigKeys (ConfUtils.java:logGet(43)) - raft.server.log.segment.cache.num.max = 2 (custom)
2019-07-13 14:38:05,072 INFO  segmented.SegmentedRaftLogWorker (SegmentedRaftLogWorker.java:<init>(172)) - new fedfd956-abb6-4ad4-8b26-54bbdc973f4b-SegmentedRaftLogWorker:Storage Directory /tmp/workdir/hadoop-ozone/integration-test/target/test-dir/MiniOzoneClusterImpl-a2f51f5a-cc29-448c-8907-e054de5c1629/datanode-3/data/ratis/53470aba-de32-4042-b92e-842192f39a4a for RaftStorage:Storage Directory /tmp/workdir/hadoop-ozone/integration-test/target/test-dir/MiniOzoneClusterImpl-a2f51f5a-cc29-448c-8907-e054de5c1629/datanode-3/data/ratis/53470aba-de32-4042-b92e-842192f39a4a
2019-07-13 14:38:05,073 INFO  server.RaftServerConfigKeys (ConfUtils.java:logGet(43)) - raft.server.log.queue.byte-limit = 2147483647 (custom)
2019-07-13 14:38:05,073 INFO  server.RaftServerConfigKeys (ConfUtils.java:logGet(43)) - raft.server.log.queue.element-limit = 1024 (custom)
2019-07-13 14:38:05,073 INFO  server.RaftServerConfigKeys (ConfUtils.java:logGet(43)) - raft.server.log.segment.size.max = 1048576 (custom)
2019-07-13 14:38:05,073 INFO  server.RaftServerConfigKeys (ConfUtils.java:logGet(43)) - raft.server.log.preallocated.size = 16384 (custom)
2019-07-13 14:38:05,073 INFO  server.RaftServerConfigKeys (ConfUtils.java:logGet(43)) - raft.server.log.write.buffer.size = 33554432 (custom)
2019-07-13 14:38:05,073 INFO  server.RaftServerConfigKeys (ConfUtils.java:logGet(43)) - raft.server.log.force.sync.num = 128 (default)
2019-07-13 14:38:05,074 INFO  server.RaftServerConfigKeys (ConfUtils.java:logGet(43)) - raft.server.log.statemachine.data.sync = true (default)
2019-07-13 14:38:05,074 INFO  server.RaftServerConfigKeys (ConfUtils.java:logGet(43)) - raft.server.log.statemachine.data.sync.timeout = 10s (default)
2019-07-13 14:38:05,074 INFO  server.RaftServerConfigKeys (ConfUtils.java:logGet(43)) - raft.server.log.statemachine.data.sync.timeout.retry = -1 (default)
2019-07-13 14:38:05,074 INFO  server.RaftServerConfigKeys (ConfUtils.java:logGet(43)) - raft.server.log.statemachine.data.caching.enabled = true (custom)
2019-07-13 14:38:05,075 INFO  segmented.SegmentedRaftLogWorker (SegmentedRaftLogWorker.java:lambda$new$0(132)) - fedfd956-abb6-4ad4-8b26-54bbdc973f4b-SegmentedRaftLogWorker:Storage Directory /tmp/workdir/hadoop-ozone/integration-test/target/test-dir/MiniOzoneClusterImpl-a2f51f5a-cc29-448c-8907-e054de5c1629/datanode-3/data/ratis/53470aba-de32-4042-b92e-842192f39a4a: flushIndex: setUnconditionally 0 -> -1
2019-07-13 14:38:05,075 INFO  server.RaftServerConfigKeys (ConfUtils.java:logGet(43)) - raft.server.snapshot.auto.trigger.enabled = true (custom)
2019-07-13 14:38:05,075 INFO  server.RaftServerConfigKeys (ConfUtils.java:logGet(43)) - raft.server.snapshot.auto.trigger.threshold = 10000 (custom)
2019-07-13 14:38:05,075 INFO  server.RaftServerConfigKeys (ConfUtils.java:logGet(43)) - raft.server.retrycache.expirytime = 600000ms (custom)
2019-07-13 14:38:05,075 INFO  impl.RaftServerImpl (RaftServerImpl.java:start(180)) - fedfd956-abb6-4ad4-8b26-54bbdc973f4b: start group-842192F39A4A
2019-07-13 14:38:05,076 INFO  impl.RaftServerImpl (RaftServerImpl.java:setRole(171)) - fedfd956-abb6-4ad4-8b26-54bbdc973f4b:group-842192F39A4A changes role from null to FOLLOWER at term 0 for startAsFollower
2019-07-13 14:38:05,076 INFO  impl.RoleInfo (RoleInfo.java:updateAndGet(143)) - fedfd956-abb6-4ad4-8b26-54bbdc973f4b: start FollowerState
2019-07-13 14:38:05,076 INFO  util.JmxRegister (JmxRegister.java:tryRegister(44)) - Successfully registered JMX Bean with object name Ratis:service=RaftServer,group=group-842192F39A4A,id=fedfd956-abb6-4ad4-8b26-54bbdc973f4b
2019-07-13 14:38:05,078 INFO  pipeline.PipelineStateManager (PipelineStateManager.java:addPipeline(56)) - Created pipeline Pipeline[ Id: 53470aba-de32-4042-b92e-842192f39a4a, Nodes: fedfd956-abb6-4ad4-8b26-54bbdc973f4b{ip: 192.168.5.172, host: trunk-nightly-mhs6z-4061744966, networkLocation: /default-rack, certSerialId: null}, Type:RATIS, Factor:ONE, State:OPEN]
2019-07-13 14:38:05,211 INFO  node.SCMNodeManager (SCMNodeManager.java:register(269)) - Registered Data node : f884fa18-d209-462d-b696-0388a1872809{ip: 192.168.5.172, host: trunk-nightly-mhs6z-4061744966, networkLocation: /default-rack, certSerialId: null}
2019-07-13 14:38:05,218 INFO  impl.RaftServerProxy (RaftServerProxy.java:addNew(89)) - f884fa18-d209-462d-b696-0388a1872809: addNew group-2025F3E3345A:[f884fa18-d209-462d-b696-0388a1872809:192.168.5.172:36364] returns group-2025F3E3345A:java.util.concurrent.CompletableFuture@56315ccd[Not completed]
2019-07-13 14:38:05,219 INFO  impl.RaftServerImpl (RaftServerImpl.java:<init>(93)) - f884fa18-d209-462d-b696-0388a1872809: new RaftServerImpl for group-2025F3E3345A:[f884fa18-d209-462d-b696-0388a1872809:192.168.5.172:36364] with ContainerStateMachine:uninitialized
2019-07-13 14:38:05,219 INFO  server.RaftServerConfigKeys (ConfUtils.java:logGet(43)) - raft.server.rpc.timeout.min = 5s (custom)
2019-07-13 14:38:05,219 INFO  server.RaftServerConfigKeys (ConfUtils.java:logGet(43)) - raft.server.rpc.timeout.max = 5200ms (custom)
2019-07-13 14:38:05,219 INFO  server.RaftServerConfigKeys (ConfUtils.java:logGet(43)) - raft.server.rpcslowness.timeout = 120s (custom)
2019-07-13 14:38:05,219 INFO  server.RaftServerConfigKeys (ConfUtils.java:logGet(43)) - raft.server.sleep.deviation.threshold = 300 (default)
2019-07-13 14:38:05,219 INFO  server.RaftServerConfigKeys (ConfUtils.java:logGet(43)) - raft.server.log.appender.install.snapshot.enabled = false (custom)
2019-07-13 14:38:05,219 INFO  impl.RaftServerImpl (ServerState.java:<init>(105)) - f884fa18-d209-462d-b696-0388a1872809:group-2025F3E3345A ConfigurationManager, init=-1: [f884fa18-d209-462d-b696-0388a1872809:192.168.5.172:36364], old=null, confs=<EMPTY_MAP>
2019-07-13 14:38:05,220 INFO  server.RaftServerConfigKeys (ConfUtils.java:logGet(43)) - raft.server.storage.dir = [/tmp/workdir/hadoop-ozone/integration-test/target/test-dir/MiniOzoneClusterImpl-a2f51f5a-cc29-448c-8907-e054de5c1629/datanode-4/data/ratis] (custom)
2019-07-13 14:38:05,220 INFO  storage.RaftStorageDirectory (RaftStorageDirectory.java:analyzeStorage(246)) - The storage directory /tmp/workdir/hadoop-ozone/integration-test/target/test-dir/MiniOzoneClusterImpl-a2f51f5a-cc29-448c-8907-e054de5c1629/datanode-4/data/ratis/825d278c-5e6b-49eb-bc09-2025f3e3345a does not exist. Creating ...
2019-07-13 14:38:05,225 INFO  storage.RaftStorageDirectory (RaftStorageDirectory.java:tryLock(328)) - Lock on /tmp/workdir/hadoop-ozone/integration-test/target/test-dir/MiniOzoneClusterImpl-a2f51f5a-cc29-448c-8907-e054de5c1629/datanode-4/data/ratis/825d278c-5e6b-49eb-bc09-2025f3e3345a/in_use.lock acquired by nodename 31544@trunk-nightly-mhs6z-4061744966
2019-07-13 14:38:05,228 INFO  storage.RaftStorage (RaftStorage.java:format(72)) - Storage directory /tmp/workdir/hadoop-ozone/integration-test/target/test-dir/MiniOzoneClusterImpl-a2f51f5a-cc29-448c-8907-e054de5c1629/datanode-4/data/ratis/825d278c-5e6b-49eb-bc09-2025f3e3345a has been successfully formatted.
2019-07-13 14:38:05,229 INFO  ratis.ContainerStateMachine (ContainerStateMachine.java:loadSnapshot(200)) - The snapshot info is null.Setting the last applied index to:(t:0, i:~)
2019-07-13 14:38:05,229 INFO  server.RaftServerConfigKeys (ConfUtils.java:logGet(43)) - raft.server.leader.election.timeout = 120s (custom)
2019-07-13 14:38:05,229 INFO  server.RaftServerConfigKeys (ConfUtils.java:logGet(43)) - raft.server.log.use.memory = false (default)
2019-07-13 14:38:05,229 INFO  server.RaftServerConfigKeys (ConfUtils.java:logGet(43)) - raft.server.log.purge.gap = 1000000000 (custom)
2019-07-13 14:38:05,229 INFO  server.RaftServerConfigKeys (ConfUtils.java:logGet(43)) - raft.server.log.appender.buffer.byte-limit = 33554432 (custom)
2019-07-13 14:38:05,230 INFO  server.RaftServerConfigKeys (ConfUtils.java:logGet(43)) - raft.server.log.segment.size.max = 1048576 (custom)
2019-07-13 14:38:05,230 INFO  server.RaftServerConfigKeys (ConfUtils.java:logGet(43)) - raft.server.log.segment.cache.num.max = 2 (custom)
2019-07-13 14:38:05,230 INFO  segmented.SegmentedRaftLogWorker (SegmentedRaftLogWorker.java:<init>(172)) - new f884fa18-d209-462d-b696-0388a1872809-SegmentedRaftLogWorker:Storage Directory /tmp/workdir/hadoop-ozone/integration-test/target/test-dir/MiniOzoneClusterImpl-a2f51f5a-cc29-448c-8907-e054de5c1629/datanode-4/data/ratis/825d278c-5e6b-49eb-bc09-2025f3e3345a for RaftStorage:Storage Directory /tmp/workdir/hadoop-ozone/integration-test/target/test-dir/MiniOzoneClusterImpl-a2f51f5a-cc29-448c-8907-e054de5c1629/datanode-4/data/ratis/825d278c-5e6b-49eb-bc09-2025f3e3345a
2019-07-13 14:38:05,230 INFO  server.RaftServerConfigKeys (ConfUtils.java:logGet(43)) - raft.server.log.queue.byte-limit = 2147483647 (custom)
2019-07-13 14:38:05,230 INFO  server.RaftServerConfigKeys (ConfUtils.java:logGet(43)) - raft.server.log.queue.element-limit = 1024 (custom)
2019-07-13 14:38:05,230 INFO  server.RaftServerConfigKeys (ConfUtils.java:logGet(43)) - raft.server.log.segment.size.max = 1048576 (custom)
2019-07-13 14:38:05,231 INFO  server.RaftServerConfigKeys (ConfUtils.java:logGet(43)) - raft.server.log.preallocated.size = 16384 (custom)
2019-07-13 14:38:05,231 INFO  server.RaftServerConfigKeys (ConfUtils.java:logGet(43)) - raft.server.log.write.buffer.size = 33554432 (custom)
2019-07-13 14:38:05,231 INFO  server.RaftServerConfigKeys (ConfUtils.java:logGet(43)) - raft.server.log.force.sync.num = 128 (default)
2019-07-13 14:38:05,231 INFO  server.RaftServerConfigKeys (ConfUtils.java:logGet(43)) - raft.server.log.statemachine.data.sync = true (default)
2019-07-13 14:38:05,231 INFO  server.RaftServerConfigKeys (ConfUtils.java:logGet(43)) - raft.server.log.statemachine.data.sync.timeout = 10s (default)
2019-07-13 14:38:05,231 INFO  server.RaftServerConfigKeys (ConfUtils.java:logGet(43)) - raft.server.log.statemachine.data.sync.timeout.retry = -1 (default)
2019-07-13 14:38:05,232 INFO  server.RaftServerConfigKeys (ConfUtils.java:logGet(43)) - raft.server.log.statemachine.data.caching.enabled = true (custom)
2019-07-13 14:38:05,232 INFO  segmented.SegmentedRaftLogWorker (SegmentedRaftLogWorker.java:lambda$new$0(132)) - f884fa18-d209-462d-b696-0388a1872809-SegmentedRaftLogWorker:Storage Directory /tmp/workdir/hadoop-ozone/integration-test/target/test-dir/MiniOzoneClusterImpl-a2f51f5a-cc29-448c-8907-e054de5c1629/datanode-4/data/ratis/825d278c-5e6b-49eb-bc09-2025f3e3345a: flushIndex: setUnconditionally 0 -> -1
2019-07-13 14:38:05,232 INFO  server.RaftServerConfigKeys (ConfUtils.java:logGet(43)) - raft.server.snapshot.auto.trigger.enabled = true (custom)
2019-07-13 14:38:05,232 INFO  server.RaftServerConfigKeys (ConfUtils.java:logGet(43)) - raft.server.snapshot.auto.trigger.threshold = 10000 (custom)
2019-07-13 14:38:05,233 INFO  server.RaftServerConfigKeys (ConfUtils.java:logGet(43)) - raft.server.retrycache.expirytime = 600000ms (custom)
2019-07-13 14:38:05,233 INFO  impl.RaftServerImpl (RaftServerImpl.java:start(180)) - f884fa18-d209-462d-b696-0388a1872809: start group-2025F3E3345A
2019-07-13 14:38:05,233 INFO  impl.RaftServerImpl (RaftServerImpl.java:setRole(171)) - f884fa18-d209-462d-b696-0388a1872809:group-2025F3E3345A changes role from null to FOLLOWER at term 0 for startAsFollower
2019-07-13 14:38:05,233 INFO  impl.RoleInfo (RoleInfo.java:updateAndGet(143)) - f884fa18-d209-462d-b696-0388a1872809: start FollowerState
2019-07-13 14:38:05,234 INFO  util.JmxRegister (JmxRegister.java:tryRegister(44)) - Successfully registered JMX Bean with object name Ratis:service=RaftServer,group=group-2025F3E3345A,id=f884fa18-d209-462d-b696-0388a1872809
2019-07-13 14:38:05,235 INFO  pipeline.PipelineStateManager (PipelineStateManager.java:addPipeline(56)) - Created pipeline Pipeline[ Id: 825d278c-5e6b-49eb-bc09-2025f3e3345a, Nodes: f884fa18-d209-462d-b696-0388a1872809{ip: 192.168.5.172, host: trunk-nightly-mhs6z-4061744966, networkLocation: /default-rack, certSerialId: null}, Type:RATIS, Factor:ONE, State:OPEN]
2019-07-13 14:38:05,385 INFO  node.SCMNodeManager (SCMNodeManager.java:register(269)) - Registered Data node : 4f16b0be-5bc2-4e3d-93a3-555c18992566{ip: 192.168.5.172, host: trunk-nightly-mhs6z-4061744966, networkLocation: /default-rack, certSerialId: null}
2019-07-13 14:38:05,392 INFO  impl.RaftServerProxy (RaftServerProxy.java:addNew(89)) - 4f16b0be-5bc2-4e3d-93a3-555c18992566: addNew group-39C35B533F6A:[4f16b0be-5bc2-4e3d-93a3-555c18992566:192.168.5.172:46813] returns group-39C35B533F6A:java.util.concurrent.CompletableFuture@647a5f1[Not completed]
2019-07-13 14:38:05,393 INFO  impl.RaftServerImpl (RaftServerImpl.java:<init>(93)) - 4f16b0be-5bc2-4e3d-93a3-555c18992566: new RaftServerImpl for group-39C35B533F6A:[4f16b0be-5bc2-4e3d-93a3-555c18992566:192.168.5.172:46813] with ContainerStateMachine:uninitialized
2019-07-13 14:38:05,394 INFO  server.RaftServerConfigKeys (ConfUtils.java:logGet(43)) - raft.server.rpc.timeout.min = 5s (custom)
2019-07-13 14:38:05,394 INFO  server.RaftServerConfigKeys (ConfUtils.java:logGet(43)) - raft.server.rpc.timeout.max = 5200ms (custom)
2019-07-13 14:38:05,394 INFO  server.RaftServerConfigKeys (ConfUtils.java:logGet(43)) - raft.server.rpcslowness.timeout = 120s (custom)
2019-07-13 14:38:05,394 INFO  server.RaftServerConfigKeys (ConfUtils.java:logGet(43)) - raft.server.sleep.deviation.threshold = 300 (default)
2019-07-13 14:38:05,394 INFO  server.RaftServerConfigKeys (ConfUtils.java:logGet(43)) - raft.server.log.appender.install.snapshot.enabled = false (custom)
2019-07-13 14:38:05,394 INFO  impl.RaftServerImpl (ServerState.java:<init>(105)) - 4f16b0be-5bc2-4e3d-93a3-555c18992566:group-39C35B533F6A ConfigurationManager, init=-1: [4f16b0be-5bc2-4e3d-93a3-555c18992566:192.168.5.172:46813], old=null, confs=<EMPTY_MAP>
2019-07-13 14:38:05,394 INFO  server.RaftServerConfigKeys (ConfUtils.java:logGet(43)) - raft.server.storage.dir = [/tmp/workdir/hadoop-ozone/integration-test/target/test-dir/MiniOzoneClusterImpl-a2f51f5a-cc29-448c-8907-e054de5c1629/datanode-5/data/ratis] (custom)
2019-07-13 14:38:05,395 INFO  storage.RaftStorageDirectory (RaftStorageDirectory.java:analyzeStorage(246)) - The storage directory /tmp/workdir/hadoop-ozone/integration-test/target/test-dir/MiniOzoneClusterImpl-a2f51f5a-cc29-448c-8907-e054de5c1629/datanode-5/data/ratis/1b498298-c8cd-41b5-8e86-39c35b533f6a does not exist. Creating ...
2019-07-13 14:38:05,407 INFO  storage.RaftStorageDirectory (RaftStorageDirectory.java:tryLock(328)) - Lock on /tmp/workdir/hadoop-ozone/integration-test/target/test-dir/MiniOzoneClusterImpl-a2f51f5a-cc29-448c-8907-e054de5c1629/datanode-5/data/ratis/1b498298-c8cd-41b5-8e86-39c35b533f6a/in_use.lock acquired by nodename 31544@trunk-nightly-mhs6z-4061744966
2019-07-13 14:38:05,411 INFO  storage.RaftStorage (RaftStorage.java:format(72)) - Storage directory /tmp/workdir/hadoop-ozone/integration-test/target/test-dir/MiniOzoneClusterImpl-a2f51f5a-cc29-448c-8907-e054de5c1629/datanode-5/data/ratis/1b498298-c8cd-41b5-8e86-39c35b533f6a has been successfully formatted.
2019-07-13 14:38:05,411 INFO  ratis.ContainerStateMachine (ContainerStateMachine.java:loadSnapshot(200)) - The snapshot info is null.Setting the last applied index to:(t:0, i:~)
2019-07-13 14:38:05,411 INFO  server.RaftServerConfigKeys (ConfUtils.java:logGet(43)) - raft.server.leader.election.timeout = 120s (custom)
2019-07-13 14:38:05,411 INFO  server.RaftServerConfigKeys (ConfUtils.java:logGet(43)) - raft.server.log.use.memory = false (default)
2019-07-13 14:38:05,412 INFO  server.RaftServerConfigKeys (ConfUtils.java:logGet(43)) - raft.server.log.purge.gap = 1000000000 (custom)
2019-07-13 14:38:05,412 INFO  server.RaftServerConfigKeys (ConfUtils.java:logGet(43)) - raft.server.log.appender.buffer.byte-limit = 33554432 (custom)
2019-07-13 14:38:05,412 INFO  server.RaftServerConfigKeys (ConfUtils.java:logGet(43)) - raft.server.log.segment.size.max = 1048576 (custom)
2019-07-13 14:38:05,412 INFO  server.RaftServerConfigKeys (ConfUtils.java:logGet(43)) - raft.server.log.segment.cache.num.max = 2 (custom)
2019-07-13 14:38:05,412 INFO  segmented.SegmentedRaftLogWorker (SegmentedRaftLogWorker.java:<init>(172)) - new 4f16b0be-5bc2-4e3d-93a3-555c18992566-SegmentedRaftLogWorker:Storage Directory /tmp/workdir/hadoop-ozone/integration-test/target/test-dir/MiniOzoneClusterImpl-a2f51f5a-cc29-448c-8907-e054de5c1629/datanode-5/data/ratis/1b498298-c8cd-41b5-8e86-39c35b533f6a for RaftStorage:Storage Directory /tmp/workdir/hadoop-ozone/integration-test/target/test-dir/MiniOzoneClusterImpl-a2f51f5a-cc29-448c-8907-e054de5c1629/datanode-5/data/ratis/1b498298-c8cd-41b5-8e86-39c35b533f6a
2019-07-13 14:38:05,412 INFO  server.RaftServerConfigKeys (ConfUtils.java:logGet(43)) - raft.server.log.queue.byte-limit = 2147483647 (custom)
2019-07-13 14:38:05,413 INFO  server.RaftServerConfigKeys (ConfUtils.java:logGet(43)) - raft.server.log.queue.element-limit = 1024 (custom)
2019-07-13 14:38:05,413 INFO  server.RaftServerConfigKeys (ConfUtils.java:logGet(43)) - raft.server.log.segment.size.max = 1048576 (custom)
2019-07-13 14:38:05,413 INFO  server.RaftServerConfigKeys (ConfUtils.java:logGet(43)) - raft.server.log.preallocated.size = 16384 (custom)
2019-07-13 14:38:05,413 INFO  server.RaftServerConfigKeys (ConfUtils.java:logGet(43)) - raft.server.log.write.buffer.size = 33554432 (custom)
2019-07-13 14:38:05,413 INFO  server.RaftServerConfigKeys (ConfUtils.java:logGet(43)) - raft.server.log.force.sync.num = 128 (default)
2019-07-13 14:38:05,413 INFO  server.RaftServerConfigKeys (ConfUtils.java:logGet(43)) - raft.server.log.statemachine.data.sync = true (default)
2019-07-13 14:38:05,414 INFO  server.RaftServerConfigKeys (ConfUtils.java:logGet(43)) - raft.server.log.statemachine.data.sync.timeout = 10s (default)
2019-07-13 14:38:05,414 INFO  server.RaftServerConfigKeys (ConfUtils.java:logGet(43)) - raft.server.log.statemachine.data.sync.timeout.retry = -1 (default)
2019-07-13 14:38:05,414 INFO  server.RaftServerConfigKeys (ConfUtils.java:logGet(43)) - raft.server.log.statemachine.data.caching.enabled = true (custom)
2019-07-13 14:38:05,414 INFO  segmented.SegmentedRaftLogWorker (SegmentedRaftLogWorker.java:lambda$new$0(132)) - 4f16b0be-5bc2-4e3d-93a3-555c18992566-SegmentedRaftLogWorker:Storage Directory /tmp/workdir/hadoop-ozone/integration-test/target/test-dir/MiniOzoneClusterImpl-a2f51f5a-cc29-448c-8907-e054de5c1629/datanode-5/data/ratis/1b498298-c8cd-41b5-8e86-39c35b533f6a: flushIndex: setUnconditionally 0 -> -1
2019-07-13 14:38:05,415 INFO  server.RaftServerConfigKeys (ConfUtils.java:logGet(43)) - raft.server.snapshot.auto.trigger.enabled = true (custom)
2019-07-13 14:38:05,415 INFO  server.RaftServerConfigKeys (ConfUtils.java:logGet(43)) - raft.server.snapshot.auto.trigger.threshold = 10000 (custom)
2019-07-13 14:38:05,415 INFO  server.RaftServerConfigKeys (ConfUtils.java:logGet(43)) - raft.server.retrycache.expirytime = 600000ms (custom)
2019-07-13 14:38:05,415 INFO  impl.RaftServerImpl (RaftServerImpl.java:start(180)) - 4f16b0be-5bc2-4e3d-93a3-555c18992566: start group-39C35B533F6A
2019-07-13 14:38:05,415 INFO  impl.RaftServerImpl (RaftServerImpl.java:setRole(171)) - 4f16b0be-5bc2-4e3d-93a3-555c18992566:group-39C35B533F6A changes role from null to FOLLOWER at term 0 for startAsFollower
2019-07-13 14:38:05,415 INFO  impl.RoleInfo (RoleInfo.java:updateAndGet(143)) - 4f16b0be-5bc2-4e3d-93a3-555c18992566: start FollowerState
2019-07-13 14:38:05,416 INFO  util.JmxRegister (JmxRegister.java:tryRegister(44)) - Successfully registered JMX Bean with object name Ratis:service=RaftServer,group=group-39C35B533F6A,id=4f16b0be-5bc2-4e3d-93a3-555c18992566
2019-07-13 14:38:05,418 INFO  pipeline.PipelineStateManager (PipelineStateManager.java:addPipeline(56)) - Created pipeline Pipeline[ Id: 1b498298-c8cd-41b5-8e86-39c35b533f6a, Nodes: 4f16b0be-5bc2-4e3d-93a3-555c18992566{ip: 192.168.5.172, host: trunk-nightly-mhs6z-4061744966, networkLocation: /default-rack, certSerialId: null}, Type:RATIS, Factor:ONE, State:OPEN]
2019-07-13 14:38:05,431 INFO  impl.RaftServerProxy (RaftServerProxy.java:addNew(89)) - f884fa18-d209-462d-b696-0388a1872809: addNew group-CB0E2E5BC069:[f884fa18-d209-462d-b696-0388a1872809:192.168.5.172:36364, fedfd956-abb6-4ad4-8b26-54bbdc973f4b:192.168.5.172:45594, 4f16b0be-5bc2-4e3d-93a3-555c18992566:192.168.5.172:46813] returns group-CB0E2E5BC069:java.util.concurrent.CompletableFuture@1cdcff10[Not completed]
2019-07-13 14:38:05,431 INFO  impl.RaftServerProxy (RaftServerProxy.java:addNew(89)) - fedfd956-abb6-4ad4-8b26-54bbdc973f4b: addNew group-CB0E2E5BC069:[f884fa18-d209-462d-b696-0388a1872809:192.168.5.172:36364, fedfd956-abb6-4ad4-8b26-54bbdc973f4b:192.168.5.172:45594, 4f16b0be-5bc2-4e3d-93a3-555c18992566:192.168.5.172:46813] returns group-CB0E2E5BC069:java.util.concurrent.CompletableFuture@75dcc097[Not completed]
2019-07-13 14:38:05,431 INFO  impl.RaftServerProxy (RaftServerProxy.java:addNew(89)) - 4f16b0be-5bc2-4e3d-93a3-555c18992566: addNew group-CB0E2E5BC069:[f884fa18-d209-462d-b696-0388a1872809:192.168.5.172:36364, fedfd956-abb6-4ad4-8b26-54bbdc973f4b:192.168.5.172:45594, 4f16b0be-5bc2-4e3d-93a3-555c18992566:192.168.5.172:46813] returns group-CB0E2E5BC069:java.util.concurrent.CompletableFuture@3b6f3f9d[Not completed]
2019-07-13 14:38:05,432 INFO  impl.RaftServerImpl (RaftServerImpl.java:<init>(93)) - f884fa18-d209-462d-b696-0388a1872809: new RaftServerImpl for group-CB0E2E5BC069:[f884fa18-d209-462d-b696-0388a1872809:192.168.5.172:36364, fedfd956-abb6-4ad4-8b26-54bbdc973f4b:192.168.5.172:45594, 4f16b0be-5bc2-4e3d-93a3-555c18992566:192.168.5.172:46813] with ContainerStateMachine:uninitialized
2019-07-13 14:38:05,432 INFO  server.RaftServerConfigKeys (ConfUtils.java:logGet(43)) - raft.server.rpc.timeout.min = 5s (custom)
2019-07-13 14:38:05,432 INFO  server.RaftServerConfigKeys (ConfUtils.java:logGet(43)) - raft.server.rpc.timeout.max = 5200ms (custom)
2019-07-13 14:38:05,433 INFO  server.RaftServerConfigKeys (ConfUtils.java:logGet(43)) - raft.server.rpcslowness.timeout = 120s (custom)
2019-07-13 14:38:05,433 INFO  impl.RaftServerImpl (RaftServerImpl.java:<init>(93)) - 4f16b0be-5bc2-4e3d-93a3-555c18992566: new RaftServerImpl for group-CB0E2E5BC069:[f884fa18-d209-462d-b696-0388a1872809:192.168.5.172:36364, fedfd956-abb6-4ad4-8b26-54bbdc973f4b:192.168.5.172:45594, 4f16b0be-5bc2-4e3d-93a3-555c18992566:192.168.5.172:46813] with ContainerStateMachine:uninitialized
2019-07-13 14:38:05,433 INFO  server.RaftServerConfigKeys (ConfUtils.java:logGet(43)) - raft.server.sleep.deviation.threshold = 300 (default)
2019-07-13 14:38:05,433 INFO  impl.RaftServerImpl (RaftServerImpl.java:<init>(93)) - fedfd956-abb6-4ad4-8b26-54bbdc973f4b: new RaftServerImpl for group-CB0E2E5BC069:[f884fa18-d209-462d-b696-0388a1872809:192.168.5.172:36364, fedfd956-abb6-4ad4-8b26-54bbdc973f4b:192.168.5.172:45594, 4f16b0be-5bc2-4e3d-93a3-555c18992566:192.168.5.172:46813] with ContainerStateMachine:uninitialized
2019-07-13 14:38:05,433 INFO  server.RaftServerConfigKeys (ConfUtils.java:logGet(43)) - raft.server.rpc.timeout.min = 5s (custom)
2019-07-13 14:38:05,433 INFO  server.RaftServerConfigKeys (ConfUtils.java:logGet(43)) - raft.server.rpc.timeout.min = 5s (custom)
2019-07-13 14:38:05,433 INFO  server.RaftServerConfigKeys (ConfUtils.java:logGet(43)) - raft.server.log.appender.install.snapshot.enabled = false (custom)
2019-07-13 14:38:05,434 INFO  server.RaftServerConfigKeys (ConfUtils.java:logGet(43)) - raft.server.rpc.timeout.max = 5200ms (custom)
2019-07-13 14:38:05,434 INFO  server.RaftServerConfigKeys (ConfUtils.java:logGet(43)) - raft.server.rpc.timeout.max = 5200ms (custom)
2019-07-13 14:38:05,434 INFO  server.RaftServerConfigKeys (ConfUtils.java:logGet(43)) - raft.server.rpcslowness.timeout = 120s (custom)
2019-07-13 14:38:05,434 INFO  impl.RaftServerImpl (ServerState.java:<init>(105)) - f884fa18-d209-462d-b696-0388a1872809:group-CB0E2E5BC069 ConfigurationManager, init=-1: [f884fa18-d209-462d-b696-0388a1872809:192.168.5.172:36364, fedfd956-abb6-4ad4-8b26-54bbdc973f4b:192.168.5.172:45594, 4f16b0be-5bc2-4e3d-93a3-555c18992566:192.168.5.172:46813], old=null, confs=<EMPTY_MAP>
2019-07-13 14:38:05,434 INFO  server.RaftServerConfigKeys (ConfUtils.java:logGet(43)) - raft.server.sleep.deviation.threshold = 300 (default)
2019-07-13 14:38:05,434 INFO  server.RaftServerConfigKeys (ConfUtils.java:logGet(43)) - raft.server.rpcslowness.timeout = 120s (custom)
2019-07-13 14:38:05,435 INFO  server.RaftServerConfigKeys (ConfUtils.java:logGet(43)) - raft.server.log.appender.install.snapshot.enabled = false (custom)
2019-07-13 14:38:05,435 INFO  server.RaftServerConfigKeys (ConfUtils.java:logGet(43)) - raft.server.storage.dir = [/tmp/workdir/hadoop-ozone/integration-test/target/test-dir/MiniOzoneClusterImpl-a2f51f5a-cc29-448c-8907-e054de5c1629/datanode-4/data/ratis] (custom)
2019-07-13 14:38:05,435 INFO  impl.RaftServerImpl (ServerState.java:<init>(105)) - fedfd956-abb6-4ad4-8b26-54bbdc973f4b:group-CB0E2E5BC069 ConfigurationManager, init=-1: [f884fa18-d209-462d-b696-0388a1872809:192.168.5.172:36364, fedfd956-abb6-4ad4-8b26-54bbdc973f4b:192.168.5.172:45594, 4f16b0be-5bc2-4e3d-93a3-555c18992566:192.168.5.172:46813], old=null, confs=<EMPTY_MAP>
2019-07-13 14:38:05,435 INFO  server.RaftServerConfigKeys (ConfUtils.java:logGet(43)) - raft.server.sleep.deviation.threshold = 300 (default)
2019-07-13 14:38:05,436 INFO  storage.RaftStorageDirectory (RaftStorageDirectory.java:analyzeStorage(246)) - The storage directory /tmp/workdir/hadoop-ozone/integration-test/target/test-dir/MiniOzoneClusterImpl-a2f51f5a-cc29-448c-8907-e054de5c1629/datanode-4/data/ratis/e0d69260-7384-4216-beac-cb0e2e5bc069 does not exist. Creating ...
2019-07-13 14:38:05,436 INFO  server.RaftServerConfigKeys (ConfUtils.java:logGet(43)) - raft.server.storage.dir = [/tmp/workdir/hadoop-ozone/integration-test/target/test-dir/MiniOzoneClusterImpl-a2f51f5a-cc29-448c-8907-e054de5c1629/datanode-3/data/ratis] (custom)
2019-07-13 14:38:05,436 INFO  server.RaftServerConfigKeys (ConfUtils.java:logGet(43)) - raft.server.log.appender.install.snapshot.enabled = false (custom)
2019-07-13 14:38:05,436 INFO  storage.RaftStorageDirectory (RaftStorageDirectory.java:analyzeStorage(246)) - The storage directory /tmp/workdir/hadoop-ozone/integration-test/target/test-dir/MiniOzoneClusterImpl-a2f51f5a-cc29-448c-8907-e054de5c1629/datanode-3/data/ratis/e0d69260-7384-4216-beac-cb0e2e5bc069 does not exist. Creating ...
2019-07-13 14:38:05,436 INFO  impl.RaftServerImpl (ServerState.java:<init>(105)) - 4f16b0be-5bc2-4e3d-93a3-555c18992566:group-CB0E2E5BC069 ConfigurationManager, init=-1: [f884fa18-d209-462d-b696-0388a1872809:192.168.5.172:36364, fedfd956-abb6-4ad4-8b26-54bbdc973f4b:192.168.5.172:45594, 4f16b0be-5bc2-4e3d-93a3-555c18992566:192.168.5.172:46813], old=null, confs=<EMPTY_MAP>
2019-07-13 14:38:05,437 INFO  server.RaftServerConfigKeys (ConfUtils.java:logGet(43)) - raft.server.storage.dir = [/tmp/workdir/hadoop-ozone/integration-test/target/test-dir/MiniOzoneClusterImpl-a2f51f5a-cc29-448c-8907-e054de5c1629/datanode-5/data/ratis] (custom)
2019-07-13 14:38:05,437 INFO  storage.RaftStorageDirectory (RaftStorageDirectory.java:analyzeStorage(246)) - The storage directory /tmp/workdir/hadoop-ozone/integration-test/target/test-dir/MiniOzoneClusterImpl-a2f51f5a-cc29-448c-8907-e054de5c1629/datanode-5/data/ratis/e0d69260-7384-4216-beac-cb0e2e5bc069 does not exist. Creating ...
2019-07-13 14:38:05,442 INFO  storage.RaftStorageDirectory (RaftStorageDirectory.java:tryLock(328)) - Lock on /tmp/workdir/hadoop-ozone/integration-test/target/test-dir/MiniOzoneClusterImpl-a2f51f5a-cc29-448c-8907-e054de5c1629/datanode-4/data/ratis/e0d69260-7384-4216-beac-cb0e2e5bc069/in_use.lock acquired by nodename 31544@trunk-nightly-mhs6z-4061744966
2019-07-13 14:38:05,442 INFO  storage.RaftStorageDirectory (RaftStorageDirectory.java:tryLock(328)) - Lock on /tmp/workdir/hadoop-ozone/integration-test/target/test-dir/MiniOzoneClusterImpl-a2f51f5a-cc29-448c-8907-e054de5c1629/datanode-3/data/ratis/e0d69260-7384-4216-beac-cb0e2e5bc069/in_use.lock acquired by nodename 31544@trunk-nightly-mhs6z-4061744966
2019-07-13 14:38:05,442 INFO  storage.RaftStorageDirectory (RaftStorageDirectory.java:tryLock(328)) - Lock on /tmp/workdir/hadoop-ozone/integration-test/target/test-dir/MiniOzoneClusterImpl-a2f51f5a-cc29-448c-8907-e054de5c1629/datanode-5/data/ratis/e0d69260-7384-4216-beac-cb0e2e5bc069/in_use.lock acquired by nodename 31544@trunk-nightly-mhs6z-4061744966
2019-07-13 14:38:05,451 INFO  storage.RaftStorage (RaftStorage.java:format(72)) - Storage directory /tmp/workdir/hadoop-ozone/integration-test/target/test-dir/MiniOzoneClusterImpl-a2f51f5a-cc29-448c-8907-e054de5c1629/datanode-4/data/ratis/e0d69260-7384-4216-beac-cb0e2e5bc069 has been successfully formatted.
2019-07-13 14:38:05,451 INFO  storage.RaftStorage (RaftStorage.java:format(72)) - Storage directory /tmp/workdir/hadoop-ozone/integration-test/target/test-dir/MiniOzoneClusterImpl-a2f51f5a-cc29-448c-8907-e054de5c1629/datanode-3/data/ratis/e0d69260-7384-4216-beac-cb0e2e5bc069 has been successfully formatted.
2019-07-13 14:38:05,451 INFO  storage.RaftStorage (RaftStorage.java:format(72)) - Storage directory /tmp/workdir/hadoop-ozone/integration-test/target/test-dir/MiniOzoneClusterImpl-a2f51f5a-cc29-448c-8907-e054de5c1629/datanode-5/data/ratis/e0d69260-7384-4216-beac-cb0e2e5bc069 has been successfully formatted.
2019-07-13 14:38:05,451 INFO  ratis.ContainerStateMachine (ContainerStateMachine.java:loadSnapshot(200)) - The snapshot info is null.Setting the last applied index to:(t:0, i:~)
2019-07-13 14:38:05,451 INFO  ratis.ContainerStateMachine (ContainerStateMachine.java:loadSnapshot(200)) - The snapshot info is null.Setting the last applied index to:(t:0, i:~)
2019-07-13 14:38:05,452 INFO  server.RaftServerConfigKeys (ConfUtils.java:logGet(43)) - raft.server.leader.election.timeout = 120s (custom)
2019-07-13 14:38:05,451 INFO  ratis.ContainerStateMachine (ContainerStateMachine.java:loadSnapshot(200)) - The snapshot info is null.Setting the last applied index to:(t:0, i:~)
2019-07-13 14:38:05,452 INFO  server.RaftServerConfigKeys (ConfUtils.java:logGet(43)) - raft.server.log.use.memory = false (default)
2019-07-13 14:38:05,452 INFO  server.RaftServerConfigKeys (ConfUtils.java:logGet(43)) - raft.server.leader.election.timeout = 120s (custom)
2019-07-13 14:38:05,452 INFO  server.RaftServerConfigKeys (ConfUtils.java:logGet(43)) - raft.server.log.purge.gap = 1000000000 (custom)
2019-07-13 14:38:05,452 INFO  server.RaftServerConfigKeys (ConfUtils.java:logGet(43)) - raft.server.leader.election.timeout = 120s (custom)
2019-07-13 14:38:05,452 INFO  server.RaftServerConfigKeys (ConfUtils.java:logGet(43)) - raft.server.log.appender.buffer.byte-limit = 33554432 (custom)
2019-07-13 14:38:05,452 INFO  server.RaftServerConfigKeys (ConfUtils.java:logGet(43)) - raft.server.log.use.memory = false (default)
2019-07-13 14:38:05,453 INFO  server.RaftServerConfigKeys (ConfUtils.java:logGet(43)) - raft.server.log.segment.size.max = 1048576 (custom)
2019-07-13 14:38:05,453 INFO  server.RaftServerConfigKeys (ConfUtils.java:logGet(43)) - raft.server.log.segment.cache.num.max = 2 (custom)
2019-07-13 14:38:05,453 INFO  server.RaftServerConfigKeys (ConfUtils.java:logGet(43)) - raft.server.log.use.memory = false (default)
2019-07-13 14:38:05,453 INFO  segmented.SegmentedRaftLogWorker (SegmentedRaftLogWorker.java:<init>(172)) - new fedfd956-abb6-4ad4-8b26-54bbdc973f4b-SegmentedRaftLogWorker:Storage Directory /tmp/workdir/hadoop-ozone/integration-test/target/test-dir/MiniOzoneClusterImpl-a2f51f5a-cc29-448c-8907-e054de5c1629/datanode-3/data/ratis/e0d69260-7384-4216-beac-cb0e2e5bc069 for RaftStorage:Storage Directory /tmp/workdir/hadoop-ozone/integration-test/target/test-dir/MiniOzoneClusterImpl-a2f51f5a-cc29-448c-8907-e054de5c1629/datanode-3/data/ratis/e0d69260-7384-4216-beac-cb0e2e5bc069
2019-07-13 14:38:05,453 INFO  server.RaftServerConfigKeys (ConfUtils.java:logGet(43)) - raft.server.log.purge.gap = 1000000000 (custom)
2019-07-13 14:38:05,454 INFO  server.RaftServerConfigKeys (ConfUtils.java:logGet(43)) - raft.server.log.queue.byte-limit = 2147483647 (custom)
2019-07-13 14:38:05,453 INFO  server.RaftServerConfigKeys (ConfUtils.java:logGet(43)) - raft.server.log.purge.gap = 1000000000 (custom)
2019-07-13 14:38:05,454 INFO  server.RaftServerConfigKeys (ConfUtils.java:logGet(43)) - raft.server.log.queue.element-limit = 1024 (custom)
2019-07-13 14:38:05,454 INFO  server.RaftServerConfigKeys (ConfUtils.java:logGet(43)) - raft.server.log.appender.buffer.byte-limit = 33554432 (custom)
2019-07-13 14:38:05,454 INFO  server.RaftServerConfigKeys (ConfUtils.java:logGet(43)) - raft.server.log.segment.size.max = 1048576 (custom)
2019-07-13 14:38:05,454 INFO  server.RaftServerConfigKeys (ConfUtils.java:logGet(43)) - raft.server.log.preallocated.size = 16384 (custom)
2019-07-13 14:38:05,454 INFO  server.RaftServerConfigKeys (ConfUtils.java:logGet(43)) - raft.server.log.appender.buffer.byte-limit = 33554432 (custom)
2019-07-13 14:38:05,455 INFO  server.RaftServerConfigKeys (ConfUtils.java:logGet(43)) - raft.server.log.write.buffer.size = 33554432 (custom)
2019-07-13 14:38:05,454 INFO  server.RaftServerConfigKeys (ConfUtils.java:logGet(43)) - raft.server.log.segment.size.max = 1048576 (custom)
2019-07-13 14:38:05,455 INFO  server.RaftServerConfigKeys (ConfUtils.java:logGet(43)) - raft.server.log.force.sync.num = 128 (default)
2019-07-13 14:38:05,455 INFO  server.RaftServerConfigKeys (ConfUtils.java:logGet(43)) - raft.server.log.segment.size.max = 1048576 (custom)
2019-07-13 14:38:05,455 INFO  server.RaftServerConfigKeys (ConfUtils.java:logGet(43)) - raft.server.log.statemachine.data.sync = true (default)
2019-07-13 14:38:05,455 INFO  server.RaftServerConfigKeys (ConfUtils.java:logGet(43)) - raft.server.log.segment.cache.num.max = 2 (custom)
2019-07-13 14:38:05,456 INFO  server.RaftServerConfigKeys (ConfUtils.java:logGet(43)) - raft.server.log.statemachine.data.sync.timeout = 10s (default)
2019-07-13 14:38:05,455 INFO  server.RaftServerConfigKeys (ConfUtils.java:logGet(43)) - raft.server.log.segment.cache.num.max = 2 (custom)
2019-07-13 14:38:05,456 INFO  server.RaftServerConfigKeys (ConfUtils.java:logGet(43)) - raft.server.log.statemachine.data.sync.timeout.retry = -1 (default)
2019-07-13 14:38:05,456 INFO  segmented.SegmentedRaftLogWorker (SegmentedRaftLogWorker.java:<init>(172)) - new f884fa18-d209-462d-b696-0388a1872809-SegmentedRaftLogWorker:Storage Directory /tmp/workdir/hadoop-ozone/integration-test/target/test-dir/MiniOzoneClusterImpl-a2f51f5a-cc29-448c-8907-e054de5c1629/datanode-4/data/ratis/e0d69260-7384-4216-beac-cb0e2e5bc069 for RaftStorage:Storage Directory /tmp/workdir/hadoop-ozone/integration-test/target/test-dir/MiniOzoneClusterImpl-a2f51f5a-cc29-448c-8907-e054de5c1629/datanode-4/data/ratis/e0d69260-7384-4216-beac-cb0e2e5bc069
2019-07-13 14:38:05,456 INFO  server.RaftServerConfigKeys (ConfUtils.java:logGet(43)) - raft.server.log.statemachine.data.caching.enabled = true (custom)
2019-07-13 14:38:05,456 INFO  segmented.SegmentedRaftLogWorker (SegmentedRaftLogWorker.java:<init>(172)) - new 4f16b0be-5bc2-4e3d-93a3-555c18992566-SegmentedRaftLogWorker:Storage Directory /tmp/workdir/hadoop-ozone/integration-test/target/test-dir/MiniOzoneClusterImpl-a2f51f5a-cc29-448c-8907-e054de5c1629/datanode-5/data/ratis/e0d69260-7384-4216-beac-cb0e2e5bc069 for RaftStorage:Storage Directory /tmp/workdir/hadoop-ozone/integration-test/target/test-dir/MiniOzoneClusterImpl-a2f51f5a-cc29-448c-8907-e054de5c1629/datanode-5/data/ratis/e0d69260-7384-4216-beac-cb0e2e5bc069
2019-07-13 14:38:05,456 INFO  server.RaftServerConfigKeys (ConfUtils.java:logGet(43)) - raft.server.log.queue.byte-limit = 2147483647 (custom)
2019-07-13 14:38:05,457 INFO  server.RaftServerConfigKeys (ConfUtils.java:logGet(43)) - raft.server.log.queue.byte-limit = 2147483647 (custom)
2019-07-13 14:38:05,457 INFO  server.RaftServerConfigKeys (ConfUtils.java:logGet(43)) - raft.server.log.queue.element-limit = 1024 (custom)
2019-07-13 14:38:05,457 INFO  server.RaftServerConfigKeys (ConfUtils.java:logGet(43)) - raft.server.log.queue.element-limit = 1024 (custom)
2019-07-13 14:38:05,457 INFO  server.RaftServerConfigKeys (ConfUtils.java:logGet(43)) - raft.server.log.segment.size.max = 1048576 (custom)
2019-07-13 14:38:05,457 INFO  server.RaftServerConfigKeys (ConfUtils.java:logGet(43)) - raft.server.log.segment.size.max = 1048576 (custom)
2019-07-13 14:38:05,457 INFO  server.RaftServerConfigKeys (ConfUtils.java:logGet(43)) - raft.server.log.preallocated.size = 16384 (custom)
2019-07-13 14:38:05,457 INFO  server.RaftServerConfigKeys (ConfUtils.java:logGet(43)) - raft.server.log.preallocated.size = 16384 (custom)
2019-07-13 14:38:05,458 INFO  server.RaftServerConfigKeys (ConfUtils.java:logGet(43)) - raft.server.log.write.buffer.size = 33554432 (custom)
2019-07-13 14:38:05,458 INFO  segmented.SegmentedRaftLogWorker (SegmentedRaftLogWorker.java:lambda$new$0(132)) - fedfd956-abb6-4ad4-8b26-54bbdc973f4b-SegmentedRaftLogWorker:Storage Directory /tmp/workdir/hadoop-ozone/integration-test/target/test-dir/MiniOzoneClusterImpl-a2f51f5a-cc29-448c-8907-e054de5c1629/datanode-3/data/ratis/e0d69260-7384-4216-beac-cb0e2e5bc069: flushIndex: setUnconditionally 0 -> -1
2019-07-13 14:38:05,458 INFO  server.RaftServerConfigKeys (ConfUtils.java:logGet(43)) - raft.server.log.write.buffer.size = 33554432 (custom)
2019-07-13 14:38:05,458 INFO  server.RaftServerConfigKeys (ConfUtils.java:logGet(43)) - raft.server.log.force.sync.num = 128 (default)
2019-07-13 14:38:05,458 INFO  server.RaftServerConfigKeys (ConfUtils.java:logGet(43)) - raft.server.log.force.sync.num = 128 (default)
2019-07-13 14:38:05,458 INFO  server.RaftServerConfigKeys (ConfUtils.java:logGet(43)) - raft.server.log.statemachine.data.sync = true (default)
2019-07-13 14:38:05,458 INFO  server.RaftServerConfigKeys (ConfUtils.java:logGet(43)) - raft.server.snapshot.auto.trigger.enabled = true (custom)
2019-07-13 14:38:05,459 INFO  server.RaftServerConfigKeys (ConfUtils.java:logGet(43)) - raft.server.log.statemachine.data.sync.timeout = 10s (default)
2019-07-13 14:38:05,458 INFO  server.RaftServerConfigKeys (ConfUtils.java:logGet(43)) - raft.server.log.statemachine.data.sync = true (default)
2019-07-13 14:38:05,459 INFO  server.RaftServerConfigKeys (ConfUtils.java:logGet(43)) - raft.server.log.statemachine.data.sync.timeout.retry = -1 (default)
2019-07-13 14:38:05,459 INFO  server.RaftServerConfigKeys (ConfUtils.java:logGet(43)) - raft.server.snapshot.auto.trigger.threshold = 10000 (custom)
2019-07-13 14:38:05,459 INFO  server.RaftServerConfigKeys (ConfUtils.java:logGet(43)) - raft.server.log.statemachine.data.caching.enabled = true (custom)
2019-07-13 14:38:05,459 INFO  server.RaftServerConfigKeys (ConfUtils.java:logGet(43)) - raft.server.log.statemachine.data.sync.timeout = 10s (default)
2019-07-13 14:38:05,459 INFO  server.RaftServerConfigKeys (ConfUtils.java:logGet(43)) - raft.server.retrycache.expirytime = 600000ms (custom)
2019-07-13 14:38:05,460 INFO  segmented.SegmentedRaftLogWorker (SegmentedRaftLogWorker.java:lambda$new$0(132)) - 4f16b0be-5bc2-4e3d-93a3-555c18992566-SegmentedRaftLogWorker:Storage Directory /tmp/workdir/hadoop-ozone/integration-test/target/test-dir/MiniOzoneClusterImpl-a2f51f5a-cc29-448c-8907-e054de5c1629/datanode-5/data/ratis/e0d69260-7384-4216-beac-cb0e2e5bc069: flushIndex: setUnconditionally 0 -> -1
2019-07-13 14:38:05,460 INFO  server.RaftServerConfigKeys (ConfUtils.java:logGet(43)) - raft.server.log.statemachine.data.sync.timeout.retry = -1 (default)
2019-07-13 14:38:05,460 INFO  impl.RaftServerImpl (RaftServerImpl.java:start(180)) - fedfd956-abb6-4ad4-8b26-54bbdc973f4b: start group-CB0E2E5BC069
2019-07-13 14:38:05,460 INFO  server.RaftServerConfigKeys (ConfUtils.java:logGet(43)) - raft.server.snapshot.auto.trigger.enabled = true (custom)
2019-07-13 14:38:05,460 INFO  server.RaftServerConfigKeys (ConfUtils.java:logGet(43)) - raft.server.log.statemachine.data.caching.enabled = true (custom)
2019-07-13 14:38:05,460 INFO  server.RaftServerConfigKeys (ConfUtils.java:logGet(43)) - raft.server.snapshot.auto.trigger.threshold = 10000 (custom)
2019-07-13 14:38:05,460 INFO  impl.RaftServerImpl (RaftServerImpl.java:setRole(171)) - fedfd956-abb6-4ad4-8b26-54bbdc973f4b:group-CB0E2E5BC069 changes role from null to FOLLOWER at term 0 for startAsFollower
2019-07-13 14:38:05,461 INFO  segmented.SegmentedRaftLogWorker (SegmentedRaftLogWorker.java:lambda$new$0(132)) - f884fa18-d209-462d-b696-0388a1872809-SegmentedRaftLogWorker:Storage Directory /tmp/workdir/hadoop-ozone/integration-test/target/test-dir/MiniOzoneClusterImpl-a2f51f5a-cc29-448c-8907-e054de5c1629/datanode-4/data/ratis/e0d69260-7384-4216-beac-cb0e2e5bc069: flushIndex: setUnconditionally 0 -> -1
2019-07-13 14:38:05,461 INFO  server.RaftServerConfigKeys (ConfUtils.java:logGet(43)) - raft.server.retrycache.expirytime = 600000ms (custom)
2019-07-13 14:38:05,461 INFO  impl.RoleInfo (RoleInfo.java:updateAndGet(143)) - fedfd956-abb6-4ad4-8b26-54bbdc973f4b: start FollowerState
2019-07-13 14:38:05,461 INFO  server.RaftServerConfigKeys (ConfUtils.java:logGet(43)) - raft.server.snapshot.auto.trigger.enabled = true (custom)
2019-07-13 14:38:05,461 INFO  impl.RaftServerImpl (RaftServerImpl.java:start(180)) - 4f16b0be-5bc2-4e3d-93a3-555c18992566: start group-CB0E2E5BC069
2019-07-13 14:38:05,461 INFO  server.RaftServerConfigKeys (ConfUtils.java:logGet(43)) - raft.server.snapshot.auto.trigger.threshold = 10000 (custom)
2019-07-13 14:38:05,461 INFO  util.JmxRegister (JmxRegister.java:tryRegister(44)) - Successfully registered JMX Bean with object name Ratis:service=RaftServer,group=group-CB0E2E5BC069,id=fedfd956-abb6-4ad4-8b26-54bbdc973f4b
2019-07-13 14:38:05,461 INFO  impl.RaftServerImpl (RaftServerImpl.java:setRole(171)) - 4f16b0be-5bc2-4e3d-93a3-555c18992566:group-CB0E2E5BC069 changes role from null to FOLLOWER at term 0 for startAsFollower
2019-07-13 14:38:05,462 INFO  server.RaftServerConfigKeys (ConfUtils.java:logGet(43)) - raft.server.retrycache.expirytime = 600000ms (custom)
2019-07-13 14:38:05,462 INFO  impl.RoleInfo (RoleInfo.java:updateAndGet(143)) - 4f16b0be-5bc2-4e3d-93a3-555c18992566: start FollowerState
2019-07-13 14:38:05,462 INFO  impl.RaftServerImpl (RaftServerImpl.java:start(180)) - f884fa18-d209-462d-b696-0388a1872809: start group-CB0E2E5BC069
2019-07-13 14:38:05,462 INFO  impl.RaftServerImpl (RaftServerImpl.java:setRole(171)) - f884fa18-d209-462d-b696-0388a1872809:group-CB0E2E5BC069 changes role from null to FOLLOWER at term 0 for startAsFollower
2019-07-13 14:38:05,462 INFO  impl.RoleInfo (RoleInfo.java:updateAndGet(143)) - f884fa18-d209-462d-b696-0388a1872809: start FollowerState
2019-07-13 14:38:05,462 INFO  util.JmxRegister (JmxRegister.java:tryRegister(44)) - Successfully registered JMX Bean with object name Ratis:service=RaftServer,group=group-CB0E2E5BC069,id=4f16b0be-5bc2-4e3d-93a3-555c18992566
2019-07-13 14:38:05,463 INFO  util.JmxRegister (JmxRegister.java:tryRegister(44)) - Successfully registered JMX Bean with object name Ratis:service=RaftServer,group=group-CB0E2E5BC069,id=f884fa18-d209-462d-b696-0388a1872809
2019-07-13 14:38:05,467 INFO  pipeline.PipelineStateManager (PipelineStateManager.java:addPipeline(56)) - Created pipeline Pipeline[ Id: e0d69260-7384-4216-beac-cb0e2e5bc069, Nodes: 4f16b0be-5bc2-4e3d-93a3-555c18992566{ip: 192.168.5.172, host: trunk-nightly-mhs6z-4061744966, networkLocation: /default-rack, certSerialId: null}f884fa18-d209-462d-b696-0388a1872809{ip: 192.168.5.172, host: trunk-nightly-mhs6z-4061744966, networkLocation: /default-rack, certSerialId: null}fedfd956-abb6-4ad4-8b26-54bbdc973f4b{ip: 192.168.5.172, host: trunk-nightly-mhs6z-4061744966, networkLocation: /default-rack, certSerialId: null}, Type:RATIS, Factor:THREE, State:OPEN]
2019-07-13 14:38:05,549 INFO  ozone.MiniOzoneClusterImpl (MiniOzoneClusterImpl.java:lambda$waitForClusterToBeReady$0(142)) - Waiting for cluster to be ready. Got 6 of 7 DN Heartbeats.
2019-07-13 14:38:05,550 INFO  node.SCMNodeManager (SCMNodeManager.java:register(269)) - Registered Data node : 51dfeec5-c7b6-431f-9756-00d4a360d3d9{ip: 192.168.5.172, host: trunk-nightly-mhs6z-4061744966, networkLocation: /default-rack, certSerialId: null}
2019-07-13 14:38:05,559 INFO  impl.RaftServerProxy (RaftServerProxy.java:addNew(89)) - 51dfeec5-c7b6-431f-9756-00d4a360d3d9: addNew group-F552B6DFCB62:[51dfeec5-c7b6-431f-9756-00d4a360d3d9:192.168.5.172:35266] returns group-F552B6DFCB62:java.util.concurrent.CompletableFuture@1a8ef9bc[Not completed]
2019-07-13 14:38:05,561 INFO  impl.RaftServerImpl (RaftServerImpl.java:<init>(93)) - 51dfeec5-c7b6-431f-9756-00d4a360d3d9: new RaftServerImpl for group-F552B6DFCB62:[51dfeec5-c7b6-431f-9756-00d4a360d3d9:192.168.5.172:35266] with ContainerStateMachine:uninitialized
2019-07-13 14:38:05,561 INFO  server.RaftServerConfigKeys (ConfUtils.java:logGet(43)) - raft.server.rpc.timeout.min = 5s (custom)
2019-07-13 14:38:05,561 INFO  server.RaftServerConfigKeys (ConfUtils.java:logGet(43)) - raft.server.rpc.timeout.max = 5200ms (custom)
2019-07-13 14:38:05,561 INFO  server.RaftServerConfigKeys (ConfUtils.java:logGet(43)) - raft.server.rpcslowness.timeout = 120s (custom)
2019-07-13 14:38:05,561 INFO  server.RaftServerConfigKeys (ConfUtils.java:logGet(43)) - raft.server.sleep.deviation.threshold = 300 (default)
2019-07-13 14:38:05,561 INFO  server.RaftServerConfigKeys (ConfUtils.java:logGet(43)) - raft.server.log.appender.install.snapshot.enabled = false (custom)
2019-07-13 14:38:05,561 INFO  impl.RaftServerImpl (ServerState.java:<init>(105)) - 51dfeec5-c7b6-431f-9756-00d4a360d3d9:group-F552B6DFCB62 ConfigurationManager, init=-1: [51dfeec5-c7b6-431f-9756-00d4a360d3d9:192.168.5.172:35266], old=null, confs=<EMPTY_MAP>
2019-07-13 14:38:05,562 INFO  server.RaftServerConfigKeys (ConfUtils.java:logGet(43)) - raft.server.storage.dir = [/tmp/workdir/hadoop-ozone/integration-test/target/test-dir/MiniOzoneClusterImpl-a2f51f5a-cc29-448c-8907-e054de5c1629/datanode-6/data/ratis] (custom)
2019-07-13 14:38:05,562 INFO  storage.RaftStorageDirectory (RaftStorageDirectory.java:analyzeStorage(246)) - The storage directory /tmp/workdir/hadoop-ozone/integration-test/target/test-dir/MiniOzoneClusterImpl-a2f51f5a-cc29-448c-8907-e054de5c1629/datanode-6/data/ratis/2e8971de-b87a-49c0-aa7d-f552b6dfcb62 does not exist. Creating ...
2019-07-13 14:38:05,568 INFO  storage.RaftStorageDirectory (RaftStorageDirectory.java:tryLock(328)) - Lock on /tmp/workdir/hadoop-ozone/integration-test/target/test-dir/MiniOzoneClusterImpl-a2f51f5a-cc29-448c-8907-e054de5c1629/datanode-6/data/ratis/2e8971de-b87a-49c0-aa7d-f552b6dfcb62/in_use.lock acquired by nodename 31544@trunk-nightly-mhs6z-4061744966
2019-07-13 14:38:05,572 INFO  storage.RaftStorage (RaftStorage.java:format(72)) - Storage directory /tmp/workdir/hadoop-ozone/integration-test/target/test-dir/MiniOzoneClusterImpl-a2f51f5a-cc29-448c-8907-e054de5c1629/datanode-6/data/ratis/2e8971de-b87a-49c0-aa7d-f552b6dfcb62 has been successfully formatted.
2019-07-13 14:38:05,572 INFO  ratis.ContainerStateMachine (ContainerStateMachine.java:loadSnapshot(200)) - The snapshot info is null.Setting the last applied index to:(t:0, i:~)
2019-07-13 14:38:05,572 INFO  server.RaftServerConfigKeys (ConfUtils.java:logGet(43)) - raft.server.leader.election.timeout = 120s (custom)
2019-07-13 14:38:05,572 INFO  server.RaftServerConfigKeys (ConfUtils.java:logGet(43)) - raft.server.log.use.memory = false (default)
2019-07-13 14:38:05,572 INFO  server.RaftServerConfigKeys (ConfUtils.java:logGet(43)) - raft.server.log.purge.gap = 1000000000 (custom)
2019-07-13 14:38:05,573 INFO  server.RaftServerConfigKeys (ConfUtils.java:logGet(43)) - raft.server.log.appender.buffer.byte-limit = 33554432 (custom)
2019-07-13 14:38:05,573 INFO  server.RaftServerConfigKeys (ConfUtils.java:logGet(43)) - raft.server.log.segment.size.max = 1048576 (custom)
2019-07-13 14:38:05,573 INFO  server.RaftServerConfigKeys (ConfUtils.java:logGet(43)) - raft.server.log.segment.cache.num.max = 2 (custom)
2019-07-13 14:38:05,573 INFO  segmented.SegmentedRaftLogWorker (SegmentedRaftLogWorker.java:<init>(172)) - new 51dfeec5-c7b6-431f-9756-00d4a360d3d9-SegmentedRaftLogWorker:Storage Directory /tmp/workdir/hadoop-ozone/integration-test/target/test-dir/MiniOzoneClusterImpl-a2f51f5a-cc29-448c-8907-e054de5c1629/datanode-6/data/ratis/2e8971de-b87a-49c0-aa7d-f552b6dfcb62 for RaftStorage:Storage Directory /tmp/workdir/hadoop-ozone/integration-test/target/test-dir/MiniOzoneClusterImpl-a2f51f5a-cc29-448c-8907-e054de5c1629/datanode-6/data/ratis/2e8971de-b87a-49c0-aa7d-f552b6dfcb62
2019-07-13 14:38:05,573 INFO  server.RaftServerConfigKeys (ConfUtils.java:logGet(43)) - raft.server.log.queue.byte-limit = 2147483647 (custom)
2019-07-13 14:38:05,573 INFO  server.RaftServerConfigKeys (ConfUtils.java:logGet(43)) - raft.server.log.queue.element-limit = 1024 (custom)
2019-07-13 14:38:05,574 INFO  server.RaftServerConfigKeys (ConfUtils.java:logGet(43)) - raft.server.log.segment.size.max = 1048576 (custom)
2019-07-13 14:38:05,574 INFO  server.RaftServerConfigKeys (ConfUtils.java:logGet(43)) - raft.server.log.preallocated.size = 16384 (custom)
2019-07-13 14:38:05,574 INFO  server.RaftServerConfigKeys (ConfUtils.java:logGet(43)) - raft.server.log.write.buffer.size = 33554432 (custom)
2019-07-13 14:38:05,574 INFO  server.RaftServerConfigKeys (ConfUtils.java:logGet(43)) - raft.server.log.force.sync.num = 128 (default)
2019-07-13 14:38:05,574 INFO  server.RaftServerConfigKeys (ConfUtils.java:logGet(43)) - raft.server.log.statemachine.data.sync = true (default)
2019-07-13 14:38:05,574 INFO  server.RaftServerConfigKeys (ConfUtils.java:logGet(43)) - raft.server.log.statemachine.data.sync.timeout = 10s (default)
2019-07-13 14:38:05,575 INFO  server.RaftServerConfigKeys (ConfUtils.java:logGet(43)) - raft.server.log.statemachine.data.sync.timeout.retry = -1 (default)
2019-07-13 14:38:05,575 INFO  server.RaftServerConfigKeys (ConfUtils.java:logGet(43)) - raft.server.log.statemachine.data.caching.enabled = true (custom)
2019-07-13 14:38:05,575 INFO  segmented.SegmentedRaftLogWorker (SegmentedRaftLogWorker.java:lambda$new$0(132)) - 51dfeec5-c7b6-431f-9756-00d4a360d3d9-SegmentedRaftLogWorker:Storage Directory /tmp/workdir/hadoop-ozone/integration-test/target/test-dir/MiniOzoneClusterImpl-a2f51f5a-cc29-448c-8907-e054de5c1629/datanode-6/data/ratis/2e8971de-b87a-49c0-aa7d-f552b6dfcb62: flushIndex: setUnconditionally 0 -> -1
2019-07-13 14:38:05,576 INFO  server.RaftServerConfigKeys (ConfUtils.java:logGet(43)) - raft.server.snapshot.auto.trigger.enabled = true (custom)
2019-07-13 14:38:05,576 INFO  server.RaftServerConfigKeys (ConfUtils.java:logGet(43)) - raft.server.snapshot.auto.trigger.threshold = 10000 (custom)
2019-07-13 14:38:05,576 INFO  server.RaftServerConfigKeys (ConfUtils.java:logGet(43)) - raft.server.retrycache.expirytime = 600000ms (custom)
2019-07-13 14:38:05,576 INFO  impl.RaftServerImpl (RaftServerImpl.java:start(180)) - 51dfeec5-c7b6-431f-9756-00d4a360d3d9: start group-F552B6DFCB62
2019-07-13 14:38:05,576 INFO  impl.RaftServerImpl (RaftServerImpl.java:setRole(171)) - 51dfeec5-c7b6-431f-9756-00d4a360d3d9:group-F552B6DFCB62 changes role from null to FOLLOWER at term 0 for startAsFollower
2019-07-13 14:38:05,576 INFO  impl.RoleInfo (RoleInfo.java:updateAndGet(143)) - 51dfeec5-c7b6-431f-9756-00d4a360d3d9: start FollowerState
2019-07-13 14:38:05,577 INFO  util.JmxRegister (JmxRegister.java:tryRegister(44)) - Successfully registered JMX Bean with object name Ratis:service=RaftServer,group=group-F552B6DFCB62,id=51dfeec5-c7b6-431f-9756-00d4a360d3d9
2019-07-13 14:38:05,578 INFO  pipeline.PipelineStateManager (PipelineStateManager.java:addPipeline(56)) - Created pipeline Pipeline[ Id: 2e8971de-b87a-49c0-aa7d-f552b6dfcb62, Nodes: 51dfeec5-c7b6-431f-9756-00d4a360d3d9{ip: 192.168.5.172, host: trunk-nightly-mhs6z-4061744966, networkLocation: /default-rack, certSerialId: null}, Type:RATIS, Factor:ONE, State:OPEN]
2019-07-13 14:38:06,550 INFO  ozone.MiniOzoneClusterImpl (MiniOzoneClusterImpl.java:lambda$waitForClusterToBeReady$0(142)) - Cluster is ready. Got 7 of 7 DN Heartbeats.
2019-07-13 14:38:06,599 INFO  rpc.RpcClient (RpcClient.java:createVolume(287)) - Creating Volume: testblockoutputstream, with jenkins1000 as owner.
2019-07-13 14:38:06,620 INFO  rpc.RpcClient (RpcClient.java:createBucket(424)) - Creating Bucket: testblockoutputstream/testblockoutputstream, with Versioning false and Storage Type set to DISK and Encryption set to false 
2019-07-13 14:38:06,652 INFO  client.GrpcClientProtocolClient (GrpcClientProtocolClient.java:onNext(255)) - client-03638709B385->01002fe0-6cca-4877-ae90-5ff90be4a072: receive RaftClientReply:client-03638709B385->01002fe0-6cca-4877-ae90-5ff90be4a072@group-01E3218244F8, cid=272, FAILED org.apache.ratis.protocol.NotLeaderException: Server 01002fe0-6cca-4877-ae90-5ff90be4a072 is not the leader (null). Request must be sent to leader., logIndex=0, commits[01002fe0-6cca-4877-ae90-5ff90be4a072:c-1]
2019-07-13 14:38:07,547 INFO  container.ReplicationManager (ReplicationManager.java:start(155)) - Starting Replication Monitor Thread.
2019-07-13 14:38:07,551 INFO  container.ReplicationManager (ReplicationManager.java:run(207)) - Replication Monitor Thread took 0 milliseconds for processing 1 containers.
2019-07-13 14:38:07,666 INFO  client.GrpcClientProtocolClient (GrpcClientProtocolClient.java:onNext(255)) - client-03638709B385->88481078-93db-4d5a-baea-16b5a73ff595: receive RaftClientReply:client-03638709B385->88481078-93db-4d5a-baea-16b5a73ff595@group-01E3218244F8, cid=272, FAILED org.apache.ratis.protocol.NotLeaderException: Server 88481078-93db-4d5a-baea-16b5a73ff595 is not the leader (null). Request must be sent to leader., logIndex=0, commits[88481078-93db-4d5a-baea-16b5a73ff595:c-1]
2019-07-13 14:38:08,675 INFO  client.GrpcClientProtocolClient (GrpcClientProtocolClient.java:onNext(255)) - client-03638709B385->01002fe0-6cca-4877-ae90-5ff90be4a072: receive RaftClientReply:client-03638709B385->01002fe0-6cca-4877-ae90-5ff90be4a072@group-01E3218244F8, cid=272, FAILED org.apache.ratis.protocol.NotLeaderException: Server 01002fe0-6cca-4877-ae90-5ff90be4a072 is not the leader (null). Request must be sent to leader., logIndex=0, commits[01002fe0-6cca-4877-ae90-5ff90be4a072:c-1]
2019-07-13 14:38:09,649 INFO  impl.FollowerState (FollowerState.java:run(106)) - 88481078-93db-4d5a-baea-16b5a73ff595:group-3DA43372BC9C changes to CANDIDATE, lastRpcTime:5078, electionTimeout:5078ms
2019-07-13 14:38:09,650 INFO  impl.RoleInfo (RoleInfo.java:shutdownFollowerState(121)) - 88481078-93db-4d5a-baea-16b5a73ff595: shutdown FollowerState
2019-07-13 14:38:09,650 INFO  impl.RaftServerImpl (RaftServerImpl.java:setRole(171)) - 88481078-93db-4d5a-baea-16b5a73ff595:group-3DA43372BC9C changes role from FOLLOWER to CANDIDATE at term 0 for changeToCandidate
2019-07-13 14:38:09,650 INFO  impl.RoleInfo (RoleInfo.java:updateAndGet(143)) - 88481078-93db-4d5a-baea-16b5a73ff595: start LeaderElection
2019-07-13 14:38:09,671 INFO  impl.LeaderElection (LeaderElection.java:askForVotes(181)) - 88481078-93db-4d5a-baea-16b5a73ff595:group-3DA43372BC9C:LeaderElection98: begin an election at term 1 for -1: [88481078-93db-4d5a-baea-16b5a73ff595:192.168.5.172:35356], old=null
2019-07-13 14:38:09,672 INFO  impl.RoleInfo (RoleInfo.java:shutdownLeaderElection(134)) - 88481078-93db-4d5a-baea-16b5a73ff595: shutdown LeaderElection
2019-07-13 14:38:09,672 INFO  impl.RaftServerImpl (RaftServerImpl.java:setRole(171)) - 88481078-93db-4d5a-baea-16b5a73ff595:group-3DA43372BC9C changes role from CANDIDATE to LEADER at term 1 for changeToLeader
2019-07-13 14:38:09,672 INFO  impl.RaftServerImpl (ServerState.java:setLeader(263)) - 88481078-93db-4d5a-baea-16b5a73ff595:group-3DA43372BC9C change Leader from null to 88481078-93db-4d5a-baea-16b5a73ff595 at term 1 for becomeLeader, leader elected after 5105ms
2019-07-13 14:38:09,672 INFO  server.RaftServerConfigKeys (ConfUtils.java:logGet(43)) - raft.server.staging.catchup.gap = 1000 (default)
2019-07-13 14:38:09,672 INFO  server.RaftServerConfigKeys (ConfUtils.java:logGet(43)) - raft.server.rpc.sleep.time = 25ms (default)
2019-07-13 14:38:09,672 INFO  server.RaftServerConfigKeys (ConfUtils.java:logGet(43)) - raft.server.write.element-limit = 4096 (default)
2019-07-13 14:38:09,672 INFO  server.RaftServerConfigKeys (ConfUtils.java:logGet(43)) - raft.server.watch.timeout = 10s (default)
2019-07-13 14:38:09,673 INFO  server.RaftServerConfigKeys (ConfUtils.java:logGet(43)) - raft.server.watch.timeout.denomination = 1s (default)
2019-07-13 14:38:09,673 INFO  server.RaftServerConfigKeys (ConfUtils.java:logGet(43)) - raft.server.watch.element-limit = 65536 (default)
2019-07-13 14:38:09,673 INFO  impl.RoleInfo (RoleInfo.java:updateAndGet(143)) - 88481078-93db-4d5a-baea-16b5a73ff595: start LeaderState
2019-07-13 14:38:09,673 INFO  segmented.SegmentedRaftLogWorker (SegmentedRaftLogWorker.java:startLogSegment(380)) - 88481078-93db-4d5a-baea-16b5a73ff595-SegmentedRaftLogWorker:Storage Directory /tmp/workdir/hadoop-ozone/integration-test/target/test-dir/MiniOzoneClusterImpl-a2f51f5a-cc29-448c-8907-e054de5c1629/datanode-0/data/ratis/17dcff5d-bb10-4f3a-9113-3da43372bc9c: Starting segment from index:0
2019-07-13 14:38:09,674 INFO  impl.RaftServerImpl (ServerState.java:setRaftConf(361)) - 88481078-93db-4d5a-baea-16b5a73ff595:group-3DA43372BC9C set configuration 0: [88481078-93db-4d5a-baea-16b5a73ff595:192.168.5.172:35356], old=null at 0
2019-07-13 14:38:09,697 INFO  client.GrpcClientProtocolClient (GrpcClientProtocolClient.java:onNext(255)) - client-03638709B385->88481078-93db-4d5a-baea-16b5a73ff595: receive RaftClientReply:client-03638709B385->88481078-93db-4d5a-baea-16b5a73ff595@group-01E3218244F8, cid=272, FAILED org.apache.ratis.protocol.NotLeaderException: Server 88481078-93db-4d5a-baea-16b5a73ff595 is not the leader (null). Request must be sent to leader., logIndex=0, commits[88481078-93db-4d5a-baea-16b5a73ff595:c-1]
2019-07-13 14:38:09,709 INFO  segmented.SegmentedRaftLogWorker (SegmentedRaftLogWorker.java:execute(569)) - 88481078-93db-4d5a-baea-16b5a73ff595-SegmentedRaftLogWorker:Storage Directory /tmp/workdir/hadoop-ozone/integration-test/target/test-dir/MiniOzoneClusterImpl-a2f51f5a-cc29-448c-8907-e054de5c1629/datanode-0/data/ratis/17dcff5d-bb10-4f3a-9113-3da43372bc9c: created new log segment /tmp/workdir/hadoop-ozone/integration-test/target/test-dir/MiniOzoneClusterImpl-a2f51f5a-cc29-448c-8907-e054de5c1629/datanode-0/data/ratis/17dcff5d-bb10-4f3a-9113-3da43372bc9c/current/log_inprogress_0
2019-07-13 14:38:09,874 INFO  impl.FollowerState (FollowerState.java:run(106)) - 01002fe0-6cca-4877-ae90-5ff90be4a072:group-70503B0DA10E changes to CANDIDATE, lastRpcTime:5109, electionTimeout:5109ms
2019-07-13 14:38:09,874 INFO  impl.RoleInfo (RoleInfo.java:shutdownFollowerState(121)) - 01002fe0-6cca-4877-ae90-5ff90be4a072: shutdown FollowerState
2019-07-13 14:38:09,874 INFO  impl.RaftServerImpl (RaftServerImpl.java:setRole(171)) - 01002fe0-6cca-4877-ae90-5ff90be4a072:group-70503B0DA10E changes role from FOLLOWER to CANDIDATE at term 0 for changeToCandidate
2019-07-13 14:38:09,874 INFO  impl.RoleInfo (RoleInfo.java:updateAndGet(143)) - 01002fe0-6cca-4877-ae90-5ff90be4a072: start LeaderElection
2019-07-13 14:38:09,908 INFO  impl.LeaderElection (LeaderElection.java:askForVotes(181)) - 01002fe0-6cca-4877-ae90-5ff90be4a072:group-70503B0DA10E:LeaderElection99: begin an election at term 1 for -1: [01002fe0-6cca-4877-ae90-5ff90be4a072:192.168.5.172:39807], old=null
2019-07-13 14:38:09,909 INFO  impl.RoleInfo (RoleInfo.java:shutdownLeaderElection(134)) - 01002fe0-6cca-4877-ae90-5ff90be4a072: shutdown LeaderElection
2019-07-13 14:38:09,909 INFO  impl.RaftServerImpl (RaftServerImpl.java:setRole(171)) - 01002fe0-6cca-4877-ae90-5ff90be4a072:group-70503B0DA10E changes role from CANDIDATE to LEADER at term 1 for changeToLeader
2019-07-13 14:38:09,909 INFO  impl.RaftServerImpl (ServerState.java:setLeader(263)) - 01002fe0-6cca-4877-ae90-5ff90be4a072:group-70503B0DA10E change Leader from null to 01002fe0-6cca-4877-ae90-5ff90be4a072 at term 1 for becomeLeader, leader elected after 5149ms
2019-07-13 14:38:09,909 INFO  server.RaftServerConfigKeys (ConfUtils.java:logGet(43)) - raft.server.staging.catchup.gap = 1000 (default)
2019-07-13 14:38:09,909 INFO  server.RaftServerConfigKeys (ConfUtils.java:logGet(43)) - raft.server.rpc.sleep.time = 25ms (default)
2019-07-13 14:38:09,909 INFO  server.RaftServerConfigKeys (ConfUtils.java:logGet(43)) - raft.server.write.element-limit = 4096 (default)
2019-07-13 14:38:09,910 INFO  server.RaftServerConfigKeys (ConfUtils.java:logGet(43)) - raft.server.watch.timeout = 10s (default)
2019-07-13 14:38:09,910 INFO  server.RaftServerConfigKeys (ConfUtils.java:logGet(43)) - raft.server.watch.timeout.denomination = 1s (default)
2019-07-13 14:38:09,910 INFO  server.RaftServerConfigKeys (ConfUtils.java:logGet(43)) - raft.server.watch.element-limit = 65536 (default)
2019-07-13 14:38:09,910 INFO  impl.RoleInfo (RoleInfo.java:updateAndGet(143)) - 01002fe0-6cca-4877-ae90-5ff90be4a072: start LeaderState
2019-07-13 14:38:09,910 INFO  segmented.SegmentedRaftLogWorker (SegmentedRaftLogWorker.java:startLogSegment(380)) - 01002fe0-6cca-4877-ae90-5ff90be4a072-SegmentedRaftLogWorker:Storage Directory /tmp/workdir/hadoop-ozone/integration-test/target/test-dir/MiniOzoneClusterImpl-a2f51f5a-cc29-448c-8907-e054de5c1629/datanode-1/data/ratis/9c870f6d-8daa-45d0-ab20-70503b0da10e: Starting segment from index:0
2019-07-13 14:38:09,911 INFO  impl.RaftServerImpl (ServerState.java:setRaftConf(361)) - 01002fe0-6cca-4877-ae90-5ff90be4a072:group-70503B0DA10E set configuration 0: [01002fe0-6cca-4877-ae90-5ff90be4a072:192.168.5.172:39807], old=null at 0
2019-07-13 14:38:09,942 INFO  segmented.SegmentedRaftLogWorker (SegmentedRaftLogWorker.java:execute(569)) - 01002fe0-6cca-4877-ae90-5ff90be4a072-SegmentedRaftLogWorker:Storage Directory /tmp/workdir/hadoop-ozone/integration-test/target/test-dir/MiniOzoneClusterImpl-a2f51f5a-cc29-448c-8907-e054de5c1629/datanode-1/data/ratis/9c870f6d-8daa-45d0-ab20-70503b0da10e: created new log segment /tmp/workdir/hadoop-ozone/integration-test/target/test-dir/MiniOzoneClusterImpl-a2f51f5a-cc29-448c-8907-e054de5c1629/datanode-1/data/ratis/9c870f6d-8daa-45d0-ab20-70503b0da10e/current/log_inprogress_0
2019-07-13 14:38:09,999 INFO  impl.FollowerState (FollowerState.java:run(106)) - b07ec8b5-f787-4651-a434-af73f05d0085:group-01E3218244F8 changes to CANDIDATE, lastRpcTime:5042, electionTimeout:5042ms
2019-07-13 14:38:09,999 INFO  impl.RoleInfo (RoleInfo.java:shutdownFollowerState(121)) - b07ec8b5-f787-4651-a434-af73f05d0085: shutdown FollowerState
2019-07-13 14:38:09,999 INFO  impl.RaftServerImpl (RaftServerImpl.java:setRole(171)) - b07ec8b5-f787-4651-a434-af73f05d0085:group-01E3218244F8 changes role from FOLLOWER to CANDIDATE at term 0 for changeToCandidate
2019-07-13 14:38:09,999 INFO  impl.RoleInfo (RoleInfo.java:updateAndGet(143)) - b07ec8b5-f787-4651-a434-af73f05d0085: start LeaderElection
2019-07-13 14:38:10,009 INFO  impl.LeaderElection (LeaderElection.java:askForVotes(181)) - b07ec8b5-f787-4651-a434-af73f05d0085:group-01E3218244F8:LeaderElection100: begin an election at term 1 for -1: [88481078-93db-4d5a-baea-16b5a73ff595:192.168.5.172:35356, 01002fe0-6cca-4877-ae90-5ff90be4a072:192.168.5.172:39807, b07ec8b5-f787-4651-a434-af73f05d0085:192.168.5.172:34445], old=null
2019-07-13 14:38:10,014 INFO  impl.RaftServerImpl (RaftServerImpl.java:setRole(171)) - 88481078-93db-4d5a-baea-16b5a73ff595:group-01E3218244F8 changes role from FOLLOWER to FOLLOWER at term 1 for recognizeCandidate:b07ec8b5-f787-4651-a434-af73f05d0085
2019-07-13 14:38:10,014 INFO  impl.RaftServerImpl (RaftServerImpl.java:setRole(171)) - 01002fe0-6cca-4877-ae90-5ff90be4a072:group-01E3218244F8 changes role from FOLLOWER to FOLLOWER at term 1 for recognizeCandidate:b07ec8b5-f787-4651-a434-af73f05d0085
2019-07-13 14:38:10,014 INFO  impl.RoleInfo (RoleInfo.java:shutdownFollowerState(121)) - 88481078-93db-4d5a-baea-16b5a73ff595: shutdown FollowerState
2019-07-13 14:38:10,014 INFO  impl.RoleInfo (RoleInfo.java:shutdownFollowerState(121)) - 01002fe0-6cca-4877-ae90-5ff90be4a072: shutdown FollowerState
2019-07-13 14:38:10,014 INFO  impl.FollowerState (FollowerState.java:run(114)) - 88481078-93db-4d5a-baea-16b5a73ff595: FollowerState was interrupted: java.lang.InterruptedException: sleep interrupted
2019-07-13 14:38:10,015 INFO  impl.FollowerState (FollowerState.java:run(114)) - 01002fe0-6cca-4877-ae90-5ff90be4a072: FollowerState was interrupted: java.lang.InterruptedException: sleep interrupted
2019-07-13 14:38:10,014 INFO  impl.RoleInfo (RoleInfo.java:updateAndGet(143)) - 88481078-93db-4d5a-baea-16b5a73ff595: start FollowerState
2019-07-13 14:38:10,015 INFO  impl.RoleInfo (RoleInfo.java:updateAndGet(143)) - 01002fe0-6cca-4877-ae90-5ff90be4a072: start FollowerState
2019-07-13 14:38:10,021 INFO  impl.LeaderElection (LeaderElection.java:logAndReturn(56)) - b07ec8b5-f787-4651-a434-af73f05d0085:group-01E3218244F8:LeaderElection100: Election PASSED; received 1 response(s) [b07ec8b5-f787-4651-a434-af73f05d0085<-01002fe0-6cca-4877-ae90-5ff90be4a072#0:OK-t1] and 0 exception(s); b07ec8b5-f787-4651-a434-af73f05d0085:t1, leader=null, voted=b07ec8b5-f787-4651-a434-af73f05d0085, raftlog=b07ec8b5-f787-4651-a434-af73f05d0085-SegmentedRaftLog:OPENED:c-1,f-1,i0, conf=-1: [88481078-93db-4d5a-baea-16b5a73ff595:192.168.5.172:35356, 01002fe0-6cca-4877-ae90-5ff90be4a072:192.168.5.172:39807, b07ec8b5-f787-4651-a434-af73f05d0085:192.168.5.172:34445], old=null
2019-07-13 14:38:10,021 INFO  impl.RoleInfo (RoleInfo.java:shutdownLeaderElection(134)) - b07ec8b5-f787-4651-a434-af73f05d0085: shutdown LeaderElection
2019-07-13 14:38:10,021 INFO  impl.RaftServerImpl (RaftServerImpl.java:setRole(171)) - b07ec8b5-f787-4651-a434-af73f05d0085:group-01E3218244F8 changes role from CANDIDATE to LEADER at term 1 for changeToLeader
2019-07-13 14:38:10,021 INFO  impl.RaftServerImpl (ServerState.java:setLeader(263)) - b07ec8b5-f787-4651-a434-af73f05d0085:group-01E3218244F8 change Leader from null to b07ec8b5-f787-4651-a434-af73f05d0085 at term 1 for becomeLeader, leader elected after 5076ms
2019-07-13 14:38:10,021 INFO  server.RaftServerConfigKeys (ConfUtils.java:logGet(43)) - raft.server.staging.catchup.gap = 1000 (default)
2019-07-13 14:38:10,022 INFO  server.RaftServerConfigKeys (ConfUtils.java:logGet(43)) - raft.server.rpc.sleep.time = 25ms (default)
2019-07-13 14:38:10,022 INFO  server.RaftServerConfigKeys (ConfUtils.java:logGet(43)) - raft.server.write.element-limit = 4096 (default)
2019-07-13 14:38:10,022 INFO  server.RaftServerConfigKeys (ConfUtils.java:logGet(43)) - raft.server.watch.timeout = 10s (default)
2019-07-13 14:38:10,022 INFO  server.RaftServerConfigKeys (ConfUtils.java:logGet(43)) - raft.server.watch.timeout.denomination = 1s (default)
2019-07-13 14:38:10,022 INFO  server.RaftServerConfigKeys (ConfUtils.java:logGet(43)) - raft.server.watch.element-limit = 65536 (default)
2019-07-13 14:38:10,022 INFO  server.RaftServerConfigKeys (ConfUtils.java:logGet(43)) - raft.server.log.appender.snapshot.chunk.size.max = 16MB (=16777216) (default)
2019-07-13 14:38:10,023 INFO  server.RaftServerConfigKeys (ConfUtils.java:logGet(43)) - raft.server.log.appender.buffer.byte-limit = 33554432 (custom)
2019-07-13 14:38:10,023 INFO  server.RaftServerConfigKeys (ConfUtils.java:logGet(43)) - raft.server.log.appender.buffer.element-limit = 1 (custom)
2019-07-13 14:38:10,023 INFO  grpc.GrpcConfigKeys$Server (ConfUtils.java:logGet(43)) - raft.grpc.server.leader.outstanding.appends.max = 128 (default)
2019-07-13 14:38:10,023 INFO  server.RaftServerConfigKeys (ConfUtils.java:logGet(43)) - raft.server.rpc.request.timeout = 3000ms (default)
2019-07-13 14:38:10,023 INFO  server.RaftServerConfigKeys (ConfUtils.java:logGet(43)) - raft.server.log.appender.install.snapshot.enabled = false (custom)
2019-07-13 14:38:10,023 INFO  server.RaftServerConfigKeys (ConfUtils.java:logGet(43)) - raft.server.log.appender.snapshot.chunk.size.max = 16MB (=16777216) (default)
2019-07-13 14:38:10,024 INFO  server.RaftServerConfigKeys (ConfUtils.java:logGet(43)) - raft.server.log.appender.buffer.byte-limit = 33554432 (custom)
2019-07-13 14:38:10,024 INFO  server.RaftServerConfigKeys (ConfUtils.java:logGet(43)) - raft.server.log.appender.buffer.element-limit = 1 (custom)
2019-07-13 14:38:10,024 INFO  grpc.GrpcConfigKeys$Server (ConfUtils.java:logGet(43)) - raft.grpc.server.leader.outstanding.appends.max = 128 (default)
2019-07-13 14:38:10,024 INFO  server.RaftServerConfigKeys (ConfUtils.java:logGet(43)) - raft.server.rpc.request.timeout = 3000ms (default)
2019-07-13 14:38:10,024 INFO  server.RaftServerConfigKeys (ConfUtils.java:logGet(43)) - raft.server.log.appender.install.snapshot.enabled = false (custom)
2019-07-13 14:38:10,024 INFO  impl.RoleInfo (RoleInfo.java:updateAndGet(143)) - b07ec8b5-f787-4651-a434-af73f05d0085: start LeaderState
2019-07-13 14:38:10,025 INFO  segmented.SegmentedRaftLogWorker (SegmentedRaftLogWorker.java:startLogSegment(380)) - b07ec8b5-f787-4651-a434-af73f05d0085-SegmentedRaftLogWorker:Storage Directory /tmp/workdir/hadoop-ozone/integration-test/target/test-dir/MiniOzoneClusterImpl-a2f51f5a-cc29-448c-8907-e054de5c1629/datanode-2/data/ratis/60c24e4c-7ad9-4279-b2cc-01e3218244f8: Starting segment from index:0
2019-07-13 14:38:10,026 INFO  impl.RaftServerImpl (ServerState.java:setRaftConf(361)) - b07ec8b5-f787-4651-a434-af73f05d0085:group-01E3218244F8 set configuration 0: [88481078-93db-4d5a-baea-16b5a73ff595:192.168.5.172:35356, 01002fe0-6cca-4877-ae90-5ff90be4a072:192.168.5.172:39807, b07ec8b5-f787-4651-a434-af73f05d0085:192.168.5.172:34445], old=null at 0
2019-07-13 14:38:10,027 INFO  impl.RaftServerImpl (ServerState.java:setLeader(263)) - 01002fe0-6cca-4877-ae90-5ff90be4a072:group-01E3218244F8 change Leader from null to b07ec8b5-f787-4651-a434-af73f05d0085 at term 1 for appendEntries, leader elected after 5083ms
2019-07-13 14:38:10,028 INFO  impl.RaftServerImpl (ServerState.java:setLeader(263)) - 88481078-93db-4d5a-baea-16b5a73ff595:group-01E3218244F8 change Leader from null to b07ec8b5-f787-4651-a434-af73f05d0085 at term 1 for appendEntries, leader elected after 5083ms
2019-07-13 14:38:10,061 INFO  impl.RaftServerImpl (ServerState.java:setRaftConf(361)) - 01002fe0-6cca-4877-ae90-5ff90be4a072:group-01E3218244F8 set configuration 0: [88481078-93db-4d5a-baea-16b5a73ff595:192.168.5.172:35356, 01002fe0-6cca-4877-ae90-5ff90be4a072:192.168.5.172:39807, b07ec8b5-f787-4651-a434-af73f05d0085:192.168.5.172:34445], old=null at 0
2019-07-13 14:38:10,061 INFO  segmented.SegmentedRaftLogWorker (SegmentedRaftLogWorker.java:execute(569)) - b07ec8b5-f787-4651-a434-af73f05d0085-SegmentedRaftLogWorker:Storage Directory /tmp/workdir/hadoop-ozone/integration-test/target/test-dir/MiniOzoneClusterImpl-a2f51f5a-cc29-448c-8907-e054de5c1629/datanode-2/data/ratis/60c24e4c-7ad9-4279-b2cc-01e3218244f8: created new log segment /tmp/workdir/hadoop-ozone/integration-test/target/test-dir/MiniOzoneClusterImpl-a2f51f5a-cc29-448c-8907-e054de5c1629/datanode-2/data/ratis/60c24e4c-7ad9-4279-b2cc-01e3218244f8/current/log_inprogress_0
2019-07-13 14:38:10,061 INFO  segmented.SegmentedRaftLogWorker (SegmentedRaftLogWorker.java:startLogSegment(380)) - 01002fe0-6cca-4877-ae90-5ff90be4a072-SegmentedRaftLogWorker:Storage Directory /tmp/workdir/hadoop-ozone/integration-test/target/test-dir/MiniOzoneClusterImpl-a2f51f5a-cc29-448c-8907-e054de5c1629/datanode-1/data/ratis/60c24e4c-7ad9-4279-b2cc-01e3218244f8: Starting segment from index:0
2019-07-13 14:38:10,061 INFO  impl.RaftServerImpl (ServerState.java:setRaftConf(361)) - 88481078-93db-4d5a-baea-16b5a73ff595:group-01E3218244F8 set configuration 0: [88481078-93db-4d5a-baea-16b5a73ff595:192.168.5.172:35356, 01002fe0-6cca-4877-ae90-5ff90be4a072:192.168.5.172:39807, b07ec8b5-f787-4651-a434-af73f05d0085:192.168.5.172:34445], old=null at 0
2019-07-13 14:38:10,062 INFO  segmented.SegmentedRaftLogWorker (SegmentedRaftLogWorker.java:startLogSegment(380)) - 88481078-93db-4d5a-baea-16b5a73ff595-SegmentedRaftLogWorker:Storage Directory /tmp/workdir/hadoop-ozone/integration-test/target/test-dir/MiniOzoneClusterImpl-a2f51f5a-cc29-448c-8907-e054de5c1629/datanode-0/data/ratis/60c24e4c-7ad9-4279-b2cc-01e3218244f8: Starting segment from index:0
2019-07-13 14:38:10,083 INFO  segmented.SegmentedRaftLogWorker (SegmentedRaftLogWorker.java:execute(569)) - 01002fe0-6cca-4877-ae90-5ff90be4a072-SegmentedRaftLogWorker:Storage Directory /tmp/workdir/hadoop-ozone/integration-test/target/test-dir/MiniOzoneClusterImpl-a2f51f5a-cc29-448c-8907-e054de5c1629/datanode-1/data/ratis/60c24e4c-7ad9-4279-b2cc-01e3218244f8: created new log segment /tmp/workdir/hadoop-ozone/integration-test/target/test-dir/MiniOzoneClusterImpl-a2f51f5a-cc29-448c-8907-e054de5c1629/datanode-1/data/ratis/60c24e4c-7ad9-4279-b2cc-01e3218244f8/current/log_inprogress_0
2019-07-13 14:38:10,083 INFO  segmented.SegmentedRaftLogWorker (SegmentedRaftLogWorker.java:execute(569)) - 88481078-93db-4d5a-baea-16b5a73ff595-SegmentedRaftLogWorker:Storage Directory /tmp/workdir/hadoop-ozone/integration-test/target/test-dir/MiniOzoneClusterImpl-a2f51f5a-cc29-448c-8907-e054de5c1629/datanode-0/data/ratis/60c24e4c-7ad9-4279-b2cc-01e3218244f8: created new log segment /tmp/workdir/hadoop-ozone/integration-test/target/test-dir/MiniOzoneClusterImpl-a2f51f5a-cc29-448c-8907-e054de5c1629/datanode-0/data/ratis/60c24e4c-7ad9-4279-b2cc-01e3218244f8/current/log_inprogress_0
2019-07-13 14:38:10,113 INFO  impl.FollowerState (FollowerState.java:run(106)) - fedfd956-abb6-4ad4-8b26-54bbdc973f4b:group-842192F39A4A changes to CANDIDATE, lastRpcTime:5037, electionTimeout:5037ms
2019-07-13 14:38:10,113 INFO  impl.RoleInfo (RoleInfo.java:shutdownFollowerState(121)) - fedfd956-abb6-4ad4-8b26-54bbdc973f4b: shutdown FollowerState
2019-07-13 14:38:10,113 INFO  impl.RaftServerImpl (RaftServerImpl.java:setRole(171)) - fedfd956-abb6-4ad4-8b26-54bbdc973f4b:group-842192F39A4A changes role from FOLLOWER to CANDIDATE at term 0 for changeToCandidate
2019-07-13 14:38:10,114 INFO  impl.RoleInfo (RoleInfo.java:updateAndGet(143)) - fedfd956-abb6-4ad4-8b26-54bbdc973f4b: start LeaderElection
2019-07-13 14:38:10,118 INFO  impl.FollowerState (FollowerState.java:run(106)) - b07ec8b5-f787-4651-a434-af73f05d0085:group-B511F2E663F3 changes to CANDIDATE, lastRpcTime:5204, electionTimeout:5200ms
2019-07-13 14:38:10,121 INFO  impl.RoleInfo (RoleInfo.java:shutdownFollowerState(121)) - b07ec8b5-f787-4651-a434-af73f05d0085: shutdown FollowerState
2019-07-13 14:38:10,121 INFO  impl.RaftServerImpl (RaftServerImpl.java:setRole(171)) - b07ec8b5-f787-4651-a434-af73f05d0085:group-B511F2E663F3 changes role from FOLLOWER to CANDIDATE at term 0 for changeToCandidate
2019-07-13 14:38:10,121 INFO  impl.RoleInfo (RoleInfo.java:updateAndGet(143)) - b07ec8b5-f787-4651-a434-af73f05d0085: start LeaderElection
2019-07-13 14:38:10,127 INFO  impl.LeaderElection (LeaderElection.java:askForVotes(181)) - fedfd956-abb6-4ad4-8b26-54bbdc973f4b:group-842192F39A4A:LeaderElection101: begin an election at term 1 for -1: [fedfd956-abb6-4ad4-8b26-54bbdc973f4b:192.168.5.172:45594], old=null
2019-07-13 14:38:10,127 INFO  impl.RoleInfo (RoleInfo.java:shutdownLeaderElection(134)) - fedfd956-abb6-4ad4-8b26-54bbdc973f4b: shutdown LeaderElection
2019-07-13 14:38:10,127 INFO  impl.RaftServerImpl (RaftServerImpl.java:setRole(171)) - fedfd956-abb6-4ad4-8b26-54bbdc973f4b:group-842192F39A4A changes role from CANDIDATE to LEADER at term 1 for changeToLeader
2019-07-13 14:38:10,127 INFO  impl.RaftServerImpl (ServerState.java:setLeader(263)) - fedfd956-abb6-4ad4-8b26-54bbdc973f4b:group-842192F39A4A change Leader from null to fedfd956-abb6-4ad4-8b26-54bbdc973f4b at term 1 for becomeLeader, leader elected after 5055ms
2019-07-13 14:38:10,127 INFO  server.RaftServerConfigKeys (ConfUtils.java:logGet(43)) - raft.server.staging.catchup.gap = 1000 (default)
2019-07-13 14:38:10,128 INFO  server.RaftServerConfigKeys (ConfUtils.java:logGet(43)) - raft.server.rpc.sleep.time = 25ms (default)
2019-07-13 14:38:10,128 INFO  server.RaftServerConfigKeys (ConfUtils.java:logGet(43)) - raft.server.write.element-limit = 4096 (default)
2019-07-13 14:38:10,128 INFO  server.RaftServerConfigKeys (ConfUtils.java:logGet(43)) - raft.server.watch.timeout = 10s (default)
2019-07-13 14:38:10,128 INFO  server.RaftServerConfigKeys (ConfUtils.java:logGet(43)) - raft.server.watch.timeout.denomination = 1s (default)
2019-07-13 14:38:10,128 INFO  server.RaftServerConfigKeys (ConfUtils.java:logGet(43)) - raft.server.watch.element-limit = 65536 (default)
2019-07-13 14:38:10,128 INFO  impl.RoleInfo (RoleInfo.java:updateAndGet(143)) - fedfd956-abb6-4ad4-8b26-54bbdc973f4b: start LeaderState
2019-07-13 14:38:10,129 INFO  segmented.SegmentedRaftLogWorker (SegmentedRaftLogWorker.java:startLogSegment(380)) - fedfd956-abb6-4ad4-8b26-54bbdc973f4b-SegmentedRaftLogWorker:Storage Directory /tmp/workdir/hadoop-ozone/integration-test/target/test-dir/MiniOzoneClusterImpl-a2f51f5a-cc29-448c-8907-e054de5c1629/datanode-3/data/ratis/53470aba-de32-4042-b92e-842192f39a4a: Starting segment from index:0
2019-07-13 14:38:10,129 INFO  impl.RaftServerImpl (ServerState.java:setRaftConf(361)) - fedfd956-abb6-4ad4-8b26-54bbdc973f4b:group-842192F39A4A set configuration 0: [fedfd956-abb6-4ad4-8b26-54bbdc973f4b:192.168.5.172:45594], old=null at 0
2019-07-13 14:38:10,131 INFO  impl.LeaderElection (LeaderElection.java:askForVotes(181)) - b07ec8b5-f787-4651-a434-af73f05d0085:group-B511F2E663F3:LeaderElection102: begin an election at term 1 for -1: [b07ec8b5-f787-4651-a434-af73f05d0085:192.168.5.172:34445], old=null
2019-07-13 14:38:10,131 INFO  impl.RoleInfo (RoleInfo.java:shutdownLeaderElection(134)) - b07ec8b5-f787-4651-a434-af73f05d0085: shutdown LeaderElection
2019-07-13 14:38:10,131 INFO  impl.RaftServerImpl (RaftServerImpl.java:setRole(171)) - b07ec8b5-f787-4651-a434-af73f05d0085:group-B511F2E663F3 changes role from CANDIDATE to LEADER at term 1 for changeToLeader
2019-07-13 14:38:10,132 INFO  impl.RaftServerImpl (ServerState.java:setLeader(263)) - b07ec8b5-f787-4651-a434-af73f05d0085:group-B511F2E663F3 change Leader from null to b07ec8b5-f787-4651-a434-af73f05d0085 at term 1 for becomeLeader, leader elected after 5221ms
2019-07-13 14:38:10,132 INFO  server.RaftServerConfigKeys (ConfUtils.java:logGet(43)) - raft.server.staging.catchup.gap = 1000 (default)
2019-07-13 14:38:10,132 INFO  server.RaftServerConfigKeys (ConfUtils.java:logGet(43)) - raft.server.rpc.sleep.time = 25ms (default)
2019-07-13 14:38:10,132 INFO  server.RaftServerConfigKeys (ConfUtils.java:logGet(43)) - raft.server.write.element-limit = 4096 (default)
2019-07-13 14:38:10,132 INFO  server.RaftServerConfigKeys (ConfUtils.java:logGet(43)) - raft.server.watch.timeout = 10s (default)
2019-07-13 14:38:10,132 INFO  server.RaftServerConfigKeys (ConfUtils.java:logGet(43)) - raft.server.watch.timeout.denomination = 1s (default)
2019-07-13 14:38:10,132 INFO  server.RaftServerConfigKeys (ConfUtils.java:logGet(43)) - raft.server.watch.element-limit = 65536 (default)
2019-07-13 14:38:10,133 INFO  impl.RoleInfo (RoleInfo.java:updateAndGet(143)) - b07ec8b5-f787-4651-a434-af73f05d0085: start LeaderState
2019-07-13 14:38:10,133 INFO  segmented.SegmentedRaftLogWorker (SegmentedRaftLogWorker.java:startLogSegment(380)) - b07ec8b5-f787-4651-a434-af73f05d0085-SegmentedRaftLogWorker:Storage Directory /tmp/workdir/hadoop-ozone/integration-test/target/test-dir/MiniOzoneClusterImpl-a2f51f5a-cc29-448c-8907-e054de5c1629/datanode-2/data/ratis/1e99439e-1875-455e-b0da-b511f2e663f3: Starting segment from index:0
2019-07-13 14:38:10,134 INFO  impl.RaftServerImpl (ServerState.java:setRaftConf(361)) - b07ec8b5-f787-4651-a434-af73f05d0085:group-B511F2E663F3 set configuration 0: [b07ec8b5-f787-4651-a434-af73f05d0085:192.168.5.172:34445], old=null at 0
2019-07-13 14:38:10,151 INFO  segmented.SegmentedRaftLogWorker (SegmentedRaftLogWorker.java:execute(569)) - fedfd956-abb6-4ad4-8b26-54bbdc973f4b-SegmentedRaftLogWorker:Storage Directory /tmp/workdir/hadoop-ozone/integration-test/target/test-dir/MiniOzoneClusterImpl-a2f51f5a-cc29-448c-8907-e054de5c1629/datanode-3/data/ratis/53470aba-de32-4042-b92e-842192f39a4a: created new log segment /tmp/workdir/hadoop-ozone/integration-test/target/test-dir/MiniOzoneClusterImpl-a2f51f5a-cc29-448c-8907-e054de5c1629/datanode-3/data/ratis/53470aba-de32-4042-b92e-842192f39a4a/current/log_inprogress_0
2019-07-13 14:38:10,155 INFO  segmented.SegmentedRaftLogWorker (SegmentedRaftLogWorker.java:execute(569)) - b07ec8b5-f787-4651-a434-af73f05d0085-SegmentedRaftLogWorker:Storage Directory /tmp/workdir/hadoop-ozone/integration-test/target/test-dir/MiniOzoneClusterImpl-a2f51f5a-cc29-448c-8907-e054de5c1629/datanode-2/data/ratis/1e99439e-1875-455e-b0da-b511f2e663f3: created new log segment /tmp/workdir/hadoop-ozone/integration-test/target/test-dir/MiniOzoneClusterImpl-a2f51f5a-cc29-448c-8907-e054de5c1629/datanode-2/data/ratis/1e99439e-1875-455e-b0da-b511f2e663f3/current/log_inprogress_0
2019-07-13 14:38:10,425 INFO  impl.FollowerState (FollowerState.java:run(106)) - f884fa18-d209-462d-b696-0388a1872809:group-2025F3E3345A changes to CANDIDATE, lastRpcTime:5191, electionTimeout:5191ms
2019-07-13 14:38:10,425 INFO  impl.RoleInfo (RoleInfo.java:shutdownFollowerState(121)) - f884fa18-d209-462d-b696-0388a1872809: shutdown FollowerState
2019-07-13 14:38:10,425 INFO  impl.RaftServerImpl (RaftServerImpl.java:setRole(171)) - f884fa18-d209-462d-b696-0388a1872809:group-2025F3E3345A changes role from FOLLOWER to CANDIDATE at term 0 for changeToCandidate
2019-07-13 14:38:10,425 INFO  impl.RoleInfo (RoleInfo.java:updateAndGet(143)) - f884fa18-d209-462d-b696-0388a1872809: start LeaderElection
2019-07-13 14:38:10,430 INFO  impl.FollowerState (FollowerState.java:run(106)) - 4f16b0be-5bc2-4e3d-93a3-555c18992566:group-39C35B533F6A changes to CANDIDATE, lastRpcTime:5015, electionTimeout:5011ms
2019-07-13 14:38:10,431 INFO  impl.RoleInfo (RoleInfo.java:shutdownFollowerState(121)) - 4f16b0be-5bc2-4e3d-93a3-555c18992566: shutdown FollowerState
2019-07-13 14:38:10,431 INFO  impl.RaftServerImpl (RaftServerImpl.java:setRole(171)) - 4f16b0be-5bc2-4e3d-93a3-555c18992566:group-39C35B533F6A changes role from FOLLOWER to CANDIDATE at term 0 for changeToCandidate
2019-07-13 14:38:10,431 INFO  impl.RoleInfo (RoleInfo.java:updateAndGet(143)) - 4f16b0be-5bc2-4e3d-93a3-555c18992566: start LeaderElection
2019-07-13 14:38:10,444 INFO  impl.LeaderElection (LeaderElection.java:askForVotes(181)) - 4f16b0be-5bc2-4e3d-93a3-555c18992566:group-39C35B533F6A:LeaderElection104: begin an election at term 1 for -1: [4f16b0be-5bc2-4e3d-93a3-555c18992566:192.168.5.172:46813], old=null
2019-07-13 14:38:10,444 INFO  impl.LeaderElection (LeaderElection.java:askForVotes(181)) - f884fa18-d209-462d-b696-0388a1872809:group-2025F3E3345A:LeaderElection103: begin an election at term 1 for -1: [f884fa18-d209-462d-b696-0388a1872809:192.168.5.172:36364], old=null
2019-07-13 14:38:10,444 INFO  impl.RoleInfo (RoleInfo.java:shutdownLeaderElection(134)) - 4f16b0be-5bc2-4e3d-93a3-555c18992566: shutdown LeaderElection
2019-07-13 14:38:10,444 INFO  impl.RoleInfo (RoleInfo.java:shutdownLeaderElection(134)) - f884fa18-d209-462d-b696-0388a1872809: shutdown LeaderElection
2019-07-13 14:38:10,444 INFO  impl.RaftServerImpl (RaftServerImpl.java:setRole(171)) - 4f16b0be-5bc2-4e3d-93a3-555c18992566:group-39C35B533F6A changes role from CANDIDATE to LEADER at term 1 for changeToLeader
2019-07-13 14:38:10,444 INFO  impl.RaftServerImpl (RaftServerImpl.java:setRole(171)) - f884fa18-d209-462d-b696-0388a1872809:group-2025F3E3345A changes role from CANDIDATE to LEADER at term 1 for changeToLeader
2019-07-13 14:38:10,444 INFO  impl.RaftServerImpl (ServerState.java:setLeader(263)) - 4f16b0be-5bc2-4e3d-93a3-555c18992566:group-39C35B533F6A change Leader from null to 4f16b0be-5bc2-4e3d-93a3-555c18992566 at term 1 for becomeLeader, leader elected after 5033ms
2019-07-13 14:38:10,444 INFO  impl.RaftServerImpl (ServerState.java:setLeader(263)) - f884fa18-d209-462d-b696-0388a1872809:group-2025F3E3345A change Leader from null to f884fa18-d209-462d-b696-0388a1872809 at term 1 for becomeLeader, leader elected after 5215ms
2019-07-13 14:38:10,445 INFO  server.RaftServerConfigKeys (ConfUtils.java:logGet(43)) - raft.server.staging.catchup.gap = 1000 (default)
2019-07-13 14:38:10,445 INFO  server.RaftServerConfigKeys (ConfUtils.java:logGet(43)) - raft.server.staging.catchup.gap = 1000 (default)
2019-07-13 14:38:10,445 INFO  server.RaftServerConfigKeys (ConfUtils.java:logGet(43)) - raft.server.rpc.sleep.time = 25ms (default)
2019-07-13 14:38:10,445 INFO  server.RaftServerConfigKeys (ConfUtils.java:logGet(43)) - raft.server.rpc.sleep.time = 25ms (default)
2019-07-13 14:38:10,445 INFO  server.RaftServerConfigKeys (ConfUtils.java:logGet(43)) - raft.server.write.element-limit = 4096 (default)
2019-07-13 14:38:10,445 INFO  server.RaftServerConfigKeys (ConfUtils.java:logGet(43)) - raft.server.write.element-limit = 4096 (default)
2019-07-13 14:38:10,445 INFO  server.RaftServerConfigKeys (ConfUtils.java:logGet(43)) - raft.server.watch.timeout = 10s (default)
2019-07-13 14:38:10,446 INFO  server.RaftServerConfigKeys (ConfUtils.java:logGet(43)) - raft.server.watch.timeout = 10s (default)
2019-07-13 14:38:10,446 INFO  server.RaftServerConfigKeys (ConfUtils.java:logGet(43)) - raft.server.watch.timeout.denomination = 1s (default)
2019-07-13 14:38:10,446 INFO  server.RaftServerConfigKeys (ConfUtils.java:logGet(43)) - raft.server.watch.timeout.denomination = 1s (default)
2019-07-13 14:38:10,446 INFO  server.RaftServerConfigKeys (ConfUtils.java:logGet(43)) - raft.server.watch.element-limit = 65536 (default)
2019-07-13 14:38:10,446 INFO  server.RaftServerConfigKeys (ConfUtils.java:logGet(43)) - raft.server.watch.element-limit = 65536 (default)
2019-07-13 14:38:10,446 INFO  impl.RoleInfo (RoleInfo.java:updateAndGet(143)) - 4f16b0be-5bc2-4e3d-93a3-555c18992566: start LeaderState
2019-07-13 14:38:10,446 INFO  impl.RoleInfo (RoleInfo.java:updateAndGet(143)) - f884fa18-d209-462d-b696-0388a1872809: start LeaderState
2019-07-13 14:38:10,447 INFO  segmented.SegmentedRaftLogWorker (SegmentedRaftLogWorker.java:startLogSegment(380)) - 4f16b0be-5bc2-4e3d-93a3-555c18992566-SegmentedRaftLogWorker:Storage Directory /tmp/workdir/hadoop-ozone/integration-test/target/test-dir/MiniOzoneClusterImpl-a2f51f5a-cc29-448c-8907-e054de5c1629/datanode-5/data/ratis/1b498298-c8cd-41b5-8e86-39c35b533f6a: Starting segment from index:0
2019-07-13 14:38:10,447 INFO  segmented.SegmentedRaftLogWorker (SegmentedRaftLogWorker.java:startLogSegment(380)) - f884fa18-d209-462d-b696-0388a1872809-SegmentedRaftLogWorker:Storage Directory /tmp/workdir/hadoop-ozone/integration-test/target/test-dir/MiniOzoneClusterImpl-a2f51f5a-cc29-448c-8907-e054de5c1629/datanode-4/data/ratis/825d278c-5e6b-49eb-bc09-2025f3e3345a: Starting segment from index:0
2019-07-13 14:38:10,447 INFO  impl.RaftServerImpl (ServerState.java:setRaftConf(361)) - 4f16b0be-5bc2-4e3d-93a3-555c18992566:group-39C35B533F6A set configuration 0: [4f16b0be-5bc2-4e3d-93a3-555c18992566:192.168.5.172:46813], old=null at 0
2019-07-13 14:38:10,447 INFO  impl.RaftServerImpl (ServerState.java:setRaftConf(361)) - f884fa18-d209-462d-b696-0388a1872809:group-2025F3E3345A set configuration 0: [f884fa18-d209-462d-b696-0388a1872809:192.168.5.172:36364], old=null at 0
2019-07-13 14:38:10,470 INFO  segmented.SegmentedRaftLogWorker (SegmentedRaftLogWorker.java:execute(569)) - 4f16b0be-5bc2-4e3d-93a3-555c18992566-SegmentedRaftLogWorker:Storage Directory /tmp/workdir/hadoop-ozone/integration-test/target/test-dir/MiniOzoneClusterImpl-a2f51f5a-cc29-448c-8907-e054de5c1629/datanode-5/data/ratis/1b498298-c8cd-41b5-8e86-39c35b533f6a: created new log segment /tmp/workdir/hadoop-ozone/integration-test/target/test-dir/MiniOzoneClusterImpl-a2f51f5a-cc29-448c-8907-e054de5c1629/datanode-5/data/ratis/1b498298-c8cd-41b5-8e86-39c35b533f6a/current/log_inprogress_0
2019-07-13 14:38:10,470 INFO  segmented.SegmentedRaftLogWorker (SegmentedRaftLogWorker.java:execute(569)) - f884fa18-d209-462d-b696-0388a1872809-SegmentedRaftLogWorker:Storage Directory /tmp/workdir/hadoop-ozone/integration-test/target/test-dir/MiniOzoneClusterImpl-a2f51f5a-cc29-448c-8907-e054de5c1629/datanode-4/data/ratis/825d278c-5e6b-49eb-bc09-2025f3e3345a: created new log segment /tmp/workdir/hadoop-ozone/integration-test/target/test-dir/MiniOzoneClusterImpl-a2f51f5a-cc29-448c-8907-e054de5c1629/datanode-4/data/ratis/825d278c-5e6b-49eb-bc09-2025f3e3345a/current/log_inprogress_0
2019-07-13 14:38:10,565 INFO  impl.FollowerState (FollowerState.java:run(106)) - fedfd956-abb6-4ad4-8b26-54bbdc973f4b:group-CB0E2E5BC069 changes to CANDIDATE, lastRpcTime:5103, electionTimeout:5103ms
2019-07-13 14:38:10,565 INFO  impl.RoleInfo (RoleInfo.java:shutdownFollowerState(121)) - fedfd956-abb6-4ad4-8b26-54bbdc973f4b: shutdown FollowerState
2019-07-13 14:38:10,565 INFO  impl.RaftServerImpl (RaftServerImpl.java:setRole(171)) - fedfd956-abb6-4ad4-8b26-54bbdc973f4b:group-CB0E2E5BC069 changes role from FOLLOWER to CANDIDATE at term 0 for changeToCandidate
2019-07-13 14:38:10,565 INFO  impl.RoleInfo (RoleInfo.java:updateAndGet(143)) - fedfd956-abb6-4ad4-8b26-54bbdc973f4b: start LeaderElection
2019-07-13 14:38:10,577 INFO  impl.LeaderElection (LeaderElection.java:askForVotes(181)) - fedfd956-abb6-4ad4-8b26-54bbdc973f4b:group-CB0E2E5BC069:LeaderElection105: begin an election at term 1 for -1: [f884fa18-d209-462d-b696-0388a1872809:192.168.5.172:36364, fedfd956-abb6-4ad4-8b26-54bbdc973f4b:192.168.5.172:45594, 4f16b0be-5bc2-4e3d-93a3-555c18992566:192.168.5.172:46813], old=null
2019-07-13 14:38:10,585 INFO  impl.RaftServerImpl (RaftServerImpl.java:setRole(171)) - 4f16b0be-5bc2-4e3d-93a3-555c18992566:group-CB0E2E5BC069 changes role from FOLLOWER to FOLLOWER at term 1 for recognizeCandidate:fedfd956-abb6-4ad4-8b26-54bbdc973f4b
2019-07-13 14:38:10,585 INFO  impl.RaftServerImpl (RaftServerImpl.java:setRole(171)) - f884fa18-d209-462d-b696-0388a1872809:group-CB0E2E5BC069 changes role from FOLLOWER to FOLLOWER at term 1 for recognizeCandidate:fedfd956-abb6-4ad4-8b26-54bbdc973f4b
2019-07-13 14:38:10,585 INFO  impl.RoleInfo (RoleInfo.java:shutdownFollowerState(121)) - f884fa18-d209-462d-b696-0388a1872809: shutdown FollowerState
2019-07-13 14:38:10,586 INFO  impl.RoleInfo (RoleInfo.java:updateAndGet(143)) - f884fa18-d209-462d-b696-0388a1872809: start FollowerState
2019-07-13 14:38:10,585 INFO  impl.RoleInfo (RoleInfo.java:shutdownFollowerState(121)) - 4f16b0be-5bc2-4e3d-93a3-555c18992566: shutdown FollowerState
2019-07-13 14:38:10,586 INFO  impl.FollowerState (FollowerState.java:run(114)) - f884fa18-d209-462d-b696-0388a1872809: FollowerState was interrupted: java.lang.InterruptedException: sleep interrupted
2019-07-13 14:38:10,586 INFO  impl.FollowerState (FollowerState.java:run(114)) - 4f16b0be-5bc2-4e3d-93a3-555c18992566: FollowerState was interrupted: java.lang.InterruptedException: sleep interrupted
2019-07-13 14:38:10,586 INFO  impl.RoleInfo (RoleInfo.java:updateAndGet(143)) - 4f16b0be-5bc2-4e3d-93a3-555c18992566: start FollowerState
2019-07-13 14:38:10,591 INFO  impl.LeaderElection (LeaderElection.java:logAndReturn(56)) - fedfd956-abb6-4ad4-8b26-54bbdc973f4b:group-CB0E2E5BC069:LeaderElection105: Election PASSED; received 1 response(s) [fedfd956-abb6-4ad4-8b26-54bbdc973f4b<-4f16b0be-5bc2-4e3d-93a3-555c18992566#0:OK-t1] and 0 exception(s); fedfd956-abb6-4ad4-8b26-54bbdc973f4b:t1, leader=null, voted=fedfd956-abb6-4ad4-8b26-54bbdc973f4b, raftlog=fedfd956-abb6-4ad4-8b26-54bbdc973f4b-SegmentedRaftLog:OPENED:c-1,f-1,i0, conf=-1: [f884fa18-d209-462d-b696-0388a1872809:192.168.5.172:36364, fedfd956-abb6-4ad4-8b26-54bbdc973f4b:192.168.5.172:45594, 4f16b0be-5bc2-4e3d-93a3-555c18992566:192.168.5.172:46813], old=null
2019-07-13 14:38:10,592 INFO  impl.RoleInfo (RoleInfo.java:shutdownLeaderElection(134)) - fedfd956-abb6-4ad4-8b26-54bbdc973f4b: shutdown LeaderElection
2019-07-13 14:38:10,592 INFO  impl.RaftServerImpl (RaftServerImpl.java:setRole(171)) - fedfd956-abb6-4ad4-8b26-54bbdc973f4b:group-CB0E2E5BC069 changes role from CANDIDATE to LEADER at term 1 for changeToLeader
2019-07-13 14:38:10,592 INFO  impl.RaftServerImpl (ServerState.java:setLeader(263)) - fedfd956-abb6-4ad4-8b26-54bbdc973f4b:group-CB0E2E5BC069 change Leader from null to fedfd956-abb6-4ad4-8b26-54bbdc973f4b at term 1 for becomeLeader, leader elected after 5140ms
2019-07-13 14:38:10,592 INFO  server.RaftServerConfigKeys (ConfUtils.java:logGet(43)) - raft.server.staging.catchup.gap = 1000 (default)
2019-07-13 14:38:10,592 INFO  server.RaftServerConfigKeys (ConfUtils.java:logGet(43)) - raft.server.rpc.sleep.time = 25ms (default)
2019-07-13 14:38:10,592 INFO  server.RaftServerConfigKeys (ConfUtils.java:logGet(43)) - raft.server.write.element-limit = 4096 (default)
2019-07-13 14:38:10,592 INFO  server.RaftServerConfigKeys (ConfUtils.java:logGet(43)) - raft.server.watch.timeout = 10s (default)
2019-07-13 14:38:10,593 INFO  server.RaftServerConfigKeys (ConfUtils.java:logGet(43)) - raft.server.watch.timeout.denomination = 1s (default)
2019-07-13 14:38:10,593 INFO  server.RaftServerConfigKeys (ConfUtils.java:logGet(43)) - raft.server.watch.element-limit = 65536 (default)
2019-07-13 14:38:10,593 INFO  server.RaftServerConfigKeys (ConfUtils.java:logGet(43)) - raft.server.log.appender.snapshot.chunk.size.max = 16MB (=16777216) (default)
2019-07-13 14:38:10,593 INFO  server.RaftServerConfigKeys (ConfUtils.java:logGet(43)) - raft.server.log.appender.buffer.byte-limit = 33554432 (custom)
2019-07-13 14:38:10,593 INFO  server.RaftServerConfigKeys (ConfUtils.java:logGet(43)) - raft.server.log.appender.buffer.element-limit = 1 (custom)
2019-07-13 14:38:10,594 INFO  grpc.GrpcConfigKeys$Server (ConfUtils.java:logGet(43)) - raft.grpc.server.leader.outstanding.appends.max = 128 (default)
2019-07-13 14:38:10,594 INFO  server.RaftServerConfigKeys (ConfUtils.java:logGet(43)) - raft.server.rpc.request.timeout = 3000ms (default)
2019-07-13 14:38:10,594 INFO  server.RaftServerConfigKeys (ConfUtils.java:logGet(43)) - raft.server.log.appender.install.snapshot.enabled = false (custom)
2019-07-13 14:38:10,594 INFO  server.RaftServerConfigKeys (ConfUtils.java:logGet(43)) - raft.server.log.appender.snapshot.chunk.size.max = 16MB (=16777216) (default)
2019-07-13 14:38:10,594 INFO  server.RaftServerConfigKeys (ConfUtils.java:logGet(43)) - raft.server.log.appender.buffer.byte-limit = 33554432 (custom)
2019-07-13 14:38:10,595 INFO  server.RaftServerConfigKeys (ConfUtils.java:logGet(43)) - raft.server.log.appender.buffer.element-limit = 1 (custom)
2019-07-13 14:38:10,595 INFO  grpc.GrpcConfigKeys$Server (ConfUtils.java:logGet(43)) - raft.grpc.server.leader.outstanding.appends.max = 128 (default)
2019-07-13 14:38:10,595 INFO  server.RaftServerConfigKeys (ConfUtils.java:logGet(43)) - raft.server.rpc.request.timeout = 3000ms (default)
2019-07-13 14:38:10,595 INFO  server.RaftServerConfigKeys (ConfUtils.java:logGet(43)) - raft.server.log.appender.install.snapshot.enabled = false (custom)
2019-07-13 14:38:10,595 INFO  impl.RoleInfo (RoleInfo.java:updateAndGet(143)) - fedfd956-abb6-4ad4-8b26-54bbdc973f4b: start LeaderState
2019-07-13 14:38:10,595 INFO  segmented.SegmentedRaftLogWorker (SegmentedRaftLogWorker.java:startLogSegment(380)) - fedfd956-abb6-4ad4-8b26-54bbdc973f4b-SegmentedRaftLogWorker:Storage Directory /tmp/workdir/hadoop-ozone/integration-test/target/test-dir/MiniOzoneClusterImpl-a2f51f5a-cc29-448c-8907-e054de5c1629/datanode-3/data/ratis/e0d69260-7384-4216-beac-cb0e2e5bc069: Starting segment from index:0
2019-07-13 14:38:10,596 INFO  impl.RaftServerImpl (ServerState.java:setRaftConf(361)) - fedfd956-abb6-4ad4-8b26-54bbdc973f4b:group-CB0E2E5BC069 set configuration 0: [f884fa18-d209-462d-b696-0388a1872809:192.168.5.172:36364, fedfd956-abb6-4ad4-8b26-54bbdc973f4b:192.168.5.172:45594, 4f16b0be-5bc2-4e3d-93a3-555c18992566:192.168.5.172:46813], old=null at 0
2019-07-13 14:38:10,598 INFO  impl.RaftServerImpl (ServerState.java:setLeader(263)) - f884fa18-d209-462d-b696-0388a1872809:group-CB0E2E5BC069 change Leader from null to fedfd956-abb6-4ad4-8b26-54bbdc973f4b at term 1 for appendEntries, leader elected after 5145ms
2019-07-13 14:38:10,598 INFO  impl.RaftServerImpl (ServerState.java:setLeader(263)) - 4f16b0be-5bc2-4e3d-93a3-555c18992566:group-CB0E2E5BC069 change Leader from null to fedfd956-abb6-4ad4-8b26-54bbdc973f4b at term 1 for appendEntries, leader elected after 5145ms
2019-07-13 14:38:10,621 INFO  segmented.SegmentedRaftLogWorker (SegmentedRaftLogWorker.java:execute(569)) - fedfd956-abb6-4ad4-8b26-54bbdc973f4b-SegmentedRaftLogWorker:Storage Directory /tmp/workdir/hadoop-ozone/integration-test/target/test-dir/MiniOzoneClusterImpl-a2f51f5a-cc29-448c-8907-e054de5c1629/datanode-3/data/ratis/e0d69260-7384-4216-beac-cb0e2e5bc069: created new log segment /tmp/workdir/hadoop-ozone/integration-test/target/test-dir/MiniOzoneClusterImpl-a2f51f5a-cc29-448c-8907-e054de5c1629/datanode-3/data/ratis/e0d69260-7384-4216-beac-cb0e2e5bc069/current/log_inprogress_0
2019-07-13 14:38:10,621 INFO  impl.RaftServerImpl (ServerState.java:setRaftConf(361)) - f884fa18-d209-462d-b696-0388a1872809:group-CB0E2E5BC069 set configuration 0: [f884fa18-d209-462d-b696-0388a1872809:192.168.5.172:36364, fedfd956-abb6-4ad4-8b26-54bbdc973f4b:192.168.5.172:45594, 4f16b0be-5bc2-4e3d-93a3-555c18992566:192.168.5.172:46813], old=null at 0
2019-07-13 14:38:10,621 INFO  impl.RaftServerImpl (ServerState.java:setRaftConf(361)) - 4f16b0be-5bc2-4e3d-93a3-555c18992566:group-CB0E2E5BC069 set configuration 0: [f884fa18-d209-462d-b696-0388a1872809:192.168.5.172:36364, fedfd956-abb6-4ad4-8b26-54bbdc973f4b:192.168.5.172:45594, 4f16b0be-5bc2-4e3d-93a3-555c18992566:192.168.5.172:46813], old=null at 0
2019-07-13 14:38:10,621 INFO  segmented.SegmentedRaftLogWorker (SegmentedRaftLogWorker.java:startLogSegment(380)) - f884fa18-d209-462d-b696-0388a1872809-SegmentedRaftLogWorker:Storage Directory /tmp/workdir/hadoop-ozone/integration-test/target/test-dir/MiniOzoneClusterImpl-a2f51f5a-cc29-448c-8907-e054de5c1629/datanode-4/data/ratis/e0d69260-7384-4216-beac-cb0e2e5bc069: Starting segment from index:0
2019-07-13 14:38:10,622 INFO  segmented.SegmentedRaftLogWorker (SegmentedRaftLogWorker.java:startLogSegment(380)) - 4f16b0be-5bc2-4e3d-93a3-555c18992566-SegmentedRaftLogWorker:Storage Directory /tmp/workdir/hadoop-ozone/integration-test/target/test-dir/MiniOzoneClusterImpl-a2f51f5a-cc29-448c-8907-e054de5c1629/datanode-5/data/ratis/e0d69260-7384-4216-beac-cb0e2e5bc069: Starting segment from index:0
2019-07-13 14:38:10,624 INFO  impl.FollowerState (FollowerState.java:run(106)) - 51dfeec5-c7b6-431f-9756-00d4a360d3d9:group-F552B6DFCB62 changes to CANDIDATE, lastRpcTime:5047, electionTimeout:5047ms
2019-07-13 14:38:10,624 INFO  impl.RoleInfo (RoleInfo.java:shutdownFollowerState(121)) - 51dfeec5-c7b6-431f-9756-00d4a360d3d9: shutdown FollowerState
2019-07-13 14:38:10,624 INFO  impl.RaftServerImpl (RaftServerImpl.java:setRole(171)) - 51dfeec5-c7b6-431f-9756-00d4a360d3d9:group-F552B6DFCB62 changes role from FOLLOWER to CANDIDATE at term 0 for changeToCandidate
2019-07-13 14:38:10,624 INFO  impl.RoleInfo (RoleInfo.java:updateAndGet(143)) - 51dfeec5-c7b6-431f-9756-00d4a360d3d9: start LeaderElection
2019-07-13 14:38:10,651 INFO  segmented.SegmentedRaftLogWorker (SegmentedRaftLogWorker.java:execute(569)) - f884fa18-d209-462d-b696-0388a1872809-SegmentedRaftLogWorker:Storage Directory /tmp/workdir/hadoop-ozone/integration-test/target/test-dir/MiniOzoneClusterImpl-a2f51f5a-cc29-448c-8907-e054de5c1629/datanode-4/data/ratis/e0d69260-7384-4216-beac-cb0e2e5bc069: created new log segment /tmp/workdir/hadoop-ozone/integration-test/target/test-dir/MiniOzoneClusterImpl-a2f51f5a-cc29-448c-8907-e054de5c1629/datanode-4/data/ratis/e0d69260-7384-4216-beac-cb0e2e5bc069/current/log_inprogress_0
2019-07-13 14:38:10,651 INFO  impl.LeaderElection (LeaderElection.java:askForVotes(181)) - 51dfeec5-c7b6-431f-9756-00d4a360d3d9:group-F552B6DFCB62:LeaderElection106: begin an election at term 1 for -1: [51dfeec5-c7b6-431f-9756-00d4a360d3d9:192.168.5.172:35266], old=null
2019-07-13 14:38:10,651 INFO  segmented.SegmentedRaftLogWorker (SegmentedRaftLogWorker.java:execute(569)) - 4f16b0be-5bc2-4e3d-93a3-555c18992566-SegmentedRaftLogWorker:Storage Directory /tmp/workdir/hadoop-ozone/integration-test/target/test-dir/MiniOzoneClusterImpl-a2f51f5a-cc29-448c-8907-e054de5c1629/datanode-5/data/ratis/e0d69260-7384-4216-beac-cb0e2e5bc069: created new log segment /tmp/workdir/hadoop-ozone/integration-test/target/test-dir/MiniOzoneClusterImpl-a2f51f5a-cc29-448c-8907-e054de5c1629/datanode-5/data/ratis/e0d69260-7384-4216-beac-cb0e2e5bc069/current/log_inprogress_0
2019-07-13 14:38:10,651 INFO  impl.RoleInfo (RoleInfo.java:shutdownLeaderElection(134)) - 51dfeec5-c7b6-431f-9756-00d4a360d3d9: shutdown LeaderElection
2019-07-13 14:38:10,651 INFO  impl.RaftServerImpl (RaftServerImpl.java:setRole(171)) - 51dfeec5-c7b6-431f-9756-00d4a360d3d9:group-F552B6DFCB62 changes role from CANDIDATE to LEADER at term 1 for changeToLeader
2019-07-13 14:38:10,651 INFO  impl.RaftServerImpl (ServerState.java:setLeader(263)) - 51dfeec5-c7b6-431f-9756-00d4a360d3d9:group-F552B6DFCB62 change Leader from null to 51dfeec5-c7b6-431f-9756-00d4a360d3d9 at term 1 for becomeLeader, leader elected after 5079ms
2019-07-13 14:38:10,651 INFO  server.RaftServerConfigKeys (ConfUtils.java:logGet(43)) - raft.server.staging.catchup.gap = 1000 (default)
2019-07-13 14:38:10,652 INFO  server.RaftServerConfigKeys (ConfUtils.java:logGet(43)) - raft.server.rpc.sleep.time = 25ms (default)
2019-07-13 14:38:10,652 INFO  server.RaftServerConfigKeys (ConfUtils.java:logGet(43)) - raft.server.write.element-limit = 4096 (default)
2019-07-13 14:38:10,652 INFO  server.RaftServerConfigKeys (ConfUtils.java:logGet(43)) - raft.server.watch.timeout = 10s (default)
2019-07-13 14:38:10,652 INFO  server.RaftServerConfigKeys (ConfUtils.java:logGet(43)) - raft.server.watch.timeout.denomination = 1s (default)
2019-07-13 14:38:10,652 INFO  server.RaftServerConfigKeys (ConfUtils.java:logGet(43)) - raft.server.watch.element-limit = 65536 (default)
2019-07-13 14:38:10,652 INFO  impl.RoleInfo (RoleInfo.java:updateAndGet(143)) - 51dfeec5-c7b6-431f-9756-00d4a360d3d9: start LeaderState
2019-07-13 14:38:10,653 INFO  segmented.SegmentedRaftLogWorker (SegmentedRaftLogWorker.java:startLogSegment(380)) - 51dfeec5-c7b6-431f-9756-00d4a360d3d9-SegmentedRaftLogWorker:Storage Directory /tmp/workdir/hadoop-ozone/integration-test/target/test-dir/MiniOzoneClusterImpl-a2f51f5a-cc29-448c-8907-e054de5c1629/datanode-6/data/ratis/2e8971de-b87a-49c0-aa7d-f552b6dfcb62: Starting segment from index:0
2019-07-13 14:38:10,653 INFO  impl.RaftServerImpl (ServerState.java:setRaftConf(361)) - 51dfeec5-c7b6-431f-9756-00d4a360d3d9:group-F552B6DFCB62 set configuration 0: [51dfeec5-c7b6-431f-9756-00d4a360d3d9:192.168.5.172:35266], old=null at 0
2019-07-13 14:38:10,678 INFO  segmented.SegmentedRaftLogWorker (SegmentedRaftLogWorker.java:execute(569)) - 51dfeec5-c7b6-431f-9756-00d4a360d3d9-SegmentedRaftLogWorker:Storage Directory /tmp/workdir/hadoop-ozone/integration-test/target/test-dir/MiniOzoneClusterImpl-a2f51f5a-cc29-448c-8907-e054de5c1629/datanode-6/data/ratis/2e8971de-b87a-49c0-aa7d-f552b6dfcb62: created new log segment /tmp/workdir/hadoop-ozone/integration-test/target/test-dir/MiniOzoneClusterImpl-a2f51f5a-cc29-448c-8907-e054de5c1629/datanode-6/data/ratis/2e8971de-b87a-49c0-aa7d-f552b6dfcb62/current/log_inprogress_0
2019-07-13 14:38:10,887 INFO  client.GrpcClientProtocolClient (GrpcClientProtocolClient.java:onNext(255)) - client-03638709B385->01002fe0-6cca-4877-ae90-5ff90be4a072: receive RaftClientReply:client-03638709B385->01002fe0-6cca-4877-ae90-5ff90be4a072@group-01E3218244F8, cid=272, FAILED org.apache.ratis.protocol.NotLeaderException: Server 01002fe0-6cca-4877-ae90-5ff90be4a072 is not the leader (b07ec8b5-f787-4651-a434-af73f05d0085:192.168.5.172:34445). Request must be sent to leader., logIndex=0, commits[01002fe0-6cca-4877-ae90-5ff90be4a072:c-1, 88481078-93db-4d5a-baea-16b5a73ff595:c-1, b07ec8b5-f787-4651-a434-af73f05d0085:c-1]
2019-07-13 14:38:11,065 INFO  client.GrpcClientProtocolClient (GrpcClientProtocolClient.java:onNext(255)) - client-03638709B385->b07ec8b5-f787-4651-a434-af73f05d0085: receive RaftClientReply:client-03638709B385->b07ec8b5-f787-4651-a434-af73f05d0085@group-01E3218244F8, cid=272, SUCCESS, logIndex=1, commits[b07ec8b5-f787-4651-a434-af73f05d0085:c1, 88481078-93db-4d5a-baea-16b5a73ff595:c0, 01002fe0-6cca-4877-ae90-5ff90be4a072:c0]
2019-07-13 14:38:11,082 INFO  client.GrpcClientProtocolClient (GrpcClientProtocolClient.java:onNext(255)) - client-03638709B385->b07ec8b5-f787-4651-a434-af73f05d0085: receive RaftClientReply:client-03638709B385->b07ec8b5-f787-4651-a434-af73f05d0085@group-01E3218244F8, cid=273, SUCCESS, logIndex=3, commits[b07ec8b5-f787-4651-a434-af73f05d0085:c4, 88481078-93db-4d5a-baea-16b5a73ff595:c2, 01002fe0-6cca-4877-ae90-5ff90be4a072:c2]
2019-07-13 14:38:11,106 INFO  client.GrpcClientProtocolClient (GrpcClientProtocolClient.java:onNext(255)) - client-03638709B385->b07ec8b5-f787-4651-a434-af73f05d0085: receive RaftClientReply:client-03638709B385->b07ec8b5-f787-4651-a434-af73f05d0085@group-01E3218244F8, cid=274, SUCCESS, logIndex=4, commits[b07ec8b5-f787-4651-a434-af73f05d0085:c6, 88481078-93db-4d5a-baea-16b5a73ff595:c4, 01002fe0-6cca-4877-ae90-5ff90be4a072:c4]
2019-07-13 14:38:11,107 INFO  container.CloseContainerEventHandler (CloseContainerEventHandler.java:onMessage(61)) - Close container Event triggered for container : #1
2019-07-13 14:38:11,108 INFO  container.CloseContainerEventHandler (CloseContainerEventHandler.java:onMessage(61)) - Close container Event triggered for container : #1
2019-07-13 14:38:11,108 INFO  container.CloseContainerEventHandler (CloseContainerEventHandler.java:onMessage(61)) - Close container Event triggered for container : #1
2019-07-13 14:38:12,926 INFO  interfaces.Container (KeyValueContainer.java:compactDB(356)) - Container 1 is closed with bcsId 4.
2019-07-13 14:38:12,931 INFO  interfaces.Container (KeyValueContainer.java:compactDB(356)) - Container 1 is closed with bcsId 4.
2019-07-13 14:38:12,935 INFO  interfaces.Container (KeyValueContainer.java:compactDB(356)) - Container 1 is closed with bcsId 4.
14:38:13.113 [grpc-default-executor-12] ERROR DNAudit - user=null | ip=null | op=WRITE_CHUNK {blockData=conID: 1 locID: 102434648007507990 bcsId: 4} | ret=FAILURE
org.apache.hadoop.hdds.scm.container.common.helpers.ContainerNotOpenException: Container 1 in CLOSED state
	at org.apache.hadoop.ozone.container.common.impl.HddsDispatcher.validateContainerCommand(HddsDispatcher.java:408) ~[hadoop-hdds-container-service-0.5.0-SNAPSHOT.jar:?]
	at org.apache.hadoop.ozone.container.common.transport.server.ratis.ContainerStateMachine.startTransaction(ContainerStateMachine.java:271) ~[hadoop-hdds-container-service-0.5.0-SNAPSHOT.jar:?]
	at org.apache.ratis.server.impl.RaftServerImpl.submitClientRequestAsync(RaftServerImpl.java:566) ~[ratis-server-0.4.0-2337318-SNAPSHOT.jar:0.4.0-2337318-SNAPSHOT]
	at org.apache.ratis.server.impl.RaftServerProxy.lambda$submitClientRequestAsync$7(RaftServerProxy.java:333) ~[ratis-server-0.4.0-2337318-SNAPSHOT.jar:0.4.0-2337318-SNAPSHOT]
	at org.apache.ratis.server.impl.RaftServerProxy.lambda$null$5(RaftServerProxy.java:328) ~[ratis-server-0.4.0-2337318-SNAPSHOT.jar:0.4.0-2337318-SNAPSHOT]
	at org.apache.ratis.util.JavaUtils.callAsUnchecked(JavaUtils.java:109) ~[ratis-common-0.4.0-2337318-SNAPSHOT.jar:0.4.0-2337318-SNAPSHOT]
	at org.apache.ratis.server.impl.RaftServerProxy.lambda$submitRequest$6(RaftServerProxy.java:328) ~[ratis-server-0.4.0-2337318-SNAPSHOT.jar:0.4.0-2337318-SNAPSHOT]
	at java.util.concurrent.CompletableFuture.uniComposeStage(CompletableFuture.java:981) ~[?:1.8.0_212]
	at java.util.concurrent.CompletableFuture.thenCompose(CompletableFuture.java:2124) ~[?:1.8.0_212]
	at org.apache.ratis.server.impl.RaftServerProxy.submitRequest(RaftServerProxy.java:327) ~[ratis-server-0.4.0-2337318-SNAPSHOT.jar:0.4.0-2337318-SNAPSHOT]
	at org.apache.ratis.server.impl.RaftServerProxy.submitClientRequestAsync(RaftServerProxy.java:333) ~[ratis-server-0.4.0-2337318-SNAPSHOT.jar:0.4.0-2337318-SNAPSHOT]
	at org.apache.ratis.grpc.client.GrpcClientProtocolService$RequestStreamObserver.processClientRequest(GrpcClientProtocolService.java:220) ~[ratis-grpc-0.4.0-2337318-SNAPSHOT.jar:0.4.0-2337318-SNAPSHOT]
	at org.apache.ratis.grpc.client.GrpcClientProtocolService$OrderedRequestStreamObserver.processClientRequest(GrpcClientProtocolService.java:326) ~[ratis-grpc-0.4.0-2337318-SNAPSHOT.jar:0.4.0-2337318-SNAPSHOT]
	at org.apache.ratis.util.SlidingWindow$Server.processRequestsFromHead(SlidingWindow.java:429) [ratis-common-0.4.0-2337318-SNAPSHOT.jar:0.4.0-2337318-SNAPSHOT]
	at org.apache.ratis.util.SlidingWindow$Server.receivedRequest(SlidingWindow.java:421) [ratis-common-0.4.0-2337318-SNAPSHOT.jar:0.4.0-2337318-SNAPSHOT]
	at org.apache.ratis.grpc.client.GrpcClientProtocolService$OrderedRequestStreamObserver.processClientRequest(GrpcClientProtocolService.java:345) [ratis-grpc-0.4.0-2337318-SNAPSHOT.jar:0.4.0-2337318-SNAPSHOT]
	at org.apache.ratis.grpc.client.GrpcClientProtocolService$RequestStreamObserver.onNext(GrpcClientProtocolService.java:240) [ratis-grpc-0.4.0-2337318-SNAPSHOT.jar:0.4.0-2337318-SNAPSHOT]
	at org.apache.ratis.grpc.client.GrpcClientProtocolService$RequestStreamObserver.onNext(GrpcClientProtocolService.java:168) [ratis-grpc-0.4.0-2337318-SNAPSHOT.jar:0.4.0-2337318-SNAPSHOT]
	at org.apache.ratis.thirdparty.io.grpc.stub.ServerCalls$StreamingServerCallHandler$StreamingServerCallListener.onMessage(ServerCalls.java:248) [ratis-thirdparty-misc-0.2.0.jar:0.2.0]
	at org.apache.ratis.thirdparty.io.grpc.internal.ServerCallImpl$ServerStreamListenerImpl.messagesAvailable(ServerCallImpl.java:263) [ratis-thirdparty-misc-0.2.0.jar:0.2.0]
	at org.apache.ratis.thirdparty.io.grpc.internal.ServerImpl$JumpToApplicationThreadServerStreamListener$1MessagesAvailable.runInContext(ServerImpl.java:686) [ratis-thirdparty-misc-0.2.0.jar:0.2.0]
	at org.apache.ratis.thirdparty.io.grpc.internal.ContextRunnable.run(ContextRunnable.java:37) [ratis-thirdparty-misc-0.2.0.jar:0.2.0]
	at org.apache.ratis.thirdparty.io.grpc.internal.SerializingExecutor.run(SerializingExecutor.java:123) [ratis-thirdparty-misc-0.2.0.jar:0.2.0]
	at java.util.concurrent.ThreadPoolExecutor.runWorker(ThreadPoolExecutor.java:1149) [?:1.8.0_212]
	at java.util.concurrent.ThreadPoolExecutor$Worker.run(ThreadPoolExecutor.java:624) [?:1.8.0_212]
	at java.lang.Thread.run(Thread.java:748) [?:1.8.0_212]
14:38:13.121 [grpc-default-executor-12] ERROR DNAudit - user=null | ip=null | op=WRITE_CHUNK {blockData=conID: 1 locID: 102434648007507990 bcsId: 4} | ret=FAILURE
org.apache.hadoop.hdds.scm.container.common.helpers.ContainerNotOpenException: Container 1 in CLOSED state
	at org.apache.hadoop.ozone.container.common.impl.HddsDispatcher.validateContainerCommand(HddsDispatcher.java:408) ~[hadoop-hdds-container-service-0.5.0-SNAPSHOT.jar:?]
	at org.apache.hadoop.ozone.container.common.transport.server.ratis.ContainerStateMachine.startTransaction(ContainerStateMachine.java:271) ~[hadoop-hdds-container-service-0.5.0-SNAPSHOT.jar:?]
	at org.apache.ratis.server.impl.RaftServerImpl.submitClientRequestAsync(RaftServerImpl.java:566) ~[ratis-server-0.4.0-2337318-SNAPSHOT.jar:0.4.0-2337318-SNAPSHOT]
	at org.apache.ratis.server.impl.RaftServerProxy.lambda$submitClientRequestAsync$7(RaftServerProxy.java:333) ~[ratis-server-0.4.0-2337318-SNAPSHOT.jar:0.4.0-2337318-SNAPSHOT]
	at org.apache.ratis.server.impl.RaftServerProxy.lambda$null$5(RaftServerProxy.java:328) ~[ratis-server-0.4.0-2337318-SNAPSHOT.jar:0.4.0-2337318-SNAPSHOT]
	at org.apache.ratis.util.JavaUtils.callAsUnchecked(JavaUtils.java:109) ~[ratis-common-0.4.0-2337318-SNAPSHOT.jar:0.4.0-2337318-SNAPSHOT]
	at org.apache.ratis.server.impl.RaftServerProxy.lambda$submitRequest$6(RaftServerProxy.java:328) ~[ratis-server-0.4.0-2337318-SNAPSHOT.jar:0.4.0-2337318-SNAPSHOT]
	at java.util.concurrent.CompletableFuture.uniComposeStage(CompletableFuture.java:981) ~[?:1.8.0_212]
	at java.util.concurrent.CompletableFuture.thenCompose(CompletableFuture.java:2124) ~[?:1.8.0_212]
	at org.apache.ratis.server.impl.RaftServerProxy.submitRequest(RaftServerProxy.java:327) ~[ratis-server-0.4.0-2337318-SNAPSHOT.jar:0.4.0-2337318-SNAPSHOT]
	at org.apache.ratis.server.impl.RaftServerProxy.submitClientRequestAsync(RaftServerProxy.java:333) ~[ratis-server-0.4.0-2337318-SNAPSHOT.jar:0.4.0-2337318-SNAPSHOT]
	at org.apache.ratis.grpc.client.GrpcClientProtocolService$RequestStreamObserver.processClientRequest(GrpcClientProtocolService.java:220) ~[ratis-grpc-0.4.0-2337318-SNAPSHOT.jar:0.4.0-2337318-SNAPSHOT]
	at org.apache.ratis.grpc.client.GrpcClientProtocolService$OrderedRequestStreamObserver.processClientRequest(GrpcClientProtocolService.java:326) ~[ratis-grpc-0.4.0-2337318-SNAPSHOT.jar:0.4.0-2337318-SNAPSHOT]
	at org.apache.ratis.util.SlidingWindow$Server.processRequestsFromHead(SlidingWindow.java:429) [ratis-common-0.4.0-2337318-SNAPSHOT.jar:0.4.0-2337318-SNAPSHOT]
	at org.apache.ratis.util.SlidingWindow$Server.receivedRequest(SlidingWindow.java:421) [ratis-common-0.4.0-2337318-SNAPSHOT.jar:0.4.0-2337318-SNAPSHOT]
	at org.apache.ratis.grpc.client.GrpcClientProtocolService$OrderedRequestStreamObserver.processClientRequest(GrpcClientProtocolService.java:345) [ratis-grpc-0.4.0-2337318-SNAPSHOT.jar:0.4.0-2337318-SNAPSHOT]
	at org.apache.ratis.grpc.client.GrpcClientProtocolService$RequestStreamObserver.onNext(GrpcClientProtocolService.java:240) [ratis-grpc-0.4.0-2337318-SNAPSHOT.jar:0.4.0-2337318-SNAPSHOT]
	at org.apache.ratis.grpc.client.GrpcClientProtocolService$RequestStreamObserver.onNext(GrpcClientProtocolService.java:168) [ratis-grpc-0.4.0-2337318-SNAPSHOT.jar:0.4.0-2337318-SNAPSHOT]
	at org.apache.ratis.thirdparty.io.grpc.stub.ServerCalls$StreamingServerCallHandler$StreamingServerCallListener.onMessage(ServerCalls.java:248) [ratis-thirdparty-misc-0.2.0.jar:0.2.0]
	at org.apache.ratis.thirdparty.io.grpc.internal.ServerCallImpl$ServerStreamListenerImpl.messagesAvailable(ServerCallImpl.java:263) [ratis-thirdparty-misc-0.2.0.jar:0.2.0]
	at org.apache.ratis.thirdparty.io.grpc.internal.ServerImpl$JumpToApplicationThreadServerStreamListener$1MessagesAvailable.runInContext(ServerImpl.java:686) [ratis-thirdparty-misc-0.2.0.jar:0.2.0]
	at org.apache.ratis.thirdparty.io.grpc.internal.ContextRunnable.run(ContextRunnable.java:37) [ratis-thirdparty-misc-0.2.0.jar:0.2.0]
	at org.apache.ratis.thirdparty.io.grpc.internal.SerializingExecutor.run(SerializingExecutor.java:123) [ratis-thirdparty-misc-0.2.0.jar:0.2.0]
	at java.util.concurrent.ThreadPoolExecutor.runWorker(ThreadPoolExecutor.java:1149) [?:1.8.0_212]
	at java.util.concurrent.ThreadPoolExecutor$Worker.run(ThreadPoolExecutor.java:624) [?:1.8.0_212]
	at java.lang.Thread.run(Thread.java:748) [?:1.8.0_212]
2019-07-13 14:38:13,136 INFO  client.GrpcClientProtocolClient (GrpcClientProtocolClient.java:onNext(255)) - client-03638709B385->b07ec8b5-f787-4651-a434-af73f05d0085: receive RaftClientReply:client-03638709B385->b07ec8b5-f787-4651-a434-af73f05d0085@group-01E3218244F8, cid=275, FAILED org.apache.ratis.protocol.StateMachineException: org.apache.hadoop.hdds.scm.container.common.helpers.ContainerNotOpenException from Server b07ec8b5-f787-4651-a434-af73f05d0085: Container 1 in CLOSED state, logIndex=0, commits[b07ec8b5-f787-4651-a434-af73f05d0085:c8, 88481078-93db-4d5a-baea-16b5a73ff595:c7, 01002fe0-6cca-4877-ae90-5ff90be4a072:c7]
2019-07-13 14:38:13,138 INFO  client.GrpcClientProtocolClient (GrpcClientProtocolClient.java:onNext(255)) - client-03638709B385->b07ec8b5-f787-4651-a434-af73f05d0085: receive RaftClientReply:client-03638709B385->b07ec8b5-f787-4651-a434-af73f05d0085@group-01E3218244F8, cid=276, FAILED org.apache.ratis.protocol.StateMachineException: org.apache.hadoop.hdds.scm.container.common.helpers.ContainerNotOpenException from Server b07ec8b5-f787-4651-a434-af73f05d0085: Container 1 in CLOSED state, logIndex=0, commits[b07ec8b5-f787-4651-a434-af73f05d0085:c8, 88481078-93db-4d5a-baea-16b5a73ff595:c7, 01002fe0-6cca-4877-ae90-5ff90be4a072:c7]
14:38:13.137 [grpc-default-executor-12] ERROR DNAudit - user=null | ip=null | op=PUT_BLOCK {blockData=[blockId=conID: 1 locID: 102434648007507990 bcsId: 0,size=334]} | ret=FAILURE
org.apache.hadoop.hdds.scm.container.common.helpers.ContainerNotOpenException: Container 1 in CLOSED state
	at org.apache.hadoop.ozone.container.common.impl.HddsDispatcher.validateContainerCommand(HddsDispatcher.java:408) ~[hadoop-hdds-container-service-0.5.0-SNAPSHOT.jar:?]
	at org.apache.hadoop.ozone.container.common.transport.server.ratis.ContainerStateMachine.startTransaction(ContainerStateMachine.java:271) ~[hadoop-hdds-container-service-0.5.0-SNAPSHOT.jar:?]
	at org.apache.ratis.server.impl.RaftServerImpl.submitClientRequestAsync(RaftServerImpl.java:566) ~[ratis-server-0.4.0-2337318-SNAPSHOT.jar:0.4.0-2337318-SNAPSHOT]
	at org.apache.ratis.server.impl.RaftServerProxy.lambda$submitClientRequestAsync$7(RaftServerProxy.java:333) ~[ratis-server-0.4.0-2337318-SNAPSHOT.jar:0.4.0-2337318-SNAPSHOT]
	at org.apache.ratis.server.impl.RaftServerProxy.lambda$null$5(RaftServerProxy.java:328) ~[ratis-server-0.4.0-2337318-SNAPSHOT.jar:0.4.0-2337318-SNAPSHOT]
	at org.apache.ratis.util.JavaUtils.callAsUnchecked(JavaUtils.java:109) ~[ratis-common-0.4.0-2337318-SNAPSHOT.jar:0.4.0-2337318-SNAPSHOT]
	at org.apache.ratis.server.impl.RaftServerProxy.lambda$submitRequest$6(RaftServerProxy.java:328) ~[ratis-server-0.4.0-2337318-SNAPSHOT.jar:0.4.0-2337318-SNAPSHOT]
	at java.util.concurrent.CompletableFuture.uniComposeStage(CompletableFuture.java:981) ~[?:1.8.0_212]
	at java.util.concurrent.CompletableFuture.thenCompose(CompletableFuture.java:2124) ~[?:1.8.0_212]
	at org.apache.ratis.server.impl.RaftServerProxy.submitRequest(RaftServerProxy.java:327) ~[ratis-server-0.4.0-2337318-SNAPSHOT.jar:0.4.0-2337318-SNAPSHOT]
	at org.apache.ratis.server.impl.RaftServerProxy.submitClientRequestAsync(RaftServerProxy.java:333) ~[ratis-server-0.4.0-2337318-SNAPSHOT.jar:0.4.0-2337318-SNAPSHOT]
	at org.apache.ratis.grpc.client.GrpcClientProtocolService$RequestStreamObserver.processClientRequest(GrpcClientProtocolService.java:220) ~[ratis-grpc-0.4.0-2337318-SNAPSHOT.jar:0.4.0-2337318-SNAPSHOT]
	at org.apache.ratis.grpc.client.GrpcClientProtocolService$OrderedRequestStreamObserver.processClientRequest(GrpcClientProtocolService.java:326) ~[ratis-grpc-0.4.0-2337318-SNAPSHOT.jar:0.4.0-2337318-SNAPSHOT]
	at org.apache.ratis.util.SlidingWindow$Server.processRequestsFromHead(SlidingWindow.java:429) [ratis-common-0.4.0-2337318-SNAPSHOT.jar:0.4.0-2337318-SNAPSHOT]
	at org.apache.ratis.util.SlidingWindow$Server.receivedRequest(SlidingWindow.java:421) [ratis-common-0.4.0-2337318-SNAPSHOT.jar:0.4.0-2337318-SNAPSHOT]
	at org.apache.ratis.grpc.client.GrpcClientProtocolService$OrderedRequestStreamObserver.processClientRequest(GrpcClientProtocolService.java:345) [ratis-grpc-0.4.0-2337318-SNAPSHOT.jar:0.4.0-2337318-SNAPSHOT]
	at org.apache.ratis.grpc.client.GrpcClientProtocolService$RequestStreamObserver.onNext(GrpcClientProtocolService.java:240) [ratis-grpc-0.4.0-2337318-SNAPSHOT.jar:0.4.0-2337318-SNAPSHOT]
	at org.apache.ratis.grpc.client.GrpcClientProtocolService$RequestStreamObserver.onNext(GrpcClientProtocolService.java:168) [ratis-grpc-0.4.0-2337318-SNAPSHOT.jar:0.4.0-2337318-SNAPSHOT]
	at org.apache.ratis.thirdparty.io.grpc.stub.ServerCalls$StreamingServerCallHandler$StreamingServerCallListener.onMessage(ServerCalls.java:248) [ratis-thirdparty-misc-0.2.0.jar:0.2.0]
	at org.apache.ratis.thirdparty.io.grpc.internal.ServerCallImpl$ServerStreamListenerImpl.messagesAvailable(ServerCallImpl.java:263) [ratis-thirdparty-misc-0.2.0.jar:0.2.0]
	at org.apache.ratis.thirdparty.io.grpc.internal.ServerImpl$JumpToApplicationThreadServerStreamListener$1MessagesAvailable.runInContext(ServerImpl.java:686) [ratis-thirdparty-misc-0.2.0.jar:0.2.0]
	at org.apache.ratis.thirdparty.io.grpc.internal.ContextRunnable.run(ContextRunnable.java:37) [ratis-thirdparty-misc-0.2.0.jar:0.2.0]
	at org.apache.ratis.thirdparty.io.grpc.internal.SerializingExecutor.run(SerializingExecutor.java:123) [ratis-thirdparty-misc-0.2.0.jar:0.2.0]
	at java.util.concurrent.ThreadPoolExecutor.runWorker(ThreadPoolExecutor.java:1149) [?:1.8.0_212]
	at java.util.concurrent.ThreadPoolExecutor$Worker.run(ThreadPoolExecutor.java:624) [?:1.8.0_212]
	at java.lang.Thread.run(Thread.java:748) [?:1.8.0_212]
2019-07-13 14:38:13,146 INFO  client.GrpcClientProtocolClient (GrpcClientProtocolClient.java:onNext(255)) - client-03638709B385->b07ec8b5-f787-4651-a434-af73f05d0085: receive RaftClientReply:client-03638709B385->b07ec8b5-f787-4651-a434-af73f05d0085@group-01E3218244F8, cid=277, FAILED org.apache.ratis.protocol.StateMachineException: org.apache.hadoop.hdds.scm.container.common.helpers.ContainerNotOpenException from Server b07ec8b5-f787-4651-a434-af73f05d0085: Container 1 in CLOSED state, logIndex=0, commits[b07ec8b5-f787-4651-a434-af73f05d0085:c8, 88481078-93db-4d5a-baea-16b5a73ff595:c7, 01002fe0-6cca-4877-ae90-5ff90be4a072:c7]
2019-07-13 14:38:13,178 INFO  client.GrpcClientProtocolClient (GrpcClientProtocolClient.java:onNext(255)) - client-E9CDB66B13C4->4f16b0be-5bc2-4e3d-93a3-555c18992566: receive RaftClientReply:client-E9CDB66B13C4->4f16b0be-5bc2-4e3d-93a3-555c18992566@group-CB0E2E5BC069, cid=278, FAILED org.apache.ratis.protocol.NotLeaderException: Server 4f16b0be-5bc2-4e3d-93a3-555c18992566 is not the leader (fedfd956-abb6-4ad4-8b26-54bbdc973f4b:192.168.5.172:45594). Request must be sent to leader., logIndex=0, commits[4f16b0be-5bc2-4e3d-93a3-555c18992566:c0, f884fa18-d209-462d-b696-0388a1872809:c-1, fedfd956-abb6-4ad4-8b26-54bbdc973f4b:c0]
2019-07-13 14:38:13,282 INFO  client.GrpcClientProtocolClient (GrpcClientProtocolClient.java:onNext(255)) - client-E9CDB66B13C4->fedfd956-abb6-4ad4-8b26-54bbdc973f4b: receive RaftClientReply:client-E9CDB66B13C4->fedfd956-abb6-4ad4-8b26-54bbdc973f4b@group-CB0E2E5BC069, cid=278, SUCCESS, logIndex=1, commits[fedfd956-abb6-4ad4-8b26-54bbdc973f4b:c1, f884fa18-d209-462d-b696-0388a1872809:c0, 4f16b0be-5bc2-4e3d-93a3-555c18992566:c0]
2019-07-13 14:38:13,294 INFO  client.GrpcClientProtocolClient (GrpcClientProtocolClient.java:onNext(255)) - client-E9CDB66B13C4->fedfd956-abb6-4ad4-8b26-54bbdc973f4b: receive RaftClientReply:client-E9CDB66B13C4->fedfd956-abb6-4ad4-8b26-54bbdc973f4b@group-CB0E2E5BC069, cid=279, SUCCESS, logIndex=3, commits[fedfd956-abb6-4ad4-8b26-54bbdc973f4b:c4, f884fa18-d209-462d-b696-0388a1872809:c2, 4f16b0be-5bc2-4e3d-93a3-555c18992566:c2]
2019-07-13 14:38:13,315 INFO  client.GrpcClientProtocolClient (GrpcClientProtocolClient.java:onNext(255)) - client-E9CDB66B13C4->fedfd956-abb6-4ad4-8b26-54bbdc973f4b: receive RaftClientReply:client-E9CDB66B13C4->fedfd956-abb6-4ad4-8b26-54bbdc973f4b@group-CB0E2E5BC069, cid=280, SUCCESS, logIndex=4, commits[fedfd956-abb6-4ad4-8b26-54bbdc973f4b:c6, f884fa18-d209-462d-b696-0388a1872809:c4, 4f16b0be-5bc2-4e3d-93a3-555c18992566:c4]
2019-07-13 14:38:13,329 INFO  pipeline.Pipeline (Pipeline.java:getProtobufMessage(195)) - Serialize pipeline PipelineID=e0d69260-7384-4216-beac-cb0e2e5bc069 with nodesInOrder{ }
2019-07-13 14:38:13,331 INFO  ozone.MiniOzoneClusterImpl (MiniOzoneClusterImpl.java:shutdown(321)) - Shutting down the Mini Ozone Cluster
2019-07-13 14:38:13,331 INFO  ozone.MiniOzoneClusterImpl (MiniOzoneClusterImpl.java:stop(336)) - Stopping the Mini Ozone Cluster
2019-07-13 14:38:13,331 INFO  ozone.MiniOzoneClusterImpl (MiniOzoneClusterImpl.java:stop(338)) - Stopping the OzoneManager
2019-07-13 14:38:13,331 INFO  ipc.Server (Server.java:stop(3082)) - Stopping server on 37068
2019-07-13 14:38:13,343 INFO  utils.BackgroundService (BackgroundService.java:shutdown(148)) - Shutting down service KeyDeletingService
2019-07-13 14:38:13,343 INFO  ipc.Server (Server.java:run(1319)) - Stopping IPC Server Responder
2019-07-13 14:38:13,343 INFO  ipc.Server (Server.java:run(1185)) - Stopping IPC Server listener on 37068
2019-07-13 14:38:13,368 INFO  handler.ContextHandler (ContextHandler.java:doStop(910)) - Stopped o.e.j.w.WebAppContext@3f06c9ac{/,null,UNAVAILABLE}{/ozoneManager}
2019-07-13 14:38:13,368 INFO  server.AbstractConnector (AbstractConnector.java:doStop(318)) - Stopped ServerConnector@3fe8c952{HTTP/1.1,[http/1.1]}{0.0.0.0:0}
2019-07-13 14:38:13,369 INFO  handler.ContextHandler (ContextHandler.java:doStop(910)) - Stopped o.e.j.s.ServletContextHandler@71b3c2a7{/static,file:///tmp/workdir/hadoop-ozone/integration-test/target/test-classes/webapps/static,UNAVAILABLE}
2019-07-13 14:38:13,369 INFO  handler.ContextHandler (ContextHandler.java:doStop(910)) - Stopped o.e.j.s.ServletContextHandler@1b6dab22{/logs,file:///tmp/workdir/hadoop-ozone/integration-test/target/log,UNAVAILABLE}
2019-07-13 14:38:13,371 INFO  ozone.MiniOzoneClusterImpl (MiniOzoneClusterImpl.java:stop(344)) - Shutting the HddsDatanodes
2019-07-13 14:38:13,371 INFO  datanode.ObjectStoreHandler (ObjectStoreHandler.java:close(155)) - Closing ObjectStoreHandler.
2019-07-13 14:38:13,371 INFO  datanode.ObjectStoreHandler (ObjectStoreHandler.java:close(155)) - Closing ObjectStoreHandler.
2019-07-13 14:38:13,372 INFO  ozone.HddsDatanodeService (HddsDatanodeService.java:stop(452)) - Stopped plug-in org.apache.hadoop.ozone.web.OzoneHddsDatanodeService@44bd4b94
2019-07-13 14:38:13,372 INFO  ozone.HddsDatanodeService (HddsDatanodeService.java:stop(452)) - Stopped plug-in org.apache.hadoop.ozone.web.OzoneHddsDatanodeService@5ac88d71
2019-07-13 14:38:13,935 INFO  statemachine.DatanodeStateMachine (DatanodeStateMachine.java:lambda$startDaemon$0(350)) - Ozone container server started.
2019-07-13 14:38:14,269 INFO  statemachine.DatanodeStateMachine (DatanodeStateMachine.java:lambda$startDaemon$0(350)) - Ozone container server started.
2019-07-13 14:38:17,991 INFO  node.StaleNodeHandler (StaleNodeHandler.java:onMessage(58)) - Datanode 01002fe0-6cca-4877-ae90-5ff90be4a072{ip: 192.168.5.172, host: trunk-nightly-mhs6z-4061744966, networkLocation: /default-rack, certSerialId: null} moved to stale state. Finalizing its pipelines [PipelineID=9c870f6d-8daa-45d0-ab20-70503b0da10e, PipelineID=60c24e4c-7ad9-4279-b2cc-01e3218244f8]
2019-07-13 14:38:17,992 INFO  pipeline.SCMPipelineManager (SCMPipelineManager.java:finalizeAndDestroyPipeline(309)) - destroying pipeline:Pipeline[ Id: 9c870f6d-8daa-45d0-ab20-70503b0da10e, Nodes: 01002fe0-6cca-4877-ae90-5ff90be4a072{ip: 192.168.5.172, host: trunk-nightly-mhs6z-4061744966, networkLocation: /default-rack, certSerialId: null}, Type:RATIS, Factor:ONE, State:OPEN]
2019-07-13 14:38:17,992 INFO  pipeline.PipelineStateManager (PipelineStateManager.java:finalizePipeline(123)) - Pipeline Pipeline[ Id: 9c870f6d-8daa-45d0-ab20-70503b0da10e, Nodes: 01002fe0-6cca-4877-ae90-5ff90be4a072{ip: 192.168.5.172, host: trunk-nightly-mhs6z-4061744966, networkLocation: /default-rack, certSerialId: null}, Type:RATIS, Factor:ONE, State:CLOSED] moved to CLOSED state
2019-07-13 14:38:17,992 INFO  pipeline.SCMPipelineManager (SCMPipelineManager.java:finalizeAndDestroyPipeline(309)) - destroying pipeline:Pipeline[ Id: 60c24e4c-7ad9-4279-b2cc-01e3218244f8, Nodes: 01002fe0-6cca-4877-ae90-5ff90be4a072{ip: 192.168.5.172, host: trunk-nightly-mhs6z-4061744966, networkLocation: /default-rack, certSerialId: null}b07ec8b5-f787-4651-a434-af73f05d0085{ip: 192.168.5.172, host: trunk-nightly-mhs6z-4061744966, networkLocation: /default-rack, certSerialId: null}88481078-93db-4d5a-baea-16b5a73ff595{ip: 192.168.5.172, host: trunk-nightly-mhs6z-4061744966, networkLocation: /default-rack, certSerialId: null}, Type:RATIS, Factor:THREE, State:OPEN]
2019-07-13 14:38:17,993 INFO  pipeline.PipelineStateManager (PipelineStateManager.java:finalizePipeline(123)) - Pipeline Pipeline[ Id: 60c24e4c-7ad9-4279-b2cc-01e3218244f8, Nodes: 01002fe0-6cca-4877-ae90-5ff90be4a072{ip: 192.168.5.172, host: trunk-nightly-mhs6z-4061744966, networkLocation: /default-rack, certSerialId: null}b07ec8b5-f787-4651-a434-af73f05d0085{ip: 192.168.5.172, host: trunk-nightly-mhs6z-4061744966, networkLocation: /default-rack, certSerialId: null}88481078-93db-4d5a-baea-16b5a73ff595{ip: 192.168.5.172, host: trunk-nightly-mhs6z-4061744966, networkLocation: /default-rack, certSerialId: null}, Type:RATIS, Factor:THREE, State:CLOSED] moved to CLOSED state
2019-07-13 14:38:18,292 INFO  node.StaleNodeHandler (StaleNodeHandler.java:onMessage(58)) - Datanode f884fa18-d209-462d-b696-0388a1872809{ip: 192.168.5.172, host: trunk-nightly-mhs6z-4061744966, networkLocation: /default-rack, certSerialId: null} moved to stale state. Finalizing its pipelines [PipelineID=825d278c-5e6b-49eb-bc09-2025f3e3345a, PipelineID=e0d69260-7384-4216-beac-cb0e2e5bc069]
2019-07-13 14:38:18,293 INFO  pipeline.SCMPipelineManager (SCMPipelineManager.java:finalizeAndDestroyPipeline(309)) - destroying pipeline:Pipeline[ Id: 825d278c-5e6b-49eb-bc09-2025f3e3345a, Nodes: f884fa18-d209-462d-b696-0388a1872809{ip: 192.168.5.172, host: trunk-nightly-mhs6z-4061744966, networkLocation: /default-rack, certSerialId: null}, Type:RATIS, Factor:ONE, State:OPEN]
2019-07-13 14:38:18,294 INFO  pipeline.PipelineStateManager (PipelineStateManager.java:finalizePipeline(123)) - Pipeline Pipeline[ Id: 825d278c-5e6b-49eb-bc09-2025f3e3345a, Nodes: f884fa18-d209-462d-b696-0388a1872809{ip: 192.168.5.172, host: trunk-nightly-mhs6z-4061744966, networkLocation: /default-rack, certSerialId: null}, Type:RATIS, Factor:ONE, State:CLOSED] moved to CLOSED state
2019-07-13 14:38:18,294 INFO  pipeline.SCMPipelineManager (SCMPipelineManager.java:finalizeAndDestroyPipeline(309)) - destroying pipeline:Pipeline[ Id: e0d69260-7384-4216-beac-cb0e2e5bc069, Nodes: 4f16b0be-5bc2-4e3d-93a3-555c18992566{ip: 192.168.5.172, host: trunk-nightly-mhs6z-4061744966, networkLocation: /default-rack, certSerialId: null}f884fa18-d209-462d-b696-0388a1872809{ip: 192.168.5.172, host: trunk-nightly-mhs6z-4061744966, networkLocation: /default-rack, certSerialId: null}fedfd956-abb6-4ad4-8b26-54bbdc973f4b{ip: 192.168.5.172, host: trunk-nightly-mhs6z-4061744966, networkLocation: /default-rack, certSerialId: null}, Type:RATIS, Factor:THREE, State:OPEN]
2019-07-13 14:38:18,294 INFO  pipeline.PipelineStateManager (PipelineStateManager.java:finalizePipeline(123)) - Pipeline Pipeline[ Id: e0d69260-7384-4216-beac-cb0e2e5bc069, Nodes: 4f16b0be-5bc2-4e3d-93a3-555c18992566{ip: 192.168.5.172, host: trunk-nightly-mhs6z-4061744966, networkLocation: /default-rack, certSerialId: null}f884fa18-d209-462d-b696-0388a1872809{ip: 192.168.5.172, host: trunk-nightly-mhs6z-4061744966, networkLocation: /default-rack, certSerialId: null}fedfd956-abb6-4ad4-8b26-54bbdc973f4b{ip: 192.168.5.172, host: trunk-nightly-mhs6z-4061744966, networkLocation: /default-rack, certSerialId: null}, Type:RATIS, Factor:THREE, State:CLOSED] moved to CLOSED state
2019-07-13 14:38:18,295 INFO  container.CloseContainerEventHandler (CloseContainerEventHandler.java:onMessage(61)) - Close container Event triggered for container : #2
2019-07-13 14:38:18,373 INFO  ozoneimpl.OzoneContainer (OzoneContainer.java:stop(199)) - Attempting to stop container services.
2019-07-13 14:38:18,373 INFO  ozoneimpl.OzoneContainer (OzoneContainer.java:stop(199)) - Attempting to stop container services.
2019-07-13 14:38:18,375 INFO  impl.RaftServerProxy (RaftServerProxy.java:lambda$close$4(314)) - f884fa18-d209-462d-b696-0388a1872809: close
2019-07-13 14:38:18,375 INFO  impl.RaftServerProxy (RaftServerProxy.java:lambda$close$4(314)) - 01002fe0-6cca-4877-ae90-5ff90be4a072: close
2019-07-13 14:38:18,375 INFO  impl.RaftServerImpl (RaftServerImpl.java:lambda$shutdown$3(245)) - f884fa18-d209-462d-b696-0388a1872809: shutdown group-2025F3E3345A
2019-07-13 14:38:18,375 INFO  impl.RaftServerImpl (RaftServerImpl.java:lambda$shutdown$3(245)) - 01002fe0-6cca-4877-ae90-5ff90be4a072: shutdown group-70503B0DA10E
2019-07-13 14:38:18,376 INFO  util.JmxRegister (JmxRegister.java:unregister(73)) - Successfully un-registered JMX Bean with object name Ratis:service=RaftServer,group=group-2025F3E3345A,id=f884fa18-d209-462d-b696-0388a1872809
2019-07-13 14:38:18,377 INFO  impl.RoleInfo (RoleInfo.java:shutdownLeaderState(104)) - f884fa18-d209-462d-b696-0388a1872809: shutdown LeaderState
2019-07-13 14:38:18,376 INFO  util.JmxRegister (JmxRegister.java:unregister(73)) - Successfully un-registered JMX Bean with object name Ratis:service=RaftServer,group=group-70503B0DA10E,id=01002fe0-6cca-4877-ae90-5ff90be4a072
2019-07-13 14:38:18,377 INFO  impl.PendingRequests (PendingRequests.java:sendNotLeaderResponses(202)) - f884fa18-d209-462d-b696-0388a1872809-PendingRequests: sendNotLeaderResponses
2019-07-13 14:38:18,377 INFO  impl.RoleInfo (RoleInfo.java:shutdownLeaderState(104)) - 01002fe0-6cca-4877-ae90-5ff90be4a072: shutdown LeaderState
2019-07-13 14:38:18,379 INFO  impl.PendingRequests (PendingRequests.java:sendNotLeaderResponses(202)) - 01002fe0-6cca-4877-ae90-5ff90be4a072-PendingRequests: sendNotLeaderResponses
2019-07-13 14:38:18,379 INFO  ratis.ContainerStateMachine (ContainerStateMachine.java:takeSnapshot(246)) - Taking snapshot at termIndex:(t:0, i:~)
2019-07-13 14:38:18,379 INFO  ratis.ContainerStateMachine (ContainerStateMachine.java:takeSnapshot(246)) - Taking snapshot at termIndex:(t:0, i:~)
2019-07-13 14:38:18,379 INFO  impl.StateMachineUpdater (StateMachineUpdater.java:stopAndJoin(115)) - StateMachineUpdater:f884fa18-d209-462d-b696-0388a1872809:group-2025F3E3345A: set stopIndex = 0
2019-07-13 14:38:18,379 INFO  impl.StateMachineUpdater (StateMachineUpdater.java:stopAndJoin(115)) - StateMachineUpdater:01002fe0-6cca-4877-ae90-5ff90be4a072:group-70503B0DA10E: set stopIndex = 0
2019-07-13 14:38:18,380 INFO  impl.RaftServerImpl (ServerState.java:close(394)) - f884fa18-d209-462d-b696-0388a1872809:group-2025F3E3345A closes. The last applied log index is 0
2019-07-13 14:38:18,380 INFO  impl.RaftServerImpl (ServerState.java:close(394)) - 01002fe0-6cca-4877-ae90-5ff90be4a072:group-70503B0DA10E closes. The last applied log index is 0
2019-07-13 14:38:18,381 INFO  segmented.SegmentedRaftLogWorker (SegmentedRaftLogWorker.java:run(313)) - f884fa18-d209-462d-b696-0388a1872809-SegmentedRaftLogWorker:Storage Directory /tmp/workdir/hadoop-ozone/integration-test/target/test-dir/MiniOzoneClusterImpl-a2f51f5a-cc29-448c-8907-e054de5c1629/datanode-4/data/ratis/825d278c-5e6b-49eb-bc09-2025f3e3345a was interrupted, exiting. There are 0 tasks remaining in the queue.
2019-07-13 14:38:18,381 INFO  segmented.SegmentedRaftLogWorker (SegmentedRaftLogWorker.java:run(313)) - 01002fe0-6cca-4877-ae90-5ff90be4a072-SegmentedRaftLogWorker:Storage Directory /tmp/workdir/hadoop-ozone/integration-test/target/test-dir/MiniOzoneClusterImpl-a2f51f5a-cc29-448c-8907-e054de5c1629/datanode-1/data/ratis/9c870f6d-8daa-45d0-ab20-70503b0da10e was interrupted, exiting. There are 0 tasks remaining in the queue.
2019-07-13 14:38:18,386 INFO  segmented.SegmentedRaftLogWorker (SegmentedRaftLogWorker.java:close(228)) - f884fa18-d209-462d-b696-0388a1872809-SegmentedRaftLogWorker:Storage Directory /tmp/workdir/hadoop-ozone/integration-test/target/test-dir/MiniOzoneClusterImpl-a2f51f5a-cc29-448c-8907-e054de5c1629/datanode-4/data/ratis/825d278c-5e6b-49eb-bc09-2025f3e3345a close()
2019-07-13 14:38:18,386 INFO  segmented.SegmentedRaftLogWorker (SegmentedRaftLogWorker.java:close(228)) - 01002fe0-6cca-4877-ae90-5ff90be4a072-SegmentedRaftLogWorker:Storage Directory /tmp/workdir/hadoop-ozone/integration-test/target/test-dir/MiniOzoneClusterImpl-a2f51f5a-cc29-448c-8907-e054de5c1629/datanode-1/data/ratis/9c870f6d-8daa-45d0-ab20-70503b0da10e close()
2019-07-13 14:38:18,391 INFO  impl.RaftServerImpl (RaftServerImpl.java:lambda$shutdown$3(245)) - f884fa18-d209-462d-b696-0388a1872809: shutdown group-CB0E2E5BC069
2019-07-13 14:38:18,396 INFO  impl.RaftServerImpl (RaftServerImpl.java:lambda$shutdown$3(245)) - 01002fe0-6cca-4877-ae90-5ff90be4a072: shutdown group-01E3218244F8
2019-07-13 14:38:18,396 INFO  util.JmxRegister (JmxRegister.java:unregister(73)) - Successfully un-registered JMX Bean with object name Ratis:service=RaftServer,group=group-CB0E2E5BC069,id=f884fa18-d209-462d-b696-0388a1872809
2019-07-13 14:38:18,397 INFO  util.JmxRegister (JmxRegister.java:unregister(73)) - Successfully un-registered JMX Bean with object name Ratis:service=RaftServer,group=group-01E3218244F8,id=01002fe0-6cca-4877-ae90-5ff90be4a072
2019-07-13 14:38:18,397 INFO  impl.RoleInfo (RoleInfo.java:shutdownFollowerState(121)) - f884fa18-d209-462d-b696-0388a1872809: shutdown FollowerState
2019-07-13 14:38:18,398 INFO  impl.RoleInfo (RoleInfo.java:shutdownFollowerState(121)) - 01002fe0-6cca-4877-ae90-5ff90be4a072: shutdown FollowerState
2019-07-13 14:38:18,398 INFO  impl.FollowerState (FollowerState.java:run(114)) - f884fa18-d209-462d-b696-0388a1872809: FollowerState was interrupted: java.lang.InterruptedException: sleep interrupted
2019-07-13 14:38:18,398 INFO  ratis.ContainerStateMachine (ContainerStateMachine.java:takeSnapshot(246)) - Taking snapshot at termIndex:(t:1, i:4)
2019-07-13 14:38:18,398 INFO  impl.StateMachineUpdater (StateMachineUpdater.java:stopAndJoin(115)) - StateMachineUpdater:f884fa18-d209-462d-b696-0388a1872809:group-CB0E2E5BC069: set stopIndex = 6
2019-07-13 14:38:18,401 INFO  ratis.ContainerStateMachine (ContainerStateMachine.java:takeSnapshot(250)) - Taking a snapshot to file /tmp/workdir/hadoop-ozone/integration-test/target/test-dir/MiniOzoneClusterImpl-a2f51f5a-cc29-448c-8907-e054de5c1629/datanode-4/data/ratis/e0d69260-7384-4216-beac-cb0e2e5bc069/sm/snapshot.1_4
2019-07-13 14:38:18,398 INFO  impl.FollowerState (FollowerState.java:run(114)) - 01002fe0-6cca-4877-ae90-5ff90be4a072: FollowerState was interrupted: java.lang.InterruptedException: sleep interrupted
2019-07-13 14:38:18,398 INFO  ratis.ContainerStateMachine (ContainerStateMachine.java:takeSnapshot(246)) - Taking snapshot at termIndex:(t:1, i:7)
2019-07-13 14:38:18,398 INFO  impl.StateMachineUpdater (StateMachineUpdater.java:stopAndJoin(115)) - StateMachineUpdater:01002fe0-6cca-4877-ae90-5ff90be4a072:group-01E3218244F8: set stopIndex = 8
2019-07-13 14:38:18,405 INFO  impl.StateMachineUpdater (StateMachineUpdater.java:takeSnapshot(242)) - StateMachineUpdater:f884fa18-d209-462d-b696-0388a1872809:group-CB0E2E5BC069: Took a snapshot at index 4
2019-07-13 14:38:18,405 INFO  ratis.ContainerStateMachine (ContainerStateMachine.java:takeSnapshot(250)) - Taking a snapshot to file /tmp/workdir/hadoop-ozone/integration-test/target/test-dir/MiniOzoneClusterImpl-a2f51f5a-cc29-448c-8907-e054de5c1629/datanode-1/data/ratis/60c24e4c-7ad9-4279-b2cc-01e3218244f8/sm/snapshot.1_7
2019-07-13 14:38:18,405 INFO  impl.StateMachineUpdater (StateMachineUpdater.java:lambda$new$0(80)) - StateMachineUpdater:f884fa18-d209-462d-b696-0388a1872809:group-CB0E2E5BC069: snapshotIndex: updateIncreasingly -1 -> 4
2019-07-13 14:38:18,405 INFO  impl.StateMachineUpdater (StateMachineUpdater.java:takeSnapshot(242)) - StateMachineUpdater:01002fe0-6cca-4877-ae90-5ff90be4a072:group-01E3218244F8: Took a snapshot at index 7
2019-07-13 14:38:18,406 INFO  impl.StateMachineUpdater (StateMachineUpdater.java:lambda$new$0(80)) - StateMachineUpdater:01002fe0-6cca-4877-ae90-5ff90be4a072:group-01E3218244F8: snapshotIndex: updateIncreasingly -1 -> 7
2019-07-13 14:38:18,406 INFO  impl.RaftServerImpl (ServerState.java:close(394)) - f884fa18-d209-462d-b696-0388a1872809:group-CB0E2E5BC069 closes. The last applied log index is 6
2019-07-13 14:38:18,406 INFO  impl.RaftServerImpl (ServerState.java:close(394)) - 01002fe0-6cca-4877-ae90-5ff90be4a072:group-01E3218244F8 closes. The last applied log index is 8
2019-07-13 14:38:18,406 INFO  segmented.SegmentedRaftLogWorker (SegmentedRaftLogWorker.java:run(313)) - f884fa18-d209-462d-b696-0388a1872809-SegmentedRaftLogWorker:Storage Directory /tmp/workdir/hadoop-ozone/integration-test/target/test-dir/MiniOzoneClusterImpl-a2f51f5a-cc29-448c-8907-e054de5c1629/datanode-4/data/ratis/e0d69260-7384-4216-beac-cb0e2e5bc069 was interrupted, exiting. There are 0 tasks remaining in the queue.
2019-07-13 14:38:18,407 INFO  segmented.SegmentedRaftLogWorker (SegmentedRaftLogWorker.java:run(313)) - 01002fe0-6cca-4877-ae90-5ff90be4a072-SegmentedRaftLogWorker:Storage Directory /tmp/workdir/hadoop-ozone/integration-test/target/test-dir/MiniOzoneClusterImpl-a2f51f5a-cc29-448c-8907-e054de5c1629/datanode-1/data/ratis/60c24e4c-7ad9-4279-b2cc-01e3218244f8 was interrupted, exiting. There are 0 tasks remaining in the queue.
2019-07-13 14:38:18,411 INFO  segmented.SegmentedRaftLogWorker (SegmentedRaftLogWorker.java:close(228)) - f884fa18-d209-462d-b696-0388a1872809-SegmentedRaftLogWorker:Storage Directory /tmp/workdir/hadoop-ozone/integration-test/target/test-dir/MiniOzoneClusterImpl-a2f51f5a-cc29-448c-8907-e054de5c1629/datanode-4/data/ratis/e0d69260-7384-4216-beac-cb0e2e5bc069 close()
2019-07-13 14:38:18,411 INFO  segmented.SegmentedRaftLogWorker (SegmentedRaftLogWorker.java:close(228)) - 01002fe0-6cca-4877-ae90-5ff90be4a072-SegmentedRaftLogWorker:Storage Directory /tmp/workdir/hadoop-ozone/integration-test/target/test-dir/MiniOzoneClusterImpl-a2f51f5a-cc29-448c-8907-e054de5c1629/datanode-1/data/ratis/60c24e4c-7ad9-4279-b2cc-01e3218244f8 close()
2019-07-13 14:38:18,416 INFO  server.GrpcService (GrpcService.java:closeImpl(155)) - f884fa18-d209-462d-b696-0388a1872809: shutdown server with port 36364 now
2019-07-13 14:38:18,420 INFO  server.GrpcService (GrpcService.java:closeImpl(155)) - 01002fe0-6cca-4877-ae90-5ff90be4a072: shutdown server with port 39807 now
2019-07-13 14:38:18,421 WARN  server.GrpcServerProtocolService (LogUtils.java:warn(134)) - f884fa18-d209-462d-b696-0388a1872809: appendEntries onError: org.apache.ratis.thirdparty.io.grpc.StatusRuntimeException: CANCELLED: cancelled before receiving half close
2019-07-13 14:38:18,421 WARN  server.GrpcServerProtocolService (LogUtils.java:warn(134)) - 01002fe0-6cca-4877-ae90-5ff90be4a072: appendEntries onError: org.apache.ratis.thirdparty.io.grpc.StatusRuntimeException: CANCELLED: cancelled before receiving half close
2019-07-13 14:38:18,422 INFO  server.GrpcService (GrpcService.java:closeImpl(163)) - f884fa18-d209-462d-b696-0388a1872809: shutdown server with port 36364 successfully
2019-07-13 14:38:18,422 INFO  server.GrpcService (GrpcService.java:closeImpl(163)) - 01002fe0-6cca-4877-ae90-5ff90be4a072: shutdown server with port 39807 successfully
2019-07-13 14:38:18,422 WARN  server.GrpcLogAppender (LogUtils.java:warn(134)) - b07ec8b5-f787-4651-a434-af73f05d0085->01002fe0-6cca-4877-ae90-5ff90be4a072: Failed appendEntries: org.apache.ratis.thirdparty.io.grpc.StatusRuntimeException: CANCELLED: HTTP/2 error code: CANCEL
Received Rst Stream
2019-07-13 14:38:18,422 WARN  server.GrpcLogAppender (LogUtils.java:warn(134)) - fedfd956-abb6-4ad4-8b26-54bbdc973f4b->f884fa18-d209-462d-b696-0388a1872809: Failed appendEntries: org.apache.ratis.thirdparty.io.grpc.StatusRuntimeException: CANCELLED: HTTP/2 error code: CANCEL
Received Rst Stream
2019-07-13 14:38:18,424 INFO  impl.FollowerInfo (FollowerInfo.java:lambda$new$0(50)) - b07ec8b5-f787-4651-a434-af73f05d0085->01002fe0-6cca-4877-ae90-5ff90be4a072: nextIndex: updateUnconditionally 9 -> 8
2019-07-13 14:38:18,424 INFO  impl.FollowerInfo (FollowerInfo.java:lambda$new$0(50)) - fedfd956-abb6-4ad4-8b26-54bbdc973f4b->f884fa18-d209-462d-b696-0388a1872809: nextIndex: updateUnconditionally 7 -> 6
2019-07-13 14:38:18,427 INFO  utils.BackgroundService (BackgroundService.java:shutdown(148)) - Shutting down service BlockDeletingService
2019-07-13 14:38:18,427 INFO  utils.BackgroundService (BackgroundService.java:shutdown(148)) - Shutting down service BlockDeletingService
2019-07-13 14:38:18,435 WARN  fs.CachingGetSpaceUsed (CachingGetSpaceUsed.java:run(183)) - Thread Interrupted waiting to refresh disk information: sleep interrupted
2019-07-13 14:38:18,435 WARN  fs.CachingGetSpaceUsed (CachingGetSpaceUsed.java:run(183)) - Thread Interrupted waiting to refresh disk information: sleep interrupted
2019-07-13 14:38:18,456 INFO  statemachine.DatanodeStateMachine (DatanodeStateMachine.java:stopDaemon(395)) - Ozone container server stopped.
2019-07-13 14:38:18,456 INFO  statemachine.DatanodeStateMachine (DatanodeStateMachine.java:stopDaemon(395)) - Ozone container server stopped.
2019-07-13 14:38:18,463 INFO  handler.ContextHandler (ContextHandler.java:doStop(910)) - Stopped o.e.j.w.WebAppContext@4ba62429{/,null,UNAVAILABLE}{/hddsDatanode}
2019-07-13 14:38:18,463 INFO  handler.ContextHandler (ContextHandler.java:doStop(910)) - Stopped o.e.j.w.WebAppContext@6fffad6d{/,null,UNAVAILABLE}{/hddsDatanode}
2019-07-13 14:38:18,464 INFO  server.AbstractConnector (AbstractConnector.java:doStop(318)) - Stopped ServerConnector@5a3e2035{HTTP/1.1,[http/1.1]}{0.0.0.0:0}
2019-07-13 14:38:18,464 INFO  server.AbstractConnector (AbstractConnector.java:doStop(318)) - Stopped ServerConnector@17b65876{HTTP/1.1,[http/1.1]}{0.0.0.0:0}
2019-07-13 14:38:18,466 INFO  handler.ContextHandler (ContextHandler.java:doStop(910)) - Stopped o.e.j.s.ServletContextHandler@6bd8d8a7{/static,jar:file:/home/user/.m2/repository/org/apache/hadoop/hadoop-hdds-container-service/0.5.0-SNAPSHOT/hadoop-hdds-container-service-0.5.0-SNAPSHOT.jar!/webapps/static,UNAVAILABLE}
2019-07-13 14:38:18,466 INFO  handler.ContextHandler (ContextHandler.java:doStop(910)) - Stopped o.e.j.s.ServletContextHandler@409f9dca{/static,jar:file:/home/user/.m2/repository/org/apache/hadoop/hadoop-hdds-container-service/0.5.0-SNAPSHOT/hadoop-hdds-container-service-0.5.0-SNAPSHOT.jar!/webapps/static,UNAVAILABLE}
2019-07-13 14:38:18,468 INFO  handler.ContextHandler (ContextHandler.java:doStop(910)) - Stopped o.e.j.s.ServletContextHandler@3108d1e1{/logs,file:///tmp/workdir/hadoop-ozone/integration-test/target/log,UNAVAILABLE}
2019-07-13 14:38:18,469 INFO  handler.ContextHandler (ContextHandler.java:doStop(910)) - Stopped o.e.j.s.ServletContextHandler@294e4c35{/logs,file:///tmp/workdir/hadoop-ozone/integration-test/target/log,UNAVAILABLE}
2019-07-13 14:38:18,470 INFO  datanode.ObjectStoreHandler (ObjectStoreHandler.java:close(155)) - Closing ObjectStoreHandler.
2019-07-13 14:38:18,470 INFO  datanode.ObjectStoreHandler (ObjectStoreHandler.java:close(155)) - Closing ObjectStoreHandler.
2019-07-13 14:38:18,471 INFO  ozone.HddsDatanodeService (HddsDatanodeService.java:stop(452)) - Stopped plug-in org.apache.hadoop.ozone.web.OzoneHddsDatanodeService@317c16bd
2019-07-13 14:38:18,471 INFO  ozone.HddsDatanodeService (HddsDatanodeService.java:stop(452)) - Stopped plug-in org.apache.hadoop.ozone.web.OzoneHddsDatanodeService@2165828d
2019-07-13 14:38:18,930 INFO  statemachine.DatanodeStateMachine (DatanodeStateMachine.java:lambda$startDaemon$0(350)) - Ozone container server started.
2019-07-13 14:38:19,275 INFO  statemachine.DatanodeStateMachine (DatanodeStateMachine.java:lambda$startDaemon$0(350)) - Ozone container server started.
2019-07-13 14:38:20,413 WARN  server.GrpcLogAppender (LogUtils.java:warn(134)) - b07ec8b5-f787-4651-a434-af73f05d0085->01002fe0-6cca-4877-ae90-5ff90be4a072: Failed appendEntries: org.apache.ratis.thirdparty.io.grpc.StatusRuntimeException: UNAVAILABLE: io exception
2019-07-13 14:38:20,413 INFO  impl.FollowerInfo (FollowerInfo.java:lambda$new$0(50)) - b07ec8b5-f787-4651-a434-af73f05d0085->01002fe0-6cca-4877-ae90-5ff90be4a072: nextIndex: updateUnconditionally 8 -> 7
2019-07-13 14:38:20,809 WARN  server.GrpcLogAppender (LogUtils.java:warn(134)) - fedfd956-abb6-4ad4-8b26-54bbdc973f4b->f884fa18-d209-462d-b696-0388a1872809: Failed appendEntries: org.apache.ratis.thirdparty.io.grpc.StatusRuntimeException: UNAVAILABLE: io exception
2019-07-13 14:38:20,810 INFO  impl.FollowerInfo (FollowerInfo.java:lambda$new$0(50)) - fedfd956-abb6-4ad4-8b26-54bbdc973f4b->f884fa18-d209-462d-b696-0388a1872809: nextIndex: updateUnconditionally 6 -> 5
2019-07-13 14:38:22,914 WARN  server.GrpcLogAppender (LogUtils.java:warn(134)) - b07ec8b5-f787-4651-a434-af73f05d0085->01002fe0-6cca-4877-ae90-5ff90be4a072: Failed appendEntries: org.apache.ratis.thirdparty.io.grpc.StatusRuntimeException: UNAVAILABLE: io exception
2019-07-13 14:38:22,914 INFO  impl.FollowerInfo (FollowerInfo.java:lambda$new$0(50)) - b07ec8b5-f787-4651-a434-af73f05d0085->01002fe0-6cca-4877-ae90-5ff90be4a072: nextIndex: updateUnconditionally 7 -> 6
2019-07-13 14:38:23,000 INFO  node.StaleNodeHandler (StaleNodeHandler.java:onMessage(58)) - Datanode b07ec8b5-f787-4651-a434-af73f05d0085{ip: 192.168.5.172, host: trunk-nightly-mhs6z-4061744966, networkLocation: /default-rack, certSerialId: null} moved to stale state. Finalizing its pipelines [PipelineID=1e99439e-1875-455e-b0da-b511f2e663f3, PipelineID=60c24e4c-7ad9-4279-b2cc-01e3218244f8]
2019-07-13 14:38:23,000 INFO  pipeline.SCMPipelineManager (SCMPipelineManager.java:finalizeAndDestroyPipeline(309)) - destroying pipeline:Pipeline[ Id: 1e99439e-1875-455e-b0da-b511f2e663f3, Nodes: b07ec8b5-f787-4651-a434-af73f05d0085{ip: 192.168.5.172, host: trunk-nightly-mhs6z-4061744966, networkLocation: /default-rack, certSerialId: null}, Type:RATIS, Factor:ONE, State:OPEN]
2019-07-13 14:38:23,000 INFO  pipeline.PipelineStateManager (PipelineStateManager.java:finalizePipeline(123)) - Pipeline Pipeline[ Id: 1e99439e-1875-455e-b0da-b511f2e663f3, Nodes: b07ec8b5-f787-4651-a434-af73f05d0085{ip: 192.168.5.172, host: trunk-nightly-mhs6z-4061744966, networkLocation: /default-rack, certSerialId: null}, Type:RATIS, Factor:ONE, State:CLOSED] moved to CLOSED state
2019-07-13 14:38:23,001 INFO  pipeline.SCMPipelineManager (SCMPipelineManager.java:finalizeAndDestroyPipeline(309)) - destroying pipeline:Pipeline[ Id: 60c24e4c-7ad9-4279-b2cc-01e3218244f8, Nodes: 01002fe0-6cca-4877-ae90-5ff90be4a072{ip: 192.168.5.172, host: trunk-nightly-mhs6z-4061744966, networkLocation: /default-rack, certSerialId: null}b07ec8b5-f787-4651-a434-af73f05d0085{ip: 192.168.5.172, host: trunk-nightly-mhs6z-4061744966, networkLocation: /default-rack, certSerialId: null}88481078-93db-4d5a-baea-16b5a73ff595{ip: 192.168.5.172, host: trunk-nightly-mhs6z-4061744966, networkLocation: /default-rack, certSerialId: null}, Type:RATIS, Factor:THREE, State:CLOSED]
2019-07-13 14:38:23,300 INFO  node.StaleNodeHandler (StaleNodeHandler.java:onMessage(58)) - Datanode fedfd956-abb6-4ad4-8b26-54bbdc973f4b{ip: 192.168.5.172, host: trunk-nightly-mhs6z-4061744966, networkLocation: /default-rack, certSerialId: null} moved to stale state. Finalizing its pipelines [PipelineID=e0d69260-7384-4216-beac-cb0e2e5bc069, PipelineID=53470aba-de32-4042-b92e-842192f39a4a]
2019-07-13 14:38:23,300 INFO  pipeline.SCMPipelineManager (SCMPipelineManager.java:finalizeAndDestroyPipeline(309)) - destroying pipeline:Pipeline[ Id: e0d69260-7384-4216-beac-cb0e2e5bc069, Nodes: 4f16b0be-5bc2-4e3d-93a3-555c18992566{ip: 192.168.5.172, host: trunk-nightly-mhs6z-4061744966, networkLocation: /default-rack, certSerialId: null}f884fa18-d209-462d-b696-0388a1872809{ip: 192.168.5.172, host: trunk-nightly-mhs6z-4061744966, networkLocation: /default-rack, certSerialId: null}fedfd956-abb6-4ad4-8b26-54bbdc973f4b{ip: 192.168.5.172, host: trunk-nightly-mhs6z-4061744966, networkLocation: /default-rack, certSerialId: null}, Type:RATIS, Factor:THREE, State:CLOSED]
2019-07-13 14:38:23,301 INFO  pipeline.SCMPipelineManager (SCMPipelineManager.java:finalizeAndDestroyPipeline(309)) - destroying pipeline:Pipeline[ Id: 53470aba-de32-4042-b92e-842192f39a4a, Nodes: fedfd956-abb6-4ad4-8b26-54bbdc973f4b{ip: 192.168.5.172, host: trunk-nightly-mhs6z-4061744966, networkLocation: /default-rack, certSerialId: null}, Type:RATIS, Factor:ONE, State:OPEN]
2019-07-13 14:38:23,301 INFO  pipeline.PipelineStateManager (PipelineStateManager.java:finalizePipeline(123)) - Pipeline Pipeline[ Id: 53470aba-de32-4042-b92e-842192f39a4a, Nodes: fedfd956-abb6-4ad4-8b26-54bbdc973f4b{ip: 192.168.5.172, host: trunk-nightly-mhs6z-4061744966, networkLocation: /default-rack, certSerialId: null}, Type:RATIS, Factor:ONE, State:CLOSED] moved to CLOSED state
2019-07-13 14:38:23,310 WARN  server.GrpcLogAppender (LogUtils.java:warn(134)) - fedfd956-abb6-4ad4-8b26-54bbdc973f4b->f884fa18-d209-462d-b696-0388a1872809: Failed appendEntries: org.apache.ratis.thirdparty.io.grpc.StatusRuntimeException: UNAVAILABLE: io exception
2019-07-13 14:38:23,310 INFO  impl.FollowerInfo (FollowerInfo.java:lambda$new$0(50)) - fedfd956-abb6-4ad4-8b26-54bbdc973f4b->f884fa18-d209-462d-b696-0388a1872809: nextIndex: updateUnconditionally 5 -> 4
2019-07-13 14:38:23,472 INFO  ozoneimpl.OzoneContainer (OzoneContainer.java:stop(199)) - Attempting to stop container services.
2019-07-13 14:38:23,472 INFO  ozoneimpl.OzoneContainer (OzoneContainer.java:stop(199)) - Attempting to stop container services.
2019-07-13 14:38:23,472 INFO  impl.RaftServerProxy (RaftServerProxy.java:lambda$close$4(314)) - fedfd956-abb6-4ad4-8b26-54bbdc973f4b: close
2019-07-13 14:38:23,472 INFO  impl.RaftServerProxy (RaftServerProxy.java:lambda$close$4(314)) - b07ec8b5-f787-4651-a434-af73f05d0085: close
2019-07-13 14:38:23,473 INFO  impl.RaftServerImpl (RaftServerImpl.java:lambda$shutdown$3(245)) - fedfd956-abb6-4ad4-8b26-54bbdc973f4b: shutdown group-CB0E2E5BC069
2019-07-13 14:38:23,473 INFO  impl.RaftServerImpl (RaftServerImpl.java:lambda$shutdown$3(245)) - b07ec8b5-f787-4651-a434-af73f05d0085: shutdown group-B511F2E663F3
2019-07-13 14:38:23,473 INFO  util.JmxRegister (JmxRegister.java:unregister(73)) - Successfully un-registered JMX Bean with object name Ratis:service=RaftServer,group=group-CB0E2E5BC069,id=fedfd956-abb6-4ad4-8b26-54bbdc973f4b
2019-07-13 14:38:23,474 INFO  util.JmxRegister (JmxRegister.java:unregister(73)) - Successfully un-registered JMX Bean with object name Ratis:service=RaftServer,group=group-B511F2E663F3,id=b07ec8b5-f787-4651-a434-af73f05d0085
2019-07-13 14:38:23,474 INFO  impl.RoleInfo (RoleInfo.java:shutdownLeaderState(104)) - fedfd956-abb6-4ad4-8b26-54bbdc973f4b: shutdown LeaderState
2019-07-13 14:38:23,475 INFO  impl.RoleInfo (RoleInfo.java:shutdownLeaderState(104)) - b07ec8b5-f787-4651-a434-af73f05d0085: shutdown LeaderState
2019-07-13 14:38:23,480 WARN  server.GrpcLogAppender (GrpcLogAppender.java:mayWait(143)) - GrpcLogAppender(fedfd956-abb6-4ad4-8b26-54bbdc973f4b->f884fa18-d209-462d-b696-0388a1872809): Wait interrupted by java.lang.InterruptedException
2019-07-13 14:38:23,480 WARN  server.GrpcLogAppender (GrpcLogAppender.java:mayWait(143)) - GrpcLogAppender(fedfd956-abb6-4ad4-8b26-54bbdc973f4b->4f16b0be-5bc2-4e3d-93a3-555c18992566): Wait interrupted by java.lang.InterruptedException
2019-07-13 14:38:23,480 INFO  impl.PendingRequests (PendingRequests.java:sendNotLeaderResponses(202)) - fedfd956-abb6-4ad4-8b26-54bbdc973f4b-PendingRequests: sendNotLeaderResponses
2019-07-13 14:38:23,480 INFO  impl.PendingRequests (PendingRequests.java:sendNotLeaderResponses(202)) - b07ec8b5-f787-4651-a434-af73f05d0085-PendingRequests: sendNotLeaderResponses
2019-07-13 14:38:23,487 INFO  impl.StateMachineUpdater (StateMachineUpdater.java:stopAndJoin(115)) - StateMachineUpdater:fedfd956-abb6-4ad4-8b26-54bbdc973f4b:group-CB0E2E5BC069: set stopIndex = 6
2019-07-13 14:38:23,481 INFO  server.GrpcServerProtocolService (GrpcServerProtocolService.java:onCompleted(104)) - 4f16b0be-5bc2-4e3d-93a3-555c18992566: appendEntries completed
2019-07-13 14:38:23,488 INFO  ratis.ContainerStateMachine (ContainerStateMachine.java:takeSnapshot(246)) - Taking snapshot at termIndex:(t:0, i:~)
2019-07-13 14:38:23,487 INFO  ratis.ContainerStateMachine (ContainerStateMachine.java:takeSnapshot(246)) - Taking snapshot at termIndex:(t:1, i:6)
2019-07-13 14:38:23,488 INFO  server.GrpcLogAppender (GrpcLogAppender.java:onCompleted(292)) - fedfd956-abb6-4ad4-8b26-54bbdc973f4b->4f16b0be-5bc2-4e3d-93a3-555c18992566: follower responses appendEntries COMPLETED
2019-07-13 14:38:23,487 INFO  impl.StateMachineUpdater (StateMachineUpdater.java:stopAndJoin(115)) - StateMachineUpdater:b07ec8b5-f787-4651-a434-af73f05d0085:group-B511F2E663F3: set stopIndex = 0
2019-07-13 14:38:23,489 INFO  impl.FollowerInfo (FollowerInfo.java:lambda$new$0(50)) - fedfd956-abb6-4ad4-8b26-54bbdc973f4b->4f16b0be-5bc2-4e3d-93a3-555c18992566: nextIndex: updateUnconditionally 7 -> 6
2019-07-13 14:38:23,488 INFO  ratis.ContainerStateMachine (ContainerStateMachine.java:takeSnapshot(250)) - Taking a snapshot to file /tmp/workdir/hadoop-ozone/integration-test/target/test-dir/MiniOzoneClusterImpl-a2f51f5a-cc29-448c-8907-e054de5c1629/datanode-3/data/ratis/e0d69260-7384-4216-beac-cb0e2e5bc069/sm/snapshot.1_6
2019-07-13 14:38:23,489 INFO  impl.RaftServerImpl (ServerState.java:close(394)) - b07ec8b5-f787-4651-a434-af73f05d0085:group-B511F2E663F3 closes. The last applied log index is 0
2019-07-13 14:38:23,490 INFO  impl.StateMachineUpdater (StateMachineUpdater.java:takeSnapshot(242)) - StateMachineUpdater:fedfd956-abb6-4ad4-8b26-54bbdc973f4b:group-CB0E2E5BC069: Took a snapshot at index 6
2019-07-13 14:38:23,490 INFO  impl.StateMachineUpdater (StateMachineUpdater.java:lambda$new$0(80)) - StateMachineUpdater:fedfd956-abb6-4ad4-8b26-54bbdc973f4b:group-CB0E2E5BC069: snapshotIndex: updateIncreasingly -1 -> 6
2019-07-13 14:38:23,490 INFO  segmented.SegmentedRaftLogWorker (SegmentedRaftLogWorker.java:run(313)) - b07ec8b5-f787-4651-a434-af73f05d0085-SegmentedRaftLogWorker:Storage Directory /tmp/workdir/hadoop-ozone/integration-test/target/test-dir/MiniOzoneClusterImpl-a2f51f5a-cc29-448c-8907-e054de5c1629/datanode-2/data/ratis/1e99439e-1875-455e-b0da-b511f2e663f3 was interrupted, exiting. There are 0 tasks remaining in the queue.
2019-07-13 14:38:23,490 INFO  impl.RaftServerImpl (ServerState.java:close(394)) - fedfd956-abb6-4ad4-8b26-54bbdc973f4b:group-CB0E2E5BC069 closes. The last applied log index is 6
2019-07-13 14:38:23,492 INFO  segmented.SegmentedRaftLogWorker (SegmentedRaftLogWorker.java:close(228)) - b07ec8b5-f787-4651-a434-af73f05d0085-SegmentedRaftLogWorker:Storage Directory /tmp/workdir/hadoop-ozone/integration-test/target/test-dir/MiniOzoneClusterImpl-a2f51f5a-cc29-448c-8907-e054de5c1629/datanode-2/data/ratis/1e99439e-1875-455e-b0da-b511f2e663f3 close()
2019-07-13 14:38:23,493 INFO  segmented.SegmentedRaftLogWorker (SegmentedRaftLogWorker.java:run(313)) - fedfd956-abb6-4ad4-8b26-54bbdc973f4b-SegmentedRaftLogWorker:Storage Directory /tmp/workdir/hadoop-ozone/integration-test/target/test-dir/MiniOzoneClusterImpl-a2f51f5a-cc29-448c-8907-e054de5c1629/datanode-3/data/ratis/e0d69260-7384-4216-beac-cb0e2e5bc069 was interrupted, exiting. There are 0 tasks remaining in the queue.
2019-07-13 14:38:23,497 INFO  impl.RaftServerImpl (RaftServerImpl.java:lambda$shutdown$3(245)) - b07ec8b5-f787-4651-a434-af73f05d0085: shutdown group-01E3218244F8
2019-07-13 14:38:23,499 INFO  segmented.SegmentedRaftLogWorker (SegmentedRaftLogWorker.java:close(228)) - fedfd956-abb6-4ad4-8b26-54bbdc973f4b-SegmentedRaftLogWorker:Storage Directory /tmp/workdir/hadoop-ozone/integration-test/target/test-dir/MiniOzoneClusterImpl-a2f51f5a-cc29-448c-8907-e054de5c1629/datanode-3/data/ratis/e0d69260-7384-4216-beac-cb0e2e5bc069 close()
2019-07-13 14:38:23,499 INFO  util.JmxRegister (JmxRegister.java:unregister(73)) - Successfully un-registered JMX Bean with object name Ratis:service=RaftServer,group=group-01E3218244F8,id=b07ec8b5-f787-4651-a434-af73f05d0085
2019-07-13 14:38:23,503 INFO  impl.RaftServerImpl (RaftServerImpl.java:lambda$shutdown$3(245)) - fedfd956-abb6-4ad4-8b26-54bbdc973f4b: shutdown group-842192F39A4A
2019-07-13 14:38:23,503 INFO  impl.RoleInfo (RoleInfo.java:shutdownLeaderState(104)) - b07ec8b5-f787-4651-a434-af73f05d0085: shutdown LeaderState
2019-07-13 14:38:23,504 INFO  util.JmxRegister (JmxRegister.java:unregister(73)) - Successfully un-registered JMX Bean with object name Ratis:service=RaftServer,group=group-842192F39A4A,id=fedfd956-abb6-4ad4-8b26-54bbdc973f4b
2019-07-13 14:38:23,514 WARN  server.GrpcLogAppender (GrpcLogAppender.java:mayWait(143)) - GrpcLogAppender(b07ec8b5-f787-4651-a434-af73f05d0085->88481078-93db-4d5a-baea-16b5a73ff595): Wait interrupted by java.lang.InterruptedException
2019-07-13 14:38:23,514 WARN  server.GrpcLogAppender (GrpcLogAppender.java:mayWait(143)) - GrpcLogAppender(b07ec8b5-f787-4651-a434-af73f05d0085->01002fe0-6cca-4877-ae90-5ff90be4a072): Wait interrupted by java.lang.InterruptedException
2019-07-13 14:38:23,514 INFO  impl.PendingRequests (PendingRequests.java:sendNotLeaderResponses(202)) - b07ec8b5-f787-4651-a434-af73f05d0085-PendingRequests: sendNotLeaderResponses
2019-07-13 14:38:23,515 INFO  server.GrpcServerProtocolService (GrpcServerProtocolService.java:onCompleted(104)) - 88481078-93db-4d5a-baea-16b5a73ff595: appendEntries completed
2019-07-13 14:38:23,515 INFO  impl.RoleInfo (RoleInfo.java:shutdownLeaderState(104)) - fedfd956-abb6-4ad4-8b26-54bbdc973f4b: shutdown LeaderState
2019-07-13 14:38:23,519 INFO  server.GrpcLogAppender (GrpcLogAppender.java:onCompleted(292)) - b07ec8b5-f787-4651-a434-af73f05d0085->88481078-93db-4d5a-baea-16b5a73ff595: follower responses appendEntries COMPLETED
2019-07-13 14:38:23,519 INFO  ratis.ContainerStateMachine (ContainerStateMachine.java:takeSnapshot(246)) - Taking snapshot at termIndex:(t:1, i:8)
2019-07-13 14:38:23,520 INFO  ratis.ContainerStateMachine (ContainerStateMachine.java:takeSnapshot(250)) - Taking a snapshot to file /tmp/workdir/hadoop-ozone/integration-test/target/test-dir/MiniOzoneClusterImpl-a2f51f5a-cc29-448c-8907-e054de5c1629/datanode-2/data/ratis/60c24e4c-7ad9-4279-b2cc-01e3218244f8/sm/snapshot.1_8
2019-07-13 14:38:23,519 INFO  impl.StateMachineUpdater (StateMachineUpdater.java:stopAndJoin(115)) - StateMachineUpdater:b07ec8b5-f787-4651-a434-af73f05d0085:group-01E3218244F8: set stopIndex = 8
2019-07-13 14:38:23,520 INFO  impl.StateMachineUpdater (StateMachineUpdater.java:takeSnapshot(242)) - StateMachineUpdater:b07ec8b5-f787-4651-a434-af73f05d0085:group-01E3218244F8: Took a snapshot at index 8
2019-07-13 14:38:23,520 INFO  impl.FollowerInfo (FollowerInfo.java:lambda$new$0(50)) - b07ec8b5-f787-4651-a434-af73f05d0085->88481078-93db-4d5a-baea-16b5a73ff595: nextIndex: updateUnconditionally 9 -> 8
2019-07-13 14:38:23,519 INFO  impl.PendingRequests (PendingRequests.java:sendNotLeaderResponses(202)) - fedfd956-abb6-4ad4-8b26-54bbdc973f4b-PendingRequests: sendNotLeaderResponses
2019-07-13 14:38:23,520 INFO  impl.StateMachineUpdater (StateMachineUpdater.java:lambda$new$0(80)) - StateMachineUpdater:b07ec8b5-f787-4651-a434-af73f05d0085:group-01E3218244F8: snapshotIndex: updateIncreasingly -1 -> 8
2019-07-13 14:38:23,521 INFO  ratis.ContainerStateMachine (ContainerStateMachine.java:takeSnapshot(246)) - Taking snapshot at termIndex:(t:0, i:~)
2019-07-13 14:38:23,521 INFO  impl.StateMachineUpdater (StateMachineUpdater.java:stopAndJoin(115)) - StateMachineUpdater:fedfd956-abb6-4ad4-8b26-54bbdc973f4b:group-842192F39A4A: set stopIndex = 0
2019-07-13 14:38:23,522 INFO  impl.RaftServerImpl (ServerState.java:close(394)) - fedfd956-abb6-4ad4-8b26-54bbdc973f4b:group-842192F39A4A closes. The last applied log index is 0
2019-07-13 14:38:23,522 INFO  impl.RaftServerImpl (ServerState.java:close(394)) - b07ec8b5-f787-4651-a434-af73f05d0085:group-01E3218244F8 closes. The last applied log index is 8
2019-07-13 14:38:23,522 INFO  segmented.SegmentedRaftLogWorker (SegmentedRaftLogWorker.java:run(313)) - fedfd956-abb6-4ad4-8b26-54bbdc973f4b-SegmentedRaftLogWorker:Storage Directory /tmp/workdir/hadoop-ozone/integration-test/target/test-dir/MiniOzoneClusterImpl-a2f51f5a-cc29-448c-8907-e054de5c1629/datanode-3/data/ratis/53470aba-de32-4042-b92e-842192f39a4a was interrupted, exiting. There are 0 tasks remaining in the queue.
2019-07-13 14:38:23,523 INFO  segmented.SegmentedRaftLogWorker (SegmentedRaftLogWorker.java:run(313)) - b07ec8b5-f787-4651-a434-af73f05d0085-SegmentedRaftLogWorker:Storage Directory /tmp/workdir/hadoop-ozone/integration-test/target/test-dir/MiniOzoneClusterImpl-a2f51f5a-cc29-448c-8907-e054de5c1629/datanode-2/data/ratis/60c24e4c-7ad9-4279-b2cc-01e3218244f8 was interrupted, exiting. There are 0 tasks remaining in the queue.
2019-07-13 14:38:23,527 INFO  segmented.SegmentedRaftLogWorker (SegmentedRaftLogWorker.java:close(228)) - fedfd956-abb6-4ad4-8b26-54bbdc973f4b-SegmentedRaftLogWorker:Storage Directory /tmp/workdir/hadoop-ozone/integration-test/target/test-dir/MiniOzoneClusterImpl-a2f51f5a-cc29-448c-8907-e054de5c1629/datanode-3/data/ratis/53470aba-de32-4042-b92e-842192f39a4a close()
2019-07-13 14:38:23,527 INFO  segmented.SegmentedRaftLogWorker (SegmentedRaftLogWorker.java:close(228)) - b07ec8b5-f787-4651-a434-af73f05d0085-SegmentedRaftLogWorker:Storage Directory /tmp/workdir/hadoop-ozone/integration-test/target/test-dir/MiniOzoneClusterImpl-a2f51f5a-cc29-448c-8907-e054de5c1629/datanode-2/data/ratis/60c24e4c-7ad9-4279-b2cc-01e3218244f8 close()
2019-07-13 14:38:23,535 INFO  server.GrpcService (GrpcService.java:closeImpl(155)) - fedfd956-abb6-4ad4-8b26-54bbdc973f4b: shutdown server with port 45594 now
2019-07-13 14:38:23,537 INFO  server.GrpcService (GrpcService.java:closeImpl(155)) - b07ec8b5-f787-4651-a434-af73f05d0085: shutdown server with port 34445 now
2019-07-13 14:38:23,540 INFO  server.GrpcService (GrpcService.java:closeImpl(163)) - fedfd956-abb6-4ad4-8b26-54bbdc973f4b: shutdown server with port 45594 successfully
2019-07-13 14:38:23,540 INFO  server.GrpcService (GrpcService.java:closeImpl(163)) - b07ec8b5-f787-4651-a434-af73f05d0085: shutdown server with port 34445 successfully
2019-07-13 14:38:23,541 INFO  utils.BackgroundService (BackgroundService.java:shutdown(148)) - Shutting down service BlockDeletingService
2019-07-13 14:38:23,543 INFO  utils.BackgroundService (BackgroundService.java:shutdown(148)) - Shutting down service BlockDeletingService
2019-07-13 14:38:23,544 WARN  fs.CachingGetSpaceUsed (CachingGetSpaceUsed.java:run(183)) - Thread Interrupted waiting to refresh disk information: sleep interrupted
2019-07-13 14:38:23,545 WARN  fs.CachingGetSpaceUsed (CachingGetSpaceUsed.java:run(183)) - Thread Interrupted waiting to refresh disk information: sleep interrupted
2019-07-13 14:38:23,563 INFO  statemachine.DatanodeStateMachine (DatanodeStateMachine.java:stopDaemon(395)) - Ozone container server stopped.
2019-07-13 14:38:23,564 INFO  handler.ContextHandler (ContextHandler.java:doStop(910)) - Stopped o.e.j.w.WebAppContext@477b8d7d{/,null,UNAVAILABLE}{/hddsDatanode}
2019-07-13 14:38:23,569 INFO  statemachine.DatanodeStateMachine (DatanodeStateMachine.java:stopDaemon(395)) - Ozone container server stopped.
2019-07-13 14:38:23,569 INFO  server.AbstractConnector (AbstractConnector.java:doStop(318)) - Stopped ServerConnector@3f937c0e{HTTP/1.1,[http/1.1]}{0.0.0.0:0}
2019-07-13 14:38:23,572 INFO  handler.ContextHandler (ContextHandler.java:doStop(910)) - Stopped o.e.j.s.ServletContextHandler@7fcbb24b{/static,jar:file:/home/user/.m2/repository/org/apache/hadoop/hadoop-hdds-container-service/0.5.0-SNAPSHOT/hadoop-hdds-container-service-0.5.0-SNAPSHOT.jar!/webapps/static,UNAVAILABLE}
2019-07-13 14:38:23,574 INFO  handler.ContextHandler (ContextHandler.java:doStop(910)) - Stopped o.e.j.w.WebAppContext@5243ce45{/,null,UNAVAILABLE}{/hddsDatanode}
2019-07-13 14:38:23,574 INFO  handler.ContextHandler (ContextHandler.java:doStop(910)) - Stopped o.e.j.s.ServletContextHandler@5d708ef6{/logs,file:///tmp/workdir/hadoop-ozone/integration-test/target/log,UNAVAILABLE}
2019-07-13 14:38:23,574 INFO  server.AbstractConnector (AbstractConnector.java:doStop(318)) - Stopped ServerConnector@5f1908c5{HTTP/1.1,[http/1.1]}{0.0.0.0:0}
2019-07-13 14:38:23,576 INFO  handler.ContextHandler (ContextHandler.java:doStop(910)) - Stopped o.e.j.s.ServletContextHandler@383e8d4f{/static,jar:file:/home/user/.m2/repository/org/apache/hadoop/hadoop-hdds-container-service/0.5.0-SNAPSHOT/hadoop-hdds-container-service-0.5.0-SNAPSHOT.jar!/webapps/static,UNAVAILABLE}
2019-07-13 14:38:23,578 INFO  handler.ContextHandler (ContextHandler.java:doStop(910)) - Stopped o.e.j.s.ServletContextHandler@537dc661{/logs,file:///tmp/workdir/hadoop-ozone/integration-test/target/log,UNAVAILABLE}
2019-07-13 14:38:23,578 INFO  datanode.ObjectStoreHandler (ObjectStoreHandler.java:close(155)) - Closing ObjectStoreHandler.
2019-07-13 14:38:23,579 INFO  ozone.HddsDatanodeService (HddsDatanodeService.java:stop(452)) - Stopped plug-in org.apache.hadoop.ozone.web.OzoneHddsDatanodeService@42c82f73
2019-07-13 14:38:23,579 INFO  datanode.ObjectStoreHandler (ObjectStoreHandler.java:close(155)) - Closing ObjectStoreHandler.
2019-07-13 14:38:23,579 INFO  ozone.HddsDatanodeService (HddsDatanodeService.java:stop(452)) - Stopped plug-in org.apache.hadoop.ozone.web.OzoneHddsDatanodeService@327dcf8c
2019-07-13 14:38:23,935 INFO  statemachine.DatanodeStateMachine (DatanodeStateMachine.java:lambda$startDaemon$0(350)) - Ozone container server started.
2019-07-13 14:38:24,551 INFO  statemachine.DatanodeStateMachine (DatanodeStateMachine.java:lambda$startDaemon$0(350)) - Ozone container server started.
2019-07-13 14:38:28,007 INFO  node.StaleNodeHandler (StaleNodeHandler.java:onMessage(58)) - Datanode 88481078-93db-4d5a-baea-16b5a73ff595{ip: 192.168.5.172, host: trunk-nightly-mhs6z-4061744966, networkLocation: /default-rack, certSerialId: null} moved to stale state. Finalizing its pipelines [PipelineID=17dcff5d-bb10-4f3a-9113-3da43372bc9c, PipelineID=60c24e4c-7ad9-4279-b2cc-01e3218244f8]
2019-07-13 14:38:28,007 INFO  pipeline.SCMPipelineManager (SCMPipelineManager.java:finalizeAndDestroyPipeline(309)) - destroying pipeline:Pipeline[ Id: 17dcff5d-bb10-4f3a-9113-3da43372bc9c, Nodes: 88481078-93db-4d5a-baea-16b5a73ff595{ip: 192.168.5.172, host: trunk-nightly-mhs6z-4061744966, networkLocation: /default-rack, certSerialId: null}, Type:RATIS, Factor:ONE, State:OPEN]
2019-07-13 14:38:28,008 INFO  pipeline.PipelineStateManager (PipelineStateManager.java:finalizePipeline(123)) - Pipeline Pipeline[ Id: 17dcff5d-bb10-4f3a-9113-3da43372bc9c, Nodes: 88481078-93db-4d5a-baea-16b5a73ff595{ip: 192.168.5.172, host: trunk-nightly-mhs6z-4061744966, networkLocation: /default-rack, certSerialId: null}, Type:RATIS, Factor:ONE, State:CLOSED] moved to CLOSED state
2019-07-13 14:38:28,008 INFO  pipeline.SCMPipelineManager (SCMPipelineManager.java:finalizeAndDestroyPipeline(309)) - destroying pipeline:Pipeline[ Id: 60c24e4c-7ad9-4279-b2cc-01e3218244f8, Nodes: 01002fe0-6cca-4877-ae90-5ff90be4a072{ip: 192.168.5.172, host: trunk-nightly-mhs6z-4061744966, networkLocation: /default-rack, certSerialId: null}b07ec8b5-f787-4651-a434-af73f05d0085{ip: 192.168.5.172, host: trunk-nightly-mhs6z-4061744966, networkLocation: /default-rack, certSerialId: null}88481078-93db-4d5a-baea-16b5a73ff595{ip: 192.168.5.172, host: trunk-nightly-mhs6z-4061744966, networkLocation: /default-rack, certSerialId: null}, Type:RATIS, Factor:THREE, State:CLOSED]
2019-07-13 14:38:28,579 INFO  ozoneimpl.OzoneContainer (OzoneContainer.java:stop(199)) - Attempting to stop container services.
2019-07-13 14:38:28,580 INFO  ozoneimpl.OzoneContainer (OzoneContainer.java:stop(199)) - Attempting to stop container services.
2019-07-13 14:38:28,580 INFO  impl.RaftServerProxy (RaftServerProxy.java:lambda$close$4(314)) - 51dfeec5-c7b6-431f-9756-00d4a360d3d9: close
2019-07-13 14:38:28,580 INFO  impl.RaftServerProxy (RaftServerProxy.java:lambda$close$4(314)) - 88481078-93db-4d5a-baea-16b5a73ff595: close
2019-07-13 14:38:28,581 INFO  impl.RaftServerImpl (RaftServerImpl.java:lambda$shutdown$3(245)) - 51dfeec5-c7b6-431f-9756-00d4a360d3d9: shutdown group-F552B6DFCB62
2019-07-13 14:38:28,581 INFO  impl.RaftServerImpl (RaftServerImpl.java:lambda$shutdown$3(245)) - 88481078-93db-4d5a-baea-16b5a73ff595: shutdown group-3DA43372BC9C
2019-07-13 14:38:28,582 INFO  util.JmxRegister (JmxRegister.java:unregister(73)) - Successfully un-registered JMX Bean with object name Ratis:service=RaftServer,group=group-F552B6DFCB62,id=51dfeec5-c7b6-431f-9756-00d4a360d3d9
2019-07-13 14:38:28,582 INFO  util.JmxRegister (JmxRegister.java:unregister(73)) - Successfully un-registered JMX Bean with object name Ratis:service=RaftServer,group=group-3DA43372BC9C,id=88481078-93db-4d5a-baea-16b5a73ff595
2019-07-13 14:38:28,582 INFO  impl.RoleInfo (RoleInfo.java:shutdownLeaderState(104)) - 51dfeec5-c7b6-431f-9756-00d4a360d3d9: shutdown LeaderState
2019-07-13 14:38:28,583 INFO  impl.RoleInfo (RoleInfo.java:shutdownLeaderState(104)) - 88481078-93db-4d5a-baea-16b5a73ff595: shutdown LeaderState
2019-07-13 14:38:28,583 INFO  impl.PendingRequests (PendingRequests.java:sendNotLeaderResponses(202)) - 51dfeec5-c7b6-431f-9756-00d4a360d3d9-PendingRequests: sendNotLeaderResponses
2019-07-13 14:38:28,583 INFO  impl.PendingRequests (PendingRequests.java:sendNotLeaderResponses(202)) - 88481078-93db-4d5a-baea-16b5a73ff595-PendingRequests: sendNotLeaderResponses
2019-07-13 14:38:28,584 INFO  ratis.ContainerStateMachine (ContainerStateMachine.java:takeSnapshot(246)) - Taking snapshot at termIndex:(t:0, i:~)
2019-07-13 14:38:28,584 INFO  impl.StateMachineUpdater (StateMachineUpdater.java:stopAndJoin(115)) - StateMachineUpdater:51dfeec5-c7b6-431f-9756-00d4a360d3d9:group-F552B6DFCB62: set stopIndex = 0
2019-07-13 14:38:28,585 INFO  impl.RaftServerImpl (ServerState.java:close(394)) - 51dfeec5-c7b6-431f-9756-00d4a360d3d9:group-F552B6DFCB62 closes. The last applied log index is 0
2019-07-13 14:38:28,584 INFO  ratis.ContainerStateMachine (ContainerStateMachine.java:takeSnapshot(246)) - Taking snapshot at termIndex:(t:0, i:~)
2019-07-13 14:38:28,585 INFO  segmented.SegmentedRaftLogWorker (SegmentedRaftLogWorker.java:run(313)) - 51dfeec5-c7b6-431f-9756-00d4a360d3d9-SegmentedRaftLogWorker:Storage Directory /tmp/workdir/hadoop-ozone/integration-test/target/test-dir/MiniOzoneClusterImpl-a2f51f5a-cc29-448c-8907-e054de5c1629/datanode-6/data/ratis/2e8971de-b87a-49c0-aa7d-f552b6dfcb62 was interrupted, exiting. There are 0 tasks remaining in the queue.
2019-07-13 14:38:28,584 INFO  impl.StateMachineUpdater (StateMachineUpdater.java:stopAndJoin(115)) - StateMachineUpdater:88481078-93db-4d5a-baea-16b5a73ff595:group-3DA43372BC9C: set stopIndex = 0
2019-07-13 14:38:28,588 INFO  segmented.SegmentedRaftLogWorker (SegmentedRaftLogWorker.java:close(228)) - 51dfeec5-c7b6-431f-9756-00d4a360d3d9-SegmentedRaftLogWorker:Storage Directory /tmp/workdir/hadoop-ozone/integration-test/target/test-dir/MiniOzoneClusterImpl-a2f51f5a-cc29-448c-8907-e054de5c1629/datanode-6/data/ratis/2e8971de-b87a-49c0-aa7d-f552b6dfcb62 close()
2019-07-13 14:38:28,588 INFO  impl.RaftServerImpl (ServerState.java:close(394)) - 88481078-93db-4d5a-baea-16b5a73ff595:group-3DA43372BC9C closes. The last applied log index is 0
2019-07-13 14:38:28,591 INFO  server.GrpcService (GrpcService.java:closeImpl(155)) - 51dfeec5-c7b6-431f-9756-00d4a360d3d9: shutdown server with port 35266 now
2019-07-13 14:38:28,591 INFO  segmented.SegmentedRaftLogWorker (SegmentedRaftLogWorker.java:run(313)) - 88481078-93db-4d5a-baea-16b5a73ff595-SegmentedRaftLogWorker:Storage Directory /tmp/workdir/hadoop-ozone/integration-test/target/test-dir/MiniOzoneClusterImpl-a2f51f5a-cc29-448c-8907-e054de5c1629/datanode-0/data/ratis/17dcff5d-bb10-4f3a-9113-3da43372bc9c was interrupted, exiting. There are 0 tasks remaining in the queue.
2019-07-13 14:38:28,593 INFO  server.GrpcService (GrpcService.java:closeImpl(163)) - 51dfeec5-c7b6-431f-9756-00d4a360d3d9: shutdown server with port 35266 successfully
2019-07-13 14:38:28,595 INFO  segmented.SegmentedRaftLogWorker (SegmentedRaftLogWorker.java:close(228)) - 88481078-93db-4d5a-baea-16b5a73ff595-SegmentedRaftLogWorker:Storage Directory /tmp/workdir/hadoop-ozone/integration-test/target/test-dir/MiniOzoneClusterImpl-a2f51f5a-cc29-448c-8907-e054de5c1629/datanode-0/data/ratis/17dcff5d-bb10-4f3a-9113-3da43372bc9c close()
2019-07-13 14:38:28,603 INFO  impl.RaftServerImpl (RaftServerImpl.java:lambda$shutdown$3(245)) - 88481078-93db-4d5a-baea-16b5a73ff595: shutdown group-01E3218244F8
2019-07-13 14:38:28,603 INFO  utils.BackgroundService (BackgroundService.java:shutdown(148)) - Shutting down service BlockDeletingService
2019-07-13 14:38:28,603 INFO  util.JmxRegister (JmxRegister.java:unregister(73)) - Successfully un-registered JMX Bean with object name Ratis:service=RaftServer,group=group-01E3218244F8,id=88481078-93db-4d5a-baea-16b5a73ff595
2019-07-13 14:38:28,604 INFO  impl.RoleInfo (RoleInfo.java:shutdownFollowerState(121)) - 88481078-93db-4d5a-baea-16b5a73ff595: shutdown FollowerState
2019-07-13 14:38:28,604 INFO  impl.StateMachineUpdater (StateMachineUpdater.java:stopAndJoin(115)) - StateMachineUpdater:88481078-93db-4d5a-baea-16b5a73ff595:group-01E3218244F8: set stopIndex = 8
2019-07-13 14:38:28,604 INFO  ratis.ContainerStateMachine (ContainerStateMachine.java:takeSnapshot(246)) - Taking snapshot at termIndex:(t:1, i:7)
2019-07-13 14:38:28,605 INFO  impl.FollowerState (FollowerState.java:run(114)) - 88481078-93db-4d5a-baea-16b5a73ff595: FollowerState was interrupted: java.lang.InterruptedException: sleep interrupted
2019-07-13 14:38:28,605 INFO  ratis.ContainerStateMachine (ContainerStateMachine.java:takeSnapshot(250)) - Taking a snapshot to file /tmp/workdir/hadoop-ozone/integration-test/target/test-dir/MiniOzoneClusterImpl-a2f51f5a-cc29-448c-8907-e054de5c1629/datanode-0/data/ratis/60c24e4c-7ad9-4279-b2cc-01e3218244f8/sm/snapshot.1_7
2019-07-13 14:38:28,608 INFO  node.StaleNodeHandler (StaleNodeHandler.java:onMessage(58)) - Datanode 51dfeec5-c7b6-431f-9756-00d4a360d3d9{ip: 192.168.5.172, host: trunk-nightly-mhs6z-4061744966, networkLocation: /default-rack, certSerialId: null} moved to stale state. Finalizing its pipelines [PipelineID=2e8971de-b87a-49c0-aa7d-f552b6dfcb62]
2019-07-13 14:38:28,609 INFO  impl.StateMachineUpdater (StateMachineUpdater.java:takeSnapshot(242)) - StateMachineUpdater:88481078-93db-4d5a-baea-16b5a73ff595:group-01E3218244F8: Took a snapshot at index 7
2019-07-13 14:38:28,609 INFO  impl.StateMachineUpdater (StateMachineUpdater.java:lambda$new$0(80)) - StateMachineUpdater:88481078-93db-4d5a-baea-16b5a73ff595:group-01E3218244F8: snapshotIndex: updateIncreasingly -1 -> 7
2019-07-13 14:38:28,609 INFO  impl.RaftServerImpl (ServerState.java:close(394)) - 88481078-93db-4d5a-baea-16b5a73ff595:group-01E3218244F8 closes. The last applied log index is 8
2019-07-13 14:38:28,609 INFO  pipeline.SCMPipelineManager (SCMPipelineManager.java:finalizeAndDestroyPipeline(309)) - destroying pipeline:Pipeline[ Id: 2e8971de-b87a-49c0-aa7d-f552b6dfcb62, Nodes: 51dfeec5-c7b6-431f-9756-00d4a360d3d9{ip: 192.168.5.172, host: trunk-nightly-mhs6z-4061744966, networkLocation: /default-rack, certSerialId: null}, Type:RATIS, Factor:ONE, State:OPEN]
2019-07-13 14:38:28,610 INFO  segmented.SegmentedRaftLogWorker (SegmentedRaftLogWorker.java:run(313)) - 88481078-93db-4d5a-baea-16b5a73ff595-SegmentedRaftLogWorker:Storage Directory /tmp/workdir/hadoop-ozone/integration-test/target/test-dir/MiniOzoneClusterImpl-a2f51f5a-cc29-448c-8907-e054de5c1629/datanode-0/data/ratis/60c24e4c-7ad9-4279-b2cc-01e3218244f8 was interrupted, exiting. There are 0 tasks remaining in the queue.
2019-07-13 14:38:28,610 INFO  pipeline.PipelineStateManager (PipelineStateManager.java:finalizePipeline(123)) - Pipeline Pipeline[ Id: 2e8971de-b87a-49c0-aa7d-f552b6dfcb62, Nodes: 51dfeec5-c7b6-431f-9756-00d4a360d3d9{ip: 192.168.5.172, host: trunk-nightly-mhs6z-4061744966, networkLocation: /default-rack, certSerialId: null}, Type:RATIS, Factor:ONE, State:CLOSED] moved to CLOSED state
2019-07-13 14:38:28,610 INFO  segmented.SegmentedRaftLogWorker (SegmentedRaftLogWorker.java:close(228)) - 88481078-93db-4d5a-baea-16b5a73ff595-SegmentedRaftLogWorker:Storage Directory /tmp/workdir/hadoop-ozone/integration-test/target/test-dir/MiniOzoneClusterImpl-a2f51f5a-cc29-448c-8907-e054de5c1629/datanode-0/data/ratis/60c24e4c-7ad9-4279-b2cc-01e3218244f8 close()
2019-07-13 14:38:28,610 WARN  fs.CachingGetSpaceUsed (CachingGetSpaceUsed.java:run(183)) - Thread Interrupted waiting to refresh disk information: sleep interrupted
2019-07-13 14:38:28,611 INFO  server.GrpcService (GrpcService.java:closeImpl(155)) - 88481078-93db-4d5a-baea-16b5a73ff595: shutdown server with port 35356 now
2019-07-13 14:38:28,611 INFO  server.GrpcService (GrpcService.java:closeImpl(163)) - 88481078-93db-4d5a-baea-16b5a73ff595: shutdown server with port 35356 successfully
2019-07-13 14:38:28,615 INFO  utils.BackgroundService (BackgroundService.java:shutdown(148)) - Shutting down service BlockDeletingService
2019-07-13 14:38:28,617 WARN  fs.CachingGetSpaceUsed (CachingGetSpaceUsed.java:run(183)) - Thread Interrupted waiting to refresh disk information: sleep interrupted
2019-07-13 14:38:28,631 INFO  statemachine.DatanodeStateMachine (DatanodeStateMachine.java:stopDaemon(395)) - Ozone container server stopped.
2019-07-13 14:38:28,633 INFO  handler.ContextHandler (ContextHandler.java:doStop(910)) - Stopped o.e.j.w.WebAppContext@6d7e973b{/,null,UNAVAILABLE}{/hddsDatanode}
2019-07-13 14:38:28,634 INFO  server.AbstractConnector (AbstractConnector.java:doStop(318)) - Stopped ServerConnector@47955046{HTTP/1.1,[http/1.1]}{0.0.0.0:0}
2019-07-13 14:38:28,634 INFO  handler.ContextHandler (ContextHandler.java:doStop(910)) - Stopped o.e.j.s.ServletContextHandler@7560ca1d{/static,jar:file:/home/user/.m2/repository/org/apache/hadoop/hadoop-hdds-container-service/0.5.0-SNAPSHOT/hadoop-hdds-container-service-0.5.0-SNAPSHOT.jar!/webapps/static,UNAVAILABLE}
2019-07-13 14:38:28,635 INFO  handler.ContextHandler (ContextHandler.java:doStop(910)) - Stopped o.e.j.s.ServletContextHandler@3835f6f9{/logs,file:///tmp/workdir/hadoop-ozone/integration-test/target/log,UNAVAILABLE}
2019-07-13 14:38:28,636 INFO  datanode.ObjectStoreHandler (ObjectStoreHandler.java:close(155)) - Closing ObjectStoreHandler.
2019-07-13 14:38:28,637 INFO  ozone.HddsDatanodeService (HddsDatanodeService.java:stop(452)) - Stopped plug-in org.apache.hadoop.ozone.web.OzoneHddsDatanodeService@7f218b0c
2019-07-13 14:38:28,641 INFO  statemachine.DatanodeStateMachine (DatanodeStateMachine.java:stopDaemon(395)) - Ozone container server stopped.
2019-07-13 14:38:28,645 INFO  handler.ContextHandler (ContextHandler.java:doStop(910)) - Stopped o.e.j.w.WebAppContext@24bd88df{/,null,UNAVAILABLE}{/hddsDatanode}
2019-07-13 14:38:28,645 INFO  server.AbstractConnector (AbstractConnector.java:doStop(318)) - Stopped ServerConnector@78d816e6{HTTP/1.1,[http/1.1]}{0.0.0.0:0}
2019-07-13 14:38:28,649 INFO  handler.ContextHandler (ContextHandler.java:doStop(910)) - Stopped o.e.j.s.ServletContextHandler@71ef3f0c{/static,jar:file:/home/user/.m2/repository/org/apache/hadoop/hadoop-hdds-container-service/0.5.0-SNAPSHOT/hadoop-hdds-container-service-0.5.0-SNAPSHOT.jar!/webapps/static,UNAVAILABLE}
2019-07-13 14:38:28,650 INFO  handler.ContextHandler (ContextHandler.java:doStop(910)) - Stopped o.e.j.s.ServletContextHandler@6383ea52{/logs,file:///tmp/workdir/hadoop-ozone/integration-test/target/log,UNAVAILABLE}
2019-07-13 14:38:29,285 INFO  statemachine.DatanodeStateMachine (DatanodeStateMachine.java:lambda$startDaemon$0(350)) - Ozone container server started.
2019-07-13 14:38:30,888 INFO  impl.FollowerState (FollowerState.java:run(106)) - 4f16b0be-5bc2-4e3d-93a3-555c18992566:group-CB0E2E5BC069 changes to CANDIDATE, lastRpcTime:7578, electionTimeout:5001ms
2019-07-13 14:38:30,889 INFO  impl.RoleInfo (RoleInfo.java:shutdownFollowerState(121)) - 4f16b0be-5bc2-4e3d-93a3-555c18992566: shutdown FollowerState
2019-07-13 14:38:30,889 INFO  impl.RaftServerImpl (RaftServerImpl.java:setRole(171)) - 4f16b0be-5bc2-4e3d-93a3-555c18992566:group-CB0E2E5BC069 changes role from FOLLOWER to CANDIDATE at term 1 for changeToCandidate
2019-07-13 14:38:30,889 INFO  impl.RoleInfo (RoleInfo.java:updateAndGet(143)) - 4f16b0be-5bc2-4e3d-93a3-555c18992566: start LeaderElection
2019-07-13 14:38:30,891 INFO  impl.RaftServerImpl (ServerState.java:setLeader(263)) - 4f16b0be-5bc2-4e3d-93a3-555c18992566:group-CB0E2E5BC069 change Leader from fedfd956-abb6-4ad4-8b26-54bbdc973f4b to null at term 1 for initElection
2019-07-13 14:38:30,917 INFO  impl.LeaderElection (LeaderElection.java:askForVotes(181)) - 4f16b0be-5bc2-4e3d-93a3-555c18992566:group-CB0E2E5BC069:LeaderElection107: begin an election at term 2 for 0: [f884fa18-d209-462d-b696-0388a1872809:192.168.5.172:36364, fedfd956-abb6-4ad4-8b26-54bbdc973f4b:192.168.5.172:45594, 4f16b0be-5bc2-4e3d-93a3-555c18992566:192.168.5.172:46813], old=null
2019-07-13 14:38:30,920 INFO  impl.LeaderElection (LogUtils.java:infoOrTrace(149)) - 4f16b0be-5bc2-4e3d-93a3-555c18992566:group-CB0E2E5BC069:LeaderElection107 got exception when requesting votes: {}
java.util.concurrent.ExecutionException: org.apache.ratis.thirdparty.io.grpc.StatusRuntimeException: UNAVAILABLE: io exception
	at java.util.concurrent.FutureTask.report(FutureTask.java:122)
	at java.util.concurrent.FutureTask.get(FutureTask.java:192)
	at org.apache.ratis.server.impl.LeaderElection.waitForResults(LeaderElection.java:262)
	at org.apache.ratis.server.impl.LeaderElection.askForVotes(LeaderElection.java:200)
	at org.apache.ratis.server.impl.LeaderElection.run(LeaderElection.java:130)
	at java.lang.Thread.run(Thread.java:748)
Caused by: org.apache.ratis.thirdparty.io.grpc.StatusRuntimeException: UNAVAILABLE: io exception
	at org.apache.ratis.thirdparty.io.grpc.stub.ClientCalls.toStatusRuntimeException(ClientCalls.java:233)
	at org.apache.ratis.thirdparty.io.grpc.stub.ClientCalls.getUnchecked(ClientCalls.java:214)
	at org.apache.ratis.thirdparty.io.grpc.stub.ClientCalls.blockingUnaryCall(ClientCalls.java:139)
	at org.apache.ratis.proto.grpc.RaftServerProtocolServiceGrpc$RaftServerProtocolServiceBlockingStub.requestVote(RaftServerProtocolServiceGrpc.java:265)
	at org.apache.ratis.grpc.server.GrpcServerProtocolClient.requestVote(GrpcServerProtocolClient.java:83)
	at org.apache.ratis.grpc.server.GrpcService.requestVote(GrpcService.java:195)
	at org.apache.ratis.server.impl.LeaderElection.lambda$submitRequests$1(LeaderElection.java:237)
	at java.util.concurrent.FutureTask.run(FutureTask.java:266)
	at java.util.concurrent.Executors$RunnableAdapter.call(Executors.java:511)
	at java.util.concurrent.FutureTask.run(FutureTask.java:266)
	at java.util.concurrent.ThreadPoolExecutor.runWorker(ThreadPoolExecutor.java:1149)
	at java.util.concurrent.ThreadPoolExecutor$Worker.run(ThreadPoolExecutor.java:624)
	... 1 more
Caused by: org.apache.ratis.thirdparty.io.netty.channel.AbstractChannel$AnnotatedConnectException: Connection refused: /192.168.5.172:45594
	at sun.nio.ch.SocketChannelImpl.checkConnect(Native Method)
	at sun.nio.ch.SocketChannelImpl.finishConnect(SocketChannelImpl.java:717)
	at org.apache.ratis.thirdparty.io.netty.channel.socket.nio.NioSocketChannel.doFinishConnect(NioSocketChannel.java:327)
	at org.apache.ratis.thirdparty.io.netty.channel.nio.AbstractNioChannel$AbstractNioUnsafe.finishConnect(AbstractNioChannel.java:340)
	at org.apache.ratis.thirdparty.io.netty.channel.nio.NioEventLoop.processSelectedKey(NioEventLoop.java:632)
	at org.apache.ratis.thirdparty.io.netty.channel.nio.NioEventLoop.processSelectedKeysOptimized(NioEventLoop.java:579)
	at org.apache.ratis.thirdparty.io.netty.channel.nio.NioEventLoop.processSelectedKeys(NioEventLoop.java:496)
	at org.apache.ratis.thirdparty.io.netty.channel.nio.NioEventLoop.run(NioEventLoop.java:458)
	at org.apache.ratis.thirdparty.io.netty.util.concurrent.SingleThreadEventExecutor$5.run(SingleThreadEventExecutor.java:897)
	at org.apache.ratis.thirdparty.io.netty.util.concurrent.FastThreadLocalRunnable.run(FastThreadLocalRunnable.java:30)
	... 1 more
Caused by: java.net.ConnectException: Connection refused
	... 11 more
2019-07-13 14:38:30,922 INFO  impl.LeaderElection (LogUtils.java:infoOrTrace(149)) - 4f16b0be-5bc2-4e3d-93a3-555c18992566:group-CB0E2E5BC069:LeaderElection107 got exception when requesting votes: {}
java.util.concurrent.ExecutionException: org.apache.ratis.thirdparty.io.grpc.StatusRuntimeException: UNAVAILABLE: io exception
	at java.util.concurrent.FutureTask.report(FutureTask.java:122)
	at java.util.concurrent.FutureTask.get(FutureTask.java:192)
	at org.apache.ratis.server.impl.LeaderElection.waitForResults(LeaderElection.java:262)
	at org.apache.ratis.server.impl.LeaderElection.askForVotes(LeaderElection.java:200)
	at org.apache.ratis.server.impl.LeaderElection.run(LeaderElection.java:130)
	at java.lang.Thread.run(Thread.java:748)
Caused by: org.apache.ratis.thirdparty.io.grpc.StatusRuntimeException: UNAVAILABLE: io exception
	at org.apache.ratis.thirdparty.io.grpc.stub.ClientCalls.toStatusRuntimeException(ClientCalls.java:233)
	at org.apache.ratis.thirdparty.io.grpc.stub.ClientCalls.getUnchecked(ClientCalls.java:214)
	at org.apache.ratis.thirdparty.io.grpc.stub.ClientCalls.blockingUnaryCall(ClientCalls.java:139)
	at org.apache.ratis.proto.grpc.RaftServerProtocolServiceGrpc$RaftServerProtocolServiceBlockingStub.requestVote(RaftServerProtocolServiceGrpc.java:265)
	at org.apache.ratis.grpc.server.GrpcServerProtocolClient.requestVote(GrpcServerProtocolClient.java:83)
	at org.apache.ratis.grpc.server.GrpcService.requestVote(GrpcService.java:195)
	at org.apache.ratis.server.impl.LeaderElection.lambda$submitRequests$1(LeaderElection.java:237)
	at java.util.concurrent.FutureTask.run(FutureTask.java:266)
	at java.util.concurrent.Executors$RunnableAdapter.call(Executors.java:511)
	at java.util.concurrent.FutureTask.run(FutureTask.java:266)
	at java.util.concurrent.ThreadPoolExecutor.runWorker(ThreadPoolExecutor.java:1149)
	at java.util.concurrent.ThreadPoolExecutor$Worker.run(ThreadPoolExecutor.java:624)
	... 1 more
Caused by: org.apache.ratis.thirdparty.io.netty.channel.AbstractChannel$AnnotatedConnectException: Connection refused: /192.168.5.172:36364
	at sun.nio.ch.SocketChannelImpl.checkConnect(Native Method)
	at sun.nio.ch.SocketChannelImpl.finishConnect(SocketChannelImpl.java:717)
	at org.apache.ratis.thirdparty.io.netty.channel.socket.nio.NioSocketChannel.doFinishConnect(NioSocketChannel.java:327)
	at org.apache.ratis.thirdparty.io.netty.channel.nio.AbstractNioChannel$AbstractNioUnsafe.finishConnect(AbstractNioChannel.java:340)
	at org.apache.ratis.thirdparty.io.netty.channel.nio.NioEventLoop.processSelectedKey(NioEventLoop.java:632)
	at org.apache.ratis.thirdparty.io.netty.channel.nio.NioEventLoop.processSelectedKeysOptimized(NioEventLoop.java:579)
	at org.apache.ratis.thirdparty.io.netty.channel.nio.NioEventLoop.processSelectedKeys(NioEventLoop.java:496)
	at org.apache.ratis.thirdparty.io.netty.channel.nio.NioEventLoop.run(NioEventLoop.java:458)
	at org.apache.ratis.thirdparty.io.netty.util.concurrent.SingleThreadEventExecutor$5.run(SingleThreadEventExecutor.java:897)
	at org.apache.ratis.thirdparty.io.netty.util.concurrent.FastThreadLocalRunnable.run(FastThreadLocalRunnable.java:30)
	... 1 more
Caused by: java.net.ConnectException: Connection refused
	... 11 more
2019-07-13 14:38:30,924 INFO  impl.LeaderElection (LeaderElection.java:logAndReturn(56)) - 4f16b0be-5bc2-4e3d-93a3-555c18992566:group-CB0E2E5BC069:LeaderElection107: Election REJECTED; received 0 response(s) [] and 2 exception(s); 4f16b0be-5bc2-4e3d-93a3-555c18992566:t2, leader=null, voted=4f16b0be-5bc2-4e3d-93a3-555c18992566, raftlog=4f16b0be-5bc2-4e3d-93a3-555c18992566-SegmentedRaftLog:OPENED:c6,f6,i6, conf=0: [f884fa18-d209-462d-b696-0388a1872809:192.168.5.172:36364, fedfd956-abb6-4ad4-8b26-54bbdc973f4b:192.168.5.172:45594, 4f16b0be-5bc2-4e3d-93a3-555c18992566:192.168.5.172:46813], old=null
2019-07-13 14:38:30,924 INFO  impl.LeaderElection (LogUtils.java:infoOrTrace(149)) -   Exception 0: {}
java.util.concurrent.ExecutionException: org.apache.ratis.thirdparty.io.grpc.StatusRuntimeException: UNAVAILABLE: io exception
	at java.util.concurrent.FutureTask.report(FutureTask.java:122)
	at java.util.concurrent.FutureTask.get(FutureTask.java:192)
	at org.apache.ratis.server.impl.LeaderElection.waitForResults(LeaderElection.java:262)
	at org.apache.ratis.server.impl.LeaderElection.askForVotes(LeaderElection.java:200)
	at org.apache.ratis.server.impl.LeaderElection.run(LeaderElection.java:130)
	at java.lang.Thread.run(Thread.java:748)
Caused by: org.apache.ratis.thirdparty.io.grpc.StatusRuntimeException: UNAVAILABLE: io exception
	at org.apache.ratis.thirdparty.io.grpc.stub.ClientCalls.toStatusRuntimeException(ClientCalls.java:233)
	at org.apache.ratis.thirdparty.io.grpc.stub.ClientCalls.getUnchecked(ClientCalls.java:214)
	at org.apache.ratis.thirdparty.io.grpc.stub.ClientCalls.blockingUnaryCall(ClientCalls.java:139)
	at org.apache.ratis.proto.grpc.RaftServerProtocolServiceGrpc$RaftServerProtocolServiceBlockingStub.requestVote(RaftServerProtocolServiceGrpc.java:265)
	at org.apache.ratis.grpc.server.GrpcServerProtocolClient.requestVote(GrpcServerProtocolClient.java:83)
	at org.apache.ratis.grpc.server.GrpcService.requestVote(GrpcService.java:195)
	at org.apache.ratis.server.impl.LeaderElection.lambda$submitRequests$1(LeaderElection.java:237)
	at java.util.concurrent.FutureTask.run(FutureTask.java:266)
	at java.util.concurrent.Executors$RunnableAdapter.call(Executors.java:511)
	at java.util.concurrent.FutureTask.run(FutureTask.java:266)
	at java.util.concurrent.ThreadPoolExecutor.runWorker(ThreadPoolExecutor.java:1149)
	at java.util.concurrent.ThreadPoolExecutor$Worker.run(ThreadPoolExecutor.java:624)
	... 1 more
Caused by: org.apache.ratis.thirdparty.io.netty.channel.AbstractChannel$AnnotatedConnectException: Connection refused: /192.168.5.172:45594
	at sun.nio.ch.SocketChannelImpl.checkConnect(Native Method)
	at sun.nio.ch.SocketChannelImpl.finishConnect(SocketChannelImpl.java:717)
	at org.apache.ratis.thirdparty.io.netty.channel.socket.nio.NioSocketChannel.doFinishConnect(NioSocketChannel.java:327)
	at org.apache.ratis.thirdparty.io.netty.channel.nio.AbstractNioChannel$AbstractNioUnsafe.finishConnect(AbstractNioChannel.java:340)
	at org.apache.ratis.thirdparty.io.netty.channel.nio.NioEventLoop.processSelectedKey(NioEventLoop.java:632)
	at org.apache.ratis.thirdparty.io.netty.channel.nio.NioEventLoop.processSelectedKeysOptimized(NioEventLoop.java:579)
	at org.apache.ratis.thirdparty.io.netty.channel.nio.NioEventLoop.processSelectedKeys(NioEventLoop.java:496)
	at org.apache.ratis.thirdparty.io.netty.channel.nio.NioEventLoop.run(NioEventLoop.java:458)
	at org.apache.ratis.thirdparty.io.netty.util.concurrent.SingleThreadEventExecutor$5.run(SingleThreadEventExecutor.java:897)
	at org.apache.ratis.thirdparty.io.netty.util.concurrent.FastThreadLocalRunnable.run(FastThreadLocalRunnable.java:30)
	... 1 more
Caused by: java.net.ConnectException: Connection refused
	... 11 more
2019-07-13 14:38:30,924 INFO  impl.LeaderElection (LogUtils.java:infoOrTrace(149)) -   Exception 1: {}
java.util.concurrent.ExecutionException: org.apache.ratis.thirdparty.io.grpc.StatusRuntimeException: UNAVAILABLE: io exception
	at java.util.concurrent.FutureTask.report(FutureTask.java:122)
	at java.util.concurrent.FutureTask.get(FutureTask.java:192)
	at org.apache.ratis.server.impl.LeaderElection.waitForResults(LeaderElection.java:262)
	at org.apache.ratis.server.impl.LeaderElection.askForVotes(LeaderElection.java:200)
	at org.apache.ratis.server.impl.LeaderElection.run(LeaderElection.java:130)
	at java.lang.Thread.run(Thread.java:748)
Caused by: org.apache.ratis.thirdparty.io.grpc.StatusRuntimeException: UNAVAILABLE: io exception
	at org.apache.ratis.thirdparty.io.grpc.stub.ClientCalls.toStatusRuntimeException(ClientCalls.java:233)
	at org.apache.ratis.thirdparty.io.grpc.stub.ClientCalls.getUnchecked(ClientCalls.java:214)
	at org.apache.ratis.thirdparty.io.grpc.stub.ClientCalls.blockingUnaryCall(ClientCalls.java:139)
	at org.apache.ratis.proto.grpc.RaftServerProtocolServiceGrpc$RaftServerProtocolServiceBlockingStub.requestVote(RaftServerProtocolServiceGrpc.java:265)
	at org.apache.ratis.grpc.server.GrpcServerProtocolClient.requestVote(GrpcServerProtocolClient.java:83)
	at org.apache.ratis.grpc.server.GrpcService.requestVote(GrpcService.java:195)
	at org.apache.ratis.server.impl.LeaderElection.lambda$submitRequests$1(LeaderElection.java:237)
	at java.util.concurrent.FutureTask.run(FutureTask.java:266)
	at java.util.concurrent.Executors$RunnableAdapter.call(Executors.java:511)
	at java.util.concurrent.FutureTask.run(FutureTask.java:266)
	at java.util.concurrent.ThreadPoolExecutor.runWorker(ThreadPoolExecutor.java:1149)
	at java.util.concurrent.ThreadPoolExecutor$Worker.run(ThreadPoolExecutor.java:624)
	... 1 more
Caused by: org.apache.ratis.thirdparty.io.netty.channel.AbstractChannel$AnnotatedConnectException: Connection refused: /192.168.5.172:36364
	at sun.nio.ch.SocketChannelImpl.checkConnect(Native Method)
	at sun.nio.ch.SocketChannelImpl.finishConnect(SocketChannelImpl.java:717)
	at org.apache.ratis.thirdparty.io.netty.channel.socket.nio.NioSocketChannel.doFinishConnect(NioSocketChannel.java:327)
	at org.apache.ratis.thirdparty.io.netty.channel.nio.AbstractNioChannel$AbstractNioUnsafe.finishConnect(AbstractNioChannel.java:340)
	at org.apache.ratis.thirdparty.io.netty.channel.nio.NioEventLoop.processSelectedKey(NioEventLoop.java:632)
	at org.apache.ratis.thirdparty.io.netty.channel.nio.NioEventLoop.processSelectedKeysOptimized(NioEventLoop.java:579)
	at org.apache.ratis.thirdparty.io.netty.channel.nio.NioEventLoop.processSelectedKeys(NioEventLoop.java:496)
	at org.apache.ratis.thirdparty.io.netty.channel.nio.NioEventLoop.run(NioEventLoop.java:458)
	at org.apache.ratis.thirdparty.io.netty.util.concurrent.SingleThreadEventExecutor$5.run(SingleThreadEventExecutor.java:897)
	at org.apache.ratis.thirdparty.io.netty.util.concurrent.FastThreadLocalRunnable.run(FastThreadLocalRunnable.java:30)
	... 1 more
Caused by: java.net.ConnectException: Connection refused
	... 11 more
2019-07-13 14:38:30,924 INFO  impl.RaftServerImpl (RaftServerImpl.java:setRole(171)) - 4f16b0be-5bc2-4e3d-93a3-555c18992566:group-CB0E2E5BC069 changes role from CANDIDATE to FOLLOWER at term 2 for DISCOVERED_A_NEW_TERM
2019-07-13 14:38:30,925 INFO  impl.RoleInfo (RoleInfo.java:shutdownLeaderElection(134)) - 4f16b0be-5bc2-4e3d-93a3-555c18992566: shutdown LeaderElection
2019-07-13 14:38:30,925 INFO  impl.RoleInfo (RoleInfo.java:updateAndGet(143)) - 4f16b0be-5bc2-4e3d-93a3-555c18992566: start FollowerState
2019-07-13 14:38:33,314 INFO  node.StaleNodeHandler (StaleNodeHandler.java:onMessage(58)) - Datanode 4f16b0be-5bc2-4e3d-93a3-555c18992566{ip: 192.168.5.172, host: trunk-nightly-mhs6z-4061744966, networkLocation: /default-rack, certSerialId: null} moved to stale state. Finalizing its pipelines [PipelineID=e0d69260-7384-4216-beac-cb0e2e5bc069, PipelineID=1b498298-c8cd-41b5-8e86-39c35b533f6a]
2019-07-13 14:38:33,315 INFO  pipeline.SCMPipelineManager (SCMPipelineManager.java:finalizeAndDestroyPipeline(309)) - destroying pipeline:Pipeline[ Id: e0d69260-7384-4216-beac-cb0e2e5bc069, Nodes: 4f16b0be-5bc2-4e3d-93a3-555c18992566{ip: 192.168.5.172, host: trunk-nightly-mhs6z-4061744966, networkLocation: /default-rack, certSerialId: null}f884fa18-d209-462d-b696-0388a1872809{ip: 192.168.5.172, host: trunk-nightly-mhs6z-4061744966, networkLocation: /default-rack, certSerialId: null}fedfd956-abb6-4ad4-8b26-54bbdc973f4b{ip: 192.168.5.172, host: trunk-nightly-mhs6z-4061744966, networkLocation: /default-rack, certSerialId: null}, Type:RATIS, Factor:THREE, State:CLOSED]
2019-07-13 14:38:33,315 INFO  pipeline.SCMPipelineManager (SCMPipelineManager.java:finalizeAndDestroyPipeline(309)) - destroying pipeline:Pipeline[ Id: 1b498298-c8cd-41b5-8e86-39c35b533f6a, Nodes: 4f16b0be-5bc2-4e3d-93a3-555c18992566{ip: 192.168.5.172, host: trunk-nightly-mhs6z-4061744966, networkLocation: /default-rack, certSerialId: null}, Type:RATIS, Factor:ONE, State:OPEN]
2019-07-13 14:38:33,315 INFO  pipeline.PipelineStateManager (PipelineStateManager.java:finalizePipeline(123)) - Pipeline Pipeline[ Id: 1b498298-c8cd-41b5-8e86-39c35b533f6a, Nodes: 4f16b0be-5bc2-4e3d-93a3-555c18992566{ip: 192.168.5.172, host: trunk-nightly-mhs6z-4061744966, networkLocation: /default-rack, certSerialId: null}, Type:RATIS, Factor:ONE, State:CLOSED] moved to CLOSED state
2019-07-13 14:38:33,637 INFO  ozoneimpl.OzoneContainer (OzoneContainer.java:stop(199)) - Attempting to stop container services.
2019-07-13 14:38:33,638 INFO  impl.RaftServerProxy (RaftServerProxy.java:lambda$close$4(314)) - 4f16b0be-5bc2-4e3d-93a3-555c18992566: close
2019-07-13 14:38:33,639 INFO  impl.RaftServerImpl (RaftServerImpl.java:lambda$shutdown$3(245)) - 4f16b0be-5bc2-4e3d-93a3-555c18992566: shutdown group-CB0E2E5BC069
2019-07-13 14:38:33,639 INFO  util.JmxRegister (JmxRegister.java:unregister(73)) - Successfully un-registered JMX Bean with object name Ratis:service=RaftServer,group=group-CB0E2E5BC069,id=4f16b0be-5bc2-4e3d-93a3-555c18992566
2019-07-13 14:38:33,640 INFO  impl.RoleInfo (RoleInfo.java:shutdownFollowerState(121)) - 4f16b0be-5bc2-4e3d-93a3-555c18992566: shutdown FollowerState
2019-07-13 14:38:33,640 INFO  impl.StateMachineUpdater (StateMachineUpdater.java:stopAndJoin(115)) - StateMachineUpdater:4f16b0be-5bc2-4e3d-93a3-555c18992566:group-CB0E2E5BC069: set stopIndex = 6
2019-07-13 14:38:33,640 INFO  ratis.ContainerStateMachine (ContainerStateMachine.java:takeSnapshot(246)) - Taking snapshot at termIndex:(t:1, i:4)
2019-07-13 14:38:33,641 INFO  ratis.ContainerStateMachine (ContainerStateMachine.java:takeSnapshot(250)) - Taking a snapshot to file /tmp/workdir/hadoop-ozone/integration-test/target/test-dir/MiniOzoneClusterImpl-a2f51f5a-cc29-448c-8907-e054de5c1629/datanode-5/data/ratis/e0d69260-7384-4216-beac-cb0e2e5bc069/sm/snapshot.1_4
2019-07-13 14:38:33,640 INFO  impl.FollowerState (FollowerState.java:run(114)) - 4f16b0be-5bc2-4e3d-93a3-555c18992566: FollowerState was interrupted: java.lang.InterruptedException: sleep interrupted
2019-07-13 14:38:33,643 INFO  impl.StateMachineUpdater (StateMachineUpdater.java:takeSnapshot(242)) - StateMachineUpdater:4f16b0be-5bc2-4e3d-93a3-555c18992566:group-CB0E2E5BC069: Took a snapshot at index 4
2019-07-13 14:38:33,643 INFO  impl.StateMachineUpdater (StateMachineUpdater.java:lambda$new$0(80)) - StateMachineUpdater:4f16b0be-5bc2-4e3d-93a3-555c18992566:group-CB0E2E5BC069: snapshotIndex: updateIncreasingly -1 -> 4
2019-07-13 14:38:33,643 INFO  impl.RaftServerImpl (ServerState.java:close(394)) - 4f16b0be-5bc2-4e3d-93a3-555c18992566:group-CB0E2E5BC069 closes. The last applied log index is 6
2019-07-13 14:38:33,644 INFO  segmented.SegmentedRaftLogWorker (SegmentedRaftLogWorker.java:run(313)) - 4f16b0be-5bc2-4e3d-93a3-555c18992566-SegmentedRaftLogWorker:Storage Directory /tmp/workdir/hadoop-ozone/integration-test/target/test-dir/MiniOzoneClusterImpl-a2f51f5a-cc29-448c-8907-e054de5c1629/datanode-5/data/ratis/e0d69260-7384-4216-beac-cb0e2e5bc069 was interrupted, exiting. There are 0 tasks remaining in the queue.
2019-07-13 14:38:33,644 INFO  segmented.SegmentedRaftLogWorker (SegmentedRaftLogWorker.java:close(228)) - 4f16b0be-5bc2-4e3d-93a3-555c18992566-SegmentedRaftLogWorker:Storage Directory /tmp/workdir/hadoop-ozone/integration-test/target/test-dir/MiniOzoneClusterImpl-a2f51f5a-cc29-448c-8907-e054de5c1629/datanode-5/data/ratis/e0d69260-7384-4216-beac-cb0e2e5bc069 close()
2019-07-13 14:38:33,645 INFO  impl.RaftServerImpl (RaftServerImpl.java:lambda$shutdown$3(245)) - 4f16b0be-5bc2-4e3d-93a3-555c18992566: shutdown group-39C35B533F6A
2019-07-13 14:38:33,645 INFO  util.JmxRegister (JmxRegister.java:unregister(73)) - Successfully un-registered JMX Bean with object name Ratis:service=RaftServer,group=group-39C35B533F6A,id=4f16b0be-5bc2-4e3d-93a3-555c18992566
2019-07-13 14:38:33,646 INFO  impl.RoleInfo (RoleInfo.java:shutdownLeaderState(104)) - 4f16b0be-5bc2-4e3d-93a3-555c18992566: shutdown LeaderState
2019-07-13 14:38:33,646 INFO  impl.PendingRequests (PendingRequests.java:sendNotLeaderResponses(202)) - 4f16b0be-5bc2-4e3d-93a3-555c18992566-PendingRequests: sendNotLeaderResponses
2019-07-13 14:38:33,647 INFO  impl.StateMachineUpdater (StateMachineUpdater.java:stopAndJoin(115)) - StateMachineUpdater:4f16b0be-5bc2-4e3d-93a3-555c18992566:group-39C35B533F6A: set stopIndex = 0
2019-07-13 14:38:33,647 INFO  ratis.ContainerStateMachine (ContainerStateMachine.java:takeSnapshot(246)) - Taking snapshot at termIndex:(t:0, i:~)
2019-07-13 14:38:33,647 INFO  impl.RaftServerImpl (ServerState.java:close(394)) - 4f16b0be-5bc2-4e3d-93a3-555c18992566:group-39C35B533F6A closes. The last applied log index is 0
2019-07-13 14:38:33,648 INFO  segmented.SegmentedRaftLogWorker (SegmentedRaftLogWorker.java:run(313)) - 4f16b0be-5bc2-4e3d-93a3-555c18992566-SegmentedRaftLogWorker:Storage Directory /tmp/workdir/hadoop-ozone/integration-test/target/test-dir/MiniOzoneClusterImpl-a2f51f5a-cc29-448c-8907-e054de5c1629/datanode-5/data/ratis/1b498298-c8cd-41b5-8e86-39c35b533f6a was interrupted, exiting. There are 0 tasks remaining in the queue.
2019-07-13 14:38:33,648 INFO  segmented.SegmentedRaftLogWorker (SegmentedRaftLogWorker.java:close(228)) - 4f16b0be-5bc2-4e3d-93a3-555c18992566-SegmentedRaftLogWorker:Storage Directory /tmp/workdir/hadoop-ozone/integration-test/target/test-dir/MiniOzoneClusterImpl-a2f51f5a-cc29-448c-8907-e054de5c1629/datanode-5/data/ratis/1b498298-c8cd-41b5-8e86-39c35b533f6a close()
2019-07-13 14:38:33,649 INFO  server.GrpcService (GrpcService.java:closeImpl(155)) - 4f16b0be-5bc2-4e3d-93a3-555c18992566: shutdown server with port 46813 now
2019-07-13 14:38:33,649 INFO  server.GrpcService (GrpcService.java:closeImpl(163)) - 4f16b0be-5bc2-4e3d-93a3-555c18992566: shutdown server with port 46813 successfully
2019-07-13 14:38:33,651 INFO  utils.BackgroundService (BackgroundService.java:shutdown(148)) - Shutting down service BlockDeletingService
2019-07-13 14:38:33,655 WARN  fs.CachingGetSpaceUsed (CachingGetSpaceUsed.java:run(183)) - Thread Interrupted waiting to refresh disk information: sleep interrupted
2019-07-13 14:38:33,671 INFO  statemachine.DatanodeStateMachine (DatanodeStateMachine.java:stopDaemon(395)) - Ozone container server stopped.
2019-07-13 14:38:33,683 INFO  handler.ContextHandler (ContextHandler.java:doStop(910)) - Stopped o.e.j.w.WebAppContext@7d40f584{/,null,UNAVAILABLE}{/hddsDatanode}
2019-07-13 14:38:33,684 INFO  server.AbstractConnector (AbstractConnector.java:doStop(318)) - Stopped ServerConnector@72f6cd2e{HTTP/1.1,[http/1.1]}{0.0.0.0:0}
2019-07-13 14:38:33,685 INFO  handler.ContextHandler (ContextHandler.java:doStop(910)) - Stopped o.e.j.s.ServletContextHandler@9e5e75{/static,jar:file:/home/user/.m2/repository/org/apache/hadoop/hadoop-hdds-container-service/0.5.0-SNAPSHOT/hadoop-hdds-container-service-0.5.0-SNAPSHOT.jar!/webapps/static,UNAVAILABLE}
2019-07-13 14:38:33,685 INFO  handler.ContextHandler (ContextHandler.java:doStop(910)) - Stopped o.e.j.s.ServletContextHandler@5241aea8{/logs,file:///tmp/workdir/hadoop-ozone/integration-test/target/log,UNAVAILABLE}
2019-07-13 14:38:33,687 INFO  ozone.MiniOzoneClusterImpl (MiniOzoneClusterImpl.java:stop(353)) - Stopping the StorageContainerManager
2019-07-13 14:38:33,687 INFO  server.StorageContainerManager (StorageContainerManager.java:stop(796)) - Stopping Replication Manager Service.
2019-07-13 14:38:33,687 INFO  container.ReplicationManager (ReplicationManager.java:stop(187)) - Stopping Replication Monitor Thread.
2019-07-13 14:38:33,687 INFO  server.StorageContainerManager (StorageContainerManager.java:stop(803)) - Stopping Lease Manager of the command watchers
2019-07-13 14:38:33,688 INFO  server.StorageContainerManager (StorageContainerManager.java:stop(810)) - Stopping datanode service RPC server
2019-07-13 14:38:33,688 INFO  server.SCMDatanodeProtocolServer (SCMDatanodeProtocolServer.java:stop(375)) - Stopping the RPC server for DataNodes
2019-07-13 14:38:33,688 INFO  ipc.Server (Server.java:stop(3082)) - Stopping server on 38277
2019-07-13 14:38:33,691 INFO  ipc.Server (Server.java:run(1185)) - Stopping IPC Server listener on 38277
2019-07-13 14:38:33,692 INFO  ipc.Server (Server.java:run(1319)) - Stopping IPC Server Responder
2019-07-13 14:38:33,715 WARN  node.NodeStateManager (NodeStateManager.java:scheduleNextHealthCheck(631)) - Current Thread is interrupted, shutting down HB processing thread for Node Manager.
2019-07-13 14:38:33,715 INFO  server.StorageContainerManager (StorageContainerManager.java:stop(818)) - Stopping block service RPC server
2019-07-13 14:38:33,715 INFO  server.SCMBlockProtocolServer (SCMBlockProtocolServer.java:stop(148)) - Stopping the RPC server for Block Protocol
2019-07-13 14:38:33,715 INFO  ipc.Server (Server.java:stop(3082)) - Stopping server on 45043
2019-07-13 14:38:33,718 INFO  ipc.Server (Server.java:run(1185)) - Stopping IPC Server listener on 45043
2019-07-13 14:38:33,718 INFO  server.StorageContainerManager (StorageContainerManager.java:stop(825)) - Stopping the StorageContainerLocationProtocol RPC server
2019-07-13 14:38:33,720 INFO  ipc.Server (Server.java:run(1319)) - Stopping IPC Server Responder
2019-07-13 14:38:33,720 INFO  server.SCMClientProtocolServer (SCMClientProtocolServer.java:stop(157)) - Stopping the RPC server for Client Protocol
2019-07-13 14:38:33,720 INFO  ipc.Server (Server.java:stop(3082)) - Stopping server on 45490
2019-07-13 14:38:33,722 INFO  ipc.Server (Server.java:run(1185)) - Stopping IPC Server listener on 45490
2019-07-13 14:38:33,722 INFO  server.StorageContainerManager (StorageContainerManager.java:stop(832)) - Stopping Storage Container Manager HTTP server.
2019-07-13 14:38:33,723 INFO  ipc.Server (Server.java:run(1319)) - Stopping IPC Server Responder
2019-07-13 14:38:33,724 INFO  handler.ContextHandler (ContextHandler.java:doStop(910)) - Stopped o.e.j.w.WebAppContext@1822f675{/,null,UNAVAILABLE}{/scm}
2019-07-13 14:38:33,726 INFO  server.AbstractConnector (AbstractConnector.java:doStop(318)) - Stopped ServerConnector@34883fa2{HTTP/1.1,[http/1.1]}{0.0.0.0:0}
2019-07-13 14:38:33,726 INFO  handler.ContextHandler (ContextHandler.java:doStop(910)) - Stopped o.e.j.s.ServletContextHandler@32c503d3{/static,file:///tmp/workdir/hadoop-ozone/integration-test/target/test-classes/webapps/static,UNAVAILABLE}
2019-07-13 14:38:33,727 INFO  handler.ContextHandler (ContextHandler.java:doStop(910)) - Stopped o.e.j.s.ServletContextHandler@2079ce51{/logs,file:///tmp/workdir/hadoop-ozone/integration-test/target/log,UNAVAILABLE}
2019-07-13 14:38:33,728 INFO  server.StorageContainerManager (StorageContainerManager.java:stop(843)) - Stopping Block Manager Service.
2019-07-13 14:38:33,728 INFO  utils.BackgroundService (BackgroundService.java:shutdown(148)) - Shutting down service SCMBlockDeletingService
2019-07-13 14:38:33,728 INFO  utils.BackgroundService (BackgroundService.java:shutdown(148)) - Shutting down service SCMBlockDeletingService
2019-07-13 14:38:33,729 INFO  server.StorageContainerManager (StorageContainerManager.java:stop(865)) - Stopping SCM Event Queue.
2019-07-13 14:38:33,733 INFO  impl.MetricsSystemImpl (MetricsSystemImpl.java:stop(210)) - Stopping HddsDatanode metrics system...
2019-07-13 14:38:33,743 INFO  impl.MetricsSystemImpl (MetricsSystemImpl.java:stop(216)) - HddsDatanode metrics system stopped.
]]></system-out>
    <system-err><![CDATA[Jul 13, 2019 2:38:00 PM com.sun.jersey.server.impl.application.WebApplicationImpl _initiate
INFO: Initiating Jersey application, version 'Jersey: 1.19 02/11/2015 03:25 AM'
Jul 13, 2019 2:38:00 PM com.sun.jersey.server.impl.application.WebApplicationImpl _initiate
INFO: Initiating Jersey application, version 'Jersey: 1.19 02/11/2015 03:25 AM'
Jul 13, 2019 2:38:00 PM com.sun.jersey.server.impl.application.WebApplicationImpl _initiate
INFO: Initiating Jersey application, version 'Jersey: 1.19 02/11/2015 03:25 AM'
Jul 13, 2019 2:38:00 PM com.sun.jersey.server.impl.application.WebApplicationImpl _initiate
INFO: Initiating Jersey application, version 'Jersey: 1.19 02/11/2015 03:25 AM'
Jul 13, 2019 2:38:01 PM com.sun.jersey.server.impl.application.WebApplicationImpl _initiate
INFO: Initiating Jersey application, version 'Jersey: 1.19 02/11/2015 03:25 AM'
Jul 13, 2019 2:38:01 PM com.sun.jersey.server.impl.application.WebApplicationImpl _initiate
INFO: Initiating Jersey application, version 'Jersey: 1.19 02/11/2015 03:25 AM'
Jul 13, 2019 2:38:01 PM com.sun.jersey.server.impl.application.WebApplicationImpl _initiate
INFO: Initiating Jersey application, version 'Jersey: 1.19 02/11/2015 03:25 AM'
Jul 13, 2019 2:38:13 PM org.apache.ratis.thirdparty.io.grpc.internal.ManagedChannelOrphanWrapper$ManagedChannelReference cleanQueue
SEVERE: *~*~*~ Channel ManagedChannelImpl{logId=3547, target=192.168.5.172:33570} was not shutdown properly!!! ~*~*~*
    Make sure to call shutdown()/shutdownNow() and wait until awaitTermination() returns true.
java.lang.RuntimeException: ManagedChannel allocation site
	at org.apache.ratis.thirdparty.io.grpc.internal.ManagedChannelOrphanWrapper$ManagedChannelReference.<init>(ManagedChannelOrphanWrapper.java:103)
	at org.apache.ratis.thirdparty.io.grpc.internal.ManagedChannelOrphanWrapper.<init>(ManagedChannelOrphanWrapper.java:53)
	at org.apache.ratis.thirdparty.io.grpc.internal.ManagedChannelOrphanWrapper.<init>(ManagedChannelOrphanWrapper.java:44)
	at org.apache.ratis.thirdparty.io.grpc.internal.AbstractManagedChannelImplBuilder.build(AbstractManagedChannelImplBuilder.java:411)
	at org.apache.ratis.grpc.client.GrpcClientProtocolClient.<init>(GrpcClientProtocolClient.java:119)
	at org.apache.ratis.grpc.client.GrpcClientRpc.lambda$new$0(GrpcClientRpc.java:55)
	at org.apache.ratis.util.PeerProxyMap$PeerAndProxy.lambda$getProxy$0(PeerProxyMap.java:61)
	at org.apache.ratis.util.LifeCycle.startAndTransition(LifeCycle.java:202)
	at org.apache.ratis.util.PeerProxyMap$PeerAndProxy.getProxy(PeerProxyMap.java:60)
	at org.apache.ratis.util.PeerProxyMap.getProxy(PeerProxyMap.java:107)
	at org.apache.ratis.grpc.client.GrpcClientRpc.sendRequestAsync(GrpcClientRpc.java:66)
	at org.apache.ratis.client.impl.OrderedAsync.sendRequest(OrderedAsync.java:208)
	at org.apache.ratis.client.impl.OrderedAsync.sendRequestWithRetry(OrderedAsync.java:169)
	at org.apache.ratis.util.SlidingWindow$Client.sendOrDelayRequest(SlidingWindow.java:278)
	at org.apache.ratis.util.SlidingWindow$Client.retry(SlidingWindow.java:294)
	at org.apache.ratis.client.impl.OrderedAsync.lambda$scheduleWithTimeout$7(OrderedAsync.java:195)
	at org.apache.ratis.util.TimeoutScheduler.lambda$onTimeout$0(TimeoutScheduler.java:85)
	at org.apache.ratis.util.TimeoutScheduler.lambda$onTimeout$1(TimeoutScheduler.java:104)
	at org.apache.ratis.util.LogUtils.runAndLog(LogUtils.java:50)
	at org.apache.ratis.util.LogUtils$1.run(LogUtils.java:91)
	at java.util.concurrent.Executors$RunnableAdapter.call(Executors.java:511)
	at java.util.concurrent.FutureTask.run(FutureTask.java:266)
	at java.util.concurrent.ScheduledThreadPoolExecutor$ScheduledFutureTask.access$201(ScheduledThreadPoolExecutor.java:180)
	at java.util.concurrent.ScheduledThreadPoolExecutor$ScheduledFutureTask.run(ScheduledThreadPoolExecutor.java:293)
	at java.util.concurrent.ThreadPoolExecutor.runWorker(ThreadPoolExecutor.java:1149)
	at java.util.concurrent.ThreadPoolExecutor$Worker.run(ThreadPoolExecutor.java:624)
	at java.lang.Thread.run(Thread.java:748)

]]></system-err>
  </testcase>
</testsuite>