<?xml version="1.0" encoding="UTF-8"?>
<testsuite xmlns:xsi="http://www.w3.org/2001/XMLSchema-instance" xsi:noNamespaceSchemaLocation="https://maven.apache.org/surefire/maven-surefire-plugin/xsd/surefire-test-report.xsd" name="org.apache.hadoop.ozone.freon.TestRandomKeyGenerator" time="152.111" tests="5" errors="1" skipped="0" failures="0">
  <properties>
    <property name="awt.toolkit" value="sun.awt.X11.XToolkit"/>
    <property name="file.encoding.pkg" value="sun.io"/>
    <property name="java.specification.version" value="1.8"/>
    <property name="sun.cpu.isalist" value=""/>
    <property name="sun.jnu.encoding" value="UTF-8"/>
    <property name="java.class.path" value="/tmp/workdir/hadoop-ozone/tools/target/test-classes:/tmp/workdir/hadoop-ozone/tools/target/classes:/tmp/workdir/hadoop-ozone/ozone-manager/target/classes:/tmp/workdir/hadoop-hdds/docs/target/classes:/home/user/.m2/repository/org/bouncycastle/bcprov-jdk15on/1.60/bcprov-jdk15on-1.60.jar:/tmp/workdir/hadoop-ozone/common/target/classes:/home/user/.m2/repository/org/apache/commons/commons-compress/1.4.1/commons-compress-1.4.1.jar:/home/user/.m2/repository/org/tukaani/xz/1.0/xz-1.0.jar:/home/user/.m2/repository/org/apache/hadoop/hadoop-hdfs-client/3.2.0/hadoop-hdfs-client-3.2.0.jar:/home/user/.m2/repository/com/fasterxml/jackson/core/jackson-annotations/2.9.5/jackson-annotations-2.9.5.jar:/tmp/workdir/hadoop-hdds/common/target/classes:/tmp/workdir/hadoop-hdds/config/target/classes:/home/user/.m2/repository/javax/annotation/javax.annotation-api/1.2/javax.annotation-api-1.2.jar:/home/user/.m2/repository/org/apache/ratis/ratis-server/0.4.0-2337318-SNAPSHOT/ratis-server-0.4.0-2337318-SNAPSHOT.jar:/home/user/.m2/repository/org/apache/ratis/ratis-thirdparty-misc/0.2.0/ratis-thirdparty-misc-0.2.0.jar:/home/user/.m2/repository/org/apache/ratis/ratis-proto/0.4.0-2337318-SNAPSHOT/ratis-proto-0.4.0-2337318-SNAPSHOT.jar:/home/user/.m2/repository/org/apache/ratis/ratis-common/0.4.0-2337318-SNAPSHOT/ratis-common-0.4.0-2337318-SNAPSHOT.jar:/home/user/.m2/repository/org/apache/ratis/ratis-client/0.4.0-2337318-SNAPSHOT/ratis-client-0.4.0-2337318-SNAPSHOT.jar:/home/user/.m2/repository/org/apache/ratis/ratis-metrics/0.4.0-2337318-SNAPSHOT/ratis-metrics-0.4.0-2337318-SNAPSHOT.jar:/home/user/.m2/repository/org/apache/ratis/ratis-netty/0.4.0-2337318-SNAPSHOT/ratis-netty-0.4.0-2337318-SNAPSHOT.jar:/home/user/.m2/repository/org/apache/ratis/ratis-grpc/0.4.0-2337318-SNAPSHOT/ratis-grpc-0.4.0-2337318-SNAPSHOT.jar:/home/user/.m2/repository/org/rocksdb/rocksdbjni/6.0.1/rocksdbjni-6.0.1.jar:/home/user/.m2/repository/org/apache/logging/log4j/log4j-api/2.11.0/log4j-api-2.11.0.jar:/home/user/.m2/repository/org/apache/logging/log4j/log4j-core/2.11.0/log4j-core-2.11.0.jar:/home/user/.m2/repository/com/lmax/disruptor/3.4.2/disruptor-3.4.2.jar:/home/user/.m2/repository/org/apache/commons/commons-pool2/2.6.0/commons-pool2-2.6.0.jar:/home/user/.m2/repository/org/bouncycastle/bcpkix-jdk15on/1.60/bcpkix-jdk15on-1.60.jar:/home/user/.m2/repository/commons-validator/commons-validator/1.6/commons-validator-1.6.jar:/home/user/.m2/repository/commons-digester/commons-digester/1.8.1/commons-digester-1.8.1.jar:/home/user/.m2/repository/io/jaegertracing/jaeger-client/0.33.1/jaeger-client-0.33.1.jar:/home/user/.m2/repository/io/jaegertracing/jaeger-thrift/0.33.1/jaeger-thrift-0.33.1.jar:/home/user/.m2/repository/org/apache/thrift/libthrift/0.11.0/libthrift-0.11.0.jar:/home/user/.m2/repository/com/squareup/okhttp3/okhttp/3.9.0/okhttp-3.9.0.jar:/home/user/.m2/repository/com/squareup/okio/okio/1.13.0/okio-1.13.0.jar:/home/user/.m2/repository/io/jaegertracing/jaeger-core/0.33.1/jaeger-core-0.33.1.jar:/home/user/.m2/repository/io/jaegertracing/jaeger-tracerresolver/0.33.1/jaeger-tracerresolver-0.33.1.jar:/home/user/.m2/repository/io/opentracing/contrib/opentracing-tracerresolver/0.1.5/opentracing-tracerresolver-0.1.5.jar:/home/user/.m2/repository/io/opentracing/opentracing-util/0.31.0/opentracing-util-0.31.0.jar:/home/user/.m2/repository/io/opentracing/opentracing-api/0.31.0/opentracing-api-0.31.0.jar:/home/user/.m2/repository/io/opentracing/opentracing-noop/0.31.0/opentracing-noop-0.31.0.jar:/home/user/.m2/repository/org/yaml/snakeyaml/1.16/snakeyaml-1.16.jar:/tmp/workdir/hadoop-hdds/container-service/target/classes:/tmp/workdir/hadoop-hdds/client/target/classes:/tmp/workdir/hadoop-hdds/tools/target/classes:/home/user/.m2/repository/org/xerial/sqlite-jdbc/3.25.2/sqlite-jdbc-3.25.2.jar:/tmp/workdir/hadoop-hdds/server-scm/target/classes:/home/user/.m2/repository/org/hamcrest/hamcrest-all/1.3/hamcrest-all-1.3.jar:/home/user/.m2/repository/info/picocli/picocli/3.9.6/picocli-3.9.6.jar:/home/user/.m2/repository/com/google/protobuf/protobuf-java/2.5.0/protobuf-java-2.5.0.jar:/home/user/.m2/repository/com/google/guava/guava/11.0.2/guava-11.0.2.jar:/tmp/workdir/hadoop-ozone/client/target/classes:/home/user/.m2/repository/org/apache/hadoop/hadoop-ozone-filesystem/0.5.0-SNAPSHOT/hadoop-ozone-filesystem-0.5.0-SNAPSHOT.jar:/tmp/workdir/hadoop-hdds/framework/target/classes:/home/user/.m2/repository/org/apache/hadoop/hadoop-common/3.2.0/hadoop-common-3.2.0.jar:/home/user/.m2/repository/org/apache/hadoop/hadoop-annotations/3.2.0/hadoop-annotations-3.2.0.jar:/usr/lib/jvm/java-1.8-openjdk/jre/../lib/tools.jar:/home/user/.m2/repository/commons-cli/commons-cli/1.2/commons-cli-1.2.jar:/home/user/.m2/repository/org/apache/commons/commons-math3/3.1.1/commons-math3-3.1.1.jar:/home/user/.m2/repository/org/apache/httpcomponents/httpclient/4.5.2/httpclient-4.5.2.jar:/home/user/.m2/repository/org/apache/httpcomponents/httpcore/4.4.4/httpcore-4.4.4.jar:/home/user/.m2/repository/commons-codec/commons-codec/1.11/commons-codec-1.11.jar:/home/user/.m2/repository/commons-io/commons-io/2.5/commons-io-2.5.jar:/home/user/.m2/repository/commons-net/commons-net/3.6/commons-net-3.6.jar:/home/user/.m2/repository/commons-collections/commons-collections/3.2.2/commons-collections-3.2.2.jar:/home/user/.m2/repository/javax/servlet/javax.servlet-api/3.1.0/javax.servlet-api-3.1.0.jar:/home/user/.m2/repository/org/eclipse/jetty/jetty-server/9.3.24.v20180605/jetty-server-9.3.24.v20180605.jar:/home/user/.m2/repository/org/eclipse/jetty/jetty-http/9.3.24.v20180605/jetty-http-9.3.24.v20180605.jar:/home/user/.m2/repository/org/eclipse/jetty/jetty-io/9.3.24.v20180605/jetty-io-9.3.24.v20180605.jar:/home/user/.m2/repository/org/eclipse/jetty/jetty-util/9.3.24.v20180605/jetty-util-9.3.24.v20180605.jar:/home/user/.m2/repository/org/eclipse/jetty/jetty-servlet/9.3.24.v20180605/jetty-servlet-9.3.24.v20180605.jar:/home/user/.m2/repository/org/eclipse/jetty/jetty-security/9.3.24.v20180605/jetty-security-9.3.24.v20180605.jar:/home/user/.m2/repository/org/eclipse/jetty/jetty-webapp/9.3.24.v20180605/jetty-webapp-9.3.24.v20180605.jar:/home/user/.m2/repository/org/eclipse/jetty/jetty-xml/9.3.24.v20180605/jetty-xml-9.3.24.v20180605.jar:/home/user/.m2/repository/javax/servlet/jsp/jsp-api/2.1/jsp-api-2.1.jar:/home/user/.m2/repository/com/sun/jersey/jersey-core/1.19/jersey-core-1.19.jar:/home/user/.m2/repository/javax/ws/rs/jsr311-api/1.1.1/jsr311-api-1.1.1.jar:/home/user/.m2/repository/com/sun/jersey/jersey-servlet/1.19/jersey-servlet-1.19.jar:/home/user/.m2/repository/com/sun/jersey/jersey-json/1.19/jersey-json-1.19.jar:/home/user/.m2/repository/org/codehaus/jettison/jettison/1.1/jettison-1.1.jar:/home/user/.m2/repository/com/sun/xml/bind/jaxb-impl/2.3.0.1/jaxb-impl-2.3.0.1.jar:/home/user/.m2/repository/org/codehaus/jackson/jackson-core-asl/1.9.13/jackson-core-asl-1.9.13.jar:/home/user/.m2/repository/org/codehaus/jackson/jackson-mapper-asl/1.9.13/jackson-mapper-asl-1.9.13.jar:/home/user/.m2/repository/org/codehaus/jackson/jackson-jaxrs/1.9.13/jackson-jaxrs-1.9.13.jar:/home/user/.m2/repository/org/codehaus/jackson/jackson-xc/1.9.13/jackson-xc-1.9.13.jar:/home/user/.m2/repository/com/sun/jersey/jersey-server/1.19/jersey-server-1.19.jar:/home/user/.m2/repository/commons-logging/commons-logging/1.1.3/commons-logging-1.1.3.jar:/home/user/.m2/repository/log4j/log4j/1.2.17/log4j-1.2.17.jar:/home/user/.m2/repository/commons-beanutils/commons-beanutils/1.9.3/commons-beanutils-1.9.3.jar:/home/user/.m2/repository/org/apache/commons/commons-configuration2/2.1.1/commons-configuration2-2.1.1.jar:/home/user/.m2/repository/org/apache/commons/commons-lang3/3.7/commons-lang3-3.7.jar:/home/user/.m2/repository/org/apache/commons/commons-text/1.4/commons-text-1.4.jar:/home/user/.m2/repository/org/slf4j/slf4j-api/1.7.25/slf4j-api-1.7.25.jar:/home/user/.m2/repository/org/slf4j/slf4j-log4j12/1.7.25/slf4j-log4j12-1.7.25.jar:/home/user/.m2/repository/org/apache/avro/avro/1.7.7/avro-1.7.7.jar:/home/user/.m2/repository/com/thoughtworks/paranamer/paranamer/2.3/paranamer-2.3.jar:/home/user/.m2/repository/org/xerial/snappy/snappy-java/1.0.5/snappy-java-1.0.5.jar:/home/user/.m2/repository/com/google/re2j/re2j/1.1/re2j-1.1.jar:/home/user/.m2/repository/com/google/code/gson/gson/2.2.4/gson-2.2.4.jar:/home/user/.m2/repository/org/apache/hadoop/hadoop-auth/3.2.0/hadoop-auth-3.2.0.jar:/home/user/.m2/repository/com/nimbusds/nimbus-jose-jwt/4.41.1/nimbus-jose-jwt-4.41.1.jar:/home/user/.m2/repository/com/github/stephenc/jcip/jcip-annotations/1.0-1/jcip-annotations-1.0-1.jar:/home/user/.m2/repository/net/minidev/json-smart/2.3/json-smart-2.3.jar:/home/user/.m2/repository/net/minidev/accessors-smart/1.2/accessors-smart-1.2.jar:/home/user/.m2/repository/org/apache/curator/curator-framework/2.12.0/curator-framework-2.12.0.jar:/home/user/.m2/repository/com/jcraft/jsch/0.1.54/jsch-0.1.54.jar:/home/user/.m2/repository/org/apache/curator/curator-client/2.12.0/curator-client-2.12.0.jar:/home/user/.m2/repository/org/apache/curator/curator-recipes/2.12.0/curator-recipes-2.12.0.jar:/home/user/.m2/repository/com/google/code/findbugs/jsr305/3.0.0/jsr305-3.0.0.jar:/home/user/.m2/repository/org/apache/htrace/htrace-core4/4.1.0-incubating/htrace-core4-4.1.0-incubating.jar:/home/user/.m2/repository/org/apache/zookeeper/zookeeper/3.4.13/zookeeper-3.4.13.jar:/home/user/.m2/repository/org/apache/yetus/audience-annotations/0.5.0/audience-annotations-0.5.0.jar:/home/user/.m2/repository/org/apache/kerby/kerb-simplekdc/1.0.1/kerb-simplekdc-1.0.1.jar:/home/user/.m2/repository/org/apache/kerby/kerb-client/1.0.1/kerb-client-1.0.1.jar:/home/user/.m2/repository/org/apache/kerby/kerby-config/1.0.1/kerby-config-1.0.1.jar:/home/user/.m2/repository/org/apache/kerby/kerb-core/1.0.1/kerb-core-1.0.1.jar:/home/user/.m2/repository/org/apache/kerby/kerby-pkix/1.0.1/kerby-pkix-1.0.1.jar:/home/user/.m2/repository/org/apache/kerby/kerby-asn1/1.0.1/kerby-asn1-1.0.1.jar:/home/user/.m2/repository/org/apache/kerby/kerby-util/1.0.1/kerby-util-1.0.1.jar:/home/user/.m2/repository/org/apache/kerby/kerb-common/1.0.1/kerb-common-1.0.1.jar:/home/user/.m2/repository/org/apache/kerby/kerb-crypto/1.0.1/kerb-crypto-1.0.1.jar:/home/user/.m2/repository/org/apache/kerby/kerb-util/1.0.1/kerb-util-1.0.1.jar:/home/user/.m2/repository/org/apache/kerby/token-provider/1.0.1/token-provider-1.0.1.jar:/home/user/.m2/repository/org/apache/kerby/kerb-admin/1.0.1/kerb-admin-1.0.1.jar:/home/user/.m2/repository/org/apache/kerby/kerb-server/1.0.1/kerb-server-1.0.1.jar:/home/user/.m2/repository/org/apache/kerby/kerb-identity/1.0.1/kerb-identity-1.0.1.jar:/home/user/.m2/repository/org/apache/kerby/kerby-xdr/1.0.1/kerby-xdr-1.0.1.jar:/home/user/.m2/repository/com/fasterxml/jackson/core/jackson-databind/2.9.5/jackson-databind-2.9.5.jar:/home/user/.m2/repository/com/fasterxml/jackson/core/jackson-core/2.9.5/jackson-core-2.9.5.jar:/home/user/.m2/repository/org/codehaus/woodstox/stax2-api/3.1.4/stax2-api-3.1.4.jar:/home/user/.m2/repository/com/fasterxml/woodstox/woodstox-core/5.0.3/woodstox-core-5.0.3.jar:/home/user/.m2/repository/dnsjava/dnsjava/2.1.7/dnsjava-2.1.7.jar:/home/user/.m2/repository/org/apache/hadoop/hadoop-hdfs/3.2.0/hadoop-hdfs-3.2.0.jar:/home/user/.m2/repository/org/eclipse/jetty/jetty-util-ajax/9.3.24.v20180605/jetty-util-ajax-9.3.24.v20180605.jar:/home/user/.m2/repository/commons-daemon/commons-daemon/1.0.13/commons-daemon-1.0.13.jar:/home/user/.m2/repository/io/netty/netty/3.10.5.Final/netty-3.10.5.Final.jar:/home/user/.m2/repository/io/netty/netty-all/4.0.52.Final/netty-all-4.0.52.Final.jar:/home/user/.m2/repository/org/fusesource/leveldbjni/leveldbjni-all/1.8/leveldbjni-all-1.8.jar:/home/user/.m2/repository/com/sun/xml/bind/jaxb-core/2.3.0.1/jaxb-core-2.3.0.1.jar:/home/user/.m2/repository/javax/xml/bind/jaxb-api/2.3.0/jaxb-api-2.3.0.jar:/home/user/.m2/repository/javax/activation/activation/1.1.1/activation-1.1.1.jar:/home/user/.m2/repository/io/dropwizard/metrics/metrics-core/3.2.4/metrics-core-3.2.4.jar:/home/user/.m2/repository/org/openjdk/jmh/jmh-core/1.19/jmh-core-1.19.jar:/home/user/.m2/repository/net/sf/jopt-simple/jopt-simple/4.6/jopt-simple-4.6.jar:/home/user/.m2/repository/org/openjdk/jmh/jmh-generator-annprocess/1.19/jmh-generator-annprocess-1.19.jar:/home/user/.m2/repository/com/google/code/findbugs/findbugs/3.0.1/findbugs-3.0.1.jar:/home/user/.m2/repository/net/jcip/jcip-annotations/1.0/jcip-annotations-1.0.jar:/home/user/.m2/repository/com/google/code/findbugs/bcel-findbugs/6.0/bcel-findbugs-6.0.jar:/home/user/.m2/repository/com/google/code/findbugs/jFormatString/2.0.1/jFormatString-2.0.1.jar:/home/user/.m2/repository/dom4j/dom4j/1.6.1/dom4j-1.6.1.jar:/home/user/.m2/repository/xml-apis/xml-apis/1.0.b2/xml-apis-1.0.b2.jar:/home/user/.m2/repository/org/ow2/asm/asm-debug-all/5.0.2/asm-debug-all-5.0.2.jar:/home/user/.m2/repository/org/ow2/asm/asm-commons/5.0.2/asm-commons-5.0.2.jar:/home/user/.m2/repository/org/ow2/asm/asm-tree/5.0.2/asm-tree-5.0.2.jar:/home/user/.m2/repository/org/ow2/asm/asm/5.0.4/asm-5.0.4.jar:/home/user/.m2/repository/commons-lang/commons-lang/2.6/commons-lang-2.6.jar:/home/user/.m2/repository/com/apple/AppleJavaExtensions/1.4/AppleJavaExtensions-1.4.jar:/home/user/.m2/repository/jaxen/jaxen/1.1.6/jaxen-1.1.6.jar:/home/user/.m2/repository/junit/junit/4.11/junit-4.11.jar:/home/user/.m2/repository/org/hamcrest/hamcrest-core/1.3/hamcrest-core-1.3.jar:/home/user/.m2/repository/org/apache/hadoop/hadoop-common/3.2.0/hadoop-common-3.2.0-tests.jar:/home/user/.m2/repository/org/apache/hadoop/hadoop-ozone-integration-test/0.5.0-SNAPSHOT/hadoop-ozone-integration-test-0.5.0-SNAPSHOT-tests.jar:/tmp/workdir/hadoop-ozone/objectstore-service/target/classes:/tmp/workdir/hadoop-ozone/s3gateway/target/classes:/home/user/.m2/repository/org/jboss/weld/servlet/weld-servlet/2.4.7.Final/weld-servlet-2.4.7.Final.jar:/home/user/.m2/repository/org/glassfish/jersey/containers/jersey-container-servlet-core/2.27/jersey-container-servlet-core-2.27.jar:/home/user/.m2/repository/org/glassfish/hk2/external/javax.inject/2.5.0-b42/javax.inject-2.5.0-b42.jar:/home/user/.m2/repository/org/glassfish/jersey/core/jersey-common/2.27/jersey-common-2.27.jar:/home/user/.m2/repository/org/glassfish/hk2/osgi-resource-locator/1.0.1/osgi-resource-locator-1.0.1.jar:/home/user/.m2/repository/javax/ws/rs/javax.ws.rs-api/2.1/javax.ws.rs-api-2.1.jar:/home/user/.m2/repository/org/glassfish/jersey/ext/cdi/jersey-cdi1x/2.27/jersey-cdi1x-2.27.jar:/home/user/.m2/repository/org/glassfish/jersey/inject/jersey-hk2/2.27/jersey-hk2-2.27.jar:/home/user/.m2/repository/org/glassfish/hk2/hk2-locator/2.5.0-b42/hk2-locator-2.5.0-b42.jar:/home/user/.m2/repository/org/javassist/javassist/3.22.0-CR2/javassist-3.22.0-CR2.jar:/home/user/.m2/repository/org/glassfish/hk2/hk2-api/2.5.0/hk2-api-2.5.0.jar:/home/user/.m2/repository/org/glassfish/hk2/external/jakarta.inject/2.5.0/jakarta.inject-2.5.0.jar:/home/user/.m2/repository/org/glassfish/hk2/hk2-utils/2.5.0/hk2-utils-2.5.0.jar:/home/user/.m2/repository/jakarta/annotation/jakarta.annotation-api/1.3.4/jakarta.annotation-api-1.3.4.jar:/home/user/.m2/repository/org/glassfish/hk2/external/aopalliance-repackaged/2.5.0/aopalliance-repackaged-2.5.0.jar:/home/user/.m2/repository/com/fasterxml/jackson/dataformat/jackson-dataformat-xml/2.9.0/jackson-dataformat-xml-2.9.0.jar:/home/user/.m2/repository/com/fasterxml/jackson/module/jackson-module-jaxb-annotations/2.9.5/jackson-module-jaxb-annotations-2.9.5.jar:/home/user/.m2/repository/javax/enterprise/cdi-api/1.2/cdi-api-1.2.jar:/home/user/.m2/repository/javax/el/javax.el-api/3.0.0/javax.el-api-3.0.0.jar:/home/user/.m2/repository/javax/interceptor/javax.interceptor-api/1.2/javax.interceptor-api-1.2.jar:/home/user/.m2/repository/javax/inject/javax.inject/1/javax.inject-1.jar:/tmp/workdir/hadoop-ozone/csi/target/classes:/home/user/.m2/repository/com/google/protobuf/protobuf-java-util/3.5.1/protobuf-java-util-3.5.1.jar:/home/user/.m2/repository/io/grpc/grpc-netty/1.17.1/grpc-netty-1.17.1.jar:/home/user/.m2/repository/io/grpc/grpc-core/1.17.1/grpc-core-1.17.1.jar:/home/user/.m2/repository/io/grpc/grpc-context/1.17.1/grpc-context-1.17.1.jar:/home/user/.m2/repository/com/google/errorprone/error_prone_annotations/2.2.0/error_prone_annotations-2.2.0.jar:/home/user/.m2/repository/org/codehaus/mojo/animal-sniffer-annotations/1.17/animal-sniffer-annotations-1.17.jar:/home/user/.m2/repository/io/opencensus/opencensus-api/0.17.0/opencensus-api-0.17.0.jar:/home/user/.m2/repository/io/opencensus/opencensus-contrib-grpc-metrics/0.17.0/opencensus-contrib-grpc-metrics-0.17.0.jar:/home/user/.m2/repository/io/netty/netty-codec-http2/4.1.30.Final/netty-codec-http2-4.1.30.Final.jar:/home/user/.m2/repository/io/netty/netty-codec-http/4.1.30.Final/netty-codec-http-4.1.30.Final.jar:/home/user/.m2/repository/io/netty/netty-codec/4.1.30.Final/netty-codec-4.1.30.Final.jar:/home/user/.m2/repository/io/netty/netty-handler/4.1.30.Final/netty-handler-4.1.30.Final.jar:/home/user/.m2/repository/io/netty/netty-handler-proxy/4.1.30.Final/netty-handler-proxy-4.1.30.Final.jar:/home/user/.m2/repository/io/netty/netty-codec-socks/4.1.30.Final/netty-codec-socks-4.1.30.Final.jar:/home/user/.m2/repository/io/netty/netty-transport-native-epoll/4.1.30.Final/netty-transport-native-epoll-4.1.30.Final.jar:/home/user/.m2/repository/io/netty/netty-common/4.1.30.Final/netty-common-4.1.30.Final.jar:/home/user/.m2/repository/io/netty/netty-buffer/4.1.30.Final/netty-buffer-4.1.30.Final.jar:/home/user/.m2/repository/io/netty/netty-transport/4.1.30.Final/netty-transport-4.1.30.Final.jar:/home/user/.m2/repository/io/netty/netty-resolver/4.1.30.Final/netty-resolver-4.1.30.Final.jar:/home/user/.m2/repository/io/netty/netty-transport-native-unix-common/4.1.30.Final/netty-transport-native-unix-common-4.1.30.Final.jar:/home/user/.m2/repository/io/grpc/grpc-protobuf/1.17.1/grpc-protobuf-1.17.1.jar:/home/user/.m2/repository/com/google/api/grpc/proto-google-common-protos/1.0.0/proto-google-common-protos-1.0.0.jar:/home/user/.m2/repository/io/grpc/grpc-protobuf-lite/1.17.1/grpc-protobuf-lite-1.17.1.jar:/home/user/.m2/repository/io/grpc/grpc-stub/1.17.1/grpc-stub-1.17.1.jar:/tmp/workdir/hadoop-ozone/ozone-recon/target/classes:/tmp/workdir/hadoop-ozone/ozone-recon-codegen/target/classes:/home/user/.m2/repository/com/google/inject/extensions/guice-multibindings/4.0/guice-multibindings-4.0.jar:/home/user/.m2/repository/com/google/inject/guice/4.0/guice-4.0.jar:/home/user/.m2/repository/aopalliance/aopalliance/1.0/aopalliance-1.0.jar:/home/user/.m2/repository/com/google/inject/extensions/guice-servlet/4.0/guice-servlet-4.0.jar:/home/user/.m2/repository/org/glassfish/jersey/containers/jersey-container-servlet/2.27/jersey-container-servlet-2.27.jar:/home/user/.m2/repository/org/glassfish/hk2/guice-bridge/2.5.0/guice-bridge-2.5.0.jar:/home/user/.m2/repository/org/glassfish/jersey/core/jersey-server/2.27/jersey-server-2.27.jar:/home/user/.m2/repository/org/glassfish/jersey/core/jersey-client/2.27/jersey-client-2.27.jar:/home/user/.m2/repository/org/glassfish/jersey/media/jersey-media-jaxb/2.27/jersey-media-jaxb-2.27.jar:/home/user/.m2/repository/javax/validation/validation-api/1.1.0.Final/validation-api-1.1.0.Final.jar:/home/user/.m2/repository/org/glassfish/jersey/media/jersey-media-json-jackson/2.27/jersey-media-json-jackson-2.27.jar:/home/user/.m2/repository/org/glassfish/jersey/ext/jersey-entity-filtering/2.27/jersey-entity-filtering-2.27.jar:/home/user/.m2/repository/com/google/inject/extensions/guice-assistedinject/4.0/guice-assistedinject-4.0.jar:/home/user/.m2/repository/org/jooq/jooq/3.11.10/jooq-3.11.10.jar:/home/user/.m2/repository/org/jooq/jooq-meta/3.11.10/jooq-meta-3.11.10.jar:/home/user/.m2/repository/org/jooq/jooq-codegen/3.11.10/jooq-codegen-3.11.10.jar:/home/user/.m2/repository/com/jolbox/bonecp/0.8.0.RELEASE/bonecp-0.8.0.RELEASE.jar:/home/user/.m2/repository/org/springframework/spring-jdbc/5.1.3.RELEASE/spring-jdbc-5.1.3.RELEASE.jar:/home/user/.m2/repository/org/springframework/spring-beans/5.1.3.RELEASE/spring-beans-5.1.3.RELEASE.jar:/home/user/.m2/repository/org/springframework/spring-core/5.1.3.RELEASE/spring-core-5.1.3.RELEASE.jar:/home/user/.m2/repository/org/springframework/spring-jcl/5.1.3.RELEASE/spring-jcl-5.1.3.RELEASE.jar:/home/user/.m2/repository/org/springframework/spring-tx/5.1.3.RELEASE/spring-tx-5.1.3.RELEASE.jar:/home/user/.m2/repository/org/mockito/mockito-core/2.15.0/mockito-core-2.15.0.jar:/home/user/.m2/repository/net/bytebuddy/byte-buddy/1.7.9/byte-buddy-1.7.9.jar:/home/user/.m2/repository/net/bytebuddy/byte-buddy-agent/1.7.9/byte-buddy-agent-1.7.9.jar:/home/user/.m2/repository/org/objenesis/objenesis/1.0/objenesis-1.0.jar:"/>
    <property name="java.vm.vendor" value="IcedTea"/>
    <property name="sun.arch.data.model" value="64"/>
    <property name="test.build.dir" value="/tmp/workdir/hadoop-ozone/tools/target/test-dir"/>
    <property name="test.cache.data" value=""/>
    <property name="java.vendor.url" value="https://icedtea.classpath.org"/>
    <property name="user.timezone" value=""/>
    <property name="java.vm.specification.version" value="1.8"/>
    <property name="os.name" value="Linux"/>
    <property name="test.build.data" value="/tmp/workdir/hadoop-ozone/tools/target/test-dir"/>
    <property name="user.country" value="US"/>
    <property name="sun.java.launcher" value="SUN_STANDARD"/>
    <property name="sun.boot.library.path" value="/usr/lib/jvm/java-1.8-openjdk/jre/lib/amd64"/>
    <property name="sun.java.command" value="/tmp/workdir/hadoop-ozone/tools/target/surefire/surefirebooter3510980963537764582.jar /tmp/workdir/hadoop-ozone/tools/target/surefire 2019-07-08T14-11-06_721-jvmRun1 surefire7602937814117256284tmp surefire_102755793437005298015tmp"/>
    <property name="surefire.test.class.path" value="/tmp/workdir/hadoop-ozone/tools/target/test-classes:/tmp/workdir/hadoop-ozone/tools/target/classes:/tmp/workdir/hadoop-ozone/ozone-manager/target/classes:/tmp/workdir/hadoop-hdds/docs/target/classes:/home/user/.m2/repository/org/bouncycastle/bcprov-jdk15on/1.60/bcprov-jdk15on-1.60.jar:/tmp/workdir/hadoop-ozone/common/target/classes:/home/user/.m2/repository/org/apache/commons/commons-compress/1.4.1/commons-compress-1.4.1.jar:/home/user/.m2/repository/org/tukaani/xz/1.0/xz-1.0.jar:/home/user/.m2/repository/org/apache/hadoop/hadoop-hdfs-client/3.2.0/hadoop-hdfs-client-3.2.0.jar:/home/user/.m2/repository/com/fasterxml/jackson/core/jackson-annotations/2.9.5/jackson-annotations-2.9.5.jar:/tmp/workdir/hadoop-hdds/common/target/classes:/tmp/workdir/hadoop-hdds/config/target/classes:/home/user/.m2/repository/javax/annotation/javax.annotation-api/1.2/javax.annotation-api-1.2.jar:/home/user/.m2/repository/org/apache/ratis/ratis-server/0.4.0-2337318-SNAPSHOT/ratis-server-0.4.0-2337318-SNAPSHOT.jar:/home/user/.m2/repository/org/apache/ratis/ratis-thirdparty-misc/0.2.0/ratis-thirdparty-misc-0.2.0.jar:/home/user/.m2/repository/org/apache/ratis/ratis-proto/0.4.0-2337318-SNAPSHOT/ratis-proto-0.4.0-2337318-SNAPSHOT.jar:/home/user/.m2/repository/org/apache/ratis/ratis-common/0.4.0-2337318-SNAPSHOT/ratis-common-0.4.0-2337318-SNAPSHOT.jar:/home/user/.m2/repository/org/apache/ratis/ratis-client/0.4.0-2337318-SNAPSHOT/ratis-client-0.4.0-2337318-SNAPSHOT.jar:/home/user/.m2/repository/org/apache/ratis/ratis-metrics/0.4.0-2337318-SNAPSHOT/ratis-metrics-0.4.0-2337318-SNAPSHOT.jar:/home/user/.m2/repository/org/apache/ratis/ratis-netty/0.4.0-2337318-SNAPSHOT/ratis-netty-0.4.0-2337318-SNAPSHOT.jar:/home/user/.m2/repository/org/apache/ratis/ratis-grpc/0.4.0-2337318-SNAPSHOT/ratis-grpc-0.4.0-2337318-SNAPSHOT.jar:/home/user/.m2/repository/org/rocksdb/rocksdbjni/6.0.1/rocksdbjni-6.0.1.jar:/home/user/.m2/repository/org/apache/logging/log4j/log4j-api/2.11.0/log4j-api-2.11.0.jar:/home/user/.m2/repository/org/apache/logging/log4j/log4j-core/2.11.0/log4j-core-2.11.0.jar:/home/user/.m2/repository/com/lmax/disruptor/3.4.2/disruptor-3.4.2.jar:/home/user/.m2/repository/org/apache/commons/commons-pool2/2.6.0/commons-pool2-2.6.0.jar:/home/user/.m2/repository/org/bouncycastle/bcpkix-jdk15on/1.60/bcpkix-jdk15on-1.60.jar:/home/user/.m2/repository/commons-validator/commons-validator/1.6/commons-validator-1.6.jar:/home/user/.m2/repository/commons-digester/commons-digester/1.8.1/commons-digester-1.8.1.jar:/home/user/.m2/repository/io/jaegertracing/jaeger-client/0.33.1/jaeger-client-0.33.1.jar:/home/user/.m2/repository/io/jaegertracing/jaeger-thrift/0.33.1/jaeger-thrift-0.33.1.jar:/home/user/.m2/repository/org/apache/thrift/libthrift/0.11.0/libthrift-0.11.0.jar:/home/user/.m2/repository/com/squareup/okhttp3/okhttp/3.9.0/okhttp-3.9.0.jar:/home/user/.m2/repository/com/squareup/okio/okio/1.13.0/okio-1.13.0.jar:/home/user/.m2/repository/io/jaegertracing/jaeger-core/0.33.1/jaeger-core-0.33.1.jar:/home/user/.m2/repository/io/jaegertracing/jaeger-tracerresolver/0.33.1/jaeger-tracerresolver-0.33.1.jar:/home/user/.m2/repository/io/opentracing/contrib/opentracing-tracerresolver/0.1.5/opentracing-tracerresolver-0.1.5.jar:/home/user/.m2/repository/io/opentracing/opentracing-util/0.31.0/opentracing-util-0.31.0.jar:/home/user/.m2/repository/io/opentracing/opentracing-api/0.31.0/opentracing-api-0.31.0.jar:/home/user/.m2/repository/io/opentracing/opentracing-noop/0.31.0/opentracing-noop-0.31.0.jar:/home/user/.m2/repository/org/yaml/snakeyaml/1.16/snakeyaml-1.16.jar:/tmp/workdir/hadoop-hdds/container-service/target/classes:/tmp/workdir/hadoop-hdds/client/target/classes:/tmp/workdir/hadoop-hdds/tools/target/classes:/home/user/.m2/repository/org/xerial/sqlite-jdbc/3.25.2/sqlite-jdbc-3.25.2.jar:/tmp/workdir/hadoop-hdds/server-scm/target/classes:/home/user/.m2/repository/org/hamcrest/hamcrest-all/1.3/hamcrest-all-1.3.jar:/home/user/.m2/repository/info/picocli/picocli/3.9.6/picocli-3.9.6.jar:/home/user/.m2/repository/com/google/protobuf/protobuf-java/2.5.0/protobuf-java-2.5.0.jar:/home/user/.m2/repository/com/google/guava/guava/11.0.2/guava-11.0.2.jar:/tmp/workdir/hadoop-ozone/client/target/classes:/home/user/.m2/repository/org/apache/hadoop/hadoop-ozone-filesystem/0.5.0-SNAPSHOT/hadoop-ozone-filesystem-0.5.0-SNAPSHOT.jar:/tmp/workdir/hadoop-hdds/framework/target/classes:/home/user/.m2/repository/org/apache/hadoop/hadoop-common/3.2.0/hadoop-common-3.2.0.jar:/home/user/.m2/repository/org/apache/hadoop/hadoop-annotations/3.2.0/hadoop-annotations-3.2.0.jar:/usr/lib/jvm/java-1.8-openjdk/jre/../lib/tools.jar:/home/user/.m2/repository/commons-cli/commons-cli/1.2/commons-cli-1.2.jar:/home/user/.m2/repository/org/apache/commons/commons-math3/3.1.1/commons-math3-3.1.1.jar:/home/user/.m2/repository/org/apache/httpcomponents/httpclient/4.5.2/httpclient-4.5.2.jar:/home/user/.m2/repository/org/apache/httpcomponents/httpcore/4.4.4/httpcore-4.4.4.jar:/home/user/.m2/repository/commons-codec/commons-codec/1.11/commons-codec-1.11.jar:/home/user/.m2/repository/commons-io/commons-io/2.5/commons-io-2.5.jar:/home/user/.m2/repository/commons-net/commons-net/3.6/commons-net-3.6.jar:/home/user/.m2/repository/commons-collections/commons-collections/3.2.2/commons-collections-3.2.2.jar:/home/user/.m2/repository/javax/servlet/javax.servlet-api/3.1.0/javax.servlet-api-3.1.0.jar:/home/user/.m2/repository/org/eclipse/jetty/jetty-server/9.3.24.v20180605/jetty-server-9.3.24.v20180605.jar:/home/user/.m2/repository/org/eclipse/jetty/jetty-http/9.3.24.v20180605/jetty-http-9.3.24.v20180605.jar:/home/user/.m2/repository/org/eclipse/jetty/jetty-io/9.3.24.v20180605/jetty-io-9.3.24.v20180605.jar:/home/user/.m2/repository/org/eclipse/jetty/jetty-util/9.3.24.v20180605/jetty-util-9.3.24.v20180605.jar:/home/user/.m2/repository/org/eclipse/jetty/jetty-servlet/9.3.24.v20180605/jetty-servlet-9.3.24.v20180605.jar:/home/user/.m2/repository/org/eclipse/jetty/jetty-security/9.3.24.v20180605/jetty-security-9.3.24.v20180605.jar:/home/user/.m2/repository/org/eclipse/jetty/jetty-webapp/9.3.24.v20180605/jetty-webapp-9.3.24.v20180605.jar:/home/user/.m2/repository/org/eclipse/jetty/jetty-xml/9.3.24.v20180605/jetty-xml-9.3.24.v20180605.jar:/home/user/.m2/repository/javax/servlet/jsp/jsp-api/2.1/jsp-api-2.1.jar:/home/user/.m2/repository/com/sun/jersey/jersey-core/1.19/jersey-core-1.19.jar:/home/user/.m2/repository/javax/ws/rs/jsr311-api/1.1.1/jsr311-api-1.1.1.jar:/home/user/.m2/repository/com/sun/jersey/jersey-servlet/1.19/jersey-servlet-1.19.jar:/home/user/.m2/repository/com/sun/jersey/jersey-json/1.19/jersey-json-1.19.jar:/home/user/.m2/repository/org/codehaus/jettison/jettison/1.1/jettison-1.1.jar:/home/user/.m2/repository/com/sun/xml/bind/jaxb-impl/2.3.0.1/jaxb-impl-2.3.0.1.jar:/home/user/.m2/repository/org/codehaus/jackson/jackson-core-asl/1.9.13/jackson-core-asl-1.9.13.jar:/home/user/.m2/repository/org/codehaus/jackson/jackson-mapper-asl/1.9.13/jackson-mapper-asl-1.9.13.jar:/home/user/.m2/repository/org/codehaus/jackson/jackson-jaxrs/1.9.13/jackson-jaxrs-1.9.13.jar:/home/user/.m2/repository/org/codehaus/jackson/jackson-xc/1.9.13/jackson-xc-1.9.13.jar:/home/user/.m2/repository/com/sun/jersey/jersey-server/1.19/jersey-server-1.19.jar:/home/user/.m2/repository/commons-logging/commons-logging/1.1.3/commons-logging-1.1.3.jar:/home/user/.m2/repository/log4j/log4j/1.2.17/log4j-1.2.17.jar:/home/user/.m2/repository/commons-beanutils/commons-beanutils/1.9.3/commons-beanutils-1.9.3.jar:/home/user/.m2/repository/org/apache/commons/commons-configuration2/2.1.1/commons-configuration2-2.1.1.jar:/home/user/.m2/repository/org/apache/commons/commons-lang3/3.7/commons-lang3-3.7.jar:/home/user/.m2/repository/org/apache/commons/commons-text/1.4/commons-text-1.4.jar:/home/user/.m2/repository/org/slf4j/slf4j-api/1.7.25/slf4j-api-1.7.25.jar:/home/user/.m2/repository/org/slf4j/slf4j-log4j12/1.7.25/slf4j-log4j12-1.7.25.jar:/home/user/.m2/repository/org/apache/avro/avro/1.7.7/avro-1.7.7.jar:/home/user/.m2/repository/com/thoughtworks/paranamer/paranamer/2.3/paranamer-2.3.jar:/home/user/.m2/repository/org/xerial/snappy/snappy-java/1.0.5/snappy-java-1.0.5.jar:/home/user/.m2/repository/com/google/re2j/re2j/1.1/re2j-1.1.jar:/home/user/.m2/repository/com/google/code/gson/gson/2.2.4/gson-2.2.4.jar:/home/user/.m2/repository/org/apache/hadoop/hadoop-auth/3.2.0/hadoop-auth-3.2.0.jar:/home/user/.m2/repository/com/nimbusds/nimbus-jose-jwt/4.41.1/nimbus-jose-jwt-4.41.1.jar:/home/user/.m2/repository/com/github/stephenc/jcip/jcip-annotations/1.0-1/jcip-annotations-1.0-1.jar:/home/user/.m2/repository/net/minidev/json-smart/2.3/json-smart-2.3.jar:/home/user/.m2/repository/net/minidev/accessors-smart/1.2/accessors-smart-1.2.jar:/home/user/.m2/repository/org/apache/curator/curator-framework/2.12.0/curator-framework-2.12.0.jar:/home/user/.m2/repository/com/jcraft/jsch/0.1.54/jsch-0.1.54.jar:/home/user/.m2/repository/org/apache/curator/curator-client/2.12.0/curator-client-2.12.0.jar:/home/user/.m2/repository/org/apache/curator/curator-recipes/2.12.0/curator-recipes-2.12.0.jar:/home/user/.m2/repository/com/google/code/findbugs/jsr305/3.0.0/jsr305-3.0.0.jar:/home/user/.m2/repository/org/apache/htrace/htrace-core4/4.1.0-incubating/htrace-core4-4.1.0-incubating.jar:/home/user/.m2/repository/org/apache/zookeeper/zookeeper/3.4.13/zookeeper-3.4.13.jar:/home/user/.m2/repository/org/apache/yetus/audience-annotations/0.5.0/audience-annotations-0.5.0.jar:/home/user/.m2/repository/org/apache/kerby/kerb-simplekdc/1.0.1/kerb-simplekdc-1.0.1.jar:/home/user/.m2/repository/org/apache/kerby/kerb-client/1.0.1/kerb-client-1.0.1.jar:/home/user/.m2/repository/org/apache/kerby/kerby-config/1.0.1/kerby-config-1.0.1.jar:/home/user/.m2/repository/org/apache/kerby/kerb-core/1.0.1/kerb-core-1.0.1.jar:/home/user/.m2/repository/org/apache/kerby/kerby-pkix/1.0.1/kerby-pkix-1.0.1.jar:/home/user/.m2/repository/org/apache/kerby/kerby-asn1/1.0.1/kerby-asn1-1.0.1.jar:/home/user/.m2/repository/org/apache/kerby/kerby-util/1.0.1/kerby-util-1.0.1.jar:/home/user/.m2/repository/org/apache/kerby/kerb-common/1.0.1/kerb-common-1.0.1.jar:/home/user/.m2/repository/org/apache/kerby/kerb-crypto/1.0.1/kerb-crypto-1.0.1.jar:/home/user/.m2/repository/org/apache/kerby/kerb-util/1.0.1/kerb-util-1.0.1.jar:/home/user/.m2/repository/org/apache/kerby/token-provider/1.0.1/token-provider-1.0.1.jar:/home/user/.m2/repository/org/apache/kerby/kerb-admin/1.0.1/kerb-admin-1.0.1.jar:/home/user/.m2/repository/org/apache/kerby/kerb-server/1.0.1/kerb-server-1.0.1.jar:/home/user/.m2/repository/org/apache/kerby/kerb-identity/1.0.1/kerb-identity-1.0.1.jar:/home/user/.m2/repository/org/apache/kerby/kerby-xdr/1.0.1/kerby-xdr-1.0.1.jar:/home/user/.m2/repository/com/fasterxml/jackson/core/jackson-databind/2.9.5/jackson-databind-2.9.5.jar:/home/user/.m2/repository/com/fasterxml/jackson/core/jackson-core/2.9.5/jackson-core-2.9.5.jar:/home/user/.m2/repository/org/codehaus/woodstox/stax2-api/3.1.4/stax2-api-3.1.4.jar:/home/user/.m2/repository/com/fasterxml/woodstox/woodstox-core/5.0.3/woodstox-core-5.0.3.jar:/home/user/.m2/repository/dnsjava/dnsjava/2.1.7/dnsjava-2.1.7.jar:/home/user/.m2/repository/org/apache/hadoop/hadoop-hdfs/3.2.0/hadoop-hdfs-3.2.0.jar:/home/user/.m2/repository/org/eclipse/jetty/jetty-util-ajax/9.3.24.v20180605/jetty-util-ajax-9.3.24.v20180605.jar:/home/user/.m2/repository/commons-daemon/commons-daemon/1.0.13/commons-daemon-1.0.13.jar:/home/user/.m2/repository/io/netty/netty/3.10.5.Final/netty-3.10.5.Final.jar:/home/user/.m2/repository/io/netty/netty-all/4.0.52.Final/netty-all-4.0.52.Final.jar:/home/user/.m2/repository/org/fusesource/leveldbjni/leveldbjni-all/1.8/leveldbjni-all-1.8.jar:/home/user/.m2/repository/com/sun/xml/bind/jaxb-core/2.3.0.1/jaxb-core-2.3.0.1.jar:/home/user/.m2/repository/javax/xml/bind/jaxb-api/2.3.0/jaxb-api-2.3.0.jar:/home/user/.m2/repository/javax/activation/activation/1.1.1/activation-1.1.1.jar:/home/user/.m2/repository/io/dropwizard/metrics/metrics-core/3.2.4/metrics-core-3.2.4.jar:/home/user/.m2/repository/org/openjdk/jmh/jmh-core/1.19/jmh-core-1.19.jar:/home/user/.m2/repository/net/sf/jopt-simple/jopt-simple/4.6/jopt-simple-4.6.jar:/home/user/.m2/repository/org/openjdk/jmh/jmh-generator-annprocess/1.19/jmh-generator-annprocess-1.19.jar:/home/user/.m2/repository/com/google/code/findbugs/findbugs/3.0.1/findbugs-3.0.1.jar:/home/user/.m2/repository/net/jcip/jcip-annotations/1.0/jcip-annotations-1.0.jar:/home/user/.m2/repository/com/google/code/findbugs/bcel-findbugs/6.0/bcel-findbugs-6.0.jar:/home/user/.m2/repository/com/google/code/findbugs/jFormatString/2.0.1/jFormatString-2.0.1.jar:/home/user/.m2/repository/dom4j/dom4j/1.6.1/dom4j-1.6.1.jar:/home/user/.m2/repository/xml-apis/xml-apis/1.0.b2/xml-apis-1.0.b2.jar:/home/user/.m2/repository/org/ow2/asm/asm-debug-all/5.0.2/asm-debug-all-5.0.2.jar:/home/user/.m2/repository/org/ow2/asm/asm-commons/5.0.2/asm-commons-5.0.2.jar:/home/user/.m2/repository/org/ow2/asm/asm-tree/5.0.2/asm-tree-5.0.2.jar:/home/user/.m2/repository/org/ow2/asm/asm/5.0.4/asm-5.0.4.jar:/home/user/.m2/repository/commons-lang/commons-lang/2.6/commons-lang-2.6.jar:/home/user/.m2/repository/com/apple/AppleJavaExtensions/1.4/AppleJavaExtensions-1.4.jar:/home/user/.m2/repository/jaxen/jaxen/1.1.6/jaxen-1.1.6.jar:/home/user/.m2/repository/junit/junit/4.11/junit-4.11.jar:/home/user/.m2/repository/org/hamcrest/hamcrest-core/1.3/hamcrest-core-1.3.jar:/home/user/.m2/repository/org/apache/hadoop/hadoop-common/3.2.0/hadoop-common-3.2.0-tests.jar:/home/user/.m2/repository/org/apache/hadoop/hadoop-ozone-integration-test/0.5.0-SNAPSHOT/hadoop-ozone-integration-test-0.5.0-SNAPSHOT-tests.jar:/tmp/workdir/hadoop-ozone/objectstore-service/target/classes:/tmp/workdir/hadoop-ozone/s3gateway/target/classes:/home/user/.m2/repository/org/jboss/weld/servlet/weld-servlet/2.4.7.Final/weld-servlet-2.4.7.Final.jar:/home/user/.m2/repository/org/glassfish/jersey/containers/jersey-container-servlet-core/2.27/jersey-container-servlet-core-2.27.jar:/home/user/.m2/repository/org/glassfish/hk2/external/javax.inject/2.5.0-b42/javax.inject-2.5.0-b42.jar:/home/user/.m2/repository/org/glassfish/jersey/core/jersey-common/2.27/jersey-common-2.27.jar:/home/user/.m2/repository/org/glassfish/hk2/osgi-resource-locator/1.0.1/osgi-resource-locator-1.0.1.jar:/home/user/.m2/repository/javax/ws/rs/javax.ws.rs-api/2.1/javax.ws.rs-api-2.1.jar:/home/user/.m2/repository/org/glassfish/jersey/ext/cdi/jersey-cdi1x/2.27/jersey-cdi1x-2.27.jar:/home/user/.m2/repository/org/glassfish/jersey/inject/jersey-hk2/2.27/jersey-hk2-2.27.jar:/home/user/.m2/repository/org/glassfish/hk2/hk2-locator/2.5.0-b42/hk2-locator-2.5.0-b42.jar:/home/user/.m2/repository/org/javassist/javassist/3.22.0-CR2/javassist-3.22.0-CR2.jar:/home/user/.m2/repository/org/glassfish/hk2/hk2-api/2.5.0/hk2-api-2.5.0.jar:/home/user/.m2/repository/org/glassfish/hk2/external/jakarta.inject/2.5.0/jakarta.inject-2.5.0.jar:/home/user/.m2/repository/org/glassfish/hk2/hk2-utils/2.5.0/hk2-utils-2.5.0.jar:/home/user/.m2/repository/jakarta/annotation/jakarta.annotation-api/1.3.4/jakarta.annotation-api-1.3.4.jar:/home/user/.m2/repository/org/glassfish/hk2/external/aopalliance-repackaged/2.5.0/aopalliance-repackaged-2.5.0.jar:/home/user/.m2/repository/com/fasterxml/jackson/dataformat/jackson-dataformat-xml/2.9.0/jackson-dataformat-xml-2.9.0.jar:/home/user/.m2/repository/com/fasterxml/jackson/module/jackson-module-jaxb-annotations/2.9.5/jackson-module-jaxb-annotations-2.9.5.jar:/home/user/.m2/repository/javax/enterprise/cdi-api/1.2/cdi-api-1.2.jar:/home/user/.m2/repository/javax/el/javax.el-api/3.0.0/javax.el-api-3.0.0.jar:/home/user/.m2/repository/javax/interceptor/javax.interceptor-api/1.2/javax.interceptor-api-1.2.jar:/home/user/.m2/repository/javax/inject/javax.inject/1/javax.inject-1.jar:/tmp/workdir/hadoop-ozone/csi/target/classes:/home/user/.m2/repository/com/google/protobuf/protobuf-java-util/3.5.1/protobuf-java-util-3.5.1.jar:/home/user/.m2/repository/io/grpc/grpc-netty/1.17.1/grpc-netty-1.17.1.jar:/home/user/.m2/repository/io/grpc/grpc-core/1.17.1/grpc-core-1.17.1.jar:/home/user/.m2/repository/io/grpc/grpc-context/1.17.1/grpc-context-1.17.1.jar:/home/user/.m2/repository/com/google/errorprone/error_prone_annotations/2.2.0/error_prone_annotations-2.2.0.jar:/home/user/.m2/repository/org/codehaus/mojo/animal-sniffer-annotations/1.17/animal-sniffer-annotations-1.17.jar:/home/user/.m2/repository/io/opencensus/opencensus-api/0.17.0/opencensus-api-0.17.0.jar:/home/user/.m2/repository/io/opencensus/opencensus-contrib-grpc-metrics/0.17.0/opencensus-contrib-grpc-metrics-0.17.0.jar:/home/user/.m2/repository/io/netty/netty-codec-http2/4.1.30.Final/netty-codec-http2-4.1.30.Final.jar:/home/user/.m2/repository/io/netty/netty-codec-http/4.1.30.Final/netty-codec-http-4.1.30.Final.jar:/home/user/.m2/repository/io/netty/netty-codec/4.1.30.Final/netty-codec-4.1.30.Final.jar:/home/user/.m2/repository/io/netty/netty-handler/4.1.30.Final/netty-handler-4.1.30.Final.jar:/home/user/.m2/repository/io/netty/netty-handler-proxy/4.1.30.Final/netty-handler-proxy-4.1.30.Final.jar:/home/user/.m2/repository/io/netty/netty-codec-socks/4.1.30.Final/netty-codec-socks-4.1.30.Final.jar:/home/user/.m2/repository/io/netty/netty-transport-native-epoll/4.1.30.Final/netty-transport-native-epoll-4.1.30.Final.jar:/home/user/.m2/repository/io/netty/netty-common/4.1.30.Final/netty-common-4.1.30.Final.jar:/home/user/.m2/repository/io/netty/netty-buffer/4.1.30.Final/netty-buffer-4.1.30.Final.jar:/home/user/.m2/repository/io/netty/netty-transport/4.1.30.Final/netty-transport-4.1.30.Final.jar:/home/user/.m2/repository/io/netty/netty-resolver/4.1.30.Final/netty-resolver-4.1.30.Final.jar:/home/user/.m2/repository/io/netty/netty-transport-native-unix-common/4.1.30.Final/netty-transport-native-unix-common-4.1.30.Final.jar:/home/user/.m2/repository/io/grpc/grpc-protobuf/1.17.1/grpc-protobuf-1.17.1.jar:/home/user/.m2/repository/com/google/api/grpc/proto-google-common-protos/1.0.0/proto-google-common-protos-1.0.0.jar:/home/user/.m2/repository/io/grpc/grpc-protobuf-lite/1.17.1/grpc-protobuf-lite-1.17.1.jar:/home/user/.m2/repository/io/grpc/grpc-stub/1.17.1/grpc-stub-1.17.1.jar:/tmp/workdir/hadoop-ozone/ozone-recon/target/classes:/tmp/workdir/hadoop-ozone/ozone-recon-codegen/target/classes:/home/user/.m2/repository/com/google/inject/extensions/guice-multibindings/4.0/guice-multibindings-4.0.jar:/home/user/.m2/repository/com/google/inject/guice/4.0/guice-4.0.jar:/home/user/.m2/repository/aopalliance/aopalliance/1.0/aopalliance-1.0.jar:/home/user/.m2/repository/com/google/inject/extensions/guice-servlet/4.0/guice-servlet-4.0.jar:/home/user/.m2/repository/org/glassfish/jersey/containers/jersey-container-servlet/2.27/jersey-container-servlet-2.27.jar:/home/user/.m2/repository/org/glassfish/hk2/guice-bridge/2.5.0/guice-bridge-2.5.0.jar:/home/user/.m2/repository/org/glassfish/jersey/core/jersey-server/2.27/jersey-server-2.27.jar:/home/user/.m2/repository/org/glassfish/jersey/core/jersey-client/2.27/jersey-client-2.27.jar:/home/user/.m2/repository/org/glassfish/jersey/media/jersey-media-jaxb/2.27/jersey-media-jaxb-2.27.jar:/home/user/.m2/repository/javax/validation/validation-api/1.1.0.Final/validation-api-1.1.0.Final.jar:/home/user/.m2/repository/org/glassfish/jersey/media/jersey-media-json-jackson/2.27/jersey-media-json-jackson-2.27.jar:/home/user/.m2/repository/org/glassfish/jersey/ext/jersey-entity-filtering/2.27/jersey-entity-filtering-2.27.jar:/home/user/.m2/repository/com/google/inject/extensions/guice-assistedinject/4.0/guice-assistedinject-4.0.jar:/home/user/.m2/repository/org/jooq/jooq/3.11.10/jooq-3.11.10.jar:/home/user/.m2/repository/org/jooq/jooq-meta/3.11.10/jooq-meta-3.11.10.jar:/home/user/.m2/repository/org/jooq/jooq-codegen/3.11.10/jooq-codegen-3.11.10.jar:/home/user/.m2/repository/com/jolbox/bonecp/0.8.0.RELEASE/bonecp-0.8.0.RELEASE.jar:/home/user/.m2/repository/org/springframework/spring-jdbc/5.1.3.RELEASE/spring-jdbc-5.1.3.RELEASE.jar:/home/user/.m2/repository/org/springframework/spring-beans/5.1.3.RELEASE/spring-beans-5.1.3.RELEASE.jar:/home/user/.m2/repository/org/springframework/spring-core/5.1.3.RELEASE/spring-core-5.1.3.RELEASE.jar:/home/user/.m2/repository/org/springframework/spring-jcl/5.1.3.RELEASE/spring-jcl-5.1.3.RELEASE.jar:/home/user/.m2/repository/org/springframework/spring-tx/5.1.3.RELEASE/spring-tx-5.1.3.RELEASE.jar:/home/user/.m2/repository/org/mockito/mockito-core/2.15.0/mockito-core-2.15.0.jar:/home/user/.m2/repository/net/bytebuddy/byte-buddy/1.7.9/byte-buddy-1.7.9.jar:/home/user/.m2/repository/net/bytebuddy/byte-buddy-agent/1.7.9/byte-buddy-agent-1.7.9.jar:/home/user/.m2/repository/org/objenesis/objenesis/1.0/objenesis-1.0.jar:"/>
    <property name="sun.cpu.endian" value="little"/>
    <property name="user.home" value="/home/user"/>
    <property name="user.language" value="en"/>
    <property name="java.specification.vendor" value="Oracle Corporation"/>
    <property name="java.home" value="/usr/lib/jvm/java-1.8-openjdk/jre"/>
    <property name="java.security.krb5.conf" value="/tmp/workdir/hadoop-ozone/tools/target/test-classes/krb5.conf"/>
    <property name="basedir" value="/tmp/workdir/hadoop-ozone/tools"/>
    <property name="file.separator" value="/"/>
    <property name="line.separator" value="&#10;"/>
    <property name="java.vm.specification.vendor" value="Oracle Corporation"/>
    <property name="java.specification.name" value="Java Platform API Specification"/>
    <property name="java.awt.graphicsenv" value="sun.awt.X11GraphicsEnvironment"/>
    <property name="surefire.real.class.path" value="/tmp/workdir/hadoop-ozone/tools/target/surefire/surefirebooter3510980963537764582.jar"/>
    <property name="hadoop.log.dir" value="/tmp/workdir/hadoop-ozone/tools/target/log"/>
    <property name="sun.boot.class.path" value="/usr/lib/jvm/java-1.8-openjdk/jre/lib/resources.jar:/usr/lib/jvm/java-1.8-openjdk/jre/lib/rt.jar:/usr/lib/jvm/java-1.8-openjdk/jre/lib/sunrsasign.jar:/usr/lib/jvm/java-1.8-openjdk/jre/lib/jsse.jar:/usr/lib/jvm/java-1.8-openjdk/jre/lib/jce.jar:/usr/lib/jvm/java-1.8-openjdk/jre/lib/charsets.jar:/usr/lib/jvm/java-1.8-openjdk/jre/lib/jfr.jar:/usr/lib/jvm/java-1.8-openjdk/jre/classes"/>
    <property name="sun.management.compiler" value="HotSpot 64-Bit Tiered Compilers"/>
    <property name="java.runtime.version" value="1.8.0_212-b04"/>
    <property name="java.net.preferIPv4Stack" value="true"/>
    <property name="user.name" value="jenkins1000"/>
    <property name="path.separator" value=":"/>
    <property name="java.security.egd" value="file:///dev/urandom"/>
    <property name="os.version" value="3.10.0-957.12.2.el7.x86_64"/>
    <property name="java.endorsed.dirs" value="/usr/lib/jvm/java-1.8-openjdk/jre/lib/endorsed"/>
    <property name="java.runtime.name" value="OpenJDK Runtime Environment"/>
    <property name="file.encoding" value="UTF-8"/>
    <property name="java.vm.name" value="OpenJDK 64-Bit Server VM"/>
    <property name="test.build.webapps" value=""/>
    <property name="localRepository" value="/home/user/.m2/repository"/>
    <property name="java.vendor.url.bug" value="https://icedtea.classpath.org/bugzilla"/>
    <property name="java.io.tmpdir" value="/tmp"/>
    <property name="require.test.libhadoop" value=""/>
    <property name="java.version" value="1.8.0_212"/>
    <property name="user.dir" value="/tmp/workdir/hadoop-ozone/tools"/>
    <property name="os.arch" value="amd64"/>
    <property name="java.vm.specification.name" value="Java Virtual Machine Specification"/>
    <property name="test.build.classes" value="/tmp/workdir/hadoop-ozone/tools/target/test-classes"/>
    <property name="java.awt.printerjob" value="sun.print.PSPrinterJob"/>
    <property name="sun.os.patch.level" value="unknown"/>
    <property name="hadoop.tmp.dir" value="/tmp/workdir/hadoop-ozone/tools/target/tmp"/>
    <property name="java.library.path" value="/usr/lib/jvm/java-1.8-openjdk/jre/lib/amd64/server:/usr/lib/jvm/java-1.8-openjdk/jre/lib/amd64:/usr/lib/jvm/java-1.8-openjdk/jre/../lib/amd64:/tmp/workdir/hadoop-ozone/tools/target/native/target/usr/local/lib:/tmp/workdir/hadoop-ozone/tools/../../hadoop-common-project/hadoop-common/target/native/target/usr/local/lib:/usr/java/packages/lib/amd64:/usr/lib64:/lib64:/lib:/usr/lib"/>
    <property name="java.vm.info" value="mixed mode"/>
    <property name="java.vendor" value="IcedTea"/>
    <property name="java.vm.version" value="25.212-b04"/>
    <property name="java.ext.dirs" value="/usr/lib/jvm/java-1.8-openjdk/jre/lib/ext:/usr/java/packages/lib/ext"/>
    <property name="sun.io.unicode.encoding" value="UnicodeLittle"/>
    <property name="java.class.version" value="52.0"/>
  </properties>
  <testcase name="ratisTest3" classname="org.apache.hadoop.ozone.freon.TestRandomKeyGenerator" time="5.351"/>
  <testcase name="testThreadPoolSize" classname="org.apache.hadoop.ozone.freon.TestRandomKeyGenerator" time="5.041"/>
  <testcase name="defaultTest" classname="org.apache.hadoop.ozone.freon.TestRandomKeyGenerator" time="5.024"/>
  <testcase name="bigFileThan2GB" classname="org.apache.hadoop.ozone.freon.TestRandomKeyGenerator" time="113.245">
    <error message="Allocated 0 blocks. Requested 1 blocks" type="INTERNAL_ERROR org.apache.hadoop.ozone.om.exceptions.OMException">INTERNAL_ERROR org.apache.hadoop.ozone.om.exceptions.OMException: Allocated 0 blocks. Requested 1 blocks
	at org.apache.hadoop.ozone.om.protocolPB.OzoneManagerProtocolClientSideTranslatorPB.handleError(OzoneManagerProtocolClientSideTranslatorPB.java:720)
	at org.apache.hadoop.ozone.om.protocolPB.OzoneManagerProtocolClientSideTranslatorPB.allocateBlock(OzoneManagerProtocolClientSideTranslatorPB.java:752)
	at org.apache.hadoop.ozone.client.io.BlockOutputStreamEntryPool.allocateNewBlock(BlockOutputStreamEntryPool.java:248)
	at org.apache.hadoop.ozone.client.io.BlockOutputStreamEntryPool.allocateBlockIfNeeded(BlockOutputStreamEntryPool.java:296)
	at org.apache.hadoop.ozone.client.io.KeyOutputStream.handleWrite(KeyOutputStream.java:201)
	at org.apache.hadoop.ozone.client.io.KeyOutputStream.write(KeyOutputStream.java:193)
	at org.apache.hadoop.ozone.client.io.OzoneOutputStream.write(OzoneOutputStream.java:49)
	at org.apache.hadoop.ozone.freon.RandomKeyGenerator$KeyProcessor.run(RandomKeyGenerator.java:693)
	at java.util.concurrent.Executors$RunnableAdapter.call(Executors.java:511)
	at java.util.concurrent.FutureTask.run(FutureTask.java:266)
	at java.util.concurrent.ThreadPoolExecutor.runWorker(ThreadPoolExecutor.java:1149)
	at java.util.concurrent.ThreadPoolExecutor$Worker.run(ThreadPoolExecutor.java:624)
	at java.lang.Thread.run(Thread.java:748)
</error>
    <system-out><![CDATA[2019-07-08 14:21:05,747 INFO  freon.RandomKeyGenerator (RandomKeyGenerator.java:call(262)) - Number of Threads: 1
2019-07-08 14:21:05,748 INFO  freon.RandomKeyGenerator (RandomKeyGenerator.java:call(267)) - Number of Volumes: 1.
2019-07-08 14:21:05,748 INFO  freon.RandomKeyGenerator (RandomKeyGenerator.java:call(268)) - Number of Buckets per Volume: 1.
2019-07-08 14:21:05,748 INFO  freon.RandomKeyGenerator (RandomKeyGenerator.java:call(269)) - Number of Keys per Bucket: 1.
2019-07-08 14:21:05,748 INFO  freon.RandomKeyGenerator (RandomKeyGenerator.java:call(270)) - Key size: 2147483657 bytes
2019-07-08 14:21:05,748 INFO  freon.RandomKeyGenerator (RandomKeyGenerator.java:call(271)) - Buffer size: 4096 bytes
2019-07-08 14:21:05,750 INFO  rpc.RpcClient (RpcClient.java:createVolume(289)) - Creating Volume: vol-0-94848, with jenkins1000 as owner.
2019-07-08 14:21:05,750 INFO  freon.RandomKeyGenerator (RandomKeyGenerator.java:call(286)) - Data validation is enabled.
2019-07-08 14:21:05,750 INFO  freon.RandomKeyGenerator (RandomKeyGenerator.java:call(299)) - Starting progress bar Thread.

 0.00% |█                                                                                                    |  0/1 Time: 0:00:002019-07-08 14:21:05,766 INFO  rpc.RpcClient (RpcClient.java:createBucket(426)) - Creating Bucket: vol-0-94848/bucket-0-20518, with Versioning false and Storage Type set to DISK and Encryption set to false 
2019-07-08 14:21:05,856 INFO  client.GrpcClientProtocolClient (GrpcClientProtocolClient.java:onNext(255)) - client-DE0880F50CF2->d3916bce-b37b-4246-83c6-d24846ba1a72: receive RaftClientReply:client-DE0880F50CF2->d3916bce-b37b-4246-83c6-d24846ba1a72@group-833AA35A7EDE, cid=600, FAILED org.apache.ratis.protocol.NotLeaderException: Server d3916bce-b37b-4246-83c6-d24846ba1a72 is not the leader (72f5ceaa-5b3b-4bc7-b846-41895f4ebd48:192.168.69.106:34861). Request must be sent to leader., logIndex=0, commits[d3916bce-b37b-4246-83c6-d24846ba1a72:c700, b4e1f7d4-4bb4-47ed-a9cb-53483a899fb2:c700, 72f5ceaa-5b3b-4bc7-b846-41895f4ebd48:c700]
2019-07-08 14:21:05,904 INFO  client.GrpcClientProtocolClient (GrpcClientProtocolClient.java:onNext(255)) - client-DE0880F50CF2->72f5ceaa-5b3b-4bc7-b846-41895f4ebd48: receive RaftClientReply:client-DE0880F50CF2->72f5ceaa-5b3b-4bc7-b846-41895f4ebd48@group-833AA35A7EDE, cid=600, SUCCESS, logIndex=701, commits[72f5ceaa-5b3b-4bc7-b846-41895f4ebd48:c701, b4e1f7d4-4bb4-47ed-a9cb-53483a899fb2:c700, d3916bce-b37b-4246-83c6-d24846ba1a72:c700]
2019-07-08 14:21:05,918 INFO  client.GrpcClientProtocolClient (GrpcClientProtocolClient.java:onNext(255)) - client-DE0880F50CF2->72f5ceaa-5b3b-4bc7-b846-41895f4ebd48: receive RaftClientReply:client-DE0880F50CF2->72f5ceaa-5b3b-4bc7-b846-41895f4ebd48@group-833AA35A7EDE, cid=601, SUCCESS, logIndex=703, commits[72f5ceaa-5b3b-4bc7-b846-41895f4ebd48:c703, b4e1f7d4-4bb4-47ed-a9cb-53483a899fb2:c701, d3916bce-b37b-4246-83c6-d24846ba1a72:c701]
2019-07-08 14:21:05,940 INFO  client.GrpcClientProtocolClient (GrpcClientProtocolClient.java:onNext(255)) - client-DE0880F50CF2->72f5ceaa-5b3b-4bc7-b846-41895f4ebd48: receive RaftClientReply:client-DE0880F50CF2->72f5ceaa-5b3b-4bc7-b846-41895f4ebd48@group-833AA35A7EDE, cid=602, SUCCESS, logIndex=705, commits[72f5ceaa-5b3b-4bc7-b846-41895f4ebd48:c706, b4e1f7d4-4bb4-47ed-a9cb-53483a899fb2:c703, d3916bce-b37b-4246-83c6-d24846ba1a72:c703]
2019-07-08 14:21:05,941 INFO  client.GrpcClientProtocolClient (GrpcClientProtocolClient.java:onNext(255)) - client-DE0880F50CF2->72f5ceaa-5b3b-4bc7-b846-41895f4ebd48: receive RaftClientReply:client-DE0880F50CF2->72f5ceaa-5b3b-4bc7-b846-41895f4ebd48@group-833AA35A7EDE, cid=603, SUCCESS, logIndex=706, commits[72f5ceaa-5b3b-4bc7-b846-41895f4ebd48:c706, b4e1f7d4-4bb4-47ed-a9cb-53483a899fb2:c703, d3916bce-b37b-4246-83c6-d24846ba1a72:c703]
2019-07-08 14:21:05,969 INFO  client.GrpcClientProtocolClient (GrpcClientProtocolClient.java:onNext(255)) - client-DE0880F50CF2->72f5ceaa-5b3b-4bc7-b846-41895f4ebd48: receive RaftClientReply:client-DE0880F50CF2->72f5ceaa-5b3b-4bc7-b846-41895f4ebd48@group-833AA35A7EDE, cid=604, SUCCESS, logIndex=709, commits[72f5ceaa-5b3b-4bc7-b846-41895f4ebd48:c709, b4e1f7d4-4bb4-47ed-a9cb-53483a899fb2:c706, d3916bce-b37b-4246-83c6-d24846ba1a72:c707]
2019-07-08 14:21:05,970 INFO  client.GrpcClientProtocolClient (GrpcClientProtocolClient.java:onNext(255)) - client-DE0880F50CF2->72f5ceaa-5b3b-4bc7-b846-41895f4ebd48: receive RaftClientReply:client-DE0880F50CF2->72f5ceaa-5b3b-4bc7-b846-41895f4ebd48@group-833AA35A7EDE, cid=605, SUCCESS, logIndex=710, commits[72f5ceaa-5b3b-4bc7-b846-41895f4ebd48:c710, b4e1f7d4-4bb4-47ed-a9cb-53483a899fb2:c707, d3916bce-b37b-4246-83c6-d24846ba1a72:c707]
2019-07-08 14:21:06,271 INFO  client.GrpcClientProtocolClient (GrpcClientProtocolClient.java:onNext(255)) - client-DE0880F50CF2->72f5ceaa-5b3b-4bc7-b846-41895f4ebd48: receive RaftClientReply:client-DE0880F50CF2->72f5ceaa-5b3b-4bc7-b846-41895f4ebd48@group-833AA35A7EDE, cid=606, SUCCESS, logIndex=713, commits[72f5ceaa-5b3b-4bc7-b846-41895f4ebd48:c714, b4e1f7d4-4bb4-47ed-a9cb-53483a899fb2:c710, d3916bce-b37b-4246-83c6-d24846ba1a72:c710]
2019-07-08 14:21:06,271 INFO  client.GrpcClientProtocolClient (GrpcClientProtocolClient.java:onNext(255)) - client-DE0880F50CF2->72f5ceaa-5b3b-4bc7-b846-41895f4ebd48: receive RaftClientReply:client-DE0880F50CF2->72f5ceaa-5b3b-4bc7-b846-41895f4ebd48@group-833AA35A7EDE, cid=607, SUCCESS, logIndex=714, commits[72f5ceaa-5b3b-4bc7-b846-41895f4ebd48:c714, b4e1f7d4-4bb4-47ed-a9cb-53483a899fb2:c710, d3916bce-b37b-4246-83c6-d24846ba1a72:c710]
2019-07-08 14:21:06,285 INFO  client.GrpcClientProtocolClient (GrpcClientProtocolClient.java:onNext(255)) - client-DE0880F50CF2->72f5ceaa-5b3b-4bc7-b846-41895f4ebd48: receive RaftClientReply:client-DE0880F50CF2->72f5ceaa-5b3b-4bc7-b846-41895f4ebd48@group-833AA35A7EDE, cid=608, SUCCESS, logIndex=0, commits[72f5ceaa-5b3b-4bc7-b846-41895f4ebd48:c715, b4e1f7d4-4bb4-47ed-a9cb-53483a899fb2:c714, d3916bce-b37b-4246-83c6-d24846ba1a72:c714]
2019-07-08 14:21:06,312 INFO  client.GrpcClientProtocolClient (GrpcClientProtocolClient.java:onNext(255)) - client-DE0880F50CF2->72f5ceaa-5b3b-4bc7-b846-41895f4ebd48: receive RaftClientReply:client-DE0880F50CF2->72f5ceaa-5b3b-4bc7-b846-41895f4ebd48@group-833AA35A7EDE, cid=609, SUCCESS, logIndex=717, commits[72f5ceaa-5b3b-4bc7-b846-41895f4ebd48:c718, b4e1f7d4-4bb4-47ed-a9cb-53483a899fb2:c716, d3916bce-b37b-4246-83c6-d24846ba1a72:c716]
2019-07-08 14:21:06,313 INFO  client.GrpcClientProtocolClient (GrpcClientProtocolClient.java:onNext(255)) - client-DE0880F50CF2->72f5ceaa-5b3b-4bc7-b846-41895f4ebd48: receive RaftClientReply:client-DE0880F50CF2->72f5ceaa-5b3b-4bc7-b846-41895f4ebd48@group-833AA35A7EDE, cid=610, SUCCESS, logIndex=718, commits[72f5ceaa-5b3b-4bc7-b846-41895f4ebd48:c720, b4e1f7d4-4bb4-47ed-a9cb-53483a899fb2:c716, d3916bce-b37b-4246-83c6-d24846ba1a72:c716]
2019-07-08 14:21:06,313 INFO  client.GrpcClientProtocolClient (GrpcClientProtocolClient.java:onNext(255)) - client-DE0880F50CF2->72f5ceaa-5b3b-4bc7-b846-41895f4ebd48: receive RaftClientReply:client-DE0880F50CF2->72f5ceaa-5b3b-4bc7-b846-41895f4ebd48@group-833AA35A7EDE, cid=611, SUCCESS, logIndex=719, commits[72f5ceaa-5b3b-4bc7-b846-41895f4ebd48:c720, b4e1f7d4-4bb4-47ed-a9cb-53483a899fb2:c716, d3916bce-b37b-4246-83c6-d24846ba1a72:c716]
2019-07-08 14:21:06,314 INFO  client.GrpcClientProtocolClient (GrpcClientProtocolClient.java:onNext(255)) - client-DE0880F50CF2->72f5ceaa-5b3b-4bc7-b846-41895f4ebd48: receive RaftClientReply:client-DE0880F50CF2->72f5ceaa-5b3b-4bc7-b846-41895f4ebd48@group-833AA35A7EDE, cid=612, SUCCESS, logIndex=720, commits[72f5ceaa-5b3b-4bc7-b846-41895f4ebd48:c721, b4e1f7d4-4bb4-47ed-a9cb-53483a899fb2:c716, d3916bce-b37b-4246-83c6-d24846ba1a72:c717]
2019-07-08 14:21:06,316 INFO  client.GrpcClientProtocolClient (GrpcClientProtocolClient.java:onNext(255)) - client-DE0880F50CF2->72f5ceaa-5b3b-4bc7-b846-41895f4ebd48: receive RaftClientReply:client-DE0880F50CF2->72f5ceaa-5b3b-4bc7-b846-41895f4ebd48@group-833AA35A7EDE, cid=613, SUCCESS, logIndex=0, commits[72f5ceaa-5b3b-4bc7-b846-41895f4ebd48:c723, b4e1f7d4-4bb4-47ed-a9cb-53483a899fb2:c720, d3916bce-b37b-4246-83c6-d24846ba1a72:c720]
2019-07-08 14:21:06,344 INFO  client.GrpcClientProtocolClient (GrpcClientProtocolClient.java:onNext(255)) - client-DE0880F50CF2->72f5ceaa-5b3b-4bc7-b846-41895f4ebd48: receive RaftClientReply:client-DE0880F50CF2->72f5ceaa-5b3b-4bc7-b846-41895f4ebd48@group-833AA35A7EDE, cid=614, SUCCESS, logIndex=724, commits[72f5ceaa-5b3b-4bc7-b846-41895f4ebd48:c725, b4e1f7d4-4bb4-47ed-a9cb-53483a899fb2:c723, d3916bce-b37b-4246-83c6-d24846ba1a72:c723]
2019-07-08 14:21:06,345 INFO  client.GrpcClientProtocolClient (GrpcClientProtocolClient.java:onNext(255)) - client-DE0880F50CF2->72f5ceaa-5b3b-4bc7-b846-41895f4ebd48: receive RaftClientReply:client-DE0880F50CF2->72f5ceaa-5b3b-4bc7-b846-41895f4ebd48@group-833AA35A7EDE, cid=615, SUCCESS, logIndex=725, commits[72f5ceaa-5b3b-4bc7-b846-41895f4ebd48:c725, b4e1f7d4-4bb4-47ed-a9cb-53483a899fb2:c723, d3916bce-b37b-4246-83c6-d24846ba1a72:c723]
2019-07-08 14:21:06,373 INFO  client.GrpcClientProtocolClient (GrpcClientProtocolClient.java:onNext(255)) - client-DE0880F50CF2->72f5ceaa-5b3b-4bc7-b846-41895f4ebd48: receive RaftClientReply:client-DE0880F50CF2->72f5ceaa-5b3b-4bc7-b846-41895f4ebd48@group-833AA35A7EDE, cid=616, SUCCESS, logIndex=728, commits[72f5ceaa-5b3b-4bc7-b846-41895f4ebd48:c729, b4e1f7d4-4bb4-47ed-a9cb-53483a899fb2:c725, d3916bce-b37b-4246-83c6-d24846ba1a72:c726]
2019-07-08 14:21:06,374 INFO  client.GrpcClientProtocolClient (GrpcClientProtocolClient.java:onNext(255)) - client-DE0880F50CF2->72f5ceaa-5b3b-4bc7-b846-41895f4ebd48: receive RaftClientReply:client-DE0880F50CF2->72f5ceaa-5b3b-4bc7-b846-41895f4ebd48@group-833AA35A7EDE, cid=617, SUCCESS, logIndex=729, commits[72f5ceaa-5b3b-4bc7-b846-41895f4ebd48:c729, b4e1f7d4-4bb4-47ed-a9cb-53483a899fb2:c725, d3916bce-b37b-4246-83c6-d24846ba1a72:c726]
2019-07-08 14:21:06,386 INFO  client.GrpcClientProtocolClient (GrpcClientProtocolClient.java:onNext(255)) - client-DE0880F50CF2->72f5ceaa-5b3b-4bc7-b846-41895f4ebd48: receive RaftClientReply:client-DE0880F50CF2->72f5ceaa-5b3b-4bc7-b846-41895f4ebd48@group-833AA35A7EDE, cid=618, SUCCESS, logIndex=0, commits[72f5ceaa-5b3b-4bc7-b846-41895f4ebd48:c731, b4e1f7d4-4bb4-47ed-a9cb-53483a899fb2:c729, d3916bce-b37b-4246-83c6-d24846ba1a72:c729]
2019-07-08 14:21:06,416 INFO  client.GrpcClientProtocolClient (GrpcClientProtocolClient.java:onNext(255)) - client-DE0880F50CF2->72f5ceaa-5b3b-4bc7-b846-41895f4ebd48: receive RaftClientReply:client-DE0880F50CF2->72f5ceaa-5b3b-4bc7-b846-41895f4ebd48@group-833AA35A7EDE, cid=619, SUCCESS, logIndex=732, commits[72f5ceaa-5b3b-4bc7-b846-41895f4ebd48:c735, b4e1f7d4-4bb4-47ed-a9cb-53483a899fb2:c731, d3916bce-b37b-4246-83c6-d24846ba1a72:c731]
2019-07-08 14:21:06,417 INFO  client.GrpcClientProtocolClient (GrpcClientProtocolClient.java:onNext(255)) - client-DE0880F50CF2->72f5ceaa-5b3b-4bc7-b846-41895f4ebd48: receive RaftClientReply:client-DE0880F50CF2->72f5ceaa-5b3b-4bc7-b846-41895f4ebd48@group-833AA35A7EDE, cid=620, SUCCESS, logIndex=733, commits[72f5ceaa-5b3b-4bc7-b846-41895f4ebd48:c735, b4e1f7d4-4bb4-47ed-a9cb-53483a899fb2:c731, d3916bce-b37b-4246-83c6-d24846ba1a72:c731]
2019-07-08 14:21:06,417 INFO  client.GrpcClientProtocolClient (GrpcClientProtocolClient.java:onNext(255)) - client-DE0880F50CF2->72f5ceaa-5b3b-4bc7-b846-41895f4ebd48: receive RaftClientReply:client-DE0880F50CF2->72f5ceaa-5b3b-4bc7-b846-41895f4ebd48@group-833AA35A7EDE, cid=621, SUCCESS, logIndex=734, commits[72f5ceaa-5b3b-4bc7-b846-41895f4ebd48:c735, b4e1f7d4-4bb4-47ed-a9cb-53483a899fb2:c731, d3916bce-b37b-4246-83c6-d24846ba1a72:c731]
2019-07-08 14:21:06,418 INFO  client.GrpcClientProtocolClient (GrpcClientProtocolClient.java:onNext(255)) - client-DE0880F50CF2->72f5ceaa-5b3b-4bc7-b846-41895f4ebd48: receive RaftClientReply:client-DE0880F50CF2->72f5ceaa-5b3b-4bc7-b846-41895f4ebd48@group-833AA35A7EDE, cid=622, SUCCESS, logIndex=735, commits[72f5ceaa-5b3b-4bc7-b846-41895f4ebd48:c735, b4e1f7d4-4bb4-47ed-a9cb-53483a899fb2:c731, d3916bce-b37b-4246-83c6-d24846ba1a72:c731]
2019-07-08 14:21:06,449 INFO  client.GrpcClientProtocolClient (GrpcClientProtocolClient.java:onNext(255)) - client-DE0880F50CF2->72f5ceaa-5b3b-4bc7-b846-41895f4ebd48: receive RaftClientReply:client-DE0880F50CF2->72f5ceaa-5b3b-4bc7-b846-41895f4ebd48@group-833AA35A7EDE, cid=623, SUCCESS, logIndex=0, commits[72f5ceaa-5b3b-4bc7-b846-41895f4ebd48:c738, b4e1f7d4-4bb4-47ed-a9cb-53483a899fb2:c733, d3916bce-b37b-4246-83c6-d24846ba1a72:c734]
2019-07-08 14:21:06,474 INFO  client.GrpcClientProtocolClient (GrpcClientProtocolClient.java:onNext(255)) - client-DE0880F50CF2->72f5ceaa-5b3b-4bc7-b846-41895f4ebd48: receive RaftClientReply:client-DE0880F50CF2->72f5ceaa-5b3b-4bc7-b846-41895f4ebd48@group-833AA35A7EDE, cid=624, SUCCESS, logIndex=740, commits[72f5ceaa-5b3b-4bc7-b846-41895f4ebd48:c741, b4e1f7d4-4bb4-47ed-a9cb-53483a899fb2:c739, d3916bce-b37b-4246-83c6-d24846ba1a72:c739]
2019-07-08 14:21:06,475 INFO  client.GrpcClientProtocolClient (GrpcClientProtocolClient.java:onNext(255)) - client-DE0880F50CF2->72f5ceaa-5b3b-4bc7-b846-41895f4ebd48: receive RaftClientReply:client-DE0880F50CF2->72f5ceaa-5b3b-4bc7-b846-41895f4ebd48@group-833AA35A7EDE, cid=625, SUCCESS, logIndex=741, commits[72f5ceaa-5b3b-4bc7-b846-41895f4ebd48:c741, b4e1f7d4-4bb4-47ed-a9cb-53483a899fb2:c739, d3916bce-b37b-4246-83c6-d24846ba1a72:c739]
2019-07-08 14:21:06,508 INFO  client.GrpcClientProtocolClient (GrpcClientProtocolClient.java:onNext(255)) - client-DE0880F50CF2->72f5ceaa-5b3b-4bc7-b846-41895f4ebd48: receive RaftClientReply:client-DE0880F50CF2->72f5ceaa-5b3b-4bc7-b846-41895f4ebd48@group-833AA35A7EDE, cid=626, SUCCESS, logIndex=744, commits[72f5ceaa-5b3b-4bc7-b846-41895f4ebd48:c745, b4e1f7d4-4bb4-47ed-a9cb-53483a899fb2:c741, d3916bce-b37b-4246-83c6-d24846ba1a72:c741]
2019-07-08 14:21:06,509 INFO  client.GrpcClientProtocolClient (GrpcClientProtocolClient.java:onNext(255)) - client-DE0880F50CF2->72f5ceaa-5b3b-4bc7-b846-41895f4ebd48: receive RaftClientReply:client-DE0880F50CF2->72f5ceaa-5b3b-4bc7-b846-41895f4ebd48@group-833AA35A7EDE, cid=627, SUCCESS, logIndex=745, commits[72f5ceaa-5b3b-4bc7-b846-41895f4ebd48:c745, b4e1f7d4-4bb4-47ed-a9cb-53483a899fb2:c741, d3916bce-b37b-4246-83c6-d24846ba1a72:c741]
2019-07-08 14:21:06,520 INFO  client.GrpcClientProtocolClient (GrpcClientProtocolClient.java:onNext(255)) - client-DE0880F50CF2->72f5ceaa-5b3b-4bc7-b846-41895f4ebd48: receive RaftClientReply:client-DE0880F50CF2->72f5ceaa-5b3b-4bc7-b846-41895f4ebd48@group-833AA35A7EDE, cid=628, SUCCESS, logIndex=0, commits[72f5ceaa-5b3b-4bc7-b846-41895f4ebd48:c745, b4e1f7d4-4bb4-47ed-a9cb-53483a899fb2:c745, d3916bce-b37b-4246-83c6-d24846ba1a72:c745]
2019-07-08 14:21:06,547 INFO  client.GrpcClientProtocolClient (GrpcClientProtocolClient.java:onNext(255)) - client-DE0880F50CF2->72f5ceaa-5b3b-4bc7-b846-41895f4ebd48: receive RaftClientReply:client-DE0880F50CF2->72f5ceaa-5b3b-4bc7-b846-41895f4ebd48@group-833AA35A7EDE, cid=629, SUCCESS, logIndex=748, commits[72f5ceaa-5b3b-4bc7-b846-41895f4ebd48:c751, b4e1f7d4-4bb4-47ed-a9cb-53483a899fb2:c747, d3916bce-b37b-4246-83c6-d24846ba1a72:c747]
2019-07-08 14:21:06,547 INFO  client.GrpcClientProtocolClient (GrpcClientProtocolClient.java:onNext(255)) - client-DE0880F50CF2->72f5ceaa-5b3b-4bc7-b846-41895f4ebd48: receive RaftClientReply:client-DE0880F50CF2->72f5ceaa-5b3b-4bc7-b846-41895f4ebd48@group-833AA35A7EDE, cid=630, SUCCESS, logIndex=749, commits[72f5ceaa-5b3b-4bc7-b846-41895f4ebd48:c751, b4e1f7d4-4bb4-47ed-a9cb-53483a899fb2:c747, d3916bce-b37b-4246-83c6-d24846ba1a72:c747]
2019-07-08 14:21:06,548 INFO  client.GrpcClientProtocolClient (GrpcClientProtocolClient.java:onNext(255)) - client-DE0880F50CF2->72f5ceaa-5b3b-4bc7-b846-41895f4ebd48: receive RaftClientReply:client-DE0880F50CF2->72f5ceaa-5b3b-4bc7-b846-41895f4ebd48@group-833AA35A7EDE, cid=631, SUCCESS, logIndex=750, commits[72f5ceaa-5b3b-4bc7-b846-41895f4ebd48:c751, b4e1f7d4-4bb4-47ed-a9cb-53483a899fb2:c747, d3916bce-b37b-4246-83c6-d24846ba1a72:c747]
2019-07-08 14:21:06,549 INFO  client.GrpcClientProtocolClient (GrpcClientProtocolClient.java:onNext(255)) - client-DE0880F50CF2->72f5ceaa-5b3b-4bc7-b846-41895f4ebd48: receive RaftClientReply:client-DE0880F50CF2->72f5ceaa-5b3b-4bc7-b846-41895f4ebd48@group-833AA35A7EDE, cid=632, SUCCESS, logIndex=751, commits[72f5ceaa-5b3b-4bc7-b846-41895f4ebd48:c751, b4e1f7d4-4bb4-47ed-a9cb-53483a899fb2:c747, d3916bce-b37b-4246-83c6-d24846ba1a72:c747]
2019-07-08 14:21:06,558 INFO  client.GrpcClientProtocolClient (GrpcClientProtocolClient.java:onNext(255)) - client-DE0880F50CF2->72f5ceaa-5b3b-4bc7-b846-41895f4ebd48: receive RaftClientReply:client-DE0880F50CF2->72f5ceaa-5b3b-4bc7-b846-41895f4ebd48@group-833AA35A7EDE, cid=633, SUCCESS, logIndex=0, commits[72f5ceaa-5b3b-4bc7-b846-41895f4ebd48:c752, b4e1f7d4-4bb4-47ed-a9cb-53483a899fb2:c750, d3916bce-b37b-4246-83c6-d24846ba1a72:c750]
2019-07-08 14:21:06,584 INFO  client.GrpcClientProtocolClient (GrpcClientProtocolClient.java:onNext(255)) - client-DE0880F50CF2->72f5ceaa-5b3b-4bc7-b846-41895f4ebd48: receive RaftClientReply:client-DE0880F50CF2->72f5ceaa-5b3b-4bc7-b846-41895f4ebd48@group-833AA35A7EDE, cid=634, SUCCESS, logIndex=755, commits[72f5ceaa-5b3b-4bc7-b846-41895f4ebd48:c756, b4e1f7d4-4bb4-47ed-a9cb-53483a899fb2:c754, d3916bce-b37b-4246-83c6-d24846ba1a72:c754]
2019-07-08 14:21:06,585 INFO  client.GrpcClientProtocolClient (GrpcClientProtocolClient.java:onNext(255)) - client-DE0880F50CF2->72f5ceaa-5b3b-4bc7-b846-41895f4ebd48: receive RaftClientReply:client-DE0880F50CF2->72f5ceaa-5b3b-4bc7-b846-41895f4ebd48@group-833AA35A7EDE, cid=635, SUCCESS, logIndex=756, commits[72f5ceaa-5b3b-4bc7-b846-41895f4ebd48:c756, b4e1f7d4-4bb4-47ed-a9cb-53483a899fb2:c754, d3916bce-b37b-4246-83c6-d24846ba1a72:c754]
2019-07-08 14:21:06,612 INFO  client.GrpcClientProtocolClient (GrpcClientProtocolClient.java:onNext(255)) - client-DE0880F50CF2->72f5ceaa-5b3b-4bc7-b846-41895f4ebd48: receive RaftClientReply:client-DE0880F50CF2->72f5ceaa-5b3b-4bc7-b846-41895f4ebd48@group-833AA35A7EDE, cid=636, SUCCESS, logIndex=759, commits[72f5ceaa-5b3b-4bc7-b846-41895f4ebd48:c760, b4e1f7d4-4bb4-47ed-a9cb-53483a899fb2:c756, d3916bce-b37b-4246-83c6-d24846ba1a72:c756]
2019-07-08 14:21:06,613 INFO  client.GrpcClientProtocolClient (GrpcClientProtocolClient.java:onNext(255)) - client-DE0880F50CF2->72f5ceaa-5b3b-4bc7-b846-41895f4ebd48: receive RaftClientReply:client-DE0880F50CF2->72f5ceaa-5b3b-4bc7-b846-41895f4ebd48@group-833AA35A7EDE, cid=637, SUCCESS, logIndex=760, commits[72f5ceaa-5b3b-4bc7-b846-41895f4ebd48:c760, b4e1f7d4-4bb4-47ed-a9cb-53483a899fb2:c756, d3916bce-b37b-4246-83c6-d24846ba1a72:c756]
2019-07-08 14:21:06,625 INFO  client.GrpcClientProtocolClient (GrpcClientProtocolClient.java:onNext(255)) - client-DE0880F50CF2->72f5ceaa-5b3b-4bc7-b846-41895f4ebd48: receive RaftClientReply:client-DE0880F50CF2->72f5ceaa-5b3b-4bc7-b846-41895f4ebd48@group-833AA35A7EDE, cid=638, SUCCESS, logIndex=0, commits[72f5ceaa-5b3b-4bc7-b846-41895f4ebd48:c762, b4e1f7d4-4bb4-47ed-a9cb-53483a899fb2:c760, d3916bce-b37b-4246-83c6-d24846ba1a72:c760]
2019-07-08 14:21:06,651 INFO  client.GrpcClientProtocolClient (GrpcClientProtocolClient.java:onNext(255)) - client-DE0880F50CF2->72f5ceaa-5b3b-4bc7-b846-41895f4ebd48: receive RaftClientReply:client-DE0880F50CF2->72f5ceaa-5b3b-4bc7-b846-41895f4ebd48@group-833AA35A7EDE, cid=639, SUCCESS, logIndex=763, commits[72f5ceaa-5b3b-4bc7-b846-41895f4ebd48:c764, b4e1f7d4-4bb4-47ed-a9cb-53483a899fb2:c762, d3916bce-b37b-4246-83c6-d24846ba1a72:c760]
2019-07-08 14:21:06,652 INFO  client.GrpcClientProtocolClient (GrpcClientProtocolClient.java:onNext(255)) - client-DE0880F50CF2->72f5ceaa-5b3b-4bc7-b846-41895f4ebd48: receive RaftClientReply:client-DE0880F50CF2->72f5ceaa-5b3b-4bc7-b846-41895f4ebd48@group-833AA35A7EDE, cid=640, SUCCESS, logIndex=764, commits[72f5ceaa-5b3b-4bc7-b846-41895f4ebd48:c765, b4e1f7d4-4bb4-47ed-a9cb-53483a899fb2:c762, d3916bce-b37b-4246-83c6-d24846ba1a72:c760]
2019-07-08 14:21:06,652 INFO  client.GrpcClientProtocolClient (GrpcClientProtocolClient.java:onNext(255)) - client-DE0880F50CF2->72f5ceaa-5b3b-4bc7-b846-41895f4ebd48: receive RaftClientReply:client-DE0880F50CF2->72f5ceaa-5b3b-4bc7-b846-41895f4ebd48@group-833AA35A7EDE, cid=641, SUCCESS, logIndex=765, commits[72f5ceaa-5b3b-4bc7-b846-41895f4ebd48:c766, b4e1f7d4-4bb4-47ed-a9cb-53483a899fb2:c762, d3916bce-b37b-4246-83c6-d24846ba1a72:c762]
2019-07-08 14:21:06,653 INFO  client.GrpcClientProtocolClient (GrpcClientProtocolClient.java:onNext(255)) - client-DE0880F50CF2->72f5ceaa-5b3b-4bc7-b846-41895f4ebd48: receive RaftClientReply:client-DE0880F50CF2->72f5ceaa-5b3b-4bc7-b846-41895f4ebd48@group-833AA35A7EDE, cid=642, SUCCESS, logIndex=766, commits[72f5ceaa-5b3b-4bc7-b846-41895f4ebd48:c767, b4e1f7d4-4bb4-47ed-a9cb-53483a899fb2:c763, d3916bce-b37b-4246-83c6-d24846ba1a72:c762]
2019-07-08 14:21:06,655 INFO  client.GrpcClientProtocolClient (GrpcClientProtocolClient.java:onNext(255)) - client-DE0880F50CF2->72f5ceaa-5b3b-4bc7-b846-41895f4ebd48: receive RaftClientReply:client-DE0880F50CF2->72f5ceaa-5b3b-4bc7-b846-41895f4ebd48@group-833AA35A7EDE, cid=643, SUCCESS, logIndex=0, commits[72f5ceaa-5b3b-4bc7-b846-41895f4ebd48:c769, b4e1f7d4-4bb4-47ed-a9cb-53483a899fb2:c765, d3916bce-b37b-4246-83c6-d24846ba1a72:c764]
2019-07-08 14:21:06,675 INFO  client.GrpcClientProtocolClient (GrpcClientProtocolClient.java:onNext(255)) - client-DE0880F50CF2->72f5ceaa-5b3b-4bc7-b846-41895f4ebd48: receive RaftClientReply:client-DE0880F50CF2->72f5ceaa-5b3b-4bc7-b846-41895f4ebd48@group-833AA35A7EDE, cid=644, SUCCESS, logIndex=771, commits[72f5ceaa-5b3b-4bc7-b846-41895f4ebd48:c771, b4e1f7d4-4bb4-47ed-a9cb-53483a899fb2:c770, d3916bce-b37b-4246-83c6-d24846ba1a72:c770]
2019-07-08 14:21:06,675 INFO  client.GrpcClientProtocolClient (GrpcClientProtocolClient.java:onNext(255)) - client-DE0880F50CF2->72f5ceaa-5b3b-4bc7-b846-41895f4ebd48: receive RaftClientReply:client-DE0880F50CF2->72f5ceaa-5b3b-4bc7-b846-41895f4ebd48@group-833AA35A7EDE, cid=645, SUCCESS, logIndex=772, commits[72f5ceaa-5b3b-4bc7-b846-41895f4ebd48:c772, b4e1f7d4-4bb4-47ed-a9cb-53483a899fb2:c770, d3916bce-b37b-4246-83c6-d24846ba1a72:c770]
2019-07-08 14:21:06,691 INFO  client.GrpcClientProtocolClient (GrpcClientProtocolClient.java:onNext(255)) - client-DE0880F50CF2->72f5ceaa-5b3b-4bc7-b846-41895f4ebd48: receive RaftClientReply:client-DE0880F50CF2->72f5ceaa-5b3b-4bc7-b846-41895f4ebd48@group-833AA35A7EDE, cid=646, SUCCESS, logIndex=775, commits[72f5ceaa-5b3b-4bc7-b846-41895f4ebd48:c776, b4e1f7d4-4bb4-47ed-a9cb-53483a899fb2:c772, d3916bce-b37b-4246-83c6-d24846ba1a72:c772]
2019-07-08 14:21:06,691 INFO  client.GrpcClientProtocolClient (GrpcClientProtocolClient.java:onNext(255)) - client-DE0880F50CF2->72f5ceaa-5b3b-4bc7-b846-41895f4ebd48: receive RaftClientReply:client-DE0880F50CF2->72f5ceaa-5b3b-4bc7-b846-41895f4ebd48@group-833AA35A7EDE, cid=647, SUCCESS, logIndex=776, commits[72f5ceaa-5b3b-4bc7-b846-41895f4ebd48:c776, b4e1f7d4-4bb4-47ed-a9cb-53483a899fb2:c772, d3916bce-b37b-4246-83c6-d24846ba1a72:c772]
2019-07-08 14:21:06,704 INFO  client.GrpcClientProtocolClient (GrpcClientProtocolClient.java:onNext(255)) - client-DE0880F50CF2->72f5ceaa-5b3b-4bc7-b846-41895f4ebd48: receive RaftClientReply:client-DE0880F50CF2->72f5ceaa-5b3b-4bc7-b846-41895f4ebd48@group-833AA35A7EDE, cid=648, SUCCESS, logIndex=0, commits[72f5ceaa-5b3b-4bc7-b846-41895f4ebd48:c778, b4e1f7d4-4bb4-47ed-a9cb-53483a899fb2:c776, d3916bce-b37b-4246-83c6-d24846ba1a72:c776]
2019-07-08 14:21:06,726 INFO  client.GrpcClientProtocolClient (GrpcClientProtocolClient.java:onNext(255)) - client-DE0880F50CF2->72f5ceaa-5b3b-4bc7-b846-41895f4ebd48: receive RaftClientReply:client-DE0880F50CF2->72f5ceaa-5b3b-4bc7-b846-41895f4ebd48@group-833AA35A7EDE, cid=649, SUCCESS, logIndex=779, commits[72f5ceaa-5b3b-4bc7-b846-41895f4ebd48:c781, b4e1f7d4-4bb4-47ed-a9cb-53483a899fb2:c778, d3916bce-b37b-4246-83c6-d24846ba1a72:c778]
2019-07-08 14:21:06,726 INFO  client.GrpcClientProtocolClient (GrpcClientProtocolClient.java:onNext(255)) - client-DE0880F50CF2->72f5ceaa-5b3b-4bc7-b846-41895f4ebd48: receive RaftClientReply:client-DE0880F50CF2->72f5ceaa-5b3b-4bc7-b846-41895f4ebd48@group-833AA35A7EDE, cid=650, SUCCESS, logIndex=780, commits[72f5ceaa-5b3b-4bc7-b846-41895f4ebd48:c782, b4e1f7d4-4bb4-47ed-a9cb-53483a899fb2:c778, d3916bce-b37b-4246-83c6-d24846ba1a72:c778]
2019-07-08 14:21:06,727 INFO  client.GrpcClientProtocolClient (GrpcClientProtocolClient.java:onNext(255)) - client-DE0880F50CF2->72f5ceaa-5b3b-4bc7-b846-41895f4ebd48: receive RaftClientReply:client-DE0880F50CF2->72f5ceaa-5b3b-4bc7-b846-41895f4ebd48@group-833AA35A7EDE, cid=651, SUCCESS, logIndex=781, commits[72f5ceaa-5b3b-4bc7-b846-41895f4ebd48:c782, b4e1f7d4-4bb4-47ed-a9cb-53483a899fb2:c778, d3916bce-b37b-4246-83c6-d24846ba1a72:c778]
2019-07-08 14:21:06,727 INFO  client.GrpcClientProtocolClient (GrpcClientProtocolClient.java:onNext(255)) - client-DE0880F50CF2->72f5ceaa-5b3b-4bc7-b846-41895f4ebd48: receive RaftClientReply:client-DE0880F50CF2->72f5ceaa-5b3b-4bc7-b846-41895f4ebd48@group-833AA35A7EDE, cid=652, SUCCESS, logIndex=782, commits[72f5ceaa-5b3b-4bc7-b846-41895f4ebd48:c782, b4e1f7d4-4bb4-47ed-a9cb-53483a899fb2:c779, d3916bce-b37b-4246-83c6-d24846ba1a72:c778]
2019-07-08 14:21:06,729 INFO  client.GrpcClientProtocolClient (GrpcClientProtocolClient.java:onNext(255)) - client-DE0880F50CF2->72f5ceaa-5b3b-4bc7-b846-41895f4ebd48: receive RaftClientReply:client-DE0880F50CF2->72f5ceaa-5b3b-4bc7-b846-41895f4ebd48@group-833AA35A7EDE, cid=653, SUCCESS, logIndex=0, commits[72f5ceaa-5b3b-4bc7-b846-41895f4ebd48:c784, b4e1f7d4-4bb4-47ed-a9cb-53483a899fb2:c781, d3916bce-b37b-4246-83c6-d24846ba1a72:c780]
2019-07-08 14:21:06,751 INFO  client.GrpcClientProtocolClient (GrpcClientProtocolClient.java:onNext(255)) - client-DE0880F50CF2->72f5ceaa-5b3b-4bc7-b846-41895f4ebd48: receive RaftClientReply:client-DE0880F50CF2->72f5ceaa-5b3b-4bc7-b846-41895f4ebd48@group-833AA35A7EDE, cid=654, SUCCESS, logIndex=787, commits[72f5ceaa-5b3b-4bc7-b846-41895f4ebd48:c788, b4e1f7d4-4bb4-47ed-a9cb-53483a899fb2:c786, d3916bce-b37b-4246-83c6-d24846ba1a72:c786]
2019-07-08 14:21:06,751 INFO  client.GrpcClientProtocolClient (GrpcClientProtocolClient.java:onNext(255)) - client-DE0880F50CF2->72f5ceaa-5b3b-4bc7-b846-41895f4ebd48: receive RaftClientReply:client-DE0880F50CF2->72f5ceaa-5b3b-4bc7-b846-41895f4ebd48@group-833AA35A7EDE, cid=655, SUCCESS, logIndex=788, commits[72f5ceaa-5b3b-4bc7-b846-41895f4ebd48:c788, b4e1f7d4-4bb4-47ed-a9cb-53483a899fb2:c786, d3916bce-b37b-4246-83c6-d24846ba1a72:c786]
 0.00% |█                                                                                                    |  0/1 Time: 0:00:012019-07-08 14:21:06,776 INFO  client.GrpcClientProtocolClient (GrpcClientProtocolClient.java:onNext(255)) - client-DE0880F50CF2->72f5ceaa-5b3b-4bc7-b846-41895f4ebd48: receive RaftClientReply:client-DE0880F50CF2->72f5ceaa-5b3b-4bc7-b846-41895f4ebd48@group-833AA35A7EDE, cid=656, SUCCESS, logIndex=791, commits[72f5ceaa-5b3b-4bc7-b846-41895f4ebd48:c792, b4e1f7d4-4bb4-47ed-a9cb-53483a899fb2:c788, d3916bce-b37b-4246-83c6-d24846ba1a72:c788]
2019-07-08 14:21:06,777 INFO  client.GrpcClientProtocolClient (GrpcClientProtocolClient.java:onNext(255)) - client-DE0880F50CF2->72f5ceaa-5b3b-4bc7-b846-41895f4ebd48: receive RaftClientReply:client-DE0880F50CF2->72f5ceaa-5b3b-4bc7-b846-41895f4ebd48@group-833AA35A7EDE, cid=657, SUCCESS, logIndex=792, commits[72f5ceaa-5b3b-4bc7-b846-41895f4ebd48:c792, b4e1f7d4-4bb4-47ed-a9cb-53483a899fb2:c788, d3916bce-b37b-4246-83c6-d24846ba1a72:c788]
2019-07-08 14:21:06,789 INFO  client.GrpcClientProtocolClient (GrpcClientProtocolClient.java:onNext(255)) - client-DE0880F50CF2->72f5ceaa-5b3b-4bc7-b846-41895f4ebd48: receive RaftClientReply:client-DE0880F50CF2->72f5ceaa-5b3b-4bc7-b846-41895f4ebd48@group-833AA35A7EDE, cid=658, SUCCESS, logIndex=0, commits[72f5ceaa-5b3b-4bc7-b846-41895f4ebd48:c794, b4e1f7d4-4bb4-47ed-a9cb-53483a899fb2:c792, d3916bce-b37b-4246-83c6-d24846ba1a72:c792]
2019-07-08 14:21:06,814 INFO  client.GrpcClientProtocolClient (GrpcClientProtocolClient.java:onNext(255)) - client-DE0880F50CF2->72f5ceaa-5b3b-4bc7-b846-41895f4ebd48: receive RaftClientReply:client-DE0880F50CF2->72f5ceaa-5b3b-4bc7-b846-41895f4ebd48@group-833AA35A7EDE, cid=659, SUCCESS, logIndex=795, commits[72f5ceaa-5b3b-4bc7-b846-41895f4ebd48:c795, b4e1f7d4-4bb4-47ed-a9cb-53483a899fb2:c794, d3916bce-b37b-4246-83c6-d24846ba1a72:c792]
2019-07-08 14:21:06,814 INFO  client.GrpcClientProtocolClient (GrpcClientProtocolClient.java:onNext(255)) - client-DE0880F50CF2->72f5ceaa-5b3b-4bc7-b846-41895f4ebd48: receive RaftClientReply:client-DE0880F50CF2->72f5ceaa-5b3b-4bc7-b846-41895f4ebd48@group-833AA35A7EDE, cid=660, SUCCESS, logIndex=796, commits[72f5ceaa-5b3b-4bc7-b846-41895f4ebd48:c798, b4e1f7d4-4bb4-47ed-a9cb-53483a899fb2:c794, d3916bce-b37b-4246-83c6-d24846ba1a72:c794]
2019-07-08 14:21:06,815 INFO  client.GrpcClientProtocolClient (GrpcClientProtocolClient.java:onNext(255)) - client-DE0880F50CF2->72f5ceaa-5b3b-4bc7-b846-41895f4ebd48: receive RaftClientReply:client-DE0880F50CF2->72f5ceaa-5b3b-4bc7-b846-41895f4ebd48@group-833AA35A7EDE, cid=661, SUCCESS, logIndex=797, commits[72f5ceaa-5b3b-4bc7-b846-41895f4ebd48:c798, b4e1f7d4-4bb4-47ed-a9cb-53483a899fb2:c794, d3916bce-b37b-4246-83c6-d24846ba1a72:c794]
2019-07-08 14:21:06,815 INFO  client.GrpcClientProtocolClient (GrpcClientProtocolClient.java:onNext(255)) - client-DE0880F50CF2->72f5ceaa-5b3b-4bc7-b846-41895f4ebd48: receive RaftClientReply:client-DE0880F50CF2->72f5ceaa-5b3b-4bc7-b846-41895f4ebd48@group-833AA35A7EDE, cid=662, SUCCESS, logIndex=798, commits[72f5ceaa-5b3b-4bc7-b846-41895f4ebd48:c798, b4e1f7d4-4bb4-47ed-a9cb-53483a899fb2:c794, d3916bce-b37b-4246-83c6-d24846ba1a72:c794]
2019-07-08 14:21:06,826 INFO  client.GrpcClientProtocolClient (GrpcClientProtocolClient.java:onNext(255)) - client-DE0880F50CF2->72f5ceaa-5b3b-4bc7-b846-41895f4ebd48: receive RaftClientReply:client-DE0880F50CF2->72f5ceaa-5b3b-4bc7-b846-41895f4ebd48@group-833AA35A7EDE, cid=663, SUCCESS, logIndex=0, commits[72f5ceaa-5b3b-4bc7-b846-41895f4ebd48:c801, b4e1f7d4-4bb4-47ed-a9cb-53483a899fb2:c796, d3916bce-b37b-4246-83c6-d24846ba1a72:c798]
2019-07-08 14:21:06,848 INFO  client.GrpcClientProtocolClient (GrpcClientProtocolClient.java:onNext(255)) - client-DE0880F50CF2->72f5ceaa-5b3b-4bc7-b846-41895f4ebd48: receive RaftClientReply:client-DE0880F50CF2->72f5ceaa-5b3b-4bc7-b846-41895f4ebd48@group-833AA35A7EDE, cid=664, SUCCESS, logIndex=803, commits[72f5ceaa-5b3b-4bc7-b846-41895f4ebd48:c804, b4e1f7d4-4bb4-47ed-a9cb-53483a899fb2:c802, d3916bce-b37b-4246-83c6-d24846ba1a72:c798]
2019-07-08 14:21:06,856 INFO  client.GrpcClientProtocolClient (GrpcClientProtocolClient.java:onNext(255)) - client-DE0880F50CF2->72f5ceaa-5b3b-4bc7-b846-41895f4ebd48: receive RaftClientReply:client-DE0880F50CF2->72f5ceaa-5b3b-4bc7-b846-41895f4ebd48@group-833AA35A7EDE, cid=665, SUCCESS, logIndex=804, commits[72f5ceaa-5b3b-4bc7-b846-41895f4ebd48:c804, b4e1f7d4-4bb4-47ed-a9cb-53483a899fb2:c802, d3916bce-b37b-4246-83c6-d24846ba1a72:c802]
2019-07-08 14:21:06,879 INFO  client.GrpcClientProtocolClient (GrpcClientProtocolClient.java:onNext(255)) - client-DE0880F50CF2->72f5ceaa-5b3b-4bc7-b846-41895f4ebd48: receive RaftClientReply:client-DE0880F50CF2->72f5ceaa-5b3b-4bc7-b846-41895f4ebd48@group-833AA35A7EDE, cid=666, SUCCESS, logIndex=807, commits[72f5ceaa-5b3b-4bc7-b846-41895f4ebd48:c808, b4e1f7d4-4bb4-47ed-a9cb-53483a899fb2:c806, d3916bce-b37b-4246-83c6-d24846ba1a72:c806]
2019-07-08 14:21:06,880 INFO  client.GrpcClientProtocolClient (GrpcClientProtocolClient.java:onNext(255)) - client-DE0880F50CF2->72f5ceaa-5b3b-4bc7-b846-41895f4ebd48: receive RaftClientReply:client-DE0880F50CF2->72f5ceaa-5b3b-4bc7-b846-41895f4ebd48@group-833AA35A7EDE, cid=667, SUCCESS, logIndex=808, commits[72f5ceaa-5b3b-4bc7-b846-41895f4ebd48:c808, b4e1f7d4-4bb4-47ed-a9cb-53483a899fb2:c806, d3916bce-b37b-4246-83c6-d24846ba1a72:c806]
2019-07-08 14:21:06,892 INFO  client.GrpcClientProtocolClient (GrpcClientProtocolClient.java:onNext(255)) - client-DE0880F50CF2->72f5ceaa-5b3b-4bc7-b846-41895f4ebd48: receive RaftClientReply:client-DE0880F50CF2->72f5ceaa-5b3b-4bc7-b846-41895f4ebd48@group-833AA35A7EDE, cid=668, SUCCESS, logIndex=0, commits[72f5ceaa-5b3b-4bc7-b846-41895f4ebd48:c810, b4e1f7d4-4bb4-47ed-a9cb-53483a899fb2:c808, d3916bce-b37b-4246-83c6-d24846ba1a72:c808]
2019-07-08 14:21:06,914 INFO  client.GrpcClientProtocolClient (GrpcClientProtocolClient.java:onNext(255)) - client-DE0880F50CF2->72f5ceaa-5b3b-4bc7-b846-41895f4ebd48: receive RaftClientReply:client-DE0880F50CF2->72f5ceaa-5b3b-4bc7-b846-41895f4ebd48@group-833AA35A7EDE, cid=669, SUCCESS, logIndex=811, commits[72f5ceaa-5b3b-4bc7-b846-41895f4ebd48:c812, b4e1f7d4-4bb4-47ed-a9cb-53483a899fb2:c810, d3916bce-b37b-4246-83c6-d24846ba1a72:c810]
2019-07-08 14:21:06,915 INFO  client.GrpcClientProtocolClient (GrpcClientProtocolClient.java:onNext(255)) - client-DE0880F50CF2->72f5ceaa-5b3b-4bc7-b846-41895f4ebd48: receive RaftClientReply:client-DE0880F50CF2->72f5ceaa-5b3b-4bc7-b846-41895f4ebd48@group-833AA35A7EDE, cid=670, SUCCESS, logIndex=812, commits[72f5ceaa-5b3b-4bc7-b846-41895f4ebd48:c814, b4e1f7d4-4bb4-47ed-a9cb-53483a899fb2:c810, d3916bce-b37b-4246-83c6-d24846ba1a72:c810]
2019-07-08 14:21:06,916 INFO  client.GrpcClientProtocolClient (GrpcClientProtocolClient.java:onNext(255)) - client-DE0880F50CF2->72f5ceaa-5b3b-4bc7-b846-41895f4ebd48: receive RaftClientReply:client-DE0880F50CF2->72f5ceaa-5b3b-4bc7-b846-41895f4ebd48@group-833AA35A7EDE, cid=671, SUCCESS, logIndex=813, commits[72f5ceaa-5b3b-4bc7-b846-41895f4ebd48:c814, b4e1f7d4-4bb4-47ed-a9cb-53483a899fb2:c810, d3916bce-b37b-4246-83c6-d24846ba1a72:c810]
2019-07-08 14:21:06,916 INFO  client.GrpcClientProtocolClient (GrpcClientProtocolClient.java:onNext(255)) - client-DE0880F50CF2->72f5ceaa-5b3b-4bc7-b846-41895f4ebd48: receive RaftClientReply:client-DE0880F50CF2->72f5ceaa-5b3b-4bc7-b846-41895f4ebd48@group-833AA35A7EDE, cid=672, SUCCESS, logIndex=814, commits[72f5ceaa-5b3b-4bc7-b846-41895f4ebd48:c814, b4e1f7d4-4bb4-47ed-a9cb-53483a899fb2:c810, d3916bce-b37b-4246-83c6-d24846ba1a72:c810]
2019-07-08 14:21:06,918 INFO  client.GrpcClientProtocolClient (GrpcClientProtocolClient.java:onNext(255)) - client-DE0880F50CF2->72f5ceaa-5b3b-4bc7-b846-41895f4ebd48: receive RaftClientReply:client-DE0880F50CF2->72f5ceaa-5b3b-4bc7-b846-41895f4ebd48@group-833AA35A7EDE, cid=673, SUCCESS, logIndex=0, commits[72f5ceaa-5b3b-4bc7-b846-41895f4ebd48:c818, b4e1f7d4-4bb4-47ed-a9cb-53483a899fb2:c814, d3916bce-b37b-4246-83c6-d24846ba1a72:c812]
2019-07-08 14:21:06,953 INFO  client.GrpcClientProtocolClient (GrpcClientProtocolClient.java:onNext(255)) - client-DE0880F50CF2->72f5ceaa-5b3b-4bc7-b846-41895f4ebd48: receive RaftClientReply:client-DE0880F50CF2->72f5ceaa-5b3b-4bc7-b846-41895f4ebd48@group-833AA35A7EDE, cid=674, SUCCESS, logIndex=819, commits[72f5ceaa-5b3b-4bc7-b846-41895f4ebd48:c820, b4e1f7d4-4bb4-47ed-a9cb-53483a899fb2:c818, d3916bce-b37b-4246-83c6-d24846ba1a72:c818]
2019-07-08 14:21:06,954 INFO  client.GrpcClientProtocolClient (GrpcClientProtocolClient.java:onNext(255)) - client-DE0880F50CF2->72f5ceaa-5b3b-4bc7-b846-41895f4ebd48: receive RaftClientReply:client-DE0880F50CF2->72f5ceaa-5b3b-4bc7-b846-41895f4ebd48@group-833AA35A7EDE, cid=675, SUCCESS, logIndex=820, commits[72f5ceaa-5b3b-4bc7-b846-41895f4ebd48:c820, b4e1f7d4-4bb4-47ed-a9cb-53483a899fb2:c818, d3916bce-b37b-4246-83c6-d24846ba1a72:c818]
2019-07-08 14:21:06,975 INFO  client.GrpcClientProtocolClient (GrpcClientProtocolClient.java:onNext(255)) - client-DE0880F50CF2->72f5ceaa-5b3b-4bc7-b846-41895f4ebd48: receive RaftClientReply:client-DE0880F50CF2->72f5ceaa-5b3b-4bc7-b846-41895f4ebd48@group-833AA35A7EDE, cid=676, SUCCESS, logIndex=823, commits[72f5ceaa-5b3b-4bc7-b846-41895f4ebd48:c823, b4e1f7d4-4bb4-47ed-a9cb-53483a899fb2:c820, d3916bce-b37b-4246-83c6-d24846ba1a72:c820]
2019-07-08 14:21:06,975 INFO  client.GrpcClientProtocolClient (GrpcClientProtocolClient.java:onNext(255)) - client-DE0880F50CF2->72f5ceaa-5b3b-4bc7-b846-41895f4ebd48: receive RaftClientReply:client-DE0880F50CF2->72f5ceaa-5b3b-4bc7-b846-41895f4ebd48@group-833AA35A7EDE, cid=677, SUCCESS, logIndex=824, commits[72f5ceaa-5b3b-4bc7-b846-41895f4ebd48:c824, b4e1f7d4-4bb4-47ed-a9cb-53483a899fb2:c820, d3916bce-b37b-4246-83c6-d24846ba1a72:c820]
2019-07-08 14:21:06,988 INFO  client.GrpcClientProtocolClient (GrpcClientProtocolClient.java:onNext(255)) - client-DE0880F50CF2->72f5ceaa-5b3b-4bc7-b846-41895f4ebd48: receive RaftClientReply:client-DE0880F50CF2->72f5ceaa-5b3b-4bc7-b846-41895f4ebd48@group-833AA35A7EDE, cid=678, SUCCESS, logIndex=0, commits[72f5ceaa-5b3b-4bc7-b846-41895f4ebd48:c826, b4e1f7d4-4bb4-47ed-a9cb-53483a899fb2:c824, d3916bce-b37b-4246-83c6-d24846ba1a72:c824]
2019-07-08 14:21:07,012 INFO  client.GrpcClientProtocolClient (GrpcClientProtocolClient.java:onNext(255)) - client-DE0880F50CF2->72f5ceaa-5b3b-4bc7-b846-41895f4ebd48: receive RaftClientReply:client-DE0880F50CF2->72f5ceaa-5b3b-4bc7-b846-41895f4ebd48@group-833AA35A7EDE, cid=679, SUCCESS, logIndex=827, commits[72f5ceaa-5b3b-4bc7-b846-41895f4ebd48:c829, b4e1f7d4-4bb4-47ed-a9cb-53483a899fb2:c826, d3916bce-b37b-4246-83c6-d24846ba1a72:c826]
2019-07-08 14:21:07,013 INFO  client.GrpcClientProtocolClient (GrpcClientProtocolClient.java:onNext(255)) - client-DE0880F50CF2->72f5ceaa-5b3b-4bc7-b846-41895f4ebd48: receive RaftClientReply:client-DE0880F50CF2->72f5ceaa-5b3b-4bc7-b846-41895f4ebd48@group-833AA35A7EDE, cid=680, SUCCESS, logIndex=828, commits[72f5ceaa-5b3b-4bc7-b846-41895f4ebd48:c830, b4e1f7d4-4bb4-47ed-a9cb-53483a899fb2:c826, d3916bce-b37b-4246-83c6-d24846ba1a72:c826]
2019-07-08 14:21:07,013 INFO  client.GrpcClientProtocolClient (GrpcClientProtocolClient.java:onNext(255)) - client-DE0880F50CF2->72f5ceaa-5b3b-4bc7-b846-41895f4ebd48: receive RaftClientReply:client-DE0880F50CF2->72f5ceaa-5b3b-4bc7-b846-41895f4ebd48@group-833AA35A7EDE, cid=681, SUCCESS, logIndex=829, commits[72f5ceaa-5b3b-4bc7-b846-41895f4ebd48:c830, b4e1f7d4-4bb4-47ed-a9cb-53483a899fb2:c826, d3916bce-b37b-4246-83c6-d24846ba1a72:c826]
2019-07-08 14:21:07,014 INFO  client.GrpcClientProtocolClient (GrpcClientProtocolClient.java:onNext(255)) - client-DE0880F50CF2->72f5ceaa-5b3b-4bc7-b846-41895f4ebd48: receive RaftClientReply:client-DE0880F50CF2->72f5ceaa-5b3b-4bc7-b846-41895f4ebd48@group-833AA35A7EDE, cid=682, SUCCESS, logIndex=830, commits[72f5ceaa-5b3b-4bc7-b846-41895f4ebd48:c830, b4e1f7d4-4bb4-47ed-a9cb-53483a899fb2:c826, d3916bce-b37b-4246-83c6-d24846ba1a72:c826]
2019-07-08 14:21:07,024 INFO  client.GrpcClientProtocolClient (GrpcClientProtocolClient.java:onNext(255)) - client-DE0880F50CF2->72f5ceaa-5b3b-4bc7-b846-41895f4ebd48: receive RaftClientReply:client-DE0880F50CF2->72f5ceaa-5b3b-4bc7-b846-41895f4ebd48@group-833AA35A7EDE, cid=683, SUCCESS, logIndex=0, commits[72f5ceaa-5b3b-4bc7-b846-41895f4ebd48:c831, b4e1f7d4-4bb4-47ed-a9cb-53483a899fb2:c828, d3916bce-b37b-4246-83c6-d24846ba1a72:c828]
2019-07-08 14:21:07,151 INFO  client.GrpcClientProtocolClient (GrpcClientProtocolClient.java:onNext(255)) - client-DE0880F50CF2->72f5ceaa-5b3b-4bc7-b846-41895f4ebd48: receive RaftClientReply:client-DE0880F50CF2->72f5ceaa-5b3b-4bc7-b846-41895f4ebd48@group-833AA35A7EDE, cid=684, SUCCESS, logIndex=835, commits[72f5ceaa-5b3b-4bc7-b846-41895f4ebd48:c836, b4e1f7d4-4bb4-47ed-a9cb-53483a899fb2:c834, d3916bce-b37b-4246-83c6-d24846ba1a72:c834]
2019-07-08 14:21:07,152 INFO  client.GrpcClientProtocolClient (GrpcClientProtocolClient.java:onNext(255)) - client-DE0880F50CF2->72f5ceaa-5b3b-4bc7-b846-41895f4ebd48: receive RaftClientReply:client-DE0880F50CF2->72f5ceaa-5b3b-4bc7-b846-41895f4ebd48@group-833AA35A7EDE, cid=685, SUCCESS, logIndex=836, commits[72f5ceaa-5b3b-4bc7-b846-41895f4ebd48:c836, b4e1f7d4-4bb4-47ed-a9cb-53483a899fb2:c834, d3916bce-b37b-4246-83c6-d24846ba1a72:c834]
2019-07-08 14:21:07,178 INFO  client.GrpcClientProtocolClient (GrpcClientProtocolClient.java:onNext(255)) - client-DE0880F50CF2->72f5ceaa-5b3b-4bc7-b846-41895f4ebd48: receive RaftClientReply:client-DE0880F50CF2->72f5ceaa-5b3b-4bc7-b846-41895f4ebd48@group-833AA35A7EDE, cid=686, SUCCESS, logIndex=839, commits[72f5ceaa-5b3b-4bc7-b846-41895f4ebd48:c840, b4e1f7d4-4bb4-47ed-a9cb-53483a899fb2:c836, d3916bce-b37b-4246-83c6-d24846ba1a72:c836]
2019-07-08 14:21:07,179 INFO  client.GrpcClientProtocolClient (GrpcClientProtocolClient.java:onNext(255)) - client-DE0880F50CF2->72f5ceaa-5b3b-4bc7-b846-41895f4ebd48: receive RaftClientReply:client-DE0880F50CF2->72f5ceaa-5b3b-4bc7-b846-41895f4ebd48@group-833AA35A7EDE, cid=687, SUCCESS, logIndex=840, commits[72f5ceaa-5b3b-4bc7-b846-41895f4ebd48:c840, b4e1f7d4-4bb4-47ed-a9cb-53483a899fb2:c836, d3916bce-b37b-4246-83c6-d24846ba1a72:c836]
2019-07-08 14:21:07,200 INFO  client.GrpcClientProtocolClient (GrpcClientProtocolClient.java:onNext(255)) - client-DE0880F50CF2->72f5ceaa-5b3b-4bc7-b846-41895f4ebd48: receive RaftClientReply:client-DE0880F50CF2->72f5ceaa-5b3b-4bc7-b846-41895f4ebd48@group-833AA35A7EDE, cid=688, SUCCESS, logIndex=0, commits[72f5ceaa-5b3b-4bc7-b846-41895f4ebd48:c842, b4e1f7d4-4bb4-47ed-a9cb-53483a899fb2:c840, d3916bce-b37b-4246-83c6-d24846ba1a72:c840]
2019-07-08 14:21:07,225 INFO  client.GrpcClientProtocolClient (GrpcClientProtocolClient.java:onNext(255)) - client-DE0880F50CF2->72f5ceaa-5b3b-4bc7-b846-41895f4ebd48: receive RaftClientReply:client-DE0880F50CF2->72f5ceaa-5b3b-4bc7-b846-41895f4ebd48@group-833AA35A7EDE, cid=689, SUCCESS, logIndex=843, commits[72f5ceaa-5b3b-4bc7-b846-41895f4ebd48:c844, b4e1f7d4-4bb4-47ed-a9cb-53483a899fb2:c842, d3916bce-b37b-4246-83c6-d24846ba1a72:c842]
2019-07-08 14:21:07,226 INFO  client.GrpcClientProtocolClient (GrpcClientProtocolClient.java:onNext(255)) - client-DE0880F50CF2->72f5ceaa-5b3b-4bc7-b846-41895f4ebd48: receive RaftClientReply:client-DE0880F50CF2->72f5ceaa-5b3b-4bc7-b846-41895f4ebd48@group-833AA35A7EDE, cid=690, SUCCESS, logIndex=844, commits[72f5ceaa-5b3b-4bc7-b846-41895f4ebd48:c846, b4e1f7d4-4bb4-47ed-a9cb-53483a899fb2:c842, d3916bce-b37b-4246-83c6-d24846ba1a72:c842]
2019-07-08 14:21:07,226 INFO  client.GrpcClientProtocolClient (GrpcClientProtocolClient.java:onNext(255)) - client-DE0880F50CF2->72f5ceaa-5b3b-4bc7-b846-41895f4ebd48: receive RaftClientReply:client-DE0880F50CF2->72f5ceaa-5b3b-4bc7-b846-41895f4ebd48@group-833AA35A7EDE, cid=691, SUCCESS, logIndex=845, commits[72f5ceaa-5b3b-4bc7-b846-41895f4ebd48:c846, b4e1f7d4-4bb4-47ed-a9cb-53483a899fb2:c842, d3916bce-b37b-4246-83c6-d24846ba1a72:c842]
2019-07-08 14:21:07,227 INFO  client.GrpcClientProtocolClient (GrpcClientProtocolClient.java:onNext(255)) - client-DE0880F50CF2->72f5ceaa-5b3b-4bc7-b846-41895f4ebd48: receive RaftClientReply:client-DE0880F50CF2->72f5ceaa-5b3b-4bc7-b846-41895f4ebd48@group-833AA35A7EDE, cid=692, SUCCESS, logIndex=846, commits[72f5ceaa-5b3b-4bc7-b846-41895f4ebd48:c848, b4e1f7d4-4bb4-47ed-a9cb-53483a899fb2:c844, d3916bce-b37b-4246-83c6-d24846ba1a72:c843]
2019-07-08 14:21:07,229 INFO  client.GrpcClientProtocolClient (GrpcClientProtocolClient.java:onNext(255)) - client-DE0880F50CF2->72f5ceaa-5b3b-4bc7-b846-41895f4ebd48: receive RaftClientReply:client-DE0880F50CF2->72f5ceaa-5b3b-4bc7-b846-41895f4ebd48@group-833AA35A7EDE, cid=693, SUCCESS, logIndex=0, commits[72f5ceaa-5b3b-4bc7-b846-41895f4ebd48:c849, b4e1f7d4-4bb4-47ed-a9cb-53483a899fb2:c846, d3916bce-b37b-4246-83c6-d24846ba1a72:c846]
2019-07-08 14:21:07,252 INFO  client.GrpcClientProtocolClient (GrpcClientProtocolClient.java:onNext(255)) - client-DE0880F50CF2->72f5ceaa-5b3b-4bc7-b846-41895f4ebd48: receive RaftClientReply:client-DE0880F50CF2->72f5ceaa-5b3b-4bc7-b846-41895f4ebd48@group-833AA35A7EDE, cid=694, SUCCESS, logIndex=850, commits[72f5ceaa-5b3b-4bc7-b846-41895f4ebd48:c851, b4e1f7d4-4bb4-47ed-a9cb-53483a899fb2:c849, d3916bce-b37b-4246-83c6-d24846ba1a72:c849]
2019-07-08 14:21:07,252 INFO  client.GrpcClientProtocolClient (GrpcClientProtocolClient.java:onNext(255)) - client-DE0880F50CF2->72f5ceaa-5b3b-4bc7-b846-41895f4ebd48: receive RaftClientReply:client-DE0880F50CF2->72f5ceaa-5b3b-4bc7-b846-41895f4ebd48@group-833AA35A7EDE, cid=695, SUCCESS, logIndex=851, commits[72f5ceaa-5b3b-4bc7-b846-41895f4ebd48:c851, b4e1f7d4-4bb4-47ed-a9cb-53483a899fb2:c849, d3916bce-b37b-4246-83c6-d24846ba1a72:c849]
2019-07-08 14:21:07,276 INFO  client.GrpcClientProtocolClient (GrpcClientProtocolClient.java:onNext(255)) - client-DE0880F50CF2->72f5ceaa-5b3b-4bc7-b846-41895f4ebd48: receive RaftClientReply:client-DE0880F50CF2->72f5ceaa-5b3b-4bc7-b846-41895f4ebd48@group-833AA35A7EDE, cid=696, SUCCESS, logIndex=854, commits[72f5ceaa-5b3b-4bc7-b846-41895f4ebd48:c855, b4e1f7d4-4bb4-47ed-a9cb-53483a899fb2:c851, d3916bce-b37b-4246-83c6-d24846ba1a72:c851]
2019-07-08 14:21:07,277 INFO  client.GrpcClientProtocolClient (GrpcClientProtocolClient.java:onNext(255)) - client-DE0880F50CF2->72f5ceaa-5b3b-4bc7-b846-41895f4ebd48: receive RaftClientReply:client-DE0880F50CF2->72f5ceaa-5b3b-4bc7-b846-41895f4ebd48@group-833AA35A7EDE, cid=697, SUCCESS, logIndex=855, commits[72f5ceaa-5b3b-4bc7-b846-41895f4ebd48:c855, b4e1f7d4-4bb4-47ed-a9cb-53483a899fb2:c851, d3916bce-b37b-4246-83c6-d24846ba1a72:c851]
2019-07-08 14:21:07,288 INFO  client.GrpcClientProtocolClient (GrpcClientProtocolClient.java:onNext(255)) - client-DE0880F50CF2->72f5ceaa-5b3b-4bc7-b846-41895f4ebd48: receive RaftClientReply:client-DE0880F50CF2->72f5ceaa-5b3b-4bc7-b846-41895f4ebd48@group-833AA35A7EDE, cid=698, SUCCESS, logIndex=0, commits[72f5ceaa-5b3b-4bc7-b846-41895f4ebd48:c856, b4e1f7d4-4bb4-47ed-a9cb-53483a899fb2:c855, d3916bce-b37b-4246-83c6-d24846ba1a72:c855]
2019-07-08 14:21:07,310 INFO  client.GrpcClientProtocolClient (GrpcClientProtocolClient.java:onNext(255)) - client-DE0880F50CF2->72f5ceaa-5b3b-4bc7-b846-41895f4ebd48: receive RaftClientReply:client-DE0880F50CF2->72f5ceaa-5b3b-4bc7-b846-41895f4ebd48@group-833AA35A7EDE, cid=699, SUCCESS, logIndex=858, commits[72f5ceaa-5b3b-4bc7-b846-41895f4ebd48:c859, b4e1f7d4-4bb4-47ed-a9cb-53483a899fb2:c857, d3916bce-b37b-4246-83c6-d24846ba1a72:c857]
2019-07-08 14:21:07,311 INFO  client.GrpcClientProtocolClient (GrpcClientProtocolClient.java:onNext(255)) - client-DE0880F50CF2->72f5ceaa-5b3b-4bc7-b846-41895f4ebd48: receive RaftClientReply:client-DE0880F50CF2->72f5ceaa-5b3b-4bc7-b846-41895f4ebd48@group-833AA35A7EDE, cid=700, SUCCESS, logIndex=859, commits[72f5ceaa-5b3b-4bc7-b846-41895f4ebd48:c859, b4e1f7d4-4bb4-47ed-a9cb-53483a899fb2:c857, d3916bce-b37b-4246-83c6-d24846ba1a72:c857]
2019-07-08 14:21:07,311 INFO  client.GrpcClientProtocolClient (GrpcClientProtocolClient.java:onNext(255)) - client-DE0880F50CF2->72f5ceaa-5b3b-4bc7-b846-41895f4ebd48: receive RaftClientReply:client-DE0880F50CF2->72f5ceaa-5b3b-4bc7-b846-41895f4ebd48@group-833AA35A7EDE, cid=701, SUCCESS, logIndex=860, commits[72f5ceaa-5b3b-4bc7-b846-41895f4ebd48:c861, b4e1f7d4-4bb4-47ed-a9cb-53483a899fb2:c857, d3916bce-b37b-4246-83c6-d24846ba1a72:c857]
2019-07-08 14:21:07,311 INFO  client.GrpcClientProtocolClient (GrpcClientProtocolClient.java:onNext(255)) - client-DE0880F50CF2->72f5ceaa-5b3b-4bc7-b846-41895f4ebd48: receive RaftClientReply:client-DE0880F50CF2->72f5ceaa-5b3b-4bc7-b846-41895f4ebd48@group-833AA35A7EDE, cid=702, SUCCESS, logIndex=861, commits[72f5ceaa-5b3b-4bc7-b846-41895f4ebd48:c861, b4e1f7d4-4bb4-47ed-a9cb-53483a899fb2:c857, d3916bce-b37b-4246-83c6-d24846ba1a72:c857]
2019-07-08 14:21:07,313 INFO  client.GrpcClientProtocolClient (GrpcClientProtocolClient.java:onNext(255)) - client-DE0880F50CF2->72f5ceaa-5b3b-4bc7-b846-41895f4ebd48: receive RaftClientReply:client-DE0880F50CF2->72f5ceaa-5b3b-4bc7-b846-41895f4ebd48@group-833AA35A7EDE, cid=703, SUCCESS, logIndex=0, commits[72f5ceaa-5b3b-4bc7-b846-41895f4ebd48:c864, b4e1f7d4-4bb4-47ed-a9cb-53483a899fb2:c860, d3916bce-b37b-4246-83c6-d24846ba1a72:c859]
2019-07-08 14:21:07,333 INFO  client.GrpcClientProtocolClient (GrpcClientProtocolClient.java:onNext(255)) - client-DE0880F50CF2->72f5ceaa-5b3b-4bc7-b846-41895f4ebd48: receive RaftClientReply:client-DE0880F50CF2->72f5ceaa-5b3b-4bc7-b846-41895f4ebd48@group-833AA35A7EDE, cid=704, SUCCESS, logIndex=866, commits[72f5ceaa-5b3b-4bc7-b846-41895f4ebd48:c867, b4e1f7d4-4bb4-47ed-a9cb-53483a899fb2:c865, d3916bce-b37b-4246-83c6-d24846ba1a72:c865]
2019-07-08 14:21:07,334 INFO  client.GrpcClientProtocolClient (GrpcClientProtocolClient.java:onNext(255)) - client-DE0880F50CF2->72f5ceaa-5b3b-4bc7-b846-41895f4ebd48: receive RaftClientReply:client-DE0880F50CF2->72f5ceaa-5b3b-4bc7-b846-41895f4ebd48@group-833AA35A7EDE, cid=705, SUCCESS, logIndex=867, commits[72f5ceaa-5b3b-4bc7-b846-41895f4ebd48:c867, b4e1f7d4-4bb4-47ed-a9cb-53483a899fb2:c865, d3916bce-b37b-4246-83c6-d24846ba1a72:c865]
2019-07-08 14:21:07,346 INFO  client.GrpcClientProtocolClient (GrpcClientProtocolClient.java:onNext(255)) - client-DE0880F50CF2->72f5ceaa-5b3b-4bc7-b846-41895f4ebd48: receive RaftClientReply:client-DE0880F50CF2->72f5ceaa-5b3b-4bc7-b846-41895f4ebd48@group-833AA35A7EDE, cid=706, SUCCESS, logIndex=870, commits[72f5ceaa-5b3b-4bc7-b846-41895f4ebd48:c870, b4e1f7d4-4bb4-47ed-a9cb-53483a899fb2:c867, d3916bce-b37b-4246-83c6-d24846ba1a72:c867]
2019-07-08 14:21:07,347 INFO  client.GrpcClientProtocolClient (GrpcClientProtocolClient.java:onNext(255)) - client-DE0880F50CF2->72f5ceaa-5b3b-4bc7-b846-41895f4ebd48: receive RaftClientReply:client-DE0880F50CF2->72f5ceaa-5b3b-4bc7-b846-41895f4ebd48@group-833AA35A7EDE, cid=707, SUCCESS, logIndex=871, commits[72f5ceaa-5b3b-4bc7-b846-41895f4ebd48:c871, b4e1f7d4-4bb4-47ed-a9cb-53483a899fb2:c867, d3916bce-b37b-4246-83c6-d24846ba1a72:c867]
2019-07-08 14:21:07,359 INFO  client.GrpcClientProtocolClient (GrpcClientProtocolClient.java:onNext(255)) - client-DE0880F50CF2->72f5ceaa-5b3b-4bc7-b846-41895f4ebd48: receive RaftClientReply:client-DE0880F50CF2->72f5ceaa-5b3b-4bc7-b846-41895f4ebd48@group-833AA35A7EDE, cid=708, SUCCESS, logIndex=0, commits[72f5ceaa-5b3b-4bc7-b846-41895f4ebd48:c873, b4e1f7d4-4bb4-47ed-a9cb-53483a899fb2:c871, d3916bce-b37b-4246-83c6-d24846ba1a72:c871]
2019-07-08 14:21:07,380 INFO  client.GrpcClientProtocolClient (GrpcClientProtocolClient.java:onNext(255)) - client-DE0880F50CF2->72f5ceaa-5b3b-4bc7-b846-41895f4ebd48: receive RaftClientReply:client-DE0880F50CF2->72f5ceaa-5b3b-4bc7-b846-41895f4ebd48@group-833AA35A7EDE, cid=709, SUCCESS, logIndex=874, commits[72f5ceaa-5b3b-4bc7-b846-41895f4ebd48:c875, b4e1f7d4-4bb4-47ed-a9cb-53483a899fb2:c873, d3916bce-b37b-4246-83c6-d24846ba1a72:c873]
2019-07-08 14:21:07,381 INFO  client.GrpcClientProtocolClient (GrpcClientProtocolClient.java:onNext(255)) - client-DE0880F50CF2->72f5ceaa-5b3b-4bc7-b846-41895f4ebd48: receive RaftClientReply:client-DE0880F50CF2->72f5ceaa-5b3b-4bc7-b846-41895f4ebd48@group-833AA35A7EDE, cid=710, SUCCESS, logIndex=875, commits[72f5ceaa-5b3b-4bc7-b846-41895f4ebd48:c877, b4e1f7d4-4bb4-47ed-a9cb-53483a899fb2:c873, d3916bce-b37b-4246-83c6-d24846ba1a72:c873]
2019-07-08 14:21:07,381 INFO  client.GrpcClientProtocolClient (GrpcClientProtocolClient.java:onNext(255)) - client-DE0880F50CF2->72f5ceaa-5b3b-4bc7-b846-41895f4ebd48: receive RaftClientReply:client-DE0880F50CF2->72f5ceaa-5b3b-4bc7-b846-41895f4ebd48@group-833AA35A7EDE, cid=711, SUCCESS, logIndex=876, commits[72f5ceaa-5b3b-4bc7-b846-41895f4ebd48:c877, b4e1f7d4-4bb4-47ed-a9cb-53483a899fb2:c873, d3916bce-b37b-4246-83c6-d24846ba1a72:c873]
2019-07-08 14:21:07,382 INFO  client.GrpcClientProtocolClient (GrpcClientProtocolClient.java:onNext(255)) - client-DE0880F50CF2->72f5ceaa-5b3b-4bc7-b846-41895f4ebd48: receive RaftClientReply:client-DE0880F50CF2->72f5ceaa-5b3b-4bc7-b846-41895f4ebd48@group-833AA35A7EDE, cid=712, SUCCESS, logIndex=877, commits[72f5ceaa-5b3b-4bc7-b846-41895f4ebd48:c878, b4e1f7d4-4bb4-47ed-a9cb-53483a899fb2:c874, d3916bce-b37b-4246-83c6-d24846ba1a72:c873]
2019-07-08 14:21:07,384 INFO  client.GrpcClientProtocolClient (GrpcClientProtocolClient.java:onNext(255)) - client-DE0880F50CF2->72f5ceaa-5b3b-4bc7-b846-41895f4ebd48: receive RaftClientReply:client-DE0880F50CF2->72f5ceaa-5b3b-4bc7-b846-41895f4ebd48@group-833AA35A7EDE, cid=713, SUCCESS, logIndex=0, commits[72f5ceaa-5b3b-4bc7-b846-41895f4ebd48:c880, b4e1f7d4-4bb4-47ed-a9cb-53483a899fb2:c875, d3916bce-b37b-4246-83c6-d24846ba1a72:c876]
2019-07-08 14:21:07,404 INFO  client.GrpcClientProtocolClient (GrpcClientProtocolClient.java:onNext(255)) - client-DE0880F50CF2->72f5ceaa-5b3b-4bc7-b846-41895f4ebd48: receive RaftClientReply:client-DE0880F50CF2->72f5ceaa-5b3b-4bc7-b846-41895f4ebd48@group-833AA35A7EDE, cid=714, SUCCESS, logIndex=882, commits[72f5ceaa-5b3b-4bc7-b846-41895f4ebd48:c883, b4e1f7d4-4bb4-47ed-a9cb-53483a899fb2:c881, d3916bce-b37b-4246-83c6-d24846ba1a72:c881]
2019-07-08 14:21:07,405 INFO  client.GrpcClientProtocolClient (GrpcClientProtocolClient.java:onNext(255)) - client-DE0880F50CF2->72f5ceaa-5b3b-4bc7-b846-41895f4ebd48: receive RaftClientReply:client-DE0880F50CF2->72f5ceaa-5b3b-4bc7-b846-41895f4ebd48@group-833AA35A7EDE, cid=715, SUCCESS, logIndex=883, commits[72f5ceaa-5b3b-4bc7-b846-41895f4ebd48:c883, b4e1f7d4-4bb4-47ed-a9cb-53483a899fb2:c881, d3916bce-b37b-4246-83c6-d24846ba1a72:c881]
2019-07-08 14:21:07,418 INFO  client.GrpcClientProtocolClient (GrpcClientProtocolClient.java:onNext(255)) - client-DE0880F50CF2->72f5ceaa-5b3b-4bc7-b846-41895f4ebd48: receive RaftClientReply:client-DE0880F50CF2->72f5ceaa-5b3b-4bc7-b846-41895f4ebd48@group-833AA35A7EDE, cid=716, SUCCESS, logIndex=886, commits[72f5ceaa-5b3b-4bc7-b846-41895f4ebd48:c887, b4e1f7d4-4bb4-47ed-a9cb-53483a899fb2:c885, d3916bce-b37b-4246-83c6-d24846ba1a72:c885]
2019-07-08 14:21:07,418 INFO  client.GrpcClientProtocolClient (GrpcClientProtocolClient.java:onNext(255)) - client-DE0880F50CF2->72f5ceaa-5b3b-4bc7-b846-41895f4ebd48: receive RaftClientReply:client-DE0880F50CF2->72f5ceaa-5b3b-4bc7-b846-41895f4ebd48@group-833AA35A7EDE, cid=717, SUCCESS, logIndex=887, commits[72f5ceaa-5b3b-4bc7-b846-41895f4ebd48:c887, b4e1f7d4-4bb4-47ed-a9cb-53483a899fb2:c885, d3916bce-b37b-4246-83c6-d24846ba1a72:c885]
2019-07-08 14:21:07,421 INFO  client.GrpcClientProtocolClient (GrpcClientProtocolClient.java:onNext(255)) - client-DE0880F50CF2->72f5ceaa-5b3b-4bc7-b846-41895f4ebd48: receive RaftClientReply:client-DE0880F50CF2->72f5ceaa-5b3b-4bc7-b846-41895f4ebd48@group-833AA35A7EDE, cid=718, SUCCESS, logIndex=0, commits[72f5ceaa-5b3b-4bc7-b846-41895f4ebd48:c888, b4e1f7d4-4bb4-47ed-a9cb-53483a899fb2:c887, d3916bce-b37b-4246-83c6-d24846ba1a72:c887]
2019-07-08 14:21:07,461 INFO  client.GrpcClientProtocolClient (GrpcClientProtocolClient.java:onNext(255)) - client-DE0880F50CF2->72f5ceaa-5b3b-4bc7-b846-41895f4ebd48: receive RaftClientReply:client-DE0880F50CF2->72f5ceaa-5b3b-4bc7-b846-41895f4ebd48@group-833AA35A7EDE, cid=719, SUCCESS, logIndex=890, commits[72f5ceaa-5b3b-4bc7-b846-41895f4ebd48:c893, b4e1f7d4-4bb4-47ed-a9cb-53483a899fb2:c889, d3916bce-b37b-4246-83c6-d24846ba1a72:c889]
2019-07-08 14:21:07,462 INFO  client.GrpcClientProtocolClient (GrpcClientProtocolClient.java:onNext(255)) - client-DE0880F50CF2->72f5ceaa-5b3b-4bc7-b846-41895f4ebd48: receive RaftClientReply:client-DE0880F50CF2->72f5ceaa-5b3b-4bc7-b846-41895f4ebd48@group-833AA35A7EDE, cid=720, SUCCESS, logIndex=891, commits[72f5ceaa-5b3b-4bc7-b846-41895f4ebd48:c893, b4e1f7d4-4bb4-47ed-a9cb-53483a899fb2:c889, d3916bce-b37b-4246-83c6-d24846ba1a72:c889]
2019-07-08 14:21:07,462 INFO  client.GrpcClientProtocolClient (GrpcClientProtocolClient.java:onNext(255)) - client-DE0880F50CF2->72f5ceaa-5b3b-4bc7-b846-41895f4ebd48: receive RaftClientReply:client-DE0880F50CF2->72f5ceaa-5b3b-4bc7-b846-41895f4ebd48@group-833AA35A7EDE, cid=721, SUCCESS, logIndex=892, commits[72f5ceaa-5b3b-4bc7-b846-41895f4ebd48:c893, b4e1f7d4-4bb4-47ed-a9cb-53483a899fb2:c889, d3916bce-b37b-4246-83c6-d24846ba1a72:c889]
2019-07-08 14:21:07,463 INFO  client.GrpcClientProtocolClient (GrpcClientProtocolClient.java:onNext(255)) - client-DE0880F50CF2->72f5ceaa-5b3b-4bc7-b846-41895f4ebd48: receive RaftClientReply:client-DE0880F50CF2->72f5ceaa-5b3b-4bc7-b846-41895f4ebd48@group-833AA35A7EDE, cid=722, SUCCESS, logIndex=893, commits[72f5ceaa-5b3b-4bc7-b846-41895f4ebd48:c893, b4e1f7d4-4bb4-47ed-a9cb-53483a899fb2:c889, d3916bce-b37b-4246-83c6-d24846ba1a72:c889]
2019-07-08 14:21:07,473 INFO  client.GrpcClientProtocolClient (GrpcClientProtocolClient.java:onNext(255)) - client-DE0880F50CF2->72f5ceaa-5b3b-4bc7-b846-41895f4ebd48: receive RaftClientReply:client-DE0880F50CF2->72f5ceaa-5b3b-4bc7-b846-41895f4ebd48@group-833AA35A7EDE, cid=723, SUCCESS, logIndex=0, commits[72f5ceaa-5b3b-4bc7-b846-41895f4ebd48:c894, b4e1f7d4-4bb4-47ed-a9cb-53483a899fb2:c892, d3916bce-b37b-4246-83c6-d24846ba1a72:c892]
2019-07-08 14:21:07,497 INFO  client.GrpcClientProtocolClient (GrpcClientProtocolClient.java:onNext(255)) - client-DE0880F50CF2->72f5ceaa-5b3b-4bc7-b846-41895f4ebd48: receive RaftClientReply:client-DE0880F50CF2->72f5ceaa-5b3b-4bc7-b846-41895f4ebd48@group-833AA35A7EDE, cid=724, SUCCESS, logIndex=897, commits[72f5ceaa-5b3b-4bc7-b846-41895f4ebd48:c898, b4e1f7d4-4bb4-47ed-a9cb-53483a899fb2:c896, d3916bce-b37b-4246-83c6-d24846ba1a72:c896]
2019-07-08 14:21:07,497 INFO  client.GrpcClientProtocolClient (GrpcClientProtocolClient.java:onNext(255)) - client-DE0880F50CF2->72f5ceaa-5b3b-4bc7-b846-41895f4ebd48: receive RaftClientReply:client-DE0880F50CF2->72f5ceaa-5b3b-4bc7-b846-41895f4ebd48@group-833AA35A7EDE, cid=725, SUCCESS, logIndex=898, commits[72f5ceaa-5b3b-4bc7-b846-41895f4ebd48:c898, b4e1f7d4-4bb4-47ed-a9cb-53483a899fb2:c896, d3916bce-b37b-4246-83c6-d24846ba1a72:c896]
2019-07-08 14:21:07,524 INFO  client.GrpcClientProtocolClient (GrpcClientProtocolClient.java:onNext(255)) - client-DE0880F50CF2->72f5ceaa-5b3b-4bc7-b846-41895f4ebd48: receive RaftClientReply:client-DE0880F50CF2->72f5ceaa-5b3b-4bc7-b846-41895f4ebd48@group-833AA35A7EDE, cid=726, SUCCESS, logIndex=901, commits[72f5ceaa-5b3b-4bc7-b846-41895f4ebd48:c902, b4e1f7d4-4bb4-47ed-a9cb-53483a899fb2:c898, d3916bce-b37b-4246-83c6-d24846ba1a72:c898]
2019-07-08 14:21:07,524 INFO  client.GrpcClientProtocolClient (GrpcClientProtocolClient.java:onNext(255)) - client-DE0880F50CF2->72f5ceaa-5b3b-4bc7-b846-41895f4ebd48: receive RaftClientReply:client-DE0880F50CF2->72f5ceaa-5b3b-4bc7-b846-41895f4ebd48@group-833AA35A7EDE, cid=727, SUCCESS, logIndex=902, commits[72f5ceaa-5b3b-4bc7-b846-41895f4ebd48:c902, b4e1f7d4-4bb4-47ed-a9cb-53483a899fb2:c898, d3916bce-b37b-4246-83c6-d24846ba1a72:c898]
2019-07-08 14:21:07,527 INFO  client.GrpcClientProtocolClient (GrpcClientProtocolClient.java:onNext(255)) - client-DE0880F50CF2->72f5ceaa-5b3b-4bc7-b846-41895f4ebd48: receive RaftClientReply:client-DE0880F50CF2->72f5ceaa-5b3b-4bc7-b846-41895f4ebd48@group-833AA35A7EDE, cid=728, SUCCESS, logIndex=0, commits[72f5ceaa-5b3b-4bc7-b846-41895f4ebd48:c904, b4e1f7d4-4bb4-47ed-a9cb-53483a899fb2:c902, d3916bce-b37b-4246-83c6-d24846ba1a72:c902]
2019-07-08 14:21:07,552 INFO  client.GrpcClientProtocolClient (GrpcClientProtocolClient.java:onNext(255)) - client-DE0880F50CF2->72f5ceaa-5b3b-4bc7-b846-41895f4ebd48: receive RaftClientReply:client-DE0880F50CF2->72f5ceaa-5b3b-4bc7-b846-41895f4ebd48@group-833AA35A7EDE, cid=729, SUCCESS, logIndex=905, commits[72f5ceaa-5b3b-4bc7-b846-41895f4ebd48:c906, b4e1f7d4-4bb4-47ed-a9cb-53483a899fb2:c904, d3916bce-b37b-4246-83c6-d24846ba1a72:c904]
2019-07-08 14:21:07,553 INFO  client.GrpcClientProtocolClient (GrpcClientProtocolClient.java:onNext(255)) - client-DE0880F50CF2->72f5ceaa-5b3b-4bc7-b846-41895f4ebd48: receive RaftClientReply:client-DE0880F50CF2->72f5ceaa-5b3b-4bc7-b846-41895f4ebd48@group-833AA35A7EDE, cid=730, SUCCESS, logIndex=906, commits[72f5ceaa-5b3b-4bc7-b846-41895f4ebd48:c907, b4e1f7d4-4bb4-47ed-a9cb-53483a899fb2:c904, d3916bce-b37b-4246-83c6-d24846ba1a72:c904]
2019-07-08 14:21:07,553 INFO  client.GrpcClientProtocolClient (GrpcClientProtocolClient.java:onNext(255)) - client-DE0880F50CF2->72f5ceaa-5b3b-4bc7-b846-41895f4ebd48: receive RaftClientReply:client-DE0880F50CF2->72f5ceaa-5b3b-4bc7-b846-41895f4ebd48@group-833AA35A7EDE, cid=731, SUCCESS, logIndex=907, commits[72f5ceaa-5b3b-4bc7-b846-41895f4ebd48:c908, b4e1f7d4-4bb4-47ed-a9cb-53483a899fb2:c904, d3916bce-b37b-4246-83c6-d24846ba1a72:c904]
2019-07-08 14:21:07,554 INFO  client.GrpcClientProtocolClient (GrpcClientProtocolClient.java:onNext(255)) - client-DE0880F50CF2->72f5ceaa-5b3b-4bc7-b846-41895f4ebd48: receive RaftClientReply:client-DE0880F50CF2->72f5ceaa-5b3b-4bc7-b846-41895f4ebd48@group-833AA35A7EDE, cid=732, SUCCESS, logIndex=908, commits[72f5ceaa-5b3b-4bc7-b846-41895f4ebd48:c908, b4e1f7d4-4bb4-47ed-a9cb-53483a899fb2:c904, d3916bce-b37b-4246-83c6-d24846ba1a72:c904]
2019-07-08 14:21:07,555 INFO  client.GrpcClientProtocolClient (GrpcClientProtocolClient.java:onNext(255)) - client-DE0880F50CF2->72f5ceaa-5b3b-4bc7-b846-41895f4ebd48: receive RaftClientReply:client-DE0880F50CF2->72f5ceaa-5b3b-4bc7-b846-41895f4ebd48@group-833AA35A7EDE, cid=733, SUCCESS, logIndex=0, commits[72f5ceaa-5b3b-4bc7-b846-41895f4ebd48:c912, b4e1f7d4-4bb4-47ed-a9cb-53483a899fb2:c906, d3916bce-b37b-4246-83c6-d24846ba1a72:c908]
2019-07-08 14:21:07,577 INFO  client.GrpcClientProtocolClient (GrpcClientProtocolClient.java:onNext(255)) - client-DE0880F50CF2->72f5ceaa-5b3b-4bc7-b846-41895f4ebd48: receive RaftClientReply:client-DE0880F50CF2->72f5ceaa-5b3b-4bc7-b846-41895f4ebd48@group-833AA35A7EDE, cid=734, SUCCESS, logIndex=913, commits[72f5ceaa-5b3b-4bc7-b846-41895f4ebd48:c914, b4e1f7d4-4bb4-47ed-a9cb-53483a899fb2:c912, d3916bce-b37b-4246-83c6-d24846ba1a72:c912]
2019-07-08 14:21:07,578 INFO  client.GrpcClientProtocolClient (GrpcClientProtocolClient.java:onNext(255)) - client-DE0880F50CF2->72f5ceaa-5b3b-4bc7-b846-41895f4ebd48: receive RaftClientReply:client-DE0880F50CF2->72f5ceaa-5b3b-4bc7-b846-41895f4ebd48@group-833AA35A7EDE, cid=735, SUCCESS, logIndex=914, commits[72f5ceaa-5b3b-4bc7-b846-41895f4ebd48:c914, b4e1f7d4-4bb4-47ed-a9cb-53483a899fb2:c912, d3916bce-b37b-4246-83c6-d24846ba1a72:c912]
2019-07-08 14:21:07,603 INFO  client.GrpcClientProtocolClient (GrpcClientProtocolClient.java:onNext(255)) - client-DE0880F50CF2->72f5ceaa-5b3b-4bc7-b846-41895f4ebd48: receive RaftClientReply:client-DE0880F50CF2->72f5ceaa-5b3b-4bc7-b846-41895f4ebd48@group-833AA35A7EDE, cid=736, SUCCESS, logIndex=917, commits[72f5ceaa-5b3b-4bc7-b846-41895f4ebd48:c918, b4e1f7d4-4bb4-47ed-a9cb-53483a899fb2:c914, d3916bce-b37b-4246-83c6-d24846ba1a72:c914]
2019-07-08 14:21:07,604 INFO  client.GrpcClientProtocolClient (GrpcClientProtocolClient.java:onNext(255)) - client-DE0880F50CF2->72f5ceaa-5b3b-4bc7-b846-41895f4ebd48: receive RaftClientReply:client-DE0880F50CF2->72f5ceaa-5b3b-4bc7-b846-41895f4ebd48@group-833AA35A7EDE, cid=737, SUCCESS, logIndex=918, commits[72f5ceaa-5b3b-4bc7-b846-41895f4ebd48:c918, b4e1f7d4-4bb4-47ed-a9cb-53483a899fb2:c914, d3916bce-b37b-4246-83c6-d24846ba1a72:c914]
2019-07-08 14:21:07,605 INFO  client.GrpcClientProtocolClient (GrpcClientProtocolClient.java:onNext(255)) - client-DE0880F50CF2->72f5ceaa-5b3b-4bc7-b846-41895f4ebd48: receive RaftClientReply:client-DE0880F50CF2->72f5ceaa-5b3b-4bc7-b846-41895f4ebd48@group-833AA35A7EDE, cid=738, SUCCESS, logIndex=0, commits[72f5ceaa-5b3b-4bc7-b846-41895f4ebd48:c919, b4e1f7d4-4bb4-47ed-a9cb-53483a899fb2:c918, d3916bce-b37b-4246-83c6-d24846ba1a72:c918]
2019-07-08 14:21:07,627 INFO  client.GrpcClientProtocolClient (GrpcClientProtocolClient.java:onNext(255)) - client-DE0880F50CF2->72f5ceaa-5b3b-4bc7-b846-41895f4ebd48: receive RaftClientReply:client-DE0880F50CF2->72f5ceaa-5b3b-4bc7-b846-41895f4ebd48@group-833AA35A7EDE, cid=739, SUCCESS, logIndex=921, commits[72f5ceaa-5b3b-4bc7-b846-41895f4ebd48:c923, b4e1f7d4-4bb4-47ed-a9cb-53483a899fb2:c920, d3916bce-b37b-4246-83c6-d24846ba1a72:c920]
2019-07-08 14:21:07,628 INFO  client.GrpcClientProtocolClient (GrpcClientProtocolClient.java:onNext(255)) - client-DE0880F50CF2->72f5ceaa-5b3b-4bc7-b846-41895f4ebd48: receive RaftClientReply:client-DE0880F50CF2->72f5ceaa-5b3b-4bc7-b846-41895f4ebd48@group-833AA35A7EDE, cid=740, SUCCESS, logIndex=922, commits[72f5ceaa-5b3b-4bc7-b846-41895f4ebd48:c924, b4e1f7d4-4bb4-47ed-a9cb-53483a899fb2:c920, d3916bce-b37b-4246-83c6-d24846ba1a72:c920]
2019-07-08 14:21:07,629 INFO  client.GrpcClientProtocolClient (GrpcClientProtocolClient.java:onNext(255)) - client-DE0880F50CF2->72f5ceaa-5b3b-4bc7-b846-41895f4ebd48: receive RaftClientReply:client-DE0880F50CF2->72f5ceaa-5b3b-4bc7-b846-41895f4ebd48@group-833AA35A7EDE, cid=741, SUCCESS, logIndex=923, commits[72f5ceaa-5b3b-4bc7-b846-41895f4ebd48:c924, b4e1f7d4-4bb4-47ed-a9cb-53483a899fb2:c920, d3916bce-b37b-4246-83c6-d24846ba1a72:c920]
2019-07-08 14:21:07,629 INFO  client.GrpcClientProtocolClient (GrpcClientProtocolClient.java:onNext(255)) - client-DE0880F50CF2->72f5ceaa-5b3b-4bc7-b846-41895f4ebd48: receive RaftClientReply:client-DE0880F50CF2->72f5ceaa-5b3b-4bc7-b846-41895f4ebd48@group-833AA35A7EDE, cid=742, SUCCESS, logIndex=924, commits[72f5ceaa-5b3b-4bc7-b846-41895f4ebd48:c925, b4e1f7d4-4bb4-47ed-a9cb-53483a899fb2:c920, d3916bce-b37b-4246-83c6-d24846ba1a72:c922]
2019-07-08 14:21:07,630 INFO  client.GrpcClientProtocolClient (GrpcClientProtocolClient.java:onNext(255)) - client-DE0880F50CF2->72f5ceaa-5b3b-4bc7-b846-41895f4ebd48: receive RaftClientReply:client-DE0880F50CF2->72f5ceaa-5b3b-4bc7-b846-41895f4ebd48@group-833AA35A7EDE, cid=743, SUCCESS, logIndex=0, commits[72f5ceaa-5b3b-4bc7-b846-41895f4ebd48:c927, b4e1f7d4-4bb4-47ed-a9cb-53483a899fb2:c923, d3916bce-b37b-4246-83c6-d24846ba1a72:c922]
2019-07-08 14:21:07,651 INFO  client.GrpcClientProtocolClient (GrpcClientProtocolClient.java:onNext(255)) - client-DE0880F50CF2->72f5ceaa-5b3b-4bc7-b846-41895f4ebd48: receive RaftClientReply:client-DE0880F50CF2->72f5ceaa-5b3b-4bc7-b846-41895f4ebd48@group-833AA35A7EDE, cid=744, SUCCESS, logIndex=929, commits[72f5ceaa-5b3b-4bc7-b846-41895f4ebd48:c930, b4e1f7d4-4bb4-47ed-a9cb-53483a899fb2:c928, d3916bce-b37b-4246-83c6-d24846ba1a72:c928]
2019-07-08 14:21:07,652 INFO  client.GrpcClientProtocolClient (GrpcClientProtocolClient.java:onNext(255)) - client-DE0880F50CF2->72f5ceaa-5b3b-4bc7-b846-41895f4ebd48: receive RaftClientReply:client-DE0880F50CF2->72f5ceaa-5b3b-4bc7-b846-41895f4ebd48@group-833AA35A7EDE, cid=745, SUCCESS, logIndex=930, commits[72f5ceaa-5b3b-4bc7-b846-41895f4ebd48:c930, b4e1f7d4-4bb4-47ed-a9cb-53483a899fb2:c928, d3916bce-b37b-4246-83c6-d24846ba1a72:c928]
2019-07-08 14:21:07,665 INFO  client.GrpcClientProtocolClient (GrpcClientProtocolClient.java:onNext(255)) - client-DE0880F50CF2->72f5ceaa-5b3b-4bc7-b846-41895f4ebd48: receive RaftClientReply:client-DE0880F50CF2->72f5ceaa-5b3b-4bc7-b846-41895f4ebd48@group-833AA35A7EDE, cid=746, SUCCESS, logIndex=933, commits[72f5ceaa-5b3b-4bc7-b846-41895f4ebd48:c934, b4e1f7d4-4bb4-47ed-a9cb-53483a899fb2:c930, d3916bce-b37b-4246-83c6-d24846ba1a72:c930]
2019-07-08 14:21:07,665 INFO  client.GrpcClientProtocolClient (GrpcClientProtocolClient.java:onNext(255)) - client-DE0880F50CF2->72f5ceaa-5b3b-4bc7-b846-41895f4ebd48: receive RaftClientReply:client-DE0880F50CF2->72f5ceaa-5b3b-4bc7-b846-41895f4ebd48@group-833AA35A7EDE, cid=747, SUCCESS, logIndex=934, commits[72f5ceaa-5b3b-4bc7-b846-41895f4ebd48:c934, b4e1f7d4-4bb4-47ed-a9cb-53483a899fb2:c930, d3916bce-b37b-4246-83c6-d24846ba1a72:c930]
2019-07-08 14:21:07,667 INFO  client.GrpcClientProtocolClient (GrpcClientProtocolClient.java:onNext(255)) - client-DE0880F50CF2->72f5ceaa-5b3b-4bc7-b846-41895f4ebd48: receive RaftClientReply:client-DE0880F50CF2->72f5ceaa-5b3b-4bc7-b846-41895f4ebd48@group-833AA35A7EDE, cid=748, SUCCESS, logIndex=0, commits[72f5ceaa-5b3b-4bc7-b846-41895f4ebd48:c936, b4e1f7d4-4bb4-47ed-a9cb-53483a899fb2:c934, d3916bce-b37b-4246-83c6-d24846ba1a72:c934]
2019-07-08 14:21:07,687 INFO  client.GrpcClientProtocolClient (GrpcClientProtocolClient.java:onNext(255)) - client-DE0880F50CF2->72f5ceaa-5b3b-4bc7-b846-41895f4ebd48: receive RaftClientReply:client-DE0880F50CF2->72f5ceaa-5b3b-4bc7-b846-41895f4ebd48@group-833AA35A7EDE, cid=749, SUCCESS, logIndex=937, commits[72f5ceaa-5b3b-4bc7-b846-41895f4ebd48:c938, b4e1f7d4-4bb4-47ed-a9cb-53483a899fb2:c936, d3916bce-b37b-4246-83c6-d24846ba1a72:c936]
2019-07-08 14:21:07,688 INFO  client.GrpcClientProtocolClient (GrpcClientProtocolClient.java:onNext(255)) - client-DE0880F50CF2->72f5ceaa-5b3b-4bc7-b846-41895f4ebd48: receive RaftClientReply:client-DE0880F50CF2->72f5ceaa-5b3b-4bc7-b846-41895f4ebd48@group-833AA35A7EDE, cid=750, SUCCESS, logIndex=938, commits[72f5ceaa-5b3b-4bc7-b846-41895f4ebd48:c939, b4e1f7d4-4bb4-47ed-a9cb-53483a899fb2:c936, d3916bce-b37b-4246-83c6-d24846ba1a72:c936]
2019-07-08 14:21:07,688 INFO  client.GrpcClientProtocolClient (GrpcClientProtocolClient.java:onNext(255)) - client-DE0880F50CF2->72f5ceaa-5b3b-4bc7-b846-41895f4ebd48: receive RaftClientReply:client-DE0880F50CF2->72f5ceaa-5b3b-4bc7-b846-41895f4ebd48@group-833AA35A7EDE, cid=751, SUCCESS, logIndex=939, commits[72f5ceaa-5b3b-4bc7-b846-41895f4ebd48:c940, b4e1f7d4-4bb4-47ed-a9cb-53483a899fb2:c936, d3916bce-b37b-4246-83c6-d24846ba1a72:c936]
2019-07-08 14:21:07,689 INFO  client.GrpcClientProtocolClient (GrpcClientProtocolClient.java:onNext(255)) - client-DE0880F50CF2->72f5ceaa-5b3b-4bc7-b846-41895f4ebd48: receive RaftClientReply:client-DE0880F50CF2->72f5ceaa-5b3b-4bc7-b846-41895f4ebd48@group-833AA35A7EDE, cid=752, SUCCESS, logIndex=940, commits[72f5ceaa-5b3b-4bc7-b846-41895f4ebd48:c940, b4e1f7d4-4bb4-47ed-a9cb-53483a899fb2:c936, d3916bce-b37b-4246-83c6-d24846ba1a72:c936]
2019-07-08 14:21:07,690 INFO  client.GrpcClientProtocolClient (GrpcClientProtocolClient.java:onNext(255)) - client-DE0880F50CF2->72f5ceaa-5b3b-4bc7-b846-41895f4ebd48: receive RaftClientReply:client-DE0880F50CF2->72f5ceaa-5b3b-4bc7-b846-41895f4ebd48@group-833AA35A7EDE, cid=753, SUCCESS, logIndex=0, commits[72f5ceaa-5b3b-4bc7-b846-41895f4ebd48:c944, b4e1f7d4-4bb4-47ed-a9cb-53483a899fb2:c940, d3916bce-b37b-4246-83c6-d24846ba1a72:c939]
2019-07-08 14:21:07,719 INFO  client.GrpcClientProtocolClient (GrpcClientProtocolClient.java:onNext(255)) - client-DE0880F50CF2->72f5ceaa-5b3b-4bc7-b846-41895f4ebd48: receive RaftClientReply:client-DE0880F50CF2->72f5ceaa-5b3b-4bc7-b846-41895f4ebd48@group-833AA35A7EDE, cid=754, SUCCESS, logIndex=945, commits[72f5ceaa-5b3b-4bc7-b846-41895f4ebd48:c946, b4e1f7d4-4bb4-47ed-a9cb-53483a899fb2:c944, d3916bce-b37b-4246-83c6-d24846ba1a72:c944]
2019-07-08 14:21:07,719 INFO  client.GrpcClientProtocolClient (GrpcClientProtocolClient.java:onNext(255)) - client-DE0880F50CF2->72f5ceaa-5b3b-4bc7-b846-41895f4ebd48: receive RaftClientReply:client-DE0880F50CF2->72f5ceaa-5b3b-4bc7-b846-41895f4ebd48@group-833AA35A7EDE, cid=755, SUCCESS, logIndex=946, commits[72f5ceaa-5b3b-4bc7-b846-41895f4ebd48:c946, b4e1f7d4-4bb4-47ed-a9cb-53483a899fb2:c944, d3916bce-b37b-4246-83c6-d24846ba1a72:c944]
2019-07-08 14:21:07,732 INFO  client.GrpcClientProtocolClient (GrpcClientProtocolClient.java:onNext(255)) - client-DE0880F50CF2->72f5ceaa-5b3b-4bc7-b846-41895f4ebd48: receive RaftClientReply:client-DE0880F50CF2->72f5ceaa-5b3b-4bc7-b846-41895f4ebd48@group-833AA35A7EDE, cid=756, SUCCESS, logIndex=949, commits[72f5ceaa-5b3b-4bc7-b846-41895f4ebd48:c950, b4e1f7d4-4bb4-47ed-a9cb-53483a899fb2:c946, d3916bce-b37b-4246-83c6-d24846ba1a72:c946]
2019-07-08 14:21:07,733 INFO  client.GrpcClientProtocolClient (GrpcClientProtocolClient.java:onNext(255)) - client-DE0880F50CF2->72f5ceaa-5b3b-4bc7-b846-41895f4ebd48: receive RaftClientReply:client-DE0880F50CF2->72f5ceaa-5b3b-4bc7-b846-41895f4ebd48@group-833AA35A7EDE, cid=757, SUCCESS, logIndex=950, commits[72f5ceaa-5b3b-4bc7-b846-41895f4ebd48:c950, b4e1f7d4-4bb4-47ed-a9cb-53483a899fb2:c946, d3916bce-b37b-4246-83c6-d24846ba1a72:c946]
2019-07-08 14:21:07,745 INFO  client.GrpcClientProtocolClient (GrpcClientProtocolClient.java:onNext(255)) - client-DE0880F50CF2->72f5ceaa-5b3b-4bc7-b846-41895f4ebd48: receive RaftClientReply:client-DE0880F50CF2->72f5ceaa-5b3b-4bc7-b846-41895f4ebd48@group-833AA35A7EDE, cid=758, SUCCESS, logIndex=0, commits[72f5ceaa-5b3b-4bc7-b846-41895f4ebd48:c952, b4e1f7d4-4bb4-47ed-a9cb-53483a899fb2:c950, d3916bce-b37b-4246-83c6-d24846ba1a72:c950]
 0.00% |█                                                                                                    |  0/1 Time: 0:00:022019-07-08 14:21:07,769 INFO  client.GrpcClientProtocolClient (GrpcClientProtocolClient.java:onNext(255)) - client-DE0880F50CF2->72f5ceaa-5b3b-4bc7-b846-41895f4ebd48: receive RaftClientReply:client-DE0880F50CF2->72f5ceaa-5b3b-4bc7-b846-41895f4ebd48@group-833AA35A7EDE, cid=759, SUCCESS, logIndex=953, commits[72f5ceaa-5b3b-4bc7-b846-41895f4ebd48:c953, b4e1f7d4-4bb4-47ed-a9cb-53483a899fb2:c952, d3916bce-b37b-4246-83c6-d24846ba1a72:c952]
2019-07-08 14:21:07,770 INFO  client.GrpcClientProtocolClient (GrpcClientProtocolClient.java:onNext(255)) - client-DE0880F50CF2->72f5ceaa-5b3b-4bc7-b846-41895f4ebd48: receive RaftClientReply:client-DE0880F50CF2->72f5ceaa-5b3b-4bc7-b846-41895f4ebd48@group-833AA35A7EDE, cid=760, SUCCESS, logIndex=954, commits[72f5ceaa-5b3b-4bc7-b846-41895f4ebd48:c956, b4e1f7d4-4bb4-47ed-a9cb-53483a899fb2:c952, d3916bce-b37b-4246-83c6-d24846ba1a72:c952]
2019-07-08 14:21:07,770 INFO  client.GrpcClientProtocolClient (GrpcClientProtocolClient.java:onNext(255)) - client-DE0880F50CF2->72f5ceaa-5b3b-4bc7-b846-41895f4ebd48: receive RaftClientReply:client-DE0880F50CF2->72f5ceaa-5b3b-4bc7-b846-41895f4ebd48@group-833AA35A7EDE, cid=761, SUCCESS, logIndex=955, commits[72f5ceaa-5b3b-4bc7-b846-41895f4ebd48:c956, b4e1f7d4-4bb4-47ed-a9cb-53483a899fb2:c952, d3916bce-b37b-4246-83c6-d24846ba1a72:c952]
2019-07-08 14:21:07,771 INFO  client.GrpcClientProtocolClient (GrpcClientProtocolClient.java:onNext(255)) - client-DE0880F50CF2->72f5ceaa-5b3b-4bc7-b846-41895f4ebd48: receive RaftClientReply:client-DE0880F50CF2->72f5ceaa-5b3b-4bc7-b846-41895f4ebd48@group-833AA35A7EDE, cid=762, SUCCESS, logIndex=956, commits[72f5ceaa-5b3b-4bc7-b846-41895f4ebd48:c956, b4e1f7d4-4bb4-47ed-a9cb-53483a899fb2:c952, d3916bce-b37b-4246-83c6-d24846ba1a72:c952]
2019-07-08 14:21:07,772 INFO  client.GrpcClientProtocolClient (GrpcClientProtocolClient.java:onNext(255)) - client-DE0880F50CF2->72f5ceaa-5b3b-4bc7-b846-41895f4ebd48: receive RaftClientReply:client-DE0880F50CF2->72f5ceaa-5b3b-4bc7-b846-41895f4ebd48@group-833AA35A7EDE, cid=763, SUCCESS, logIndex=0, commits[72f5ceaa-5b3b-4bc7-b846-41895f4ebd48:c959, b4e1f7d4-4bb4-47ed-a9cb-53483a899fb2:c956, d3916bce-b37b-4246-83c6-d24846ba1a72:c956]
2019-07-08 14:21:07,893 INFO  client.GrpcClientProtocolClient (GrpcClientProtocolClient.java:onNext(255)) - client-DE0880F50CF2->72f5ceaa-5b3b-4bc7-b846-41895f4ebd48: receive RaftClientReply:client-DE0880F50CF2->72f5ceaa-5b3b-4bc7-b846-41895f4ebd48@group-833AA35A7EDE, cid=764, SUCCESS, logIndex=960, commits[72f5ceaa-5b3b-4bc7-b846-41895f4ebd48:c961, b4e1f7d4-4bb4-47ed-a9cb-53483a899fb2:c959, d3916bce-b37b-4246-83c6-d24846ba1a72:c959]
2019-07-08 14:21:07,893 INFO  client.GrpcClientProtocolClient (GrpcClientProtocolClient.java:onNext(255)) - client-DE0880F50CF2->72f5ceaa-5b3b-4bc7-b846-41895f4ebd48: receive RaftClientReply:client-DE0880F50CF2->72f5ceaa-5b3b-4bc7-b846-41895f4ebd48@group-833AA35A7EDE, cid=765, SUCCESS, logIndex=961, commits[72f5ceaa-5b3b-4bc7-b846-41895f4ebd48:c961, b4e1f7d4-4bb4-47ed-a9cb-53483a899fb2:c959, d3916bce-b37b-4246-83c6-d24846ba1a72:c959]
2019-07-08 14:21:07,919 INFO  client.GrpcClientProtocolClient (GrpcClientProtocolClient.java:onNext(255)) - client-DE0880F50CF2->72f5ceaa-5b3b-4bc7-b846-41895f4ebd48: receive RaftClientReply:client-DE0880F50CF2->72f5ceaa-5b3b-4bc7-b846-41895f4ebd48@group-833AA35A7EDE, cid=766, SUCCESS, logIndex=964, commits[72f5ceaa-5b3b-4bc7-b846-41895f4ebd48:c965, b4e1f7d4-4bb4-47ed-a9cb-53483a899fb2:c961, d3916bce-b37b-4246-83c6-d24846ba1a72:c961]
2019-07-08 14:21:07,920 INFO  client.GrpcClientProtocolClient (GrpcClientProtocolClient.java:onNext(255)) - client-DE0880F50CF2->72f5ceaa-5b3b-4bc7-b846-41895f4ebd48: receive RaftClientReply:client-DE0880F50CF2->72f5ceaa-5b3b-4bc7-b846-41895f4ebd48@group-833AA35A7EDE, cid=767, SUCCESS, logIndex=965, commits[72f5ceaa-5b3b-4bc7-b846-41895f4ebd48:c965, b4e1f7d4-4bb4-47ed-a9cb-53483a899fb2:c961, d3916bce-b37b-4246-83c6-d24846ba1a72:c961]
2019-07-08 14:21:07,922 INFO  client.GrpcClientProtocolClient (GrpcClientProtocolClient.java:onNext(255)) - client-DE0880F50CF2->72f5ceaa-5b3b-4bc7-b846-41895f4ebd48: receive RaftClientReply:client-DE0880F50CF2->72f5ceaa-5b3b-4bc7-b846-41895f4ebd48@group-833AA35A7EDE, cid=768, SUCCESS, logIndex=0, commits[72f5ceaa-5b3b-4bc7-b846-41895f4ebd48:c967, b4e1f7d4-4bb4-47ed-a9cb-53483a899fb2:c965, d3916bce-b37b-4246-83c6-d24846ba1a72:c965]
2019-07-08 14:21:07,948 INFO  client.GrpcClientProtocolClient (GrpcClientProtocolClient.java:onNext(255)) - client-DE0880F50CF2->72f5ceaa-5b3b-4bc7-b846-41895f4ebd48: receive RaftClientReply:client-DE0880F50CF2->72f5ceaa-5b3b-4bc7-b846-41895f4ebd48@group-833AA35A7EDE, cid=769, SUCCESS, logIndex=968, commits[72f5ceaa-5b3b-4bc7-b846-41895f4ebd48:c969, b4e1f7d4-4bb4-47ed-a9cb-53483a899fb2:c967, d3916bce-b37b-4246-83c6-d24846ba1a72:c967]
2019-07-08 14:21:07,949 INFO  client.GrpcClientProtocolClient (GrpcClientProtocolClient.java:onNext(255)) - client-DE0880F50CF2->72f5ceaa-5b3b-4bc7-b846-41895f4ebd48: receive RaftClientReply:client-DE0880F50CF2->72f5ceaa-5b3b-4bc7-b846-41895f4ebd48@group-833AA35A7EDE, cid=770, SUCCESS, logIndex=969, commits[72f5ceaa-5b3b-4bc7-b846-41895f4ebd48:c971, b4e1f7d4-4bb4-47ed-a9cb-53483a899fb2:c967, d3916bce-b37b-4246-83c6-d24846ba1a72:c967]
2019-07-08 14:21:07,950 INFO  client.GrpcClientProtocolClient (GrpcClientProtocolClient.java:onNext(255)) - client-DE0880F50CF2->72f5ceaa-5b3b-4bc7-b846-41895f4ebd48: receive RaftClientReply:client-DE0880F50CF2->72f5ceaa-5b3b-4bc7-b846-41895f4ebd48@group-833AA35A7EDE, cid=771, SUCCESS, logIndex=970, commits[72f5ceaa-5b3b-4bc7-b846-41895f4ebd48:c971, b4e1f7d4-4bb4-47ed-a9cb-53483a899fb2:c967, d3916bce-b37b-4246-83c6-d24846ba1a72:c967]
2019-07-08 14:21:07,950 INFO  client.GrpcClientProtocolClient (GrpcClientProtocolClient.java:onNext(255)) - client-DE0880F50CF2->72f5ceaa-5b3b-4bc7-b846-41895f4ebd48: receive RaftClientReply:client-DE0880F50CF2->72f5ceaa-5b3b-4bc7-b846-41895f4ebd48@group-833AA35A7EDE, cid=772, SUCCESS, logIndex=971, commits[72f5ceaa-5b3b-4bc7-b846-41895f4ebd48:c971, b4e1f7d4-4bb4-47ed-a9cb-53483a899fb2:c967, d3916bce-b37b-4246-83c6-d24846ba1a72:c967]
2019-07-08 14:21:07,962 INFO  client.GrpcClientProtocolClient (GrpcClientProtocolClient.java:onNext(255)) - client-DE0880F50CF2->72f5ceaa-5b3b-4bc7-b846-41895f4ebd48: receive RaftClientReply:client-DE0880F50CF2->72f5ceaa-5b3b-4bc7-b846-41895f4ebd48@group-833AA35A7EDE, cid=773, SUCCESS, logIndex=0, commits[72f5ceaa-5b3b-4bc7-b846-41895f4ebd48:c972, b4e1f7d4-4bb4-47ed-a9cb-53483a899fb2:c969, d3916bce-b37b-4246-83c6-d24846ba1a72:c969]
2019-07-08 14:21:07,985 INFO  client.GrpcClientProtocolClient (GrpcClientProtocolClient.java:onNext(255)) - client-DE0880F50CF2->72f5ceaa-5b3b-4bc7-b846-41895f4ebd48: receive RaftClientReply:client-DE0880F50CF2->72f5ceaa-5b3b-4bc7-b846-41895f4ebd48@group-833AA35A7EDE, cid=774, SUCCESS, logIndex=976, commits[72f5ceaa-5b3b-4bc7-b846-41895f4ebd48:c977, b4e1f7d4-4bb4-47ed-a9cb-53483a899fb2:c975, d3916bce-b37b-4246-83c6-d24846ba1a72:c975]
2019-07-08 14:21:07,985 INFO  client.GrpcClientProtocolClient (GrpcClientProtocolClient.java:onNext(255)) - client-DE0880F50CF2->72f5ceaa-5b3b-4bc7-b846-41895f4ebd48: receive RaftClientReply:client-DE0880F50CF2->72f5ceaa-5b3b-4bc7-b846-41895f4ebd48@group-833AA35A7EDE, cid=775, SUCCESS, logIndex=977, commits[72f5ceaa-5b3b-4bc7-b846-41895f4ebd48:c977, b4e1f7d4-4bb4-47ed-a9cb-53483a899fb2:c975, d3916bce-b37b-4246-83c6-d24846ba1a72:c975]
2019-07-08 14:21:08,008 INFO  client.GrpcClientProtocolClient (GrpcClientProtocolClient.java:onNext(255)) - client-DE0880F50CF2->72f5ceaa-5b3b-4bc7-b846-41895f4ebd48: receive RaftClientReply:client-DE0880F50CF2->72f5ceaa-5b3b-4bc7-b846-41895f4ebd48@group-833AA35A7EDE, cid=776, SUCCESS, logIndex=980, commits[72f5ceaa-5b3b-4bc7-b846-41895f4ebd48:c981, b4e1f7d4-4bb4-47ed-a9cb-53483a899fb2:c977, d3916bce-b37b-4246-83c6-d24846ba1a72:c977]
2019-07-08 14:21:08,008 INFO  client.GrpcClientProtocolClient (GrpcClientProtocolClient.java:onNext(255)) - client-DE0880F50CF2->72f5ceaa-5b3b-4bc7-b846-41895f4ebd48: receive RaftClientReply:client-DE0880F50CF2->72f5ceaa-5b3b-4bc7-b846-41895f4ebd48@group-833AA35A7EDE, cid=777, SUCCESS, logIndex=981, commits[72f5ceaa-5b3b-4bc7-b846-41895f4ebd48:c981, b4e1f7d4-4bb4-47ed-a9cb-53483a899fb2:c977, d3916bce-b37b-4246-83c6-d24846ba1a72:c977]
2019-07-08 14:21:08,010 INFO  client.GrpcClientProtocolClient (GrpcClientProtocolClient.java:onNext(255)) - client-DE0880F50CF2->72f5ceaa-5b3b-4bc7-b846-41895f4ebd48: receive RaftClientReply:client-DE0880F50CF2->72f5ceaa-5b3b-4bc7-b846-41895f4ebd48@group-833AA35A7EDE, cid=778, SUCCESS, logIndex=0, commits[72f5ceaa-5b3b-4bc7-b846-41895f4ebd48:c982, b4e1f7d4-4bb4-47ed-a9cb-53483a899fb2:c981, d3916bce-b37b-4246-83c6-d24846ba1a72:c981]
2019-07-08 14:21:08,034 INFO  client.GrpcClientProtocolClient (GrpcClientProtocolClient.java:onNext(255)) - client-DE0880F50CF2->72f5ceaa-5b3b-4bc7-b846-41895f4ebd48: receive RaftClientReply:client-DE0880F50CF2->72f5ceaa-5b3b-4bc7-b846-41895f4ebd48@group-833AA35A7EDE, cid=779, SUCCESS, logIndex=984, commits[72f5ceaa-5b3b-4bc7-b846-41895f4ebd48:c985, b4e1f7d4-4bb4-47ed-a9cb-53483a899fb2:c983, d3916bce-b37b-4246-83c6-d24846ba1a72:c983]
2019-07-08 14:21:08,035 INFO  client.GrpcClientProtocolClient (GrpcClientProtocolClient.java:onNext(255)) - client-DE0880F50CF2->72f5ceaa-5b3b-4bc7-b846-41895f4ebd48: receive RaftClientReply:client-DE0880F50CF2->72f5ceaa-5b3b-4bc7-b846-41895f4ebd48@group-833AA35A7EDE, cid=780, SUCCESS, logIndex=985, commits[72f5ceaa-5b3b-4bc7-b846-41895f4ebd48:c985, b4e1f7d4-4bb4-47ed-a9cb-53483a899fb2:c983, d3916bce-b37b-4246-83c6-d24846ba1a72:c983]
2019-07-08 14:21:08,035 INFO  client.GrpcClientProtocolClient (GrpcClientProtocolClient.java:onNext(255)) - client-DE0880F50CF2->72f5ceaa-5b3b-4bc7-b846-41895f4ebd48: receive RaftClientReply:client-DE0880F50CF2->72f5ceaa-5b3b-4bc7-b846-41895f4ebd48@group-833AA35A7EDE, cid=781, SUCCESS, logIndex=986, commits[72f5ceaa-5b3b-4bc7-b846-41895f4ebd48:c987, b4e1f7d4-4bb4-47ed-a9cb-53483a899fb2:c983, d3916bce-b37b-4246-83c6-d24846ba1a72:c983]
2019-07-08 14:21:08,036 INFO  client.GrpcClientProtocolClient (GrpcClientProtocolClient.java:onNext(255)) - client-DE0880F50CF2->72f5ceaa-5b3b-4bc7-b846-41895f4ebd48: receive RaftClientReply:client-DE0880F50CF2->72f5ceaa-5b3b-4bc7-b846-41895f4ebd48@group-833AA35A7EDE, cid=782, SUCCESS, logIndex=987, commits[72f5ceaa-5b3b-4bc7-b846-41895f4ebd48:c987, b4e1f7d4-4bb4-47ed-a9cb-53483a899fb2:c983, d3916bce-b37b-4246-83c6-d24846ba1a72:c983]
2019-07-08 14:21:08,037 INFO  client.GrpcClientProtocolClient (GrpcClientProtocolClient.java:onNext(255)) - client-DE0880F50CF2->72f5ceaa-5b3b-4bc7-b846-41895f4ebd48: receive RaftClientReply:client-DE0880F50CF2->72f5ceaa-5b3b-4bc7-b846-41895f4ebd48@group-833AA35A7EDE, cid=783, SUCCESS, logIndex=0, commits[72f5ceaa-5b3b-4bc7-b846-41895f4ebd48:c989, b4e1f7d4-4bb4-47ed-a9cb-53483a899fb2:c985, d3916bce-b37b-4246-83c6-d24846ba1a72:c985]
2019-07-08 14:21:08,058 INFO  client.GrpcClientProtocolClient (GrpcClientProtocolClient.java:onNext(255)) - client-DE0880F50CF2->72f5ceaa-5b3b-4bc7-b846-41895f4ebd48: receive RaftClientReply:client-DE0880F50CF2->72f5ceaa-5b3b-4bc7-b846-41895f4ebd48@group-833AA35A7EDE, cid=784, SUCCESS, logIndex=992, commits[72f5ceaa-5b3b-4bc7-b846-41895f4ebd48:c993, b4e1f7d4-4bb4-47ed-a9cb-53483a899fb2:c991, d3916bce-b37b-4246-83c6-d24846ba1a72:c991]
2019-07-08 14:21:08,058 INFO  client.GrpcClientProtocolClient (GrpcClientProtocolClient.java:onNext(255)) - client-DE0880F50CF2->72f5ceaa-5b3b-4bc7-b846-41895f4ebd48: receive RaftClientReply:client-DE0880F50CF2->72f5ceaa-5b3b-4bc7-b846-41895f4ebd48@group-833AA35A7EDE, cid=785, SUCCESS, logIndex=993, commits[72f5ceaa-5b3b-4bc7-b846-41895f4ebd48:c993, b4e1f7d4-4bb4-47ed-a9cb-53483a899fb2:c991, d3916bce-b37b-4246-83c6-d24846ba1a72:c991]
2019-07-08 14:21:08,071 INFO  client.GrpcClientProtocolClient (GrpcClientProtocolClient.java:onNext(255)) - client-DE0880F50CF2->72f5ceaa-5b3b-4bc7-b846-41895f4ebd48: receive RaftClientReply:client-DE0880F50CF2->72f5ceaa-5b3b-4bc7-b846-41895f4ebd48@group-833AA35A7EDE, cid=786, SUCCESS, logIndex=996, commits[72f5ceaa-5b3b-4bc7-b846-41895f4ebd48:c997, b4e1f7d4-4bb4-47ed-a9cb-53483a899fb2:c993, d3916bce-b37b-4246-83c6-d24846ba1a72:c993]
2019-07-08 14:21:08,072 INFO  client.GrpcClientProtocolClient (GrpcClientProtocolClient.java:onNext(255)) - client-DE0880F50CF2->72f5ceaa-5b3b-4bc7-b846-41895f4ebd48: receive RaftClientReply:client-DE0880F50CF2->72f5ceaa-5b3b-4bc7-b846-41895f4ebd48@group-833AA35A7EDE, cid=787, SUCCESS, logIndex=997, commits[72f5ceaa-5b3b-4bc7-b846-41895f4ebd48:c997, b4e1f7d4-4bb4-47ed-a9cb-53483a899fb2:c993, d3916bce-b37b-4246-83c6-d24846ba1a72:c993]
2019-07-08 14:21:08,085 INFO  client.GrpcClientProtocolClient (GrpcClientProtocolClient.java:onNext(255)) - client-DE0880F50CF2->72f5ceaa-5b3b-4bc7-b846-41895f4ebd48: receive RaftClientReply:client-DE0880F50CF2->72f5ceaa-5b3b-4bc7-b846-41895f4ebd48@group-833AA35A7EDE, cid=788, SUCCESS, logIndex=0, commits[72f5ceaa-5b3b-4bc7-b846-41895f4ebd48:c999, b4e1f7d4-4bb4-47ed-a9cb-53483a899fb2:c997, d3916bce-b37b-4246-83c6-d24846ba1a72:c997]
2019-07-08 14:21:08,105 INFO  client.GrpcClientProtocolClient (GrpcClientProtocolClient.java:onNext(255)) - client-DE0880F50CF2->72f5ceaa-5b3b-4bc7-b846-41895f4ebd48: receive RaftClientReply:client-DE0880F50CF2->72f5ceaa-5b3b-4bc7-b846-41895f4ebd48@group-833AA35A7EDE, cid=789, SUCCESS, logIndex=1000, commits[72f5ceaa-5b3b-4bc7-b846-41895f4ebd48:c1001, b4e1f7d4-4bb4-47ed-a9cb-53483a899fb2:c999, d3916bce-b37b-4246-83c6-d24846ba1a72:c999]
2019-07-08 14:21:08,106 INFO  client.GrpcClientProtocolClient (GrpcClientProtocolClient.java:onNext(255)) - client-DE0880F50CF2->72f5ceaa-5b3b-4bc7-b846-41895f4ebd48: receive RaftClientReply:client-DE0880F50CF2->72f5ceaa-5b3b-4bc7-b846-41895f4ebd48@group-833AA35A7EDE, cid=790, SUCCESS, logIndex=1001, commits[72f5ceaa-5b3b-4bc7-b846-41895f4ebd48:c1001, b4e1f7d4-4bb4-47ed-a9cb-53483a899fb2:c999, d3916bce-b37b-4246-83c6-d24846ba1a72:c999]
2019-07-08 14:21:08,106 INFO  client.GrpcClientProtocolClient (GrpcClientProtocolClient.java:onNext(255)) - client-DE0880F50CF2->72f5ceaa-5b3b-4bc7-b846-41895f4ebd48: receive RaftClientReply:client-DE0880F50CF2->72f5ceaa-5b3b-4bc7-b846-41895f4ebd48@group-833AA35A7EDE, cid=791, SUCCESS, logIndex=1002, commits[72f5ceaa-5b3b-4bc7-b846-41895f4ebd48:c1003, b4e1f7d4-4bb4-47ed-a9cb-53483a899fb2:c999, d3916bce-b37b-4246-83c6-d24846ba1a72:c999]
2019-07-08 14:21:08,106 INFO  client.GrpcClientProtocolClient (GrpcClientProtocolClient.java:onNext(255)) - client-DE0880F50CF2->72f5ceaa-5b3b-4bc7-b846-41895f4ebd48: receive RaftClientReply:client-DE0880F50CF2->72f5ceaa-5b3b-4bc7-b846-41895f4ebd48@group-833AA35A7EDE, cid=792, SUCCESS, logIndex=1003, commits[72f5ceaa-5b3b-4bc7-b846-41895f4ebd48:c1003, b4e1f7d4-4bb4-47ed-a9cb-53483a899fb2:c999, d3916bce-b37b-4246-83c6-d24846ba1a72:c999]
2019-07-08 14:21:08,108 INFO  client.GrpcClientProtocolClient (GrpcClientProtocolClient.java:onNext(255)) - client-DE0880F50CF2->72f5ceaa-5b3b-4bc7-b846-41895f4ebd48: receive RaftClientReply:client-DE0880F50CF2->72f5ceaa-5b3b-4bc7-b846-41895f4ebd48@group-833AA35A7EDE, cid=793, SUCCESS, logIndex=0, commits[72f5ceaa-5b3b-4bc7-b846-41895f4ebd48:c1005, b4e1f7d4-4bb4-47ed-a9cb-53483a899fb2:c1001, d3916bce-b37b-4246-83c6-d24846ba1a72:c1001]
2019-07-08 14:21:08,128 INFO  client.GrpcClientProtocolClient (GrpcClientProtocolClient.java:onNext(255)) - client-DE0880F50CF2->72f5ceaa-5b3b-4bc7-b846-41895f4ebd48: receive RaftClientReply:client-DE0880F50CF2->72f5ceaa-5b3b-4bc7-b846-41895f4ebd48@group-833AA35A7EDE, cid=794, SUCCESS, logIndex=1008, commits[72f5ceaa-5b3b-4bc7-b846-41895f4ebd48:c1009, b4e1f7d4-4bb4-47ed-a9cb-53483a899fb2:c1007, d3916bce-b37b-4246-83c6-d24846ba1a72:c1007]
2019-07-08 14:21:08,128 INFO  client.GrpcClientProtocolClient (GrpcClientProtocolClient.java:onNext(255)) - client-DE0880F50CF2->72f5ceaa-5b3b-4bc7-b846-41895f4ebd48: receive RaftClientReply:client-DE0880F50CF2->72f5ceaa-5b3b-4bc7-b846-41895f4ebd48@group-833AA35A7EDE, cid=795, SUCCESS, logIndex=1009, commits[72f5ceaa-5b3b-4bc7-b846-41895f4ebd48:c1009, b4e1f7d4-4bb4-47ed-a9cb-53483a899fb2:c1007, d3916bce-b37b-4246-83c6-d24846ba1a72:c1007]
2019-07-08 14:21:08,140 INFO  client.GrpcClientProtocolClient (GrpcClientProtocolClient.java:onNext(255)) - client-DE0880F50CF2->72f5ceaa-5b3b-4bc7-b846-41895f4ebd48: receive RaftClientReply:client-DE0880F50CF2->72f5ceaa-5b3b-4bc7-b846-41895f4ebd48@group-833AA35A7EDE, cid=796, SUCCESS, logIndex=1012, commits[72f5ceaa-5b3b-4bc7-b846-41895f4ebd48:c1013, b4e1f7d4-4bb4-47ed-a9cb-53483a899fb2:c1009, d3916bce-b37b-4246-83c6-d24846ba1a72:c1009]
2019-07-08 14:21:08,141 INFO  client.GrpcClientProtocolClient (GrpcClientProtocolClient.java:onNext(255)) - client-DE0880F50CF2->72f5ceaa-5b3b-4bc7-b846-41895f4ebd48: receive RaftClientReply:client-DE0880F50CF2->72f5ceaa-5b3b-4bc7-b846-41895f4ebd48@group-833AA35A7EDE, cid=797, SUCCESS, logIndex=1013, commits[72f5ceaa-5b3b-4bc7-b846-41895f4ebd48:c1013, b4e1f7d4-4bb4-47ed-a9cb-53483a899fb2:c1009, d3916bce-b37b-4246-83c6-d24846ba1a72:c1009]
2019-07-08 14:21:08,153 INFO  client.GrpcClientProtocolClient (GrpcClientProtocolClient.java:onNext(255)) - client-DE0880F50CF2->72f5ceaa-5b3b-4bc7-b846-41895f4ebd48: receive RaftClientReply:client-DE0880F50CF2->72f5ceaa-5b3b-4bc7-b846-41895f4ebd48@group-833AA35A7EDE, cid=798, SUCCESS, logIndex=0, commits[72f5ceaa-5b3b-4bc7-b846-41895f4ebd48:c1015, b4e1f7d4-4bb4-47ed-a9cb-53483a899fb2:c1013, d3916bce-b37b-4246-83c6-d24846ba1a72:c1013]
2019-07-08 14:21:08,173 INFO  client.GrpcClientProtocolClient (GrpcClientProtocolClient.java:onNext(255)) - client-DE0880F50CF2->72f5ceaa-5b3b-4bc7-b846-41895f4ebd48: receive RaftClientReply:client-DE0880F50CF2->72f5ceaa-5b3b-4bc7-b846-41895f4ebd48@group-833AA35A7EDE, cid=799, SUCCESS, logIndex=1016, commits[72f5ceaa-5b3b-4bc7-b846-41895f4ebd48:c1017, b4e1f7d4-4bb4-47ed-a9cb-53483a899fb2:c1015, d3916bce-b37b-4246-83c6-d24846ba1a72:c1015]
2019-07-08 14:21:08,174 INFO  client.GrpcClientProtocolClient (GrpcClientProtocolClient.java:onNext(255)) - client-DE0880F50CF2->72f5ceaa-5b3b-4bc7-b846-41895f4ebd48: receive RaftClientReply:client-DE0880F50CF2->72f5ceaa-5b3b-4bc7-b846-41895f4ebd48@group-833AA35A7EDE, cid=800, SUCCESS, logIndex=1017, commits[72f5ceaa-5b3b-4bc7-b846-41895f4ebd48:c1018, b4e1f7d4-4bb4-47ed-a9cb-53483a899fb2:c1015, d3916bce-b37b-4246-83c6-d24846ba1a72:c1015]
2019-07-08 14:21:08,174 INFO  client.GrpcClientProtocolClient (GrpcClientProtocolClient.java:onNext(255)) - client-DE0880F50CF2->72f5ceaa-5b3b-4bc7-b846-41895f4ebd48: receive RaftClientReply:client-DE0880F50CF2->72f5ceaa-5b3b-4bc7-b846-41895f4ebd48@group-833AA35A7EDE, cid=801, SUCCESS, logIndex=1018, commits[72f5ceaa-5b3b-4bc7-b846-41895f4ebd48:c1019, b4e1f7d4-4bb4-47ed-a9cb-53483a899fb2:c1015, d3916bce-b37b-4246-83c6-d24846ba1a72:c1015]
2019-07-08 14:21:08,174 INFO  client.GrpcClientProtocolClient (GrpcClientProtocolClient.java:onNext(255)) - client-DE0880F50CF2->72f5ceaa-5b3b-4bc7-b846-41895f4ebd48: receive RaftClientReply:client-DE0880F50CF2->72f5ceaa-5b3b-4bc7-b846-41895f4ebd48@group-833AA35A7EDE, cid=802, SUCCESS, logIndex=1019, commits[72f5ceaa-5b3b-4bc7-b846-41895f4ebd48:c1019, b4e1f7d4-4bb4-47ed-a9cb-53483a899fb2:c1015, d3916bce-b37b-4246-83c6-d24846ba1a72:c1015]
2019-07-08 14:21:08,176 INFO  client.GrpcClientProtocolClient (GrpcClientProtocolClient.java:onNext(255)) - client-DE0880F50CF2->72f5ceaa-5b3b-4bc7-b846-41895f4ebd48: receive RaftClientReply:client-DE0880F50CF2->72f5ceaa-5b3b-4bc7-b846-41895f4ebd48@group-833AA35A7EDE, cid=803, SUCCESS, logIndex=0, commits[72f5ceaa-5b3b-4bc7-b846-41895f4ebd48:c1021, b4e1f7d4-4bb4-47ed-a9cb-53483a899fb2:c1017, d3916bce-b37b-4246-83c6-d24846ba1a72:c1017]
2019-07-08 14:21:08,194 INFO  client.GrpcClientProtocolClient (GrpcClientProtocolClient.java:onNext(255)) - client-DE0880F50CF2->72f5ceaa-5b3b-4bc7-b846-41895f4ebd48: receive RaftClientReply:client-DE0880F50CF2->72f5ceaa-5b3b-4bc7-b846-41895f4ebd48@group-833AA35A7EDE, cid=804, SUCCESS, logIndex=1024, commits[72f5ceaa-5b3b-4bc7-b846-41895f4ebd48:c1025, b4e1f7d4-4bb4-47ed-a9cb-53483a899fb2:c1023, d3916bce-b37b-4246-83c6-d24846ba1a72:c1023]
2019-07-08 14:21:08,195 INFO  client.GrpcClientProtocolClient (GrpcClientProtocolClient.java:onNext(255)) - client-DE0880F50CF2->72f5ceaa-5b3b-4bc7-b846-41895f4ebd48: receive RaftClientReply:client-DE0880F50CF2->72f5ceaa-5b3b-4bc7-b846-41895f4ebd48@group-833AA35A7EDE, cid=805, SUCCESS, logIndex=1025, commits[72f5ceaa-5b3b-4bc7-b846-41895f4ebd48:c1025, b4e1f7d4-4bb4-47ed-a9cb-53483a899fb2:c1023, d3916bce-b37b-4246-83c6-d24846ba1a72:c1023]
2019-07-08 14:21:08,207 INFO  client.GrpcClientProtocolClient (GrpcClientProtocolClient.java:onNext(255)) - client-DE0880F50CF2->72f5ceaa-5b3b-4bc7-b846-41895f4ebd48: receive RaftClientReply:client-DE0880F50CF2->72f5ceaa-5b3b-4bc7-b846-41895f4ebd48@group-833AA35A7EDE, cid=806, SUCCESS, logIndex=1028, commits[72f5ceaa-5b3b-4bc7-b846-41895f4ebd48:c1029, b4e1f7d4-4bb4-47ed-a9cb-53483a899fb2:c1025, d3916bce-b37b-4246-83c6-d24846ba1a72:c1025]
2019-07-08 14:21:08,208 INFO  client.GrpcClientProtocolClient (GrpcClientProtocolClient.java:onNext(255)) - client-DE0880F50CF2->72f5ceaa-5b3b-4bc7-b846-41895f4ebd48: receive RaftClientReply:client-DE0880F50CF2->72f5ceaa-5b3b-4bc7-b846-41895f4ebd48@group-833AA35A7EDE, cid=807, SUCCESS, logIndex=1029, commits[72f5ceaa-5b3b-4bc7-b846-41895f4ebd48:c1029, b4e1f7d4-4bb4-47ed-a9cb-53483a899fb2:c1025, d3916bce-b37b-4246-83c6-d24846ba1a72:c1025]
2019-07-08 14:21:08,228 INFO  client.GrpcClientProtocolClient (GrpcClientProtocolClient.java:onNext(255)) - client-DE0880F50CF2->72f5ceaa-5b3b-4bc7-b846-41895f4ebd48: receive RaftClientReply:client-DE0880F50CF2->72f5ceaa-5b3b-4bc7-b846-41895f4ebd48@group-833AA35A7EDE, cid=808, SUCCESS, logIndex=0, commits[72f5ceaa-5b3b-4bc7-b846-41895f4ebd48:c1030, b4e1f7d4-4bb4-47ed-a9cb-53483a899fb2:c1029, d3916bce-b37b-4246-83c6-d24846ba1a72:c1029]
2019-07-08 14:21:08,247 INFO  client.GrpcClientProtocolClient (GrpcClientProtocolClient.java:onNext(255)) - client-DE0880F50CF2->72f5ceaa-5b3b-4bc7-b846-41895f4ebd48: receive RaftClientReply:client-DE0880F50CF2->72f5ceaa-5b3b-4bc7-b846-41895f4ebd48@group-833AA35A7EDE, cid=809, SUCCESS, logIndex=1032, commits[72f5ceaa-5b3b-4bc7-b846-41895f4ebd48:c1034, b4e1f7d4-4bb4-47ed-a9cb-53483a899fb2:c1031, d3916bce-b37b-4246-83c6-d24846ba1a72:c1031]
2019-07-08 14:21:08,248 INFO  client.GrpcClientProtocolClient (GrpcClientProtocolClient.java:onNext(255)) - client-DE0880F50CF2->72f5ceaa-5b3b-4bc7-b846-41895f4ebd48: receive RaftClientReply:client-DE0880F50CF2->72f5ceaa-5b3b-4bc7-b846-41895f4ebd48@group-833AA35A7EDE, cid=810, SUCCESS, logIndex=1033, commits[72f5ceaa-5b3b-4bc7-b846-41895f4ebd48:c1035, b4e1f7d4-4bb4-47ed-a9cb-53483a899fb2:c1031, d3916bce-b37b-4246-83c6-d24846ba1a72:c1031]
2019-07-08 14:21:08,248 INFO  client.GrpcClientProtocolClient (GrpcClientProtocolClient.java:onNext(255)) - client-DE0880F50CF2->72f5ceaa-5b3b-4bc7-b846-41895f4ebd48: receive RaftClientReply:client-DE0880F50CF2->72f5ceaa-5b3b-4bc7-b846-41895f4ebd48@group-833AA35A7EDE, cid=811, SUCCESS, logIndex=1034, commits[72f5ceaa-5b3b-4bc7-b846-41895f4ebd48:c1035, b4e1f7d4-4bb4-47ed-a9cb-53483a899fb2:c1031, d3916bce-b37b-4246-83c6-d24846ba1a72:c1031]
2019-07-08 14:21:08,249 INFO  client.GrpcClientProtocolClient (GrpcClientProtocolClient.java:onNext(255)) - client-DE0880F50CF2->72f5ceaa-5b3b-4bc7-b846-41895f4ebd48: receive RaftClientReply:client-DE0880F50CF2->72f5ceaa-5b3b-4bc7-b846-41895f4ebd48@group-833AA35A7EDE, cid=812, SUCCESS, logIndex=1035, commits[72f5ceaa-5b3b-4bc7-b846-41895f4ebd48:c1035, b4e1f7d4-4bb4-47ed-a9cb-53483a899fb2:c1031, d3916bce-b37b-4246-83c6-d24846ba1a72:c1031]
2019-07-08 14:21:08,250 INFO  client.GrpcClientProtocolClient (GrpcClientProtocolClient.java:onNext(255)) - client-DE0880F50CF2->72f5ceaa-5b3b-4bc7-b846-41895f4ebd48: receive RaftClientReply:client-DE0880F50CF2->72f5ceaa-5b3b-4bc7-b846-41895f4ebd48@group-833AA35A7EDE, cid=813, SUCCESS, logIndex=0, commits[72f5ceaa-5b3b-4bc7-b846-41895f4ebd48:c1038, b4e1f7d4-4bb4-47ed-a9cb-53483a899fb2:c1035, d3916bce-b37b-4246-83c6-d24846ba1a72:c1033]
2019-07-08 14:21:08,269 INFO  client.GrpcClientProtocolClient (GrpcClientProtocolClient.java:onNext(255)) - client-DE0880F50CF2->72f5ceaa-5b3b-4bc7-b846-41895f4ebd48: receive RaftClientReply:client-DE0880F50CF2->72f5ceaa-5b3b-4bc7-b846-41895f4ebd48@group-833AA35A7EDE, cid=814, SUCCESS, logIndex=1040, commits[72f5ceaa-5b3b-4bc7-b846-41895f4ebd48:c1041, b4e1f7d4-4bb4-47ed-a9cb-53483a899fb2:c1039, d3916bce-b37b-4246-83c6-d24846ba1a72:c1039]
2019-07-08 14:21:08,270 INFO  client.GrpcClientProtocolClient (GrpcClientProtocolClient.java:onNext(255)) - client-DE0880F50CF2->72f5ceaa-5b3b-4bc7-b846-41895f4ebd48: receive RaftClientReply:client-DE0880F50CF2->72f5ceaa-5b3b-4bc7-b846-41895f4ebd48@group-833AA35A7EDE, cid=815, SUCCESS, logIndex=1041, commits[72f5ceaa-5b3b-4bc7-b846-41895f4ebd48:c1041, b4e1f7d4-4bb4-47ed-a9cb-53483a899fb2:c1039, d3916bce-b37b-4246-83c6-d24846ba1a72:c1039]
2019-07-08 14:21:08,299 INFO  client.GrpcClientProtocolClient (GrpcClientProtocolClient.java:onNext(255)) - client-DE0880F50CF2->72f5ceaa-5b3b-4bc7-b846-41895f4ebd48: receive RaftClientReply:client-DE0880F50CF2->72f5ceaa-5b3b-4bc7-b846-41895f4ebd48@group-833AA35A7EDE, cid=816, SUCCESS, logIndex=1044, commits[72f5ceaa-5b3b-4bc7-b846-41895f4ebd48:c1045, b4e1f7d4-4bb4-47ed-a9cb-53483a899fb2:c1041, d3916bce-b37b-4246-83c6-d24846ba1a72:c1041]
2019-07-08 14:21:08,299 INFO  client.GrpcClientProtocolClient (GrpcClientProtocolClient.java:onNext(255)) - client-DE0880F50CF2->72f5ceaa-5b3b-4bc7-b846-41895f4ebd48: receive RaftClientReply:client-DE0880F50CF2->72f5ceaa-5b3b-4bc7-b846-41895f4ebd48@group-833AA35A7EDE, cid=817, SUCCESS, logIndex=1045, commits[72f5ceaa-5b3b-4bc7-b846-41895f4ebd48:c1045, b4e1f7d4-4bb4-47ed-a9cb-53483a899fb2:c1041, d3916bce-b37b-4246-83c6-d24846ba1a72:c1041]
2019-07-08 14:21:08,312 INFO  client.GrpcClientProtocolClient (GrpcClientProtocolClient.java:onNext(255)) - client-DE0880F50CF2->72f5ceaa-5b3b-4bc7-b846-41895f4ebd48: receive RaftClientReply:client-DE0880F50CF2->72f5ceaa-5b3b-4bc7-b846-41895f4ebd48@group-833AA35A7EDE, cid=818, SUCCESS, logIndex=0, commits[72f5ceaa-5b3b-4bc7-b846-41895f4ebd48:c1047, b4e1f7d4-4bb4-47ed-a9cb-53483a899fb2:c1045, d3916bce-b37b-4246-83c6-d24846ba1a72:c1045]
2019-07-08 14:21:08,333 INFO  client.GrpcClientProtocolClient (GrpcClientProtocolClient.java:onNext(255)) - client-DE0880F50CF2->72f5ceaa-5b3b-4bc7-b846-41895f4ebd48: receive RaftClientReply:client-DE0880F50CF2->72f5ceaa-5b3b-4bc7-b846-41895f4ebd48@group-833AA35A7EDE, cid=819, SUCCESS, logIndex=1048, commits[72f5ceaa-5b3b-4bc7-b846-41895f4ebd48:c1049, b4e1f7d4-4bb4-47ed-a9cb-53483a899fb2:c1047, d3916bce-b37b-4246-83c6-d24846ba1a72:c1047]
2019-07-08 14:21:08,333 INFO  client.GrpcClientProtocolClient (GrpcClientProtocolClient.java:onNext(255)) - client-DE0880F50CF2->72f5ceaa-5b3b-4bc7-b846-41895f4ebd48: receive RaftClientReply:client-DE0880F50CF2->72f5ceaa-5b3b-4bc7-b846-41895f4ebd48@group-833AA35A7EDE, cid=820, SUCCESS, logIndex=1049, commits[72f5ceaa-5b3b-4bc7-b846-41895f4ebd48:c1049, b4e1f7d4-4bb4-47ed-a9cb-53483a899fb2:c1047, d3916bce-b37b-4246-83c6-d24846ba1a72:c1047]
2019-07-08 14:21:08,334 INFO  client.GrpcClientProtocolClient (GrpcClientProtocolClient.java:onNext(255)) - client-DE0880F50CF2->72f5ceaa-5b3b-4bc7-b846-41895f4ebd48: receive RaftClientReply:client-DE0880F50CF2->72f5ceaa-5b3b-4bc7-b846-41895f4ebd48@group-833AA35A7EDE, cid=821, SUCCESS, logIndex=1050, commits[72f5ceaa-5b3b-4bc7-b846-41895f4ebd48:c1051, b4e1f7d4-4bb4-47ed-a9cb-53483a899fb2:c1047, d3916bce-b37b-4246-83c6-d24846ba1a72:c1047]
2019-07-08 14:21:08,334 INFO  client.GrpcClientProtocolClient (GrpcClientProtocolClient.java:onNext(255)) - client-DE0880F50CF2->72f5ceaa-5b3b-4bc7-b846-41895f4ebd48: receive RaftClientReply:client-DE0880F50CF2->72f5ceaa-5b3b-4bc7-b846-41895f4ebd48@group-833AA35A7EDE, cid=822, SUCCESS, logIndex=1051, commits[72f5ceaa-5b3b-4bc7-b846-41895f4ebd48:c1051, b4e1f7d4-4bb4-47ed-a9cb-53483a899fb2:c1047, d3916bce-b37b-4246-83c6-d24846ba1a72:c1047]
2019-07-08 14:21:08,336 INFO  client.GrpcClientProtocolClient (GrpcClientProtocolClient.java:onNext(255)) - client-DE0880F50CF2->72f5ceaa-5b3b-4bc7-b846-41895f4ebd48: receive RaftClientReply:client-DE0880F50CF2->72f5ceaa-5b3b-4bc7-b846-41895f4ebd48@group-833AA35A7EDE, cid=823, SUCCESS, logIndex=0, commits[72f5ceaa-5b3b-4bc7-b846-41895f4ebd48:c1053, b4e1f7d4-4bb4-47ed-a9cb-53483a899fb2:c1051, d3916bce-b37b-4246-83c6-d24846ba1a72:c1049]
2019-07-08 14:21:08,356 INFO  client.GrpcClientProtocolClient (GrpcClientProtocolClient.java:onNext(255)) - client-DE0880F50CF2->72f5ceaa-5b3b-4bc7-b846-41895f4ebd48: receive RaftClientReply:client-DE0880F50CF2->72f5ceaa-5b3b-4bc7-b846-41895f4ebd48@group-833AA35A7EDE, cid=824, SUCCESS, logIndex=1056, commits[72f5ceaa-5b3b-4bc7-b846-41895f4ebd48:c1057, b4e1f7d4-4bb4-47ed-a9cb-53483a899fb2:c1055, d3916bce-b37b-4246-83c6-d24846ba1a72:c1055]
2019-07-08 14:21:08,356 INFO  client.GrpcClientProtocolClient (GrpcClientProtocolClient.java:onNext(255)) - client-DE0880F50CF2->72f5ceaa-5b3b-4bc7-b846-41895f4ebd48: receive RaftClientReply:client-DE0880F50CF2->72f5ceaa-5b3b-4bc7-b846-41895f4ebd48@group-833AA35A7EDE, cid=825, SUCCESS, logIndex=1057, commits[72f5ceaa-5b3b-4bc7-b846-41895f4ebd48:c1057, b4e1f7d4-4bb4-47ed-a9cb-53483a899fb2:c1055, d3916bce-b37b-4246-83c6-d24846ba1a72:c1055]
2019-07-08 14:21:08,369 INFO  client.GrpcClientProtocolClient (GrpcClientProtocolClient.java:onNext(255)) - client-DE0880F50CF2->72f5ceaa-5b3b-4bc7-b846-41895f4ebd48: receive RaftClientReply:client-DE0880F50CF2->72f5ceaa-5b3b-4bc7-b846-41895f4ebd48@group-833AA35A7EDE, cid=826, SUCCESS, logIndex=1060, commits[72f5ceaa-5b3b-4bc7-b846-41895f4ebd48:c1061, b4e1f7d4-4bb4-47ed-a9cb-53483a899fb2:c1057, d3916bce-b37b-4246-83c6-d24846ba1a72:c1057]
2019-07-08 14:21:08,370 INFO  client.GrpcClientProtocolClient (GrpcClientProtocolClient.java:onNext(255)) - client-DE0880F50CF2->72f5ceaa-5b3b-4bc7-b846-41895f4ebd48: receive RaftClientReply:client-DE0880F50CF2->72f5ceaa-5b3b-4bc7-b846-41895f4ebd48@group-833AA35A7EDE, cid=827, SUCCESS, logIndex=1061, commits[72f5ceaa-5b3b-4bc7-b846-41895f4ebd48:c1061, b4e1f7d4-4bb4-47ed-a9cb-53483a899fb2:c1057, d3916bce-b37b-4246-83c6-d24846ba1a72:c1057]
2019-07-08 14:21:08,382 INFO  client.GrpcClientProtocolClient (GrpcClientProtocolClient.java:onNext(255)) - client-DE0880F50CF2->72f5ceaa-5b3b-4bc7-b846-41895f4ebd48: receive RaftClientReply:client-DE0880F50CF2->72f5ceaa-5b3b-4bc7-b846-41895f4ebd48@group-833AA35A7EDE, cid=828, SUCCESS, logIndex=0, commits[72f5ceaa-5b3b-4bc7-b846-41895f4ebd48:c1063, b4e1f7d4-4bb4-47ed-a9cb-53483a899fb2:c1061, d3916bce-b37b-4246-83c6-d24846ba1a72:c1061]
2019-07-08 14:21:08,405 INFO  client.GrpcClientProtocolClient (GrpcClientProtocolClient.java:onNext(255)) - client-DE0880F50CF2->72f5ceaa-5b3b-4bc7-b846-41895f4ebd48: receive RaftClientReply:client-DE0880F50CF2->72f5ceaa-5b3b-4bc7-b846-41895f4ebd48@group-833AA35A7EDE, cid=829, SUCCESS, logIndex=1064, commits[72f5ceaa-5b3b-4bc7-b846-41895f4ebd48:c1065, b4e1f7d4-4bb4-47ed-a9cb-53483a899fb2:c1063, d3916bce-b37b-4246-83c6-d24846ba1a72:c1063]
2019-07-08 14:21:08,406 INFO  client.GrpcClientProtocolClient (GrpcClientProtocolClient.java:onNext(255)) - client-DE0880F50CF2->72f5ceaa-5b3b-4bc7-b846-41895f4ebd48: receive RaftClientReply:client-DE0880F50CF2->72f5ceaa-5b3b-4bc7-b846-41895f4ebd48@group-833AA35A7EDE, cid=830, SUCCESS, logIndex=1065, commits[72f5ceaa-5b3b-4bc7-b846-41895f4ebd48:c1065, b4e1f7d4-4bb4-47ed-a9cb-53483a899fb2:c1063, d3916bce-b37b-4246-83c6-d24846ba1a72:c1063]
2019-07-08 14:21:08,406 INFO  client.GrpcClientProtocolClient (GrpcClientProtocolClient.java:onNext(255)) - client-DE0880F50CF2->72f5ceaa-5b3b-4bc7-b846-41895f4ebd48: receive RaftClientReply:client-DE0880F50CF2->72f5ceaa-5b3b-4bc7-b846-41895f4ebd48@group-833AA35A7EDE, cid=831, SUCCESS, logIndex=1066, commits[72f5ceaa-5b3b-4bc7-b846-41895f4ebd48:c1067, b4e1f7d4-4bb4-47ed-a9cb-53483a899fb2:c1063, d3916bce-b37b-4246-83c6-d24846ba1a72:c1063]
2019-07-08 14:21:08,520 INFO  client.GrpcClientProtocolClient (GrpcClientProtocolClient.java:onNext(255)) - client-DE0880F50CF2->72f5ceaa-5b3b-4bc7-b846-41895f4ebd48: receive RaftClientReply:client-DE0880F50CF2->72f5ceaa-5b3b-4bc7-b846-41895f4ebd48@group-833AA35A7EDE, cid=832, SUCCESS, logIndex=1067, commits[72f5ceaa-5b3b-4bc7-b846-41895f4ebd48:c1067, b4e1f7d4-4bb4-47ed-a9cb-53483a899fb2:c1063, d3916bce-b37b-4246-83c6-d24846ba1a72:c1063]
2019-07-08 14:21:08,522 INFO  client.GrpcClientProtocolClient (GrpcClientProtocolClient.java:onNext(255)) - client-DE0880F50CF2->72f5ceaa-5b3b-4bc7-b846-41895f4ebd48: receive RaftClientReply:client-DE0880F50CF2->72f5ceaa-5b3b-4bc7-b846-41895f4ebd48@group-833AA35A7EDE, cid=833, SUCCESS, logIndex=0, commits[72f5ceaa-5b3b-4bc7-b846-41895f4ebd48:c1069, b4e1f7d4-4bb4-47ed-a9cb-53483a899fb2:c1065, d3916bce-b37b-4246-83c6-d24846ba1a72:c1065]
2019-07-08 14:21:08,550 INFO  client.GrpcClientProtocolClient (GrpcClientProtocolClient.java:onNext(255)) - client-DE0880F50CF2->72f5ceaa-5b3b-4bc7-b846-41895f4ebd48: receive RaftClientReply:client-DE0880F50CF2->72f5ceaa-5b3b-4bc7-b846-41895f4ebd48@group-833AA35A7EDE, cid=834, SUCCESS, logIndex=1072, commits[72f5ceaa-5b3b-4bc7-b846-41895f4ebd48:c1073, b4e1f7d4-4bb4-47ed-a9cb-53483a899fb2:c1071, d3916bce-b37b-4246-83c6-d24846ba1a72:c1071]
2019-07-08 14:21:08,551 INFO  client.GrpcClientProtocolClient (GrpcClientProtocolClient.java:onNext(255)) - client-DE0880F50CF2->72f5ceaa-5b3b-4bc7-b846-41895f4ebd48: receive RaftClientReply:client-DE0880F50CF2->72f5ceaa-5b3b-4bc7-b846-41895f4ebd48@group-833AA35A7EDE, cid=835, SUCCESS, logIndex=1073, commits[72f5ceaa-5b3b-4bc7-b846-41895f4ebd48:c1073, b4e1f7d4-4bb4-47ed-a9cb-53483a899fb2:c1071, d3916bce-b37b-4246-83c6-d24846ba1a72:c1071]
2019-07-08 14:21:08,576 INFO  client.GrpcClientProtocolClient (GrpcClientProtocolClient.java:onNext(255)) - client-DE0880F50CF2->72f5ceaa-5b3b-4bc7-b846-41895f4ebd48: receive RaftClientReply:client-DE0880F50CF2->72f5ceaa-5b3b-4bc7-b846-41895f4ebd48@group-833AA35A7EDE, cid=836, SUCCESS, logIndex=1076, commits[72f5ceaa-5b3b-4bc7-b846-41895f4ebd48:c1077, b4e1f7d4-4bb4-47ed-a9cb-53483a899fb2:c1073, d3916bce-b37b-4246-83c6-d24846ba1a72:c1073]
2019-07-08 14:21:08,576 INFO  client.GrpcClientProtocolClient (GrpcClientProtocolClient.java:onNext(255)) - client-DE0880F50CF2->72f5ceaa-5b3b-4bc7-b846-41895f4ebd48: receive RaftClientReply:client-DE0880F50CF2->72f5ceaa-5b3b-4bc7-b846-41895f4ebd48@group-833AA35A7EDE, cid=837, SUCCESS, logIndex=1077, commits[72f5ceaa-5b3b-4bc7-b846-41895f4ebd48:c1077, b4e1f7d4-4bb4-47ed-a9cb-53483a899fb2:c1073, d3916bce-b37b-4246-83c6-d24846ba1a72:c1073]
2019-07-08 14:21:08,587 INFO  client.GrpcClientProtocolClient (GrpcClientProtocolClient.java:onNext(255)) - client-DE0880F50CF2->72f5ceaa-5b3b-4bc7-b846-41895f4ebd48: receive RaftClientReply:client-DE0880F50CF2->72f5ceaa-5b3b-4bc7-b846-41895f4ebd48@group-833AA35A7EDE, cid=838, SUCCESS, logIndex=0, commits[72f5ceaa-5b3b-4bc7-b846-41895f4ebd48:c1078, b4e1f7d4-4bb4-47ed-a9cb-53483a899fb2:c1077, d3916bce-b37b-4246-83c6-d24846ba1a72:c1077]
2019-07-08 14:21:08,610 INFO  client.GrpcClientProtocolClient (GrpcClientProtocolClient.java:onNext(255)) - client-DE0880F50CF2->72f5ceaa-5b3b-4bc7-b846-41895f4ebd48: receive RaftClientReply:client-DE0880F50CF2->72f5ceaa-5b3b-4bc7-b846-41895f4ebd48@group-833AA35A7EDE, cid=839, SUCCESS, logIndex=1080, commits[72f5ceaa-5b3b-4bc7-b846-41895f4ebd48:c1081, b4e1f7d4-4bb4-47ed-a9cb-53483a899fb2:c1079, d3916bce-b37b-4246-83c6-d24846ba1a72:c1079]
2019-07-08 14:21:08,610 INFO  client.GrpcClientProtocolClient (GrpcClientProtocolClient.java:onNext(255)) - client-DE0880F50CF2->72f5ceaa-5b3b-4bc7-b846-41895f4ebd48: receive RaftClientReply:client-DE0880F50CF2->72f5ceaa-5b3b-4bc7-b846-41895f4ebd48@group-833AA35A7EDE, cid=840, SUCCESS, logIndex=1081, commits[72f5ceaa-5b3b-4bc7-b846-41895f4ebd48:c1081, b4e1f7d4-4bb4-47ed-a9cb-53483a899fb2:c1079, d3916bce-b37b-4246-83c6-d24846ba1a72:c1079]
2019-07-08 14:21:08,611 INFO  client.GrpcClientProtocolClient (GrpcClientProtocolClient.java:onNext(255)) - client-DE0880F50CF2->72f5ceaa-5b3b-4bc7-b846-41895f4ebd48: receive RaftClientReply:client-DE0880F50CF2->72f5ceaa-5b3b-4bc7-b846-41895f4ebd48@group-833AA35A7EDE, cid=841, SUCCESS, logIndex=1082, commits[72f5ceaa-5b3b-4bc7-b846-41895f4ebd48:c1083, b4e1f7d4-4bb4-47ed-a9cb-53483a899fb2:c1079, d3916bce-b37b-4246-83c6-d24846ba1a72:c1079]
2019-07-08 14:21:08,612 INFO  client.GrpcClientProtocolClient (GrpcClientProtocolClient.java:onNext(255)) - client-DE0880F50CF2->72f5ceaa-5b3b-4bc7-b846-41895f4ebd48: receive RaftClientReply:client-DE0880F50CF2->72f5ceaa-5b3b-4bc7-b846-41895f4ebd48@group-833AA35A7EDE, cid=842, SUCCESS, logIndex=1083, commits[72f5ceaa-5b3b-4bc7-b846-41895f4ebd48:c1083, b4e1f7d4-4bb4-47ed-a9cb-53483a899fb2:c1079, d3916bce-b37b-4246-83c6-d24846ba1a72:c1079]
2019-07-08 14:21:08,613 INFO  client.GrpcClientProtocolClient (GrpcClientProtocolClient.java:onNext(255)) - client-DE0880F50CF2->72f5ceaa-5b3b-4bc7-b846-41895f4ebd48: receive RaftClientReply:client-DE0880F50CF2->72f5ceaa-5b3b-4bc7-b846-41895f4ebd48@group-833AA35A7EDE, cid=843, SUCCESS, logIndex=0, commits[72f5ceaa-5b3b-4bc7-b846-41895f4ebd48:c1087, b4e1f7d4-4bb4-47ed-a9cb-53483a899fb2:c1083, d3916bce-b37b-4246-83c6-d24846ba1a72:c1081]
2019-07-08 14:21:08,634 INFO  client.GrpcClientProtocolClient (GrpcClientProtocolClient.java:onNext(255)) - client-DE0880F50CF2->72f5ceaa-5b3b-4bc7-b846-41895f4ebd48: receive RaftClientReply:client-DE0880F50CF2->72f5ceaa-5b3b-4bc7-b846-41895f4ebd48@group-833AA35A7EDE, cid=844, SUCCESS, logIndex=1088, commits[72f5ceaa-5b3b-4bc7-b846-41895f4ebd48:c1089, b4e1f7d4-4bb4-47ed-a9cb-53483a899fb2:c1087, d3916bce-b37b-4246-83c6-d24846ba1a72:c1087]
2019-07-08 14:21:08,635 INFO  client.GrpcClientProtocolClient (GrpcClientProtocolClient.java:onNext(255)) - client-DE0880F50CF2->72f5ceaa-5b3b-4bc7-b846-41895f4ebd48: receive RaftClientReply:client-DE0880F50CF2->72f5ceaa-5b3b-4bc7-b846-41895f4ebd48@group-833AA35A7EDE, cid=845, SUCCESS, logIndex=1089, commits[72f5ceaa-5b3b-4bc7-b846-41895f4ebd48:c1089, b4e1f7d4-4bb4-47ed-a9cb-53483a899fb2:c1087, d3916bce-b37b-4246-83c6-d24846ba1a72:c1087]
2019-07-08 14:21:08,648 INFO  client.GrpcClientProtocolClient (GrpcClientProtocolClient.java:onNext(255)) - client-DE0880F50CF2->72f5ceaa-5b3b-4bc7-b846-41895f4ebd48: receive RaftClientReply:client-DE0880F50CF2->72f5ceaa-5b3b-4bc7-b846-41895f4ebd48@group-833AA35A7EDE, cid=846, SUCCESS, logIndex=1092, commits[72f5ceaa-5b3b-4bc7-b846-41895f4ebd48:c1093, b4e1f7d4-4bb4-47ed-a9cb-53483a899fb2:c1089, d3916bce-b37b-4246-83c6-d24846ba1a72:c1089]
2019-07-08 14:21:08,649 INFO  client.GrpcClientProtocolClient (GrpcClientProtocolClient.java:onNext(255)) - client-DE0880F50CF2->72f5ceaa-5b3b-4bc7-b846-41895f4ebd48: receive RaftClientReply:client-DE0880F50CF2->72f5ceaa-5b3b-4bc7-b846-41895f4ebd48@group-833AA35A7EDE, cid=847, SUCCESS, logIndex=1093, commits[72f5ceaa-5b3b-4bc7-b846-41895f4ebd48:c1093, b4e1f7d4-4bb4-47ed-a9cb-53483a899fb2:c1089, d3916bce-b37b-4246-83c6-d24846ba1a72:c1089]
2019-07-08 14:21:08,650 INFO  client.GrpcClientProtocolClient (GrpcClientProtocolClient.java:onNext(255)) - client-DE0880F50CF2->72f5ceaa-5b3b-4bc7-b846-41895f4ebd48: receive RaftClientReply:client-DE0880F50CF2->72f5ceaa-5b3b-4bc7-b846-41895f4ebd48@group-833AA35A7EDE, cid=848, SUCCESS, logIndex=0, commits[72f5ceaa-5b3b-4bc7-b846-41895f4ebd48:c1094, b4e1f7d4-4bb4-47ed-a9cb-53483a899fb2:c1093, d3916bce-b37b-4246-83c6-d24846ba1a72:c1093]
2019-07-08 14:21:08,671 INFO  client.GrpcClientProtocolClient (GrpcClientProtocolClient.java:onNext(255)) - client-DE0880F50CF2->72f5ceaa-5b3b-4bc7-b846-41895f4ebd48: receive RaftClientReply:client-DE0880F50CF2->72f5ceaa-5b3b-4bc7-b846-41895f4ebd48@group-833AA35A7EDE, cid=849, SUCCESS, logIndex=1096, commits[72f5ceaa-5b3b-4bc7-b846-41895f4ebd48:c1097, b4e1f7d4-4bb4-47ed-a9cb-53483a899fb2:c1095, d3916bce-b37b-4246-83c6-d24846ba1a72:c1095]
2019-07-08 14:21:08,672 INFO  client.GrpcClientProtocolClient (GrpcClientProtocolClient.java:onNext(255)) - client-DE0880F50CF2->72f5ceaa-5b3b-4bc7-b846-41895f4ebd48: receive RaftClientReply:client-DE0880F50CF2->72f5ceaa-5b3b-4bc7-b846-41895f4ebd48@group-833AA35A7EDE, cid=850, SUCCESS, logIndex=1097, commits[72f5ceaa-5b3b-4bc7-b846-41895f4ebd48:c1097, b4e1f7d4-4bb4-47ed-a9cb-53483a899fb2:c1095, d3916bce-b37b-4246-83c6-d24846ba1a72:c1095]
2019-07-08 14:21:08,673 INFO  client.GrpcClientProtocolClient (GrpcClientProtocolClient.java:onNext(255)) - client-DE0880F50CF2->72f5ceaa-5b3b-4bc7-b846-41895f4ebd48: receive RaftClientReply:client-DE0880F50CF2->72f5ceaa-5b3b-4bc7-b846-41895f4ebd48@group-833AA35A7EDE, cid=851, SUCCESS, logIndex=1098, commits[72f5ceaa-5b3b-4bc7-b846-41895f4ebd48:c1099, b4e1f7d4-4bb4-47ed-a9cb-53483a899fb2:c1095, d3916bce-b37b-4246-83c6-d24846ba1a72:c1095]
2019-07-08 14:21:08,673 INFO  client.GrpcClientProtocolClient (GrpcClientProtocolClient.java:onNext(255)) - client-DE0880F50CF2->72f5ceaa-5b3b-4bc7-b846-41895f4ebd48: receive RaftClientReply:client-DE0880F50CF2->72f5ceaa-5b3b-4bc7-b846-41895f4ebd48@group-833AA35A7EDE, cid=852, SUCCESS, logIndex=1099, commits[72f5ceaa-5b3b-4bc7-b846-41895f4ebd48:c1099, b4e1f7d4-4bb4-47ed-a9cb-53483a899fb2:c1095, d3916bce-b37b-4246-83c6-d24846ba1a72:c1095]
2019-07-08 14:21:08,674 INFO  client.GrpcClientProtocolClient (GrpcClientProtocolClient.java:onNext(255)) - client-DE0880F50CF2->72f5ceaa-5b3b-4bc7-b846-41895f4ebd48: receive RaftClientReply:client-DE0880F50CF2->72f5ceaa-5b3b-4bc7-b846-41895f4ebd48@group-833AA35A7EDE, cid=853, SUCCESS, logIndex=0, commits[72f5ceaa-5b3b-4bc7-b846-41895f4ebd48:c1101, b4e1f7d4-4bb4-47ed-a9cb-53483a899fb2:c1099, d3916bce-b37b-4246-83c6-d24846ba1a72:c1097]
2019-07-08 14:21:08,694 INFO  client.GrpcClientProtocolClient (GrpcClientProtocolClient.java:onNext(255)) - client-DE0880F50CF2->72f5ceaa-5b3b-4bc7-b846-41895f4ebd48: receive RaftClientReply:client-DE0880F50CF2->72f5ceaa-5b3b-4bc7-b846-41895f4ebd48@group-833AA35A7EDE, cid=854, SUCCESS, logIndex=1104, commits[72f5ceaa-5b3b-4bc7-b846-41895f4ebd48:c1105, b4e1f7d4-4bb4-47ed-a9cb-53483a899fb2:c1103, d3916bce-b37b-4246-83c6-d24846ba1a72:c1103]
2019-07-08 14:21:08,694 INFO  client.GrpcClientProtocolClient (GrpcClientProtocolClient.java:onNext(255)) - client-DE0880F50CF2->72f5ceaa-5b3b-4bc7-b846-41895f4ebd48: receive RaftClientReply:client-DE0880F50CF2->72f5ceaa-5b3b-4bc7-b846-41895f4ebd48@group-833AA35A7EDE, cid=855, SUCCESS, logIndex=1105, commits[72f5ceaa-5b3b-4bc7-b846-41895f4ebd48:c1105, b4e1f7d4-4bb4-47ed-a9cb-53483a899fb2:c1103, d3916bce-b37b-4246-83c6-d24846ba1a72:c1103]
2019-07-08 14:21:08,707 INFO  client.GrpcClientProtocolClient (GrpcClientProtocolClient.java:onNext(255)) - client-DE0880F50CF2->72f5ceaa-5b3b-4bc7-b846-41895f4ebd48: receive RaftClientReply:client-DE0880F50CF2->72f5ceaa-5b3b-4bc7-b846-41895f4ebd48@group-833AA35A7EDE, cid=856, SUCCESS, logIndex=1108, commits[72f5ceaa-5b3b-4bc7-b846-41895f4ebd48:c1108, b4e1f7d4-4bb4-47ed-a9cb-53483a899fb2:c1105, d3916bce-b37b-4246-83c6-d24846ba1a72:c1105]
2019-07-08 14:21:08,707 INFO  client.GrpcClientProtocolClient (GrpcClientProtocolClient.java:onNext(255)) - client-DE0880F50CF2->72f5ceaa-5b3b-4bc7-b846-41895f4ebd48: receive RaftClientReply:client-DE0880F50CF2->72f5ceaa-5b3b-4bc7-b846-41895f4ebd48@group-833AA35A7EDE, cid=857, SUCCESS, logIndex=1109, commits[72f5ceaa-5b3b-4bc7-b846-41895f4ebd48:c1109, b4e1f7d4-4bb4-47ed-a9cb-53483a899fb2:c1105, d3916bce-b37b-4246-83c6-d24846ba1a72:c1105]
2019-07-08 14:21:08,720 INFO  client.GrpcClientProtocolClient (GrpcClientProtocolClient.java:onNext(255)) - client-DE0880F50CF2->72f5ceaa-5b3b-4bc7-b846-41895f4ebd48: receive RaftClientReply:client-DE0880F50CF2->72f5ceaa-5b3b-4bc7-b846-41895f4ebd48@group-833AA35A7EDE, cid=858, SUCCESS, logIndex=0, commits[72f5ceaa-5b3b-4bc7-b846-41895f4ebd48:c1111, b4e1f7d4-4bb4-47ed-a9cb-53483a899fb2:c1109, d3916bce-b37b-4246-83c6-d24846ba1a72:c1109]
2019-07-08 14:21:08,733 INFO  client.GrpcClientProtocolClient (GrpcClientProtocolClient.java:onNext(255)) - client-DE0880F50CF2->72f5ceaa-5b3b-4bc7-b846-41895f4ebd48: receive RaftClientReply:client-DE0880F50CF2->72f5ceaa-5b3b-4bc7-b846-41895f4ebd48@group-833AA35A7EDE, cid=859, SUCCESS, logIndex=1112, commits[72f5ceaa-5b3b-4bc7-b846-41895f4ebd48:c1113, b4e1f7d4-4bb4-47ed-a9cb-53483a899fb2:c1111, d3916bce-b37b-4246-83c6-d24846ba1a72:c1111]
2019-07-08 14:21:08,733 INFO  client.GrpcClientProtocolClient (GrpcClientProtocolClient.java:onNext(255)) - client-DE0880F50CF2->72f5ceaa-5b3b-4bc7-b846-41895f4ebd48: receive RaftClientReply:client-DE0880F50CF2->72f5ceaa-5b3b-4bc7-b846-41895f4ebd48@group-833AA35A7EDE, cid=860, SUCCESS, logIndex=1113, commits[72f5ceaa-5b3b-4bc7-b846-41895f4ebd48:c1113, b4e1f7d4-4bb4-47ed-a9cb-53483a899fb2:c1111, d3916bce-b37b-4246-83c6-d24846ba1a72:c1111]
2019-07-08 14:21:08,735 INFO  client.GrpcClientProtocolClient (GrpcClientProtocolClient.java:onNext(255)) - client-DE0880F50CF2->72f5ceaa-5b3b-4bc7-b846-41895f4ebd48: receive RaftClientReply:client-DE0880F50CF2->72f5ceaa-5b3b-4bc7-b846-41895f4ebd48@group-833AA35A7EDE, cid=861, SUCCESS, logIndex=1114, commits[72f5ceaa-5b3b-4bc7-b846-41895f4ebd48:c1115, b4e1f7d4-4bb4-47ed-a9cb-53483a899fb2:c1112, d3916bce-b37b-4246-83c6-d24846ba1a72:c1111]
2019-07-08 14:21:08,736 INFO  client.GrpcClientProtocolClient (GrpcClientProtocolClient.java:onNext(255)) - client-DE0880F50CF2->72f5ceaa-5b3b-4bc7-b846-41895f4ebd48: receive RaftClientReply:client-DE0880F50CF2->72f5ceaa-5b3b-4bc7-b846-41895f4ebd48@group-833AA35A7EDE, cid=862, SUCCESS, logIndex=1115, commits[72f5ceaa-5b3b-4bc7-b846-41895f4ebd48:c1117, b4e1f7d4-4bb4-47ed-a9cb-53483a899fb2:c1113, d3916bce-b37b-4246-83c6-d24846ba1a72:c1113]
2019-07-08 14:21:08,748 INFO  client.GrpcClientProtocolClient (GrpcClientProtocolClient.java:onNext(255)) - client-DE0880F50CF2->72f5ceaa-5b3b-4bc7-b846-41895f4ebd48: receive RaftClientReply:client-DE0880F50CF2->72f5ceaa-5b3b-4bc7-b846-41895f4ebd48@group-833AA35A7EDE, cid=863, SUCCESS, logIndex=1120, commits[72f5ceaa-5b3b-4bc7-b846-41895f4ebd48:c1121, b4e1f7d4-4bb4-47ed-a9cb-53483a899fb2:c1115, d3916bce-b37b-4246-83c6-d24846ba1a72:c1119]
2019-07-08 14:21:08,748 INFO  client.GrpcClientProtocolClient (GrpcClientProtocolClient.java:onNext(255)) - client-DE0880F50CF2->72f5ceaa-5b3b-4bc7-b846-41895f4ebd48: receive RaftClientReply:client-DE0880F50CF2->72f5ceaa-5b3b-4bc7-b846-41895f4ebd48@group-833AA35A7EDE, cid=864, SUCCESS, logIndex=1121, commits[72f5ceaa-5b3b-4bc7-b846-41895f4ebd48:c1121, b4e1f7d4-4bb4-47ed-a9cb-53483a899fb2:c1119, d3916bce-b37b-4246-83c6-d24846ba1a72:c1119]
 0.00% |█                                                                                                    |  0/1 Time: 0:00:032019-07-08 14:21:08,774 INFO  client.GrpcClientProtocolClient (GrpcClientProtocolClient.java:onNext(255)) - client-DE0880F50CF2->72f5ceaa-5b3b-4bc7-b846-41895f4ebd48: receive RaftClientReply:client-DE0880F50CF2->72f5ceaa-5b3b-4bc7-b846-41895f4ebd48@group-833AA35A7EDE, cid=865, SUCCESS, logIndex=1124, commits[72f5ceaa-5b3b-4bc7-b846-41895f4ebd48:c1125, b4e1f7d4-4bb4-47ed-a9cb-53483a899fb2:c1123, d3916bce-b37b-4246-83c6-d24846ba1a72:c1123]
2019-07-08 14:21:08,775 INFO  client.GrpcClientProtocolClient (GrpcClientProtocolClient.java:onNext(255)) - client-DE0880F50CF2->72f5ceaa-5b3b-4bc7-b846-41895f4ebd48: receive RaftClientReply:client-DE0880F50CF2->72f5ceaa-5b3b-4bc7-b846-41895f4ebd48@group-833AA35A7EDE, cid=866, SUCCESS, logIndex=1125, commits[72f5ceaa-5b3b-4bc7-b846-41895f4ebd48:c1125, b4e1f7d4-4bb4-47ed-a9cb-53483a899fb2:c1123, d3916bce-b37b-4246-83c6-d24846ba1a72:c1123]
2019-07-08 14:21:08,786 INFO  client.GrpcClientProtocolClient (GrpcClientProtocolClient.java:onNext(255)) - client-DE0880F50CF2->72f5ceaa-5b3b-4bc7-b846-41895f4ebd48: receive RaftClientReply:client-DE0880F50CF2->72f5ceaa-5b3b-4bc7-b846-41895f4ebd48@group-833AA35A7EDE, cid=867, SUCCESS, logIndex=0, commits[72f5ceaa-5b3b-4bc7-b846-41895f4ebd48:c1127, b4e1f7d4-4bb4-47ed-a9cb-53483a899fb2:c1125, d3916bce-b37b-4246-83c6-d24846ba1a72:c1125]
2019-07-08 14:21:08,818 INFO  client.GrpcClientProtocolClient (GrpcClientProtocolClient.java:onNext(255)) - client-DE0880F50CF2->72f5ceaa-5b3b-4bc7-b846-41895f4ebd48: receive RaftClientReply:client-DE0880F50CF2->72f5ceaa-5b3b-4bc7-b846-41895f4ebd48@group-833AA35A7EDE, cid=868, SUCCESS, logIndex=1128, commits[72f5ceaa-5b3b-4bc7-b846-41895f4ebd48:c1130, b4e1f7d4-4bb4-47ed-a9cb-53483a899fb2:c1125, d3916bce-b37b-4246-83c6-d24846ba1a72:c1127]
2019-07-08 14:21:08,819 INFO  client.GrpcClientProtocolClient (GrpcClientProtocolClient.java:onNext(255)) - client-DE0880F50CF2->72f5ceaa-5b3b-4bc7-b846-41895f4ebd48: receive RaftClientReply:client-DE0880F50CF2->72f5ceaa-5b3b-4bc7-b846-41895f4ebd48@group-833AA35A7EDE, cid=869, SUCCESS, logIndex=1129, commits[72f5ceaa-5b3b-4bc7-b846-41895f4ebd48:c1131, b4e1f7d4-4bb4-47ed-a9cb-53483a899fb2:c1127, d3916bce-b37b-4246-83c6-d24846ba1a72:c1127]
2019-07-08 14:21:08,819 INFO  client.GrpcClientProtocolClient (GrpcClientProtocolClient.java:onNext(255)) - client-DE0880F50CF2->72f5ceaa-5b3b-4bc7-b846-41895f4ebd48: receive RaftClientReply:client-DE0880F50CF2->72f5ceaa-5b3b-4bc7-b846-41895f4ebd48@group-833AA35A7EDE, cid=870, SUCCESS, logIndex=1130, commits[72f5ceaa-5b3b-4bc7-b846-41895f4ebd48:c1131, b4e1f7d4-4bb4-47ed-a9cb-53483a899fb2:c1127, d3916bce-b37b-4246-83c6-d24846ba1a72:c1130]
2019-07-08 14:21:08,820 INFO  client.GrpcClientProtocolClient (GrpcClientProtocolClient.java:onNext(255)) - client-DE0880F50CF2->72f5ceaa-5b3b-4bc7-b846-41895f4ebd48: receive RaftClientReply:client-DE0880F50CF2->72f5ceaa-5b3b-4bc7-b846-41895f4ebd48@group-833AA35A7EDE, cid=871, SUCCESS, logIndex=1131, commits[72f5ceaa-5b3b-4bc7-b846-41895f4ebd48:c1132, b4e1f7d4-4bb4-47ed-a9cb-53483a899fb2:c1127, d3916bce-b37b-4246-83c6-d24846ba1a72:c1130]
2019-07-08 14:21:08,821 INFO  client.GrpcClientProtocolClient (GrpcClientProtocolClient.java:onNext(255)) - client-DE0880F50CF2->72f5ceaa-5b3b-4bc7-b846-41895f4ebd48: receive RaftClientReply:client-DE0880F50CF2->72f5ceaa-5b3b-4bc7-b846-41895f4ebd48@group-833AA35A7EDE, cid=872, SUCCESS, logIndex=0, commits[72f5ceaa-5b3b-4bc7-b846-41895f4ebd48:c1133, b4e1f7d4-4bb4-47ed-a9cb-53483a899fb2:c1130, d3916bce-b37b-4246-83c6-d24846ba1a72:c1131]
2019-07-08 14:21:08,842 INFO  client.GrpcClientProtocolClient (GrpcClientProtocolClient.java:onNext(255)) - client-DE0880F50CF2->72f5ceaa-5b3b-4bc7-b846-41895f4ebd48: receive RaftClientReply:client-DE0880F50CF2->72f5ceaa-5b3b-4bc7-b846-41895f4ebd48@group-833AA35A7EDE, cid=873, SUCCESS, logIndex=1135, commits[72f5ceaa-5b3b-4bc7-b846-41895f4ebd48:c1136, b4e1f7d4-4bb4-47ed-a9cb-53483a899fb2:c1134, d3916bce-b37b-4246-83c6-d24846ba1a72:c1134]
2019-07-08 14:21:08,843 INFO  client.GrpcClientProtocolClient (GrpcClientProtocolClient.java:onNext(255)) - client-DE0880F50CF2->72f5ceaa-5b3b-4bc7-b846-41895f4ebd48: receive RaftClientReply:client-DE0880F50CF2->72f5ceaa-5b3b-4bc7-b846-41895f4ebd48@group-833AA35A7EDE, cid=874, SUCCESS, logIndex=1136, commits[72f5ceaa-5b3b-4bc7-b846-41895f4ebd48:c1136, b4e1f7d4-4bb4-47ed-a9cb-53483a899fb2:c1134, d3916bce-b37b-4246-83c6-d24846ba1a72:c1134]
2019-07-08 14:21:08,856 INFO  client.GrpcClientProtocolClient (GrpcClientProtocolClient.java:onNext(255)) - client-DE0880F50CF2->72f5ceaa-5b3b-4bc7-b846-41895f4ebd48: receive RaftClientReply:client-DE0880F50CF2->72f5ceaa-5b3b-4bc7-b846-41895f4ebd48@group-833AA35A7EDE, cid=875, SUCCESS, logIndex=1139, commits[72f5ceaa-5b3b-4bc7-b846-41895f4ebd48:c1139, b4e1f7d4-4bb4-47ed-a9cb-53483a899fb2:c1136, d3916bce-b37b-4246-83c6-d24846ba1a72:c1136]
2019-07-08 14:21:08,856 INFO  client.GrpcClientProtocolClient (GrpcClientProtocolClient.java:onNext(255)) - client-DE0880F50CF2->72f5ceaa-5b3b-4bc7-b846-41895f4ebd48: receive RaftClientReply:client-DE0880F50CF2->72f5ceaa-5b3b-4bc7-b846-41895f4ebd48@group-833AA35A7EDE, cid=876, SUCCESS, logIndex=1140, commits[72f5ceaa-5b3b-4bc7-b846-41895f4ebd48:c1140, b4e1f7d4-4bb4-47ed-a9cb-53483a899fb2:c1136, d3916bce-b37b-4246-83c6-d24846ba1a72:c1136]
2019-07-08 14:21:08,869 INFO  client.GrpcClientProtocolClient (GrpcClientProtocolClient.java:onNext(255)) - client-DE0880F50CF2->72f5ceaa-5b3b-4bc7-b846-41895f4ebd48: receive RaftClientReply:client-DE0880F50CF2->72f5ceaa-5b3b-4bc7-b846-41895f4ebd48@group-833AA35A7EDE, cid=877, SUCCESS, logIndex=0, commits[72f5ceaa-5b3b-4bc7-b846-41895f4ebd48:c1141, b4e1f7d4-4bb4-47ed-a9cb-53483a899fb2:c1140, d3916bce-b37b-4246-83c6-d24846ba1a72:c1140]
2019-07-08 14:21:08,895 INFO  client.GrpcClientProtocolClient (GrpcClientProtocolClient.java:onNext(255)) - client-DE0880F50CF2->72f5ceaa-5b3b-4bc7-b846-41895f4ebd48: receive RaftClientReply:client-DE0880F50CF2->72f5ceaa-5b3b-4bc7-b846-41895f4ebd48@group-833AA35A7EDE, cid=878, SUCCESS, logIndex=1143, commits[72f5ceaa-5b3b-4bc7-b846-41895f4ebd48:c1145, b4e1f7d4-4bb4-47ed-a9cb-53483a899fb2:c1142, d3916bce-b37b-4246-83c6-d24846ba1a72:c1142]
2019-07-08 14:21:08,895 INFO  client.GrpcClientProtocolClient (GrpcClientProtocolClient.java:onNext(255)) - client-DE0880F50CF2->72f5ceaa-5b3b-4bc7-b846-41895f4ebd48: receive RaftClientReply:client-DE0880F50CF2->72f5ceaa-5b3b-4bc7-b846-41895f4ebd48@group-833AA35A7EDE, cid=879, SUCCESS, logIndex=1144, commits[72f5ceaa-5b3b-4bc7-b846-41895f4ebd48:c1146, b4e1f7d4-4bb4-47ed-a9cb-53483a899fb2:c1142, d3916bce-b37b-4246-83c6-d24846ba1a72:c1142]
2019-07-08 14:21:08,896 INFO  client.GrpcClientProtocolClient (GrpcClientProtocolClient.java:onNext(255)) - client-DE0880F50CF2->72f5ceaa-5b3b-4bc7-b846-41895f4ebd48: receive RaftClientReply:client-DE0880F50CF2->72f5ceaa-5b3b-4bc7-b846-41895f4ebd48@group-833AA35A7EDE, cid=880, SUCCESS, logIndex=1145, commits[72f5ceaa-5b3b-4bc7-b846-41895f4ebd48:c1146, b4e1f7d4-4bb4-47ed-a9cb-53483a899fb2:c1142, d3916bce-b37b-4246-83c6-d24846ba1a72:c1142]
2019-07-08 14:21:08,896 INFO  client.GrpcClientProtocolClient (GrpcClientProtocolClient.java:onNext(255)) - client-DE0880F50CF2->72f5ceaa-5b3b-4bc7-b846-41895f4ebd48: receive RaftClientReply:client-DE0880F50CF2->72f5ceaa-5b3b-4bc7-b846-41895f4ebd48@group-833AA35A7EDE, cid=881, SUCCESS, logIndex=1146, commits[72f5ceaa-5b3b-4bc7-b846-41895f4ebd48:c1146, b4e1f7d4-4bb4-47ed-a9cb-53483a899fb2:c1142, d3916bce-b37b-4246-83c6-d24846ba1a72:c1142]
2019-07-08 14:21:08,898 INFO  client.GrpcClientProtocolClient (GrpcClientProtocolClient.java:onNext(255)) - client-DE0880F50CF2->72f5ceaa-5b3b-4bc7-b846-41895f4ebd48: receive RaftClientReply:client-DE0880F50CF2->72f5ceaa-5b3b-4bc7-b846-41895f4ebd48@group-833AA35A7EDE, cid=882, SUCCESS, logIndex=0, commits[72f5ceaa-5b3b-4bc7-b846-41895f4ebd48:c1150, b4e1f7d4-4bb4-47ed-a9cb-53483a899fb2:c1144, d3916bce-b37b-4246-83c6-d24846ba1a72:c1146]
2019-07-08 14:21:08,917 INFO  client.GrpcClientProtocolClient (GrpcClientProtocolClient.java:onNext(255)) - client-DE0880F50CF2->72f5ceaa-5b3b-4bc7-b846-41895f4ebd48: receive RaftClientReply:client-DE0880F50CF2->72f5ceaa-5b3b-4bc7-b846-41895f4ebd48@group-833AA35A7EDE, cid=883, SUCCESS, logIndex=1151, commits[72f5ceaa-5b3b-4bc7-b846-41895f4ebd48:c1152, b4e1f7d4-4bb4-47ed-a9cb-53483a899fb2:c1150, d3916bce-b37b-4246-83c6-d24846ba1a72:c1150]
2019-07-08 14:21:08,918 INFO  client.GrpcClientProtocolClient (GrpcClientProtocolClient.java:onNext(255)) - client-DE0880F50CF2->72f5ceaa-5b3b-4bc7-b846-41895f4ebd48: receive RaftClientReply:client-DE0880F50CF2->72f5ceaa-5b3b-4bc7-b846-41895f4ebd48@group-833AA35A7EDE, cid=884, SUCCESS, logIndex=1152, commits[72f5ceaa-5b3b-4bc7-b846-41895f4ebd48:c1152, b4e1f7d4-4bb4-47ed-a9cb-53483a899fb2:c1150, d3916bce-b37b-4246-83c6-d24846ba1a72:c1150]
2019-07-08 14:21:08,933 INFO  client.GrpcClientProtocolClient (GrpcClientProtocolClient.java:onNext(255)) - client-DE0880F50CF2->72f5ceaa-5b3b-4bc7-b846-41895f4ebd48: receive RaftClientReply:client-DE0880F50CF2->72f5ceaa-5b3b-4bc7-b846-41895f4ebd48@group-833AA35A7EDE, cid=885, SUCCESS, logIndex=1155, commits[72f5ceaa-5b3b-4bc7-b846-41895f4ebd48:c1156, b4e1f7d4-4bb4-47ed-a9cb-53483a899fb2:c1152, d3916bce-b37b-4246-83c6-d24846ba1a72:c1152]
2019-07-08 14:21:08,933 INFO  client.GrpcClientProtocolClient (GrpcClientProtocolClient.java:onNext(255)) - client-DE0880F50CF2->72f5ceaa-5b3b-4bc7-b846-41895f4ebd48: receive RaftClientReply:client-DE0880F50CF2->72f5ceaa-5b3b-4bc7-b846-41895f4ebd48@group-833AA35A7EDE, cid=886, SUCCESS, logIndex=1156, commits[72f5ceaa-5b3b-4bc7-b846-41895f4ebd48:c1156, b4e1f7d4-4bb4-47ed-a9cb-53483a899fb2:c1152, d3916bce-b37b-4246-83c6-d24846ba1a72:c1152]
2019-07-08 14:21:08,973 INFO  client.GrpcClientProtocolClient (GrpcClientProtocolClient.java:onNext(255)) - client-DE0880F50CF2->72f5ceaa-5b3b-4bc7-b846-41895f4ebd48: receive RaftClientReply:client-DE0880F50CF2->72f5ceaa-5b3b-4bc7-b846-41895f4ebd48@group-833AA35A7EDE, cid=887, SUCCESS, logIndex=0, commits[72f5ceaa-5b3b-4bc7-b846-41895f4ebd48:c1158, b4e1f7d4-4bb4-47ed-a9cb-53483a899fb2:c1156, d3916bce-b37b-4246-83c6-d24846ba1a72:c1156]
2019-07-08 14:21:09,466 INFO  client.GrpcClientProtocolClient (GrpcClientProtocolClient.java:onNext(255)) - client-DE0880F50CF2->72f5ceaa-5b3b-4bc7-b846-41895f4ebd48: receive RaftClientReply:client-DE0880F50CF2->72f5ceaa-5b3b-4bc7-b846-41895f4ebd48@group-833AA35A7EDE, cid=888, SUCCESS, logIndex=1159, commits[72f5ceaa-5b3b-4bc7-b846-41895f4ebd48:c1161, b4e1f7d4-4bb4-47ed-a9cb-53483a899fb2:c1158, d3916bce-b37b-4246-83c6-d24846ba1a72:c1158]
2019-07-08 14:21:09,467 INFO  client.GrpcClientProtocolClient (GrpcClientProtocolClient.java:onNext(255)) - client-DE0880F50CF2->72f5ceaa-5b3b-4bc7-b846-41895f4ebd48: receive RaftClientReply:client-DE0880F50CF2->72f5ceaa-5b3b-4bc7-b846-41895f4ebd48@group-833AA35A7EDE, cid=889, SUCCESS, logIndex=1160, commits[72f5ceaa-5b3b-4bc7-b846-41895f4ebd48:c1162, b4e1f7d4-4bb4-47ed-a9cb-53483a899fb2:c1158, d3916bce-b37b-4246-83c6-d24846ba1a72:c1158]
2019-07-08 14:21:09,468 INFO  client.GrpcClientProtocolClient (GrpcClientProtocolClient.java:onNext(255)) - client-DE0880F50CF2->72f5ceaa-5b3b-4bc7-b846-41895f4ebd48: receive RaftClientReply:client-DE0880F50CF2->72f5ceaa-5b3b-4bc7-b846-41895f4ebd48@group-833AA35A7EDE, cid=890, SUCCESS, logIndex=1161, commits[72f5ceaa-5b3b-4bc7-b846-41895f4ebd48:c1162, b4e1f7d4-4bb4-47ed-a9cb-53483a899fb2:c1158, d3916bce-b37b-4246-83c6-d24846ba1a72:c1158]
2019-07-08 14:21:09,468 INFO  client.GrpcClientProtocolClient (GrpcClientProtocolClient.java:onNext(255)) - client-DE0880F50CF2->72f5ceaa-5b3b-4bc7-b846-41895f4ebd48: receive RaftClientReply:client-DE0880F50CF2->72f5ceaa-5b3b-4bc7-b846-41895f4ebd48@group-833AA35A7EDE, cid=891, SUCCESS, logIndex=1162, commits[72f5ceaa-5b3b-4bc7-b846-41895f4ebd48:c1163, b4e1f7d4-4bb4-47ed-a9cb-53483a899fb2:c1158, d3916bce-b37b-4246-83c6-d24846ba1a72:c1160]
2019-07-08 14:21:09,470 INFO  client.GrpcClientProtocolClient (GrpcClientProtocolClient.java:onNext(255)) - client-DE0880F50CF2->72f5ceaa-5b3b-4bc7-b846-41895f4ebd48: receive RaftClientReply:client-DE0880F50CF2->72f5ceaa-5b3b-4bc7-b846-41895f4ebd48@group-833AA35A7EDE, cid=892, SUCCESS, logIndex=0, commits[72f5ceaa-5b3b-4bc7-b846-41895f4ebd48:c1164, b4e1f7d4-4bb4-47ed-a9cb-53483a899fb2:c1162, d3916bce-b37b-4246-83c6-d24846ba1a72:c1160]
2019-07-08 14:21:09,496 INFO  client.GrpcClientProtocolClient (GrpcClientProtocolClient.java:onNext(255)) - client-DE0880F50CF2->72f5ceaa-5b3b-4bc7-b846-41895f4ebd48: receive RaftClientReply:client-DE0880F50CF2->72f5ceaa-5b3b-4bc7-b846-41895f4ebd48@group-833AA35A7EDE, cid=893, SUCCESS, logIndex=1167, commits[72f5ceaa-5b3b-4bc7-b846-41895f4ebd48:c1168, b4e1f7d4-4bb4-47ed-a9cb-53483a899fb2:c1164, d3916bce-b37b-4246-83c6-d24846ba1a72:c1164]
2019-07-08 14:21:09,497 INFO  client.GrpcClientProtocolClient (GrpcClientProtocolClient.java:onNext(255)) - client-DE0880F50CF2->72f5ceaa-5b3b-4bc7-b846-41895f4ebd48: receive RaftClientReply:client-DE0880F50CF2->72f5ceaa-5b3b-4bc7-b846-41895f4ebd48@group-833AA35A7EDE, cid=894, SUCCESS, logIndex=1168, commits[72f5ceaa-5b3b-4bc7-b846-41895f4ebd48:c1168, b4e1f7d4-4bb4-47ed-a9cb-53483a899fb2:c1164, d3916bce-b37b-4246-83c6-d24846ba1a72:c1164]
2019-07-08 14:21:09,519 INFO  client.GrpcClientProtocolClient (GrpcClientProtocolClient.java:onNext(255)) - client-DE0880F50CF2->72f5ceaa-5b3b-4bc7-b846-41895f4ebd48: receive RaftClientReply:client-DE0880F50CF2->72f5ceaa-5b3b-4bc7-b846-41895f4ebd48@group-833AA35A7EDE, cid=895, SUCCESS, logIndex=1171, commits[72f5ceaa-5b3b-4bc7-b846-41895f4ebd48:c1172, b4e1f7d4-4bb4-47ed-a9cb-53483a899fb2:c1168, d3916bce-b37b-4246-83c6-d24846ba1a72:c1168]
2019-07-08 14:21:09,520 INFO  client.GrpcClientProtocolClient (GrpcClientProtocolClient.java:onNext(255)) - client-DE0880F50CF2->72f5ceaa-5b3b-4bc7-b846-41895f4ebd48: receive RaftClientReply:client-DE0880F50CF2->72f5ceaa-5b3b-4bc7-b846-41895f4ebd48@group-833AA35A7EDE, cid=896, SUCCESS, logIndex=1172, commits[72f5ceaa-5b3b-4bc7-b846-41895f4ebd48:c1172, b4e1f7d4-4bb4-47ed-a9cb-53483a899fb2:c1168, d3916bce-b37b-4246-83c6-d24846ba1a72:c1168]
2019-07-08 14:21:09,526 INFO  client.GrpcClientProtocolClient (GrpcClientProtocolClient.java:onNext(255)) - client-DE0880F50CF2->72f5ceaa-5b3b-4bc7-b846-41895f4ebd48: receive RaftClientReply:client-DE0880F50CF2->72f5ceaa-5b3b-4bc7-b846-41895f4ebd48@group-833AA35A7EDE, cid=897, SUCCESS, logIndex=0, commits[72f5ceaa-5b3b-4bc7-b846-41895f4ebd48:c1173, b4e1f7d4-4bb4-47ed-a9cb-53483a899fb2:c1172, d3916bce-b37b-4246-83c6-d24846ba1a72:c1172]
2019-07-08 14:21:09,543 INFO  client.GrpcClientProtocolClient (GrpcClientProtocolClient.java:onNext(255)) - client-DE0880F50CF2->72f5ceaa-5b3b-4bc7-b846-41895f4ebd48: receive RaftClientReply:client-DE0880F50CF2->72f5ceaa-5b3b-4bc7-b846-41895f4ebd48@group-833AA35A7EDE, cid=898, SUCCESS, logIndex=1175, commits[72f5ceaa-5b3b-4bc7-b846-41895f4ebd48:c1176, b4e1f7d4-4bb4-47ed-a9cb-53483a899fb2:c1172, d3916bce-b37b-4246-83c6-d24846ba1a72:c1174]
2019-07-08 14:21:09,545 INFO  client.GrpcClientProtocolClient (GrpcClientProtocolClient.java:onNext(255)) - client-DE0880F50CF2->72f5ceaa-5b3b-4bc7-b846-41895f4ebd48: receive RaftClientReply:client-DE0880F50CF2->72f5ceaa-5b3b-4bc7-b846-41895f4ebd48@group-833AA35A7EDE, cid=899, SUCCESS, logIndex=1176, commits[72f5ceaa-5b3b-4bc7-b846-41895f4ebd48:c1176, b4e1f7d4-4bb4-47ed-a9cb-53483a899fb2:c1172, d3916bce-b37b-4246-83c6-d24846ba1a72:c1174]
2019-07-08 14:21:09,545 INFO  client.GrpcClientProtocolClient (GrpcClientProtocolClient.java:onNext(255)) - client-DE0880F50CF2->72f5ceaa-5b3b-4bc7-b846-41895f4ebd48: receive RaftClientReply:client-DE0880F50CF2->72f5ceaa-5b3b-4bc7-b846-41895f4ebd48@group-833AA35A7EDE, cid=900, SUCCESS, logIndex=1177, commits[72f5ceaa-5b3b-4bc7-b846-41895f4ebd48:c1177, b4e1f7d4-4bb4-47ed-a9cb-53483a899fb2:c1174, d3916bce-b37b-4246-83c6-d24846ba1a72:c1174]
2019-07-08 14:21:09,546 INFO  client.GrpcClientProtocolClient (GrpcClientProtocolClient.java:onNext(255)) - client-DE0880F50CF2->72f5ceaa-5b3b-4bc7-b846-41895f4ebd48: receive RaftClientReply:client-DE0880F50CF2->72f5ceaa-5b3b-4bc7-b846-41895f4ebd48@group-833AA35A7EDE, cid=901, SUCCESS, logIndex=1178, commits[72f5ceaa-5b3b-4bc7-b846-41895f4ebd48:c1178, b4e1f7d4-4bb4-47ed-a9cb-53483a899fb2:c1174, d3916bce-b37b-4246-83c6-d24846ba1a72:c1174]
2019-07-08 14:21:09,548 INFO  client.GrpcClientProtocolClient (GrpcClientProtocolClient.java:onNext(255)) - client-DE0880F50CF2->72f5ceaa-5b3b-4bc7-b846-41895f4ebd48: receive RaftClientReply:client-DE0880F50CF2->72f5ceaa-5b3b-4bc7-b846-41895f4ebd48@group-833AA35A7EDE, cid=902, SUCCESS, logIndex=0, commits[72f5ceaa-5b3b-4bc7-b846-41895f4ebd48:c1182, b4e1f7d4-4bb4-47ed-a9cb-53483a899fb2:c1176, d3916bce-b37b-4246-83c6-d24846ba1a72:c1178]
2019-07-08 14:21:09,707 INFO  client.GrpcClientProtocolClient (GrpcClientProtocolClient.java:onNext(255)) - client-DE0880F50CF2->72f5ceaa-5b3b-4bc7-b846-41895f4ebd48: receive RaftClientReply:client-DE0880F50CF2->72f5ceaa-5b3b-4bc7-b846-41895f4ebd48@group-833AA35A7EDE, cid=903, SUCCESS, logIndex=1183, commits[72f5ceaa-5b3b-4bc7-b846-41895f4ebd48:c1184, b4e1f7d4-4bb4-47ed-a9cb-53483a899fb2:c1182, d3916bce-b37b-4246-83c6-d24846ba1a72:c1182]
2019-07-08 14:21:09,709 INFO  client.GrpcClientProtocolClient (GrpcClientProtocolClient.java:onNext(255)) - client-DE0880F50CF2->72f5ceaa-5b3b-4bc7-b846-41895f4ebd48: receive RaftClientReply:client-DE0880F50CF2->72f5ceaa-5b3b-4bc7-b846-41895f4ebd48@group-833AA35A7EDE, cid=904, SUCCESS, logIndex=1184, commits[72f5ceaa-5b3b-4bc7-b846-41895f4ebd48:c1184, b4e1f7d4-4bb4-47ed-a9cb-53483a899fb2:c1182, d3916bce-b37b-4246-83c6-d24846ba1a72:c1182]
2019-07-08 14:21:09,732 INFO  client.GrpcClientProtocolClient (GrpcClientProtocolClient.java:onNext(255)) - client-DE0880F50CF2->72f5ceaa-5b3b-4bc7-b846-41895f4ebd48: receive RaftClientReply:client-DE0880F50CF2->72f5ceaa-5b3b-4bc7-b846-41895f4ebd48@group-833AA35A7EDE, cid=905, SUCCESS, logIndex=1187, commits[72f5ceaa-5b3b-4bc7-b846-41895f4ebd48:c1188, b4e1f7d4-4bb4-47ed-a9cb-53483a899fb2:c1185, d3916bce-b37b-4246-83c6-d24846ba1a72:c1185]
2019-07-08 14:21:09,732 INFO  client.GrpcClientProtocolClient (GrpcClientProtocolClient.java:onNext(255)) - client-DE0880F50CF2->72f5ceaa-5b3b-4bc7-b846-41895f4ebd48: receive RaftClientReply:client-DE0880F50CF2->72f5ceaa-5b3b-4bc7-b846-41895f4ebd48@group-833AA35A7EDE, cid=906, SUCCESS, logIndex=1188, commits[72f5ceaa-5b3b-4bc7-b846-41895f4ebd48:c1188, b4e1f7d4-4bb4-47ed-a9cb-53483a899fb2:c1185, d3916bce-b37b-4246-83c6-d24846ba1a72:c1185]
2019-07-08 14:21:09,750 INFO  client.GrpcClientProtocolClient (GrpcClientProtocolClient.java:onNext(255)) - client-DE0880F50CF2->72f5ceaa-5b3b-4bc7-b846-41895f4ebd48: receive RaftClientReply:client-DE0880F50CF2->72f5ceaa-5b3b-4bc7-b846-41895f4ebd48@group-833AA35A7EDE, cid=907, SUCCESS, logIndex=0, commits[72f5ceaa-5b3b-4bc7-b846-41895f4ebd48:c1190, b4e1f7d4-4bb4-47ed-a9cb-53483a899fb2:c1188, d3916bce-b37b-4246-83c6-d24846ba1a72:c1188]
 0.00% |█                                                                                                    |  0/1 Time: 0:00:042019-07-08 14:21:09,771 INFO  client.GrpcClientProtocolClient (GrpcClientProtocolClient.java:onNext(255)) - client-DE0880F50CF2->72f5ceaa-5b3b-4bc7-b846-41895f4ebd48: receive RaftClientReply:client-DE0880F50CF2->72f5ceaa-5b3b-4bc7-b846-41895f4ebd48@group-833AA35A7EDE, cid=908, SUCCESS, logIndex=1191, commits[72f5ceaa-5b3b-4bc7-b846-41895f4ebd48:c1192, b4e1f7d4-4bb4-47ed-a9cb-53483a899fb2:c1190, d3916bce-b37b-4246-83c6-d24846ba1a72:c1190]
2019-07-08 14:21:09,772 INFO  client.GrpcClientProtocolClient (GrpcClientProtocolClient.java:onNext(255)) - client-DE0880F50CF2->72f5ceaa-5b3b-4bc7-b846-41895f4ebd48: receive RaftClientReply:client-DE0880F50CF2->72f5ceaa-5b3b-4bc7-b846-41895f4ebd48@group-833AA35A7EDE, cid=909, SUCCESS, logIndex=1192, commits[72f5ceaa-5b3b-4bc7-b846-41895f4ebd48:c1194, b4e1f7d4-4bb4-47ed-a9cb-53483a899fb2:c1190, d3916bce-b37b-4246-83c6-d24846ba1a72:c1190]
2019-07-08 14:21:09,772 INFO  client.GrpcClientProtocolClient (GrpcClientProtocolClient.java:onNext(255)) - client-DE0880F50CF2->72f5ceaa-5b3b-4bc7-b846-41895f4ebd48: receive RaftClientReply:client-DE0880F50CF2->72f5ceaa-5b3b-4bc7-b846-41895f4ebd48@group-833AA35A7EDE, cid=910, SUCCESS, logIndex=1193, commits[72f5ceaa-5b3b-4bc7-b846-41895f4ebd48:c1194, b4e1f7d4-4bb4-47ed-a9cb-53483a899fb2:c1190, d3916bce-b37b-4246-83c6-d24846ba1a72:c1190]
2019-07-08 14:21:09,773 INFO  client.GrpcClientProtocolClient (GrpcClientProtocolClient.java:onNext(255)) - client-DE0880F50CF2->72f5ceaa-5b3b-4bc7-b846-41895f4ebd48: receive RaftClientReply:client-DE0880F50CF2->72f5ceaa-5b3b-4bc7-b846-41895f4ebd48@group-833AA35A7EDE, cid=911, SUCCESS, logIndex=1194, commits[72f5ceaa-5b3b-4bc7-b846-41895f4ebd48:c1194, b4e1f7d4-4bb4-47ed-a9cb-53483a899fb2:c1190, d3916bce-b37b-4246-83c6-d24846ba1a72:c1190]
2019-07-08 14:21:09,775 INFO  client.GrpcClientProtocolClient (GrpcClientProtocolClient.java:onNext(255)) - client-DE0880F50CF2->72f5ceaa-5b3b-4bc7-b846-41895f4ebd48: receive RaftClientReply:client-DE0880F50CF2->72f5ceaa-5b3b-4bc7-b846-41895f4ebd48@group-833AA35A7EDE, cid=912, SUCCESS, logIndex=0, commits[72f5ceaa-5b3b-4bc7-b846-41895f4ebd48:c1198, b4e1f7d4-4bb4-47ed-a9cb-53483a899fb2:c1192, d3916bce-b37b-4246-83c6-d24846ba1a72:c1194]
2019-07-08 14:21:09,798 INFO  client.GrpcClientProtocolClient (GrpcClientProtocolClient.java:onNext(255)) - client-DE0880F50CF2->72f5ceaa-5b3b-4bc7-b846-41895f4ebd48: receive RaftClientReply:client-DE0880F50CF2->72f5ceaa-5b3b-4bc7-b846-41895f4ebd48@group-833AA35A7EDE, cid=913, SUCCESS, logIndex=1199, commits[72f5ceaa-5b3b-4bc7-b846-41895f4ebd48:c1200, b4e1f7d4-4bb4-47ed-a9cb-53483a899fb2:c1198, d3916bce-b37b-4246-83c6-d24846ba1a72:c1198]
2019-07-08 14:21:09,798 INFO  client.GrpcClientProtocolClient (GrpcClientProtocolClient.java:onNext(255)) - client-DE0880F50CF2->72f5ceaa-5b3b-4bc7-b846-41895f4ebd48: receive RaftClientReply:client-DE0880F50CF2->72f5ceaa-5b3b-4bc7-b846-41895f4ebd48@group-833AA35A7EDE, cid=914, SUCCESS, logIndex=1200, commits[72f5ceaa-5b3b-4bc7-b846-41895f4ebd48:c1200, b4e1f7d4-4bb4-47ed-a9cb-53483a899fb2:c1198, d3916bce-b37b-4246-83c6-d24846ba1a72:c1198]
2019-07-08 14:21:09,822 INFO  client.GrpcClientProtocolClient (GrpcClientProtocolClient.java:onNext(255)) - client-DE0880F50CF2->72f5ceaa-5b3b-4bc7-b846-41895f4ebd48: receive RaftClientReply:client-DE0880F50CF2->72f5ceaa-5b3b-4bc7-b846-41895f4ebd48@group-833AA35A7EDE, cid=915, SUCCESS, logIndex=1203, commits[72f5ceaa-5b3b-4bc7-b846-41895f4ebd48:c1204, b4e1f7d4-4bb4-47ed-a9cb-53483a899fb2:c1200, d3916bce-b37b-4246-83c6-d24846ba1a72:c1200]
2019-07-08 14:21:09,822 INFO  client.GrpcClientProtocolClient (GrpcClientProtocolClient.java:onNext(255)) - client-DE0880F50CF2->72f5ceaa-5b3b-4bc7-b846-41895f4ebd48: receive RaftClientReply:client-DE0880F50CF2->72f5ceaa-5b3b-4bc7-b846-41895f4ebd48@group-833AA35A7EDE, cid=916, SUCCESS, logIndex=1204, commits[72f5ceaa-5b3b-4bc7-b846-41895f4ebd48:c1204, b4e1f7d4-4bb4-47ed-a9cb-53483a899fb2:c1200, d3916bce-b37b-4246-83c6-d24846ba1a72:c1200]
2019-07-08 14:21:09,824 INFO  client.GrpcClientProtocolClient (GrpcClientProtocolClient.java:onNext(255)) - client-DE0880F50CF2->72f5ceaa-5b3b-4bc7-b846-41895f4ebd48: receive RaftClientReply:client-DE0880F50CF2->72f5ceaa-5b3b-4bc7-b846-41895f4ebd48@group-833AA35A7EDE, cid=917, SUCCESS, logIndex=0, commits[72f5ceaa-5b3b-4bc7-b846-41895f4ebd48:c1205, b4e1f7d4-4bb4-47ed-a9cb-53483a899fb2:c1204, d3916bce-b37b-4246-83c6-d24846ba1a72:c1204]
2019-07-08 14:21:09,845 INFO  client.GrpcClientProtocolClient (GrpcClientProtocolClient.java:onNext(255)) - client-DE0880F50CF2->72f5ceaa-5b3b-4bc7-b846-41895f4ebd48: receive RaftClientReply:client-DE0880F50CF2->72f5ceaa-5b3b-4bc7-b846-41895f4ebd48@group-833AA35A7EDE, cid=918, SUCCESS, logIndex=1207, commits[72f5ceaa-5b3b-4bc7-b846-41895f4ebd48:c1208, b4e1f7d4-4bb4-47ed-a9cb-53483a899fb2:c1206, d3916bce-b37b-4246-83c6-d24846ba1a72:c1206]
2019-07-08 14:21:09,846 INFO  client.GrpcClientProtocolClient (GrpcClientProtocolClient.java:onNext(255)) - client-DE0880F50CF2->72f5ceaa-5b3b-4bc7-b846-41895f4ebd48: receive RaftClientReply:client-DE0880F50CF2->72f5ceaa-5b3b-4bc7-b846-41895f4ebd48@group-833AA35A7EDE, cid=919, SUCCESS, logIndex=1208, commits[72f5ceaa-5b3b-4bc7-b846-41895f4ebd48:c1208, b4e1f7d4-4bb4-47ed-a9cb-53483a899fb2:c1206, d3916bce-b37b-4246-83c6-d24846ba1a72:c1206]
2019-07-08 14:21:09,846 INFO  client.GrpcClientProtocolClient (GrpcClientProtocolClient.java:onNext(255)) - client-DE0880F50CF2->72f5ceaa-5b3b-4bc7-b846-41895f4ebd48: receive RaftClientReply:client-DE0880F50CF2->72f5ceaa-5b3b-4bc7-b846-41895f4ebd48@group-833AA35A7EDE, cid=920, SUCCESS, logIndex=1209, commits[72f5ceaa-5b3b-4bc7-b846-41895f4ebd48:c1210, b4e1f7d4-4bb4-47ed-a9cb-53483a899fb2:c1206, d3916bce-b37b-4246-83c6-d24846ba1a72:c1206]
2019-07-08 14:21:09,847 INFO  client.GrpcClientProtocolClient (GrpcClientProtocolClient.java:onNext(255)) - client-DE0880F50CF2->72f5ceaa-5b3b-4bc7-b846-41895f4ebd48: receive RaftClientReply:client-DE0880F50CF2->72f5ceaa-5b3b-4bc7-b846-41895f4ebd48@group-833AA35A7EDE, cid=921, SUCCESS, logIndex=1210, commits[72f5ceaa-5b3b-4bc7-b846-41895f4ebd48:c1210, b4e1f7d4-4bb4-47ed-a9cb-53483a899fb2:c1206, d3916bce-b37b-4246-83c6-d24846ba1a72:c1206]
2019-07-08 14:21:09,848 INFO  client.GrpcClientProtocolClient (GrpcClientProtocolClient.java:onNext(255)) - client-DE0880F50CF2->72f5ceaa-5b3b-4bc7-b846-41895f4ebd48: receive RaftClientReply:client-DE0880F50CF2->72f5ceaa-5b3b-4bc7-b846-41895f4ebd48@group-833AA35A7EDE, cid=922, SUCCESS, logIndex=0, commits[72f5ceaa-5b3b-4bc7-b846-41895f4ebd48:c1212, b4e1f7d4-4bb4-47ed-a9cb-53483a899fb2:c1208, d3916bce-b37b-4246-83c6-d24846ba1a72:c1208]
2019-07-08 14:21:09,868 INFO  client.GrpcClientProtocolClient (GrpcClientProtocolClient.java:onNext(255)) - client-DE0880F50CF2->72f5ceaa-5b3b-4bc7-b846-41895f4ebd48: receive RaftClientReply:client-DE0880F50CF2->72f5ceaa-5b3b-4bc7-b846-41895f4ebd48@group-833AA35A7EDE, cid=923, SUCCESS, logIndex=1215, commits[72f5ceaa-5b3b-4bc7-b846-41895f4ebd48:c1216, b4e1f7d4-4bb4-47ed-a9cb-53483a899fb2:c1214, d3916bce-b37b-4246-83c6-d24846ba1a72:c1214]
2019-07-08 14:21:09,868 INFO  client.GrpcClientProtocolClient (GrpcClientProtocolClient.java:onNext(255)) - client-DE0880F50CF2->72f5ceaa-5b3b-4bc7-b846-41895f4ebd48: receive RaftClientReply:client-DE0880F50CF2->72f5ceaa-5b3b-4bc7-b846-41895f4ebd48@group-833AA35A7EDE, cid=924, SUCCESS, logIndex=1216, commits[72f5ceaa-5b3b-4bc7-b846-41895f4ebd48:c1216, b4e1f7d4-4bb4-47ed-a9cb-53483a899fb2:c1214, d3916bce-b37b-4246-83c6-d24846ba1a72:c1214]
2019-07-08 14:21:09,881 INFO  client.GrpcClientProtocolClient (GrpcClientProtocolClient.java:onNext(255)) - client-DE0880F50CF2->72f5ceaa-5b3b-4bc7-b846-41895f4ebd48: receive RaftClientReply:client-DE0880F50CF2->72f5ceaa-5b3b-4bc7-b846-41895f4ebd48@group-833AA35A7EDE, cid=925, SUCCESS, logIndex=1219, commits[72f5ceaa-5b3b-4bc7-b846-41895f4ebd48:c1219, b4e1f7d4-4bb4-47ed-a9cb-53483a899fb2:c1216, d3916bce-b37b-4246-83c6-d24846ba1a72:c1216]
2019-07-08 14:21:09,882 INFO  client.GrpcClientProtocolClient (GrpcClientProtocolClient.java:onNext(255)) - client-DE0880F50CF2->72f5ceaa-5b3b-4bc7-b846-41895f4ebd48: receive RaftClientReply:client-DE0880F50CF2->72f5ceaa-5b3b-4bc7-b846-41895f4ebd48@group-833AA35A7EDE, cid=926, SUCCESS, logIndex=1220, commits[72f5ceaa-5b3b-4bc7-b846-41895f4ebd48:c1220, b4e1f7d4-4bb4-47ed-a9cb-53483a899fb2:c1216, d3916bce-b37b-4246-83c6-d24846ba1a72:c1216]
2019-07-08 14:21:09,894 INFO  client.GrpcClientProtocolClient (GrpcClientProtocolClient.java:onNext(255)) - client-DE0880F50CF2->72f5ceaa-5b3b-4bc7-b846-41895f4ebd48: receive RaftClientReply:client-DE0880F50CF2->72f5ceaa-5b3b-4bc7-b846-41895f4ebd48@group-833AA35A7EDE, cid=927, SUCCESS, logIndex=0, commits[72f5ceaa-5b3b-4bc7-b846-41895f4ebd48:c1222, b4e1f7d4-4bb4-47ed-a9cb-53483a899fb2:c1220, d3916bce-b37b-4246-83c6-d24846ba1a72:c1220]
2019-07-08 14:21:09,914 INFO  client.GrpcClientProtocolClient (GrpcClientProtocolClient.java:onNext(255)) - client-DE0880F50CF2->72f5ceaa-5b3b-4bc7-b846-41895f4ebd48: receive RaftClientReply:client-DE0880F50CF2->72f5ceaa-5b3b-4bc7-b846-41895f4ebd48@group-833AA35A7EDE, cid=928, SUCCESS, logIndex=1223, commits[72f5ceaa-5b3b-4bc7-b846-41895f4ebd48:c1226, b4e1f7d4-4bb4-47ed-a9cb-53483a899fb2:c1222, d3916bce-b37b-4246-83c6-d24846ba1a72:c1222]
2019-07-08 14:21:09,914 INFO  client.GrpcClientProtocolClient (GrpcClientProtocolClient.java:onNext(255)) - client-DE0880F50CF2->72f5ceaa-5b3b-4bc7-b846-41895f4ebd48: receive RaftClientReply:client-DE0880F50CF2->72f5ceaa-5b3b-4bc7-b846-41895f4ebd48@group-833AA35A7EDE, cid=929, SUCCESS, logIndex=1224, commits[72f5ceaa-5b3b-4bc7-b846-41895f4ebd48:c1226, b4e1f7d4-4bb4-47ed-a9cb-53483a899fb2:c1222, d3916bce-b37b-4246-83c6-d24846ba1a72:c1222]
2019-07-08 14:21:09,915 INFO  client.GrpcClientProtocolClient (GrpcClientProtocolClient.java:onNext(255)) - client-DE0880F50CF2->72f5ceaa-5b3b-4bc7-b846-41895f4ebd48: receive RaftClientReply:client-DE0880F50CF2->72f5ceaa-5b3b-4bc7-b846-41895f4ebd48@group-833AA35A7EDE, cid=930, SUCCESS, logIndex=1225, commits[72f5ceaa-5b3b-4bc7-b846-41895f4ebd48:c1226, b4e1f7d4-4bb4-47ed-a9cb-53483a899fb2:c1222, d3916bce-b37b-4246-83c6-d24846ba1a72:c1222]
2019-07-08 14:21:09,915 INFO  client.GrpcClientProtocolClient (GrpcClientProtocolClient.java:onNext(255)) - client-DE0880F50CF2->72f5ceaa-5b3b-4bc7-b846-41895f4ebd48: receive RaftClientReply:client-DE0880F50CF2->72f5ceaa-5b3b-4bc7-b846-41895f4ebd48@group-833AA35A7EDE, cid=931, SUCCESS, logIndex=1226, commits[72f5ceaa-5b3b-4bc7-b846-41895f4ebd48:c1226, b4e1f7d4-4bb4-47ed-a9cb-53483a899fb2:c1222, d3916bce-b37b-4246-83c6-d24846ba1a72:c1222]
2019-07-08 14:21:09,917 INFO  client.GrpcClientProtocolClient (GrpcClientProtocolClient.java:onNext(255)) - client-DE0880F50CF2->72f5ceaa-5b3b-4bc7-b846-41895f4ebd48: receive RaftClientReply:client-DE0880F50CF2->72f5ceaa-5b3b-4bc7-b846-41895f4ebd48@group-833AA35A7EDE, cid=932, SUCCESS, logIndex=0, commits[72f5ceaa-5b3b-4bc7-b846-41895f4ebd48:c1228, b4e1f7d4-4bb4-47ed-a9cb-53483a899fb2:c1226, d3916bce-b37b-4246-83c6-d24846ba1a72:c1225]
2019-07-08 14:21:09,939 INFO  client.GrpcClientProtocolClient (GrpcClientProtocolClient.java:onNext(255)) - client-DE0880F50CF2->72f5ceaa-5b3b-4bc7-b846-41895f4ebd48: receive RaftClientReply:client-DE0880F50CF2->72f5ceaa-5b3b-4bc7-b846-41895f4ebd48@group-833AA35A7EDE, cid=933, SUCCESS, logIndex=1231, commits[72f5ceaa-5b3b-4bc7-b846-41895f4ebd48:c1231, b4e1f7d4-4bb4-47ed-a9cb-53483a899fb2:c1226, d3916bce-b37b-4246-83c6-d24846ba1a72:c1230]
2019-07-08 14:21:09,939 INFO  client.GrpcClientProtocolClient (GrpcClientProtocolClient.java:onNext(255)) - client-DE0880F50CF2->72f5ceaa-5b3b-4bc7-b846-41895f4ebd48: receive RaftClientReply:client-DE0880F50CF2->72f5ceaa-5b3b-4bc7-b846-41895f4ebd48@group-833AA35A7EDE, cid=934, SUCCESS, logIndex=1232, commits[72f5ceaa-5b3b-4bc7-b846-41895f4ebd48:c1232, b4e1f7d4-4bb4-47ed-a9cb-53483a899fb2:c1230, d3916bce-b37b-4246-83c6-d24846ba1a72:c1230]
2019-07-08 14:21:09,968 INFO  client.GrpcClientProtocolClient (GrpcClientProtocolClient.java:onNext(255)) - client-DE0880F50CF2->72f5ceaa-5b3b-4bc7-b846-41895f4ebd48: receive RaftClientReply:client-DE0880F50CF2->72f5ceaa-5b3b-4bc7-b846-41895f4ebd48@group-833AA35A7EDE, cid=935, SUCCESS, logIndex=1235, commits[72f5ceaa-5b3b-4bc7-b846-41895f4ebd48:c1236, b4e1f7d4-4bb4-47ed-a9cb-53483a899fb2:c1232, d3916bce-b37b-4246-83c6-d24846ba1a72:c1232]
2019-07-08 14:21:09,968 INFO  client.GrpcClientProtocolClient (GrpcClientProtocolClient.java:onNext(255)) - client-DE0880F50CF2->72f5ceaa-5b3b-4bc7-b846-41895f4ebd48: receive RaftClientReply:client-DE0880F50CF2->72f5ceaa-5b3b-4bc7-b846-41895f4ebd48@group-833AA35A7EDE, cid=936, SUCCESS, logIndex=1236, commits[72f5ceaa-5b3b-4bc7-b846-41895f4ebd48:c1236, b4e1f7d4-4bb4-47ed-a9cb-53483a899fb2:c1232, d3916bce-b37b-4246-83c6-d24846ba1a72:c1232]
2019-07-08 14:21:09,988 INFO  client.GrpcClientProtocolClient (GrpcClientProtocolClient.java:onNext(255)) - client-DE0880F50CF2->72f5ceaa-5b3b-4bc7-b846-41895f4ebd48: receive RaftClientReply:client-DE0880F50CF2->72f5ceaa-5b3b-4bc7-b846-41895f4ebd48@group-833AA35A7EDE, cid=937, SUCCESS, logIndex=0, commits[72f5ceaa-5b3b-4bc7-b846-41895f4ebd48:c1237, b4e1f7d4-4bb4-47ed-a9cb-53483a899fb2:c1236, d3916bce-b37b-4246-83c6-d24846ba1a72:c1236]
2019-07-08 14:21:10,005 INFO  client.GrpcClientProtocolClient (GrpcClientProtocolClient.java:onNext(255)) - client-DE0880F50CF2->72f5ceaa-5b3b-4bc7-b846-41895f4ebd48: receive RaftClientReply:client-DE0880F50CF2->72f5ceaa-5b3b-4bc7-b846-41895f4ebd48@group-833AA35A7EDE, cid=938, SUCCESS, logIndex=1239, commits[72f5ceaa-5b3b-4bc7-b846-41895f4ebd48:c1240, b4e1f7d4-4bb4-47ed-a9cb-53483a899fb2:c1238, d3916bce-b37b-4246-83c6-d24846ba1a72:c1238]
2019-07-08 14:21:10,006 INFO  client.GrpcClientProtocolClient (GrpcClientProtocolClient.java:onNext(255)) - client-DE0880F50CF2->72f5ceaa-5b3b-4bc7-b846-41895f4ebd48: receive RaftClientReply:client-DE0880F50CF2->72f5ceaa-5b3b-4bc7-b846-41895f4ebd48@group-833AA35A7EDE, cid=939, SUCCESS, logIndex=1240, commits[72f5ceaa-5b3b-4bc7-b846-41895f4ebd48:c1242, b4e1f7d4-4bb4-47ed-a9cb-53483a899fb2:c1238, d3916bce-b37b-4246-83c6-d24846ba1a72:c1238]
2019-07-08 14:21:10,007 INFO  client.GrpcClientProtocolClient (GrpcClientProtocolClient.java:onNext(255)) - client-DE0880F50CF2->72f5ceaa-5b3b-4bc7-b846-41895f4ebd48: receive RaftClientReply:client-DE0880F50CF2->72f5ceaa-5b3b-4bc7-b846-41895f4ebd48@group-833AA35A7EDE, cid=940, SUCCESS, logIndex=1241, commits[72f5ceaa-5b3b-4bc7-b846-41895f4ebd48:c1242, b4e1f7d4-4bb4-47ed-a9cb-53483a899fb2:c1238, d3916bce-b37b-4246-83c6-d24846ba1a72:c1238]
2019-07-08 14:21:10,007 INFO  client.GrpcClientProtocolClient (GrpcClientProtocolClient.java:onNext(255)) - client-DE0880F50CF2->72f5ceaa-5b3b-4bc7-b846-41895f4ebd48: receive RaftClientReply:client-DE0880F50CF2->72f5ceaa-5b3b-4bc7-b846-41895f4ebd48@group-833AA35A7EDE, cid=941, SUCCESS, logIndex=1242, commits[72f5ceaa-5b3b-4bc7-b846-41895f4ebd48:c1242, b4e1f7d4-4bb4-47ed-a9cb-53483a899fb2:c1238, d3916bce-b37b-4246-83c6-d24846ba1a72:c1238]
2019-07-08 14:21:10,017 INFO  client.GrpcClientProtocolClient (GrpcClientProtocolClient.java:onNext(255)) - client-DE0880F50CF2->72f5ceaa-5b3b-4bc7-b846-41895f4ebd48: receive RaftClientReply:client-DE0880F50CF2->72f5ceaa-5b3b-4bc7-b846-41895f4ebd48@group-833AA35A7EDE, cid=942, SUCCESS, logIndex=0, commits[72f5ceaa-5b3b-4bc7-b846-41895f4ebd48:c1244, b4e1f7d4-4bb4-47ed-a9cb-53483a899fb2:c1240, d3916bce-b37b-4246-83c6-d24846ba1a72:c1240]
2019-07-08 14:21:10,037 INFO  client.GrpcClientProtocolClient (GrpcClientProtocolClient.java:onNext(255)) - client-DE0880F50CF2->72f5ceaa-5b3b-4bc7-b846-41895f4ebd48: receive RaftClientReply:client-DE0880F50CF2->72f5ceaa-5b3b-4bc7-b846-41895f4ebd48@group-833AA35A7EDE, cid=943, SUCCESS, logIndex=1247, commits[72f5ceaa-5b3b-4bc7-b846-41895f4ebd48:c1248, b4e1f7d4-4bb4-47ed-a9cb-53483a899fb2:c1246, d3916bce-b37b-4246-83c6-d24846ba1a72:c1246]
2019-07-08 14:21:10,037 INFO  client.GrpcClientProtocolClient (GrpcClientProtocolClient.java:onNext(255)) - client-DE0880F50CF2->72f5ceaa-5b3b-4bc7-b846-41895f4ebd48: receive RaftClientReply:client-DE0880F50CF2->72f5ceaa-5b3b-4bc7-b846-41895f4ebd48@group-833AA35A7EDE, cid=944, SUCCESS, logIndex=1248, commits[72f5ceaa-5b3b-4bc7-b846-41895f4ebd48:c1248, b4e1f7d4-4bb4-47ed-a9cb-53483a899fb2:c1246, d3916bce-b37b-4246-83c6-d24846ba1a72:c1246]
2019-07-08 14:21:10,050 INFO  client.GrpcClientProtocolClient (GrpcClientProtocolClient.java:onNext(255)) - client-DE0880F50CF2->72f5ceaa-5b3b-4bc7-b846-41895f4ebd48: receive RaftClientReply:client-DE0880F50CF2->72f5ceaa-5b3b-4bc7-b846-41895f4ebd48@group-833AA35A7EDE, cid=945, SUCCESS, logIndex=1251, commits[72f5ceaa-5b3b-4bc7-b846-41895f4ebd48:c1252, b4e1f7d4-4bb4-47ed-a9cb-53483a899fb2:c1248, d3916bce-b37b-4246-83c6-d24846ba1a72:c1248]
2019-07-08 14:21:10,050 INFO  client.GrpcClientProtocolClient (GrpcClientProtocolClient.java:onNext(255)) - client-DE0880F50CF2->72f5ceaa-5b3b-4bc7-b846-41895f4ebd48: receive RaftClientReply:client-DE0880F50CF2->72f5ceaa-5b3b-4bc7-b846-41895f4ebd48@group-833AA35A7EDE, cid=946, SUCCESS, logIndex=1252, commits[72f5ceaa-5b3b-4bc7-b846-41895f4ebd48:c1252, b4e1f7d4-4bb4-47ed-a9cb-53483a899fb2:c1248, d3916bce-b37b-4246-83c6-d24846ba1a72:c1248]
2019-07-08 14:21:10,064 INFO  client.GrpcClientProtocolClient (GrpcClientProtocolClient.java:onNext(255)) - client-DE0880F50CF2->72f5ceaa-5b3b-4bc7-b846-41895f4ebd48: receive RaftClientReply:client-DE0880F50CF2->72f5ceaa-5b3b-4bc7-b846-41895f4ebd48@group-833AA35A7EDE, cid=947, SUCCESS, logIndex=0, commits[72f5ceaa-5b3b-4bc7-b846-41895f4ebd48:c1254, b4e1f7d4-4bb4-47ed-a9cb-53483a899fb2:c1252, d3916bce-b37b-4246-83c6-d24846ba1a72:c1252]
2019-07-08 14:21:10,084 INFO  client.GrpcClientProtocolClient (GrpcClientProtocolClient.java:onNext(255)) - client-DE0880F50CF2->72f5ceaa-5b3b-4bc7-b846-41895f4ebd48: receive RaftClientReply:client-DE0880F50CF2->72f5ceaa-5b3b-4bc7-b846-41895f4ebd48@group-833AA35A7EDE, cid=948, SUCCESS, logIndex=1255, commits[72f5ceaa-5b3b-4bc7-b846-41895f4ebd48:c1256, b4e1f7d4-4bb4-47ed-a9cb-53483a899fb2:c1254, d3916bce-b37b-4246-83c6-d24846ba1a72:c1254]
2019-07-08 14:21:10,085 INFO  client.GrpcClientProtocolClient (GrpcClientProtocolClient.java:onNext(255)) - client-DE0880F50CF2->72f5ceaa-5b3b-4bc7-b846-41895f4ebd48: receive RaftClientReply:client-DE0880F50CF2->72f5ceaa-5b3b-4bc7-b846-41895f4ebd48@group-833AA35A7EDE, cid=949, SUCCESS, logIndex=1256, commits[72f5ceaa-5b3b-4bc7-b846-41895f4ebd48:c1256, b4e1f7d4-4bb4-47ed-a9cb-53483a899fb2:c1254, d3916bce-b37b-4246-83c6-d24846ba1a72:c1254]
2019-07-08 14:21:10,085 INFO  client.GrpcClientProtocolClient (GrpcClientProtocolClient.java:onNext(255)) - client-DE0880F50CF2->72f5ceaa-5b3b-4bc7-b846-41895f4ebd48: receive RaftClientReply:client-DE0880F50CF2->72f5ceaa-5b3b-4bc7-b846-41895f4ebd48@group-833AA35A7EDE, cid=950, SUCCESS, logIndex=1257, commits[72f5ceaa-5b3b-4bc7-b846-41895f4ebd48:c1258, b4e1f7d4-4bb4-47ed-a9cb-53483a899fb2:c1254, d3916bce-b37b-4246-83c6-d24846ba1a72:c1254]
2019-07-08 14:21:10,086 INFO  client.GrpcClientProtocolClient (GrpcClientProtocolClient.java:onNext(255)) - client-DE0880F50CF2->72f5ceaa-5b3b-4bc7-b846-41895f4ebd48: receive RaftClientReply:client-DE0880F50CF2->72f5ceaa-5b3b-4bc7-b846-41895f4ebd48@group-833AA35A7EDE, cid=951, SUCCESS, logIndex=1258, commits[72f5ceaa-5b3b-4bc7-b846-41895f4ebd48:c1258, b4e1f7d4-4bb4-47ed-a9cb-53483a899fb2:c1254, d3916bce-b37b-4246-83c6-d24846ba1a72:c1254]
2019-07-08 14:21:10,087 INFO  client.GrpcClientProtocolClient (GrpcClientProtocolClient.java:onNext(255)) - client-DE0880F50CF2->72f5ceaa-5b3b-4bc7-b846-41895f4ebd48: receive RaftClientReply:client-DE0880F50CF2->72f5ceaa-5b3b-4bc7-b846-41895f4ebd48@group-833AA35A7EDE, cid=952, SUCCESS, logIndex=0, commits[72f5ceaa-5b3b-4bc7-b846-41895f4ebd48:c1260, b4e1f7d4-4bb4-47ed-a9cb-53483a899fb2:c1256, d3916bce-b37b-4246-83c6-d24846ba1a72:c1256]
2019-07-08 14:21:10,107 INFO  client.GrpcClientProtocolClient (GrpcClientProtocolClient.java:onNext(255)) - client-DE0880F50CF2->72f5ceaa-5b3b-4bc7-b846-41895f4ebd48: receive RaftClientReply:client-DE0880F50CF2->72f5ceaa-5b3b-4bc7-b846-41895f4ebd48@group-833AA35A7EDE, cid=953, SUCCESS, logIndex=1263, commits[72f5ceaa-5b3b-4bc7-b846-41895f4ebd48:c1264, b4e1f7d4-4bb4-47ed-a9cb-53483a899fb2:c1262, d3916bce-b37b-4246-83c6-d24846ba1a72:c1262]
2019-07-08 14:21:10,108 INFO  client.GrpcClientProtocolClient (GrpcClientProtocolClient.java:onNext(255)) - client-DE0880F50CF2->72f5ceaa-5b3b-4bc7-b846-41895f4ebd48: receive RaftClientReply:client-DE0880F50CF2->72f5ceaa-5b3b-4bc7-b846-41895f4ebd48@group-833AA35A7EDE, cid=954, SUCCESS, logIndex=1264, commits[72f5ceaa-5b3b-4bc7-b846-41895f4ebd48:c1264, b4e1f7d4-4bb4-47ed-a9cb-53483a899fb2:c1262, d3916bce-b37b-4246-83c6-d24846ba1a72:c1262]
2019-07-08 14:21:10,121 INFO  client.GrpcClientProtocolClient (GrpcClientProtocolClient.java:onNext(255)) - client-DE0880F50CF2->72f5ceaa-5b3b-4bc7-b846-41895f4ebd48: receive RaftClientReply:client-DE0880F50CF2->72f5ceaa-5b3b-4bc7-b846-41895f4ebd48@group-833AA35A7EDE, cid=955, SUCCESS, logIndex=1267, commits[72f5ceaa-5b3b-4bc7-b846-41895f4ebd48:c1268, b4e1f7d4-4bb4-47ed-a9cb-53483a899fb2:c1264, d3916bce-b37b-4246-83c6-d24846ba1a72:c1264]
2019-07-08 14:21:10,121 INFO  client.GrpcClientProtocolClient (GrpcClientProtocolClient.java:onNext(255)) - client-DE0880F50CF2->72f5ceaa-5b3b-4bc7-b846-41895f4ebd48: receive RaftClientReply:client-DE0880F50CF2->72f5ceaa-5b3b-4bc7-b846-41895f4ebd48@group-833AA35A7EDE, cid=956, SUCCESS, logIndex=1268, commits[72f5ceaa-5b3b-4bc7-b846-41895f4ebd48:c1268, b4e1f7d4-4bb4-47ed-a9cb-53483a899fb2:c1264, d3916bce-b37b-4246-83c6-d24846ba1a72:c1264]
2019-07-08 14:21:10,132 INFO  client.GrpcClientProtocolClient (GrpcClientProtocolClient.java:onNext(255)) - client-DE0880F50CF2->72f5ceaa-5b3b-4bc7-b846-41895f4ebd48: receive RaftClientReply:client-DE0880F50CF2->72f5ceaa-5b3b-4bc7-b846-41895f4ebd48@group-833AA35A7EDE, cid=957, SUCCESS, logIndex=0, commits[72f5ceaa-5b3b-4bc7-b846-41895f4ebd48:c1269, b4e1f7d4-4bb4-47ed-a9cb-53483a899fb2:c1268, d3916bce-b37b-4246-83c6-d24846ba1a72:c1268]
2019-07-08 14:21:10,152 INFO  client.GrpcClientProtocolClient (GrpcClientProtocolClient.java:onNext(255)) - client-DE0880F50CF2->72f5ceaa-5b3b-4bc7-b846-41895f4ebd48: receive RaftClientReply:client-DE0880F50CF2->72f5ceaa-5b3b-4bc7-b846-41895f4ebd48@group-833AA35A7EDE, cid=958, SUCCESS, logIndex=1271, commits[72f5ceaa-5b3b-4bc7-b846-41895f4ebd48:c1272, b4e1f7d4-4bb4-47ed-a9cb-53483a899fb2:c1270, d3916bce-b37b-4246-83c6-d24846ba1a72:c1270]
2019-07-08 14:21:10,153 INFO  client.GrpcClientProtocolClient (GrpcClientProtocolClient.java:onNext(255)) - client-DE0880F50CF2->72f5ceaa-5b3b-4bc7-b846-41895f4ebd48: receive RaftClientReply:client-DE0880F50CF2->72f5ceaa-5b3b-4bc7-b846-41895f4ebd48@group-833AA35A7EDE, cid=959, SUCCESS, logIndex=1272, commits[72f5ceaa-5b3b-4bc7-b846-41895f4ebd48:c1274, b4e1f7d4-4bb4-47ed-a9cb-53483a899fb2:c1270, d3916bce-b37b-4246-83c6-d24846ba1a72:c1270]
2019-07-08 14:21:10,153 INFO  client.GrpcClientProtocolClient (GrpcClientProtocolClient.java:onNext(255)) - client-DE0880F50CF2->72f5ceaa-5b3b-4bc7-b846-41895f4ebd48: receive RaftClientReply:client-DE0880F50CF2->72f5ceaa-5b3b-4bc7-b846-41895f4ebd48@group-833AA35A7EDE, cid=960, SUCCESS, logIndex=1273, commits[72f5ceaa-5b3b-4bc7-b846-41895f4ebd48:c1274, b4e1f7d4-4bb4-47ed-a9cb-53483a899fb2:c1270, d3916bce-b37b-4246-83c6-d24846ba1a72:c1270]
2019-07-08 14:21:10,153 INFO  client.GrpcClientProtocolClient (GrpcClientProtocolClient.java:onNext(255)) - client-DE0880F50CF2->72f5ceaa-5b3b-4bc7-b846-41895f4ebd48: receive RaftClientReply:client-DE0880F50CF2->72f5ceaa-5b3b-4bc7-b846-41895f4ebd48@group-833AA35A7EDE, cid=961, SUCCESS, logIndex=1274, commits[72f5ceaa-5b3b-4bc7-b846-41895f4ebd48:c1274, b4e1f7d4-4bb4-47ed-a9cb-53483a899fb2:c1270, d3916bce-b37b-4246-83c6-d24846ba1a72:c1270]
2019-07-08 14:21:10,155 INFO  client.GrpcClientProtocolClient (GrpcClientProtocolClient.java:onNext(255)) - client-DE0880F50CF2->72f5ceaa-5b3b-4bc7-b846-41895f4ebd48: receive RaftClientReply:client-DE0880F50CF2->72f5ceaa-5b3b-4bc7-b846-41895f4ebd48@group-833AA35A7EDE, cid=962, SUCCESS, logIndex=0, commits[72f5ceaa-5b3b-4bc7-b846-41895f4ebd48:c1277, b4e1f7d4-4bb4-47ed-a9cb-53483a899fb2:c1272, d3916bce-b37b-4246-83c6-d24846ba1a72:c1274]
2019-07-08 14:21:10,175 INFO  client.GrpcClientProtocolClient (GrpcClientProtocolClient.java:onNext(255)) - client-DE0880F50CF2->72f5ceaa-5b3b-4bc7-b846-41895f4ebd48: receive RaftClientReply:client-DE0880F50CF2->72f5ceaa-5b3b-4bc7-b846-41895f4ebd48@group-833AA35A7EDE, cid=963, SUCCESS, logIndex=1278, commits[72f5ceaa-5b3b-4bc7-b846-41895f4ebd48:c1279, b4e1f7d4-4bb4-47ed-a9cb-53483a899fb2:c1277, d3916bce-b37b-4246-83c6-d24846ba1a72:c1277]
2019-07-08 14:21:10,175 INFO  client.GrpcClientProtocolClient (GrpcClientProtocolClient.java:onNext(255)) - client-DE0880F50CF2->72f5ceaa-5b3b-4bc7-b846-41895f4ebd48: receive RaftClientReply:client-DE0880F50CF2->72f5ceaa-5b3b-4bc7-b846-41895f4ebd48@group-833AA35A7EDE, cid=964, SUCCESS, logIndex=1279, commits[72f5ceaa-5b3b-4bc7-b846-41895f4ebd48:c1279, b4e1f7d4-4bb4-47ed-a9cb-53483a899fb2:c1277, d3916bce-b37b-4246-83c6-d24846ba1a72:c1277]
2019-07-08 14:21:10,189 INFO  client.GrpcClientProtocolClient (GrpcClientProtocolClient.java:onNext(255)) - client-DE0880F50CF2->72f5ceaa-5b3b-4bc7-b846-41895f4ebd48: receive RaftClientReply:client-DE0880F50CF2->72f5ceaa-5b3b-4bc7-b846-41895f4ebd48@group-833AA35A7EDE, cid=965, SUCCESS, logIndex=1282, commits[72f5ceaa-5b3b-4bc7-b846-41895f4ebd48:c1283, b4e1f7d4-4bb4-47ed-a9cb-53483a899fb2:c1279, d3916bce-b37b-4246-83c6-d24846ba1a72:c1279]
2019-07-08 14:21:10,189 INFO  client.GrpcClientProtocolClient (GrpcClientProtocolClient.java:onNext(255)) - client-DE0880F50CF2->72f5ceaa-5b3b-4bc7-b846-41895f4ebd48: receive RaftClientReply:client-DE0880F50CF2->72f5ceaa-5b3b-4bc7-b846-41895f4ebd48@group-833AA35A7EDE, cid=966, SUCCESS, logIndex=1283, commits[72f5ceaa-5b3b-4bc7-b846-41895f4ebd48:c1283, b4e1f7d4-4bb4-47ed-a9cb-53483a899fb2:c1279, d3916bce-b37b-4246-83c6-d24846ba1a72:c1279]
2019-07-08 14:21:10,202 INFO  client.GrpcClientProtocolClient (GrpcClientProtocolClient.java:onNext(255)) - client-DE0880F50CF2->72f5ceaa-5b3b-4bc7-b846-41895f4ebd48: receive RaftClientReply:client-DE0880F50CF2->72f5ceaa-5b3b-4bc7-b846-41895f4ebd48@group-833AA35A7EDE, cid=967, SUCCESS, logIndex=0, commits[72f5ceaa-5b3b-4bc7-b846-41895f4ebd48:c1284, b4e1f7d4-4bb4-47ed-a9cb-53483a899fb2:c1283, d3916bce-b37b-4246-83c6-d24846ba1a72:c1283]
2019-07-08 14:21:10,213 INFO  client.GrpcClientProtocolClient (GrpcClientProtocolClient.java:onNext(255)) - client-DE0880F50CF2->72f5ceaa-5b3b-4bc7-b846-41895f4ebd48: receive RaftClientReply:client-DE0880F50CF2->72f5ceaa-5b3b-4bc7-b846-41895f4ebd48@group-833AA35A7EDE, cid=968, SUCCESS, logIndex=1286, commits[72f5ceaa-5b3b-4bc7-b846-41895f4ebd48:c1287, b4e1f7d4-4bb4-47ed-a9cb-53483a899fb2:c1285, d3916bce-b37b-4246-83c6-d24846ba1a72:c1283]
2019-07-08 14:21:10,214 INFO  client.GrpcClientProtocolClient (GrpcClientProtocolClient.java:onNext(255)) - client-DE0880F50CF2->72f5ceaa-5b3b-4bc7-b846-41895f4ebd48: receive RaftClientReply:client-DE0880F50CF2->72f5ceaa-5b3b-4bc7-b846-41895f4ebd48@group-833AA35A7EDE, cid=969, SUCCESS, logIndex=1287, commits[72f5ceaa-5b3b-4bc7-b846-41895f4ebd48:c1287, b4e1f7d4-4bb4-47ed-a9cb-53483a899fb2:c1285, d3916bce-b37b-4246-83c6-d24846ba1a72:c1283]
2019-07-08 14:21:10,218 INFO  client.GrpcClientProtocolClient (GrpcClientProtocolClient.java:onNext(255)) - client-DE0880F50CF2->72f5ceaa-5b3b-4bc7-b846-41895f4ebd48: receive RaftClientReply:client-DE0880F50CF2->72f5ceaa-5b3b-4bc7-b846-41895f4ebd48@group-833AA35A7EDE, cid=970, SUCCESS, logIndex=1288, commits[72f5ceaa-5b3b-4bc7-b846-41895f4ebd48:c1288, b4e1f7d4-4bb4-47ed-a9cb-53483a899fb2:c1285, d3916bce-b37b-4246-83c6-d24846ba1a72:c1285]
2019-07-08 14:21:10,218 INFO  client.GrpcClientProtocolClient (GrpcClientProtocolClient.java:onNext(255)) - client-DE0880F50CF2->72f5ceaa-5b3b-4bc7-b846-41895f4ebd48: receive RaftClientReply:client-DE0880F50CF2->72f5ceaa-5b3b-4bc7-b846-41895f4ebd48@group-833AA35A7EDE, cid=971, SUCCESS, logIndex=1289, commits[72f5ceaa-5b3b-4bc7-b846-41895f4ebd48:c1290, b4e1f7d4-4bb4-47ed-a9cb-53483a899fb2:c1285, d3916bce-b37b-4246-83c6-d24846ba1a72:c1287]
2019-07-08 14:21:10,219 INFO  client.GrpcClientProtocolClient (GrpcClientProtocolClient.java:onNext(255)) - client-DE0880F50CF2->72f5ceaa-5b3b-4bc7-b846-41895f4ebd48: receive RaftClientReply:client-DE0880F50CF2->72f5ceaa-5b3b-4bc7-b846-41895f4ebd48@group-833AA35A7EDE, cid=972, SUCCESS, logIndex=0, commits[72f5ceaa-5b3b-4bc7-b846-41895f4ebd48:c1291, b4e1f7d4-4bb4-47ed-a9cb-53483a899fb2:c1287, d3916bce-b37b-4246-83c6-d24846ba1a72:c1287]
2019-07-08 14:21:10,349 INFO  client.GrpcClientProtocolClient (GrpcClientProtocolClient.java:onNext(255)) - client-DE0880F50CF2->72f5ceaa-5b3b-4bc7-b846-41895f4ebd48: receive RaftClientReply:client-DE0880F50CF2->72f5ceaa-5b3b-4bc7-b846-41895f4ebd48@group-833AA35A7EDE, cid=973, SUCCESS, logIndex=1294, commits[72f5ceaa-5b3b-4bc7-b846-41895f4ebd48:c1295, b4e1f7d4-4bb4-47ed-a9cb-53483a899fb2:c1291, d3916bce-b37b-4246-83c6-d24846ba1a72:c1288]
2019-07-08 14:21:10,350 INFO  client.GrpcClientProtocolClient (GrpcClientProtocolClient.java:onNext(255)) - client-DE0880F50CF2->72f5ceaa-5b3b-4bc7-b846-41895f4ebd48: receive RaftClientReply:client-DE0880F50CF2->72f5ceaa-5b3b-4bc7-b846-41895f4ebd48@group-833AA35A7EDE, cid=974, SUCCESS, logIndex=1295, commits[72f5ceaa-5b3b-4bc7-b846-41895f4ebd48:c1295, b4e1f7d4-4bb4-47ed-a9cb-53483a899fb2:c1291, d3916bce-b37b-4246-83c6-d24846ba1a72:c1291]
2019-07-08 14:21:10,374 INFO  client.GrpcClientProtocolClient (GrpcClientProtocolClient.java:onNext(255)) - client-DE0880F50CF2->72f5ceaa-5b3b-4bc7-b846-41895f4ebd48: receive RaftClientReply:client-DE0880F50CF2->72f5ceaa-5b3b-4bc7-b846-41895f4ebd48@group-833AA35A7EDE, cid=975, SUCCESS, logIndex=1298, commits[72f5ceaa-5b3b-4bc7-b846-41895f4ebd48:c1299, b4e1f7d4-4bb4-47ed-a9cb-53483a899fb2:c1296, d3916bce-b37b-4246-83c6-d24846ba1a72:c1296]
2019-07-08 14:21:10,375 INFO  client.GrpcClientProtocolClient (GrpcClientProtocolClient.java:onNext(255)) - client-DE0880F50CF2->72f5ceaa-5b3b-4bc7-b846-41895f4ebd48: receive RaftClientReply:client-DE0880F50CF2->72f5ceaa-5b3b-4bc7-b846-41895f4ebd48@group-833AA35A7EDE, cid=976, SUCCESS, logIndex=1299, commits[72f5ceaa-5b3b-4bc7-b846-41895f4ebd48:c1299, b4e1f7d4-4bb4-47ed-a9cb-53483a899fb2:c1296, d3916bce-b37b-4246-83c6-d24846ba1a72:c1296]
2019-07-08 14:21:10,386 INFO  client.GrpcClientProtocolClient (GrpcClientProtocolClient.java:onNext(255)) - client-DE0880F50CF2->72f5ceaa-5b3b-4bc7-b846-41895f4ebd48: receive RaftClientReply:client-DE0880F50CF2->72f5ceaa-5b3b-4bc7-b846-41895f4ebd48@group-833AA35A7EDE, cid=977, SUCCESS, logIndex=0, commits[72f5ceaa-5b3b-4bc7-b846-41895f4ebd48:c1300, b4e1f7d4-4bb4-47ed-a9cb-53483a899fb2:c1299, d3916bce-b37b-4246-83c6-d24846ba1a72:c1299]
2019-07-08 14:21:10,408 INFO  client.GrpcClientProtocolClient (GrpcClientProtocolClient.java:onNext(255)) - client-DE0880F50CF2->72f5ceaa-5b3b-4bc7-b846-41895f4ebd48: receive RaftClientReply:client-DE0880F50CF2->72f5ceaa-5b3b-4bc7-b846-41895f4ebd48@group-833AA35A7EDE, cid=978, SUCCESS, logIndex=1302, commits[72f5ceaa-5b3b-4bc7-b846-41895f4ebd48:c1303, b4e1f7d4-4bb4-47ed-a9cb-53483a899fb2:c1301, d3916bce-b37b-4246-83c6-d24846ba1a72:c1301]
2019-07-08 14:21:10,409 INFO  client.GrpcClientProtocolClient (GrpcClientProtocolClient.java:onNext(255)) - client-DE0880F50CF2->72f5ceaa-5b3b-4bc7-b846-41895f4ebd48: receive RaftClientReply:client-DE0880F50CF2->72f5ceaa-5b3b-4bc7-b846-41895f4ebd48@group-833AA35A7EDE, cid=979, SUCCESS, logIndex=1303, commits[72f5ceaa-5b3b-4bc7-b846-41895f4ebd48:c1303, b4e1f7d4-4bb4-47ed-a9cb-53483a899fb2:c1301, d3916bce-b37b-4246-83c6-d24846ba1a72:c1301]
2019-07-08 14:21:10,409 INFO  client.GrpcClientProtocolClient (GrpcClientProtocolClient.java:onNext(255)) - client-DE0880F50CF2->72f5ceaa-5b3b-4bc7-b846-41895f4ebd48: receive RaftClientReply:client-DE0880F50CF2->72f5ceaa-5b3b-4bc7-b846-41895f4ebd48@group-833AA35A7EDE, cid=980, SUCCESS, logIndex=1304, commits[72f5ceaa-5b3b-4bc7-b846-41895f4ebd48:c1305, b4e1f7d4-4bb4-47ed-a9cb-53483a899fb2:c1301, d3916bce-b37b-4246-83c6-d24846ba1a72:c1301]
2019-07-08 14:21:10,410 INFO  client.GrpcClientProtocolClient (GrpcClientProtocolClient.java:onNext(255)) - client-DE0880F50CF2->72f5ceaa-5b3b-4bc7-b846-41895f4ebd48: receive RaftClientReply:client-DE0880F50CF2->72f5ceaa-5b3b-4bc7-b846-41895f4ebd48@group-833AA35A7EDE, cid=981, SUCCESS, logIndex=1305, commits[72f5ceaa-5b3b-4bc7-b846-41895f4ebd48:c1305, b4e1f7d4-4bb4-47ed-a9cb-53483a899fb2:c1301, d3916bce-b37b-4246-83c6-d24846ba1a72:c1301]
2019-07-08 14:21:10,411 INFO  client.GrpcClientProtocolClient (GrpcClientProtocolClient.java:onNext(255)) - client-DE0880F50CF2->72f5ceaa-5b3b-4bc7-b846-41895f4ebd48: receive RaftClientReply:client-DE0880F50CF2->72f5ceaa-5b3b-4bc7-b846-41895f4ebd48@group-833AA35A7EDE, cid=982, SUCCESS, logIndex=0, commits[72f5ceaa-5b3b-4bc7-b846-41895f4ebd48:c1308, b4e1f7d4-4bb4-47ed-a9cb-53483a899fb2:c1305, d3916bce-b37b-4246-83c6-d24846ba1a72:c1305]
2019-07-08 14:21:10,432 INFO  client.GrpcClientProtocolClient (GrpcClientProtocolClient.java:onNext(255)) - client-DE0880F50CF2->72f5ceaa-5b3b-4bc7-b846-41895f4ebd48: receive RaftClientReply:client-DE0880F50CF2->72f5ceaa-5b3b-4bc7-b846-41895f4ebd48@group-833AA35A7EDE, cid=983, SUCCESS, logIndex=1309, commits[72f5ceaa-5b3b-4bc7-b846-41895f4ebd48:c1310, b4e1f7d4-4bb4-47ed-a9cb-53483a899fb2:c1308, d3916bce-b37b-4246-83c6-d24846ba1a72:c1308]
2019-07-08 14:21:10,433 INFO  client.GrpcClientProtocolClient (GrpcClientProtocolClient.java:onNext(255)) - client-DE0880F50CF2->72f5ceaa-5b3b-4bc7-b846-41895f4ebd48: receive RaftClientReply:client-DE0880F50CF2->72f5ceaa-5b3b-4bc7-b846-41895f4ebd48@group-833AA35A7EDE, cid=984, SUCCESS, logIndex=1310, commits[72f5ceaa-5b3b-4bc7-b846-41895f4ebd48:c1310, b4e1f7d4-4bb4-47ed-a9cb-53483a899fb2:c1308, d3916bce-b37b-4246-83c6-d24846ba1a72:c1308]
2019-07-08 14:21:10,446 INFO  client.GrpcClientProtocolClient (GrpcClientProtocolClient.java:onNext(255)) - client-DE0880F50CF2->72f5ceaa-5b3b-4bc7-b846-41895f4ebd48: receive RaftClientReply:client-DE0880F50CF2->72f5ceaa-5b3b-4bc7-b846-41895f4ebd48@group-833AA35A7EDE, cid=985, SUCCESS, logIndex=1313, commits[72f5ceaa-5b3b-4bc7-b846-41895f4ebd48:c1314, b4e1f7d4-4bb4-47ed-a9cb-53483a899fb2:c1310, d3916bce-b37b-4246-83c6-d24846ba1a72:c1310]
2019-07-08 14:21:10,447 INFO  client.GrpcClientProtocolClient (GrpcClientProtocolClient.java:onNext(255)) - client-DE0880F50CF2->72f5ceaa-5b3b-4bc7-b846-41895f4ebd48: receive RaftClientReply:client-DE0880F50CF2->72f5ceaa-5b3b-4bc7-b846-41895f4ebd48@group-833AA35A7EDE, cid=986, SUCCESS, logIndex=1314, commits[72f5ceaa-5b3b-4bc7-b846-41895f4ebd48:c1314, b4e1f7d4-4bb4-47ed-a9cb-53483a899fb2:c1310, d3916bce-b37b-4246-83c6-d24846ba1a72:c1310]
2019-07-08 14:21:10,458 INFO  client.GrpcClientProtocolClient (GrpcClientProtocolClient.java:onNext(255)) - client-DE0880F50CF2->72f5ceaa-5b3b-4bc7-b846-41895f4ebd48: receive RaftClientReply:client-DE0880F50CF2->72f5ceaa-5b3b-4bc7-b846-41895f4ebd48@group-833AA35A7EDE, cid=987, SUCCESS, logIndex=0, commits[72f5ceaa-5b3b-4bc7-b846-41895f4ebd48:c1315, b4e1f7d4-4bb4-47ed-a9cb-53483a899fb2:c1314, d3916bce-b37b-4246-83c6-d24846ba1a72:c1314]
2019-07-08 14:21:10,481 INFO  client.GrpcClientProtocolClient (GrpcClientProtocolClient.java:onNext(255)) - client-DE0880F50CF2->72f5ceaa-5b3b-4bc7-b846-41895f4ebd48: receive RaftClientReply:client-DE0880F50CF2->72f5ceaa-5b3b-4bc7-b846-41895f4ebd48@group-833AA35A7EDE, cid=988, SUCCESS, logIndex=1317, commits[72f5ceaa-5b3b-4bc7-b846-41895f4ebd48:c1317, b4e1f7d4-4bb4-47ed-a9cb-53483a899fb2:c1316, d3916bce-b37b-4246-83c6-d24846ba1a72:c1316]
2019-07-08 14:21:10,482 INFO  client.GrpcClientProtocolClient (GrpcClientProtocolClient.java:onNext(255)) - client-DE0880F50CF2->72f5ceaa-5b3b-4bc7-b846-41895f4ebd48: receive RaftClientReply:client-DE0880F50CF2->72f5ceaa-5b3b-4bc7-b846-41895f4ebd48@group-833AA35A7EDE, cid=989, SUCCESS, logIndex=1318, commits[72f5ceaa-5b3b-4bc7-b846-41895f4ebd48:c1320, b4e1f7d4-4bb4-47ed-a9cb-53483a899fb2:c1316, d3916bce-b37b-4246-83c6-d24846ba1a72:c1316]
2019-07-08 14:21:10,482 INFO  client.GrpcClientProtocolClient (GrpcClientProtocolClient.java:onNext(255)) - client-DE0880F50CF2->72f5ceaa-5b3b-4bc7-b846-41895f4ebd48: receive RaftClientReply:client-DE0880F50CF2->72f5ceaa-5b3b-4bc7-b846-41895f4ebd48@group-833AA35A7EDE, cid=990, SUCCESS, logIndex=1319, commits[72f5ceaa-5b3b-4bc7-b846-41895f4ebd48:c1320, b4e1f7d4-4bb4-47ed-a9cb-53483a899fb2:c1316, d3916bce-b37b-4246-83c6-d24846ba1a72:c1316]
2019-07-08 14:21:10,483 INFO  client.GrpcClientProtocolClient (GrpcClientProtocolClient.java:onNext(255)) - client-DE0880F50CF2->72f5ceaa-5b3b-4bc7-b846-41895f4ebd48: receive RaftClientReply:client-DE0880F50CF2->72f5ceaa-5b3b-4bc7-b846-41895f4ebd48@group-833AA35A7EDE, cid=991, SUCCESS, logIndex=1320, commits[72f5ceaa-5b3b-4bc7-b846-41895f4ebd48:c1320, b4e1f7d4-4bb4-47ed-a9cb-53483a899fb2:c1317, d3916bce-b37b-4246-83c6-d24846ba1a72:c1316]
2019-07-08 14:21:10,484 INFO  client.GrpcClientProtocolClient (GrpcClientProtocolClient.java:onNext(255)) - client-DE0880F50CF2->72f5ceaa-5b3b-4bc7-b846-41895f4ebd48: receive RaftClientReply:client-DE0880F50CF2->72f5ceaa-5b3b-4bc7-b846-41895f4ebd48@group-833AA35A7EDE, cid=992, SUCCESS, logIndex=0, commits[72f5ceaa-5b3b-4bc7-b846-41895f4ebd48:c1322, b4e1f7d4-4bb4-47ed-a9cb-53483a899fb2:c1320, d3916bce-b37b-4246-83c6-d24846ba1a72:c1320]
2019-07-08 14:21:10,504 INFO  client.GrpcClientProtocolClient (GrpcClientProtocolClient.java:onNext(255)) - client-DE0880F50CF2->72f5ceaa-5b3b-4bc7-b846-41895f4ebd48: receive RaftClientReply:client-DE0880F50CF2->72f5ceaa-5b3b-4bc7-b846-41895f4ebd48@group-833AA35A7EDE, cid=993, SUCCESS, logIndex=1323, commits[72f5ceaa-5b3b-4bc7-b846-41895f4ebd48:c1324, b4e1f7d4-4bb4-47ed-a9cb-53483a899fb2:c1322, d3916bce-b37b-4246-83c6-d24846ba1a72:c1322]
2019-07-08 14:21:10,505 INFO  client.GrpcClientProtocolClient (GrpcClientProtocolClient.java:onNext(255)) - client-DE0880F50CF2->72f5ceaa-5b3b-4bc7-b846-41895f4ebd48: receive RaftClientReply:client-DE0880F50CF2->72f5ceaa-5b3b-4bc7-b846-41895f4ebd48@group-833AA35A7EDE, cid=994, SUCCESS, logIndex=1324, commits[72f5ceaa-5b3b-4bc7-b846-41895f4ebd48:c1324, b4e1f7d4-4bb4-47ed-a9cb-53483a899fb2:c1322, d3916bce-b37b-4246-83c6-d24846ba1a72:c1322]
2019-07-08 14:21:10,518 INFO  client.GrpcClientProtocolClient (GrpcClientProtocolClient.java:onNext(255)) - client-DE0880F50CF2->72f5ceaa-5b3b-4bc7-b846-41895f4ebd48: receive RaftClientReply:client-DE0880F50CF2->72f5ceaa-5b3b-4bc7-b846-41895f4ebd48@group-833AA35A7EDE, cid=995, SUCCESS, logIndex=1327, commits[72f5ceaa-5b3b-4bc7-b846-41895f4ebd48:c1328, b4e1f7d4-4bb4-47ed-a9cb-53483a899fb2:c1324, d3916bce-b37b-4246-83c6-d24846ba1a72:c1324]
2019-07-08 14:21:10,518 INFO  client.GrpcClientProtocolClient (GrpcClientProtocolClient.java:onNext(255)) - client-DE0880F50CF2->72f5ceaa-5b3b-4bc7-b846-41895f4ebd48: receive RaftClientReply:client-DE0880F50CF2->72f5ceaa-5b3b-4bc7-b846-41895f4ebd48@group-833AA35A7EDE, cid=996, SUCCESS, logIndex=1328, commits[72f5ceaa-5b3b-4bc7-b846-41895f4ebd48:c1328, b4e1f7d4-4bb4-47ed-a9cb-53483a899fb2:c1324, d3916bce-b37b-4246-83c6-d24846ba1a72:c1324]
2019-07-08 14:21:10,532 INFO  client.GrpcClientProtocolClient (GrpcClientProtocolClient.java:onNext(255)) - client-DE0880F50CF2->72f5ceaa-5b3b-4bc7-b846-41895f4ebd48: receive RaftClientReply:client-DE0880F50CF2->72f5ceaa-5b3b-4bc7-b846-41895f4ebd48@group-833AA35A7EDE, cid=997, SUCCESS, logIndex=0, commits[72f5ceaa-5b3b-4bc7-b846-41895f4ebd48:c1329, b4e1f7d4-4bb4-47ed-a9cb-53483a899fb2:c1328, d3916bce-b37b-4246-83c6-d24846ba1a72:c1328]
2019-07-08 14:21:10,553 INFO  client.GrpcClientProtocolClient (GrpcClientProtocolClient.java:onNext(255)) - client-DE0880F50CF2->72f5ceaa-5b3b-4bc7-b846-41895f4ebd48: receive RaftClientReply:client-DE0880F50CF2->72f5ceaa-5b3b-4bc7-b846-41895f4ebd48@group-833AA35A7EDE, cid=998, SUCCESS, logIndex=1331, commits[72f5ceaa-5b3b-4bc7-b846-41895f4ebd48:c1332, b4e1f7d4-4bb4-47ed-a9cb-53483a899fb2:c1330, d3916bce-b37b-4246-83c6-d24846ba1a72:c1330]
2019-07-08 14:21:10,554 INFO  client.GrpcClientProtocolClient (GrpcClientProtocolClient.java:onNext(255)) - client-DE0880F50CF2->72f5ceaa-5b3b-4bc7-b846-41895f4ebd48: receive RaftClientReply:client-DE0880F50CF2->72f5ceaa-5b3b-4bc7-b846-41895f4ebd48@group-833AA35A7EDE, cid=999, SUCCESS, logIndex=1332, commits[72f5ceaa-5b3b-4bc7-b846-41895f4ebd48:c1334, b4e1f7d4-4bb4-47ed-a9cb-53483a899fb2:c1330, d3916bce-b37b-4246-83c6-d24846ba1a72:c1330]
2019-07-08 14:21:10,555 INFO  client.GrpcClientProtocolClient (GrpcClientProtocolClient.java:onNext(255)) - client-DE0880F50CF2->72f5ceaa-5b3b-4bc7-b846-41895f4ebd48: receive RaftClientReply:client-DE0880F50CF2->72f5ceaa-5b3b-4bc7-b846-41895f4ebd48@group-833AA35A7EDE, cid=1000, SUCCESS, logIndex=1333, commits[72f5ceaa-5b3b-4bc7-b846-41895f4ebd48:c1334, b4e1f7d4-4bb4-47ed-a9cb-53483a899fb2:c1330, d3916bce-b37b-4246-83c6-d24846ba1a72:c1330]
2019-07-08 14:21:10,555 INFO  client.GrpcClientProtocolClient (GrpcClientProtocolClient.java:onNext(255)) - client-DE0880F50CF2->72f5ceaa-5b3b-4bc7-b846-41895f4ebd48: receive RaftClientReply:client-DE0880F50CF2->72f5ceaa-5b3b-4bc7-b846-41895f4ebd48@group-833AA35A7EDE, cid=1001, SUCCESS, logIndex=1334, commits[72f5ceaa-5b3b-4bc7-b846-41895f4ebd48:c1334, b4e1f7d4-4bb4-47ed-a9cb-53483a899fb2:c1330, d3916bce-b37b-4246-83c6-d24846ba1a72:c1330]
2019-07-08 14:21:10,556 INFO  client.GrpcClientProtocolClient (GrpcClientProtocolClient.java:onNext(255)) - client-DE0880F50CF2->72f5ceaa-5b3b-4bc7-b846-41895f4ebd48: receive RaftClientReply:client-DE0880F50CF2->72f5ceaa-5b3b-4bc7-b846-41895f4ebd48@group-833AA35A7EDE, cid=1002, SUCCESS, logIndex=0, commits[72f5ceaa-5b3b-4bc7-b846-41895f4ebd48:c1337, b4e1f7d4-4bb4-47ed-a9cb-53483a899fb2:c1334, d3916bce-b37b-4246-83c6-d24846ba1a72:c1334]
2019-07-08 14:21:10,577 INFO  client.GrpcClientProtocolClient (GrpcClientProtocolClient.java:onNext(255)) - client-DE0880F50CF2->72f5ceaa-5b3b-4bc7-b846-41895f4ebd48: receive RaftClientReply:client-DE0880F50CF2->72f5ceaa-5b3b-4bc7-b846-41895f4ebd48@group-833AA35A7EDE, cid=1003, SUCCESS, logIndex=1338, commits[72f5ceaa-5b3b-4bc7-b846-41895f4ebd48:c1339, b4e1f7d4-4bb4-47ed-a9cb-53483a899fb2:c1337, d3916bce-b37b-4246-83c6-d24846ba1a72:c1337]
2019-07-08 14:21:10,578 INFO  client.GrpcClientProtocolClient (GrpcClientProtocolClient.java:onNext(255)) - client-DE0880F50CF2->72f5ceaa-5b3b-4bc7-b846-41895f4ebd48: receive RaftClientReply:client-DE0880F50CF2->72f5ceaa-5b3b-4bc7-b846-41895f4ebd48@group-833AA35A7EDE, cid=1004, SUCCESS, logIndex=1339, commits[72f5ceaa-5b3b-4bc7-b846-41895f4ebd48:c1339, b4e1f7d4-4bb4-47ed-a9cb-53483a899fb2:c1337, d3916bce-b37b-4246-83c6-d24846ba1a72:c1337]
2019-07-08 14:21:10,590 INFO  client.GrpcClientProtocolClient (GrpcClientProtocolClient.java:onNext(255)) - client-DE0880F50CF2->72f5ceaa-5b3b-4bc7-b846-41895f4ebd48: receive RaftClientReply:client-DE0880F50CF2->72f5ceaa-5b3b-4bc7-b846-41895f4ebd48@group-833AA35A7EDE, cid=1005, SUCCESS, logIndex=1342, commits[72f5ceaa-5b3b-4bc7-b846-41895f4ebd48:c1343, b4e1f7d4-4bb4-47ed-a9cb-53483a899fb2:c1339, d3916bce-b37b-4246-83c6-d24846ba1a72:c1339]
2019-07-08 14:21:10,591 INFO  client.GrpcClientProtocolClient (GrpcClientProtocolClient.java:onNext(255)) - client-DE0880F50CF2->72f5ceaa-5b3b-4bc7-b846-41895f4ebd48: receive RaftClientReply:client-DE0880F50CF2->72f5ceaa-5b3b-4bc7-b846-41895f4ebd48@group-833AA35A7EDE, cid=1006, SUCCESS, logIndex=1343, commits[72f5ceaa-5b3b-4bc7-b846-41895f4ebd48:c1343, b4e1f7d4-4bb4-47ed-a9cb-53483a899fb2:c1339, d3916bce-b37b-4246-83c6-d24846ba1a72:c1339]
2019-07-08 14:21:10,603 INFO  client.GrpcClientProtocolClient (GrpcClientProtocolClient.java:onNext(255)) - client-DE0880F50CF2->72f5ceaa-5b3b-4bc7-b846-41895f4ebd48: receive RaftClientReply:client-DE0880F50CF2->72f5ceaa-5b3b-4bc7-b846-41895f4ebd48@group-833AA35A7EDE, cid=1007, SUCCESS, logIndex=0, commits[72f5ceaa-5b3b-4bc7-b846-41895f4ebd48:c1345, b4e1f7d4-4bb4-47ed-a9cb-53483a899fb2:c1343, d3916bce-b37b-4246-83c6-d24846ba1a72:c1343]
2019-07-08 14:21:10,625 INFO  client.GrpcClientProtocolClient (GrpcClientProtocolClient.java:onNext(255)) - client-DE0880F50CF2->72f5ceaa-5b3b-4bc7-b846-41895f4ebd48: receive RaftClientReply:client-DE0880F50CF2->72f5ceaa-5b3b-4bc7-b846-41895f4ebd48@group-833AA35A7EDE, cid=1008, SUCCESS, logIndex=1346, commits[72f5ceaa-5b3b-4bc7-b846-41895f4ebd48:c1348, b4e1f7d4-4bb4-47ed-a9cb-53483a899fb2:c1345, d3916bce-b37b-4246-83c6-d24846ba1a72:c1345]
2019-07-08 14:21:10,626 INFO  client.GrpcClientProtocolClient (GrpcClientProtocolClient.java:onNext(255)) - client-DE0880F50CF2->72f5ceaa-5b3b-4bc7-b846-41895f4ebd48: receive RaftClientReply:client-DE0880F50CF2->72f5ceaa-5b3b-4bc7-b846-41895f4ebd48@group-833AA35A7EDE, cid=1009, SUCCESS, logIndex=1347, commits[72f5ceaa-5b3b-4bc7-b846-41895f4ebd48:c1349, b4e1f7d4-4bb4-47ed-a9cb-53483a899fb2:c1345, d3916bce-b37b-4246-83c6-d24846ba1a72:c1345]
2019-07-08 14:21:10,626 INFO  client.GrpcClientProtocolClient (GrpcClientProtocolClient.java:onNext(255)) - client-DE0880F50CF2->72f5ceaa-5b3b-4bc7-b846-41895f4ebd48: receive RaftClientReply:client-DE0880F50CF2->72f5ceaa-5b3b-4bc7-b846-41895f4ebd48@group-833AA35A7EDE, cid=1010, SUCCESS, logIndex=1348, commits[72f5ceaa-5b3b-4bc7-b846-41895f4ebd48:c1349, b4e1f7d4-4bb4-47ed-a9cb-53483a899fb2:c1345, d3916bce-b37b-4246-83c6-d24846ba1a72:c1345]
2019-07-08 14:21:10,627 INFO  client.GrpcClientProtocolClient (GrpcClientProtocolClient.java:onNext(255)) - client-DE0880F50CF2->72f5ceaa-5b3b-4bc7-b846-41895f4ebd48: receive RaftClientReply:client-DE0880F50CF2->72f5ceaa-5b3b-4bc7-b846-41895f4ebd48@group-833AA35A7EDE, cid=1011, SUCCESS, logIndex=1349, commits[72f5ceaa-5b3b-4bc7-b846-41895f4ebd48:c1349, b4e1f7d4-4bb4-47ed-a9cb-53483a899fb2:c1345, d3916bce-b37b-4246-83c6-d24846ba1a72:c1345]
2019-07-08 14:21:10,628 INFO  client.GrpcClientProtocolClient (GrpcClientProtocolClient.java:onNext(255)) - client-DE0880F50CF2->72f5ceaa-5b3b-4bc7-b846-41895f4ebd48: receive RaftClientReply:client-DE0880F50CF2->72f5ceaa-5b3b-4bc7-b846-41895f4ebd48@group-833AA35A7EDE, cid=1012, SUCCESS, logIndex=0, commits[72f5ceaa-5b3b-4bc7-b846-41895f4ebd48:c1353, b4e1f7d4-4bb4-47ed-a9cb-53483a899fb2:c1349, d3916bce-b37b-4246-83c6-d24846ba1a72:c1349]
2019-07-08 14:21:10,641 INFO  client.GrpcClientProtocolClient (GrpcClientProtocolClient.java:onNext(255)) - client-DE0880F50CF2->72f5ceaa-5b3b-4bc7-b846-41895f4ebd48: receive RaftClientReply:client-DE0880F50CF2->72f5ceaa-5b3b-4bc7-b846-41895f4ebd48@group-833AA35A7EDE, cid=1013, SUCCESS, logIndex=1354, commits[72f5ceaa-5b3b-4bc7-b846-41895f4ebd48:c1355, b4e1f7d4-4bb4-47ed-a9cb-53483a899fb2:c1353, d3916bce-b37b-4246-83c6-d24846ba1a72:c1353]
2019-07-08 14:21:10,641 INFO  client.GrpcClientProtocolClient (GrpcClientProtocolClient.java:onNext(255)) - client-DE0880F50CF2->72f5ceaa-5b3b-4bc7-b846-41895f4ebd48: receive RaftClientReply:client-DE0880F50CF2->72f5ceaa-5b3b-4bc7-b846-41895f4ebd48@group-833AA35A7EDE, cid=1014, SUCCESS, logIndex=1355, commits[72f5ceaa-5b3b-4bc7-b846-41895f4ebd48:c1355, b4e1f7d4-4bb4-47ed-a9cb-53483a899fb2:c1353, d3916bce-b37b-4246-83c6-d24846ba1a72:c1353]
2019-07-08 14:21:10,655 INFO  client.GrpcClientProtocolClient (GrpcClientProtocolClient.java:onNext(255)) - client-DE0880F50CF2->72f5ceaa-5b3b-4bc7-b846-41895f4ebd48: receive RaftClientReply:client-DE0880F50CF2->72f5ceaa-5b3b-4bc7-b846-41895f4ebd48@group-833AA35A7EDE, cid=1015, SUCCESS, logIndex=1358, commits[72f5ceaa-5b3b-4bc7-b846-41895f4ebd48:c1359, b4e1f7d4-4bb4-47ed-a9cb-53483a899fb2:c1355, d3916bce-b37b-4246-83c6-d24846ba1a72:c1354]
2019-07-08 14:21:10,655 INFO  client.GrpcClientProtocolClient (GrpcClientProtocolClient.java:onNext(255)) - client-DE0880F50CF2->72f5ceaa-5b3b-4bc7-b846-41895f4ebd48: receive RaftClientReply:client-DE0880F50CF2->72f5ceaa-5b3b-4bc7-b846-41895f4ebd48@group-833AA35A7EDE, cid=1016, SUCCESS, logIndex=1359, commits[72f5ceaa-5b3b-4bc7-b846-41895f4ebd48:c1359, b4e1f7d4-4bb4-47ed-a9cb-53483a899fb2:c1355, d3916bce-b37b-4246-83c6-d24846ba1a72:c1354]
2019-07-08 14:21:10,666 INFO  client.GrpcClientProtocolClient (GrpcClientProtocolClient.java:onNext(255)) - client-DE0880F50CF2->72f5ceaa-5b3b-4bc7-b846-41895f4ebd48: receive RaftClientReply:client-DE0880F50CF2->72f5ceaa-5b3b-4bc7-b846-41895f4ebd48@group-833AA35A7EDE, cid=1017, SUCCESS, logIndex=0, commits[72f5ceaa-5b3b-4bc7-b846-41895f4ebd48:c1360, b4e1f7d4-4bb4-47ed-a9cb-53483a899fb2:c1359, d3916bce-b37b-4246-83c6-d24846ba1a72:c1355]
2019-07-08 14:21:10,668 INFO  client.GrpcClientProtocolClient (GrpcClientProtocolClient.java:onNext(255)) - client-DE0880F50CF2->72f5ceaa-5b3b-4bc7-b846-41895f4ebd48: receive RaftClientReply:client-DE0880F50CF2->72f5ceaa-5b3b-4bc7-b846-41895f4ebd48@group-833AA35A7EDE, cid=1018, SUCCESS, logIndex=0, commits[72f5ceaa-5b3b-4bc7-b846-41895f4ebd48:c1361, b4e1f7d4-4bb4-47ed-a9cb-53483a899fb2:c1359, d3916bce-b37b-4246-83c6-d24846ba1a72:c1359]
2019-07-08 14:21:10,690 INFO  client.GrpcClientProtocolClient (GrpcClientProtocolClient.java:onNext(255)) - client-DE0880F50CF2->72f5ceaa-5b3b-4bc7-b846-41895f4ebd48: receive RaftClientReply:client-DE0880F50CF2->72f5ceaa-5b3b-4bc7-b846-41895f4ebd48@group-833AA35A7EDE, cid=1019, SUCCESS, logIndex=1362, commits[72f5ceaa-5b3b-4bc7-b846-41895f4ebd48:c1363, b4e1f7d4-4bb4-47ed-a9cb-53483a899fb2:c1361, d3916bce-b37b-4246-83c6-d24846ba1a72:c1361]
2019-07-08 14:21:10,690 INFO  client.GrpcClientProtocolClient (GrpcClientProtocolClient.java:onNext(255)) - client-DE0880F50CF2->72f5ceaa-5b3b-4bc7-b846-41895f4ebd48: receive RaftClientReply:client-DE0880F50CF2->72f5ceaa-5b3b-4bc7-b846-41895f4ebd48@group-833AA35A7EDE, cid=1020, SUCCESS, logIndex=1363, commits[72f5ceaa-5b3b-4bc7-b846-41895f4ebd48:c1363, b4e1f7d4-4bb4-47ed-a9cb-53483a899fb2:c1361, d3916bce-b37b-4246-83c6-d24846ba1a72:c1361]
2019-07-08 14:21:10,691 INFO  client.GrpcClientProtocolClient (GrpcClientProtocolClient.java:onNext(255)) - client-DE0880F50CF2->72f5ceaa-5b3b-4bc7-b846-41895f4ebd48: receive RaftClientReply:client-DE0880F50CF2->72f5ceaa-5b3b-4bc7-b846-41895f4ebd48@group-833AA35A7EDE, cid=1021, SUCCESS, logIndex=1364, commits[72f5ceaa-5b3b-4bc7-b846-41895f4ebd48:c1365, b4e1f7d4-4bb4-47ed-a9cb-53483a899fb2:c1361, d3916bce-b37b-4246-83c6-d24846ba1a72:c1361]
2019-07-08 14:21:10,691 INFO  client.GrpcClientProtocolClient (GrpcClientProtocolClient.java:onNext(255)) - client-DE0880F50CF2->72f5ceaa-5b3b-4bc7-b846-41895f4ebd48: receive RaftClientReply:client-DE0880F50CF2->72f5ceaa-5b3b-4bc7-b846-41895f4ebd48@group-833AA35A7EDE, cid=1022, SUCCESS, logIndex=1365, commits[72f5ceaa-5b3b-4bc7-b846-41895f4ebd48:c1365, b4e1f7d4-4bb4-47ed-a9cb-53483a899fb2:c1361, d3916bce-b37b-4246-83c6-d24846ba1a72:c1361]
2019-07-08 14:21:10,692 INFO  client.GrpcClientProtocolClient (GrpcClientProtocolClient.java:onNext(255)) - client-DE0880F50CF2->72f5ceaa-5b3b-4bc7-b846-41895f4ebd48: receive RaftClientReply:client-DE0880F50CF2->72f5ceaa-5b3b-4bc7-b846-41895f4ebd48@group-833AA35A7EDE, cid=1023, SUCCESS, logIndex=0, commits[72f5ceaa-5b3b-4bc7-b846-41895f4ebd48:c1367, b4e1f7d4-4bb4-47ed-a9cb-53483a899fb2:c1363, d3916bce-b37b-4246-83c6-d24846ba1a72:c1363]
2019-07-08 14:21:10,712 INFO  client.GrpcClientProtocolClient (GrpcClientProtocolClient.java:onNext(255)) - client-DE0880F50CF2->72f5ceaa-5b3b-4bc7-b846-41895f4ebd48: receive RaftClientReply:client-DE0880F50CF2->72f5ceaa-5b3b-4bc7-b846-41895f4ebd48@group-833AA35A7EDE, cid=1024, SUCCESS, logIndex=1369, commits[72f5ceaa-5b3b-4bc7-b846-41895f4ebd48:c1370, b4e1f7d4-4bb4-47ed-a9cb-53483a899fb2:c1368, d3916bce-b37b-4246-83c6-d24846ba1a72:c1368]
2019-07-08 14:21:10,712 INFO  client.GrpcClientProtocolClient (GrpcClientProtocolClient.java:onNext(255)) - client-DE0880F50CF2->72f5ceaa-5b3b-4bc7-b846-41895f4ebd48: receive RaftClientReply:client-DE0880F50CF2->72f5ceaa-5b3b-4bc7-b846-41895f4ebd48@group-833AA35A7EDE, cid=1025, SUCCESS, logIndex=1370, commits[72f5ceaa-5b3b-4bc7-b846-41895f4ebd48:c1370, b4e1f7d4-4bb4-47ed-a9cb-53483a899fb2:c1368, d3916bce-b37b-4246-83c6-d24846ba1a72:c1368]
2019-07-08 14:21:10,725 INFO  client.GrpcClientProtocolClient (GrpcClientProtocolClient.java:onNext(255)) - client-DE0880F50CF2->72f5ceaa-5b3b-4bc7-b846-41895f4ebd48: receive RaftClientReply:client-DE0880F50CF2->72f5ceaa-5b3b-4bc7-b846-41895f4ebd48@group-833AA35A7EDE, cid=1026, SUCCESS, logIndex=1373, commits[72f5ceaa-5b3b-4bc7-b846-41895f4ebd48:c1374, b4e1f7d4-4bb4-47ed-a9cb-53483a899fb2:c1369, d3916bce-b37b-4246-83c6-d24846ba1a72:c1370]
2019-07-08 14:21:10,726 INFO  client.GrpcClientProtocolClient (GrpcClientProtocolClient.java:onNext(255)) - client-DE0880F50CF2->72f5ceaa-5b3b-4bc7-b846-41895f4ebd48: receive RaftClientReply:client-DE0880F50CF2->72f5ceaa-5b3b-4bc7-b846-41895f4ebd48@group-833AA35A7EDE, cid=1027, SUCCESS, logIndex=1374, commits[72f5ceaa-5b3b-4bc7-b846-41895f4ebd48:c1374, b4e1f7d4-4bb4-47ed-a9cb-53483a899fb2:c1370, d3916bce-b37b-4246-83c6-d24846ba1a72:c1370]
2019-07-08 14:21:10,728 INFO  client.GrpcClientProtocolClient (GrpcClientProtocolClient.java:onNext(255)) - client-DE0880F50CF2->72f5ceaa-5b3b-4bc7-b846-41895f4ebd48: receive RaftClientReply:client-DE0880F50CF2->72f5ceaa-5b3b-4bc7-b846-41895f4ebd48@group-833AA35A7EDE, cid=1028, SUCCESS, logIndex=0, commits[72f5ceaa-5b3b-4bc7-b846-41895f4ebd48:c1376, b4e1f7d4-4bb4-47ed-a9cb-53483a899fb2:c1374, d3916bce-b37b-4246-83c6-d24846ba1a72:c1374]
2019-07-08 14:21:10,748 INFO  client.GrpcClientProtocolClient (GrpcClientProtocolClient.java:onNext(255)) - client-DE0880F50CF2->72f5ceaa-5b3b-4bc7-b846-41895f4ebd48: receive RaftClientReply:client-DE0880F50CF2->72f5ceaa-5b3b-4bc7-b846-41895f4ebd48@group-833AA35A7EDE, cid=1029, SUCCESS, logIndex=1377, commits[72f5ceaa-5b3b-4bc7-b846-41895f4ebd48:c1378, b4e1f7d4-4bb4-47ed-a9cb-53483a899fb2:c1376, d3916bce-b37b-4246-83c6-d24846ba1a72:c1376]
2019-07-08 14:21:10,749 INFO  client.GrpcClientProtocolClient (GrpcClientProtocolClient.java:onNext(255)) - client-DE0880F50CF2->72f5ceaa-5b3b-4bc7-b846-41895f4ebd48: receive RaftClientReply:client-DE0880F50CF2->72f5ceaa-5b3b-4bc7-b846-41895f4ebd48@group-833AA35A7EDE, cid=1030, SUCCESS, logIndex=1378, commits[72f5ceaa-5b3b-4bc7-b846-41895f4ebd48:c1380, b4e1f7d4-4bb4-47ed-a9cb-53483a899fb2:c1376, d3916bce-b37b-4246-83c6-d24846ba1a72:c1376]
2019-07-08 14:21:10,749 INFO  client.GrpcClientProtocolClient (GrpcClientProtocolClient.java:onNext(255)) - client-DE0880F50CF2->72f5ceaa-5b3b-4bc7-b846-41895f4ebd48: receive RaftClientReply:client-DE0880F50CF2->72f5ceaa-5b3b-4bc7-b846-41895f4ebd48@group-833AA35A7EDE, cid=1031, SUCCESS, logIndex=1379, commits[72f5ceaa-5b3b-4bc7-b846-41895f4ebd48:c1380, b4e1f7d4-4bb4-47ed-a9cb-53483a899fb2:c1376, d3916bce-b37b-4246-83c6-d24846ba1a72:c1376]
2019-07-08 14:21:10,749 INFO  client.GrpcClientProtocolClient (GrpcClientProtocolClient.java:onNext(255)) - client-DE0880F50CF2->72f5ceaa-5b3b-4bc7-b846-41895f4ebd48: receive RaftClientReply:client-DE0880F50CF2->72f5ceaa-5b3b-4bc7-b846-41895f4ebd48@group-833AA35A7EDE, cid=1032, SUCCESS, logIndex=1380, commits[72f5ceaa-5b3b-4bc7-b846-41895f4ebd48:c1380, b4e1f7d4-4bb4-47ed-a9cb-53483a899fb2:c1376, d3916bce-b37b-4246-83c6-d24846ba1a72:c1376]
2019-07-08 14:21:10,751 INFO  client.GrpcClientProtocolClient (GrpcClientProtocolClient.java:onNext(255)) - client-DE0880F50CF2->72f5ceaa-5b3b-4bc7-b846-41895f4ebd48: receive RaftClientReply:client-DE0880F50CF2->72f5ceaa-5b3b-4bc7-b846-41895f4ebd48@group-833AA35A7EDE, cid=1033, SUCCESS, logIndex=0, commits[72f5ceaa-5b3b-4bc7-b846-41895f4ebd48:c1382, b4e1f7d4-4bb4-47ed-a9cb-53483a899fb2:c1378, d3916bce-b37b-4246-83c6-d24846ba1a72:c1378]
 0.00% |█                                                                                                    |  0/1 Time: 0:00:052019-07-08 14:21:10,782 INFO  client.GrpcClientProtocolClient (GrpcClientProtocolClient.java:onNext(255)) - client-DE0880F50CF2->72f5ceaa-5b3b-4bc7-b846-41895f4ebd48: receive RaftClientReply:client-DE0880F50CF2->72f5ceaa-5b3b-4bc7-b846-41895f4ebd48@group-833AA35A7EDE, cid=1034, SUCCESS, logIndex=1385, commits[72f5ceaa-5b3b-4bc7-b846-41895f4ebd48:c1386, b4e1f7d4-4bb4-47ed-a9cb-53483a899fb2:c1384, d3916bce-b37b-4246-83c6-d24846ba1a72:c1384]
2019-07-08 14:21:10,782 INFO  client.GrpcClientProtocolClient (GrpcClientProtocolClient.java:onNext(255)) - client-DE0880F50CF2->72f5ceaa-5b3b-4bc7-b846-41895f4ebd48: receive RaftClientReply:client-DE0880F50CF2->72f5ceaa-5b3b-4bc7-b846-41895f4ebd48@group-833AA35A7EDE, cid=1035, SUCCESS, logIndex=1386, commits[72f5ceaa-5b3b-4bc7-b846-41895f4ebd48:c1386, b4e1f7d4-4bb4-47ed-a9cb-53483a899fb2:c1384, d3916bce-b37b-4246-83c6-d24846ba1a72:c1384]
2019-07-08 14:21:10,800 INFO  client.GrpcClientProtocolClient (GrpcClientProtocolClient.java:onNext(255)) - client-DE0880F50CF2->72f5ceaa-5b3b-4bc7-b846-41895f4ebd48: receive RaftClientReply:client-DE0880F50CF2->72f5ceaa-5b3b-4bc7-b846-41895f4ebd48@group-833AA35A7EDE, cid=1036, SUCCESS, logIndex=1389, commits[72f5ceaa-5b3b-4bc7-b846-41895f4ebd48:c1390, b4e1f7d4-4bb4-47ed-a9cb-53483a899fb2:c1386, d3916bce-b37b-4246-83c6-d24846ba1a72:c1386]
2019-07-08 14:21:10,800 INFO  client.GrpcClientProtocolClient (GrpcClientProtocolClient.java:onNext(255)) - client-DE0880F50CF2->72f5ceaa-5b3b-4bc7-b846-41895f4ebd48: receive RaftClientReply:client-DE0880F50CF2->72f5ceaa-5b3b-4bc7-b846-41895f4ebd48@group-833AA35A7EDE, cid=1037, SUCCESS, logIndex=1390, commits[72f5ceaa-5b3b-4bc7-b846-41895f4ebd48:c1390, b4e1f7d4-4bb4-47ed-a9cb-53483a899fb2:c1386, d3916bce-b37b-4246-83c6-d24846ba1a72:c1386]
2019-07-08 14:21:10,812 INFO  client.GrpcClientProtocolClient (GrpcClientProtocolClient.java:onNext(255)) - client-DE0880F50CF2->72f5ceaa-5b3b-4bc7-b846-41895f4ebd48: receive RaftClientReply:client-DE0880F50CF2->72f5ceaa-5b3b-4bc7-b846-41895f4ebd48@group-833AA35A7EDE, cid=1038, SUCCESS, logIndex=0, commits[72f5ceaa-5b3b-4bc7-b846-41895f4ebd48:c1391, b4e1f7d4-4bb4-47ed-a9cb-53483a899fb2:c1390, d3916bce-b37b-4246-83c6-d24846ba1a72:c1390]
2019-07-08 14:21:10,847 INFO  client.GrpcClientProtocolClient (GrpcClientProtocolClient.java:onNext(255)) - client-DE0880F50CF2->72f5ceaa-5b3b-4bc7-b846-41895f4ebd48: receive RaftClientReply:client-DE0880F50CF2->72f5ceaa-5b3b-4bc7-b846-41895f4ebd48@group-833AA35A7EDE, cid=1039, SUCCESS, logIndex=1393, commits[72f5ceaa-5b3b-4bc7-b846-41895f4ebd48:c1394, b4e1f7d4-4bb4-47ed-a9cb-53483a899fb2:c1392, d3916bce-b37b-4246-83c6-d24846ba1a72:c1392]
2019-07-08 14:21:10,848 INFO  client.GrpcClientProtocolClient (GrpcClientProtocolClient.java:onNext(255)) - client-DE0880F50CF2->72f5ceaa-5b3b-4bc7-b846-41895f4ebd48: receive RaftClientReply:client-DE0880F50CF2->72f5ceaa-5b3b-4bc7-b846-41895f4ebd48@group-833AA35A7EDE, cid=1040, SUCCESS, logIndex=1394, commits[72f5ceaa-5b3b-4bc7-b846-41895f4ebd48:c1394, b4e1f7d4-4bb4-47ed-a9cb-53483a899fb2:c1392, d3916bce-b37b-4246-83c6-d24846ba1a72:c1392]
2019-07-08 14:21:10,850 INFO  client.GrpcClientProtocolClient (GrpcClientProtocolClient.java:onNext(255)) - client-DE0880F50CF2->72f5ceaa-5b3b-4bc7-b846-41895f4ebd48: receive RaftClientReply:client-DE0880F50CF2->72f5ceaa-5b3b-4bc7-b846-41895f4ebd48@group-833AA35A7EDE, cid=1041, SUCCESS, logIndex=1395, commits[72f5ceaa-5b3b-4bc7-b846-41895f4ebd48:c1398, b4e1f7d4-4bb4-47ed-a9cb-53483a899fb2:c1392, d3916bce-b37b-4246-83c6-d24846ba1a72:c1394]
2019-07-08 14:21:10,851 INFO  client.GrpcClientProtocolClient (GrpcClientProtocolClient.java:onNext(255)) - client-DE0880F50CF2->72f5ceaa-5b3b-4bc7-b846-41895f4ebd48: receive RaftClientReply:client-DE0880F50CF2->72f5ceaa-5b3b-4bc7-b846-41895f4ebd48@group-833AA35A7EDE, cid=1042, SUCCESS, logIndex=1396, commits[72f5ceaa-5b3b-4bc7-b846-41895f4ebd48:c1398, b4e1f7d4-4bb4-47ed-a9cb-53483a899fb2:c1392, d3916bce-b37b-4246-83c6-d24846ba1a72:c1394]
2019-07-08 14:21:10,852 INFO  client.GrpcClientProtocolClient (GrpcClientProtocolClient.java:onNext(255)) - client-DE0880F50CF2->72f5ceaa-5b3b-4bc7-b846-41895f4ebd48: receive RaftClientReply:client-DE0880F50CF2->72f5ceaa-5b3b-4bc7-b846-41895f4ebd48@group-833AA35A7EDE, cid=1043, SUCCESS, logIndex=0, commits[72f5ceaa-5b3b-4bc7-b846-41895f4ebd48:c1399, b4e1f7d4-4bb4-47ed-a9cb-53483a899fb2:c1394, d3916bce-b37b-4246-83c6-d24846ba1a72:c1396]
2019-07-08 14:21:10,865 INFO  client.GrpcClientProtocolClient (GrpcClientProtocolClient.java:onNext(255)) - client-DE0880F50CF2->72f5ceaa-5b3b-4bc7-b846-41895f4ebd48: receive RaftClientReply:client-DE0880F50CF2->72f5ceaa-5b3b-4bc7-b846-41895f4ebd48@group-833AA35A7EDE, cid=1044, SUCCESS, logIndex=1400, commits[72f5ceaa-5b3b-4bc7-b846-41895f4ebd48:c1401, b4e1f7d4-4bb4-47ed-a9cb-53483a899fb2:c1399, d3916bce-b37b-4246-83c6-d24846ba1a72:c1396]
2019-07-08 14:21:10,865 INFO  client.GrpcClientProtocolClient (GrpcClientProtocolClient.java:onNext(255)) - client-DE0880F50CF2->72f5ceaa-5b3b-4bc7-b846-41895f4ebd48: receive RaftClientReply:client-DE0880F50CF2->72f5ceaa-5b3b-4bc7-b846-41895f4ebd48@group-833AA35A7EDE, cid=1045, SUCCESS, logIndex=1401, commits[72f5ceaa-5b3b-4bc7-b846-41895f4ebd48:c1401, b4e1f7d4-4bb4-47ed-a9cb-53483a899fb2:c1399, d3916bce-b37b-4246-83c6-d24846ba1a72:c1399]
2019-07-08 14:21:10,995 INFO  client.GrpcClientProtocolClient (GrpcClientProtocolClient.java:onNext(255)) - client-DE0880F50CF2->72f5ceaa-5b3b-4bc7-b846-41895f4ebd48: receive RaftClientReply:client-DE0880F50CF2->72f5ceaa-5b3b-4bc7-b846-41895f4ebd48@group-833AA35A7EDE, cid=1046, SUCCESS, logIndex=1404, commits[72f5ceaa-5b3b-4bc7-b846-41895f4ebd48:c1405, b4e1f7d4-4bb4-47ed-a9cb-53483a899fb2:c1403, d3916bce-b37b-4246-83c6-d24846ba1a72:c1403]
2019-07-08 14:21:10,996 INFO  client.GrpcClientProtocolClient (GrpcClientProtocolClient.java:onNext(255)) - client-DE0880F50CF2->72f5ceaa-5b3b-4bc7-b846-41895f4ebd48: receive RaftClientReply:client-DE0880F50CF2->72f5ceaa-5b3b-4bc7-b846-41895f4ebd48@group-833AA35A7EDE, cid=1047, SUCCESS, logIndex=1405, commits[72f5ceaa-5b3b-4bc7-b846-41895f4ebd48:c1405, b4e1f7d4-4bb4-47ed-a9cb-53483a899fb2:c1403, d3916bce-b37b-4246-83c6-d24846ba1a72:c1403]
2019-07-08 14:21:11,018 INFO  client.GrpcClientProtocolClient (GrpcClientProtocolClient.java:onNext(255)) - client-DE0880F50CF2->72f5ceaa-5b3b-4bc7-b846-41895f4ebd48: receive RaftClientReply:client-DE0880F50CF2->72f5ceaa-5b3b-4bc7-b846-41895f4ebd48@group-833AA35A7EDE, cid=1048, SUCCESS, logIndex=0, commits[72f5ceaa-5b3b-4bc7-b846-41895f4ebd48:c1406, b4e1f7d4-4bb4-47ed-a9cb-53483a899fb2:c1405, d3916bce-b37b-4246-83c6-d24846ba1a72:c1405]
2019-07-08 14:21:11,039 INFO  client.GrpcClientProtocolClient (GrpcClientProtocolClient.java:onNext(255)) - client-DE0880F50CF2->72f5ceaa-5b3b-4bc7-b846-41895f4ebd48: receive RaftClientReply:client-DE0880F50CF2->72f5ceaa-5b3b-4bc7-b846-41895f4ebd48@group-833AA35A7EDE, cid=1049, SUCCESS, logIndex=1408, commits[72f5ceaa-5b3b-4bc7-b846-41895f4ebd48:c1410, b4e1f7d4-4bb4-47ed-a9cb-53483a899fb2:c1407, d3916bce-b37b-4246-83c6-d24846ba1a72:c1407]
2019-07-08 14:21:11,040 INFO  client.GrpcClientProtocolClient (GrpcClientProtocolClient.java:onNext(255)) - client-DE0880F50CF2->72f5ceaa-5b3b-4bc7-b846-41895f4ebd48: receive RaftClientReply:client-DE0880F50CF2->72f5ceaa-5b3b-4bc7-b846-41895f4ebd48@group-833AA35A7EDE, cid=1050, SUCCESS, logIndex=1409, commits[72f5ceaa-5b3b-4bc7-b846-41895f4ebd48:c1411, b4e1f7d4-4bb4-47ed-a9cb-53483a899fb2:c1407, d3916bce-b37b-4246-83c6-d24846ba1a72:c1407]
2019-07-08 14:21:11,040 INFO  client.GrpcClientProtocolClient (GrpcClientProtocolClient.java:onNext(255)) - client-DE0880F50CF2->72f5ceaa-5b3b-4bc7-b846-41895f4ebd48: receive RaftClientReply:client-DE0880F50CF2->72f5ceaa-5b3b-4bc7-b846-41895f4ebd48@group-833AA35A7EDE, cid=1051, SUCCESS, logIndex=1410, commits[72f5ceaa-5b3b-4bc7-b846-41895f4ebd48:c1411, b4e1f7d4-4bb4-47ed-a9cb-53483a899fb2:c1407, d3916bce-b37b-4246-83c6-d24846ba1a72:c1407]
2019-07-08 14:21:11,041 INFO  client.GrpcClientProtocolClient (GrpcClientProtocolClient.java:onNext(255)) - client-DE0880F50CF2->72f5ceaa-5b3b-4bc7-b846-41895f4ebd48: receive RaftClientReply:client-DE0880F50CF2->72f5ceaa-5b3b-4bc7-b846-41895f4ebd48@group-833AA35A7EDE, cid=1052, SUCCESS, logIndex=1411, commits[72f5ceaa-5b3b-4bc7-b846-41895f4ebd48:c1411, b4e1f7d4-4bb4-47ed-a9cb-53483a899fb2:c1407, d3916bce-b37b-4246-83c6-d24846ba1a72:c1407]
2019-07-08 14:21:11,052 INFO  client.GrpcClientProtocolClient (GrpcClientProtocolClient.java:onNext(255)) - client-DE0880F50CF2->72f5ceaa-5b3b-4bc7-b846-41895f4ebd48: receive RaftClientReply:client-DE0880F50CF2->72f5ceaa-5b3b-4bc7-b846-41895f4ebd48@group-833AA35A7EDE, cid=1053, SUCCESS, logIndex=0, commits[72f5ceaa-5b3b-4bc7-b846-41895f4ebd48:c1413, b4e1f7d4-4bb4-47ed-a9cb-53483a899fb2:c1409, d3916bce-b37b-4246-83c6-d24846ba1a72:c1409]
2019-07-08 14:21:11,073 INFO  client.GrpcClientProtocolClient (GrpcClientProtocolClient.java:onNext(255)) - client-DE0880F50CF2->72f5ceaa-5b3b-4bc7-b846-41895f4ebd48: receive RaftClientReply:client-DE0880F50CF2->72f5ceaa-5b3b-4bc7-b846-41895f4ebd48@group-833AA35A7EDE, cid=1054, SUCCESS, logIndex=1416, commits[72f5ceaa-5b3b-4bc7-b846-41895f4ebd48:c1417, b4e1f7d4-4bb4-47ed-a9cb-53483a899fb2:c1415, d3916bce-b37b-4246-83c6-d24846ba1a72:c1415]
2019-07-08 14:21:11,073 INFO  client.GrpcClientProtocolClient (GrpcClientProtocolClient.java:onNext(255)) - client-DE0880F50CF2->72f5ceaa-5b3b-4bc7-b846-41895f4ebd48: receive RaftClientReply:client-DE0880F50CF2->72f5ceaa-5b3b-4bc7-b846-41895f4ebd48@group-833AA35A7EDE, cid=1055, SUCCESS, logIndex=1417, commits[72f5ceaa-5b3b-4bc7-b846-41895f4ebd48:c1417, b4e1f7d4-4bb4-47ed-a9cb-53483a899fb2:c1415, d3916bce-b37b-4246-83c6-d24846ba1a72:c1415]
2019-07-08 14:21:11,087 INFO  client.GrpcClientProtocolClient (GrpcClientProtocolClient.java:onNext(255)) - client-DE0880F50CF2->72f5ceaa-5b3b-4bc7-b846-41895f4ebd48: receive RaftClientReply:client-DE0880F50CF2->72f5ceaa-5b3b-4bc7-b846-41895f4ebd48@group-833AA35A7EDE, cid=1056, SUCCESS, logIndex=1420, commits[72f5ceaa-5b3b-4bc7-b846-41895f4ebd48:c1421, b4e1f7d4-4bb4-47ed-a9cb-53483a899fb2:c1417, d3916bce-b37b-4246-83c6-d24846ba1a72:c1416]
2019-07-08 14:21:11,087 INFO  client.GrpcClientProtocolClient (GrpcClientProtocolClient.java:onNext(255)) - client-DE0880F50CF2->72f5ceaa-5b3b-4bc7-b846-41895f4ebd48: receive RaftClientReply:client-DE0880F50CF2->72f5ceaa-5b3b-4bc7-b846-41895f4ebd48@group-833AA35A7EDE, cid=1057, SUCCESS, logIndex=1421, commits[72f5ceaa-5b3b-4bc7-b846-41895f4ebd48:c1421, b4e1f7d4-4bb4-47ed-a9cb-53483a899fb2:c1417, d3916bce-b37b-4246-83c6-d24846ba1a72:c1417]
2019-07-08 14:21:11,089 INFO  client.GrpcClientProtocolClient (GrpcClientProtocolClient.java:onNext(255)) - client-DE0880F50CF2->72f5ceaa-5b3b-4bc7-b846-41895f4ebd48: receive RaftClientReply:client-DE0880F50CF2->72f5ceaa-5b3b-4bc7-b846-41895f4ebd48@group-833AA35A7EDE, cid=1058, SUCCESS, logIndex=0, commits[72f5ceaa-5b3b-4bc7-b846-41895f4ebd48:c1422, b4e1f7d4-4bb4-47ed-a9cb-53483a899fb2:c1421, d3916bce-b37b-4246-83c6-d24846ba1a72:c1421]
2019-07-08 14:21:11,112 INFO  client.GrpcClientProtocolClient (GrpcClientProtocolClient.java:onNext(255)) - client-DE0880F50CF2->72f5ceaa-5b3b-4bc7-b846-41895f4ebd48: receive RaftClientReply:client-DE0880F50CF2->72f5ceaa-5b3b-4bc7-b846-41895f4ebd48@group-833AA35A7EDE, cid=1059, SUCCESS, logIndex=1424, commits[72f5ceaa-5b3b-4bc7-b846-41895f4ebd48:c1425, b4e1f7d4-4bb4-47ed-a9cb-53483a899fb2:c1423, d3916bce-b37b-4246-83c6-d24846ba1a72:c1423]
2019-07-08 14:21:11,112 INFO  client.GrpcClientProtocolClient (GrpcClientProtocolClient.java:onNext(255)) - client-DE0880F50CF2->72f5ceaa-5b3b-4bc7-b846-41895f4ebd48: receive RaftClientReply:client-DE0880F50CF2->72f5ceaa-5b3b-4bc7-b846-41895f4ebd48@group-833AA35A7EDE, cid=1060, SUCCESS, logIndex=1425, commits[72f5ceaa-5b3b-4bc7-b846-41895f4ebd48:c1427, b4e1f7d4-4bb4-47ed-a9cb-53483a899fb2:c1423, d3916bce-b37b-4246-83c6-d24846ba1a72:c1423]
2019-07-08 14:21:11,113 INFO  client.GrpcClientProtocolClient (GrpcClientProtocolClient.java:onNext(255)) - client-DE0880F50CF2->72f5ceaa-5b3b-4bc7-b846-41895f4ebd48: receive RaftClientReply:client-DE0880F50CF2->72f5ceaa-5b3b-4bc7-b846-41895f4ebd48@group-833AA35A7EDE, cid=1061, SUCCESS, logIndex=1426, commits[72f5ceaa-5b3b-4bc7-b846-41895f4ebd48:c1427, b4e1f7d4-4bb4-47ed-a9cb-53483a899fb2:c1423, d3916bce-b37b-4246-83c6-d24846ba1a72:c1423]
2019-07-08 14:21:11,113 INFO  client.GrpcClientProtocolClient (GrpcClientProtocolClient.java:onNext(255)) - client-DE0880F50CF2->72f5ceaa-5b3b-4bc7-b846-41895f4ebd48: receive RaftClientReply:client-DE0880F50CF2->72f5ceaa-5b3b-4bc7-b846-41895f4ebd48@group-833AA35A7EDE, cid=1062, SUCCESS, logIndex=1427, commits[72f5ceaa-5b3b-4bc7-b846-41895f4ebd48:c1427, b4e1f7d4-4bb4-47ed-a9cb-53483a899fb2:c1423, d3916bce-b37b-4246-83c6-d24846ba1a72:c1423]
2019-07-08 14:21:11,124 INFO  client.GrpcClientProtocolClient (GrpcClientProtocolClient.java:onNext(255)) - client-DE0880F50CF2->72f5ceaa-5b3b-4bc7-b846-41895f4ebd48: receive RaftClientReply:client-DE0880F50CF2->72f5ceaa-5b3b-4bc7-b846-41895f4ebd48@group-833AA35A7EDE, cid=1063, SUCCESS, logIndex=0, commits[72f5ceaa-5b3b-4bc7-b846-41895f4ebd48:c1429, b4e1f7d4-4bb4-47ed-a9cb-53483a899fb2:c1425, d3916bce-b37b-4246-83c6-d24846ba1a72:c1425]
2019-07-08 14:21:11,145 INFO  client.GrpcClientProtocolClient (GrpcClientProtocolClient.java:onNext(255)) - client-DE0880F50CF2->72f5ceaa-5b3b-4bc7-b846-41895f4ebd48: receive RaftClientReply:client-DE0880F50CF2->72f5ceaa-5b3b-4bc7-b846-41895f4ebd48@group-833AA35A7EDE, cid=1064, SUCCESS, logIndex=1432, commits[72f5ceaa-5b3b-4bc7-b846-41895f4ebd48:c1433, b4e1f7d4-4bb4-47ed-a9cb-53483a899fb2:c1431, d3916bce-b37b-4246-83c6-d24846ba1a72:c1431]
2019-07-08 14:21:11,145 INFO  client.GrpcClientProtocolClient (GrpcClientProtocolClient.java:onNext(255)) - client-DE0880F50CF2->72f5ceaa-5b3b-4bc7-b846-41895f4ebd48: receive RaftClientReply:client-DE0880F50CF2->72f5ceaa-5b3b-4bc7-b846-41895f4ebd48@group-833AA35A7EDE, cid=1065, SUCCESS, logIndex=1433, commits[72f5ceaa-5b3b-4bc7-b846-41895f4ebd48:c1433, b4e1f7d4-4bb4-47ed-a9cb-53483a899fb2:c1431, d3916bce-b37b-4246-83c6-d24846ba1a72:c1431]
2019-07-08 14:21:11,169 INFO  client.GrpcClientProtocolClient (GrpcClientProtocolClient.java:onNext(255)) - client-DE0880F50CF2->72f5ceaa-5b3b-4bc7-b846-41895f4ebd48: receive RaftClientReply:client-DE0880F50CF2->72f5ceaa-5b3b-4bc7-b846-41895f4ebd48@group-833AA35A7EDE, cid=1066, SUCCESS, logIndex=1436, commits[72f5ceaa-5b3b-4bc7-b846-41895f4ebd48:c1437, b4e1f7d4-4bb4-47ed-a9cb-53483a899fb2:c1433, d3916bce-b37b-4246-83c6-d24846ba1a72:c1433]
2019-07-08 14:21:11,169 INFO  client.GrpcClientProtocolClient (GrpcClientProtocolClient.java:onNext(255)) - client-DE0880F50CF2->72f5ceaa-5b3b-4bc7-b846-41895f4ebd48: receive RaftClientReply:client-DE0880F50CF2->72f5ceaa-5b3b-4bc7-b846-41895f4ebd48@group-833AA35A7EDE, cid=1067, SUCCESS, logIndex=1437, commits[72f5ceaa-5b3b-4bc7-b846-41895f4ebd48:c1437, b4e1f7d4-4bb4-47ed-a9cb-53483a899fb2:c1433, d3916bce-b37b-4246-83c6-d24846ba1a72:c1433]
2019-07-08 14:21:11,182 INFO  client.GrpcClientProtocolClient (GrpcClientProtocolClient.java:onNext(255)) - client-DE0880F50CF2->72f5ceaa-5b3b-4bc7-b846-41895f4ebd48: receive RaftClientReply:client-DE0880F50CF2->72f5ceaa-5b3b-4bc7-b846-41895f4ebd48@group-833AA35A7EDE, cid=1068, SUCCESS, logIndex=0, commits[72f5ceaa-5b3b-4bc7-b846-41895f4ebd48:c1439, b4e1f7d4-4bb4-47ed-a9cb-53483a899fb2:c1437, d3916bce-b37b-4246-83c6-d24846ba1a72:c1437]
2019-07-08 14:21:11,202 INFO  client.GrpcClientProtocolClient (GrpcClientProtocolClient.java:onNext(255)) - client-DE0880F50CF2->72f5ceaa-5b3b-4bc7-b846-41895f4ebd48: receive RaftClientReply:client-DE0880F50CF2->72f5ceaa-5b3b-4bc7-b846-41895f4ebd48@group-833AA35A7EDE, cid=1069, SUCCESS, logIndex=1440, commits[72f5ceaa-5b3b-4bc7-b846-41895f4ebd48:c1441, b4e1f7d4-4bb4-47ed-a9cb-53483a899fb2:c1439, d3916bce-b37b-4246-83c6-d24846ba1a72:c1439]
2019-07-08 14:21:11,203 INFO  client.GrpcClientProtocolClient (GrpcClientProtocolClient.java:onNext(255)) - client-DE0880F50CF2->72f5ceaa-5b3b-4bc7-b846-41895f4ebd48: receive RaftClientReply:client-DE0880F50CF2->72f5ceaa-5b3b-4bc7-b846-41895f4ebd48@group-833AA35A7EDE, cid=1070, SUCCESS, logIndex=1441, commits[72f5ceaa-5b3b-4bc7-b846-41895f4ebd48:c1443, b4e1f7d4-4bb4-47ed-a9cb-53483a899fb2:c1439, d3916bce-b37b-4246-83c6-d24846ba1a72:c1439]
2019-07-08 14:21:11,204 INFO  client.GrpcClientProtocolClient (GrpcClientProtocolClient.java:onNext(255)) - client-DE0880F50CF2->72f5ceaa-5b3b-4bc7-b846-41895f4ebd48: receive RaftClientReply:client-DE0880F50CF2->72f5ceaa-5b3b-4bc7-b846-41895f4ebd48@group-833AA35A7EDE, cid=1071, SUCCESS, logIndex=1442, commits[72f5ceaa-5b3b-4bc7-b846-41895f4ebd48:c1443, b4e1f7d4-4bb4-47ed-a9cb-53483a899fb2:c1439, d3916bce-b37b-4246-83c6-d24846ba1a72:c1439]
2019-07-08 14:21:11,204 INFO  client.GrpcClientProtocolClient (GrpcClientProtocolClient.java:onNext(255)) - client-DE0880F50CF2->72f5ceaa-5b3b-4bc7-b846-41895f4ebd48: receive RaftClientReply:client-DE0880F50CF2->72f5ceaa-5b3b-4bc7-b846-41895f4ebd48@group-833AA35A7EDE, cid=1072, SUCCESS, logIndex=1443, commits[72f5ceaa-5b3b-4bc7-b846-41895f4ebd48:c1444, b4e1f7d4-4bb4-47ed-a9cb-53483a899fb2:c1440, d3916bce-b37b-4246-83c6-d24846ba1a72:c1439]
2019-07-08 14:21:11,205 INFO  client.GrpcClientProtocolClient (GrpcClientProtocolClient.java:onNext(255)) - client-DE0880F50CF2->72f5ceaa-5b3b-4bc7-b846-41895f4ebd48: receive RaftClientReply:client-DE0880F50CF2->72f5ceaa-5b3b-4bc7-b846-41895f4ebd48@group-833AA35A7EDE, cid=1073, SUCCESS, logIndex=0, commits[72f5ceaa-5b3b-4bc7-b846-41895f4ebd48:c1446, b4e1f7d4-4bb4-47ed-a9cb-53483a899fb2:c1443, d3916bce-b37b-4246-83c6-d24846ba1a72:c1441]
2019-07-08 14:21:11,227 INFO  client.GrpcClientProtocolClient (GrpcClientProtocolClient.java:onNext(255)) - client-DE0880F50CF2->72f5ceaa-5b3b-4bc7-b846-41895f4ebd48: receive RaftClientReply:client-DE0880F50CF2->72f5ceaa-5b3b-4bc7-b846-41895f4ebd48@group-833AA35A7EDE, cid=1074, SUCCESS, logIndex=1447, commits[72f5ceaa-5b3b-4bc7-b846-41895f4ebd48:c1448, b4e1f7d4-4bb4-47ed-a9cb-53483a899fb2:c1446, d3916bce-b37b-4246-83c6-d24846ba1a72:c1446]
2019-07-08 14:21:11,227 INFO  client.GrpcClientProtocolClient (GrpcClientProtocolClient.java:onNext(255)) - client-DE0880F50CF2->72f5ceaa-5b3b-4bc7-b846-41895f4ebd48: receive RaftClientReply:client-DE0880F50CF2->72f5ceaa-5b3b-4bc7-b846-41895f4ebd48@group-833AA35A7EDE, cid=1075, SUCCESS, logIndex=1448, commits[72f5ceaa-5b3b-4bc7-b846-41895f4ebd48:c1448, b4e1f7d4-4bb4-47ed-a9cb-53483a899fb2:c1446, d3916bce-b37b-4246-83c6-d24846ba1a72:c1446]
2019-07-08 14:21:11,240 INFO  client.GrpcClientProtocolClient (GrpcClientProtocolClient.java:onNext(255)) - client-DE0880F50CF2->72f5ceaa-5b3b-4bc7-b846-41895f4ebd48: receive RaftClientReply:client-DE0880F50CF2->72f5ceaa-5b3b-4bc7-b846-41895f4ebd48@group-833AA35A7EDE, cid=1076, SUCCESS, logIndex=1451, commits[72f5ceaa-5b3b-4bc7-b846-41895f4ebd48:c1452, b4e1f7d4-4bb4-47ed-a9cb-53483a899fb2:c1448, d3916bce-b37b-4246-83c6-d24846ba1a72:c1448]
2019-07-08 14:21:11,241 INFO  client.GrpcClientProtocolClient (GrpcClientProtocolClient.java:onNext(255)) - client-DE0880F50CF2->72f5ceaa-5b3b-4bc7-b846-41895f4ebd48: receive RaftClientReply:client-DE0880F50CF2->72f5ceaa-5b3b-4bc7-b846-41895f4ebd48@group-833AA35A7EDE, cid=1077, SUCCESS, logIndex=1452, commits[72f5ceaa-5b3b-4bc7-b846-41895f4ebd48:c1452, b4e1f7d4-4bb4-47ed-a9cb-53483a899fb2:c1448, d3916bce-b37b-4246-83c6-d24846ba1a72:c1448]
2019-07-08 14:21:11,244 INFO  client.GrpcClientProtocolClient (GrpcClientProtocolClient.java:onNext(255)) - client-DE0880F50CF2->72f5ceaa-5b3b-4bc7-b846-41895f4ebd48: receive RaftClientReply:client-DE0880F50CF2->72f5ceaa-5b3b-4bc7-b846-41895f4ebd48@group-833AA35A7EDE, cid=1078, SUCCESS, logIndex=0, commits[72f5ceaa-5b3b-4bc7-b846-41895f4ebd48:c1454, b4e1f7d4-4bb4-47ed-a9cb-53483a899fb2:c1452, d3916bce-b37b-4246-83c6-d24846ba1a72:c1452]
2019-07-08 14:21:11,280 INFO  client.GrpcClientProtocolClient (GrpcClientProtocolClient.java:onNext(255)) - client-DE0880F50CF2->72f5ceaa-5b3b-4bc7-b846-41895f4ebd48: receive RaftClientReply:client-DE0880F50CF2->72f5ceaa-5b3b-4bc7-b846-41895f4ebd48@group-833AA35A7EDE, cid=1079, SUCCESS, logIndex=1455, commits[72f5ceaa-5b3b-4bc7-b846-41895f4ebd48:c1456, b4e1f7d4-4bb4-47ed-a9cb-53483a899fb2:c1454, d3916bce-b37b-4246-83c6-d24846ba1a72:c1454]
2019-07-08 14:21:11,280 INFO  client.GrpcClientProtocolClient (GrpcClientProtocolClient.java:onNext(255)) - client-DE0880F50CF2->72f5ceaa-5b3b-4bc7-b846-41895f4ebd48: receive RaftClientReply:client-DE0880F50CF2->72f5ceaa-5b3b-4bc7-b846-41895f4ebd48@group-833AA35A7EDE, cid=1080, SUCCESS, logIndex=1456, commits[72f5ceaa-5b3b-4bc7-b846-41895f4ebd48:c1458, b4e1f7d4-4bb4-47ed-a9cb-53483a899fb2:c1454, d3916bce-b37b-4246-83c6-d24846ba1a72:c1454]
2019-07-08 14:21:11,280 INFO  client.GrpcClientProtocolClient (GrpcClientProtocolClient.java:onNext(255)) - client-DE0880F50CF2->72f5ceaa-5b3b-4bc7-b846-41895f4ebd48: receive RaftClientReply:client-DE0880F50CF2->72f5ceaa-5b3b-4bc7-b846-41895f4ebd48@group-833AA35A7EDE, cid=1081, SUCCESS, logIndex=1457, commits[72f5ceaa-5b3b-4bc7-b846-41895f4ebd48:c1458, b4e1f7d4-4bb4-47ed-a9cb-53483a899fb2:c1454, d3916bce-b37b-4246-83c6-d24846ba1a72:c1454]
2019-07-08 14:21:11,281 INFO  client.GrpcClientProtocolClient (GrpcClientProtocolClient.java:onNext(255)) - client-DE0880F50CF2->72f5ceaa-5b3b-4bc7-b846-41895f4ebd48: receive RaftClientReply:client-DE0880F50CF2->72f5ceaa-5b3b-4bc7-b846-41895f4ebd48@group-833AA35A7EDE, cid=1082, SUCCESS, logIndex=1458, commits[72f5ceaa-5b3b-4bc7-b846-41895f4ebd48:c1458, b4e1f7d4-4bb4-47ed-a9cb-53483a899fb2:c1454, d3916bce-b37b-4246-83c6-d24846ba1a72:c1454]
2019-07-08 14:21:11,283 INFO  client.GrpcClientProtocolClient (GrpcClientProtocolClient.java:onNext(255)) - client-DE0880F50CF2->72f5ceaa-5b3b-4bc7-b846-41895f4ebd48: receive RaftClientReply:client-DE0880F50CF2->72f5ceaa-5b3b-4bc7-b846-41895f4ebd48@group-833AA35A7EDE, cid=1083, SUCCESS, logIndex=0, commits[72f5ceaa-5b3b-4bc7-b846-41895f4ebd48:c1460, b4e1f7d4-4bb4-47ed-a9cb-53483a899fb2:c1456, d3916bce-b37b-4246-83c6-d24846ba1a72:c1458]
2019-07-08 14:21:11,303 INFO  client.GrpcClientProtocolClient (GrpcClientProtocolClient.java:onNext(255)) - client-DE0880F50CF2->72f5ceaa-5b3b-4bc7-b846-41895f4ebd48: receive RaftClientReply:client-DE0880F50CF2->72f5ceaa-5b3b-4bc7-b846-41895f4ebd48@group-833AA35A7EDE, cid=1084, SUCCESS, logIndex=1462, commits[72f5ceaa-5b3b-4bc7-b846-41895f4ebd48:c1463, b4e1f7d4-4bb4-47ed-a9cb-53483a899fb2:c1461, d3916bce-b37b-4246-83c6-d24846ba1a72:c1461]
2019-07-08 14:21:11,304 INFO  client.GrpcClientProtocolClient (GrpcClientProtocolClient.java:onNext(255)) - client-DE0880F50CF2->72f5ceaa-5b3b-4bc7-b846-41895f4ebd48: receive RaftClientReply:client-DE0880F50CF2->72f5ceaa-5b3b-4bc7-b846-41895f4ebd48@group-833AA35A7EDE, cid=1085, SUCCESS, logIndex=1463, commits[72f5ceaa-5b3b-4bc7-b846-41895f4ebd48:c1463, b4e1f7d4-4bb4-47ed-a9cb-53483a899fb2:c1461, d3916bce-b37b-4246-83c6-d24846ba1a72:c1461]
2019-07-08 14:21:11,328 INFO  client.GrpcClientProtocolClient (GrpcClientProtocolClient.java:onNext(255)) - client-DE0880F50CF2->72f5ceaa-5b3b-4bc7-b846-41895f4ebd48: receive RaftClientReply:client-DE0880F50CF2->72f5ceaa-5b3b-4bc7-b846-41895f4ebd48@group-833AA35A7EDE, cid=1086, SUCCESS, logIndex=1466, commits[72f5ceaa-5b3b-4bc7-b846-41895f4ebd48:c1467, b4e1f7d4-4bb4-47ed-a9cb-53483a899fb2:c1463, d3916bce-b37b-4246-83c6-d24846ba1a72:c1462]
2019-07-08 14:21:11,328 INFO  client.GrpcClientProtocolClient (GrpcClientProtocolClient.java:onNext(255)) - client-DE0880F50CF2->72f5ceaa-5b3b-4bc7-b846-41895f4ebd48: receive RaftClientReply:client-DE0880F50CF2->72f5ceaa-5b3b-4bc7-b846-41895f4ebd48@group-833AA35A7EDE, cid=1087, SUCCESS, logIndex=1467, commits[72f5ceaa-5b3b-4bc7-b846-41895f4ebd48:c1467, b4e1f7d4-4bb4-47ed-a9cb-53483a899fb2:c1463, d3916bce-b37b-4246-83c6-d24846ba1a72:c1463]
2019-07-08 14:21:11,331 INFO  client.GrpcClientProtocolClient (GrpcClientProtocolClient.java:onNext(255)) - client-DE0880F50CF2->72f5ceaa-5b3b-4bc7-b846-41895f4ebd48: receive RaftClientReply:client-DE0880F50CF2->72f5ceaa-5b3b-4bc7-b846-41895f4ebd48@group-833AA35A7EDE, cid=1088, SUCCESS, logIndex=0, commits[72f5ceaa-5b3b-4bc7-b846-41895f4ebd48:c1469, b4e1f7d4-4bb4-47ed-a9cb-53483a899fb2:c1467, d3916bce-b37b-4246-83c6-d24846ba1a72:c1467]
2019-07-08 14:21:11,353 INFO  client.GrpcClientProtocolClient (GrpcClientProtocolClient.java:onNext(255)) - client-DE0880F50CF2->72f5ceaa-5b3b-4bc7-b846-41895f4ebd48: receive RaftClientReply:client-DE0880F50CF2->72f5ceaa-5b3b-4bc7-b846-41895f4ebd48@group-833AA35A7EDE, cid=1089, SUCCESS, logIndex=1470, commits[72f5ceaa-5b3b-4bc7-b846-41895f4ebd48:c1471, b4e1f7d4-4bb4-47ed-a9cb-53483a899fb2:c1469, d3916bce-b37b-4246-83c6-d24846ba1a72:c1469]
2019-07-08 14:21:11,354 INFO  client.GrpcClientProtocolClient (GrpcClientProtocolClient.java:onNext(255)) - client-DE0880F50CF2->72f5ceaa-5b3b-4bc7-b846-41895f4ebd48: receive RaftClientReply:client-DE0880F50CF2->72f5ceaa-5b3b-4bc7-b846-41895f4ebd48@group-833AA35A7EDE, cid=1090, SUCCESS, logIndex=1471, commits[72f5ceaa-5b3b-4bc7-b846-41895f4ebd48:c1472, b4e1f7d4-4bb4-47ed-a9cb-53483a899fb2:c1469, d3916bce-b37b-4246-83c6-d24846ba1a72:c1469]
2019-07-08 14:21:11,354 INFO  client.GrpcClientProtocolClient (GrpcClientProtocolClient.java:onNext(255)) - client-DE0880F50CF2->72f5ceaa-5b3b-4bc7-b846-41895f4ebd48: receive RaftClientReply:client-DE0880F50CF2->72f5ceaa-5b3b-4bc7-b846-41895f4ebd48@group-833AA35A7EDE, cid=1091, SUCCESS, logIndex=1472, commits[72f5ceaa-5b3b-4bc7-b846-41895f4ebd48:c1473, b4e1f7d4-4bb4-47ed-a9cb-53483a899fb2:c1469, d3916bce-b37b-4246-83c6-d24846ba1a72:c1469]
2019-07-08 14:21:11,354 INFO  client.GrpcClientProtocolClient (GrpcClientProtocolClient.java:onNext(255)) - client-DE0880F50CF2->72f5ceaa-5b3b-4bc7-b846-41895f4ebd48: receive RaftClientReply:client-DE0880F50CF2->72f5ceaa-5b3b-4bc7-b846-41895f4ebd48@group-833AA35A7EDE, cid=1092, SUCCESS, logIndex=1473, commits[72f5ceaa-5b3b-4bc7-b846-41895f4ebd48:c1473, b4e1f7d4-4bb4-47ed-a9cb-53483a899fb2:c1469, d3916bce-b37b-4246-83c6-d24846ba1a72:c1469]
2019-07-08 14:21:11,356 INFO  client.GrpcClientProtocolClient (GrpcClientProtocolClient.java:onNext(255)) - client-DE0880F50CF2->72f5ceaa-5b3b-4bc7-b846-41895f4ebd48: receive RaftClientReply:client-DE0880F50CF2->72f5ceaa-5b3b-4bc7-b846-41895f4ebd48@group-833AA35A7EDE, cid=1093, SUCCESS, logIndex=0, commits[72f5ceaa-5b3b-4bc7-b846-41895f4ebd48:c1476, b4e1f7d4-4bb4-47ed-a9cb-53483a899fb2:c1471, d3916bce-b37b-4246-83c6-d24846ba1a72:c1473]
2019-07-08 14:21:11,380 INFO  client.GrpcClientProtocolClient (GrpcClientProtocolClient.java:onNext(255)) - client-DE0880F50CF2->72f5ceaa-5b3b-4bc7-b846-41895f4ebd48: receive RaftClientReply:client-DE0880F50CF2->72f5ceaa-5b3b-4bc7-b846-41895f4ebd48@group-833AA35A7EDE, cid=1094, SUCCESS, logIndex=1478, commits[72f5ceaa-5b3b-4bc7-b846-41895f4ebd48:c1479, b4e1f7d4-4bb4-47ed-a9cb-53483a899fb2:c1477, d3916bce-b37b-4246-83c6-d24846ba1a72:c1477]
2019-07-08 14:21:11,380 INFO  client.GrpcClientProtocolClient (GrpcClientProtocolClient.java:onNext(255)) - client-DE0880F50CF2->72f5ceaa-5b3b-4bc7-b846-41895f4ebd48: receive RaftClientReply:client-DE0880F50CF2->72f5ceaa-5b3b-4bc7-b846-41895f4ebd48@group-833AA35A7EDE, cid=1095, SUCCESS, logIndex=1479, commits[72f5ceaa-5b3b-4bc7-b846-41895f4ebd48:c1479, b4e1f7d4-4bb4-47ed-a9cb-53483a899fb2:c1477, d3916bce-b37b-4246-83c6-d24846ba1a72:c1477]
2019-07-08 14:21:11,393 INFO  client.GrpcClientProtocolClient (GrpcClientProtocolClient.java:onNext(255)) - client-DE0880F50CF2->72f5ceaa-5b3b-4bc7-b846-41895f4ebd48: receive RaftClientReply:client-DE0880F50CF2->72f5ceaa-5b3b-4bc7-b846-41895f4ebd48@group-833AA35A7EDE, cid=1096, SUCCESS, logIndex=1482, commits[72f5ceaa-5b3b-4bc7-b846-41895f4ebd48:c1483, b4e1f7d4-4bb4-47ed-a9cb-53483a899fb2:c1478, d3916bce-b37b-4246-83c6-d24846ba1a72:c1479]
2019-07-08 14:21:11,394 INFO  client.GrpcClientProtocolClient (GrpcClientProtocolClient.java:onNext(255)) - client-DE0880F50CF2->72f5ceaa-5b3b-4bc7-b846-41895f4ebd48: receive RaftClientReply:client-DE0880F50CF2->72f5ceaa-5b3b-4bc7-b846-41895f4ebd48@group-833AA35A7EDE, cid=1097, SUCCESS, logIndex=1483, commits[72f5ceaa-5b3b-4bc7-b846-41895f4ebd48:c1483, b4e1f7d4-4bb4-47ed-a9cb-53483a899fb2:c1479, d3916bce-b37b-4246-83c6-d24846ba1a72:c1479]
2019-07-08 14:21:11,406 INFO  client.GrpcClientProtocolClient (GrpcClientProtocolClient.java:onNext(255)) - client-DE0880F50CF2->72f5ceaa-5b3b-4bc7-b846-41895f4ebd48: receive RaftClientReply:client-DE0880F50CF2->72f5ceaa-5b3b-4bc7-b846-41895f4ebd48@group-833AA35A7EDE, cid=1098, SUCCESS, logIndex=0, commits[72f5ceaa-5b3b-4bc7-b846-41895f4ebd48:c1484, b4e1f7d4-4bb4-47ed-a9cb-53483a899fb2:c1483, d3916bce-b37b-4246-83c6-d24846ba1a72:c1483]
2019-07-08 14:21:11,429 INFO  client.GrpcClientProtocolClient (GrpcClientProtocolClient.java:onNext(255)) - client-DE0880F50CF2->72f5ceaa-5b3b-4bc7-b846-41895f4ebd48: receive RaftClientReply:client-DE0880F50CF2->72f5ceaa-5b3b-4bc7-b846-41895f4ebd48@group-833AA35A7EDE, cid=1099, SUCCESS, logIndex=1486, commits[72f5ceaa-5b3b-4bc7-b846-41895f4ebd48:c1487, b4e1f7d4-4bb4-47ed-a9cb-53483a899fb2:c1485, d3916bce-b37b-4246-83c6-d24846ba1a72:c1485]
2019-07-08 14:21:11,430 INFO  client.GrpcClientProtocolClient (GrpcClientProtocolClient.java:onNext(255)) - client-DE0880F50CF2->72f5ceaa-5b3b-4bc7-b846-41895f4ebd48: receive RaftClientReply:client-DE0880F50CF2->72f5ceaa-5b3b-4bc7-b846-41895f4ebd48@group-833AA35A7EDE, cid=1100, SUCCESS, logIndex=1487, commits[72f5ceaa-5b3b-4bc7-b846-41895f4ebd48:c1489, b4e1f7d4-4bb4-47ed-a9cb-53483a899fb2:c1485, d3916bce-b37b-4246-83c6-d24846ba1a72:c1485]
2019-07-08 14:21:11,430 INFO  client.GrpcClientProtocolClient (GrpcClientProtocolClient.java:onNext(255)) - client-DE0880F50CF2->72f5ceaa-5b3b-4bc7-b846-41895f4ebd48: receive RaftClientReply:client-DE0880F50CF2->72f5ceaa-5b3b-4bc7-b846-41895f4ebd48@group-833AA35A7EDE, cid=1101, SUCCESS, logIndex=1488, commits[72f5ceaa-5b3b-4bc7-b846-41895f4ebd48:c1489, b4e1f7d4-4bb4-47ed-a9cb-53483a899fb2:c1485, d3916bce-b37b-4246-83c6-d24846ba1a72:c1485]
2019-07-08 14:21:11,430 INFO  client.GrpcClientProtocolClient (GrpcClientProtocolClient.java:onNext(255)) - client-DE0880F50CF2->72f5ceaa-5b3b-4bc7-b846-41895f4ebd48: receive RaftClientReply:client-DE0880F50CF2->72f5ceaa-5b3b-4bc7-b846-41895f4ebd48@group-833AA35A7EDE, cid=1102, SUCCESS, logIndex=1489, commits[72f5ceaa-5b3b-4bc7-b846-41895f4ebd48:c1489, b4e1f7d4-4bb4-47ed-a9cb-53483a899fb2:c1485, d3916bce-b37b-4246-83c6-d24846ba1a72:c1485]
2019-07-08 14:21:11,442 INFO  client.GrpcClientProtocolClient (GrpcClientProtocolClient.java:onNext(255)) - client-DE0880F50CF2->72f5ceaa-5b3b-4bc7-b846-41895f4ebd48: receive RaftClientReply:client-DE0880F50CF2->72f5ceaa-5b3b-4bc7-b846-41895f4ebd48@group-833AA35A7EDE, cid=1103, SUCCESS, logIndex=0, commits[72f5ceaa-5b3b-4bc7-b846-41895f4ebd48:c1491, b4e1f7d4-4bb4-47ed-a9cb-53483a899fb2:c1487, d3916bce-b37b-4246-83c6-d24846ba1a72:c1487]
2019-07-08 14:21:11,461 INFO  client.GrpcClientProtocolClient (GrpcClientProtocolClient.java:onNext(255)) - client-DE0880F50CF2->72f5ceaa-5b3b-4bc7-b846-41895f4ebd48: receive RaftClientReply:client-DE0880F50CF2->72f5ceaa-5b3b-4bc7-b846-41895f4ebd48@group-833AA35A7EDE, cid=1104, SUCCESS, logIndex=1494, commits[72f5ceaa-5b3b-4bc7-b846-41895f4ebd48:c1494, b4e1f7d4-4bb4-47ed-a9cb-53483a899fb2:c1493, d3916bce-b37b-4246-83c6-d24846ba1a72:c1493]
2019-07-08 14:21:11,462 INFO  client.GrpcClientProtocolClient (GrpcClientProtocolClient.java:onNext(255)) - client-DE0880F50CF2->72f5ceaa-5b3b-4bc7-b846-41895f4ebd48: receive RaftClientReply:client-DE0880F50CF2->72f5ceaa-5b3b-4bc7-b846-41895f4ebd48@group-833AA35A7EDE, cid=1105, SUCCESS, logIndex=1495, commits[72f5ceaa-5b3b-4bc7-b846-41895f4ebd48:c1495, b4e1f7d4-4bb4-47ed-a9cb-53483a899fb2:c1493, d3916bce-b37b-4246-83c6-d24846ba1a72:c1493]
2019-07-08 14:21:11,475 INFO  client.GrpcClientProtocolClient (GrpcClientProtocolClient.java:onNext(255)) - client-DE0880F50CF2->72f5ceaa-5b3b-4bc7-b846-41895f4ebd48: receive RaftClientReply:client-DE0880F50CF2->72f5ceaa-5b3b-4bc7-b846-41895f4ebd48@group-833AA35A7EDE, cid=1106, SUCCESS, logIndex=1498, commits[72f5ceaa-5b3b-4bc7-b846-41895f4ebd48:c1499, b4e1f7d4-4bb4-47ed-a9cb-53483a899fb2:c1495, d3916bce-b37b-4246-83c6-d24846ba1a72:c1495]
2019-07-08 14:21:11,475 INFO  client.GrpcClientProtocolClient (GrpcClientProtocolClient.java:onNext(255)) - client-DE0880F50CF2->72f5ceaa-5b3b-4bc7-b846-41895f4ebd48: receive RaftClientReply:client-DE0880F50CF2->72f5ceaa-5b3b-4bc7-b846-41895f4ebd48@group-833AA35A7EDE, cid=1107, SUCCESS, logIndex=1499, commits[72f5ceaa-5b3b-4bc7-b846-41895f4ebd48:c1499, b4e1f7d4-4bb4-47ed-a9cb-53483a899fb2:c1495, d3916bce-b37b-4246-83c6-d24846ba1a72:c1495]
2019-07-08 14:21:11,488 INFO  client.GrpcClientProtocolClient (GrpcClientProtocolClient.java:onNext(255)) - client-DE0880F50CF2->72f5ceaa-5b3b-4bc7-b846-41895f4ebd48: receive RaftClientReply:client-DE0880F50CF2->72f5ceaa-5b3b-4bc7-b846-41895f4ebd48@group-833AA35A7EDE, cid=1108, SUCCESS, logIndex=0, commits[72f5ceaa-5b3b-4bc7-b846-41895f4ebd48:c1501, b4e1f7d4-4bb4-47ed-a9cb-53483a899fb2:c1499, d3916bce-b37b-4246-83c6-d24846ba1a72:c1499]
2019-07-08 14:21:11,510 INFO  client.GrpcClientProtocolClient (GrpcClientProtocolClient.java:onNext(255)) - client-DE0880F50CF2->72f5ceaa-5b3b-4bc7-b846-41895f4ebd48: receive RaftClientReply:client-DE0880F50CF2->72f5ceaa-5b3b-4bc7-b846-41895f4ebd48@group-833AA35A7EDE, cid=1109, SUCCESS, logIndex=1502, commits[72f5ceaa-5b3b-4bc7-b846-41895f4ebd48:c1503, b4e1f7d4-4bb4-47ed-a9cb-53483a899fb2:c1501, d3916bce-b37b-4246-83c6-d24846ba1a72:c1501]
2019-07-08 14:21:11,510 INFO  client.GrpcClientProtocolClient (GrpcClientProtocolClient.java:onNext(255)) - client-DE0880F50CF2->72f5ceaa-5b3b-4bc7-b846-41895f4ebd48: receive RaftClientReply:client-DE0880F50CF2->72f5ceaa-5b3b-4bc7-b846-41895f4ebd48@group-833AA35A7EDE, cid=1110, SUCCESS, logIndex=1503, commits[72f5ceaa-5b3b-4bc7-b846-41895f4ebd48:c1505, b4e1f7d4-4bb4-47ed-a9cb-53483a899fb2:c1501, d3916bce-b37b-4246-83c6-d24846ba1a72:c1501]
2019-07-08 14:21:11,510 INFO  client.GrpcClientProtocolClient (GrpcClientProtocolClient.java:onNext(255)) - client-DE0880F50CF2->72f5ceaa-5b3b-4bc7-b846-41895f4ebd48: receive RaftClientReply:client-DE0880F50CF2->72f5ceaa-5b3b-4bc7-b846-41895f4ebd48@group-833AA35A7EDE, cid=1111, SUCCESS, logIndex=1504, commits[72f5ceaa-5b3b-4bc7-b846-41895f4ebd48:c1505, b4e1f7d4-4bb4-47ed-a9cb-53483a899fb2:c1501, d3916bce-b37b-4246-83c6-d24846ba1a72:c1501]
2019-07-08 14:21:11,511 INFO  client.GrpcClientProtocolClient (GrpcClientProtocolClient.java:onNext(255)) - client-DE0880F50CF2->72f5ceaa-5b3b-4bc7-b846-41895f4ebd48: receive RaftClientReply:client-DE0880F50CF2->72f5ceaa-5b3b-4bc7-b846-41895f4ebd48@group-833AA35A7EDE, cid=1112, SUCCESS, logIndex=1505, commits[72f5ceaa-5b3b-4bc7-b846-41895f4ebd48:c1505, b4e1f7d4-4bb4-47ed-a9cb-53483a899fb2:c1501, d3916bce-b37b-4246-83c6-d24846ba1a72:c1501]
2019-07-08 14:21:11,513 INFO  client.GrpcClientProtocolClient (GrpcClientProtocolClient.java:onNext(255)) - client-DE0880F50CF2->72f5ceaa-5b3b-4bc7-b846-41895f4ebd48: receive RaftClientReply:client-DE0880F50CF2->72f5ceaa-5b3b-4bc7-b846-41895f4ebd48@group-833AA35A7EDE, cid=1113, SUCCESS, logIndex=0, commits[72f5ceaa-5b3b-4bc7-b846-41895f4ebd48:c1507, b4e1f7d4-4bb4-47ed-a9cb-53483a899fb2:c1503, d3916bce-b37b-4246-83c6-d24846ba1a72:c1503]
2019-07-08 14:21:11,548 INFO  client.GrpcClientProtocolClient (GrpcClientProtocolClient.java:onNext(255)) - client-DE0880F50CF2->72f5ceaa-5b3b-4bc7-b846-41895f4ebd48: receive RaftClientReply:client-DE0880F50CF2->72f5ceaa-5b3b-4bc7-b846-41895f4ebd48@group-833AA35A7EDE, cid=1114, SUCCESS, logIndex=1510, commits[72f5ceaa-5b3b-4bc7-b846-41895f4ebd48:c1511, b4e1f7d4-4bb4-47ed-a9cb-53483a899fb2:c1509, d3916bce-b37b-4246-83c6-d24846ba1a72:c1509]
2019-07-08 14:21:11,549 INFO  client.GrpcClientProtocolClient (GrpcClientProtocolClient.java:onNext(255)) - client-DE0880F50CF2->72f5ceaa-5b3b-4bc7-b846-41895f4ebd48: receive RaftClientReply:client-DE0880F50CF2->72f5ceaa-5b3b-4bc7-b846-41895f4ebd48@group-833AA35A7EDE, cid=1115, SUCCESS, logIndex=1511, commits[72f5ceaa-5b3b-4bc7-b846-41895f4ebd48:c1511, b4e1f7d4-4bb4-47ed-a9cb-53483a899fb2:c1509, d3916bce-b37b-4246-83c6-d24846ba1a72:c1509]
2019-07-08 14:21:11,570 INFO  client.GrpcClientProtocolClient (GrpcClientProtocolClient.java:onNext(255)) - client-DE0880F50CF2->72f5ceaa-5b3b-4bc7-b846-41895f4ebd48: receive RaftClientReply:client-DE0880F50CF2->72f5ceaa-5b3b-4bc7-b846-41895f4ebd48@group-833AA35A7EDE, cid=1116, SUCCESS, logIndex=1514, commits[72f5ceaa-5b3b-4bc7-b846-41895f4ebd48:c1514, b4e1f7d4-4bb4-47ed-a9cb-53483a899fb2:c1511, d3916bce-b37b-4246-83c6-d24846ba1a72:c1511]
2019-07-08 14:21:11,570 INFO  client.GrpcClientProtocolClient (GrpcClientProtocolClient.java:onNext(255)) - client-DE0880F50CF2->72f5ceaa-5b3b-4bc7-b846-41895f4ebd48: receive RaftClientReply:client-DE0880F50CF2->72f5ceaa-5b3b-4bc7-b846-41895f4ebd48@group-833AA35A7EDE, cid=1117, SUCCESS, logIndex=1515, commits[72f5ceaa-5b3b-4bc7-b846-41895f4ebd48:c1515, b4e1f7d4-4bb4-47ed-a9cb-53483a899fb2:c1511, d3916bce-b37b-4246-83c6-d24846ba1a72:c1511]
2019-07-08 14:21:11,582 INFO  client.GrpcClientProtocolClient (GrpcClientProtocolClient.java:onNext(255)) - client-DE0880F50CF2->72f5ceaa-5b3b-4bc7-b846-41895f4ebd48: receive RaftClientReply:client-DE0880F50CF2->72f5ceaa-5b3b-4bc7-b846-41895f4ebd48@group-833AA35A7EDE, cid=1118, SUCCESS, logIndex=0, commits[72f5ceaa-5b3b-4bc7-b846-41895f4ebd48:c1517, b4e1f7d4-4bb4-47ed-a9cb-53483a899fb2:c1515, d3916bce-b37b-4246-83c6-d24846ba1a72:c1515]
2019-07-08 14:21:11,725 INFO  client.GrpcClientProtocolClient (GrpcClientProtocolClient.java:onNext(255)) - client-DE0880F50CF2->72f5ceaa-5b3b-4bc7-b846-41895f4ebd48: receive RaftClientReply:client-DE0880F50CF2->72f5ceaa-5b3b-4bc7-b846-41895f4ebd48@group-833AA35A7EDE, cid=1119, SUCCESS, logIndex=1518, commits[72f5ceaa-5b3b-4bc7-b846-41895f4ebd48:c1521, b4e1f7d4-4bb4-47ed-a9cb-53483a899fb2:c1517, d3916bce-b37b-4246-83c6-d24846ba1a72:c1517]
2019-07-08 14:21:11,726 INFO  client.GrpcClientProtocolClient (GrpcClientProtocolClient.java:onNext(255)) - client-DE0880F50CF2->72f5ceaa-5b3b-4bc7-b846-41895f4ebd48: receive RaftClientReply:client-DE0880F50CF2->72f5ceaa-5b3b-4bc7-b846-41895f4ebd48@group-833AA35A7EDE, cid=1120, SUCCESS, logIndex=1519, commits[72f5ceaa-5b3b-4bc7-b846-41895f4ebd48:c1521, b4e1f7d4-4bb4-47ed-a9cb-53483a899fb2:c1517, d3916bce-b37b-4246-83c6-d24846ba1a72:c1517]
2019-07-08 14:21:11,726 INFO  client.GrpcClientProtocolClient (GrpcClientProtocolClient.java:onNext(255)) - client-DE0880F50CF2->72f5ceaa-5b3b-4bc7-b846-41895f4ebd48: receive RaftClientReply:client-DE0880F50CF2->72f5ceaa-5b3b-4bc7-b846-41895f4ebd48@group-833AA35A7EDE, cid=1121, SUCCESS, logIndex=1520, commits[72f5ceaa-5b3b-4bc7-b846-41895f4ebd48:c1521, b4e1f7d4-4bb4-47ed-a9cb-53483a899fb2:c1517, d3916bce-b37b-4246-83c6-d24846ba1a72:c1517]
2019-07-08 14:21:11,727 INFO  client.GrpcClientProtocolClient (GrpcClientProtocolClient.java:onNext(255)) - client-DE0880F50CF2->72f5ceaa-5b3b-4bc7-b846-41895f4ebd48: receive RaftClientReply:client-DE0880F50CF2->72f5ceaa-5b3b-4bc7-b846-41895f4ebd48@group-833AA35A7EDE, cid=1122, SUCCESS, logIndex=1521, commits[72f5ceaa-5b3b-4bc7-b846-41895f4ebd48:c1521, b4e1f7d4-4bb4-47ed-a9cb-53483a899fb2:c1517, d3916bce-b37b-4246-83c6-d24846ba1a72:c1517]
2019-07-08 14:21:11,738 INFO  client.GrpcClientProtocolClient (GrpcClientProtocolClient.java:onNext(255)) - client-DE0880F50CF2->72f5ceaa-5b3b-4bc7-b846-41895f4ebd48: receive RaftClientReply:client-DE0880F50CF2->72f5ceaa-5b3b-4bc7-b846-41895f4ebd48@group-833AA35A7EDE, cid=1123, SUCCESS, logIndex=0, commits[72f5ceaa-5b3b-4bc7-b846-41895f4ebd48:c1523, b4e1f7d4-4bb4-47ed-a9cb-53483a899fb2:c1521, d3916bce-b37b-4246-83c6-d24846ba1a72:c1521]
 0.00% |█                                                                                                    |  0/1 Time: 0:00:062019-07-08 14:21:11,761 INFO  client.GrpcClientProtocolClient (GrpcClientProtocolClient.java:onNext(255)) - client-DE0880F50CF2->72f5ceaa-5b3b-4bc7-b846-41895f4ebd48: receive RaftClientReply:client-DE0880F50CF2->72f5ceaa-5b3b-4bc7-b846-41895f4ebd48@group-833AA35A7EDE, cid=1124, SUCCESS, logIndex=1525, commits[72f5ceaa-5b3b-4bc7-b846-41895f4ebd48:c1526, b4e1f7d4-4bb4-47ed-a9cb-53483a899fb2:c1524, d3916bce-b37b-4246-83c6-d24846ba1a72:c1524]
2019-07-08 14:21:11,762 INFO  client.GrpcClientProtocolClient (GrpcClientProtocolClient.java:onNext(255)) - client-DE0880F50CF2->72f5ceaa-5b3b-4bc7-b846-41895f4ebd48: receive RaftClientReply:client-DE0880F50CF2->72f5ceaa-5b3b-4bc7-b846-41895f4ebd48@group-833AA35A7EDE, cid=1125, SUCCESS, logIndex=1526, commits[72f5ceaa-5b3b-4bc7-b846-41895f4ebd48:c1526, b4e1f7d4-4bb4-47ed-a9cb-53483a899fb2:c1524, d3916bce-b37b-4246-83c6-d24846ba1a72:c1524]
2019-07-08 14:21:11,791 INFO  client.GrpcClientProtocolClient (GrpcClientProtocolClient.java:onNext(255)) - client-DE0880F50CF2->72f5ceaa-5b3b-4bc7-b846-41895f4ebd48: receive RaftClientReply:client-DE0880F50CF2->72f5ceaa-5b3b-4bc7-b846-41895f4ebd48@group-833AA35A7EDE, cid=1126, SUCCESS, logIndex=1529, commits[72f5ceaa-5b3b-4bc7-b846-41895f4ebd48:c1530, b4e1f7d4-4bb4-47ed-a9cb-53483a899fb2:c1526, d3916bce-b37b-4246-83c6-d24846ba1a72:c1526]
2019-07-08 14:21:11,791 INFO  client.GrpcClientProtocolClient (GrpcClientProtocolClient.java:onNext(255)) - client-DE0880F50CF2->72f5ceaa-5b3b-4bc7-b846-41895f4ebd48: receive RaftClientReply:client-DE0880F50CF2->72f5ceaa-5b3b-4bc7-b846-41895f4ebd48@group-833AA35A7EDE, cid=1127, SUCCESS, logIndex=1530, commits[72f5ceaa-5b3b-4bc7-b846-41895f4ebd48:c1530, b4e1f7d4-4bb4-47ed-a9cb-53483a899fb2:c1526, d3916bce-b37b-4246-83c6-d24846ba1a72:c1526]
2019-07-08 14:21:11,803 INFO  client.GrpcClientProtocolClient (GrpcClientProtocolClient.java:onNext(255)) - client-DE0880F50CF2->72f5ceaa-5b3b-4bc7-b846-41895f4ebd48: receive RaftClientReply:client-DE0880F50CF2->72f5ceaa-5b3b-4bc7-b846-41895f4ebd48@group-833AA35A7EDE, cid=1128, SUCCESS, logIndex=0, commits[72f5ceaa-5b3b-4bc7-b846-41895f4ebd48:c1532, b4e1f7d4-4bb4-47ed-a9cb-53483a899fb2:c1530, d3916bce-b37b-4246-83c6-d24846ba1a72:c1530]
2019-07-08 14:21:11,826 INFO  client.GrpcClientProtocolClient (GrpcClientProtocolClient.java:onNext(255)) - client-DE0880F50CF2->72f5ceaa-5b3b-4bc7-b846-41895f4ebd48: receive RaftClientReply:client-DE0880F50CF2->72f5ceaa-5b3b-4bc7-b846-41895f4ebd48@group-833AA35A7EDE, cid=1129, SUCCESS, logIndex=1533, commits[72f5ceaa-5b3b-4bc7-b846-41895f4ebd48:c1534, b4e1f7d4-4bb4-47ed-a9cb-53483a899fb2:c1532, d3916bce-b37b-4246-83c6-d24846ba1a72:c1532]
2019-07-08 14:21:11,827 INFO  client.GrpcClientProtocolClient (GrpcClientProtocolClient.java:onNext(255)) - client-DE0880F50CF2->72f5ceaa-5b3b-4bc7-b846-41895f4ebd48: receive RaftClientReply:client-DE0880F50CF2->72f5ceaa-5b3b-4bc7-b846-41895f4ebd48@group-833AA35A7EDE, cid=1130, SUCCESS, logIndex=1534, commits[72f5ceaa-5b3b-4bc7-b846-41895f4ebd48:c1535, b4e1f7d4-4bb4-47ed-a9cb-53483a899fb2:c1532, d3916bce-b37b-4246-83c6-d24846ba1a72:c1532]
2019-07-08 14:21:11,827 INFO  client.GrpcClientProtocolClient (GrpcClientProtocolClient.java:onNext(255)) - client-DE0880F50CF2->72f5ceaa-5b3b-4bc7-b846-41895f4ebd48: receive RaftClientReply:client-DE0880F50CF2->72f5ceaa-5b3b-4bc7-b846-41895f4ebd48@group-833AA35A7EDE, cid=1131, SUCCESS, logIndex=1535, commits[72f5ceaa-5b3b-4bc7-b846-41895f4ebd48:c1536, b4e1f7d4-4bb4-47ed-a9cb-53483a899fb2:c1532, d3916bce-b37b-4246-83c6-d24846ba1a72:c1532]
2019-07-08 14:21:11,827 INFO  client.GrpcClientProtocolClient (GrpcClientProtocolClient.java:onNext(255)) - client-DE0880F50CF2->72f5ceaa-5b3b-4bc7-b846-41895f4ebd48: receive RaftClientReply:client-DE0880F50CF2->72f5ceaa-5b3b-4bc7-b846-41895f4ebd48@group-833AA35A7EDE, cid=1132, SUCCESS, logIndex=1536, commits[72f5ceaa-5b3b-4bc7-b846-41895f4ebd48:c1536, b4e1f7d4-4bb4-47ed-a9cb-53483a899fb2:c1532, d3916bce-b37b-4246-83c6-d24846ba1a72:c1532]
2019-07-08 14:21:11,829 INFO  client.GrpcClientProtocolClient (GrpcClientProtocolClient.java:onNext(255)) - client-DE0880F50CF2->72f5ceaa-5b3b-4bc7-b846-41895f4ebd48: receive RaftClientReply:client-DE0880F50CF2->72f5ceaa-5b3b-4bc7-b846-41895f4ebd48@group-833AA35A7EDE, cid=1133, SUCCESS, logIndex=0, commits[72f5ceaa-5b3b-4bc7-b846-41895f4ebd48:c1539, b4e1f7d4-4bb4-47ed-a9cb-53483a899fb2:c1534, d3916bce-b37b-4246-83c6-d24846ba1a72:c1535]
2019-07-08 14:21:11,851 INFO  client.GrpcClientProtocolClient (GrpcClientProtocolClient.java:onNext(255)) - client-DE0880F50CF2->72f5ceaa-5b3b-4bc7-b846-41895f4ebd48: receive RaftClientReply:client-DE0880F50CF2->72f5ceaa-5b3b-4bc7-b846-41895f4ebd48@group-833AA35A7EDE, cid=1134, SUCCESS, logIndex=1541, commits[72f5ceaa-5b3b-4bc7-b846-41895f4ebd48:c1542, b4e1f7d4-4bb4-47ed-a9cb-53483a899fb2:c1540, d3916bce-b37b-4246-83c6-d24846ba1a72:c1540]
2019-07-08 14:21:11,851 INFO  client.GrpcClientProtocolClient (GrpcClientProtocolClient.java:onNext(255)) - client-DE0880F50CF2->72f5ceaa-5b3b-4bc7-b846-41895f4ebd48: receive RaftClientReply:client-DE0880F50CF2->72f5ceaa-5b3b-4bc7-b846-41895f4ebd48@group-833AA35A7EDE, cid=1135, SUCCESS, logIndex=1542, commits[72f5ceaa-5b3b-4bc7-b846-41895f4ebd48:c1542, b4e1f7d4-4bb4-47ed-a9cb-53483a899fb2:c1540, d3916bce-b37b-4246-83c6-d24846ba1a72:c1540]
2019-07-08 14:21:11,876 INFO  client.GrpcClientProtocolClient (GrpcClientProtocolClient.java:onNext(255)) - client-DE0880F50CF2->72f5ceaa-5b3b-4bc7-b846-41895f4ebd48: receive RaftClientReply:client-DE0880F50CF2->72f5ceaa-5b3b-4bc7-b846-41895f4ebd48@group-833AA35A7EDE, cid=1136, SUCCESS, logIndex=1545, commits[72f5ceaa-5b3b-4bc7-b846-41895f4ebd48:c1546, b4e1f7d4-4bb4-47ed-a9cb-53483a899fb2:c1542, d3916bce-b37b-4246-83c6-d24846ba1a72:c1542]
2019-07-08 14:21:11,876 INFO  client.GrpcClientProtocolClient (GrpcClientProtocolClient.java:onNext(255)) - client-DE0880F50CF2->72f5ceaa-5b3b-4bc7-b846-41895f4ebd48: receive RaftClientReply:client-DE0880F50CF2->72f5ceaa-5b3b-4bc7-b846-41895f4ebd48@group-833AA35A7EDE, cid=1137, SUCCESS, logIndex=1546, commits[72f5ceaa-5b3b-4bc7-b846-41895f4ebd48:c1546, b4e1f7d4-4bb4-47ed-a9cb-53483a899fb2:c1542, d3916bce-b37b-4246-83c6-d24846ba1a72:c1542]
2019-07-08 14:21:11,887 INFO  client.GrpcClientProtocolClient (GrpcClientProtocolClient.java:onNext(255)) - client-DE0880F50CF2->72f5ceaa-5b3b-4bc7-b846-41895f4ebd48: receive RaftClientReply:client-DE0880F50CF2->72f5ceaa-5b3b-4bc7-b846-41895f4ebd48@group-833AA35A7EDE, cid=1138, SUCCESS, logIndex=0, commits[72f5ceaa-5b3b-4bc7-b846-41895f4ebd48:c1547, b4e1f7d4-4bb4-47ed-a9cb-53483a899fb2:c1546, d3916bce-b37b-4246-83c6-d24846ba1a72:c1546]
2019-07-08 14:21:11,909 INFO  client.GrpcClientProtocolClient (GrpcClientProtocolClient.java:onNext(255)) - client-DE0880F50CF2->72f5ceaa-5b3b-4bc7-b846-41895f4ebd48: receive RaftClientReply:client-DE0880F50CF2->72f5ceaa-5b3b-4bc7-b846-41895f4ebd48@group-833AA35A7EDE, cid=1139, SUCCESS, logIndex=1549, commits[72f5ceaa-5b3b-4bc7-b846-41895f4ebd48:c1550, b4e1f7d4-4bb4-47ed-a9cb-53483a899fb2:c1548, d3916bce-b37b-4246-83c6-d24846ba1a72:c1548]
2019-07-08 14:21:11,910 INFO  client.GrpcClientProtocolClient (GrpcClientProtocolClient.java:onNext(255)) - client-DE0880F50CF2->72f5ceaa-5b3b-4bc7-b846-41895f4ebd48: receive RaftClientReply:client-DE0880F50CF2->72f5ceaa-5b3b-4bc7-b846-41895f4ebd48@group-833AA35A7EDE, cid=1140, SUCCESS, logIndex=1550, commits[72f5ceaa-5b3b-4bc7-b846-41895f4ebd48:c1550, b4e1f7d4-4bb4-47ed-a9cb-53483a899fb2:c1548, d3916bce-b37b-4246-83c6-d24846ba1a72:c1548]
2019-07-08 14:21:11,910 INFO  client.GrpcClientProtocolClient (GrpcClientProtocolClient.java:onNext(255)) - client-DE0880F50CF2->72f5ceaa-5b3b-4bc7-b846-41895f4ebd48: receive RaftClientReply:client-DE0880F50CF2->72f5ceaa-5b3b-4bc7-b846-41895f4ebd48@group-833AA35A7EDE, cid=1141, SUCCESS, logIndex=1551, commits[72f5ceaa-5b3b-4bc7-b846-41895f4ebd48:c1552, b4e1f7d4-4bb4-47ed-a9cb-53483a899fb2:c1548, d3916bce-b37b-4246-83c6-d24846ba1a72:c1548]
2019-07-08 14:21:11,911 INFO  client.GrpcClientProtocolClient (GrpcClientProtocolClient.java:onNext(255)) - client-DE0880F50CF2->72f5ceaa-5b3b-4bc7-b846-41895f4ebd48: receive RaftClientReply:client-DE0880F50CF2->72f5ceaa-5b3b-4bc7-b846-41895f4ebd48@group-833AA35A7EDE, cid=1142, SUCCESS, logIndex=1552, commits[72f5ceaa-5b3b-4bc7-b846-41895f4ebd48:c1552, b4e1f7d4-4bb4-47ed-a9cb-53483a899fb2:c1548, d3916bce-b37b-4246-83c6-d24846ba1a72:c1548]
2019-07-08 14:21:11,912 INFO  client.GrpcClientProtocolClient (GrpcClientProtocolClient.java:onNext(255)) - client-DE0880F50CF2->72f5ceaa-5b3b-4bc7-b846-41895f4ebd48: receive RaftClientReply:client-DE0880F50CF2->72f5ceaa-5b3b-4bc7-b846-41895f4ebd48@group-833AA35A7EDE, cid=1143, SUCCESS, logIndex=0, commits[72f5ceaa-5b3b-4bc7-b846-41895f4ebd48:c1554, b4e1f7d4-4bb4-47ed-a9cb-53483a899fb2:c1550, d3916bce-b37b-4246-83c6-d24846ba1a72:c1550]
2019-07-08 14:21:11,933 INFO  client.GrpcClientProtocolClient (GrpcClientProtocolClient.java:onNext(255)) - client-DE0880F50CF2->72f5ceaa-5b3b-4bc7-b846-41895f4ebd48: receive RaftClientReply:client-DE0880F50CF2->72f5ceaa-5b3b-4bc7-b846-41895f4ebd48@group-833AA35A7EDE, cid=1144, SUCCESS, logIndex=1557, commits[72f5ceaa-5b3b-4bc7-b846-41895f4ebd48:c1558, b4e1f7d4-4bb4-47ed-a9cb-53483a899fb2:c1556, d3916bce-b37b-4246-83c6-d24846ba1a72:c1556]
2019-07-08 14:21:11,933 INFO  client.GrpcClientProtocolClient (GrpcClientProtocolClient.java:onNext(255)) - client-DE0880F50CF2->72f5ceaa-5b3b-4bc7-b846-41895f4ebd48: receive RaftClientReply:client-DE0880F50CF2->72f5ceaa-5b3b-4bc7-b846-41895f4ebd48@group-833AA35A7EDE, cid=1145, SUCCESS, logIndex=1558, commits[72f5ceaa-5b3b-4bc7-b846-41895f4ebd48:c1558, b4e1f7d4-4bb4-47ed-a9cb-53483a899fb2:c1556, d3916bce-b37b-4246-83c6-d24846ba1a72:c1556]
2019-07-08 14:21:11,953 INFO  client.GrpcClientProtocolClient (GrpcClientProtocolClient.java:onNext(255)) - client-DE0880F50CF2->72f5ceaa-5b3b-4bc7-b846-41895f4ebd48: receive RaftClientReply:client-DE0880F50CF2->72f5ceaa-5b3b-4bc7-b846-41895f4ebd48@group-833AA35A7EDE, cid=1146, SUCCESS, logIndex=1561, commits[72f5ceaa-5b3b-4bc7-b846-41895f4ebd48:c1562, b4e1f7d4-4bb4-47ed-a9cb-53483a899fb2:c1558, d3916bce-b37b-4246-83c6-d24846ba1a72:c1558]
2019-07-08 14:21:11,955 INFO  client.GrpcClientProtocolClient (GrpcClientProtocolClient.java:onNext(255)) - client-DE0880F50CF2->72f5ceaa-5b3b-4bc7-b846-41895f4ebd48: receive RaftClientReply:client-DE0880F50CF2->72f5ceaa-5b3b-4bc7-b846-41895f4ebd48@group-833AA35A7EDE, cid=1147, SUCCESS, logIndex=1562, commits[72f5ceaa-5b3b-4bc7-b846-41895f4ebd48:c1562, b4e1f7d4-4bb4-47ed-a9cb-53483a899fb2:c1558, d3916bce-b37b-4246-83c6-d24846ba1a72:c1558]
2019-07-08 14:21:11,964 INFO  client.GrpcClientProtocolClient (GrpcClientProtocolClient.java:onNext(255)) - client-DE0880F50CF2->72f5ceaa-5b3b-4bc7-b846-41895f4ebd48: receive RaftClientReply:client-DE0880F50CF2->72f5ceaa-5b3b-4bc7-b846-41895f4ebd48@group-833AA35A7EDE, cid=1148, SUCCESS, logIndex=0, commits[72f5ceaa-5b3b-4bc7-b846-41895f4ebd48:c1563, b4e1f7d4-4bb4-47ed-a9cb-53483a899fb2:c1562, d3916bce-b37b-4246-83c6-d24846ba1a72:c1562]
2019-07-08 14:21:11,989 INFO  client.GrpcClientProtocolClient (GrpcClientProtocolClient.java:onNext(255)) - client-DE0880F50CF2->72f5ceaa-5b3b-4bc7-b846-41895f4ebd48: receive RaftClientReply:client-DE0880F50CF2->72f5ceaa-5b3b-4bc7-b846-41895f4ebd48@group-833AA35A7EDE, cid=1149, SUCCESS, logIndex=1564, commits[72f5ceaa-5b3b-4bc7-b846-41895f4ebd48:c1565, b4e1f7d4-4bb4-47ed-a9cb-53483a899fb2:c1563, d3916bce-b37b-4246-83c6-d24846ba1a72:c1563]
2019-07-08 14:21:11,990 INFO  client.GrpcClientProtocolClient (GrpcClientProtocolClient.java:onNext(255)) - client-DE0880F50CF2->72f5ceaa-5b3b-4bc7-b846-41895f4ebd48: receive RaftClientReply:client-DE0880F50CF2->72f5ceaa-5b3b-4bc7-b846-41895f4ebd48@group-833AA35A7EDE, cid=1150, SUCCESS, logIndex=1565, commits[72f5ceaa-5b3b-4bc7-b846-41895f4ebd48:c1567, b4e1f7d4-4bb4-47ed-a9cb-53483a899fb2:c1563, d3916bce-b37b-4246-83c6-d24846ba1a72:c1563]
2019-07-08 14:21:11,991 INFO  client.GrpcClientProtocolClient (GrpcClientProtocolClient.java:onNext(255)) - client-DE0880F50CF2->72f5ceaa-5b3b-4bc7-b846-41895f4ebd48: receive RaftClientReply:client-DE0880F50CF2->72f5ceaa-5b3b-4bc7-b846-41895f4ebd48@group-833AA35A7EDE, cid=1151, SUCCESS, logIndex=1566, commits[72f5ceaa-5b3b-4bc7-b846-41895f4ebd48:c1567, b4e1f7d4-4bb4-47ed-a9cb-53483a899fb2:c1563, d3916bce-b37b-4246-83c6-d24846ba1a72:c1563]
2019-07-08 14:21:11,991 INFO  client.GrpcClientProtocolClient (GrpcClientProtocolClient.java:onNext(255)) - client-DE0880F50CF2->72f5ceaa-5b3b-4bc7-b846-41895f4ebd48: receive RaftClientReply:client-DE0880F50CF2->72f5ceaa-5b3b-4bc7-b846-41895f4ebd48@group-833AA35A7EDE, cid=1152, SUCCESS, logIndex=1567, commits[72f5ceaa-5b3b-4bc7-b846-41895f4ebd48:c1567, b4e1f7d4-4bb4-47ed-a9cb-53483a899fb2:c1563, d3916bce-b37b-4246-83c6-d24846ba1a72:c1563]
2019-07-08 14:21:12,002 INFO  client.GrpcClientProtocolClient (GrpcClientProtocolClient.java:onNext(255)) - client-DE0880F50CF2->72f5ceaa-5b3b-4bc7-b846-41895f4ebd48: receive RaftClientReply:client-DE0880F50CF2->72f5ceaa-5b3b-4bc7-b846-41895f4ebd48@group-833AA35A7EDE, cid=1153, SUCCESS, logIndex=0, commits[72f5ceaa-5b3b-4bc7-b846-41895f4ebd48:c1568, b4e1f7d4-4bb4-47ed-a9cb-53483a899fb2:c1565, d3916bce-b37b-4246-83c6-d24846ba1a72:c1565]
2019-07-08 14:21:12,022 INFO  client.GrpcClientProtocolClient (GrpcClientProtocolClient.java:onNext(255)) - client-DE0880F50CF2->72f5ceaa-5b3b-4bc7-b846-41895f4ebd48: receive RaftClientReply:client-DE0880F50CF2->72f5ceaa-5b3b-4bc7-b846-41895f4ebd48@group-833AA35A7EDE, cid=1154, SUCCESS, logIndex=1572, commits[72f5ceaa-5b3b-4bc7-b846-41895f4ebd48:c1573, b4e1f7d4-4bb4-47ed-a9cb-53483a899fb2:c1571, d3916bce-b37b-4246-83c6-d24846ba1a72:c1571]
2019-07-08 14:21:12,023 INFO  client.GrpcClientProtocolClient (GrpcClientProtocolClient.java:onNext(255)) - client-DE0880F50CF2->72f5ceaa-5b3b-4bc7-b846-41895f4ebd48: receive RaftClientReply:client-DE0880F50CF2->72f5ceaa-5b3b-4bc7-b846-41895f4ebd48@group-833AA35A7EDE, cid=1155, SUCCESS, logIndex=1573, commits[72f5ceaa-5b3b-4bc7-b846-41895f4ebd48:c1573, b4e1f7d4-4bb4-47ed-a9cb-53483a899fb2:c1571, d3916bce-b37b-4246-83c6-d24846ba1a72:c1571]
2019-07-08 14:21:12,035 INFO  client.GrpcClientProtocolClient (GrpcClientProtocolClient.java:onNext(255)) - client-DE0880F50CF2->72f5ceaa-5b3b-4bc7-b846-41895f4ebd48: receive RaftClientReply:client-DE0880F50CF2->72f5ceaa-5b3b-4bc7-b846-41895f4ebd48@group-833AA35A7EDE, cid=1156, SUCCESS, logIndex=1576, commits[72f5ceaa-5b3b-4bc7-b846-41895f4ebd48:c1576, b4e1f7d4-4bb4-47ed-a9cb-53483a899fb2:c1573, d3916bce-b37b-4246-83c6-d24846ba1a72:c1572]
2019-07-08 14:21:12,036 INFO  client.GrpcClientProtocolClient (GrpcClientProtocolClient.java:onNext(255)) - client-DE0880F50CF2->72f5ceaa-5b3b-4bc7-b846-41895f4ebd48: receive RaftClientReply:client-DE0880F50CF2->72f5ceaa-5b3b-4bc7-b846-41895f4ebd48@group-833AA35A7EDE, cid=1157, SUCCESS, logIndex=1577, commits[72f5ceaa-5b3b-4bc7-b846-41895f4ebd48:c1577, b4e1f7d4-4bb4-47ed-a9cb-53483a899fb2:c1573, d3916bce-b37b-4246-83c6-d24846ba1a72:c1573]
2019-07-08 14:21:12,038 INFO  client.GrpcClientProtocolClient (GrpcClientProtocolClient.java:onNext(255)) - client-DE0880F50CF2->72f5ceaa-5b3b-4bc7-b846-41895f4ebd48: receive RaftClientReply:client-DE0880F50CF2->72f5ceaa-5b3b-4bc7-b846-41895f4ebd48@group-833AA35A7EDE, cid=1158, SUCCESS, logIndex=0, commits[72f5ceaa-5b3b-4bc7-b846-41895f4ebd48:c1579, b4e1f7d4-4bb4-47ed-a9cb-53483a899fb2:c1577, d3916bce-b37b-4246-83c6-d24846ba1a72:c1577]
2019-07-08 14:21:12,061 INFO  client.GrpcClientProtocolClient (GrpcClientProtocolClient.java:onNext(255)) - client-DE0880F50CF2->72f5ceaa-5b3b-4bc7-b846-41895f4ebd48: receive RaftClientReply:client-DE0880F50CF2->72f5ceaa-5b3b-4bc7-b846-41895f4ebd48@group-833AA35A7EDE, cid=1159, SUCCESS, logIndex=1580, commits[72f5ceaa-5b3b-4bc7-b846-41895f4ebd48:c1581, b4e1f7d4-4bb4-47ed-a9cb-53483a899fb2:c1579, d3916bce-b37b-4246-83c6-d24846ba1a72:c1579]
2019-07-08 14:21:12,062 INFO  client.GrpcClientProtocolClient (GrpcClientProtocolClient.java:onNext(255)) - client-DE0880F50CF2->72f5ceaa-5b3b-4bc7-b846-41895f4ebd48: receive RaftClientReply:client-DE0880F50CF2->72f5ceaa-5b3b-4bc7-b846-41895f4ebd48@group-833AA35A7EDE, cid=1160, SUCCESS, logIndex=1581, commits[72f5ceaa-5b3b-4bc7-b846-41895f4ebd48:c1581, b4e1f7d4-4bb4-47ed-a9cb-53483a899fb2:c1579, d3916bce-b37b-4246-83c6-d24846ba1a72:c1579]
2019-07-08 14:21:12,062 INFO  client.GrpcClientProtocolClient (GrpcClientProtocolClient.java:onNext(255)) - client-DE0880F50CF2->72f5ceaa-5b3b-4bc7-b846-41895f4ebd48: receive RaftClientReply:client-DE0880F50CF2->72f5ceaa-5b3b-4bc7-b846-41895f4ebd48@group-833AA35A7EDE, cid=1161, SUCCESS, logIndex=1582, commits[72f5ceaa-5b3b-4bc7-b846-41895f4ebd48:c1583, b4e1f7d4-4bb4-47ed-a9cb-53483a899fb2:c1579, d3916bce-b37b-4246-83c6-d24846ba1a72:c1579]
2019-07-08 14:21:12,062 INFO  client.GrpcClientProtocolClient (GrpcClientProtocolClient.java:onNext(255)) - client-DE0880F50CF2->72f5ceaa-5b3b-4bc7-b846-41895f4ebd48: receive RaftClientReply:client-DE0880F50CF2->72f5ceaa-5b3b-4bc7-b846-41895f4ebd48@group-833AA35A7EDE, cid=1162, SUCCESS, logIndex=1583, commits[72f5ceaa-5b3b-4bc7-b846-41895f4ebd48:c1583, b4e1f7d4-4bb4-47ed-a9cb-53483a899fb2:c1579, d3916bce-b37b-4246-83c6-d24846ba1a72:c1579]
2019-07-08 14:21:12,064 INFO  client.GrpcClientProtocolClient (GrpcClientProtocolClient.java:onNext(255)) - client-DE0880F50CF2->72f5ceaa-5b3b-4bc7-b846-41895f4ebd48: receive RaftClientReply:client-DE0880F50CF2->72f5ceaa-5b3b-4bc7-b846-41895f4ebd48@group-833AA35A7EDE, cid=1163, SUCCESS, logIndex=0, commits[72f5ceaa-5b3b-4bc7-b846-41895f4ebd48:c1585, b4e1f7d4-4bb4-47ed-a9cb-53483a899fb2:c1581, d3916bce-b37b-4246-83c6-d24846ba1a72:c1581]
2019-07-08 14:21:12,084 INFO  client.GrpcClientProtocolClient (GrpcClientProtocolClient.java:onNext(255)) - client-DE0880F50CF2->72f5ceaa-5b3b-4bc7-b846-41895f4ebd48: receive RaftClientReply:client-DE0880F50CF2->72f5ceaa-5b3b-4bc7-b846-41895f4ebd48@group-833AA35A7EDE, cid=1164, SUCCESS, logIndex=1588, commits[72f5ceaa-5b3b-4bc7-b846-41895f4ebd48:c1589, b4e1f7d4-4bb4-47ed-a9cb-53483a899fb2:c1587, d3916bce-b37b-4246-83c6-d24846ba1a72:c1587]
2019-07-08 14:21:12,084 INFO  client.GrpcClientProtocolClient (GrpcClientProtocolClient.java:onNext(255)) - client-DE0880F50CF2->72f5ceaa-5b3b-4bc7-b846-41895f4ebd48: receive RaftClientReply:client-DE0880F50CF2->72f5ceaa-5b3b-4bc7-b846-41895f4ebd48@group-833AA35A7EDE, cid=1165, SUCCESS, logIndex=1589, commits[72f5ceaa-5b3b-4bc7-b846-41895f4ebd48:c1589, b4e1f7d4-4bb4-47ed-a9cb-53483a899fb2:c1587, d3916bce-b37b-4246-83c6-d24846ba1a72:c1587]
2019-07-08 14:21:12,097 INFO  client.GrpcClientProtocolClient (GrpcClientProtocolClient.java:onNext(255)) - client-DE0880F50CF2->72f5ceaa-5b3b-4bc7-b846-41895f4ebd48: receive RaftClientReply:client-DE0880F50CF2->72f5ceaa-5b3b-4bc7-b846-41895f4ebd48@group-833AA35A7EDE, cid=1166, SUCCESS, logIndex=1592, commits[72f5ceaa-5b3b-4bc7-b846-41895f4ebd48:c1593, b4e1f7d4-4bb4-47ed-a9cb-53483a899fb2:c1589, d3916bce-b37b-4246-83c6-d24846ba1a72:c1589]
2019-07-08 14:21:12,097 INFO  client.GrpcClientProtocolClient (GrpcClientProtocolClient.java:onNext(255)) - client-DE0880F50CF2->72f5ceaa-5b3b-4bc7-b846-41895f4ebd48: receive RaftClientReply:client-DE0880F50CF2->72f5ceaa-5b3b-4bc7-b846-41895f4ebd48@group-833AA35A7EDE, cid=1167, SUCCESS, logIndex=1593, commits[72f5ceaa-5b3b-4bc7-b846-41895f4ebd48:c1593, b4e1f7d4-4bb4-47ed-a9cb-53483a899fb2:c1589, d3916bce-b37b-4246-83c6-d24846ba1a72:c1589]
2019-07-08 14:21:12,108 INFO  client.GrpcClientProtocolClient (GrpcClientProtocolClient.java:onNext(255)) - client-DE0880F50CF2->72f5ceaa-5b3b-4bc7-b846-41895f4ebd48: receive RaftClientReply:client-DE0880F50CF2->72f5ceaa-5b3b-4bc7-b846-41895f4ebd48@group-833AA35A7EDE, cid=1168, SUCCESS, logIndex=0, commits[72f5ceaa-5b3b-4bc7-b846-41895f4ebd48:c1593, b4e1f7d4-4bb4-47ed-a9cb-53483a899fb2:c1593, d3916bce-b37b-4246-83c6-d24846ba1a72:c1593]
2019-07-08 14:21:12,129 INFO  client.GrpcClientProtocolClient (GrpcClientProtocolClient.java:onNext(255)) - client-DE0880F50CF2->72f5ceaa-5b3b-4bc7-b846-41895f4ebd48: receive RaftClientReply:client-DE0880F50CF2->72f5ceaa-5b3b-4bc7-b846-41895f4ebd48@group-833AA35A7EDE, cid=1169, SUCCESS, logIndex=1596, commits[72f5ceaa-5b3b-4bc7-b846-41895f4ebd48:c1597, b4e1f7d4-4bb4-47ed-a9cb-53483a899fb2:c1595, d3916bce-b37b-4246-83c6-d24846ba1a72:c1595]
2019-07-08 14:21:12,130 INFO  client.GrpcClientProtocolClient (GrpcClientProtocolClient.java:onNext(255)) - client-DE0880F50CF2->72f5ceaa-5b3b-4bc7-b846-41895f4ebd48: receive RaftClientReply:client-DE0880F50CF2->72f5ceaa-5b3b-4bc7-b846-41895f4ebd48@group-833AA35A7EDE, cid=1170, SUCCESS, logIndex=1597, commits[72f5ceaa-5b3b-4bc7-b846-41895f4ebd48:c1597, b4e1f7d4-4bb4-47ed-a9cb-53483a899fb2:c1595, d3916bce-b37b-4246-83c6-d24846ba1a72:c1595]
2019-07-08 14:21:12,130 INFO  client.GrpcClientProtocolClient (GrpcClientProtocolClient.java:onNext(255)) - client-DE0880F50CF2->72f5ceaa-5b3b-4bc7-b846-41895f4ebd48: receive RaftClientReply:client-DE0880F50CF2->72f5ceaa-5b3b-4bc7-b846-41895f4ebd48@group-833AA35A7EDE, cid=1171, SUCCESS, logIndex=1598, commits[72f5ceaa-5b3b-4bc7-b846-41895f4ebd48:c1599, b4e1f7d4-4bb4-47ed-a9cb-53483a899fb2:c1595, d3916bce-b37b-4246-83c6-d24846ba1a72:c1595]
2019-07-08 14:21:12,131 INFO  client.GrpcClientProtocolClient (GrpcClientProtocolClient.java:onNext(255)) - client-DE0880F50CF2->72f5ceaa-5b3b-4bc7-b846-41895f4ebd48: receive RaftClientReply:client-DE0880F50CF2->72f5ceaa-5b3b-4bc7-b846-41895f4ebd48@group-833AA35A7EDE, cid=1172, SUCCESS, logIndex=1599, commits[72f5ceaa-5b3b-4bc7-b846-41895f4ebd48:c1599, b4e1f7d4-4bb4-47ed-a9cb-53483a899fb2:c1595, d3916bce-b37b-4246-83c6-d24846ba1a72:c1595]
2019-07-08 14:21:12,132 INFO  client.GrpcClientProtocolClient (GrpcClientProtocolClient.java:onNext(255)) - client-DE0880F50CF2->72f5ceaa-5b3b-4bc7-b846-41895f4ebd48: receive RaftClientReply:client-DE0880F50CF2->72f5ceaa-5b3b-4bc7-b846-41895f4ebd48@group-833AA35A7EDE, cid=1173, SUCCESS, logIndex=0, commits[72f5ceaa-5b3b-4bc7-b846-41895f4ebd48:c1601, b4e1f7d4-4bb4-47ed-a9cb-53483a899fb2:c1597, d3916bce-b37b-4246-83c6-d24846ba1a72:c1599]
2019-07-08 14:21:12,152 INFO  client.GrpcClientProtocolClient (GrpcClientProtocolClient.java:onNext(255)) - client-DE0880F50CF2->72f5ceaa-5b3b-4bc7-b846-41895f4ebd48: receive RaftClientReply:client-DE0880F50CF2->72f5ceaa-5b3b-4bc7-b846-41895f4ebd48@group-833AA35A7EDE, cid=1174, SUCCESS, logIndex=1604, commits[72f5ceaa-5b3b-4bc7-b846-41895f4ebd48:c1605, b4e1f7d4-4bb4-47ed-a9cb-53483a899fb2:c1603, d3916bce-b37b-4246-83c6-d24846ba1a72:c1603]
2019-07-08 14:21:12,152 INFO  client.GrpcClientProtocolClient (GrpcClientProtocolClient.java:onNext(255)) - client-DE0880F50CF2->72f5ceaa-5b3b-4bc7-b846-41895f4ebd48: receive RaftClientReply:client-DE0880F50CF2->72f5ceaa-5b3b-4bc7-b846-41895f4ebd48@group-833AA35A7EDE, cid=1175, SUCCESS, logIndex=1605, commits[72f5ceaa-5b3b-4bc7-b846-41895f4ebd48:c1605, b4e1f7d4-4bb4-47ed-a9cb-53483a899fb2:c1603, d3916bce-b37b-4246-83c6-d24846ba1a72:c1603]
2019-07-08 14:21:12,165 INFO  client.GrpcClientProtocolClient (GrpcClientProtocolClient.java:onNext(255)) - client-DE0880F50CF2->72f5ceaa-5b3b-4bc7-b846-41895f4ebd48: receive RaftClientReply:client-DE0880F50CF2->72f5ceaa-5b3b-4bc7-b846-41895f4ebd48@group-833AA35A7EDE, cid=1176, SUCCESS, logIndex=1608, commits[72f5ceaa-5b3b-4bc7-b846-41895f4ebd48:c1609, b4e1f7d4-4bb4-47ed-a9cb-53483a899fb2:c1605, d3916bce-b37b-4246-83c6-d24846ba1a72:c1605]
2019-07-08 14:21:12,165 INFO  client.GrpcClientProtocolClient (GrpcClientProtocolClient.java:onNext(255)) - client-DE0880F50CF2->72f5ceaa-5b3b-4bc7-b846-41895f4ebd48: receive RaftClientReply:client-DE0880F50CF2->72f5ceaa-5b3b-4bc7-b846-41895f4ebd48@group-833AA35A7EDE, cid=1177, SUCCESS, logIndex=1609, commits[72f5ceaa-5b3b-4bc7-b846-41895f4ebd48:c1609, b4e1f7d4-4bb4-47ed-a9cb-53483a899fb2:c1605, d3916bce-b37b-4246-83c6-d24846ba1a72:c1605]
2019-07-08 14:21:12,178 INFO  client.GrpcClientProtocolClient (GrpcClientProtocolClient.java:onNext(255)) - client-DE0880F50CF2->72f5ceaa-5b3b-4bc7-b846-41895f4ebd48: receive RaftClientReply:client-DE0880F50CF2->72f5ceaa-5b3b-4bc7-b846-41895f4ebd48@group-833AA35A7EDE, cid=1178, SUCCESS, logIndex=0, commits[72f5ceaa-5b3b-4bc7-b846-41895f4ebd48:c1611, b4e1f7d4-4bb4-47ed-a9cb-53483a899fb2:c1609, d3916bce-b37b-4246-83c6-d24846ba1a72:c1609]
2019-07-08 14:21:12,198 INFO  client.GrpcClientProtocolClient (GrpcClientProtocolClient.java:onNext(255)) - client-DE0880F50CF2->72f5ceaa-5b3b-4bc7-b846-41895f4ebd48: receive RaftClientReply:client-DE0880F50CF2->72f5ceaa-5b3b-4bc7-b846-41895f4ebd48@group-833AA35A7EDE, cid=1179, SUCCESS, logIndex=1612, commits[72f5ceaa-5b3b-4bc7-b846-41895f4ebd48:c1613, b4e1f7d4-4bb4-47ed-a9cb-53483a899fb2:c1611, d3916bce-b37b-4246-83c6-d24846ba1a72:c1611]
2019-07-08 14:21:12,199 INFO  client.GrpcClientProtocolClient (GrpcClientProtocolClient.java:onNext(255)) - client-DE0880F50CF2->72f5ceaa-5b3b-4bc7-b846-41895f4ebd48: receive RaftClientReply:client-DE0880F50CF2->72f5ceaa-5b3b-4bc7-b846-41895f4ebd48@group-833AA35A7EDE, cid=1180, SUCCESS, logIndex=1613, commits[72f5ceaa-5b3b-4bc7-b846-41895f4ebd48:c1615, b4e1f7d4-4bb4-47ed-a9cb-53483a899fb2:c1611, d3916bce-b37b-4246-83c6-d24846ba1a72:c1611]
2019-07-08 14:21:12,200 INFO  client.GrpcClientProtocolClient (GrpcClientProtocolClient.java:onNext(255)) - client-DE0880F50CF2->72f5ceaa-5b3b-4bc7-b846-41895f4ebd48: receive RaftClientReply:client-DE0880F50CF2->72f5ceaa-5b3b-4bc7-b846-41895f4ebd48@group-833AA35A7EDE, cid=1181, SUCCESS, logIndex=1614, commits[72f5ceaa-5b3b-4bc7-b846-41895f4ebd48:c1615, b4e1f7d4-4bb4-47ed-a9cb-53483a899fb2:c1611, d3916bce-b37b-4246-83c6-d24846ba1a72:c1611]
2019-07-08 14:21:12,200 INFO  client.GrpcClientProtocolClient (GrpcClientProtocolClient.java:onNext(255)) - client-DE0880F50CF2->72f5ceaa-5b3b-4bc7-b846-41895f4ebd48: receive RaftClientReply:client-DE0880F50CF2->72f5ceaa-5b3b-4bc7-b846-41895f4ebd48@group-833AA35A7EDE, cid=1182, SUCCESS, logIndex=1615, commits[72f5ceaa-5b3b-4bc7-b846-41895f4ebd48:c1615, b4e1f7d4-4bb4-47ed-a9cb-53483a899fb2:c1611, d3916bce-b37b-4246-83c6-d24846ba1a72:c1611]
2019-07-08 14:21:12,202 INFO  client.GrpcClientProtocolClient (GrpcClientProtocolClient.java:onNext(255)) - client-DE0880F50CF2->72f5ceaa-5b3b-4bc7-b846-41895f4ebd48: receive RaftClientReply:client-DE0880F50CF2->72f5ceaa-5b3b-4bc7-b846-41895f4ebd48@group-833AA35A7EDE, cid=1183, SUCCESS, logIndex=0, commits[72f5ceaa-5b3b-4bc7-b846-41895f4ebd48:c1619, b4e1f7d4-4bb4-47ed-a9cb-53483a899fb2:c1613, d3916bce-b37b-4246-83c6-d24846ba1a72:c1615]
2019-07-08 14:21:12,222 INFO  client.GrpcClientProtocolClient (GrpcClientProtocolClient.java:onNext(255)) - client-DE0880F50CF2->72f5ceaa-5b3b-4bc7-b846-41895f4ebd48: receive RaftClientReply:client-DE0880F50CF2->72f5ceaa-5b3b-4bc7-b846-41895f4ebd48@group-833AA35A7EDE, cid=1184, SUCCESS, logIndex=1620, commits[72f5ceaa-5b3b-4bc7-b846-41895f4ebd48:c1620, b4e1f7d4-4bb4-47ed-a9cb-53483a899fb2:c1619, d3916bce-b37b-4246-83c6-d24846ba1a72:c1619]
2019-07-08 14:21:12,222 INFO  client.GrpcClientProtocolClient (GrpcClientProtocolClient.java:onNext(255)) - client-DE0880F50CF2->72f5ceaa-5b3b-4bc7-b846-41895f4ebd48: receive RaftClientReply:client-DE0880F50CF2->72f5ceaa-5b3b-4bc7-b846-41895f4ebd48@group-833AA35A7EDE, cid=1185, SUCCESS, logIndex=1621, commits[72f5ceaa-5b3b-4bc7-b846-41895f4ebd48:c1621, b4e1f7d4-4bb4-47ed-a9cb-53483a899fb2:c1619, d3916bce-b37b-4246-83c6-d24846ba1a72:c1619]
2019-07-08 14:21:12,235 INFO  client.GrpcClientProtocolClient (GrpcClientProtocolClient.java:onNext(255)) - client-DE0880F50CF2->72f5ceaa-5b3b-4bc7-b846-41895f4ebd48: receive RaftClientReply:client-DE0880F50CF2->72f5ceaa-5b3b-4bc7-b846-41895f4ebd48@group-833AA35A7EDE, cid=1186, SUCCESS, logIndex=1624, commits[72f5ceaa-5b3b-4bc7-b846-41895f4ebd48:c1624, b4e1f7d4-4bb4-47ed-a9cb-53483a899fb2:c1621, d3916bce-b37b-4246-83c6-d24846ba1a72:c1621]
2019-07-08 14:21:12,235 INFO  client.GrpcClientProtocolClient (GrpcClientProtocolClient.java:onNext(255)) - client-DE0880F50CF2->72f5ceaa-5b3b-4bc7-b846-41895f4ebd48: receive RaftClientReply:client-DE0880F50CF2->72f5ceaa-5b3b-4bc7-b846-41895f4ebd48@group-833AA35A7EDE, cid=1187, SUCCESS, logIndex=1625, commits[72f5ceaa-5b3b-4bc7-b846-41895f4ebd48:c1625, b4e1f7d4-4bb4-47ed-a9cb-53483a899fb2:c1621, d3916bce-b37b-4246-83c6-d24846ba1a72:c1621]
2019-07-08 14:21:12,249 INFO  client.GrpcClientProtocolClient (GrpcClientProtocolClient.java:onNext(255)) - client-DE0880F50CF2->72f5ceaa-5b3b-4bc7-b846-41895f4ebd48: receive RaftClientReply:client-DE0880F50CF2->72f5ceaa-5b3b-4bc7-b846-41895f4ebd48@group-833AA35A7EDE, cid=1188, SUCCESS, logIndex=0, commits[72f5ceaa-5b3b-4bc7-b846-41895f4ebd48:c1627, b4e1f7d4-4bb4-47ed-a9cb-53483a899fb2:c1625, d3916bce-b37b-4246-83c6-d24846ba1a72:c1625]
2019-07-08 14:21:12,376 INFO  client.GrpcClientProtocolClient (GrpcClientProtocolClient.java:onNext(255)) - client-DE0880F50CF2->72f5ceaa-5b3b-4bc7-b846-41895f4ebd48: receive RaftClientReply:client-DE0880F50CF2->72f5ceaa-5b3b-4bc7-b846-41895f4ebd48@group-833AA35A7EDE, cid=1189, SUCCESS, logIndex=1628, commits[72f5ceaa-5b3b-4bc7-b846-41895f4ebd48:c1629, b4e1f7d4-4bb4-47ed-a9cb-53483a899fb2:c1627, d3916bce-b37b-4246-83c6-d24846ba1a72:c1627]
2019-07-08 14:21:12,377 INFO  client.GrpcClientProtocolClient (GrpcClientProtocolClient.java:onNext(255)) - client-DE0880F50CF2->72f5ceaa-5b3b-4bc7-b846-41895f4ebd48: receive RaftClientReply:client-DE0880F50CF2->72f5ceaa-5b3b-4bc7-b846-41895f4ebd48@group-833AA35A7EDE, cid=1190, SUCCESS, logIndex=1629, commits[72f5ceaa-5b3b-4bc7-b846-41895f4ebd48:c1631, b4e1f7d4-4bb4-47ed-a9cb-53483a899fb2:c1627, d3916bce-b37b-4246-83c6-d24846ba1a72:c1627]
2019-07-08 14:21:12,377 INFO  client.GrpcClientProtocolClient (GrpcClientProtocolClient.java:onNext(255)) - client-DE0880F50CF2->72f5ceaa-5b3b-4bc7-b846-41895f4ebd48: receive RaftClientReply:client-DE0880F50CF2->72f5ceaa-5b3b-4bc7-b846-41895f4ebd48@group-833AA35A7EDE, cid=1191, SUCCESS, logIndex=1630, commits[72f5ceaa-5b3b-4bc7-b846-41895f4ebd48:c1631, b4e1f7d4-4bb4-47ed-a9cb-53483a899fb2:c1627, d3916bce-b37b-4246-83c6-d24846ba1a72:c1627]
2019-07-08 14:21:12,377 INFO  client.GrpcClientProtocolClient (GrpcClientProtocolClient.java:onNext(255)) - client-DE0880F50CF2->72f5ceaa-5b3b-4bc7-b846-41895f4ebd48: receive RaftClientReply:client-DE0880F50CF2->72f5ceaa-5b3b-4bc7-b846-41895f4ebd48@group-833AA35A7EDE, cid=1192, SUCCESS, logIndex=1631, commits[72f5ceaa-5b3b-4bc7-b846-41895f4ebd48:c1631, b4e1f7d4-4bb4-47ed-a9cb-53483a899fb2:c1627, d3916bce-b37b-4246-83c6-d24846ba1a72:c1627]
2019-07-08 14:21:12,379 INFO  client.GrpcClientProtocolClient (GrpcClientProtocolClient.java:onNext(255)) - client-DE0880F50CF2->72f5ceaa-5b3b-4bc7-b846-41895f4ebd48: receive RaftClientReply:client-DE0880F50CF2->72f5ceaa-5b3b-4bc7-b846-41895f4ebd48@group-833AA35A7EDE, cid=1193, SUCCESS, logIndex=0, commits[72f5ceaa-5b3b-4bc7-b846-41895f4ebd48:c1633, b4e1f7d4-4bb4-47ed-a9cb-53483a899fb2:c1629, d3916bce-b37b-4246-83c6-d24846ba1a72:c1629]
2019-07-08 14:21:12,401 INFO  client.GrpcClientProtocolClient (GrpcClientProtocolClient.java:onNext(255)) - client-DE0880F50CF2->72f5ceaa-5b3b-4bc7-b846-41895f4ebd48: receive RaftClientReply:client-DE0880F50CF2->72f5ceaa-5b3b-4bc7-b846-41895f4ebd48@group-833AA35A7EDE, cid=1194, SUCCESS, logIndex=1636, commits[72f5ceaa-5b3b-4bc7-b846-41895f4ebd48:c1637, b4e1f7d4-4bb4-47ed-a9cb-53483a899fb2:c1635, d3916bce-b37b-4246-83c6-d24846ba1a72:c1635]
2019-07-08 14:21:12,401 INFO  client.GrpcClientProtocolClient (GrpcClientProtocolClient.java:onNext(255)) - client-DE0880F50CF2->72f5ceaa-5b3b-4bc7-b846-41895f4ebd48: receive RaftClientReply:client-DE0880F50CF2->72f5ceaa-5b3b-4bc7-b846-41895f4ebd48@group-833AA35A7EDE, cid=1195, SUCCESS, logIndex=1637, commits[72f5ceaa-5b3b-4bc7-b846-41895f4ebd48:c1637, b4e1f7d4-4bb4-47ed-a9cb-53483a899fb2:c1635, d3916bce-b37b-4246-83c6-d24846ba1a72:c1635]
2019-07-08 14:21:12,418 INFO  client.GrpcClientProtocolClient (GrpcClientProtocolClient.java:onNext(255)) - client-DE0880F50CF2->72f5ceaa-5b3b-4bc7-b846-41895f4ebd48: receive RaftClientReply:client-DE0880F50CF2->72f5ceaa-5b3b-4bc7-b846-41895f4ebd48@group-833AA35A7EDE, cid=1196, SUCCESS, logIndex=1640, commits[72f5ceaa-5b3b-4bc7-b846-41895f4ebd48:c1641, b4e1f7d4-4bb4-47ed-a9cb-53483a899fb2:c1637, d3916bce-b37b-4246-83c6-d24846ba1a72:c1637]
2019-07-08 14:21:12,419 INFO  client.GrpcClientProtocolClient (GrpcClientProtocolClient.java:onNext(255)) - client-DE0880F50CF2->72f5ceaa-5b3b-4bc7-b846-41895f4ebd48: receive RaftClientReply:client-DE0880F50CF2->72f5ceaa-5b3b-4bc7-b846-41895f4ebd48@group-833AA35A7EDE, cid=1197, SUCCESS, logIndex=1641, commits[72f5ceaa-5b3b-4bc7-b846-41895f4ebd48:c1641, b4e1f7d4-4bb4-47ed-a9cb-53483a899fb2:c1637, d3916bce-b37b-4246-83c6-d24846ba1a72:c1637]
2019-07-08 14:21:12,430 INFO  client.GrpcClientProtocolClient (GrpcClientProtocolClient.java:onNext(255)) - client-DE0880F50CF2->72f5ceaa-5b3b-4bc7-b846-41895f4ebd48: receive RaftClientReply:client-DE0880F50CF2->72f5ceaa-5b3b-4bc7-b846-41895f4ebd48@group-833AA35A7EDE, cid=1198, SUCCESS, logIndex=0, commits[72f5ceaa-5b3b-4bc7-b846-41895f4ebd48:c1642, b4e1f7d4-4bb4-47ed-a9cb-53483a899fb2:c1641, d3916bce-b37b-4246-83c6-d24846ba1a72:c1641]
2019-07-08 14:21:12,452 INFO  client.GrpcClientProtocolClient (GrpcClientProtocolClient.java:onNext(255)) - client-DE0880F50CF2->72f5ceaa-5b3b-4bc7-b846-41895f4ebd48: receive RaftClientReply:client-DE0880F50CF2->72f5ceaa-5b3b-4bc7-b846-41895f4ebd48@group-833AA35A7EDE, cid=1199, SUCCESS, logIndex=1644, commits[72f5ceaa-5b3b-4bc7-b846-41895f4ebd48:c1645, b4e1f7d4-4bb4-47ed-a9cb-53483a899fb2:c1643, d3916bce-b37b-4246-83c6-d24846ba1a72:c1643]
2019-07-08 14:21:12,453 INFO  client.GrpcClientProtocolClient (GrpcClientProtocolClient.java:onNext(255)) - client-DE0880F50CF2->72f5ceaa-5b3b-4bc7-b846-41895f4ebd48: receive RaftClientReply:client-DE0880F50CF2->72f5ceaa-5b3b-4bc7-b846-41895f4ebd48@group-833AA35A7EDE, cid=1200, SUCCESS, logIndex=1645, commits[72f5ceaa-5b3b-4bc7-b846-41895f4ebd48:c1647, b4e1f7d4-4bb4-47ed-a9cb-53483a899fb2:c1643, d3916bce-b37b-4246-83c6-d24846ba1a72:c1643]
2019-07-08 14:21:12,453 INFO  client.GrpcClientProtocolClient (GrpcClientProtocolClient.java:onNext(255)) - client-DE0880F50CF2->72f5ceaa-5b3b-4bc7-b846-41895f4ebd48: receive RaftClientReply:client-DE0880F50CF2->72f5ceaa-5b3b-4bc7-b846-41895f4ebd48@group-833AA35A7EDE, cid=1201, SUCCESS, logIndex=1646, commits[72f5ceaa-5b3b-4bc7-b846-41895f4ebd48:c1647, b4e1f7d4-4bb4-47ed-a9cb-53483a899fb2:c1643, d3916bce-b37b-4246-83c6-d24846ba1a72:c1643]
2019-07-08 14:21:12,454 INFO  client.GrpcClientProtocolClient (GrpcClientProtocolClient.java:onNext(255)) - client-DE0880F50CF2->72f5ceaa-5b3b-4bc7-b846-41895f4ebd48: receive RaftClientReply:client-DE0880F50CF2->72f5ceaa-5b3b-4bc7-b846-41895f4ebd48@group-833AA35A7EDE, cid=1202, SUCCESS, logIndex=1647, commits[72f5ceaa-5b3b-4bc7-b846-41895f4ebd48:c1647, b4e1f7d4-4bb4-47ed-a9cb-53483a899fb2:c1643, d3916bce-b37b-4246-83c6-d24846ba1a72:c1643]
2019-07-08 14:21:12,455 INFO  client.GrpcClientProtocolClient (GrpcClientProtocolClient.java:onNext(255)) - client-DE0880F50CF2->72f5ceaa-5b3b-4bc7-b846-41895f4ebd48: receive RaftClientReply:client-DE0880F50CF2->72f5ceaa-5b3b-4bc7-b846-41895f4ebd48@group-833AA35A7EDE, cid=1203, SUCCESS, logIndex=0, commits[72f5ceaa-5b3b-4bc7-b846-41895f4ebd48:c1650, b4e1f7d4-4bb4-47ed-a9cb-53483a899fb2:c1647, d3916bce-b37b-4246-83c6-d24846ba1a72:c1645]
2019-07-08 14:21:12,475 INFO  client.GrpcClientProtocolClient (GrpcClientProtocolClient.java:onNext(255)) - client-DE0880F50CF2->72f5ceaa-5b3b-4bc7-b846-41895f4ebd48: receive RaftClientReply:client-DE0880F50CF2->72f5ceaa-5b3b-4bc7-b846-41895f4ebd48@group-833AA35A7EDE, cid=1204, SUCCESS, logIndex=1652, commits[72f5ceaa-5b3b-4bc7-b846-41895f4ebd48:c1653, b4e1f7d4-4bb4-47ed-a9cb-53483a899fb2:c1651, d3916bce-b37b-4246-83c6-d24846ba1a72:c1651]
2019-07-08 14:21:12,476 INFO  client.GrpcClientProtocolClient (GrpcClientProtocolClient.java:onNext(255)) - client-DE0880F50CF2->72f5ceaa-5b3b-4bc7-b846-41895f4ebd48: receive RaftClientReply:client-DE0880F50CF2->72f5ceaa-5b3b-4bc7-b846-41895f4ebd48@group-833AA35A7EDE, cid=1205, SUCCESS, logIndex=1653, commits[72f5ceaa-5b3b-4bc7-b846-41895f4ebd48:c1653, b4e1f7d4-4bb4-47ed-a9cb-53483a899fb2:c1651, d3916bce-b37b-4246-83c6-d24846ba1a72:c1651]
2019-07-08 14:21:12,489 INFO  client.GrpcClientProtocolClient (GrpcClientProtocolClient.java:onNext(255)) - client-DE0880F50CF2->72f5ceaa-5b3b-4bc7-b846-41895f4ebd48: receive RaftClientReply:client-DE0880F50CF2->72f5ceaa-5b3b-4bc7-b846-41895f4ebd48@group-833AA35A7EDE, cid=1206, SUCCESS, logIndex=1656, commits[72f5ceaa-5b3b-4bc7-b846-41895f4ebd48:c1656, b4e1f7d4-4bb4-47ed-a9cb-53483a899fb2:c1653, d3916bce-b37b-4246-83c6-d24846ba1a72:c1653]
2019-07-08 14:21:12,489 INFO  client.GrpcClientProtocolClient (GrpcClientProtocolClient.java:onNext(255)) - client-DE0880F50CF2->72f5ceaa-5b3b-4bc7-b846-41895f4ebd48: receive RaftClientReply:client-DE0880F50CF2->72f5ceaa-5b3b-4bc7-b846-41895f4ebd48@group-833AA35A7EDE, cid=1207, SUCCESS, logIndex=1657, commits[72f5ceaa-5b3b-4bc7-b846-41895f4ebd48:c1657, b4e1f7d4-4bb4-47ed-a9cb-53483a899fb2:c1653, d3916bce-b37b-4246-83c6-d24846ba1a72:c1653]
2019-07-08 14:21:12,502 INFO  client.GrpcClientProtocolClient (GrpcClientProtocolClient.java:onNext(255)) - client-DE0880F50CF2->72f5ceaa-5b3b-4bc7-b846-41895f4ebd48: receive RaftClientReply:client-DE0880F50CF2->72f5ceaa-5b3b-4bc7-b846-41895f4ebd48@group-833AA35A7EDE, cid=1208, SUCCESS, logIndex=0, commits[72f5ceaa-5b3b-4bc7-b846-41895f4ebd48:c1659, b4e1f7d4-4bb4-47ed-a9cb-53483a899fb2:c1657, d3916bce-b37b-4246-83c6-d24846ba1a72:c1657]
2019-07-08 14:21:12,521 INFO  client.GrpcClientProtocolClient (GrpcClientProtocolClient.java:onNext(255)) - client-DE0880F50CF2->72f5ceaa-5b3b-4bc7-b846-41895f4ebd48: receive RaftClientReply:client-DE0880F50CF2->72f5ceaa-5b3b-4bc7-b846-41895f4ebd48@group-833AA35A7EDE, cid=1209, SUCCESS, logIndex=1660, commits[72f5ceaa-5b3b-4bc7-b846-41895f4ebd48:c1663, b4e1f7d4-4bb4-47ed-a9cb-53483a899fb2:c1659, d3916bce-b37b-4246-83c6-d24846ba1a72:c1659]
2019-07-08 14:21:12,522 INFO  client.GrpcClientProtocolClient (GrpcClientProtocolClient.java:onNext(255)) - client-DE0880F50CF2->72f5ceaa-5b3b-4bc7-b846-41895f4ebd48: receive RaftClientReply:client-DE0880F50CF2->72f5ceaa-5b3b-4bc7-b846-41895f4ebd48@group-833AA35A7EDE, cid=1210, SUCCESS, logIndex=1661, commits[72f5ceaa-5b3b-4bc7-b846-41895f4ebd48:c1663, b4e1f7d4-4bb4-47ed-a9cb-53483a899fb2:c1659, d3916bce-b37b-4246-83c6-d24846ba1a72:c1659]
2019-07-08 14:21:12,523 INFO  client.GrpcClientProtocolClient (GrpcClientProtocolClient.java:onNext(255)) - client-DE0880F50CF2->72f5ceaa-5b3b-4bc7-b846-41895f4ebd48: receive RaftClientReply:client-DE0880F50CF2->72f5ceaa-5b3b-4bc7-b846-41895f4ebd48@group-833AA35A7EDE, cid=1211, SUCCESS, logIndex=1662, commits[72f5ceaa-5b3b-4bc7-b846-41895f4ebd48:c1663, b4e1f7d4-4bb4-47ed-a9cb-53483a899fb2:c1659, d3916bce-b37b-4246-83c6-d24846ba1a72:c1659]
2019-07-08 14:21:12,523 INFO  client.GrpcClientProtocolClient (GrpcClientProtocolClient.java:onNext(255)) - client-DE0880F50CF2->72f5ceaa-5b3b-4bc7-b846-41895f4ebd48: receive RaftClientReply:client-DE0880F50CF2->72f5ceaa-5b3b-4bc7-b846-41895f4ebd48@group-833AA35A7EDE, cid=1212, SUCCESS, logIndex=1663, commits[72f5ceaa-5b3b-4bc7-b846-41895f4ebd48:c1663, b4e1f7d4-4bb4-47ed-a9cb-53483a899fb2:c1659, d3916bce-b37b-4246-83c6-d24846ba1a72:c1660]
2019-07-08 14:21:12,525 INFO  client.GrpcClientProtocolClient (GrpcClientProtocolClient.java:onNext(255)) - client-DE0880F50CF2->72f5ceaa-5b3b-4bc7-b846-41895f4ebd48: receive RaftClientReply:client-DE0880F50CF2->72f5ceaa-5b3b-4bc7-b846-41895f4ebd48@group-833AA35A7EDE, cid=1213, SUCCESS, logIndex=0, commits[72f5ceaa-5b3b-4bc7-b846-41895f4ebd48:c1667, b4e1f7d4-4bb4-47ed-a9cb-53483a899fb2:c1661, d3916bce-b37b-4246-83c6-d24846ba1a72:c1663]
2019-07-08 14:21:12,550 INFO  client.GrpcClientProtocolClient (GrpcClientProtocolClient.java:onNext(255)) - client-DE0880F50CF2->72f5ceaa-5b3b-4bc7-b846-41895f4ebd48: receive RaftClientReply:client-DE0880F50CF2->72f5ceaa-5b3b-4bc7-b846-41895f4ebd48@group-833AA35A7EDE, cid=1214, SUCCESS, logIndex=1668, commits[72f5ceaa-5b3b-4bc7-b846-41895f4ebd48:c1669, b4e1f7d4-4bb4-47ed-a9cb-53483a899fb2:c1667, d3916bce-b37b-4246-83c6-d24846ba1a72:c1667]
2019-07-08 14:21:12,550 INFO  client.GrpcClientProtocolClient (GrpcClientProtocolClient.java:onNext(255)) - client-DE0880F50CF2->72f5ceaa-5b3b-4bc7-b846-41895f4ebd48: receive RaftClientReply:client-DE0880F50CF2->72f5ceaa-5b3b-4bc7-b846-41895f4ebd48@group-833AA35A7EDE, cid=1215, SUCCESS, logIndex=1669, commits[72f5ceaa-5b3b-4bc7-b846-41895f4ebd48:c1669, b4e1f7d4-4bb4-47ed-a9cb-53483a899fb2:c1667, d3916bce-b37b-4246-83c6-d24846ba1a72:c1667]
2019-07-08 14:21:12,563 INFO  client.GrpcClientProtocolClient (GrpcClientProtocolClient.java:onNext(255)) - client-DE0880F50CF2->72f5ceaa-5b3b-4bc7-b846-41895f4ebd48: receive RaftClientReply:client-DE0880F50CF2->72f5ceaa-5b3b-4bc7-b846-41895f4ebd48@group-833AA35A7EDE, cid=1216, SUCCESS, logIndex=1672, commits[72f5ceaa-5b3b-4bc7-b846-41895f4ebd48:c1673, b4e1f7d4-4bb4-47ed-a9cb-53483a899fb2:c1669, d3916bce-b37b-4246-83c6-d24846ba1a72:c1669]
2019-07-08 14:21:12,564 INFO  client.GrpcClientProtocolClient (GrpcClientProtocolClient.java:onNext(255)) - client-DE0880F50CF2->72f5ceaa-5b3b-4bc7-b846-41895f4ebd48: receive RaftClientReply:client-DE0880F50CF2->72f5ceaa-5b3b-4bc7-b846-41895f4ebd48@group-833AA35A7EDE, cid=1217, SUCCESS, logIndex=1673, commits[72f5ceaa-5b3b-4bc7-b846-41895f4ebd48:c1673, b4e1f7d4-4bb4-47ed-a9cb-53483a899fb2:c1669, d3916bce-b37b-4246-83c6-d24846ba1a72:c1669]
2019-07-08 14:21:12,574 INFO  client.GrpcClientProtocolClient (GrpcClientProtocolClient.java:onNext(255)) - client-DE0880F50CF2->72f5ceaa-5b3b-4bc7-b846-41895f4ebd48: receive RaftClientReply:client-DE0880F50CF2->72f5ceaa-5b3b-4bc7-b846-41895f4ebd48@group-833AA35A7EDE, cid=1218, SUCCESS, logIndex=0, commits[72f5ceaa-5b3b-4bc7-b846-41895f4ebd48:c1674, b4e1f7d4-4bb4-47ed-a9cb-53483a899fb2:c1673, d3916bce-b37b-4246-83c6-d24846ba1a72:c1673]
2019-07-08 14:21:12,596 INFO  client.GrpcClientProtocolClient (GrpcClientProtocolClient.java:onNext(255)) - client-DE0880F50CF2->72f5ceaa-5b3b-4bc7-b846-41895f4ebd48: receive RaftClientReply:client-DE0880F50CF2->72f5ceaa-5b3b-4bc7-b846-41895f4ebd48@group-833AA35A7EDE, cid=1219, SUCCESS, logIndex=1676, commits[72f5ceaa-5b3b-4bc7-b846-41895f4ebd48:c1677, b4e1f7d4-4bb4-47ed-a9cb-53483a899fb2:c1675, d3916bce-b37b-4246-83c6-d24846ba1a72:c1675]
2019-07-08 14:21:12,596 INFO  client.GrpcClientProtocolClient (GrpcClientProtocolClient.java:onNext(255)) - client-DE0880F50CF2->72f5ceaa-5b3b-4bc7-b846-41895f4ebd48: receive RaftClientReply:client-DE0880F50CF2->72f5ceaa-5b3b-4bc7-b846-41895f4ebd48@group-833AA35A7EDE, cid=1220, SUCCESS, logIndex=1677, commits[72f5ceaa-5b3b-4bc7-b846-41895f4ebd48:c1679, b4e1f7d4-4bb4-47ed-a9cb-53483a899fb2:c1675, d3916bce-b37b-4246-83c6-d24846ba1a72:c1675]
2019-07-08 14:21:12,597 INFO  client.GrpcClientProtocolClient (GrpcClientProtocolClient.java:onNext(255)) - client-DE0880F50CF2->72f5ceaa-5b3b-4bc7-b846-41895f4ebd48: receive RaftClientReply:client-DE0880F50CF2->72f5ceaa-5b3b-4bc7-b846-41895f4ebd48@group-833AA35A7EDE, cid=1221, SUCCESS, logIndex=1678, commits[72f5ceaa-5b3b-4bc7-b846-41895f4ebd48:c1679, b4e1f7d4-4bb4-47ed-a9cb-53483a899fb2:c1675, d3916bce-b37b-4246-83c6-d24846ba1a72:c1675]
2019-07-08 14:21:12,597 INFO  client.GrpcClientProtocolClient (GrpcClientProtocolClient.java:onNext(255)) - client-DE0880F50CF2->72f5ceaa-5b3b-4bc7-b846-41895f4ebd48: receive RaftClientReply:client-DE0880F50CF2->72f5ceaa-5b3b-4bc7-b846-41895f4ebd48@group-833AA35A7EDE, cid=1222, SUCCESS, logIndex=1679, commits[72f5ceaa-5b3b-4bc7-b846-41895f4ebd48:c1679, b4e1f7d4-4bb4-47ed-a9cb-53483a899fb2:c1675, d3916bce-b37b-4246-83c6-d24846ba1a72:c1675]
2019-07-08 14:21:12,599 INFO  client.GrpcClientProtocolClient (GrpcClientProtocolClient.java:onNext(255)) - client-DE0880F50CF2->72f5ceaa-5b3b-4bc7-b846-41895f4ebd48: receive RaftClientReply:client-DE0880F50CF2->72f5ceaa-5b3b-4bc7-b846-41895f4ebd48@group-833AA35A7EDE, cid=1223, SUCCESS, logIndex=0, commits[72f5ceaa-5b3b-4bc7-b846-41895f4ebd48:c1682, b4e1f7d4-4bb4-47ed-a9cb-53483a899fb2:c1677, d3916bce-b37b-4246-83c6-d24846ba1a72:c1679]
2019-07-08 14:21:12,619 INFO  client.GrpcClientProtocolClient (GrpcClientProtocolClient.java:onNext(255)) - client-DE0880F50CF2->72f5ceaa-5b3b-4bc7-b846-41895f4ebd48: receive RaftClientReply:client-DE0880F50CF2->72f5ceaa-5b3b-4bc7-b846-41895f4ebd48@group-833AA35A7EDE, cid=1224, SUCCESS, logIndex=1684, commits[72f5ceaa-5b3b-4bc7-b846-41895f4ebd48:c1685, b4e1f7d4-4bb4-47ed-a9cb-53483a899fb2:c1683, d3916bce-b37b-4246-83c6-d24846ba1a72:c1683]
2019-07-08 14:21:12,619 INFO  client.GrpcClientProtocolClient (GrpcClientProtocolClient.java:onNext(255)) - client-DE0880F50CF2->72f5ceaa-5b3b-4bc7-b846-41895f4ebd48: receive RaftClientReply:client-DE0880F50CF2->72f5ceaa-5b3b-4bc7-b846-41895f4ebd48@group-833AA35A7EDE, cid=1225, SUCCESS, logIndex=1685, commits[72f5ceaa-5b3b-4bc7-b846-41895f4ebd48:c1685, b4e1f7d4-4bb4-47ed-a9cb-53483a899fb2:c1683, d3916bce-b37b-4246-83c6-d24846ba1a72:c1683]
2019-07-08 14:21:12,632 INFO  client.GrpcClientProtocolClient (GrpcClientProtocolClient.java:onNext(255)) - client-DE0880F50CF2->72f5ceaa-5b3b-4bc7-b846-41895f4ebd48: receive RaftClientReply:client-DE0880F50CF2->72f5ceaa-5b3b-4bc7-b846-41895f4ebd48@group-833AA35A7EDE, cid=1226, SUCCESS, logIndex=1688, commits[72f5ceaa-5b3b-4bc7-b846-41895f4ebd48:c1689, b4e1f7d4-4bb4-47ed-a9cb-53483a899fb2:c1685, d3916bce-b37b-4246-83c6-d24846ba1a72:c1685]
2019-07-08 14:21:12,632 INFO  client.GrpcClientProtocolClient (GrpcClientProtocolClient.java:onNext(255)) - client-DE0880F50CF2->72f5ceaa-5b3b-4bc7-b846-41895f4ebd48: receive RaftClientReply:client-DE0880F50CF2->72f5ceaa-5b3b-4bc7-b846-41895f4ebd48@group-833AA35A7EDE, cid=1227, SUCCESS, logIndex=1689, commits[72f5ceaa-5b3b-4bc7-b846-41895f4ebd48:c1689, b4e1f7d4-4bb4-47ed-a9cb-53483a899fb2:c1685, d3916bce-b37b-4246-83c6-d24846ba1a72:c1685]
2019-07-08 14:21:12,645 INFO  client.GrpcClientProtocolClient (GrpcClientProtocolClient.java:onNext(255)) - client-DE0880F50CF2->72f5ceaa-5b3b-4bc7-b846-41895f4ebd48: receive RaftClientReply:client-DE0880F50CF2->72f5ceaa-5b3b-4bc7-b846-41895f4ebd48@group-833AA35A7EDE, cid=1228, SUCCESS, logIndex=0, commits[72f5ceaa-5b3b-4bc7-b846-41895f4ebd48:c1691, b4e1f7d4-4bb4-47ed-a9cb-53483a899fb2:c1689, d3916bce-b37b-4246-83c6-d24846ba1a72:c1689]
2019-07-08 14:21:12,669 INFO  client.GrpcClientProtocolClient (GrpcClientProtocolClient.java:onNext(255)) - client-DE0880F50CF2->72f5ceaa-5b3b-4bc7-b846-41895f4ebd48: receive RaftClientReply:client-DE0880F50CF2->72f5ceaa-5b3b-4bc7-b846-41895f4ebd48@group-833AA35A7EDE, cid=1229, SUCCESS, logIndex=1692, commits[72f5ceaa-5b3b-4bc7-b846-41895f4ebd48:c1693, b4e1f7d4-4bb4-47ed-a9cb-53483a899fb2:c1691, d3916bce-b37b-4246-83c6-d24846ba1a72:c1691]
2019-07-08 14:21:12,669 INFO  client.GrpcClientProtocolClient (GrpcClientProtocolClient.java:onNext(255)) - client-DE0880F50CF2->72f5ceaa-5b3b-4bc7-b846-41895f4ebd48: receive RaftClientReply:client-DE0880F50CF2->72f5ceaa-5b3b-4bc7-b846-41895f4ebd48@group-833AA35A7EDE, cid=1230, SUCCESS, logIndex=1693, commits[72f5ceaa-5b3b-4bc7-b846-41895f4ebd48:c1695, b4e1f7d4-4bb4-47ed-a9cb-53483a899fb2:c1691, d3916bce-b37b-4246-83c6-d24846ba1a72:c1691]
2019-07-08 14:21:12,669 INFO  client.GrpcClientProtocolClient (GrpcClientProtocolClient.java:onNext(255)) - client-DE0880F50CF2->72f5ceaa-5b3b-4bc7-b846-41895f4ebd48: receive RaftClientReply:client-DE0880F50CF2->72f5ceaa-5b3b-4bc7-b846-41895f4ebd48@group-833AA35A7EDE, cid=1231, SUCCESS, logIndex=1694, commits[72f5ceaa-5b3b-4bc7-b846-41895f4ebd48:c1695, b4e1f7d4-4bb4-47ed-a9cb-53483a899fb2:c1691, d3916bce-b37b-4246-83c6-d24846ba1a72:c1691]
2019-07-08 14:21:12,670 INFO  client.GrpcClientProtocolClient (GrpcClientProtocolClient.java:onNext(255)) - client-DE0880F50CF2->72f5ceaa-5b3b-4bc7-b846-41895f4ebd48: receive RaftClientReply:client-DE0880F50CF2->72f5ceaa-5b3b-4bc7-b846-41895f4ebd48@group-833AA35A7EDE, cid=1232, SUCCESS, logIndex=1695, commits[72f5ceaa-5b3b-4bc7-b846-41895f4ebd48:c1695, b4e1f7d4-4bb4-47ed-a9cb-53483a899fb2:c1691, d3916bce-b37b-4246-83c6-d24846ba1a72:c1691]
2019-07-08 14:21:12,682 INFO  client.GrpcClientProtocolClient (GrpcClientProtocolClient.java:onNext(255)) - client-DE0880F50CF2->72f5ceaa-5b3b-4bc7-b846-41895f4ebd48: receive RaftClientReply:client-DE0880F50CF2->72f5ceaa-5b3b-4bc7-b846-41895f4ebd48@group-833AA35A7EDE, cid=1233, SUCCESS, logIndex=0, commits[72f5ceaa-5b3b-4bc7-b846-41895f4ebd48:c1697, b4e1f7d4-4bb4-47ed-a9cb-53483a899fb2:c1693, d3916bce-b37b-4246-83c6-d24846ba1a72:c1693]
2019-07-08 14:21:12,701 INFO  client.GrpcClientProtocolClient (GrpcClientProtocolClient.java:onNext(255)) - client-DE0880F50CF2->72f5ceaa-5b3b-4bc7-b846-41895f4ebd48: receive RaftClientReply:client-DE0880F50CF2->72f5ceaa-5b3b-4bc7-b846-41895f4ebd48@group-833AA35A7EDE, cid=1234, SUCCESS, logIndex=1700, commits[72f5ceaa-5b3b-4bc7-b846-41895f4ebd48:c1701, b4e1f7d4-4bb4-47ed-a9cb-53483a899fb2:c1699, d3916bce-b37b-4246-83c6-d24846ba1a72:c1699]
2019-07-08 14:21:12,702 INFO  client.GrpcClientProtocolClient (GrpcClientProtocolClient.java:onNext(255)) - client-DE0880F50CF2->72f5ceaa-5b3b-4bc7-b846-41895f4ebd48: receive RaftClientReply:client-DE0880F50CF2->72f5ceaa-5b3b-4bc7-b846-41895f4ebd48@group-833AA35A7EDE, cid=1235, SUCCESS, logIndex=1701, commits[72f5ceaa-5b3b-4bc7-b846-41895f4ebd48:c1701, b4e1f7d4-4bb4-47ed-a9cb-53483a899fb2:c1699, d3916bce-b37b-4246-83c6-d24846ba1a72:c1699]
2019-07-08 14:21:12,715 INFO  client.GrpcClientProtocolClient (GrpcClientProtocolClient.java:onNext(255)) - client-DE0880F50CF2->72f5ceaa-5b3b-4bc7-b846-41895f4ebd48: receive RaftClientReply:client-DE0880F50CF2->72f5ceaa-5b3b-4bc7-b846-41895f4ebd48@group-833AA35A7EDE, cid=1236, SUCCESS, logIndex=1704, commits[72f5ceaa-5b3b-4bc7-b846-41895f4ebd48:c1705, b4e1f7d4-4bb4-47ed-a9cb-53483a899fb2:c1701, d3916bce-b37b-4246-83c6-d24846ba1a72:c1701]
2019-07-08 14:21:12,715 INFO  client.GrpcClientProtocolClient (GrpcClientProtocolClient.java:onNext(255)) - client-DE0880F50CF2->72f5ceaa-5b3b-4bc7-b846-41895f4ebd48: receive RaftClientReply:client-DE0880F50CF2->72f5ceaa-5b3b-4bc7-b846-41895f4ebd48@group-833AA35A7EDE, cid=1237, SUCCESS, logIndex=1705, commits[72f5ceaa-5b3b-4bc7-b846-41895f4ebd48:c1705, b4e1f7d4-4bb4-47ed-a9cb-53483a899fb2:c1701, d3916bce-b37b-4246-83c6-d24846ba1a72:c1701]
2019-07-08 14:21:12,726 INFO  client.GrpcClientProtocolClient (GrpcClientProtocolClient.java:onNext(255)) - client-DE0880F50CF2->72f5ceaa-5b3b-4bc7-b846-41895f4ebd48: receive RaftClientReply:client-DE0880F50CF2->72f5ceaa-5b3b-4bc7-b846-41895f4ebd48@group-833AA35A7EDE, cid=1238, SUCCESS, logIndex=0, commits[72f5ceaa-5b3b-4bc7-b846-41895f4ebd48:c1705, b4e1f7d4-4bb4-47ed-a9cb-53483a899fb2:c1705, d3916bce-b37b-4246-83c6-d24846ba1a72:c1705]
 0.00% |█                                                                                                    |  0/1 Time: 0:00:072019-07-08 14:21:12,765 INFO  client.GrpcClientProtocolClient (GrpcClientProtocolClient.java:onNext(255)) - client-DE0880F50CF2->72f5ceaa-5b3b-4bc7-b846-41895f4ebd48: receive RaftClientReply:client-DE0880F50CF2->72f5ceaa-5b3b-4bc7-b846-41895f4ebd48@group-833AA35A7EDE, cid=1239, SUCCESS, logIndex=1708, commits[72f5ceaa-5b3b-4bc7-b846-41895f4ebd48:c1710, b4e1f7d4-4bb4-47ed-a9cb-53483a899fb2:c1707, d3916bce-b37b-4246-83c6-d24846ba1a72:c1707]
2019-07-08 14:21:12,766 INFO  client.GrpcClientProtocolClient (GrpcClientProtocolClient.java:onNext(255)) - client-DE0880F50CF2->72f5ceaa-5b3b-4bc7-b846-41895f4ebd48: receive RaftClientReply:client-DE0880F50CF2->72f5ceaa-5b3b-4bc7-b846-41895f4ebd48@group-833AA35A7EDE, cid=1240, SUCCESS, logIndex=1709, commits[72f5ceaa-5b3b-4bc7-b846-41895f4ebd48:c1711, b4e1f7d4-4bb4-47ed-a9cb-53483a899fb2:c1707, d3916bce-b37b-4246-83c6-d24846ba1a72:c1707]
2019-07-08 14:21:12,766 INFO  client.GrpcClientProtocolClient (GrpcClientProtocolClient.java:onNext(255)) - client-DE0880F50CF2->72f5ceaa-5b3b-4bc7-b846-41895f4ebd48: receive RaftClientReply:client-DE0880F50CF2->72f5ceaa-5b3b-4bc7-b846-41895f4ebd48@group-833AA35A7EDE, cid=1241, SUCCESS, logIndex=1710, commits[72f5ceaa-5b3b-4bc7-b846-41895f4ebd48:c1711, b4e1f7d4-4bb4-47ed-a9cb-53483a899fb2:c1707, d3916bce-b37b-4246-83c6-d24846ba1a72:c1707]
2019-07-08 14:21:12,766 INFO  client.GrpcClientProtocolClient (GrpcClientProtocolClient.java:onNext(255)) - client-DE0880F50CF2->72f5ceaa-5b3b-4bc7-b846-41895f4ebd48: receive RaftClientReply:client-DE0880F50CF2->72f5ceaa-5b3b-4bc7-b846-41895f4ebd48@group-833AA35A7EDE, cid=1242, SUCCESS, logIndex=1711, commits[72f5ceaa-5b3b-4bc7-b846-41895f4ebd48:c1711, b4e1f7d4-4bb4-47ed-a9cb-53483a899fb2:c1707, d3916bce-b37b-4246-83c6-d24846ba1a72:c1708]
2019-07-08 14:21:12,767 INFO  client.GrpcClientProtocolClient (GrpcClientProtocolClient.java:onNext(255)) - client-DE0880F50CF2->72f5ceaa-5b3b-4bc7-b846-41895f4ebd48: receive RaftClientReply:client-DE0880F50CF2->72f5ceaa-5b3b-4bc7-b846-41895f4ebd48@group-833AA35A7EDE, cid=1243, SUCCESS, logIndex=0, commits[72f5ceaa-5b3b-4bc7-b846-41895f4ebd48:c1712, b4e1f7d4-4bb4-47ed-a9cb-53483a899fb2:c1709, d3916bce-b37b-4246-83c6-d24846ba1a72:c1709]
2019-07-08 14:21:12,793 INFO  client.GrpcClientProtocolClient (GrpcClientProtocolClient.java:onNext(255)) - client-DE0880F50CF2->72f5ceaa-5b3b-4bc7-b846-41895f4ebd48: receive RaftClientReply:client-DE0880F50CF2->72f5ceaa-5b3b-4bc7-b846-41895f4ebd48@group-833AA35A7EDE, cid=1244, SUCCESS, logIndex=1716, commits[72f5ceaa-5b3b-4bc7-b846-41895f4ebd48:c1717, b4e1f7d4-4bb4-47ed-a9cb-53483a899fb2:c1715, d3916bce-b37b-4246-83c6-d24846ba1a72:c1715]
2019-07-08 14:21:12,793 INFO  client.GrpcClientProtocolClient (GrpcClientProtocolClient.java:onNext(255)) - client-DE0880F50CF2->72f5ceaa-5b3b-4bc7-b846-41895f4ebd48: receive RaftClientReply:client-DE0880F50CF2->72f5ceaa-5b3b-4bc7-b846-41895f4ebd48@group-833AA35A7EDE, cid=1245, SUCCESS, logIndex=1717, commits[72f5ceaa-5b3b-4bc7-b846-41895f4ebd48:c1717, b4e1f7d4-4bb4-47ed-a9cb-53483a899fb2:c1715, d3916bce-b37b-4246-83c6-d24846ba1a72:c1715]
2019-07-08 14:21:12,806 INFO  client.GrpcClientProtocolClient (GrpcClientProtocolClient.java:onNext(255)) - client-DE0880F50CF2->72f5ceaa-5b3b-4bc7-b846-41895f4ebd48: receive RaftClientReply:client-DE0880F50CF2->72f5ceaa-5b3b-4bc7-b846-41895f4ebd48@group-833AA35A7EDE, cid=1246, SUCCESS, logIndex=1720, commits[72f5ceaa-5b3b-4bc7-b846-41895f4ebd48:c1720, b4e1f7d4-4bb4-47ed-a9cb-53483a899fb2:c1717, d3916bce-b37b-4246-83c6-d24846ba1a72:c1717]
2019-07-08 14:21:12,806 INFO  client.GrpcClientProtocolClient (GrpcClientProtocolClient.java:onNext(255)) - client-DE0880F50CF2->72f5ceaa-5b3b-4bc7-b846-41895f4ebd48: receive RaftClientReply:client-DE0880F50CF2->72f5ceaa-5b3b-4bc7-b846-41895f4ebd48@group-833AA35A7EDE, cid=1247, SUCCESS, logIndex=1721, commits[72f5ceaa-5b3b-4bc7-b846-41895f4ebd48:c1721, b4e1f7d4-4bb4-47ed-a9cb-53483a899fb2:c1717, d3916bce-b37b-4246-83c6-d24846ba1a72:c1717]
2019-07-08 14:21:12,819 INFO  client.GrpcClientProtocolClient (GrpcClientProtocolClient.java:onNext(255)) - client-DE0880F50CF2->72f5ceaa-5b3b-4bc7-b846-41895f4ebd48: receive RaftClientReply:client-DE0880F50CF2->72f5ceaa-5b3b-4bc7-b846-41895f4ebd48@group-833AA35A7EDE, cid=1248, SUCCESS, logIndex=0, commits[72f5ceaa-5b3b-4bc7-b846-41895f4ebd48:c1723, b4e1f7d4-4bb4-47ed-a9cb-53483a899fb2:c1721, d3916bce-b37b-4246-83c6-d24846ba1a72:c1721]
2019-07-08 14:21:12,856 INFO  client.GrpcClientProtocolClient (GrpcClientProtocolClient.java:onNext(255)) - client-DE0880F50CF2->72f5ceaa-5b3b-4bc7-b846-41895f4ebd48: receive RaftClientReply:client-DE0880F50CF2->72f5ceaa-5b3b-4bc7-b846-41895f4ebd48@group-833AA35A7EDE, cid=1249, SUCCESS, logIndex=1724, commits[72f5ceaa-5b3b-4bc7-b846-41895f4ebd48:c1725, b4e1f7d4-4bb4-47ed-a9cb-53483a899fb2:c1723, d3916bce-b37b-4246-83c6-d24846ba1a72:c1723]
2019-07-08 14:21:12,857 INFO  client.GrpcClientProtocolClient (GrpcClientProtocolClient.java:onNext(255)) - client-DE0880F50CF2->72f5ceaa-5b3b-4bc7-b846-41895f4ebd48: receive RaftClientReply:client-DE0880F50CF2->72f5ceaa-5b3b-4bc7-b846-41895f4ebd48@group-833AA35A7EDE, cid=1250, SUCCESS, logIndex=1725, commits[72f5ceaa-5b3b-4bc7-b846-41895f4ebd48:c1726, b4e1f7d4-4bb4-47ed-a9cb-53483a899fb2:c1723, d3916bce-b37b-4246-83c6-d24846ba1a72:c1723]
2019-07-08 14:21:12,857 INFO  client.GrpcClientProtocolClient (GrpcClientProtocolClient.java:onNext(255)) - client-DE0880F50CF2->72f5ceaa-5b3b-4bc7-b846-41895f4ebd48: receive RaftClientReply:client-DE0880F50CF2->72f5ceaa-5b3b-4bc7-b846-41895f4ebd48@group-833AA35A7EDE, cid=1251, SUCCESS, logIndex=1726, commits[72f5ceaa-5b3b-4bc7-b846-41895f4ebd48:c1727, b4e1f7d4-4bb4-47ed-a9cb-53483a899fb2:c1723, d3916bce-b37b-4246-83c6-d24846ba1a72:c1723]
2019-07-08 14:21:12,857 INFO  client.GrpcClientProtocolClient (GrpcClientProtocolClient.java:onNext(255)) - client-DE0880F50CF2->72f5ceaa-5b3b-4bc7-b846-41895f4ebd48: receive RaftClientReply:client-DE0880F50CF2->72f5ceaa-5b3b-4bc7-b846-41895f4ebd48@group-833AA35A7EDE, cid=1252, SUCCESS, logIndex=1727, commits[72f5ceaa-5b3b-4bc7-b846-41895f4ebd48:c1727, b4e1f7d4-4bb4-47ed-a9cb-53483a899fb2:c1723, d3916bce-b37b-4246-83c6-d24846ba1a72:c1723]
2019-07-08 14:21:12,868 INFO  client.GrpcClientProtocolClient (GrpcClientProtocolClient.java:onNext(255)) - client-DE0880F50CF2->72f5ceaa-5b3b-4bc7-b846-41895f4ebd48: receive RaftClientReply:client-DE0880F50CF2->72f5ceaa-5b3b-4bc7-b846-41895f4ebd48@group-833AA35A7EDE, cid=1253, SUCCESS, logIndex=0, commits[72f5ceaa-5b3b-4bc7-b846-41895f4ebd48:c1729, b4e1f7d4-4bb4-47ed-a9cb-53483a899fb2:c1725, d3916bce-b37b-4246-83c6-d24846ba1a72:c1725]
2019-07-08 14:21:12,887 INFO  client.GrpcClientProtocolClient (GrpcClientProtocolClient.java:onNext(255)) - client-DE0880F50CF2->72f5ceaa-5b3b-4bc7-b846-41895f4ebd48: receive RaftClientReply:client-DE0880F50CF2->72f5ceaa-5b3b-4bc7-b846-41895f4ebd48@group-833AA35A7EDE, cid=1254, SUCCESS, logIndex=1732, commits[72f5ceaa-5b3b-4bc7-b846-41895f4ebd48:c1733, b4e1f7d4-4bb4-47ed-a9cb-53483a899fb2:c1731, d3916bce-b37b-4246-83c6-d24846ba1a72:c1731]
2019-07-08 14:21:12,888 INFO  client.GrpcClientProtocolClient (GrpcClientProtocolClient.java:onNext(255)) - client-DE0880F50CF2->72f5ceaa-5b3b-4bc7-b846-41895f4ebd48: receive RaftClientReply:client-DE0880F50CF2->72f5ceaa-5b3b-4bc7-b846-41895f4ebd48@group-833AA35A7EDE, cid=1255, SUCCESS, logIndex=1733, commits[72f5ceaa-5b3b-4bc7-b846-41895f4ebd48:c1733, b4e1f7d4-4bb4-47ed-a9cb-53483a899fb2:c1731, d3916bce-b37b-4246-83c6-d24846ba1a72:c1731]
2019-07-08 14:21:12,901 INFO  client.GrpcClientProtocolClient (GrpcClientProtocolClient.java:onNext(255)) - client-DE0880F50CF2->72f5ceaa-5b3b-4bc7-b846-41895f4ebd48: receive RaftClientReply:client-DE0880F50CF2->72f5ceaa-5b3b-4bc7-b846-41895f4ebd48@group-833AA35A7EDE, cid=1256, SUCCESS, logIndex=1736, commits[72f5ceaa-5b3b-4bc7-b846-41895f4ebd48:c1737, b4e1f7d4-4bb4-47ed-a9cb-53483a899fb2:c1733, d3916bce-b37b-4246-83c6-d24846ba1a72:c1733]
2019-07-08 14:21:12,901 INFO  client.GrpcClientProtocolClient (GrpcClientProtocolClient.java:onNext(255)) - client-DE0880F50CF2->72f5ceaa-5b3b-4bc7-b846-41895f4ebd48: receive RaftClientReply:client-DE0880F50CF2->72f5ceaa-5b3b-4bc7-b846-41895f4ebd48@group-833AA35A7EDE, cid=1257, SUCCESS, logIndex=1737, commits[72f5ceaa-5b3b-4bc7-b846-41895f4ebd48:c1737, b4e1f7d4-4bb4-47ed-a9cb-53483a899fb2:c1733, d3916bce-b37b-4246-83c6-d24846ba1a72:c1733]
2019-07-08 14:21:12,914 INFO  client.GrpcClientProtocolClient (GrpcClientProtocolClient.java:onNext(255)) - client-DE0880F50CF2->72f5ceaa-5b3b-4bc7-b846-41895f4ebd48: receive RaftClientReply:client-DE0880F50CF2->72f5ceaa-5b3b-4bc7-b846-41895f4ebd48@group-833AA35A7EDE, cid=1258, SUCCESS, logIndex=0, commits[72f5ceaa-5b3b-4bc7-b846-41895f4ebd48:c1738, b4e1f7d4-4bb4-47ed-a9cb-53483a899fb2:c1737, d3916bce-b37b-4246-83c6-d24846ba1a72:c1737]
2019-07-08 14:21:13,040 INFO  client.GrpcClientProtocolClient (GrpcClientProtocolClient.java:onNext(255)) - client-DE0880F50CF2->72f5ceaa-5b3b-4bc7-b846-41895f4ebd48: receive RaftClientReply:client-DE0880F50CF2->72f5ceaa-5b3b-4bc7-b846-41895f4ebd48@group-833AA35A7EDE, cid=1259, SUCCESS, logIndex=1740, commits[72f5ceaa-5b3b-4bc7-b846-41895f4ebd48:c1741, b4e1f7d4-4bb4-47ed-a9cb-53483a899fb2:c1739, d3916bce-b37b-4246-83c6-d24846ba1a72:c1739]
2019-07-08 14:21:13,041 INFO  client.GrpcClientProtocolClient (GrpcClientProtocolClient.java:onNext(255)) - client-DE0880F50CF2->72f5ceaa-5b3b-4bc7-b846-41895f4ebd48: receive RaftClientReply:client-DE0880F50CF2->72f5ceaa-5b3b-4bc7-b846-41895f4ebd48@group-833AA35A7EDE, cid=1260, SUCCESS, logIndex=1741, commits[72f5ceaa-5b3b-4bc7-b846-41895f4ebd48:c1742, b4e1f7d4-4bb4-47ed-a9cb-53483a899fb2:c1739, d3916bce-b37b-4246-83c6-d24846ba1a72:c1739]
2019-07-08 14:21:13,041 INFO  client.GrpcClientProtocolClient (GrpcClientProtocolClient.java:onNext(255)) - client-DE0880F50CF2->72f5ceaa-5b3b-4bc7-b846-41895f4ebd48: receive RaftClientReply:client-DE0880F50CF2->72f5ceaa-5b3b-4bc7-b846-41895f4ebd48@group-833AA35A7EDE, cid=1261, SUCCESS, logIndex=1742, commits[72f5ceaa-5b3b-4bc7-b846-41895f4ebd48:c1743, b4e1f7d4-4bb4-47ed-a9cb-53483a899fb2:c1739, d3916bce-b37b-4246-83c6-d24846ba1a72:c1739]
2019-07-08 14:21:13,042 INFO  client.GrpcClientProtocolClient (GrpcClientProtocolClient.java:onNext(255)) - client-DE0880F50CF2->72f5ceaa-5b3b-4bc7-b846-41895f4ebd48: receive RaftClientReply:client-DE0880F50CF2->72f5ceaa-5b3b-4bc7-b846-41895f4ebd48@group-833AA35A7EDE, cid=1262, SUCCESS, logIndex=1743, commits[72f5ceaa-5b3b-4bc7-b846-41895f4ebd48:c1743, b4e1f7d4-4bb4-47ed-a9cb-53483a899fb2:c1739, d3916bce-b37b-4246-83c6-d24846ba1a72:c1740]
2019-07-08 14:21:13,043 INFO  client.GrpcClientProtocolClient (GrpcClientProtocolClient.java:onNext(255)) - client-DE0880F50CF2->72f5ceaa-5b3b-4bc7-b846-41895f4ebd48: receive RaftClientReply:client-DE0880F50CF2->72f5ceaa-5b3b-4bc7-b846-41895f4ebd48@group-833AA35A7EDE, cid=1263, SUCCESS, logIndex=0, commits[72f5ceaa-5b3b-4bc7-b846-41895f4ebd48:c1746, b4e1f7d4-4bb4-47ed-a9cb-53483a899fb2:c1741, d3916bce-b37b-4246-83c6-d24846ba1a72:c1742]
2019-07-08 14:21:13,062 INFO  client.GrpcClientProtocolClient (GrpcClientProtocolClient.java:onNext(255)) - client-DE0880F50CF2->72f5ceaa-5b3b-4bc7-b846-41895f4ebd48: receive RaftClientReply:client-DE0880F50CF2->72f5ceaa-5b3b-4bc7-b846-41895f4ebd48@group-833AA35A7EDE, cid=1264, SUCCESS, logIndex=1748, commits[72f5ceaa-5b3b-4bc7-b846-41895f4ebd48:c1749, b4e1f7d4-4bb4-47ed-a9cb-53483a899fb2:c1747, d3916bce-b37b-4246-83c6-d24846ba1a72:c1747]
2019-07-08 14:21:13,063 INFO  client.GrpcClientProtocolClient (GrpcClientProtocolClient.java:onNext(255)) - client-DE0880F50CF2->72f5ceaa-5b3b-4bc7-b846-41895f4ebd48: receive RaftClientReply:client-DE0880F50CF2->72f5ceaa-5b3b-4bc7-b846-41895f4ebd48@group-833AA35A7EDE, cid=1265, SUCCESS, logIndex=1749, commits[72f5ceaa-5b3b-4bc7-b846-41895f4ebd48:c1749, b4e1f7d4-4bb4-47ed-a9cb-53483a899fb2:c1747, d3916bce-b37b-4246-83c6-d24846ba1a72:c1747]
2019-07-08 14:21:13,076 INFO  client.GrpcClientProtocolClient (GrpcClientProtocolClient.java:onNext(255)) - client-DE0880F50CF2->72f5ceaa-5b3b-4bc7-b846-41895f4ebd48: receive RaftClientReply:client-DE0880F50CF2->72f5ceaa-5b3b-4bc7-b846-41895f4ebd48@group-833AA35A7EDE, cid=1266, SUCCESS, logIndex=1752, commits[72f5ceaa-5b3b-4bc7-b846-41895f4ebd48:c1753, b4e1f7d4-4bb4-47ed-a9cb-53483a899fb2:c1749, d3916bce-b37b-4246-83c6-d24846ba1a72:c1749]
2019-07-08 14:21:13,076 INFO  client.GrpcClientProtocolClient (GrpcClientProtocolClient.java:onNext(255)) - client-DE0880F50CF2->72f5ceaa-5b3b-4bc7-b846-41895f4ebd48: receive RaftClientReply:client-DE0880F50CF2->72f5ceaa-5b3b-4bc7-b846-41895f4ebd48@group-833AA35A7EDE, cid=1267, SUCCESS, logIndex=1753, commits[72f5ceaa-5b3b-4bc7-b846-41895f4ebd48:c1753, b4e1f7d4-4bb4-47ed-a9cb-53483a899fb2:c1749, d3916bce-b37b-4246-83c6-d24846ba1a72:c1749]
2019-07-08 14:21:13,091 INFO  client.GrpcClientProtocolClient (GrpcClientProtocolClient.java:onNext(255)) - client-DE0880F50CF2->72f5ceaa-5b3b-4bc7-b846-41895f4ebd48: receive RaftClientReply:client-DE0880F50CF2->72f5ceaa-5b3b-4bc7-b846-41895f4ebd48@group-833AA35A7EDE, cid=1268, SUCCESS, logIndex=0, commits[72f5ceaa-5b3b-4bc7-b846-41895f4ebd48:c1755, b4e1f7d4-4bb4-47ed-a9cb-53483a899fb2:c1753, d3916bce-b37b-4246-83c6-d24846ba1a72:c1753]
2019-07-08 14:21:13,121 INFO  client.GrpcClientProtocolClient (GrpcClientProtocolClient.java:onNext(255)) - client-DE0880F50CF2->72f5ceaa-5b3b-4bc7-b846-41895f4ebd48: receive RaftClientReply:client-DE0880F50CF2->72f5ceaa-5b3b-4bc7-b846-41895f4ebd48@group-833AA35A7EDE, cid=1269, SUCCESS, logIndex=1756, commits[72f5ceaa-5b3b-4bc7-b846-41895f4ebd48:c1757, b4e1f7d4-4bb4-47ed-a9cb-53483a899fb2:c1755, d3916bce-b37b-4246-83c6-d24846ba1a72:c1755]
2019-07-08 14:21:13,121 INFO  client.GrpcClientProtocolClient (GrpcClientProtocolClient.java:onNext(255)) - client-DE0880F50CF2->72f5ceaa-5b3b-4bc7-b846-41895f4ebd48: receive RaftClientReply:client-DE0880F50CF2->72f5ceaa-5b3b-4bc7-b846-41895f4ebd48@group-833AA35A7EDE, cid=1270, SUCCESS, logIndex=1757, commits[72f5ceaa-5b3b-4bc7-b846-41895f4ebd48:c1757, b4e1f7d4-4bb4-47ed-a9cb-53483a899fb2:c1755, d3916bce-b37b-4246-83c6-d24846ba1a72:c1755]
2019-07-08 14:21:13,122 INFO  client.GrpcClientProtocolClient (GrpcClientProtocolClient.java:onNext(255)) - client-DE0880F50CF2->72f5ceaa-5b3b-4bc7-b846-41895f4ebd48: receive RaftClientReply:client-DE0880F50CF2->72f5ceaa-5b3b-4bc7-b846-41895f4ebd48@group-833AA35A7EDE, cid=1271, SUCCESS, logIndex=1758, commits[72f5ceaa-5b3b-4bc7-b846-41895f4ebd48:c1758, b4e1f7d4-4bb4-47ed-a9cb-53483a899fb2:c1755, d3916bce-b37b-4246-83c6-d24846ba1a72:c1755]
2019-07-08 14:21:13,122 INFO  client.GrpcClientProtocolClient (GrpcClientProtocolClient.java:onNext(255)) - client-DE0880F50CF2->72f5ceaa-5b3b-4bc7-b846-41895f4ebd48: receive RaftClientReply:client-DE0880F50CF2->72f5ceaa-5b3b-4bc7-b846-41895f4ebd48@group-833AA35A7EDE, cid=1272, SUCCESS, logIndex=1759, commits[72f5ceaa-5b3b-4bc7-b846-41895f4ebd48:c1759, b4e1f7d4-4bb4-47ed-a9cb-53483a899fb2:c1755, d3916bce-b37b-4246-83c6-d24846ba1a72:c1755]
2019-07-08 14:21:13,123 INFO  client.GrpcClientProtocolClient (GrpcClientProtocolClient.java:onNext(255)) - client-DE0880F50CF2->72f5ceaa-5b3b-4bc7-b846-41895f4ebd48: receive RaftClientReply:client-DE0880F50CF2->72f5ceaa-5b3b-4bc7-b846-41895f4ebd48@group-833AA35A7EDE, cid=1273, SUCCESS, logIndex=0, commits[72f5ceaa-5b3b-4bc7-b846-41895f4ebd48:c1761, b4e1f7d4-4bb4-47ed-a9cb-53483a899fb2:c1757, d3916bce-b37b-4246-83c6-d24846ba1a72:c1757]
2019-07-08 14:21:13,144 INFO  client.GrpcClientProtocolClient (GrpcClientProtocolClient.java:onNext(255)) - client-DE0880F50CF2->72f5ceaa-5b3b-4bc7-b846-41895f4ebd48: receive RaftClientReply:client-DE0880F50CF2->72f5ceaa-5b3b-4bc7-b846-41895f4ebd48@group-833AA35A7EDE, cid=1274, SUCCESS, logIndex=1764, commits[72f5ceaa-5b3b-4bc7-b846-41895f4ebd48:c1765, b4e1f7d4-4bb4-47ed-a9cb-53483a899fb2:c1763, d3916bce-b37b-4246-83c6-d24846ba1a72:c1763]
2019-07-08 14:21:13,144 INFO  client.GrpcClientProtocolClient (GrpcClientProtocolClient.java:onNext(255)) - client-DE0880F50CF2->72f5ceaa-5b3b-4bc7-b846-41895f4ebd48: receive RaftClientReply:client-DE0880F50CF2->72f5ceaa-5b3b-4bc7-b846-41895f4ebd48@group-833AA35A7EDE, cid=1275, SUCCESS, logIndex=1765, commits[72f5ceaa-5b3b-4bc7-b846-41895f4ebd48:c1765, b4e1f7d4-4bb4-47ed-a9cb-53483a899fb2:c1763, d3916bce-b37b-4246-83c6-d24846ba1a72:c1763]
2019-07-08 14:21:13,158 INFO  client.GrpcClientProtocolClient (GrpcClientProtocolClient.java:onNext(255)) - client-DE0880F50CF2->72f5ceaa-5b3b-4bc7-b846-41895f4ebd48: receive RaftClientReply:client-DE0880F50CF2->72f5ceaa-5b3b-4bc7-b846-41895f4ebd48@group-833AA35A7EDE, cid=1276, SUCCESS, logIndex=1768, commits[72f5ceaa-5b3b-4bc7-b846-41895f4ebd48:c1768, b4e1f7d4-4bb4-47ed-a9cb-53483a899fb2:c1765, d3916bce-b37b-4246-83c6-d24846ba1a72:c1765]
2019-07-08 14:21:13,158 INFO  client.GrpcClientProtocolClient (GrpcClientProtocolClient.java:onNext(255)) - client-DE0880F50CF2->72f5ceaa-5b3b-4bc7-b846-41895f4ebd48: receive RaftClientReply:client-DE0880F50CF2->72f5ceaa-5b3b-4bc7-b846-41895f4ebd48@group-833AA35A7EDE, cid=1277, SUCCESS, logIndex=1769, commits[72f5ceaa-5b3b-4bc7-b846-41895f4ebd48:c1769, b4e1f7d4-4bb4-47ed-a9cb-53483a899fb2:c1765, d3916bce-b37b-4246-83c6-d24846ba1a72:c1765]
2019-07-08 14:21:13,170 INFO  client.GrpcClientProtocolClient (GrpcClientProtocolClient.java:onNext(255)) - client-DE0880F50CF2->72f5ceaa-5b3b-4bc7-b846-41895f4ebd48: receive RaftClientReply:client-DE0880F50CF2->72f5ceaa-5b3b-4bc7-b846-41895f4ebd48@group-833AA35A7EDE, cid=1278, SUCCESS, logIndex=0, commits[72f5ceaa-5b3b-4bc7-b846-41895f4ebd48:c1771, b4e1f7d4-4bb4-47ed-a9cb-53483a899fb2:c1769, d3916bce-b37b-4246-83c6-d24846ba1a72:c1769]
2019-07-08 14:21:13,200 INFO  client.GrpcClientProtocolClient (GrpcClientProtocolClient.java:onNext(255)) - client-DE0880F50CF2->72f5ceaa-5b3b-4bc7-b846-41895f4ebd48: receive RaftClientReply:client-DE0880F50CF2->72f5ceaa-5b3b-4bc7-b846-41895f4ebd48@group-833AA35A7EDE, cid=1279, SUCCESS, logIndex=1772, commits[72f5ceaa-5b3b-4bc7-b846-41895f4ebd48:c1773, b4e1f7d4-4bb4-47ed-a9cb-53483a899fb2:c1771, d3916bce-b37b-4246-83c6-d24846ba1a72:c1771]
2019-07-08 14:21:13,201 INFO  client.GrpcClientProtocolClient (GrpcClientProtocolClient.java:onNext(255)) - client-DE0880F50CF2->72f5ceaa-5b3b-4bc7-b846-41895f4ebd48: receive RaftClientReply:client-DE0880F50CF2->72f5ceaa-5b3b-4bc7-b846-41895f4ebd48@group-833AA35A7EDE, cid=1280, SUCCESS, logIndex=1773, commits[72f5ceaa-5b3b-4bc7-b846-41895f4ebd48:c1773, b4e1f7d4-4bb4-47ed-a9cb-53483a899fb2:c1771, d3916bce-b37b-4246-83c6-d24846ba1a72:c1771]
2019-07-08 14:21:13,201 INFO  client.GrpcClientProtocolClient (GrpcClientProtocolClient.java:onNext(255)) - client-DE0880F50CF2->72f5ceaa-5b3b-4bc7-b846-41895f4ebd48: receive RaftClientReply:client-DE0880F50CF2->72f5ceaa-5b3b-4bc7-b846-41895f4ebd48@group-833AA35A7EDE, cid=1281, SUCCESS, logIndex=1774, commits[72f5ceaa-5b3b-4bc7-b846-41895f4ebd48:c1775, b4e1f7d4-4bb4-47ed-a9cb-53483a899fb2:c1771, d3916bce-b37b-4246-83c6-d24846ba1a72:c1771]
2019-07-08 14:21:13,202 INFO  client.GrpcClientProtocolClient (GrpcClientProtocolClient.java:onNext(255)) - client-DE0880F50CF2->72f5ceaa-5b3b-4bc7-b846-41895f4ebd48: receive RaftClientReply:client-DE0880F50CF2->72f5ceaa-5b3b-4bc7-b846-41895f4ebd48@group-833AA35A7EDE, cid=1282, SUCCESS, logIndex=1775, commits[72f5ceaa-5b3b-4bc7-b846-41895f4ebd48:c1775, b4e1f7d4-4bb4-47ed-a9cb-53483a899fb2:c1771, d3916bce-b37b-4246-83c6-d24846ba1a72:c1771]
2019-07-08 14:21:13,203 INFO  client.GrpcClientProtocolClient (GrpcClientProtocolClient.java:onNext(255)) - client-DE0880F50CF2->72f5ceaa-5b3b-4bc7-b846-41895f4ebd48: receive RaftClientReply:client-DE0880F50CF2->72f5ceaa-5b3b-4bc7-b846-41895f4ebd48@group-833AA35A7EDE, cid=1283, SUCCESS, logIndex=0, commits[72f5ceaa-5b3b-4bc7-b846-41895f4ebd48:c1777, b4e1f7d4-4bb4-47ed-a9cb-53483a899fb2:c1773, d3916bce-b37b-4246-83c6-d24846ba1a72:c1773]
2019-07-08 14:21:13,224 INFO  client.GrpcClientProtocolClient (GrpcClientProtocolClient.java:onNext(255)) - client-DE0880F50CF2->72f5ceaa-5b3b-4bc7-b846-41895f4ebd48: receive RaftClientReply:client-DE0880F50CF2->72f5ceaa-5b3b-4bc7-b846-41895f4ebd48@group-833AA35A7EDE, cid=1284, SUCCESS, logIndex=1780, commits[72f5ceaa-5b3b-4bc7-b846-41895f4ebd48:c1781, b4e1f7d4-4bb4-47ed-a9cb-53483a899fb2:c1779, d3916bce-b37b-4246-83c6-d24846ba1a72:c1779]
2019-07-08 14:21:13,224 INFO  client.GrpcClientProtocolClient (GrpcClientProtocolClient.java:onNext(255)) - client-DE0880F50CF2->72f5ceaa-5b3b-4bc7-b846-41895f4ebd48: receive RaftClientReply:client-DE0880F50CF2->72f5ceaa-5b3b-4bc7-b846-41895f4ebd48@group-833AA35A7EDE, cid=1285, SUCCESS, logIndex=1781, commits[72f5ceaa-5b3b-4bc7-b846-41895f4ebd48:c1781, b4e1f7d4-4bb4-47ed-a9cb-53483a899fb2:c1779, d3916bce-b37b-4246-83c6-d24846ba1a72:c1779]
2019-07-08 14:21:13,238 INFO  client.GrpcClientProtocolClient (GrpcClientProtocolClient.java:onNext(255)) - client-DE0880F50CF2->72f5ceaa-5b3b-4bc7-b846-41895f4ebd48: receive RaftClientReply:client-DE0880F50CF2->72f5ceaa-5b3b-4bc7-b846-41895f4ebd48@group-833AA35A7EDE, cid=1286, SUCCESS, logIndex=1784, commits[72f5ceaa-5b3b-4bc7-b846-41895f4ebd48:c1785, b4e1f7d4-4bb4-47ed-a9cb-53483a899fb2:c1781, d3916bce-b37b-4246-83c6-d24846ba1a72:c1781]
2019-07-08 14:21:13,238 INFO  client.GrpcClientProtocolClient (GrpcClientProtocolClient.java:onNext(255)) - client-DE0880F50CF2->72f5ceaa-5b3b-4bc7-b846-41895f4ebd48: receive RaftClientReply:client-DE0880F50CF2->72f5ceaa-5b3b-4bc7-b846-41895f4ebd48@group-833AA35A7EDE, cid=1287, SUCCESS, logIndex=1785, commits[72f5ceaa-5b3b-4bc7-b846-41895f4ebd48:c1785, b4e1f7d4-4bb4-47ed-a9cb-53483a899fb2:c1781, d3916bce-b37b-4246-83c6-d24846ba1a72:c1781]
2019-07-08 14:21:13,251 INFO  client.GrpcClientProtocolClient (GrpcClientProtocolClient.java:onNext(255)) - client-DE0880F50CF2->72f5ceaa-5b3b-4bc7-b846-41895f4ebd48: receive RaftClientReply:client-DE0880F50CF2->72f5ceaa-5b3b-4bc7-b846-41895f4ebd48@group-833AA35A7EDE, cid=1288, SUCCESS, logIndex=0, commits[72f5ceaa-5b3b-4bc7-b846-41895f4ebd48:c1787, b4e1f7d4-4bb4-47ed-a9cb-53483a899fb2:c1785, d3916bce-b37b-4246-83c6-d24846ba1a72:c1785]
2019-07-08 14:21:13,282 INFO  client.GrpcClientProtocolClient (GrpcClientProtocolClient.java:onNext(255)) - client-DE0880F50CF2->72f5ceaa-5b3b-4bc7-b846-41895f4ebd48: receive RaftClientReply:client-DE0880F50CF2->72f5ceaa-5b3b-4bc7-b846-41895f4ebd48@group-833AA35A7EDE, cid=1289, SUCCESS, logIndex=1788, commits[72f5ceaa-5b3b-4bc7-b846-41895f4ebd48:c1789, b4e1f7d4-4bb4-47ed-a9cb-53483a899fb2:c1787, d3916bce-b37b-4246-83c6-d24846ba1a72:c1787]
2019-07-08 14:21:13,282 INFO  client.GrpcClientProtocolClient (GrpcClientProtocolClient.java:onNext(255)) - client-DE0880F50CF2->72f5ceaa-5b3b-4bc7-b846-41895f4ebd48: receive RaftClientReply:client-DE0880F50CF2->72f5ceaa-5b3b-4bc7-b846-41895f4ebd48@group-833AA35A7EDE, cid=1290, SUCCESS, logIndex=1789, commits[72f5ceaa-5b3b-4bc7-b846-41895f4ebd48:c1791, b4e1f7d4-4bb4-47ed-a9cb-53483a899fb2:c1787, d3916bce-b37b-4246-83c6-d24846ba1a72:c1787]
2019-07-08 14:21:13,283 INFO  client.GrpcClientProtocolClient (GrpcClientProtocolClient.java:onNext(255)) - client-DE0880F50CF2->72f5ceaa-5b3b-4bc7-b846-41895f4ebd48: receive RaftClientReply:client-DE0880F50CF2->72f5ceaa-5b3b-4bc7-b846-41895f4ebd48@group-833AA35A7EDE, cid=1291, SUCCESS, logIndex=1790, commits[72f5ceaa-5b3b-4bc7-b846-41895f4ebd48:c1791, b4e1f7d4-4bb4-47ed-a9cb-53483a899fb2:c1787, d3916bce-b37b-4246-83c6-d24846ba1a72:c1787]
2019-07-08 14:21:13,283 INFO  client.GrpcClientProtocolClient (GrpcClientProtocolClient.java:onNext(255)) - client-DE0880F50CF2->72f5ceaa-5b3b-4bc7-b846-41895f4ebd48: receive RaftClientReply:client-DE0880F50CF2->72f5ceaa-5b3b-4bc7-b846-41895f4ebd48@group-833AA35A7EDE, cid=1292, SUCCESS, logIndex=1791, commits[72f5ceaa-5b3b-4bc7-b846-41895f4ebd48:c1791, b4e1f7d4-4bb4-47ed-a9cb-53483a899fb2:c1787, d3916bce-b37b-4246-83c6-d24846ba1a72:c1787]
2019-07-08 14:21:13,285 INFO  client.GrpcClientProtocolClient (GrpcClientProtocolClient.java:onNext(255)) - client-DE0880F50CF2->72f5ceaa-5b3b-4bc7-b846-41895f4ebd48: receive RaftClientReply:client-DE0880F50CF2->72f5ceaa-5b3b-4bc7-b846-41895f4ebd48@group-833AA35A7EDE, cid=1293, SUCCESS, logIndex=0, commits[72f5ceaa-5b3b-4bc7-b846-41895f4ebd48:c1794, b4e1f7d4-4bb4-47ed-a9cb-53483a899fb2:c1789, d3916bce-b37b-4246-83c6-d24846ba1a72:c1791]
2019-07-08 14:21:13,312 INFO  client.GrpcClientProtocolClient (GrpcClientProtocolClient.java:onNext(255)) - client-DE0880F50CF2->72f5ceaa-5b3b-4bc7-b846-41895f4ebd48: receive RaftClientReply:client-DE0880F50CF2->72f5ceaa-5b3b-4bc7-b846-41895f4ebd48@group-833AA35A7EDE, cid=1294, SUCCESS, logIndex=1796, commits[72f5ceaa-5b3b-4bc7-b846-41895f4ebd48:c1797, b4e1f7d4-4bb4-47ed-a9cb-53483a899fb2:c1795, d3916bce-b37b-4246-83c6-d24846ba1a72:c1795]
2019-07-08 14:21:13,312 INFO  client.GrpcClientProtocolClient (GrpcClientProtocolClient.java:onNext(255)) - client-DE0880F50CF2->72f5ceaa-5b3b-4bc7-b846-41895f4ebd48: receive RaftClientReply:client-DE0880F50CF2->72f5ceaa-5b3b-4bc7-b846-41895f4ebd48@group-833AA35A7EDE, cid=1295, SUCCESS, logIndex=1797, commits[72f5ceaa-5b3b-4bc7-b846-41895f4ebd48:c1797, b4e1f7d4-4bb4-47ed-a9cb-53483a899fb2:c1795, d3916bce-b37b-4246-83c6-d24846ba1a72:c1795]
2019-07-08 14:21:13,334 INFO  client.GrpcClientProtocolClient (GrpcClientProtocolClient.java:onNext(255)) - client-DE0880F50CF2->72f5ceaa-5b3b-4bc7-b846-41895f4ebd48: receive RaftClientReply:client-DE0880F50CF2->72f5ceaa-5b3b-4bc7-b846-41895f4ebd48@group-833AA35A7EDE, cid=1296, SUCCESS, logIndex=1800, commits[72f5ceaa-5b3b-4bc7-b846-41895f4ebd48:c1801, b4e1f7d4-4bb4-47ed-a9cb-53483a899fb2:c1798, d3916bce-b37b-4246-83c6-d24846ba1a72:c1798]
2019-07-08 14:21:13,334 INFO  client.GrpcClientProtocolClient (GrpcClientProtocolClient.java:onNext(255)) - client-DE0880F50CF2->72f5ceaa-5b3b-4bc7-b846-41895f4ebd48: receive RaftClientReply:client-DE0880F50CF2->72f5ceaa-5b3b-4bc7-b846-41895f4ebd48@group-833AA35A7EDE, cid=1297, SUCCESS, logIndex=1801, commits[72f5ceaa-5b3b-4bc7-b846-41895f4ebd48:c1801, b4e1f7d4-4bb4-47ed-a9cb-53483a899fb2:c1798, d3916bce-b37b-4246-83c6-d24846ba1a72:c1798]
2019-07-08 14:21:13,347 INFO  client.GrpcClientProtocolClient (GrpcClientProtocolClient.java:onNext(255)) - client-DE0880F50CF2->72f5ceaa-5b3b-4bc7-b846-41895f4ebd48: receive RaftClientReply:client-DE0880F50CF2->72f5ceaa-5b3b-4bc7-b846-41895f4ebd48@group-833AA35A7EDE, cid=1298, SUCCESS, logIndex=0, commits[72f5ceaa-5b3b-4bc7-b846-41895f4ebd48:c1803, b4e1f7d4-4bb4-47ed-a9cb-53483a899fb2:c1801, d3916bce-b37b-4246-83c6-d24846ba1a72:c1801]
2019-07-08 14:21:13,381 INFO  client.GrpcClientProtocolClient (GrpcClientProtocolClient.java:onNext(255)) - client-DE0880F50CF2->72f5ceaa-5b3b-4bc7-b846-41895f4ebd48: receive RaftClientReply:client-DE0880F50CF2->72f5ceaa-5b3b-4bc7-b846-41895f4ebd48@group-833AA35A7EDE, cid=1299, SUCCESS, logIndex=1804, commits[72f5ceaa-5b3b-4bc7-b846-41895f4ebd48:c1805, b4e1f7d4-4bb4-47ed-a9cb-53483a899fb2:c1803, d3916bce-b37b-4246-83c6-d24846ba1a72:c1803]
2019-07-08 14:21:13,382 INFO  client.GrpcClientProtocolClient (GrpcClientProtocolClient.java:onNext(255)) - client-DE0880F50CF2->72f5ceaa-5b3b-4bc7-b846-41895f4ebd48: receive RaftClientReply:client-DE0880F50CF2->72f5ceaa-5b3b-4bc7-b846-41895f4ebd48@group-833AA35A7EDE, cid=1300, SUCCESS, logIndex=1805, commits[72f5ceaa-5b3b-4bc7-b846-41895f4ebd48:c1805, b4e1f7d4-4bb4-47ed-a9cb-53483a899fb2:c1803, d3916bce-b37b-4246-83c6-d24846ba1a72:c1803]
2019-07-08 14:21:13,394 INFO  client.GrpcClientProtocolClient (GrpcClientProtocolClient.java:onNext(255)) - client-DE0880F50CF2->72f5ceaa-5b3b-4bc7-b846-41895f4ebd48: receive RaftClientReply:client-DE0880F50CF2->72f5ceaa-5b3b-4bc7-b846-41895f4ebd48@group-833AA35A7EDE, cid=1301, SUCCESS, logIndex=1806, commits[72f5ceaa-5b3b-4bc7-b846-41895f4ebd48:c1807, b4e1f7d4-4bb4-47ed-a9cb-53483a899fb2:c1803, d3916bce-b37b-4246-83c6-d24846ba1a72:c1803]
2019-07-08 14:21:13,395 INFO  client.GrpcClientProtocolClient (GrpcClientProtocolClient.java:onNext(255)) - client-DE0880F50CF2->72f5ceaa-5b3b-4bc7-b846-41895f4ebd48: receive RaftClientReply:client-DE0880F50CF2->72f5ceaa-5b3b-4bc7-b846-41895f4ebd48@group-833AA35A7EDE, cid=1302, SUCCESS, logIndex=1807, commits[72f5ceaa-5b3b-4bc7-b846-41895f4ebd48:c1807, b4e1f7d4-4bb4-47ed-a9cb-53483a899fb2:c1803, d3916bce-b37b-4246-83c6-d24846ba1a72:c1803]
2019-07-08 14:21:13,397 INFO  client.GrpcClientProtocolClient (GrpcClientProtocolClient.java:onNext(255)) - client-DE0880F50CF2->72f5ceaa-5b3b-4bc7-b846-41895f4ebd48: receive RaftClientReply:client-DE0880F50CF2->72f5ceaa-5b3b-4bc7-b846-41895f4ebd48@group-833AA35A7EDE, cid=1303, SUCCESS, logIndex=0, commits[72f5ceaa-5b3b-4bc7-b846-41895f4ebd48:c1809, b4e1f7d4-4bb4-47ed-a9cb-53483a899fb2:c1805, d3916bce-b37b-4246-83c6-d24846ba1a72:c1805]
2019-07-08 14:21:13,419 INFO  client.GrpcClientProtocolClient (GrpcClientProtocolClient.java:onNext(255)) - client-DE0880F50CF2->72f5ceaa-5b3b-4bc7-b846-41895f4ebd48: receive RaftClientReply:client-DE0880F50CF2->72f5ceaa-5b3b-4bc7-b846-41895f4ebd48@group-833AA35A7EDE, cid=1304, SUCCESS, logIndex=1812, commits[72f5ceaa-5b3b-4bc7-b846-41895f4ebd48:c1813, b4e1f7d4-4bb4-47ed-a9cb-53483a899fb2:c1811, d3916bce-b37b-4246-83c6-d24846ba1a72:c1811]
2019-07-08 14:21:13,419 INFO  client.GrpcClientProtocolClient (GrpcClientProtocolClient.java:onNext(255)) - client-DE0880F50CF2->72f5ceaa-5b3b-4bc7-b846-41895f4ebd48: receive RaftClientReply:client-DE0880F50CF2->72f5ceaa-5b3b-4bc7-b846-41895f4ebd48@group-833AA35A7EDE, cid=1305, SUCCESS, logIndex=1813, commits[72f5ceaa-5b3b-4bc7-b846-41895f4ebd48:c1813, b4e1f7d4-4bb4-47ed-a9cb-53483a899fb2:c1811, d3916bce-b37b-4246-83c6-d24846ba1a72:c1811]
2019-07-08 14:21:13,432 INFO  client.GrpcClientProtocolClient (GrpcClientProtocolClient.java:onNext(255)) - client-DE0880F50CF2->72f5ceaa-5b3b-4bc7-b846-41895f4ebd48: receive RaftClientReply:client-DE0880F50CF2->72f5ceaa-5b3b-4bc7-b846-41895f4ebd48@group-833AA35A7EDE, cid=1306, SUCCESS, logIndex=1816, commits[72f5ceaa-5b3b-4bc7-b846-41895f4ebd48:c1817, b4e1f7d4-4bb4-47ed-a9cb-53483a899fb2:c1812, d3916bce-b37b-4246-83c6-d24846ba1a72:c1813]
2019-07-08 14:21:13,433 INFO  client.GrpcClientProtocolClient (GrpcClientProtocolClient.java:onNext(255)) - client-DE0880F50CF2->72f5ceaa-5b3b-4bc7-b846-41895f4ebd48: receive RaftClientReply:client-DE0880F50CF2->72f5ceaa-5b3b-4bc7-b846-41895f4ebd48@group-833AA35A7EDE, cid=1307, SUCCESS, logIndex=1817, commits[72f5ceaa-5b3b-4bc7-b846-41895f4ebd48:c1817, b4e1f7d4-4bb4-47ed-a9cb-53483a899fb2:c1813, d3916bce-b37b-4246-83c6-d24846ba1a72:c1813]
2019-07-08 14:21:13,434 INFO  client.GrpcClientProtocolClient (GrpcClientProtocolClient.java:onNext(255)) - client-DE0880F50CF2->72f5ceaa-5b3b-4bc7-b846-41895f4ebd48: receive RaftClientReply:client-DE0880F50CF2->72f5ceaa-5b3b-4bc7-b846-41895f4ebd48@group-833AA35A7EDE, cid=1308, SUCCESS, logIndex=0, commits[72f5ceaa-5b3b-4bc7-b846-41895f4ebd48:c1818, b4e1f7d4-4bb4-47ed-a9cb-53483a899fb2:c1817, d3916bce-b37b-4246-83c6-d24846ba1a72:c1817]
2019-07-08 14:21:13,466 INFO  client.GrpcClientProtocolClient (GrpcClientProtocolClient.java:onNext(255)) - client-DE0880F50CF2->72f5ceaa-5b3b-4bc7-b846-41895f4ebd48: receive RaftClientReply:client-DE0880F50CF2->72f5ceaa-5b3b-4bc7-b846-41895f4ebd48@group-833AA35A7EDE, cid=1309, SUCCESS, logIndex=1820, commits[72f5ceaa-5b3b-4bc7-b846-41895f4ebd48:c1821, b4e1f7d4-4bb4-47ed-a9cb-53483a899fb2:c1819, d3916bce-b37b-4246-83c6-d24846ba1a72:c1819]
2019-07-08 14:21:13,466 INFO  client.GrpcClientProtocolClient (GrpcClientProtocolClient.java:onNext(255)) - client-DE0880F50CF2->72f5ceaa-5b3b-4bc7-b846-41895f4ebd48: receive RaftClientReply:client-DE0880F50CF2->72f5ceaa-5b3b-4bc7-b846-41895f4ebd48@group-833AA35A7EDE, cid=1310, SUCCESS, logIndex=1821, commits[72f5ceaa-5b3b-4bc7-b846-41895f4ebd48:c1823, b4e1f7d4-4bb4-47ed-a9cb-53483a899fb2:c1819, d3916bce-b37b-4246-83c6-d24846ba1a72:c1819]
2019-07-08 14:21:13,467 INFO  client.GrpcClientProtocolClient (GrpcClientProtocolClient.java:onNext(255)) - client-DE0880F50CF2->72f5ceaa-5b3b-4bc7-b846-41895f4ebd48: receive RaftClientReply:client-DE0880F50CF2->72f5ceaa-5b3b-4bc7-b846-41895f4ebd48@group-833AA35A7EDE, cid=1311, SUCCESS, logIndex=1822, commits[72f5ceaa-5b3b-4bc7-b846-41895f4ebd48:c1823, b4e1f7d4-4bb4-47ed-a9cb-53483a899fb2:c1819, d3916bce-b37b-4246-83c6-d24846ba1a72:c1819]
2019-07-08 14:21:13,467 INFO  client.GrpcClientProtocolClient (GrpcClientProtocolClient.java:onNext(255)) - client-DE0880F50CF2->72f5ceaa-5b3b-4bc7-b846-41895f4ebd48: receive RaftClientReply:client-DE0880F50CF2->72f5ceaa-5b3b-4bc7-b846-41895f4ebd48@group-833AA35A7EDE, cid=1312, SUCCESS, logIndex=1823, commits[72f5ceaa-5b3b-4bc7-b846-41895f4ebd48:c1823, b4e1f7d4-4bb4-47ed-a9cb-53483a899fb2:c1819, d3916bce-b37b-4246-83c6-d24846ba1a72:c1819]
2019-07-08 14:21:13,468 INFO  client.GrpcClientProtocolClient (GrpcClientProtocolClient.java:onNext(255)) - client-DE0880F50CF2->72f5ceaa-5b3b-4bc7-b846-41895f4ebd48: receive RaftClientReply:client-DE0880F50CF2->72f5ceaa-5b3b-4bc7-b846-41895f4ebd48@group-833AA35A7EDE, cid=1313, SUCCESS, logIndex=0, commits[72f5ceaa-5b3b-4bc7-b846-41895f4ebd48:c1825, b4e1f7d4-4bb4-47ed-a9cb-53483a899fb2:c1821, d3916bce-b37b-4246-83c6-d24846ba1a72:c1821]
2019-07-08 14:21:13,489 INFO  client.GrpcClientProtocolClient (GrpcClientProtocolClient.java:onNext(255)) - client-DE0880F50CF2->72f5ceaa-5b3b-4bc7-b846-41895f4ebd48: receive RaftClientReply:client-DE0880F50CF2->72f5ceaa-5b3b-4bc7-b846-41895f4ebd48@group-833AA35A7EDE, cid=1314, SUCCESS, logIndex=1828, commits[72f5ceaa-5b3b-4bc7-b846-41895f4ebd48:c1829, b4e1f7d4-4bb4-47ed-a9cb-53483a899fb2:c1827, d3916bce-b37b-4246-83c6-d24846ba1a72:c1827]
2019-07-08 14:21:13,489 INFO  client.GrpcClientProtocolClient (GrpcClientProtocolClient.java:onNext(255)) - client-DE0880F50CF2->72f5ceaa-5b3b-4bc7-b846-41895f4ebd48: receive RaftClientReply:client-DE0880F50CF2->72f5ceaa-5b3b-4bc7-b846-41895f4ebd48@group-833AA35A7EDE, cid=1315, SUCCESS, logIndex=1829, commits[72f5ceaa-5b3b-4bc7-b846-41895f4ebd48:c1829, b4e1f7d4-4bb4-47ed-a9cb-53483a899fb2:c1827, d3916bce-b37b-4246-83c6-d24846ba1a72:c1827]
2019-07-08 14:21:13,502 INFO  client.GrpcClientProtocolClient (GrpcClientProtocolClient.java:onNext(255)) - client-DE0880F50CF2->72f5ceaa-5b3b-4bc7-b846-41895f4ebd48: receive RaftClientReply:client-DE0880F50CF2->72f5ceaa-5b3b-4bc7-b846-41895f4ebd48@group-833AA35A7EDE, cid=1316, SUCCESS, logIndex=1832, commits[72f5ceaa-5b3b-4bc7-b846-41895f4ebd48:c1833, b4e1f7d4-4bb4-47ed-a9cb-53483a899fb2:c1829, d3916bce-b37b-4246-83c6-d24846ba1a72:c1828]
2019-07-08 14:21:13,503 INFO  client.GrpcClientProtocolClient (GrpcClientProtocolClient.java:onNext(255)) - client-DE0880F50CF2->72f5ceaa-5b3b-4bc7-b846-41895f4ebd48: receive RaftClientReply:client-DE0880F50CF2->72f5ceaa-5b3b-4bc7-b846-41895f4ebd48@group-833AA35A7EDE, cid=1317, SUCCESS, logIndex=1833, commits[72f5ceaa-5b3b-4bc7-b846-41895f4ebd48:c1833, b4e1f7d4-4bb4-47ed-a9cb-53483a899fb2:c1829, d3916bce-b37b-4246-83c6-d24846ba1a72:c1829]
2019-07-08 14:21:13,504 INFO  client.GrpcClientProtocolClient (GrpcClientProtocolClient.java:onNext(255)) - client-DE0880F50CF2->72f5ceaa-5b3b-4bc7-b846-41895f4ebd48: receive RaftClientReply:client-DE0880F50CF2->72f5ceaa-5b3b-4bc7-b846-41895f4ebd48@group-833AA35A7EDE, cid=1318, SUCCESS, logIndex=0, commits[72f5ceaa-5b3b-4bc7-b846-41895f4ebd48:c1834, b4e1f7d4-4bb4-47ed-a9cb-53483a899fb2:c1833, d3916bce-b37b-4246-83c6-d24846ba1a72:c1833]
2019-07-08 14:21:13,531 INFO  client.GrpcClientProtocolClient (GrpcClientProtocolClient.java:onNext(255)) - client-DE0880F50CF2->72f5ceaa-5b3b-4bc7-b846-41895f4ebd48: receive RaftClientReply:client-DE0880F50CF2->72f5ceaa-5b3b-4bc7-b846-41895f4ebd48@group-833AA35A7EDE, cid=1319, SUCCESS, logIndex=1836, commits[72f5ceaa-5b3b-4bc7-b846-41895f4ebd48:c1837, b4e1f7d4-4bb4-47ed-a9cb-53483a899fb2:c1835, d3916bce-b37b-4246-83c6-d24846ba1a72:c1835]
2019-07-08 14:21:13,532 INFO  client.GrpcClientProtocolClient (GrpcClientProtocolClient.java:onNext(255)) - client-DE0880F50CF2->72f5ceaa-5b3b-4bc7-b846-41895f4ebd48: receive RaftClientReply:client-DE0880F50CF2->72f5ceaa-5b3b-4bc7-b846-41895f4ebd48@group-833AA35A7EDE, cid=1320, SUCCESS, logIndex=1837, commits[72f5ceaa-5b3b-4bc7-b846-41895f4ebd48:c1839, b4e1f7d4-4bb4-47ed-a9cb-53483a899fb2:c1835, d3916bce-b37b-4246-83c6-d24846ba1a72:c1835]
2019-07-08 14:21:13,532 INFO  client.GrpcClientProtocolClient (GrpcClientProtocolClient.java:onNext(255)) - client-DE0880F50CF2->72f5ceaa-5b3b-4bc7-b846-41895f4ebd48: receive RaftClientReply:client-DE0880F50CF2->72f5ceaa-5b3b-4bc7-b846-41895f4ebd48@group-833AA35A7EDE, cid=1321, SUCCESS, logIndex=1838, commits[72f5ceaa-5b3b-4bc7-b846-41895f4ebd48:c1839, b4e1f7d4-4bb4-47ed-a9cb-53483a899fb2:c1835, d3916bce-b37b-4246-83c6-d24846ba1a72:c1835]
2019-07-08 14:21:13,533 INFO  client.GrpcClientProtocolClient (GrpcClientProtocolClient.java:onNext(255)) - client-DE0880F50CF2->72f5ceaa-5b3b-4bc7-b846-41895f4ebd48: receive RaftClientReply:client-DE0880F50CF2->72f5ceaa-5b3b-4bc7-b846-41895f4ebd48@group-833AA35A7EDE, cid=1322, SUCCESS, logIndex=1839, commits[72f5ceaa-5b3b-4bc7-b846-41895f4ebd48:c1839, b4e1f7d4-4bb4-47ed-a9cb-53483a899fb2:c1835, d3916bce-b37b-4246-83c6-d24846ba1a72:c1835]
2019-07-08 14:21:13,534 INFO  client.GrpcClientProtocolClient (GrpcClientProtocolClient.java:onNext(255)) - client-DE0880F50CF2->72f5ceaa-5b3b-4bc7-b846-41895f4ebd48: receive RaftClientReply:client-DE0880F50CF2->72f5ceaa-5b3b-4bc7-b846-41895f4ebd48@group-833AA35A7EDE, cid=1323, SUCCESS, logIndex=0, commits[72f5ceaa-5b3b-4bc7-b846-41895f4ebd48:c1842, b4e1f7d4-4bb4-47ed-a9cb-53483a899fb2:c1839, d3916bce-b37b-4246-83c6-d24846ba1a72:c1837]
2019-07-08 14:21:13,554 INFO  client.GrpcClientProtocolClient (GrpcClientProtocolClient.java:onNext(255)) - client-DE0880F50CF2->72f5ceaa-5b3b-4bc7-b846-41895f4ebd48: receive RaftClientReply:client-DE0880F50CF2->72f5ceaa-5b3b-4bc7-b846-41895f4ebd48@group-833AA35A7EDE, cid=1324, SUCCESS, logIndex=1843, commits[72f5ceaa-5b3b-4bc7-b846-41895f4ebd48:c1844, b4e1f7d4-4bb4-47ed-a9cb-53483a899fb2:c1842, d3916bce-b37b-4246-83c6-d24846ba1a72:c1842]
2019-07-08 14:21:13,554 INFO  client.GrpcClientProtocolClient (GrpcClientProtocolClient.java:onNext(255)) - client-DE0880F50CF2->72f5ceaa-5b3b-4bc7-b846-41895f4ebd48: receive RaftClientReply:client-DE0880F50CF2->72f5ceaa-5b3b-4bc7-b846-41895f4ebd48@group-833AA35A7EDE, cid=1325, SUCCESS, logIndex=1844, commits[72f5ceaa-5b3b-4bc7-b846-41895f4ebd48:c1844, b4e1f7d4-4bb4-47ed-a9cb-53483a899fb2:c1842, d3916bce-b37b-4246-83c6-d24846ba1a72:c1842]
2019-07-08 14:21:13,668 INFO  client.GrpcClientProtocolClient (GrpcClientProtocolClient.java:onNext(255)) - client-DE0880F50CF2->72f5ceaa-5b3b-4bc7-b846-41895f4ebd48: receive RaftClientReply:client-DE0880F50CF2->72f5ceaa-5b3b-4bc7-b846-41895f4ebd48@group-833AA35A7EDE, cid=1326, SUCCESS, logIndex=1847, commits[72f5ceaa-5b3b-4bc7-b846-41895f4ebd48:c1848, b4e1f7d4-4bb4-47ed-a9cb-53483a899fb2:c1844, d3916bce-b37b-4246-83c6-d24846ba1a72:c1844]
2019-07-08 14:21:13,669 INFO  client.GrpcClientProtocolClient (GrpcClientProtocolClient.java:onNext(255)) - client-DE0880F50CF2->72f5ceaa-5b3b-4bc7-b846-41895f4ebd48: receive RaftClientReply:client-DE0880F50CF2->72f5ceaa-5b3b-4bc7-b846-41895f4ebd48@group-833AA35A7EDE, cid=1327, SUCCESS, logIndex=1848, commits[72f5ceaa-5b3b-4bc7-b846-41895f4ebd48:c1848, b4e1f7d4-4bb4-47ed-a9cb-53483a899fb2:c1844, d3916bce-b37b-4246-83c6-d24846ba1a72:c1844]
2019-07-08 14:21:13,681 INFO  client.GrpcClientProtocolClient (GrpcClientProtocolClient.java:onNext(255)) - client-DE0880F50CF2->72f5ceaa-5b3b-4bc7-b846-41895f4ebd48: receive RaftClientReply:client-DE0880F50CF2->72f5ceaa-5b3b-4bc7-b846-41895f4ebd48@group-833AA35A7EDE, cid=1328, SUCCESS, logIndex=0, commits[72f5ceaa-5b3b-4bc7-b846-41895f4ebd48:c1850, b4e1f7d4-4bb4-47ed-a9cb-53483a899fb2:c1848, d3916bce-b37b-4246-83c6-d24846ba1a72:c1848]
2019-07-08 14:21:13,712 INFO  client.GrpcClientProtocolClient (GrpcClientProtocolClient.java:onNext(255)) - client-DE0880F50CF2->72f5ceaa-5b3b-4bc7-b846-41895f4ebd48: receive RaftClientReply:client-DE0880F50CF2->72f5ceaa-5b3b-4bc7-b846-41895f4ebd48@group-833AA35A7EDE, cid=1329, SUCCESS, logIndex=1851, commits[72f5ceaa-5b3b-4bc7-b846-41895f4ebd48:c1851, b4e1f7d4-4bb4-47ed-a9cb-53483a899fb2:c1850, d3916bce-b37b-4246-83c6-d24846ba1a72:c1850]
2019-07-08 14:21:13,713 INFO  client.GrpcClientProtocolClient (GrpcClientProtocolClient.java:onNext(255)) - client-DE0880F50CF2->72f5ceaa-5b3b-4bc7-b846-41895f4ebd48: receive RaftClientReply:client-DE0880F50CF2->72f5ceaa-5b3b-4bc7-b846-41895f4ebd48@group-833AA35A7EDE, cid=1330, SUCCESS, logIndex=1852, commits[72f5ceaa-5b3b-4bc7-b846-41895f4ebd48:c1853, b4e1f7d4-4bb4-47ed-a9cb-53483a899fb2:c1850, d3916bce-b37b-4246-83c6-d24846ba1a72:c1850]
2019-07-08 14:21:13,713 INFO  client.GrpcClientProtocolClient (GrpcClientProtocolClient.java:onNext(255)) - client-DE0880F50CF2->72f5ceaa-5b3b-4bc7-b846-41895f4ebd48: receive RaftClientReply:client-DE0880F50CF2->72f5ceaa-5b3b-4bc7-b846-41895f4ebd48@group-833AA35A7EDE, cid=1331, SUCCESS, logIndex=1853, commits[72f5ceaa-5b3b-4bc7-b846-41895f4ebd48:c1854, b4e1f7d4-4bb4-47ed-a9cb-53483a899fb2:c1850, d3916bce-b37b-4246-83c6-d24846ba1a72:c1850]
2019-07-08 14:21:13,714 INFO  client.GrpcClientProtocolClient (GrpcClientProtocolClient.java:onNext(255)) - client-DE0880F50CF2->72f5ceaa-5b3b-4bc7-b846-41895f4ebd48: receive RaftClientReply:client-DE0880F50CF2->72f5ceaa-5b3b-4bc7-b846-41895f4ebd48@group-833AA35A7EDE, cid=1332, SUCCESS, logIndex=1854, commits[72f5ceaa-5b3b-4bc7-b846-41895f4ebd48:c1855, b4e1f7d4-4bb4-47ed-a9cb-53483a899fb2:c1850, d3916bce-b37b-4246-83c6-d24846ba1a72:c1851]
2019-07-08 14:21:13,727 INFO  client.GrpcClientProtocolClient (GrpcClientProtocolClient.java:onNext(255)) - client-DE0880F50CF2->72f5ceaa-5b3b-4bc7-b846-41895f4ebd48: receive RaftClientReply:client-DE0880F50CF2->72f5ceaa-5b3b-4bc7-b846-41895f4ebd48@group-833AA35A7EDE, cid=1333, SUCCESS, logIndex=0, commits[72f5ceaa-5b3b-4bc7-b846-41895f4ebd48:c1857, b4e1f7d4-4bb4-47ed-a9cb-53483a899fb2:c1853, d3916bce-b37b-4246-83c6-d24846ba1a72:c1852]
2019-07-08 14:21:13,751 INFO  client.GrpcClientProtocolClient (GrpcClientProtocolClient.java:onNext(255)) - client-DE0880F50CF2->72f5ceaa-5b3b-4bc7-b846-41895f4ebd48: receive RaftClientReply:client-DE0880F50CF2->72f5ceaa-5b3b-4bc7-b846-41895f4ebd48@group-833AA35A7EDE, cid=1334, SUCCESS, logIndex=1859, commits[72f5ceaa-5b3b-4bc7-b846-41895f4ebd48:c1860, b4e1f7d4-4bb4-47ed-a9cb-53483a899fb2:c1858, d3916bce-b37b-4246-83c6-d24846ba1a72:c1858]
2019-07-08 14:21:13,751 INFO  client.GrpcClientProtocolClient (GrpcClientProtocolClient.java:onNext(255)) - client-DE0880F50CF2->72f5ceaa-5b3b-4bc7-b846-41895f4ebd48: receive RaftClientReply:client-DE0880F50CF2->72f5ceaa-5b3b-4bc7-b846-41895f4ebd48@group-833AA35A7EDE, cid=1335, SUCCESS, logIndex=1860, commits[72f5ceaa-5b3b-4bc7-b846-41895f4ebd48:c1860, b4e1f7d4-4bb4-47ed-a9cb-53483a899fb2:c1858, d3916bce-b37b-4246-83c6-d24846ba1a72:c1858]
 0.00% |█                                                                                                    |  0/1 Time: 0:00:082019-07-08 14:21:13,772 INFO  client.GrpcClientProtocolClient (GrpcClientProtocolClient.java:onNext(255)) - client-DE0880F50CF2->72f5ceaa-5b3b-4bc7-b846-41895f4ebd48: receive RaftClientReply:client-DE0880F50CF2->72f5ceaa-5b3b-4bc7-b846-41895f4ebd48@group-833AA35A7EDE, cid=1336, SUCCESS, logIndex=1863, commits[72f5ceaa-5b3b-4bc7-b846-41895f4ebd48:c1864, b4e1f7d4-4bb4-47ed-a9cb-53483a899fb2:c1862, d3916bce-b37b-4246-83c6-d24846ba1a72:c1862]
2019-07-08 14:21:13,772 INFO  client.GrpcClientProtocolClient (GrpcClientProtocolClient.java:onNext(255)) - client-DE0880F50CF2->72f5ceaa-5b3b-4bc7-b846-41895f4ebd48: receive RaftClientReply:client-DE0880F50CF2->72f5ceaa-5b3b-4bc7-b846-41895f4ebd48@group-833AA35A7EDE, cid=1337, SUCCESS, logIndex=1864, commits[72f5ceaa-5b3b-4bc7-b846-41895f4ebd48:c1864, b4e1f7d4-4bb4-47ed-a9cb-53483a899fb2:c1862, d3916bce-b37b-4246-83c6-d24846ba1a72:c1862]
2019-07-08 14:21:13,785 INFO  client.GrpcClientProtocolClient (GrpcClientProtocolClient.java:onNext(255)) - client-DE0880F50CF2->72f5ceaa-5b3b-4bc7-b846-41895f4ebd48: receive RaftClientReply:client-DE0880F50CF2->72f5ceaa-5b3b-4bc7-b846-41895f4ebd48@group-833AA35A7EDE, cid=1338, SUCCESS, logIndex=0, commits[72f5ceaa-5b3b-4bc7-b846-41895f4ebd48:c1866, b4e1f7d4-4bb4-47ed-a9cb-53483a899fb2:c1864, d3916bce-b37b-4246-83c6-d24846ba1a72:c1864]
2019-07-08 14:21:13,831 INFO  client.GrpcClientProtocolClient (GrpcClientProtocolClient.java:onNext(255)) - client-DE0880F50CF2->72f5ceaa-5b3b-4bc7-b846-41895f4ebd48: receive RaftClientReply:client-DE0880F50CF2->72f5ceaa-5b3b-4bc7-b846-41895f4ebd48@group-833AA35A7EDE, cid=1339, SUCCESS, logIndex=1867, commits[72f5ceaa-5b3b-4bc7-b846-41895f4ebd48:c1868, b4e1f7d4-4bb4-47ed-a9cb-53483a899fb2:c1866, d3916bce-b37b-4246-83c6-d24846ba1a72:c1866]
2019-07-08 14:21:13,832 INFO  client.GrpcClientProtocolClient (GrpcClientProtocolClient.java:onNext(255)) - client-DE0880F50CF2->72f5ceaa-5b3b-4bc7-b846-41895f4ebd48: receive RaftClientReply:client-DE0880F50CF2->72f5ceaa-5b3b-4bc7-b846-41895f4ebd48@group-833AA35A7EDE, cid=1340, SUCCESS, logIndex=1868, commits[72f5ceaa-5b3b-4bc7-b846-41895f4ebd48:c1868, b4e1f7d4-4bb4-47ed-a9cb-53483a899fb2:c1866, d3916bce-b37b-4246-83c6-d24846ba1a72:c1866]
2019-07-08 14:21:13,833 INFO  client.GrpcClientProtocolClient (GrpcClientProtocolClient.java:onNext(255)) - client-DE0880F50CF2->72f5ceaa-5b3b-4bc7-b846-41895f4ebd48: receive RaftClientReply:client-DE0880F50CF2->72f5ceaa-5b3b-4bc7-b846-41895f4ebd48@group-833AA35A7EDE, cid=1341, SUCCESS, logIndex=1869, commits[72f5ceaa-5b3b-4bc7-b846-41895f4ebd48:c1870, b4e1f7d4-4bb4-47ed-a9cb-53483a899fb2:c1866, d3916bce-b37b-4246-83c6-d24846ba1a72:c1866]
2019-07-08 14:21:13,833 INFO  client.GrpcClientProtocolClient (GrpcClientProtocolClient.java:onNext(255)) - client-DE0880F50CF2->72f5ceaa-5b3b-4bc7-b846-41895f4ebd48: receive RaftClientReply:client-DE0880F50CF2->72f5ceaa-5b3b-4bc7-b846-41895f4ebd48@group-833AA35A7EDE, cid=1342, SUCCESS, logIndex=1870, commits[72f5ceaa-5b3b-4bc7-b846-41895f4ebd48:c1870, b4e1f7d4-4bb4-47ed-a9cb-53483a899fb2:c1866, d3916bce-b37b-4246-83c6-d24846ba1a72:c1866]
2019-07-08 14:21:13,835 INFO  client.GrpcClientProtocolClient (GrpcClientProtocolClient.java:onNext(255)) - client-DE0880F50CF2->72f5ceaa-5b3b-4bc7-b846-41895f4ebd48: receive RaftClientReply:client-DE0880F50CF2->72f5ceaa-5b3b-4bc7-b846-41895f4ebd48@group-833AA35A7EDE, cid=1343, SUCCESS, logIndex=0, commits[72f5ceaa-5b3b-4bc7-b846-41895f4ebd48:c1872, b4e1f7d4-4bb4-47ed-a9cb-53483a899fb2:c1868, d3916bce-b37b-4246-83c6-d24846ba1a72:c1868]
2019-07-08 14:21:13,860 INFO  client.GrpcClientProtocolClient (GrpcClientProtocolClient.java:onNext(255)) - client-DE0880F50CF2->72f5ceaa-5b3b-4bc7-b846-41895f4ebd48: receive RaftClientReply:client-DE0880F50CF2->72f5ceaa-5b3b-4bc7-b846-41895f4ebd48@group-833AA35A7EDE, cid=1344, SUCCESS, logIndex=1875, commits[72f5ceaa-5b3b-4bc7-b846-41895f4ebd48:c1876, b4e1f7d4-4bb4-47ed-a9cb-53483a899fb2:c1874, d3916bce-b37b-4246-83c6-d24846ba1a72:c1874]
2019-07-08 14:21:13,861 INFO  client.GrpcClientProtocolClient (GrpcClientProtocolClient.java:onNext(255)) - client-DE0880F50CF2->72f5ceaa-5b3b-4bc7-b846-41895f4ebd48: receive RaftClientReply:client-DE0880F50CF2->72f5ceaa-5b3b-4bc7-b846-41895f4ebd48@group-833AA35A7EDE, cid=1345, SUCCESS, logIndex=1876, commits[72f5ceaa-5b3b-4bc7-b846-41895f4ebd48:c1876, b4e1f7d4-4bb4-47ed-a9cb-53483a899fb2:c1874, d3916bce-b37b-4246-83c6-d24846ba1a72:c1874]
2019-07-08 14:21:13,885 INFO  client.GrpcClientProtocolClient (GrpcClientProtocolClient.java:onNext(255)) - client-DE0880F50CF2->72f5ceaa-5b3b-4bc7-b846-41895f4ebd48: receive RaftClientReply:client-DE0880F50CF2->72f5ceaa-5b3b-4bc7-b846-41895f4ebd48@group-833AA35A7EDE, cid=1346, SUCCESS, logIndex=1879, commits[72f5ceaa-5b3b-4bc7-b846-41895f4ebd48:c1880, b4e1f7d4-4bb4-47ed-a9cb-53483a899fb2:c1876, d3916bce-b37b-4246-83c6-d24846ba1a72:c1875]
2019-07-08 14:21:13,885 INFO  client.GrpcClientProtocolClient (GrpcClientProtocolClient.java:onNext(255)) - client-DE0880F50CF2->72f5ceaa-5b3b-4bc7-b846-41895f4ebd48: receive RaftClientReply:client-DE0880F50CF2->72f5ceaa-5b3b-4bc7-b846-41895f4ebd48@group-833AA35A7EDE, cid=1347, SUCCESS, logIndex=1880, commits[72f5ceaa-5b3b-4bc7-b846-41895f4ebd48:c1880, b4e1f7d4-4bb4-47ed-a9cb-53483a899fb2:c1876, d3916bce-b37b-4246-83c6-d24846ba1a72:c1876]
2019-07-08 14:21:13,898 INFO  client.GrpcClientProtocolClient (GrpcClientProtocolClient.java:onNext(255)) - client-DE0880F50CF2->72f5ceaa-5b3b-4bc7-b846-41895f4ebd48: receive RaftClientReply:client-DE0880F50CF2->72f5ceaa-5b3b-4bc7-b846-41895f4ebd48@group-833AA35A7EDE, cid=1348, SUCCESS, logIndex=0, commits[72f5ceaa-5b3b-4bc7-b846-41895f4ebd48:c1882, b4e1f7d4-4bb4-47ed-a9cb-53483a899fb2:c1880, d3916bce-b37b-4246-83c6-d24846ba1a72:c1880]
2019-07-08 14:21:13,927 INFO  client.GrpcClientProtocolClient (GrpcClientProtocolClient.java:onNext(255)) - client-DE0880F50CF2->72f5ceaa-5b3b-4bc7-b846-41895f4ebd48: receive RaftClientReply:client-DE0880F50CF2->72f5ceaa-5b3b-4bc7-b846-41895f4ebd48@group-833AA35A7EDE, cid=1349, SUCCESS, logIndex=1883, commits[72f5ceaa-5b3b-4bc7-b846-41895f4ebd48:c1884, b4e1f7d4-4bb4-47ed-a9cb-53483a899fb2:c1882, d3916bce-b37b-4246-83c6-d24846ba1a72:c1882]
2019-07-08 14:21:13,928 INFO  client.GrpcClientProtocolClient (GrpcClientProtocolClient.java:onNext(255)) - client-DE0880F50CF2->72f5ceaa-5b3b-4bc7-b846-41895f4ebd48: receive RaftClientReply:client-DE0880F50CF2->72f5ceaa-5b3b-4bc7-b846-41895f4ebd48@group-833AA35A7EDE, cid=1350, SUCCESS, logIndex=1884, commits[72f5ceaa-5b3b-4bc7-b846-41895f4ebd48:c1886, b4e1f7d4-4bb4-47ed-a9cb-53483a899fb2:c1882, d3916bce-b37b-4246-83c6-d24846ba1a72:c1882]
2019-07-08 14:21:13,928 INFO  client.GrpcClientProtocolClient (GrpcClientProtocolClient.java:onNext(255)) - client-DE0880F50CF2->72f5ceaa-5b3b-4bc7-b846-41895f4ebd48: receive RaftClientReply:client-DE0880F50CF2->72f5ceaa-5b3b-4bc7-b846-41895f4ebd48@group-833AA35A7EDE, cid=1351, SUCCESS, logIndex=1885, commits[72f5ceaa-5b3b-4bc7-b846-41895f4ebd48:c1886, b4e1f7d4-4bb4-47ed-a9cb-53483a899fb2:c1882, d3916bce-b37b-4246-83c6-d24846ba1a72:c1882]
2019-07-08 14:21:13,929 INFO  client.GrpcClientProtocolClient (GrpcClientProtocolClient.java:onNext(255)) - client-DE0880F50CF2->72f5ceaa-5b3b-4bc7-b846-41895f4ebd48: receive RaftClientReply:client-DE0880F50CF2->72f5ceaa-5b3b-4bc7-b846-41895f4ebd48@group-833AA35A7EDE, cid=1352, SUCCESS, logIndex=1886, commits[72f5ceaa-5b3b-4bc7-b846-41895f4ebd48:c1886, b4e1f7d4-4bb4-47ed-a9cb-53483a899fb2:c1882, d3916bce-b37b-4246-83c6-d24846ba1a72:c1882]
2019-07-08 14:21:13,930 INFO  client.GrpcClientProtocolClient (GrpcClientProtocolClient.java:onNext(255)) - client-DE0880F50CF2->72f5ceaa-5b3b-4bc7-b846-41895f4ebd48: receive RaftClientReply:client-DE0880F50CF2->72f5ceaa-5b3b-4bc7-b846-41895f4ebd48@group-833AA35A7EDE, cid=1353, SUCCESS, logIndex=0, commits[72f5ceaa-5b3b-4bc7-b846-41895f4ebd48:c1889, b4e1f7d4-4bb4-47ed-a9cb-53483a899fb2:c1884, d3916bce-b37b-4246-83c6-d24846ba1a72:c1885]
2019-07-08 14:21:13,955 INFO  client.GrpcClientProtocolClient (GrpcClientProtocolClient.java:onNext(255)) - client-DE0880F50CF2->72f5ceaa-5b3b-4bc7-b846-41895f4ebd48: receive RaftClientReply:client-DE0880F50CF2->72f5ceaa-5b3b-4bc7-b846-41895f4ebd48@group-833AA35A7EDE, cid=1354, SUCCESS, logIndex=1891, commits[72f5ceaa-5b3b-4bc7-b846-41895f4ebd48:c1891, b4e1f7d4-4bb4-47ed-a9cb-53483a899fb2:c1890, d3916bce-b37b-4246-83c6-d24846ba1a72:c1890]
2019-07-08 14:21:13,955 INFO  client.GrpcClientProtocolClient (GrpcClientProtocolClient.java:onNext(255)) - client-DE0880F50CF2->72f5ceaa-5b3b-4bc7-b846-41895f4ebd48: receive RaftClientReply:client-DE0880F50CF2->72f5ceaa-5b3b-4bc7-b846-41895f4ebd48@group-833AA35A7EDE, cid=1355, SUCCESS, logIndex=1892, commits[72f5ceaa-5b3b-4bc7-b846-41895f4ebd48:c1892, b4e1f7d4-4bb4-47ed-a9cb-53483a899fb2:c1890, d3916bce-b37b-4246-83c6-d24846ba1a72:c1890]
2019-07-08 14:21:13,968 INFO  client.GrpcClientProtocolClient (GrpcClientProtocolClient.java:onNext(255)) - client-DE0880F50CF2->72f5ceaa-5b3b-4bc7-b846-41895f4ebd48: receive RaftClientReply:client-DE0880F50CF2->72f5ceaa-5b3b-4bc7-b846-41895f4ebd48@group-833AA35A7EDE, cid=1356, SUCCESS, logIndex=1895, commits[72f5ceaa-5b3b-4bc7-b846-41895f4ebd48:c1895, b4e1f7d4-4bb4-47ed-a9cb-53483a899fb2:c1892, d3916bce-b37b-4246-83c6-d24846ba1a72:c1892]
2019-07-08 14:21:13,969 INFO  client.GrpcClientProtocolClient (GrpcClientProtocolClient.java:onNext(255)) - client-DE0880F50CF2->72f5ceaa-5b3b-4bc7-b846-41895f4ebd48: receive RaftClientReply:client-DE0880F50CF2->72f5ceaa-5b3b-4bc7-b846-41895f4ebd48@group-833AA35A7EDE, cid=1357, SUCCESS, logIndex=1896, commits[72f5ceaa-5b3b-4bc7-b846-41895f4ebd48:c1896, b4e1f7d4-4bb4-47ed-a9cb-53483a899fb2:c1892, d3916bce-b37b-4246-83c6-d24846ba1a72:c1892]
2019-07-08 14:21:13,981 INFO  client.GrpcClientProtocolClient (GrpcClientProtocolClient.java:onNext(255)) - client-DE0880F50CF2->72f5ceaa-5b3b-4bc7-b846-41895f4ebd48: receive RaftClientReply:client-DE0880F50CF2->72f5ceaa-5b3b-4bc7-b846-41895f4ebd48@group-833AA35A7EDE, cid=1358, SUCCESS, logIndex=0, commits[72f5ceaa-5b3b-4bc7-b846-41895f4ebd48:c1898, b4e1f7d4-4bb4-47ed-a9cb-53483a899fb2:c1896, d3916bce-b37b-4246-83c6-d24846ba1a72:c1896]
2019-07-08 14:21:14,011 INFO  client.GrpcClientProtocolClient (GrpcClientProtocolClient.java:onNext(255)) - client-DE0880F50CF2->72f5ceaa-5b3b-4bc7-b846-41895f4ebd48: receive RaftClientReply:client-DE0880F50CF2->72f5ceaa-5b3b-4bc7-b846-41895f4ebd48@group-833AA35A7EDE, cid=1359, SUCCESS, logIndex=1899, commits[72f5ceaa-5b3b-4bc7-b846-41895f4ebd48:c1900, b4e1f7d4-4bb4-47ed-a9cb-53483a899fb2:c1898, d3916bce-b37b-4246-83c6-d24846ba1a72:c1898]
2019-07-08 14:21:14,012 INFO  client.GrpcClientProtocolClient (GrpcClientProtocolClient.java:onNext(255)) - client-DE0880F50CF2->72f5ceaa-5b3b-4bc7-b846-41895f4ebd48: receive RaftClientReply:client-DE0880F50CF2->72f5ceaa-5b3b-4bc7-b846-41895f4ebd48@group-833AA35A7EDE, cid=1360, SUCCESS, logIndex=1900, commits[72f5ceaa-5b3b-4bc7-b846-41895f4ebd48:c1900, b4e1f7d4-4bb4-47ed-a9cb-53483a899fb2:c1898, d3916bce-b37b-4246-83c6-d24846ba1a72:c1898]
2019-07-08 14:21:14,013 INFO  client.GrpcClientProtocolClient (GrpcClientProtocolClient.java:onNext(255)) - client-DE0880F50CF2->72f5ceaa-5b3b-4bc7-b846-41895f4ebd48: receive RaftClientReply:client-DE0880F50CF2->72f5ceaa-5b3b-4bc7-b846-41895f4ebd48@group-833AA35A7EDE, cid=1361, SUCCESS, logIndex=1901, commits[72f5ceaa-5b3b-4bc7-b846-41895f4ebd48:c1902, b4e1f7d4-4bb4-47ed-a9cb-53483a899fb2:c1898, d3916bce-b37b-4246-83c6-d24846ba1a72:c1898]
2019-07-08 14:21:14,013 INFO  client.GrpcClientProtocolClient (GrpcClientProtocolClient.java:onNext(255)) - client-DE0880F50CF2->72f5ceaa-5b3b-4bc7-b846-41895f4ebd48: receive RaftClientReply:client-DE0880F50CF2->72f5ceaa-5b3b-4bc7-b846-41895f4ebd48@group-833AA35A7EDE, cid=1362, SUCCESS, logIndex=1902, commits[72f5ceaa-5b3b-4bc7-b846-41895f4ebd48:c1902, b4e1f7d4-4bb4-47ed-a9cb-53483a899fb2:c1898, d3916bce-b37b-4246-83c6-d24846ba1a72:c1898]
2019-07-08 14:21:14,015 INFO  client.GrpcClientProtocolClient (GrpcClientProtocolClient.java:onNext(255)) - client-DE0880F50CF2->72f5ceaa-5b3b-4bc7-b846-41895f4ebd48: receive RaftClientReply:client-DE0880F50CF2->72f5ceaa-5b3b-4bc7-b846-41895f4ebd48@group-833AA35A7EDE, cid=1363, SUCCESS, logIndex=0, commits[72f5ceaa-5b3b-4bc7-b846-41895f4ebd48:c1906, b4e1f7d4-4bb4-47ed-a9cb-53483a899fb2:c1900, d3916bce-b37b-4246-83c6-d24846ba1a72:c1902]
2019-07-08 14:21:14,035 INFO  client.GrpcClientProtocolClient (GrpcClientProtocolClient.java:onNext(255)) - client-DE0880F50CF2->72f5ceaa-5b3b-4bc7-b846-41895f4ebd48: receive RaftClientReply:client-DE0880F50CF2->72f5ceaa-5b3b-4bc7-b846-41895f4ebd48@group-833AA35A7EDE, cid=1364, SUCCESS, logIndex=1907, commits[72f5ceaa-5b3b-4bc7-b846-41895f4ebd48:c1908, b4e1f7d4-4bb4-47ed-a9cb-53483a899fb2:c1906, d3916bce-b37b-4246-83c6-d24846ba1a72:c1906]
2019-07-08 14:21:14,036 INFO  client.GrpcClientProtocolClient (GrpcClientProtocolClient.java:onNext(255)) - client-DE0880F50CF2->72f5ceaa-5b3b-4bc7-b846-41895f4ebd48: receive RaftClientReply:client-DE0880F50CF2->72f5ceaa-5b3b-4bc7-b846-41895f4ebd48@group-833AA35A7EDE, cid=1365, SUCCESS, logIndex=1908, commits[72f5ceaa-5b3b-4bc7-b846-41895f4ebd48:c1908, b4e1f7d4-4bb4-47ed-a9cb-53483a899fb2:c1906, d3916bce-b37b-4246-83c6-d24846ba1a72:c1906]
2019-07-08 14:21:14,049 INFO  client.GrpcClientProtocolClient (GrpcClientProtocolClient.java:onNext(255)) - client-DE0880F50CF2->72f5ceaa-5b3b-4bc7-b846-41895f4ebd48: receive RaftClientReply:client-DE0880F50CF2->72f5ceaa-5b3b-4bc7-b846-41895f4ebd48@group-833AA35A7EDE, cid=1366, SUCCESS, logIndex=1911, commits[72f5ceaa-5b3b-4bc7-b846-41895f4ebd48:c1911, b4e1f7d4-4bb4-47ed-a9cb-53483a899fb2:c1908, d3916bce-b37b-4246-83c6-d24846ba1a72:c1908]
2019-07-08 14:21:14,049 INFO  client.GrpcClientProtocolClient (GrpcClientProtocolClient.java:onNext(255)) - client-DE0880F50CF2->72f5ceaa-5b3b-4bc7-b846-41895f4ebd48: receive RaftClientReply:client-DE0880F50CF2->72f5ceaa-5b3b-4bc7-b846-41895f4ebd48@group-833AA35A7EDE, cid=1367, SUCCESS, logIndex=1912, commits[72f5ceaa-5b3b-4bc7-b846-41895f4ebd48:c1912, b4e1f7d4-4bb4-47ed-a9cb-53483a899fb2:c1908, d3916bce-b37b-4246-83c6-d24846ba1a72:c1908]
2019-07-08 14:21:14,074 INFO  client.GrpcClientProtocolClient (GrpcClientProtocolClient.java:onNext(255)) - client-DE0880F50CF2->72f5ceaa-5b3b-4bc7-b846-41895f4ebd48: receive RaftClientReply:client-DE0880F50CF2->72f5ceaa-5b3b-4bc7-b846-41895f4ebd48@group-833AA35A7EDE, cid=1368, SUCCESS, logIndex=0, commits[72f5ceaa-5b3b-4bc7-b846-41895f4ebd48:c1913, b4e1f7d4-4bb4-47ed-a9cb-53483a899fb2:c1912, d3916bce-b37b-4246-83c6-d24846ba1a72:c1912]
2019-07-08 14:21:14,745 INFO  client.GrpcClientProtocolClient (GrpcClientProtocolClient.java:onNext(255)) - client-DE0880F50CF2->72f5ceaa-5b3b-4bc7-b846-41895f4ebd48: receive RaftClientReply:client-DE0880F50CF2->72f5ceaa-5b3b-4bc7-b846-41895f4ebd48@group-833AA35A7EDE, cid=1369, SUCCESS, logIndex=1915, commits[72f5ceaa-5b3b-4bc7-b846-41895f4ebd48:c1916, b4e1f7d4-4bb4-47ed-a9cb-53483a899fb2:c1914, d3916bce-b37b-4246-83c6-d24846ba1a72:c1914]
2019-07-08 14:21:14,746 INFO  client.GrpcClientProtocolClient (GrpcClientProtocolClient.java:onNext(255)) - client-DE0880F50CF2->72f5ceaa-5b3b-4bc7-b846-41895f4ebd48: receive RaftClientReply:client-DE0880F50CF2->72f5ceaa-5b3b-4bc7-b846-41895f4ebd48@group-833AA35A7EDE, cid=1370, SUCCESS, logIndex=1916, commits[72f5ceaa-5b3b-4bc7-b846-41895f4ebd48:c1916, b4e1f7d4-4bb4-47ed-a9cb-53483a899fb2:c1914, d3916bce-b37b-4246-83c6-d24846ba1a72:c1914]
 0.00% |█                                                                                                    |  0/1 Time: 0:00:092019-07-08 14:21:15,280 INFO  client.GrpcClientProtocolClient (GrpcClientProtocolClient.java:onNext(255)) - client-DE0880F50CF2->72f5ceaa-5b3b-4bc7-b846-41895f4ebd48: receive RaftClientReply:client-DE0880F50CF2->72f5ceaa-5b3b-4bc7-b846-41895f4ebd48@group-833AA35A7EDE, cid=1371, SUCCESS, logIndex=1917, commits[72f5ceaa-5b3b-4bc7-b846-41895f4ebd48:c1918, b4e1f7d4-4bb4-47ed-a9cb-53483a899fb2:c1916, d3916bce-b37b-4246-83c6-d24846ba1a72:c1914]
2019-07-08 14:21:15,281 INFO  client.GrpcClientProtocolClient (GrpcClientProtocolClient.java:onNext(255)) - client-DE0880F50CF2->72f5ceaa-5b3b-4bc7-b846-41895f4ebd48: receive RaftClientReply:client-DE0880F50CF2->72f5ceaa-5b3b-4bc7-b846-41895f4ebd48@group-833AA35A7EDE, cid=1372, SUCCESS, logIndex=1918, commits[72f5ceaa-5b3b-4bc7-b846-41895f4ebd48:c1918, b4e1f7d4-4bb4-47ed-a9cb-53483a899fb2:c1916, d3916bce-b37b-4246-83c6-d24846ba1a72:c1914]
2019-07-08 14:21:15,308 INFO  client.GrpcClientProtocolClient (GrpcClientProtocolClient.java:onNext(255)) - client-DE0880F50CF2->72f5ceaa-5b3b-4bc7-b846-41895f4ebd48: receive RaftClientReply:client-DE0880F50CF2->72f5ceaa-5b3b-4bc7-b846-41895f4ebd48@group-833AA35A7EDE, cid=1373, SUCCESS, logIndex=0, commits[72f5ceaa-5b3b-4bc7-b846-41895f4ebd48:c1918, b4e1f7d4-4bb4-47ed-a9cb-53483a899fb2:c1916, d3916bce-b37b-4246-83c6-d24846ba1a72:c1916]
 0.00% |█                                                                                                    |  0/1 Time: 0:00:10 0.00% |█                                                                                                    |  0/1 Time: 0:00:112019-07-08 14:21:17,475 INFO  client.GrpcClientProtocolClient (GrpcClientProtocolClient.java:onNext(255)) - client-DE0880F50CF2->72f5ceaa-5b3b-4bc7-b846-41895f4ebd48: receive RaftClientReply:client-DE0880F50CF2->72f5ceaa-5b3b-4bc7-b846-41895f4ebd48@group-833AA35A7EDE, cid=1374, SUCCESS, logIndex=1923, commits[72f5ceaa-5b3b-4bc7-b846-41895f4ebd48:c1924, b4e1f7d4-4bb4-47ed-a9cb-53483a899fb2:c1920, d3916bce-b37b-4246-83c6-d24846ba1a72:c1920]
2019-07-08 14:21:17,476 INFO  client.GrpcClientProtocolClient (GrpcClientProtocolClient.java:onNext(255)) - client-DE0880F50CF2->72f5ceaa-5b3b-4bc7-b846-41895f4ebd48: receive RaftClientReply:client-DE0880F50CF2->72f5ceaa-5b3b-4bc7-b846-41895f4ebd48@group-833AA35A7EDE, cid=1375, SUCCESS, logIndex=1924, commits[72f5ceaa-5b3b-4bc7-b846-41895f4ebd48:c1924, b4e1f7d4-4bb4-47ed-a9cb-53483a899fb2:c1920, d3916bce-b37b-4246-83c6-d24846ba1a72:c1920]
2019-07-08 14:21:17,585 INFO  client.GrpcClientProtocolClient (GrpcClientProtocolClient.java:onNext(255)) - client-DE0880F50CF2->72f5ceaa-5b3b-4bc7-b846-41895f4ebd48: receive RaftClientReply:client-DE0880F50CF2->72f5ceaa-5b3b-4bc7-b846-41895f4ebd48@group-833AA35A7EDE, cid=1376, SUCCESS, logIndex=1927, commits[72f5ceaa-5b3b-4bc7-b846-41895f4ebd48:c1928, b4e1f7d4-4bb4-47ed-a9cb-53483a899fb2:c1924, d3916bce-b37b-4246-83c6-d24846ba1a72:c1924]
2019-07-08 14:21:17,586 INFO  client.GrpcClientProtocolClient (GrpcClientProtocolClient.java:onNext(255)) - client-DE0880F50CF2->72f5ceaa-5b3b-4bc7-b846-41895f4ebd48: receive RaftClientReply:client-DE0880F50CF2->72f5ceaa-5b3b-4bc7-b846-41895f4ebd48@group-833AA35A7EDE, cid=1377, SUCCESS, logIndex=1928, commits[72f5ceaa-5b3b-4bc7-b846-41895f4ebd48:c1928, b4e1f7d4-4bb4-47ed-a9cb-53483a899fb2:c1924, d3916bce-b37b-4246-83c6-d24846ba1a72:c1924]
2019-07-08 14:21:17,601 INFO  client.GrpcClientProtocolClient (GrpcClientProtocolClient.java:onNext(255)) - client-DE0880F50CF2->72f5ceaa-5b3b-4bc7-b846-41895f4ebd48: receive RaftClientReply:client-DE0880F50CF2->72f5ceaa-5b3b-4bc7-b846-41895f4ebd48@group-833AA35A7EDE, cid=1378, SUCCESS, logIndex=0, commits[72f5ceaa-5b3b-4bc7-b846-41895f4ebd48:c1930, b4e1f7d4-4bb4-47ed-a9cb-53483a899fb2:c1928, d3916bce-b37b-4246-83c6-d24846ba1a72:c1928]
2019-07-08 14:21:17,647 INFO  client.GrpcClientProtocolClient (GrpcClientProtocolClient.java:onNext(255)) - client-DE0880F50CF2->72f5ceaa-5b3b-4bc7-b846-41895f4ebd48: receive RaftClientReply:client-DE0880F50CF2->72f5ceaa-5b3b-4bc7-b846-41895f4ebd48@group-833AA35A7EDE, cid=1379, SUCCESS, logIndex=1931, commits[72f5ceaa-5b3b-4bc7-b846-41895f4ebd48:c1934, b4e1f7d4-4bb4-47ed-a9cb-53483a899fb2:c1930, d3916bce-b37b-4246-83c6-d24846ba1a72:c1928]
2019-07-08 14:21:17,648 INFO  client.GrpcClientProtocolClient (GrpcClientProtocolClient.java:onNext(255)) - client-DE0880F50CF2->72f5ceaa-5b3b-4bc7-b846-41895f4ebd48: receive RaftClientReply:client-DE0880F50CF2->72f5ceaa-5b3b-4bc7-b846-41895f4ebd48@group-833AA35A7EDE, cid=1380, SUCCESS, logIndex=1932, commits[72f5ceaa-5b3b-4bc7-b846-41895f4ebd48:c1934, b4e1f7d4-4bb4-47ed-a9cb-53483a899fb2:c1930, d3916bce-b37b-4246-83c6-d24846ba1a72:c1930]
2019-07-08 14:21:17,648 INFO  client.GrpcClientProtocolClient (GrpcClientProtocolClient.java:onNext(255)) - client-DE0880F50CF2->72f5ceaa-5b3b-4bc7-b846-41895f4ebd48: receive RaftClientReply:client-DE0880F50CF2->72f5ceaa-5b3b-4bc7-b846-41895f4ebd48@group-833AA35A7EDE, cid=1381, SUCCESS, logIndex=1933, commits[72f5ceaa-5b3b-4bc7-b846-41895f4ebd48:c1934, b4e1f7d4-4bb4-47ed-a9cb-53483a899fb2:c1930, d3916bce-b37b-4246-83c6-d24846ba1a72:c1930]
2019-07-08 14:21:17,649 INFO  client.GrpcClientProtocolClient (GrpcClientProtocolClient.java:onNext(255)) - client-DE0880F50CF2->72f5ceaa-5b3b-4bc7-b846-41895f4ebd48: receive RaftClientReply:client-DE0880F50CF2->72f5ceaa-5b3b-4bc7-b846-41895f4ebd48@group-833AA35A7EDE, cid=1382, SUCCESS, logIndex=1934, commits[72f5ceaa-5b3b-4bc7-b846-41895f4ebd48:c1934, b4e1f7d4-4bb4-47ed-a9cb-53483a899fb2:c1930, d3916bce-b37b-4246-83c6-d24846ba1a72:c1930]
2019-07-08 14:21:17,660 INFO  client.GrpcClientProtocolClient (GrpcClientProtocolClient.java:onNext(255)) - client-DE0880F50CF2->72f5ceaa-5b3b-4bc7-b846-41895f4ebd48: receive RaftClientReply:client-DE0880F50CF2->72f5ceaa-5b3b-4bc7-b846-41895f4ebd48@group-833AA35A7EDE, cid=1383, SUCCESS, logIndex=0, commits[72f5ceaa-5b3b-4bc7-b846-41895f4ebd48:c1938, b4e1f7d4-4bb4-47ed-a9cb-53483a899fb2:c1934, d3916bce-b37b-4246-83c6-d24846ba1a72:c1932]
2019-07-08 14:21:17,680 INFO  client.GrpcClientProtocolClient (GrpcClientProtocolClient.java:onNext(255)) - client-DE0880F50CF2->72f5ceaa-5b3b-4bc7-b846-41895f4ebd48: receive RaftClientReply:client-DE0880F50CF2->72f5ceaa-5b3b-4bc7-b846-41895f4ebd48@group-833AA35A7EDE, cid=1384, SUCCESS, logIndex=1939, commits[72f5ceaa-5b3b-4bc7-b846-41895f4ebd48:c1940, b4e1f7d4-4bb4-47ed-a9cb-53483a899fb2:c1938, d3916bce-b37b-4246-83c6-d24846ba1a72:c1938]
2019-07-08 14:21:17,680 INFO  client.GrpcClientProtocolClient (GrpcClientProtocolClient.java:onNext(255)) - client-DE0880F50CF2->72f5ceaa-5b3b-4bc7-b846-41895f4ebd48: receive RaftClientReply:client-DE0880F50CF2->72f5ceaa-5b3b-4bc7-b846-41895f4ebd48@group-833AA35A7EDE, cid=1385, SUCCESS, logIndex=1940, commits[72f5ceaa-5b3b-4bc7-b846-41895f4ebd48:c1940, b4e1f7d4-4bb4-47ed-a9cb-53483a899fb2:c1938, d3916bce-b37b-4246-83c6-d24846ba1a72:c1938]
2019-07-08 14:21:17,694 INFO  client.GrpcClientProtocolClient (GrpcClientProtocolClient.java:onNext(255)) - client-DE0880F50CF2->72f5ceaa-5b3b-4bc7-b846-41895f4ebd48: receive RaftClientReply:client-DE0880F50CF2->72f5ceaa-5b3b-4bc7-b846-41895f4ebd48@group-833AA35A7EDE, cid=1386, SUCCESS, logIndex=1943, commits[72f5ceaa-5b3b-4bc7-b846-41895f4ebd48:c1944, b4e1f7d4-4bb4-47ed-a9cb-53483a899fb2:c1940, d3916bce-b37b-4246-83c6-d24846ba1a72:c1940]
2019-07-08 14:21:17,694 INFO  client.GrpcClientProtocolClient (GrpcClientProtocolClient.java:onNext(255)) - client-DE0880F50CF2->72f5ceaa-5b3b-4bc7-b846-41895f4ebd48: receive RaftClientReply:client-DE0880F50CF2->72f5ceaa-5b3b-4bc7-b846-41895f4ebd48@group-833AA35A7EDE, cid=1387, SUCCESS, logIndex=1944, commits[72f5ceaa-5b3b-4bc7-b846-41895f4ebd48:c1944, b4e1f7d4-4bb4-47ed-a9cb-53483a899fb2:c1940, d3916bce-b37b-4246-83c6-d24846ba1a72:c1940]
2019-07-08 14:21:17,718 INFO  client.GrpcClientProtocolClient (GrpcClientProtocolClient.java:onNext(255)) - client-DE0880F50CF2->72f5ceaa-5b3b-4bc7-b846-41895f4ebd48: receive RaftClientReply:client-DE0880F50CF2->72f5ceaa-5b3b-4bc7-b846-41895f4ebd48@group-833AA35A7EDE, cid=1388, SUCCESS, logIndex=0, commits[72f5ceaa-5b3b-4bc7-b846-41895f4ebd48:c1946, b4e1f7d4-4bb4-47ed-a9cb-53483a899fb2:c1944, d3916bce-b37b-4246-83c6-d24846ba1a72:c1944]
2019-07-08 14:21:17,744 INFO  client.GrpcClientProtocolClient (GrpcClientProtocolClient.java:onNext(255)) - client-DE0880F50CF2->72f5ceaa-5b3b-4bc7-b846-41895f4ebd48: receive RaftClientReply:client-DE0880F50CF2->72f5ceaa-5b3b-4bc7-b846-41895f4ebd48@group-833AA35A7EDE, cid=1389, SUCCESS, logIndex=1947, commits[72f5ceaa-5b3b-4bc7-b846-41895f4ebd48:c1948, b4e1f7d4-4bb4-47ed-a9cb-53483a899fb2:c1946, d3916bce-b37b-4246-83c6-d24846ba1a72:c1946]
2019-07-08 14:21:17,745 INFO  client.GrpcClientProtocolClient (GrpcClientProtocolClient.java:onNext(255)) - client-DE0880F50CF2->72f5ceaa-5b3b-4bc7-b846-41895f4ebd48: receive RaftClientReply:client-DE0880F50CF2->72f5ceaa-5b3b-4bc7-b846-41895f4ebd48@group-833AA35A7EDE, cid=1390, SUCCESS, logIndex=1948, commits[72f5ceaa-5b3b-4bc7-b846-41895f4ebd48:c1950, b4e1f7d4-4bb4-47ed-a9cb-53483a899fb2:c1946, d3916bce-b37b-4246-83c6-d24846ba1a72:c1946]
2019-07-08 14:21:17,745 INFO  client.GrpcClientProtocolClient (GrpcClientProtocolClient.java:onNext(255)) - client-DE0880F50CF2->72f5ceaa-5b3b-4bc7-b846-41895f4ebd48: receive RaftClientReply:client-DE0880F50CF2->72f5ceaa-5b3b-4bc7-b846-41895f4ebd48@group-833AA35A7EDE, cid=1391, SUCCESS, logIndex=1949, commits[72f5ceaa-5b3b-4bc7-b846-41895f4ebd48:c1950, b4e1f7d4-4bb4-47ed-a9cb-53483a899fb2:c1946, d3916bce-b37b-4246-83c6-d24846ba1a72:c1946]
2019-07-08 14:21:17,745 INFO  client.GrpcClientProtocolClient (GrpcClientProtocolClient.java:onNext(255)) - client-DE0880F50CF2->72f5ceaa-5b3b-4bc7-b846-41895f4ebd48: receive RaftClientReply:client-DE0880F50CF2->72f5ceaa-5b3b-4bc7-b846-41895f4ebd48@group-833AA35A7EDE, cid=1392, SUCCESS, logIndex=1950, commits[72f5ceaa-5b3b-4bc7-b846-41895f4ebd48:c1950, b4e1f7d4-4bb4-47ed-a9cb-53483a899fb2:c1946, d3916bce-b37b-4246-83c6-d24846ba1a72:c1946]
2019-07-08 14:21:17,757 INFO  client.GrpcClientProtocolClient (GrpcClientProtocolClient.java:onNext(255)) - client-DE0880F50CF2->72f5ceaa-5b3b-4bc7-b846-41895f4ebd48: receive RaftClientReply:client-DE0880F50CF2->72f5ceaa-5b3b-4bc7-b846-41895f4ebd48@group-833AA35A7EDE, cid=1393, SUCCESS, logIndex=0, commits[72f5ceaa-5b3b-4bc7-b846-41895f4ebd48:c1953, b4e1f7d4-4bb4-47ed-a9cb-53483a899fb2:c1948, d3916bce-b37b-4246-83c6-d24846ba1a72:c1949]
 0.00% |█                                                                                                    |  0/1 Time: 0:00:122019-07-08 14:21:17,780 INFO  client.GrpcClientProtocolClient (GrpcClientProtocolClient.java:onNext(255)) - client-DE0880F50CF2->72f5ceaa-5b3b-4bc7-b846-41895f4ebd48: receive RaftClientReply:client-DE0880F50CF2->72f5ceaa-5b3b-4bc7-b846-41895f4ebd48@group-833AA35A7EDE, cid=1394, SUCCESS, logIndex=1955, commits[72f5ceaa-5b3b-4bc7-b846-41895f4ebd48:c1956, b4e1f7d4-4bb4-47ed-a9cb-53483a899fb2:c1954, d3916bce-b37b-4246-83c6-d24846ba1a72:c1954]
2019-07-08 14:21:17,781 INFO  client.GrpcClientProtocolClient (GrpcClientProtocolClient.java:onNext(255)) - client-DE0880F50CF2->72f5ceaa-5b3b-4bc7-b846-41895f4ebd48: receive RaftClientReply:client-DE0880F50CF2->72f5ceaa-5b3b-4bc7-b846-41895f4ebd48@group-833AA35A7EDE, cid=1395, SUCCESS, logIndex=1956, commits[72f5ceaa-5b3b-4bc7-b846-41895f4ebd48:c1956, b4e1f7d4-4bb4-47ed-a9cb-53483a899fb2:c1954, d3916bce-b37b-4246-83c6-d24846ba1a72:c1954]
2019-07-08 14:21:17,903 INFO  client.GrpcClientProtocolClient (GrpcClientProtocolClient.java:onNext(255)) - client-DE0880F50CF2->72f5ceaa-5b3b-4bc7-b846-41895f4ebd48: receive RaftClientReply:client-DE0880F50CF2->72f5ceaa-5b3b-4bc7-b846-41895f4ebd48@group-833AA35A7EDE, cid=1396, SUCCESS, logIndex=1959, commits[72f5ceaa-5b3b-4bc7-b846-41895f4ebd48:c1960, b4e1f7d4-4bb4-47ed-a9cb-53483a899fb2:c1957, d3916bce-b37b-4246-83c6-d24846ba1a72:c1956]
2019-07-08 14:21:17,903 INFO  client.GrpcClientProtocolClient (GrpcClientProtocolClient.java:onNext(255)) - client-DE0880F50CF2->72f5ceaa-5b3b-4bc7-b846-41895f4ebd48: receive RaftClientReply:client-DE0880F50CF2->72f5ceaa-5b3b-4bc7-b846-41895f4ebd48@group-833AA35A7EDE, cid=1397, SUCCESS, logIndex=1960, commits[72f5ceaa-5b3b-4bc7-b846-41895f4ebd48:c1960, b4e1f7d4-4bb4-47ed-a9cb-53483a899fb2:c1957, d3916bce-b37b-4246-83c6-d24846ba1a72:c1957]
2019-07-08 14:21:17,906 INFO  client.GrpcClientProtocolClient (GrpcClientProtocolClient.java:onNext(255)) - client-DE0880F50CF2->72f5ceaa-5b3b-4bc7-b846-41895f4ebd48: receive RaftClientReply:client-DE0880F50CF2->72f5ceaa-5b3b-4bc7-b846-41895f4ebd48@group-833AA35A7EDE, cid=1398, SUCCESS, logIndex=0, commits[72f5ceaa-5b3b-4bc7-b846-41895f4ebd48:c1962, b4e1f7d4-4bb4-47ed-a9cb-53483a899fb2:c1960, d3916bce-b37b-4246-83c6-d24846ba1a72:c1960]
2019-07-08 14:21:17,928 INFO  client.GrpcClientProtocolClient (GrpcClientProtocolClient.java:onNext(255)) - client-DE0880F50CF2->72f5ceaa-5b3b-4bc7-b846-41895f4ebd48: receive RaftClientReply:client-DE0880F50CF2->72f5ceaa-5b3b-4bc7-b846-41895f4ebd48@group-833AA35A7EDE, cid=1399, SUCCESS, logIndex=1963, commits[72f5ceaa-5b3b-4bc7-b846-41895f4ebd48:c1964, b4e1f7d4-4bb4-47ed-a9cb-53483a899fb2:c1960, d3916bce-b37b-4246-83c6-d24846ba1a72:c1962]
2019-07-08 14:21:17,929 INFO  client.GrpcClientProtocolClient (GrpcClientProtocolClient.java:onNext(255)) - client-DE0880F50CF2->72f5ceaa-5b3b-4bc7-b846-41895f4ebd48: receive RaftClientReply:client-DE0880F50CF2->72f5ceaa-5b3b-4bc7-b846-41895f4ebd48@group-833AA35A7EDE, cid=1400, SUCCESS, logIndex=1964, commits[72f5ceaa-5b3b-4bc7-b846-41895f4ebd48:c1964, b4e1f7d4-4bb4-47ed-a9cb-53483a899fb2:c1962, d3916bce-b37b-4246-83c6-d24846ba1a72:c1962]
2019-07-08 14:21:17,941 INFO  client.GrpcClientProtocolClient (GrpcClientProtocolClient.java:onNext(255)) - client-DE0880F50CF2->72f5ceaa-5b3b-4bc7-b846-41895f4ebd48: receive RaftClientReply:client-DE0880F50CF2->72f5ceaa-5b3b-4bc7-b846-41895f4ebd48@group-833AA35A7EDE, cid=1401, SUCCESS, logIndex=1965, commits[72f5ceaa-5b3b-4bc7-b846-41895f4ebd48:c1968, b4e1f7d4-4bb4-47ed-a9cb-53483a899fb2:c1962, d3916bce-b37b-4246-83c6-d24846ba1a72:c1964]
2019-07-08 14:21:17,942 INFO  client.GrpcClientProtocolClient (GrpcClientProtocolClient.java:onNext(255)) - client-DE0880F50CF2->72f5ceaa-5b3b-4bc7-b846-41895f4ebd48: receive RaftClientReply:client-DE0880F50CF2->72f5ceaa-5b3b-4bc7-b846-41895f4ebd48@group-833AA35A7EDE, cid=1402, SUCCESS, logIndex=1966, commits[72f5ceaa-5b3b-4bc7-b846-41895f4ebd48:c1968, b4e1f7d4-4bb4-47ed-a9cb-53483a899fb2:c1964, d3916bce-b37b-4246-83c6-d24846ba1a72:c1964]
2019-07-08 14:21:17,964 INFO  client.GrpcClientProtocolClient (GrpcClientProtocolClient.java:onNext(255)) - client-DE0880F50CF2->72f5ceaa-5b3b-4bc7-b846-41895f4ebd48: receive RaftClientReply:client-DE0880F50CF2->72f5ceaa-5b3b-4bc7-b846-41895f4ebd48@group-833AA35A7EDE, cid=1403, SUCCESS, logIndex=1971, commits[72f5ceaa-5b3b-4bc7-b846-41895f4ebd48:c1972, b4e1f7d4-4bb4-47ed-a9cb-53483a899fb2:c1970, d3916bce-b37b-4246-83c6-d24846ba1a72:c1970]
2019-07-08 14:21:17,964 INFO  client.GrpcClientProtocolClient (GrpcClientProtocolClient.java:onNext(255)) - client-DE0880F50CF2->72f5ceaa-5b3b-4bc7-b846-41895f4ebd48: receive RaftClientReply:client-DE0880F50CF2->72f5ceaa-5b3b-4bc7-b846-41895f4ebd48@group-833AA35A7EDE, cid=1404, SUCCESS, logIndex=1972, commits[72f5ceaa-5b3b-4bc7-b846-41895f4ebd48:c1972, b4e1f7d4-4bb4-47ed-a9cb-53483a899fb2:c1970, d3916bce-b37b-4246-83c6-d24846ba1a72:c1970]
2019-07-08 14:21:17,994 INFO  client.GrpcClientProtocolClient (GrpcClientProtocolClient.java:onNext(255)) - client-DE0880F50CF2->72f5ceaa-5b3b-4bc7-b846-41895f4ebd48: receive RaftClientReply:client-DE0880F50CF2->72f5ceaa-5b3b-4bc7-b846-41895f4ebd48@group-833AA35A7EDE, cid=1405, SUCCESS, logIndex=1975, commits[72f5ceaa-5b3b-4bc7-b846-41895f4ebd48:c1976, b4e1f7d4-4bb4-47ed-a9cb-53483a899fb2:c1972, d3916bce-b37b-4246-83c6-d24846ba1a72:c1972]
2019-07-08 14:21:17,995 INFO  client.GrpcClientProtocolClient (GrpcClientProtocolClient.java:onNext(255)) - client-DE0880F50CF2->72f5ceaa-5b3b-4bc7-b846-41895f4ebd48: receive RaftClientReply:client-DE0880F50CF2->72f5ceaa-5b3b-4bc7-b846-41895f4ebd48@group-833AA35A7EDE, cid=1406, SUCCESS, logIndex=1976, commits[72f5ceaa-5b3b-4bc7-b846-41895f4ebd48:c1976, b4e1f7d4-4bb4-47ed-a9cb-53483a899fb2:c1972, d3916bce-b37b-4246-83c6-d24846ba1a72:c1972]
2019-07-08 14:21:18,011 INFO  client.GrpcClientProtocolClient (GrpcClientProtocolClient.java:onNext(255)) - client-DE0880F50CF2->72f5ceaa-5b3b-4bc7-b846-41895f4ebd48: receive RaftClientReply:client-DE0880F50CF2->72f5ceaa-5b3b-4bc7-b846-41895f4ebd48@group-833AA35A7EDE, cid=1407, SUCCESS, logIndex=0, commits[72f5ceaa-5b3b-4bc7-b846-41895f4ebd48:c1978, b4e1f7d4-4bb4-47ed-a9cb-53483a899fb2:c1976, d3916bce-b37b-4246-83c6-d24846ba1a72:c1976]
2019-07-08 14:21:18,049 INFO  client.GrpcClientProtocolClient (GrpcClientProtocolClient.java:onNext(255)) - client-DE0880F50CF2->72f5ceaa-5b3b-4bc7-b846-41895f4ebd48: receive RaftClientReply:client-DE0880F50CF2->72f5ceaa-5b3b-4bc7-b846-41895f4ebd48@group-833AA35A7EDE, cid=1408, SUCCESS, logIndex=1979, commits[72f5ceaa-5b3b-4bc7-b846-41895f4ebd48:c1980, b4e1f7d4-4bb4-47ed-a9cb-53483a899fb2:c1978, d3916bce-b37b-4246-83c6-d24846ba1a72:c1978]
2019-07-08 14:21:18,050 INFO  client.GrpcClientProtocolClient (GrpcClientProtocolClient.java:onNext(255)) - client-DE0880F50CF2->72f5ceaa-5b3b-4bc7-b846-41895f4ebd48: receive RaftClientReply:client-DE0880F50CF2->72f5ceaa-5b3b-4bc7-b846-41895f4ebd48@group-833AA35A7EDE, cid=1409, SUCCESS, logIndex=1980, commits[72f5ceaa-5b3b-4bc7-b846-41895f4ebd48:c1981, b4e1f7d4-4bb4-47ed-a9cb-53483a899fb2:c1978, d3916bce-b37b-4246-83c6-d24846ba1a72:c1978]
2019-07-08 14:21:18,050 INFO  client.GrpcClientProtocolClient (GrpcClientProtocolClient.java:onNext(255)) - client-DE0880F50CF2->72f5ceaa-5b3b-4bc7-b846-41895f4ebd48: receive RaftClientReply:client-DE0880F50CF2->72f5ceaa-5b3b-4bc7-b846-41895f4ebd48@group-833AA35A7EDE, cid=1410, SUCCESS, logIndex=1981, commits[72f5ceaa-5b3b-4bc7-b846-41895f4ebd48:c1982, b4e1f7d4-4bb4-47ed-a9cb-53483a899fb2:c1978, d3916bce-b37b-4246-83c6-d24846ba1a72:c1978]
2019-07-08 14:21:18,050 INFO  client.GrpcClientProtocolClient (GrpcClientProtocolClient.java:onNext(255)) - client-DE0880F50CF2->72f5ceaa-5b3b-4bc7-b846-41895f4ebd48: receive RaftClientReply:client-DE0880F50CF2->72f5ceaa-5b3b-4bc7-b846-41895f4ebd48@group-833AA35A7EDE, cid=1411, SUCCESS, logIndex=1982, commits[72f5ceaa-5b3b-4bc7-b846-41895f4ebd48:c1982, b4e1f7d4-4bb4-47ed-a9cb-53483a899fb2:c1978, d3916bce-b37b-4246-83c6-d24846ba1a72:c1978]
2019-07-08 14:21:18,051 INFO  client.GrpcClientProtocolClient (GrpcClientProtocolClient.java:onNext(255)) - client-DE0880F50CF2->72f5ceaa-5b3b-4bc7-b846-41895f4ebd48: receive RaftClientReply:client-DE0880F50CF2->72f5ceaa-5b3b-4bc7-b846-41895f4ebd48@group-833AA35A7EDE, cid=1412, SUCCESS, logIndex=0, commits[72f5ceaa-5b3b-4bc7-b846-41895f4ebd48:c1984, b4e1f7d4-4bb4-47ed-a9cb-53483a899fb2:c1980, d3916bce-b37b-4246-83c6-d24846ba1a72:c1980]
2019-07-08 14:21:18,075 INFO  client.GrpcClientProtocolClient (GrpcClientProtocolClient.java:onNext(255)) - client-DE0880F50CF2->72f5ceaa-5b3b-4bc7-b846-41895f4ebd48: receive RaftClientReply:client-DE0880F50CF2->72f5ceaa-5b3b-4bc7-b846-41895f4ebd48@group-833AA35A7EDE, cid=1413, SUCCESS, logIndex=1987, commits[72f5ceaa-5b3b-4bc7-b846-41895f4ebd48:c1988, b4e1f7d4-4bb4-47ed-a9cb-53483a899fb2:c1986, d3916bce-b37b-4246-83c6-d24846ba1a72:c1986]
2019-07-08 14:21:18,075 INFO  client.GrpcClientProtocolClient (GrpcClientProtocolClient.java:onNext(255)) - client-DE0880F50CF2->72f5ceaa-5b3b-4bc7-b846-41895f4ebd48: receive RaftClientReply:client-DE0880F50CF2->72f5ceaa-5b3b-4bc7-b846-41895f4ebd48@group-833AA35A7EDE, cid=1414, SUCCESS, logIndex=1988, commits[72f5ceaa-5b3b-4bc7-b846-41895f4ebd48:c1988, b4e1f7d4-4bb4-47ed-a9cb-53483a899fb2:c1986, d3916bce-b37b-4246-83c6-d24846ba1a72:c1986]
2019-07-08 14:21:18,088 INFO  client.GrpcClientProtocolClient (GrpcClientProtocolClient.java:onNext(255)) - client-DE0880F50CF2->72f5ceaa-5b3b-4bc7-b846-41895f4ebd48: receive RaftClientReply:client-DE0880F50CF2->72f5ceaa-5b3b-4bc7-b846-41895f4ebd48@group-833AA35A7EDE, cid=1415, SUCCESS, logIndex=1991, commits[72f5ceaa-5b3b-4bc7-b846-41895f4ebd48:c1992, b4e1f7d4-4bb4-47ed-a9cb-53483a899fb2:c1988, d3916bce-b37b-4246-83c6-d24846ba1a72:c1988]
2019-07-08 14:21:18,089 INFO  client.GrpcClientProtocolClient (GrpcClientProtocolClient.java:onNext(255)) - client-DE0880F50CF2->72f5ceaa-5b3b-4bc7-b846-41895f4ebd48: receive RaftClientReply:client-DE0880F50CF2->72f5ceaa-5b3b-4bc7-b846-41895f4ebd48@group-833AA35A7EDE, cid=1416, SUCCESS, logIndex=1992, commits[72f5ceaa-5b3b-4bc7-b846-41895f4ebd48:c1992, b4e1f7d4-4bb4-47ed-a9cb-53483a899fb2:c1988, d3916bce-b37b-4246-83c6-d24846ba1a72:c1988]
2019-07-08 14:21:18,105 INFO  client.GrpcClientProtocolClient (GrpcClientProtocolClient.java:onNext(255)) - client-DE0880F50CF2->72f5ceaa-5b3b-4bc7-b846-41895f4ebd48: receive RaftClientReply:client-DE0880F50CF2->72f5ceaa-5b3b-4bc7-b846-41895f4ebd48@group-833AA35A7EDE, cid=1417, SUCCESS, logIndex=0, commits[72f5ceaa-5b3b-4bc7-b846-41895f4ebd48:c1994, b4e1f7d4-4bb4-47ed-a9cb-53483a899fb2:c1992, d3916bce-b37b-4246-83c6-d24846ba1a72:c1992]
2019-07-08 14:21:18,127 INFO  client.GrpcClientProtocolClient (GrpcClientProtocolClient.java:onNext(255)) - client-DE0880F50CF2->72f5ceaa-5b3b-4bc7-b846-41895f4ebd48: receive RaftClientReply:client-DE0880F50CF2->72f5ceaa-5b3b-4bc7-b846-41895f4ebd48@group-833AA35A7EDE, cid=1418, SUCCESS, logIndex=1995, commits[72f5ceaa-5b3b-4bc7-b846-41895f4ebd48:c1997, b4e1f7d4-4bb4-47ed-a9cb-53483a899fb2:c1994, d3916bce-b37b-4246-83c6-d24846ba1a72:c1994]
2019-07-08 14:21:18,127 INFO  client.GrpcClientProtocolClient (GrpcClientProtocolClient.java:onNext(255)) - client-DE0880F50CF2->72f5ceaa-5b3b-4bc7-b846-41895f4ebd48: receive RaftClientReply:client-DE0880F50CF2->72f5ceaa-5b3b-4bc7-b846-41895f4ebd48@group-833AA35A7EDE, cid=1419, SUCCESS, logIndex=1996, commits[72f5ceaa-5b3b-4bc7-b846-41895f4ebd48:c1998, b4e1f7d4-4bb4-47ed-a9cb-53483a899fb2:c1994, d3916bce-b37b-4246-83c6-d24846ba1a72:c1994]
2019-07-08 14:21:18,127 INFO  client.GrpcClientProtocolClient (GrpcClientProtocolClient.java:onNext(255)) - client-DE0880F50CF2->72f5ceaa-5b3b-4bc7-b846-41895f4ebd48: receive RaftClientReply:client-DE0880F50CF2->72f5ceaa-5b3b-4bc7-b846-41895f4ebd48@group-833AA35A7EDE, cid=1420, SUCCESS, logIndex=1997, commits[72f5ceaa-5b3b-4bc7-b846-41895f4ebd48:c1998, b4e1f7d4-4bb4-47ed-a9cb-53483a899fb2:c1994, d3916bce-b37b-4246-83c6-d24846ba1a72:c1994]
2019-07-08 14:21:18,128 INFO  client.GrpcClientProtocolClient (GrpcClientProtocolClient.java:onNext(255)) - client-DE0880F50CF2->72f5ceaa-5b3b-4bc7-b846-41895f4ebd48: receive RaftClientReply:client-DE0880F50CF2->72f5ceaa-5b3b-4bc7-b846-41895f4ebd48@group-833AA35A7EDE, cid=1421, SUCCESS, logIndex=1998, commits[72f5ceaa-5b3b-4bc7-b846-41895f4ebd48:c1998, b4e1f7d4-4bb4-47ed-a9cb-53483a899fb2:c1994, d3916bce-b37b-4246-83c6-d24846ba1a72:c1994]
2019-07-08 14:21:18,144 INFO  client.GrpcClientProtocolClient (GrpcClientProtocolClient.java:onNext(255)) - client-DE0880F50CF2->72f5ceaa-5b3b-4bc7-b846-41895f4ebd48: receive RaftClientReply:client-DE0880F50CF2->72f5ceaa-5b3b-4bc7-b846-41895f4ebd48@group-833AA35A7EDE, cid=1422, SUCCESS, logIndex=0, commits[72f5ceaa-5b3b-4bc7-b846-41895f4ebd48:c1999, b4e1f7d4-4bb4-47ed-a9cb-53483a899fb2:c1996, d3916bce-b37b-4246-83c6-d24846ba1a72:c1996]
2019-07-08 14:21:18,158 INFO  client.GrpcClientProtocolClient (GrpcClientProtocolClient.java:onNext(255)) - client-DE0880F50CF2->72f5ceaa-5b3b-4bc7-b846-41895f4ebd48: receive RaftClientReply:client-DE0880F50CF2->72f5ceaa-5b3b-4bc7-b846-41895f4ebd48@group-833AA35A7EDE, cid=1423, SUCCESS, logIndex=2003, commits[72f5ceaa-5b3b-4bc7-b846-41895f4ebd48:c2004, b4e1f7d4-4bb4-47ed-a9cb-53483a899fb2:c2002, d3916bce-b37b-4246-83c6-d24846ba1a72:c2002]
2019-07-08 14:21:18,159 INFO  client.GrpcClientProtocolClient (GrpcClientProtocolClient.java:onNext(255)) - client-DE0880F50CF2->72f5ceaa-5b3b-4bc7-b846-41895f4ebd48: receive RaftClientReply:client-DE0880F50CF2->72f5ceaa-5b3b-4bc7-b846-41895f4ebd48@group-833AA35A7EDE, cid=1424, SUCCESS, logIndex=2004, commits[72f5ceaa-5b3b-4bc7-b846-41895f4ebd48:c2004, b4e1f7d4-4bb4-47ed-a9cb-53483a899fb2:c2002, d3916bce-b37b-4246-83c6-d24846ba1a72:c2002]
2019-07-08 14:21:18,172 INFO  client.GrpcClientProtocolClient (GrpcClientProtocolClient.java:onNext(255)) - client-DE0880F50CF2->72f5ceaa-5b3b-4bc7-b846-41895f4ebd48: receive RaftClientReply:client-DE0880F50CF2->72f5ceaa-5b3b-4bc7-b846-41895f4ebd48@group-833AA35A7EDE, cid=1425, SUCCESS, logIndex=2007, commits[72f5ceaa-5b3b-4bc7-b846-41895f4ebd48:c2008, b4e1f7d4-4bb4-47ed-a9cb-53483a899fb2:c2004, d3916bce-b37b-4246-83c6-d24846ba1a72:c2004]
2019-07-08 14:21:18,172 INFO  client.GrpcClientProtocolClient (GrpcClientProtocolClient.java:onNext(255)) - client-DE0880F50CF2->72f5ceaa-5b3b-4bc7-b846-41895f4ebd48: receive RaftClientReply:client-DE0880F50CF2->72f5ceaa-5b3b-4bc7-b846-41895f4ebd48@group-833AA35A7EDE, cid=1426, SUCCESS, logIndex=2008, commits[72f5ceaa-5b3b-4bc7-b846-41895f4ebd48:c2008, b4e1f7d4-4bb4-47ed-a9cb-53483a899fb2:c2004, d3916bce-b37b-4246-83c6-d24846ba1a72:c2004]
2019-07-08 14:21:18,199 INFO  client.GrpcClientProtocolClient (GrpcClientProtocolClient.java:onNext(255)) - client-DE0880F50CF2->72f5ceaa-5b3b-4bc7-b846-41895f4ebd48: receive RaftClientReply:client-DE0880F50CF2->72f5ceaa-5b3b-4bc7-b846-41895f4ebd48@group-833AA35A7EDE, cid=1427, SUCCESS, logIndex=0, commits[72f5ceaa-5b3b-4bc7-b846-41895f4ebd48:c2009, b4e1f7d4-4bb4-47ed-a9cb-53483a899fb2:c2008, d3916bce-b37b-4246-83c6-d24846ba1a72:c2008]
2019-07-08 14:21:18,225 INFO  client.GrpcClientProtocolClient (GrpcClientProtocolClient.java:onNext(255)) - client-DE0880F50CF2->72f5ceaa-5b3b-4bc7-b846-41895f4ebd48: receive RaftClientReply:client-DE0880F50CF2->72f5ceaa-5b3b-4bc7-b846-41895f4ebd48@group-833AA35A7EDE, cid=1428, SUCCESS, logIndex=2011, commits[72f5ceaa-5b3b-4bc7-b846-41895f4ebd48:c2014, b4e1f7d4-4bb4-47ed-a9cb-53483a899fb2:c2010, d3916bce-b37b-4246-83c6-d24846ba1a72:c2010]
2019-07-08 14:21:18,226 INFO  client.GrpcClientProtocolClient (GrpcClientProtocolClient.java:onNext(255)) - client-DE0880F50CF2->72f5ceaa-5b3b-4bc7-b846-41895f4ebd48: receive RaftClientReply:client-DE0880F50CF2->72f5ceaa-5b3b-4bc7-b846-41895f4ebd48@group-833AA35A7EDE, cid=1429, SUCCESS, logIndex=2012, commits[72f5ceaa-5b3b-4bc7-b846-41895f4ebd48:c2014, b4e1f7d4-4bb4-47ed-a9cb-53483a899fb2:c2010, d3916bce-b37b-4246-83c6-d24846ba1a72:c2010]
2019-07-08 14:21:18,226 INFO  client.GrpcClientProtocolClient (GrpcClientProtocolClient.java:onNext(255)) - client-DE0880F50CF2->72f5ceaa-5b3b-4bc7-b846-41895f4ebd48: receive RaftClientReply:client-DE0880F50CF2->72f5ceaa-5b3b-4bc7-b846-41895f4ebd48@group-833AA35A7EDE, cid=1430, SUCCESS, logIndex=2013, commits[72f5ceaa-5b3b-4bc7-b846-41895f4ebd48:c2014, b4e1f7d4-4bb4-47ed-a9cb-53483a899fb2:c2010, d3916bce-b37b-4246-83c6-d24846ba1a72:c2010]
2019-07-08 14:21:18,227 INFO  client.GrpcClientProtocolClient (GrpcClientProtocolClient.java:onNext(255)) - client-DE0880F50CF2->72f5ceaa-5b3b-4bc7-b846-41895f4ebd48: receive RaftClientReply:client-DE0880F50CF2->72f5ceaa-5b3b-4bc7-b846-41895f4ebd48@group-833AA35A7EDE, cid=1431, SUCCESS, logIndex=2014, commits[72f5ceaa-5b3b-4bc7-b846-41895f4ebd48:c2014, b4e1f7d4-4bb4-47ed-a9cb-53483a899fb2:c2010, d3916bce-b37b-4246-83c6-d24846ba1a72:c2010]
2019-07-08 14:21:18,228 INFO  client.GrpcClientProtocolClient (GrpcClientProtocolClient.java:onNext(255)) - client-DE0880F50CF2->72f5ceaa-5b3b-4bc7-b846-41895f4ebd48: receive RaftClientReply:client-DE0880F50CF2->72f5ceaa-5b3b-4bc7-b846-41895f4ebd48@group-833AA35A7EDE, cid=1432, SUCCESS, logIndex=0, commits[72f5ceaa-5b3b-4bc7-b846-41895f4ebd48:c2015, b4e1f7d4-4bb4-47ed-a9cb-53483a899fb2:c2013, d3916bce-b37b-4246-83c6-d24846ba1a72:c2013]
2019-07-08 14:21:18,247 INFO  client.GrpcClientProtocolClient (GrpcClientProtocolClient.java:onNext(255)) - client-DE0880F50CF2->72f5ceaa-5b3b-4bc7-b846-41895f4ebd48: receive RaftClientReply:client-DE0880F50CF2->72f5ceaa-5b3b-4bc7-b846-41895f4ebd48@group-833AA35A7EDE, cid=1433, SUCCESS, logIndex=2018, commits[72f5ceaa-5b3b-4bc7-b846-41895f4ebd48:c2018, b4e1f7d4-4bb4-47ed-a9cb-53483a899fb2:c2017, d3916bce-b37b-4246-83c6-d24846ba1a72:c2017]
2019-07-08 14:21:18,248 INFO  client.GrpcClientProtocolClient (GrpcClientProtocolClient.java:onNext(255)) - client-DE0880F50CF2->72f5ceaa-5b3b-4bc7-b846-41895f4ebd48: receive RaftClientReply:client-DE0880F50CF2->72f5ceaa-5b3b-4bc7-b846-41895f4ebd48@group-833AA35A7EDE, cid=1434, SUCCESS, logIndex=2019, commits[72f5ceaa-5b3b-4bc7-b846-41895f4ebd48:c2019, b4e1f7d4-4bb4-47ed-a9cb-53483a899fb2:c2017, d3916bce-b37b-4246-83c6-d24846ba1a72:c2017]
2019-07-08 14:21:18,261 INFO  client.GrpcClientProtocolClient (GrpcClientProtocolClient.java:onNext(255)) - client-DE0880F50CF2->72f5ceaa-5b3b-4bc7-b846-41895f4ebd48: receive RaftClientReply:client-DE0880F50CF2->72f5ceaa-5b3b-4bc7-b846-41895f4ebd48@group-833AA35A7EDE, cid=1435, SUCCESS, logIndex=2022, commits[72f5ceaa-5b3b-4bc7-b846-41895f4ebd48:c2022, b4e1f7d4-4bb4-47ed-a9cb-53483a899fb2:c2019, d3916bce-b37b-4246-83c6-d24846ba1a72:c2019]
2019-07-08 14:21:18,261 INFO  client.GrpcClientProtocolClient (GrpcClientProtocolClient.java:onNext(255)) - client-DE0880F50CF2->72f5ceaa-5b3b-4bc7-b846-41895f4ebd48: receive RaftClientReply:client-DE0880F50CF2->72f5ceaa-5b3b-4bc7-b846-41895f4ebd48@group-833AA35A7EDE, cid=1436, SUCCESS, logIndex=2023, commits[72f5ceaa-5b3b-4bc7-b846-41895f4ebd48:c2023, b4e1f7d4-4bb4-47ed-a9cb-53483a899fb2:c2019, d3916bce-b37b-4246-83c6-d24846ba1a72:c2019]
2019-07-08 14:21:18,273 INFO  client.GrpcClientProtocolClient (GrpcClientProtocolClient.java:onNext(255)) - client-DE0880F50CF2->72f5ceaa-5b3b-4bc7-b846-41895f4ebd48: receive RaftClientReply:client-DE0880F50CF2->72f5ceaa-5b3b-4bc7-b846-41895f4ebd48@group-833AA35A7EDE, cid=1437, SUCCESS, logIndex=0, commits[72f5ceaa-5b3b-4bc7-b846-41895f4ebd48:c2025, b4e1f7d4-4bb4-47ed-a9cb-53483a899fb2:c2023, d3916bce-b37b-4246-83c6-d24846ba1a72:c2023]
2019-07-08 14:21:18,301 INFO  client.GrpcClientProtocolClient (GrpcClientProtocolClient.java:onNext(255)) - client-DE0880F50CF2->72f5ceaa-5b3b-4bc7-b846-41895f4ebd48: receive RaftClientReply:client-DE0880F50CF2->72f5ceaa-5b3b-4bc7-b846-41895f4ebd48@group-833AA35A7EDE, cid=1438, SUCCESS, logIndex=2026, commits[72f5ceaa-5b3b-4bc7-b846-41895f4ebd48:c2028, b4e1f7d4-4bb4-47ed-a9cb-53483a899fb2:c2025, d3916bce-b37b-4246-83c6-d24846ba1a72:c2025]
2019-07-08 14:21:18,302 INFO  client.GrpcClientProtocolClient (GrpcClientProtocolClient.java:onNext(255)) - client-DE0880F50CF2->72f5ceaa-5b3b-4bc7-b846-41895f4ebd48: receive RaftClientReply:client-DE0880F50CF2->72f5ceaa-5b3b-4bc7-b846-41895f4ebd48@group-833AA35A7EDE, cid=1439, SUCCESS, logIndex=2027, commits[72f5ceaa-5b3b-4bc7-b846-41895f4ebd48:c2029, b4e1f7d4-4bb4-47ed-a9cb-53483a899fb2:c2025, d3916bce-b37b-4246-83c6-d24846ba1a72:c2025]
2019-07-08 14:21:18,302 INFO  client.GrpcClientProtocolClient (GrpcClientProtocolClient.java:onNext(255)) - client-DE0880F50CF2->72f5ceaa-5b3b-4bc7-b846-41895f4ebd48: receive RaftClientReply:client-DE0880F50CF2->72f5ceaa-5b3b-4bc7-b846-41895f4ebd48@group-833AA35A7EDE, cid=1440, SUCCESS, logIndex=2028, commits[72f5ceaa-5b3b-4bc7-b846-41895f4ebd48:c2029, b4e1f7d4-4bb4-47ed-a9cb-53483a899fb2:c2025, d3916bce-b37b-4246-83c6-d24846ba1a72:c2025]
2019-07-08 14:21:18,302 INFO  client.GrpcClientProtocolClient (GrpcClientProtocolClient.java:onNext(255)) - client-DE0880F50CF2->72f5ceaa-5b3b-4bc7-b846-41895f4ebd48: receive RaftClientReply:client-DE0880F50CF2->72f5ceaa-5b3b-4bc7-b846-41895f4ebd48@group-833AA35A7EDE, cid=1441, SUCCESS, logIndex=2029, commits[72f5ceaa-5b3b-4bc7-b846-41895f4ebd48:c2029, b4e1f7d4-4bb4-47ed-a9cb-53483a899fb2:c2025, d3916bce-b37b-4246-83c6-d24846ba1a72:c2025]
2019-07-08 14:21:18,304 INFO  client.GrpcClientProtocolClient (GrpcClientProtocolClient.java:onNext(255)) - client-DE0880F50CF2->72f5ceaa-5b3b-4bc7-b846-41895f4ebd48: receive RaftClientReply:client-DE0880F50CF2->72f5ceaa-5b3b-4bc7-b846-41895f4ebd48@group-833AA35A7EDE, cid=1442, SUCCESS, logIndex=0, commits[72f5ceaa-5b3b-4bc7-b846-41895f4ebd48:c2030, b4e1f7d4-4bb4-47ed-a9cb-53483a899fb2:c2027, d3916bce-b37b-4246-83c6-d24846ba1a72:c2027]
2019-07-08 14:21:18,323 INFO  client.GrpcClientProtocolClient (GrpcClientProtocolClient.java:onNext(255)) - client-DE0880F50CF2->72f5ceaa-5b3b-4bc7-b846-41895f4ebd48: receive RaftClientReply:client-DE0880F50CF2->72f5ceaa-5b3b-4bc7-b846-41895f4ebd48@group-833AA35A7EDE, cid=1443, SUCCESS, logIndex=2034, commits[72f5ceaa-5b3b-4bc7-b846-41895f4ebd48:c2035, b4e1f7d4-4bb4-47ed-a9cb-53483a899fb2:c2033, d3916bce-b37b-4246-83c6-d24846ba1a72:c2033]
2019-07-08 14:21:18,323 INFO  client.GrpcClientProtocolClient (GrpcClientProtocolClient.java:onNext(255)) - client-DE0880F50CF2->72f5ceaa-5b3b-4bc7-b846-41895f4ebd48: receive RaftClientReply:client-DE0880F50CF2->72f5ceaa-5b3b-4bc7-b846-41895f4ebd48@group-833AA35A7EDE, cid=1444, SUCCESS, logIndex=2035, commits[72f5ceaa-5b3b-4bc7-b846-41895f4ebd48:c2035, b4e1f7d4-4bb4-47ed-a9cb-53483a899fb2:c2033, d3916bce-b37b-4246-83c6-d24846ba1a72:c2033]
2019-07-08 14:21:18,337 INFO  client.GrpcClientProtocolClient (GrpcClientProtocolClient.java:onNext(255)) - client-DE0880F50CF2->72f5ceaa-5b3b-4bc7-b846-41895f4ebd48: receive RaftClientReply:client-DE0880F50CF2->72f5ceaa-5b3b-4bc7-b846-41895f4ebd48@group-833AA35A7EDE, cid=1445, SUCCESS, logIndex=2038, commits[72f5ceaa-5b3b-4bc7-b846-41895f4ebd48:c2039, b4e1f7d4-4bb4-47ed-a9cb-53483a899fb2:c2035, d3916bce-b37b-4246-83c6-d24846ba1a72:c2035]
2019-07-08 14:21:18,337 INFO  client.GrpcClientProtocolClient (GrpcClientProtocolClient.java:onNext(255)) - client-DE0880F50CF2->72f5ceaa-5b3b-4bc7-b846-41895f4ebd48: receive RaftClientReply:client-DE0880F50CF2->72f5ceaa-5b3b-4bc7-b846-41895f4ebd48@group-833AA35A7EDE, cid=1446, SUCCESS, logIndex=2039, commits[72f5ceaa-5b3b-4bc7-b846-41895f4ebd48:c2039, b4e1f7d4-4bb4-47ed-a9cb-53483a899fb2:c2035, d3916bce-b37b-4246-83c6-d24846ba1a72:c2035]
2019-07-08 14:21:18,350 INFO  client.GrpcClientProtocolClient (GrpcClientProtocolClient.java:onNext(255)) - client-DE0880F50CF2->72f5ceaa-5b3b-4bc7-b846-41895f4ebd48: receive RaftClientReply:client-DE0880F50CF2->72f5ceaa-5b3b-4bc7-b846-41895f4ebd48@group-833AA35A7EDE, cid=1447, SUCCESS, logIndex=0, commits[72f5ceaa-5b3b-4bc7-b846-41895f4ebd48:c2041, b4e1f7d4-4bb4-47ed-a9cb-53483a899fb2:c2039, d3916bce-b37b-4246-83c6-d24846ba1a72:c2039]
2019-07-08 14:21:18,379 INFO  client.GrpcClientProtocolClient (GrpcClientProtocolClient.java:onNext(255)) - client-DE0880F50CF2->72f5ceaa-5b3b-4bc7-b846-41895f4ebd48: receive RaftClientReply:client-DE0880F50CF2->72f5ceaa-5b3b-4bc7-b846-41895f4ebd48@group-833AA35A7EDE, cid=1448, SUCCESS, logIndex=2042, commits[72f5ceaa-5b3b-4bc7-b846-41895f4ebd48:c2044, b4e1f7d4-4bb4-47ed-a9cb-53483a899fb2:c2041, d3916bce-b37b-4246-83c6-d24846ba1a72:c2041]
2019-07-08 14:21:18,380 INFO  client.GrpcClientProtocolClient (GrpcClientProtocolClient.java:onNext(255)) - client-DE0880F50CF2->72f5ceaa-5b3b-4bc7-b846-41895f4ebd48: receive RaftClientReply:client-DE0880F50CF2->72f5ceaa-5b3b-4bc7-b846-41895f4ebd48@group-833AA35A7EDE, cid=1449, SUCCESS, logIndex=2043, commits[72f5ceaa-5b3b-4bc7-b846-41895f4ebd48:c2045, b4e1f7d4-4bb4-47ed-a9cb-53483a899fb2:c2041, d3916bce-b37b-4246-83c6-d24846ba1a72:c2041]
2019-07-08 14:21:18,380 INFO  client.GrpcClientProtocolClient (GrpcClientProtocolClient.java:onNext(255)) - client-DE0880F50CF2->72f5ceaa-5b3b-4bc7-b846-41895f4ebd48: receive RaftClientReply:client-DE0880F50CF2->72f5ceaa-5b3b-4bc7-b846-41895f4ebd48@group-833AA35A7EDE, cid=1450, SUCCESS, logIndex=2044, commits[72f5ceaa-5b3b-4bc7-b846-41895f4ebd48:c2045, b4e1f7d4-4bb4-47ed-a9cb-53483a899fb2:c2041, d3916bce-b37b-4246-83c6-d24846ba1a72:c2041]
2019-07-08 14:21:18,380 INFO  client.GrpcClientProtocolClient (GrpcClientProtocolClient.java:onNext(255)) - client-DE0880F50CF2->72f5ceaa-5b3b-4bc7-b846-41895f4ebd48: receive RaftClientReply:client-DE0880F50CF2->72f5ceaa-5b3b-4bc7-b846-41895f4ebd48@group-833AA35A7EDE, cid=1451, SUCCESS, logIndex=2045, commits[72f5ceaa-5b3b-4bc7-b846-41895f4ebd48:c2045, b4e1f7d4-4bb4-47ed-a9cb-53483a899fb2:c2041, d3916bce-b37b-4246-83c6-d24846ba1a72:c2041]
2019-07-08 14:21:18,389 INFO  client.GrpcClientProtocolClient (GrpcClientProtocolClient.java:onNext(255)) - client-DE0880F50CF2->72f5ceaa-5b3b-4bc7-b846-41895f4ebd48: receive RaftClientReply:client-DE0880F50CF2->72f5ceaa-5b3b-4bc7-b846-41895f4ebd48@group-833AA35A7EDE, cid=1452, SUCCESS, logIndex=0, commits[72f5ceaa-5b3b-4bc7-b846-41895f4ebd48:c2046, b4e1f7d4-4bb4-47ed-a9cb-53483a899fb2:c2043, d3916bce-b37b-4246-83c6-d24846ba1a72:c2043]
2019-07-08 14:21:18,410 INFO  client.GrpcClientProtocolClient (GrpcClientProtocolClient.java:onNext(255)) - client-DE0880F50CF2->72f5ceaa-5b3b-4bc7-b846-41895f4ebd48: receive RaftClientReply:client-DE0880F50CF2->72f5ceaa-5b3b-4bc7-b846-41895f4ebd48@group-833AA35A7EDE, cid=1453, SUCCESS, logIndex=2050, commits[72f5ceaa-5b3b-4bc7-b846-41895f4ebd48:c2051, b4e1f7d4-4bb4-47ed-a9cb-53483a899fb2:c2049, d3916bce-b37b-4246-83c6-d24846ba1a72:c2049]
2019-07-08 14:21:18,410 INFO  client.GrpcClientProtocolClient (GrpcClientProtocolClient.java:onNext(255)) - client-DE0880F50CF2->72f5ceaa-5b3b-4bc7-b846-41895f4ebd48: receive RaftClientReply:client-DE0880F50CF2->72f5ceaa-5b3b-4bc7-b846-41895f4ebd48@group-833AA35A7EDE, cid=1454, SUCCESS, logIndex=2051, commits[72f5ceaa-5b3b-4bc7-b846-41895f4ebd48:c2051, b4e1f7d4-4bb4-47ed-a9cb-53483a899fb2:c2049, d3916bce-b37b-4246-83c6-d24846ba1a72:c2049]
2019-07-08 14:21:18,455 INFO  client.GrpcClientProtocolClient (GrpcClientProtocolClient.java:onNext(255)) - client-DE0880F50CF2->72f5ceaa-5b3b-4bc7-b846-41895f4ebd48: receive RaftClientReply:client-DE0880F50CF2->72f5ceaa-5b3b-4bc7-b846-41895f4ebd48@group-833AA35A7EDE, cid=1455, SUCCESS, logIndex=2054, commits[72f5ceaa-5b3b-4bc7-b846-41895f4ebd48:c2054, b4e1f7d4-4bb4-47ed-a9cb-53483a899fb2:c2051, d3916bce-b37b-4246-83c6-d24846ba1a72:c2051]
2019-07-08 14:21:18,455 INFO  client.GrpcClientProtocolClient (GrpcClientProtocolClient.java:onNext(255)) - client-DE0880F50CF2->72f5ceaa-5b3b-4bc7-b846-41895f4ebd48: receive RaftClientReply:client-DE0880F50CF2->72f5ceaa-5b3b-4bc7-b846-41895f4ebd48@group-833AA35A7EDE, cid=1456, SUCCESS, logIndex=2055, commits[72f5ceaa-5b3b-4bc7-b846-41895f4ebd48:c2055, b4e1f7d4-4bb4-47ed-a9cb-53483a899fb2:c2051, d3916bce-b37b-4246-83c6-d24846ba1a72:c2051]
2019-07-08 14:21:18,488 INFO  client.GrpcClientProtocolClient (GrpcClientProtocolClient.java:onNext(255)) - client-DE0880F50CF2->72f5ceaa-5b3b-4bc7-b846-41895f4ebd48: receive RaftClientReply:client-DE0880F50CF2->72f5ceaa-5b3b-4bc7-b846-41895f4ebd48@group-833AA35A7EDE, cid=1457, SUCCESS, logIndex=0, commits[72f5ceaa-5b3b-4bc7-b846-41895f4ebd48:c2057, b4e1f7d4-4bb4-47ed-a9cb-53483a899fb2:c2055, d3916bce-b37b-4246-83c6-d24846ba1a72:c2055]
2019-07-08 14:21:18,520 INFO  client.GrpcClientProtocolClient (GrpcClientProtocolClient.java:onNext(255)) - client-DE0880F50CF2->72f5ceaa-5b3b-4bc7-b846-41895f4ebd48: receive RaftClientReply:client-DE0880F50CF2->72f5ceaa-5b3b-4bc7-b846-41895f4ebd48@group-833AA35A7EDE, cid=1458, SUCCESS, logIndex=2058, commits[72f5ceaa-5b3b-4bc7-b846-41895f4ebd48:c2060, b4e1f7d4-4bb4-47ed-a9cb-53483a899fb2:c2057, d3916bce-b37b-4246-83c6-d24846ba1a72:c2057]
2019-07-08 14:21:18,523 INFO  client.GrpcClientProtocolClient (GrpcClientProtocolClient.java:onNext(255)) - client-DE0880F50CF2->72f5ceaa-5b3b-4bc7-b846-41895f4ebd48: receive RaftClientReply:client-DE0880F50CF2->72f5ceaa-5b3b-4bc7-b846-41895f4ebd48@group-833AA35A7EDE, cid=1459, SUCCESS, logIndex=2059, commits[72f5ceaa-5b3b-4bc7-b846-41895f4ebd48:c2061, b4e1f7d4-4bb4-47ed-a9cb-53483a899fb2:c2057, d3916bce-b37b-4246-83c6-d24846ba1a72:c2057]
2019-07-08 14:21:18,523 INFO  client.GrpcClientProtocolClient (GrpcClientProtocolClient.java:onNext(255)) - client-DE0880F50CF2->72f5ceaa-5b3b-4bc7-b846-41895f4ebd48: receive RaftClientReply:client-DE0880F50CF2->72f5ceaa-5b3b-4bc7-b846-41895f4ebd48@group-833AA35A7EDE, cid=1460, SUCCESS, logIndex=2060, commits[72f5ceaa-5b3b-4bc7-b846-41895f4ebd48:c2061, b4e1f7d4-4bb4-47ed-a9cb-53483a899fb2:c2057, d3916bce-b37b-4246-83c6-d24846ba1a72:c2057]
2019-07-08 14:21:18,524 INFO  client.GrpcClientProtocolClient (GrpcClientProtocolClient.java:onNext(255)) - client-DE0880F50CF2->72f5ceaa-5b3b-4bc7-b846-41895f4ebd48: receive RaftClientReply:client-DE0880F50CF2->72f5ceaa-5b3b-4bc7-b846-41895f4ebd48@group-833AA35A7EDE, cid=1461, SUCCESS, logIndex=2061, commits[72f5ceaa-5b3b-4bc7-b846-41895f4ebd48:c2061, b4e1f7d4-4bb4-47ed-a9cb-53483a899fb2:c2057, d3916bce-b37b-4246-83c6-d24846ba1a72:c2057]
2019-07-08 14:21:18,525 INFO  client.GrpcClientProtocolClient (GrpcClientProtocolClient.java:onNext(255)) - client-DE0880F50CF2->72f5ceaa-5b3b-4bc7-b846-41895f4ebd48: receive RaftClientReply:client-DE0880F50CF2->72f5ceaa-5b3b-4bc7-b846-41895f4ebd48@group-833AA35A7EDE, cid=1462, SUCCESS, logIndex=0, commits[72f5ceaa-5b3b-4bc7-b846-41895f4ebd48:c2064, b4e1f7d4-4bb4-47ed-a9cb-53483a899fb2:c2060, d3916bce-b37b-4246-83c6-d24846ba1a72:c2060]
2019-07-08 14:21:18,662 INFO  client.GrpcClientProtocolClient (GrpcClientProtocolClient.java:onNext(255)) - client-DE0880F50CF2->72f5ceaa-5b3b-4bc7-b846-41895f4ebd48: receive RaftClientReply:client-DE0880F50CF2->72f5ceaa-5b3b-4bc7-b846-41895f4ebd48@group-833AA35A7EDE, cid=1463, SUCCESS, logIndex=2066, commits[72f5ceaa-5b3b-4bc7-b846-41895f4ebd48:c2067, b4e1f7d4-4bb4-47ed-a9cb-53483a899fb2:c2065, d3916bce-b37b-4246-83c6-d24846ba1a72:c2065]
2019-07-08 14:21:18,663 INFO  client.GrpcClientProtocolClient (GrpcClientProtocolClient.java:onNext(255)) - client-DE0880F50CF2->72f5ceaa-5b3b-4bc7-b846-41895f4ebd48: receive RaftClientReply:client-DE0880F50CF2->72f5ceaa-5b3b-4bc7-b846-41895f4ebd48@group-833AA35A7EDE, cid=1464, SUCCESS, logIndex=2067, commits[72f5ceaa-5b3b-4bc7-b846-41895f4ebd48:c2067, b4e1f7d4-4bb4-47ed-a9cb-53483a899fb2:c2065, d3916bce-b37b-4246-83c6-d24846ba1a72:c2065]
2019-07-08 14:21:18,684 INFO  client.GrpcClientProtocolClient (GrpcClientProtocolClient.java:onNext(255)) - client-DE0880F50CF2->72f5ceaa-5b3b-4bc7-b846-41895f4ebd48: receive RaftClientReply:client-DE0880F50CF2->72f5ceaa-5b3b-4bc7-b846-41895f4ebd48@group-833AA35A7EDE, cid=1465, SUCCESS, logIndex=2070, commits[72f5ceaa-5b3b-4bc7-b846-41895f4ebd48:c2071, b4e1f7d4-4bb4-47ed-a9cb-53483a899fb2:c2067, d3916bce-b37b-4246-83c6-d24846ba1a72:c2067]
2019-07-08 14:21:18,685 INFO  client.GrpcClientProtocolClient (GrpcClientProtocolClient.java:onNext(255)) - client-DE0880F50CF2->72f5ceaa-5b3b-4bc7-b846-41895f4ebd48: receive RaftClientReply:client-DE0880F50CF2->72f5ceaa-5b3b-4bc7-b846-41895f4ebd48@group-833AA35A7EDE, cid=1466, SUCCESS, logIndex=2071, commits[72f5ceaa-5b3b-4bc7-b846-41895f4ebd48:c2071, b4e1f7d4-4bb4-47ed-a9cb-53483a899fb2:c2067, d3916bce-b37b-4246-83c6-d24846ba1a72:c2067]
2019-07-08 14:21:18,687 INFO  client.GrpcClientProtocolClient (GrpcClientProtocolClient.java:onNext(255)) - client-DE0880F50CF2->72f5ceaa-5b3b-4bc7-b846-41895f4ebd48: receive RaftClientReply:client-DE0880F50CF2->72f5ceaa-5b3b-4bc7-b846-41895f4ebd48@group-833AA35A7EDE, cid=1467, SUCCESS, logIndex=0, commits[72f5ceaa-5b3b-4bc7-b846-41895f4ebd48:c2072, b4e1f7d4-4bb4-47ed-a9cb-53483a899fb2:c2071, d3916bce-b37b-4246-83c6-d24846ba1a72:c2071]
2019-07-08 14:21:18,718 INFO  client.GrpcClientProtocolClient (GrpcClientProtocolClient.java:onNext(255)) - client-DE0880F50CF2->72f5ceaa-5b3b-4bc7-b846-41895f4ebd48: receive RaftClientReply:client-DE0880F50CF2->72f5ceaa-5b3b-4bc7-b846-41895f4ebd48@group-833AA35A7EDE, cid=1468, SUCCESS, logIndex=2074, commits[72f5ceaa-5b3b-4bc7-b846-41895f4ebd48:c2076, b4e1f7d4-4bb4-47ed-a9cb-53483a899fb2:c2073, d3916bce-b37b-4246-83c6-d24846ba1a72:c2073]
2019-07-08 14:21:18,719 INFO  client.GrpcClientProtocolClient (GrpcClientProtocolClient.java:onNext(255)) - client-DE0880F50CF2->72f5ceaa-5b3b-4bc7-b846-41895f4ebd48: receive RaftClientReply:client-DE0880F50CF2->72f5ceaa-5b3b-4bc7-b846-41895f4ebd48@group-833AA35A7EDE, cid=1469, SUCCESS, logIndex=2075, commits[72f5ceaa-5b3b-4bc7-b846-41895f4ebd48:c2077, b4e1f7d4-4bb4-47ed-a9cb-53483a899fb2:c2073, d3916bce-b37b-4246-83c6-d24846ba1a72:c2073]
2019-07-08 14:21:18,719 INFO  client.GrpcClientProtocolClient (GrpcClientProtocolClient.java:onNext(255)) - client-DE0880F50CF2->72f5ceaa-5b3b-4bc7-b846-41895f4ebd48: receive RaftClientReply:client-DE0880F50CF2->72f5ceaa-5b3b-4bc7-b846-41895f4ebd48@group-833AA35A7EDE, cid=1470, SUCCESS, logIndex=2076, commits[72f5ceaa-5b3b-4bc7-b846-41895f4ebd48:c2077, b4e1f7d4-4bb4-47ed-a9cb-53483a899fb2:c2073, d3916bce-b37b-4246-83c6-d24846ba1a72:c2073]
2019-07-08 14:21:18,719 INFO  client.GrpcClientProtocolClient (GrpcClientProtocolClient.java:onNext(255)) - client-DE0880F50CF2->72f5ceaa-5b3b-4bc7-b846-41895f4ebd48: receive RaftClientReply:client-DE0880F50CF2->72f5ceaa-5b3b-4bc7-b846-41895f4ebd48@group-833AA35A7EDE, cid=1471, SUCCESS, logIndex=2077, commits[72f5ceaa-5b3b-4bc7-b846-41895f4ebd48:c2077, b4e1f7d4-4bb4-47ed-a9cb-53483a899fb2:c2073, d3916bce-b37b-4246-83c6-d24846ba1a72:c2073]
2019-07-08 14:21:18,720 INFO  client.GrpcClientProtocolClient (GrpcClientProtocolClient.java:onNext(255)) - client-DE0880F50CF2->72f5ceaa-5b3b-4bc7-b846-41895f4ebd48: receive RaftClientReply:client-DE0880F50CF2->72f5ceaa-5b3b-4bc7-b846-41895f4ebd48@group-833AA35A7EDE, cid=1472, SUCCESS, logIndex=0, commits[72f5ceaa-5b3b-4bc7-b846-41895f4ebd48:c2079, b4e1f7d4-4bb4-47ed-a9cb-53483a899fb2:c2076, d3916bce-b37b-4246-83c6-d24846ba1a72:c2075]
2019-07-08 14:21:18,742 INFO  client.GrpcClientProtocolClient (GrpcClientProtocolClient.java:onNext(255)) - client-DE0880F50CF2->72f5ceaa-5b3b-4bc7-b846-41895f4ebd48: receive RaftClientReply:client-DE0880F50CF2->72f5ceaa-5b3b-4bc7-b846-41895f4ebd48@group-833AA35A7EDE, cid=1473, SUCCESS, logIndex=2082, commits[72f5ceaa-5b3b-4bc7-b846-41895f4ebd48:c2083, b4e1f7d4-4bb4-47ed-a9cb-53483a899fb2:c2081, d3916bce-b37b-4246-83c6-d24846ba1a72:c2081]
2019-07-08 14:21:18,742 INFO  client.GrpcClientProtocolClient (GrpcClientProtocolClient.java:onNext(255)) - client-DE0880F50CF2->72f5ceaa-5b3b-4bc7-b846-41895f4ebd48: receive RaftClientReply:client-DE0880F50CF2->72f5ceaa-5b3b-4bc7-b846-41895f4ebd48@group-833AA35A7EDE, cid=1474, SUCCESS, logIndex=2083, commits[72f5ceaa-5b3b-4bc7-b846-41895f4ebd48:c2083, b4e1f7d4-4bb4-47ed-a9cb-53483a899fb2:c2081, d3916bce-b37b-4246-83c6-d24846ba1a72:c2081]
2019-07-08 14:21:18,755 INFO  client.GrpcClientProtocolClient (GrpcClientProtocolClient.java:onNext(255)) - client-DE0880F50CF2->72f5ceaa-5b3b-4bc7-b846-41895f4ebd48: receive RaftClientReply:client-DE0880F50CF2->72f5ceaa-5b3b-4bc7-b846-41895f4ebd48@group-833AA35A7EDE, cid=1475, SUCCESS, logIndex=2086, commits[72f5ceaa-5b3b-4bc7-b846-41895f4ebd48:c2087, b4e1f7d4-4bb4-47ed-a9cb-53483a899fb2:c2083, d3916bce-b37b-4246-83c6-d24846ba1a72:c2082]
2019-07-08 14:21:18,756 INFO  client.GrpcClientProtocolClient (GrpcClientProtocolClient.java:onNext(255)) - client-DE0880F50CF2->72f5ceaa-5b3b-4bc7-b846-41895f4ebd48: receive RaftClientReply:client-DE0880F50CF2->72f5ceaa-5b3b-4bc7-b846-41895f4ebd48@group-833AA35A7EDE, cid=1476, SUCCESS, logIndex=2087, commits[72f5ceaa-5b3b-4bc7-b846-41895f4ebd48:c2087, b4e1f7d4-4bb4-47ed-a9cb-53483a899fb2:c2083, d3916bce-b37b-4246-83c6-d24846ba1a72:c2083]
2019-07-08 14:21:18,758 INFO  client.GrpcClientProtocolClient (GrpcClientProtocolClient.java:onNext(255)) - client-DE0880F50CF2->72f5ceaa-5b3b-4bc7-b846-41895f4ebd48: receive RaftClientReply:client-DE0880F50CF2->72f5ceaa-5b3b-4bc7-b846-41895f4ebd48@group-833AA35A7EDE, cid=1477, SUCCESS, logIndex=0, commits[72f5ceaa-5b3b-4bc7-b846-41895f4ebd48:c2089, b4e1f7d4-4bb4-47ed-a9cb-53483a899fb2:c2087, d3916bce-b37b-4246-83c6-d24846ba1a72:c2087]
 0.00% |█                                                                                                    |  0/1 Time: 0:00:132019-07-08 14:21:18,786 INFO  client.GrpcClientProtocolClient (GrpcClientProtocolClient.java:onNext(255)) - client-DE0880F50CF2->72f5ceaa-5b3b-4bc7-b846-41895f4ebd48: receive RaftClientReply:client-DE0880F50CF2->72f5ceaa-5b3b-4bc7-b846-41895f4ebd48@group-833AA35A7EDE, cid=1478, SUCCESS, logIndex=2090, commits[72f5ceaa-5b3b-4bc7-b846-41895f4ebd48:c2092, b4e1f7d4-4bb4-47ed-a9cb-53483a899fb2:c2089, d3916bce-b37b-4246-83c6-d24846ba1a72:c2089]
2019-07-08 14:21:18,787 INFO  client.GrpcClientProtocolClient (GrpcClientProtocolClient.java:onNext(255)) - client-DE0880F50CF2->72f5ceaa-5b3b-4bc7-b846-41895f4ebd48: receive RaftClientReply:client-DE0880F50CF2->72f5ceaa-5b3b-4bc7-b846-41895f4ebd48@group-833AA35A7EDE, cid=1479, SUCCESS, logIndex=2091, commits[72f5ceaa-5b3b-4bc7-b846-41895f4ebd48:c2093, b4e1f7d4-4bb4-47ed-a9cb-53483a899fb2:c2089, d3916bce-b37b-4246-83c6-d24846ba1a72:c2089]
2019-07-08 14:21:18,787 INFO  client.GrpcClientProtocolClient (GrpcClientProtocolClient.java:onNext(255)) - client-DE0880F50CF2->72f5ceaa-5b3b-4bc7-b846-41895f4ebd48: receive RaftClientReply:client-DE0880F50CF2->72f5ceaa-5b3b-4bc7-b846-41895f4ebd48@group-833AA35A7EDE, cid=1480, SUCCESS, logIndex=2092, commits[72f5ceaa-5b3b-4bc7-b846-41895f4ebd48:c2093, b4e1f7d4-4bb4-47ed-a9cb-53483a899fb2:c2089, d3916bce-b37b-4246-83c6-d24846ba1a72:c2089]
2019-07-08 14:21:18,788 INFO  client.GrpcClientProtocolClient (GrpcClientProtocolClient.java:onNext(255)) - client-DE0880F50CF2->72f5ceaa-5b3b-4bc7-b846-41895f4ebd48: receive RaftClientReply:client-DE0880F50CF2->72f5ceaa-5b3b-4bc7-b846-41895f4ebd48@group-833AA35A7EDE, cid=1481, SUCCESS, logIndex=2093, commits[72f5ceaa-5b3b-4bc7-b846-41895f4ebd48:c2094, b4e1f7d4-4bb4-47ed-a9cb-53483a899fb2:c2091, d3916bce-b37b-4246-83c6-d24846ba1a72:c2090]
2019-07-08 14:21:18,792 INFO  client.GrpcClientProtocolClient (GrpcClientProtocolClient.java:onNext(255)) - client-DE0880F50CF2->72f5ceaa-5b3b-4bc7-b846-41895f4ebd48: receive RaftClientReply:client-DE0880F50CF2->72f5ceaa-5b3b-4bc7-b846-41895f4ebd48@group-833AA35A7EDE, cid=1482, SUCCESS, logIndex=0, commits[72f5ceaa-5b3b-4bc7-b846-41895f4ebd48:c2096, b4e1f7d4-4bb4-47ed-a9cb-53483a899fb2:c2093, d3916bce-b37b-4246-83c6-d24846ba1a72:c2093]
2019-07-08 14:21:18,815 INFO  client.GrpcClientProtocolClient (GrpcClientProtocolClient.java:onNext(255)) - client-DE0880F50CF2->72f5ceaa-5b3b-4bc7-b846-41895f4ebd48: receive RaftClientReply:client-DE0880F50CF2->72f5ceaa-5b3b-4bc7-b846-41895f4ebd48@group-833AA35A7EDE, cid=1483, SUCCESS, logIndex=2098, commits[72f5ceaa-5b3b-4bc7-b846-41895f4ebd48:c2099, b4e1f7d4-4bb4-47ed-a9cb-53483a899fb2:c2097, d3916bce-b37b-4246-83c6-d24846ba1a72:c2097]
2019-07-08 14:21:18,816 INFO  client.GrpcClientProtocolClient (GrpcClientProtocolClient.java:onNext(255)) - client-DE0880F50CF2->72f5ceaa-5b3b-4bc7-b846-41895f4ebd48: receive RaftClientReply:client-DE0880F50CF2->72f5ceaa-5b3b-4bc7-b846-41895f4ebd48@group-833AA35A7EDE, cid=1484, SUCCESS, logIndex=2099, commits[72f5ceaa-5b3b-4bc7-b846-41895f4ebd48:c2099, b4e1f7d4-4bb4-47ed-a9cb-53483a899fb2:c2097, d3916bce-b37b-4246-83c6-d24846ba1a72:c2097]
2019-07-08 14:21:18,829 INFO  client.GrpcClientProtocolClient (GrpcClientProtocolClient.java:onNext(255)) - client-DE0880F50CF2->72f5ceaa-5b3b-4bc7-b846-41895f4ebd48: receive RaftClientReply:client-DE0880F50CF2->72f5ceaa-5b3b-4bc7-b846-41895f4ebd48@group-833AA35A7EDE, cid=1485, SUCCESS, logIndex=2102, commits[72f5ceaa-5b3b-4bc7-b846-41895f4ebd48:c2103, b4e1f7d4-4bb4-47ed-a9cb-53483a899fb2:c2099, d3916bce-b37b-4246-83c6-d24846ba1a72:c2099]
2019-07-08 14:21:18,829 INFO  client.GrpcClientProtocolClient (GrpcClientProtocolClient.java:onNext(255)) - client-DE0880F50CF2->72f5ceaa-5b3b-4bc7-b846-41895f4ebd48: receive RaftClientReply:client-DE0880F50CF2->72f5ceaa-5b3b-4bc7-b846-41895f4ebd48@group-833AA35A7EDE, cid=1486, SUCCESS, logIndex=2103, commits[72f5ceaa-5b3b-4bc7-b846-41895f4ebd48:c2103, b4e1f7d4-4bb4-47ed-a9cb-53483a899fb2:c2099, d3916bce-b37b-4246-83c6-d24846ba1a72:c2099]
2019-07-08 14:21:18,842 INFO  client.GrpcClientProtocolClient (GrpcClientProtocolClient.java:onNext(255)) - client-DE0880F50CF2->72f5ceaa-5b3b-4bc7-b846-41895f4ebd48: receive RaftClientReply:client-DE0880F50CF2->72f5ceaa-5b3b-4bc7-b846-41895f4ebd48@group-833AA35A7EDE, cid=1487, SUCCESS, logIndex=0, commits[72f5ceaa-5b3b-4bc7-b846-41895f4ebd48:c2105, b4e1f7d4-4bb4-47ed-a9cb-53483a899fb2:c2103, d3916bce-b37b-4246-83c6-d24846ba1a72:c2103]
2019-07-08 14:21:18,871 INFO  client.GrpcClientProtocolClient (GrpcClientProtocolClient.java:onNext(255)) - client-DE0880F50CF2->72f5ceaa-5b3b-4bc7-b846-41895f4ebd48: receive RaftClientReply:client-DE0880F50CF2->72f5ceaa-5b3b-4bc7-b846-41895f4ebd48@group-833AA35A7EDE, cid=1488, SUCCESS, logIndex=2106, commits[72f5ceaa-5b3b-4bc7-b846-41895f4ebd48:c2109, b4e1f7d4-4bb4-47ed-a9cb-53483a899fb2:c2105, d3916bce-b37b-4246-83c6-d24846ba1a72:c2105]
2019-07-08 14:21:18,872 INFO  client.GrpcClientProtocolClient (GrpcClientProtocolClient.java:onNext(255)) - client-DE0880F50CF2->72f5ceaa-5b3b-4bc7-b846-41895f4ebd48: receive RaftClientReply:client-DE0880F50CF2->72f5ceaa-5b3b-4bc7-b846-41895f4ebd48@group-833AA35A7EDE, cid=1489, SUCCESS, logIndex=2107, commits[72f5ceaa-5b3b-4bc7-b846-41895f4ebd48:c2109, b4e1f7d4-4bb4-47ed-a9cb-53483a899fb2:c2105, d3916bce-b37b-4246-83c6-d24846ba1a72:c2105]
2019-07-08 14:21:18,873 INFO  client.GrpcClientProtocolClient (GrpcClientProtocolClient.java:onNext(255)) - client-DE0880F50CF2->72f5ceaa-5b3b-4bc7-b846-41895f4ebd48: receive RaftClientReply:client-DE0880F50CF2->72f5ceaa-5b3b-4bc7-b846-41895f4ebd48@group-833AA35A7EDE, cid=1490, SUCCESS, logIndex=2108, commits[72f5ceaa-5b3b-4bc7-b846-41895f4ebd48:c2109, b4e1f7d4-4bb4-47ed-a9cb-53483a899fb2:c2105, d3916bce-b37b-4246-83c6-d24846ba1a72:c2105]
2019-07-08 14:21:18,873 INFO  client.GrpcClientProtocolClient (GrpcClientProtocolClient.java:onNext(255)) - client-DE0880F50CF2->72f5ceaa-5b3b-4bc7-b846-41895f4ebd48: receive RaftClientReply:client-DE0880F50CF2->72f5ceaa-5b3b-4bc7-b846-41895f4ebd48@group-833AA35A7EDE, cid=1491, SUCCESS, logIndex=2109, commits[72f5ceaa-5b3b-4bc7-b846-41895f4ebd48:c2110, b4e1f7d4-4bb4-47ed-a9cb-53483a899fb2:c2107, d3916bce-b37b-4246-83c6-d24846ba1a72:c2107]
2019-07-08 14:21:18,893 INFO  client.GrpcClientProtocolClient (GrpcClientProtocolClient.java:onNext(255)) - client-DE0880F50CF2->72f5ceaa-5b3b-4bc7-b846-41895f4ebd48: receive RaftClientReply:client-DE0880F50CF2->72f5ceaa-5b3b-4bc7-b846-41895f4ebd48@group-833AA35A7EDE, cid=1492, SUCCESS, logIndex=2114, commits[72f5ceaa-5b3b-4bc7-b846-41895f4ebd48:c2115, b4e1f7d4-4bb4-47ed-a9cb-53483a899fb2:c2113, d3916bce-b37b-4246-83c6-d24846ba1a72:c2113]
2019-07-08 14:21:18,894 INFO  client.GrpcClientProtocolClient (GrpcClientProtocolClient.java:onNext(255)) - client-DE0880F50CF2->72f5ceaa-5b3b-4bc7-b846-41895f4ebd48: receive RaftClientReply:client-DE0880F50CF2->72f5ceaa-5b3b-4bc7-b846-41895f4ebd48@group-833AA35A7EDE, cid=1493, SUCCESS, logIndex=2115, commits[72f5ceaa-5b3b-4bc7-b846-41895f4ebd48:c2115, b4e1f7d4-4bb4-47ed-a9cb-53483a899fb2:c2113, d3916bce-b37b-4246-83c6-d24846ba1a72:c2113]
2019-07-08 14:21:18,907 INFO  client.GrpcClientProtocolClient (GrpcClientProtocolClient.java:onNext(255)) - client-DE0880F50CF2->72f5ceaa-5b3b-4bc7-b846-41895f4ebd48: receive RaftClientReply:client-DE0880F50CF2->72f5ceaa-5b3b-4bc7-b846-41895f4ebd48@group-833AA35A7EDE, cid=1494, SUCCESS, logIndex=2118, commits[72f5ceaa-5b3b-4bc7-b846-41895f4ebd48:c2119, b4e1f7d4-4bb4-47ed-a9cb-53483a899fb2:c2115, d3916bce-b37b-4246-83c6-d24846ba1a72:c2115]
2019-07-08 14:21:18,907 INFO  client.GrpcClientProtocolClient (GrpcClientProtocolClient.java:onNext(255)) - client-DE0880F50CF2->72f5ceaa-5b3b-4bc7-b846-41895f4ebd48: receive RaftClientReply:client-DE0880F50CF2->72f5ceaa-5b3b-4bc7-b846-41895f4ebd48@group-833AA35A7EDE, cid=1495, SUCCESS, logIndex=2119, commits[72f5ceaa-5b3b-4bc7-b846-41895f4ebd48:c2119, b4e1f7d4-4bb4-47ed-a9cb-53483a899fb2:c2115, d3916bce-b37b-4246-83c6-d24846ba1a72:c2115]
2019-07-08 14:21:18,910 INFO  client.GrpcClientProtocolClient (GrpcClientProtocolClient.java:onNext(255)) - client-DE0880F50CF2->72f5ceaa-5b3b-4bc7-b846-41895f4ebd48: receive RaftClientReply:client-DE0880F50CF2->72f5ceaa-5b3b-4bc7-b846-41895f4ebd48@group-833AA35A7EDE, cid=1496, SUCCESS, logIndex=0, commits[72f5ceaa-5b3b-4bc7-b846-41895f4ebd48:c2121, b4e1f7d4-4bb4-47ed-a9cb-53483a899fb2:c2119, d3916bce-b37b-4246-83c6-d24846ba1a72:c2119]
2019-07-08 14:21:18,946 INFO  client.GrpcClientProtocolClient (GrpcClientProtocolClient.java:onNext(255)) - client-DE0880F50CF2->72f5ceaa-5b3b-4bc7-b846-41895f4ebd48: receive RaftClientReply:client-DE0880F50CF2->72f5ceaa-5b3b-4bc7-b846-41895f4ebd48@group-833AA35A7EDE, cid=1497, SUCCESS, logIndex=2122, commits[72f5ceaa-5b3b-4bc7-b846-41895f4ebd48:c2123, b4e1f7d4-4bb4-47ed-a9cb-53483a899fb2:c2121, d3916bce-b37b-4246-83c6-d24846ba1a72:c2121]
2019-07-08 14:21:18,947 INFO  client.GrpcClientProtocolClient (GrpcClientProtocolClient.java:onNext(255)) - client-DE0880F50CF2->72f5ceaa-5b3b-4bc7-b846-41895f4ebd48: receive RaftClientReply:client-DE0880F50CF2->72f5ceaa-5b3b-4bc7-b846-41895f4ebd48@group-833AA35A7EDE, cid=1498, SUCCESS, logIndex=2123, commits[72f5ceaa-5b3b-4bc7-b846-41895f4ebd48:c2125, b4e1f7d4-4bb4-47ed-a9cb-53483a899fb2:c2121, d3916bce-b37b-4246-83c6-d24846ba1a72:c2121]
2019-07-08 14:21:18,947 INFO  client.GrpcClientProtocolClient (GrpcClientProtocolClient.java:onNext(255)) - client-DE0880F50CF2->72f5ceaa-5b3b-4bc7-b846-41895f4ebd48: receive RaftClientReply:client-DE0880F50CF2->72f5ceaa-5b3b-4bc7-b846-41895f4ebd48@group-833AA35A7EDE, cid=1499, SUCCESS, logIndex=2124, commits[72f5ceaa-5b3b-4bc7-b846-41895f4ebd48:c2125, b4e1f7d4-4bb4-47ed-a9cb-53483a899fb2:c2121, d3916bce-b37b-4246-83c6-d24846ba1a72:c2121]
2019-07-08 14:21:18,947 INFO  client.GrpcClientProtocolClient (GrpcClientProtocolClient.java:onNext(255)) - client-DE0880F50CF2->72f5ceaa-5b3b-4bc7-b846-41895f4ebd48: receive RaftClientReply:client-DE0880F50CF2->72f5ceaa-5b3b-4bc7-b846-41895f4ebd48@group-833AA35A7EDE, cid=1500, SUCCESS, logIndex=2125, commits[72f5ceaa-5b3b-4bc7-b846-41895f4ebd48:c2125, b4e1f7d4-4bb4-47ed-a9cb-53483a899fb2:c2121, d3916bce-b37b-4246-83c6-d24846ba1a72:c2121]
2019-07-08 14:21:18,949 INFO  client.GrpcClientProtocolClient (GrpcClientProtocolClient.java:onNext(255)) - client-DE0880F50CF2->72f5ceaa-5b3b-4bc7-b846-41895f4ebd48: receive RaftClientReply:client-DE0880F50CF2->72f5ceaa-5b3b-4bc7-b846-41895f4ebd48@group-833AA35A7EDE, cid=1501, SUCCESS, logIndex=0, commits[72f5ceaa-5b3b-4bc7-b846-41895f4ebd48:c2129, b4e1f7d4-4bb4-47ed-a9cb-53483a899fb2:c2123, d3916bce-b37b-4246-83c6-d24846ba1a72:c2125]
2019-07-08 14:21:18,968 INFO  client.GrpcClientProtocolClient (GrpcClientProtocolClient.java:onNext(255)) - client-DE0880F50CF2->72f5ceaa-5b3b-4bc7-b846-41895f4ebd48: receive RaftClientReply:client-DE0880F50CF2->72f5ceaa-5b3b-4bc7-b846-41895f4ebd48@group-833AA35A7EDE, cid=1502, SUCCESS, logIndex=2130, commits[72f5ceaa-5b3b-4bc7-b846-41895f4ebd48:c2130, b4e1f7d4-4bb4-47ed-a9cb-53483a899fb2:c2129, d3916bce-b37b-4246-83c6-d24846ba1a72:c2129]
2019-07-08 14:21:18,968 INFO  client.GrpcClientProtocolClient (GrpcClientProtocolClient.java:onNext(255)) - client-DE0880F50CF2->72f5ceaa-5b3b-4bc7-b846-41895f4ebd48: receive RaftClientReply:client-DE0880F50CF2->72f5ceaa-5b3b-4bc7-b846-41895f4ebd48@group-833AA35A7EDE, cid=1503, SUCCESS, logIndex=2131, commits[72f5ceaa-5b3b-4bc7-b846-41895f4ebd48:c2131, b4e1f7d4-4bb4-47ed-a9cb-53483a899fb2:c2129, d3916bce-b37b-4246-83c6-d24846ba1a72:c2129]
2019-07-08 14:21:18,982 INFO  client.GrpcClientProtocolClient (GrpcClientProtocolClient.java:onNext(255)) - client-DE0880F50CF2->72f5ceaa-5b3b-4bc7-b846-41895f4ebd48: receive RaftClientReply:client-DE0880F50CF2->72f5ceaa-5b3b-4bc7-b846-41895f4ebd48@group-833AA35A7EDE, cid=1504, SUCCESS, logIndex=2134, commits[72f5ceaa-5b3b-4bc7-b846-41895f4ebd48:c2135, b4e1f7d4-4bb4-47ed-a9cb-53483a899fb2:c2131, d3916bce-b37b-4246-83c6-d24846ba1a72:c2131]
2019-07-08 14:21:18,982 INFO  client.GrpcClientProtocolClient (GrpcClientProtocolClient.java:onNext(255)) - client-DE0880F50CF2->72f5ceaa-5b3b-4bc7-b846-41895f4ebd48: receive RaftClientReply:client-DE0880F50CF2->72f5ceaa-5b3b-4bc7-b846-41895f4ebd48@group-833AA35A7EDE, cid=1505, SUCCESS, logIndex=2135, commits[72f5ceaa-5b3b-4bc7-b846-41895f4ebd48:c2135, b4e1f7d4-4bb4-47ed-a9cb-53483a899fb2:c2131, d3916bce-b37b-4246-83c6-d24846ba1a72:c2131]
2019-07-08 14:21:18,995 INFO  client.GrpcClientProtocolClient (GrpcClientProtocolClient.java:onNext(255)) - client-DE0880F50CF2->72f5ceaa-5b3b-4bc7-b846-41895f4ebd48: receive RaftClientReply:client-DE0880F50CF2->72f5ceaa-5b3b-4bc7-b846-41895f4ebd48@group-833AA35A7EDE, cid=1506, SUCCESS, logIndex=0, commits[72f5ceaa-5b3b-4bc7-b846-41895f4ebd48:c2136, b4e1f7d4-4bb4-47ed-a9cb-53483a899fb2:c2135, d3916bce-b37b-4246-83c6-d24846ba1a72:c2135]
2019-07-08 14:21:19,040 INFO  client.GrpcClientProtocolClient (GrpcClientProtocolClient.java:onNext(255)) - client-DE0880F50CF2->72f5ceaa-5b3b-4bc7-b846-41895f4ebd48: receive RaftClientReply:client-DE0880F50CF2->72f5ceaa-5b3b-4bc7-b846-41895f4ebd48@group-833AA35A7EDE, cid=1507, SUCCESS, logIndex=2138, commits[72f5ceaa-5b3b-4bc7-b846-41895f4ebd48:c2139, b4e1f7d4-4bb4-47ed-a9cb-53483a899fb2:c2137, d3916bce-b37b-4246-83c6-d24846ba1a72:c2137]
2019-07-08 14:21:19,040 INFO  client.GrpcClientProtocolClient (GrpcClientProtocolClient.java:onNext(255)) - client-DE0880F50CF2->72f5ceaa-5b3b-4bc7-b846-41895f4ebd48: receive RaftClientReply:client-DE0880F50CF2->72f5ceaa-5b3b-4bc7-b846-41895f4ebd48@group-833AA35A7EDE, cid=1508, SUCCESS, logIndex=2139, commits[72f5ceaa-5b3b-4bc7-b846-41895f4ebd48:c2139, b4e1f7d4-4bb4-47ed-a9cb-53483a899fb2:c2137, d3916bce-b37b-4246-83c6-d24846ba1a72:c2137]
2019-07-08 14:21:19,041 INFO  client.GrpcClientProtocolClient (GrpcClientProtocolClient.java:onNext(255)) - client-DE0880F50CF2->72f5ceaa-5b3b-4bc7-b846-41895f4ebd48: receive RaftClientReply:client-DE0880F50CF2->72f5ceaa-5b3b-4bc7-b846-41895f4ebd48@group-833AA35A7EDE, cid=1509, SUCCESS, logIndex=2140, commits[72f5ceaa-5b3b-4bc7-b846-41895f4ebd48:c2141, b4e1f7d4-4bb4-47ed-a9cb-53483a899fb2:c2137, d3916bce-b37b-4246-83c6-d24846ba1a72:c2137]
2019-07-08 14:21:19,042 INFO  client.GrpcClientProtocolClient (GrpcClientProtocolClient.java:onNext(255)) - client-DE0880F50CF2->72f5ceaa-5b3b-4bc7-b846-41895f4ebd48: receive RaftClientReply:client-DE0880F50CF2->72f5ceaa-5b3b-4bc7-b846-41895f4ebd48@group-833AA35A7EDE, cid=1510, SUCCESS, logIndex=2141, commits[72f5ceaa-5b3b-4bc7-b846-41895f4ebd48:c2142, b4e1f7d4-4bb4-47ed-a9cb-53483a899fb2:c2137, d3916bce-b37b-4246-83c6-d24846ba1a72:c2138]
2019-07-08 14:21:19,043 INFO  client.GrpcClientProtocolClient (GrpcClientProtocolClient.java:onNext(255)) - client-DE0880F50CF2->72f5ceaa-5b3b-4bc7-b846-41895f4ebd48: receive RaftClientReply:client-DE0880F50CF2->72f5ceaa-5b3b-4bc7-b846-41895f4ebd48@group-833AA35A7EDE, cid=1511, SUCCESS, logIndex=0, commits[72f5ceaa-5b3b-4bc7-b846-41895f4ebd48:c2144, b4e1f7d4-4bb4-47ed-a9cb-53483a899fb2:c2139, d3916bce-b37b-4246-83c6-d24846ba1a72:c2140]
2019-07-08 14:21:19,064 INFO  client.GrpcClientProtocolClient (GrpcClientProtocolClient.java:onNext(255)) - client-DE0880F50CF2->72f5ceaa-5b3b-4bc7-b846-41895f4ebd48: receive RaftClientReply:client-DE0880F50CF2->72f5ceaa-5b3b-4bc7-b846-41895f4ebd48@group-833AA35A7EDE, cid=1512, SUCCESS, logIndex=2146, commits[72f5ceaa-5b3b-4bc7-b846-41895f4ebd48:c2147, b4e1f7d4-4bb4-47ed-a9cb-53483a899fb2:c2145, d3916bce-b37b-4246-83c6-d24846ba1a72:c2145]
2019-07-08 14:21:19,064 INFO  client.GrpcClientProtocolClient (GrpcClientProtocolClient.java:onNext(255)) - client-DE0880F50CF2->72f5ceaa-5b3b-4bc7-b846-41895f4ebd48: receive RaftClientReply:client-DE0880F50CF2->72f5ceaa-5b3b-4bc7-b846-41895f4ebd48@group-833AA35A7EDE, cid=1513, SUCCESS, logIndex=2147, commits[72f5ceaa-5b3b-4bc7-b846-41895f4ebd48:c2147, b4e1f7d4-4bb4-47ed-a9cb-53483a899fb2:c2145, d3916bce-b37b-4246-83c6-d24846ba1a72:c2145]
2019-07-08 14:21:19,078 INFO  client.GrpcClientProtocolClient (GrpcClientProtocolClient.java:onNext(255)) - client-DE0880F50CF2->72f5ceaa-5b3b-4bc7-b846-41895f4ebd48: receive RaftClientReply:client-DE0880F50CF2->72f5ceaa-5b3b-4bc7-b846-41895f4ebd48@group-833AA35A7EDE, cid=1514, SUCCESS, logIndex=2150, commits[72f5ceaa-5b3b-4bc7-b846-41895f4ebd48:c2150, b4e1f7d4-4bb4-47ed-a9cb-53483a899fb2:c2147, d3916bce-b37b-4246-83c6-d24846ba1a72:c2147]
2019-07-08 14:21:19,078 INFO  client.GrpcClientProtocolClient (GrpcClientProtocolClient.java:onNext(255)) - client-DE0880F50CF2->72f5ceaa-5b3b-4bc7-b846-41895f4ebd48: receive RaftClientReply:client-DE0880F50CF2->72f5ceaa-5b3b-4bc7-b846-41895f4ebd48@group-833AA35A7EDE, cid=1515, SUCCESS, logIndex=2151, commits[72f5ceaa-5b3b-4bc7-b846-41895f4ebd48:c2151, b4e1f7d4-4bb4-47ed-a9cb-53483a899fb2:c2147, d3916bce-b37b-4246-83c6-d24846ba1a72:c2147]
2019-07-08 14:21:19,090 INFO  client.GrpcClientProtocolClient (GrpcClientProtocolClient.java:onNext(255)) - client-DE0880F50CF2->72f5ceaa-5b3b-4bc7-b846-41895f4ebd48: receive RaftClientReply:client-DE0880F50CF2->72f5ceaa-5b3b-4bc7-b846-41895f4ebd48@group-833AA35A7EDE, cid=1516, SUCCESS, logIndex=0, commits[72f5ceaa-5b3b-4bc7-b846-41895f4ebd48:c2153, b4e1f7d4-4bb4-47ed-a9cb-53483a899fb2:c2151, d3916bce-b37b-4246-83c6-d24846ba1a72:c2151]
2019-07-08 14:21:19,118 INFO  client.GrpcClientProtocolClient (GrpcClientProtocolClient.java:onNext(255)) - client-DE0880F50CF2->72f5ceaa-5b3b-4bc7-b846-41895f4ebd48: receive RaftClientReply:client-DE0880F50CF2->72f5ceaa-5b3b-4bc7-b846-41895f4ebd48@group-833AA35A7EDE, cid=1517, SUCCESS, logIndex=2154, commits[72f5ceaa-5b3b-4bc7-b846-41895f4ebd48:c2155, b4e1f7d4-4bb4-47ed-a9cb-53483a899fb2:c2153, d3916bce-b37b-4246-83c6-d24846ba1a72:c2153]
2019-07-08 14:21:19,118 INFO  client.GrpcClientProtocolClient (GrpcClientProtocolClient.java:onNext(255)) - client-DE0880F50CF2->72f5ceaa-5b3b-4bc7-b846-41895f4ebd48: receive RaftClientReply:client-DE0880F50CF2->72f5ceaa-5b3b-4bc7-b846-41895f4ebd48@group-833AA35A7EDE, cid=1518, SUCCESS, logIndex=2155, commits[72f5ceaa-5b3b-4bc7-b846-41895f4ebd48:c2157, b4e1f7d4-4bb4-47ed-a9cb-53483a899fb2:c2153, d3916bce-b37b-4246-83c6-d24846ba1a72:c2153]
2019-07-08 14:21:19,119 INFO  client.GrpcClientProtocolClient (GrpcClientProtocolClient.java:onNext(255)) - client-DE0880F50CF2->72f5ceaa-5b3b-4bc7-b846-41895f4ebd48: receive RaftClientReply:client-DE0880F50CF2->72f5ceaa-5b3b-4bc7-b846-41895f4ebd48@group-833AA35A7EDE, cid=1519, SUCCESS, logIndex=2156, commits[72f5ceaa-5b3b-4bc7-b846-41895f4ebd48:c2157, b4e1f7d4-4bb4-47ed-a9cb-53483a899fb2:c2153, d3916bce-b37b-4246-83c6-d24846ba1a72:c2153]
2019-07-08 14:21:19,119 INFO  client.GrpcClientProtocolClient (GrpcClientProtocolClient.java:onNext(255)) - client-DE0880F50CF2->72f5ceaa-5b3b-4bc7-b846-41895f4ebd48: receive RaftClientReply:client-DE0880F50CF2->72f5ceaa-5b3b-4bc7-b846-41895f4ebd48@group-833AA35A7EDE, cid=1520, SUCCESS, logIndex=2157, commits[72f5ceaa-5b3b-4bc7-b846-41895f4ebd48:c2157, b4e1f7d4-4bb4-47ed-a9cb-53483a899fb2:c2153, d3916bce-b37b-4246-83c6-d24846ba1a72:c2153]
2019-07-08 14:21:19,120 INFO  client.GrpcClientProtocolClient (GrpcClientProtocolClient.java:onNext(255)) - client-DE0880F50CF2->72f5ceaa-5b3b-4bc7-b846-41895f4ebd48: receive RaftClientReply:client-DE0880F50CF2->72f5ceaa-5b3b-4bc7-b846-41895f4ebd48@group-833AA35A7EDE, cid=1521, SUCCESS, logIndex=0, commits[72f5ceaa-5b3b-4bc7-b846-41895f4ebd48:c2159, b4e1f7d4-4bb4-47ed-a9cb-53483a899fb2:c2155, d3916bce-b37b-4246-83c6-d24846ba1a72:c2155]
2019-07-08 14:21:19,141 INFO  client.GrpcClientProtocolClient (GrpcClientProtocolClient.java:onNext(255)) - client-DE0880F50CF2->72f5ceaa-5b3b-4bc7-b846-41895f4ebd48: receive RaftClientReply:client-DE0880F50CF2->72f5ceaa-5b3b-4bc7-b846-41895f4ebd48@group-833AA35A7EDE, cid=1522, SUCCESS, logIndex=2162, commits[72f5ceaa-5b3b-4bc7-b846-41895f4ebd48:c2163, b4e1f7d4-4bb4-47ed-a9cb-53483a899fb2:c2161, d3916bce-b37b-4246-83c6-d24846ba1a72:c2161]
2019-07-08 14:21:19,141 INFO  client.GrpcClientProtocolClient (GrpcClientProtocolClient.java:onNext(255)) - client-DE0880F50CF2->72f5ceaa-5b3b-4bc7-b846-41895f4ebd48: receive RaftClientReply:client-DE0880F50CF2->72f5ceaa-5b3b-4bc7-b846-41895f4ebd48@group-833AA35A7EDE, cid=1523, SUCCESS, logIndex=2163, commits[72f5ceaa-5b3b-4bc7-b846-41895f4ebd48:c2163, b4e1f7d4-4bb4-47ed-a9cb-53483a899fb2:c2161, d3916bce-b37b-4246-83c6-d24846ba1a72:c2161]
2019-07-08 14:21:19,154 INFO  client.GrpcClientProtocolClient (GrpcClientProtocolClient.java:onNext(255)) - client-DE0880F50CF2->72f5ceaa-5b3b-4bc7-b846-41895f4ebd48: receive RaftClientReply:client-DE0880F50CF2->72f5ceaa-5b3b-4bc7-b846-41895f4ebd48@group-833AA35A7EDE, cid=1524, SUCCESS, logIndex=2166, commits[72f5ceaa-5b3b-4bc7-b846-41895f4ebd48:c2166, b4e1f7d4-4bb4-47ed-a9cb-53483a899fb2:c2163, d3916bce-b37b-4246-83c6-d24846ba1a72:c2163]
2019-07-08 14:21:19,155 INFO  client.GrpcClientProtocolClient (GrpcClientProtocolClient.java:onNext(255)) - client-DE0880F50CF2->72f5ceaa-5b3b-4bc7-b846-41895f4ebd48: receive RaftClientReply:client-DE0880F50CF2->72f5ceaa-5b3b-4bc7-b846-41895f4ebd48@group-833AA35A7EDE, cid=1525, SUCCESS, logIndex=2167, commits[72f5ceaa-5b3b-4bc7-b846-41895f4ebd48:c2167, b4e1f7d4-4bb4-47ed-a9cb-53483a899fb2:c2163, d3916bce-b37b-4246-83c6-d24846ba1a72:c2163]
2019-07-08 14:21:19,167 INFO  client.GrpcClientProtocolClient (GrpcClientProtocolClient.java:onNext(255)) - client-DE0880F50CF2->72f5ceaa-5b3b-4bc7-b846-41895f4ebd48: receive RaftClientReply:client-DE0880F50CF2->72f5ceaa-5b3b-4bc7-b846-41895f4ebd48@group-833AA35A7EDE, cid=1526, SUCCESS, logIndex=0, commits[72f5ceaa-5b3b-4bc7-b846-41895f4ebd48:c2168, b4e1f7d4-4bb4-47ed-a9cb-53483a899fb2:c2167, d3916bce-b37b-4246-83c6-d24846ba1a72:c2167]
2019-07-08 14:21:19,210 INFO  client.GrpcClientProtocolClient (GrpcClientProtocolClient.java:onNext(255)) - client-DE0880F50CF2->72f5ceaa-5b3b-4bc7-b846-41895f4ebd48: receive RaftClientReply:client-DE0880F50CF2->72f5ceaa-5b3b-4bc7-b846-41895f4ebd48@group-833AA35A7EDE, cid=1527, SUCCESS, logIndex=2170, commits[72f5ceaa-5b3b-4bc7-b846-41895f4ebd48:c2171, b4e1f7d4-4bb4-47ed-a9cb-53483a899fb2:c2169, d3916bce-b37b-4246-83c6-d24846ba1a72:c2169]
2019-07-08 14:21:19,210 INFO  client.GrpcClientProtocolClient (GrpcClientProtocolClient.java:onNext(255)) - client-DE0880F50CF2->72f5ceaa-5b3b-4bc7-b846-41895f4ebd48: receive RaftClientReply:client-DE0880F50CF2->72f5ceaa-5b3b-4bc7-b846-41895f4ebd48@group-833AA35A7EDE, cid=1528, SUCCESS, logIndex=2171, commits[72f5ceaa-5b3b-4bc7-b846-41895f4ebd48:c2172, b4e1f7d4-4bb4-47ed-a9cb-53483a899fb2:c2169, d3916bce-b37b-4246-83c6-d24846ba1a72:c2169]
2019-07-08 14:21:19,211 INFO  client.GrpcClientProtocolClient (GrpcClientProtocolClient.java:onNext(255)) - client-DE0880F50CF2->72f5ceaa-5b3b-4bc7-b846-41895f4ebd48: receive RaftClientReply:client-DE0880F50CF2->72f5ceaa-5b3b-4bc7-b846-41895f4ebd48@group-833AA35A7EDE, cid=1529, SUCCESS, logIndex=2172, commits[72f5ceaa-5b3b-4bc7-b846-41895f4ebd48:c2173, b4e1f7d4-4bb4-47ed-a9cb-53483a899fb2:c2169, d3916bce-b37b-4246-83c6-d24846ba1a72:c2169]
2019-07-08 14:21:19,211 INFO  client.GrpcClientProtocolClient (GrpcClientProtocolClient.java:onNext(255)) - client-DE0880F50CF2->72f5ceaa-5b3b-4bc7-b846-41895f4ebd48: receive RaftClientReply:client-DE0880F50CF2->72f5ceaa-5b3b-4bc7-b846-41895f4ebd48@group-833AA35A7EDE, cid=1530, SUCCESS, logIndex=2173, commits[72f5ceaa-5b3b-4bc7-b846-41895f4ebd48:c2173, b4e1f7d4-4bb4-47ed-a9cb-53483a899fb2:c2169, d3916bce-b37b-4246-83c6-d24846ba1a72:c2169]
2019-07-08 14:21:19,221 INFO  client.GrpcClientProtocolClient (GrpcClientProtocolClient.java:onNext(255)) - client-DE0880F50CF2->72f5ceaa-5b3b-4bc7-b846-41895f4ebd48: receive RaftClientReply:client-DE0880F50CF2->72f5ceaa-5b3b-4bc7-b846-41895f4ebd48@group-833AA35A7EDE, cid=1531, SUCCESS, logIndex=0, commits[72f5ceaa-5b3b-4bc7-b846-41895f4ebd48:c2174, b4e1f7d4-4bb4-47ed-a9cb-53483a899fb2:c2171, d3916bce-b37b-4246-83c6-d24846ba1a72:c2171]
2019-07-08 14:21:19,348 INFO  client.GrpcClientProtocolClient (GrpcClientProtocolClient.java:onNext(255)) - client-DE0880F50CF2->72f5ceaa-5b3b-4bc7-b846-41895f4ebd48: receive RaftClientReply:client-DE0880F50CF2->72f5ceaa-5b3b-4bc7-b846-41895f4ebd48@group-833AA35A7EDE, cid=1532, SUCCESS, logIndex=2178, commits[72f5ceaa-5b3b-4bc7-b846-41895f4ebd48:c2179, b4e1f7d4-4bb4-47ed-a9cb-53483a899fb2:c2177, d3916bce-b37b-4246-83c6-d24846ba1a72:c2177]
2019-07-08 14:21:19,349 INFO  client.GrpcClientProtocolClient (GrpcClientProtocolClient.java:onNext(255)) - client-DE0880F50CF2->72f5ceaa-5b3b-4bc7-b846-41895f4ebd48: receive RaftClientReply:client-DE0880F50CF2->72f5ceaa-5b3b-4bc7-b846-41895f4ebd48@group-833AA35A7EDE, cid=1533, SUCCESS, logIndex=2179, commits[72f5ceaa-5b3b-4bc7-b846-41895f4ebd48:c2179, b4e1f7d4-4bb4-47ed-a9cb-53483a899fb2:c2177, d3916bce-b37b-4246-83c6-d24846ba1a72:c2177]
2019-07-08 14:21:19,375 INFO  client.GrpcClientProtocolClient (GrpcClientProtocolClient.java:onNext(255)) - client-DE0880F50CF2->72f5ceaa-5b3b-4bc7-b846-41895f4ebd48: receive RaftClientReply:client-DE0880F50CF2->72f5ceaa-5b3b-4bc7-b846-41895f4ebd48@group-833AA35A7EDE, cid=1534, SUCCESS, logIndex=2182, commits[72f5ceaa-5b3b-4bc7-b846-41895f4ebd48:c2183, b4e1f7d4-4bb4-47ed-a9cb-53483a899fb2:c2179, d3916bce-b37b-4246-83c6-d24846ba1a72:c2179]
2019-07-08 14:21:19,375 INFO  client.GrpcClientProtocolClient (GrpcClientProtocolClient.java:onNext(255)) - client-DE0880F50CF2->72f5ceaa-5b3b-4bc7-b846-41895f4ebd48: receive RaftClientReply:client-DE0880F50CF2->72f5ceaa-5b3b-4bc7-b846-41895f4ebd48@group-833AA35A7EDE, cid=1535, SUCCESS, logIndex=2183, commits[72f5ceaa-5b3b-4bc7-b846-41895f4ebd48:c2183, b4e1f7d4-4bb4-47ed-a9cb-53483a899fb2:c2179, d3916bce-b37b-4246-83c6-d24846ba1a72:c2179]
2019-07-08 14:21:19,387 INFO  client.GrpcClientProtocolClient (GrpcClientProtocolClient.java:onNext(255)) - client-DE0880F50CF2->72f5ceaa-5b3b-4bc7-b846-41895f4ebd48: receive RaftClientReply:client-DE0880F50CF2->72f5ceaa-5b3b-4bc7-b846-41895f4ebd48@group-833AA35A7EDE, cid=1536, SUCCESS, logIndex=0, commits[72f5ceaa-5b3b-4bc7-b846-41895f4ebd48:c2184, b4e1f7d4-4bb4-47ed-a9cb-53483a899fb2:c2183, d3916bce-b37b-4246-83c6-d24846ba1a72:c2183]
2019-07-08 14:21:19,418 INFO  client.GrpcClientProtocolClient (GrpcClientProtocolClient.java:onNext(255)) - client-DE0880F50CF2->72f5ceaa-5b3b-4bc7-b846-41895f4ebd48: receive RaftClientReply:client-DE0880F50CF2->72f5ceaa-5b3b-4bc7-b846-41895f4ebd48@group-833AA35A7EDE, cid=1537, SUCCESS, logIndex=2186, commits[72f5ceaa-5b3b-4bc7-b846-41895f4ebd48:c2187, b4e1f7d4-4bb4-47ed-a9cb-53483a899fb2:c2185, d3916bce-b37b-4246-83c6-d24846ba1a72:c2185]
2019-07-08 14:21:19,419 INFO  client.GrpcClientProtocolClient (GrpcClientProtocolClient.java:onNext(255)) - client-DE0880F50CF2->72f5ceaa-5b3b-4bc7-b846-41895f4ebd48: receive RaftClientReply:client-DE0880F50CF2->72f5ceaa-5b3b-4bc7-b846-41895f4ebd48@group-833AA35A7EDE, cid=1538, SUCCESS, logIndex=2187, commits[72f5ceaa-5b3b-4bc7-b846-41895f4ebd48:c2188, b4e1f7d4-4bb4-47ed-a9cb-53483a899fb2:c2185, d3916bce-b37b-4246-83c6-d24846ba1a72:c2185]
2019-07-08 14:21:19,419 INFO  client.GrpcClientProtocolClient (GrpcClientProtocolClient.java:onNext(255)) - client-DE0880F50CF2->72f5ceaa-5b3b-4bc7-b846-41895f4ebd48: receive RaftClientReply:client-DE0880F50CF2->72f5ceaa-5b3b-4bc7-b846-41895f4ebd48@group-833AA35A7EDE, cid=1539, SUCCESS, logIndex=2188, commits[72f5ceaa-5b3b-4bc7-b846-41895f4ebd48:c2189, b4e1f7d4-4bb4-47ed-a9cb-53483a899fb2:c2185, d3916bce-b37b-4246-83c6-d24846ba1a72:c2185]
2019-07-08 14:21:19,420 INFO  client.GrpcClientProtocolClient (GrpcClientProtocolClient.java:onNext(255)) - client-DE0880F50CF2->72f5ceaa-5b3b-4bc7-b846-41895f4ebd48: receive RaftClientReply:client-DE0880F50CF2->72f5ceaa-5b3b-4bc7-b846-41895f4ebd48@group-833AA35A7EDE, cid=1540, SUCCESS, logIndex=2189, commits[72f5ceaa-5b3b-4bc7-b846-41895f4ebd48:c2189, b4e1f7d4-4bb4-47ed-a9cb-53483a899fb2:c2185, d3916bce-b37b-4246-83c6-d24846ba1a72:c2185]
2019-07-08 14:21:19,421 INFO  client.GrpcClientProtocolClient (GrpcClientProtocolClient.java:onNext(255)) - client-DE0880F50CF2->72f5ceaa-5b3b-4bc7-b846-41895f4ebd48: receive RaftClientReply:client-DE0880F50CF2->72f5ceaa-5b3b-4bc7-b846-41895f4ebd48@group-833AA35A7EDE, cid=1541, SUCCESS, logIndex=0, commits[72f5ceaa-5b3b-4bc7-b846-41895f4ebd48:c2192, b4e1f7d4-4bb4-47ed-a9cb-53483a899fb2:c2187, d3916bce-b37b-4246-83c6-d24846ba1a72:c2188]
2019-07-08 14:21:19,447 INFO  client.GrpcClientProtocolClient (GrpcClientProtocolClient.java:onNext(255)) - client-DE0880F50CF2->72f5ceaa-5b3b-4bc7-b846-41895f4ebd48: receive RaftClientReply:client-DE0880F50CF2->72f5ceaa-5b3b-4bc7-b846-41895f4ebd48@group-833AA35A7EDE, cid=1542, SUCCESS, logIndex=2194, commits[72f5ceaa-5b3b-4bc7-b846-41895f4ebd48:c2195, b4e1f7d4-4bb4-47ed-a9cb-53483a899fb2:c2193, d3916bce-b37b-4246-83c6-d24846ba1a72:c2193]
2019-07-08 14:21:19,447 INFO  client.GrpcClientProtocolClient (GrpcClientProtocolClient.java:onNext(255)) - client-DE0880F50CF2->72f5ceaa-5b3b-4bc7-b846-41895f4ebd48: receive RaftClientReply:client-DE0880F50CF2->72f5ceaa-5b3b-4bc7-b846-41895f4ebd48@group-833AA35A7EDE, cid=1543, SUCCESS, logIndex=2195, commits[72f5ceaa-5b3b-4bc7-b846-41895f4ebd48:c2195, b4e1f7d4-4bb4-47ed-a9cb-53483a899fb2:c2193, d3916bce-b37b-4246-83c6-d24846ba1a72:c2193]
2019-07-08 14:21:19,469 INFO  client.GrpcClientProtocolClient (GrpcClientProtocolClient.java:onNext(255)) - client-DE0880F50CF2->72f5ceaa-5b3b-4bc7-b846-41895f4ebd48: receive RaftClientReply:client-DE0880F50CF2->72f5ceaa-5b3b-4bc7-b846-41895f4ebd48@group-833AA35A7EDE, cid=1544, SUCCESS, logIndex=2198, commits[72f5ceaa-5b3b-4bc7-b846-41895f4ebd48:c2199, b4e1f7d4-4bb4-47ed-a9cb-53483a899fb2:c2197, d3916bce-b37b-4246-83c6-d24846ba1a72:c2197]
2019-07-08 14:21:19,470 INFO  client.GrpcClientProtocolClient (GrpcClientProtocolClient.java:onNext(255)) - client-DE0880F50CF2->72f5ceaa-5b3b-4bc7-b846-41895f4ebd48: receive RaftClientReply:client-DE0880F50CF2->72f5ceaa-5b3b-4bc7-b846-41895f4ebd48@group-833AA35A7EDE, cid=1545, SUCCESS, logIndex=2199, commits[72f5ceaa-5b3b-4bc7-b846-41895f4ebd48:c2199, b4e1f7d4-4bb4-47ed-a9cb-53483a899fb2:c2197, d3916bce-b37b-4246-83c6-d24846ba1a72:c2197]
2019-07-08 14:21:19,481 INFO  client.GrpcClientProtocolClient (GrpcClientProtocolClient.java:onNext(255)) - client-DE0880F50CF2->72f5ceaa-5b3b-4bc7-b846-41895f4ebd48: receive RaftClientReply:client-DE0880F50CF2->72f5ceaa-5b3b-4bc7-b846-41895f4ebd48@group-833AA35A7EDE, cid=1546, SUCCESS, logIndex=0, commits[72f5ceaa-5b3b-4bc7-b846-41895f4ebd48:c2200, b4e1f7d4-4bb4-47ed-a9cb-53483a899fb2:c2199, d3916bce-b37b-4246-83c6-d24846ba1a72:c2199]
2019-07-08 14:21:19,509 INFO  client.GrpcClientProtocolClient (GrpcClientProtocolClient.java:onNext(255)) - client-DE0880F50CF2->72f5ceaa-5b3b-4bc7-b846-41895f4ebd48: receive RaftClientReply:client-DE0880F50CF2->72f5ceaa-5b3b-4bc7-b846-41895f4ebd48@group-833AA35A7EDE, cid=1547, SUCCESS, logIndex=2202, commits[72f5ceaa-5b3b-4bc7-b846-41895f4ebd48:c2204, b4e1f7d4-4bb4-47ed-a9cb-53483a899fb2:c2201, d3916bce-b37b-4246-83c6-d24846ba1a72:c2201]
2019-07-08 14:21:19,509 INFO  client.GrpcClientProtocolClient (GrpcClientProtocolClient.java:onNext(255)) - client-DE0880F50CF2->72f5ceaa-5b3b-4bc7-b846-41895f4ebd48: receive RaftClientReply:client-DE0880F50CF2->72f5ceaa-5b3b-4bc7-b846-41895f4ebd48@group-833AA35A7EDE, cid=1548, SUCCESS, logIndex=2203, commits[72f5ceaa-5b3b-4bc7-b846-41895f4ebd48:c2205, b4e1f7d4-4bb4-47ed-a9cb-53483a899fb2:c2201, d3916bce-b37b-4246-83c6-d24846ba1a72:c2201]
2019-07-08 14:21:19,510 INFO  client.GrpcClientProtocolClient (GrpcClientProtocolClient.java:onNext(255)) - client-DE0880F50CF2->72f5ceaa-5b3b-4bc7-b846-41895f4ebd48: receive RaftClientReply:client-DE0880F50CF2->72f5ceaa-5b3b-4bc7-b846-41895f4ebd48@group-833AA35A7EDE, cid=1549, SUCCESS, logIndex=2204, commits[72f5ceaa-5b3b-4bc7-b846-41895f4ebd48:c2205, b4e1f7d4-4bb4-47ed-a9cb-53483a899fb2:c2201, d3916bce-b37b-4246-83c6-d24846ba1a72:c2201]
2019-07-08 14:21:19,510 INFO  client.GrpcClientProtocolClient (GrpcClientProtocolClient.java:onNext(255)) - client-DE0880F50CF2->72f5ceaa-5b3b-4bc7-b846-41895f4ebd48: receive RaftClientReply:client-DE0880F50CF2->72f5ceaa-5b3b-4bc7-b846-41895f4ebd48@group-833AA35A7EDE, cid=1550, SUCCESS, logIndex=2205, commits[72f5ceaa-5b3b-4bc7-b846-41895f4ebd48:c2205, b4e1f7d4-4bb4-47ed-a9cb-53483a899fb2:c2201, d3916bce-b37b-4246-83c6-d24846ba1a72:c2201]
2019-07-08 14:21:19,511 INFO  client.GrpcClientProtocolClient (GrpcClientProtocolClient.java:onNext(255)) - client-DE0880F50CF2->72f5ceaa-5b3b-4bc7-b846-41895f4ebd48: receive RaftClientReply:client-DE0880F50CF2->72f5ceaa-5b3b-4bc7-b846-41895f4ebd48@group-833AA35A7EDE, cid=1551, SUCCESS, logIndex=0, commits[72f5ceaa-5b3b-4bc7-b846-41895f4ebd48:c2208, b4e1f7d4-4bb4-47ed-a9cb-53483a899fb2:c2204, d3916bce-b37b-4246-83c6-d24846ba1a72:c2203]
2019-07-08 14:21:19,532 INFO  client.GrpcClientProtocolClient (GrpcClientProtocolClient.java:onNext(255)) - client-DE0880F50CF2->72f5ceaa-5b3b-4bc7-b846-41895f4ebd48: receive RaftClientReply:client-DE0880F50CF2->72f5ceaa-5b3b-4bc7-b846-41895f4ebd48@group-833AA35A7EDE, cid=1552, SUCCESS, logIndex=2210, commits[72f5ceaa-5b3b-4bc7-b846-41895f4ebd48:c2211, b4e1f7d4-4bb4-47ed-a9cb-53483a899fb2:c2209, d3916bce-b37b-4246-83c6-d24846ba1a72:c2209]
2019-07-08 14:21:19,532 INFO  client.GrpcClientProtocolClient (GrpcClientProtocolClient.java:onNext(255)) - client-DE0880F50CF2->72f5ceaa-5b3b-4bc7-b846-41895f4ebd48: receive RaftClientReply:client-DE0880F50CF2->72f5ceaa-5b3b-4bc7-b846-41895f4ebd48@group-833AA35A7EDE, cid=1553, SUCCESS, logIndex=2211, commits[72f5ceaa-5b3b-4bc7-b846-41895f4ebd48:c2211, b4e1f7d4-4bb4-47ed-a9cb-53483a899fb2:c2209, d3916bce-b37b-4246-83c6-d24846ba1a72:c2209]
2019-07-08 14:21:19,546 INFO  client.GrpcClientProtocolClient (GrpcClientProtocolClient.java:onNext(255)) - client-DE0880F50CF2->72f5ceaa-5b3b-4bc7-b846-41895f4ebd48: receive RaftClientReply:client-DE0880F50CF2->72f5ceaa-5b3b-4bc7-b846-41895f4ebd48@group-833AA35A7EDE, cid=1554, SUCCESS, logIndex=2214, commits[72f5ceaa-5b3b-4bc7-b846-41895f4ebd48:c2215, b4e1f7d4-4bb4-47ed-a9cb-53483a899fb2:c2211, d3916bce-b37b-4246-83c6-d24846ba1a72:c2211]
2019-07-08 14:21:19,546 INFO  client.GrpcClientProtocolClient (GrpcClientProtocolClient.java:onNext(255)) - client-DE0880F50CF2->72f5ceaa-5b3b-4bc7-b846-41895f4ebd48: receive RaftClientReply:client-DE0880F50CF2->72f5ceaa-5b3b-4bc7-b846-41895f4ebd48@group-833AA35A7EDE, cid=1555, SUCCESS, logIndex=2215, commits[72f5ceaa-5b3b-4bc7-b846-41895f4ebd48:c2215, b4e1f7d4-4bb4-47ed-a9cb-53483a899fb2:c2211, d3916bce-b37b-4246-83c6-d24846ba1a72:c2211]
2019-07-08 14:21:19,559 INFO  client.GrpcClientProtocolClient (GrpcClientProtocolClient.java:onNext(255)) - client-DE0880F50CF2->72f5ceaa-5b3b-4bc7-b846-41895f4ebd48: receive RaftClientReply:client-DE0880F50CF2->72f5ceaa-5b3b-4bc7-b846-41895f4ebd48@group-833AA35A7EDE, cid=1556, SUCCESS, logIndex=0, commits[72f5ceaa-5b3b-4bc7-b846-41895f4ebd48:c2217, b4e1f7d4-4bb4-47ed-a9cb-53483a899fb2:c2215, d3916bce-b37b-4246-83c6-d24846ba1a72:c2215]
2019-07-08 14:21:19,592 INFO  client.GrpcClientProtocolClient (GrpcClientProtocolClient.java:onNext(255)) - client-DE0880F50CF2->72f5ceaa-5b3b-4bc7-b846-41895f4ebd48: receive RaftClientReply:client-DE0880F50CF2->72f5ceaa-5b3b-4bc7-b846-41895f4ebd48@group-833AA35A7EDE, cid=1557, SUCCESS, logIndex=2218, commits[72f5ceaa-5b3b-4bc7-b846-41895f4ebd48:c2219, b4e1f7d4-4bb4-47ed-a9cb-53483a899fb2:c2217, d3916bce-b37b-4246-83c6-d24846ba1a72:c2217]
2019-07-08 14:21:19,592 INFO  client.GrpcClientProtocolClient (GrpcClientProtocolClient.java:onNext(255)) - client-DE0880F50CF2->72f5ceaa-5b3b-4bc7-b846-41895f4ebd48: receive RaftClientReply:client-DE0880F50CF2->72f5ceaa-5b3b-4bc7-b846-41895f4ebd48@group-833AA35A7EDE, cid=1558, SUCCESS, logIndex=2219, commits[72f5ceaa-5b3b-4bc7-b846-41895f4ebd48:c2221, b4e1f7d4-4bb4-47ed-a9cb-53483a899fb2:c2217, d3916bce-b37b-4246-83c6-d24846ba1a72:c2217]
2019-07-08 14:21:19,593 INFO  client.GrpcClientProtocolClient (GrpcClientProtocolClient.java:onNext(255)) - client-DE0880F50CF2->72f5ceaa-5b3b-4bc7-b846-41895f4ebd48: receive RaftClientReply:client-DE0880F50CF2->72f5ceaa-5b3b-4bc7-b846-41895f4ebd48@group-833AA35A7EDE, cid=1559, SUCCESS, logIndex=2220, commits[72f5ceaa-5b3b-4bc7-b846-41895f4ebd48:c2221, b4e1f7d4-4bb4-47ed-a9cb-53483a899fb2:c2217, d3916bce-b37b-4246-83c6-d24846ba1a72:c2217]
2019-07-08 14:21:19,593 INFO  client.GrpcClientProtocolClient (GrpcClientProtocolClient.java:onNext(255)) - client-DE0880F50CF2->72f5ceaa-5b3b-4bc7-b846-41895f4ebd48: receive RaftClientReply:client-DE0880F50CF2->72f5ceaa-5b3b-4bc7-b846-41895f4ebd48@group-833AA35A7EDE, cid=1560, SUCCESS, logIndex=2221, commits[72f5ceaa-5b3b-4bc7-b846-41895f4ebd48:c2221, b4e1f7d4-4bb4-47ed-a9cb-53483a899fb2:c2217, d3916bce-b37b-4246-83c6-d24846ba1a72:c2217]
2019-07-08 14:21:19,604 INFO  client.GrpcClientProtocolClient (GrpcClientProtocolClient.java:onNext(255)) - client-DE0880F50CF2->72f5ceaa-5b3b-4bc7-b846-41895f4ebd48: receive RaftClientReply:client-DE0880F50CF2->72f5ceaa-5b3b-4bc7-b846-41895f4ebd48@group-833AA35A7EDE, cid=1561, SUCCESS, logIndex=0, commits[72f5ceaa-5b3b-4bc7-b846-41895f4ebd48:c2223, b4e1f7d4-4bb4-47ed-a9cb-53483a899fb2:c2219, d3916bce-b37b-4246-83c6-d24846ba1a72:c2219]
2019-07-08 14:21:19,624 INFO  client.GrpcClientProtocolClient (GrpcClientProtocolClient.java:onNext(255)) - client-DE0880F50CF2->72f5ceaa-5b3b-4bc7-b846-41895f4ebd48: receive RaftClientReply:client-DE0880F50CF2->72f5ceaa-5b3b-4bc7-b846-41895f4ebd48@group-833AA35A7EDE, cid=1562, SUCCESS, logIndex=2225, commits[72f5ceaa-5b3b-4bc7-b846-41895f4ebd48:c2225, b4e1f7d4-4bb4-47ed-a9cb-53483a899fb2:c2224, d3916bce-b37b-4246-83c6-d24846ba1a72:c2224]
2019-07-08 14:21:19,625 INFO  client.GrpcClientProtocolClient (GrpcClientProtocolClient.java:onNext(255)) - client-DE0880F50CF2->72f5ceaa-5b3b-4bc7-b846-41895f4ebd48: receive RaftClientReply:client-DE0880F50CF2->72f5ceaa-5b3b-4bc7-b846-41895f4ebd48@group-833AA35A7EDE, cid=1563, SUCCESS, logIndex=2226, commits[72f5ceaa-5b3b-4bc7-b846-41895f4ebd48:c2226, b4e1f7d4-4bb4-47ed-a9cb-53483a899fb2:c2224, d3916bce-b37b-4246-83c6-d24846ba1a72:c2224]
2019-07-08 14:21:19,638 INFO  client.GrpcClientProtocolClient (GrpcClientProtocolClient.java:onNext(255)) - client-DE0880F50CF2->72f5ceaa-5b3b-4bc7-b846-41895f4ebd48: receive RaftClientReply:client-DE0880F50CF2->72f5ceaa-5b3b-4bc7-b846-41895f4ebd48@group-833AA35A7EDE, cid=1564, SUCCESS, logIndex=2229, commits[72f5ceaa-5b3b-4bc7-b846-41895f4ebd48:c2230, b4e1f7d4-4bb4-47ed-a9cb-53483a899fb2:c2226, d3916bce-b37b-4246-83c6-d24846ba1a72:c2226]
2019-07-08 14:21:19,639 INFO  client.GrpcClientProtocolClient (GrpcClientProtocolClient.java:onNext(255)) - client-DE0880F50CF2->72f5ceaa-5b3b-4bc7-b846-41895f4ebd48: receive RaftClientReply:client-DE0880F50CF2->72f5ceaa-5b3b-4bc7-b846-41895f4ebd48@group-833AA35A7EDE, cid=1565, SUCCESS, logIndex=2230, commits[72f5ceaa-5b3b-4bc7-b846-41895f4ebd48:c2230, b4e1f7d4-4bb4-47ed-a9cb-53483a899fb2:c2226, d3916bce-b37b-4246-83c6-d24846ba1a72:c2226]
2019-07-08 14:21:19,650 INFO  client.GrpcClientProtocolClient (GrpcClientProtocolClient.java:onNext(255)) - client-DE0880F50CF2->72f5ceaa-5b3b-4bc7-b846-41895f4ebd48: receive RaftClientReply:client-DE0880F50CF2->72f5ceaa-5b3b-4bc7-b846-41895f4ebd48@group-833AA35A7EDE, cid=1566, SUCCESS, logIndex=0, commits[72f5ceaa-5b3b-4bc7-b846-41895f4ebd48:c2231, b4e1f7d4-4bb4-47ed-a9cb-53483a899fb2:c2230, d3916bce-b37b-4246-83c6-d24846ba1a72:c2230]
2019-07-08 14:21:19,681 INFO  client.GrpcClientProtocolClient (GrpcClientProtocolClient.java:onNext(255)) - client-DE0880F50CF2->72f5ceaa-5b3b-4bc7-b846-41895f4ebd48: receive RaftClientReply:client-DE0880F50CF2->72f5ceaa-5b3b-4bc7-b846-41895f4ebd48@group-833AA35A7EDE, cid=1567, SUCCESS, logIndex=2233, commits[72f5ceaa-5b3b-4bc7-b846-41895f4ebd48:c2233, b4e1f7d4-4bb4-47ed-a9cb-53483a899fb2:c2230, d3916bce-b37b-4246-83c6-d24846ba1a72:c2232]
2019-07-08 14:21:19,683 INFO  client.GrpcClientProtocolClient (GrpcClientProtocolClient.java:onNext(255)) - client-DE0880F50CF2->72f5ceaa-5b3b-4bc7-b846-41895f4ebd48: receive RaftClientReply:client-DE0880F50CF2->72f5ceaa-5b3b-4bc7-b846-41895f4ebd48@group-833AA35A7EDE, cid=1568, SUCCESS, logIndex=2234, commits[72f5ceaa-5b3b-4bc7-b846-41895f4ebd48:c2235, b4e1f7d4-4bb4-47ed-a9cb-53483a899fb2:c2232, d3916bce-b37b-4246-83c6-d24846ba1a72:c2232]
2019-07-08 14:21:19,684 INFO  client.GrpcClientProtocolClient (GrpcClientProtocolClient.java:onNext(255)) - client-DE0880F50CF2->72f5ceaa-5b3b-4bc7-b846-41895f4ebd48: receive RaftClientReply:client-DE0880F50CF2->72f5ceaa-5b3b-4bc7-b846-41895f4ebd48@group-833AA35A7EDE, cid=1569, SUCCESS, logIndex=2235, commits[72f5ceaa-5b3b-4bc7-b846-41895f4ebd48:c2236, b4e1f7d4-4bb4-47ed-a9cb-53483a899fb2:c2232, d3916bce-b37b-4246-83c6-d24846ba1a72:c2232]
2019-07-08 14:21:19,684 INFO  client.GrpcClientProtocolClient (GrpcClientProtocolClient.java:onNext(255)) - client-DE0880F50CF2->72f5ceaa-5b3b-4bc7-b846-41895f4ebd48: receive RaftClientReply:client-DE0880F50CF2->72f5ceaa-5b3b-4bc7-b846-41895f4ebd48@group-833AA35A7EDE, cid=1570, SUCCESS, logIndex=2236, commits[72f5ceaa-5b3b-4bc7-b846-41895f4ebd48:c2236, b4e1f7d4-4bb4-47ed-a9cb-53483a899fb2:c2232, d3916bce-b37b-4246-83c6-d24846ba1a72:c2232]
2019-07-08 14:21:19,686 INFO  client.GrpcClientProtocolClient (GrpcClientProtocolClient.java:onNext(255)) - client-DE0880F50CF2->72f5ceaa-5b3b-4bc7-b846-41895f4ebd48: receive RaftClientReply:client-DE0880F50CF2->72f5ceaa-5b3b-4bc7-b846-41895f4ebd48@group-833AA35A7EDE, cid=1571, SUCCESS, logIndex=0, commits[72f5ceaa-5b3b-4bc7-b846-41895f4ebd48:c2240, b4e1f7d4-4bb4-47ed-a9cb-53483a899fb2:c2236, d3916bce-b37b-4246-83c6-d24846ba1a72:c2235]
2019-07-08 14:21:19,719 INFO  client.GrpcClientProtocolClient (GrpcClientProtocolClient.java:onNext(255)) - client-DE0880F50CF2->72f5ceaa-5b3b-4bc7-b846-41895f4ebd48: receive RaftClientReply:client-DE0880F50CF2->72f5ceaa-5b3b-4bc7-b846-41895f4ebd48@group-833AA35A7EDE, cid=1572, SUCCESS, logIndex=2241, commits[72f5ceaa-5b3b-4bc7-b846-41895f4ebd48:c2242, b4e1f7d4-4bb4-47ed-a9cb-53483a899fb2:c2240, d3916bce-b37b-4246-83c6-d24846ba1a72:c2240]
2019-07-08 14:21:19,720 INFO  client.GrpcClientProtocolClient (GrpcClientProtocolClient.java:onNext(255)) - client-DE0880F50CF2->72f5ceaa-5b3b-4bc7-b846-41895f4ebd48: receive RaftClientReply:client-DE0880F50CF2->72f5ceaa-5b3b-4bc7-b846-41895f4ebd48@group-833AA35A7EDE, cid=1573, SUCCESS, logIndex=2242, commits[72f5ceaa-5b3b-4bc7-b846-41895f4ebd48:c2242, b4e1f7d4-4bb4-47ed-a9cb-53483a899fb2:c2240, d3916bce-b37b-4246-83c6-d24846ba1a72:c2240]
2019-07-08 14:21:19,733 INFO  client.GrpcClientProtocolClient (GrpcClientProtocolClient.java:onNext(255)) - client-DE0880F50CF2->72f5ceaa-5b3b-4bc7-b846-41895f4ebd48: receive RaftClientReply:client-DE0880F50CF2->72f5ceaa-5b3b-4bc7-b846-41895f4ebd48@group-833AA35A7EDE, cid=1574, SUCCESS, logIndex=2245, commits[72f5ceaa-5b3b-4bc7-b846-41895f4ebd48:c2246, b4e1f7d4-4bb4-47ed-a9cb-53483a899fb2:c2242, d3916bce-b37b-4246-83c6-d24846ba1a72:c2242]
2019-07-08 14:21:19,734 INFO  client.GrpcClientProtocolClient (GrpcClientProtocolClient.java:onNext(255)) - client-DE0880F50CF2->72f5ceaa-5b3b-4bc7-b846-41895f4ebd48: receive RaftClientReply:client-DE0880F50CF2->72f5ceaa-5b3b-4bc7-b846-41895f4ebd48@group-833AA35A7EDE, cid=1575, SUCCESS, logIndex=2246, commits[72f5ceaa-5b3b-4bc7-b846-41895f4ebd48:c2246, b4e1f7d4-4bb4-47ed-a9cb-53483a899fb2:c2242, d3916bce-b37b-4246-83c6-d24846ba1a72:c2242]
2019-07-08 14:21:19,736 INFO  client.GrpcClientProtocolClient (GrpcClientProtocolClient.java:onNext(255)) - client-DE0880F50CF2->72f5ceaa-5b3b-4bc7-b846-41895f4ebd48: receive RaftClientReply:client-DE0880F50CF2->72f5ceaa-5b3b-4bc7-b846-41895f4ebd48@group-833AA35A7EDE, cid=1576, SUCCESS, logIndex=0, commits[72f5ceaa-5b3b-4bc7-b846-41895f4ebd48:c2248, b4e1f7d4-4bb4-47ed-a9cb-53483a899fb2:c2246, d3916bce-b37b-4246-83c6-d24846ba1a72:c2246]
 0.00% |█                                                                                                    |  0/1 Time: 0:00:142019-07-08 14:21:19,764 INFO  client.GrpcClientProtocolClient (GrpcClientProtocolClient.java:onNext(255)) - client-DE0880F50CF2->72f5ceaa-5b3b-4bc7-b846-41895f4ebd48: receive RaftClientReply:client-DE0880F50CF2->72f5ceaa-5b3b-4bc7-b846-41895f4ebd48@group-833AA35A7EDE, cid=1577, SUCCESS, logIndex=2249, commits[72f5ceaa-5b3b-4bc7-b846-41895f4ebd48:c2251, b4e1f7d4-4bb4-47ed-a9cb-53483a899fb2:c2248, d3916bce-b37b-4246-83c6-d24846ba1a72:c2248]
2019-07-08 14:21:19,765 INFO  client.GrpcClientProtocolClient (GrpcClientProtocolClient.java:onNext(255)) - client-DE0880F50CF2->72f5ceaa-5b3b-4bc7-b846-41895f4ebd48: receive RaftClientReply:client-DE0880F50CF2->72f5ceaa-5b3b-4bc7-b846-41895f4ebd48@group-833AA35A7EDE, cid=1578, SUCCESS, logIndex=2250, commits[72f5ceaa-5b3b-4bc7-b846-41895f4ebd48:c2252, b4e1f7d4-4bb4-47ed-a9cb-53483a899fb2:c2248, d3916bce-b37b-4246-83c6-d24846ba1a72:c2248]
2019-07-08 14:21:19,765 INFO  client.GrpcClientProtocolClient (GrpcClientProtocolClient.java:onNext(255)) - client-DE0880F50CF2->72f5ceaa-5b3b-4bc7-b846-41895f4ebd48: receive RaftClientReply:client-DE0880F50CF2->72f5ceaa-5b3b-4bc7-b846-41895f4ebd48@group-833AA35A7EDE, cid=1579, SUCCESS, logIndex=2251, commits[72f5ceaa-5b3b-4bc7-b846-41895f4ebd48:c2252, b4e1f7d4-4bb4-47ed-a9cb-53483a899fb2:c2248, d3916bce-b37b-4246-83c6-d24846ba1a72:c2248]
2019-07-08 14:21:19,766 INFO  client.GrpcClientProtocolClient (GrpcClientProtocolClient.java:onNext(255)) - client-DE0880F50CF2->72f5ceaa-5b3b-4bc7-b846-41895f4ebd48: receive RaftClientReply:client-DE0880F50CF2->72f5ceaa-5b3b-4bc7-b846-41895f4ebd48@group-833AA35A7EDE, cid=1580, SUCCESS, logIndex=2252, commits[72f5ceaa-5b3b-4bc7-b846-41895f4ebd48:c2252, b4e1f7d4-4bb4-47ed-a9cb-53483a899fb2:c2248, d3916bce-b37b-4246-83c6-d24846ba1a72:c2248]
2019-07-08 14:21:19,767 INFO  client.GrpcClientProtocolClient (GrpcClientProtocolClient.java:onNext(255)) - client-DE0880F50CF2->72f5ceaa-5b3b-4bc7-b846-41895f4ebd48: receive RaftClientReply:client-DE0880F50CF2->72f5ceaa-5b3b-4bc7-b846-41895f4ebd48@group-833AA35A7EDE, cid=1581, SUCCESS, logIndex=0, commits[72f5ceaa-5b3b-4bc7-b846-41895f4ebd48:c2254, b4e1f7d4-4bb4-47ed-a9cb-53483a899fb2:c2250, d3916bce-b37b-4246-83c6-d24846ba1a72:c2250]
2019-07-08 14:21:19,786 INFO  client.GrpcClientProtocolClient (GrpcClientProtocolClient.java:onNext(255)) - client-DE0880F50CF2->72f5ceaa-5b3b-4bc7-b846-41895f4ebd48: receive RaftClientReply:client-DE0880F50CF2->72f5ceaa-5b3b-4bc7-b846-41895f4ebd48@group-833AA35A7EDE, cid=1582, SUCCESS, logIndex=2257, commits[72f5ceaa-5b3b-4bc7-b846-41895f4ebd48:c2258, b4e1f7d4-4bb4-47ed-a9cb-53483a899fb2:c2252, d3916bce-b37b-4246-83c6-d24846ba1a72:c2256]
2019-07-08 14:21:19,787 INFO  client.GrpcClientProtocolClient (GrpcClientProtocolClient.java:onNext(255)) - client-DE0880F50CF2->72f5ceaa-5b3b-4bc7-b846-41895f4ebd48: receive RaftClientReply:client-DE0880F50CF2->72f5ceaa-5b3b-4bc7-b846-41895f4ebd48@group-833AA35A7EDE, cid=1583, SUCCESS, logIndex=2258, commits[72f5ceaa-5b3b-4bc7-b846-41895f4ebd48:c2258, b4e1f7d4-4bb4-47ed-a9cb-53483a899fb2:c2256, d3916bce-b37b-4246-83c6-d24846ba1a72:c2256]
2019-07-08 14:21:19,800 INFO  client.GrpcClientProtocolClient (GrpcClientProtocolClient.java:onNext(255)) - client-DE0880F50CF2->72f5ceaa-5b3b-4bc7-b846-41895f4ebd48: receive RaftClientReply:client-DE0880F50CF2->72f5ceaa-5b3b-4bc7-b846-41895f4ebd48@group-833AA35A7EDE, cid=1584, SUCCESS, logIndex=2261, commits[72f5ceaa-5b3b-4bc7-b846-41895f4ebd48:c2261, b4e1f7d4-4bb4-47ed-a9cb-53483a899fb2:c2258, d3916bce-b37b-4246-83c6-d24846ba1a72:c2258]
2019-07-08 14:21:19,801 INFO  client.GrpcClientProtocolClient (GrpcClientProtocolClient.java:onNext(255)) - client-DE0880F50CF2->72f5ceaa-5b3b-4bc7-b846-41895f4ebd48: receive RaftClientReply:client-DE0880F50CF2->72f5ceaa-5b3b-4bc7-b846-41895f4ebd48@group-833AA35A7EDE, cid=1585, SUCCESS, logIndex=2262, commits[72f5ceaa-5b3b-4bc7-b846-41895f4ebd48:c2262, b4e1f7d4-4bb4-47ed-a9cb-53483a899fb2:c2258, d3916bce-b37b-4246-83c6-d24846ba1a72:c2258]
2019-07-08 14:21:19,813 INFO  client.GrpcClientProtocolClient (GrpcClientProtocolClient.java:onNext(255)) - client-DE0880F50CF2->72f5ceaa-5b3b-4bc7-b846-41895f4ebd48: receive RaftClientReply:client-DE0880F50CF2->72f5ceaa-5b3b-4bc7-b846-41895f4ebd48@group-833AA35A7EDE, cid=1586, SUCCESS, logIndex=0, commits[72f5ceaa-5b3b-4bc7-b846-41895f4ebd48:c2264, b4e1f7d4-4bb4-47ed-a9cb-53483a899fb2:c2262, d3916bce-b37b-4246-83c6-d24846ba1a72:c2262]
2019-07-08 14:21:19,839 INFO  client.GrpcClientProtocolClient (GrpcClientProtocolClient.java:onNext(255)) - client-DE0880F50CF2->72f5ceaa-5b3b-4bc7-b846-41895f4ebd48: receive RaftClientReply:client-DE0880F50CF2->72f5ceaa-5b3b-4bc7-b846-41895f4ebd48@group-833AA35A7EDE, cid=1587, SUCCESS, logIndex=2265, commits[72f5ceaa-5b3b-4bc7-b846-41895f4ebd48:c2266, b4e1f7d4-4bb4-47ed-a9cb-53483a899fb2:c2264, d3916bce-b37b-4246-83c6-d24846ba1a72:c2264]
2019-07-08 14:21:19,840 INFO  client.GrpcClientProtocolClient (GrpcClientProtocolClient.java:onNext(255)) - client-DE0880F50CF2->72f5ceaa-5b3b-4bc7-b846-41895f4ebd48: receive RaftClientReply:client-DE0880F50CF2->72f5ceaa-5b3b-4bc7-b846-41895f4ebd48@group-833AA35A7EDE, cid=1588, SUCCESS, logIndex=2266, commits[72f5ceaa-5b3b-4bc7-b846-41895f4ebd48:c2268, b4e1f7d4-4bb4-47ed-a9cb-53483a899fb2:c2264, d3916bce-b37b-4246-83c6-d24846ba1a72:c2264]
2019-07-08 14:21:19,840 INFO  client.GrpcClientProtocolClient (GrpcClientProtocolClient.java:onNext(255)) - client-DE0880F50CF2->72f5ceaa-5b3b-4bc7-b846-41895f4ebd48: receive RaftClientReply:client-DE0880F50CF2->72f5ceaa-5b3b-4bc7-b846-41895f4ebd48@group-833AA35A7EDE, cid=1589, SUCCESS, logIndex=2267, commits[72f5ceaa-5b3b-4bc7-b846-41895f4ebd48:c2268, b4e1f7d4-4bb4-47ed-a9cb-53483a899fb2:c2264, d3916bce-b37b-4246-83c6-d24846ba1a72:c2264]
2019-07-08 14:21:19,840 INFO  client.GrpcClientProtocolClient (GrpcClientProtocolClient.java:onNext(255)) - client-DE0880F50CF2->72f5ceaa-5b3b-4bc7-b846-41895f4ebd48: receive RaftClientReply:client-DE0880F50CF2->72f5ceaa-5b3b-4bc7-b846-41895f4ebd48@group-833AA35A7EDE, cid=1590, SUCCESS, logIndex=2268, commits[72f5ceaa-5b3b-4bc7-b846-41895f4ebd48:c2268, b4e1f7d4-4bb4-47ed-a9cb-53483a899fb2:c2264, d3916bce-b37b-4246-83c6-d24846ba1a72:c2264]
2019-07-08 14:21:19,841 INFO  client.GrpcClientProtocolClient (GrpcClientProtocolClient.java:onNext(255)) - client-DE0880F50CF2->72f5ceaa-5b3b-4bc7-b846-41895f4ebd48: receive RaftClientReply:client-DE0880F50CF2->72f5ceaa-5b3b-4bc7-b846-41895f4ebd48@group-833AA35A7EDE, cid=1591, SUCCESS, logIndex=0, commits[72f5ceaa-5b3b-4bc7-b846-41895f4ebd48:c2269, b4e1f7d4-4bb4-47ed-a9cb-53483a899fb2:c2266, d3916bce-b37b-4246-83c6-d24846ba1a72:c2266]
2019-07-08 14:21:19,861 INFO  client.GrpcClientProtocolClient (GrpcClientProtocolClient.java:onNext(255)) - client-DE0880F50CF2->72f5ceaa-5b3b-4bc7-b846-41895f4ebd48: receive RaftClientReply:client-DE0880F50CF2->72f5ceaa-5b3b-4bc7-b846-41895f4ebd48@group-833AA35A7EDE, cid=1592, SUCCESS, logIndex=2273, commits[72f5ceaa-5b3b-4bc7-b846-41895f4ebd48:c2273, b4e1f7d4-4bb4-47ed-a9cb-53483a899fb2:c2272, d3916bce-b37b-4246-83c6-d24846ba1a72:c2272]
2019-07-08 14:21:19,862 INFO  client.GrpcClientProtocolClient (GrpcClientProtocolClient.java:onNext(255)) - client-DE0880F50CF2->72f5ceaa-5b3b-4bc7-b846-41895f4ebd48: receive RaftClientReply:client-DE0880F50CF2->72f5ceaa-5b3b-4bc7-b846-41895f4ebd48@group-833AA35A7EDE, cid=1593, SUCCESS, logIndex=2274, commits[72f5ceaa-5b3b-4bc7-b846-41895f4ebd48:c2274, b4e1f7d4-4bb4-47ed-a9cb-53483a899fb2:c2272, d3916bce-b37b-4246-83c6-d24846ba1a72:c2272]
2019-07-08 14:21:19,875 INFO  client.GrpcClientProtocolClient (GrpcClientProtocolClient.java:onNext(255)) - client-DE0880F50CF2->72f5ceaa-5b3b-4bc7-b846-41895f4ebd48: receive RaftClientReply:client-DE0880F50CF2->72f5ceaa-5b3b-4bc7-b846-41895f4ebd48@group-833AA35A7EDE, cid=1594, SUCCESS, logIndex=2277, commits[72f5ceaa-5b3b-4bc7-b846-41895f4ebd48:c2277, b4e1f7d4-4bb4-47ed-a9cb-53483a899fb2:c2274, d3916bce-b37b-4246-83c6-d24846ba1a72:c2274]
2019-07-08 14:21:19,875 INFO  client.GrpcClientProtocolClient (GrpcClientProtocolClient.java:onNext(255)) - client-DE0880F50CF2->72f5ceaa-5b3b-4bc7-b846-41895f4ebd48: receive RaftClientReply:client-DE0880F50CF2->72f5ceaa-5b3b-4bc7-b846-41895f4ebd48@group-833AA35A7EDE, cid=1595, SUCCESS, logIndex=2278, commits[72f5ceaa-5b3b-4bc7-b846-41895f4ebd48:c2278, b4e1f7d4-4bb4-47ed-a9cb-53483a899fb2:c2274, d3916bce-b37b-4246-83c6-d24846ba1a72:c2274]
2019-07-08 14:21:19,888 INFO  client.GrpcClientProtocolClient (GrpcClientProtocolClient.java:onNext(255)) - client-DE0880F50CF2->72f5ceaa-5b3b-4bc7-b846-41895f4ebd48: receive RaftClientReply:client-DE0880F50CF2->72f5ceaa-5b3b-4bc7-b846-41895f4ebd48@group-833AA35A7EDE, cid=1596, SUCCESS, logIndex=0, commits[72f5ceaa-5b3b-4bc7-b846-41895f4ebd48:c2280, b4e1f7d4-4bb4-47ed-a9cb-53483a899fb2:c2278, d3916bce-b37b-4246-83c6-d24846ba1a72:c2278]
2019-07-08 14:21:19,915 INFO  client.GrpcClientProtocolClient (GrpcClientProtocolClient.java:onNext(255)) - client-DE0880F50CF2->72f5ceaa-5b3b-4bc7-b846-41895f4ebd48: receive RaftClientReply:client-DE0880F50CF2->72f5ceaa-5b3b-4bc7-b846-41895f4ebd48@group-833AA35A7EDE, cid=1597, SUCCESS, logIndex=2281, commits[72f5ceaa-5b3b-4bc7-b846-41895f4ebd48:c2282, b4e1f7d4-4bb4-47ed-a9cb-53483a899fb2:c2280, d3916bce-b37b-4246-83c6-d24846ba1a72:c2280]
2019-07-08 14:21:20,018 INFO  client.GrpcClientProtocolClient (GrpcClientProtocolClient.java:onNext(255)) - client-DE0880F50CF2->72f5ceaa-5b3b-4bc7-b846-41895f4ebd48: receive RaftClientReply:client-DE0880F50CF2->72f5ceaa-5b3b-4bc7-b846-41895f4ebd48@group-833AA35A7EDE, cid=1598, SUCCESS, logIndex=2282, commits[72f5ceaa-5b3b-4bc7-b846-41895f4ebd48:c2283, b4e1f7d4-4bb4-47ed-a9cb-53483a899fb2:c2280, d3916bce-b37b-4246-83c6-d24846ba1a72:c2280]
2019-07-08 14:21:20,018 INFO  client.GrpcClientProtocolClient (GrpcClientProtocolClient.java:onNext(255)) - client-DE0880F50CF2->72f5ceaa-5b3b-4bc7-b846-41895f4ebd48: receive RaftClientReply:client-DE0880F50CF2->72f5ceaa-5b3b-4bc7-b846-41895f4ebd48@group-833AA35A7EDE, cid=1599, SUCCESS, logIndex=2283, commits[72f5ceaa-5b3b-4bc7-b846-41895f4ebd48:c2284, b4e1f7d4-4bb4-47ed-a9cb-53483a899fb2:c2280, d3916bce-b37b-4246-83c6-d24846ba1a72:c2280]
2019-07-08 14:21:20,019 INFO  client.GrpcClientProtocolClient (GrpcClientProtocolClient.java:onNext(255)) - client-DE0880F50CF2->72f5ceaa-5b3b-4bc7-b846-41895f4ebd48: receive RaftClientReply:client-DE0880F50CF2->72f5ceaa-5b3b-4bc7-b846-41895f4ebd48@group-833AA35A7EDE, cid=1600, SUCCESS, logIndex=2284, commits[72f5ceaa-5b3b-4bc7-b846-41895f4ebd48:c2284, b4e1f7d4-4bb4-47ed-a9cb-53483a899fb2:c2280, d3916bce-b37b-4246-83c6-d24846ba1a72:c2280]
2019-07-08 14:21:20,030 INFO  client.GrpcClientProtocolClient (GrpcClientProtocolClient.java:onNext(255)) - client-DE0880F50CF2->72f5ceaa-5b3b-4bc7-b846-41895f4ebd48: receive RaftClientReply:client-DE0880F50CF2->72f5ceaa-5b3b-4bc7-b846-41895f4ebd48@group-833AA35A7EDE, cid=1601, SUCCESS, logIndex=0, commits[72f5ceaa-5b3b-4bc7-b846-41895f4ebd48:c2286, b4e1f7d4-4bb4-47ed-a9cb-53483a899fb2:c2282, d3916bce-b37b-4246-83c6-d24846ba1a72:c2282]
2019-07-08 14:21:20,051 INFO  client.GrpcClientProtocolClient (GrpcClientProtocolClient.java:onNext(255)) - client-DE0880F50CF2->72f5ceaa-5b3b-4bc7-b846-41895f4ebd48: receive RaftClientReply:client-DE0880F50CF2->72f5ceaa-5b3b-4bc7-b846-41895f4ebd48@group-833AA35A7EDE, cid=1602, SUCCESS, logIndex=2289, commits[72f5ceaa-5b3b-4bc7-b846-41895f4ebd48:c2290, b4e1f7d4-4bb4-47ed-a9cb-53483a899fb2:c2288, d3916bce-b37b-4246-83c6-d24846ba1a72:c2288]
2019-07-08 14:21:20,052 INFO  client.GrpcClientProtocolClient (GrpcClientProtocolClient.java:onNext(255)) - client-DE0880F50CF2->72f5ceaa-5b3b-4bc7-b846-41895f4ebd48: receive RaftClientReply:client-DE0880F50CF2->72f5ceaa-5b3b-4bc7-b846-41895f4ebd48@group-833AA35A7EDE, cid=1603, SUCCESS, logIndex=2290, commits[72f5ceaa-5b3b-4bc7-b846-41895f4ebd48:c2290, b4e1f7d4-4bb4-47ed-a9cb-53483a899fb2:c2288, d3916bce-b37b-4246-83c6-d24846ba1a72:c2288]
2019-07-08 14:21:20,076 INFO  client.GrpcClientProtocolClient (GrpcClientProtocolClient.java:onNext(255)) - client-DE0880F50CF2->72f5ceaa-5b3b-4bc7-b846-41895f4ebd48: receive RaftClientReply:client-DE0880F50CF2->72f5ceaa-5b3b-4bc7-b846-41895f4ebd48@group-833AA35A7EDE, cid=1604, SUCCESS, logIndex=2293, commits[72f5ceaa-5b3b-4bc7-b846-41895f4ebd48:c2294, b4e1f7d4-4bb4-47ed-a9cb-53483a899fb2:c2290, d3916bce-b37b-4246-83c6-d24846ba1a72:c2290]
2019-07-08 14:21:20,076 INFO  client.GrpcClientProtocolClient (GrpcClientProtocolClient.java:onNext(255)) - client-DE0880F50CF2->72f5ceaa-5b3b-4bc7-b846-41895f4ebd48: receive RaftClientReply:client-DE0880F50CF2->72f5ceaa-5b3b-4bc7-b846-41895f4ebd48@group-833AA35A7EDE, cid=1605, SUCCESS, logIndex=2294, commits[72f5ceaa-5b3b-4bc7-b846-41895f4ebd48:c2294, b4e1f7d4-4bb4-47ed-a9cb-53483a899fb2:c2290, d3916bce-b37b-4246-83c6-d24846ba1a72:c2290]
2019-07-08 14:21:20,088 INFO  client.GrpcClientProtocolClient (GrpcClientProtocolClient.java:onNext(255)) - client-DE0880F50CF2->72f5ceaa-5b3b-4bc7-b846-41895f4ebd48: receive RaftClientReply:client-DE0880F50CF2->72f5ceaa-5b3b-4bc7-b846-41895f4ebd48@group-833AA35A7EDE, cid=1606, SUCCESS, logIndex=0, commits[72f5ceaa-5b3b-4bc7-b846-41895f4ebd48:c2295, b4e1f7d4-4bb4-47ed-a9cb-53483a899fb2:c2294, d3916bce-b37b-4246-83c6-d24846ba1a72:c2294]
2019-07-08 14:21:20,119 INFO  client.GrpcClientProtocolClient (GrpcClientProtocolClient.java:onNext(255)) - client-DE0880F50CF2->72f5ceaa-5b3b-4bc7-b846-41895f4ebd48: receive RaftClientReply:client-DE0880F50CF2->72f5ceaa-5b3b-4bc7-b846-41895f4ebd48@group-833AA35A7EDE, cid=1607, SUCCESS, logIndex=2297, commits[72f5ceaa-5b3b-4bc7-b846-41895f4ebd48:c2298, b4e1f7d4-4bb4-47ed-a9cb-53483a899fb2:c2296, d3916bce-b37b-4246-83c6-d24846ba1a72:c2296]
2019-07-08 14:21:20,120 INFO  client.GrpcClientProtocolClient (GrpcClientProtocolClient.java:onNext(255)) - client-DE0880F50CF2->72f5ceaa-5b3b-4bc7-b846-41895f4ebd48: receive RaftClientReply:client-DE0880F50CF2->72f5ceaa-5b3b-4bc7-b846-41895f4ebd48@group-833AA35A7EDE, cid=1608, SUCCESS, logIndex=2298, commits[72f5ceaa-5b3b-4bc7-b846-41895f4ebd48:c2299, b4e1f7d4-4bb4-47ed-a9cb-53483a899fb2:c2296, d3916bce-b37b-4246-83c6-d24846ba1a72:c2296]
2019-07-08 14:21:20,120 INFO  client.GrpcClientProtocolClient (GrpcClientProtocolClient.java:onNext(255)) - client-DE0880F50CF2->72f5ceaa-5b3b-4bc7-b846-41895f4ebd48: receive RaftClientReply:client-DE0880F50CF2->72f5ceaa-5b3b-4bc7-b846-41895f4ebd48@group-833AA35A7EDE, cid=1609, SUCCESS, logIndex=2299, commits[72f5ceaa-5b3b-4bc7-b846-41895f4ebd48:c2300, b4e1f7d4-4bb4-47ed-a9cb-53483a899fb2:c2296, d3916bce-b37b-4246-83c6-d24846ba1a72:c2296]
2019-07-08 14:21:20,121 INFO  client.GrpcClientProtocolClient (GrpcClientProtocolClient.java:onNext(255)) - client-DE0880F50CF2->72f5ceaa-5b3b-4bc7-b846-41895f4ebd48: receive RaftClientReply:client-DE0880F50CF2->72f5ceaa-5b3b-4bc7-b846-41895f4ebd48@group-833AA35A7EDE, cid=1610, SUCCESS, logIndex=2300, commits[72f5ceaa-5b3b-4bc7-b846-41895f4ebd48:c2302, b4e1f7d4-4bb4-47ed-a9cb-53483a899fb2:c2296, d3916bce-b37b-4246-83c6-d24846ba1a72:c2298]
2019-07-08 14:21:20,123 INFO  client.GrpcClientProtocolClient (GrpcClientProtocolClient.java:onNext(255)) - client-DE0880F50CF2->72f5ceaa-5b3b-4bc7-b846-41895f4ebd48: receive RaftClientReply:client-DE0880F50CF2->72f5ceaa-5b3b-4bc7-b846-41895f4ebd48@group-833AA35A7EDE, cid=1611, SUCCESS, logIndex=0, commits[72f5ceaa-5b3b-4bc7-b846-41895f4ebd48:c2304, b4e1f7d4-4bb4-47ed-a9cb-53483a899fb2:c2298, d3916bce-b37b-4246-83c6-d24846ba1a72:c2300]
2019-07-08 14:21:20,148 INFO  client.GrpcClientProtocolClient (GrpcClientProtocolClient.java:onNext(255)) - client-DE0880F50CF2->72f5ceaa-5b3b-4bc7-b846-41895f4ebd48: receive RaftClientReply:client-DE0880F50CF2->72f5ceaa-5b3b-4bc7-b846-41895f4ebd48@group-833AA35A7EDE, cid=1612, SUCCESS, logIndex=2305, commits[72f5ceaa-5b3b-4bc7-b846-41895f4ebd48:c2306, b4e1f7d4-4bb4-47ed-a9cb-53483a899fb2:c2304, d3916bce-b37b-4246-83c6-d24846ba1a72:c2304]
2019-07-08 14:21:20,148 INFO  client.GrpcClientProtocolClient (GrpcClientProtocolClient.java:onNext(255)) - client-DE0880F50CF2->72f5ceaa-5b3b-4bc7-b846-41895f4ebd48: receive RaftClientReply:client-DE0880F50CF2->72f5ceaa-5b3b-4bc7-b846-41895f4ebd48@group-833AA35A7EDE, cid=1613, SUCCESS, logIndex=2306, commits[72f5ceaa-5b3b-4bc7-b846-41895f4ebd48:c2306, b4e1f7d4-4bb4-47ed-a9cb-53483a899fb2:c2304, d3916bce-b37b-4246-83c6-d24846ba1a72:c2304]
2019-07-08 14:21:20,172 INFO  client.GrpcClientProtocolClient (GrpcClientProtocolClient.java:onNext(255)) - client-DE0880F50CF2->72f5ceaa-5b3b-4bc7-b846-41895f4ebd48: receive RaftClientReply:client-DE0880F50CF2->72f5ceaa-5b3b-4bc7-b846-41895f4ebd48@group-833AA35A7EDE, cid=1614, SUCCESS, logIndex=2309, commits[72f5ceaa-5b3b-4bc7-b846-41895f4ebd48:c2309, b4e1f7d4-4bb4-47ed-a9cb-53483a899fb2:c2306, d3916bce-b37b-4246-83c6-d24846ba1a72:c2306]
2019-07-08 14:21:20,172 INFO  client.GrpcClientProtocolClient (GrpcClientProtocolClient.java:onNext(255)) - client-DE0880F50CF2->72f5ceaa-5b3b-4bc7-b846-41895f4ebd48: receive RaftClientReply:client-DE0880F50CF2->72f5ceaa-5b3b-4bc7-b846-41895f4ebd48@group-833AA35A7EDE, cid=1615, SUCCESS, logIndex=2310, commits[72f5ceaa-5b3b-4bc7-b846-41895f4ebd48:c2310, b4e1f7d4-4bb4-47ed-a9cb-53483a899fb2:c2306, d3916bce-b37b-4246-83c6-d24846ba1a72:c2306]
2019-07-08 14:21:20,185 INFO  client.GrpcClientProtocolClient (GrpcClientProtocolClient.java:onNext(255)) - client-DE0880F50CF2->72f5ceaa-5b3b-4bc7-b846-41895f4ebd48: receive RaftClientReply:client-DE0880F50CF2->72f5ceaa-5b3b-4bc7-b846-41895f4ebd48@group-833AA35A7EDE, cid=1616, SUCCESS, logIndex=0, commits[72f5ceaa-5b3b-4bc7-b846-41895f4ebd48:c2312, b4e1f7d4-4bb4-47ed-a9cb-53483a899fb2:c2310, d3916bce-b37b-4246-83c6-d24846ba1a72:c2310]
2019-07-08 14:21:20,214 INFO  client.GrpcClientProtocolClient (GrpcClientProtocolClient.java:onNext(255)) - client-DE0880F50CF2->72f5ceaa-5b3b-4bc7-b846-41895f4ebd48: receive RaftClientReply:client-DE0880F50CF2->72f5ceaa-5b3b-4bc7-b846-41895f4ebd48@group-833AA35A7EDE, cid=1617, SUCCESS, logIndex=2313, commits[72f5ceaa-5b3b-4bc7-b846-41895f4ebd48:c2314, b4e1f7d4-4bb4-47ed-a9cb-53483a899fb2:c2312, d3916bce-b37b-4246-83c6-d24846ba1a72:c2312]
2019-07-08 14:21:20,215 INFO  client.GrpcClientProtocolClient (GrpcClientProtocolClient.java:onNext(255)) - client-DE0880F50CF2->72f5ceaa-5b3b-4bc7-b846-41895f4ebd48: receive RaftClientReply:client-DE0880F50CF2->72f5ceaa-5b3b-4bc7-b846-41895f4ebd48@group-833AA35A7EDE, cid=1618, SUCCESS, logIndex=2314, commits[72f5ceaa-5b3b-4bc7-b846-41895f4ebd48:c2314, b4e1f7d4-4bb4-47ed-a9cb-53483a899fb2:c2312, d3916bce-b37b-4246-83c6-d24846ba1a72:c2312]
2019-07-08 14:21:20,215 INFO  client.GrpcClientProtocolClient (GrpcClientProtocolClient.java:onNext(255)) - client-DE0880F50CF2->72f5ceaa-5b3b-4bc7-b846-41895f4ebd48: receive RaftClientReply:client-DE0880F50CF2->72f5ceaa-5b3b-4bc7-b846-41895f4ebd48@group-833AA35A7EDE, cid=1619, SUCCESS, logIndex=2315, commits[72f5ceaa-5b3b-4bc7-b846-41895f4ebd48:c2316, b4e1f7d4-4bb4-47ed-a9cb-53483a899fb2:c2312, d3916bce-b37b-4246-83c6-d24846ba1a72:c2312]
2019-07-08 14:21:20,216 INFO  client.GrpcClientProtocolClient (GrpcClientProtocolClient.java:onNext(255)) - client-DE0880F50CF2->72f5ceaa-5b3b-4bc7-b846-41895f4ebd48: receive RaftClientReply:client-DE0880F50CF2->72f5ceaa-5b3b-4bc7-b846-41895f4ebd48@group-833AA35A7EDE, cid=1620, SUCCESS, logIndex=2316, commits[72f5ceaa-5b3b-4bc7-b846-41895f4ebd48:c2316, b4e1f7d4-4bb4-47ed-a9cb-53483a899fb2:c2312, d3916bce-b37b-4246-83c6-d24846ba1a72:c2312]
2019-07-08 14:21:20,217 INFO  client.GrpcClientProtocolClient (GrpcClientProtocolClient.java:onNext(255)) - client-DE0880F50CF2->72f5ceaa-5b3b-4bc7-b846-41895f4ebd48: receive RaftClientReply:client-DE0880F50CF2->72f5ceaa-5b3b-4bc7-b846-41895f4ebd48@group-833AA35A7EDE, cid=1621, SUCCESS, logIndex=0, commits[72f5ceaa-5b3b-4bc7-b846-41895f4ebd48:c2319, b4e1f7d4-4bb4-47ed-a9cb-53483a899fb2:c2314, d3916bce-b37b-4246-83c6-d24846ba1a72:c2316]
2019-07-08 14:21:20,249 INFO  client.GrpcClientProtocolClient (GrpcClientProtocolClient.java:onNext(255)) - client-DE0880F50CF2->72f5ceaa-5b3b-4bc7-b846-41895f4ebd48: receive RaftClientReply:client-DE0880F50CF2->72f5ceaa-5b3b-4bc7-b846-41895f4ebd48@group-833AA35A7EDE, cid=1622, SUCCESS, logIndex=2320, commits[72f5ceaa-5b3b-4bc7-b846-41895f4ebd48:c2321, b4e1f7d4-4bb4-47ed-a9cb-53483a899fb2:c2319, d3916bce-b37b-4246-83c6-d24846ba1a72:c2316]
2019-07-08 14:21:20,249 INFO  client.GrpcClientProtocolClient (GrpcClientProtocolClient.java:onNext(255)) - client-DE0880F50CF2->72f5ceaa-5b3b-4bc7-b846-41895f4ebd48: receive RaftClientReply:client-DE0880F50CF2->72f5ceaa-5b3b-4bc7-b846-41895f4ebd48@group-833AA35A7EDE, cid=1623, SUCCESS, logIndex=2321, commits[72f5ceaa-5b3b-4bc7-b846-41895f4ebd48:c2321, b4e1f7d4-4bb4-47ed-a9cb-53483a899fb2:c2319, d3916bce-b37b-4246-83c6-d24846ba1a72:c2319]
2019-07-08 14:21:20,270 INFO  client.GrpcClientProtocolClient (GrpcClientProtocolClient.java:onNext(255)) - client-DE0880F50CF2->72f5ceaa-5b3b-4bc7-b846-41895f4ebd48: receive RaftClientReply:client-DE0880F50CF2->72f5ceaa-5b3b-4bc7-b846-41895f4ebd48@group-833AA35A7EDE, cid=1624, SUCCESS, logIndex=2324, commits[72f5ceaa-5b3b-4bc7-b846-41895f4ebd48:c2325, b4e1f7d4-4bb4-47ed-a9cb-53483a899fb2:c2323, d3916bce-b37b-4246-83c6-d24846ba1a72:c2323]
2019-07-08 14:21:20,270 INFO  client.GrpcClientProtocolClient (GrpcClientProtocolClient.java:onNext(255)) - client-DE0880F50CF2->72f5ceaa-5b3b-4bc7-b846-41895f4ebd48: receive RaftClientReply:client-DE0880F50CF2->72f5ceaa-5b3b-4bc7-b846-41895f4ebd48@group-833AA35A7EDE, cid=1625, SUCCESS, logIndex=2325, commits[72f5ceaa-5b3b-4bc7-b846-41895f4ebd48:c2325, b4e1f7d4-4bb4-47ed-a9cb-53483a899fb2:c2323, d3916bce-b37b-4246-83c6-d24846ba1a72:c2323]
2019-07-08 14:21:20,283 INFO  client.GrpcClientProtocolClient (GrpcClientProtocolClient.java:onNext(255)) - client-DE0880F50CF2->72f5ceaa-5b3b-4bc7-b846-41895f4ebd48: receive RaftClientReply:client-DE0880F50CF2->72f5ceaa-5b3b-4bc7-b846-41895f4ebd48@group-833AA35A7EDE, cid=1626, SUCCESS, logIndex=0, commits[72f5ceaa-5b3b-4bc7-b846-41895f4ebd48:c2327, b4e1f7d4-4bb4-47ed-a9cb-53483a899fb2:c2325, d3916bce-b37b-4246-83c6-d24846ba1a72:c2325]
2019-07-08 14:21:20,313 INFO  client.GrpcClientProtocolClient (GrpcClientProtocolClient.java:onNext(255)) - client-DE0880F50CF2->72f5ceaa-5b3b-4bc7-b846-41895f4ebd48: receive RaftClientReply:client-DE0880F50CF2->72f5ceaa-5b3b-4bc7-b846-41895f4ebd48@group-833AA35A7EDE, cid=1627, SUCCESS, logIndex=2328, commits[72f5ceaa-5b3b-4bc7-b846-41895f4ebd48:c2329, b4e1f7d4-4bb4-47ed-a9cb-53483a899fb2:c2327, d3916bce-b37b-4246-83c6-d24846ba1a72:c2327]
2019-07-08 14:21:20,313 INFO  client.GrpcClientProtocolClient (GrpcClientProtocolClient.java:onNext(255)) - client-DE0880F50CF2->72f5ceaa-5b3b-4bc7-b846-41895f4ebd48: receive RaftClientReply:client-DE0880F50CF2->72f5ceaa-5b3b-4bc7-b846-41895f4ebd48@group-833AA35A7EDE, cid=1628, SUCCESS, logIndex=2329, commits[72f5ceaa-5b3b-4bc7-b846-41895f4ebd48:c2330, b4e1f7d4-4bb4-47ed-a9cb-53483a899fb2:c2327, d3916bce-b37b-4246-83c6-d24846ba1a72:c2327]
2019-07-08 14:21:20,314 INFO  client.GrpcClientProtocolClient (GrpcClientProtocolClient.java:onNext(255)) - client-DE0880F50CF2->72f5ceaa-5b3b-4bc7-b846-41895f4ebd48: receive RaftClientReply:client-DE0880F50CF2->72f5ceaa-5b3b-4bc7-b846-41895f4ebd48@group-833AA35A7EDE, cid=1629, SUCCESS, logIndex=2330, commits[72f5ceaa-5b3b-4bc7-b846-41895f4ebd48:c2331, b4e1f7d4-4bb4-47ed-a9cb-53483a899fb2:c2327, d3916bce-b37b-4246-83c6-d24846ba1a72:c2327]
2019-07-08 14:21:20,314 INFO  client.GrpcClientProtocolClient (GrpcClientProtocolClient.java:onNext(255)) - client-DE0880F50CF2->72f5ceaa-5b3b-4bc7-b846-41895f4ebd48: receive RaftClientReply:client-DE0880F50CF2->72f5ceaa-5b3b-4bc7-b846-41895f4ebd48@group-833AA35A7EDE, cid=1630, SUCCESS, logIndex=2331, commits[72f5ceaa-5b3b-4bc7-b846-41895f4ebd48:c2331, b4e1f7d4-4bb4-47ed-a9cb-53483a899fb2:c2327, d3916bce-b37b-4246-83c6-d24846ba1a72:c2327]
2019-07-08 14:21:20,316 INFO  client.GrpcClientProtocolClient (GrpcClientProtocolClient.java:onNext(255)) - client-DE0880F50CF2->72f5ceaa-5b3b-4bc7-b846-41895f4ebd48: receive RaftClientReply:client-DE0880F50CF2->72f5ceaa-5b3b-4bc7-b846-41895f4ebd48@group-833AA35A7EDE, cid=1631, SUCCESS, logIndex=0, commits[72f5ceaa-5b3b-4bc7-b846-41895f4ebd48:c2333, b4e1f7d4-4bb4-47ed-a9cb-53483a899fb2:c2329, d3916bce-b37b-4246-83c6-d24846ba1a72:c2329]
2019-07-08 14:21:20,337 INFO  client.GrpcClientProtocolClient (GrpcClientProtocolClient.java:onNext(255)) - client-DE0880F50CF2->72f5ceaa-5b3b-4bc7-b846-41895f4ebd48: receive RaftClientReply:client-DE0880F50CF2->72f5ceaa-5b3b-4bc7-b846-41895f4ebd48@group-833AA35A7EDE, cid=1632, SUCCESS, logIndex=2336, commits[72f5ceaa-5b3b-4bc7-b846-41895f4ebd48:c2337, b4e1f7d4-4bb4-47ed-a9cb-53483a899fb2:c2335, d3916bce-b37b-4246-83c6-d24846ba1a72:c2335]
2019-07-08 14:21:20,337 INFO  client.GrpcClientProtocolClient (GrpcClientProtocolClient.java:onNext(255)) - client-DE0880F50CF2->72f5ceaa-5b3b-4bc7-b846-41895f4ebd48: receive RaftClientReply:client-DE0880F50CF2->72f5ceaa-5b3b-4bc7-b846-41895f4ebd48@group-833AA35A7EDE, cid=1633, SUCCESS, logIndex=2337, commits[72f5ceaa-5b3b-4bc7-b846-41895f4ebd48:c2337, b4e1f7d4-4bb4-47ed-a9cb-53483a899fb2:c2335, d3916bce-b37b-4246-83c6-d24846ba1a72:c2335]
2019-07-08 14:21:20,350 INFO  client.GrpcClientProtocolClient (GrpcClientProtocolClient.java:onNext(255)) - client-DE0880F50CF2->72f5ceaa-5b3b-4bc7-b846-41895f4ebd48: receive RaftClientReply:client-DE0880F50CF2->72f5ceaa-5b3b-4bc7-b846-41895f4ebd48@group-833AA35A7EDE, cid=1634, SUCCESS, logIndex=2340, commits[72f5ceaa-5b3b-4bc7-b846-41895f4ebd48:c2341, b4e1f7d4-4bb4-47ed-a9cb-53483a899fb2:c2337, d3916bce-b37b-4246-83c6-d24846ba1a72:c2337]
2019-07-08 14:21:20,351 INFO  client.GrpcClientProtocolClient (GrpcClientProtocolClient.java:onNext(255)) - client-DE0880F50CF2->72f5ceaa-5b3b-4bc7-b846-41895f4ebd48: receive RaftClientReply:client-DE0880F50CF2->72f5ceaa-5b3b-4bc7-b846-41895f4ebd48@group-833AA35A7EDE, cid=1635, SUCCESS, logIndex=2341, commits[72f5ceaa-5b3b-4bc7-b846-41895f4ebd48:c2341, b4e1f7d4-4bb4-47ed-a9cb-53483a899fb2:c2337, d3916bce-b37b-4246-83c6-d24846ba1a72:c2337]
2019-07-08 14:21:20,366 INFO  client.GrpcClientProtocolClient (GrpcClientProtocolClient.java:onNext(255)) - client-DE0880F50CF2->72f5ceaa-5b3b-4bc7-b846-41895f4ebd48: receive RaftClientReply:client-DE0880F50CF2->72f5ceaa-5b3b-4bc7-b846-41895f4ebd48@group-833AA35A7EDE, cid=1636, SUCCESS, logIndex=0, commits[72f5ceaa-5b3b-4bc7-b846-41895f4ebd48:c2343, b4e1f7d4-4bb4-47ed-a9cb-53483a899fb2:c2341, d3916bce-b37b-4246-83c6-d24846ba1a72:c2341]
2019-07-08 14:21:20,395 INFO  client.GrpcClientProtocolClient (GrpcClientProtocolClient.java:onNext(255)) - client-DE0880F50CF2->72f5ceaa-5b3b-4bc7-b846-41895f4ebd48: receive RaftClientReply:client-DE0880F50CF2->72f5ceaa-5b3b-4bc7-b846-41895f4ebd48@group-833AA35A7EDE, cid=1637, SUCCESS, logIndex=2344, commits[72f5ceaa-5b3b-4bc7-b846-41895f4ebd48:c2345, b4e1f7d4-4bb4-47ed-a9cb-53483a899fb2:c2343, d3916bce-b37b-4246-83c6-d24846ba1a72:c2343]
2019-07-08 14:21:20,395 INFO  client.GrpcClientProtocolClient (GrpcClientProtocolClient.java:onNext(255)) - client-DE0880F50CF2->72f5ceaa-5b3b-4bc7-b846-41895f4ebd48: receive RaftClientReply:client-DE0880F50CF2->72f5ceaa-5b3b-4bc7-b846-41895f4ebd48@group-833AA35A7EDE, cid=1638, SUCCESS, logIndex=2345, commits[72f5ceaa-5b3b-4bc7-b846-41895f4ebd48:c2346, b4e1f7d4-4bb4-47ed-a9cb-53483a899fb2:c2343, d3916bce-b37b-4246-83c6-d24846ba1a72:c2343]
2019-07-08 14:21:20,396 INFO  client.GrpcClientProtocolClient (GrpcClientProtocolClient.java:onNext(255)) - client-DE0880F50CF2->72f5ceaa-5b3b-4bc7-b846-41895f4ebd48: receive RaftClientReply:client-DE0880F50CF2->72f5ceaa-5b3b-4bc7-b846-41895f4ebd48@group-833AA35A7EDE, cid=1639, SUCCESS, logIndex=2346, commits[72f5ceaa-5b3b-4bc7-b846-41895f4ebd48:c2347, b4e1f7d4-4bb4-47ed-a9cb-53483a899fb2:c2343, d3916bce-b37b-4246-83c6-d24846ba1a72:c2343]
2019-07-08 14:21:20,396 INFO  client.GrpcClientProtocolClient (GrpcClientProtocolClient.java:onNext(255)) - client-DE0880F50CF2->72f5ceaa-5b3b-4bc7-b846-41895f4ebd48: receive RaftClientReply:client-DE0880F50CF2->72f5ceaa-5b3b-4bc7-b846-41895f4ebd48@group-833AA35A7EDE, cid=1640, SUCCESS, logIndex=2347, commits[72f5ceaa-5b3b-4bc7-b846-41895f4ebd48:c2347, b4e1f7d4-4bb4-47ed-a9cb-53483a899fb2:c2343, d3916bce-b37b-4246-83c6-d24846ba1a72:c2343]
2019-07-08 14:21:20,398 INFO  client.GrpcClientProtocolClient (GrpcClientProtocolClient.java:onNext(255)) - client-DE0880F50CF2->72f5ceaa-5b3b-4bc7-b846-41895f4ebd48: receive RaftClientReply:client-DE0880F50CF2->72f5ceaa-5b3b-4bc7-b846-41895f4ebd48@group-833AA35A7EDE, cid=1641, SUCCESS, logIndex=0, commits[72f5ceaa-5b3b-4bc7-b846-41895f4ebd48:c2350, b4e1f7d4-4bb4-47ed-a9cb-53483a899fb2:c2346, d3916bce-b37b-4246-83c6-d24846ba1a72:c2346]
2019-07-08 14:21:20,418 INFO  client.GrpcClientProtocolClient (GrpcClientProtocolClient.java:onNext(255)) - client-DE0880F50CF2->72f5ceaa-5b3b-4bc7-b846-41895f4ebd48: receive RaftClientReply:client-DE0880F50CF2->72f5ceaa-5b3b-4bc7-b846-41895f4ebd48@group-833AA35A7EDE, cid=1642, SUCCESS, logIndex=2352, commits[72f5ceaa-5b3b-4bc7-b846-41895f4ebd48:c2353, b4e1f7d4-4bb4-47ed-a9cb-53483a899fb2:c2351, d3916bce-b37b-4246-83c6-d24846ba1a72:c2351]
2019-07-08 14:21:20,419 INFO  client.GrpcClientProtocolClient (GrpcClientProtocolClient.java:onNext(255)) - client-DE0880F50CF2->72f5ceaa-5b3b-4bc7-b846-41895f4ebd48: receive RaftClientReply:client-DE0880F50CF2->72f5ceaa-5b3b-4bc7-b846-41895f4ebd48@group-833AA35A7EDE, cid=1643, SUCCESS, logIndex=2353, commits[72f5ceaa-5b3b-4bc7-b846-41895f4ebd48:c2353, b4e1f7d4-4bb4-47ed-a9cb-53483a899fb2:c2351, d3916bce-b37b-4246-83c6-d24846ba1a72:c2351]
2019-07-08 14:21:20,432 INFO  client.GrpcClientProtocolClient (GrpcClientProtocolClient.java:onNext(255)) - client-DE0880F50CF2->72f5ceaa-5b3b-4bc7-b846-41895f4ebd48: receive RaftClientReply:client-DE0880F50CF2->72f5ceaa-5b3b-4bc7-b846-41895f4ebd48@group-833AA35A7EDE, cid=1644, SUCCESS, logIndex=2356, commits[72f5ceaa-5b3b-4bc7-b846-41895f4ebd48:c2356, b4e1f7d4-4bb4-47ed-a9cb-53483a899fb2:c2353, d3916bce-b37b-4246-83c6-d24846ba1a72:c2353]
2019-07-08 14:21:20,432 INFO  client.GrpcClientProtocolClient (GrpcClientProtocolClient.java:onNext(255)) - client-DE0880F50CF2->72f5ceaa-5b3b-4bc7-b846-41895f4ebd48: receive RaftClientReply:client-DE0880F50CF2->72f5ceaa-5b3b-4bc7-b846-41895f4ebd48@group-833AA35A7EDE, cid=1645, SUCCESS, logIndex=2357, commits[72f5ceaa-5b3b-4bc7-b846-41895f4ebd48:c2357, b4e1f7d4-4bb4-47ed-a9cb-53483a899fb2:c2353, d3916bce-b37b-4246-83c6-d24846ba1a72:c2353]
2019-07-08 14:21:20,445 INFO  client.GrpcClientProtocolClient (GrpcClientProtocolClient.java:onNext(255)) - client-DE0880F50CF2->72f5ceaa-5b3b-4bc7-b846-41895f4ebd48: receive RaftClientReply:client-DE0880F50CF2->72f5ceaa-5b3b-4bc7-b846-41895f4ebd48@group-833AA35A7EDE, cid=1646, SUCCESS, logIndex=0, commits[72f5ceaa-5b3b-4bc7-b846-41895f4ebd48:c2359, b4e1f7d4-4bb4-47ed-a9cb-53483a899fb2:c2357, d3916bce-b37b-4246-83c6-d24846ba1a72:c2357]
2019-07-08 14:21:20,470 INFO  client.GrpcClientProtocolClient (GrpcClientProtocolClient.java:onNext(255)) - client-DE0880F50CF2->72f5ceaa-5b3b-4bc7-b846-41895f4ebd48: receive RaftClientReply:client-DE0880F50CF2->72f5ceaa-5b3b-4bc7-b846-41895f4ebd48@group-833AA35A7EDE, cid=1647, SUCCESS, logIndex=2360, commits[72f5ceaa-5b3b-4bc7-b846-41895f4ebd48:c2361, b4e1f7d4-4bb4-47ed-a9cb-53483a899fb2:c2359, d3916bce-b37b-4246-83c6-d24846ba1a72:c2359]
2019-07-08 14:21:20,471 INFO  client.GrpcClientProtocolClient (GrpcClientProtocolClient.java:onNext(255)) - client-DE0880F50CF2->72f5ceaa-5b3b-4bc7-b846-41895f4ebd48: receive RaftClientReply:client-DE0880F50CF2->72f5ceaa-5b3b-4bc7-b846-41895f4ebd48@group-833AA35A7EDE, cid=1648, SUCCESS, logIndex=2361, commits[72f5ceaa-5b3b-4bc7-b846-41895f4ebd48:c2361, b4e1f7d4-4bb4-47ed-a9cb-53483a899fb2:c2359, d3916bce-b37b-4246-83c6-d24846ba1a72:c2359]
2019-07-08 14:21:20,472 INFO  client.GrpcClientProtocolClient (GrpcClientProtocolClient.java:onNext(255)) - client-DE0880F50CF2->72f5ceaa-5b3b-4bc7-b846-41895f4ebd48: receive RaftClientReply:client-DE0880F50CF2->72f5ceaa-5b3b-4bc7-b846-41895f4ebd48@group-833AA35A7EDE, cid=1649, SUCCESS, logIndex=2362, commits[72f5ceaa-5b3b-4bc7-b846-41895f4ebd48:c2363, b4e1f7d4-4bb4-47ed-a9cb-53483a899fb2:c2359, d3916bce-b37b-4246-83c6-d24846ba1a72:c2359]
2019-07-08 14:21:20,472 INFO  client.GrpcClientProtocolClient (GrpcClientProtocolClient.java:onNext(255)) - client-DE0880F50CF2->72f5ceaa-5b3b-4bc7-b846-41895f4ebd48: receive RaftClientReply:client-DE0880F50CF2->72f5ceaa-5b3b-4bc7-b846-41895f4ebd48@group-833AA35A7EDE, cid=1650, SUCCESS, logIndex=2363, commits[72f5ceaa-5b3b-4bc7-b846-41895f4ebd48:c2363, b4e1f7d4-4bb4-47ed-a9cb-53483a899fb2:c2359, d3916bce-b37b-4246-83c6-d24846ba1a72:c2359]
2019-07-08 14:21:20,473 INFO  client.GrpcClientProtocolClient (GrpcClientProtocolClient.java:onNext(255)) - client-DE0880F50CF2->72f5ceaa-5b3b-4bc7-b846-41895f4ebd48: receive RaftClientReply:client-DE0880F50CF2->72f5ceaa-5b3b-4bc7-b846-41895f4ebd48@group-833AA35A7EDE, cid=1651, SUCCESS, logIndex=0, commits[72f5ceaa-5b3b-4bc7-b846-41895f4ebd48:c2365, b4e1f7d4-4bb4-47ed-a9cb-53483a899fb2:c2361, d3916bce-b37b-4246-83c6-d24846ba1a72:c2361]
2019-07-08 14:21:20,506 INFO  client.GrpcClientProtocolClient (GrpcClientProtocolClient.java:onNext(255)) - client-DE0880F50CF2->72f5ceaa-5b3b-4bc7-b846-41895f4ebd48: receive RaftClientReply:client-DE0880F50CF2->72f5ceaa-5b3b-4bc7-b846-41895f4ebd48@group-833AA35A7EDE, cid=1652, SUCCESS, logIndex=2368, commits[72f5ceaa-5b3b-4bc7-b846-41895f4ebd48:c2369, b4e1f7d4-4bb4-47ed-a9cb-53483a899fb2:c2363, d3916bce-b37b-4246-83c6-d24846ba1a72:c2367]
2019-07-08 14:21:20,506 INFO  client.GrpcClientProtocolClient (GrpcClientProtocolClient.java:onNext(255)) - client-DE0880F50CF2->72f5ceaa-5b3b-4bc7-b846-41895f4ebd48: receive RaftClientReply:client-DE0880F50CF2->72f5ceaa-5b3b-4bc7-b846-41895f4ebd48@group-833AA35A7EDE, cid=1653, SUCCESS, logIndex=2369, commits[72f5ceaa-5b3b-4bc7-b846-41895f4ebd48:c2369, b4e1f7d4-4bb4-47ed-a9cb-53483a899fb2:c2367, d3916bce-b37b-4246-83c6-d24846ba1a72:c2367]
2019-07-08 14:21:20,527 INFO  client.GrpcClientProtocolClient (GrpcClientProtocolClient.java:onNext(255)) - client-DE0880F50CF2->72f5ceaa-5b3b-4bc7-b846-41895f4ebd48: receive RaftClientReply:client-DE0880F50CF2->72f5ceaa-5b3b-4bc7-b846-41895f4ebd48@group-833AA35A7EDE, cid=1654, SUCCESS, logIndex=2372, commits[72f5ceaa-5b3b-4bc7-b846-41895f4ebd48:c2373, b4e1f7d4-4bb4-47ed-a9cb-53483a899fb2:c2371, d3916bce-b37b-4246-83c6-d24846ba1a72:c2371]
2019-07-08 14:21:20,528 INFO  client.GrpcClientProtocolClient (GrpcClientProtocolClient.java:onNext(255)) - client-DE0880F50CF2->72f5ceaa-5b3b-4bc7-b846-41895f4ebd48: receive RaftClientReply:client-DE0880F50CF2->72f5ceaa-5b3b-4bc7-b846-41895f4ebd48@group-833AA35A7EDE, cid=1655, SUCCESS, logIndex=2373, commits[72f5ceaa-5b3b-4bc7-b846-41895f4ebd48:c2373, b4e1f7d4-4bb4-47ed-a9cb-53483a899fb2:c2371, d3916bce-b37b-4246-83c6-d24846ba1a72:c2371]
2019-07-08 14:21:20,540 INFO  client.GrpcClientProtocolClient (GrpcClientProtocolClient.java:onNext(255)) - client-DE0880F50CF2->72f5ceaa-5b3b-4bc7-b846-41895f4ebd48: receive RaftClientReply:client-DE0880F50CF2->72f5ceaa-5b3b-4bc7-b846-41895f4ebd48@group-833AA35A7EDE, cid=1656, SUCCESS, logIndex=0, commits[72f5ceaa-5b3b-4bc7-b846-41895f4ebd48:c2375, b4e1f7d4-4bb4-47ed-a9cb-53483a899fb2:c2373, d3916bce-b37b-4246-83c6-d24846ba1a72:c2373]
2019-07-08 14:21:20,570 INFO  client.GrpcClientProtocolClient (GrpcClientProtocolClient.java:onNext(255)) - client-DE0880F50CF2->72f5ceaa-5b3b-4bc7-b846-41895f4ebd48: receive RaftClientReply:client-DE0880F50CF2->72f5ceaa-5b3b-4bc7-b846-41895f4ebd48@group-833AA35A7EDE, cid=1657, SUCCESS, logIndex=2376, commits[72f5ceaa-5b3b-4bc7-b846-41895f4ebd48:c2377, b4e1f7d4-4bb4-47ed-a9cb-53483a899fb2:c2375, d3916bce-b37b-4246-83c6-d24846ba1a72:c2375]
2019-07-08 14:21:20,570 INFO  client.GrpcClientProtocolClient (GrpcClientProtocolClient.java:onNext(255)) - client-DE0880F50CF2->72f5ceaa-5b3b-4bc7-b846-41895f4ebd48: receive RaftClientReply:client-DE0880F50CF2->72f5ceaa-5b3b-4bc7-b846-41895f4ebd48@group-833AA35A7EDE, cid=1658, SUCCESS, logIndex=2377, commits[72f5ceaa-5b3b-4bc7-b846-41895f4ebd48:c2378, b4e1f7d4-4bb4-47ed-a9cb-53483a899fb2:c2375, d3916bce-b37b-4246-83c6-d24846ba1a72:c2375]
2019-07-08 14:21:20,570 INFO  client.GrpcClientProtocolClient (GrpcClientProtocolClient.java:onNext(255)) - client-DE0880F50CF2->72f5ceaa-5b3b-4bc7-b846-41895f4ebd48: receive RaftClientReply:client-DE0880F50CF2->72f5ceaa-5b3b-4bc7-b846-41895f4ebd48@group-833AA35A7EDE, cid=1659, SUCCESS, logIndex=2378, commits[72f5ceaa-5b3b-4bc7-b846-41895f4ebd48:c2379, b4e1f7d4-4bb4-47ed-a9cb-53483a899fb2:c2375, d3916bce-b37b-4246-83c6-d24846ba1a72:c2375]
2019-07-08 14:21:20,571 INFO  client.GrpcClientProtocolClient (GrpcClientProtocolClient.java:onNext(255)) - client-DE0880F50CF2->72f5ceaa-5b3b-4bc7-b846-41895f4ebd48: receive RaftClientReply:client-DE0880F50CF2->72f5ceaa-5b3b-4bc7-b846-41895f4ebd48@group-833AA35A7EDE, cid=1660, SUCCESS, logIndex=2379, commits[72f5ceaa-5b3b-4bc7-b846-41895f4ebd48:c2379, b4e1f7d4-4bb4-47ed-a9cb-53483a899fb2:c2375, d3916bce-b37b-4246-83c6-d24846ba1a72:c2375]
2019-07-08 14:21:20,584 INFO  client.GrpcClientProtocolClient (GrpcClientProtocolClient.java:onNext(255)) - client-DE0880F50CF2->72f5ceaa-5b3b-4bc7-b846-41895f4ebd48: receive RaftClientReply:client-DE0880F50CF2->72f5ceaa-5b3b-4bc7-b846-41895f4ebd48@group-833AA35A7EDE, cid=1661, SUCCESS, logIndex=0, commits[72f5ceaa-5b3b-4bc7-b846-41895f4ebd48:c2381, b4e1f7d4-4bb4-47ed-a9cb-53483a899fb2:c2377, d3916bce-b37b-4246-83c6-d24846ba1a72:c2377]
2019-07-08 14:21:20,608 INFO  client.GrpcClientProtocolClient (GrpcClientProtocolClient.java:onNext(255)) - client-DE0880F50CF2->72f5ceaa-5b3b-4bc7-b846-41895f4ebd48: receive RaftClientReply:client-DE0880F50CF2->72f5ceaa-5b3b-4bc7-b846-41895f4ebd48@group-833AA35A7EDE, cid=1662, SUCCESS, logIndex=2384, commits[72f5ceaa-5b3b-4bc7-b846-41895f4ebd48:c2385, b4e1f7d4-4bb4-47ed-a9cb-53483a899fb2:c2383, d3916bce-b37b-4246-83c6-d24846ba1a72:c2383]
2019-07-08 14:21:20,608 INFO  client.GrpcClientProtocolClient (GrpcClientProtocolClient.java:onNext(255)) - client-DE0880F50CF2->72f5ceaa-5b3b-4bc7-b846-41895f4ebd48: receive RaftClientReply:client-DE0880F50CF2->72f5ceaa-5b3b-4bc7-b846-41895f4ebd48@group-833AA35A7EDE, cid=1663, SUCCESS, logIndex=2385, commits[72f5ceaa-5b3b-4bc7-b846-41895f4ebd48:c2385, b4e1f7d4-4bb4-47ed-a9cb-53483a899fb2:c2383, d3916bce-b37b-4246-83c6-d24846ba1a72:c2383]
2019-07-08 14:21:20,621 INFO  client.GrpcClientProtocolClient (GrpcClientProtocolClient.java:onNext(255)) - client-DE0880F50CF2->72f5ceaa-5b3b-4bc7-b846-41895f4ebd48: receive RaftClientReply:client-DE0880F50CF2->72f5ceaa-5b3b-4bc7-b846-41895f4ebd48@group-833AA35A7EDE, cid=1664, SUCCESS, logIndex=2388, commits[72f5ceaa-5b3b-4bc7-b846-41895f4ebd48:c2388, b4e1f7d4-4bb4-47ed-a9cb-53483a899fb2:c2385, d3916bce-b37b-4246-83c6-d24846ba1a72:c2385]
2019-07-08 14:21:20,621 INFO  client.GrpcClientProtocolClient (GrpcClientProtocolClient.java:onNext(255)) - client-DE0880F50CF2->72f5ceaa-5b3b-4bc7-b846-41895f4ebd48: receive RaftClientReply:client-DE0880F50CF2->72f5ceaa-5b3b-4bc7-b846-41895f4ebd48@group-833AA35A7EDE, cid=1665, SUCCESS, logIndex=2389, commits[72f5ceaa-5b3b-4bc7-b846-41895f4ebd48:c2389, b4e1f7d4-4bb4-47ed-a9cb-53483a899fb2:c2385, d3916bce-b37b-4246-83c6-d24846ba1a72:c2385]
2019-07-08 14:21:20,634 INFO  client.GrpcClientProtocolClient (GrpcClientProtocolClient.java:onNext(255)) - client-DE0880F50CF2->72f5ceaa-5b3b-4bc7-b846-41895f4ebd48: receive RaftClientReply:client-DE0880F50CF2->72f5ceaa-5b3b-4bc7-b846-41895f4ebd48@group-833AA35A7EDE, cid=1666, SUCCESS, logIndex=0, commits[72f5ceaa-5b3b-4bc7-b846-41895f4ebd48:c2391, b4e1f7d4-4bb4-47ed-a9cb-53483a899fb2:c2389, d3916bce-b37b-4246-83c6-d24846ba1a72:c2389]
 0.00% |█                                                                                                    |  0/1 Time: 0:00:152019-07-08 14:21:20,782 INFO  client.GrpcClientProtocolClient (GrpcClientProtocolClient.java:onNext(255)) - client-DE0880F50CF2->72f5ceaa-5b3b-4bc7-b846-41895f4ebd48: receive RaftClientReply:client-DE0880F50CF2->72f5ceaa-5b3b-4bc7-b846-41895f4ebd48@group-833AA35A7EDE, cid=1667, SUCCESS, logIndex=2392, commits[72f5ceaa-5b3b-4bc7-b846-41895f4ebd48:c2393, b4e1f7d4-4bb4-47ed-a9cb-53483a899fb2:c2391, d3916bce-b37b-4246-83c6-d24846ba1a72:c2391]
2019-07-08 14:21:20,783 INFO  client.GrpcClientProtocolClient (GrpcClientProtocolClient.java:onNext(255)) - client-DE0880F50CF2->72f5ceaa-5b3b-4bc7-b846-41895f4ebd48: receive RaftClientReply:client-DE0880F50CF2->72f5ceaa-5b3b-4bc7-b846-41895f4ebd48@group-833AA35A7EDE, cid=1668, SUCCESS, logIndex=2393, commits[72f5ceaa-5b3b-4bc7-b846-41895f4ebd48:c2395, b4e1f7d4-4bb4-47ed-a9cb-53483a899fb2:c2391, d3916bce-b37b-4246-83c6-d24846ba1a72:c2391]
2019-07-08 14:21:20,783 INFO  client.GrpcClientProtocolClient (GrpcClientProtocolClient.java:onNext(255)) - client-DE0880F50CF2->72f5ceaa-5b3b-4bc7-b846-41895f4ebd48: receive RaftClientReply:client-DE0880F50CF2->72f5ceaa-5b3b-4bc7-b846-41895f4ebd48@group-833AA35A7EDE, cid=1669, SUCCESS, logIndex=2394, commits[72f5ceaa-5b3b-4bc7-b846-41895f4ebd48:c2395, b4e1f7d4-4bb4-47ed-a9cb-53483a899fb2:c2391, d3916bce-b37b-4246-83c6-d24846ba1a72:c2391]
2019-07-08 14:21:20,784 INFO  client.GrpcClientProtocolClient (GrpcClientProtocolClient.java:onNext(255)) - client-DE0880F50CF2->72f5ceaa-5b3b-4bc7-b846-41895f4ebd48: receive RaftClientReply:client-DE0880F50CF2->72f5ceaa-5b3b-4bc7-b846-41895f4ebd48@group-833AA35A7EDE, cid=1670, SUCCESS, logIndex=2395, commits[72f5ceaa-5b3b-4bc7-b846-41895f4ebd48:c2395, b4e1f7d4-4bb4-47ed-a9cb-53483a899fb2:c2391, d3916bce-b37b-4246-83c6-d24846ba1a72:c2391]
2019-07-08 14:21:20,785 INFO  client.GrpcClientProtocolClient (GrpcClientProtocolClient.java:onNext(255)) - client-DE0880F50CF2->72f5ceaa-5b3b-4bc7-b846-41895f4ebd48: receive RaftClientReply:client-DE0880F50CF2->72f5ceaa-5b3b-4bc7-b846-41895f4ebd48@group-833AA35A7EDE, cid=1671, SUCCESS, logIndex=0, commits[72f5ceaa-5b3b-4bc7-b846-41895f4ebd48:c2399, b4e1f7d4-4bb4-47ed-a9cb-53483a899fb2:c2395, d3916bce-b37b-4246-83c6-d24846ba1a72:c2393]
2019-07-08 14:21:20,811 INFO  client.GrpcClientProtocolClient (GrpcClientProtocolClient.java:onNext(255)) - client-DE0880F50CF2->72f5ceaa-5b3b-4bc7-b846-41895f4ebd48: receive RaftClientReply:client-DE0880F50CF2->72f5ceaa-5b3b-4bc7-b846-41895f4ebd48@group-833AA35A7EDE, cid=1672, SUCCESS, logIndex=2400, commits[72f5ceaa-5b3b-4bc7-b846-41895f4ebd48:c2401, b4e1f7d4-4bb4-47ed-a9cb-53483a899fb2:c2399, d3916bce-b37b-4246-83c6-d24846ba1a72:c2399]
2019-07-08 14:21:20,811 INFO  client.GrpcClientProtocolClient (GrpcClientProtocolClient.java:onNext(255)) - client-DE0880F50CF2->72f5ceaa-5b3b-4bc7-b846-41895f4ebd48: receive RaftClientReply:client-DE0880F50CF2->72f5ceaa-5b3b-4bc7-b846-41895f4ebd48@group-833AA35A7EDE, cid=1673, SUCCESS, logIndex=2401, commits[72f5ceaa-5b3b-4bc7-b846-41895f4ebd48:c2401, b4e1f7d4-4bb4-47ed-a9cb-53483a899fb2:c2399, d3916bce-b37b-4246-83c6-d24846ba1a72:c2399]
2019-07-08 14:21:20,836 INFO  client.GrpcClientProtocolClient (GrpcClientProtocolClient.java:onNext(255)) - client-DE0880F50CF2->72f5ceaa-5b3b-4bc7-b846-41895f4ebd48: receive RaftClientReply:client-DE0880F50CF2->72f5ceaa-5b3b-4bc7-b846-41895f4ebd48@group-833AA35A7EDE, cid=1674, SUCCESS, logIndex=2404, commits[72f5ceaa-5b3b-4bc7-b846-41895f4ebd48:c2405, b4e1f7d4-4bb4-47ed-a9cb-53483a899fb2:c2401, d3916bce-b37b-4246-83c6-d24846ba1a72:c2401]
2019-07-08 14:21:20,836 INFO  client.GrpcClientProtocolClient (GrpcClientProtocolClient.java:onNext(255)) - client-DE0880F50CF2->72f5ceaa-5b3b-4bc7-b846-41895f4ebd48: receive RaftClientReply:client-DE0880F50CF2->72f5ceaa-5b3b-4bc7-b846-41895f4ebd48@group-833AA35A7EDE, cid=1675, SUCCESS, logIndex=2405, commits[72f5ceaa-5b3b-4bc7-b846-41895f4ebd48:c2405, b4e1f7d4-4bb4-47ed-a9cb-53483a899fb2:c2401, d3916bce-b37b-4246-83c6-d24846ba1a72:c2401]
2019-07-08 14:21:20,838 INFO  client.GrpcClientProtocolClient (GrpcClientProtocolClient.java:onNext(255)) - client-DE0880F50CF2->72f5ceaa-5b3b-4bc7-b846-41895f4ebd48: receive RaftClientReply:client-DE0880F50CF2->72f5ceaa-5b3b-4bc7-b846-41895f4ebd48@group-833AA35A7EDE, cid=1676, SUCCESS, logIndex=0, commits[72f5ceaa-5b3b-4bc7-b846-41895f4ebd48:c2406, b4e1f7d4-4bb4-47ed-a9cb-53483a899fb2:c2405, d3916bce-b37b-4246-83c6-d24846ba1a72:c2405]
2019-07-08 14:21:20,869 INFO  client.GrpcClientProtocolClient (GrpcClientProtocolClient.java:onNext(255)) - client-DE0880F50CF2->72f5ceaa-5b3b-4bc7-b846-41895f4ebd48: receive RaftClientReply:client-DE0880F50CF2->72f5ceaa-5b3b-4bc7-b846-41895f4ebd48@group-833AA35A7EDE, cid=1677, SUCCESS, logIndex=2407, commits[72f5ceaa-5b3b-4bc7-b846-41895f4ebd48:c2408, b4e1f7d4-4bb4-47ed-a9cb-53483a899fb2:c2406, d3916bce-b37b-4246-83c6-d24846ba1a72:c2406]
2019-07-08 14:21:20,870 INFO  client.GrpcClientProtocolClient (GrpcClientProtocolClient.java:onNext(255)) - client-DE0880F50CF2->72f5ceaa-5b3b-4bc7-b846-41895f4ebd48: receive RaftClientReply:client-DE0880F50CF2->72f5ceaa-5b3b-4bc7-b846-41895f4ebd48@group-833AA35A7EDE, cid=1678, SUCCESS, logIndex=2408, commits[72f5ceaa-5b3b-4bc7-b846-41895f4ebd48:c2408, b4e1f7d4-4bb4-47ed-a9cb-53483a899fb2:c2406, d3916bce-b37b-4246-83c6-d24846ba1a72:c2406]
2019-07-08 14:21:20,871 INFO  client.GrpcClientProtocolClient (GrpcClientProtocolClient.java:onNext(255)) - client-DE0880F50CF2->72f5ceaa-5b3b-4bc7-b846-41895f4ebd48: receive RaftClientReply:client-DE0880F50CF2->72f5ceaa-5b3b-4bc7-b846-41895f4ebd48@group-833AA35A7EDE, cid=1679, SUCCESS, logIndex=2409, commits[72f5ceaa-5b3b-4bc7-b846-41895f4ebd48:c2411, b4e1f7d4-4bb4-47ed-a9cb-53483a899fb2:c2406, d3916bce-b37b-4246-83c6-d24846ba1a72:c2407]
2019-07-08 14:21:20,871 INFO  client.GrpcClientProtocolClient (GrpcClientProtocolClient.java:onNext(255)) - client-DE0880F50CF2->72f5ceaa-5b3b-4bc7-b846-41895f4ebd48: receive RaftClientReply:client-DE0880F50CF2->72f5ceaa-5b3b-4bc7-b846-41895f4ebd48@group-833AA35A7EDE, cid=1680, SUCCESS, logIndex=2410, commits[72f5ceaa-5b3b-4bc7-b846-41895f4ebd48:c2411, b4e1f7d4-4bb4-47ed-a9cb-53483a899fb2:c2407, d3916bce-b37b-4246-83c6-d24846ba1a72:c2407]
2019-07-08 14:21:20,873 INFO  client.GrpcClientProtocolClient (GrpcClientProtocolClient.java:onNext(255)) - client-DE0880F50CF2->72f5ceaa-5b3b-4bc7-b846-41895f4ebd48: receive RaftClientReply:client-DE0880F50CF2->72f5ceaa-5b3b-4bc7-b846-41895f4ebd48@group-833AA35A7EDE, cid=1681, SUCCESS, logIndex=0, commits[72f5ceaa-5b3b-4bc7-b846-41895f4ebd48:c2413, b4e1f7d4-4bb4-47ed-a9cb-53483a899fb2:c2410, d3916bce-b37b-4246-83c6-d24846ba1a72:c2408]
2019-07-08 14:21:20,894 INFO  client.GrpcClientProtocolClient (GrpcClientProtocolClient.java:onNext(255)) - client-DE0880F50CF2->72f5ceaa-5b3b-4bc7-b846-41895f4ebd48: receive RaftClientReply:client-DE0880F50CF2->72f5ceaa-5b3b-4bc7-b846-41895f4ebd48@group-833AA35A7EDE, cid=1682, SUCCESS, logIndex=2414, commits[72f5ceaa-5b3b-4bc7-b846-41895f4ebd48:c2415, b4e1f7d4-4bb4-47ed-a9cb-53483a899fb2:c2413, d3916bce-b37b-4246-83c6-d24846ba1a72:c2413]
2019-07-08 14:21:20,894 INFO  client.GrpcClientProtocolClient (GrpcClientProtocolClient.java:onNext(255)) - client-DE0880F50CF2->72f5ceaa-5b3b-4bc7-b846-41895f4ebd48: receive RaftClientReply:client-DE0880F50CF2->72f5ceaa-5b3b-4bc7-b846-41895f4ebd48@group-833AA35A7EDE, cid=1683, SUCCESS, logIndex=2415, commits[72f5ceaa-5b3b-4bc7-b846-41895f4ebd48:c2415, b4e1f7d4-4bb4-47ed-a9cb-53483a899fb2:c2413, d3916bce-b37b-4246-83c6-d24846ba1a72:c2413]
2019-07-08 14:21:20,907 INFO  client.GrpcClientProtocolClient (GrpcClientProtocolClient.java:onNext(255)) - client-DE0880F50CF2->72f5ceaa-5b3b-4bc7-b846-41895f4ebd48: receive RaftClientReply:client-DE0880F50CF2->72f5ceaa-5b3b-4bc7-b846-41895f4ebd48@group-833AA35A7EDE, cid=1684, SUCCESS, logIndex=2418, commits[72f5ceaa-5b3b-4bc7-b846-41895f4ebd48:c2419, b4e1f7d4-4bb4-47ed-a9cb-53483a899fb2:c2415, d3916bce-b37b-4246-83c6-d24846ba1a72:c2415]
2019-07-08 14:21:20,908 INFO  client.GrpcClientProtocolClient (GrpcClientProtocolClient.java:onNext(255)) - client-DE0880F50CF2->72f5ceaa-5b3b-4bc7-b846-41895f4ebd48: receive RaftClientReply:client-DE0880F50CF2->72f5ceaa-5b3b-4bc7-b846-41895f4ebd48@group-833AA35A7EDE, cid=1685, SUCCESS, logIndex=2419, commits[72f5ceaa-5b3b-4bc7-b846-41895f4ebd48:c2419, b4e1f7d4-4bb4-47ed-a9cb-53483a899fb2:c2415, d3916bce-b37b-4246-83c6-d24846ba1a72:c2415]
2019-07-08 14:21:20,920 INFO  client.GrpcClientProtocolClient (GrpcClientProtocolClient.java:onNext(255)) - client-DE0880F50CF2->72f5ceaa-5b3b-4bc7-b846-41895f4ebd48: receive RaftClientReply:client-DE0880F50CF2->72f5ceaa-5b3b-4bc7-b846-41895f4ebd48@group-833AA35A7EDE, cid=1686, SUCCESS, logIndex=0, commits[72f5ceaa-5b3b-4bc7-b846-41895f4ebd48:c2421, b4e1f7d4-4bb4-47ed-a9cb-53483a899fb2:c2419, d3916bce-b37b-4246-83c6-d24846ba1a72:c2419]
2019-07-08 14:21:20,948 INFO  client.GrpcClientProtocolClient (GrpcClientProtocolClient.java:onNext(255)) - client-DE0880F50CF2->72f5ceaa-5b3b-4bc7-b846-41895f4ebd48: receive RaftClientReply:client-DE0880F50CF2->72f5ceaa-5b3b-4bc7-b846-41895f4ebd48@group-833AA35A7EDE, cid=1687, SUCCESS, logIndex=2422, commits[72f5ceaa-5b3b-4bc7-b846-41895f4ebd48:c2423, b4e1f7d4-4bb4-47ed-a9cb-53483a899fb2:c2421, d3916bce-b37b-4246-83c6-d24846ba1a72:c2421]
2019-07-08 14:21:20,949 INFO  client.GrpcClientProtocolClient (GrpcClientProtocolClient.java:onNext(255)) - client-DE0880F50CF2->72f5ceaa-5b3b-4bc7-b846-41895f4ebd48: receive RaftClientReply:client-DE0880F50CF2->72f5ceaa-5b3b-4bc7-b846-41895f4ebd48@group-833AA35A7EDE, cid=1688, SUCCESS, logIndex=2423, commits[72f5ceaa-5b3b-4bc7-b846-41895f4ebd48:c2423, b4e1f7d4-4bb4-47ed-a9cb-53483a899fb2:c2421, d3916bce-b37b-4246-83c6-d24846ba1a72:c2421]
2019-07-08 14:21:20,949 INFO  client.GrpcClientProtocolClient (GrpcClientProtocolClient.java:onNext(255)) - client-DE0880F50CF2->72f5ceaa-5b3b-4bc7-b846-41895f4ebd48: receive RaftClientReply:client-DE0880F50CF2->72f5ceaa-5b3b-4bc7-b846-41895f4ebd48@group-833AA35A7EDE, cid=1689, SUCCESS, logIndex=2424, commits[72f5ceaa-5b3b-4bc7-b846-41895f4ebd48:c2425, b4e1f7d4-4bb4-47ed-a9cb-53483a899fb2:c2421, d3916bce-b37b-4246-83c6-d24846ba1a72:c2421]
2019-07-08 14:21:20,950 INFO  client.GrpcClientProtocolClient (GrpcClientProtocolClient.java:onNext(255)) - client-DE0880F50CF2->72f5ceaa-5b3b-4bc7-b846-41895f4ebd48: receive RaftClientReply:client-DE0880F50CF2->72f5ceaa-5b3b-4bc7-b846-41895f4ebd48@group-833AA35A7EDE, cid=1690, SUCCESS, logIndex=2425, commits[72f5ceaa-5b3b-4bc7-b846-41895f4ebd48:c2425, b4e1f7d4-4bb4-47ed-a9cb-53483a899fb2:c2421, d3916bce-b37b-4246-83c6-d24846ba1a72:c2421]
2019-07-08 14:21:20,951 INFO  client.GrpcClientProtocolClient (GrpcClientProtocolClient.java:onNext(255)) - client-DE0880F50CF2->72f5ceaa-5b3b-4bc7-b846-41895f4ebd48: receive RaftClientReply:client-DE0880F50CF2->72f5ceaa-5b3b-4bc7-b846-41895f4ebd48@group-833AA35A7EDE, cid=1691, SUCCESS, logIndex=0, commits[72f5ceaa-5b3b-4bc7-b846-41895f4ebd48:c2427, b4e1f7d4-4bb4-47ed-a9cb-53483a899fb2:c2423, d3916bce-b37b-4246-83c6-d24846ba1a72:c2423]
2019-07-08 14:21:20,971 INFO  client.GrpcClientProtocolClient (GrpcClientProtocolClient.java:onNext(255)) - client-DE0880F50CF2->72f5ceaa-5b3b-4bc7-b846-41895f4ebd48: receive RaftClientReply:client-DE0880F50CF2->72f5ceaa-5b3b-4bc7-b846-41895f4ebd48@group-833AA35A7EDE, cid=1692, SUCCESS, logIndex=2430, commits[72f5ceaa-5b3b-4bc7-b846-41895f4ebd48:c2431, b4e1f7d4-4bb4-47ed-a9cb-53483a899fb2:c2429, d3916bce-b37b-4246-83c6-d24846ba1a72:c2429]
2019-07-08 14:21:20,971 INFO  client.GrpcClientProtocolClient (GrpcClientProtocolClient.java:onNext(255)) - client-DE0880F50CF2->72f5ceaa-5b3b-4bc7-b846-41895f4ebd48: receive RaftClientReply:client-DE0880F50CF2->72f5ceaa-5b3b-4bc7-b846-41895f4ebd48@group-833AA35A7EDE, cid=1693, SUCCESS, logIndex=2431, commits[72f5ceaa-5b3b-4bc7-b846-41895f4ebd48:c2431, b4e1f7d4-4bb4-47ed-a9cb-53483a899fb2:c2429, d3916bce-b37b-4246-83c6-d24846ba1a72:c2429]
2019-07-08 14:21:20,989 INFO  client.GrpcClientProtocolClient (GrpcClientProtocolClient.java:onNext(255)) - client-DE0880F50CF2->72f5ceaa-5b3b-4bc7-b846-41895f4ebd48: receive RaftClientReply:client-DE0880F50CF2->72f5ceaa-5b3b-4bc7-b846-41895f4ebd48@group-833AA35A7EDE, cid=1694, SUCCESS, logIndex=2434, commits[72f5ceaa-5b3b-4bc7-b846-41895f4ebd48:c2435, b4e1f7d4-4bb4-47ed-a9cb-53483a899fb2:c2431, d3916bce-b37b-4246-83c6-d24846ba1a72:c2431]
2019-07-08 14:21:20,990 INFO  client.GrpcClientProtocolClient (GrpcClientProtocolClient.java:onNext(255)) - client-DE0880F50CF2->72f5ceaa-5b3b-4bc7-b846-41895f4ebd48: receive RaftClientReply:client-DE0880F50CF2->72f5ceaa-5b3b-4bc7-b846-41895f4ebd48@group-833AA35A7EDE, cid=1695, SUCCESS, logIndex=2435, commits[72f5ceaa-5b3b-4bc7-b846-41895f4ebd48:c2435, b4e1f7d4-4bb4-47ed-a9cb-53483a899fb2:c2431, d3916bce-b37b-4246-83c6-d24846ba1a72:c2431]
2019-07-08 14:21:21,002 INFO  client.GrpcClientProtocolClient (GrpcClientProtocolClient.java:onNext(255)) - client-DE0880F50CF2->72f5ceaa-5b3b-4bc7-b846-41895f4ebd48: receive RaftClientReply:client-DE0880F50CF2->72f5ceaa-5b3b-4bc7-b846-41895f4ebd48@group-833AA35A7EDE, cid=1696, SUCCESS, logIndex=0, commits[72f5ceaa-5b3b-4bc7-b846-41895f4ebd48:c2437, b4e1f7d4-4bb4-47ed-a9cb-53483a899fb2:c2435, d3916bce-b37b-4246-83c6-d24846ba1a72:c2435]
2019-07-08 14:21:21,031 INFO  client.GrpcClientProtocolClient (GrpcClientProtocolClient.java:onNext(255)) - client-DE0880F50CF2->72f5ceaa-5b3b-4bc7-b846-41895f4ebd48: receive RaftClientReply:client-DE0880F50CF2->72f5ceaa-5b3b-4bc7-b846-41895f4ebd48@group-833AA35A7EDE, cid=1697, SUCCESS, logIndex=2438, commits[72f5ceaa-5b3b-4bc7-b846-41895f4ebd48:c2441, b4e1f7d4-4bb4-47ed-a9cb-53483a899fb2:c2437, d3916bce-b37b-4246-83c6-d24846ba1a72:c2435]
2019-07-08 14:21:21,031 INFO  client.GrpcClientProtocolClient (GrpcClientProtocolClient.java:onNext(255)) - client-DE0880F50CF2->72f5ceaa-5b3b-4bc7-b846-41895f4ebd48: receive RaftClientReply:client-DE0880F50CF2->72f5ceaa-5b3b-4bc7-b846-41895f4ebd48@group-833AA35A7EDE, cid=1698, SUCCESS, logIndex=2439, commits[72f5ceaa-5b3b-4bc7-b846-41895f4ebd48:c2441, b4e1f7d4-4bb4-47ed-a9cb-53483a899fb2:c2437, d3916bce-b37b-4246-83c6-d24846ba1a72:c2437]
2019-07-08 14:21:21,032 INFO  client.GrpcClientProtocolClient (GrpcClientProtocolClient.java:onNext(255)) - client-DE0880F50CF2->72f5ceaa-5b3b-4bc7-b846-41895f4ebd48: receive RaftClientReply:client-DE0880F50CF2->72f5ceaa-5b3b-4bc7-b846-41895f4ebd48@group-833AA35A7EDE, cid=1699, SUCCESS, logIndex=2440, commits[72f5ceaa-5b3b-4bc7-b846-41895f4ebd48:c2441, b4e1f7d4-4bb4-47ed-a9cb-53483a899fb2:c2437, d3916bce-b37b-4246-83c6-d24846ba1a72:c2437]
2019-07-08 14:21:21,032 INFO  client.GrpcClientProtocolClient (GrpcClientProtocolClient.java:onNext(255)) - client-DE0880F50CF2->72f5ceaa-5b3b-4bc7-b846-41895f4ebd48: receive RaftClientReply:client-DE0880F50CF2->72f5ceaa-5b3b-4bc7-b846-41895f4ebd48@group-833AA35A7EDE, cid=1700, SUCCESS, logIndex=2441, commits[72f5ceaa-5b3b-4bc7-b846-41895f4ebd48:c2441, b4e1f7d4-4bb4-47ed-a9cb-53483a899fb2:c2437, d3916bce-b37b-4246-83c6-d24846ba1a72:c2437]
2019-07-08 14:21:21,033 INFO  client.GrpcClientProtocolClient (GrpcClientProtocolClient.java:onNext(255)) - client-DE0880F50CF2->72f5ceaa-5b3b-4bc7-b846-41895f4ebd48: receive RaftClientReply:client-DE0880F50CF2->72f5ceaa-5b3b-4bc7-b846-41895f4ebd48@group-833AA35A7EDE, cid=1701, SUCCESS, logIndex=0, commits[72f5ceaa-5b3b-4bc7-b846-41895f4ebd48:c2445, b4e1f7d4-4bb4-47ed-a9cb-53483a899fb2:c2440, d3916bce-b37b-4246-83c6-d24846ba1a72:c2441]
2019-07-08 14:21:21,053 INFO  client.GrpcClientProtocolClient (GrpcClientProtocolClient.java:onNext(255)) - client-DE0880F50CF2->72f5ceaa-5b3b-4bc7-b846-41895f4ebd48: receive RaftClientReply:client-DE0880F50CF2->72f5ceaa-5b3b-4bc7-b846-41895f4ebd48@group-833AA35A7EDE, cid=1702, SUCCESS, logIndex=2446, commits[72f5ceaa-5b3b-4bc7-b846-41895f4ebd48:c2446, b4e1f7d4-4bb4-47ed-a9cb-53483a899fb2:c2445, d3916bce-b37b-4246-83c6-d24846ba1a72:c2445]
2019-07-08 14:21:21,054 INFO  client.GrpcClientProtocolClient (GrpcClientProtocolClient.java:onNext(255)) - client-DE0880F50CF2->72f5ceaa-5b3b-4bc7-b846-41895f4ebd48: receive RaftClientReply:client-DE0880F50CF2->72f5ceaa-5b3b-4bc7-b846-41895f4ebd48@group-833AA35A7EDE, cid=1703, SUCCESS, logIndex=2447, commits[72f5ceaa-5b3b-4bc7-b846-41895f4ebd48:c2447, b4e1f7d4-4bb4-47ed-a9cb-53483a899fb2:c2445, d3916bce-b37b-4246-83c6-d24846ba1a72:c2445]
2019-07-08 14:21:21,067 INFO  client.GrpcClientProtocolClient (GrpcClientProtocolClient.java:onNext(255)) - client-DE0880F50CF2->72f5ceaa-5b3b-4bc7-b846-41895f4ebd48: receive RaftClientReply:client-DE0880F50CF2->72f5ceaa-5b3b-4bc7-b846-41895f4ebd48@group-833AA35A7EDE, cid=1704, SUCCESS, logIndex=2450, commits[72f5ceaa-5b3b-4bc7-b846-41895f4ebd48:c2451, b4e1f7d4-4bb4-47ed-a9cb-53483a899fb2:c2447, d3916bce-b37b-4246-83c6-d24846ba1a72:c2447]
2019-07-08 14:21:21,067 INFO  client.GrpcClientProtocolClient (GrpcClientProtocolClient.java:onNext(255)) - client-DE0880F50CF2->72f5ceaa-5b3b-4bc7-b846-41895f4ebd48: receive RaftClientReply:client-DE0880F50CF2->72f5ceaa-5b3b-4bc7-b846-41895f4ebd48@group-833AA35A7EDE, cid=1705, SUCCESS, logIndex=2451, commits[72f5ceaa-5b3b-4bc7-b846-41895f4ebd48:c2451, b4e1f7d4-4bb4-47ed-a9cb-53483a899fb2:c2447, d3916bce-b37b-4246-83c6-d24846ba1a72:c2447]
2019-07-08 14:21:21,079 INFO  client.GrpcClientProtocolClient (GrpcClientProtocolClient.java:onNext(255)) - client-DE0880F50CF2->72f5ceaa-5b3b-4bc7-b846-41895f4ebd48: receive RaftClientReply:client-DE0880F50CF2->72f5ceaa-5b3b-4bc7-b846-41895f4ebd48@group-833AA35A7EDE, cid=1706, SUCCESS, logIndex=0, commits[72f5ceaa-5b3b-4bc7-b846-41895f4ebd48:c2452, b4e1f7d4-4bb4-47ed-a9cb-53483a899fb2:c2451, d3916bce-b37b-4246-83c6-d24846ba1a72:c2451]
2019-07-08 14:21:21,108 INFO  client.GrpcClientProtocolClient (GrpcClientProtocolClient.java:onNext(255)) - client-DE0880F50CF2->72f5ceaa-5b3b-4bc7-b846-41895f4ebd48: receive RaftClientReply:client-DE0880F50CF2->72f5ceaa-5b3b-4bc7-b846-41895f4ebd48@group-833AA35A7EDE, cid=1707, SUCCESS, logIndex=2454, commits[72f5ceaa-5b3b-4bc7-b846-41895f4ebd48:c2456, b4e1f7d4-4bb4-47ed-a9cb-53483a899fb2:c2453, d3916bce-b37b-4246-83c6-d24846ba1a72:c2453]
2019-07-08 14:21:21,108 INFO  client.GrpcClientProtocolClient (GrpcClientProtocolClient.java:onNext(255)) - client-DE0880F50CF2->72f5ceaa-5b3b-4bc7-b846-41895f4ebd48: receive RaftClientReply:client-DE0880F50CF2->72f5ceaa-5b3b-4bc7-b846-41895f4ebd48@group-833AA35A7EDE, cid=1708, SUCCESS, logIndex=2455, commits[72f5ceaa-5b3b-4bc7-b846-41895f4ebd48:c2457, b4e1f7d4-4bb4-47ed-a9cb-53483a899fb2:c2453, d3916bce-b37b-4246-83c6-d24846ba1a72:c2453]
2019-07-08 14:21:21,109 INFO  client.GrpcClientProtocolClient (GrpcClientProtocolClient.java:onNext(255)) - client-DE0880F50CF2->72f5ceaa-5b3b-4bc7-b846-41895f4ebd48: receive RaftClientReply:client-DE0880F50CF2->72f5ceaa-5b3b-4bc7-b846-41895f4ebd48@group-833AA35A7EDE, cid=1709, SUCCESS, logIndex=2456, commits[72f5ceaa-5b3b-4bc7-b846-41895f4ebd48:c2457, b4e1f7d4-4bb4-47ed-a9cb-53483a899fb2:c2453, d3916bce-b37b-4246-83c6-d24846ba1a72:c2453]
2019-07-08 14:21:21,109 INFO  client.GrpcClientProtocolClient (GrpcClientProtocolClient.java:onNext(255)) - client-DE0880F50CF2->72f5ceaa-5b3b-4bc7-b846-41895f4ebd48: receive RaftClientReply:client-DE0880F50CF2->72f5ceaa-5b3b-4bc7-b846-41895f4ebd48@group-833AA35A7EDE, cid=1710, SUCCESS, logIndex=2457, commits[72f5ceaa-5b3b-4bc7-b846-41895f4ebd48:c2458, b4e1f7d4-4bb4-47ed-a9cb-53483a899fb2:c2453, d3916bce-b37b-4246-83c6-d24846ba1a72:c2455]
2019-07-08 14:21:21,111 INFO  client.GrpcClientProtocolClient (GrpcClientProtocolClient.java:onNext(255)) - client-DE0880F50CF2->72f5ceaa-5b3b-4bc7-b846-41895f4ebd48: receive RaftClientReply:client-DE0880F50CF2->72f5ceaa-5b3b-4bc7-b846-41895f4ebd48@group-833AA35A7EDE, cid=1711, SUCCESS, logIndex=0, commits[72f5ceaa-5b3b-4bc7-b846-41895f4ebd48:c2461, b4e1f7d4-4bb4-47ed-a9cb-53483a899fb2:c2456, d3916bce-b37b-4246-83c6-d24846ba1a72:c2457]
2019-07-08 14:21:21,131 INFO  client.GrpcClientProtocolClient (GrpcClientProtocolClient.java:onNext(255)) - client-DE0880F50CF2->72f5ceaa-5b3b-4bc7-b846-41895f4ebd48: receive RaftClientReply:client-DE0880F50CF2->72f5ceaa-5b3b-4bc7-b846-41895f4ebd48@group-833AA35A7EDE, cid=1712, SUCCESS, logIndex=2462, commits[72f5ceaa-5b3b-4bc7-b846-41895f4ebd48:c2463, b4e1f7d4-4bb4-47ed-a9cb-53483a899fb2:c2461, d3916bce-b37b-4246-83c6-d24846ba1a72:c2461]
2019-07-08 14:21:21,131 INFO  client.GrpcClientProtocolClient (GrpcClientProtocolClient.java:onNext(255)) - client-DE0880F50CF2->72f5ceaa-5b3b-4bc7-b846-41895f4ebd48: receive RaftClientReply:client-DE0880F50CF2->72f5ceaa-5b3b-4bc7-b846-41895f4ebd48@group-833AA35A7EDE, cid=1713, SUCCESS, logIndex=2463, commits[72f5ceaa-5b3b-4bc7-b846-41895f4ebd48:c2463, b4e1f7d4-4bb4-47ed-a9cb-53483a899fb2:c2461, d3916bce-b37b-4246-83c6-d24846ba1a72:c2461]
2019-07-08 14:21:21,149 INFO  client.GrpcClientProtocolClient (GrpcClientProtocolClient.java:onNext(255)) - client-DE0880F50CF2->72f5ceaa-5b3b-4bc7-b846-41895f4ebd48: receive RaftClientReply:client-DE0880F50CF2->72f5ceaa-5b3b-4bc7-b846-41895f4ebd48@group-833AA35A7EDE, cid=1714, SUCCESS, logIndex=2466, commits[72f5ceaa-5b3b-4bc7-b846-41895f4ebd48:c2467, b4e1f7d4-4bb4-47ed-a9cb-53483a899fb2:c2463, d3916bce-b37b-4246-83c6-d24846ba1a72:c2463]
2019-07-08 14:21:21,150 INFO  client.GrpcClientProtocolClient (GrpcClientProtocolClient.java:onNext(255)) - client-DE0880F50CF2->72f5ceaa-5b3b-4bc7-b846-41895f4ebd48: receive RaftClientReply:client-DE0880F50CF2->72f5ceaa-5b3b-4bc7-b846-41895f4ebd48@group-833AA35A7EDE, cid=1715, SUCCESS, logIndex=2467, commits[72f5ceaa-5b3b-4bc7-b846-41895f4ebd48:c2467, b4e1f7d4-4bb4-47ed-a9cb-53483a899fb2:c2463, d3916bce-b37b-4246-83c6-d24846ba1a72:c2463]
2019-07-08 14:21:21,162 INFO  client.GrpcClientProtocolClient (GrpcClientProtocolClient.java:onNext(255)) - client-DE0880F50CF2->72f5ceaa-5b3b-4bc7-b846-41895f4ebd48: receive RaftClientReply:client-DE0880F50CF2->72f5ceaa-5b3b-4bc7-b846-41895f4ebd48@group-833AA35A7EDE, cid=1716, SUCCESS, logIndex=0, commits[72f5ceaa-5b3b-4bc7-b846-41895f4ebd48:c2469, b4e1f7d4-4bb4-47ed-a9cb-53483a899fb2:c2467, d3916bce-b37b-4246-83c6-d24846ba1a72:c2467]
2019-07-08 14:21:21,191 INFO  client.GrpcClientProtocolClient (GrpcClientProtocolClient.java:onNext(255)) - client-DE0880F50CF2->72f5ceaa-5b3b-4bc7-b846-41895f4ebd48: receive RaftClientReply:client-DE0880F50CF2->72f5ceaa-5b3b-4bc7-b846-41895f4ebd48@group-833AA35A7EDE, cid=1717, SUCCESS, logIndex=2470, commits[72f5ceaa-5b3b-4bc7-b846-41895f4ebd48:c2472, b4e1f7d4-4bb4-47ed-a9cb-53483a899fb2:c2469, d3916bce-b37b-4246-83c6-d24846ba1a72:c2469]
2019-07-08 14:21:21,191 INFO  client.GrpcClientProtocolClient (GrpcClientProtocolClient.java:onNext(255)) - client-DE0880F50CF2->72f5ceaa-5b3b-4bc7-b846-41895f4ebd48: receive RaftClientReply:client-DE0880F50CF2->72f5ceaa-5b3b-4bc7-b846-41895f4ebd48@group-833AA35A7EDE, cid=1718, SUCCESS, logIndex=2471, commits[72f5ceaa-5b3b-4bc7-b846-41895f4ebd48:c2473, b4e1f7d4-4bb4-47ed-a9cb-53483a899fb2:c2469, d3916bce-b37b-4246-83c6-d24846ba1a72:c2469]
2019-07-08 14:21:21,192 INFO  client.GrpcClientProtocolClient (GrpcClientProtocolClient.java:onNext(255)) - client-DE0880F50CF2->72f5ceaa-5b3b-4bc7-b846-41895f4ebd48: receive RaftClientReply:client-DE0880F50CF2->72f5ceaa-5b3b-4bc7-b846-41895f4ebd48@group-833AA35A7EDE, cid=1719, SUCCESS, logIndex=2472, commits[72f5ceaa-5b3b-4bc7-b846-41895f4ebd48:c2473, b4e1f7d4-4bb4-47ed-a9cb-53483a899fb2:c2469, d3916bce-b37b-4246-83c6-d24846ba1a72:c2469]
2019-07-08 14:21:21,192 INFO  client.GrpcClientProtocolClient (GrpcClientProtocolClient.java:onNext(255)) - client-DE0880F50CF2->72f5ceaa-5b3b-4bc7-b846-41895f4ebd48: receive RaftClientReply:client-DE0880F50CF2->72f5ceaa-5b3b-4bc7-b846-41895f4ebd48@group-833AA35A7EDE, cid=1720, SUCCESS, logIndex=2473, commits[72f5ceaa-5b3b-4bc7-b846-41895f4ebd48:c2473, b4e1f7d4-4bb4-47ed-a9cb-53483a899fb2:c2469, d3916bce-b37b-4246-83c6-d24846ba1a72:c2469]
2019-07-08 14:21:21,203 INFO  client.GrpcClientProtocolClient (GrpcClientProtocolClient.java:onNext(255)) - client-DE0880F50CF2->72f5ceaa-5b3b-4bc7-b846-41895f4ebd48: receive RaftClientReply:client-DE0880F50CF2->72f5ceaa-5b3b-4bc7-b846-41895f4ebd48@group-833AA35A7EDE, cid=1721, SUCCESS, logIndex=0, commits[72f5ceaa-5b3b-4bc7-b846-41895f4ebd48:c2474, b4e1f7d4-4bb4-47ed-a9cb-53483a899fb2:c2471, d3916bce-b37b-4246-83c6-d24846ba1a72:c2471]
2019-07-08 14:21:21,223 INFO  client.GrpcClientProtocolClient (GrpcClientProtocolClient.java:onNext(255)) - client-DE0880F50CF2->72f5ceaa-5b3b-4bc7-b846-41895f4ebd48: receive RaftClientReply:client-DE0880F50CF2->72f5ceaa-5b3b-4bc7-b846-41895f4ebd48@group-833AA35A7EDE, cid=1722, SUCCESS, logIndex=2478, commits[72f5ceaa-5b3b-4bc7-b846-41895f4ebd48:c2479, b4e1f7d4-4bb4-47ed-a9cb-53483a899fb2:c2477, d3916bce-b37b-4246-83c6-d24846ba1a72:c2477]
2019-07-08 14:21:21,223 INFO  client.GrpcClientProtocolClient (GrpcClientProtocolClient.java:onNext(255)) - client-DE0880F50CF2->72f5ceaa-5b3b-4bc7-b846-41895f4ebd48: receive RaftClientReply:client-DE0880F50CF2->72f5ceaa-5b3b-4bc7-b846-41895f4ebd48@group-833AA35A7EDE, cid=1723, SUCCESS, logIndex=2479, commits[72f5ceaa-5b3b-4bc7-b846-41895f4ebd48:c2479, b4e1f7d4-4bb4-47ed-a9cb-53483a899fb2:c2477, d3916bce-b37b-4246-83c6-d24846ba1a72:c2477]
2019-07-08 14:21:21,236 INFO  client.GrpcClientProtocolClient (GrpcClientProtocolClient.java:onNext(255)) - client-DE0880F50CF2->72f5ceaa-5b3b-4bc7-b846-41895f4ebd48: receive RaftClientReply:client-DE0880F50CF2->72f5ceaa-5b3b-4bc7-b846-41895f4ebd48@group-833AA35A7EDE, cid=1724, SUCCESS, logIndex=2482, commits[72f5ceaa-5b3b-4bc7-b846-41895f4ebd48:c2483, b4e1f7d4-4bb4-47ed-a9cb-53483a899fb2:c2479, d3916bce-b37b-4246-83c6-d24846ba1a72:c2479]
2019-07-08 14:21:21,237 INFO  client.GrpcClientProtocolClient (GrpcClientProtocolClient.java:onNext(255)) - client-DE0880F50CF2->72f5ceaa-5b3b-4bc7-b846-41895f4ebd48: receive RaftClientReply:client-DE0880F50CF2->72f5ceaa-5b3b-4bc7-b846-41895f4ebd48@group-833AA35A7EDE, cid=1725, SUCCESS, logIndex=2483, commits[72f5ceaa-5b3b-4bc7-b846-41895f4ebd48:c2483, b4e1f7d4-4bb4-47ed-a9cb-53483a899fb2:c2479, d3916bce-b37b-4246-83c6-d24846ba1a72:c2479]
2019-07-08 14:21:21,239 INFO  client.GrpcClientProtocolClient (GrpcClientProtocolClient.java:onNext(255)) - client-DE0880F50CF2->72f5ceaa-5b3b-4bc7-b846-41895f4ebd48: receive RaftClientReply:client-DE0880F50CF2->72f5ceaa-5b3b-4bc7-b846-41895f4ebd48@group-833AA35A7EDE, cid=1726, SUCCESS, logIndex=0, commits[72f5ceaa-5b3b-4bc7-b846-41895f4ebd48:c2484, b4e1f7d4-4bb4-47ed-a9cb-53483a899fb2:c2483, d3916bce-b37b-4246-83c6-d24846ba1a72:c2483]
2019-07-08 14:21:21,267 INFO  client.GrpcClientProtocolClient (GrpcClientProtocolClient.java:onNext(255)) - client-DE0880F50CF2->72f5ceaa-5b3b-4bc7-b846-41895f4ebd48: receive RaftClientReply:client-DE0880F50CF2->72f5ceaa-5b3b-4bc7-b846-41895f4ebd48@group-833AA35A7EDE, cid=1727, SUCCESS, logIndex=2486, commits[72f5ceaa-5b3b-4bc7-b846-41895f4ebd48:c2487, b4e1f7d4-4bb4-47ed-a9cb-53483a899fb2:c2485, d3916bce-b37b-4246-83c6-d24846ba1a72:c2485]
2019-07-08 14:21:21,267 INFO  client.GrpcClientProtocolClient (GrpcClientProtocolClient.java:onNext(255)) - client-DE0880F50CF2->72f5ceaa-5b3b-4bc7-b846-41895f4ebd48: receive RaftClientReply:client-DE0880F50CF2->72f5ceaa-5b3b-4bc7-b846-41895f4ebd48@group-833AA35A7EDE, cid=1728, SUCCESS, logIndex=2487, commits[72f5ceaa-5b3b-4bc7-b846-41895f4ebd48:c2489, b4e1f7d4-4bb4-47ed-a9cb-53483a899fb2:c2485, d3916bce-b37b-4246-83c6-d24846ba1a72:c2485]
2019-07-08 14:21:21,268 INFO  client.GrpcClientProtocolClient (GrpcClientProtocolClient.java:onNext(255)) - client-DE0880F50CF2->72f5ceaa-5b3b-4bc7-b846-41895f4ebd48: receive RaftClientReply:client-DE0880F50CF2->72f5ceaa-5b3b-4bc7-b846-41895f4ebd48@group-833AA35A7EDE, cid=1729, SUCCESS, logIndex=2488, commits[72f5ceaa-5b3b-4bc7-b846-41895f4ebd48:c2489, b4e1f7d4-4bb4-47ed-a9cb-53483a899fb2:c2485, d3916bce-b37b-4246-83c6-d24846ba1a72:c2485]
2019-07-08 14:21:21,268 INFO  client.GrpcClientProtocolClient (GrpcClientProtocolClient.java:onNext(255)) - client-DE0880F50CF2->72f5ceaa-5b3b-4bc7-b846-41895f4ebd48: receive RaftClientReply:client-DE0880F50CF2->72f5ceaa-5b3b-4bc7-b846-41895f4ebd48@group-833AA35A7EDE, cid=1730, SUCCESS, logIndex=2489, commits[72f5ceaa-5b3b-4bc7-b846-41895f4ebd48:c2489, b4e1f7d4-4bb4-47ed-a9cb-53483a899fb2:c2485, d3916bce-b37b-4246-83c6-d24846ba1a72:c2485]
2019-07-08 14:21:21,270 INFO  client.GrpcClientProtocolClient (GrpcClientProtocolClient.java:onNext(255)) - client-DE0880F50CF2->72f5ceaa-5b3b-4bc7-b846-41895f4ebd48: receive RaftClientReply:client-DE0880F50CF2->72f5ceaa-5b3b-4bc7-b846-41895f4ebd48@group-833AA35A7EDE, cid=1731, SUCCESS, logIndex=0, commits[72f5ceaa-5b3b-4bc7-b846-41895f4ebd48:c2491, b4e1f7d4-4bb4-47ed-a9cb-53483a899fb2:c2487, d3916bce-b37b-4246-83c6-d24846ba1a72:c2487]
2019-07-08 14:21:21,299 INFO  client.GrpcClientProtocolClient (GrpcClientProtocolClient.java:onNext(255)) - client-DE0880F50CF2->72f5ceaa-5b3b-4bc7-b846-41895f4ebd48: receive RaftClientReply:client-DE0880F50CF2->72f5ceaa-5b3b-4bc7-b846-41895f4ebd48@group-833AA35A7EDE, cid=1732, SUCCESS, logIndex=2494, commits[72f5ceaa-5b3b-4bc7-b846-41895f4ebd48:c2495, b4e1f7d4-4bb4-47ed-a9cb-53483a899fb2:c2493, d3916bce-b37b-4246-83c6-d24846ba1a72:c2493]
2019-07-08 14:21:21,299 INFO  client.GrpcClientProtocolClient (GrpcClientProtocolClient.java:onNext(255)) - client-DE0880F50CF2->72f5ceaa-5b3b-4bc7-b846-41895f4ebd48: receive RaftClientReply:client-DE0880F50CF2->72f5ceaa-5b3b-4bc7-b846-41895f4ebd48@group-833AA35A7EDE, cid=1733, SUCCESS, logIndex=2495, commits[72f5ceaa-5b3b-4bc7-b846-41895f4ebd48:c2495, b4e1f7d4-4bb4-47ed-a9cb-53483a899fb2:c2493, d3916bce-b37b-4246-83c6-d24846ba1a72:c2493]
2019-07-08 14:21:21,313 INFO  client.GrpcClientProtocolClient (GrpcClientProtocolClient.java:onNext(255)) - client-DE0880F50CF2->72f5ceaa-5b3b-4bc7-b846-41895f4ebd48: receive RaftClientReply:client-DE0880F50CF2->72f5ceaa-5b3b-4bc7-b846-41895f4ebd48@group-833AA35A7EDE, cid=1734, SUCCESS, logIndex=2498, commits[72f5ceaa-5b3b-4bc7-b846-41895f4ebd48:c2499, b4e1f7d4-4bb4-47ed-a9cb-53483a899fb2:c2495, d3916bce-b37b-4246-83c6-d24846ba1a72:c2495]
2019-07-08 14:21:21,313 INFO  client.GrpcClientProtocolClient (GrpcClientProtocolClient.java:onNext(255)) - client-DE0880F50CF2->72f5ceaa-5b3b-4bc7-b846-41895f4ebd48: receive RaftClientReply:client-DE0880F50CF2->72f5ceaa-5b3b-4bc7-b846-41895f4ebd48@group-833AA35A7EDE, cid=1735, SUCCESS, logIndex=2499, commits[72f5ceaa-5b3b-4bc7-b846-41895f4ebd48:c2499, b4e1f7d4-4bb4-47ed-a9cb-53483a899fb2:c2495, d3916bce-b37b-4246-83c6-d24846ba1a72:c2495]
2019-07-08 14:21:21,326 INFO  client.GrpcClientProtocolClient (GrpcClientProtocolClient.java:onNext(255)) - client-DE0880F50CF2->72f5ceaa-5b3b-4bc7-b846-41895f4ebd48: receive RaftClientReply:client-DE0880F50CF2->72f5ceaa-5b3b-4bc7-b846-41895f4ebd48@group-833AA35A7EDE, cid=1736, SUCCESS, logIndex=0, commits[72f5ceaa-5b3b-4bc7-b846-41895f4ebd48:c2501, b4e1f7d4-4bb4-47ed-a9cb-53483a899fb2:c2499, d3916bce-b37b-4246-83c6-d24846ba1a72:c2499]
2019-07-08 14:21:21,480 INFO  client.GrpcClientProtocolClient (GrpcClientProtocolClient.java:onNext(255)) - client-DE0880F50CF2->72f5ceaa-5b3b-4bc7-b846-41895f4ebd48: receive RaftClientReply:client-DE0880F50CF2->72f5ceaa-5b3b-4bc7-b846-41895f4ebd48@group-833AA35A7EDE, cid=1737, SUCCESS, logIndex=2502, commits[72f5ceaa-5b3b-4bc7-b846-41895f4ebd48:c2504, b4e1f7d4-4bb4-47ed-a9cb-53483a899fb2:c2501, d3916bce-b37b-4246-83c6-d24846ba1a72:c2501]
2019-07-08 14:21:21,481 INFO  client.GrpcClientProtocolClient (GrpcClientProtocolClient.java:onNext(255)) - client-DE0880F50CF2->72f5ceaa-5b3b-4bc7-b846-41895f4ebd48: receive RaftClientReply:client-DE0880F50CF2->72f5ceaa-5b3b-4bc7-b846-41895f4ebd48@group-833AA35A7EDE, cid=1738, SUCCESS, logIndex=2503, commits[72f5ceaa-5b3b-4bc7-b846-41895f4ebd48:c2505, b4e1f7d4-4bb4-47ed-a9cb-53483a899fb2:c2501, d3916bce-b37b-4246-83c6-d24846ba1a72:c2501]
2019-07-08 14:21:21,481 INFO  client.GrpcClientProtocolClient (GrpcClientProtocolClient.java:onNext(255)) - client-DE0880F50CF2->72f5ceaa-5b3b-4bc7-b846-41895f4ebd48: receive RaftClientReply:client-DE0880F50CF2->72f5ceaa-5b3b-4bc7-b846-41895f4ebd48@group-833AA35A7EDE, cid=1739, SUCCESS, logIndex=2504, commits[72f5ceaa-5b3b-4bc7-b846-41895f4ebd48:c2505, b4e1f7d4-4bb4-47ed-a9cb-53483a899fb2:c2501, d3916bce-b37b-4246-83c6-d24846ba1a72:c2501]
2019-07-08 14:21:21,481 INFO  client.GrpcClientProtocolClient (GrpcClientProtocolClient.java:onNext(255)) - client-DE0880F50CF2->72f5ceaa-5b3b-4bc7-b846-41895f4ebd48: receive RaftClientReply:client-DE0880F50CF2->72f5ceaa-5b3b-4bc7-b846-41895f4ebd48@group-833AA35A7EDE, cid=1740, SUCCESS, logIndex=2505, commits[72f5ceaa-5b3b-4bc7-b846-41895f4ebd48:c2505, b4e1f7d4-4bb4-47ed-a9cb-53483a899fb2:c2501, d3916bce-b37b-4246-83c6-d24846ba1a72:c2501]
2019-07-08 14:21:21,493 INFO  client.GrpcClientProtocolClient (GrpcClientProtocolClient.java:onNext(255)) - client-DE0880F50CF2->72f5ceaa-5b3b-4bc7-b846-41895f4ebd48: receive RaftClientReply:client-DE0880F50CF2->72f5ceaa-5b3b-4bc7-b846-41895f4ebd48@group-833AA35A7EDE, cid=1741, SUCCESS, logIndex=0, commits[72f5ceaa-5b3b-4bc7-b846-41895f4ebd48:c2507, b4e1f7d4-4bb4-47ed-a9cb-53483a899fb2:c2503, d3916bce-b37b-4246-83c6-d24846ba1a72:c2504]
2019-07-08 14:21:21,518 INFO  client.GrpcClientProtocolClient (GrpcClientProtocolClient.java:onNext(255)) - client-DE0880F50CF2->72f5ceaa-5b3b-4bc7-b846-41895f4ebd48: receive RaftClientReply:client-DE0880F50CF2->72f5ceaa-5b3b-4bc7-b846-41895f4ebd48@group-833AA35A7EDE, cid=1742, SUCCESS, logIndex=2510, commits[72f5ceaa-5b3b-4bc7-b846-41895f4ebd48:c2511, b4e1f7d4-4bb4-47ed-a9cb-53483a899fb2:c2509, d3916bce-b37b-4246-83c6-d24846ba1a72:c2509]
2019-07-08 14:21:21,519 INFO  client.GrpcClientProtocolClient (GrpcClientProtocolClient.java:onNext(255)) - client-DE0880F50CF2->72f5ceaa-5b3b-4bc7-b846-41895f4ebd48: receive RaftClientReply:client-DE0880F50CF2->72f5ceaa-5b3b-4bc7-b846-41895f4ebd48@group-833AA35A7EDE, cid=1743, SUCCESS, logIndex=2511, commits[72f5ceaa-5b3b-4bc7-b846-41895f4ebd48:c2511, b4e1f7d4-4bb4-47ed-a9cb-53483a899fb2:c2509, d3916bce-b37b-4246-83c6-d24846ba1a72:c2509]
2019-07-08 14:21:21,541 INFO  client.GrpcClientProtocolClient (GrpcClientProtocolClient.java:onNext(255)) - client-DE0880F50CF2->72f5ceaa-5b3b-4bc7-b846-41895f4ebd48: receive RaftClientReply:client-DE0880F50CF2->72f5ceaa-5b3b-4bc7-b846-41895f4ebd48@group-833AA35A7EDE, cid=1744, SUCCESS, logIndex=2514, commits[72f5ceaa-5b3b-4bc7-b846-41895f4ebd48:c2515, b4e1f7d4-4bb4-47ed-a9cb-53483a899fb2:c2511, d3916bce-b37b-4246-83c6-d24846ba1a72:c2511]
2019-07-08 14:21:21,542 INFO  client.GrpcClientProtocolClient (GrpcClientProtocolClient.java:onNext(255)) - client-DE0880F50CF2->72f5ceaa-5b3b-4bc7-b846-41895f4ebd48: receive RaftClientReply:client-DE0880F50CF2->72f5ceaa-5b3b-4bc7-b846-41895f4ebd48@group-833AA35A7EDE, cid=1745, SUCCESS, logIndex=2515, commits[72f5ceaa-5b3b-4bc7-b846-41895f4ebd48:c2515, b4e1f7d4-4bb4-47ed-a9cb-53483a899fb2:c2511, d3916bce-b37b-4246-83c6-d24846ba1a72:c2511]
2019-07-08 14:21:21,554 INFO  client.GrpcClientProtocolClient (GrpcClientProtocolClient.java:onNext(255)) - client-DE0880F50CF2->72f5ceaa-5b3b-4bc7-b846-41895f4ebd48: receive RaftClientReply:client-DE0880F50CF2->72f5ceaa-5b3b-4bc7-b846-41895f4ebd48@group-833AA35A7EDE, cid=1746, SUCCESS, logIndex=0, commits[72f5ceaa-5b3b-4bc7-b846-41895f4ebd48:c2516, b4e1f7d4-4bb4-47ed-a9cb-53483a899fb2:c2515, d3916bce-b37b-4246-83c6-d24846ba1a72:c2515]
2019-07-08 14:21:21,588 INFO  client.GrpcClientProtocolClient (GrpcClientProtocolClient.java:onNext(255)) - client-DE0880F50CF2->72f5ceaa-5b3b-4bc7-b846-41895f4ebd48: receive RaftClientReply:client-DE0880F50CF2->72f5ceaa-5b3b-4bc7-b846-41895f4ebd48@group-833AA35A7EDE, cid=1747, SUCCESS, logIndex=2518, commits[72f5ceaa-5b3b-4bc7-b846-41895f4ebd48:c2518, b4e1f7d4-4bb4-47ed-a9cb-53483a899fb2:c2517, d3916bce-b37b-4246-83c6-d24846ba1a72:c2517]
2019-07-08 14:21:21,589 INFO  client.GrpcClientProtocolClient (GrpcClientProtocolClient.java:onNext(255)) - client-DE0880F50CF2->72f5ceaa-5b3b-4bc7-b846-41895f4ebd48: receive RaftClientReply:client-DE0880F50CF2->72f5ceaa-5b3b-4bc7-b846-41895f4ebd48@group-833AA35A7EDE, cid=1748, SUCCESS, logIndex=2519, commits[72f5ceaa-5b3b-4bc7-b846-41895f4ebd48:c2521, b4e1f7d4-4bb4-47ed-a9cb-53483a899fb2:c2517, d3916bce-b37b-4246-83c6-d24846ba1a72:c2517]
2019-07-08 14:21:21,589 INFO  client.GrpcClientProtocolClient (GrpcClientProtocolClient.java:onNext(255)) - client-DE0880F50CF2->72f5ceaa-5b3b-4bc7-b846-41895f4ebd48: receive RaftClientReply:client-DE0880F50CF2->72f5ceaa-5b3b-4bc7-b846-41895f4ebd48@group-833AA35A7EDE, cid=1749, SUCCESS, logIndex=2520, commits[72f5ceaa-5b3b-4bc7-b846-41895f4ebd48:c2521, b4e1f7d4-4bb4-47ed-a9cb-53483a899fb2:c2517, d3916bce-b37b-4246-83c6-d24846ba1a72:c2517]
2019-07-08 14:21:21,589 INFO  client.GrpcClientProtocolClient (GrpcClientProtocolClient.java:onNext(255)) - client-DE0880F50CF2->72f5ceaa-5b3b-4bc7-b846-41895f4ebd48: receive RaftClientReply:client-DE0880F50CF2->72f5ceaa-5b3b-4bc7-b846-41895f4ebd48@group-833AA35A7EDE, cid=1750, SUCCESS, logIndex=2521, commits[72f5ceaa-5b3b-4bc7-b846-41895f4ebd48:c2521, b4e1f7d4-4bb4-47ed-a9cb-53483a899fb2:c2517, d3916bce-b37b-4246-83c6-d24846ba1a72:c2517]
2019-07-08 14:21:21,602 INFO  client.GrpcClientProtocolClient (GrpcClientProtocolClient.java:onNext(255)) - client-DE0880F50CF2->72f5ceaa-5b3b-4bc7-b846-41895f4ebd48: receive RaftClientReply:client-DE0880F50CF2->72f5ceaa-5b3b-4bc7-b846-41895f4ebd48@group-833AA35A7EDE, cid=1751, SUCCESS, logIndex=0, commits[72f5ceaa-5b3b-4bc7-b846-41895f4ebd48:c2524, b4e1f7d4-4bb4-47ed-a9cb-53483a899fb2:c2520, d3916bce-b37b-4246-83c6-d24846ba1a72:c2521]
2019-07-08 14:21:21,622 INFO  client.GrpcClientProtocolClient (GrpcClientProtocolClient.java:onNext(255)) - client-DE0880F50CF2->72f5ceaa-5b3b-4bc7-b846-41895f4ebd48: receive RaftClientReply:client-DE0880F50CF2->72f5ceaa-5b3b-4bc7-b846-41895f4ebd48@group-833AA35A7EDE, cid=1752, SUCCESS, logIndex=2525, commits[72f5ceaa-5b3b-4bc7-b846-41895f4ebd48:c2526, b4e1f7d4-4bb4-47ed-a9cb-53483a899fb2:c2524, d3916bce-b37b-4246-83c6-d24846ba1a72:c2524]
2019-07-08 14:21:21,622 INFO  client.GrpcClientProtocolClient (GrpcClientProtocolClient.java:onNext(255)) - client-DE0880F50CF2->72f5ceaa-5b3b-4bc7-b846-41895f4ebd48: receive RaftClientReply:client-DE0880F50CF2->72f5ceaa-5b3b-4bc7-b846-41895f4ebd48@group-833AA35A7EDE, cid=1753, SUCCESS, logIndex=2526, commits[72f5ceaa-5b3b-4bc7-b846-41895f4ebd48:c2526, b4e1f7d4-4bb4-47ed-a9cb-53483a899fb2:c2524, d3916bce-b37b-4246-83c6-d24846ba1a72:c2524]
2019-07-08 14:21:21,636 INFO  client.GrpcClientProtocolClient (GrpcClientProtocolClient.java:onNext(255)) - client-DE0880F50CF2->72f5ceaa-5b3b-4bc7-b846-41895f4ebd48: receive RaftClientReply:client-DE0880F50CF2->72f5ceaa-5b3b-4bc7-b846-41895f4ebd48@group-833AA35A7EDE, cid=1754, SUCCESS, logIndex=2529, commits[72f5ceaa-5b3b-4bc7-b846-41895f4ebd48:c2529, b4e1f7d4-4bb4-47ed-a9cb-53483a899fb2:c2526, d3916bce-b37b-4246-83c6-d24846ba1a72:c2526]
2019-07-08 14:21:21,636 INFO  client.GrpcClientProtocolClient (GrpcClientProtocolClient.java:onNext(255)) - client-DE0880F50CF2->72f5ceaa-5b3b-4bc7-b846-41895f4ebd48: receive RaftClientReply:client-DE0880F50CF2->72f5ceaa-5b3b-4bc7-b846-41895f4ebd48@group-833AA35A7EDE, cid=1755, SUCCESS, logIndex=2530, commits[72f5ceaa-5b3b-4bc7-b846-41895f4ebd48:c2530, b4e1f7d4-4bb4-47ed-a9cb-53483a899fb2:c2526, d3916bce-b37b-4246-83c6-d24846ba1a72:c2526]
2019-07-08 14:21:21,651 INFO  client.GrpcClientProtocolClient (GrpcClientProtocolClient.java:onNext(255)) - client-DE0880F50CF2->72f5ceaa-5b3b-4bc7-b846-41895f4ebd48: receive RaftClientReply:client-DE0880F50CF2->72f5ceaa-5b3b-4bc7-b846-41895f4ebd48@group-833AA35A7EDE, cid=1756, SUCCESS, logIndex=0, commits[72f5ceaa-5b3b-4bc7-b846-41895f4ebd48:c2532, b4e1f7d4-4bb4-47ed-a9cb-53483a899fb2:c2530, d3916bce-b37b-4246-83c6-d24846ba1a72:c2530]
2019-07-08 14:21:21,679 INFO  client.GrpcClientProtocolClient (GrpcClientProtocolClient.java:onNext(255)) - client-DE0880F50CF2->72f5ceaa-5b3b-4bc7-b846-41895f4ebd48: receive RaftClientReply:client-DE0880F50CF2->72f5ceaa-5b3b-4bc7-b846-41895f4ebd48@group-833AA35A7EDE, cid=1757, SUCCESS, logIndex=2533, commits[72f5ceaa-5b3b-4bc7-b846-41895f4ebd48:c2535, b4e1f7d4-4bb4-47ed-a9cb-53483a899fb2:c2532, d3916bce-b37b-4246-83c6-d24846ba1a72:c2532]
2019-07-08 14:21:21,680 INFO  client.GrpcClientProtocolClient (GrpcClientProtocolClient.java:onNext(255)) - client-DE0880F50CF2->72f5ceaa-5b3b-4bc7-b846-41895f4ebd48: receive RaftClientReply:client-DE0880F50CF2->72f5ceaa-5b3b-4bc7-b846-41895f4ebd48@group-833AA35A7EDE, cid=1758, SUCCESS, logIndex=2534, commits[72f5ceaa-5b3b-4bc7-b846-41895f4ebd48:c2536, b4e1f7d4-4bb4-47ed-a9cb-53483a899fb2:c2532, d3916bce-b37b-4246-83c6-d24846ba1a72:c2532]
2019-07-08 14:21:21,680 INFO  client.GrpcClientProtocolClient (GrpcClientProtocolClient.java:onNext(255)) - client-DE0880F50CF2->72f5ceaa-5b3b-4bc7-b846-41895f4ebd48: receive RaftClientReply:client-DE0880F50CF2->72f5ceaa-5b3b-4bc7-b846-41895f4ebd48@group-833AA35A7EDE, cid=1759, SUCCESS, logIndex=2535, commits[72f5ceaa-5b3b-4bc7-b846-41895f4ebd48:c2536, b4e1f7d4-4bb4-47ed-a9cb-53483a899fb2:c2532, d3916bce-b37b-4246-83c6-d24846ba1a72:c2532]
2019-07-08 14:21:21,680 INFO  client.GrpcClientProtocolClient (GrpcClientProtocolClient.java:onNext(255)) - client-DE0880F50CF2->72f5ceaa-5b3b-4bc7-b846-41895f4ebd48: receive RaftClientReply:client-DE0880F50CF2->72f5ceaa-5b3b-4bc7-b846-41895f4ebd48@group-833AA35A7EDE, cid=1760, SUCCESS, logIndex=2536, commits[72f5ceaa-5b3b-4bc7-b846-41895f4ebd48:c2536, b4e1f7d4-4bb4-47ed-a9cb-53483a899fb2:c2532, d3916bce-b37b-4246-83c6-d24846ba1a72:c2532]
2019-07-08 14:21:21,691 INFO  client.GrpcClientProtocolClient (GrpcClientProtocolClient.java:onNext(255)) - client-DE0880F50CF2->72f5ceaa-5b3b-4bc7-b846-41895f4ebd48: receive RaftClientReply:client-DE0880F50CF2->72f5ceaa-5b3b-4bc7-b846-41895f4ebd48@group-833AA35A7EDE, cid=1761, SUCCESS, logIndex=0, commits[72f5ceaa-5b3b-4bc7-b846-41895f4ebd48:c2537, b4e1f7d4-4bb4-47ed-a9cb-53483a899fb2:c2534, d3916bce-b37b-4246-83c6-d24846ba1a72:c2534]
2019-07-08 14:21:21,715 INFO  client.GrpcClientProtocolClient (GrpcClientProtocolClient.java:onNext(255)) - client-DE0880F50CF2->72f5ceaa-5b3b-4bc7-b846-41895f4ebd48: receive RaftClientReply:client-DE0880F50CF2->72f5ceaa-5b3b-4bc7-b846-41895f4ebd48@group-833AA35A7EDE, cid=1762, SUCCESS, logIndex=2541, commits[72f5ceaa-5b3b-4bc7-b846-41895f4ebd48:c2542, b4e1f7d4-4bb4-47ed-a9cb-53483a899fb2:c2540, d3916bce-b37b-4246-83c6-d24846ba1a72:c2540]
2019-07-08 14:21:21,716 INFO  client.GrpcClientProtocolClient (GrpcClientProtocolClient.java:onNext(255)) - client-DE0880F50CF2->72f5ceaa-5b3b-4bc7-b846-41895f4ebd48: receive RaftClientReply:client-DE0880F50CF2->72f5ceaa-5b3b-4bc7-b846-41895f4ebd48@group-833AA35A7EDE, cid=1763, SUCCESS, logIndex=2542, commits[72f5ceaa-5b3b-4bc7-b846-41895f4ebd48:c2542, b4e1f7d4-4bb4-47ed-a9cb-53483a899fb2:c2540, d3916bce-b37b-4246-83c6-d24846ba1a72:c2540]
2019-07-08 14:21:21,729 INFO  client.GrpcClientProtocolClient (GrpcClientProtocolClient.java:onNext(255)) - client-DE0880F50CF2->72f5ceaa-5b3b-4bc7-b846-41895f4ebd48: receive RaftClientReply:client-DE0880F50CF2->72f5ceaa-5b3b-4bc7-b846-41895f4ebd48@group-833AA35A7EDE, cid=1764, SUCCESS, logIndex=2545, commits[72f5ceaa-5b3b-4bc7-b846-41895f4ebd48:c2546, b4e1f7d4-4bb4-47ed-a9cb-53483a899fb2:c2542, d3916bce-b37b-4246-83c6-d24846ba1a72:c2542]
2019-07-08 14:21:21,729 INFO  client.GrpcClientProtocolClient (GrpcClientProtocolClient.java:onNext(255)) - client-DE0880F50CF2->72f5ceaa-5b3b-4bc7-b846-41895f4ebd48: receive RaftClientReply:client-DE0880F50CF2->72f5ceaa-5b3b-4bc7-b846-41895f4ebd48@group-833AA35A7EDE, cid=1765, SUCCESS, logIndex=2546, commits[72f5ceaa-5b3b-4bc7-b846-41895f4ebd48:c2546, b4e1f7d4-4bb4-47ed-a9cb-53483a899fb2:c2542, d3916bce-b37b-4246-83c6-d24846ba1a72:c2542]
2019-07-08 14:21:21,741 INFO  client.GrpcClientProtocolClient (GrpcClientProtocolClient.java:onNext(255)) - client-DE0880F50CF2->72f5ceaa-5b3b-4bc7-b846-41895f4ebd48: receive RaftClientReply:client-DE0880F50CF2->72f5ceaa-5b3b-4bc7-b846-41895f4ebd48@group-833AA35A7EDE, cid=1766, SUCCESS, logIndex=0, commits[72f5ceaa-5b3b-4bc7-b846-41895f4ebd48:c2548, b4e1f7d4-4bb4-47ed-a9cb-53483a899fb2:c2546, d3916bce-b37b-4246-83c6-d24846ba1a72:c2546]
 0.00% |█                                                                                                    |  0/1 Time: 0:00:162019-07-08 14:21:21,773 INFO  client.GrpcClientProtocolClient (GrpcClientProtocolClient.java:onNext(255)) - client-DE0880F50CF2->72f5ceaa-5b3b-4bc7-b846-41895f4ebd48: receive RaftClientReply:client-DE0880F50CF2->72f5ceaa-5b3b-4bc7-b846-41895f4ebd48@group-833AA35A7EDE, cid=1767, SUCCESS, logIndex=2549, commits[72f5ceaa-5b3b-4bc7-b846-41895f4ebd48:c2550, b4e1f7d4-4bb4-47ed-a9cb-53483a899fb2:c2548, d3916bce-b37b-4246-83c6-d24846ba1a72:c2548]
2019-07-08 14:21:21,774 INFO  client.GrpcClientProtocolClient (GrpcClientProtocolClient.java:onNext(255)) - client-DE0880F50CF2->72f5ceaa-5b3b-4bc7-b846-41895f4ebd48: receive RaftClientReply:client-DE0880F50CF2->72f5ceaa-5b3b-4bc7-b846-41895f4ebd48@group-833AA35A7EDE, cid=1768, SUCCESS, logIndex=2550, commits[72f5ceaa-5b3b-4bc7-b846-41895f4ebd48:c2552, b4e1f7d4-4bb4-47ed-a9cb-53483a899fb2:c2548, d3916bce-b37b-4246-83c6-d24846ba1a72:c2548]
2019-07-08 14:21:21,775 INFO  client.GrpcClientProtocolClient (GrpcClientProtocolClient.java:onNext(255)) - client-DE0880F50CF2->72f5ceaa-5b3b-4bc7-b846-41895f4ebd48: receive RaftClientReply:client-DE0880F50CF2->72f5ceaa-5b3b-4bc7-b846-41895f4ebd48@group-833AA35A7EDE, cid=1769, SUCCESS, logIndex=2551, commits[72f5ceaa-5b3b-4bc7-b846-41895f4ebd48:c2552, b4e1f7d4-4bb4-47ed-a9cb-53483a899fb2:c2548, d3916bce-b37b-4246-83c6-d24846ba1a72:c2548]
2019-07-08 14:21:21,775 INFO  client.GrpcClientProtocolClient (GrpcClientProtocolClient.java:onNext(255)) - client-DE0880F50CF2->72f5ceaa-5b3b-4bc7-b846-41895f4ebd48: receive RaftClientReply:client-DE0880F50CF2->72f5ceaa-5b3b-4bc7-b846-41895f4ebd48@group-833AA35A7EDE, cid=1770, SUCCESS, logIndex=2552, commits[72f5ceaa-5b3b-4bc7-b846-41895f4ebd48:c2552, b4e1f7d4-4bb4-47ed-a9cb-53483a899fb2:c2548, d3916bce-b37b-4246-83c6-d24846ba1a72:c2548]
2019-07-08 14:21:21,776 INFO  client.GrpcClientProtocolClient (GrpcClientProtocolClient.java:onNext(255)) - client-DE0880F50CF2->72f5ceaa-5b3b-4bc7-b846-41895f4ebd48: receive RaftClientReply:client-DE0880F50CF2->72f5ceaa-5b3b-4bc7-b846-41895f4ebd48@group-833AA35A7EDE, cid=1771, SUCCESS, logIndex=0, commits[72f5ceaa-5b3b-4bc7-b846-41895f4ebd48:c2555, b4e1f7d4-4bb4-47ed-a9cb-53483a899fb2:c2552, d3916bce-b37b-4246-83c6-d24846ba1a72:c2552]
2019-07-08 14:21:21,798 INFO  client.GrpcClientProtocolClient (GrpcClientProtocolClient.java:onNext(255)) - client-DE0880F50CF2->72f5ceaa-5b3b-4bc7-b846-41895f4ebd48: receive RaftClientReply:client-DE0880F50CF2->72f5ceaa-5b3b-4bc7-b846-41895f4ebd48@group-833AA35A7EDE, cid=1772, SUCCESS, logIndex=2556, commits[72f5ceaa-5b3b-4bc7-b846-41895f4ebd48:c2557, b4e1f7d4-4bb4-47ed-a9cb-53483a899fb2:c2555, d3916bce-b37b-4246-83c6-d24846ba1a72:c2555]
2019-07-08 14:21:21,799 INFO  client.GrpcClientProtocolClient (GrpcClientProtocolClient.java:onNext(255)) - client-DE0880F50CF2->72f5ceaa-5b3b-4bc7-b846-41895f4ebd48: receive RaftClientReply:client-DE0880F50CF2->72f5ceaa-5b3b-4bc7-b846-41895f4ebd48@group-833AA35A7EDE, cid=1773, SUCCESS, logIndex=2557, commits[72f5ceaa-5b3b-4bc7-b846-41895f4ebd48:c2557, b4e1f7d4-4bb4-47ed-a9cb-53483a899fb2:c2555, d3916bce-b37b-4246-83c6-d24846ba1a72:c2555]
2019-07-08 14:21:21,819 INFO  client.GrpcClientProtocolClient (GrpcClientProtocolClient.java:onNext(255)) - client-DE0880F50CF2->72f5ceaa-5b3b-4bc7-b846-41895f4ebd48: receive RaftClientReply:client-DE0880F50CF2->72f5ceaa-5b3b-4bc7-b846-41895f4ebd48@group-833AA35A7EDE, cid=1774, SUCCESS, logIndex=2560, commits[72f5ceaa-5b3b-4bc7-b846-41895f4ebd48:c2561, b4e1f7d4-4bb4-47ed-a9cb-53483a899fb2:c2559, d3916bce-b37b-4246-83c6-d24846ba1a72:c2559]
2019-07-08 14:21:21,819 INFO  client.GrpcClientProtocolClient (GrpcClientProtocolClient.java:onNext(255)) - client-DE0880F50CF2->72f5ceaa-5b3b-4bc7-b846-41895f4ebd48: receive RaftClientReply:client-DE0880F50CF2->72f5ceaa-5b3b-4bc7-b846-41895f4ebd48@group-833AA35A7EDE, cid=1775, SUCCESS, logIndex=2561, commits[72f5ceaa-5b3b-4bc7-b846-41895f4ebd48:c2561, b4e1f7d4-4bb4-47ed-a9cb-53483a899fb2:c2559, d3916bce-b37b-4246-83c6-d24846ba1a72:c2559]
2019-07-08 14:21:21,832 INFO  client.GrpcClientProtocolClient (GrpcClientProtocolClient.java:onNext(255)) - client-DE0880F50CF2->72f5ceaa-5b3b-4bc7-b846-41895f4ebd48: receive RaftClientReply:client-DE0880F50CF2->72f5ceaa-5b3b-4bc7-b846-41895f4ebd48@group-833AA35A7EDE, cid=1776, SUCCESS, logIndex=0, commits[72f5ceaa-5b3b-4bc7-b846-41895f4ebd48:c2563, b4e1f7d4-4bb4-47ed-a9cb-53483a899fb2:c2561, d3916bce-b37b-4246-83c6-d24846ba1a72:c2561]
2019-07-08 14:21:21,861 INFO  client.GrpcClientProtocolClient (GrpcClientProtocolClient.java:onNext(255)) - client-DE0880F50CF2->72f5ceaa-5b3b-4bc7-b846-41895f4ebd48: receive RaftClientReply:client-DE0880F50CF2->72f5ceaa-5b3b-4bc7-b846-41895f4ebd48@group-833AA35A7EDE, cid=1777, SUCCESS, logIndex=2564, commits[72f5ceaa-5b3b-4bc7-b846-41895f4ebd48:c2565, b4e1f7d4-4bb4-47ed-a9cb-53483a899fb2:c2563, d3916bce-b37b-4246-83c6-d24846ba1a72:c2563]
2019-07-08 14:21:21,861 INFO  client.GrpcClientProtocolClient (GrpcClientProtocolClient.java:onNext(255)) - client-DE0880F50CF2->72f5ceaa-5b3b-4bc7-b846-41895f4ebd48: receive RaftClientReply:client-DE0880F50CF2->72f5ceaa-5b3b-4bc7-b846-41895f4ebd48@group-833AA35A7EDE, cid=1778, SUCCESS, logIndex=2565, commits[72f5ceaa-5b3b-4bc7-b846-41895f4ebd48:c2567, b4e1f7d4-4bb4-47ed-a9cb-53483a899fb2:c2563, d3916bce-b37b-4246-83c6-d24846ba1a72:c2563]
2019-07-08 14:21:21,862 INFO  client.GrpcClientProtocolClient (GrpcClientProtocolClient.java:onNext(255)) - client-DE0880F50CF2->72f5ceaa-5b3b-4bc7-b846-41895f4ebd48: receive RaftClientReply:client-DE0880F50CF2->72f5ceaa-5b3b-4bc7-b846-41895f4ebd48@group-833AA35A7EDE, cid=1779, SUCCESS, logIndex=2566, commits[72f5ceaa-5b3b-4bc7-b846-41895f4ebd48:c2567, b4e1f7d4-4bb4-47ed-a9cb-53483a899fb2:c2563, d3916bce-b37b-4246-83c6-d24846ba1a72:c2563]
2019-07-08 14:21:21,862 INFO  client.GrpcClientProtocolClient (GrpcClientProtocolClient.java:onNext(255)) - client-DE0880F50CF2->72f5ceaa-5b3b-4bc7-b846-41895f4ebd48: receive RaftClientReply:client-DE0880F50CF2->72f5ceaa-5b3b-4bc7-b846-41895f4ebd48@group-833AA35A7EDE, cid=1780, SUCCESS, logIndex=2567, commits[72f5ceaa-5b3b-4bc7-b846-41895f4ebd48:c2567, b4e1f7d4-4bb4-47ed-a9cb-53483a899fb2:c2563, d3916bce-b37b-4246-83c6-d24846ba1a72:c2563]
2019-07-08 14:21:21,864 INFO  client.GrpcClientProtocolClient (GrpcClientProtocolClient.java:onNext(255)) - client-DE0880F50CF2->72f5ceaa-5b3b-4bc7-b846-41895f4ebd48: receive RaftClientReply:client-DE0880F50CF2->72f5ceaa-5b3b-4bc7-b846-41895f4ebd48@group-833AA35A7EDE, cid=1781, SUCCESS, logIndex=0, commits[72f5ceaa-5b3b-4bc7-b846-41895f4ebd48:c2571, b4e1f7d4-4bb4-47ed-a9cb-53483a899fb2:c2565, d3916bce-b37b-4246-83c6-d24846ba1a72:c2567]
2019-07-08 14:21:21,884 INFO  client.GrpcClientProtocolClient (GrpcClientProtocolClient.java:onNext(255)) - client-DE0880F50CF2->72f5ceaa-5b3b-4bc7-b846-41895f4ebd48: receive RaftClientReply:client-DE0880F50CF2->72f5ceaa-5b3b-4bc7-b846-41895f4ebd48@group-833AA35A7EDE, cid=1782, SUCCESS, logIndex=2572, commits[72f5ceaa-5b3b-4bc7-b846-41895f4ebd48:c2573, b4e1f7d4-4bb4-47ed-a9cb-53483a899fb2:c2571, d3916bce-b37b-4246-83c6-d24846ba1a72:c2571]
2019-07-08 14:21:21,884 INFO  client.GrpcClientProtocolClient (GrpcClientProtocolClient.java:onNext(255)) - client-DE0880F50CF2->72f5ceaa-5b3b-4bc7-b846-41895f4ebd48: receive RaftClientReply:client-DE0880F50CF2->72f5ceaa-5b3b-4bc7-b846-41895f4ebd48@group-833AA35A7EDE, cid=1783, SUCCESS, logIndex=2573, commits[72f5ceaa-5b3b-4bc7-b846-41895f4ebd48:c2573, b4e1f7d4-4bb4-47ed-a9cb-53483a899fb2:c2571, d3916bce-b37b-4246-83c6-d24846ba1a72:c2571]
2019-07-08 14:21:21,899 INFO  client.GrpcClientProtocolClient (GrpcClientProtocolClient.java:onNext(255)) - client-DE0880F50CF2->72f5ceaa-5b3b-4bc7-b846-41895f4ebd48: receive RaftClientReply:client-DE0880F50CF2->72f5ceaa-5b3b-4bc7-b846-41895f4ebd48@group-833AA35A7EDE, cid=1784, SUCCESS, logIndex=2576, commits[72f5ceaa-5b3b-4bc7-b846-41895f4ebd48:c2576, b4e1f7d4-4bb4-47ed-a9cb-53483a899fb2:c2573, d3916bce-b37b-4246-83c6-d24846ba1a72:c2573]
2019-07-08 14:21:21,899 INFO  client.GrpcClientProtocolClient (GrpcClientProtocolClient.java:onNext(255)) - client-DE0880F50CF2->72f5ceaa-5b3b-4bc7-b846-41895f4ebd48: receive RaftClientReply:client-DE0880F50CF2->72f5ceaa-5b3b-4bc7-b846-41895f4ebd48@group-833AA35A7EDE, cid=1785, SUCCESS, logIndex=2577, commits[72f5ceaa-5b3b-4bc7-b846-41895f4ebd48:c2577, b4e1f7d4-4bb4-47ed-a9cb-53483a899fb2:c2573, d3916bce-b37b-4246-83c6-d24846ba1a72:c2573]
2019-07-08 14:21:21,913 INFO  client.GrpcClientProtocolClient (GrpcClientProtocolClient.java:onNext(255)) - client-DE0880F50CF2->72f5ceaa-5b3b-4bc7-b846-41895f4ebd48: receive RaftClientReply:client-DE0880F50CF2->72f5ceaa-5b3b-4bc7-b846-41895f4ebd48@group-833AA35A7EDE, cid=1786, SUCCESS, logIndex=0, commits[72f5ceaa-5b3b-4bc7-b846-41895f4ebd48:c2579, b4e1f7d4-4bb4-47ed-a9cb-53483a899fb2:c2577, d3916bce-b37b-4246-83c6-d24846ba1a72:c2577]
2019-07-08 14:21:21,943 INFO  client.GrpcClientProtocolClient (GrpcClientProtocolClient.java:onNext(255)) - client-DE0880F50CF2->72f5ceaa-5b3b-4bc7-b846-41895f4ebd48: receive RaftClientReply:client-DE0880F50CF2->72f5ceaa-5b3b-4bc7-b846-41895f4ebd48@group-833AA35A7EDE, cid=1787, SUCCESS, logIndex=2580, commits[72f5ceaa-5b3b-4bc7-b846-41895f4ebd48:c2582, b4e1f7d4-4bb4-47ed-a9cb-53483a899fb2:c2579, d3916bce-b37b-4246-83c6-d24846ba1a72:c2579]
2019-07-08 14:21:21,944 INFO  client.GrpcClientProtocolClient (GrpcClientProtocolClient.java:onNext(255)) - client-DE0880F50CF2->72f5ceaa-5b3b-4bc7-b846-41895f4ebd48: receive RaftClientReply:client-DE0880F50CF2->72f5ceaa-5b3b-4bc7-b846-41895f4ebd48@group-833AA35A7EDE, cid=1788, SUCCESS, logIndex=2581, commits[72f5ceaa-5b3b-4bc7-b846-41895f4ebd48:c2583, b4e1f7d4-4bb4-47ed-a9cb-53483a899fb2:c2579, d3916bce-b37b-4246-83c6-d24846ba1a72:c2579]
2019-07-08 14:21:21,944 INFO  client.GrpcClientProtocolClient (GrpcClientProtocolClient.java:onNext(255)) - client-DE0880F50CF2->72f5ceaa-5b3b-4bc7-b846-41895f4ebd48: receive RaftClientReply:client-DE0880F50CF2->72f5ceaa-5b3b-4bc7-b846-41895f4ebd48@group-833AA35A7EDE, cid=1789, SUCCESS, logIndex=2582, commits[72f5ceaa-5b3b-4bc7-b846-41895f4ebd48:c2583, b4e1f7d4-4bb4-47ed-a9cb-53483a899fb2:c2579, d3916bce-b37b-4246-83c6-d24846ba1a72:c2579]
2019-07-08 14:21:21,944 INFO  client.GrpcClientProtocolClient (GrpcClientProtocolClient.java:onNext(255)) - client-DE0880F50CF2->72f5ceaa-5b3b-4bc7-b846-41895f4ebd48: receive RaftClientReply:client-DE0880F50CF2->72f5ceaa-5b3b-4bc7-b846-41895f4ebd48@group-833AA35A7EDE, cid=1790, SUCCESS, logIndex=2583, commits[72f5ceaa-5b3b-4bc7-b846-41895f4ebd48:c2583, b4e1f7d4-4bb4-47ed-a9cb-53483a899fb2:c2579, d3916bce-b37b-4246-83c6-d24846ba1a72:c2579]
2019-07-08 14:21:21,955 INFO  client.GrpcClientProtocolClient (GrpcClientProtocolClient.java:onNext(255)) - client-DE0880F50CF2->72f5ceaa-5b3b-4bc7-b846-41895f4ebd48: receive RaftClientReply:client-DE0880F50CF2->72f5ceaa-5b3b-4bc7-b846-41895f4ebd48@group-833AA35A7EDE, cid=1791, SUCCESS, logIndex=0, commits[72f5ceaa-5b3b-4bc7-b846-41895f4ebd48:c2584, b4e1f7d4-4bb4-47ed-a9cb-53483a899fb2:c2581, d3916bce-b37b-4246-83c6-d24846ba1a72:c2581]
2019-07-08 14:21:21,974 INFO  client.GrpcClientProtocolClient (GrpcClientProtocolClient.java:onNext(255)) - client-DE0880F50CF2->72f5ceaa-5b3b-4bc7-b846-41895f4ebd48: receive RaftClientReply:client-DE0880F50CF2->72f5ceaa-5b3b-4bc7-b846-41895f4ebd48@group-833AA35A7EDE, cid=1792, SUCCESS, logIndex=2588, commits[72f5ceaa-5b3b-4bc7-b846-41895f4ebd48:c2589, b4e1f7d4-4bb4-47ed-a9cb-53483a899fb2:c2587, d3916bce-b37b-4246-83c6-d24846ba1a72:c2587]
2019-07-08 14:21:21,974 INFO  client.GrpcClientProtocolClient (GrpcClientProtocolClient.java:onNext(255)) - client-DE0880F50CF2->72f5ceaa-5b3b-4bc7-b846-41895f4ebd48: receive RaftClientReply:client-DE0880F50CF2->72f5ceaa-5b3b-4bc7-b846-41895f4ebd48@group-833AA35A7EDE, cid=1793, SUCCESS, logIndex=2589, commits[72f5ceaa-5b3b-4bc7-b846-41895f4ebd48:c2589, b4e1f7d4-4bb4-47ed-a9cb-53483a899fb2:c2587, d3916bce-b37b-4246-83c6-d24846ba1a72:c2587]
2019-07-08 14:21:21,987 INFO  client.GrpcClientProtocolClient (GrpcClientProtocolClient.java:onNext(255)) - client-DE0880F50CF2->72f5ceaa-5b3b-4bc7-b846-41895f4ebd48: receive RaftClientReply:client-DE0880F50CF2->72f5ceaa-5b3b-4bc7-b846-41895f4ebd48@group-833AA35A7EDE, cid=1794, SUCCESS, logIndex=2592, commits[72f5ceaa-5b3b-4bc7-b846-41895f4ebd48:c2593, b4e1f7d4-4bb4-47ed-a9cb-53483a899fb2:c2589, d3916bce-b37b-4246-83c6-d24846ba1a72:c2589]
2019-07-08 14:21:21,988 INFO  client.GrpcClientProtocolClient (GrpcClientProtocolClient.java:onNext(255)) - client-DE0880F50CF2->72f5ceaa-5b3b-4bc7-b846-41895f4ebd48: receive RaftClientReply:client-DE0880F50CF2->72f5ceaa-5b3b-4bc7-b846-41895f4ebd48@group-833AA35A7EDE, cid=1795, SUCCESS, logIndex=2593, commits[72f5ceaa-5b3b-4bc7-b846-41895f4ebd48:c2593, b4e1f7d4-4bb4-47ed-a9cb-53483a899fb2:c2589, d3916bce-b37b-4246-83c6-d24846ba1a72:c2589]
2019-07-08 14:21:22,000 INFO  client.GrpcClientProtocolClient (GrpcClientProtocolClient.java:onNext(255)) - client-DE0880F50CF2->72f5ceaa-5b3b-4bc7-b846-41895f4ebd48: receive RaftClientReply:client-DE0880F50CF2->72f5ceaa-5b3b-4bc7-b846-41895f4ebd48@group-833AA35A7EDE, cid=1796, SUCCESS, logIndex=0, commits[72f5ceaa-5b3b-4bc7-b846-41895f4ebd48:c2595, b4e1f7d4-4bb4-47ed-a9cb-53483a899fb2:c2593, d3916bce-b37b-4246-83c6-d24846ba1a72:c2593]
2019-07-08 14:21:22,033 INFO  client.GrpcClientProtocolClient (GrpcClientProtocolClient.java:onNext(255)) - client-DE0880F50CF2->72f5ceaa-5b3b-4bc7-b846-41895f4ebd48: receive RaftClientReply:client-DE0880F50CF2->72f5ceaa-5b3b-4bc7-b846-41895f4ebd48@group-833AA35A7EDE, cid=1797, SUCCESS, logIndex=2596, commits[72f5ceaa-5b3b-4bc7-b846-41895f4ebd48:c2597, b4e1f7d4-4bb4-47ed-a9cb-53483a899fb2:c2595, d3916bce-b37b-4246-83c6-d24846ba1a72:c2595]
2019-07-08 14:21:22,034 INFO  client.GrpcClientProtocolClient (GrpcClientProtocolClient.java:onNext(255)) - client-DE0880F50CF2->72f5ceaa-5b3b-4bc7-b846-41895f4ebd48: receive RaftClientReply:client-DE0880F50CF2->72f5ceaa-5b3b-4bc7-b846-41895f4ebd48@group-833AA35A7EDE, cid=1798, SUCCESS, logIndex=2597, commits[72f5ceaa-5b3b-4bc7-b846-41895f4ebd48:c2599, b4e1f7d4-4bb4-47ed-a9cb-53483a899fb2:c2595, d3916bce-b37b-4246-83c6-d24846ba1a72:c2595]
2019-07-08 14:21:22,034 INFO  client.GrpcClientProtocolClient (GrpcClientProtocolClient.java:onNext(255)) - client-DE0880F50CF2->72f5ceaa-5b3b-4bc7-b846-41895f4ebd48: receive RaftClientReply:client-DE0880F50CF2->72f5ceaa-5b3b-4bc7-b846-41895f4ebd48@group-833AA35A7EDE, cid=1799, SUCCESS, logIndex=2598, commits[72f5ceaa-5b3b-4bc7-b846-41895f4ebd48:c2600, b4e1f7d4-4bb4-47ed-a9cb-53483a899fb2:c2596, d3916bce-b37b-4246-83c6-d24846ba1a72:c2597]
2019-07-08 14:21:22,035 INFO  client.GrpcClientProtocolClient (GrpcClientProtocolClient.java:onNext(255)) - client-DE0880F50CF2->72f5ceaa-5b3b-4bc7-b846-41895f4ebd48: receive RaftClientReply:client-DE0880F50CF2->72f5ceaa-5b3b-4bc7-b846-41895f4ebd48@group-833AA35A7EDE, cid=1800, SUCCESS, logIndex=2599, commits[72f5ceaa-5b3b-4bc7-b846-41895f4ebd48:c2600, b4e1f7d4-4bb4-47ed-a9cb-53483a899fb2:c2596, d3916bce-b37b-4246-83c6-d24846ba1a72:c2597]
2019-07-08 14:21:22,053 INFO  client.GrpcClientProtocolClient (GrpcClientProtocolClient.java:onNext(255)) - client-DE0880F50CF2->72f5ceaa-5b3b-4bc7-b846-41895f4ebd48: receive RaftClientReply:client-DE0880F50CF2->72f5ceaa-5b3b-4bc7-b846-41895f4ebd48@group-833AA35A7EDE, cid=1801, SUCCESS, logIndex=0, commits[72f5ceaa-5b3b-4bc7-b846-41895f4ebd48:c2600, b4e1f7d4-4bb4-47ed-a9cb-53483a899fb2:c2597, d3916bce-b37b-4246-83c6-d24846ba1a72:c2597]
2019-07-08 14:21:22,069 INFO  client.GrpcClientProtocolClient (GrpcClientProtocolClient.java:onNext(255)) - client-DE0880F50CF2->72f5ceaa-5b3b-4bc7-b846-41895f4ebd48: receive RaftClientReply:client-DE0880F50CF2->72f5ceaa-5b3b-4bc7-b846-41895f4ebd48@group-833AA35A7EDE, cid=1802, SUCCESS, logIndex=2604, commits[72f5ceaa-5b3b-4bc7-b846-41895f4ebd48:c2605, b4e1f7d4-4bb4-47ed-a9cb-53483a899fb2:c2603, d3916bce-b37b-4246-83c6-d24846ba1a72:c2603]
2019-07-08 14:21:22,069 INFO  client.GrpcClientProtocolClient (GrpcClientProtocolClient.java:onNext(255)) - client-DE0880F50CF2->72f5ceaa-5b3b-4bc7-b846-41895f4ebd48: receive RaftClientReply:client-DE0880F50CF2->72f5ceaa-5b3b-4bc7-b846-41895f4ebd48@group-833AA35A7EDE, cid=1803, SUCCESS, logIndex=2605, commits[72f5ceaa-5b3b-4bc7-b846-41895f4ebd48:c2605, b4e1f7d4-4bb4-47ed-a9cb-53483a899fb2:c2603, d3916bce-b37b-4246-83c6-d24846ba1a72:c2603]
2019-07-08 14:21:22,186 INFO  client.GrpcClientProtocolClient (GrpcClientProtocolClient.java:onNext(255)) - client-DE0880F50CF2->72f5ceaa-5b3b-4bc7-b846-41895f4ebd48: receive RaftClientReply:client-DE0880F50CF2->72f5ceaa-5b3b-4bc7-b846-41895f4ebd48@group-833AA35A7EDE, cid=1804, SUCCESS, logIndex=2608, commits[72f5ceaa-5b3b-4bc7-b846-41895f4ebd48:c2608, b4e1f7d4-4bb4-47ed-a9cb-53483a899fb2:c2605, d3916bce-b37b-4246-83c6-d24846ba1a72:c2605]
2019-07-08 14:21:22,187 INFO  client.GrpcClientProtocolClient (GrpcClientProtocolClient.java:onNext(255)) - client-DE0880F50CF2->72f5ceaa-5b3b-4bc7-b846-41895f4ebd48: receive RaftClientReply:client-DE0880F50CF2->72f5ceaa-5b3b-4bc7-b846-41895f4ebd48@group-833AA35A7EDE, cid=1805, SUCCESS, logIndex=2609, commits[72f5ceaa-5b3b-4bc7-b846-41895f4ebd48:c2609, b4e1f7d4-4bb4-47ed-a9cb-53483a899fb2:c2606, d3916bce-b37b-4246-83c6-d24846ba1a72:c2606]
2019-07-08 14:21:22,199 INFO  client.GrpcClientProtocolClient (GrpcClientProtocolClient.java:onNext(255)) - client-DE0880F50CF2->72f5ceaa-5b3b-4bc7-b846-41895f4ebd48: receive RaftClientReply:client-DE0880F50CF2->72f5ceaa-5b3b-4bc7-b846-41895f4ebd48@group-833AA35A7EDE, cid=1806, SUCCESS, logIndex=0, commits[72f5ceaa-5b3b-4bc7-b846-41895f4ebd48:c2611, b4e1f7d4-4bb4-47ed-a9cb-53483a899fb2:c2609, d3916bce-b37b-4246-83c6-d24846ba1a72:c2609]
2019-07-08 14:21:22,234 INFO  client.GrpcClientProtocolClient (GrpcClientProtocolClient.java:onNext(255)) - client-DE0880F50CF2->72f5ceaa-5b3b-4bc7-b846-41895f4ebd48: receive RaftClientReply:client-DE0880F50CF2->72f5ceaa-5b3b-4bc7-b846-41895f4ebd48@group-833AA35A7EDE, cid=1807, SUCCESS, logIndex=2612, commits[72f5ceaa-5b3b-4bc7-b846-41895f4ebd48:c2614, b4e1f7d4-4bb4-47ed-a9cb-53483a899fb2:c2611, d3916bce-b37b-4246-83c6-d24846ba1a72:c2611]
2019-07-08 14:21:22,234 INFO  client.GrpcClientProtocolClient (GrpcClientProtocolClient.java:onNext(255)) - client-DE0880F50CF2->72f5ceaa-5b3b-4bc7-b846-41895f4ebd48: receive RaftClientReply:client-DE0880F50CF2->72f5ceaa-5b3b-4bc7-b846-41895f4ebd48@group-833AA35A7EDE, cid=1808, SUCCESS, logIndex=2613, commits[72f5ceaa-5b3b-4bc7-b846-41895f4ebd48:c2615, b4e1f7d4-4bb4-47ed-a9cb-53483a899fb2:c2611, d3916bce-b37b-4246-83c6-d24846ba1a72:c2611]
2019-07-08 14:21:22,235 INFO  client.GrpcClientProtocolClient (GrpcClientProtocolClient.java:onNext(255)) - client-DE0880F50CF2->72f5ceaa-5b3b-4bc7-b846-41895f4ebd48: receive RaftClientReply:client-DE0880F50CF2->72f5ceaa-5b3b-4bc7-b846-41895f4ebd48@group-833AA35A7EDE, cid=1809, SUCCESS, logIndex=2614, commits[72f5ceaa-5b3b-4bc7-b846-41895f4ebd48:c2616, b4e1f7d4-4bb4-47ed-a9cb-53483a899fb2:c2611, d3916bce-b37b-4246-83c6-d24846ba1a72:c2612]
2019-07-08 14:21:22,235 INFO  client.GrpcClientProtocolClient (GrpcClientProtocolClient.java:onNext(255)) - client-DE0880F50CF2->72f5ceaa-5b3b-4bc7-b846-41895f4ebd48: receive RaftClientReply:client-DE0880F50CF2->72f5ceaa-5b3b-4bc7-b846-41895f4ebd48@group-833AA35A7EDE, cid=1810, SUCCESS, logIndex=2615, commits[72f5ceaa-5b3b-4bc7-b846-41895f4ebd48:c2616, b4e1f7d4-4bb4-47ed-a9cb-53483a899fb2:c2612, d3916bce-b37b-4246-83c6-d24846ba1a72:c2612]
2019-07-08 14:21:22,237 INFO  client.GrpcClientProtocolClient (GrpcClientProtocolClient.java:onNext(255)) - client-DE0880F50CF2->72f5ceaa-5b3b-4bc7-b846-41895f4ebd48: receive RaftClientReply:client-DE0880F50CF2->72f5ceaa-5b3b-4bc7-b846-41895f4ebd48@group-833AA35A7EDE, cid=1811, SUCCESS, logIndex=0, commits[72f5ceaa-5b3b-4bc7-b846-41895f4ebd48:c2619, b4e1f7d4-4bb4-47ed-a9cb-53483a899fb2:c2614, d3916bce-b37b-4246-83c6-d24846ba1a72:c2615]
2019-07-08 14:21:22,257 INFO  client.GrpcClientProtocolClient (GrpcClientProtocolClient.java:onNext(255)) - client-DE0880F50CF2->72f5ceaa-5b3b-4bc7-b846-41895f4ebd48: receive RaftClientReply:client-DE0880F50CF2->72f5ceaa-5b3b-4bc7-b846-41895f4ebd48@group-833AA35A7EDE, cid=1812, SUCCESS, logIndex=2620, commits[72f5ceaa-5b3b-4bc7-b846-41895f4ebd48:c2621, b4e1f7d4-4bb4-47ed-a9cb-53483a899fb2:c2619, d3916bce-b37b-4246-83c6-d24846ba1a72:c2619]
2019-07-08 14:21:22,257 INFO  client.GrpcClientProtocolClient (GrpcClientProtocolClient.java:onNext(255)) - client-DE0880F50CF2->72f5ceaa-5b3b-4bc7-b846-41895f4ebd48: receive RaftClientReply:client-DE0880F50CF2->72f5ceaa-5b3b-4bc7-b846-41895f4ebd48@group-833AA35A7EDE, cid=1813, SUCCESS, logIndex=2621, commits[72f5ceaa-5b3b-4bc7-b846-41895f4ebd48:c2621, b4e1f7d4-4bb4-47ed-a9cb-53483a899fb2:c2619, d3916bce-b37b-4246-83c6-d24846ba1a72:c2619]
2019-07-08 14:21:22,272 INFO  client.GrpcClientProtocolClient (GrpcClientProtocolClient.java:onNext(255)) - client-DE0880F50CF2->72f5ceaa-5b3b-4bc7-b846-41895f4ebd48: receive RaftClientReply:client-DE0880F50CF2->72f5ceaa-5b3b-4bc7-b846-41895f4ebd48@group-833AA35A7EDE, cid=1814, SUCCESS, logIndex=2624, commits[72f5ceaa-5b3b-4bc7-b846-41895f4ebd48:c2625, b4e1f7d4-4bb4-47ed-a9cb-53483a899fb2:c2621, d3916bce-b37b-4246-83c6-d24846ba1a72:c2621]
2019-07-08 14:21:22,273 INFO  client.GrpcClientProtocolClient (GrpcClientProtocolClient.java:onNext(255)) - client-DE0880F50CF2->72f5ceaa-5b3b-4bc7-b846-41895f4ebd48: receive RaftClientReply:client-DE0880F50CF2->72f5ceaa-5b3b-4bc7-b846-41895f4ebd48@group-833AA35A7EDE, cid=1815, SUCCESS, logIndex=2625, commits[72f5ceaa-5b3b-4bc7-b846-41895f4ebd48:c2625, b4e1f7d4-4bb4-47ed-a9cb-53483a899fb2:c2621, d3916bce-b37b-4246-83c6-d24846ba1a72:c2621]
2019-07-08 14:21:22,292 INFO  client.GrpcClientProtocolClient (GrpcClientProtocolClient.java:onNext(255)) - client-DE0880F50CF2->72f5ceaa-5b3b-4bc7-b846-41895f4ebd48: receive RaftClientReply:client-DE0880F50CF2->72f5ceaa-5b3b-4bc7-b846-41895f4ebd48@group-833AA35A7EDE, cid=1816, SUCCESS, logIndex=0, commits[72f5ceaa-5b3b-4bc7-b846-41895f4ebd48:c2627, b4e1f7d4-4bb4-47ed-a9cb-53483a899fb2:c2625, d3916bce-b37b-4246-83c6-d24846ba1a72:c2625]
2019-07-08 14:21:22,341 INFO  client.GrpcClientProtocolClient (GrpcClientProtocolClient.java:onNext(255)) - client-DE0880F50CF2->72f5ceaa-5b3b-4bc7-b846-41895f4ebd48: receive RaftClientReply:client-DE0880F50CF2->72f5ceaa-5b3b-4bc7-b846-41895f4ebd48@group-833AA35A7EDE, cid=1817, SUCCESS, logIndex=2628, commits[72f5ceaa-5b3b-4bc7-b846-41895f4ebd48:c2630, b4e1f7d4-4bb4-47ed-a9cb-53483a899fb2:c2627, d3916bce-b37b-4246-83c6-d24846ba1a72:c2627]
2019-07-08 14:21:22,342 INFO  client.GrpcClientProtocolClient (GrpcClientProtocolClient.java:onNext(255)) - client-DE0880F50CF2->72f5ceaa-5b3b-4bc7-b846-41895f4ebd48: receive RaftClientReply:client-DE0880F50CF2->72f5ceaa-5b3b-4bc7-b846-41895f4ebd48@group-833AA35A7EDE, cid=1818, SUCCESS, logIndex=2629, commits[72f5ceaa-5b3b-4bc7-b846-41895f4ebd48:c2631, b4e1f7d4-4bb4-47ed-a9cb-53483a899fb2:c2627, d3916bce-b37b-4246-83c6-d24846ba1a72:c2627]
2019-07-08 14:21:22,342 INFO  client.GrpcClientProtocolClient (GrpcClientProtocolClient.java:onNext(255)) - client-DE0880F50CF2->72f5ceaa-5b3b-4bc7-b846-41895f4ebd48: receive RaftClientReply:client-DE0880F50CF2->72f5ceaa-5b3b-4bc7-b846-41895f4ebd48@group-833AA35A7EDE, cid=1819, SUCCESS, logIndex=2630, commits[72f5ceaa-5b3b-4bc7-b846-41895f4ebd48:c2631, b4e1f7d4-4bb4-47ed-a9cb-53483a899fb2:c2627, d3916bce-b37b-4246-83c6-d24846ba1a72:c2627]
2019-07-08 14:21:22,343 INFO  client.GrpcClientProtocolClient (GrpcClientProtocolClient.java:onNext(255)) - client-DE0880F50CF2->72f5ceaa-5b3b-4bc7-b846-41895f4ebd48: receive RaftClientReply:client-DE0880F50CF2->72f5ceaa-5b3b-4bc7-b846-41895f4ebd48@group-833AA35A7EDE, cid=1820, SUCCESS, logIndex=2631, commits[72f5ceaa-5b3b-4bc7-b846-41895f4ebd48:c2631, b4e1f7d4-4bb4-47ed-a9cb-53483a899fb2:c2627, d3916bce-b37b-4246-83c6-d24846ba1a72:c2627]
2019-07-08 14:21:22,354 INFO  client.GrpcClientProtocolClient (GrpcClientProtocolClient.java:onNext(255)) - client-DE0880F50CF2->72f5ceaa-5b3b-4bc7-b846-41895f4ebd48: receive RaftClientReply:client-DE0880F50CF2->72f5ceaa-5b3b-4bc7-b846-41895f4ebd48@group-833AA35A7EDE, cid=1821, SUCCESS, logIndex=0, commits[72f5ceaa-5b3b-4bc7-b846-41895f4ebd48:c2634, b4e1f7d4-4bb4-47ed-a9cb-53483a899fb2:c2630, d3916bce-b37b-4246-83c6-d24846ba1a72:c2629]
2019-07-08 14:21:22,376 INFO  client.GrpcClientProtocolClient (GrpcClientProtocolClient.java:onNext(255)) - client-DE0880F50CF2->72f5ceaa-5b3b-4bc7-b846-41895f4ebd48: receive RaftClientReply:client-DE0880F50CF2->72f5ceaa-5b3b-4bc7-b846-41895f4ebd48@group-833AA35A7EDE, cid=1822, SUCCESS, logIndex=2636, commits[72f5ceaa-5b3b-4bc7-b846-41895f4ebd48:c2637, b4e1f7d4-4bb4-47ed-a9cb-53483a899fb2:c2635, d3916bce-b37b-4246-83c6-d24846ba1a72:c2635]
2019-07-08 14:21:22,376 INFO  client.GrpcClientProtocolClient (GrpcClientProtocolClient.java:onNext(255)) - client-DE0880F50CF2->72f5ceaa-5b3b-4bc7-b846-41895f4ebd48: receive RaftClientReply:client-DE0880F50CF2->72f5ceaa-5b3b-4bc7-b846-41895f4ebd48@group-833AA35A7EDE, cid=1823, SUCCESS, logIndex=2637, commits[72f5ceaa-5b3b-4bc7-b846-41895f4ebd48:c2637, b4e1f7d4-4bb4-47ed-a9cb-53483a899fb2:c2635, d3916bce-b37b-4246-83c6-d24846ba1a72:c2635]
2019-07-08 14:21:22,390 INFO  client.GrpcClientProtocolClient (GrpcClientProtocolClient.java:onNext(255)) - client-DE0880F50CF2->72f5ceaa-5b3b-4bc7-b846-41895f4ebd48: receive RaftClientReply:client-DE0880F50CF2->72f5ceaa-5b3b-4bc7-b846-41895f4ebd48@group-833AA35A7EDE, cid=1824, SUCCESS, logIndex=2640, commits[72f5ceaa-5b3b-4bc7-b846-41895f4ebd48:c2641, b4e1f7d4-4bb4-47ed-a9cb-53483a899fb2:c2637, d3916bce-b37b-4246-83c6-d24846ba1a72:c2637]
2019-07-08 14:21:22,390 INFO  client.GrpcClientProtocolClient (GrpcClientProtocolClient.java:onNext(255)) - client-DE0880F50CF2->72f5ceaa-5b3b-4bc7-b846-41895f4ebd48: receive RaftClientReply:client-DE0880F50CF2->72f5ceaa-5b3b-4bc7-b846-41895f4ebd48@group-833AA35A7EDE, cid=1825, SUCCESS, logIndex=2641, commits[72f5ceaa-5b3b-4bc7-b846-41895f4ebd48:c2641, b4e1f7d4-4bb4-47ed-a9cb-53483a899fb2:c2637, d3916bce-b37b-4246-83c6-d24846ba1a72:c2637]
2019-07-08 14:21:22,403 INFO  client.GrpcClientProtocolClient (GrpcClientProtocolClient.java:onNext(255)) - client-DE0880F50CF2->72f5ceaa-5b3b-4bc7-b846-41895f4ebd48: receive RaftClientReply:client-DE0880F50CF2->72f5ceaa-5b3b-4bc7-b846-41895f4ebd48@group-833AA35A7EDE, cid=1826, SUCCESS, logIndex=0, commits[72f5ceaa-5b3b-4bc7-b846-41895f4ebd48:c2642, b4e1f7d4-4bb4-47ed-a9cb-53483a899fb2:c2641, d3916bce-b37b-4246-83c6-d24846ba1a72:c2641]
2019-07-08 14:21:22,431 INFO  client.GrpcClientProtocolClient (GrpcClientProtocolClient.java:onNext(255)) - client-DE0880F50CF2->72f5ceaa-5b3b-4bc7-b846-41895f4ebd48: receive RaftClientReply:client-DE0880F50CF2->72f5ceaa-5b3b-4bc7-b846-41895f4ebd48@group-833AA35A7EDE, cid=1827, SUCCESS, logIndex=2644, commits[72f5ceaa-5b3b-4bc7-b846-41895f4ebd48:c2645, b4e1f7d4-4bb4-47ed-a9cb-53483a899fb2:c2643, d3916bce-b37b-4246-83c6-d24846ba1a72:c2643]
2019-07-08 14:21:22,432 INFO  client.GrpcClientProtocolClient (GrpcClientProtocolClient.java:onNext(255)) - client-DE0880F50CF2->72f5ceaa-5b3b-4bc7-b846-41895f4ebd48: receive RaftClientReply:client-DE0880F50CF2->72f5ceaa-5b3b-4bc7-b846-41895f4ebd48@group-833AA35A7EDE, cid=1828, SUCCESS, logIndex=2645, commits[72f5ceaa-5b3b-4bc7-b846-41895f4ebd48:c2647, b4e1f7d4-4bb4-47ed-a9cb-53483a899fb2:c2643, d3916bce-b37b-4246-83c6-d24846ba1a72:c2643]
2019-07-08 14:21:22,432 INFO  client.GrpcClientProtocolClient (GrpcClientProtocolClient.java:onNext(255)) - client-DE0880F50CF2->72f5ceaa-5b3b-4bc7-b846-41895f4ebd48: receive RaftClientReply:client-DE0880F50CF2->72f5ceaa-5b3b-4bc7-b846-41895f4ebd48@group-833AA35A7EDE, cid=1829, SUCCESS, logIndex=2646, commits[72f5ceaa-5b3b-4bc7-b846-41895f4ebd48:c2647, b4e1f7d4-4bb4-47ed-a9cb-53483a899fb2:c2643, d3916bce-b37b-4246-83c6-d24846ba1a72:c2643]
2019-07-08 14:21:22,432 INFO  client.GrpcClientProtocolClient (GrpcClientProtocolClient.java:onNext(255)) - client-DE0880F50CF2->72f5ceaa-5b3b-4bc7-b846-41895f4ebd48: receive RaftClientReply:client-DE0880F50CF2->72f5ceaa-5b3b-4bc7-b846-41895f4ebd48@group-833AA35A7EDE, cid=1830, SUCCESS, logIndex=2647, commits[72f5ceaa-5b3b-4bc7-b846-41895f4ebd48:c2648, b4e1f7d4-4bb4-47ed-a9cb-53483a899fb2:c2643, d3916bce-b37b-4246-83c6-d24846ba1a72:c2644]
2019-07-08 14:21:22,434 INFO  client.GrpcClientProtocolClient (GrpcClientProtocolClient.java:onNext(255)) - client-DE0880F50CF2->72f5ceaa-5b3b-4bc7-b846-41895f4ebd48: receive RaftClientReply:client-DE0880F50CF2->72f5ceaa-5b3b-4bc7-b846-41895f4ebd48@group-833AA35A7EDE, cid=1831, SUCCESS, logIndex=0, commits[72f5ceaa-5b3b-4bc7-b846-41895f4ebd48:c2651, b4e1f7d4-4bb4-47ed-a9cb-53483a899fb2:c2645, d3916bce-b37b-4246-83c6-d24846ba1a72:c2647]
2019-07-08 14:21:22,454 INFO  client.GrpcClientProtocolClient (GrpcClientProtocolClient.java:onNext(255)) - client-DE0880F50CF2->72f5ceaa-5b3b-4bc7-b846-41895f4ebd48: receive RaftClientReply:client-DE0880F50CF2->72f5ceaa-5b3b-4bc7-b846-41895f4ebd48@group-833AA35A7EDE, cid=1832, SUCCESS, logIndex=2652, commits[72f5ceaa-5b3b-4bc7-b846-41895f4ebd48:c2653, b4e1f7d4-4bb4-47ed-a9cb-53483a899fb2:c2651, d3916bce-b37b-4246-83c6-d24846ba1a72:c2651]
2019-07-08 14:21:22,454 INFO  client.GrpcClientProtocolClient (GrpcClientProtocolClient.java:onNext(255)) - client-DE0880F50CF2->72f5ceaa-5b3b-4bc7-b846-41895f4ebd48: receive RaftClientReply:client-DE0880F50CF2->72f5ceaa-5b3b-4bc7-b846-41895f4ebd48@group-833AA35A7EDE, cid=1833, SUCCESS, logIndex=2653, commits[72f5ceaa-5b3b-4bc7-b846-41895f4ebd48:c2653, b4e1f7d4-4bb4-47ed-a9cb-53483a899fb2:c2651, d3916bce-b37b-4246-83c6-d24846ba1a72:c2651]
2019-07-08 14:21:22,468 INFO  client.GrpcClientProtocolClient (GrpcClientProtocolClient.java:onNext(255)) - client-DE0880F50CF2->72f5ceaa-5b3b-4bc7-b846-41895f4ebd48: receive RaftClientReply:client-DE0880F50CF2->72f5ceaa-5b3b-4bc7-b846-41895f4ebd48@group-833AA35A7EDE, cid=1834, SUCCESS, logIndex=2656, commits[72f5ceaa-5b3b-4bc7-b846-41895f4ebd48:c2657, b4e1f7d4-4bb4-47ed-a9cb-53483a899fb2:c2653, d3916bce-b37b-4246-83c6-d24846ba1a72:c2653]
2019-07-08 14:21:22,468 INFO  client.GrpcClientProtocolClient (GrpcClientProtocolClient.java:onNext(255)) - client-DE0880F50CF2->72f5ceaa-5b3b-4bc7-b846-41895f4ebd48: receive RaftClientReply:client-DE0880F50CF2->72f5ceaa-5b3b-4bc7-b846-41895f4ebd48@group-833AA35A7EDE, cid=1835, SUCCESS, logIndex=2657, commits[72f5ceaa-5b3b-4bc7-b846-41895f4ebd48:c2657, b4e1f7d4-4bb4-47ed-a9cb-53483a899fb2:c2653, d3916bce-b37b-4246-83c6-d24846ba1a72:c2653]
2019-07-08 14:21:22,480 INFO  client.GrpcClientProtocolClient (GrpcClientProtocolClient.java:onNext(255)) - client-DE0880F50CF2->72f5ceaa-5b3b-4bc7-b846-41895f4ebd48: receive RaftClientReply:client-DE0880F50CF2->72f5ceaa-5b3b-4bc7-b846-41895f4ebd48@group-833AA35A7EDE, cid=1836, SUCCESS, logIndex=0, commits[72f5ceaa-5b3b-4bc7-b846-41895f4ebd48:c2658, b4e1f7d4-4bb4-47ed-a9cb-53483a899fb2:c2657, d3916bce-b37b-4246-83c6-d24846ba1a72:c2657]
2019-07-08 14:21:22,509 INFO  client.GrpcClientProtocolClient (GrpcClientProtocolClient.java:onNext(255)) - client-DE0880F50CF2->72f5ceaa-5b3b-4bc7-b846-41895f4ebd48: receive RaftClientReply:client-DE0880F50CF2->72f5ceaa-5b3b-4bc7-b846-41895f4ebd48@group-833AA35A7EDE, cid=1837, SUCCESS, logIndex=2660, commits[72f5ceaa-5b3b-4bc7-b846-41895f4ebd48:c2661, b4e1f7d4-4bb4-47ed-a9cb-53483a899fb2:c2659, d3916bce-b37b-4246-83c6-d24846ba1a72:c2659]
2019-07-08 14:21:22,510 INFO  client.GrpcClientProtocolClient (GrpcClientProtocolClient.java:onNext(255)) - client-DE0880F50CF2->72f5ceaa-5b3b-4bc7-b846-41895f4ebd48: receive RaftClientReply:client-DE0880F50CF2->72f5ceaa-5b3b-4bc7-b846-41895f4ebd48@group-833AA35A7EDE, cid=1838, SUCCESS, logIndex=2661, commits[72f5ceaa-5b3b-4bc7-b846-41895f4ebd48:c2662, b4e1f7d4-4bb4-47ed-a9cb-53483a899fb2:c2659, d3916bce-b37b-4246-83c6-d24846ba1a72:c2659]
2019-07-08 14:21:22,511 INFO  client.GrpcClientProtocolClient (GrpcClientProtocolClient.java:onNext(255)) - client-DE0880F50CF2->72f5ceaa-5b3b-4bc7-b846-41895f4ebd48: receive RaftClientReply:client-DE0880F50CF2->72f5ceaa-5b3b-4bc7-b846-41895f4ebd48@group-833AA35A7EDE, cid=1839, SUCCESS, logIndex=2662, commits[72f5ceaa-5b3b-4bc7-b846-41895f4ebd48:c2663, b4e1f7d4-4bb4-47ed-a9cb-53483a899fb2:c2659, d3916bce-b37b-4246-83c6-d24846ba1a72:c2659]
2019-07-08 14:21:22,511 INFO  client.GrpcClientProtocolClient (GrpcClientProtocolClient.java:onNext(255)) - client-DE0880F50CF2->72f5ceaa-5b3b-4bc7-b846-41895f4ebd48: receive RaftClientReply:client-DE0880F50CF2->72f5ceaa-5b3b-4bc7-b846-41895f4ebd48@group-833AA35A7EDE, cid=1840, SUCCESS, logIndex=2663, commits[72f5ceaa-5b3b-4bc7-b846-41895f4ebd48:c2663, b4e1f7d4-4bb4-47ed-a9cb-53483a899fb2:c2659, d3916bce-b37b-4246-83c6-d24846ba1a72:c2659]
2019-07-08 14:21:22,512 INFO  client.GrpcClientProtocolClient (GrpcClientProtocolClient.java:onNext(255)) - client-DE0880F50CF2->72f5ceaa-5b3b-4bc7-b846-41895f4ebd48: receive RaftClientReply:client-DE0880F50CF2->72f5ceaa-5b3b-4bc7-b846-41895f4ebd48@group-833AA35A7EDE, cid=1841, SUCCESS, logIndex=0, commits[72f5ceaa-5b3b-4bc7-b846-41895f4ebd48:c2665, b4e1f7d4-4bb4-47ed-a9cb-53483a899fb2:c2661, d3916bce-b37b-4246-83c6-d24846ba1a72:c2661]
2019-07-08 14:21:22,534 INFO  client.GrpcClientProtocolClient (GrpcClientProtocolClient.java:onNext(255)) - client-DE0880F50CF2->72f5ceaa-5b3b-4bc7-b846-41895f4ebd48: receive RaftClientReply:client-DE0880F50CF2->72f5ceaa-5b3b-4bc7-b846-41895f4ebd48@group-833AA35A7EDE, cid=1842, SUCCESS, logIndex=2668, commits[72f5ceaa-5b3b-4bc7-b846-41895f4ebd48:c2669, b4e1f7d4-4bb4-47ed-a9cb-53483a899fb2:c2667, d3916bce-b37b-4246-83c6-d24846ba1a72:c2667]
2019-07-08 14:21:22,534 INFO  client.GrpcClientProtocolClient (GrpcClientProtocolClient.java:onNext(255)) - client-DE0880F50CF2->72f5ceaa-5b3b-4bc7-b846-41895f4ebd48: receive RaftClientReply:client-DE0880F50CF2->72f5ceaa-5b3b-4bc7-b846-41895f4ebd48@group-833AA35A7EDE, cid=1843, SUCCESS, logIndex=2669, commits[72f5ceaa-5b3b-4bc7-b846-41895f4ebd48:c2669, b4e1f7d4-4bb4-47ed-a9cb-53483a899fb2:c2667, d3916bce-b37b-4246-83c6-d24846ba1a72:c2667]
2019-07-08 14:21:22,558 INFO  client.GrpcClientProtocolClient (GrpcClientProtocolClient.java:onNext(255)) - client-DE0880F50CF2->72f5ceaa-5b3b-4bc7-b846-41895f4ebd48: receive RaftClientReply:client-DE0880F50CF2->72f5ceaa-5b3b-4bc7-b846-41895f4ebd48@group-833AA35A7EDE, cid=1844, SUCCESS, logIndex=2672, commits[72f5ceaa-5b3b-4bc7-b846-41895f4ebd48:c2673, b4e1f7d4-4bb4-47ed-a9cb-53483a899fb2:c2669, d3916bce-b37b-4246-83c6-d24846ba1a72:c2669]
2019-07-08 14:21:22,558 INFO  client.GrpcClientProtocolClient (GrpcClientProtocolClient.java:onNext(255)) - client-DE0880F50CF2->72f5ceaa-5b3b-4bc7-b846-41895f4ebd48: receive RaftClientReply:client-DE0880F50CF2->72f5ceaa-5b3b-4bc7-b846-41895f4ebd48@group-833AA35A7EDE, cid=1845, SUCCESS, logIndex=2673, commits[72f5ceaa-5b3b-4bc7-b846-41895f4ebd48:c2673, b4e1f7d4-4bb4-47ed-a9cb-53483a899fb2:c2669, d3916bce-b37b-4246-83c6-d24846ba1a72:c2669]
2019-07-08 14:21:22,571 INFO  client.GrpcClientProtocolClient (GrpcClientProtocolClient.java:onNext(255)) - client-DE0880F50CF2->72f5ceaa-5b3b-4bc7-b846-41895f4ebd48: receive RaftClientReply:client-DE0880F50CF2->72f5ceaa-5b3b-4bc7-b846-41895f4ebd48@group-833AA35A7EDE, cid=1846, SUCCESS, logIndex=0, commits[72f5ceaa-5b3b-4bc7-b846-41895f4ebd48:c2674, b4e1f7d4-4bb4-47ed-a9cb-53483a899fb2:c2673, d3916bce-b37b-4246-83c6-d24846ba1a72:c2673]
2019-07-08 14:21:22,600 INFO  client.GrpcClientProtocolClient (GrpcClientProtocolClient.java:onNext(255)) - client-DE0880F50CF2->72f5ceaa-5b3b-4bc7-b846-41895f4ebd48: receive RaftClientReply:client-DE0880F50CF2->72f5ceaa-5b3b-4bc7-b846-41895f4ebd48@group-833AA35A7EDE, cid=1847, SUCCESS, logIndex=2676, commits[72f5ceaa-5b3b-4bc7-b846-41895f4ebd48:c2677, b4e1f7d4-4bb4-47ed-a9cb-53483a899fb2:c2675, d3916bce-b37b-4246-83c6-d24846ba1a72:c2675]
2019-07-08 14:21:22,600 INFO  client.GrpcClientProtocolClient (GrpcClientProtocolClient.java:onNext(255)) - client-DE0880F50CF2->72f5ceaa-5b3b-4bc7-b846-41895f4ebd48: receive RaftClientReply:client-DE0880F50CF2->72f5ceaa-5b3b-4bc7-b846-41895f4ebd48@group-833AA35A7EDE, cid=1848, SUCCESS, logIndex=2677, commits[72f5ceaa-5b3b-4bc7-b846-41895f4ebd48:c2677, b4e1f7d4-4bb4-47ed-a9cb-53483a899fb2:c2675, d3916bce-b37b-4246-83c6-d24846ba1a72:c2675]
2019-07-08 14:21:22,601 INFO  client.GrpcClientProtocolClient (GrpcClientProtocolClient.java:onNext(255)) - client-DE0880F50CF2->72f5ceaa-5b3b-4bc7-b846-41895f4ebd48: receive RaftClientReply:client-DE0880F50CF2->72f5ceaa-5b3b-4bc7-b846-41895f4ebd48@group-833AA35A7EDE, cid=1849, SUCCESS, logIndex=2678, commits[72f5ceaa-5b3b-4bc7-b846-41895f4ebd48:c2679, b4e1f7d4-4bb4-47ed-a9cb-53483a899fb2:c2675, d3916bce-b37b-4246-83c6-d24846ba1a72:c2675]
2019-07-08 14:21:22,601 INFO  client.GrpcClientProtocolClient (GrpcClientProtocolClient.java:onNext(255)) - client-DE0880F50CF2->72f5ceaa-5b3b-4bc7-b846-41895f4ebd48: receive RaftClientReply:client-DE0880F50CF2->72f5ceaa-5b3b-4bc7-b846-41895f4ebd48@group-833AA35A7EDE, cid=1850, SUCCESS, logIndex=2679, commits[72f5ceaa-5b3b-4bc7-b846-41895f4ebd48:c2679, b4e1f7d4-4bb4-47ed-a9cb-53483a899fb2:c2675, d3916bce-b37b-4246-83c6-d24846ba1a72:c2675]
2019-07-08 14:21:22,603 INFO  client.GrpcClientProtocolClient (GrpcClientProtocolClient.java:onNext(255)) - client-DE0880F50CF2->72f5ceaa-5b3b-4bc7-b846-41895f4ebd48: receive RaftClientReply:client-DE0880F50CF2->72f5ceaa-5b3b-4bc7-b846-41895f4ebd48@group-833AA35A7EDE, cid=1851, SUCCESS, logIndex=0, commits[72f5ceaa-5b3b-4bc7-b846-41895f4ebd48:c2681, b4e1f7d4-4bb4-47ed-a9cb-53483a899fb2:c2677, d3916bce-b37b-4246-83c6-d24846ba1a72:c2677]
2019-07-08 14:21:22,623 INFO  client.GrpcClientProtocolClient (GrpcClientProtocolClient.java:onNext(255)) - client-DE0880F50CF2->72f5ceaa-5b3b-4bc7-b846-41895f4ebd48: receive RaftClientReply:client-DE0880F50CF2->72f5ceaa-5b3b-4bc7-b846-41895f4ebd48@group-833AA35A7EDE, cid=1852, SUCCESS, logIndex=2684, commits[72f5ceaa-5b3b-4bc7-b846-41895f4ebd48:c2685, b4e1f7d4-4bb4-47ed-a9cb-53483a899fb2:c2683, d3916bce-b37b-4246-83c6-d24846ba1a72:c2683]
2019-07-08 14:21:22,623 INFO  client.GrpcClientProtocolClient (GrpcClientProtocolClient.java:onNext(255)) - client-DE0880F50CF2->72f5ceaa-5b3b-4bc7-b846-41895f4ebd48: receive RaftClientReply:client-DE0880F50CF2->72f5ceaa-5b3b-4bc7-b846-41895f4ebd48@group-833AA35A7EDE, cid=1853, SUCCESS, logIndex=2685, commits[72f5ceaa-5b3b-4bc7-b846-41895f4ebd48:c2685, b4e1f7d4-4bb4-47ed-a9cb-53483a899fb2:c2683, d3916bce-b37b-4246-83c6-d24846ba1a72:c2683]
2019-07-08 14:21:22,637 INFO  client.GrpcClientProtocolClient (GrpcClientProtocolClient.java:onNext(255)) - client-DE0880F50CF2->72f5ceaa-5b3b-4bc7-b846-41895f4ebd48: receive RaftClientReply:client-DE0880F50CF2->72f5ceaa-5b3b-4bc7-b846-41895f4ebd48@group-833AA35A7EDE, cid=1854, SUCCESS, logIndex=2688, commits[72f5ceaa-5b3b-4bc7-b846-41895f4ebd48:c2689, b4e1f7d4-4bb4-47ed-a9cb-53483a899fb2:c2685, d3916bce-b37b-4246-83c6-d24846ba1a72:c2685]
2019-07-08 14:21:22,638 INFO  client.GrpcClientProtocolClient (GrpcClientProtocolClient.java:onNext(255)) - client-DE0880F50CF2->72f5ceaa-5b3b-4bc7-b846-41895f4ebd48: receive RaftClientReply:client-DE0880F50CF2->72f5ceaa-5b3b-4bc7-b846-41895f4ebd48@group-833AA35A7EDE, cid=1855, SUCCESS, logIndex=2689, commits[72f5ceaa-5b3b-4bc7-b846-41895f4ebd48:c2689, b4e1f7d4-4bb4-47ed-a9cb-53483a899fb2:c2685, d3916bce-b37b-4246-83c6-d24846ba1a72:c2685]
2019-07-08 14:21:22,652 INFO  client.GrpcClientProtocolClient (GrpcClientProtocolClient.java:onNext(255)) - client-DE0880F50CF2->72f5ceaa-5b3b-4bc7-b846-41895f4ebd48: receive RaftClientReply:client-DE0880F50CF2->72f5ceaa-5b3b-4bc7-b846-41895f4ebd48@group-833AA35A7EDE, cid=1856, SUCCESS, logIndex=0, commits[72f5ceaa-5b3b-4bc7-b846-41895f4ebd48:c2691, b4e1f7d4-4bb4-47ed-a9cb-53483a899fb2:c2689, d3916bce-b37b-4246-83c6-d24846ba1a72:c2689]
2019-07-08 14:21:22,680 INFO  client.GrpcClientProtocolClient (GrpcClientProtocolClient.java:onNext(255)) - client-DE0880F50CF2->72f5ceaa-5b3b-4bc7-b846-41895f4ebd48: receive RaftClientReply:client-DE0880F50CF2->72f5ceaa-5b3b-4bc7-b846-41895f4ebd48@group-833AA35A7EDE, cid=1857, SUCCESS, logIndex=2692, commits[72f5ceaa-5b3b-4bc7-b846-41895f4ebd48:c2693, b4e1f7d4-4bb4-47ed-a9cb-53483a899fb2:c2691, d3916bce-b37b-4246-83c6-d24846ba1a72:c2691]
2019-07-08 14:21:22,680 INFO  client.GrpcClientProtocolClient (GrpcClientProtocolClient.java:onNext(255)) - client-DE0880F50CF2->72f5ceaa-5b3b-4bc7-b846-41895f4ebd48: receive RaftClientReply:client-DE0880F50CF2->72f5ceaa-5b3b-4bc7-b846-41895f4ebd48@group-833AA35A7EDE, cid=1858, SUCCESS, logIndex=2693, commits[72f5ceaa-5b3b-4bc7-b846-41895f4ebd48:c2693, b4e1f7d4-4bb4-47ed-a9cb-53483a899fb2:c2691, d3916bce-b37b-4246-83c6-d24846ba1a72:c2691]
2019-07-08 14:21:22,681 INFO  client.GrpcClientProtocolClient (GrpcClientProtocolClient.java:onNext(255)) - client-DE0880F50CF2->72f5ceaa-5b3b-4bc7-b846-41895f4ebd48: receive RaftClientReply:client-DE0880F50CF2->72f5ceaa-5b3b-4bc7-b846-41895f4ebd48@group-833AA35A7EDE, cid=1859, SUCCESS, logIndex=2694, commits[72f5ceaa-5b3b-4bc7-b846-41895f4ebd48:c2695, b4e1f7d4-4bb4-47ed-a9cb-53483a899fb2:c2691, d3916bce-b37b-4246-83c6-d24846ba1a72:c2691]
2019-07-08 14:21:22,681 INFO  client.GrpcClientProtocolClient (GrpcClientProtocolClient.java:onNext(255)) - client-DE0880F50CF2->72f5ceaa-5b3b-4bc7-b846-41895f4ebd48: receive RaftClientReply:client-DE0880F50CF2->72f5ceaa-5b3b-4bc7-b846-41895f4ebd48@group-833AA35A7EDE, cid=1860, SUCCESS, logIndex=2695, commits[72f5ceaa-5b3b-4bc7-b846-41895f4ebd48:c2695, b4e1f7d4-4bb4-47ed-a9cb-53483a899fb2:c2691, d3916bce-b37b-4246-83c6-d24846ba1a72:c2691]
2019-07-08 14:21:22,685 INFO  client.GrpcClientProtocolClient (GrpcClientProtocolClient.java:onNext(255)) - client-DE0880F50CF2->72f5ceaa-5b3b-4bc7-b846-41895f4ebd48: receive RaftClientReply:client-DE0880F50CF2->72f5ceaa-5b3b-4bc7-b846-41895f4ebd48@group-833AA35A7EDE, cid=1861, SUCCESS, logIndex=0, commits[72f5ceaa-5b3b-4bc7-b846-41895f4ebd48:c2698, b4e1f7d4-4bb4-47ed-a9cb-53483a899fb2:c2693, d3916bce-b37b-4246-83c6-d24846ba1a72:c2695]
2019-07-08 14:21:22,697 INFO  client.GrpcClientProtocolClient (GrpcClientProtocolClient.java:onNext(255)) - client-DE0880F50CF2->72f5ceaa-5b3b-4bc7-b846-41895f4ebd48: receive RaftClientReply:client-DE0880F50CF2->72f5ceaa-5b3b-4bc7-b846-41895f4ebd48@group-833AA35A7EDE, cid=1862, SUCCESS, logIndex=2700, commits[72f5ceaa-5b3b-4bc7-b846-41895f4ebd48:c2701, b4e1f7d4-4bb4-47ed-a9cb-53483a899fb2:c2698, d3916bce-b37b-4246-83c6-d24846ba1a72:c2698]
2019-07-08 14:21:22,697 INFO  client.GrpcClientProtocolClient (GrpcClientProtocolClient.java:onNext(255)) - client-DE0880F50CF2->72f5ceaa-5b3b-4bc7-b846-41895f4ebd48: receive RaftClientReply:client-DE0880F50CF2->72f5ceaa-5b3b-4bc7-b846-41895f4ebd48@group-833AA35A7EDE, cid=1863, SUCCESS, logIndex=2701, commits[72f5ceaa-5b3b-4bc7-b846-41895f4ebd48:c2701, b4e1f7d4-4bb4-47ed-a9cb-53483a899fb2:c2698, d3916bce-b37b-4246-83c6-d24846ba1a72:c2698]
2019-07-08 14:21:22,717 INFO  client.GrpcClientProtocolClient (GrpcClientProtocolClient.java:onNext(255)) - client-DE0880F50CF2->72f5ceaa-5b3b-4bc7-b846-41895f4ebd48: receive RaftClientReply:client-DE0880F50CF2->72f5ceaa-5b3b-4bc7-b846-41895f4ebd48@group-833AA35A7EDE, cid=1864, SUCCESS, logIndex=2704, commits[72f5ceaa-5b3b-4bc7-b846-41895f4ebd48:c2705, b4e1f7d4-4bb4-47ed-a9cb-53483a899fb2:c2703, d3916bce-b37b-4246-83c6-d24846ba1a72:c2703]
2019-07-08 14:21:22,717 INFO  client.GrpcClientProtocolClient (GrpcClientProtocolClient.java:onNext(255)) - client-DE0880F50CF2->72f5ceaa-5b3b-4bc7-b846-41895f4ebd48: receive RaftClientReply:client-DE0880F50CF2->72f5ceaa-5b3b-4bc7-b846-41895f4ebd48@group-833AA35A7EDE, cid=1865, SUCCESS, logIndex=2705, commits[72f5ceaa-5b3b-4bc7-b846-41895f4ebd48:c2705, b4e1f7d4-4bb4-47ed-a9cb-53483a899fb2:c2703, d3916bce-b37b-4246-83c6-d24846ba1a72:c2703]
2019-07-08 14:21:22,730 INFO  client.GrpcClientProtocolClient (GrpcClientProtocolClient.java:onNext(255)) - client-DE0880F50CF2->72f5ceaa-5b3b-4bc7-b846-41895f4ebd48: receive RaftClientReply:client-DE0880F50CF2->72f5ceaa-5b3b-4bc7-b846-41895f4ebd48@group-833AA35A7EDE, cid=1866, SUCCESS, logIndex=0, commits[72f5ceaa-5b3b-4bc7-b846-41895f4ebd48:c2707, b4e1f7d4-4bb4-47ed-a9cb-53483a899fb2:c2705, d3916bce-b37b-4246-83c6-d24846ba1a72:c2705]
2019-07-08 14:21:22,759 INFO  client.GrpcClientProtocolClient (GrpcClientProtocolClient.java:onNext(255)) - client-DE0880F50CF2->72f5ceaa-5b3b-4bc7-b846-41895f4ebd48: receive RaftClientReply:client-DE0880F50CF2->72f5ceaa-5b3b-4bc7-b846-41895f4ebd48@group-833AA35A7EDE, cid=1867, SUCCESS, logIndex=2708, commits[72f5ceaa-5b3b-4bc7-b846-41895f4ebd48:c2709, b4e1f7d4-4bb4-47ed-a9cb-53483a899fb2:c2707, d3916bce-b37b-4246-83c6-d24846ba1a72:c2707]
2019-07-08 14:21:22,760 INFO  client.GrpcClientProtocolClient (GrpcClientProtocolClient.java:onNext(255)) - client-DE0880F50CF2->72f5ceaa-5b3b-4bc7-b846-41895f4ebd48: receive RaftClientReply:client-DE0880F50CF2->72f5ceaa-5b3b-4bc7-b846-41895f4ebd48@group-833AA35A7EDE, cid=1868, SUCCESS, logIndex=2709, commits[72f5ceaa-5b3b-4bc7-b846-41895f4ebd48:c2711, b4e1f7d4-4bb4-47ed-a9cb-53483a899fb2:c2707, d3916bce-b37b-4246-83c6-d24846ba1a72:c2707]
2019-07-08 14:21:22,760 INFO  client.GrpcClientProtocolClient (GrpcClientProtocolClient.java:onNext(255)) - client-DE0880F50CF2->72f5ceaa-5b3b-4bc7-b846-41895f4ebd48: receive RaftClientReply:client-DE0880F50CF2->72f5ceaa-5b3b-4bc7-b846-41895f4ebd48@group-833AA35A7EDE, cid=1869, SUCCESS, logIndex=2710, commits[72f5ceaa-5b3b-4bc7-b846-41895f4ebd48:c2711, b4e1f7d4-4bb4-47ed-a9cb-53483a899fb2:c2707, d3916bce-b37b-4246-83c6-d24846ba1a72:c2707]
2019-07-08 14:21:22,761 INFO  client.GrpcClientProtocolClient (GrpcClientProtocolClient.java:onNext(255)) - client-DE0880F50CF2->72f5ceaa-5b3b-4bc7-b846-41895f4ebd48: receive RaftClientReply:client-DE0880F50CF2->72f5ceaa-5b3b-4bc7-b846-41895f4ebd48@group-833AA35A7EDE, cid=1870, SUCCESS, logIndex=2711, commits[72f5ceaa-5b3b-4bc7-b846-41895f4ebd48:c2711, b4e1f7d4-4bb4-47ed-a9cb-53483a899fb2:c2707, d3916bce-b37b-4246-83c6-d24846ba1a72:c2707]
 0.00% |█                                                                                                    |  0/1 Time: 0:00:172019-07-08 14:21:22,858 INFO  client.GrpcClientProtocolClient (GrpcClientProtocolClient.java:onNext(255)) - client-DE0880F50CF2->72f5ceaa-5b3b-4bc7-b846-41895f4ebd48: receive RaftClientReply:client-DE0880F50CF2->72f5ceaa-5b3b-4bc7-b846-41895f4ebd48@group-833AA35A7EDE, cid=1871, SUCCESS, logIndex=0, commits[72f5ceaa-5b3b-4bc7-b846-41895f4ebd48:c2713, b4e1f7d4-4bb4-47ed-a9cb-53483a899fb2:c2709, d3916bce-b37b-4246-83c6-d24846ba1a72:c2709]
2019-07-08 14:21:22,897 INFO  client.GrpcClientProtocolClient (GrpcClientProtocolClient.java:onNext(255)) - client-DE0880F50CF2->72f5ceaa-5b3b-4bc7-b846-41895f4ebd48: receive RaftClientReply:client-DE0880F50CF2->72f5ceaa-5b3b-4bc7-b846-41895f4ebd48@group-833AA35A7EDE, cid=1872, SUCCESS, logIndex=2715, commits[72f5ceaa-5b3b-4bc7-b846-41895f4ebd48:c2716, b4e1f7d4-4bb4-47ed-a9cb-53483a899fb2:c2714, d3916bce-b37b-4246-83c6-d24846ba1a72:c2714]
2019-07-08 14:21:22,897 INFO  client.GrpcClientProtocolClient (GrpcClientProtocolClient.java:onNext(255)) - client-DE0880F50CF2->72f5ceaa-5b3b-4bc7-b846-41895f4ebd48: receive RaftClientReply:client-DE0880F50CF2->72f5ceaa-5b3b-4bc7-b846-41895f4ebd48@group-833AA35A7EDE, cid=1873, SUCCESS, logIndex=2716, commits[72f5ceaa-5b3b-4bc7-b846-41895f4ebd48:c2716, b4e1f7d4-4bb4-47ed-a9cb-53483a899fb2:c2714, d3916bce-b37b-4246-83c6-d24846ba1a72:c2714]
2019-07-08 14:21:22,922 INFO  client.GrpcClientProtocolClient (GrpcClientProtocolClient.java:onNext(255)) - client-DE0880F50CF2->72f5ceaa-5b3b-4bc7-b846-41895f4ebd48: receive RaftClientReply:client-DE0880F50CF2->72f5ceaa-5b3b-4bc7-b846-41895f4ebd48@group-833AA35A7EDE, cid=1874, SUCCESS, logIndex=2719, commits[72f5ceaa-5b3b-4bc7-b846-41895f4ebd48:c2720, b4e1f7d4-4bb4-47ed-a9cb-53483a899fb2:c2716, d3916bce-b37b-4246-83c6-d24846ba1a72:c2716]
2019-07-08 14:21:22,922 INFO  client.GrpcClientProtocolClient (GrpcClientProtocolClient.java:onNext(255)) - client-DE0880F50CF2->72f5ceaa-5b3b-4bc7-b846-41895f4ebd48: receive RaftClientReply:client-DE0880F50CF2->72f5ceaa-5b3b-4bc7-b846-41895f4ebd48@group-833AA35A7EDE, cid=1875, SUCCESS, logIndex=2720, commits[72f5ceaa-5b3b-4bc7-b846-41895f4ebd48:c2720, b4e1f7d4-4bb4-47ed-a9cb-53483a899fb2:c2716, d3916bce-b37b-4246-83c6-d24846ba1a72:c2716]
2019-07-08 14:21:22,935 INFO  client.GrpcClientProtocolClient (GrpcClientProtocolClient.java:onNext(255)) - client-DE0880F50CF2->72f5ceaa-5b3b-4bc7-b846-41895f4ebd48: receive RaftClientReply:client-DE0880F50CF2->72f5ceaa-5b3b-4bc7-b846-41895f4ebd48@group-833AA35A7EDE, cid=1876, SUCCESS, logIndex=0, commits[72f5ceaa-5b3b-4bc7-b846-41895f4ebd48:c2722, b4e1f7d4-4bb4-47ed-a9cb-53483a899fb2:c2720, d3916bce-b37b-4246-83c6-d24846ba1a72:c2720]
2019-07-08 14:21:22,965 INFO  client.GrpcClientProtocolClient (GrpcClientProtocolClient.java:onNext(255)) - client-DE0880F50CF2->72f5ceaa-5b3b-4bc7-b846-41895f4ebd48: receive RaftClientReply:client-DE0880F50CF2->72f5ceaa-5b3b-4bc7-b846-41895f4ebd48@group-833AA35A7EDE, cid=1877, SUCCESS, logIndex=2723, commits[72f5ceaa-5b3b-4bc7-b846-41895f4ebd48:c2725, b4e1f7d4-4bb4-47ed-a9cb-53483a899fb2:c2722, d3916bce-b37b-4246-83c6-d24846ba1a72:c2722]
2019-07-08 14:21:22,965 INFO  client.GrpcClientProtocolClient (GrpcClientProtocolClient.java:onNext(255)) - client-DE0880F50CF2->72f5ceaa-5b3b-4bc7-b846-41895f4ebd48: receive RaftClientReply:client-DE0880F50CF2->72f5ceaa-5b3b-4bc7-b846-41895f4ebd48@group-833AA35A7EDE, cid=1878, SUCCESS, logIndex=2724, commits[72f5ceaa-5b3b-4bc7-b846-41895f4ebd48:c2726, b4e1f7d4-4bb4-47ed-a9cb-53483a899fb2:c2722, d3916bce-b37b-4246-83c6-d24846ba1a72:c2722]
2019-07-08 14:21:22,966 INFO  client.GrpcClientProtocolClient (GrpcClientProtocolClient.java:onNext(255)) - client-DE0880F50CF2->72f5ceaa-5b3b-4bc7-b846-41895f4ebd48: receive RaftClientReply:client-DE0880F50CF2->72f5ceaa-5b3b-4bc7-b846-41895f4ebd48@group-833AA35A7EDE, cid=1879, SUCCESS, logIndex=2725, commits[72f5ceaa-5b3b-4bc7-b846-41895f4ebd48:c2726, b4e1f7d4-4bb4-47ed-a9cb-53483a899fb2:c2722, d3916bce-b37b-4246-83c6-d24846ba1a72:c2722]
2019-07-08 14:21:22,966 INFO  client.GrpcClientProtocolClient (GrpcClientProtocolClient.java:onNext(255)) - client-DE0880F50CF2->72f5ceaa-5b3b-4bc7-b846-41895f4ebd48: receive RaftClientReply:client-DE0880F50CF2->72f5ceaa-5b3b-4bc7-b846-41895f4ebd48@group-833AA35A7EDE, cid=1880, SUCCESS, logIndex=2726, commits[72f5ceaa-5b3b-4bc7-b846-41895f4ebd48:c2727, b4e1f7d4-4bb4-47ed-a9cb-53483a899fb2:c2722, d3916bce-b37b-4246-83c6-d24846ba1a72:c2723]
2019-07-08 14:21:22,968 INFO  client.GrpcClientProtocolClient (GrpcClientProtocolClient.java:onNext(255)) - client-DE0880F50CF2->72f5ceaa-5b3b-4bc7-b846-41895f4ebd48: receive RaftClientReply:client-DE0880F50CF2->72f5ceaa-5b3b-4bc7-b846-41895f4ebd48@group-833AA35A7EDE, cid=1881, SUCCESS, logIndex=0, commits[72f5ceaa-5b3b-4bc7-b846-41895f4ebd48:c2729, b4e1f7d4-4bb4-47ed-a9cb-53483a899fb2:c2725, d3916bce-b37b-4246-83c6-d24846ba1a72:c2725]
2019-07-08 14:21:22,989 INFO  client.GrpcClientProtocolClient (GrpcClientProtocolClient.java:onNext(255)) - client-DE0880F50CF2->72f5ceaa-5b3b-4bc7-b846-41895f4ebd48: receive RaftClientReply:client-DE0880F50CF2->72f5ceaa-5b3b-4bc7-b846-41895f4ebd48@group-833AA35A7EDE, cid=1882, SUCCESS, logIndex=2731, commits[72f5ceaa-5b3b-4bc7-b846-41895f4ebd48:c2732, b4e1f7d4-4bb4-47ed-a9cb-53483a899fb2:c2730, d3916bce-b37b-4246-83c6-d24846ba1a72:c2730]
2019-07-08 14:21:22,989 INFO  client.GrpcClientProtocolClient (GrpcClientProtocolClient.java:onNext(255)) - client-DE0880F50CF2->72f5ceaa-5b3b-4bc7-b846-41895f4ebd48: receive RaftClientReply:client-DE0880F50CF2->72f5ceaa-5b3b-4bc7-b846-41895f4ebd48@group-833AA35A7EDE, cid=1883, SUCCESS, logIndex=2732, commits[72f5ceaa-5b3b-4bc7-b846-41895f4ebd48:c2732, b4e1f7d4-4bb4-47ed-a9cb-53483a899fb2:c2730, d3916bce-b37b-4246-83c6-d24846ba1a72:c2730]
2019-07-08 14:21:23,002 INFO  client.GrpcClientProtocolClient (GrpcClientProtocolClient.java:onNext(255)) - client-DE0880F50CF2->72f5ceaa-5b3b-4bc7-b846-41895f4ebd48: receive RaftClientReply:client-DE0880F50CF2->72f5ceaa-5b3b-4bc7-b846-41895f4ebd48@group-833AA35A7EDE, cid=1884, SUCCESS, logIndex=2735, commits[72f5ceaa-5b3b-4bc7-b846-41895f4ebd48:c2736, b4e1f7d4-4bb4-47ed-a9cb-53483a899fb2:c2732, d3916bce-b37b-4246-83c6-d24846ba1a72:c2732]
2019-07-08 14:21:23,002 INFO  client.GrpcClientProtocolClient (GrpcClientProtocolClient.java:onNext(255)) - client-DE0880F50CF2->72f5ceaa-5b3b-4bc7-b846-41895f4ebd48: receive RaftClientReply:client-DE0880F50CF2->72f5ceaa-5b3b-4bc7-b846-41895f4ebd48@group-833AA35A7EDE, cid=1885, SUCCESS, logIndex=2736, commits[72f5ceaa-5b3b-4bc7-b846-41895f4ebd48:c2736, b4e1f7d4-4bb4-47ed-a9cb-53483a899fb2:c2732, d3916bce-b37b-4246-83c6-d24846ba1a72:c2732]
2019-07-08 14:21:23,047 INFO  client.GrpcClientProtocolClient (GrpcClientProtocolClient.java:onNext(255)) - client-DE0880F50CF2->72f5ceaa-5b3b-4bc7-b846-41895f4ebd48: receive RaftClientReply:client-DE0880F50CF2->72f5ceaa-5b3b-4bc7-b846-41895f4ebd48@group-833AA35A7EDE, cid=1886, SUCCESS, logIndex=0, commits[72f5ceaa-5b3b-4bc7-b846-41895f4ebd48:c2737, b4e1f7d4-4bb4-47ed-a9cb-53483a899fb2:c2736, d3916bce-b37b-4246-83c6-d24846ba1a72:c2736]
2019-07-08 14:21:23,085 INFO  client.GrpcClientProtocolClient (GrpcClientProtocolClient.java:onNext(255)) - client-DE0880F50CF2->72f5ceaa-5b3b-4bc7-b846-41895f4ebd48: receive RaftClientReply:client-DE0880F50CF2->72f5ceaa-5b3b-4bc7-b846-41895f4ebd48@group-833AA35A7EDE, cid=1887, SUCCESS, logIndex=2739, commits[72f5ceaa-5b3b-4bc7-b846-41895f4ebd48:c2740, b4e1f7d4-4bb4-47ed-a9cb-53483a899fb2:c2738, d3916bce-b37b-4246-83c6-d24846ba1a72:c2738]
2019-07-08 14:21:23,086 INFO  client.GrpcClientProtocolClient (GrpcClientProtocolClient.java:onNext(255)) - client-DE0880F50CF2->72f5ceaa-5b3b-4bc7-b846-41895f4ebd48: receive RaftClientReply:client-DE0880F50CF2->72f5ceaa-5b3b-4bc7-b846-41895f4ebd48@group-833AA35A7EDE, cid=1888, SUCCESS, logIndex=2740, commits[72f5ceaa-5b3b-4bc7-b846-41895f4ebd48:c2741, b4e1f7d4-4bb4-47ed-a9cb-53483a899fb2:c2738, d3916bce-b37b-4246-83c6-d24846ba1a72:c2738]
2019-07-08 14:21:23,087 INFO  client.GrpcClientProtocolClient (GrpcClientProtocolClient.java:onNext(255)) - client-DE0880F50CF2->72f5ceaa-5b3b-4bc7-b846-41895f4ebd48: receive RaftClientReply:client-DE0880F50CF2->72f5ceaa-5b3b-4bc7-b846-41895f4ebd48@group-833AA35A7EDE, cid=1889, SUCCESS, logIndex=2741, commits[72f5ceaa-5b3b-4bc7-b846-41895f4ebd48:c2743, b4e1f7d4-4bb4-47ed-a9cb-53483a899fb2:c2739, d3916bce-b37b-4246-83c6-d24846ba1a72:c2738]
2019-07-08 14:21:23,087 INFO  client.GrpcClientProtocolClient (GrpcClientProtocolClient.java:onNext(255)) - client-DE0880F50CF2->72f5ceaa-5b3b-4bc7-b846-41895f4ebd48: receive RaftClientReply:client-DE0880F50CF2->72f5ceaa-5b3b-4bc7-b846-41895f4ebd48@group-833AA35A7EDE, cid=1890, SUCCESS, logIndex=2742, commits[72f5ceaa-5b3b-4bc7-b846-41895f4ebd48:c2743, b4e1f7d4-4bb4-47ed-a9cb-53483a899fb2:c2739, d3916bce-b37b-4246-83c6-d24846ba1a72:c2738]
2019-07-08 14:21:23,089 INFO  client.GrpcClientProtocolClient (GrpcClientProtocolClient.java:onNext(255)) - client-DE0880F50CF2->72f5ceaa-5b3b-4bc7-b846-41895f4ebd48: receive RaftClientReply:client-DE0880F50CF2->72f5ceaa-5b3b-4bc7-b846-41895f4ebd48@group-833AA35A7EDE, cid=1891, SUCCESS, logIndex=0, commits[72f5ceaa-5b3b-4bc7-b846-41895f4ebd48:c2746, b4e1f7d4-4bb4-47ed-a9cb-53483a899fb2:c2742, d3916bce-b37b-4246-83c6-d24846ba1a72:c2740]
2019-07-08 14:21:23,105 INFO  client.GrpcClientProtocolClient (GrpcClientProtocolClient.java:onNext(255)) - client-DE0880F50CF2->72f5ceaa-5b3b-4bc7-b846-41895f4ebd48: receive RaftClientReply:client-DE0880F50CF2->72f5ceaa-5b3b-4bc7-b846-41895f4ebd48@group-833AA35A7EDE, cid=1892, SUCCESS, logIndex=2747, commits[72f5ceaa-5b3b-4bc7-b846-41895f4ebd48:c2747, b4e1f7d4-4bb4-47ed-a9cb-53483a899fb2:c2746, d3916bce-b37b-4246-83c6-d24846ba1a72:c2746]
2019-07-08 14:21:23,105 INFO  client.GrpcClientProtocolClient (GrpcClientProtocolClient.java:onNext(255)) - client-DE0880F50CF2->72f5ceaa-5b3b-4bc7-b846-41895f4ebd48: receive RaftClientReply:client-DE0880F50CF2->72f5ceaa-5b3b-4bc7-b846-41895f4ebd48@group-833AA35A7EDE, cid=1893, SUCCESS, logIndex=2748, commits[72f5ceaa-5b3b-4bc7-b846-41895f4ebd48:c2748, b4e1f7d4-4bb4-47ed-a9cb-53483a899fb2:c2746, d3916bce-b37b-4246-83c6-d24846ba1a72:c2746]
2019-07-08 14:21:23,130 INFO  client.GrpcClientProtocolClient (GrpcClientProtocolClient.java:onNext(255)) - client-DE0880F50CF2->72f5ceaa-5b3b-4bc7-b846-41895f4ebd48: receive RaftClientReply:client-DE0880F50CF2->72f5ceaa-5b3b-4bc7-b846-41895f4ebd48@group-833AA35A7EDE, cid=1894, SUCCESS, logIndex=2751, commits[72f5ceaa-5b3b-4bc7-b846-41895f4ebd48:c2752, b4e1f7d4-4bb4-47ed-a9cb-53483a899fb2:c2748, d3916bce-b37b-4246-83c6-d24846ba1a72:c2748]
2019-07-08 14:21:23,131 INFO  client.GrpcClientProtocolClient (GrpcClientProtocolClient.java:onNext(255)) - client-DE0880F50CF2->72f5ceaa-5b3b-4bc7-b846-41895f4ebd48: receive RaftClientReply:client-DE0880F50CF2->72f5ceaa-5b3b-4bc7-b846-41895f4ebd48@group-833AA35A7EDE, cid=1895, SUCCESS, logIndex=2752, commits[72f5ceaa-5b3b-4bc7-b846-41895f4ebd48:c2752, b4e1f7d4-4bb4-47ed-a9cb-53483a899fb2:c2748, d3916bce-b37b-4246-83c6-d24846ba1a72:c2748]
2019-07-08 14:21:23,132 INFO  client.GrpcClientProtocolClient (GrpcClientProtocolClient.java:onNext(255)) - client-DE0880F50CF2->72f5ceaa-5b3b-4bc7-b846-41895f4ebd48: receive RaftClientReply:client-DE0880F50CF2->72f5ceaa-5b3b-4bc7-b846-41895f4ebd48@group-833AA35A7EDE, cid=1896, SUCCESS, logIndex=0, commits[72f5ceaa-5b3b-4bc7-b846-41895f4ebd48:c2753, b4e1f7d4-4bb4-47ed-a9cb-53483a899fb2:c2752, d3916bce-b37b-4246-83c6-d24846ba1a72:c2752]
2019-07-08 14:21:23,164 INFO  client.GrpcClientProtocolClient (GrpcClientProtocolClient.java:onNext(255)) - client-DE0880F50CF2->72f5ceaa-5b3b-4bc7-b846-41895f4ebd48: receive RaftClientReply:client-DE0880F50CF2->72f5ceaa-5b3b-4bc7-b846-41895f4ebd48@group-833AA35A7EDE, cid=1897, SUCCESS, logIndex=2755, commits[72f5ceaa-5b3b-4bc7-b846-41895f4ebd48:c2756, b4e1f7d4-4bb4-47ed-a9cb-53483a899fb2:c2754, d3916bce-b37b-4246-83c6-d24846ba1a72:c2754]
2019-07-08 14:21:23,165 INFO  client.GrpcClientProtocolClient (GrpcClientProtocolClient.java:onNext(255)) - client-DE0880F50CF2->72f5ceaa-5b3b-4bc7-b846-41895f4ebd48: receive RaftClientReply:client-DE0880F50CF2->72f5ceaa-5b3b-4bc7-b846-41895f4ebd48@group-833AA35A7EDE, cid=1898, SUCCESS, logIndex=2756, commits[72f5ceaa-5b3b-4bc7-b846-41895f4ebd48:c2758, b4e1f7d4-4bb4-47ed-a9cb-53483a899fb2:c2754, d3916bce-b37b-4246-83c6-d24846ba1a72:c2754]
2019-07-08 14:21:23,165 INFO  client.GrpcClientProtocolClient (GrpcClientProtocolClient.java:onNext(255)) - client-DE0880F50CF2->72f5ceaa-5b3b-4bc7-b846-41895f4ebd48: receive RaftClientReply:client-DE0880F50CF2->72f5ceaa-5b3b-4bc7-b846-41895f4ebd48@group-833AA35A7EDE, cid=1899, SUCCESS, logIndex=2757, commits[72f5ceaa-5b3b-4bc7-b846-41895f4ebd48:c2758, b4e1f7d4-4bb4-47ed-a9cb-53483a899fb2:c2754, d3916bce-b37b-4246-83c6-d24846ba1a72:c2754]
2019-07-08 14:21:23,165 INFO  client.GrpcClientProtocolClient (GrpcClientProtocolClient.java:onNext(255)) - client-DE0880F50CF2->72f5ceaa-5b3b-4bc7-b846-41895f4ebd48: receive RaftClientReply:client-DE0880F50CF2->72f5ceaa-5b3b-4bc7-b846-41895f4ebd48@group-833AA35A7EDE, cid=1900, SUCCESS, logIndex=2758, commits[72f5ceaa-5b3b-4bc7-b846-41895f4ebd48:c2758, b4e1f7d4-4bb4-47ed-a9cb-53483a899fb2:c2754, d3916bce-b37b-4246-83c6-d24846ba1a72:c2754]
2019-07-08 14:21:23,167 INFO  client.GrpcClientProtocolClient (GrpcClientProtocolClient.java:onNext(255)) - client-DE0880F50CF2->72f5ceaa-5b3b-4bc7-b846-41895f4ebd48: receive RaftClientReply:client-DE0880F50CF2->72f5ceaa-5b3b-4bc7-b846-41895f4ebd48@group-833AA35A7EDE, cid=1901, SUCCESS, logIndex=0, commits[72f5ceaa-5b3b-4bc7-b846-41895f4ebd48:c2761, b4e1f7d4-4bb4-47ed-a9cb-53483a899fb2:c2756, d3916bce-b37b-4246-83c6-d24846ba1a72:c2757]
2019-07-08 14:21:23,188 INFO  client.GrpcClientProtocolClient (GrpcClientProtocolClient.java:onNext(255)) - client-DE0880F50CF2->72f5ceaa-5b3b-4bc7-b846-41895f4ebd48: receive RaftClientReply:client-DE0880F50CF2->72f5ceaa-5b3b-4bc7-b846-41895f4ebd48@group-833AA35A7EDE, cid=1902, SUCCESS, logIndex=2763, commits[72f5ceaa-5b3b-4bc7-b846-41895f4ebd48:c2764, b4e1f7d4-4bb4-47ed-a9cb-53483a899fb2:c2762, d3916bce-b37b-4246-83c6-d24846ba1a72:c2762]
2019-07-08 14:21:23,189 INFO  client.GrpcClientProtocolClient (GrpcClientProtocolClient.java:onNext(255)) - client-DE0880F50CF2->72f5ceaa-5b3b-4bc7-b846-41895f4ebd48: receive RaftClientReply:client-DE0880F50CF2->72f5ceaa-5b3b-4bc7-b846-41895f4ebd48@group-833AA35A7EDE, cid=1903, SUCCESS, logIndex=2764, commits[72f5ceaa-5b3b-4bc7-b846-41895f4ebd48:c2764, b4e1f7d4-4bb4-47ed-a9cb-53483a899fb2:c2762, d3916bce-b37b-4246-83c6-d24846ba1a72:c2762]
2019-07-08 14:21:23,202 INFO  client.GrpcClientProtocolClient (GrpcClientProtocolClient.java:onNext(255)) - client-DE0880F50CF2->72f5ceaa-5b3b-4bc7-b846-41895f4ebd48: receive RaftClientReply:client-DE0880F50CF2->72f5ceaa-5b3b-4bc7-b846-41895f4ebd48@group-833AA35A7EDE, cid=1904, SUCCESS, logIndex=2767, commits[72f5ceaa-5b3b-4bc7-b846-41895f4ebd48:c2768, b4e1f7d4-4bb4-47ed-a9cb-53483a899fb2:c2764, d3916bce-b37b-4246-83c6-d24846ba1a72:c2763]
2019-07-08 14:21:23,203 INFO  client.GrpcClientProtocolClient (GrpcClientProtocolClient.java:onNext(255)) - client-DE0880F50CF2->72f5ceaa-5b3b-4bc7-b846-41895f4ebd48: receive RaftClientReply:client-DE0880F50CF2->72f5ceaa-5b3b-4bc7-b846-41895f4ebd48@group-833AA35A7EDE, cid=1905, SUCCESS, logIndex=2768, commits[72f5ceaa-5b3b-4bc7-b846-41895f4ebd48:c2768, b4e1f7d4-4bb4-47ed-a9cb-53483a899fb2:c2764, d3916bce-b37b-4246-83c6-d24846ba1a72:c2764]
2019-07-08 14:21:23,206 INFO  client.GrpcClientProtocolClient (GrpcClientProtocolClient.java:onNext(255)) - client-DE0880F50CF2->72f5ceaa-5b3b-4bc7-b846-41895f4ebd48: receive RaftClientReply:client-DE0880F50CF2->72f5ceaa-5b3b-4bc7-b846-41895f4ebd48@group-833AA35A7EDE, cid=1906, SUCCESS, logIndex=0, commits[72f5ceaa-5b3b-4bc7-b846-41895f4ebd48:c2770, b4e1f7d4-4bb4-47ed-a9cb-53483a899fb2:c2768, d3916bce-b37b-4246-83c6-d24846ba1a72:c2768]
2019-07-08 14:21:23,236 INFO  client.GrpcClientProtocolClient (GrpcClientProtocolClient.java:onNext(255)) - client-DE0880F50CF2->72f5ceaa-5b3b-4bc7-b846-41895f4ebd48: receive RaftClientReply:client-DE0880F50CF2->72f5ceaa-5b3b-4bc7-b846-41895f4ebd48@group-833AA35A7EDE, cid=1907, SUCCESS, logIndex=2771, commits[72f5ceaa-5b3b-4bc7-b846-41895f4ebd48:c2772, b4e1f7d4-4bb4-47ed-a9cb-53483a899fb2:c2770, d3916bce-b37b-4246-83c6-d24846ba1a72:c2770]
2019-07-08 14:21:23,237 INFO  client.GrpcClientProtocolClient (GrpcClientProtocolClient.java:onNext(255)) - client-DE0880F50CF2->72f5ceaa-5b3b-4bc7-b846-41895f4ebd48: receive RaftClientReply:client-DE0880F50CF2->72f5ceaa-5b3b-4bc7-b846-41895f4ebd48@group-833AA35A7EDE, cid=1908, SUCCESS, logIndex=2772, commits[72f5ceaa-5b3b-4bc7-b846-41895f4ebd48:c2774, b4e1f7d4-4bb4-47ed-a9cb-53483a899fb2:c2770, d3916bce-b37b-4246-83c6-d24846ba1a72:c2770]
2019-07-08 14:21:23,237 INFO  client.GrpcClientProtocolClient (GrpcClientProtocolClient.java:onNext(255)) - client-DE0880F50CF2->72f5ceaa-5b3b-4bc7-b846-41895f4ebd48: receive RaftClientReply:client-DE0880F50CF2->72f5ceaa-5b3b-4bc7-b846-41895f4ebd48@group-833AA35A7EDE, cid=1909, SUCCESS, logIndex=2773, commits[72f5ceaa-5b3b-4bc7-b846-41895f4ebd48:c2774, b4e1f7d4-4bb4-47ed-a9cb-53483a899fb2:c2770, d3916bce-b37b-4246-83c6-d24846ba1a72:c2770]
2019-07-08 14:21:23,237 INFO  client.GrpcClientProtocolClient (GrpcClientProtocolClient.java:onNext(255)) - client-DE0880F50CF2->72f5ceaa-5b3b-4bc7-b846-41895f4ebd48: receive RaftClientReply:client-DE0880F50CF2->72f5ceaa-5b3b-4bc7-b846-41895f4ebd48@group-833AA35A7EDE, cid=1910, SUCCESS, logIndex=2774, commits[72f5ceaa-5b3b-4bc7-b846-41895f4ebd48:c2774, b4e1f7d4-4bb4-47ed-a9cb-53483a899fb2:c2770, d3916bce-b37b-4246-83c6-d24846ba1a72:c2770]
2019-07-08 14:21:23,250 INFO  client.GrpcClientProtocolClient (GrpcClientProtocolClient.java:onNext(255)) - client-DE0880F50CF2->72f5ceaa-5b3b-4bc7-b846-41895f4ebd48: receive RaftClientReply:client-DE0880F50CF2->72f5ceaa-5b3b-4bc7-b846-41895f4ebd48@group-833AA35A7EDE, cid=1911, SUCCESS, logIndex=0, commits[72f5ceaa-5b3b-4bc7-b846-41895f4ebd48:c2777, b4e1f7d4-4bb4-47ed-a9cb-53483a899fb2:c2772, d3916bce-b37b-4246-83c6-d24846ba1a72:c2773]
2019-07-08 14:21:23,268 INFO  client.GrpcClientProtocolClient (GrpcClientProtocolClient.java:onNext(255)) - client-DE0880F50CF2->72f5ceaa-5b3b-4bc7-b846-41895f4ebd48: receive RaftClientReply:client-DE0880F50CF2->72f5ceaa-5b3b-4bc7-b846-41895f4ebd48@group-833AA35A7EDE, cid=1912, SUCCESS, logIndex=2779, commits[72f5ceaa-5b3b-4bc7-b846-41895f4ebd48:c2780, b4e1f7d4-4bb4-47ed-a9cb-53483a899fb2:c2778, d3916bce-b37b-4246-83c6-d24846ba1a72:c2778]
2019-07-08 14:21:23,269 INFO  client.GrpcClientProtocolClient (GrpcClientProtocolClient.java:onNext(255)) - client-DE0880F50CF2->72f5ceaa-5b3b-4bc7-b846-41895f4ebd48: receive RaftClientReply:client-DE0880F50CF2->72f5ceaa-5b3b-4bc7-b846-41895f4ebd48@group-833AA35A7EDE, cid=1913, SUCCESS, logIndex=2780, commits[72f5ceaa-5b3b-4bc7-b846-41895f4ebd48:c2780, b4e1f7d4-4bb4-47ed-a9cb-53483a899fb2:c2778, d3916bce-b37b-4246-83c6-d24846ba1a72:c2778]
2019-07-08 14:21:23,282 INFO  client.GrpcClientProtocolClient (GrpcClientProtocolClient.java:onNext(255)) - client-DE0880F50CF2->72f5ceaa-5b3b-4bc7-b846-41895f4ebd48: receive RaftClientReply:client-DE0880F50CF2->72f5ceaa-5b3b-4bc7-b846-41895f4ebd48@group-833AA35A7EDE, cid=1914, SUCCESS, logIndex=2783, commits[72f5ceaa-5b3b-4bc7-b846-41895f4ebd48:c2784, b4e1f7d4-4bb4-47ed-a9cb-53483a899fb2:c2780, d3916bce-b37b-4246-83c6-d24846ba1a72:c2780]
2019-07-08 14:21:23,283 INFO  client.GrpcClientProtocolClient (GrpcClientProtocolClient.java:onNext(255)) - client-DE0880F50CF2->72f5ceaa-5b3b-4bc7-b846-41895f4ebd48: receive RaftClientReply:client-DE0880F50CF2->72f5ceaa-5b3b-4bc7-b846-41895f4ebd48@group-833AA35A7EDE, cid=1915, SUCCESS, logIndex=2784, commits[72f5ceaa-5b3b-4bc7-b846-41895f4ebd48:c2784, b4e1f7d4-4bb4-47ed-a9cb-53483a899fb2:c2780, d3916bce-b37b-4246-83c6-d24846ba1a72:c2780]
2019-07-08 14:21:23,295 INFO  client.GrpcClientProtocolClient (GrpcClientProtocolClient.java:onNext(255)) - client-DE0880F50CF2->72f5ceaa-5b3b-4bc7-b846-41895f4ebd48: receive RaftClientReply:client-DE0880F50CF2->72f5ceaa-5b3b-4bc7-b846-41895f4ebd48@group-833AA35A7EDE, cid=1916, SUCCESS, logIndex=0, commits[72f5ceaa-5b3b-4bc7-b846-41895f4ebd48:c2786, b4e1f7d4-4bb4-47ed-a9cb-53483a899fb2:c2784, d3916bce-b37b-4246-83c6-d24846ba1a72:c2784]
2019-07-08 14:21:23,323 INFO  client.GrpcClientProtocolClient (GrpcClientProtocolClient.java:onNext(255)) - client-DE0880F50CF2->72f5ceaa-5b3b-4bc7-b846-41895f4ebd48: receive RaftClientReply:client-DE0880F50CF2->72f5ceaa-5b3b-4bc7-b846-41895f4ebd48@group-833AA35A7EDE, cid=1917, SUCCESS, logIndex=2787, commits[72f5ceaa-5b3b-4bc7-b846-41895f4ebd48:c2789, b4e1f7d4-4bb4-47ed-a9cb-53483a899fb2:c2786, d3916bce-b37b-4246-83c6-d24846ba1a72:c2786]
2019-07-08 14:21:23,323 INFO  client.GrpcClientProtocolClient (GrpcClientProtocolClient.java:onNext(255)) - client-DE0880F50CF2->72f5ceaa-5b3b-4bc7-b846-41895f4ebd48: receive RaftClientReply:client-DE0880F50CF2->72f5ceaa-5b3b-4bc7-b846-41895f4ebd48@group-833AA35A7EDE, cid=1918, SUCCESS, logIndex=2788, commits[72f5ceaa-5b3b-4bc7-b846-41895f4ebd48:c2790, b4e1f7d4-4bb4-47ed-a9cb-53483a899fb2:c2786, d3916bce-b37b-4246-83c6-d24846ba1a72:c2786]
2019-07-08 14:21:23,324 INFO  client.GrpcClientProtocolClient (GrpcClientProtocolClient.java:onNext(255)) - client-DE0880F50CF2->72f5ceaa-5b3b-4bc7-b846-41895f4ebd48: receive RaftClientReply:client-DE0880F50CF2->72f5ceaa-5b3b-4bc7-b846-41895f4ebd48@group-833AA35A7EDE, cid=1919, SUCCESS, logIndex=2789, commits[72f5ceaa-5b3b-4bc7-b846-41895f4ebd48:c2790, b4e1f7d4-4bb4-47ed-a9cb-53483a899fb2:c2786, d3916bce-b37b-4246-83c6-d24846ba1a72:c2786]
2019-07-08 14:21:23,324 INFO  client.GrpcClientProtocolClient (GrpcClientProtocolClient.java:onNext(255)) - client-DE0880F50CF2->72f5ceaa-5b3b-4bc7-b846-41895f4ebd48: receive RaftClientReply:client-DE0880F50CF2->72f5ceaa-5b3b-4bc7-b846-41895f4ebd48@group-833AA35A7EDE, cid=1920, SUCCESS, logIndex=2790, commits[72f5ceaa-5b3b-4bc7-b846-41895f4ebd48:c2791, b4e1f7d4-4bb4-47ed-a9cb-53483a899fb2:c2787, d3916bce-b37b-4246-83c6-d24846ba1a72:c2786]
2019-07-08 14:21:23,325 INFO  client.GrpcClientProtocolClient (GrpcClientProtocolClient.java:onNext(255)) - client-DE0880F50CF2->72f5ceaa-5b3b-4bc7-b846-41895f4ebd48: receive RaftClientReply:client-DE0880F50CF2->72f5ceaa-5b3b-4bc7-b846-41895f4ebd48@group-833AA35A7EDE, cid=1921, SUCCESS, logIndex=0, commits[72f5ceaa-5b3b-4bc7-b846-41895f4ebd48:c2793, b4e1f7d4-4bb4-47ed-a9cb-53483a899fb2:c2789, d3916bce-b37b-4246-83c6-d24846ba1a72:c2789]
2019-07-08 14:21:23,358 INFO  client.GrpcClientProtocolClient (GrpcClientProtocolClient.java:onNext(255)) - client-DE0880F50CF2->72f5ceaa-5b3b-4bc7-b846-41895f4ebd48: receive RaftClientReply:client-DE0880F50CF2->72f5ceaa-5b3b-4bc7-b846-41895f4ebd48@group-833AA35A7EDE, cid=1922, SUCCESS, logIndex=2795, commits[72f5ceaa-5b3b-4bc7-b846-41895f4ebd48:c2796, b4e1f7d4-4bb4-47ed-a9cb-53483a899fb2:c2794, d3916bce-b37b-4246-83c6-d24846ba1a72:c2794]
2019-07-08 14:21:23,358 INFO  client.GrpcClientProtocolClient (GrpcClientProtocolClient.java:onNext(255)) - client-DE0880F50CF2->72f5ceaa-5b3b-4bc7-b846-41895f4ebd48: receive RaftClientReply:client-DE0880F50CF2->72f5ceaa-5b3b-4bc7-b846-41895f4ebd48@group-833AA35A7EDE, cid=1923, SUCCESS, logIndex=2796, commits[72f5ceaa-5b3b-4bc7-b846-41895f4ebd48:c2796, b4e1f7d4-4bb4-47ed-a9cb-53483a899fb2:c2794, d3916bce-b37b-4246-83c6-d24846ba1a72:c2794]
2019-07-08 14:21:23,379 INFO  client.GrpcClientProtocolClient (GrpcClientProtocolClient.java:onNext(255)) - client-DE0880F50CF2->72f5ceaa-5b3b-4bc7-b846-41895f4ebd48: receive RaftClientReply:client-DE0880F50CF2->72f5ceaa-5b3b-4bc7-b846-41895f4ebd48@group-833AA35A7EDE, cid=1924, SUCCESS, logIndex=2799, commits[72f5ceaa-5b3b-4bc7-b846-41895f4ebd48:c2800, b4e1f7d4-4bb4-47ed-a9cb-53483a899fb2:c2797, d3916bce-b37b-4246-83c6-d24846ba1a72:c2797]
2019-07-08 14:21:23,379 INFO  client.GrpcClientProtocolClient (GrpcClientProtocolClient.java:onNext(255)) - client-DE0880F50CF2->72f5ceaa-5b3b-4bc7-b846-41895f4ebd48: receive RaftClientReply:client-DE0880F50CF2->72f5ceaa-5b3b-4bc7-b846-41895f4ebd48@group-833AA35A7EDE, cid=1925, SUCCESS, logIndex=2800, commits[72f5ceaa-5b3b-4bc7-b846-41895f4ebd48:c2800, b4e1f7d4-4bb4-47ed-a9cb-53483a899fb2:c2797, d3916bce-b37b-4246-83c6-d24846ba1a72:c2797]
2019-07-08 14:21:23,392 INFO  client.GrpcClientProtocolClient (GrpcClientProtocolClient.java:onNext(255)) - client-DE0880F50CF2->72f5ceaa-5b3b-4bc7-b846-41895f4ebd48: receive RaftClientReply:client-DE0880F50CF2->72f5ceaa-5b3b-4bc7-b846-41895f4ebd48@group-833AA35A7EDE, cid=1926, SUCCESS, logIndex=0, commits[72f5ceaa-5b3b-4bc7-b846-41895f4ebd48:c2802, b4e1f7d4-4bb4-47ed-a9cb-53483a899fb2:c2800, d3916bce-b37b-4246-83c6-d24846ba1a72:c2800]
2019-07-08 14:21:23,421 INFO  client.GrpcClientProtocolClient (GrpcClientProtocolClient.java:onNext(255)) - client-DE0880F50CF2->72f5ceaa-5b3b-4bc7-b846-41895f4ebd48: receive RaftClientReply:client-DE0880F50CF2->72f5ceaa-5b3b-4bc7-b846-41895f4ebd48@group-833AA35A7EDE, cid=1927, SUCCESS, logIndex=2803, commits[72f5ceaa-5b3b-4bc7-b846-41895f4ebd48:c2805, b4e1f7d4-4bb4-47ed-a9cb-53483a899fb2:c2802, d3916bce-b37b-4246-83c6-d24846ba1a72:c2802]
2019-07-08 14:21:23,421 INFO  client.GrpcClientProtocolClient (GrpcClientProtocolClient.java:onNext(255)) - client-DE0880F50CF2->72f5ceaa-5b3b-4bc7-b846-41895f4ebd48: receive RaftClientReply:client-DE0880F50CF2->72f5ceaa-5b3b-4bc7-b846-41895f4ebd48@group-833AA35A7EDE, cid=1928, SUCCESS, logIndex=2804, commits[72f5ceaa-5b3b-4bc7-b846-41895f4ebd48:c2806, b4e1f7d4-4bb4-47ed-a9cb-53483a899fb2:c2802, d3916bce-b37b-4246-83c6-d24846ba1a72:c2802]
2019-07-08 14:21:23,422 INFO  client.GrpcClientProtocolClient (GrpcClientProtocolClient.java:onNext(255)) - client-DE0880F50CF2->72f5ceaa-5b3b-4bc7-b846-41895f4ebd48: receive RaftClientReply:client-DE0880F50CF2->72f5ceaa-5b3b-4bc7-b846-41895f4ebd48@group-833AA35A7EDE, cid=1929, SUCCESS, logIndex=2805, commits[72f5ceaa-5b3b-4bc7-b846-41895f4ebd48:c2806, b4e1f7d4-4bb4-47ed-a9cb-53483a899fb2:c2802, d3916bce-b37b-4246-83c6-d24846ba1a72:c2802]
2019-07-08 14:21:23,422 INFO  client.GrpcClientProtocolClient (GrpcClientProtocolClient.java:onNext(255)) - client-DE0880F50CF2->72f5ceaa-5b3b-4bc7-b846-41895f4ebd48: receive RaftClientReply:client-DE0880F50CF2->72f5ceaa-5b3b-4bc7-b846-41895f4ebd48@group-833AA35A7EDE, cid=1930, SUCCESS, logIndex=2806, commits[72f5ceaa-5b3b-4bc7-b846-41895f4ebd48:c2806, b4e1f7d4-4bb4-47ed-a9cb-53483a899fb2:c2802, d3916bce-b37b-4246-83c6-d24846ba1a72:c2802]
2019-07-08 14:21:23,434 INFO  client.GrpcClientProtocolClient (GrpcClientProtocolClient.java:onNext(255)) - client-DE0880F50CF2->72f5ceaa-5b3b-4bc7-b846-41895f4ebd48: receive RaftClientReply:client-DE0880F50CF2->72f5ceaa-5b3b-4bc7-b846-41895f4ebd48@group-833AA35A7EDE, cid=1931, SUCCESS, logIndex=0, commits[72f5ceaa-5b3b-4bc7-b846-41895f4ebd48:c2808, b4e1f7d4-4bb4-47ed-a9cb-53483a899fb2:c2804, d3916bce-b37b-4246-83c6-d24846ba1a72:c2805]
2019-07-08 14:21:23,453 INFO  client.GrpcClientProtocolClient (GrpcClientProtocolClient.java:onNext(255)) - client-DE0880F50CF2->72f5ceaa-5b3b-4bc7-b846-41895f4ebd48: receive RaftClientReply:client-DE0880F50CF2->72f5ceaa-5b3b-4bc7-b846-41895f4ebd48@group-833AA35A7EDE, cid=1932, SUCCESS, logIndex=2811, commits[72f5ceaa-5b3b-4bc7-b846-41895f4ebd48:c2812, b4e1f7d4-4bb4-47ed-a9cb-53483a899fb2:c2810, d3916bce-b37b-4246-83c6-d24846ba1a72:c2810]
2019-07-08 14:21:23,454 INFO  client.GrpcClientProtocolClient (GrpcClientProtocolClient.java:onNext(255)) - client-DE0880F50CF2->72f5ceaa-5b3b-4bc7-b846-41895f4ebd48: receive RaftClientReply:client-DE0880F50CF2->72f5ceaa-5b3b-4bc7-b846-41895f4ebd48@group-833AA35A7EDE, cid=1933, SUCCESS, logIndex=2812, commits[72f5ceaa-5b3b-4bc7-b846-41895f4ebd48:c2812, b4e1f7d4-4bb4-47ed-a9cb-53483a899fb2:c2810, d3916bce-b37b-4246-83c6-d24846ba1a72:c2810]
2019-07-08 14:21:23,467 INFO  client.GrpcClientProtocolClient (GrpcClientProtocolClient.java:onNext(255)) - client-DE0880F50CF2->72f5ceaa-5b3b-4bc7-b846-41895f4ebd48: receive RaftClientReply:client-DE0880F50CF2->72f5ceaa-5b3b-4bc7-b846-41895f4ebd48@group-833AA35A7EDE, cid=1934, SUCCESS, logIndex=2815, commits[72f5ceaa-5b3b-4bc7-b846-41895f4ebd48:c2816, b4e1f7d4-4bb4-47ed-a9cb-53483a899fb2:c2812, d3916bce-b37b-4246-83c6-d24846ba1a72:c2812]
2019-07-08 14:21:23,467 INFO  client.GrpcClientProtocolClient (GrpcClientProtocolClient.java:onNext(255)) - client-DE0880F50CF2->72f5ceaa-5b3b-4bc7-b846-41895f4ebd48: receive RaftClientReply:client-DE0880F50CF2->72f5ceaa-5b3b-4bc7-b846-41895f4ebd48@group-833AA35A7EDE, cid=1935, SUCCESS, logIndex=2816, commits[72f5ceaa-5b3b-4bc7-b846-41895f4ebd48:c2816, b4e1f7d4-4bb4-47ed-a9cb-53483a899fb2:c2812, d3916bce-b37b-4246-83c6-d24846ba1a72:c2812]
2019-07-08 14:21:23,480 INFO  client.GrpcClientProtocolClient (GrpcClientProtocolClient.java:onNext(255)) - client-DE0880F50CF2->72f5ceaa-5b3b-4bc7-b846-41895f4ebd48: receive RaftClientReply:client-DE0880F50CF2->72f5ceaa-5b3b-4bc7-b846-41895f4ebd48@group-833AA35A7EDE, cid=1936, SUCCESS, logIndex=0, commits[72f5ceaa-5b3b-4bc7-b846-41895f4ebd48:c2818, b4e1f7d4-4bb4-47ed-a9cb-53483a899fb2:c2816, d3916bce-b37b-4246-83c6-d24846ba1a72:c2816]
2019-07-08 14:21:23,507 INFO  client.GrpcClientProtocolClient (GrpcClientProtocolClient.java:onNext(255)) - client-DE0880F50CF2->72f5ceaa-5b3b-4bc7-b846-41895f4ebd48: receive RaftClientReply:client-DE0880F50CF2->72f5ceaa-5b3b-4bc7-b846-41895f4ebd48@group-833AA35A7EDE, cid=1937, SUCCESS, logIndex=2819, commits[72f5ceaa-5b3b-4bc7-b846-41895f4ebd48:c2820, b4e1f7d4-4bb4-47ed-a9cb-53483a899fb2:c2818, d3916bce-b37b-4246-83c6-d24846ba1a72:c2818]
2019-07-08 14:21:23,508 INFO  client.GrpcClientProtocolClient (GrpcClientProtocolClient.java:onNext(255)) - client-DE0880F50CF2->72f5ceaa-5b3b-4bc7-b846-41895f4ebd48: receive RaftClientReply:client-DE0880F50CF2->72f5ceaa-5b3b-4bc7-b846-41895f4ebd48@group-833AA35A7EDE, cid=1938, SUCCESS, logIndex=2820, commits[72f5ceaa-5b3b-4bc7-b846-41895f4ebd48:c2820, b4e1f7d4-4bb4-47ed-a9cb-53483a899fb2:c2818, d3916bce-b37b-4246-83c6-d24846ba1a72:c2818]
2019-07-08 14:21:23,508 INFO  client.GrpcClientProtocolClient (GrpcClientProtocolClient.java:onNext(255)) - client-DE0880F50CF2->72f5ceaa-5b3b-4bc7-b846-41895f4ebd48: receive RaftClientReply:client-DE0880F50CF2->72f5ceaa-5b3b-4bc7-b846-41895f4ebd48@group-833AA35A7EDE, cid=1939, SUCCESS, logIndex=2821, commits[72f5ceaa-5b3b-4bc7-b846-41895f4ebd48:c2822, b4e1f7d4-4bb4-47ed-a9cb-53483a899fb2:c2818, d3916bce-b37b-4246-83c6-d24846ba1a72:c2818]
2019-07-08 14:21:23,508 INFO  client.GrpcClientProtocolClient (GrpcClientProtocolClient.java:onNext(255)) - client-DE0880F50CF2->72f5ceaa-5b3b-4bc7-b846-41895f4ebd48: receive RaftClientReply:client-DE0880F50CF2->72f5ceaa-5b3b-4bc7-b846-41895f4ebd48@group-833AA35A7EDE, cid=1940, SUCCESS, logIndex=2822, commits[72f5ceaa-5b3b-4bc7-b846-41895f4ebd48:c2822, b4e1f7d4-4bb4-47ed-a9cb-53483a899fb2:c2818, d3916bce-b37b-4246-83c6-d24846ba1a72:c2818]
2019-07-08 14:21:23,606 INFO  client.GrpcClientProtocolClient (GrpcClientProtocolClient.java:onNext(255)) - client-DE0880F50CF2->72f5ceaa-5b3b-4bc7-b846-41895f4ebd48: receive RaftClientReply:client-DE0880F50CF2->72f5ceaa-5b3b-4bc7-b846-41895f4ebd48@group-833AA35A7EDE, cid=1941, SUCCESS, logIndex=0, commits[72f5ceaa-5b3b-4bc7-b846-41895f4ebd48:c2824, b4e1f7d4-4bb4-47ed-a9cb-53483a899fb2:c2820, d3916bce-b37b-4246-83c6-d24846ba1a72:c2820]
2019-07-08 14:21:23,631 INFO  client.GrpcClientProtocolClient (GrpcClientProtocolClient.java:onNext(255)) - client-DE0880F50CF2->72f5ceaa-5b3b-4bc7-b846-41895f4ebd48: receive RaftClientReply:client-DE0880F50CF2->72f5ceaa-5b3b-4bc7-b846-41895f4ebd48@group-833AA35A7EDE, cid=1942, SUCCESS, logIndex=2827, commits[72f5ceaa-5b3b-4bc7-b846-41895f4ebd48:c2828, b4e1f7d4-4bb4-47ed-a9cb-53483a899fb2:c2826, d3916bce-b37b-4246-83c6-d24846ba1a72:c2826]
2019-07-08 14:21:23,631 INFO  client.GrpcClientProtocolClient (GrpcClientProtocolClient.java:onNext(255)) - client-DE0880F50CF2->72f5ceaa-5b3b-4bc7-b846-41895f4ebd48: receive RaftClientReply:client-DE0880F50CF2->72f5ceaa-5b3b-4bc7-b846-41895f4ebd48@group-833AA35A7EDE, cid=1943, SUCCESS, logIndex=2828, commits[72f5ceaa-5b3b-4bc7-b846-41895f4ebd48:c2828, b4e1f7d4-4bb4-47ed-a9cb-53483a899fb2:c2826, d3916bce-b37b-4246-83c6-d24846ba1a72:c2826]
2019-07-08 14:21:23,657 INFO  client.GrpcClientProtocolClient (GrpcClientProtocolClient.java:onNext(255)) - client-DE0880F50CF2->72f5ceaa-5b3b-4bc7-b846-41895f4ebd48: receive RaftClientReply:client-DE0880F50CF2->72f5ceaa-5b3b-4bc7-b846-41895f4ebd48@group-833AA35A7EDE, cid=1944, SUCCESS, logIndex=2831, commits[72f5ceaa-5b3b-4bc7-b846-41895f4ebd48:c2832, b4e1f7d4-4bb4-47ed-a9cb-53483a899fb2:c2828, d3916bce-b37b-4246-83c6-d24846ba1a72:c2828]
2019-07-08 14:21:23,658 INFO  client.GrpcClientProtocolClient (GrpcClientProtocolClient.java:onNext(255)) - client-DE0880F50CF2->72f5ceaa-5b3b-4bc7-b846-41895f4ebd48: receive RaftClientReply:client-DE0880F50CF2->72f5ceaa-5b3b-4bc7-b846-41895f4ebd48@group-833AA35A7EDE, cid=1945, SUCCESS, logIndex=2832, commits[72f5ceaa-5b3b-4bc7-b846-41895f4ebd48:c2832, b4e1f7d4-4bb4-47ed-a9cb-53483a899fb2:c2828, d3916bce-b37b-4246-83c6-d24846ba1a72:c2828]
2019-07-08 14:21:23,659 INFO  client.GrpcClientProtocolClient (GrpcClientProtocolClient.java:onNext(255)) - client-DE0880F50CF2->72f5ceaa-5b3b-4bc7-b846-41895f4ebd48: receive RaftClientReply:client-DE0880F50CF2->72f5ceaa-5b3b-4bc7-b846-41895f4ebd48@group-833AA35A7EDE, cid=1946, SUCCESS, logIndex=0, commits[72f5ceaa-5b3b-4bc7-b846-41895f4ebd48:c2833, b4e1f7d4-4bb4-47ed-a9cb-53483a899fb2:c2832, d3916bce-b37b-4246-83c6-d24846ba1a72:c2832]
2019-07-08 14:21:23,691 INFO  client.GrpcClientProtocolClient (GrpcClientProtocolClient.java:onNext(255)) - client-DE0880F50CF2->72f5ceaa-5b3b-4bc7-b846-41895f4ebd48: receive RaftClientReply:client-DE0880F50CF2->72f5ceaa-5b3b-4bc7-b846-41895f4ebd48@group-833AA35A7EDE, cid=1947, SUCCESS, logIndex=2835, commits[72f5ceaa-5b3b-4bc7-b846-41895f4ebd48:c2835, b4e1f7d4-4bb4-47ed-a9cb-53483a899fb2:c2834, d3916bce-b37b-4246-83c6-d24846ba1a72:c2834]
2019-07-08 14:21:23,692 INFO  client.GrpcClientProtocolClient (GrpcClientProtocolClient.java:onNext(255)) - client-DE0880F50CF2->72f5ceaa-5b3b-4bc7-b846-41895f4ebd48: receive RaftClientReply:client-DE0880F50CF2->72f5ceaa-5b3b-4bc7-b846-41895f4ebd48@group-833AA35A7EDE, cid=1948, SUCCESS, logIndex=2836, commits[72f5ceaa-5b3b-4bc7-b846-41895f4ebd48:c2836, b4e1f7d4-4bb4-47ed-a9cb-53483a899fb2:c2834, d3916bce-b37b-4246-83c6-d24846ba1a72:c2834]
2019-07-08 14:21:23,692 INFO  client.GrpcClientProtocolClient (GrpcClientProtocolClient.java:onNext(255)) - client-DE0880F50CF2->72f5ceaa-5b3b-4bc7-b846-41895f4ebd48: receive RaftClientReply:client-DE0880F50CF2->72f5ceaa-5b3b-4bc7-b846-41895f4ebd48@group-833AA35A7EDE, cid=1949, SUCCESS, logIndex=2837, commits[72f5ceaa-5b3b-4bc7-b846-41895f4ebd48:c2838, b4e1f7d4-4bb4-47ed-a9cb-53483a899fb2:c2834, d3916bce-b37b-4246-83c6-d24846ba1a72:c2834]
2019-07-08 14:21:23,693 INFO  client.GrpcClientProtocolClient (GrpcClientProtocolClient.java:onNext(255)) - client-DE0880F50CF2->72f5ceaa-5b3b-4bc7-b846-41895f4ebd48: receive RaftClientReply:client-DE0880F50CF2->72f5ceaa-5b3b-4bc7-b846-41895f4ebd48@group-833AA35A7EDE, cid=1950, SUCCESS, logIndex=2838, commits[72f5ceaa-5b3b-4bc7-b846-41895f4ebd48:c2838, b4e1f7d4-4bb4-47ed-a9cb-53483a899fb2:c2834, d3916bce-b37b-4246-83c6-d24846ba1a72:c2834]
2019-07-08 14:21:23,694 INFO  client.GrpcClientProtocolClient (GrpcClientProtocolClient.java:onNext(255)) - client-DE0880F50CF2->72f5ceaa-5b3b-4bc7-b846-41895f4ebd48: receive RaftClientReply:client-DE0880F50CF2->72f5ceaa-5b3b-4bc7-b846-41895f4ebd48@group-833AA35A7EDE, cid=1951, SUCCESS, logIndex=0, commits[72f5ceaa-5b3b-4bc7-b846-41895f4ebd48:c2840, b4e1f7d4-4bb4-47ed-a9cb-53483a899fb2:c2836, d3916bce-b37b-4246-83c6-d24846ba1a72:c2836]
2019-07-08 14:21:23,716 INFO  client.GrpcClientProtocolClient (GrpcClientProtocolClient.java:onNext(255)) - client-DE0880F50CF2->72f5ceaa-5b3b-4bc7-b846-41895f4ebd48: receive RaftClientReply:client-DE0880F50CF2->72f5ceaa-5b3b-4bc7-b846-41895f4ebd48@group-833AA35A7EDE, cid=1952, SUCCESS, logIndex=2842, commits[72f5ceaa-5b3b-4bc7-b846-41895f4ebd48:c2842, b4e1f7d4-4bb4-47ed-a9cb-53483a899fb2:c2841, d3916bce-b37b-4246-83c6-d24846ba1a72:c2841]
2019-07-08 14:21:23,716 INFO  client.GrpcClientProtocolClient (GrpcClientProtocolClient.java:onNext(255)) - client-DE0880F50CF2->72f5ceaa-5b3b-4bc7-b846-41895f4ebd48: receive RaftClientReply:client-DE0880F50CF2->72f5ceaa-5b3b-4bc7-b846-41895f4ebd48@group-833AA35A7EDE, cid=1953, SUCCESS, logIndex=2843, commits[72f5ceaa-5b3b-4bc7-b846-41895f4ebd48:c2843, b4e1f7d4-4bb4-47ed-a9cb-53483a899fb2:c2841, d3916bce-b37b-4246-83c6-d24846ba1a72:c2841]
2019-07-08 14:21:23,732 INFO  client.GrpcClientProtocolClient (GrpcClientProtocolClient.java:onNext(255)) - client-DE0880F50CF2->72f5ceaa-5b3b-4bc7-b846-41895f4ebd48: receive RaftClientReply:client-DE0880F50CF2->72f5ceaa-5b3b-4bc7-b846-41895f4ebd48@group-833AA35A7EDE, cid=1954, SUCCESS, logIndex=2846, commits[72f5ceaa-5b3b-4bc7-b846-41895f4ebd48:c2846, b4e1f7d4-4bb4-47ed-a9cb-53483a899fb2:c2843, d3916bce-b37b-4246-83c6-d24846ba1a72:c2843]
2019-07-08 14:21:23,732 INFO  client.GrpcClientProtocolClient (GrpcClientProtocolClient.java:onNext(255)) - client-DE0880F50CF2->72f5ceaa-5b3b-4bc7-b846-41895f4ebd48: receive RaftClientReply:client-DE0880F50CF2->72f5ceaa-5b3b-4bc7-b846-41895f4ebd48@group-833AA35A7EDE, cid=1955, SUCCESS, logIndex=2847, commits[72f5ceaa-5b3b-4bc7-b846-41895f4ebd48:c2847, b4e1f7d4-4bb4-47ed-a9cb-53483a899fb2:c2843, d3916bce-b37b-4246-83c6-d24846ba1a72:c2843]
2019-07-08 14:21:23,746 INFO  client.GrpcClientProtocolClient (GrpcClientProtocolClient.java:onNext(255)) - client-DE0880F50CF2->72f5ceaa-5b3b-4bc7-b846-41895f4ebd48: receive RaftClientReply:client-DE0880F50CF2->72f5ceaa-5b3b-4bc7-b846-41895f4ebd48@group-833AA35A7EDE, cid=1956, SUCCESS, logIndex=0, commits[72f5ceaa-5b3b-4bc7-b846-41895f4ebd48:c2849, b4e1f7d4-4bb4-47ed-a9cb-53483a899fb2:c2847, d3916bce-b37b-4246-83c6-d24846ba1a72:c2847]
2019-07-08 14:21:23,774 INFO  client.GrpcClientProtocolClient (GrpcClientProtocolClient.java:onNext(255)) - client-DE0880F50CF2->72f5ceaa-5b3b-4bc7-b846-41895f4ebd48: receive RaftClientReply:client-DE0880F50CF2->72f5ceaa-5b3b-4bc7-b846-41895f4ebd48@group-833AA35A7EDE, cid=1957, SUCCESS, logIndex=2850, commits[72f5ceaa-5b3b-4bc7-b846-41895f4ebd48:c2851, b4e1f7d4-4bb4-47ed-a9cb-53483a899fb2:c2849, d3916bce-b37b-4246-83c6-d24846ba1a72:c2849]
2019-07-08 14:21:23,775 INFO  client.GrpcClientProtocolClient (GrpcClientProtocolClient.java:onNext(255)) - client-DE0880F50CF2->72f5ceaa-5b3b-4bc7-b846-41895f4ebd48: receive RaftClientReply:client-DE0880F50CF2->72f5ceaa-5b3b-4bc7-b846-41895f4ebd48@group-833AA35A7EDE, cid=1958, SUCCESS, logIndex=2851, commits[72f5ceaa-5b3b-4bc7-b846-41895f4ebd48:c2853, b4e1f7d4-4bb4-47ed-a9cb-53483a899fb2:c2849, d3916bce-b37b-4246-83c6-d24846ba1a72:c2849]
2019-07-08 14:21:23,775 INFO  client.GrpcClientProtocolClient (GrpcClientProtocolClient.java:onNext(255)) - client-DE0880F50CF2->72f5ceaa-5b3b-4bc7-b846-41895f4ebd48: receive RaftClientReply:client-DE0880F50CF2->72f5ceaa-5b3b-4bc7-b846-41895f4ebd48@group-833AA35A7EDE, cid=1959, SUCCESS, logIndex=2852, commits[72f5ceaa-5b3b-4bc7-b846-41895f4ebd48:c2853, b4e1f7d4-4bb4-47ed-a9cb-53483a899fb2:c2849, d3916bce-b37b-4246-83c6-d24846ba1a72:c2849]
2019-07-08 14:21:23,775 INFO  client.GrpcClientProtocolClient (GrpcClientProtocolClient.java:onNext(255)) - client-DE0880F50CF2->72f5ceaa-5b3b-4bc7-b846-41895f4ebd48: receive RaftClientReply:client-DE0880F50CF2->72f5ceaa-5b3b-4bc7-b846-41895f4ebd48@group-833AA35A7EDE, cid=1960, SUCCESS, logIndex=2853, commits[72f5ceaa-5b3b-4bc7-b846-41895f4ebd48:c2853, b4e1f7d4-4bb4-47ed-a9cb-53483a899fb2:c2849, d3916bce-b37b-4246-83c6-d24846ba1a72:c2849]
2019-07-08 14:21:23,788 INFO  client.GrpcClientProtocolClient (GrpcClientProtocolClient.java:onNext(255)) - client-DE0880F50CF2->72f5ceaa-5b3b-4bc7-b846-41895f4ebd48: receive RaftClientReply:client-DE0880F50CF2->72f5ceaa-5b3b-4bc7-b846-41895f4ebd48@group-833AA35A7EDE, cid=1961, SUCCESS, logIndex=0, commits[72f5ceaa-5b3b-4bc7-b846-41895f4ebd48:c2855, b4e1f7d4-4bb4-47ed-a9cb-53483a899fb2:c2851, d3916bce-b37b-4246-83c6-d24846ba1a72:c2851]
2019-07-08 14:21:23,809 INFO  client.GrpcClientProtocolClient (GrpcClientProtocolClient.java:onNext(255)) - client-DE0880F50CF2->72f5ceaa-5b3b-4bc7-b846-41895f4ebd48: receive RaftClientReply:client-DE0880F50CF2->72f5ceaa-5b3b-4bc7-b846-41895f4ebd48@group-833AA35A7EDE, cid=1962, SUCCESS, logIndex=2858, commits[72f5ceaa-5b3b-4bc7-b846-41895f4ebd48:c2859, b4e1f7d4-4bb4-47ed-a9cb-53483a899fb2:c2857, d3916bce-b37b-4246-83c6-d24846ba1a72:c2857]
2019-07-08 14:21:23,809 INFO  client.GrpcClientProtocolClient (GrpcClientProtocolClient.java:onNext(255)) - client-DE0880F50CF2->72f5ceaa-5b3b-4bc7-b846-41895f4ebd48: receive RaftClientReply:client-DE0880F50CF2->72f5ceaa-5b3b-4bc7-b846-41895f4ebd48@group-833AA35A7EDE, cid=1963, SUCCESS, logIndex=2859, commits[72f5ceaa-5b3b-4bc7-b846-41895f4ebd48:c2859, b4e1f7d4-4bb4-47ed-a9cb-53483a899fb2:c2857, d3916bce-b37b-4246-83c6-d24846ba1a72:c2857]
2019-07-08 14:21:23,824 INFO  client.GrpcClientProtocolClient (GrpcClientProtocolClient.java:onNext(255)) - client-DE0880F50CF2->72f5ceaa-5b3b-4bc7-b846-41895f4ebd48: receive RaftClientReply:client-DE0880F50CF2->72f5ceaa-5b3b-4bc7-b846-41895f4ebd48@group-833AA35A7EDE, cid=1964, SUCCESS, logIndex=2862, commits[72f5ceaa-5b3b-4bc7-b846-41895f4ebd48:c2863, b4e1f7d4-4bb4-47ed-a9cb-53483a899fb2:c2859, d3916bce-b37b-4246-83c6-d24846ba1a72:c2859]
2019-07-08 14:21:23,825 INFO  client.GrpcClientProtocolClient (GrpcClientProtocolClient.java:onNext(255)) - client-DE0880F50CF2->72f5ceaa-5b3b-4bc7-b846-41895f4ebd48: receive RaftClientReply:client-DE0880F50CF2->72f5ceaa-5b3b-4bc7-b846-41895f4ebd48@group-833AA35A7EDE, cid=1965, SUCCESS, logIndex=2863, commits[72f5ceaa-5b3b-4bc7-b846-41895f4ebd48:c2863, b4e1f7d4-4bb4-47ed-a9cb-53483a899fb2:c2859, d3916bce-b37b-4246-83c6-d24846ba1a72:c2859]
2019-07-08 14:21:23,839 INFO  client.GrpcClientProtocolClient (GrpcClientProtocolClient.java:onNext(255)) - client-DE0880F50CF2->72f5ceaa-5b3b-4bc7-b846-41895f4ebd48: receive RaftClientReply:client-DE0880F50CF2->72f5ceaa-5b3b-4bc7-b846-41895f4ebd48@group-833AA35A7EDE, cid=1966, SUCCESS, logIndex=0, commits[72f5ceaa-5b3b-4bc7-b846-41895f4ebd48:c2865, b4e1f7d4-4bb4-47ed-a9cb-53483a899fb2:c2863, d3916bce-b37b-4246-83c6-d24846ba1a72:c2863]
 0.00% |█                                                                                                    |  0/1 Time: 0:00:182019-07-08 14:21:23,867 INFO  client.GrpcClientProtocolClient (GrpcClientProtocolClient.java:onNext(255)) - client-DE0880F50CF2->72f5ceaa-5b3b-4bc7-b846-41895f4ebd48: receive RaftClientReply:client-DE0880F50CF2->72f5ceaa-5b3b-4bc7-b846-41895f4ebd48@group-833AA35A7EDE, cid=1967, SUCCESS, logIndex=2866, commits[72f5ceaa-5b3b-4bc7-b846-41895f4ebd48:c2867, b4e1f7d4-4bb4-47ed-a9cb-53483a899fb2:c2865, d3916bce-b37b-4246-83c6-d24846ba1a72:c2865]
2019-07-08 14:21:23,868 INFO  client.GrpcClientProtocolClient (GrpcClientProtocolClient.java:onNext(255)) - client-DE0880F50CF2->72f5ceaa-5b3b-4bc7-b846-41895f4ebd48: receive RaftClientReply:client-DE0880F50CF2->72f5ceaa-5b3b-4bc7-b846-41895f4ebd48@group-833AA35A7EDE, cid=1968, SUCCESS, logIndex=2867, commits[72f5ceaa-5b3b-4bc7-b846-41895f4ebd48:c2869, b4e1f7d4-4bb4-47ed-a9cb-53483a899fb2:c2865, d3916bce-b37b-4246-83c6-d24846ba1a72:c2865]
2019-07-08 14:21:23,868 INFO  client.GrpcClientProtocolClient (GrpcClientProtocolClient.java:onNext(255)) - client-DE0880F50CF2->72f5ceaa-5b3b-4bc7-b846-41895f4ebd48: receive RaftClientReply:client-DE0880F50CF2->72f5ceaa-5b3b-4bc7-b846-41895f4ebd48@group-833AA35A7EDE, cid=1969, SUCCESS, logIndex=2868, commits[72f5ceaa-5b3b-4bc7-b846-41895f4ebd48:c2869, b4e1f7d4-4bb4-47ed-a9cb-53483a899fb2:c2865, d3916bce-b37b-4246-83c6-d24846ba1a72:c2865]
2019-07-08 14:21:23,868 INFO  client.GrpcClientProtocolClient (GrpcClientProtocolClient.java:onNext(255)) - client-DE0880F50CF2->72f5ceaa-5b3b-4bc7-b846-41895f4ebd48: receive RaftClientReply:client-DE0880F50CF2->72f5ceaa-5b3b-4bc7-b846-41895f4ebd48@group-833AA35A7EDE, cid=1970, SUCCESS, logIndex=2869, commits[72f5ceaa-5b3b-4bc7-b846-41895f4ebd48:c2869, b4e1f7d4-4bb4-47ed-a9cb-53483a899fb2:c2865, d3916bce-b37b-4246-83c6-d24846ba1a72:c2865]
2019-07-08 14:21:23,870 INFO  client.GrpcClientProtocolClient (GrpcClientProtocolClient.java:onNext(255)) - client-DE0880F50CF2->72f5ceaa-5b3b-4bc7-b846-41895f4ebd48: receive RaftClientReply:client-DE0880F50CF2->72f5ceaa-5b3b-4bc7-b846-41895f4ebd48@group-833AA35A7EDE, cid=1971, SUCCESS, logIndex=0, commits[72f5ceaa-5b3b-4bc7-b846-41895f4ebd48:c2870, b4e1f7d4-4bb4-47ed-a9cb-53483a899fb2:c2867, d3916bce-b37b-4246-83c6-d24846ba1a72:c2867]
2019-07-08 14:21:23,893 INFO  client.GrpcClientProtocolClient (GrpcClientProtocolClient.java:onNext(255)) - client-DE0880F50CF2->72f5ceaa-5b3b-4bc7-b846-41895f4ebd48: receive RaftClientReply:client-DE0880F50CF2->72f5ceaa-5b3b-4bc7-b846-41895f4ebd48@group-833AA35A7EDE, cid=1972, SUCCESS, logIndex=2873, commits[72f5ceaa-5b3b-4bc7-b846-41895f4ebd48:c2874, b4e1f7d4-4bb4-47ed-a9cb-53483a899fb2:c2872, d3916bce-b37b-4246-83c6-d24846ba1a72:c2872]
2019-07-08 14:21:23,894 INFO  client.GrpcClientProtocolClient (GrpcClientProtocolClient.java:onNext(255)) - client-DE0880F50CF2->72f5ceaa-5b3b-4bc7-b846-41895f4ebd48: receive RaftClientReply:client-DE0880F50CF2->72f5ceaa-5b3b-4bc7-b846-41895f4ebd48@group-833AA35A7EDE, cid=1973, SUCCESS, logIndex=2874, commits[72f5ceaa-5b3b-4bc7-b846-41895f4ebd48:c2874, b4e1f7d4-4bb4-47ed-a9cb-53483a899fb2:c2872, d3916bce-b37b-4246-83c6-d24846ba1a72:c2872]
2019-07-08 14:21:23,912 INFO  client.GrpcClientProtocolClient (GrpcClientProtocolClient.java:onNext(255)) - client-DE0880F50CF2->72f5ceaa-5b3b-4bc7-b846-41895f4ebd48: receive RaftClientReply:client-DE0880F50CF2->72f5ceaa-5b3b-4bc7-b846-41895f4ebd48@group-833AA35A7EDE, cid=1974, SUCCESS, logIndex=2877, commits[72f5ceaa-5b3b-4bc7-b846-41895f4ebd48:c2878, b4e1f7d4-4bb4-47ed-a9cb-53483a899fb2:c2874, d3916bce-b37b-4246-83c6-d24846ba1a72:c2874]
2019-07-08 14:21:23,912 INFO  client.GrpcClientProtocolClient (GrpcClientProtocolClient.java:onNext(255)) - client-DE0880F50CF2->72f5ceaa-5b3b-4bc7-b846-41895f4ebd48: receive RaftClientReply:client-DE0880F50CF2->72f5ceaa-5b3b-4bc7-b846-41895f4ebd48@group-833AA35A7EDE, cid=1975, SUCCESS, logIndex=2878, commits[72f5ceaa-5b3b-4bc7-b846-41895f4ebd48:c2878, b4e1f7d4-4bb4-47ed-a9cb-53483a899fb2:c2874, d3916bce-b37b-4246-83c6-d24846ba1a72:c2874]
2019-07-08 14:21:23,924 INFO  client.GrpcClientProtocolClient (GrpcClientProtocolClient.java:onNext(255)) - client-DE0880F50CF2->72f5ceaa-5b3b-4bc7-b846-41895f4ebd48: receive RaftClientReply:client-DE0880F50CF2->72f5ceaa-5b3b-4bc7-b846-41895f4ebd48@group-833AA35A7EDE, cid=1976, SUCCESS, logIndex=0, commits[72f5ceaa-5b3b-4bc7-b846-41895f4ebd48:c2880, b4e1f7d4-4bb4-47ed-a9cb-53483a899fb2:c2878, d3916bce-b37b-4246-83c6-d24846ba1a72:c2878]
2019-07-08 14:21:23,952 INFO  client.GrpcClientProtocolClient (GrpcClientProtocolClient.java:onNext(255)) - client-DE0880F50CF2->72f5ceaa-5b3b-4bc7-b846-41895f4ebd48: receive RaftClientReply:client-DE0880F50CF2->72f5ceaa-5b3b-4bc7-b846-41895f4ebd48@group-833AA35A7EDE, cid=1977, SUCCESS, logIndex=2881, commits[72f5ceaa-5b3b-4bc7-b846-41895f4ebd48:c2884, b4e1f7d4-4bb4-47ed-a9cb-53483a899fb2:c2880, d3916bce-b37b-4246-83c6-d24846ba1a72:c2880]
2019-07-08 14:21:23,953 INFO  client.GrpcClientProtocolClient (GrpcClientProtocolClient.java:onNext(255)) - client-DE0880F50CF2->72f5ceaa-5b3b-4bc7-b846-41895f4ebd48: receive RaftClientReply:client-DE0880F50CF2->72f5ceaa-5b3b-4bc7-b846-41895f4ebd48@group-833AA35A7EDE, cid=1978, SUCCESS, logIndex=2882, commits[72f5ceaa-5b3b-4bc7-b846-41895f4ebd48:c2884, b4e1f7d4-4bb4-47ed-a9cb-53483a899fb2:c2880, d3916bce-b37b-4246-83c6-d24846ba1a72:c2880]
2019-07-08 14:21:23,954 INFO  client.GrpcClientProtocolClient (GrpcClientProtocolClient.java:onNext(255)) - client-DE0880F50CF2->72f5ceaa-5b3b-4bc7-b846-41895f4ebd48: receive RaftClientReply:client-DE0880F50CF2->72f5ceaa-5b3b-4bc7-b846-41895f4ebd48@group-833AA35A7EDE, cid=1979, SUCCESS, logIndex=2883, commits[72f5ceaa-5b3b-4bc7-b846-41895f4ebd48:c2884, b4e1f7d4-4bb4-47ed-a9cb-53483a899fb2:c2880, d3916bce-b37b-4246-83c6-d24846ba1a72:c2880]
2019-07-08 14:21:23,954 INFO  client.GrpcClientProtocolClient (GrpcClientProtocolClient.java:onNext(255)) - client-DE0880F50CF2->72f5ceaa-5b3b-4bc7-b846-41895f4ebd48: receive RaftClientReply:client-DE0880F50CF2->72f5ceaa-5b3b-4bc7-b846-41895f4ebd48@group-833AA35A7EDE, cid=1980, SUCCESS, logIndex=2884, commits[72f5ceaa-5b3b-4bc7-b846-41895f4ebd48:c2885, b4e1f7d4-4bb4-47ed-a9cb-53483a899fb2:c2880, d3916bce-b37b-4246-83c6-d24846ba1a72:c2881]
2019-07-08 14:21:23,956 INFO  client.GrpcClientProtocolClient (GrpcClientProtocolClient.java:onNext(255)) - client-DE0880F50CF2->72f5ceaa-5b3b-4bc7-b846-41895f4ebd48: receive RaftClientReply:client-DE0880F50CF2->72f5ceaa-5b3b-4bc7-b846-41895f4ebd48@group-833AA35A7EDE, cid=1981, SUCCESS, logIndex=0, commits[72f5ceaa-5b3b-4bc7-b846-41895f4ebd48:c2888, b4e1f7d4-4bb4-47ed-a9cb-53483a899fb2:c2884, d3916bce-b37b-4246-83c6-d24846ba1a72:c2884]
2019-07-08 14:21:23,977 INFO  client.GrpcClientProtocolClient (GrpcClientProtocolClient.java:onNext(255)) - client-DE0880F50CF2->72f5ceaa-5b3b-4bc7-b846-41895f4ebd48: receive RaftClientReply:client-DE0880F50CF2->72f5ceaa-5b3b-4bc7-b846-41895f4ebd48@group-833AA35A7EDE, cid=1982, SUCCESS, logIndex=2889, commits[72f5ceaa-5b3b-4bc7-b846-41895f4ebd48:c2890, b4e1f7d4-4bb4-47ed-a9cb-53483a899fb2:c2888, d3916bce-b37b-4246-83c6-d24846ba1a72:c2888]
2019-07-08 14:21:23,978 INFO  client.GrpcClientProtocolClient (GrpcClientProtocolClient.java:onNext(255)) - client-DE0880F50CF2->72f5ceaa-5b3b-4bc7-b846-41895f4ebd48: receive RaftClientReply:client-DE0880F50CF2->72f5ceaa-5b3b-4bc7-b846-41895f4ebd48@group-833AA35A7EDE, cid=1983, SUCCESS, logIndex=2890, commits[72f5ceaa-5b3b-4bc7-b846-41895f4ebd48:c2890, b4e1f7d4-4bb4-47ed-a9cb-53483a899fb2:c2888, d3916bce-b37b-4246-83c6-d24846ba1a72:c2888]
2019-07-08 14:21:23,991 INFO  client.GrpcClientProtocolClient (GrpcClientProtocolClient.java:onNext(255)) - client-DE0880F50CF2->72f5ceaa-5b3b-4bc7-b846-41895f4ebd48: receive RaftClientReply:client-DE0880F50CF2->72f5ceaa-5b3b-4bc7-b846-41895f4ebd48@group-833AA35A7EDE, cid=1984, SUCCESS, logIndex=2893, commits[72f5ceaa-5b3b-4bc7-b846-41895f4ebd48:c2893, b4e1f7d4-4bb4-47ed-a9cb-53483a899fb2:c2890, d3916bce-b37b-4246-83c6-d24846ba1a72:c2890]
2019-07-08 14:21:23,991 INFO  client.GrpcClientProtocolClient (GrpcClientProtocolClient.java:onNext(255)) - client-DE0880F50CF2->72f5ceaa-5b3b-4bc7-b846-41895f4ebd48: receive RaftClientReply:client-DE0880F50CF2->72f5ceaa-5b3b-4bc7-b846-41895f4ebd48@group-833AA35A7EDE, cid=1985, SUCCESS, logIndex=2894, commits[72f5ceaa-5b3b-4bc7-b846-41895f4ebd48:c2894, b4e1f7d4-4bb4-47ed-a9cb-53483a899fb2:c2890, d3916bce-b37b-4246-83c6-d24846ba1a72:c2890]
2019-07-08 14:21:23,993 INFO  client.GrpcClientProtocolClient (GrpcClientProtocolClient.java:onNext(255)) - client-DE0880F50CF2->72f5ceaa-5b3b-4bc7-b846-41895f4ebd48: receive RaftClientReply:client-DE0880F50CF2->72f5ceaa-5b3b-4bc7-b846-41895f4ebd48@group-833AA35A7EDE, cid=1986, SUCCESS, logIndex=0, commits[72f5ceaa-5b3b-4bc7-b846-41895f4ebd48:c2895, b4e1f7d4-4bb4-47ed-a9cb-53483a899fb2:c2894, d3916bce-b37b-4246-83c6-d24846ba1a72:c2894]
2019-07-08 14:21:24,021 INFO  client.GrpcClientProtocolClient (GrpcClientProtocolClient.java:onNext(255)) - client-DE0880F50CF2->72f5ceaa-5b3b-4bc7-b846-41895f4ebd48: receive RaftClientReply:client-DE0880F50CF2->72f5ceaa-5b3b-4bc7-b846-41895f4ebd48@group-833AA35A7EDE, cid=1987, SUCCESS, logIndex=2897, commits[72f5ceaa-5b3b-4bc7-b846-41895f4ebd48:c2898, b4e1f7d4-4bb4-47ed-a9cb-53483a899fb2:c2896, d3916bce-b37b-4246-83c6-d24846ba1a72:c2896]
2019-07-08 14:21:24,022 INFO  client.GrpcClientProtocolClient (GrpcClientProtocolClient.java:onNext(255)) - client-DE0880F50CF2->72f5ceaa-5b3b-4bc7-b846-41895f4ebd48: receive RaftClientReply:client-DE0880F50CF2->72f5ceaa-5b3b-4bc7-b846-41895f4ebd48@group-833AA35A7EDE, cid=1988, SUCCESS, logIndex=2898, commits[72f5ceaa-5b3b-4bc7-b846-41895f4ebd48:c2899, b4e1f7d4-4bb4-47ed-a9cb-53483a899fb2:c2896, d3916bce-b37b-4246-83c6-d24846ba1a72:c2896]
2019-07-08 14:21:24,022 INFO  client.GrpcClientProtocolClient (GrpcClientProtocolClient.java:onNext(255)) - client-DE0880F50CF2->72f5ceaa-5b3b-4bc7-b846-41895f4ebd48: receive RaftClientReply:client-DE0880F50CF2->72f5ceaa-5b3b-4bc7-b846-41895f4ebd48@group-833AA35A7EDE, cid=1989, SUCCESS, logIndex=2899, commits[72f5ceaa-5b3b-4bc7-b846-41895f4ebd48:c2900, b4e1f7d4-4bb4-47ed-a9cb-53483a899fb2:c2896, d3916bce-b37b-4246-83c6-d24846ba1a72:c2896]
2019-07-08 14:21:24,022 INFO  client.GrpcClientProtocolClient (GrpcClientProtocolClient.java:onNext(255)) - client-DE0880F50CF2->72f5ceaa-5b3b-4bc7-b846-41895f4ebd48: receive RaftClientReply:client-DE0880F50CF2->72f5ceaa-5b3b-4bc7-b846-41895f4ebd48@group-833AA35A7EDE, cid=1990, SUCCESS, logIndex=2900, commits[72f5ceaa-5b3b-4bc7-b846-41895f4ebd48:c2900, b4e1f7d4-4bb4-47ed-a9cb-53483a899fb2:c2896, d3916bce-b37b-4246-83c6-d24846ba1a72:c2896]
2019-07-08 14:21:24,024 INFO  client.GrpcClientProtocolClient (GrpcClientProtocolClient.java:onNext(255)) - client-DE0880F50CF2->72f5ceaa-5b3b-4bc7-b846-41895f4ebd48: receive RaftClientReply:client-DE0880F50CF2->72f5ceaa-5b3b-4bc7-b846-41895f4ebd48@group-833AA35A7EDE, cid=1991, SUCCESS, logIndex=0, commits[72f5ceaa-5b3b-4bc7-b846-41895f4ebd48:c2902, b4e1f7d4-4bb4-47ed-a9cb-53483a899fb2:c2898, d3916bce-b37b-4246-83c6-d24846ba1a72:c2898]
2019-07-08 14:21:24,046 INFO  client.GrpcClientProtocolClient (GrpcClientProtocolClient.java:onNext(255)) - client-DE0880F50CF2->72f5ceaa-5b3b-4bc7-b846-41895f4ebd48: receive RaftClientReply:client-DE0880F50CF2->72f5ceaa-5b3b-4bc7-b846-41895f4ebd48@group-833AA35A7EDE, cid=1992, SUCCESS, logIndex=2905, commits[72f5ceaa-5b3b-4bc7-b846-41895f4ebd48:c2906, b4e1f7d4-4bb4-47ed-a9cb-53483a899fb2:c2904, d3916bce-b37b-4246-83c6-d24846ba1a72:c2904]
2019-07-08 14:21:24,046 INFO  client.GrpcClientProtocolClient (GrpcClientProtocolClient.java:onNext(255)) - client-DE0880F50CF2->72f5ceaa-5b3b-4bc7-b846-41895f4ebd48: receive RaftClientReply:client-DE0880F50CF2->72f5ceaa-5b3b-4bc7-b846-41895f4ebd48@group-833AA35A7EDE, cid=1993, SUCCESS, logIndex=2906, commits[72f5ceaa-5b3b-4bc7-b846-41895f4ebd48:c2906, b4e1f7d4-4bb4-47ed-a9cb-53483a899fb2:c2904, d3916bce-b37b-4246-83c6-d24846ba1a72:c2904]
2019-07-08 14:21:24,059 INFO  client.GrpcClientProtocolClient (GrpcClientProtocolClient.java:onNext(255)) - client-DE0880F50CF2->72f5ceaa-5b3b-4bc7-b846-41895f4ebd48: receive RaftClientReply:client-DE0880F50CF2->72f5ceaa-5b3b-4bc7-b846-41895f4ebd48@group-833AA35A7EDE, cid=1994, SUCCESS, logIndex=2909, commits[72f5ceaa-5b3b-4bc7-b846-41895f4ebd48:c2910, b4e1f7d4-4bb4-47ed-a9cb-53483a899fb2:c2906, d3916bce-b37b-4246-83c6-d24846ba1a72:c2906]
2019-07-08 14:21:24,060 INFO  client.GrpcClientProtocolClient (GrpcClientProtocolClient.java:onNext(255)) - client-DE0880F50CF2->72f5ceaa-5b3b-4bc7-b846-41895f4ebd48: receive RaftClientReply:client-DE0880F50CF2->72f5ceaa-5b3b-4bc7-b846-41895f4ebd48@group-833AA35A7EDE, cid=1995, SUCCESS, logIndex=2910, commits[72f5ceaa-5b3b-4bc7-b846-41895f4ebd48:c2910, b4e1f7d4-4bb4-47ed-a9cb-53483a899fb2:c2906, d3916bce-b37b-4246-83c6-d24846ba1a72:c2906]
2019-07-08 14:21:24,062 INFO  client.GrpcClientProtocolClient (GrpcClientProtocolClient.java:onNext(255)) - client-DE0880F50CF2->72f5ceaa-5b3b-4bc7-b846-41895f4ebd48: receive RaftClientReply:client-DE0880F50CF2->72f5ceaa-5b3b-4bc7-b846-41895f4ebd48@group-833AA35A7EDE, cid=1996, SUCCESS, logIndex=0, commits[72f5ceaa-5b3b-4bc7-b846-41895f4ebd48:c2912, b4e1f7d4-4bb4-47ed-a9cb-53483a899fb2:c2910, d3916bce-b37b-4246-83c6-d24846ba1a72:c2910]
2019-07-08 14:21:24,092 INFO  client.GrpcClientProtocolClient (GrpcClientProtocolClient.java:onNext(255)) - client-DE0880F50CF2->72f5ceaa-5b3b-4bc7-b846-41895f4ebd48: receive RaftClientReply:client-DE0880F50CF2->72f5ceaa-5b3b-4bc7-b846-41895f4ebd48@group-833AA35A7EDE, cid=1997, SUCCESS, logIndex=2913, commits[72f5ceaa-5b3b-4bc7-b846-41895f4ebd48:c2914, b4e1f7d4-4bb4-47ed-a9cb-53483a899fb2:c2912, d3916bce-b37b-4246-83c6-d24846ba1a72:c2912]
2019-07-08 14:21:24,093 INFO  client.GrpcClientProtocolClient (GrpcClientProtocolClient.java:onNext(255)) - client-DE0880F50CF2->72f5ceaa-5b3b-4bc7-b846-41895f4ebd48: receive RaftClientReply:client-DE0880F50CF2->72f5ceaa-5b3b-4bc7-b846-41895f4ebd48@group-833AA35A7EDE, cid=1998, SUCCESS, logIndex=2914, commits[72f5ceaa-5b3b-4bc7-b846-41895f4ebd48:c2916, b4e1f7d4-4bb4-47ed-a9cb-53483a899fb2:c2912, d3916bce-b37b-4246-83c6-d24846ba1a72:c2912]
2019-07-08 14:21:24,093 INFO  client.GrpcClientProtocolClient (GrpcClientProtocolClient.java:onNext(255)) - client-DE0880F50CF2->72f5ceaa-5b3b-4bc7-b846-41895f4ebd48: receive RaftClientReply:client-DE0880F50CF2->72f5ceaa-5b3b-4bc7-b846-41895f4ebd48@group-833AA35A7EDE, cid=1999, SUCCESS, logIndex=2915, commits[72f5ceaa-5b3b-4bc7-b846-41895f4ebd48:c2916, b4e1f7d4-4bb4-47ed-a9cb-53483a899fb2:c2912, d3916bce-b37b-4246-83c6-d24846ba1a72:c2912]
2019-07-08 14:21:24,093 INFO  client.GrpcClientProtocolClient (GrpcClientProtocolClient.java:onNext(255)) - client-DE0880F50CF2->72f5ceaa-5b3b-4bc7-b846-41895f4ebd48: receive RaftClientReply:client-DE0880F50CF2->72f5ceaa-5b3b-4bc7-b846-41895f4ebd48@group-833AA35A7EDE, cid=2000, SUCCESS, logIndex=2916, commits[72f5ceaa-5b3b-4bc7-b846-41895f4ebd48:c2916, b4e1f7d4-4bb4-47ed-a9cb-53483a899fb2:c2912, d3916bce-b37b-4246-83c6-d24846ba1a72:c2912]
2019-07-08 14:21:24,105 INFO  client.GrpcClientProtocolClient (GrpcClientProtocolClient.java:onNext(255)) - client-DE0880F50CF2->72f5ceaa-5b3b-4bc7-b846-41895f4ebd48: receive RaftClientReply:client-DE0880F50CF2->72f5ceaa-5b3b-4bc7-b846-41895f4ebd48@group-833AA35A7EDE, cid=2001, SUCCESS, logIndex=0, commits[72f5ceaa-5b3b-4bc7-b846-41895f4ebd48:c2920, b4e1f7d4-4bb4-47ed-a9cb-53483a899fb2:c2914, d3916bce-b37b-4246-83c6-d24846ba1a72:c2916]
2019-07-08 14:21:24,135 INFO  client.GrpcClientProtocolClient (GrpcClientProtocolClient.java:onNext(255)) - client-DE0880F50CF2->72f5ceaa-5b3b-4bc7-b846-41895f4ebd48: receive RaftClientReply:client-DE0880F50CF2->72f5ceaa-5b3b-4bc7-b846-41895f4ebd48@group-833AA35A7EDE, cid=2002, SUCCESS, logIndex=2921, commits[72f5ceaa-5b3b-4bc7-b846-41895f4ebd48:c2922, b4e1f7d4-4bb4-47ed-a9cb-53483a899fb2:c2920, d3916bce-b37b-4246-83c6-d24846ba1a72:c2920]
2019-07-08 14:21:24,135 INFO  client.GrpcClientProtocolClient (GrpcClientProtocolClient.java:onNext(255)) - client-DE0880F50CF2->72f5ceaa-5b3b-4bc7-b846-41895f4ebd48: receive RaftClientReply:client-DE0880F50CF2->72f5ceaa-5b3b-4bc7-b846-41895f4ebd48@group-833AA35A7EDE, cid=2003, SUCCESS, logIndex=2922, commits[72f5ceaa-5b3b-4bc7-b846-41895f4ebd48:c2922, b4e1f7d4-4bb4-47ed-a9cb-53483a899fb2:c2920, d3916bce-b37b-4246-83c6-d24846ba1a72:c2920]
2019-07-08 14:21:24,164 INFO  client.GrpcClientProtocolClient (GrpcClientProtocolClient.java:onNext(255)) - client-DE0880F50CF2->72f5ceaa-5b3b-4bc7-b846-41895f4ebd48: receive RaftClientReply:client-DE0880F50CF2->72f5ceaa-5b3b-4bc7-b846-41895f4ebd48@group-833AA35A7EDE, cid=2004, SUCCESS, logIndex=2925, commits[72f5ceaa-5b3b-4bc7-b846-41895f4ebd48:c2926, b4e1f7d4-4bb4-47ed-a9cb-53483a899fb2:c2922, d3916bce-b37b-4246-83c6-d24846ba1a72:c2922]
2019-07-08 14:21:24,164 INFO  client.GrpcClientProtocolClient (GrpcClientProtocolClient.java:onNext(255)) - client-DE0880F50CF2->72f5ceaa-5b3b-4bc7-b846-41895f4ebd48: receive RaftClientReply:client-DE0880F50CF2->72f5ceaa-5b3b-4bc7-b846-41895f4ebd48@group-833AA35A7EDE, cid=2005, SUCCESS, logIndex=2926, commits[72f5ceaa-5b3b-4bc7-b846-41895f4ebd48:c2926, b4e1f7d4-4bb4-47ed-a9cb-53483a899fb2:c2922, d3916bce-b37b-4246-83c6-d24846ba1a72:c2922]
2019-07-08 14:21:24,175 INFO  client.GrpcClientProtocolClient (GrpcClientProtocolClient.java:onNext(255)) - client-DE0880F50CF2->72f5ceaa-5b3b-4bc7-b846-41895f4ebd48: receive RaftClientReply:client-DE0880F50CF2->72f5ceaa-5b3b-4bc7-b846-41895f4ebd48@group-833AA35A7EDE, cid=2006, SUCCESS, logIndex=0, commits[72f5ceaa-5b3b-4bc7-b846-41895f4ebd48:c2927, b4e1f7d4-4bb4-47ed-a9cb-53483a899fb2:c2926, d3916bce-b37b-4246-83c6-d24846ba1a72:c2926]
2019-07-08 14:21:24,204 INFO  client.GrpcClientProtocolClient (GrpcClientProtocolClient.java:onNext(255)) - client-DE0880F50CF2->72f5ceaa-5b3b-4bc7-b846-41895f4ebd48: receive RaftClientReply:client-DE0880F50CF2->72f5ceaa-5b3b-4bc7-b846-41895f4ebd48@group-833AA35A7EDE, cid=2007, SUCCESS, logIndex=2929, commits[72f5ceaa-5b3b-4bc7-b846-41895f4ebd48:c2930, b4e1f7d4-4bb4-47ed-a9cb-53483a899fb2:c2928, d3916bce-b37b-4246-83c6-d24846ba1a72:c2928]
2019-07-08 14:21:24,204 INFO  client.GrpcClientProtocolClient (GrpcClientProtocolClient.java:onNext(255)) - client-DE0880F50CF2->72f5ceaa-5b3b-4bc7-b846-41895f4ebd48: receive RaftClientReply:client-DE0880F50CF2->72f5ceaa-5b3b-4bc7-b846-41895f4ebd48@group-833AA35A7EDE, cid=2008, SUCCESS, logIndex=2930, commits[72f5ceaa-5b3b-4bc7-b846-41895f4ebd48:c2930, b4e1f7d4-4bb4-47ed-a9cb-53483a899fb2:c2928, d3916bce-b37b-4246-83c6-d24846ba1a72:c2928]
2019-07-08 14:21:24,215 INFO  client.GrpcClientProtocolClient (GrpcClientProtocolClient.java:onNext(255)) - client-DE0880F50CF2->72f5ceaa-5b3b-4bc7-b846-41895f4ebd48: receive RaftClientReply:client-DE0880F50CF2->72f5ceaa-5b3b-4bc7-b846-41895f4ebd48@group-833AA35A7EDE, cid=2009, SUCCESS, logIndex=2931, commits[72f5ceaa-5b3b-4bc7-b846-41895f4ebd48:c2932, b4e1f7d4-4bb4-47ed-a9cb-53483a899fb2:c2928, d3916bce-b37b-4246-83c6-d24846ba1a72:c2928]
2019-07-08 14:21:24,216 INFO  client.GrpcClientProtocolClient (GrpcClientProtocolClient.java:onNext(255)) - client-DE0880F50CF2->72f5ceaa-5b3b-4bc7-b846-41895f4ebd48: receive RaftClientReply:client-DE0880F50CF2->72f5ceaa-5b3b-4bc7-b846-41895f4ebd48@group-833AA35A7EDE, cid=2010, SUCCESS, logIndex=2932, commits[72f5ceaa-5b3b-4bc7-b846-41895f4ebd48:c2932, b4e1f7d4-4bb4-47ed-a9cb-53483a899fb2:c2928, d3916bce-b37b-4246-83c6-d24846ba1a72:c2928]
2019-07-08 14:21:24,219 INFO  client.GrpcClientProtocolClient (GrpcClientProtocolClient.java:onNext(255)) - client-DE0880F50CF2->72f5ceaa-5b3b-4bc7-b846-41895f4ebd48: receive RaftClientReply:client-DE0880F50CF2->72f5ceaa-5b3b-4bc7-b846-41895f4ebd48@group-833AA35A7EDE, cid=2011, SUCCESS, logIndex=0, commits[72f5ceaa-5b3b-4bc7-b846-41895f4ebd48:c2934, b4e1f7d4-4bb4-47ed-a9cb-53483a899fb2:c2930, d3916bce-b37b-4246-83c6-d24846ba1a72:c2930]
2019-07-08 14:21:24,758 INFO  client.GrpcClientProtocolClient (GrpcClientProtocolClient.java:onNext(255)) - client-DE0880F50CF2->72f5ceaa-5b3b-4bc7-b846-41895f4ebd48: receive RaftClientReply:client-DE0880F50CF2->72f5ceaa-5b3b-4bc7-b846-41895f4ebd48@group-833AA35A7EDE, cid=2012, SUCCESS, logIndex=2937, commits[72f5ceaa-5b3b-4bc7-b846-41895f4ebd48:c2938, b4e1f7d4-4bb4-47ed-a9cb-53483a899fb2:c2936, d3916bce-b37b-4246-83c6-d24846ba1a72:c2936]
2019-07-08 14:21:24,759 INFO  client.GrpcClientProtocolClient (GrpcClientProtocolClient.java:onNext(255)) - client-DE0880F50CF2->72f5ceaa-5b3b-4bc7-b846-41895f4ebd48: receive RaftClientReply:client-DE0880F50CF2->72f5ceaa-5b3b-4bc7-b846-41895f4ebd48@group-833AA35A7EDE, cid=2013, SUCCESS, logIndex=2938, commits[72f5ceaa-5b3b-4bc7-b846-41895f4ebd48:c2938, b4e1f7d4-4bb4-47ed-a9cb-53483a899fb2:c2936, d3916bce-b37b-4246-83c6-d24846ba1a72:c2936]
2019-07-08 14:21:24,783 INFO  client.GrpcClientProtocolClient (GrpcClientProtocolClient.java:onNext(255)) - client-DE0880F50CF2->72f5ceaa-5b3b-4bc7-b846-41895f4ebd48: receive RaftClientReply:client-DE0880F50CF2->72f5ceaa-5b3b-4bc7-b846-41895f4ebd48@group-833AA35A7EDE, cid=2014, SUCCESS, logIndex=2941, commits[72f5ceaa-5b3b-4bc7-b846-41895f4ebd48:c2942, b4e1f7d4-4bb4-47ed-a9cb-53483a899fb2:c2937, d3916bce-b37b-4246-83c6-d24846ba1a72:c2938]
2019-07-08 14:21:24,784 INFO  client.GrpcClientProtocolClient (GrpcClientProtocolClient.java:onNext(255)) - client-DE0880F50CF2->72f5ceaa-5b3b-4bc7-b846-41895f4ebd48: receive RaftClientReply:client-DE0880F50CF2->72f5ceaa-5b3b-4bc7-b846-41895f4ebd48@group-833AA35A7EDE, cid=2015, SUCCESS, logIndex=2942, commits[72f5ceaa-5b3b-4bc7-b846-41895f4ebd48:c2942, b4e1f7d4-4bb4-47ed-a9cb-53483a899fb2:c2938, d3916bce-b37b-4246-83c6-d24846ba1a72:c2938]
2019-07-08 14:21:24,785 INFO  client.GrpcClientProtocolClient (GrpcClientProtocolClient.java:onNext(255)) - client-DE0880F50CF2->72f5ceaa-5b3b-4bc7-b846-41895f4ebd48: receive RaftClientReply:client-DE0880F50CF2->72f5ceaa-5b3b-4bc7-b846-41895f4ebd48@group-833AA35A7EDE, cid=2016, SUCCESS, logIndex=0, commits[72f5ceaa-5b3b-4bc7-b846-41895f4ebd48:c2943, b4e1f7d4-4bb4-47ed-a9cb-53483a899fb2:c2942, d3916bce-b37b-4246-83c6-d24846ba1a72:c2942]
2019-07-08 14:21:24,815 INFO  client.GrpcClientProtocolClient (GrpcClientProtocolClient.java:onNext(255)) - client-DE0880F50CF2->72f5ceaa-5b3b-4bc7-b846-41895f4ebd48: receive RaftClientReply:client-DE0880F50CF2->72f5ceaa-5b3b-4bc7-b846-41895f4ebd48@group-833AA35A7EDE, cid=2017, SUCCESS, logIndex=2945, commits[72f5ceaa-5b3b-4bc7-b846-41895f4ebd48:c2946, b4e1f7d4-4bb4-47ed-a9cb-53483a899fb2:c2944, d3916bce-b37b-4246-83c6-d24846ba1a72:c2944]
2019-07-08 14:21:24,816 INFO  client.GrpcClientProtocolClient (GrpcClientProtocolClient.java:onNext(255)) - client-DE0880F50CF2->72f5ceaa-5b3b-4bc7-b846-41895f4ebd48: receive RaftClientReply:client-DE0880F50CF2->72f5ceaa-5b3b-4bc7-b846-41895f4ebd48@group-833AA35A7EDE, cid=2018, SUCCESS, logIndex=2946, commits[72f5ceaa-5b3b-4bc7-b846-41895f4ebd48:c2946, b4e1f7d4-4bb4-47ed-a9cb-53483a899fb2:c2944, d3916bce-b37b-4246-83c6-d24846ba1a72:c2944]
2019-07-08 14:21:24,816 INFO  client.GrpcClientProtocolClient (GrpcClientProtocolClient.java:onNext(255)) - client-DE0880F50CF2->72f5ceaa-5b3b-4bc7-b846-41895f4ebd48: receive RaftClientReply:client-DE0880F50CF2->72f5ceaa-5b3b-4bc7-b846-41895f4ebd48@group-833AA35A7EDE, cid=2019, SUCCESS, logIndex=2947, commits[72f5ceaa-5b3b-4bc7-b846-41895f4ebd48:c2948, b4e1f7d4-4bb4-47ed-a9cb-53483a899fb2:c2944, d3916bce-b37b-4246-83c6-d24846ba1a72:c2944]
2019-07-08 14:21:24,816 INFO  client.GrpcClientProtocolClient (GrpcClientProtocolClient.java:onNext(255)) - client-DE0880F50CF2->72f5ceaa-5b3b-4bc7-b846-41895f4ebd48: receive RaftClientReply:client-DE0880F50CF2->72f5ceaa-5b3b-4bc7-b846-41895f4ebd48@group-833AA35A7EDE, cid=2020, SUCCESS, logIndex=2948, commits[72f5ceaa-5b3b-4bc7-b846-41895f4ebd48:c2948, b4e1f7d4-4bb4-47ed-a9cb-53483a899fb2:c2944, d3916bce-b37b-4246-83c6-d24846ba1a72:c2944]
2019-07-08 14:21:24,829 INFO  client.GrpcClientProtocolClient (GrpcClientProtocolClient.java:onNext(255)) - client-DE0880F50CF2->72f5ceaa-5b3b-4bc7-b846-41895f4ebd48: receive RaftClientReply:client-DE0880F50CF2->72f5ceaa-5b3b-4bc7-b846-41895f4ebd48@group-833AA35A7EDE, cid=2021, SUCCESS, logIndex=0, commits[72f5ceaa-5b3b-4bc7-b846-41895f4ebd48:c2950, b4e1f7d4-4bb4-47ed-a9cb-53483a899fb2:c2946, d3916bce-b37b-4246-83c6-d24846ba1a72:c2946]
2019-07-08 14:21:24,850 INFO  client.GrpcClientProtocolClient (GrpcClientProtocolClient.java:onNext(255)) - client-DE0880F50CF2->72f5ceaa-5b3b-4bc7-b846-41895f4ebd48: receive RaftClientReply:client-DE0880F50CF2->72f5ceaa-5b3b-4bc7-b846-41895f4ebd48@group-833AA35A7EDE, cid=2022, SUCCESS, logIndex=2953, commits[72f5ceaa-5b3b-4bc7-b846-41895f4ebd48:c2954, b4e1f7d4-4bb4-47ed-a9cb-53483a899fb2:c2952, d3916bce-b37b-4246-83c6-d24846ba1a72:c2952]
2019-07-08 14:21:24,851 INFO  client.GrpcClientProtocolClient (GrpcClientProtocolClient.java:onNext(255)) - client-DE0880F50CF2->72f5ceaa-5b3b-4bc7-b846-41895f4ebd48: receive RaftClientReply:client-DE0880F50CF2->72f5ceaa-5b3b-4bc7-b846-41895f4ebd48@group-833AA35A7EDE, cid=2023, SUCCESS, logIndex=2954, commits[72f5ceaa-5b3b-4bc7-b846-41895f4ebd48:c2954, b4e1f7d4-4bb4-47ed-a9cb-53483a899fb2:c2952, d3916bce-b37b-4246-83c6-d24846ba1a72:c2952]
 0.00% |█                                                                                                    |  0/1 Time: 0:00:192019-07-08 14:21:24,874 INFO  client.GrpcClientProtocolClient (GrpcClientProtocolClient.java:onNext(255)) - client-DE0880F50CF2->72f5ceaa-5b3b-4bc7-b846-41895f4ebd48: receive RaftClientReply:client-DE0880F50CF2->72f5ceaa-5b3b-4bc7-b846-41895f4ebd48@group-833AA35A7EDE, cid=2024, SUCCESS, logIndex=2957, commits[72f5ceaa-5b3b-4bc7-b846-41895f4ebd48:c2958, b4e1f7d4-4bb4-47ed-a9cb-53483a899fb2:c2954, d3916bce-b37b-4246-83c6-d24846ba1a72:c2953]
2019-07-08 14:21:24,874 INFO  client.GrpcClientProtocolClient (GrpcClientProtocolClient.java:onNext(255)) - client-DE0880F50CF2->72f5ceaa-5b3b-4bc7-b846-41895f4ebd48: receive RaftClientReply:client-DE0880F50CF2->72f5ceaa-5b3b-4bc7-b846-41895f4ebd48@group-833AA35A7EDE, cid=2025, SUCCESS, logIndex=2958, commits[72f5ceaa-5b3b-4bc7-b846-41895f4ebd48:c2958, b4e1f7d4-4bb4-47ed-a9cb-53483a899fb2:c2954, d3916bce-b37b-4246-83c6-d24846ba1a72:c2954]
2019-07-08 14:21:24,887 INFO  client.GrpcClientProtocolClient (GrpcClientProtocolClient.java:onNext(255)) - client-DE0880F50CF2->72f5ceaa-5b3b-4bc7-b846-41895f4ebd48: receive RaftClientReply:client-DE0880F50CF2->72f5ceaa-5b3b-4bc7-b846-41895f4ebd48@group-833AA35A7EDE, cid=2026, SUCCESS, logIndex=0, commits[72f5ceaa-5b3b-4bc7-b846-41895f4ebd48:c2960, b4e1f7d4-4bb4-47ed-a9cb-53483a899fb2:c2958, d3916bce-b37b-4246-83c6-d24846ba1a72:c2958]
2019-07-08 14:21:24,923 INFO  client.GrpcClientProtocolClient (GrpcClientProtocolClient.java:onNext(255)) - client-DE0880F50CF2->72f5ceaa-5b3b-4bc7-b846-41895f4ebd48: receive RaftClientReply:client-DE0880F50CF2->72f5ceaa-5b3b-4bc7-b846-41895f4ebd48@group-833AA35A7EDE, cid=2027, SUCCESS, logIndex=2961, commits[72f5ceaa-5b3b-4bc7-b846-41895f4ebd48:c2962, b4e1f7d4-4bb4-47ed-a9cb-53483a899fb2:c2960, d3916bce-b37b-4246-83c6-d24846ba1a72:c2960]
2019-07-08 14:21:24,923 INFO  client.GrpcClientProtocolClient (GrpcClientProtocolClient.java:onNext(255)) - client-DE0880F50CF2->72f5ceaa-5b3b-4bc7-b846-41895f4ebd48: receive RaftClientReply:client-DE0880F50CF2->72f5ceaa-5b3b-4bc7-b846-41895f4ebd48@group-833AA35A7EDE, cid=2028, SUCCESS, logIndex=2962, commits[72f5ceaa-5b3b-4bc7-b846-41895f4ebd48:c2964, b4e1f7d4-4bb4-47ed-a9cb-53483a899fb2:c2960, d3916bce-b37b-4246-83c6-d24846ba1a72:c2960]
2019-07-08 14:21:24,924 INFO  client.GrpcClientProtocolClient (GrpcClientProtocolClient.java:onNext(255)) - client-DE0880F50CF2->72f5ceaa-5b3b-4bc7-b846-41895f4ebd48: receive RaftClientReply:client-DE0880F50CF2->72f5ceaa-5b3b-4bc7-b846-41895f4ebd48@group-833AA35A7EDE, cid=2029, SUCCESS, logIndex=2963, commits[72f5ceaa-5b3b-4bc7-b846-41895f4ebd48:c2964, b4e1f7d4-4bb4-47ed-a9cb-53483a899fb2:c2960, d3916bce-b37b-4246-83c6-d24846ba1a72:c2960]
2019-07-08 14:21:24,924 INFO  client.GrpcClientProtocolClient (GrpcClientProtocolClient.java:onNext(255)) - client-DE0880F50CF2->72f5ceaa-5b3b-4bc7-b846-41895f4ebd48: receive RaftClientReply:client-DE0880F50CF2->72f5ceaa-5b3b-4bc7-b846-41895f4ebd48@group-833AA35A7EDE, cid=2030, SUCCESS, logIndex=2964, commits[72f5ceaa-5b3b-4bc7-b846-41895f4ebd48:c2966, b4e1f7d4-4bb4-47ed-a9cb-53483a899fb2:c2961, d3916bce-b37b-4246-83c6-d24846ba1a72:c2962]
2019-07-08 14:21:24,935 INFO  client.GrpcClientProtocolClient (GrpcClientProtocolClient.java:onNext(255)) - client-DE0880F50CF2->72f5ceaa-5b3b-4bc7-b846-41895f4ebd48: receive RaftClientReply:client-DE0880F50CF2->72f5ceaa-5b3b-4bc7-b846-41895f4ebd48@group-833AA35A7EDE, cid=2031, SUCCESS, logIndex=0, commits[72f5ceaa-5b3b-4bc7-b846-41895f4ebd48:c2966, b4e1f7d4-4bb4-47ed-a9cb-53483a899fb2:c2962, d3916bce-b37b-4246-83c6-d24846ba1a72:c2962]
2019-07-08 14:21:24,947 INFO  client.GrpcClientProtocolClient (GrpcClientProtocolClient.java:onNext(255)) - client-DE0880F50CF2->72f5ceaa-5b3b-4bc7-b846-41895f4ebd48: receive RaftClientReply:client-DE0880F50CF2->72f5ceaa-5b3b-4bc7-b846-41895f4ebd48@group-833AA35A7EDE, cid=2032, SUCCESS, logIndex=2969, commits[72f5ceaa-5b3b-4bc7-b846-41895f4ebd48:c2970, b4e1f7d4-4bb4-47ed-a9cb-53483a899fb2:c2968, d3916bce-b37b-4246-83c6-d24846ba1a72:c2964]
2019-07-08 14:21:24,947 INFO  client.GrpcClientProtocolClient (GrpcClientProtocolClient.java:onNext(255)) - client-DE0880F50CF2->72f5ceaa-5b3b-4bc7-b846-41895f4ebd48: receive RaftClientReply:client-DE0880F50CF2->72f5ceaa-5b3b-4bc7-b846-41895f4ebd48@group-833AA35A7EDE, cid=2033, SUCCESS, logIndex=2970, commits[72f5ceaa-5b3b-4bc7-b846-41895f4ebd48:c2970, b4e1f7d4-4bb4-47ed-a9cb-53483a899fb2:c2968, d3916bce-b37b-4246-83c6-d24846ba1a72:c2968]
2019-07-08 14:21:24,960 INFO  client.GrpcClientProtocolClient (GrpcClientProtocolClient.java:onNext(255)) - client-DE0880F50CF2->72f5ceaa-5b3b-4bc7-b846-41895f4ebd48: receive RaftClientReply:client-DE0880F50CF2->72f5ceaa-5b3b-4bc7-b846-41895f4ebd48@group-833AA35A7EDE, cid=2034, SUCCESS, logIndex=2973, commits[72f5ceaa-5b3b-4bc7-b846-41895f4ebd48:c2974, b4e1f7d4-4bb4-47ed-a9cb-53483a899fb2:c2970, d3916bce-b37b-4246-83c6-d24846ba1a72:c2972]
2019-07-08 14:21:24,960 INFO  client.GrpcClientProtocolClient (GrpcClientProtocolClient.java:onNext(255)) - client-DE0880F50CF2->72f5ceaa-5b3b-4bc7-b846-41895f4ebd48: receive RaftClientReply:client-DE0880F50CF2->72f5ceaa-5b3b-4bc7-b846-41895f4ebd48@group-833AA35A7EDE, cid=2035, SUCCESS, logIndex=2974, commits[72f5ceaa-5b3b-4bc7-b846-41895f4ebd48:c2974, b4e1f7d4-4bb4-47ed-a9cb-53483a899fb2:c2972, d3916bce-b37b-4246-83c6-d24846ba1a72:c2972]
2019-07-08 14:21:24,965 INFO  client.GrpcClientProtocolClient (GrpcClientProtocolClient.java:onNext(255)) - client-DE0880F50CF2->72f5ceaa-5b3b-4bc7-b846-41895f4ebd48: receive RaftClientReply:client-DE0880F50CF2->72f5ceaa-5b3b-4bc7-b846-41895f4ebd48@group-833AA35A7EDE, cid=2036, SUCCESS, logIndex=0, commits[72f5ceaa-5b3b-4bc7-b846-41895f4ebd48:c2976, b4e1f7d4-4bb4-47ed-a9cb-53483a899fb2:c2974, d3916bce-b37b-4246-83c6-d24846ba1a72:c2974]
2019-07-08 14:21:24,986 INFO  client.GrpcClientProtocolClient (GrpcClientProtocolClient.java:onNext(255)) - client-DE0880F50CF2->72f5ceaa-5b3b-4bc7-b846-41895f4ebd48: receive RaftClientReply:client-DE0880F50CF2->72f5ceaa-5b3b-4bc7-b846-41895f4ebd48@group-833AA35A7EDE, cid=2037, SUCCESS, logIndex=2977, commits[72f5ceaa-5b3b-4bc7-b846-41895f4ebd48:c2978, b4e1f7d4-4bb4-47ed-a9cb-53483a899fb2:c2974, d3916bce-b37b-4246-83c6-d24846ba1a72:c2976]
2019-07-08 14:21:24,988 INFO  client.GrpcClientProtocolClient (GrpcClientProtocolClient.java:onNext(255)) - client-DE0880F50CF2->72f5ceaa-5b3b-4bc7-b846-41895f4ebd48: receive RaftClientReply:client-DE0880F50CF2->72f5ceaa-5b3b-4bc7-b846-41895f4ebd48@group-833AA35A7EDE, cid=2038, SUCCESS, logIndex=2978, commits[72f5ceaa-5b3b-4bc7-b846-41895f4ebd48:c2978, b4e1f7d4-4bb4-47ed-a9cb-53483a899fb2:c2974, d3916bce-b37b-4246-83c6-d24846ba1a72:c2976]
2019-07-08 14:21:24,988 INFO  client.GrpcClientProtocolClient (GrpcClientProtocolClient.java:onNext(255)) - client-DE0880F50CF2->72f5ceaa-5b3b-4bc7-b846-41895f4ebd48: receive RaftClientReply:client-DE0880F50CF2->72f5ceaa-5b3b-4bc7-b846-41895f4ebd48@group-833AA35A7EDE, cid=2039, SUCCESS, logIndex=2979, commits[72f5ceaa-5b3b-4bc7-b846-41895f4ebd48:c2981, b4e1f7d4-4bb4-47ed-a9cb-53483a899fb2:c2976, d3916bce-b37b-4246-83c6-d24846ba1a72:c2978]
2019-07-08 14:21:24,988 INFO  client.GrpcClientProtocolClient (GrpcClientProtocolClient.java:onNext(255)) - client-DE0880F50CF2->72f5ceaa-5b3b-4bc7-b846-41895f4ebd48: receive RaftClientReply:client-DE0880F50CF2->72f5ceaa-5b3b-4bc7-b846-41895f4ebd48@group-833AA35A7EDE, cid=2040, SUCCESS, logIndex=2980, commits[72f5ceaa-5b3b-4bc7-b846-41895f4ebd48:c2981, b4e1f7d4-4bb4-47ed-a9cb-53483a899fb2:c2976, d3916bce-b37b-4246-83c6-d24846ba1a72:c2978]
2019-07-08 14:21:24,990 INFO  client.GrpcClientProtocolClient (GrpcClientProtocolClient.java:onNext(255)) - client-DE0880F50CF2->72f5ceaa-5b3b-4bc7-b846-41895f4ebd48: receive RaftClientReply:client-DE0880F50CF2->72f5ceaa-5b3b-4bc7-b846-41895f4ebd48@group-833AA35A7EDE, cid=2041, SUCCESS, logIndex=0, commits[72f5ceaa-5b3b-4bc7-b846-41895f4ebd48:c2982, b4e1f7d4-4bb4-47ed-a9cb-53483a899fb2:c2978, d3916bce-b37b-4246-83c6-d24846ba1a72:c2978]
2019-07-08 14:21:25,002 INFO  client.GrpcClientProtocolClient (GrpcClientProtocolClient.java:onNext(255)) - client-DE0880F50CF2->72f5ceaa-5b3b-4bc7-b846-41895f4ebd48: receive RaftClientReply:client-DE0880F50CF2->72f5ceaa-5b3b-4bc7-b846-41895f4ebd48@group-833AA35A7EDE, cid=2042, SUCCESS, logIndex=2985, commits[72f5ceaa-5b3b-4bc7-b846-41895f4ebd48:c2986, b4e1f7d4-4bb4-47ed-a9cb-53483a899fb2:c2984, d3916bce-b37b-4246-83c6-d24846ba1a72:c2980]
2019-07-08 14:21:25,003 INFO  client.GrpcClientProtocolClient (GrpcClientProtocolClient.java:onNext(255)) - client-DE0880F50CF2->72f5ceaa-5b3b-4bc7-b846-41895f4ebd48: receive RaftClientReply:client-DE0880F50CF2->72f5ceaa-5b3b-4bc7-b846-41895f4ebd48@group-833AA35A7EDE, cid=2043, SUCCESS, logIndex=2986, commits[72f5ceaa-5b3b-4bc7-b846-41895f4ebd48:c2986, b4e1f7d4-4bb4-47ed-a9cb-53483a899fb2:c2984, d3916bce-b37b-4246-83c6-d24846ba1a72:c2980]
2019-07-08 14:21:25,037 INFO  client.GrpcClientProtocolClient (GrpcClientProtocolClient.java:onNext(255)) - client-DE0880F50CF2->72f5ceaa-5b3b-4bc7-b846-41895f4ebd48: receive RaftClientReply:client-DE0880F50CF2->72f5ceaa-5b3b-4bc7-b846-41895f4ebd48@group-833AA35A7EDE, cid=2044, SUCCESS, logIndex=2989, commits[72f5ceaa-5b3b-4bc7-b846-41895f4ebd48:c2990, b4e1f7d4-4bb4-47ed-a9cb-53483a899fb2:c2988, d3916bce-b37b-4246-83c6-d24846ba1a72:c2988]
2019-07-08 14:21:25,038 INFO  client.GrpcClientProtocolClient (GrpcClientProtocolClient.java:onNext(255)) - client-DE0880F50CF2->72f5ceaa-5b3b-4bc7-b846-41895f4ebd48: receive RaftClientReply:client-DE0880F50CF2->72f5ceaa-5b3b-4bc7-b846-41895f4ebd48@group-833AA35A7EDE, cid=2045, SUCCESS, logIndex=2990, commits[72f5ceaa-5b3b-4bc7-b846-41895f4ebd48:c2990, b4e1f7d4-4bb4-47ed-a9cb-53483a899fb2:c2988, d3916bce-b37b-4246-83c6-d24846ba1a72:c2988]
2019-07-08 14:21:25,049 INFO  client.GrpcClientProtocolClient (GrpcClientProtocolClient.java:onNext(255)) - client-DE0880F50CF2->72f5ceaa-5b3b-4bc7-b846-41895f4ebd48: receive RaftClientReply:client-DE0880F50CF2->72f5ceaa-5b3b-4bc7-b846-41895f4ebd48@group-833AA35A7EDE, cid=2046, SUCCESS, logIndex=0, commits[72f5ceaa-5b3b-4bc7-b846-41895f4ebd48:c2991, b4e1f7d4-4bb4-47ed-a9cb-53483a899fb2:c2990, d3916bce-b37b-4246-83c6-d24846ba1a72:c2990]
2019-07-08 14:21:25,076 INFO  client.GrpcClientProtocolClient (GrpcClientProtocolClient.java:onNext(255)) - client-DE0880F50CF2->72f5ceaa-5b3b-4bc7-b846-41895f4ebd48: receive RaftClientReply:client-DE0880F50CF2->72f5ceaa-5b3b-4bc7-b846-41895f4ebd48@group-833AA35A7EDE, cid=2047, SUCCESS, logIndex=2993, commits[72f5ceaa-5b3b-4bc7-b846-41895f4ebd48:c2994, b4e1f7d4-4bb4-47ed-a9cb-53483a899fb2:c2992, d3916bce-b37b-4246-83c6-d24846ba1a72:c2992]
2019-07-08 14:21:25,076 INFO  client.GrpcClientProtocolClient (GrpcClientProtocolClient.java:onNext(255)) - client-DE0880F50CF2->72f5ceaa-5b3b-4bc7-b846-41895f4ebd48: receive RaftClientReply:client-DE0880F50CF2->72f5ceaa-5b3b-4bc7-b846-41895f4ebd48@group-833AA35A7EDE, cid=2048, SUCCESS, logIndex=2994, commits[72f5ceaa-5b3b-4bc7-b846-41895f4ebd48:c2994, b4e1f7d4-4bb4-47ed-a9cb-53483a899fb2:c2992, d3916bce-b37b-4246-83c6-d24846ba1a72:c2992]
2019-07-08 14:21:25,077 INFO  client.GrpcClientProtocolClient (GrpcClientProtocolClient.java:onNext(255)) - client-DE0880F50CF2->72f5ceaa-5b3b-4bc7-b846-41895f4ebd48: receive RaftClientReply:client-DE0880F50CF2->72f5ceaa-5b3b-4bc7-b846-41895f4ebd48@group-833AA35A7EDE, cid=2049, SUCCESS, logIndex=2995, commits[72f5ceaa-5b3b-4bc7-b846-41895f4ebd48:c2996, b4e1f7d4-4bb4-47ed-a9cb-53483a899fb2:c2992, d3916bce-b37b-4246-83c6-d24846ba1a72:c2992]
2019-07-08 14:21:25,077 INFO  client.GrpcClientProtocolClient (GrpcClientProtocolClient.java:onNext(255)) - client-DE0880F50CF2->72f5ceaa-5b3b-4bc7-b846-41895f4ebd48: receive RaftClientReply:client-DE0880F50CF2->72f5ceaa-5b3b-4bc7-b846-41895f4ebd48@group-833AA35A7EDE, cid=2050, SUCCESS, logIndex=2996, commits[72f5ceaa-5b3b-4bc7-b846-41895f4ebd48:c2996, b4e1f7d4-4bb4-47ed-a9cb-53483a899fb2:c2992, d3916bce-b37b-4246-83c6-d24846ba1a72:c2992]
2019-07-08 14:21:25,090 INFO  client.GrpcClientProtocolClient (GrpcClientProtocolClient.java:onNext(255)) - client-DE0880F50CF2->72f5ceaa-5b3b-4bc7-b846-41895f4ebd48: receive RaftClientReply:client-DE0880F50CF2->72f5ceaa-5b3b-4bc7-b846-41895f4ebd48@group-833AA35A7EDE, cid=2051, SUCCESS, logIndex=0, commits[72f5ceaa-5b3b-4bc7-b846-41895f4ebd48:c2998, b4e1f7d4-4bb4-47ed-a9cb-53483a899fb2:c2994, d3916bce-b37b-4246-83c6-d24846ba1a72:c2994]
2019-07-08 14:21:25,112 INFO  client.GrpcClientProtocolClient (GrpcClientProtocolClient.java:onNext(255)) - client-DE0880F50CF2->72f5ceaa-5b3b-4bc7-b846-41895f4ebd48: receive RaftClientReply:client-DE0880F50CF2->72f5ceaa-5b3b-4bc7-b846-41895f4ebd48@group-833AA35A7EDE, cid=2052, SUCCESS, logIndex=3001, commits[72f5ceaa-5b3b-4bc7-b846-41895f4ebd48:c3002, b4e1f7d4-4bb4-47ed-a9cb-53483a899fb2:c3000, d3916bce-b37b-4246-83c6-d24846ba1a72:c3000]
2019-07-08 14:21:25,112 INFO  client.GrpcClientProtocolClient (GrpcClientProtocolClient.java:onNext(255)) - client-DE0880F50CF2->72f5ceaa-5b3b-4bc7-b846-41895f4ebd48: receive RaftClientReply:client-DE0880F50CF2->72f5ceaa-5b3b-4bc7-b846-41895f4ebd48@group-833AA35A7EDE, cid=2053, SUCCESS, logIndex=3002, commits[72f5ceaa-5b3b-4bc7-b846-41895f4ebd48:c3002, b4e1f7d4-4bb4-47ed-a9cb-53483a899fb2:c3000, d3916bce-b37b-4246-83c6-d24846ba1a72:c3000]
2019-07-08 14:21:25,125 INFO  client.GrpcClientProtocolClient (GrpcClientProtocolClient.java:onNext(255)) - client-DE0880F50CF2->72f5ceaa-5b3b-4bc7-b846-41895f4ebd48: receive RaftClientReply:client-DE0880F50CF2->72f5ceaa-5b3b-4bc7-b846-41895f4ebd48@group-833AA35A7EDE, cid=2054, SUCCESS, logIndex=3005, commits[72f5ceaa-5b3b-4bc7-b846-41895f4ebd48:c3006, b4e1f7d4-4bb4-47ed-a9cb-53483a899fb2:c3002, d3916bce-b37b-4246-83c6-d24846ba1a72:c3002]
2019-07-08 14:21:25,125 INFO  client.GrpcClientProtocolClient (GrpcClientProtocolClient.java:onNext(255)) - client-DE0880F50CF2->72f5ceaa-5b3b-4bc7-b846-41895f4ebd48: receive RaftClientReply:client-DE0880F50CF2->72f5ceaa-5b3b-4bc7-b846-41895f4ebd48@group-833AA35A7EDE, cid=2055, SUCCESS, logIndex=3006, commits[72f5ceaa-5b3b-4bc7-b846-41895f4ebd48:c3006, b4e1f7d4-4bb4-47ed-a9cb-53483a899fb2:c3002, d3916bce-b37b-4246-83c6-d24846ba1a72:c3002]
2019-07-08 14:21:25,139 INFO  client.GrpcClientProtocolClient (GrpcClientProtocolClient.java:onNext(255)) - client-DE0880F50CF2->72f5ceaa-5b3b-4bc7-b846-41895f4ebd48: receive RaftClientReply:client-DE0880F50CF2->72f5ceaa-5b3b-4bc7-b846-41895f4ebd48@group-833AA35A7EDE, cid=2056, SUCCESS, logIndex=0, commits[72f5ceaa-5b3b-4bc7-b846-41895f4ebd48:c3008, b4e1f7d4-4bb4-47ed-a9cb-53483a899fb2:c3006, d3916bce-b37b-4246-83c6-d24846ba1a72:c3006]
2019-07-08 14:21:25,168 INFO  client.GrpcClientProtocolClient (GrpcClientProtocolClient.java:onNext(255)) - client-DE0880F50CF2->72f5ceaa-5b3b-4bc7-b846-41895f4ebd48: receive RaftClientReply:client-DE0880F50CF2->72f5ceaa-5b3b-4bc7-b846-41895f4ebd48@group-833AA35A7EDE, cid=2057, SUCCESS, logIndex=3009, commits[72f5ceaa-5b3b-4bc7-b846-41895f4ebd48:c3010, b4e1f7d4-4bb4-47ed-a9cb-53483a899fb2:c3008, d3916bce-b37b-4246-83c6-d24846ba1a72:c3008]
2019-07-08 14:21:25,169 INFO  client.GrpcClientProtocolClient (GrpcClientProtocolClient.java:onNext(255)) - client-DE0880F50CF2->72f5ceaa-5b3b-4bc7-b846-41895f4ebd48: receive RaftClientReply:client-DE0880F50CF2->72f5ceaa-5b3b-4bc7-b846-41895f4ebd48@group-833AA35A7EDE, cid=2058, SUCCESS, logIndex=3010, commits[72f5ceaa-5b3b-4bc7-b846-41895f4ebd48:c3010, b4e1f7d4-4bb4-47ed-a9cb-53483a899fb2:c3008, d3916bce-b37b-4246-83c6-d24846ba1a72:c3008]
2019-07-08 14:21:25,171 INFO  client.GrpcClientProtocolClient (GrpcClientProtocolClient.java:onNext(255)) - client-DE0880F50CF2->72f5ceaa-5b3b-4bc7-b846-41895f4ebd48: receive RaftClientReply:client-DE0880F50CF2->72f5ceaa-5b3b-4bc7-b846-41895f4ebd48@group-833AA35A7EDE, cid=2059, SUCCESS, logIndex=3011, commits[72f5ceaa-5b3b-4bc7-b846-41895f4ebd48:c3012, b4e1f7d4-4bb4-47ed-a9cb-53483a899fb2:c3008, d3916bce-b37b-4246-83c6-d24846ba1a72:c3008]
2019-07-08 14:21:25,172 INFO  client.GrpcClientProtocolClient (GrpcClientProtocolClient.java:onNext(255)) - client-DE0880F50CF2->72f5ceaa-5b3b-4bc7-b846-41895f4ebd48: receive RaftClientReply:client-DE0880F50CF2->72f5ceaa-5b3b-4bc7-b846-41895f4ebd48@group-833AA35A7EDE, cid=2060, SUCCESS, logIndex=3012, commits[72f5ceaa-5b3b-4bc7-b846-41895f4ebd48:c3012, b4e1f7d4-4bb4-47ed-a9cb-53483a899fb2:c3008, d3916bce-b37b-4246-83c6-d24846ba1a72:c3008]
2019-07-08 14:21:25,182 INFO  client.GrpcClientProtocolClient (GrpcClientProtocolClient.java:onNext(255)) - client-DE0880F50CF2->72f5ceaa-5b3b-4bc7-b846-41895f4ebd48: receive RaftClientReply:client-DE0880F50CF2->72f5ceaa-5b3b-4bc7-b846-41895f4ebd48@group-833AA35A7EDE, cid=2061, SUCCESS, logIndex=0, commits[72f5ceaa-5b3b-4bc7-b846-41895f4ebd48:c3014, b4e1f7d4-4bb4-47ed-a9cb-53483a899fb2:c3010, d3916bce-b37b-4246-83c6-d24846ba1a72:c3010]
2019-07-08 14:21:25,203 INFO  client.GrpcClientProtocolClient (GrpcClientProtocolClient.java:onNext(255)) - client-DE0880F50CF2->72f5ceaa-5b3b-4bc7-b846-41895f4ebd48: receive RaftClientReply:client-DE0880F50CF2->72f5ceaa-5b3b-4bc7-b846-41895f4ebd48@group-833AA35A7EDE, cid=2062, SUCCESS, logIndex=3017, commits[72f5ceaa-5b3b-4bc7-b846-41895f4ebd48:c3018, b4e1f7d4-4bb4-47ed-a9cb-53483a899fb2:c3016, d3916bce-b37b-4246-83c6-d24846ba1a72:c3016]
2019-07-08 14:21:25,203 INFO  client.GrpcClientProtocolClient (GrpcClientProtocolClient.java:onNext(255)) - client-DE0880F50CF2->72f5ceaa-5b3b-4bc7-b846-41895f4ebd48: receive RaftClientReply:client-DE0880F50CF2->72f5ceaa-5b3b-4bc7-b846-41895f4ebd48@group-833AA35A7EDE, cid=2063, SUCCESS, logIndex=3018, commits[72f5ceaa-5b3b-4bc7-b846-41895f4ebd48:c3018, b4e1f7d4-4bb4-47ed-a9cb-53483a899fb2:c3016, d3916bce-b37b-4246-83c6-d24846ba1a72:c3016]
2019-07-08 14:21:25,217 INFO  client.GrpcClientProtocolClient (GrpcClientProtocolClient.java:onNext(255)) - client-DE0880F50CF2->72f5ceaa-5b3b-4bc7-b846-41895f4ebd48: receive RaftClientReply:client-DE0880F50CF2->72f5ceaa-5b3b-4bc7-b846-41895f4ebd48@group-833AA35A7EDE, cid=2064, SUCCESS, logIndex=3021, commits[72f5ceaa-5b3b-4bc7-b846-41895f4ebd48:c3022, b4e1f7d4-4bb4-47ed-a9cb-53483a899fb2:c3018, d3916bce-b37b-4246-83c6-d24846ba1a72:c3017]
2019-07-08 14:21:25,217 INFO  client.GrpcClientProtocolClient (GrpcClientProtocolClient.java:onNext(255)) - client-DE0880F50CF2->72f5ceaa-5b3b-4bc7-b846-41895f4ebd48: receive RaftClientReply:client-DE0880F50CF2->72f5ceaa-5b3b-4bc7-b846-41895f4ebd48@group-833AA35A7EDE, cid=2065, SUCCESS, logIndex=3022, commits[72f5ceaa-5b3b-4bc7-b846-41895f4ebd48:c3022, b4e1f7d4-4bb4-47ed-a9cb-53483a899fb2:c3018, d3916bce-b37b-4246-83c6-d24846ba1a72:c3017]
2019-07-08 14:21:25,218 INFO  client.GrpcClientProtocolClient (GrpcClientProtocolClient.java:onNext(255)) - client-DE0880F50CF2->72f5ceaa-5b3b-4bc7-b846-41895f4ebd48: receive RaftClientReply:client-DE0880F50CF2->72f5ceaa-5b3b-4bc7-b846-41895f4ebd48@group-833AA35A7EDE, cid=2066, SUCCESS, logIndex=0, commits[72f5ceaa-5b3b-4bc7-b846-41895f4ebd48:c3022, b4e1f7d4-4bb4-47ed-a9cb-53483a899fb2:c3018, d3916bce-b37b-4246-83c6-d24846ba1a72:c3018]
2019-07-08 14:21:25,220 INFO  client.GrpcClientProtocolClient (GrpcClientProtocolClient.java:onNext(255)) - client-DE0880F50CF2->72f5ceaa-5b3b-4bc7-b846-41895f4ebd48: receive RaftClientReply:client-DE0880F50CF2->72f5ceaa-5b3b-4bc7-b846-41895f4ebd48@group-833AA35A7EDE, cid=2067, SUCCESS, logIndex=0, commits[72f5ceaa-5b3b-4bc7-b846-41895f4ebd48:c3024, b4e1f7d4-4bb4-47ed-a9cb-53483a899fb2:c3022, d3916bce-b37b-4246-83c6-d24846ba1a72:c3022]
2019-07-08 14:21:25,251 INFO  client.GrpcClientProtocolClient (GrpcClientProtocolClient.java:onNext(255)) - client-DE0880F50CF2->72f5ceaa-5b3b-4bc7-b846-41895f4ebd48: receive RaftClientReply:client-DE0880F50CF2->72f5ceaa-5b3b-4bc7-b846-41895f4ebd48@group-833AA35A7EDE, cid=2068, SUCCESS, logIndex=3025, commits[72f5ceaa-5b3b-4bc7-b846-41895f4ebd48:c3026, b4e1f7d4-4bb4-47ed-a9cb-53483a899fb2:c3024, d3916bce-b37b-4246-83c6-d24846ba1a72:c3022]
2019-07-08 14:21:25,254 INFO  client.GrpcClientProtocolClient (GrpcClientProtocolClient.java:onNext(255)) - client-DE0880F50CF2->72f5ceaa-5b3b-4bc7-b846-41895f4ebd48: receive RaftClientReply:client-DE0880F50CF2->72f5ceaa-5b3b-4bc7-b846-41895f4ebd48@group-833AA35A7EDE, cid=2069, SUCCESS, logIndex=3026, commits[72f5ceaa-5b3b-4bc7-b846-41895f4ebd48:c3028, b4e1f7d4-4bb4-47ed-a9cb-53483a899fb2:c3024, d3916bce-b37b-4246-83c6-d24846ba1a72:c3022]
2019-07-08 14:21:25,255 INFO  client.GrpcClientProtocolClient (GrpcClientProtocolClient.java:onNext(255)) - client-DE0880F50CF2->72f5ceaa-5b3b-4bc7-b846-41895f4ebd48: receive RaftClientReply:client-DE0880F50CF2->72f5ceaa-5b3b-4bc7-b846-41895f4ebd48@group-833AA35A7EDE, cid=2070, SUCCESS, logIndex=3027, commits[72f5ceaa-5b3b-4bc7-b846-41895f4ebd48:c3028, b4e1f7d4-4bb4-47ed-a9cb-53483a899fb2:c3024, d3916bce-b37b-4246-83c6-d24846ba1a72:c3022]
2019-07-08 14:21:25,256 INFO  client.GrpcClientProtocolClient (GrpcClientProtocolClient.java:onNext(255)) - client-DE0880F50CF2->72f5ceaa-5b3b-4bc7-b846-41895f4ebd48: receive RaftClientReply:client-DE0880F50CF2->72f5ceaa-5b3b-4bc7-b846-41895f4ebd48@group-833AA35A7EDE, cid=2071, SUCCESS, logIndex=3028, commits[72f5ceaa-5b3b-4bc7-b846-41895f4ebd48:c3028, b4e1f7d4-4bb4-47ed-a9cb-53483a899fb2:c3024, d3916bce-b37b-4246-83c6-d24846ba1a72:c3024]
2019-07-08 14:21:25,257 INFO  client.GrpcClientProtocolClient (GrpcClientProtocolClient.java:onNext(255)) - client-DE0880F50CF2->72f5ceaa-5b3b-4bc7-b846-41895f4ebd48: receive RaftClientReply:client-DE0880F50CF2->72f5ceaa-5b3b-4bc7-b846-41895f4ebd48@group-833AA35A7EDE, cid=2072, SUCCESS, logIndex=0, commits[72f5ceaa-5b3b-4bc7-b846-41895f4ebd48:c3029, b4e1f7d4-4bb4-47ed-a9cb-53483a899fb2:c3026, d3916bce-b37b-4246-83c6-d24846ba1a72:c3026]
2019-07-08 14:21:25,269 INFO  client.GrpcClientProtocolClient (GrpcClientProtocolClient.java:onNext(255)) - client-DE0880F50CF2->72f5ceaa-5b3b-4bc7-b846-41895f4ebd48: receive RaftClientReply:client-DE0880F50CF2->72f5ceaa-5b3b-4bc7-b846-41895f4ebd48@group-833AA35A7EDE, cid=2073, SUCCESS, logIndex=3033, commits[72f5ceaa-5b3b-4bc7-b846-41895f4ebd48:c3034, b4e1f7d4-4bb4-47ed-a9cb-53483a899fb2:c3032, d3916bce-b37b-4246-83c6-d24846ba1a72:c3028]
2019-07-08 14:21:25,269 INFO  client.GrpcClientProtocolClient (GrpcClientProtocolClient.java:onNext(255)) - client-DE0880F50CF2->72f5ceaa-5b3b-4bc7-b846-41895f4ebd48: receive RaftClientReply:client-DE0880F50CF2->72f5ceaa-5b3b-4bc7-b846-41895f4ebd48@group-833AA35A7EDE, cid=2074, SUCCESS, logIndex=3034, commits[72f5ceaa-5b3b-4bc7-b846-41895f4ebd48:c3034, b4e1f7d4-4bb4-47ed-a9cb-53483a899fb2:c3032, d3916bce-b37b-4246-83c6-d24846ba1a72:c3032]
2019-07-08 14:21:25,302 INFO  client.GrpcClientProtocolClient (GrpcClientProtocolClient.java:onNext(255)) - client-DE0880F50CF2->72f5ceaa-5b3b-4bc7-b846-41895f4ebd48: receive RaftClientReply:client-DE0880F50CF2->72f5ceaa-5b3b-4bc7-b846-41895f4ebd48@group-833AA35A7EDE, cid=2075, SUCCESS, logIndex=3037, commits[72f5ceaa-5b3b-4bc7-b846-41895f4ebd48:c3038, b4e1f7d4-4bb4-47ed-a9cb-53483a899fb2:c3036, d3916bce-b37b-4246-83c6-d24846ba1a72:c3034]
2019-07-08 14:21:25,302 INFO  client.GrpcClientProtocolClient (GrpcClientProtocolClient.java:onNext(255)) - client-DE0880F50CF2->72f5ceaa-5b3b-4bc7-b846-41895f4ebd48: receive RaftClientReply:client-DE0880F50CF2->72f5ceaa-5b3b-4bc7-b846-41895f4ebd48@group-833AA35A7EDE, cid=2076, SUCCESS, logIndex=3038, commits[72f5ceaa-5b3b-4bc7-b846-41895f4ebd48:c3038, b4e1f7d4-4bb4-47ed-a9cb-53483a899fb2:c3036, d3916bce-b37b-4246-83c6-d24846ba1a72:c3036]
2019-07-08 14:21:25,303 INFO  client.GrpcClientProtocolClient (GrpcClientProtocolClient.java:onNext(255)) - client-DE0880F50CF2->72f5ceaa-5b3b-4bc7-b846-41895f4ebd48: receive RaftClientReply:client-DE0880F50CF2->72f5ceaa-5b3b-4bc7-b846-41895f4ebd48@group-833AA35A7EDE, cid=2077, SUCCESS, logIndex=0, commits[72f5ceaa-5b3b-4bc7-b846-41895f4ebd48:c3039, b4e1f7d4-4bb4-47ed-a9cb-53483a899fb2:c3038, d3916bce-b37b-4246-83c6-d24846ba1a72:c3038]
2019-07-08 14:21:25,338 INFO  client.GrpcClientProtocolClient (GrpcClientProtocolClient.java:onNext(255)) - client-DE0880F50CF2->72f5ceaa-5b3b-4bc7-b846-41895f4ebd48: receive RaftClientReply:client-DE0880F50CF2->72f5ceaa-5b3b-4bc7-b846-41895f4ebd48@group-833AA35A7EDE, cid=2078, SUCCESS, logIndex=3041, commits[72f5ceaa-5b3b-4bc7-b846-41895f4ebd48:c3042, b4e1f7d4-4bb4-47ed-a9cb-53483a899fb2:c3040, d3916bce-b37b-4246-83c6-d24846ba1a72:c3040]
2019-07-08 14:21:25,339 INFO  client.GrpcClientProtocolClient (GrpcClientProtocolClient.java:onNext(255)) - client-DE0880F50CF2->72f5ceaa-5b3b-4bc7-b846-41895f4ebd48: receive RaftClientReply:client-DE0880F50CF2->72f5ceaa-5b3b-4bc7-b846-41895f4ebd48@group-833AA35A7EDE, cid=2079, SUCCESS, logIndex=3042, commits[72f5ceaa-5b3b-4bc7-b846-41895f4ebd48:c3042, b4e1f7d4-4bb4-47ed-a9cb-53483a899fb2:c3040, d3916bce-b37b-4246-83c6-d24846ba1a72:c3040]
2019-07-08 14:21:25,340 INFO  client.GrpcClientProtocolClient (GrpcClientProtocolClient.java:onNext(255)) - client-DE0880F50CF2->72f5ceaa-5b3b-4bc7-b846-41895f4ebd48: receive RaftClientReply:client-DE0880F50CF2->72f5ceaa-5b3b-4bc7-b846-41895f4ebd48@group-833AA35A7EDE, cid=2080, SUCCESS, logIndex=3043, commits[72f5ceaa-5b3b-4bc7-b846-41895f4ebd48:c3044, b4e1f7d4-4bb4-47ed-a9cb-53483a899fb2:c3040, d3916bce-b37b-4246-83c6-d24846ba1a72:c3040]
2019-07-08 14:21:25,340 INFO  client.GrpcClientProtocolClient (GrpcClientProtocolClient.java:onNext(255)) - client-DE0880F50CF2->72f5ceaa-5b3b-4bc7-b846-41895f4ebd48: receive RaftClientReply:client-DE0880F50CF2->72f5ceaa-5b3b-4bc7-b846-41895f4ebd48@group-833AA35A7EDE, cid=2081, SUCCESS, logIndex=3044, commits[72f5ceaa-5b3b-4bc7-b846-41895f4ebd48:c3044, b4e1f7d4-4bb4-47ed-a9cb-53483a899fb2:c3040, d3916bce-b37b-4246-83c6-d24846ba1a72:c3040]
2019-07-08 14:21:25,345 INFO  client.GrpcClientProtocolClient (GrpcClientProtocolClient.java:onNext(255)) - client-DE0880F50CF2->72f5ceaa-5b3b-4bc7-b846-41895f4ebd48: receive RaftClientReply:client-DE0880F50CF2->72f5ceaa-5b3b-4bc7-b846-41895f4ebd48@group-833AA35A7EDE, cid=2082, SUCCESS, logIndex=0, commits[72f5ceaa-5b3b-4bc7-b846-41895f4ebd48:c3048, b4e1f7d4-4bb4-47ed-a9cb-53483a899fb2:c3042, d3916bce-b37b-4246-83c6-d24846ba1a72:c3044]
2019-07-08 14:21:25,366 INFO  client.GrpcClientProtocolClient (GrpcClientProtocolClient.java:onNext(255)) - client-DE0880F50CF2->72f5ceaa-5b3b-4bc7-b846-41895f4ebd48: receive RaftClientReply:client-DE0880F50CF2->72f5ceaa-5b3b-4bc7-b846-41895f4ebd48@group-833AA35A7EDE, cid=2083, SUCCESS, logIndex=3049, commits[72f5ceaa-5b3b-4bc7-b846-41895f4ebd48:c3050, b4e1f7d4-4bb4-47ed-a9cb-53483a899fb2:c3044, d3916bce-b37b-4246-83c6-d24846ba1a72:c3048]
2019-07-08 14:21:25,366 INFO  client.GrpcClientProtocolClient (GrpcClientProtocolClient.java:onNext(255)) - client-DE0880F50CF2->72f5ceaa-5b3b-4bc7-b846-41895f4ebd48: receive RaftClientReply:client-DE0880F50CF2->72f5ceaa-5b3b-4bc7-b846-41895f4ebd48@group-833AA35A7EDE, cid=2084, SUCCESS, logIndex=3050, commits[72f5ceaa-5b3b-4bc7-b846-41895f4ebd48:c3050, b4e1f7d4-4bb4-47ed-a9cb-53483a899fb2:c3048, d3916bce-b37b-4246-83c6-d24846ba1a72:c3048]
2019-07-08 14:21:25,459 INFO  client.GrpcClientProtocolClient (GrpcClientProtocolClient.java:onNext(255)) - client-DE0880F50CF2->72f5ceaa-5b3b-4bc7-b846-41895f4ebd48: receive RaftClientReply:client-DE0880F50CF2->72f5ceaa-5b3b-4bc7-b846-41895f4ebd48@group-833AA35A7EDE, cid=2085, SUCCESS, logIndex=3053, commits[72f5ceaa-5b3b-4bc7-b846-41895f4ebd48:c3054, b4e1f7d4-4bb4-47ed-a9cb-53483a899fb2:c3050, d3916bce-b37b-4246-83c6-d24846ba1a72:c3050]
2019-07-08 14:21:25,459 INFO  client.GrpcClientProtocolClient (GrpcClientProtocolClient.java:onNext(255)) - client-DE0880F50CF2->72f5ceaa-5b3b-4bc7-b846-41895f4ebd48: receive RaftClientReply:client-DE0880F50CF2->72f5ceaa-5b3b-4bc7-b846-41895f4ebd48@group-833AA35A7EDE, cid=2086, SUCCESS, logIndex=3054, commits[72f5ceaa-5b3b-4bc7-b846-41895f4ebd48:c3054, b4e1f7d4-4bb4-47ed-a9cb-53483a899fb2:c3050, d3916bce-b37b-4246-83c6-d24846ba1a72:c3050]
2019-07-08 14:21:25,462 INFO  client.GrpcClientProtocolClient (GrpcClientProtocolClient.java:onNext(255)) - client-DE0880F50CF2->72f5ceaa-5b3b-4bc7-b846-41895f4ebd48: receive RaftClientReply:client-DE0880F50CF2->72f5ceaa-5b3b-4bc7-b846-41895f4ebd48@group-833AA35A7EDE, cid=2087, SUCCESS, logIndex=0, commits[72f5ceaa-5b3b-4bc7-b846-41895f4ebd48:c3055, b4e1f7d4-4bb4-47ed-a9cb-53483a899fb2:c3054, d3916bce-b37b-4246-83c6-d24846ba1a72:c3054]
2019-07-08 14:21:25,493 INFO  client.GrpcClientProtocolClient (GrpcClientProtocolClient.java:onNext(255)) - client-DE0880F50CF2->72f5ceaa-5b3b-4bc7-b846-41895f4ebd48: receive RaftClientReply:client-DE0880F50CF2->72f5ceaa-5b3b-4bc7-b846-41895f4ebd48@group-833AA35A7EDE, cid=2088, SUCCESS, logIndex=3056, commits[72f5ceaa-5b3b-4bc7-b846-41895f4ebd48:c3057, b4e1f7d4-4bb4-47ed-a9cb-53483a899fb2:c3055, d3916bce-b37b-4246-83c6-d24846ba1a72:c3055]
2019-07-08 14:21:25,494 INFO  client.GrpcClientProtocolClient (GrpcClientProtocolClient.java:onNext(255)) - client-DE0880F50CF2->72f5ceaa-5b3b-4bc7-b846-41895f4ebd48: receive RaftClientReply:client-DE0880F50CF2->72f5ceaa-5b3b-4bc7-b846-41895f4ebd48@group-833AA35A7EDE, cid=2089, SUCCESS, logIndex=3057, commits[72f5ceaa-5b3b-4bc7-b846-41895f4ebd48:c3057, b4e1f7d4-4bb4-47ed-a9cb-53483a899fb2:c3055, d3916bce-b37b-4246-83c6-d24846ba1a72:c3055]
2019-07-08 14:21:25,494 INFO  client.GrpcClientProtocolClient (GrpcClientProtocolClient.java:onNext(255)) - client-DE0880F50CF2->72f5ceaa-5b3b-4bc7-b846-41895f4ebd48: receive RaftClientReply:client-DE0880F50CF2->72f5ceaa-5b3b-4bc7-b846-41895f4ebd48@group-833AA35A7EDE, cid=2090, SUCCESS, logIndex=3058, commits[72f5ceaa-5b3b-4bc7-b846-41895f4ebd48:c3059, b4e1f7d4-4bb4-47ed-a9cb-53483a899fb2:c3055, d3916bce-b37b-4246-83c6-d24846ba1a72:c3055]
2019-07-08 14:21:25,494 INFO  client.GrpcClientProtocolClient (GrpcClientProtocolClient.java:onNext(255)) - client-DE0880F50CF2->72f5ceaa-5b3b-4bc7-b846-41895f4ebd48: receive RaftClientReply:client-DE0880F50CF2->72f5ceaa-5b3b-4bc7-b846-41895f4ebd48@group-833AA35A7EDE, cid=2091, SUCCESS, logIndex=3059, commits[72f5ceaa-5b3b-4bc7-b846-41895f4ebd48:c3059, b4e1f7d4-4bb4-47ed-a9cb-53483a899fb2:c3055, d3916bce-b37b-4246-83c6-d24846ba1a72:c3055]
2019-07-08 14:21:25,508 INFO  client.GrpcClientProtocolClient (GrpcClientProtocolClient.java:onNext(255)) - client-DE0880F50CF2->72f5ceaa-5b3b-4bc7-b846-41895f4ebd48: receive RaftClientReply:client-DE0880F50CF2->72f5ceaa-5b3b-4bc7-b846-41895f4ebd48@group-833AA35A7EDE, cid=2092, SUCCESS, logIndex=0, commits[72f5ceaa-5b3b-4bc7-b846-41895f4ebd48:c3061, b4e1f7d4-4bb4-47ed-a9cb-53483a899fb2:c3057, d3916bce-b37b-4246-83c6-d24846ba1a72:c3057]
2019-07-08 14:21:25,529 INFO  client.GrpcClientProtocolClient (GrpcClientProtocolClient.java:onNext(255)) - client-DE0880F50CF2->72f5ceaa-5b3b-4bc7-b846-41895f4ebd48: receive RaftClientReply:client-DE0880F50CF2->72f5ceaa-5b3b-4bc7-b846-41895f4ebd48@group-833AA35A7EDE, cid=2093, SUCCESS, logIndex=3064, commits[72f5ceaa-5b3b-4bc7-b846-41895f4ebd48:c3065, b4e1f7d4-4bb4-47ed-a9cb-53483a899fb2:c3063, d3916bce-b37b-4246-83c6-d24846ba1a72:c3063]
2019-07-08 14:21:25,530 INFO  client.GrpcClientProtocolClient (GrpcClientProtocolClient.java:onNext(255)) - client-DE0880F50CF2->72f5ceaa-5b3b-4bc7-b846-41895f4ebd48: receive RaftClientReply:client-DE0880F50CF2->72f5ceaa-5b3b-4bc7-b846-41895f4ebd48@group-833AA35A7EDE, cid=2094, SUCCESS, logIndex=3065, commits[72f5ceaa-5b3b-4bc7-b846-41895f4ebd48:c3065, b4e1f7d4-4bb4-47ed-a9cb-53483a899fb2:c3063, d3916bce-b37b-4246-83c6-d24846ba1a72:c3063]
2019-07-08 14:21:25,552 INFO  client.GrpcClientProtocolClient (GrpcClientProtocolClient.java:onNext(255)) - client-DE0880F50CF2->72f5ceaa-5b3b-4bc7-b846-41895f4ebd48: receive RaftClientReply:client-DE0880F50CF2->72f5ceaa-5b3b-4bc7-b846-41895f4ebd48@group-833AA35A7EDE, cid=2095, SUCCESS, logIndex=3068, commits[72f5ceaa-5b3b-4bc7-b846-41895f4ebd48:c3069, b4e1f7d4-4bb4-47ed-a9cb-53483a899fb2:c3065, d3916bce-b37b-4246-83c6-d24846ba1a72:c3065]
2019-07-08 14:21:25,553 INFO  client.GrpcClientProtocolClient (GrpcClientProtocolClient.java:onNext(255)) - client-DE0880F50CF2->72f5ceaa-5b3b-4bc7-b846-41895f4ebd48: receive RaftClientReply:client-DE0880F50CF2->72f5ceaa-5b3b-4bc7-b846-41895f4ebd48@group-833AA35A7EDE, cid=2096, SUCCESS, logIndex=3069, commits[72f5ceaa-5b3b-4bc7-b846-41895f4ebd48:c3069, b4e1f7d4-4bb4-47ed-a9cb-53483a899fb2:c3065, d3916bce-b37b-4246-83c6-d24846ba1a72:c3065]
2019-07-08 14:21:25,567 INFO  client.GrpcClientProtocolClient (GrpcClientProtocolClient.java:onNext(255)) - client-DE0880F50CF2->72f5ceaa-5b3b-4bc7-b846-41895f4ebd48: receive RaftClientReply:client-DE0880F50CF2->72f5ceaa-5b3b-4bc7-b846-41895f4ebd48@group-833AA35A7EDE, cid=2097, SUCCESS, logIndex=0, commits[72f5ceaa-5b3b-4bc7-b846-41895f4ebd48:c3071, b4e1f7d4-4bb4-47ed-a9cb-53483a899fb2:c3069, d3916bce-b37b-4246-83c6-d24846ba1a72:c3069]
2019-07-08 14:21:25,597 INFO  client.GrpcClientProtocolClient (GrpcClientProtocolClient.java:onNext(255)) - client-DE0880F50CF2->72f5ceaa-5b3b-4bc7-b846-41895f4ebd48: receive RaftClientReply:client-DE0880F50CF2->72f5ceaa-5b3b-4bc7-b846-41895f4ebd48@group-833AA35A7EDE, cid=2098, SUCCESS, logIndex=3072, commits[72f5ceaa-5b3b-4bc7-b846-41895f4ebd48:c3073, b4e1f7d4-4bb4-47ed-a9cb-53483a899fb2:c3071, d3916bce-b37b-4246-83c6-d24846ba1a72:c3071]
2019-07-08 14:21:25,597 INFO  client.GrpcClientProtocolClient (GrpcClientProtocolClient.java:onNext(255)) - client-DE0880F50CF2->72f5ceaa-5b3b-4bc7-b846-41895f4ebd48: receive RaftClientReply:client-DE0880F50CF2->72f5ceaa-5b3b-4bc7-b846-41895f4ebd48@group-833AA35A7EDE, cid=2099, SUCCESS, logIndex=3073, commits[72f5ceaa-5b3b-4bc7-b846-41895f4ebd48:c3073, b4e1f7d4-4bb4-47ed-a9cb-53483a899fb2:c3071, d3916bce-b37b-4246-83c6-d24846ba1a72:c3071]
2019-07-08 14:21:25,599 INFO  client.GrpcClientProtocolClient (GrpcClientProtocolClient.java:onNext(255)) - client-DE0880F50CF2->72f5ceaa-5b3b-4bc7-b846-41895f4ebd48: receive RaftClientReply:client-DE0880F50CF2->72f5ceaa-5b3b-4bc7-b846-41895f4ebd48@group-833AA35A7EDE, cid=2100, SUCCESS, logIndex=3074, commits[72f5ceaa-5b3b-4bc7-b846-41895f4ebd48:c3075, b4e1f7d4-4bb4-47ed-a9cb-53483a899fb2:c3071, d3916bce-b37b-4246-83c6-d24846ba1a72:c3071]
2019-07-08 14:21:25,599 INFO  client.GrpcClientProtocolClient (GrpcClientProtocolClient.java:onNext(255)) - client-DE0880F50CF2->72f5ceaa-5b3b-4bc7-b846-41895f4ebd48: receive RaftClientReply:client-DE0880F50CF2->72f5ceaa-5b3b-4bc7-b846-41895f4ebd48@group-833AA35A7EDE, cid=2101, SUCCESS, logIndex=3075, commits[72f5ceaa-5b3b-4bc7-b846-41895f4ebd48:c3075, b4e1f7d4-4bb4-47ed-a9cb-53483a899fb2:c3071, d3916bce-b37b-4246-83c6-d24846ba1a72:c3071]
2019-07-08 14:21:25,610 INFO  client.GrpcClientProtocolClient (GrpcClientProtocolClient.java:onNext(255)) - client-DE0880F50CF2->72f5ceaa-5b3b-4bc7-b846-41895f4ebd48: receive RaftClientReply:client-DE0880F50CF2->72f5ceaa-5b3b-4bc7-b846-41895f4ebd48@group-833AA35A7EDE, cid=2102, SUCCESS, logIndex=0, commits[72f5ceaa-5b3b-4bc7-b846-41895f4ebd48:c3077, b4e1f7d4-4bb4-47ed-a9cb-53483a899fb2:c3073, d3916bce-b37b-4246-83c6-d24846ba1a72:c3073]
2019-07-08 14:21:25,631 INFO  client.GrpcClientProtocolClient (GrpcClientProtocolClient.java:onNext(255)) - client-DE0880F50CF2->72f5ceaa-5b3b-4bc7-b846-41895f4ebd48: receive RaftClientReply:client-DE0880F50CF2->72f5ceaa-5b3b-4bc7-b846-41895f4ebd48@group-833AA35A7EDE, cid=2103, SUCCESS, logIndex=3080, commits[72f5ceaa-5b3b-4bc7-b846-41895f4ebd48:c3081, b4e1f7d4-4bb4-47ed-a9cb-53483a899fb2:c3079, d3916bce-b37b-4246-83c6-d24846ba1a72:c3079]
2019-07-08 14:21:25,631 INFO  client.GrpcClientProtocolClient (GrpcClientProtocolClient.java:onNext(255)) - client-DE0880F50CF2->72f5ceaa-5b3b-4bc7-b846-41895f4ebd48: receive RaftClientReply:client-DE0880F50CF2->72f5ceaa-5b3b-4bc7-b846-41895f4ebd48@group-833AA35A7EDE, cid=2104, SUCCESS, logIndex=3081, commits[72f5ceaa-5b3b-4bc7-b846-41895f4ebd48:c3081, b4e1f7d4-4bb4-47ed-a9cb-53483a899fb2:c3079, d3916bce-b37b-4246-83c6-d24846ba1a72:c3079]
2019-07-08 14:21:25,645 INFO  client.GrpcClientProtocolClient (GrpcClientProtocolClient.java:onNext(255)) - client-DE0880F50CF2->72f5ceaa-5b3b-4bc7-b846-41895f4ebd48: receive RaftClientReply:client-DE0880F50CF2->72f5ceaa-5b3b-4bc7-b846-41895f4ebd48@group-833AA35A7EDE, cid=2105, SUCCESS, logIndex=3084, commits[72f5ceaa-5b3b-4bc7-b846-41895f4ebd48:c3085, b4e1f7d4-4bb4-47ed-a9cb-53483a899fb2:c3081, d3916bce-b37b-4246-83c6-d24846ba1a72:c3081]
2019-07-08 14:21:25,645 INFO  client.GrpcClientProtocolClient (GrpcClientProtocolClient.java:onNext(255)) - client-DE0880F50CF2->72f5ceaa-5b3b-4bc7-b846-41895f4ebd48: receive RaftClientReply:client-DE0880F50CF2->72f5ceaa-5b3b-4bc7-b846-41895f4ebd48@group-833AA35A7EDE, cid=2106, SUCCESS, logIndex=3085, commits[72f5ceaa-5b3b-4bc7-b846-41895f4ebd48:c3085, b4e1f7d4-4bb4-47ed-a9cb-53483a899fb2:c3081, d3916bce-b37b-4246-83c6-d24846ba1a72:c3081]
2019-07-08 14:21:25,656 INFO  client.GrpcClientProtocolClient (GrpcClientProtocolClient.java:onNext(255)) - client-DE0880F50CF2->72f5ceaa-5b3b-4bc7-b846-41895f4ebd48: receive RaftClientReply:client-DE0880F50CF2->72f5ceaa-5b3b-4bc7-b846-41895f4ebd48@group-833AA35A7EDE, cid=2107, SUCCESS, logIndex=0, commits[72f5ceaa-5b3b-4bc7-b846-41895f4ebd48:c3086, b4e1f7d4-4bb4-47ed-a9cb-53483a899fb2:c3085, d3916bce-b37b-4246-83c6-d24846ba1a72:c3085]
2019-07-08 14:21:25,684 INFO  client.GrpcClientProtocolClient (GrpcClientProtocolClient.java:onNext(255)) - client-DE0880F50CF2->72f5ceaa-5b3b-4bc7-b846-41895f4ebd48: receive RaftClientReply:client-DE0880F50CF2->72f5ceaa-5b3b-4bc7-b846-41895f4ebd48@group-833AA35A7EDE, cid=2108, SUCCESS, logIndex=3088, commits[72f5ceaa-5b3b-4bc7-b846-41895f4ebd48:c3089, b4e1f7d4-4bb4-47ed-a9cb-53483a899fb2:c3087, d3916bce-b37b-4246-83c6-d24846ba1a72:c3087]
2019-07-08 14:21:25,684 INFO  client.GrpcClientProtocolClient (GrpcClientProtocolClient.java:onNext(255)) - client-DE0880F50CF2->72f5ceaa-5b3b-4bc7-b846-41895f4ebd48: receive RaftClientReply:client-DE0880F50CF2->72f5ceaa-5b3b-4bc7-b846-41895f4ebd48@group-833AA35A7EDE, cid=2109, SUCCESS, logIndex=3089, commits[72f5ceaa-5b3b-4bc7-b846-41895f4ebd48:c3089, b4e1f7d4-4bb4-47ed-a9cb-53483a899fb2:c3087, d3916bce-b37b-4246-83c6-d24846ba1a72:c3087]
2019-07-08 14:21:25,685 INFO  client.GrpcClientProtocolClient (GrpcClientProtocolClient.java:onNext(255)) - client-DE0880F50CF2->72f5ceaa-5b3b-4bc7-b846-41895f4ebd48: receive RaftClientReply:client-DE0880F50CF2->72f5ceaa-5b3b-4bc7-b846-41895f4ebd48@group-833AA35A7EDE, cid=2110, SUCCESS, logIndex=3090, commits[72f5ceaa-5b3b-4bc7-b846-41895f4ebd48:c3091, b4e1f7d4-4bb4-47ed-a9cb-53483a899fb2:c3087, d3916bce-b37b-4246-83c6-d24846ba1a72:c3087]
2019-07-08 14:21:25,685 INFO  client.GrpcClientProtocolClient (GrpcClientProtocolClient.java:onNext(255)) - client-DE0880F50CF2->72f5ceaa-5b3b-4bc7-b846-41895f4ebd48: receive RaftClientReply:client-DE0880F50CF2->72f5ceaa-5b3b-4bc7-b846-41895f4ebd48@group-833AA35A7EDE, cid=2111, SUCCESS, logIndex=3091, commits[72f5ceaa-5b3b-4bc7-b846-41895f4ebd48:c3091, b4e1f7d4-4bb4-47ed-a9cb-53483a899fb2:c3087, d3916bce-b37b-4246-83c6-d24846ba1a72:c3087]
2019-07-08 14:21:25,687 INFO  client.GrpcClientProtocolClient (GrpcClientProtocolClient.java:onNext(255)) - client-DE0880F50CF2->72f5ceaa-5b3b-4bc7-b846-41895f4ebd48: receive RaftClientReply:client-DE0880F50CF2->72f5ceaa-5b3b-4bc7-b846-41895f4ebd48@group-833AA35A7EDE, cid=2112, SUCCESS, logIndex=0, commits[72f5ceaa-5b3b-4bc7-b846-41895f4ebd48:c3093, b4e1f7d4-4bb4-47ed-a9cb-53483a899fb2:c3089, d3916bce-b37b-4246-83c6-d24846ba1a72:c3089]
2019-07-08 14:21:25,708 INFO  client.GrpcClientProtocolClient (GrpcClientProtocolClient.java:onNext(255)) - client-DE0880F50CF2->72f5ceaa-5b3b-4bc7-b846-41895f4ebd48: receive RaftClientReply:client-DE0880F50CF2->72f5ceaa-5b3b-4bc7-b846-41895f4ebd48@group-833AA35A7EDE, cid=2113, SUCCESS, logIndex=3096, commits[72f5ceaa-5b3b-4bc7-b846-41895f4ebd48:c3097, b4e1f7d4-4bb4-47ed-a9cb-53483a899fb2:c3095, d3916bce-b37b-4246-83c6-d24846ba1a72:c3095]
2019-07-08 14:21:25,708 INFO  client.GrpcClientProtocolClient (GrpcClientProtocolClient.java:onNext(255)) - client-DE0880F50CF2->72f5ceaa-5b3b-4bc7-b846-41895f4ebd48: receive RaftClientReply:client-DE0880F50CF2->72f5ceaa-5b3b-4bc7-b846-41895f4ebd48@group-833AA35A7EDE, cid=2114, SUCCESS, logIndex=3097, commits[72f5ceaa-5b3b-4bc7-b846-41895f4ebd48:c3097, b4e1f7d4-4bb4-47ed-a9cb-53483a899fb2:c3095, d3916bce-b37b-4246-83c6-d24846ba1a72:c3095]
2019-07-08 14:21:25,723 INFO  client.GrpcClientProtocolClient (GrpcClientProtocolClient.java:onNext(255)) - client-DE0880F50CF2->72f5ceaa-5b3b-4bc7-b846-41895f4ebd48: receive RaftClientReply:client-DE0880F50CF2->72f5ceaa-5b3b-4bc7-b846-41895f4ebd48@group-833AA35A7EDE, cid=2115, SUCCESS, logIndex=3100, commits[72f5ceaa-5b3b-4bc7-b846-41895f4ebd48:c3101, b4e1f7d4-4bb4-47ed-a9cb-53483a899fb2:c3097, d3916bce-b37b-4246-83c6-d24846ba1a72:c3097]
2019-07-08 14:21:25,723 INFO  client.GrpcClientProtocolClient (GrpcClientProtocolClient.java:onNext(255)) - client-DE0880F50CF2->72f5ceaa-5b3b-4bc7-b846-41895f4ebd48: receive RaftClientReply:client-DE0880F50CF2->72f5ceaa-5b3b-4bc7-b846-41895f4ebd48@group-833AA35A7EDE, cid=2116, SUCCESS, logIndex=3101, commits[72f5ceaa-5b3b-4bc7-b846-41895f4ebd48:c3101, b4e1f7d4-4bb4-47ed-a9cb-53483a899fb2:c3097, d3916bce-b37b-4246-83c6-d24846ba1a72:c3097]
2019-07-08 14:21:25,735 INFO  client.GrpcClientProtocolClient (GrpcClientProtocolClient.java:onNext(255)) - client-DE0880F50CF2->72f5ceaa-5b3b-4bc7-b846-41895f4ebd48: receive RaftClientReply:client-DE0880F50CF2->72f5ceaa-5b3b-4bc7-b846-41895f4ebd48@group-833AA35A7EDE, cid=2117, SUCCESS, logIndex=0, commits[72f5ceaa-5b3b-4bc7-b846-41895f4ebd48:c3102, b4e1f7d4-4bb4-47ed-a9cb-53483a899fb2:c3101, d3916bce-b37b-4246-83c6-d24846ba1a72:c3101]
2019-07-08 14:21:25,764 INFO  client.GrpcClientProtocolClient (GrpcClientProtocolClient.java:onNext(255)) - client-DE0880F50CF2->72f5ceaa-5b3b-4bc7-b846-41895f4ebd48: receive RaftClientReply:client-DE0880F50CF2->72f5ceaa-5b3b-4bc7-b846-41895f4ebd48@group-833AA35A7EDE, cid=2118, SUCCESS, logIndex=3104, commits[72f5ceaa-5b3b-4bc7-b846-41895f4ebd48:c3105, b4e1f7d4-4bb4-47ed-a9cb-53483a899fb2:c3103, d3916bce-b37b-4246-83c6-d24846ba1a72:c3103]
2019-07-08 14:21:25,764 INFO  client.GrpcClientProtocolClient (GrpcClientProtocolClient.java:onNext(255)) - client-DE0880F50CF2->72f5ceaa-5b3b-4bc7-b846-41895f4ebd48: receive RaftClientReply:client-DE0880F50CF2->72f5ceaa-5b3b-4bc7-b846-41895f4ebd48@group-833AA35A7EDE, cid=2119, SUCCESS, logIndex=3105, commits[72f5ceaa-5b3b-4bc7-b846-41895f4ebd48:c3107, b4e1f7d4-4bb4-47ed-a9cb-53483a899fb2:c3103, d3916bce-b37b-4246-83c6-d24846ba1a72:c3103]
2019-07-08 14:21:25,764 INFO  client.GrpcClientProtocolClient (GrpcClientProtocolClient.java:onNext(255)) - client-DE0880F50CF2->72f5ceaa-5b3b-4bc7-b846-41895f4ebd48: receive RaftClientReply:client-DE0880F50CF2->72f5ceaa-5b3b-4bc7-b846-41895f4ebd48@group-833AA35A7EDE, cid=2120, SUCCESS, logIndex=3106, commits[72f5ceaa-5b3b-4bc7-b846-41895f4ebd48:c3107, b4e1f7d4-4bb4-47ed-a9cb-53483a899fb2:c3103, d3916bce-b37b-4246-83c6-d24846ba1a72:c3103]
2019-07-08 14:21:25,765 INFO  client.GrpcClientProtocolClient (GrpcClientProtocolClient.java:onNext(255)) - client-DE0880F50CF2->72f5ceaa-5b3b-4bc7-b846-41895f4ebd48: receive RaftClientReply:client-DE0880F50CF2->72f5ceaa-5b3b-4bc7-b846-41895f4ebd48@group-833AA35A7EDE, cid=2121, SUCCESS, logIndex=3107, commits[72f5ceaa-5b3b-4bc7-b846-41895f4ebd48:c3107, b4e1f7d4-4bb4-47ed-a9cb-53483a899fb2:c3103, d3916bce-b37b-4246-83c6-d24846ba1a72:c3103]
2019-07-08 14:21:25,781 INFO  client.GrpcClientProtocolClient (GrpcClientProtocolClient.java:onNext(255)) - client-DE0880F50CF2->72f5ceaa-5b3b-4bc7-b846-41895f4ebd48: receive RaftClientReply:client-DE0880F50CF2->72f5ceaa-5b3b-4bc7-b846-41895f4ebd48@group-833AA35A7EDE, cid=2122, SUCCESS, logIndex=0, commits[72f5ceaa-5b3b-4bc7-b846-41895f4ebd48:c3109, b4e1f7d4-4bb4-47ed-a9cb-53483a899fb2:c3105, d3916bce-b37b-4246-83c6-d24846ba1a72:c3105]
2019-07-08 14:21:25,804 INFO  client.GrpcClientProtocolClient (GrpcClientProtocolClient.java:onNext(255)) - client-DE0880F50CF2->72f5ceaa-5b3b-4bc7-b846-41895f4ebd48: receive RaftClientReply:client-DE0880F50CF2->72f5ceaa-5b3b-4bc7-b846-41895f4ebd48@group-833AA35A7EDE, cid=2123, SUCCESS, logIndex=3111, commits[72f5ceaa-5b3b-4bc7-b846-41895f4ebd48:c3112, b4e1f7d4-4bb4-47ed-a9cb-53483a899fb2:c3110, d3916bce-b37b-4246-83c6-d24846ba1a72:c3110]
2019-07-08 14:21:25,804 INFO  client.GrpcClientProtocolClient (GrpcClientProtocolClient.java:onNext(255)) - client-DE0880F50CF2->72f5ceaa-5b3b-4bc7-b846-41895f4ebd48: receive RaftClientReply:client-DE0880F50CF2->72f5ceaa-5b3b-4bc7-b846-41895f4ebd48@group-833AA35A7EDE, cid=2124, SUCCESS, logIndex=3112, commits[72f5ceaa-5b3b-4bc7-b846-41895f4ebd48:c3112, b4e1f7d4-4bb4-47ed-a9cb-53483a899fb2:c3110, d3916bce-b37b-4246-83c6-d24846ba1a72:c3110]
2019-07-08 14:21:25,823 INFO  client.GrpcClientProtocolClient (GrpcClientProtocolClient.java:onNext(255)) - client-DE0880F50CF2->72f5ceaa-5b3b-4bc7-b846-41895f4ebd48: receive RaftClientReply:client-DE0880F50CF2->72f5ceaa-5b3b-4bc7-b846-41895f4ebd48@group-833AA35A7EDE, cid=2125, SUCCESS, logIndex=3115, commits[72f5ceaa-5b3b-4bc7-b846-41895f4ebd48:c3116, b4e1f7d4-4bb4-47ed-a9cb-53483a899fb2:c3111, d3916bce-b37b-4246-83c6-d24846ba1a72:c3112]
2019-07-08 14:21:25,824 INFO  client.GrpcClientProtocolClient (GrpcClientProtocolClient.java:onNext(255)) - client-DE0880F50CF2->72f5ceaa-5b3b-4bc7-b846-41895f4ebd48: receive RaftClientReply:client-DE0880F50CF2->72f5ceaa-5b3b-4bc7-b846-41895f4ebd48@group-833AA35A7EDE, cid=2126, SUCCESS, logIndex=3116, commits[72f5ceaa-5b3b-4bc7-b846-41895f4ebd48:c3116, b4e1f7d4-4bb4-47ed-a9cb-53483a899fb2:c3112, d3916bce-b37b-4246-83c6-d24846ba1a72:c3112]
2019-07-08 14:21:25,827 INFO  client.GrpcClientProtocolClient (GrpcClientProtocolClient.java:onNext(255)) - client-DE0880F50CF2->72f5ceaa-5b3b-4bc7-b846-41895f4ebd48: receive RaftClientReply:client-DE0880F50CF2->72f5ceaa-5b3b-4bc7-b846-41895f4ebd48@group-833AA35A7EDE, cid=2127, SUCCESS, logIndex=0, commits[72f5ceaa-5b3b-4bc7-b846-41895f4ebd48:c3118, b4e1f7d4-4bb4-47ed-a9cb-53483a899fb2:c3116, d3916bce-b37b-4246-83c6-d24846ba1a72:c3116]
 0.00% |█                                                                                                    |  0/1 Time: 0:00:202019-07-08 14:21:25,869 INFO  client.GrpcClientProtocolClient (GrpcClientProtocolClient.java:onNext(255)) - client-DE0880F50CF2->72f5ceaa-5b3b-4bc7-b846-41895f4ebd48: receive RaftClientReply:client-DE0880F50CF2->72f5ceaa-5b3b-4bc7-b846-41895f4ebd48@group-833AA35A7EDE, cid=2128, SUCCESS, logIndex=3119, commits[72f5ceaa-5b3b-4bc7-b846-41895f4ebd48:c3120, b4e1f7d4-4bb4-47ed-a9cb-53483a899fb2:c3116, d3916bce-b37b-4246-83c6-d24846ba1a72:c3118]
2019-07-08 14:21:25,870 INFO  client.GrpcClientProtocolClient (GrpcClientProtocolClient.java:onNext(255)) - client-DE0880F50CF2->72f5ceaa-5b3b-4bc7-b846-41895f4ebd48: receive RaftClientReply:client-DE0880F50CF2->72f5ceaa-5b3b-4bc7-b846-41895f4ebd48@group-833AA35A7EDE, cid=2129, SUCCESS, logIndex=3120, commits[72f5ceaa-5b3b-4bc7-b846-41895f4ebd48:c3120, b4e1f7d4-4bb4-47ed-a9cb-53483a899fb2:c3116, d3916bce-b37b-4246-83c6-d24846ba1a72:c3118]
2019-07-08 14:21:25,872 INFO  client.GrpcClientProtocolClient (GrpcClientProtocolClient.java:onNext(255)) - client-DE0880F50CF2->72f5ceaa-5b3b-4bc7-b846-41895f4ebd48: receive RaftClientReply:client-DE0880F50CF2->72f5ceaa-5b3b-4bc7-b846-41895f4ebd48@group-833AA35A7EDE, cid=2130, SUCCESS, logIndex=3121, commits[72f5ceaa-5b3b-4bc7-b846-41895f4ebd48:c3122, b4e1f7d4-4bb4-47ed-a9cb-53483a899fb2:c3118, d3916bce-b37b-4246-83c6-d24846ba1a72:c3118]
2019-07-08 14:21:25,872 INFO  client.GrpcClientProtocolClient (GrpcClientProtocolClient.java:onNext(255)) - client-DE0880F50CF2->72f5ceaa-5b3b-4bc7-b846-41895f4ebd48: receive RaftClientReply:client-DE0880F50CF2->72f5ceaa-5b3b-4bc7-b846-41895f4ebd48@group-833AA35A7EDE, cid=2131, SUCCESS, logIndex=3122, commits[72f5ceaa-5b3b-4bc7-b846-41895f4ebd48:c3122, b4e1f7d4-4bb4-47ed-a9cb-53483a899fb2:c3118, d3916bce-b37b-4246-83c6-d24846ba1a72:c3118]
2019-07-08 14:21:25,884 INFO  client.GrpcClientProtocolClient (GrpcClientProtocolClient.java:onNext(255)) - client-DE0880F50CF2->72f5ceaa-5b3b-4bc7-b846-41895f4ebd48: receive RaftClientReply:client-DE0880F50CF2->72f5ceaa-5b3b-4bc7-b846-41895f4ebd48@group-833AA35A7EDE, cid=2132, SUCCESS, logIndex=0, commits[72f5ceaa-5b3b-4bc7-b846-41895f4ebd48:c3123, b4e1f7d4-4bb4-47ed-a9cb-53483a899fb2:c3120, d3916bce-b37b-4246-83c6-d24846ba1a72:c3120]
2019-07-08 14:21:25,910 INFO  client.GrpcClientProtocolClient (GrpcClientProtocolClient.java:onNext(255)) - client-DE0880F50CF2->72f5ceaa-5b3b-4bc7-b846-41895f4ebd48: receive RaftClientReply:client-DE0880F50CF2->72f5ceaa-5b3b-4bc7-b846-41895f4ebd48@group-833AA35A7EDE, cid=2133, SUCCESS, logIndex=3126, commits[72f5ceaa-5b3b-4bc7-b846-41895f4ebd48:c3127, b4e1f7d4-4bb4-47ed-a9cb-53483a899fb2:c3124, d3916bce-b37b-4246-83c6-d24846ba1a72:c3124]
2019-07-08 14:21:25,910 INFO  client.GrpcClientProtocolClient (GrpcClientProtocolClient.java:onNext(255)) - client-DE0880F50CF2->72f5ceaa-5b3b-4bc7-b846-41895f4ebd48: receive RaftClientReply:client-DE0880F50CF2->72f5ceaa-5b3b-4bc7-b846-41895f4ebd48@group-833AA35A7EDE, cid=2134, SUCCESS, logIndex=3127, commits[72f5ceaa-5b3b-4bc7-b846-41895f4ebd48:c3127, b4e1f7d4-4bb4-47ed-a9cb-53483a899fb2:c3124, d3916bce-b37b-4246-83c6-d24846ba1a72:c3124]
2019-07-08 14:21:25,932 INFO  client.GrpcClientProtocolClient (GrpcClientProtocolClient.java:onNext(255)) - client-DE0880F50CF2->72f5ceaa-5b3b-4bc7-b846-41895f4ebd48: receive RaftClientReply:client-DE0880F50CF2->72f5ceaa-5b3b-4bc7-b846-41895f4ebd48@group-833AA35A7EDE, cid=2135, SUCCESS, logIndex=3130, commits[72f5ceaa-5b3b-4bc7-b846-41895f4ebd48:c3131, b4e1f7d4-4bb4-47ed-a9cb-53483a899fb2:c3129, d3916bce-b37b-4246-83c6-d24846ba1a72:c3129]
2019-07-08 14:21:25,933 INFO  client.GrpcClientProtocolClient (GrpcClientProtocolClient.java:onNext(255)) - client-DE0880F50CF2->72f5ceaa-5b3b-4bc7-b846-41895f4ebd48: receive RaftClientReply:client-DE0880F50CF2->72f5ceaa-5b3b-4bc7-b846-41895f4ebd48@group-833AA35A7EDE, cid=2136, SUCCESS, logIndex=3131, commits[72f5ceaa-5b3b-4bc7-b846-41895f4ebd48:c3131, b4e1f7d4-4bb4-47ed-a9cb-53483a899fb2:c3129, d3916bce-b37b-4246-83c6-d24846ba1a72:c3129]
2019-07-08 14:21:25,947 INFO  client.GrpcClientProtocolClient (GrpcClientProtocolClient.java:onNext(255)) - client-DE0880F50CF2->72f5ceaa-5b3b-4bc7-b846-41895f4ebd48: receive RaftClientReply:client-DE0880F50CF2->72f5ceaa-5b3b-4bc7-b846-41895f4ebd48@group-833AA35A7EDE, cid=2137, SUCCESS, logIndex=0, commits[72f5ceaa-5b3b-4bc7-b846-41895f4ebd48:c3132, b4e1f7d4-4bb4-47ed-a9cb-53483a899fb2:c3131, d3916bce-b37b-4246-83c6-d24846ba1a72:c3131]
2019-07-08 14:21:25,982 INFO  client.GrpcClientProtocolClient (GrpcClientProtocolClient.java:onNext(255)) - client-DE0880F50CF2->72f5ceaa-5b3b-4bc7-b846-41895f4ebd48: receive RaftClientReply:client-DE0880F50CF2->72f5ceaa-5b3b-4bc7-b846-41895f4ebd48@group-833AA35A7EDE, cid=2138, SUCCESS, logIndex=3134, commits[72f5ceaa-5b3b-4bc7-b846-41895f4ebd48:c3136, b4e1f7d4-4bb4-47ed-a9cb-53483a899fb2:c3133, d3916bce-b37b-4246-83c6-d24846ba1a72:c3133]
2019-07-08 14:21:25,982 INFO  client.GrpcClientProtocolClient (GrpcClientProtocolClient.java:onNext(255)) - client-DE0880F50CF2->72f5ceaa-5b3b-4bc7-b846-41895f4ebd48: receive RaftClientReply:client-DE0880F50CF2->72f5ceaa-5b3b-4bc7-b846-41895f4ebd48@group-833AA35A7EDE, cid=2139, SUCCESS, logIndex=3135, commits[72f5ceaa-5b3b-4bc7-b846-41895f4ebd48:c3137, b4e1f7d4-4bb4-47ed-a9cb-53483a899fb2:c3133, d3916bce-b37b-4246-83c6-d24846ba1a72:c3133]
2019-07-08 14:21:25,982 INFO  client.GrpcClientProtocolClient (GrpcClientProtocolClient.java:onNext(255)) - client-DE0880F50CF2->72f5ceaa-5b3b-4bc7-b846-41895f4ebd48: receive RaftClientReply:client-DE0880F50CF2->72f5ceaa-5b3b-4bc7-b846-41895f4ebd48@group-833AA35A7EDE, cid=2140, SUCCESS, logIndex=3136, commits[72f5ceaa-5b3b-4bc7-b846-41895f4ebd48:c3137, b4e1f7d4-4bb4-47ed-a9cb-53483a899fb2:c3133, d3916bce-b37b-4246-83c6-d24846ba1a72:c3133]
2019-07-08 14:21:25,983 INFO  client.GrpcClientProtocolClient (GrpcClientProtocolClient.java:onNext(255)) - client-DE0880F50CF2->72f5ceaa-5b3b-4bc7-b846-41895f4ebd48: receive RaftClientReply:client-DE0880F50CF2->72f5ceaa-5b3b-4bc7-b846-41895f4ebd48@group-833AA35A7EDE, cid=2141, SUCCESS, logIndex=3137, commits[72f5ceaa-5b3b-4bc7-b846-41895f4ebd48:c3137, b4e1f7d4-4bb4-47ed-a9cb-53483a899fb2:c3133, d3916bce-b37b-4246-83c6-d24846ba1a72:c3133]
2019-07-08 14:21:25,995 INFO  client.GrpcClientProtocolClient (GrpcClientProtocolClient.java:onNext(255)) - client-DE0880F50CF2->72f5ceaa-5b3b-4bc7-b846-41895f4ebd48: receive RaftClientReply:client-DE0880F50CF2->72f5ceaa-5b3b-4bc7-b846-41895f4ebd48@group-833AA35A7EDE, cid=2142, SUCCESS, logIndex=0, commits[72f5ceaa-5b3b-4bc7-b846-41895f4ebd48:c3140, b4e1f7d4-4bb4-47ed-a9cb-53483a899fb2:c3135, d3916bce-b37b-4246-83c6-d24846ba1a72:c3137]
2019-07-08 14:21:26,016 INFO  client.GrpcClientProtocolClient (GrpcClientProtocolClient.java:onNext(255)) - client-DE0880F50CF2->72f5ceaa-5b3b-4bc7-b846-41895f4ebd48: receive RaftClientReply:client-DE0880F50CF2->72f5ceaa-5b3b-4bc7-b846-41895f4ebd48@group-833AA35A7EDE, cid=2143, SUCCESS, logIndex=3142, commits[72f5ceaa-5b3b-4bc7-b846-41895f4ebd48:c3143, b4e1f7d4-4bb4-47ed-a9cb-53483a899fb2:c3141, d3916bce-b37b-4246-83c6-d24846ba1a72:c3141]
2019-07-08 14:21:26,016 INFO  client.GrpcClientProtocolClient (GrpcClientProtocolClient.java:onNext(255)) - client-DE0880F50CF2->72f5ceaa-5b3b-4bc7-b846-41895f4ebd48: receive RaftClientReply:client-DE0880F50CF2->72f5ceaa-5b3b-4bc7-b846-41895f4ebd48@group-833AA35A7EDE, cid=2144, SUCCESS, logIndex=3143, commits[72f5ceaa-5b3b-4bc7-b846-41895f4ebd48:c3143, b4e1f7d4-4bb4-47ed-a9cb-53483a899fb2:c3141, d3916bce-b37b-4246-83c6-d24846ba1a72:c3141]
2019-07-08 14:21:26,029 INFO  client.GrpcClientProtocolClient (GrpcClientProtocolClient.java:onNext(255)) - client-DE0880F50CF2->72f5ceaa-5b3b-4bc7-b846-41895f4ebd48: receive RaftClientReply:client-DE0880F50CF2->72f5ceaa-5b3b-4bc7-b846-41895f4ebd48@group-833AA35A7EDE, cid=2145, SUCCESS, logIndex=3146, commits[72f5ceaa-5b3b-4bc7-b846-41895f4ebd48:c3147, b4e1f7d4-4bb4-47ed-a9cb-53483a899fb2:c3143, d3916bce-b37b-4246-83c6-d24846ba1a72:c3143]
2019-07-08 14:21:26,029 INFO  client.GrpcClientProtocolClient (GrpcClientProtocolClient.java:onNext(255)) - client-DE0880F50CF2->72f5ceaa-5b3b-4bc7-b846-41895f4ebd48: receive RaftClientReply:client-DE0880F50CF2->72f5ceaa-5b3b-4bc7-b846-41895f4ebd48@group-833AA35A7EDE, cid=2146, SUCCESS, logIndex=3147, commits[72f5ceaa-5b3b-4bc7-b846-41895f4ebd48:c3147, b4e1f7d4-4bb4-47ed-a9cb-53483a899fb2:c3143, d3916bce-b37b-4246-83c6-d24846ba1a72:c3143]
2019-07-08 14:21:26,043 INFO  client.GrpcClientProtocolClient (GrpcClientProtocolClient.java:onNext(255)) - client-DE0880F50CF2->72f5ceaa-5b3b-4bc7-b846-41895f4ebd48: receive RaftClientReply:client-DE0880F50CF2->72f5ceaa-5b3b-4bc7-b846-41895f4ebd48@group-833AA35A7EDE, cid=2147, SUCCESS, logIndex=0, commits[72f5ceaa-5b3b-4bc7-b846-41895f4ebd48:c3149, b4e1f7d4-4bb4-47ed-a9cb-53483a899fb2:c3147, d3916bce-b37b-4246-83c6-d24846ba1a72:c3147]
2019-07-08 14:21:26,073 INFO  client.GrpcClientProtocolClient (GrpcClientProtocolClient.java:onNext(255)) - client-DE0880F50CF2->72f5ceaa-5b3b-4bc7-b846-41895f4ebd48: receive RaftClientReply:client-DE0880F50CF2->72f5ceaa-5b3b-4bc7-b846-41895f4ebd48@group-833AA35A7EDE, cid=2148, SUCCESS, logIndex=3150, commits[72f5ceaa-5b3b-4bc7-b846-41895f4ebd48:c3151, b4e1f7d4-4bb4-47ed-a9cb-53483a899fb2:c3149, d3916bce-b37b-4246-83c6-d24846ba1a72:c3149]
2019-07-08 14:21:26,074 INFO  client.GrpcClientProtocolClient (GrpcClientProtocolClient.java:onNext(255)) - client-DE0880F50CF2->72f5ceaa-5b3b-4bc7-b846-41895f4ebd48: receive RaftClientReply:client-DE0880F50CF2->72f5ceaa-5b3b-4bc7-b846-41895f4ebd48@group-833AA35A7EDE, cid=2149, SUCCESS, logIndex=3151, commits[72f5ceaa-5b3b-4bc7-b846-41895f4ebd48:c3153, b4e1f7d4-4bb4-47ed-a9cb-53483a899fb2:c3149, d3916bce-b37b-4246-83c6-d24846ba1a72:c3149]
2019-07-08 14:21:26,074 INFO  client.GrpcClientProtocolClient (GrpcClientProtocolClient.java:onNext(255)) - client-DE0880F50CF2->72f5ceaa-5b3b-4bc7-b846-41895f4ebd48: receive RaftClientReply:client-DE0880F50CF2->72f5ceaa-5b3b-4bc7-b846-41895f4ebd48@group-833AA35A7EDE, cid=2150, SUCCESS, logIndex=3152, commits[72f5ceaa-5b3b-4bc7-b846-41895f4ebd48:c3153, b4e1f7d4-4bb4-47ed-a9cb-53483a899fb2:c3149, d3916bce-b37b-4246-83c6-d24846ba1a72:c3149]
2019-07-08 14:21:26,074 INFO  client.GrpcClientProtocolClient (GrpcClientProtocolClient.java:onNext(255)) - client-DE0880F50CF2->72f5ceaa-5b3b-4bc7-b846-41895f4ebd48: receive RaftClientReply:client-DE0880F50CF2->72f5ceaa-5b3b-4bc7-b846-41895f4ebd48@group-833AA35A7EDE, cid=2151, SUCCESS, logIndex=3153, commits[72f5ceaa-5b3b-4bc7-b846-41895f4ebd48:c3155, b4e1f7d4-4bb4-47ed-a9cb-53483a899fb2:c3149, d3916bce-b37b-4246-83c6-d24846ba1a72:c3151]
2019-07-08 14:21:26,076 INFO  client.GrpcClientProtocolClient (GrpcClientProtocolClient.java:onNext(255)) - client-DE0880F50CF2->72f5ceaa-5b3b-4bc7-b846-41895f4ebd48: receive RaftClientReply:client-DE0880F50CF2->72f5ceaa-5b3b-4bc7-b846-41895f4ebd48@group-833AA35A7EDE, cid=2152, SUCCESS, logIndex=0, commits[72f5ceaa-5b3b-4bc7-b846-41895f4ebd48:c3157, b4e1f7d4-4bb4-47ed-a9cb-53483a899fb2:c3151, d3916bce-b37b-4246-83c6-d24846ba1a72:c3153]
2019-07-08 14:21:26,096 INFO  client.GrpcClientProtocolClient (GrpcClientProtocolClient.java:onNext(255)) - client-DE0880F50CF2->72f5ceaa-5b3b-4bc7-b846-41895f4ebd48: receive RaftClientReply:client-DE0880F50CF2->72f5ceaa-5b3b-4bc7-b846-41895f4ebd48@group-833AA35A7EDE, cid=2153, SUCCESS, logIndex=3158, commits[72f5ceaa-5b3b-4bc7-b846-41895f4ebd48:c3159, b4e1f7d4-4bb4-47ed-a9cb-53483a899fb2:c3157, d3916bce-b37b-4246-83c6-d24846ba1a72:c3157]
2019-07-08 14:21:26,096 INFO  client.GrpcClientProtocolClient (GrpcClientProtocolClient.java:onNext(255)) - client-DE0880F50CF2->72f5ceaa-5b3b-4bc7-b846-41895f4ebd48: receive RaftClientReply:client-DE0880F50CF2->72f5ceaa-5b3b-4bc7-b846-41895f4ebd48@group-833AA35A7EDE, cid=2154, SUCCESS, logIndex=3159, commits[72f5ceaa-5b3b-4bc7-b846-41895f4ebd48:c3159, b4e1f7d4-4bb4-47ed-a9cb-53483a899fb2:c3157, d3916bce-b37b-4246-83c6-d24846ba1a72:c3157]
2019-07-08 14:21:26,111 INFO  client.GrpcClientProtocolClient (GrpcClientProtocolClient.java:onNext(255)) - client-DE0880F50CF2->72f5ceaa-5b3b-4bc7-b846-41895f4ebd48: receive RaftClientReply:client-DE0880F50CF2->72f5ceaa-5b3b-4bc7-b846-41895f4ebd48@group-833AA35A7EDE, cid=2155, SUCCESS, logIndex=3162, commits[72f5ceaa-5b3b-4bc7-b846-41895f4ebd48:c3163, b4e1f7d4-4bb4-47ed-a9cb-53483a899fb2:c3159, d3916bce-b37b-4246-83c6-d24846ba1a72:c3159]
2019-07-08 14:21:26,111 INFO  client.GrpcClientProtocolClient (GrpcClientProtocolClient.java:onNext(255)) - client-DE0880F50CF2->72f5ceaa-5b3b-4bc7-b846-41895f4ebd48: receive RaftClientReply:client-DE0880F50CF2->72f5ceaa-5b3b-4bc7-b846-41895f4ebd48@group-833AA35A7EDE, cid=2156, SUCCESS, logIndex=3163, commits[72f5ceaa-5b3b-4bc7-b846-41895f4ebd48:c3163, b4e1f7d4-4bb4-47ed-a9cb-53483a899fb2:c3159, d3916bce-b37b-4246-83c6-d24846ba1a72:c3159]
2019-07-08 14:21:26,126 INFO  client.GrpcClientProtocolClient (GrpcClientProtocolClient.java:onNext(255)) - client-DE0880F50CF2->72f5ceaa-5b3b-4bc7-b846-41895f4ebd48: receive RaftClientReply:client-DE0880F50CF2->72f5ceaa-5b3b-4bc7-b846-41895f4ebd48@group-833AA35A7EDE, cid=2157, SUCCESS, logIndex=0, commits[72f5ceaa-5b3b-4bc7-b846-41895f4ebd48:c3164, b4e1f7d4-4bb4-47ed-a9cb-53483a899fb2:c3163, d3916bce-b37b-4246-83c6-d24846ba1a72:c3163]
2019-07-08 14:21:26,258 INFO  client.GrpcClientProtocolClient (GrpcClientProtocolClient.java:onNext(255)) - client-DE0880F50CF2->72f5ceaa-5b3b-4bc7-b846-41895f4ebd48: receive RaftClientReply:client-DE0880F50CF2->72f5ceaa-5b3b-4bc7-b846-41895f4ebd48@group-833AA35A7EDE, cid=2158, SUCCESS, logIndex=3166, commits[72f5ceaa-5b3b-4bc7-b846-41895f4ebd48:c3167, b4e1f7d4-4bb4-47ed-a9cb-53483a899fb2:c3165, d3916bce-b37b-4246-83c6-d24846ba1a72:c3165]
2019-07-08 14:21:26,259 INFO  client.GrpcClientProtocolClient (GrpcClientProtocolClient.java:onNext(255)) - client-DE0880F50CF2->72f5ceaa-5b3b-4bc7-b846-41895f4ebd48: receive RaftClientReply:client-DE0880F50CF2->72f5ceaa-5b3b-4bc7-b846-41895f4ebd48@group-833AA35A7EDE, cid=2159, SUCCESS, logIndex=3167, commits[72f5ceaa-5b3b-4bc7-b846-41895f4ebd48:c3169, b4e1f7d4-4bb4-47ed-a9cb-53483a899fb2:c3165, d3916bce-b37b-4246-83c6-d24846ba1a72:c3165]
2019-07-08 14:21:26,260 INFO  client.GrpcClientProtocolClient (GrpcClientProtocolClient.java:onNext(255)) - client-DE0880F50CF2->72f5ceaa-5b3b-4bc7-b846-41895f4ebd48: receive RaftClientReply:client-DE0880F50CF2->72f5ceaa-5b3b-4bc7-b846-41895f4ebd48@group-833AA35A7EDE, cid=2160, SUCCESS, logIndex=3168, commits[72f5ceaa-5b3b-4bc7-b846-41895f4ebd48:c3169, b4e1f7d4-4bb4-47ed-a9cb-53483a899fb2:c3165, d3916bce-b37b-4246-83c6-d24846ba1a72:c3165]
2019-07-08 14:21:26,260 INFO  client.GrpcClientProtocolClient (GrpcClientProtocolClient.java:onNext(255)) - client-DE0880F50CF2->72f5ceaa-5b3b-4bc7-b846-41895f4ebd48: receive RaftClientReply:client-DE0880F50CF2->72f5ceaa-5b3b-4bc7-b846-41895f4ebd48@group-833AA35A7EDE, cid=2161, SUCCESS, logIndex=3169, commits[72f5ceaa-5b3b-4bc7-b846-41895f4ebd48:c3169, b4e1f7d4-4bb4-47ed-a9cb-53483a899fb2:c3165, d3916bce-b37b-4246-83c6-d24846ba1a72:c3165]
2019-07-08 14:21:26,261 INFO  client.GrpcClientProtocolClient (GrpcClientProtocolClient.java:onNext(255)) - client-DE0880F50CF2->72f5ceaa-5b3b-4bc7-b846-41895f4ebd48: receive RaftClientReply:client-DE0880F50CF2->72f5ceaa-5b3b-4bc7-b846-41895f4ebd48@group-833AA35A7EDE, cid=2162, SUCCESS, logIndex=0, commits[72f5ceaa-5b3b-4bc7-b846-41895f4ebd48:c3172, b4e1f7d4-4bb4-47ed-a9cb-53483a899fb2:c3169, d3916bce-b37b-4246-83c6-d24846ba1a72:c3167]
2019-07-08 14:21:26,283 INFO  client.GrpcClientProtocolClient (GrpcClientProtocolClient.java:onNext(255)) - client-DE0880F50CF2->72f5ceaa-5b3b-4bc7-b846-41895f4ebd48: receive RaftClientReply:client-DE0880F50CF2->72f5ceaa-5b3b-4bc7-b846-41895f4ebd48@group-833AA35A7EDE, cid=2163, SUCCESS, logIndex=3173, commits[72f5ceaa-5b3b-4bc7-b846-41895f4ebd48:c3174, b4e1f7d4-4bb4-47ed-a9cb-53483a899fb2:c3172, d3916bce-b37b-4246-83c6-d24846ba1a72:c3172]
2019-07-08 14:21:26,283 INFO  client.GrpcClientProtocolClient (GrpcClientProtocolClient.java:onNext(255)) - client-DE0880F50CF2->72f5ceaa-5b3b-4bc7-b846-41895f4ebd48: receive RaftClientReply:client-DE0880F50CF2->72f5ceaa-5b3b-4bc7-b846-41895f4ebd48@group-833AA35A7EDE, cid=2164, SUCCESS, logIndex=3174, commits[72f5ceaa-5b3b-4bc7-b846-41895f4ebd48:c3174, b4e1f7d4-4bb4-47ed-a9cb-53483a899fb2:c3172, d3916bce-b37b-4246-83c6-d24846ba1a72:c3172]
2019-07-08 14:21:26,314 INFO  client.GrpcClientProtocolClient (GrpcClientProtocolClient.java:onNext(255)) - client-DE0880F50CF2->72f5ceaa-5b3b-4bc7-b846-41895f4ebd48: receive RaftClientReply:client-DE0880F50CF2->72f5ceaa-5b3b-4bc7-b846-41895f4ebd48@group-833AA35A7EDE, cid=2165, SUCCESS, logIndex=3177, commits[72f5ceaa-5b3b-4bc7-b846-41895f4ebd48:c3178, b4e1f7d4-4bb4-47ed-a9cb-53483a899fb2:c3174, d3916bce-b37b-4246-83c6-d24846ba1a72:c3173]
2019-07-08 14:21:26,315 INFO  client.GrpcClientProtocolClient (GrpcClientProtocolClient.java:onNext(255)) - client-DE0880F50CF2->72f5ceaa-5b3b-4bc7-b846-41895f4ebd48: receive RaftClientReply:client-DE0880F50CF2->72f5ceaa-5b3b-4bc7-b846-41895f4ebd48@group-833AA35A7EDE, cid=2166, SUCCESS, logIndex=3178, commits[72f5ceaa-5b3b-4bc7-b846-41895f4ebd48:c3178, b4e1f7d4-4bb4-47ed-a9cb-53483a899fb2:c3174, d3916bce-b37b-4246-83c6-d24846ba1a72:c3174]
2019-07-08 14:21:26,326 INFO  client.GrpcClientProtocolClient (GrpcClientProtocolClient.java:onNext(255)) - client-DE0880F50CF2->72f5ceaa-5b3b-4bc7-b846-41895f4ebd48: receive RaftClientReply:client-DE0880F50CF2->72f5ceaa-5b3b-4bc7-b846-41895f4ebd48@group-833AA35A7EDE, cid=2167, SUCCESS, logIndex=0, commits[72f5ceaa-5b3b-4bc7-b846-41895f4ebd48:c3178, b4e1f7d4-4bb4-47ed-a9cb-53483a899fb2:c3178, d3916bce-b37b-4246-83c6-d24846ba1a72:c3178]
2019-07-08 14:21:26,361 INFO  client.GrpcClientProtocolClient (GrpcClientProtocolClient.java:onNext(255)) - client-DE0880F50CF2->72f5ceaa-5b3b-4bc7-b846-41895f4ebd48: receive RaftClientReply:client-DE0880F50CF2->72f5ceaa-5b3b-4bc7-b846-41895f4ebd48@group-833AA35A7EDE, cid=2168, SUCCESS, logIndex=3181, commits[72f5ceaa-5b3b-4bc7-b846-41895f4ebd48:c3183, b4e1f7d4-4bb4-47ed-a9cb-53483a899fb2:c3180, d3916bce-b37b-4246-83c6-d24846ba1a72:c3180]
2019-07-08 14:21:26,362 INFO  client.GrpcClientProtocolClient (GrpcClientProtocolClient.java:onNext(255)) - client-DE0880F50CF2->72f5ceaa-5b3b-4bc7-b846-41895f4ebd48: receive RaftClientReply:client-DE0880F50CF2->72f5ceaa-5b3b-4bc7-b846-41895f4ebd48@group-833AA35A7EDE, cid=2169, SUCCESS, logIndex=3182, commits[72f5ceaa-5b3b-4bc7-b846-41895f4ebd48:c3184, b4e1f7d4-4bb4-47ed-a9cb-53483a899fb2:c3180, d3916bce-b37b-4246-83c6-d24846ba1a72:c3180]
2019-07-08 14:21:26,363 INFO  client.GrpcClientProtocolClient (GrpcClientProtocolClient.java:onNext(255)) - client-DE0880F50CF2->72f5ceaa-5b3b-4bc7-b846-41895f4ebd48: receive RaftClientReply:client-DE0880F50CF2->72f5ceaa-5b3b-4bc7-b846-41895f4ebd48@group-833AA35A7EDE, cid=2170, SUCCESS, logIndex=3183, commits[72f5ceaa-5b3b-4bc7-b846-41895f4ebd48:c3184, b4e1f7d4-4bb4-47ed-a9cb-53483a899fb2:c3180, d3916bce-b37b-4246-83c6-d24846ba1a72:c3180]
2019-07-08 14:21:26,363 INFO  client.GrpcClientProtocolClient (GrpcClientProtocolClient.java:onNext(255)) - client-DE0880F50CF2->72f5ceaa-5b3b-4bc7-b846-41895f4ebd48: receive RaftClientReply:client-DE0880F50CF2->72f5ceaa-5b3b-4bc7-b846-41895f4ebd48@group-833AA35A7EDE, cid=2171, SUCCESS, logIndex=3184, commits[72f5ceaa-5b3b-4bc7-b846-41895f4ebd48:c3184, b4e1f7d4-4bb4-47ed-a9cb-53483a899fb2:c3180, d3916bce-b37b-4246-83c6-d24846ba1a72:c3180]
2019-07-08 14:21:26,375 INFO  client.GrpcClientProtocolClient (GrpcClientProtocolClient.java:onNext(255)) - client-DE0880F50CF2->72f5ceaa-5b3b-4bc7-b846-41895f4ebd48: receive RaftClientReply:client-DE0880F50CF2->72f5ceaa-5b3b-4bc7-b846-41895f4ebd48@group-833AA35A7EDE, cid=2172, SUCCESS, logIndex=0, commits[72f5ceaa-5b3b-4bc7-b846-41895f4ebd48:c3186, b4e1f7d4-4bb4-47ed-a9cb-53483a899fb2:c3183, d3916bce-b37b-4246-83c6-d24846ba1a72:c3182]
2019-07-08 14:21:26,396 INFO  client.GrpcClientProtocolClient (GrpcClientProtocolClient.java:onNext(255)) - client-DE0880F50CF2->72f5ceaa-5b3b-4bc7-b846-41895f4ebd48: receive RaftClientReply:client-DE0880F50CF2->72f5ceaa-5b3b-4bc7-b846-41895f4ebd48@group-833AA35A7EDE, cid=2173, SUCCESS, logIndex=3189, commits[72f5ceaa-5b3b-4bc7-b846-41895f4ebd48:c3190, b4e1f7d4-4bb4-47ed-a9cb-53483a899fb2:c3188, d3916bce-b37b-4246-83c6-d24846ba1a72:c3188]
2019-07-08 14:21:26,397 INFO  client.GrpcClientProtocolClient (GrpcClientProtocolClient.java:onNext(255)) - client-DE0880F50CF2->72f5ceaa-5b3b-4bc7-b846-41895f4ebd48: receive RaftClientReply:client-DE0880F50CF2->72f5ceaa-5b3b-4bc7-b846-41895f4ebd48@group-833AA35A7EDE, cid=2174, SUCCESS, logIndex=3190, commits[72f5ceaa-5b3b-4bc7-b846-41895f4ebd48:c3190, b4e1f7d4-4bb4-47ed-a9cb-53483a899fb2:c3188, d3916bce-b37b-4246-83c6-d24846ba1a72:c3188]
2019-07-08 14:21:26,410 INFO  client.GrpcClientProtocolClient (GrpcClientProtocolClient.java:onNext(255)) - client-DE0880F50CF2->72f5ceaa-5b3b-4bc7-b846-41895f4ebd48: receive RaftClientReply:client-DE0880F50CF2->72f5ceaa-5b3b-4bc7-b846-41895f4ebd48@group-833AA35A7EDE, cid=2175, SUCCESS, logIndex=3193, commits[72f5ceaa-5b3b-4bc7-b846-41895f4ebd48:c3194, b4e1f7d4-4bb4-47ed-a9cb-53483a899fb2:c3190, d3916bce-b37b-4246-83c6-d24846ba1a72:c3190]
2019-07-08 14:21:26,410 INFO  client.GrpcClientProtocolClient (GrpcClientProtocolClient.java:onNext(255)) - client-DE0880F50CF2->72f5ceaa-5b3b-4bc7-b846-41895f4ebd48: receive RaftClientReply:client-DE0880F50CF2->72f5ceaa-5b3b-4bc7-b846-41895f4ebd48@group-833AA35A7EDE, cid=2176, SUCCESS, logIndex=3194, commits[72f5ceaa-5b3b-4bc7-b846-41895f4ebd48:c3194, b4e1f7d4-4bb4-47ed-a9cb-53483a899fb2:c3190, d3916bce-b37b-4246-83c6-d24846ba1a72:c3190]
2019-07-08 14:21:26,424 INFO  client.GrpcClientProtocolClient (GrpcClientProtocolClient.java:onNext(255)) - client-DE0880F50CF2->72f5ceaa-5b3b-4bc7-b846-41895f4ebd48: receive RaftClientReply:client-DE0880F50CF2->72f5ceaa-5b3b-4bc7-b846-41895f4ebd48@group-833AA35A7EDE, cid=2177, SUCCESS, logIndex=0, commits[72f5ceaa-5b3b-4bc7-b846-41895f4ebd48:c3196, b4e1f7d4-4bb4-47ed-a9cb-53483a899fb2:c3194, d3916bce-b37b-4246-83c6-d24846ba1a72:c3194]
2019-07-08 14:21:26,452 INFO  client.GrpcClientProtocolClient (GrpcClientProtocolClient.java:onNext(255)) - client-DE0880F50CF2->72f5ceaa-5b3b-4bc7-b846-41895f4ebd48: receive RaftClientReply:client-DE0880F50CF2->72f5ceaa-5b3b-4bc7-b846-41895f4ebd48@group-833AA35A7EDE, cid=2178, SUCCESS, logIndex=3197, commits[72f5ceaa-5b3b-4bc7-b846-41895f4ebd48:c3198, b4e1f7d4-4bb4-47ed-a9cb-53483a899fb2:c3196, d3916bce-b37b-4246-83c6-d24846ba1a72:c3196]
2019-07-08 14:21:26,453 INFO  client.GrpcClientProtocolClient (GrpcClientProtocolClient.java:onNext(255)) - client-DE0880F50CF2->72f5ceaa-5b3b-4bc7-b846-41895f4ebd48: receive RaftClientReply:client-DE0880F50CF2->72f5ceaa-5b3b-4bc7-b846-41895f4ebd48@group-833AA35A7EDE, cid=2179, SUCCESS, logIndex=3198, commits[72f5ceaa-5b3b-4bc7-b846-41895f4ebd48:c3200, b4e1f7d4-4bb4-47ed-a9cb-53483a899fb2:c3196, d3916bce-b37b-4246-83c6-d24846ba1a72:c3196]
2019-07-08 14:21:26,453 INFO  client.GrpcClientProtocolClient (GrpcClientProtocolClient.java:onNext(255)) - client-DE0880F50CF2->72f5ceaa-5b3b-4bc7-b846-41895f4ebd48: receive RaftClientReply:client-DE0880F50CF2->72f5ceaa-5b3b-4bc7-b846-41895f4ebd48@group-833AA35A7EDE, cid=2180, SUCCESS, logIndex=3199, commits[72f5ceaa-5b3b-4bc7-b846-41895f4ebd48:c3200, b4e1f7d4-4bb4-47ed-a9cb-53483a899fb2:c3196, d3916bce-b37b-4246-83c6-d24846ba1a72:c3196]
2019-07-08 14:21:26,454 INFO  client.GrpcClientProtocolClient (GrpcClientProtocolClient.java:onNext(255)) - client-DE0880F50CF2->72f5ceaa-5b3b-4bc7-b846-41895f4ebd48: receive RaftClientReply:client-DE0880F50CF2->72f5ceaa-5b3b-4bc7-b846-41895f4ebd48@group-833AA35A7EDE, cid=2181, SUCCESS, logIndex=3200, commits[72f5ceaa-5b3b-4bc7-b846-41895f4ebd48:c3200, b4e1f7d4-4bb4-47ed-a9cb-53483a899fb2:c3196, d3916bce-b37b-4246-83c6-d24846ba1a72:c3196]
2019-07-08 14:21:26,467 INFO  client.GrpcClientProtocolClient (GrpcClientProtocolClient.java:onNext(255)) - client-DE0880F50CF2->72f5ceaa-5b3b-4bc7-b846-41895f4ebd48: receive RaftClientReply:client-DE0880F50CF2->72f5ceaa-5b3b-4bc7-b846-41895f4ebd48@group-833AA35A7EDE, cid=2182, SUCCESS, logIndex=0, commits[72f5ceaa-5b3b-4bc7-b846-41895f4ebd48:c3202, b4e1f7d4-4bb4-47ed-a9cb-53483a899fb2:c3198, d3916bce-b37b-4246-83c6-d24846ba1a72:c3198]
2019-07-08 14:21:26,500 INFO  client.GrpcClientProtocolClient (GrpcClientProtocolClient.java:onNext(255)) - client-DE0880F50CF2->72f5ceaa-5b3b-4bc7-b846-41895f4ebd48: receive RaftClientReply:client-DE0880F50CF2->72f5ceaa-5b3b-4bc7-b846-41895f4ebd48@group-833AA35A7EDE, cid=2183, SUCCESS, logIndex=3204, commits[72f5ceaa-5b3b-4bc7-b846-41895f4ebd48:c3204, b4e1f7d4-4bb4-47ed-a9cb-53483a899fb2:c3203, d3916bce-b37b-4246-83c6-d24846ba1a72:c3203]
2019-07-08 14:21:26,501 INFO  client.GrpcClientProtocolClient (GrpcClientProtocolClient.java:onNext(255)) - client-DE0880F50CF2->72f5ceaa-5b3b-4bc7-b846-41895f4ebd48: receive RaftClientReply:client-DE0880F50CF2->72f5ceaa-5b3b-4bc7-b846-41895f4ebd48@group-833AA35A7EDE, cid=2184, SUCCESS, logIndex=3205, commits[72f5ceaa-5b3b-4bc7-b846-41895f4ebd48:c3205, b4e1f7d4-4bb4-47ed-a9cb-53483a899fb2:c3203, d3916bce-b37b-4246-83c6-d24846ba1a72:c3203]
2019-07-08 14:21:26,514 INFO  client.GrpcClientProtocolClient (GrpcClientProtocolClient.java:onNext(255)) - client-DE0880F50CF2->72f5ceaa-5b3b-4bc7-b846-41895f4ebd48: receive RaftClientReply:client-DE0880F50CF2->72f5ceaa-5b3b-4bc7-b846-41895f4ebd48@group-833AA35A7EDE, cid=2185, SUCCESS, logIndex=3208, commits[72f5ceaa-5b3b-4bc7-b846-41895f4ebd48:c3209, b4e1f7d4-4bb4-47ed-a9cb-53483a899fb2:c3204, d3916bce-b37b-4246-83c6-d24846ba1a72:c3205]
2019-07-08 14:21:26,515 INFO  client.GrpcClientProtocolClient (GrpcClientProtocolClient.java:onNext(255)) - client-DE0880F50CF2->72f5ceaa-5b3b-4bc7-b846-41895f4ebd48: receive RaftClientReply:client-DE0880F50CF2->72f5ceaa-5b3b-4bc7-b846-41895f4ebd48@group-833AA35A7EDE, cid=2186, SUCCESS, logIndex=3209, commits[72f5ceaa-5b3b-4bc7-b846-41895f4ebd48:c3209, b4e1f7d4-4bb4-47ed-a9cb-53483a899fb2:c3205, d3916bce-b37b-4246-83c6-d24846ba1a72:c3205]
2019-07-08 14:21:26,517 INFO  client.GrpcClientProtocolClient (GrpcClientProtocolClient.java:onNext(255)) - client-DE0880F50CF2->72f5ceaa-5b3b-4bc7-b846-41895f4ebd48: receive RaftClientReply:client-DE0880F50CF2->72f5ceaa-5b3b-4bc7-b846-41895f4ebd48@group-833AA35A7EDE, cid=2187, SUCCESS, logIndex=0, commits[72f5ceaa-5b3b-4bc7-b846-41895f4ebd48:c3210, b4e1f7d4-4bb4-47ed-a9cb-53483a899fb2:c3209, d3916bce-b37b-4246-83c6-d24846ba1a72:c3209]
2019-07-08 14:21:26,548 INFO  client.GrpcClientProtocolClient (GrpcClientProtocolClient.java:onNext(255)) - client-DE0880F50CF2->72f5ceaa-5b3b-4bc7-b846-41895f4ebd48: receive RaftClientReply:client-DE0880F50CF2->72f5ceaa-5b3b-4bc7-b846-41895f4ebd48@group-833AA35A7EDE, cid=2188, SUCCESS, logIndex=3212, commits[72f5ceaa-5b3b-4bc7-b846-41895f4ebd48:c3215, b4e1f7d4-4bb4-47ed-a9cb-53483a899fb2:c3211, d3916bce-b37b-4246-83c6-d24846ba1a72:c3211]
2019-07-08 14:21:26,549 INFO  client.GrpcClientProtocolClient (GrpcClientProtocolClient.java:onNext(255)) - client-DE0880F50CF2->72f5ceaa-5b3b-4bc7-b846-41895f4ebd48: receive RaftClientReply:client-DE0880F50CF2->72f5ceaa-5b3b-4bc7-b846-41895f4ebd48@group-833AA35A7EDE, cid=2189, SUCCESS, logIndex=3213, commits[72f5ceaa-5b3b-4bc7-b846-41895f4ebd48:c3215, b4e1f7d4-4bb4-47ed-a9cb-53483a899fb2:c3211, d3916bce-b37b-4246-83c6-d24846ba1a72:c3211]
2019-07-08 14:21:26,549 INFO  client.GrpcClientProtocolClient (GrpcClientProtocolClient.java:onNext(255)) - client-DE0880F50CF2->72f5ceaa-5b3b-4bc7-b846-41895f4ebd48: receive RaftClientReply:client-DE0880F50CF2->72f5ceaa-5b3b-4bc7-b846-41895f4ebd48@group-833AA35A7EDE, cid=2190, SUCCESS, logIndex=3214, commits[72f5ceaa-5b3b-4bc7-b846-41895f4ebd48:c3216, b4e1f7d4-4bb4-47ed-a9cb-53483a899fb2:c3211, d3916bce-b37b-4246-83c6-d24846ba1a72:c3212]
2019-07-08 14:21:26,550 INFO  client.GrpcClientProtocolClient (GrpcClientProtocolClient.java:onNext(255)) - client-DE0880F50CF2->72f5ceaa-5b3b-4bc7-b846-41895f4ebd48: receive RaftClientReply:client-DE0880F50CF2->72f5ceaa-5b3b-4bc7-b846-41895f4ebd48@group-833AA35A7EDE, cid=2191, SUCCESS, logIndex=3215, commits[72f5ceaa-5b3b-4bc7-b846-41895f4ebd48:c3216, b4e1f7d4-4bb4-47ed-a9cb-53483a899fb2:c3212, d3916bce-b37b-4246-83c6-d24846ba1a72:c3212]
2019-07-08 14:21:26,551 INFO  client.GrpcClientProtocolClient (GrpcClientProtocolClient.java:onNext(255)) - client-DE0880F50CF2->72f5ceaa-5b3b-4bc7-b846-41895f4ebd48: receive RaftClientReply:client-DE0880F50CF2->72f5ceaa-5b3b-4bc7-b846-41895f4ebd48@group-833AA35A7EDE, cid=2192, SUCCESS, logIndex=0, commits[72f5ceaa-5b3b-4bc7-b846-41895f4ebd48:c3219, b4e1f7d4-4bb4-47ed-a9cb-53483a899fb2:c3215, d3916bce-b37b-4246-83c6-d24846ba1a72:c3213]
2019-07-08 14:21:26,576 INFO  client.GrpcClientProtocolClient (GrpcClientProtocolClient.java:onNext(255)) - client-DE0880F50CF2->72f5ceaa-5b3b-4bc7-b846-41895f4ebd48: receive RaftClientReply:client-DE0880F50CF2->72f5ceaa-5b3b-4bc7-b846-41895f4ebd48@group-833AA35A7EDE, cid=2193, SUCCESS, logIndex=3220, commits[72f5ceaa-5b3b-4bc7-b846-41895f4ebd48:c3221, b4e1f7d4-4bb4-47ed-a9cb-53483a899fb2:c3219, d3916bce-b37b-4246-83c6-d24846ba1a72:c3219]
2019-07-08 14:21:26,577 INFO  client.GrpcClientProtocolClient (GrpcClientProtocolClient.java:onNext(255)) - client-DE0880F50CF2->72f5ceaa-5b3b-4bc7-b846-41895f4ebd48: receive RaftClientReply:client-DE0880F50CF2->72f5ceaa-5b3b-4bc7-b846-41895f4ebd48@group-833AA35A7EDE, cid=2194, SUCCESS, logIndex=3221, commits[72f5ceaa-5b3b-4bc7-b846-41895f4ebd48:c3221, b4e1f7d4-4bb4-47ed-a9cb-53483a899fb2:c3219, d3916bce-b37b-4246-83c6-d24846ba1a72:c3219]
2019-07-08 14:21:26,590 INFO  client.GrpcClientProtocolClient (GrpcClientProtocolClient.java:onNext(255)) - client-DE0880F50CF2->72f5ceaa-5b3b-4bc7-b846-41895f4ebd48: receive RaftClientReply:client-DE0880F50CF2->72f5ceaa-5b3b-4bc7-b846-41895f4ebd48@group-833AA35A7EDE, cid=2195, SUCCESS, logIndex=3224, commits[72f5ceaa-5b3b-4bc7-b846-41895f4ebd48:c3225, b4e1f7d4-4bb4-47ed-a9cb-53483a899fb2:c3220, d3916bce-b37b-4246-83c6-d24846ba1a72:c3221]
2019-07-08 14:21:26,591 INFO  client.GrpcClientProtocolClient (GrpcClientProtocolClient.java:onNext(255)) - client-DE0880F50CF2->72f5ceaa-5b3b-4bc7-b846-41895f4ebd48: receive RaftClientReply:client-DE0880F50CF2->72f5ceaa-5b3b-4bc7-b846-41895f4ebd48@group-833AA35A7EDE, cid=2196, SUCCESS, logIndex=3225, commits[72f5ceaa-5b3b-4bc7-b846-41895f4ebd48:c3225, b4e1f7d4-4bb4-47ed-a9cb-53483a899fb2:c3221, d3916bce-b37b-4246-83c6-d24846ba1a72:c3221]
2019-07-08 14:21:26,592 INFO  client.GrpcClientProtocolClient (GrpcClientProtocolClient.java:onNext(255)) - client-DE0880F50CF2->72f5ceaa-5b3b-4bc7-b846-41895f4ebd48: receive RaftClientReply:client-DE0880F50CF2->72f5ceaa-5b3b-4bc7-b846-41895f4ebd48@group-833AA35A7EDE, cid=2197, SUCCESS, logIndex=0, commits[72f5ceaa-5b3b-4bc7-b846-41895f4ebd48:c3226, b4e1f7d4-4bb4-47ed-a9cb-53483a899fb2:c3225, d3916bce-b37b-4246-83c6-d24846ba1a72:c3225]
2019-07-08 14:21:26,627 INFO  client.GrpcClientProtocolClient (GrpcClientProtocolClient.java:onNext(255)) - client-DE0880F50CF2->72f5ceaa-5b3b-4bc7-b846-41895f4ebd48: receive RaftClientReply:client-DE0880F50CF2->72f5ceaa-5b3b-4bc7-b846-41895f4ebd48@group-833AA35A7EDE, cid=2198, SUCCESS, logIndex=3228, commits[72f5ceaa-5b3b-4bc7-b846-41895f4ebd48:c3229, b4e1f7d4-4bb4-47ed-a9cb-53483a899fb2:c3227, d3916bce-b37b-4246-83c6-d24846ba1a72:c3227]
2019-07-08 14:21:26,627 INFO  client.GrpcClientProtocolClient (GrpcClientProtocolClient.java:onNext(255)) - client-DE0880F50CF2->72f5ceaa-5b3b-4bc7-b846-41895f4ebd48: receive RaftClientReply:client-DE0880F50CF2->72f5ceaa-5b3b-4bc7-b846-41895f4ebd48@group-833AA35A7EDE, cid=2199, SUCCESS, logIndex=3229, commits[72f5ceaa-5b3b-4bc7-b846-41895f4ebd48:c3231, b4e1f7d4-4bb4-47ed-a9cb-53483a899fb2:c3227, d3916bce-b37b-4246-83c6-d24846ba1a72:c3227]
2019-07-08 14:21:26,628 INFO  client.GrpcClientProtocolClient (GrpcClientProtocolClient.java:onNext(255)) - client-DE0880F50CF2->72f5ceaa-5b3b-4bc7-b846-41895f4ebd48: receive RaftClientReply:client-DE0880F50CF2->72f5ceaa-5b3b-4bc7-b846-41895f4ebd48@group-833AA35A7EDE, cid=2200, SUCCESS, logIndex=3230, commits[72f5ceaa-5b3b-4bc7-b846-41895f4ebd48:c3231, b4e1f7d4-4bb4-47ed-a9cb-53483a899fb2:c3227, d3916bce-b37b-4246-83c6-d24846ba1a72:c3227]
2019-07-08 14:21:26,628 INFO  client.GrpcClientProtocolClient (GrpcClientProtocolClient.java:onNext(255)) - client-DE0880F50CF2->72f5ceaa-5b3b-4bc7-b846-41895f4ebd48: receive RaftClientReply:client-DE0880F50CF2->72f5ceaa-5b3b-4bc7-b846-41895f4ebd48@group-833AA35A7EDE, cid=2201, SUCCESS, logIndex=3231, commits[72f5ceaa-5b3b-4bc7-b846-41895f4ebd48:c3231, b4e1f7d4-4bb4-47ed-a9cb-53483a899fb2:c3227, d3916bce-b37b-4246-83c6-d24846ba1a72:c3227]
2019-07-08 14:21:26,649 INFO  client.GrpcClientProtocolClient (GrpcClientProtocolClient.java:onNext(255)) - client-DE0880F50CF2->72f5ceaa-5b3b-4bc7-b846-41895f4ebd48: receive RaftClientReply:client-DE0880F50CF2->72f5ceaa-5b3b-4bc7-b846-41895f4ebd48@group-833AA35A7EDE, cid=2202, SUCCESS, logIndex=0, commits[72f5ceaa-5b3b-4bc7-b846-41895f4ebd48:c3233, b4e1f7d4-4bb4-47ed-a9cb-53483a899fb2:c3229, d3916bce-b37b-4246-83c6-d24846ba1a72:c3229]
2019-07-08 14:21:26,670 INFO  client.GrpcClientProtocolClient (GrpcClientProtocolClient.java:onNext(255)) - client-DE0880F50CF2->72f5ceaa-5b3b-4bc7-b846-41895f4ebd48: receive RaftClientReply:client-DE0880F50CF2->72f5ceaa-5b3b-4bc7-b846-41895f4ebd48@group-833AA35A7EDE, cid=2203, SUCCESS, logIndex=3235, commits[72f5ceaa-5b3b-4bc7-b846-41895f4ebd48:c3236, b4e1f7d4-4bb4-47ed-a9cb-53483a899fb2:c3234, d3916bce-b37b-4246-83c6-d24846ba1a72:c3234]
2019-07-08 14:21:26,670 INFO  client.GrpcClientProtocolClient (GrpcClientProtocolClient.java:onNext(255)) - client-DE0880F50CF2->72f5ceaa-5b3b-4bc7-b846-41895f4ebd48: receive RaftClientReply:client-DE0880F50CF2->72f5ceaa-5b3b-4bc7-b846-41895f4ebd48@group-833AA35A7EDE, cid=2204, SUCCESS, logIndex=3236, commits[72f5ceaa-5b3b-4bc7-b846-41895f4ebd48:c3236, b4e1f7d4-4bb4-47ed-a9cb-53483a899fb2:c3234, d3916bce-b37b-4246-83c6-d24846ba1a72:c3234]
2019-07-08 14:21:26,685 INFO  client.GrpcClientProtocolClient (GrpcClientProtocolClient.java:onNext(255)) - client-DE0880F50CF2->72f5ceaa-5b3b-4bc7-b846-41895f4ebd48: receive RaftClientReply:client-DE0880F50CF2->72f5ceaa-5b3b-4bc7-b846-41895f4ebd48@group-833AA35A7EDE, cid=2205, SUCCESS, logIndex=3239, commits[72f5ceaa-5b3b-4bc7-b846-41895f4ebd48:c3240, b4e1f7d4-4bb4-47ed-a9cb-53483a899fb2:c3236, d3916bce-b37b-4246-83c6-d24846ba1a72:c3236]
2019-07-08 14:21:26,685 INFO  client.GrpcClientProtocolClient (GrpcClientProtocolClient.java:onNext(255)) - client-DE0880F50CF2->72f5ceaa-5b3b-4bc7-b846-41895f4ebd48: receive RaftClientReply:client-DE0880F50CF2->72f5ceaa-5b3b-4bc7-b846-41895f4ebd48@group-833AA35A7EDE, cid=2206, SUCCESS, logIndex=3240, commits[72f5ceaa-5b3b-4bc7-b846-41895f4ebd48:c3240, b4e1f7d4-4bb4-47ed-a9cb-53483a899fb2:c3236, d3916bce-b37b-4246-83c6-d24846ba1a72:c3236]
2019-07-08 14:21:26,700 INFO  client.GrpcClientProtocolClient (GrpcClientProtocolClient.java:onNext(255)) - client-DE0880F50CF2->72f5ceaa-5b3b-4bc7-b846-41895f4ebd48: receive RaftClientReply:client-DE0880F50CF2->72f5ceaa-5b3b-4bc7-b846-41895f4ebd48@group-833AA35A7EDE, cid=2207, SUCCESS, logIndex=0, commits[72f5ceaa-5b3b-4bc7-b846-41895f4ebd48:c3242, b4e1f7d4-4bb4-47ed-a9cb-53483a899fb2:c3240, d3916bce-b37b-4246-83c6-d24846ba1a72:c3240]
2019-07-08 14:21:26,731 INFO  client.GrpcClientProtocolClient (GrpcClientProtocolClient.java:onNext(255)) - client-DE0880F50CF2->72f5ceaa-5b3b-4bc7-b846-41895f4ebd48: receive RaftClientReply:client-DE0880F50CF2->72f5ceaa-5b3b-4bc7-b846-41895f4ebd48@group-833AA35A7EDE, cid=2208, SUCCESS, logIndex=3243, commits[72f5ceaa-5b3b-4bc7-b846-41895f4ebd48:c3245, b4e1f7d4-4bb4-47ed-a9cb-53483a899fb2:c3242, d3916bce-b37b-4246-83c6-d24846ba1a72:c3242]
2019-07-08 14:21:26,732 INFO  client.GrpcClientProtocolClient (GrpcClientProtocolClient.java:onNext(255)) - client-DE0880F50CF2->72f5ceaa-5b3b-4bc7-b846-41895f4ebd48: receive RaftClientReply:client-DE0880F50CF2->72f5ceaa-5b3b-4bc7-b846-41895f4ebd48@group-833AA35A7EDE, cid=2209, SUCCESS, logIndex=3244, commits[72f5ceaa-5b3b-4bc7-b846-41895f4ebd48:c3246, b4e1f7d4-4bb4-47ed-a9cb-53483a899fb2:c3242, d3916bce-b37b-4246-83c6-d24846ba1a72:c3242]
2019-07-08 14:21:26,732 INFO  client.GrpcClientProtocolClient (GrpcClientProtocolClient.java:onNext(255)) - client-DE0880F50CF2->72f5ceaa-5b3b-4bc7-b846-41895f4ebd48: receive RaftClientReply:client-DE0880F50CF2->72f5ceaa-5b3b-4bc7-b846-41895f4ebd48@group-833AA35A7EDE, cid=2210, SUCCESS, logIndex=3245, commits[72f5ceaa-5b3b-4bc7-b846-41895f4ebd48:c3246, b4e1f7d4-4bb4-47ed-a9cb-53483a899fb2:c3242, d3916bce-b37b-4246-83c6-d24846ba1a72:c3242]
2019-07-08 14:21:26,732 INFO  client.GrpcClientProtocolClient (GrpcClientProtocolClient.java:onNext(255)) - client-DE0880F50CF2->72f5ceaa-5b3b-4bc7-b846-41895f4ebd48: receive RaftClientReply:client-DE0880F50CF2->72f5ceaa-5b3b-4bc7-b846-41895f4ebd48@group-833AA35A7EDE, cid=2211, SUCCESS, logIndex=3246, commits[72f5ceaa-5b3b-4bc7-b846-41895f4ebd48:c3246, b4e1f7d4-4bb4-47ed-a9cb-53483a899fb2:c3242, d3916bce-b37b-4246-83c6-d24846ba1a72:c3242]
2019-07-08 14:21:26,746 INFO  client.GrpcClientProtocolClient (GrpcClientProtocolClient.java:onNext(255)) - client-DE0880F50CF2->72f5ceaa-5b3b-4bc7-b846-41895f4ebd48: receive RaftClientReply:client-DE0880F50CF2->72f5ceaa-5b3b-4bc7-b846-41895f4ebd48@group-833AA35A7EDE, cid=2212, SUCCESS, logIndex=0, commits[72f5ceaa-5b3b-4bc7-b846-41895f4ebd48:c3248, b4e1f7d4-4bb4-47ed-a9cb-53483a899fb2:c3245, d3916bce-b37b-4246-83c6-d24846ba1a72:c3245]
2019-07-08 14:21:26,764 INFO  client.GrpcClientProtocolClient (GrpcClientProtocolClient.java:onNext(255)) - client-DE0880F50CF2->72f5ceaa-5b3b-4bc7-b846-41895f4ebd48: receive RaftClientReply:client-DE0880F50CF2->72f5ceaa-5b3b-4bc7-b846-41895f4ebd48@group-833AA35A7EDE, cid=2213, SUCCESS, logIndex=3251, commits[72f5ceaa-5b3b-4bc7-b846-41895f4ebd48:c3252, b4e1f7d4-4bb4-47ed-a9cb-53483a899fb2:c3250, d3916bce-b37b-4246-83c6-d24846ba1a72:c3250]
2019-07-08 14:21:26,765 INFO  client.GrpcClientProtocolClient (GrpcClientProtocolClient.java:onNext(255)) - client-DE0880F50CF2->72f5ceaa-5b3b-4bc7-b846-41895f4ebd48: receive RaftClientReply:client-DE0880F50CF2->72f5ceaa-5b3b-4bc7-b846-41895f4ebd48@group-833AA35A7EDE, cid=2214, SUCCESS, logIndex=3252, commits[72f5ceaa-5b3b-4bc7-b846-41895f4ebd48:c3252, b4e1f7d4-4bb4-47ed-a9cb-53483a899fb2:c3250, d3916bce-b37b-4246-83c6-d24846ba1a72:c3250]
2019-07-08 14:21:26,780 INFO  client.GrpcClientProtocolClient (GrpcClientProtocolClient.java:onNext(255)) - client-DE0880F50CF2->72f5ceaa-5b3b-4bc7-b846-41895f4ebd48: receive RaftClientReply:client-DE0880F50CF2->72f5ceaa-5b3b-4bc7-b846-41895f4ebd48@group-833AA35A7EDE, cid=2215, SUCCESS, logIndex=3255, commits[72f5ceaa-5b3b-4bc7-b846-41895f4ebd48:c3256, b4e1f7d4-4bb4-47ed-a9cb-53483a899fb2:c3252, d3916bce-b37b-4246-83c6-d24846ba1a72:c3252]
2019-07-08 14:21:26,780 INFO  client.GrpcClientProtocolClient (GrpcClientProtocolClient.java:onNext(255)) - client-DE0880F50CF2->72f5ceaa-5b3b-4bc7-b846-41895f4ebd48: receive RaftClientReply:client-DE0880F50CF2->72f5ceaa-5b3b-4bc7-b846-41895f4ebd48@group-833AA35A7EDE, cid=2216, SUCCESS, logIndex=3256, commits[72f5ceaa-5b3b-4bc7-b846-41895f4ebd48:c3256, b4e1f7d4-4bb4-47ed-a9cb-53483a899fb2:c3252, d3916bce-b37b-4246-83c6-d24846ba1a72:c3252]
2019-07-08 14:21:26,791 INFO  client.GrpcClientProtocolClient (GrpcClientProtocolClient.java:onNext(255)) - client-DE0880F50CF2->72f5ceaa-5b3b-4bc7-b846-41895f4ebd48: receive RaftClientReply:client-DE0880F50CF2->72f5ceaa-5b3b-4bc7-b846-41895f4ebd48@group-833AA35A7EDE, cid=2217, SUCCESS, logIndex=0, commits[72f5ceaa-5b3b-4bc7-b846-41895f4ebd48:c3257, b4e1f7d4-4bb4-47ed-a9cb-53483a899fb2:c3256, d3916bce-b37b-4246-83c6-d24846ba1a72:c3256]
2019-07-08 14:21:26,828 INFO  client.GrpcClientProtocolClient (GrpcClientProtocolClient.java:onNext(255)) - client-DE0880F50CF2->72f5ceaa-5b3b-4bc7-b846-41895f4ebd48: receive RaftClientReply:client-DE0880F50CF2->72f5ceaa-5b3b-4bc7-b846-41895f4ebd48@group-833AA35A7EDE, cid=2218, SUCCESS, logIndex=3259, commits[72f5ceaa-5b3b-4bc7-b846-41895f4ebd48:c3262, b4e1f7d4-4bb4-47ed-a9cb-53483a899fb2:c3258, d3916bce-b37b-4246-83c6-d24846ba1a72:c3258]
2019-07-08 14:21:26,829 INFO  client.GrpcClientProtocolClient (GrpcClientProtocolClient.java:onNext(255)) - client-DE0880F50CF2->72f5ceaa-5b3b-4bc7-b846-41895f4ebd48: receive RaftClientReply:client-DE0880F50CF2->72f5ceaa-5b3b-4bc7-b846-41895f4ebd48@group-833AA35A7EDE, cid=2219, SUCCESS, logIndex=3260, commits[72f5ceaa-5b3b-4bc7-b846-41895f4ebd48:c3262, b4e1f7d4-4bb4-47ed-a9cb-53483a899fb2:c3258, d3916bce-b37b-4246-83c6-d24846ba1a72:c3258]
2019-07-08 14:21:26,829 INFO  client.GrpcClientProtocolClient (GrpcClientProtocolClient.java:onNext(255)) - client-DE0880F50CF2->72f5ceaa-5b3b-4bc7-b846-41895f4ebd48: receive RaftClientReply:client-DE0880F50CF2->72f5ceaa-5b3b-4bc7-b846-41895f4ebd48@group-833AA35A7EDE, cid=2220, SUCCESS, logIndex=3261, commits[72f5ceaa-5b3b-4bc7-b846-41895f4ebd48:c3262, b4e1f7d4-4bb4-47ed-a9cb-53483a899fb2:c3258, d3916bce-b37b-4246-83c6-d24846ba1a72:c3258]
2019-07-08 14:21:26,829 INFO  client.GrpcClientProtocolClient (GrpcClientProtocolClient.java:onNext(255)) - client-DE0880F50CF2->72f5ceaa-5b3b-4bc7-b846-41895f4ebd48: receive RaftClientReply:client-DE0880F50CF2->72f5ceaa-5b3b-4bc7-b846-41895f4ebd48@group-833AA35A7EDE, cid=2221, SUCCESS, logIndex=3262, commits[72f5ceaa-5b3b-4bc7-b846-41895f4ebd48:c3262, b4e1f7d4-4bb4-47ed-a9cb-53483a899fb2:c3258, d3916bce-b37b-4246-83c6-d24846ba1a72:c3258]
2019-07-08 14:21:26,854 INFO  client.GrpcClientProtocolClient (GrpcClientProtocolClient.java:onNext(255)) - client-DE0880F50CF2->72f5ceaa-5b3b-4bc7-b846-41895f4ebd48: receive RaftClientReply:client-DE0880F50CF2->72f5ceaa-5b3b-4bc7-b846-41895f4ebd48@group-833AA35A7EDE, cid=2222, SUCCESS, logIndex=0, commits[72f5ceaa-5b3b-4bc7-b846-41895f4ebd48:c3265, b4e1f7d4-4bb4-47ed-a9cb-53483a899fb2:c3262, d3916bce-b37b-4246-83c6-d24846ba1a72:c3261]
 0.00% |█                                                                                                    |  0/1 Time: 0:00:212019-07-08 14:21:26,875 INFO  client.GrpcClientProtocolClient (GrpcClientProtocolClient.java:onNext(255)) - client-DE0880F50CF2->72f5ceaa-5b3b-4bc7-b846-41895f4ebd48: receive RaftClientReply:client-DE0880F50CF2->72f5ceaa-5b3b-4bc7-b846-41895f4ebd48@group-833AA35A7EDE, cid=2223, SUCCESS, logIndex=3266, commits[72f5ceaa-5b3b-4bc7-b846-41895f4ebd48:c3267, b4e1f7d4-4bb4-47ed-a9cb-53483a899fb2:c3265, d3916bce-b37b-4246-83c6-d24846ba1a72:c3265]
2019-07-08 14:21:26,876 INFO  client.GrpcClientProtocolClient (GrpcClientProtocolClient.java:onNext(255)) - client-DE0880F50CF2->72f5ceaa-5b3b-4bc7-b846-41895f4ebd48: receive RaftClientReply:client-DE0880F50CF2->72f5ceaa-5b3b-4bc7-b846-41895f4ebd48@group-833AA35A7EDE, cid=2224, SUCCESS, logIndex=3267, commits[72f5ceaa-5b3b-4bc7-b846-41895f4ebd48:c3267, b4e1f7d4-4bb4-47ed-a9cb-53483a899fb2:c3265, d3916bce-b37b-4246-83c6-d24846ba1a72:c3265]
2019-07-08 14:21:26,890 INFO  client.GrpcClientProtocolClient (GrpcClientProtocolClient.java:onNext(255)) - client-DE0880F50CF2->72f5ceaa-5b3b-4bc7-b846-41895f4ebd48: receive RaftClientReply:client-DE0880F50CF2->72f5ceaa-5b3b-4bc7-b846-41895f4ebd48@group-833AA35A7EDE, cid=2225, SUCCESS, logIndex=3270, commits[72f5ceaa-5b3b-4bc7-b846-41895f4ebd48:c3271, b4e1f7d4-4bb4-47ed-a9cb-53483a899fb2:c3267, d3916bce-b37b-4246-83c6-d24846ba1a72:c3267]
2019-07-08 14:21:26,891 INFO  client.GrpcClientProtocolClient (GrpcClientProtocolClient.java:onNext(255)) - client-DE0880F50CF2->72f5ceaa-5b3b-4bc7-b846-41895f4ebd48: receive RaftClientReply:client-DE0880F50CF2->72f5ceaa-5b3b-4bc7-b846-41895f4ebd48@group-833AA35A7EDE, cid=2226, SUCCESS, logIndex=3271, commits[72f5ceaa-5b3b-4bc7-b846-41895f4ebd48:c3271, b4e1f7d4-4bb4-47ed-a9cb-53483a899fb2:c3267, d3916bce-b37b-4246-83c6-d24846ba1a72:c3267]
2019-07-08 14:21:26,905 INFO  client.GrpcClientProtocolClient (GrpcClientProtocolClient.java:onNext(255)) - client-DE0880F50CF2->72f5ceaa-5b3b-4bc7-b846-41895f4ebd48: receive RaftClientReply:client-DE0880F50CF2->72f5ceaa-5b3b-4bc7-b846-41895f4ebd48@group-833AA35A7EDE, cid=2227, SUCCESS, logIndex=0, commits[72f5ceaa-5b3b-4bc7-b846-41895f4ebd48:c3273, b4e1f7d4-4bb4-47ed-a9cb-53483a899fb2:c3271, d3916bce-b37b-4246-83c6-d24846ba1a72:c3271]
2019-07-08 14:21:26,939 INFO  client.GrpcClientProtocolClient (GrpcClientProtocolClient.java:onNext(255)) - client-DE0880F50CF2->72f5ceaa-5b3b-4bc7-b846-41895f4ebd48: receive RaftClientReply:client-DE0880F50CF2->72f5ceaa-5b3b-4bc7-b846-41895f4ebd48@group-833AA35A7EDE, cid=2228, SUCCESS, logIndex=3274, commits[72f5ceaa-5b3b-4bc7-b846-41895f4ebd48:c3275, b4e1f7d4-4bb4-47ed-a9cb-53483a899fb2:c3273, d3916bce-b37b-4246-83c6-d24846ba1a72:c3273]
2019-07-08 14:21:26,939 INFO  client.GrpcClientProtocolClient (GrpcClientProtocolClient.java:onNext(255)) - client-DE0880F50CF2->72f5ceaa-5b3b-4bc7-b846-41895f4ebd48: receive RaftClientReply:client-DE0880F50CF2->72f5ceaa-5b3b-4bc7-b846-41895f4ebd48@group-833AA35A7EDE, cid=2229, SUCCESS, logIndex=3275, commits[72f5ceaa-5b3b-4bc7-b846-41895f4ebd48:c3277, b4e1f7d4-4bb4-47ed-a9cb-53483a899fb2:c3273, d3916bce-b37b-4246-83c6-d24846ba1a72:c3273]
2019-07-08 14:21:26,940 INFO  client.GrpcClientProtocolClient (GrpcClientProtocolClient.java:onNext(255)) - client-DE0880F50CF2->72f5ceaa-5b3b-4bc7-b846-41895f4ebd48: receive RaftClientReply:client-DE0880F50CF2->72f5ceaa-5b3b-4bc7-b846-41895f4ebd48@group-833AA35A7EDE, cid=2230, SUCCESS, logIndex=3276, commits[72f5ceaa-5b3b-4bc7-b846-41895f4ebd48:c3277, b4e1f7d4-4bb4-47ed-a9cb-53483a899fb2:c3273, d3916bce-b37b-4246-83c6-d24846ba1a72:c3273]
2019-07-08 14:21:26,940 INFO  client.GrpcClientProtocolClient (GrpcClientProtocolClient.java:onNext(255)) - client-DE0880F50CF2->72f5ceaa-5b3b-4bc7-b846-41895f4ebd48: receive RaftClientReply:client-DE0880F50CF2->72f5ceaa-5b3b-4bc7-b846-41895f4ebd48@group-833AA35A7EDE, cid=2231, SUCCESS, logIndex=3277, commits[72f5ceaa-5b3b-4bc7-b846-41895f4ebd48:c3277, b4e1f7d4-4bb4-47ed-a9cb-53483a899fb2:c3273, d3916bce-b37b-4246-83c6-d24846ba1a72:c3273]
2019-07-08 14:21:26,953 INFO  client.GrpcClientProtocolClient (GrpcClientProtocolClient.java:onNext(255)) - client-DE0880F50CF2->72f5ceaa-5b3b-4bc7-b846-41895f4ebd48: receive RaftClientReply:client-DE0880F50CF2->72f5ceaa-5b3b-4bc7-b846-41895f4ebd48@group-833AA35A7EDE, cid=2232, SUCCESS, logIndex=0, commits[72f5ceaa-5b3b-4bc7-b846-41895f4ebd48:c3280, b4e1f7d4-4bb4-47ed-a9cb-53483a899fb2:c3275, d3916bce-b37b-4246-83c6-d24846ba1a72:c3277]
2019-07-08 14:21:26,973 INFO  client.GrpcClientProtocolClient (GrpcClientProtocolClient.java:onNext(255)) - client-DE0880F50CF2->72f5ceaa-5b3b-4bc7-b846-41895f4ebd48: receive RaftClientReply:client-DE0880F50CF2->72f5ceaa-5b3b-4bc7-b846-41895f4ebd48@group-833AA35A7EDE, cid=2233, SUCCESS, logIndex=3281, commits[72f5ceaa-5b3b-4bc7-b846-41895f4ebd48:c3282, b4e1f7d4-4bb4-47ed-a9cb-53483a899fb2:c3280, d3916bce-b37b-4246-83c6-d24846ba1a72:c3280]
2019-07-08 14:21:26,974 INFO  client.GrpcClientProtocolClient (GrpcClientProtocolClient.java:onNext(255)) - client-DE0880F50CF2->72f5ceaa-5b3b-4bc7-b846-41895f4ebd48: receive RaftClientReply:client-DE0880F50CF2->72f5ceaa-5b3b-4bc7-b846-41895f4ebd48@group-833AA35A7EDE, cid=2234, SUCCESS, logIndex=3282, commits[72f5ceaa-5b3b-4bc7-b846-41895f4ebd48:c3282, b4e1f7d4-4bb4-47ed-a9cb-53483a899fb2:c3280, d3916bce-b37b-4246-83c6-d24846ba1a72:c3280]
2019-07-08 14:21:27,001 INFO  client.GrpcClientProtocolClient (GrpcClientProtocolClient.java:onNext(255)) - client-DE0880F50CF2->72f5ceaa-5b3b-4bc7-b846-41895f4ebd48: receive RaftClientReply:client-DE0880F50CF2->72f5ceaa-5b3b-4bc7-b846-41895f4ebd48@group-833AA35A7EDE, cid=2235, SUCCESS, logIndex=3285, commits[72f5ceaa-5b3b-4bc7-b846-41895f4ebd48:c3286, b4e1f7d4-4bb4-47ed-a9cb-53483a899fb2:c3282, d3916bce-b37b-4246-83c6-d24846ba1a72:c3282]
2019-07-08 14:21:27,002 INFO  client.GrpcClientProtocolClient (GrpcClientProtocolClient.java:onNext(255)) - client-DE0880F50CF2->72f5ceaa-5b3b-4bc7-b846-41895f4ebd48: receive RaftClientReply:client-DE0880F50CF2->72f5ceaa-5b3b-4bc7-b846-41895f4ebd48@group-833AA35A7EDE, cid=2236, SUCCESS, logIndex=3286, commits[72f5ceaa-5b3b-4bc7-b846-41895f4ebd48:c3286, b4e1f7d4-4bb4-47ed-a9cb-53483a899fb2:c3282, d3916bce-b37b-4246-83c6-d24846ba1a72:c3282]
2019-07-08 14:21:27,014 INFO  client.GrpcClientProtocolClient (GrpcClientProtocolClient.java:onNext(255)) - client-DE0880F50CF2->72f5ceaa-5b3b-4bc7-b846-41895f4ebd48: receive RaftClientReply:client-DE0880F50CF2->72f5ceaa-5b3b-4bc7-b846-41895f4ebd48@group-833AA35A7EDE, cid=2237, SUCCESS, logIndex=0, commits[72f5ceaa-5b3b-4bc7-b846-41895f4ebd48:c3288, b4e1f7d4-4bb4-47ed-a9cb-53483a899fb2:c3286, d3916bce-b37b-4246-83c6-d24846ba1a72:c3286]
2019-07-08 14:21:27,141 INFO  client.GrpcClientProtocolClient (GrpcClientProtocolClient.java:onNext(255)) - client-DE0880F50CF2->72f5ceaa-5b3b-4bc7-b846-41895f4ebd48: receive RaftClientReply:client-DE0880F50CF2->72f5ceaa-5b3b-4bc7-b846-41895f4ebd48@group-833AA35A7EDE, cid=2238, SUCCESS, logIndex=3289, commits[72f5ceaa-5b3b-4bc7-b846-41895f4ebd48:c3291, b4e1f7d4-4bb4-47ed-a9cb-53483a899fb2:c3288, d3916bce-b37b-4246-83c6-d24846ba1a72:c3288]
2019-07-08 14:21:27,142 INFO  client.GrpcClientProtocolClient (GrpcClientProtocolClient.java:onNext(255)) - client-DE0880F50CF2->72f5ceaa-5b3b-4bc7-b846-41895f4ebd48: receive RaftClientReply:client-DE0880F50CF2->72f5ceaa-5b3b-4bc7-b846-41895f4ebd48@group-833AA35A7EDE, cid=2239, SUCCESS, logIndex=3290, commits[72f5ceaa-5b3b-4bc7-b846-41895f4ebd48:c3292, b4e1f7d4-4bb4-47ed-a9cb-53483a899fb2:c3288, d3916bce-b37b-4246-83c6-d24846ba1a72:c3288]
2019-07-08 14:21:27,142 INFO  client.GrpcClientProtocolClient (GrpcClientProtocolClient.java:onNext(255)) - client-DE0880F50CF2->72f5ceaa-5b3b-4bc7-b846-41895f4ebd48: receive RaftClientReply:client-DE0880F50CF2->72f5ceaa-5b3b-4bc7-b846-41895f4ebd48@group-833AA35A7EDE, cid=2240, SUCCESS, logIndex=3291, commits[72f5ceaa-5b3b-4bc7-b846-41895f4ebd48:c3292, b4e1f7d4-4bb4-47ed-a9cb-53483a899fb2:c3288, d3916bce-b37b-4246-83c6-d24846ba1a72:c3288]
2019-07-08 14:21:27,142 INFO  client.GrpcClientProtocolClient (GrpcClientProtocolClient.java:onNext(255)) - client-DE0880F50CF2->72f5ceaa-5b3b-4bc7-b846-41895f4ebd48: receive RaftClientReply:client-DE0880F50CF2->72f5ceaa-5b3b-4bc7-b846-41895f4ebd48@group-833AA35A7EDE, cid=2241, SUCCESS, logIndex=3292, commits[72f5ceaa-5b3b-4bc7-b846-41895f4ebd48:c3293, b4e1f7d4-4bb4-47ed-a9cb-53483a899fb2:c3290, d3916bce-b37b-4246-83c6-d24846ba1a72:c3289]
2019-07-08 14:21:27,143 INFO  client.GrpcClientProtocolClient (GrpcClientProtocolClient.java:onNext(255)) - client-DE0880F50CF2->72f5ceaa-5b3b-4bc7-b846-41895f4ebd48: receive RaftClientReply:client-DE0880F50CF2->72f5ceaa-5b3b-4bc7-b846-41895f4ebd48@group-833AA35A7EDE, cid=2242, SUCCESS, logIndex=0, commits[72f5ceaa-5b3b-4bc7-b846-41895f4ebd48:c3293, b4e1f7d4-4bb4-47ed-a9cb-53483a899fb2:c3290, d3916bce-b37b-4246-83c6-d24846ba1a72:c3291]
2019-07-08 14:21:27,167 INFO  client.GrpcClientProtocolClient (GrpcClientProtocolClient.java:onNext(255)) - client-DE0880F50CF2->72f5ceaa-5b3b-4bc7-b846-41895f4ebd48: receive RaftClientReply:client-DE0880F50CF2->72f5ceaa-5b3b-4bc7-b846-41895f4ebd48@group-833AA35A7EDE, cid=2243, SUCCESS, logIndex=3297, commits[72f5ceaa-5b3b-4bc7-b846-41895f4ebd48:c3298, b4e1f7d4-4bb4-47ed-a9cb-53483a899fb2:c3293, d3916bce-b37b-4246-83c6-d24846ba1a72:c3292]
2019-07-08 14:21:27,167 INFO  client.GrpcClientProtocolClient (GrpcClientProtocolClient.java:onNext(255)) - client-DE0880F50CF2->72f5ceaa-5b3b-4bc7-b846-41895f4ebd48: receive RaftClientReply:client-DE0880F50CF2->72f5ceaa-5b3b-4bc7-b846-41895f4ebd48@group-833AA35A7EDE, cid=2244, SUCCESS, logIndex=3298, commits[72f5ceaa-5b3b-4bc7-b846-41895f4ebd48:c3298, b4e1f7d4-4bb4-47ed-a9cb-53483a899fb2:c3293, d3916bce-b37b-4246-83c6-d24846ba1a72:c3293]
2019-07-08 14:21:27,185 INFO  client.GrpcClientProtocolClient (GrpcClientProtocolClient.java:onNext(255)) - client-DE0880F50CF2->72f5ceaa-5b3b-4bc7-b846-41895f4ebd48: receive RaftClientReply:client-DE0880F50CF2->72f5ceaa-5b3b-4bc7-b846-41895f4ebd48@group-833AA35A7EDE, cid=2245, SUCCESS, logIndex=3301, commits[72f5ceaa-5b3b-4bc7-b846-41895f4ebd48:c3302, b4e1f7d4-4bb4-47ed-a9cb-53483a899fb2:c3299, d3916bce-b37b-4246-83c6-d24846ba1a72:c3299]
2019-07-08 14:21:27,185 INFO  client.GrpcClientProtocolClient (GrpcClientProtocolClient.java:onNext(255)) - client-DE0880F50CF2->72f5ceaa-5b3b-4bc7-b846-41895f4ebd48: receive RaftClientReply:client-DE0880F50CF2->72f5ceaa-5b3b-4bc7-b846-41895f4ebd48@group-833AA35A7EDE, cid=2246, SUCCESS, logIndex=3302, commits[72f5ceaa-5b3b-4bc7-b846-41895f4ebd48:c3302, b4e1f7d4-4bb4-47ed-a9cb-53483a899fb2:c3299, d3916bce-b37b-4246-83c6-d24846ba1a72:c3299]
2019-07-08 14:21:27,198 INFO  client.GrpcClientProtocolClient (GrpcClientProtocolClient.java:onNext(255)) - client-DE0880F50CF2->72f5ceaa-5b3b-4bc7-b846-41895f4ebd48: receive RaftClientReply:client-DE0880F50CF2->72f5ceaa-5b3b-4bc7-b846-41895f4ebd48@group-833AA35A7EDE, cid=2247, SUCCESS, logIndex=0, commits[72f5ceaa-5b3b-4bc7-b846-41895f4ebd48:c3304, b4e1f7d4-4bb4-47ed-a9cb-53483a899fb2:c3302, d3916bce-b37b-4246-83c6-d24846ba1a72:c3302]
2019-07-08 14:21:27,227 INFO  client.GrpcClientProtocolClient (GrpcClientProtocolClient.java:onNext(255)) - client-DE0880F50CF2->72f5ceaa-5b3b-4bc7-b846-41895f4ebd48: receive RaftClientReply:client-DE0880F50CF2->72f5ceaa-5b3b-4bc7-b846-41895f4ebd48@group-833AA35A7EDE, cid=2248, SUCCESS, logIndex=3305, commits[72f5ceaa-5b3b-4bc7-b846-41895f4ebd48:c3306, b4e1f7d4-4bb4-47ed-a9cb-53483a899fb2:c3304, d3916bce-b37b-4246-83c6-d24846ba1a72:c3304]
2019-07-08 14:21:27,228 INFO  client.GrpcClientProtocolClient (GrpcClientProtocolClient.java:onNext(255)) - client-DE0880F50CF2->72f5ceaa-5b3b-4bc7-b846-41895f4ebd48: receive RaftClientReply:client-DE0880F50CF2->72f5ceaa-5b3b-4bc7-b846-41895f4ebd48@group-833AA35A7EDE, cid=2249, SUCCESS, logIndex=3306, commits[72f5ceaa-5b3b-4bc7-b846-41895f4ebd48:c3308, b4e1f7d4-4bb4-47ed-a9cb-53483a899fb2:c3304, d3916bce-b37b-4246-83c6-d24846ba1a72:c3304]
2019-07-08 14:21:27,228 INFO  client.GrpcClientProtocolClient (GrpcClientProtocolClient.java:onNext(255)) - client-DE0880F50CF2->72f5ceaa-5b3b-4bc7-b846-41895f4ebd48: receive RaftClientReply:client-DE0880F50CF2->72f5ceaa-5b3b-4bc7-b846-41895f4ebd48@group-833AA35A7EDE, cid=2250, SUCCESS, logIndex=3307, commits[72f5ceaa-5b3b-4bc7-b846-41895f4ebd48:c3308, b4e1f7d4-4bb4-47ed-a9cb-53483a899fb2:c3304, d3916bce-b37b-4246-83c6-d24846ba1a72:c3304]
2019-07-08 14:21:27,229 INFO  client.GrpcClientProtocolClient (GrpcClientProtocolClient.java:onNext(255)) - client-DE0880F50CF2->72f5ceaa-5b3b-4bc7-b846-41895f4ebd48: receive RaftClientReply:client-DE0880F50CF2->72f5ceaa-5b3b-4bc7-b846-41895f4ebd48@group-833AA35A7EDE, cid=2251, SUCCESS, logIndex=3308, commits[72f5ceaa-5b3b-4bc7-b846-41895f4ebd48:c3308, b4e1f7d4-4bb4-47ed-a9cb-53483a899fb2:c3304, d3916bce-b37b-4246-83c6-d24846ba1a72:c3304]
2019-07-08 14:21:27,230 INFO  client.GrpcClientProtocolClient (GrpcClientProtocolClient.java:onNext(255)) - client-DE0880F50CF2->72f5ceaa-5b3b-4bc7-b846-41895f4ebd48: receive RaftClientReply:client-DE0880F50CF2->72f5ceaa-5b3b-4bc7-b846-41895f4ebd48@group-833AA35A7EDE, cid=2252, SUCCESS, logIndex=0, commits[72f5ceaa-5b3b-4bc7-b846-41895f4ebd48:c3310, b4e1f7d4-4bb4-47ed-a9cb-53483a899fb2:c3306, d3916bce-b37b-4246-83c6-d24846ba1a72:c3306]
2019-07-08 14:21:27,250 INFO  client.GrpcClientProtocolClient (GrpcClientProtocolClient.java:onNext(255)) - client-DE0880F50CF2->72f5ceaa-5b3b-4bc7-b846-41895f4ebd48: receive RaftClientReply:client-DE0880F50CF2->72f5ceaa-5b3b-4bc7-b846-41895f4ebd48@group-833AA35A7EDE, cid=2253, SUCCESS, logIndex=3312, commits[72f5ceaa-5b3b-4bc7-b846-41895f4ebd48:c3313, b4e1f7d4-4bb4-47ed-a9cb-53483a899fb2:c3311, d3916bce-b37b-4246-83c6-d24846ba1a72:c3311]
2019-07-08 14:21:27,250 INFO  client.GrpcClientProtocolClient (GrpcClientProtocolClient.java:onNext(255)) - client-DE0880F50CF2->72f5ceaa-5b3b-4bc7-b846-41895f4ebd48: receive RaftClientReply:client-DE0880F50CF2->72f5ceaa-5b3b-4bc7-b846-41895f4ebd48@group-833AA35A7EDE, cid=2254, SUCCESS, logIndex=3313, commits[72f5ceaa-5b3b-4bc7-b846-41895f4ebd48:c3313, b4e1f7d4-4bb4-47ed-a9cb-53483a899fb2:c3311, d3916bce-b37b-4246-83c6-d24846ba1a72:c3311]
2019-07-08 14:21:27,265 INFO  client.GrpcClientProtocolClient (GrpcClientProtocolClient.java:onNext(255)) - client-DE0880F50CF2->72f5ceaa-5b3b-4bc7-b846-41895f4ebd48: receive RaftClientReply:client-DE0880F50CF2->72f5ceaa-5b3b-4bc7-b846-41895f4ebd48@group-833AA35A7EDE, cid=2255, SUCCESS, logIndex=3316, commits[72f5ceaa-5b3b-4bc7-b846-41895f4ebd48:c3317, b4e1f7d4-4bb4-47ed-a9cb-53483a899fb2:c3313, d3916bce-b37b-4246-83c6-d24846ba1a72:c3313]
2019-07-08 14:21:27,265 INFO  client.GrpcClientProtocolClient (GrpcClientProtocolClient.java:onNext(255)) - client-DE0880F50CF2->72f5ceaa-5b3b-4bc7-b846-41895f4ebd48: receive RaftClientReply:client-DE0880F50CF2->72f5ceaa-5b3b-4bc7-b846-41895f4ebd48@group-833AA35A7EDE, cid=2256, SUCCESS, logIndex=3317, commits[72f5ceaa-5b3b-4bc7-b846-41895f4ebd48:c3317, b4e1f7d4-4bb4-47ed-a9cb-53483a899fb2:c3313, d3916bce-b37b-4246-83c6-d24846ba1a72:c3313]
2019-07-08 14:21:27,278 INFO  client.GrpcClientProtocolClient (GrpcClientProtocolClient.java:onNext(255)) - client-DE0880F50CF2->72f5ceaa-5b3b-4bc7-b846-41895f4ebd48: receive RaftClientReply:client-DE0880F50CF2->72f5ceaa-5b3b-4bc7-b846-41895f4ebd48@group-833AA35A7EDE, cid=2257, SUCCESS, logIndex=0, commits[72f5ceaa-5b3b-4bc7-b846-41895f4ebd48:c3319, b4e1f7d4-4bb4-47ed-a9cb-53483a899fb2:c3317, d3916bce-b37b-4246-83c6-d24846ba1a72:c3317]
2019-07-08 14:21:27,305 INFO  client.GrpcClientProtocolClient (GrpcClientProtocolClient.java:onNext(255)) - client-DE0880F50CF2->72f5ceaa-5b3b-4bc7-b846-41895f4ebd48: receive RaftClientReply:client-DE0880F50CF2->72f5ceaa-5b3b-4bc7-b846-41895f4ebd48@group-833AA35A7EDE, cid=2258, SUCCESS, logIndex=3320, commits[72f5ceaa-5b3b-4bc7-b846-41895f4ebd48:c3321, b4e1f7d4-4bb4-47ed-a9cb-53483a899fb2:c3319, d3916bce-b37b-4246-83c6-d24846ba1a72:c3319]
2019-07-08 14:21:27,305 INFO  client.GrpcClientProtocolClient (GrpcClientProtocolClient.java:onNext(255)) - client-DE0880F50CF2->72f5ceaa-5b3b-4bc7-b846-41895f4ebd48: receive RaftClientReply:client-DE0880F50CF2->72f5ceaa-5b3b-4bc7-b846-41895f4ebd48@group-833AA35A7EDE, cid=2259, SUCCESS, logIndex=3321, commits[72f5ceaa-5b3b-4bc7-b846-41895f4ebd48:c3321, b4e1f7d4-4bb4-47ed-a9cb-53483a899fb2:c3319, d3916bce-b37b-4246-83c6-d24846ba1a72:c3319]
2019-07-08 14:21:27,306 INFO  client.GrpcClientProtocolClient (GrpcClientProtocolClient.java:onNext(255)) - client-DE0880F50CF2->72f5ceaa-5b3b-4bc7-b846-41895f4ebd48: receive RaftClientReply:client-DE0880F50CF2->72f5ceaa-5b3b-4bc7-b846-41895f4ebd48@group-833AA35A7EDE, cid=2260, SUCCESS, logIndex=3322, commits[72f5ceaa-5b3b-4bc7-b846-41895f4ebd48:c3322, b4e1f7d4-4bb4-47ed-a9cb-53483a899fb2:c3319, d3916bce-b37b-4246-83c6-d24846ba1a72:c3319]
2019-07-08 14:21:27,306 INFO  client.GrpcClientProtocolClient (GrpcClientProtocolClient.java:onNext(255)) - client-DE0880F50CF2->72f5ceaa-5b3b-4bc7-b846-41895f4ebd48: receive RaftClientReply:client-DE0880F50CF2->72f5ceaa-5b3b-4bc7-b846-41895f4ebd48@group-833AA35A7EDE, cid=2261, SUCCESS, logIndex=3323, commits[72f5ceaa-5b3b-4bc7-b846-41895f4ebd48:c3323, b4e1f7d4-4bb4-47ed-a9cb-53483a899fb2:c3319, d3916bce-b37b-4246-83c6-d24846ba1a72:c3319]
2019-07-08 14:21:27,308 INFO  client.GrpcClientProtocolClient (GrpcClientProtocolClient.java:onNext(255)) - client-DE0880F50CF2->72f5ceaa-5b3b-4bc7-b846-41895f4ebd48: receive RaftClientReply:client-DE0880F50CF2->72f5ceaa-5b3b-4bc7-b846-41895f4ebd48@group-833AA35A7EDE, cid=2262, SUCCESS, logIndex=0, commits[72f5ceaa-5b3b-4bc7-b846-41895f4ebd48:c3325, b4e1f7d4-4bb4-47ed-a9cb-53483a899fb2:c3321, d3916bce-b37b-4246-83c6-d24846ba1a72:c3321]
2019-07-08 14:21:27,329 INFO  client.GrpcClientProtocolClient (GrpcClientProtocolClient.java:onNext(255)) - client-DE0880F50CF2->72f5ceaa-5b3b-4bc7-b846-41895f4ebd48: receive RaftClientReply:client-DE0880F50CF2->72f5ceaa-5b3b-4bc7-b846-41895f4ebd48@group-833AA35A7EDE, cid=2263, SUCCESS, logIndex=3328, commits[72f5ceaa-5b3b-4bc7-b846-41895f4ebd48:c3329, b4e1f7d4-4bb4-47ed-a9cb-53483a899fb2:c3327, d3916bce-b37b-4246-83c6-d24846ba1a72:c3327]
2019-07-08 14:21:27,330 INFO  client.GrpcClientProtocolClient (GrpcClientProtocolClient.java:onNext(255)) - client-DE0880F50CF2->72f5ceaa-5b3b-4bc7-b846-41895f4ebd48: receive RaftClientReply:client-DE0880F50CF2->72f5ceaa-5b3b-4bc7-b846-41895f4ebd48@group-833AA35A7EDE, cid=2264, SUCCESS, logIndex=3329, commits[72f5ceaa-5b3b-4bc7-b846-41895f4ebd48:c3329, b4e1f7d4-4bb4-47ed-a9cb-53483a899fb2:c3327, d3916bce-b37b-4246-83c6-d24846ba1a72:c3327]
2019-07-08 14:21:27,344 INFO  client.GrpcClientProtocolClient (GrpcClientProtocolClient.java:onNext(255)) - client-DE0880F50CF2->72f5ceaa-5b3b-4bc7-b846-41895f4ebd48: receive RaftClientReply:client-DE0880F50CF2->72f5ceaa-5b3b-4bc7-b846-41895f4ebd48@group-833AA35A7EDE, cid=2265, SUCCESS, logIndex=3332, commits[72f5ceaa-5b3b-4bc7-b846-41895f4ebd48:c3333, b4e1f7d4-4bb4-47ed-a9cb-53483a899fb2:c3329, d3916bce-b37b-4246-83c6-d24846ba1a72:c3329]
2019-07-08 14:21:27,345 INFO  client.GrpcClientProtocolClient (GrpcClientProtocolClient.java:onNext(255)) - client-DE0880F50CF2->72f5ceaa-5b3b-4bc7-b846-41895f4ebd48: receive RaftClientReply:client-DE0880F50CF2->72f5ceaa-5b3b-4bc7-b846-41895f4ebd48@group-833AA35A7EDE, cid=2266, SUCCESS, logIndex=3333, commits[72f5ceaa-5b3b-4bc7-b846-41895f4ebd48:c3333, b4e1f7d4-4bb4-47ed-a9cb-53483a899fb2:c3329, d3916bce-b37b-4246-83c6-d24846ba1a72:c3329]
2019-07-08 14:21:27,349 INFO  client.GrpcClientProtocolClient (GrpcClientProtocolClient.java:onNext(255)) - client-DE0880F50CF2->72f5ceaa-5b3b-4bc7-b846-41895f4ebd48: receive RaftClientReply:client-DE0880F50CF2->72f5ceaa-5b3b-4bc7-b846-41895f4ebd48@group-833AA35A7EDE, cid=2267, SUCCESS, logIndex=0, commits[72f5ceaa-5b3b-4bc7-b846-41895f4ebd48:c3335, b4e1f7d4-4bb4-47ed-a9cb-53483a899fb2:c3333, d3916bce-b37b-4246-83c6-d24846ba1a72:c3333]
2019-07-08 14:21:27,377 INFO  client.GrpcClientProtocolClient (GrpcClientProtocolClient.java:onNext(255)) - client-DE0880F50CF2->72f5ceaa-5b3b-4bc7-b846-41895f4ebd48: receive RaftClientReply:client-DE0880F50CF2->72f5ceaa-5b3b-4bc7-b846-41895f4ebd48@group-833AA35A7EDE, cid=2268, SUCCESS, logIndex=3336, commits[72f5ceaa-5b3b-4bc7-b846-41895f4ebd48:c3339, b4e1f7d4-4bb4-47ed-a9cb-53483a899fb2:c3335, d3916bce-b37b-4246-83c6-d24846ba1a72:c3335]
2019-07-08 14:21:27,378 INFO  client.GrpcClientProtocolClient (GrpcClientProtocolClient.java:onNext(255)) - client-DE0880F50CF2->72f5ceaa-5b3b-4bc7-b846-41895f4ebd48: receive RaftClientReply:client-DE0880F50CF2->72f5ceaa-5b3b-4bc7-b846-41895f4ebd48@group-833AA35A7EDE, cid=2269, SUCCESS, logIndex=3337, commits[72f5ceaa-5b3b-4bc7-b846-41895f4ebd48:c3339, b4e1f7d4-4bb4-47ed-a9cb-53483a899fb2:c3335, d3916bce-b37b-4246-83c6-d24846ba1a72:c3335]
2019-07-08 14:21:27,378 INFO  client.GrpcClientProtocolClient (GrpcClientProtocolClient.java:onNext(255)) - client-DE0880F50CF2->72f5ceaa-5b3b-4bc7-b846-41895f4ebd48: receive RaftClientReply:client-DE0880F50CF2->72f5ceaa-5b3b-4bc7-b846-41895f4ebd48@group-833AA35A7EDE, cid=2270, SUCCESS, logIndex=3338, commits[72f5ceaa-5b3b-4bc7-b846-41895f4ebd48:c3339, b4e1f7d4-4bb4-47ed-a9cb-53483a899fb2:c3335, d3916bce-b37b-4246-83c6-d24846ba1a72:c3335]
2019-07-08 14:21:27,378 INFO  client.GrpcClientProtocolClient (GrpcClientProtocolClient.java:onNext(255)) - client-DE0880F50CF2->72f5ceaa-5b3b-4bc7-b846-41895f4ebd48: receive RaftClientReply:client-DE0880F50CF2->72f5ceaa-5b3b-4bc7-b846-41895f4ebd48@group-833AA35A7EDE, cid=2271, SUCCESS, logIndex=3339, commits[72f5ceaa-5b3b-4bc7-b846-41895f4ebd48:c3339, b4e1f7d4-4bb4-47ed-a9cb-53483a899fb2:c3335, d3916bce-b37b-4246-83c6-d24846ba1a72:c3335]
2019-07-08 14:21:27,379 INFO  client.GrpcClientProtocolClient (GrpcClientProtocolClient.java:onNext(255)) - client-DE0880F50CF2->72f5ceaa-5b3b-4bc7-b846-41895f4ebd48: receive RaftClientReply:client-DE0880F50CF2->72f5ceaa-5b3b-4bc7-b846-41895f4ebd48@group-833AA35A7EDE, cid=2272, SUCCESS, logIndex=0, commits[72f5ceaa-5b3b-4bc7-b846-41895f4ebd48:c3340, b4e1f7d4-4bb4-47ed-a9cb-53483a899fb2:c3337, d3916bce-b37b-4246-83c6-d24846ba1a72:c3337]
2019-07-08 14:21:27,398 INFO  client.GrpcClientProtocolClient (GrpcClientProtocolClient.java:onNext(255)) - client-DE0880F50CF2->72f5ceaa-5b3b-4bc7-b846-41895f4ebd48: receive RaftClientReply:client-DE0880F50CF2->72f5ceaa-5b3b-4bc7-b846-41895f4ebd48@group-833AA35A7EDE, cid=2273, SUCCESS, logIndex=3343, commits[72f5ceaa-5b3b-4bc7-b846-41895f4ebd48:c3344, b4e1f7d4-4bb4-47ed-a9cb-53483a899fb2:c3342, d3916bce-b37b-4246-83c6-d24846ba1a72:c3342]
2019-07-08 14:21:27,399 INFO  client.GrpcClientProtocolClient (GrpcClientProtocolClient.java:onNext(255)) - client-DE0880F50CF2->72f5ceaa-5b3b-4bc7-b846-41895f4ebd48: receive RaftClientReply:client-DE0880F50CF2->72f5ceaa-5b3b-4bc7-b846-41895f4ebd48@group-833AA35A7EDE, cid=2274, SUCCESS, logIndex=3344, commits[72f5ceaa-5b3b-4bc7-b846-41895f4ebd48:c3344, b4e1f7d4-4bb4-47ed-a9cb-53483a899fb2:c3342, d3916bce-b37b-4246-83c6-d24846ba1a72:c3342]
2019-07-08 14:21:27,412 INFO  client.GrpcClientProtocolClient (GrpcClientProtocolClient.java:onNext(255)) - client-DE0880F50CF2->72f5ceaa-5b3b-4bc7-b846-41895f4ebd48: receive RaftClientReply:client-DE0880F50CF2->72f5ceaa-5b3b-4bc7-b846-41895f4ebd48@group-833AA35A7EDE, cid=2275, SUCCESS, logIndex=3347, commits[72f5ceaa-5b3b-4bc7-b846-41895f4ebd48:c3348, b4e1f7d4-4bb4-47ed-a9cb-53483a899fb2:c3344, d3916bce-b37b-4246-83c6-d24846ba1a72:c3344]
2019-07-08 14:21:27,412 INFO  client.GrpcClientProtocolClient (GrpcClientProtocolClient.java:onNext(255)) - client-DE0880F50CF2->72f5ceaa-5b3b-4bc7-b846-41895f4ebd48: receive RaftClientReply:client-DE0880F50CF2->72f5ceaa-5b3b-4bc7-b846-41895f4ebd48@group-833AA35A7EDE, cid=2276, SUCCESS, logIndex=3348, commits[72f5ceaa-5b3b-4bc7-b846-41895f4ebd48:c3348, b4e1f7d4-4bb4-47ed-a9cb-53483a899fb2:c3344, d3916bce-b37b-4246-83c6-d24846ba1a72:c3344]
2019-07-08 14:21:27,426 INFO  client.GrpcClientProtocolClient (GrpcClientProtocolClient.java:onNext(255)) - client-DE0880F50CF2->72f5ceaa-5b3b-4bc7-b846-41895f4ebd48: receive RaftClientReply:client-DE0880F50CF2->72f5ceaa-5b3b-4bc7-b846-41895f4ebd48@group-833AA35A7EDE, cid=2277, SUCCESS, logIndex=0, commits[72f5ceaa-5b3b-4bc7-b846-41895f4ebd48:c3350, b4e1f7d4-4bb4-47ed-a9cb-53483a899fb2:c3348, d3916bce-b37b-4246-83c6-d24846ba1a72:c3348]
2019-07-08 14:21:27,451 INFO  client.GrpcClientProtocolClient (GrpcClientProtocolClient.java:onNext(255)) - client-DE0880F50CF2->72f5ceaa-5b3b-4bc7-b846-41895f4ebd48: receive RaftClientReply:client-DE0880F50CF2->72f5ceaa-5b3b-4bc7-b846-41895f4ebd48@group-833AA35A7EDE, cid=2278, SUCCESS, logIndex=3351, commits[72f5ceaa-5b3b-4bc7-b846-41895f4ebd48:c3352, b4e1f7d4-4bb4-47ed-a9cb-53483a899fb2:c3350, d3916bce-b37b-4246-83c6-d24846ba1a72:c3350]
2019-07-08 14:21:27,452 INFO  client.GrpcClientProtocolClient (GrpcClientProtocolClient.java:onNext(255)) - client-DE0880F50CF2->72f5ceaa-5b3b-4bc7-b846-41895f4ebd48: receive RaftClientReply:client-DE0880F50CF2->72f5ceaa-5b3b-4bc7-b846-41895f4ebd48@group-833AA35A7EDE, cid=2279, SUCCESS, logIndex=3352, commits[72f5ceaa-5b3b-4bc7-b846-41895f4ebd48:c3354, b4e1f7d4-4bb4-47ed-a9cb-53483a899fb2:c3350, d3916bce-b37b-4246-83c6-d24846ba1a72:c3350]
2019-07-08 14:21:27,452 INFO  client.GrpcClientProtocolClient (GrpcClientProtocolClient.java:onNext(255)) - client-DE0880F50CF2->72f5ceaa-5b3b-4bc7-b846-41895f4ebd48: receive RaftClientReply:client-DE0880F50CF2->72f5ceaa-5b3b-4bc7-b846-41895f4ebd48@group-833AA35A7EDE, cid=2280, SUCCESS, logIndex=3353, commits[72f5ceaa-5b3b-4bc7-b846-41895f4ebd48:c3354, b4e1f7d4-4bb4-47ed-a9cb-53483a899fb2:c3350, d3916bce-b37b-4246-83c6-d24846ba1a72:c3350]
2019-07-08 14:21:27,453 INFO  client.GrpcClientProtocolClient (GrpcClientProtocolClient.java:onNext(255)) - client-DE0880F50CF2->72f5ceaa-5b3b-4bc7-b846-41895f4ebd48: receive RaftClientReply:client-DE0880F50CF2->72f5ceaa-5b3b-4bc7-b846-41895f4ebd48@group-833AA35A7EDE, cid=2281, SUCCESS, logIndex=3354, commits[72f5ceaa-5b3b-4bc7-b846-41895f4ebd48:c3354, b4e1f7d4-4bb4-47ed-a9cb-53483a899fb2:c3350, d3916bce-b37b-4246-83c6-d24846ba1a72:c3350]
2019-07-08 14:21:27,466 INFO  client.GrpcClientProtocolClient (GrpcClientProtocolClient.java:onNext(255)) - client-DE0880F50CF2->72f5ceaa-5b3b-4bc7-b846-41895f4ebd48: receive RaftClientReply:client-DE0880F50CF2->72f5ceaa-5b3b-4bc7-b846-41895f4ebd48@group-833AA35A7EDE, cid=2282, SUCCESS, logIndex=0, commits[72f5ceaa-5b3b-4bc7-b846-41895f4ebd48:c3357, b4e1f7d4-4bb4-47ed-a9cb-53483a899fb2:c3352, d3916bce-b37b-4246-83c6-d24846ba1a72:c3354]
2019-07-08 14:21:27,486 INFO  client.GrpcClientProtocolClient (GrpcClientProtocolClient.java:onNext(255)) - client-DE0880F50CF2->72f5ceaa-5b3b-4bc7-b846-41895f4ebd48: receive RaftClientReply:client-DE0880F50CF2->72f5ceaa-5b3b-4bc7-b846-41895f4ebd48@group-833AA35A7EDE, cid=2283, SUCCESS, logIndex=3359, commits[72f5ceaa-5b3b-4bc7-b846-41895f4ebd48:c3360, b4e1f7d4-4bb4-47ed-a9cb-53483a899fb2:c3358, d3916bce-b37b-4246-83c6-d24846ba1a72:c3358]
2019-07-08 14:21:27,486 INFO  client.GrpcClientProtocolClient (GrpcClientProtocolClient.java:onNext(255)) - client-DE0880F50CF2->72f5ceaa-5b3b-4bc7-b846-41895f4ebd48: receive RaftClientReply:client-DE0880F50CF2->72f5ceaa-5b3b-4bc7-b846-41895f4ebd48@group-833AA35A7EDE, cid=2284, SUCCESS, logIndex=3360, commits[72f5ceaa-5b3b-4bc7-b846-41895f4ebd48:c3360, b4e1f7d4-4bb4-47ed-a9cb-53483a899fb2:c3358, d3916bce-b37b-4246-83c6-d24846ba1a72:c3358]
2019-07-08 14:21:27,500 INFO  client.GrpcClientProtocolClient (GrpcClientProtocolClient.java:onNext(255)) - client-DE0880F50CF2->72f5ceaa-5b3b-4bc7-b846-41895f4ebd48: receive RaftClientReply:client-DE0880F50CF2->72f5ceaa-5b3b-4bc7-b846-41895f4ebd48@group-833AA35A7EDE, cid=2285, SUCCESS, logIndex=3363, commits[72f5ceaa-5b3b-4bc7-b846-41895f4ebd48:c3363, b4e1f7d4-4bb4-47ed-a9cb-53483a899fb2:c3360, d3916bce-b37b-4246-83c6-d24846ba1a72:c3360]
2019-07-08 14:21:27,501 INFO  client.GrpcClientProtocolClient (GrpcClientProtocolClient.java:onNext(255)) - client-DE0880F50CF2->72f5ceaa-5b3b-4bc7-b846-41895f4ebd48: receive RaftClientReply:client-DE0880F50CF2->72f5ceaa-5b3b-4bc7-b846-41895f4ebd48@group-833AA35A7EDE, cid=2286, SUCCESS, logIndex=3364, commits[72f5ceaa-5b3b-4bc7-b846-41895f4ebd48:c3364, b4e1f7d4-4bb4-47ed-a9cb-53483a899fb2:c3360, d3916bce-b37b-4246-83c6-d24846ba1a72:c3360]
2019-07-08 14:21:27,514 INFO  client.GrpcClientProtocolClient (GrpcClientProtocolClient.java:onNext(255)) - client-DE0880F50CF2->72f5ceaa-5b3b-4bc7-b846-41895f4ebd48: receive RaftClientReply:client-DE0880F50CF2->72f5ceaa-5b3b-4bc7-b846-41895f4ebd48@group-833AA35A7EDE, cid=2287, SUCCESS, logIndex=0, commits[72f5ceaa-5b3b-4bc7-b846-41895f4ebd48:c3365, b4e1f7d4-4bb4-47ed-a9cb-53483a899fb2:c3364, d3916bce-b37b-4246-83c6-d24846ba1a72:c3364]
2019-07-08 14:21:27,543 INFO  client.GrpcClientProtocolClient (GrpcClientProtocolClient.java:onNext(255)) - client-DE0880F50CF2->72f5ceaa-5b3b-4bc7-b846-41895f4ebd48: receive RaftClientReply:client-DE0880F50CF2->72f5ceaa-5b3b-4bc7-b846-41895f4ebd48@group-833AA35A7EDE, cid=2288, SUCCESS, logIndex=3367, commits[72f5ceaa-5b3b-4bc7-b846-41895f4ebd48:c3368, b4e1f7d4-4bb4-47ed-a9cb-53483a899fb2:c3366, d3916bce-b37b-4246-83c6-d24846ba1a72:c3364]
2019-07-08 14:21:27,543 INFO  client.GrpcClientProtocolClient (GrpcClientProtocolClient.java:onNext(255)) - client-DE0880F50CF2->72f5ceaa-5b3b-4bc7-b846-41895f4ebd48: receive RaftClientReply:client-DE0880F50CF2->72f5ceaa-5b3b-4bc7-b846-41895f4ebd48@group-833AA35A7EDE, cid=2289, SUCCESS, logIndex=3368, commits[72f5ceaa-5b3b-4bc7-b846-41895f4ebd48:c3370, b4e1f7d4-4bb4-47ed-a9cb-53483a899fb2:c3366, d3916bce-b37b-4246-83c6-d24846ba1a72:c3366]
2019-07-08 14:21:27,544 INFO  client.GrpcClientProtocolClient (GrpcClientProtocolClient.java:onNext(255)) - client-DE0880F50CF2->72f5ceaa-5b3b-4bc7-b846-41895f4ebd48: receive RaftClientReply:client-DE0880F50CF2->72f5ceaa-5b3b-4bc7-b846-41895f4ebd48@group-833AA35A7EDE, cid=2290, SUCCESS, logIndex=3369, commits[72f5ceaa-5b3b-4bc7-b846-41895f4ebd48:c3370, b4e1f7d4-4bb4-47ed-a9cb-53483a899fb2:c3366, d3916bce-b37b-4246-83c6-d24846ba1a72:c3366]
2019-07-08 14:21:27,544 INFO  client.GrpcClientProtocolClient (GrpcClientProtocolClient.java:onNext(255)) - client-DE0880F50CF2->72f5ceaa-5b3b-4bc7-b846-41895f4ebd48: receive RaftClientReply:client-DE0880F50CF2->72f5ceaa-5b3b-4bc7-b846-41895f4ebd48@group-833AA35A7EDE, cid=2291, SUCCESS, logIndex=3370, commits[72f5ceaa-5b3b-4bc7-b846-41895f4ebd48:c3371, b4e1f7d4-4bb4-47ed-a9cb-53483a899fb2:c3368, d3916bce-b37b-4246-83c6-d24846ba1a72:c3367]
2019-07-08 14:21:27,545 INFO  client.GrpcClientProtocolClient (GrpcClientProtocolClient.java:onNext(255)) - client-DE0880F50CF2->72f5ceaa-5b3b-4bc7-b846-41895f4ebd48: receive RaftClientReply:client-DE0880F50CF2->72f5ceaa-5b3b-4bc7-b846-41895f4ebd48@group-833AA35A7EDE, cid=2292, SUCCESS, logIndex=0, commits[72f5ceaa-5b3b-4bc7-b846-41895f4ebd48:c3372, b4e1f7d4-4bb4-47ed-a9cb-53483a899fb2:c3368, d3916bce-b37b-4246-83c6-d24846ba1a72:c3368]
2019-07-08 14:21:27,564 INFO  client.GrpcClientProtocolClient (GrpcClientProtocolClient.java:onNext(255)) - client-DE0880F50CF2->72f5ceaa-5b3b-4bc7-b846-41895f4ebd48: receive RaftClientReply:client-DE0880F50CF2->72f5ceaa-5b3b-4bc7-b846-41895f4ebd48@group-833AA35A7EDE, cid=2293, SUCCESS, logIndex=3374, commits[72f5ceaa-5b3b-4bc7-b846-41895f4ebd48:c3375, b4e1f7d4-4bb4-47ed-a9cb-53483a899fb2:c3373, d3916bce-b37b-4246-83c6-d24846ba1a72:c3373]
2019-07-08 14:21:27,564 INFO  client.GrpcClientProtocolClient (GrpcClientProtocolClient.java:onNext(255)) - client-DE0880F50CF2->72f5ceaa-5b3b-4bc7-b846-41895f4ebd48: receive RaftClientReply:client-DE0880F50CF2->72f5ceaa-5b3b-4bc7-b846-41895f4ebd48@group-833AA35A7EDE, cid=2294, SUCCESS, logIndex=3375, commits[72f5ceaa-5b3b-4bc7-b846-41895f4ebd48:c3375, b4e1f7d4-4bb4-47ed-a9cb-53483a899fb2:c3373, d3916bce-b37b-4246-83c6-d24846ba1a72:c3373]
2019-07-08 14:21:27,579 INFO  client.GrpcClientProtocolClient (GrpcClientProtocolClient.java:onNext(255)) - client-DE0880F50CF2->72f5ceaa-5b3b-4bc7-b846-41895f4ebd48: receive RaftClientReply:client-DE0880F50CF2->72f5ceaa-5b3b-4bc7-b846-41895f4ebd48@group-833AA35A7EDE, cid=2295, SUCCESS, logIndex=3378, commits[72f5ceaa-5b3b-4bc7-b846-41895f4ebd48:c3378, b4e1f7d4-4bb4-47ed-a9cb-53483a899fb2:c3375, d3916bce-b37b-4246-83c6-d24846ba1a72:c3375]
2019-07-08 14:21:27,579 INFO  client.GrpcClientProtocolClient (GrpcClientProtocolClient.java:onNext(255)) - client-DE0880F50CF2->72f5ceaa-5b3b-4bc7-b846-41895f4ebd48: receive RaftClientReply:client-DE0880F50CF2->72f5ceaa-5b3b-4bc7-b846-41895f4ebd48@group-833AA35A7EDE, cid=2296, SUCCESS, logIndex=3379, commits[72f5ceaa-5b3b-4bc7-b846-41895f4ebd48:c3379, b4e1f7d4-4bb4-47ed-a9cb-53483a899fb2:c3375, d3916bce-b37b-4246-83c6-d24846ba1a72:c3375]
2019-07-08 14:21:27,594 INFO  client.GrpcClientProtocolClient (GrpcClientProtocolClient.java:onNext(255)) - client-DE0880F50CF2->72f5ceaa-5b3b-4bc7-b846-41895f4ebd48: receive RaftClientReply:client-DE0880F50CF2->72f5ceaa-5b3b-4bc7-b846-41895f4ebd48@group-833AA35A7EDE, cid=2297, SUCCESS, logIndex=0, commits[72f5ceaa-5b3b-4bc7-b846-41895f4ebd48:c3381, b4e1f7d4-4bb4-47ed-a9cb-53483a899fb2:c3379, d3916bce-b37b-4246-83c6-d24846ba1a72:c3379]
2019-07-08 14:21:27,627 INFO  client.GrpcClientProtocolClient (GrpcClientProtocolClient.java:onNext(255)) - client-DE0880F50CF2->72f5ceaa-5b3b-4bc7-b846-41895f4ebd48: receive RaftClientReply:client-DE0880F50CF2->72f5ceaa-5b3b-4bc7-b846-41895f4ebd48@group-833AA35A7EDE, cid=2298, SUCCESS, logIndex=3382, commits[72f5ceaa-5b3b-4bc7-b846-41895f4ebd48:c3383, b4e1f7d4-4bb4-47ed-a9cb-53483a899fb2:c3381, d3916bce-b37b-4246-83c6-d24846ba1a72:c3379]
2019-07-08 14:21:27,628 INFO  client.GrpcClientProtocolClient (GrpcClientProtocolClient.java:onNext(255)) - client-DE0880F50CF2->72f5ceaa-5b3b-4bc7-b846-41895f4ebd48: receive RaftClientReply:client-DE0880F50CF2->72f5ceaa-5b3b-4bc7-b846-41895f4ebd48@group-833AA35A7EDE, cid=2299, SUCCESS, logIndex=3383, commits[72f5ceaa-5b3b-4bc7-b846-41895f4ebd48:c3383, b4e1f7d4-4bb4-47ed-a9cb-53483a899fb2:c3381, d3916bce-b37b-4246-83c6-d24846ba1a72:c3379]
2019-07-08 14:21:27,629 INFO  client.GrpcClientProtocolClient (GrpcClientProtocolClient.java:onNext(255)) - client-DE0880F50CF2->72f5ceaa-5b3b-4bc7-b846-41895f4ebd48: receive RaftClientReply:client-DE0880F50CF2->72f5ceaa-5b3b-4bc7-b846-41895f4ebd48@group-833AA35A7EDE, cid=2300, SUCCESS, logIndex=3384, commits[72f5ceaa-5b3b-4bc7-b846-41895f4ebd48:c3385, b4e1f7d4-4bb4-47ed-a9cb-53483a899fb2:c3381, d3916bce-b37b-4246-83c6-d24846ba1a72:c3381]
2019-07-08 14:21:27,629 INFO  client.GrpcClientProtocolClient (GrpcClientProtocolClient.java:onNext(255)) - client-DE0880F50CF2->72f5ceaa-5b3b-4bc7-b846-41895f4ebd48: receive RaftClientReply:client-DE0880F50CF2->72f5ceaa-5b3b-4bc7-b846-41895f4ebd48@group-833AA35A7EDE, cid=2301, SUCCESS, logIndex=3385, commits[72f5ceaa-5b3b-4bc7-b846-41895f4ebd48:c3385, b4e1f7d4-4bb4-47ed-a9cb-53483a899fb2:c3381, d3916bce-b37b-4246-83c6-d24846ba1a72:c3381]
2019-07-08 14:21:27,630 INFO  client.GrpcClientProtocolClient (GrpcClientProtocolClient.java:onNext(255)) - client-DE0880F50CF2->72f5ceaa-5b3b-4bc7-b846-41895f4ebd48: receive RaftClientReply:client-DE0880F50CF2->72f5ceaa-5b3b-4bc7-b846-41895f4ebd48@group-833AA35A7EDE, cid=2302, SUCCESS, logIndex=0, commits[72f5ceaa-5b3b-4bc7-b846-41895f4ebd48:c3387, b4e1f7d4-4bb4-47ed-a9cb-53483a899fb2:c3383, d3916bce-b37b-4246-83c6-d24846ba1a72:c3383]
2019-07-08 14:21:27,642 INFO  client.GrpcClientProtocolClient (GrpcClientProtocolClient.java:onNext(255)) - client-DE0880F50CF2->72f5ceaa-5b3b-4bc7-b846-41895f4ebd48: receive RaftClientReply:client-DE0880F50CF2->72f5ceaa-5b3b-4bc7-b846-41895f4ebd48@group-833AA35A7EDE, cid=2303, SUCCESS, logIndex=3390, commits[72f5ceaa-5b3b-4bc7-b846-41895f4ebd48:c3391, b4e1f7d4-4bb4-47ed-a9cb-53483a899fb2:c3389, d3916bce-b37b-4246-83c6-d24846ba1a72:c3389]
2019-07-08 14:21:27,643 INFO  client.GrpcClientProtocolClient (GrpcClientProtocolClient.java:onNext(255)) - client-DE0880F50CF2->72f5ceaa-5b3b-4bc7-b846-41895f4ebd48: receive RaftClientReply:client-DE0880F50CF2->72f5ceaa-5b3b-4bc7-b846-41895f4ebd48@group-833AA35A7EDE, cid=2304, SUCCESS, logIndex=3391, commits[72f5ceaa-5b3b-4bc7-b846-41895f4ebd48:c3391, b4e1f7d4-4bb4-47ed-a9cb-53483a899fb2:c3389, d3916bce-b37b-4246-83c6-d24846ba1a72:c3389]
2019-07-08 14:21:27,656 INFO  client.GrpcClientProtocolClient (GrpcClientProtocolClient.java:onNext(255)) - client-DE0880F50CF2->72f5ceaa-5b3b-4bc7-b846-41895f4ebd48: receive RaftClientReply:client-DE0880F50CF2->72f5ceaa-5b3b-4bc7-b846-41895f4ebd48@group-833AA35A7EDE, cid=2305, SUCCESS, logIndex=3394, commits[72f5ceaa-5b3b-4bc7-b846-41895f4ebd48:c3394, b4e1f7d4-4bb4-47ed-a9cb-53483a899fb2:c3391, d3916bce-b37b-4246-83c6-d24846ba1a72:c3391]
2019-07-08 14:21:27,656 INFO  client.GrpcClientProtocolClient (GrpcClientProtocolClient.java:onNext(255)) - client-DE0880F50CF2->72f5ceaa-5b3b-4bc7-b846-41895f4ebd48: receive RaftClientReply:client-DE0880F50CF2->72f5ceaa-5b3b-4bc7-b846-41895f4ebd48@group-833AA35A7EDE, cid=2306, SUCCESS, logIndex=3395, commits[72f5ceaa-5b3b-4bc7-b846-41895f4ebd48:c3395, b4e1f7d4-4bb4-47ed-a9cb-53483a899fb2:c3391, d3916bce-b37b-4246-83c6-d24846ba1a72:c3391]
2019-07-08 14:21:27,670 INFO  client.GrpcClientProtocolClient (GrpcClientProtocolClient.java:onNext(255)) - client-DE0880F50CF2->72f5ceaa-5b3b-4bc7-b846-41895f4ebd48: receive RaftClientReply:client-DE0880F50CF2->72f5ceaa-5b3b-4bc7-b846-41895f4ebd48@group-833AA35A7EDE, cid=2307, SUCCESS, logIndex=0, commits[72f5ceaa-5b3b-4bc7-b846-41895f4ebd48:c3397, b4e1f7d4-4bb4-47ed-a9cb-53483a899fb2:c3395, d3916bce-b37b-4246-83c6-d24846ba1a72:c3395]
2019-07-08 14:21:27,698 INFO  client.GrpcClientProtocolClient (GrpcClientProtocolClient.java:onNext(255)) - client-DE0880F50CF2->72f5ceaa-5b3b-4bc7-b846-41895f4ebd48: receive RaftClientReply:client-DE0880F50CF2->72f5ceaa-5b3b-4bc7-b846-41895f4ebd48@group-833AA35A7EDE, cid=2308, SUCCESS, logIndex=3398, commits[72f5ceaa-5b3b-4bc7-b846-41895f4ebd48:c3399, b4e1f7d4-4bb4-47ed-a9cb-53483a899fb2:c3397, d3916bce-b37b-4246-83c6-d24846ba1a72:c3397]
2019-07-08 14:21:27,698 INFO  client.GrpcClientProtocolClient (GrpcClientProtocolClient.java:onNext(255)) - client-DE0880F50CF2->72f5ceaa-5b3b-4bc7-b846-41895f4ebd48: receive RaftClientReply:client-DE0880F50CF2->72f5ceaa-5b3b-4bc7-b846-41895f4ebd48@group-833AA35A7EDE, cid=2309, SUCCESS, logIndex=3399, commits[72f5ceaa-5b3b-4bc7-b846-41895f4ebd48:c3399, b4e1f7d4-4bb4-47ed-a9cb-53483a899fb2:c3397, d3916bce-b37b-4246-83c6-d24846ba1a72:c3397]
2019-07-08 14:21:27,699 INFO  client.GrpcClientProtocolClient (GrpcClientProtocolClient.java:onNext(255)) - client-DE0880F50CF2->72f5ceaa-5b3b-4bc7-b846-41895f4ebd48: receive RaftClientReply:client-DE0880F50CF2->72f5ceaa-5b3b-4bc7-b846-41895f4ebd48@group-833AA35A7EDE, cid=2310, SUCCESS, logIndex=3400, commits[72f5ceaa-5b3b-4bc7-b846-41895f4ebd48:c3400, b4e1f7d4-4bb4-47ed-a9cb-53483a899fb2:c3397, d3916bce-b37b-4246-83c6-d24846ba1a72:c3397]
2019-07-08 14:21:27,699 INFO  client.GrpcClientProtocolClient (GrpcClientProtocolClient.java:onNext(255)) - client-DE0880F50CF2->72f5ceaa-5b3b-4bc7-b846-41895f4ebd48: receive RaftClientReply:client-DE0880F50CF2->72f5ceaa-5b3b-4bc7-b846-41895f4ebd48@group-833AA35A7EDE, cid=2311, SUCCESS, logIndex=3401, commits[72f5ceaa-5b3b-4bc7-b846-41895f4ebd48:c3401, b4e1f7d4-4bb4-47ed-a9cb-53483a899fb2:c3397, d3916bce-b37b-4246-83c6-d24846ba1a72:c3397]
2019-07-08 14:21:27,712 INFO  client.GrpcClientProtocolClient (GrpcClientProtocolClient.java:onNext(255)) - client-DE0880F50CF2->72f5ceaa-5b3b-4bc7-b846-41895f4ebd48: receive RaftClientReply:client-DE0880F50CF2->72f5ceaa-5b3b-4bc7-b846-41895f4ebd48@group-833AA35A7EDE, cid=2312, SUCCESS, logIndex=0, commits[72f5ceaa-5b3b-4bc7-b846-41895f4ebd48:c3403, b4e1f7d4-4bb4-47ed-a9cb-53483a899fb2:c3399, d3916bce-b37b-4246-83c6-d24846ba1a72:c3399]
2019-07-08 14:21:27,731 INFO  client.GrpcClientProtocolClient (GrpcClientProtocolClient.java:onNext(255)) - client-DE0880F50CF2->72f5ceaa-5b3b-4bc7-b846-41895f4ebd48: receive RaftClientReply:client-DE0880F50CF2->72f5ceaa-5b3b-4bc7-b846-41895f4ebd48@group-833AA35A7EDE, cid=2313, SUCCESS, logIndex=3406, commits[72f5ceaa-5b3b-4bc7-b846-41895f4ebd48:c3407, b4e1f7d4-4bb4-47ed-a9cb-53483a899fb2:c3405, d3916bce-b37b-4246-83c6-d24846ba1a72:c3405]
2019-07-08 14:21:27,731 INFO  client.GrpcClientProtocolClient (GrpcClientProtocolClient.java:onNext(255)) - client-DE0880F50CF2->72f5ceaa-5b3b-4bc7-b846-41895f4ebd48: receive RaftClientReply:client-DE0880F50CF2->72f5ceaa-5b3b-4bc7-b846-41895f4ebd48@group-833AA35A7EDE, cid=2314, SUCCESS, logIndex=3407, commits[72f5ceaa-5b3b-4bc7-b846-41895f4ebd48:c3407, b4e1f7d4-4bb4-47ed-a9cb-53483a899fb2:c3405, d3916bce-b37b-4246-83c6-d24846ba1a72:c3405]
2019-07-08 14:21:27,746 INFO  client.GrpcClientProtocolClient (GrpcClientProtocolClient.java:onNext(255)) - client-DE0880F50CF2->72f5ceaa-5b3b-4bc7-b846-41895f4ebd48: receive RaftClientReply:client-DE0880F50CF2->72f5ceaa-5b3b-4bc7-b846-41895f4ebd48@group-833AA35A7EDE, cid=2315, SUCCESS, logIndex=3410, commits[72f5ceaa-5b3b-4bc7-b846-41895f4ebd48:c3411, b4e1f7d4-4bb4-47ed-a9cb-53483a899fb2:c3407, d3916bce-b37b-4246-83c6-d24846ba1a72:c3407]
2019-07-08 14:21:27,746 INFO  client.GrpcClientProtocolClient (GrpcClientProtocolClient.java:onNext(255)) - client-DE0880F50CF2->72f5ceaa-5b3b-4bc7-b846-41895f4ebd48: receive RaftClientReply:client-DE0880F50CF2->72f5ceaa-5b3b-4bc7-b846-41895f4ebd48@group-833AA35A7EDE, cid=2316, SUCCESS, logIndex=3411, commits[72f5ceaa-5b3b-4bc7-b846-41895f4ebd48:c3411, b4e1f7d4-4bb4-47ed-a9cb-53483a899fb2:c3407, d3916bce-b37b-4246-83c6-d24846ba1a72:c3407]
2019-07-08 14:21:27,757 INFO  client.GrpcClientProtocolClient (GrpcClientProtocolClient.java:onNext(255)) - client-DE0880F50CF2->72f5ceaa-5b3b-4bc7-b846-41895f4ebd48: receive RaftClientReply:client-DE0880F50CF2->72f5ceaa-5b3b-4bc7-b846-41895f4ebd48@group-833AA35A7EDE, cid=2317, SUCCESS, logIndex=0, commits[72f5ceaa-5b3b-4bc7-b846-41895f4ebd48:c3412, b4e1f7d4-4bb4-47ed-a9cb-53483a899fb2:c3411, d3916bce-b37b-4246-83c6-d24846ba1a72:c3411]
2019-07-08 14:21:27,782 INFO  client.GrpcClientProtocolClient (GrpcClientProtocolClient.java:onNext(255)) - client-DE0880F50CF2->72f5ceaa-5b3b-4bc7-b846-41895f4ebd48: receive RaftClientReply:client-DE0880F50CF2->72f5ceaa-5b3b-4bc7-b846-41895f4ebd48@group-833AA35A7EDE, cid=2318, SUCCESS, logIndex=3414, commits[72f5ceaa-5b3b-4bc7-b846-41895f4ebd48:c3416, b4e1f7d4-4bb4-47ed-a9cb-53483a899fb2:c3413, d3916bce-b37b-4246-83c6-d24846ba1a72:c3413]
2019-07-08 14:21:27,782 INFO  client.GrpcClientProtocolClient (GrpcClientProtocolClient.java:onNext(255)) - client-DE0880F50CF2->72f5ceaa-5b3b-4bc7-b846-41895f4ebd48: receive RaftClientReply:client-DE0880F50CF2->72f5ceaa-5b3b-4bc7-b846-41895f4ebd48@group-833AA35A7EDE, cid=2319, SUCCESS, logIndex=3415, commits[72f5ceaa-5b3b-4bc7-b846-41895f4ebd48:c3417, b4e1f7d4-4bb4-47ed-a9cb-53483a899fb2:c3413, d3916bce-b37b-4246-83c6-d24846ba1a72:c3413]
2019-07-08 14:21:27,782 INFO  client.GrpcClientProtocolClient (GrpcClientProtocolClient.java:onNext(255)) - client-DE0880F50CF2->72f5ceaa-5b3b-4bc7-b846-41895f4ebd48: receive RaftClientReply:client-DE0880F50CF2->72f5ceaa-5b3b-4bc7-b846-41895f4ebd48@group-833AA35A7EDE, cid=2320, SUCCESS, logIndex=3416, commits[72f5ceaa-5b3b-4bc7-b846-41895f4ebd48:c3417, b4e1f7d4-4bb4-47ed-a9cb-53483a899fb2:c3413, d3916bce-b37b-4246-83c6-d24846ba1a72:c3413]
2019-07-08 14:21:27,783 INFO  client.GrpcClientProtocolClient (GrpcClientProtocolClient.java:onNext(255)) - client-DE0880F50CF2->72f5ceaa-5b3b-4bc7-b846-41895f4ebd48: receive RaftClientReply:client-DE0880F50CF2->72f5ceaa-5b3b-4bc7-b846-41895f4ebd48@group-833AA35A7EDE, cid=2321, SUCCESS, logIndex=3417, commits[72f5ceaa-5b3b-4bc7-b846-41895f4ebd48:c3417, b4e1f7d4-4bb4-47ed-a9cb-53483a899fb2:c3413, d3916bce-b37b-4246-83c6-d24846ba1a72:c3413]
2019-07-08 14:21:27,796 INFO  client.GrpcClientProtocolClient (GrpcClientProtocolClient.java:onNext(255)) - client-DE0880F50CF2->72f5ceaa-5b3b-4bc7-b846-41895f4ebd48: receive RaftClientReply:client-DE0880F50CF2->72f5ceaa-5b3b-4bc7-b846-41895f4ebd48@group-833AA35A7EDE, cid=2322, SUCCESS, logIndex=0, commits[72f5ceaa-5b3b-4bc7-b846-41895f4ebd48:c3418, b4e1f7d4-4bb4-47ed-a9cb-53483a899fb2:c3415, d3916bce-b37b-4246-83c6-d24846ba1a72:c3415]
2019-07-08 14:21:27,815 INFO  client.GrpcClientProtocolClient (GrpcClientProtocolClient.java:onNext(255)) - client-DE0880F50CF2->72f5ceaa-5b3b-4bc7-b846-41895f4ebd48: receive RaftClientReply:client-DE0880F50CF2->72f5ceaa-5b3b-4bc7-b846-41895f4ebd48@group-833AA35A7EDE, cid=2323, SUCCESS, logIndex=3422, commits[72f5ceaa-5b3b-4bc7-b846-41895f4ebd48:c3423, b4e1f7d4-4bb4-47ed-a9cb-53483a899fb2:c3421, d3916bce-b37b-4246-83c6-d24846ba1a72:c3421]
 0.00% |█                                                                                                    |  0/1 Time: 0:00:222019-07-08 14:21:27,896 INFO  client.GrpcClientProtocolClient (GrpcClientProtocolClient.java:onNext(255)) - client-DE0880F50CF2->72f5ceaa-5b3b-4bc7-b846-41895f4ebd48: receive RaftClientReply:client-DE0880F50CF2->72f5ceaa-5b3b-4bc7-b846-41895f4ebd48@group-833AA35A7EDE, cid=2324, SUCCESS, logIndex=3423, commits[72f5ceaa-5b3b-4bc7-b846-41895f4ebd48:c3423, b4e1f7d4-4bb4-47ed-a9cb-53483a899fb2:c3421, d3916bce-b37b-4246-83c6-d24846ba1a72:c3421]
2019-07-08 14:21:27,920 INFO  client.GrpcClientProtocolClient (GrpcClientProtocolClient.java:onNext(255)) - client-DE0880F50CF2->72f5ceaa-5b3b-4bc7-b846-41895f4ebd48: receive RaftClientReply:client-DE0880F50CF2->72f5ceaa-5b3b-4bc7-b846-41895f4ebd48@group-833AA35A7EDE, cid=2325, SUCCESS, logIndex=3426, commits[72f5ceaa-5b3b-4bc7-b846-41895f4ebd48:c3427, b4e1f7d4-4bb4-47ed-a9cb-53483a899fb2:c3425, d3916bce-b37b-4246-83c6-d24846ba1a72:c3425]
2019-07-08 14:21:27,921 INFO  client.GrpcClientProtocolClient (GrpcClientProtocolClient.java:onNext(255)) - client-DE0880F50CF2->72f5ceaa-5b3b-4bc7-b846-41895f4ebd48: receive RaftClientReply:client-DE0880F50CF2->72f5ceaa-5b3b-4bc7-b846-41895f4ebd48@group-833AA35A7EDE, cid=2326, SUCCESS, logIndex=3427, commits[72f5ceaa-5b3b-4bc7-b846-41895f4ebd48:c3427, b4e1f7d4-4bb4-47ed-a9cb-53483a899fb2:c3425, d3916bce-b37b-4246-83c6-d24846ba1a72:c3425]
2019-07-08 14:21:27,935 INFO  client.GrpcClientProtocolClient (GrpcClientProtocolClient.java:onNext(255)) - client-DE0880F50CF2->72f5ceaa-5b3b-4bc7-b846-41895f4ebd48: receive RaftClientReply:client-DE0880F50CF2->72f5ceaa-5b3b-4bc7-b846-41895f4ebd48@group-833AA35A7EDE, cid=2327, SUCCESS, logIndex=0, commits[72f5ceaa-5b3b-4bc7-b846-41895f4ebd48:c3429, b4e1f7d4-4bb4-47ed-a9cb-53483a899fb2:c3427, d3916bce-b37b-4246-83c6-d24846ba1a72:c3427]
2019-07-08 14:21:27,964 INFO  client.GrpcClientProtocolClient (GrpcClientProtocolClient.java:onNext(255)) - client-DE0880F50CF2->72f5ceaa-5b3b-4bc7-b846-41895f4ebd48: receive RaftClientReply:client-DE0880F50CF2->72f5ceaa-5b3b-4bc7-b846-41895f4ebd48@group-833AA35A7EDE, cid=2328, SUCCESS, logIndex=3430, commits[72f5ceaa-5b3b-4bc7-b846-41895f4ebd48:c3431, b4e1f7d4-4bb4-47ed-a9cb-53483a899fb2:c3429, d3916bce-b37b-4246-83c6-d24846ba1a72:c3429]
2019-07-08 14:21:27,965 INFO  client.GrpcClientProtocolClient (GrpcClientProtocolClient.java:onNext(255)) - client-DE0880F50CF2->72f5ceaa-5b3b-4bc7-b846-41895f4ebd48: receive RaftClientReply:client-DE0880F50CF2->72f5ceaa-5b3b-4bc7-b846-41895f4ebd48@group-833AA35A7EDE, cid=2329, SUCCESS, logIndex=3431, commits[72f5ceaa-5b3b-4bc7-b846-41895f4ebd48:c3431, b4e1f7d4-4bb4-47ed-a9cb-53483a899fb2:c3429, d3916bce-b37b-4246-83c6-d24846ba1a72:c3429]
2019-07-08 14:21:27,965 INFO  client.GrpcClientProtocolClient (GrpcClientProtocolClient.java:onNext(255)) - client-DE0880F50CF2->72f5ceaa-5b3b-4bc7-b846-41895f4ebd48: receive RaftClientReply:client-DE0880F50CF2->72f5ceaa-5b3b-4bc7-b846-41895f4ebd48@group-833AA35A7EDE, cid=2330, SUCCESS, logIndex=3432, commits[72f5ceaa-5b3b-4bc7-b846-41895f4ebd48:c3433, b4e1f7d4-4bb4-47ed-a9cb-53483a899fb2:c3429, d3916bce-b37b-4246-83c6-d24846ba1a72:c3429]
2019-07-08 14:21:27,966 INFO  client.GrpcClientProtocolClient (GrpcClientProtocolClient.java:onNext(255)) - client-DE0880F50CF2->72f5ceaa-5b3b-4bc7-b846-41895f4ebd48: receive RaftClientReply:client-DE0880F50CF2->72f5ceaa-5b3b-4bc7-b846-41895f4ebd48@group-833AA35A7EDE, cid=2331, SUCCESS, logIndex=3433, commits[72f5ceaa-5b3b-4bc7-b846-41895f4ebd48:c3433, b4e1f7d4-4bb4-47ed-a9cb-53483a899fb2:c3429, d3916bce-b37b-4246-83c6-d24846ba1a72:c3429]
2019-07-08 14:21:27,969 INFO  client.GrpcClientProtocolClient (GrpcClientProtocolClient.java:onNext(255)) - client-DE0880F50CF2->72f5ceaa-5b3b-4bc7-b846-41895f4ebd48: receive RaftClientReply:client-DE0880F50CF2->72f5ceaa-5b3b-4bc7-b846-41895f4ebd48@group-833AA35A7EDE, cid=2332, SUCCESS, logIndex=0, commits[72f5ceaa-5b3b-4bc7-b846-41895f4ebd48:c3435, b4e1f7d4-4bb4-47ed-a9cb-53483a899fb2:c3431, d3916bce-b37b-4246-83c6-d24846ba1a72:c3431]
2019-07-08 14:21:27,981 INFO  client.GrpcClientProtocolClient (GrpcClientProtocolClient.java:onNext(255)) - client-DE0880F50CF2->72f5ceaa-5b3b-4bc7-b846-41895f4ebd48: receive RaftClientReply:client-DE0880F50CF2->72f5ceaa-5b3b-4bc7-b846-41895f4ebd48@group-833AA35A7EDE, cid=2333, SUCCESS, logIndex=3438, commits[72f5ceaa-5b3b-4bc7-b846-41895f4ebd48:c3439, b4e1f7d4-4bb4-47ed-a9cb-53483a899fb2:c3436, d3916bce-b37b-4246-83c6-d24846ba1a72:c3433]
2019-07-08 14:21:27,981 INFO  client.GrpcClientProtocolClient (GrpcClientProtocolClient.java:onNext(255)) - client-DE0880F50CF2->72f5ceaa-5b3b-4bc7-b846-41895f4ebd48: receive RaftClientReply:client-DE0880F50CF2->72f5ceaa-5b3b-4bc7-b846-41895f4ebd48@group-833AA35A7EDE, cid=2334, SUCCESS, logIndex=3439, commits[72f5ceaa-5b3b-4bc7-b846-41895f4ebd48:c3439, b4e1f7d4-4bb4-47ed-a9cb-53483a899fb2:c3436, d3916bce-b37b-4246-83c6-d24846ba1a72:c3436]
2019-07-08 14:21:28,001 INFO  client.GrpcClientProtocolClient (GrpcClientProtocolClient.java:onNext(255)) - client-DE0880F50CF2->72f5ceaa-5b3b-4bc7-b846-41895f4ebd48: receive RaftClientReply:client-DE0880F50CF2->72f5ceaa-5b3b-4bc7-b846-41895f4ebd48@group-833AA35A7EDE, cid=2335, SUCCESS, logIndex=3442, commits[72f5ceaa-5b3b-4bc7-b846-41895f4ebd48:c3443, b4e1f7d4-4bb4-47ed-a9cb-53483a899fb2:c3441, d3916bce-b37b-4246-83c6-d24846ba1a72:c3441]
2019-07-08 14:21:28,002 INFO  client.GrpcClientProtocolClient (GrpcClientProtocolClient.java:onNext(255)) - client-DE0880F50CF2->72f5ceaa-5b3b-4bc7-b846-41895f4ebd48: receive RaftClientReply:client-DE0880F50CF2->72f5ceaa-5b3b-4bc7-b846-41895f4ebd48@group-833AA35A7EDE, cid=2336, SUCCESS, logIndex=3443, commits[72f5ceaa-5b3b-4bc7-b846-41895f4ebd48:c3443, b4e1f7d4-4bb4-47ed-a9cb-53483a899fb2:c3441, d3916bce-b37b-4246-83c6-d24846ba1a72:c3441]
2019-07-08 14:21:28,014 INFO  client.GrpcClientProtocolClient (GrpcClientProtocolClient.java:onNext(255)) - client-DE0880F50CF2->72f5ceaa-5b3b-4bc7-b846-41895f4ebd48: receive RaftClientReply:client-DE0880F50CF2->72f5ceaa-5b3b-4bc7-b846-41895f4ebd48@group-833AA35A7EDE, cid=2337, SUCCESS, logIndex=0, commits[72f5ceaa-5b3b-4bc7-b846-41895f4ebd48:c3444, b4e1f7d4-4bb4-47ed-a9cb-53483a899fb2:c3443, d3916bce-b37b-4246-83c6-d24846ba1a72:c3443]
2019-07-08 14:21:28,055 INFO  client.GrpcClientProtocolClient (GrpcClientProtocolClient.java:onNext(255)) - client-DE0880F50CF2->72f5ceaa-5b3b-4bc7-b846-41895f4ebd48: receive RaftClientReply:client-DE0880F50CF2->72f5ceaa-5b3b-4bc7-b846-41895f4ebd48@group-833AA35A7EDE, cid=2338, SUCCESS, logIndex=3446, commits[72f5ceaa-5b3b-4bc7-b846-41895f4ebd48:c3447, b4e1f7d4-4bb4-47ed-a9cb-53483a899fb2:c3445, d3916bce-b37b-4246-83c6-d24846ba1a72:c3445]
2019-07-08 14:21:28,055 INFO  client.GrpcClientProtocolClient (GrpcClientProtocolClient.java:onNext(255)) - client-DE0880F50CF2->72f5ceaa-5b3b-4bc7-b846-41895f4ebd48: receive RaftClientReply:client-DE0880F50CF2->72f5ceaa-5b3b-4bc7-b846-41895f4ebd48@group-833AA35A7EDE, cid=2339, SUCCESS, logIndex=3447, commits[72f5ceaa-5b3b-4bc7-b846-41895f4ebd48:c3447, b4e1f7d4-4bb4-47ed-a9cb-53483a899fb2:c3445, d3916bce-b37b-4246-83c6-d24846ba1a72:c3445]
2019-07-08 14:21:28,056 INFO  client.GrpcClientProtocolClient (GrpcClientProtocolClient.java:onNext(255)) - client-DE0880F50CF2->72f5ceaa-5b3b-4bc7-b846-41895f4ebd48: receive RaftClientReply:client-DE0880F50CF2->72f5ceaa-5b3b-4bc7-b846-41895f4ebd48@group-833AA35A7EDE, cid=2340, SUCCESS, logIndex=3448, commits[72f5ceaa-5b3b-4bc7-b846-41895f4ebd48:c3449, b4e1f7d4-4bb4-47ed-a9cb-53483a899fb2:c3445, d3916bce-b37b-4246-83c6-d24846ba1a72:c3445]
2019-07-08 14:21:28,057 INFO  client.GrpcClientProtocolClient (GrpcClientProtocolClient.java:onNext(255)) - client-DE0880F50CF2->72f5ceaa-5b3b-4bc7-b846-41895f4ebd48: receive RaftClientReply:client-DE0880F50CF2->72f5ceaa-5b3b-4bc7-b846-41895f4ebd48@group-833AA35A7EDE, cid=2341, SUCCESS, logIndex=3449, commits[72f5ceaa-5b3b-4bc7-b846-41895f4ebd48:c3449, b4e1f7d4-4bb4-47ed-a9cb-53483a899fb2:c3445, d3916bce-b37b-4246-83c6-d24846ba1a72:c3445]
2019-07-08 14:21:28,058 INFO  client.GrpcClientProtocolClient (GrpcClientProtocolClient.java:onNext(255)) - client-DE0880F50CF2->72f5ceaa-5b3b-4bc7-b846-41895f4ebd48: receive RaftClientReply:client-DE0880F50CF2->72f5ceaa-5b3b-4bc7-b846-41895f4ebd48@group-833AA35A7EDE, cid=2342, SUCCESS, logIndex=0, commits[72f5ceaa-5b3b-4bc7-b846-41895f4ebd48:c3451, b4e1f7d4-4bb4-47ed-a9cb-53483a899fb2:c3447, d3916bce-b37b-4246-83c6-d24846ba1a72:c3447]
2019-07-08 14:21:28,075 INFO  client.GrpcClientProtocolClient (GrpcClientProtocolClient.java:onNext(255)) - client-DE0880F50CF2->72f5ceaa-5b3b-4bc7-b846-41895f4ebd48: receive RaftClientReply:client-DE0880F50CF2->72f5ceaa-5b3b-4bc7-b846-41895f4ebd48@group-833AA35A7EDE, cid=2343, SUCCESS, logIndex=3454, commits[72f5ceaa-5b3b-4bc7-b846-41895f4ebd48:c3455, b4e1f7d4-4bb4-47ed-a9cb-53483a899fb2:c3453, d3916bce-b37b-4246-83c6-d24846ba1a72:c3453]
2019-07-08 14:21:28,075 INFO  client.GrpcClientProtocolClient (GrpcClientProtocolClient.java:onNext(255)) - client-DE0880F50CF2->72f5ceaa-5b3b-4bc7-b846-41895f4ebd48: receive RaftClientReply:client-DE0880F50CF2->72f5ceaa-5b3b-4bc7-b846-41895f4ebd48@group-833AA35A7EDE, cid=2344, SUCCESS, logIndex=3455, commits[72f5ceaa-5b3b-4bc7-b846-41895f4ebd48:c3455, b4e1f7d4-4bb4-47ed-a9cb-53483a899fb2:c3453, d3916bce-b37b-4246-83c6-d24846ba1a72:c3453]
2019-07-08 14:21:28,090 INFO  client.GrpcClientProtocolClient (GrpcClientProtocolClient.java:onNext(255)) - client-DE0880F50CF2->72f5ceaa-5b3b-4bc7-b846-41895f4ebd48: receive RaftClientReply:client-DE0880F50CF2->72f5ceaa-5b3b-4bc7-b846-41895f4ebd48@group-833AA35A7EDE, cid=2345, SUCCESS, logIndex=3458, commits[72f5ceaa-5b3b-4bc7-b846-41895f4ebd48:c3459, b4e1f7d4-4bb4-47ed-a9cb-53483a899fb2:c3455, d3916bce-b37b-4246-83c6-d24846ba1a72:c3455]
2019-07-08 14:21:28,090 INFO  client.GrpcClientProtocolClient (GrpcClientProtocolClient.java:onNext(255)) - client-DE0880F50CF2->72f5ceaa-5b3b-4bc7-b846-41895f4ebd48: receive RaftClientReply:client-DE0880F50CF2->72f5ceaa-5b3b-4bc7-b846-41895f4ebd48@group-833AA35A7EDE, cid=2346, SUCCESS, logIndex=3459, commits[72f5ceaa-5b3b-4bc7-b846-41895f4ebd48:c3459, b4e1f7d4-4bb4-47ed-a9cb-53483a899fb2:c3455, d3916bce-b37b-4246-83c6-d24846ba1a72:c3455]
2019-07-08 14:21:28,101 INFO  client.GrpcClientProtocolClient (GrpcClientProtocolClient.java:onNext(255)) - client-DE0880F50CF2->72f5ceaa-5b3b-4bc7-b846-41895f4ebd48: receive RaftClientReply:client-DE0880F50CF2->72f5ceaa-5b3b-4bc7-b846-41895f4ebd48@group-833AA35A7EDE, cid=2347, SUCCESS, logIndex=0, commits[72f5ceaa-5b3b-4bc7-b846-41895f4ebd48:c3460, b4e1f7d4-4bb4-47ed-a9cb-53483a899fb2:c3459, d3916bce-b37b-4246-83c6-d24846ba1a72:c3459]
2019-07-08 14:21:28,124 INFO  client.GrpcClientProtocolClient (GrpcClientProtocolClient.java:onNext(255)) - client-DE0880F50CF2->72f5ceaa-5b3b-4bc7-b846-41895f4ebd48: receive RaftClientReply:client-DE0880F50CF2->72f5ceaa-5b3b-4bc7-b846-41895f4ebd48@group-833AA35A7EDE, cid=2348, SUCCESS, logIndex=3462, commits[72f5ceaa-5b3b-4bc7-b846-41895f4ebd48:c3463, b4e1f7d4-4bb4-47ed-a9cb-53483a899fb2:c3461, d3916bce-b37b-4246-83c6-d24846ba1a72:c3461]
2019-07-08 14:21:28,124 INFO  client.GrpcClientProtocolClient (GrpcClientProtocolClient.java:onNext(255)) - client-DE0880F50CF2->72f5ceaa-5b3b-4bc7-b846-41895f4ebd48: receive RaftClientReply:client-DE0880F50CF2->72f5ceaa-5b3b-4bc7-b846-41895f4ebd48@group-833AA35A7EDE, cid=2349, SUCCESS, logIndex=3463, commits[72f5ceaa-5b3b-4bc7-b846-41895f4ebd48:c3465, b4e1f7d4-4bb4-47ed-a9cb-53483a899fb2:c3461, d3916bce-b37b-4246-83c6-d24846ba1a72:c3461]
2019-07-08 14:21:28,124 INFO  client.GrpcClientProtocolClient (GrpcClientProtocolClient.java:onNext(255)) - client-DE0880F50CF2->72f5ceaa-5b3b-4bc7-b846-41895f4ebd48: receive RaftClientReply:client-DE0880F50CF2->72f5ceaa-5b3b-4bc7-b846-41895f4ebd48@group-833AA35A7EDE, cid=2350, SUCCESS, logIndex=3464, commits[72f5ceaa-5b3b-4bc7-b846-41895f4ebd48:c3465, b4e1f7d4-4bb4-47ed-a9cb-53483a899fb2:c3461, d3916bce-b37b-4246-83c6-d24846ba1a72:c3461]
2019-07-08 14:21:28,125 INFO  client.GrpcClientProtocolClient (GrpcClientProtocolClient.java:onNext(255)) - client-DE0880F50CF2->72f5ceaa-5b3b-4bc7-b846-41895f4ebd48: receive RaftClientReply:client-DE0880F50CF2->72f5ceaa-5b3b-4bc7-b846-41895f4ebd48@group-833AA35A7EDE, cid=2351, SUCCESS, logIndex=3465, commits[72f5ceaa-5b3b-4bc7-b846-41895f4ebd48:c3465, b4e1f7d4-4bb4-47ed-a9cb-53483a899fb2:c3461, d3916bce-b37b-4246-83c6-d24846ba1a72:c3461]
2019-07-08 14:21:28,130 INFO  client.GrpcClientProtocolClient (GrpcClientProtocolClient.java:onNext(255)) - client-DE0880F50CF2->72f5ceaa-5b3b-4bc7-b846-41895f4ebd48: receive RaftClientReply:client-DE0880F50CF2->72f5ceaa-5b3b-4bc7-b846-41895f4ebd48@group-833AA35A7EDE, cid=2352, SUCCESS, logIndex=0, commits[72f5ceaa-5b3b-4bc7-b846-41895f4ebd48:c3467, b4e1f7d4-4bb4-47ed-a9cb-53483a899fb2:c3463, d3916bce-b37b-4246-83c6-d24846ba1a72:c3463]
2019-07-08 14:21:28,140 INFO  client.GrpcClientProtocolClient (GrpcClientProtocolClient.java:onNext(255)) - client-DE0880F50CF2->72f5ceaa-5b3b-4bc7-b846-41895f4ebd48: receive RaftClientReply:client-DE0880F50CF2->72f5ceaa-5b3b-4bc7-b846-41895f4ebd48@group-833AA35A7EDE, cid=2353, SUCCESS, logIndex=3470, commits[72f5ceaa-5b3b-4bc7-b846-41895f4ebd48:c3471, b4e1f7d4-4bb4-47ed-a9cb-53483a899fb2:c3469, d3916bce-b37b-4246-83c6-d24846ba1a72:c3469]
2019-07-08 14:21:28,140 INFO  client.GrpcClientProtocolClient (GrpcClientProtocolClient.java:onNext(255)) - client-DE0880F50CF2->72f5ceaa-5b3b-4bc7-b846-41895f4ebd48: receive RaftClientReply:client-DE0880F50CF2->72f5ceaa-5b3b-4bc7-b846-41895f4ebd48@group-833AA35A7EDE, cid=2354, SUCCESS, logIndex=3471, commits[72f5ceaa-5b3b-4bc7-b846-41895f4ebd48:c3471, b4e1f7d4-4bb4-47ed-a9cb-53483a899fb2:c3469, d3916bce-b37b-4246-83c6-d24846ba1a72:c3469]
2019-07-08 14:21:28,171 INFO  client.GrpcClientProtocolClient (GrpcClientProtocolClient.java:onNext(255)) - client-DE0880F50CF2->72f5ceaa-5b3b-4bc7-b846-41895f4ebd48: receive RaftClientReply:client-DE0880F50CF2->72f5ceaa-5b3b-4bc7-b846-41895f4ebd48@group-833AA35A7EDE, cid=2355, SUCCESS, logIndex=3474, commits[72f5ceaa-5b3b-4bc7-b846-41895f4ebd48:c3475, b4e1f7d4-4bb4-47ed-a9cb-53483a899fb2:c3473, d3916bce-b37b-4246-83c6-d24846ba1a72:c3473]
2019-07-08 14:21:28,172 INFO  client.GrpcClientProtocolClient (GrpcClientProtocolClient.java:onNext(255)) - client-DE0880F50CF2->72f5ceaa-5b3b-4bc7-b846-41895f4ebd48: receive RaftClientReply:client-DE0880F50CF2->72f5ceaa-5b3b-4bc7-b846-41895f4ebd48@group-833AA35A7EDE, cid=2356, SUCCESS, logIndex=3475, commits[72f5ceaa-5b3b-4bc7-b846-41895f4ebd48:c3475, b4e1f7d4-4bb4-47ed-a9cb-53483a899fb2:c3473, d3916bce-b37b-4246-83c6-d24846ba1a72:c3473]
2019-07-08 14:21:28,182 INFO  client.GrpcClientProtocolClient (GrpcClientProtocolClient.java:onNext(255)) - client-DE0880F50CF2->72f5ceaa-5b3b-4bc7-b846-41895f4ebd48: receive RaftClientReply:client-DE0880F50CF2->72f5ceaa-5b3b-4bc7-b846-41895f4ebd48@group-833AA35A7EDE, cid=2357, SUCCESS, logIndex=0, commits[72f5ceaa-5b3b-4bc7-b846-41895f4ebd48:c3476, b4e1f7d4-4bb4-47ed-a9cb-53483a899fb2:c3475, d3916bce-b37b-4246-83c6-d24846ba1a72:c3475]
2019-07-08 14:21:28,203 INFO  client.GrpcClientProtocolClient (GrpcClientProtocolClient.java:onNext(255)) - client-DE0880F50CF2->72f5ceaa-5b3b-4bc7-b846-41895f4ebd48: receive RaftClientReply:client-DE0880F50CF2->72f5ceaa-5b3b-4bc7-b846-41895f4ebd48@group-833AA35A7EDE, cid=2358, SUCCESS, logIndex=3478, commits[72f5ceaa-5b3b-4bc7-b846-41895f4ebd48:c3479, b4e1f7d4-4bb4-47ed-a9cb-53483a899fb2:c3477, d3916bce-b37b-4246-83c6-d24846ba1a72:c3477]
2019-07-08 14:21:28,203 INFO  client.GrpcClientProtocolClient (GrpcClientProtocolClient.java:onNext(255)) - client-DE0880F50CF2->72f5ceaa-5b3b-4bc7-b846-41895f4ebd48: receive RaftClientReply:client-DE0880F50CF2->72f5ceaa-5b3b-4bc7-b846-41895f4ebd48@group-833AA35A7EDE, cid=2359, SUCCESS, logIndex=3479, commits[72f5ceaa-5b3b-4bc7-b846-41895f4ebd48:c3479, b4e1f7d4-4bb4-47ed-a9cb-53483a899fb2:c3477, d3916bce-b37b-4246-83c6-d24846ba1a72:c3477]
2019-07-08 14:21:28,204 INFO  client.GrpcClientProtocolClient (GrpcClientProtocolClient.java:onNext(255)) - client-DE0880F50CF2->72f5ceaa-5b3b-4bc7-b846-41895f4ebd48: receive RaftClientReply:client-DE0880F50CF2->72f5ceaa-5b3b-4bc7-b846-41895f4ebd48@group-833AA35A7EDE, cid=2360, SUCCESS, logIndex=3480, commits[72f5ceaa-5b3b-4bc7-b846-41895f4ebd48:c3481, b4e1f7d4-4bb4-47ed-a9cb-53483a899fb2:c3477, d3916bce-b37b-4246-83c6-d24846ba1a72:c3477]
2019-07-08 14:21:28,204 INFO  client.GrpcClientProtocolClient (GrpcClientProtocolClient.java:onNext(255)) - client-DE0880F50CF2->72f5ceaa-5b3b-4bc7-b846-41895f4ebd48: receive RaftClientReply:client-DE0880F50CF2->72f5ceaa-5b3b-4bc7-b846-41895f4ebd48@group-833AA35A7EDE, cid=2361, SUCCESS, logIndex=3481, commits[72f5ceaa-5b3b-4bc7-b846-41895f4ebd48:c3481, b4e1f7d4-4bb4-47ed-a9cb-53483a899fb2:c3477, d3916bce-b37b-4246-83c6-d24846ba1a72:c3477]
2019-07-08 14:21:28,207 INFO  client.GrpcClientProtocolClient (GrpcClientProtocolClient.java:onNext(255)) - client-DE0880F50CF2->72f5ceaa-5b3b-4bc7-b846-41895f4ebd48: receive RaftClientReply:client-DE0880F50CF2->72f5ceaa-5b3b-4bc7-b846-41895f4ebd48@group-833AA35A7EDE, cid=2362, SUCCESS, logIndex=0, commits[72f5ceaa-5b3b-4bc7-b846-41895f4ebd48:c3483, b4e1f7d4-4bb4-47ed-a9cb-53483a899fb2:c3479, d3916bce-b37b-4246-83c6-d24846ba1a72:c3479]
2019-07-08 14:21:28,219 INFO  client.GrpcClientProtocolClient (GrpcClientProtocolClient.java:onNext(255)) - client-DE0880F50CF2->72f5ceaa-5b3b-4bc7-b846-41895f4ebd48: receive RaftClientReply:client-DE0880F50CF2->72f5ceaa-5b3b-4bc7-b846-41895f4ebd48@group-833AA35A7EDE, cid=2363, SUCCESS, logIndex=3486, commits[72f5ceaa-5b3b-4bc7-b846-41895f4ebd48:c3487, b4e1f7d4-4bb4-47ed-a9cb-53483a899fb2:c3484, d3916bce-b37b-4246-83c6-d24846ba1a72:c3484]
2019-07-08 14:21:28,220 INFO  client.GrpcClientProtocolClient (GrpcClientProtocolClient.java:onNext(255)) - client-DE0880F50CF2->72f5ceaa-5b3b-4bc7-b846-41895f4ebd48: receive RaftClientReply:client-DE0880F50CF2->72f5ceaa-5b3b-4bc7-b846-41895f4ebd48@group-833AA35A7EDE, cid=2364, SUCCESS, logIndex=3487, commits[72f5ceaa-5b3b-4bc7-b846-41895f4ebd48:c3487, b4e1f7d4-4bb4-47ed-a9cb-53483a899fb2:c3484, d3916bce-b37b-4246-83c6-d24846ba1a72:c3484]
2019-07-08 14:21:28,235 INFO  client.GrpcClientProtocolClient (GrpcClientProtocolClient.java:onNext(255)) - client-DE0880F50CF2->72f5ceaa-5b3b-4bc7-b846-41895f4ebd48: receive RaftClientReply:client-DE0880F50CF2->72f5ceaa-5b3b-4bc7-b846-41895f4ebd48@group-833AA35A7EDE, cid=2365, SUCCESS, logIndex=3490, commits[72f5ceaa-5b3b-4bc7-b846-41895f4ebd48:c3491, b4e1f7d4-4bb4-47ed-a9cb-53483a899fb2:c3487, d3916bce-b37b-4246-83c6-d24846ba1a72:c3488]
2019-07-08 14:21:28,235 INFO  client.GrpcClientProtocolClient (GrpcClientProtocolClient.java:onNext(255)) - client-DE0880F50CF2->72f5ceaa-5b3b-4bc7-b846-41895f4ebd48: receive RaftClientReply:client-DE0880F50CF2->72f5ceaa-5b3b-4bc7-b846-41895f4ebd48@group-833AA35A7EDE, cid=2366, SUCCESS, logIndex=3491, commits[72f5ceaa-5b3b-4bc7-b846-41895f4ebd48:c3491, b4e1f7d4-4bb4-47ed-a9cb-53483a899fb2:c3488, d3916bce-b37b-4246-83c6-d24846ba1a72:c3488]
2019-07-08 14:21:28,237 INFO  client.GrpcClientProtocolClient (GrpcClientProtocolClient.java:onNext(255)) - client-DE0880F50CF2->72f5ceaa-5b3b-4bc7-b846-41895f4ebd48: receive RaftClientReply:client-DE0880F50CF2->72f5ceaa-5b3b-4bc7-b846-41895f4ebd48@group-833AA35A7EDE, cid=2367, SUCCESS, logIndex=0, commits[72f5ceaa-5b3b-4bc7-b846-41895f4ebd48:c3493, b4e1f7d4-4bb4-47ed-a9cb-53483a899fb2:c3491, d3916bce-b37b-4246-83c6-d24846ba1a72:c3491]
2019-07-08 14:21:28,263 INFO  client.GrpcClientProtocolClient (GrpcClientProtocolClient.java:onNext(255)) - client-DE0880F50CF2->72f5ceaa-5b3b-4bc7-b846-41895f4ebd48: receive RaftClientReply:client-DE0880F50CF2->72f5ceaa-5b3b-4bc7-b846-41895f4ebd48@group-833AA35A7EDE, cid=2368, SUCCESS, logIndex=3494, commits[72f5ceaa-5b3b-4bc7-b846-41895f4ebd48:c3495, b4e1f7d4-4bb4-47ed-a9cb-53483a899fb2:c3493, d3916bce-b37b-4246-83c6-d24846ba1a72:c3493]
2019-07-08 14:21:28,263 INFO  client.GrpcClientProtocolClient (GrpcClientProtocolClient.java:onNext(255)) - client-DE0880F50CF2->72f5ceaa-5b3b-4bc7-b846-41895f4ebd48: receive RaftClientReply:client-DE0880F50CF2->72f5ceaa-5b3b-4bc7-b846-41895f4ebd48@group-833AA35A7EDE, cid=2369, SUCCESS, logIndex=3495, commits[72f5ceaa-5b3b-4bc7-b846-41895f4ebd48:c3495, b4e1f7d4-4bb4-47ed-a9cb-53483a899fb2:c3493, d3916bce-b37b-4246-83c6-d24846ba1a72:c3493]
2019-07-08 14:21:28,263 INFO  client.GrpcClientProtocolClient (GrpcClientProtocolClient.java:onNext(255)) - client-DE0880F50CF2->72f5ceaa-5b3b-4bc7-b846-41895f4ebd48: receive RaftClientReply:client-DE0880F50CF2->72f5ceaa-5b3b-4bc7-b846-41895f4ebd48@group-833AA35A7EDE, cid=2370, SUCCESS, logIndex=3496, commits[72f5ceaa-5b3b-4bc7-b846-41895f4ebd48:c3497, b4e1f7d4-4bb4-47ed-a9cb-53483a899fb2:c3493, d3916bce-b37b-4246-83c6-d24846ba1a72:c3493]
2019-07-08 14:21:28,264 INFO  client.GrpcClientProtocolClient (GrpcClientProtocolClient.java:onNext(255)) - client-DE0880F50CF2->72f5ceaa-5b3b-4bc7-b846-41895f4ebd48: receive RaftClientReply:client-DE0880F50CF2->72f5ceaa-5b3b-4bc7-b846-41895f4ebd48@group-833AA35A7EDE, cid=2371, SUCCESS, logIndex=3497, commits[72f5ceaa-5b3b-4bc7-b846-41895f4ebd48:c3497, b4e1f7d4-4bb4-47ed-a9cb-53483a899fb2:c3493, d3916bce-b37b-4246-83c6-d24846ba1a72:c3493]
2019-07-08 14:21:28,277 INFO  client.GrpcClientProtocolClient (GrpcClientProtocolClient.java:onNext(255)) - client-DE0880F50CF2->72f5ceaa-5b3b-4bc7-b846-41895f4ebd48: receive RaftClientReply:client-DE0880F50CF2->72f5ceaa-5b3b-4bc7-b846-41895f4ebd48@group-833AA35A7EDE, cid=2372, SUCCESS, logIndex=0, commits[72f5ceaa-5b3b-4bc7-b846-41895f4ebd48:c3499, b4e1f7d4-4bb4-47ed-a9cb-53483a899fb2:c3495, d3916bce-b37b-4246-83c6-d24846ba1a72:c3495]
2019-07-08 14:21:28,295 INFO  client.GrpcClientProtocolClient (GrpcClientProtocolClient.java:onNext(255)) - client-DE0880F50CF2->72f5ceaa-5b3b-4bc7-b846-41895f4ebd48: receive RaftClientReply:client-DE0880F50CF2->72f5ceaa-5b3b-4bc7-b846-41895f4ebd48@group-833AA35A7EDE, cid=2373, SUCCESS, logIndex=3502, commits[72f5ceaa-5b3b-4bc7-b846-41895f4ebd48:c3503, b4e1f7d4-4bb4-47ed-a9cb-53483a899fb2:c3501, d3916bce-b37b-4246-83c6-d24846ba1a72:c3501]
2019-07-08 14:21:28,295 INFO  client.GrpcClientProtocolClient (GrpcClientProtocolClient.java:onNext(255)) - client-DE0880F50CF2->72f5ceaa-5b3b-4bc7-b846-41895f4ebd48: receive RaftClientReply:client-DE0880F50CF2->72f5ceaa-5b3b-4bc7-b846-41895f4ebd48@group-833AA35A7EDE, cid=2374, SUCCESS, logIndex=3503, commits[72f5ceaa-5b3b-4bc7-b846-41895f4ebd48:c3503, b4e1f7d4-4bb4-47ed-a9cb-53483a899fb2:c3501, d3916bce-b37b-4246-83c6-d24846ba1a72:c3501]
2019-07-08 14:21:28,322 INFO  client.GrpcClientProtocolClient (GrpcClientProtocolClient.java:onNext(255)) - client-DE0880F50CF2->72f5ceaa-5b3b-4bc7-b846-41895f4ebd48: receive RaftClientReply:client-DE0880F50CF2->72f5ceaa-5b3b-4bc7-b846-41895f4ebd48@group-833AA35A7EDE, cid=2375, SUCCESS, logIndex=3506, commits[72f5ceaa-5b3b-4bc7-b846-41895f4ebd48:c3506, b4e1f7d4-4bb4-47ed-a9cb-53483a899fb2:c3503, d3916bce-b37b-4246-83c6-d24846ba1a72:c3503]
2019-07-08 14:21:28,323 INFO  client.GrpcClientProtocolClient (GrpcClientProtocolClient.java:onNext(255)) - client-DE0880F50CF2->72f5ceaa-5b3b-4bc7-b846-41895f4ebd48: receive RaftClientReply:client-DE0880F50CF2->72f5ceaa-5b3b-4bc7-b846-41895f4ebd48@group-833AA35A7EDE, cid=2376, SUCCESS, logIndex=3507, commits[72f5ceaa-5b3b-4bc7-b846-41895f4ebd48:c3507, b4e1f7d4-4bb4-47ed-a9cb-53483a899fb2:c3503, d3916bce-b37b-4246-83c6-d24846ba1a72:c3503]
2019-07-08 14:21:28,348 INFO  client.GrpcClientProtocolClient (GrpcClientProtocolClient.java:onNext(255)) - client-DE0880F50CF2->72f5ceaa-5b3b-4bc7-b846-41895f4ebd48: receive RaftClientReply:client-DE0880F50CF2->72f5ceaa-5b3b-4bc7-b846-41895f4ebd48@group-833AA35A7EDE, cid=2377, SUCCESS, logIndex=0, commits[72f5ceaa-5b3b-4bc7-b846-41895f4ebd48:c3508, b4e1f7d4-4bb4-47ed-a9cb-53483a899fb2:c3507, d3916bce-b37b-4246-83c6-d24846ba1a72:c3507]
2019-07-08 14:21:28,379 INFO  client.GrpcClientProtocolClient (GrpcClientProtocolClient.java:onNext(255)) - client-DE0880F50CF2->72f5ceaa-5b3b-4bc7-b846-41895f4ebd48: receive RaftClientReply:client-DE0880F50CF2->72f5ceaa-5b3b-4bc7-b846-41895f4ebd48@group-833AA35A7EDE, cid=2378, SUCCESS, logIndex=3510, commits[72f5ceaa-5b3b-4bc7-b846-41895f4ebd48:c3511, b4e1f7d4-4bb4-47ed-a9cb-53483a899fb2:c3509, d3916bce-b37b-4246-83c6-d24846ba1a72:c3509]
2019-07-08 14:21:28,379 INFO  client.GrpcClientProtocolClient (GrpcClientProtocolClient.java:onNext(255)) - client-DE0880F50CF2->72f5ceaa-5b3b-4bc7-b846-41895f4ebd48: receive RaftClientReply:client-DE0880F50CF2->72f5ceaa-5b3b-4bc7-b846-41895f4ebd48@group-833AA35A7EDE, cid=2379, SUCCESS, logIndex=3511, commits[72f5ceaa-5b3b-4bc7-b846-41895f4ebd48:c3511, b4e1f7d4-4bb4-47ed-a9cb-53483a899fb2:c3509, d3916bce-b37b-4246-83c6-d24846ba1a72:c3509]
2019-07-08 14:21:28,380 INFO  client.GrpcClientProtocolClient (GrpcClientProtocolClient.java:onNext(255)) - client-DE0880F50CF2->72f5ceaa-5b3b-4bc7-b846-41895f4ebd48: receive RaftClientReply:client-DE0880F50CF2->72f5ceaa-5b3b-4bc7-b846-41895f4ebd48@group-833AA35A7EDE, cid=2380, SUCCESS, logIndex=3512, commits[72f5ceaa-5b3b-4bc7-b846-41895f4ebd48:c3513, b4e1f7d4-4bb4-47ed-a9cb-53483a899fb2:c3509, d3916bce-b37b-4246-83c6-d24846ba1a72:c3509]
2019-07-08 14:21:28,380 INFO  client.GrpcClientProtocolClient (GrpcClientProtocolClient.java:onNext(255)) - client-DE0880F50CF2->72f5ceaa-5b3b-4bc7-b846-41895f4ebd48: receive RaftClientReply:client-DE0880F50CF2->72f5ceaa-5b3b-4bc7-b846-41895f4ebd48@group-833AA35A7EDE, cid=2381, SUCCESS, logIndex=3513, commits[72f5ceaa-5b3b-4bc7-b846-41895f4ebd48:c3513, b4e1f7d4-4bb4-47ed-a9cb-53483a899fb2:c3509, d3916bce-b37b-4246-83c6-d24846ba1a72:c3509]
2019-07-08 14:21:28,395 INFO  client.GrpcClientProtocolClient (GrpcClientProtocolClient.java:onNext(255)) - client-DE0880F50CF2->72f5ceaa-5b3b-4bc7-b846-41895f4ebd48: receive RaftClientReply:client-DE0880F50CF2->72f5ceaa-5b3b-4bc7-b846-41895f4ebd48@group-833AA35A7EDE, cid=2382, SUCCESS, logIndex=0, commits[72f5ceaa-5b3b-4bc7-b846-41895f4ebd48:c3515, b4e1f7d4-4bb4-47ed-a9cb-53483a899fb2:c3511, d3916bce-b37b-4246-83c6-d24846ba1a72:c3511]
2019-07-08 14:21:28,407 INFO  client.GrpcClientProtocolClient (GrpcClientProtocolClient.java:onNext(255)) - client-DE0880F50CF2->72f5ceaa-5b3b-4bc7-b846-41895f4ebd48: receive RaftClientReply:client-DE0880F50CF2->72f5ceaa-5b3b-4bc7-b846-41895f4ebd48@group-833AA35A7EDE, cid=2383, SUCCESS, logIndex=3518, commits[72f5ceaa-5b3b-4bc7-b846-41895f4ebd48:c3519, b4e1f7d4-4bb4-47ed-a9cb-53483a899fb2:c3517, d3916bce-b37b-4246-83c6-d24846ba1a72:c3513]
2019-07-08 14:21:28,407 INFO  client.GrpcClientProtocolClient (GrpcClientProtocolClient.java:onNext(255)) - client-DE0880F50CF2->72f5ceaa-5b3b-4bc7-b846-41895f4ebd48: receive RaftClientReply:client-DE0880F50CF2->72f5ceaa-5b3b-4bc7-b846-41895f4ebd48@group-833AA35A7EDE, cid=2384, SUCCESS, logIndex=3519, commits[72f5ceaa-5b3b-4bc7-b846-41895f4ebd48:c3519, b4e1f7d4-4bb4-47ed-a9cb-53483a899fb2:c3517, d3916bce-b37b-4246-83c6-d24846ba1a72:c3517]
2019-07-08 14:21:28,432 INFO  client.GrpcClientProtocolClient (GrpcClientProtocolClient.java:onNext(255)) - client-DE0880F50CF2->72f5ceaa-5b3b-4bc7-b846-41895f4ebd48: receive RaftClientReply:client-DE0880F50CF2->72f5ceaa-5b3b-4bc7-b846-41895f4ebd48@group-833AA35A7EDE, cid=2385, SUCCESS, logIndex=3521, commits[72f5ceaa-5b3b-4bc7-b846-41895f4ebd48:c3522, b4e1f7d4-4bb4-47ed-a9cb-53483a899fb2:c3520, d3916bce-b37b-4246-83c6-d24846ba1a72:c3520]
2019-07-08 14:21:28,432 INFO  client.GrpcClientProtocolClient (GrpcClientProtocolClient.java:onNext(255)) - client-DE0880F50CF2->72f5ceaa-5b3b-4bc7-b846-41895f4ebd48: receive RaftClientReply:client-DE0880F50CF2->72f5ceaa-5b3b-4bc7-b846-41895f4ebd48@group-833AA35A7EDE, cid=2386, SUCCESS, logIndex=3522, commits[72f5ceaa-5b3b-4bc7-b846-41895f4ebd48:c3522, b4e1f7d4-4bb4-47ed-a9cb-53483a899fb2:c3520, d3916bce-b37b-4246-83c6-d24846ba1a72:c3520]
2019-07-08 14:21:28,439 INFO  client.GrpcClientProtocolClient (GrpcClientProtocolClient.java:onNext(255)) - client-DE0880F50CF2->72f5ceaa-5b3b-4bc7-b846-41895f4ebd48: receive RaftClientReply:client-DE0880F50CF2->72f5ceaa-5b3b-4bc7-b846-41895f4ebd48@group-833AA35A7EDE, cid=2387, SUCCESS, logIndex=0, commits[72f5ceaa-5b3b-4bc7-b846-41895f4ebd48:c3524, b4e1f7d4-4bb4-47ed-a9cb-53483a899fb2:c3522, d3916bce-b37b-4246-83c6-d24846ba1a72:c3522]
2019-07-08 14:21:28,472 INFO  client.GrpcClientProtocolClient (GrpcClientProtocolClient.java:onNext(255)) - client-DE0880F50CF2->72f5ceaa-5b3b-4bc7-b846-41895f4ebd48: receive RaftClientReply:client-DE0880F50CF2->72f5ceaa-5b3b-4bc7-b846-41895f4ebd48@group-833AA35A7EDE, cid=2388, SUCCESS, logIndex=3525, commits[72f5ceaa-5b3b-4bc7-b846-41895f4ebd48:c3526, b4e1f7d4-4bb4-47ed-a9cb-53483a899fb2:c3524, d3916bce-b37b-4246-83c6-d24846ba1a72:c3524]
2019-07-08 14:21:28,472 INFO  client.GrpcClientProtocolClient (GrpcClientProtocolClient.java:onNext(255)) - client-DE0880F50CF2->72f5ceaa-5b3b-4bc7-b846-41895f4ebd48: receive RaftClientReply:client-DE0880F50CF2->72f5ceaa-5b3b-4bc7-b846-41895f4ebd48@group-833AA35A7EDE, cid=2389, SUCCESS, logIndex=3526, commits[72f5ceaa-5b3b-4bc7-b846-41895f4ebd48:c3526, b4e1f7d4-4bb4-47ed-a9cb-53483a899fb2:c3524, d3916bce-b37b-4246-83c6-d24846ba1a72:c3524]
2019-07-08 14:21:28,473 INFO  client.GrpcClientProtocolClient (GrpcClientProtocolClient.java:onNext(255)) - client-DE0880F50CF2->72f5ceaa-5b3b-4bc7-b846-41895f4ebd48: receive RaftClientReply:client-DE0880F50CF2->72f5ceaa-5b3b-4bc7-b846-41895f4ebd48@group-833AA35A7EDE, cid=2390, SUCCESS, logIndex=3527, commits[72f5ceaa-5b3b-4bc7-b846-41895f4ebd48:c3528, b4e1f7d4-4bb4-47ed-a9cb-53483a899fb2:c3524, d3916bce-b37b-4246-83c6-d24846ba1a72:c3524]
2019-07-08 14:21:28,473 INFO  client.GrpcClientProtocolClient (GrpcClientProtocolClient.java:onNext(255)) - client-DE0880F50CF2->72f5ceaa-5b3b-4bc7-b846-41895f4ebd48: receive RaftClientReply:client-DE0880F50CF2->72f5ceaa-5b3b-4bc7-b846-41895f4ebd48@group-833AA35A7EDE, cid=2391, SUCCESS, logIndex=3528, commits[72f5ceaa-5b3b-4bc7-b846-41895f4ebd48:c3528, b4e1f7d4-4bb4-47ed-a9cb-53483a899fb2:c3524, d3916bce-b37b-4246-83c6-d24846ba1a72:c3524]
2019-07-08 14:21:28,475 INFO  client.GrpcClientProtocolClient (GrpcClientProtocolClient.java:onNext(255)) - client-DE0880F50CF2->72f5ceaa-5b3b-4bc7-b846-41895f4ebd48: receive RaftClientReply:client-DE0880F50CF2->72f5ceaa-5b3b-4bc7-b846-41895f4ebd48@group-833AA35A7EDE, cid=2392, SUCCESS, logIndex=0, commits[72f5ceaa-5b3b-4bc7-b846-41895f4ebd48:c3529, b4e1f7d4-4bb4-47ed-a9cb-53483a899fb2:c3526, d3916bce-b37b-4246-83c6-d24846ba1a72:c3526]
2019-07-08 14:21:28,495 INFO  client.GrpcClientProtocolClient (GrpcClientProtocolClient.java:onNext(255)) - client-DE0880F50CF2->72f5ceaa-5b3b-4bc7-b846-41895f4ebd48: receive RaftClientReply:client-DE0880F50CF2->72f5ceaa-5b3b-4bc7-b846-41895f4ebd48@group-833AA35A7EDE, cid=2393, SUCCESS, logIndex=3532, commits[72f5ceaa-5b3b-4bc7-b846-41895f4ebd48:c3533, b4e1f7d4-4bb4-47ed-a9cb-53483a899fb2:c3531, d3916bce-b37b-4246-83c6-d24846ba1a72:c3531]
2019-07-08 14:21:28,495 INFO  client.GrpcClientProtocolClient (GrpcClientProtocolClient.java:onNext(255)) - client-DE0880F50CF2->72f5ceaa-5b3b-4bc7-b846-41895f4ebd48: receive RaftClientReply:client-DE0880F50CF2->72f5ceaa-5b3b-4bc7-b846-41895f4ebd48@group-833AA35A7EDE, cid=2394, SUCCESS, logIndex=3533, commits[72f5ceaa-5b3b-4bc7-b846-41895f4ebd48:c3533, b4e1f7d4-4bb4-47ed-a9cb-53483a899fb2:c3531, d3916bce-b37b-4246-83c6-d24846ba1a72:c3531]
2019-07-08 14:21:28,510 INFO  client.GrpcClientProtocolClient (GrpcClientProtocolClient.java:onNext(255)) - client-DE0880F50CF2->72f5ceaa-5b3b-4bc7-b846-41895f4ebd48: receive RaftClientReply:client-DE0880F50CF2->72f5ceaa-5b3b-4bc7-b846-41895f4ebd48@group-833AA35A7EDE, cid=2395, SUCCESS, logIndex=3536, commits[72f5ceaa-5b3b-4bc7-b846-41895f4ebd48:c3537, b4e1f7d4-4bb4-47ed-a9cb-53483a899fb2:c3533, d3916bce-b37b-4246-83c6-d24846ba1a72:c3533]
2019-07-08 14:21:28,510 INFO  client.GrpcClientProtocolClient (GrpcClientProtocolClient.java:onNext(255)) - client-DE0880F50CF2->72f5ceaa-5b3b-4bc7-b846-41895f4ebd48: receive RaftClientReply:client-DE0880F50CF2->72f5ceaa-5b3b-4bc7-b846-41895f4ebd48@group-833AA35A7EDE, cid=2396, SUCCESS, logIndex=3537, commits[72f5ceaa-5b3b-4bc7-b846-41895f4ebd48:c3537, b4e1f7d4-4bb4-47ed-a9cb-53483a899fb2:c3533, d3916bce-b37b-4246-83c6-d24846ba1a72:c3533]
2019-07-08 14:21:28,524 INFO  client.GrpcClientProtocolClient (GrpcClientProtocolClient.java:onNext(255)) - client-DE0880F50CF2->72f5ceaa-5b3b-4bc7-b846-41895f4ebd48: receive RaftClientReply:client-DE0880F50CF2->72f5ceaa-5b3b-4bc7-b846-41895f4ebd48@group-833AA35A7EDE, cid=2397, SUCCESS, logIndex=0, commits[72f5ceaa-5b3b-4bc7-b846-41895f4ebd48:c3539, b4e1f7d4-4bb4-47ed-a9cb-53483a899fb2:c3537, d3916bce-b37b-4246-83c6-d24846ba1a72:c3537]
2019-07-08 14:21:28,550 INFO  client.GrpcClientProtocolClient (GrpcClientProtocolClient.java:onNext(255)) - client-DE0880F50CF2->72f5ceaa-5b3b-4bc7-b846-41895f4ebd48: receive RaftClientReply:client-DE0880F50CF2->72f5ceaa-5b3b-4bc7-b846-41895f4ebd48@group-833AA35A7EDE, cid=2398, SUCCESS, logIndex=3540, commits[72f5ceaa-5b3b-4bc7-b846-41895f4ebd48:c3541, b4e1f7d4-4bb4-47ed-a9cb-53483a899fb2:c3539, d3916bce-b37b-4246-83c6-d24846ba1a72:c3539]
2019-07-08 14:21:28,551 INFO  client.GrpcClientProtocolClient (GrpcClientProtocolClient.java:onNext(255)) - client-DE0880F50CF2->72f5ceaa-5b3b-4bc7-b846-41895f4ebd48: receive RaftClientReply:client-DE0880F50CF2->72f5ceaa-5b3b-4bc7-b846-41895f4ebd48@group-833AA35A7EDE, cid=2399, SUCCESS, logIndex=3541, commits[72f5ceaa-5b3b-4bc7-b846-41895f4ebd48:c3541, b4e1f7d4-4bb4-47ed-a9cb-53483a899fb2:c3539, d3916bce-b37b-4246-83c6-d24846ba1a72:c3539]
2019-07-08 14:21:28,551 INFO  client.GrpcClientProtocolClient (GrpcClientProtocolClient.java:onNext(255)) - client-DE0880F50CF2->72f5ceaa-5b3b-4bc7-b846-41895f4ebd48: receive RaftClientReply:client-DE0880F50CF2->72f5ceaa-5b3b-4bc7-b846-41895f4ebd48@group-833AA35A7EDE, cid=2400, SUCCESS, logIndex=3542, commits[72f5ceaa-5b3b-4bc7-b846-41895f4ebd48:c3543, b4e1f7d4-4bb4-47ed-a9cb-53483a899fb2:c3539, d3916bce-b37b-4246-83c6-d24846ba1a72:c3539]
2019-07-08 14:21:28,551 INFO  client.GrpcClientProtocolClient (GrpcClientProtocolClient.java:onNext(255)) - client-DE0880F50CF2->72f5ceaa-5b3b-4bc7-b846-41895f4ebd48: receive RaftClientReply:client-DE0880F50CF2->72f5ceaa-5b3b-4bc7-b846-41895f4ebd48@group-833AA35A7EDE, cid=2401, SUCCESS, logIndex=3543, commits[72f5ceaa-5b3b-4bc7-b846-41895f4ebd48:c3543, b4e1f7d4-4bb4-47ed-a9cb-53483a899fb2:c3539, d3916bce-b37b-4246-83c6-d24846ba1a72:c3539]
2019-07-08 14:21:28,565 INFO  client.GrpcClientProtocolClient (GrpcClientProtocolClient.java:onNext(255)) - client-DE0880F50CF2->72f5ceaa-5b3b-4bc7-b846-41895f4ebd48: receive RaftClientReply:client-DE0880F50CF2->72f5ceaa-5b3b-4bc7-b846-41895f4ebd48@group-833AA35A7EDE, cid=2402, SUCCESS, logIndex=0, commits[72f5ceaa-5b3b-4bc7-b846-41895f4ebd48:c3545, b4e1f7d4-4bb4-47ed-a9cb-53483a899fb2:c3541, d3916bce-b37b-4246-83c6-d24846ba1a72:c3541]
2019-07-08 14:21:28,586 INFO  client.GrpcClientProtocolClient (GrpcClientProtocolClient.java:onNext(255)) - client-DE0880F50CF2->72f5ceaa-5b3b-4bc7-b846-41895f4ebd48: receive RaftClientReply:client-DE0880F50CF2->72f5ceaa-5b3b-4bc7-b846-41895f4ebd48@group-833AA35A7EDE, cid=2403, SUCCESS, logIndex=3548, commits[72f5ceaa-5b3b-4bc7-b846-41895f4ebd48:c3549, b4e1f7d4-4bb4-47ed-a9cb-53483a899fb2:c3547, d3916bce-b37b-4246-83c6-d24846ba1a72:c3547]
2019-07-08 14:21:28,586 INFO  client.GrpcClientProtocolClient (GrpcClientProtocolClient.java:onNext(255)) - client-DE0880F50CF2->72f5ceaa-5b3b-4bc7-b846-41895f4ebd48: receive RaftClientReply:client-DE0880F50CF2->72f5ceaa-5b3b-4bc7-b846-41895f4ebd48@group-833AA35A7EDE, cid=2404, SUCCESS, logIndex=3549, commits[72f5ceaa-5b3b-4bc7-b846-41895f4ebd48:c3549, b4e1f7d4-4bb4-47ed-a9cb-53483a899fb2:c3547, d3916bce-b37b-4246-83c6-d24846ba1a72:c3547]
2019-07-08 14:21:28,611 INFO  client.GrpcClientProtocolClient (GrpcClientProtocolClient.java:onNext(255)) - client-DE0880F50CF2->72f5ceaa-5b3b-4bc7-b846-41895f4ebd48: receive RaftClientReply:client-DE0880F50CF2->72f5ceaa-5b3b-4bc7-b846-41895f4ebd48@group-833AA35A7EDE, cid=2405, SUCCESS, logIndex=3552, commits[72f5ceaa-5b3b-4bc7-b846-41895f4ebd48:c3553, b4e1f7d4-4bb4-47ed-a9cb-53483a899fb2:c3549, d3916bce-b37b-4246-83c6-d24846ba1a72:c3549]
2019-07-08 14:21:28,611 INFO  client.GrpcClientProtocolClient (GrpcClientProtocolClient.java:onNext(255)) - client-DE0880F50CF2->72f5ceaa-5b3b-4bc7-b846-41895f4ebd48: receive RaftClientReply:client-DE0880F50CF2->72f5ceaa-5b3b-4bc7-b846-41895f4ebd48@group-833AA35A7EDE, cid=2406, SUCCESS, logIndex=3553, commits[72f5ceaa-5b3b-4bc7-b846-41895f4ebd48:c3553, b4e1f7d4-4bb4-47ed-a9cb-53483a899fb2:c3549, d3916bce-b37b-4246-83c6-d24846ba1a72:c3549]
2019-07-08 14:21:28,637 INFO  client.GrpcClientProtocolClient (GrpcClientProtocolClient.java:onNext(255)) - client-DE0880F50CF2->72f5ceaa-5b3b-4bc7-b846-41895f4ebd48: receive RaftClientReply:client-DE0880F50CF2->72f5ceaa-5b3b-4bc7-b846-41895f4ebd48@group-833AA35A7EDE, cid=2407, SUCCESS, logIndex=0, commits[72f5ceaa-5b3b-4bc7-b846-41895f4ebd48:c3555, b4e1f7d4-4bb4-47ed-a9cb-53483a899fb2:c3553, d3916bce-b37b-4246-83c6-d24846ba1a72:c3553]
2019-07-08 14:21:28,678 INFO  client.GrpcClientProtocolClient (GrpcClientProtocolClient.java:onNext(255)) - client-DE0880F50CF2->72f5ceaa-5b3b-4bc7-b846-41895f4ebd48: receive RaftClientReply:client-DE0880F50CF2->72f5ceaa-5b3b-4bc7-b846-41895f4ebd48@group-833AA35A7EDE, cid=2408, SUCCESS, logIndex=3556, commits[72f5ceaa-5b3b-4bc7-b846-41895f4ebd48:c3557, b4e1f7d4-4bb4-47ed-a9cb-53483a899fb2:c3555, d3916bce-b37b-4246-83c6-d24846ba1a72:c3555]
2019-07-08 14:21:28,678 INFO  client.GrpcClientProtocolClient (GrpcClientProtocolClient.java:onNext(255)) - client-DE0880F50CF2->72f5ceaa-5b3b-4bc7-b846-41895f4ebd48: receive RaftClientReply:client-DE0880F50CF2->72f5ceaa-5b3b-4bc7-b846-41895f4ebd48@group-833AA35A7EDE, cid=2409, SUCCESS, logIndex=3557, commits[72f5ceaa-5b3b-4bc7-b846-41895f4ebd48:c3557, b4e1f7d4-4bb4-47ed-a9cb-53483a899fb2:c3555, d3916bce-b37b-4246-83c6-d24846ba1a72:c3555]
2019-07-08 14:21:28,679 INFO  client.GrpcClientProtocolClient (GrpcClientProtocolClient.java:onNext(255)) - client-DE0880F50CF2->72f5ceaa-5b3b-4bc7-b846-41895f4ebd48: receive RaftClientReply:client-DE0880F50CF2->72f5ceaa-5b3b-4bc7-b846-41895f4ebd48@group-833AA35A7EDE, cid=2410, SUCCESS, logIndex=3558, commits[72f5ceaa-5b3b-4bc7-b846-41895f4ebd48:c3558, b4e1f7d4-4bb4-47ed-a9cb-53483a899fb2:c3555, d3916bce-b37b-4246-83c6-d24846ba1a72:c3555]
2019-07-08 14:21:28,679 INFO  client.GrpcClientProtocolClient (GrpcClientProtocolClient.java:onNext(255)) - client-DE0880F50CF2->72f5ceaa-5b3b-4bc7-b846-41895f4ebd48: receive RaftClientReply:client-DE0880F50CF2->72f5ceaa-5b3b-4bc7-b846-41895f4ebd48@group-833AA35A7EDE, cid=2411, SUCCESS, logIndex=3559, commits[72f5ceaa-5b3b-4bc7-b846-41895f4ebd48:c3559, b4e1f7d4-4bb4-47ed-a9cb-53483a899fb2:c3555, d3916bce-b37b-4246-83c6-d24846ba1a72:c3555]
2019-07-08 14:21:28,682 INFO  client.GrpcClientProtocolClient (GrpcClientProtocolClient.java:onNext(255)) - client-DE0880F50CF2->72f5ceaa-5b3b-4bc7-b846-41895f4ebd48: receive RaftClientReply:client-DE0880F50CF2->72f5ceaa-5b3b-4bc7-b846-41895f4ebd48@group-833AA35A7EDE, cid=2412, SUCCESS, logIndex=0, commits[72f5ceaa-5b3b-4bc7-b846-41895f4ebd48:c3561, b4e1f7d4-4bb4-47ed-a9cb-53483a899fb2:c3557, d3916bce-b37b-4246-83c6-d24846ba1a72:c3557]
2019-07-08 14:21:28,804 INFO  client.GrpcClientProtocolClient (GrpcClientProtocolClient.java:onNext(255)) - client-DE0880F50CF2->72f5ceaa-5b3b-4bc7-b846-41895f4ebd48: receive RaftClientReply:client-DE0880F50CF2->72f5ceaa-5b3b-4bc7-b846-41895f4ebd48@group-833AA35A7EDE, cid=2413, SUCCESS, logIndex=3564, commits[72f5ceaa-5b3b-4bc7-b846-41895f4ebd48:c3565, b4e1f7d4-4bb4-47ed-a9cb-53483a899fb2:c3563, d3916bce-b37b-4246-83c6-d24846ba1a72:c3563]
2019-07-08 14:21:28,804 INFO  client.GrpcClientProtocolClient (GrpcClientProtocolClient.java:onNext(255)) - client-DE0880F50CF2->72f5ceaa-5b3b-4bc7-b846-41895f4ebd48: receive RaftClientReply:client-DE0880F50CF2->72f5ceaa-5b3b-4bc7-b846-41895f4ebd48@group-833AA35A7EDE, cid=2414, SUCCESS, logIndex=3565, commits[72f5ceaa-5b3b-4bc7-b846-41895f4ebd48:c3565, b4e1f7d4-4bb4-47ed-a9cb-53483a899fb2:c3563, d3916bce-b37b-4246-83c6-d24846ba1a72:c3563]
2019-07-08 14:21:28,828 INFO  client.GrpcClientProtocolClient (GrpcClientProtocolClient.java:onNext(255)) - client-DE0880F50CF2->72f5ceaa-5b3b-4bc7-b846-41895f4ebd48: receive RaftClientReply:client-DE0880F50CF2->72f5ceaa-5b3b-4bc7-b846-41895f4ebd48@group-833AA35A7EDE, cid=2415, SUCCESS, logIndex=3568, commits[72f5ceaa-5b3b-4bc7-b846-41895f4ebd48:c3569, b4e1f7d4-4bb4-47ed-a9cb-53483a899fb2:c3565, d3916bce-b37b-4246-83c6-d24846ba1a72:c3565]
2019-07-08 14:21:28,828 INFO  client.GrpcClientProtocolClient (GrpcClientProtocolClient.java:onNext(255)) - client-DE0880F50CF2->72f5ceaa-5b3b-4bc7-b846-41895f4ebd48: receive RaftClientReply:client-DE0880F50CF2->72f5ceaa-5b3b-4bc7-b846-41895f4ebd48@group-833AA35A7EDE, cid=2416, SUCCESS, logIndex=3569, commits[72f5ceaa-5b3b-4bc7-b846-41895f4ebd48:c3569, b4e1f7d4-4bb4-47ed-a9cb-53483a899fb2:c3565, d3916bce-b37b-4246-83c6-d24846ba1a72:c3565]
2019-07-08 14:21:28,841 INFO  client.GrpcClientProtocolClient (GrpcClientProtocolClient.java:onNext(255)) - client-DE0880F50CF2->72f5ceaa-5b3b-4bc7-b846-41895f4ebd48: receive RaftClientReply:client-DE0880F50CF2->72f5ceaa-5b3b-4bc7-b846-41895f4ebd48@group-833AA35A7EDE, cid=2417, SUCCESS, logIndex=0, commits[72f5ceaa-5b3b-4bc7-b846-41895f4ebd48:c3569, b4e1f7d4-4bb4-47ed-a9cb-53483a899fb2:c3569, d3916bce-b37b-4246-83c6-d24846ba1a72:c3569]
2019-07-08 14:21:28,869 INFO  client.GrpcClientProtocolClient (GrpcClientProtocolClient.java:onNext(255)) - client-DE0880F50CF2->72f5ceaa-5b3b-4bc7-b846-41895f4ebd48: receive RaftClientReply:client-DE0880F50CF2->72f5ceaa-5b3b-4bc7-b846-41895f4ebd48@group-833AA35A7EDE, cid=2418, SUCCESS, logIndex=3572, commits[72f5ceaa-5b3b-4bc7-b846-41895f4ebd48:c3573, b4e1f7d4-4bb4-47ed-a9cb-53483a899fb2:c3571, d3916bce-b37b-4246-83c6-d24846ba1a72:c3571]
2019-07-08 14:21:28,870 INFO  client.GrpcClientProtocolClient (GrpcClientProtocolClient.java:onNext(255)) - client-DE0880F50CF2->72f5ceaa-5b3b-4bc7-b846-41895f4ebd48: receive RaftClientReply:client-DE0880F50CF2->72f5ceaa-5b3b-4bc7-b846-41895f4ebd48@group-833AA35A7EDE, cid=2419, SUCCESS, logIndex=3573, commits[72f5ceaa-5b3b-4bc7-b846-41895f4ebd48:c3573, b4e1f7d4-4bb4-47ed-a9cb-53483a899fb2:c3571, d3916bce-b37b-4246-83c6-d24846ba1a72:c3571]
2019-07-08 14:21:28,870 INFO  client.GrpcClientProtocolClient (GrpcClientProtocolClient.java:onNext(255)) - client-DE0880F50CF2->72f5ceaa-5b3b-4bc7-b846-41895f4ebd48: receive RaftClientReply:client-DE0880F50CF2->72f5ceaa-5b3b-4bc7-b846-41895f4ebd48@group-833AA35A7EDE, cid=2420, SUCCESS, logIndex=3574, commits[72f5ceaa-5b3b-4bc7-b846-41895f4ebd48:c3575, b4e1f7d4-4bb4-47ed-a9cb-53483a899fb2:c3571, d3916bce-b37b-4246-83c6-d24846ba1a72:c3571]
2019-07-08 14:21:28,871 INFO  client.GrpcClientProtocolClient (GrpcClientProtocolClient.java:onNext(255)) - client-DE0880F50CF2->72f5ceaa-5b3b-4bc7-b846-41895f4ebd48: receive RaftClientReply:client-DE0880F50CF2->72f5ceaa-5b3b-4bc7-b846-41895f4ebd48@group-833AA35A7EDE, cid=2421, SUCCESS, logIndex=3575, commits[72f5ceaa-5b3b-4bc7-b846-41895f4ebd48:c3575, b4e1f7d4-4bb4-47ed-a9cb-53483a899fb2:c3571, d3916bce-b37b-4246-83c6-d24846ba1a72:c3571]
2019-07-08 14:21:28,885 INFO  client.GrpcClientProtocolClient (GrpcClientProtocolClient.java:onNext(255)) - client-DE0880F50CF2->72f5ceaa-5b3b-4bc7-b846-41895f4ebd48: receive RaftClientReply:client-DE0880F50CF2->72f5ceaa-5b3b-4bc7-b846-41895f4ebd48@group-833AA35A7EDE, cid=2422, SUCCESS, logIndex=0, commits[72f5ceaa-5b3b-4bc7-b846-41895f4ebd48:c3577, b4e1f7d4-4bb4-47ed-a9cb-53483a899fb2:c3573, d3916bce-b37b-4246-83c6-d24846ba1a72:c3573]
 0.00% |█                                                                                                    |  0/1 Time: 0:00:232019-07-08 14:21:28,898 INFO  client.GrpcClientProtocolClient (GrpcClientProtocolClient.java:onNext(255)) - client-DE0880F50CF2->72f5ceaa-5b3b-4bc7-b846-41895f4ebd48: receive RaftClientReply:client-DE0880F50CF2->72f5ceaa-5b3b-4bc7-b846-41895f4ebd48@group-833AA35A7EDE, cid=2423, SUCCESS, logIndex=3580, commits[72f5ceaa-5b3b-4bc7-b846-41895f4ebd48:c3581, b4e1f7d4-4bb4-47ed-a9cb-53483a899fb2:c3579, d3916bce-b37b-4246-83c6-d24846ba1a72:c3579]
2019-07-08 14:21:28,899 INFO  client.GrpcClientProtocolClient (GrpcClientProtocolClient.java:onNext(255)) - client-DE0880F50CF2->72f5ceaa-5b3b-4bc7-b846-41895f4ebd48: receive RaftClientReply:client-DE0880F50CF2->72f5ceaa-5b3b-4bc7-b846-41895f4ebd48@group-833AA35A7EDE, cid=2424, SUCCESS, logIndex=3581, commits[72f5ceaa-5b3b-4bc7-b846-41895f4ebd48:c3581, b4e1f7d4-4bb4-47ed-a9cb-53483a899fb2:c3579, d3916bce-b37b-4246-83c6-d24846ba1a72:c3579]
2019-07-08 14:21:28,925 INFO  client.GrpcClientProtocolClient (GrpcClientProtocolClient.java:onNext(255)) - client-DE0880F50CF2->72f5ceaa-5b3b-4bc7-b846-41895f4ebd48: receive RaftClientReply:client-DE0880F50CF2->72f5ceaa-5b3b-4bc7-b846-41895f4ebd48@group-833AA35A7EDE, cid=2425, SUCCESS, logIndex=3584, commits[72f5ceaa-5b3b-4bc7-b846-41895f4ebd48:c3585, b4e1f7d4-4bb4-47ed-a9cb-53483a899fb2:c3581, d3916bce-b37b-4246-83c6-d24846ba1a72:c3581]
2019-07-08 14:21:28,925 INFO  client.GrpcClientProtocolClient (GrpcClientProtocolClient.java:onNext(255)) - client-DE0880F50CF2->72f5ceaa-5b3b-4bc7-b846-41895f4ebd48: receive RaftClientReply:client-DE0880F50CF2->72f5ceaa-5b3b-4bc7-b846-41895f4ebd48@group-833AA35A7EDE, cid=2426, SUCCESS, logIndex=3585, commits[72f5ceaa-5b3b-4bc7-b846-41895f4ebd48:c3585, b4e1f7d4-4bb4-47ed-a9cb-53483a899fb2:c3581, d3916bce-b37b-4246-83c6-d24846ba1a72:c3581]
2019-07-08 14:21:28,953 INFO  client.GrpcClientProtocolClient (GrpcClientProtocolClient.java:onNext(255)) - client-DE0880F50CF2->72f5ceaa-5b3b-4bc7-b846-41895f4ebd48: receive RaftClientReply:client-DE0880F50CF2->72f5ceaa-5b3b-4bc7-b846-41895f4ebd48@group-833AA35A7EDE, cid=2427, SUCCESS, logIndex=0, commits[72f5ceaa-5b3b-4bc7-b846-41895f4ebd48:c3586, b4e1f7d4-4bb4-47ed-a9cb-53483a899fb2:c3585, d3916bce-b37b-4246-83c6-d24846ba1a72:c3585]
2019-07-08 14:21:28,982 INFO  client.GrpcClientProtocolClient (GrpcClientProtocolClient.java:onNext(255)) - client-DE0880F50CF2->72f5ceaa-5b3b-4bc7-b846-41895f4ebd48: receive RaftClientReply:client-DE0880F50CF2->72f5ceaa-5b3b-4bc7-b846-41895f4ebd48@group-833AA35A7EDE, cid=2428, SUCCESS, logIndex=3588, commits[72f5ceaa-5b3b-4bc7-b846-41895f4ebd48:c3589, b4e1f7d4-4bb4-47ed-a9cb-53483a899fb2:c3587, d3916bce-b37b-4246-83c6-d24846ba1a72:c3587]
2019-07-08 14:21:28,983 INFO  client.GrpcClientProtocolClient (GrpcClientProtocolClient.java:onNext(255)) - client-DE0880F50CF2->72f5ceaa-5b3b-4bc7-b846-41895f4ebd48: receive RaftClientReply:client-DE0880F50CF2->72f5ceaa-5b3b-4bc7-b846-41895f4ebd48@group-833AA35A7EDE, cid=2429, SUCCESS, logIndex=3589, commits[72f5ceaa-5b3b-4bc7-b846-41895f4ebd48:c3589, b4e1f7d4-4bb4-47ed-a9cb-53483a899fb2:c3587, d3916bce-b37b-4246-83c6-d24846ba1a72:c3587]
2019-07-08 14:21:28,983 INFO  client.GrpcClientProtocolClient (GrpcClientProtocolClient.java:onNext(255)) - client-DE0880F50CF2->72f5ceaa-5b3b-4bc7-b846-41895f4ebd48: receive RaftClientReply:client-DE0880F50CF2->72f5ceaa-5b3b-4bc7-b846-41895f4ebd48@group-833AA35A7EDE, cid=2430, SUCCESS, logIndex=3590, commits[72f5ceaa-5b3b-4bc7-b846-41895f4ebd48:c3591, b4e1f7d4-4bb4-47ed-a9cb-53483a899fb2:c3587, d3916bce-b37b-4246-83c6-d24846ba1a72:c3587]
2019-07-08 14:21:28,984 INFO  client.GrpcClientProtocolClient (GrpcClientProtocolClient.java:onNext(255)) - client-DE0880F50CF2->72f5ceaa-5b3b-4bc7-b846-41895f4ebd48: receive RaftClientReply:client-DE0880F50CF2->72f5ceaa-5b3b-4bc7-b846-41895f4ebd48@group-833AA35A7EDE, cid=2431, SUCCESS, logIndex=3591, commits[72f5ceaa-5b3b-4bc7-b846-41895f4ebd48:c3591, b4e1f7d4-4bb4-47ed-a9cb-53483a899fb2:c3587, d3916bce-b37b-4246-83c6-d24846ba1a72:c3587]
2019-07-08 14:21:28,998 INFO  client.GrpcClientProtocolClient (GrpcClientProtocolClient.java:onNext(255)) - client-DE0880F50CF2->72f5ceaa-5b3b-4bc7-b846-41895f4ebd48: receive RaftClientReply:client-DE0880F50CF2->72f5ceaa-5b3b-4bc7-b846-41895f4ebd48@group-833AA35A7EDE, cid=2432, SUCCESS, logIndex=0, commits[72f5ceaa-5b3b-4bc7-b846-41895f4ebd48:c3593, b4e1f7d4-4bb4-47ed-a9cb-53483a899fb2:c3589, d3916bce-b37b-4246-83c6-d24846ba1a72:c3589]
2019-07-08 14:21:29,009 INFO  client.GrpcClientProtocolClient (GrpcClientProtocolClient.java:onNext(255)) - client-DE0880F50CF2->72f5ceaa-5b3b-4bc7-b846-41895f4ebd48: receive RaftClientReply:client-DE0880F50CF2->72f5ceaa-5b3b-4bc7-b846-41895f4ebd48@group-833AA35A7EDE, cid=2433, SUCCESS, logIndex=3596, commits[72f5ceaa-5b3b-4bc7-b846-41895f4ebd48:c3597, b4e1f7d4-4bb4-47ed-a9cb-53483a899fb2:c3595, d3916bce-b37b-4246-83c6-d24846ba1a72:c3591]
2019-07-08 14:21:29,010 INFO  client.GrpcClientProtocolClient (GrpcClientProtocolClient.java:onNext(255)) - client-DE0880F50CF2->72f5ceaa-5b3b-4bc7-b846-41895f4ebd48: receive RaftClientReply:client-DE0880F50CF2->72f5ceaa-5b3b-4bc7-b846-41895f4ebd48@group-833AA35A7EDE, cid=2434, SUCCESS, logIndex=3597, commits[72f5ceaa-5b3b-4bc7-b846-41895f4ebd48:c3597, b4e1f7d4-4bb4-47ed-a9cb-53483a899fb2:c3595, d3916bce-b37b-4246-83c6-d24846ba1a72:c3595]
2019-07-08 14:21:29,036 INFO  client.GrpcClientProtocolClient (GrpcClientProtocolClient.java:onNext(255)) - client-DE0880F50CF2->72f5ceaa-5b3b-4bc7-b846-41895f4ebd48: receive RaftClientReply:client-DE0880F50CF2->72f5ceaa-5b3b-4bc7-b846-41895f4ebd48@group-833AA35A7EDE, cid=2435, SUCCESS, logIndex=3600, commits[72f5ceaa-5b3b-4bc7-b846-41895f4ebd48:c3601, b4e1f7d4-4bb4-47ed-a9cb-53483a899fb2:c3598, d3916bce-b37b-4246-83c6-d24846ba1a72:c3597]
2019-07-08 14:21:29,037 INFO  client.GrpcClientProtocolClient (GrpcClientProtocolClient.java:onNext(255)) - client-DE0880F50CF2->72f5ceaa-5b3b-4bc7-b846-41895f4ebd48: receive RaftClientReply:client-DE0880F50CF2->72f5ceaa-5b3b-4bc7-b846-41895f4ebd48@group-833AA35A7EDE, cid=2436, SUCCESS, logIndex=3601, commits[72f5ceaa-5b3b-4bc7-b846-41895f4ebd48:c3601, b4e1f7d4-4bb4-47ed-a9cb-53483a899fb2:c3598, d3916bce-b37b-4246-83c6-d24846ba1a72:c3598]
2019-07-08 14:21:29,051 INFO  client.GrpcClientProtocolClient (GrpcClientProtocolClient.java:onNext(255)) - client-DE0880F50CF2->72f5ceaa-5b3b-4bc7-b846-41895f4ebd48: receive RaftClientReply:client-DE0880F50CF2->72f5ceaa-5b3b-4bc7-b846-41895f4ebd48@group-833AA35A7EDE, cid=2437, SUCCESS, logIndex=0, commits[72f5ceaa-5b3b-4bc7-b846-41895f4ebd48:c3603, b4e1f7d4-4bb4-47ed-a9cb-53483a899fb2:c3601, d3916bce-b37b-4246-83c6-d24846ba1a72:c3601]
2019-07-08 14:21:29,083 INFO  client.GrpcClientProtocolClient (GrpcClientProtocolClient.java:onNext(255)) - client-DE0880F50CF2->72f5ceaa-5b3b-4bc7-b846-41895f4ebd48: receive RaftClientReply:client-DE0880F50CF2->72f5ceaa-5b3b-4bc7-b846-41895f4ebd48@group-833AA35A7EDE, cid=2438, SUCCESS, logIndex=3604, commits[72f5ceaa-5b3b-4bc7-b846-41895f4ebd48:c3605, b4e1f7d4-4bb4-47ed-a9cb-53483a899fb2:c3603, d3916bce-b37b-4246-83c6-d24846ba1a72:c3603]
2019-07-08 14:21:29,083 INFO  client.GrpcClientProtocolClient (GrpcClientProtocolClient.java:onNext(255)) - client-DE0880F50CF2->72f5ceaa-5b3b-4bc7-b846-41895f4ebd48: receive RaftClientReply:client-DE0880F50CF2->72f5ceaa-5b3b-4bc7-b846-41895f4ebd48@group-833AA35A7EDE, cid=2439, SUCCESS, logIndex=3605, commits[72f5ceaa-5b3b-4bc7-b846-41895f4ebd48:c3605, b4e1f7d4-4bb4-47ed-a9cb-53483a899fb2:c3603, d3916bce-b37b-4246-83c6-d24846ba1a72:c3603]
2019-07-08 14:21:29,108 INFO  client.GrpcClientProtocolClient (GrpcClientProtocolClient.java:onNext(255)) - client-DE0880F50CF2->72f5ceaa-5b3b-4bc7-b846-41895f4ebd48: receive RaftClientReply:client-DE0880F50CF2->72f5ceaa-5b3b-4bc7-b846-41895f4ebd48@group-833AA35A7EDE, cid=2440, SUCCESS, logIndex=3606, commits[72f5ceaa-5b3b-4bc7-b846-41895f4ebd48:c3607, b4e1f7d4-4bb4-47ed-a9cb-53483a899fb2:c3603, d3916bce-b37b-4246-83c6-d24846ba1a72:c3603]
2019-07-08 14:21:29,109 INFO  client.GrpcClientProtocolClient (GrpcClientProtocolClient.java:onNext(255)) - client-DE0880F50CF2->72f5ceaa-5b3b-4bc7-b846-41895f4ebd48: receive RaftClientReply:client-DE0880F50CF2->72f5ceaa-5b3b-4bc7-b846-41895f4ebd48@group-833AA35A7EDE, cid=2441, SUCCESS, logIndex=3607, commits[72f5ceaa-5b3b-4bc7-b846-41895f4ebd48:c3607, b4e1f7d4-4bb4-47ed-a9cb-53483a899fb2:c3603, d3916bce-b37b-4246-83c6-d24846ba1a72:c3603]
2019-07-08 14:21:29,121 INFO  client.GrpcClientProtocolClient (GrpcClientProtocolClient.java:onNext(255)) - client-DE0880F50CF2->72f5ceaa-5b3b-4bc7-b846-41895f4ebd48: receive RaftClientReply:client-DE0880F50CF2->72f5ceaa-5b3b-4bc7-b846-41895f4ebd48@group-833AA35A7EDE, cid=2442, SUCCESS, logIndex=0, commits[72f5ceaa-5b3b-4bc7-b846-41895f4ebd48:c3609, b4e1f7d4-4bb4-47ed-a9cb-53483a899fb2:c3605, d3916bce-b37b-4246-83c6-d24846ba1a72:c3605]
2019-07-08 14:21:29,151 INFO  client.GrpcClientProtocolClient (GrpcClientProtocolClient.java:onNext(255)) - client-DE0880F50CF2->72f5ceaa-5b3b-4bc7-b846-41895f4ebd48: receive RaftClientReply:client-DE0880F50CF2->72f5ceaa-5b3b-4bc7-b846-41895f4ebd48@group-833AA35A7EDE, cid=2443, SUCCESS, logIndex=3612, commits[72f5ceaa-5b3b-4bc7-b846-41895f4ebd48:c3613, b4e1f7d4-4bb4-47ed-a9cb-53483a899fb2:c3609, d3916bce-b37b-4246-83c6-d24846ba1a72:c3609]
2019-07-08 14:21:29,151 INFO  client.GrpcClientProtocolClient (GrpcClientProtocolClient.java:onNext(255)) - client-DE0880F50CF2->72f5ceaa-5b3b-4bc7-b846-41895f4ebd48: receive RaftClientReply:client-DE0880F50CF2->72f5ceaa-5b3b-4bc7-b846-41895f4ebd48@group-833AA35A7EDE, cid=2444, SUCCESS, logIndex=3613, commits[72f5ceaa-5b3b-4bc7-b846-41895f4ebd48:c3613, b4e1f7d4-4bb4-47ed-a9cb-53483a899fb2:c3609, d3916bce-b37b-4246-83c6-d24846ba1a72:c3609]
2019-07-08 14:21:29,171 INFO  client.GrpcClientProtocolClient (GrpcClientProtocolClient.java:onNext(255)) - client-DE0880F50CF2->72f5ceaa-5b3b-4bc7-b846-41895f4ebd48: receive RaftClientReply:client-DE0880F50CF2->72f5ceaa-5b3b-4bc7-b846-41895f4ebd48@group-833AA35A7EDE, cid=2445, SUCCESS, logIndex=3616, commits[72f5ceaa-5b3b-4bc7-b846-41895f4ebd48:c3617, b4e1f7d4-4bb4-47ed-a9cb-53483a899fb2:c3613, d3916bce-b37b-4246-83c6-d24846ba1a72:c3613]
2019-07-08 14:21:29,172 INFO  client.GrpcClientProtocolClient (GrpcClientProtocolClient.java:onNext(255)) - client-DE0880F50CF2->72f5ceaa-5b3b-4bc7-b846-41895f4ebd48: receive RaftClientReply:client-DE0880F50CF2->72f5ceaa-5b3b-4bc7-b846-41895f4ebd48@group-833AA35A7EDE, cid=2446, SUCCESS, logIndex=3617, commits[72f5ceaa-5b3b-4bc7-b846-41895f4ebd48:c3617, b4e1f7d4-4bb4-47ed-a9cb-53483a899fb2:c3613, d3916bce-b37b-4246-83c6-d24846ba1a72:c3613]
2019-07-08 14:21:29,186 INFO  client.GrpcClientProtocolClient (GrpcClientProtocolClient.java:onNext(255)) - client-DE0880F50CF2->72f5ceaa-5b3b-4bc7-b846-41895f4ebd48: receive RaftClientReply:client-DE0880F50CF2->72f5ceaa-5b3b-4bc7-b846-41895f4ebd48@group-833AA35A7EDE, cid=2447, SUCCESS, logIndex=0, commits[72f5ceaa-5b3b-4bc7-b846-41895f4ebd48:c3619, b4e1f7d4-4bb4-47ed-a9cb-53483a899fb2:c3617, d3916bce-b37b-4246-83c6-d24846ba1a72:c3617]
2019-07-08 14:21:29,216 INFO  client.GrpcClientProtocolClient (GrpcClientProtocolClient.java:onNext(255)) - client-DE0880F50CF2->72f5ceaa-5b3b-4bc7-b846-41895f4ebd48: receive RaftClientReply:client-DE0880F50CF2->72f5ceaa-5b3b-4bc7-b846-41895f4ebd48@group-833AA35A7EDE, cid=2448, SUCCESS, logIndex=3620, commits[72f5ceaa-5b3b-4bc7-b846-41895f4ebd48:c3621, b4e1f7d4-4bb4-47ed-a9cb-53483a899fb2:c3619, d3916bce-b37b-4246-83c6-d24846ba1a72:c3619]
2019-07-08 14:21:29,217 INFO  client.GrpcClientProtocolClient (GrpcClientProtocolClient.java:onNext(255)) - client-DE0880F50CF2->72f5ceaa-5b3b-4bc7-b846-41895f4ebd48: receive RaftClientReply:client-DE0880F50CF2->72f5ceaa-5b3b-4bc7-b846-41895f4ebd48@group-833AA35A7EDE, cid=2449, SUCCESS, logIndex=3621, commits[72f5ceaa-5b3b-4bc7-b846-41895f4ebd48:c3621, b4e1f7d4-4bb4-47ed-a9cb-53483a899fb2:c3619, d3916bce-b37b-4246-83c6-d24846ba1a72:c3619]
2019-07-08 14:21:29,217 INFO  client.GrpcClientProtocolClient (GrpcClientProtocolClient.java:onNext(255)) - client-DE0880F50CF2->72f5ceaa-5b3b-4bc7-b846-41895f4ebd48: receive RaftClientReply:client-DE0880F50CF2->72f5ceaa-5b3b-4bc7-b846-41895f4ebd48@group-833AA35A7EDE, cid=2450, SUCCESS, logIndex=3622, commits[72f5ceaa-5b3b-4bc7-b846-41895f4ebd48:c3623, b4e1f7d4-4bb4-47ed-a9cb-53483a899fb2:c3619, d3916bce-b37b-4246-83c6-d24846ba1a72:c3619]
2019-07-08 14:21:29,218 INFO  client.GrpcClientProtocolClient (GrpcClientProtocolClient.java:onNext(255)) - client-DE0880F50CF2->72f5ceaa-5b3b-4bc7-b846-41895f4ebd48: receive RaftClientReply:client-DE0880F50CF2->72f5ceaa-5b3b-4bc7-b846-41895f4ebd48@group-833AA35A7EDE, cid=2451, SUCCESS, logIndex=3623, commits[72f5ceaa-5b3b-4bc7-b846-41895f4ebd48:c3623, b4e1f7d4-4bb4-47ed-a9cb-53483a899fb2:c3619, d3916bce-b37b-4246-83c6-d24846ba1a72:c3619]
2019-07-08 14:21:29,231 INFO  client.GrpcClientProtocolClient (GrpcClientProtocolClient.java:onNext(255)) - client-DE0880F50CF2->72f5ceaa-5b3b-4bc7-b846-41895f4ebd48: receive RaftClientReply:client-DE0880F50CF2->72f5ceaa-5b3b-4bc7-b846-41895f4ebd48@group-833AA35A7EDE, cid=2452, SUCCESS, logIndex=0, commits[72f5ceaa-5b3b-4bc7-b846-41895f4ebd48:c3625, b4e1f7d4-4bb4-47ed-a9cb-53483a899fb2:c3621, d3916bce-b37b-4246-83c6-d24846ba1a72:c3621]
2019-07-08 14:21:29,252 INFO  client.GrpcClientProtocolClient (GrpcClientProtocolClient.java:onNext(255)) - client-DE0880F50CF2->72f5ceaa-5b3b-4bc7-b846-41895f4ebd48: receive RaftClientReply:client-DE0880F50CF2->72f5ceaa-5b3b-4bc7-b846-41895f4ebd48@group-833AA35A7EDE, cid=2453, SUCCESS, logIndex=3628, commits[72f5ceaa-5b3b-4bc7-b846-41895f4ebd48:c3629, b4e1f7d4-4bb4-47ed-a9cb-53483a899fb2:c3627, d3916bce-b37b-4246-83c6-d24846ba1a72:c3627]
2019-07-08 14:21:29,252 INFO  client.GrpcClientProtocolClient (GrpcClientProtocolClient.java:onNext(255)) - client-DE0880F50CF2->72f5ceaa-5b3b-4bc7-b846-41895f4ebd48: receive RaftClientReply:client-DE0880F50CF2->72f5ceaa-5b3b-4bc7-b846-41895f4ebd48@group-833AA35A7EDE, cid=2454, SUCCESS, logIndex=3629, commits[72f5ceaa-5b3b-4bc7-b846-41895f4ebd48:c3629, b4e1f7d4-4bb4-47ed-a9cb-53483a899fb2:c3627, d3916bce-b37b-4246-83c6-d24846ba1a72:c3627]
2019-07-08 14:21:29,276 INFO  client.GrpcClientProtocolClient (GrpcClientProtocolClient.java:onNext(255)) - client-DE0880F50CF2->72f5ceaa-5b3b-4bc7-b846-41895f4ebd48: receive RaftClientReply:client-DE0880F50CF2->72f5ceaa-5b3b-4bc7-b846-41895f4ebd48@group-833AA35A7EDE, cid=2455, SUCCESS, logIndex=3631, commits[72f5ceaa-5b3b-4bc7-b846-41895f4ebd48:c3632, b4e1f7d4-4bb4-47ed-a9cb-53483a899fb2:c3629, d3916bce-b37b-4246-83c6-d24846ba1a72:c3629]
2019-07-08 14:21:29,277 INFO  client.GrpcClientProtocolClient (GrpcClientProtocolClient.java:onNext(255)) - client-DE0880F50CF2->72f5ceaa-5b3b-4bc7-b846-41895f4ebd48: receive RaftClientReply:client-DE0880F50CF2->72f5ceaa-5b3b-4bc7-b846-41895f4ebd48@group-833AA35A7EDE, cid=2456, SUCCESS, logIndex=3632, commits[72f5ceaa-5b3b-4bc7-b846-41895f4ebd48:c3632, b4e1f7d4-4bb4-47ed-a9cb-53483a899fb2:c3629, d3916bce-b37b-4246-83c6-d24846ba1a72:c3629]
2019-07-08 14:21:29,288 INFO  client.GrpcClientProtocolClient (GrpcClientProtocolClient.java:onNext(255)) - client-DE0880F50CF2->72f5ceaa-5b3b-4bc7-b846-41895f4ebd48: receive RaftClientReply:client-DE0880F50CF2->72f5ceaa-5b3b-4bc7-b846-41895f4ebd48@group-833AA35A7EDE, cid=2457, SUCCESS, logIndex=0, commits[72f5ceaa-5b3b-4bc7-b846-41895f4ebd48:c3633, b4e1f7d4-4bb4-47ed-a9cb-53483a899fb2:c3632, d3916bce-b37b-4246-83c6-d24846ba1a72:c3632]
2019-07-08 14:21:29,320 INFO  client.GrpcClientProtocolClient (GrpcClientProtocolClient.java:onNext(255)) - client-DE0880F50CF2->72f5ceaa-5b3b-4bc7-b846-41895f4ebd48: receive RaftClientReply:client-DE0880F50CF2->72f5ceaa-5b3b-4bc7-b846-41895f4ebd48@group-833AA35A7EDE, cid=2458, SUCCESS, logIndex=3635, commits[72f5ceaa-5b3b-4bc7-b846-41895f4ebd48:c3636, b4e1f7d4-4bb4-47ed-a9cb-53483a899fb2:c3634, d3916bce-b37b-4246-83c6-d24846ba1a72:c3634]
2019-07-08 14:21:29,321 INFO  client.GrpcClientProtocolClient (GrpcClientProtocolClient.java:onNext(255)) - client-DE0880F50CF2->72f5ceaa-5b3b-4bc7-b846-41895f4ebd48: receive RaftClientReply:client-DE0880F50CF2->72f5ceaa-5b3b-4bc7-b846-41895f4ebd48@group-833AA35A7EDE, cid=2459, SUCCESS, logIndex=3636, commits[72f5ceaa-5b3b-4bc7-b846-41895f4ebd48:c3636, b4e1f7d4-4bb4-47ed-a9cb-53483a899fb2:c3634, d3916bce-b37b-4246-83c6-d24846ba1a72:c3634]
2019-07-08 14:21:29,332 INFO  client.GrpcClientProtocolClient (GrpcClientProtocolClient.java:onNext(255)) - client-DE0880F50CF2->72f5ceaa-5b3b-4bc7-b846-41895f4ebd48: receive RaftClientReply:client-DE0880F50CF2->72f5ceaa-5b3b-4bc7-b846-41895f4ebd48@group-833AA35A7EDE, cid=2460, SUCCESS, logIndex=3637, commits[72f5ceaa-5b3b-4bc7-b846-41895f4ebd48:c3638, b4e1f7d4-4bb4-47ed-a9cb-53483a899fb2:c3634, d3916bce-b37b-4246-83c6-d24846ba1a72:c3634]
2019-07-08 14:21:29,333 INFO  client.GrpcClientProtocolClient (GrpcClientProtocolClient.java:onNext(255)) - client-DE0880F50CF2->72f5ceaa-5b3b-4bc7-b846-41895f4ebd48: receive RaftClientReply:client-DE0880F50CF2->72f5ceaa-5b3b-4bc7-b846-41895f4ebd48@group-833AA35A7EDE, cid=2461, SUCCESS, logIndex=3638, commits[72f5ceaa-5b3b-4bc7-b846-41895f4ebd48:c3638, b4e1f7d4-4bb4-47ed-a9cb-53483a899fb2:c3634, d3916bce-b37b-4246-83c6-d24846ba1a72:c3634]
2019-07-08 14:21:29,345 INFO  client.GrpcClientProtocolClient (GrpcClientProtocolClient.java:onNext(255)) - client-DE0880F50CF2->72f5ceaa-5b3b-4bc7-b846-41895f4ebd48: receive RaftClientReply:client-DE0880F50CF2->72f5ceaa-5b3b-4bc7-b846-41895f4ebd48@group-833AA35A7EDE, cid=2462, SUCCESS, logIndex=0, commits[72f5ceaa-5b3b-4bc7-b846-41895f4ebd48:c3640, b4e1f7d4-4bb4-47ed-a9cb-53483a899fb2:c3636, d3916bce-b37b-4246-83c6-d24846ba1a72:c3636]
2019-07-08 14:21:29,371 INFO  client.GrpcClientProtocolClient (GrpcClientProtocolClient.java:onNext(255)) - client-DE0880F50CF2->72f5ceaa-5b3b-4bc7-b846-41895f4ebd48: receive RaftClientReply:client-DE0880F50CF2->72f5ceaa-5b3b-4bc7-b846-41895f4ebd48@group-833AA35A7EDE, cid=2463, SUCCESS, logIndex=3643, commits[72f5ceaa-5b3b-4bc7-b846-41895f4ebd48:c3644, b4e1f7d4-4bb4-47ed-a9cb-53483a899fb2:c3640, d3916bce-b37b-4246-83c6-d24846ba1a72:c3640]
2019-07-08 14:21:29,372 INFO  client.GrpcClientProtocolClient (GrpcClientProtocolClient.java:onNext(255)) - client-DE0880F50CF2->72f5ceaa-5b3b-4bc7-b846-41895f4ebd48: receive RaftClientReply:client-DE0880F50CF2->72f5ceaa-5b3b-4bc7-b846-41895f4ebd48@group-833AA35A7EDE, cid=2464, SUCCESS, logIndex=3644, commits[72f5ceaa-5b3b-4bc7-b846-41895f4ebd48:c3644, b4e1f7d4-4bb4-47ed-a9cb-53483a899fb2:c3640, d3916bce-b37b-4246-83c6-d24846ba1a72:c3640]
2019-07-08 14:21:29,389 INFO  client.GrpcClientProtocolClient (GrpcClientProtocolClient.java:onNext(255)) - client-DE0880F50CF2->72f5ceaa-5b3b-4bc7-b846-41895f4ebd48: receive RaftClientReply:client-DE0880F50CF2->72f5ceaa-5b3b-4bc7-b846-41895f4ebd48@group-833AA35A7EDE, cid=2465, SUCCESS, logIndex=3647, commits[72f5ceaa-5b3b-4bc7-b846-41895f4ebd48:c3647, b4e1f7d4-4bb4-47ed-a9cb-53483a899fb2:c3644, d3916bce-b37b-4246-83c6-d24846ba1a72:c3644]
2019-07-08 14:21:29,389 INFO  client.GrpcClientProtocolClient (GrpcClientProtocolClient.java:onNext(255)) - client-DE0880F50CF2->72f5ceaa-5b3b-4bc7-b846-41895f4ebd48: receive RaftClientReply:client-DE0880F50CF2->72f5ceaa-5b3b-4bc7-b846-41895f4ebd48@group-833AA35A7EDE, cid=2466, SUCCESS, logIndex=3648, commits[72f5ceaa-5b3b-4bc7-b846-41895f4ebd48:c3648, b4e1f7d4-4bb4-47ed-a9cb-53483a899fb2:c3644, d3916bce-b37b-4246-83c6-d24846ba1a72:c3644]
2019-07-08 14:21:29,394 INFO  client.GrpcClientProtocolClient (GrpcClientProtocolClient.java:onNext(255)) - client-DE0880F50CF2->72f5ceaa-5b3b-4bc7-b846-41895f4ebd48: receive RaftClientReply:client-DE0880F50CF2->72f5ceaa-5b3b-4bc7-b846-41895f4ebd48@group-833AA35A7EDE, cid=2467, SUCCESS, logIndex=0, commits[72f5ceaa-5b3b-4bc7-b846-41895f4ebd48:c3650, b4e1f7d4-4bb4-47ed-a9cb-53483a899fb2:c3648, d3916bce-b37b-4246-83c6-d24846ba1a72:c3648]
2019-07-08 14:21:29,425 INFO  client.GrpcClientProtocolClient (GrpcClientProtocolClient.java:onNext(255)) - client-DE0880F50CF2->72f5ceaa-5b3b-4bc7-b846-41895f4ebd48: receive RaftClientReply:client-DE0880F50CF2->72f5ceaa-5b3b-4bc7-b846-41895f4ebd48@group-833AA35A7EDE, cid=2468, SUCCESS, logIndex=3651, commits[72f5ceaa-5b3b-4bc7-b846-41895f4ebd48:c3652, b4e1f7d4-4bb4-47ed-a9cb-53483a899fb2:c3650, d3916bce-b37b-4246-83c6-d24846ba1a72:c3650]
2019-07-08 14:21:29,425 INFO  client.GrpcClientProtocolClient (GrpcClientProtocolClient.java:onNext(255)) - client-DE0880F50CF2->72f5ceaa-5b3b-4bc7-b846-41895f4ebd48: receive RaftClientReply:client-DE0880F50CF2->72f5ceaa-5b3b-4bc7-b846-41895f4ebd48@group-833AA35A7EDE, cid=2469, SUCCESS, logIndex=3652, commits[72f5ceaa-5b3b-4bc7-b846-41895f4ebd48:c3652, b4e1f7d4-4bb4-47ed-a9cb-53483a899fb2:c3650, d3916bce-b37b-4246-83c6-d24846ba1a72:c3650]
2019-07-08 14:21:29,437 INFO  client.GrpcClientProtocolClient (GrpcClientProtocolClient.java:onNext(255)) - client-DE0880F50CF2->72f5ceaa-5b3b-4bc7-b846-41895f4ebd48: receive RaftClientReply:client-DE0880F50CF2->72f5ceaa-5b3b-4bc7-b846-41895f4ebd48@group-833AA35A7EDE, cid=2470, SUCCESS, logIndex=3653, commits[72f5ceaa-5b3b-4bc7-b846-41895f4ebd48:c3654, b4e1f7d4-4bb4-47ed-a9cb-53483a899fb2:c3650, d3916bce-b37b-4246-83c6-d24846ba1a72:c3650]
2019-07-08 14:21:29,438 INFO  client.GrpcClientProtocolClient (GrpcClientProtocolClient.java:onNext(255)) - client-DE0880F50CF2->72f5ceaa-5b3b-4bc7-b846-41895f4ebd48: receive RaftClientReply:client-DE0880F50CF2->72f5ceaa-5b3b-4bc7-b846-41895f4ebd48@group-833AA35A7EDE, cid=2471, SUCCESS, logIndex=3654, commits[72f5ceaa-5b3b-4bc7-b846-41895f4ebd48:c3654, b4e1f7d4-4bb4-47ed-a9cb-53483a899fb2:c3650, d3916bce-b37b-4246-83c6-d24846ba1a72:c3650]
2019-07-08 14:21:29,449 INFO  client.GrpcClientProtocolClient (GrpcClientProtocolClient.java:onNext(255)) - client-DE0880F50CF2->72f5ceaa-5b3b-4bc7-b846-41895f4ebd48: receive RaftClientReply:client-DE0880F50CF2->72f5ceaa-5b3b-4bc7-b846-41895f4ebd48@group-833AA35A7EDE, cid=2472, SUCCESS, logIndex=0, commits[72f5ceaa-5b3b-4bc7-b846-41895f4ebd48:c3655, b4e1f7d4-4bb4-47ed-a9cb-53483a899fb2:c3652, d3916bce-b37b-4246-83c6-d24846ba1a72:c3652]
2019-07-08 14:21:29,474 INFO  client.GrpcClientProtocolClient (GrpcClientProtocolClient.java:onNext(255)) - client-DE0880F50CF2->72f5ceaa-5b3b-4bc7-b846-41895f4ebd48: receive RaftClientReply:client-DE0880F50CF2->72f5ceaa-5b3b-4bc7-b846-41895f4ebd48@group-833AA35A7EDE, cid=2473, SUCCESS, logIndex=3659, commits[72f5ceaa-5b3b-4bc7-b846-41895f4ebd48:c3659, b4e1f7d4-4bb4-47ed-a9cb-53483a899fb2:c3658, d3916bce-b37b-4246-83c6-d24846ba1a72:c3658]
2019-07-08 14:21:29,474 INFO  client.GrpcClientProtocolClient (GrpcClientProtocolClient.java:onNext(255)) - client-DE0880F50CF2->72f5ceaa-5b3b-4bc7-b846-41895f4ebd48: receive RaftClientReply:client-DE0880F50CF2->72f5ceaa-5b3b-4bc7-b846-41895f4ebd48@group-833AA35A7EDE, cid=2474, SUCCESS, logIndex=3660, commits[72f5ceaa-5b3b-4bc7-b846-41895f4ebd48:c3660, b4e1f7d4-4bb4-47ed-a9cb-53483a899fb2:c3658, d3916bce-b37b-4246-83c6-d24846ba1a72:c3658]
2019-07-08 14:21:29,488 INFO  client.GrpcClientProtocolClient (GrpcClientProtocolClient.java:onNext(255)) - client-DE0880F50CF2->72f5ceaa-5b3b-4bc7-b846-41895f4ebd48: receive RaftClientReply:client-DE0880F50CF2->72f5ceaa-5b3b-4bc7-b846-41895f4ebd48@group-833AA35A7EDE, cid=2475, SUCCESS, logIndex=3663, commits[72f5ceaa-5b3b-4bc7-b846-41895f4ebd48:c3664, b4e1f7d4-4bb4-47ed-a9cb-53483a899fb2:c3660, d3916bce-b37b-4246-83c6-d24846ba1a72:c3660]
2019-07-08 14:21:29,489 INFO  client.GrpcClientProtocolClient (GrpcClientProtocolClient.java:onNext(255)) - client-DE0880F50CF2->72f5ceaa-5b3b-4bc7-b846-41895f4ebd48: receive RaftClientReply:client-DE0880F50CF2->72f5ceaa-5b3b-4bc7-b846-41895f4ebd48@group-833AA35A7EDE, cid=2476, SUCCESS, logIndex=3664, commits[72f5ceaa-5b3b-4bc7-b846-41895f4ebd48:c3664, b4e1f7d4-4bb4-47ed-a9cb-53483a899fb2:c3660, d3916bce-b37b-4246-83c6-d24846ba1a72:c3660]
2019-07-08 14:21:29,499 INFO  client.GrpcClientProtocolClient (GrpcClientProtocolClient.java:onNext(255)) - client-DE0880F50CF2->72f5ceaa-5b3b-4bc7-b846-41895f4ebd48: receive RaftClientReply:client-DE0880F50CF2->72f5ceaa-5b3b-4bc7-b846-41895f4ebd48@group-833AA35A7EDE, cid=2477, SUCCESS, logIndex=0, commits[72f5ceaa-5b3b-4bc7-b846-41895f4ebd48:c3666, b4e1f7d4-4bb4-47ed-a9cb-53483a899fb2:c3664, d3916bce-b37b-4246-83c6-d24846ba1a72:c3664]
2019-07-08 14:21:29,531 INFO  client.GrpcClientProtocolClient (GrpcClientProtocolClient.java:onNext(255)) - client-DE0880F50CF2->72f5ceaa-5b3b-4bc7-b846-41895f4ebd48: receive RaftClientReply:client-DE0880F50CF2->72f5ceaa-5b3b-4bc7-b846-41895f4ebd48@group-833AA35A7EDE, cid=2478, SUCCESS, logIndex=3667, commits[72f5ceaa-5b3b-4bc7-b846-41895f4ebd48:c3668, b4e1f7d4-4bb4-47ed-a9cb-53483a899fb2:c3666, d3916bce-b37b-4246-83c6-d24846ba1a72:c3666]
2019-07-08 14:21:29,531 INFO  client.GrpcClientProtocolClient (GrpcClientProtocolClient.java:onNext(255)) - client-DE0880F50CF2->72f5ceaa-5b3b-4bc7-b846-41895f4ebd48: receive RaftClientReply:client-DE0880F50CF2->72f5ceaa-5b3b-4bc7-b846-41895f4ebd48@group-833AA35A7EDE, cid=2479, SUCCESS, logIndex=3668, commits[72f5ceaa-5b3b-4bc7-b846-41895f4ebd48:c3669, b4e1f7d4-4bb4-47ed-a9cb-53483a899fb2:c3666, d3916bce-b37b-4246-83c6-d24846ba1a72:c3666]
2019-07-08 14:21:29,532 INFO  client.GrpcClientProtocolClient (GrpcClientProtocolClient.java:onNext(255)) - client-DE0880F50CF2->72f5ceaa-5b3b-4bc7-b846-41895f4ebd48: receive RaftClientReply:client-DE0880F50CF2->72f5ceaa-5b3b-4bc7-b846-41895f4ebd48@group-833AA35A7EDE, cid=2480, SUCCESS, logIndex=3669, commits[72f5ceaa-5b3b-4bc7-b846-41895f4ebd48:c3670, b4e1f7d4-4bb4-47ed-a9cb-53483a899fb2:c3666, d3916bce-b37b-4246-83c6-d24846ba1a72:c3666]
2019-07-08 14:21:29,532 INFO  client.GrpcClientProtocolClient (GrpcClientProtocolClient.java:onNext(255)) - client-DE0880F50CF2->72f5ceaa-5b3b-4bc7-b846-41895f4ebd48: receive RaftClientReply:client-DE0880F50CF2->72f5ceaa-5b3b-4bc7-b846-41895f4ebd48@group-833AA35A7EDE, cid=2481, SUCCESS, logIndex=3670, commits[72f5ceaa-5b3b-4bc7-b846-41895f4ebd48:c3670, b4e1f7d4-4bb4-47ed-a9cb-53483a899fb2:c3666, d3916bce-b37b-4246-83c6-d24846ba1a72:c3666]
2019-07-08 14:21:29,546 INFO  client.GrpcClientProtocolClient (GrpcClientProtocolClient.java:onNext(255)) - client-DE0880F50CF2->72f5ceaa-5b3b-4bc7-b846-41895f4ebd48: receive RaftClientReply:client-DE0880F50CF2->72f5ceaa-5b3b-4bc7-b846-41895f4ebd48@group-833AA35A7EDE, cid=2482, SUCCESS, logIndex=0, commits[72f5ceaa-5b3b-4bc7-b846-41895f4ebd48:c3672, b4e1f7d4-4bb4-47ed-a9cb-53483a899fb2:c3668, d3916bce-b37b-4246-83c6-d24846ba1a72:c3668]
2019-07-08 14:21:29,567 INFO  client.GrpcClientProtocolClient (GrpcClientProtocolClient.java:onNext(255)) - client-DE0880F50CF2->72f5ceaa-5b3b-4bc7-b846-41895f4ebd48: receive RaftClientReply:client-DE0880F50CF2->72f5ceaa-5b3b-4bc7-b846-41895f4ebd48@group-833AA35A7EDE, cid=2483, SUCCESS, logIndex=3675, commits[72f5ceaa-5b3b-4bc7-b846-41895f4ebd48:c3676, b4e1f7d4-4bb4-47ed-a9cb-53483a899fb2:c3674, d3916bce-b37b-4246-83c6-d24846ba1a72:c3674]
2019-07-08 14:21:29,568 INFO  client.GrpcClientProtocolClient (GrpcClientProtocolClient.java:onNext(255)) - client-DE0880F50CF2->72f5ceaa-5b3b-4bc7-b846-41895f4ebd48: receive RaftClientReply:client-DE0880F50CF2->72f5ceaa-5b3b-4bc7-b846-41895f4ebd48@group-833AA35A7EDE, cid=2484, SUCCESS, logIndex=3676, commits[72f5ceaa-5b3b-4bc7-b846-41895f4ebd48:c3676, b4e1f7d4-4bb4-47ed-a9cb-53483a899fb2:c3674, d3916bce-b37b-4246-83c6-d24846ba1a72:c3674]
2019-07-08 14:21:29,585 INFO  client.GrpcClientProtocolClient (GrpcClientProtocolClient.java:onNext(255)) - client-DE0880F50CF2->72f5ceaa-5b3b-4bc7-b846-41895f4ebd48: receive RaftClientReply:client-DE0880F50CF2->72f5ceaa-5b3b-4bc7-b846-41895f4ebd48@group-833AA35A7EDE, cid=2485, SUCCESS, logIndex=3679, commits[72f5ceaa-5b3b-4bc7-b846-41895f4ebd48:c3679, b4e1f7d4-4bb4-47ed-a9cb-53483a899fb2:c3675, d3916bce-b37b-4246-83c6-d24846ba1a72:c3676]
2019-07-08 14:21:29,585 INFO  client.GrpcClientProtocolClient (GrpcClientProtocolClient.java:onNext(255)) - client-DE0880F50CF2->72f5ceaa-5b3b-4bc7-b846-41895f4ebd48: receive RaftClientReply:client-DE0880F50CF2->72f5ceaa-5b3b-4bc7-b846-41895f4ebd48@group-833AA35A7EDE, cid=2486, SUCCESS, logIndex=3680, commits[72f5ceaa-5b3b-4bc7-b846-41895f4ebd48:c3680, b4e1f7d4-4bb4-47ed-a9cb-53483a899fb2:c3676, d3916bce-b37b-4246-83c6-d24846ba1a72:c3676]
2019-07-08 14:21:29,610 INFO  client.GrpcClientProtocolClient (GrpcClientProtocolClient.java:onNext(255)) - client-DE0880F50CF2->72f5ceaa-5b3b-4bc7-b846-41895f4ebd48: receive RaftClientReply:client-DE0880F50CF2->72f5ceaa-5b3b-4bc7-b846-41895f4ebd48@group-833AA35A7EDE, cid=2487, SUCCESS, logIndex=0, commits[72f5ceaa-5b3b-4bc7-b846-41895f4ebd48:c3682, b4e1f7d4-4bb4-47ed-a9cb-53483a899fb2:c3680, d3916bce-b37b-4246-83c6-d24846ba1a72:c3680]
2019-07-08 14:21:29,643 INFO  client.GrpcClientProtocolClient (GrpcClientProtocolClient.java:onNext(255)) - client-DE0880F50CF2->72f5ceaa-5b3b-4bc7-b846-41895f4ebd48: receive RaftClientReply:client-DE0880F50CF2->72f5ceaa-5b3b-4bc7-b846-41895f4ebd48@group-833AA35A7EDE, cid=2488, SUCCESS, logIndex=3683, commits[72f5ceaa-5b3b-4bc7-b846-41895f4ebd48:c3685, b4e1f7d4-4bb4-47ed-a9cb-53483a899fb2:c3682, d3916bce-b37b-4246-83c6-d24846ba1a72:c3682]
2019-07-08 14:21:29,644 INFO  client.GrpcClientProtocolClient (GrpcClientProtocolClient.java:onNext(255)) - client-DE0880F50CF2->72f5ceaa-5b3b-4bc7-b846-41895f4ebd48: receive RaftClientReply:client-DE0880F50CF2->72f5ceaa-5b3b-4bc7-b846-41895f4ebd48@group-833AA35A7EDE, cid=2489, SUCCESS, logIndex=3684, commits[72f5ceaa-5b3b-4bc7-b846-41895f4ebd48:c3686, b4e1f7d4-4bb4-47ed-a9cb-53483a899fb2:c3682, d3916bce-b37b-4246-83c6-d24846ba1a72:c3682]
2019-07-08 14:21:29,644 INFO  client.GrpcClientProtocolClient (GrpcClientProtocolClient.java:onNext(255)) - client-DE0880F50CF2->72f5ceaa-5b3b-4bc7-b846-41895f4ebd48: receive RaftClientReply:client-DE0880F50CF2->72f5ceaa-5b3b-4bc7-b846-41895f4ebd48@group-833AA35A7EDE, cid=2490, SUCCESS, logIndex=3685, commits[72f5ceaa-5b3b-4bc7-b846-41895f4ebd48:c3686, b4e1f7d4-4bb4-47ed-a9cb-53483a899fb2:c3682, d3916bce-b37b-4246-83c6-d24846ba1a72:c3682]
2019-07-08 14:21:29,644 INFO  client.GrpcClientProtocolClient (GrpcClientProtocolClient.java:onNext(255)) - client-DE0880F50CF2->72f5ceaa-5b3b-4bc7-b846-41895f4ebd48: receive RaftClientReply:client-DE0880F50CF2->72f5ceaa-5b3b-4bc7-b846-41895f4ebd48@group-833AA35A7EDE, cid=2491, SUCCESS, logIndex=3686, commits[72f5ceaa-5b3b-4bc7-b846-41895f4ebd48:c3686, b4e1f7d4-4bb4-47ed-a9cb-53483a899fb2:c3682, d3916bce-b37b-4246-83c6-d24846ba1a72:c3682]
2019-07-08 14:21:29,655 INFO  client.GrpcClientProtocolClient (GrpcClientProtocolClient.java:onNext(255)) - client-DE0880F50CF2->72f5ceaa-5b3b-4bc7-b846-41895f4ebd48: receive RaftClientReply:client-DE0880F50CF2->72f5ceaa-5b3b-4bc7-b846-41895f4ebd48@group-833AA35A7EDE, cid=2492, SUCCESS, logIndex=0, commits[72f5ceaa-5b3b-4bc7-b846-41895f4ebd48:c3689, b4e1f7d4-4bb4-47ed-a9cb-53483a899fb2:c3684, d3916bce-b37b-4246-83c6-d24846ba1a72:c3685]
2019-07-08 14:21:29,676 INFO  client.GrpcClientProtocolClient (GrpcClientProtocolClient.java:onNext(255)) - client-DE0880F50CF2->72f5ceaa-5b3b-4bc7-b846-41895f4ebd48: receive RaftClientReply:client-DE0880F50CF2->72f5ceaa-5b3b-4bc7-b846-41895f4ebd48@group-833AA35A7EDE, cid=2493, SUCCESS, logIndex=3691, commits[72f5ceaa-5b3b-4bc7-b846-41895f4ebd48:c3692, b4e1f7d4-4bb4-47ed-a9cb-53483a899fb2:c3690, d3916bce-b37b-4246-83c6-d24846ba1a72:c3690]
2019-07-08 14:21:29,676 INFO  client.GrpcClientProtocolClient (GrpcClientProtocolClient.java:onNext(255)) - client-DE0880F50CF2->72f5ceaa-5b3b-4bc7-b846-41895f4ebd48: receive RaftClientReply:client-DE0880F50CF2->72f5ceaa-5b3b-4bc7-b846-41895f4ebd48@group-833AA35A7EDE, cid=2494, SUCCESS, logIndex=3692, commits[72f5ceaa-5b3b-4bc7-b846-41895f4ebd48:c3692, b4e1f7d4-4bb4-47ed-a9cb-53483a899fb2:c3690, d3916bce-b37b-4246-83c6-d24846ba1a72:c3690]
2019-07-08 14:21:29,693 INFO  client.GrpcClientProtocolClient (GrpcClientProtocolClient.java:onNext(255)) - client-DE0880F50CF2->72f5ceaa-5b3b-4bc7-b846-41895f4ebd48: receive RaftClientReply:client-DE0880F50CF2->72f5ceaa-5b3b-4bc7-b846-41895f4ebd48@group-833AA35A7EDE, cid=2495, SUCCESS, logIndex=3695, commits[72f5ceaa-5b3b-4bc7-b846-41895f4ebd48:c3696, b4e1f7d4-4bb4-47ed-a9cb-53483a899fb2:c3692, d3916bce-b37b-4246-83c6-d24846ba1a72:c3692]
2019-07-08 14:21:29,693 INFO  client.GrpcClientProtocolClient (GrpcClientProtocolClient.java:onNext(255)) - client-DE0880F50CF2->72f5ceaa-5b3b-4bc7-b846-41895f4ebd48: receive RaftClientReply:client-DE0880F50CF2->72f5ceaa-5b3b-4bc7-b846-41895f4ebd48@group-833AA35A7EDE, cid=2496, SUCCESS, logIndex=3696, commits[72f5ceaa-5b3b-4bc7-b846-41895f4ebd48:c3696, b4e1f7d4-4bb4-47ed-a9cb-53483a899fb2:c3692, d3916bce-b37b-4246-83c6-d24846ba1a72:c3692]
2019-07-08 14:21:29,716 INFO  client.GrpcClientProtocolClient (GrpcClientProtocolClient.java:onNext(255)) - client-DE0880F50CF2->72f5ceaa-5b3b-4bc7-b846-41895f4ebd48: receive RaftClientReply:client-DE0880F50CF2->72f5ceaa-5b3b-4bc7-b846-41895f4ebd48@group-833AA35A7EDE, cid=2497, SUCCESS, logIndex=0, commits[72f5ceaa-5b3b-4bc7-b846-41895f4ebd48:c3698, b4e1f7d4-4bb4-47ed-a9cb-53483a899fb2:c3696, d3916bce-b37b-4246-83c6-d24846ba1a72:c3696]
2019-07-08 14:21:29,862 INFO  client.GrpcClientProtocolClient (GrpcClientProtocolClient.java:onNext(255)) - client-DE0880F50CF2->72f5ceaa-5b3b-4bc7-b846-41895f4ebd48: receive RaftClientReply:client-DE0880F50CF2->72f5ceaa-5b3b-4bc7-b846-41895f4ebd48@group-833AA35A7EDE, cid=2498, SUCCESS, logIndex=3699, commits[72f5ceaa-5b3b-4bc7-b846-41895f4ebd48:c3702, b4e1f7d4-4bb4-47ed-a9cb-53483a899fb2:c3698, d3916bce-b37b-4246-83c6-d24846ba1a72:c3698]
2019-07-08 14:21:29,863 INFO  client.GrpcClientProtocolClient (GrpcClientProtocolClient.java:onNext(255)) - client-DE0880F50CF2->72f5ceaa-5b3b-4bc7-b846-41895f4ebd48: receive RaftClientReply:client-DE0880F50CF2->72f5ceaa-5b3b-4bc7-b846-41895f4ebd48@group-833AA35A7EDE, cid=2499, SUCCESS, logIndex=3700, commits[72f5ceaa-5b3b-4bc7-b846-41895f4ebd48:c3702, b4e1f7d4-4bb4-47ed-a9cb-53483a899fb2:c3698, d3916bce-b37b-4246-83c6-d24846ba1a72:c3698]
2019-07-08 14:21:29,864 INFO  client.GrpcClientProtocolClient (GrpcClientProtocolClient.java:onNext(255)) - client-DE0880F50CF2->72f5ceaa-5b3b-4bc7-b846-41895f4ebd48: receive RaftClientReply:client-DE0880F50CF2->72f5ceaa-5b3b-4bc7-b846-41895f4ebd48@group-833AA35A7EDE, cid=2500, SUCCESS, logIndex=3701, commits[72f5ceaa-5b3b-4bc7-b846-41895f4ebd48:c3702, b4e1f7d4-4bb4-47ed-a9cb-53483a899fb2:c3698, d3916bce-b37b-4246-83c6-d24846ba1a72:c3698]
2019-07-08 14:21:29,864 INFO  client.GrpcClientProtocolClient (GrpcClientProtocolClient.java:onNext(255)) - client-DE0880F50CF2->72f5ceaa-5b3b-4bc7-b846-41895f4ebd48: receive RaftClientReply:client-DE0880F50CF2->72f5ceaa-5b3b-4bc7-b846-41895f4ebd48@group-833AA35A7EDE, cid=2501, SUCCESS, logIndex=3702, commits[72f5ceaa-5b3b-4bc7-b846-41895f4ebd48:c3702, b4e1f7d4-4bb4-47ed-a9cb-53483a899fb2:c3698, d3916bce-b37b-4246-83c6-d24846ba1a72:c3698]
2019-07-08 14:21:29,877 INFO  client.GrpcClientProtocolClient (GrpcClientProtocolClient.java:onNext(255)) - client-DE0880F50CF2->72f5ceaa-5b3b-4bc7-b846-41895f4ebd48: receive RaftClientReply:client-DE0880F50CF2->72f5ceaa-5b3b-4bc7-b846-41895f4ebd48@group-833AA35A7EDE, cid=2502, SUCCESS, logIndex=0, commits[72f5ceaa-5b3b-4bc7-b846-41895f4ebd48:c3704, b4e1f7d4-4bb4-47ed-a9cb-53483a899fb2:c3700, d3916bce-b37b-4246-83c6-d24846ba1a72:c3701]
 0.00% |█                                                                                                    |  0/1 Time: 0:00:242019-07-08 14:21:29,899 INFO  client.GrpcClientProtocolClient (GrpcClientProtocolClient.java:onNext(255)) - client-DE0880F50CF2->72f5ceaa-5b3b-4bc7-b846-41895f4ebd48: receive RaftClientReply:client-DE0880F50CF2->72f5ceaa-5b3b-4bc7-b846-41895f4ebd48@group-833AA35A7EDE, cid=2503, SUCCESS, logIndex=3707, commits[72f5ceaa-5b3b-4bc7-b846-41895f4ebd48:c3708, b4e1f7d4-4bb4-47ed-a9cb-53483a899fb2:c3706, d3916bce-b37b-4246-83c6-d24846ba1a72:c3706]
2019-07-08 14:21:29,899 INFO  client.GrpcClientProtocolClient (GrpcClientProtocolClient.java:onNext(255)) - client-DE0880F50CF2->72f5ceaa-5b3b-4bc7-b846-41895f4ebd48: receive RaftClientReply:client-DE0880F50CF2->72f5ceaa-5b3b-4bc7-b846-41895f4ebd48@group-833AA35A7EDE, cid=2504, SUCCESS, logIndex=3708, commits[72f5ceaa-5b3b-4bc7-b846-41895f4ebd48:c3708, b4e1f7d4-4bb4-47ed-a9cb-53483a899fb2:c3706, d3916bce-b37b-4246-83c6-d24846ba1a72:c3706]
2019-07-08 14:21:29,924 INFO  client.GrpcClientProtocolClient (GrpcClientProtocolClient.java:onNext(255)) - client-DE0880F50CF2->72f5ceaa-5b3b-4bc7-b846-41895f4ebd48: receive RaftClientReply:client-DE0880F50CF2->72f5ceaa-5b3b-4bc7-b846-41895f4ebd48@group-833AA35A7EDE, cid=2505, SUCCESS, logIndex=3711, commits[72f5ceaa-5b3b-4bc7-b846-41895f4ebd48:c3712, b4e1f7d4-4bb4-47ed-a9cb-53483a899fb2:c3708, d3916bce-b37b-4246-83c6-d24846ba1a72:c3708]
2019-07-08 14:21:29,925 INFO  client.GrpcClientProtocolClient (GrpcClientProtocolClient.java:onNext(255)) - client-DE0880F50CF2->72f5ceaa-5b3b-4bc7-b846-41895f4ebd48: receive RaftClientReply:client-DE0880F50CF2->72f5ceaa-5b3b-4bc7-b846-41895f4ebd48@group-833AA35A7EDE, cid=2506, SUCCESS, logIndex=3712, commits[72f5ceaa-5b3b-4bc7-b846-41895f4ebd48:c3712, b4e1f7d4-4bb4-47ed-a9cb-53483a899fb2:c3708, d3916bce-b37b-4246-83c6-d24846ba1a72:c3708]
2019-07-08 14:21:29,947 INFO  client.GrpcClientProtocolClient (GrpcClientProtocolClient.java:onNext(255)) - client-DE0880F50CF2->72f5ceaa-5b3b-4bc7-b846-41895f4ebd48: receive RaftClientReply:client-DE0880F50CF2->72f5ceaa-5b3b-4bc7-b846-41895f4ebd48@group-833AA35A7EDE, cid=2507, SUCCESS, logIndex=0, commits[72f5ceaa-5b3b-4bc7-b846-41895f4ebd48:c3714, b4e1f7d4-4bb4-47ed-a9cb-53483a899fb2:c3712, d3916bce-b37b-4246-83c6-d24846ba1a72:c3712]
2019-07-08 14:21:29,983 INFO  client.GrpcClientProtocolClient (GrpcClientProtocolClient.java:onNext(255)) - client-DE0880F50CF2->72f5ceaa-5b3b-4bc7-b846-41895f4ebd48: receive RaftClientReply:client-DE0880F50CF2->72f5ceaa-5b3b-4bc7-b846-41895f4ebd48@group-833AA35A7EDE, cid=2508, SUCCESS, logIndex=3715, commits[72f5ceaa-5b3b-4bc7-b846-41895f4ebd48:c3716, b4e1f7d4-4bb4-47ed-a9cb-53483a899fb2:c3714, d3916bce-b37b-4246-83c6-d24846ba1a72:c3714]
2019-07-08 14:21:29,983 INFO  client.GrpcClientProtocolClient (GrpcClientProtocolClient.java:onNext(255)) - client-DE0880F50CF2->72f5ceaa-5b3b-4bc7-b846-41895f4ebd48: receive RaftClientReply:client-DE0880F50CF2->72f5ceaa-5b3b-4bc7-b846-41895f4ebd48@group-833AA35A7EDE, cid=2509, SUCCESS, logIndex=3716, commits[72f5ceaa-5b3b-4bc7-b846-41895f4ebd48:c3716, b4e1f7d4-4bb4-47ed-a9cb-53483a899fb2:c3714, d3916bce-b37b-4246-83c6-d24846ba1a72:c3714]
2019-07-08 14:21:29,984 INFO  client.GrpcClientProtocolClient (GrpcClientProtocolClient.java:onNext(255)) - client-DE0880F50CF2->72f5ceaa-5b3b-4bc7-b846-41895f4ebd48: receive RaftClientReply:client-DE0880F50CF2->72f5ceaa-5b3b-4bc7-b846-41895f4ebd48@group-833AA35A7EDE, cid=2510, SUCCESS, logIndex=3717, commits[72f5ceaa-5b3b-4bc7-b846-41895f4ebd48:c3717, b4e1f7d4-4bb4-47ed-a9cb-53483a899fb2:c3714, d3916bce-b37b-4246-83c6-d24846ba1a72:c3714]
2019-07-08 14:21:29,985 INFO  client.GrpcClientProtocolClient (GrpcClientProtocolClient.java:onNext(255)) - client-DE0880F50CF2->72f5ceaa-5b3b-4bc7-b846-41895f4ebd48: receive RaftClientReply:client-DE0880F50CF2->72f5ceaa-5b3b-4bc7-b846-41895f4ebd48@group-833AA35A7EDE, cid=2511, SUCCESS, logIndex=3718, commits[72f5ceaa-5b3b-4bc7-b846-41895f4ebd48:c3718, b4e1f7d4-4bb4-47ed-a9cb-53483a899fb2:c3714, d3916bce-b37b-4246-83c6-d24846ba1a72:c3714]
2019-07-08 14:21:29,996 INFO  client.GrpcClientProtocolClient (GrpcClientProtocolClient.java:onNext(255)) - client-DE0880F50CF2->72f5ceaa-5b3b-4bc7-b846-41895f4ebd48: receive RaftClientReply:client-DE0880F50CF2->72f5ceaa-5b3b-4bc7-b846-41895f4ebd48@group-833AA35A7EDE, cid=2512, SUCCESS, logIndex=0, commits[72f5ceaa-5b3b-4bc7-b846-41895f4ebd48:c3720, b4e1f7d4-4bb4-47ed-a9cb-53483a899fb2:c3716, d3916bce-b37b-4246-83c6-d24846ba1a72:c3716]
2019-07-08 14:21:30,017 INFO  client.GrpcClientProtocolClient (GrpcClientProtocolClient.java:onNext(255)) - client-DE0880F50CF2->72f5ceaa-5b3b-4bc7-b846-41895f4ebd48: receive RaftClientReply:client-DE0880F50CF2->72f5ceaa-5b3b-4bc7-b846-41895f4ebd48@group-833AA35A7EDE, cid=2513, SUCCESS, logIndex=3723, commits[72f5ceaa-5b3b-4bc7-b846-41895f4ebd48:c3724, b4e1f7d4-4bb4-47ed-a9cb-53483a899fb2:c3722, d3916bce-b37b-4246-83c6-d24846ba1a72:c3722]
2019-07-08 14:21:30,017 INFO  client.GrpcClientProtocolClient (GrpcClientProtocolClient.java:onNext(255)) - client-DE0880F50CF2->72f5ceaa-5b3b-4bc7-b846-41895f4ebd48: receive RaftClientReply:client-DE0880F50CF2->72f5ceaa-5b3b-4bc7-b846-41895f4ebd48@group-833AA35A7EDE, cid=2514, SUCCESS, logIndex=3724, commits[72f5ceaa-5b3b-4bc7-b846-41895f4ebd48:c3724, b4e1f7d4-4bb4-47ed-a9cb-53483a899fb2:c3722, d3916bce-b37b-4246-83c6-d24846ba1a72:c3722]
2019-07-08 14:21:30,041 INFO  client.GrpcClientProtocolClient (GrpcClientProtocolClient.java:onNext(255)) - client-DE0880F50CF2->72f5ceaa-5b3b-4bc7-b846-41895f4ebd48: receive RaftClientReply:client-DE0880F50CF2->72f5ceaa-5b3b-4bc7-b846-41895f4ebd48@group-833AA35A7EDE, cid=2515, SUCCESS, logIndex=3727, commits[72f5ceaa-5b3b-4bc7-b846-41895f4ebd48:c3728, b4e1f7d4-4bb4-47ed-a9cb-53483a899fb2:c3724, d3916bce-b37b-4246-83c6-d24846ba1a72:c3724]
2019-07-08 14:21:30,041 INFO  client.GrpcClientProtocolClient (GrpcClientProtocolClient.java:onNext(255)) - client-DE0880F50CF2->72f5ceaa-5b3b-4bc7-b846-41895f4ebd48: receive RaftClientReply:client-DE0880F50CF2->72f5ceaa-5b3b-4bc7-b846-41895f4ebd48@group-833AA35A7EDE, cid=2516, SUCCESS, logIndex=3728, commits[72f5ceaa-5b3b-4bc7-b846-41895f4ebd48:c3728, b4e1f7d4-4bb4-47ed-a9cb-53483a899fb2:c3724, d3916bce-b37b-4246-83c6-d24846ba1a72:c3724]
2019-07-08 14:21:30,065 INFO  client.GrpcClientProtocolClient (GrpcClientProtocolClient.java:onNext(255)) - client-DE0880F50CF2->72f5ceaa-5b3b-4bc7-b846-41895f4ebd48: receive RaftClientReply:client-DE0880F50CF2->72f5ceaa-5b3b-4bc7-b846-41895f4ebd48@group-833AA35A7EDE, cid=2517, SUCCESS, logIndex=0, commits[72f5ceaa-5b3b-4bc7-b846-41895f4ebd48:c3730, b4e1f7d4-4bb4-47ed-a9cb-53483a899fb2:c3728, d3916bce-b37b-4246-83c6-d24846ba1a72:c3728]
2019-07-08 14:21:30,097 INFO  client.GrpcClientProtocolClient (GrpcClientProtocolClient.java:onNext(255)) - client-DE0880F50CF2->72f5ceaa-5b3b-4bc7-b846-41895f4ebd48: receive RaftClientReply:client-DE0880F50CF2->72f5ceaa-5b3b-4bc7-b846-41895f4ebd48@group-833AA35A7EDE, cid=2518, SUCCESS, logIndex=3731, commits[72f5ceaa-5b3b-4bc7-b846-41895f4ebd48:c3732, b4e1f7d4-4bb4-47ed-a9cb-53483a899fb2:c3730, d3916bce-b37b-4246-83c6-d24846ba1a72:c3730]
2019-07-08 14:21:30,098 INFO  client.GrpcClientProtocolClient (GrpcClientProtocolClient.java:onNext(255)) - client-DE0880F50CF2->72f5ceaa-5b3b-4bc7-b846-41895f4ebd48: receive RaftClientReply:client-DE0880F50CF2->72f5ceaa-5b3b-4bc7-b846-41895f4ebd48@group-833AA35A7EDE, cid=2519, SUCCESS, logIndex=3732, commits[72f5ceaa-5b3b-4bc7-b846-41895f4ebd48:c3734, b4e1f7d4-4bb4-47ed-a9cb-53483a899fb2:c3730, d3916bce-b37b-4246-83c6-d24846ba1a72:c3730]
2019-07-08 14:21:30,098 INFO  client.GrpcClientProtocolClient (GrpcClientProtocolClient.java:onNext(255)) - client-DE0880F50CF2->72f5ceaa-5b3b-4bc7-b846-41895f4ebd48: receive RaftClientReply:client-DE0880F50CF2->72f5ceaa-5b3b-4bc7-b846-41895f4ebd48@group-833AA35A7EDE, cid=2520, SUCCESS, logIndex=3733, commits[72f5ceaa-5b3b-4bc7-b846-41895f4ebd48:c3734, b4e1f7d4-4bb4-47ed-a9cb-53483a899fb2:c3730, d3916bce-b37b-4246-83c6-d24846ba1a72:c3730]
2019-07-08 14:21:30,098 INFO  client.GrpcClientProtocolClient (GrpcClientProtocolClient.java:onNext(255)) - client-DE0880F50CF2->72f5ceaa-5b3b-4bc7-b846-41895f4ebd48: receive RaftClientReply:client-DE0880F50CF2->72f5ceaa-5b3b-4bc7-b846-41895f4ebd48@group-833AA35A7EDE, cid=2521, SUCCESS, logIndex=3734, commits[72f5ceaa-5b3b-4bc7-b846-41895f4ebd48:c3734, b4e1f7d4-4bb4-47ed-a9cb-53483a899fb2:c3730, d3916bce-b37b-4246-83c6-d24846ba1a72:c3730]
2019-07-08 14:21:30,113 INFO  client.GrpcClientProtocolClient (GrpcClientProtocolClient.java:onNext(255)) - client-DE0880F50CF2->72f5ceaa-5b3b-4bc7-b846-41895f4ebd48: receive RaftClientReply:client-DE0880F50CF2->72f5ceaa-5b3b-4bc7-b846-41895f4ebd48@group-833AA35A7EDE, cid=2522, SUCCESS, logIndex=0, commits[72f5ceaa-5b3b-4bc7-b846-41895f4ebd48:c3738, b4e1f7d4-4bb4-47ed-a9cb-53483a899fb2:c3732, d3916bce-b37b-4246-83c6-d24846ba1a72:c3734]
2019-07-08 14:21:30,134 INFO  client.GrpcClientProtocolClient (GrpcClientProtocolClient.java:onNext(255)) - client-DE0880F50CF2->72f5ceaa-5b3b-4bc7-b846-41895f4ebd48: receive RaftClientReply:client-DE0880F50CF2->72f5ceaa-5b3b-4bc7-b846-41895f4ebd48@group-833AA35A7EDE, cid=2523, SUCCESS, logIndex=3739, commits[72f5ceaa-5b3b-4bc7-b846-41895f4ebd48:c3740, b4e1f7d4-4bb4-47ed-a9cb-53483a899fb2:c3738, d3916bce-b37b-4246-83c6-d24846ba1a72:c3738]
2019-07-08 14:21:30,134 INFO  client.GrpcClientProtocolClient (GrpcClientProtocolClient.java:onNext(255)) - client-DE0880F50CF2->72f5ceaa-5b3b-4bc7-b846-41895f4ebd48: receive RaftClientReply:client-DE0880F50CF2->72f5ceaa-5b3b-4bc7-b846-41895f4ebd48@group-833AA35A7EDE, cid=2524, SUCCESS, logIndex=3740, commits[72f5ceaa-5b3b-4bc7-b846-41895f4ebd48:c3740, b4e1f7d4-4bb4-47ed-a9cb-53483a899fb2:c3738, d3916bce-b37b-4246-83c6-d24846ba1a72:c3738]
2019-07-08 14:21:30,148 INFO  client.GrpcClientProtocolClient (GrpcClientProtocolClient.java:onNext(255)) - client-DE0880F50CF2->72f5ceaa-5b3b-4bc7-b846-41895f4ebd48: receive RaftClientReply:client-DE0880F50CF2->72f5ceaa-5b3b-4bc7-b846-41895f4ebd48@group-833AA35A7EDE, cid=2525, SUCCESS, logIndex=3743, commits[72f5ceaa-5b3b-4bc7-b846-41895f4ebd48:c3744, b4e1f7d4-4bb4-47ed-a9cb-53483a899fb2:c3740, d3916bce-b37b-4246-83c6-d24846ba1a72:c3739]
2019-07-08 14:21:30,148 INFO  client.GrpcClientProtocolClient (GrpcClientProtocolClient.java:onNext(255)) - client-DE0880F50CF2->72f5ceaa-5b3b-4bc7-b846-41895f4ebd48: receive RaftClientReply:client-DE0880F50CF2->72f5ceaa-5b3b-4bc7-b846-41895f4ebd48@group-833AA35A7EDE, cid=2526, SUCCESS, logIndex=3744, commits[72f5ceaa-5b3b-4bc7-b846-41895f4ebd48:c3744, b4e1f7d4-4bb4-47ed-a9cb-53483a899fb2:c3740, d3916bce-b37b-4246-83c6-d24846ba1a72:c3740]
2019-07-08 14:21:30,152 INFO  client.GrpcClientProtocolClient (GrpcClientProtocolClient.java:onNext(255)) - client-DE0880F50CF2->72f5ceaa-5b3b-4bc7-b846-41895f4ebd48: receive RaftClientReply:client-DE0880F50CF2->72f5ceaa-5b3b-4bc7-b846-41895f4ebd48@group-833AA35A7EDE, cid=2527, SUCCESS, logIndex=0, commits[72f5ceaa-5b3b-4bc7-b846-41895f4ebd48:c3745, b4e1f7d4-4bb4-47ed-a9cb-53483a899fb2:c3744, d3916bce-b37b-4246-83c6-d24846ba1a72:c3744]
2019-07-08 14:21:30,195 INFO  client.GrpcClientProtocolClient (GrpcClientProtocolClient.java:onNext(255)) - client-DE0880F50CF2->72f5ceaa-5b3b-4bc7-b846-41895f4ebd48: receive RaftClientReply:client-DE0880F50CF2->72f5ceaa-5b3b-4bc7-b846-41895f4ebd48@group-833AA35A7EDE, cid=2528, SUCCESS, logIndex=3747, commits[72f5ceaa-5b3b-4bc7-b846-41895f4ebd48:c3749, b4e1f7d4-4bb4-47ed-a9cb-53483a899fb2:c3746, d3916bce-b37b-4246-83c6-d24846ba1a72:c3746]
2019-07-08 14:21:30,196 INFO  client.GrpcClientProtocolClient (GrpcClientProtocolClient.java:onNext(255)) - client-DE0880F50CF2->72f5ceaa-5b3b-4bc7-b846-41895f4ebd48: receive RaftClientReply:client-DE0880F50CF2->72f5ceaa-5b3b-4bc7-b846-41895f4ebd48@group-833AA35A7EDE, cid=2529, SUCCESS, logIndex=3748, commits[72f5ceaa-5b3b-4bc7-b846-41895f4ebd48:c3750, b4e1f7d4-4bb4-47ed-a9cb-53483a899fb2:c3746, d3916bce-b37b-4246-83c6-d24846ba1a72:c3746]
2019-07-08 14:21:30,196 INFO  client.GrpcClientProtocolClient (GrpcClientProtocolClient.java:onNext(255)) - client-DE0880F50CF2->72f5ceaa-5b3b-4bc7-b846-41895f4ebd48: receive RaftClientReply:client-DE0880F50CF2->72f5ceaa-5b3b-4bc7-b846-41895f4ebd48@group-833AA35A7EDE, cid=2530, SUCCESS, logIndex=3749, commits[72f5ceaa-5b3b-4bc7-b846-41895f4ebd48:c3750, b4e1f7d4-4bb4-47ed-a9cb-53483a899fb2:c3746, d3916bce-b37b-4246-83c6-d24846ba1a72:c3746]
2019-07-08 14:21:30,196 INFO  client.GrpcClientProtocolClient (GrpcClientProtocolClient.java:onNext(255)) - client-DE0880F50CF2->72f5ceaa-5b3b-4bc7-b846-41895f4ebd48: receive RaftClientReply:client-DE0880F50CF2->72f5ceaa-5b3b-4bc7-b846-41895f4ebd48@group-833AA35A7EDE, cid=2531, SUCCESS, logIndex=3750, commits[72f5ceaa-5b3b-4bc7-b846-41895f4ebd48:c3750, b4e1f7d4-4bb4-47ed-a9cb-53483a899fb2:c3746, d3916bce-b37b-4246-83c6-d24846ba1a72:c3746]
2019-07-08 14:21:30,208 INFO  client.GrpcClientProtocolClient (GrpcClientProtocolClient.java:onNext(255)) - client-DE0880F50CF2->72f5ceaa-5b3b-4bc7-b846-41895f4ebd48: receive RaftClientReply:client-DE0880F50CF2->72f5ceaa-5b3b-4bc7-b846-41895f4ebd48@group-833AA35A7EDE, cid=2532, SUCCESS, logIndex=0, commits[72f5ceaa-5b3b-4bc7-b846-41895f4ebd48:c3751, b4e1f7d4-4bb4-47ed-a9cb-53483a899fb2:c3748, d3916bce-b37b-4246-83c6-d24846ba1a72:c3749]
2019-07-08 14:21:30,235 INFO  client.GrpcClientProtocolClient (GrpcClientProtocolClient.java:onNext(255)) - client-DE0880F50CF2->72f5ceaa-5b3b-4bc7-b846-41895f4ebd48: receive RaftClientReply:client-DE0880F50CF2->72f5ceaa-5b3b-4bc7-b846-41895f4ebd48@group-833AA35A7EDE, cid=2533, SUCCESS, logIndex=3755, commits[72f5ceaa-5b3b-4bc7-b846-41895f4ebd48:c3756, b4e1f7d4-4bb4-47ed-a9cb-53483a899fb2:c3754, d3916bce-b37b-4246-83c6-d24846ba1a72:c3754]
2019-07-08 14:21:30,236 INFO  client.GrpcClientProtocolClient (GrpcClientProtocolClient.java:onNext(255)) - client-DE0880F50CF2->72f5ceaa-5b3b-4bc7-b846-41895f4ebd48: receive RaftClientReply:client-DE0880F50CF2->72f5ceaa-5b3b-4bc7-b846-41895f4ebd48@group-833AA35A7EDE, cid=2534, SUCCESS, logIndex=3756, commits[72f5ceaa-5b3b-4bc7-b846-41895f4ebd48:c3756, b4e1f7d4-4bb4-47ed-a9cb-53483a899fb2:c3754, d3916bce-b37b-4246-83c6-d24846ba1a72:c3754]
2019-07-08 14:21:30,249 INFO  client.GrpcClientProtocolClient (GrpcClientProtocolClient.java:onNext(255)) - client-DE0880F50CF2->72f5ceaa-5b3b-4bc7-b846-41895f4ebd48: receive RaftClientReply:client-DE0880F50CF2->72f5ceaa-5b3b-4bc7-b846-41895f4ebd48@group-833AA35A7EDE, cid=2535, SUCCESS, logIndex=3759, commits[72f5ceaa-5b3b-4bc7-b846-41895f4ebd48:c3759, b4e1f7d4-4bb4-47ed-a9cb-53483a899fb2:c3756, d3916bce-b37b-4246-83c6-d24846ba1a72:c3756]
2019-07-08 14:21:30,250 INFO  client.GrpcClientProtocolClient (GrpcClientProtocolClient.java:onNext(255)) - client-DE0880F50CF2->72f5ceaa-5b3b-4bc7-b846-41895f4ebd48: receive RaftClientReply:client-DE0880F50CF2->72f5ceaa-5b3b-4bc7-b846-41895f4ebd48@group-833AA35A7EDE, cid=2536, SUCCESS, logIndex=3760, commits[72f5ceaa-5b3b-4bc7-b846-41895f4ebd48:c3760, b4e1f7d4-4bb4-47ed-a9cb-53483a899fb2:c3756, d3916bce-b37b-4246-83c6-d24846ba1a72:c3756]
2019-07-08 14:21:30,262 INFO  client.GrpcClientProtocolClient (GrpcClientProtocolClient.java:onNext(255)) - client-DE0880F50CF2->72f5ceaa-5b3b-4bc7-b846-41895f4ebd48: receive RaftClientReply:client-DE0880F50CF2->72f5ceaa-5b3b-4bc7-b846-41895f4ebd48@group-833AA35A7EDE, cid=2537, SUCCESS, logIndex=0, commits[72f5ceaa-5b3b-4bc7-b846-41895f4ebd48:c3762, b4e1f7d4-4bb4-47ed-a9cb-53483a899fb2:c3760, d3916bce-b37b-4246-83c6-d24846ba1a72:c3760]
2019-07-08 14:21:30,293 INFO  client.GrpcClientProtocolClient (GrpcClientProtocolClient.java:onNext(255)) - client-DE0880F50CF2->72f5ceaa-5b3b-4bc7-b846-41895f4ebd48: receive RaftClientReply:client-DE0880F50CF2->72f5ceaa-5b3b-4bc7-b846-41895f4ebd48@group-833AA35A7EDE, cid=2538, SUCCESS, logIndex=3763, commits[72f5ceaa-5b3b-4bc7-b846-41895f4ebd48:c3764, b4e1f7d4-4bb4-47ed-a9cb-53483a899fb2:c3762, d3916bce-b37b-4246-83c6-d24846ba1a72:c3762]
2019-07-08 14:21:30,294 INFO  client.GrpcClientProtocolClient (GrpcClientProtocolClient.java:onNext(255)) - client-DE0880F50CF2->72f5ceaa-5b3b-4bc7-b846-41895f4ebd48: receive RaftClientReply:client-DE0880F50CF2->72f5ceaa-5b3b-4bc7-b846-41895f4ebd48@group-833AA35A7EDE, cid=2539, SUCCESS, logIndex=3764, commits[72f5ceaa-5b3b-4bc7-b846-41895f4ebd48:c3766, b4e1f7d4-4bb4-47ed-a9cb-53483a899fb2:c3762, d3916bce-b37b-4246-83c6-d24846ba1a72:c3762]
2019-07-08 14:21:30,294 INFO  client.GrpcClientProtocolClient (GrpcClientProtocolClient.java:onNext(255)) - client-DE0880F50CF2->72f5ceaa-5b3b-4bc7-b846-41895f4ebd48: receive RaftClientReply:client-DE0880F50CF2->72f5ceaa-5b3b-4bc7-b846-41895f4ebd48@group-833AA35A7EDE, cid=2540, SUCCESS, logIndex=3765, commits[72f5ceaa-5b3b-4bc7-b846-41895f4ebd48:c3766, b4e1f7d4-4bb4-47ed-a9cb-53483a899fb2:c3762, d3916bce-b37b-4246-83c6-d24846ba1a72:c3762]
2019-07-08 14:21:30,294 INFO  client.GrpcClientProtocolClient (GrpcClientProtocolClient.java:onNext(255)) - client-DE0880F50CF2->72f5ceaa-5b3b-4bc7-b846-41895f4ebd48: receive RaftClientReply:client-DE0880F50CF2->72f5ceaa-5b3b-4bc7-b846-41895f4ebd48@group-833AA35A7EDE, cid=2541, SUCCESS, logIndex=3766, commits[72f5ceaa-5b3b-4bc7-b846-41895f4ebd48:c3767, b4e1f7d4-4bb4-47ed-a9cb-53483a899fb2:c3763, d3916bce-b37b-4246-83c6-d24846ba1a72:c3762]
2019-07-08 14:21:30,307 INFO  client.GrpcClientProtocolClient (GrpcClientProtocolClient.java:onNext(255)) - client-DE0880F50CF2->72f5ceaa-5b3b-4bc7-b846-41895f4ebd48: receive RaftClientReply:client-DE0880F50CF2->72f5ceaa-5b3b-4bc7-b846-41895f4ebd48@group-833AA35A7EDE, cid=2542, SUCCESS, logIndex=0, commits[72f5ceaa-5b3b-4bc7-b846-41895f4ebd48:c3768, b4e1f7d4-4bb4-47ed-a9cb-53483a899fb2:c3765, d3916bce-b37b-4246-83c6-d24846ba1a72:c3765]
2019-07-08 14:21:30,327 INFO  client.GrpcClientProtocolClient (GrpcClientProtocolClient.java:onNext(255)) - client-DE0880F50CF2->72f5ceaa-5b3b-4bc7-b846-41895f4ebd48: receive RaftClientReply:client-DE0880F50CF2->72f5ceaa-5b3b-4bc7-b846-41895f4ebd48@group-833AA35A7EDE, cid=2543, SUCCESS, logIndex=3771, commits[72f5ceaa-5b3b-4bc7-b846-41895f4ebd48:c3772, b4e1f7d4-4bb4-47ed-a9cb-53483a899fb2:c3770, d3916bce-b37b-4246-83c6-d24846ba1a72:c3770]
2019-07-08 14:21:30,328 INFO  client.GrpcClientProtocolClient (GrpcClientProtocolClient.java:onNext(255)) - client-DE0880F50CF2->72f5ceaa-5b3b-4bc7-b846-41895f4ebd48: receive RaftClientReply:client-DE0880F50CF2->72f5ceaa-5b3b-4bc7-b846-41895f4ebd48@group-833AA35A7EDE, cid=2544, SUCCESS, logIndex=3772, commits[72f5ceaa-5b3b-4bc7-b846-41895f4ebd48:c3772, b4e1f7d4-4bb4-47ed-a9cb-53483a899fb2:c3770, d3916bce-b37b-4246-83c6-d24846ba1a72:c3770]
2019-07-08 14:21:30,356 INFO  client.GrpcClientProtocolClient (GrpcClientProtocolClient.java:onNext(255)) - client-DE0880F50CF2->72f5ceaa-5b3b-4bc7-b846-41895f4ebd48: receive RaftClientReply:client-DE0880F50CF2->72f5ceaa-5b3b-4bc7-b846-41895f4ebd48@group-833AA35A7EDE, cid=2545, SUCCESS, logIndex=3775, commits[72f5ceaa-5b3b-4bc7-b846-41895f4ebd48:c3776, b4e1f7d4-4bb4-47ed-a9cb-53483a899fb2:c3772, d3916bce-b37b-4246-83c6-d24846ba1a72:c3772]
2019-07-08 14:21:30,356 INFO  client.GrpcClientProtocolClient (GrpcClientProtocolClient.java:onNext(255)) - client-DE0880F50CF2->72f5ceaa-5b3b-4bc7-b846-41895f4ebd48: receive RaftClientReply:client-DE0880F50CF2->72f5ceaa-5b3b-4bc7-b846-41895f4ebd48@group-833AA35A7EDE, cid=2546, SUCCESS, logIndex=3776, commits[72f5ceaa-5b3b-4bc7-b846-41895f4ebd48:c3776, b4e1f7d4-4bb4-47ed-a9cb-53483a899fb2:c3772, d3916bce-b37b-4246-83c6-d24846ba1a72:c3772]
2019-07-08 14:21:30,370 INFO  client.GrpcClientProtocolClient (GrpcClientProtocolClient.java:onNext(255)) - client-DE0880F50CF2->72f5ceaa-5b3b-4bc7-b846-41895f4ebd48: receive RaftClientReply:client-DE0880F50CF2->72f5ceaa-5b3b-4bc7-b846-41895f4ebd48@group-833AA35A7EDE, cid=2547, SUCCESS, logIndex=0, commits[72f5ceaa-5b3b-4bc7-b846-41895f4ebd48:c3778, b4e1f7d4-4bb4-47ed-a9cb-53483a899fb2:c3776, d3916bce-b37b-4246-83c6-d24846ba1a72:c3776]
2019-07-08 14:21:30,402 INFO  client.GrpcClientProtocolClient (GrpcClientProtocolClient.java:onNext(255)) - client-DE0880F50CF2->72f5ceaa-5b3b-4bc7-b846-41895f4ebd48: receive RaftClientReply:client-DE0880F50CF2->72f5ceaa-5b3b-4bc7-b846-41895f4ebd48@group-833AA35A7EDE, cid=2548, SUCCESS, logIndex=3779, commits[72f5ceaa-5b3b-4bc7-b846-41895f4ebd48:c3781, b4e1f7d4-4bb4-47ed-a9cb-53483a899fb2:c3778, d3916bce-b37b-4246-83c6-d24846ba1a72:c3778]
2019-07-08 14:21:30,402 INFO  client.GrpcClientProtocolClient (GrpcClientProtocolClient.java:onNext(255)) - client-DE0880F50CF2->72f5ceaa-5b3b-4bc7-b846-41895f4ebd48: receive RaftClientReply:client-DE0880F50CF2->72f5ceaa-5b3b-4bc7-b846-41895f4ebd48@group-833AA35A7EDE, cid=2549, SUCCESS, logIndex=3780, commits[72f5ceaa-5b3b-4bc7-b846-41895f4ebd48:c3782, b4e1f7d4-4bb4-47ed-a9cb-53483a899fb2:c3778, d3916bce-b37b-4246-83c6-d24846ba1a72:c3778]
2019-07-08 14:21:30,403 INFO  client.GrpcClientProtocolClient (GrpcClientProtocolClient.java:onNext(255)) - client-DE0880F50CF2->72f5ceaa-5b3b-4bc7-b846-41895f4ebd48: receive RaftClientReply:client-DE0880F50CF2->72f5ceaa-5b3b-4bc7-b846-41895f4ebd48@group-833AA35A7EDE, cid=2550, SUCCESS, logIndex=3781, commits[72f5ceaa-5b3b-4bc7-b846-41895f4ebd48:c3782, b4e1f7d4-4bb4-47ed-a9cb-53483a899fb2:c3778, d3916bce-b37b-4246-83c6-d24846ba1a72:c3778]
2019-07-08 14:21:30,403 INFO  client.GrpcClientProtocolClient (GrpcClientProtocolClient.java:onNext(255)) - client-DE0880F50CF2->72f5ceaa-5b3b-4bc7-b846-41895f4ebd48: receive RaftClientReply:client-DE0880F50CF2->72f5ceaa-5b3b-4bc7-b846-41895f4ebd48@group-833AA35A7EDE, cid=2551, SUCCESS, logIndex=3782, commits[72f5ceaa-5b3b-4bc7-b846-41895f4ebd48:c3782, b4e1f7d4-4bb4-47ed-a9cb-53483a899fb2:c3778, d3916bce-b37b-4246-83c6-d24846ba1a72:c3778]
2019-07-08 14:21:30,414 INFO  client.GrpcClientProtocolClient (GrpcClientProtocolClient.java:onNext(255)) - client-DE0880F50CF2->72f5ceaa-5b3b-4bc7-b846-41895f4ebd48: receive RaftClientReply:client-DE0880F50CF2->72f5ceaa-5b3b-4bc7-b846-41895f4ebd48@group-833AA35A7EDE, cid=2552, SUCCESS, logIndex=0, commits[72f5ceaa-5b3b-4bc7-b846-41895f4ebd48:c3784, b4e1f7d4-4bb4-47ed-a9cb-53483a899fb2:c3780, d3916bce-b37b-4246-83c6-d24846ba1a72:c3780]
2019-07-08 14:21:30,449 INFO  client.GrpcClientProtocolClient (GrpcClientProtocolClient.java:onNext(255)) - client-DE0880F50CF2->72f5ceaa-5b3b-4bc7-b846-41895f4ebd48: receive RaftClientReply:client-DE0880F50CF2->72f5ceaa-5b3b-4bc7-b846-41895f4ebd48@group-833AA35A7EDE, cid=2553, SUCCESS, logIndex=3787, commits[72f5ceaa-5b3b-4bc7-b846-41895f4ebd48:c3788, b4e1f7d4-4bb4-47ed-a9cb-53483a899fb2:c3786, d3916bce-b37b-4246-83c6-d24846ba1a72:c3782]
2019-07-08 14:21:30,449 INFO  client.GrpcClientProtocolClient (GrpcClientProtocolClient.java:onNext(255)) - client-DE0880F50CF2->72f5ceaa-5b3b-4bc7-b846-41895f4ebd48: receive RaftClientReply:client-DE0880F50CF2->72f5ceaa-5b3b-4bc7-b846-41895f4ebd48@group-833AA35A7EDE, cid=2554, SUCCESS, logIndex=3788, commits[72f5ceaa-5b3b-4bc7-b846-41895f4ebd48:c3788, b4e1f7d4-4bb4-47ed-a9cb-53483a899fb2:c3786, d3916bce-b37b-4246-83c6-d24846ba1a72:c3786]
2019-07-08 14:21:30,462 INFO  client.GrpcClientProtocolClient (GrpcClientProtocolClient.java:onNext(255)) - client-DE0880F50CF2->72f5ceaa-5b3b-4bc7-b846-41895f4ebd48: receive RaftClientReply:client-DE0880F50CF2->72f5ceaa-5b3b-4bc7-b846-41895f4ebd48@group-833AA35A7EDE, cid=2555, SUCCESS, logIndex=3791, commits[72f5ceaa-5b3b-4bc7-b846-41895f4ebd48:c3792, b4e1f7d4-4bb4-47ed-a9cb-53483a899fb2:c3790, d3916bce-b37b-4246-83c6-d24846ba1a72:c3790]
2019-07-08 14:21:30,462 INFO  client.GrpcClientProtocolClient (GrpcClientProtocolClient.java:onNext(255)) - client-DE0880F50CF2->72f5ceaa-5b3b-4bc7-b846-41895f4ebd48: receive RaftClientReply:client-DE0880F50CF2->72f5ceaa-5b3b-4bc7-b846-41895f4ebd48@group-833AA35A7EDE, cid=2556, SUCCESS, logIndex=3792, commits[72f5ceaa-5b3b-4bc7-b846-41895f4ebd48:c3792, b4e1f7d4-4bb4-47ed-a9cb-53483a899fb2:c3790, d3916bce-b37b-4246-83c6-d24846ba1a72:c3790]
2019-07-08 14:21:30,463 INFO  client.GrpcClientProtocolClient (GrpcClientProtocolClient.java:onNext(255)) - client-DE0880F50CF2->72f5ceaa-5b3b-4bc7-b846-41895f4ebd48: receive RaftClientReply:client-DE0880F50CF2->72f5ceaa-5b3b-4bc7-b846-41895f4ebd48@group-833AA35A7EDE, cid=2557, SUCCESS, logIndex=0, commits[72f5ceaa-5b3b-4bc7-b846-41895f4ebd48:c3793, b4e1f7d4-4bb4-47ed-a9cb-53483a899fb2:c3792, d3916bce-b37b-4246-83c6-d24846ba1a72:c3792]
2019-07-08 14:21:30,493 INFO  client.GrpcClientProtocolClient (GrpcClientProtocolClient.java:onNext(255)) - client-DE0880F50CF2->72f5ceaa-5b3b-4bc7-b846-41895f4ebd48: receive RaftClientReply:client-DE0880F50CF2->72f5ceaa-5b3b-4bc7-b846-41895f4ebd48@group-833AA35A7EDE, cid=2558, SUCCESS, logIndex=3795, commits[72f5ceaa-5b3b-4bc7-b846-41895f4ebd48:c3797, b4e1f7d4-4bb4-47ed-a9cb-53483a899fb2:c3794, d3916bce-b37b-4246-83c6-d24846ba1a72:c3794]
2019-07-08 14:21:30,493 INFO  client.GrpcClientProtocolClient (GrpcClientProtocolClient.java:onNext(255)) - client-DE0880F50CF2->72f5ceaa-5b3b-4bc7-b846-41895f4ebd48: receive RaftClientReply:client-DE0880F50CF2->72f5ceaa-5b3b-4bc7-b846-41895f4ebd48@group-833AA35A7EDE, cid=2559, SUCCESS, logIndex=3796, commits[72f5ceaa-5b3b-4bc7-b846-41895f4ebd48:c3798, b4e1f7d4-4bb4-47ed-a9cb-53483a899fb2:c3794, d3916bce-b37b-4246-83c6-d24846ba1a72:c3794]
2019-07-08 14:21:30,494 INFO  client.GrpcClientProtocolClient (GrpcClientProtocolClient.java:onNext(255)) - client-DE0880F50CF2->72f5ceaa-5b3b-4bc7-b846-41895f4ebd48: receive RaftClientReply:client-DE0880F50CF2->72f5ceaa-5b3b-4bc7-b846-41895f4ebd48@group-833AA35A7EDE, cid=2560, SUCCESS, logIndex=3797, commits[72f5ceaa-5b3b-4bc7-b846-41895f4ebd48:c3798, b4e1f7d4-4bb4-47ed-a9cb-53483a899fb2:c3794, d3916bce-b37b-4246-83c6-d24846ba1a72:c3794]
2019-07-08 14:21:30,494 INFO  client.GrpcClientProtocolClient (GrpcClientProtocolClient.java:onNext(255)) - client-DE0880F50CF2->72f5ceaa-5b3b-4bc7-b846-41895f4ebd48: receive RaftClientReply:client-DE0880F50CF2->72f5ceaa-5b3b-4bc7-b846-41895f4ebd48@group-833AA35A7EDE, cid=2561, SUCCESS, logIndex=3798, commits[72f5ceaa-5b3b-4bc7-b846-41895f4ebd48:c3798, b4e1f7d4-4bb4-47ed-a9cb-53483a899fb2:c3794, d3916bce-b37b-4246-83c6-d24846ba1a72:c3794]
2019-07-08 14:21:30,508 INFO  client.GrpcClientProtocolClient (GrpcClientProtocolClient.java:onNext(255)) - client-DE0880F50CF2->72f5ceaa-5b3b-4bc7-b846-41895f4ebd48: receive RaftClientReply:client-DE0880F50CF2->72f5ceaa-5b3b-4bc7-b846-41895f4ebd48@group-833AA35A7EDE, cid=2562, SUCCESS, logIndex=0, commits[72f5ceaa-5b3b-4bc7-b846-41895f4ebd48:c3800, b4e1f7d4-4bb4-47ed-a9cb-53483a899fb2:c3796, d3916bce-b37b-4246-83c6-d24846ba1a72:c3796]
2019-07-08 14:21:30,527 INFO  client.GrpcClientProtocolClient (GrpcClientProtocolClient.java:onNext(255)) - client-DE0880F50CF2->72f5ceaa-5b3b-4bc7-b846-41895f4ebd48: receive RaftClientReply:client-DE0880F50CF2->72f5ceaa-5b3b-4bc7-b846-41895f4ebd48@group-833AA35A7EDE, cid=2563, SUCCESS, logIndex=3803, commits[72f5ceaa-5b3b-4bc7-b846-41895f4ebd48:c3803, b4e1f7d4-4bb4-47ed-a9cb-53483a899fb2:c3802, d3916bce-b37b-4246-83c6-d24846ba1a72:c3802]
2019-07-08 14:21:30,527 INFO  client.GrpcClientProtocolClient (GrpcClientProtocolClient.java:onNext(255)) - client-DE0880F50CF2->72f5ceaa-5b3b-4bc7-b846-41895f4ebd48: receive RaftClientReply:client-DE0880F50CF2->72f5ceaa-5b3b-4bc7-b846-41895f4ebd48@group-833AA35A7EDE, cid=2564, SUCCESS, logIndex=3804, commits[72f5ceaa-5b3b-4bc7-b846-41895f4ebd48:c3804, b4e1f7d4-4bb4-47ed-a9cb-53483a899fb2:c3802, d3916bce-b37b-4246-83c6-d24846ba1a72:c3802]
2019-07-08 14:21:30,542 INFO  client.GrpcClientProtocolClient (GrpcClientProtocolClient.java:onNext(255)) - client-DE0880F50CF2->72f5ceaa-5b3b-4bc7-b846-41895f4ebd48: receive RaftClientReply:client-DE0880F50CF2->72f5ceaa-5b3b-4bc7-b846-41895f4ebd48@group-833AA35A7EDE, cid=2565, SUCCESS, logIndex=3807, commits[72f5ceaa-5b3b-4bc7-b846-41895f4ebd48:c3807, b4e1f7d4-4bb4-47ed-a9cb-53483a899fb2:c3804, d3916bce-b37b-4246-83c6-d24846ba1a72:c3804]
2019-07-08 14:21:30,542 INFO  client.GrpcClientProtocolClient (GrpcClientProtocolClient.java:onNext(255)) - client-DE0880F50CF2->72f5ceaa-5b3b-4bc7-b846-41895f4ebd48: receive RaftClientReply:client-DE0880F50CF2->72f5ceaa-5b3b-4bc7-b846-41895f4ebd48@group-833AA35A7EDE, cid=2566, SUCCESS, logIndex=3808, commits[72f5ceaa-5b3b-4bc7-b846-41895f4ebd48:c3808, b4e1f7d4-4bb4-47ed-a9cb-53483a899fb2:c3804, d3916bce-b37b-4246-83c6-d24846ba1a72:c3804]
2019-07-08 14:21:30,557 INFO  client.GrpcClientProtocolClient (GrpcClientProtocolClient.java:onNext(255)) - client-DE0880F50CF2->72f5ceaa-5b3b-4bc7-b846-41895f4ebd48: receive RaftClientReply:client-DE0880F50CF2->72f5ceaa-5b3b-4bc7-b846-41895f4ebd48@group-833AA35A7EDE, cid=2567, SUCCESS, logIndex=0, commits[72f5ceaa-5b3b-4bc7-b846-41895f4ebd48:c3810, b4e1f7d4-4bb4-47ed-a9cb-53483a899fb2:c3808, d3916bce-b37b-4246-83c6-d24846ba1a72:c3808]
2019-07-08 14:21:30,586 INFO  client.GrpcClientProtocolClient (GrpcClientProtocolClient.java:onNext(255)) - client-DE0880F50CF2->72f5ceaa-5b3b-4bc7-b846-41895f4ebd48: receive RaftClientReply:client-DE0880F50CF2->72f5ceaa-5b3b-4bc7-b846-41895f4ebd48@group-833AA35A7EDE, cid=2568, SUCCESS, logIndex=3811, commits[72f5ceaa-5b3b-4bc7-b846-41895f4ebd48:c3812, b4e1f7d4-4bb4-47ed-a9cb-53483a899fb2:c3810, d3916bce-b37b-4246-83c6-d24846ba1a72:c3810]
2019-07-08 14:21:30,586 INFO  client.GrpcClientProtocolClient (GrpcClientProtocolClient.java:onNext(255)) - client-DE0880F50CF2->72f5ceaa-5b3b-4bc7-b846-41895f4ebd48: receive RaftClientReply:client-DE0880F50CF2->72f5ceaa-5b3b-4bc7-b846-41895f4ebd48@group-833AA35A7EDE, cid=2569, SUCCESS, logIndex=3812, commits[72f5ceaa-5b3b-4bc7-b846-41895f4ebd48:c3814, b4e1f7d4-4bb4-47ed-a9cb-53483a899fb2:c3810, d3916bce-b37b-4246-83c6-d24846ba1a72:c3810]
2019-07-08 14:21:30,587 INFO  client.GrpcClientProtocolClient (GrpcClientProtocolClient.java:onNext(255)) - client-DE0880F50CF2->72f5ceaa-5b3b-4bc7-b846-41895f4ebd48: receive RaftClientReply:client-DE0880F50CF2->72f5ceaa-5b3b-4bc7-b846-41895f4ebd48@group-833AA35A7EDE, cid=2570, SUCCESS, logIndex=3813, commits[72f5ceaa-5b3b-4bc7-b846-41895f4ebd48:c3814, b4e1f7d4-4bb4-47ed-a9cb-53483a899fb2:c3810, d3916bce-b37b-4246-83c6-d24846ba1a72:c3810]
2019-07-08 14:21:30,587 INFO  client.GrpcClientProtocolClient (GrpcClientProtocolClient.java:onNext(255)) - client-DE0880F50CF2->72f5ceaa-5b3b-4bc7-b846-41895f4ebd48: receive RaftClientReply:client-DE0880F50CF2->72f5ceaa-5b3b-4bc7-b846-41895f4ebd48@group-833AA35A7EDE, cid=2571, SUCCESS, logIndex=3814, commits[72f5ceaa-5b3b-4bc7-b846-41895f4ebd48:c3814, b4e1f7d4-4bb4-47ed-a9cb-53483a899fb2:c3810, d3916bce-b37b-4246-83c6-d24846ba1a72:c3810]
2019-07-08 14:21:30,589 INFO  client.GrpcClientProtocolClient (GrpcClientProtocolClient.java:onNext(255)) - client-DE0880F50CF2->72f5ceaa-5b3b-4bc7-b846-41895f4ebd48: receive RaftClientReply:client-DE0880F50CF2->72f5ceaa-5b3b-4bc7-b846-41895f4ebd48@group-833AA35A7EDE, cid=2572, SUCCESS, logIndex=0, commits[72f5ceaa-5b3b-4bc7-b846-41895f4ebd48:c3816, b4e1f7d4-4bb4-47ed-a9cb-53483a899fb2:c3812, d3916bce-b37b-4246-83c6-d24846ba1a72:c3812]
2019-07-08 14:21:30,608 INFO  client.GrpcClientProtocolClient (GrpcClientProtocolClient.java:onNext(255)) - client-DE0880F50CF2->72f5ceaa-5b3b-4bc7-b846-41895f4ebd48: receive RaftClientReply:client-DE0880F50CF2->72f5ceaa-5b3b-4bc7-b846-41895f4ebd48@group-833AA35A7EDE, cid=2573, SUCCESS, logIndex=3819, commits[72f5ceaa-5b3b-4bc7-b846-41895f4ebd48:c3820, b4e1f7d4-4bb4-47ed-a9cb-53483a899fb2:c3814, d3916bce-b37b-4246-83c6-d24846ba1a72:c3818]
2019-07-08 14:21:30,608 INFO  client.GrpcClientProtocolClient (GrpcClientProtocolClient.java:onNext(255)) - client-DE0880F50CF2->72f5ceaa-5b3b-4bc7-b846-41895f4ebd48: receive RaftClientReply:client-DE0880F50CF2->72f5ceaa-5b3b-4bc7-b846-41895f4ebd48@group-833AA35A7EDE, cid=2574, SUCCESS, logIndex=3820, commits[72f5ceaa-5b3b-4bc7-b846-41895f4ebd48:c3820, b4e1f7d4-4bb4-47ed-a9cb-53483a899fb2:c3818, d3916bce-b37b-4246-83c6-d24846ba1a72:c3818]
2019-07-08 14:21:30,622 INFO  client.GrpcClientProtocolClient (GrpcClientProtocolClient.java:onNext(255)) - client-DE0880F50CF2->72f5ceaa-5b3b-4bc7-b846-41895f4ebd48: receive RaftClientReply:client-DE0880F50CF2->72f5ceaa-5b3b-4bc7-b846-41895f4ebd48@group-833AA35A7EDE, cid=2575, SUCCESS, logIndex=3823, commits[72f5ceaa-5b3b-4bc7-b846-41895f4ebd48:c3824, b4e1f7d4-4bb4-47ed-a9cb-53483a899fb2:c3820, d3916bce-b37b-4246-83c6-d24846ba1a72:c3820]
2019-07-08 14:21:30,623 INFO  client.GrpcClientProtocolClient (GrpcClientProtocolClient.java:onNext(255)) - client-DE0880F50CF2->72f5ceaa-5b3b-4bc7-b846-41895f4ebd48: receive RaftClientReply:client-DE0880F50CF2->72f5ceaa-5b3b-4bc7-b846-41895f4ebd48@group-833AA35A7EDE, cid=2576, SUCCESS, logIndex=3824, commits[72f5ceaa-5b3b-4bc7-b846-41895f4ebd48:c3824, b4e1f7d4-4bb4-47ed-a9cb-53483a899fb2:c3820, d3916bce-b37b-4246-83c6-d24846ba1a72:c3820]
2019-07-08 14:21:30,634 INFO  client.GrpcClientProtocolClient (GrpcClientProtocolClient.java:onNext(255)) - client-DE0880F50CF2->72f5ceaa-5b3b-4bc7-b846-41895f4ebd48: receive RaftClientReply:client-DE0880F50CF2->72f5ceaa-5b3b-4bc7-b846-41895f4ebd48@group-833AA35A7EDE, cid=2577, SUCCESS, logIndex=0, commits[72f5ceaa-5b3b-4bc7-b846-41895f4ebd48:c3825, b4e1f7d4-4bb4-47ed-a9cb-53483a899fb2:c3824, d3916bce-b37b-4246-83c6-d24846ba1a72:c3824]
2019-07-08 14:21:30,662 INFO  client.GrpcClientProtocolClient (GrpcClientProtocolClient.java:onNext(255)) - client-DE0880F50CF2->72f5ceaa-5b3b-4bc7-b846-41895f4ebd48: receive RaftClientReply:client-DE0880F50CF2->72f5ceaa-5b3b-4bc7-b846-41895f4ebd48@group-833AA35A7EDE, cid=2578, SUCCESS, logIndex=3827, commits[72f5ceaa-5b3b-4bc7-b846-41895f4ebd48:c3828, b4e1f7d4-4bb4-47ed-a9cb-53483a899fb2:c3826, d3916bce-b37b-4246-83c6-d24846ba1a72:c3826]
2019-07-08 14:21:30,663 INFO  client.GrpcClientProtocolClient (GrpcClientProtocolClient.java:onNext(255)) - client-DE0880F50CF2->72f5ceaa-5b3b-4bc7-b846-41895f4ebd48: receive RaftClientReply:client-DE0880F50CF2->72f5ceaa-5b3b-4bc7-b846-41895f4ebd48@group-833AA35A7EDE, cid=2579, SUCCESS, logIndex=3828, commits[72f5ceaa-5b3b-4bc7-b846-41895f4ebd48:c3828, b4e1f7d4-4bb4-47ed-a9cb-53483a899fb2:c3826, d3916bce-b37b-4246-83c6-d24846ba1a72:c3826]
2019-07-08 14:21:30,665 INFO  client.GrpcClientProtocolClient (GrpcClientProtocolClient.java:onNext(255)) - client-DE0880F50CF2->72f5ceaa-5b3b-4bc7-b846-41895f4ebd48: receive RaftClientReply:client-DE0880F50CF2->72f5ceaa-5b3b-4bc7-b846-41895f4ebd48@group-833AA35A7EDE, cid=2580, SUCCESS, logIndex=3829, commits[72f5ceaa-5b3b-4bc7-b846-41895f4ebd48:c3830, b4e1f7d4-4bb4-47ed-a9cb-53483a899fb2:c3826, d3916bce-b37b-4246-83c6-d24846ba1a72:c3826]
2019-07-08 14:21:30,665 INFO  client.GrpcClientProtocolClient (GrpcClientProtocolClient.java:onNext(255)) - client-DE0880F50CF2->72f5ceaa-5b3b-4bc7-b846-41895f4ebd48: receive RaftClientReply:client-DE0880F50CF2->72f5ceaa-5b3b-4bc7-b846-41895f4ebd48@group-833AA35A7EDE, cid=2581, SUCCESS, logIndex=3830, commits[72f5ceaa-5b3b-4bc7-b846-41895f4ebd48:c3830, b4e1f7d4-4bb4-47ed-a9cb-53483a899fb2:c3826, d3916bce-b37b-4246-83c6-d24846ba1a72:c3826]
2019-07-08 14:21:30,676 INFO  client.GrpcClientProtocolClient (GrpcClientProtocolClient.java:onNext(255)) - client-DE0880F50CF2->72f5ceaa-5b3b-4bc7-b846-41895f4ebd48: receive RaftClientReply:client-DE0880F50CF2->72f5ceaa-5b3b-4bc7-b846-41895f4ebd48@group-833AA35A7EDE, cid=2582, SUCCESS, logIndex=0, commits[72f5ceaa-5b3b-4bc7-b846-41895f4ebd48:c3832, b4e1f7d4-4bb4-47ed-a9cb-53483a899fb2:c3828, d3916bce-b37b-4246-83c6-d24846ba1a72:c3828]
2019-07-08 14:21:30,703 INFO  client.GrpcClientProtocolClient (GrpcClientProtocolClient.java:onNext(255)) - client-DE0880F50CF2->72f5ceaa-5b3b-4bc7-b846-41895f4ebd48: receive RaftClientReply:client-DE0880F50CF2->72f5ceaa-5b3b-4bc7-b846-41895f4ebd48@group-833AA35A7EDE, cid=2583, SUCCESS, logIndex=3835, commits[72f5ceaa-5b3b-4bc7-b846-41895f4ebd48:c3836, b4e1f7d4-4bb4-47ed-a9cb-53483a899fb2:c3834, d3916bce-b37b-4246-83c6-d24846ba1a72:c3830]
2019-07-08 14:21:30,703 INFO  client.GrpcClientProtocolClient (GrpcClientProtocolClient.java:onNext(255)) - client-DE0880F50CF2->72f5ceaa-5b3b-4bc7-b846-41895f4ebd48: receive RaftClientReply:client-DE0880F50CF2->72f5ceaa-5b3b-4bc7-b846-41895f4ebd48@group-833AA35A7EDE, cid=2584, SUCCESS, logIndex=3836, commits[72f5ceaa-5b3b-4bc7-b846-41895f4ebd48:c3836, b4e1f7d4-4bb4-47ed-a9cb-53483a899fb2:c3834, d3916bce-b37b-4246-83c6-d24846ba1a72:c3834]
2019-07-08 14:21:30,723 INFO  client.GrpcClientProtocolClient (GrpcClientProtocolClient.java:onNext(255)) - client-DE0880F50CF2->72f5ceaa-5b3b-4bc7-b846-41895f4ebd48: receive RaftClientReply:client-DE0880F50CF2->72f5ceaa-5b3b-4bc7-b846-41895f4ebd48@group-833AA35A7EDE, cid=2585, SUCCESS, logIndex=3839, commits[72f5ceaa-5b3b-4bc7-b846-41895f4ebd48:c3840, b4e1f7d4-4bb4-47ed-a9cb-53483a899fb2:c3838, d3916bce-b37b-4246-83c6-d24846ba1a72:c3838]
2019-07-08 14:21:30,723 INFO  client.GrpcClientProtocolClient (GrpcClientProtocolClient.java:onNext(255)) - client-DE0880F50CF2->72f5ceaa-5b3b-4bc7-b846-41895f4ebd48: receive RaftClientReply:client-DE0880F50CF2->72f5ceaa-5b3b-4bc7-b846-41895f4ebd48@group-833AA35A7EDE, cid=2586, SUCCESS, logIndex=3840, commits[72f5ceaa-5b3b-4bc7-b846-41895f4ebd48:c3840, b4e1f7d4-4bb4-47ed-a9cb-53483a899fb2:c3838, d3916bce-b37b-4246-83c6-d24846ba1a72:c3838]
2019-07-08 14:21:30,738 INFO  client.GrpcClientProtocolClient (GrpcClientProtocolClient.java:onNext(255)) - client-DE0880F50CF2->72f5ceaa-5b3b-4bc7-b846-41895f4ebd48: receive RaftClientReply:client-DE0880F50CF2->72f5ceaa-5b3b-4bc7-b846-41895f4ebd48@group-833AA35A7EDE, cid=2587, SUCCESS, logIndex=0, commits[72f5ceaa-5b3b-4bc7-b846-41895f4ebd48:c3842, b4e1f7d4-4bb4-47ed-a9cb-53483a899fb2:c3840, d3916bce-b37b-4246-83c6-d24846ba1a72:c3840]
2019-07-08 14:21:30,859 INFO  client.GrpcClientProtocolClient (GrpcClientProtocolClient.java:onNext(255)) - client-DE0880F50CF2->72f5ceaa-5b3b-4bc7-b846-41895f4ebd48: receive RaftClientReply:client-DE0880F50CF2->72f5ceaa-5b3b-4bc7-b846-41895f4ebd48@group-833AA35A7EDE, cid=2588, SUCCESS, logIndex=3843, commits[72f5ceaa-5b3b-4bc7-b846-41895f4ebd48:c3845, b4e1f7d4-4bb4-47ed-a9cb-53483a899fb2:c3842, d3916bce-b37b-4246-83c6-d24846ba1a72:c3842]
2019-07-08 14:21:30,860 INFO  client.GrpcClientProtocolClient (GrpcClientProtocolClient.java:onNext(255)) - client-DE0880F50CF2->72f5ceaa-5b3b-4bc7-b846-41895f4ebd48: receive RaftClientReply:client-DE0880F50CF2->72f5ceaa-5b3b-4bc7-b846-41895f4ebd48@group-833AA35A7EDE, cid=2589, SUCCESS, logIndex=3844, commits[72f5ceaa-5b3b-4bc7-b846-41895f4ebd48:c3846, b4e1f7d4-4bb4-47ed-a9cb-53483a899fb2:c3842, d3916bce-b37b-4246-83c6-d24846ba1a72:c3842]
2019-07-08 14:21:30,860 INFO  client.GrpcClientProtocolClient (GrpcClientProtocolClient.java:onNext(255)) - client-DE0880F50CF2->72f5ceaa-5b3b-4bc7-b846-41895f4ebd48: receive RaftClientReply:client-DE0880F50CF2->72f5ceaa-5b3b-4bc7-b846-41895f4ebd48@group-833AA35A7EDE, cid=2590, SUCCESS, logIndex=3845, commits[72f5ceaa-5b3b-4bc7-b846-41895f4ebd48:c3846, b4e1f7d4-4bb4-47ed-a9cb-53483a899fb2:c3842, d3916bce-b37b-4246-83c6-d24846ba1a72:c3842]
2019-07-08 14:21:30,860 INFO  client.GrpcClientProtocolClient (GrpcClientProtocolClient.java:onNext(255)) - client-DE0880F50CF2->72f5ceaa-5b3b-4bc7-b846-41895f4ebd48: receive RaftClientReply:client-DE0880F50CF2->72f5ceaa-5b3b-4bc7-b846-41895f4ebd48@group-833AA35A7EDE, cid=2591, SUCCESS, logIndex=3846, commits[72f5ceaa-5b3b-4bc7-b846-41895f4ebd48:c3846, b4e1f7d4-4bb4-47ed-a9cb-53483a899fb2:c3842, d3916bce-b37b-4246-83c6-d24846ba1a72:c3842]
2019-07-08 14:21:30,871 INFO  client.GrpcClientProtocolClient (GrpcClientProtocolClient.java:onNext(255)) - client-DE0880F50CF2->72f5ceaa-5b3b-4bc7-b846-41895f4ebd48: receive RaftClientReply:client-DE0880F50CF2->72f5ceaa-5b3b-4bc7-b846-41895f4ebd48@group-833AA35A7EDE, cid=2592, SUCCESS, logIndex=0, commits[72f5ceaa-5b3b-4bc7-b846-41895f4ebd48:c3847, b4e1f7d4-4bb4-47ed-a9cb-53483a899fb2:c3844, d3916bce-b37b-4246-83c6-d24846ba1a72:c3844]
2019-07-08 14:21:30,891 INFO  client.GrpcClientProtocolClient (GrpcClientProtocolClient.java:onNext(255)) - client-DE0880F50CF2->72f5ceaa-5b3b-4bc7-b846-41895f4ebd48: receive RaftClientReply:client-DE0880F50CF2->72f5ceaa-5b3b-4bc7-b846-41895f4ebd48@group-833AA35A7EDE, cid=2593, SUCCESS, logIndex=3851, commits[72f5ceaa-5b3b-4bc7-b846-41895f4ebd48:c3852, b4e1f7d4-4bb4-47ed-a9cb-53483a899fb2:c3850, d3916bce-b37b-4246-83c6-d24846ba1a72:c3850]
2019-07-08 14:21:30,892 INFO  client.GrpcClientProtocolClient (GrpcClientProtocolClient.java:onNext(255)) - client-DE0880F50CF2->72f5ceaa-5b3b-4bc7-b846-41895f4ebd48: receive RaftClientReply:client-DE0880F50CF2->72f5ceaa-5b3b-4bc7-b846-41895f4ebd48@group-833AA35A7EDE, cid=2594, SUCCESS, logIndex=3852, commits[72f5ceaa-5b3b-4bc7-b846-41895f4ebd48:c3852, b4e1f7d4-4bb4-47ed-a9cb-53483a899fb2:c3850, d3916bce-b37b-4246-83c6-d24846ba1a72:c3850]
 0.00% |█                                                                                                    |  0/1 Time: 0:00:252019-07-08 14:21:30,906 INFO  client.GrpcClientProtocolClient (GrpcClientProtocolClient.java:onNext(255)) - client-DE0880F50CF2->72f5ceaa-5b3b-4bc7-b846-41895f4ebd48: receive RaftClientReply:client-DE0880F50CF2->72f5ceaa-5b3b-4bc7-b846-41895f4ebd48@group-833AA35A7EDE, cid=2595, SUCCESS, logIndex=3855, commits[72f5ceaa-5b3b-4bc7-b846-41895f4ebd48:c3855, b4e1f7d4-4bb4-47ed-a9cb-53483a899fb2:c3852, d3916bce-b37b-4246-83c6-d24846ba1a72:c3852]
2019-07-08 14:21:30,907 INFO  client.GrpcClientProtocolClient (GrpcClientProtocolClient.java:onNext(255)) - client-DE0880F50CF2->72f5ceaa-5b3b-4bc7-b846-41895f4ebd48: receive RaftClientReply:client-DE0880F50CF2->72f5ceaa-5b3b-4bc7-b846-41895f4ebd48@group-833AA35A7EDE, cid=2596, SUCCESS, logIndex=3856, commits[72f5ceaa-5b3b-4bc7-b846-41895f4ebd48:c3856, b4e1f7d4-4bb4-47ed-a9cb-53483a899fb2:c3852, d3916bce-b37b-4246-83c6-d24846ba1a72:c3852]
2019-07-08 14:21:30,919 INFO  client.GrpcClientProtocolClient (GrpcClientProtocolClient.java:onNext(255)) - client-DE0880F50CF2->72f5ceaa-5b3b-4bc7-b846-41895f4ebd48: receive RaftClientReply:client-DE0880F50CF2->72f5ceaa-5b3b-4bc7-b846-41895f4ebd48@group-833AA35A7EDE, cid=2597, SUCCESS, logIndex=0, commits[72f5ceaa-5b3b-4bc7-b846-41895f4ebd48:c3858, b4e1f7d4-4bb4-47ed-a9cb-53483a899fb2:c3856, d3916bce-b37b-4246-83c6-d24846ba1a72:c3856]
2019-07-08 14:21:30,954 INFO  client.GrpcClientProtocolClient (GrpcClientProtocolClient.java:onNext(255)) - client-DE0880F50CF2->72f5ceaa-5b3b-4bc7-b846-41895f4ebd48: receive RaftClientReply:client-DE0880F50CF2->72f5ceaa-5b3b-4bc7-b846-41895f4ebd48@group-833AA35A7EDE, cid=2598, SUCCESS, logIndex=3859, commits[72f5ceaa-5b3b-4bc7-b846-41895f4ebd48:c3860, b4e1f7d4-4bb4-47ed-a9cb-53483a899fb2:c3858, d3916bce-b37b-4246-83c6-d24846ba1a72:c3858]
2019-07-08 14:21:30,954 INFO  client.GrpcClientProtocolClient (GrpcClientProtocolClient.java:onNext(255)) - client-DE0880F50CF2->72f5ceaa-5b3b-4bc7-b846-41895f4ebd48: receive RaftClientReply:client-DE0880F50CF2->72f5ceaa-5b3b-4bc7-b846-41895f4ebd48@group-833AA35A7EDE, cid=2599, SUCCESS, logIndex=3860, commits[72f5ceaa-5b3b-4bc7-b846-41895f4ebd48:c3861, b4e1f7d4-4bb4-47ed-a9cb-53483a899fb2:c3858, d3916bce-b37b-4246-83c6-d24846ba1a72:c3858]
2019-07-08 14:21:30,954 INFO  client.GrpcClientProtocolClient (GrpcClientProtocolClient.java:onNext(255)) - client-DE0880F50CF2->72f5ceaa-5b3b-4bc7-b846-41895f4ebd48: receive RaftClientReply:client-DE0880F50CF2->72f5ceaa-5b3b-4bc7-b846-41895f4ebd48@group-833AA35A7EDE, cid=2600, SUCCESS, logIndex=3861, commits[72f5ceaa-5b3b-4bc7-b846-41895f4ebd48:c3862, b4e1f7d4-4bb4-47ed-a9cb-53483a899fb2:c3858, d3916bce-b37b-4246-83c6-d24846ba1a72:c3858]
2019-07-08 14:21:30,955 INFO  client.GrpcClientProtocolClient (GrpcClientProtocolClient.java:onNext(255)) - client-DE0880F50CF2->72f5ceaa-5b3b-4bc7-b846-41895f4ebd48: receive RaftClientReply:client-DE0880F50CF2->72f5ceaa-5b3b-4bc7-b846-41895f4ebd48@group-833AA35A7EDE, cid=2601, SUCCESS, logIndex=3862, commits[72f5ceaa-5b3b-4bc7-b846-41895f4ebd48:c3862, b4e1f7d4-4bb4-47ed-a9cb-53483a899fb2:c3858, d3916bce-b37b-4246-83c6-d24846ba1a72:c3858]
2019-07-08 14:21:30,956 INFO  client.GrpcClientProtocolClient (GrpcClientProtocolClient.java:onNext(255)) - client-DE0880F50CF2->72f5ceaa-5b3b-4bc7-b846-41895f4ebd48: receive RaftClientReply:client-DE0880F50CF2->72f5ceaa-5b3b-4bc7-b846-41895f4ebd48@group-833AA35A7EDE, cid=2602, SUCCESS, logIndex=0, commits[72f5ceaa-5b3b-4bc7-b846-41895f4ebd48:c3866, b4e1f7d4-4bb4-47ed-a9cb-53483a899fb2:c3862, d3916bce-b37b-4246-83c6-d24846ba1a72:c3860]
2019-07-08 14:21:30,979 INFO  client.GrpcClientProtocolClient (GrpcClientProtocolClient.java:onNext(255)) - client-DE0880F50CF2->72f5ceaa-5b3b-4bc7-b846-41895f4ebd48: receive RaftClientReply:client-DE0880F50CF2->72f5ceaa-5b3b-4bc7-b846-41895f4ebd48@group-833AA35A7EDE, cid=2603, SUCCESS, logIndex=3867, commits[72f5ceaa-5b3b-4bc7-b846-41895f4ebd48:c3868, b4e1f7d4-4bb4-47ed-a9cb-53483a899fb2:c3866, d3916bce-b37b-4246-83c6-d24846ba1a72:c3866]
2019-07-08 14:21:30,979 INFO  client.GrpcClientProtocolClient (GrpcClientProtocolClient.java:onNext(255)) - client-DE0880F50CF2->72f5ceaa-5b3b-4bc7-b846-41895f4ebd48: receive RaftClientReply:client-DE0880F50CF2->72f5ceaa-5b3b-4bc7-b846-41895f4ebd48@group-833AA35A7EDE, cid=2604, SUCCESS, logIndex=3868, commits[72f5ceaa-5b3b-4bc7-b846-41895f4ebd48:c3868, b4e1f7d4-4bb4-47ed-a9cb-53483a899fb2:c3866, d3916bce-b37b-4246-83c6-d24846ba1a72:c3866]
2019-07-08 14:21:30,993 INFO  client.GrpcClientProtocolClient (GrpcClientProtocolClient.java:onNext(255)) - client-DE0880F50CF2->72f5ceaa-5b3b-4bc7-b846-41895f4ebd48: receive RaftClientReply:client-DE0880F50CF2->72f5ceaa-5b3b-4bc7-b846-41895f4ebd48@group-833AA35A7EDE, cid=2605, SUCCESS, logIndex=3871, commits[72f5ceaa-5b3b-4bc7-b846-41895f4ebd48:c3872, b4e1f7d4-4bb4-47ed-a9cb-53483a899fb2:c3868, d3916bce-b37b-4246-83c6-d24846ba1a72:c3868]
2019-07-08 14:21:30,993 INFO  client.GrpcClientProtocolClient (GrpcClientProtocolClient.java:onNext(255)) - client-DE0880F50CF2->72f5ceaa-5b3b-4bc7-b846-41895f4ebd48: receive RaftClientReply:client-DE0880F50CF2->72f5ceaa-5b3b-4bc7-b846-41895f4ebd48@group-833AA35A7EDE, cid=2606, SUCCESS, logIndex=3872, commits[72f5ceaa-5b3b-4bc7-b846-41895f4ebd48:c3872, b4e1f7d4-4bb4-47ed-a9cb-53483a899fb2:c3868, d3916bce-b37b-4246-83c6-d24846ba1a72:c3868]
2019-07-08 14:21:31,007 INFO  client.GrpcClientProtocolClient (GrpcClientProtocolClient.java:onNext(255)) - client-DE0880F50CF2->72f5ceaa-5b3b-4bc7-b846-41895f4ebd48: receive RaftClientReply:client-DE0880F50CF2->72f5ceaa-5b3b-4bc7-b846-41895f4ebd48@group-833AA35A7EDE, cid=2607, SUCCESS, logIndex=0, commits[72f5ceaa-5b3b-4bc7-b846-41895f4ebd48:c3873, b4e1f7d4-4bb4-47ed-a9cb-53483a899fb2:c3872, d3916bce-b37b-4246-83c6-d24846ba1a72:c3872]
2019-07-08 14:21:31,037 INFO  client.GrpcClientProtocolClient (GrpcClientProtocolClient.java:onNext(255)) - client-DE0880F50CF2->72f5ceaa-5b3b-4bc7-b846-41895f4ebd48: receive RaftClientReply:client-DE0880F50CF2->72f5ceaa-5b3b-4bc7-b846-41895f4ebd48@group-833AA35A7EDE, cid=2608, SUCCESS, logIndex=3875, commits[72f5ceaa-5b3b-4bc7-b846-41895f4ebd48:c3875, b4e1f7d4-4bb4-47ed-a9cb-53483a899fb2:c3874, d3916bce-b37b-4246-83c6-d24846ba1a72:c3874]
2019-07-08 14:21:31,038 INFO  client.GrpcClientProtocolClient (GrpcClientProtocolClient.java:onNext(255)) - client-DE0880F50CF2->72f5ceaa-5b3b-4bc7-b846-41895f4ebd48: receive RaftClientReply:client-DE0880F50CF2->72f5ceaa-5b3b-4bc7-b846-41895f4ebd48@group-833AA35A7EDE, cid=2609, SUCCESS, logIndex=3876, commits[72f5ceaa-5b3b-4bc7-b846-41895f4ebd48:c3876, b4e1f7d4-4bb4-47ed-a9cb-53483a899fb2:c3874, d3916bce-b37b-4246-83c6-d24846ba1a72:c3874]
2019-07-08 14:21:31,038 INFO  client.GrpcClientProtocolClient (GrpcClientProtocolClient.java:onNext(255)) - client-DE0880F50CF2->72f5ceaa-5b3b-4bc7-b846-41895f4ebd48: receive RaftClientReply:client-DE0880F50CF2->72f5ceaa-5b3b-4bc7-b846-41895f4ebd48@group-833AA35A7EDE, cid=2610, SUCCESS, logIndex=3877, commits[72f5ceaa-5b3b-4bc7-b846-41895f4ebd48:c3878, b4e1f7d4-4bb4-47ed-a9cb-53483a899fb2:c3874, d3916bce-b37b-4246-83c6-d24846ba1a72:c3874]
2019-07-08 14:21:31,038 INFO  client.GrpcClientProtocolClient (GrpcClientProtocolClient.java:onNext(255)) - client-DE0880F50CF2->72f5ceaa-5b3b-4bc7-b846-41895f4ebd48: receive RaftClientReply:client-DE0880F50CF2->72f5ceaa-5b3b-4bc7-b846-41895f4ebd48@group-833AA35A7EDE, cid=2611, SUCCESS, logIndex=3878, commits[72f5ceaa-5b3b-4bc7-b846-41895f4ebd48:c3878, b4e1f7d4-4bb4-47ed-a9cb-53483a899fb2:c3874, d3916bce-b37b-4246-83c6-d24846ba1a72:c3874]
2019-07-08 14:21:31,041 INFO  client.GrpcClientProtocolClient (GrpcClientProtocolClient.java:onNext(255)) - client-DE0880F50CF2->72f5ceaa-5b3b-4bc7-b846-41895f4ebd48: receive RaftClientReply:client-DE0880F50CF2->72f5ceaa-5b3b-4bc7-b846-41895f4ebd48@group-833AA35A7EDE, cid=2612, SUCCESS, logIndex=0, commits[72f5ceaa-5b3b-4bc7-b846-41895f4ebd48:c3881, b4e1f7d4-4bb4-47ed-a9cb-53483a899fb2:c3878, d3916bce-b37b-4246-83c6-d24846ba1a72:c3876]
2019-07-08 14:21:31,061 INFO  client.GrpcClientProtocolClient (GrpcClientProtocolClient.java:onNext(255)) - client-DE0880F50CF2->72f5ceaa-5b3b-4bc7-b846-41895f4ebd48: receive RaftClientReply:client-DE0880F50CF2->72f5ceaa-5b3b-4bc7-b846-41895f4ebd48@group-833AA35A7EDE, cid=2613, SUCCESS, logIndex=3882, commits[72f5ceaa-5b3b-4bc7-b846-41895f4ebd48:c3883, b4e1f7d4-4bb4-47ed-a9cb-53483a899fb2:c3881, d3916bce-b37b-4246-83c6-d24846ba1a72:c3881]
2019-07-08 14:21:31,061 INFO  client.GrpcClientProtocolClient (GrpcClientProtocolClient.java:onNext(255)) - client-DE0880F50CF2->72f5ceaa-5b3b-4bc7-b846-41895f4ebd48: receive RaftClientReply:client-DE0880F50CF2->72f5ceaa-5b3b-4bc7-b846-41895f4ebd48@group-833AA35A7EDE, cid=2614, SUCCESS, logIndex=3883, commits[72f5ceaa-5b3b-4bc7-b846-41895f4ebd48:c3883, b4e1f7d4-4bb4-47ed-a9cb-53483a899fb2:c3881, d3916bce-b37b-4246-83c6-d24846ba1a72:c3881]
2019-07-08 14:21:31,074 INFO  client.GrpcClientProtocolClient (GrpcClientProtocolClient.java:onNext(255)) - client-DE0880F50CF2->72f5ceaa-5b3b-4bc7-b846-41895f4ebd48: receive RaftClientReply:client-DE0880F50CF2->72f5ceaa-5b3b-4bc7-b846-41895f4ebd48@group-833AA35A7EDE, cid=2615, SUCCESS, logIndex=3886, commits[72f5ceaa-5b3b-4bc7-b846-41895f4ebd48:c3887, b4e1f7d4-4bb4-47ed-a9cb-53483a899fb2:c3883, d3916bce-b37b-4246-83c6-d24846ba1a72:c3883]
2019-07-08 14:21:31,074 INFO  client.GrpcClientProtocolClient (GrpcClientProtocolClient.java:onNext(255)) - client-DE0880F50CF2->72f5ceaa-5b3b-4bc7-b846-41895f4ebd48: receive RaftClientReply:client-DE0880F50CF2->72f5ceaa-5b3b-4bc7-b846-41895f4ebd48@group-833AA35A7EDE, cid=2616, SUCCESS, logIndex=3887, commits[72f5ceaa-5b3b-4bc7-b846-41895f4ebd48:c3887, b4e1f7d4-4bb4-47ed-a9cb-53483a899fb2:c3883, d3916bce-b37b-4246-83c6-d24846ba1a72:c3883]
2019-07-08 14:21:31,088 INFO  client.GrpcClientProtocolClient (GrpcClientProtocolClient.java:onNext(255)) - client-DE0880F50CF2->72f5ceaa-5b3b-4bc7-b846-41895f4ebd48: receive RaftClientReply:client-DE0880F50CF2->72f5ceaa-5b3b-4bc7-b846-41895f4ebd48@group-833AA35A7EDE, cid=2617, SUCCESS, logIndex=0, commits[72f5ceaa-5b3b-4bc7-b846-41895f4ebd48:c3889, b4e1f7d4-4bb4-47ed-a9cb-53483a899fb2:c3887, d3916bce-b37b-4246-83c6-d24846ba1a72:c3887]
2019-07-08 14:21:31,116 INFO  client.GrpcClientProtocolClient (GrpcClientProtocolClient.java:onNext(255)) - client-DE0880F50CF2->72f5ceaa-5b3b-4bc7-b846-41895f4ebd48: receive RaftClientReply:client-DE0880F50CF2->72f5ceaa-5b3b-4bc7-b846-41895f4ebd48@group-833AA35A7EDE, cid=2618, SUCCESS, logIndex=3890, commits[72f5ceaa-5b3b-4bc7-b846-41895f4ebd48:c3891, b4e1f7d4-4bb4-47ed-a9cb-53483a899fb2:c3889, d3916bce-b37b-4246-83c6-d24846ba1a72:c3889]
2019-07-08 14:21:31,117 INFO  client.GrpcClientProtocolClient (GrpcClientProtocolClient.java:onNext(255)) - client-DE0880F50CF2->72f5ceaa-5b3b-4bc7-b846-41895f4ebd48: receive RaftClientReply:client-DE0880F50CF2->72f5ceaa-5b3b-4bc7-b846-41895f4ebd48@group-833AA35A7EDE, cid=2619, SUCCESS, logIndex=3891, commits[72f5ceaa-5b3b-4bc7-b846-41895f4ebd48:c3891, b4e1f7d4-4bb4-47ed-a9cb-53483a899fb2:c3889, d3916bce-b37b-4246-83c6-d24846ba1a72:c3889]
2019-07-08 14:21:31,117 INFO  client.GrpcClientProtocolClient (GrpcClientProtocolClient.java:onNext(255)) - client-DE0880F50CF2->72f5ceaa-5b3b-4bc7-b846-41895f4ebd48: receive RaftClientReply:client-DE0880F50CF2->72f5ceaa-5b3b-4bc7-b846-41895f4ebd48@group-833AA35A7EDE, cid=2620, SUCCESS, logIndex=3892, commits[72f5ceaa-5b3b-4bc7-b846-41895f4ebd48:c3892, b4e1f7d4-4bb4-47ed-a9cb-53483a899fb2:c3889, d3916bce-b37b-4246-83c6-d24846ba1a72:c3889]
2019-07-08 14:21:31,118 INFO  client.GrpcClientProtocolClient (GrpcClientProtocolClient.java:onNext(255)) - client-DE0880F50CF2->72f5ceaa-5b3b-4bc7-b846-41895f4ebd48: receive RaftClientReply:client-DE0880F50CF2->72f5ceaa-5b3b-4bc7-b846-41895f4ebd48@group-833AA35A7EDE, cid=2621, SUCCESS, logIndex=3893, commits[72f5ceaa-5b3b-4bc7-b846-41895f4ebd48:c3893, b4e1f7d4-4bb4-47ed-a9cb-53483a899fb2:c3889, d3916bce-b37b-4246-83c6-d24846ba1a72:c3889]
2019-07-08 14:21:31,119 INFO  client.GrpcClientProtocolClient (GrpcClientProtocolClient.java:onNext(255)) - client-DE0880F50CF2->72f5ceaa-5b3b-4bc7-b846-41895f4ebd48: receive RaftClientReply:client-DE0880F50CF2->72f5ceaa-5b3b-4bc7-b846-41895f4ebd48@group-833AA35A7EDE, cid=2622, SUCCESS, logIndex=0, commits[72f5ceaa-5b3b-4bc7-b846-41895f4ebd48:c3895, b4e1f7d4-4bb4-47ed-a9cb-53483a899fb2:c3891, d3916bce-b37b-4246-83c6-d24846ba1a72:c3891]
2019-07-08 14:21:31,133 INFO  client.GrpcClientProtocolClient (GrpcClientProtocolClient.java:onNext(255)) - client-DE0880F50CF2->72f5ceaa-5b3b-4bc7-b846-41895f4ebd48: receive RaftClientReply:client-DE0880F50CF2->72f5ceaa-5b3b-4bc7-b846-41895f4ebd48@group-833AA35A7EDE, cid=2623, SUCCESS, logIndex=3898, commits[72f5ceaa-5b3b-4bc7-b846-41895f4ebd48:c3899, b4e1f7d4-4bb4-47ed-a9cb-53483a899fb2:c3893, d3916bce-b37b-4246-83c6-d24846ba1a72:c3897]
2019-07-08 14:21:31,133 INFO  client.GrpcClientProtocolClient (GrpcClientProtocolClient.java:onNext(255)) - client-DE0880F50CF2->72f5ceaa-5b3b-4bc7-b846-41895f4ebd48: receive RaftClientReply:client-DE0880F50CF2->72f5ceaa-5b3b-4bc7-b846-41895f4ebd48@group-833AA35A7EDE, cid=2624, SUCCESS, logIndex=3899, commits[72f5ceaa-5b3b-4bc7-b846-41895f4ebd48:c3899, b4e1f7d4-4bb4-47ed-a9cb-53483a899fb2:c3897, d3916bce-b37b-4246-83c6-d24846ba1a72:c3897]
2019-07-08 14:21:31,153 INFO  client.GrpcClientProtocolClient (GrpcClientProtocolClient.java:onNext(255)) - client-DE0880F50CF2->72f5ceaa-5b3b-4bc7-b846-41895f4ebd48: receive RaftClientReply:client-DE0880F50CF2->72f5ceaa-5b3b-4bc7-b846-41895f4ebd48@group-833AA35A7EDE, cid=2625, SUCCESS, logIndex=3902, commits[72f5ceaa-5b3b-4bc7-b846-41895f4ebd48:c3903, b4e1f7d4-4bb4-47ed-a9cb-53483a899fb2:c3901, d3916bce-b37b-4246-83c6-d24846ba1a72:c3901]
2019-07-08 14:21:31,153 INFO  client.GrpcClientProtocolClient (GrpcClientProtocolClient.java:onNext(255)) - client-DE0880F50CF2->72f5ceaa-5b3b-4bc7-b846-41895f4ebd48: receive RaftClientReply:client-DE0880F50CF2->72f5ceaa-5b3b-4bc7-b846-41895f4ebd48@group-833AA35A7EDE, cid=2626, SUCCESS, logIndex=3903, commits[72f5ceaa-5b3b-4bc7-b846-41895f4ebd48:c3903, b4e1f7d4-4bb4-47ed-a9cb-53483a899fb2:c3901, d3916bce-b37b-4246-83c6-d24846ba1a72:c3901]
2019-07-08 14:21:31,168 INFO  client.GrpcClientProtocolClient (GrpcClientProtocolClient.java:onNext(255)) - client-DE0880F50CF2->72f5ceaa-5b3b-4bc7-b846-41895f4ebd48: receive RaftClientReply:client-DE0880F50CF2->72f5ceaa-5b3b-4bc7-b846-41895f4ebd48@group-833AA35A7EDE, cid=2627, SUCCESS, logIndex=0, commits[72f5ceaa-5b3b-4bc7-b846-41895f4ebd48:c3905, b4e1f7d4-4bb4-47ed-a9cb-53483a899fb2:c3903, d3916bce-b37b-4246-83c6-d24846ba1a72:c3903]
2019-07-08 14:21:31,200 INFO  client.GrpcClientProtocolClient (GrpcClientProtocolClient.java:onNext(255)) - client-DE0880F50CF2->72f5ceaa-5b3b-4bc7-b846-41895f4ebd48: receive RaftClientReply:client-DE0880F50CF2->72f5ceaa-5b3b-4bc7-b846-41895f4ebd48@group-833AA35A7EDE, cid=2628, SUCCESS, logIndex=3906, commits[72f5ceaa-5b3b-4bc7-b846-41895f4ebd48:c3906, b4e1f7d4-4bb4-47ed-a9cb-53483a899fb2:c3905, d3916bce-b37b-4246-83c6-d24846ba1a72:c3905]
2019-07-08 14:21:31,200 INFO  client.GrpcClientProtocolClient (GrpcClientProtocolClient.java:onNext(255)) - client-DE0880F50CF2->72f5ceaa-5b3b-4bc7-b846-41895f4ebd48: receive RaftClientReply:client-DE0880F50CF2->72f5ceaa-5b3b-4bc7-b846-41895f4ebd48@group-833AA35A7EDE, cid=2629, SUCCESS, logIndex=3907, commits[72f5ceaa-5b3b-4bc7-b846-41895f4ebd48:c3907, b4e1f7d4-4bb4-47ed-a9cb-53483a899fb2:c3905, d3916bce-b37b-4246-83c6-d24846ba1a72:c3905]
2019-07-08 14:21:31,211 INFO  client.GrpcClientProtocolClient (GrpcClientProtocolClient.java:onNext(255)) - client-DE0880F50CF2->72f5ceaa-5b3b-4bc7-b846-41895f4ebd48: receive RaftClientReply:client-DE0880F50CF2->72f5ceaa-5b3b-4bc7-b846-41895f4ebd48@group-833AA35A7EDE, cid=2630, SUCCESS, logIndex=3908, commits[72f5ceaa-5b3b-4bc7-b846-41895f4ebd48:c3909, b4e1f7d4-4bb4-47ed-a9cb-53483a899fb2:c3905, d3916bce-b37b-4246-83c6-d24846ba1a72:c3905]
2019-07-08 14:21:31,212 INFO  client.GrpcClientProtocolClient (GrpcClientProtocolClient.java:onNext(255)) - client-DE0880F50CF2->72f5ceaa-5b3b-4bc7-b846-41895f4ebd48: receive RaftClientReply:client-DE0880F50CF2->72f5ceaa-5b3b-4bc7-b846-41895f4ebd48@group-833AA35A7EDE, cid=2631, SUCCESS, logIndex=3909, commits[72f5ceaa-5b3b-4bc7-b846-41895f4ebd48:c3909, b4e1f7d4-4bb4-47ed-a9cb-53483a899fb2:c3905, d3916bce-b37b-4246-83c6-d24846ba1a72:c3905]
2019-07-08 14:21:31,213 INFO  client.GrpcClientProtocolClient (GrpcClientProtocolClient.java:onNext(255)) - client-DE0880F50CF2->72f5ceaa-5b3b-4bc7-b846-41895f4ebd48: receive RaftClientReply:client-DE0880F50CF2->72f5ceaa-5b3b-4bc7-b846-41895f4ebd48@group-833AA35A7EDE, cid=2632, SUCCESS, logIndex=0, commits[72f5ceaa-5b3b-4bc7-b846-41895f4ebd48:c3911, b4e1f7d4-4bb4-47ed-a9cb-53483a899fb2:c3907, d3916bce-b37b-4246-83c6-d24846ba1a72:c3907]
2019-07-08 14:21:31,236 INFO  client.GrpcClientProtocolClient (GrpcClientProtocolClient.java:onNext(255)) - client-DE0880F50CF2->72f5ceaa-5b3b-4bc7-b846-41895f4ebd48: receive RaftClientReply:client-DE0880F50CF2->72f5ceaa-5b3b-4bc7-b846-41895f4ebd48@group-833AA35A7EDE, cid=2633, SUCCESS, logIndex=3914, commits[72f5ceaa-5b3b-4bc7-b846-41895f4ebd48:c3915, b4e1f7d4-4bb4-47ed-a9cb-53483a899fb2:c3913, d3916bce-b37b-4246-83c6-d24846ba1a72:c3913]
2019-07-08 14:21:31,237 INFO  client.GrpcClientProtocolClient (GrpcClientProtocolClient.java:onNext(255)) - client-DE0880F50CF2->72f5ceaa-5b3b-4bc7-b846-41895f4ebd48: receive RaftClientReply:client-DE0880F50CF2->72f5ceaa-5b3b-4bc7-b846-41895f4ebd48@group-833AA35A7EDE, cid=2634, SUCCESS, logIndex=3915, commits[72f5ceaa-5b3b-4bc7-b846-41895f4ebd48:c3915, b4e1f7d4-4bb4-47ed-a9cb-53483a899fb2:c3913, d3916bce-b37b-4246-83c6-d24846ba1a72:c3913]
2019-07-08 14:21:31,251 INFO  client.GrpcClientProtocolClient (GrpcClientProtocolClient.java:onNext(255)) - client-DE0880F50CF2->72f5ceaa-5b3b-4bc7-b846-41895f4ebd48: receive RaftClientReply:client-DE0880F50CF2->72f5ceaa-5b3b-4bc7-b846-41895f4ebd48@group-833AA35A7EDE, cid=2635, SUCCESS, logIndex=3918, commits[72f5ceaa-5b3b-4bc7-b846-41895f4ebd48:c3919, b4e1f7d4-4bb4-47ed-a9cb-53483a899fb2:c3914, d3916bce-b37b-4246-83c6-d24846ba1a72:c3915]
2019-07-08 14:21:31,251 INFO  client.GrpcClientProtocolClient (GrpcClientProtocolClient.java:onNext(255)) - client-DE0880F50CF2->72f5ceaa-5b3b-4bc7-b846-41895f4ebd48: receive RaftClientReply:client-DE0880F50CF2->72f5ceaa-5b3b-4bc7-b846-41895f4ebd48@group-833AA35A7EDE, cid=2636, SUCCESS, logIndex=3919, commits[72f5ceaa-5b3b-4bc7-b846-41895f4ebd48:c3919, b4e1f7d4-4bb4-47ed-a9cb-53483a899fb2:c3915, d3916bce-b37b-4246-83c6-d24846ba1a72:c3915]
2019-07-08 14:21:31,262 INFO  client.GrpcClientProtocolClient (GrpcClientProtocolClient.java:onNext(255)) - client-DE0880F50CF2->72f5ceaa-5b3b-4bc7-b846-41895f4ebd48: receive RaftClientReply:client-DE0880F50CF2->72f5ceaa-5b3b-4bc7-b846-41895f4ebd48@group-833AA35A7EDE, cid=2637, SUCCESS, logIndex=0, commits[72f5ceaa-5b3b-4bc7-b846-41895f4ebd48:c3920, b4e1f7d4-4bb4-47ed-a9cb-53483a899fb2:c3919, d3916bce-b37b-4246-83c6-d24846ba1a72:c3919]
2019-07-08 14:21:31,294 INFO  client.GrpcClientProtocolClient (GrpcClientProtocolClient.java:onNext(255)) - client-DE0880F50CF2->72f5ceaa-5b3b-4bc7-b846-41895f4ebd48: receive RaftClientReply:client-DE0880F50CF2->72f5ceaa-5b3b-4bc7-b846-41895f4ebd48@group-833AA35A7EDE, cid=2638, SUCCESS, logIndex=3921, commits[72f5ceaa-5b3b-4bc7-b846-41895f4ebd48:c3922, b4e1f7d4-4bb4-47ed-a9cb-53483a899fb2:c3920, d3916bce-b37b-4246-83c6-d24846ba1a72:c3920]
2019-07-08 14:21:31,294 INFO  client.GrpcClientProtocolClient (GrpcClientProtocolClient.java:onNext(255)) - client-DE0880F50CF2->72f5ceaa-5b3b-4bc7-b846-41895f4ebd48: receive RaftClientReply:client-DE0880F50CF2->72f5ceaa-5b3b-4bc7-b846-41895f4ebd48@group-833AA35A7EDE, cid=2639, SUCCESS, logIndex=3922, commits[72f5ceaa-5b3b-4bc7-b846-41895f4ebd48:c3922, b4e1f7d4-4bb4-47ed-a9cb-53483a899fb2:c3920, d3916bce-b37b-4246-83c6-d24846ba1a72:c3920]
2019-07-08 14:21:31,295 INFO  client.GrpcClientProtocolClient (GrpcClientProtocolClient.java:onNext(255)) - client-DE0880F50CF2->72f5ceaa-5b3b-4bc7-b846-41895f4ebd48: receive RaftClientReply:client-DE0880F50CF2->72f5ceaa-5b3b-4bc7-b846-41895f4ebd48@group-833AA35A7EDE, cid=2640, SUCCESS, logIndex=3923, commits[72f5ceaa-5b3b-4bc7-b846-41895f4ebd48:c3924, b4e1f7d4-4bb4-47ed-a9cb-53483a899fb2:c3920, d3916bce-b37b-4246-83c6-d24846ba1a72:c3920]
2019-07-08 14:21:31,295 INFO  client.GrpcClientProtocolClient (GrpcClientProtocolClient.java:onNext(255)) - client-DE0880F50CF2->72f5ceaa-5b3b-4bc7-b846-41895f4ebd48: receive RaftClientReply:client-DE0880F50CF2->72f5ceaa-5b3b-4bc7-b846-41895f4ebd48@group-833AA35A7EDE, cid=2641, SUCCESS, logIndex=3924, commits[72f5ceaa-5b3b-4bc7-b846-41895f4ebd48:c3924, b4e1f7d4-4bb4-47ed-a9cb-53483a899fb2:c3920, d3916bce-b37b-4246-83c6-d24846ba1a72:c3920]
2019-07-08 14:21:31,306 INFO  client.GrpcClientProtocolClient (GrpcClientProtocolClient.java:onNext(255)) - client-DE0880F50CF2->72f5ceaa-5b3b-4bc7-b846-41895f4ebd48: receive RaftClientReply:client-DE0880F50CF2->72f5ceaa-5b3b-4bc7-b846-41895f4ebd48@group-833AA35A7EDE, cid=2642, SUCCESS, logIndex=0, commits[72f5ceaa-5b3b-4bc7-b846-41895f4ebd48:c3926, b4e1f7d4-4bb4-47ed-a9cb-53483a899fb2:c3922, d3916bce-b37b-4246-83c6-d24846ba1a72:c3922]
2019-07-08 14:21:31,327 INFO  client.GrpcClientProtocolClient (GrpcClientProtocolClient.java:onNext(255)) - client-DE0880F50CF2->72f5ceaa-5b3b-4bc7-b846-41895f4ebd48: receive RaftClientReply:client-DE0880F50CF2->72f5ceaa-5b3b-4bc7-b846-41895f4ebd48@group-833AA35A7EDE, cid=2643, SUCCESS, logIndex=3929, commits[72f5ceaa-5b3b-4bc7-b846-41895f4ebd48:c3930, b4e1f7d4-4bb4-47ed-a9cb-53483a899fb2:c3928, d3916bce-b37b-4246-83c6-d24846ba1a72:c3928]
2019-07-08 14:21:31,327 INFO  client.GrpcClientProtocolClient (GrpcClientProtocolClient.java:onNext(255)) - client-DE0880F50CF2->72f5ceaa-5b3b-4bc7-b846-41895f4ebd48: receive RaftClientReply:client-DE0880F50CF2->72f5ceaa-5b3b-4bc7-b846-41895f4ebd48@group-833AA35A7EDE, cid=2644, SUCCESS, logIndex=3930, commits[72f5ceaa-5b3b-4bc7-b846-41895f4ebd48:c3930, b4e1f7d4-4bb4-47ed-a9cb-53483a899fb2:c3928, d3916bce-b37b-4246-83c6-d24846ba1a72:c3928]
2019-07-08 14:21:31,342 INFO  client.GrpcClientProtocolClient (GrpcClientProtocolClient.java:onNext(255)) - client-DE0880F50CF2->72f5ceaa-5b3b-4bc7-b846-41895f4ebd48: receive RaftClientReply:client-DE0880F50CF2->72f5ceaa-5b3b-4bc7-b846-41895f4ebd48@group-833AA35A7EDE, cid=2645, SUCCESS, logIndex=3933, commits[72f5ceaa-5b3b-4bc7-b846-41895f4ebd48:c3934, b4e1f7d4-4bb4-47ed-a9cb-53483a899fb2:c3930, d3916bce-b37b-4246-83c6-d24846ba1a72:c3930]
2019-07-08 14:21:31,342 INFO  client.GrpcClientProtocolClient (GrpcClientProtocolClient.java:onNext(255)) - client-DE0880F50CF2->72f5ceaa-5b3b-4bc7-b846-41895f4ebd48: receive RaftClientReply:client-DE0880F50CF2->72f5ceaa-5b3b-4bc7-b846-41895f4ebd48@group-833AA35A7EDE, cid=2646, SUCCESS, logIndex=3934, commits[72f5ceaa-5b3b-4bc7-b846-41895f4ebd48:c3934, b4e1f7d4-4bb4-47ed-a9cb-53483a899fb2:c3930, d3916bce-b37b-4246-83c6-d24846ba1a72:c3930]
2019-07-08 14:21:31,355 INFO  client.GrpcClientProtocolClient (GrpcClientProtocolClient.java:onNext(255)) - client-DE0880F50CF2->72f5ceaa-5b3b-4bc7-b846-41895f4ebd48: receive RaftClientReply:client-DE0880F50CF2->72f5ceaa-5b3b-4bc7-b846-41895f4ebd48@group-833AA35A7EDE, cid=2647, SUCCESS, logIndex=0, commits[72f5ceaa-5b3b-4bc7-b846-41895f4ebd48:c3936, b4e1f7d4-4bb4-47ed-a9cb-53483a899fb2:c3934, d3916bce-b37b-4246-83c6-d24846ba1a72:c3934]
2019-07-08 14:21:31,389 INFO  client.GrpcClientProtocolClient (GrpcClientProtocolClient.java:onNext(255)) - client-DE0880F50CF2->72f5ceaa-5b3b-4bc7-b846-41895f4ebd48: receive RaftClientReply:client-DE0880F50CF2->72f5ceaa-5b3b-4bc7-b846-41895f4ebd48@group-833AA35A7EDE, cid=2648, SUCCESS, logIndex=3937, commits[72f5ceaa-5b3b-4bc7-b846-41895f4ebd48:c3939, b4e1f7d4-4bb4-47ed-a9cb-53483a899fb2:c3936, d3916bce-b37b-4246-83c6-d24846ba1a72:c3936]
2019-07-08 14:21:31,390 INFO  client.GrpcClientProtocolClient (GrpcClientProtocolClient.java:onNext(255)) - client-DE0880F50CF2->72f5ceaa-5b3b-4bc7-b846-41895f4ebd48: receive RaftClientReply:client-DE0880F50CF2->72f5ceaa-5b3b-4bc7-b846-41895f4ebd48@group-833AA35A7EDE, cid=2649, SUCCESS, logIndex=3938, commits[72f5ceaa-5b3b-4bc7-b846-41895f4ebd48:c3940, b4e1f7d4-4bb4-47ed-a9cb-53483a899fb2:c3936, d3916bce-b37b-4246-83c6-d24846ba1a72:c3936]
2019-07-08 14:21:31,390 INFO  client.GrpcClientProtocolClient (GrpcClientProtocolClient.java:onNext(255)) - client-DE0880F50CF2->72f5ceaa-5b3b-4bc7-b846-41895f4ebd48: receive RaftClientReply:client-DE0880F50CF2->72f5ceaa-5b3b-4bc7-b846-41895f4ebd48@group-833AA35A7EDE, cid=2650, SUCCESS, logIndex=3939, commits[72f5ceaa-5b3b-4bc7-b846-41895f4ebd48:c3940, b4e1f7d4-4bb4-47ed-a9cb-53483a899fb2:c3936, d3916bce-b37b-4246-83c6-d24846ba1a72:c3936]
2019-07-08 14:21:31,390 INFO  client.GrpcClientProtocolClient (GrpcClientProtocolClient.java:onNext(255)) - client-DE0880F50CF2->72f5ceaa-5b3b-4bc7-b846-41895f4ebd48: receive RaftClientReply:client-DE0880F50CF2->72f5ceaa-5b3b-4bc7-b846-41895f4ebd48@group-833AA35A7EDE, cid=2651, SUCCESS, logIndex=3940, commits[72f5ceaa-5b3b-4bc7-b846-41895f4ebd48:c3940, b4e1f7d4-4bb4-47ed-a9cb-53483a899fb2:c3936, d3916bce-b37b-4246-83c6-d24846ba1a72:c3936]
2019-07-08 14:21:31,402 INFO  client.GrpcClientProtocolClient (GrpcClientProtocolClient.java:onNext(255)) - client-DE0880F50CF2->72f5ceaa-5b3b-4bc7-b846-41895f4ebd48: receive RaftClientReply:client-DE0880F50CF2->72f5ceaa-5b3b-4bc7-b846-41895f4ebd48@group-833AA35A7EDE, cid=2652, SUCCESS, logIndex=0, commits[72f5ceaa-5b3b-4bc7-b846-41895f4ebd48:c3942, b4e1f7d4-4bb4-47ed-a9cb-53483a899fb2:c3938, d3916bce-b37b-4246-83c6-d24846ba1a72:c3938]
2019-07-08 14:21:31,422 INFO  client.GrpcClientProtocolClient (GrpcClientProtocolClient.java:onNext(255)) - client-DE0880F50CF2->72f5ceaa-5b3b-4bc7-b846-41895f4ebd48: receive RaftClientReply:client-DE0880F50CF2->72f5ceaa-5b3b-4bc7-b846-41895f4ebd48@group-833AA35A7EDE, cid=2653, SUCCESS, logIndex=3945, commits[72f5ceaa-5b3b-4bc7-b846-41895f4ebd48:c3946, b4e1f7d4-4bb4-47ed-a9cb-53483a899fb2:c3944, d3916bce-b37b-4246-83c6-d24846ba1a72:c3944]
2019-07-08 14:21:31,422 INFO  client.GrpcClientProtocolClient (GrpcClientProtocolClient.java:onNext(255)) - client-DE0880F50CF2->72f5ceaa-5b3b-4bc7-b846-41895f4ebd48: receive RaftClientReply:client-DE0880F50CF2->72f5ceaa-5b3b-4bc7-b846-41895f4ebd48@group-833AA35A7EDE, cid=2654, SUCCESS, logIndex=3946, commits[72f5ceaa-5b3b-4bc7-b846-41895f4ebd48:c3946, b4e1f7d4-4bb4-47ed-a9cb-53483a899fb2:c3944, d3916bce-b37b-4246-83c6-d24846ba1a72:c3944]
2019-07-08 14:21:31,435 INFO  client.GrpcClientProtocolClient (GrpcClientProtocolClient.java:onNext(255)) - client-DE0880F50CF2->72f5ceaa-5b3b-4bc7-b846-41895f4ebd48: receive RaftClientReply:client-DE0880F50CF2->72f5ceaa-5b3b-4bc7-b846-41895f4ebd48@group-833AA35A7EDE, cid=2655, SUCCESS, logIndex=3949, commits[72f5ceaa-5b3b-4bc7-b846-41895f4ebd48:c3950, b4e1f7d4-4bb4-47ed-a9cb-53483a899fb2:c3946, d3916bce-b37b-4246-83c6-d24846ba1a72:c3946]
2019-07-08 14:21:31,436 INFO  client.GrpcClientProtocolClient (GrpcClientProtocolClient.java:onNext(255)) - client-DE0880F50CF2->72f5ceaa-5b3b-4bc7-b846-41895f4ebd48: receive RaftClientReply:client-DE0880F50CF2->72f5ceaa-5b3b-4bc7-b846-41895f4ebd48@group-833AA35A7EDE, cid=2656, SUCCESS, logIndex=3950, commits[72f5ceaa-5b3b-4bc7-b846-41895f4ebd48:c3950, b4e1f7d4-4bb4-47ed-a9cb-53483a899fb2:c3946, d3916bce-b37b-4246-83c6-d24846ba1a72:c3946]
2019-07-08 14:21:31,448 INFO  client.GrpcClientProtocolClient (GrpcClientProtocolClient.java:onNext(255)) - client-DE0880F50CF2->72f5ceaa-5b3b-4bc7-b846-41895f4ebd48: receive RaftClientReply:client-DE0880F50CF2->72f5ceaa-5b3b-4bc7-b846-41895f4ebd48@group-833AA35A7EDE, cid=2657, SUCCESS, logIndex=0, commits[72f5ceaa-5b3b-4bc7-b846-41895f4ebd48:c3952, b4e1f7d4-4bb4-47ed-a9cb-53483a899fb2:c3950, d3916bce-b37b-4246-83c6-d24846ba1a72:c3950]
2019-07-08 14:21:31,479 INFO  client.GrpcClientProtocolClient (GrpcClientProtocolClient.java:onNext(255)) - client-DE0880F50CF2->72f5ceaa-5b3b-4bc7-b846-41895f4ebd48: receive RaftClientReply:client-DE0880F50CF2->72f5ceaa-5b3b-4bc7-b846-41895f4ebd48@group-833AA35A7EDE, cid=2658, SUCCESS, logIndex=3953, commits[72f5ceaa-5b3b-4bc7-b846-41895f4ebd48:c3954, b4e1f7d4-4bb4-47ed-a9cb-53483a899fb2:c3952, d3916bce-b37b-4246-83c6-d24846ba1a72:c3952]
2019-07-08 14:21:31,480 INFO  client.GrpcClientProtocolClient (GrpcClientProtocolClient.java:onNext(255)) - client-DE0880F50CF2->72f5ceaa-5b3b-4bc7-b846-41895f4ebd48: receive RaftClientReply:client-DE0880F50CF2->72f5ceaa-5b3b-4bc7-b846-41895f4ebd48@group-833AA35A7EDE, cid=2659, SUCCESS, logIndex=3954, commits[72f5ceaa-5b3b-4bc7-b846-41895f4ebd48:c3954, b4e1f7d4-4bb4-47ed-a9cb-53483a899fb2:c3952, d3916bce-b37b-4246-83c6-d24846ba1a72:c3952]
2019-07-08 14:21:31,480 INFO  client.GrpcClientProtocolClient (GrpcClientProtocolClient.java:onNext(255)) - client-DE0880F50CF2->72f5ceaa-5b3b-4bc7-b846-41895f4ebd48: receive RaftClientReply:client-DE0880F50CF2->72f5ceaa-5b3b-4bc7-b846-41895f4ebd48@group-833AA35A7EDE, cid=2660, SUCCESS, logIndex=3955, commits[72f5ceaa-5b3b-4bc7-b846-41895f4ebd48:c3956, b4e1f7d4-4bb4-47ed-a9cb-53483a899fb2:c3952, d3916bce-b37b-4246-83c6-d24846ba1a72:c3952]
2019-07-08 14:21:31,480 INFO  client.GrpcClientProtocolClient (GrpcClientProtocolClient.java:onNext(255)) - client-DE0880F50CF2->72f5ceaa-5b3b-4bc7-b846-41895f4ebd48: receive RaftClientReply:client-DE0880F50CF2->72f5ceaa-5b3b-4bc7-b846-41895f4ebd48@group-833AA35A7EDE, cid=2661, SUCCESS, logIndex=3956, commits[72f5ceaa-5b3b-4bc7-b846-41895f4ebd48:c3956, b4e1f7d4-4bb4-47ed-a9cb-53483a899fb2:c3952, d3916bce-b37b-4246-83c6-d24846ba1a72:c3952]
2019-07-08 14:21:31,482 INFO  client.GrpcClientProtocolClient (GrpcClientProtocolClient.java:onNext(255)) - client-DE0880F50CF2->72f5ceaa-5b3b-4bc7-b846-41895f4ebd48: receive RaftClientReply:client-DE0880F50CF2->72f5ceaa-5b3b-4bc7-b846-41895f4ebd48@group-833AA35A7EDE, cid=2662, SUCCESS, logIndex=0, commits[72f5ceaa-5b3b-4bc7-b846-41895f4ebd48:c3958, b4e1f7d4-4bb4-47ed-a9cb-53483a899fb2:c3954, d3916bce-b37b-4246-83c6-d24846ba1a72:c3954]
2019-07-08 14:21:31,515 INFO  client.GrpcClientProtocolClient (GrpcClientProtocolClient.java:onNext(255)) - client-DE0880F50CF2->72f5ceaa-5b3b-4bc7-b846-41895f4ebd48: receive RaftClientReply:client-DE0880F50CF2->72f5ceaa-5b3b-4bc7-b846-41895f4ebd48@group-833AA35A7EDE, cid=2663, SUCCESS, logIndex=3961, commits[72f5ceaa-5b3b-4bc7-b846-41895f4ebd48:c3962, b4e1f7d4-4bb4-47ed-a9cb-53483a899fb2:c3960, d3916bce-b37b-4246-83c6-d24846ba1a72:c3960]
2019-07-08 14:21:31,516 INFO  client.GrpcClientProtocolClient (GrpcClientProtocolClient.java:onNext(255)) - client-DE0880F50CF2->72f5ceaa-5b3b-4bc7-b846-41895f4ebd48: receive RaftClientReply:client-DE0880F50CF2->72f5ceaa-5b3b-4bc7-b846-41895f4ebd48@group-833AA35A7EDE, cid=2664, SUCCESS, logIndex=3962, commits[72f5ceaa-5b3b-4bc7-b846-41895f4ebd48:c3962, b4e1f7d4-4bb4-47ed-a9cb-53483a899fb2:c3960, d3916bce-b37b-4246-83c6-d24846ba1a72:c3960]
2019-07-08 14:21:31,528 INFO  client.GrpcClientProtocolClient (GrpcClientProtocolClient.java:onNext(255)) - client-DE0880F50CF2->72f5ceaa-5b3b-4bc7-b846-41895f4ebd48: receive RaftClientReply:client-DE0880F50CF2->72f5ceaa-5b3b-4bc7-b846-41895f4ebd48@group-833AA35A7EDE, cid=2665, SUCCESS, logIndex=3965, commits[72f5ceaa-5b3b-4bc7-b846-41895f4ebd48:c3966, b4e1f7d4-4bb4-47ed-a9cb-53483a899fb2:c3961, d3916bce-b37b-4246-83c6-d24846ba1a72:c3962]
2019-07-08 14:21:31,529 INFO  client.GrpcClientProtocolClient (GrpcClientProtocolClient.java:onNext(255)) - client-DE0880F50CF2->72f5ceaa-5b3b-4bc7-b846-41895f4ebd48: receive RaftClientReply:client-DE0880F50CF2->72f5ceaa-5b3b-4bc7-b846-41895f4ebd48@group-833AA35A7EDE, cid=2666, SUCCESS, logIndex=3966, commits[72f5ceaa-5b3b-4bc7-b846-41895f4ebd48:c3966, b4e1f7d4-4bb4-47ed-a9cb-53483a899fb2:c3962, d3916bce-b37b-4246-83c6-d24846ba1a72:c3962]
2019-07-08 14:21:31,543 INFO  client.GrpcClientProtocolClient (GrpcClientProtocolClient.java:onNext(255)) - client-DE0880F50CF2->72f5ceaa-5b3b-4bc7-b846-41895f4ebd48: receive RaftClientReply:client-DE0880F50CF2->72f5ceaa-5b3b-4bc7-b846-41895f4ebd48@group-833AA35A7EDE, cid=2667, SUCCESS, logIndex=0, commits[72f5ceaa-5b3b-4bc7-b846-41895f4ebd48:c3968, b4e1f7d4-4bb4-47ed-a9cb-53483a899fb2:c3966, d3916bce-b37b-4246-83c6-d24846ba1a72:c3966]
2019-07-08 14:21:31,571 INFO  client.GrpcClientProtocolClient (GrpcClientProtocolClient.java:onNext(255)) - client-DE0880F50CF2->72f5ceaa-5b3b-4bc7-b846-41895f4ebd48: receive RaftClientReply:client-DE0880F50CF2->72f5ceaa-5b3b-4bc7-b846-41895f4ebd48@group-833AA35A7EDE, cid=2668, SUCCESS, logIndex=3969, commits[72f5ceaa-5b3b-4bc7-b846-41895f4ebd48:c3970, b4e1f7d4-4bb4-47ed-a9cb-53483a899fb2:c3968, d3916bce-b37b-4246-83c6-d24846ba1a72:c3968]
2019-07-08 14:21:31,571 INFO  client.GrpcClientProtocolClient (GrpcClientProtocolClient.java:onNext(255)) - client-DE0880F50CF2->72f5ceaa-5b3b-4bc7-b846-41895f4ebd48: receive RaftClientReply:client-DE0880F50CF2->72f5ceaa-5b3b-4bc7-b846-41895f4ebd48@group-833AA35A7EDE, cid=2669, SUCCESS, logIndex=3970, commits[72f5ceaa-5b3b-4bc7-b846-41895f4ebd48:c3972, b4e1f7d4-4bb4-47ed-a9cb-53483a899fb2:c3968, d3916bce-b37b-4246-83c6-d24846ba1a72:c3968]
2019-07-08 14:21:31,572 INFO  client.GrpcClientProtocolClient (GrpcClientProtocolClient.java:onNext(255)) - client-DE0880F50CF2->72f5ceaa-5b3b-4bc7-b846-41895f4ebd48: receive RaftClientReply:client-DE0880F50CF2->72f5ceaa-5b3b-4bc7-b846-41895f4ebd48@group-833AA35A7EDE, cid=2670, SUCCESS, logIndex=3971, commits[72f5ceaa-5b3b-4bc7-b846-41895f4ebd48:c3972, b4e1f7d4-4bb4-47ed-a9cb-53483a899fb2:c3968, d3916bce-b37b-4246-83c6-d24846ba1a72:c3968]
2019-07-08 14:21:31,572 INFO  client.GrpcClientProtocolClient (GrpcClientProtocolClient.java:onNext(255)) - client-DE0880F50CF2->72f5ceaa-5b3b-4bc7-b846-41895f4ebd48: receive RaftClientReply:client-DE0880F50CF2->72f5ceaa-5b3b-4bc7-b846-41895f4ebd48@group-833AA35A7EDE, cid=2671, SUCCESS, logIndex=3972, commits[72f5ceaa-5b3b-4bc7-b846-41895f4ebd48:c3972, b4e1f7d4-4bb4-47ed-a9cb-53483a899fb2:c3968, d3916bce-b37b-4246-83c6-d24846ba1a72:c3968]
2019-07-08 14:21:31,595 INFO  client.GrpcClientProtocolClient (GrpcClientProtocolClient.java:onNext(255)) - client-DE0880F50CF2->72f5ceaa-5b3b-4bc7-b846-41895f4ebd48: receive RaftClientReply:client-DE0880F50CF2->72f5ceaa-5b3b-4bc7-b846-41895f4ebd48@group-833AA35A7EDE, cid=2672, SUCCESS, logIndex=0, commits[72f5ceaa-5b3b-4bc7-b846-41895f4ebd48:c3976, b4e1f7d4-4bb4-47ed-a9cb-53483a899fb2:c3970, d3916bce-b37b-4246-83c6-d24846ba1a72:c3972]
2019-07-08 14:21:31,618 INFO  client.GrpcClientProtocolClient (GrpcClientProtocolClient.java:onNext(255)) - client-DE0880F50CF2->72f5ceaa-5b3b-4bc7-b846-41895f4ebd48: receive RaftClientReply:client-DE0880F50CF2->72f5ceaa-5b3b-4bc7-b846-41895f4ebd48@group-833AA35A7EDE, cid=2673, SUCCESS, logIndex=3977, commits[72f5ceaa-5b3b-4bc7-b846-41895f4ebd48:c3978, b4e1f7d4-4bb4-47ed-a9cb-53483a899fb2:c3976, d3916bce-b37b-4246-83c6-d24846ba1a72:c3976]
2019-07-08 14:21:31,619 INFO  client.GrpcClientProtocolClient (GrpcClientProtocolClient.java:onNext(255)) - client-DE0880F50CF2->72f5ceaa-5b3b-4bc7-b846-41895f4ebd48: receive RaftClientReply:client-DE0880F50CF2->72f5ceaa-5b3b-4bc7-b846-41895f4ebd48@group-833AA35A7EDE, cid=2674, SUCCESS, logIndex=3978, commits[72f5ceaa-5b3b-4bc7-b846-41895f4ebd48:c3978, b4e1f7d4-4bb4-47ed-a9cb-53483a899fb2:c3976, d3916bce-b37b-4246-83c6-d24846ba1a72:c3976]
2019-07-08 14:21:31,644 INFO  client.GrpcClientProtocolClient (GrpcClientProtocolClient.java:onNext(255)) - client-DE0880F50CF2->72f5ceaa-5b3b-4bc7-b846-41895f4ebd48: receive RaftClientReply:client-DE0880F50CF2->72f5ceaa-5b3b-4bc7-b846-41895f4ebd48@group-833AA35A7EDE, cid=2675, SUCCESS, logIndex=3981, commits[72f5ceaa-5b3b-4bc7-b846-41895f4ebd48:c3982, b4e1f7d4-4bb4-47ed-a9cb-53483a899fb2:c3978, d3916bce-b37b-4246-83c6-d24846ba1a72:c3978]
2019-07-08 14:21:31,645 INFO  client.GrpcClientProtocolClient (GrpcClientProtocolClient.java:onNext(255)) - client-DE0880F50CF2->72f5ceaa-5b3b-4bc7-b846-41895f4ebd48: receive RaftClientReply:client-DE0880F50CF2->72f5ceaa-5b3b-4bc7-b846-41895f4ebd48@group-833AA35A7EDE, cid=2676, SUCCESS, logIndex=3982, commits[72f5ceaa-5b3b-4bc7-b846-41895f4ebd48:c3982, b4e1f7d4-4bb4-47ed-a9cb-53483a899fb2:c3978, d3916bce-b37b-4246-83c6-d24846ba1a72:c3978]
2019-07-08 14:21:31,670 INFO  client.GrpcClientProtocolClient (GrpcClientProtocolClient.java:onNext(255)) - client-DE0880F50CF2->72f5ceaa-5b3b-4bc7-b846-41895f4ebd48: receive RaftClientReply:client-DE0880F50CF2->72f5ceaa-5b3b-4bc7-b846-41895f4ebd48@group-833AA35A7EDE, cid=2677, SUCCESS, logIndex=0, commits[72f5ceaa-5b3b-4bc7-b846-41895f4ebd48:c3984, b4e1f7d4-4bb4-47ed-a9cb-53483a899fb2:c3982, d3916bce-b37b-4246-83c6-d24846ba1a72:c3982]
2019-07-08 14:21:31,822 INFO  client.GrpcClientProtocolClient (GrpcClientProtocolClient.java:onNext(255)) - client-DE0880F50CF2->72f5ceaa-5b3b-4bc7-b846-41895f4ebd48: receive RaftClientReply:client-DE0880F50CF2->72f5ceaa-5b3b-4bc7-b846-41895f4ebd48@group-833AA35A7EDE, cid=2678, SUCCESS, logIndex=3985, commits[72f5ceaa-5b3b-4bc7-b846-41895f4ebd48:c3986, b4e1f7d4-4bb4-47ed-a9cb-53483a899fb2:c3984, d3916bce-b37b-4246-83c6-d24846ba1a72:c3984]
2019-07-08 14:21:31,823 INFO  client.GrpcClientProtocolClient (GrpcClientProtocolClient.java:onNext(255)) - client-DE0880F50CF2->72f5ceaa-5b3b-4bc7-b846-41895f4ebd48: receive RaftClientReply:client-DE0880F50CF2->72f5ceaa-5b3b-4bc7-b846-41895f4ebd48@group-833AA35A7EDE, cid=2679, SUCCESS, logIndex=3986, commits[72f5ceaa-5b3b-4bc7-b846-41895f4ebd48:c3988, b4e1f7d4-4bb4-47ed-a9cb-53483a899fb2:c3984, d3916bce-b37b-4246-83c6-d24846ba1a72:c3984]
2019-07-08 14:21:31,823 INFO  client.GrpcClientProtocolClient (GrpcClientProtocolClient.java:onNext(255)) - client-DE0880F50CF2->72f5ceaa-5b3b-4bc7-b846-41895f4ebd48: receive RaftClientReply:client-DE0880F50CF2->72f5ceaa-5b3b-4bc7-b846-41895f4ebd48@group-833AA35A7EDE, cid=2680, SUCCESS, logIndex=3987, commits[72f5ceaa-5b3b-4bc7-b846-41895f4ebd48:c3988, b4e1f7d4-4bb4-47ed-a9cb-53483a899fb2:c3984, d3916bce-b37b-4246-83c6-d24846ba1a72:c3984]
2019-07-08 14:21:31,824 INFO  client.GrpcClientProtocolClient (GrpcClientProtocolClient.java:onNext(255)) - client-DE0880F50CF2->72f5ceaa-5b3b-4bc7-b846-41895f4ebd48: receive RaftClientReply:client-DE0880F50CF2->72f5ceaa-5b3b-4bc7-b846-41895f4ebd48@group-833AA35A7EDE, cid=2681, SUCCESS, logIndex=3988, commits[72f5ceaa-5b3b-4bc7-b846-41895f4ebd48:c3988, b4e1f7d4-4bb4-47ed-a9cb-53483a899fb2:c3984, d3916bce-b37b-4246-83c6-d24846ba1a72:c3984]
2019-07-08 14:21:31,848 INFO  client.GrpcClientProtocolClient (GrpcClientProtocolClient.java:onNext(255)) - client-DE0880F50CF2->72f5ceaa-5b3b-4bc7-b846-41895f4ebd48: receive RaftClientReply:client-DE0880F50CF2->72f5ceaa-5b3b-4bc7-b846-41895f4ebd48@group-833AA35A7EDE, cid=2682, SUCCESS, logIndex=0, commits[72f5ceaa-5b3b-4bc7-b846-41895f4ebd48:c3991, b4e1f7d4-4bb4-47ed-a9cb-53483a899fb2:c3987, d3916bce-b37b-4246-83c6-d24846ba1a72:c3986]
2019-07-08 14:21:31,871 INFO  client.GrpcClientProtocolClient (GrpcClientProtocolClient.java:onNext(255)) - client-DE0880F50CF2->72f5ceaa-5b3b-4bc7-b846-41895f4ebd48: receive RaftClientReply:client-DE0880F50CF2->72f5ceaa-5b3b-4bc7-b846-41895f4ebd48@group-833AA35A7EDE, cid=2683, SUCCESS, logIndex=3993, commits[72f5ceaa-5b3b-4bc7-b846-41895f4ebd48:c3994, b4e1f7d4-4bb4-47ed-a9cb-53483a899fb2:c3992, d3916bce-b37b-4246-83c6-d24846ba1a72:c3992]
2019-07-08 14:21:31,871 INFO  client.GrpcClientProtocolClient (GrpcClientProtocolClient.java:onNext(255)) - client-DE0880F50CF2->72f5ceaa-5b3b-4bc7-b846-41895f4ebd48: receive RaftClientReply:client-DE0880F50CF2->72f5ceaa-5b3b-4bc7-b846-41895f4ebd48@group-833AA35A7EDE, cid=2684, SUCCESS, logIndex=3994, commits[72f5ceaa-5b3b-4bc7-b846-41895f4ebd48:c3994, b4e1f7d4-4bb4-47ed-a9cb-53483a899fb2:c3992, d3916bce-b37b-4246-83c6-d24846ba1a72:c3992]
 0.00% |█                                                                                                    |  0/1 Time: 0:00:262019-07-08 14:21:31,898 INFO  client.GrpcClientProtocolClient (GrpcClientProtocolClient.java:onNext(255)) - client-DE0880F50CF2->72f5ceaa-5b3b-4bc7-b846-41895f4ebd48: receive RaftClientReply:client-DE0880F50CF2->72f5ceaa-5b3b-4bc7-b846-41895f4ebd48@group-833AA35A7EDE, cid=2685, SUCCESS, logIndex=3997, commits[72f5ceaa-5b3b-4bc7-b846-41895f4ebd48:c3998, b4e1f7d4-4bb4-47ed-a9cb-53483a899fb2:c3994, d3916bce-b37b-4246-83c6-d24846ba1a72:c3994]
2019-07-08 14:21:31,898 INFO  client.GrpcClientProtocolClient (GrpcClientProtocolClient.java:onNext(255)) - client-DE0880F50CF2->72f5ceaa-5b3b-4bc7-b846-41895f4ebd48: receive RaftClientReply:client-DE0880F50CF2->72f5ceaa-5b3b-4bc7-b846-41895f4ebd48@group-833AA35A7EDE, cid=2686, SUCCESS, logIndex=3998, commits[72f5ceaa-5b3b-4bc7-b846-41895f4ebd48:c3998, b4e1f7d4-4bb4-47ed-a9cb-53483a899fb2:c3994, d3916bce-b37b-4246-83c6-d24846ba1a72:c3994]
2019-07-08 14:21:31,924 INFO  client.GrpcClientProtocolClient (GrpcClientProtocolClient.java:onNext(255)) - client-DE0880F50CF2->72f5ceaa-5b3b-4bc7-b846-41895f4ebd48: receive RaftClientReply:client-DE0880F50CF2->72f5ceaa-5b3b-4bc7-b846-41895f4ebd48@group-833AA35A7EDE, cid=2687, SUCCESS, logIndex=0, commits[72f5ceaa-5b3b-4bc7-b846-41895f4ebd48:c4000, b4e1f7d4-4bb4-47ed-a9cb-53483a899fb2:c3998, d3916bce-b37b-4246-83c6-d24846ba1a72:c3998]
2019-07-08 14:21:31,955 INFO  client.GrpcClientProtocolClient (GrpcClientProtocolClient.java:onNext(255)) - client-DE0880F50CF2->72f5ceaa-5b3b-4bc7-b846-41895f4ebd48: receive RaftClientReply:client-DE0880F50CF2->72f5ceaa-5b3b-4bc7-b846-41895f4ebd48@group-833AA35A7EDE, cid=2688, SUCCESS, logIndex=4001, commits[72f5ceaa-5b3b-4bc7-b846-41895f4ebd48:c4002, b4e1f7d4-4bb4-47ed-a9cb-53483a899fb2:c4000, d3916bce-b37b-4246-83c6-d24846ba1a72:c4000]
2019-07-08 14:21:31,956 INFO  client.GrpcClientProtocolClient (GrpcClientProtocolClient.java:onNext(255)) - client-DE0880F50CF2->72f5ceaa-5b3b-4bc7-b846-41895f4ebd48: receive RaftClientReply:client-DE0880F50CF2->72f5ceaa-5b3b-4bc7-b846-41895f4ebd48@group-833AA35A7EDE, cid=2689, SUCCESS, logIndex=4002, commits[72f5ceaa-5b3b-4bc7-b846-41895f4ebd48:c4003, b4e1f7d4-4bb4-47ed-a9cb-53483a899fb2:c4000, d3916bce-b37b-4246-83c6-d24846ba1a72:c4000]
2019-07-08 14:21:31,956 INFO  client.GrpcClientProtocolClient (GrpcClientProtocolClient.java:onNext(255)) - client-DE0880F50CF2->72f5ceaa-5b3b-4bc7-b846-41895f4ebd48: receive RaftClientReply:client-DE0880F50CF2->72f5ceaa-5b3b-4bc7-b846-41895f4ebd48@group-833AA35A7EDE, cid=2690, SUCCESS, logIndex=4003, commits[72f5ceaa-5b3b-4bc7-b846-41895f4ebd48:c4004, b4e1f7d4-4bb4-47ed-a9cb-53483a899fb2:c4000, d3916bce-b37b-4246-83c6-d24846ba1a72:c4000]
2019-07-08 14:21:31,956 INFO  client.GrpcClientProtocolClient (GrpcClientProtocolClient.java:onNext(255)) - client-DE0880F50CF2->72f5ceaa-5b3b-4bc7-b846-41895f4ebd48: receive RaftClientReply:client-DE0880F50CF2->72f5ceaa-5b3b-4bc7-b846-41895f4ebd48@group-833AA35A7EDE, cid=2691, SUCCESS, logIndex=4004, commits[72f5ceaa-5b3b-4bc7-b846-41895f4ebd48:c4004, b4e1f7d4-4bb4-47ed-a9cb-53483a899fb2:c4000, d3916bce-b37b-4246-83c6-d24846ba1a72:c4000]
2019-07-08 14:21:31,969 INFO  client.GrpcClientProtocolClient (GrpcClientProtocolClient.java:onNext(255)) - client-DE0880F50CF2->72f5ceaa-5b3b-4bc7-b846-41895f4ebd48: receive RaftClientReply:client-DE0880F50CF2->72f5ceaa-5b3b-4bc7-b846-41895f4ebd48@group-833AA35A7EDE, cid=2692, SUCCESS, logIndex=0, commits[72f5ceaa-5b3b-4bc7-b846-41895f4ebd48:c4006, b4e1f7d4-4bb4-47ed-a9cb-53483a899fb2:c4002, d3916bce-b37b-4246-83c6-d24846ba1a72:c4002]
2019-07-08 14:21:31,992 INFO  client.GrpcClientProtocolClient (GrpcClientProtocolClient.java:onNext(255)) - client-DE0880F50CF2->72f5ceaa-5b3b-4bc7-b846-41895f4ebd48: receive RaftClientReply:client-DE0880F50CF2->72f5ceaa-5b3b-4bc7-b846-41895f4ebd48@group-833AA35A7EDE, cid=2693, SUCCESS, logIndex=4009, commits[72f5ceaa-5b3b-4bc7-b846-41895f4ebd48:c4010, b4e1f7d4-4bb4-47ed-a9cb-53483a899fb2:c4008, d3916bce-b37b-4246-83c6-d24846ba1a72:c4008]
2019-07-08 14:21:31,992 INFO  client.GrpcClientProtocolClient (GrpcClientProtocolClient.java:onNext(255)) - client-DE0880F50CF2->72f5ceaa-5b3b-4bc7-b846-41895f4ebd48: receive RaftClientReply:client-DE0880F50CF2->72f5ceaa-5b3b-4bc7-b846-41895f4ebd48@group-833AA35A7EDE, cid=2694, SUCCESS, logIndex=4010, commits[72f5ceaa-5b3b-4bc7-b846-41895f4ebd48:c4010, b4e1f7d4-4bb4-47ed-a9cb-53483a899fb2:c4008, d3916bce-b37b-4246-83c6-d24846ba1a72:c4008]
2019-07-08 14:21:32,024 INFO  client.GrpcClientProtocolClient (GrpcClientProtocolClient.java:onNext(255)) - client-DE0880F50CF2->72f5ceaa-5b3b-4bc7-b846-41895f4ebd48: receive RaftClientReply:client-DE0880F50CF2->72f5ceaa-5b3b-4bc7-b846-41895f4ebd48@group-833AA35A7EDE, cid=2695, SUCCESS, logIndex=4013, commits[72f5ceaa-5b3b-4bc7-b846-41895f4ebd48:c4014, b4e1f7d4-4bb4-47ed-a9cb-53483a899fb2:c4012, d3916bce-b37b-4246-83c6-d24846ba1a72:c4010]
2019-07-08 14:21:32,024 INFO  client.GrpcClientProtocolClient (GrpcClientProtocolClient.java:onNext(255)) - client-DE0880F50CF2->72f5ceaa-5b3b-4bc7-b846-41895f4ebd48: receive RaftClientReply:client-DE0880F50CF2->72f5ceaa-5b3b-4bc7-b846-41895f4ebd48@group-833AA35A7EDE, cid=2696, SUCCESS, logIndex=4014, commits[72f5ceaa-5b3b-4bc7-b846-41895f4ebd48:c4014, b4e1f7d4-4bb4-47ed-a9cb-53483a899fb2:c4012, d3916bce-b37b-4246-83c6-d24846ba1a72:c4012]
2019-07-08 14:21:32,038 INFO  client.GrpcClientProtocolClient (GrpcClientProtocolClient.java:onNext(255)) - client-DE0880F50CF2->72f5ceaa-5b3b-4bc7-b846-41895f4ebd48: receive RaftClientReply:client-DE0880F50CF2->72f5ceaa-5b3b-4bc7-b846-41895f4ebd48@group-833AA35A7EDE, cid=2697, SUCCESS, logIndex=0, commits[72f5ceaa-5b3b-4bc7-b846-41895f4ebd48:c4015, b4e1f7d4-4bb4-47ed-a9cb-53483a899fb2:c4014, d3916bce-b37b-4246-83c6-d24846ba1a72:c4014]
2019-07-08 14:21:32,071 INFO  client.GrpcClientProtocolClient (GrpcClientProtocolClient.java:onNext(255)) - client-DE0880F50CF2->72f5ceaa-5b3b-4bc7-b846-41895f4ebd48: receive RaftClientReply:client-DE0880F50CF2->72f5ceaa-5b3b-4bc7-b846-41895f4ebd48@group-833AA35A7EDE, cid=2698, SUCCESS, logIndex=4017, commits[72f5ceaa-5b3b-4bc7-b846-41895f4ebd48:c4018, b4e1f7d4-4bb4-47ed-a9cb-53483a899fb2:c4016, d3916bce-b37b-4246-83c6-d24846ba1a72:c4016]
2019-07-08 14:21:32,072 INFO  client.GrpcClientProtocolClient (GrpcClientProtocolClient.java:onNext(255)) - client-DE0880F50CF2->72f5ceaa-5b3b-4bc7-b846-41895f4ebd48: receive RaftClientReply:client-DE0880F50CF2->72f5ceaa-5b3b-4bc7-b846-41895f4ebd48@group-833AA35A7EDE, cid=2699, SUCCESS, logIndex=4018, commits[72f5ceaa-5b3b-4bc7-b846-41895f4ebd48:c4018, b4e1f7d4-4bb4-47ed-a9cb-53483a899fb2:c4016, d3916bce-b37b-4246-83c6-d24846ba1a72:c4016]
2019-07-08 14:21:32,082 INFO  client.GrpcClientProtocolClient (GrpcClientProtocolClient.java:onNext(255)) - client-DE0880F50CF2->72f5ceaa-5b3b-4bc7-b846-41895f4ebd48: receive RaftClientReply:client-DE0880F50CF2->72f5ceaa-5b3b-4bc7-b846-41895f4ebd48@group-833AA35A7EDE, cid=2700, SUCCESS, logIndex=4019, commits[72f5ceaa-5b3b-4bc7-b846-41895f4ebd48:c4020, b4e1f7d4-4bb4-47ed-a9cb-53483a899fb2:c4016, d3916bce-b37b-4246-83c6-d24846ba1a72:c4016]
2019-07-08 14:21:32,083 INFO  client.GrpcClientProtocolClient (GrpcClientProtocolClient.java:onNext(255)) - client-DE0880F50CF2->72f5ceaa-5b3b-4bc7-b846-41895f4ebd48: receive RaftClientReply:client-DE0880F50CF2->72f5ceaa-5b3b-4bc7-b846-41895f4ebd48@group-833AA35A7EDE, cid=2701, SUCCESS, logIndex=4020, commits[72f5ceaa-5b3b-4bc7-b846-41895f4ebd48:c4020, b4e1f7d4-4bb4-47ed-a9cb-53483a899fb2:c4016, d3916bce-b37b-4246-83c6-d24846ba1a72:c4016]
2019-07-08 14:21:32,086 INFO  client.GrpcClientProtocolClient (GrpcClientProtocolClient.java:onNext(255)) - client-DE0880F50CF2->72f5ceaa-5b3b-4bc7-b846-41895f4ebd48: receive RaftClientReply:client-DE0880F50CF2->72f5ceaa-5b3b-4bc7-b846-41895f4ebd48@group-833AA35A7EDE, cid=2702, SUCCESS, logIndex=0, commits[72f5ceaa-5b3b-4bc7-b846-41895f4ebd48:c4022, b4e1f7d4-4bb4-47ed-a9cb-53483a899fb2:c4018, d3916bce-b37b-4246-83c6-d24846ba1a72:c4018]
2019-07-08 14:21:32,115 INFO  client.GrpcClientProtocolClient (GrpcClientProtocolClient.java:onNext(255)) - client-DE0880F50CF2->72f5ceaa-5b3b-4bc7-b846-41895f4ebd48: receive RaftClientReply:client-DE0880F50CF2->72f5ceaa-5b3b-4bc7-b846-41895f4ebd48@group-833AA35A7EDE, cid=2703, SUCCESS, logIndex=4025, commits[72f5ceaa-5b3b-4bc7-b846-41895f4ebd48:c4026, b4e1f7d4-4bb4-47ed-a9cb-53483a899fb2:c4022, d3916bce-b37b-4246-83c6-d24846ba1a72:c4022]
2019-07-08 14:21:32,115 INFO  client.GrpcClientProtocolClient (GrpcClientProtocolClient.java:onNext(255)) - client-DE0880F50CF2->72f5ceaa-5b3b-4bc7-b846-41895f4ebd48: receive RaftClientReply:client-DE0880F50CF2->72f5ceaa-5b3b-4bc7-b846-41895f4ebd48@group-833AA35A7EDE, cid=2704, SUCCESS, logIndex=4026, commits[72f5ceaa-5b3b-4bc7-b846-41895f4ebd48:c4026, b4e1f7d4-4bb4-47ed-a9cb-53483a899fb2:c4022, d3916bce-b37b-4246-83c6-d24846ba1a72:c4022]
2019-07-08 14:21:32,129 INFO  client.GrpcClientProtocolClient (GrpcClientProtocolClient.java:onNext(255)) - client-DE0880F50CF2->72f5ceaa-5b3b-4bc7-b846-41895f4ebd48: receive RaftClientReply:client-DE0880F50CF2->72f5ceaa-5b3b-4bc7-b846-41895f4ebd48@group-833AA35A7EDE, cid=2705, SUCCESS, logIndex=4029, commits[72f5ceaa-5b3b-4bc7-b846-41895f4ebd48:c4030, b4e1f7d4-4bb4-47ed-a9cb-53483a899fb2:c4026, d3916bce-b37b-4246-83c6-d24846ba1a72:c4025]
2019-07-08 14:21:32,129 INFO  client.GrpcClientProtocolClient (GrpcClientProtocolClient.java:onNext(255)) - client-DE0880F50CF2->72f5ceaa-5b3b-4bc7-b846-41895f4ebd48: receive RaftClientReply:client-DE0880F50CF2->72f5ceaa-5b3b-4bc7-b846-41895f4ebd48@group-833AA35A7EDE, cid=2706, SUCCESS, logIndex=4030, commits[72f5ceaa-5b3b-4bc7-b846-41895f4ebd48:c4030, b4e1f7d4-4bb4-47ed-a9cb-53483a899fb2:c4026, d3916bce-b37b-4246-83c6-d24846ba1a72:c4025]
2019-07-08 14:21:32,130 INFO  client.GrpcClientProtocolClient (GrpcClientProtocolClient.java:onNext(255)) - client-DE0880F50CF2->72f5ceaa-5b3b-4bc7-b846-41895f4ebd48: receive RaftClientReply:client-DE0880F50CF2->72f5ceaa-5b3b-4bc7-b846-41895f4ebd48@group-833AA35A7EDE, cid=2707, SUCCESS, logIndex=0, commits[72f5ceaa-5b3b-4bc7-b846-41895f4ebd48:c4030, b4e1f7d4-4bb4-47ed-a9cb-53483a899fb2:c4026, d3916bce-b37b-4246-83c6-d24846ba1a72:c4026]
2019-07-08 14:21:32,155 INFO  client.GrpcClientProtocolClient (GrpcClientProtocolClient.java:onNext(255)) - client-DE0880F50CF2->72f5ceaa-5b3b-4bc7-b846-41895f4ebd48: receive RaftClientReply:client-DE0880F50CF2->72f5ceaa-5b3b-4bc7-b846-41895f4ebd48@group-833AA35A7EDE, cid=2708, SUCCESS, logIndex=0, commits[72f5ceaa-5b3b-4bc7-b846-41895f4ebd48:c4032, b4e1f7d4-4bb4-47ed-a9cb-53483a899fb2:c4030, d3916bce-b37b-4246-83c6-d24846ba1a72:c4030]
2019-07-08 14:21:32,191 INFO  client.GrpcClientProtocolClient (GrpcClientProtocolClient.java:onNext(255)) - client-DE0880F50CF2->72f5ceaa-5b3b-4bc7-b846-41895f4ebd48: receive RaftClientReply:client-DE0880F50CF2->72f5ceaa-5b3b-4bc7-b846-41895f4ebd48@group-833AA35A7EDE, cid=2709, SUCCESS, logIndex=4033, commits[72f5ceaa-5b3b-4bc7-b846-41895f4ebd48:c4034, b4e1f7d4-4bb4-47ed-a9cb-53483a899fb2:c4032, d3916bce-b37b-4246-83c6-d24846ba1a72:c4032]
2019-07-08 14:21:32,191 INFO  client.GrpcClientProtocolClient (GrpcClientProtocolClient.java:onNext(255)) - client-DE0880F50CF2->72f5ceaa-5b3b-4bc7-b846-41895f4ebd48: receive RaftClientReply:client-DE0880F50CF2->72f5ceaa-5b3b-4bc7-b846-41895f4ebd48@group-833AA35A7EDE, cid=2710, SUCCESS, logIndex=4034, commits[72f5ceaa-5b3b-4bc7-b846-41895f4ebd48:c4034, b4e1f7d4-4bb4-47ed-a9cb-53483a899fb2:c4032, d3916bce-b37b-4246-83c6-d24846ba1a72:c4032]
2019-07-08 14:21:32,201 INFO  client.GrpcClientProtocolClient (GrpcClientProtocolClient.java:onNext(255)) - client-DE0880F50CF2->72f5ceaa-5b3b-4bc7-b846-41895f4ebd48: receive RaftClientReply:client-DE0880F50CF2->72f5ceaa-5b3b-4bc7-b846-41895f4ebd48@group-833AA35A7EDE, cid=2711, SUCCESS, logIndex=4035, commits[72f5ceaa-5b3b-4bc7-b846-41895f4ebd48:c4036, b4e1f7d4-4bb4-47ed-a9cb-53483a899fb2:c4032, d3916bce-b37b-4246-83c6-d24846ba1a72:c4032]
2019-07-08 14:21:32,202 INFO  client.GrpcClientProtocolClient (GrpcClientProtocolClient.java:onNext(255)) - client-DE0880F50CF2->72f5ceaa-5b3b-4bc7-b846-41895f4ebd48: receive RaftClientReply:client-DE0880F50CF2->72f5ceaa-5b3b-4bc7-b846-41895f4ebd48@group-833AA35A7EDE, cid=2712, SUCCESS, logIndex=4036, commits[72f5ceaa-5b3b-4bc7-b846-41895f4ebd48:c4037, b4e1f7d4-4bb4-47ed-a9cb-53483a899fb2:c4033, d3916bce-b37b-4246-83c6-d24846ba1a72:c4033]
2019-07-08 14:21:32,204 INFO  client.GrpcClientProtocolClient (GrpcClientProtocolClient.java:onNext(255)) - client-DE0880F50CF2->72f5ceaa-5b3b-4bc7-b846-41895f4ebd48: receive RaftClientReply:client-DE0880F50CF2->72f5ceaa-5b3b-4bc7-b846-41895f4ebd48@group-833AA35A7EDE, cid=2713, SUCCESS, logIndex=0, commits[72f5ceaa-5b3b-4bc7-b846-41895f4ebd48:c4038, b4e1f7d4-4bb4-47ed-a9cb-53483a899fb2:c4034, d3916bce-b37b-4246-83c6-d24846ba1a72:c4034]
2019-07-08 14:21:32,228 INFO  client.GrpcClientProtocolClient (GrpcClientProtocolClient.java:onNext(255)) - client-DE0880F50CF2->72f5ceaa-5b3b-4bc7-b846-41895f4ebd48: receive RaftClientReply:client-DE0880F50CF2->72f5ceaa-5b3b-4bc7-b846-41895f4ebd48@group-833AA35A7EDE, cid=2714, SUCCESS, logIndex=4041, commits[72f5ceaa-5b3b-4bc7-b846-41895f4ebd48:c4042, b4e1f7d4-4bb4-47ed-a9cb-53483a899fb2:c4040, d3916bce-b37b-4246-83c6-d24846ba1a72:c4040]
2019-07-08 14:21:32,229 INFO  client.GrpcClientProtocolClient (GrpcClientProtocolClient.java:onNext(255)) - client-DE0880F50CF2->72f5ceaa-5b3b-4bc7-b846-41895f4ebd48: receive RaftClientReply:client-DE0880F50CF2->72f5ceaa-5b3b-4bc7-b846-41895f4ebd48@group-833AA35A7EDE, cid=2715, SUCCESS, logIndex=4042, commits[72f5ceaa-5b3b-4bc7-b846-41895f4ebd48:c4042, b4e1f7d4-4bb4-47ed-a9cb-53483a899fb2:c4040, d3916bce-b37b-4246-83c6-d24846ba1a72:c4040]
2019-07-08 14:21:32,244 INFO  client.GrpcClientProtocolClient (GrpcClientProtocolClient.java:onNext(255)) - client-DE0880F50CF2->72f5ceaa-5b3b-4bc7-b846-41895f4ebd48: receive RaftClientReply:client-DE0880F50CF2->72f5ceaa-5b3b-4bc7-b846-41895f4ebd48@group-833AA35A7EDE, cid=2716, SUCCESS, logIndex=4045, commits[72f5ceaa-5b3b-4bc7-b846-41895f4ebd48:c4046, b4e1f7d4-4bb4-47ed-a9cb-53483a899fb2:c4044, d3916bce-b37b-4246-83c6-d24846ba1a72:c4044]
2019-07-08 14:21:32,244 INFO  client.GrpcClientProtocolClient (GrpcClientProtocolClient.java:onNext(255)) - client-DE0880F50CF2->72f5ceaa-5b3b-4bc7-b846-41895f4ebd48: receive RaftClientReply:client-DE0880F50CF2->72f5ceaa-5b3b-4bc7-b846-41895f4ebd48@group-833AA35A7EDE, cid=2717, SUCCESS, logIndex=4046, commits[72f5ceaa-5b3b-4bc7-b846-41895f4ebd48:c4046, b4e1f7d4-4bb4-47ed-a9cb-53483a899fb2:c4044, d3916bce-b37b-4246-83c6-d24846ba1a72:c4044]
2019-07-08 14:21:32,248 INFO  client.GrpcClientProtocolClient (GrpcClientProtocolClient.java:onNext(255)) - client-DE0880F50CF2->72f5ceaa-5b3b-4bc7-b846-41895f4ebd48: receive RaftClientReply:client-DE0880F50CF2->72f5ceaa-5b3b-4bc7-b846-41895f4ebd48@group-833AA35A7EDE, cid=2718, SUCCESS, logIndex=0, commits[72f5ceaa-5b3b-4bc7-b846-41895f4ebd48:c4048, b4e1f7d4-4bb4-47ed-a9cb-53483a899fb2:c4046, d3916bce-b37b-4246-83c6-d24846ba1a72:c4046]
2019-07-08 14:21:32,303 INFO  client.GrpcClientProtocolClient (GrpcClientProtocolClient.java:onNext(255)) - client-DE0880F50CF2->72f5ceaa-5b3b-4bc7-b846-41895f4ebd48: receive RaftClientReply:client-DE0880F50CF2->72f5ceaa-5b3b-4bc7-b846-41895f4ebd48@group-833AA35A7EDE, cid=2719, SUCCESS, logIndex=4049, commits[72f5ceaa-5b3b-4bc7-b846-41895f4ebd48:c4051, b4e1f7d4-4bb4-47ed-a9cb-53483a899fb2:c4048, d3916bce-b37b-4246-83c6-d24846ba1a72:c4046]
2019-07-08 14:21:32,304 INFO  client.GrpcClientProtocolClient (GrpcClientProtocolClient.java:onNext(255)) - client-DE0880F50CF2->72f5ceaa-5b3b-4bc7-b846-41895f4ebd48: receive RaftClientReply:client-DE0880F50CF2->72f5ceaa-5b3b-4bc7-b846-41895f4ebd48@group-833AA35A7EDE, cid=2720, SUCCESS, logIndex=4050, commits[72f5ceaa-5b3b-4bc7-b846-41895f4ebd48:c4052, b4e1f7d4-4bb4-47ed-a9cb-53483a899fb2:c4048, d3916bce-b37b-4246-83c6-d24846ba1a72:c4048]
2019-07-08 14:21:32,304 INFO  client.GrpcClientProtocolClient (GrpcClientProtocolClient.java:onNext(255)) - client-DE0880F50CF2->72f5ceaa-5b3b-4bc7-b846-41895f4ebd48: receive RaftClientReply:client-DE0880F50CF2->72f5ceaa-5b3b-4bc7-b846-41895f4ebd48@group-833AA35A7EDE, cid=2721, SUCCESS, logIndex=4051, commits[72f5ceaa-5b3b-4bc7-b846-41895f4ebd48:c4052, b4e1f7d4-4bb4-47ed-a9cb-53483a899fb2:c4048, d3916bce-b37b-4246-83c6-d24846ba1a72:c4048]
2019-07-08 14:21:32,304 INFO  client.GrpcClientProtocolClient (GrpcClientProtocolClient.java:onNext(255)) - client-DE0880F50CF2->72f5ceaa-5b3b-4bc7-b846-41895f4ebd48: receive RaftClientReply:client-DE0880F50CF2->72f5ceaa-5b3b-4bc7-b846-41895f4ebd48@group-833AA35A7EDE, cid=2722, SUCCESS, logIndex=4052, commits[72f5ceaa-5b3b-4bc7-b846-41895f4ebd48:c4052, b4e1f7d4-4bb4-47ed-a9cb-53483a899fb2:c4048, d3916bce-b37b-4246-83c6-d24846ba1a72:c4048]
2019-07-08 14:21:32,314 INFO  client.GrpcClientProtocolClient (GrpcClientProtocolClient.java:onNext(255)) - client-DE0880F50CF2->72f5ceaa-5b3b-4bc7-b846-41895f4ebd48: receive RaftClientReply:client-DE0880F50CF2->72f5ceaa-5b3b-4bc7-b846-41895f4ebd48@group-833AA35A7EDE, cid=2723, SUCCESS, logIndex=0, commits[72f5ceaa-5b3b-4bc7-b846-41895f4ebd48:c4053, b4e1f7d4-4bb4-47ed-a9cb-53483a899fb2:c4050, d3916bce-b37b-4246-83c6-d24846ba1a72:c4050]
2019-07-08 14:21:32,338 INFO  client.GrpcClientProtocolClient (GrpcClientProtocolClient.java:onNext(255)) - client-DE0880F50CF2->72f5ceaa-5b3b-4bc7-b846-41895f4ebd48: receive RaftClientReply:client-DE0880F50CF2->72f5ceaa-5b3b-4bc7-b846-41895f4ebd48@group-833AA35A7EDE, cid=2724, SUCCESS, logIndex=4057, commits[72f5ceaa-5b3b-4bc7-b846-41895f4ebd48:c4058, b4e1f7d4-4bb4-47ed-a9cb-53483a899fb2:c4056, d3916bce-b37b-4246-83c6-d24846ba1a72:c4056]
2019-07-08 14:21:32,339 INFO  client.GrpcClientProtocolClient (GrpcClientProtocolClient.java:onNext(255)) - client-DE0880F50CF2->72f5ceaa-5b3b-4bc7-b846-41895f4ebd48: receive RaftClientReply:client-DE0880F50CF2->72f5ceaa-5b3b-4bc7-b846-41895f4ebd48@group-833AA35A7EDE, cid=2725, SUCCESS, logIndex=4058, commits[72f5ceaa-5b3b-4bc7-b846-41895f4ebd48:c4058, b4e1f7d4-4bb4-47ed-a9cb-53483a899fb2:c4056, d3916bce-b37b-4246-83c6-d24846ba1a72:c4056]
2019-07-08 14:21:32,363 INFO  client.GrpcClientProtocolClient (GrpcClientProtocolClient.java:onNext(255)) - client-DE0880F50CF2->72f5ceaa-5b3b-4bc7-b846-41895f4ebd48: receive RaftClientReply:client-DE0880F50CF2->72f5ceaa-5b3b-4bc7-b846-41895f4ebd48@group-833AA35A7EDE, cid=2726, SUCCESS, logIndex=4061, commits[72f5ceaa-5b3b-4bc7-b846-41895f4ebd48:c4062, b4e1f7d4-4bb4-47ed-a9cb-53483a899fb2:c4058, d3916bce-b37b-4246-83c6-d24846ba1a72:c4058]
2019-07-08 14:21:32,363 INFO  client.GrpcClientProtocolClient (GrpcClientProtocolClient.java:onNext(255)) - client-DE0880F50CF2->72f5ceaa-5b3b-4bc7-b846-41895f4ebd48: receive RaftClientReply:client-DE0880F50CF2->72f5ceaa-5b3b-4bc7-b846-41895f4ebd48@group-833AA35A7EDE, cid=2727, SUCCESS, logIndex=4062, commits[72f5ceaa-5b3b-4bc7-b846-41895f4ebd48:c4062, b4e1f7d4-4bb4-47ed-a9cb-53483a899fb2:c4058, d3916bce-b37b-4246-83c6-d24846ba1a72:c4058]
2019-07-08 14:21:32,375 INFO  client.GrpcClientProtocolClient (GrpcClientProtocolClient.java:onNext(255)) - client-DE0880F50CF2->72f5ceaa-5b3b-4bc7-b846-41895f4ebd48: receive RaftClientReply:client-DE0880F50CF2->72f5ceaa-5b3b-4bc7-b846-41895f4ebd48@group-833AA35A7EDE, cid=2728, SUCCESS, logIndex=0, commits[72f5ceaa-5b3b-4bc7-b846-41895f4ebd48:c4063, b4e1f7d4-4bb4-47ed-a9cb-53483a899fb2:c4062, d3916bce-b37b-4246-83c6-d24846ba1a72:c4062]
2019-07-08 14:21:32,410 INFO  client.GrpcClientProtocolClient (GrpcClientProtocolClient.java:onNext(255)) - client-DE0880F50CF2->72f5ceaa-5b3b-4bc7-b846-41895f4ebd48: receive RaftClientReply:client-DE0880F50CF2->72f5ceaa-5b3b-4bc7-b846-41895f4ebd48@group-833AA35A7EDE, cid=2729, SUCCESS, logIndex=4065, commits[72f5ceaa-5b3b-4bc7-b846-41895f4ebd48:c4066, b4e1f7d4-4bb4-47ed-a9cb-53483a899fb2:c4064, d3916bce-b37b-4246-83c6-d24846ba1a72:c4064]
2019-07-08 14:21:32,411 INFO  client.GrpcClientProtocolClient (GrpcClientProtocolClient.java:onNext(255)) - client-DE0880F50CF2->72f5ceaa-5b3b-4bc7-b846-41895f4ebd48: receive RaftClientReply:client-DE0880F50CF2->72f5ceaa-5b3b-4bc7-b846-41895f4ebd48@group-833AA35A7EDE, cid=2730, SUCCESS, logIndex=4066, commits[72f5ceaa-5b3b-4bc7-b846-41895f4ebd48:c4066, b4e1f7d4-4bb4-47ed-a9cb-53483a899fb2:c4064, d3916bce-b37b-4246-83c6-d24846ba1a72:c4064]
2019-07-08 14:21:32,423 INFO  client.GrpcClientProtocolClient (GrpcClientProtocolClient.java:onNext(255)) - client-DE0880F50CF2->72f5ceaa-5b3b-4bc7-b846-41895f4ebd48: receive RaftClientReply:client-DE0880F50CF2->72f5ceaa-5b3b-4bc7-b846-41895f4ebd48@group-833AA35A7EDE, cid=2731, SUCCESS, logIndex=4067, commits[72f5ceaa-5b3b-4bc7-b846-41895f4ebd48:c4068, b4e1f7d4-4bb4-47ed-a9cb-53483a899fb2:c4064, d3916bce-b37b-4246-83c6-d24846ba1a72:c4064]
2019-07-08 14:21:32,423 INFO  client.GrpcClientProtocolClient (GrpcClientProtocolClient.java:onNext(255)) - client-DE0880F50CF2->72f5ceaa-5b3b-4bc7-b846-41895f4ebd48: receive RaftClientReply:client-DE0880F50CF2->72f5ceaa-5b3b-4bc7-b846-41895f4ebd48@group-833AA35A7EDE, cid=2732, SUCCESS, logIndex=4068, commits[72f5ceaa-5b3b-4bc7-b846-41895f4ebd48:c4068, b4e1f7d4-4bb4-47ed-a9cb-53483a899fb2:c4064, d3916bce-b37b-4246-83c6-d24846ba1a72:c4064]
2019-07-08 14:21:32,435 INFO  client.GrpcClientProtocolClient (GrpcClientProtocolClient.java:onNext(255)) - client-DE0880F50CF2->72f5ceaa-5b3b-4bc7-b846-41895f4ebd48: receive RaftClientReply:client-DE0880F50CF2->72f5ceaa-5b3b-4bc7-b846-41895f4ebd48@group-833AA35A7EDE, cid=2733, SUCCESS, logIndex=0, commits[72f5ceaa-5b3b-4bc7-b846-41895f4ebd48:c4070, b4e1f7d4-4bb4-47ed-a9cb-53483a899fb2:c4066, d3916bce-b37b-4246-83c6-d24846ba1a72:c4066]
2019-07-08 14:21:32,459 INFO  client.GrpcClientProtocolClient (GrpcClientProtocolClient.java:onNext(255)) - client-DE0880F50CF2->72f5ceaa-5b3b-4bc7-b846-41895f4ebd48: receive RaftClientReply:client-DE0880F50CF2->72f5ceaa-5b3b-4bc7-b846-41895f4ebd48@group-833AA35A7EDE, cid=2734, SUCCESS, logIndex=4073, commits[72f5ceaa-5b3b-4bc7-b846-41895f4ebd48:c4074, b4e1f7d4-4bb4-47ed-a9cb-53483a899fb2:c4068, d3916bce-b37b-4246-83c6-d24846ba1a72:c4070]
2019-07-08 14:21:32,460 INFO  client.GrpcClientProtocolClient (GrpcClientProtocolClient.java:onNext(255)) - client-DE0880F50CF2->72f5ceaa-5b3b-4bc7-b846-41895f4ebd48: receive RaftClientReply:client-DE0880F50CF2->72f5ceaa-5b3b-4bc7-b846-41895f4ebd48@group-833AA35A7EDE, cid=2735, SUCCESS, logIndex=4074, commits[72f5ceaa-5b3b-4bc7-b846-41895f4ebd48:c4074, b4e1f7d4-4bb4-47ed-a9cb-53483a899fb2:c4070, d3916bce-b37b-4246-83c6-d24846ba1a72:c4070]
2019-07-08 14:21:32,487 INFO  client.GrpcClientProtocolClient (GrpcClientProtocolClient.java:onNext(255)) - client-DE0880F50CF2->72f5ceaa-5b3b-4bc7-b846-41895f4ebd48: receive RaftClientReply:client-DE0880F50CF2->72f5ceaa-5b3b-4bc7-b846-41895f4ebd48@group-833AA35A7EDE, cid=2736, SUCCESS, logIndex=4077, commits[72f5ceaa-5b3b-4bc7-b846-41895f4ebd48:c4078, b4e1f7d4-4bb4-47ed-a9cb-53483a899fb2:c4073, d3916bce-b37b-4246-83c6-d24846ba1a72:c4074]
2019-07-08 14:21:32,488 INFO  client.GrpcClientProtocolClient (GrpcClientProtocolClient.java:onNext(255)) - client-DE0880F50CF2->72f5ceaa-5b3b-4bc7-b846-41895f4ebd48: receive RaftClientReply:client-DE0880F50CF2->72f5ceaa-5b3b-4bc7-b846-41895f4ebd48@group-833AA35A7EDE, cid=2737, SUCCESS, logIndex=4078, commits[72f5ceaa-5b3b-4bc7-b846-41895f4ebd48:c4078, b4e1f7d4-4bb4-47ed-a9cb-53483a899fb2:c4074, d3916bce-b37b-4246-83c6-d24846ba1a72:c4074]
2019-07-08 14:21:32,500 INFO  client.GrpcClientProtocolClient (GrpcClientProtocolClient.java:onNext(255)) - client-DE0880F50CF2->72f5ceaa-5b3b-4bc7-b846-41895f4ebd48: receive RaftClientReply:client-DE0880F50CF2->72f5ceaa-5b3b-4bc7-b846-41895f4ebd48@group-833AA35A7EDE, cid=2738, SUCCESS, logIndex=0, commits[72f5ceaa-5b3b-4bc7-b846-41895f4ebd48:c4079, b4e1f7d4-4bb4-47ed-a9cb-53483a899fb2:c4078, d3916bce-b37b-4246-83c6-d24846ba1a72:c4078]
2019-07-08 14:21:32,546 INFO  client.GrpcClientProtocolClient (GrpcClientProtocolClient.java:onNext(255)) - client-DE0880F50CF2->72f5ceaa-5b3b-4bc7-b846-41895f4ebd48: receive RaftClientReply:client-DE0880F50CF2->72f5ceaa-5b3b-4bc7-b846-41895f4ebd48@group-833AA35A7EDE, cid=2739, SUCCESS, logIndex=4080, commits[72f5ceaa-5b3b-4bc7-b846-41895f4ebd48:c4082, b4e1f7d4-4bb4-47ed-a9cb-53483a899fb2:c4079, d3916bce-b37b-4246-83c6-d24846ba1a72:c4079]
2019-07-08 14:21:32,546 INFO  client.GrpcClientProtocolClient (GrpcClientProtocolClient.java:onNext(255)) - client-DE0880F50CF2->72f5ceaa-5b3b-4bc7-b846-41895f4ebd48: receive RaftClientReply:client-DE0880F50CF2->72f5ceaa-5b3b-4bc7-b846-41895f4ebd48@group-833AA35A7EDE, cid=2740, SUCCESS, logIndex=4081, commits[72f5ceaa-5b3b-4bc7-b846-41895f4ebd48:c4083, b4e1f7d4-4bb4-47ed-a9cb-53483a899fb2:c4079, d3916bce-b37b-4246-83c6-d24846ba1a72:c4079]
2019-07-08 14:21:32,547 INFO  client.GrpcClientProtocolClient (GrpcClientProtocolClient.java:onNext(255)) - client-DE0880F50CF2->72f5ceaa-5b3b-4bc7-b846-41895f4ebd48: receive RaftClientReply:client-DE0880F50CF2->72f5ceaa-5b3b-4bc7-b846-41895f4ebd48@group-833AA35A7EDE, cid=2741, SUCCESS, logIndex=4082, commits[72f5ceaa-5b3b-4bc7-b846-41895f4ebd48:c4083, b4e1f7d4-4bb4-47ed-a9cb-53483a899fb2:c4079, d3916bce-b37b-4246-83c6-d24846ba1a72:c4079]
2019-07-08 14:21:32,547 INFO  client.GrpcClientProtocolClient (GrpcClientProtocolClient.java:onNext(255)) - client-DE0880F50CF2->72f5ceaa-5b3b-4bc7-b846-41895f4ebd48: receive RaftClientReply:client-DE0880F50CF2->72f5ceaa-5b3b-4bc7-b846-41895f4ebd48@group-833AA35A7EDE, cid=2742, SUCCESS, logIndex=4083, commits[72f5ceaa-5b3b-4bc7-b846-41895f4ebd48:c4083, b4e1f7d4-4bb4-47ed-a9cb-53483a899fb2:c4079, d3916bce-b37b-4246-83c6-d24846ba1a72:c4079]
2019-07-08 14:21:32,561 INFO  client.GrpcClientProtocolClient (GrpcClientProtocolClient.java:onNext(255)) - client-DE0880F50CF2->72f5ceaa-5b3b-4bc7-b846-41895f4ebd48: receive RaftClientReply:client-DE0880F50CF2->72f5ceaa-5b3b-4bc7-b846-41895f4ebd48@group-833AA35A7EDE, cid=2743, SUCCESS, logIndex=0, commits[72f5ceaa-5b3b-4bc7-b846-41895f4ebd48:c4084, b4e1f7d4-4bb4-47ed-a9cb-53483a899fb2:c4081, d3916bce-b37b-4246-83c6-d24846ba1a72:c4081]
2019-07-08 14:21:32,583 INFO  client.GrpcClientProtocolClient (GrpcClientProtocolClient.java:onNext(255)) - client-DE0880F50CF2->72f5ceaa-5b3b-4bc7-b846-41895f4ebd48: receive RaftClientReply:client-DE0880F50CF2->72f5ceaa-5b3b-4bc7-b846-41895f4ebd48@group-833AA35A7EDE, cid=2744, SUCCESS, logIndex=4088, commits[72f5ceaa-5b3b-4bc7-b846-41895f4ebd48:c4089, b4e1f7d4-4bb4-47ed-a9cb-53483a899fb2:c4087, d3916bce-b37b-4246-83c6-d24846ba1a72:c4087]
2019-07-08 14:21:32,584 INFO  client.GrpcClientProtocolClient (GrpcClientProtocolClient.java:onNext(255)) - client-DE0880F50CF2->72f5ceaa-5b3b-4bc7-b846-41895f4ebd48: receive RaftClientReply:client-DE0880F50CF2->72f5ceaa-5b3b-4bc7-b846-41895f4ebd48@group-833AA35A7EDE, cid=2745, SUCCESS, logIndex=4089, commits[72f5ceaa-5b3b-4bc7-b846-41895f4ebd48:c4089, b4e1f7d4-4bb4-47ed-a9cb-53483a899fb2:c4087, d3916bce-b37b-4246-83c6-d24846ba1a72:c4087]
2019-07-08 14:21:32,608 INFO  client.GrpcClientProtocolClient (GrpcClientProtocolClient.java:onNext(255)) - client-DE0880F50CF2->72f5ceaa-5b3b-4bc7-b846-41895f4ebd48: receive RaftClientReply:client-DE0880F50CF2->72f5ceaa-5b3b-4bc7-b846-41895f4ebd48@group-833AA35A7EDE, cid=2746, SUCCESS, logIndex=4092, commits[72f5ceaa-5b3b-4bc7-b846-41895f4ebd48:c4093, b4e1f7d4-4bb4-47ed-a9cb-53483a899fb2:c4088, d3916bce-b37b-4246-83c6-d24846ba1a72:c4089]
2019-07-08 14:21:32,608 INFO  client.GrpcClientProtocolClient (GrpcClientProtocolClient.java:onNext(255)) - client-DE0880F50CF2->72f5ceaa-5b3b-4bc7-b846-41895f4ebd48: receive RaftClientReply:client-DE0880F50CF2->72f5ceaa-5b3b-4bc7-b846-41895f4ebd48@group-833AA35A7EDE, cid=2747, SUCCESS, logIndex=4093, commits[72f5ceaa-5b3b-4bc7-b846-41895f4ebd48:c4093, b4e1f7d4-4bb4-47ed-a9cb-53483a899fb2:c4089, d3916bce-b37b-4246-83c6-d24846ba1a72:c4089]
2019-07-08 14:21:32,623 INFO  client.GrpcClientProtocolClient (GrpcClientProtocolClient.java:onNext(255)) - client-DE0880F50CF2->72f5ceaa-5b3b-4bc7-b846-41895f4ebd48: receive RaftClientReply:client-DE0880F50CF2->72f5ceaa-5b3b-4bc7-b846-41895f4ebd48@group-833AA35A7EDE, cid=2748, SUCCESS, logIndex=0, commits[72f5ceaa-5b3b-4bc7-b846-41895f4ebd48:c4095, b4e1f7d4-4bb4-47ed-a9cb-53483a899fb2:c4093, d3916bce-b37b-4246-83c6-d24846ba1a72:c4093]
2019-07-08 14:21:32,656 INFO  client.GrpcClientProtocolClient (GrpcClientProtocolClient.java:onNext(255)) - client-DE0880F50CF2->72f5ceaa-5b3b-4bc7-b846-41895f4ebd48: receive RaftClientReply:client-DE0880F50CF2->72f5ceaa-5b3b-4bc7-b846-41895f4ebd48@group-833AA35A7EDE, cid=2749, SUCCESS, logIndex=4096, commits[72f5ceaa-5b3b-4bc7-b846-41895f4ebd48:c4096, b4e1f7d4-4bb4-47ed-a9cb-53483a899fb2:c4095, d3916bce-b37b-4246-83c6-d24846ba1a72:c4095]
2019-07-08 14:21:32,656 INFO  client.GrpcClientProtocolClient (GrpcClientProtocolClient.java:onNext(255)) - client-DE0880F50CF2->72f5ceaa-5b3b-4bc7-b846-41895f4ebd48: receive RaftClientReply:client-DE0880F50CF2->72f5ceaa-5b3b-4bc7-b846-41895f4ebd48@group-833AA35A7EDE, cid=2750, SUCCESS, logIndex=4097, commits[72f5ceaa-5b3b-4bc7-b846-41895f4ebd48:c4099, b4e1f7d4-4bb4-47ed-a9cb-53483a899fb2:c4095, d3916bce-b37b-4246-83c6-d24846ba1a72:c4095]
2019-07-08 14:21:32,657 INFO  client.GrpcClientProtocolClient (GrpcClientProtocolClient.java:onNext(255)) - client-DE0880F50CF2->72f5ceaa-5b3b-4bc7-b846-41895f4ebd48: receive RaftClientReply:client-DE0880F50CF2->72f5ceaa-5b3b-4bc7-b846-41895f4ebd48@group-833AA35A7EDE, cid=2751, SUCCESS, logIndex=4098, commits[72f5ceaa-5b3b-4bc7-b846-41895f4ebd48:c4099, b4e1f7d4-4bb4-47ed-a9cb-53483a899fb2:c4095, d3916bce-b37b-4246-83c6-d24846ba1a72:c4095]
2019-07-08 14:21:32,657 INFO  client.GrpcClientProtocolClient (GrpcClientProtocolClient.java:onNext(255)) - client-DE0880F50CF2->72f5ceaa-5b3b-4bc7-b846-41895f4ebd48: receive RaftClientReply:client-DE0880F50CF2->72f5ceaa-5b3b-4bc7-b846-41895f4ebd48@group-833AA35A7EDE, cid=2752, SUCCESS, logIndex=4099, commits[72f5ceaa-5b3b-4bc7-b846-41895f4ebd48:c4099, b4e1f7d4-4bb4-47ed-a9cb-53483a899fb2:c4095, d3916bce-b37b-4246-83c6-d24846ba1a72:c4095]
2019-07-08 14:21:32,683 INFO  client.GrpcClientProtocolClient (GrpcClientProtocolClient.java:onNext(255)) - client-DE0880F50CF2->72f5ceaa-5b3b-4bc7-b846-41895f4ebd48: receive RaftClientReply:client-DE0880F50CF2->72f5ceaa-5b3b-4bc7-b846-41895f4ebd48@group-833AA35A7EDE, cid=2753, SUCCESS, logIndex=0, commits[72f5ceaa-5b3b-4bc7-b846-41895f4ebd48:c4102, b4e1f7d4-4bb4-47ed-a9cb-53483a899fb2:c4098, d3916bce-b37b-4246-83c6-d24846ba1a72:c4099]
2019-07-08 14:21:32,706 INFO  client.GrpcClientProtocolClient (GrpcClientProtocolClient.java:onNext(255)) - client-DE0880F50CF2->72f5ceaa-5b3b-4bc7-b846-41895f4ebd48: receive RaftClientReply:client-DE0880F50CF2->72f5ceaa-5b3b-4bc7-b846-41895f4ebd48@group-833AA35A7EDE, cid=2754, SUCCESS, logIndex=4103, commits[72f5ceaa-5b3b-4bc7-b846-41895f4ebd48:c4104, b4e1f7d4-4bb4-47ed-a9cb-53483a899fb2:c4102, d3916bce-b37b-4246-83c6-d24846ba1a72:c4102]
2019-07-08 14:21:32,706 INFO  client.GrpcClientProtocolClient (GrpcClientProtocolClient.java:onNext(255)) - client-DE0880F50CF2->72f5ceaa-5b3b-4bc7-b846-41895f4ebd48: receive RaftClientReply:client-DE0880F50CF2->72f5ceaa-5b3b-4bc7-b846-41895f4ebd48@group-833AA35A7EDE, cid=2755, SUCCESS, logIndex=4104, commits[72f5ceaa-5b3b-4bc7-b846-41895f4ebd48:c4104, b4e1f7d4-4bb4-47ed-a9cb-53483a899fb2:c4102, d3916bce-b37b-4246-83c6-d24846ba1a72:c4102]
2019-07-08 14:21:32,726 INFO  client.GrpcClientProtocolClient (GrpcClientProtocolClient.java:onNext(255)) - client-DE0880F50CF2->72f5ceaa-5b3b-4bc7-b846-41895f4ebd48: receive RaftClientReply:client-DE0880F50CF2->72f5ceaa-5b3b-4bc7-b846-41895f4ebd48@group-833AA35A7EDE, cid=2756, SUCCESS, logIndex=4107, commits[72f5ceaa-5b3b-4bc7-b846-41895f4ebd48:c4108, b4e1f7d4-4bb4-47ed-a9cb-53483a899fb2:c4104, d3916bce-b37b-4246-83c6-d24846ba1a72:c4104]
2019-07-08 14:21:32,726 INFO  client.GrpcClientProtocolClient (GrpcClientProtocolClient.java:onNext(255)) - client-DE0880F50CF2->72f5ceaa-5b3b-4bc7-b846-41895f4ebd48: receive RaftClientReply:client-DE0880F50CF2->72f5ceaa-5b3b-4bc7-b846-41895f4ebd48@group-833AA35A7EDE, cid=2757, SUCCESS, logIndex=4108, commits[72f5ceaa-5b3b-4bc7-b846-41895f4ebd48:c4108, b4e1f7d4-4bb4-47ed-a9cb-53483a899fb2:c4104, d3916bce-b37b-4246-83c6-d24846ba1a72:c4104]
2019-07-08 14:21:32,752 INFO  client.GrpcClientProtocolClient (GrpcClientProtocolClient.java:onNext(255)) - client-DE0880F50CF2->72f5ceaa-5b3b-4bc7-b846-41895f4ebd48: receive RaftClientReply:client-DE0880F50CF2->72f5ceaa-5b3b-4bc7-b846-41895f4ebd48@group-833AA35A7EDE, cid=2758, SUCCESS, logIndex=0, commits[72f5ceaa-5b3b-4bc7-b846-41895f4ebd48:c4110, b4e1f7d4-4bb4-47ed-a9cb-53483a899fb2:c4108, d3916bce-b37b-4246-83c6-d24846ba1a72:c4108]
2019-07-08 14:21:32,799 INFO  client.GrpcClientProtocolClient (GrpcClientProtocolClient.java:onNext(255)) - client-DE0880F50CF2->72f5ceaa-5b3b-4bc7-b846-41895f4ebd48: receive RaftClientReply:client-DE0880F50CF2->72f5ceaa-5b3b-4bc7-b846-41895f4ebd48@group-833AA35A7EDE, cid=2759, SUCCESS, logIndex=4111, commits[72f5ceaa-5b3b-4bc7-b846-41895f4ebd48:c4112, b4e1f7d4-4bb4-47ed-a9cb-53483a899fb2:c4110, d3916bce-b37b-4246-83c6-d24846ba1a72:c4110]
2019-07-08 14:21:32,799 INFO  client.GrpcClientProtocolClient (GrpcClientProtocolClient.java:onNext(255)) - client-DE0880F50CF2->72f5ceaa-5b3b-4bc7-b846-41895f4ebd48: receive RaftClientReply:client-DE0880F50CF2->72f5ceaa-5b3b-4bc7-b846-41895f4ebd48@group-833AA35A7EDE, cid=2760, SUCCESS, logIndex=4112, commits[72f5ceaa-5b3b-4bc7-b846-41895f4ebd48:c4113, b4e1f7d4-4bb4-47ed-a9cb-53483a899fb2:c4110, d3916bce-b37b-4246-83c6-d24846ba1a72:c4110]
2019-07-08 14:21:32,800 INFO  client.GrpcClientProtocolClient (GrpcClientProtocolClient.java:onNext(255)) - client-DE0880F50CF2->72f5ceaa-5b3b-4bc7-b846-41895f4ebd48: receive RaftClientReply:client-DE0880F50CF2->72f5ceaa-5b3b-4bc7-b846-41895f4ebd48@group-833AA35A7EDE, cid=2761, SUCCESS, logIndex=4113, commits[72f5ceaa-5b3b-4bc7-b846-41895f4ebd48:c4114, b4e1f7d4-4bb4-47ed-a9cb-53483a899fb2:c4110, d3916bce-b37b-4246-83c6-d24846ba1a72:c4110]
2019-07-08 14:21:32,800 INFO  client.GrpcClientProtocolClient (GrpcClientProtocolClient.java:onNext(255)) - client-DE0880F50CF2->72f5ceaa-5b3b-4bc7-b846-41895f4ebd48: receive RaftClientReply:client-DE0880F50CF2->72f5ceaa-5b3b-4bc7-b846-41895f4ebd48@group-833AA35A7EDE, cid=2762, SUCCESS, logIndex=4114, commits[72f5ceaa-5b3b-4bc7-b846-41895f4ebd48:c4114, b4e1f7d4-4bb4-47ed-a9cb-53483a899fb2:c4110, d3916bce-b37b-4246-83c6-d24846ba1a72:c4110]
2019-07-08 14:21:32,813 INFO  client.GrpcClientProtocolClient (GrpcClientProtocolClient.java:onNext(255)) - client-DE0880F50CF2->72f5ceaa-5b3b-4bc7-b846-41895f4ebd48: receive RaftClientReply:client-DE0880F50CF2->72f5ceaa-5b3b-4bc7-b846-41895f4ebd48@group-833AA35A7EDE, cid=2763, SUCCESS, logIndex=0, commits[72f5ceaa-5b3b-4bc7-b846-41895f4ebd48:c4115, b4e1f7d4-4bb4-47ed-a9cb-53483a899fb2:c4112, d3916bce-b37b-4246-83c6-d24846ba1a72:c4112]
2019-07-08 14:21:32,837 INFO  client.GrpcClientProtocolClient (GrpcClientProtocolClient.java:onNext(255)) - client-DE0880F50CF2->72f5ceaa-5b3b-4bc7-b846-41895f4ebd48: receive RaftClientReply:client-DE0880F50CF2->72f5ceaa-5b3b-4bc7-b846-41895f4ebd48@group-833AA35A7EDE, cid=2764, SUCCESS, logIndex=4119, commits[72f5ceaa-5b3b-4bc7-b846-41895f4ebd48:c4120, b4e1f7d4-4bb4-47ed-a9cb-53483a899fb2:c4118, d3916bce-b37b-4246-83c6-d24846ba1a72:c4118]
2019-07-08 14:21:32,837 INFO  client.GrpcClientProtocolClient (GrpcClientProtocolClient.java:onNext(255)) - client-DE0880F50CF2->72f5ceaa-5b3b-4bc7-b846-41895f4ebd48: receive RaftClientReply:client-DE0880F50CF2->72f5ceaa-5b3b-4bc7-b846-41895f4ebd48@group-833AA35A7EDE, cid=2765, SUCCESS, logIndex=4120, commits[72f5ceaa-5b3b-4bc7-b846-41895f4ebd48:c4120, b4e1f7d4-4bb4-47ed-a9cb-53483a899fb2:c4118, d3916bce-b37b-4246-83c6-d24846ba1a72:c4118]
 0.00% |█                                                                                                    |  0/1 Time: 0:00:272019-07-08 14:21:32,987 INFO  client.GrpcClientProtocolClient (GrpcClientProtocolClient.java:onNext(255)) - client-DE0880F50CF2->72f5ceaa-5b3b-4bc7-b846-41895f4ebd48: receive RaftClientReply:client-DE0880F50CF2->72f5ceaa-5b3b-4bc7-b846-41895f4ebd48@group-833AA35A7EDE, cid=2766, SUCCESS, logIndex=4123, commits[72f5ceaa-5b3b-4bc7-b846-41895f4ebd48:c4124, b4e1f7d4-4bb4-47ed-a9cb-53483a899fb2:c4121, d3916bce-b37b-4246-83c6-d24846ba1a72:c4121]
2019-07-08 14:21:32,988 INFO  client.GrpcClientProtocolClient (GrpcClientProtocolClient.java:onNext(255)) - client-DE0880F50CF2->72f5ceaa-5b3b-4bc7-b846-41895f4ebd48: receive RaftClientReply:client-DE0880F50CF2->72f5ceaa-5b3b-4bc7-b846-41895f4ebd48@group-833AA35A7EDE, cid=2767, SUCCESS, logIndex=4124, commits[72f5ceaa-5b3b-4bc7-b846-41895f4ebd48:c4124, b4e1f7d4-4bb4-47ed-a9cb-53483a899fb2:c4121, d3916bce-b37b-4246-83c6-d24846ba1a72:c4121]
2019-07-08 14:21:32,999 INFO  client.GrpcClientProtocolClient (GrpcClientProtocolClient.java:onNext(255)) - client-DE0880F50CF2->72f5ceaa-5b3b-4bc7-b846-41895f4ebd48: receive RaftClientReply:client-DE0880F50CF2->72f5ceaa-5b3b-4bc7-b846-41895f4ebd48@group-833AA35A7EDE, cid=2768, SUCCESS, logIndex=0, commits[72f5ceaa-5b3b-4bc7-b846-41895f4ebd48:c4125, b4e1f7d4-4bb4-47ed-a9cb-53483a899fb2:c4124, d3916bce-b37b-4246-83c6-d24846ba1a72:c4124]
2019-07-08 14:21:33,034 INFO  client.GrpcClientProtocolClient (GrpcClientProtocolClient.java:onNext(255)) - client-DE0880F50CF2->72f5ceaa-5b3b-4bc7-b846-41895f4ebd48: receive RaftClientReply:client-DE0880F50CF2->72f5ceaa-5b3b-4bc7-b846-41895f4ebd48@group-833AA35A7EDE, cid=2769, SUCCESS, logIndex=4127, commits[72f5ceaa-5b3b-4bc7-b846-41895f4ebd48:c4128, b4e1f7d4-4bb4-47ed-a9cb-53483a899fb2:c4126, d3916bce-b37b-4246-83c6-d24846ba1a72:c4126]
2019-07-08 14:21:33,034 INFO  client.GrpcClientProtocolClient (GrpcClientProtocolClient.java:onNext(255)) - client-DE0880F50CF2->72f5ceaa-5b3b-4bc7-b846-41895f4ebd48: receive RaftClientReply:client-DE0880F50CF2->72f5ceaa-5b3b-4bc7-b846-41895f4ebd48@group-833AA35A7EDE, cid=2770, SUCCESS, logIndex=4128, commits[72f5ceaa-5b3b-4bc7-b846-41895f4ebd48:c4128, b4e1f7d4-4bb4-47ed-a9cb-53483a899fb2:c4126, d3916bce-b37b-4246-83c6-d24846ba1a72:c4126]
2019-07-08 14:21:33,047 INFO  client.GrpcClientProtocolClient (GrpcClientProtocolClient.java:onNext(255)) - client-DE0880F50CF2->72f5ceaa-5b3b-4bc7-b846-41895f4ebd48: receive RaftClientReply:client-DE0880F50CF2->72f5ceaa-5b3b-4bc7-b846-41895f4ebd48@group-833AA35A7EDE, cid=2771, SUCCESS, logIndex=4129, commits[72f5ceaa-5b3b-4bc7-b846-41895f4ebd48:c4130, b4e1f7d4-4bb4-47ed-a9cb-53483a899fb2:c4126, d3916bce-b37b-4246-83c6-d24846ba1a72:c4126]
2019-07-08 14:21:33,047 INFO  client.GrpcClientProtocolClient (GrpcClientProtocolClient.java:onNext(255)) - client-DE0880F50CF2->72f5ceaa-5b3b-4bc7-b846-41895f4ebd48: receive RaftClientReply:client-DE0880F50CF2->72f5ceaa-5b3b-4bc7-b846-41895f4ebd48@group-833AA35A7EDE, cid=2772, SUCCESS, logIndex=4130, commits[72f5ceaa-5b3b-4bc7-b846-41895f4ebd48:c4130, b4e1f7d4-4bb4-47ed-a9cb-53483a899fb2:c4126, d3916bce-b37b-4246-83c6-d24846ba1a72:c4126]
2019-07-08 14:21:33,060 INFO  client.GrpcClientProtocolClient (GrpcClientProtocolClient.java:onNext(255)) - client-DE0880F50CF2->72f5ceaa-5b3b-4bc7-b846-41895f4ebd48: receive RaftClientReply:client-DE0880F50CF2->72f5ceaa-5b3b-4bc7-b846-41895f4ebd48@group-833AA35A7EDE, cid=2773, SUCCESS, logIndex=0, commits[72f5ceaa-5b3b-4bc7-b846-41895f4ebd48:c4132, b4e1f7d4-4bb4-47ed-a9cb-53483a899fb2:c4128, d3916bce-b37b-4246-83c6-d24846ba1a72:c4128]
2019-07-08 14:21:33,085 INFO  client.GrpcClientProtocolClient (GrpcClientProtocolClient.java:onNext(255)) - client-DE0880F50CF2->72f5ceaa-5b3b-4bc7-b846-41895f4ebd48: receive RaftClientReply:client-DE0880F50CF2->72f5ceaa-5b3b-4bc7-b846-41895f4ebd48@group-833AA35A7EDE, cid=2774, SUCCESS, logIndex=4135, commits[72f5ceaa-5b3b-4bc7-b846-41895f4ebd48:c4136, b4e1f7d4-4bb4-47ed-a9cb-53483a899fb2:c4132, d3916bce-b37b-4246-83c6-d24846ba1a72:c4132]
2019-07-08 14:21:33,086 INFO  client.GrpcClientProtocolClient (GrpcClientProtocolClient.java:onNext(255)) - client-DE0880F50CF2->72f5ceaa-5b3b-4bc7-b846-41895f4ebd48: receive RaftClientReply:client-DE0880F50CF2->72f5ceaa-5b3b-4bc7-b846-41895f4ebd48@group-833AA35A7EDE, cid=2775, SUCCESS, logIndex=4136, commits[72f5ceaa-5b3b-4bc7-b846-41895f4ebd48:c4136, b4e1f7d4-4bb4-47ed-a9cb-53483a899fb2:c4132, d3916bce-b37b-4246-83c6-d24846ba1a72:c4132]
2019-07-08 14:21:33,110 INFO  client.GrpcClientProtocolClient (GrpcClientProtocolClient.java:onNext(255)) - client-DE0880F50CF2->72f5ceaa-5b3b-4bc7-b846-41895f4ebd48: receive RaftClientReply:client-DE0880F50CF2->72f5ceaa-5b3b-4bc7-b846-41895f4ebd48@group-833AA35A7EDE, cid=2776, SUCCESS, logIndex=4139, commits[72f5ceaa-5b3b-4bc7-b846-41895f4ebd48:c4140, b4e1f7d4-4bb4-47ed-a9cb-53483a899fb2:c4136, d3916bce-b37b-4246-83c6-d24846ba1a72:c4136]
2019-07-08 14:21:33,111 INFO  client.GrpcClientProtocolClient (GrpcClientProtocolClient.java:onNext(255)) - client-DE0880F50CF2->72f5ceaa-5b3b-4bc7-b846-41895f4ebd48: receive RaftClientReply:client-DE0880F50CF2->72f5ceaa-5b3b-4bc7-b846-41895f4ebd48@group-833AA35A7EDE, cid=2777, SUCCESS, logIndex=4140, commits[72f5ceaa-5b3b-4bc7-b846-41895f4ebd48:c4140, b4e1f7d4-4bb4-47ed-a9cb-53483a899fb2:c4136, d3916bce-b37b-4246-83c6-d24846ba1a72:c4136]
2019-07-08 14:21:33,129 INFO  client.GrpcClientProtocolClient (GrpcClientProtocolClient.java:onNext(255)) - client-DE0880F50CF2->72f5ceaa-5b3b-4bc7-b846-41895f4ebd48: receive RaftClientReply:client-DE0880F50CF2->72f5ceaa-5b3b-4bc7-b846-41895f4ebd48@group-833AA35A7EDE, cid=2778, SUCCESS, logIndex=0, commits[72f5ceaa-5b3b-4bc7-b846-41895f4ebd48:c4141, b4e1f7d4-4bb4-47ed-a9cb-53483a899fb2:c4140, d3916bce-b37b-4246-83c6-d24846ba1a72:c4140]
2019-07-08 14:21:33,164 INFO  client.GrpcClientProtocolClient (GrpcClientProtocolClient.java:onNext(255)) - client-DE0880F50CF2->72f5ceaa-5b3b-4bc7-b846-41895f4ebd48: receive RaftClientReply:client-DE0880F50CF2->72f5ceaa-5b3b-4bc7-b846-41895f4ebd48@group-833AA35A7EDE, cid=2779, SUCCESS, logIndex=4143, commits[72f5ceaa-5b3b-4bc7-b846-41895f4ebd48:c4144, b4e1f7d4-4bb4-47ed-a9cb-53483a899fb2:c4142, d3916bce-b37b-4246-83c6-d24846ba1a72:c4142]
2019-07-08 14:21:33,165 INFO  client.GrpcClientProtocolClient (GrpcClientProtocolClient.java:onNext(255)) - client-DE0880F50CF2->72f5ceaa-5b3b-4bc7-b846-41895f4ebd48: receive RaftClientReply:client-DE0880F50CF2->72f5ceaa-5b3b-4bc7-b846-41895f4ebd48@group-833AA35A7EDE, cid=2780, SUCCESS, logIndex=4144, commits[72f5ceaa-5b3b-4bc7-b846-41895f4ebd48:c4146, b4e1f7d4-4bb4-47ed-a9cb-53483a899fb2:c4142, d3916bce-b37b-4246-83c6-d24846ba1a72:c4142]
2019-07-08 14:21:33,165 INFO  client.GrpcClientProtocolClient (GrpcClientProtocolClient.java:onNext(255)) - client-DE0880F50CF2->72f5ceaa-5b3b-4bc7-b846-41895f4ebd48: receive RaftClientReply:client-DE0880F50CF2->72f5ceaa-5b3b-4bc7-b846-41895f4ebd48@group-833AA35A7EDE, cid=2781, SUCCESS, logIndex=4145, commits[72f5ceaa-5b3b-4bc7-b846-41895f4ebd48:c4146, b4e1f7d4-4bb4-47ed-a9cb-53483a899fb2:c4142, d3916bce-b37b-4246-83c6-d24846ba1a72:c4142]
2019-07-08 14:21:33,165 INFO  client.GrpcClientProtocolClient (GrpcClientProtocolClient.java:onNext(255)) - client-DE0880F50CF2->72f5ceaa-5b3b-4bc7-b846-41895f4ebd48: receive RaftClientReply:client-DE0880F50CF2->72f5ceaa-5b3b-4bc7-b846-41895f4ebd48@group-833AA35A7EDE, cid=2782, SUCCESS, logIndex=4146, commits[72f5ceaa-5b3b-4bc7-b846-41895f4ebd48:c4146, b4e1f7d4-4bb4-47ed-a9cb-53483a899fb2:c4142, d3916bce-b37b-4246-83c6-d24846ba1a72:c4143]
2019-07-08 14:21:33,168 INFO  client.GrpcClientProtocolClient (GrpcClientProtocolClient.java:onNext(255)) - client-DE0880F50CF2->72f5ceaa-5b3b-4bc7-b846-41895f4ebd48: receive RaftClientReply:client-DE0880F50CF2->72f5ceaa-5b3b-4bc7-b846-41895f4ebd48@group-833AA35A7EDE, cid=2783, SUCCESS, logIndex=0, commits[72f5ceaa-5b3b-4bc7-b846-41895f4ebd48:c4148, b4e1f7d4-4bb4-47ed-a9cb-53483a899fb2:c4144, d3916bce-b37b-4246-83c6-d24846ba1a72:c4144]
2019-07-08 14:21:33,192 INFO  client.GrpcClientProtocolClient (GrpcClientProtocolClient.java:onNext(255)) - client-DE0880F50CF2->72f5ceaa-5b3b-4bc7-b846-41895f4ebd48: receive RaftClientReply:client-DE0880F50CF2->72f5ceaa-5b3b-4bc7-b846-41895f4ebd48@group-833AA35A7EDE, cid=2784, SUCCESS, logIndex=4151, commits[72f5ceaa-5b3b-4bc7-b846-41895f4ebd48:c4152, b4e1f7d4-4bb4-47ed-a9cb-53483a899fb2:c4146, d3916bce-b37b-4246-83c6-d24846ba1a72:c4148]
2019-07-08 14:21:33,192 INFO  client.GrpcClientProtocolClient (GrpcClientProtocolClient.java:onNext(255)) - client-DE0880F50CF2->72f5ceaa-5b3b-4bc7-b846-41895f4ebd48: receive RaftClientReply:client-DE0880F50CF2->72f5ceaa-5b3b-4bc7-b846-41895f4ebd48@group-833AA35A7EDE, cid=2785, SUCCESS, logIndex=4152, commits[72f5ceaa-5b3b-4bc7-b846-41895f4ebd48:c4152, b4e1f7d4-4bb4-47ed-a9cb-53483a899fb2:c4148, d3916bce-b37b-4246-83c6-d24846ba1a72:c4148]
2019-07-08 14:21:33,220 INFO  client.GrpcClientProtocolClient (GrpcClientProtocolClient.java:onNext(255)) - client-DE0880F50CF2->72f5ceaa-5b3b-4bc7-b846-41895f4ebd48: receive RaftClientReply:client-DE0880F50CF2->72f5ceaa-5b3b-4bc7-b846-41895f4ebd48@group-833AA35A7EDE, cid=2786, SUCCESS, logIndex=4155, commits[72f5ceaa-5b3b-4bc7-b846-41895f4ebd48:c4156, b4e1f7d4-4bb4-47ed-a9cb-53483a899fb2:c4151, d3916bce-b37b-4246-83c6-d24846ba1a72:c4152]
2019-07-08 14:21:33,220 INFO  client.GrpcClientProtocolClient (GrpcClientProtocolClient.java:onNext(255)) - client-DE0880F50CF2->72f5ceaa-5b3b-4bc7-b846-41895f4ebd48: receive RaftClientReply:client-DE0880F50CF2->72f5ceaa-5b3b-4bc7-b846-41895f4ebd48@group-833AA35A7EDE, cid=2787, SUCCESS, logIndex=4156, commits[72f5ceaa-5b3b-4bc7-b846-41895f4ebd48:c4156, b4e1f7d4-4bb4-47ed-a9cb-53483a899fb2:c4152, d3916bce-b37b-4246-83c6-d24846ba1a72:c4152]
2019-07-08 14:21:33,233 INFO  client.GrpcClientProtocolClient (GrpcClientProtocolClient.java:onNext(255)) - client-DE0880F50CF2->72f5ceaa-5b3b-4bc7-b846-41895f4ebd48: receive RaftClientReply:client-DE0880F50CF2->72f5ceaa-5b3b-4bc7-b846-41895f4ebd48@group-833AA35A7EDE, cid=2788, SUCCESS, logIndex=0, commits[72f5ceaa-5b3b-4bc7-b846-41895f4ebd48:c4157, b4e1f7d4-4bb4-47ed-a9cb-53483a899fb2:c4156, d3916bce-b37b-4246-83c6-d24846ba1a72:c4156]
2019-07-08 14:21:33,266 INFO  client.GrpcClientProtocolClient (GrpcClientProtocolClient.java:onNext(255)) - client-DE0880F50CF2->72f5ceaa-5b3b-4bc7-b846-41895f4ebd48: receive RaftClientReply:client-DE0880F50CF2->72f5ceaa-5b3b-4bc7-b846-41895f4ebd48@group-833AA35A7EDE, cid=2789, SUCCESS, logIndex=4158, commits[72f5ceaa-5b3b-4bc7-b846-41895f4ebd48:c4159, b4e1f7d4-4bb4-47ed-a9cb-53483a899fb2:c4157, d3916bce-b37b-4246-83c6-d24846ba1a72:c4157]
2019-07-08 14:21:33,267 INFO  client.GrpcClientProtocolClient (GrpcClientProtocolClient.java:onNext(255)) - client-DE0880F50CF2->72f5ceaa-5b3b-4bc7-b846-41895f4ebd48: receive RaftClientReply:client-DE0880F50CF2->72f5ceaa-5b3b-4bc7-b846-41895f4ebd48@group-833AA35A7EDE, cid=2790, SUCCESS, logIndex=4159, commits[72f5ceaa-5b3b-4bc7-b846-41895f4ebd48:c4161, b4e1f7d4-4bb4-47ed-a9cb-53483a899fb2:c4157, d3916bce-b37b-4246-83c6-d24846ba1a72:c4157]
2019-07-08 14:21:33,267 INFO  client.GrpcClientProtocolClient (GrpcClientProtocolClient.java:onNext(255)) - client-DE0880F50CF2->72f5ceaa-5b3b-4bc7-b846-41895f4ebd48: receive RaftClientReply:client-DE0880F50CF2->72f5ceaa-5b3b-4bc7-b846-41895f4ebd48@group-833AA35A7EDE, cid=2791, SUCCESS, logIndex=4160, commits[72f5ceaa-5b3b-4bc7-b846-41895f4ebd48:c4161, b4e1f7d4-4bb4-47ed-a9cb-53483a899fb2:c4157, d3916bce-b37b-4246-83c6-d24846ba1a72:c4157]
2019-07-08 14:21:33,267 INFO  client.GrpcClientProtocolClient (GrpcClientProtocolClient.java:onNext(255)) - client-DE0880F50CF2->72f5ceaa-5b3b-4bc7-b846-41895f4ebd48: receive RaftClientReply:client-DE0880F50CF2->72f5ceaa-5b3b-4bc7-b846-41895f4ebd48@group-833AA35A7EDE, cid=2792, SUCCESS, logIndex=4161, commits[72f5ceaa-5b3b-4bc7-b846-41895f4ebd48:c4161, b4e1f7d4-4bb4-47ed-a9cb-53483a899fb2:c4157, d3916bce-b37b-4246-83c6-d24846ba1a72:c4157]
2019-07-08 14:21:33,281 INFO  client.GrpcClientProtocolClient (GrpcClientProtocolClient.java:onNext(255)) - client-DE0880F50CF2->72f5ceaa-5b3b-4bc7-b846-41895f4ebd48: receive RaftClientReply:client-DE0880F50CF2->72f5ceaa-5b3b-4bc7-b846-41895f4ebd48@group-833AA35A7EDE, cid=2793, SUCCESS, logIndex=0, commits[72f5ceaa-5b3b-4bc7-b846-41895f4ebd48:c4163, b4e1f7d4-4bb4-47ed-a9cb-53483a899fb2:c4159, d3916bce-b37b-4246-83c6-d24846ba1a72:c4159]
2019-07-08 14:21:33,306 INFO  client.GrpcClientProtocolClient (GrpcClientProtocolClient.java:onNext(255)) - client-DE0880F50CF2->72f5ceaa-5b3b-4bc7-b846-41895f4ebd48: receive RaftClientReply:client-DE0880F50CF2->72f5ceaa-5b3b-4bc7-b846-41895f4ebd48@group-833AA35A7EDE, cid=2794, SUCCESS, logIndex=4166, commits[72f5ceaa-5b3b-4bc7-b846-41895f4ebd48:c4167, b4e1f7d4-4bb4-47ed-a9cb-53483a899fb2:c4163, d3916bce-b37b-4246-83c6-d24846ba1a72:c4163]
2019-07-08 14:21:33,307 INFO  client.GrpcClientProtocolClient (GrpcClientProtocolClient.java:onNext(255)) - client-DE0880F50CF2->72f5ceaa-5b3b-4bc7-b846-41895f4ebd48: receive RaftClientReply:client-DE0880F50CF2->72f5ceaa-5b3b-4bc7-b846-41895f4ebd48@group-833AA35A7EDE, cid=2795, SUCCESS, logIndex=4167, commits[72f5ceaa-5b3b-4bc7-b846-41895f4ebd48:c4167, b4e1f7d4-4bb4-47ed-a9cb-53483a899fb2:c4163, d3916bce-b37b-4246-83c6-d24846ba1a72:c4163]
2019-07-08 14:21:33,320 INFO  client.GrpcClientProtocolClient (GrpcClientProtocolClient.java:onNext(255)) - client-DE0880F50CF2->72f5ceaa-5b3b-4bc7-b846-41895f4ebd48: receive RaftClientReply:client-DE0880F50CF2->72f5ceaa-5b3b-4bc7-b846-41895f4ebd48@group-833AA35A7EDE, cid=2796, SUCCESS, logIndex=4170, commits[72f5ceaa-5b3b-4bc7-b846-41895f4ebd48:c4171, b4e1f7d4-4bb4-47ed-a9cb-53483a899fb2:c4167, d3916bce-b37b-4246-83c6-d24846ba1a72:c4167]
2019-07-08 14:21:33,321 INFO  client.GrpcClientProtocolClient (GrpcClientProtocolClient.java:onNext(255)) - client-DE0880F50CF2->72f5ceaa-5b3b-4bc7-b846-41895f4ebd48: receive RaftClientReply:client-DE0880F50CF2->72f5ceaa-5b3b-4bc7-b846-41895f4ebd48@group-833AA35A7EDE, cid=2797, SUCCESS, logIndex=4171, commits[72f5ceaa-5b3b-4bc7-b846-41895f4ebd48:c4171, b4e1f7d4-4bb4-47ed-a9cb-53483a899fb2:c4167, d3916bce-b37b-4246-83c6-d24846ba1a72:c4167]
2019-07-08 14:21:33,326 INFO  client.GrpcClientProtocolClient (GrpcClientProtocolClient.java:onNext(255)) - client-DE0880F50CF2->72f5ceaa-5b3b-4bc7-b846-41895f4ebd48: receive RaftClientReply:client-DE0880F50CF2->72f5ceaa-5b3b-4bc7-b846-41895f4ebd48@group-833AA35A7EDE, cid=2798, SUCCESS, logIndex=0, commits[72f5ceaa-5b3b-4bc7-b846-41895f4ebd48:c4173, b4e1f7d4-4bb4-47ed-a9cb-53483a899fb2:c4171, d3916bce-b37b-4246-83c6-d24846ba1a72:c4171]
2019-07-08 14:21:33,367 INFO  client.GrpcClientProtocolClient (GrpcClientProtocolClient.java:onNext(255)) - client-DE0880F50CF2->72f5ceaa-5b3b-4bc7-b846-41895f4ebd48: receive RaftClientReply:client-DE0880F50CF2->72f5ceaa-5b3b-4bc7-b846-41895f4ebd48@group-833AA35A7EDE, cid=2799, SUCCESS, logIndex=4174, commits[72f5ceaa-5b3b-4bc7-b846-41895f4ebd48:c4175, b4e1f7d4-4bb4-47ed-a9cb-53483a899fb2:c4173, d3916bce-b37b-4246-83c6-d24846ba1a72:c4173]
2019-07-08 14:21:33,368 INFO  client.GrpcClientProtocolClient (GrpcClientProtocolClient.java:onNext(255)) - client-DE0880F50CF2->72f5ceaa-5b3b-4bc7-b846-41895f4ebd48: receive RaftClientReply:client-DE0880F50CF2->72f5ceaa-5b3b-4bc7-b846-41895f4ebd48@group-833AA35A7EDE, cid=2800, SUCCESS, logIndex=4175, commits[72f5ceaa-5b3b-4bc7-b846-41895f4ebd48:c4175, b4e1f7d4-4bb4-47ed-a9cb-53483a899fb2:c4173, d3916bce-b37b-4246-83c6-d24846ba1a72:c4173]
2019-07-08 14:21:33,368 INFO  client.GrpcClientProtocolClient (GrpcClientProtocolClient.java:onNext(255)) - client-DE0880F50CF2->72f5ceaa-5b3b-4bc7-b846-41895f4ebd48: receive RaftClientReply:client-DE0880F50CF2->72f5ceaa-5b3b-4bc7-b846-41895f4ebd48@group-833AA35A7EDE, cid=2801, SUCCESS, logIndex=4176, commits[72f5ceaa-5b3b-4bc7-b846-41895f4ebd48:c4177, b4e1f7d4-4bb4-47ed-a9cb-53483a899fb2:c4173, d3916bce-b37b-4246-83c6-d24846ba1a72:c4173]
2019-07-08 14:21:33,369 INFO  client.GrpcClientProtocolClient (GrpcClientProtocolClient.java:onNext(255)) - client-DE0880F50CF2->72f5ceaa-5b3b-4bc7-b846-41895f4ebd48: receive RaftClientReply:client-DE0880F50CF2->72f5ceaa-5b3b-4bc7-b846-41895f4ebd48@group-833AA35A7EDE, cid=2802, SUCCESS, logIndex=4177, commits[72f5ceaa-5b3b-4bc7-b846-41895f4ebd48:c4177, b4e1f7d4-4bb4-47ed-a9cb-53483a899fb2:c4173, d3916bce-b37b-4246-83c6-d24846ba1a72:c4173]
2019-07-08 14:21:33,393 INFO  client.GrpcClientProtocolClient (GrpcClientProtocolClient.java:onNext(255)) - client-DE0880F50CF2->72f5ceaa-5b3b-4bc7-b846-41895f4ebd48: receive RaftClientReply:client-DE0880F50CF2->72f5ceaa-5b3b-4bc7-b846-41895f4ebd48@group-833AA35A7EDE, cid=2803, SUCCESS, logIndex=0, commits[72f5ceaa-5b3b-4bc7-b846-41895f4ebd48:c4178, b4e1f7d4-4bb4-47ed-a9cb-53483a899fb2:c4175, d3916bce-b37b-4246-83c6-d24846ba1a72:c4175]
2019-07-08 14:21:33,416 INFO  client.GrpcClientProtocolClient (GrpcClientProtocolClient.java:onNext(255)) - client-DE0880F50CF2->72f5ceaa-5b3b-4bc7-b846-41895f4ebd48: receive RaftClientReply:client-DE0880F50CF2->72f5ceaa-5b3b-4bc7-b846-41895f4ebd48@group-833AA35A7EDE, cid=2804, SUCCESS, logIndex=4181, commits[72f5ceaa-5b3b-4bc7-b846-41895f4ebd48:c4182, b4e1f7d4-4bb4-47ed-a9cb-53483a899fb2:c4180, d3916bce-b37b-4246-83c6-d24846ba1a72:c4180]
2019-07-08 14:21:33,416 INFO  client.GrpcClientProtocolClient (GrpcClientProtocolClient.java:onNext(255)) - client-DE0880F50CF2->72f5ceaa-5b3b-4bc7-b846-41895f4ebd48: receive RaftClientReply:client-DE0880F50CF2->72f5ceaa-5b3b-4bc7-b846-41895f4ebd48@group-833AA35A7EDE, cid=2805, SUCCESS, logIndex=4182, commits[72f5ceaa-5b3b-4bc7-b846-41895f4ebd48:c4182, b4e1f7d4-4bb4-47ed-a9cb-53483a899fb2:c4180, d3916bce-b37b-4246-83c6-d24846ba1a72:c4180]
2019-07-08 14:21:33,445 INFO  client.GrpcClientProtocolClient (GrpcClientProtocolClient.java:onNext(255)) - client-DE0880F50CF2->72f5ceaa-5b3b-4bc7-b846-41895f4ebd48: receive RaftClientReply:client-DE0880F50CF2->72f5ceaa-5b3b-4bc7-b846-41895f4ebd48@group-833AA35A7EDE, cid=2806, SUCCESS, logIndex=4185, commits[72f5ceaa-5b3b-4bc7-b846-41895f4ebd48:c4186, b4e1f7d4-4bb4-47ed-a9cb-53483a899fb2:c4182, d3916bce-b37b-4246-83c6-d24846ba1a72:c4182]
2019-07-08 14:21:33,445 INFO  client.GrpcClientProtocolClient (GrpcClientProtocolClient.java:onNext(255)) - client-DE0880F50CF2->72f5ceaa-5b3b-4bc7-b846-41895f4ebd48: receive RaftClientReply:client-DE0880F50CF2->72f5ceaa-5b3b-4bc7-b846-41895f4ebd48@group-833AA35A7EDE, cid=2807, SUCCESS, logIndex=4186, commits[72f5ceaa-5b3b-4bc7-b846-41895f4ebd48:c4186, b4e1f7d4-4bb4-47ed-a9cb-53483a899fb2:c4182, d3916bce-b37b-4246-83c6-d24846ba1a72:c4182]
2019-07-08 14:21:33,470 INFO  client.GrpcClientProtocolClient (GrpcClientProtocolClient.java:onNext(255)) - client-DE0880F50CF2->72f5ceaa-5b3b-4bc7-b846-41895f4ebd48: receive RaftClientReply:client-DE0880F50CF2->72f5ceaa-5b3b-4bc7-b846-41895f4ebd48@group-833AA35A7EDE, cid=2808, SUCCESS, logIndex=0, commits[72f5ceaa-5b3b-4bc7-b846-41895f4ebd48:c4187, b4e1f7d4-4bb4-47ed-a9cb-53483a899fb2:c4186, d3916bce-b37b-4246-83c6-d24846ba1a72:c4186]
2019-07-08 14:21:33,502 INFO  client.GrpcClientProtocolClient (GrpcClientProtocolClient.java:onNext(255)) - client-DE0880F50CF2->72f5ceaa-5b3b-4bc7-b846-41895f4ebd48: receive RaftClientReply:client-DE0880F50CF2->72f5ceaa-5b3b-4bc7-b846-41895f4ebd48@group-833AA35A7EDE, cid=2809, SUCCESS, logIndex=4189, commits[72f5ceaa-5b3b-4bc7-b846-41895f4ebd48:c4190, b4e1f7d4-4bb4-47ed-a9cb-53483a899fb2:c4188, d3916bce-b37b-4246-83c6-d24846ba1a72:c4188]
2019-07-08 14:21:33,503 INFO  client.GrpcClientProtocolClient (GrpcClientProtocolClient.java:onNext(255)) - client-DE0880F50CF2->72f5ceaa-5b3b-4bc7-b846-41895f4ebd48: receive RaftClientReply:client-DE0880F50CF2->72f5ceaa-5b3b-4bc7-b846-41895f4ebd48@group-833AA35A7EDE, cid=2810, SUCCESS, logIndex=4190, commits[72f5ceaa-5b3b-4bc7-b846-41895f4ebd48:c4190, b4e1f7d4-4bb4-47ed-a9cb-53483a899fb2:c4188, d3916bce-b37b-4246-83c6-d24846ba1a72:c4188]
2019-07-08 14:21:33,515 INFO  client.GrpcClientProtocolClient (GrpcClientProtocolClient.java:onNext(255)) - client-DE0880F50CF2->72f5ceaa-5b3b-4bc7-b846-41895f4ebd48: receive RaftClientReply:client-DE0880F50CF2->72f5ceaa-5b3b-4bc7-b846-41895f4ebd48@group-833AA35A7EDE, cid=2811, SUCCESS, logIndex=4191, commits[72f5ceaa-5b3b-4bc7-b846-41895f4ebd48:c4192, b4e1f7d4-4bb4-47ed-a9cb-53483a899fb2:c4188, d3916bce-b37b-4246-83c6-d24846ba1a72:c4188]
2019-07-08 14:21:33,516 INFO  client.GrpcClientProtocolClient (GrpcClientProtocolClient.java:onNext(255)) - client-DE0880F50CF2->72f5ceaa-5b3b-4bc7-b846-41895f4ebd48: receive RaftClientReply:client-DE0880F50CF2->72f5ceaa-5b3b-4bc7-b846-41895f4ebd48@group-833AA35A7EDE, cid=2812, SUCCESS, logIndex=4192, commits[72f5ceaa-5b3b-4bc7-b846-41895f4ebd48:c4192, b4e1f7d4-4bb4-47ed-a9cb-53483a899fb2:c4188, d3916bce-b37b-4246-83c6-d24846ba1a72:c4188]
2019-07-08 14:21:33,535 INFO  client.GrpcClientProtocolClient (GrpcClientProtocolClient.java:onNext(255)) - client-DE0880F50CF2->72f5ceaa-5b3b-4bc7-b846-41895f4ebd48: receive RaftClientReply:client-DE0880F50CF2->72f5ceaa-5b3b-4bc7-b846-41895f4ebd48@group-833AA35A7EDE, cid=2813, SUCCESS, logIndex=0, commits[72f5ceaa-5b3b-4bc7-b846-41895f4ebd48:c4194, b4e1f7d4-4bb4-47ed-a9cb-53483a899fb2:c4190, d3916bce-b37b-4246-83c6-d24846ba1a72:c4190]
2019-07-08 14:21:33,569 INFO  client.GrpcClientProtocolClient (GrpcClientProtocolClient.java:onNext(255)) - client-DE0880F50CF2->72f5ceaa-5b3b-4bc7-b846-41895f4ebd48: receive RaftClientReply:client-DE0880F50CF2->72f5ceaa-5b3b-4bc7-b846-41895f4ebd48@group-833AA35A7EDE, cid=2814, SUCCESS, logIndex=4197, commits[72f5ceaa-5b3b-4bc7-b846-41895f4ebd48:c4198, b4e1f7d4-4bb4-47ed-a9cb-53483a899fb2:c4196, d3916bce-b37b-4246-83c6-d24846ba1a72:c4196]
2019-07-08 14:21:33,570 INFO  client.GrpcClientProtocolClient (GrpcClientProtocolClient.java:onNext(255)) - client-DE0880F50CF2->72f5ceaa-5b3b-4bc7-b846-41895f4ebd48: receive RaftClientReply:client-DE0880F50CF2->72f5ceaa-5b3b-4bc7-b846-41895f4ebd48@group-833AA35A7EDE, cid=2815, SUCCESS, logIndex=4198, commits[72f5ceaa-5b3b-4bc7-b846-41895f4ebd48:c4198, b4e1f7d4-4bb4-47ed-a9cb-53483a899fb2:c4196, d3916bce-b37b-4246-83c6-d24846ba1a72:c4196]
2019-07-08 14:21:33,600 INFO  client.GrpcClientProtocolClient (GrpcClientProtocolClient.java:onNext(255)) - client-DE0880F50CF2->72f5ceaa-5b3b-4bc7-b846-41895f4ebd48: receive RaftClientReply:client-DE0880F50CF2->72f5ceaa-5b3b-4bc7-b846-41895f4ebd48@group-833AA35A7EDE, cid=2816, SUCCESS, logIndex=4201, commits[72f5ceaa-5b3b-4bc7-b846-41895f4ebd48:c4202, b4e1f7d4-4bb4-47ed-a9cb-53483a899fb2:c4198, d3916bce-b37b-4246-83c6-d24846ba1a72:c4198]
2019-07-08 14:21:33,600 INFO  client.GrpcClientProtocolClient (GrpcClientProtocolClient.java:onNext(255)) - client-DE0880F50CF2->72f5ceaa-5b3b-4bc7-b846-41895f4ebd48: receive RaftClientReply:client-DE0880F50CF2->72f5ceaa-5b3b-4bc7-b846-41895f4ebd48@group-833AA35A7EDE, cid=2817, SUCCESS, logIndex=4202, commits[72f5ceaa-5b3b-4bc7-b846-41895f4ebd48:c4202, b4e1f7d4-4bb4-47ed-a9cb-53483a899fb2:c4198, d3916bce-b37b-4246-83c6-d24846ba1a72:c4198]
2019-07-08 14:21:33,612 INFO  client.GrpcClientProtocolClient (GrpcClientProtocolClient.java:onNext(255)) - client-DE0880F50CF2->72f5ceaa-5b3b-4bc7-b846-41895f4ebd48: receive RaftClientReply:client-DE0880F50CF2->72f5ceaa-5b3b-4bc7-b846-41895f4ebd48@group-833AA35A7EDE, cid=2818, SUCCESS, logIndex=0, commits[72f5ceaa-5b3b-4bc7-b846-41895f4ebd48:c4202, b4e1f7d4-4bb4-47ed-a9cb-53483a899fb2:c4202, d3916bce-b37b-4246-83c6-d24846ba1a72:c4202]
2019-07-08 14:21:33,648 INFO  client.GrpcClientProtocolClient (GrpcClientProtocolClient.java:onNext(255)) - client-DE0880F50CF2->72f5ceaa-5b3b-4bc7-b846-41895f4ebd48: receive RaftClientReply:client-DE0880F50CF2->72f5ceaa-5b3b-4bc7-b846-41895f4ebd48@group-833AA35A7EDE, cid=2819, SUCCESS, logIndex=4205, commits[72f5ceaa-5b3b-4bc7-b846-41895f4ebd48:c4207, b4e1f7d4-4bb4-47ed-a9cb-53483a899fb2:c4204, d3916bce-b37b-4246-83c6-d24846ba1a72:c4204]
2019-07-08 14:21:33,648 INFO  client.GrpcClientProtocolClient (GrpcClientProtocolClient.java:onNext(255)) - client-DE0880F50CF2->72f5ceaa-5b3b-4bc7-b846-41895f4ebd48: receive RaftClientReply:client-DE0880F50CF2->72f5ceaa-5b3b-4bc7-b846-41895f4ebd48@group-833AA35A7EDE, cid=2820, SUCCESS, logIndex=4206, commits[72f5ceaa-5b3b-4bc7-b846-41895f4ebd48:c4208, b4e1f7d4-4bb4-47ed-a9cb-53483a899fb2:c4204, d3916bce-b37b-4246-83c6-d24846ba1a72:c4204]
2019-07-08 14:21:33,649 INFO  client.GrpcClientProtocolClient (GrpcClientProtocolClient.java:onNext(255)) - client-DE0880F50CF2->72f5ceaa-5b3b-4bc7-b846-41895f4ebd48: receive RaftClientReply:client-DE0880F50CF2->72f5ceaa-5b3b-4bc7-b846-41895f4ebd48@group-833AA35A7EDE, cid=2821, SUCCESS, logIndex=4207, commits[72f5ceaa-5b3b-4bc7-b846-41895f4ebd48:c4208, b4e1f7d4-4bb4-47ed-a9cb-53483a899fb2:c4204, d3916bce-b37b-4246-83c6-d24846ba1a72:c4204]
2019-07-08 14:21:33,649 INFO  client.GrpcClientProtocolClient (GrpcClientProtocolClient.java:onNext(255)) - client-DE0880F50CF2->72f5ceaa-5b3b-4bc7-b846-41895f4ebd48: receive RaftClientReply:client-DE0880F50CF2->72f5ceaa-5b3b-4bc7-b846-41895f4ebd48@group-833AA35A7EDE, cid=2822, SUCCESS, logIndex=4208, commits[72f5ceaa-5b3b-4bc7-b846-41895f4ebd48:c4208, b4e1f7d4-4bb4-47ed-a9cb-53483a899fb2:c4204, d3916bce-b37b-4246-83c6-d24846ba1a72:c4204]
2019-07-08 14:21:33,661 INFO  client.GrpcClientProtocolClient (GrpcClientProtocolClient.java:onNext(255)) - client-DE0880F50CF2->72f5ceaa-5b3b-4bc7-b846-41895f4ebd48: receive RaftClientReply:client-DE0880F50CF2->72f5ceaa-5b3b-4bc7-b846-41895f4ebd48@group-833AA35A7EDE, cid=2823, SUCCESS, logIndex=0, commits[72f5ceaa-5b3b-4bc7-b846-41895f4ebd48:c4209, b4e1f7d4-4bb4-47ed-a9cb-53483a899fb2:c4206, d3916bce-b37b-4246-83c6-d24846ba1a72:c4206]
2019-07-08 14:21:33,676 INFO  client.GrpcClientProtocolClient (GrpcClientProtocolClient.java:onNext(255)) - client-DE0880F50CF2->72f5ceaa-5b3b-4bc7-b846-41895f4ebd48: receive RaftClientReply:client-DE0880F50CF2->72f5ceaa-5b3b-4bc7-b846-41895f4ebd48@group-833AA35A7EDE, cid=2824, SUCCESS, logIndex=4213, commits[72f5ceaa-5b3b-4bc7-b846-41895f4ebd48:c4214, b4e1f7d4-4bb4-47ed-a9cb-53483a899fb2:c4209, d3916bce-b37b-4246-83c6-d24846ba1a72:c4208]
2019-07-08 14:21:33,676 INFO  client.GrpcClientProtocolClient (GrpcClientProtocolClient.java:onNext(255)) - client-DE0880F50CF2->72f5ceaa-5b3b-4bc7-b846-41895f4ebd48: receive RaftClientReply:client-DE0880F50CF2->72f5ceaa-5b3b-4bc7-b846-41895f4ebd48@group-833AA35A7EDE, cid=2825, SUCCESS, logIndex=4214, commits[72f5ceaa-5b3b-4bc7-b846-41895f4ebd48:c4214, b4e1f7d4-4bb4-47ed-a9cb-53483a899fb2:c4209, d3916bce-b37b-4246-83c6-d24846ba1a72:c4208]
2019-07-08 14:21:33,700 INFO  client.GrpcClientProtocolClient (GrpcClientProtocolClient.java:onNext(255)) - client-DE0880F50CF2->72f5ceaa-5b3b-4bc7-b846-41895f4ebd48: receive RaftClientReply:client-DE0880F50CF2->72f5ceaa-5b3b-4bc7-b846-41895f4ebd48@group-833AA35A7EDE, cid=2826, SUCCESS, logIndex=4217, commits[72f5ceaa-5b3b-4bc7-b846-41895f4ebd48:c4218, b4e1f7d4-4bb4-47ed-a9cb-53483a899fb2:c4214, d3916bce-b37b-4246-83c6-d24846ba1a72:c4214]
2019-07-08 14:21:33,701 INFO  client.GrpcClientProtocolClient (GrpcClientProtocolClient.java:onNext(255)) - client-DE0880F50CF2->72f5ceaa-5b3b-4bc7-b846-41895f4ebd48: receive RaftClientReply:client-DE0880F50CF2->72f5ceaa-5b3b-4bc7-b846-41895f4ebd48@group-833AA35A7EDE, cid=2827, SUCCESS, logIndex=4218, commits[72f5ceaa-5b3b-4bc7-b846-41895f4ebd48:c4218, b4e1f7d4-4bb4-47ed-a9cb-53483a899fb2:c4214, d3916bce-b37b-4246-83c6-d24846ba1a72:c4214]
2019-07-08 14:21:33,727 INFO  client.GrpcClientProtocolClient (GrpcClientProtocolClient.java:onNext(255)) - client-DE0880F50CF2->72f5ceaa-5b3b-4bc7-b846-41895f4ebd48: receive RaftClientReply:client-DE0880F50CF2->72f5ceaa-5b3b-4bc7-b846-41895f4ebd48@group-833AA35A7EDE, cid=2828, SUCCESS, logIndex=0, commits[72f5ceaa-5b3b-4bc7-b846-41895f4ebd48:c4220, b4e1f7d4-4bb4-47ed-a9cb-53483a899fb2:c4218, d3916bce-b37b-4246-83c6-d24846ba1a72:c4218]
2019-07-08 14:21:33,759 INFO  client.GrpcClientProtocolClient (GrpcClientProtocolClient.java:onNext(255)) - client-DE0880F50CF2->72f5ceaa-5b3b-4bc7-b846-41895f4ebd48: receive RaftClientReply:client-DE0880F50CF2->72f5ceaa-5b3b-4bc7-b846-41895f4ebd48@group-833AA35A7EDE, cid=2829, SUCCESS, logIndex=4221, commits[72f5ceaa-5b3b-4bc7-b846-41895f4ebd48:c4222, b4e1f7d4-4bb4-47ed-a9cb-53483a899fb2:c4220, d3916bce-b37b-4246-83c6-d24846ba1a72:c4220]
2019-07-08 14:21:33,760 INFO  client.GrpcClientProtocolClient (GrpcClientProtocolClient.java:onNext(255)) - client-DE0880F50CF2->72f5ceaa-5b3b-4bc7-b846-41895f4ebd48: receive RaftClientReply:client-DE0880F50CF2->72f5ceaa-5b3b-4bc7-b846-41895f4ebd48@group-833AA35A7EDE, cid=2830, SUCCESS, logIndex=4222, commits[72f5ceaa-5b3b-4bc7-b846-41895f4ebd48:c4222, b4e1f7d4-4bb4-47ed-a9cb-53483a899fb2:c4220, d3916bce-b37b-4246-83c6-d24846ba1a72:c4220]
2019-07-08 14:21:33,769 INFO  client.GrpcClientProtocolClient (GrpcClientProtocolClient.java:onNext(255)) - client-DE0880F50CF2->72f5ceaa-5b3b-4bc7-b846-41895f4ebd48: receive RaftClientReply:client-DE0880F50CF2->72f5ceaa-5b3b-4bc7-b846-41895f4ebd48@group-833AA35A7EDE, cid=2831, SUCCESS, logIndex=4223, commits[72f5ceaa-5b3b-4bc7-b846-41895f4ebd48:c4224, b4e1f7d4-4bb4-47ed-a9cb-53483a899fb2:c4220, d3916bce-b37b-4246-83c6-d24846ba1a72:c4220]
2019-07-08 14:21:33,770 INFO  client.GrpcClientProtocolClient (GrpcClientProtocolClient.java:onNext(255)) - client-DE0880F50CF2->72f5ceaa-5b3b-4bc7-b846-41895f4ebd48: receive RaftClientReply:client-DE0880F50CF2->72f5ceaa-5b3b-4bc7-b846-41895f4ebd48@group-833AA35A7EDE, cid=2832, SUCCESS, logIndex=4224, commits[72f5ceaa-5b3b-4bc7-b846-41895f4ebd48:c4224, b4e1f7d4-4bb4-47ed-a9cb-53483a899fb2:c4220, d3916bce-b37b-4246-83c6-d24846ba1a72:c4220]
2019-07-08 14:21:33,784 INFO  client.GrpcClientProtocolClient (GrpcClientProtocolClient.java:onNext(255)) - client-DE0880F50CF2->72f5ceaa-5b3b-4bc7-b846-41895f4ebd48: receive RaftClientReply:client-DE0880F50CF2->72f5ceaa-5b3b-4bc7-b846-41895f4ebd48@group-833AA35A7EDE, cid=2833, SUCCESS, logIndex=0, commits[72f5ceaa-5b3b-4bc7-b846-41895f4ebd48:c4225, b4e1f7d4-4bb4-47ed-a9cb-53483a899fb2:c4222, d3916bce-b37b-4246-83c6-d24846ba1a72:c4222]
2019-07-08 14:21:33,797 INFO  client.GrpcClientProtocolClient (GrpcClientProtocolClient.java:onNext(255)) - client-DE0880F50CF2->72f5ceaa-5b3b-4bc7-b846-41895f4ebd48: receive RaftClientReply:client-DE0880F50CF2->72f5ceaa-5b3b-4bc7-b846-41895f4ebd48@group-833AA35A7EDE, cid=2834, SUCCESS, logIndex=4228, commits[72f5ceaa-5b3b-4bc7-b846-41895f4ebd48:c4229, b4e1f7d4-4bb4-47ed-a9cb-53483a899fb2:c4224, d3916bce-b37b-4246-83c6-d24846ba1a72:c4226]
2019-07-08 14:21:33,797 INFO  client.GrpcClientProtocolClient (GrpcClientProtocolClient.java:onNext(255)) - client-DE0880F50CF2->72f5ceaa-5b3b-4bc7-b846-41895f4ebd48: receive RaftClientReply:client-DE0880F50CF2->72f5ceaa-5b3b-4bc7-b846-41895f4ebd48@group-833AA35A7EDE, cid=2835, SUCCESS, logIndex=4229, commits[72f5ceaa-5b3b-4bc7-b846-41895f4ebd48:c4229, b4e1f7d4-4bb4-47ed-a9cb-53483a899fb2:c4226, d3916bce-b37b-4246-83c6-d24846ba1a72:c4226]
2019-07-08 14:21:33,829 INFO  client.GrpcClientProtocolClient (GrpcClientProtocolClient.java:onNext(255)) - client-DE0880F50CF2->72f5ceaa-5b3b-4bc7-b846-41895f4ebd48: receive RaftClientReply:client-DE0880F50CF2->72f5ceaa-5b3b-4bc7-b846-41895f4ebd48@group-833AA35A7EDE, cid=2836, SUCCESS, logIndex=4232, commits[72f5ceaa-5b3b-4bc7-b846-41895f4ebd48:c4233, b4e1f7d4-4bb4-47ed-a9cb-53483a899fb2:c4231, d3916bce-b37b-4246-83c6-d24846ba1a72:c4231]
2019-07-08 14:21:33,830 INFO  client.GrpcClientProtocolClient (GrpcClientProtocolClient.java:onNext(255)) - client-DE0880F50CF2->72f5ceaa-5b3b-4bc7-b846-41895f4ebd48: receive RaftClientReply:client-DE0880F50CF2->72f5ceaa-5b3b-4bc7-b846-41895f4ebd48@group-833AA35A7EDE, cid=2837, SUCCESS, logIndex=4233, commits[72f5ceaa-5b3b-4bc7-b846-41895f4ebd48:c4233, b4e1f7d4-4bb4-47ed-a9cb-53483a899fb2:c4231, d3916bce-b37b-4246-83c6-d24846ba1a72:c4231]
2019-07-08 14:21:33,843 INFO  client.GrpcClientProtocolClient (GrpcClientProtocolClient.java:onNext(255)) - client-DE0880F50CF2->72f5ceaa-5b3b-4bc7-b846-41895f4ebd48: receive RaftClientReply:client-DE0880F50CF2->72f5ceaa-5b3b-4bc7-b846-41895f4ebd48@group-833AA35A7EDE, cid=2838, SUCCESS, logIndex=0, commits[72f5ceaa-5b3b-4bc7-b846-41895f4ebd48:c4234, b4e1f7d4-4bb4-47ed-a9cb-53483a899fb2:c4233, d3916bce-b37b-4246-83c6-d24846ba1a72:c4233]
2019-07-08 14:21:33,877 INFO  client.GrpcClientProtocolClient (GrpcClientProtocolClient.java:onNext(255)) - client-DE0880F50CF2->72f5ceaa-5b3b-4bc7-b846-41895f4ebd48: receive RaftClientReply:client-DE0880F50CF2->72f5ceaa-5b3b-4bc7-b846-41895f4ebd48@group-833AA35A7EDE, cid=2839, SUCCESS, logIndex=4236, commits[72f5ceaa-5b3b-4bc7-b846-41895f4ebd48:c4237, b4e1f7d4-4bb4-47ed-a9cb-53483a899fb2:c4235, d3916bce-b37b-4246-83c6-d24846ba1a72:c4235]
2019-07-08 14:21:33,878 INFO  client.GrpcClientProtocolClient (GrpcClientProtocolClient.java:onNext(255)) - client-DE0880F50CF2->72f5ceaa-5b3b-4bc7-b846-41895f4ebd48: receive RaftClientReply:client-DE0880F50CF2->72f5ceaa-5b3b-4bc7-b846-41895f4ebd48@group-833AA35A7EDE, cid=2840, SUCCESS, logIndex=4237, commits[72f5ceaa-5b3b-4bc7-b846-41895f4ebd48:c4237, b4e1f7d4-4bb4-47ed-a9cb-53483a899fb2:c4235, d3916bce-b37b-4246-83c6-d24846ba1a72:c4235]
2019-07-08 14:21:33,887 INFO  client.GrpcClientProtocolClient (GrpcClientProtocolClient.java:onNext(255)) - client-DE0880F50CF2->72f5ceaa-5b3b-4bc7-b846-41895f4ebd48: receive RaftClientReply:client-DE0880F50CF2->72f5ceaa-5b3b-4bc7-b846-41895f4ebd48@group-833AA35A7EDE, cid=2841, SUCCESS, logIndex=4238, commits[72f5ceaa-5b3b-4bc7-b846-41895f4ebd48:c4239, b4e1f7d4-4bb4-47ed-a9cb-53483a899fb2:c4235, d3916bce-b37b-4246-83c6-d24846ba1a72:c4235]
2019-07-08 14:21:33,887 INFO  client.GrpcClientProtocolClient (GrpcClientProtocolClient.java:onNext(255)) - client-DE0880F50CF2->72f5ceaa-5b3b-4bc7-b846-41895f4ebd48: receive RaftClientReply:client-DE0880F50CF2->72f5ceaa-5b3b-4bc7-b846-41895f4ebd48@group-833AA35A7EDE, cid=2842, SUCCESS, logIndex=4239, commits[72f5ceaa-5b3b-4bc7-b846-41895f4ebd48:c4239, b4e1f7d4-4bb4-47ed-a9cb-53483a899fb2:c4235, d3916bce-b37b-4246-83c6-d24846ba1a72:c4235]
2019-07-08 14:21:33,891 INFO  client.GrpcClientProtocolClient (GrpcClientProtocolClient.java:onNext(255)) - client-DE0880F50CF2->72f5ceaa-5b3b-4bc7-b846-41895f4ebd48: receive RaftClientReply:client-DE0880F50CF2->72f5ceaa-5b3b-4bc7-b846-41895f4ebd48@group-833AA35A7EDE, cid=2843, SUCCESS, logIndex=0, commits[72f5ceaa-5b3b-4bc7-b846-41895f4ebd48:c4242, b4e1f7d4-4bb4-47ed-a9cb-53483a899fb2:c4237, d3916bce-b37b-4246-83c6-d24846ba1a72:c4239]
2019-07-08 14:21:33,915 INFO  client.GrpcClientProtocolClient (GrpcClientProtocolClient.java:onNext(255)) - client-DE0880F50CF2->72f5ceaa-5b3b-4bc7-b846-41895f4ebd48: receive RaftClientReply:client-DE0880F50CF2->72f5ceaa-5b3b-4bc7-b846-41895f4ebd48@group-833AA35A7EDE, cid=2844, SUCCESS, logIndex=4243, commits[72f5ceaa-5b3b-4bc7-b846-41895f4ebd48:c4244, b4e1f7d4-4bb4-47ed-a9cb-53483a899fb2:c4242, d3916bce-b37b-4246-83c6-d24846ba1a72:c4242]
2019-07-08 14:21:33,916 INFO  client.GrpcClientProtocolClient (GrpcClientProtocolClient.java:onNext(255)) - client-DE0880F50CF2->72f5ceaa-5b3b-4bc7-b846-41895f4ebd48: receive RaftClientReply:client-DE0880F50CF2->72f5ceaa-5b3b-4bc7-b846-41895f4ebd48@group-833AA35A7EDE, cid=2845, SUCCESS, logIndex=4244, commits[72f5ceaa-5b3b-4bc7-b846-41895f4ebd48:c4244, b4e1f7d4-4bb4-47ed-a9cb-53483a899fb2:c4242, d3916bce-b37b-4246-83c6-d24846ba1a72:c4242]
2019-07-08 14:21:33,941 INFO  client.GrpcClientProtocolClient (GrpcClientProtocolClient.java:onNext(255)) - client-DE0880F50CF2->72f5ceaa-5b3b-4bc7-b846-41895f4ebd48: receive RaftClientReply:client-DE0880F50CF2->72f5ceaa-5b3b-4bc7-b846-41895f4ebd48@group-833AA35A7EDE, cid=2846, SUCCESS, logIndex=4247, commits[72f5ceaa-5b3b-4bc7-b846-41895f4ebd48:c4248, b4e1f7d4-4bb4-47ed-a9cb-53483a899fb2:c4244, d3916bce-b37b-4246-83c6-d24846ba1a72:c4244]
2019-07-08 14:21:33,942 INFO  client.GrpcClientProtocolClient (GrpcClientProtocolClient.java:onNext(255)) - client-DE0880F50CF2->72f5ceaa-5b3b-4bc7-b846-41895f4ebd48: receive RaftClientReply:client-DE0880F50CF2->72f5ceaa-5b3b-4bc7-b846-41895f4ebd48@group-833AA35A7EDE, cid=2847, SUCCESS, logIndex=4248, commits[72f5ceaa-5b3b-4bc7-b846-41895f4ebd48:c4248, b4e1f7d4-4bb4-47ed-a9cb-53483a899fb2:c4244, d3916bce-b37b-4246-83c6-d24846ba1a72:c4244]
2019-07-08 14:21:33,955 INFO  client.GrpcClientProtocolClient (GrpcClientProtocolClient.java:onNext(255)) - client-DE0880F50CF2->72f5ceaa-5b3b-4bc7-b846-41895f4ebd48: receive RaftClientReply:client-DE0880F50CF2->72f5ceaa-5b3b-4bc7-b846-41895f4ebd48@group-833AA35A7EDE, cid=2848, SUCCESS, logIndex=0, commits[72f5ceaa-5b3b-4bc7-b846-41895f4ebd48:c4249, b4e1f7d4-4bb4-47ed-a9cb-53483a899fb2:c4248, d3916bce-b37b-4246-83c6-d24846ba1a72:c4248]
 0.00% |█                                                                                                    |  0/1 Time: 0:00:282019-07-08 14:21:33,994 INFO  client.GrpcClientProtocolClient (GrpcClientProtocolClient.java:onNext(255)) - client-DE0880F50CF2->72f5ceaa-5b3b-4bc7-b846-41895f4ebd48: receive RaftClientReply:client-DE0880F50CF2->72f5ceaa-5b3b-4bc7-b846-41895f4ebd48@group-833AA35A7EDE, cid=2849, SUCCESS, logIndex=4251, commits[72f5ceaa-5b3b-4bc7-b846-41895f4ebd48:c4252, b4e1f7d4-4bb4-47ed-a9cb-53483a899fb2:c4250, d3916bce-b37b-4246-83c6-d24846ba1a72:c4250]
2019-07-08 14:21:33,995 INFO  client.GrpcClientProtocolClient (GrpcClientProtocolClient.java:onNext(255)) - client-DE0880F50CF2->72f5ceaa-5b3b-4bc7-b846-41895f4ebd48: receive RaftClientReply:client-DE0880F50CF2->72f5ceaa-5b3b-4bc7-b846-41895f4ebd48@group-833AA35A7EDE, cid=2850, SUCCESS, logIndex=4252, commits[72f5ceaa-5b3b-4bc7-b846-41895f4ebd48:c4252, b4e1f7d4-4bb4-47ed-a9cb-53483a899fb2:c4250, d3916bce-b37b-4246-83c6-d24846ba1a72:c4250]
2019-07-08 14:21:34,004 INFO  client.GrpcClientProtocolClient (GrpcClientProtocolClient.java:onNext(255)) - client-DE0880F50CF2->72f5ceaa-5b3b-4bc7-b846-41895f4ebd48: receive RaftClientReply:client-DE0880F50CF2->72f5ceaa-5b3b-4bc7-b846-41895f4ebd48@group-833AA35A7EDE, cid=2851, SUCCESS, logIndex=4253, commits[72f5ceaa-5b3b-4bc7-b846-41895f4ebd48:c4254, b4e1f7d4-4bb4-47ed-a9cb-53483a899fb2:c4250, d3916bce-b37b-4246-83c6-d24846ba1a72:c4250]
2019-07-08 14:21:34,004 INFO  client.GrpcClientProtocolClient (GrpcClientProtocolClient.java:onNext(255)) - client-DE0880F50CF2->72f5ceaa-5b3b-4bc7-b846-41895f4ebd48: receive RaftClientReply:client-DE0880F50CF2->72f5ceaa-5b3b-4bc7-b846-41895f4ebd48@group-833AA35A7EDE, cid=2852, SUCCESS, logIndex=4254, commits[72f5ceaa-5b3b-4bc7-b846-41895f4ebd48:c4254, b4e1f7d4-4bb4-47ed-a9cb-53483a899fb2:c4250, d3916bce-b37b-4246-83c6-d24846ba1a72:c4250]
2019-07-08 14:21:34,020 INFO  client.GrpcClientProtocolClient (GrpcClientProtocolClient.java:onNext(255)) - client-DE0880F50CF2->72f5ceaa-5b3b-4bc7-b846-41895f4ebd48: receive RaftClientReply:client-DE0880F50CF2->72f5ceaa-5b3b-4bc7-b846-41895f4ebd48@group-833AA35A7EDE, cid=2853, SUCCESS, logIndex=0, commits[72f5ceaa-5b3b-4bc7-b846-41895f4ebd48:c4255, b4e1f7d4-4bb4-47ed-a9cb-53483a899fb2:c4252, d3916bce-b37b-4246-83c6-d24846ba1a72:c4252]
2019-07-08 14:21:34,141 INFO  client.GrpcClientProtocolClient (GrpcClientProtocolClient.java:onNext(255)) - client-DE0880F50CF2->72f5ceaa-5b3b-4bc7-b846-41895f4ebd48: receive RaftClientReply:client-DE0880F50CF2->72f5ceaa-5b3b-4bc7-b846-41895f4ebd48@group-833AA35A7EDE, cid=2854, SUCCESS, logIndex=4258, commits[72f5ceaa-5b3b-4bc7-b846-41895f4ebd48:c4259, b4e1f7d4-4bb4-47ed-a9cb-53483a899fb2:c4257, d3916bce-b37b-4246-83c6-d24846ba1a72:c4257]
2019-07-08 14:21:34,142 INFO  client.GrpcClientProtocolClient (GrpcClientProtocolClient.java:onNext(255)) - client-DE0880F50CF2->72f5ceaa-5b3b-4bc7-b846-41895f4ebd48: receive RaftClientReply:client-DE0880F50CF2->72f5ceaa-5b3b-4bc7-b846-41895f4ebd48@group-833AA35A7EDE, cid=2855, SUCCESS, logIndex=4259, commits[72f5ceaa-5b3b-4bc7-b846-41895f4ebd48:c4259, b4e1f7d4-4bb4-47ed-a9cb-53483a899fb2:c4257, d3916bce-b37b-4246-83c6-d24846ba1a72:c4257]
2019-07-08 14:21:34,167 INFO  client.GrpcClientProtocolClient (GrpcClientProtocolClient.java:onNext(255)) - client-DE0880F50CF2->72f5ceaa-5b3b-4bc7-b846-41895f4ebd48: receive RaftClientReply:client-DE0880F50CF2->72f5ceaa-5b3b-4bc7-b846-41895f4ebd48@group-833AA35A7EDE, cid=2856, SUCCESS, logIndex=4262, commits[72f5ceaa-5b3b-4bc7-b846-41895f4ebd48:c4262, b4e1f7d4-4bb4-47ed-a9cb-53483a899fb2:c4259, d3916bce-b37b-4246-83c6-d24846ba1a72:c4259]
2019-07-08 14:21:34,167 INFO  client.GrpcClientProtocolClient (GrpcClientProtocolClient.java:onNext(255)) - client-DE0880F50CF2->72f5ceaa-5b3b-4bc7-b846-41895f4ebd48: receive RaftClientReply:client-DE0880F50CF2->72f5ceaa-5b3b-4bc7-b846-41895f4ebd48@group-833AA35A7EDE, cid=2857, SUCCESS, logIndex=4263, commits[72f5ceaa-5b3b-4bc7-b846-41895f4ebd48:c4263, b4e1f7d4-4bb4-47ed-a9cb-53483a899fb2:c4259, d3916bce-b37b-4246-83c6-d24846ba1a72:c4259]
2019-07-08 14:21:34,192 INFO  client.GrpcClientProtocolClient (GrpcClientProtocolClient.java:onNext(255)) - client-DE0880F50CF2->72f5ceaa-5b3b-4bc7-b846-41895f4ebd48: receive RaftClientReply:client-DE0880F50CF2->72f5ceaa-5b3b-4bc7-b846-41895f4ebd48@group-833AA35A7EDE, cid=2858, SUCCESS, logIndex=0, commits[72f5ceaa-5b3b-4bc7-b846-41895f4ebd48:c4265, b4e1f7d4-4bb4-47ed-a9cb-53483a899fb2:c4263, d3916bce-b37b-4246-83c6-d24846ba1a72:c4263]
2019-07-08 14:21:34,239 INFO  client.GrpcClientProtocolClient (GrpcClientProtocolClient.java:onNext(255)) - client-DE0880F50CF2->72f5ceaa-5b3b-4bc7-b846-41895f4ebd48: receive RaftClientReply:client-DE0880F50CF2->72f5ceaa-5b3b-4bc7-b846-41895f4ebd48@group-833AA35A7EDE, cid=2859, SUCCESS, logIndex=4266, commits[72f5ceaa-5b3b-4bc7-b846-41895f4ebd48:c4267, b4e1f7d4-4bb4-47ed-a9cb-53483a899fb2:c4265, d3916bce-b37b-4246-83c6-d24846ba1a72:c4265]
2019-07-08 14:21:34,240 INFO  client.GrpcClientProtocolClient (GrpcClientProtocolClient.java:onNext(255)) - client-DE0880F50CF2->72f5ceaa-5b3b-4bc7-b846-41895f4ebd48: receive RaftClientReply:client-DE0880F50CF2->72f5ceaa-5b3b-4bc7-b846-41895f4ebd48@group-833AA35A7EDE, cid=2860, SUCCESS, logIndex=4267, commits[72f5ceaa-5b3b-4bc7-b846-41895f4ebd48:c4267, b4e1f7d4-4bb4-47ed-a9cb-53483a899fb2:c4265, d3916bce-b37b-4246-83c6-d24846ba1a72:c4265]
2019-07-08 14:21:34,240 INFO  client.GrpcClientProtocolClient (GrpcClientProtocolClient.java:onNext(255)) - client-DE0880F50CF2->72f5ceaa-5b3b-4bc7-b846-41895f4ebd48: receive RaftClientReply:client-DE0880F50CF2->72f5ceaa-5b3b-4bc7-b846-41895f4ebd48@group-833AA35A7EDE, cid=2861, SUCCESS, logIndex=4268, commits[72f5ceaa-5b3b-4bc7-b846-41895f4ebd48:c4269, b4e1f7d4-4bb4-47ed-a9cb-53483a899fb2:c4265, d3916bce-b37b-4246-83c6-d24846ba1a72:c4265]
2019-07-08 14:21:34,241 INFO  client.GrpcClientProtocolClient (GrpcClientProtocolClient.java:onNext(255)) - client-DE0880F50CF2->72f5ceaa-5b3b-4bc7-b846-41895f4ebd48: receive RaftClientReply:client-DE0880F50CF2->72f5ceaa-5b3b-4bc7-b846-41895f4ebd48@group-833AA35A7EDE, cid=2862, SUCCESS, logIndex=4269, commits[72f5ceaa-5b3b-4bc7-b846-41895f4ebd48:c4269, b4e1f7d4-4bb4-47ed-a9cb-53483a899fb2:c4265, d3916bce-b37b-4246-83c6-d24846ba1a72:c4265]
2019-07-08 14:21:34,255 INFO  client.GrpcClientProtocolClient (GrpcClientProtocolClient.java:onNext(255)) - client-DE0880F50CF2->72f5ceaa-5b3b-4bc7-b846-41895f4ebd48: receive RaftClientReply:client-DE0880F50CF2->72f5ceaa-5b3b-4bc7-b846-41895f4ebd48@group-833AA35A7EDE, cid=2863, SUCCESS, logIndex=0, commits[72f5ceaa-5b3b-4bc7-b846-41895f4ebd48:c4270, b4e1f7d4-4bb4-47ed-a9cb-53483a899fb2:c4267, d3916bce-b37b-4246-83c6-d24846ba1a72:c4267]
2019-07-08 14:21:34,268 INFO  client.GrpcClientProtocolClient (GrpcClientProtocolClient.java:onNext(255)) - client-DE0880F50CF2->72f5ceaa-5b3b-4bc7-b846-41895f4ebd48: receive RaftClientReply:client-DE0880F50CF2->72f5ceaa-5b3b-4bc7-b846-41895f4ebd48@group-833AA35A7EDE, cid=2864, SUCCESS, logIndex=4272, commits[72f5ceaa-5b3b-4bc7-b846-41895f4ebd48:c4273, b4e1f7d4-4bb4-47ed-a9cb-53483a899fb2:c4269, d3916bce-b37b-4246-83c6-d24846ba1a72:c4271]
2019-07-08 14:21:34,268 INFO  client.GrpcClientProtocolClient (GrpcClientProtocolClient.java:onNext(255)) - client-DE0880F50CF2->72f5ceaa-5b3b-4bc7-b846-41895f4ebd48: receive RaftClientReply:client-DE0880F50CF2->72f5ceaa-5b3b-4bc7-b846-41895f4ebd48@group-833AA35A7EDE, cid=2865, SUCCESS, logIndex=4273, commits[72f5ceaa-5b3b-4bc7-b846-41895f4ebd48:c4273, b4e1f7d4-4bb4-47ed-a9cb-53483a899fb2:c4269, d3916bce-b37b-4246-83c6-d24846ba1a72:c4271]
2019-07-08 14:21:34,296 INFO  client.GrpcClientProtocolClient (GrpcClientProtocolClient.java:onNext(255)) - client-DE0880F50CF2->72f5ceaa-5b3b-4bc7-b846-41895f4ebd48: receive RaftClientReply:client-DE0880F50CF2->72f5ceaa-5b3b-4bc7-b846-41895f4ebd48@group-833AA35A7EDE, cid=2866, SUCCESS, logIndex=4276, commits[72f5ceaa-5b3b-4bc7-b846-41895f4ebd48:c4276, b4e1f7d4-4bb4-47ed-a9cb-53483a899fb2:c4273, d3916bce-b37b-4246-83c6-d24846ba1a72:c4273]
2019-07-08 14:21:34,297 INFO  client.GrpcClientProtocolClient (GrpcClientProtocolClient.java:onNext(255)) - client-DE0880F50CF2->72f5ceaa-5b3b-4bc7-b846-41895f4ebd48: receive RaftClientReply:client-DE0880F50CF2->72f5ceaa-5b3b-4bc7-b846-41895f4ebd48@group-833AA35A7EDE, cid=2867, SUCCESS, logIndex=4277, commits[72f5ceaa-5b3b-4bc7-b846-41895f4ebd48:c4277, b4e1f7d4-4bb4-47ed-a9cb-53483a899fb2:c4273, d3916bce-b37b-4246-83c6-d24846ba1a72:c4273]
2019-07-08 14:21:34,305 INFO  client.GrpcClientProtocolClient (GrpcClientProtocolClient.java:onNext(255)) - client-DE0880F50CF2->72f5ceaa-5b3b-4bc7-b846-41895f4ebd48: receive RaftClientReply:client-DE0880F50CF2->72f5ceaa-5b3b-4bc7-b846-41895f4ebd48@group-833AA35A7EDE, cid=2868, SUCCESS, logIndex=0, commits[72f5ceaa-5b3b-4bc7-b846-41895f4ebd48:c4279, b4e1f7d4-4bb4-47ed-a9cb-53483a899fb2:c4277, d3916bce-b37b-4246-83c6-d24846ba1a72:c4277]
2019-07-08 14:21:34,331 INFO  client.GrpcClientProtocolClient (GrpcClientProtocolClient.java:onNext(255)) - client-DE0880F50CF2->72f5ceaa-5b3b-4bc7-b846-41895f4ebd48: receive RaftClientReply:client-DE0880F50CF2->72f5ceaa-5b3b-4bc7-b846-41895f4ebd48@group-833AA35A7EDE, cid=2869, SUCCESS, logIndex=4280, commits[72f5ceaa-5b3b-4bc7-b846-41895f4ebd48:c4281, b4e1f7d4-4bb4-47ed-a9cb-53483a899fb2:c4277, d3916bce-b37b-4246-83c6-d24846ba1a72:c4279]
2019-07-08 14:21:34,332 INFO  client.GrpcClientProtocolClient (GrpcClientProtocolClient.java:onNext(255)) - client-DE0880F50CF2->72f5ceaa-5b3b-4bc7-b846-41895f4ebd48: receive RaftClientReply:client-DE0880F50CF2->72f5ceaa-5b3b-4bc7-b846-41895f4ebd48@group-833AA35A7EDE, cid=2870, SUCCESS, logIndex=4281, commits[72f5ceaa-5b3b-4bc7-b846-41895f4ebd48:c4281, b4e1f7d4-4bb4-47ed-a9cb-53483a899fb2:c4277, d3916bce-b37b-4246-83c6-d24846ba1a72:c4279]
2019-07-08 14:21:34,334 INFO  client.GrpcClientProtocolClient (GrpcClientProtocolClient.java:onNext(255)) - client-DE0880F50CF2->72f5ceaa-5b3b-4bc7-b846-41895f4ebd48: receive RaftClientReply:client-DE0880F50CF2->72f5ceaa-5b3b-4bc7-b846-41895f4ebd48@group-833AA35A7EDE, cid=2871, SUCCESS, logIndex=4282, commits[72f5ceaa-5b3b-4bc7-b846-41895f4ebd48:c4283, b4e1f7d4-4bb4-47ed-a9cb-53483a899fb2:c4279, d3916bce-b37b-4246-83c6-d24846ba1a72:c4279]
2019-07-08 14:21:34,334 INFO  client.GrpcClientProtocolClient (GrpcClientProtocolClient.java:onNext(255)) - client-DE0880F50CF2->72f5ceaa-5b3b-4bc7-b846-41895f4ebd48: receive RaftClientReply:client-DE0880F50CF2->72f5ceaa-5b3b-4bc7-b846-41895f4ebd48@group-833AA35A7EDE, cid=2872, SUCCESS, logIndex=4283, commits[72f5ceaa-5b3b-4bc7-b846-41895f4ebd48:c4283, b4e1f7d4-4bb4-47ed-a9cb-53483a899fb2:c4279, d3916bce-b37b-4246-83c6-d24846ba1a72:c4279]
2019-07-08 14:21:34,338 INFO  client.GrpcClientProtocolClient (GrpcClientProtocolClient.java:onNext(255)) - client-DE0880F50CF2->72f5ceaa-5b3b-4bc7-b846-41895f4ebd48: receive RaftClientReply:client-DE0880F50CF2->72f5ceaa-5b3b-4bc7-b846-41895f4ebd48@group-833AA35A7EDE, cid=2873, SUCCESS, logIndex=0, commits[72f5ceaa-5b3b-4bc7-b846-41895f4ebd48:c4285, b4e1f7d4-4bb4-47ed-a9cb-53483a899fb2:c4281, d3916bce-b37b-4246-83c6-d24846ba1a72:c4281]
2019-07-08 14:21:34,350 INFO  client.GrpcClientProtocolClient (GrpcClientProtocolClient.java:onNext(255)) - client-DE0880F50CF2->72f5ceaa-5b3b-4bc7-b846-41895f4ebd48: receive RaftClientReply:client-DE0880F50CF2->72f5ceaa-5b3b-4bc7-b846-41895f4ebd48@group-833AA35A7EDE, cid=2874, SUCCESS, logIndex=4288, commits[72f5ceaa-5b3b-4bc7-b846-41895f4ebd48:c4289, b4e1f7d4-4bb4-47ed-a9cb-53483a899fb2:c4287, d3916bce-b37b-4246-83c6-d24846ba1a72:c4283]
2019-07-08 14:21:34,350 INFO  client.GrpcClientProtocolClient (GrpcClientProtocolClient.java:onNext(255)) - client-DE0880F50CF2->72f5ceaa-5b3b-4bc7-b846-41895f4ebd48: receive RaftClientReply:client-DE0880F50CF2->72f5ceaa-5b3b-4bc7-b846-41895f4ebd48@group-833AA35A7EDE, cid=2875, SUCCESS, logIndex=4289, commits[72f5ceaa-5b3b-4bc7-b846-41895f4ebd48:c4289, b4e1f7d4-4bb4-47ed-a9cb-53483a899fb2:c4287, d3916bce-b37b-4246-83c6-d24846ba1a72:c4287]
2019-07-08 14:21:34,381 INFO  client.GrpcClientProtocolClient (GrpcClientProtocolClient.java:onNext(255)) - client-DE0880F50CF2->72f5ceaa-5b3b-4bc7-b846-41895f4ebd48: receive RaftClientReply:client-DE0880F50CF2->72f5ceaa-5b3b-4bc7-b846-41895f4ebd48@group-833AA35A7EDE, cid=2876, SUCCESS, logIndex=4292, commits[72f5ceaa-5b3b-4bc7-b846-41895f4ebd48:c4293, b4e1f7d4-4bb4-47ed-a9cb-53483a899fb2:c4291, d3916bce-b37b-4246-83c6-d24846ba1a72:c4291]
2019-07-08 14:21:34,381 INFO  client.GrpcClientProtocolClient (GrpcClientProtocolClient.java:onNext(255)) - client-DE0880F50CF2->72f5ceaa-5b3b-4bc7-b846-41895f4ebd48: receive RaftClientReply:client-DE0880F50CF2->72f5ceaa-5b3b-4bc7-b846-41895f4ebd48@group-833AA35A7EDE, cid=2877, SUCCESS, logIndex=4293, commits[72f5ceaa-5b3b-4bc7-b846-41895f4ebd48:c4293, b4e1f7d4-4bb4-47ed-a9cb-53483a899fb2:c4291, d3916bce-b37b-4246-83c6-d24846ba1a72:c4291]
2019-07-08 14:21:34,395 INFO  client.GrpcClientProtocolClient (GrpcClientProtocolClient.java:onNext(255)) - client-DE0880F50CF2->72f5ceaa-5b3b-4bc7-b846-41895f4ebd48: receive RaftClientReply:client-DE0880F50CF2->72f5ceaa-5b3b-4bc7-b846-41895f4ebd48@group-833AA35A7EDE, cid=2878, SUCCESS, logIndex=0, commits[72f5ceaa-5b3b-4bc7-b846-41895f4ebd48:c4295, b4e1f7d4-4bb4-47ed-a9cb-53483a899fb2:c4293, d3916bce-b37b-4246-83c6-d24846ba1a72:c4293]
2019-07-08 14:21:34,427 INFO  client.GrpcClientProtocolClient (GrpcClientProtocolClient.java:onNext(255)) - client-DE0880F50CF2->72f5ceaa-5b3b-4bc7-b846-41895f4ebd48: receive RaftClientReply:client-DE0880F50CF2->72f5ceaa-5b3b-4bc7-b846-41895f4ebd48@group-833AA35A7EDE, cid=2879, SUCCESS, logIndex=4296, commits[72f5ceaa-5b3b-4bc7-b846-41895f4ebd48:c4297, b4e1f7d4-4bb4-47ed-a9cb-53483a899fb2:c4295, d3916bce-b37b-4246-83c6-d24846ba1a72:c4295]
2019-07-08 14:21:34,428 INFO  client.GrpcClientProtocolClient (GrpcClientProtocolClient.java:onNext(255)) - client-DE0880F50CF2->72f5ceaa-5b3b-4bc7-b846-41895f4ebd48: receive RaftClientReply:client-DE0880F50CF2->72f5ceaa-5b3b-4bc7-b846-41895f4ebd48@group-833AA35A7EDE, cid=2880, SUCCESS, logIndex=4297, commits[72f5ceaa-5b3b-4bc7-b846-41895f4ebd48:c4297, b4e1f7d4-4bb4-47ed-a9cb-53483a899fb2:c4295, d3916bce-b37b-4246-83c6-d24846ba1a72:c4295]
2019-07-08 14:21:34,428 INFO  client.GrpcClientProtocolClient (GrpcClientProtocolClient.java:onNext(255)) - client-DE0880F50CF2->72f5ceaa-5b3b-4bc7-b846-41895f4ebd48: receive RaftClientReply:client-DE0880F50CF2->72f5ceaa-5b3b-4bc7-b846-41895f4ebd48@group-833AA35A7EDE, cid=2881, SUCCESS, logIndex=4298, commits[72f5ceaa-5b3b-4bc7-b846-41895f4ebd48:c4299, b4e1f7d4-4bb4-47ed-a9cb-53483a899fb2:c4295, d3916bce-b37b-4246-83c6-d24846ba1a72:c4295]
2019-07-08 14:21:34,428 INFO  client.GrpcClientProtocolClient (GrpcClientProtocolClient.java:onNext(255)) - client-DE0880F50CF2->72f5ceaa-5b3b-4bc7-b846-41895f4ebd48: receive RaftClientReply:client-DE0880F50CF2->72f5ceaa-5b3b-4bc7-b846-41895f4ebd48@group-833AA35A7EDE, cid=2882, SUCCESS, logIndex=4299, commits[72f5ceaa-5b3b-4bc7-b846-41895f4ebd48:c4299, b4e1f7d4-4bb4-47ed-a9cb-53483a899fb2:c4295, d3916bce-b37b-4246-83c6-d24846ba1a72:c4295]
2019-07-08 14:21:34,441 INFO  client.GrpcClientProtocolClient (GrpcClientProtocolClient.java:onNext(255)) - client-DE0880F50CF2->72f5ceaa-5b3b-4bc7-b846-41895f4ebd48: receive RaftClientReply:client-DE0880F50CF2->72f5ceaa-5b3b-4bc7-b846-41895f4ebd48@group-833AA35A7EDE, cid=2883, SUCCESS, logIndex=0, commits[72f5ceaa-5b3b-4bc7-b846-41895f4ebd48:c4301, b4e1f7d4-4bb4-47ed-a9cb-53483a899fb2:c4297, d3916bce-b37b-4246-83c6-d24846ba1a72:c4297]
2019-07-08 14:21:34,462 INFO  client.GrpcClientProtocolClient (GrpcClientProtocolClient.java:onNext(255)) - client-DE0880F50CF2->72f5ceaa-5b3b-4bc7-b846-41895f4ebd48: receive RaftClientReply:client-DE0880F50CF2->72f5ceaa-5b3b-4bc7-b846-41895f4ebd48@group-833AA35A7EDE, cid=2884, SUCCESS, logIndex=4304, commits[72f5ceaa-5b3b-4bc7-b846-41895f4ebd48:c4305, b4e1f7d4-4bb4-47ed-a9cb-53483a899fb2:c4303, d3916bce-b37b-4246-83c6-d24846ba1a72:c4303]
2019-07-08 14:21:34,462 INFO  client.GrpcClientProtocolClient (GrpcClientProtocolClient.java:onNext(255)) - client-DE0880F50CF2->72f5ceaa-5b3b-4bc7-b846-41895f4ebd48: receive RaftClientReply:client-DE0880F50CF2->72f5ceaa-5b3b-4bc7-b846-41895f4ebd48@group-833AA35A7EDE, cid=2885, SUCCESS, logIndex=4305, commits[72f5ceaa-5b3b-4bc7-b846-41895f4ebd48:c4305, b4e1f7d4-4bb4-47ed-a9cb-53483a899fb2:c4303, d3916bce-b37b-4246-83c6-d24846ba1a72:c4303]
2019-07-08 14:21:34,477 INFO  client.GrpcClientProtocolClient (GrpcClientProtocolClient.java:onNext(255)) - client-DE0880F50CF2->72f5ceaa-5b3b-4bc7-b846-41895f4ebd48: receive RaftClientReply:client-DE0880F50CF2->72f5ceaa-5b3b-4bc7-b846-41895f4ebd48@group-833AA35A7EDE, cid=2886, SUCCESS, logIndex=4308, commits[72f5ceaa-5b3b-4bc7-b846-41895f4ebd48:c4309, b4e1f7d4-4bb4-47ed-a9cb-53483a899fb2:c4305, d3916bce-b37b-4246-83c6-d24846ba1a72:c4305]
2019-07-08 14:21:34,477 INFO  client.GrpcClientProtocolClient (GrpcClientProtocolClient.java:onNext(255)) - client-DE0880F50CF2->72f5ceaa-5b3b-4bc7-b846-41895f4ebd48: receive RaftClientReply:client-DE0880F50CF2->72f5ceaa-5b3b-4bc7-b846-41895f4ebd48@group-833AA35A7EDE, cid=2887, SUCCESS, logIndex=4309, commits[72f5ceaa-5b3b-4bc7-b846-41895f4ebd48:c4309, b4e1f7d4-4bb4-47ed-a9cb-53483a899fb2:c4305, d3916bce-b37b-4246-83c6-d24846ba1a72:c4305]
2019-07-08 14:21:34,503 INFO  client.GrpcClientProtocolClient (GrpcClientProtocolClient.java:onNext(255)) - client-DE0880F50CF2->72f5ceaa-5b3b-4bc7-b846-41895f4ebd48: receive RaftClientReply:client-DE0880F50CF2->72f5ceaa-5b3b-4bc7-b846-41895f4ebd48@group-833AA35A7EDE, cid=2888, SUCCESS, logIndex=0, commits[72f5ceaa-5b3b-4bc7-b846-41895f4ebd48:c4311, b4e1f7d4-4bb4-47ed-a9cb-53483a899fb2:c4309, d3916bce-b37b-4246-83c6-d24846ba1a72:c4309]
2019-07-08 14:21:34,536 INFO  client.GrpcClientProtocolClient (GrpcClientProtocolClient.java:onNext(255)) - client-DE0880F50CF2->72f5ceaa-5b3b-4bc7-b846-41895f4ebd48: receive RaftClientReply:client-DE0880F50CF2->72f5ceaa-5b3b-4bc7-b846-41895f4ebd48@group-833AA35A7EDE, cid=2889, SUCCESS, logIndex=4312, commits[72f5ceaa-5b3b-4bc7-b846-41895f4ebd48:c4313, b4e1f7d4-4bb4-47ed-a9cb-53483a899fb2:c4311, d3916bce-b37b-4246-83c6-d24846ba1a72:c4311]
2019-07-08 14:21:34,537 INFO  client.GrpcClientProtocolClient (GrpcClientProtocolClient.java:onNext(255)) - client-DE0880F50CF2->72f5ceaa-5b3b-4bc7-b846-41895f4ebd48: receive RaftClientReply:client-DE0880F50CF2->72f5ceaa-5b3b-4bc7-b846-41895f4ebd48@group-833AA35A7EDE, cid=2890, SUCCESS, logIndex=4313, commits[72f5ceaa-5b3b-4bc7-b846-41895f4ebd48:c4313, b4e1f7d4-4bb4-47ed-a9cb-53483a899fb2:c4311, d3916bce-b37b-4246-83c6-d24846ba1a72:c4311]
2019-07-08 14:21:34,549 INFO  client.GrpcClientProtocolClient (GrpcClientProtocolClient.java:onNext(255)) - client-DE0880F50CF2->72f5ceaa-5b3b-4bc7-b846-41895f4ebd48: receive RaftClientReply:client-DE0880F50CF2->72f5ceaa-5b3b-4bc7-b846-41895f4ebd48@group-833AA35A7EDE, cid=2891, SUCCESS, logIndex=4314, commits[72f5ceaa-5b3b-4bc7-b846-41895f4ebd48:c4315, b4e1f7d4-4bb4-47ed-a9cb-53483a899fb2:c4311, d3916bce-b37b-4246-83c6-d24846ba1a72:c4311]
2019-07-08 14:21:34,549 INFO  client.GrpcClientProtocolClient (GrpcClientProtocolClient.java:onNext(255)) - client-DE0880F50CF2->72f5ceaa-5b3b-4bc7-b846-41895f4ebd48: receive RaftClientReply:client-DE0880F50CF2->72f5ceaa-5b3b-4bc7-b846-41895f4ebd48@group-833AA35A7EDE, cid=2892, SUCCESS, logIndex=4315, commits[72f5ceaa-5b3b-4bc7-b846-41895f4ebd48:c4315, b4e1f7d4-4bb4-47ed-a9cb-53483a899fb2:c4311, d3916bce-b37b-4246-83c6-d24846ba1a72:c4311]
2019-07-08 14:21:34,562 INFO  client.GrpcClientProtocolClient (GrpcClientProtocolClient.java:onNext(255)) - client-DE0880F50CF2->72f5ceaa-5b3b-4bc7-b846-41895f4ebd48: receive RaftClientReply:client-DE0880F50CF2->72f5ceaa-5b3b-4bc7-b846-41895f4ebd48@group-833AA35A7EDE, cid=2893, SUCCESS, logIndex=0, commits[72f5ceaa-5b3b-4bc7-b846-41895f4ebd48:c4317, b4e1f7d4-4bb4-47ed-a9cb-53483a899fb2:c4313, d3916bce-b37b-4246-83c6-d24846ba1a72:c4313]
2019-07-08 14:21:34,585 INFO  client.GrpcClientProtocolClient (GrpcClientProtocolClient.java:onNext(255)) - client-DE0880F50CF2->72f5ceaa-5b3b-4bc7-b846-41895f4ebd48: receive RaftClientReply:client-DE0880F50CF2->72f5ceaa-5b3b-4bc7-b846-41895f4ebd48@group-833AA35A7EDE, cid=2894, SUCCESS, logIndex=4320, commits[72f5ceaa-5b3b-4bc7-b846-41895f4ebd48:c4321, b4e1f7d4-4bb4-47ed-a9cb-53483a899fb2:c4317, d3916bce-b37b-4246-83c6-d24846ba1a72:c4317]
2019-07-08 14:21:34,585 INFO  client.GrpcClientProtocolClient (GrpcClientProtocolClient.java:onNext(255)) - client-DE0880F50CF2->72f5ceaa-5b3b-4bc7-b846-41895f4ebd48: receive RaftClientReply:client-DE0880F50CF2->72f5ceaa-5b3b-4bc7-b846-41895f4ebd48@group-833AA35A7EDE, cid=2895, SUCCESS, logIndex=4321, commits[72f5ceaa-5b3b-4bc7-b846-41895f4ebd48:c4321, b4e1f7d4-4bb4-47ed-a9cb-53483a899fb2:c4317, d3916bce-b37b-4246-83c6-d24846ba1a72:c4317]
2019-07-08 14:21:34,605 INFO  client.GrpcClientProtocolClient (GrpcClientProtocolClient.java:onNext(255)) - client-DE0880F50CF2->72f5ceaa-5b3b-4bc7-b846-41895f4ebd48: receive RaftClientReply:client-DE0880F50CF2->72f5ceaa-5b3b-4bc7-b846-41895f4ebd48@group-833AA35A7EDE, cid=2896, SUCCESS, logIndex=4324, commits[72f5ceaa-5b3b-4bc7-b846-41895f4ebd48:c4325, b4e1f7d4-4bb4-47ed-a9cb-53483a899fb2:c4322, d3916bce-b37b-4246-83c6-d24846ba1a72:c4322]
2019-07-08 14:21:34,605 INFO  client.GrpcClientProtocolClient (GrpcClientProtocolClient.java:onNext(255)) - client-DE0880F50CF2->72f5ceaa-5b3b-4bc7-b846-41895f4ebd48: receive RaftClientReply:client-DE0880F50CF2->72f5ceaa-5b3b-4bc7-b846-41895f4ebd48@group-833AA35A7EDE, cid=2897, SUCCESS, logIndex=4325, commits[72f5ceaa-5b3b-4bc7-b846-41895f4ebd48:c4325, b4e1f7d4-4bb4-47ed-a9cb-53483a899fb2:c4322, d3916bce-b37b-4246-83c6-d24846ba1a72:c4322]
2019-07-08 14:21:34,632 INFO  client.GrpcClientProtocolClient (GrpcClientProtocolClient.java:onNext(255)) - client-DE0880F50CF2->72f5ceaa-5b3b-4bc7-b846-41895f4ebd48: receive RaftClientReply:client-DE0880F50CF2->72f5ceaa-5b3b-4bc7-b846-41895f4ebd48@group-833AA35A7EDE, cid=2898, SUCCESS, logIndex=0, commits[72f5ceaa-5b3b-4bc7-b846-41895f4ebd48:c4327, b4e1f7d4-4bb4-47ed-a9cb-53483a899fb2:c4325, d3916bce-b37b-4246-83c6-d24846ba1a72:c4325]
2019-07-08 14:21:34,665 INFO  client.GrpcClientProtocolClient (GrpcClientProtocolClient.java:onNext(255)) - client-DE0880F50CF2->72f5ceaa-5b3b-4bc7-b846-41895f4ebd48: receive RaftClientReply:client-DE0880F50CF2->72f5ceaa-5b3b-4bc7-b846-41895f4ebd48@group-833AA35A7EDE, cid=2899, SUCCESS, logIndex=4328, commits[72f5ceaa-5b3b-4bc7-b846-41895f4ebd48:c4329, b4e1f7d4-4bb4-47ed-a9cb-53483a899fb2:c4327, d3916bce-b37b-4246-83c6-d24846ba1a72:c4327]
2019-07-08 14:21:34,666 INFO  client.GrpcClientProtocolClient (GrpcClientProtocolClient.java:onNext(255)) - client-DE0880F50CF2->72f5ceaa-5b3b-4bc7-b846-41895f4ebd48: receive RaftClientReply:client-DE0880F50CF2->72f5ceaa-5b3b-4bc7-b846-41895f4ebd48@group-833AA35A7EDE, cid=2900, SUCCESS, logIndex=4329, commits[72f5ceaa-5b3b-4bc7-b846-41895f4ebd48:c4330, b4e1f7d4-4bb4-47ed-a9cb-53483a899fb2:c4327, d3916bce-b37b-4246-83c6-d24846ba1a72:c4327]
2019-07-08 14:21:34,666 INFO  client.GrpcClientProtocolClient (GrpcClientProtocolClient.java:onNext(255)) - client-DE0880F50CF2->72f5ceaa-5b3b-4bc7-b846-41895f4ebd48: receive RaftClientReply:client-DE0880F50CF2->72f5ceaa-5b3b-4bc7-b846-41895f4ebd48@group-833AA35A7EDE, cid=2901, SUCCESS, logIndex=4330, commits[72f5ceaa-5b3b-4bc7-b846-41895f4ebd48:c4331, b4e1f7d4-4bb4-47ed-a9cb-53483a899fb2:c4327, d3916bce-b37b-4246-83c6-d24846ba1a72:c4327]
2019-07-08 14:21:34,666 INFO  client.GrpcClientProtocolClient (GrpcClientProtocolClient.java:onNext(255)) - client-DE0880F50CF2->72f5ceaa-5b3b-4bc7-b846-41895f4ebd48: receive RaftClientReply:client-DE0880F50CF2->72f5ceaa-5b3b-4bc7-b846-41895f4ebd48@group-833AA35A7EDE, cid=2902, SUCCESS, logIndex=4331, commits[72f5ceaa-5b3b-4bc7-b846-41895f4ebd48:c4331, b4e1f7d4-4bb4-47ed-a9cb-53483a899fb2:c4327, d3916bce-b37b-4246-83c6-d24846ba1a72:c4327]
2019-07-08 14:21:34,680 INFO  client.GrpcClientProtocolClient (GrpcClientProtocolClient.java:onNext(255)) - client-DE0880F50CF2->72f5ceaa-5b3b-4bc7-b846-41895f4ebd48: receive RaftClientReply:client-DE0880F50CF2->72f5ceaa-5b3b-4bc7-b846-41895f4ebd48@group-833AA35A7EDE, cid=2903, SUCCESS, logIndex=0, commits[72f5ceaa-5b3b-4bc7-b846-41895f4ebd48:c4333, b4e1f7d4-4bb4-47ed-a9cb-53483a899fb2:c4329, d3916bce-b37b-4246-83c6-d24846ba1a72:c4329]
2019-07-08 14:21:34,701 INFO  client.GrpcClientProtocolClient (GrpcClientProtocolClient.java:onNext(255)) - client-DE0880F50CF2->72f5ceaa-5b3b-4bc7-b846-41895f4ebd48: receive RaftClientReply:client-DE0880F50CF2->72f5ceaa-5b3b-4bc7-b846-41895f4ebd48@group-833AA35A7EDE, cid=2904, SUCCESS, logIndex=4336, commits[72f5ceaa-5b3b-4bc7-b846-41895f4ebd48:c4337, b4e1f7d4-4bb4-47ed-a9cb-53483a899fb2:c4335, d3916bce-b37b-4246-83c6-d24846ba1a72:c4335]
2019-07-08 14:21:34,702 INFO  client.GrpcClientProtocolClient (GrpcClientProtocolClient.java:onNext(255)) - client-DE0880F50CF2->72f5ceaa-5b3b-4bc7-b846-41895f4ebd48: receive RaftClientReply:client-DE0880F50CF2->72f5ceaa-5b3b-4bc7-b846-41895f4ebd48@group-833AA35A7EDE, cid=2905, SUCCESS, logIndex=4337, commits[72f5ceaa-5b3b-4bc7-b846-41895f4ebd48:c4337, b4e1f7d4-4bb4-47ed-a9cb-53483a899fb2:c4335, d3916bce-b37b-4246-83c6-d24846ba1a72:c4335]
2019-07-08 14:21:34,729 INFO  client.GrpcClientProtocolClient (GrpcClientProtocolClient.java:onNext(255)) - client-DE0880F50CF2->72f5ceaa-5b3b-4bc7-b846-41895f4ebd48: receive RaftClientReply:client-DE0880F50CF2->72f5ceaa-5b3b-4bc7-b846-41895f4ebd48@group-833AA35A7EDE, cid=2906, SUCCESS, logIndex=4340, commits[72f5ceaa-5b3b-4bc7-b846-41895f4ebd48:c4341, b4e1f7d4-4bb4-47ed-a9cb-53483a899fb2:c4337, d3916bce-b37b-4246-83c6-d24846ba1a72:c4337]
2019-07-08 14:21:34,730 INFO  client.GrpcClientProtocolClient (GrpcClientProtocolClient.java:onNext(255)) - client-DE0880F50CF2->72f5ceaa-5b3b-4bc7-b846-41895f4ebd48: receive RaftClientReply:client-DE0880F50CF2->72f5ceaa-5b3b-4bc7-b846-41895f4ebd48@group-833AA35A7EDE, cid=2907, SUCCESS, logIndex=4341, commits[72f5ceaa-5b3b-4bc7-b846-41895f4ebd48:c4341, b4e1f7d4-4bb4-47ed-a9cb-53483a899fb2:c4337, d3916bce-b37b-4246-83c6-d24846ba1a72:c4337]
2019-07-08 14:21:34,755 INFO  client.GrpcClientProtocolClient (GrpcClientProtocolClient.java:onNext(255)) - client-DE0880F50CF2->72f5ceaa-5b3b-4bc7-b846-41895f4ebd48: receive RaftClientReply:client-DE0880F50CF2->72f5ceaa-5b3b-4bc7-b846-41895f4ebd48@group-833AA35A7EDE, cid=2908, SUCCESS, logIndex=0, commits[72f5ceaa-5b3b-4bc7-b846-41895f4ebd48:c4343, b4e1f7d4-4bb4-47ed-a9cb-53483a899fb2:c4341, d3916bce-b37b-4246-83c6-d24846ba1a72:c4341]
2019-07-08 14:21:34,790 INFO  client.GrpcClientProtocolClient (GrpcClientProtocolClient.java:onNext(255)) - client-DE0880F50CF2->72f5ceaa-5b3b-4bc7-b846-41895f4ebd48: receive RaftClientReply:client-DE0880F50CF2->72f5ceaa-5b3b-4bc7-b846-41895f4ebd48@group-833AA35A7EDE, cid=2909, SUCCESS, logIndex=4344, commits[72f5ceaa-5b3b-4bc7-b846-41895f4ebd48:c4345, b4e1f7d4-4bb4-47ed-a9cb-53483a899fb2:c4343, d3916bce-b37b-4246-83c6-d24846ba1a72:c4343]
2019-07-08 14:21:34,791 INFO  client.GrpcClientProtocolClient (GrpcClientProtocolClient.java:onNext(255)) - client-DE0880F50CF2->72f5ceaa-5b3b-4bc7-b846-41895f4ebd48: receive RaftClientReply:client-DE0880F50CF2->72f5ceaa-5b3b-4bc7-b846-41895f4ebd48@group-833AA35A7EDE, cid=2910, SUCCESS, logIndex=4345, commits[72f5ceaa-5b3b-4bc7-b846-41895f4ebd48:c4345, b4e1f7d4-4bb4-47ed-a9cb-53483a899fb2:c4343, d3916bce-b37b-4246-83c6-d24846ba1a72:c4343]
2019-07-08 14:21:34,806 INFO  client.GrpcClientProtocolClient (GrpcClientProtocolClient.java:onNext(255)) - client-DE0880F50CF2->72f5ceaa-5b3b-4bc7-b846-41895f4ebd48: receive RaftClientReply:client-DE0880F50CF2->72f5ceaa-5b3b-4bc7-b846-41895f4ebd48@group-833AA35A7EDE, cid=2911, SUCCESS, logIndex=4346, commits[72f5ceaa-5b3b-4bc7-b846-41895f4ebd48:c4347, b4e1f7d4-4bb4-47ed-a9cb-53483a899fb2:c4343, d3916bce-b37b-4246-83c6-d24846ba1a72:c4343]
2019-07-08 14:21:34,807 INFO  client.GrpcClientProtocolClient (GrpcClientProtocolClient.java:onNext(255)) - client-DE0880F50CF2->72f5ceaa-5b3b-4bc7-b846-41895f4ebd48: receive RaftClientReply:client-DE0880F50CF2->72f5ceaa-5b3b-4bc7-b846-41895f4ebd48@group-833AA35A7EDE, cid=2912, SUCCESS, logIndex=4347, commits[72f5ceaa-5b3b-4bc7-b846-41895f4ebd48:c4347, b4e1f7d4-4bb4-47ed-a9cb-53483a899fb2:c4343, d3916bce-b37b-4246-83c6-d24846ba1a72:c4343]
2019-07-08 14:21:34,819 INFO  client.GrpcClientProtocolClient (GrpcClientProtocolClient.java:onNext(255)) - client-DE0880F50CF2->72f5ceaa-5b3b-4bc7-b846-41895f4ebd48: receive RaftClientReply:client-DE0880F50CF2->72f5ceaa-5b3b-4bc7-b846-41895f4ebd48@group-833AA35A7EDE, cid=2913, SUCCESS, logIndex=0, commits[72f5ceaa-5b3b-4bc7-b846-41895f4ebd48:c4349, b4e1f7d4-4bb4-47ed-a9cb-53483a899fb2:c4345, d3916bce-b37b-4246-83c6-d24846ba1a72:c4345]
2019-07-08 14:21:34,845 INFO  client.GrpcClientProtocolClient (GrpcClientProtocolClient.java:onNext(255)) - client-DE0880F50CF2->72f5ceaa-5b3b-4bc7-b846-41895f4ebd48: receive RaftClientReply:client-DE0880F50CF2->72f5ceaa-5b3b-4bc7-b846-41895f4ebd48@group-833AA35A7EDE, cid=2914, SUCCESS, logIndex=4352, commits[72f5ceaa-5b3b-4bc7-b846-41895f4ebd48:c4353, b4e1f7d4-4bb4-47ed-a9cb-53483a899fb2:c4349, d3916bce-b37b-4246-83c6-d24846ba1a72:c4349]
2019-07-08 14:21:34,846 INFO  client.GrpcClientProtocolClient (GrpcClientProtocolClient.java:onNext(255)) - client-DE0880F50CF2->72f5ceaa-5b3b-4bc7-b846-41895f4ebd48: receive RaftClientReply:client-DE0880F50CF2->72f5ceaa-5b3b-4bc7-b846-41895f4ebd48@group-833AA35A7EDE, cid=2915, SUCCESS, logIndex=4353, commits[72f5ceaa-5b3b-4bc7-b846-41895f4ebd48:c4353, b4e1f7d4-4bb4-47ed-a9cb-53483a899fb2:c4349, d3916bce-b37b-4246-83c6-d24846ba1a72:c4349]
2019-07-08 14:21:34,859 INFO  client.GrpcClientProtocolClient (GrpcClientProtocolClient.java:onNext(255)) - client-DE0880F50CF2->72f5ceaa-5b3b-4bc7-b846-41895f4ebd48: receive RaftClientReply:client-DE0880F50CF2->72f5ceaa-5b3b-4bc7-b846-41895f4ebd48@group-833AA35A7EDE, cid=2916, SUCCESS, logIndex=4356, commits[72f5ceaa-5b3b-4bc7-b846-41895f4ebd48:c4357, b4e1f7d4-4bb4-47ed-a9cb-53483a899fb2:c4353, d3916bce-b37b-4246-83c6-d24846ba1a72:c4355]
2019-07-08 14:21:34,859 INFO  client.GrpcClientProtocolClient (GrpcClientProtocolClient.java:onNext(255)) - client-DE0880F50CF2->72f5ceaa-5b3b-4bc7-b846-41895f4ebd48: receive RaftClientReply:client-DE0880F50CF2->72f5ceaa-5b3b-4bc7-b846-41895f4ebd48@group-833AA35A7EDE, cid=2917, SUCCESS, logIndex=4357, commits[72f5ceaa-5b3b-4bc7-b846-41895f4ebd48:c4357, b4e1f7d4-4bb4-47ed-a9cb-53483a899fb2:c4353, d3916bce-b37b-4246-83c6-d24846ba1a72:c4355]
2019-07-08 14:21:34,861 INFO  client.GrpcClientProtocolClient (GrpcClientProtocolClient.java:onNext(255)) - client-DE0880F50CF2->72f5ceaa-5b3b-4bc7-b846-41895f4ebd48: receive RaftClientReply:client-DE0880F50CF2->72f5ceaa-5b3b-4bc7-b846-41895f4ebd48@group-833AA35A7EDE, cid=2918, SUCCESS, logIndex=0, commits[72f5ceaa-5b3b-4bc7-b846-41895f4ebd48:c4358, b4e1f7d4-4bb4-47ed-a9cb-53483a899fb2:c4357, d3916bce-b37b-4246-83c6-d24846ba1a72:c4357]
2019-07-08 14:21:34,895 INFO  client.GrpcClientProtocolClient (GrpcClientProtocolClient.java:onNext(255)) - client-DE0880F50CF2->72f5ceaa-5b3b-4bc7-b846-41895f4ebd48: receive RaftClientReply:client-DE0880F50CF2->72f5ceaa-5b3b-4bc7-b846-41895f4ebd48@group-833AA35A7EDE, cid=2919, SUCCESS, logIndex=4360, commits[72f5ceaa-5b3b-4bc7-b846-41895f4ebd48:c4361, b4e1f7d4-4bb4-47ed-a9cb-53483a899fb2:c4359, d3916bce-b37b-4246-83c6-d24846ba1a72:c4359]
2019-07-08 14:21:34,896 INFO  client.GrpcClientProtocolClient (GrpcClientProtocolClient.java:onNext(255)) - client-DE0880F50CF2->72f5ceaa-5b3b-4bc7-b846-41895f4ebd48: receive RaftClientReply:client-DE0880F50CF2->72f5ceaa-5b3b-4bc7-b846-41895f4ebd48@group-833AA35A7EDE, cid=2920, SUCCESS, logIndex=4361, commits[72f5ceaa-5b3b-4bc7-b846-41895f4ebd48:c4363, b4e1f7d4-4bb4-47ed-a9cb-53483a899fb2:c4359, d3916bce-b37b-4246-83c6-d24846ba1a72:c4359]
2019-07-08 14:21:34,896 INFO  client.GrpcClientProtocolClient (GrpcClientProtocolClient.java:onNext(255)) - client-DE0880F50CF2->72f5ceaa-5b3b-4bc7-b846-41895f4ebd48: receive RaftClientReply:client-DE0880F50CF2->72f5ceaa-5b3b-4bc7-b846-41895f4ebd48@group-833AA35A7EDE, cid=2921, SUCCESS, logIndex=4362, commits[72f5ceaa-5b3b-4bc7-b846-41895f4ebd48:c4363, b4e1f7d4-4bb4-47ed-a9cb-53483a899fb2:c4359, d3916bce-b37b-4246-83c6-d24846ba1a72:c4359]
2019-07-08 14:21:34,896 INFO  client.GrpcClientProtocolClient (GrpcClientProtocolClient.java:onNext(255)) - client-DE0880F50CF2->72f5ceaa-5b3b-4bc7-b846-41895f4ebd48: receive RaftClientReply:client-DE0880F50CF2->72f5ceaa-5b3b-4bc7-b846-41895f4ebd48@group-833AA35A7EDE, cid=2922, SUCCESS, logIndex=4363, commits[72f5ceaa-5b3b-4bc7-b846-41895f4ebd48:c4363, b4e1f7d4-4bb4-47ed-a9cb-53483a899fb2:c4359, d3916bce-b37b-4246-83c6-d24846ba1a72:c4359]
2019-07-08 14:21:34,910 INFO  client.GrpcClientProtocolClient (GrpcClientProtocolClient.java:onNext(255)) - client-DE0880F50CF2->72f5ceaa-5b3b-4bc7-b846-41895f4ebd48: receive RaftClientReply:client-DE0880F50CF2->72f5ceaa-5b3b-4bc7-b846-41895f4ebd48@group-833AA35A7EDE, cid=2923, SUCCESS, logIndex=0, commits[72f5ceaa-5b3b-4bc7-b846-41895f4ebd48:c4367, b4e1f7d4-4bb4-47ed-a9cb-53483a899fb2:c4361, d3916bce-b37b-4246-83c6-d24846ba1a72:c4363]
2019-07-08 14:21:34,931 INFO  client.GrpcClientProtocolClient (GrpcClientProtocolClient.java:onNext(255)) - client-DE0880F50CF2->72f5ceaa-5b3b-4bc7-b846-41895f4ebd48: receive RaftClientReply:client-DE0880F50CF2->72f5ceaa-5b3b-4bc7-b846-41895f4ebd48@group-833AA35A7EDE, cid=2924, SUCCESS, logIndex=4368, commits[72f5ceaa-5b3b-4bc7-b846-41895f4ebd48:c4369, b4e1f7d4-4bb4-47ed-a9cb-53483a899fb2:c4367, d3916bce-b37b-4246-83c6-d24846ba1a72:c4367]
2019-07-08 14:21:34,931 INFO  client.GrpcClientProtocolClient (GrpcClientProtocolClient.java:onNext(255)) - client-DE0880F50CF2->72f5ceaa-5b3b-4bc7-b846-41895f4ebd48: receive RaftClientReply:client-DE0880F50CF2->72f5ceaa-5b3b-4bc7-b846-41895f4ebd48@group-833AA35A7EDE, cid=2925, SUCCESS, logIndex=4369, commits[72f5ceaa-5b3b-4bc7-b846-41895f4ebd48:c4369, b4e1f7d4-4bb4-47ed-a9cb-53483a899fb2:c4367, d3916bce-b37b-4246-83c6-d24846ba1a72:c4367]
2019-07-08 14:21:34,946 INFO  client.GrpcClientProtocolClient (GrpcClientProtocolClient.java:onNext(255)) - client-DE0880F50CF2->72f5ceaa-5b3b-4bc7-b846-41895f4ebd48: receive RaftClientReply:client-DE0880F50CF2->72f5ceaa-5b3b-4bc7-b846-41895f4ebd48@group-833AA35A7EDE, cid=2926, SUCCESS, logIndex=4372, commits[72f5ceaa-5b3b-4bc7-b846-41895f4ebd48:c4373, b4e1f7d4-4bb4-47ed-a9cb-53483a899fb2:c4369, d3916bce-b37b-4246-83c6-d24846ba1a72:c4369]
2019-07-08 14:21:34,946 INFO  client.GrpcClientProtocolClient (GrpcClientProtocolClient.java:onNext(255)) - client-DE0880F50CF2->72f5ceaa-5b3b-4bc7-b846-41895f4ebd48: receive RaftClientReply:client-DE0880F50CF2->72f5ceaa-5b3b-4bc7-b846-41895f4ebd48@group-833AA35A7EDE, cid=2927, SUCCESS, logIndex=4373, commits[72f5ceaa-5b3b-4bc7-b846-41895f4ebd48:c4373, b4e1f7d4-4bb4-47ed-a9cb-53483a899fb2:c4369, d3916bce-b37b-4246-83c6-d24846ba1a72:c4369]
2019-07-08 14:21:34,960 INFO  client.GrpcClientProtocolClient (GrpcClientProtocolClient.java:onNext(255)) - client-DE0880F50CF2->72f5ceaa-5b3b-4bc7-b846-41895f4ebd48: receive RaftClientReply:client-DE0880F50CF2->72f5ceaa-5b3b-4bc7-b846-41895f4ebd48@group-833AA35A7EDE, cid=2928, SUCCESS, logIndex=0, commits[72f5ceaa-5b3b-4bc7-b846-41895f4ebd48:c4375, b4e1f7d4-4bb4-47ed-a9cb-53483a899fb2:c4373, d3916bce-b37b-4246-83c6-d24846ba1a72:c4373]
 0.00% |█                                                                                                    |  0/1 Time: 0:00:292019-07-08 14:21:34,992 INFO  client.GrpcClientProtocolClient (GrpcClientProtocolClient.java:onNext(255)) - client-DE0880F50CF2->72f5ceaa-5b3b-4bc7-b846-41895f4ebd48: receive RaftClientReply:client-DE0880F50CF2->72f5ceaa-5b3b-4bc7-b846-41895f4ebd48@group-833AA35A7EDE, cid=2929, SUCCESS, logIndex=4376, commits[72f5ceaa-5b3b-4bc7-b846-41895f4ebd48:c4377, b4e1f7d4-4bb4-47ed-a9cb-53483a899fb2:c4375, d3916bce-b37b-4246-83c6-d24846ba1a72:c4375]
2019-07-08 14:21:34,992 INFO  client.GrpcClientProtocolClient (GrpcClientProtocolClient.java:onNext(255)) - client-DE0880F50CF2->72f5ceaa-5b3b-4bc7-b846-41895f4ebd48: receive RaftClientReply:client-DE0880F50CF2->72f5ceaa-5b3b-4bc7-b846-41895f4ebd48@group-833AA35A7EDE, cid=2930, SUCCESS, logIndex=4377, commits[72f5ceaa-5b3b-4bc7-b846-41895f4ebd48:c4377, b4e1f7d4-4bb4-47ed-a9cb-53483a899fb2:c4375, d3916bce-b37b-4246-83c6-d24846ba1a72:c4375]
2019-07-08 14:21:35,005 INFO  client.GrpcClientProtocolClient (GrpcClientProtocolClient.java:onNext(255)) - client-DE0880F50CF2->72f5ceaa-5b3b-4bc7-b846-41895f4ebd48: receive RaftClientReply:client-DE0880F50CF2->72f5ceaa-5b3b-4bc7-b846-41895f4ebd48@group-833AA35A7EDE, cid=2931, SUCCESS, logIndex=4378, commits[72f5ceaa-5b3b-4bc7-b846-41895f4ebd48:c4379, b4e1f7d4-4bb4-47ed-a9cb-53483a899fb2:c4375, d3916bce-b37b-4246-83c6-d24846ba1a72:c4375]
2019-07-08 14:21:35,005 INFO  client.GrpcClientProtocolClient (GrpcClientProtocolClient.java:onNext(255)) - client-DE0880F50CF2->72f5ceaa-5b3b-4bc7-b846-41895f4ebd48: receive RaftClientReply:client-DE0880F50CF2->72f5ceaa-5b3b-4bc7-b846-41895f4ebd48@group-833AA35A7EDE, cid=2932, SUCCESS, logIndex=4379, commits[72f5ceaa-5b3b-4bc7-b846-41895f4ebd48:c4379, b4e1f7d4-4bb4-47ed-a9cb-53483a899fb2:c4375, d3916bce-b37b-4246-83c6-d24846ba1a72:c4375]
2019-07-08 14:21:35,017 INFO  client.GrpcClientProtocolClient (GrpcClientProtocolClient.java:onNext(255)) - client-DE0880F50CF2->72f5ceaa-5b3b-4bc7-b846-41895f4ebd48: receive RaftClientReply:client-DE0880F50CF2->72f5ceaa-5b3b-4bc7-b846-41895f4ebd48@group-833AA35A7EDE, cid=2933, SUCCESS, logIndex=0, commits[72f5ceaa-5b3b-4bc7-b846-41895f4ebd48:c4381, b4e1f7d4-4bb4-47ed-a9cb-53483a899fb2:c4377, d3916bce-b37b-4246-83c6-d24846ba1a72:c4377]
2019-07-08 14:21:35,043 INFO  client.GrpcClientProtocolClient (GrpcClientProtocolClient.java:onNext(255)) - client-DE0880F50CF2->72f5ceaa-5b3b-4bc7-b846-41895f4ebd48: receive RaftClientReply:client-DE0880F50CF2->72f5ceaa-5b3b-4bc7-b846-41895f4ebd48@group-833AA35A7EDE, cid=2934, SUCCESS, logIndex=4384, commits[72f5ceaa-5b3b-4bc7-b846-41895f4ebd48:c4385, b4e1f7d4-4bb4-47ed-a9cb-53483a899fb2:c4381, d3916bce-b37b-4246-83c6-d24846ba1a72:c4381]
2019-07-08 14:21:35,044 INFO  client.GrpcClientProtocolClient (GrpcClientProtocolClient.java:onNext(255)) - client-DE0880F50CF2->72f5ceaa-5b3b-4bc7-b846-41895f4ebd48: receive RaftClientReply:client-DE0880F50CF2->72f5ceaa-5b3b-4bc7-b846-41895f4ebd48@group-833AA35A7EDE, cid=2935, SUCCESS, logIndex=4385, commits[72f5ceaa-5b3b-4bc7-b846-41895f4ebd48:c4385, b4e1f7d4-4bb4-47ed-a9cb-53483a899fb2:c4381, d3916bce-b37b-4246-83c6-d24846ba1a72:c4381]
2019-07-08 14:21:35,070 INFO  client.GrpcClientProtocolClient (GrpcClientProtocolClient.java:onNext(255)) - client-DE0880F50CF2->72f5ceaa-5b3b-4bc7-b846-41895f4ebd48: receive RaftClientReply:client-DE0880F50CF2->72f5ceaa-5b3b-4bc7-b846-41895f4ebd48@group-833AA35A7EDE, cid=2936, SUCCESS, logIndex=4388, commits[72f5ceaa-5b3b-4bc7-b846-41895f4ebd48:c4389, b4e1f7d4-4bb4-47ed-a9cb-53483a899fb2:c4385, d3916bce-b37b-4246-83c6-d24846ba1a72:c4385]
2019-07-08 14:21:35,071 INFO  client.GrpcClientProtocolClient (GrpcClientProtocolClient.java:onNext(255)) - client-DE0880F50CF2->72f5ceaa-5b3b-4bc7-b846-41895f4ebd48: receive RaftClientReply:client-DE0880F50CF2->72f5ceaa-5b3b-4bc7-b846-41895f4ebd48@group-833AA35A7EDE, cid=2937, SUCCESS, logIndex=4389, commits[72f5ceaa-5b3b-4bc7-b846-41895f4ebd48:c4389, b4e1f7d4-4bb4-47ed-a9cb-53483a899fb2:c4385, d3916bce-b37b-4246-83c6-d24846ba1a72:c4385]
2019-07-08 14:21:35,093 INFO  client.GrpcClientProtocolClient (GrpcClientProtocolClient.java:onNext(255)) - client-DE0880F50CF2->72f5ceaa-5b3b-4bc7-b846-41895f4ebd48: receive RaftClientReply:client-DE0880F50CF2->72f5ceaa-5b3b-4bc7-b846-41895f4ebd48@group-833AA35A7EDE, cid=2938, SUCCESS, logIndex=0, commits[72f5ceaa-5b3b-4bc7-b846-41895f4ebd48:c4391, b4e1f7d4-4bb4-47ed-a9cb-53483a899fb2:c4389, d3916bce-b37b-4246-83c6-d24846ba1a72:c4389]
2019-07-08 14:21:35,217 INFO  client.GrpcClientProtocolClient (GrpcClientProtocolClient.java:onNext(255)) - client-DE0880F50CF2->72f5ceaa-5b3b-4bc7-b846-41895f4ebd48: receive RaftClientReply:client-DE0880F50CF2->72f5ceaa-5b3b-4bc7-b846-41895f4ebd48@group-833AA35A7EDE, cid=2939, SUCCESS, logIndex=4392, commits[72f5ceaa-5b3b-4bc7-b846-41895f4ebd48:c4393, b4e1f7d4-4bb4-47ed-a9cb-53483a899fb2:c4391, d3916bce-b37b-4246-83c6-d24846ba1a72:c4391]
2019-07-08 14:21:35,218 INFO  client.GrpcClientProtocolClient (GrpcClientProtocolClient.java:onNext(255)) - client-DE0880F50CF2->72f5ceaa-5b3b-4bc7-b846-41895f4ebd48: receive RaftClientReply:client-DE0880F50CF2->72f5ceaa-5b3b-4bc7-b846-41895f4ebd48@group-833AA35A7EDE, cid=2940, SUCCESS, logIndex=4393, commits[72f5ceaa-5b3b-4bc7-b846-41895f4ebd48:c4395, b4e1f7d4-4bb4-47ed-a9cb-53483a899fb2:c4391, d3916bce-b37b-4246-83c6-d24846ba1a72:c4391]
2019-07-08 14:21:35,218 INFO  client.GrpcClientProtocolClient (GrpcClientProtocolClient.java:onNext(255)) - client-DE0880F50CF2->72f5ceaa-5b3b-4bc7-b846-41895f4ebd48: receive RaftClientReply:client-DE0880F50CF2->72f5ceaa-5b3b-4bc7-b846-41895f4ebd48@group-833AA35A7EDE, cid=2941, SUCCESS, logIndex=4394, commits[72f5ceaa-5b3b-4bc7-b846-41895f4ebd48:c4395, b4e1f7d4-4bb4-47ed-a9cb-53483a899fb2:c4391, d3916bce-b37b-4246-83c6-d24846ba1a72:c4391]
2019-07-08 14:21:35,218 INFO  client.GrpcClientProtocolClient (GrpcClientProtocolClient.java:onNext(255)) - client-DE0880F50CF2->72f5ceaa-5b3b-4bc7-b846-41895f4ebd48: receive RaftClientReply:client-DE0880F50CF2->72f5ceaa-5b3b-4bc7-b846-41895f4ebd48@group-833AA35A7EDE, cid=2942, SUCCESS, logIndex=4395, commits[72f5ceaa-5b3b-4bc7-b846-41895f4ebd48:c4395, b4e1f7d4-4bb4-47ed-a9cb-53483a899fb2:c4391, d3916bce-b37b-4246-83c6-d24846ba1a72:c4391]
2019-07-08 14:21:35,232 INFO  client.GrpcClientProtocolClient (GrpcClientProtocolClient.java:onNext(255)) - client-DE0880F50CF2->72f5ceaa-5b3b-4bc7-b846-41895f4ebd48: receive RaftClientReply:client-DE0880F50CF2->72f5ceaa-5b3b-4bc7-b846-41895f4ebd48@group-833AA35A7EDE, cid=2943, SUCCESS, logIndex=0, commits[72f5ceaa-5b3b-4bc7-b846-41895f4ebd48:c4397, b4e1f7d4-4bb4-47ed-a9cb-53483a899fb2:c4393, d3916bce-b37b-4246-83c6-d24846ba1a72:c4393]
2019-07-08 14:21:35,253 INFO  client.GrpcClientProtocolClient (GrpcClientProtocolClient.java:onNext(255)) - client-DE0880F50CF2->72f5ceaa-5b3b-4bc7-b846-41895f4ebd48: receive RaftClientReply:client-DE0880F50CF2->72f5ceaa-5b3b-4bc7-b846-41895f4ebd48@group-833AA35A7EDE, cid=2944, SUCCESS, logIndex=4399, commits[72f5ceaa-5b3b-4bc7-b846-41895f4ebd48:c4400, b4e1f7d4-4bb4-47ed-a9cb-53483a899fb2:c4398, d3916bce-b37b-4246-83c6-d24846ba1a72:c4398]
2019-07-08 14:21:35,253 INFO  client.GrpcClientProtocolClient (GrpcClientProtocolClient.java:onNext(255)) - client-DE0880F50CF2->72f5ceaa-5b3b-4bc7-b846-41895f4ebd48: receive RaftClientReply:client-DE0880F50CF2->72f5ceaa-5b3b-4bc7-b846-41895f4ebd48@group-833AA35A7EDE, cid=2945, SUCCESS, logIndex=4400, commits[72f5ceaa-5b3b-4bc7-b846-41895f4ebd48:c4400, b4e1f7d4-4bb4-47ed-a9cb-53483a899fb2:c4398, d3916bce-b37b-4246-83c6-d24846ba1a72:c4398]
2019-07-08 14:21:35,279 INFO  client.GrpcClientProtocolClient (GrpcClientProtocolClient.java:onNext(255)) - client-DE0880F50CF2->72f5ceaa-5b3b-4bc7-b846-41895f4ebd48: receive RaftClientReply:client-DE0880F50CF2->72f5ceaa-5b3b-4bc7-b846-41895f4ebd48@group-833AA35A7EDE, cid=2946, SUCCESS, logIndex=4403, commits[72f5ceaa-5b3b-4bc7-b846-41895f4ebd48:c4404, b4e1f7d4-4bb4-47ed-a9cb-53483a899fb2:c4400, d3916bce-b37b-4246-83c6-d24846ba1a72:c4400]
2019-07-08 14:21:35,280 INFO  client.GrpcClientProtocolClient (GrpcClientProtocolClient.java:onNext(255)) - client-DE0880F50CF2->72f5ceaa-5b3b-4bc7-b846-41895f4ebd48: receive RaftClientReply:client-DE0880F50CF2->72f5ceaa-5b3b-4bc7-b846-41895f4ebd48@group-833AA35A7EDE, cid=2947, SUCCESS, logIndex=4404, commits[72f5ceaa-5b3b-4bc7-b846-41895f4ebd48:c4404, b4e1f7d4-4bb4-47ed-a9cb-53483a899fb2:c4400, d3916bce-b37b-4246-83c6-d24846ba1a72:c4400]
2019-07-08 14:21:35,291 INFO  client.GrpcClientProtocolClient (GrpcClientProtocolClient.java:onNext(255)) - client-DE0880F50CF2->72f5ceaa-5b3b-4bc7-b846-41895f4ebd48: receive RaftClientReply:client-DE0880F50CF2->72f5ceaa-5b3b-4bc7-b846-41895f4ebd48@group-833AA35A7EDE, cid=2948, SUCCESS, logIndex=0, commits[72f5ceaa-5b3b-4bc7-b846-41895f4ebd48:c4405, b4e1f7d4-4bb4-47ed-a9cb-53483a899fb2:c4404, d3916bce-b37b-4246-83c6-d24846ba1a72:c4404]
2019-07-08 14:21:35,324 INFO  client.GrpcClientProtocolClient (GrpcClientProtocolClient.java:onNext(255)) - client-DE0880F50CF2->72f5ceaa-5b3b-4bc7-b846-41895f4ebd48: receive RaftClientReply:client-DE0880F50CF2->72f5ceaa-5b3b-4bc7-b846-41895f4ebd48@group-833AA35A7EDE, cid=2949, SUCCESS, logIndex=4407, commits[72f5ceaa-5b3b-4bc7-b846-41895f4ebd48:c4408, b4e1f7d4-4bb4-47ed-a9cb-53483a899fb2:c4406, d3916bce-b37b-4246-83c6-d24846ba1a72:c4406]
2019-07-08 14:21:35,325 INFO  client.GrpcClientProtocolClient (GrpcClientProtocolClient.java:onNext(255)) - client-DE0880F50CF2->72f5ceaa-5b3b-4bc7-b846-41895f4ebd48: receive RaftClientReply:client-DE0880F50CF2->72f5ceaa-5b3b-4bc7-b846-41895f4ebd48@group-833AA35A7EDE, cid=2950, SUCCESS, logIndex=4408, commits[72f5ceaa-5b3b-4bc7-b846-41895f4ebd48:c4408, b4e1f7d4-4bb4-47ed-a9cb-53483a899fb2:c4406, d3916bce-b37b-4246-83c6-d24846ba1a72:c4406]
2019-07-08 14:21:35,335 INFO  client.GrpcClientProtocolClient (GrpcClientProtocolClient.java:onNext(255)) - client-DE0880F50CF2->72f5ceaa-5b3b-4bc7-b846-41895f4ebd48: receive RaftClientReply:client-DE0880F50CF2->72f5ceaa-5b3b-4bc7-b846-41895f4ebd48@group-833AA35A7EDE, cid=2951, SUCCESS, logIndex=4409, commits[72f5ceaa-5b3b-4bc7-b846-41895f4ebd48:c4409, b4e1f7d4-4bb4-47ed-a9cb-53483a899fb2:c4406, d3916bce-b37b-4246-83c6-d24846ba1a72:c4406]
2019-07-08 14:21:35,336 INFO  client.GrpcClientProtocolClient (GrpcClientProtocolClient.java:onNext(255)) - client-DE0880F50CF2->72f5ceaa-5b3b-4bc7-b846-41895f4ebd48: receive RaftClientReply:client-DE0880F50CF2->72f5ceaa-5b3b-4bc7-b846-41895f4ebd48@group-833AA35A7EDE, cid=2952, SUCCESS, logIndex=4410, commits[72f5ceaa-5b3b-4bc7-b846-41895f4ebd48:c4410, b4e1f7d4-4bb4-47ed-a9cb-53483a899fb2:c4406, d3916bce-b37b-4246-83c6-d24846ba1a72:c4406]
2019-07-08 14:21:35,338 INFO  client.GrpcClientProtocolClient (GrpcClientProtocolClient.java:onNext(255)) - client-DE0880F50CF2->72f5ceaa-5b3b-4bc7-b846-41895f4ebd48: receive RaftClientReply:client-DE0880F50CF2->72f5ceaa-5b3b-4bc7-b846-41895f4ebd48@group-833AA35A7EDE, cid=2953, SUCCESS, logIndex=0, commits[72f5ceaa-5b3b-4bc7-b846-41895f4ebd48:c4412, b4e1f7d4-4bb4-47ed-a9cb-53483a899fb2:c4408, d3916bce-b37b-4246-83c6-d24846ba1a72:c4408]
2019-07-08 14:21:35,364 INFO  client.GrpcClientProtocolClient (GrpcClientProtocolClient.java:onNext(255)) - client-DE0880F50CF2->72f5ceaa-5b3b-4bc7-b846-41895f4ebd48: receive RaftClientReply:client-DE0880F50CF2->72f5ceaa-5b3b-4bc7-b846-41895f4ebd48@group-833AA35A7EDE, cid=2954, SUCCESS, logIndex=4415, commits[72f5ceaa-5b3b-4bc7-b846-41895f4ebd48:c4416, b4e1f7d4-4bb4-47ed-a9cb-53483a899fb2:c4410, d3916bce-b37b-4246-83c6-d24846ba1a72:c4412]
2019-07-08 14:21:35,365 INFO  client.GrpcClientProtocolClient (GrpcClientProtocolClient.java:onNext(255)) - client-DE0880F50CF2->72f5ceaa-5b3b-4bc7-b846-41895f4ebd48: receive RaftClientReply:client-DE0880F50CF2->72f5ceaa-5b3b-4bc7-b846-41895f4ebd48@group-833AA35A7EDE, cid=2955, SUCCESS, logIndex=4416, commits[72f5ceaa-5b3b-4bc7-b846-41895f4ebd48:c4416, b4e1f7d4-4bb4-47ed-a9cb-53483a899fb2:c4412, d3916bce-b37b-4246-83c6-d24846ba1a72:c4412]
2019-07-08 14:21:35,381 INFO  client.GrpcClientProtocolClient (GrpcClientProtocolClient.java:onNext(255)) - client-DE0880F50CF2->72f5ceaa-5b3b-4bc7-b846-41895f4ebd48: receive RaftClientReply:client-DE0880F50CF2->72f5ceaa-5b3b-4bc7-b846-41895f4ebd48@group-833AA35A7EDE, cid=2956, SUCCESS, logIndex=4418, commits[72f5ceaa-5b3b-4bc7-b846-41895f4ebd48:c4419, b4e1f7d4-4bb4-47ed-a9cb-53483a899fb2:c4416, d3916bce-b37b-4246-83c6-d24846ba1a72:c4416]
2019-07-08 14:21:35,382 INFO  client.GrpcClientProtocolClient (GrpcClientProtocolClient.java:onNext(255)) - client-DE0880F50CF2->72f5ceaa-5b3b-4bc7-b846-41895f4ebd48: receive RaftClientReply:client-DE0880F50CF2->72f5ceaa-5b3b-4bc7-b846-41895f4ebd48@group-833AA35A7EDE, cid=2957, SUCCESS, logIndex=4419, commits[72f5ceaa-5b3b-4bc7-b846-41895f4ebd48:c4419, b4e1f7d4-4bb4-47ed-a9cb-53483a899fb2:c4416, d3916bce-b37b-4246-83c6-d24846ba1a72:c4416]
2019-07-08 14:21:35,387 INFO  client.GrpcClientProtocolClient (GrpcClientProtocolClient.java:onNext(255)) - client-DE0880F50CF2->72f5ceaa-5b3b-4bc7-b846-41895f4ebd48: receive RaftClientReply:client-DE0880F50CF2->72f5ceaa-5b3b-4bc7-b846-41895f4ebd48@group-833AA35A7EDE, cid=2958, SUCCESS, logIndex=0, commits[72f5ceaa-5b3b-4bc7-b846-41895f4ebd48:c4421, b4e1f7d4-4bb4-47ed-a9cb-53483a899fb2:c4419, d3916bce-b37b-4246-83c6-d24846ba1a72:c4419]
2019-07-08 14:21:35,433 INFO  client.GrpcClientProtocolClient (GrpcClientProtocolClient.java:onNext(255)) - client-DE0880F50CF2->72f5ceaa-5b3b-4bc7-b846-41895f4ebd48: receive RaftClientReply:client-DE0880F50CF2->72f5ceaa-5b3b-4bc7-b846-41895f4ebd48@group-833AA35A7EDE, cid=2959, SUCCESS, logIndex=4422, commits[72f5ceaa-5b3b-4bc7-b846-41895f4ebd48:c4423, b4e1f7d4-4bb4-47ed-a9cb-53483a899fb2:c4421, d3916bce-b37b-4246-83c6-d24846ba1a72:c4421]
2019-07-08 14:21:35,434 INFO  client.GrpcClientProtocolClient (GrpcClientProtocolClient.java:onNext(255)) - client-DE0880F50CF2->72f5ceaa-5b3b-4bc7-b846-41895f4ebd48: receive RaftClientReply:client-DE0880F50CF2->72f5ceaa-5b3b-4bc7-b846-41895f4ebd48@group-833AA35A7EDE, cid=2960, SUCCESS, logIndex=4423, commits[72f5ceaa-5b3b-4bc7-b846-41895f4ebd48:c4423, b4e1f7d4-4bb4-47ed-a9cb-53483a899fb2:c4421, d3916bce-b37b-4246-83c6-d24846ba1a72:c4421]
2019-07-08 14:21:35,434 INFO  client.GrpcClientProtocolClient (GrpcClientProtocolClient.java:onNext(255)) - client-DE0880F50CF2->72f5ceaa-5b3b-4bc7-b846-41895f4ebd48: receive RaftClientReply:client-DE0880F50CF2->72f5ceaa-5b3b-4bc7-b846-41895f4ebd48@group-833AA35A7EDE, cid=2961, SUCCESS, logIndex=4424, commits[72f5ceaa-5b3b-4bc7-b846-41895f4ebd48:c4425, b4e1f7d4-4bb4-47ed-a9cb-53483a899fb2:c4421, d3916bce-b37b-4246-83c6-d24846ba1a72:c4421]
2019-07-08 14:21:35,435 INFO  client.GrpcClientProtocolClient (GrpcClientProtocolClient.java:onNext(255)) - client-DE0880F50CF2->72f5ceaa-5b3b-4bc7-b846-41895f4ebd48: receive RaftClientReply:client-DE0880F50CF2->72f5ceaa-5b3b-4bc7-b846-41895f4ebd48@group-833AA35A7EDE, cid=2962, SUCCESS, logIndex=4425, commits[72f5ceaa-5b3b-4bc7-b846-41895f4ebd48:c4425, b4e1f7d4-4bb4-47ed-a9cb-53483a899fb2:c4421, d3916bce-b37b-4246-83c6-d24846ba1a72:c4421]
2019-07-08 14:21:35,449 INFO  client.GrpcClientProtocolClient (GrpcClientProtocolClient.java:onNext(255)) - client-DE0880F50CF2->72f5ceaa-5b3b-4bc7-b846-41895f4ebd48: receive RaftClientReply:client-DE0880F50CF2->72f5ceaa-5b3b-4bc7-b846-41895f4ebd48@group-833AA35A7EDE, cid=2963, SUCCESS, logIndex=0, commits[72f5ceaa-5b3b-4bc7-b846-41895f4ebd48:c4427, b4e1f7d4-4bb4-47ed-a9cb-53483a899fb2:c4423, d3916bce-b37b-4246-83c6-d24846ba1a72:c4423]
2019-07-08 14:21:35,479 INFO  client.GrpcClientProtocolClient (GrpcClientProtocolClient.java:onNext(255)) - client-DE0880F50CF2->72f5ceaa-5b3b-4bc7-b846-41895f4ebd48: receive RaftClientReply:client-DE0880F50CF2->72f5ceaa-5b3b-4bc7-b846-41895f4ebd48@group-833AA35A7EDE, cid=2964, SUCCESS, logIndex=4430, commits[72f5ceaa-5b3b-4bc7-b846-41895f4ebd48:c4431, b4e1f7d4-4bb4-47ed-a9cb-53483a899fb2:c4429, d3916bce-b37b-4246-83c6-d24846ba1a72:c4429]
2019-07-08 14:21:35,479 INFO  client.GrpcClientProtocolClient (GrpcClientProtocolClient.java:onNext(255)) - client-DE0880F50CF2->72f5ceaa-5b3b-4bc7-b846-41895f4ebd48: receive RaftClientReply:client-DE0880F50CF2->72f5ceaa-5b3b-4bc7-b846-41895f4ebd48@group-833AA35A7EDE, cid=2965, SUCCESS, logIndex=4431, commits[72f5ceaa-5b3b-4bc7-b846-41895f4ebd48:c4431, b4e1f7d4-4bb4-47ed-a9cb-53483a899fb2:c4429, d3916bce-b37b-4246-83c6-d24846ba1a72:c4429]
2019-07-08 14:21:35,504 INFO  client.GrpcClientProtocolClient (GrpcClientProtocolClient.java:onNext(255)) - client-DE0880F50CF2->72f5ceaa-5b3b-4bc7-b846-41895f4ebd48: receive RaftClientReply:client-DE0880F50CF2->72f5ceaa-5b3b-4bc7-b846-41895f4ebd48@group-833AA35A7EDE, cid=2966, SUCCESS, logIndex=4434, commits[72f5ceaa-5b3b-4bc7-b846-41895f4ebd48:c4435, b4e1f7d4-4bb4-47ed-a9cb-53483a899fb2:c4430, d3916bce-b37b-4246-83c6-d24846ba1a72:c4431]
2019-07-08 14:21:35,504 INFO  client.GrpcClientProtocolClient (GrpcClientProtocolClient.java:onNext(255)) - client-DE0880F50CF2->72f5ceaa-5b3b-4bc7-b846-41895f4ebd48: receive RaftClientReply:client-DE0880F50CF2->72f5ceaa-5b3b-4bc7-b846-41895f4ebd48@group-833AA35A7EDE, cid=2967, SUCCESS, logIndex=4435, commits[72f5ceaa-5b3b-4bc7-b846-41895f4ebd48:c4435, b4e1f7d4-4bb4-47ed-a9cb-53483a899fb2:c4431, d3916bce-b37b-4246-83c6-d24846ba1a72:c4431]
2019-07-08 14:21:35,518 INFO  client.GrpcClientProtocolClient (GrpcClientProtocolClient.java:onNext(255)) - client-DE0880F50CF2->72f5ceaa-5b3b-4bc7-b846-41895f4ebd48: receive RaftClientReply:client-DE0880F50CF2->72f5ceaa-5b3b-4bc7-b846-41895f4ebd48@group-833AA35A7EDE, cid=2968, SUCCESS, logIndex=0, commits[72f5ceaa-5b3b-4bc7-b846-41895f4ebd48:c4437, b4e1f7d4-4bb4-47ed-a9cb-53483a899fb2:c4435, d3916bce-b37b-4246-83c6-d24846ba1a72:c4435]
2019-07-08 14:21:35,552 INFO  client.GrpcClientProtocolClient (GrpcClientProtocolClient.java:onNext(255)) - client-DE0880F50CF2->72f5ceaa-5b3b-4bc7-b846-41895f4ebd48: receive RaftClientReply:client-DE0880F50CF2->72f5ceaa-5b3b-4bc7-b846-41895f4ebd48@group-833AA35A7EDE, cid=2969, SUCCESS, logIndex=4438, commits[72f5ceaa-5b3b-4bc7-b846-41895f4ebd48:c4439, b4e1f7d4-4bb4-47ed-a9cb-53483a899fb2:c4437, d3916bce-b37b-4246-83c6-d24846ba1a72:c4437]
2019-07-08 14:21:35,553 INFO  client.GrpcClientProtocolClient (GrpcClientProtocolClient.java:onNext(255)) - client-DE0880F50CF2->72f5ceaa-5b3b-4bc7-b846-41895f4ebd48: receive RaftClientReply:client-DE0880F50CF2->72f5ceaa-5b3b-4bc7-b846-41895f4ebd48@group-833AA35A7EDE, cid=2970, SUCCESS, logIndex=4439, commits[72f5ceaa-5b3b-4bc7-b846-41895f4ebd48:c4439, b4e1f7d4-4bb4-47ed-a9cb-53483a899fb2:c4437, d3916bce-b37b-4246-83c6-d24846ba1a72:c4437]
2019-07-08 14:21:35,561 INFO  client.GrpcClientProtocolClient (GrpcClientProtocolClient.java:onNext(255)) - client-DE0880F50CF2->72f5ceaa-5b3b-4bc7-b846-41895f4ebd48: receive RaftClientReply:client-DE0880F50CF2->72f5ceaa-5b3b-4bc7-b846-41895f4ebd48@group-833AA35A7EDE, cid=2971, SUCCESS, logIndex=4440, commits[72f5ceaa-5b3b-4bc7-b846-41895f4ebd48:c4441, b4e1f7d4-4bb4-47ed-a9cb-53483a899fb2:c4437, d3916bce-b37b-4246-83c6-d24846ba1a72:c4437]
2019-07-08 14:21:35,561 INFO  client.GrpcClientProtocolClient (GrpcClientProtocolClient.java:onNext(255)) - client-DE0880F50CF2->72f5ceaa-5b3b-4bc7-b846-41895f4ebd48: receive RaftClientReply:client-DE0880F50CF2->72f5ceaa-5b3b-4bc7-b846-41895f4ebd48@group-833AA35A7EDE, cid=2972, SUCCESS, logIndex=4441, commits[72f5ceaa-5b3b-4bc7-b846-41895f4ebd48:c4441, b4e1f7d4-4bb4-47ed-a9cb-53483a899fb2:c4437, d3916bce-b37b-4246-83c6-d24846ba1a72:c4437]
2019-07-08 14:21:35,563 INFO  client.GrpcClientProtocolClient (GrpcClientProtocolClient.java:onNext(255)) - client-DE0880F50CF2->72f5ceaa-5b3b-4bc7-b846-41895f4ebd48: receive RaftClientReply:client-DE0880F50CF2->72f5ceaa-5b3b-4bc7-b846-41895f4ebd48@group-833AA35A7EDE, cid=2973, SUCCESS, logIndex=0, commits[72f5ceaa-5b3b-4bc7-b846-41895f4ebd48:c4441, b4e1f7d4-4bb4-47ed-a9cb-53483a899fb2:c4439, d3916bce-b37b-4246-83c6-d24846ba1a72:c4439]
2019-07-08 14:21:35,590 INFO  client.GrpcClientProtocolClient (GrpcClientProtocolClient.java:onNext(255)) - client-DE0880F50CF2->72f5ceaa-5b3b-4bc7-b846-41895f4ebd48: receive RaftClientReply:client-DE0880F50CF2->72f5ceaa-5b3b-4bc7-b846-41895f4ebd48@group-833AA35A7EDE, cid=2974, SUCCESS, logIndex=4446, commits[72f5ceaa-5b3b-4bc7-b846-41895f4ebd48:c4447, b4e1f7d4-4bb4-47ed-a9cb-53483a899fb2:c4441, d3916bce-b37b-4246-83c6-d24846ba1a72:c4441]
2019-07-08 14:21:35,591 INFO  client.GrpcClientProtocolClient (GrpcClientProtocolClient.java:onNext(255)) - client-DE0880F50CF2->72f5ceaa-5b3b-4bc7-b846-41895f4ebd48: receive RaftClientReply:client-DE0880F50CF2->72f5ceaa-5b3b-4bc7-b846-41895f4ebd48@group-833AA35A7EDE, cid=2975, SUCCESS, logIndex=4447, commits[72f5ceaa-5b3b-4bc7-b846-41895f4ebd48:c4447, b4e1f7d4-4bb4-47ed-a9cb-53483a899fb2:c4441, d3916bce-b37b-4246-83c6-d24846ba1a72:c4441]
2019-07-08 14:21:35,616 INFO  client.GrpcClientProtocolClient (GrpcClientProtocolClient.java:onNext(255)) - client-DE0880F50CF2->72f5ceaa-5b3b-4bc7-b846-41895f4ebd48: receive RaftClientReply:client-DE0880F50CF2->72f5ceaa-5b3b-4bc7-b846-41895f4ebd48@group-833AA35A7EDE, cid=2976, SUCCESS, logIndex=4450, commits[72f5ceaa-5b3b-4bc7-b846-41895f4ebd48:c4451, b4e1f7d4-4bb4-47ed-a9cb-53483a899fb2:c4447, d3916bce-b37b-4246-83c6-d24846ba1a72:c4447]
2019-07-08 14:21:35,616 INFO  client.GrpcClientProtocolClient (GrpcClientProtocolClient.java:onNext(255)) - client-DE0880F50CF2->72f5ceaa-5b3b-4bc7-b846-41895f4ebd48: receive RaftClientReply:client-DE0880F50CF2->72f5ceaa-5b3b-4bc7-b846-41895f4ebd48@group-833AA35A7EDE, cid=2977, SUCCESS, logIndex=4451, commits[72f5ceaa-5b3b-4bc7-b846-41895f4ebd48:c4451, b4e1f7d4-4bb4-47ed-a9cb-53483a899fb2:c4447, d3916bce-b37b-4246-83c6-d24846ba1a72:c4447]
2019-07-08 14:21:35,620 INFO  client.GrpcClientProtocolClient (GrpcClientProtocolClient.java:onNext(255)) - client-DE0880F50CF2->72f5ceaa-5b3b-4bc7-b846-41895f4ebd48: receive RaftClientReply:client-DE0880F50CF2->72f5ceaa-5b3b-4bc7-b846-41895f4ebd48@group-833AA35A7EDE, cid=2978, SUCCESS, logIndex=0, commits[72f5ceaa-5b3b-4bc7-b846-41895f4ebd48:c4453, b4e1f7d4-4bb4-47ed-a9cb-53483a899fb2:c4451, d3916bce-b37b-4246-83c6-d24846ba1a72:c4451]
2019-07-08 14:21:35,643 INFO  client.GrpcClientProtocolClient (GrpcClientProtocolClient.java:onNext(255)) - client-DE0880F50CF2->72f5ceaa-5b3b-4bc7-b846-41895f4ebd48: receive RaftClientReply:client-DE0880F50CF2->72f5ceaa-5b3b-4bc7-b846-41895f4ebd48@group-833AA35A7EDE, cid=2979, SUCCESS, logIndex=4454, commits[72f5ceaa-5b3b-4bc7-b846-41895f4ebd48:c4457, b4e1f7d4-4bb4-47ed-a9cb-53483a899fb2:c4451, d3916bce-b37b-4246-83c6-d24846ba1a72:c4453]
2019-07-08 14:21:35,644 INFO  client.GrpcClientProtocolClient (GrpcClientProtocolClient.java:onNext(255)) - client-DE0880F50CF2->72f5ceaa-5b3b-4bc7-b846-41895f4ebd48: receive RaftClientReply:client-DE0880F50CF2->72f5ceaa-5b3b-4bc7-b846-41895f4ebd48@group-833AA35A7EDE, cid=2980, SUCCESS, logIndex=4455, commits[72f5ceaa-5b3b-4bc7-b846-41895f4ebd48:c4457, b4e1f7d4-4bb4-47ed-a9cb-53483a899fb2:c4453, d3916bce-b37b-4246-83c6-d24846ba1a72:c4453]
2019-07-08 14:21:35,644 INFO  client.GrpcClientProtocolClient (GrpcClientProtocolClient.java:onNext(255)) - client-DE0880F50CF2->72f5ceaa-5b3b-4bc7-b846-41895f4ebd48: receive RaftClientReply:client-DE0880F50CF2->72f5ceaa-5b3b-4bc7-b846-41895f4ebd48@group-833AA35A7EDE, cid=2981, SUCCESS, logIndex=4456, commits[72f5ceaa-5b3b-4bc7-b846-41895f4ebd48:c4457, b4e1f7d4-4bb4-47ed-a9cb-53483a899fb2:c4453, d3916bce-b37b-4246-83c6-d24846ba1a72:c4453]
2019-07-08 14:21:35,644 INFO  client.GrpcClientProtocolClient (GrpcClientProtocolClient.java:onNext(255)) - client-DE0880F50CF2->72f5ceaa-5b3b-4bc7-b846-41895f4ebd48: receive RaftClientReply:client-DE0880F50CF2->72f5ceaa-5b3b-4bc7-b846-41895f4ebd48@group-833AA35A7EDE, cid=2982, SUCCESS, logIndex=4457, commits[72f5ceaa-5b3b-4bc7-b846-41895f4ebd48:c4457, b4e1f7d4-4bb4-47ed-a9cb-53483a899fb2:c4453, d3916bce-b37b-4246-83c6-d24846ba1a72:c4453]
2019-07-08 14:21:35,646 INFO  client.GrpcClientProtocolClient (GrpcClientProtocolClient.java:onNext(255)) - client-DE0880F50CF2->72f5ceaa-5b3b-4bc7-b846-41895f4ebd48: receive RaftClientReply:client-DE0880F50CF2->72f5ceaa-5b3b-4bc7-b846-41895f4ebd48@group-833AA35A7EDE, cid=2983, SUCCESS, logIndex=0, commits[72f5ceaa-5b3b-4bc7-b846-41895f4ebd48:c4458, b4e1f7d4-4bb4-47ed-a9cb-53483a899fb2:c4455, d3916bce-b37b-4246-83c6-d24846ba1a72:c4455]
2019-07-08 14:21:35,657 INFO  client.GrpcClientProtocolClient (GrpcClientProtocolClient.java:onNext(255)) - client-DE0880F50CF2->72f5ceaa-5b3b-4bc7-b846-41895f4ebd48: receive RaftClientReply:client-DE0880F50CF2->72f5ceaa-5b3b-4bc7-b846-41895f4ebd48@group-833AA35A7EDE, cid=2984, SUCCESS, logIndex=4462, commits[72f5ceaa-5b3b-4bc7-b846-41895f4ebd48:c4463, b4e1f7d4-4bb4-47ed-a9cb-53483a899fb2:c4457, d3916bce-b37b-4246-83c6-d24846ba1a72:c4461]
2019-07-08 14:21:35,657 INFO  client.GrpcClientProtocolClient (GrpcClientProtocolClient.java:onNext(255)) - client-DE0880F50CF2->72f5ceaa-5b3b-4bc7-b846-41895f4ebd48: receive RaftClientReply:client-DE0880F50CF2->72f5ceaa-5b3b-4bc7-b846-41895f4ebd48@group-833AA35A7EDE, cid=2985, SUCCESS, logIndex=4463, commits[72f5ceaa-5b3b-4bc7-b846-41895f4ebd48:c4463, b4e1f7d4-4bb4-47ed-a9cb-53483a899fb2:c4461, d3916bce-b37b-4246-83c6-d24846ba1a72:c4461]
2019-07-08 14:21:35,691 INFO  client.GrpcClientProtocolClient (GrpcClientProtocolClient.java:onNext(255)) - client-DE0880F50CF2->72f5ceaa-5b3b-4bc7-b846-41895f4ebd48: receive RaftClientReply:client-DE0880F50CF2->72f5ceaa-5b3b-4bc7-b846-41895f4ebd48@group-833AA35A7EDE, cid=2986, SUCCESS, logIndex=4466, commits[72f5ceaa-5b3b-4bc7-b846-41895f4ebd48:c4467, b4e1f7d4-4bb4-47ed-a9cb-53483a899fb2:c4465, d3916bce-b37b-4246-83c6-d24846ba1a72:c4465]
2019-07-08 14:21:35,692 INFO  client.GrpcClientProtocolClient (GrpcClientProtocolClient.java:onNext(255)) - client-DE0880F50CF2->72f5ceaa-5b3b-4bc7-b846-41895f4ebd48: receive RaftClientReply:client-DE0880F50CF2->72f5ceaa-5b3b-4bc7-b846-41895f4ebd48@group-833AA35A7EDE, cid=2987, SUCCESS, logIndex=4467, commits[72f5ceaa-5b3b-4bc7-b846-41895f4ebd48:c4467, b4e1f7d4-4bb4-47ed-a9cb-53483a899fb2:c4465, d3916bce-b37b-4246-83c6-d24846ba1a72:c4465]
2019-07-08 14:21:35,706 INFO  client.GrpcClientProtocolClient (GrpcClientProtocolClient.java:onNext(255)) - client-DE0880F50CF2->72f5ceaa-5b3b-4bc7-b846-41895f4ebd48: receive RaftClientReply:client-DE0880F50CF2->72f5ceaa-5b3b-4bc7-b846-41895f4ebd48@group-833AA35A7EDE, cid=2988, SUCCESS, logIndex=0, commits[72f5ceaa-5b3b-4bc7-b846-41895f4ebd48:c4469, b4e1f7d4-4bb4-47ed-a9cb-53483a899fb2:c4467, d3916bce-b37b-4246-83c6-d24846ba1a72:c4467]
2019-07-08 14:21:35,737 INFO  client.GrpcClientProtocolClient (GrpcClientProtocolClient.java:onNext(255)) - client-DE0880F50CF2->72f5ceaa-5b3b-4bc7-b846-41895f4ebd48: receive RaftClientReply:client-DE0880F50CF2->72f5ceaa-5b3b-4bc7-b846-41895f4ebd48@group-833AA35A7EDE, cid=2989, SUCCESS, logIndex=4470, commits[72f5ceaa-5b3b-4bc7-b846-41895f4ebd48:c4471, b4e1f7d4-4bb4-47ed-a9cb-53483a899fb2:c4469, d3916bce-b37b-4246-83c6-d24846ba1a72:c4469]
2019-07-08 14:21:35,738 INFO  client.GrpcClientProtocolClient (GrpcClientProtocolClient.java:onNext(255)) - client-DE0880F50CF2->72f5ceaa-5b3b-4bc7-b846-41895f4ebd48: receive RaftClientReply:client-DE0880F50CF2->72f5ceaa-5b3b-4bc7-b846-41895f4ebd48@group-833AA35A7EDE, cid=2990, SUCCESS, logIndex=4471, commits[72f5ceaa-5b3b-4bc7-b846-41895f4ebd48:c4471, b4e1f7d4-4bb4-47ed-a9cb-53483a899fb2:c4469, d3916bce-b37b-4246-83c6-d24846ba1a72:c4469]
2019-07-08 14:21:35,738 INFO  client.GrpcClientProtocolClient (GrpcClientProtocolClient.java:onNext(255)) - client-DE0880F50CF2->72f5ceaa-5b3b-4bc7-b846-41895f4ebd48: receive RaftClientReply:client-DE0880F50CF2->72f5ceaa-5b3b-4bc7-b846-41895f4ebd48@group-833AA35A7EDE, cid=2991, SUCCESS, logIndex=4472, commits[72f5ceaa-5b3b-4bc7-b846-41895f4ebd48:c4472, b4e1f7d4-4bb4-47ed-a9cb-53483a899fb2:c4469, d3916bce-b37b-4246-83c6-d24846ba1a72:c4469]
2019-07-08 14:21:35,738 INFO  client.GrpcClientProtocolClient (GrpcClientProtocolClient.java:onNext(255)) - client-DE0880F50CF2->72f5ceaa-5b3b-4bc7-b846-41895f4ebd48: receive RaftClientReply:client-DE0880F50CF2->72f5ceaa-5b3b-4bc7-b846-41895f4ebd48@group-833AA35A7EDE, cid=2992, SUCCESS, logIndex=4473, commits[72f5ceaa-5b3b-4bc7-b846-41895f4ebd48:c4473, b4e1f7d4-4bb4-47ed-a9cb-53483a899fb2:c4469, d3916bce-b37b-4246-83c6-d24846ba1a72:c4469]
2019-07-08 14:21:35,741 INFO  client.GrpcClientProtocolClient (GrpcClientProtocolClient.java:onNext(255)) - client-DE0880F50CF2->72f5ceaa-5b3b-4bc7-b846-41895f4ebd48: receive RaftClientReply:client-DE0880F50CF2->72f5ceaa-5b3b-4bc7-b846-41895f4ebd48@group-833AA35A7EDE, cid=2993, SUCCESS, logIndex=0, commits[72f5ceaa-5b3b-4bc7-b846-41895f4ebd48:c4475, b4e1f7d4-4bb4-47ed-a9cb-53483a899fb2:c4471, d3916bce-b37b-4246-83c6-d24846ba1a72:c4471]
2019-07-08 14:21:35,766 INFO  client.GrpcClientProtocolClient (GrpcClientProtocolClient.java:onNext(255)) - client-DE0880F50CF2->72f5ceaa-5b3b-4bc7-b846-41895f4ebd48: receive RaftClientReply:client-DE0880F50CF2->72f5ceaa-5b3b-4bc7-b846-41895f4ebd48@group-833AA35A7EDE, cid=2994, SUCCESS, logIndex=4478, commits[72f5ceaa-5b3b-4bc7-b846-41895f4ebd48:c4479, b4e1f7d4-4bb4-47ed-a9cb-53483a899fb2:c4475, d3916bce-b37b-4246-83c6-d24846ba1a72:c4475]
2019-07-08 14:21:35,766 INFO  client.GrpcClientProtocolClient (GrpcClientProtocolClient.java:onNext(255)) - client-DE0880F50CF2->72f5ceaa-5b3b-4bc7-b846-41895f4ebd48: receive RaftClientReply:client-DE0880F50CF2->72f5ceaa-5b3b-4bc7-b846-41895f4ebd48@group-833AA35A7EDE, cid=2995, SUCCESS, logIndex=4479, commits[72f5ceaa-5b3b-4bc7-b846-41895f4ebd48:c4479, b4e1f7d4-4bb4-47ed-a9cb-53483a899fb2:c4475, d3916bce-b37b-4246-83c6-d24846ba1a72:c4475]
2019-07-08 14:21:35,792 INFO  client.GrpcClientProtocolClient (GrpcClientProtocolClient.java:onNext(255)) - client-DE0880F50CF2->72f5ceaa-5b3b-4bc7-b846-41895f4ebd48: receive RaftClientReply:client-DE0880F50CF2->72f5ceaa-5b3b-4bc7-b846-41895f4ebd48@group-833AA35A7EDE, cid=2996, SUCCESS, logIndex=4482, commits[72f5ceaa-5b3b-4bc7-b846-41895f4ebd48:c4483, b4e1f7d4-4bb4-47ed-a9cb-53483a899fb2:c4479, d3916bce-b37b-4246-83c6-d24846ba1a72:c4479]
2019-07-08 14:21:35,792 INFO  client.GrpcClientProtocolClient (GrpcClientProtocolClient.java:onNext(255)) - client-DE0880F50CF2->72f5ceaa-5b3b-4bc7-b846-41895f4ebd48: receive RaftClientReply:client-DE0880F50CF2->72f5ceaa-5b3b-4bc7-b846-41895f4ebd48@group-833AA35A7EDE, cid=2997, SUCCESS, logIndex=4483, commits[72f5ceaa-5b3b-4bc7-b846-41895f4ebd48:c4483, b4e1f7d4-4bb4-47ed-a9cb-53483a899fb2:c4479, d3916bce-b37b-4246-83c6-d24846ba1a72:c4479]
2019-07-08 14:21:35,805 INFO  client.GrpcClientProtocolClient (GrpcClientProtocolClient.java:onNext(255)) - client-DE0880F50CF2->72f5ceaa-5b3b-4bc7-b846-41895f4ebd48: receive RaftClientReply:client-DE0880F50CF2->72f5ceaa-5b3b-4bc7-b846-41895f4ebd48@group-833AA35A7EDE, cid=2998, SUCCESS, logIndex=0, commits[72f5ceaa-5b3b-4bc7-b846-41895f4ebd48:c4484, b4e1f7d4-4bb4-47ed-a9cb-53483a899fb2:c4483, d3916bce-b37b-4246-83c6-d24846ba1a72:c4483]
2019-07-08 14:21:35,839 INFO  client.GrpcClientProtocolClient (GrpcClientProtocolClient.java:onNext(255)) - client-DE0880F50CF2->72f5ceaa-5b3b-4bc7-b846-41895f4ebd48: receive RaftClientReply:client-DE0880F50CF2->72f5ceaa-5b3b-4bc7-b846-41895f4ebd48@group-833AA35A7EDE, cid=2999, SUCCESS, logIndex=4486, commits[72f5ceaa-5b3b-4bc7-b846-41895f4ebd48:c4487, b4e1f7d4-4bb4-47ed-a9cb-53483a899fb2:c4485, d3916bce-b37b-4246-83c6-d24846ba1a72:c4485]
2019-07-08 14:21:35,839 INFO  client.GrpcClientProtocolClient (GrpcClientProtocolClient.java:onNext(255)) - client-DE0880F50CF2->72f5ceaa-5b3b-4bc7-b846-41895f4ebd48: receive RaftClientReply:client-DE0880F50CF2->72f5ceaa-5b3b-4bc7-b846-41895f4ebd48@group-833AA35A7EDE, cid=3000, SUCCESS, logIndex=4487, commits[72f5ceaa-5b3b-4bc7-b846-41895f4ebd48:c4487, b4e1f7d4-4bb4-47ed-a9cb-53483a899fb2:c4485, d3916bce-b37b-4246-83c6-d24846ba1a72:c4485]
2019-07-08 14:21:35,850 INFO  client.GrpcClientProtocolClient (GrpcClientProtocolClient.java:onNext(255)) - client-DE0880F50CF2->72f5ceaa-5b3b-4bc7-b846-41895f4ebd48: receive RaftClientReply:client-DE0880F50CF2->72f5ceaa-5b3b-4bc7-b846-41895f4ebd48@group-833AA35A7EDE, cid=3001, SUCCESS, logIndex=4488, commits[72f5ceaa-5b3b-4bc7-b846-41895f4ebd48:c4489, b4e1f7d4-4bb4-47ed-a9cb-53483a899fb2:c4485, d3916bce-b37b-4246-83c6-d24846ba1a72:c4485]
2019-07-08 14:21:35,850 INFO  client.GrpcClientProtocolClient (GrpcClientProtocolClient.java:onNext(255)) - client-DE0880F50CF2->72f5ceaa-5b3b-4bc7-b846-41895f4ebd48: receive RaftClientReply:client-DE0880F50CF2->72f5ceaa-5b3b-4bc7-b846-41895f4ebd48@group-833AA35A7EDE, cid=3002, SUCCESS, logIndex=4489, commits[72f5ceaa-5b3b-4bc7-b846-41895f4ebd48:c4489, b4e1f7d4-4bb4-47ed-a9cb-53483a899fb2:c4485, d3916bce-b37b-4246-83c6-d24846ba1a72:c4485]
2019-07-08 14:21:35,864 INFO  client.GrpcClientProtocolClient (GrpcClientProtocolClient.java:onNext(255)) - client-DE0880F50CF2->72f5ceaa-5b3b-4bc7-b846-41895f4ebd48: receive RaftClientReply:client-DE0880F50CF2->72f5ceaa-5b3b-4bc7-b846-41895f4ebd48@group-833AA35A7EDE, cid=3003, SUCCESS, logIndex=0, commits[72f5ceaa-5b3b-4bc7-b846-41895f4ebd48:c4491, b4e1f7d4-4bb4-47ed-a9cb-53483a899fb2:c4487, d3916bce-b37b-4246-83c6-d24846ba1a72:c4487]
2019-07-08 14:21:35,881 INFO  client.GrpcClientProtocolClient (GrpcClientProtocolClient.java:onNext(255)) - client-DE0880F50CF2->72f5ceaa-5b3b-4bc7-b846-41895f4ebd48: receive RaftClientReply:client-DE0880F50CF2->72f5ceaa-5b3b-4bc7-b846-41895f4ebd48@group-833AA35A7EDE, cid=3004, SUCCESS, logIndex=4494, commits[72f5ceaa-5b3b-4bc7-b846-41895f4ebd48:c4495, b4e1f7d4-4bb4-47ed-a9cb-53483a899fb2:c4492, d3916bce-b37b-4246-83c6-d24846ba1a72:c4492]
2019-07-08 14:21:35,882 INFO  client.GrpcClientProtocolClient (GrpcClientProtocolClient.java:onNext(255)) - client-DE0880F50CF2->72f5ceaa-5b3b-4bc7-b846-41895f4ebd48: receive RaftClientReply:client-DE0880F50CF2->72f5ceaa-5b3b-4bc7-b846-41895f4ebd48@group-833AA35A7EDE, cid=3005, SUCCESS, logIndex=4495, commits[72f5ceaa-5b3b-4bc7-b846-41895f4ebd48:c4495, b4e1f7d4-4bb4-47ed-a9cb-53483a899fb2:c4492, d3916bce-b37b-4246-83c6-d24846ba1a72:c4492]
2019-07-08 14:21:35,894 INFO  client.GrpcClientProtocolClient (GrpcClientProtocolClient.java:onNext(255)) - client-DE0880F50CF2->72f5ceaa-5b3b-4bc7-b846-41895f4ebd48: receive RaftClientReply:client-DE0880F50CF2->72f5ceaa-5b3b-4bc7-b846-41895f4ebd48@group-833AA35A7EDE, cid=3006, SUCCESS, logIndex=4498, commits[72f5ceaa-5b3b-4bc7-b846-41895f4ebd48:c4499, b4e1f7d4-4bb4-47ed-a9cb-53483a899fb2:c4497, d3916bce-b37b-4246-83c6-d24846ba1a72:c4495]
2019-07-08 14:21:35,894 INFO  client.GrpcClientProtocolClient (GrpcClientProtocolClient.java:onNext(255)) - client-DE0880F50CF2->72f5ceaa-5b3b-4bc7-b846-41895f4ebd48: receive RaftClientReply:client-DE0880F50CF2->72f5ceaa-5b3b-4bc7-b846-41895f4ebd48@group-833AA35A7EDE, cid=3007, SUCCESS, logIndex=4499, commits[72f5ceaa-5b3b-4bc7-b846-41895f4ebd48:c4499, b4e1f7d4-4bb4-47ed-a9cb-53483a899fb2:c4497, d3916bce-b37b-4246-83c6-d24846ba1a72:c4497]
2019-07-08 14:21:35,897 INFO  client.GrpcClientProtocolClient (GrpcClientProtocolClient.java:onNext(255)) - client-DE0880F50CF2->72f5ceaa-5b3b-4bc7-b846-41895f4ebd48: receive RaftClientReply:client-DE0880F50CF2->72f5ceaa-5b3b-4bc7-b846-41895f4ebd48@group-833AA35A7EDE, cid=3008, SUCCESS, logIndex=0, commits[72f5ceaa-5b3b-4bc7-b846-41895f4ebd48:c4500, b4e1f7d4-4bb4-47ed-a9cb-53483a899fb2:c4499, d3916bce-b37b-4246-83c6-d24846ba1a72:c4499]
2019-07-08 14:21:35,933 INFO  client.GrpcClientProtocolClient (GrpcClientProtocolClient.java:onNext(255)) - client-DE0880F50CF2->72f5ceaa-5b3b-4bc7-b846-41895f4ebd48: receive RaftClientReply:client-DE0880F50CF2->72f5ceaa-5b3b-4bc7-b846-41895f4ebd48@group-833AA35A7EDE, cid=3009, SUCCESS, logIndex=4501, commits[72f5ceaa-5b3b-4bc7-b846-41895f4ebd48:c4502, b4e1f7d4-4bb4-47ed-a9cb-53483a899fb2:c4500, d3916bce-b37b-4246-83c6-d24846ba1a72:c4500]
2019-07-08 14:21:35,934 INFO  client.GrpcClientProtocolClient (GrpcClientProtocolClient.java:onNext(255)) - client-DE0880F50CF2->72f5ceaa-5b3b-4bc7-b846-41895f4ebd48: receive RaftClientReply:client-DE0880F50CF2->72f5ceaa-5b3b-4bc7-b846-41895f4ebd48@group-833AA35A7EDE, cid=3010, SUCCESS, logIndex=4502, commits[72f5ceaa-5b3b-4bc7-b846-41895f4ebd48:c4503, b4e1f7d4-4bb4-47ed-a9cb-53483a899fb2:c4500, d3916bce-b37b-4246-83c6-d24846ba1a72:c4500]
2019-07-08 14:21:35,934 INFO  client.GrpcClientProtocolClient (GrpcClientProtocolClient.java:onNext(255)) - client-DE0880F50CF2->72f5ceaa-5b3b-4bc7-b846-41895f4ebd48: receive RaftClientReply:client-DE0880F50CF2->72f5ceaa-5b3b-4bc7-b846-41895f4ebd48@group-833AA35A7EDE, cid=3011, SUCCESS, logIndex=4503, commits[72f5ceaa-5b3b-4bc7-b846-41895f4ebd48:c4504, b4e1f7d4-4bb4-47ed-a9cb-53483a899fb2:c4500, d3916bce-b37b-4246-83c6-d24846ba1a72:c4500]
2019-07-08 14:21:35,934 INFO  client.GrpcClientProtocolClient (GrpcClientProtocolClient.java:onNext(255)) - client-DE0880F50CF2->72f5ceaa-5b3b-4bc7-b846-41895f4ebd48: receive RaftClientReply:client-DE0880F50CF2->72f5ceaa-5b3b-4bc7-b846-41895f4ebd48@group-833AA35A7EDE, cid=3012, SUCCESS, logIndex=4504, commits[72f5ceaa-5b3b-4bc7-b846-41895f4ebd48:c4504, b4e1f7d4-4bb4-47ed-a9cb-53483a899fb2:c4500, d3916bce-b37b-4246-83c6-d24846ba1a72:c4500]
2019-07-08 14:21:35,937 INFO  client.GrpcClientProtocolClient (GrpcClientProtocolClient.java:onNext(255)) - client-DE0880F50CF2->72f5ceaa-5b3b-4bc7-b846-41895f4ebd48: receive RaftClientReply:client-DE0880F50CF2->72f5ceaa-5b3b-4bc7-b846-41895f4ebd48@group-833AA35A7EDE, cid=3013, SUCCESS, logIndex=0, commits[72f5ceaa-5b3b-4bc7-b846-41895f4ebd48:c4505, b4e1f7d4-4bb4-47ed-a9cb-53483a899fb2:c4502, d3916bce-b37b-4246-83c6-d24846ba1a72:c4502]
2019-07-08 14:21:35,951 INFO  client.GrpcClientProtocolClient (GrpcClientProtocolClient.java:onNext(255)) - client-DE0880F50CF2->72f5ceaa-5b3b-4bc7-b846-41895f4ebd48: receive RaftClientReply:client-DE0880F50CF2->72f5ceaa-5b3b-4bc7-b846-41895f4ebd48@group-833AA35A7EDE, cid=3014, SUCCESS, logIndex=4509, commits[72f5ceaa-5b3b-4bc7-b846-41895f4ebd48:c4510, b4e1f7d4-4bb4-47ed-a9cb-53483a899fb2:c4507, d3916bce-b37b-4246-83c6-d24846ba1a72:c4504]
2019-07-08 14:21:35,951 INFO  client.GrpcClientProtocolClient (GrpcClientProtocolClient.java:onNext(255)) - client-DE0880F50CF2->72f5ceaa-5b3b-4bc7-b846-41895f4ebd48: receive RaftClientReply:client-DE0880F50CF2->72f5ceaa-5b3b-4bc7-b846-41895f4ebd48@group-833AA35A7EDE, cid=3015, SUCCESS, logIndex=4510, commits[72f5ceaa-5b3b-4bc7-b846-41895f4ebd48:c4510, b4e1f7d4-4bb4-47ed-a9cb-53483a899fb2:c4507, d3916bce-b37b-4246-83c6-d24846ba1a72:c4507]
 0.00% |█                                                                                                    |  0/1 Time: 0:00:302019-07-08 14:21:35,990 INFO  client.GrpcClientProtocolClient (GrpcClientProtocolClient.java:onNext(255)) - client-DE0880F50CF2->72f5ceaa-5b3b-4bc7-b846-41895f4ebd48: receive RaftClientReply:client-DE0880F50CF2->72f5ceaa-5b3b-4bc7-b846-41895f4ebd48@group-833AA35A7EDE, cid=3016, SUCCESS, logIndex=4512, commits[72f5ceaa-5b3b-4bc7-b846-41895f4ebd48:c4513, b4e1f7d4-4bb4-47ed-a9cb-53483a899fb2:c4510, d3916bce-b37b-4246-83c6-d24846ba1a72:c4510]
2019-07-08 14:21:35,990 INFO  client.GrpcClientProtocolClient (GrpcClientProtocolClient.java:onNext(255)) - client-DE0880F50CF2->72f5ceaa-5b3b-4bc7-b846-41895f4ebd48: receive RaftClientReply:client-DE0880F50CF2->72f5ceaa-5b3b-4bc7-b846-41895f4ebd48@group-833AA35A7EDE, cid=3017, SUCCESS, logIndex=4513, commits[72f5ceaa-5b3b-4bc7-b846-41895f4ebd48:c4513, b4e1f7d4-4bb4-47ed-a9cb-53483a899fb2:c4510, d3916bce-b37b-4246-83c6-d24846ba1a72:c4510]
2019-07-08 14:21:36,008 INFO  client.GrpcClientProtocolClient (GrpcClientProtocolClient.java:onNext(255)) - client-DE0880F50CF2->72f5ceaa-5b3b-4bc7-b846-41895f4ebd48: receive RaftClientReply:client-DE0880F50CF2->72f5ceaa-5b3b-4bc7-b846-41895f4ebd48@group-833AA35A7EDE, cid=3018, SUCCESS, logIndex=0, commits[72f5ceaa-5b3b-4bc7-b846-41895f4ebd48:c4515, b4e1f7d4-4bb4-47ed-a9cb-53483a899fb2:c4513, d3916bce-b37b-4246-83c6-d24846ba1a72:c4513]
2019-07-08 14:21:36,040 INFO  client.GrpcClientProtocolClient (GrpcClientProtocolClient.java:onNext(255)) - client-DE0880F50CF2->72f5ceaa-5b3b-4bc7-b846-41895f4ebd48: receive RaftClientReply:client-DE0880F50CF2->72f5ceaa-5b3b-4bc7-b846-41895f4ebd48@group-833AA35A7EDE, cid=3019, SUCCESS, logIndex=4516, commits[72f5ceaa-5b3b-4bc7-b846-41895f4ebd48:c4517, b4e1f7d4-4bb4-47ed-a9cb-53483a899fb2:c4515, d3916bce-b37b-4246-83c6-d24846ba1a72:c4515]
2019-07-08 14:21:36,041 INFO  client.GrpcClientProtocolClient (GrpcClientProtocolClient.java:onNext(255)) - client-DE0880F50CF2->72f5ceaa-5b3b-4bc7-b846-41895f4ebd48: receive RaftClientReply:client-DE0880F50CF2->72f5ceaa-5b3b-4bc7-b846-41895f4ebd48@group-833AA35A7EDE, cid=3020, SUCCESS, logIndex=4517, commits[72f5ceaa-5b3b-4bc7-b846-41895f4ebd48:c4519, b4e1f7d4-4bb4-47ed-a9cb-53483a899fb2:c4515, d3916bce-b37b-4246-83c6-d24846ba1a72:c4515]
2019-07-08 14:21:36,041 INFO  client.GrpcClientProtocolClient (GrpcClientProtocolClient.java:onNext(255)) - client-DE0880F50CF2->72f5ceaa-5b3b-4bc7-b846-41895f4ebd48: receive RaftClientReply:client-DE0880F50CF2->72f5ceaa-5b3b-4bc7-b846-41895f4ebd48@group-833AA35A7EDE, cid=3021, SUCCESS, logIndex=4518, commits[72f5ceaa-5b3b-4bc7-b846-41895f4ebd48:c4519, b4e1f7d4-4bb4-47ed-a9cb-53483a899fb2:c4515, d3916bce-b37b-4246-83c6-d24846ba1a72:c4515]
2019-07-08 14:21:36,041 INFO  client.GrpcClientProtocolClient (GrpcClientProtocolClient.java:onNext(255)) - client-DE0880F50CF2->72f5ceaa-5b3b-4bc7-b846-41895f4ebd48: receive RaftClientReply:client-DE0880F50CF2->72f5ceaa-5b3b-4bc7-b846-41895f4ebd48@group-833AA35A7EDE, cid=3022, SUCCESS, logIndex=4519, commits[72f5ceaa-5b3b-4bc7-b846-41895f4ebd48:c4519, b4e1f7d4-4bb4-47ed-a9cb-53483a899fb2:c4515, d3916bce-b37b-4246-83c6-d24846ba1a72:c4515]
2019-07-08 14:21:36,055 INFO  client.GrpcClientProtocolClient (GrpcClientProtocolClient.java:onNext(255)) - client-DE0880F50CF2->72f5ceaa-5b3b-4bc7-b846-41895f4ebd48: receive RaftClientReply:client-DE0880F50CF2->72f5ceaa-5b3b-4bc7-b846-41895f4ebd48@group-833AA35A7EDE, cid=3023, SUCCESS, logIndex=0, commits[72f5ceaa-5b3b-4bc7-b846-41895f4ebd48:c4521, b4e1f7d4-4bb4-47ed-a9cb-53483a899fb2:c4517, d3916bce-b37b-4246-83c6-d24846ba1a72:c4517]
2019-07-08 14:21:36,074 INFO  client.GrpcClientProtocolClient (GrpcClientProtocolClient.java:onNext(255)) - client-DE0880F50CF2->72f5ceaa-5b3b-4bc7-b846-41895f4ebd48: receive RaftClientReply:client-DE0880F50CF2->72f5ceaa-5b3b-4bc7-b846-41895f4ebd48@group-833AA35A7EDE, cid=3024, SUCCESS, logIndex=4524, commits[72f5ceaa-5b3b-4bc7-b846-41895f4ebd48:c4525, b4e1f7d4-4bb4-47ed-a9cb-53483a899fb2:c4523, d3916bce-b37b-4246-83c6-d24846ba1a72:c4523]
2019-07-08 14:21:36,074 INFO  client.GrpcClientProtocolClient (GrpcClientProtocolClient.java:onNext(255)) - client-DE0880F50CF2->72f5ceaa-5b3b-4bc7-b846-41895f4ebd48: receive RaftClientReply:client-DE0880F50CF2->72f5ceaa-5b3b-4bc7-b846-41895f4ebd48@group-833AA35A7EDE, cid=3025, SUCCESS, logIndex=4525, commits[72f5ceaa-5b3b-4bc7-b846-41895f4ebd48:c4525, b4e1f7d4-4bb4-47ed-a9cb-53483a899fb2:c4523, d3916bce-b37b-4246-83c6-d24846ba1a72:c4523]
2019-07-08 14:21:36,089 INFO  client.GrpcClientProtocolClient (GrpcClientProtocolClient.java:onNext(255)) - client-DE0880F50CF2->72f5ceaa-5b3b-4bc7-b846-41895f4ebd48: receive RaftClientReply:client-DE0880F50CF2->72f5ceaa-5b3b-4bc7-b846-41895f4ebd48@group-833AA35A7EDE, cid=3026, SUCCESS, logIndex=4528, commits[72f5ceaa-5b3b-4bc7-b846-41895f4ebd48:c4529, b4e1f7d4-4bb4-47ed-a9cb-53483a899fb2:c4525, d3916bce-b37b-4246-83c6-d24846ba1a72:c4525]
2019-07-08 14:21:36,090 INFO  client.GrpcClientProtocolClient (GrpcClientProtocolClient.java:onNext(255)) - client-DE0880F50CF2->72f5ceaa-5b3b-4bc7-b846-41895f4ebd48: receive RaftClientReply:client-DE0880F50CF2->72f5ceaa-5b3b-4bc7-b846-41895f4ebd48@group-833AA35A7EDE, cid=3027, SUCCESS, logIndex=4529, commits[72f5ceaa-5b3b-4bc7-b846-41895f4ebd48:c4529, b4e1f7d4-4bb4-47ed-a9cb-53483a899fb2:c4525, d3916bce-b37b-4246-83c6-d24846ba1a72:c4525]
2019-07-08 14:21:36,229 INFO  client.GrpcClientProtocolClient (GrpcClientProtocolClient.java:onNext(255)) - client-DE0880F50CF2->72f5ceaa-5b3b-4bc7-b846-41895f4ebd48: receive RaftClientReply:client-DE0880F50CF2->72f5ceaa-5b3b-4bc7-b846-41895f4ebd48@group-833AA35A7EDE, cid=3028, SUCCESS, logIndex=0, commits[72f5ceaa-5b3b-4bc7-b846-41895f4ebd48:c4531, b4e1f7d4-4bb4-47ed-a9cb-53483a899fb2:c4529, d3916bce-b37b-4246-83c6-d24846ba1a72:c4529]
2019-07-08 14:21:36,265 INFO  client.GrpcClientProtocolClient (GrpcClientProtocolClient.java:onNext(255)) - client-DE0880F50CF2->72f5ceaa-5b3b-4bc7-b846-41895f4ebd48: receive RaftClientReply:client-DE0880F50CF2->72f5ceaa-5b3b-4bc7-b846-41895f4ebd48@group-833AA35A7EDE, cid=3029, SUCCESS, logIndex=4532, commits[72f5ceaa-5b3b-4bc7-b846-41895f4ebd48:c4533, b4e1f7d4-4bb4-47ed-a9cb-53483a899fb2:c4531, d3916bce-b37b-4246-83c6-d24846ba1a72:c4531]
2019-07-08 14:21:36,266 INFO  client.GrpcClientProtocolClient (GrpcClientProtocolClient.java:onNext(255)) - client-DE0880F50CF2->72f5ceaa-5b3b-4bc7-b846-41895f4ebd48: receive RaftClientReply:client-DE0880F50CF2->72f5ceaa-5b3b-4bc7-b846-41895f4ebd48@group-833AA35A7EDE, cid=3030, SUCCESS, logIndex=4533, commits[72f5ceaa-5b3b-4bc7-b846-41895f4ebd48:c4533, b4e1f7d4-4bb4-47ed-a9cb-53483a899fb2:c4531, d3916bce-b37b-4246-83c6-d24846ba1a72:c4531]
2019-07-08 14:21:36,266 INFO  client.GrpcClientProtocolClient (GrpcClientProtocolClient.java:onNext(255)) - client-DE0880F50CF2->72f5ceaa-5b3b-4bc7-b846-41895f4ebd48: receive RaftClientReply:client-DE0880F50CF2->72f5ceaa-5b3b-4bc7-b846-41895f4ebd48@group-833AA35A7EDE, cid=3031, SUCCESS, logIndex=4534, commits[72f5ceaa-5b3b-4bc7-b846-41895f4ebd48:c4535, b4e1f7d4-4bb4-47ed-a9cb-53483a899fb2:c4531, d3916bce-b37b-4246-83c6-d24846ba1a72:c4531]
2019-07-08 14:21:36,266 INFO  client.GrpcClientProtocolClient (GrpcClientProtocolClient.java:onNext(255)) - client-DE0880F50CF2->72f5ceaa-5b3b-4bc7-b846-41895f4ebd48: receive RaftClientReply:client-DE0880F50CF2->72f5ceaa-5b3b-4bc7-b846-41895f4ebd48@group-833AA35A7EDE, cid=3032, SUCCESS, logIndex=4535, commits[72f5ceaa-5b3b-4bc7-b846-41895f4ebd48:c4535, b4e1f7d4-4bb4-47ed-a9cb-53483a899fb2:c4531, d3916bce-b37b-4246-83c6-d24846ba1a72:c4531]
2019-07-08 14:21:36,280 INFO  client.GrpcClientProtocolClient (GrpcClientProtocolClient.java:onNext(255)) - client-DE0880F50CF2->72f5ceaa-5b3b-4bc7-b846-41895f4ebd48: receive RaftClientReply:client-DE0880F50CF2->72f5ceaa-5b3b-4bc7-b846-41895f4ebd48@group-833AA35A7EDE, cid=3033, SUCCESS, logIndex=0, commits[72f5ceaa-5b3b-4bc7-b846-41895f4ebd48:c4537, b4e1f7d4-4bb4-47ed-a9cb-53483a899fb2:c4533, d3916bce-b37b-4246-83c6-d24846ba1a72:c4533]
2019-07-08 14:21:36,305 INFO  client.GrpcClientProtocolClient (GrpcClientProtocolClient.java:onNext(255)) - client-DE0880F50CF2->72f5ceaa-5b3b-4bc7-b846-41895f4ebd48: receive RaftClientReply:client-DE0880F50CF2->72f5ceaa-5b3b-4bc7-b846-41895f4ebd48@group-833AA35A7EDE, cid=3034, SUCCESS, logIndex=4540, commits[72f5ceaa-5b3b-4bc7-b846-41895f4ebd48:c4541, b4e1f7d4-4bb4-47ed-a9cb-53483a899fb2:c4535, d3916bce-b37b-4246-83c6-d24846ba1a72:c4539]
2019-07-08 14:21:36,305 INFO  client.GrpcClientProtocolClient (GrpcClientProtocolClient.java:onNext(255)) - client-DE0880F50CF2->72f5ceaa-5b3b-4bc7-b846-41895f4ebd48: receive RaftClientReply:client-DE0880F50CF2->72f5ceaa-5b3b-4bc7-b846-41895f4ebd48@group-833AA35A7EDE, cid=3035, SUCCESS, logIndex=4541, commits[72f5ceaa-5b3b-4bc7-b846-41895f4ebd48:c4541, b4e1f7d4-4bb4-47ed-a9cb-53483a899fb2:c4539, d3916bce-b37b-4246-83c6-d24846ba1a72:c4539]
2019-07-08 14:21:36,334 INFO  client.GrpcClientProtocolClient (GrpcClientProtocolClient.java:onNext(255)) - client-DE0880F50CF2->72f5ceaa-5b3b-4bc7-b846-41895f4ebd48: receive RaftClientReply:client-DE0880F50CF2->72f5ceaa-5b3b-4bc7-b846-41895f4ebd48@group-833AA35A7EDE, cid=3036, SUCCESS, logIndex=4544, commits[72f5ceaa-5b3b-4bc7-b846-41895f4ebd48:c4545, b4e1f7d4-4bb4-47ed-a9cb-53483a899fb2:c4542, d3916bce-b37b-4246-83c6-d24846ba1a72:c4542]
2019-07-08 14:21:36,334 INFO  client.GrpcClientProtocolClient (GrpcClientProtocolClient.java:onNext(255)) - client-DE0880F50CF2->72f5ceaa-5b3b-4bc7-b846-41895f4ebd48: receive RaftClientReply:client-DE0880F50CF2->72f5ceaa-5b3b-4bc7-b846-41895f4ebd48@group-833AA35A7EDE, cid=3037, SUCCESS, logIndex=4545, commits[72f5ceaa-5b3b-4bc7-b846-41895f4ebd48:c4545, b4e1f7d4-4bb4-47ed-a9cb-53483a899fb2:c4542, d3916bce-b37b-4246-83c6-d24846ba1a72:c4542]
2019-07-08 14:21:36,359 INFO  client.GrpcClientProtocolClient (GrpcClientProtocolClient.java:onNext(255)) - client-DE0880F50CF2->72f5ceaa-5b3b-4bc7-b846-41895f4ebd48: receive RaftClientReply:client-DE0880F50CF2->72f5ceaa-5b3b-4bc7-b846-41895f4ebd48@group-833AA35A7EDE, cid=3038, SUCCESS, logIndex=0, commits[72f5ceaa-5b3b-4bc7-b846-41895f4ebd48:c4546, b4e1f7d4-4bb4-47ed-a9cb-53483a899fb2:c4545, d3916bce-b37b-4246-83c6-d24846ba1a72:c4545]
2019-07-08 14:21:36,395 INFO  client.GrpcClientProtocolClient (GrpcClientProtocolClient.java:onNext(255)) - client-DE0880F50CF2->72f5ceaa-5b3b-4bc7-b846-41895f4ebd48: receive RaftClientReply:client-DE0880F50CF2->72f5ceaa-5b3b-4bc7-b846-41895f4ebd48@group-833AA35A7EDE, cid=3039, SUCCESS, logIndex=4548, commits[72f5ceaa-5b3b-4bc7-b846-41895f4ebd48:c4549, b4e1f7d4-4bb4-47ed-a9cb-53483a899fb2:c4547, d3916bce-b37b-4246-83c6-d24846ba1a72:c4547]
2019-07-08 14:21:36,395 INFO  client.GrpcClientProtocolClient (GrpcClientProtocolClient.java:onNext(255)) - client-DE0880F50CF2->72f5ceaa-5b3b-4bc7-b846-41895f4ebd48: receive RaftClientReply:client-DE0880F50CF2->72f5ceaa-5b3b-4bc7-b846-41895f4ebd48@group-833AA35A7EDE, cid=3040, SUCCESS, logIndex=4549, commits[72f5ceaa-5b3b-4bc7-b846-41895f4ebd48:c4549, b4e1f7d4-4bb4-47ed-a9cb-53483a899fb2:c4547, d3916bce-b37b-4246-83c6-d24846ba1a72:c4547]
2019-07-08 14:21:36,405 INFO  client.GrpcClientProtocolClient (GrpcClientProtocolClient.java:onNext(255)) - client-DE0880F50CF2->72f5ceaa-5b3b-4bc7-b846-41895f4ebd48: receive RaftClientReply:client-DE0880F50CF2->72f5ceaa-5b3b-4bc7-b846-41895f4ebd48@group-833AA35A7EDE, cid=3041, SUCCESS, logIndex=4550, commits[72f5ceaa-5b3b-4bc7-b846-41895f4ebd48:c4551, b4e1f7d4-4bb4-47ed-a9cb-53483a899fb2:c4547, d3916bce-b37b-4246-83c6-d24846ba1a72:c4547]
2019-07-08 14:21:36,405 INFO  client.GrpcClientProtocolClient (GrpcClientProtocolClient.java:onNext(255)) - client-DE0880F50CF2->72f5ceaa-5b3b-4bc7-b846-41895f4ebd48: receive RaftClientReply:client-DE0880F50CF2->72f5ceaa-5b3b-4bc7-b846-41895f4ebd48@group-833AA35A7EDE, cid=3042, SUCCESS, logIndex=4551, commits[72f5ceaa-5b3b-4bc7-b846-41895f4ebd48:c4551, b4e1f7d4-4bb4-47ed-a9cb-53483a899fb2:c4547, d3916bce-b37b-4246-83c6-d24846ba1a72:c4547]
2019-07-08 14:21:36,407 INFO  client.GrpcClientProtocolClient (GrpcClientProtocolClient.java:onNext(255)) - client-DE0880F50CF2->72f5ceaa-5b3b-4bc7-b846-41895f4ebd48: receive RaftClientReply:client-DE0880F50CF2->72f5ceaa-5b3b-4bc7-b846-41895f4ebd48@group-833AA35A7EDE, cid=3043, SUCCESS, logIndex=0, commits[72f5ceaa-5b3b-4bc7-b846-41895f4ebd48:c4551, b4e1f7d4-4bb4-47ed-a9cb-53483a899fb2:c4549, d3916bce-b37b-4246-83c6-d24846ba1a72:c4549]
2019-07-08 14:21:36,429 INFO  client.GrpcClientProtocolClient (GrpcClientProtocolClient.java:onNext(255)) - client-DE0880F50CF2->72f5ceaa-5b3b-4bc7-b846-41895f4ebd48: receive RaftClientReply:client-DE0880F50CF2->72f5ceaa-5b3b-4bc7-b846-41895f4ebd48@group-833AA35A7EDE, cid=3044, SUCCESS, logIndex=4556, commits[72f5ceaa-5b3b-4bc7-b846-41895f4ebd48:c4557, b4e1f7d4-4bb4-47ed-a9cb-53483a899fb2:c4551, d3916bce-b37b-4246-83c6-d24846ba1a72:c4551]
2019-07-08 14:21:36,430 INFO  client.GrpcClientProtocolClient (GrpcClientProtocolClient.java:onNext(255)) - client-DE0880F50CF2->72f5ceaa-5b3b-4bc7-b846-41895f4ebd48: receive RaftClientReply:client-DE0880F50CF2->72f5ceaa-5b3b-4bc7-b846-41895f4ebd48@group-833AA35A7EDE, cid=3045, SUCCESS, logIndex=4557, commits[72f5ceaa-5b3b-4bc7-b846-41895f4ebd48:c4557, b4e1f7d4-4bb4-47ed-a9cb-53483a899fb2:c4551, d3916bce-b37b-4246-83c6-d24846ba1a72:c4551]
2019-07-08 14:21:36,443 INFO  client.GrpcClientProtocolClient (GrpcClientProtocolClient.java:onNext(255)) - client-DE0880F50CF2->72f5ceaa-5b3b-4bc7-b846-41895f4ebd48: receive RaftClientReply:client-DE0880F50CF2->72f5ceaa-5b3b-4bc7-b846-41895f4ebd48@group-833AA35A7EDE, cid=3046, SUCCESS, logIndex=4560, commits[72f5ceaa-5b3b-4bc7-b846-41895f4ebd48:c4561, b4e1f7d4-4bb4-47ed-a9cb-53483a899fb2:c4557, d3916bce-b37b-4246-83c6-d24846ba1a72:c4558]
2019-07-08 14:21:36,443 INFO  client.GrpcClientProtocolClient (GrpcClientProtocolClient.java:onNext(255)) - client-DE0880F50CF2->72f5ceaa-5b3b-4bc7-b846-41895f4ebd48: receive RaftClientReply:client-DE0880F50CF2->72f5ceaa-5b3b-4bc7-b846-41895f4ebd48@group-833AA35A7EDE, cid=3047, SUCCESS, logIndex=4561, commits[72f5ceaa-5b3b-4bc7-b846-41895f4ebd48:c4561, b4e1f7d4-4bb4-47ed-a9cb-53483a899fb2:c4558, d3916bce-b37b-4246-83c6-d24846ba1a72:c4558]
2019-07-08 14:21:36,445 INFO  client.GrpcClientProtocolClient (GrpcClientProtocolClient.java:onNext(255)) - client-DE0880F50CF2->72f5ceaa-5b3b-4bc7-b846-41895f4ebd48: receive RaftClientReply:client-DE0880F50CF2->72f5ceaa-5b3b-4bc7-b846-41895f4ebd48@group-833AA35A7EDE, cid=3048, SUCCESS, logIndex=0, commits[72f5ceaa-5b3b-4bc7-b846-41895f4ebd48:c4562, b4e1f7d4-4bb4-47ed-a9cb-53483a899fb2:c4561, d3916bce-b37b-4246-83c6-d24846ba1a72:c4561]
2019-07-08 14:21:36,492 INFO  client.GrpcClientProtocolClient (GrpcClientProtocolClient.java:onNext(255)) - client-DE0880F50CF2->72f5ceaa-5b3b-4bc7-b846-41895f4ebd48: receive RaftClientReply:client-DE0880F50CF2->72f5ceaa-5b3b-4bc7-b846-41895f4ebd48@group-833AA35A7EDE, cid=3049, SUCCESS, logIndex=4564, commits[72f5ceaa-5b3b-4bc7-b846-41895f4ebd48:c4565, b4e1f7d4-4bb4-47ed-a9cb-53483a899fb2:c4563, d3916bce-b37b-4246-83c6-d24846ba1a72:c4561]
2019-07-08 14:21:36,492 INFO  client.GrpcClientProtocolClient (GrpcClientProtocolClient.java:onNext(255)) - client-DE0880F50CF2->72f5ceaa-5b3b-4bc7-b846-41895f4ebd48: receive RaftClientReply:client-DE0880F50CF2->72f5ceaa-5b3b-4bc7-b846-41895f4ebd48@group-833AA35A7EDE, cid=3050, SUCCESS, logIndex=4565, commits[72f5ceaa-5b3b-4bc7-b846-41895f4ebd48:c4565, b4e1f7d4-4bb4-47ed-a9cb-53483a899fb2:c4563, d3916bce-b37b-4246-83c6-d24846ba1a72:c4563]
2019-07-08 14:21:36,493 INFO  client.GrpcClientProtocolClient (GrpcClientProtocolClient.java:onNext(255)) - client-DE0880F50CF2->72f5ceaa-5b3b-4bc7-b846-41895f4ebd48: receive RaftClientReply:client-DE0880F50CF2->72f5ceaa-5b3b-4bc7-b846-41895f4ebd48@group-833AA35A7EDE, cid=3051, SUCCESS, logIndex=4566, commits[72f5ceaa-5b3b-4bc7-b846-41895f4ebd48:c4567, b4e1f7d4-4bb4-47ed-a9cb-53483a899fb2:c4563, d3916bce-b37b-4246-83c6-d24846ba1a72:c4563]
2019-07-08 14:21:36,494 INFO  client.GrpcClientProtocolClient (GrpcClientProtocolClient.java:onNext(255)) - client-DE0880F50CF2->72f5ceaa-5b3b-4bc7-b846-41895f4ebd48: receive RaftClientReply:client-DE0880F50CF2->72f5ceaa-5b3b-4bc7-b846-41895f4ebd48@group-833AA35A7EDE, cid=3052, SUCCESS, logIndex=4567, commits[72f5ceaa-5b3b-4bc7-b846-41895f4ebd48:c4567, b4e1f7d4-4bb4-47ed-a9cb-53483a899fb2:c4563, d3916bce-b37b-4246-83c6-d24846ba1a72:c4563]
2019-07-08 14:21:36,507 INFO  client.GrpcClientProtocolClient (GrpcClientProtocolClient.java:onNext(255)) - client-DE0880F50CF2->72f5ceaa-5b3b-4bc7-b846-41895f4ebd48: receive RaftClientReply:client-DE0880F50CF2->72f5ceaa-5b3b-4bc7-b846-41895f4ebd48@group-833AA35A7EDE, cid=3053, SUCCESS, logIndex=0, commits[72f5ceaa-5b3b-4bc7-b846-41895f4ebd48:c4569, b4e1f7d4-4bb4-47ed-a9cb-53483a899fb2:c4565, d3916bce-b37b-4246-83c6-d24846ba1a72:c4565]
2019-07-08 14:21:36,528 INFO  client.GrpcClientProtocolClient (GrpcClientProtocolClient.java:onNext(255)) - client-DE0880F50CF2->72f5ceaa-5b3b-4bc7-b846-41895f4ebd48: receive RaftClientReply:client-DE0880F50CF2->72f5ceaa-5b3b-4bc7-b846-41895f4ebd48@group-833AA35A7EDE, cid=3054, SUCCESS, logIndex=4572, commits[72f5ceaa-5b3b-4bc7-b846-41895f4ebd48:c4573, b4e1f7d4-4bb4-47ed-a9cb-53483a899fb2:c4571, d3916bce-b37b-4246-83c6-d24846ba1a72:c4571]
2019-07-08 14:21:36,529 INFO  client.GrpcClientProtocolClient (GrpcClientProtocolClient.java:onNext(255)) - client-DE0880F50CF2->72f5ceaa-5b3b-4bc7-b846-41895f4ebd48: receive RaftClientReply:client-DE0880F50CF2->72f5ceaa-5b3b-4bc7-b846-41895f4ebd48@group-833AA35A7EDE, cid=3055, SUCCESS, logIndex=4573, commits[72f5ceaa-5b3b-4bc7-b846-41895f4ebd48:c4573, b4e1f7d4-4bb4-47ed-a9cb-53483a899fb2:c4571, d3916bce-b37b-4246-83c6-d24846ba1a72:c4571]
2019-07-08 14:21:36,553 INFO  client.GrpcClientProtocolClient (GrpcClientProtocolClient.java:onNext(255)) - client-DE0880F50CF2->72f5ceaa-5b3b-4bc7-b846-41895f4ebd48: receive RaftClientReply:client-DE0880F50CF2->72f5ceaa-5b3b-4bc7-b846-41895f4ebd48@group-833AA35A7EDE, cid=3056, SUCCESS, logIndex=4576, commits[72f5ceaa-5b3b-4bc7-b846-41895f4ebd48:c4577, b4e1f7d4-4bb4-47ed-a9cb-53483a899fb2:c4573, d3916bce-b37b-4246-83c6-d24846ba1a72:c4573]
2019-07-08 14:21:36,554 INFO  client.GrpcClientProtocolClient (GrpcClientProtocolClient.java:onNext(255)) - client-DE0880F50CF2->72f5ceaa-5b3b-4bc7-b846-41895f4ebd48: receive RaftClientReply:client-DE0880F50CF2->72f5ceaa-5b3b-4bc7-b846-41895f4ebd48@group-833AA35A7EDE, cid=3057, SUCCESS, logIndex=4577, commits[72f5ceaa-5b3b-4bc7-b846-41895f4ebd48:c4577, b4e1f7d4-4bb4-47ed-a9cb-53483a899fb2:c4573, d3916bce-b37b-4246-83c6-d24846ba1a72:c4573]
2019-07-08 14:21:36,580 INFO  client.GrpcClientProtocolClient (GrpcClientProtocolClient.java:onNext(255)) - client-DE0880F50CF2->72f5ceaa-5b3b-4bc7-b846-41895f4ebd48: receive RaftClientReply:client-DE0880F50CF2->72f5ceaa-5b3b-4bc7-b846-41895f4ebd48@group-833AA35A7EDE, cid=3058, SUCCESS, logIndex=0, commits[72f5ceaa-5b3b-4bc7-b846-41895f4ebd48:c4579, b4e1f7d4-4bb4-47ed-a9cb-53483a899fb2:c4577, d3916bce-b37b-4246-83c6-d24846ba1a72:c4577]
2019-07-08 14:21:36,616 INFO  client.GrpcClientProtocolClient (GrpcClientProtocolClient.java:onNext(255)) - client-DE0880F50CF2->72f5ceaa-5b3b-4bc7-b846-41895f4ebd48: receive RaftClientReply:client-DE0880F50CF2->72f5ceaa-5b3b-4bc7-b846-41895f4ebd48@group-833AA35A7EDE, cid=3059, SUCCESS, logIndex=4580, commits[72f5ceaa-5b3b-4bc7-b846-41895f4ebd48:c4581, b4e1f7d4-4bb4-47ed-a9cb-53483a899fb2:c4579, d3916bce-b37b-4246-83c6-d24846ba1a72:c4579]
2019-07-08 14:21:36,617 INFO  client.GrpcClientProtocolClient (GrpcClientProtocolClient.java:onNext(255)) - client-DE0880F50CF2->72f5ceaa-5b3b-4bc7-b846-41895f4ebd48: receive RaftClientReply:client-DE0880F50CF2->72f5ceaa-5b3b-4bc7-b846-41895f4ebd48@group-833AA35A7EDE, cid=3060, SUCCESS, logIndex=4581, commits[72f5ceaa-5b3b-4bc7-b846-41895f4ebd48:c4581, b4e1f7d4-4bb4-47ed-a9cb-53483a899fb2:c4579, d3916bce-b37b-4246-83c6-d24846ba1a72:c4579]
2019-07-08 14:21:36,626 INFO  client.GrpcClientProtocolClient (GrpcClientProtocolClient.java:onNext(255)) - client-DE0880F50CF2->72f5ceaa-5b3b-4bc7-b846-41895f4ebd48: receive RaftClientReply:client-DE0880F50CF2->72f5ceaa-5b3b-4bc7-b846-41895f4ebd48@group-833AA35A7EDE, cid=3061, SUCCESS, logIndex=4582, commits[72f5ceaa-5b3b-4bc7-b846-41895f4ebd48:c4583, b4e1f7d4-4bb4-47ed-a9cb-53483a899fb2:c4579, d3916bce-b37b-4246-83c6-d24846ba1a72:c4579]
2019-07-08 14:21:36,627 INFO  client.GrpcClientProtocolClient (GrpcClientProtocolClient.java:onNext(255)) - client-DE0880F50CF2->72f5ceaa-5b3b-4bc7-b846-41895f4ebd48: receive RaftClientReply:client-DE0880F50CF2->72f5ceaa-5b3b-4bc7-b846-41895f4ebd48@group-833AA35A7EDE, cid=3062, SUCCESS, logIndex=4583, commits[72f5ceaa-5b3b-4bc7-b846-41895f4ebd48:c4583, b4e1f7d4-4bb4-47ed-a9cb-53483a899fb2:c4579, d3916bce-b37b-4246-83c6-d24846ba1a72:c4579]
2019-07-08 14:21:36,640 INFO  client.GrpcClientProtocolClient (GrpcClientProtocolClient.java:onNext(255)) - client-DE0880F50CF2->72f5ceaa-5b3b-4bc7-b846-41895f4ebd48: receive RaftClientReply:client-DE0880F50CF2->72f5ceaa-5b3b-4bc7-b846-41895f4ebd48@group-833AA35A7EDE, cid=3063, SUCCESS, logIndex=0, commits[72f5ceaa-5b3b-4bc7-b846-41895f4ebd48:c4585, b4e1f7d4-4bb4-47ed-a9cb-53483a899fb2:c4581, d3916bce-b37b-4246-83c6-d24846ba1a72:c4581]
2019-07-08 14:21:36,666 INFO  client.GrpcClientProtocolClient (GrpcClientProtocolClient.java:onNext(255)) - client-DE0880F50CF2->72f5ceaa-5b3b-4bc7-b846-41895f4ebd48: receive RaftClientReply:client-DE0880F50CF2->72f5ceaa-5b3b-4bc7-b846-41895f4ebd48@group-833AA35A7EDE, cid=3064, SUCCESS, logIndex=4588, commits[72f5ceaa-5b3b-4bc7-b846-41895f4ebd48:c4589, b4e1f7d4-4bb4-47ed-a9cb-53483a899fb2:c4585, d3916bce-b37b-4246-83c6-d24846ba1a72:c4585]
2019-07-08 14:21:36,666 INFO  client.GrpcClientProtocolClient (GrpcClientProtocolClient.java:onNext(255)) - client-DE0880F50CF2->72f5ceaa-5b3b-4bc7-b846-41895f4ebd48: receive RaftClientReply:client-DE0880F50CF2->72f5ceaa-5b3b-4bc7-b846-41895f4ebd48@group-833AA35A7EDE, cid=3065, SUCCESS, logIndex=4589, commits[72f5ceaa-5b3b-4bc7-b846-41895f4ebd48:c4589, b4e1f7d4-4bb4-47ed-a9cb-53483a899fb2:c4585, d3916bce-b37b-4246-83c6-d24846ba1a72:c4585]
2019-07-08 14:21:36,685 INFO  client.GrpcClientProtocolClient (GrpcClientProtocolClient.java:onNext(255)) - client-DE0880F50CF2->72f5ceaa-5b3b-4bc7-b846-41895f4ebd48: receive RaftClientReply:client-DE0880F50CF2->72f5ceaa-5b3b-4bc7-b846-41895f4ebd48@group-833AA35A7EDE, cid=3066, SUCCESS, logIndex=4592, commits[72f5ceaa-5b3b-4bc7-b846-41895f4ebd48:c4593, b4e1f7d4-4bb4-47ed-a9cb-53483a899fb2:c4589, d3916bce-b37b-4246-83c6-d24846ba1a72:c4589]
2019-07-08 14:21:36,685 INFO  client.GrpcClientProtocolClient (GrpcClientProtocolClient.java:onNext(255)) - client-DE0880F50CF2->72f5ceaa-5b3b-4bc7-b846-41895f4ebd48: receive RaftClientReply:client-DE0880F50CF2->72f5ceaa-5b3b-4bc7-b846-41895f4ebd48@group-833AA35A7EDE, cid=3067, SUCCESS, logIndex=4593, commits[72f5ceaa-5b3b-4bc7-b846-41895f4ebd48:c4593, b4e1f7d4-4bb4-47ed-a9cb-53483a899fb2:c4589, d3916bce-b37b-4246-83c6-d24846ba1a72:c4589]
2019-07-08 14:21:36,690 INFO  client.GrpcClientProtocolClient (GrpcClientProtocolClient.java:onNext(255)) - client-DE0880F50CF2->72f5ceaa-5b3b-4bc7-b846-41895f4ebd48: receive RaftClientReply:client-DE0880F50CF2->72f5ceaa-5b3b-4bc7-b846-41895f4ebd48@group-833AA35A7EDE, cid=3068, SUCCESS, logIndex=0, commits[72f5ceaa-5b3b-4bc7-b846-41895f4ebd48:c4595, b4e1f7d4-4bb4-47ed-a9cb-53483a899fb2:c4593, d3916bce-b37b-4246-83c6-d24846ba1a72:c4593]
2019-07-08 14:21:36,711 INFO  client.GrpcClientProtocolClient (GrpcClientProtocolClient.java:onNext(255)) - client-DE0880F50CF2->72f5ceaa-5b3b-4bc7-b846-41895f4ebd48: receive RaftClientReply:client-DE0880F50CF2->72f5ceaa-5b3b-4bc7-b846-41895f4ebd48@group-833AA35A7EDE, cid=3069, SUCCESS, logIndex=4596, commits[72f5ceaa-5b3b-4bc7-b846-41895f4ebd48:c4597, b4e1f7d4-4bb4-47ed-a9cb-53483a899fb2:c4593, d3916bce-b37b-4246-83c6-d24846ba1a72:c4595]
2019-07-08 14:21:36,711 INFO  client.GrpcClientProtocolClient (GrpcClientProtocolClient.java:onNext(255)) - client-DE0880F50CF2->72f5ceaa-5b3b-4bc7-b846-41895f4ebd48: receive RaftClientReply:client-DE0880F50CF2->72f5ceaa-5b3b-4bc7-b846-41895f4ebd48@group-833AA35A7EDE, cid=3070, SUCCESS, logIndex=4597, commits[72f5ceaa-5b3b-4bc7-b846-41895f4ebd48:c4597, b4e1f7d4-4bb4-47ed-a9cb-53483a899fb2:c4593, d3916bce-b37b-4246-83c6-d24846ba1a72:c4595]
2019-07-08 14:21:36,712 INFO  client.GrpcClientProtocolClient (GrpcClientProtocolClient.java:onNext(255)) - client-DE0880F50CF2->72f5ceaa-5b3b-4bc7-b846-41895f4ebd48: receive RaftClientReply:client-DE0880F50CF2->72f5ceaa-5b3b-4bc7-b846-41895f4ebd48@group-833AA35A7EDE, cid=3071, SUCCESS, logIndex=4598, commits[72f5ceaa-5b3b-4bc7-b846-41895f4ebd48:c4598, b4e1f7d4-4bb4-47ed-a9cb-53483a899fb2:c4595, d3916bce-b37b-4246-83c6-d24846ba1a72:c4595]
2019-07-08 14:21:36,712 INFO  client.GrpcClientProtocolClient (GrpcClientProtocolClient.java:onNext(255)) - client-DE0880F50CF2->72f5ceaa-5b3b-4bc7-b846-41895f4ebd48: receive RaftClientReply:client-DE0880F50CF2->72f5ceaa-5b3b-4bc7-b846-41895f4ebd48@group-833AA35A7EDE, cid=3072, SUCCESS, logIndex=4599, commits[72f5ceaa-5b3b-4bc7-b846-41895f4ebd48:c4599, b4e1f7d4-4bb4-47ed-a9cb-53483a899fb2:c4595, d3916bce-b37b-4246-83c6-d24846ba1a72:c4595]
2019-07-08 14:21:36,714 INFO  client.GrpcClientProtocolClient (GrpcClientProtocolClient.java:onNext(255)) - client-DE0880F50CF2->72f5ceaa-5b3b-4bc7-b846-41895f4ebd48: receive RaftClientReply:client-DE0880F50CF2->72f5ceaa-5b3b-4bc7-b846-41895f4ebd48@group-833AA35A7EDE, cid=3073, SUCCESS, logIndex=0, commits[72f5ceaa-5b3b-4bc7-b846-41895f4ebd48:c4601, b4e1f7d4-4bb4-47ed-a9cb-53483a899fb2:c4597, d3916bce-b37b-4246-83c6-d24846ba1a72:c4597]
2019-07-08 14:21:36,742 INFO  client.GrpcClientProtocolClient (GrpcClientProtocolClient.java:onNext(255)) - client-DE0880F50CF2->72f5ceaa-5b3b-4bc7-b846-41895f4ebd48: receive RaftClientReply:client-DE0880F50CF2->72f5ceaa-5b3b-4bc7-b846-41895f4ebd48@group-833AA35A7EDE, cid=3074, SUCCESS, logIndex=4604, commits[72f5ceaa-5b3b-4bc7-b846-41895f4ebd48:c4605, b4e1f7d4-4bb4-47ed-a9cb-53483a899fb2:c4603, d3916bce-b37b-4246-83c6-d24846ba1a72:c4603]
2019-07-08 14:21:36,743 INFO  client.GrpcClientProtocolClient (GrpcClientProtocolClient.java:onNext(255)) - client-DE0880F50CF2->72f5ceaa-5b3b-4bc7-b846-41895f4ebd48: receive RaftClientReply:client-DE0880F50CF2->72f5ceaa-5b3b-4bc7-b846-41895f4ebd48@group-833AA35A7EDE, cid=3075, SUCCESS, logIndex=4605, commits[72f5ceaa-5b3b-4bc7-b846-41895f4ebd48:c4605, b4e1f7d4-4bb4-47ed-a9cb-53483a899fb2:c4603, d3916bce-b37b-4246-83c6-d24846ba1a72:c4603]
2019-07-08 14:21:36,756 INFO  client.GrpcClientProtocolClient (GrpcClientProtocolClient.java:onNext(255)) - client-DE0880F50CF2->72f5ceaa-5b3b-4bc7-b846-41895f4ebd48: receive RaftClientReply:client-DE0880F50CF2->72f5ceaa-5b3b-4bc7-b846-41895f4ebd48@group-833AA35A7EDE, cid=3076, SUCCESS, logIndex=4608, commits[72f5ceaa-5b3b-4bc7-b846-41895f4ebd48:c4609, b4e1f7d4-4bb4-47ed-a9cb-53483a899fb2:c4605, d3916bce-b37b-4246-83c6-d24846ba1a72:c4605]
2019-07-08 14:21:36,756 INFO  client.GrpcClientProtocolClient (GrpcClientProtocolClient.java:onNext(255)) - client-DE0880F50CF2->72f5ceaa-5b3b-4bc7-b846-41895f4ebd48: receive RaftClientReply:client-DE0880F50CF2->72f5ceaa-5b3b-4bc7-b846-41895f4ebd48@group-833AA35A7EDE, cid=3077, SUCCESS, logIndex=4609, commits[72f5ceaa-5b3b-4bc7-b846-41895f4ebd48:c4609, b4e1f7d4-4bb4-47ed-a9cb-53483a899fb2:c4605, d3916bce-b37b-4246-83c6-d24846ba1a72:c4605]
2019-07-08 14:21:36,773 INFO  client.GrpcClientProtocolClient (GrpcClientProtocolClient.java:onNext(255)) - client-DE0880F50CF2->72f5ceaa-5b3b-4bc7-b846-41895f4ebd48: receive RaftClientReply:client-DE0880F50CF2->72f5ceaa-5b3b-4bc7-b846-41895f4ebd48@group-833AA35A7EDE, cid=3078, SUCCESS, logIndex=0, commits[72f5ceaa-5b3b-4bc7-b846-41895f4ebd48:c4611, b4e1f7d4-4bb4-47ed-a9cb-53483a899fb2:c4609, d3916bce-b37b-4246-83c6-d24846ba1a72:c4609]
2019-07-08 14:21:36,804 INFO  client.GrpcClientProtocolClient (GrpcClientProtocolClient.java:onNext(255)) - client-DE0880F50CF2->72f5ceaa-5b3b-4bc7-b846-41895f4ebd48: receive RaftClientReply:client-DE0880F50CF2->72f5ceaa-5b3b-4bc7-b846-41895f4ebd48@group-833AA35A7EDE, cid=3079, SUCCESS, logIndex=4612, commits[72f5ceaa-5b3b-4bc7-b846-41895f4ebd48:c4615, b4e1f7d4-4bb4-47ed-a9cb-53483a899fb2:c4611, d3916bce-b37b-4246-83c6-d24846ba1a72:c4611]
2019-07-08 14:21:36,805 INFO  client.GrpcClientProtocolClient (GrpcClientProtocolClient.java:onNext(255)) - client-DE0880F50CF2->72f5ceaa-5b3b-4bc7-b846-41895f4ebd48: receive RaftClientReply:client-DE0880F50CF2->72f5ceaa-5b3b-4bc7-b846-41895f4ebd48@group-833AA35A7EDE, cid=3080, SUCCESS, logIndex=4613, commits[72f5ceaa-5b3b-4bc7-b846-41895f4ebd48:c4615, b4e1f7d4-4bb4-47ed-a9cb-53483a899fb2:c4611, d3916bce-b37b-4246-83c6-d24846ba1a72:c4611]
2019-07-08 14:21:36,805 INFO  client.GrpcClientProtocolClient (GrpcClientProtocolClient.java:onNext(255)) - client-DE0880F50CF2->72f5ceaa-5b3b-4bc7-b846-41895f4ebd48: receive RaftClientReply:client-DE0880F50CF2->72f5ceaa-5b3b-4bc7-b846-41895f4ebd48@group-833AA35A7EDE, cid=3081, SUCCESS, logIndex=4614, commits[72f5ceaa-5b3b-4bc7-b846-41895f4ebd48:c4615, b4e1f7d4-4bb4-47ed-a9cb-53483a899fb2:c4611, d3916bce-b37b-4246-83c6-d24846ba1a72:c4611]
2019-07-08 14:21:36,805 INFO  client.GrpcClientProtocolClient (GrpcClientProtocolClient.java:onNext(255)) - client-DE0880F50CF2->72f5ceaa-5b3b-4bc7-b846-41895f4ebd48: receive RaftClientReply:client-DE0880F50CF2->72f5ceaa-5b3b-4bc7-b846-41895f4ebd48@group-833AA35A7EDE, cid=3082, SUCCESS, logIndex=4615, commits[72f5ceaa-5b3b-4bc7-b846-41895f4ebd48:c4615, b4e1f7d4-4bb4-47ed-a9cb-53483a899fb2:c4611, d3916bce-b37b-4246-83c6-d24846ba1a72:c4611]
2019-07-08 14:21:36,829 INFO  client.GrpcClientProtocolClient (GrpcClientProtocolClient.java:onNext(255)) - client-DE0880F50CF2->72f5ceaa-5b3b-4bc7-b846-41895f4ebd48: receive RaftClientReply:client-DE0880F50CF2->72f5ceaa-5b3b-4bc7-b846-41895f4ebd48@group-833AA35A7EDE, cid=3083, SUCCESS, logIndex=0, commits[72f5ceaa-5b3b-4bc7-b846-41895f4ebd48:c4617, b4e1f7d4-4bb4-47ed-a9cb-53483a899fb2:c4613, d3916bce-b37b-4246-83c6-d24846ba1a72:c4613]
2019-07-08 14:21:36,850 INFO  client.GrpcClientProtocolClient (GrpcClientProtocolClient.java:onNext(255)) - client-DE0880F50CF2->72f5ceaa-5b3b-4bc7-b846-41895f4ebd48: receive RaftClientReply:client-DE0880F50CF2->72f5ceaa-5b3b-4bc7-b846-41895f4ebd48@group-833AA35A7EDE, cid=3084, SUCCESS, logIndex=4620, commits[72f5ceaa-5b3b-4bc7-b846-41895f4ebd48:c4621, b4e1f7d4-4bb4-47ed-a9cb-53483a899fb2:c4619, d3916bce-b37b-4246-83c6-d24846ba1a72:c4619]
2019-07-08 14:21:36,850 INFO  client.GrpcClientProtocolClient (GrpcClientProtocolClient.java:onNext(255)) - client-DE0880F50CF2->72f5ceaa-5b3b-4bc7-b846-41895f4ebd48: receive RaftClientReply:client-DE0880F50CF2->72f5ceaa-5b3b-4bc7-b846-41895f4ebd48@group-833AA35A7EDE, cid=3085, SUCCESS, logIndex=4621, commits[72f5ceaa-5b3b-4bc7-b846-41895f4ebd48:c4621, b4e1f7d4-4bb4-47ed-a9cb-53483a899fb2:c4619, d3916bce-b37b-4246-83c6-d24846ba1a72:c4619]
2019-07-08 14:21:36,876 INFO  client.GrpcClientProtocolClient (GrpcClientProtocolClient.java:onNext(255)) - client-DE0880F50CF2->72f5ceaa-5b3b-4bc7-b846-41895f4ebd48: receive RaftClientReply:client-DE0880F50CF2->72f5ceaa-5b3b-4bc7-b846-41895f4ebd48@group-833AA35A7EDE, cid=3086, SUCCESS, logIndex=4624, commits[72f5ceaa-5b3b-4bc7-b846-41895f4ebd48:c4625, b4e1f7d4-4bb4-47ed-a9cb-53483a899fb2:c4621, d3916bce-b37b-4246-83c6-d24846ba1a72:c4621]
2019-07-08 14:21:36,877 INFO  client.GrpcClientProtocolClient (GrpcClientProtocolClient.java:onNext(255)) - client-DE0880F50CF2->72f5ceaa-5b3b-4bc7-b846-41895f4ebd48: receive RaftClientReply:client-DE0880F50CF2->72f5ceaa-5b3b-4bc7-b846-41895f4ebd48@group-833AA35A7EDE, cid=3087, SUCCESS, logIndex=4625, commits[72f5ceaa-5b3b-4bc7-b846-41895f4ebd48:c4625, b4e1f7d4-4bb4-47ed-a9cb-53483a899fb2:c4621, d3916bce-b37b-4246-83c6-d24846ba1a72:c4621]
2019-07-08 14:21:36,889 INFO  client.GrpcClientProtocolClient (GrpcClientProtocolClient.java:onNext(255)) - client-DE0880F50CF2->72f5ceaa-5b3b-4bc7-b846-41895f4ebd48: receive RaftClientReply:client-DE0880F50CF2->72f5ceaa-5b3b-4bc7-b846-41895f4ebd48@group-833AA35A7EDE, cid=3088, SUCCESS, logIndex=0, commits[72f5ceaa-5b3b-4bc7-b846-41895f4ebd48:c4626, b4e1f7d4-4bb4-47ed-a9cb-53483a899fb2:c4625, d3916bce-b37b-4246-83c6-d24846ba1a72:c4625]
2019-07-08 14:21:36,918 INFO  client.GrpcClientProtocolClient (GrpcClientProtocolClient.java:onNext(255)) - client-DE0880F50CF2->72f5ceaa-5b3b-4bc7-b846-41895f4ebd48: receive RaftClientReply:client-DE0880F50CF2->72f5ceaa-5b3b-4bc7-b846-41895f4ebd48@group-833AA35A7EDE, cid=3089, SUCCESS, logIndex=4628, commits[72f5ceaa-5b3b-4bc7-b846-41895f4ebd48:c4629, b4e1f7d4-4bb4-47ed-a9cb-53483a899fb2:c4627, d3916bce-b37b-4246-83c6-d24846ba1a72:c4627]
2019-07-08 14:21:36,919 INFO  client.GrpcClientProtocolClient (GrpcClientProtocolClient.java:onNext(255)) - client-DE0880F50CF2->72f5ceaa-5b3b-4bc7-b846-41895f4ebd48: receive RaftClientReply:client-DE0880F50CF2->72f5ceaa-5b3b-4bc7-b846-41895f4ebd48@group-833AA35A7EDE, cid=3090, SUCCESS, logIndex=4629, commits[72f5ceaa-5b3b-4bc7-b846-41895f4ebd48:c4629, b4e1f7d4-4bb4-47ed-a9cb-53483a899fb2:c4627, d3916bce-b37b-4246-83c6-d24846ba1a72:c4627]
2019-07-08 14:21:36,931 INFO  client.GrpcClientProtocolClient (GrpcClientProtocolClient.java:onNext(255)) - client-DE0880F50CF2->72f5ceaa-5b3b-4bc7-b846-41895f4ebd48: receive RaftClientReply:client-DE0880F50CF2->72f5ceaa-5b3b-4bc7-b846-41895f4ebd48@group-833AA35A7EDE, cid=3091, SUCCESS, logIndex=4630, commits[72f5ceaa-5b3b-4bc7-b846-41895f4ebd48:c4631, b4e1f7d4-4bb4-47ed-a9cb-53483a899fb2:c4627, d3916bce-b37b-4246-83c6-d24846ba1a72:c4627]
2019-07-08 14:21:36,931 INFO  client.GrpcClientProtocolClient (GrpcClientProtocolClient.java:onNext(255)) - client-DE0880F50CF2->72f5ceaa-5b3b-4bc7-b846-41895f4ebd48: receive RaftClientReply:client-DE0880F50CF2->72f5ceaa-5b3b-4bc7-b846-41895f4ebd48@group-833AA35A7EDE, cid=3092, SUCCESS, logIndex=4631, commits[72f5ceaa-5b3b-4bc7-b846-41895f4ebd48:c4631, b4e1f7d4-4bb4-47ed-a9cb-53483a899fb2:c4627, d3916bce-b37b-4246-83c6-d24846ba1a72:c4627]
2019-07-08 14:21:36,944 INFO  client.GrpcClientProtocolClient (GrpcClientProtocolClient.java:onNext(255)) - client-DE0880F50CF2->72f5ceaa-5b3b-4bc7-b846-41895f4ebd48: receive RaftClientReply:client-DE0880F50CF2->72f5ceaa-5b3b-4bc7-b846-41895f4ebd48@group-833AA35A7EDE, cid=3093, SUCCESS, logIndex=0, commits[72f5ceaa-5b3b-4bc7-b846-41895f4ebd48:c4633, b4e1f7d4-4bb4-47ed-a9cb-53483a899fb2:c4629, d3916bce-b37b-4246-83c6-d24846ba1a72:c4629]
2019-07-08 14:21:36,956 INFO  client.GrpcClientProtocolClient (GrpcClientProtocolClient.java:onNext(255)) - client-DE0880F50CF2->72f5ceaa-5b3b-4bc7-b846-41895f4ebd48: receive RaftClientReply:client-DE0880F50CF2->72f5ceaa-5b3b-4bc7-b846-41895f4ebd48@group-833AA35A7EDE, cid=3094, SUCCESS, logIndex=4636, commits[72f5ceaa-5b3b-4bc7-b846-41895f4ebd48:c4637, b4e1f7d4-4bb4-47ed-a9cb-53483a899fb2:c4635, d3916bce-b37b-4246-83c6-d24846ba1a72:c4635]
2019-07-08 14:21:36,957 INFO  client.GrpcClientProtocolClient (GrpcClientProtocolClient.java:onNext(255)) - client-DE0880F50CF2->72f5ceaa-5b3b-4bc7-b846-41895f4ebd48: receive RaftClientReply:client-DE0880F50CF2->72f5ceaa-5b3b-4bc7-b846-41895f4ebd48@group-833AA35A7EDE, cid=3095, SUCCESS, logIndex=4637, commits[72f5ceaa-5b3b-4bc7-b846-41895f4ebd48:c4637, b4e1f7d4-4bb4-47ed-a9cb-53483a899fb2:c4635, d3916bce-b37b-4246-83c6-d24846ba1a72:c4635]
2019-07-08 14:21:36,969 INFO  client.GrpcClientProtocolClient (GrpcClientProtocolClient.java:onNext(255)) - client-DE0880F50CF2->72f5ceaa-5b3b-4bc7-b846-41895f4ebd48: receive RaftClientReply:client-DE0880F50CF2->72f5ceaa-5b3b-4bc7-b846-41895f4ebd48@group-833AA35A7EDE, cid=3096, SUCCESS, logIndex=4640, commits[72f5ceaa-5b3b-4bc7-b846-41895f4ebd48:c4641, b4e1f7d4-4bb4-47ed-a9cb-53483a899fb2:c4637, d3916bce-b37b-4246-83c6-d24846ba1a72:c4639]
2019-07-08 14:21:36,970 INFO  client.GrpcClientProtocolClient (GrpcClientProtocolClient.java:onNext(255)) - client-DE0880F50CF2->72f5ceaa-5b3b-4bc7-b846-41895f4ebd48: receive RaftClientReply:client-DE0880F50CF2->72f5ceaa-5b3b-4bc7-b846-41895f4ebd48@group-833AA35A7EDE, cid=3097, SUCCESS, logIndex=4641, commits[72f5ceaa-5b3b-4bc7-b846-41895f4ebd48:c4641, b4e1f7d4-4bb4-47ed-a9cb-53483a899fb2:c4639, d3916bce-b37b-4246-83c6-d24846ba1a72:c4639]
2019-07-08 14:21:36,975 INFO  client.GrpcClientProtocolClient (GrpcClientProtocolClient.java:onNext(255)) - client-DE0880F50CF2->72f5ceaa-5b3b-4bc7-b846-41895f4ebd48: receive RaftClientReply:client-DE0880F50CF2->72f5ceaa-5b3b-4bc7-b846-41895f4ebd48@group-833AA35A7EDE, cid=3098, SUCCESS, logIndex=0, commits[72f5ceaa-5b3b-4bc7-b846-41895f4ebd48:c4642, b4e1f7d4-4bb4-47ed-a9cb-53483a899fb2:c4641, d3916bce-b37b-4246-83c6-d24846ba1a72:c4641]
 0.00% |█                                                                                                    |  0/1 Time: 0:00:312019-07-08 14:21:37,012 INFO  client.GrpcClientProtocolClient (GrpcClientProtocolClient.java:onNext(255)) - client-DE0880F50CF2->72f5ceaa-5b3b-4bc7-b846-41895f4ebd48: receive RaftClientReply:client-DE0880F50CF2->72f5ceaa-5b3b-4bc7-b846-41895f4ebd48@group-833AA35A7EDE, cid=3099, SUCCESS, logIndex=4644, commits[72f5ceaa-5b3b-4bc7-b846-41895f4ebd48:c4646, b4e1f7d4-4bb4-47ed-a9cb-53483a899fb2:c4643, d3916bce-b37b-4246-83c6-d24846ba1a72:c4643]
2019-07-08 14:21:37,012 INFO  client.GrpcClientProtocolClient (GrpcClientProtocolClient.java:onNext(255)) - client-DE0880F50CF2->72f5ceaa-5b3b-4bc7-b846-41895f4ebd48: receive RaftClientReply:client-DE0880F50CF2->72f5ceaa-5b3b-4bc7-b846-41895f4ebd48@group-833AA35A7EDE, cid=3100, SUCCESS, logIndex=4645, commits[72f5ceaa-5b3b-4bc7-b846-41895f4ebd48:c4647, b4e1f7d4-4bb4-47ed-a9cb-53483a899fb2:c4643, d3916bce-b37b-4246-83c6-d24846ba1a72:c4643]
2019-07-08 14:21:37,013 INFO  client.GrpcClientProtocolClient (GrpcClientProtocolClient.java:onNext(255)) - client-DE0880F50CF2->72f5ceaa-5b3b-4bc7-b846-41895f4ebd48: receive RaftClientReply:client-DE0880F50CF2->72f5ceaa-5b3b-4bc7-b846-41895f4ebd48@group-833AA35A7EDE, cid=3101, SUCCESS, logIndex=4646, commits[72f5ceaa-5b3b-4bc7-b846-41895f4ebd48:c4647, b4e1f7d4-4bb4-47ed-a9cb-53483a899fb2:c4643, d3916bce-b37b-4246-83c6-d24846ba1a72:c4643]
2019-07-08 14:21:37,013 INFO  client.GrpcClientProtocolClient (GrpcClientProtocolClient.java:onNext(255)) - client-DE0880F50CF2->72f5ceaa-5b3b-4bc7-b846-41895f4ebd48: receive RaftClientReply:client-DE0880F50CF2->72f5ceaa-5b3b-4bc7-b846-41895f4ebd48@group-833AA35A7EDE, cid=3102, SUCCESS, logIndex=4647, commits[72f5ceaa-5b3b-4bc7-b846-41895f4ebd48:c4647, b4e1f7d4-4bb4-47ed-a9cb-53483a899fb2:c4643, d3916bce-b37b-4246-83c6-d24846ba1a72:c4643]
2019-07-08 14:21:37,036 INFO  client.GrpcClientProtocolClient (GrpcClientProtocolClient.java:onNext(255)) - client-DE0880F50CF2->72f5ceaa-5b3b-4bc7-b846-41895f4ebd48: receive RaftClientReply:client-DE0880F50CF2->72f5ceaa-5b3b-4bc7-b846-41895f4ebd48@group-833AA35A7EDE, cid=3103, SUCCESS, logIndex=0, commits[72f5ceaa-5b3b-4bc7-b846-41895f4ebd48:c4649, b4e1f7d4-4bb4-47ed-a9cb-53483a899fb2:c4645, d3916bce-b37b-4246-83c6-d24846ba1a72:c4645]
2019-07-08 14:21:37,059 INFO  client.GrpcClientProtocolClient (GrpcClientProtocolClient.java:onNext(255)) - client-DE0880F50CF2->72f5ceaa-5b3b-4bc7-b846-41895f4ebd48: receive RaftClientReply:client-DE0880F50CF2->72f5ceaa-5b3b-4bc7-b846-41895f4ebd48@group-833AA35A7EDE, cid=3104, SUCCESS, logIndex=4652, commits[72f5ceaa-5b3b-4bc7-b846-41895f4ebd48:c4652, b4e1f7d4-4bb4-47ed-a9cb-53483a899fb2:c4651, d3916bce-b37b-4246-83c6-d24846ba1a72:c4651]
2019-07-08 14:21:37,060 INFO  client.GrpcClientProtocolClient (GrpcClientProtocolClient.java:onNext(255)) - client-DE0880F50CF2->72f5ceaa-5b3b-4bc7-b846-41895f4ebd48: receive RaftClientReply:client-DE0880F50CF2->72f5ceaa-5b3b-4bc7-b846-41895f4ebd48@group-833AA35A7EDE, cid=3105, SUCCESS, logIndex=4653, commits[72f5ceaa-5b3b-4bc7-b846-41895f4ebd48:c4653, b4e1f7d4-4bb4-47ed-a9cb-53483a899fb2:c4651, d3916bce-b37b-4246-83c6-d24846ba1a72:c4651]
2019-07-08 14:21:37,086 INFO  client.GrpcClientProtocolClient (GrpcClientProtocolClient.java:onNext(255)) - client-DE0880F50CF2->72f5ceaa-5b3b-4bc7-b846-41895f4ebd48: receive RaftClientReply:client-DE0880F50CF2->72f5ceaa-5b3b-4bc7-b846-41895f4ebd48@group-833AA35A7EDE, cid=3106, SUCCESS, logIndex=4656, commits[72f5ceaa-5b3b-4bc7-b846-41895f4ebd48:c4656, b4e1f7d4-4bb4-47ed-a9cb-53483a899fb2:c4653, d3916bce-b37b-4246-83c6-d24846ba1a72:c4653]
2019-07-08 14:21:37,086 INFO  client.GrpcClientProtocolClient (GrpcClientProtocolClient.java:onNext(255)) - client-DE0880F50CF2->72f5ceaa-5b3b-4bc7-b846-41895f4ebd48: receive RaftClientReply:client-DE0880F50CF2->72f5ceaa-5b3b-4bc7-b846-41895f4ebd48@group-833AA35A7EDE, cid=3107, SUCCESS, logIndex=4657, commits[72f5ceaa-5b3b-4bc7-b846-41895f4ebd48:c4657, b4e1f7d4-4bb4-47ed-a9cb-53483a899fb2:c4653, d3916bce-b37b-4246-83c6-d24846ba1a72:c4653]
2019-07-08 14:21:37,112 INFO  client.GrpcClientProtocolClient (GrpcClientProtocolClient.java:onNext(255)) - client-DE0880F50CF2->72f5ceaa-5b3b-4bc7-b846-41895f4ebd48: receive RaftClientReply:client-DE0880F50CF2->72f5ceaa-5b3b-4bc7-b846-41895f4ebd48@group-833AA35A7EDE, cid=3108, SUCCESS, logIndex=0, commits[72f5ceaa-5b3b-4bc7-b846-41895f4ebd48:c4659, b4e1f7d4-4bb4-47ed-a9cb-53483a899fb2:c4657, d3916bce-b37b-4246-83c6-d24846ba1a72:c4657]
2019-07-08 14:21:37,144 INFO  client.GrpcClientProtocolClient (GrpcClientProtocolClient.java:onNext(255)) - client-DE0880F50CF2->72f5ceaa-5b3b-4bc7-b846-41895f4ebd48: receive RaftClientReply:client-DE0880F50CF2->72f5ceaa-5b3b-4bc7-b846-41895f4ebd48@group-833AA35A7EDE, cid=3109, SUCCESS, logIndex=4660, commits[72f5ceaa-5b3b-4bc7-b846-41895f4ebd48:c4661, b4e1f7d4-4bb4-47ed-a9cb-53483a899fb2:c4659, d3916bce-b37b-4246-83c6-d24846ba1a72:c4659]
2019-07-08 14:21:37,144 INFO  client.GrpcClientProtocolClient (GrpcClientProtocolClient.java:onNext(255)) - client-DE0880F50CF2->72f5ceaa-5b3b-4bc7-b846-41895f4ebd48: receive RaftClientReply:client-DE0880F50CF2->72f5ceaa-5b3b-4bc7-b846-41895f4ebd48@group-833AA35A7EDE, cid=3110, SUCCESS, logIndex=4661, commits[72f5ceaa-5b3b-4bc7-b846-41895f4ebd48:c4661, b4e1f7d4-4bb4-47ed-a9cb-53483a899fb2:c4659, d3916bce-b37b-4246-83c6-d24846ba1a72:c4659]
2019-07-08 14:21:37,154 INFO  client.GrpcClientProtocolClient (GrpcClientProtocolClient.java:onNext(255)) - client-DE0880F50CF2->72f5ceaa-5b3b-4bc7-b846-41895f4ebd48: receive RaftClientReply:client-DE0880F50CF2->72f5ceaa-5b3b-4bc7-b846-41895f4ebd48@group-833AA35A7EDE, cid=3111, SUCCESS, logIndex=4662, commits[72f5ceaa-5b3b-4bc7-b846-41895f4ebd48:c4663, b4e1f7d4-4bb4-47ed-a9cb-53483a899fb2:c4659, d3916bce-b37b-4246-83c6-d24846ba1a72:c4659]
2019-07-08 14:21:37,154 INFO  client.GrpcClientProtocolClient (GrpcClientProtocolClient.java:onNext(255)) - client-DE0880F50CF2->72f5ceaa-5b3b-4bc7-b846-41895f4ebd48: receive RaftClientReply:client-DE0880F50CF2->72f5ceaa-5b3b-4bc7-b846-41895f4ebd48@group-833AA35A7EDE, cid=3112, SUCCESS, logIndex=4663, commits[72f5ceaa-5b3b-4bc7-b846-41895f4ebd48:c4663, b4e1f7d4-4bb4-47ed-a9cb-53483a899fb2:c4659, d3916bce-b37b-4246-83c6-d24846ba1a72:c4659]
2019-07-08 14:21:37,176 INFO  client.GrpcClientProtocolClient (GrpcClientProtocolClient.java:onNext(255)) - client-DE0880F50CF2->72f5ceaa-5b3b-4bc7-b846-41895f4ebd48: receive RaftClientReply:client-DE0880F50CF2->72f5ceaa-5b3b-4bc7-b846-41895f4ebd48@group-833AA35A7EDE, cid=3113, SUCCESS, logIndex=0, commits[72f5ceaa-5b3b-4bc7-b846-41895f4ebd48:c4665, b4e1f7d4-4bb4-47ed-a9cb-53483a899fb2:c4661, d3916bce-b37b-4246-83c6-d24846ba1a72:c4661]
2019-07-08 14:21:37,190 INFO  client.GrpcClientProtocolClient (GrpcClientProtocolClient.java:onNext(255)) - client-DE0880F50CF2->72f5ceaa-5b3b-4bc7-b846-41895f4ebd48: receive RaftClientReply:client-DE0880F50CF2->72f5ceaa-5b3b-4bc7-b846-41895f4ebd48@group-833AA35A7EDE, cid=3114, SUCCESS, logIndex=4668, commits[72f5ceaa-5b3b-4bc7-b846-41895f4ebd48:c4669, b4e1f7d4-4bb4-47ed-a9cb-53483a899fb2:c4667, d3916bce-b37b-4246-83c6-d24846ba1a72:c4661]
2019-07-08 14:21:37,190 INFO  client.GrpcClientProtocolClient (GrpcClientProtocolClient.java:onNext(255)) - client-DE0880F50CF2->72f5ceaa-5b3b-4bc7-b846-41895f4ebd48: receive RaftClientReply:client-DE0880F50CF2->72f5ceaa-5b3b-4bc7-b846-41895f4ebd48@group-833AA35A7EDE, cid=3115, SUCCESS, logIndex=4669, commits[72f5ceaa-5b3b-4bc7-b846-41895f4ebd48:c4669, b4e1f7d4-4bb4-47ed-a9cb-53483a899fb2:c4667, d3916bce-b37b-4246-83c6-d24846ba1a72:c4667]
2019-07-08 14:21:37,306 INFO  client.GrpcClientProtocolClient (GrpcClientProtocolClient.java:onNext(255)) - client-DE0880F50CF2->72f5ceaa-5b3b-4bc7-b846-41895f4ebd48: receive RaftClientReply:client-DE0880F50CF2->72f5ceaa-5b3b-4bc7-b846-41895f4ebd48@group-833AA35A7EDE, cid=3116, SUCCESS, logIndex=4672, commits[72f5ceaa-5b3b-4bc7-b846-41895f4ebd48:c4673, b4e1f7d4-4bb4-47ed-a9cb-53483a899fb2:c4671, d3916bce-b37b-4246-83c6-d24846ba1a72:c4671]
2019-07-08 14:21:37,307 INFO  client.GrpcClientProtocolClient (GrpcClientProtocolClient.java:onNext(255)) - client-DE0880F50CF2->72f5ceaa-5b3b-4bc7-b846-41895f4ebd48: receive RaftClientReply:client-DE0880F50CF2->72f5ceaa-5b3b-4bc7-b846-41895f4ebd48@group-833AA35A7EDE, cid=3117, SUCCESS, logIndex=4673, commits[72f5ceaa-5b3b-4bc7-b846-41895f4ebd48:c4673, b4e1f7d4-4bb4-47ed-a9cb-53483a899fb2:c4671, d3916bce-b37b-4246-83c6-d24846ba1a72:c4671]
2019-07-08 14:21:37,331 INFO  client.GrpcClientProtocolClient (GrpcClientProtocolClient.java:onNext(255)) - client-DE0880F50CF2->72f5ceaa-5b3b-4bc7-b846-41895f4ebd48: receive RaftClientReply:client-DE0880F50CF2->72f5ceaa-5b3b-4bc7-b846-41895f4ebd48@group-833AA35A7EDE, cid=3118, SUCCESS, logIndex=0, commits[72f5ceaa-5b3b-4bc7-b846-41895f4ebd48:c4675, b4e1f7d4-4bb4-47ed-a9cb-53483a899fb2:c4673, d3916bce-b37b-4246-83c6-d24846ba1a72:c4673]
2019-07-08 14:21:37,381 INFO  client.GrpcClientProtocolClient (GrpcClientProtocolClient.java:onNext(255)) - client-DE0880F50CF2->72f5ceaa-5b3b-4bc7-b846-41895f4ebd48: receive RaftClientReply:client-DE0880F50CF2->72f5ceaa-5b3b-4bc7-b846-41895f4ebd48@group-833AA35A7EDE, cid=3119, SUCCESS, logIndex=4676, commits[72f5ceaa-5b3b-4bc7-b846-41895f4ebd48:c4677, b4e1f7d4-4bb4-47ed-a9cb-53483a899fb2:c4675, d3916bce-b37b-4246-83c6-d24846ba1a72:c4675]
2019-07-08 14:21:37,382 INFO  client.GrpcClientProtocolClient (GrpcClientProtocolClient.java:onNext(255)) - client-DE0880F50CF2->72f5ceaa-5b3b-4bc7-b846-41895f4ebd48: receive RaftClientReply:client-DE0880F50CF2->72f5ceaa-5b3b-4bc7-b846-41895f4ebd48@group-833AA35A7EDE, cid=3120, SUCCESS, logIndex=4677, commits[72f5ceaa-5b3b-4bc7-b846-41895f4ebd48:c4677, b4e1f7d4-4bb4-47ed-a9cb-53483a899fb2:c4675, d3916bce-b37b-4246-83c6-d24846ba1a72:c4675]
2019-07-08 14:21:37,391 INFO  client.GrpcClientProtocolClient (GrpcClientProtocolClient.java:onNext(255)) - client-DE0880F50CF2->72f5ceaa-5b3b-4bc7-b846-41895f4ebd48: receive RaftClientReply:client-DE0880F50CF2->72f5ceaa-5b3b-4bc7-b846-41895f4ebd48@group-833AA35A7EDE, cid=3121, SUCCESS, logIndex=4678, commits[72f5ceaa-5b3b-4bc7-b846-41895f4ebd48:c4679, b4e1f7d4-4bb4-47ed-a9cb-53483a899fb2:c4675, d3916bce-b37b-4246-83c6-d24846ba1a72:c4675]
2019-07-08 14:21:37,391 INFO  client.GrpcClientProtocolClient (GrpcClientProtocolClient.java:onNext(255)) - client-DE0880F50CF2->72f5ceaa-5b3b-4bc7-b846-41895f4ebd48: receive RaftClientReply:client-DE0880F50CF2->72f5ceaa-5b3b-4bc7-b846-41895f4ebd48@group-833AA35A7EDE, cid=3122, SUCCESS, logIndex=4679, commits[72f5ceaa-5b3b-4bc7-b846-41895f4ebd48:c4679, b4e1f7d4-4bb4-47ed-a9cb-53483a899fb2:c4675, d3916bce-b37b-4246-83c6-d24846ba1a72:c4675]
2019-07-08 14:21:37,406 INFO  client.GrpcClientProtocolClient (GrpcClientProtocolClient.java:onNext(255)) - client-DE0880F50CF2->72f5ceaa-5b3b-4bc7-b846-41895f4ebd48: receive RaftClientReply:client-DE0880F50CF2->72f5ceaa-5b3b-4bc7-b846-41895f4ebd48@group-833AA35A7EDE, cid=3123, SUCCESS, logIndex=0, commits[72f5ceaa-5b3b-4bc7-b846-41895f4ebd48:c4681, b4e1f7d4-4bb4-47ed-a9cb-53483a899fb2:c4677, d3916bce-b37b-4246-83c6-d24846ba1a72:c4677]
2019-07-08 14:21:37,430 INFO  client.GrpcClientProtocolClient (GrpcClientProtocolClient.java:onNext(255)) - client-DE0880F50CF2->72f5ceaa-5b3b-4bc7-b846-41895f4ebd48: receive RaftClientReply:client-DE0880F50CF2->72f5ceaa-5b3b-4bc7-b846-41895f4ebd48@group-833AA35A7EDE, cid=3124, SUCCESS, logIndex=4683, commits[72f5ceaa-5b3b-4bc7-b846-41895f4ebd48:c4684, b4e1f7d4-4bb4-47ed-a9cb-53483a899fb2:c4681, d3916bce-b37b-4246-83c6-d24846ba1a72:c4681]
2019-07-08 14:21:37,430 INFO  client.GrpcClientProtocolClient (GrpcClientProtocolClient.java:onNext(255)) - client-DE0880F50CF2->72f5ceaa-5b3b-4bc7-b846-41895f4ebd48: receive RaftClientReply:client-DE0880F50CF2->72f5ceaa-5b3b-4bc7-b846-41895f4ebd48@group-833AA35A7EDE, cid=3125, SUCCESS, logIndex=4684, commits[72f5ceaa-5b3b-4bc7-b846-41895f4ebd48:c4684, b4e1f7d4-4bb4-47ed-a9cb-53483a899fb2:c4681, d3916bce-b37b-4246-83c6-d24846ba1a72:c4681]
2019-07-08 14:21:37,447 INFO  client.GrpcClientProtocolClient (GrpcClientProtocolClient.java:onNext(255)) - client-DE0880F50CF2->72f5ceaa-5b3b-4bc7-b846-41895f4ebd48: receive RaftClientReply:client-DE0880F50CF2->72f5ceaa-5b3b-4bc7-b846-41895f4ebd48@group-833AA35A7EDE, cid=3126, SUCCESS, logIndex=4687, commits[72f5ceaa-5b3b-4bc7-b846-41895f4ebd48:c4688, b4e1f7d4-4bb4-47ed-a9cb-53483a899fb2:c4684, d3916bce-b37b-4246-83c6-d24846ba1a72:c4686]
2019-07-08 14:21:37,448 INFO  client.GrpcClientProtocolClient (GrpcClientProtocolClient.java:onNext(255)) - client-DE0880F50CF2->72f5ceaa-5b3b-4bc7-b846-41895f4ebd48: receive RaftClientReply:client-DE0880F50CF2->72f5ceaa-5b3b-4bc7-b846-41895f4ebd48@group-833AA35A7EDE, cid=3127, SUCCESS, logIndex=4688, commits[72f5ceaa-5b3b-4bc7-b846-41895f4ebd48:c4688, b4e1f7d4-4bb4-47ed-a9cb-53483a899fb2:c4684, d3916bce-b37b-4246-83c6-d24846ba1a72:c4686]
2019-07-08 14:21:37,461 INFO  client.GrpcClientProtocolClient (GrpcClientProtocolClient.java:onNext(255)) - client-DE0880F50CF2->72f5ceaa-5b3b-4bc7-b846-41895f4ebd48: receive RaftClientReply:client-DE0880F50CF2->72f5ceaa-5b3b-4bc7-b846-41895f4ebd48@group-833AA35A7EDE, cid=3128, SUCCESS, logIndex=0, commits[72f5ceaa-5b3b-4bc7-b846-41895f4ebd48:c4690, b4e1f7d4-4bb4-47ed-a9cb-53483a899fb2:c4688, d3916bce-b37b-4246-83c6-d24846ba1a72:c4688]
2019-07-08 14:21:37,487 INFO  client.GrpcClientProtocolClient (GrpcClientProtocolClient.java:onNext(255)) - client-DE0880F50CF2->72f5ceaa-5b3b-4bc7-b846-41895f4ebd48: receive RaftClientReply:client-DE0880F50CF2->72f5ceaa-5b3b-4bc7-b846-41895f4ebd48@group-833AA35A7EDE, cid=3129, SUCCESS, logIndex=4691, commits[72f5ceaa-5b3b-4bc7-b846-41895f4ebd48:c4692, b4e1f7d4-4bb4-47ed-a9cb-53483a899fb2:c4688, d3916bce-b37b-4246-83c6-d24846ba1a72:c4690]
2019-07-08 14:21:37,488 INFO  client.GrpcClientProtocolClient (GrpcClientProtocolClient.java:onNext(255)) - client-DE0880F50CF2->72f5ceaa-5b3b-4bc7-b846-41895f4ebd48: receive RaftClientReply:client-DE0880F50CF2->72f5ceaa-5b3b-4bc7-b846-41895f4ebd48@group-833AA35A7EDE, cid=3130, SUCCESS, logIndex=4692, commits[72f5ceaa-5b3b-4bc7-b846-41895f4ebd48:c4692, b4e1f7d4-4bb4-47ed-a9cb-53483a899fb2:c4688, d3916bce-b37b-4246-83c6-d24846ba1a72:c4690]
2019-07-08 14:21:37,491 INFO  client.GrpcClientProtocolClient (GrpcClientProtocolClient.java:onNext(255)) - client-DE0880F50CF2->72f5ceaa-5b3b-4bc7-b846-41895f4ebd48: receive RaftClientReply:client-DE0880F50CF2->72f5ceaa-5b3b-4bc7-b846-41895f4ebd48@group-833AA35A7EDE, cid=3131, SUCCESS, logIndex=4693, commits[72f5ceaa-5b3b-4bc7-b846-41895f4ebd48:c4694, b4e1f7d4-4bb4-47ed-a9cb-53483a899fb2:c4690, d3916bce-b37b-4246-83c6-d24846ba1a72:c4692]
2019-07-08 14:21:37,492 INFO  client.GrpcClientProtocolClient (GrpcClientProtocolClient.java:onNext(255)) - client-DE0880F50CF2->72f5ceaa-5b3b-4bc7-b846-41895f4ebd48: receive RaftClientReply:client-DE0880F50CF2->72f5ceaa-5b3b-4bc7-b846-41895f4ebd48@group-833AA35A7EDE, cid=3132, SUCCESS, logIndex=4694, commits[72f5ceaa-5b3b-4bc7-b846-41895f4ebd48:c4694, b4e1f7d4-4bb4-47ed-a9cb-53483a899fb2:c4690, d3916bce-b37b-4246-83c6-d24846ba1a72:c4692]
2019-07-08 14:21:37,493 INFO  client.GrpcClientProtocolClient (GrpcClientProtocolClient.java:onNext(255)) - client-DE0880F50CF2->72f5ceaa-5b3b-4bc7-b846-41895f4ebd48: receive RaftClientReply:client-DE0880F50CF2->72f5ceaa-5b3b-4bc7-b846-41895f4ebd48@group-833AA35A7EDE, cid=3133, SUCCESS, logIndex=0, commits[72f5ceaa-5b3b-4bc7-b846-41895f4ebd48:c4696, b4e1f7d4-4bb4-47ed-a9cb-53483a899fb2:c4692, d3916bce-b37b-4246-83c6-d24846ba1a72:c4692]
2019-07-08 14:21:37,505 INFO  client.GrpcClientProtocolClient (GrpcClientProtocolClient.java:onNext(255)) - client-DE0880F50CF2->72f5ceaa-5b3b-4bc7-b846-41895f4ebd48: receive RaftClientReply:client-DE0880F50CF2->72f5ceaa-5b3b-4bc7-b846-41895f4ebd48@group-833AA35A7EDE, cid=3134, SUCCESS, logIndex=4699, commits[72f5ceaa-5b3b-4bc7-b846-41895f4ebd48:c4700, b4e1f7d4-4bb4-47ed-a9cb-53483a899fb2:c4698, d3916bce-b37b-4246-83c6-d24846ba1a72:c4698]
2019-07-08 14:21:37,506 INFO  client.GrpcClientProtocolClient (GrpcClientProtocolClient.java:onNext(255)) - client-DE0880F50CF2->72f5ceaa-5b3b-4bc7-b846-41895f4ebd48: receive RaftClientReply:client-DE0880F50CF2->72f5ceaa-5b3b-4bc7-b846-41895f4ebd48@group-833AA35A7EDE, cid=3135, SUCCESS, logIndex=4700, commits[72f5ceaa-5b3b-4bc7-b846-41895f4ebd48:c4700, b4e1f7d4-4bb4-47ed-a9cb-53483a899fb2:c4698, d3916bce-b37b-4246-83c6-d24846ba1a72:c4698]
2019-07-08 14:21:37,547 INFO  client.GrpcClientProtocolClient (GrpcClientProtocolClient.java:onNext(255)) - client-DE0880F50CF2->72f5ceaa-5b3b-4bc7-b846-41895f4ebd48: receive RaftClientReply:client-DE0880F50CF2->72f5ceaa-5b3b-4bc7-b846-41895f4ebd48@group-833AA35A7EDE, cid=3136, SUCCESS, logIndex=4703, commits[72f5ceaa-5b3b-4bc7-b846-41895f4ebd48:c4704, b4e1f7d4-4bb4-47ed-a9cb-53483a899fb2:c4702, d3916bce-b37b-4246-83c6-d24846ba1a72:c4702]
2019-07-08 14:21:37,548 INFO  client.GrpcClientProtocolClient (GrpcClientProtocolClient.java:onNext(255)) - client-DE0880F50CF2->72f5ceaa-5b3b-4bc7-b846-41895f4ebd48: receive RaftClientReply:client-DE0880F50CF2->72f5ceaa-5b3b-4bc7-b846-41895f4ebd48@group-833AA35A7EDE, cid=3137, SUCCESS, logIndex=4704, commits[72f5ceaa-5b3b-4bc7-b846-41895f4ebd48:c4704, b4e1f7d4-4bb4-47ed-a9cb-53483a899fb2:c4702, d3916bce-b37b-4246-83c6-d24846ba1a72:c4702]
2019-07-08 14:21:37,559 INFO  client.GrpcClientProtocolClient (GrpcClientProtocolClient.java:onNext(255)) - client-DE0880F50CF2->72f5ceaa-5b3b-4bc7-b846-41895f4ebd48: receive RaftClientReply:client-DE0880F50CF2->72f5ceaa-5b3b-4bc7-b846-41895f4ebd48@group-833AA35A7EDE, cid=3138, SUCCESS, logIndex=0, commits[72f5ceaa-5b3b-4bc7-b846-41895f4ebd48:c4705, b4e1f7d4-4bb4-47ed-a9cb-53483a899fb2:c4704, d3916bce-b37b-4246-83c6-d24846ba1a72:c4704]
2019-07-08 14:21:37,588 INFO  client.GrpcClientProtocolClient (GrpcClientProtocolClient.java:onNext(255)) - client-DE0880F50CF2->72f5ceaa-5b3b-4bc7-b846-41895f4ebd48: receive RaftClientReply:client-DE0880F50CF2->72f5ceaa-5b3b-4bc7-b846-41895f4ebd48@group-833AA35A7EDE, cid=3139, SUCCESS, logIndex=4707, commits[72f5ceaa-5b3b-4bc7-b846-41895f4ebd48:c4709, b4e1f7d4-4bb4-47ed-a9cb-53483a899fb2:c4706, d3916bce-b37b-4246-83c6-d24846ba1a72:c4706]
2019-07-08 14:21:37,588 INFO  client.GrpcClientProtocolClient (GrpcClientProtocolClient.java:onNext(255)) - client-DE0880F50CF2->72f5ceaa-5b3b-4bc7-b846-41895f4ebd48: receive RaftClientReply:client-DE0880F50CF2->72f5ceaa-5b3b-4bc7-b846-41895f4ebd48@group-833AA35A7EDE, cid=3140, SUCCESS, logIndex=4708, commits[72f5ceaa-5b3b-4bc7-b846-41895f4ebd48:c4710, b4e1f7d4-4bb4-47ed-a9cb-53483a899fb2:c4706, d3916bce-b37b-4246-83c6-d24846ba1a72:c4706]
2019-07-08 14:21:37,589 INFO  client.GrpcClientProtocolClient (GrpcClientProtocolClient.java:onNext(255)) - client-DE0880F50CF2->72f5ceaa-5b3b-4bc7-b846-41895f4ebd48: receive RaftClientReply:client-DE0880F50CF2->72f5ceaa-5b3b-4bc7-b846-41895f4ebd48@group-833AA35A7EDE, cid=3141, SUCCESS, logIndex=4709, commits[72f5ceaa-5b3b-4bc7-b846-41895f4ebd48:c4710, b4e1f7d4-4bb4-47ed-a9cb-53483a899fb2:c4706, d3916bce-b37b-4246-83c6-d24846ba1a72:c4706]
2019-07-08 14:21:37,589 INFO  client.GrpcClientProtocolClient (GrpcClientProtocolClient.java:onNext(255)) - client-DE0880F50CF2->72f5ceaa-5b3b-4bc7-b846-41895f4ebd48: receive RaftClientReply:client-DE0880F50CF2->72f5ceaa-5b3b-4bc7-b846-41895f4ebd48@group-833AA35A7EDE, cid=3142, SUCCESS, logIndex=4710, commits[72f5ceaa-5b3b-4bc7-b846-41895f4ebd48:c4710, b4e1f7d4-4bb4-47ed-a9cb-53483a899fb2:c4706, d3916bce-b37b-4246-83c6-d24846ba1a72:c4706]
2019-07-08 14:21:37,603 INFO  client.GrpcClientProtocolClient (GrpcClientProtocolClient.java:onNext(255)) - client-DE0880F50CF2->72f5ceaa-5b3b-4bc7-b846-41895f4ebd48: receive RaftClientReply:client-DE0880F50CF2->72f5ceaa-5b3b-4bc7-b846-41895f4ebd48@group-833AA35A7EDE, cid=3143, SUCCESS, logIndex=0, commits[72f5ceaa-5b3b-4bc7-b846-41895f4ebd48:c4713, b4e1f7d4-4bb4-47ed-a9cb-53483a899fb2:c4708, d3916bce-b37b-4246-83c6-d24846ba1a72:c4709]
2019-07-08 14:21:37,622 INFO  client.GrpcClientProtocolClient (GrpcClientProtocolClient.java:onNext(255)) - client-DE0880F50CF2->72f5ceaa-5b3b-4bc7-b846-41895f4ebd48: receive RaftClientReply:client-DE0880F50CF2->72f5ceaa-5b3b-4bc7-b846-41895f4ebd48@group-833AA35A7EDE, cid=3144, SUCCESS, logIndex=4715, commits[72f5ceaa-5b3b-4bc7-b846-41895f4ebd48:c4716, b4e1f7d4-4bb4-47ed-a9cb-53483a899fb2:c4714, d3916bce-b37b-4246-83c6-d24846ba1a72:c4714]
2019-07-08 14:21:37,622 INFO  client.GrpcClientProtocolClient (GrpcClientProtocolClient.java:onNext(255)) - client-DE0880F50CF2->72f5ceaa-5b3b-4bc7-b846-41895f4ebd48: receive RaftClientReply:client-DE0880F50CF2->72f5ceaa-5b3b-4bc7-b846-41895f4ebd48@group-833AA35A7EDE, cid=3145, SUCCESS, logIndex=4716, commits[72f5ceaa-5b3b-4bc7-b846-41895f4ebd48:c4716, b4e1f7d4-4bb4-47ed-a9cb-53483a899fb2:c4714, d3916bce-b37b-4246-83c6-d24846ba1a72:c4714]
2019-07-08 14:21:37,649 INFO  client.GrpcClientProtocolClient (GrpcClientProtocolClient.java:onNext(255)) - client-DE0880F50CF2->72f5ceaa-5b3b-4bc7-b846-41895f4ebd48: receive RaftClientReply:client-DE0880F50CF2->72f5ceaa-5b3b-4bc7-b846-41895f4ebd48@group-833AA35A7EDE, cid=3146, SUCCESS, logIndex=4719, commits[72f5ceaa-5b3b-4bc7-b846-41895f4ebd48:c4720, b4e1f7d4-4bb4-47ed-a9cb-53483a899fb2:c4716, d3916bce-b37b-4246-83c6-d24846ba1a72:c4716]
2019-07-08 14:21:37,650 INFO  client.GrpcClientProtocolClient (GrpcClientProtocolClient.java:onNext(255)) - client-DE0880F50CF2->72f5ceaa-5b3b-4bc7-b846-41895f4ebd48: receive RaftClientReply:client-DE0880F50CF2->72f5ceaa-5b3b-4bc7-b846-41895f4ebd48@group-833AA35A7EDE, cid=3147, SUCCESS, logIndex=4720, commits[72f5ceaa-5b3b-4bc7-b846-41895f4ebd48:c4720, b4e1f7d4-4bb4-47ed-a9cb-53483a899fb2:c4716, d3916bce-b37b-4246-83c6-d24846ba1a72:c4716]
2019-07-08 14:21:37,675 INFO  client.GrpcClientProtocolClient (GrpcClientProtocolClient.java:onNext(255)) - client-DE0880F50CF2->72f5ceaa-5b3b-4bc7-b846-41895f4ebd48: receive RaftClientReply:client-DE0880F50CF2->72f5ceaa-5b3b-4bc7-b846-41895f4ebd48@group-833AA35A7EDE, cid=3148, SUCCESS, logIndex=0, commits[72f5ceaa-5b3b-4bc7-b846-41895f4ebd48:c4722, b4e1f7d4-4bb4-47ed-a9cb-53483a899fb2:c4720, d3916bce-b37b-4246-83c6-d24846ba1a72:c4720]
2019-07-08 14:21:37,709 INFO  client.GrpcClientProtocolClient (GrpcClientProtocolClient.java:onNext(255)) - client-DE0880F50CF2->72f5ceaa-5b3b-4bc7-b846-41895f4ebd48: receive RaftClientReply:client-DE0880F50CF2->72f5ceaa-5b3b-4bc7-b846-41895f4ebd48@group-833AA35A7EDE, cid=3149, SUCCESS, logIndex=4723, commits[72f5ceaa-5b3b-4bc7-b846-41895f4ebd48:c4724, b4e1f7d4-4bb4-47ed-a9cb-53483a899fb2:c4720, d3916bce-b37b-4246-83c6-d24846ba1a72:c4722]
2019-07-08 14:21:37,710 INFO  client.GrpcClientProtocolClient (GrpcClientProtocolClient.java:onNext(255)) - client-DE0880F50CF2->72f5ceaa-5b3b-4bc7-b846-41895f4ebd48: receive RaftClientReply:client-DE0880F50CF2->72f5ceaa-5b3b-4bc7-b846-41895f4ebd48@group-833AA35A7EDE, cid=3150, SUCCESS, logIndex=4724, commits[72f5ceaa-5b3b-4bc7-b846-41895f4ebd48:c4724, b4e1f7d4-4bb4-47ed-a9cb-53483a899fb2:c4722, d3916bce-b37b-4246-83c6-d24846ba1a72:c4722]
2019-07-08 14:21:37,719 INFO  client.GrpcClientProtocolClient (GrpcClientProtocolClient.java:onNext(255)) - client-DE0880F50CF2->72f5ceaa-5b3b-4bc7-b846-41895f4ebd48: receive RaftClientReply:client-DE0880F50CF2->72f5ceaa-5b3b-4bc7-b846-41895f4ebd48@group-833AA35A7EDE, cid=3151, SUCCESS, logIndex=4725, commits[72f5ceaa-5b3b-4bc7-b846-41895f4ebd48:c4726, b4e1f7d4-4bb4-47ed-a9cb-53483a899fb2:c4722, d3916bce-b37b-4246-83c6-d24846ba1a72:c4722]
2019-07-08 14:21:37,719 INFO  client.GrpcClientProtocolClient (GrpcClientProtocolClient.java:onNext(255)) - client-DE0880F50CF2->72f5ceaa-5b3b-4bc7-b846-41895f4ebd48: receive RaftClientReply:client-DE0880F50CF2->72f5ceaa-5b3b-4bc7-b846-41895f4ebd48@group-833AA35A7EDE, cid=3152, SUCCESS, logIndex=4726, commits[72f5ceaa-5b3b-4bc7-b846-41895f4ebd48:c4726, b4e1f7d4-4bb4-47ed-a9cb-53483a899fb2:c4722, d3916bce-b37b-4246-83c6-d24846ba1a72:c4722]
2019-07-08 14:21:37,734 INFO  client.GrpcClientProtocolClient (GrpcClientProtocolClient.java:onNext(255)) - client-DE0880F50CF2->72f5ceaa-5b3b-4bc7-b846-41895f4ebd48: receive RaftClientReply:client-DE0880F50CF2->72f5ceaa-5b3b-4bc7-b846-41895f4ebd48@group-833AA35A7EDE, cid=3153, SUCCESS, logIndex=0, commits[72f5ceaa-5b3b-4bc7-b846-41895f4ebd48:c4728, b4e1f7d4-4bb4-47ed-a9cb-53483a899fb2:c4724, d3916bce-b37b-4246-83c6-d24846ba1a72:c4724]
2019-07-08 14:21:37,757 INFO  client.GrpcClientProtocolClient (GrpcClientProtocolClient.java:onNext(255)) - client-DE0880F50CF2->72f5ceaa-5b3b-4bc7-b846-41895f4ebd48: receive RaftClientReply:client-DE0880F50CF2->72f5ceaa-5b3b-4bc7-b846-41895f4ebd48@group-833AA35A7EDE, cid=3154, SUCCESS, logIndex=4731, commits[72f5ceaa-5b3b-4bc7-b846-41895f4ebd48:c4732, b4e1f7d4-4bb4-47ed-a9cb-53483a899fb2:c4730, d3916bce-b37b-4246-83c6-d24846ba1a72:c4730]
2019-07-08 14:21:37,757 INFO  client.GrpcClientProtocolClient (GrpcClientProtocolClient.java:onNext(255)) - client-DE0880F50CF2->72f5ceaa-5b3b-4bc7-b846-41895f4ebd48: receive RaftClientReply:client-DE0880F50CF2->72f5ceaa-5b3b-4bc7-b846-41895f4ebd48@group-833AA35A7EDE, cid=3155, SUCCESS, logIndex=4732, commits[72f5ceaa-5b3b-4bc7-b846-41895f4ebd48:c4732, b4e1f7d4-4bb4-47ed-a9cb-53483a899fb2:c4730, d3916bce-b37b-4246-83c6-d24846ba1a72:c4730]
2019-07-08 14:21:37,783 INFO  client.GrpcClientProtocolClient (GrpcClientProtocolClient.java:onNext(255)) - client-DE0880F50CF2->72f5ceaa-5b3b-4bc7-b846-41895f4ebd48: receive RaftClientReply:client-DE0880F50CF2->72f5ceaa-5b3b-4bc7-b846-41895f4ebd48@group-833AA35A7EDE, cid=3156, SUCCESS, logIndex=4735, commits[72f5ceaa-5b3b-4bc7-b846-41895f4ebd48:c4736, b4e1f7d4-4bb4-47ed-a9cb-53483a899fb2:c4732, d3916bce-b37b-4246-83c6-d24846ba1a72:c4732]
2019-07-08 14:21:37,784 INFO  client.GrpcClientProtocolClient (GrpcClientProtocolClient.java:onNext(255)) - client-DE0880F50CF2->72f5ceaa-5b3b-4bc7-b846-41895f4ebd48: receive RaftClientReply:client-DE0880F50CF2->72f5ceaa-5b3b-4bc7-b846-41895f4ebd48@group-833AA35A7EDE, cid=3157, SUCCESS, logIndex=4736, commits[72f5ceaa-5b3b-4bc7-b846-41895f4ebd48:c4736, b4e1f7d4-4bb4-47ed-a9cb-53483a899fb2:c4732, d3916bce-b37b-4246-83c6-d24846ba1a72:c4732]
2019-07-08 14:21:37,798 INFO  client.GrpcClientProtocolClient (GrpcClientProtocolClient.java:onNext(255)) - client-DE0880F50CF2->72f5ceaa-5b3b-4bc7-b846-41895f4ebd48: receive RaftClientReply:client-DE0880F50CF2->72f5ceaa-5b3b-4bc7-b846-41895f4ebd48@group-833AA35A7EDE, cid=3158, SUCCESS, logIndex=0, commits[72f5ceaa-5b3b-4bc7-b846-41895f4ebd48:c4738, b4e1f7d4-4bb4-47ed-a9cb-53483a899fb2:c4736, d3916bce-b37b-4246-83c6-d24846ba1a72:c4736]
2019-07-08 14:21:37,830 INFO  client.GrpcClientProtocolClient (GrpcClientProtocolClient.java:onNext(255)) - client-DE0880F50CF2->72f5ceaa-5b3b-4bc7-b846-41895f4ebd48: receive RaftClientReply:client-DE0880F50CF2->72f5ceaa-5b3b-4bc7-b846-41895f4ebd48@group-833AA35A7EDE, cid=3159, SUCCESS, logIndex=4739, commits[72f5ceaa-5b3b-4bc7-b846-41895f4ebd48:c4741, b4e1f7d4-4bb4-47ed-a9cb-53483a899fb2:c4738, d3916bce-b37b-4246-83c6-d24846ba1a72:c4738]
2019-07-08 14:21:37,831 INFO  client.GrpcClientProtocolClient (GrpcClientProtocolClient.java:onNext(255)) - client-DE0880F50CF2->72f5ceaa-5b3b-4bc7-b846-41895f4ebd48: receive RaftClientReply:client-DE0880F50CF2->72f5ceaa-5b3b-4bc7-b846-41895f4ebd48@group-833AA35A7EDE, cid=3160, SUCCESS, logIndex=4740, commits[72f5ceaa-5b3b-4bc7-b846-41895f4ebd48:c4742, b4e1f7d4-4bb4-47ed-a9cb-53483a899fb2:c4738, d3916bce-b37b-4246-83c6-d24846ba1a72:c4738]
2019-07-08 14:21:37,831 INFO  client.GrpcClientProtocolClient (GrpcClientProtocolClient.java:onNext(255)) - client-DE0880F50CF2->72f5ceaa-5b3b-4bc7-b846-41895f4ebd48: receive RaftClientReply:client-DE0880F50CF2->72f5ceaa-5b3b-4bc7-b846-41895f4ebd48@group-833AA35A7EDE, cid=3161, SUCCESS, logIndex=4741, commits[72f5ceaa-5b3b-4bc7-b846-41895f4ebd48:c4742, b4e1f7d4-4bb4-47ed-a9cb-53483a899fb2:c4738, d3916bce-b37b-4246-83c6-d24846ba1a72:c4738]
2019-07-08 14:21:37,831 INFO  client.GrpcClientProtocolClient (GrpcClientProtocolClient.java:onNext(255)) - client-DE0880F50CF2->72f5ceaa-5b3b-4bc7-b846-41895f4ebd48: receive RaftClientReply:client-DE0880F50CF2->72f5ceaa-5b3b-4bc7-b846-41895f4ebd48@group-833AA35A7EDE, cid=3162, SUCCESS, logIndex=4742, commits[72f5ceaa-5b3b-4bc7-b846-41895f4ebd48:c4742, b4e1f7d4-4bb4-47ed-a9cb-53483a899fb2:c4738, d3916bce-b37b-4246-83c6-d24846ba1a72:c4738]
2019-07-08 14:21:37,846 INFO  client.GrpcClientProtocolClient (GrpcClientProtocolClient.java:onNext(255)) - client-DE0880F50CF2->72f5ceaa-5b3b-4bc7-b846-41895f4ebd48: receive RaftClientReply:client-DE0880F50CF2->72f5ceaa-5b3b-4bc7-b846-41895f4ebd48@group-833AA35A7EDE, cid=3163, SUCCESS, logIndex=0, commits[72f5ceaa-5b3b-4bc7-b846-41895f4ebd48:c4745, b4e1f7d4-4bb4-47ed-a9cb-53483a899fb2:c4740, d3916bce-b37b-4246-83c6-d24846ba1a72:c4742]
2019-07-08 14:21:37,860 INFO  client.GrpcClientProtocolClient (GrpcClientProtocolClient.java:onNext(255)) - client-DE0880F50CF2->72f5ceaa-5b3b-4bc7-b846-41895f4ebd48: receive RaftClientReply:client-DE0880F50CF2->72f5ceaa-5b3b-4bc7-b846-41895f4ebd48@group-833AA35A7EDE, cid=3164, SUCCESS, logIndex=4747, commits[72f5ceaa-5b3b-4bc7-b846-41895f4ebd48:c4748, b4e1f7d4-4bb4-47ed-a9cb-53483a899fb2:c4742, d3916bce-b37b-4246-83c6-d24846ba1a72:c4745]
2019-07-08 14:21:37,861 INFO  client.GrpcClientProtocolClient (GrpcClientProtocolClient.java:onNext(255)) - client-DE0880F50CF2->72f5ceaa-5b3b-4bc7-b846-41895f4ebd48: receive RaftClientReply:client-DE0880F50CF2->72f5ceaa-5b3b-4bc7-b846-41895f4ebd48@group-833AA35A7EDE, cid=3165, SUCCESS, logIndex=4748, commits[72f5ceaa-5b3b-4bc7-b846-41895f4ebd48:c4748, b4e1f7d4-4bb4-47ed-a9cb-53483a899fb2:c4742, d3916bce-b37b-4246-83c6-d24846ba1a72:c4745]
2019-07-08 14:21:37,886 INFO  client.GrpcClientProtocolClient (GrpcClientProtocolClient.java:onNext(255)) - client-DE0880F50CF2->72f5ceaa-5b3b-4bc7-b846-41895f4ebd48: receive RaftClientReply:client-DE0880F50CF2->72f5ceaa-5b3b-4bc7-b846-41895f4ebd48@group-833AA35A7EDE, cid=3166, SUCCESS, logIndex=4751, commits[72f5ceaa-5b3b-4bc7-b846-41895f4ebd48:c4752, b4e1f7d4-4bb4-47ed-a9cb-53483a899fb2:c4748, d3916bce-b37b-4246-83c6-d24846ba1a72:c4747]
2019-07-08 14:21:37,886 INFO  client.GrpcClientProtocolClient (GrpcClientProtocolClient.java:onNext(255)) - client-DE0880F50CF2->72f5ceaa-5b3b-4bc7-b846-41895f4ebd48: receive RaftClientReply:client-DE0880F50CF2->72f5ceaa-5b3b-4bc7-b846-41895f4ebd48@group-833AA35A7EDE, cid=3167, SUCCESS, logIndex=4752, commits[72f5ceaa-5b3b-4bc7-b846-41895f4ebd48:c4752, b4e1f7d4-4bb4-47ed-a9cb-53483a899fb2:c4748, d3916bce-b37b-4246-83c6-d24846ba1a72:c4748]
2019-07-08 14:21:37,900 INFO  client.GrpcClientProtocolClient (GrpcClientProtocolClient.java:onNext(255)) - client-DE0880F50CF2->72f5ceaa-5b3b-4bc7-b846-41895f4ebd48: receive RaftClientReply:client-DE0880F50CF2->72f5ceaa-5b3b-4bc7-b846-41895f4ebd48@group-833AA35A7EDE, cid=3168, SUCCESS, logIndex=0, commits[72f5ceaa-5b3b-4bc7-b846-41895f4ebd48:c4753, b4e1f7d4-4bb4-47ed-a9cb-53483a899fb2:c4752, d3916bce-b37b-4246-83c6-d24846ba1a72:c4752]
2019-07-08 14:21:37,959 INFO  client.GrpcClientProtocolClient (GrpcClientProtocolClient.java:onNext(255)) - client-DE0880F50CF2->72f5ceaa-5b3b-4bc7-b846-41895f4ebd48: receive RaftClientReply:client-DE0880F50CF2->72f5ceaa-5b3b-4bc7-b846-41895f4ebd48@group-833AA35A7EDE, cid=3169, SUCCESS, logIndex=4754, commits[72f5ceaa-5b3b-4bc7-b846-41895f4ebd48:c4756, b4e1f7d4-4bb4-47ed-a9cb-53483a899fb2:c4753, d3916bce-b37b-4246-83c6-d24846ba1a72:c4753]
2019-07-08 14:21:37,960 INFO  client.GrpcClientProtocolClient (GrpcClientProtocolClient.java:onNext(255)) - client-DE0880F50CF2->72f5ceaa-5b3b-4bc7-b846-41895f4ebd48: receive RaftClientReply:client-DE0880F50CF2->72f5ceaa-5b3b-4bc7-b846-41895f4ebd48@group-833AA35A7EDE, cid=3170, SUCCESS, logIndex=4755, commits[72f5ceaa-5b3b-4bc7-b846-41895f4ebd48:c4757, b4e1f7d4-4bb4-47ed-a9cb-53483a899fb2:c4753, d3916bce-b37b-4246-83c6-d24846ba1a72:c4753]
2019-07-08 14:21:37,960 INFO  client.GrpcClientProtocolClient (GrpcClientProtocolClient.java:onNext(255)) - client-DE0880F50CF2->72f5ceaa-5b3b-4bc7-b846-41895f4ebd48: receive RaftClientReply:client-DE0880F50CF2->72f5ceaa-5b3b-4bc7-b846-41895f4ebd48@group-833AA35A7EDE, cid=3171, SUCCESS, logIndex=4756, commits[72f5ceaa-5b3b-4bc7-b846-41895f4ebd48:c4757, b4e1f7d4-4bb4-47ed-a9cb-53483a899fb2:c4753, d3916bce-b37b-4246-83c6-d24846ba1a72:c4753]
2019-07-08 14:21:37,960 INFO  client.GrpcClientProtocolClient (GrpcClientProtocolClient.java:onNext(255)) - client-DE0880F50CF2->72f5ceaa-5b3b-4bc7-b846-41895f4ebd48: receive RaftClientReply:client-DE0880F50CF2->72f5ceaa-5b3b-4bc7-b846-41895f4ebd48@group-833AA35A7EDE, cid=3172, SUCCESS, logIndex=4757, commits[72f5ceaa-5b3b-4bc7-b846-41895f4ebd48:c4757, b4e1f7d4-4bb4-47ed-a9cb-53483a899fb2:c4753, d3916bce-b37b-4246-83c6-d24846ba1a72:c4753]
 0.00% |█                                                                                                    |  0/1 Time: 0:00:322019-07-08 14:21:37,983 INFO  client.GrpcClientProtocolClient (GrpcClientProtocolClient.java:onNext(255)) - client-DE0880F50CF2->72f5ceaa-5b3b-4bc7-b846-41895f4ebd48: receive RaftClientReply:client-DE0880F50CF2->72f5ceaa-5b3b-4bc7-b846-41895f4ebd48@group-833AA35A7EDE, cid=3173, SUCCESS, logIndex=0, commits[72f5ceaa-5b3b-4bc7-b846-41895f4ebd48:c4759, b4e1f7d4-4bb4-47ed-a9cb-53483a899fb2:c4755, d3916bce-b37b-4246-83c6-d24846ba1a72:c4755]
2019-07-08 14:21:37,998 INFO  client.GrpcClientProtocolClient (GrpcClientProtocolClient.java:onNext(255)) - client-DE0880F50CF2->72f5ceaa-5b3b-4bc7-b846-41895f4ebd48: receive RaftClientReply:client-DE0880F50CF2->72f5ceaa-5b3b-4bc7-b846-41895f4ebd48@group-833AA35A7EDE, cid=3174, SUCCESS, logIndex=4762, commits[72f5ceaa-5b3b-4bc7-b846-41895f4ebd48:c4763, b4e1f7d4-4bb4-47ed-a9cb-53483a899fb2:c4761, d3916bce-b37b-4246-83c6-d24846ba1a72:c4761]
2019-07-08 14:21:37,998 INFO  client.GrpcClientProtocolClient (GrpcClientProtocolClient.java:onNext(255)) - client-DE0880F50CF2->72f5ceaa-5b3b-4bc7-b846-41895f4ebd48: receive RaftClientReply:client-DE0880F50CF2->72f5ceaa-5b3b-4bc7-b846-41895f4ebd48@group-833AA35A7EDE, cid=3175, SUCCESS, logIndex=4763, commits[72f5ceaa-5b3b-4bc7-b846-41895f4ebd48:c4763, b4e1f7d4-4bb4-47ed-a9cb-53483a899fb2:c4761, d3916bce-b37b-4246-83c6-d24846ba1a72:c4761]
2019-07-08 14:21:38,030 INFO  client.GrpcClientProtocolClient (GrpcClientProtocolClient.java:onNext(255)) - client-DE0880F50CF2->72f5ceaa-5b3b-4bc7-b846-41895f4ebd48: receive RaftClientReply:client-DE0880F50CF2->72f5ceaa-5b3b-4bc7-b846-41895f4ebd48@group-833AA35A7EDE, cid=3176, SUCCESS, logIndex=4766, commits[72f5ceaa-5b3b-4bc7-b846-41895f4ebd48:c4767, b4e1f7d4-4bb4-47ed-a9cb-53483a899fb2:c4765, d3916bce-b37b-4246-83c6-d24846ba1a72:c4765]
2019-07-08 14:21:38,030 INFO  client.GrpcClientProtocolClient (GrpcClientProtocolClient.java:onNext(255)) - client-DE0880F50CF2->72f5ceaa-5b3b-4bc7-b846-41895f4ebd48: receive RaftClientReply:client-DE0880F50CF2->72f5ceaa-5b3b-4bc7-b846-41895f4ebd48@group-833AA35A7EDE, cid=3177, SUCCESS, logIndex=4767, commits[72f5ceaa-5b3b-4bc7-b846-41895f4ebd48:c4767, b4e1f7d4-4bb4-47ed-a9cb-53483a899fb2:c4765, d3916bce-b37b-4246-83c6-d24846ba1a72:c4765]
2019-07-08 14:21:38,041 INFO  client.GrpcClientProtocolClient (GrpcClientProtocolClient.java:onNext(255)) - client-DE0880F50CF2->72f5ceaa-5b3b-4bc7-b846-41895f4ebd48: receive RaftClientReply:client-DE0880F50CF2->72f5ceaa-5b3b-4bc7-b846-41895f4ebd48@group-833AA35A7EDE, cid=3178, SUCCESS, logIndex=0, commits[72f5ceaa-5b3b-4bc7-b846-41895f4ebd48:c4768, b4e1f7d4-4bb4-47ed-a9cb-53483a899fb2:c4767, d3916bce-b37b-4246-83c6-d24846ba1a72:c4767]
2019-07-08 14:21:38,074 INFO  client.GrpcClientProtocolClient (GrpcClientProtocolClient.java:onNext(255)) - client-DE0880F50CF2->72f5ceaa-5b3b-4bc7-b846-41895f4ebd48: receive RaftClientReply:client-DE0880F50CF2->72f5ceaa-5b3b-4bc7-b846-41895f4ebd48@group-833AA35A7EDE, cid=3179, SUCCESS, logIndex=4770, commits[72f5ceaa-5b3b-4bc7-b846-41895f4ebd48:c4770, b4e1f7d4-4bb4-47ed-a9cb-53483a899fb2:c4769, d3916bce-b37b-4246-83c6-d24846ba1a72:c4769]
2019-07-08 14:21:38,075 INFO  client.GrpcClientProtocolClient (GrpcClientProtocolClient.java:onNext(255)) - client-DE0880F50CF2->72f5ceaa-5b3b-4bc7-b846-41895f4ebd48: receive RaftClientReply:client-DE0880F50CF2->72f5ceaa-5b3b-4bc7-b846-41895f4ebd48@group-833AA35A7EDE, cid=3180, SUCCESS, logIndex=4771, commits[72f5ceaa-5b3b-4bc7-b846-41895f4ebd48:c4772, b4e1f7d4-4bb4-47ed-a9cb-53483a899fb2:c4769, d3916bce-b37b-4246-83c6-d24846ba1a72:c4769]
2019-07-08 14:21:38,075 INFO  client.GrpcClientProtocolClient (GrpcClientProtocolClient.java:onNext(255)) - client-DE0880F50CF2->72f5ceaa-5b3b-4bc7-b846-41895f4ebd48: receive RaftClientReply:client-DE0880F50CF2->72f5ceaa-5b3b-4bc7-b846-41895f4ebd48@group-833AA35A7EDE, cid=3181, SUCCESS, logIndex=4772, commits[72f5ceaa-5b3b-4bc7-b846-41895f4ebd48:c4773, b4e1f7d4-4bb4-47ed-a9cb-53483a899fb2:c4769, d3916bce-b37b-4246-83c6-d24846ba1a72:c4769]
2019-07-08 14:21:38,075 INFO  client.GrpcClientProtocolClient (GrpcClientProtocolClient.java:onNext(255)) - client-DE0880F50CF2->72f5ceaa-5b3b-4bc7-b846-41895f4ebd48: receive RaftClientReply:client-DE0880F50CF2->72f5ceaa-5b3b-4bc7-b846-41895f4ebd48@group-833AA35A7EDE, cid=3182, SUCCESS, logIndex=4773, commits[72f5ceaa-5b3b-4bc7-b846-41895f4ebd48:c4773, b4e1f7d4-4bb4-47ed-a9cb-53483a899fb2:c4769, d3916bce-b37b-4246-83c6-d24846ba1a72:c4769]
2019-07-08 14:21:38,076 INFO  client.GrpcClientProtocolClient (GrpcClientProtocolClient.java:onNext(255)) - client-DE0880F50CF2->72f5ceaa-5b3b-4bc7-b846-41895f4ebd48: receive RaftClientReply:client-DE0880F50CF2->72f5ceaa-5b3b-4bc7-b846-41895f4ebd48@group-833AA35A7EDE, cid=3183, SUCCESS, logIndex=0, commits[72f5ceaa-5b3b-4bc7-b846-41895f4ebd48:c4774, b4e1f7d4-4bb4-47ed-a9cb-53483a899fb2:c4771, d3916bce-b37b-4246-83c6-d24846ba1a72:c4771]
2019-07-08 14:21:38,090 INFO  client.GrpcClientProtocolClient (GrpcClientProtocolClient.java:onNext(255)) - client-DE0880F50CF2->72f5ceaa-5b3b-4bc7-b846-41895f4ebd48: receive RaftClientReply:client-DE0880F50CF2->72f5ceaa-5b3b-4bc7-b846-41895f4ebd48@group-833AA35A7EDE, cid=3184, SUCCESS, logIndex=4778, commits[72f5ceaa-5b3b-4bc7-b846-41895f4ebd48:c4779, b4e1f7d4-4bb4-47ed-a9cb-53483a899fb2:c4773, d3916bce-b37b-4246-83c6-d24846ba1a72:c4777]
2019-07-08 14:21:38,091 INFO  client.GrpcClientProtocolClient (GrpcClientProtocolClient.java:onNext(255)) - client-DE0880F50CF2->72f5ceaa-5b3b-4bc7-b846-41895f4ebd48: receive RaftClientReply:client-DE0880F50CF2->72f5ceaa-5b3b-4bc7-b846-41895f4ebd48@group-833AA35A7EDE, cid=3185, SUCCESS, logIndex=4779, commits[72f5ceaa-5b3b-4bc7-b846-41895f4ebd48:c4779, b4e1f7d4-4bb4-47ed-a9cb-53483a899fb2:c4777, d3916bce-b37b-4246-83c6-d24846ba1a72:c4777]
2019-07-08 14:21:38,106 INFO  client.GrpcClientProtocolClient (GrpcClientProtocolClient.java:onNext(255)) - client-DE0880F50CF2->72f5ceaa-5b3b-4bc7-b846-41895f4ebd48: receive RaftClientReply:client-DE0880F50CF2->72f5ceaa-5b3b-4bc7-b846-41895f4ebd48@group-833AA35A7EDE, cid=3186, SUCCESS, logIndex=4782, commits[72f5ceaa-5b3b-4bc7-b846-41895f4ebd48:c4783, b4e1f7d4-4bb4-47ed-a9cb-53483a899fb2:c4779, d3916bce-b37b-4246-83c6-d24846ba1a72:c4780]
2019-07-08 14:21:38,106 INFO  client.GrpcClientProtocolClient (GrpcClientProtocolClient.java:onNext(255)) - client-DE0880F50CF2->72f5ceaa-5b3b-4bc7-b846-41895f4ebd48: receive RaftClientReply:client-DE0880F50CF2->72f5ceaa-5b3b-4bc7-b846-41895f4ebd48@group-833AA35A7EDE, cid=3187, SUCCESS, logIndex=4783, commits[72f5ceaa-5b3b-4bc7-b846-41895f4ebd48:c4783, b4e1f7d4-4bb4-47ed-a9cb-53483a899fb2:c4780, d3916bce-b37b-4246-83c6-d24846ba1a72:c4780]
2019-07-08 14:21:38,120 INFO  client.GrpcClientProtocolClient (GrpcClientProtocolClient.java:onNext(255)) - client-DE0880F50CF2->72f5ceaa-5b3b-4bc7-b846-41895f4ebd48: receive RaftClientReply:client-DE0880F50CF2->72f5ceaa-5b3b-4bc7-b846-41895f4ebd48@group-833AA35A7EDE, cid=3188, SUCCESS, logIndex=0, commits[72f5ceaa-5b3b-4bc7-b846-41895f4ebd48:c4784, b4e1f7d4-4bb4-47ed-a9cb-53483a899fb2:c4783, d3916bce-b37b-4246-83c6-d24846ba1a72:c4783]
2019-07-08 14:21:38,153 INFO  client.GrpcClientProtocolClient (GrpcClientProtocolClient.java:onNext(255)) - client-DE0880F50CF2->72f5ceaa-5b3b-4bc7-b846-41895f4ebd48: receive RaftClientReply:client-DE0880F50CF2->72f5ceaa-5b3b-4bc7-b846-41895f4ebd48@group-833AA35A7EDE, cid=3189, SUCCESS, logIndex=4786, commits[72f5ceaa-5b3b-4bc7-b846-41895f4ebd48:c4787, b4e1f7d4-4bb4-47ed-a9cb-53483a899fb2:c4785, d3916bce-b37b-4246-83c6-d24846ba1a72:c4785]
2019-07-08 14:21:38,154 INFO  client.GrpcClientProtocolClient (GrpcClientProtocolClient.java:onNext(255)) - client-DE0880F50CF2->72f5ceaa-5b3b-4bc7-b846-41895f4ebd48: receive RaftClientReply:client-DE0880F50CF2->72f5ceaa-5b3b-4bc7-b846-41895f4ebd48@group-833AA35A7EDE, cid=3190, SUCCESS, logIndex=4787, commits[72f5ceaa-5b3b-4bc7-b846-41895f4ebd48:c4787, b4e1f7d4-4bb4-47ed-a9cb-53483a899fb2:c4785, d3916bce-b37b-4246-83c6-d24846ba1a72:c4785]
2019-07-08 14:21:38,166 INFO  client.GrpcClientProtocolClient (GrpcClientProtocolClient.java:onNext(255)) - client-DE0880F50CF2->72f5ceaa-5b3b-4bc7-b846-41895f4ebd48: receive RaftClientReply:client-DE0880F50CF2->72f5ceaa-5b3b-4bc7-b846-41895f4ebd48@group-833AA35A7EDE, cid=3191, SUCCESS, logIndex=4788, commits[72f5ceaa-5b3b-4bc7-b846-41895f4ebd48:c4789, b4e1f7d4-4bb4-47ed-a9cb-53483a899fb2:c4785, d3916bce-b37b-4246-83c6-d24846ba1a72:c4785]
2019-07-08 14:21:38,167 INFO  client.GrpcClientProtocolClient (GrpcClientProtocolClient.java:onNext(255)) - client-DE0880F50CF2->72f5ceaa-5b3b-4bc7-b846-41895f4ebd48: receive RaftClientReply:client-DE0880F50CF2->72f5ceaa-5b3b-4bc7-b846-41895f4ebd48@group-833AA35A7EDE, cid=3192, SUCCESS, logIndex=4789, commits[72f5ceaa-5b3b-4bc7-b846-41895f4ebd48:c4789, b4e1f7d4-4bb4-47ed-a9cb-53483a899fb2:c4785, d3916bce-b37b-4246-83c6-d24846ba1a72:c4785]
2019-07-08 14:21:38,179 INFO  client.GrpcClientProtocolClient (GrpcClientProtocolClient.java:onNext(255)) - client-DE0880F50CF2->72f5ceaa-5b3b-4bc7-b846-41895f4ebd48: receive RaftClientReply:client-DE0880F50CF2->72f5ceaa-5b3b-4bc7-b846-41895f4ebd48@group-833AA35A7EDE, cid=3193, SUCCESS, logIndex=0, commits[72f5ceaa-5b3b-4bc7-b846-41895f4ebd48:c4791, b4e1f7d4-4bb4-47ed-a9cb-53483a899fb2:c4787, d3916bce-b37b-4246-83c6-d24846ba1a72:c4787]
2019-07-08 14:21:38,205 INFO  client.GrpcClientProtocolClient (GrpcClientProtocolClient.java:onNext(255)) - client-DE0880F50CF2->72f5ceaa-5b3b-4bc7-b846-41895f4ebd48: receive RaftClientReply:client-DE0880F50CF2->72f5ceaa-5b3b-4bc7-b846-41895f4ebd48@group-833AA35A7EDE, cid=3194, SUCCESS, logIndex=4794, commits[72f5ceaa-5b3b-4bc7-b846-41895f4ebd48:c4795, b4e1f7d4-4bb4-47ed-a9cb-53483a899fb2:c4791, d3916bce-b37b-4246-83c6-d24846ba1a72:c4791]
2019-07-08 14:21:38,205 INFO  client.GrpcClientProtocolClient (GrpcClientProtocolClient.java:onNext(255)) - client-DE0880F50CF2->72f5ceaa-5b3b-4bc7-b846-41895f4ebd48: receive RaftClientReply:client-DE0880F50CF2->72f5ceaa-5b3b-4bc7-b846-41895f4ebd48@group-833AA35A7EDE, cid=3195, SUCCESS, logIndex=4795, commits[72f5ceaa-5b3b-4bc7-b846-41895f4ebd48:c4795, b4e1f7d4-4bb4-47ed-a9cb-53483a899fb2:c4791, d3916bce-b37b-4246-83c6-d24846ba1a72:c4791]
2019-07-08 14:21:38,220 INFO  client.GrpcClientProtocolClient (GrpcClientProtocolClient.java:onNext(255)) - client-DE0880F50CF2->72f5ceaa-5b3b-4bc7-b846-41895f4ebd48: receive RaftClientReply:client-DE0880F50CF2->72f5ceaa-5b3b-4bc7-b846-41895f4ebd48@group-833AA35A7EDE, cid=3196, SUCCESS, logIndex=4798, commits[72f5ceaa-5b3b-4bc7-b846-41895f4ebd48:c4799, b4e1f7d4-4bb4-47ed-a9cb-53483a899fb2:c4795, d3916bce-b37b-4246-83c6-d24846ba1a72:c4795]
2019-07-08 14:21:38,220 INFO  client.GrpcClientProtocolClient (GrpcClientProtocolClient.java:onNext(255)) - client-DE0880F50CF2->72f5ceaa-5b3b-4bc7-b846-41895f4ebd48: receive RaftClientReply:client-DE0880F50CF2->72f5ceaa-5b3b-4bc7-b846-41895f4ebd48@group-833AA35A7EDE, cid=3197, SUCCESS, logIndex=4799, commits[72f5ceaa-5b3b-4bc7-b846-41895f4ebd48:c4799, b4e1f7d4-4bb4-47ed-a9cb-53483a899fb2:c4795, d3916bce-b37b-4246-83c6-d24846ba1a72:c4795]
2019-07-08 14:21:38,246 INFO  client.GrpcClientProtocolClient (GrpcClientProtocolClient.java:onNext(255)) - client-DE0880F50CF2->72f5ceaa-5b3b-4bc7-b846-41895f4ebd48: receive RaftClientReply:client-DE0880F50CF2->72f5ceaa-5b3b-4bc7-b846-41895f4ebd48@group-833AA35A7EDE, cid=3198, SUCCESS, logIndex=0, commits[72f5ceaa-5b3b-4bc7-b846-41895f4ebd48:c4801, b4e1f7d4-4bb4-47ed-a9cb-53483a899fb2:c4799, d3916bce-b37b-4246-83c6-d24846ba1a72:c4799]
2019-07-08 14:21:38,276 INFO  client.GrpcClientProtocolClient (GrpcClientProtocolClient.java:onNext(255)) - client-DE0880F50CF2->72f5ceaa-5b3b-4bc7-b846-41895f4ebd48: receive RaftClientReply:client-DE0880F50CF2->72f5ceaa-5b3b-4bc7-b846-41895f4ebd48@group-833AA35A7EDE, cid=3199, SUCCESS, logIndex=4802, commits[72f5ceaa-5b3b-4bc7-b846-41895f4ebd48:c4803, b4e1f7d4-4bb4-47ed-a9cb-53483a899fb2:c4801, d3916bce-b37b-4246-83c6-d24846ba1a72:c4801]
2019-07-08 14:21:38,277 INFO  client.GrpcClientProtocolClient (GrpcClientProtocolClient.java:onNext(255)) - client-DE0880F50CF2->72f5ceaa-5b3b-4bc7-b846-41895f4ebd48: receive RaftClientReply:client-DE0880F50CF2->72f5ceaa-5b3b-4bc7-b846-41895f4ebd48@group-833AA35A7EDE, cid=3200, SUCCESS, logIndex=4803, commits[72f5ceaa-5b3b-4bc7-b846-41895f4ebd48:c4803, b4e1f7d4-4bb4-47ed-a9cb-53483a899fb2:c4801, d3916bce-b37b-4246-83c6-d24846ba1a72:c4801]
2019-07-08 14:21:38,277 INFO  client.GrpcClientProtocolClient (GrpcClientProtocolClient.java:onNext(255)) - client-DE0880F50CF2->72f5ceaa-5b3b-4bc7-b846-41895f4ebd48: receive RaftClientReply:client-DE0880F50CF2->72f5ceaa-5b3b-4bc7-b846-41895f4ebd48@group-833AA35A7EDE, cid=3201, SUCCESS, logIndex=4804, commits[72f5ceaa-5b3b-4bc7-b846-41895f4ebd48:c4805, b4e1f7d4-4bb4-47ed-a9cb-53483a899fb2:c4801, d3916bce-b37b-4246-83c6-d24846ba1a72:c4801]
2019-07-08 14:21:38,278 INFO  client.GrpcClientProtocolClient (GrpcClientProtocolClient.java:onNext(255)) - client-DE0880F50CF2->72f5ceaa-5b3b-4bc7-b846-41895f4ebd48: receive RaftClientReply:client-DE0880F50CF2->72f5ceaa-5b3b-4bc7-b846-41895f4ebd48@group-833AA35A7EDE, cid=3202, SUCCESS, logIndex=4805, commits[72f5ceaa-5b3b-4bc7-b846-41895f4ebd48:c4805, b4e1f7d4-4bb4-47ed-a9cb-53483a899fb2:c4801, d3916bce-b37b-4246-83c6-d24846ba1a72:c4801]
2019-07-08 14:21:38,284 INFO  client.GrpcClientProtocolClient (GrpcClientProtocolClient.java:onNext(255)) - client-DE0880F50CF2->72f5ceaa-5b3b-4bc7-b846-41895f4ebd48: receive RaftClientReply:client-DE0880F50CF2->72f5ceaa-5b3b-4bc7-b846-41895f4ebd48@group-833AA35A7EDE, cid=3203, SUCCESS, logIndex=0, commits[72f5ceaa-5b3b-4bc7-b846-41895f4ebd48:c4807, b4e1f7d4-4bb4-47ed-a9cb-53483a899fb2:c4803, d3916bce-b37b-4246-83c6-d24846ba1a72:c4803]
2019-07-08 14:21:38,429 INFO  client.GrpcClientProtocolClient (GrpcClientProtocolClient.java:onNext(255)) - client-DE0880F50CF2->72f5ceaa-5b3b-4bc7-b846-41895f4ebd48: receive RaftClientReply:client-DE0880F50CF2->72f5ceaa-5b3b-4bc7-b846-41895f4ebd48@group-833AA35A7EDE, cid=3204, SUCCESS, logIndex=4809, commits[72f5ceaa-5b3b-4bc7-b846-41895f4ebd48:c4810, b4e1f7d4-4bb4-47ed-a9cb-53483a899fb2:c4805, d3916bce-b37b-4246-83c6-d24846ba1a72:c4808]
2019-07-08 14:21:38,430 INFO  client.GrpcClientProtocolClient (GrpcClientProtocolClient.java:onNext(255)) - client-DE0880F50CF2->72f5ceaa-5b3b-4bc7-b846-41895f4ebd48: receive RaftClientReply:client-DE0880F50CF2->72f5ceaa-5b3b-4bc7-b846-41895f4ebd48@group-833AA35A7EDE, cid=3205, SUCCESS, logIndex=4810, commits[72f5ceaa-5b3b-4bc7-b846-41895f4ebd48:c4810, b4e1f7d4-4bb4-47ed-a9cb-53483a899fb2:c4808, d3916bce-b37b-4246-83c6-d24846ba1a72:c4808]
2019-07-08 14:21:38,446 INFO  client.GrpcClientProtocolClient (GrpcClientProtocolClient.java:onNext(255)) - client-DE0880F50CF2->72f5ceaa-5b3b-4bc7-b846-41895f4ebd48: receive RaftClientReply:client-DE0880F50CF2->72f5ceaa-5b3b-4bc7-b846-41895f4ebd48@group-833AA35A7EDE, cid=3206, SUCCESS, logIndex=4813, commits[72f5ceaa-5b3b-4bc7-b846-41895f4ebd48:c4814, b4e1f7d4-4bb4-47ed-a9cb-53483a899fb2:c4809, d3916bce-b37b-4246-83c6-d24846ba1a72:c4810]
2019-07-08 14:21:38,446 INFO  client.GrpcClientProtocolClient (GrpcClientProtocolClient.java:onNext(255)) - client-DE0880F50CF2->72f5ceaa-5b3b-4bc7-b846-41895f4ebd48: receive RaftClientReply:client-DE0880F50CF2->72f5ceaa-5b3b-4bc7-b846-41895f4ebd48@group-833AA35A7EDE, cid=3207, SUCCESS, logIndex=4814, commits[72f5ceaa-5b3b-4bc7-b846-41895f4ebd48:c4814, b4e1f7d4-4bb4-47ed-a9cb-53483a899fb2:c4810, d3916bce-b37b-4246-83c6-d24846ba1a72:c4810]
2019-07-08 14:21:38,457 INFO  client.GrpcClientProtocolClient (GrpcClientProtocolClient.java:onNext(255)) - client-DE0880F50CF2->72f5ceaa-5b3b-4bc7-b846-41895f4ebd48: receive RaftClientReply:client-DE0880F50CF2->72f5ceaa-5b3b-4bc7-b846-41895f4ebd48@group-833AA35A7EDE, cid=3208, SUCCESS, logIndex=0, commits[72f5ceaa-5b3b-4bc7-b846-41895f4ebd48:c4815, b4e1f7d4-4bb4-47ed-a9cb-53483a899fb2:c4814, d3916bce-b37b-4246-83c6-d24846ba1a72:c4814]
2019-07-08 14:21:38,492 INFO  client.GrpcClientProtocolClient (GrpcClientProtocolClient.java:onNext(255)) - client-DE0880F50CF2->72f5ceaa-5b3b-4bc7-b846-41895f4ebd48: receive RaftClientReply:client-DE0880F50CF2->72f5ceaa-5b3b-4bc7-b846-41895f4ebd48@group-833AA35A7EDE, cid=3209, SUCCESS, logIndex=4816, commits[72f5ceaa-5b3b-4bc7-b846-41895f4ebd48:c4817, b4e1f7d4-4bb4-47ed-a9cb-53483a899fb2:c4815, d3916bce-b37b-4246-83c6-d24846ba1a72:c4815]
2019-07-08 14:21:38,493 INFO  client.GrpcClientProtocolClient (GrpcClientProtocolClient.java:onNext(255)) - client-DE0880F50CF2->72f5ceaa-5b3b-4bc7-b846-41895f4ebd48: receive RaftClientReply:client-DE0880F50CF2->72f5ceaa-5b3b-4bc7-b846-41895f4ebd48@group-833AA35A7EDE, cid=3210, SUCCESS, logIndex=4817, commits[72f5ceaa-5b3b-4bc7-b846-41895f4ebd48:c4817, b4e1f7d4-4bb4-47ed-a9cb-53483a899fb2:c4815, d3916bce-b37b-4246-83c6-d24846ba1a72:c4815]
2019-07-08 14:21:38,503 INFO  client.GrpcClientProtocolClient (GrpcClientProtocolClient.java:onNext(255)) - client-DE0880F50CF2->72f5ceaa-5b3b-4bc7-b846-41895f4ebd48: receive RaftClientReply:client-DE0880F50CF2->72f5ceaa-5b3b-4bc7-b846-41895f4ebd48@group-833AA35A7EDE, cid=3211, SUCCESS, logIndex=4818, commits[72f5ceaa-5b3b-4bc7-b846-41895f4ebd48:c4819, b4e1f7d4-4bb4-47ed-a9cb-53483a899fb2:c4815, d3916bce-b37b-4246-83c6-d24846ba1a72:c4815]
2019-07-08 14:21:38,503 INFO  client.GrpcClientProtocolClient (GrpcClientProtocolClient.java:onNext(255)) - client-DE0880F50CF2->72f5ceaa-5b3b-4bc7-b846-41895f4ebd48: receive RaftClientReply:client-DE0880F50CF2->72f5ceaa-5b3b-4bc7-b846-41895f4ebd48@group-833AA35A7EDE, cid=3212, SUCCESS, logIndex=4819, commits[72f5ceaa-5b3b-4bc7-b846-41895f4ebd48:c4819, b4e1f7d4-4bb4-47ed-a9cb-53483a899fb2:c4815, d3916bce-b37b-4246-83c6-d24846ba1a72:c4815]
2019-07-08 14:21:38,506 INFO  client.GrpcClientProtocolClient (GrpcClientProtocolClient.java:onNext(255)) - client-DE0880F50CF2->72f5ceaa-5b3b-4bc7-b846-41895f4ebd48: receive RaftClientReply:client-DE0880F50CF2->72f5ceaa-5b3b-4bc7-b846-41895f4ebd48@group-833AA35A7EDE, cid=3213, SUCCESS, logIndex=0, commits[72f5ceaa-5b3b-4bc7-b846-41895f4ebd48:c4822, b4e1f7d4-4bb4-47ed-a9cb-53483a899fb2:c4819, d3916bce-b37b-4246-83c6-d24846ba1a72:c4817]
2019-07-08 14:21:38,527 INFO  client.GrpcClientProtocolClient (GrpcClientProtocolClient.java:onNext(255)) - client-DE0880F50CF2->72f5ceaa-5b3b-4bc7-b846-41895f4ebd48: receive RaftClientReply:client-DE0880F50CF2->72f5ceaa-5b3b-4bc7-b846-41895f4ebd48@group-833AA35A7EDE, cid=3214, SUCCESS, logIndex=4823, commits[72f5ceaa-5b3b-4bc7-b846-41895f4ebd48:c4824, b4e1f7d4-4bb4-47ed-a9cb-53483a899fb2:c4822, d3916bce-b37b-4246-83c6-d24846ba1a72:c4822]
2019-07-08 14:21:38,527 INFO  client.GrpcClientProtocolClient (GrpcClientProtocolClient.java:onNext(255)) - client-DE0880F50CF2->72f5ceaa-5b3b-4bc7-b846-41895f4ebd48: receive RaftClientReply:client-DE0880F50CF2->72f5ceaa-5b3b-4bc7-b846-41895f4ebd48@group-833AA35A7EDE, cid=3215, SUCCESS, logIndex=4824, commits[72f5ceaa-5b3b-4bc7-b846-41895f4ebd48:c4824, b4e1f7d4-4bb4-47ed-a9cb-53483a899fb2:c4822, d3916bce-b37b-4246-83c6-d24846ba1a72:c4822]
2019-07-08 14:21:38,553 INFO  client.GrpcClientProtocolClient (GrpcClientProtocolClient.java:onNext(255)) - client-DE0880F50CF2->72f5ceaa-5b3b-4bc7-b846-41895f4ebd48: receive RaftClientReply:client-DE0880F50CF2->72f5ceaa-5b3b-4bc7-b846-41895f4ebd48@group-833AA35A7EDE, cid=3216, SUCCESS, logIndex=4827, commits[72f5ceaa-5b3b-4bc7-b846-41895f4ebd48:c4828, b4e1f7d4-4bb4-47ed-a9cb-53483a899fb2:c4824, d3916bce-b37b-4246-83c6-d24846ba1a72:c4824]
2019-07-08 14:21:38,554 INFO  client.GrpcClientProtocolClient (GrpcClientProtocolClient.java:onNext(255)) - client-DE0880F50CF2->72f5ceaa-5b3b-4bc7-b846-41895f4ebd48: receive RaftClientReply:client-DE0880F50CF2->72f5ceaa-5b3b-4bc7-b846-41895f4ebd48@group-833AA35A7EDE, cid=3217, SUCCESS, logIndex=4828, commits[72f5ceaa-5b3b-4bc7-b846-41895f4ebd48:c4828, b4e1f7d4-4bb4-47ed-a9cb-53483a899fb2:c4824, d3916bce-b37b-4246-83c6-d24846ba1a72:c4824]
2019-07-08 14:21:38,570 INFO  client.GrpcClientProtocolClient (GrpcClientProtocolClient.java:onNext(255)) - client-DE0880F50CF2->72f5ceaa-5b3b-4bc7-b846-41895f4ebd48: receive RaftClientReply:client-DE0880F50CF2->72f5ceaa-5b3b-4bc7-b846-41895f4ebd48@group-833AA35A7EDE, cid=3218, SUCCESS, logIndex=0, commits[72f5ceaa-5b3b-4bc7-b846-41895f4ebd48:c4829, b4e1f7d4-4bb4-47ed-a9cb-53483a899fb2:c4828, d3916bce-b37b-4246-83c6-d24846ba1a72:c4828]
2019-07-08 14:21:38,597 INFO  client.GrpcClientProtocolClient (GrpcClientProtocolClient.java:onNext(255)) - client-DE0880F50CF2->72f5ceaa-5b3b-4bc7-b846-41895f4ebd48: receive RaftClientReply:client-DE0880F50CF2->72f5ceaa-5b3b-4bc7-b846-41895f4ebd48@group-833AA35A7EDE, cid=3219, SUCCESS, logIndex=4831, commits[72f5ceaa-5b3b-4bc7-b846-41895f4ebd48:c4831, b4e1f7d4-4bb4-47ed-a9cb-53483a899fb2:c4830, d3916bce-b37b-4246-83c6-d24846ba1a72:c4830]
2019-07-08 14:21:38,598 INFO  client.GrpcClientProtocolClient (GrpcClientProtocolClient.java:onNext(255)) - client-DE0880F50CF2->72f5ceaa-5b3b-4bc7-b846-41895f4ebd48: receive RaftClientReply:client-DE0880F50CF2->72f5ceaa-5b3b-4bc7-b846-41895f4ebd48@group-833AA35A7EDE, cid=3220, SUCCESS, logIndex=4832, commits[72f5ceaa-5b3b-4bc7-b846-41895f4ebd48:c4834, b4e1f7d4-4bb4-47ed-a9cb-53483a899fb2:c4830, d3916bce-b37b-4246-83c6-d24846ba1a72:c4830]
2019-07-08 14:21:38,598 INFO  client.GrpcClientProtocolClient (GrpcClientProtocolClient.java:onNext(255)) - client-DE0880F50CF2->72f5ceaa-5b3b-4bc7-b846-41895f4ebd48: receive RaftClientReply:client-DE0880F50CF2->72f5ceaa-5b3b-4bc7-b846-41895f4ebd48@group-833AA35A7EDE, cid=3221, SUCCESS, logIndex=4833, commits[72f5ceaa-5b3b-4bc7-b846-41895f4ebd48:c4834, b4e1f7d4-4bb4-47ed-a9cb-53483a899fb2:c4830, d3916bce-b37b-4246-83c6-d24846ba1a72:c4830]
2019-07-08 14:21:38,599 INFO  client.GrpcClientProtocolClient (GrpcClientProtocolClient.java:onNext(255)) - client-DE0880F50CF2->72f5ceaa-5b3b-4bc7-b846-41895f4ebd48: receive RaftClientReply:client-DE0880F50CF2->72f5ceaa-5b3b-4bc7-b846-41895f4ebd48@group-833AA35A7EDE, cid=3222, SUCCESS, logIndex=4834, commits[72f5ceaa-5b3b-4bc7-b846-41895f4ebd48:c4835, b4e1f7d4-4bb4-47ed-a9cb-53483a899fb2:c4830, d3916bce-b37b-4246-83c6-d24846ba1a72:c4831]
2019-07-08 14:21:38,612 INFO  client.GrpcClientProtocolClient (GrpcClientProtocolClient.java:onNext(255)) - client-DE0880F50CF2->72f5ceaa-5b3b-4bc7-b846-41895f4ebd48: receive RaftClientReply:client-DE0880F50CF2->72f5ceaa-5b3b-4bc7-b846-41895f4ebd48@group-833AA35A7EDE, cid=3223, SUCCESS, logIndex=0, commits[72f5ceaa-5b3b-4bc7-b846-41895f4ebd48:c4836, b4e1f7d4-4bb4-47ed-a9cb-53483a899fb2:c4834, d3916bce-b37b-4246-83c6-d24846ba1a72:c4834]
2019-07-08 14:21:38,649 INFO  client.GrpcClientProtocolClient (GrpcClientProtocolClient.java:onNext(255)) - client-DE0880F50CF2->72f5ceaa-5b3b-4bc7-b846-41895f4ebd48: receive RaftClientReply:client-DE0880F50CF2->72f5ceaa-5b3b-4bc7-b846-41895f4ebd48@group-833AA35A7EDE, cid=3224, SUCCESS, logIndex=4837, commits[72f5ceaa-5b3b-4bc7-b846-41895f4ebd48:c4838, b4e1f7d4-4bb4-47ed-a9cb-53483a899fb2:c4836, d3916bce-b37b-4246-83c6-d24846ba1a72:c4836]
2019-07-08 14:21:38,650 INFO  client.GrpcClientProtocolClient (GrpcClientProtocolClient.java:onNext(255)) - client-DE0880F50CF2->72f5ceaa-5b3b-4bc7-b846-41895f4ebd48: receive RaftClientReply:client-DE0880F50CF2->72f5ceaa-5b3b-4bc7-b846-41895f4ebd48@group-833AA35A7EDE, cid=3225, SUCCESS, logIndex=4838, commits[72f5ceaa-5b3b-4bc7-b846-41895f4ebd48:c4838, b4e1f7d4-4bb4-47ed-a9cb-53483a899fb2:c4836, d3916bce-b37b-4246-83c6-d24846ba1a72:c4836]
2019-07-08 14:21:38,673 INFO  client.GrpcClientProtocolClient (GrpcClientProtocolClient.java:onNext(255)) - client-DE0880F50CF2->72f5ceaa-5b3b-4bc7-b846-41895f4ebd48: receive RaftClientReply:client-DE0880F50CF2->72f5ceaa-5b3b-4bc7-b846-41895f4ebd48@group-833AA35A7EDE, cid=3226, SUCCESS, logIndex=4841, commits[72f5ceaa-5b3b-4bc7-b846-41895f4ebd48:c4842, b4e1f7d4-4bb4-47ed-a9cb-53483a899fb2:c4838, d3916bce-b37b-4246-83c6-d24846ba1a72:c4838]
2019-07-08 14:21:38,674 INFO  client.GrpcClientProtocolClient (GrpcClientProtocolClient.java:onNext(255)) - client-DE0880F50CF2->72f5ceaa-5b3b-4bc7-b846-41895f4ebd48: receive RaftClientReply:client-DE0880F50CF2->72f5ceaa-5b3b-4bc7-b846-41895f4ebd48@group-833AA35A7EDE, cid=3227, SUCCESS, logIndex=4842, commits[72f5ceaa-5b3b-4bc7-b846-41895f4ebd48:c4842, b4e1f7d4-4bb4-47ed-a9cb-53483a899fb2:c4838, d3916bce-b37b-4246-83c6-d24846ba1a72:c4838]
2019-07-08 14:21:38,686 INFO  client.GrpcClientProtocolClient (GrpcClientProtocolClient.java:onNext(255)) - client-DE0880F50CF2->72f5ceaa-5b3b-4bc7-b846-41895f4ebd48: receive RaftClientReply:client-DE0880F50CF2->72f5ceaa-5b3b-4bc7-b846-41895f4ebd48@group-833AA35A7EDE, cid=3228, SUCCESS, logIndex=0, commits[72f5ceaa-5b3b-4bc7-b846-41895f4ebd48:c4843, b4e1f7d4-4bb4-47ed-a9cb-53483a899fb2:c4842, d3916bce-b37b-4246-83c6-d24846ba1a72:c4842]
2019-07-08 14:21:38,718 INFO  client.GrpcClientProtocolClient (GrpcClientProtocolClient.java:onNext(255)) - client-DE0880F50CF2->72f5ceaa-5b3b-4bc7-b846-41895f4ebd48: receive RaftClientReply:client-DE0880F50CF2->72f5ceaa-5b3b-4bc7-b846-41895f4ebd48@group-833AA35A7EDE, cid=3229, SUCCESS, logIndex=4845, commits[72f5ceaa-5b3b-4bc7-b846-41895f4ebd48:c4846, b4e1f7d4-4bb4-47ed-a9cb-53483a899fb2:c4844, d3916bce-b37b-4246-83c6-d24846ba1a72:c4844]
2019-07-08 14:21:38,718 INFO  client.GrpcClientProtocolClient (GrpcClientProtocolClient.java:onNext(255)) - client-DE0880F50CF2->72f5ceaa-5b3b-4bc7-b846-41895f4ebd48: receive RaftClientReply:client-DE0880F50CF2->72f5ceaa-5b3b-4bc7-b846-41895f4ebd48@group-833AA35A7EDE, cid=3230, SUCCESS, logIndex=4846, commits[72f5ceaa-5b3b-4bc7-b846-41895f4ebd48:c4848, b4e1f7d4-4bb4-47ed-a9cb-53483a899fb2:c4844, d3916bce-b37b-4246-83c6-d24846ba1a72:c4844]
2019-07-08 14:21:38,719 INFO  client.GrpcClientProtocolClient (GrpcClientProtocolClient.java:onNext(255)) - client-DE0880F50CF2->72f5ceaa-5b3b-4bc7-b846-41895f4ebd48: receive RaftClientReply:client-DE0880F50CF2->72f5ceaa-5b3b-4bc7-b846-41895f4ebd48@group-833AA35A7EDE, cid=3231, SUCCESS, logIndex=4847, commits[72f5ceaa-5b3b-4bc7-b846-41895f4ebd48:c4848, b4e1f7d4-4bb4-47ed-a9cb-53483a899fb2:c4844, d3916bce-b37b-4246-83c6-d24846ba1a72:c4844]
2019-07-08 14:21:38,719 INFO  client.GrpcClientProtocolClient (GrpcClientProtocolClient.java:onNext(255)) - client-DE0880F50CF2->72f5ceaa-5b3b-4bc7-b846-41895f4ebd48: receive RaftClientReply:client-DE0880F50CF2->72f5ceaa-5b3b-4bc7-b846-41895f4ebd48@group-833AA35A7EDE, cid=3232, SUCCESS, logIndex=4848, commits[72f5ceaa-5b3b-4bc7-b846-41895f4ebd48:c4848, b4e1f7d4-4bb4-47ed-a9cb-53483a899fb2:c4844, d3916bce-b37b-4246-83c6-d24846ba1a72:c4844]
2019-07-08 14:21:38,731 INFO  client.GrpcClientProtocolClient (GrpcClientProtocolClient.java:onNext(255)) - client-DE0880F50CF2->72f5ceaa-5b3b-4bc7-b846-41895f4ebd48: receive RaftClientReply:client-DE0880F50CF2->72f5ceaa-5b3b-4bc7-b846-41895f4ebd48@group-833AA35A7EDE, cid=3233, SUCCESS, logIndex=0, commits[72f5ceaa-5b3b-4bc7-b846-41895f4ebd48:c4849, b4e1f7d4-4bb4-47ed-a9cb-53483a899fb2:c4846, d3916bce-b37b-4246-83c6-d24846ba1a72:c4846]
2019-07-08 14:21:38,748 INFO  client.GrpcClientProtocolClient (GrpcClientProtocolClient.java:onNext(255)) - client-DE0880F50CF2->72f5ceaa-5b3b-4bc7-b846-41895f4ebd48: receive RaftClientReply:client-DE0880F50CF2->72f5ceaa-5b3b-4bc7-b846-41895f4ebd48@group-833AA35A7EDE, cid=3234, SUCCESS, logIndex=4852, commits[72f5ceaa-5b3b-4bc7-b846-41895f4ebd48:c4853, b4e1f7d4-4bb4-47ed-a9cb-53483a899fb2:c4849, d3916bce-b37b-4246-83c6-d24846ba1a72:c4849]
2019-07-08 14:21:38,748 INFO  client.GrpcClientProtocolClient (GrpcClientProtocolClient.java:onNext(255)) - client-DE0880F50CF2->72f5ceaa-5b3b-4bc7-b846-41895f4ebd48: receive RaftClientReply:client-DE0880F50CF2->72f5ceaa-5b3b-4bc7-b846-41895f4ebd48@group-833AA35A7EDE, cid=3235, SUCCESS, logIndex=4853, commits[72f5ceaa-5b3b-4bc7-b846-41895f4ebd48:c4853, b4e1f7d4-4bb4-47ed-a9cb-53483a899fb2:c4849, d3916bce-b37b-4246-83c6-d24846ba1a72:c4849]
2019-07-08 14:21:38,760 INFO  client.GrpcClientProtocolClient (GrpcClientProtocolClient.java:onNext(255)) - client-DE0880F50CF2->72f5ceaa-5b3b-4bc7-b846-41895f4ebd48: receive RaftClientReply:client-DE0880F50CF2->72f5ceaa-5b3b-4bc7-b846-41895f4ebd48@group-833AA35A7EDE, cid=3236, SUCCESS, logIndex=4856, commits[72f5ceaa-5b3b-4bc7-b846-41895f4ebd48:c4857, b4e1f7d4-4bb4-47ed-a9cb-53483a899fb2:c4855, d3916bce-b37b-4246-83c6-d24846ba1a72:c4855]
2019-07-08 14:21:38,760 INFO  client.GrpcClientProtocolClient (GrpcClientProtocolClient.java:onNext(255)) - client-DE0880F50CF2->72f5ceaa-5b3b-4bc7-b846-41895f4ebd48: receive RaftClientReply:client-DE0880F50CF2->72f5ceaa-5b3b-4bc7-b846-41895f4ebd48@group-833AA35A7EDE, cid=3237, SUCCESS, logIndex=4857, commits[72f5ceaa-5b3b-4bc7-b846-41895f4ebd48:c4857, b4e1f7d4-4bb4-47ed-a9cb-53483a899fb2:c4855, d3916bce-b37b-4246-83c6-d24846ba1a72:c4855]
2019-07-08 14:21:38,764 INFO  client.GrpcClientProtocolClient (GrpcClientProtocolClient.java:onNext(255)) - client-DE0880F50CF2->72f5ceaa-5b3b-4bc7-b846-41895f4ebd48: receive RaftClientReply:client-DE0880F50CF2->72f5ceaa-5b3b-4bc7-b846-41895f4ebd48@group-833AA35A7EDE, cid=3238, SUCCESS, logIndex=0, commits[72f5ceaa-5b3b-4bc7-b846-41895f4ebd48:c4858, b4e1f7d4-4bb4-47ed-a9cb-53483a899fb2:c4857, d3916bce-b37b-4246-83c6-d24846ba1a72:c4857]
2019-07-08 14:21:38,788 INFO  client.GrpcClientProtocolClient (GrpcClientProtocolClient.java:onNext(255)) - client-DE0880F50CF2->72f5ceaa-5b3b-4bc7-b846-41895f4ebd48: receive RaftClientReply:client-DE0880F50CF2->72f5ceaa-5b3b-4bc7-b846-41895f4ebd48@group-833AA35A7EDE, cid=3239, SUCCESS, logIndex=4860, commits[72f5ceaa-5b3b-4bc7-b846-41895f4ebd48:c4861, b4e1f7d4-4bb4-47ed-a9cb-53483a899fb2:c4859, d3916bce-b37b-4246-83c6-d24846ba1a72:c4859]
2019-07-08 14:21:38,789 INFO  client.GrpcClientProtocolClient (GrpcClientProtocolClient.java:onNext(255)) - client-DE0880F50CF2->72f5ceaa-5b3b-4bc7-b846-41895f4ebd48: receive RaftClientReply:client-DE0880F50CF2->72f5ceaa-5b3b-4bc7-b846-41895f4ebd48@group-833AA35A7EDE, cid=3240, SUCCESS, logIndex=4861, commits[72f5ceaa-5b3b-4bc7-b846-41895f4ebd48:c4861, b4e1f7d4-4bb4-47ed-a9cb-53483a899fb2:c4859, d3916bce-b37b-4246-83c6-d24846ba1a72:c4859]
2019-07-08 14:21:38,789 INFO  client.GrpcClientProtocolClient (GrpcClientProtocolClient.java:onNext(255)) - client-DE0880F50CF2->72f5ceaa-5b3b-4bc7-b846-41895f4ebd48: receive RaftClientReply:client-DE0880F50CF2->72f5ceaa-5b3b-4bc7-b846-41895f4ebd48@group-833AA35A7EDE, cid=3241, SUCCESS, logIndex=4862, commits[72f5ceaa-5b3b-4bc7-b846-41895f4ebd48:c4863, b4e1f7d4-4bb4-47ed-a9cb-53483a899fb2:c4859, d3916bce-b37b-4246-83c6-d24846ba1a72:c4859]
2019-07-08 14:21:38,790 INFO  client.GrpcClientProtocolClient (GrpcClientProtocolClient.java:onNext(255)) - client-DE0880F50CF2->72f5ceaa-5b3b-4bc7-b846-41895f4ebd48: receive RaftClientReply:client-DE0880F50CF2->72f5ceaa-5b3b-4bc7-b846-41895f4ebd48@group-833AA35A7EDE, cid=3242, SUCCESS, logIndex=4863, commits[72f5ceaa-5b3b-4bc7-b846-41895f4ebd48:c4863, b4e1f7d4-4bb4-47ed-a9cb-53483a899fb2:c4859, d3916bce-b37b-4246-83c6-d24846ba1a72:c4859]
2019-07-08 14:21:38,792 INFO  client.GrpcClientProtocolClient (GrpcClientProtocolClient.java:onNext(255)) - client-DE0880F50CF2->72f5ceaa-5b3b-4bc7-b846-41895f4ebd48: receive RaftClientReply:client-DE0880F50CF2->72f5ceaa-5b3b-4bc7-b846-41895f4ebd48@group-833AA35A7EDE, cid=3243, SUCCESS, logIndex=0, commits[72f5ceaa-5b3b-4bc7-b846-41895f4ebd48:c4865, b4e1f7d4-4bb4-47ed-a9cb-53483a899fb2:c4861, d3916bce-b37b-4246-83c6-d24846ba1a72:c4861]
2019-07-08 14:21:38,806 INFO  client.GrpcClientProtocolClient (GrpcClientProtocolClient.java:onNext(255)) - client-DE0880F50CF2->72f5ceaa-5b3b-4bc7-b846-41895f4ebd48: receive RaftClientReply:client-DE0880F50CF2->72f5ceaa-5b3b-4bc7-b846-41895f4ebd48@group-833AA35A7EDE, cid=3244, SUCCESS, logIndex=4868, commits[72f5ceaa-5b3b-4bc7-b846-41895f4ebd48:c4869, b4e1f7d4-4bb4-47ed-a9cb-53483a899fb2:c4863, d3916bce-b37b-4246-83c6-d24846ba1a72:c4865]
2019-07-08 14:21:38,807 INFO  client.GrpcClientProtocolClient (GrpcClientProtocolClient.java:onNext(255)) - client-DE0880F50CF2->72f5ceaa-5b3b-4bc7-b846-41895f4ebd48: receive RaftClientReply:client-DE0880F50CF2->72f5ceaa-5b3b-4bc7-b846-41895f4ebd48@group-833AA35A7EDE, cid=3245, SUCCESS, logIndex=4869, commits[72f5ceaa-5b3b-4bc7-b846-41895f4ebd48:c4869, b4e1f7d4-4bb4-47ed-a9cb-53483a899fb2:c4865, d3916bce-b37b-4246-83c6-d24846ba1a72:c4865]
2019-07-08 14:21:38,821 INFO  client.GrpcClientProtocolClient (GrpcClientProtocolClient.java:onNext(255)) - client-DE0880F50CF2->72f5ceaa-5b3b-4bc7-b846-41895f4ebd48: receive RaftClientReply:client-DE0880F50CF2->72f5ceaa-5b3b-4bc7-b846-41895f4ebd48@group-833AA35A7EDE, cid=3246, SUCCESS, logIndex=4871, commits[72f5ceaa-5b3b-4bc7-b846-41895f4ebd48:c4872, b4e1f7d4-4bb4-47ed-a9cb-53483a899fb2:c4869, d3916bce-b37b-4246-83c6-d24846ba1a72:c4869]
2019-07-08 14:21:38,822 INFO  client.GrpcClientProtocolClient (GrpcClientProtocolClient.java:onNext(255)) - client-DE0880F50CF2->72f5ceaa-5b3b-4bc7-b846-41895f4ebd48: receive RaftClientReply:client-DE0880F50CF2->72f5ceaa-5b3b-4bc7-b846-41895f4ebd48@group-833AA35A7EDE, cid=3247, SUCCESS, logIndex=4872, commits[72f5ceaa-5b3b-4bc7-b846-41895f4ebd48:c4872, b4e1f7d4-4bb4-47ed-a9cb-53483a899fb2:c4869, d3916bce-b37b-4246-83c6-d24846ba1a72:c4869]
2019-07-08 14:21:38,843 INFO  client.GrpcClientProtocolClient (GrpcClientProtocolClient.java:onNext(255)) - client-DE0880F50CF2->72f5ceaa-5b3b-4bc7-b846-41895f4ebd48: receive RaftClientReply:client-DE0880F50CF2->72f5ceaa-5b3b-4bc7-b846-41895f4ebd48@group-833AA35A7EDE, cid=3248, SUCCESS, logIndex=0, commits[72f5ceaa-5b3b-4bc7-b846-41895f4ebd48:c4874, b4e1f7d4-4bb4-47ed-a9cb-53483a899fb2:c4872, d3916bce-b37b-4246-83c6-d24846ba1a72:c4872]
2019-07-08 14:21:38,874 INFO  client.GrpcClientProtocolClient (GrpcClientProtocolClient.java:onNext(255)) - client-DE0880F50CF2->72f5ceaa-5b3b-4bc7-b846-41895f4ebd48: receive RaftClientReply:client-DE0880F50CF2->72f5ceaa-5b3b-4bc7-b846-41895f4ebd48@group-833AA35A7EDE, cid=3249, SUCCESS, logIndex=4875, commits[72f5ceaa-5b3b-4bc7-b846-41895f4ebd48:c4877, b4e1f7d4-4bb4-47ed-a9cb-53483a899fb2:c4874, d3916bce-b37b-4246-83c6-d24846ba1a72:c4874]
2019-07-08 14:21:38,875 INFO  client.GrpcClientProtocolClient (GrpcClientProtocolClient.java:onNext(255)) - client-DE0880F50CF2->72f5ceaa-5b3b-4bc7-b846-41895f4ebd48: receive RaftClientReply:client-DE0880F50CF2->72f5ceaa-5b3b-4bc7-b846-41895f4ebd48@group-833AA35A7EDE, cid=3250, SUCCESS, logIndex=4876, commits[72f5ceaa-5b3b-4bc7-b846-41895f4ebd48:c4878, b4e1f7d4-4bb4-47ed-a9cb-53483a899fb2:c4874, d3916bce-b37b-4246-83c6-d24846ba1a72:c4874]
2019-07-08 14:21:38,875 INFO  client.GrpcClientProtocolClient (GrpcClientProtocolClient.java:onNext(255)) - client-DE0880F50CF2->72f5ceaa-5b3b-4bc7-b846-41895f4ebd48: receive RaftClientReply:client-DE0880F50CF2->72f5ceaa-5b3b-4bc7-b846-41895f4ebd48@group-833AA35A7EDE, cid=3251, SUCCESS, logIndex=4877, commits[72f5ceaa-5b3b-4bc7-b846-41895f4ebd48:c4878, b4e1f7d4-4bb4-47ed-a9cb-53483a899fb2:c4874, d3916bce-b37b-4246-83c6-d24846ba1a72:c4874]
2019-07-08 14:21:38,875 INFO  client.GrpcClientProtocolClient (GrpcClientProtocolClient.java:onNext(255)) - client-DE0880F50CF2->72f5ceaa-5b3b-4bc7-b846-41895f4ebd48: receive RaftClientReply:client-DE0880F50CF2->72f5ceaa-5b3b-4bc7-b846-41895f4ebd48@group-833AA35A7EDE, cid=3252, SUCCESS, logIndex=4878, commits[72f5ceaa-5b3b-4bc7-b846-41895f4ebd48:c4878, b4e1f7d4-4bb4-47ed-a9cb-53483a899fb2:c4874, d3916bce-b37b-4246-83c6-d24846ba1a72:c4874]
2019-07-08 14:21:38,888 INFO  client.GrpcClientProtocolClient (GrpcClientProtocolClient.java:onNext(255)) - client-DE0880F50CF2->72f5ceaa-5b3b-4bc7-b846-41895f4ebd48: receive RaftClientReply:client-DE0880F50CF2->72f5ceaa-5b3b-4bc7-b846-41895f4ebd48@group-833AA35A7EDE, cid=3253, SUCCESS, logIndex=0, commits[72f5ceaa-5b3b-4bc7-b846-41895f4ebd48:c4880, b4e1f7d4-4bb4-47ed-a9cb-53483a899fb2:c4876, d3916bce-b37b-4246-83c6-d24846ba1a72:c4876]
2019-07-08 14:21:38,900 INFO  client.GrpcClientProtocolClient (GrpcClientProtocolClient.java:onNext(255)) - client-DE0880F50CF2->72f5ceaa-5b3b-4bc7-b846-41895f4ebd48: receive RaftClientReply:client-DE0880F50CF2->72f5ceaa-5b3b-4bc7-b846-41895f4ebd48@group-833AA35A7EDE, cid=3254, SUCCESS, logIndex=4883, commits[72f5ceaa-5b3b-4bc7-b846-41895f4ebd48:c4884, b4e1f7d4-4bb4-47ed-a9cb-53483a899fb2:c4882, d3916bce-b37b-4246-83c6-d24846ba1a72:c4878]
2019-07-08 14:21:38,900 INFO  client.GrpcClientProtocolClient (GrpcClientProtocolClient.java:onNext(255)) - client-DE0880F50CF2->72f5ceaa-5b3b-4bc7-b846-41895f4ebd48: receive RaftClientReply:client-DE0880F50CF2->72f5ceaa-5b3b-4bc7-b846-41895f4ebd48@group-833AA35A7EDE, cid=3255, SUCCESS, logIndex=4884, commits[72f5ceaa-5b3b-4bc7-b846-41895f4ebd48:c4884, b4e1f7d4-4bb4-47ed-a9cb-53483a899fb2:c4882, d3916bce-b37b-4246-83c6-d24846ba1a72:c4882]
2019-07-08 14:21:38,917 INFO  client.GrpcClientProtocolClient (GrpcClientProtocolClient.java:onNext(255)) - client-DE0880F50CF2->72f5ceaa-5b3b-4bc7-b846-41895f4ebd48: receive RaftClientReply:client-DE0880F50CF2->72f5ceaa-5b3b-4bc7-b846-41895f4ebd48@group-833AA35A7EDE, cid=3256, SUCCESS, logIndex=4887, commits[72f5ceaa-5b3b-4bc7-b846-41895f4ebd48:c4888, b4e1f7d4-4bb4-47ed-a9cb-53483a899fb2:c4885, d3916bce-b37b-4246-83c6-d24846ba1a72:c4885]
2019-07-08 14:21:38,918 INFO  client.GrpcClientProtocolClient (GrpcClientProtocolClient.java:onNext(255)) - client-DE0880F50CF2->72f5ceaa-5b3b-4bc7-b846-41895f4ebd48: receive RaftClientReply:client-DE0880F50CF2->72f5ceaa-5b3b-4bc7-b846-41895f4ebd48@group-833AA35A7EDE, cid=3257, SUCCESS, logIndex=4888, commits[72f5ceaa-5b3b-4bc7-b846-41895f4ebd48:c4888, b4e1f7d4-4bb4-47ed-a9cb-53483a899fb2:c4885, d3916bce-b37b-4246-83c6-d24846ba1a72:c4885]
2019-07-08 14:21:38,944 INFO  client.GrpcClientProtocolClient (GrpcClientProtocolClient.java:onNext(255)) - client-DE0880F50CF2->72f5ceaa-5b3b-4bc7-b846-41895f4ebd48: receive RaftClientReply:client-DE0880F50CF2->72f5ceaa-5b3b-4bc7-b846-41895f4ebd48@group-833AA35A7EDE, cid=3258, SUCCESS, logIndex=0, commits[72f5ceaa-5b3b-4bc7-b846-41895f4ebd48:c4889, b4e1f7d4-4bb4-47ed-a9cb-53483a899fb2:c4888, d3916bce-b37b-4246-83c6-d24846ba1a72:c4888]
2019-07-08 14:21:38,972 INFO  client.GrpcClientProtocolClient (GrpcClientProtocolClient.java:onNext(255)) - client-DE0880F50CF2->72f5ceaa-5b3b-4bc7-b846-41895f4ebd48: receive RaftClientReply:client-DE0880F50CF2->72f5ceaa-5b3b-4bc7-b846-41895f4ebd48@group-833AA35A7EDE, cid=3259, SUCCESS, logIndex=4891, commits[72f5ceaa-5b3b-4bc7-b846-41895f4ebd48:c4893, b4e1f7d4-4bb4-47ed-a9cb-53483a899fb2:c4890, d3916bce-b37b-4246-83c6-d24846ba1a72:c4890]
2019-07-08 14:21:38,972 INFO  client.GrpcClientProtocolClient (GrpcClientProtocolClient.java:onNext(255)) - client-DE0880F50CF2->72f5ceaa-5b3b-4bc7-b846-41895f4ebd48: receive RaftClientReply:client-DE0880F50CF2->72f5ceaa-5b3b-4bc7-b846-41895f4ebd48@group-833AA35A7EDE, cid=3260, SUCCESS, logIndex=4892, commits[72f5ceaa-5b3b-4bc7-b846-41895f4ebd48:c4894, b4e1f7d4-4bb4-47ed-a9cb-53483a899fb2:c4890, d3916bce-b37b-4246-83c6-d24846ba1a72:c4890]
2019-07-08 14:21:38,972 INFO  client.GrpcClientProtocolClient (GrpcClientProtocolClient.java:onNext(255)) - client-DE0880F50CF2->72f5ceaa-5b3b-4bc7-b846-41895f4ebd48: receive RaftClientReply:client-DE0880F50CF2->72f5ceaa-5b3b-4bc7-b846-41895f4ebd48@group-833AA35A7EDE, cid=3261, SUCCESS, logIndex=4893, commits[72f5ceaa-5b3b-4bc7-b846-41895f4ebd48:c4894, b4e1f7d4-4bb4-47ed-a9cb-53483a899fb2:c4890, d3916bce-b37b-4246-83c6-d24846ba1a72:c4890]
2019-07-08 14:21:38,973 INFO  client.GrpcClientProtocolClient (GrpcClientProtocolClient.java:onNext(255)) - client-DE0880F50CF2->72f5ceaa-5b3b-4bc7-b846-41895f4ebd48: receive RaftClientReply:client-DE0880F50CF2->72f5ceaa-5b3b-4bc7-b846-41895f4ebd48@group-833AA35A7EDE, cid=3262, SUCCESS, logIndex=4894, commits[72f5ceaa-5b3b-4bc7-b846-41895f4ebd48:c4894, b4e1f7d4-4bb4-47ed-a9cb-53483a899fb2:c4890, d3916bce-b37b-4246-83c6-d24846ba1a72:c4890]
 0.00% |█                                                                                                    |  0/1 Time: 0:00:332019-07-08 14:21:38,987 INFO  client.GrpcClientProtocolClient (GrpcClientProtocolClient.java:onNext(255)) - client-DE0880F50CF2->72f5ceaa-5b3b-4bc7-b846-41895f4ebd48: receive RaftClientReply:client-DE0880F50CF2->72f5ceaa-5b3b-4bc7-b846-41895f4ebd48@group-833AA35A7EDE, cid=3263, SUCCESS, logIndex=0, commits[72f5ceaa-5b3b-4bc7-b846-41895f4ebd48:c4896, b4e1f7d4-4bb4-47ed-a9cb-53483a899fb2:c4892, d3916bce-b37b-4246-83c6-d24846ba1a72:c4892]
2019-07-08 14:21:39,011 INFO  client.GrpcClientProtocolClient (GrpcClientProtocolClient.java:onNext(255)) - client-DE0880F50CF2->72f5ceaa-5b3b-4bc7-b846-41895f4ebd48: receive RaftClientReply:client-DE0880F50CF2->72f5ceaa-5b3b-4bc7-b846-41895f4ebd48@group-833AA35A7EDE, cid=3264, SUCCESS, logIndex=4899, commits[72f5ceaa-5b3b-4bc7-b846-41895f4ebd48:c4900, b4e1f7d4-4bb4-47ed-a9cb-53483a899fb2:c4896, d3916bce-b37b-4246-83c6-d24846ba1a72:c4894]
2019-07-08 14:21:39,011 INFO  client.GrpcClientProtocolClient (GrpcClientProtocolClient.java:onNext(255)) - client-DE0880F50CF2->72f5ceaa-5b3b-4bc7-b846-41895f4ebd48: receive RaftClientReply:client-DE0880F50CF2->72f5ceaa-5b3b-4bc7-b846-41895f4ebd48@group-833AA35A7EDE, cid=3265, SUCCESS, logIndex=4900, commits[72f5ceaa-5b3b-4bc7-b846-41895f4ebd48:c4900, b4e1f7d4-4bb4-47ed-a9cb-53483a899fb2:c4896, d3916bce-b37b-4246-83c6-d24846ba1a72:c4894]
2019-07-08 14:21:39,028 INFO  client.GrpcClientProtocolClient (GrpcClientProtocolClient.java:onNext(255)) - client-DE0880F50CF2->72f5ceaa-5b3b-4bc7-b846-41895f4ebd48: receive RaftClientReply:client-DE0880F50CF2->72f5ceaa-5b3b-4bc7-b846-41895f4ebd48@group-833AA35A7EDE, cid=3266, SUCCESS, logIndex=4903, commits[72f5ceaa-5b3b-4bc7-b846-41895f4ebd48:c4904, b4e1f7d4-4bb4-47ed-a9cb-53483a899fb2:c4900, d3916bce-b37b-4246-83c6-d24846ba1a72:c4902]
2019-07-08 14:21:39,028 INFO  client.GrpcClientProtocolClient (GrpcClientProtocolClient.java:onNext(255)) - client-DE0880F50CF2->72f5ceaa-5b3b-4bc7-b846-41895f4ebd48: receive RaftClientReply:client-DE0880F50CF2->72f5ceaa-5b3b-4bc7-b846-41895f4ebd48@group-833AA35A7EDE, cid=3267, SUCCESS, logIndex=4904, commits[72f5ceaa-5b3b-4bc7-b846-41895f4ebd48:c4904, b4e1f7d4-4bb4-47ed-a9cb-53483a899fb2:c4900, d3916bce-b37b-4246-83c6-d24846ba1a72:c4902]
2019-07-08 14:21:39,051 INFO  client.GrpcClientProtocolClient (GrpcClientProtocolClient.java:onNext(255)) - client-DE0880F50CF2->72f5ceaa-5b3b-4bc7-b846-41895f4ebd48: receive RaftClientReply:client-DE0880F50CF2->72f5ceaa-5b3b-4bc7-b846-41895f4ebd48@group-833AA35A7EDE, cid=3268, SUCCESS, logIndex=0, commits[72f5ceaa-5b3b-4bc7-b846-41895f4ebd48:c4905, b4e1f7d4-4bb4-47ed-a9cb-53483a899fb2:c4904, d3916bce-b37b-4246-83c6-d24846ba1a72:c4904]
2019-07-08 14:21:39,085 INFO  client.GrpcClientProtocolClient (GrpcClientProtocolClient.java:onNext(255)) - client-DE0880F50CF2->72f5ceaa-5b3b-4bc7-b846-41895f4ebd48: receive RaftClientReply:client-DE0880F50CF2->72f5ceaa-5b3b-4bc7-b846-41895f4ebd48@group-833AA35A7EDE, cid=3269, SUCCESS, logIndex=4907, commits[72f5ceaa-5b3b-4bc7-b846-41895f4ebd48:c4909, b4e1f7d4-4bb4-47ed-a9cb-53483a899fb2:c4906, d3916bce-b37b-4246-83c6-d24846ba1a72:c4906]
2019-07-08 14:21:39,085 INFO  client.GrpcClientProtocolClient (GrpcClientProtocolClient.java:onNext(255)) - client-DE0880F50CF2->72f5ceaa-5b3b-4bc7-b846-41895f4ebd48: receive RaftClientReply:client-DE0880F50CF2->72f5ceaa-5b3b-4bc7-b846-41895f4ebd48@group-833AA35A7EDE, cid=3270, SUCCESS, logIndex=4908, commits[72f5ceaa-5b3b-4bc7-b846-41895f4ebd48:c4910, b4e1f7d4-4bb4-47ed-a9cb-53483a899fb2:c4906, d3916bce-b37b-4246-83c6-d24846ba1a72:c4906]
2019-07-08 14:21:39,085 INFO  client.GrpcClientProtocolClient (GrpcClientProtocolClient.java:onNext(255)) - client-DE0880F50CF2->72f5ceaa-5b3b-4bc7-b846-41895f4ebd48: receive RaftClientReply:client-DE0880F50CF2->72f5ceaa-5b3b-4bc7-b846-41895f4ebd48@group-833AA35A7EDE, cid=3271, SUCCESS, logIndex=4909, commits[72f5ceaa-5b3b-4bc7-b846-41895f4ebd48:c4910, b4e1f7d4-4bb4-47ed-a9cb-53483a899fb2:c4906, d3916bce-b37b-4246-83c6-d24846ba1a72:c4906]
2019-07-08 14:21:39,086 INFO  client.GrpcClientProtocolClient (GrpcClientProtocolClient.java:onNext(255)) - client-DE0880F50CF2->72f5ceaa-5b3b-4bc7-b846-41895f4ebd48: receive RaftClientReply:client-DE0880F50CF2->72f5ceaa-5b3b-4bc7-b846-41895f4ebd48@group-833AA35A7EDE, cid=3272, SUCCESS, logIndex=4910, commits[72f5ceaa-5b3b-4bc7-b846-41895f4ebd48:c4910, b4e1f7d4-4bb4-47ed-a9cb-53483a899fb2:c4906, d3916bce-b37b-4246-83c6-d24846ba1a72:c4906]
2019-07-08 14:21:39,101 INFO  client.GrpcClientProtocolClient (GrpcClientProtocolClient.java:onNext(255)) - client-DE0880F50CF2->72f5ceaa-5b3b-4bc7-b846-41895f4ebd48: receive RaftClientReply:client-DE0880F50CF2->72f5ceaa-5b3b-4bc7-b846-41895f4ebd48@group-833AA35A7EDE, cid=3273, SUCCESS, logIndex=0, commits[72f5ceaa-5b3b-4bc7-b846-41895f4ebd48:c4913, b4e1f7d4-4bb4-47ed-a9cb-53483a899fb2:c4908, d3916bce-b37b-4246-83c6-d24846ba1a72:c4909]
2019-07-08 14:21:39,123 INFO  client.GrpcClientProtocolClient (GrpcClientProtocolClient.java:onNext(255)) - client-DE0880F50CF2->72f5ceaa-5b3b-4bc7-b846-41895f4ebd48: receive RaftClientReply:client-DE0880F50CF2->72f5ceaa-5b3b-4bc7-b846-41895f4ebd48@group-833AA35A7EDE, cid=3274, SUCCESS, logIndex=4915, commits[72f5ceaa-5b3b-4bc7-b846-41895f4ebd48:c4916, b4e1f7d4-4bb4-47ed-a9cb-53483a899fb2:c4910, d3916bce-b37b-4246-83c6-d24846ba1a72:c4913]
2019-07-08 14:21:39,123 INFO  client.GrpcClientProtocolClient (GrpcClientProtocolClient.java:onNext(255)) - client-DE0880F50CF2->72f5ceaa-5b3b-4bc7-b846-41895f4ebd48: receive RaftClientReply:client-DE0880F50CF2->72f5ceaa-5b3b-4bc7-b846-41895f4ebd48@group-833AA35A7EDE, cid=3275, SUCCESS, logIndex=4916, commits[72f5ceaa-5b3b-4bc7-b846-41895f4ebd48:c4916, b4e1f7d4-4bb4-47ed-a9cb-53483a899fb2:c4913, d3916bce-b37b-4246-83c6-d24846ba1a72:c4913]
2019-07-08 14:21:39,155 INFO  client.GrpcClientProtocolClient (GrpcClientProtocolClient.java:onNext(255)) - client-DE0880F50CF2->72f5ceaa-5b3b-4bc7-b846-41895f4ebd48: receive RaftClientReply:client-DE0880F50CF2->72f5ceaa-5b3b-4bc7-b846-41895f4ebd48@group-833AA35A7EDE, cid=3276, SUCCESS, logIndex=4919, commits[72f5ceaa-5b3b-4bc7-b846-41895f4ebd48:c4920, b4e1f7d4-4bb4-47ed-a9cb-53483a899fb2:c4916, d3916bce-b37b-4246-83c6-d24846ba1a72:c4917]
2019-07-08 14:21:39,156 INFO  client.GrpcClientProtocolClient (GrpcClientProtocolClient.java:onNext(255)) - client-DE0880F50CF2->72f5ceaa-5b3b-4bc7-b846-41895f4ebd48: receive RaftClientReply:client-DE0880F50CF2->72f5ceaa-5b3b-4bc7-b846-41895f4ebd48@group-833AA35A7EDE, cid=3277, SUCCESS, logIndex=4920, commits[72f5ceaa-5b3b-4bc7-b846-41895f4ebd48:c4920, b4e1f7d4-4bb4-47ed-a9cb-53483a899fb2:c4916, d3916bce-b37b-4246-83c6-d24846ba1a72:c4917]
2019-07-08 14:21:39,170 INFO  client.GrpcClientProtocolClient (GrpcClientProtocolClient.java:onNext(255)) - client-DE0880F50CF2->72f5ceaa-5b3b-4bc7-b846-41895f4ebd48: receive RaftClientReply:client-DE0880F50CF2->72f5ceaa-5b3b-4bc7-b846-41895f4ebd48@group-833AA35A7EDE, cid=3278, SUCCESS, logIndex=0, commits[72f5ceaa-5b3b-4bc7-b846-41895f4ebd48:c4921, b4e1f7d4-4bb4-47ed-a9cb-53483a899fb2:c4920, d3916bce-b37b-4246-83c6-d24846ba1a72:c4920]
2019-07-08 14:21:39,206 INFO  client.GrpcClientProtocolClient (GrpcClientProtocolClient.java:onNext(255)) - client-DE0880F50CF2->72f5ceaa-5b3b-4bc7-b846-41895f4ebd48: receive RaftClientReply:client-DE0880F50CF2->72f5ceaa-5b3b-4bc7-b846-41895f4ebd48@group-833AA35A7EDE, cid=3279, SUCCESS, logIndex=4923, commits[72f5ceaa-5b3b-4bc7-b846-41895f4ebd48:c4924, b4e1f7d4-4bb4-47ed-a9cb-53483a899fb2:c4922, d3916bce-b37b-4246-83c6-d24846ba1a72:c4922]
2019-07-08 14:21:39,207 INFO  client.GrpcClientProtocolClient (GrpcClientProtocolClient.java:onNext(255)) - client-DE0880F50CF2->72f5ceaa-5b3b-4bc7-b846-41895f4ebd48: receive RaftClientReply:client-DE0880F50CF2->72f5ceaa-5b3b-4bc7-b846-41895f4ebd48@group-833AA35A7EDE, cid=3280, SUCCESS, logIndex=4924, commits[72f5ceaa-5b3b-4bc7-b846-41895f4ebd48:c4924, b4e1f7d4-4bb4-47ed-a9cb-53483a899fb2:c4922, d3916bce-b37b-4246-83c6-d24846ba1a72:c4922]
2019-07-08 14:21:39,218 INFO  client.GrpcClientProtocolClient (GrpcClientProtocolClient.java:onNext(255)) - client-DE0880F50CF2->72f5ceaa-5b3b-4bc7-b846-41895f4ebd48: receive RaftClientReply:client-DE0880F50CF2->72f5ceaa-5b3b-4bc7-b846-41895f4ebd48@group-833AA35A7EDE, cid=3281, SUCCESS, logIndex=4925, commits[72f5ceaa-5b3b-4bc7-b846-41895f4ebd48:c4926, b4e1f7d4-4bb4-47ed-a9cb-53483a899fb2:c4922, d3916bce-b37b-4246-83c6-d24846ba1a72:c4922]
2019-07-08 14:21:39,218 INFO  client.GrpcClientProtocolClient (GrpcClientProtocolClient.java:onNext(255)) - client-DE0880F50CF2->72f5ceaa-5b3b-4bc7-b846-41895f4ebd48: receive RaftClientReply:client-DE0880F50CF2->72f5ceaa-5b3b-4bc7-b846-41895f4ebd48@group-833AA35A7EDE, cid=3282, SUCCESS, logIndex=4926, commits[72f5ceaa-5b3b-4bc7-b846-41895f4ebd48:c4926, b4e1f7d4-4bb4-47ed-a9cb-53483a899fb2:c4922, d3916bce-b37b-4246-83c6-d24846ba1a72:c4922]
2019-07-08 14:21:39,221 INFO  client.GrpcClientProtocolClient (GrpcClientProtocolClient.java:onNext(255)) - client-DE0880F50CF2->72f5ceaa-5b3b-4bc7-b846-41895f4ebd48: receive RaftClientReply:client-DE0880F50CF2->72f5ceaa-5b3b-4bc7-b846-41895f4ebd48@group-833AA35A7EDE, cid=3283, SUCCESS, logIndex=0, commits[72f5ceaa-5b3b-4bc7-b846-41895f4ebd48:c4928, b4e1f7d4-4bb4-47ed-a9cb-53483a899fb2:c4924, d3916bce-b37b-4246-83c6-d24846ba1a72:c4924]
2019-07-08 14:21:39,238 INFO  client.GrpcClientProtocolClient (GrpcClientProtocolClient.java:onNext(255)) - client-DE0880F50CF2->72f5ceaa-5b3b-4bc7-b846-41895f4ebd48: receive RaftClientReply:client-DE0880F50CF2->72f5ceaa-5b3b-4bc7-b846-41895f4ebd48@group-833AA35A7EDE, cid=3284, SUCCESS, logIndex=4931, commits[72f5ceaa-5b3b-4bc7-b846-41895f4ebd48:c4932, b4e1f7d4-4bb4-47ed-a9cb-53483a899fb2:c4926, d3916bce-b37b-4246-83c6-d24846ba1a72:c4928]
2019-07-08 14:21:39,238 INFO  client.GrpcClientProtocolClient (GrpcClientProtocolClient.java:onNext(255)) - client-DE0880F50CF2->72f5ceaa-5b3b-4bc7-b846-41895f4ebd48: receive RaftClientReply:client-DE0880F50CF2->72f5ceaa-5b3b-4bc7-b846-41895f4ebd48@group-833AA35A7EDE, cid=3285, SUCCESS, logIndex=4932, commits[72f5ceaa-5b3b-4bc7-b846-41895f4ebd48:c4932, b4e1f7d4-4bb4-47ed-a9cb-53483a899fb2:c4928, d3916bce-b37b-4246-83c6-d24846ba1a72:c4928]
2019-07-08 14:21:39,252 INFO  client.GrpcClientProtocolClient (GrpcClientProtocolClient.java:onNext(255)) - client-DE0880F50CF2->72f5ceaa-5b3b-4bc7-b846-41895f4ebd48: receive RaftClientReply:client-DE0880F50CF2->72f5ceaa-5b3b-4bc7-b846-41895f4ebd48@group-833AA35A7EDE, cid=3286, SUCCESS, logIndex=4934, commits[72f5ceaa-5b3b-4bc7-b846-41895f4ebd48:c4935, b4e1f7d4-4bb4-47ed-a9cb-53483a899fb2:c4932, d3916bce-b37b-4246-83c6-d24846ba1a72:c4933]
2019-07-08 14:21:39,253 INFO  client.GrpcClientProtocolClient (GrpcClientProtocolClient.java:onNext(255)) - client-DE0880F50CF2->72f5ceaa-5b3b-4bc7-b846-41895f4ebd48: receive RaftClientReply:client-DE0880F50CF2->72f5ceaa-5b3b-4bc7-b846-41895f4ebd48@group-833AA35A7EDE, cid=3287, SUCCESS, logIndex=4935, commits[72f5ceaa-5b3b-4bc7-b846-41895f4ebd48:c4935, b4e1f7d4-4bb4-47ed-a9cb-53483a899fb2:c4933, d3916bce-b37b-4246-83c6-d24846ba1a72:c4933]
2019-07-08 14:21:39,255 INFO  client.GrpcClientProtocolClient (GrpcClientProtocolClient.java:onNext(255)) - client-DE0880F50CF2->72f5ceaa-5b3b-4bc7-b846-41895f4ebd48: receive RaftClientReply:client-DE0880F50CF2->72f5ceaa-5b3b-4bc7-b846-41895f4ebd48@group-833AA35A7EDE, cid=3288, SUCCESS, logIndex=0, commits[72f5ceaa-5b3b-4bc7-b846-41895f4ebd48:c4937, b4e1f7d4-4bb4-47ed-a9cb-53483a899fb2:c4935, d3916bce-b37b-4246-83c6-d24846ba1a72:c4935]
2019-07-08 14:21:39,305 INFO  client.GrpcClientProtocolClient (GrpcClientProtocolClient.java:onNext(255)) - client-DE0880F50CF2->72f5ceaa-5b3b-4bc7-b846-41895f4ebd48: receive RaftClientReply:client-DE0880F50CF2->72f5ceaa-5b3b-4bc7-b846-41895f4ebd48@group-833AA35A7EDE, cid=3289, SUCCESS, logIndex=4938, commits[72f5ceaa-5b3b-4bc7-b846-41895f4ebd48:c4939, b4e1f7d4-4bb4-47ed-a9cb-53483a899fb2:c4937, d3916bce-b37b-4246-83c6-d24846ba1a72:c4935]
2019-07-08 14:21:39,306 INFO  client.GrpcClientProtocolClient (GrpcClientProtocolClient.java:onNext(255)) - client-DE0880F50CF2->72f5ceaa-5b3b-4bc7-b846-41895f4ebd48: receive RaftClientReply:client-DE0880F50CF2->72f5ceaa-5b3b-4bc7-b846-41895f4ebd48@group-833AA35A7EDE, cid=3290, SUCCESS, logIndex=4939, commits[72f5ceaa-5b3b-4bc7-b846-41895f4ebd48:c4939, b4e1f7d4-4bb4-47ed-a9cb-53483a899fb2:c4937, d3916bce-b37b-4246-83c6-d24846ba1a72:c4937]
2019-07-08 14:21:39,308 INFO  client.GrpcClientProtocolClient (GrpcClientProtocolClient.java:onNext(255)) - client-DE0880F50CF2->72f5ceaa-5b3b-4bc7-b846-41895f4ebd48: receive RaftClientReply:client-DE0880F50CF2->72f5ceaa-5b3b-4bc7-b846-41895f4ebd48@group-833AA35A7EDE, cid=3291, SUCCESS, logIndex=4940, commits[72f5ceaa-5b3b-4bc7-b846-41895f4ebd48:c4941, b4e1f7d4-4bb4-47ed-a9cb-53483a899fb2:c4937, d3916bce-b37b-4246-83c6-d24846ba1a72:c4937]
2019-07-08 14:21:39,308 INFO  client.GrpcClientProtocolClient (GrpcClientProtocolClient.java:onNext(255)) - client-DE0880F50CF2->72f5ceaa-5b3b-4bc7-b846-41895f4ebd48: receive RaftClientReply:client-DE0880F50CF2->72f5ceaa-5b3b-4bc7-b846-41895f4ebd48@group-833AA35A7EDE, cid=3292, SUCCESS, logIndex=4941, commits[72f5ceaa-5b3b-4bc7-b846-41895f4ebd48:c4941, b4e1f7d4-4bb4-47ed-a9cb-53483a899fb2:c4937, d3916bce-b37b-4246-83c6-d24846ba1a72:c4937]
2019-07-08 14:21:39,320 INFO  client.GrpcClientProtocolClient (GrpcClientProtocolClient.java:onNext(255)) - client-DE0880F50CF2->72f5ceaa-5b3b-4bc7-b846-41895f4ebd48: receive RaftClientReply:client-DE0880F50CF2->72f5ceaa-5b3b-4bc7-b846-41895f4ebd48@group-833AA35A7EDE, cid=3293, SUCCESS, logIndex=0, commits[72f5ceaa-5b3b-4bc7-b846-41895f4ebd48:c4943, b4e1f7d4-4bb4-47ed-a9cb-53483a899fb2:c4939, d3916bce-b37b-4246-83c6-d24846ba1a72:c4939]
2019-07-08 14:21:39,343 INFO  client.GrpcClientProtocolClient (GrpcClientProtocolClient.java:onNext(255)) - client-DE0880F50CF2->72f5ceaa-5b3b-4bc7-b846-41895f4ebd48: receive RaftClientReply:client-DE0880F50CF2->72f5ceaa-5b3b-4bc7-b846-41895f4ebd48@group-833AA35A7EDE, cid=3294, SUCCESS, logIndex=4946, commits[72f5ceaa-5b3b-4bc7-b846-41895f4ebd48:c4947, b4e1f7d4-4bb4-47ed-a9cb-53483a899fb2:c4945, d3916bce-b37b-4246-83c6-d24846ba1a72:c4945]
2019-07-08 14:21:39,344 INFO  client.GrpcClientProtocolClient (GrpcClientProtocolClient.java:onNext(255)) - client-DE0880F50CF2->72f5ceaa-5b3b-4bc7-b846-41895f4ebd48: receive RaftClientReply:client-DE0880F50CF2->72f5ceaa-5b3b-4bc7-b846-41895f4ebd48@group-833AA35A7EDE, cid=3295, SUCCESS, logIndex=4947, commits[72f5ceaa-5b3b-4bc7-b846-41895f4ebd48:c4947, b4e1f7d4-4bb4-47ed-a9cb-53483a899fb2:c4945, d3916bce-b37b-4246-83c6-d24846ba1a72:c4945]
2019-07-08 14:21:39,849 INFO  client.GrpcClientProtocolClient (GrpcClientProtocolClient.java:onNext(255)) - client-DE0880F50CF2->72f5ceaa-5b3b-4bc7-b846-41895f4ebd48: receive RaftClientReply:client-DE0880F50CF2->72f5ceaa-5b3b-4bc7-b846-41895f4ebd48@group-833AA35A7EDE, cid=3296, SUCCESS, logIndex=4950, commits[72f5ceaa-5b3b-4bc7-b846-41895f4ebd48:c4951, b4e1f7d4-4bb4-47ed-a9cb-53483a899fb2:c4947, d3916bce-b37b-4246-83c6-d24846ba1a72:c4947]
2019-07-08 14:21:39,850 INFO  client.GrpcClientProtocolClient (GrpcClientProtocolClient.java:onNext(255)) - client-DE0880F50CF2->72f5ceaa-5b3b-4bc7-b846-41895f4ebd48: receive RaftClientReply:client-DE0880F50CF2->72f5ceaa-5b3b-4bc7-b846-41895f4ebd48@group-833AA35A7EDE, cid=3297, SUCCESS, logIndex=4951, commits[72f5ceaa-5b3b-4bc7-b846-41895f4ebd48:c4951, b4e1f7d4-4bb4-47ed-a9cb-53483a899fb2:c4947, d3916bce-b37b-4246-83c6-d24846ba1a72:c4947]
2019-07-08 14:21:39,854 INFO  client.GrpcClientProtocolClient (GrpcClientProtocolClient.java:onNext(255)) - client-DE0880F50CF2->72f5ceaa-5b3b-4bc7-b846-41895f4ebd48: receive RaftClientReply:client-DE0880F50CF2->72f5ceaa-5b3b-4bc7-b846-41895f4ebd48@group-833AA35A7EDE, cid=3298, SUCCESS, logIndex=0, commits[72f5ceaa-5b3b-4bc7-b846-41895f4ebd48:c4953, b4e1f7d4-4bb4-47ed-a9cb-53483a899fb2:c4951, d3916bce-b37b-4246-83c6-d24846ba1a72:c4951]
2019-07-08 14:21:39,886 INFO  client.GrpcClientProtocolClient (GrpcClientProtocolClient.java:onNext(255)) - client-DE0880F50CF2->72f5ceaa-5b3b-4bc7-b846-41895f4ebd48: receive RaftClientReply:client-DE0880F50CF2->72f5ceaa-5b3b-4bc7-b846-41895f4ebd48@group-833AA35A7EDE, cid=3299, SUCCESS, logIndex=4954, commits[72f5ceaa-5b3b-4bc7-b846-41895f4ebd48:c4955, b4e1f7d4-4bb4-47ed-a9cb-53483a899fb2:c4953, d3916bce-b37b-4246-83c6-d24846ba1a72:c4953]
2019-07-08 14:21:39,887 INFO  client.GrpcClientProtocolClient (GrpcClientProtocolClient.java:onNext(255)) - client-DE0880F50CF2->72f5ceaa-5b3b-4bc7-b846-41895f4ebd48: receive RaftClientReply:client-DE0880F50CF2->72f5ceaa-5b3b-4bc7-b846-41895f4ebd48@group-833AA35A7EDE, cid=3300, SUCCESS, logIndex=4955, commits[72f5ceaa-5b3b-4bc7-b846-41895f4ebd48:c4957, b4e1f7d4-4bb4-47ed-a9cb-53483a899fb2:c4953, d3916bce-b37b-4246-83c6-d24846ba1a72:c4953]
2019-07-08 14:21:39,887 INFO  client.GrpcClientProtocolClient (GrpcClientProtocolClient.java:onNext(255)) - client-DE0880F50CF2->72f5ceaa-5b3b-4bc7-b846-41895f4ebd48: receive RaftClientReply:client-DE0880F50CF2->72f5ceaa-5b3b-4bc7-b846-41895f4ebd48@group-833AA35A7EDE, cid=3301, SUCCESS, logIndex=4956, commits[72f5ceaa-5b3b-4bc7-b846-41895f4ebd48:c4957, b4e1f7d4-4bb4-47ed-a9cb-53483a899fb2:c4953, d3916bce-b37b-4246-83c6-d24846ba1a72:c4953]
2019-07-08 14:21:39,888 INFO  client.GrpcClientProtocolClient (GrpcClientProtocolClient.java:onNext(255)) - client-DE0880F50CF2->72f5ceaa-5b3b-4bc7-b846-41895f4ebd48: receive RaftClientReply:client-DE0880F50CF2->72f5ceaa-5b3b-4bc7-b846-41895f4ebd48@group-833AA35A7EDE, cid=3302, SUCCESS, logIndex=4957, commits[72f5ceaa-5b3b-4bc7-b846-41895f4ebd48:c4957, b4e1f7d4-4bb4-47ed-a9cb-53483a899fb2:c4953, d3916bce-b37b-4246-83c6-d24846ba1a72:c4953]
2019-07-08 14:21:39,899 INFO  client.GrpcClientProtocolClient (GrpcClientProtocolClient.java:onNext(255)) - client-DE0880F50CF2->72f5ceaa-5b3b-4bc7-b846-41895f4ebd48: receive RaftClientReply:client-DE0880F50CF2->72f5ceaa-5b3b-4bc7-b846-41895f4ebd48@group-833AA35A7EDE, cid=3303, SUCCESS, logIndex=0, commits[72f5ceaa-5b3b-4bc7-b846-41895f4ebd48:c4957, b4e1f7d4-4bb4-47ed-a9cb-53483a899fb2:c4955, d3916bce-b37b-4246-83c6-d24846ba1a72:c4955]
2019-07-08 14:21:39,922 INFO  client.GrpcClientProtocolClient (GrpcClientProtocolClient.java:onNext(255)) - client-DE0880F50CF2->72f5ceaa-5b3b-4bc7-b846-41895f4ebd48: receive RaftClientReply:client-DE0880F50CF2->72f5ceaa-5b3b-4bc7-b846-41895f4ebd48@group-833AA35A7EDE, cid=3304, SUCCESS, logIndex=4961, commits[72f5ceaa-5b3b-4bc7-b846-41895f4ebd48:c4962, b4e1f7d4-4bb4-47ed-a9cb-53483a899fb2:c4957, d3916bce-b37b-4246-83c6-d24846ba1a72:c4958]
2019-07-08 14:21:39,922 INFO  client.GrpcClientProtocolClient (GrpcClientProtocolClient.java:onNext(255)) - client-DE0880F50CF2->72f5ceaa-5b3b-4bc7-b846-41895f4ebd48: receive RaftClientReply:client-DE0880F50CF2->72f5ceaa-5b3b-4bc7-b846-41895f4ebd48@group-833AA35A7EDE, cid=3305, SUCCESS, logIndex=4962, commits[72f5ceaa-5b3b-4bc7-b846-41895f4ebd48:c4962, b4e1f7d4-4bb4-47ed-a9cb-53483a899fb2:c4958, d3916bce-b37b-4246-83c6-d24846ba1a72:c4958]
2019-07-08 14:21:39,949 INFO  client.GrpcClientProtocolClient (GrpcClientProtocolClient.java:onNext(255)) - client-DE0880F50CF2->72f5ceaa-5b3b-4bc7-b846-41895f4ebd48: receive RaftClientReply:client-DE0880F50CF2->72f5ceaa-5b3b-4bc7-b846-41895f4ebd48@group-833AA35A7EDE, cid=3306, SUCCESS, logIndex=4964, commits[72f5ceaa-5b3b-4bc7-b846-41895f4ebd48:c4965, b4e1f7d4-4bb4-47ed-a9cb-53483a899fb2:c4962, d3916bce-b37b-4246-83c6-d24846ba1a72:c4962]
2019-07-08 14:21:39,949 INFO  client.GrpcClientProtocolClient (GrpcClientProtocolClient.java:onNext(255)) - client-DE0880F50CF2->72f5ceaa-5b3b-4bc7-b846-41895f4ebd48: receive RaftClientReply:client-DE0880F50CF2->72f5ceaa-5b3b-4bc7-b846-41895f4ebd48@group-833AA35A7EDE, cid=3307, SUCCESS, logIndex=4965, commits[72f5ceaa-5b3b-4bc7-b846-41895f4ebd48:c4965, b4e1f7d4-4bb4-47ed-a9cb-53483a899fb2:c4962, d3916bce-b37b-4246-83c6-d24846ba1a72:c4962]
2019-07-08 14:21:39,961 INFO  client.GrpcClientProtocolClient (GrpcClientProtocolClient.java:onNext(255)) - client-DE0880F50CF2->72f5ceaa-5b3b-4bc7-b846-41895f4ebd48: receive RaftClientReply:client-DE0880F50CF2->72f5ceaa-5b3b-4bc7-b846-41895f4ebd48@group-833AA35A7EDE, cid=3308, SUCCESS, logIndex=0, commits[72f5ceaa-5b3b-4bc7-b846-41895f4ebd48:c4966, b4e1f7d4-4bb4-47ed-a9cb-53483a899fb2:c4965, d3916bce-b37b-4246-83c6-d24846ba1a72:c4965]
 0.00% |█                                                                                                    |  0/1 Time: 0:00:342019-07-08 14:21:39,996 INFO  client.GrpcClientProtocolClient (GrpcClientProtocolClient.java:onNext(255)) - client-DE0880F50CF2->72f5ceaa-5b3b-4bc7-b846-41895f4ebd48: receive RaftClientReply:client-DE0880F50CF2->72f5ceaa-5b3b-4bc7-b846-41895f4ebd48@group-833AA35A7EDE, cid=3309, SUCCESS, logIndex=4968, commits[72f5ceaa-5b3b-4bc7-b846-41895f4ebd48:c4969, b4e1f7d4-4bb4-47ed-a9cb-53483a899fb2:c4967, d3916bce-b37b-4246-83c6-d24846ba1a72:c4967]
2019-07-08 14:21:39,996 INFO  client.GrpcClientProtocolClient (GrpcClientProtocolClient.java:onNext(255)) - client-DE0880F50CF2->72f5ceaa-5b3b-4bc7-b846-41895f4ebd48: receive RaftClientReply:client-DE0880F50CF2->72f5ceaa-5b3b-4bc7-b846-41895f4ebd48@group-833AA35A7EDE, cid=3310, SUCCESS, logIndex=4969, commits[72f5ceaa-5b3b-4bc7-b846-41895f4ebd48:c4969, b4e1f7d4-4bb4-47ed-a9cb-53483a899fb2:c4967, d3916bce-b37b-4246-83c6-d24846ba1a72:c4967]
2019-07-08 14:21:40,006 INFO  client.GrpcClientProtocolClient (GrpcClientProtocolClient.java:onNext(255)) - client-DE0880F50CF2->72f5ceaa-5b3b-4bc7-b846-41895f4ebd48: receive RaftClientReply:client-DE0880F50CF2->72f5ceaa-5b3b-4bc7-b846-41895f4ebd48@group-833AA35A7EDE, cid=3311, SUCCESS, logIndex=4970, commits[72f5ceaa-5b3b-4bc7-b846-41895f4ebd48:c4971, b4e1f7d4-4bb4-47ed-a9cb-53483a899fb2:c4967, d3916bce-b37b-4246-83c6-d24846ba1a72:c4967]
2019-07-08 14:21:40,006 INFO  client.GrpcClientProtocolClient (GrpcClientProtocolClient.java:onNext(255)) - client-DE0880F50CF2->72f5ceaa-5b3b-4bc7-b846-41895f4ebd48: receive RaftClientReply:client-DE0880F50CF2->72f5ceaa-5b3b-4bc7-b846-41895f4ebd48@group-833AA35A7EDE, cid=3312, SUCCESS, logIndex=4971, commits[72f5ceaa-5b3b-4bc7-b846-41895f4ebd48:c4971, b4e1f7d4-4bb4-47ed-a9cb-53483a899fb2:c4967, d3916bce-b37b-4246-83c6-d24846ba1a72:c4967]
2019-07-08 14:21:40,022 INFO  client.GrpcClientProtocolClient (GrpcClientProtocolClient.java:onNext(255)) - client-DE0880F50CF2->72f5ceaa-5b3b-4bc7-b846-41895f4ebd48: receive RaftClientReply:client-DE0880F50CF2->72f5ceaa-5b3b-4bc7-b846-41895f4ebd48@group-833AA35A7EDE, cid=3313, SUCCESS, logIndex=0, commits[72f5ceaa-5b3b-4bc7-b846-41895f4ebd48:c4973, b4e1f7d4-4bb4-47ed-a9cb-53483a899fb2:c4969, d3916bce-b37b-4246-83c6-d24846ba1a72:c4969]
2019-07-08 14:21:40,036 INFO  client.GrpcClientProtocolClient (GrpcClientProtocolClient.java:onNext(255)) - client-DE0880F50CF2->72f5ceaa-5b3b-4bc7-b846-41895f4ebd48: receive RaftClientReply:client-DE0880F50CF2->72f5ceaa-5b3b-4bc7-b846-41895f4ebd48@group-833AA35A7EDE, cid=3314, SUCCESS, logIndex=4975, commits[72f5ceaa-5b3b-4bc7-b846-41895f4ebd48:c4976, b4e1f7d4-4bb4-47ed-a9cb-53483a899fb2:c4973, d3916bce-b37b-4246-83c6-d24846ba1a72:c4971]
2019-07-08 14:21:40,038 INFO  client.GrpcClientProtocolClient (GrpcClientProtocolClient.java:onNext(255)) - client-DE0880F50CF2->72f5ceaa-5b3b-4bc7-b846-41895f4ebd48: receive RaftClientReply:client-DE0880F50CF2->72f5ceaa-5b3b-4bc7-b846-41895f4ebd48@group-833AA35A7EDE, cid=3315, SUCCESS, logIndex=4976, commits[72f5ceaa-5b3b-4bc7-b846-41895f4ebd48:c4976, b4e1f7d4-4bb4-47ed-a9cb-53483a899fb2:c4973, d3916bce-b37b-4246-83c6-d24846ba1a72:c4971]
2019-07-08 14:21:40,080 INFO  client.GrpcClientProtocolClient (GrpcClientProtocolClient.java:onNext(255)) - client-DE0880F50CF2->72f5ceaa-5b3b-4bc7-b846-41895f4ebd48: receive RaftClientReply:client-DE0880F50CF2->72f5ceaa-5b3b-4bc7-b846-41895f4ebd48@group-833AA35A7EDE, cid=3316, SUCCESS, logIndex=4979, commits[72f5ceaa-5b3b-4bc7-b846-41895f4ebd48:c4979, b4e1f7d4-4bb4-47ed-a9cb-53483a899fb2:c4975, d3916bce-b37b-4246-83c6-d24846ba1a72:c4976]
2019-07-08 14:21:40,081 INFO  client.GrpcClientProtocolClient (GrpcClientProtocolClient.java:onNext(255)) - client-DE0880F50CF2->72f5ceaa-5b3b-4bc7-b846-41895f4ebd48: receive RaftClientReply:client-DE0880F50CF2->72f5ceaa-5b3b-4bc7-b846-41895f4ebd48@group-833AA35A7EDE, cid=3317, SUCCESS, logIndex=4980, commits[72f5ceaa-5b3b-4bc7-b846-41895f4ebd48:c4980, b4e1f7d4-4bb4-47ed-a9cb-53483a899fb2:c4976, d3916bce-b37b-4246-83c6-d24846ba1a72:c4976]
2019-07-08 14:21:40,087 INFO  client.GrpcClientProtocolClient (GrpcClientProtocolClient.java:onNext(255)) - client-DE0880F50CF2->72f5ceaa-5b3b-4bc7-b846-41895f4ebd48: receive RaftClientReply:client-DE0880F50CF2->72f5ceaa-5b3b-4bc7-b846-41895f4ebd48@group-833AA35A7EDE, cid=3318, SUCCESS, logIndex=0, commits[72f5ceaa-5b3b-4bc7-b846-41895f4ebd48:c4982, b4e1f7d4-4bb4-47ed-a9cb-53483a899fb2:c4980, d3916bce-b37b-4246-83c6-d24846ba1a72:c4980]
2019-07-08 14:21:40,135 INFO  client.GrpcClientProtocolClient (GrpcClientProtocolClient.java:onNext(255)) - client-DE0880F50CF2->72f5ceaa-5b3b-4bc7-b846-41895f4ebd48: receive RaftClientReply:client-DE0880F50CF2->72f5ceaa-5b3b-4bc7-b846-41895f4ebd48@group-833AA35A7EDE, cid=3319, SUCCESS, logIndex=4983, commits[72f5ceaa-5b3b-4bc7-b846-41895f4ebd48:c4984, b4e1f7d4-4bb4-47ed-a9cb-53483a899fb2:c4982, d3916bce-b37b-4246-83c6-d24846ba1a72:c4982]
2019-07-08 14:21:40,136 INFO  client.GrpcClientProtocolClient (GrpcClientProtocolClient.java:onNext(255)) - client-DE0880F50CF2->72f5ceaa-5b3b-4bc7-b846-41895f4ebd48: receive RaftClientReply:client-DE0880F50CF2->72f5ceaa-5b3b-4bc7-b846-41895f4ebd48@group-833AA35A7EDE, cid=3320, SUCCESS, logIndex=4984, commits[72f5ceaa-5b3b-4bc7-b846-41895f4ebd48:c4985, b4e1f7d4-4bb4-47ed-a9cb-53483a899fb2:c4982, d3916bce-b37b-4246-83c6-d24846ba1a72:c4982]
2019-07-08 14:21:40,136 INFO  client.GrpcClientProtocolClient (GrpcClientProtocolClient.java:onNext(255)) - client-DE0880F50CF2->72f5ceaa-5b3b-4bc7-b846-41895f4ebd48: receive RaftClientReply:client-DE0880F50CF2->72f5ceaa-5b3b-4bc7-b846-41895f4ebd48@group-833AA35A7EDE, cid=3321, SUCCESS, logIndex=4985, commits[72f5ceaa-5b3b-4bc7-b846-41895f4ebd48:c4986, b4e1f7d4-4bb4-47ed-a9cb-53483a899fb2:c4982, d3916bce-b37b-4246-83c6-d24846ba1a72:c4982]
2019-07-08 14:21:40,137 INFO  client.GrpcClientProtocolClient (GrpcClientProtocolClient.java:onNext(255)) - client-DE0880F50CF2->72f5ceaa-5b3b-4bc7-b846-41895f4ebd48: receive RaftClientReply:client-DE0880F50CF2->72f5ceaa-5b3b-4bc7-b846-41895f4ebd48@group-833AA35A7EDE, cid=3322, SUCCESS, logIndex=4986, commits[72f5ceaa-5b3b-4bc7-b846-41895f4ebd48:c4986, b4e1f7d4-4bb4-47ed-a9cb-53483a899fb2:c4982, d3916bce-b37b-4246-83c6-d24846ba1a72:c4982]
2019-07-08 14:21:40,139 INFO  client.GrpcClientProtocolClient (GrpcClientProtocolClient.java:onNext(255)) - client-DE0880F50CF2->72f5ceaa-5b3b-4bc7-b846-41895f4ebd48: receive RaftClientReply:client-DE0880F50CF2->72f5ceaa-5b3b-4bc7-b846-41895f4ebd48@group-833AA35A7EDE, cid=3323, SUCCESS, logIndex=0, commits[72f5ceaa-5b3b-4bc7-b846-41895f4ebd48:c4988, b4e1f7d4-4bb4-47ed-a9cb-53483a899fb2:c4984, d3916bce-b37b-4246-83c6-d24846ba1a72:c4984]
2019-07-08 14:21:40,166 INFO  client.GrpcClientProtocolClient (GrpcClientProtocolClient.java:onNext(255)) - client-DE0880F50CF2->72f5ceaa-5b3b-4bc7-b846-41895f4ebd48: receive RaftClientReply:client-DE0880F50CF2->72f5ceaa-5b3b-4bc7-b846-41895f4ebd48@group-833AA35A7EDE, cid=3324, SUCCESS, logIndex=4991, commits[72f5ceaa-5b3b-4bc7-b846-41895f4ebd48:c4992, b4e1f7d4-4bb4-47ed-a9cb-53483a899fb2:c4990, d3916bce-b37b-4246-83c6-d24846ba1a72:c4990]
2019-07-08 14:21:40,167 INFO  client.GrpcClientProtocolClient (GrpcClientProtocolClient.java:onNext(255)) - client-DE0880F50CF2->72f5ceaa-5b3b-4bc7-b846-41895f4ebd48: receive RaftClientReply:client-DE0880F50CF2->72f5ceaa-5b3b-4bc7-b846-41895f4ebd48@group-833AA35A7EDE, cid=3325, SUCCESS, logIndex=4992, commits[72f5ceaa-5b3b-4bc7-b846-41895f4ebd48:c4992, b4e1f7d4-4bb4-47ed-a9cb-53483a899fb2:c4990, d3916bce-b37b-4246-83c6-d24846ba1a72:c4990]
2019-07-08 14:21:40,208 INFO  client.GrpcClientProtocolClient (GrpcClientProtocolClient.java:onNext(255)) - client-DE0880F50CF2->72f5ceaa-5b3b-4bc7-b846-41895f4ebd48: receive RaftClientReply:client-DE0880F50CF2->72f5ceaa-5b3b-4bc7-b846-41895f4ebd48@group-833AA35A7EDE, cid=3326, SUCCESS, logIndex=4995, commits[72f5ceaa-5b3b-4bc7-b846-41895f4ebd48:c4996, b4e1f7d4-4bb4-47ed-a9cb-53483a899fb2:c4992, d3916bce-b37b-4246-83c6-d24846ba1a72:c4992]
2019-07-08 14:21:40,209 INFO  client.GrpcClientProtocolClient (GrpcClientProtocolClient.java:onNext(255)) - client-DE0880F50CF2->72f5ceaa-5b3b-4bc7-b846-41895f4ebd48: receive RaftClientReply:client-DE0880F50CF2->72f5ceaa-5b3b-4bc7-b846-41895f4ebd48@group-833AA35A7EDE, cid=3327, SUCCESS, logIndex=4996, commits[72f5ceaa-5b3b-4bc7-b846-41895f4ebd48:c4996, b4e1f7d4-4bb4-47ed-a9cb-53483a899fb2:c4992, d3916bce-b37b-4246-83c6-d24846ba1a72:c4992]
2019-07-08 14:21:40,223 INFO  client.GrpcClientProtocolClient (GrpcClientProtocolClient.java:onNext(255)) - client-DE0880F50CF2->72f5ceaa-5b3b-4bc7-b846-41895f4ebd48: receive RaftClientReply:client-DE0880F50CF2->72f5ceaa-5b3b-4bc7-b846-41895f4ebd48@group-833AA35A7EDE, cid=3328, SUCCESS, logIndex=0, commits[72f5ceaa-5b3b-4bc7-b846-41895f4ebd48:c4997, b4e1f7d4-4bb4-47ed-a9cb-53483a899fb2:c4996, d3916bce-b37b-4246-83c6-d24846ba1a72:c4996]
2019-07-08 14:21:40,268 INFO  client.GrpcClientProtocolClient (GrpcClientProtocolClient.java:onNext(255)) - client-DE0880F50CF2->72f5ceaa-5b3b-4bc7-b846-41895f4ebd48: receive RaftClientReply:client-DE0880F50CF2->72f5ceaa-5b3b-4bc7-b846-41895f4ebd48@group-833AA35A7EDE, cid=3329, SUCCESS, logIndex=4999, commits[72f5ceaa-5b3b-4bc7-b846-41895f4ebd48:c5001, b4e1f7d4-4bb4-47ed-a9cb-53483a899fb2:c4998, d3916bce-b37b-4246-83c6-d24846ba1a72:c4998]
2019-07-08 14:21:40,269 INFO  client.GrpcClientProtocolClient (GrpcClientProtocolClient.java:onNext(255)) - client-DE0880F50CF2->72f5ceaa-5b3b-4bc7-b846-41895f4ebd48: receive RaftClientReply:client-DE0880F50CF2->72f5ceaa-5b3b-4bc7-b846-41895f4ebd48@group-833AA35A7EDE, cid=3330, SUCCESS, logIndex=5000, commits[72f5ceaa-5b3b-4bc7-b846-41895f4ebd48:c5002, b4e1f7d4-4bb4-47ed-a9cb-53483a899fb2:c4998, d3916bce-b37b-4246-83c6-d24846ba1a72:c4998]
2019-07-08 14:21:40,269 INFO  client.GrpcClientProtocolClient (GrpcClientProtocolClient.java:onNext(255)) - client-DE0880F50CF2->72f5ceaa-5b3b-4bc7-b846-41895f4ebd48: receive RaftClientReply:client-DE0880F50CF2->72f5ceaa-5b3b-4bc7-b846-41895f4ebd48@group-833AA35A7EDE, cid=3331, SUCCESS, logIndex=5001, commits[72f5ceaa-5b3b-4bc7-b846-41895f4ebd48:c5002, b4e1f7d4-4bb4-47ed-a9cb-53483a899fb2:c4998, d3916bce-b37b-4246-83c6-d24846ba1a72:c4998]
2019-07-08 14:21:40,270 INFO  client.GrpcClientProtocolClient (GrpcClientProtocolClient.java:onNext(255)) - client-DE0880F50CF2->72f5ceaa-5b3b-4bc7-b846-41895f4ebd48: receive RaftClientReply:client-DE0880F50CF2->72f5ceaa-5b3b-4bc7-b846-41895f4ebd48@group-833AA35A7EDE, cid=3332, SUCCESS, logIndex=5002, commits[72f5ceaa-5b3b-4bc7-b846-41895f4ebd48:c5002, b4e1f7d4-4bb4-47ed-a9cb-53483a899fb2:c4998, d3916bce-b37b-4246-83c6-d24846ba1a72:c4998]
2019-07-08 14:21:40,280 INFO  client.GrpcClientProtocolClient (GrpcClientProtocolClient.java:onNext(255)) - client-DE0880F50CF2->72f5ceaa-5b3b-4bc7-b846-41895f4ebd48: receive RaftClientReply:client-DE0880F50CF2->72f5ceaa-5b3b-4bc7-b846-41895f4ebd48@group-833AA35A7EDE, cid=3333, SUCCESS, logIndex=0, commits[72f5ceaa-5b3b-4bc7-b846-41895f4ebd48:c5003, b4e1f7d4-4bb4-47ed-a9cb-53483a899fb2:c5000, d3916bce-b37b-4246-83c6-d24846ba1a72:c5000]
2019-07-08 14:21:40,306 INFO  client.GrpcClientProtocolClient (GrpcClientProtocolClient.java:onNext(255)) - client-DE0880F50CF2->72f5ceaa-5b3b-4bc7-b846-41895f4ebd48: receive RaftClientReply:client-DE0880F50CF2->72f5ceaa-5b3b-4bc7-b846-41895f4ebd48@group-833AA35A7EDE, cid=3334, SUCCESS, logIndex=5007, commits[72f5ceaa-5b3b-4bc7-b846-41895f4ebd48:c5008, b4e1f7d4-4bb4-47ed-a9cb-53483a899fb2:c5003, d3916bce-b37b-4246-83c6-d24846ba1a72:c5003]
2019-07-08 14:21:40,307 INFO  client.GrpcClientProtocolClient (GrpcClientProtocolClient.java:onNext(255)) - client-DE0880F50CF2->72f5ceaa-5b3b-4bc7-b846-41895f4ebd48: receive RaftClientReply:client-DE0880F50CF2->72f5ceaa-5b3b-4bc7-b846-41895f4ebd48@group-833AA35A7EDE, cid=3335, SUCCESS, logIndex=5008, commits[72f5ceaa-5b3b-4bc7-b846-41895f4ebd48:c5008, b4e1f7d4-4bb4-47ed-a9cb-53483a899fb2:c5003, d3916bce-b37b-4246-83c6-d24846ba1a72:c5003]
2019-07-08 14:21:40,320 INFO  client.GrpcClientProtocolClient (GrpcClientProtocolClient.java:onNext(255)) - client-DE0880F50CF2->72f5ceaa-5b3b-4bc7-b846-41895f4ebd48: receive RaftClientReply:client-DE0880F50CF2->72f5ceaa-5b3b-4bc7-b846-41895f4ebd48@group-833AA35A7EDE, cid=3336, SUCCESS, logIndex=5011, commits[72f5ceaa-5b3b-4bc7-b846-41895f4ebd48:c5012, b4e1f7d4-4bb4-47ed-a9cb-53483a899fb2:c5008, d3916bce-b37b-4246-83c6-d24846ba1a72:c5008]
2019-07-08 14:21:40,320 INFO  client.GrpcClientProtocolClient (GrpcClientProtocolClient.java:onNext(255)) - client-DE0880F50CF2->72f5ceaa-5b3b-4bc7-b846-41895f4ebd48: receive RaftClientReply:client-DE0880F50CF2->72f5ceaa-5b3b-4bc7-b846-41895f4ebd48@group-833AA35A7EDE, cid=3337, SUCCESS, logIndex=5012, commits[72f5ceaa-5b3b-4bc7-b846-41895f4ebd48:c5012, b4e1f7d4-4bb4-47ed-a9cb-53483a899fb2:c5008, d3916bce-b37b-4246-83c6-d24846ba1a72:c5008]
2019-07-08 14:21:40,336 INFO  client.GrpcClientProtocolClient (GrpcClientProtocolClient.java:onNext(255)) - client-DE0880F50CF2->72f5ceaa-5b3b-4bc7-b846-41895f4ebd48: receive RaftClientReply:client-DE0880F50CF2->72f5ceaa-5b3b-4bc7-b846-41895f4ebd48@group-833AA35A7EDE, cid=3338, SUCCESS, logIndex=0, commits[72f5ceaa-5b3b-4bc7-b846-41895f4ebd48:c5014, b4e1f7d4-4bb4-47ed-a9cb-53483a899fb2:c5012, d3916bce-b37b-4246-83c6-d24846ba1a72:c5012]
2019-07-08 14:21:40,370 INFO  client.GrpcClientProtocolClient (GrpcClientProtocolClient.java:onNext(255)) - client-DE0880F50CF2->72f5ceaa-5b3b-4bc7-b846-41895f4ebd48: receive RaftClientReply:client-DE0880F50CF2->72f5ceaa-5b3b-4bc7-b846-41895f4ebd48@group-833AA35A7EDE, cid=3339, SUCCESS, logIndex=5015, commits[72f5ceaa-5b3b-4bc7-b846-41895f4ebd48:c5016, b4e1f7d4-4bb4-47ed-a9cb-53483a899fb2:c5014, d3916bce-b37b-4246-83c6-d24846ba1a72:c5014]
2019-07-08 14:21:40,372 INFO  client.GrpcClientProtocolClient (GrpcClientProtocolClient.java:onNext(255)) - client-DE0880F50CF2->72f5ceaa-5b3b-4bc7-b846-41895f4ebd48: receive RaftClientReply:client-DE0880F50CF2->72f5ceaa-5b3b-4bc7-b846-41895f4ebd48@group-833AA35A7EDE, cid=3340, SUCCESS, logIndex=5016, commits[72f5ceaa-5b3b-4bc7-b846-41895f4ebd48:c5016, b4e1f7d4-4bb4-47ed-a9cb-53483a899fb2:c5014, d3916bce-b37b-4246-83c6-d24846ba1a72:c5014]
2019-07-08 14:21:40,379 INFO  client.GrpcClientProtocolClient (GrpcClientProtocolClient.java:onNext(255)) - client-DE0880F50CF2->72f5ceaa-5b3b-4bc7-b846-41895f4ebd48: receive RaftClientReply:client-DE0880F50CF2->72f5ceaa-5b3b-4bc7-b846-41895f4ebd48@group-833AA35A7EDE, cid=3341, SUCCESS, logIndex=5017, commits[72f5ceaa-5b3b-4bc7-b846-41895f4ebd48:c5018, b4e1f7d4-4bb4-47ed-a9cb-53483a899fb2:c5014, d3916bce-b37b-4246-83c6-d24846ba1a72:c5014]
2019-07-08 14:21:40,380 INFO  client.GrpcClientProtocolClient (GrpcClientProtocolClient.java:onNext(255)) - client-DE0880F50CF2->72f5ceaa-5b3b-4bc7-b846-41895f4ebd48: receive RaftClientReply:client-DE0880F50CF2->72f5ceaa-5b3b-4bc7-b846-41895f4ebd48@group-833AA35A7EDE, cid=3342, SUCCESS, logIndex=5018, commits[72f5ceaa-5b3b-4bc7-b846-41895f4ebd48:c5019, b4e1f7d4-4bb4-47ed-a9cb-53483a899fb2:c5015, d3916bce-b37b-4246-83c6-d24846ba1a72:c5014]
2019-07-08 14:21:40,383 INFO  client.GrpcClientProtocolClient (GrpcClientProtocolClient.java:onNext(255)) - client-DE0880F50CF2->72f5ceaa-5b3b-4bc7-b846-41895f4ebd48: receive RaftClientReply:client-DE0880F50CF2->72f5ceaa-5b3b-4bc7-b846-41895f4ebd48@group-833AA35A7EDE, cid=3343, SUCCESS, logIndex=0, commits[72f5ceaa-5b3b-4bc7-b846-41895f4ebd48:c5022, b4e1f7d4-4bb4-47ed-a9cb-53483a899fb2:c5016, d3916bce-b37b-4246-83c6-d24846ba1a72:c5016]
2019-07-08 14:21:40,410 INFO  client.GrpcClientProtocolClient (GrpcClientProtocolClient.java:onNext(255)) - client-DE0880F50CF2->72f5ceaa-5b3b-4bc7-b846-41895f4ebd48: receive RaftClientReply:client-DE0880F50CF2->72f5ceaa-5b3b-4bc7-b846-41895f4ebd48@group-833AA35A7EDE, cid=3344, SUCCESS, logIndex=5023, commits[72f5ceaa-5b3b-4bc7-b846-41895f4ebd48:c5024, b4e1f7d4-4bb4-47ed-a9cb-53483a899fb2:c5022, d3916bce-b37b-4246-83c6-d24846ba1a72:c5022]
2019-07-08 14:21:40,410 INFO  client.GrpcClientProtocolClient (GrpcClientProtocolClient.java:onNext(255)) - client-DE0880F50CF2->72f5ceaa-5b3b-4bc7-b846-41895f4ebd48: receive RaftClientReply:client-DE0880F50CF2->72f5ceaa-5b3b-4bc7-b846-41895f4ebd48@group-833AA35A7EDE, cid=3345, SUCCESS, logIndex=5024, commits[72f5ceaa-5b3b-4bc7-b846-41895f4ebd48:c5024, b4e1f7d4-4bb4-47ed-a9cb-53483a899fb2:c5022, d3916bce-b37b-4246-83c6-d24846ba1a72:c5022]
2019-07-08 14:21:40,425 INFO  client.GrpcClientProtocolClient (GrpcClientProtocolClient.java:onNext(255)) - client-DE0880F50CF2->72f5ceaa-5b3b-4bc7-b846-41895f4ebd48: receive RaftClientReply:client-DE0880F50CF2->72f5ceaa-5b3b-4bc7-b846-41895f4ebd48@group-833AA35A7EDE, cid=3346, SUCCESS, logIndex=5027, commits[72f5ceaa-5b3b-4bc7-b846-41895f4ebd48:c5028, b4e1f7d4-4bb4-47ed-a9cb-53483a899fb2:c5024, d3916bce-b37b-4246-83c6-d24846ba1a72:c5024]
2019-07-08 14:21:40,426 INFO  client.GrpcClientProtocolClient (GrpcClientProtocolClient.java:onNext(255)) - client-DE0880F50CF2->72f5ceaa-5b3b-4bc7-b846-41895f4ebd48: receive RaftClientReply:client-DE0880F50CF2->72f5ceaa-5b3b-4bc7-b846-41895f4ebd48@group-833AA35A7EDE, cid=3347, SUCCESS, logIndex=5028, commits[72f5ceaa-5b3b-4bc7-b846-41895f4ebd48:c5028, b4e1f7d4-4bb4-47ed-a9cb-53483a899fb2:c5024, d3916bce-b37b-4246-83c6-d24846ba1a72:c5024]
2019-07-08 14:21:40,435 INFO  client.GrpcClientProtocolClient (GrpcClientProtocolClient.java:onNext(255)) - client-DE0880F50CF2->72f5ceaa-5b3b-4bc7-b846-41895f4ebd48: receive RaftClientReply:client-DE0880F50CF2->72f5ceaa-5b3b-4bc7-b846-41895f4ebd48@group-833AA35A7EDE, cid=3348, SUCCESS, logIndex=0, commits[72f5ceaa-5b3b-4bc7-b846-41895f4ebd48:c5029, b4e1f7d4-4bb4-47ed-a9cb-53483a899fb2:c5028, d3916bce-b37b-4246-83c6-d24846ba1a72:c5028]
2019-07-08 14:21:40,471 INFO  client.GrpcClientProtocolClient (GrpcClientProtocolClient.java:onNext(255)) - client-DE0880F50CF2->72f5ceaa-5b3b-4bc7-b846-41895f4ebd48: receive RaftClientReply:client-DE0880F50CF2->72f5ceaa-5b3b-4bc7-b846-41895f4ebd48@group-833AA35A7EDE, cid=3349, SUCCESS, logIndex=5031, commits[72f5ceaa-5b3b-4bc7-b846-41895f4ebd48:c5034, b4e1f7d4-4bb4-47ed-a9cb-53483a899fb2:c5028, d3916bce-b37b-4246-83c6-d24846ba1a72:c5030]
2019-07-08 14:21:40,471 INFO  client.GrpcClientProtocolClient (GrpcClientProtocolClient.java:onNext(255)) - client-DE0880F50CF2->72f5ceaa-5b3b-4bc7-b846-41895f4ebd48: receive RaftClientReply:client-DE0880F50CF2->72f5ceaa-5b3b-4bc7-b846-41895f4ebd48@group-833AA35A7EDE, cid=3350, SUCCESS, logIndex=5032, commits[72f5ceaa-5b3b-4bc7-b846-41895f4ebd48:c5034, b4e1f7d4-4bb4-47ed-a9cb-53483a899fb2:c5030, d3916bce-b37b-4246-83c6-d24846ba1a72:c5030]
2019-07-08 14:21:40,472 INFO  client.GrpcClientProtocolClient (GrpcClientProtocolClient.java:onNext(255)) - client-DE0880F50CF2->72f5ceaa-5b3b-4bc7-b846-41895f4ebd48: receive RaftClientReply:client-DE0880F50CF2->72f5ceaa-5b3b-4bc7-b846-41895f4ebd48@group-833AA35A7EDE, cid=3351, SUCCESS, logIndex=5033, commits[72f5ceaa-5b3b-4bc7-b846-41895f4ebd48:c5034, b4e1f7d4-4bb4-47ed-a9cb-53483a899fb2:c5030, d3916bce-b37b-4246-83c6-d24846ba1a72:c5030]
2019-07-08 14:21:40,472 INFO  client.GrpcClientProtocolClient (GrpcClientProtocolClient.java:onNext(255)) - client-DE0880F50CF2->72f5ceaa-5b3b-4bc7-b846-41895f4ebd48: receive RaftClientReply:client-DE0880F50CF2->72f5ceaa-5b3b-4bc7-b846-41895f4ebd48@group-833AA35A7EDE, cid=3352, SUCCESS, logIndex=5034, commits[72f5ceaa-5b3b-4bc7-b846-41895f4ebd48:c5034, b4e1f7d4-4bb4-47ed-a9cb-53483a899fb2:c5030, d3916bce-b37b-4246-83c6-d24846ba1a72:c5030]
2019-07-08 14:21:40,474 INFO  client.GrpcClientProtocolClient (GrpcClientProtocolClient.java:onNext(255)) - client-DE0880F50CF2->72f5ceaa-5b3b-4bc7-b846-41895f4ebd48: receive RaftClientReply:client-DE0880F50CF2->72f5ceaa-5b3b-4bc7-b846-41895f4ebd48@group-833AA35A7EDE, cid=3353, SUCCESS, logIndex=0, commits[72f5ceaa-5b3b-4bc7-b846-41895f4ebd48:c5035, b4e1f7d4-4bb4-47ed-a9cb-53483a899fb2:c5032, d3916bce-b37b-4246-83c6-d24846ba1a72:c5032]
2019-07-08 14:21:40,500 INFO  client.GrpcClientProtocolClient (GrpcClientProtocolClient.java:onNext(255)) - client-DE0880F50CF2->72f5ceaa-5b3b-4bc7-b846-41895f4ebd48: receive RaftClientReply:client-DE0880F50CF2->72f5ceaa-5b3b-4bc7-b846-41895f4ebd48@group-833AA35A7EDE, cid=3354, SUCCESS, logIndex=5039, commits[72f5ceaa-5b3b-4bc7-b846-41895f4ebd48:c5040, b4e1f7d4-4bb4-47ed-a9cb-53483a899fb2:c5035, d3916bce-b37b-4246-83c6-d24846ba1a72:c5035]
2019-07-08 14:21:40,501 INFO  client.GrpcClientProtocolClient (GrpcClientProtocolClient.java:onNext(255)) - client-DE0880F50CF2->72f5ceaa-5b3b-4bc7-b846-41895f4ebd48: receive RaftClientReply:client-DE0880F50CF2->72f5ceaa-5b3b-4bc7-b846-41895f4ebd48@group-833AA35A7EDE, cid=3355, SUCCESS, logIndex=5040, commits[72f5ceaa-5b3b-4bc7-b846-41895f4ebd48:c5040, b4e1f7d4-4bb4-47ed-a9cb-53483a899fb2:c5035, d3916bce-b37b-4246-83c6-d24846ba1a72:c5035]
2019-07-08 14:21:40,515 INFO  client.GrpcClientProtocolClient (GrpcClientProtocolClient.java:onNext(255)) - client-DE0880F50CF2->72f5ceaa-5b3b-4bc7-b846-41895f4ebd48: receive RaftClientReply:client-DE0880F50CF2->72f5ceaa-5b3b-4bc7-b846-41895f4ebd48@group-833AA35A7EDE, cid=3356, SUCCESS, logIndex=5043, commits[72f5ceaa-5b3b-4bc7-b846-41895f4ebd48:c5044, b4e1f7d4-4bb4-47ed-a9cb-53483a899fb2:c5040, d3916bce-b37b-4246-83c6-d24846ba1a72:c5040]
2019-07-08 14:21:40,515 INFO  client.GrpcClientProtocolClient (GrpcClientProtocolClient.java:onNext(255)) - client-DE0880F50CF2->72f5ceaa-5b3b-4bc7-b846-41895f4ebd48: receive RaftClientReply:client-DE0880F50CF2->72f5ceaa-5b3b-4bc7-b846-41895f4ebd48@group-833AA35A7EDE, cid=3357, SUCCESS, logIndex=5044, commits[72f5ceaa-5b3b-4bc7-b846-41895f4ebd48:c5044, b4e1f7d4-4bb4-47ed-a9cb-53483a899fb2:c5040, d3916bce-b37b-4246-83c6-d24846ba1a72:c5040]
2019-07-08 14:21:40,531 INFO  client.GrpcClientProtocolClient (GrpcClientProtocolClient.java:onNext(255)) - client-DE0880F50CF2->72f5ceaa-5b3b-4bc7-b846-41895f4ebd48: receive RaftClientReply:client-DE0880F50CF2->72f5ceaa-5b3b-4bc7-b846-41895f4ebd48@group-833AA35A7EDE, cid=3358, SUCCESS, logIndex=0, commits[72f5ceaa-5b3b-4bc7-b846-41895f4ebd48:c5046, b4e1f7d4-4bb4-47ed-a9cb-53483a899fb2:c5044, d3916bce-b37b-4246-83c6-d24846ba1a72:c5044]
2019-07-08 14:21:40,567 INFO  client.GrpcClientProtocolClient (GrpcClientProtocolClient.java:onNext(255)) - client-DE0880F50CF2->72f5ceaa-5b3b-4bc7-b846-41895f4ebd48: receive RaftClientReply:client-DE0880F50CF2->72f5ceaa-5b3b-4bc7-b846-41895f4ebd48@group-833AA35A7EDE, cid=3359, SUCCESS, logIndex=5047, commits[72f5ceaa-5b3b-4bc7-b846-41895f4ebd48:c5048, b4e1f7d4-4bb4-47ed-a9cb-53483a899fb2:c5046, d3916bce-b37b-4246-83c6-d24846ba1a72:c5046]
2019-07-08 14:21:40,568 INFO  client.GrpcClientProtocolClient (GrpcClientProtocolClient.java:onNext(255)) - client-DE0880F50CF2->72f5ceaa-5b3b-4bc7-b846-41895f4ebd48: receive RaftClientReply:client-DE0880F50CF2->72f5ceaa-5b3b-4bc7-b846-41895f4ebd48@group-833AA35A7EDE, cid=3360, SUCCESS, logIndex=5048, commits[72f5ceaa-5b3b-4bc7-b846-41895f4ebd48:c5050, b4e1f7d4-4bb4-47ed-a9cb-53483a899fb2:c5046, d3916bce-b37b-4246-83c6-d24846ba1a72:c5046]
2019-07-08 14:21:40,569 INFO  client.GrpcClientProtocolClient (GrpcClientProtocolClient.java:onNext(255)) - client-DE0880F50CF2->72f5ceaa-5b3b-4bc7-b846-41895f4ebd48: receive RaftClientReply:client-DE0880F50CF2->72f5ceaa-5b3b-4bc7-b846-41895f4ebd48@group-833AA35A7EDE, cid=3361, SUCCESS, logIndex=5049, commits[72f5ceaa-5b3b-4bc7-b846-41895f4ebd48:c5050, b4e1f7d4-4bb4-47ed-a9cb-53483a899fb2:c5046, d3916bce-b37b-4246-83c6-d24846ba1a72:c5046]
2019-07-08 14:21:40,569 INFO  client.GrpcClientProtocolClient (GrpcClientProtocolClient.java:onNext(255)) - client-DE0880F50CF2->72f5ceaa-5b3b-4bc7-b846-41895f4ebd48: receive RaftClientReply:client-DE0880F50CF2->72f5ceaa-5b3b-4bc7-b846-41895f4ebd48@group-833AA35A7EDE, cid=3362, SUCCESS, logIndex=5050, commits[72f5ceaa-5b3b-4bc7-b846-41895f4ebd48:c5050, b4e1f7d4-4bb4-47ed-a9cb-53483a899fb2:c5046, d3916bce-b37b-4246-83c6-d24846ba1a72:c5046]
2019-07-08 14:21:40,571 INFO  client.GrpcClientProtocolClient (GrpcClientProtocolClient.java:onNext(255)) - client-DE0880F50CF2->72f5ceaa-5b3b-4bc7-b846-41895f4ebd48: receive RaftClientReply:client-DE0880F50CF2->72f5ceaa-5b3b-4bc7-b846-41895f4ebd48@group-833AA35A7EDE, cid=3363, SUCCESS, logIndex=0, commits[72f5ceaa-5b3b-4bc7-b846-41895f4ebd48:c5051, b4e1f7d4-4bb4-47ed-a9cb-53483a899fb2:c5048, d3916bce-b37b-4246-83c6-d24846ba1a72:c5048]
2019-07-08 14:21:40,597 INFO  client.GrpcClientProtocolClient (GrpcClientProtocolClient.java:onNext(255)) - client-DE0880F50CF2->72f5ceaa-5b3b-4bc7-b846-41895f4ebd48: receive RaftClientReply:client-DE0880F50CF2->72f5ceaa-5b3b-4bc7-b846-41895f4ebd48@group-833AA35A7EDE, cid=3364, SUCCESS, logIndex=5054, commits[72f5ceaa-5b3b-4bc7-b846-41895f4ebd48:c5055, b4e1f7d4-4bb4-47ed-a9cb-53483a899fb2:c5051, d3916bce-b37b-4246-83c6-d24846ba1a72:c5051]
2019-07-08 14:21:40,598 INFO  client.GrpcClientProtocolClient (GrpcClientProtocolClient.java:onNext(255)) - client-DE0880F50CF2->72f5ceaa-5b3b-4bc7-b846-41895f4ebd48: receive RaftClientReply:client-DE0880F50CF2->72f5ceaa-5b3b-4bc7-b846-41895f4ebd48@group-833AA35A7EDE, cid=3365, SUCCESS, logIndex=5055, commits[72f5ceaa-5b3b-4bc7-b846-41895f4ebd48:c5055, b4e1f7d4-4bb4-47ed-a9cb-53483a899fb2:c5051, d3916bce-b37b-4246-83c6-d24846ba1a72:c5051]
2019-07-08 14:21:40,623 INFO  client.GrpcClientProtocolClient (GrpcClientProtocolClient.java:onNext(255)) - client-DE0880F50CF2->72f5ceaa-5b3b-4bc7-b846-41895f4ebd48: receive RaftClientReply:client-DE0880F50CF2->72f5ceaa-5b3b-4bc7-b846-41895f4ebd48@group-833AA35A7EDE, cid=3366, SUCCESS, logIndex=5058, commits[72f5ceaa-5b3b-4bc7-b846-41895f4ebd48:c5059, b4e1f7d4-4bb4-47ed-a9cb-53483a899fb2:c5055, d3916bce-b37b-4246-83c6-d24846ba1a72:c5055]
2019-07-08 14:21:40,623 INFO  client.GrpcClientProtocolClient (GrpcClientProtocolClient.java:onNext(255)) - client-DE0880F50CF2->72f5ceaa-5b3b-4bc7-b846-41895f4ebd48: receive RaftClientReply:client-DE0880F50CF2->72f5ceaa-5b3b-4bc7-b846-41895f4ebd48@group-833AA35A7EDE, cid=3367, SUCCESS, logIndex=5059, commits[72f5ceaa-5b3b-4bc7-b846-41895f4ebd48:c5059, b4e1f7d4-4bb4-47ed-a9cb-53483a899fb2:c5055, d3916bce-b37b-4246-83c6-d24846ba1a72:c5055]
2019-07-08 14:21:40,650 INFO  client.GrpcClientProtocolClient (GrpcClientProtocolClient.java:onNext(255)) - client-DE0880F50CF2->72f5ceaa-5b3b-4bc7-b846-41895f4ebd48: receive RaftClientReply:client-DE0880F50CF2->72f5ceaa-5b3b-4bc7-b846-41895f4ebd48@group-833AA35A7EDE, cid=3368, SUCCESS, logIndex=0, commits[72f5ceaa-5b3b-4bc7-b846-41895f4ebd48:c5061, b4e1f7d4-4bb4-47ed-a9cb-53483a899fb2:c5059, d3916bce-b37b-4246-83c6-d24846ba1a72:c5059]
2019-07-08 14:21:40,692 INFO  client.GrpcClientProtocolClient (GrpcClientProtocolClient.java:onNext(255)) - client-DE0880F50CF2->72f5ceaa-5b3b-4bc7-b846-41895f4ebd48: receive RaftClientReply:client-DE0880F50CF2->72f5ceaa-5b3b-4bc7-b846-41895f4ebd48@group-833AA35A7EDE, cid=3369, SUCCESS, logIndex=5062, commits[72f5ceaa-5b3b-4bc7-b846-41895f4ebd48:c5063, b4e1f7d4-4bb4-47ed-a9cb-53483a899fb2:c5061, d3916bce-b37b-4246-83c6-d24846ba1a72:c5061]
2019-07-08 14:21:40,692 INFO  client.GrpcClientProtocolClient (GrpcClientProtocolClient.java:onNext(255)) - client-DE0880F50CF2->72f5ceaa-5b3b-4bc7-b846-41895f4ebd48: receive RaftClientReply:client-DE0880F50CF2->72f5ceaa-5b3b-4bc7-b846-41895f4ebd48@group-833AA35A7EDE, cid=3370, SUCCESS, logIndex=5063, commits[72f5ceaa-5b3b-4bc7-b846-41895f4ebd48:c5065, b4e1f7d4-4bb4-47ed-a9cb-53483a899fb2:c5061, d3916bce-b37b-4246-83c6-d24846ba1a72:c5061]
2019-07-08 14:21:40,692 INFO  client.GrpcClientProtocolClient (GrpcClientProtocolClient.java:onNext(255)) - client-DE0880F50CF2->72f5ceaa-5b3b-4bc7-b846-41895f4ebd48: receive RaftClientReply:client-DE0880F50CF2->72f5ceaa-5b3b-4bc7-b846-41895f4ebd48@group-833AA35A7EDE, cid=3371, SUCCESS, logIndex=5064, commits[72f5ceaa-5b3b-4bc7-b846-41895f4ebd48:c5065, b4e1f7d4-4bb4-47ed-a9cb-53483a899fb2:c5061, d3916bce-b37b-4246-83c6-d24846ba1a72:c5061]
2019-07-08 14:21:40,693 INFO  client.GrpcClientProtocolClient (GrpcClientProtocolClient.java:onNext(255)) - client-DE0880F50CF2->72f5ceaa-5b3b-4bc7-b846-41895f4ebd48: receive RaftClientReply:client-DE0880F50CF2->72f5ceaa-5b3b-4bc7-b846-41895f4ebd48@group-833AA35A7EDE, cid=3372, SUCCESS, logIndex=5065, commits[72f5ceaa-5b3b-4bc7-b846-41895f4ebd48:c5065, b4e1f7d4-4bb4-47ed-a9cb-53483a899fb2:c5061, d3916bce-b37b-4246-83c6-d24846ba1a72:c5061]
2019-07-08 14:21:40,708 INFO  client.GrpcClientProtocolClient (GrpcClientProtocolClient.java:onNext(255)) - client-DE0880F50CF2->72f5ceaa-5b3b-4bc7-b846-41895f4ebd48: receive RaftClientReply:client-DE0880F50CF2->72f5ceaa-5b3b-4bc7-b846-41895f4ebd48@group-833AA35A7EDE, cid=3373, SUCCESS, logIndex=0, commits[72f5ceaa-5b3b-4bc7-b846-41895f4ebd48:c5067, b4e1f7d4-4bb4-47ed-a9cb-53483a899fb2:c5063, d3916bce-b37b-4246-83c6-d24846ba1a72:c5063]
2019-07-08 14:21:40,731 INFO  client.GrpcClientProtocolClient (GrpcClientProtocolClient.java:onNext(255)) - client-DE0880F50CF2->72f5ceaa-5b3b-4bc7-b846-41895f4ebd48: receive RaftClientReply:client-DE0880F50CF2->72f5ceaa-5b3b-4bc7-b846-41895f4ebd48@group-833AA35A7EDE, cid=3374, SUCCESS, logIndex=5069, commits[72f5ceaa-5b3b-4bc7-b846-41895f4ebd48:c5069, b4e1f7d4-4bb4-47ed-a9cb-53483a899fb2:c5068, d3916bce-b37b-4246-83c6-d24846ba1a72:c5068]
2019-07-08 14:21:40,732 INFO  client.GrpcClientProtocolClient (GrpcClientProtocolClient.java:onNext(255)) - client-DE0880F50CF2->72f5ceaa-5b3b-4bc7-b846-41895f4ebd48: receive RaftClientReply:client-DE0880F50CF2->72f5ceaa-5b3b-4bc7-b846-41895f4ebd48@group-833AA35A7EDE, cid=3375, SUCCESS, logIndex=5070, commits[72f5ceaa-5b3b-4bc7-b846-41895f4ebd48:c5070, b4e1f7d4-4bb4-47ed-a9cb-53483a899fb2:c5068, d3916bce-b37b-4246-83c6-d24846ba1a72:c5068]
2019-07-08 14:21:40,746 INFO  client.GrpcClientProtocolClient (GrpcClientProtocolClient.java:onNext(255)) - client-DE0880F50CF2->72f5ceaa-5b3b-4bc7-b846-41895f4ebd48: receive RaftClientReply:client-DE0880F50CF2->72f5ceaa-5b3b-4bc7-b846-41895f4ebd48@group-833AA35A7EDE, cid=3376, SUCCESS, logIndex=5073, commits[72f5ceaa-5b3b-4bc7-b846-41895f4ebd48:c5074, b4e1f7d4-4bb4-47ed-a9cb-53483a899fb2:c5070, d3916bce-b37b-4246-83c6-d24846ba1a72:c5069]
2019-07-08 14:21:40,747 INFO  client.GrpcClientProtocolClient (GrpcClientProtocolClient.java:onNext(255)) - client-DE0880F50CF2->72f5ceaa-5b3b-4bc7-b846-41895f4ebd48: receive RaftClientReply:client-DE0880F50CF2->72f5ceaa-5b3b-4bc7-b846-41895f4ebd48@group-833AA35A7EDE, cid=3377, SUCCESS, logIndex=5074, commits[72f5ceaa-5b3b-4bc7-b846-41895f4ebd48:c5074, b4e1f7d4-4bb4-47ed-a9cb-53483a899fb2:c5070, d3916bce-b37b-4246-83c6-d24846ba1a72:c5069]
2019-07-08 14:21:40,757 INFO  client.GrpcClientProtocolClient (GrpcClientProtocolClient.java:onNext(255)) - client-DE0880F50CF2->72f5ceaa-5b3b-4bc7-b846-41895f4ebd48: receive RaftClientReply:client-DE0880F50CF2->72f5ceaa-5b3b-4bc7-b846-41895f4ebd48@group-833AA35A7EDE, cid=3378, SUCCESS, logIndex=0, commits[72f5ceaa-5b3b-4bc7-b846-41895f4ebd48:c5074, b4e1f7d4-4bb4-47ed-a9cb-53483a899fb2:c5070, d3916bce-b37b-4246-83c6-d24846ba1a72:c5070]
2019-07-08 14:21:40,772 INFO  client.GrpcClientProtocolClient (GrpcClientProtocolClient.java:onNext(255)) - client-DE0880F50CF2->72f5ceaa-5b3b-4bc7-b846-41895f4ebd48: receive RaftClientReply:client-DE0880F50CF2->72f5ceaa-5b3b-4bc7-b846-41895f4ebd48@group-833AA35A7EDE, cid=3379, SUCCESS, logIndex=0, commits[72f5ceaa-5b3b-4bc7-b846-41895f4ebd48:c5076, b4e1f7d4-4bb4-47ed-a9cb-53483a899fb2:c5074, d3916bce-b37b-4246-83c6-d24846ba1a72:c5074]
2019-07-08 14:21:40,824 INFO  client.GrpcClientProtocolClient (GrpcClientProtocolClient.java:onNext(255)) - client-DE0880F50CF2->72f5ceaa-5b3b-4bc7-b846-41895f4ebd48: receive RaftClientReply:client-DE0880F50CF2->72f5ceaa-5b3b-4bc7-b846-41895f4ebd48@group-833AA35A7EDE, cid=3380, SUCCESS, logIndex=5077, commits[72f5ceaa-5b3b-4bc7-b846-41895f4ebd48:c5078, b4e1f7d4-4bb4-47ed-a9cb-53483a899fb2:c5076, d3916bce-b37b-4246-83c6-d24846ba1a72:c5076]
2019-07-08 14:21:40,825 INFO  client.GrpcClientProtocolClient (GrpcClientProtocolClient.java:onNext(255)) - client-DE0880F50CF2->72f5ceaa-5b3b-4bc7-b846-41895f4ebd48: receive RaftClientReply:client-DE0880F50CF2->72f5ceaa-5b3b-4bc7-b846-41895f4ebd48@group-833AA35A7EDE, cid=3381, SUCCESS, logIndex=5078, commits[72f5ceaa-5b3b-4bc7-b846-41895f4ebd48:c5078, b4e1f7d4-4bb4-47ed-a9cb-53483a899fb2:c5076, d3916bce-b37b-4246-83c6-d24846ba1a72:c5076]
2019-07-08 14:21:40,843 INFO  client.GrpcClientProtocolClient (GrpcClientProtocolClient.java:onNext(255)) - client-DE0880F50CF2->72f5ceaa-5b3b-4bc7-b846-41895f4ebd48: receive RaftClientReply:client-DE0880F50CF2->72f5ceaa-5b3b-4bc7-b846-41895f4ebd48@group-833AA35A7EDE, cid=3382, SUCCESS, logIndex=5079, commits[72f5ceaa-5b3b-4bc7-b846-41895f4ebd48:c5079, b4e1f7d4-4bb4-47ed-a9cb-53483a899fb2:c5076, d3916bce-b37b-4246-83c6-d24846ba1a72:c5076]
2019-07-08 14:21:40,843 INFO  client.GrpcClientProtocolClient (GrpcClientProtocolClient.java:onNext(255)) - client-DE0880F50CF2->72f5ceaa-5b3b-4bc7-b846-41895f4ebd48: receive RaftClientReply:client-DE0880F50CF2->72f5ceaa-5b3b-4bc7-b846-41895f4ebd48@group-833AA35A7EDE, cid=3383, SUCCESS, logIndex=5080, commits[72f5ceaa-5b3b-4bc7-b846-41895f4ebd48:c5080, b4e1f7d4-4bb4-47ed-a9cb-53483a899fb2:c5076, d3916bce-b37b-4246-83c6-d24846ba1a72:c5076]
2019-07-08 14:21:40,856 INFO  client.GrpcClientProtocolClient (GrpcClientProtocolClient.java:onNext(255)) - client-DE0880F50CF2->72f5ceaa-5b3b-4bc7-b846-41895f4ebd48: receive RaftClientReply:client-DE0880F50CF2->72f5ceaa-5b3b-4bc7-b846-41895f4ebd48@group-833AA35A7EDE, cid=3384, SUCCESS, logIndex=0, commits[72f5ceaa-5b3b-4bc7-b846-41895f4ebd48:c5082, b4e1f7d4-4bb4-47ed-a9cb-53483a899fb2:c5078, d3916bce-b37b-4246-83c6-d24846ba1a72:c5078]
 0.00% |█                                                                                                    |  0/1 Time: 0:00:352019-07-08 14:21:40,996 INFO  client.GrpcClientProtocolClient (GrpcClientProtocolClient.java:onNext(255)) - client-DE0880F50CF2->72f5ceaa-5b3b-4bc7-b846-41895f4ebd48: receive RaftClientReply:client-DE0880F50CF2->72f5ceaa-5b3b-4bc7-b846-41895f4ebd48@group-833AA35A7EDE, cid=3385, SUCCESS, logIndex=5085, commits[72f5ceaa-5b3b-4bc7-b846-41895f4ebd48:c5086, b4e1f7d4-4bb4-47ed-a9cb-53483a899fb2:c5083, d3916bce-b37b-4246-83c6-d24846ba1a72:c5083]
2019-07-08 14:21:40,996 INFO  client.GrpcClientProtocolClient (GrpcClientProtocolClient.java:onNext(255)) - client-DE0880F50CF2->72f5ceaa-5b3b-4bc7-b846-41895f4ebd48: receive RaftClientReply:client-DE0880F50CF2->72f5ceaa-5b3b-4bc7-b846-41895f4ebd48@group-833AA35A7EDE, cid=3386, SUCCESS, logIndex=5086, commits[72f5ceaa-5b3b-4bc7-b846-41895f4ebd48:c5086, b4e1f7d4-4bb4-47ed-a9cb-53483a899fb2:c5083, d3916bce-b37b-4246-83c6-d24846ba1a72:c5083]
2019-07-08 14:21:41,021 INFO  client.GrpcClientProtocolClient (GrpcClientProtocolClient.java:onNext(255)) - client-DE0880F50CF2->72f5ceaa-5b3b-4bc7-b846-41895f4ebd48: receive RaftClientReply:client-DE0880F50CF2->72f5ceaa-5b3b-4bc7-b846-41895f4ebd48@group-833AA35A7EDE, cid=3387, SUCCESS, logIndex=5089, commits[72f5ceaa-5b3b-4bc7-b846-41895f4ebd48:c5090, b4e1f7d4-4bb4-47ed-a9cb-53483a899fb2:c5086, d3916bce-b37b-4246-83c6-d24846ba1a72:c5086]
2019-07-08 14:21:41,022 INFO  client.GrpcClientProtocolClient (GrpcClientProtocolClient.java:onNext(255)) - client-DE0880F50CF2->72f5ceaa-5b3b-4bc7-b846-41895f4ebd48: receive RaftClientReply:client-DE0880F50CF2->72f5ceaa-5b3b-4bc7-b846-41895f4ebd48@group-833AA35A7EDE, cid=3388, SUCCESS, logIndex=5090, commits[72f5ceaa-5b3b-4bc7-b846-41895f4ebd48:c5090, b4e1f7d4-4bb4-47ed-a9cb-53483a899fb2:c5086, d3916bce-b37b-4246-83c6-d24846ba1a72:c5086]
2019-07-08 14:21:41,047 INFO  client.GrpcClientProtocolClient (GrpcClientProtocolClient.java:onNext(255)) - client-DE0880F50CF2->72f5ceaa-5b3b-4bc7-b846-41895f4ebd48: receive RaftClientReply:client-DE0880F50CF2->72f5ceaa-5b3b-4bc7-b846-41895f4ebd48@group-833AA35A7EDE, cid=3389, SUCCESS, logIndex=0, commits[72f5ceaa-5b3b-4bc7-b846-41895f4ebd48:c5091, b4e1f7d4-4bb4-47ed-a9cb-53483a899fb2:c5090, d3916bce-b37b-4246-83c6-d24846ba1a72:c5090]
2019-07-08 14:21:41,083 INFO  client.GrpcClientProtocolClient (GrpcClientProtocolClient.java:onNext(255)) - client-DE0880F50CF2->72f5ceaa-5b3b-4bc7-b846-41895f4ebd48: receive RaftClientReply:client-DE0880F50CF2->72f5ceaa-5b3b-4bc7-b846-41895f4ebd48@group-833AA35A7EDE, cid=3390, SUCCESS, logIndex=5093, commits[72f5ceaa-5b3b-4bc7-b846-41895f4ebd48:c5094, b4e1f7d4-4bb4-47ed-a9cb-53483a899fb2:c5092, d3916bce-b37b-4246-83c6-d24846ba1a72:c5092]
2019-07-08 14:21:41,084 INFO  client.GrpcClientProtocolClient (GrpcClientProtocolClient.java:onNext(255)) - client-DE0880F50CF2->72f5ceaa-5b3b-4bc7-b846-41895f4ebd48: receive RaftClientReply:client-DE0880F50CF2->72f5ceaa-5b3b-4bc7-b846-41895f4ebd48@group-833AA35A7EDE, cid=3391, SUCCESS, logIndex=5094, commits[72f5ceaa-5b3b-4bc7-b846-41895f4ebd48:c5094, b4e1f7d4-4bb4-47ed-a9cb-53483a899fb2:c5092, d3916bce-b37b-4246-83c6-d24846ba1a72:c5092]
2019-07-08 14:21:41,092 INFO  client.GrpcClientProtocolClient (GrpcClientProtocolClient.java:onNext(255)) - client-DE0880F50CF2->72f5ceaa-5b3b-4bc7-b846-41895f4ebd48: receive RaftClientReply:client-DE0880F50CF2->72f5ceaa-5b3b-4bc7-b846-41895f4ebd48@group-833AA35A7EDE, cid=3392, SUCCESS, logIndex=5095, commits[72f5ceaa-5b3b-4bc7-b846-41895f4ebd48:c5096, b4e1f7d4-4bb4-47ed-a9cb-53483a899fb2:c5092, d3916bce-b37b-4246-83c6-d24846ba1a72:c5092]
2019-07-08 14:21:41,093 INFO  client.GrpcClientProtocolClient (GrpcClientProtocolClient.java:onNext(255)) - client-DE0880F50CF2->72f5ceaa-5b3b-4bc7-b846-41895f4ebd48: receive RaftClientReply:client-DE0880F50CF2->72f5ceaa-5b3b-4bc7-b846-41895f4ebd48@group-833AA35A7EDE, cid=3393, SUCCESS, logIndex=5096, commits[72f5ceaa-5b3b-4bc7-b846-41895f4ebd48:c5096, b4e1f7d4-4bb4-47ed-a9cb-53483a899fb2:c5092, d3916bce-b37b-4246-83c6-d24846ba1a72:c5092]
2019-07-08 14:21:41,108 INFO  client.GrpcClientProtocolClient (GrpcClientProtocolClient.java:onNext(255)) - client-DE0880F50CF2->72f5ceaa-5b3b-4bc7-b846-41895f4ebd48: receive RaftClientReply:client-DE0880F50CF2->72f5ceaa-5b3b-4bc7-b846-41895f4ebd48@group-833AA35A7EDE, cid=3394, SUCCESS, logIndex=0, commits[72f5ceaa-5b3b-4bc7-b846-41895f4ebd48:c5098, b4e1f7d4-4bb4-47ed-a9cb-53483a899fb2:c5094, d3916bce-b37b-4246-83c6-d24846ba1a72:c5094]
2019-07-08 14:21:41,130 INFO  client.GrpcClientProtocolClient (GrpcClientProtocolClient.java:onNext(255)) - client-DE0880F50CF2->72f5ceaa-5b3b-4bc7-b846-41895f4ebd48: receive RaftClientReply:client-DE0880F50CF2->72f5ceaa-5b3b-4bc7-b846-41895f4ebd48@group-833AA35A7EDE, cid=3395, SUCCESS, logIndex=5101, commits[72f5ceaa-5b3b-4bc7-b846-41895f4ebd48:c5102, b4e1f7d4-4bb4-47ed-a9cb-53483a899fb2:c5100, d3916bce-b37b-4246-83c6-d24846ba1a72:c5100]
2019-07-08 14:21:41,130 INFO  client.GrpcClientProtocolClient (GrpcClientProtocolClient.java:onNext(255)) - client-DE0880F50CF2->72f5ceaa-5b3b-4bc7-b846-41895f4ebd48: receive RaftClientReply:client-DE0880F50CF2->72f5ceaa-5b3b-4bc7-b846-41895f4ebd48@group-833AA35A7EDE, cid=3396, SUCCESS, logIndex=5102, commits[72f5ceaa-5b3b-4bc7-b846-41895f4ebd48:c5102, b4e1f7d4-4bb4-47ed-a9cb-53483a899fb2:c5100, d3916bce-b37b-4246-83c6-d24846ba1a72:c5100]
2019-07-08 14:21:41,158 INFO  client.GrpcClientProtocolClient (GrpcClientProtocolClient.java:onNext(255)) - client-DE0880F50CF2->72f5ceaa-5b3b-4bc7-b846-41895f4ebd48: receive RaftClientReply:client-DE0880F50CF2->72f5ceaa-5b3b-4bc7-b846-41895f4ebd48@group-833AA35A7EDE, cid=3397, SUCCESS, logIndex=5105, commits[72f5ceaa-5b3b-4bc7-b846-41895f4ebd48:c5106, b4e1f7d4-4bb4-47ed-a9cb-53483a899fb2:c5102, d3916bce-b37b-4246-83c6-d24846ba1a72:c5102]
2019-07-08 14:21:41,158 INFO  client.GrpcClientProtocolClient (GrpcClientProtocolClient.java:onNext(255)) - client-DE0880F50CF2->72f5ceaa-5b3b-4bc7-b846-41895f4ebd48: receive RaftClientReply:client-DE0880F50CF2->72f5ceaa-5b3b-4bc7-b846-41895f4ebd48@group-833AA35A7EDE, cid=3398, SUCCESS, logIndex=5106, commits[72f5ceaa-5b3b-4bc7-b846-41895f4ebd48:c5106, b4e1f7d4-4bb4-47ed-a9cb-53483a899fb2:c5102, d3916bce-b37b-4246-83c6-d24846ba1a72:c5102]
2019-07-08 14:21:41,183 INFO  client.GrpcClientProtocolClient (GrpcClientProtocolClient.java:onNext(255)) - client-DE0880F50CF2->72f5ceaa-5b3b-4bc7-b846-41895f4ebd48: receive RaftClientReply:client-DE0880F50CF2->72f5ceaa-5b3b-4bc7-b846-41895f4ebd48@group-833AA35A7EDE, cid=3399, SUCCESS, logIndex=0, commits[72f5ceaa-5b3b-4bc7-b846-41895f4ebd48:c5108, b4e1f7d4-4bb4-47ed-a9cb-53483a899fb2:c5106, d3916bce-b37b-4246-83c6-d24846ba1a72:c5106]
2019-07-08 14:21:41,221 INFO  client.GrpcClientProtocolClient (GrpcClientProtocolClient.java:onNext(255)) - client-DE0880F50CF2->72f5ceaa-5b3b-4bc7-b846-41895f4ebd48: receive RaftClientReply:client-DE0880F50CF2->72f5ceaa-5b3b-4bc7-b846-41895f4ebd48@group-833AA35A7EDE, cid=3400, SUCCESS, logIndex=5109, commits[72f5ceaa-5b3b-4bc7-b846-41895f4ebd48:c5110, b4e1f7d4-4bb4-47ed-a9cb-53483a899fb2:c5108, d3916bce-b37b-4246-83c6-d24846ba1a72:c5108]
2019-07-08 14:21:41,222 INFO  client.GrpcClientProtocolClient (GrpcClientProtocolClient.java:onNext(255)) - client-DE0880F50CF2->72f5ceaa-5b3b-4bc7-b846-41895f4ebd48: receive RaftClientReply:client-DE0880F50CF2->72f5ceaa-5b3b-4bc7-b846-41895f4ebd48@group-833AA35A7EDE, cid=3401, SUCCESS, logIndex=5110, commits[72f5ceaa-5b3b-4bc7-b846-41895f4ebd48:c5112, b4e1f7d4-4bb4-47ed-a9cb-53483a899fb2:c5108, d3916bce-b37b-4246-83c6-d24846ba1a72:c5108]
2019-07-08 14:21:41,222 INFO  client.GrpcClientProtocolClient (GrpcClientProtocolClient.java:onNext(255)) - client-DE0880F50CF2->72f5ceaa-5b3b-4bc7-b846-41895f4ebd48: receive RaftClientReply:client-DE0880F50CF2->72f5ceaa-5b3b-4bc7-b846-41895f4ebd48@group-833AA35A7EDE, cid=3402, SUCCESS, logIndex=5111, commits[72f5ceaa-5b3b-4bc7-b846-41895f4ebd48:c5112, b4e1f7d4-4bb4-47ed-a9cb-53483a899fb2:c5108, d3916bce-b37b-4246-83c6-d24846ba1a72:c5108]
2019-07-08 14:21:41,223 INFO  client.GrpcClientProtocolClient (GrpcClientProtocolClient.java:onNext(255)) - client-DE0880F50CF2->72f5ceaa-5b3b-4bc7-b846-41895f4ebd48: receive RaftClientReply:client-DE0880F50CF2->72f5ceaa-5b3b-4bc7-b846-41895f4ebd48@group-833AA35A7EDE, cid=3403, SUCCESS, logIndex=5112, commits[72f5ceaa-5b3b-4bc7-b846-41895f4ebd48:c5112, b4e1f7d4-4bb4-47ed-a9cb-53483a899fb2:c5108, d3916bce-b37b-4246-83c6-d24846ba1a72:c5108]
2019-07-08 14:21:41,246 INFO  client.GrpcClientProtocolClient (GrpcClientProtocolClient.java:onNext(255)) - client-DE0880F50CF2->72f5ceaa-5b3b-4bc7-b846-41895f4ebd48: receive RaftClientReply:client-DE0880F50CF2->72f5ceaa-5b3b-4bc7-b846-41895f4ebd48@group-833AA35A7EDE, cid=3404, SUCCESS, logIndex=0, commits[72f5ceaa-5b3b-4bc7-b846-41895f4ebd48:c5115, b4e1f7d4-4bb4-47ed-a9cb-53483a899fb2:c5110, d3916bce-b37b-4246-83c6-d24846ba1a72:c5112]
2019-07-08 14:21:41,269 INFO  client.GrpcClientProtocolClient (GrpcClientProtocolClient.java:onNext(255)) - client-DE0880F50CF2->72f5ceaa-5b3b-4bc7-b846-41895f4ebd48: receive RaftClientReply:client-DE0880F50CF2->72f5ceaa-5b3b-4bc7-b846-41895f4ebd48@group-833AA35A7EDE, cid=3405, SUCCESS, logIndex=5116, commits[72f5ceaa-5b3b-4bc7-b846-41895f4ebd48:c5117, b4e1f7d4-4bb4-47ed-a9cb-53483a899fb2:c5115, d3916bce-b37b-4246-83c6-d24846ba1a72:c5115]
2019-07-08 14:21:41,269 INFO  client.GrpcClientProtocolClient (GrpcClientProtocolClient.java:onNext(255)) - client-DE0880F50CF2->72f5ceaa-5b3b-4bc7-b846-41895f4ebd48: receive RaftClientReply:client-DE0880F50CF2->72f5ceaa-5b3b-4bc7-b846-41895f4ebd48@group-833AA35A7EDE, cid=3406, SUCCESS, logIndex=5117, commits[72f5ceaa-5b3b-4bc7-b846-41895f4ebd48:c5117, b4e1f7d4-4bb4-47ed-a9cb-53483a899fb2:c5115, d3916bce-b37b-4246-83c6-d24846ba1a72:c5115]
2019-07-08 14:21:41,296 INFO  client.GrpcClientProtocolClient (GrpcClientProtocolClient.java:onNext(255)) - client-DE0880F50CF2->72f5ceaa-5b3b-4bc7-b846-41895f4ebd48: receive RaftClientReply:client-DE0880F50CF2->72f5ceaa-5b3b-4bc7-b846-41895f4ebd48@group-833AA35A7EDE, cid=3407, SUCCESS, logIndex=5120, commits[72f5ceaa-5b3b-4bc7-b846-41895f4ebd48:c5121, b4e1f7d4-4bb4-47ed-a9cb-53483a899fb2:c5117, d3916bce-b37b-4246-83c6-d24846ba1a72:c5117]
2019-07-08 14:21:41,298 INFO  client.GrpcClientProtocolClient (GrpcClientProtocolClient.java:onNext(255)) - client-DE0880F50CF2->72f5ceaa-5b3b-4bc7-b846-41895f4ebd48: receive RaftClientReply:client-DE0880F50CF2->72f5ceaa-5b3b-4bc7-b846-41895f4ebd48@group-833AA35A7EDE, cid=3408, SUCCESS, logIndex=5121, commits[72f5ceaa-5b3b-4bc7-b846-41895f4ebd48:c5121, b4e1f7d4-4bb4-47ed-a9cb-53483a899fb2:c5117, d3916bce-b37b-4246-83c6-d24846ba1a72:c5117]
2019-07-08 14:21:41,310 INFO  client.GrpcClientProtocolClient (GrpcClientProtocolClient.java:onNext(255)) - client-DE0880F50CF2->72f5ceaa-5b3b-4bc7-b846-41895f4ebd48: receive RaftClientReply:client-DE0880F50CF2->72f5ceaa-5b3b-4bc7-b846-41895f4ebd48@group-833AA35A7EDE, cid=3409, SUCCESS, logIndex=0, commits[72f5ceaa-5b3b-4bc7-b846-41895f4ebd48:c5123, b4e1f7d4-4bb4-47ed-a9cb-53483a899fb2:c5121, d3916bce-b37b-4246-83c6-d24846ba1a72:c5121]
2019-07-08 14:21:41,353 INFO  client.GrpcClientProtocolClient (GrpcClientProtocolClient.java:onNext(255)) - client-DE0880F50CF2->72f5ceaa-5b3b-4bc7-b846-41895f4ebd48: receive RaftClientReply:client-DE0880F50CF2->72f5ceaa-5b3b-4bc7-b846-41895f4ebd48@group-833AA35A7EDE, cid=3410, SUCCESS, logIndex=5124, commits[72f5ceaa-5b3b-4bc7-b846-41895f4ebd48:c5125, b4e1f7d4-4bb4-47ed-a9cb-53483a899fb2:c5123, d3916bce-b37b-4246-83c6-d24846ba1a72:c5123]
2019-07-08 14:21:41,354 INFO  client.GrpcClientProtocolClient (GrpcClientProtocolClient.java:onNext(255)) - client-DE0880F50CF2->72f5ceaa-5b3b-4bc7-b846-41895f4ebd48: receive RaftClientReply:client-DE0880F50CF2->72f5ceaa-5b3b-4bc7-b846-41895f4ebd48@group-833AA35A7EDE, cid=3411, SUCCESS, logIndex=5125, commits[72f5ceaa-5b3b-4bc7-b846-41895f4ebd48:c5127, b4e1f7d4-4bb4-47ed-a9cb-53483a899fb2:c5123, d3916bce-b37b-4246-83c6-d24846ba1a72:c5123]
2019-07-08 14:21:41,354 INFO  client.GrpcClientProtocolClient (GrpcClientProtocolClient.java:onNext(255)) - client-DE0880F50CF2->72f5ceaa-5b3b-4bc7-b846-41895f4ebd48: receive RaftClientReply:client-DE0880F50CF2->72f5ceaa-5b3b-4bc7-b846-41895f4ebd48@group-833AA35A7EDE, cid=3412, SUCCESS, logIndex=5126, commits[72f5ceaa-5b3b-4bc7-b846-41895f4ebd48:c5127, b4e1f7d4-4bb4-47ed-a9cb-53483a899fb2:c5123, d3916bce-b37b-4246-83c6-d24846ba1a72:c5123]
2019-07-08 14:21:41,355 INFO  client.GrpcClientProtocolClient (GrpcClientProtocolClient.java:onNext(255)) - client-DE0880F50CF2->72f5ceaa-5b3b-4bc7-b846-41895f4ebd48: receive RaftClientReply:client-DE0880F50CF2->72f5ceaa-5b3b-4bc7-b846-41895f4ebd48@group-833AA35A7EDE, cid=3413, SUCCESS, logIndex=5127, commits[72f5ceaa-5b3b-4bc7-b846-41895f4ebd48:c5127, b4e1f7d4-4bb4-47ed-a9cb-53483a899fb2:c5123, d3916bce-b37b-4246-83c6-d24846ba1a72:c5123]
2019-07-08 14:21:41,381 INFO  client.GrpcClientProtocolClient (GrpcClientProtocolClient.java:onNext(255)) - client-DE0880F50CF2->72f5ceaa-5b3b-4bc7-b846-41895f4ebd48: receive RaftClientReply:client-DE0880F50CF2->72f5ceaa-5b3b-4bc7-b846-41895f4ebd48@group-833AA35A7EDE, cid=3414, SUCCESS, logIndex=0, commits[72f5ceaa-5b3b-4bc7-b846-41895f4ebd48:c5129, b4e1f7d4-4bb4-47ed-a9cb-53483a899fb2:c5125, d3916bce-b37b-4246-83c6-d24846ba1a72:c5125]
2019-07-08 14:21:41,404 INFO  client.GrpcClientProtocolClient (GrpcClientProtocolClient.java:onNext(255)) - client-DE0880F50CF2->72f5ceaa-5b3b-4bc7-b846-41895f4ebd48: receive RaftClientReply:client-DE0880F50CF2->72f5ceaa-5b3b-4bc7-b846-41895f4ebd48@group-833AA35A7EDE, cid=3415, SUCCESS, logIndex=5132, commits[72f5ceaa-5b3b-4bc7-b846-41895f4ebd48:c5133, b4e1f7d4-4bb4-47ed-a9cb-53483a899fb2:c5131, d3916bce-b37b-4246-83c6-d24846ba1a72:c5131]
2019-07-08 14:21:41,404 INFO  client.GrpcClientProtocolClient (GrpcClientProtocolClient.java:onNext(255)) - client-DE0880F50CF2->72f5ceaa-5b3b-4bc7-b846-41895f4ebd48: receive RaftClientReply:client-DE0880F50CF2->72f5ceaa-5b3b-4bc7-b846-41895f4ebd48@group-833AA35A7EDE, cid=3416, SUCCESS, logIndex=5133, commits[72f5ceaa-5b3b-4bc7-b846-41895f4ebd48:c5133, b4e1f7d4-4bb4-47ed-a9cb-53483a899fb2:c5131, d3916bce-b37b-4246-83c6-d24846ba1a72:c5131]
2019-07-08 14:21:41,422 INFO  client.GrpcClientProtocolClient (GrpcClientProtocolClient.java:onNext(255)) - client-DE0880F50CF2->72f5ceaa-5b3b-4bc7-b846-41895f4ebd48: receive RaftClientReply:client-DE0880F50CF2->72f5ceaa-5b3b-4bc7-b846-41895f4ebd48@group-833AA35A7EDE, cid=3417, SUCCESS, logIndex=5136, commits[72f5ceaa-5b3b-4bc7-b846-41895f4ebd48:c5137, b4e1f7d4-4bb4-47ed-a9cb-53483a899fb2:c5133, d3916bce-b37b-4246-83c6-d24846ba1a72:c5133]
2019-07-08 14:21:41,422 INFO  client.GrpcClientProtocolClient (GrpcClientProtocolClient.java:onNext(255)) - client-DE0880F50CF2->72f5ceaa-5b3b-4bc7-b846-41895f4ebd48: receive RaftClientReply:client-DE0880F50CF2->72f5ceaa-5b3b-4bc7-b846-41895f4ebd48@group-833AA35A7EDE, cid=3418, SUCCESS, logIndex=5137, commits[72f5ceaa-5b3b-4bc7-b846-41895f4ebd48:c5137, b4e1f7d4-4bb4-47ed-a9cb-53483a899fb2:c5133, d3916bce-b37b-4246-83c6-d24846ba1a72:c5133]
2019-07-08 14:21:41,450 INFO  client.GrpcClientProtocolClient (GrpcClientProtocolClient.java:onNext(255)) - client-DE0880F50CF2->72f5ceaa-5b3b-4bc7-b846-41895f4ebd48: receive RaftClientReply:client-DE0880F50CF2->72f5ceaa-5b3b-4bc7-b846-41895f4ebd48@group-833AA35A7EDE, cid=3419, SUCCESS, logIndex=0, commits[72f5ceaa-5b3b-4bc7-b846-41895f4ebd48:c5138, b4e1f7d4-4bb4-47ed-a9cb-53483a899fb2:c5137, d3916bce-b37b-4246-83c6-d24846ba1a72:c5137]
2019-07-08 14:21:41,486 INFO  client.GrpcClientProtocolClient (GrpcClientProtocolClient.java:onNext(255)) - client-DE0880F50CF2->72f5ceaa-5b3b-4bc7-b846-41895f4ebd48: receive RaftClientReply:client-DE0880F50CF2->72f5ceaa-5b3b-4bc7-b846-41895f4ebd48@group-833AA35A7EDE, cid=3420, SUCCESS, logIndex=5140, commits[72f5ceaa-5b3b-4bc7-b846-41895f4ebd48:c5141, b4e1f7d4-4bb4-47ed-a9cb-53483a899fb2:c5139, d3916bce-b37b-4246-83c6-d24846ba1a72:c5139]
2019-07-08 14:21:41,487 INFO  client.GrpcClientProtocolClient (GrpcClientProtocolClient.java:onNext(255)) - client-DE0880F50CF2->72f5ceaa-5b3b-4bc7-b846-41895f4ebd48: receive RaftClientReply:client-DE0880F50CF2->72f5ceaa-5b3b-4bc7-b846-41895f4ebd48@group-833AA35A7EDE, cid=3421, SUCCESS, logIndex=5141, commits[72f5ceaa-5b3b-4bc7-b846-41895f4ebd48:c5143, b4e1f7d4-4bb4-47ed-a9cb-53483a899fb2:c5139, d3916bce-b37b-4246-83c6-d24846ba1a72:c5139]
2019-07-08 14:21:41,488 INFO  client.GrpcClientProtocolClient (GrpcClientProtocolClient.java:onNext(255)) - client-DE0880F50CF2->72f5ceaa-5b3b-4bc7-b846-41895f4ebd48: receive RaftClientReply:client-DE0880F50CF2->72f5ceaa-5b3b-4bc7-b846-41895f4ebd48@group-833AA35A7EDE, cid=3422, SUCCESS, logIndex=5142, commits[72f5ceaa-5b3b-4bc7-b846-41895f4ebd48:c5143, b4e1f7d4-4bb4-47ed-a9cb-53483a899fb2:c5139, d3916bce-b37b-4246-83c6-d24846ba1a72:c5139]
2019-07-08 14:21:41,488 INFO  client.GrpcClientProtocolClient (GrpcClientProtocolClient.java:onNext(255)) - client-DE0880F50CF2->72f5ceaa-5b3b-4bc7-b846-41895f4ebd48: receive RaftClientReply:client-DE0880F50CF2->72f5ceaa-5b3b-4bc7-b846-41895f4ebd48@group-833AA35A7EDE, cid=3423, SUCCESS, logIndex=5143, commits[72f5ceaa-5b3b-4bc7-b846-41895f4ebd48:c5143, b4e1f7d4-4bb4-47ed-a9cb-53483a899fb2:c5139, d3916bce-b37b-4246-83c6-d24846ba1a72:c5139]
2019-07-08 14:21:41,490 INFO  client.GrpcClientProtocolClient (GrpcClientProtocolClient.java:onNext(255)) - client-DE0880F50CF2->72f5ceaa-5b3b-4bc7-b846-41895f4ebd48: receive RaftClientReply:client-DE0880F50CF2->72f5ceaa-5b3b-4bc7-b846-41895f4ebd48@group-833AA35A7EDE, cid=3424, SUCCESS, logIndex=0, commits[72f5ceaa-5b3b-4bc7-b846-41895f4ebd48:c5145, b4e1f7d4-4bb4-47ed-a9cb-53483a899fb2:c5141, d3916bce-b37b-4246-83c6-d24846ba1a72:c5142]
2019-07-08 14:21:41,515 INFO  client.GrpcClientProtocolClient (GrpcClientProtocolClient.java:onNext(255)) - client-DE0880F50CF2->72f5ceaa-5b3b-4bc7-b846-41895f4ebd48: receive RaftClientReply:client-DE0880F50CF2->72f5ceaa-5b3b-4bc7-b846-41895f4ebd48@group-833AA35A7EDE, cid=3425, SUCCESS, logIndex=5148, commits[72f5ceaa-5b3b-4bc7-b846-41895f4ebd48:c5149, b4e1f7d4-4bb4-47ed-a9cb-53483a899fb2:c5145, d3916bce-b37b-4246-83c6-d24846ba1a72:c5145]
2019-07-08 14:21:41,515 INFO  client.GrpcClientProtocolClient (GrpcClientProtocolClient.java:onNext(255)) - client-DE0880F50CF2->72f5ceaa-5b3b-4bc7-b846-41895f4ebd48: receive RaftClientReply:client-DE0880F50CF2->72f5ceaa-5b3b-4bc7-b846-41895f4ebd48@group-833AA35A7EDE, cid=3426, SUCCESS, logIndex=5149, commits[72f5ceaa-5b3b-4bc7-b846-41895f4ebd48:c5149, b4e1f7d4-4bb4-47ed-a9cb-53483a899fb2:c5145, d3916bce-b37b-4246-83c6-d24846ba1a72:c5145]
2019-07-08 14:21:41,532 INFO  client.GrpcClientProtocolClient (GrpcClientProtocolClient.java:onNext(255)) - client-DE0880F50CF2->72f5ceaa-5b3b-4bc7-b846-41895f4ebd48: receive RaftClientReply:client-DE0880F50CF2->72f5ceaa-5b3b-4bc7-b846-41895f4ebd48@group-833AA35A7EDE, cid=3427, SUCCESS, logIndex=5152, commits[72f5ceaa-5b3b-4bc7-b846-41895f4ebd48:c5153, b4e1f7d4-4bb4-47ed-a9cb-53483a899fb2:c5151, d3916bce-b37b-4246-83c6-d24846ba1a72:c5149]
2019-07-08 14:21:41,533 INFO  client.GrpcClientProtocolClient (GrpcClientProtocolClient.java:onNext(255)) - client-DE0880F50CF2->72f5ceaa-5b3b-4bc7-b846-41895f4ebd48: receive RaftClientReply:client-DE0880F50CF2->72f5ceaa-5b3b-4bc7-b846-41895f4ebd48@group-833AA35A7EDE, cid=3428, SUCCESS, logIndex=5153, commits[72f5ceaa-5b3b-4bc7-b846-41895f4ebd48:c5153, b4e1f7d4-4bb4-47ed-a9cb-53483a899fb2:c5151, d3916bce-b37b-4246-83c6-d24846ba1a72:c5149]
2019-07-08 14:21:41,555 INFO  client.GrpcClientProtocolClient (GrpcClientProtocolClient.java:onNext(255)) - client-DE0880F50CF2->72f5ceaa-5b3b-4bc7-b846-41895f4ebd48: receive RaftClientReply:client-DE0880F50CF2->72f5ceaa-5b3b-4bc7-b846-41895f4ebd48@group-833AA35A7EDE, cid=3429, SUCCESS, logIndex=0, commits[72f5ceaa-5b3b-4bc7-b846-41895f4ebd48:c5154, b4e1f7d4-4bb4-47ed-a9cb-53483a899fb2:c5153, d3916bce-b37b-4246-83c6-d24846ba1a72:c5153]
2019-07-08 14:21:41,608 INFO  client.GrpcClientProtocolClient (GrpcClientProtocolClient.java:onNext(255)) - client-DE0880F50CF2->72f5ceaa-5b3b-4bc7-b846-41895f4ebd48: receive RaftClientReply:client-DE0880F50CF2->72f5ceaa-5b3b-4bc7-b846-41895f4ebd48@group-833AA35A7EDE, cid=3430, SUCCESS, logIndex=5156, commits[72f5ceaa-5b3b-4bc7-b846-41895f4ebd48:c5157, b4e1f7d4-4bb4-47ed-a9cb-53483a899fb2:c5155, d3916bce-b37b-4246-83c6-d24846ba1a72:c5155]
2019-07-08 14:21:41,609 INFO  client.GrpcClientProtocolClient (GrpcClientProtocolClient.java:onNext(255)) - client-DE0880F50CF2->72f5ceaa-5b3b-4bc7-b846-41895f4ebd48: receive RaftClientReply:client-DE0880F50CF2->72f5ceaa-5b3b-4bc7-b846-41895f4ebd48@group-833AA35A7EDE, cid=3431, SUCCESS, logIndex=5157, commits[72f5ceaa-5b3b-4bc7-b846-41895f4ebd48:c5159, b4e1f7d4-4bb4-47ed-a9cb-53483a899fb2:c5155, d3916bce-b37b-4246-83c6-d24846ba1a72:c5155]
2019-07-08 14:21:41,609 INFO  client.GrpcClientProtocolClient (GrpcClientProtocolClient.java:onNext(255)) - client-DE0880F50CF2->72f5ceaa-5b3b-4bc7-b846-41895f4ebd48: receive RaftClientReply:client-DE0880F50CF2->72f5ceaa-5b3b-4bc7-b846-41895f4ebd48@group-833AA35A7EDE, cid=3432, SUCCESS, logIndex=5158, commits[72f5ceaa-5b3b-4bc7-b846-41895f4ebd48:c5159, b4e1f7d4-4bb4-47ed-a9cb-53483a899fb2:c5155, d3916bce-b37b-4246-83c6-d24846ba1a72:c5155]
2019-07-08 14:21:41,610 INFO  client.GrpcClientProtocolClient (GrpcClientProtocolClient.java:onNext(255)) - client-DE0880F50CF2->72f5ceaa-5b3b-4bc7-b846-41895f4ebd48: receive RaftClientReply:client-DE0880F50CF2->72f5ceaa-5b3b-4bc7-b846-41895f4ebd48@group-833AA35A7EDE, cid=3433, SUCCESS, logIndex=5159, commits[72f5ceaa-5b3b-4bc7-b846-41895f4ebd48:c5159, b4e1f7d4-4bb4-47ed-a9cb-53483a899fb2:c5155, d3916bce-b37b-4246-83c6-d24846ba1a72:c5155]
2019-07-08 14:21:41,633 INFO  client.GrpcClientProtocolClient (GrpcClientProtocolClient.java:onNext(255)) - client-DE0880F50CF2->72f5ceaa-5b3b-4bc7-b846-41895f4ebd48: receive RaftClientReply:client-DE0880F50CF2->72f5ceaa-5b3b-4bc7-b846-41895f4ebd48@group-833AA35A7EDE, cid=3434, SUCCESS, logIndex=0, commits[72f5ceaa-5b3b-4bc7-b846-41895f4ebd48:c5162, b4e1f7d4-4bb4-47ed-a9cb-53483a899fb2:c5157, d3916bce-b37b-4246-83c6-d24846ba1a72:c5159]
2019-07-08 14:21:41,657 INFO  client.GrpcClientProtocolClient (GrpcClientProtocolClient.java:onNext(255)) - client-DE0880F50CF2->72f5ceaa-5b3b-4bc7-b846-41895f4ebd48: receive RaftClientReply:client-DE0880F50CF2->72f5ceaa-5b3b-4bc7-b846-41895f4ebd48@group-833AA35A7EDE, cid=3435, SUCCESS, logIndex=5163, commits[72f5ceaa-5b3b-4bc7-b846-41895f4ebd48:c5164, b4e1f7d4-4bb4-47ed-a9cb-53483a899fb2:c5162, d3916bce-b37b-4246-83c6-d24846ba1a72:c5162]
2019-07-08 14:21:41,657 INFO  client.GrpcClientProtocolClient (GrpcClientProtocolClient.java:onNext(255)) - client-DE0880F50CF2->72f5ceaa-5b3b-4bc7-b846-41895f4ebd48: receive RaftClientReply:client-DE0880F50CF2->72f5ceaa-5b3b-4bc7-b846-41895f4ebd48@group-833AA35A7EDE, cid=3436, SUCCESS, logIndex=5164, commits[72f5ceaa-5b3b-4bc7-b846-41895f4ebd48:c5164, b4e1f7d4-4bb4-47ed-a9cb-53483a899fb2:c5162, d3916bce-b37b-4246-83c6-d24846ba1a72:c5162]
2019-07-08 14:21:41,695 INFO  client.GrpcClientProtocolClient (GrpcClientProtocolClient.java:onNext(255)) - client-DE0880F50CF2->72f5ceaa-5b3b-4bc7-b846-41895f4ebd48: receive RaftClientReply:client-DE0880F50CF2->72f5ceaa-5b3b-4bc7-b846-41895f4ebd48@group-833AA35A7EDE, cid=3437, SUCCESS, logIndex=5167, commits[72f5ceaa-5b3b-4bc7-b846-41895f4ebd48:c5168, b4e1f7d4-4bb4-47ed-a9cb-53483a899fb2:c5166, d3916bce-b37b-4246-83c6-d24846ba1a72:c5166]
2019-07-08 14:21:41,695 INFO  client.GrpcClientProtocolClient (GrpcClientProtocolClient.java:onNext(255)) - client-DE0880F50CF2->72f5ceaa-5b3b-4bc7-b846-41895f4ebd48: receive RaftClientReply:client-DE0880F50CF2->72f5ceaa-5b3b-4bc7-b846-41895f4ebd48@group-833AA35A7EDE, cid=3438, SUCCESS, logIndex=5168, commits[72f5ceaa-5b3b-4bc7-b846-41895f4ebd48:c5168, b4e1f7d4-4bb4-47ed-a9cb-53483a899fb2:c5166, d3916bce-b37b-4246-83c6-d24846ba1a72:c5166]
2019-07-08 14:21:41,707 INFO  client.GrpcClientProtocolClient (GrpcClientProtocolClient.java:onNext(255)) - client-DE0880F50CF2->72f5ceaa-5b3b-4bc7-b846-41895f4ebd48: receive RaftClientReply:client-DE0880F50CF2->72f5ceaa-5b3b-4bc7-b846-41895f4ebd48@group-833AA35A7EDE, cid=3439, SUCCESS, logIndex=0, commits[72f5ceaa-5b3b-4bc7-b846-41895f4ebd48:c5169, b4e1f7d4-4bb4-47ed-a9cb-53483a899fb2:c5168, d3916bce-b37b-4246-83c6-d24846ba1a72:c5168]
2019-07-08 14:21:41,746 INFO  client.GrpcClientProtocolClient (GrpcClientProtocolClient.java:onNext(255)) - client-DE0880F50CF2->72f5ceaa-5b3b-4bc7-b846-41895f4ebd48: receive RaftClientReply:client-DE0880F50CF2->72f5ceaa-5b3b-4bc7-b846-41895f4ebd48@group-833AA35A7EDE, cid=3440, SUCCESS, logIndex=5171, commits[72f5ceaa-5b3b-4bc7-b846-41895f4ebd48:c5173, b4e1f7d4-4bb4-47ed-a9cb-53483a899fb2:c5170, d3916bce-b37b-4246-83c6-d24846ba1a72:c5170]
2019-07-08 14:21:41,747 INFO  client.GrpcClientProtocolClient (GrpcClientProtocolClient.java:onNext(255)) - client-DE0880F50CF2->72f5ceaa-5b3b-4bc7-b846-41895f4ebd48: receive RaftClientReply:client-DE0880F50CF2->72f5ceaa-5b3b-4bc7-b846-41895f4ebd48@group-833AA35A7EDE, cid=3441, SUCCESS, logIndex=5172, commits[72f5ceaa-5b3b-4bc7-b846-41895f4ebd48:c5174, b4e1f7d4-4bb4-47ed-a9cb-53483a899fb2:c5170, d3916bce-b37b-4246-83c6-d24846ba1a72:c5170]
2019-07-08 14:21:41,747 INFO  client.GrpcClientProtocolClient (GrpcClientProtocolClient.java:onNext(255)) - client-DE0880F50CF2->72f5ceaa-5b3b-4bc7-b846-41895f4ebd48: receive RaftClientReply:client-DE0880F50CF2->72f5ceaa-5b3b-4bc7-b846-41895f4ebd48@group-833AA35A7EDE, cid=3442, SUCCESS, logIndex=5173, commits[72f5ceaa-5b3b-4bc7-b846-41895f4ebd48:c5174, b4e1f7d4-4bb4-47ed-a9cb-53483a899fb2:c5170, d3916bce-b37b-4246-83c6-d24846ba1a72:c5170]
2019-07-08 14:21:41,747 INFO  client.GrpcClientProtocolClient (GrpcClientProtocolClient.java:onNext(255)) - client-DE0880F50CF2->72f5ceaa-5b3b-4bc7-b846-41895f4ebd48: receive RaftClientReply:client-DE0880F50CF2->72f5ceaa-5b3b-4bc7-b846-41895f4ebd48@group-833AA35A7EDE, cid=3443, SUCCESS, logIndex=5174, commits[72f5ceaa-5b3b-4bc7-b846-41895f4ebd48:c5174, b4e1f7d4-4bb4-47ed-a9cb-53483a899fb2:c5170, d3916bce-b37b-4246-83c6-d24846ba1a72:c5170]
2019-07-08 14:21:41,761 INFO  client.GrpcClientProtocolClient (GrpcClientProtocolClient.java:onNext(255)) - client-DE0880F50CF2->72f5ceaa-5b3b-4bc7-b846-41895f4ebd48: receive RaftClientReply:client-DE0880F50CF2->72f5ceaa-5b3b-4bc7-b846-41895f4ebd48@group-833AA35A7EDE, cid=3444, SUCCESS, logIndex=0, commits[72f5ceaa-5b3b-4bc7-b846-41895f4ebd48:c5176, b4e1f7d4-4bb4-47ed-a9cb-53483a899fb2:c5173, d3916bce-b37b-4246-83c6-d24846ba1a72:c5173]
2019-07-08 14:21:41,784 INFO  client.GrpcClientProtocolClient (GrpcClientProtocolClient.java:onNext(255)) - client-DE0880F50CF2->72f5ceaa-5b3b-4bc7-b846-41895f4ebd48: receive RaftClientReply:client-DE0880F50CF2->72f5ceaa-5b3b-4bc7-b846-41895f4ebd48@group-833AA35A7EDE, cid=3445, SUCCESS, logIndex=5179, commits[72f5ceaa-5b3b-4bc7-b846-41895f4ebd48:c5180, b4e1f7d4-4bb4-47ed-a9cb-53483a899fb2:c5178, d3916bce-b37b-4246-83c6-d24846ba1a72:c5178]
2019-07-08 14:21:41,784 INFO  client.GrpcClientProtocolClient (GrpcClientProtocolClient.java:onNext(255)) - client-DE0880F50CF2->72f5ceaa-5b3b-4bc7-b846-41895f4ebd48: receive RaftClientReply:client-DE0880F50CF2->72f5ceaa-5b3b-4bc7-b846-41895f4ebd48@group-833AA35A7EDE, cid=3446, SUCCESS, logIndex=5180, commits[72f5ceaa-5b3b-4bc7-b846-41895f4ebd48:c5180, b4e1f7d4-4bb4-47ed-a9cb-53483a899fb2:c5178, d3916bce-b37b-4246-83c6-d24846ba1a72:c5178]
2019-07-08 14:21:41,809 INFO  client.GrpcClientProtocolClient (GrpcClientProtocolClient.java:onNext(255)) - client-DE0880F50CF2->72f5ceaa-5b3b-4bc7-b846-41895f4ebd48: receive RaftClientReply:client-DE0880F50CF2->72f5ceaa-5b3b-4bc7-b846-41895f4ebd48@group-833AA35A7EDE, cid=3447, SUCCESS, logIndex=5183, commits[72f5ceaa-5b3b-4bc7-b846-41895f4ebd48:c5184, b4e1f7d4-4bb4-47ed-a9cb-53483a899fb2:c5180, d3916bce-b37b-4246-83c6-d24846ba1a72:c5179]
2019-07-08 14:21:41,809 INFO  client.GrpcClientProtocolClient (GrpcClientProtocolClient.java:onNext(255)) - client-DE0880F50CF2->72f5ceaa-5b3b-4bc7-b846-41895f4ebd48: receive RaftClientReply:client-DE0880F50CF2->72f5ceaa-5b3b-4bc7-b846-41895f4ebd48@group-833AA35A7EDE, cid=3448, SUCCESS, logIndex=5184, commits[72f5ceaa-5b3b-4bc7-b846-41895f4ebd48:c5184, b4e1f7d4-4bb4-47ed-a9cb-53483a899fb2:c5180, d3916bce-b37b-4246-83c6-d24846ba1a72:c5180]
2019-07-08 14:21:41,814 INFO  client.GrpcClientProtocolClient (GrpcClientProtocolClient.java:onNext(255)) - client-DE0880F50CF2->72f5ceaa-5b3b-4bc7-b846-41895f4ebd48: receive RaftClientReply:client-DE0880F50CF2->72f5ceaa-5b3b-4bc7-b846-41895f4ebd48@group-833AA35A7EDE, cid=3449, SUCCESS, logIndex=0, commits[72f5ceaa-5b3b-4bc7-b846-41895f4ebd48:c5186, b4e1f7d4-4bb4-47ed-a9cb-53483a899fb2:c5184, d3916bce-b37b-4246-83c6-d24846ba1a72:c5184]
2019-07-08 14:21:41,850 INFO  client.GrpcClientProtocolClient (GrpcClientProtocolClient.java:onNext(255)) - client-DE0880F50CF2->72f5ceaa-5b3b-4bc7-b846-41895f4ebd48: receive RaftClientReply:client-DE0880F50CF2->72f5ceaa-5b3b-4bc7-b846-41895f4ebd48@group-833AA35A7EDE, cid=3450, SUCCESS, logIndex=5187, commits[72f5ceaa-5b3b-4bc7-b846-41895f4ebd48:c5188, b4e1f7d4-4bb4-47ed-a9cb-53483a899fb2:c5186, d3916bce-b37b-4246-83c6-d24846ba1a72:c5186]
2019-07-08 14:21:41,850 INFO  client.GrpcClientProtocolClient (GrpcClientProtocolClient.java:onNext(255)) - client-DE0880F50CF2->72f5ceaa-5b3b-4bc7-b846-41895f4ebd48: receive RaftClientReply:client-DE0880F50CF2->72f5ceaa-5b3b-4bc7-b846-41895f4ebd48@group-833AA35A7EDE, cid=3451, SUCCESS, logIndex=5188, commits[72f5ceaa-5b3b-4bc7-b846-41895f4ebd48:c5190, b4e1f7d4-4bb4-47ed-a9cb-53483a899fb2:c5186, d3916bce-b37b-4246-83c6-d24846ba1a72:c5186]
2019-07-08 14:21:41,851 INFO  client.GrpcClientProtocolClient (GrpcClientProtocolClient.java:onNext(255)) - client-DE0880F50CF2->72f5ceaa-5b3b-4bc7-b846-41895f4ebd48: receive RaftClientReply:client-DE0880F50CF2->72f5ceaa-5b3b-4bc7-b846-41895f4ebd48@group-833AA35A7EDE, cid=3452, SUCCESS, logIndex=5189, commits[72f5ceaa-5b3b-4bc7-b846-41895f4ebd48:c5190, b4e1f7d4-4bb4-47ed-a9cb-53483a899fb2:c5186, d3916bce-b37b-4246-83c6-d24846ba1a72:c5186]
2019-07-08 14:21:41,851 INFO  client.GrpcClientProtocolClient (GrpcClientProtocolClient.java:onNext(255)) - client-DE0880F50CF2->72f5ceaa-5b3b-4bc7-b846-41895f4ebd48: receive RaftClientReply:client-DE0880F50CF2->72f5ceaa-5b3b-4bc7-b846-41895f4ebd48@group-833AA35A7EDE, cid=3453, SUCCESS, logIndex=5190, commits[72f5ceaa-5b3b-4bc7-b846-41895f4ebd48:c5190, b4e1f7d4-4bb4-47ed-a9cb-53483a899fb2:c5186, d3916bce-b37b-4246-83c6-d24846ba1a72:c5186]
2019-07-08 14:21:41,861 INFO  client.GrpcClientProtocolClient (GrpcClientProtocolClient.java:onNext(255)) - client-DE0880F50CF2->72f5ceaa-5b3b-4bc7-b846-41895f4ebd48: receive RaftClientReply:client-DE0880F50CF2->72f5ceaa-5b3b-4bc7-b846-41895f4ebd48@group-833AA35A7EDE, cid=3454, SUCCESS, logIndex=0, commits[72f5ceaa-5b3b-4bc7-b846-41895f4ebd48:c5191, b4e1f7d4-4bb4-47ed-a9cb-53483a899fb2:c5188, d3916bce-b37b-4246-83c6-d24846ba1a72:c5188]
2019-07-08 14:21:41,882 INFO  client.GrpcClientProtocolClient (GrpcClientProtocolClient.java:onNext(255)) - client-DE0880F50CF2->72f5ceaa-5b3b-4bc7-b846-41895f4ebd48: receive RaftClientReply:client-DE0880F50CF2->72f5ceaa-5b3b-4bc7-b846-41895f4ebd48@group-833AA35A7EDE, cid=3455, SUCCESS, logIndex=5195, commits[72f5ceaa-5b3b-4bc7-b846-41895f4ebd48:c5196, b4e1f7d4-4bb4-47ed-a9cb-53483a899fb2:c5194, d3916bce-b37b-4246-83c6-d24846ba1a72:c5194]
2019-07-08 14:21:41,883 INFO  client.GrpcClientProtocolClient (GrpcClientProtocolClient.java:onNext(255)) - client-DE0880F50CF2->72f5ceaa-5b3b-4bc7-b846-41895f4ebd48: receive RaftClientReply:client-DE0880F50CF2->72f5ceaa-5b3b-4bc7-b846-41895f4ebd48@group-833AA35A7EDE, cid=3456, SUCCESS, logIndex=5196, commits[72f5ceaa-5b3b-4bc7-b846-41895f4ebd48:c5196, b4e1f7d4-4bb4-47ed-a9cb-53483a899fb2:c5194, d3916bce-b37b-4246-83c6-d24846ba1a72:c5194]
2019-07-08 14:21:41,896 INFO  client.GrpcClientProtocolClient (GrpcClientProtocolClient.java:onNext(255)) - client-DE0880F50CF2->72f5ceaa-5b3b-4bc7-b846-41895f4ebd48: receive RaftClientReply:client-DE0880F50CF2->72f5ceaa-5b3b-4bc7-b846-41895f4ebd48@group-833AA35A7EDE, cid=3457, SUCCESS, logIndex=5199, commits[72f5ceaa-5b3b-4bc7-b846-41895f4ebd48:c5200, b4e1f7d4-4bb4-47ed-a9cb-53483a899fb2:c5195, d3916bce-b37b-4246-83c6-d24846ba1a72:c5196]
2019-07-08 14:21:41,897 INFO  client.GrpcClientProtocolClient (GrpcClientProtocolClient.java:onNext(255)) - client-DE0880F50CF2->72f5ceaa-5b3b-4bc7-b846-41895f4ebd48: receive RaftClientReply:client-DE0880F50CF2->72f5ceaa-5b3b-4bc7-b846-41895f4ebd48@group-833AA35A7EDE, cid=3458, SUCCESS, logIndex=5200, commits[72f5ceaa-5b3b-4bc7-b846-41895f4ebd48:c5200, b4e1f7d4-4bb4-47ed-a9cb-53483a899fb2:c5196, d3916bce-b37b-4246-83c6-d24846ba1a72:c5196]
2019-07-08 14:21:41,909 INFO  client.GrpcClientProtocolClient (GrpcClientProtocolClient.java:onNext(255)) - client-DE0880F50CF2->72f5ceaa-5b3b-4bc7-b846-41895f4ebd48: receive RaftClientReply:client-DE0880F50CF2->72f5ceaa-5b3b-4bc7-b846-41895f4ebd48@group-833AA35A7EDE, cid=3459, SUCCESS, logIndex=0, commits[72f5ceaa-5b3b-4bc7-b846-41895f4ebd48:c5201, b4e1f7d4-4bb4-47ed-a9cb-53483a899fb2:c5200, d3916bce-b37b-4246-83c6-d24846ba1a72:c5200]
2019-07-08 14:21:41,944 INFO  client.GrpcClientProtocolClient (GrpcClientProtocolClient.java:onNext(255)) - client-DE0880F50CF2->72f5ceaa-5b3b-4bc7-b846-41895f4ebd48: receive RaftClientReply:client-DE0880F50CF2->72f5ceaa-5b3b-4bc7-b846-41895f4ebd48@group-833AA35A7EDE, cid=3460, SUCCESS, logIndex=5203, commits[72f5ceaa-5b3b-4bc7-b846-41895f4ebd48:c5205, b4e1f7d4-4bb4-47ed-a9cb-53483a899fb2:c5202, d3916bce-b37b-4246-83c6-d24846ba1a72:c5202]
2019-07-08 14:21:41,944 INFO  client.GrpcClientProtocolClient (GrpcClientProtocolClient.java:onNext(255)) - client-DE0880F50CF2->72f5ceaa-5b3b-4bc7-b846-41895f4ebd48: receive RaftClientReply:client-DE0880F50CF2->72f5ceaa-5b3b-4bc7-b846-41895f4ebd48@group-833AA35A7EDE, cid=3461, SUCCESS, logIndex=5204, commits[72f5ceaa-5b3b-4bc7-b846-41895f4ebd48:c5206, b4e1f7d4-4bb4-47ed-a9cb-53483a899fb2:c5202, d3916bce-b37b-4246-83c6-d24846ba1a72:c5202]
2019-07-08 14:21:41,945 INFO  client.GrpcClientProtocolClient (GrpcClientProtocolClient.java:onNext(255)) - client-DE0880F50CF2->72f5ceaa-5b3b-4bc7-b846-41895f4ebd48: receive RaftClientReply:client-DE0880F50CF2->72f5ceaa-5b3b-4bc7-b846-41895f4ebd48@group-833AA35A7EDE, cid=3462, SUCCESS, logIndex=5205, commits[72f5ceaa-5b3b-4bc7-b846-41895f4ebd48:c5206, b4e1f7d4-4bb4-47ed-a9cb-53483a899fb2:c5202, d3916bce-b37b-4246-83c6-d24846ba1a72:c5202]
2019-07-08 14:21:41,945 INFO  client.GrpcClientProtocolClient (GrpcClientProtocolClient.java:onNext(255)) - client-DE0880F50CF2->72f5ceaa-5b3b-4bc7-b846-41895f4ebd48: receive RaftClientReply:client-DE0880F50CF2->72f5ceaa-5b3b-4bc7-b846-41895f4ebd48@group-833AA35A7EDE, cid=3463, SUCCESS, logIndex=5206, commits[72f5ceaa-5b3b-4bc7-b846-41895f4ebd48:c5206, b4e1f7d4-4bb4-47ed-a9cb-53483a899fb2:c5202, d3916bce-b37b-4246-83c6-d24846ba1a72:c5202]
2019-07-08 14:21:41,947 INFO  client.GrpcClientProtocolClient (GrpcClientProtocolClient.java:onNext(255)) - client-DE0880F50CF2->72f5ceaa-5b3b-4bc7-b846-41895f4ebd48: receive RaftClientReply:client-DE0880F50CF2->72f5ceaa-5b3b-4bc7-b846-41895f4ebd48@group-833AA35A7EDE, cid=3464, SUCCESS, logIndex=0, commits[72f5ceaa-5b3b-4bc7-b846-41895f4ebd48:c5209, b4e1f7d4-4bb4-47ed-a9cb-53483a899fb2:c5204, d3916bce-b37b-4246-83c6-d24846ba1a72:c5206]
2019-07-08 14:21:41,972 INFO  client.GrpcClientProtocolClient (GrpcClientProtocolClient.java:onNext(255)) - client-DE0880F50CF2->72f5ceaa-5b3b-4bc7-b846-41895f4ebd48: receive RaftClientReply:client-DE0880F50CF2->72f5ceaa-5b3b-4bc7-b846-41895f4ebd48@group-833AA35A7EDE, cid=3465, SUCCESS, logIndex=5211, commits[72f5ceaa-5b3b-4bc7-b846-41895f4ebd48:c5212, b4e1f7d4-4bb4-47ed-a9cb-53483a899fb2:c5210, d3916bce-b37b-4246-83c6-d24846ba1a72:c5206]
2019-07-08 14:21:41,972 INFO  client.GrpcClientProtocolClient (GrpcClientProtocolClient.java:onNext(255)) - client-DE0880F50CF2->72f5ceaa-5b3b-4bc7-b846-41895f4ebd48: receive RaftClientReply:client-DE0880F50CF2->72f5ceaa-5b3b-4bc7-b846-41895f4ebd48@group-833AA35A7EDE, cid=3466, SUCCESS, logIndex=5212, commits[72f5ceaa-5b3b-4bc7-b846-41895f4ebd48:c5212, b4e1f7d4-4bb4-47ed-a9cb-53483a899fb2:c5210, d3916bce-b37b-4246-83c6-d24846ba1a72:c5210]
 0.00% |█                                                                                                    |  0/1 Time: 0:00:362019-07-08 14:21:41,999 INFO  client.GrpcClientProtocolClient (GrpcClientProtocolClient.java:onNext(255)) - client-DE0880F50CF2->72f5ceaa-5b3b-4bc7-b846-41895f4ebd48: receive RaftClientReply:client-DE0880F50CF2->72f5ceaa-5b3b-4bc7-b846-41895f4ebd48@group-833AA35A7EDE, cid=3467, SUCCESS, logIndex=5215, commits[72f5ceaa-5b3b-4bc7-b846-41895f4ebd48:c5216, b4e1f7d4-4bb4-47ed-a9cb-53483a899fb2:c5214, d3916bce-b37b-4246-83c6-d24846ba1a72:c5214]
2019-07-08 14:21:42,000 INFO  client.GrpcClientProtocolClient (GrpcClientProtocolClient.java:onNext(255)) - client-DE0880F50CF2->72f5ceaa-5b3b-4bc7-b846-41895f4ebd48: receive RaftClientReply:client-DE0880F50CF2->72f5ceaa-5b3b-4bc7-b846-41895f4ebd48@group-833AA35A7EDE, cid=3468, SUCCESS, logIndex=5216, commits[72f5ceaa-5b3b-4bc7-b846-41895f4ebd48:c5216, b4e1f7d4-4bb4-47ed-a9cb-53483a899fb2:c5214, d3916bce-b37b-4246-83c6-d24846ba1a72:c5214]
2019-07-08 14:21:42,012 INFO  client.GrpcClientProtocolClient (GrpcClientProtocolClient.java:onNext(255)) - client-DE0880F50CF2->72f5ceaa-5b3b-4bc7-b846-41895f4ebd48: receive RaftClientReply:client-DE0880F50CF2->72f5ceaa-5b3b-4bc7-b846-41895f4ebd48@group-833AA35A7EDE, cid=3469, SUCCESS, logIndex=0, commits[72f5ceaa-5b3b-4bc7-b846-41895f4ebd48:c5218, b4e1f7d4-4bb4-47ed-a9cb-53483a899fb2:c5216, d3916bce-b37b-4246-83c6-d24846ba1a72:c5216]
2019-07-08 14:21:42,045 INFO  client.GrpcClientProtocolClient (GrpcClientProtocolClient.java:onNext(255)) - client-DE0880F50CF2->72f5ceaa-5b3b-4bc7-b846-41895f4ebd48: receive RaftClientReply:client-DE0880F50CF2->72f5ceaa-5b3b-4bc7-b846-41895f4ebd48@group-833AA35A7EDE, cid=3470, SUCCESS, logIndex=5219, commits[72f5ceaa-5b3b-4bc7-b846-41895f4ebd48:c5220, b4e1f7d4-4bb4-47ed-a9cb-53483a899fb2:c5218, d3916bce-b37b-4246-83c6-d24846ba1a72:c5218]
2019-07-08 14:21:42,046 INFO  client.GrpcClientProtocolClient (GrpcClientProtocolClient.java:onNext(255)) - client-DE0880F50CF2->72f5ceaa-5b3b-4bc7-b846-41895f4ebd48: receive RaftClientReply:client-DE0880F50CF2->72f5ceaa-5b3b-4bc7-b846-41895f4ebd48@group-833AA35A7EDE, cid=3471, SUCCESS, logIndex=5220, commits[72f5ceaa-5b3b-4bc7-b846-41895f4ebd48:c5222, b4e1f7d4-4bb4-47ed-a9cb-53483a899fb2:c5218, d3916bce-b37b-4246-83c6-d24846ba1a72:c5218]
2019-07-08 14:21:42,046 INFO  client.GrpcClientProtocolClient (GrpcClientProtocolClient.java:onNext(255)) - client-DE0880F50CF2->72f5ceaa-5b3b-4bc7-b846-41895f4ebd48: receive RaftClientReply:client-DE0880F50CF2->72f5ceaa-5b3b-4bc7-b846-41895f4ebd48@group-833AA35A7EDE, cid=3472, SUCCESS, logIndex=5221, commits[72f5ceaa-5b3b-4bc7-b846-41895f4ebd48:c5222, b4e1f7d4-4bb4-47ed-a9cb-53483a899fb2:c5218, d3916bce-b37b-4246-83c6-d24846ba1a72:c5218]
2019-07-08 14:21:42,168 INFO  client.GrpcClientProtocolClient (GrpcClientProtocolClient.java:onNext(255)) - client-DE0880F50CF2->72f5ceaa-5b3b-4bc7-b846-41895f4ebd48: receive RaftClientReply:client-DE0880F50CF2->72f5ceaa-5b3b-4bc7-b846-41895f4ebd48@group-833AA35A7EDE, cid=3473, SUCCESS, logIndex=5222, commits[72f5ceaa-5b3b-4bc7-b846-41895f4ebd48:c5223, b4e1f7d4-4bb4-47ed-a9cb-53483a899fb2:c5218, d3916bce-b37b-4246-83c6-d24846ba1a72:c5219]
2019-07-08 14:21:42,169 INFO  client.GrpcClientProtocolClient (GrpcClientProtocolClient.java:onNext(255)) - client-DE0880F50CF2->72f5ceaa-5b3b-4bc7-b846-41895f4ebd48: receive RaftClientReply:client-DE0880F50CF2->72f5ceaa-5b3b-4bc7-b846-41895f4ebd48@group-833AA35A7EDE, cid=3474, SUCCESS, logIndex=0, commits[72f5ceaa-5b3b-4bc7-b846-41895f4ebd48:c5225, b4e1f7d4-4bb4-47ed-a9cb-53483a899fb2:c5222, d3916bce-b37b-4246-83c6-d24846ba1a72:c5222]
2019-07-08 14:21:42,267 INFO  client.GrpcClientProtocolClient (GrpcClientProtocolClient.java:onNext(255)) - client-DE0880F50CF2->72f5ceaa-5b3b-4bc7-b846-41895f4ebd48: receive RaftClientReply:client-DE0880F50CF2->72f5ceaa-5b3b-4bc7-b846-41895f4ebd48@group-833AA35A7EDE, cid=3475, SUCCESS, logIndex=5226, commits[72f5ceaa-5b3b-4bc7-b846-41895f4ebd48:c5227, b4e1f7d4-4bb4-47ed-a9cb-53483a899fb2:c5225, d3916bce-b37b-4246-83c6-d24846ba1a72:c5225]
2019-07-08 14:21:42,268 INFO  client.GrpcClientProtocolClient (GrpcClientProtocolClient.java:onNext(255)) - client-DE0880F50CF2->72f5ceaa-5b3b-4bc7-b846-41895f4ebd48: receive RaftClientReply:client-DE0880F50CF2->72f5ceaa-5b3b-4bc7-b846-41895f4ebd48@group-833AA35A7EDE, cid=3476, SUCCESS, logIndex=5227, commits[72f5ceaa-5b3b-4bc7-b846-41895f4ebd48:c5227, b4e1f7d4-4bb4-47ed-a9cb-53483a899fb2:c5225, d3916bce-b37b-4246-83c6-d24846ba1a72:c5225]
 0.00% |█                                                                                                    |  0/1 Time: 0:00:372019-07-08 14:21:43,034 INFO  client.GrpcClientProtocolClient (GrpcClientProtocolClient.java:onNext(255)) - client-DE0880F50CF2->72f5ceaa-5b3b-4bc7-b846-41895f4ebd48: receive RaftClientReply:client-DE0880F50CF2->72f5ceaa-5b3b-4bc7-b846-41895f4ebd48@group-833AA35A7EDE, cid=3477, SUCCESS, logIndex=5230, commits[72f5ceaa-5b3b-4bc7-b846-41895f4ebd48:c5231, b4e1f7d4-4bb4-47ed-a9cb-53483a899fb2:c5227, d3916bce-b37b-4246-83c6-d24846ba1a72:c5227]
2019-07-08 14:21:43,034 INFO  client.GrpcClientProtocolClient (GrpcClientProtocolClient.java:onNext(255)) - client-DE0880F50CF2->72f5ceaa-5b3b-4bc7-b846-41895f4ebd48: receive RaftClientReply:client-DE0880F50CF2->72f5ceaa-5b3b-4bc7-b846-41895f4ebd48@group-833AA35A7EDE, cid=3478, SUCCESS, logIndex=5231, commits[72f5ceaa-5b3b-4bc7-b846-41895f4ebd48:c5231, b4e1f7d4-4bb4-47ed-a9cb-53483a899fb2:c5227, d3916bce-b37b-4246-83c6-d24846ba1a72:c5227]
2019-07-08 14:21:43,924 INFO  client.GrpcClientProtocolClient (GrpcClientProtocolClient.java:onNext(255)) - client-DE0880F50CF2->72f5ceaa-5b3b-4bc7-b846-41895f4ebd48: receive RaftClientReply:client-DE0880F50CF2->72f5ceaa-5b3b-4bc7-b846-41895f4ebd48@group-833AA35A7EDE, cid=3479, SUCCESS, logIndex=0, commits[72f5ceaa-5b3b-4bc7-b846-41895f4ebd48:c5232, b4e1f7d4-4bb4-47ed-a9cb-53483a899fb2:c5231, d3916bce-b37b-4246-83c6-d24846ba1a72:c5231]
 0.00% |█                                                                                                    |  0/1 Time: 0:00:38 0.00% |█                                                                                                    |  0/1 Time: 0:00:39 0.00% |█                                                                                                    |  0/1 Time: 0:00:402019-07-08 14:21:46,428 INFO  client.GrpcClientProtocolClient (GrpcClientProtocolClient.java:onNext(255)) - client-DE0880F50CF2->72f5ceaa-5b3b-4bc7-b846-41895f4ebd48: receive RaftClientReply:client-DE0880F50CF2->72f5ceaa-5b3b-4bc7-b846-41895f4ebd48@group-833AA35A7EDE, cid=3480, SUCCESS, logIndex=5234, commits[72f5ceaa-5b3b-4bc7-b846-41895f4ebd48:c5236, b4e1f7d4-4bb4-47ed-a9cb-53483a899fb2:c5233, d3916bce-b37b-4246-83c6-d24846ba1a72:c5233]
2019-07-08 14:21:46,429 INFO  client.GrpcClientProtocolClient (GrpcClientProtocolClient.java:onNext(255)) - client-DE0880F50CF2->72f5ceaa-5b3b-4bc7-b846-41895f4ebd48: receive RaftClientReply:client-DE0880F50CF2->72f5ceaa-5b3b-4bc7-b846-41895f4ebd48@group-833AA35A7EDE, cid=3481, SUCCESS, logIndex=5235, commits[72f5ceaa-5b3b-4bc7-b846-41895f4ebd48:c5237, b4e1f7d4-4bb4-47ed-a9cb-53483a899fb2:c5233, d3916bce-b37b-4246-83c6-d24846ba1a72:c5233]
2019-07-08 14:21:46,429 INFO  client.GrpcClientProtocolClient (GrpcClientProtocolClient.java:onNext(255)) - client-DE0880F50CF2->72f5ceaa-5b3b-4bc7-b846-41895f4ebd48: receive RaftClientReply:client-DE0880F50CF2->72f5ceaa-5b3b-4bc7-b846-41895f4ebd48@group-833AA35A7EDE, cid=3482, SUCCESS, logIndex=5236, commits[72f5ceaa-5b3b-4bc7-b846-41895f4ebd48:c5237, b4e1f7d4-4bb4-47ed-a9cb-53483a899fb2:c5233, d3916bce-b37b-4246-83c6-d24846ba1a72:c5233]
2019-07-08 14:21:46,430 INFO  client.GrpcClientProtocolClient (GrpcClientProtocolClient.java:onNext(255)) - client-DE0880F50CF2->72f5ceaa-5b3b-4bc7-b846-41895f4ebd48: receive RaftClientReply:client-DE0880F50CF2->72f5ceaa-5b3b-4bc7-b846-41895f4ebd48@group-833AA35A7EDE, cid=3483, SUCCESS, logIndex=5237, commits[72f5ceaa-5b3b-4bc7-b846-41895f4ebd48:c5237, b4e1f7d4-4bb4-47ed-a9cb-53483a899fb2:c5233, d3916bce-b37b-4246-83c6-d24846ba1a72:c5233]
 0.00% |█                                                                                                    |  0/1 Time: 0:00:41 0.00% |█                                                                                                    |  0/1 Time: 0:00:422019-07-08 14:21:48,308 INFO  client.GrpcClientProtocolClient (GrpcClientProtocolClient.java:onNext(255)) - client-DE0880F50CF2->72f5ceaa-5b3b-4bc7-b846-41895f4ebd48: receive RaftClientReply:client-DE0880F50CF2->72f5ceaa-5b3b-4bc7-b846-41895f4ebd48@group-833AA35A7EDE, cid=3484, SUCCESS, logIndex=0, commits[72f5ceaa-5b3b-4bc7-b846-41895f4ebd48:c5238, b4e1f7d4-4bb4-47ed-a9cb-53483a899fb2:c5237, d3916bce-b37b-4246-83c6-d24846ba1a72:c5237]
2019-07-08 14:21:48,632 INFO  client.GrpcClientProtocolClient (GrpcClientProtocolClient.java:onNext(255)) - client-DE0880F50CF2->72f5ceaa-5b3b-4bc7-b846-41895f4ebd48: receive RaftClientReply:client-DE0880F50CF2->72f5ceaa-5b3b-4bc7-b846-41895f4ebd48@group-833AA35A7EDE, cid=3485, SUCCESS, logIndex=5242, commits[72f5ceaa-5b3b-4bc7-b846-41895f4ebd48:c5243, b4e1f7d4-4bb4-47ed-a9cb-53483a899fb2:c5238, d3916bce-b37b-4246-83c6-d24846ba1a72:c5237]
2019-07-08 14:21:48,632 INFO  client.GrpcClientProtocolClient (GrpcClientProtocolClient.java:onNext(255)) - client-DE0880F50CF2->72f5ceaa-5b3b-4bc7-b846-41895f4ebd48: receive RaftClientReply:client-DE0880F50CF2->72f5ceaa-5b3b-4bc7-b846-41895f4ebd48@group-833AA35A7EDE, cid=3486, SUCCESS, logIndex=5243, commits[72f5ceaa-5b3b-4bc7-b846-41895f4ebd48:c5243, b4e1f7d4-4bb4-47ed-a9cb-53483a899fb2:c5238, d3916bce-b37b-4246-83c6-d24846ba1a72:c5238]
2019-07-08 14:21:48,649 INFO  client.GrpcClientProtocolClient (GrpcClientProtocolClient.java:onNext(255)) - client-DE0880F50CF2->72f5ceaa-5b3b-4bc7-b846-41895f4ebd48: receive RaftClientReply:client-DE0880F50CF2->72f5ceaa-5b3b-4bc7-b846-41895f4ebd48@group-833AA35A7EDE, cid=3487, SUCCESS, logIndex=5246, commits[72f5ceaa-5b3b-4bc7-b846-41895f4ebd48:c5247, b4e1f7d4-4bb4-47ed-a9cb-53483a899fb2:c5244, d3916bce-b37b-4246-83c6-d24846ba1a72:c5243]
2019-07-08 14:21:48,650 INFO  client.GrpcClientProtocolClient (GrpcClientProtocolClient.java:onNext(255)) - client-DE0880F50CF2->72f5ceaa-5b3b-4bc7-b846-41895f4ebd48: receive RaftClientReply:client-DE0880F50CF2->72f5ceaa-5b3b-4bc7-b846-41895f4ebd48@group-833AA35A7EDE, cid=3488, SUCCESS, logIndex=5247, commits[72f5ceaa-5b3b-4bc7-b846-41895f4ebd48:c5247, b4e1f7d4-4bb4-47ed-a9cb-53483a899fb2:c5244, d3916bce-b37b-4246-83c6-d24846ba1a72:c5243]
2019-07-08 14:21:48,672 INFO  client.GrpcClientProtocolClient (GrpcClientProtocolClient.java:onNext(255)) - client-DE0880F50CF2->72f5ceaa-5b3b-4bc7-b846-41895f4ebd48: receive RaftClientReply:client-DE0880F50CF2->72f5ceaa-5b3b-4bc7-b846-41895f4ebd48@group-833AA35A7EDE, cid=3489, SUCCESS, logIndex=0, commits[72f5ceaa-5b3b-4bc7-b846-41895f4ebd48:c5248, b4e1f7d4-4bb4-47ed-a9cb-53483a899fb2:c5247, d3916bce-b37b-4246-83c6-d24846ba1a72:c5247]
2019-07-08 14:21:48,721 INFO  client.GrpcClientProtocolClient (GrpcClientProtocolClient.java:onNext(255)) - client-DE0880F50CF2->72f5ceaa-5b3b-4bc7-b846-41895f4ebd48: receive RaftClientReply:client-DE0880F50CF2->72f5ceaa-5b3b-4bc7-b846-41895f4ebd48@group-833AA35A7EDE, cid=3490, SUCCESS, logIndex=5250, commits[72f5ceaa-5b3b-4bc7-b846-41895f4ebd48:c5251, b4e1f7d4-4bb4-47ed-a9cb-53483a899fb2:c5249, d3916bce-b37b-4246-83c6-d24846ba1a72:c5249]
2019-07-08 14:21:48,721 INFO  client.GrpcClientProtocolClient (GrpcClientProtocolClient.java:onNext(255)) - client-DE0880F50CF2->72f5ceaa-5b3b-4bc7-b846-41895f4ebd48: receive RaftClientReply:client-DE0880F50CF2->72f5ceaa-5b3b-4bc7-b846-41895f4ebd48@group-833AA35A7EDE, cid=3491, SUCCESS, logIndex=5251, commits[72f5ceaa-5b3b-4bc7-b846-41895f4ebd48:c5253, b4e1f7d4-4bb4-47ed-a9cb-53483a899fb2:c5249, d3916bce-b37b-4246-83c6-d24846ba1a72:c5249]
2019-07-08 14:21:48,722 INFO  client.GrpcClientProtocolClient (GrpcClientProtocolClient.java:onNext(255)) - client-DE0880F50CF2->72f5ceaa-5b3b-4bc7-b846-41895f4ebd48: receive RaftClientReply:client-DE0880F50CF2->72f5ceaa-5b3b-4bc7-b846-41895f4ebd48@group-833AA35A7EDE, cid=3492, SUCCESS, logIndex=5252, commits[72f5ceaa-5b3b-4bc7-b846-41895f4ebd48:c5253, b4e1f7d4-4bb4-47ed-a9cb-53483a899fb2:c5249, d3916bce-b37b-4246-83c6-d24846ba1a72:c5249]
2019-07-08 14:21:48,722 INFO  client.GrpcClientProtocolClient (GrpcClientProtocolClient.java:onNext(255)) - client-DE0880F50CF2->72f5ceaa-5b3b-4bc7-b846-41895f4ebd48: receive RaftClientReply:client-DE0880F50CF2->72f5ceaa-5b3b-4bc7-b846-41895f4ebd48@group-833AA35A7EDE, cid=3493, SUCCESS, logIndex=5253, commits[72f5ceaa-5b3b-4bc7-b846-41895f4ebd48:c5253, b4e1f7d4-4bb4-47ed-a9cb-53483a899fb2:c5249, d3916bce-b37b-4246-83c6-d24846ba1a72:c5249]
2019-07-08 14:21:48,735 INFO  client.GrpcClientProtocolClient (GrpcClientProtocolClient.java:onNext(255)) - client-DE0880F50CF2->72f5ceaa-5b3b-4bc7-b846-41895f4ebd48: receive RaftClientReply:client-DE0880F50CF2->72f5ceaa-5b3b-4bc7-b846-41895f4ebd48@group-833AA35A7EDE, cid=3494, SUCCESS, logIndex=0, commits[72f5ceaa-5b3b-4bc7-b846-41895f4ebd48:c5255, b4e1f7d4-4bb4-47ed-a9cb-53483a899fb2:c5251, d3916bce-b37b-4246-83c6-d24846ba1a72:c5251]
2019-07-08 14:21:48,780 INFO  client.GrpcClientProtocolClient (GrpcClientProtocolClient.java:onNext(255)) - client-DE0880F50CF2->72f5ceaa-5b3b-4bc7-b846-41895f4ebd48: receive RaftClientReply:client-DE0880F50CF2->72f5ceaa-5b3b-4bc7-b846-41895f4ebd48@group-833AA35A7EDE, cid=3495, SUCCESS, logIndex=5258, commits[72f5ceaa-5b3b-4bc7-b846-41895f4ebd48:c5259, b4e1f7d4-4bb4-47ed-a9cb-53483a899fb2:c5253, d3916bce-b37b-4246-83c6-d24846ba1a72:c5257]
2019-07-08 14:21:48,780 INFO  client.GrpcClientProtocolClient (GrpcClientProtocolClient.java:onNext(255)) - client-DE0880F50CF2->72f5ceaa-5b3b-4bc7-b846-41895f4ebd48: receive RaftClientReply:client-DE0880F50CF2->72f5ceaa-5b3b-4bc7-b846-41895f4ebd48@group-833AA35A7EDE, cid=3496, SUCCESS, logIndex=5259, commits[72f5ceaa-5b3b-4bc7-b846-41895f4ebd48:c5259, b4e1f7d4-4bb4-47ed-a9cb-53483a899fb2:c5257, d3916bce-b37b-4246-83c6-d24846ba1a72:c5257]
2019-07-08 14:21:48,796 INFO  client.GrpcClientProtocolClient (GrpcClientProtocolClient.java:onNext(255)) - client-DE0880F50CF2->72f5ceaa-5b3b-4bc7-b846-41895f4ebd48: receive RaftClientReply:client-DE0880F50CF2->72f5ceaa-5b3b-4bc7-b846-41895f4ebd48@group-833AA35A7EDE, cid=3497, SUCCESS, logIndex=5262, commits[72f5ceaa-5b3b-4bc7-b846-41895f4ebd48:c5263, b4e1f7d4-4bb4-47ed-a9cb-53483a899fb2:c5261, d3916bce-b37b-4246-83c6-d24846ba1a72:c5261]
2019-07-08 14:21:48,796 INFO  client.GrpcClientProtocolClient (GrpcClientProtocolClient.java:onNext(255)) - client-DE0880F50CF2->72f5ceaa-5b3b-4bc7-b846-41895f4ebd48: receive RaftClientReply:client-DE0880F50CF2->72f5ceaa-5b3b-4bc7-b846-41895f4ebd48@group-833AA35A7EDE, cid=3498, SUCCESS, logIndex=5263, commits[72f5ceaa-5b3b-4bc7-b846-41895f4ebd48:c5263, b4e1f7d4-4bb4-47ed-a9cb-53483a899fb2:c5261, d3916bce-b37b-4246-83c6-d24846ba1a72:c5261]
2019-07-08 14:21:48,799 INFO  client.GrpcClientProtocolClient (GrpcClientProtocolClient.java:onNext(255)) - client-DE0880F50CF2->72f5ceaa-5b3b-4bc7-b846-41895f4ebd48: receive RaftClientReply:client-DE0880F50CF2->72f5ceaa-5b3b-4bc7-b846-41895f4ebd48@group-833AA35A7EDE, cid=3499, SUCCESS, logIndex=0, commits[72f5ceaa-5b3b-4bc7-b846-41895f4ebd48:c5264, b4e1f7d4-4bb4-47ed-a9cb-53483a899fb2:c5263, d3916bce-b37b-4246-83c6-d24846ba1a72:c5263]
2019-07-08 14:21:48,849 INFO  client.GrpcClientProtocolClient (GrpcClientProtocolClient.java:onNext(255)) - client-DE0880F50CF2->72f5ceaa-5b3b-4bc7-b846-41895f4ebd48: receive RaftClientReply:client-DE0880F50CF2->72f5ceaa-5b3b-4bc7-b846-41895f4ebd48@group-833AA35A7EDE, cid=3500, SUCCESS, logIndex=5266, commits[72f5ceaa-5b3b-4bc7-b846-41895f4ebd48:c5267, b4e1f7d4-4bb4-47ed-a9cb-53483a899fb2:c5265, d3916bce-b37b-4246-83c6-d24846ba1a72:c5265]
2019-07-08 14:21:48,850 INFO  client.GrpcClientProtocolClient (GrpcClientProtocolClient.java:onNext(255)) - client-DE0880F50CF2->72f5ceaa-5b3b-4bc7-b846-41895f4ebd48: receive RaftClientReply:client-DE0880F50CF2->72f5ceaa-5b3b-4bc7-b846-41895f4ebd48@group-833AA35A7EDE, cid=3501, SUCCESS, logIndex=5267, commits[72f5ceaa-5b3b-4bc7-b846-41895f4ebd48:c5267, b4e1f7d4-4bb4-47ed-a9cb-53483a899fb2:c5265, d3916bce-b37b-4246-83c6-d24846ba1a72:c5265]
2019-07-08 14:21:48,853 INFO  client.GrpcClientProtocolClient (GrpcClientProtocolClient.java:onNext(255)) - client-DE0880F50CF2->72f5ceaa-5b3b-4bc7-b846-41895f4ebd48: receive RaftClientReply:client-DE0880F50CF2->72f5ceaa-5b3b-4bc7-b846-41895f4ebd48@group-833AA35A7EDE, cid=3502, SUCCESS, logIndex=5268, commits[72f5ceaa-5b3b-4bc7-b846-41895f4ebd48:c5268, b4e1f7d4-4bb4-47ed-a9cb-53483a899fb2:c5265, d3916bce-b37b-4246-83c6-d24846ba1a72:c5265]
2019-07-08 14:21:48,853 INFO  client.GrpcClientProtocolClient (GrpcClientProtocolClient.java:onNext(255)) - client-DE0880F50CF2->72f5ceaa-5b3b-4bc7-b846-41895f4ebd48: receive RaftClientReply:client-DE0880F50CF2->72f5ceaa-5b3b-4bc7-b846-41895f4ebd48@group-833AA35A7EDE, cid=3503, SUCCESS, logIndex=5269, commits[72f5ceaa-5b3b-4bc7-b846-41895f4ebd48:c5269, b4e1f7d4-4bb4-47ed-a9cb-53483a899fb2:c5265, d3916bce-b37b-4246-83c6-d24846ba1a72:c5265]
2019-07-08 14:21:48,864 INFO  client.GrpcClientProtocolClient (GrpcClientProtocolClient.java:onNext(255)) - client-DE0880F50CF2->72f5ceaa-5b3b-4bc7-b846-41895f4ebd48: receive RaftClientReply:client-DE0880F50CF2->72f5ceaa-5b3b-4bc7-b846-41895f4ebd48@group-833AA35A7EDE, cid=3504, SUCCESS, logIndex=0, commits[72f5ceaa-5b3b-4bc7-b846-41895f4ebd48:c5271, b4e1f7d4-4bb4-47ed-a9cb-53483a899fb2:c5267, d3916bce-b37b-4246-83c6-d24846ba1a72:c5267]
2019-07-08 14:21:48,879 INFO  client.GrpcClientProtocolClient (GrpcClientProtocolClient.java:onNext(255)) - client-DE0880F50CF2->72f5ceaa-5b3b-4bc7-b846-41895f4ebd48: receive RaftClientReply:client-DE0880F50CF2->72f5ceaa-5b3b-4bc7-b846-41895f4ebd48@group-833AA35A7EDE, cid=3505, SUCCESS, logIndex=5274, commits[72f5ceaa-5b3b-4bc7-b846-41895f4ebd48:c5275, b4e1f7d4-4bb4-47ed-a9cb-53483a899fb2:c5273, d3916bce-b37b-4246-83c6-d24846ba1a72:c5273]
2019-07-08 14:21:48,879 INFO  client.GrpcClientProtocolClient (GrpcClientProtocolClient.java:onNext(255)) - client-DE0880F50CF2->72f5ceaa-5b3b-4bc7-b846-41895f4ebd48: receive RaftClientReply:client-DE0880F50CF2->72f5ceaa-5b3b-4bc7-b846-41895f4ebd48@group-833AA35A7EDE, cid=3506, SUCCESS, logIndex=5275, commits[72f5ceaa-5b3b-4bc7-b846-41895f4ebd48:c5275, b4e1f7d4-4bb4-47ed-a9cb-53483a899fb2:c5273, d3916bce-b37b-4246-83c6-d24846ba1a72:c5273]
2019-07-08 14:21:48,892 INFO  client.GrpcClientProtocolClient (GrpcClientProtocolClient.java:onNext(255)) - client-DE0880F50CF2->72f5ceaa-5b3b-4bc7-b846-41895f4ebd48: receive RaftClientReply:client-DE0880F50CF2->72f5ceaa-5b3b-4bc7-b846-41895f4ebd48@group-833AA35A7EDE, cid=3507, SUCCESS, logIndex=5278, commits[72f5ceaa-5b3b-4bc7-b846-41895f4ebd48:c5279, b4e1f7d4-4bb4-47ed-a9cb-53483a899fb2:c5274, d3916bce-b37b-4246-83c6-d24846ba1a72:c5275]
2019-07-08 14:21:48,893 INFO  client.GrpcClientProtocolClient (GrpcClientProtocolClient.java:onNext(255)) - client-DE0880F50CF2->72f5ceaa-5b3b-4bc7-b846-41895f4ebd48: receive RaftClientReply:client-DE0880F50CF2->72f5ceaa-5b3b-4bc7-b846-41895f4ebd48@group-833AA35A7EDE, cid=3508, SUCCESS, logIndex=5279, commits[72f5ceaa-5b3b-4bc7-b846-41895f4ebd48:c5279, b4e1f7d4-4bb4-47ed-a9cb-53483a899fb2:c5274, d3916bce-b37b-4246-83c6-d24846ba1a72:c5275]
2019-07-08 14:21:48,894 INFO  client.GrpcClientProtocolClient (GrpcClientProtocolClient.java:onNext(255)) - client-DE0880F50CF2->72f5ceaa-5b3b-4bc7-b846-41895f4ebd48: receive RaftClientReply:client-DE0880F50CF2->72f5ceaa-5b3b-4bc7-b846-41895f4ebd48@group-833AA35A7EDE, cid=3509, SUCCESS, logIndex=0, commits[72f5ceaa-5b3b-4bc7-b846-41895f4ebd48:c5279, b4e1f7d4-4bb4-47ed-a9cb-53483a899fb2:c5275, d3916bce-b37b-4246-83c6-d24846ba1a72:c5275]
2019-07-08 14:21:48,905 INFO  client.GrpcClientProtocolClient (GrpcClientProtocolClient.java:onNext(255)) - client-DE0880F50CF2->72f5ceaa-5b3b-4bc7-b846-41895f4ebd48: receive RaftClientReply:client-DE0880F50CF2->72f5ceaa-5b3b-4bc7-b846-41895f4ebd48@group-833AA35A7EDE, cid=3510, SUCCESS, logIndex=0, commits[72f5ceaa-5b3b-4bc7-b846-41895f4ebd48:c5280, b4e1f7d4-4bb4-47ed-a9cb-53483a899fb2:c5279, d3916bce-b37b-4246-83c6-d24846ba1a72:c5279]
2019-07-08 14:21:48,946 INFO  client.GrpcClientProtocolClient (GrpcClientProtocolClient.java:onNext(255)) - client-DE0880F50CF2->72f5ceaa-5b3b-4bc7-b846-41895f4ebd48: receive RaftClientReply:client-DE0880F50CF2->72f5ceaa-5b3b-4bc7-b846-41895f4ebd48@group-833AA35A7EDE, cid=3511, SUCCESS, logIndex=5282, commits[72f5ceaa-5b3b-4bc7-b846-41895f4ebd48:c5283, b4e1f7d4-4bb4-47ed-a9cb-53483a899fb2:c5281, d3916bce-b37b-4246-83c6-d24846ba1a72:c5281]
2019-07-08 14:21:48,947 INFO  client.GrpcClientProtocolClient (GrpcClientProtocolClient.java:onNext(255)) - client-DE0880F50CF2->72f5ceaa-5b3b-4bc7-b846-41895f4ebd48: receive RaftClientReply:client-DE0880F50CF2->72f5ceaa-5b3b-4bc7-b846-41895f4ebd48@group-833AA35A7EDE, cid=3512, SUCCESS, logIndex=5283, commits[72f5ceaa-5b3b-4bc7-b846-41895f4ebd48:c5285, b4e1f7d4-4bb4-47ed-a9cb-53483a899fb2:c5281, d3916bce-b37b-4246-83c6-d24846ba1a72:c5281]
2019-07-08 14:21:48,947 INFO  client.GrpcClientProtocolClient (GrpcClientProtocolClient.java:onNext(255)) - client-DE0880F50CF2->72f5ceaa-5b3b-4bc7-b846-41895f4ebd48: receive RaftClientReply:client-DE0880F50CF2->72f5ceaa-5b3b-4bc7-b846-41895f4ebd48@group-833AA35A7EDE, cid=3513, SUCCESS, logIndex=5284, commits[72f5ceaa-5b3b-4bc7-b846-41895f4ebd48:c5285, b4e1f7d4-4bb4-47ed-a9cb-53483a899fb2:c5281, d3916bce-b37b-4246-83c6-d24846ba1a72:c5281]
2019-07-08 14:21:48,947 INFO  client.GrpcClientProtocolClient (GrpcClientProtocolClient.java:onNext(255)) - client-DE0880F50CF2->72f5ceaa-5b3b-4bc7-b846-41895f4ebd48: receive RaftClientReply:client-DE0880F50CF2->72f5ceaa-5b3b-4bc7-b846-41895f4ebd48@group-833AA35A7EDE, cid=3514, SUCCESS, logIndex=5285, commits[72f5ceaa-5b3b-4bc7-b846-41895f4ebd48:c5285, b4e1f7d4-4bb4-47ed-a9cb-53483a899fb2:c5281, d3916bce-b37b-4246-83c6-d24846ba1a72:c5281]
2019-07-08 14:21:48,961 INFO  client.GrpcClientProtocolClient (GrpcClientProtocolClient.java:onNext(255)) - client-DE0880F50CF2->72f5ceaa-5b3b-4bc7-b846-41895f4ebd48: receive RaftClientReply:client-DE0880F50CF2->72f5ceaa-5b3b-4bc7-b846-41895f4ebd48@group-833AA35A7EDE, cid=3515, SUCCESS, logIndex=0, commits[72f5ceaa-5b3b-4bc7-b846-41895f4ebd48:c5288, b4e1f7d4-4bb4-47ed-a9cb-53483a899fb2:c5283, d3916bce-b37b-4246-83c6-d24846ba1a72:c5285]
 0.00% |█                                                                                                    |  0/1 Time: 0:00:432019-07-08 14:21:48,987 INFO  client.GrpcClientProtocolClient (GrpcClientProtocolClient.java:onNext(255)) - client-DE0880F50CF2->72f5ceaa-5b3b-4bc7-b846-41895f4ebd48: receive RaftClientReply:client-DE0880F50CF2->72f5ceaa-5b3b-4bc7-b846-41895f4ebd48@group-833AA35A7EDE, cid=3516, SUCCESS, logIndex=5289, commits[72f5ceaa-5b3b-4bc7-b846-41895f4ebd48:c5290, b4e1f7d4-4bb4-47ed-a9cb-53483a899fb2:c5288, d3916bce-b37b-4246-83c6-d24846ba1a72:c5288]
2019-07-08 14:21:48,988 INFO  client.GrpcClientProtocolClient (GrpcClientProtocolClient.java:onNext(255)) - client-DE0880F50CF2->72f5ceaa-5b3b-4bc7-b846-41895f4ebd48: receive RaftClientReply:client-DE0880F50CF2->72f5ceaa-5b3b-4bc7-b846-41895f4ebd48@group-833AA35A7EDE, cid=3517, SUCCESS, logIndex=5290, commits[72f5ceaa-5b3b-4bc7-b846-41895f4ebd48:c5290, b4e1f7d4-4bb4-47ed-a9cb-53483a899fb2:c5288, d3916bce-b37b-4246-83c6-d24846ba1a72:c5288]
2019-07-08 14:21:49,007 INFO  client.GrpcClientProtocolClient (GrpcClientProtocolClient.java:onNext(255)) - client-DE0880F50CF2->72f5ceaa-5b3b-4bc7-b846-41895f4ebd48: receive RaftClientReply:client-DE0880F50CF2->72f5ceaa-5b3b-4bc7-b846-41895f4ebd48@group-833AA35A7EDE, cid=3518, SUCCESS, logIndex=5293, commits[72f5ceaa-5b3b-4bc7-b846-41895f4ebd48:c5293, b4e1f7d4-4bb4-47ed-a9cb-53483a899fb2:c5290, d3916bce-b37b-4246-83c6-d24846ba1a72:c5290]
2019-07-08 14:21:49,008 INFO  client.GrpcClientProtocolClient (GrpcClientProtocolClient.java:onNext(255)) - client-DE0880F50CF2->72f5ceaa-5b3b-4bc7-b846-41895f4ebd48: receive RaftClientReply:client-DE0880F50CF2->72f5ceaa-5b3b-4bc7-b846-41895f4ebd48@group-833AA35A7EDE, cid=3519, SUCCESS, logIndex=5294, commits[72f5ceaa-5b3b-4bc7-b846-41895f4ebd48:c5294, b4e1f7d4-4bb4-47ed-a9cb-53483a899fb2:c5290, d3916bce-b37b-4246-83c6-d24846ba1a72:c5290]
2019-07-08 14:21:49,038 INFO  client.GrpcClientProtocolClient (GrpcClientProtocolClient.java:onNext(255)) - client-DE0880F50CF2->72f5ceaa-5b3b-4bc7-b846-41895f4ebd48: receive RaftClientReply:client-DE0880F50CF2->72f5ceaa-5b3b-4bc7-b846-41895f4ebd48@group-833AA35A7EDE, cid=3520, SUCCESS, logIndex=0, commits[72f5ceaa-5b3b-4bc7-b846-41895f4ebd48:c5296, b4e1f7d4-4bb4-47ed-a9cb-53483a899fb2:c5294, d3916bce-b37b-4246-83c6-d24846ba1a72:c5294]
2019-07-08 14:21:49,080 INFO  client.GrpcClientProtocolClient (GrpcClientProtocolClient.java:onNext(255)) - client-DE0880F50CF2->72f5ceaa-5b3b-4bc7-b846-41895f4ebd48: receive RaftClientReply:client-DE0880F50CF2->72f5ceaa-5b3b-4bc7-b846-41895f4ebd48@group-833AA35A7EDE, cid=3521, SUCCESS, logIndex=5297, commits[72f5ceaa-5b3b-4bc7-b846-41895f4ebd48:c5298, b4e1f7d4-4bb4-47ed-a9cb-53483a899fb2:c5296, d3916bce-b37b-4246-83c6-d24846ba1a72:c5296]
2019-07-08 14:21:49,081 INFO  client.GrpcClientProtocolClient (GrpcClientProtocolClient.java:onNext(255)) - client-DE0880F50CF2->72f5ceaa-5b3b-4bc7-b846-41895f4ebd48: receive RaftClientReply:client-DE0880F50CF2->72f5ceaa-5b3b-4bc7-b846-41895f4ebd48@group-833AA35A7EDE, cid=3522, SUCCESS, logIndex=5298, commits[72f5ceaa-5b3b-4bc7-b846-41895f4ebd48:c5298, b4e1f7d4-4bb4-47ed-a9cb-53483a899fb2:c5296, d3916bce-b37b-4246-83c6-d24846ba1a72:c5296]
2019-07-08 14:21:49,081 INFO  client.GrpcClientProtocolClient (GrpcClientProtocolClient.java:onNext(255)) - client-DE0880F50CF2->72f5ceaa-5b3b-4bc7-b846-41895f4ebd48: receive RaftClientReply:client-DE0880F50CF2->72f5ceaa-5b3b-4bc7-b846-41895f4ebd48@group-833AA35A7EDE, cid=3523, SUCCESS, logIndex=5299, commits[72f5ceaa-5b3b-4bc7-b846-41895f4ebd48:c5300, b4e1f7d4-4bb4-47ed-a9cb-53483a899fb2:c5296, d3916bce-b37b-4246-83c6-d24846ba1a72:c5296]
2019-07-08 14:21:49,081 INFO  client.GrpcClientProtocolClient (GrpcClientProtocolClient.java:onNext(255)) - client-DE0880F50CF2->72f5ceaa-5b3b-4bc7-b846-41895f4ebd48: receive RaftClientReply:client-DE0880F50CF2->72f5ceaa-5b3b-4bc7-b846-41895f4ebd48@group-833AA35A7EDE, cid=3524, SUCCESS, logIndex=5300, commits[72f5ceaa-5b3b-4bc7-b846-41895f4ebd48:c5300, b4e1f7d4-4bb4-47ed-a9cb-53483a899fb2:c5296, d3916bce-b37b-4246-83c6-d24846ba1a72:c5296]
2019-07-08 14:21:49,095 INFO  client.GrpcClientProtocolClient (GrpcClientProtocolClient.java:onNext(255)) - client-DE0880F50CF2->72f5ceaa-5b3b-4bc7-b846-41895f4ebd48: receive RaftClientReply:client-DE0880F50CF2->72f5ceaa-5b3b-4bc7-b846-41895f4ebd48@group-833AA35A7EDE, cid=3525, SUCCESS, logIndex=0, commits[72f5ceaa-5b3b-4bc7-b846-41895f4ebd48:c5302, b4e1f7d4-4bb4-47ed-a9cb-53483a899fb2:c5298, d3916bce-b37b-4246-83c6-d24846ba1a72:c5298]
2019-07-08 14:21:49,128 INFO  client.GrpcClientProtocolClient (GrpcClientProtocolClient.java:onNext(255)) - client-DE0880F50CF2->72f5ceaa-5b3b-4bc7-b846-41895f4ebd48: receive RaftClientReply:client-DE0880F50CF2->72f5ceaa-5b3b-4bc7-b846-41895f4ebd48@group-833AA35A7EDE, cid=3526, SUCCESS, logIndex=5305, commits[72f5ceaa-5b3b-4bc7-b846-41895f4ebd48:c5306, b4e1f7d4-4bb4-47ed-a9cb-53483a899fb2:c5304, d3916bce-b37b-4246-83c6-d24846ba1a72:c5304]
2019-07-08 14:21:49,128 INFO  client.GrpcClientProtocolClient (GrpcClientProtocolClient.java:onNext(255)) - client-DE0880F50CF2->72f5ceaa-5b3b-4bc7-b846-41895f4ebd48: receive RaftClientReply:client-DE0880F50CF2->72f5ceaa-5b3b-4bc7-b846-41895f4ebd48@group-833AA35A7EDE, cid=3527, SUCCESS, logIndex=5306, commits[72f5ceaa-5b3b-4bc7-b846-41895f4ebd48:c5306, b4e1f7d4-4bb4-47ed-a9cb-53483a899fb2:c5304, d3916bce-b37b-4246-83c6-d24846ba1a72:c5304]
2019-07-08 14:21:49,152 INFO  client.GrpcClientProtocolClient (GrpcClientProtocolClient.java:onNext(255)) - client-DE0880F50CF2->72f5ceaa-5b3b-4bc7-b846-41895f4ebd48: receive RaftClientReply:client-DE0880F50CF2->72f5ceaa-5b3b-4bc7-b846-41895f4ebd48@group-833AA35A7EDE, cid=3528, SUCCESS, logIndex=5309, commits[72f5ceaa-5b3b-4bc7-b846-41895f4ebd48:c5310, b4e1f7d4-4bb4-47ed-a9cb-53483a899fb2:c5306, d3916bce-b37b-4246-83c6-d24846ba1a72:c5306]
2019-07-08 14:21:49,152 INFO  client.GrpcClientProtocolClient (GrpcClientProtocolClient.java:onNext(255)) - client-DE0880F50CF2->72f5ceaa-5b3b-4bc7-b846-41895f4ebd48: receive RaftClientReply:client-DE0880F50CF2->72f5ceaa-5b3b-4bc7-b846-41895f4ebd48@group-833AA35A7EDE, cid=3529, SUCCESS, logIndex=5310, commits[72f5ceaa-5b3b-4bc7-b846-41895f4ebd48:c5310, b4e1f7d4-4bb4-47ed-a9cb-53483a899fb2:c5306, d3916bce-b37b-4246-83c6-d24846ba1a72:c5306]
2019-07-08 14:21:49,178 INFO  client.GrpcClientProtocolClient (GrpcClientProtocolClient.java:onNext(255)) - client-DE0880F50CF2->72f5ceaa-5b3b-4bc7-b846-41895f4ebd48: receive RaftClientReply:client-DE0880F50CF2->72f5ceaa-5b3b-4bc7-b846-41895f4ebd48@group-833AA35A7EDE, cid=3530, SUCCESS, logIndex=0, commits[72f5ceaa-5b3b-4bc7-b846-41895f4ebd48:c5312, b4e1f7d4-4bb4-47ed-a9cb-53483a899fb2:c5310, d3916bce-b37b-4246-83c6-d24846ba1a72:c5310]
2019-07-08 14:21:49,209 INFO  client.GrpcClientProtocolClient (GrpcClientProtocolClient.java:onNext(255)) - client-DE0880F50CF2->72f5ceaa-5b3b-4bc7-b846-41895f4ebd48: receive RaftClientReply:client-DE0880F50CF2->72f5ceaa-5b3b-4bc7-b846-41895f4ebd48@group-833AA35A7EDE, cid=3531, SUCCESS, logIndex=5313, commits[72f5ceaa-5b3b-4bc7-b846-41895f4ebd48:c5314, b4e1f7d4-4bb4-47ed-a9cb-53483a899fb2:c5312, d3916bce-b37b-4246-83c6-d24846ba1a72:c5312]
2019-07-08 14:21:49,209 INFO  client.GrpcClientProtocolClient (GrpcClientProtocolClient.java:onNext(255)) - client-DE0880F50CF2->72f5ceaa-5b3b-4bc7-b846-41895f4ebd48: receive RaftClientReply:client-DE0880F50CF2->72f5ceaa-5b3b-4bc7-b846-41895f4ebd48@group-833AA35A7EDE, cid=3532, SUCCESS, logIndex=5314, commits[72f5ceaa-5b3b-4bc7-b846-41895f4ebd48:c5314, b4e1f7d4-4bb4-47ed-a9cb-53483a899fb2:c5312, d3916bce-b37b-4246-83c6-d24846ba1a72:c5312]
2019-07-08 14:21:49,212 INFO  client.GrpcClientProtocolClient (GrpcClientProtocolClient.java:onNext(255)) - client-DE0880F50CF2->72f5ceaa-5b3b-4bc7-b846-41895f4ebd48: receive RaftClientReply:client-DE0880F50CF2->72f5ceaa-5b3b-4bc7-b846-41895f4ebd48@group-833AA35A7EDE, cid=3533, SUCCESS, logIndex=5315, commits[72f5ceaa-5b3b-4bc7-b846-41895f4ebd48:c5316, b4e1f7d4-4bb4-47ed-a9cb-53483a899fb2:c5312, d3916bce-b37b-4246-83c6-d24846ba1a72:c5312]
2019-07-08 14:21:49,212 INFO  client.GrpcClientProtocolClient (GrpcClientProtocolClient.java:onNext(255)) - client-DE0880F50CF2->72f5ceaa-5b3b-4bc7-b846-41895f4ebd48: receive RaftClientReply:client-DE0880F50CF2->72f5ceaa-5b3b-4bc7-b846-41895f4ebd48@group-833AA35A7EDE, cid=3534, SUCCESS, logIndex=5316, commits[72f5ceaa-5b3b-4bc7-b846-41895f4ebd48:c5316, b4e1f7d4-4bb4-47ed-a9cb-53483a899fb2:c5312, d3916bce-b37b-4246-83c6-d24846ba1a72:c5312]
2019-07-08 14:21:49,223 INFO  client.GrpcClientProtocolClient (GrpcClientProtocolClient.java:onNext(255)) - client-DE0880F50CF2->72f5ceaa-5b3b-4bc7-b846-41895f4ebd48: receive RaftClientReply:client-DE0880F50CF2->72f5ceaa-5b3b-4bc7-b846-41895f4ebd48@group-833AA35A7EDE, cid=3535, SUCCESS, logIndex=0, commits[72f5ceaa-5b3b-4bc7-b846-41895f4ebd48:c5318, b4e1f7d4-4bb4-47ed-a9cb-53483a899fb2:c5314, d3916bce-b37b-4246-83c6-d24846ba1a72:c5314]
2019-07-08 14:21:49,249 INFO  client.GrpcClientProtocolClient (GrpcClientProtocolClient.java:onNext(255)) - client-DE0880F50CF2->72f5ceaa-5b3b-4bc7-b846-41895f4ebd48: receive RaftClientReply:client-DE0880F50CF2->72f5ceaa-5b3b-4bc7-b846-41895f4ebd48@group-833AA35A7EDE, cid=3536, SUCCESS, logIndex=5321, commits[72f5ceaa-5b3b-4bc7-b846-41895f4ebd48:c5322, b4e1f7d4-4bb4-47ed-a9cb-53483a899fb2:c5320, d3916bce-b37b-4246-83c6-d24846ba1a72:c5320]
2019-07-08 14:21:49,249 INFO  client.GrpcClientProtocolClient (GrpcClientProtocolClient.java:onNext(255)) - client-DE0880F50CF2->72f5ceaa-5b3b-4bc7-b846-41895f4ebd48: receive RaftClientReply:client-DE0880F50CF2->72f5ceaa-5b3b-4bc7-b846-41895f4ebd48@group-833AA35A7EDE, cid=3537, SUCCESS, logIndex=5322, commits[72f5ceaa-5b3b-4bc7-b846-41895f4ebd48:c5322, b4e1f7d4-4bb4-47ed-a9cb-53483a899fb2:c5320, d3916bce-b37b-4246-83c6-d24846ba1a72:c5320]
2019-07-08 14:21:49,256 INFO  segmented.SegmentedRaftLogWorker (SegmentedRaftLogWorker.java:rollLogSegment(385)) - 72f5ceaa-5b3b-4bc7-b846-41895f4ebd48-SegmentedRaftLogWorker:Storage Directory /tmp/workdir/hadoop-ozone/tools/target/test-dir/MiniOzoneClusterImpl-3963af8e-af64-4847-b2cd-5e01b90bb805/datanode-0/data/ratis/56d2332b-f0d9-46dd-af2c-833aa35a7ede: Rolling segment log-0_5324 to index:5324
2019-07-08 14:21:49,263 INFO  segmented.SegmentedRaftLogWorker (SegmentedRaftLogWorker.java:rollLogSegment(385)) - d3916bce-b37b-4246-83c6-d24846ba1a72-SegmentedRaftLogWorker:Storage Directory /tmp/workdir/hadoop-ozone/tools/target/test-dir/MiniOzoneClusterImpl-3963af8e-af64-4847-b2cd-5e01b90bb805/datanode-1/data/ratis/56d2332b-f0d9-46dd-af2c-833aa35a7ede: Rolling segment log-0_5324 to index:5324
2019-07-08 14:21:49,263 INFO  segmented.SegmentedRaftLogWorker (SegmentedRaftLogWorker.java:rollLogSegment(385)) - b4e1f7d4-4bb4-47ed-a9cb-53483a899fb2-SegmentedRaftLogWorker:Storage Directory /tmp/workdir/hadoop-ozone/tools/target/test-dir/MiniOzoneClusterImpl-3963af8e-af64-4847-b2cd-5e01b90bb805/datanode-4/data/ratis/56d2332b-f0d9-46dd-af2c-833aa35a7ede: Rolling segment log-0_5324 to index:5324
2019-07-08 14:21:49,264 INFO  segmented.SegmentedRaftLogWorker (SegmentedRaftLogWorker.java:execute(526)) - 72f5ceaa-5b3b-4bc7-b846-41895f4ebd48-SegmentedRaftLogWorker:Storage Directory /tmp/workdir/hadoop-ozone/tools/target/test-dir/MiniOzoneClusterImpl-3963af8e-af64-4847-b2cd-5e01b90bb805/datanode-0/data/ratis/56d2332b-f0d9-46dd-af2c-833aa35a7ede: Rolled log segment from /tmp/workdir/hadoop-ozone/tools/target/test-dir/MiniOzoneClusterImpl-3963af8e-af64-4847-b2cd-5e01b90bb805/datanode-0/data/ratis/56d2332b-f0d9-46dd-af2c-833aa35a7ede/current/log_inprogress_0 to /tmp/workdir/hadoop-ozone/tools/target/test-dir/MiniOzoneClusterImpl-3963af8e-af64-4847-b2cd-5e01b90bb805/datanode-0/data/ratis/56d2332b-f0d9-46dd-af2c-833aa35a7ede/current/log_0-5324
2019-07-08 14:21:49,264 INFO  segmented.SegmentedRaftLogWorker (SegmentedRaftLogWorker.java:execute(526)) - d3916bce-b37b-4246-83c6-d24846ba1a72-SegmentedRaftLogWorker:Storage Directory /tmp/workdir/hadoop-ozone/tools/target/test-dir/MiniOzoneClusterImpl-3963af8e-af64-4847-b2cd-5e01b90bb805/datanode-1/data/ratis/56d2332b-f0d9-46dd-af2c-833aa35a7ede: Rolled log segment from /tmp/workdir/hadoop-ozone/tools/target/test-dir/MiniOzoneClusterImpl-3963af8e-af64-4847-b2cd-5e01b90bb805/datanode-1/data/ratis/56d2332b-f0d9-46dd-af2c-833aa35a7ede/current/log_inprogress_0 to /tmp/workdir/hadoop-ozone/tools/target/test-dir/MiniOzoneClusterImpl-3963af8e-af64-4847-b2cd-5e01b90bb805/datanode-1/data/ratis/56d2332b-f0d9-46dd-af2c-833aa35a7ede/current/log_0-5324
2019-07-08 14:21:49,264 INFO  segmented.SegmentedRaftLogWorker (SegmentedRaftLogWorker.java:execute(526)) - b4e1f7d4-4bb4-47ed-a9cb-53483a899fb2-SegmentedRaftLogWorker:Storage Directory /tmp/workdir/hadoop-ozone/tools/target/test-dir/MiniOzoneClusterImpl-3963af8e-af64-4847-b2cd-5e01b90bb805/datanode-4/data/ratis/56d2332b-f0d9-46dd-af2c-833aa35a7ede: Rolled log segment from /tmp/workdir/hadoop-ozone/tools/target/test-dir/MiniOzoneClusterImpl-3963af8e-af64-4847-b2cd-5e01b90bb805/datanode-4/data/ratis/56d2332b-f0d9-46dd-af2c-833aa35a7ede/current/log_inprogress_0 to /tmp/workdir/hadoop-ozone/tools/target/test-dir/MiniOzoneClusterImpl-3963af8e-af64-4847-b2cd-5e01b90bb805/datanode-4/data/ratis/56d2332b-f0d9-46dd-af2c-833aa35a7ede/current/log_0-5324
2019-07-08 14:21:49,309 INFO  segmented.SegmentedRaftLogWorker (SegmentedRaftLogWorker.java:execute(569)) - d3916bce-b37b-4246-83c6-d24846ba1a72-SegmentedRaftLogWorker:Storage Directory /tmp/workdir/hadoop-ozone/tools/target/test-dir/MiniOzoneClusterImpl-3963af8e-af64-4847-b2cd-5e01b90bb805/datanode-1/data/ratis/56d2332b-f0d9-46dd-af2c-833aa35a7ede: created new log segment /tmp/workdir/hadoop-ozone/tools/target/test-dir/MiniOzoneClusterImpl-3963af8e-af64-4847-b2cd-5e01b90bb805/datanode-1/data/ratis/56d2332b-f0d9-46dd-af2c-833aa35a7ede/current/log_inprogress_5325
2019-07-08 14:21:49,309 INFO  segmented.SegmentedRaftLogWorker (SegmentedRaftLogWorker.java:execute(569)) - 72f5ceaa-5b3b-4bc7-b846-41895f4ebd48-SegmentedRaftLogWorker:Storage Directory /tmp/workdir/hadoop-ozone/tools/target/test-dir/MiniOzoneClusterImpl-3963af8e-af64-4847-b2cd-5e01b90bb805/datanode-0/data/ratis/56d2332b-f0d9-46dd-af2c-833aa35a7ede: created new log segment /tmp/workdir/hadoop-ozone/tools/target/test-dir/MiniOzoneClusterImpl-3963af8e-af64-4847-b2cd-5e01b90bb805/datanode-0/data/ratis/56d2332b-f0d9-46dd-af2c-833aa35a7ede/current/log_inprogress_5325
2019-07-08 14:21:49,309 INFO  segmented.SegmentedRaftLogWorker (SegmentedRaftLogWorker.java:execute(569)) - b4e1f7d4-4bb4-47ed-a9cb-53483a899fb2-SegmentedRaftLogWorker:Storage Directory /tmp/workdir/hadoop-ozone/tools/target/test-dir/MiniOzoneClusterImpl-3963af8e-af64-4847-b2cd-5e01b90bb805/datanode-4/data/ratis/56d2332b-f0d9-46dd-af2c-833aa35a7ede: created new log segment /tmp/workdir/hadoop-ozone/tools/target/test-dir/MiniOzoneClusterImpl-3963af8e-af64-4847-b2cd-5e01b90bb805/datanode-4/data/ratis/56d2332b-f0d9-46dd-af2c-833aa35a7ede/current/log_inprogress_5325
2019-07-08 14:21:49,322 INFO  client.GrpcClientProtocolClient (GrpcClientProtocolClient.java:onNext(255)) - client-DE0880F50CF2->72f5ceaa-5b3b-4bc7-b846-41895f4ebd48: receive RaftClientReply:client-DE0880F50CF2->72f5ceaa-5b3b-4bc7-b846-41895f4ebd48@group-833AA35A7EDE, cid=3538, SUCCESS, logIndex=5325, commits[72f5ceaa-5b3b-4bc7-b846-41895f4ebd48:c5326, b4e1f7d4-4bb4-47ed-a9cb-53483a899fb2:c5322, d3916bce-b37b-4246-83c6-d24846ba1a72:c5322]
2019-07-08 14:21:49,324 INFO  client.GrpcClientProtocolClient (GrpcClientProtocolClient.java:onNext(255)) - client-DE0880F50CF2->72f5ceaa-5b3b-4bc7-b846-41895f4ebd48: receive RaftClientReply:client-DE0880F50CF2->72f5ceaa-5b3b-4bc7-b846-41895f4ebd48@group-833AA35A7EDE, cid=3539, SUCCESS, logIndex=5326, commits[72f5ceaa-5b3b-4bc7-b846-41895f4ebd48:c5326, b4e1f7d4-4bb4-47ed-a9cb-53483a899fb2:c5322, d3916bce-b37b-4246-83c6-d24846ba1a72:c5322]
2019-07-08 14:21:49,338 INFO  client.GrpcClientProtocolClient (GrpcClientProtocolClient.java:onNext(255)) - client-DE0880F50CF2->72f5ceaa-5b3b-4bc7-b846-41895f4ebd48: receive RaftClientReply:client-DE0880F50CF2->72f5ceaa-5b3b-4bc7-b846-41895f4ebd48@group-833AA35A7EDE, cid=3540, SUCCESS, logIndex=0, commits[72f5ceaa-5b3b-4bc7-b846-41895f4ebd48:c5327, b4e1f7d4-4bb4-47ed-a9cb-53483a899fb2:c5326, d3916bce-b37b-4246-83c6-d24846ba1a72:c5326]
2019-07-08 14:21:49,377 INFO  client.GrpcClientProtocolClient (GrpcClientProtocolClient.java:onNext(255)) - client-DE0880F50CF2->72f5ceaa-5b3b-4bc7-b846-41895f4ebd48: receive RaftClientReply:client-DE0880F50CF2->72f5ceaa-5b3b-4bc7-b846-41895f4ebd48@group-833AA35A7EDE, cid=3541, SUCCESS, logIndex=5329, commits[72f5ceaa-5b3b-4bc7-b846-41895f4ebd48:c5330, b4e1f7d4-4bb4-47ed-a9cb-53483a899fb2:c5328, d3916bce-b37b-4246-83c6-d24846ba1a72:c5328]
2019-07-08 14:21:49,381 INFO  client.GrpcClientProtocolClient (GrpcClientProtocolClient.java:onNext(255)) - client-DE0880F50CF2->72f5ceaa-5b3b-4bc7-b846-41895f4ebd48: receive RaftClientReply:client-DE0880F50CF2->72f5ceaa-5b3b-4bc7-b846-41895f4ebd48@group-833AA35A7EDE, cid=3542, SUCCESS, logIndex=5330, commits[72f5ceaa-5b3b-4bc7-b846-41895f4ebd48:c5330, b4e1f7d4-4bb4-47ed-a9cb-53483a899fb2:c5328, d3916bce-b37b-4246-83c6-d24846ba1a72:c5328]
2019-07-08 14:21:49,382 INFO  client.GrpcClientProtocolClient (GrpcClientProtocolClient.java:onNext(255)) - client-DE0880F50CF2->72f5ceaa-5b3b-4bc7-b846-41895f4ebd48: receive RaftClientReply:client-DE0880F50CF2->72f5ceaa-5b3b-4bc7-b846-41895f4ebd48@group-833AA35A7EDE, cid=3543, SUCCESS, logIndex=5331, commits[72f5ceaa-5b3b-4bc7-b846-41895f4ebd48:c5331, b4e1f7d4-4bb4-47ed-a9cb-53483a899fb2:c5328, d3916bce-b37b-4246-83c6-d24846ba1a72:c5328]
2019-07-08 14:21:49,382 INFO  client.GrpcClientProtocolClient (GrpcClientProtocolClient.java:onNext(255)) - client-DE0880F50CF2->72f5ceaa-5b3b-4bc7-b846-41895f4ebd48: receive RaftClientReply:client-DE0880F50CF2->72f5ceaa-5b3b-4bc7-b846-41895f4ebd48@group-833AA35A7EDE, cid=3544, SUCCESS, logIndex=5332, commits[72f5ceaa-5b3b-4bc7-b846-41895f4ebd48:c5332, b4e1f7d4-4bb4-47ed-a9cb-53483a899fb2:c5328, d3916bce-b37b-4246-83c6-d24846ba1a72:c5328]
2019-07-08 14:21:49,392 INFO  client.GrpcClientProtocolClient (GrpcClientProtocolClient.java:onNext(255)) - client-DE0880F50CF2->72f5ceaa-5b3b-4bc7-b846-41895f4ebd48: receive RaftClientReply:client-DE0880F50CF2->72f5ceaa-5b3b-4bc7-b846-41895f4ebd48@group-833AA35A7EDE, cid=3545, SUCCESS, logIndex=0, commits[72f5ceaa-5b3b-4bc7-b846-41895f4ebd48:c5334, b4e1f7d4-4bb4-47ed-a9cb-53483a899fb2:c5330, d3916bce-b37b-4246-83c6-d24846ba1a72:c5330]
2019-07-08 14:21:49,433 INFO  client.GrpcClientProtocolClient (GrpcClientProtocolClient.java:onNext(255)) - client-DE0880F50CF2->72f5ceaa-5b3b-4bc7-b846-41895f4ebd48: receive RaftClientReply:client-DE0880F50CF2->72f5ceaa-5b3b-4bc7-b846-41895f4ebd48@group-833AA35A7EDE, cid=3546, SUCCESS, logIndex=5337, commits[72f5ceaa-5b3b-4bc7-b846-41895f4ebd48:c5338, b4e1f7d4-4bb4-47ed-a9cb-53483a899fb2:c5336, d3916bce-b37b-4246-83c6-d24846ba1a72:c5336]
2019-07-08 14:21:49,434 INFO  client.GrpcClientProtocolClient (GrpcClientProtocolClient.java:onNext(255)) - client-DE0880F50CF2->72f5ceaa-5b3b-4bc7-b846-41895f4ebd48: receive RaftClientReply:client-DE0880F50CF2->72f5ceaa-5b3b-4bc7-b846-41895f4ebd48@group-833AA35A7EDE, cid=3547, SUCCESS, logIndex=5338, commits[72f5ceaa-5b3b-4bc7-b846-41895f4ebd48:c5338, b4e1f7d4-4bb4-47ed-a9cb-53483a899fb2:c5336, d3916bce-b37b-4246-83c6-d24846ba1a72:c5336]
2019-07-08 14:21:49,457 INFO  client.GrpcClientProtocolClient (GrpcClientProtocolClient.java:onNext(255)) - client-DE0880F50CF2->72f5ceaa-5b3b-4bc7-b846-41895f4ebd48: receive RaftClientReply:client-DE0880F50CF2->72f5ceaa-5b3b-4bc7-b846-41895f4ebd48@group-833AA35A7EDE, cid=3548, SUCCESS, logIndex=5341, commits[72f5ceaa-5b3b-4bc7-b846-41895f4ebd48:c5342, b4e1f7d4-4bb4-47ed-a9cb-53483a899fb2:c5338, d3916bce-b37b-4246-83c6-d24846ba1a72:c5338]
2019-07-08 14:21:49,458 INFO  client.GrpcClientProtocolClient (GrpcClientProtocolClient.java:onNext(255)) - client-DE0880F50CF2->72f5ceaa-5b3b-4bc7-b846-41895f4ebd48: receive RaftClientReply:client-DE0880F50CF2->72f5ceaa-5b3b-4bc7-b846-41895f4ebd48@group-833AA35A7EDE, cid=3549, SUCCESS, logIndex=5342, commits[72f5ceaa-5b3b-4bc7-b846-41895f4ebd48:c5342, b4e1f7d4-4bb4-47ed-a9cb-53483a899fb2:c5338, d3916bce-b37b-4246-83c6-d24846ba1a72:c5338]
2019-07-08 14:21:49,462 INFO  client.GrpcClientProtocolClient (GrpcClientProtocolClient.java:onNext(255)) - client-DE0880F50CF2->72f5ceaa-5b3b-4bc7-b846-41895f4ebd48: receive RaftClientReply:client-DE0880F50CF2->72f5ceaa-5b3b-4bc7-b846-41895f4ebd48@group-833AA35A7EDE, cid=3550, SUCCESS, logIndex=0, commits[72f5ceaa-5b3b-4bc7-b846-41895f4ebd48:c5344, b4e1f7d4-4bb4-47ed-a9cb-53483a899fb2:c5342, d3916bce-b37b-4246-83c6-d24846ba1a72:c5342]
2019-07-08 14:21:49,497 INFO  client.GrpcClientProtocolClient (GrpcClientProtocolClient.java:onNext(255)) - client-DE0880F50CF2->72f5ceaa-5b3b-4bc7-b846-41895f4ebd48: receive RaftClientReply:client-DE0880F50CF2->72f5ceaa-5b3b-4bc7-b846-41895f4ebd48@group-833AA35A7EDE, cid=3551, SUCCESS, logIndex=5345, commits[72f5ceaa-5b3b-4bc7-b846-41895f4ebd48:c5346, b4e1f7d4-4bb4-47ed-a9cb-53483a899fb2:c5344, d3916bce-b37b-4246-83c6-d24846ba1a72:c5344]
2019-07-08 14:21:49,497 INFO  client.GrpcClientProtocolClient (GrpcClientProtocolClient.java:onNext(255)) - client-DE0880F50CF2->72f5ceaa-5b3b-4bc7-b846-41895f4ebd48: receive RaftClientReply:client-DE0880F50CF2->72f5ceaa-5b3b-4bc7-b846-41895f4ebd48@group-833AA35A7EDE, cid=3552, SUCCESS, logIndex=5346, commits[72f5ceaa-5b3b-4bc7-b846-41895f4ebd48:c5346, b4e1f7d4-4bb4-47ed-a9cb-53483a899fb2:c5344, d3916bce-b37b-4246-83c6-d24846ba1a72:c5344]
2019-07-08 14:21:49,498 INFO  client.GrpcClientProtocolClient (GrpcClientProtocolClient.java:onNext(255)) - client-DE0880F50CF2->72f5ceaa-5b3b-4bc7-b846-41895f4ebd48: receive RaftClientReply:client-DE0880F50CF2->72f5ceaa-5b3b-4bc7-b846-41895f4ebd48@group-833AA35A7EDE, cid=3553, SUCCESS, logIndex=5347, commits[72f5ceaa-5b3b-4bc7-b846-41895f4ebd48:c5348, b4e1f7d4-4bb4-47ed-a9cb-53483a899fb2:c5344, d3916bce-b37b-4246-83c6-d24846ba1a72:c5344]
2019-07-08 14:21:49,498 INFO  client.GrpcClientProtocolClient (GrpcClientProtocolClient.java:onNext(255)) - client-DE0880F50CF2->72f5ceaa-5b3b-4bc7-b846-41895f4ebd48: receive RaftClientReply:client-DE0880F50CF2->72f5ceaa-5b3b-4bc7-b846-41895f4ebd48@group-833AA35A7EDE, cid=3554, SUCCESS, logIndex=5348, commits[72f5ceaa-5b3b-4bc7-b846-41895f4ebd48:c5348, b4e1f7d4-4bb4-47ed-a9cb-53483a899fb2:c5344, d3916bce-b37b-4246-83c6-d24846ba1a72:c5344]
2019-07-08 14:21:49,510 INFO  client.GrpcClientProtocolClient (GrpcClientProtocolClient.java:onNext(255)) - client-DE0880F50CF2->72f5ceaa-5b3b-4bc7-b846-41895f4ebd48: receive RaftClientReply:client-DE0880F50CF2->72f5ceaa-5b3b-4bc7-b846-41895f4ebd48@group-833AA35A7EDE, cid=3555, SUCCESS, logIndex=0, commits[72f5ceaa-5b3b-4bc7-b846-41895f4ebd48:c5349, b4e1f7d4-4bb4-47ed-a9cb-53483a899fb2:c5346, d3916bce-b37b-4246-83c6-d24846ba1a72:c5346]
2019-07-08 14:21:49,534 INFO  client.GrpcClientProtocolClient (GrpcClientProtocolClient.java:onNext(255)) - client-DE0880F50CF2->72f5ceaa-5b3b-4bc7-b846-41895f4ebd48: receive RaftClientReply:client-DE0880F50CF2->72f5ceaa-5b3b-4bc7-b846-41895f4ebd48@group-833AA35A7EDE, cid=3556, SUCCESS, logIndex=5353, commits[72f5ceaa-5b3b-4bc7-b846-41895f4ebd48:c5354, b4e1f7d4-4bb4-47ed-a9cb-53483a899fb2:c5352, d3916bce-b37b-4246-83c6-d24846ba1a72:c5352]
2019-07-08 14:21:49,534 INFO  client.GrpcClientProtocolClient (GrpcClientProtocolClient.java:onNext(255)) - client-DE0880F50CF2->72f5ceaa-5b3b-4bc7-b846-41895f4ebd48: receive RaftClientReply:client-DE0880F50CF2->72f5ceaa-5b3b-4bc7-b846-41895f4ebd48@group-833AA35A7EDE, cid=3557, SUCCESS, logIndex=5354, commits[72f5ceaa-5b3b-4bc7-b846-41895f4ebd48:c5354, b4e1f7d4-4bb4-47ed-a9cb-53483a899fb2:c5352, d3916bce-b37b-4246-83c6-d24846ba1a72:c5352]
2019-07-08 14:21:49,552 INFO  client.GrpcClientProtocolClient (GrpcClientProtocolClient.java:onNext(255)) - client-DE0880F50CF2->72f5ceaa-5b3b-4bc7-b846-41895f4ebd48: receive RaftClientReply:client-DE0880F50CF2->72f5ceaa-5b3b-4bc7-b846-41895f4ebd48@group-833AA35A7EDE, cid=3558, SUCCESS, logIndex=5357, commits[72f5ceaa-5b3b-4bc7-b846-41895f4ebd48:c5358, b4e1f7d4-4bb4-47ed-a9cb-53483a899fb2:c5354, d3916bce-b37b-4246-83c6-d24846ba1a72:c5353]
2019-07-08 14:21:49,553 INFO  client.GrpcClientProtocolClient (GrpcClientProtocolClient.java:onNext(255)) - client-DE0880F50CF2->72f5ceaa-5b3b-4bc7-b846-41895f4ebd48: receive RaftClientReply:client-DE0880F50CF2->72f5ceaa-5b3b-4bc7-b846-41895f4ebd48@group-833AA35A7EDE, cid=3559, SUCCESS, logIndex=5358, commits[72f5ceaa-5b3b-4bc7-b846-41895f4ebd48:c5358, b4e1f7d4-4bb4-47ed-a9cb-53483a899fb2:c5354, d3916bce-b37b-4246-83c6-d24846ba1a72:c5354]
2019-07-08 14:21:49,568 INFO  client.GrpcClientProtocolClient (GrpcClientProtocolClient.java:onNext(255)) - client-DE0880F50CF2->72f5ceaa-5b3b-4bc7-b846-41895f4ebd48: receive RaftClientReply:client-DE0880F50CF2->72f5ceaa-5b3b-4bc7-b846-41895f4ebd48@group-833AA35A7EDE, cid=3560, SUCCESS, logIndex=0, commits[72f5ceaa-5b3b-4bc7-b846-41895f4ebd48:c5360, b4e1f7d4-4bb4-47ed-a9cb-53483a899fb2:c5358, d3916bce-b37b-4246-83c6-d24846ba1a72:c5358]
2019-07-08 14:21:49,704 INFO  client.GrpcClientProtocolClient (GrpcClientProtocolClient.java:onNext(255)) - client-DE0880F50CF2->72f5ceaa-5b3b-4bc7-b846-41895f4ebd48: receive RaftClientReply:client-DE0880F50CF2->72f5ceaa-5b3b-4bc7-b846-41895f4ebd48@group-833AA35A7EDE, cid=3561, SUCCESS, logIndex=5361, commits[72f5ceaa-5b3b-4bc7-b846-41895f4ebd48:c5362, b4e1f7d4-4bb4-47ed-a9cb-53483a899fb2:c5358, d3916bce-b37b-4246-83c6-d24846ba1a72:c5360]
2019-07-08 14:21:49,705 INFO  client.GrpcClientProtocolClient (GrpcClientProtocolClient.java:onNext(255)) - client-DE0880F50CF2->72f5ceaa-5b3b-4bc7-b846-41895f4ebd48: receive RaftClientReply:client-DE0880F50CF2->72f5ceaa-5b3b-4bc7-b846-41895f4ebd48@group-833AA35A7EDE, cid=3562, SUCCESS, logIndex=5362, commits[72f5ceaa-5b3b-4bc7-b846-41895f4ebd48:c5362, b4e1f7d4-4bb4-47ed-a9cb-53483a899fb2:c5358, d3916bce-b37b-4246-83c6-d24846ba1a72:c5360]
2019-07-08 14:21:49,719 INFO  client.GrpcClientProtocolClient (GrpcClientProtocolClient.java:onNext(255)) - client-DE0880F50CF2->72f5ceaa-5b3b-4bc7-b846-41895f4ebd48: receive RaftClientReply:client-DE0880F50CF2->72f5ceaa-5b3b-4bc7-b846-41895f4ebd48@group-833AA35A7EDE, cid=3563, SUCCESS, logIndex=5363, commits[72f5ceaa-5b3b-4bc7-b846-41895f4ebd48:c5364, b4e1f7d4-4bb4-47ed-a9cb-53483a899fb2:c5360, d3916bce-b37b-4246-83c6-d24846ba1a72:c5360]
2019-07-08 14:21:49,719 INFO  client.GrpcClientProtocolClient (GrpcClientProtocolClient.java:onNext(255)) - client-DE0880F50CF2->72f5ceaa-5b3b-4bc7-b846-41895f4ebd48: receive RaftClientReply:client-DE0880F50CF2->72f5ceaa-5b3b-4bc7-b846-41895f4ebd48@group-833AA35A7EDE, cid=3564, SUCCESS, logIndex=5364, commits[72f5ceaa-5b3b-4bc7-b846-41895f4ebd48:c5366, b4e1f7d4-4bb4-47ed-a9cb-53483a899fb2:c5360, d3916bce-b37b-4246-83c6-d24846ba1a72:c5362]
2019-07-08 14:21:49,720 INFO  client.GrpcClientProtocolClient (GrpcClientProtocolClient.java:onNext(255)) - client-DE0880F50CF2->72f5ceaa-5b3b-4bc7-b846-41895f4ebd48: receive RaftClientReply:client-DE0880F50CF2->72f5ceaa-5b3b-4bc7-b846-41895f4ebd48@group-833AA35A7EDE, cid=3565, SUCCESS, logIndex=0, commits[72f5ceaa-5b3b-4bc7-b846-41895f4ebd48:c5367, b4e1f7d4-4bb4-47ed-a9cb-53483a899fb2:c5362, d3916bce-b37b-4246-83c6-d24846ba1a72:c5363]
2019-07-08 14:21:49,737 INFO  client.GrpcClientProtocolClient (GrpcClientProtocolClient.java:onNext(255)) - client-DE0880F50CF2->72f5ceaa-5b3b-4bc7-b846-41895f4ebd48: receive RaftClientReply:client-DE0880F50CF2->72f5ceaa-5b3b-4bc7-b846-41895f4ebd48@group-833AA35A7EDE, cid=3566, SUCCESS, logIndex=5369, commits[72f5ceaa-5b3b-4bc7-b846-41895f4ebd48:c5369, b4e1f7d4-4bb4-47ed-a9cb-53483a899fb2:c5368, d3916bce-b37b-4246-83c6-d24846ba1a72:c5368]
2019-07-08 14:21:49,738 INFO  client.GrpcClientProtocolClient (GrpcClientProtocolClient.java:onNext(255)) - client-DE0880F50CF2->72f5ceaa-5b3b-4bc7-b846-41895f4ebd48: receive RaftClientReply:client-DE0880F50CF2->72f5ceaa-5b3b-4bc7-b846-41895f4ebd48@group-833AA35A7EDE, cid=3567, SUCCESS, logIndex=5370, commits[72f5ceaa-5b3b-4bc7-b846-41895f4ebd48:c5370, b4e1f7d4-4bb4-47ed-a9cb-53483a899fb2:c5368, d3916bce-b37b-4246-83c6-d24846ba1a72:c5368]
2019-07-08 14:21:49,754 INFO  client.GrpcClientProtocolClient (GrpcClientProtocolClient.java:onNext(255)) - client-DE0880F50CF2->72f5ceaa-5b3b-4bc7-b846-41895f4ebd48: receive RaftClientReply:client-DE0880F50CF2->72f5ceaa-5b3b-4bc7-b846-41895f4ebd48@group-833AA35A7EDE, cid=3568, SUCCESS, logIndex=5373, commits[72f5ceaa-5b3b-4bc7-b846-41895f4ebd48:c5374, b4e1f7d4-4bb4-47ed-a9cb-53483a899fb2:c5371, d3916bce-b37b-4246-83c6-d24846ba1a72:c5371]
2019-07-08 14:21:49,754 INFO  client.GrpcClientProtocolClient (GrpcClientProtocolClient.java:onNext(255)) - client-DE0880F50CF2->72f5ceaa-5b3b-4bc7-b846-41895f4ebd48: receive RaftClientReply:client-DE0880F50CF2->72f5ceaa-5b3b-4bc7-b846-41895f4ebd48@group-833AA35A7EDE, cid=3569, SUCCESS, logIndex=5374, commits[72f5ceaa-5b3b-4bc7-b846-41895f4ebd48:c5374, b4e1f7d4-4bb4-47ed-a9cb-53483a899fb2:c5371, d3916bce-b37b-4246-83c6-d24846ba1a72:c5371]
2019-07-08 14:21:49,764 INFO  client.GrpcClientProtocolClient (GrpcClientProtocolClient.java:onNext(255)) - client-DE0880F50CF2->72f5ceaa-5b3b-4bc7-b846-41895f4ebd48: receive RaftClientReply:client-DE0880F50CF2->72f5ceaa-5b3b-4bc7-b846-41895f4ebd48@group-833AA35A7EDE, cid=3570, SUCCESS, logIndex=0, commits[72f5ceaa-5b3b-4bc7-b846-41895f4ebd48:c5376, b4e1f7d4-4bb4-47ed-a9cb-53483a899fb2:c5374, d3916bce-b37b-4246-83c6-d24846ba1a72:c5374]
2019-07-08 14:21:49,800 INFO  client.GrpcClientProtocolClient (GrpcClientProtocolClient.java:onNext(255)) - client-DE0880F50CF2->72f5ceaa-5b3b-4bc7-b846-41895f4ebd48: receive RaftClientReply:client-DE0880F50CF2->72f5ceaa-5b3b-4bc7-b846-41895f4ebd48@group-833AA35A7EDE, cid=3571, SUCCESS, logIndex=5377, commits[72f5ceaa-5b3b-4bc7-b846-41895f4ebd48:c5378, b4e1f7d4-4bb4-47ed-a9cb-53483a899fb2:c5376, d3916bce-b37b-4246-83c6-d24846ba1a72:c5376]
2019-07-08 14:21:49,801 INFO  client.GrpcClientProtocolClient (GrpcClientProtocolClient.java:onNext(255)) - client-DE0880F50CF2->72f5ceaa-5b3b-4bc7-b846-41895f4ebd48: receive RaftClientReply:client-DE0880F50CF2->72f5ceaa-5b3b-4bc7-b846-41895f4ebd48@group-833AA35A7EDE, cid=3572, SUCCESS, logIndex=5378, commits[72f5ceaa-5b3b-4bc7-b846-41895f4ebd48:c5380, b4e1f7d4-4bb4-47ed-a9cb-53483a899fb2:c5376, d3916bce-b37b-4246-83c6-d24846ba1a72:c5376]
2019-07-08 14:21:49,801 INFO  client.GrpcClientProtocolClient (GrpcClientProtocolClient.java:onNext(255)) - client-DE0880F50CF2->72f5ceaa-5b3b-4bc7-b846-41895f4ebd48: receive RaftClientReply:client-DE0880F50CF2->72f5ceaa-5b3b-4bc7-b846-41895f4ebd48@group-833AA35A7EDE, cid=3573, SUCCESS, logIndex=5379, commits[72f5ceaa-5b3b-4bc7-b846-41895f4ebd48:c5380, b4e1f7d4-4bb4-47ed-a9cb-53483a899fb2:c5376, d3916bce-b37b-4246-83c6-d24846ba1a72:c5376]
2019-07-08 14:21:49,802 INFO  client.GrpcClientProtocolClient (GrpcClientProtocolClient.java:onNext(255)) - client-DE0880F50CF2->72f5ceaa-5b3b-4bc7-b846-41895f4ebd48: receive RaftClientReply:client-DE0880F50CF2->72f5ceaa-5b3b-4bc7-b846-41895f4ebd48@group-833AA35A7EDE, cid=3574, SUCCESS, logIndex=5380, commits[72f5ceaa-5b3b-4bc7-b846-41895f4ebd48:c5380, b4e1f7d4-4bb4-47ed-a9cb-53483a899fb2:c5376, d3916bce-b37b-4246-83c6-d24846ba1a72:c5376]
2019-07-08 14:21:49,815 INFO  client.GrpcClientProtocolClient (GrpcClientProtocolClient.java:onNext(255)) - client-DE0880F50CF2->72f5ceaa-5b3b-4bc7-b846-41895f4ebd48: receive RaftClientReply:client-DE0880F50CF2->72f5ceaa-5b3b-4bc7-b846-41895f4ebd48@group-833AA35A7EDE, cid=3575, SUCCESS, logIndex=0, commits[72f5ceaa-5b3b-4bc7-b846-41895f4ebd48:c5382, b4e1f7d4-4bb4-47ed-a9cb-53483a899fb2:c5378, d3916bce-b37b-4246-83c6-d24846ba1a72:c5378]
2019-07-08 14:21:49,836 INFO  client.GrpcClientProtocolClient (GrpcClientProtocolClient.java:onNext(255)) - client-DE0880F50CF2->72f5ceaa-5b3b-4bc7-b846-41895f4ebd48: receive RaftClientReply:client-DE0880F50CF2->72f5ceaa-5b3b-4bc7-b846-41895f4ebd48@group-833AA35A7EDE, cid=3576, SUCCESS, logIndex=5385, commits[72f5ceaa-5b3b-4bc7-b846-41895f4ebd48:c5386, b4e1f7d4-4bb4-47ed-a9cb-53483a899fb2:c5384, d3916bce-b37b-4246-83c6-d24846ba1a72:c5384]
2019-07-08 14:21:49,837 INFO  client.GrpcClientProtocolClient (GrpcClientProtocolClient.java:onNext(255)) - client-DE0880F50CF2->72f5ceaa-5b3b-4bc7-b846-41895f4ebd48: receive RaftClientReply:client-DE0880F50CF2->72f5ceaa-5b3b-4bc7-b846-41895f4ebd48@group-833AA35A7EDE, cid=3577, SUCCESS, logIndex=5386, commits[72f5ceaa-5b3b-4bc7-b846-41895f4ebd48:c5386, b4e1f7d4-4bb4-47ed-a9cb-53483a899fb2:c5384, d3916bce-b37b-4246-83c6-d24846ba1a72:c5384]
2019-07-08 14:21:49,864 INFO  client.GrpcClientProtocolClient (GrpcClientProtocolClient.java:onNext(255)) - client-DE0880F50CF2->72f5ceaa-5b3b-4bc7-b846-41895f4ebd48: receive RaftClientReply:client-DE0880F50CF2->72f5ceaa-5b3b-4bc7-b846-41895f4ebd48@group-833AA35A7EDE, cid=3578, SUCCESS, logIndex=5389, commits[72f5ceaa-5b3b-4bc7-b846-41895f4ebd48:c5390, b4e1f7d4-4bb4-47ed-a9cb-53483a899fb2:c5386, d3916bce-b37b-4246-83c6-d24846ba1a72:c5386]
2019-07-08 14:21:49,864 INFO  client.GrpcClientProtocolClient (GrpcClientProtocolClient.java:onNext(255)) - client-DE0880F50CF2->72f5ceaa-5b3b-4bc7-b846-41895f4ebd48: receive RaftClientReply:client-DE0880F50CF2->72f5ceaa-5b3b-4bc7-b846-41895f4ebd48@group-833AA35A7EDE, cid=3579, SUCCESS, logIndex=5390, commits[72f5ceaa-5b3b-4bc7-b846-41895f4ebd48:c5390, b4e1f7d4-4bb4-47ed-a9cb-53483a899fb2:c5386, d3916bce-b37b-4246-83c6-d24846ba1a72:c5386]
2019-07-08 14:21:49,889 INFO  client.GrpcClientProtocolClient (GrpcClientProtocolClient.java:onNext(255)) - client-DE0880F50CF2->72f5ceaa-5b3b-4bc7-b846-41895f4ebd48: receive RaftClientReply:client-DE0880F50CF2->72f5ceaa-5b3b-4bc7-b846-41895f4ebd48@group-833AA35A7EDE, cid=3580, SUCCESS, logIndex=0, commits[72f5ceaa-5b3b-4bc7-b846-41895f4ebd48:c5392, b4e1f7d4-4bb4-47ed-a9cb-53483a899fb2:c5390, d3916bce-b37b-4246-83c6-d24846ba1a72:c5390]
2019-07-08 14:21:49,927 INFO  client.GrpcClientProtocolClient (GrpcClientProtocolClient.java:onNext(255)) - client-DE0880F50CF2->72f5ceaa-5b3b-4bc7-b846-41895f4ebd48: receive RaftClientReply:client-DE0880F50CF2->72f5ceaa-5b3b-4bc7-b846-41895f4ebd48@group-833AA35A7EDE, cid=3581, SUCCESS, logIndex=5393, commits[72f5ceaa-5b3b-4bc7-b846-41895f4ebd48:c5394, b4e1f7d4-4bb4-47ed-a9cb-53483a899fb2:c5392, d3916bce-b37b-4246-83c6-d24846ba1a72:c5392]
2019-07-08 14:21:49,928 INFO  client.GrpcClientProtocolClient (GrpcClientProtocolClient.java:onNext(255)) - client-DE0880F50CF2->72f5ceaa-5b3b-4bc7-b846-41895f4ebd48: receive RaftClientReply:client-DE0880F50CF2->72f5ceaa-5b3b-4bc7-b846-41895f4ebd48@group-833AA35A7EDE, cid=3582, SUCCESS, logIndex=5394, commits[72f5ceaa-5b3b-4bc7-b846-41895f4ebd48:c5394, b4e1f7d4-4bb4-47ed-a9cb-53483a899fb2:c5392, d3916bce-b37b-4246-83c6-d24846ba1a72:c5392]
2019-07-08 14:21:49,937 INFO  client.GrpcClientProtocolClient (GrpcClientProtocolClient.java:onNext(255)) - client-DE0880F50CF2->72f5ceaa-5b3b-4bc7-b846-41895f4ebd48: receive RaftClientReply:client-DE0880F50CF2->72f5ceaa-5b3b-4bc7-b846-41895f4ebd48@group-833AA35A7EDE, cid=3583, SUCCESS, logIndex=5395, commits[72f5ceaa-5b3b-4bc7-b846-41895f4ebd48:c5396, b4e1f7d4-4bb4-47ed-a9cb-53483a899fb2:c5392, d3916bce-b37b-4246-83c6-d24846ba1a72:c5392]
2019-07-08 14:21:49,937 INFO  client.GrpcClientProtocolClient (GrpcClientProtocolClient.java:onNext(255)) - client-DE0880F50CF2->72f5ceaa-5b3b-4bc7-b846-41895f4ebd48: receive RaftClientReply:client-DE0880F50CF2->72f5ceaa-5b3b-4bc7-b846-41895f4ebd48@group-833AA35A7EDE, cid=3584, SUCCESS, logIndex=5396, commits[72f5ceaa-5b3b-4bc7-b846-41895f4ebd48:c5396, b4e1f7d4-4bb4-47ed-a9cb-53483a899fb2:c5392, d3916bce-b37b-4246-83c6-d24846ba1a72:c5392]
2019-07-08 14:21:49,939 INFO  client.GrpcClientProtocolClient (GrpcClientProtocolClient.java:onNext(255)) - client-DE0880F50CF2->72f5ceaa-5b3b-4bc7-b846-41895f4ebd48: receive RaftClientReply:client-DE0880F50CF2->72f5ceaa-5b3b-4bc7-b846-41895f4ebd48@group-833AA35A7EDE, cid=3585, SUCCESS, logIndex=0, commits[72f5ceaa-5b3b-4bc7-b846-41895f4ebd48:c5396, b4e1f7d4-4bb4-47ed-a9cb-53483a899fb2:c5394, d3916bce-b37b-4246-83c6-d24846ba1a72:c5394]
2019-07-08 14:21:49,965 INFO  client.GrpcClientProtocolClient (GrpcClientProtocolClient.java:onNext(255)) - client-DE0880F50CF2->72f5ceaa-5b3b-4bc7-b846-41895f4ebd48: receive RaftClientReply:client-DE0880F50CF2->72f5ceaa-5b3b-4bc7-b846-41895f4ebd48@group-833AA35A7EDE, cid=3586, SUCCESS, logIndex=5401, commits[72f5ceaa-5b3b-4bc7-b846-41895f4ebd48:c5402, b4e1f7d4-4bb4-47ed-a9cb-53483a899fb2:c5396, d3916bce-b37b-4246-83c6-d24846ba1a72:c5396]
2019-07-08 14:21:49,965 INFO  client.GrpcClientProtocolClient (GrpcClientProtocolClient.java:onNext(255)) - client-DE0880F50CF2->72f5ceaa-5b3b-4bc7-b846-41895f4ebd48: receive RaftClientReply:client-DE0880F50CF2->72f5ceaa-5b3b-4bc7-b846-41895f4ebd48@group-833AA35A7EDE, cid=3587, SUCCESS, logIndex=5402, commits[72f5ceaa-5b3b-4bc7-b846-41895f4ebd48:c5402, b4e1f7d4-4bb4-47ed-a9cb-53483a899fb2:c5396, d3916bce-b37b-4246-83c6-d24846ba1a72:c5396]
 0.00% |█                                                                                                    |  0/1 Time: 0:00:442019-07-08 14:21:50,021 INFO  client.GrpcClientProtocolClient (GrpcClientProtocolClient.java:onNext(255)) - client-DE0880F50CF2->72f5ceaa-5b3b-4bc7-b846-41895f4ebd48: receive RaftClientReply:client-DE0880F50CF2->72f5ceaa-5b3b-4bc7-b846-41895f4ebd48@group-833AA35A7EDE, cid=3588, SUCCESS, logIndex=5405, commits[72f5ceaa-5b3b-4bc7-b846-41895f4ebd48:c5406, b4e1f7d4-4bb4-47ed-a9cb-53483a899fb2:c5402, d3916bce-b37b-4246-83c6-d24846ba1a72:c5402]
2019-07-08 14:21:50,021 INFO  client.GrpcClientProtocolClient (GrpcClientProtocolClient.java:onNext(255)) - client-DE0880F50CF2->72f5ceaa-5b3b-4bc7-b846-41895f4ebd48: receive RaftClientReply:client-DE0880F50CF2->72f5ceaa-5b3b-4bc7-b846-41895f4ebd48@group-833AA35A7EDE, cid=3589, SUCCESS, logIndex=5406, commits[72f5ceaa-5b3b-4bc7-b846-41895f4ebd48:c5406, b4e1f7d4-4bb4-47ed-a9cb-53483a899fb2:c5402, d3916bce-b37b-4246-83c6-d24846ba1a72:c5402]
2019-07-08 14:21:50,042 INFO  client.GrpcClientProtocolClient (GrpcClientProtocolClient.java:onNext(255)) - client-DE0880F50CF2->72f5ceaa-5b3b-4bc7-b846-41895f4ebd48: receive RaftClientReply:client-DE0880F50CF2->72f5ceaa-5b3b-4bc7-b846-41895f4ebd48@group-833AA35A7EDE, cid=3590, SUCCESS, logIndex=0, commits[72f5ceaa-5b3b-4bc7-b846-41895f4ebd48:c5407, b4e1f7d4-4bb4-47ed-a9cb-53483a899fb2:c5406, d3916bce-b37b-4246-83c6-d24846ba1a72:c5406]
2019-07-08 14:21:50,080 INFO  client.GrpcClientProtocolClient (GrpcClientProtocolClient.java:onNext(255)) - client-DE0880F50CF2->72f5ceaa-5b3b-4bc7-b846-41895f4ebd48: receive RaftClientReply:client-DE0880F50CF2->72f5ceaa-5b3b-4bc7-b846-41895f4ebd48@group-833AA35A7EDE, cid=3591, SUCCESS, logIndex=5409, commits[72f5ceaa-5b3b-4bc7-b846-41895f4ebd48:c5410, b4e1f7d4-4bb4-47ed-a9cb-53483a899fb2:c5408, d3916bce-b37b-4246-83c6-d24846ba1a72:c5408]
2019-07-08 14:21:50,081 INFO  client.GrpcClientProtocolClient (GrpcClientProtocolClient.java:onNext(255)) - client-DE0880F50CF2->72f5ceaa-5b3b-4bc7-b846-41895f4ebd48: receive RaftClientReply:client-DE0880F50CF2->72f5ceaa-5b3b-4bc7-b846-41895f4ebd48@group-833AA35A7EDE, cid=3592, SUCCESS, logIndex=5410, commits[72f5ceaa-5b3b-4bc7-b846-41895f4ebd48:c5412, b4e1f7d4-4bb4-47ed-a9cb-53483a899fb2:c5408, d3916bce-b37b-4246-83c6-d24846ba1a72:c5408]
2019-07-08 14:21:50,081 INFO  client.GrpcClientProtocolClient (GrpcClientProtocolClient.java:onNext(255)) - client-DE0880F50CF2->72f5ceaa-5b3b-4bc7-b846-41895f4ebd48: receive RaftClientReply:client-DE0880F50CF2->72f5ceaa-5b3b-4bc7-b846-41895f4ebd48@group-833AA35A7EDE, cid=3593, SUCCESS, logIndex=5411, commits[72f5ceaa-5b3b-4bc7-b846-41895f4ebd48:c5412, b4e1f7d4-4bb4-47ed-a9cb-53483a899fb2:c5408, d3916bce-b37b-4246-83c6-d24846ba1a72:c5408]
2019-07-08 14:21:50,081 INFO  client.GrpcClientProtocolClient (GrpcClientProtocolClient.java:onNext(255)) - client-DE0880F50CF2->72f5ceaa-5b3b-4bc7-b846-41895f4ebd48: receive RaftClientReply:client-DE0880F50CF2->72f5ceaa-5b3b-4bc7-b846-41895f4ebd48@group-833AA35A7EDE, cid=3594, SUCCESS, logIndex=5412, commits[72f5ceaa-5b3b-4bc7-b846-41895f4ebd48:c5412, b4e1f7d4-4bb4-47ed-a9cb-53483a899fb2:c5408, d3916bce-b37b-4246-83c6-d24846ba1a72:c5408]
2019-07-08 14:21:50,082 INFO  client.GrpcClientProtocolClient (GrpcClientProtocolClient.java:onNext(255)) - client-DE0880F50CF2->72f5ceaa-5b3b-4bc7-b846-41895f4ebd48: receive RaftClientReply:client-DE0880F50CF2->72f5ceaa-5b3b-4bc7-b846-41895f4ebd48@group-833AA35A7EDE, cid=3595, SUCCESS, logIndex=0, commits[72f5ceaa-5b3b-4bc7-b846-41895f4ebd48:c5414, b4e1f7d4-4bb4-47ed-a9cb-53483a899fb2:c5410, d3916bce-b37b-4246-83c6-d24846ba1a72:c5410]
2019-07-08 14:21:50,095 INFO  client.GrpcClientProtocolClient (GrpcClientProtocolClient.java:onNext(255)) - client-DE0880F50CF2->72f5ceaa-5b3b-4bc7-b846-41895f4ebd48: receive RaftClientReply:client-DE0880F50CF2->72f5ceaa-5b3b-4bc7-b846-41895f4ebd48@group-833AA35A7EDE, cid=3596, SUCCESS, logIndex=5416, commits[72f5ceaa-5b3b-4bc7-b846-41895f4ebd48:c5417, b4e1f7d4-4bb4-47ed-a9cb-53483a899fb2:c5414, d3916bce-b37b-4246-83c6-d24846ba1a72:c5412]
2019-07-08 14:21:50,096 INFO  client.GrpcClientProtocolClient (GrpcClientProtocolClient.java:onNext(255)) - client-DE0880F50CF2->72f5ceaa-5b3b-4bc7-b846-41895f4ebd48: receive RaftClientReply:client-DE0880F50CF2->72f5ceaa-5b3b-4bc7-b846-41895f4ebd48@group-833AA35A7EDE, cid=3597, SUCCESS, logIndex=5417, commits[72f5ceaa-5b3b-4bc7-b846-41895f4ebd48:c5417, b4e1f7d4-4bb4-47ed-a9cb-53483a899fb2:c5414, d3916bce-b37b-4246-83c6-d24846ba1a72:c5414]
2019-07-08 14:21:50,116 INFO  client.GrpcClientProtocolClient (GrpcClientProtocolClient.java:onNext(255)) - client-DE0880F50CF2->72f5ceaa-5b3b-4bc7-b846-41895f4ebd48: receive RaftClientReply:client-DE0880F50CF2->72f5ceaa-5b3b-4bc7-b846-41895f4ebd48@group-833AA35A7EDE, cid=3598, SUCCESS, logIndex=5420, commits[72f5ceaa-5b3b-4bc7-b846-41895f4ebd48:c5421, b4e1f7d4-4bb4-47ed-a9cb-53483a899fb2:c5419, d3916bce-b37b-4246-83c6-d24846ba1a72:c5419]
2019-07-08 14:21:50,117 INFO  client.GrpcClientProtocolClient (GrpcClientProtocolClient.java:onNext(255)) - client-DE0880F50CF2->72f5ceaa-5b3b-4bc7-b846-41895f4ebd48: receive RaftClientReply:client-DE0880F50CF2->72f5ceaa-5b3b-4bc7-b846-41895f4ebd48@group-833AA35A7EDE, cid=3599, SUCCESS, logIndex=5421, commits[72f5ceaa-5b3b-4bc7-b846-41895f4ebd48:c5421, b4e1f7d4-4bb4-47ed-a9cb-53483a899fb2:c5419, d3916bce-b37b-4246-83c6-d24846ba1a72:c5419]
2019-07-08 14:21:50,131 INFO  client.GrpcClientProtocolClient (GrpcClientProtocolClient.java:onNext(255)) - client-DE0880F50CF2->72f5ceaa-5b3b-4bc7-b846-41895f4ebd48: receive RaftClientReply:client-DE0880F50CF2->72f5ceaa-5b3b-4bc7-b846-41895f4ebd48@group-833AA35A7EDE, cid=3600, SUCCESS, logIndex=0, commits[72f5ceaa-5b3b-4bc7-b846-41895f4ebd48:c5423, b4e1f7d4-4bb4-47ed-a9cb-53483a899fb2:c5421, d3916bce-b37b-4246-83c6-d24846ba1a72:c5421]
2019-07-08 14:21:50,164 INFO  client.GrpcClientProtocolClient (GrpcClientProtocolClient.java:onNext(255)) - client-DE0880F50CF2->72f5ceaa-5b3b-4bc7-b846-41895f4ebd48: receive RaftClientReply:client-DE0880F50CF2->72f5ceaa-5b3b-4bc7-b846-41895f4ebd48@group-833AA35A7EDE, cid=3601, SUCCESS, logIndex=5424, commits[72f5ceaa-5b3b-4bc7-b846-41895f4ebd48:c5425, b4e1f7d4-4bb4-47ed-a9cb-53483a899fb2:c5423, d3916bce-b37b-4246-83c6-d24846ba1a72:c5423]
2019-07-08 14:21:50,165 INFO  client.GrpcClientProtocolClient (GrpcClientProtocolClient.java:onNext(255)) - client-DE0880F50CF2->72f5ceaa-5b3b-4bc7-b846-41895f4ebd48: receive RaftClientReply:client-DE0880F50CF2->72f5ceaa-5b3b-4bc7-b846-41895f4ebd48@group-833AA35A7EDE, cid=3602, SUCCESS, logIndex=5425, commits[72f5ceaa-5b3b-4bc7-b846-41895f4ebd48:c5427, b4e1f7d4-4bb4-47ed-a9cb-53483a899fb2:c5423, d3916bce-b37b-4246-83c6-d24846ba1a72:c5423]
2019-07-08 14:21:50,165 INFO  client.GrpcClientProtocolClient (GrpcClientProtocolClient.java:onNext(255)) - client-DE0880F50CF2->72f5ceaa-5b3b-4bc7-b846-41895f4ebd48: receive RaftClientReply:client-DE0880F50CF2->72f5ceaa-5b3b-4bc7-b846-41895f4ebd48@group-833AA35A7EDE, cid=3603, SUCCESS, logIndex=5426, commits[72f5ceaa-5b3b-4bc7-b846-41895f4ebd48:c5427, b4e1f7d4-4bb4-47ed-a9cb-53483a899fb2:c5423, d3916bce-b37b-4246-83c6-d24846ba1a72:c5423]
2019-07-08 14:21:50,165 INFO  client.GrpcClientProtocolClient (GrpcClientProtocolClient.java:onNext(255)) - client-DE0880F50CF2->72f5ceaa-5b3b-4bc7-b846-41895f4ebd48: receive RaftClientReply:client-DE0880F50CF2->72f5ceaa-5b3b-4bc7-b846-41895f4ebd48@group-833AA35A7EDE, cid=3604, SUCCESS, logIndex=5427, commits[72f5ceaa-5b3b-4bc7-b846-41895f4ebd48:c5427, b4e1f7d4-4bb4-47ed-a9cb-53483a899fb2:c5423, d3916bce-b37b-4246-83c6-d24846ba1a72:c5423]
2019-07-08 14:21:50,190 INFO  client.GrpcClientProtocolClient (GrpcClientProtocolClient.java:onNext(255)) - client-DE0880F50CF2->72f5ceaa-5b3b-4bc7-b846-41895f4ebd48: receive RaftClientReply:client-DE0880F50CF2->72f5ceaa-5b3b-4bc7-b846-41895f4ebd48@group-833AA35A7EDE, cid=3605, SUCCESS, logIndex=0, commits[72f5ceaa-5b3b-4bc7-b846-41895f4ebd48:c5429, b4e1f7d4-4bb4-47ed-a9cb-53483a899fb2:c5425, d3916bce-b37b-4246-83c6-d24846ba1a72:c5425]
2019-07-08 14:21:50,216 INFO  client.GrpcClientProtocolClient (GrpcClientProtocolClient.java:onNext(255)) - client-DE0880F50CF2->72f5ceaa-5b3b-4bc7-b846-41895f4ebd48: receive RaftClientReply:client-DE0880F50CF2->72f5ceaa-5b3b-4bc7-b846-41895f4ebd48@group-833AA35A7EDE, cid=3606, SUCCESS, logIndex=5431, commits[72f5ceaa-5b3b-4bc7-b846-41895f4ebd48:c5432, b4e1f7d4-4bb4-47ed-a9cb-53483a899fb2:c5430, d3916bce-b37b-4246-83c6-d24846ba1a72:c5430]
2019-07-08 14:21:50,217 INFO  client.GrpcClientProtocolClient (GrpcClientProtocolClient.java:onNext(255)) - client-DE0880F50CF2->72f5ceaa-5b3b-4bc7-b846-41895f4ebd48: receive RaftClientReply:client-DE0880F50CF2->72f5ceaa-5b3b-4bc7-b846-41895f4ebd48@group-833AA35A7EDE, cid=3607, SUCCESS, logIndex=5432, commits[72f5ceaa-5b3b-4bc7-b846-41895f4ebd48:c5432, b4e1f7d4-4bb4-47ed-a9cb-53483a899fb2:c5430, d3916bce-b37b-4246-83c6-d24846ba1a72:c5430]
2019-07-08 14:21:50,249 INFO  client.GrpcClientProtocolClient (GrpcClientProtocolClient.java:onNext(255)) - client-DE0880F50CF2->72f5ceaa-5b3b-4bc7-b846-41895f4ebd48: receive RaftClientReply:client-DE0880F50CF2->72f5ceaa-5b3b-4bc7-b846-41895f4ebd48@group-833AA35A7EDE, cid=3608, SUCCESS, logIndex=5435, commits[72f5ceaa-5b3b-4bc7-b846-41895f4ebd48:c5436, b4e1f7d4-4bb4-47ed-a9cb-53483a899fb2:c5432, d3916bce-b37b-4246-83c6-d24846ba1a72:c5432]
2019-07-08 14:21:50,249 INFO  client.GrpcClientProtocolClient (GrpcClientProtocolClient.java:onNext(255)) - client-DE0880F50CF2->72f5ceaa-5b3b-4bc7-b846-41895f4ebd48: receive RaftClientReply:client-DE0880F50CF2->72f5ceaa-5b3b-4bc7-b846-41895f4ebd48@group-833AA35A7EDE, cid=3609, SUCCESS, logIndex=5436, commits[72f5ceaa-5b3b-4bc7-b846-41895f4ebd48:c5436, b4e1f7d4-4bb4-47ed-a9cb-53483a899fb2:c5432, d3916bce-b37b-4246-83c6-d24846ba1a72:c5432]
2019-07-08 14:21:50,262 INFO  client.GrpcClientProtocolClient (GrpcClientProtocolClient.java:onNext(255)) - client-DE0880F50CF2->72f5ceaa-5b3b-4bc7-b846-41895f4ebd48: receive RaftClientReply:client-DE0880F50CF2->72f5ceaa-5b3b-4bc7-b846-41895f4ebd48@group-833AA35A7EDE, cid=3610, SUCCESS, logIndex=0, commits[72f5ceaa-5b3b-4bc7-b846-41895f4ebd48:c5438, b4e1f7d4-4bb4-47ed-a9cb-53483a899fb2:c5436, d3916bce-b37b-4246-83c6-d24846ba1a72:c5436]
2019-07-08 14:21:50,295 INFO  client.GrpcClientProtocolClient (GrpcClientProtocolClient.java:onNext(255)) - client-DE0880F50CF2->72f5ceaa-5b3b-4bc7-b846-41895f4ebd48: receive RaftClientReply:client-DE0880F50CF2->72f5ceaa-5b3b-4bc7-b846-41895f4ebd48@group-833AA35A7EDE, cid=3611, SUCCESS, logIndex=5439, commits[72f5ceaa-5b3b-4bc7-b846-41895f4ebd48:c5440, b4e1f7d4-4bb4-47ed-a9cb-53483a899fb2:c5438, d3916bce-b37b-4246-83c6-d24846ba1a72:c5438]
2019-07-08 14:21:50,296 INFO  client.GrpcClientProtocolClient (GrpcClientProtocolClient.java:onNext(255)) - client-DE0880F50CF2->72f5ceaa-5b3b-4bc7-b846-41895f4ebd48: receive RaftClientReply:client-DE0880F50CF2->72f5ceaa-5b3b-4bc7-b846-41895f4ebd48@group-833AA35A7EDE, cid=3612, SUCCESS, logIndex=5440, commits[72f5ceaa-5b3b-4bc7-b846-41895f4ebd48:c5441, b4e1f7d4-4bb4-47ed-a9cb-53483a899fb2:c5438, d3916bce-b37b-4246-83c6-d24846ba1a72:c5438]
2019-07-08 14:21:50,296 INFO  client.GrpcClientProtocolClient (GrpcClientProtocolClient.java:onNext(255)) - client-DE0880F50CF2->72f5ceaa-5b3b-4bc7-b846-41895f4ebd48: receive RaftClientReply:client-DE0880F50CF2->72f5ceaa-5b3b-4bc7-b846-41895f4ebd48@group-833AA35A7EDE, cid=3613, SUCCESS, logIndex=5441, commits[72f5ceaa-5b3b-4bc7-b846-41895f4ebd48:c5442, b4e1f7d4-4bb4-47ed-a9cb-53483a899fb2:c5438, d3916bce-b37b-4246-83c6-d24846ba1a72:c5438]
2019-07-08 14:21:50,297 INFO  client.GrpcClientProtocolClient (GrpcClientProtocolClient.java:onNext(255)) - client-DE0880F50CF2->72f5ceaa-5b3b-4bc7-b846-41895f4ebd48: receive RaftClientReply:client-DE0880F50CF2->72f5ceaa-5b3b-4bc7-b846-41895f4ebd48@group-833AA35A7EDE, cid=3614, SUCCESS, logIndex=5442, commits[72f5ceaa-5b3b-4bc7-b846-41895f4ebd48:c5442, b4e1f7d4-4bb4-47ed-a9cb-53483a899fb2:c5438, d3916bce-b37b-4246-83c6-d24846ba1a72:c5438]
2019-07-08 14:21:50,310 INFO  client.GrpcClientProtocolClient (GrpcClientProtocolClient.java:onNext(255)) - client-DE0880F50CF2->72f5ceaa-5b3b-4bc7-b846-41895f4ebd48: receive RaftClientReply:client-DE0880F50CF2->72f5ceaa-5b3b-4bc7-b846-41895f4ebd48@group-833AA35A7EDE, cid=3615, SUCCESS, logIndex=0, commits[72f5ceaa-5b3b-4bc7-b846-41895f4ebd48:c5444, b4e1f7d4-4bb4-47ed-a9cb-53483a899fb2:c5440, d3916bce-b37b-4246-83c6-d24846ba1a72:c5440]
2019-07-08 14:21:50,331 INFO  client.GrpcClientProtocolClient (GrpcClientProtocolClient.java:onNext(255)) - client-DE0880F50CF2->72f5ceaa-5b3b-4bc7-b846-41895f4ebd48: receive RaftClientReply:client-DE0880F50CF2->72f5ceaa-5b3b-4bc7-b846-41895f4ebd48@group-833AA35A7EDE, cid=3616, SUCCESS, logIndex=5447, commits[72f5ceaa-5b3b-4bc7-b846-41895f4ebd48:c5447, b4e1f7d4-4bb4-47ed-a9cb-53483a899fb2:c5446, d3916bce-b37b-4246-83c6-d24846ba1a72:c5446]
2019-07-08 14:21:50,331 INFO  client.GrpcClientProtocolClient (GrpcClientProtocolClient.java:onNext(255)) - client-DE0880F50CF2->72f5ceaa-5b3b-4bc7-b846-41895f4ebd48: receive RaftClientReply:client-DE0880F50CF2->72f5ceaa-5b3b-4bc7-b846-41895f4ebd48@group-833AA35A7EDE, cid=3617, SUCCESS, logIndex=5448, commits[72f5ceaa-5b3b-4bc7-b846-41895f4ebd48:c5448, b4e1f7d4-4bb4-47ed-a9cb-53483a899fb2:c5446, d3916bce-b37b-4246-83c6-d24846ba1a72:c5446]
2019-07-08 14:21:50,344 INFO  client.GrpcClientProtocolClient (GrpcClientProtocolClient.java:onNext(255)) - client-DE0880F50CF2->72f5ceaa-5b3b-4bc7-b846-41895f4ebd48: receive RaftClientReply:client-DE0880F50CF2->72f5ceaa-5b3b-4bc7-b846-41895f4ebd48@group-833AA35A7EDE, cid=3618, SUCCESS, logIndex=5451, commits[72f5ceaa-5b3b-4bc7-b846-41895f4ebd48:c5452, b4e1f7d4-4bb4-47ed-a9cb-53483a899fb2:c5448, d3916bce-b37b-4246-83c6-d24846ba1a72:c5447]
2019-07-08 14:21:50,344 INFO  client.GrpcClientProtocolClient (GrpcClientProtocolClient.java:onNext(255)) - client-DE0880F50CF2->72f5ceaa-5b3b-4bc7-b846-41895f4ebd48: receive RaftClientReply:client-DE0880F50CF2->72f5ceaa-5b3b-4bc7-b846-41895f4ebd48@group-833AA35A7EDE, cid=3619, SUCCESS, logIndex=5452, commits[72f5ceaa-5b3b-4bc7-b846-41895f4ebd48:c5452, b4e1f7d4-4bb4-47ed-a9cb-53483a899fb2:c5448, d3916bce-b37b-4246-83c6-d24846ba1a72:c5447]
2019-07-08 14:21:50,346 INFO  client.GrpcClientProtocolClient (GrpcClientProtocolClient.java:onNext(255)) - client-DE0880F50CF2->72f5ceaa-5b3b-4bc7-b846-41895f4ebd48: receive RaftClientReply:client-DE0880F50CF2->72f5ceaa-5b3b-4bc7-b846-41895f4ebd48@group-833AA35A7EDE, cid=3620, SUCCESS, logIndex=0, commits[72f5ceaa-5b3b-4bc7-b846-41895f4ebd48:c5452, b4e1f7d4-4bb4-47ed-a9cb-53483a899fb2:c5448, d3916bce-b37b-4246-83c6-d24846ba1a72:c5448]
2019-07-08 14:21:50,358 INFO  client.GrpcClientProtocolClient (GrpcClientProtocolClient.java:onNext(255)) - client-DE0880F50CF2->72f5ceaa-5b3b-4bc7-b846-41895f4ebd48: receive RaftClientReply:client-DE0880F50CF2->72f5ceaa-5b3b-4bc7-b846-41895f4ebd48@group-833AA35A7EDE, cid=3621, SUCCESS, logIndex=0, commits[72f5ceaa-5b3b-4bc7-b846-41895f4ebd48:c5454, b4e1f7d4-4bb4-47ed-a9cb-53483a899fb2:c5452, d3916bce-b37b-4246-83c6-d24846ba1a72:c5452]
2019-07-08 14:21:50,394 INFO  client.GrpcClientProtocolClient (GrpcClientProtocolClient.java:onNext(255)) - client-DE0880F50CF2->72f5ceaa-5b3b-4bc7-b846-41895f4ebd48: receive RaftClientReply:client-DE0880F50CF2->72f5ceaa-5b3b-4bc7-b846-41895f4ebd48@group-833AA35A7EDE, cid=3622, SUCCESS, logIndex=5455, commits[72f5ceaa-5b3b-4bc7-b846-41895f4ebd48:c5456, b4e1f7d4-4bb4-47ed-a9cb-53483a899fb2:c5454, d3916bce-b37b-4246-83c6-d24846ba1a72:c5454]
2019-07-08 14:21:50,394 INFO  client.GrpcClientProtocolClient (GrpcClientProtocolClient.java:onNext(255)) - client-DE0880F50CF2->72f5ceaa-5b3b-4bc7-b846-41895f4ebd48: receive RaftClientReply:client-DE0880F50CF2->72f5ceaa-5b3b-4bc7-b846-41895f4ebd48@group-833AA35A7EDE, cid=3623, SUCCESS, logIndex=5456, commits[72f5ceaa-5b3b-4bc7-b846-41895f4ebd48:c5456, b4e1f7d4-4bb4-47ed-a9cb-53483a899fb2:c5454, d3916bce-b37b-4246-83c6-d24846ba1a72:c5454]
2019-07-08 14:21:50,396 INFO  client.GrpcClientProtocolClient (GrpcClientProtocolClient.java:onNext(255)) - client-DE0880F50CF2->72f5ceaa-5b3b-4bc7-b846-41895f4ebd48: receive RaftClientReply:client-DE0880F50CF2->72f5ceaa-5b3b-4bc7-b846-41895f4ebd48@group-833AA35A7EDE, cid=3624, SUCCESS, logIndex=5457, commits[72f5ceaa-5b3b-4bc7-b846-41895f4ebd48:c5458, b4e1f7d4-4bb4-47ed-a9cb-53483a899fb2:c5454, d3916bce-b37b-4246-83c6-d24846ba1a72:c5454]
2019-07-08 14:21:50,396 INFO  client.GrpcClientProtocolClient (GrpcClientProtocolClient.java:onNext(255)) - client-DE0880F50CF2->72f5ceaa-5b3b-4bc7-b846-41895f4ebd48: receive RaftClientReply:client-DE0880F50CF2->72f5ceaa-5b3b-4bc7-b846-41895f4ebd48@group-833AA35A7EDE, cid=3625, SUCCESS, logIndex=5458, commits[72f5ceaa-5b3b-4bc7-b846-41895f4ebd48:c5458, b4e1f7d4-4bb4-47ed-a9cb-53483a899fb2:c5454, d3916bce-b37b-4246-83c6-d24846ba1a72:c5454]
2019-07-08 14:21:50,419 INFO  client.GrpcClientProtocolClient (GrpcClientProtocolClient.java:onNext(255)) - client-DE0880F50CF2->72f5ceaa-5b3b-4bc7-b846-41895f4ebd48: receive RaftClientReply:client-DE0880F50CF2->72f5ceaa-5b3b-4bc7-b846-41895f4ebd48@group-833AA35A7EDE, cid=3626, SUCCESS, logIndex=0, commits[72f5ceaa-5b3b-4bc7-b846-41895f4ebd48:c5459, b4e1f7d4-4bb4-47ed-a9cb-53483a899fb2:c5456, d3916bce-b37b-4246-83c6-d24846ba1a72:c5456]
2019-07-08 14:21:50,440 INFO  client.GrpcClientProtocolClient (GrpcClientProtocolClient.java:onNext(255)) - client-DE0880F50CF2->72f5ceaa-5b3b-4bc7-b846-41895f4ebd48: receive RaftClientReply:client-DE0880F50CF2->72f5ceaa-5b3b-4bc7-b846-41895f4ebd48@group-833AA35A7EDE, cid=3627, SUCCESS, logIndex=5463, commits[72f5ceaa-5b3b-4bc7-b846-41895f4ebd48:c5464, b4e1f7d4-4bb4-47ed-a9cb-53483a899fb2:c5462, d3916bce-b37b-4246-83c6-d24846ba1a72:c5462]
2019-07-08 14:21:50,440 INFO  client.GrpcClientProtocolClient (GrpcClientProtocolClient.java:onNext(255)) - client-DE0880F50CF2->72f5ceaa-5b3b-4bc7-b846-41895f4ebd48: receive RaftClientReply:client-DE0880F50CF2->72f5ceaa-5b3b-4bc7-b846-41895f4ebd48@group-833AA35A7EDE, cid=3628, SUCCESS, logIndex=5464, commits[72f5ceaa-5b3b-4bc7-b846-41895f4ebd48:c5464, b4e1f7d4-4bb4-47ed-a9cb-53483a899fb2:c5462, d3916bce-b37b-4246-83c6-d24846ba1a72:c5462]
2019-07-08 14:21:50,453 INFO  client.GrpcClientProtocolClient (GrpcClientProtocolClient.java:onNext(255)) - client-DE0880F50CF2->72f5ceaa-5b3b-4bc7-b846-41895f4ebd48: receive RaftClientReply:client-DE0880F50CF2->72f5ceaa-5b3b-4bc7-b846-41895f4ebd48@group-833AA35A7EDE, cid=3629, SUCCESS, logIndex=5467, commits[72f5ceaa-5b3b-4bc7-b846-41895f4ebd48:c5468, b4e1f7d4-4bb4-47ed-a9cb-53483a899fb2:c5464, d3916bce-b37b-4246-83c6-d24846ba1a72:c5464]
2019-07-08 14:21:50,454 INFO  client.GrpcClientProtocolClient (GrpcClientProtocolClient.java:onNext(255)) - client-DE0880F50CF2->72f5ceaa-5b3b-4bc7-b846-41895f4ebd48: receive RaftClientReply:client-DE0880F50CF2->72f5ceaa-5b3b-4bc7-b846-41895f4ebd48@group-833AA35A7EDE, cid=3630, SUCCESS, logIndex=5468, commits[72f5ceaa-5b3b-4bc7-b846-41895f4ebd48:c5468, b4e1f7d4-4bb4-47ed-a9cb-53483a899fb2:c5464, d3916bce-b37b-4246-83c6-d24846ba1a72:c5464]
2019-07-08 14:21:50,468 INFO  client.GrpcClientProtocolClient (GrpcClientProtocolClient.java:onNext(255)) - client-DE0880F50CF2->72f5ceaa-5b3b-4bc7-b846-41895f4ebd48: receive RaftClientReply:client-DE0880F50CF2->72f5ceaa-5b3b-4bc7-b846-41895f4ebd48@group-833AA35A7EDE, cid=3631, SUCCESS, logIndex=0, commits[72f5ceaa-5b3b-4bc7-b846-41895f4ebd48:c5470, b4e1f7d4-4bb4-47ed-a9cb-53483a899fb2:c5468, d3916bce-b37b-4246-83c6-d24846ba1a72:c5468]
2019-07-08 14:21:50,504 INFO  client.GrpcClientProtocolClient (GrpcClientProtocolClient.java:onNext(255)) - client-DE0880F50CF2->72f5ceaa-5b3b-4bc7-b846-41895f4ebd48: receive RaftClientReply:client-DE0880F50CF2->72f5ceaa-5b3b-4bc7-b846-41895f4ebd48@group-833AA35A7EDE, cid=3632, SUCCESS, logIndex=5471, commits[72f5ceaa-5b3b-4bc7-b846-41895f4ebd48:c5472, b4e1f7d4-4bb4-47ed-a9cb-53483a899fb2:c5470, d3916bce-b37b-4246-83c6-d24846ba1a72:c5470]
2019-07-08 14:21:50,504 INFO  client.GrpcClientProtocolClient (GrpcClientProtocolClient.java:onNext(255)) - client-DE0880F50CF2->72f5ceaa-5b3b-4bc7-b846-41895f4ebd48: receive RaftClientReply:client-DE0880F50CF2->72f5ceaa-5b3b-4bc7-b846-41895f4ebd48@group-833AA35A7EDE, cid=3633, SUCCESS, logIndex=5472, commits[72f5ceaa-5b3b-4bc7-b846-41895f4ebd48:c5472, b4e1f7d4-4bb4-47ed-a9cb-53483a899fb2:c5470, d3916bce-b37b-4246-83c6-d24846ba1a72:c5470]
2019-07-08 14:21:50,515 INFO  client.GrpcClientProtocolClient (GrpcClientProtocolClient.java:onNext(255)) - client-DE0880F50CF2->72f5ceaa-5b3b-4bc7-b846-41895f4ebd48: receive RaftClientReply:client-DE0880F50CF2->72f5ceaa-5b3b-4bc7-b846-41895f4ebd48@group-833AA35A7EDE, cid=3634, SUCCESS, logIndex=5473, commits[72f5ceaa-5b3b-4bc7-b846-41895f4ebd48:c5474, b4e1f7d4-4bb4-47ed-a9cb-53483a899fb2:c5470, d3916bce-b37b-4246-83c6-d24846ba1a72:c5470]
2019-07-08 14:21:50,516 INFO  client.GrpcClientProtocolClient (GrpcClientProtocolClient.java:onNext(255)) - client-DE0880F50CF2->72f5ceaa-5b3b-4bc7-b846-41895f4ebd48: receive RaftClientReply:client-DE0880F50CF2->72f5ceaa-5b3b-4bc7-b846-41895f4ebd48@group-833AA35A7EDE, cid=3635, SUCCESS, logIndex=5474, commits[72f5ceaa-5b3b-4bc7-b846-41895f4ebd48:c5474, b4e1f7d4-4bb4-47ed-a9cb-53483a899fb2:c5470, d3916bce-b37b-4246-83c6-d24846ba1a72:c5470]
2019-07-08 14:21:50,518 INFO  client.GrpcClientProtocolClient (GrpcClientProtocolClient.java:onNext(255)) - client-DE0880F50CF2->72f5ceaa-5b3b-4bc7-b846-41895f4ebd48: receive RaftClientReply:client-DE0880F50CF2->72f5ceaa-5b3b-4bc7-b846-41895f4ebd48@group-833AA35A7EDE, cid=3636, SUCCESS, logIndex=0, commits[72f5ceaa-5b3b-4bc7-b846-41895f4ebd48:c5476, b4e1f7d4-4bb4-47ed-a9cb-53483a899fb2:c5472, d3916bce-b37b-4246-83c6-d24846ba1a72:c5472]
2019-07-08 14:21:50,533 INFO  client.GrpcClientProtocolClient (GrpcClientProtocolClient.java:onNext(255)) - client-DE0880F50CF2->72f5ceaa-5b3b-4bc7-b846-41895f4ebd48: receive RaftClientReply:client-DE0880F50CF2->72f5ceaa-5b3b-4bc7-b846-41895f4ebd48@group-833AA35A7EDE, cid=3637, SUCCESS, logIndex=5479, commits[72f5ceaa-5b3b-4bc7-b846-41895f4ebd48:c5480, b4e1f7d4-4bb4-47ed-a9cb-53483a899fb2:c5476, d3916bce-b37b-4246-83c6-d24846ba1a72:c5476]
2019-07-08 14:21:50,533 INFO  client.GrpcClientProtocolClient (GrpcClientProtocolClient.java:onNext(255)) - client-DE0880F50CF2->72f5ceaa-5b3b-4bc7-b846-41895f4ebd48: receive RaftClientReply:client-DE0880F50CF2->72f5ceaa-5b3b-4bc7-b846-41895f4ebd48@group-833AA35A7EDE, cid=3638, SUCCESS, logIndex=5480, commits[72f5ceaa-5b3b-4bc7-b846-41895f4ebd48:c5480, b4e1f7d4-4bb4-47ed-a9cb-53483a899fb2:c5476, d3916bce-b37b-4246-83c6-d24846ba1a72:c5476]
2019-07-08 14:21:50,558 INFO  client.GrpcClientProtocolClient (GrpcClientProtocolClient.java:onNext(255)) - client-DE0880F50CF2->72f5ceaa-5b3b-4bc7-b846-41895f4ebd48: receive RaftClientReply:client-DE0880F50CF2->72f5ceaa-5b3b-4bc7-b846-41895f4ebd48@group-833AA35A7EDE, cid=3639, SUCCESS, logIndex=5483, commits[72f5ceaa-5b3b-4bc7-b846-41895f4ebd48:c5484, b4e1f7d4-4bb4-47ed-a9cb-53483a899fb2:c5480, d3916bce-b37b-4246-83c6-d24846ba1a72:c5480]
2019-07-08 14:21:50,558 INFO  client.GrpcClientProtocolClient (GrpcClientProtocolClient.java:onNext(255)) - client-DE0880F50CF2->72f5ceaa-5b3b-4bc7-b846-41895f4ebd48: receive RaftClientReply:client-DE0880F50CF2->72f5ceaa-5b3b-4bc7-b846-41895f4ebd48@group-833AA35A7EDE, cid=3640, SUCCESS, logIndex=5484, commits[72f5ceaa-5b3b-4bc7-b846-41895f4ebd48:c5484, b4e1f7d4-4bb4-47ed-a9cb-53483a899fb2:c5480, d3916bce-b37b-4246-83c6-d24846ba1a72:c5480]
2019-07-08 14:21:50,571 INFO  client.GrpcClientProtocolClient (GrpcClientProtocolClient.java:onNext(255)) - client-DE0880F50CF2->72f5ceaa-5b3b-4bc7-b846-41895f4ebd48: receive RaftClientReply:client-DE0880F50CF2->72f5ceaa-5b3b-4bc7-b846-41895f4ebd48@group-833AA35A7EDE, cid=3641, SUCCESS, logIndex=0, commits[72f5ceaa-5b3b-4bc7-b846-41895f4ebd48:c5486, b4e1f7d4-4bb4-47ed-a9cb-53483a899fb2:c5484, d3916bce-b37b-4246-83c6-d24846ba1a72:c5484]
2019-07-08 14:21:50,624 INFO  client.GrpcClientProtocolClient (GrpcClientProtocolClient.java:onNext(255)) - client-DE0880F50CF2->72f5ceaa-5b3b-4bc7-b846-41895f4ebd48: receive RaftClientReply:client-DE0880F50CF2->72f5ceaa-5b3b-4bc7-b846-41895f4ebd48@group-833AA35A7EDE, cid=3642, SUCCESS, logIndex=5487, commits[72f5ceaa-5b3b-4bc7-b846-41895f4ebd48:c5489, b4e1f7d4-4bb4-47ed-a9cb-53483a899fb2:c5486, d3916bce-b37b-4246-83c6-d24846ba1a72:c5486]
2019-07-08 14:21:50,625 INFO  client.GrpcClientProtocolClient (GrpcClientProtocolClient.java:onNext(255)) - client-DE0880F50CF2->72f5ceaa-5b3b-4bc7-b846-41895f4ebd48: receive RaftClientReply:client-DE0880F50CF2->72f5ceaa-5b3b-4bc7-b846-41895f4ebd48@group-833AA35A7EDE, cid=3643, SUCCESS, logIndex=5488, commits[72f5ceaa-5b3b-4bc7-b846-41895f4ebd48:c5490, b4e1f7d4-4bb4-47ed-a9cb-53483a899fb2:c5486, d3916bce-b37b-4246-83c6-d24846ba1a72:c5486]
2019-07-08 14:21:50,625 INFO  client.GrpcClientProtocolClient (GrpcClientProtocolClient.java:onNext(255)) - client-DE0880F50CF2->72f5ceaa-5b3b-4bc7-b846-41895f4ebd48: receive RaftClientReply:client-DE0880F50CF2->72f5ceaa-5b3b-4bc7-b846-41895f4ebd48@group-833AA35A7EDE, cid=3644, SUCCESS, logIndex=5489, commits[72f5ceaa-5b3b-4bc7-b846-41895f4ebd48:c5490, b4e1f7d4-4bb4-47ed-a9cb-53483a899fb2:c5486, d3916bce-b37b-4246-83c6-d24846ba1a72:c5486]
2019-07-08 14:21:50,626 INFO  client.GrpcClientProtocolClient (GrpcClientProtocolClient.java:onNext(255)) - client-DE0880F50CF2->72f5ceaa-5b3b-4bc7-b846-41895f4ebd48: receive RaftClientReply:client-DE0880F50CF2->72f5ceaa-5b3b-4bc7-b846-41895f4ebd48@group-833AA35A7EDE, cid=3645, SUCCESS, logIndex=5490, commits[72f5ceaa-5b3b-4bc7-b846-41895f4ebd48:c5490, b4e1f7d4-4bb4-47ed-a9cb-53483a899fb2:c5486, d3916bce-b37b-4246-83c6-d24846ba1a72:c5486]
2019-07-08 14:21:50,627 INFO  client.GrpcClientProtocolClient (GrpcClientProtocolClient.java:onNext(255)) - client-DE0880F50CF2->72f5ceaa-5b3b-4bc7-b846-41895f4ebd48: receive RaftClientReply:client-DE0880F50CF2->72f5ceaa-5b3b-4bc7-b846-41895f4ebd48@group-833AA35A7EDE, cid=3646, SUCCESS, logIndex=0, commits[72f5ceaa-5b3b-4bc7-b846-41895f4ebd48:c5493, b4e1f7d4-4bb4-47ed-a9cb-53483a899fb2:c5489, d3916bce-b37b-4246-83c6-d24846ba1a72:c5488]
2019-07-08 14:21:50,651 INFO  client.GrpcClientProtocolClient (GrpcClientProtocolClient.java:onNext(255)) - client-DE0880F50CF2->72f5ceaa-5b3b-4bc7-b846-41895f4ebd48: receive RaftClientReply:client-DE0880F50CF2->72f5ceaa-5b3b-4bc7-b846-41895f4ebd48@group-833AA35A7EDE, cid=3647, SUCCESS, logIndex=5495, commits[72f5ceaa-5b3b-4bc7-b846-41895f4ebd48:c5496, b4e1f7d4-4bb4-47ed-a9cb-53483a899fb2:c5494, d3916bce-b37b-4246-83c6-d24846ba1a72:c5494]
2019-07-08 14:21:50,652 INFO  client.GrpcClientProtocolClient (GrpcClientProtocolClient.java:onNext(255)) - client-DE0880F50CF2->72f5ceaa-5b3b-4bc7-b846-41895f4ebd48: receive RaftClientReply:client-DE0880F50CF2->72f5ceaa-5b3b-4bc7-b846-41895f4ebd48@group-833AA35A7EDE, cid=3648, SUCCESS, logIndex=5496, commits[72f5ceaa-5b3b-4bc7-b846-41895f4ebd48:c5496, b4e1f7d4-4bb4-47ed-a9cb-53483a899fb2:c5494, d3916bce-b37b-4246-83c6-d24846ba1a72:c5494]
2019-07-08 14:21:50,665 INFO  client.GrpcClientProtocolClient (GrpcClientProtocolClient.java:onNext(255)) - client-DE0880F50CF2->72f5ceaa-5b3b-4bc7-b846-41895f4ebd48: receive RaftClientReply:client-DE0880F50CF2->72f5ceaa-5b3b-4bc7-b846-41895f4ebd48@group-833AA35A7EDE, cid=3649, SUCCESS, logIndex=5499, commits[72f5ceaa-5b3b-4bc7-b846-41895f4ebd48:c5500, b4e1f7d4-4bb4-47ed-a9cb-53483a899fb2:c5496, d3916bce-b37b-4246-83c6-d24846ba1a72:c5495]
2019-07-08 14:21:50,666 INFO  client.GrpcClientProtocolClient (GrpcClientProtocolClient.java:onNext(255)) - client-DE0880F50CF2->72f5ceaa-5b3b-4bc7-b846-41895f4ebd48: receive RaftClientReply:client-DE0880F50CF2->72f5ceaa-5b3b-4bc7-b846-41895f4ebd48@group-833AA35A7EDE, cid=3650, SUCCESS, logIndex=5500, commits[72f5ceaa-5b3b-4bc7-b846-41895f4ebd48:c5500, b4e1f7d4-4bb4-47ed-a9cb-53483a899fb2:c5496, d3916bce-b37b-4246-83c6-d24846ba1a72:c5495]
2019-07-08 14:21:50,667 INFO  client.GrpcClientProtocolClient (GrpcClientProtocolClient.java:onNext(255)) - client-DE0880F50CF2->72f5ceaa-5b3b-4bc7-b846-41895f4ebd48: receive RaftClientReply:client-DE0880F50CF2->72f5ceaa-5b3b-4bc7-b846-41895f4ebd48@group-833AA35A7EDE, cid=3651, SUCCESS, logIndex=0, commits[72f5ceaa-5b3b-4bc7-b846-41895f4ebd48:c5501, b4e1f7d4-4bb4-47ed-a9cb-53483a899fb2:c5499, d3916bce-b37b-4246-83c6-d24846ba1a72:c5496]
2019-07-08 14:21:50,681 INFO  client.GrpcClientProtocolClient (GrpcClientProtocolClient.java:onNext(255)) - client-DE0880F50CF2->72f5ceaa-5b3b-4bc7-b846-41895f4ebd48: receive RaftClientReply:client-DE0880F50CF2->72f5ceaa-5b3b-4bc7-b846-41895f4ebd48@group-833AA35A7EDE, cid=3652, SUCCESS, logIndex=0, commits[72f5ceaa-5b3b-4bc7-b846-41895f4ebd48:c5502, b4e1f7d4-4bb4-47ed-a9cb-53483a899fb2:c5500, d3916bce-b37b-4246-83c6-d24846ba1a72:c5500]
2019-07-08 14:21:50,854 INFO  client.GrpcClientProtocolClient (GrpcClientProtocolClient.java:onNext(255)) - client-DE0880F50CF2->72f5ceaa-5b3b-4bc7-b846-41895f4ebd48: receive RaftClientReply:client-DE0880F50CF2->72f5ceaa-5b3b-4bc7-b846-41895f4ebd48@group-833AA35A7EDE, cid=3653, SUCCESS, logIndex=5503, commits[72f5ceaa-5b3b-4bc7-b846-41895f4ebd48:c5505, b4e1f7d4-4bb4-47ed-a9cb-53483a899fb2:c5502, d3916bce-b37b-4246-83c6-d24846ba1a72:c5502]
2019-07-08 14:21:50,855 INFO  client.GrpcClientProtocolClient (GrpcClientProtocolClient.java:onNext(255)) - client-DE0880F50CF2->72f5ceaa-5b3b-4bc7-b846-41895f4ebd48: receive RaftClientReply:client-DE0880F50CF2->72f5ceaa-5b3b-4bc7-b846-41895f4ebd48@group-833AA35A7EDE, cid=3654, SUCCESS, logIndex=5504, commits[72f5ceaa-5b3b-4bc7-b846-41895f4ebd48:c5506, b4e1f7d4-4bb4-47ed-a9cb-53483a899fb2:c5502, d3916bce-b37b-4246-83c6-d24846ba1a72:c5502]
2019-07-08 14:21:50,856 INFO  client.GrpcClientProtocolClient (GrpcClientProtocolClient.java:onNext(255)) - client-DE0880F50CF2->72f5ceaa-5b3b-4bc7-b846-41895f4ebd48: receive RaftClientReply:client-DE0880F50CF2->72f5ceaa-5b3b-4bc7-b846-41895f4ebd48@group-833AA35A7EDE, cid=3655, SUCCESS, logIndex=5505, commits[72f5ceaa-5b3b-4bc7-b846-41895f4ebd48:c5506, b4e1f7d4-4bb4-47ed-a9cb-53483a899fb2:c5502, d3916bce-b37b-4246-83c6-d24846ba1a72:c5502]
2019-07-08 14:21:50,856 INFO  client.GrpcClientProtocolClient (GrpcClientProtocolClient.java:onNext(255)) - client-DE0880F50CF2->72f5ceaa-5b3b-4bc7-b846-41895f4ebd48: receive RaftClientReply:client-DE0880F50CF2->72f5ceaa-5b3b-4bc7-b846-41895f4ebd48@group-833AA35A7EDE, cid=3656, SUCCESS, logIndex=5506, commits[72f5ceaa-5b3b-4bc7-b846-41895f4ebd48:c5509, b4e1f7d4-4bb4-47ed-a9cb-53483a899fb2:c5503, d3916bce-b37b-4246-83c6-d24846ba1a72:c5505]
2019-07-08 14:21:50,866 INFO  client.GrpcClientProtocolClient (GrpcClientProtocolClient.java:onNext(255)) - client-DE0880F50CF2->72f5ceaa-5b3b-4bc7-b846-41895f4ebd48: receive RaftClientReply:client-DE0880F50CF2->72f5ceaa-5b3b-4bc7-b846-41895f4ebd48@group-833AA35A7EDE, cid=3657, SUCCESS, logIndex=0, commits[72f5ceaa-5b3b-4bc7-b846-41895f4ebd48:c5509, b4e1f7d4-4bb4-47ed-a9cb-53483a899fb2:c5505, d3916bce-b37b-4246-83c6-d24846ba1a72:c5505]
2019-07-08 14:21:50,887 INFO  client.GrpcClientProtocolClient (GrpcClientProtocolClient.java:onNext(255)) - client-DE0880F50CF2->72f5ceaa-5b3b-4bc7-b846-41895f4ebd48: receive RaftClientReply:client-DE0880F50CF2->72f5ceaa-5b3b-4bc7-b846-41895f4ebd48@group-833AA35A7EDE, cid=3658, SUCCESS, logIndex=5511, commits[72f5ceaa-5b3b-4bc7-b846-41895f4ebd48:c5512, b4e1f7d4-4bb4-47ed-a9cb-53483a899fb2:c5510, d3916bce-b37b-4246-83c6-d24846ba1a72:c5510]
2019-07-08 14:21:50,888 INFO  client.GrpcClientProtocolClient (GrpcClientProtocolClient.java:onNext(255)) - client-DE0880F50CF2->72f5ceaa-5b3b-4bc7-b846-41895f4ebd48: receive RaftClientReply:client-DE0880F50CF2->72f5ceaa-5b3b-4bc7-b846-41895f4ebd48@group-833AA35A7EDE, cid=3659, SUCCESS, logIndex=5512, commits[72f5ceaa-5b3b-4bc7-b846-41895f4ebd48:c5512, b4e1f7d4-4bb4-47ed-a9cb-53483a899fb2:c5510, d3916bce-b37b-4246-83c6-d24846ba1a72:c5510]
2019-07-08 14:21:50,902 INFO  client.GrpcClientProtocolClient (GrpcClientProtocolClient.java:onNext(255)) - client-DE0880F50CF2->72f5ceaa-5b3b-4bc7-b846-41895f4ebd48: receive RaftClientReply:client-DE0880F50CF2->72f5ceaa-5b3b-4bc7-b846-41895f4ebd48@group-833AA35A7EDE, cid=3660, SUCCESS, logIndex=5515, commits[72f5ceaa-5b3b-4bc7-b846-41895f4ebd48:c5516, b4e1f7d4-4bb4-47ed-a9cb-53483a899fb2:c5512, d3916bce-b37b-4246-83c6-d24846ba1a72:c5512]
2019-07-08 14:21:50,903 INFO  client.GrpcClientProtocolClient (GrpcClientProtocolClient.java:onNext(255)) - client-DE0880F50CF2->72f5ceaa-5b3b-4bc7-b846-41895f4ebd48: receive RaftClientReply:client-DE0880F50CF2->72f5ceaa-5b3b-4bc7-b846-41895f4ebd48@group-833AA35A7EDE, cid=3661, SUCCESS, logIndex=5516, commits[72f5ceaa-5b3b-4bc7-b846-41895f4ebd48:c5516, b4e1f7d4-4bb4-47ed-a9cb-53483a899fb2:c5512, d3916bce-b37b-4246-83c6-d24846ba1a72:c5512]
2019-07-08 14:21:50,917 INFO  client.GrpcClientProtocolClient (GrpcClientProtocolClient.java:onNext(255)) - client-DE0880F50CF2->72f5ceaa-5b3b-4bc7-b846-41895f4ebd48: receive RaftClientReply:client-DE0880F50CF2->72f5ceaa-5b3b-4bc7-b846-41895f4ebd48@group-833AA35A7EDE, cid=3662, SUCCESS, logIndex=0, commits[72f5ceaa-5b3b-4bc7-b846-41895f4ebd48:c5518, b4e1f7d4-4bb4-47ed-a9cb-53483a899fb2:c5516, d3916bce-b37b-4246-83c6-d24846ba1a72:c5516]
2019-07-08 14:21:50,949 INFO  client.GrpcClientProtocolClient (GrpcClientProtocolClient.java:onNext(255)) - client-DE0880F50CF2->72f5ceaa-5b3b-4bc7-b846-41895f4ebd48: receive RaftClientReply:client-DE0880F50CF2->72f5ceaa-5b3b-4bc7-b846-41895f4ebd48@group-833AA35A7EDE, cid=3663, SUCCESS, logIndex=5519, commits[72f5ceaa-5b3b-4bc7-b846-41895f4ebd48:c5520, b4e1f7d4-4bb4-47ed-a9cb-53483a899fb2:c5518, d3916bce-b37b-4246-83c6-d24846ba1a72:c5518]
2019-07-08 14:21:50,950 INFO  client.GrpcClientProtocolClient (GrpcClientProtocolClient.java:onNext(255)) - client-DE0880F50CF2->72f5ceaa-5b3b-4bc7-b846-41895f4ebd48: receive RaftClientReply:client-DE0880F50CF2->72f5ceaa-5b3b-4bc7-b846-41895f4ebd48@group-833AA35A7EDE, cid=3664, SUCCESS, logIndex=5520, commits[72f5ceaa-5b3b-4bc7-b846-41895f4ebd48:c5521, b4e1f7d4-4bb4-47ed-a9cb-53483a899fb2:c5518, d3916bce-b37b-4246-83c6-d24846ba1a72:c5518]
2019-07-08 14:21:50,950 INFO  client.GrpcClientProtocolClient (GrpcClientProtocolClient.java:onNext(255)) - client-DE0880F50CF2->72f5ceaa-5b3b-4bc7-b846-41895f4ebd48: receive RaftClientReply:client-DE0880F50CF2->72f5ceaa-5b3b-4bc7-b846-41895f4ebd48@group-833AA35A7EDE, cid=3665, SUCCESS, logIndex=5521, commits[72f5ceaa-5b3b-4bc7-b846-41895f4ebd48:c5522, b4e1f7d4-4bb4-47ed-a9cb-53483a899fb2:c5518, d3916bce-b37b-4246-83c6-d24846ba1a72:c5518]
2019-07-08 14:21:50,950 INFO  client.GrpcClientProtocolClient (GrpcClientProtocolClient.java:onNext(255)) - client-DE0880F50CF2->72f5ceaa-5b3b-4bc7-b846-41895f4ebd48: receive RaftClientReply:client-DE0880F50CF2->72f5ceaa-5b3b-4bc7-b846-41895f4ebd48@group-833AA35A7EDE, cid=3666, SUCCESS, logIndex=5522, commits[72f5ceaa-5b3b-4bc7-b846-41895f4ebd48:c5522, b4e1f7d4-4bb4-47ed-a9cb-53483a899fb2:c5518, d3916bce-b37b-4246-83c6-d24846ba1a72:c5518]
2019-07-08 14:21:50,963 INFO  client.GrpcClientProtocolClient (GrpcClientProtocolClient.java:onNext(255)) - client-DE0880F50CF2->72f5ceaa-5b3b-4bc7-b846-41895f4ebd48: receive RaftClientReply:client-DE0880F50CF2->72f5ceaa-5b3b-4bc7-b846-41895f4ebd48@group-833AA35A7EDE, cid=3667, SUCCESS, logIndex=0, commits[72f5ceaa-5b3b-4bc7-b846-41895f4ebd48:c5524, b4e1f7d4-4bb4-47ed-a9cb-53483a899fb2:c5520, d3916bce-b37b-4246-83c6-d24846ba1a72:c5520]
 0.00% |█                                                                                                    |  0/1 Time: 0:00:452019-07-08 14:21:50,988 INFO  client.GrpcClientProtocolClient (GrpcClientProtocolClient.java:onNext(255)) - client-DE0880F50CF2->72f5ceaa-5b3b-4bc7-b846-41895f4ebd48: receive RaftClientReply:client-DE0880F50CF2->72f5ceaa-5b3b-4bc7-b846-41895f4ebd48@group-833AA35A7EDE, cid=3668, SUCCESS, logIndex=5527, commits[72f5ceaa-5b3b-4bc7-b846-41895f4ebd48:c5528, b4e1f7d4-4bb4-47ed-a9cb-53483a899fb2:c5526, d3916bce-b37b-4246-83c6-d24846ba1a72:c5526]
2019-07-08 14:21:50,989 INFO  client.GrpcClientProtocolClient (GrpcClientProtocolClient.java:onNext(255)) - client-DE0880F50CF2->72f5ceaa-5b3b-4bc7-b846-41895f4ebd48: receive RaftClientReply:client-DE0880F50CF2->72f5ceaa-5b3b-4bc7-b846-41895f4ebd48@group-833AA35A7EDE, cid=3669, SUCCESS, logIndex=5528, commits[72f5ceaa-5b3b-4bc7-b846-41895f4ebd48:c5528, b4e1f7d4-4bb4-47ed-a9cb-53483a899fb2:c5526, d3916bce-b37b-4246-83c6-d24846ba1a72:c5526]
2019-07-08 14:21:51,002 INFO  client.GrpcClientProtocolClient (GrpcClientProtocolClient.java:onNext(255)) - client-DE0880F50CF2->72f5ceaa-5b3b-4bc7-b846-41895f4ebd48: receive RaftClientReply:client-DE0880F50CF2->72f5ceaa-5b3b-4bc7-b846-41895f4ebd48@group-833AA35A7EDE, cid=3670, SUCCESS, logIndex=5531, commits[72f5ceaa-5b3b-4bc7-b846-41895f4ebd48:c5532, b4e1f7d4-4bb4-47ed-a9cb-53483a899fb2:c5528, d3916bce-b37b-4246-83c6-d24846ba1a72:c5527]
2019-07-08 14:21:51,002 INFO  client.GrpcClientProtocolClient (GrpcClientProtocolClient.java:onNext(255)) - client-DE0880F50CF2->72f5ceaa-5b3b-4bc7-b846-41895f4ebd48: receive RaftClientReply:client-DE0880F50CF2->72f5ceaa-5b3b-4bc7-b846-41895f4ebd48@group-833AA35A7EDE, cid=3671, SUCCESS, logIndex=5532, commits[72f5ceaa-5b3b-4bc7-b846-41895f4ebd48:c5532, b4e1f7d4-4bb4-47ed-a9cb-53483a899fb2:c5528, d3916bce-b37b-4246-83c6-d24846ba1a72:c5528]
2019-07-08 14:21:51,004 INFO  client.GrpcClientProtocolClient (GrpcClientProtocolClient.java:onNext(255)) - client-DE0880F50CF2->72f5ceaa-5b3b-4bc7-b846-41895f4ebd48: receive RaftClientReply:client-DE0880F50CF2->72f5ceaa-5b3b-4bc7-b846-41895f4ebd48@group-833AA35A7EDE, cid=3672, SUCCESS, logIndex=0, commits[72f5ceaa-5b3b-4bc7-b846-41895f4ebd48:c5533, b4e1f7d4-4bb4-47ed-a9cb-53483a899fb2:c5532, d3916bce-b37b-4246-83c6-d24846ba1a72:c5532]
2019-07-08 14:21:51,038 INFO  client.GrpcClientProtocolClient (GrpcClientProtocolClient.java:onNext(255)) - client-DE0880F50CF2->72f5ceaa-5b3b-4bc7-b846-41895f4ebd48: receive RaftClientReply:client-DE0880F50CF2->72f5ceaa-5b3b-4bc7-b846-41895f4ebd48@group-833AA35A7EDE, cid=3673, SUCCESS, logIndex=5535, commits[72f5ceaa-5b3b-4bc7-b846-41895f4ebd48:c5536, b4e1f7d4-4bb4-47ed-a9cb-53483a899fb2:c5534, d3916bce-b37b-4246-83c6-d24846ba1a72:c5534]
2019-07-08 14:21:51,039 INFO  client.GrpcClientProtocolClient (GrpcClientProtocolClient.java:onNext(255)) - client-DE0880F50CF2->72f5ceaa-5b3b-4bc7-b846-41895f4ebd48: receive RaftClientReply:client-DE0880F50CF2->72f5ceaa-5b3b-4bc7-b846-41895f4ebd48@group-833AA35A7EDE, cid=3674, SUCCESS, logIndex=5536, commits[72f5ceaa-5b3b-4bc7-b846-41895f4ebd48:c5537, b4e1f7d4-4bb4-47ed-a9cb-53483a899fb2:c5534, d3916bce-b37b-4246-83c6-d24846ba1a72:c5534]
2019-07-08 14:21:51,039 INFO  client.GrpcClientProtocolClient (GrpcClientProtocolClient.java:onNext(255)) - client-DE0880F50CF2->72f5ceaa-5b3b-4bc7-b846-41895f4ebd48: receive RaftClientReply:client-DE0880F50CF2->72f5ceaa-5b3b-4bc7-b846-41895f4ebd48@group-833AA35A7EDE, cid=3675, SUCCESS, logIndex=5537, commits[72f5ceaa-5b3b-4bc7-b846-41895f4ebd48:c5538, b4e1f7d4-4bb4-47ed-a9cb-53483a899fb2:c5534, d3916bce-b37b-4246-83c6-d24846ba1a72:c5534]
2019-07-08 14:21:51,039 INFO  client.GrpcClientProtocolClient (GrpcClientProtocolClient.java:onNext(255)) - client-DE0880F50CF2->72f5ceaa-5b3b-4bc7-b846-41895f4ebd48: receive RaftClientReply:client-DE0880F50CF2->72f5ceaa-5b3b-4bc7-b846-41895f4ebd48@group-833AA35A7EDE, cid=3676, SUCCESS, logIndex=5538, commits[72f5ceaa-5b3b-4bc7-b846-41895f4ebd48:c5538, b4e1f7d4-4bb4-47ed-a9cb-53483a899fb2:c5534, d3916bce-b37b-4246-83c6-d24846ba1a72:c5534]
2019-07-08 14:21:51,052 INFO  client.GrpcClientProtocolClient (GrpcClientProtocolClient.java:onNext(255)) - client-DE0880F50CF2->72f5ceaa-5b3b-4bc7-b846-41895f4ebd48: receive RaftClientReply:client-DE0880F50CF2->72f5ceaa-5b3b-4bc7-b846-41895f4ebd48@group-833AA35A7EDE, cid=3677, SUCCESS, logIndex=0, commits[72f5ceaa-5b3b-4bc7-b846-41895f4ebd48:c5540, b4e1f7d4-4bb4-47ed-a9cb-53483a899fb2:c5536, d3916bce-b37b-4246-83c6-d24846ba1a72:c5536]
2019-07-08 14:21:51,073 INFO  client.GrpcClientProtocolClient (GrpcClientProtocolClient.java:onNext(255)) - client-DE0880F50CF2->72f5ceaa-5b3b-4bc7-b846-41895f4ebd48: receive RaftClientReply:client-DE0880F50CF2->72f5ceaa-5b3b-4bc7-b846-41895f4ebd48@group-833AA35A7EDE, cid=3678, SUCCESS, logIndex=5543, commits[72f5ceaa-5b3b-4bc7-b846-41895f4ebd48:c5543, b4e1f7d4-4bb4-47ed-a9cb-53483a899fb2:c5542, d3916bce-b37b-4246-83c6-d24846ba1a72:c5542]
2019-07-08 14:21:51,074 INFO  client.GrpcClientProtocolClient (GrpcClientProtocolClient.java:onNext(255)) - client-DE0880F50CF2->72f5ceaa-5b3b-4bc7-b846-41895f4ebd48: receive RaftClientReply:client-DE0880F50CF2->72f5ceaa-5b3b-4bc7-b846-41895f4ebd48@group-833AA35A7EDE, cid=3679, SUCCESS, logIndex=5544, commits[72f5ceaa-5b3b-4bc7-b846-41895f4ebd48:c5544, b4e1f7d4-4bb4-47ed-a9cb-53483a899fb2:c5542, d3916bce-b37b-4246-83c6-d24846ba1a72:c5542]
2019-07-08 14:21:51,086 INFO  client.GrpcClientProtocolClient (GrpcClientProtocolClient.java:onNext(255)) - client-DE0880F50CF2->72f5ceaa-5b3b-4bc7-b846-41895f4ebd48: receive RaftClientReply:client-DE0880F50CF2->72f5ceaa-5b3b-4bc7-b846-41895f4ebd48@group-833AA35A7EDE, cid=3680, SUCCESS, logIndex=5547, commits[72f5ceaa-5b3b-4bc7-b846-41895f4ebd48:c5547, b4e1f7d4-4bb4-47ed-a9cb-53483a899fb2:c5543, d3916bce-b37b-4246-83c6-d24846ba1a72:c5544]
2019-07-08 14:21:51,086 INFO  client.GrpcClientProtocolClient (GrpcClientProtocolClient.java:onNext(255)) - client-DE0880F50CF2->72f5ceaa-5b3b-4bc7-b846-41895f4ebd48: receive RaftClientReply:client-DE0880F50CF2->72f5ceaa-5b3b-4bc7-b846-41895f4ebd48@group-833AA35A7EDE, cid=3681, SUCCESS, logIndex=5548, commits[72f5ceaa-5b3b-4bc7-b846-41895f4ebd48:c5548, b4e1f7d4-4bb4-47ed-a9cb-53483a899fb2:c5543, d3916bce-b37b-4246-83c6-d24846ba1a72:c5544]
2019-07-08 14:21:51,088 INFO  client.GrpcClientProtocolClient (GrpcClientProtocolClient.java:onNext(255)) - client-DE0880F50CF2->72f5ceaa-5b3b-4bc7-b846-41895f4ebd48: receive RaftClientReply:client-DE0880F50CF2->72f5ceaa-5b3b-4bc7-b846-41895f4ebd48@group-833AA35A7EDE, cid=3682, SUCCESS, logIndex=0, commits[72f5ceaa-5b3b-4bc7-b846-41895f4ebd48:c5548, b4e1f7d4-4bb4-47ed-a9cb-53483a899fb2:c5544, d3916bce-b37b-4246-83c6-d24846ba1a72:c5544]
2019-07-08 14:21:51,100 INFO  client.GrpcClientProtocolClient (GrpcClientProtocolClient.java:onNext(255)) - client-DE0880F50CF2->72f5ceaa-5b3b-4bc7-b846-41895f4ebd48: receive RaftClientReply:client-DE0880F50CF2->72f5ceaa-5b3b-4bc7-b846-41895f4ebd48@group-833AA35A7EDE, cid=3683, SUCCESS, logIndex=0, commits[72f5ceaa-5b3b-4bc7-b846-41895f4ebd48:c5550, b4e1f7d4-4bb4-47ed-a9cb-53483a899fb2:c5548, d3916bce-b37b-4246-83c6-d24846ba1a72:c5548]
2019-07-08 14:21:51,133 INFO  client.GrpcClientProtocolClient (GrpcClientProtocolClient.java:onNext(255)) - client-DE0880F50CF2->72f5ceaa-5b3b-4bc7-b846-41895f4ebd48: receive RaftClientReply:client-DE0880F50CF2->72f5ceaa-5b3b-4bc7-b846-41895f4ebd48@group-833AA35A7EDE, cid=3684, SUCCESS, logIndex=5551, commits[72f5ceaa-5b3b-4bc7-b846-41895f4ebd48:c5552, b4e1f7d4-4bb4-47ed-a9cb-53483a899fb2:c5550, d3916bce-b37b-4246-83c6-d24846ba1a72:c5550]
2019-07-08 14:21:51,134 INFO  client.GrpcClientProtocolClient (GrpcClientProtocolClient.java:onNext(255)) - client-DE0880F50CF2->72f5ceaa-5b3b-4bc7-b846-41895f4ebd48: receive RaftClientReply:client-DE0880F50CF2->72f5ceaa-5b3b-4bc7-b846-41895f4ebd48@group-833AA35A7EDE, cid=3685, SUCCESS, logIndex=5552, commits[72f5ceaa-5b3b-4bc7-b846-41895f4ebd48:c5552, b4e1f7d4-4bb4-47ed-a9cb-53483a899fb2:c5550, d3916bce-b37b-4246-83c6-d24846ba1a72:c5550]
2019-07-08 14:21:51,143 INFO  client.GrpcClientProtocolClient (GrpcClientProtocolClient.java:onNext(255)) - client-DE0880F50CF2->72f5ceaa-5b3b-4bc7-b846-41895f4ebd48: receive RaftClientReply:client-DE0880F50CF2->72f5ceaa-5b3b-4bc7-b846-41895f4ebd48@group-833AA35A7EDE, cid=3686, SUCCESS, logIndex=5553, commits[72f5ceaa-5b3b-4bc7-b846-41895f4ebd48:c5554, b4e1f7d4-4bb4-47ed-a9cb-53483a899fb2:c5550, d3916bce-b37b-4246-83c6-d24846ba1a72:c5550]
2019-07-08 14:21:51,144 INFO  client.GrpcClientProtocolClient (GrpcClientProtocolClient.java:onNext(255)) - client-DE0880F50CF2->72f5ceaa-5b3b-4bc7-b846-41895f4ebd48: receive RaftClientReply:client-DE0880F50CF2->72f5ceaa-5b3b-4bc7-b846-41895f4ebd48@group-833AA35A7EDE, cid=3687, SUCCESS, logIndex=5554, commits[72f5ceaa-5b3b-4bc7-b846-41895f4ebd48:c5554, b4e1f7d4-4bb4-47ed-a9cb-53483a899fb2:c5550, d3916bce-b37b-4246-83c6-d24846ba1a72:c5550]
2019-07-08 14:21:51,145 INFO  client.GrpcClientProtocolClient (GrpcClientProtocolClient.java:onNext(255)) - client-DE0880F50CF2->72f5ceaa-5b3b-4bc7-b846-41895f4ebd48: receive RaftClientReply:client-DE0880F50CF2->72f5ceaa-5b3b-4bc7-b846-41895f4ebd48@group-833AA35A7EDE, cid=3688, SUCCESS, logIndex=0, commits[72f5ceaa-5b3b-4bc7-b846-41895f4ebd48:c5557, b4e1f7d4-4bb4-47ed-a9cb-53483a899fb2:c5552, d3916bce-b37b-4246-83c6-d24846ba1a72:c5552]
2019-07-08 14:21:51,165 INFO  client.GrpcClientProtocolClient (GrpcClientProtocolClient.java:onNext(255)) - client-DE0880F50CF2->72f5ceaa-5b3b-4bc7-b846-41895f4ebd48: receive RaftClientReply:client-DE0880F50CF2->72f5ceaa-5b3b-4bc7-b846-41895f4ebd48@group-833AA35A7EDE, cid=3689, SUCCESS, logIndex=5559, commits[72f5ceaa-5b3b-4bc7-b846-41895f4ebd48:c5560, b4e1f7d4-4bb4-47ed-a9cb-53483a899fb2:c5558, d3916bce-b37b-4246-83c6-d24846ba1a72:c5558]
2019-07-08 14:21:51,165 INFO  client.GrpcClientProtocolClient (GrpcClientProtocolClient.java:onNext(255)) - client-DE0880F50CF2->72f5ceaa-5b3b-4bc7-b846-41895f4ebd48: receive RaftClientReply:client-DE0880F50CF2->72f5ceaa-5b3b-4bc7-b846-41895f4ebd48@group-833AA35A7EDE, cid=3690, SUCCESS, logIndex=5560, commits[72f5ceaa-5b3b-4bc7-b846-41895f4ebd48:c5560, b4e1f7d4-4bb4-47ed-a9cb-53483a899fb2:c5558, d3916bce-b37b-4246-83c6-d24846ba1a72:c5558]
2019-07-08 14:21:51,190 INFO  client.GrpcClientProtocolClient (GrpcClientProtocolClient.java:onNext(255)) - client-DE0880F50CF2->72f5ceaa-5b3b-4bc7-b846-41895f4ebd48: receive RaftClientReply:client-DE0880F50CF2->72f5ceaa-5b3b-4bc7-b846-41895f4ebd48@group-833AA35A7EDE, cid=3691, SUCCESS, logIndex=5563, commits[72f5ceaa-5b3b-4bc7-b846-41895f4ebd48:c5564, b4e1f7d4-4bb4-47ed-a9cb-53483a899fb2:c5560, d3916bce-b37b-4246-83c6-d24846ba1a72:c5560]
2019-07-08 14:21:51,191 INFO  client.GrpcClientProtocolClient (GrpcClientProtocolClient.java:onNext(255)) - client-DE0880F50CF2->72f5ceaa-5b3b-4bc7-b846-41895f4ebd48: receive RaftClientReply:client-DE0880F50CF2->72f5ceaa-5b3b-4bc7-b846-41895f4ebd48@group-833AA35A7EDE, cid=3692, SUCCESS, logIndex=5564, commits[72f5ceaa-5b3b-4bc7-b846-41895f4ebd48:c5564, b4e1f7d4-4bb4-47ed-a9cb-53483a899fb2:c5560, d3916bce-b37b-4246-83c6-d24846ba1a72:c5560]
2019-07-08 14:21:51,205 INFO  client.GrpcClientProtocolClient (GrpcClientProtocolClient.java:onNext(255)) - client-DE0880F50CF2->72f5ceaa-5b3b-4bc7-b846-41895f4ebd48: receive RaftClientReply:client-DE0880F50CF2->72f5ceaa-5b3b-4bc7-b846-41895f4ebd48@group-833AA35A7EDE, cid=3693, SUCCESS, logIndex=0, commits[72f5ceaa-5b3b-4bc7-b846-41895f4ebd48:c5566, b4e1f7d4-4bb4-47ed-a9cb-53483a899fb2:c5564, d3916bce-b37b-4246-83c6-d24846ba1a72:c5564]
2019-07-08 14:21:51,265 INFO  client.GrpcClientProtocolClient (GrpcClientProtocolClient.java:onNext(255)) - client-DE0880F50CF2->72f5ceaa-5b3b-4bc7-b846-41895f4ebd48: receive RaftClientReply:client-DE0880F50CF2->72f5ceaa-5b3b-4bc7-b846-41895f4ebd48@group-833AA35A7EDE, cid=3694, SUCCESS, logIndex=5567, commits[72f5ceaa-5b3b-4bc7-b846-41895f4ebd48:c5568, b4e1f7d4-4bb4-47ed-a9cb-53483a899fb2:c5566, d3916bce-b37b-4246-83c6-d24846ba1a72:c5566]
2019-07-08 14:21:51,265 INFO  client.GrpcClientProtocolClient (GrpcClientProtocolClient.java:onNext(255)) - client-DE0880F50CF2->72f5ceaa-5b3b-4bc7-b846-41895f4ebd48: receive RaftClientReply:client-DE0880F50CF2->72f5ceaa-5b3b-4bc7-b846-41895f4ebd48@group-833AA35A7EDE, cid=3695, SUCCESS, logIndex=5568, commits[72f5ceaa-5b3b-4bc7-b846-41895f4ebd48:c5570, b4e1f7d4-4bb4-47ed-a9cb-53483a899fb2:c5566, d3916bce-b37b-4246-83c6-d24846ba1a72:c5566]
2019-07-08 14:21:51,266 INFO  client.GrpcClientProtocolClient (GrpcClientProtocolClient.java:onNext(255)) - client-DE0880F50CF2->72f5ceaa-5b3b-4bc7-b846-41895f4ebd48: receive RaftClientReply:client-DE0880F50CF2->72f5ceaa-5b3b-4bc7-b846-41895f4ebd48@group-833AA35A7EDE, cid=3696, SUCCESS, logIndex=5569, commits[72f5ceaa-5b3b-4bc7-b846-41895f4ebd48:c5570, b4e1f7d4-4bb4-47ed-a9cb-53483a899fb2:c5566, d3916bce-b37b-4246-83c6-d24846ba1a72:c5566]
2019-07-08 14:21:51,266 INFO  client.GrpcClientProtocolClient (GrpcClientProtocolClient.java:onNext(255)) - client-DE0880F50CF2->72f5ceaa-5b3b-4bc7-b846-41895f4ebd48: receive RaftClientReply:client-DE0880F50CF2->72f5ceaa-5b3b-4bc7-b846-41895f4ebd48@group-833AA35A7EDE, cid=3697, SUCCESS, logIndex=5570, commits[72f5ceaa-5b3b-4bc7-b846-41895f4ebd48:c5570, b4e1f7d4-4bb4-47ed-a9cb-53483a899fb2:c5566, d3916bce-b37b-4246-83c6-d24846ba1a72:c5566]
2019-07-08 14:21:51,281 INFO  client.GrpcClientProtocolClient (GrpcClientProtocolClient.java:onNext(255)) - client-DE0880F50CF2->72f5ceaa-5b3b-4bc7-b846-41895f4ebd48: receive RaftClientReply:client-DE0880F50CF2->72f5ceaa-5b3b-4bc7-b846-41895f4ebd48@group-833AA35A7EDE, cid=3698, SUCCESS, logIndex=0, commits[72f5ceaa-5b3b-4bc7-b846-41895f4ebd48:c5572, b4e1f7d4-4bb4-47ed-a9cb-53483a899fb2:c5568, d3916bce-b37b-4246-83c6-d24846ba1a72:c5568]
2019-07-08 14:21:51,304 INFO  client.GrpcClientProtocolClient (GrpcClientProtocolClient.java:onNext(255)) - client-DE0880F50CF2->72f5ceaa-5b3b-4bc7-b846-41895f4ebd48: receive RaftClientReply:client-DE0880F50CF2->72f5ceaa-5b3b-4bc7-b846-41895f4ebd48@group-833AA35A7EDE, cid=3699, SUCCESS, logIndex=5574, commits[72f5ceaa-5b3b-4bc7-b846-41895f4ebd48:c5575, b4e1f7d4-4bb4-47ed-a9cb-53483a899fb2:c5573, d3916bce-b37b-4246-83c6-d24846ba1a72:c5573]
2019-07-08 14:21:51,305 INFO  client.GrpcClientProtocolClient (GrpcClientProtocolClient.java:onNext(255)) - client-DE0880F50CF2->72f5ceaa-5b3b-4bc7-b846-41895f4ebd48: receive RaftClientReply:client-DE0880F50CF2->72f5ceaa-5b3b-4bc7-b846-41895f4ebd48@group-833AA35A7EDE, cid=3700, SUCCESS, logIndex=5575, commits[72f5ceaa-5b3b-4bc7-b846-41895f4ebd48:c5575, b4e1f7d4-4bb4-47ed-a9cb-53483a899fb2:c5573, d3916bce-b37b-4246-83c6-d24846ba1a72:c5573]
2019-07-08 14:21:51,318 INFO  client.GrpcClientProtocolClient (GrpcClientProtocolClient.java:onNext(255)) - client-DE0880F50CF2->72f5ceaa-5b3b-4bc7-b846-41895f4ebd48: receive RaftClientReply:client-DE0880F50CF2->72f5ceaa-5b3b-4bc7-b846-41895f4ebd48@group-833AA35A7EDE, cid=3701, SUCCESS, logIndex=5578, commits[72f5ceaa-5b3b-4bc7-b846-41895f4ebd48:c5579, b4e1f7d4-4bb4-47ed-a9cb-53483a899fb2:c5575, d3916bce-b37b-4246-83c6-d24846ba1a72:c5575]
2019-07-08 14:21:51,319 INFO  client.GrpcClientProtocolClient (GrpcClientProtocolClient.java:onNext(255)) - client-DE0880F50CF2->72f5ceaa-5b3b-4bc7-b846-41895f4ebd48: receive RaftClientReply:client-DE0880F50CF2->72f5ceaa-5b3b-4bc7-b846-41895f4ebd48@group-833AA35A7EDE, cid=3702, SUCCESS, logIndex=5579, commits[72f5ceaa-5b3b-4bc7-b846-41895f4ebd48:c5579, b4e1f7d4-4bb4-47ed-a9cb-53483a899fb2:c5575, d3916bce-b37b-4246-83c6-d24846ba1a72:c5575]
2019-07-08 14:21:51,333 INFO  client.GrpcClientProtocolClient (GrpcClientProtocolClient.java:onNext(255)) - client-DE0880F50CF2->72f5ceaa-5b3b-4bc7-b846-41895f4ebd48: receive RaftClientReply:client-DE0880F50CF2->72f5ceaa-5b3b-4bc7-b846-41895f4ebd48@group-833AA35A7EDE, cid=3703, SUCCESS, logIndex=0, commits[72f5ceaa-5b3b-4bc7-b846-41895f4ebd48:c5581, b4e1f7d4-4bb4-47ed-a9cb-53483a899fb2:c5579, d3916bce-b37b-4246-83c6-d24846ba1a72:c5579]
2019-07-08 14:21:51,368 INFO  client.GrpcClientProtocolClient (GrpcClientProtocolClient.java:onNext(255)) - client-DE0880F50CF2->72f5ceaa-5b3b-4bc7-b846-41895f4ebd48: receive RaftClientReply:client-DE0880F50CF2->72f5ceaa-5b3b-4bc7-b846-41895f4ebd48@group-833AA35A7EDE, cid=3704, SUCCESS, logIndex=5582, commits[72f5ceaa-5b3b-4bc7-b846-41895f4ebd48:c5583, b4e1f7d4-4bb4-47ed-a9cb-53483a899fb2:c5581, d3916bce-b37b-4246-83c6-d24846ba1a72:c5581]
2019-07-08 14:21:51,368 INFO  client.GrpcClientProtocolClient (GrpcClientProtocolClient.java:onNext(255)) - client-DE0880F50CF2->72f5ceaa-5b3b-4bc7-b846-41895f4ebd48: receive RaftClientReply:client-DE0880F50CF2->72f5ceaa-5b3b-4bc7-b846-41895f4ebd48@group-833AA35A7EDE, cid=3705, SUCCESS, logIndex=5583, commits[72f5ceaa-5b3b-4bc7-b846-41895f4ebd48:c5585, b4e1f7d4-4bb4-47ed-a9cb-53483a899fb2:c5581, d3916bce-b37b-4246-83c6-d24846ba1a72:c5581]
2019-07-08 14:21:51,369 INFO  client.GrpcClientProtocolClient (GrpcClientProtocolClient.java:onNext(255)) - client-DE0880F50CF2->72f5ceaa-5b3b-4bc7-b846-41895f4ebd48: receive RaftClientReply:client-DE0880F50CF2->72f5ceaa-5b3b-4bc7-b846-41895f4ebd48@group-833AA35A7EDE, cid=3706, SUCCESS, logIndex=5584, commits[72f5ceaa-5b3b-4bc7-b846-41895f4ebd48:c5585, b4e1f7d4-4bb4-47ed-a9cb-53483a899fb2:c5581, d3916bce-b37b-4246-83c6-d24846ba1a72:c5581]
2019-07-08 14:21:51,369 INFO  client.GrpcClientProtocolClient (GrpcClientProtocolClient.java:onNext(255)) - client-DE0880F50CF2->72f5ceaa-5b3b-4bc7-b846-41895f4ebd48: receive RaftClientReply:client-DE0880F50CF2->72f5ceaa-5b3b-4bc7-b846-41895f4ebd48@group-833AA35A7EDE, cid=3707, SUCCESS, logIndex=5585, commits[72f5ceaa-5b3b-4bc7-b846-41895f4ebd48:c5585, b4e1f7d4-4bb4-47ed-a9cb-53483a899fb2:c5581, d3916bce-b37b-4246-83c6-d24846ba1a72:c5581]
2019-07-08 14:21:51,382 INFO  client.GrpcClientProtocolClient (GrpcClientProtocolClient.java:onNext(255)) - client-DE0880F50CF2->72f5ceaa-5b3b-4bc7-b846-41895f4ebd48: receive RaftClientReply:client-DE0880F50CF2->72f5ceaa-5b3b-4bc7-b846-41895f4ebd48@group-833AA35A7EDE, cid=3708, SUCCESS, logIndex=0, commits[72f5ceaa-5b3b-4bc7-b846-41895f4ebd48:c5587, b4e1f7d4-4bb4-47ed-a9cb-53483a899fb2:c5583, d3916bce-b37b-4246-83c6-d24846ba1a72:c5583]
2019-07-08 14:21:51,404 INFO  client.GrpcClientProtocolClient (GrpcClientProtocolClient.java:onNext(255)) - client-DE0880F50CF2->72f5ceaa-5b3b-4bc7-b846-41895f4ebd48: receive RaftClientReply:client-DE0880F50CF2->72f5ceaa-5b3b-4bc7-b846-41895f4ebd48@group-833AA35A7EDE, cid=3709, SUCCESS, logIndex=5590, commits[72f5ceaa-5b3b-4bc7-b846-41895f4ebd48:c5591, b4e1f7d4-4bb4-47ed-a9cb-53483a899fb2:c5589, d3916bce-b37b-4246-83c6-d24846ba1a72:c5589]
2019-07-08 14:21:51,404 INFO  client.GrpcClientProtocolClient (GrpcClientProtocolClient.java:onNext(255)) - client-DE0880F50CF2->72f5ceaa-5b3b-4bc7-b846-41895f4ebd48: receive RaftClientReply:client-DE0880F50CF2->72f5ceaa-5b3b-4bc7-b846-41895f4ebd48@group-833AA35A7EDE, cid=3710, SUCCESS, logIndex=5591, commits[72f5ceaa-5b3b-4bc7-b846-41895f4ebd48:c5591, b4e1f7d4-4bb4-47ed-a9cb-53483a899fb2:c5589, d3916bce-b37b-4246-83c6-d24846ba1a72:c5589]
2019-07-08 14:21:51,418 INFO  client.GrpcClientProtocolClient (GrpcClientProtocolClient.java:onNext(255)) - client-DE0880F50CF2->72f5ceaa-5b3b-4bc7-b846-41895f4ebd48: receive RaftClientReply:client-DE0880F50CF2->72f5ceaa-5b3b-4bc7-b846-41895f4ebd48@group-833AA35A7EDE, cid=3711, SUCCESS, logIndex=5594, commits[72f5ceaa-5b3b-4bc7-b846-41895f4ebd48:c5595, b4e1f7d4-4bb4-47ed-a9cb-53483a899fb2:c5591, d3916bce-b37b-4246-83c6-d24846ba1a72:c5591]
2019-07-08 14:21:51,418 INFO  client.GrpcClientProtocolClient (GrpcClientProtocolClient.java:onNext(255)) - client-DE0880F50CF2->72f5ceaa-5b3b-4bc7-b846-41895f4ebd48: receive RaftClientReply:client-DE0880F50CF2->72f5ceaa-5b3b-4bc7-b846-41895f4ebd48@group-833AA35A7EDE, cid=3712, SUCCESS, logIndex=5595, commits[72f5ceaa-5b3b-4bc7-b846-41895f4ebd48:c5595, b4e1f7d4-4bb4-47ed-a9cb-53483a899fb2:c5591, d3916bce-b37b-4246-83c6-d24846ba1a72:c5591]
2019-07-08 14:21:51,432 INFO  client.GrpcClientProtocolClient (GrpcClientProtocolClient.java:onNext(255)) - client-DE0880F50CF2->72f5ceaa-5b3b-4bc7-b846-41895f4ebd48: receive RaftClientReply:client-DE0880F50CF2->72f5ceaa-5b3b-4bc7-b846-41895f4ebd48@group-833AA35A7EDE, cid=3713, SUCCESS, logIndex=0, commits[72f5ceaa-5b3b-4bc7-b846-41895f4ebd48:c5597, b4e1f7d4-4bb4-47ed-a9cb-53483a899fb2:c5595, d3916bce-b37b-4246-83c6-d24846ba1a72:c5595]
2019-07-08 14:21:51,465 INFO  client.GrpcClientProtocolClient (GrpcClientProtocolClient.java:onNext(255)) - client-DE0880F50CF2->72f5ceaa-5b3b-4bc7-b846-41895f4ebd48: receive RaftClientReply:client-DE0880F50CF2->72f5ceaa-5b3b-4bc7-b846-41895f4ebd48@group-833AA35A7EDE, cid=3714, SUCCESS, logIndex=5598, commits[72f5ceaa-5b3b-4bc7-b846-41895f4ebd48:c5599, b4e1f7d4-4bb4-47ed-a9cb-53483a899fb2:c5597, d3916bce-b37b-4246-83c6-d24846ba1a72:c5597]
2019-07-08 14:21:51,466 INFO  client.GrpcClientProtocolClient (GrpcClientProtocolClient.java:onNext(255)) - client-DE0880F50CF2->72f5ceaa-5b3b-4bc7-b846-41895f4ebd48: receive RaftClientReply:client-DE0880F50CF2->72f5ceaa-5b3b-4bc7-b846-41895f4ebd48@group-833AA35A7EDE, cid=3715, SUCCESS, logIndex=5599, commits[72f5ceaa-5b3b-4bc7-b846-41895f4ebd48:c5599, b4e1f7d4-4bb4-47ed-a9cb-53483a899fb2:c5597, d3916bce-b37b-4246-83c6-d24846ba1a72:c5597]
2019-07-08 14:21:51,466 INFO  client.GrpcClientProtocolClient (GrpcClientProtocolClient.java:onNext(255)) - client-DE0880F50CF2->72f5ceaa-5b3b-4bc7-b846-41895f4ebd48: receive RaftClientReply:client-DE0880F50CF2->72f5ceaa-5b3b-4bc7-b846-41895f4ebd48@group-833AA35A7EDE, cid=3716, SUCCESS, logIndex=5600, commits[72f5ceaa-5b3b-4bc7-b846-41895f4ebd48:c5601, b4e1f7d4-4bb4-47ed-a9cb-53483a899fb2:c5597, d3916bce-b37b-4246-83c6-d24846ba1a72:c5597]
2019-07-08 14:21:51,466 INFO  client.GrpcClientProtocolClient (GrpcClientProtocolClient.java:onNext(255)) - client-DE0880F50CF2->72f5ceaa-5b3b-4bc7-b846-41895f4ebd48: receive RaftClientReply:client-DE0880F50CF2->72f5ceaa-5b3b-4bc7-b846-41895f4ebd48@group-833AA35A7EDE, cid=3717, SUCCESS, logIndex=5601, commits[72f5ceaa-5b3b-4bc7-b846-41895f4ebd48:c5601, b4e1f7d4-4bb4-47ed-a9cb-53483a899fb2:c5597, d3916bce-b37b-4246-83c6-d24846ba1a72:c5597]
2019-07-08 14:21:51,480 INFO  client.GrpcClientProtocolClient (GrpcClientProtocolClient.java:onNext(255)) - client-DE0880F50CF2->72f5ceaa-5b3b-4bc7-b846-41895f4ebd48: receive RaftClientReply:client-DE0880F50CF2->72f5ceaa-5b3b-4bc7-b846-41895f4ebd48@group-833AA35A7EDE, cid=3718, SUCCESS, logIndex=0, commits[72f5ceaa-5b3b-4bc7-b846-41895f4ebd48:c5603, b4e1f7d4-4bb4-47ed-a9cb-53483a899fb2:c5599, d3916bce-b37b-4246-83c6-d24846ba1a72:c5599]
2019-07-08 14:21:51,500 INFO  client.GrpcClientProtocolClient (GrpcClientProtocolClient.java:onNext(255)) - client-DE0880F50CF2->72f5ceaa-5b3b-4bc7-b846-41895f4ebd48: receive RaftClientReply:client-DE0880F50CF2->72f5ceaa-5b3b-4bc7-b846-41895f4ebd48@group-833AA35A7EDE, cid=3719, SUCCESS, logIndex=5606, commits[72f5ceaa-5b3b-4bc7-b846-41895f4ebd48:c5607, b4e1f7d4-4bb4-47ed-a9cb-53483a899fb2:c5605, d3916bce-b37b-4246-83c6-d24846ba1a72:c5605]
2019-07-08 14:21:51,501 INFO  client.GrpcClientProtocolClient (GrpcClientProtocolClient.java:onNext(255)) - client-DE0880F50CF2->72f5ceaa-5b3b-4bc7-b846-41895f4ebd48: receive RaftClientReply:client-DE0880F50CF2->72f5ceaa-5b3b-4bc7-b846-41895f4ebd48@group-833AA35A7EDE, cid=3720, SUCCESS, logIndex=5607, commits[72f5ceaa-5b3b-4bc7-b846-41895f4ebd48:c5607, b4e1f7d4-4bb4-47ed-a9cb-53483a899fb2:c5605, d3916bce-b37b-4246-83c6-d24846ba1a72:c5605]
2019-07-08 14:21:51,523 INFO  client.GrpcClientProtocolClient (GrpcClientProtocolClient.java:onNext(255)) - client-DE0880F50CF2->72f5ceaa-5b3b-4bc7-b846-41895f4ebd48: receive RaftClientReply:client-DE0880F50CF2->72f5ceaa-5b3b-4bc7-b846-41895f4ebd48@group-833AA35A7EDE, cid=3721, SUCCESS, logIndex=5610, commits[72f5ceaa-5b3b-4bc7-b846-41895f4ebd48:c5611, b4e1f7d4-4bb4-47ed-a9cb-53483a899fb2:c5607, d3916bce-b37b-4246-83c6-d24846ba1a72:c5607]
2019-07-08 14:21:51,524 INFO  client.GrpcClientProtocolClient (GrpcClientProtocolClient.java:onNext(255)) - client-DE0880F50CF2->72f5ceaa-5b3b-4bc7-b846-41895f4ebd48: receive RaftClientReply:client-DE0880F50CF2->72f5ceaa-5b3b-4bc7-b846-41895f4ebd48@group-833AA35A7EDE, cid=3722, SUCCESS, logIndex=5611, commits[72f5ceaa-5b3b-4bc7-b846-41895f4ebd48:c5611, b4e1f7d4-4bb4-47ed-a9cb-53483a899fb2:c5607, d3916bce-b37b-4246-83c6-d24846ba1a72:c5607]
2019-07-08 14:21:51,525 INFO  client.GrpcClientProtocolClient (GrpcClientProtocolClient.java:onNext(255)) - client-DE0880F50CF2->72f5ceaa-5b3b-4bc7-b846-41895f4ebd48: receive RaftClientReply:client-DE0880F50CF2->72f5ceaa-5b3b-4bc7-b846-41895f4ebd48@group-833AA35A7EDE, cid=3723, SUCCESS, logIndex=0, commits[72f5ceaa-5b3b-4bc7-b846-41895f4ebd48:c5612, b4e1f7d4-4bb4-47ed-a9cb-53483a899fb2:c5611, d3916bce-b37b-4246-83c6-d24846ba1a72:c5611]
2019-07-08 14:21:51,558 INFO  client.GrpcClientProtocolClient (GrpcClientProtocolClient.java:onNext(255)) - client-DE0880F50CF2->72f5ceaa-5b3b-4bc7-b846-41895f4ebd48: receive RaftClientReply:client-DE0880F50CF2->72f5ceaa-5b3b-4bc7-b846-41895f4ebd48@group-833AA35A7EDE, cid=3724, SUCCESS, logIndex=5614, commits[72f5ceaa-5b3b-4bc7-b846-41895f4ebd48:c5615, b4e1f7d4-4bb4-47ed-a9cb-53483a899fb2:c5613, d3916bce-b37b-4246-83c6-d24846ba1a72:c5613]
2019-07-08 14:21:51,559 INFO  client.GrpcClientProtocolClient (GrpcClientProtocolClient.java:onNext(255)) - client-DE0880F50CF2->72f5ceaa-5b3b-4bc7-b846-41895f4ebd48: receive RaftClientReply:client-DE0880F50CF2->72f5ceaa-5b3b-4bc7-b846-41895f4ebd48@group-833AA35A7EDE, cid=3725, SUCCESS, logIndex=5615, commits[72f5ceaa-5b3b-4bc7-b846-41895f4ebd48:c5617, b4e1f7d4-4bb4-47ed-a9cb-53483a899fb2:c5613, d3916bce-b37b-4246-83c6-d24846ba1a72:c5613]
2019-07-08 14:21:51,559 INFO  client.GrpcClientProtocolClient (GrpcClientProtocolClient.java:onNext(255)) - client-DE0880F50CF2->72f5ceaa-5b3b-4bc7-b846-41895f4ebd48: receive RaftClientReply:client-DE0880F50CF2->72f5ceaa-5b3b-4bc7-b846-41895f4ebd48@group-833AA35A7EDE, cid=3726, SUCCESS, logIndex=5616, commits[72f5ceaa-5b3b-4bc7-b846-41895f4ebd48:c5618, b4e1f7d4-4bb4-47ed-a9cb-53483a899fb2:c5614, d3916bce-b37b-4246-83c6-d24846ba1a72:c5613]
2019-07-08 14:21:51,560 INFO  client.GrpcClientProtocolClient (GrpcClientProtocolClient.java:onNext(255)) - client-DE0880F50CF2->72f5ceaa-5b3b-4bc7-b846-41895f4ebd48: receive RaftClientReply:client-DE0880F50CF2->72f5ceaa-5b3b-4bc7-b846-41895f4ebd48@group-833AA35A7EDE, cid=3727, SUCCESS, logIndex=5617, commits[72f5ceaa-5b3b-4bc7-b846-41895f4ebd48:c5618, b4e1f7d4-4bb4-47ed-a9cb-53483a899fb2:c5614, d3916bce-b37b-4246-83c6-d24846ba1a72:c5613]
2019-07-08 14:21:51,572 INFO  client.GrpcClientProtocolClient (GrpcClientProtocolClient.java:onNext(255)) - client-DE0880F50CF2->72f5ceaa-5b3b-4bc7-b846-41895f4ebd48: receive RaftClientReply:client-DE0880F50CF2->72f5ceaa-5b3b-4bc7-b846-41895f4ebd48@group-833AA35A7EDE, cid=3728, SUCCESS, logIndex=0, commits[72f5ceaa-5b3b-4bc7-b846-41895f4ebd48:c5619, b4e1f7d4-4bb4-47ed-a9cb-53483a899fb2:c5615, d3916bce-b37b-4246-83c6-d24846ba1a72:c5615]
2019-07-08 14:21:51,592 INFO  client.GrpcClientProtocolClient (GrpcClientProtocolClient.java:onNext(255)) - client-DE0880F50CF2->72f5ceaa-5b3b-4bc7-b846-41895f4ebd48: receive RaftClientReply:client-DE0880F50CF2->72f5ceaa-5b3b-4bc7-b846-41895f4ebd48@group-833AA35A7EDE, cid=3729, SUCCESS, logIndex=5621, commits[72f5ceaa-5b3b-4bc7-b846-41895f4ebd48:c5622, b4e1f7d4-4bb4-47ed-a9cb-53483a899fb2:c5620, d3916bce-b37b-4246-83c6-d24846ba1a72:c5620]
2019-07-08 14:21:51,592 INFO  client.GrpcClientProtocolClient (GrpcClientProtocolClient.java:onNext(255)) - client-DE0880F50CF2->72f5ceaa-5b3b-4bc7-b846-41895f4ebd48: receive RaftClientReply:client-DE0880F50CF2->72f5ceaa-5b3b-4bc7-b846-41895f4ebd48@group-833AA35A7EDE, cid=3730, SUCCESS, logIndex=5622, commits[72f5ceaa-5b3b-4bc7-b846-41895f4ebd48:c5622, b4e1f7d4-4bb4-47ed-a9cb-53483a899fb2:c5620, d3916bce-b37b-4246-83c6-d24846ba1a72:c5620]
2019-07-08 14:21:51,606 INFO  client.GrpcClientProtocolClient (GrpcClientProtocolClient.java:onNext(255)) - client-DE0880F50CF2->72f5ceaa-5b3b-4bc7-b846-41895f4ebd48: receive RaftClientReply:client-DE0880F50CF2->72f5ceaa-5b3b-4bc7-b846-41895f4ebd48@group-833AA35A7EDE, cid=3731, SUCCESS, logIndex=5625, commits[72f5ceaa-5b3b-4bc7-b846-41895f4ebd48:c5626, b4e1f7d4-4bb4-47ed-a9cb-53483a899fb2:c5622, d3916bce-b37b-4246-83c6-d24846ba1a72:c5622]
2019-07-08 14:21:51,607 INFO  client.GrpcClientProtocolClient (GrpcClientProtocolClient.java:onNext(255)) - client-DE0880F50CF2->72f5ceaa-5b3b-4bc7-b846-41895f4ebd48: receive RaftClientReply:client-DE0880F50CF2->72f5ceaa-5b3b-4bc7-b846-41895f4ebd48@group-833AA35A7EDE, cid=3732, SUCCESS, logIndex=5626, commits[72f5ceaa-5b3b-4bc7-b846-41895f4ebd48:c5626, b4e1f7d4-4bb4-47ed-a9cb-53483a899fb2:c5622, d3916bce-b37b-4246-83c6-d24846ba1a72:c5622]
2019-07-08 14:21:51,620 INFO  client.GrpcClientProtocolClient (GrpcClientProtocolClient.java:onNext(255)) - client-DE0880F50CF2->72f5ceaa-5b3b-4bc7-b846-41895f4ebd48: receive RaftClientReply:client-DE0880F50CF2->72f5ceaa-5b3b-4bc7-b846-41895f4ebd48@group-833AA35A7EDE, cid=3733, SUCCESS, logIndex=0, commits[72f5ceaa-5b3b-4bc7-b846-41895f4ebd48:c5628, b4e1f7d4-4bb4-47ed-a9cb-53483a899fb2:c5626, d3916bce-b37b-4246-83c6-d24846ba1a72:c5626]
2019-07-08 14:21:51,649 INFO  client.GrpcClientProtocolClient (GrpcClientProtocolClient.java:onNext(255)) - client-DE0880F50CF2->72f5ceaa-5b3b-4bc7-b846-41895f4ebd48: receive RaftClientReply:client-DE0880F50CF2->72f5ceaa-5b3b-4bc7-b846-41895f4ebd48@group-833AA35A7EDE, cid=3734, SUCCESS, logIndex=5629, commits[72f5ceaa-5b3b-4bc7-b846-41895f4ebd48:c5631, b4e1f7d4-4bb4-47ed-a9cb-53483a899fb2:c5628, d3916bce-b37b-4246-83c6-d24846ba1a72:c5628]
2019-07-08 14:21:51,650 INFO  client.GrpcClientProtocolClient (GrpcClientProtocolClient.java:onNext(255)) - client-DE0880F50CF2->72f5ceaa-5b3b-4bc7-b846-41895f4ebd48: receive RaftClientReply:client-DE0880F50CF2->72f5ceaa-5b3b-4bc7-b846-41895f4ebd48@group-833AA35A7EDE, cid=3735, SUCCESS, logIndex=5630, commits[72f5ceaa-5b3b-4bc7-b846-41895f4ebd48:c5632, b4e1f7d4-4bb4-47ed-a9cb-53483a899fb2:c5628, d3916bce-b37b-4246-83c6-d24846ba1a72:c5628]
2019-07-08 14:21:51,650 INFO  client.GrpcClientProtocolClient (GrpcClientProtocolClient.java:onNext(255)) - client-DE0880F50CF2->72f5ceaa-5b3b-4bc7-b846-41895f4ebd48: receive RaftClientReply:client-DE0880F50CF2->72f5ceaa-5b3b-4bc7-b846-41895f4ebd48@group-833AA35A7EDE, cid=3736, SUCCESS, logIndex=5631, commits[72f5ceaa-5b3b-4bc7-b846-41895f4ebd48:c5632, b4e1f7d4-4bb4-47ed-a9cb-53483a899fb2:c5628, d3916bce-b37b-4246-83c6-d24846ba1a72:c5628]
2019-07-08 14:21:51,650 INFO  client.GrpcClientProtocolClient (GrpcClientProtocolClient.java:onNext(255)) - client-DE0880F50CF2->72f5ceaa-5b3b-4bc7-b846-41895f4ebd48: receive RaftClientReply:client-DE0880F50CF2->72f5ceaa-5b3b-4bc7-b846-41895f4ebd48@group-833AA35A7EDE, cid=3737, SUCCESS, logIndex=5632, commits[72f5ceaa-5b3b-4bc7-b846-41895f4ebd48:c5632, b4e1f7d4-4bb4-47ed-a9cb-53483a899fb2:c5628, d3916bce-b37b-4246-83c6-d24846ba1a72:c5628]
2019-07-08 14:21:51,664 INFO  client.GrpcClientProtocolClient (GrpcClientProtocolClient.java:onNext(255)) - client-DE0880F50CF2->72f5ceaa-5b3b-4bc7-b846-41895f4ebd48: receive RaftClientReply:client-DE0880F50CF2->72f5ceaa-5b3b-4bc7-b846-41895f4ebd48@group-833AA35A7EDE, cid=3738, SUCCESS, logIndex=0, commits[72f5ceaa-5b3b-4bc7-b846-41895f4ebd48:c5635, b4e1f7d4-4bb4-47ed-a9cb-53483a899fb2:c5630, d3916bce-b37b-4246-83c6-d24846ba1a72:c5631]
2019-07-08 14:21:51,682 INFO  client.GrpcClientProtocolClient (GrpcClientProtocolClient.java:onNext(255)) - client-DE0880F50CF2->72f5ceaa-5b3b-4bc7-b846-41895f4ebd48: receive RaftClientReply:client-DE0880F50CF2->72f5ceaa-5b3b-4bc7-b846-41895f4ebd48@group-833AA35A7EDE, cid=3739, SUCCESS, logIndex=5637, commits[72f5ceaa-5b3b-4bc7-b846-41895f4ebd48:c5638, b4e1f7d4-4bb4-47ed-a9cb-53483a899fb2:c5636, d3916bce-b37b-4246-83c6-d24846ba1a72:c5636]
2019-07-08 14:21:51,682 INFO  client.GrpcClientProtocolClient (GrpcClientProtocolClient.java:onNext(255)) - client-DE0880F50CF2->72f5ceaa-5b3b-4bc7-b846-41895f4ebd48: receive RaftClientReply:client-DE0880F50CF2->72f5ceaa-5b3b-4bc7-b846-41895f4ebd48@group-833AA35A7EDE, cid=3740, SUCCESS, logIndex=5638, commits[72f5ceaa-5b3b-4bc7-b846-41895f4ebd48:c5638, b4e1f7d4-4bb4-47ed-a9cb-53483a899fb2:c5636, d3916bce-b37b-4246-83c6-d24846ba1a72:c5636]
2019-07-08 14:21:51,697 INFO  client.GrpcClientProtocolClient (GrpcClientProtocolClient.java:onNext(255)) - client-DE0880F50CF2->72f5ceaa-5b3b-4bc7-b846-41895f4ebd48: receive RaftClientReply:client-DE0880F50CF2->72f5ceaa-5b3b-4bc7-b846-41895f4ebd48@group-833AA35A7EDE, cid=3741, SUCCESS, logIndex=5641, commits[72f5ceaa-5b3b-4bc7-b846-41895f4ebd48:c5642, b4e1f7d4-4bb4-47ed-a9cb-53483a899fb2:c5638, d3916bce-b37b-4246-83c6-d24846ba1a72:c5638]
2019-07-08 14:21:51,698 INFO  client.GrpcClientProtocolClient (GrpcClientProtocolClient.java:onNext(255)) - client-DE0880F50CF2->72f5ceaa-5b3b-4bc7-b846-41895f4ebd48: receive RaftClientReply:client-DE0880F50CF2->72f5ceaa-5b3b-4bc7-b846-41895f4ebd48@group-833AA35A7EDE, cid=3742, SUCCESS, logIndex=5642, commits[72f5ceaa-5b3b-4bc7-b846-41895f4ebd48:c5642, b4e1f7d4-4bb4-47ed-a9cb-53483a899fb2:c5638, d3916bce-b37b-4246-83c6-d24846ba1a72:c5638]
2019-07-08 14:21:51,711 INFO  client.GrpcClientProtocolClient (GrpcClientProtocolClient.java:onNext(255)) - client-DE0880F50CF2->72f5ceaa-5b3b-4bc7-b846-41895f4ebd48: receive RaftClientReply:client-DE0880F50CF2->72f5ceaa-5b3b-4bc7-b846-41895f4ebd48@group-833AA35A7EDE, cid=3743, SUCCESS, logIndex=0, commits[72f5ceaa-5b3b-4bc7-b846-41895f4ebd48:c5644, b4e1f7d4-4bb4-47ed-a9cb-53483a899fb2:c5642, d3916bce-b37b-4246-83c6-d24846ba1a72:c5642]
2019-07-08 14:21:51,783 INFO  client.GrpcClientProtocolClient (GrpcClientProtocolClient.java:onNext(255)) - client-DE0880F50CF2->72f5ceaa-5b3b-4bc7-b846-41895f4ebd48: receive RaftClientReply:client-DE0880F50CF2->72f5ceaa-5b3b-4bc7-b846-41895f4ebd48@group-833AA35A7EDE, cid=3744, SUCCESS, logIndex=5645, commits[72f5ceaa-5b3b-4bc7-b846-41895f4ebd48:c5647, b4e1f7d4-4bb4-47ed-a9cb-53483a899fb2:c5644, d3916bce-b37b-4246-83c6-d24846ba1a72:c5644]
2019-07-08 14:21:51,783 INFO  client.GrpcClientProtocolClient (GrpcClientProtocolClient.java:onNext(255)) - client-DE0880F50CF2->72f5ceaa-5b3b-4bc7-b846-41895f4ebd48: receive RaftClientReply:client-DE0880F50CF2->72f5ceaa-5b3b-4bc7-b846-41895f4ebd48@group-833AA35A7EDE, cid=3745, SUCCESS, logIndex=5646, commits[72f5ceaa-5b3b-4bc7-b846-41895f4ebd48:c5648, b4e1f7d4-4bb4-47ed-a9cb-53483a899fb2:c5644, d3916bce-b37b-4246-83c6-d24846ba1a72:c5644]
2019-07-08 14:21:51,784 INFO  client.GrpcClientProtocolClient (GrpcClientProtocolClient.java:onNext(255)) - client-DE0880F50CF2->72f5ceaa-5b3b-4bc7-b846-41895f4ebd48: receive RaftClientReply:client-DE0880F50CF2->72f5ceaa-5b3b-4bc7-b846-41895f4ebd48@group-833AA35A7EDE, cid=3746, SUCCESS, logIndex=5647, commits[72f5ceaa-5b3b-4bc7-b846-41895f4ebd48:c5648, b4e1f7d4-4bb4-47ed-a9cb-53483a899fb2:c5644, d3916bce-b37b-4246-83c6-d24846ba1a72:c5644]
2019-07-08 14:21:51,784 INFO  client.GrpcClientProtocolClient (GrpcClientProtocolClient.java:onNext(255)) - client-DE0880F50CF2->72f5ceaa-5b3b-4bc7-b846-41895f4ebd48: receive RaftClientReply:client-DE0880F50CF2->72f5ceaa-5b3b-4bc7-b846-41895f4ebd48@group-833AA35A7EDE, cid=3747, SUCCESS, logIndex=5648, commits[72f5ceaa-5b3b-4bc7-b846-41895f4ebd48:c5648, b4e1f7d4-4bb4-47ed-a9cb-53483a899fb2:c5644, d3916bce-b37b-4246-83c6-d24846ba1a72:c5644]
2019-07-08 14:21:51,924 INFO  client.GrpcClientProtocolClient (GrpcClientProtocolClient.java:onNext(255)) - client-DE0880F50CF2->72f5ceaa-5b3b-4bc7-b846-41895f4ebd48: receive RaftClientReply:client-DE0880F50CF2->72f5ceaa-5b3b-4bc7-b846-41895f4ebd48@group-833AA35A7EDE, cid=3748, SUCCESS, logIndex=0, commits[72f5ceaa-5b3b-4bc7-b846-41895f4ebd48:c5651, b4e1f7d4-4bb4-47ed-a9cb-53483a899fb2:c5646, d3916bce-b37b-4246-83c6-d24846ba1a72:c5647]
2019-07-08 14:21:51,957 INFO  client.GrpcClientProtocolClient (GrpcClientProtocolClient.java:onNext(255)) - client-DE0880F50CF2->72f5ceaa-5b3b-4bc7-b846-41895f4ebd48: receive RaftClientReply:client-DE0880F50CF2->72f5ceaa-5b3b-4bc7-b846-41895f4ebd48@group-833AA35A7EDE, cid=3749, SUCCESS, logIndex=5653, commits[72f5ceaa-5b3b-4bc7-b846-41895f4ebd48:c5654, b4e1f7d4-4bb4-47ed-a9cb-53483a899fb2:c5648, d3916bce-b37b-4246-83c6-d24846ba1a72:c5652]
2019-07-08 14:21:51,958 INFO  client.GrpcClientProtocolClient (GrpcClientProtocolClient.java:onNext(255)) - client-DE0880F50CF2->72f5ceaa-5b3b-4bc7-b846-41895f4ebd48: receive RaftClientReply:client-DE0880F50CF2->72f5ceaa-5b3b-4bc7-b846-41895f4ebd48@group-833AA35A7EDE, cid=3750, SUCCESS, logIndex=5654, commits[72f5ceaa-5b3b-4bc7-b846-41895f4ebd48:c5654, b4e1f7d4-4bb4-47ed-a9cb-53483a899fb2:c5648, d3916bce-b37b-4246-83c6-d24846ba1a72:c5652]
2019-07-08 14:21:51,972 INFO  client.GrpcClientProtocolClient (GrpcClientProtocolClient.java:onNext(255)) - client-DE0880F50CF2->72f5ceaa-5b3b-4bc7-b846-41895f4ebd48: receive RaftClientReply:client-DE0880F50CF2->72f5ceaa-5b3b-4bc7-b846-41895f4ebd48@group-833AA35A7EDE, cid=3751, SUCCESS, logIndex=5657, commits[72f5ceaa-5b3b-4bc7-b846-41895f4ebd48:c5658, b4e1f7d4-4bb4-47ed-a9cb-53483a899fb2:c5654, d3916bce-b37b-4246-83c6-d24846ba1a72:c5654]
2019-07-08 14:21:51,973 INFO  client.GrpcClientProtocolClient (GrpcClientProtocolClient.java:onNext(255)) - client-DE0880F50CF2->72f5ceaa-5b3b-4bc7-b846-41895f4ebd48: receive RaftClientReply:client-DE0880F50CF2->72f5ceaa-5b3b-4bc7-b846-41895f4ebd48@group-833AA35A7EDE, cid=3752, SUCCESS, logIndex=5658, commits[72f5ceaa-5b3b-4bc7-b846-41895f4ebd48:c5658, b4e1f7d4-4bb4-47ed-a9cb-53483a899fb2:c5654, d3916bce-b37b-4246-83c6-d24846ba1a72:c5654]
 0.00% |█                                                                                                    |  0/1 Time: 0:00:462019-07-08 14:21:51,987 INFO  client.GrpcClientProtocolClient (GrpcClientProtocolClient.java:onNext(255)) - client-DE0880F50CF2->72f5ceaa-5b3b-4bc7-b846-41895f4ebd48: receive RaftClientReply:client-DE0880F50CF2->72f5ceaa-5b3b-4bc7-b846-41895f4ebd48@group-833AA35A7EDE, cid=3753, SUCCESS, logIndex=0, commits[72f5ceaa-5b3b-4bc7-b846-41895f4ebd48:c5660, b4e1f7d4-4bb4-47ed-a9cb-53483a899fb2:c5658, d3916bce-b37b-4246-83c6-d24846ba1a72:c5658]
2019-07-08 14:21:52,026 INFO  client.GrpcClientProtocolClient (GrpcClientProtocolClient.java:onNext(255)) - client-DE0880F50CF2->72f5ceaa-5b3b-4bc7-b846-41895f4ebd48: receive RaftClientReply:client-DE0880F50CF2->72f5ceaa-5b3b-4bc7-b846-41895f4ebd48@group-833AA35A7EDE, cid=3754, SUCCESS, logIndex=5661, commits[72f5ceaa-5b3b-4bc7-b846-41895f4ebd48:c5663, b4e1f7d4-4bb4-47ed-a9cb-53483a899fb2:c5660, d3916bce-b37b-4246-83c6-d24846ba1a72:c5660]
2019-07-08 14:21:52,027 INFO  client.GrpcClientProtocolClient (GrpcClientProtocolClient.java:onNext(255)) - client-DE0880F50CF2->72f5ceaa-5b3b-4bc7-b846-41895f4ebd48: receive RaftClientReply:client-DE0880F50CF2->72f5ceaa-5b3b-4bc7-b846-41895f4ebd48@group-833AA35A7EDE, cid=3755, SUCCESS, logIndex=5662, commits[72f5ceaa-5b3b-4bc7-b846-41895f4ebd48:c5664, b4e1f7d4-4bb4-47ed-a9cb-53483a899fb2:c5660, d3916bce-b37b-4246-83c6-d24846ba1a72:c5660]
2019-07-08 14:21:52,027 INFO  client.GrpcClientProtocolClient (GrpcClientProtocolClient.java:onNext(255)) - client-DE0880F50CF2->72f5ceaa-5b3b-4bc7-b846-41895f4ebd48: receive RaftClientReply:client-DE0880F50CF2->72f5ceaa-5b3b-4bc7-b846-41895f4ebd48@group-833AA35A7EDE, cid=3756, SUCCESS, logIndex=5663, commits[72f5ceaa-5b3b-4bc7-b846-41895f4ebd48:c5664, b4e1f7d4-4bb4-47ed-a9cb-53483a899fb2:c5660, d3916bce-b37b-4246-83c6-d24846ba1a72:c5660]
2019-07-08 14:21:52,028 INFO  client.GrpcClientProtocolClient (GrpcClientProtocolClient.java:onNext(255)) - client-DE0880F50CF2->72f5ceaa-5b3b-4bc7-b846-41895f4ebd48: receive RaftClientReply:client-DE0880F50CF2->72f5ceaa-5b3b-4bc7-b846-41895f4ebd48@group-833AA35A7EDE, cid=3757, SUCCESS, logIndex=5664, commits[72f5ceaa-5b3b-4bc7-b846-41895f4ebd48:c5664, b4e1f7d4-4bb4-47ed-a9cb-53483a899fb2:c5660, d3916bce-b37b-4246-83c6-d24846ba1a72:c5660]
2019-07-08 14:21:52,041 INFO  client.GrpcClientProtocolClient (GrpcClientProtocolClient.java:onNext(255)) - client-DE0880F50CF2->72f5ceaa-5b3b-4bc7-b846-41895f4ebd48: receive RaftClientReply:client-DE0880F50CF2->72f5ceaa-5b3b-4bc7-b846-41895f4ebd48@group-833AA35A7EDE, cid=3758, SUCCESS, logIndex=0, commits[72f5ceaa-5b3b-4bc7-b846-41895f4ebd48:c5667, b4e1f7d4-4bb4-47ed-a9cb-53483a899fb2:c5662, d3916bce-b37b-4246-83c6-d24846ba1a72:c5663]
2019-07-08 14:21:52,063 INFO  client.GrpcClientProtocolClient (GrpcClientProtocolClient.java:onNext(255)) - client-DE0880F50CF2->72f5ceaa-5b3b-4bc7-b846-41895f4ebd48: receive RaftClientReply:client-DE0880F50CF2->72f5ceaa-5b3b-4bc7-b846-41895f4ebd48@group-833AA35A7EDE, cid=3759, SUCCESS, logIndex=5669, commits[72f5ceaa-5b3b-4bc7-b846-41895f4ebd48:c5670, b4e1f7d4-4bb4-47ed-a9cb-53483a899fb2:c5668, d3916bce-b37b-4246-83c6-d24846ba1a72:c5668]
2019-07-08 14:21:52,063 INFO  client.GrpcClientProtocolClient (GrpcClientProtocolClient.java:onNext(255)) - client-DE0880F50CF2->72f5ceaa-5b3b-4bc7-b846-41895f4ebd48: receive RaftClientReply:client-DE0880F50CF2->72f5ceaa-5b3b-4bc7-b846-41895f4ebd48@group-833AA35A7EDE, cid=3760, SUCCESS, logIndex=5670, commits[72f5ceaa-5b3b-4bc7-b846-41895f4ebd48:c5670, b4e1f7d4-4bb4-47ed-a9cb-53483a899fb2:c5668, d3916bce-b37b-4246-83c6-d24846ba1a72:c5668]
2019-07-08 14:21:52,087 INFO  client.GrpcClientProtocolClient (GrpcClientProtocolClient.java:onNext(255)) - client-DE0880F50CF2->72f5ceaa-5b3b-4bc7-b846-41895f4ebd48: receive RaftClientReply:client-DE0880F50CF2->72f5ceaa-5b3b-4bc7-b846-41895f4ebd48@group-833AA35A7EDE, cid=3761, SUCCESS, logIndex=5673, commits[72f5ceaa-5b3b-4bc7-b846-41895f4ebd48:c5674, b4e1f7d4-4bb4-47ed-a9cb-53483a899fb2:c5669, d3916bce-b37b-4246-83c6-d24846ba1a72:c5670]
2019-07-08 14:21:52,088 INFO  client.GrpcClientProtocolClient (GrpcClientProtocolClient.java:onNext(255)) - client-DE0880F50CF2->72f5ceaa-5b3b-4bc7-b846-41895f4ebd48: receive RaftClientReply:client-DE0880F50CF2->72f5ceaa-5b3b-4bc7-b846-41895f4ebd48@group-833AA35A7EDE, cid=3762, SUCCESS, logIndex=5674, commits[72f5ceaa-5b3b-4bc7-b846-41895f4ebd48:c5674, b4e1f7d4-4bb4-47ed-a9cb-53483a899fb2:c5670, d3916bce-b37b-4246-83c6-d24846ba1a72:c5670]
2019-07-08 14:21:52,089 INFO  client.GrpcClientProtocolClient (GrpcClientProtocolClient.java:onNext(255)) - client-DE0880F50CF2->72f5ceaa-5b3b-4bc7-b846-41895f4ebd48: receive RaftClientReply:client-DE0880F50CF2->72f5ceaa-5b3b-4bc7-b846-41895f4ebd48@group-833AA35A7EDE, cid=3763, SUCCESS, logIndex=0, commits[72f5ceaa-5b3b-4bc7-b846-41895f4ebd48:c5675, b4e1f7d4-4bb4-47ed-a9cb-53483a899fb2:c5674, d3916bce-b37b-4246-83c6-d24846ba1a72:c5674]
2019-07-08 14:21:52,126 INFO  client.GrpcClientProtocolClient (GrpcClientProtocolClient.java:onNext(255)) - client-DE0880F50CF2->72f5ceaa-5b3b-4bc7-b846-41895f4ebd48: receive RaftClientReply:client-DE0880F50CF2->72f5ceaa-5b3b-4bc7-b846-41895f4ebd48@group-833AA35A7EDE, cid=3764, SUCCESS, logIndex=5677, commits[72f5ceaa-5b3b-4bc7-b846-41895f4ebd48:c5679, b4e1f7d4-4bb4-47ed-a9cb-53483a899fb2:c5676, d3916bce-b37b-4246-83c6-d24846ba1a72:c5676]
2019-07-08 14:21:52,126 INFO  client.GrpcClientProtocolClient (GrpcClientProtocolClient.java:onNext(255)) - client-DE0880F50CF2->72f5ceaa-5b3b-4bc7-b846-41895f4ebd48: receive RaftClientReply:client-DE0880F50CF2->72f5ceaa-5b3b-4bc7-b846-41895f4ebd48@group-833AA35A7EDE, cid=3765, SUCCESS, logIndex=5678, commits[72f5ceaa-5b3b-4bc7-b846-41895f4ebd48:c5680, b4e1f7d4-4bb4-47ed-a9cb-53483a899fb2:c5676, d3916bce-b37b-4246-83c6-d24846ba1a72:c5676]
2019-07-08 14:21:52,127 INFO  client.GrpcClientProtocolClient (GrpcClientProtocolClient.java:onNext(255)) - client-DE0880F50CF2->72f5ceaa-5b3b-4bc7-b846-41895f4ebd48: receive RaftClientReply:client-DE0880F50CF2->72f5ceaa-5b3b-4bc7-b846-41895f4ebd48@group-833AA35A7EDE, cid=3766, SUCCESS, logIndex=5679, commits[72f5ceaa-5b3b-4bc7-b846-41895f4ebd48:c5680, b4e1f7d4-4bb4-47ed-a9cb-53483a899fb2:c5676, d3916bce-b37b-4246-83c6-d24846ba1a72:c5676]
2019-07-08 14:21:52,127 INFO  client.GrpcClientProtocolClient (GrpcClientProtocolClient.java:onNext(255)) - client-DE0880F50CF2->72f5ceaa-5b3b-4bc7-b846-41895f4ebd48: receive RaftClientReply:client-DE0880F50CF2->72f5ceaa-5b3b-4bc7-b846-41895f4ebd48@group-833AA35A7EDE, cid=3767, SUCCESS, logIndex=5680, commits[72f5ceaa-5b3b-4bc7-b846-41895f4ebd48:c5680, b4e1f7d4-4bb4-47ed-a9cb-53483a899fb2:c5676, d3916bce-b37b-4246-83c6-d24846ba1a72:c5676]
2019-07-08 14:21:52,128 INFO  client.GrpcClientProtocolClient (GrpcClientProtocolClient.java:onNext(255)) - client-DE0880F50CF2->72f5ceaa-5b3b-4bc7-b846-41895f4ebd48: receive RaftClientReply:client-DE0880F50CF2->72f5ceaa-5b3b-4bc7-b846-41895f4ebd48@group-833AA35A7EDE, cid=3768, SUCCESS, logIndex=0, commits[72f5ceaa-5b3b-4bc7-b846-41895f4ebd48:c5682, b4e1f7d4-4bb4-47ed-a9cb-53483a899fb2:c5678, d3916bce-b37b-4246-83c6-d24846ba1a72:c5678]
2019-07-08 14:21:52,149 INFO  client.GrpcClientProtocolClient (GrpcClientProtocolClient.java:onNext(255)) - client-DE0880F50CF2->72f5ceaa-5b3b-4bc7-b846-41895f4ebd48: receive RaftClientReply:client-DE0880F50CF2->72f5ceaa-5b3b-4bc7-b846-41895f4ebd48@group-833AA35A7EDE, cid=3769, SUCCESS, logIndex=5685, commits[72f5ceaa-5b3b-4bc7-b846-41895f4ebd48:c5686, b4e1f7d4-4bb4-47ed-a9cb-53483a899fb2:c5684, d3916bce-b37b-4246-83c6-d24846ba1a72:c5684]
2019-07-08 14:21:52,149 INFO  client.GrpcClientProtocolClient (GrpcClientProtocolClient.java:onNext(255)) - client-DE0880F50CF2->72f5ceaa-5b3b-4bc7-b846-41895f4ebd48: receive RaftClientReply:client-DE0880F50CF2->72f5ceaa-5b3b-4bc7-b846-41895f4ebd48@group-833AA35A7EDE, cid=3770, SUCCESS, logIndex=5686, commits[72f5ceaa-5b3b-4bc7-b846-41895f4ebd48:c5686, b4e1f7d4-4bb4-47ed-a9cb-53483a899fb2:c5684, d3916bce-b37b-4246-83c6-d24846ba1a72:c5684]
2019-07-08 14:21:52,164 INFO  client.GrpcClientProtocolClient (GrpcClientProtocolClient.java:onNext(255)) - client-DE0880F50CF2->72f5ceaa-5b3b-4bc7-b846-41895f4ebd48: receive RaftClientReply:client-DE0880F50CF2->72f5ceaa-5b3b-4bc7-b846-41895f4ebd48@group-833AA35A7EDE, cid=3771, SUCCESS, logIndex=5689, commits[72f5ceaa-5b3b-4bc7-b846-41895f4ebd48:c5690, b4e1f7d4-4bb4-47ed-a9cb-53483a899fb2:c5686, d3916bce-b37b-4246-83c6-d24846ba1a72:c5686]
2019-07-08 14:21:52,164 INFO  client.GrpcClientProtocolClient (GrpcClientProtocolClient.java:onNext(255)) - client-DE0880F50CF2->72f5ceaa-5b3b-4bc7-b846-41895f4ebd48: receive RaftClientReply:client-DE0880F50CF2->72f5ceaa-5b3b-4bc7-b846-41895f4ebd48@group-833AA35A7EDE, cid=3772, SUCCESS, logIndex=5690, commits[72f5ceaa-5b3b-4bc7-b846-41895f4ebd48:c5690, b4e1f7d4-4bb4-47ed-a9cb-53483a899fb2:c5686, d3916bce-b37b-4246-83c6-d24846ba1a72:c5686]
2019-07-08 14:21:52,178 INFO  client.GrpcClientProtocolClient (GrpcClientProtocolClient.java:onNext(255)) - client-DE0880F50CF2->72f5ceaa-5b3b-4bc7-b846-41895f4ebd48: receive RaftClientReply:client-DE0880F50CF2->72f5ceaa-5b3b-4bc7-b846-41895f4ebd48@group-833AA35A7EDE, cid=3773, SUCCESS, logIndex=0, commits[72f5ceaa-5b3b-4bc7-b846-41895f4ebd48:c5691, b4e1f7d4-4bb4-47ed-a9cb-53483a899fb2:c5690, d3916bce-b37b-4246-83c6-d24846ba1a72:c5690]
2019-07-08 14:21:52,210 INFO  client.GrpcClientProtocolClient (GrpcClientProtocolClient.java:onNext(255)) - client-DE0880F50CF2->72f5ceaa-5b3b-4bc7-b846-41895f4ebd48: receive RaftClientReply:client-DE0880F50CF2->72f5ceaa-5b3b-4bc7-b846-41895f4ebd48@group-833AA35A7EDE, cid=3774, SUCCESS, logIndex=5693, commits[72f5ceaa-5b3b-4bc7-b846-41895f4ebd48:c5693, b4e1f7d4-4bb4-47ed-a9cb-53483a899fb2:c5692, d3916bce-b37b-4246-83c6-d24846ba1a72:c5692]
2019-07-08 14:21:52,211 INFO  client.GrpcClientProtocolClient (GrpcClientProtocolClient.java:onNext(255)) - client-DE0880F50CF2->72f5ceaa-5b3b-4bc7-b846-41895f4ebd48: receive RaftClientReply:client-DE0880F50CF2->72f5ceaa-5b3b-4bc7-b846-41895f4ebd48@group-833AA35A7EDE, cid=3775, SUCCESS, logIndex=5694, commits[72f5ceaa-5b3b-4bc7-b846-41895f4ebd48:c5696, b4e1f7d4-4bb4-47ed-a9cb-53483a899fb2:c5692, d3916bce-b37b-4246-83c6-d24846ba1a72:c5692]
2019-07-08 14:21:52,211 INFO  client.GrpcClientProtocolClient (GrpcClientProtocolClient.java:onNext(255)) - client-DE0880F50CF2->72f5ceaa-5b3b-4bc7-b846-41895f4ebd48: receive RaftClientReply:client-DE0880F50CF2->72f5ceaa-5b3b-4bc7-b846-41895f4ebd48@group-833AA35A7EDE, cid=3776, SUCCESS, logIndex=5695, commits[72f5ceaa-5b3b-4bc7-b846-41895f4ebd48:c5696, b4e1f7d4-4bb4-47ed-a9cb-53483a899fb2:c5692, d3916bce-b37b-4246-83c6-d24846ba1a72:c5692]
2019-07-08 14:21:52,212 INFO  client.GrpcClientProtocolClient (GrpcClientProtocolClient.java:onNext(255)) - client-DE0880F50CF2->72f5ceaa-5b3b-4bc7-b846-41895f4ebd48: receive RaftClientReply:client-DE0880F50CF2->72f5ceaa-5b3b-4bc7-b846-41895f4ebd48@group-833AA35A7EDE, cid=3777, SUCCESS, logIndex=5696, commits[72f5ceaa-5b3b-4bc7-b846-41895f4ebd48:c5696, b4e1f7d4-4bb4-47ed-a9cb-53483a899fb2:c5692, d3916bce-b37b-4246-83c6-d24846ba1a72:c5692]
2019-07-08 14:21:52,214 INFO  client.GrpcClientProtocolClient (GrpcClientProtocolClient.java:onNext(255)) - client-DE0880F50CF2->72f5ceaa-5b3b-4bc7-b846-41895f4ebd48: receive RaftClientReply:client-DE0880F50CF2->72f5ceaa-5b3b-4bc7-b846-41895f4ebd48@group-833AA35A7EDE, cid=3778, SUCCESS, logIndex=0, commits[72f5ceaa-5b3b-4bc7-b846-41895f4ebd48:c5698, b4e1f7d4-4bb4-47ed-a9cb-53483a899fb2:c5694, d3916bce-b37b-4246-83c6-d24846ba1a72:c5694]
2019-07-08 14:21:52,226 INFO  client.GrpcClientProtocolClient (GrpcClientProtocolClient.java:onNext(255)) - client-DE0880F50CF2->72f5ceaa-5b3b-4bc7-b846-41895f4ebd48: receive RaftClientReply:client-DE0880F50CF2->72f5ceaa-5b3b-4bc7-b846-41895f4ebd48@group-833AA35A7EDE, cid=3779, SUCCESS, logIndex=5701, commits[72f5ceaa-5b3b-4bc7-b846-41895f4ebd48:c5702, b4e1f7d4-4bb4-47ed-a9cb-53483a899fb2:c5696, d3916bce-b37b-4246-83c6-d24846ba1a72:c5700]
2019-07-08 14:21:52,227 INFO  client.GrpcClientProtocolClient (GrpcClientProtocolClient.java:onNext(255)) - client-DE0880F50CF2->72f5ceaa-5b3b-4bc7-b846-41895f4ebd48: receive RaftClientReply:client-DE0880F50CF2->72f5ceaa-5b3b-4bc7-b846-41895f4ebd48@group-833AA35A7EDE, cid=3780, SUCCESS, logIndex=5702, commits[72f5ceaa-5b3b-4bc7-b846-41895f4ebd48:c5702, b4e1f7d4-4bb4-47ed-a9cb-53483a899fb2:c5700, d3916bce-b37b-4246-83c6-d24846ba1a72:c5700]
2019-07-08 14:21:52,245 INFO  client.GrpcClientProtocolClient (GrpcClientProtocolClient.java:onNext(255)) - client-DE0880F50CF2->72f5ceaa-5b3b-4bc7-b846-41895f4ebd48: receive RaftClientReply:client-DE0880F50CF2->72f5ceaa-5b3b-4bc7-b846-41895f4ebd48@group-833AA35A7EDE, cid=3781, SUCCESS, logIndex=5705, commits[72f5ceaa-5b3b-4bc7-b846-41895f4ebd48:c5706, b4e1f7d4-4bb4-47ed-a9cb-53483a899fb2:c5704, d3916bce-b37b-4246-83c6-d24846ba1a72:c5704]
2019-07-08 14:21:52,246 INFO  client.GrpcClientProtocolClient (GrpcClientProtocolClient.java:onNext(255)) - client-DE0880F50CF2->72f5ceaa-5b3b-4bc7-b846-41895f4ebd48: receive RaftClientReply:client-DE0880F50CF2->72f5ceaa-5b3b-4bc7-b846-41895f4ebd48@group-833AA35A7EDE, cid=3782, SUCCESS, logIndex=5706, commits[72f5ceaa-5b3b-4bc7-b846-41895f4ebd48:c5706, b4e1f7d4-4bb4-47ed-a9cb-53483a899fb2:c5704, d3916bce-b37b-4246-83c6-d24846ba1a72:c5704]
2019-07-08 14:21:52,275 INFO  client.GrpcClientProtocolClient (GrpcClientProtocolClient.java:onNext(255)) - client-DE0880F50CF2->72f5ceaa-5b3b-4bc7-b846-41895f4ebd48: receive RaftClientReply:client-DE0880F50CF2->72f5ceaa-5b3b-4bc7-b846-41895f4ebd48@group-833AA35A7EDE, cid=3783, SUCCESS, logIndex=0, commits[72f5ceaa-5b3b-4bc7-b846-41895f4ebd48:c5706, b4e1f7d4-4bb4-47ed-a9cb-53483a899fb2:c5706, d3916bce-b37b-4246-83c6-d24846ba1a72:c5706]
2019-07-08 14:21:52,307 INFO  client.GrpcClientProtocolClient (GrpcClientProtocolClient.java:onNext(255)) - client-DE0880F50CF2->72f5ceaa-5b3b-4bc7-b846-41895f4ebd48: receive RaftClientReply:client-DE0880F50CF2->72f5ceaa-5b3b-4bc7-b846-41895f4ebd48@group-833AA35A7EDE, cid=3784, SUCCESS, logIndex=5709, commits[72f5ceaa-5b3b-4bc7-b846-41895f4ebd48:c5711, b4e1f7d4-4bb4-47ed-a9cb-53483a899fb2:c5708, d3916bce-b37b-4246-83c6-d24846ba1a72:c5708]
2019-07-08 14:21:52,308 INFO  client.GrpcClientProtocolClient (GrpcClientProtocolClient.java:onNext(255)) - client-DE0880F50CF2->72f5ceaa-5b3b-4bc7-b846-41895f4ebd48: receive RaftClientReply:client-DE0880F50CF2->72f5ceaa-5b3b-4bc7-b846-41895f4ebd48@group-833AA35A7EDE, cid=3785, SUCCESS, logIndex=5710, commits[72f5ceaa-5b3b-4bc7-b846-41895f4ebd48:c5712, b4e1f7d4-4bb4-47ed-a9cb-53483a899fb2:c5708, d3916bce-b37b-4246-83c6-d24846ba1a72:c5708]
2019-07-08 14:21:52,309 INFO  client.GrpcClientProtocolClient (GrpcClientProtocolClient.java:onNext(255)) - client-DE0880F50CF2->72f5ceaa-5b3b-4bc7-b846-41895f4ebd48: receive RaftClientReply:client-DE0880F50CF2->72f5ceaa-5b3b-4bc7-b846-41895f4ebd48@group-833AA35A7EDE, cid=3786, SUCCESS, logIndex=5711, commits[72f5ceaa-5b3b-4bc7-b846-41895f4ebd48:c5712, b4e1f7d4-4bb4-47ed-a9cb-53483a899fb2:c5708, d3916bce-b37b-4246-83c6-d24846ba1a72:c5708]
2019-07-08 14:21:52,309 INFO  client.GrpcClientProtocolClient (GrpcClientProtocolClient.java:onNext(255)) - client-DE0880F50CF2->72f5ceaa-5b3b-4bc7-b846-41895f4ebd48: receive RaftClientReply:client-DE0880F50CF2->72f5ceaa-5b3b-4bc7-b846-41895f4ebd48@group-833AA35A7EDE, cid=3787, SUCCESS, logIndex=5712, commits[72f5ceaa-5b3b-4bc7-b846-41895f4ebd48:c5713, b4e1f7d4-4bb4-47ed-a9cb-53483a899fb2:c5709, d3916bce-b37b-4246-83c6-d24846ba1a72:c5709]
2019-07-08 14:21:52,310 INFO  client.GrpcClientProtocolClient (GrpcClientProtocolClient.java:onNext(255)) - client-DE0880F50CF2->72f5ceaa-5b3b-4bc7-b846-41895f4ebd48: receive RaftClientReply:client-DE0880F50CF2->72f5ceaa-5b3b-4bc7-b846-41895f4ebd48@group-833AA35A7EDE, cid=3788, SUCCESS, logIndex=0, commits[72f5ceaa-5b3b-4bc7-b846-41895f4ebd48:c5715, b4e1f7d4-4bb4-47ed-a9cb-53483a899fb2:c5711, d3916bce-b37b-4246-83c6-d24846ba1a72:c5711]
2019-07-08 14:21:52,331 INFO  client.GrpcClientProtocolClient (GrpcClientProtocolClient.java:onNext(255)) - client-DE0880F50CF2->72f5ceaa-5b3b-4bc7-b846-41895f4ebd48: receive RaftClientReply:client-DE0880F50CF2->72f5ceaa-5b3b-4bc7-b846-41895f4ebd48@group-833AA35A7EDE, cid=3789, SUCCESS, logIndex=5717, commits[72f5ceaa-5b3b-4bc7-b846-41895f4ebd48:c5718, b4e1f7d4-4bb4-47ed-a9cb-53483a899fb2:c5716, d3916bce-b37b-4246-83c6-d24846ba1a72:c5716]
2019-07-08 14:21:52,332 INFO  client.GrpcClientProtocolClient (GrpcClientProtocolClient.java:onNext(255)) - client-DE0880F50CF2->72f5ceaa-5b3b-4bc7-b846-41895f4ebd48: receive RaftClientReply:client-DE0880F50CF2->72f5ceaa-5b3b-4bc7-b846-41895f4ebd48@group-833AA35A7EDE, cid=3790, SUCCESS, logIndex=5718, commits[72f5ceaa-5b3b-4bc7-b846-41895f4ebd48:c5718, b4e1f7d4-4bb4-47ed-a9cb-53483a899fb2:c5716, d3916bce-b37b-4246-83c6-d24846ba1a72:c5716]
2019-07-08 14:21:52,346 INFO  client.GrpcClientProtocolClient (GrpcClientProtocolClient.java:onNext(255)) - client-DE0880F50CF2->72f5ceaa-5b3b-4bc7-b846-41895f4ebd48: receive RaftClientReply:client-DE0880F50CF2->72f5ceaa-5b3b-4bc7-b846-41895f4ebd48@group-833AA35A7EDE, cid=3791, SUCCESS, logIndex=5721, commits[72f5ceaa-5b3b-4bc7-b846-41895f4ebd48:c5721, b4e1f7d4-4bb4-47ed-a9cb-53483a899fb2:c5718, d3916bce-b37b-4246-83c6-d24846ba1a72:c5718]
2019-07-08 14:21:52,346 INFO  client.GrpcClientProtocolClient (GrpcClientProtocolClient.java:onNext(255)) - client-DE0880F50CF2->72f5ceaa-5b3b-4bc7-b846-41895f4ebd48: receive RaftClientReply:client-DE0880F50CF2->72f5ceaa-5b3b-4bc7-b846-41895f4ebd48@group-833AA35A7EDE, cid=3792, SUCCESS, logIndex=5722, commits[72f5ceaa-5b3b-4bc7-b846-41895f4ebd48:c5722, b4e1f7d4-4bb4-47ed-a9cb-53483a899fb2:c5718, d3916bce-b37b-4246-83c6-d24846ba1a72:c5718]
2019-07-08 14:21:52,359 INFO  client.GrpcClientProtocolClient (GrpcClientProtocolClient.java:onNext(255)) - client-DE0880F50CF2->72f5ceaa-5b3b-4bc7-b846-41895f4ebd48: receive RaftClientReply:client-DE0880F50CF2->72f5ceaa-5b3b-4bc7-b846-41895f4ebd48@group-833AA35A7EDE, cid=3793, SUCCESS, logIndex=0, commits[72f5ceaa-5b3b-4bc7-b846-41895f4ebd48:c5723, b4e1f7d4-4bb4-47ed-a9cb-53483a899fb2:c5722, d3916bce-b37b-4246-83c6-d24846ba1a72:c5722]
2019-07-08 14:21:52,391 INFO  client.GrpcClientProtocolClient (GrpcClientProtocolClient.java:onNext(255)) - client-DE0880F50CF2->72f5ceaa-5b3b-4bc7-b846-41895f4ebd48: receive RaftClientReply:client-DE0880F50CF2->72f5ceaa-5b3b-4bc7-b846-41895f4ebd48@group-833AA35A7EDE, cid=3794, SUCCESS, logIndex=5725, commits[72f5ceaa-5b3b-4bc7-b846-41895f4ebd48:c5726, b4e1f7d4-4bb4-47ed-a9cb-53483a899fb2:c5724, d3916bce-b37b-4246-83c6-d24846ba1a72:c5724]
2019-07-08 14:21:52,392 INFO  client.GrpcClientProtocolClient (GrpcClientProtocolClient.java:onNext(255)) - client-DE0880F50CF2->72f5ceaa-5b3b-4bc7-b846-41895f4ebd48: receive RaftClientReply:client-DE0880F50CF2->72f5ceaa-5b3b-4bc7-b846-41895f4ebd48@group-833AA35A7EDE, cid=3795, SUCCESS, logIndex=5726, commits[72f5ceaa-5b3b-4bc7-b846-41895f4ebd48:c5728, b4e1f7d4-4bb4-47ed-a9cb-53483a899fb2:c5724, d3916bce-b37b-4246-83c6-d24846ba1a72:c5724]
2019-07-08 14:21:52,392 INFO  client.GrpcClientProtocolClient (GrpcClientProtocolClient.java:onNext(255)) - client-DE0880F50CF2->72f5ceaa-5b3b-4bc7-b846-41895f4ebd48: receive RaftClientReply:client-DE0880F50CF2->72f5ceaa-5b3b-4bc7-b846-41895f4ebd48@group-833AA35A7EDE, cid=3796, SUCCESS, logIndex=5727, commits[72f5ceaa-5b3b-4bc7-b846-41895f4ebd48:c5728, b4e1f7d4-4bb4-47ed-a9cb-53483a899fb2:c5724, d3916bce-b37b-4246-83c6-d24846ba1a72:c5724]
2019-07-08 14:21:52,393 INFO  client.GrpcClientProtocolClient (GrpcClientProtocolClient.java:onNext(255)) - client-DE0880F50CF2->72f5ceaa-5b3b-4bc7-b846-41895f4ebd48: receive RaftClientReply:client-DE0880F50CF2->72f5ceaa-5b3b-4bc7-b846-41895f4ebd48@group-833AA35A7EDE, cid=3797, SUCCESS, logIndex=5728, commits[72f5ceaa-5b3b-4bc7-b846-41895f4ebd48:c5728, b4e1f7d4-4bb4-47ed-a9cb-53483a899fb2:c5724, d3916bce-b37b-4246-83c6-d24846ba1a72:c5724]
2019-07-08 14:21:52,403 INFO  client.GrpcClientProtocolClient (GrpcClientProtocolClient.java:onNext(255)) - client-DE0880F50CF2->72f5ceaa-5b3b-4bc7-b846-41895f4ebd48: receive RaftClientReply:client-DE0880F50CF2->72f5ceaa-5b3b-4bc7-b846-41895f4ebd48@group-833AA35A7EDE, cid=3798, SUCCESS, logIndex=0, commits[72f5ceaa-5b3b-4bc7-b846-41895f4ebd48:c5729, b4e1f7d4-4bb4-47ed-a9cb-53483a899fb2:c5726, d3916bce-b37b-4246-83c6-d24846ba1a72:c5726]
2019-07-08 14:21:52,437 INFO  client.GrpcClientProtocolClient (GrpcClientProtocolClient.java:onNext(255)) - client-DE0880F50CF2->72f5ceaa-5b3b-4bc7-b846-41895f4ebd48: receive RaftClientReply:client-DE0880F50CF2->72f5ceaa-5b3b-4bc7-b846-41895f4ebd48@group-833AA35A7EDE, cid=3799, SUCCESS, logIndex=5732, commits[72f5ceaa-5b3b-4bc7-b846-41895f4ebd48:c5733, b4e1f7d4-4bb4-47ed-a9cb-53483a899fb2:c5731, d3916bce-b37b-4246-83c6-d24846ba1a72:c5731]
2019-07-08 14:21:52,438 INFO  client.GrpcClientProtocolClient (GrpcClientProtocolClient.java:onNext(255)) - client-DE0880F50CF2->72f5ceaa-5b3b-4bc7-b846-41895f4ebd48: receive RaftClientReply:client-DE0880F50CF2->72f5ceaa-5b3b-4bc7-b846-41895f4ebd48@group-833AA35A7EDE, cid=3800, SUCCESS, logIndex=5733, commits[72f5ceaa-5b3b-4bc7-b846-41895f4ebd48:c5733, b4e1f7d4-4bb4-47ed-a9cb-53483a899fb2:c5731, d3916bce-b37b-4246-83c6-d24846ba1a72:c5731]
2019-07-08 14:21:52,453 INFO  client.GrpcClientProtocolClient (GrpcClientProtocolClient.java:onNext(255)) - client-DE0880F50CF2->72f5ceaa-5b3b-4bc7-b846-41895f4ebd48: receive RaftClientReply:client-DE0880F50CF2->72f5ceaa-5b3b-4bc7-b846-41895f4ebd48@group-833AA35A7EDE, cid=3801, SUCCESS, logIndex=5736, commits[72f5ceaa-5b3b-4bc7-b846-41895f4ebd48:c5736, b4e1f7d4-4bb4-47ed-a9cb-53483a899fb2:c5733, d3916bce-b37b-4246-83c6-d24846ba1a72:c5733]
2019-07-08 14:21:52,453 INFO  client.GrpcClientProtocolClient (GrpcClientProtocolClient.java:onNext(255)) - client-DE0880F50CF2->72f5ceaa-5b3b-4bc7-b846-41895f4ebd48: receive RaftClientReply:client-DE0880F50CF2->72f5ceaa-5b3b-4bc7-b846-41895f4ebd48@group-833AA35A7EDE, cid=3802, SUCCESS, logIndex=5737, commits[72f5ceaa-5b3b-4bc7-b846-41895f4ebd48:c5737, b4e1f7d4-4bb4-47ed-a9cb-53483a899fb2:c5733, d3916bce-b37b-4246-83c6-d24846ba1a72:c5733]
2019-07-08 14:21:52,468 INFO  client.GrpcClientProtocolClient (GrpcClientProtocolClient.java:onNext(255)) - client-DE0880F50CF2->72f5ceaa-5b3b-4bc7-b846-41895f4ebd48: receive RaftClientReply:client-DE0880F50CF2->72f5ceaa-5b3b-4bc7-b846-41895f4ebd48@group-833AA35A7EDE, cid=3803, SUCCESS, logIndex=0, commits[72f5ceaa-5b3b-4bc7-b846-41895f4ebd48:c5739, b4e1f7d4-4bb4-47ed-a9cb-53483a899fb2:c5737, d3916bce-b37b-4246-83c6-d24846ba1a72:c5737]
2019-07-08 14:21:52,502 INFO  client.GrpcClientProtocolClient (GrpcClientProtocolClient.java:onNext(255)) - client-DE0880F50CF2->72f5ceaa-5b3b-4bc7-b846-41895f4ebd48: receive RaftClientReply:client-DE0880F50CF2->72f5ceaa-5b3b-4bc7-b846-41895f4ebd48@group-833AA35A7EDE, cid=3804, SUCCESS, logIndex=5740, commits[72f5ceaa-5b3b-4bc7-b846-41895f4ebd48:c5742, b4e1f7d4-4bb4-47ed-a9cb-53483a899fb2:c5739, d3916bce-b37b-4246-83c6-d24846ba1a72:c5739]
2019-07-08 14:21:52,503 INFO  client.GrpcClientProtocolClient (GrpcClientProtocolClient.java:onNext(255)) - client-DE0880F50CF2->72f5ceaa-5b3b-4bc7-b846-41895f4ebd48: receive RaftClientReply:client-DE0880F50CF2->72f5ceaa-5b3b-4bc7-b846-41895f4ebd48@group-833AA35A7EDE, cid=3805, SUCCESS, logIndex=5741, commits[72f5ceaa-5b3b-4bc7-b846-41895f4ebd48:c5743, b4e1f7d4-4bb4-47ed-a9cb-53483a899fb2:c5739, d3916bce-b37b-4246-83c6-d24846ba1a72:c5739]
2019-07-08 14:21:52,503 INFO  client.GrpcClientProtocolClient (GrpcClientProtocolClient.java:onNext(255)) - client-DE0880F50CF2->72f5ceaa-5b3b-4bc7-b846-41895f4ebd48: receive RaftClientReply:client-DE0880F50CF2->72f5ceaa-5b3b-4bc7-b846-41895f4ebd48@group-833AA35A7EDE, cid=3806, SUCCESS, logIndex=5742, commits[72f5ceaa-5b3b-4bc7-b846-41895f4ebd48:c5743, b4e1f7d4-4bb4-47ed-a9cb-53483a899fb2:c5739, d3916bce-b37b-4246-83c6-d24846ba1a72:c5739]
2019-07-08 14:21:52,504 INFO  client.GrpcClientProtocolClient (GrpcClientProtocolClient.java:onNext(255)) - client-DE0880F50CF2->72f5ceaa-5b3b-4bc7-b846-41895f4ebd48: receive RaftClientReply:client-DE0880F50CF2->72f5ceaa-5b3b-4bc7-b846-41895f4ebd48@group-833AA35A7EDE, cid=3807, SUCCESS, logIndex=5743, commits[72f5ceaa-5b3b-4bc7-b846-41895f4ebd48:c5743, b4e1f7d4-4bb4-47ed-a9cb-53483a899fb2:c5739, d3916bce-b37b-4246-83c6-d24846ba1a72:c5739]
2019-07-08 14:21:52,517 INFO  client.GrpcClientProtocolClient (GrpcClientProtocolClient.java:onNext(255)) - client-DE0880F50CF2->72f5ceaa-5b3b-4bc7-b846-41895f4ebd48: receive RaftClientReply:client-DE0880F50CF2->72f5ceaa-5b3b-4bc7-b846-41895f4ebd48@group-833AA35A7EDE, cid=3808, SUCCESS, logIndex=0, commits[72f5ceaa-5b3b-4bc7-b846-41895f4ebd48:c5747, b4e1f7d4-4bb4-47ed-a9cb-53483a899fb2:c5741, d3916bce-b37b-4246-83c6-d24846ba1a72:c5743]
2019-07-08 14:21:52,538 INFO  client.GrpcClientProtocolClient (GrpcClientProtocolClient.java:onNext(255)) - client-DE0880F50CF2->72f5ceaa-5b3b-4bc7-b846-41895f4ebd48: receive RaftClientReply:client-DE0880F50CF2->72f5ceaa-5b3b-4bc7-b846-41895f4ebd48@group-833AA35A7EDE, cid=3809, SUCCESS, logIndex=5748, commits[72f5ceaa-5b3b-4bc7-b846-41895f4ebd48:c5748, b4e1f7d4-4bb4-47ed-a9cb-53483a899fb2:c5747, d3916bce-b37b-4246-83c6-d24846ba1a72:c5747]
2019-07-08 14:21:52,539 INFO  client.GrpcClientProtocolClient (GrpcClientProtocolClient.java:onNext(255)) - client-DE0880F50CF2->72f5ceaa-5b3b-4bc7-b846-41895f4ebd48: receive RaftClientReply:client-DE0880F50CF2->72f5ceaa-5b3b-4bc7-b846-41895f4ebd48@group-833AA35A7EDE, cid=3810, SUCCESS, logIndex=5749, commits[72f5ceaa-5b3b-4bc7-b846-41895f4ebd48:c5749, b4e1f7d4-4bb4-47ed-a9cb-53483a899fb2:c5747, d3916bce-b37b-4246-83c6-d24846ba1a72:c5747]
2019-07-08 14:21:52,552 INFO  client.GrpcClientProtocolClient (GrpcClientProtocolClient.java:onNext(255)) - client-DE0880F50CF2->72f5ceaa-5b3b-4bc7-b846-41895f4ebd48: receive RaftClientReply:client-DE0880F50CF2->72f5ceaa-5b3b-4bc7-b846-41895f4ebd48@group-833AA35A7EDE, cid=3811, SUCCESS, logIndex=5752, commits[72f5ceaa-5b3b-4bc7-b846-41895f4ebd48:c5753, b4e1f7d4-4bb4-47ed-a9cb-53483a899fb2:c5749, d3916bce-b37b-4246-83c6-d24846ba1a72:c5749]
2019-07-08 14:21:52,553 INFO  client.GrpcClientProtocolClient (GrpcClientProtocolClient.java:onNext(255)) - client-DE0880F50CF2->72f5ceaa-5b3b-4bc7-b846-41895f4ebd48: receive RaftClientReply:client-DE0880F50CF2->72f5ceaa-5b3b-4bc7-b846-41895f4ebd48@group-833AA35A7EDE, cid=3812, SUCCESS, logIndex=5753, commits[72f5ceaa-5b3b-4bc7-b846-41895f4ebd48:c5753, b4e1f7d4-4bb4-47ed-a9cb-53483a899fb2:c5749, d3916bce-b37b-4246-83c6-d24846ba1a72:c5749]
2019-07-08 14:21:52,577 INFO  client.GrpcClientProtocolClient (GrpcClientProtocolClient.java:onNext(255)) - client-DE0880F50CF2->72f5ceaa-5b3b-4bc7-b846-41895f4ebd48: receive RaftClientReply:client-DE0880F50CF2->72f5ceaa-5b3b-4bc7-b846-41895f4ebd48@group-833AA35A7EDE, cid=3813, SUCCESS, logIndex=0, commits[72f5ceaa-5b3b-4bc7-b846-41895f4ebd48:c5755, b4e1f7d4-4bb4-47ed-a9cb-53483a899fb2:c5753, d3916bce-b37b-4246-83c6-d24846ba1a72:c5753]
2019-07-08 14:21:52,604 INFO  client.GrpcClientProtocolClient (GrpcClientProtocolClient.java:onNext(255)) - client-DE0880F50CF2->72f5ceaa-5b3b-4bc7-b846-41895f4ebd48: receive RaftClientReply:client-DE0880F50CF2->72f5ceaa-5b3b-4bc7-b846-41895f4ebd48@group-833AA35A7EDE, cid=3814, SUCCESS, logIndex=5756, commits[72f5ceaa-5b3b-4bc7-b846-41895f4ebd48:c5757, b4e1f7d4-4bb4-47ed-a9cb-53483a899fb2:c5755, d3916bce-b37b-4246-83c6-d24846ba1a72:c5755]
2019-07-08 14:21:52,605 INFO  client.GrpcClientProtocolClient (GrpcClientProtocolClient.java:onNext(255)) - client-DE0880F50CF2->72f5ceaa-5b3b-4bc7-b846-41895f4ebd48: receive RaftClientReply:client-DE0880F50CF2->72f5ceaa-5b3b-4bc7-b846-41895f4ebd48@group-833AA35A7EDE, cid=3815, SUCCESS, logIndex=5757, commits[72f5ceaa-5b3b-4bc7-b846-41895f4ebd48:c5759, b4e1f7d4-4bb4-47ed-a9cb-53483a899fb2:c5755, d3916bce-b37b-4246-83c6-d24846ba1a72:c5755]
2019-07-08 14:21:52,605 INFO  client.GrpcClientProtocolClient (GrpcClientProtocolClient.java:onNext(255)) - client-DE0880F50CF2->72f5ceaa-5b3b-4bc7-b846-41895f4ebd48: receive RaftClientReply:client-DE0880F50CF2->72f5ceaa-5b3b-4bc7-b846-41895f4ebd48@group-833AA35A7EDE, cid=3816, SUCCESS, logIndex=5758, commits[72f5ceaa-5b3b-4bc7-b846-41895f4ebd48:c5759, b4e1f7d4-4bb4-47ed-a9cb-53483a899fb2:c5755, d3916bce-b37b-4246-83c6-d24846ba1a72:c5755]
2019-07-08 14:21:52,605 INFO  client.GrpcClientProtocolClient (GrpcClientProtocolClient.java:onNext(255)) - client-DE0880F50CF2->72f5ceaa-5b3b-4bc7-b846-41895f4ebd48: receive RaftClientReply:client-DE0880F50CF2->72f5ceaa-5b3b-4bc7-b846-41895f4ebd48@group-833AA35A7EDE, cid=3817, SUCCESS, logIndex=5759, commits[72f5ceaa-5b3b-4bc7-b846-41895f4ebd48:c5759, b4e1f7d4-4bb4-47ed-a9cb-53483a899fb2:c5755, d3916bce-b37b-4246-83c6-d24846ba1a72:c5755]
2019-07-08 14:21:52,619 INFO  client.GrpcClientProtocolClient (GrpcClientProtocolClient.java:onNext(255)) - client-DE0880F50CF2->72f5ceaa-5b3b-4bc7-b846-41895f4ebd48: receive RaftClientReply:client-DE0880F50CF2->72f5ceaa-5b3b-4bc7-b846-41895f4ebd48@group-833AA35A7EDE, cid=3818, SUCCESS, logIndex=0, commits[72f5ceaa-5b3b-4bc7-b846-41895f4ebd48:c5761, b4e1f7d4-4bb4-47ed-a9cb-53483a899fb2:c5757, d3916bce-b37b-4246-83c6-d24846ba1a72:c5757]
2019-07-08 14:21:52,638 INFO  client.GrpcClientProtocolClient (GrpcClientProtocolClient.java:onNext(255)) - client-DE0880F50CF2->72f5ceaa-5b3b-4bc7-b846-41895f4ebd48: receive RaftClientReply:client-DE0880F50CF2->72f5ceaa-5b3b-4bc7-b846-41895f4ebd48@group-833AA35A7EDE, cid=3819, SUCCESS, logIndex=5763, commits[72f5ceaa-5b3b-4bc7-b846-41895f4ebd48:c5764, b4e1f7d4-4bb4-47ed-a9cb-53483a899fb2:c5762, d3916bce-b37b-4246-83c6-d24846ba1a72:c5762]
2019-07-08 14:21:52,638 INFO  client.GrpcClientProtocolClient (GrpcClientProtocolClient.java:onNext(255)) - client-DE0880F50CF2->72f5ceaa-5b3b-4bc7-b846-41895f4ebd48: receive RaftClientReply:client-DE0880F50CF2->72f5ceaa-5b3b-4bc7-b846-41895f4ebd48@group-833AA35A7EDE, cid=3820, SUCCESS, logIndex=5764, commits[72f5ceaa-5b3b-4bc7-b846-41895f4ebd48:c5764, b4e1f7d4-4bb4-47ed-a9cb-53483a899fb2:c5762, d3916bce-b37b-4246-83c6-d24846ba1a72:c5762]
2019-07-08 14:21:52,651 INFO  client.GrpcClientProtocolClient (GrpcClientProtocolClient.java:onNext(255)) - client-DE0880F50CF2->72f5ceaa-5b3b-4bc7-b846-41895f4ebd48: receive RaftClientReply:client-DE0880F50CF2->72f5ceaa-5b3b-4bc7-b846-41895f4ebd48@group-833AA35A7EDE, cid=3821, SUCCESS, logIndex=5767, commits[72f5ceaa-5b3b-4bc7-b846-41895f4ebd48:c5768, b4e1f7d4-4bb4-47ed-a9cb-53483a899fb2:c5764, d3916bce-b37b-4246-83c6-d24846ba1a72:c5764]
2019-07-08 14:21:52,651 INFO  client.GrpcClientProtocolClient (GrpcClientProtocolClient.java:onNext(255)) - client-DE0880F50CF2->72f5ceaa-5b3b-4bc7-b846-41895f4ebd48: receive RaftClientReply:client-DE0880F50CF2->72f5ceaa-5b3b-4bc7-b846-41895f4ebd48@group-833AA35A7EDE, cid=3822, SUCCESS, logIndex=5768, commits[72f5ceaa-5b3b-4bc7-b846-41895f4ebd48:c5768, b4e1f7d4-4bb4-47ed-a9cb-53483a899fb2:c5764, d3916bce-b37b-4246-83c6-d24846ba1a72:c5764]
2019-07-08 14:21:52,662 INFO  client.GrpcClientProtocolClient (GrpcClientProtocolClient.java:onNext(255)) - client-DE0880F50CF2->72f5ceaa-5b3b-4bc7-b846-41895f4ebd48: receive RaftClientReply:client-DE0880F50CF2->72f5ceaa-5b3b-4bc7-b846-41895f4ebd48@group-833AA35A7EDE, cid=3823, SUCCESS, logIndex=0, commits[72f5ceaa-5b3b-4bc7-b846-41895f4ebd48:c5769, b4e1f7d4-4bb4-47ed-a9cb-53483a899fb2:c5768, d3916bce-b37b-4246-83c6-d24846ba1a72:c5768]
2019-07-08 14:21:52,693 INFO  client.GrpcClientProtocolClient (GrpcClientProtocolClient.java:onNext(255)) - client-DE0880F50CF2->72f5ceaa-5b3b-4bc7-b846-41895f4ebd48: receive RaftClientReply:client-DE0880F50CF2->72f5ceaa-5b3b-4bc7-b846-41895f4ebd48@group-833AA35A7EDE, cid=3824, SUCCESS, logIndex=5771, commits[72f5ceaa-5b3b-4bc7-b846-41895f4ebd48:c5772, b4e1f7d4-4bb4-47ed-a9cb-53483a899fb2:c5770, d3916bce-b37b-4246-83c6-d24846ba1a72:c5770]
2019-07-08 14:21:52,694 INFO  client.GrpcClientProtocolClient (GrpcClientProtocolClient.java:onNext(255)) - client-DE0880F50CF2->72f5ceaa-5b3b-4bc7-b846-41895f4ebd48: receive RaftClientReply:client-DE0880F50CF2->72f5ceaa-5b3b-4bc7-b846-41895f4ebd48@group-833AA35A7EDE, cid=3825, SUCCESS, logIndex=5772, commits[72f5ceaa-5b3b-4bc7-b846-41895f4ebd48:c5772, b4e1f7d4-4bb4-47ed-a9cb-53483a899fb2:c5770, d3916bce-b37b-4246-83c6-d24846ba1a72:c5770]
2019-07-08 14:21:52,694 INFO  client.GrpcClientProtocolClient (GrpcClientProtocolClient.java:onNext(255)) - client-DE0880F50CF2->72f5ceaa-5b3b-4bc7-b846-41895f4ebd48: receive RaftClientReply:client-DE0880F50CF2->72f5ceaa-5b3b-4bc7-b846-41895f4ebd48@group-833AA35A7EDE, cid=3826, SUCCESS, logIndex=5773, commits[72f5ceaa-5b3b-4bc7-b846-41895f4ebd48:c5774, b4e1f7d4-4bb4-47ed-a9cb-53483a899fb2:c5770, d3916bce-b37b-4246-83c6-d24846ba1a72:c5770]
2019-07-08 14:21:52,694 INFO  client.GrpcClientProtocolClient (GrpcClientProtocolClient.java:onNext(255)) - client-DE0880F50CF2->72f5ceaa-5b3b-4bc7-b846-41895f4ebd48: receive RaftClientReply:client-DE0880F50CF2->72f5ceaa-5b3b-4bc7-b846-41895f4ebd48@group-833AA35A7EDE, cid=3827, SUCCESS, logIndex=5774, commits[72f5ceaa-5b3b-4bc7-b846-41895f4ebd48:c5774, b4e1f7d4-4bb4-47ed-a9cb-53483a899fb2:c5770, d3916bce-b37b-4246-83c6-d24846ba1a72:c5770]
2019-07-08 14:21:52,707 INFO  client.GrpcClientProtocolClient (GrpcClientProtocolClient.java:onNext(255)) - client-DE0880F50CF2->72f5ceaa-5b3b-4bc7-b846-41895f4ebd48: receive RaftClientReply:client-DE0880F50CF2->72f5ceaa-5b3b-4bc7-b846-41895f4ebd48@group-833AA35A7EDE, cid=3828, SUCCESS, logIndex=0, commits[72f5ceaa-5b3b-4bc7-b846-41895f4ebd48:c5776, b4e1f7d4-4bb4-47ed-a9cb-53483a899fb2:c5772, d3916bce-b37b-4246-83c6-d24846ba1a72:c5772]
2019-07-08 14:21:52,725 INFO  client.GrpcClientProtocolClient (GrpcClientProtocolClient.java:onNext(255)) - client-DE0880F50CF2->72f5ceaa-5b3b-4bc7-b846-41895f4ebd48: receive RaftClientReply:client-DE0880F50CF2->72f5ceaa-5b3b-4bc7-b846-41895f4ebd48@group-833AA35A7EDE, cid=3829, SUCCESS, logIndex=5779, commits[72f5ceaa-5b3b-4bc7-b846-41895f4ebd48:c5780, b4e1f7d4-4bb4-47ed-a9cb-53483a899fb2:c5778, d3916bce-b37b-4246-83c6-d24846ba1a72:c5778]
2019-07-08 14:21:52,726 INFO  client.GrpcClientProtocolClient (GrpcClientProtocolClient.java:onNext(255)) - client-DE0880F50CF2->72f5ceaa-5b3b-4bc7-b846-41895f4ebd48: receive RaftClientReply:client-DE0880F50CF2->72f5ceaa-5b3b-4bc7-b846-41895f4ebd48@group-833AA35A7EDE, cid=3830, SUCCESS, logIndex=5780, commits[72f5ceaa-5b3b-4bc7-b846-41895f4ebd48:c5780, b4e1f7d4-4bb4-47ed-a9cb-53483a899fb2:c5778, d3916bce-b37b-4246-83c6-d24846ba1a72:c5778]
2019-07-08 14:21:52,740 INFO  client.GrpcClientProtocolClient (GrpcClientProtocolClient.java:onNext(255)) - client-DE0880F50CF2->72f5ceaa-5b3b-4bc7-b846-41895f4ebd48: receive RaftClientReply:client-DE0880F50CF2->72f5ceaa-5b3b-4bc7-b846-41895f4ebd48@group-833AA35A7EDE, cid=3831, SUCCESS, logIndex=5783, commits[72f5ceaa-5b3b-4bc7-b846-41895f4ebd48:c5783, b4e1f7d4-4bb4-47ed-a9cb-53483a899fb2:c5780, d3916bce-b37b-4246-83c6-d24846ba1a72:c5780]
2019-07-08 14:21:52,741 INFO  client.GrpcClientProtocolClient (GrpcClientProtocolClient.java:onNext(255)) - client-DE0880F50CF2->72f5ceaa-5b3b-4bc7-b846-41895f4ebd48: receive RaftClientReply:client-DE0880F50CF2->72f5ceaa-5b3b-4bc7-b846-41895f4ebd48@group-833AA35A7EDE, cid=3832, SUCCESS, logIndex=5784, commits[72f5ceaa-5b3b-4bc7-b846-41895f4ebd48:c5784, b4e1f7d4-4bb4-47ed-a9cb-53483a899fb2:c5780, d3916bce-b37b-4246-83c6-d24846ba1a72:c5780]
2019-07-08 14:21:52,755 INFO  client.GrpcClientProtocolClient (GrpcClientProtocolClient.java:onNext(255)) - client-DE0880F50CF2->72f5ceaa-5b3b-4bc7-b846-41895f4ebd48: receive RaftClientReply:client-DE0880F50CF2->72f5ceaa-5b3b-4bc7-b846-41895f4ebd48@group-833AA35A7EDE, cid=3833, SUCCESS, logIndex=0, commits[72f5ceaa-5b3b-4bc7-b846-41895f4ebd48:c5786, b4e1f7d4-4bb4-47ed-a9cb-53483a899fb2:c5784, d3916bce-b37b-4246-83c6-d24846ba1a72:c5784]
2019-07-08 14:21:52,786 INFO  client.GrpcClientProtocolClient (GrpcClientProtocolClient.java:onNext(255)) - client-DE0880F50CF2->72f5ceaa-5b3b-4bc7-b846-41895f4ebd48: receive RaftClientReply:client-DE0880F50CF2->72f5ceaa-5b3b-4bc7-b846-41895f4ebd48@group-833AA35A7EDE, cid=3834, SUCCESS, logIndex=5787, commits[72f5ceaa-5b3b-4bc7-b846-41895f4ebd48:c5789, b4e1f7d4-4bb4-47ed-a9cb-53483a899fb2:c5786, d3916bce-b37b-4246-83c6-d24846ba1a72:c5786]
2019-07-08 14:21:52,895 INFO  client.GrpcClientProtocolClient (GrpcClientProtocolClient.java:onNext(255)) - client-DE0880F50CF2->72f5ceaa-5b3b-4bc7-b846-41895f4ebd48: receive RaftClientReply:client-DE0880F50CF2->72f5ceaa-5b3b-4bc7-b846-41895f4ebd48@group-833AA35A7EDE, cid=3835, SUCCESS, logIndex=5788, commits[72f5ceaa-5b3b-4bc7-b846-41895f4ebd48:c5789, b4e1f7d4-4bb4-47ed-a9cb-53483a899fb2:c5786, d3916bce-b37b-4246-83c6-d24846ba1a72:c5786]
2019-07-08 14:21:52,896 INFO  client.GrpcClientProtocolClient (GrpcClientProtocolClient.java:onNext(255)) - client-DE0880F50CF2->72f5ceaa-5b3b-4bc7-b846-41895f4ebd48: receive RaftClientReply:client-DE0880F50CF2->72f5ceaa-5b3b-4bc7-b846-41895f4ebd48@group-833AA35A7EDE, cid=3836, SUCCESS, logIndex=5789, commits[72f5ceaa-5b3b-4bc7-b846-41895f4ebd48:c5790, b4e1f7d4-4bb4-47ed-a9cb-53483a899fb2:c5786, d3916bce-b37b-4246-83c6-d24846ba1a72:c5786]
2019-07-08 14:21:52,896 INFO  client.GrpcClientProtocolClient (GrpcClientProtocolClient.java:onNext(255)) - client-DE0880F50CF2->72f5ceaa-5b3b-4bc7-b846-41895f4ebd48: receive RaftClientReply:client-DE0880F50CF2->72f5ceaa-5b3b-4bc7-b846-41895f4ebd48@group-833AA35A7EDE, cid=3837, SUCCESS, logIndex=5790, commits[72f5ceaa-5b3b-4bc7-b846-41895f4ebd48:c5790, b4e1f7d4-4bb4-47ed-a9cb-53483a899fb2:c5786, d3916bce-b37b-4246-83c6-d24846ba1a72:c5786]
2019-07-08 14:21:52,897 INFO  client.GrpcClientProtocolClient (GrpcClientProtocolClient.java:onNext(255)) - client-DE0880F50CF2->72f5ceaa-5b3b-4bc7-b846-41895f4ebd48: receive RaftClientReply:client-DE0880F50CF2->72f5ceaa-5b3b-4bc7-b846-41895f4ebd48@group-833AA35A7EDE, cid=3838, SUCCESS, logIndex=0, commits[72f5ceaa-5b3b-4bc7-b846-41895f4ebd48:c5793, b4e1f7d4-4bb4-47ed-a9cb-53483a899fb2:c5789, d3916bce-b37b-4246-83c6-d24846ba1a72:c5789]
2019-07-08 14:21:52,921 INFO  client.GrpcClientProtocolClient (GrpcClientProtocolClient.java:onNext(255)) - client-DE0880F50CF2->72f5ceaa-5b3b-4bc7-b846-41895f4ebd48: receive RaftClientReply:client-DE0880F50CF2->72f5ceaa-5b3b-4bc7-b846-41895f4ebd48@group-833AA35A7EDE, cid=3839, SUCCESS, logIndex=5795, commits[72f5ceaa-5b3b-4bc7-b846-41895f4ebd48:c5796, b4e1f7d4-4bb4-47ed-a9cb-53483a899fb2:c5793, d3916bce-b37b-4246-83c6-d24846ba1a72:c5790]
2019-07-08 14:21:52,922 INFO  client.GrpcClientProtocolClient (GrpcClientProtocolClient.java:onNext(255)) - client-DE0880F50CF2->72f5ceaa-5b3b-4bc7-b846-41895f4ebd48: receive RaftClientReply:client-DE0880F50CF2->72f5ceaa-5b3b-4bc7-b846-41895f4ebd48@group-833AA35A7EDE, cid=3840, SUCCESS, logIndex=5796, commits[72f5ceaa-5b3b-4bc7-b846-41895f4ebd48:c5796, b4e1f7d4-4bb4-47ed-a9cb-53483a899fb2:c5793, d3916bce-b37b-4246-83c6-d24846ba1a72:c5793]
2019-07-08 14:21:52,937 INFO  client.GrpcClientProtocolClient (GrpcClientProtocolClient.java:onNext(255)) - client-DE0880F50CF2->72f5ceaa-5b3b-4bc7-b846-41895f4ebd48: receive RaftClientReply:client-DE0880F50CF2->72f5ceaa-5b3b-4bc7-b846-41895f4ebd48@group-833AA35A7EDE, cid=3841, SUCCESS, logIndex=5799, commits[72f5ceaa-5b3b-4bc7-b846-41895f4ebd48:c5800, b4e1f7d4-4bb4-47ed-a9cb-53483a899fb2:c5796, d3916bce-b37b-4246-83c6-d24846ba1a72:c5796]
2019-07-08 14:21:52,937 INFO  client.GrpcClientProtocolClient (GrpcClientProtocolClient.java:onNext(255)) - client-DE0880F50CF2->72f5ceaa-5b3b-4bc7-b846-41895f4ebd48: receive RaftClientReply:client-DE0880F50CF2->72f5ceaa-5b3b-4bc7-b846-41895f4ebd48@group-833AA35A7EDE, cid=3842, SUCCESS, logIndex=5800, commits[72f5ceaa-5b3b-4bc7-b846-41895f4ebd48:c5800, b4e1f7d4-4bb4-47ed-a9cb-53483a899fb2:c5796, d3916bce-b37b-4246-83c6-d24846ba1a72:c5796]
2019-07-08 14:21:52,951 INFO  client.GrpcClientProtocolClient (GrpcClientProtocolClient.java:onNext(255)) - client-DE0880F50CF2->72f5ceaa-5b3b-4bc7-b846-41895f4ebd48: receive RaftClientReply:client-DE0880F50CF2->72f5ceaa-5b3b-4bc7-b846-41895f4ebd48@group-833AA35A7EDE, cid=3843, SUCCESS, logIndex=0, commits[72f5ceaa-5b3b-4bc7-b846-41895f4ebd48:c5802, b4e1f7d4-4bb4-47ed-a9cb-53483a899fb2:c5800, d3916bce-b37b-4246-83c6-d24846ba1a72:c5800]
 0.00% |█                                                                                                    |  0/1 Time: 0:00:472019-07-08 14:21:52,989 INFO  client.GrpcClientProtocolClient (GrpcClientProtocolClient.java:onNext(255)) - client-DE0880F50CF2->72f5ceaa-5b3b-4bc7-b846-41895f4ebd48: receive RaftClientReply:client-DE0880F50CF2->72f5ceaa-5b3b-4bc7-b846-41895f4ebd48@group-833AA35A7EDE, cid=3844, SUCCESS, logIndex=5803, commits[72f5ceaa-5b3b-4bc7-b846-41895f4ebd48:c5804, b4e1f7d4-4bb4-47ed-a9cb-53483a899fb2:c5802, d3916bce-b37b-4246-83c6-d24846ba1a72:c5802]
2019-07-08 14:21:52,989 INFO  client.GrpcClientProtocolClient (GrpcClientProtocolClient.java:onNext(255)) - client-DE0880F50CF2->72f5ceaa-5b3b-4bc7-b846-41895f4ebd48: receive RaftClientReply:client-DE0880F50CF2->72f5ceaa-5b3b-4bc7-b846-41895f4ebd48@group-833AA35A7EDE, cid=3845, SUCCESS, logIndex=5804, commits[72f5ceaa-5b3b-4bc7-b846-41895f4ebd48:c5804, b4e1f7d4-4bb4-47ed-a9cb-53483a899fb2:c5802, d3916bce-b37b-4246-83c6-d24846ba1a72:c5802]
2019-07-08 14:21:52,990 INFO  client.GrpcClientProtocolClient (GrpcClientProtocolClient.java:onNext(255)) - client-DE0880F50CF2->72f5ceaa-5b3b-4bc7-b846-41895f4ebd48: receive RaftClientReply:client-DE0880F50CF2->72f5ceaa-5b3b-4bc7-b846-41895f4ebd48@group-833AA35A7EDE, cid=3846, SUCCESS, logIndex=5805, commits[72f5ceaa-5b3b-4bc7-b846-41895f4ebd48:c5806, b4e1f7d4-4bb4-47ed-a9cb-53483a899fb2:c5802, d3916bce-b37b-4246-83c6-d24846ba1a72:c5802]
2019-07-08 14:21:52,990 INFO  client.GrpcClientProtocolClient (GrpcClientProtocolClient.java:onNext(255)) - client-DE0880F50CF2->72f5ceaa-5b3b-4bc7-b846-41895f4ebd48: receive RaftClientReply:client-DE0880F50CF2->72f5ceaa-5b3b-4bc7-b846-41895f4ebd48@group-833AA35A7EDE, cid=3847, SUCCESS, logIndex=5806, commits[72f5ceaa-5b3b-4bc7-b846-41895f4ebd48:c5806, b4e1f7d4-4bb4-47ed-a9cb-53483a899fb2:c5802, d3916bce-b37b-4246-83c6-d24846ba1a72:c5802]
2019-07-08 14:21:53,003 INFO  client.GrpcClientProtocolClient (GrpcClientProtocolClient.java:onNext(255)) - client-DE0880F50CF2->72f5ceaa-5b3b-4bc7-b846-41895f4ebd48: receive RaftClientReply:client-DE0880F50CF2->72f5ceaa-5b3b-4bc7-b846-41895f4ebd48@group-833AA35A7EDE, cid=3848, SUCCESS, logIndex=0, commits[72f5ceaa-5b3b-4bc7-b846-41895f4ebd48:c5808, b4e1f7d4-4bb4-47ed-a9cb-53483a899fb2:c5804, d3916bce-b37b-4246-83c6-d24846ba1a72:c5804]
2019-07-08 14:21:53,048 INFO  client.GrpcClientProtocolClient (GrpcClientProtocolClient.java:onNext(255)) - client-DE0880F50CF2->72f5ceaa-5b3b-4bc7-b846-41895f4ebd48: receive RaftClientReply:client-DE0880F50CF2->72f5ceaa-5b3b-4bc7-b846-41895f4ebd48@group-833AA35A7EDE, cid=3849, SUCCESS, logIndex=5811, commits[72f5ceaa-5b3b-4bc7-b846-41895f4ebd48:c5812, b4e1f7d4-4bb4-47ed-a9cb-53483a899fb2:c5810, d3916bce-b37b-4246-83c6-d24846ba1a72:c5810]
2019-07-08 14:21:53,049 INFO  client.GrpcClientProtocolClient (GrpcClientProtocolClient.java:onNext(255)) - client-DE0880F50CF2->72f5ceaa-5b3b-4bc7-b846-41895f4ebd48: receive RaftClientReply:client-DE0880F50CF2->72f5ceaa-5b3b-4bc7-b846-41895f4ebd48@group-833AA35A7EDE, cid=3850, SUCCESS, logIndex=5812, commits[72f5ceaa-5b3b-4bc7-b846-41895f4ebd48:c5812, b4e1f7d4-4bb4-47ed-a9cb-53483a899fb2:c5810, d3916bce-b37b-4246-83c6-d24846ba1a72:c5810]
 0.00% |█                                                                                                    |  0/1 Time: 0:00:482019-07-08 14:21:54,508 INFO  client.GrpcClientProtocolClient (GrpcClientProtocolClient.java:onNext(255)) - client-DE0880F50CF2->72f5ceaa-5b3b-4bc7-b846-41895f4ebd48: receive RaftClientReply:client-DE0880F50CF2->72f5ceaa-5b3b-4bc7-b846-41895f4ebd48@group-833AA35A7EDE, cid=3851, SUCCESS, logIndex=5815, commits[72f5ceaa-5b3b-4bc7-b846-41895f4ebd48:c5816, b4e1f7d4-4bb4-47ed-a9cb-53483a899fb2:c5814, d3916bce-b37b-4246-83c6-d24846ba1a72:c5814]
2019-07-08 14:21:54,509 INFO  client.GrpcClientProtocolClient (GrpcClientProtocolClient.java:onNext(255)) - client-DE0880F50CF2->72f5ceaa-5b3b-4bc7-b846-41895f4ebd48: receive RaftClientReply:client-DE0880F50CF2->72f5ceaa-5b3b-4bc7-b846-41895f4ebd48@group-833AA35A7EDE, cid=3852, SUCCESS, logIndex=5816, commits[72f5ceaa-5b3b-4bc7-b846-41895f4ebd48:c5816, b4e1f7d4-4bb4-47ed-a9cb-53483a899fb2:c5814, d3916bce-b37b-4246-83c6-d24846ba1a72:c5814]
2019-07-08 14:21:54,511 INFO  client.GrpcClientProtocolClient (GrpcClientProtocolClient.java:onNext(255)) - client-DE0880F50CF2->72f5ceaa-5b3b-4bc7-b846-41895f4ebd48: receive RaftClientReply:client-DE0880F50CF2->72f5ceaa-5b3b-4bc7-b846-41895f4ebd48@group-833AA35A7EDE, cid=3853, SUCCESS, logIndex=0, commits[72f5ceaa-5b3b-4bc7-b846-41895f4ebd48:c5817, b4e1f7d4-4bb4-47ed-a9cb-53483a899fb2:c5816, d3916bce-b37b-4246-83c6-d24846ba1a72:c5816]
 0.00% |█                                                                                                    |  0/1 Time: 0:00:492019-07-08 14:21:55,491 INFO  client.GrpcClientProtocolClient (GrpcClientProtocolClient.java:onNext(255)) - client-DE0880F50CF2->72f5ceaa-5b3b-4bc7-b846-41895f4ebd48: receive RaftClientReply:client-DE0880F50CF2->72f5ceaa-5b3b-4bc7-b846-41895f4ebd48@group-833AA35A7EDE, cid=3854, SUCCESS, logIndex=5818, commits[72f5ceaa-5b3b-4bc7-b846-41895f4ebd48:c5819, b4e1f7d4-4bb4-47ed-a9cb-53483a899fb2:c5816, d3916bce-b37b-4246-83c6-d24846ba1a72:c5817]
2019-07-08 14:21:55,492 INFO  client.GrpcClientProtocolClient (GrpcClientProtocolClient.java:onNext(255)) - client-DE0880F50CF2->72f5ceaa-5b3b-4bc7-b846-41895f4ebd48: receive RaftClientReply:client-DE0880F50CF2->72f5ceaa-5b3b-4bc7-b846-41895f4ebd48@group-833AA35A7EDE, cid=3855, SUCCESS, logIndex=5819, commits[72f5ceaa-5b3b-4bc7-b846-41895f4ebd48:c5819, b4e1f7d4-4bb4-47ed-a9cb-53483a899fb2:c5817, d3916bce-b37b-4246-83c6-d24846ba1a72:c5817]
2019-07-08 14:21:55,923 INFO  client.GrpcClientProtocolClient (GrpcClientProtocolClient.java:onNext(255)) - client-DE0880F50CF2->72f5ceaa-5b3b-4bc7-b846-41895f4ebd48: receive RaftClientReply:client-DE0880F50CF2->72f5ceaa-5b3b-4bc7-b846-41895f4ebd48@group-833AA35A7EDE, cid=3856, SUCCESS, logIndex=5820, commits[72f5ceaa-5b3b-4bc7-b846-41895f4ebd48:c5821, b4e1f7d4-4bb4-47ed-a9cb-53483a899fb2:c5817, d3916bce-b37b-4246-83c6-d24846ba1a72:c5817]
2019-07-08 14:21:55,924 INFO  client.GrpcClientProtocolClient (GrpcClientProtocolClient.java:onNext(255)) - client-DE0880F50CF2->72f5ceaa-5b3b-4bc7-b846-41895f4ebd48: receive RaftClientReply:client-DE0880F50CF2->72f5ceaa-5b3b-4bc7-b846-41895f4ebd48@group-833AA35A7EDE, cid=3857, SUCCESS, logIndex=5821, commits[72f5ceaa-5b3b-4bc7-b846-41895f4ebd48:c5821, b4e1f7d4-4bb4-47ed-a9cb-53483a899fb2:c5819, d3916bce-b37b-4246-83c6-d24846ba1a72:c5819]
 0.00% |█                                                                                                    |  0/1 Time: 0:00:50 0.00% |█                                                                                                    |  0/1 Time: 0:00:51 0.00% |█                                                                                                    |  0/1 Time: 0:00:522019-07-08 14:21:58,597 INFO  client.GrpcClientProtocolClient (GrpcClientProtocolClient.java:onNext(255)) - client-DE0880F50CF2->72f5ceaa-5b3b-4bc7-b846-41895f4ebd48: receive RaftClientReply:client-DE0880F50CF2->72f5ceaa-5b3b-4bc7-b846-41895f4ebd48@group-833AA35A7EDE, cid=3858, SUCCESS, logIndex=5826, commits[72f5ceaa-5b3b-4bc7-b846-41895f4ebd48:c5827, b4e1f7d4-4bb4-47ed-a9cb-53483a899fb2:c5821, d3916bce-b37b-4246-83c6-d24846ba1a72:c5825]
2019-07-08 14:21:58,598 INFO  client.GrpcClientProtocolClient (GrpcClientProtocolClient.java:onNext(255)) - client-DE0880F50CF2->72f5ceaa-5b3b-4bc7-b846-41895f4ebd48: receive RaftClientReply:client-DE0880F50CF2->72f5ceaa-5b3b-4bc7-b846-41895f4ebd48@group-833AA35A7EDE, cid=3859, SUCCESS, logIndex=5827, commits[72f5ceaa-5b3b-4bc7-b846-41895f4ebd48:c5827, b4e1f7d4-4bb4-47ed-a9cb-53483a899fb2:c5821, d3916bce-b37b-4246-83c6-d24846ba1a72:c5825]
2019-07-08 14:21:58,623 INFO  client.GrpcClientProtocolClient (GrpcClientProtocolClient.java:onNext(255)) - client-DE0880F50CF2->72f5ceaa-5b3b-4bc7-b846-41895f4ebd48: receive RaftClientReply:client-DE0880F50CF2->72f5ceaa-5b3b-4bc7-b846-41895f4ebd48@group-833AA35A7EDE, cid=3860, SUCCESS, logIndex=5830, commits[72f5ceaa-5b3b-4bc7-b846-41895f4ebd48:c5831, b4e1f7d4-4bb4-47ed-a9cb-53483a899fb2:c5827, d3916bce-b37b-4246-83c6-d24846ba1a72:c5827]
2019-07-08 14:21:58,623 INFO  client.GrpcClientProtocolClient (GrpcClientProtocolClient.java:onNext(255)) - client-DE0880F50CF2->72f5ceaa-5b3b-4bc7-b846-41895f4ebd48: receive RaftClientReply:client-DE0880F50CF2->72f5ceaa-5b3b-4bc7-b846-41895f4ebd48@group-833AA35A7EDE, cid=3861, SUCCESS, logIndex=5831, commits[72f5ceaa-5b3b-4bc7-b846-41895f4ebd48:c5831, b4e1f7d4-4bb4-47ed-a9cb-53483a899fb2:c5827, d3916bce-b37b-4246-83c6-d24846ba1a72:c5827]
2019-07-08 14:21:58,982 INFO  client.GrpcClientProtocolClient (GrpcClientProtocolClient.java:onNext(255)) - client-DE0880F50CF2->72f5ceaa-5b3b-4bc7-b846-41895f4ebd48: receive RaftClientReply:client-DE0880F50CF2->72f5ceaa-5b3b-4bc7-b846-41895f4ebd48@group-833AA35A7EDE, cid=3862, SUCCESS, logIndex=0, commits[72f5ceaa-5b3b-4bc7-b846-41895f4ebd48:c5832, b4e1f7d4-4bb4-47ed-a9cb-53483a899fb2:c5831, d3916bce-b37b-4246-83c6-d24846ba1a72:c5831]
 0.00% |█                                                                                                    |  0/1 Time: 0:00:532019-07-08 14:21:59,033 INFO  client.GrpcClientProtocolClient (GrpcClientProtocolClient.java:onNext(255)) - client-DE0880F50CF2->72f5ceaa-5b3b-4bc7-b846-41895f4ebd48: receive RaftClientReply:client-DE0880F50CF2->72f5ceaa-5b3b-4bc7-b846-41895f4ebd48@group-833AA35A7EDE, cid=3863, SUCCESS, logIndex=5834, commits[72f5ceaa-5b3b-4bc7-b846-41895f4ebd48:c5836, b4e1f7d4-4bb4-47ed-a9cb-53483a899fb2:c5833, d3916bce-b37b-4246-83c6-d24846ba1a72:c5833]
2019-07-08 14:21:59,034 INFO  client.GrpcClientProtocolClient (GrpcClientProtocolClient.java:onNext(255)) - client-DE0880F50CF2->72f5ceaa-5b3b-4bc7-b846-41895f4ebd48: receive RaftClientReply:client-DE0880F50CF2->72f5ceaa-5b3b-4bc7-b846-41895f4ebd48@group-833AA35A7EDE, cid=3864, SUCCESS, logIndex=5835, commits[72f5ceaa-5b3b-4bc7-b846-41895f4ebd48:c5837, b4e1f7d4-4bb4-47ed-a9cb-53483a899fb2:c5833, d3916bce-b37b-4246-83c6-d24846ba1a72:c5833]
2019-07-08 14:21:59,035 INFO  client.GrpcClientProtocolClient (GrpcClientProtocolClient.java:onNext(255)) - client-DE0880F50CF2->72f5ceaa-5b3b-4bc7-b846-41895f4ebd48: receive RaftClientReply:client-DE0880F50CF2->72f5ceaa-5b3b-4bc7-b846-41895f4ebd48@group-833AA35A7EDE, cid=3865, SUCCESS, logIndex=5836, commits[72f5ceaa-5b3b-4bc7-b846-41895f4ebd48:c5837, b4e1f7d4-4bb4-47ed-a9cb-53483a899fb2:c5833, d3916bce-b37b-4246-83c6-d24846ba1a72:c5833]
2019-07-08 14:21:59,035 INFO  client.GrpcClientProtocolClient (GrpcClientProtocolClient.java:onNext(255)) - client-DE0880F50CF2->72f5ceaa-5b3b-4bc7-b846-41895f4ebd48: receive RaftClientReply:client-DE0880F50CF2->72f5ceaa-5b3b-4bc7-b846-41895f4ebd48@group-833AA35A7EDE, cid=3866, SUCCESS, logIndex=5837, commits[72f5ceaa-5b3b-4bc7-b846-41895f4ebd48:c5839, b4e1f7d4-4bb4-47ed-a9cb-53483a899fb2:c5833, d3916bce-b37b-4246-83c6-d24846ba1a72:c5835]
2019-07-08 14:21:59,037 INFO  client.GrpcClientProtocolClient (GrpcClientProtocolClient.java:onNext(255)) - client-DE0880F50CF2->72f5ceaa-5b3b-4bc7-b846-41895f4ebd48: receive RaftClientReply:client-DE0880F50CF2->72f5ceaa-5b3b-4bc7-b846-41895f4ebd48@group-833AA35A7EDE, cid=3867, SUCCESS, logIndex=0, commits[72f5ceaa-5b3b-4bc7-b846-41895f4ebd48:c5841, b4e1f7d4-4bb4-47ed-a9cb-53483a899fb2:c5835, d3916bce-b37b-4246-83c6-d24846ba1a72:c5837]
2019-07-08 14:21:59,059 INFO  client.GrpcClientProtocolClient (GrpcClientProtocolClient.java:onNext(255)) - client-DE0880F50CF2->72f5ceaa-5b3b-4bc7-b846-41895f4ebd48: receive RaftClientReply:client-DE0880F50CF2->72f5ceaa-5b3b-4bc7-b846-41895f4ebd48@group-833AA35A7EDE, cid=3868, SUCCESS, logIndex=5842, commits[72f5ceaa-5b3b-4bc7-b846-41895f4ebd48:c5843, b4e1f7d4-4bb4-47ed-a9cb-53483a899fb2:c5841, d3916bce-b37b-4246-83c6-d24846ba1a72:c5841]
2019-07-08 14:21:59,059 INFO  client.GrpcClientProtocolClient (GrpcClientProtocolClient.java:onNext(255)) - client-DE0880F50CF2->72f5ceaa-5b3b-4bc7-b846-41895f4ebd48: receive RaftClientReply:client-DE0880F50CF2->72f5ceaa-5b3b-4bc7-b846-41895f4ebd48@group-833AA35A7EDE, cid=3869, SUCCESS, logIndex=5843, commits[72f5ceaa-5b3b-4bc7-b846-41895f4ebd48:c5843, b4e1f7d4-4bb4-47ed-a9cb-53483a899fb2:c5841, d3916bce-b37b-4246-83c6-d24846ba1a72:c5841]
2019-07-08 14:21:59,076 INFO  client.GrpcClientProtocolClient (GrpcClientProtocolClient.java:onNext(255)) - client-DE0880F50CF2->72f5ceaa-5b3b-4bc7-b846-41895f4ebd48: receive RaftClientReply:client-DE0880F50CF2->72f5ceaa-5b3b-4bc7-b846-41895f4ebd48@group-833AA35A7EDE, cid=3870, SUCCESS, logIndex=5846, commits[72f5ceaa-5b3b-4bc7-b846-41895f4ebd48:c5847, b4e1f7d4-4bb4-47ed-a9cb-53483a899fb2:c5843, d3916bce-b37b-4246-83c6-d24846ba1a72:c5843]
2019-07-08 14:21:59,076 INFO  client.GrpcClientProtocolClient (GrpcClientProtocolClient.java:onNext(255)) - client-DE0880F50CF2->72f5ceaa-5b3b-4bc7-b846-41895f4ebd48: receive RaftClientReply:client-DE0880F50CF2->72f5ceaa-5b3b-4bc7-b846-41895f4ebd48@group-833AA35A7EDE, cid=3871, SUCCESS, logIndex=5847, commits[72f5ceaa-5b3b-4bc7-b846-41895f4ebd48:c5847, b4e1f7d4-4bb4-47ed-a9cb-53483a899fb2:c5843, d3916bce-b37b-4246-83c6-d24846ba1a72:c5843]
2019-07-08 14:21:59,097 INFO  client.GrpcClientProtocolClient (GrpcClientProtocolClient.java:onNext(255)) - client-DE0880F50CF2->72f5ceaa-5b3b-4bc7-b846-41895f4ebd48: receive RaftClientReply:client-DE0880F50CF2->72f5ceaa-5b3b-4bc7-b846-41895f4ebd48@group-833AA35A7EDE, cid=3872, SUCCESS, logIndex=0, commits[72f5ceaa-5b3b-4bc7-b846-41895f4ebd48:c5849, b4e1f7d4-4bb4-47ed-a9cb-53483a899fb2:c5847, d3916bce-b37b-4246-83c6-d24846ba1a72:c5847]
2019-07-08 14:21:59,138 INFO  client.GrpcClientProtocolClient (GrpcClientProtocolClient.java:onNext(255)) - client-DE0880F50CF2->72f5ceaa-5b3b-4bc7-b846-41895f4ebd48: receive RaftClientReply:client-DE0880F50CF2->72f5ceaa-5b3b-4bc7-b846-41895f4ebd48@group-833AA35A7EDE, cid=3873, SUCCESS, logIndex=5850, commits[72f5ceaa-5b3b-4bc7-b846-41895f4ebd48:c5851, b4e1f7d4-4bb4-47ed-a9cb-53483a899fb2:c5849, d3916bce-b37b-4246-83c6-d24846ba1a72:c5849]
2019-07-08 14:21:59,139 INFO  client.GrpcClientProtocolClient (GrpcClientProtocolClient.java:onNext(255)) - client-DE0880F50CF2->72f5ceaa-5b3b-4bc7-b846-41895f4ebd48: receive RaftClientReply:client-DE0880F50CF2->72f5ceaa-5b3b-4bc7-b846-41895f4ebd48@group-833AA35A7EDE, cid=3874, SUCCESS, logIndex=5851, commits[72f5ceaa-5b3b-4bc7-b846-41895f4ebd48:c5851, b4e1f7d4-4bb4-47ed-a9cb-53483a899fb2:c5849, d3916bce-b37b-4246-83c6-d24846ba1a72:c5849]
2019-07-08 14:21:59,140 INFO  client.GrpcClientProtocolClient (GrpcClientProtocolClient.java:onNext(255)) - client-DE0880F50CF2->72f5ceaa-5b3b-4bc7-b846-41895f4ebd48: receive RaftClientReply:client-DE0880F50CF2->72f5ceaa-5b3b-4bc7-b846-41895f4ebd48@group-833AA35A7EDE, cid=3875, SUCCESS, logIndex=5852, commits[72f5ceaa-5b3b-4bc7-b846-41895f4ebd48:c5853, b4e1f7d4-4bb4-47ed-a9cb-53483a899fb2:c5849, d3916bce-b37b-4246-83c6-d24846ba1a72:c5849]
2019-07-08 14:21:59,140 INFO  client.GrpcClientProtocolClient (GrpcClientProtocolClient.java:onNext(255)) - client-DE0880F50CF2->72f5ceaa-5b3b-4bc7-b846-41895f4ebd48: receive RaftClientReply:client-DE0880F50CF2->72f5ceaa-5b3b-4bc7-b846-41895f4ebd48@group-833AA35A7EDE, cid=3876, SUCCESS, logIndex=5853, commits[72f5ceaa-5b3b-4bc7-b846-41895f4ebd48:c5853, b4e1f7d4-4bb4-47ed-a9cb-53483a899fb2:c5849, d3916bce-b37b-4246-83c6-d24846ba1a72:c5849]
2019-07-08 14:21:59,143 INFO  client.GrpcClientProtocolClient (GrpcClientProtocolClient.java:onNext(255)) - client-DE0880F50CF2->72f5ceaa-5b3b-4bc7-b846-41895f4ebd48: receive RaftClientReply:client-DE0880F50CF2->72f5ceaa-5b3b-4bc7-b846-41895f4ebd48@group-833AA35A7EDE, cid=3877, SUCCESS, logIndex=0, commits[72f5ceaa-5b3b-4bc7-b846-41895f4ebd48:c5857, b4e1f7d4-4bb4-47ed-a9cb-53483a899fb2:c5851, d3916bce-b37b-4246-83c6-d24846ba1a72:c5853]
2019-07-08 14:21:59,158 INFO  client.GrpcClientProtocolClient (GrpcClientProtocolClient.java:onNext(255)) - client-DE0880F50CF2->72f5ceaa-5b3b-4bc7-b846-41895f4ebd48: receive RaftClientReply:client-DE0880F50CF2->72f5ceaa-5b3b-4bc7-b846-41895f4ebd48@group-833AA35A7EDE, cid=3878, SUCCESS, logIndex=5858, commits[72f5ceaa-5b3b-4bc7-b846-41895f4ebd48:c5859, b4e1f7d4-4bb4-47ed-a9cb-53483a899fb2:c5853, d3916bce-b37b-4246-83c6-d24846ba1a72:c5857]
2019-07-08 14:21:59,159 INFO  client.GrpcClientProtocolClient (GrpcClientProtocolClient.java:onNext(255)) - client-DE0880F50CF2->72f5ceaa-5b3b-4bc7-b846-41895f4ebd48: receive RaftClientReply:client-DE0880F50CF2->72f5ceaa-5b3b-4bc7-b846-41895f4ebd48@group-833AA35A7EDE, cid=3879, SUCCESS, logIndex=5859, commits[72f5ceaa-5b3b-4bc7-b846-41895f4ebd48:c5859, b4e1f7d4-4bb4-47ed-a9cb-53483a899fb2:c5857, d3916bce-b37b-4246-83c6-d24846ba1a72:c5857]
2019-07-08 14:21:59,177 INFO  client.GrpcClientProtocolClient (GrpcClientProtocolClient.java:onNext(255)) - client-DE0880F50CF2->72f5ceaa-5b3b-4bc7-b846-41895f4ebd48: receive RaftClientReply:client-DE0880F50CF2->72f5ceaa-5b3b-4bc7-b846-41895f4ebd48@group-833AA35A7EDE, cid=3880, SUCCESS, logIndex=5862, commits[72f5ceaa-5b3b-4bc7-b846-41895f4ebd48:c5863, b4e1f7d4-4bb4-47ed-a9cb-53483a899fb2:c5861, d3916bce-b37b-4246-83c6-d24846ba1a72:c5861]
2019-07-08 14:21:59,177 INFO  client.GrpcClientProtocolClient (GrpcClientProtocolClient.java:onNext(255)) - client-DE0880F50CF2->72f5ceaa-5b3b-4bc7-b846-41895f4ebd48: receive RaftClientReply:client-DE0880F50CF2->72f5ceaa-5b3b-4bc7-b846-41895f4ebd48@group-833AA35A7EDE, cid=3881, SUCCESS, logIndex=5863, commits[72f5ceaa-5b3b-4bc7-b846-41895f4ebd48:c5863, b4e1f7d4-4bb4-47ed-a9cb-53483a899fb2:c5861, d3916bce-b37b-4246-83c6-d24846ba1a72:c5861]
2019-07-08 14:21:59,196 INFO  client.GrpcClientProtocolClient (GrpcClientProtocolClient.java:onNext(255)) - client-DE0880F50CF2->72f5ceaa-5b3b-4bc7-b846-41895f4ebd48: receive RaftClientReply:client-DE0880F50CF2->72f5ceaa-5b3b-4bc7-b846-41895f4ebd48@group-833AA35A7EDE, cid=3882, SUCCESS, logIndex=0, commits[72f5ceaa-5b3b-4bc7-b846-41895f4ebd48:c5865, b4e1f7d4-4bb4-47ed-a9cb-53483a899fb2:c5863, d3916bce-b37b-4246-83c6-d24846ba1a72:c5863]
2019-07-08 14:21:59,229 INFO  client.GrpcClientProtocolClient (GrpcClientProtocolClient.java:onNext(255)) - client-DE0880F50CF2->72f5ceaa-5b3b-4bc7-b846-41895f4ebd48: receive RaftClientReply:client-DE0880F50CF2->72f5ceaa-5b3b-4bc7-b846-41895f4ebd48@group-833AA35A7EDE, cid=3883, SUCCESS, logIndex=5866, commits[72f5ceaa-5b3b-4bc7-b846-41895f4ebd48:c5867, b4e1f7d4-4bb4-47ed-a9cb-53483a899fb2:c5865, d3916bce-b37b-4246-83c6-d24846ba1a72:c5865]
2019-07-08 14:21:59,230 INFO  client.GrpcClientProtocolClient (GrpcClientProtocolClient.java:onNext(255)) - client-DE0880F50CF2->72f5ceaa-5b3b-4bc7-b846-41895f4ebd48: receive RaftClientReply:client-DE0880F50CF2->72f5ceaa-5b3b-4bc7-b846-41895f4ebd48@group-833AA35A7EDE, cid=3884, SUCCESS, logIndex=5867, commits[72f5ceaa-5b3b-4bc7-b846-41895f4ebd48:c5869, b4e1f7d4-4bb4-47ed-a9cb-53483a899fb2:c5865, d3916bce-b37b-4246-83c6-d24846ba1a72:c5865]
2019-07-08 14:21:59,231 INFO  client.GrpcClientProtocolClient (GrpcClientProtocolClient.java:onNext(255)) - client-DE0880F50CF2->72f5ceaa-5b3b-4bc7-b846-41895f4ebd48: receive RaftClientReply:client-DE0880F50CF2->72f5ceaa-5b3b-4bc7-b846-41895f4ebd48@group-833AA35A7EDE, cid=3885, SUCCESS, logIndex=5868, commits[72f5ceaa-5b3b-4bc7-b846-41895f4ebd48:c5869, b4e1f7d4-4bb4-47ed-a9cb-53483a899fb2:c5865, d3916bce-b37b-4246-83c6-d24846ba1a72:c5865]
2019-07-08 14:21:59,231 INFO  client.GrpcClientProtocolClient (GrpcClientProtocolClient.java:onNext(255)) - client-DE0880F50CF2->72f5ceaa-5b3b-4bc7-b846-41895f4ebd48: receive RaftClientReply:client-DE0880F50CF2->72f5ceaa-5b3b-4bc7-b846-41895f4ebd48@group-833AA35A7EDE, cid=3886, SUCCESS, logIndex=5869, commits[72f5ceaa-5b3b-4bc7-b846-41895f4ebd48:c5869, b4e1f7d4-4bb4-47ed-a9cb-53483a899fb2:c5865, d3916bce-b37b-4246-83c6-d24846ba1a72:c5865]
2019-07-08 14:21:59,241 INFO  client.GrpcClientProtocolClient (GrpcClientProtocolClient.java:onNext(255)) - client-DE0880F50CF2->72f5ceaa-5b3b-4bc7-b846-41895f4ebd48: receive RaftClientReply:client-DE0880F50CF2->72f5ceaa-5b3b-4bc7-b846-41895f4ebd48@group-833AA35A7EDE, cid=3887, SUCCESS, logIndex=0, commits[72f5ceaa-5b3b-4bc7-b846-41895f4ebd48:c5871, b4e1f7d4-4bb4-47ed-a9cb-53483a899fb2:c5867, d3916bce-b37b-4246-83c6-d24846ba1a72:c5867]
2019-07-08 14:21:59,255 INFO  client.GrpcClientProtocolClient (GrpcClientProtocolClient.java:onNext(255)) - client-DE0880F50CF2->72f5ceaa-5b3b-4bc7-b846-41895f4ebd48: receive RaftClientReply:client-DE0880F50CF2->72f5ceaa-5b3b-4bc7-b846-41895f4ebd48@group-833AA35A7EDE, cid=3888, SUCCESS, logIndex=5874, commits[72f5ceaa-5b3b-4bc7-b846-41895f4ebd48:c5875, b4e1f7d4-4bb4-47ed-a9cb-53483a899fb2:c5873, d3916bce-b37b-4246-83c6-d24846ba1a72:c5873]
2019-07-08 14:21:59,256 INFO  client.GrpcClientProtocolClient (GrpcClientProtocolClient.java:onNext(255)) - client-DE0880F50CF2->72f5ceaa-5b3b-4bc7-b846-41895f4ebd48: receive RaftClientReply:client-DE0880F50CF2->72f5ceaa-5b3b-4bc7-b846-41895f4ebd48@group-833AA35A7EDE, cid=3889, SUCCESS, logIndex=5875, commits[72f5ceaa-5b3b-4bc7-b846-41895f4ebd48:c5875, b4e1f7d4-4bb4-47ed-a9cb-53483a899fb2:c5873, d3916bce-b37b-4246-83c6-d24846ba1a72:c5873]
2019-07-08 14:21:59,269 INFO  client.GrpcClientProtocolClient (GrpcClientProtocolClient.java:onNext(255)) - client-DE0880F50CF2->72f5ceaa-5b3b-4bc7-b846-41895f4ebd48: receive RaftClientReply:client-DE0880F50CF2->72f5ceaa-5b3b-4bc7-b846-41895f4ebd48@group-833AA35A7EDE, cid=3890, SUCCESS, logIndex=5878, commits[72f5ceaa-5b3b-4bc7-b846-41895f4ebd48:c5878, b4e1f7d4-4bb4-47ed-a9cb-53483a899fb2:c5875, d3916bce-b37b-4246-83c6-d24846ba1a72:c5875]
2019-07-08 14:21:59,270 INFO  client.GrpcClientProtocolClient (GrpcClientProtocolClient.java:onNext(255)) - client-DE0880F50CF2->72f5ceaa-5b3b-4bc7-b846-41895f4ebd48: receive RaftClientReply:client-DE0880F50CF2->72f5ceaa-5b3b-4bc7-b846-41895f4ebd48@group-833AA35A7EDE, cid=3891, SUCCESS, logIndex=5879, commits[72f5ceaa-5b3b-4bc7-b846-41895f4ebd48:c5879, b4e1f7d4-4bb4-47ed-a9cb-53483a899fb2:c5875, d3916bce-b37b-4246-83c6-d24846ba1a72:c5875]
2019-07-08 14:21:59,283 INFO  client.GrpcClientProtocolClient (GrpcClientProtocolClient.java:onNext(255)) - client-DE0880F50CF2->72f5ceaa-5b3b-4bc7-b846-41895f4ebd48: receive RaftClientReply:client-DE0880F50CF2->72f5ceaa-5b3b-4bc7-b846-41895f4ebd48@group-833AA35A7EDE, cid=3892, SUCCESS, logIndex=0, commits[72f5ceaa-5b3b-4bc7-b846-41895f4ebd48:c5881, b4e1f7d4-4bb4-47ed-a9cb-53483a899fb2:c5879, d3916bce-b37b-4246-83c6-d24846ba1a72:c5879]
2019-07-08 14:21:59,319 INFO  client.GrpcClientProtocolClient (GrpcClientProtocolClient.java:onNext(255)) - client-DE0880F50CF2->72f5ceaa-5b3b-4bc7-b846-41895f4ebd48: receive RaftClientReply:client-DE0880F50CF2->72f5ceaa-5b3b-4bc7-b846-41895f4ebd48@group-833AA35A7EDE, cid=3893, SUCCESS, logIndex=5882, commits[72f5ceaa-5b3b-4bc7-b846-41895f4ebd48:c5885, b4e1f7d4-4bb4-47ed-a9cb-53483a899fb2:c5881, d3916bce-b37b-4246-83c6-d24846ba1a72:c5881]
2019-07-08 14:21:59,320 INFO  client.GrpcClientProtocolClient (GrpcClientProtocolClient.java:onNext(255)) - client-DE0880F50CF2->72f5ceaa-5b3b-4bc7-b846-41895f4ebd48: receive RaftClientReply:client-DE0880F50CF2->72f5ceaa-5b3b-4bc7-b846-41895f4ebd48@group-833AA35A7EDE, cid=3894, SUCCESS, logIndex=5883, commits[72f5ceaa-5b3b-4bc7-b846-41895f4ebd48:c5885, b4e1f7d4-4bb4-47ed-a9cb-53483a899fb2:c5881, d3916bce-b37b-4246-83c6-d24846ba1a72:c5881]
2019-07-08 14:21:59,321 INFO  client.GrpcClientProtocolClient (GrpcClientProtocolClient.java:onNext(255)) - client-DE0880F50CF2->72f5ceaa-5b3b-4bc7-b846-41895f4ebd48: receive RaftClientReply:client-DE0880F50CF2->72f5ceaa-5b3b-4bc7-b846-41895f4ebd48@group-833AA35A7EDE, cid=3895, SUCCESS, logIndex=5884, commits[72f5ceaa-5b3b-4bc7-b846-41895f4ebd48:c5885, b4e1f7d4-4bb4-47ed-a9cb-53483a899fb2:c5881, d3916bce-b37b-4246-83c6-d24846ba1a72:c5881]
2019-07-08 14:21:59,321 INFO  client.GrpcClientProtocolClient (GrpcClientProtocolClient.java:onNext(255)) - client-DE0880F50CF2->72f5ceaa-5b3b-4bc7-b846-41895f4ebd48: receive RaftClientReply:client-DE0880F50CF2->72f5ceaa-5b3b-4bc7-b846-41895f4ebd48@group-833AA35A7EDE, cid=3896, SUCCESS, logIndex=5885, commits[72f5ceaa-5b3b-4bc7-b846-41895f4ebd48:c5885, b4e1f7d4-4bb4-47ed-a9cb-53483a899fb2:c5881, d3916bce-b37b-4246-83c6-d24846ba1a72:c5882]
2019-07-08 14:21:59,331 INFO  client.GrpcClientProtocolClient (GrpcClientProtocolClient.java:onNext(255)) - client-DE0880F50CF2->72f5ceaa-5b3b-4bc7-b846-41895f4ebd48: receive RaftClientReply:client-DE0880F50CF2->72f5ceaa-5b3b-4bc7-b846-41895f4ebd48@group-833AA35A7EDE, cid=3897, SUCCESS, logIndex=0, commits[72f5ceaa-5b3b-4bc7-b846-41895f4ebd48:c5887, b4e1f7d4-4bb4-47ed-a9cb-53483a899fb2:c5883, d3916bce-b37b-4246-83c6-d24846ba1a72:c5883]
2019-07-08 14:21:59,343 INFO  client.GrpcClientProtocolClient (GrpcClientProtocolClient.java:onNext(255)) - client-DE0880F50CF2->72f5ceaa-5b3b-4bc7-b846-41895f4ebd48: receive RaftClientReply:client-DE0880F50CF2->72f5ceaa-5b3b-4bc7-b846-41895f4ebd48@group-833AA35A7EDE, cid=3898, SUCCESS, logIndex=5890, commits[72f5ceaa-5b3b-4bc7-b846-41895f4ebd48:c5891, b4e1f7d4-4bb4-47ed-a9cb-53483a899fb2:c5884, d3916bce-b37b-4246-83c6-d24846ba1a72:c5888]
2019-07-08 14:21:59,343 INFO  client.GrpcClientProtocolClient (GrpcClientProtocolClient.java:onNext(255)) - client-DE0880F50CF2->72f5ceaa-5b3b-4bc7-b846-41895f4ebd48: receive RaftClientReply:client-DE0880F50CF2->72f5ceaa-5b3b-4bc7-b846-41895f4ebd48@group-833AA35A7EDE, cid=3899, SUCCESS, logIndex=5891, commits[72f5ceaa-5b3b-4bc7-b846-41895f4ebd48:c5891, b4e1f7d4-4bb4-47ed-a9cb-53483a899fb2:c5885, d3916bce-b37b-4246-83c6-d24846ba1a72:c5888]
2019-07-08 14:21:59,368 INFO  client.GrpcClientProtocolClient (GrpcClientProtocolClient.java:onNext(255)) - client-DE0880F50CF2->72f5ceaa-5b3b-4bc7-b846-41895f4ebd48: receive RaftClientReply:client-DE0880F50CF2->72f5ceaa-5b3b-4bc7-b846-41895f4ebd48@group-833AA35A7EDE, cid=3900, SUCCESS, logIndex=5894, commits[72f5ceaa-5b3b-4bc7-b846-41895f4ebd48:c5895, b4e1f7d4-4bb4-47ed-a9cb-53483a899fb2:c5893, d3916bce-b37b-4246-83c6-d24846ba1a72:c5893]
2019-07-08 14:21:59,369 INFO  client.GrpcClientProtocolClient (GrpcClientProtocolClient.java:onNext(255)) - client-DE0880F50CF2->72f5ceaa-5b3b-4bc7-b846-41895f4ebd48: receive RaftClientReply:client-DE0880F50CF2->72f5ceaa-5b3b-4bc7-b846-41895f4ebd48@group-833AA35A7EDE, cid=3901, SUCCESS, logIndex=5895, commits[72f5ceaa-5b3b-4bc7-b846-41895f4ebd48:c5895, b4e1f7d4-4bb4-47ed-a9cb-53483a899fb2:c5893, d3916bce-b37b-4246-83c6-d24846ba1a72:c5893]
2019-07-08 14:21:59,378 INFO  client.GrpcClientProtocolClient (GrpcClientProtocolClient.java:onNext(255)) - client-DE0880F50CF2->72f5ceaa-5b3b-4bc7-b846-41895f4ebd48: receive RaftClientReply:client-DE0880F50CF2->72f5ceaa-5b3b-4bc7-b846-41895f4ebd48@group-833AA35A7EDE, cid=3902, SUCCESS, logIndex=0, commits[72f5ceaa-5b3b-4bc7-b846-41895f4ebd48:c5897, b4e1f7d4-4bb4-47ed-a9cb-53483a899fb2:c5895, d3916bce-b37b-4246-83c6-d24846ba1a72:c5895]
2019-07-08 14:21:59,443 INFO  client.GrpcClientProtocolClient (GrpcClientProtocolClient.java:onNext(255)) - client-DE0880F50CF2->72f5ceaa-5b3b-4bc7-b846-41895f4ebd48: receive RaftClientReply:client-DE0880F50CF2->72f5ceaa-5b3b-4bc7-b846-41895f4ebd48@group-833AA35A7EDE, cid=3903, SUCCESS, logIndex=5898, commits[72f5ceaa-5b3b-4bc7-b846-41895f4ebd48:c5900, b4e1f7d4-4bb4-47ed-a9cb-53483a899fb2:c5897, d3916bce-b37b-4246-83c6-d24846ba1a72:c5897]
2019-07-08 14:21:59,445 INFO  client.GrpcClientProtocolClient (GrpcClientProtocolClient.java:onNext(255)) - client-DE0880F50CF2->72f5ceaa-5b3b-4bc7-b846-41895f4ebd48: receive RaftClientReply:client-DE0880F50CF2->72f5ceaa-5b3b-4bc7-b846-41895f4ebd48@group-833AA35A7EDE, cid=3904, SUCCESS, logIndex=5899, commits[72f5ceaa-5b3b-4bc7-b846-41895f4ebd48:c5901, b4e1f7d4-4bb4-47ed-a9cb-53483a899fb2:c5897, d3916bce-b37b-4246-83c6-d24846ba1a72:c5897]
2019-07-08 14:21:59,445 INFO  client.GrpcClientProtocolClient (GrpcClientProtocolClient.java:onNext(255)) - client-DE0880F50CF2->72f5ceaa-5b3b-4bc7-b846-41895f4ebd48: receive RaftClientReply:client-DE0880F50CF2->72f5ceaa-5b3b-4bc7-b846-41895f4ebd48@group-833AA35A7EDE, cid=3905, SUCCESS, logIndex=5900, commits[72f5ceaa-5b3b-4bc7-b846-41895f4ebd48:c5901, b4e1f7d4-4bb4-47ed-a9cb-53483a899fb2:c5897, d3916bce-b37b-4246-83c6-d24846ba1a72:c5897]
2019-07-08 14:21:59,446 INFO  client.GrpcClientProtocolClient (GrpcClientProtocolClient.java:onNext(255)) - client-DE0880F50CF2->72f5ceaa-5b3b-4bc7-b846-41895f4ebd48: receive RaftClientReply:client-DE0880F50CF2->72f5ceaa-5b3b-4bc7-b846-41895f4ebd48@group-833AA35A7EDE, cid=3906, SUCCESS, logIndex=5901, commits[72f5ceaa-5b3b-4bc7-b846-41895f4ebd48:c5903, b4e1f7d4-4bb4-47ed-a9cb-53483a899fb2:c5899, d3916bce-b37b-4246-83c6-d24846ba1a72:c5899]
2019-07-08 14:21:59,486 INFO  client.GrpcClientProtocolClient (GrpcClientProtocolClient.java:onNext(255)) - client-DE0880F50CF2->72f5ceaa-5b3b-4bc7-b846-41895f4ebd48: receive RaftClientReply:client-DE0880F50CF2->72f5ceaa-5b3b-4bc7-b846-41895f4ebd48@group-833AA35A7EDE, cid=3907, SUCCESS, logIndex=5906, commits[72f5ceaa-5b3b-4bc7-b846-41895f4ebd48:c5907, b4e1f7d4-4bb4-47ed-a9cb-53483a899fb2:c5905, d3916bce-b37b-4246-83c6-d24846ba1a72:c5905]
2019-07-08 14:21:59,487 INFO  client.GrpcClientProtocolClient (GrpcClientProtocolClient.java:onNext(255)) - client-DE0880F50CF2->72f5ceaa-5b3b-4bc7-b846-41895f4ebd48: receive RaftClientReply:client-DE0880F50CF2->72f5ceaa-5b3b-4bc7-b846-41895f4ebd48@group-833AA35A7EDE, cid=3908, SUCCESS, logIndex=5907, commits[72f5ceaa-5b3b-4bc7-b846-41895f4ebd48:c5907, b4e1f7d4-4bb4-47ed-a9cb-53483a899fb2:c5905, d3916bce-b37b-4246-83c6-d24846ba1a72:c5905]
2019-07-08 14:21:59,500 INFO  client.GrpcClientProtocolClient (GrpcClientProtocolClient.java:onNext(255)) - client-DE0880F50CF2->72f5ceaa-5b3b-4bc7-b846-41895f4ebd48: receive RaftClientReply:client-DE0880F50CF2->72f5ceaa-5b3b-4bc7-b846-41895f4ebd48@group-833AA35A7EDE, cid=3909, SUCCESS, logIndex=5910, commits[72f5ceaa-5b3b-4bc7-b846-41895f4ebd48:c5911, b4e1f7d4-4bb4-47ed-a9cb-53483a899fb2:c5907, d3916bce-b37b-4246-83c6-d24846ba1a72:c5907]
2019-07-08 14:21:59,501 INFO  client.GrpcClientProtocolClient (GrpcClientProtocolClient.java:onNext(255)) - client-DE0880F50CF2->72f5ceaa-5b3b-4bc7-b846-41895f4ebd48: receive RaftClientReply:client-DE0880F50CF2->72f5ceaa-5b3b-4bc7-b846-41895f4ebd48@group-833AA35A7EDE, cid=3910, SUCCESS, logIndex=5911, commits[72f5ceaa-5b3b-4bc7-b846-41895f4ebd48:c5911, b4e1f7d4-4bb4-47ed-a9cb-53483a899fb2:c5907, d3916bce-b37b-4246-83c6-d24846ba1a72:c5907]
2019-07-08 14:21:59,503 INFO  client.GrpcClientProtocolClient (GrpcClientProtocolClient.java:onNext(255)) - client-DE0880F50CF2->72f5ceaa-5b3b-4bc7-b846-41895f4ebd48: receive RaftClientReply:client-DE0880F50CF2->72f5ceaa-5b3b-4bc7-b846-41895f4ebd48@group-833AA35A7EDE, cid=3911, SUCCESS, logIndex=0, commits[72f5ceaa-5b3b-4bc7-b846-41895f4ebd48:c5913, b4e1f7d4-4bb4-47ed-a9cb-53483a899fb2:c5911, d3916bce-b37b-4246-83c6-d24846ba1a72:c5911]
2019-07-08 14:21:59,538 INFO  client.GrpcClientProtocolClient (GrpcClientProtocolClient.java:onNext(255)) - client-DE0880F50CF2->72f5ceaa-5b3b-4bc7-b846-41895f4ebd48: receive RaftClientReply:client-DE0880F50CF2->72f5ceaa-5b3b-4bc7-b846-41895f4ebd48@group-833AA35A7EDE, cid=3912, SUCCESS, logIndex=5914, commits[72f5ceaa-5b3b-4bc7-b846-41895f4ebd48:c5916, b4e1f7d4-4bb4-47ed-a9cb-53483a899fb2:c5913, d3916bce-b37b-4246-83c6-d24846ba1a72:c5913]
2019-07-08 14:21:59,538 INFO  client.GrpcClientProtocolClient (GrpcClientProtocolClient.java:onNext(255)) - client-DE0880F50CF2->72f5ceaa-5b3b-4bc7-b846-41895f4ebd48: receive RaftClientReply:client-DE0880F50CF2->72f5ceaa-5b3b-4bc7-b846-41895f4ebd48@group-833AA35A7EDE, cid=3913, SUCCESS, logIndex=5915, commits[72f5ceaa-5b3b-4bc7-b846-41895f4ebd48:c5917, b4e1f7d4-4bb4-47ed-a9cb-53483a899fb2:c5913, d3916bce-b37b-4246-83c6-d24846ba1a72:c5913]
2019-07-08 14:21:59,539 INFO  client.GrpcClientProtocolClient (GrpcClientProtocolClient.java:onNext(255)) - client-DE0880F50CF2->72f5ceaa-5b3b-4bc7-b846-41895f4ebd48: receive RaftClientReply:client-DE0880F50CF2->72f5ceaa-5b3b-4bc7-b846-41895f4ebd48@group-833AA35A7EDE, cid=3914, SUCCESS, logIndex=5916, commits[72f5ceaa-5b3b-4bc7-b846-41895f4ebd48:c5917, b4e1f7d4-4bb4-47ed-a9cb-53483a899fb2:c5913, d3916bce-b37b-4246-83c6-d24846ba1a72:c5913]
2019-07-08 14:21:59,540 INFO  client.GrpcClientProtocolClient (GrpcClientProtocolClient.java:onNext(255)) - client-DE0880F50CF2->72f5ceaa-5b3b-4bc7-b846-41895f4ebd48: receive RaftClientReply:client-DE0880F50CF2->72f5ceaa-5b3b-4bc7-b846-41895f4ebd48@group-833AA35A7EDE, cid=3915, SUCCESS, logIndex=5917, commits[72f5ceaa-5b3b-4bc7-b846-41895f4ebd48:c5918, b4e1f7d4-4bb4-47ed-a9cb-53483a899fb2:c5913, d3916bce-b37b-4246-83c6-d24846ba1a72:c5914]
2019-07-08 14:21:59,542 INFO  client.GrpcClientProtocolClient (GrpcClientProtocolClient.java:onNext(255)) - client-DE0880F50CF2->72f5ceaa-5b3b-4bc7-b846-41895f4ebd48: receive RaftClientReply:client-DE0880F50CF2->72f5ceaa-5b3b-4bc7-b846-41895f4ebd48@group-833AA35A7EDE, cid=3916, SUCCESS, logIndex=0, commits[72f5ceaa-5b3b-4bc7-b846-41895f4ebd48:c5920, b4e1f7d4-4bb4-47ed-a9cb-53483a899fb2:c5916, d3916bce-b37b-4246-83c6-d24846ba1a72:c5916]
2019-07-08 14:21:59,571 INFO  client.GrpcClientProtocolClient (GrpcClientProtocolClient.java:onNext(255)) - client-DE0880F50CF2->72f5ceaa-5b3b-4bc7-b846-41895f4ebd48: receive RaftClientReply:client-DE0880F50CF2->72f5ceaa-5b3b-4bc7-b846-41895f4ebd48@group-833AA35A7EDE, cid=3917, SUCCESS, logIndex=5922, commits[72f5ceaa-5b3b-4bc7-b846-41895f4ebd48:c5923, b4e1f7d4-4bb4-47ed-a9cb-53483a899fb2:c5921, d3916bce-b37b-4246-83c6-d24846ba1a72:c5921]
2019-07-08 14:21:59,571 INFO  client.GrpcClientProtocolClient (GrpcClientProtocolClient.java:onNext(255)) - client-DE0880F50CF2->72f5ceaa-5b3b-4bc7-b846-41895f4ebd48: receive RaftClientReply:client-DE0880F50CF2->72f5ceaa-5b3b-4bc7-b846-41895f4ebd48@group-833AA35A7EDE, cid=3918, SUCCESS, logIndex=5923, commits[72f5ceaa-5b3b-4bc7-b846-41895f4ebd48:c5923, b4e1f7d4-4bb4-47ed-a9cb-53483a899fb2:c5921, d3916bce-b37b-4246-83c6-d24846ba1a72:c5921]
2019-07-08 14:21:59,590 INFO  client.GrpcClientProtocolClient (GrpcClientProtocolClient.java:onNext(255)) - client-DE0880F50CF2->72f5ceaa-5b3b-4bc7-b846-41895f4ebd48: receive RaftClientReply:client-DE0880F50CF2->72f5ceaa-5b3b-4bc7-b846-41895f4ebd48@group-833AA35A7EDE, cid=3919, SUCCESS, logIndex=5926, commits[72f5ceaa-5b3b-4bc7-b846-41895f4ebd48:c5927, b4e1f7d4-4bb4-47ed-a9cb-53483a899fb2:c5923, d3916bce-b37b-4246-83c6-d24846ba1a72:c5923]
2019-07-08 14:21:59,591 INFO  client.GrpcClientProtocolClient (GrpcClientProtocolClient.java:onNext(255)) - client-DE0880F50CF2->72f5ceaa-5b3b-4bc7-b846-41895f4ebd48: receive RaftClientReply:client-DE0880F50CF2->72f5ceaa-5b3b-4bc7-b846-41895f4ebd48@group-833AA35A7EDE, cid=3920, SUCCESS, logIndex=5927, commits[72f5ceaa-5b3b-4bc7-b846-41895f4ebd48:c5927, b4e1f7d4-4bb4-47ed-a9cb-53483a899fb2:c5923, d3916bce-b37b-4246-83c6-d24846ba1a72:c5923]
2019-07-08 14:21:59,597 INFO  client.GrpcClientProtocolClient (GrpcClientProtocolClient.java:onNext(255)) - client-DE0880F50CF2->72f5ceaa-5b3b-4bc7-b846-41895f4ebd48: receive RaftClientReply:client-DE0880F50CF2->72f5ceaa-5b3b-4bc7-b846-41895f4ebd48@group-833AA35A7EDE, cid=3921, SUCCESS, logIndex=0, commits[72f5ceaa-5b3b-4bc7-b846-41895f4ebd48:c5928, b4e1f7d4-4bb4-47ed-a9cb-53483a899fb2:c5927, d3916bce-b37b-4246-83c6-d24846ba1a72:c5927]
2019-07-08 14:21:59,754 INFO  client.GrpcClientProtocolClient (GrpcClientProtocolClient.java:onNext(255)) - client-DE0880F50CF2->72f5ceaa-5b3b-4bc7-b846-41895f4ebd48: receive RaftClientReply:client-DE0880F50CF2->72f5ceaa-5b3b-4bc7-b846-41895f4ebd48@group-833AA35A7EDE, cid=3922, SUCCESS, logIndex=5930, commits[72f5ceaa-5b3b-4bc7-b846-41895f4ebd48:c5931, b4e1f7d4-4bb4-47ed-a9cb-53483a899fb2:c5929, d3916bce-b37b-4246-83c6-d24846ba1a72:c5929]
2019-07-08 14:21:59,755 INFO  client.GrpcClientProtocolClient (GrpcClientProtocolClient.java:onNext(255)) - client-DE0880F50CF2->72f5ceaa-5b3b-4bc7-b846-41895f4ebd48: receive RaftClientReply:client-DE0880F50CF2->72f5ceaa-5b3b-4bc7-b846-41895f4ebd48@group-833AA35A7EDE, cid=3923, SUCCESS, logIndex=5931, commits[72f5ceaa-5b3b-4bc7-b846-41895f4ebd48:c5934, b4e1f7d4-4bb4-47ed-a9cb-53483a899fb2:c5930, d3916bce-b37b-4246-83c6-d24846ba1a72:c5929]
2019-07-08 14:21:59,755 INFO  client.GrpcClientProtocolClient (GrpcClientProtocolClient.java:onNext(255)) - client-DE0880F50CF2->72f5ceaa-5b3b-4bc7-b846-41895f4ebd48: receive RaftClientReply:client-DE0880F50CF2->72f5ceaa-5b3b-4bc7-b846-41895f4ebd48@group-833AA35A7EDE, cid=3924, SUCCESS, logIndex=5932, commits[72f5ceaa-5b3b-4bc7-b846-41895f4ebd48:c5934, b4e1f7d4-4bb4-47ed-a9cb-53483a899fb2:c5930, d3916bce-b37b-4246-83c6-d24846ba1a72:c5929]
2019-07-08 14:21:59,756 INFO  client.GrpcClientProtocolClient (GrpcClientProtocolClient.java:onNext(255)) - client-DE0880F50CF2->72f5ceaa-5b3b-4bc7-b846-41895f4ebd48: receive RaftClientReply:client-DE0880F50CF2->72f5ceaa-5b3b-4bc7-b846-41895f4ebd48@group-833AA35A7EDE, cid=3925, SUCCESS, logIndex=5933, commits[72f5ceaa-5b3b-4bc7-b846-41895f4ebd48:c5934, b4e1f7d4-4bb4-47ed-a9cb-53483a899fb2:c5930, d3916bce-b37b-4246-83c6-d24846ba1a72:c5929]
2019-07-08 14:21:59,766 INFO  client.GrpcClientProtocolClient (GrpcClientProtocolClient.java:onNext(255)) - client-DE0880F50CF2->72f5ceaa-5b3b-4bc7-b846-41895f4ebd48: receive RaftClientReply:client-DE0880F50CF2->72f5ceaa-5b3b-4bc7-b846-41895f4ebd48@group-833AA35A7EDE, cid=3926, SUCCESS, logIndex=0, commits[72f5ceaa-5b3b-4bc7-b846-41895f4ebd48:c5935, b4e1f7d4-4bb4-47ed-a9cb-53483a899fb2:c5931, d3916bce-b37b-4246-83c6-d24846ba1a72:c5931]
2019-07-08 14:21:59,788 INFO  client.GrpcClientProtocolClient (GrpcClientProtocolClient.java:onNext(255)) - client-DE0880F50CF2->72f5ceaa-5b3b-4bc7-b846-41895f4ebd48: receive RaftClientReply:client-DE0880F50CF2->72f5ceaa-5b3b-4bc7-b846-41895f4ebd48@group-833AA35A7EDE, cid=3927, SUCCESS, logIndex=5937, commits[72f5ceaa-5b3b-4bc7-b846-41895f4ebd48:c5938, b4e1f7d4-4bb4-47ed-a9cb-53483a899fb2:c5936, d3916bce-b37b-4246-83c6-d24846ba1a72:c5936]
2019-07-08 14:21:59,788 INFO  client.GrpcClientProtocolClient (GrpcClientProtocolClient.java:onNext(255)) - client-DE0880F50CF2->72f5ceaa-5b3b-4bc7-b846-41895f4ebd48: receive RaftClientReply:client-DE0880F50CF2->72f5ceaa-5b3b-4bc7-b846-41895f4ebd48@group-833AA35A7EDE, cid=3928, SUCCESS, logIndex=5938, commits[72f5ceaa-5b3b-4bc7-b846-41895f4ebd48:c5938, b4e1f7d4-4bb4-47ed-a9cb-53483a899fb2:c5936, d3916bce-b37b-4246-83c6-d24846ba1a72:c5936]
2019-07-08 14:21:59,813 INFO  client.GrpcClientProtocolClient (GrpcClientProtocolClient.java:onNext(255)) - client-DE0880F50CF2->72f5ceaa-5b3b-4bc7-b846-41895f4ebd48: receive RaftClientReply:client-DE0880F50CF2->72f5ceaa-5b3b-4bc7-b846-41895f4ebd48@group-833AA35A7EDE, cid=3929, SUCCESS, logIndex=5941, commits[72f5ceaa-5b3b-4bc7-b846-41895f4ebd48:c5942, b4e1f7d4-4bb4-47ed-a9cb-53483a899fb2:c5938, d3916bce-b37b-4246-83c6-d24846ba1a72:c5938]
2019-07-08 14:21:59,813 INFO  client.GrpcClientProtocolClient (GrpcClientProtocolClient.java:onNext(255)) - client-DE0880F50CF2->72f5ceaa-5b3b-4bc7-b846-41895f4ebd48: receive RaftClientReply:client-DE0880F50CF2->72f5ceaa-5b3b-4bc7-b846-41895f4ebd48@group-833AA35A7EDE, cid=3930, SUCCESS, logIndex=5942, commits[72f5ceaa-5b3b-4bc7-b846-41895f4ebd48:c5942, b4e1f7d4-4bb4-47ed-a9cb-53483a899fb2:c5938, d3916bce-b37b-4246-83c6-d24846ba1a72:c5938]
2019-07-08 14:21:59,816 INFO  client.GrpcClientProtocolClient (GrpcClientProtocolClient.java:onNext(255)) - client-DE0880F50CF2->72f5ceaa-5b3b-4bc7-b846-41895f4ebd48: receive RaftClientReply:client-DE0880F50CF2->72f5ceaa-5b3b-4bc7-b846-41895f4ebd48@group-833AA35A7EDE, cid=3931, SUCCESS, logIndex=0, commits[72f5ceaa-5b3b-4bc7-b846-41895f4ebd48:c5944, b4e1f7d4-4bb4-47ed-a9cb-53483a899fb2:c5942, d3916bce-b37b-4246-83c6-d24846ba1a72:c5942]
2019-07-08 14:21:59,854 INFO  client.GrpcClientProtocolClient (GrpcClientProtocolClient.java:onNext(255)) - client-DE0880F50CF2->72f5ceaa-5b3b-4bc7-b846-41895f4ebd48: receive RaftClientReply:client-DE0880F50CF2->72f5ceaa-5b3b-4bc7-b846-41895f4ebd48@group-833AA35A7EDE, cid=3932, SUCCESS, logIndex=5945, commits[72f5ceaa-5b3b-4bc7-b846-41895f4ebd48:c5948, b4e1f7d4-4bb4-47ed-a9cb-53483a899fb2:c5944, d3916bce-b37b-4246-83c6-d24846ba1a72:c5944]
2019-07-08 14:21:59,854 INFO  client.GrpcClientProtocolClient (GrpcClientProtocolClient.java:onNext(255)) - client-DE0880F50CF2->72f5ceaa-5b3b-4bc7-b846-41895f4ebd48: receive RaftClientReply:client-DE0880F50CF2->72f5ceaa-5b3b-4bc7-b846-41895f4ebd48@group-833AA35A7EDE, cid=3933, SUCCESS, logIndex=5946, commits[72f5ceaa-5b3b-4bc7-b846-41895f4ebd48:c5948, b4e1f7d4-4bb4-47ed-a9cb-53483a899fb2:c5944, d3916bce-b37b-4246-83c6-d24846ba1a72:c5944]
2019-07-08 14:21:59,855 INFO  client.GrpcClientProtocolClient (GrpcClientProtocolClient.java:onNext(255)) - client-DE0880F50CF2->72f5ceaa-5b3b-4bc7-b846-41895f4ebd48: receive RaftClientReply:client-DE0880F50CF2->72f5ceaa-5b3b-4bc7-b846-41895f4ebd48@group-833AA35A7EDE, cid=3934, SUCCESS, logIndex=5947, commits[72f5ceaa-5b3b-4bc7-b846-41895f4ebd48:c5948, b4e1f7d4-4bb4-47ed-a9cb-53483a899fb2:c5944, d3916bce-b37b-4246-83c6-d24846ba1a72:c5944]
2019-07-08 14:21:59,855 INFO  client.GrpcClientProtocolClient (GrpcClientProtocolClient.java:onNext(255)) - client-DE0880F50CF2->72f5ceaa-5b3b-4bc7-b846-41895f4ebd48: receive RaftClientReply:client-DE0880F50CF2->72f5ceaa-5b3b-4bc7-b846-41895f4ebd48@group-833AA35A7EDE, cid=3935, SUCCESS, logIndex=5948, commits[72f5ceaa-5b3b-4bc7-b846-41895f4ebd48:c5948, b4e1f7d4-4bb4-47ed-a9cb-53483a899fb2:c5944, d3916bce-b37b-4246-83c6-d24846ba1a72:c5944]
2019-07-08 14:21:59,868 INFO  client.GrpcClientProtocolClient (GrpcClientProtocolClient.java:onNext(255)) - client-DE0880F50CF2->72f5ceaa-5b3b-4bc7-b846-41895f4ebd48: receive RaftClientReply:client-DE0880F50CF2->72f5ceaa-5b3b-4bc7-b846-41895f4ebd48@group-833AA35A7EDE, cid=3936, SUCCESS, logIndex=0, commits[72f5ceaa-5b3b-4bc7-b846-41895f4ebd48:c5950, b4e1f7d4-4bb4-47ed-a9cb-53483a899fb2:c5947, d3916bce-b37b-4246-83c6-d24846ba1a72:c5948]
2019-07-08 14:21:59,890 INFO  client.GrpcClientProtocolClient (GrpcClientProtocolClient.java:onNext(255)) - client-DE0880F50CF2->72f5ceaa-5b3b-4bc7-b846-41895f4ebd48: receive RaftClientReply:client-DE0880F50CF2->72f5ceaa-5b3b-4bc7-b846-41895f4ebd48@group-833AA35A7EDE, cid=3937, SUCCESS, logIndex=5952, commits[72f5ceaa-5b3b-4bc7-b846-41895f4ebd48:c5953, b4e1f7d4-4bb4-47ed-a9cb-53483a899fb2:c5951, d3916bce-b37b-4246-83c6-d24846ba1a72:c5951]
2019-07-08 14:21:59,890 INFO  client.GrpcClientProtocolClient (GrpcClientProtocolClient.java:onNext(255)) - client-DE0880F50CF2->72f5ceaa-5b3b-4bc7-b846-41895f4ebd48: receive RaftClientReply:client-DE0880F50CF2->72f5ceaa-5b3b-4bc7-b846-41895f4ebd48@group-833AA35A7EDE, cid=3938, SUCCESS, logIndex=5953, commits[72f5ceaa-5b3b-4bc7-b846-41895f4ebd48:c5953, b4e1f7d4-4bb4-47ed-a9cb-53483a899fb2:c5951, d3916bce-b37b-4246-83c6-d24846ba1a72:c5951]
2019-07-08 14:21:59,922 INFO  client.GrpcClientProtocolClient (GrpcClientProtocolClient.java:onNext(255)) - client-DE0880F50CF2->72f5ceaa-5b3b-4bc7-b846-41895f4ebd48: receive RaftClientReply:client-DE0880F50CF2->72f5ceaa-5b3b-4bc7-b846-41895f4ebd48@group-833AA35A7EDE, cid=3939, SUCCESS, logIndex=5956, commits[72f5ceaa-5b3b-4bc7-b846-41895f4ebd48:c5956, b4e1f7d4-4bb4-47ed-a9cb-53483a899fb2:c5953, d3916bce-b37b-4246-83c6-d24846ba1a72:c5953]
2019-07-08 14:21:59,923 INFO  client.GrpcClientProtocolClient (GrpcClientProtocolClient.java:onNext(255)) - client-DE0880F50CF2->72f5ceaa-5b3b-4bc7-b846-41895f4ebd48: receive RaftClientReply:client-DE0880F50CF2->72f5ceaa-5b3b-4bc7-b846-41895f4ebd48@group-833AA35A7EDE, cid=3940, SUCCESS, logIndex=5957, commits[72f5ceaa-5b3b-4bc7-b846-41895f4ebd48:c5957, b4e1f7d4-4bb4-47ed-a9cb-53483a899fb2:c5953, d3916bce-b37b-4246-83c6-d24846ba1a72:c5953]
2019-07-08 14:21:59,937 INFO  client.GrpcClientProtocolClient (GrpcClientProtocolClient.java:onNext(255)) - client-DE0880F50CF2->72f5ceaa-5b3b-4bc7-b846-41895f4ebd48: receive RaftClientReply:client-DE0880F50CF2->72f5ceaa-5b3b-4bc7-b846-41895f4ebd48@group-833AA35A7EDE, cid=3941, SUCCESS, logIndex=0, commits[72f5ceaa-5b3b-4bc7-b846-41895f4ebd48:c5959, b4e1f7d4-4bb4-47ed-a9cb-53483a899fb2:c5957, d3916bce-b37b-4246-83c6-d24846ba1a72:c5957]
2019-07-08 14:21:59,975 INFO  client.GrpcClientProtocolClient (GrpcClientProtocolClient.java:onNext(255)) - client-DE0880F50CF2->72f5ceaa-5b3b-4bc7-b846-41895f4ebd48: receive RaftClientReply:client-DE0880F50CF2->72f5ceaa-5b3b-4bc7-b846-41895f4ebd48@group-833AA35A7EDE, cid=3942, SUCCESS, logIndex=5960, commits[72f5ceaa-5b3b-4bc7-b846-41895f4ebd48:c5961, b4e1f7d4-4bb4-47ed-a9cb-53483a899fb2:c5959, d3916bce-b37b-4246-83c6-d24846ba1a72:c5959]
2019-07-08 14:21:59,975 INFO  client.GrpcClientProtocolClient (GrpcClientProtocolClient.java:onNext(255)) - client-DE0880F50CF2->72f5ceaa-5b3b-4bc7-b846-41895f4ebd48: receive RaftClientReply:client-DE0880F50CF2->72f5ceaa-5b3b-4bc7-b846-41895f4ebd48@group-833AA35A7EDE, cid=3943, SUCCESS, logIndex=5961, commits[72f5ceaa-5b3b-4bc7-b846-41895f4ebd48:c5961, b4e1f7d4-4bb4-47ed-a9cb-53483a899fb2:c5959, d3916bce-b37b-4246-83c6-d24846ba1a72:c5959]
2019-07-08 14:21:59,976 INFO  client.GrpcClientProtocolClient (GrpcClientProtocolClient.java:onNext(255)) - client-DE0880F50CF2->72f5ceaa-5b3b-4bc7-b846-41895f4ebd48: receive RaftClientReply:client-DE0880F50CF2->72f5ceaa-5b3b-4bc7-b846-41895f4ebd48@group-833AA35A7EDE, cid=3944, SUCCESS, logIndex=5962, commits[72f5ceaa-5b3b-4bc7-b846-41895f4ebd48:c5963, b4e1f7d4-4bb4-47ed-a9cb-53483a899fb2:c5959, d3916bce-b37b-4246-83c6-d24846ba1a72:c5959]
2019-07-08 14:21:59,976 INFO  client.GrpcClientProtocolClient (GrpcClientProtocolClient.java:onNext(255)) - client-DE0880F50CF2->72f5ceaa-5b3b-4bc7-b846-41895f4ebd48: receive RaftClientReply:client-DE0880F50CF2->72f5ceaa-5b3b-4bc7-b846-41895f4ebd48@group-833AA35A7EDE, cid=3945, SUCCESS, logIndex=5963, commits[72f5ceaa-5b3b-4bc7-b846-41895f4ebd48:c5963, b4e1f7d4-4bb4-47ed-a9cb-53483a899fb2:c5959, d3916bce-b37b-4246-83c6-d24846ba1a72:c5959]
 0.00% |█                                                                                                    |  0/1 Time: 0:00:542019-07-08 14:21:59,987 INFO  client.GrpcClientProtocolClient (GrpcClientProtocolClient.java:onNext(255)) - client-DE0880F50CF2->72f5ceaa-5b3b-4bc7-b846-41895f4ebd48: receive RaftClientReply:client-DE0880F50CF2->72f5ceaa-5b3b-4bc7-b846-41895f4ebd48@group-833AA35A7EDE, cid=3946, SUCCESS, logIndex=0, commits[72f5ceaa-5b3b-4bc7-b846-41895f4ebd48:c5965, b4e1f7d4-4bb4-47ed-a9cb-53483a899fb2:c5961, d3916bce-b37b-4246-83c6-d24846ba1a72:c5961]
2019-07-08 14:22:00,008 INFO  client.GrpcClientProtocolClient (GrpcClientProtocolClient.java:onNext(255)) - client-DE0880F50CF2->72f5ceaa-5b3b-4bc7-b846-41895f4ebd48: receive RaftClientReply:client-DE0880F50CF2->72f5ceaa-5b3b-4bc7-b846-41895f4ebd48@group-833AA35A7EDE, cid=3947, SUCCESS, logIndex=5968, commits[72f5ceaa-5b3b-4bc7-b846-41895f4ebd48:c5968, b4e1f7d4-4bb4-47ed-a9cb-53483a899fb2:c5967, d3916bce-b37b-4246-83c6-d24846ba1a72:c5967]
2019-07-08 14:22:00,008 INFO  client.GrpcClientProtocolClient (GrpcClientProtocolClient.java:onNext(255)) - client-DE0880F50CF2->72f5ceaa-5b3b-4bc7-b846-41895f4ebd48: receive RaftClientReply:client-DE0880F50CF2->72f5ceaa-5b3b-4bc7-b846-41895f4ebd48@group-833AA35A7EDE, cid=3948, SUCCESS, logIndex=5969, commits[72f5ceaa-5b3b-4bc7-b846-41895f4ebd48:c5969, b4e1f7d4-4bb4-47ed-a9cb-53483a899fb2:c5967, d3916bce-b37b-4246-83c6-d24846ba1a72:c5967]
2019-07-08 14:22:00,022 INFO  client.GrpcClientProtocolClient (GrpcClientProtocolClient.java:onNext(255)) - client-DE0880F50CF2->72f5ceaa-5b3b-4bc7-b846-41895f4ebd48: receive RaftClientReply:client-DE0880F50CF2->72f5ceaa-5b3b-4bc7-b846-41895f4ebd48@group-833AA35A7EDE, cid=3949, SUCCESS, logIndex=5972, commits[72f5ceaa-5b3b-4bc7-b846-41895f4ebd48:c5973, b4e1f7d4-4bb4-47ed-a9cb-53483a899fb2:c5969, d3916bce-b37b-4246-83c6-d24846ba1a72:c5969]
2019-07-08 14:22:00,023 INFO  client.GrpcClientProtocolClient (GrpcClientProtocolClient.java:onNext(255)) - client-DE0880F50CF2->72f5ceaa-5b3b-4bc7-b846-41895f4ebd48: receive RaftClientReply:client-DE0880F50CF2->72f5ceaa-5b3b-4bc7-b846-41895f4ebd48@group-833AA35A7EDE, cid=3950, SUCCESS, logIndex=5973, commits[72f5ceaa-5b3b-4bc7-b846-41895f4ebd48:c5973, b4e1f7d4-4bb4-47ed-a9cb-53483a899fb2:c5969, d3916bce-b37b-4246-83c6-d24846ba1a72:c5969]
2019-07-08 14:22:00,037 INFO  client.GrpcClientProtocolClient (GrpcClientProtocolClient.java:onNext(255)) - client-DE0880F50CF2->72f5ceaa-5b3b-4bc7-b846-41895f4ebd48: receive RaftClientReply:client-DE0880F50CF2->72f5ceaa-5b3b-4bc7-b846-41895f4ebd48@group-833AA35A7EDE, cid=3951, SUCCESS, logIndex=0, commits[72f5ceaa-5b3b-4bc7-b846-41895f4ebd48:c5975, b4e1f7d4-4bb4-47ed-a9cb-53483a899fb2:c5973, d3916bce-b37b-4246-83c6-d24846ba1a72:c5973]
2019-07-08 14:22:00,089 INFO  client.GrpcClientProtocolClient (GrpcClientProtocolClient.java:onNext(255)) - client-DE0880F50CF2->72f5ceaa-5b3b-4bc7-b846-41895f4ebd48: receive RaftClientReply:client-DE0880F50CF2->72f5ceaa-5b3b-4bc7-b846-41895f4ebd48@group-833AA35A7EDE, cid=3952, SUCCESS, logIndex=5976, commits[72f5ceaa-5b3b-4bc7-b846-41895f4ebd48:c5978, b4e1f7d4-4bb4-47ed-a9cb-53483a899fb2:c5975, d3916bce-b37b-4246-83c6-d24846ba1a72:c5975]
2019-07-08 14:22:00,090 INFO  client.GrpcClientProtocolClient (GrpcClientProtocolClient.java:onNext(255)) - client-DE0880F50CF2->72f5ceaa-5b3b-4bc7-b846-41895f4ebd48: receive RaftClientReply:client-DE0880F50CF2->72f5ceaa-5b3b-4bc7-b846-41895f4ebd48@group-833AA35A7EDE, cid=3953, SUCCESS, logIndex=5977, commits[72f5ceaa-5b3b-4bc7-b846-41895f4ebd48:c5979, b4e1f7d4-4bb4-47ed-a9cb-53483a899fb2:c5975, d3916bce-b37b-4246-83c6-d24846ba1a72:c5975]
2019-07-08 14:22:00,090 INFO  client.GrpcClientProtocolClient (GrpcClientProtocolClient.java:onNext(255)) - client-DE0880F50CF2->72f5ceaa-5b3b-4bc7-b846-41895f4ebd48: receive RaftClientReply:client-DE0880F50CF2->72f5ceaa-5b3b-4bc7-b846-41895f4ebd48@group-833AA35A7EDE, cid=3954, SUCCESS, logIndex=5978, commits[72f5ceaa-5b3b-4bc7-b846-41895f4ebd48:c5979, b4e1f7d4-4bb4-47ed-a9cb-53483a899fb2:c5975, d3916bce-b37b-4246-83c6-d24846ba1a72:c5975]
2019-07-08 14:22:00,090 INFO  client.GrpcClientProtocolClient (GrpcClientProtocolClient.java:onNext(255)) - client-DE0880F50CF2->72f5ceaa-5b3b-4bc7-b846-41895f4ebd48: receive RaftClientReply:client-DE0880F50CF2->72f5ceaa-5b3b-4bc7-b846-41895f4ebd48@group-833AA35A7EDE, cid=3955, SUCCESS, logIndex=5979, commits[72f5ceaa-5b3b-4bc7-b846-41895f4ebd48:c5979, b4e1f7d4-4bb4-47ed-a9cb-53483a899fb2:c5975, d3916bce-b37b-4246-83c6-d24846ba1a72:c5975]
2019-07-08 14:22:00,103 INFO  client.GrpcClientProtocolClient (GrpcClientProtocolClient.java:onNext(255)) - client-DE0880F50CF2->72f5ceaa-5b3b-4bc7-b846-41895f4ebd48: receive RaftClientReply:client-DE0880F50CF2->72f5ceaa-5b3b-4bc7-b846-41895f4ebd48@group-833AA35A7EDE, cid=3956, SUCCESS, logIndex=0, commits[72f5ceaa-5b3b-4bc7-b846-41895f4ebd48:c5982, b4e1f7d4-4bb4-47ed-a9cb-53483a899fb2:c5977, d3916bce-b37b-4246-83c6-d24846ba1a72:c5978]
2019-07-08 14:22:00,127 INFO  client.GrpcClientProtocolClient (GrpcClientProtocolClient.java:onNext(255)) - client-DE0880F50CF2->72f5ceaa-5b3b-4bc7-b846-41895f4ebd48: receive RaftClientReply:client-DE0880F50CF2->72f5ceaa-5b3b-4bc7-b846-41895f4ebd48@group-833AA35A7EDE, cid=3957, SUCCESS, logIndex=5984, commits[72f5ceaa-5b3b-4bc7-b846-41895f4ebd48:c5985, b4e1f7d4-4bb4-47ed-a9cb-53483a899fb2:c5983, d3916bce-b37b-4246-83c6-d24846ba1a72:c5983]
2019-07-08 14:22:00,128 INFO  client.GrpcClientProtocolClient (GrpcClientProtocolClient.java:onNext(255)) - client-DE0880F50CF2->72f5ceaa-5b3b-4bc7-b846-41895f4ebd48: receive RaftClientReply:client-DE0880F50CF2->72f5ceaa-5b3b-4bc7-b846-41895f4ebd48@group-833AA35A7EDE, cid=3958, SUCCESS, logIndex=5985, commits[72f5ceaa-5b3b-4bc7-b846-41895f4ebd48:c5985, b4e1f7d4-4bb4-47ed-a9cb-53483a899fb2:c5983, d3916bce-b37b-4246-83c6-d24846ba1a72:c5983]
2019-07-08 14:22:00,167 INFO  client.GrpcClientProtocolClient (GrpcClientProtocolClient.java:onNext(255)) - client-DE0880F50CF2->72f5ceaa-5b3b-4bc7-b846-41895f4ebd48: receive RaftClientReply:client-DE0880F50CF2->72f5ceaa-5b3b-4bc7-b846-41895f4ebd48@group-833AA35A7EDE, cid=3959, SUCCESS, logIndex=5988, commits[72f5ceaa-5b3b-4bc7-b846-41895f4ebd48:c5988, b4e1f7d4-4bb4-47ed-a9cb-53483a899fb2:c5985, d3916bce-b37b-4246-83c6-d24846ba1a72:c5985]
2019-07-08 14:22:00,168 INFO  client.GrpcClientProtocolClient (GrpcClientProtocolClient.java:onNext(255)) - client-DE0880F50CF2->72f5ceaa-5b3b-4bc7-b846-41895f4ebd48: receive RaftClientReply:client-DE0880F50CF2->72f5ceaa-5b3b-4bc7-b846-41895f4ebd48@group-833AA35A7EDE, cid=3960, SUCCESS, logIndex=5989, commits[72f5ceaa-5b3b-4bc7-b846-41895f4ebd48:c5989, b4e1f7d4-4bb4-47ed-a9cb-53483a899fb2:c5985, d3916bce-b37b-4246-83c6-d24846ba1a72:c5985]
2019-07-08 14:22:00,190 INFO  client.GrpcClientProtocolClient (GrpcClientProtocolClient.java:onNext(255)) - client-DE0880F50CF2->72f5ceaa-5b3b-4bc7-b846-41895f4ebd48: receive RaftClientReply:client-DE0880F50CF2->72f5ceaa-5b3b-4bc7-b846-41895f4ebd48@group-833AA35A7EDE, cid=3961, SUCCESS, logIndex=0, commits[72f5ceaa-5b3b-4bc7-b846-41895f4ebd48:c5991, b4e1f7d4-4bb4-47ed-a9cb-53483a899fb2:c5989, d3916bce-b37b-4246-83c6-d24846ba1a72:c5989]
2019-07-08 14:22:00,230 INFO  client.GrpcClientProtocolClient (GrpcClientProtocolClient.java:onNext(255)) - client-DE0880F50CF2->72f5ceaa-5b3b-4bc7-b846-41895f4ebd48: receive RaftClientReply:client-DE0880F50CF2->72f5ceaa-5b3b-4bc7-b846-41895f4ebd48@group-833AA35A7EDE, cid=3962, SUCCESS, logIndex=5992, commits[72f5ceaa-5b3b-4bc7-b846-41895f4ebd48:c5993, b4e1f7d4-4bb4-47ed-a9cb-53483a899fb2:c5991, d3916bce-b37b-4246-83c6-d24846ba1a72:c5991]
2019-07-08 14:22:00,231 INFO  client.GrpcClientProtocolClient (GrpcClientProtocolClient.java:onNext(255)) - client-DE0880F50CF2->72f5ceaa-5b3b-4bc7-b846-41895f4ebd48: receive RaftClientReply:client-DE0880F50CF2->72f5ceaa-5b3b-4bc7-b846-41895f4ebd48@group-833AA35A7EDE, cid=3963, SUCCESS, logIndex=5993, commits[72f5ceaa-5b3b-4bc7-b846-41895f4ebd48:c5994, b4e1f7d4-4bb4-47ed-a9cb-53483a899fb2:c5991, d3916bce-b37b-4246-83c6-d24846ba1a72:c5991]
2019-07-08 14:22:00,231 INFO  client.GrpcClientProtocolClient (GrpcClientProtocolClient.java:onNext(255)) - client-DE0880F50CF2->72f5ceaa-5b3b-4bc7-b846-41895f4ebd48: receive RaftClientReply:client-DE0880F50CF2->72f5ceaa-5b3b-4bc7-b846-41895f4ebd48@group-833AA35A7EDE, cid=3964, SUCCESS, logIndex=5994, commits[72f5ceaa-5b3b-4bc7-b846-41895f4ebd48:c5995, b4e1f7d4-4bb4-47ed-a9cb-53483a899fb2:c5991, d3916bce-b37b-4246-83c6-d24846ba1a72:c5991]
2019-07-08 14:22:00,232 INFO  client.GrpcClientProtocolClient (GrpcClientProtocolClient.java:onNext(255)) - client-DE0880F50CF2->72f5ceaa-5b3b-4bc7-b846-41895f4ebd48: receive RaftClientReply:client-DE0880F50CF2->72f5ceaa-5b3b-4bc7-b846-41895f4ebd48@group-833AA35A7EDE, cid=3965, SUCCESS, logIndex=5995, commits[72f5ceaa-5b3b-4bc7-b846-41895f4ebd48:c5995, b4e1f7d4-4bb4-47ed-a9cb-53483a899fb2:c5991, d3916bce-b37b-4246-83c6-d24846ba1a72:c5991]
2019-07-08 14:22:00,234 INFO  client.GrpcClientProtocolClient (GrpcClientProtocolClient.java:onNext(255)) - client-DE0880F50CF2->72f5ceaa-5b3b-4bc7-b846-41895f4ebd48: receive RaftClientReply:client-DE0880F50CF2->72f5ceaa-5b3b-4bc7-b846-41895f4ebd48@group-833AA35A7EDE, cid=3966, SUCCESS, logIndex=0, commits[72f5ceaa-5b3b-4bc7-b846-41895f4ebd48:c5997, b4e1f7d4-4bb4-47ed-a9cb-53483a899fb2:c5993, d3916bce-b37b-4246-83c6-d24846ba1a72:c5993]
2019-07-08 14:22:00,259 INFO  client.GrpcClientProtocolClient (GrpcClientProtocolClient.java:onNext(255)) - client-DE0880F50CF2->72f5ceaa-5b3b-4bc7-b846-41895f4ebd48: receive RaftClientReply:client-DE0880F50CF2->72f5ceaa-5b3b-4bc7-b846-41895f4ebd48@group-833AA35A7EDE, cid=3967, SUCCESS, logIndex=6000, commits[72f5ceaa-5b3b-4bc7-b846-41895f4ebd48:c6001, b4e1f7d4-4bb4-47ed-a9cb-53483a899fb2:c5995, d3916bce-b37b-4246-83c6-d24846ba1a72:c5998]
2019-07-08 14:22:00,260 INFO  client.GrpcClientProtocolClient (GrpcClientProtocolClient.java:onNext(255)) - client-DE0880F50CF2->72f5ceaa-5b3b-4bc7-b846-41895f4ebd48: receive RaftClientReply:client-DE0880F50CF2->72f5ceaa-5b3b-4bc7-b846-41895f4ebd48@group-833AA35A7EDE, cid=3968, SUCCESS, logIndex=6001, commits[72f5ceaa-5b3b-4bc7-b846-41895f4ebd48:c6001, b4e1f7d4-4bb4-47ed-a9cb-53483a899fb2:c5998, d3916bce-b37b-4246-83c6-d24846ba1a72:c5998]
2019-07-08 14:22:00,274 INFO  client.GrpcClientProtocolClient (GrpcClientProtocolClient.java:onNext(255)) - client-DE0880F50CF2->72f5ceaa-5b3b-4bc7-b846-41895f4ebd48: receive RaftClientReply:client-DE0880F50CF2->72f5ceaa-5b3b-4bc7-b846-41895f4ebd48@group-833AA35A7EDE, cid=3969, SUCCESS, logIndex=6004, commits[72f5ceaa-5b3b-4bc7-b846-41895f4ebd48:c6005, b4e1f7d4-4bb4-47ed-a9cb-53483a899fb2:c6001, d3916bce-b37b-4246-83c6-d24846ba1a72:c6001]
2019-07-08 14:22:00,274 INFO  client.GrpcClientProtocolClient (GrpcClientProtocolClient.java:onNext(255)) - client-DE0880F50CF2->72f5ceaa-5b3b-4bc7-b846-41895f4ebd48: receive RaftClientReply:client-DE0880F50CF2->72f5ceaa-5b3b-4bc7-b846-41895f4ebd48@group-833AA35A7EDE, cid=3970, SUCCESS, logIndex=6005, commits[72f5ceaa-5b3b-4bc7-b846-41895f4ebd48:c6005, b4e1f7d4-4bb4-47ed-a9cb-53483a899fb2:c6001, d3916bce-b37b-4246-83c6-d24846ba1a72:c6001]
2019-07-08 14:22:00,276 INFO  client.GrpcClientProtocolClient (GrpcClientProtocolClient.java:onNext(255)) - client-DE0880F50CF2->72f5ceaa-5b3b-4bc7-b846-41895f4ebd48: receive RaftClientReply:client-DE0880F50CF2->72f5ceaa-5b3b-4bc7-b846-41895f4ebd48@group-833AA35A7EDE, cid=3971, SUCCESS, logIndex=0, commits[72f5ceaa-5b3b-4bc7-b846-41895f4ebd48:c6007, b4e1f7d4-4bb4-47ed-a9cb-53483a899fb2:c6005, d3916bce-b37b-4246-83c6-d24846ba1a72:c6005]
2019-07-08 14:22:00,312 INFO  client.GrpcClientProtocolClient (GrpcClientProtocolClient.java:onNext(255)) - client-DE0880F50CF2->72f5ceaa-5b3b-4bc7-b846-41895f4ebd48: receive RaftClientReply:client-DE0880F50CF2->72f5ceaa-5b3b-4bc7-b846-41895f4ebd48@group-833AA35A7EDE, cid=3972, SUCCESS, logIndex=6008, commits[72f5ceaa-5b3b-4bc7-b846-41895f4ebd48:c6009, b4e1f7d4-4bb4-47ed-a9cb-53483a899fb2:c6007, d3916bce-b37b-4246-83c6-d24846ba1a72:c6007]
2019-07-08 14:22:00,313 INFO  client.GrpcClientProtocolClient (GrpcClientProtocolClient.java:onNext(255)) - client-DE0880F50CF2->72f5ceaa-5b3b-4bc7-b846-41895f4ebd48: receive RaftClientReply:client-DE0880F50CF2->72f5ceaa-5b3b-4bc7-b846-41895f4ebd48@group-833AA35A7EDE, cid=3973, SUCCESS, logIndex=6009, commits[72f5ceaa-5b3b-4bc7-b846-41895f4ebd48:c6011, b4e1f7d4-4bb4-47ed-a9cb-53483a899fb2:c6007, d3916bce-b37b-4246-83c6-d24846ba1a72:c6007]
2019-07-08 14:22:00,313 INFO  client.GrpcClientProtocolClient (GrpcClientProtocolClient.java:onNext(255)) - client-DE0880F50CF2->72f5ceaa-5b3b-4bc7-b846-41895f4ebd48: receive RaftClientReply:client-DE0880F50CF2->72f5ceaa-5b3b-4bc7-b846-41895f4ebd48@group-833AA35A7EDE, cid=3974, SUCCESS, logIndex=6010, commits[72f5ceaa-5b3b-4bc7-b846-41895f4ebd48:c6011, b4e1f7d4-4bb4-47ed-a9cb-53483a899fb2:c6007, d3916bce-b37b-4246-83c6-d24846ba1a72:c6007]
2019-07-08 14:22:00,313 INFO  client.GrpcClientProtocolClient (GrpcClientProtocolClient.java:onNext(255)) - client-DE0880F50CF2->72f5ceaa-5b3b-4bc7-b846-41895f4ebd48: receive RaftClientReply:client-DE0880F50CF2->72f5ceaa-5b3b-4bc7-b846-41895f4ebd48@group-833AA35A7EDE, cid=3975, SUCCESS, logIndex=6011, commits[72f5ceaa-5b3b-4bc7-b846-41895f4ebd48:c6011, b4e1f7d4-4bb4-47ed-a9cb-53483a899fb2:c6007, d3916bce-b37b-4246-83c6-d24846ba1a72:c6007]
2019-07-08 14:22:00,325 INFO  client.GrpcClientProtocolClient (GrpcClientProtocolClient.java:onNext(255)) - client-DE0880F50CF2->72f5ceaa-5b3b-4bc7-b846-41895f4ebd48: receive RaftClientReply:client-DE0880F50CF2->72f5ceaa-5b3b-4bc7-b846-41895f4ebd48@group-833AA35A7EDE, cid=3976, SUCCESS, logIndex=0, commits[72f5ceaa-5b3b-4bc7-b846-41895f4ebd48:c6013, b4e1f7d4-4bb4-47ed-a9cb-53483a899fb2:c6009, d3916bce-b37b-4246-83c6-d24846ba1a72:c6009]
2019-07-08 14:22:00,346 INFO  client.GrpcClientProtocolClient (GrpcClientProtocolClient.java:onNext(255)) - client-DE0880F50CF2->72f5ceaa-5b3b-4bc7-b846-41895f4ebd48: receive RaftClientReply:client-DE0880F50CF2->72f5ceaa-5b3b-4bc7-b846-41895f4ebd48@group-833AA35A7EDE, cid=3977, SUCCESS, logIndex=6016, commits[72f5ceaa-5b3b-4bc7-b846-41895f4ebd48:c6017, b4e1f7d4-4bb4-47ed-a9cb-53483a899fb2:c6015, d3916bce-b37b-4246-83c6-d24846ba1a72:c6015]
2019-07-08 14:22:00,346 INFO  client.GrpcClientProtocolClient (GrpcClientProtocolClient.java:onNext(255)) - client-DE0880F50CF2->72f5ceaa-5b3b-4bc7-b846-41895f4ebd48: receive RaftClientReply:client-DE0880F50CF2->72f5ceaa-5b3b-4bc7-b846-41895f4ebd48@group-833AA35A7EDE, cid=3978, SUCCESS, logIndex=6017, commits[72f5ceaa-5b3b-4bc7-b846-41895f4ebd48:c6017, b4e1f7d4-4bb4-47ed-a9cb-53483a899fb2:c6015, d3916bce-b37b-4246-83c6-d24846ba1a72:c6015]
2019-07-08 14:22:00,360 INFO  client.GrpcClientProtocolClient (GrpcClientProtocolClient.java:onNext(255)) - client-DE0880F50CF2->72f5ceaa-5b3b-4bc7-b846-41895f4ebd48: receive RaftClientReply:client-DE0880F50CF2->72f5ceaa-5b3b-4bc7-b846-41895f4ebd48@group-833AA35A7EDE, cid=3979, SUCCESS, logIndex=6020, commits[72f5ceaa-5b3b-4bc7-b846-41895f4ebd48:c6021, b4e1f7d4-4bb4-47ed-a9cb-53483a899fb2:c6017, d3916bce-b37b-4246-83c6-d24846ba1a72:c6016]
2019-07-08 14:22:00,360 INFO  client.GrpcClientProtocolClient (GrpcClientProtocolClient.java:onNext(255)) - client-DE0880F50CF2->72f5ceaa-5b3b-4bc7-b846-41895f4ebd48: receive RaftClientReply:client-DE0880F50CF2->72f5ceaa-5b3b-4bc7-b846-41895f4ebd48@group-833AA35A7EDE, cid=3980, SUCCESS, logIndex=6021, commits[72f5ceaa-5b3b-4bc7-b846-41895f4ebd48:c6021, b4e1f7d4-4bb4-47ed-a9cb-53483a899fb2:c6017, d3916bce-b37b-4246-83c6-d24846ba1a72:c6016]
2019-07-08 14:22:00,361 INFO  client.GrpcClientProtocolClient (GrpcClientProtocolClient.java:onNext(255)) - client-DE0880F50CF2->72f5ceaa-5b3b-4bc7-b846-41895f4ebd48: receive RaftClientReply:client-DE0880F50CF2->72f5ceaa-5b3b-4bc7-b846-41895f4ebd48@group-833AA35A7EDE, cid=3981, SUCCESS, logIndex=0, commits[72f5ceaa-5b3b-4bc7-b846-41895f4ebd48:c6021, b4e1f7d4-4bb4-47ed-a9cb-53483a899fb2:c6017, d3916bce-b37b-4246-83c6-d24846ba1a72:c6017]
2019-07-08 14:22:00,363 INFO  client.GrpcClientProtocolClient (GrpcClientProtocolClient.java:onNext(255)) - client-DE0880F50CF2->72f5ceaa-5b3b-4bc7-b846-41895f4ebd48: receive RaftClientReply:client-DE0880F50CF2->72f5ceaa-5b3b-4bc7-b846-41895f4ebd48@group-833AA35A7EDE, cid=3982, SUCCESS, logIndex=0, commits[72f5ceaa-5b3b-4bc7-b846-41895f4ebd48:c6023, b4e1f7d4-4bb4-47ed-a9cb-53483a899fb2:c6021, d3916bce-b37b-4246-83c6-d24846ba1a72:c6021]
2019-07-08 14:22:00,409 INFO  client.GrpcClientProtocolClient (GrpcClientProtocolClient.java:onNext(255)) - client-DE0880F50CF2->72f5ceaa-5b3b-4bc7-b846-41895f4ebd48: receive RaftClientReply:client-DE0880F50CF2->72f5ceaa-5b3b-4bc7-b846-41895f4ebd48@group-833AA35A7EDE, cid=3983, SUCCESS, logIndex=6024, commits[72f5ceaa-5b3b-4bc7-b846-41895f4ebd48:c6027, b4e1f7d4-4bb4-47ed-a9cb-53483a899fb2:c6023, d3916bce-b37b-4246-83c6-d24846ba1a72:c6023]
2019-07-08 14:22:00,410 INFO  client.GrpcClientProtocolClient (GrpcClientProtocolClient.java:onNext(255)) - client-DE0880F50CF2->72f5ceaa-5b3b-4bc7-b846-41895f4ebd48: receive RaftClientReply:client-DE0880F50CF2->72f5ceaa-5b3b-4bc7-b846-41895f4ebd48@group-833AA35A7EDE, cid=3984, SUCCESS, logIndex=6025, commits[72f5ceaa-5b3b-4bc7-b846-41895f4ebd48:c6027, b4e1f7d4-4bb4-47ed-a9cb-53483a899fb2:c6023, d3916bce-b37b-4246-83c6-d24846ba1a72:c6023]
2019-07-08 14:22:00,410 INFO  client.GrpcClientProtocolClient (GrpcClientProtocolClient.java:onNext(255)) - client-DE0880F50CF2->72f5ceaa-5b3b-4bc7-b846-41895f4ebd48: receive RaftClientReply:client-DE0880F50CF2->72f5ceaa-5b3b-4bc7-b846-41895f4ebd48@group-833AA35A7EDE, cid=3985, SUCCESS, logIndex=6026, commits[72f5ceaa-5b3b-4bc7-b846-41895f4ebd48:c6027, b4e1f7d4-4bb4-47ed-a9cb-53483a899fb2:c6023, d3916bce-b37b-4246-83c6-d24846ba1a72:c6023]
2019-07-08 14:22:00,410 INFO  client.GrpcClientProtocolClient (GrpcClientProtocolClient.java:onNext(255)) - client-DE0880F50CF2->72f5ceaa-5b3b-4bc7-b846-41895f4ebd48: receive RaftClientReply:client-DE0880F50CF2->72f5ceaa-5b3b-4bc7-b846-41895f4ebd48@group-833AA35A7EDE, cid=3986, SUCCESS, logIndex=6027, commits[72f5ceaa-5b3b-4bc7-b846-41895f4ebd48:c6027, b4e1f7d4-4bb4-47ed-a9cb-53483a899fb2:c6023, d3916bce-b37b-4246-83c6-d24846ba1a72:c6023]
2019-07-08 14:22:00,435 INFO  client.GrpcClientProtocolClient (GrpcClientProtocolClient.java:onNext(255)) - client-DE0880F50CF2->72f5ceaa-5b3b-4bc7-b846-41895f4ebd48: receive RaftClientReply:client-DE0880F50CF2->72f5ceaa-5b3b-4bc7-b846-41895f4ebd48@group-833AA35A7EDE, cid=3987, SUCCESS, logIndex=0, commits[72f5ceaa-5b3b-4bc7-b846-41895f4ebd48:c6029, b4e1f7d4-4bb4-47ed-a9cb-53483a899fb2:c6025, d3916bce-b37b-4246-83c6-d24846ba1a72:c6025]
2019-07-08 14:22:00,456 INFO  client.GrpcClientProtocolClient (GrpcClientProtocolClient.java:onNext(255)) - client-DE0880F50CF2->72f5ceaa-5b3b-4bc7-b846-41895f4ebd48: receive RaftClientReply:client-DE0880F50CF2->72f5ceaa-5b3b-4bc7-b846-41895f4ebd48@group-833AA35A7EDE, cid=3988, SUCCESS, logIndex=6032, commits[72f5ceaa-5b3b-4bc7-b846-41895f4ebd48:c6033, b4e1f7d4-4bb4-47ed-a9cb-53483a899fb2:c6031, d3916bce-b37b-4246-83c6-d24846ba1a72:c6031]
2019-07-08 14:22:00,456 INFO  client.GrpcClientProtocolClient (GrpcClientProtocolClient.java:onNext(255)) - client-DE0880F50CF2->72f5ceaa-5b3b-4bc7-b846-41895f4ebd48: receive RaftClientReply:client-DE0880F50CF2->72f5ceaa-5b3b-4bc7-b846-41895f4ebd48@group-833AA35A7EDE, cid=3989, SUCCESS, logIndex=6033, commits[72f5ceaa-5b3b-4bc7-b846-41895f4ebd48:c6033, b4e1f7d4-4bb4-47ed-a9cb-53483a899fb2:c6031, d3916bce-b37b-4246-83c6-d24846ba1a72:c6031]
2019-07-08 14:22:00,470 INFO  client.GrpcClientProtocolClient (GrpcClientProtocolClient.java:onNext(255)) - client-DE0880F50CF2->72f5ceaa-5b3b-4bc7-b846-41895f4ebd48: receive RaftClientReply:client-DE0880F50CF2->72f5ceaa-5b3b-4bc7-b846-41895f4ebd48@group-833AA35A7EDE, cid=3990, SUCCESS, logIndex=6036, commits[72f5ceaa-5b3b-4bc7-b846-41895f4ebd48:c6037, b4e1f7d4-4bb4-47ed-a9cb-53483a899fb2:c6032, d3916bce-b37b-4246-83c6-d24846ba1a72:c6033]
2019-07-08 14:22:00,470 INFO  client.GrpcClientProtocolClient (GrpcClientProtocolClient.java:onNext(255)) - client-DE0880F50CF2->72f5ceaa-5b3b-4bc7-b846-41895f4ebd48: receive RaftClientReply:client-DE0880F50CF2->72f5ceaa-5b3b-4bc7-b846-41895f4ebd48@group-833AA35A7EDE, cid=3991, SUCCESS, logIndex=6037, commits[72f5ceaa-5b3b-4bc7-b846-41895f4ebd48:c6037, b4e1f7d4-4bb4-47ed-a9cb-53483a899fb2:c6033, d3916bce-b37b-4246-83c6-d24846ba1a72:c6033]
2019-07-08 14:22:00,472 INFO  client.GrpcClientProtocolClient (GrpcClientProtocolClient.java:onNext(255)) - client-DE0880F50CF2->72f5ceaa-5b3b-4bc7-b846-41895f4ebd48: receive RaftClientReply:client-DE0880F50CF2->72f5ceaa-5b3b-4bc7-b846-41895f4ebd48@group-833AA35A7EDE, cid=3992, SUCCESS, logIndex=0, commits[72f5ceaa-5b3b-4bc7-b846-41895f4ebd48:c6039, b4e1f7d4-4bb4-47ed-a9cb-53483a899fb2:c6037, d3916bce-b37b-4246-83c6-d24846ba1a72:c6037]
2019-07-08 14:22:00,513 INFO  client.GrpcClientProtocolClient (GrpcClientProtocolClient.java:onNext(255)) - client-DE0880F50CF2->72f5ceaa-5b3b-4bc7-b846-41895f4ebd48: receive RaftClientReply:client-DE0880F50CF2->72f5ceaa-5b3b-4bc7-b846-41895f4ebd48@group-833AA35A7EDE, cid=3993, SUCCESS, logIndex=6040, commits[72f5ceaa-5b3b-4bc7-b846-41895f4ebd48:c6041, b4e1f7d4-4bb4-47ed-a9cb-53483a899fb2:c6039, d3916bce-b37b-4246-83c6-d24846ba1a72:c6039]
2019-07-08 14:22:00,514 INFO  client.GrpcClientProtocolClient (GrpcClientProtocolClient.java:onNext(255)) - client-DE0880F50CF2->72f5ceaa-5b3b-4bc7-b846-41895f4ebd48: receive RaftClientReply:client-DE0880F50CF2->72f5ceaa-5b3b-4bc7-b846-41895f4ebd48@group-833AA35A7EDE, cid=3994, SUCCESS, logIndex=6041, commits[72f5ceaa-5b3b-4bc7-b846-41895f4ebd48:c6043, b4e1f7d4-4bb4-47ed-a9cb-53483a899fb2:c6039, d3916bce-b37b-4246-83c6-d24846ba1a72:c6039]
2019-07-08 14:22:00,515 INFO  client.GrpcClientProtocolClient (GrpcClientProtocolClient.java:onNext(255)) - client-DE0880F50CF2->72f5ceaa-5b3b-4bc7-b846-41895f4ebd48: receive RaftClientReply:client-DE0880F50CF2->72f5ceaa-5b3b-4bc7-b846-41895f4ebd48@group-833AA35A7EDE, cid=3995, SUCCESS, logIndex=6042, commits[72f5ceaa-5b3b-4bc7-b846-41895f4ebd48:c6043, b4e1f7d4-4bb4-47ed-a9cb-53483a899fb2:c6039, d3916bce-b37b-4246-83c6-d24846ba1a72:c6039]
2019-07-08 14:22:00,515 INFO  client.GrpcClientProtocolClient (GrpcClientProtocolClient.java:onNext(255)) - client-DE0880F50CF2->72f5ceaa-5b3b-4bc7-b846-41895f4ebd48: receive RaftClientReply:client-DE0880F50CF2->72f5ceaa-5b3b-4bc7-b846-41895f4ebd48@group-833AA35A7EDE, cid=3996, SUCCESS, logIndex=6043, commits[72f5ceaa-5b3b-4bc7-b846-41895f4ebd48:c6043, b4e1f7d4-4bb4-47ed-a9cb-53483a899fb2:c6039, d3916bce-b37b-4246-83c6-d24846ba1a72:c6039]
2019-07-08 14:22:00,527 INFO  client.GrpcClientProtocolClient (GrpcClientProtocolClient.java:onNext(255)) - client-DE0880F50CF2->72f5ceaa-5b3b-4bc7-b846-41895f4ebd48: receive RaftClientReply:client-DE0880F50CF2->72f5ceaa-5b3b-4bc7-b846-41895f4ebd48@group-833AA35A7EDE, cid=3997, SUCCESS, logIndex=0, commits[72f5ceaa-5b3b-4bc7-b846-41895f4ebd48:c6045, b4e1f7d4-4bb4-47ed-a9cb-53483a899fb2:c6041, d3916bce-b37b-4246-83c6-d24846ba1a72:c6041]
2019-07-08 14:22:00,549 INFO  client.GrpcClientProtocolClient (GrpcClientProtocolClient.java:onNext(255)) - client-DE0880F50CF2->72f5ceaa-5b3b-4bc7-b846-41895f4ebd48: receive RaftClientReply:client-DE0880F50CF2->72f5ceaa-5b3b-4bc7-b846-41895f4ebd48@group-833AA35A7EDE, cid=3998, SUCCESS, logIndex=6047, commits[72f5ceaa-5b3b-4bc7-b846-41895f4ebd48:c6048, b4e1f7d4-4bb4-47ed-a9cb-53483a899fb2:c6046, d3916bce-b37b-4246-83c6-d24846ba1a72:c6046]
2019-07-08 14:22:00,549 INFO  client.GrpcClientProtocolClient (GrpcClientProtocolClient.java:onNext(255)) - client-DE0880F50CF2->72f5ceaa-5b3b-4bc7-b846-41895f4ebd48: receive RaftClientReply:client-DE0880F50CF2->72f5ceaa-5b3b-4bc7-b846-41895f4ebd48@group-833AA35A7EDE, cid=3999, SUCCESS, logIndex=6048, commits[72f5ceaa-5b3b-4bc7-b846-41895f4ebd48:c6048, b4e1f7d4-4bb4-47ed-a9cb-53483a899fb2:c6046, d3916bce-b37b-4246-83c6-d24846ba1a72:c6046]
2019-07-08 14:22:00,576 INFO  client.GrpcClientProtocolClient (GrpcClientProtocolClient.java:onNext(255)) - client-DE0880F50CF2->72f5ceaa-5b3b-4bc7-b846-41895f4ebd48: receive RaftClientReply:client-DE0880F50CF2->72f5ceaa-5b3b-4bc7-b846-41895f4ebd48@group-833AA35A7EDE, cid=4000, SUCCESS, logIndex=6051, commits[72f5ceaa-5b3b-4bc7-b846-41895f4ebd48:c6052, b4e1f7d4-4bb4-47ed-a9cb-53483a899fb2:c6048, d3916bce-b37b-4246-83c6-d24846ba1a72:c6048]
2019-07-08 14:22:00,577 INFO  client.GrpcClientProtocolClient (GrpcClientProtocolClient.java:onNext(255)) - client-DE0880F50CF2->72f5ceaa-5b3b-4bc7-b846-41895f4ebd48: receive RaftClientReply:client-DE0880F50CF2->72f5ceaa-5b3b-4bc7-b846-41895f4ebd48@group-833AA35A7EDE, cid=4001, SUCCESS, logIndex=6052, commits[72f5ceaa-5b3b-4bc7-b846-41895f4ebd48:c6052, b4e1f7d4-4bb4-47ed-a9cb-53483a899fb2:c6048, d3916bce-b37b-4246-83c6-d24846ba1a72:c6048]
2019-07-08 14:22:00,589 INFO  client.GrpcClientProtocolClient (GrpcClientProtocolClient.java:onNext(255)) - client-DE0880F50CF2->72f5ceaa-5b3b-4bc7-b846-41895f4ebd48: receive RaftClientReply:client-DE0880F50CF2->72f5ceaa-5b3b-4bc7-b846-41895f4ebd48@group-833AA35A7EDE, cid=4002, SUCCESS, logIndex=0, commits[72f5ceaa-5b3b-4bc7-b846-41895f4ebd48:c6054, b4e1f7d4-4bb4-47ed-a9cb-53483a899fb2:c6052, d3916bce-b37b-4246-83c6-d24846ba1a72:c6052]
2019-07-08 14:22:00,631 INFO  client.GrpcClientProtocolClient (GrpcClientProtocolClient.java:onNext(255)) - client-DE0880F50CF2->72f5ceaa-5b3b-4bc7-b846-41895f4ebd48: receive RaftClientReply:client-DE0880F50CF2->72f5ceaa-5b3b-4bc7-b846-41895f4ebd48@group-833AA35A7EDE, cid=4003, SUCCESS, logIndex=6055, commits[72f5ceaa-5b3b-4bc7-b846-41895f4ebd48:c6056, b4e1f7d4-4bb4-47ed-a9cb-53483a899fb2:c6054, d3916bce-b37b-4246-83c6-d24846ba1a72:c6054]
2019-07-08 14:22:00,632 INFO  client.GrpcClientProtocolClient (GrpcClientProtocolClient.java:onNext(255)) - client-DE0880F50CF2->72f5ceaa-5b3b-4bc7-b846-41895f4ebd48: receive RaftClientReply:client-DE0880F50CF2->72f5ceaa-5b3b-4bc7-b846-41895f4ebd48@group-833AA35A7EDE, cid=4004, SUCCESS, logIndex=6056, commits[72f5ceaa-5b3b-4bc7-b846-41895f4ebd48:c6058, b4e1f7d4-4bb4-47ed-a9cb-53483a899fb2:c6054, d3916bce-b37b-4246-83c6-d24846ba1a72:c6054]
2019-07-08 14:22:00,632 INFO  client.GrpcClientProtocolClient (GrpcClientProtocolClient.java:onNext(255)) - client-DE0880F50CF2->72f5ceaa-5b3b-4bc7-b846-41895f4ebd48: receive RaftClientReply:client-DE0880F50CF2->72f5ceaa-5b3b-4bc7-b846-41895f4ebd48@group-833AA35A7EDE, cid=4005, SUCCESS, logIndex=6057, commits[72f5ceaa-5b3b-4bc7-b846-41895f4ebd48:c6058, b4e1f7d4-4bb4-47ed-a9cb-53483a899fb2:c6054, d3916bce-b37b-4246-83c6-d24846ba1a72:c6054]
2019-07-08 14:22:00,633 INFO  client.GrpcClientProtocolClient (GrpcClientProtocolClient.java:onNext(255)) - client-DE0880F50CF2->72f5ceaa-5b3b-4bc7-b846-41895f4ebd48: receive RaftClientReply:client-DE0880F50CF2->72f5ceaa-5b3b-4bc7-b846-41895f4ebd48@group-833AA35A7EDE, cid=4006, SUCCESS, logIndex=6058, commits[72f5ceaa-5b3b-4bc7-b846-41895f4ebd48:c6058, b4e1f7d4-4bb4-47ed-a9cb-53483a899fb2:c6054, d3916bce-b37b-4246-83c6-d24846ba1a72:c6054]
2019-07-08 14:22:00,643 INFO  client.GrpcClientProtocolClient (GrpcClientProtocolClient.java:onNext(255)) - client-DE0880F50CF2->72f5ceaa-5b3b-4bc7-b846-41895f4ebd48: receive RaftClientReply:client-DE0880F50CF2->72f5ceaa-5b3b-4bc7-b846-41895f4ebd48@group-833AA35A7EDE, cid=4007, SUCCESS, logIndex=0, commits[72f5ceaa-5b3b-4bc7-b846-41895f4ebd48:c6060, b4e1f7d4-4bb4-47ed-a9cb-53483a899fb2:c6056, d3916bce-b37b-4246-83c6-d24846ba1a72:c6056]
2019-07-08 14:22:00,701 INFO  client.GrpcClientProtocolClient (GrpcClientProtocolClient.java:onNext(255)) - client-DE0880F50CF2->72f5ceaa-5b3b-4bc7-b846-41895f4ebd48: receive RaftClientReply:client-DE0880F50CF2->72f5ceaa-5b3b-4bc7-b846-41895f4ebd48@group-833AA35A7EDE, cid=4008, SUCCESS, logIndex=6063, commits[72f5ceaa-5b3b-4bc7-b846-41895f4ebd48:c6064, b4e1f7d4-4bb4-47ed-a9cb-53483a899fb2:c6062, d3916bce-b37b-4246-83c6-d24846ba1a72:c6062]
2019-07-08 14:22:00,701 INFO  client.GrpcClientProtocolClient (GrpcClientProtocolClient.java:onNext(255)) - client-DE0880F50CF2->72f5ceaa-5b3b-4bc7-b846-41895f4ebd48: receive RaftClientReply:client-DE0880F50CF2->72f5ceaa-5b3b-4bc7-b846-41895f4ebd48@group-833AA35A7EDE, cid=4009, SUCCESS, logIndex=6064, commits[72f5ceaa-5b3b-4bc7-b846-41895f4ebd48:c6064, b4e1f7d4-4bb4-47ed-a9cb-53483a899fb2:c6062, d3916bce-b37b-4246-83c6-d24846ba1a72:c6062]
2019-07-08 14:22:00,725 INFO  client.GrpcClientProtocolClient (GrpcClientProtocolClient.java:onNext(255)) - client-DE0880F50CF2->72f5ceaa-5b3b-4bc7-b846-41895f4ebd48: receive RaftClientReply:client-DE0880F50CF2->72f5ceaa-5b3b-4bc7-b846-41895f4ebd48@group-833AA35A7EDE, cid=4010, SUCCESS, logIndex=6067, commits[72f5ceaa-5b3b-4bc7-b846-41895f4ebd48:c6068, b4e1f7d4-4bb4-47ed-a9cb-53483a899fb2:c6064, d3916bce-b37b-4246-83c6-d24846ba1a72:c6064]
2019-07-08 14:22:00,726 INFO  client.GrpcClientProtocolClient (GrpcClientProtocolClient.java:onNext(255)) - client-DE0880F50CF2->72f5ceaa-5b3b-4bc7-b846-41895f4ebd48: receive RaftClientReply:client-DE0880F50CF2->72f5ceaa-5b3b-4bc7-b846-41895f4ebd48@group-833AA35A7EDE, cid=4011, SUCCESS, logIndex=6068, commits[72f5ceaa-5b3b-4bc7-b846-41895f4ebd48:c6068, b4e1f7d4-4bb4-47ed-a9cb-53483a899fb2:c6064, d3916bce-b37b-4246-83c6-d24846ba1a72:c6064]
2019-07-08 14:22:00,738 INFO  client.GrpcClientProtocolClient (GrpcClientProtocolClient.java:onNext(255)) - client-DE0880F50CF2->72f5ceaa-5b3b-4bc7-b846-41895f4ebd48: receive RaftClientReply:client-DE0880F50CF2->72f5ceaa-5b3b-4bc7-b846-41895f4ebd48@group-833AA35A7EDE, cid=4012, SUCCESS, logIndex=0, commits[72f5ceaa-5b3b-4bc7-b846-41895f4ebd48:c6070, b4e1f7d4-4bb4-47ed-a9cb-53483a899fb2:c6068, d3916bce-b37b-4246-83c6-d24846ba1a72:c6068]
2019-07-08 14:22:00,780 INFO  client.GrpcClientProtocolClient (GrpcClientProtocolClient.java:onNext(255)) - client-DE0880F50CF2->72f5ceaa-5b3b-4bc7-b846-41895f4ebd48: receive RaftClientReply:client-DE0880F50CF2->72f5ceaa-5b3b-4bc7-b846-41895f4ebd48@group-833AA35A7EDE, cid=4013, SUCCESS, logIndex=6071, commits[72f5ceaa-5b3b-4bc7-b846-41895f4ebd48:c6072, b4e1f7d4-4bb4-47ed-a9cb-53483a899fb2:c6070, d3916bce-b37b-4246-83c6-d24846ba1a72:c6070]
2019-07-08 14:22:00,891 INFO  client.GrpcClientProtocolClient (GrpcClientProtocolClient.java:onNext(255)) - client-DE0880F50CF2->72f5ceaa-5b3b-4bc7-b846-41895f4ebd48: receive RaftClientReply:client-DE0880F50CF2->72f5ceaa-5b3b-4bc7-b846-41895f4ebd48@group-833AA35A7EDE, cid=4014, SUCCESS, logIndex=6072, commits[72f5ceaa-5b3b-4bc7-b846-41895f4ebd48:c6074, b4e1f7d4-4bb4-47ed-a9cb-53483a899fb2:c6070, d3916bce-b37b-4246-83c6-d24846ba1a72:c6070]
2019-07-08 14:22:00,892 INFO  client.GrpcClientProtocolClient (GrpcClientProtocolClient.java:onNext(255)) - client-DE0880F50CF2->72f5ceaa-5b3b-4bc7-b846-41895f4ebd48: receive RaftClientReply:client-DE0880F50CF2->72f5ceaa-5b3b-4bc7-b846-41895f4ebd48@group-833AA35A7EDE, cid=4015, SUCCESS, logIndex=6073, commits[72f5ceaa-5b3b-4bc7-b846-41895f4ebd48:c6075, b4e1f7d4-4bb4-47ed-a9cb-53483a899fb2:c6070, d3916bce-b37b-4246-83c6-d24846ba1a72:c6071]
2019-07-08 14:22:00,892 INFO  client.GrpcClientProtocolClient (GrpcClientProtocolClient.java:onNext(255)) - client-DE0880F50CF2->72f5ceaa-5b3b-4bc7-b846-41895f4ebd48: receive RaftClientReply:client-DE0880F50CF2->72f5ceaa-5b3b-4bc7-b846-41895f4ebd48@group-833AA35A7EDE, cid=4016, SUCCESS, logIndex=6074, commits[72f5ceaa-5b3b-4bc7-b846-41895f4ebd48:c6076, b4e1f7d4-4bb4-47ed-a9cb-53483a899fb2:c6070, d3916bce-b37b-4246-83c6-d24846ba1a72:c6074]
2019-07-08 14:22:00,894 INFO  client.GrpcClientProtocolClient (GrpcClientProtocolClient.java:onNext(255)) - client-DE0880F50CF2->72f5ceaa-5b3b-4bc7-b846-41895f4ebd48: receive RaftClientReply:client-DE0880F50CF2->72f5ceaa-5b3b-4bc7-b846-41895f4ebd48@group-833AA35A7EDE, cid=4017, SUCCESS, logIndex=0, commits[72f5ceaa-5b3b-4bc7-b846-41895f4ebd48:c6076, b4e1f7d4-4bb4-47ed-a9cb-53483a899fb2:c6072, d3916bce-b37b-4246-83c6-d24846ba1a72:c6074]
2019-07-08 14:22:00,920 INFO  client.GrpcClientProtocolClient (GrpcClientProtocolClient.java:onNext(255)) - client-DE0880F50CF2->72f5ceaa-5b3b-4bc7-b846-41895f4ebd48: receive RaftClientReply:client-DE0880F50CF2->72f5ceaa-5b3b-4bc7-b846-41895f4ebd48@group-833AA35A7EDE, cid=4018, SUCCESS, logIndex=6078, commits[72f5ceaa-5b3b-4bc7-b846-41895f4ebd48:c6079, b4e1f7d4-4bb4-47ed-a9cb-53483a899fb2:c6076, d3916bce-b37b-4246-83c6-d24846ba1a72:c6076]
2019-07-08 14:22:00,920 INFO  client.GrpcClientProtocolClient (GrpcClientProtocolClient.java:onNext(255)) - client-DE0880F50CF2->72f5ceaa-5b3b-4bc7-b846-41895f4ebd48: receive RaftClientReply:client-DE0880F50CF2->72f5ceaa-5b3b-4bc7-b846-41895f4ebd48@group-833AA35A7EDE, cid=4019, SUCCESS, logIndex=6079, commits[72f5ceaa-5b3b-4bc7-b846-41895f4ebd48:c6079, b4e1f7d4-4bb4-47ed-a9cb-53483a899fb2:c6076, d3916bce-b37b-4246-83c6-d24846ba1a72:c6076]
2019-07-08 14:22:00,934 INFO  client.GrpcClientProtocolClient (GrpcClientProtocolClient.java:onNext(255)) - client-DE0880F50CF2->72f5ceaa-5b3b-4bc7-b846-41895f4ebd48: receive RaftClientReply:client-DE0880F50CF2->72f5ceaa-5b3b-4bc7-b846-41895f4ebd48@group-833AA35A7EDE, cid=4020, SUCCESS, logIndex=6082, commits[72f5ceaa-5b3b-4bc7-b846-41895f4ebd48:c6083, b4e1f7d4-4bb4-47ed-a9cb-53483a899fb2:c6078, d3916bce-b37b-4246-83c6-d24846ba1a72:c6079]
2019-07-08 14:22:00,934 INFO  client.GrpcClientProtocolClient (GrpcClientProtocolClient.java:onNext(255)) - client-DE0880F50CF2->72f5ceaa-5b3b-4bc7-b846-41895f4ebd48: receive RaftClientReply:client-DE0880F50CF2->72f5ceaa-5b3b-4bc7-b846-41895f4ebd48@group-833AA35A7EDE, cid=4021, SUCCESS, logIndex=6083, commits[72f5ceaa-5b3b-4bc7-b846-41895f4ebd48:c6083, b4e1f7d4-4bb4-47ed-a9cb-53483a899fb2:c6079, d3916bce-b37b-4246-83c6-d24846ba1a72:c6079]
2019-07-08 14:22:00,936 INFO  client.GrpcClientProtocolClient (GrpcClientProtocolClient.java:onNext(255)) - client-DE0880F50CF2->72f5ceaa-5b3b-4bc7-b846-41895f4ebd48: receive RaftClientReply:client-DE0880F50CF2->72f5ceaa-5b3b-4bc7-b846-41895f4ebd48@group-833AA35A7EDE, cid=4022, SUCCESS, logIndex=0, commits[72f5ceaa-5b3b-4bc7-b846-41895f4ebd48:c6085, b4e1f7d4-4bb4-47ed-a9cb-53483a899fb2:c6083, d3916bce-b37b-4246-83c6-d24846ba1a72:c6083]
2019-07-08 14:22:00,971 INFO  client.GrpcClientProtocolClient (GrpcClientProtocolClient.java:onNext(255)) - client-DE0880F50CF2->72f5ceaa-5b3b-4bc7-b846-41895f4ebd48: receive RaftClientReply:client-DE0880F50CF2->72f5ceaa-5b3b-4bc7-b846-41895f4ebd48@group-833AA35A7EDE, cid=4023, SUCCESS, logIndex=6086, commits[72f5ceaa-5b3b-4bc7-b846-41895f4ebd48:c6087, b4e1f7d4-4bb4-47ed-a9cb-53483a899fb2:c6085, d3916bce-b37b-4246-83c6-d24846ba1a72:c6085]
2019-07-08 14:22:00,972 INFO  client.GrpcClientProtocolClient (GrpcClientProtocolClient.java:onNext(255)) - client-DE0880F50CF2->72f5ceaa-5b3b-4bc7-b846-41895f4ebd48: receive RaftClientReply:client-DE0880F50CF2->72f5ceaa-5b3b-4bc7-b846-41895f4ebd48@group-833AA35A7EDE, cid=4024, SUCCESS, logIndex=6087, commits[72f5ceaa-5b3b-4bc7-b846-41895f4ebd48:c6089, b4e1f7d4-4bb4-47ed-a9cb-53483a899fb2:c6085, d3916bce-b37b-4246-83c6-d24846ba1a72:c6085]
2019-07-08 14:22:00,972 INFO  client.GrpcClientProtocolClient (GrpcClientProtocolClient.java:onNext(255)) - client-DE0880F50CF2->72f5ceaa-5b3b-4bc7-b846-41895f4ebd48: receive RaftClientReply:client-DE0880F50CF2->72f5ceaa-5b3b-4bc7-b846-41895f4ebd48@group-833AA35A7EDE, cid=4025, SUCCESS, logIndex=6088, commits[72f5ceaa-5b3b-4bc7-b846-41895f4ebd48:c6089, b4e1f7d4-4bb4-47ed-a9cb-53483a899fb2:c6085, d3916bce-b37b-4246-83c6-d24846ba1a72:c6085]
2019-07-08 14:22:00,972 INFO  client.GrpcClientProtocolClient (GrpcClientProtocolClient.java:onNext(255)) - client-DE0880F50CF2->72f5ceaa-5b3b-4bc7-b846-41895f4ebd48: receive RaftClientReply:client-DE0880F50CF2->72f5ceaa-5b3b-4bc7-b846-41895f4ebd48@group-833AA35A7EDE, cid=4026, SUCCESS, logIndex=6089, commits[72f5ceaa-5b3b-4bc7-b846-41895f4ebd48:c6089, b4e1f7d4-4bb4-47ed-a9cb-53483a899fb2:c6085, d3916bce-b37b-4246-83c6-d24846ba1a72:c6085]
2019-07-08 14:22:00,974 INFO  client.GrpcClientProtocolClient (GrpcClientProtocolClient.java:onNext(255)) - client-DE0880F50CF2->72f5ceaa-5b3b-4bc7-b846-41895f4ebd48: receive RaftClientReply:client-DE0880F50CF2->72f5ceaa-5b3b-4bc7-b846-41895f4ebd48@group-833AA35A7EDE, cid=4027, SUCCESS, logIndex=0, commits[72f5ceaa-5b3b-4bc7-b846-41895f4ebd48:c6093, b4e1f7d4-4bb4-47ed-a9cb-53483a899fb2:c6089, d3916bce-b37b-4246-83c6-d24846ba1a72:c6088]
 0.00% |█                                                                                                    |  0/1 Time: 0:00:552019-07-08 14:22:00,994 INFO  client.GrpcClientProtocolClient (GrpcClientProtocolClient.java:onNext(255)) - client-DE0880F50CF2->72f5ceaa-5b3b-4bc7-b846-41895f4ebd48: receive RaftClientReply:client-DE0880F50CF2->72f5ceaa-5b3b-4bc7-b846-41895f4ebd48@group-833AA35A7EDE, cid=4028, SUCCESS, logIndex=6094, commits[72f5ceaa-5b3b-4bc7-b846-41895f4ebd48:c6095, b4e1f7d4-4bb4-47ed-a9cb-53483a899fb2:c6093, d3916bce-b37b-4246-83c6-d24846ba1a72:c6093]
2019-07-08 14:22:00,995 INFO  client.GrpcClientProtocolClient (GrpcClientProtocolClient.java:onNext(255)) - client-DE0880F50CF2->72f5ceaa-5b3b-4bc7-b846-41895f4ebd48: receive RaftClientReply:client-DE0880F50CF2->72f5ceaa-5b3b-4bc7-b846-41895f4ebd48@group-833AA35A7EDE, cid=4029, SUCCESS, logIndex=6095, commits[72f5ceaa-5b3b-4bc7-b846-41895f4ebd48:c6095, b4e1f7d4-4bb4-47ed-a9cb-53483a899fb2:c6093, d3916bce-b37b-4246-83c6-d24846ba1a72:c6093]
2019-07-08 14:22:01,009 INFO  client.GrpcClientProtocolClient (GrpcClientProtocolClient.java:onNext(255)) - client-DE0880F50CF2->72f5ceaa-5b3b-4bc7-b846-41895f4ebd48: receive RaftClientReply:client-DE0880F50CF2->72f5ceaa-5b3b-4bc7-b846-41895f4ebd48@group-833AA35A7EDE, cid=4030, SUCCESS, logIndex=6098, commits[72f5ceaa-5b3b-4bc7-b846-41895f4ebd48:c6099, b4e1f7d4-4bb4-47ed-a9cb-53483a899fb2:c6095, d3916bce-b37b-4246-83c6-d24846ba1a72:c6095]
2019-07-08 14:22:01,009 INFO  client.GrpcClientProtocolClient (GrpcClientProtocolClient.java:onNext(255)) - client-DE0880F50CF2->72f5ceaa-5b3b-4bc7-b846-41895f4ebd48: receive RaftClientReply:client-DE0880F50CF2->72f5ceaa-5b3b-4bc7-b846-41895f4ebd48@group-833AA35A7EDE, cid=4031, SUCCESS, logIndex=6099, commits[72f5ceaa-5b3b-4bc7-b846-41895f4ebd48:c6099, b4e1f7d4-4bb4-47ed-a9cb-53483a899fb2:c6095, d3916bce-b37b-4246-83c6-d24846ba1a72:c6095]
2019-07-08 14:22:01,021 INFO  client.GrpcClientProtocolClient (GrpcClientProtocolClient.java:onNext(255)) - client-DE0880F50CF2->72f5ceaa-5b3b-4bc7-b846-41895f4ebd48: receive RaftClientReply:client-DE0880F50CF2->72f5ceaa-5b3b-4bc7-b846-41895f4ebd48@group-833AA35A7EDE, cid=4032, SUCCESS, logIndex=0, commits[72f5ceaa-5b3b-4bc7-b846-41895f4ebd48:c6100, b4e1f7d4-4bb4-47ed-a9cb-53483a899fb2:c6099, d3916bce-b37b-4246-83c6-d24846ba1a72:c6099]
2019-07-08 14:22:01,053 INFO  client.GrpcClientProtocolClient (GrpcClientProtocolClient.java:onNext(255)) - client-DE0880F50CF2->72f5ceaa-5b3b-4bc7-b846-41895f4ebd48: receive RaftClientReply:client-DE0880F50CF2->72f5ceaa-5b3b-4bc7-b846-41895f4ebd48@group-833AA35A7EDE, cid=4033, SUCCESS, logIndex=6102, commits[72f5ceaa-5b3b-4bc7-b846-41895f4ebd48:c6103, b4e1f7d4-4bb4-47ed-a9cb-53483a899fb2:c6101, d3916bce-b37b-4246-83c6-d24846ba1a72:c6101]
2019-07-08 14:22:01,053 INFO  client.GrpcClientProtocolClient (GrpcClientProtocolClient.java:onNext(255)) - client-DE0880F50CF2->72f5ceaa-5b3b-4bc7-b846-41895f4ebd48: receive RaftClientReply:client-DE0880F50CF2->72f5ceaa-5b3b-4bc7-b846-41895f4ebd48@group-833AA35A7EDE, cid=4034, SUCCESS, logIndex=6103, commits[72f5ceaa-5b3b-4bc7-b846-41895f4ebd48:c6104, b4e1f7d4-4bb4-47ed-a9cb-53483a899fb2:c6101, d3916bce-b37b-4246-83c6-d24846ba1a72:c6101]
2019-07-08 14:22:01,054 INFO  client.GrpcClientProtocolClient (GrpcClientProtocolClient.java:onNext(255)) - client-DE0880F50CF2->72f5ceaa-5b3b-4bc7-b846-41895f4ebd48: receive RaftClientReply:client-DE0880F50CF2->72f5ceaa-5b3b-4bc7-b846-41895f4ebd48@group-833AA35A7EDE, cid=4035, SUCCESS, logIndex=6104, commits[72f5ceaa-5b3b-4bc7-b846-41895f4ebd48:c6105, b4e1f7d4-4bb4-47ed-a9cb-53483a899fb2:c6101, d3916bce-b37b-4246-83c6-d24846ba1a72:c6101]
2019-07-08 14:22:01,054 INFO  client.GrpcClientProtocolClient (GrpcClientProtocolClient.java:onNext(255)) - client-DE0880F50CF2->72f5ceaa-5b3b-4bc7-b846-41895f4ebd48: receive RaftClientReply:client-DE0880F50CF2->72f5ceaa-5b3b-4bc7-b846-41895f4ebd48@group-833AA35A7EDE, cid=4036, SUCCESS, logIndex=6105, commits[72f5ceaa-5b3b-4bc7-b846-41895f4ebd48:c6105, b4e1f7d4-4bb4-47ed-a9cb-53483a899fb2:c6101, d3916bce-b37b-4246-83c6-d24846ba1a72:c6101]
2019-07-08 14:22:01,055 INFO  client.GrpcClientProtocolClient (GrpcClientProtocolClient.java:onNext(255)) - client-DE0880F50CF2->72f5ceaa-5b3b-4bc7-b846-41895f4ebd48: receive RaftClientReply:client-DE0880F50CF2->72f5ceaa-5b3b-4bc7-b846-41895f4ebd48@group-833AA35A7EDE, cid=4037, SUCCESS, logIndex=0, commits[72f5ceaa-5b3b-4bc7-b846-41895f4ebd48:c6107, b4e1f7d4-4bb4-47ed-a9cb-53483a899fb2:c6103, d3916bce-b37b-4246-83c6-d24846ba1a72:c6103]
2019-07-08 14:22:01,069 INFO  client.GrpcClientProtocolClient (GrpcClientProtocolClient.java:onNext(255)) - client-DE0880F50CF2->72f5ceaa-5b3b-4bc7-b846-41895f4ebd48: receive RaftClientReply:client-DE0880F50CF2->72f5ceaa-5b3b-4bc7-b846-41895f4ebd48@group-833AA35A7EDE, cid=4038, SUCCESS, logIndex=6110, commits[72f5ceaa-5b3b-4bc7-b846-41895f4ebd48:c6111, b4e1f7d4-4bb4-47ed-a9cb-53483a899fb2:c6109, d3916bce-b37b-4246-83c6-d24846ba1a72:c6105]
2019-07-08 14:22:01,070 INFO  client.GrpcClientProtocolClient (GrpcClientProtocolClient.java:onNext(255)) - client-DE0880F50CF2->72f5ceaa-5b3b-4bc7-b846-41895f4ebd48: receive RaftClientReply:client-DE0880F50CF2->72f5ceaa-5b3b-4bc7-b846-41895f4ebd48@group-833AA35A7EDE, cid=4039, SUCCESS, logIndex=6111, commits[72f5ceaa-5b3b-4bc7-b846-41895f4ebd48:c6111, b4e1f7d4-4bb4-47ed-a9cb-53483a899fb2:c6109, d3916bce-b37b-4246-83c6-d24846ba1a72:c6109]
2019-07-08 14:22:01,091 INFO  client.GrpcClientProtocolClient (GrpcClientProtocolClient.java:onNext(255)) - client-DE0880F50CF2->72f5ceaa-5b3b-4bc7-b846-41895f4ebd48: receive RaftClientReply:client-DE0880F50CF2->72f5ceaa-5b3b-4bc7-b846-41895f4ebd48@group-833AA35A7EDE, cid=4040, SUCCESS, logIndex=6114, commits[72f5ceaa-5b3b-4bc7-b846-41895f4ebd48:c6115, b4e1f7d4-4bb4-47ed-a9cb-53483a899fb2:c6113, d3916bce-b37b-4246-83c6-d24846ba1a72:c6113]
2019-07-08 14:22:01,091 INFO  client.GrpcClientProtocolClient (GrpcClientProtocolClient.java:onNext(255)) - client-DE0880F50CF2->72f5ceaa-5b3b-4bc7-b846-41895f4ebd48: receive RaftClientReply:client-DE0880F50CF2->72f5ceaa-5b3b-4bc7-b846-41895f4ebd48@group-833AA35A7EDE, cid=4041, SUCCESS, logIndex=6115, commits[72f5ceaa-5b3b-4bc7-b846-41895f4ebd48:c6115, b4e1f7d4-4bb4-47ed-a9cb-53483a899fb2:c6113, d3916bce-b37b-4246-83c6-d24846ba1a72:c6113]
2019-07-08 14:22:01,104 INFO  client.GrpcClientProtocolClient (GrpcClientProtocolClient.java:onNext(255)) - client-DE0880F50CF2->72f5ceaa-5b3b-4bc7-b846-41895f4ebd48: receive RaftClientReply:client-DE0880F50CF2->72f5ceaa-5b3b-4bc7-b846-41895f4ebd48@group-833AA35A7EDE, cid=4042, SUCCESS, logIndex=0, commits[72f5ceaa-5b3b-4bc7-b846-41895f4ebd48:c6117, b4e1f7d4-4bb4-47ed-a9cb-53483a899fb2:c6115, d3916bce-b37b-4246-83c6-d24846ba1a72:c6115]
2019-07-08 14:22:01,142 INFO  client.GrpcClientProtocolClient (GrpcClientProtocolClient.java:onNext(255)) - client-DE0880F50CF2->72f5ceaa-5b3b-4bc7-b846-41895f4ebd48: receive RaftClientReply:client-DE0880F50CF2->72f5ceaa-5b3b-4bc7-b846-41895f4ebd48@group-833AA35A7EDE, cid=4043, SUCCESS, logIndex=6118, commits[72f5ceaa-5b3b-4bc7-b846-41895f4ebd48:c6119, b4e1f7d4-4bb4-47ed-a9cb-53483a899fb2:c6117, d3916bce-b37b-4246-83c6-d24846ba1a72:c6117]
2019-07-08 14:22:01,143 INFO  client.GrpcClientProtocolClient (GrpcClientProtocolClient.java:onNext(255)) - client-DE0880F50CF2->72f5ceaa-5b3b-4bc7-b846-41895f4ebd48: receive RaftClientReply:client-DE0880F50CF2->72f5ceaa-5b3b-4bc7-b846-41895f4ebd48@group-833AA35A7EDE, cid=4044, SUCCESS, logIndex=6119, commits[72f5ceaa-5b3b-4bc7-b846-41895f4ebd48:c6121, b4e1f7d4-4bb4-47ed-a9cb-53483a899fb2:c6117, d3916bce-b37b-4246-83c6-d24846ba1a72:c6117]
2019-07-08 14:22:01,143 INFO  client.GrpcClientProtocolClient (GrpcClientProtocolClient.java:onNext(255)) - client-DE0880F50CF2->72f5ceaa-5b3b-4bc7-b846-41895f4ebd48: receive RaftClientReply:client-DE0880F50CF2->72f5ceaa-5b3b-4bc7-b846-41895f4ebd48@group-833AA35A7EDE, cid=4045, SUCCESS, logIndex=6120, commits[72f5ceaa-5b3b-4bc7-b846-41895f4ebd48:c6121, b4e1f7d4-4bb4-47ed-a9cb-53483a899fb2:c6117, d3916bce-b37b-4246-83c6-d24846ba1a72:c6117]
2019-07-08 14:22:01,143 INFO  client.GrpcClientProtocolClient (GrpcClientProtocolClient.java:onNext(255)) - client-DE0880F50CF2->72f5ceaa-5b3b-4bc7-b846-41895f4ebd48: receive RaftClientReply:client-DE0880F50CF2->72f5ceaa-5b3b-4bc7-b846-41895f4ebd48@group-833AA35A7EDE, cid=4046, SUCCESS, logIndex=6121, commits[72f5ceaa-5b3b-4bc7-b846-41895f4ebd48:c6121, b4e1f7d4-4bb4-47ed-a9cb-53483a899fb2:c6117, d3916bce-b37b-4246-83c6-d24846ba1a72:c6117]
2019-07-08 14:22:01,155 INFO  client.GrpcClientProtocolClient (GrpcClientProtocolClient.java:onNext(255)) - client-DE0880F50CF2->72f5ceaa-5b3b-4bc7-b846-41895f4ebd48: receive RaftClientReply:client-DE0880F50CF2->72f5ceaa-5b3b-4bc7-b846-41895f4ebd48@group-833AA35A7EDE, cid=4047, SUCCESS, logIndex=0, commits[72f5ceaa-5b3b-4bc7-b846-41895f4ebd48:c6123, b4e1f7d4-4bb4-47ed-a9cb-53483a899fb2:c6119, d3916bce-b37b-4246-83c6-d24846ba1a72:c6119]
2019-07-08 14:22:01,194 INFO  client.GrpcClientProtocolClient (GrpcClientProtocolClient.java:onNext(255)) - client-DE0880F50CF2->72f5ceaa-5b3b-4bc7-b846-41895f4ebd48: receive RaftClientReply:client-DE0880F50CF2->72f5ceaa-5b3b-4bc7-b846-41895f4ebd48@group-833AA35A7EDE, cid=4048, SUCCESS, logIndex=6126, commits[72f5ceaa-5b3b-4bc7-b846-41895f4ebd48:c6126, b4e1f7d4-4bb4-47ed-a9cb-53483a899fb2:c6125, d3916bce-b37b-4246-83c6-d24846ba1a72:c6125]
2019-07-08 14:22:01,194 INFO  client.GrpcClientProtocolClient (GrpcClientProtocolClient.java:onNext(255)) - client-DE0880F50CF2->72f5ceaa-5b3b-4bc7-b846-41895f4ebd48: receive RaftClientReply:client-DE0880F50CF2->72f5ceaa-5b3b-4bc7-b846-41895f4ebd48@group-833AA35A7EDE, cid=4049, SUCCESS, logIndex=6127, commits[72f5ceaa-5b3b-4bc7-b846-41895f4ebd48:c6127, b4e1f7d4-4bb4-47ed-a9cb-53483a899fb2:c6125, d3916bce-b37b-4246-83c6-d24846ba1a72:c6125]
2019-07-08 14:22:01,221 INFO  client.GrpcClientProtocolClient (GrpcClientProtocolClient.java:onNext(255)) - client-DE0880F50CF2->72f5ceaa-5b3b-4bc7-b846-41895f4ebd48: receive RaftClientReply:client-DE0880F50CF2->72f5ceaa-5b3b-4bc7-b846-41895f4ebd48@group-833AA35A7EDE, cid=4050, SUCCESS, logIndex=6130, commits[72f5ceaa-5b3b-4bc7-b846-41895f4ebd48:c6131, b4e1f7d4-4bb4-47ed-a9cb-53483a899fb2:c6127, d3916bce-b37b-4246-83c6-d24846ba1a72:c6127]
2019-07-08 14:22:01,221 INFO  client.GrpcClientProtocolClient (GrpcClientProtocolClient.java:onNext(255)) - client-DE0880F50CF2->72f5ceaa-5b3b-4bc7-b846-41895f4ebd48: receive RaftClientReply:client-DE0880F50CF2->72f5ceaa-5b3b-4bc7-b846-41895f4ebd48@group-833AA35A7EDE, cid=4051, SUCCESS, logIndex=6131, commits[72f5ceaa-5b3b-4bc7-b846-41895f4ebd48:c6131, b4e1f7d4-4bb4-47ed-a9cb-53483a899fb2:c6127, d3916bce-b37b-4246-83c6-d24846ba1a72:c6127]
2019-07-08 14:22:01,233 INFO  client.GrpcClientProtocolClient (GrpcClientProtocolClient.java:onNext(255)) - client-DE0880F50CF2->72f5ceaa-5b3b-4bc7-b846-41895f4ebd48: receive RaftClientReply:client-DE0880F50CF2->72f5ceaa-5b3b-4bc7-b846-41895f4ebd48@group-833AA35A7EDE, cid=4052, SUCCESS, logIndex=0, commits[72f5ceaa-5b3b-4bc7-b846-41895f4ebd48:c6133, b4e1f7d4-4bb4-47ed-a9cb-53483a899fb2:c6131, d3916bce-b37b-4246-83c6-d24846ba1a72:c6131]
2019-07-08 14:22:01,272 INFO  client.GrpcClientProtocolClient (GrpcClientProtocolClient.java:onNext(255)) - client-DE0880F50CF2->72f5ceaa-5b3b-4bc7-b846-41895f4ebd48: receive RaftClientReply:client-DE0880F50CF2->72f5ceaa-5b3b-4bc7-b846-41895f4ebd48@group-833AA35A7EDE, cid=4053, SUCCESS, logIndex=6134, commits[72f5ceaa-5b3b-4bc7-b846-41895f4ebd48:c6136, b4e1f7d4-4bb4-47ed-a9cb-53483a899fb2:c6133, d3916bce-b37b-4246-83c6-d24846ba1a72:c6131]
2019-07-08 14:22:01,273 INFO  client.GrpcClientProtocolClient (GrpcClientProtocolClient.java:onNext(255)) - client-DE0880F50CF2->72f5ceaa-5b3b-4bc7-b846-41895f4ebd48: receive RaftClientReply:client-DE0880F50CF2->72f5ceaa-5b3b-4bc7-b846-41895f4ebd48@group-833AA35A7EDE, cid=4054, SUCCESS, logIndex=6135, commits[72f5ceaa-5b3b-4bc7-b846-41895f4ebd48:c6137, b4e1f7d4-4bb4-47ed-a9cb-53483a899fb2:c6133, d3916bce-b37b-4246-83c6-d24846ba1a72:c6133]
2019-07-08 14:22:01,273 INFO  client.GrpcClientProtocolClient (GrpcClientProtocolClient.java:onNext(255)) - client-DE0880F50CF2->72f5ceaa-5b3b-4bc7-b846-41895f4ebd48: receive RaftClientReply:client-DE0880F50CF2->72f5ceaa-5b3b-4bc7-b846-41895f4ebd48@group-833AA35A7EDE, cid=4055, SUCCESS, logIndex=6136, commits[72f5ceaa-5b3b-4bc7-b846-41895f4ebd48:c6137, b4e1f7d4-4bb4-47ed-a9cb-53483a899fb2:c6133, d3916bce-b37b-4246-83c6-d24846ba1a72:c6133]
2019-07-08 14:22:01,274 INFO  client.GrpcClientProtocolClient (GrpcClientProtocolClient.java:onNext(255)) - client-DE0880F50CF2->72f5ceaa-5b3b-4bc7-b846-41895f4ebd48: receive RaftClientReply:client-DE0880F50CF2->72f5ceaa-5b3b-4bc7-b846-41895f4ebd48@group-833AA35A7EDE, cid=4056, SUCCESS, logIndex=6137, commits[72f5ceaa-5b3b-4bc7-b846-41895f4ebd48:c6137, b4e1f7d4-4bb4-47ed-a9cb-53483a899fb2:c6133, d3916bce-b37b-4246-83c6-d24846ba1a72:c6133]
2019-07-08 14:22:01,275 INFO  client.GrpcClientProtocolClient (GrpcClientProtocolClient.java:onNext(255)) - client-DE0880F50CF2->72f5ceaa-5b3b-4bc7-b846-41895f4ebd48: receive RaftClientReply:client-DE0880F50CF2->72f5ceaa-5b3b-4bc7-b846-41895f4ebd48@group-833AA35A7EDE, cid=4057, SUCCESS, logIndex=0, commits[72f5ceaa-5b3b-4bc7-b846-41895f4ebd48:c6141, b4e1f7d4-4bb4-47ed-a9cb-53483a899fb2:c6137, d3916bce-b37b-4246-83c6-d24846ba1a72:c6135]
2019-07-08 14:22:01,321 INFO  client.GrpcClientProtocolClient (GrpcClientProtocolClient.java:onNext(255)) - client-DE0880F50CF2->72f5ceaa-5b3b-4bc7-b846-41895f4ebd48: receive RaftClientReply:client-DE0880F50CF2->72f5ceaa-5b3b-4bc7-b846-41895f4ebd48@group-833AA35A7EDE, cid=4058, SUCCESS, logIndex=6142, commits[72f5ceaa-5b3b-4bc7-b846-41895f4ebd48:c6143, b4e1f7d4-4bb4-47ed-a9cb-53483a899fb2:c6141, d3916bce-b37b-4246-83c6-d24846ba1a72:c6141]
2019-07-08 14:22:01,322 INFO  client.GrpcClientProtocolClient (GrpcClientProtocolClient.java:onNext(255)) - client-DE0880F50CF2->72f5ceaa-5b3b-4bc7-b846-41895f4ebd48: receive RaftClientReply:client-DE0880F50CF2->72f5ceaa-5b3b-4bc7-b846-41895f4ebd48@group-833AA35A7EDE, cid=4059, SUCCESS, logIndex=6143, commits[72f5ceaa-5b3b-4bc7-b846-41895f4ebd48:c6143, b4e1f7d4-4bb4-47ed-a9cb-53483a899fb2:c6141, d3916bce-b37b-4246-83c6-d24846ba1a72:c6141]
2019-07-08 14:22:01,346 INFO  client.GrpcClientProtocolClient (GrpcClientProtocolClient.java:onNext(255)) - client-DE0880F50CF2->72f5ceaa-5b3b-4bc7-b846-41895f4ebd48: receive RaftClientReply:client-DE0880F50CF2->72f5ceaa-5b3b-4bc7-b846-41895f4ebd48@group-833AA35A7EDE, cid=4060, SUCCESS, logIndex=6146, commits[72f5ceaa-5b3b-4bc7-b846-41895f4ebd48:c6147, b4e1f7d4-4bb4-47ed-a9cb-53483a899fb2:c6143, d3916bce-b37b-4246-83c6-d24846ba1a72:c6143]
2019-07-08 14:22:01,346 INFO  client.GrpcClientProtocolClient (GrpcClientProtocolClient.java:onNext(255)) - client-DE0880F50CF2->72f5ceaa-5b3b-4bc7-b846-41895f4ebd48: receive RaftClientReply:client-DE0880F50CF2->72f5ceaa-5b3b-4bc7-b846-41895f4ebd48@group-833AA35A7EDE, cid=4061, SUCCESS, logIndex=6147, commits[72f5ceaa-5b3b-4bc7-b846-41895f4ebd48:c6147, b4e1f7d4-4bb4-47ed-a9cb-53483a899fb2:c6143, d3916bce-b37b-4246-83c6-d24846ba1a72:c6143]
2019-07-08 14:22:01,359 INFO  client.GrpcClientProtocolClient (GrpcClientProtocolClient.java:onNext(255)) - client-DE0880F50CF2->72f5ceaa-5b3b-4bc7-b846-41895f4ebd48: receive RaftClientReply:client-DE0880F50CF2->72f5ceaa-5b3b-4bc7-b846-41895f4ebd48@group-833AA35A7EDE, cid=4062, SUCCESS, logIndex=0, commits[72f5ceaa-5b3b-4bc7-b846-41895f4ebd48:c6149, b4e1f7d4-4bb4-47ed-a9cb-53483a899fb2:c6147, d3916bce-b37b-4246-83c6-d24846ba1a72:c6147]
2019-07-08 14:22:01,396 INFO  client.GrpcClientProtocolClient (GrpcClientProtocolClient.java:onNext(255)) - client-DE0880F50CF2->72f5ceaa-5b3b-4bc7-b846-41895f4ebd48: receive RaftClientReply:client-DE0880F50CF2->72f5ceaa-5b3b-4bc7-b846-41895f4ebd48@group-833AA35A7EDE, cid=4063, SUCCESS, logIndex=6150, commits[72f5ceaa-5b3b-4bc7-b846-41895f4ebd48:c6151, b4e1f7d4-4bb4-47ed-a9cb-53483a899fb2:c6149, d3916bce-b37b-4246-83c6-d24846ba1a72:c6149]
2019-07-08 14:22:01,396 INFO  client.GrpcClientProtocolClient (GrpcClientProtocolClient.java:onNext(255)) - client-DE0880F50CF2->72f5ceaa-5b3b-4bc7-b846-41895f4ebd48: receive RaftClientReply:client-DE0880F50CF2->72f5ceaa-5b3b-4bc7-b846-41895f4ebd48@group-833AA35A7EDE, cid=4064, SUCCESS, logIndex=6151, commits[72f5ceaa-5b3b-4bc7-b846-41895f4ebd48:c6152, b4e1f7d4-4bb4-47ed-a9cb-53483a899fb2:c6149, d3916bce-b37b-4246-83c6-d24846ba1a72:c6149]
2019-07-08 14:22:01,397 INFO  client.GrpcClientProtocolClient (GrpcClientProtocolClient.java:onNext(255)) - client-DE0880F50CF2->72f5ceaa-5b3b-4bc7-b846-41895f4ebd48: receive RaftClientReply:client-DE0880F50CF2->72f5ceaa-5b3b-4bc7-b846-41895f4ebd48@group-833AA35A7EDE, cid=4065, SUCCESS, logIndex=6152, commits[72f5ceaa-5b3b-4bc7-b846-41895f4ebd48:c6153, b4e1f7d4-4bb4-47ed-a9cb-53483a899fb2:c6149, d3916bce-b37b-4246-83c6-d24846ba1a72:c6149]
2019-07-08 14:22:01,397 INFO  client.GrpcClientProtocolClient (GrpcClientProtocolClient.java:onNext(255)) - client-DE0880F50CF2->72f5ceaa-5b3b-4bc7-b846-41895f4ebd48: receive RaftClientReply:client-DE0880F50CF2->72f5ceaa-5b3b-4bc7-b846-41895f4ebd48@group-833AA35A7EDE, cid=4066, SUCCESS, logIndex=6153, commits[72f5ceaa-5b3b-4bc7-b846-41895f4ebd48:c6153, b4e1f7d4-4bb4-47ed-a9cb-53483a899fb2:c6149, d3916bce-b37b-4246-83c6-d24846ba1a72:c6149]
2019-07-08 14:22:01,407 INFO  client.GrpcClientProtocolClient (GrpcClientProtocolClient.java:onNext(255)) - client-DE0880F50CF2->72f5ceaa-5b3b-4bc7-b846-41895f4ebd48: receive RaftClientReply:client-DE0880F50CF2->72f5ceaa-5b3b-4bc7-b846-41895f4ebd48@group-833AA35A7EDE, cid=4067, SUCCESS, logIndex=0, commits[72f5ceaa-5b3b-4bc7-b846-41895f4ebd48:c6154, b4e1f7d4-4bb4-47ed-a9cb-53483a899fb2:c6151, d3916bce-b37b-4246-83c6-d24846ba1a72:c6151]
2019-07-08 14:22:01,437 INFO  client.GrpcClientProtocolClient (GrpcClientProtocolClient.java:onNext(255)) - client-DE0880F50CF2->72f5ceaa-5b3b-4bc7-b846-41895f4ebd48: receive RaftClientReply:client-DE0880F50CF2->72f5ceaa-5b3b-4bc7-b846-41895f4ebd48@group-833AA35A7EDE, cid=4068, SUCCESS, logIndex=6158, commits[72f5ceaa-5b3b-4bc7-b846-41895f4ebd48:c6159, b4e1f7d4-4bb4-47ed-a9cb-53483a899fb2:c6157, d3916bce-b37b-4246-83c6-d24846ba1a72:c6157]
2019-07-08 14:22:01,437 INFO  client.GrpcClientProtocolClient (GrpcClientProtocolClient.java:onNext(255)) - client-DE0880F50CF2->72f5ceaa-5b3b-4bc7-b846-41895f4ebd48: receive RaftClientReply:client-DE0880F50CF2->72f5ceaa-5b3b-4bc7-b846-41895f4ebd48@group-833AA35A7EDE, cid=4069, SUCCESS, logIndex=6159, commits[72f5ceaa-5b3b-4bc7-b846-41895f4ebd48:c6159, b4e1f7d4-4bb4-47ed-a9cb-53483a899fb2:c6157, d3916bce-b37b-4246-83c6-d24846ba1a72:c6157]
2019-07-08 14:22:01,457 INFO  client.GrpcClientProtocolClient (GrpcClientProtocolClient.java:onNext(255)) - client-DE0880F50CF2->72f5ceaa-5b3b-4bc7-b846-41895f4ebd48: receive RaftClientReply:client-DE0880F50CF2->72f5ceaa-5b3b-4bc7-b846-41895f4ebd48@group-833AA35A7EDE, cid=4070, SUCCESS, logIndex=6162, commits[72f5ceaa-5b3b-4bc7-b846-41895f4ebd48:c6162, b4e1f7d4-4bb4-47ed-a9cb-53483a899fb2:c6159, d3916bce-b37b-4246-83c6-d24846ba1a72:c6159]
2019-07-08 14:22:01,458 INFO  client.GrpcClientProtocolClient (GrpcClientProtocolClient.java:onNext(255)) - client-DE0880F50CF2->72f5ceaa-5b3b-4bc7-b846-41895f4ebd48: receive RaftClientReply:client-DE0880F50CF2->72f5ceaa-5b3b-4bc7-b846-41895f4ebd48@group-833AA35A7EDE, cid=4071, SUCCESS, logIndex=6163, commits[72f5ceaa-5b3b-4bc7-b846-41895f4ebd48:c6163, b4e1f7d4-4bb4-47ed-a9cb-53483a899fb2:c6159, d3916bce-b37b-4246-83c6-d24846ba1a72:c6159]
2019-07-08 14:22:01,470 INFO  client.GrpcClientProtocolClient (GrpcClientProtocolClient.java:onNext(255)) - client-DE0880F50CF2->72f5ceaa-5b3b-4bc7-b846-41895f4ebd48: receive RaftClientReply:client-DE0880F50CF2->72f5ceaa-5b3b-4bc7-b846-41895f4ebd48@group-833AA35A7EDE, cid=4072, SUCCESS, logIndex=0, commits[72f5ceaa-5b3b-4bc7-b846-41895f4ebd48:c6165, b4e1f7d4-4bb4-47ed-a9cb-53483a899fb2:c6163, d3916bce-b37b-4246-83c6-d24846ba1a72:c6163]
2019-07-08 14:22:01,505 INFO  client.GrpcClientProtocolClient (GrpcClientProtocolClient.java:onNext(255)) - client-DE0880F50CF2->72f5ceaa-5b3b-4bc7-b846-41895f4ebd48: receive RaftClientReply:client-DE0880F50CF2->72f5ceaa-5b3b-4bc7-b846-41895f4ebd48@group-833AA35A7EDE, cid=4073, SUCCESS, logIndex=6166, commits[72f5ceaa-5b3b-4bc7-b846-41895f4ebd48:c6167, b4e1f7d4-4bb4-47ed-a9cb-53483a899fb2:c6165, d3916bce-b37b-4246-83c6-d24846ba1a72:c6165]
2019-07-08 14:22:01,506 INFO  client.GrpcClientProtocolClient (GrpcClientProtocolClient.java:onNext(255)) - client-DE0880F50CF2->72f5ceaa-5b3b-4bc7-b846-41895f4ebd48: receive RaftClientReply:client-DE0880F50CF2->72f5ceaa-5b3b-4bc7-b846-41895f4ebd48@group-833AA35A7EDE, cid=4074, SUCCESS, logIndex=6167, commits[72f5ceaa-5b3b-4bc7-b846-41895f4ebd48:c6167, b4e1f7d4-4bb4-47ed-a9cb-53483a899fb2:c6165, d3916bce-b37b-4246-83c6-d24846ba1a72:c6165]
2019-07-08 14:22:01,506 INFO  client.GrpcClientProtocolClient (GrpcClientProtocolClient.java:onNext(255)) - client-DE0880F50CF2->72f5ceaa-5b3b-4bc7-b846-41895f4ebd48: receive RaftClientReply:client-DE0880F50CF2->72f5ceaa-5b3b-4bc7-b846-41895f4ebd48@group-833AA35A7EDE, cid=4075, SUCCESS, logIndex=6168, commits[72f5ceaa-5b3b-4bc7-b846-41895f4ebd48:c6169, b4e1f7d4-4bb4-47ed-a9cb-53483a899fb2:c6165, d3916bce-b37b-4246-83c6-d24846ba1a72:c6165]
2019-07-08 14:22:01,506 INFO  client.GrpcClientProtocolClient (GrpcClientProtocolClient.java:onNext(255)) - client-DE0880F50CF2->72f5ceaa-5b3b-4bc7-b846-41895f4ebd48: receive RaftClientReply:client-DE0880F50CF2->72f5ceaa-5b3b-4bc7-b846-41895f4ebd48@group-833AA35A7EDE, cid=4076, SUCCESS, logIndex=6169, commits[72f5ceaa-5b3b-4bc7-b846-41895f4ebd48:c6169, b4e1f7d4-4bb4-47ed-a9cb-53483a899fb2:c6165, d3916bce-b37b-4246-83c6-d24846ba1a72:c6165]
2019-07-08 14:22:01,508 INFO  client.GrpcClientProtocolClient (GrpcClientProtocolClient.java:onNext(255)) - client-DE0880F50CF2->72f5ceaa-5b3b-4bc7-b846-41895f4ebd48: receive RaftClientReply:client-DE0880F50CF2->72f5ceaa-5b3b-4bc7-b846-41895f4ebd48@group-833AA35A7EDE, cid=4077, SUCCESS, logIndex=0, commits[72f5ceaa-5b3b-4bc7-b846-41895f4ebd48:c6172, b4e1f7d4-4bb4-47ed-a9cb-53483a899fb2:c6167, d3916bce-b37b-4246-83c6-d24846ba1a72:c6169]
2019-07-08 14:22:01,528 INFO  client.GrpcClientProtocolClient (GrpcClientProtocolClient.java:onNext(255)) - client-DE0880F50CF2->72f5ceaa-5b3b-4bc7-b846-41895f4ebd48: receive RaftClientReply:client-DE0880F50CF2->72f5ceaa-5b3b-4bc7-b846-41895f4ebd48@group-833AA35A7EDE, cid=4078, SUCCESS, logIndex=6174, commits[72f5ceaa-5b3b-4bc7-b846-41895f4ebd48:c6175, b4e1f7d4-4bb4-47ed-a9cb-53483a899fb2:c6173, d3916bce-b37b-4246-83c6-d24846ba1a72:c6173]
2019-07-08 14:22:01,528 INFO  client.GrpcClientProtocolClient (GrpcClientProtocolClient.java:onNext(255)) - client-DE0880F50CF2->72f5ceaa-5b3b-4bc7-b846-41895f4ebd48: receive RaftClientReply:client-DE0880F50CF2->72f5ceaa-5b3b-4bc7-b846-41895f4ebd48@group-833AA35A7EDE, cid=4079, SUCCESS, logIndex=6175, commits[72f5ceaa-5b3b-4bc7-b846-41895f4ebd48:c6175, b4e1f7d4-4bb4-47ed-a9cb-53483a899fb2:c6173, d3916bce-b37b-4246-83c6-d24846ba1a72:c6173]
2019-07-08 14:22:01,541 INFO  client.GrpcClientProtocolClient (GrpcClientProtocolClient.java:onNext(255)) - client-DE0880F50CF2->72f5ceaa-5b3b-4bc7-b846-41895f4ebd48: receive RaftClientReply:client-DE0880F50CF2->72f5ceaa-5b3b-4bc7-b846-41895f4ebd48@group-833AA35A7EDE, cid=4080, SUCCESS, logIndex=6178, commits[72f5ceaa-5b3b-4bc7-b846-41895f4ebd48:c6178, b4e1f7d4-4bb4-47ed-a9cb-53483a899fb2:c6175, d3916bce-b37b-4246-83c6-d24846ba1a72:c6175]
2019-07-08 14:22:01,541 INFO  client.GrpcClientProtocolClient (GrpcClientProtocolClient.java:onNext(255)) - client-DE0880F50CF2->72f5ceaa-5b3b-4bc7-b846-41895f4ebd48: receive RaftClientReply:client-DE0880F50CF2->72f5ceaa-5b3b-4bc7-b846-41895f4ebd48@group-833AA35A7EDE, cid=4081, SUCCESS, logIndex=6179, commits[72f5ceaa-5b3b-4bc7-b846-41895f4ebd48:c6179, b4e1f7d4-4bb4-47ed-a9cb-53483a899fb2:c6175, d3916bce-b37b-4246-83c6-d24846ba1a72:c6175]
2019-07-08 14:22:01,554 INFO  client.GrpcClientProtocolClient (GrpcClientProtocolClient.java:onNext(255)) - client-DE0880F50CF2->72f5ceaa-5b3b-4bc7-b846-41895f4ebd48: receive RaftClientReply:client-DE0880F50CF2->72f5ceaa-5b3b-4bc7-b846-41895f4ebd48@group-833AA35A7EDE, cid=4082, SUCCESS, logIndex=0, commits[72f5ceaa-5b3b-4bc7-b846-41895f4ebd48:c6181, b4e1f7d4-4bb4-47ed-a9cb-53483a899fb2:c6179, d3916bce-b37b-4246-83c6-d24846ba1a72:c6179]
2019-07-08 14:22:01,590 INFO  client.GrpcClientProtocolClient (GrpcClientProtocolClient.java:onNext(255)) - client-DE0880F50CF2->72f5ceaa-5b3b-4bc7-b846-41895f4ebd48: receive RaftClientReply:client-DE0880F50CF2->72f5ceaa-5b3b-4bc7-b846-41895f4ebd48@group-833AA35A7EDE, cid=4083, SUCCESS, logIndex=6182, commits[72f5ceaa-5b3b-4bc7-b846-41895f4ebd48:c6183, b4e1f7d4-4bb4-47ed-a9cb-53483a899fb2:c6181, d3916bce-b37b-4246-83c6-d24846ba1a72:c6181]
2019-07-08 14:22:01,591 INFO  client.GrpcClientProtocolClient (GrpcClientProtocolClient.java:onNext(255)) - client-DE0880F50CF2->72f5ceaa-5b3b-4bc7-b846-41895f4ebd48: receive RaftClientReply:client-DE0880F50CF2->72f5ceaa-5b3b-4bc7-b846-41895f4ebd48@group-833AA35A7EDE, cid=4084, SUCCESS, logIndex=6183, commits[72f5ceaa-5b3b-4bc7-b846-41895f4ebd48:c6185, b4e1f7d4-4bb4-47ed-a9cb-53483a899fb2:c6181, d3916bce-b37b-4246-83c6-d24846ba1a72:c6181]
2019-07-08 14:22:01,591 INFO  client.GrpcClientProtocolClient (GrpcClientProtocolClient.java:onNext(255)) - client-DE0880F50CF2->72f5ceaa-5b3b-4bc7-b846-41895f4ebd48: receive RaftClientReply:client-DE0880F50CF2->72f5ceaa-5b3b-4bc7-b846-41895f4ebd48@group-833AA35A7EDE, cid=4085, SUCCESS, logIndex=6184, commits[72f5ceaa-5b3b-4bc7-b846-41895f4ebd48:c6185, b4e1f7d4-4bb4-47ed-a9cb-53483a899fb2:c6181, d3916bce-b37b-4246-83c6-d24846ba1a72:c6181]
2019-07-08 14:22:01,591 INFO  client.GrpcClientProtocolClient (GrpcClientProtocolClient.java:onNext(255)) - client-DE0880F50CF2->72f5ceaa-5b3b-4bc7-b846-41895f4ebd48: receive RaftClientReply:client-DE0880F50CF2->72f5ceaa-5b3b-4bc7-b846-41895f4ebd48@group-833AA35A7EDE, cid=4086, SUCCESS, logIndex=6185, commits[72f5ceaa-5b3b-4bc7-b846-41895f4ebd48:c6185, b4e1f7d4-4bb4-47ed-a9cb-53483a899fb2:c6181, d3916bce-b37b-4246-83c6-d24846ba1a72:c6181]
2019-07-08 14:22:01,602 INFO  client.GrpcClientProtocolClient (GrpcClientProtocolClient.java:onNext(255)) - client-DE0880F50CF2->72f5ceaa-5b3b-4bc7-b846-41895f4ebd48: receive RaftClientReply:client-DE0880F50CF2->72f5ceaa-5b3b-4bc7-b846-41895f4ebd48@group-833AA35A7EDE, cid=4087, SUCCESS, logIndex=0, commits[72f5ceaa-5b3b-4bc7-b846-41895f4ebd48:c6187, b4e1f7d4-4bb4-47ed-a9cb-53483a899fb2:c6185, d3916bce-b37b-4246-83c6-d24846ba1a72:c6183]
2019-07-08 14:22:01,623 INFO  client.GrpcClientProtocolClient (GrpcClientProtocolClient.java:onNext(255)) - client-DE0880F50CF2->72f5ceaa-5b3b-4bc7-b846-41895f4ebd48: receive RaftClientReply:client-DE0880F50CF2->72f5ceaa-5b3b-4bc7-b846-41895f4ebd48@group-833AA35A7EDE, cid=4088, SUCCESS, logIndex=6189, commits[72f5ceaa-5b3b-4bc7-b846-41895f4ebd48:c6190, b4e1f7d4-4bb4-47ed-a9cb-53483a899fb2:c6188, d3916bce-b37b-4246-83c6-d24846ba1a72:c6188]
2019-07-08 14:22:01,623 INFO  client.GrpcClientProtocolClient (GrpcClientProtocolClient.java:onNext(255)) - client-DE0880F50CF2->72f5ceaa-5b3b-4bc7-b846-41895f4ebd48: receive RaftClientReply:client-DE0880F50CF2->72f5ceaa-5b3b-4bc7-b846-41895f4ebd48@group-833AA35A7EDE, cid=4089, SUCCESS, logIndex=6190, commits[72f5ceaa-5b3b-4bc7-b846-41895f4ebd48:c6190, b4e1f7d4-4bb4-47ed-a9cb-53483a899fb2:c6188, d3916bce-b37b-4246-83c6-d24846ba1a72:c6188]
2019-07-08 14:22:01,636 INFO  client.GrpcClientProtocolClient (GrpcClientProtocolClient.java:onNext(255)) - client-DE0880F50CF2->72f5ceaa-5b3b-4bc7-b846-41895f4ebd48: receive RaftClientReply:client-DE0880F50CF2->72f5ceaa-5b3b-4bc7-b846-41895f4ebd48@group-833AA35A7EDE, cid=4090, SUCCESS, logIndex=6193, commits[72f5ceaa-5b3b-4bc7-b846-41895f4ebd48:c6194, b4e1f7d4-4bb4-47ed-a9cb-53483a899fb2:c6190, d3916bce-b37b-4246-83c6-d24846ba1a72:c6190]
2019-07-08 14:22:01,636 INFO  client.GrpcClientProtocolClient (GrpcClientProtocolClient.java:onNext(255)) - client-DE0880F50CF2->72f5ceaa-5b3b-4bc7-b846-41895f4ebd48: receive RaftClientReply:client-DE0880F50CF2->72f5ceaa-5b3b-4bc7-b846-41895f4ebd48@group-833AA35A7EDE, cid=4091, SUCCESS, logIndex=6194, commits[72f5ceaa-5b3b-4bc7-b846-41895f4ebd48:c6194, b4e1f7d4-4bb4-47ed-a9cb-53483a899fb2:c6190, d3916bce-b37b-4246-83c6-d24846ba1a72:c6190]
2019-07-08 14:22:01,648 INFO  client.GrpcClientProtocolClient (GrpcClientProtocolClient.java:onNext(255)) - client-DE0880F50CF2->72f5ceaa-5b3b-4bc7-b846-41895f4ebd48: receive RaftClientReply:client-DE0880F50CF2->72f5ceaa-5b3b-4bc7-b846-41895f4ebd48@group-833AA35A7EDE, cid=4092, SUCCESS, logIndex=0, commits[72f5ceaa-5b3b-4bc7-b846-41895f4ebd48:c6195, b4e1f7d4-4bb4-47ed-a9cb-53483a899fb2:c6194, d3916bce-b37b-4246-83c6-d24846ba1a72:c6194]
2019-07-08 14:22:01,690 INFO  client.GrpcClientProtocolClient (GrpcClientProtocolClient.java:onNext(255)) - client-DE0880F50CF2->72f5ceaa-5b3b-4bc7-b846-41895f4ebd48: receive RaftClientReply:client-DE0880F50CF2->72f5ceaa-5b3b-4bc7-b846-41895f4ebd48@group-833AA35A7EDE, cid=4093, SUCCESS, logIndex=6197, commits[72f5ceaa-5b3b-4bc7-b846-41895f4ebd48:c6199, b4e1f7d4-4bb4-47ed-a9cb-53483a899fb2:c6196, d3916bce-b37b-4246-83c6-d24846ba1a72:c6196]
2019-07-08 14:22:01,690 INFO  client.GrpcClientProtocolClient (GrpcClientProtocolClient.java:onNext(255)) - client-DE0880F50CF2->72f5ceaa-5b3b-4bc7-b846-41895f4ebd48: receive RaftClientReply:client-DE0880F50CF2->72f5ceaa-5b3b-4bc7-b846-41895f4ebd48@group-833AA35A7EDE, cid=4094, SUCCESS, logIndex=6198, commits[72f5ceaa-5b3b-4bc7-b846-41895f4ebd48:c6200, b4e1f7d4-4bb4-47ed-a9cb-53483a899fb2:c6196, d3916bce-b37b-4246-83c6-d24846ba1a72:c6196]
2019-07-08 14:22:01,691 INFO  client.GrpcClientProtocolClient (GrpcClientProtocolClient.java:onNext(255)) - client-DE0880F50CF2->72f5ceaa-5b3b-4bc7-b846-41895f4ebd48: receive RaftClientReply:client-DE0880F50CF2->72f5ceaa-5b3b-4bc7-b846-41895f4ebd48@group-833AA35A7EDE, cid=4095, SUCCESS, logIndex=6199, commits[72f5ceaa-5b3b-4bc7-b846-41895f4ebd48:c6200, b4e1f7d4-4bb4-47ed-a9cb-53483a899fb2:c6196, d3916bce-b37b-4246-83c6-d24846ba1a72:c6196]
2019-07-08 14:22:01,691 INFO  client.GrpcClientProtocolClient (GrpcClientProtocolClient.java:onNext(255)) - client-DE0880F50CF2->72f5ceaa-5b3b-4bc7-b846-41895f4ebd48: receive RaftClientReply:client-DE0880F50CF2->72f5ceaa-5b3b-4bc7-b846-41895f4ebd48@group-833AA35A7EDE, cid=4096, SUCCESS, logIndex=6200, commits[72f5ceaa-5b3b-4bc7-b846-41895f4ebd48:c6200, b4e1f7d4-4bb4-47ed-a9cb-53483a899fb2:c6196, d3916bce-b37b-4246-83c6-d24846ba1a72:c6196]
2019-07-08 14:22:01,706 INFO  client.GrpcClientProtocolClient (GrpcClientProtocolClient.java:onNext(255)) - client-DE0880F50CF2->72f5ceaa-5b3b-4bc7-b846-41895f4ebd48: receive RaftClientReply:client-DE0880F50CF2->72f5ceaa-5b3b-4bc7-b846-41895f4ebd48@group-833AA35A7EDE, cid=4097, SUCCESS, logIndex=0, commits[72f5ceaa-5b3b-4bc7-b846-41895f4ebd48:c6204, b4e1f7d4-4bb4-47ed-a9cb-53483a899fb2:c6198, d3916bce-b37b-4246-83c6-d24846ba1a72:c6200]
2019-07-08 14:22:01,726 INFO  client.GrpcClientProtocolClient (GrpcClientProtocolClient.java:onNext(255)) - client-DE0880F50CF2->72f5ceaa-5b3b-4bc7-b846-41895f4ebd48: receive RaftClientReply:client-DE0880F50CF2->72f5ceaa-5b3b-4bc7-b846-41895f4ebd48@group-833AA35A7EDE, cid=4098, SUCCESS, logIndex=6205, commits[72f5ceaa-5b3b-4bc7-b846-41895f4ebd48:c6206, b4e1f7d4-4bb4-47ed-a9cb-53483a899fb2:c6204, d3916bce-b37b-4246-83c6-d24846ba1a72:c6204]
2019-07-08 14:22:01,726 INFO  client.GrpcClientProtocolClient (GrpcClientProtocolClient.java:onNext(255)) - client-DE0880F50CF2->72f5ceaa-5b3b-4bc7-b846-41895f4ebd48: receive RaftClientReply:client-DE0880F50CF2->72f5ceaa-5b3b-4bc7-b846-41895f4ebd48@group-833AA35A7EDE, cid=4099, SUCCESS, logIndex=6206, commits[72f5ceaa-5b3b-4bc7-b846-41895f4ebd48:c6206, b4e1f7d4-4bb4-47ed-a9cb-53483a899fb2:c6204, d3916bce-b37b-4246-83c6-d24846ba1a72:c6204]
2019-07-08 14:22:01,739 INFO  client.GrpcClientProtocolClient (GrpcClientProtocolClient.java:onNext(255)) - client-DE0880F50CF2->72f5ceaa-5b3b-4bc7-b846-41895f4ebd48: receive RaftClientReply:client-DE0880F50CF2->72f5ceaa-5b3b-4bc7-b846-41895f4ebd48@group-833AA35A7EDE, cid=4100, SUCCESS, logIndex=6209, commits[72f5ceaa-5b3b-4bc7-b846-41895f4ebd48:c6209, b4e1f7d4-4bb4-47ed-a9cb-53483a899fb2:c6206, d3916bce-b37b-4246-83c6-d24846ba1a72:c6206]
2019-07-08 14:22:01,740 INFO  client.GrpcClientProtocolClient (GrpcClientProtocolClient.java:onNext(255)) - client-DE0880F50CF2->72f5ceaa-5b3b-4bc7-b846-41895f4ebd48: receive RaftClientReply:client-DE0880F50CF2->72f5ceaa-5b3b-4bc7-b846-41895f4ebd48@group-833AA35A7EDE, cid=4101, SUCCESS, logIndex=6210, commits[72f5ceaa-5b3b-4bc7-b846-41895f4ebd48:c6210, b4e1f7d4-4bb4-47ed-a9cb-53483a899fb2:c6206, d3916bce-b37b-4246-83c6-d24846ba1a72:c6206]
2019-07-08 14:22:01,754 INFO  client.GrpcClientProtocolClient (GrpcClientProtocolClient.java:onNext(255)) - client-DE0880F50CF2->72f5ceaa-5b3b-4bc7-b846-41895f4ebd48: receive RaftClientReply:client-DE0880F50CF2->72f5ceaa-5b3b-4bc7-b846-41895f4ebd48@group-833AA35A7EDE, cid=4102, SUCCESS, logIndex=0, commits[72f5ceaa-5b3b-4bc7-b846-41895f4ebd48:c6212, b4e1f7d4-4bb4-47ed-a9cb-53483a899fb2:c6210, d3916bce-b37b-4246-83c6-d24846ba1a72:c6210]
2019-07-08 14:22:01,791 INFO  client.GrpcClientProtocolClient (GrpcClientProtocolClient.java:onNext(255)) - client-DE0880F50CF2->72f5ceaa-5b3b-4bc7-b846-41895f4ebd48: receive RaftClientReply:client-DE0880F50CF2->72f5ceaa-5b3b-4bc7-b846-41895f4ebd48@group-833AA35A7EDE, cid=4103, SUCCESS, logIndex=6213, commits[72f5ceaa-5b3b-4bc7-b846-41895f4ebd48:c6214, b4e1f7d4-4bb4-47ed-a9cb-53483a899fb2:c6212, d3916bce-b37b-4246-83c6-d24846ba1a72:c6212]
2019-07-08 14:22:01,792 INFO  client.GrpcClientProtocolClient (GrpcClientProtocolClient.java:onNext(255)) - client-DE0880F50CF2->72f5ceaa-5b3b-4bc7-b846-41895f4ebd48: receive RaftClientReply:client-DE0880F50CF2->72f5ceaa-5b3b-4bc7-b846-41895f4ebd48@group-833AA35A7EDE, cid=4104, SUCCESS, logIndex=6214, commits[72f5ceaa-5b3b-4bc7-b846-41895f4ebd48:c6216, b4e1f7d4-4bb4-47ed-a9cb-53483a899fb2:c6212, d3916bce-b37b-4246-83c6-d24846ba1a72:c6212]
2019-07-08 14:22:01,902 INFO  client.GrpcClientProtocolClient (GrpcClientProtocolClient.java:onNext(255)) - client-DE0880F50CF2->72f5ceaa-5b3b-4bc7-b846-41895f4ebd48: receive RaftClientReply:client-DE0880F50CF2->72f5ceaa-5b3b-4bc7-b846-41895f4ebd48@group-833AA35A7EDE, cid=4105, SUCCESS, logIndex=6215, commits[72f5ceaa-5b3b-4bc7-b846-41895f4ebd48:c6216, b4e1f7d4-4bb4-47ed-a9cb-53483a899fb2:c6212, d3916bce-b37b-4246-83c6-d24846ba1a72:c6212]
2019-07-08 14:22:01,902 INFO  client.GrpcClientProtocolClient (GrpcClientProtocolClient.java:onNext(255)) - client-DE0880F50CF2->72f5ceaa-5b3b-4bc7-b846-41895f4ebd48: receive RaftClientReply:client-DE0880F50CF2->72f5ceaa-5b3b-4bc7-b846-41895f4ebd48@group-833AA35A7EDE, cid=4106, SUCCESS, logIndex=6216, commits[72f5ceaa-5b3b-4bc7-b846-41895f4ebd48:c6216, b4e1f7d4-4bb4-47ed-a9cb-53483a899fb2:c6212, d3916bce-b37b-4246-83c6-d24846ba1a72:c6212]
2019-07-08 14:22:01,903 INFO  client.GrpcClientProtocolClient (GrpcClientProtocolClient.java:onNext(255)) - client-DE0880F50CF2->72f5ceaa-5b3b-4bc7-b846-41895f4ebd48: receive RaftClientReply:client-DE0880F50CF2->72f5ceaa-5b3b-4bc7-b846-41895f4ebd48@group-833AA35A7EDE, cid=4107, SUCCESS, logIndex=0, commits[72f5ceaa-5b3b-4bc7-b846-41895f4ebd48:c6219, b4e1f7d4-4bb4-47ed-a9cb-53483a899fb2:c6214, d3916bce-b37b-4246-83c6-d24846ba1a72:c6215]
2019-07-08 14:22:01,926 INFO  client.GrpcClientProtocolClient (GrpcClientProtocolClient.java:onNext(255)) - client-DE0880F50CF2->72f5ceaa-5b3b-4bc7-b846-41895f4ebd48: receive RaftClientReply:client-DE0880F50CF2->72f5ceaa-5b3b-4bc7-b846-41895f4ebd48@group-833AA35A7EDE, cid=4108, SUCCESS, logIndex=6221, commits[72f5ceaa-5b3b-4bc7-b846-41895f4ebd48:c6222, b4e1f7d4-4bb4-47ed-a9cb-53483a899fb2:c6216, d3916bce-b37b-4246-83c6-d24846ba1a72:c6219]
2019-07-08 14:22:01,927 INFO  client.GrpcClientProtocolClient (GrpcClientProtocolClient.java:onNext(255)) - client-DE0880F50CF2->72f5ceaa-5b3b-4bc7-b846-41895f4ebd48: receive RaftClientReply:client-DE0880F50CF2->72f5ceaa-5b3b-4bc7-b846-41895f4ebd48@group-833AA35A7EDE, cid=4109, SUCCESS, logIndex=6222, commits[72f5ceaa-5b3b-4bc7-b846-41895f4ebd48:c6222, b4e1f7d4-4bb4-47ed-a9cb-53483a899fb2:c6219, d3916bce-b37b-4246-83c6-d24846ba1a72:c6219]
2019-07-08 14:22:01,960 INFO  client.GrpcClientProtocolClient (GrpcClientProtocolClient.java:onNext(255)) - client-DE0880F50CF2->72f5ceaa-5b3b-4bc7-b846-41895f4ebd48: receive RaftClientReply:client-DE0880F50CF2->72f5ceaa-5b3b-4bc7-b846-41895f4ebd48@group-833AA35A7EDE, cid=4110, SUCCESS, logIndex=6225, commits[72f5ceaa-5b3b-4bc7-b846-41895f4ebd48:c6226, b4e1f7d4-4bb4-47ed-a9cb-53483a899fb2:c6224, d3916bce-b37b-4246-83c6-d24846ba1a72:c6224]
2019-07-08 14:22:01,960 INFO  client.GrpcClientProtocolClient (GrpcClientProtocolClient.java:onNext(255)) - client-DE0880F50CF2->72f5ceaa-5b3b-4bc7-b846-41895f4ebd48: receive RaftClientReply:client-DE0880F50CF2->72f5ceaa-5b3b-4bc7-b846-41895f4ebd48@group-833AA35A7EDE, cid=4111, SUCCESS, logIndex=6226, commits[72f5ceaa-5b3b-4bc7-b846-41895f4ebd48:c6226, b4e1f7d4-4bb4-47ed-a9cb-53483a899fb2:c6224, d3916bce-b37b-4246-83c6-d24846ba1a72:c6224]
2019-07-08 14:22:01,981 INFO  client.GrpcClientProtocolClient (GrpcClientProtocolClient.java:onNext(255)) - client-DE0880F50CF2->72f5ceaa-5b3b-4bc7-b846-41895f4ebd48: receive RaftClientReply:client-DE0880F50CF2->72f5ceaa-5b3b-4bc7-b846-41895f4ebd48@group-833AA35A7EDE, cid=4112, SUCCESS, logIndex=0, commits[72f5ceaa-5b3b-4bc7-b846-41895f4ebd48:c6228, b4e1f7d4-4bb4-47ed-a9cb-53483a899fb2:c6226, d3916bce-b37b-4246-83c6-d24846ba1a72:c6226]
 0.00% |█                                                                                                    |  0/1 Time: 0:00:562019-07-08 14:22:02,017 INFO  client.GrpcClientProtocolClient (GrpcClientProtocolClient.java:onNext(255)) - client-DE0880F50CF2->72f5ceaa-5b3b-4bc7-b846-41895f4ebd48: receive RaftClientReply:client-DE0880F50CF2->72f5ceaa-5b3b-4bc7-b846-41895f4ebd48@group-833AA35A7EDE, cid=4113, SUCCESS, logIndex=6229, commits[72f5ceaa-5b3b-4bc7-b846-41895f4ebd48:c6230, b4e1f7d4-4bb4-47ed-a9cb-53483a899fb2:c6228, d3916bce-b37b-4246-83c6-d24846ba1a72:c6228]
2019-07-08 14:22:02,017 INFO  client.GrpcClientProtocolClient (GrpcClientProtocolClient.java:onNext(255)) - client-DE0880F50CF2->72f5ceaa-5b3b-4bc7-b846-41895f4ebd48: receive RaftClientReply:client-DE0880F50CF2->72f5ceaa-5b3b-4bc7-b846-41895f4ebd48@group-833AA35A7EDE, cid=4114, SUCCESS, logIndex=6230, commits[72f5ceaa-5b3b-4bc7-b846-41895f4ebd48:c6230, b4e1f7d4-4bb4-47ed-a9cb-53483a899fb2:c6228, d3916bce-b37b-4246-83c6-d24846ba1a72:c6228]
2019-07-08 14:22:02,028 INFO  client.GrpcClientProtocolClient (GrpcClientProtocolClient.java:onNext(255)) - client-DE0880F50CF2->72f5ceaa-5b3b-4bc7-b846-41895f4ebd48: receive RaftClientReply:client-DE0880F50CF2->72f5ceaa-5b3b-4bc7-b846-41895f4ebd48@group-833AA35A7EDE, cid=4115, SUCCESS, logIndex=6231, commits[72f5ceaa-5b3b-4bc7-b846-41895f4ebd48:c6232, b4e1f7d4-4bb4-47ed-a9cb-53483a899fb2:c6228, d3916bce-b37b-4246-83c6-d24846ba1a72:c6228]
2019-07-08 14:22:02,029 INFO  client.GrpcClientProtocolClient (GrpcClientProtocolClient.java:onNext(255)) - client-DE0880F50CF2->72f5ceaa-5b3b-4bc7-b846-41895f4ebd48: receive RaftClientReply:client-DE0880F50CF2->72f5ceaa-5b3b-4bc7-b846-41895f4ebd48@group-833AA35A7EDE, cid=4116, SUCCESS, logIndex=6232, commits[72f5ceaa-5b3b-4bc7-b846-41895f4ebd48:c6232, b4e1f7d4-4bb4-47ed-a9cb-53483a899fb2:c6228, d3916bce-b37b-4246-83c6-d24846ba1a72:c6228]
2019-07-08 14:22:02,030 INFO  client.GrpcClientProtocolClient (GrpcClientProtocolClient.java:onNext(255)) - client-DE0880F50CF2->72f5ceaa-5b3b-4bc7-b846-41895f4ebd48: receive RaftClientReply:client-DE0880F50CF2->72f5ceaa-5b3b-4bc7-b846-41895f4ebd48@group-833AA35A7EDE, cid=4117, SUCCESS, logIndex=0, commits[72f5ceaa-5b3b-4bc7-b846-41895f4ebd48:c6234, b4e1f7d4-4bb4-47ed-a9cb-53483a899fb2:c6230, d3916bce-b37b-4246-83c6-d24846ba1a72:c6230]
2019-07-08 14:22:02,050 INFO  client.GrpcClientProtocolClient (GrpcClientProtocolClient.java:onNext(255)) - client-DE0880F50CF2->72f5ceaa-5b3b-4bc7-b846-41895f4ebd48: receive RaftClientReply:client-DE0880F50CF2->72f5ceaa-5b3b-4bc7-b846-41895f4ebd48@group-833AA35A7EDE, cid=4118, SUCCESS, logIndex=6237, commits[72f5ceaa-5b3b-4bc7-b846-41895f4ebd48:c6238, b4e1f7d4-4bb4-47ed-a9cb-53483a899fb2:c6236, d3916bce-b37b-4246-83c6-d24846ba1a72:c6236]
2019-07-08 14:22:02,050 INFO  client.GrpcClientProtocolClient (GrpcClientProtocolClient.java:onNext(255)) - client-DE0880F50CF2->72f5ceaa-5b3b-4bc7-b846-41895f4ebd48: receive RaftClientReply:client-DE0880F50CF2->72f5ceaa-5b3b-4bc7-b846-41895f4ebd48@group-833AA35A7EDE, cid=4119, SUCCESS, logIndex=6238, commits[72f5ceaa-5b3b-4bc7-b846-41895f4ebd48:c6238, b4e1f7d4-4bb4-47ed-a9cb-53483a899fb2:c6236, d3916bce-b37b-4246-83c6-d24846ba1a72:c6236]
2019-07-08 14:22:02,065 INFO  client.GrpcClientProtocolClient (GrpcClientProtocolClient.java:onNext(255)) - client-DE0880F50CF2->72f5ceaa-5b3b-4bc7-b846-41895f4ebd48: receive RaftClientReply:client-DE0880F50CF2->72f5ceaa-5b3b-4bc7-b846-41895f4ebd48@group-833AA35A7EDE, cid=4120, SUCCESS, logIndex=6241, commits[72f5ceaa-5b3b-4bc7-b846-41895f4ebd48:c6242, b4e1f7d4-4bb4-47ed-a9cb-53483a899fb2:c6238, d3916bce-b37b-4246-83c6-d24846ba1a72:c6238]
2019-07-08 14:22:02,065 INFO  client.GrpcClientProtocolClient (GrpcClientProtocolClient.java:onNext(255)) - client-DE0880F50CF2->72f5ceaa-5b3b-4bc7-b846-41895f4ebd48: receive RaftClientReply:client-DE0880F50CF2->72f5ceaa-5b3b-4bc7-b846-41895f4ebd48@group-833AA35A7EDE, cid=4121, SUCCESS, logIndex=6242, commits[72f5ceaa-5b3b-4bc7-b846-41895f4ebd48:c6242, b4e1f7d4-4bb4-47ed-a9cb-53483a899fb2:c6238, d3916bce-b37b-4246-83c6-d24846ba1a72:c6238]
2019-07-08 14:22:02,077 INFO  client.GrpcClientProtocolClient (GrpcClientProtocolClient.java:onNext(255)) - client-DE0880F50CF2->72f5ceaa-5b3b-4bc7-b846-41895f4ebd48: receive RaftClientReply:client-DE0880F50CF2->72f5ceaa-5b3b-4bc7-b846-41895f4ebd48@group-833AA35A7EDE, cid=4122, SUCCESS, logIndex=0, commits[72f5ceaa-5b3b-4bc7-b846-41895f4ebd48:c6244, b4e1f7d4-4bb4-47ed-a9cb-53483a899fb2:c6242, d3916bce-b37b-4246-83c6-d24846ba1a72:c6242]
2019-07-08 14:22:02,108 INFO  client.GrpcClientProtocolClient (GrpcClientProtocolClient.java:onNext(255)) - client-DE0880F50CF2->72f5ceaa-5b3b-4bc7-b846-41895f4ebd48: receive RaftClientReply:client-DE0880F50CF2->72f5ceaa-5b3b-4bc7-b846-41895f4ebd48@group-833AA35A7EDE, cid=4123, SUCCESS, logIndex=6245, commits[72f5ceaa-5b3b-4bc7-b846-41895f4ebd48:c6246, b4e1f7d4-4bb4-47ed-a9cb-53483a899fb2:c6244, d3916bce-b37b-4246-83c6-d24846ba1a72:c6244]
2019-07-08 14:22:02,108 INFO  client.GrpcClientProtocolClient (GrpcClientProtocolClient.java:onNext(255)) - client-DE0880F50CF2->72f5ceaa-5b3b-4bc7-b846-41895f4ebd48: receive RaftClientReply:client-DE0880F50CF2->72f5ceaa-5b3b-4bc7-b846-41895f4ebd48@group-833AA35A7EDE, cid=4124, SUCCESS, logIndex=6246, commits[72f5ceaa-5b3b-4bc7-b846-41895f4ebd48:c6248, b4e1f7d4-4bb4-47ed-a9cb-53483a899fb2:c6244, d3916bce-b37b-4246-83c6-d24846ba1a72:c6244]
2019-07-08 14:22:02,109 INFO  client.GrpcClientProtocolClient (GrpcClientProtocolClient.java:onNext(255)) - client-DE0880F50CF2->72f5ceaa-5b3b-4bc7-b846-41895f4ebd48: receive RaftClientReply:client-DE0880F50CF2->72f5ceaa-5b3b-4bc7-b846-41895f4ebd48@group-833AA35A7EDE, cid=4125, SUCCESS, logIndex=6247, commits[72f5ceaa-5b3b-4bc7-b846-41895f4ebd48:c6248, b4e1f7d4-4bb4-47ed-a9cb-53483a899fb2:c6244, d3916bce-b37b-4246-83c6-d24846ba1a72:c6244]
2019-07-08 14:22:02,109 INFO  client.GrpcClientProtocolClient (GrpcClientProtocolClient.java:onNext(255)) - client-DE0880F50CF2->72f5ceaa-5b3b-4bc7-b846-41895f4ebd48: receive RaftClientReply:client-DE0880F50CF2->72f5ceaa-5b3b-4bc7-b846-41895f4ebd48@group-833AA35A7EDE, cid=4126, SUCCESS, logIndex=6248, commits[72f5ceaa-5b3b-4bc7-b846-41895f4ebd48:c6248, b4e1f7d4-4bb4-47ed-a9cb-53483a899fb2:c6244, d3916bce-b37b-4246-83c6-d24846ba1a72:c6244]
2019-07-08 14:22:02,112 INFO  client.GrpcClientProtocolClient (GrpcClientProtocolClient.java:onNext(255)) - client-DE0880F50CF2->72f5ceaa-5b3b-4bc7-b846-41895f4ebd48: receive RaftClientReply:client-DE0880F50CF2->72f5ceaa-5b3b-4bc7-b846-41895f4ebd48@group-833AA35A7EDE, cid=4127, SUCCESS, logIndex=0, commits[72f5ceaa-5b3b-4bc7-b846-41895f4ebd48:c6250, b4e1f7d4-4bb4-47ed-a9cb-53483a899fb2:c6246, d3916bce-b37b-4246-83c6-d24846ba1a72:c6246]
2019-07-08 14:22:02,123 INFO  client.GrpcClientProtocolClient (GrpcClientProtocolClient.java:onNext(255)) - client-DE0880F50CF2->72f5ceaa-5b3b-4bc7-b846-41895f4ebd48: receive RaftClientReply:client-DE0880F50CF2->72f5ceaa-5b3b-4bc7-b846-41895f4ebd48@group-833AA35A7EDE, cid=4128, SUCCESS, logIndex=6253, commits[72f5ceaa-5b3b-4bc7-b846-41895f4ebd48:c6254, b4e1f7d4-4bb4-47ed-a9cb-53483a899fb2:c6252, d3916bce-b37b-4246-83c6-d24846ba1a72:c6248]
2019-07-08 14:22:02,124 INFO  client.GrpcClientProtocolClient (GrpcClientProtocolClient.java:onNext(255)) - client-DE0880F50CF2->72f5ceaa-5b3b-4bc7-b846-41895f4ebd48: receive RaftClientReply:client-DE0880F50CF2->72f5ceaa-5b3b-4bc7-b846-41895f4ebd48@group-833AA35A7EDE, cid=4129, SUCCESS, logIndex=6254, commits[72f5ceaa-5b3b-4bc7-b846-41895f4ebd48:c6254, b4e1f7d4-4bb4-47ed-a9cb-53483a899fb2:c6252, d3916bce-b37b-4246-83c6-d24846ba1a72:c6252]
2019-07-08 14:22:02,142 INFO  client.GrpcClientProtocolClient (GrpcClientProtocolClient.java:onNext(255)) - client-DE0880F50CF2->72f5ceaa-5b3b-4bc7-b846-41895f4ebd48: receive RaftClientReply:client-DE0880F50CF2->72f5ceaa-5b3b-4bc7-b846-41895f4ebd48@group-833AA35A7EDE, cid=4130, SUCCESS, logIndex=6257, commits[72f5ceaa-5b3b-4bc7-b846-41895f4ebd48:c6258, b4e1f7d4-4bb4-47ed-a9cb-53483a899fb2:c6256, d3916bce-b37b-4246-83c6-d24846ba1a72:c6256]
2019-07-08 14:22:02,142 INFO  client.GrpcClientProtocolClient (GrpcClientProtocolClient.java:onNext(255)) - client-DE0880F50CF2->72f5ceaa-5b3b-4bc7-b846-41895f4ebd48: receive RaftClientReply:client-DE0880F50CF2->72f5ceaa-5b3b-4bc7-b846-41895f4ebd48@group-833AA35A7EDE, cid=4131, SUCCESS, logIndex=6258, commits[72f5ceaa-5b3b-4bc7-b846-41895f4ebd48:c6258, b4e1f7d4-4bb4-47ed-a9cb-53483a899fb2:c6256, d3916bce-b37b-4246-83c6-d24846ba1a72:c6256]
2019-07-08 14:22:02,155 INFO  client.GrpcClientProtocolClient (GrpcClientProtocolClient.java:onNext(255)) - client-DE0880F50CF2->72f5ceaa-5b3b-4bc7-b846-41895f4ebd48: receive RaftClientReply:client-DE0880F50CF2->72f5ceaa-5b3b-4bc7-b846-41895f4ebd48@group-833AA35A7EDE, cid=4132, SUCCESS, logIndex=0, commits[72f5ceaa-5b3b-4bc7-b846-41895f4ebd48:c6260, b4e1f7d4-4bb4-47ed-a9cb-53483a899fb2:c6258, d3916bce-b37b-4246-83c6-d24846ba1a72:c6258]
2019-07-08 14:22:02,190 INFO  client.GrpcClientProtocolClient (GrpcClientProtocolClient.java:onNext(255)) - client-DE0880F50CF2->72f5ceaa-5b3b-4bc7-b846-41895f4ebd48: receive RaftClientReply:client-DE0880F50CF2->72f5ceaa-5b3b-4bc7-b846-41895f4ebd48@group-833AA35A7EDE, cid=4133, SUCCESS, logIndex=6261, commits[72f5ceaa-5b3b-4bc7-b846-41895f4ebd48:c6262, b4e1f7d4-4bb4-47ed-a9cb-53483a899fb2:c6260, d3916bce-b37b-4246-83c6-d24846ba1a72:c6260]
2019-07-08 14:22:02,190 INFO  client.GrpcClientProtocolClient (GrpcClientProtocolClient.java:onNext(255)) - client-DE0880F50CF2->72f5ceaa-5b3b-4bc7-b846-41895f4ebd48: receive RaftClientReply:client-DE0880F50CF2->72f5ceaa-5b3b-4bc7-b846-41895f4ebd48@group-833AA35A7EDE, cid=4134, SUCCESS, logIndex=6262, commits[72f5ceaa-5b3b-4bc7-b846-41895f4ebd48:c6264, b4e1f7d4-4bb4-47ed-a9cb-53483a899fb2:c6260, d3916bce-b37b-4246-83c6-d24846ba1a72:c6260]
2019-07-08 14:22:02,191 INFO  client.GrpcClientProtocolClient (GrpcClientProtocolClient.java:onNext(255)) - client-DE0880F50CF2->72f5ceaa-5b3b-4bc7-b846-41895f4ebd48: receive RaftClientReply:client-DE0880F50CF2->72f5ceaa-5b3b-4bc7-b846-41895f4ebd48@group-833AA35A7EDE, cid=4135, SUCCESS, logIndex=6263, commits[72f5ceaa-5b3b-4bc7-b846-41895f4ebd48:c6264, b4e1f7d4-4bb4-47ed-a9cb-53483a899fb2:c6260, d3916bce-b37b-4246-83c6-d24846ba1a72:c6260]
2019-07-08 14:22:02,191 INFO  client.GrpcClientProtocolClient (GrpcClientProtocolClient.java:onNext(255)) - client-DE0880F50CF2->72f5ceaa-5b3b-4bc7-b846-41895f4ebd48: receive RaftClientReply:client-DE0880F50CF2->72f5ceaa-5b3b-4bc7-b846-41895f4ebd48@group-833AA35A7EDE, cid=4136, SUCCESS, logIndex=6264, commits[72f5ceaa-5b3b-4bc7-b846-41895f4ebd48:c6264, b4e1f7d4-4bb4-47ed-a9cb-53483a899fb2:c6260, d3916bce-b37b-4246-83c6-d24846ba1a72:c6260]
2019-07-08 14:22:02,192 INFO  client.GrpcClientProtocolClient (GrpcClientProtocolClient.java:onNext(255)) - client-DE0880F50CF2->72f5ceaa-5b3b-4bc7-b846-41895f4ebd48: receive RaftClientReply:client-DE0880F50CF2->72f5ceaa-5b3b-4bc7-b846-41895f4ebd48@group-833AA35A7EDE, cid=4137, SUCCESS, logIndex=0, commits[72f5ceaa-5b3b-4bc7-b846-41895f4ebd48:c6266, b4e1f7d4-4bb4-47ed-a9cb-53483a899fb2:c6262, d3916bce-b37b-4246-83c6-d24846ba1a72:c6262]
2019-07-08 14:22:02,211 INFO  client.GrpcClientProtocolClient (GrpcClientProtocolClient.java:onNext(255)) - client-DE0880F50CF2->72f5ceaa-5b3b-4bc7-b846-41895f4ebd48: receive RaftClientReply:client-DE0880F50CF2->72f5ceaa-5b3b-4bc7-b846-41895f4ebd48@group-833AA35A7EDE, cid=4138, SUCCESS, logIndex=6268, commits[72f5ceaa-5b3b-4bc7-b846-41895f4ebd48:c6269, b4e1f7d4-4bb4-47ed-a9cb-53483a899fb2:c6267, d3916bce-b37b-4246-83c6-d24846ba1a72:c6267]
2019-07-08 14:22:02,211 INFO  client.GrpcClientProtocolClient (GrpcClientProtocolClient.java:onNext(255)) - client-DE0880F50CF2->72f5ceaa-5b3b-4bc7-b846-41895f4ebd48: receive RaftClientReply:client-DE0880F50CF2->72f5ceaa-5b3b-4bc7-b846-41895f4ebd48@group-833AA35A7EDE, cid=4139, SUCCESS, logIndex=6269, commits[72f5ceaa-5b3b-4bc7-b846-41895f4ebd48:c6269, b4e1f7d4-4bb4-47ed-a9cb-53483a899fb2:c6267, d3916bce-b37b-4246-83c6-d24846ba1a72:c6267]
2019-07-08 14:22:02,241 INFO  client.GrpcClientProtocolClient (GrpcClientProtocolClient.java:onNext(255)) - client-DE0880F50CF2->72f5ceaa-5b3b-4bc7-b846-41895f4ebd48: receive RaftClientReply:client-DE0880F50CF2->72f5ceaa-5b3b-4bc7-b846-41895f4ebd48@group-833AA35A7EDE, cid=4140, SUCCESS, logIndex=6272, commits[72f5ceaa-5b3b-4bc7-b846-41895f4ebd48:c6273, b4e1f7d4-4bb4-47ed-a9cb-53483a899fb2:c6271, d3916bce-b37b-4246-83c6-d24846ba1a72:c6271]
2019-07-08 14:22:02,242 INFO  client.GrpcClientProtocolClient (GrpcClientProtocolClient.java:onNext(255)) - client-DE0880F50CF2->72f5ceaa-5b3b-4bc7-b846-41895f4ebd48: receive RaftClientReply:client-DE0880F50CF2->72f5ceaa-5b3b-4bc7-b846-41895f4ebd48@group-833AA35A7EDE, cid=4141, SUCCESS, logIndex=6273, commits[72f5ceaa-5b3b-4bc7-b846-41895f4ebd48:c6273, b4e1f7d4-4bb4-47ed-a9cb-53483a899fb2:c6271, d3916bce-b37b-4246-83c6-d24846ba1a72:c6271]
2019-07-08 14:22:02,253 INFO  client.GrpcClientProtocolClient (GrpcClientProtocolClient.java:onNext(255)) - client-DE0880F50CF2->72f5ceaa-5b3b-4bc7-b846-41895f4ebd48: receive RaftClientReply:client-DE0880F50CF2->72f5ceaa-5b3b-4bc7-b846-41895f4ebd48@group-833AA35A7EDE, cid=4142, SUCCESS, logIndex=0, commits[72f5ceaa-5b3b-4bc7-b846-41895f4ebd48:c6274, b4e1f7d4-4bb4-47ed-a9cb-53483a899fb2:c6273, d3916bce-b37b-4246-83c6-d24846ba1a72:c6273]
2019-07-08 14:22:02,297 INFO  client.GrpcClientProtocolClient (GrpcClientProtocolClient.java:onNext(255)) - client-DE0880F50CF2->72f5ceaa-5b3b-4bc7-b846-41895f4ebd48: receive RaftClientReply:client-DE0880F50CF2->72f5ceaa-5b3b-4bc7-b846-41895f4ebd48@group-833AA35A7EDE, cid=4143, SUCCESS, logIndex=6276, commits[72f5ceaa-5b3b-4bc7-b846-41895f4ebd48:c6277, b4e1f7d4-4bb4-47ed-a9cb-53483a899fb2:c6275, d3916bce-b37b-4246-83c6-d24846ba1a72:c6275]
2019-07-08 14:22:02,298 INFO  client.GrpcClientProtocolClient (GrpcClientProtocolClient.java:onNext(255)) - client-DE0880F50CF2->72f5ceaa-5b3b-4bc7-b846-41895f4ebd48: receive RaftClientReply:client-DE0880F50CF2->72f5ceaa-5b3b-4bc7-b846-41895f4ebd48@group-833AA35A7EDE, cid=4144, SUCCESS, logIndex=6277, commits[72f5ceaa-5b3b-4bc7-b846-41895f4ebd48:c6277, b4e1f7d4-4bb4-47ed-a9cb-53483a899fb2:c6275, d3916bce-b37b-4246-83c6-d24846ba1a72:c6275]
2019-07-08 14:22:02,299 INFO  client.GrpcClientProtocolClient (GrpcClientProtocolClient.java:onNext(255)) - client-DE0880F50CF2->72f5ceaa-5b3b-4bc7-b846-41895f4ebd48: receive RaftClientReply:client-DE0880F50CF2->72f5ceaa-5b3b-4bc7-b846-41895f4ebd48@group-833AA35A7EDE, cid=4145, SUCCESS, logIndex=6278, commits[72f5ceaa-5b3b-4bc7-b846-41895f4ebd48:c6279, b4e1f7d4-4bb4-47ed-a9cb-53483a899fb2:c6275, d3916bce-b37b-4246-83c6-d24846ba1a72:c6275]
2019-07-08 14:22:02,299 INFO  client.GrpcClientProtocolClient (GrpcClientProtocolClient.java:onNext(255)) - client-DE0880F50CF2->72f5ceaa-5b3b-4bc7-b846-41895f4ebd48: receive RaftClientReply:client-DE0880F50CF2->72f5ceaa-5b3b-4bc7-b846-41895f4ebd48@group-833AA35A7EDE, cid=4146, SUCCESS, logIndex=6279, commits[72f5ceaa-5b3b-4bc7-b846-41895f4ebd48:c6279, b4e1f7d4-4bb4-47ed-a9cb-53483a899fb2:c6275, d3916bce-b37b-4246-83c6-d24846ba1a72:c6275]
2019-07-08 14:22:02,301 INFO  client.GrpcClientProtocolClient (GrpcClientProtocolClient.java:onNext(255)) - client-DE0880F50CF2->72f5ceaa-5b3b-4bc7-b846-41895f4ebd48: receive RaftClientReply:client-DE0880F50CF2->72f5ceaa-5b3b-4bc7-b846-41895f4ebd48@group-833AA35A7EDE, cid=4147, SUCCESS, logIndex=0, commits[72f5ceaa-5b3b-4bc7-b846-41895f4ebd48:c6281, b4e1f7d4-4bb4-47ed-a9cb-53483a899fb2:c6277, d3916bce-b37b-4246-83c6-d24846ba1a72:c6277]
2019-07-08 14:22:02,313 INFO  client.GrpcClientProtocolClient (GrpcClientProtocolClient.java:onNext(255)) - client-DE0880F50CF2->72f5ceaa-5b3b-4bc7-b846-41895f4ebd48: receive RaftClientReply:client-DE0880F50CF2->72f5ceaa-5b3b-4bc7-b846-41895f4ebd48@group-833AA35A7EDE, cid=4148, SUCCESS, logIndex=6284, commits[72f5ceaa-5b3b-4bc7-b846-41895f4ebd48:c6285, b4e1f7d4-4bb4-47ed-a9cb-53483a899fb2:c6281, d3916bce-b37b-4246-83c6-d24846ba1a72:c6281]
2019-07-08 14:22:02,314 INFO  client.GrpcClientProtocolClient (GrpcClientProtocolClient.java:onNext(255)) - client-DE0880F50CF2->72f5ceaa-5b3b-4bc7-b846-41895f4ebd48: receive RaftClientReply:client-DE0880F50CF2->72f5ceaa-5b3b-4bc7-b846-41895f4ebd48@group-833AA35A7EDE, cid=4149, SUCCESS, logIndex=6285, commits[72f5ceaa-5b3b-4bc7-b846-41895f4ebd48:c6285, b4e1f7d4-4bb4-47ed-a9cb-53483a899fb2:c6281, d3916bce-b37b-4246-83c6-d24846ba1a72:c6281]
2019-07-08 14:22:02,324 INFO  client.GrpcClientProtocolClient (GrpcClientProtocolClient.java:onNext(255)) - client-DE0880F50CF2->72f5ceaa-5b3b-4bc7-b846-41895f4ebd48: receive RaftClientReply:client-DE0880F50CF2->72f5ceaa-5b3b-4bc7-b846-41895f4ebd48@group-833AA35A7EDE, cid=4150, SUCCESS, logIndex=6287, commits[72f5ceaa-5b3b-4bc7-b846-41895f4ebd48:c6288, b4e1f7d4-4bb4-47ed-a9cb-53483a899fb2:c6285, d3916bce-b37b-4246-83c6-d24846ba1a72:c6285]
2019-07-08 14:22:02,325 INFO  client.GrpcClientProtocolClient (GrpcClientProtocolClient.java:onNext(255)) - client-DE0880F50CF2->72f5ceaa-5b3b-4bc7-b846-41895f4ebd48: receive RaftClientReply:client-DE0880F50CF2->72f5ceaa-5b3b-4bc7-b846-41895f4ebd48@group-833AA35A7EDE, cid=4151, SUCCESS, logIndex=6288, commits[72f5ceaa-5b3b-4bc7-b846-41895f4ebd48:c6288, b4e1f7d4-4bb4-47ed-a9cb-53483a899fb2:c6285, d3916bce-b37b-4246-83c6-d24846ba1a72:c6285]
2019-07-08 14:22:02,326 INFO  client.GrpcClientProtocolClient (GrpcClientProtocolClient.java:onNext(255)) - client-DE0880F50CF2->72f5ceaa-5b3b-4bc7-b846-41895f4ebd48: receive RaftClientReply:client-DE0880F50CF2->72f5ceaa-5b3b-4bc7-b846-41895f4ebd48@group-833AA35A7EDE, cid=4152, SUCCESS, logIndex=0, commits[72f5ceaa-5b3b-4bc7-b846-41895f4ebd48:c6289, b4e1f7d4-4bb4-47ed-a9cb-53483a899fb2:c6288, d3916bce-b37b-4246-83c6-d24846ba1a72:c6288]
2019-07-08 14:22:02,357 INFO  client.GrpcClientProtocolClient (GrpcClientProtocolClient.java:onNext(255)) - client-DE0880F50CF2->72f5ceaa-5b3b-4bc7-b846-41895f4ebd48: receive RaftClientReply:client-DE0880F50CF2->72f5ceaa-5b3b-4bc7-b846-41895f4ebd48@group-833AA35A7EDE, cid=4153, SUCCESS, logIndex=6291, commits[72f5ceaa-5b3b-4bc7-b846-41895f4ebd48:c6292, b4e1f7d4-4bb4-47ed-a9cb-53483a899fb2:c6290, d3916bce-b37b-4246-83c6-d24846ba1a72:c6290]
2019-07-08 14:22:02,358 INFO  client.GrpcClientProtocolClient (GrpcClientProtocolClient.java:onNext(255)) - client-DE0880F50CF2->72f5ceaa-5b3b-4bc7-b846-41895f4ebd48: receive RaftClientReply:client-DE0880F50CF2->72f5ceaa-5b3b-4bc7-b846-41895f4ebd48@group-833AA35A7EDE, cid=4154, SUCCESS, logIndex=6292, commits[72f5ceaa-5b3b-4bc7-b846-41895f4ebd48:c6292, b4e1f7d4-4bb4-47ed-a9cb-53483a899fb2:c6290, d3916bce-b37b-4246-83c6-d24846ba1a72:c6290]
2019-07-08 14:22:02,358 INFO  client.GrpcClientProtocolClient (GrpcClientProtocolClient.java:onNext(255)) - client-DE0880F50CF2->72f5ceaa-5b3b-4bc7-b846-41895f4ebd48: receive RaftClientReply:client-DE0880F50CF2->72f5ceaa-5b3b-4bc7-b846-41895f4ebd48@group-833AA35A7EDE, cid=4155, SUCCESS, logIndex=6293, commits[72f5ceaa-5b3b-4bc7-b846-41895f4ebd48:c6293, b4e1f7d4-4bb4-47ed-a9cb-53483a899fb2:c6290, d3916bce-b37b-4246-83c6-d24846ba1a72:c6290]
2019-07-08 14:22:02,358 INFO  client.GrpcClientProtocolClient (GrpcClientProtocolClient.java:onNext(255)) - client-DE0880F50CF2->72f5ceaa-5b3b-4bc7-b846-41895f4ebd48: receive RaftClientReply:client-DE0880F50CF2->72f5ceaa-5b3b-4bc7-b846-41895f4ebd48@group-833AA35A7EDE, cid=4156, SUCCESS, logIndex=6294, commits[72f5ceaa-5b3b-4bc7-b846-41895f4ebd48:c6294, b4e1f7d4-4bb4-47ed-a9cb-53483a899fb2:c6290, d3916bce-b37b-4246-83c6-d24846ba1a72:c6290]
2019-07-08 14:22:02,359 INFO  client.GrpcClientProtocolClient (GrpcClientProtocolClient.java:onNext(255)) - client-DE0880F50CF2->72f5ceaa-5b3b-4bc7-b846-41895f4ebd48: receive RaftClientReply:client-DE0880F50CF2->72f5ceaa-5b3b-4bc7-b846-41895f4ebd48@group-833AA35A7EDE, cid=4157, SUCCESS, logIndex=0, commits[72f5ceaa-5b3b-4bc7-b846-41895f4ebd48:c6296, b4e1f7d4-4bb4-47ed-a9cb-53483a899fb2:c6292, d3916bce-b37b-4246-83c6-d24846ba1a72:c6292]
2019-07-08 14:22:02,378 INFO  client.GrpcClientProtocolClient (GrpcClientProtocolClient.java:onNext(255)) - client-DE0880F50CF2->72f5ceaa-5b3b-4bc7-b846-41895f4ebd48: receive RaftClientReply:client-DE0880F50CF2->72f5ceaa-5b3b-4bc7-b846-41895f4ebd48@group-833AA35A7EDE, cid=4158, SUCCESS, logIndex=6299, commits[72f5ceaa-5b3b-4bc7-b846-41895f4ebd48:c6300, b4e1f7d4-4bb4-47ed-a9cb-53483a899fb2:c6298, d3916bce-b37b-4246-83c6-d24846ba1a72:c6298]
2019-07-08 14:22:02,379 INFO  client.GrpcClientProtocolClient (GrpcClientProtocolClient.java:onNext(255)) - client-DE0880F50CF2->72f5ceaa-5b3b-4bc7-b846-41895f4ebd48: receive RaftClientReply:client-DE0880F50CF2->72f5ceaa-5b3b-4bc7-b846-41895f4ebd48@group-833AA35A7EDE, cid=4159, SUCCESS, logIndex=6300, commits[72f5ceaa-5b3b-4bc7-b846-41895f4ebd48:c6300, b4e1f7d4-4bb4-47ed-a9cb-53483a899fb2:c6298, d3916bce-b37b-4246-83c6-d24846ba1a72:c6298]
2019-07-08 14:22:02,391 INFO  client.GrpcClientProtocolClient (GrpcClientProtocolClient.java:onNext(255)) - client-DE0880F50CF2->72f5ceaa-5b3b-4bc7-b846-41895f4ebd48: receive RaftClientReply:client-DE0880F50CF2->72f5ceaa-5b3b-4bc7-b846-41895f4ebd48@group-833AA35A7EDE, cid=4160, SUCCESS, logIndex=6303, commits[72f5ceaa-5b3b-4bc7-b846-41895f4ebd48:c6304, b4e1f7d4-4bb4-47ed-a9cb-53483a899fb2:c6300, d3916bce-b37b-4246-83c6-d24846ba1a72:c6300]
2019-07-08 14:22:02,392 INFO  client.GrpcClientProtocolClient (GrpcClientProtocolClient.java:onNext(255)) - client-DE0880F50CF2->72f5ceaa-5b3b-4bc7-b846-41895f4ebd48: receive RaftClientReply:client-DE0880F50CF2->72f5ceaa-5b3b-4bc7-b846-41895f4ebd48@group-833AA35A7EDE, cid=4161, SUCCESS, logIndex=6304, commits[72f5ceaa-5b3b-4bc7-b846-41895f4ebd48:c6304, b4e1f7d4-4bb4-47ed-a9cb-53483a899fb2:c6300, d3916bce-b37b-4246-83c6-d24846ba1a72:c6300]
2019-07-08 14:22:02,404 INFO  client.GrpcClientProtocolClient (GrpcClientProtocolClient.java:onNext(255)) - client-DE0880F50CF2->72f5ceaa-5b3b-4bc7-b846-41895f4ebd48: receive RaftClientReply:client-DE0880F50CF2->72f5ceaa-5b3b-4bc7-b846-41895f4ebd48@group-833AA35A7EDE, cid=4162, SUCCESS, logIndex=0, commits[72f5ceaa-5b3b-4bc7-b846-41895f4ebd48:c6306, b4e1f7d4-4bb4-47ed-a9cb-53483a899fb2:c6304, d3916bce-b37b-4246-83c6-d24846ba1a72:c6304]
2019-07-08 14:22:02,450 INFO  client.GrpcClientProtocolClient (GrpcClientProtocolClient.java:onNext(255)) - client-DE0880F50CF2->72f5ceaa-5b3b-4bc7-b846-41895f4ebd48: receive RaftClientReply:client-DE0880F50CF2->72f5ceaa-5b3b-4bc7-b846-41895f4ebd48@group-833AA35A7EDE, cid=4163, SUCCESS, logIndex=6307, commits[72f5ceaa-5b3b-4bc7-b846-41895f4ebd48:c6309, b4e1f7d4-4bb4-47ed-a9cb-53483a899fb2:c6306, d3916bce-b37b-4246-83c6-d24846ba1a72:c6306]
2019-07-08 14:22:02,451 INFO  client.GrpcClientProtocolClient (GrpcClientProtocolClient.java:onNext(255)) - client-DE0880F50CF2->72f5ceaa-5b3b-4bc7-b846-41895f4ebd48: receive RaftClientReply:client-DE0880F50CF2->72f5ceaa-5b3b-4bc7-b846-41895f4ebd48@group-833AA35A7EDE, cid=4164, SUCCESS, logIndex=6308, commits[72f5ceaa-5b3b-4bc7-b846-41895f4ebd48:c6310, b4e1f7d4-4bb4-47ed-a9cb-53483a899fb2:c6306, d3916bce-b37b-4246-83c6-d24846ba1a72:c6306]
2019-07-08 14:22:02,451 INFO  client.GrpcClientProtocolClient (GrpcClientProtocolClient.java:onNext(255)) - client-DE0880F50CF2->72f5ceaa-5b3b-4bc7-b846-41895f4ebd48: receive RaftClientReply:client-DE0880F50CF2->72f5ceaa-5b3b-4bc7-b846-41895f4ebd48@group-833AA35A7EDE, cid=4165, SUCCESS, logIndex=6309, commits[72f5ceaa-5b3b-4bc7-b846-41895f4ebd48:c6310, b4e1f7d4-4bb4-47ed-a9cb-53483a899fb2:c6306, d3916bce-b37b-4246-83c6-d24846ba1a72:c6306]
2019-07-08 14:22:02,451 INFO  client.GrpcClientProtocolClient (GrpcClientProtocolClient.java:onNext(255)) - client-DE0880F50CF2->72f5ceaa-5b3b-4bc7-b846-41895f4ebd48: receive RaftClientReply:client-DE0880F50CF2->72f5ceaa-5b3b-4bc7-b846-41895f4ebd48@group-833AA35A7EDE, cid=4166, SUCCESS, logIndex=6310, commits[72f5ceaa-5b3b-4bc7-b846-41895f4ebd48:c6310, b4e1f7d4-4bb4-47ed-a9cb-53483a899fb2:c6306, d3916bce-b37b-4246-83c6-d24846ba1a72:c6306]
2019-07-08 14:22:02,462 INFO  client.GrpcClientProtocolClient (GrpcClientProtocolClient.java:onNext(255)) - client-DE0880F50CF2->72f5ceaa-5b3b-4bc7-b846-41895f4ebd48: receive RaftClientReply:client-DE0880F50CF2->72f5ceaa-5b3b-4bc7-b846-41895f4ebd48@group-833AA35A7EDE, cid=4167, SUCCESS, logIndex=0, commits[72f5ceaa-5b3b-4bc7-b846-41895f4ebd48:c6311, b4e1f7d4-4bb4-47ed-a9cb-53483a899fb2:c6308, d3916bce-b37b-4246-83c6-d24846ba1a72:c6308]
2019-07-08 14:22:02,497 INFO  client.GrpcClientProtocolClient (GrpcClientProtocolClient.java:onNext(255)) - client-DE0880F50CF2->72f5ceaa-5b3b-4bc7-b846-41895f4ebd48: receive RaftClientReply:client-DE0880F50CF2->72f5ceaa-5b3b-4bc7-b846-41895f4ebd48@group-833AA35A7EDE, cid=4168, SUCCESS, logIndex=6315, commits[72f5ceaa-5b3b-4bc7-b846-41895f4ebd48:c6316, b4e1f7d4-4bb4-47ed-a9cb-53483a899fb2:c6314, d3916bce-b37b-4246-83c6-d24846ba1a72:c6314]
2019-07-08 14:22:02,497 INFO  client.GrpcClientProtocolClient (GrpcClientProtocolClient.java:onNext(255)) - client-DE0880F50CF2->72f5ceaa-5b3b-4bc7-b846-41895f4ebd48: receive RaftClientReply:client-DE0880F50CF2->72f5ceaa-5b3b-4bc7-b846-41895f4ebd48@group-833AA35A7EDE, cid=4169, SUCCESS, logIndex=6316, commits[72f5ceaa-5b3b-4bc7-b846-41895f4ebd48:c6316, b4e1f7d4-4bb4-47ed-a9cb-53483a899fb2:c6314, d3916bce-b37b-4246-83c6-d24846ba1a72:c6314]
2019-07-08 14:22:02,514 INFO  client.GrpcClientProtocolClient (GrpcClientProtocolClient.java:onNext(255)) - client-DE0880F50CF2->72f5ceaa-5b3b-4bc7-b846-41895f4ebd48: receive RaftClientReply:client-DE0880F50CF2->72f5ceaa-5b3b-4bc7-b846-41895f4ebd48@group-833AA35A7EDE, cid=4170, SUCCESS, logIndex=6319, commits[72f5ceaa-5b3b-4bc7-b846-41895f4ebd48:c6320, b4e1f7d4-4bb4-47ed-a9cb-53483a899fb2:c6318, d3916bce-b37b-4246-83c6-d24846ba1a72:c6318]
2019-07-08 14:22:02,515 INFO  client.GrpcClientProtocolClient (GrpcClientProtocolClient.java:onNext(255)) - client-DE0880F50CF2->72f5ceaa-5b3b-4bc7-b846-41895f4ebd48: receive RaftClientReply:client-DE0880F50CF2->72f5ceaa-5b3b-4bc7-b846-41895f4ebd48@group-833AA35A7EDE, cid=4171, SUCCESS, logIndex=6320, commits[72f5ceaa-5b3b-4bc7-b846-41895f4ebd48:c6320, b4e1f7d4-4bb4-47ed-a9cb-53483a899fb2:c6318, d3916bce-b37b-4246-83c6-d24846ba1a72:c6318]
2019-07-08 14:22:02,527 INFO  client.GrpcClientProtocolClient (GrpcClientProtocolClient.java:onNext(255)) - client-DE0880F50CF2->72f5ceaa-5b3b-4bc7-b846-41895f4ebd48: receive RaftClientReply:client-DE0880F50CF2->72f5ceaa-5b3b-4bc7-b846-41895f4ebd48@group-833AA35A7EDE, cid=4172, SUCCESS, logIndex=0, commits[72f5ceaa-5b3b-4bc7-b846-41895f4ebd48:c6321, b4e1f7d4-4bb4-47ed-a9cb-53483a899fb2:c6320, d3916bce-b37b-4246-83c6-d24846ba1a72:c6320]
2019-07-08 14:22:02,564 INFO  client.GrpcClientProtocolClient (GrpcClientProtocolClient.java:onNext(255)) - client-DE0880F50CF2->72f5ceaa-5b3b-4bc7-b846-41895f4ebd48: receive RaftClientReply:client-DE0880F50CF2->72f5ceaa-5b3b-4bc7-b846-41895f4ebd48@group-833AA35A7EDE, cid=4173, SUCCESS, logIndex=6323, commits[72f5ceaa-5b3b-4bc7-b846-41895f4ebd48:c6324, b4e1f7d4-4bb4-47ed-a9cb-53483a899fb2:c6322, d3916bce-b37b-4246-83c6-d24846ba1a72:c6322]
2019-07-08 14:22:02,565 INFO  client.GrpcClientProtocolClient (GrpcClientProtocolClient.java:onNext(255)) - client-DE0880F50CF2->72f5ceaa-5b3b-4bc7-b846-41895f4ebd48: receive RaftClientReply:client-DE0880F50CF2->72f5ceaa-5b3b-4bc7-b846-41895f4ebd48@group-833AA35A7EDE, cid=4174, SUCCESS, logIndex=6324, commits[72f5ceaa-5b3b-4bc7-b846-41895f4ebd48:c6324, b4e1f7d4-4bb4-47ed-a9cb-53483a899fb2:c6322, d3916bce-b37b-4246-83c6-d24846ba1a72:c6322]
2019-07-08 14:22:02,565 INFO  client.GrpcClientProtocolClient (GrpcClientProtocolClient.java:onNext(255)) - client-DE0880F50CF2->72f5ceaa-5b3b-4bc7-b846-41895f4ebd48: receive RaftClientReply:client-DE0880F50CF2->72f5ceaa-5b3b-4bc7-b846-41895f4ebd48@group-833AA35A7EDE, cid=4175, SUCCESS, logIndex=6325, commits[72f5ceaa-5b3b-4bc7-b846-41895f4ebd48:c6326, b4e1f7d4-4bb4-47ed-a9cb-53483a899fb2:c6322, d3916bce-b37b-4246-83c6-d24846ba1a72:c6322]
2019-07-08 14:22:02,566 INFO  client.GrpcClientProtocolClient (GrpcClientProtocolClient.java:onNext(255)) - client-DE0880F50CF2->72f5ceaa-5b3b-4bc7-b846-41895f4ebd48: receive RaftClientReply:client-DE0880F50CF2->72f5ceaa-5b3b-4bc7-b846-41895f4ebd48@group-833AA35A7EDE, cid=4176, SUCCESS, logIndex=6326, commits[72f5ceaa-5b3b-4bc7-b846-41895f4ebd48:c6326, b4e1f7d4-4bb4-47ed-a9cb-53483a899fb2:c6322, d3916bce-b37b-4246-83c6-d24846ba1a72:c6322]
2019-07-08 14:22:02,567 INFO  client.GrpcClientProtocolClient (GrpcClientProtocolClient.java:onNext(255)) - client-DE0880F50CF2->72f5ceaa-5b3b-4bc7-b846-41895f4ebd48: receive RaftClientReply:client-DE0880F50CF2->72f5ceaa-5b3b-4bc7-b846-41895f4ebd48@group-833AA35A7EDE, cid=4177, SUCCESS, logIndex=0, commits[72f5ceaa-5b3b-4bc7-b846-41895f4ebd48:c6328, b4e1f7d4-4bb4-47ed-a9cb-53483a899fb2:c6325, d3916bce-b37b-4246-83c6-d24846ba1a72:c6324]
2019-07-08 14:22:02,587 INFO  client.GrpcClientProtocolClient (GrpcClientProtocolClient.java:onNext(255)) - client-DE0880F50CF2->72f5ceaa-5b3b-4bc7-b846-41895f4ebd48: receive RaftClientReply:client-DE0880F50CF2->72f5ceaa-5b3b-4bc7-b846-41895f4ebd48@group-833AA35A7EDE, cid=4178, SUCCESS, logIndex=6331, commits[72f5ceaa-5b3b-4bc7-b846-41895f4ebd48:c6332, b4e1f7d4-4bb4-47ed-a9cb-53483a899fb2:c6330, d3916bce-b37b-4246-83c6-d24846ba1a72:c6330]
2019-07-08 14:22:02,587 INFO  client.GrpcClientProtocolClient (GrpcClientProtocolClient.java:onNext(255)) - client-DE0880F50CF2->72f5ceaa-5b3b-4bc7-b846-41895f4ebd48: receive RaftClientReply:client-DE0880F50CF2->72f5ceaa-5b3b-4bc7-b846-41895f4ebd48@group-833AA35A7EDE, cid=4179, SUCCESS, logIndex=6332, commits[72f5ceaa-5b3b-4bc7-b846-41895f4ebd48:c6332, b4e1f7d4-4bb4-47ed-a9cb-53483a899fb2:c6330, d3916bce-b37b-4246-83c6-d24846ba1a72:c6330]
2019-07-08 14:22:02,600 INFO  client.GrpcClientProtocolClient (GrpcClientProtocolClient.java:onNext(255)) - client-DE0880F50CF2->72f5ceaa-5b3b-4bc7-b846-41895f4ebd48: receive RaftClientReply:client-DE0880F50CF2->72f5ceaa-5b3b-4bc7-b846-41895f4ebd48@group-833AA35A7EDE, cid=4180, SUCCESS, logIndex=6335, commits[72f5ceaa-5b3b-4bc7-b846-41895f4ebd48:c6336, b4e1f7d4-4bb4-47ed-a9cb-53483a899fb2:c6332, d3916bce-b37b-4246-83c6-d24846ba1a72:c6332]
2019-07-08 14:22:02,601 INFO  client.GrpcClientProtocolClient (GrpcClientProtocolClient.java:onNext(255)) - client-DE0880F50CF2->72f5ceaa-5b3b-4bc7-b846-41895f4ebd48: receive RaftClientReply:client-DE0880F50CF2->72f5ceaa-5b3b-4bc7-b846-41895f4ebd48@group-833AA35A7EDE, cid=4181, SUCCESS, logIndex=6336, commits[72f5ceaa-5b3b-4bc7-b846-41895f4ebd48:c6336, b4e1f7d4-4bb4-47ed-a9cb-53483a899fb2:c6332, d3916bce-b37b-4246-83c6-d24846ba1a72:c6332]
2019-07-08 14:22:02,613 INFO  client.GrpcClientProtocolClient (GrpcClientProtocolClient.java:onNext(255)) - client-DE0880F50CF2->72f5ceaa-5b3b-4bc7-b846-41895f4ebd48: receive RaftClientReply:client-DE0880F50CF2->72f5ceaa-5b3b-4bc7-b846-41895f4ebd48@group-833AA35A7EDE, cid=4182, SUCCESS, logIndex=0, commits[72f5ceaa-5b3b-4bc7-b846-41895f4ebd48:c6338, b4e1f7d4-4bb4-47ed-a9cb-53483a899fb2:c6336, d3916bce-b37b-4246-83c6-d24846ba1a72:c6336]
2019-07-08 14:22:02,647 INFO  client.GrpcClientProtocolClient (GrpcClientProtocolClient.java:onNext(255)) - client-DE0880F50CF2->72f5ceaa-5b3b-4bc7-b846-41895f4ebd48: receive RaftClientReply:client-DE0880F50CF2->72f5ceaa-5b3b-4bc7-b846-41895f4ebd48@group-833AA35A7EDE, cid=4183, SUCCESS, logIndex=6339, commits[72f5ceaa-5b3b-4bc7-b846-41895f4ebd48:c6340, b4e1f7d4-4bb4-47ed-a9cb-53483a899fb2:c6338, d3916bce-b37b-4246-83c6-d24846ba1a72:c6338]
2019-07-08 14:22:02,647 INFO  client.GrpcClientProtocolClient (GrpcClientProtocolClient.java:onNext(255)) - client-DE0880F50CF2->72f5ceaa-5b3b-4bc7-b846-41895f4ebd48: receive RaftClientReply:client-DE0880F50CF2->72f5ceaa-5b3b-4bc7-b846-41895f4ebd48@group-833AA35A7EDE, cid=4184, SUCCESS, logIndex=6340, commits[72f5ceaa-5b3b-4bc7-b846-41895f4ebd48:c6340, b4e1f7d4-4bb4-47ed-a9cb-53483a899fb2:c6338, d3916bce-b37b-4246-83c6-d24846ba1a72:c6338]
2019-07-08 14:22:02,648 INFO  client.GrpcClientProtocolClient (GrpcClientProtocolClient.java:onNext(255)) - client-DE0880F50CF2->72f5ceaa-5b3b-4bc7-b846-41895f4ebd48: receive RaftClientReply:client-DE0880F50CF2->72f5ceaa-5b3b-4bc7-b846-41895f4ebd48@group-833AA35A7EDE, cid=4185, SUCCESS, logIndex=6341, commits[72f5ceaa-5b3b-4bc7-b846-41895f4ebd48:c6342, b4e1f7d4-4bb4-47ed-a9cb-53483a899fb2:c6338, d3916bce-b37b-4246-83c6-d24846ba1a72:c6338]
2019-07-08 14:22:02,648 INFO  client.GrpcClientProtocolClient (GrpcClientProtocolClient.java:onNext(255)) - client-DE0880F50CF2->72f5ceaa-5b3b-4bc7-b846-41895f4ebd48: receive RaftClientReply:client-DE0880F50CF2->72f5ceaa-5b3b-4bc7-b846-41895f4ebd48@group-833AA35A7EDE, cid=4186, SUCCESS, logIndex=6342, commits[72f5ceaa-5b3b-4bc7-b846-41895f4ebd48:c6342, b4e1f7d4-4bb4-47ed-a9cb-53483a899fb2:c6338, d3916bce-b37b-4246-83c6-d24846ba1a72:c6338]
2019-07-08 14:22:02,650 INFO  client.GrpcClientProtocolClient (GrpcClientProtocolClient.java:onNext(255)) - client-DE0880F50CF2->72f5ceaa-5b3b-4bc7-b846-41895f4ebd48: receive RaftClientReply:client-DE0880F50CF2->72f5ceaa-5b3b-4bc7-b846-41895f4ebd48@group-833AA35A7EDE, cid=4187, SUCCESS, logIndex=0, commits[72f5ceaa-5b3b-4bc7-b846-41895f4ebd48:c6345, b4e1f7d4-4bb4-47ed-a9cb-53483a899fb2:c6340, d3916bce-b37b-4246-83c6-d24846ba1a72:c6341]
2019-07-08 14:22:02,670 INFO  client.GrpcClientProtocolClient (GrpcClientProtocolClient.java:onNext(255)) - client-DE0880F50CF2->72f5ceaa-5b3b-4bc7-b846-41895f4ebd48: receive RaftClientReply:client-DE0880F50CF2->72f5ceaa-5b3b-4bc7-b846-41895f4ebd48@group-833AA35A7EDE, cid=4188, SUCCESS, logIndex=6347, commits[72f5ceaa-5b3b-4bc7-b846-41895f4ebd48:c6348, b4e1f7d4-4bb4-47ed-a9cb-53483a899fb2:c6346, d3916bce-b37b-4246-83c6-d24846ba1a72:c6346]
2019-07-08 14:22:02,670 INFO  client.GrpcClientProtocolClient (GrpcClientProtocolClient.java:onNext(255)) - client-DE0880F50CF2->72f5ceaa-5b3b-4bc7-b846-41895f4ebd48: receive RaftClientReply:client-DE0880F50CF2->72f5ceaa-5b3b-4bc7-b846-41895f4ebd48@group-833AA35A7EDE, cid=4189, SUCCESS, logIndex=6348, commits[72f5ceaa-5b3b-4bc7-b846-41895f4ebd48:c6348, b4e1f7d4-4bb4-47ed-a9cb-53483a899fb2:c6346, d3916bce-b37b-4246-83c6-d24846ba1a72:c6346]
2019-07-08 14:22:02,682 INFO  client.GrpcClientProtocolClient (GrpcClientProtocolClient.java:onNext(255)) - client-DE0880F50CF2->72f5ceaa-5b3b-4bc7-b846-41895f4ebd48: receive RaftClientReply:client-DE0880F50CF2->72f5ceaa-5b3b-4bc7-b846-41895f4ebd48@group-833AA35A7EDE, cid=4190, SUCCESS, logIndex=6351, commits[72f5ceaa-5b3b-4bc7-b846-41895f4ebd48:c6352, b4e1f7d4-4bb4-47ed-a9cb-53483a899fb2:c6348, d3916bce-b37b-4246-83c6-d24846ba1a72:c6348]
2019-07-08 14:22:02,683 INFO  client.GrpcClientProtocolClient (GrpcClientProtocolClient.java:onNext(255)) - client-DE0880F50CF2->72f5ceaa-5b3b-4bc7-b846-41895f4ebd48: receive RaftClientReply:client-DE0880F50CF2->72f5ceaa-5b3b-4bc7-b846-41895f4ebd48@group-833AA35A7EDE, cid=4191, SUCCESS, logIndex=6352, commits[72f5ceaa-5b3b-4bc7-b846-41895f4ebd48:c6352, b4e1f7d4-4bb4-47ed-a9cb-53483a899fb2:c6348, d3916bce-b37b-4246-83c6-d24846ba1a72:c6348]
2019-07-08 14:22:02,694 INFO  client.GrpcClientProtocolClient (GrpcClientProtocolClient.java:onNext(255)) - client-DE0880F50CF2->72f5ceaa-5b3b-4bc7-b846-41895f4ebd48: receive RaftClientReply:client-DE0880F50CF2->72f5ceaa-5b3b-4bc7-b846-41895f4ebd48@group-833AA35A7EDE, cid=4192, SUCCESS, logIndex=0, commits[72f5ceaa-5b3b-4bc7-b846-41895f4ebd48:c6353, b4e1f7d4-4bb4-47ed-a9cb-53483a899fb2:c6352, d3916bce-b37b-4246-83c6-d24846ba1a72:c6352]
2019-07-08 14:22:02,727 INFO  client.GrpcClientProtocolClient (GrpcClientProtocolClient.java:onNext(255)) - client-DE0880F50CF2->72f5ceaa-5b3b-4bc7-b846-41895f4ebd48: receive RaftClientReply:client-DE0880F50CF2->72f5ceaa-5b3b-4bc7-b846-41895f4ebd48@group-833AA35A7EDE, cid=4193, SUCCESS, logIndex=6355, commits[72f5ceaa-5b3b-4bc7-b846-41895f4ebd48:c6356, b4e1f7d4-4bb4-47ed-a9cb-53483a899fb2:c6354, d3916bce-b37b-4246-83c6-d24846ba1a72:c6354]
2019-07-08 14:22:02,727 INFO  client.GrpcClientProtocolClient (GrpcClientProtocolClient.java:onNext(255)) - client-DE0880F50CF2->72f5ceaa-5b3b-4bc7-b846-41895f4ebd48: receive RaftClientReply:client-DE0880F50CF2->72f5ceaa-5b3b-4bc7-b846-41895f4ebd48@group-833AA35A7EDE, cid=4194, SUCCESS, logIndex=6356, commits[72f5ceaa-5b3b-4bc7-b846-41895f4ebd48:c6356, b4e1f7d4-4bb4-47ed-a9cb-53483a899fb2:c6354, d3916bce-b37b-4246-83c6-d24846ba1a72:c6354]
2019-07-08 14:22:02,727 INFO  client.GrpcClientProtocolClient (GrpcClientProtocolClient.java:onNext(255)) - client-DE0880F50CF2->72f5ceaa-5b3b-4bc7-b846-41895f4ebd48: receive RaftClientReply:client-DE0880F50CF2->72f5ceaa-5b3b-4bc7-b846-41895f4ebd48@group-833AA35A7EDE, cid=4195, SUCCESS, logIndex=6357, commits[72f5ceaa-5b3b-4bc7-b846-41895f4ebd48:c6358, b4e1f7d4-4bb4-47ed-a9cb-53483a899fb2:c6354, d3916bce-b37b-4246-83c6-d24846ba1a72:c6354]
2019-07-08 14:22:02,728 INFO  client.GrpcClientProtocolClient (GrpcClientProtocolClient.java:onNext(255)) - client-DE0880F50CF2->72f5ceaa-5b3b-4bc7-b846-41895f4ebd48: receive RaftClientReply:client-DE0880F50CF2->72f5ceaa-5b3b-4bc7-b846-41895f4ebd48@group-833AA35A7EDE, cid=4196, SUCCESS, logIndex=6358, commits[72f5ceaa-5b3b-4bc7-b846-41895f4ebd48:c6358, b4e1f7d4-4bb4-47ed-a9cb-53483a899fb2:c6354, d3916bce-b37b-4246-83c6-d24846ba1a72:c6354]
2019-07-08 14:22:02,730 INFO  client.GrpcClientProtocolClient (GrpcClientProtocolClient.java:onNext(255)) - client-DE0880F50CF2->72f5ceaa-5b3b-4bc7-b846-41895f4ebd48: receive RaftClientReply:client-DE0880F50CF2->72f5ceaa-5b3b-4bc7-b846-41895f4ebd48@group-833AA35A7EDE, cid=4197, SUCCESS, logIndex=0, commits[72f5ceaa-5b3b-4bc7-b846-41895f4ebd48:c6362, b4e1f7d4-4bb4-47ed-a9cb-53483a899fb2:c6356, d3916bce-b37b-4246-83c6-d24846ba1a72:c6358]
2019-07-08 14:22:02,843 INFO  client.GrpcClientProtocolClient (GrpcClientProtocolClient.java:onNext(255)) - client-DE0880F50CF2->72f5ceaa-5b3b-4bc7-b846-41895f4ebd48: receive RaftClientReply:client-DE0880F50CF2->72f5ceaa-5b3b-4bc7-b846-41895f4ebd48@group-833AA35A7EDE, cid=4198, SUCCESS, logIndex=6363, commits[72f5ceaa-5b3b-4bc7-b846-41895f4ebd48:c6364, b4e1f7d4-4bb4-47ed-a9cb-53483a899fb2:c6358, d3916bce-b37b-4246-83c6-d24846ba1a72:c6362]
2019-07-08 14:22:02,844 INFO  client.GrpcClientProtocolClient (GrpcClientProtocolClient.java:onNext(255)) - client-DE0880F50CF2->72f5ceaa-5b3b-4bc7-b846-41895f4ebd48: receive RaftClientReply:client-DE0880F50CF2->72f5ceaa-5b3b-4bc7-b846-41895f4ebd48@group-833AA35A7EDE, cid=4199, SUCCESS, logIndex=6364, commits[72f5ceaa-5b3b-4bc7-b846-41895f4ebd48:c6364, b4e1f7d4-4bb4-47ed-a9cb-53483a899fb2:c6362, d3916bce-b37b-4246-83c6-d24846ba1a72:c6362]
2019-07-08 14:22:02,857 INFO  client.GrpcClientProtocolClient (GrpcClientProtocolClient.java:onNext(255)) - client-DE0880F50CF2->72f5ceaa-5b3b-4bc7-b846-41895f4ebd48: receive RaftClientReply:client-DE0880F50CF2->72f5ceaa-5b3b-4bc7-b846-41895f4ebd48@group-833AA35A7EDE, cid=4200, SUCCESS, logIndex=6366, commits[72f5ceaa-5b3b-4bc7-b846-41895f4ebd48:c6366, b4e1f7d4-4bb4-47ed-a9cb-53483a899fb2:c6364, d3916bce-b37b-4246-83c6-d24846ba1a72:c6364]
2019-07-08 14:22:02,857 INFO  client.GrpcClientProtocolClient (GrpcClientProtocolClient.java:onNext(255)) - client-DE0880F50CF2->72f5ceaa-5b3b-4bc7-b846-41895f4ebd48: receive RaftClientReply:client-DE0880F50CF2->72f5ceaa-5b3b-4bc7-b846-41895f4ebd48@group-833AA35A7EDE, cid=4201, SUCCESS, logIndex=6367, commits[72f5ceaa-5b3b-4bc7-b846-41895f4ebd48:c6367, b4e1f7d4-4bb4-47ed-a9cb-53483a899fb2:c6364, d3916bce-b37b-4246-83c6-d24846ba1a72:c6364]
2019-07-08 14:22:02,870 INFO  client.GrpcClientProtocolClient (GrpcClientProtocolClient.java:onNext(255)) - client-DE0880F50CF2->72f5ceaa-5b3b-4bc7-b846-41895f4ebd48: receive RaftClientReply:client-DE0880F50CF2->72f5ceaa-5b3b-4bc7-b846-41895f4ebd48@group-833AA35A7EDE, cid=4202, SUCCESS, logIndex=0, commits[72f5ceaa-5b3b-4bc7-b846-41895f4ebd48:c6369, b4e1f7d4-4bb4-47ed-a9cb-53483a899fb2:c6367, d3916bce-b37b-4246-83c6-d24846ba1a72:c6367]
2019-07-08 14:22:02,911 INFO  client.GrpcClientProtocolClient (GrpcClientProtocolClient.java:onNext(255)) - client-DE0880F50CF2->72f5ceaa-5b3b-4bc7-b846-41895f4ebd48: receive RaftClientReply:client-DE0880F50CF2->72f5ceaa-5b3b-4bc7-b846-41895f4ebd48@group-833AA35A7EDE, cid=4203, SUCCESS, logIndex=6370, commits[72f5ceaa-5b3b-4bc7-b846-41895f4ebd48:c6371, b4e1f7d4-4bb4-47ed-a9cb-53483a899fb2:c6369, d3916bce-b37b-4246-83c6-d24846ba1a72:c6369]
2019-07-08 14:22:02,912 INFO  client.GrpcClientProtocolClient (GrpcClientProtocolClient.java:onNext(255)) - client-DE0880F50CF2->72f5ceaa-5b3b-4bc7-b846-41895f4ebd48: receive RaftClientReply:client-DE0880F50CF2->72f5ceaa-5b3b-4bc7-b846-41895f4ebd48@group-833AA35A7EDE, cid=4204, SUCCESS, logIndex=6371, commits[72f5ceaa-5b3b-4bc7-b846-41895f4ebd48:c6372, b4e1f7d4-4bb4-47ed-a9cb-53483a899fb2:c6369, d3916bce-b37b-4246-83c6-d24846ba1a72:c6369]
2019-07-08 14:22:02,912 INFO  client.GrpcClientProtocolClient (GrpcClientProtocolClient.java:onNext(255)) - client-DE0880F50CF2->72f5ceaa-5b3b-4bc7-b846-41895f4ebd48: receive RaftClientReply:client-DE0880F50CF2->72f5ceaa-5b3b-4bc7-b846-41895f4ebd48@group-833AA35A7EDE, cid=4205, SUCCESS, logIndex=6372, commits[72f5ceaa-5b3b-4bc7-b846-41895f4ebd48:c6373, b4e1f7d4-4bb4-47ed-a9cb-53483a899fb2:c6369, d3916bce-b37b-4246-83c6-d24846ba1a72:c6369]
2019-07-08 14:22:02,912 INFO  client.GrpcClientProtocolClient (GrpcClientProtocolClient.java:onNext(255)) - client-DE0880F50CF2->72f5ceaa-5b3b-4bc7-b846-41895f4ebd48: receive RaftClientReply:client-DE0880F50CF2->72f5ceaa-5b3b-4bc7-b846-41895f4ebd48@group-833AA35A7EDE, cid=4206, SUCCESS, logIndex=6373, commits[72f5ceaa-5b3b-4bc7-b846-41895f4ebd48:c6374, b4e1f7d4-4bb4-47ed-a9cb-53483a899fb2:c6369, d3916bce-b37b-4246-83c6-d24846ba1a72:c6370]
2019-07-08 14:22:02,914 INFO  client.GrpcClientProtocolClient (GrpcClientProtocolClient.java:onNext(255)) - client-DE0880F50CF2->72f5ceaa-5b3b-4bc7-b846-41895f4ebd48: receive RaftClientReply:client-DE0880F50CF2->72f5ceaa-5b3b-4bc7-b846-41895f4ebd48@group-833AA35A7EDE, cid=4207, SUCCESS, logIndex=0, commits[72f5ceaa-5b3b-4bc7-b846-41895f4ebd48:c6377, b4e1f7d4-4bb4-47ed-a9cb-53483a899fb2:c6371, d3916bce-b37b-4246-83c6-d24846ba1a72:c6373]
2019-07-08 14:22:02,935 INFO  client.GrpcClientProtocolClient (GrpcClientProtocolClient.java:onNext(255)) - client-DE0880F50CF2->72f5ceaa-5b3b-4bc7-b846-41895f4ebd48: receive RaftClientReply:client-DE0880F50CF2->72f5ceaa-5b3b-4bc7-b846-41895f4ebd48@group-833AA35A7EDE, cid=4208, SUCCESS, logIndex=6378, commits[72f5ceaa-5b3b-4bc7-b846-41895f4ebd48:c6379, b4e1f7d4-4bb4-47ed-a9cb-53483a899fb2:c6377, d3916bce-b37b-4246-83c6-d24846ba1a72:c6377]
2019-07-08 14:22:02,935 INFO  client.GrpcClientProtocolClient (GrpcClientProtocolClient.java:onNext(255)) - client-DE0880F50CF2->72f5ceaa-5b3b-4bc7-b846-41895f4ebd48: receive RaftClientReply:client-DE0880F50CF2->72f5ceaa-5b3b-4bc7-b846-41895f4ebd48@group-833AA35A7EDE, cid=4209, SUCCESS, logIndex=6379, commits[72f5ceaa-5b3b-4bc7-b846-41895f4ebd48:c6379, b4e1f7d4-4bb4-47ed-a9cb-53483a899fb2:c6377, d3916bce-b37b-4246-83c6-d24846ba1a72:c6377]
2019-07-08 14:22:02,961 INFO  client.GrpcClientProtocolClient (GrpcClientProtocolClient.java:onNext(255)) - client-DE0880F50CF2->72f5ceaa-5b3b-4bc7-b846-41895f4ebd48: receive RaftClientReply:client-DE0880F50CF2->72f5ceaa-5b3b-4bc7-b846-41895f4ebd48@group-833AA35A7EDE, cid=4210, SUCCESS, logIndex=6382, commits[72f5ceaa-5b3b-4bc7-b846-41895f4ebd48:c6383, b4e1f7d4-4bb4-47ed-a9cb-53483a899fb2:c6379, d3916bce-b37b-4246-83c6-d24846ba1a72:c6379]
2019-07-08 14:22:02,961 INFO  client.GrpcClientProtocolClient (GrpcClientProtocolClient.java:onNext(255)) - client-DE0880F50CF2->72f5ceaa-5b3b-4bc7-b846-41895f4ebd48: receive RaftClientReply:client-DE0880F50CF2->72f5ceaa-5b3b-4bc7-b846-41895f4ebd48@group-833AA35A7EDE, cid=4211, SUCCESS, logIndex=6383, commits[72f5ceaa-5b3b-4bc7-b846-41895f4ebd48:c6383, b4e1f7d4-4bb4-47ed-a9cb-53483a899fb2:c6379, d3916bce-b37b-4246-83c6-d24846ba1a72:c6379]
2019-07-08 14:22:02,974 INFO  client.GrpcClientProtocolClient (GrpcClientProtocolClient.java:onNext(255)) - client-DE0880F50CF2->72f5ceaa-5b3b-4bc7-b846-41895f4ebd48: receive RaftClientReply:client-DE0880F50CF2->72f5ceaa-5b3b-4bc7-b846-41895f4ebd48@group-833AA35A7EDE, cid=4212, SUCCESS, logIndex=0, commits[72f5ceaa-5b3b-4bc7-b846-41895f4ebd48:c6385, b4e1f7d4-4bb4-47ed-a9cb-53483a899fb2:c6383, d3916bce-b37b-4246-83c6-d24846ba1a72:c6383]
 0.00% |█                                                                                                    |  0/1 Time: 0:00:572019-07-08 14:22:03,017 INFO  client.GrpcClientProtocolClient (GrpcClientProtocolClient.java:onNext(255)) - client-DE0880F50CF2->72f5ceaa-5b3b-4bc7-b846-41895f4ebd48: receive RaftClientReply:client-DE0880F50CF2->72f5ceaa-5b3b-4bc7-b846-41895f4ebd48@group-833AA35A7EDE, cid=4213, SUCCESS, logIndex=6386, commits[72f5ceaa-5b3b-4bc7-b846-41895f4ebd48:c6387, b4e1f7d4-4bb4-47ed-a9cb-53483a899fb2:c6383, d3916bce-b37b-4246-83c6-d24846ba1a72:c6385]
2019-07-08 14:22:03,018 INFO  client.GrpcClientProtocolClient (GrpcClientProtocolClient.java:onNext(255)) - client-DE0880F50CF2->72f5ceaa-5b3b-4bc7-b846-41895f4ebd48: receive RaftClientReply:client-DE0880F50CF2->72f5ceaa-5b3b-4bc7-b846-41895f4ebd48@group-833AA35A7EDE, cid=4214, SUCCESS, logIndex=6387, commits[72f5ceaa-5b3b-4bc7-b846-41895f4ebd48:c6387, b4e1f7d4-4bb4-47ed-a9cb-53483a899fb2:c6383, d3916bce-b37b-4246-83c6-d24846ba1a72:c6385]
2019-07-08 14:22:03,022 INFO  client.GrpcClientProtocolClient (GrpcClientProtocolClient.java:onNext(255)) - client-DE0880F50CF2->72f5ceaa-5b3b-4bc7-b846-41895f4ebd48: receive RaftClientReply:client-DE0880F50CF2->72f5ceaa-5b3b-4bc7-b846-41895f4ebd48@group-833AA35A7EDE, cid=4215, SUCCESS, logIndex=6388, commits[72f5ceaa-5b3b-4bc7-b846-41895f4ebd48:c6391, b4e1f7d4-4bb4-47ed-a9cb-53483a899fb2:c6387, d3916bce-b37b-4246-83c6-d24846ba1a72:c6385]
2019-07-08 14:22:03,022 INFO  client.GrpcClientProtocolClient (GrpcClientProtocolClient.java:onNext(255)) - client-DE0880F50CF2->72f5ceaa-5b3b-4bc7-b846-41895f4ebd48: receive RaftClientReply:client-DE0880F50CF2->72f5ceaa-5b3b-4bc7-b846-41895f4ebd48@group-833AA35A7EDE, cid=4216, SUCCESS, logIndex=6389, commits[72f5ceaa-5b3b-4bc7-b846-41895f4ebd48:c6391, b4e1f7d4-4bb4-47ed-a9cb-53483a899fb2:c6387, d3916bce-b37b-4246-83c6-d24846ba1a72:c6385]
2019-07-08 14:22:03,024 INFO  client.GrpcClientProtocolClient (GrpcClientProtocolClient.java:onNext(255)) - client-DE0880F50CF2->72f5ceaa-5b3b-4bc7-b846-41895f4ebd48: receive RaftClientReply:client-DE0880F50CF2->72f5ceaa-5b3b-4bc7-b846-41895f4ebd48@group-833AA35A7EDE, cid=4217, SUCCESS, logIndex=0, commits[72f5ceaa-5b3b-4bc7-b846-41895f4ebd48:c6393, b4e1f7d4-4bb4-47ed-a9cb-53483a899fb2:c6389, d3916bce-b37b-4246-83c6-d24846ba1a72:c6387]
2019-07-08 14:22:03,047 INFO  client.GrpcClientProtocolClient (GrpcClientProtocolClient.java:onNext(255)) - client-DE0880F50CF2->72f5ceaa-5b3b-4bc7-b846-41895f4ebd48: receive RaftClientReply:client-DE0880F50CF2->72f5ceaa-5b3b-4bc7-b846-41895f4ebd48@group-833AA35A7EDE, cid=4218, SUCCESS, logIndex=6394, commits[72f5ceaa-5b3b-4bc7-b846-41895f4ebd48:c6395, b4e1f7d4-4bb4-47ed-a9cb-53483a899fb2:c6393, d3916bce-b37b-4246-83c6-d24846ba1a72:c6389]
2019-07-08 14:22:03,047 INFO  client.GrpcClientProtocolClient (GrpcClientProtocolClient.java:onNext(255)) - client-DE0880F50CF2->72f5ceaa-5b3b-4bc7-b846-41895f4ebd48: receive RaftClientReply:client-DE0880F50CF2->72f5ceaa-5b3b-4bc7-b846-41895f4ebd48@group-833AA35A7EDE, cid=4219, SUCCESS, logIndex=6395, commits[72f5ceaa-5b3b-4bc7-b846-41895f4ebd48:c6395, b4e1f7d4-4bb4-47ed-a9cb-53483a899fb2:c6393, d3916bce-b37b-4246-83c6-d24846ba1a72:c6393]
2019-07-08 14:22:03,068 INFO  client.GrpcClientProtocolClient (GrpcClientProtocolClient.java:onNext(255)) - client-DE0880F50CF2->72f5ceaa-5b3b-4bc7-b846-41895f4ebd48: receive RaftClientReply:client-DE0880F50CF2->72f5ceaa-5b3b-4bc7-b846-41895f4ebd48@group-833AA35A7EDE, cid=4220, SUCCESS, logIndex=6398, commits[72f5ceaa-5b3b-4bc7-b846-41895f4ebd48:c6399, b4e1f7d4-4bb4-47ed-a9cb-53483a899fb2:c6397, d3916bce-b37b-4246-83c6-d24846ba1a72:c6397]
2019-07-08 14:22:03,068 INFO  client.GrpcClientProtocolClient (GrpcClientProtocolClient.java:onNext(255)) - client-DE0880F50CF2->72f5ceaa-5b3b-4bc7-b846-41895f4ebd48: receive RaftClientReply:client-DE0880F50CF2->72f5ceaa-5b3b-4bc7-b846-41895f4ebd48@group-833AA35A7EDE, cid=4221, SUCCESS, logIndex=6399, commits[72f5ceaa-5b3b-4bc7-b846-41895f4ebd48:c6399, b4e1f7d4-4bb4-47ed-a9cb-53483a899fb2:c6397, d3916bce-b37b-4246-83c6-d24846ba1a72:c6397]
 0.00% |█                                                                                                    |  0/1 Time: 0:00:582019-07-08 14:22:04,020 INFO  client.GrpcClientProtocolClient (GrpcClientProtocolClient.java:onNext(255)) - client-DE0880F50CF2->72f5ceaa-5b3b-4bc7-b846-41895f4ebd48: receive RaftClientReply:client-DE0880F50CF2->72f5ceaa-5b3b-4bc7-b846-41895f4ebd48@group-833AA35A7EDE, cid=4222, SUCCESS, logIndex=0, commits[72f5ceaa-5b3b-4bc7-b846-41895f4ebd48:c6401, b4e1f7d4-4bb4-47ed-a9cb-53483a899fb2:c6400, d3916bce-b37b-4246-83c6-d24846ba1a72:c6401]
2019-07-08 14:22:04,725 INFO  client.GrpcClientProtocolClient (GrpcClientProtocolClient.java:onNext(255)) - client-DE0880F50CF2->72f5ceaa-5b3b-4bc7-b846-41895f4ebd48: receive RaftClientReply:client-DE0880F50CF2->72f5ceaa-5b3b-4bc7-b846-41895f4ebd48@group-833AA35A7EDE, cid=4223, SUCCESS, logIndex=6402, commits[72f5ceaa-5b3b-4bc7-b846-41895f4ebd48:c6403, b4e1f7d4-4bb4-47ed-a9cb-53483a899fb2:c6401, d3916bce-b37b-4246-83c6-d24846ba1a72:c6401]
2019-07-08 14:22:04,726 INFO  client.GrpcClientProtocolClient (GrpcClientProtocolClient.java:onNext(255)) - client-DE0880F50CF2->72f5ceaa-5b3b-4bc7-b846-41895f4ebd48: receive RaftClientReply:client-DE0880F50CF2->72f5ceaa-5b3b-4bc7-b846-41895f4ebd48@group-833AA35A7EDE, cid=4224, SUCCESS, logIndex=6403, commits[72f5ceaa-5b3b-4bc7-b846-41895f4ebd48:c6403, b4e1f7d4-4bb4-47ed-a9cb-53483a899fb2:c6401, d3916bce-b37b-4246-83c6-d24846ba1a72:c6401]
 0.00% |█                                                                                                    |  0/1 Time: 0:00:592019-07-08 14:22:05,181 INFO  client.GrpcClientProtocolClient (GrpcClientProtocolClient.java:onNext(255)) - client-DE0880F50CF2->72f5ceaa-5b3b-4bc7-b846-41895f4ebd48: receive RaftClientReply:client-DE0880F50CF2->72f5ceaa-5b3b-4bc7-b846-41895f4ebd48@group-833AA35A7EDE, cid=4225, SUCCESS, logIndex=6404, commits[72f5ceaa-5b3b-4bc7-b846-41895f4ebd48:c6405, b4e1f7d4-4bb4-47ed-a9cb-53483a899fb2:c6401, d3916bce-b37b-4246-83c6-d24846ba1a72:c6401]
2019-07-08 14:22:05,181 INFO  client.GrpcClientProtocolClient (GrpcClientProtocolClient.java:onNext(255)) - client-DE0880F50CF2->72f5ceaa-5b3b-4bc7-b846-41895f4ebd48: receive RaftClientReply:client-DE0880F50CF2->72f5ceaa-5b3b-4bc7-b846-41895f4ebd48@group-833AA35A7EDE, cid=4226, SUCCESS, logIndex=6405, commits[72f5ceaa-5b3b-4bc7-b846-41895f4ebd48:c6405, b4e1f7d4-4bb4-47ed-a9cb-53483a899fb2:c6401, d3916bce-b37b-4246-83c6-d24846ba1a72:c6401]
2019-07-08 14:22:05,846 INFO  client.GrpcClientProtocolClient (GrpcClientProtocolClient.java:onNext(255)) - client-DE0880F50CF2->72f5ceaa-5b3b-4bc7-b846-41895f4ebd48: receive RaftClientReply:client-DE0880F50CF2->72f5ceaa-5b3b-4bc7-b846-41895f4ebd48@group-833AA35A7EDE, cid=4227, SUCCESS, logIndex=0, commits[72f5ceaa-5b3b-4bc7-b846-41895f4ebd48:c6406, b4e1f7d4-4bb4-47ed-a9cb-53483a899fb2:c6405, d3916bce-b37b-4246-83c6-d24846ba1a72:c6405]
 0.00% |█                                                                                                    |  0/1 Time: 0:01:00 0.00% |█                                                                                                    |  0/1 Time: 0:01:01 0.00% |█                                                                                                    |  0/1 Time: 0:01:022019-07-08 14:22:07,999 INFO  client.GrpcClientProtocolClient (GrpcClientProtocolClient.java:onNext(255)) - client-DE0880F50CF2->72f5ceaa-5b3b-4bc7-b846-41895f4ebd48: receive RaftClientReply:client-DE0880F50CF2->72f5ceaa-5b3b-4bc7-b846-41895f4ebd48@group-833AA35A7EDE, cid=4228, SUCCESS, logIndex=6410, commits[72f5ceaa-5b3b-4bc7-b846-41895f4ebd48:c6411, b4e1f7d4-4bb4-47ed-a9cb-53483a899fb2:c6407, d3916bce-b37b-4246-83c6-d24846ba1a72:c6407]
2019-07-08 14:22:08,000 INFO  client.GrpcClientProtocolClient (GrpcClientProtocolClient.java:onNext(255)) - client-DE0880F50CF2->72f5ceaa-5b3b-4bc7-b846-41895f4ebd48: receive RaftClientReply:client-DE0880F50CF2->72f5ceaa-5b3b-4bc7-b846-41895f4ebd48@group-833AA35A7EDE, cid=4229, SUCCESS, logIndex=6411, commits[72f5ceaa-5b3b-4bc7-b846-41895f4ebd48:c6411, b4e1f7d4-4bb4-47ed-a9cb-53483a899fb2:c6407, d3916bce-b37b-4246-83c6-d24846ba1a72:c6407]
2019-07-08 14:22:08,850 INFO  client.GrpcClientProtocolClient (GrpcClientProtocolClient.java:onNext(255)) - client-DE0880F50CF2->72f5ceaa-5b3b-4bc7-b846-41895f4ebd48: receive RaftClientReply:client-DE0880F50CF2->72f5ceaa-5b3b-4bc7-b846-41895f4ebd48@group-833AA35A7EDE, cid=4230, SUCCESS, logIndex=6414, commits[72f5ceaa-5b3b-4bc7-b846-41895f4ebd48:c6415, b4e1f7d4-4bb4-47ed-a9cb-53483a899fb2:c6412, d3916bce-b37b-4246-83c6-d24846ba1a72:c6412]
2019-07-08 14:22:08,850 INFO  client.GrpcClientProtocolClient (GrpcClientProtocolClient.java:onNext(255)) - client-DE0880F50CF2->72f5ceaa-5b3b-4bc7-b846-41895f4ebd48: receive RaftClientReply:client-DE0880F50CF2->72f5ceaa-5b3b-4bc7-b846-41895f4ebd48@group-833AA35A7EDE, cid=4231, SUCCESS, logIndex=6415, commits[72f5ceaa-5b3b-4bc7-b846-41895f4ebd48:c6415, b4e1f7d4-4bb4-47ed-a9cb-53483a899fb2:c6412, d3916bce-b37b-4246-83c6-d24846ba1a72:c6412]
 0.00% |█                                                                                                    |  0/1 Time: 0:01:03 0.00% |█                                                                                                    |  0/1 Time: 0:01:04 0.00% |█                                                                                                    |  0/1 Time: 0:01:052019-07-08 14:22:11,403 INFO  client.GrpcClientProtocolClient (GrpcClientProtocolClient.java:onNext(255)) - client-DE0880F50CF2->72f5ceaa-5b3b-4bc7-b846-41895f4ebd48: receive RaftClientReply:client-DE0880F50CF2->72f5ceaa-5b3b-4bc7-b846-41895f4ebd48@group-833AA35A7EDE, cid=4232, SUCCESS, logIndex=0, commits[72f5ceaa-5b3b-4bc7-b846-41895f4ebd48:c6416, b4e1f7d4-4bb4-47ed-a9cb-53483a899fb2:c6415, d3916bce-b37b-4246-83c6-d24846ba1a72:c6415]
2019-07-08 14:22:11,850 WARN  server.GrpcLogAppender (GrpcLogAppender.java:timeoutAppendRequest(200)) - GrpcLogAppender(72f5ceaa-5b3b-4bc7-b846-41895f4ebd48->d3916bce-b37b-4246-83c6-d24846ba1a72): appendEntries Timeout, request=72f5ceaa-5b3b-4bc7-b846-41895f4ebd48->d3916bce-b37b-4246-83c6-d24846ba1a72#6486-t1, previous=(t:1, i:6416), leaderCommit=6415, initializing? false, entries: size=1, first=(t:1, i:6417), METADATAENTRY(c6415)
2019-07-08 14:22:11,850 WARN  server.GrpcLogAppender (GrpcLogAppender.java:timeoutAppendRequest(200)) - GrpcLogAppender(72f5ceaa-5b3b-4bc7-b846-41895f4ebd48->b4e1f7d4-4bb4-47ed-a9cb-53483a899fb2): appendEntries Timeout, request=72f5ceaa-5b3b-4bc7-b846-41895f4ebd48->b4e1f7d4-4bb4-47ed-a9cb-53483a899fb2#6486-t1, previous=(t:1, i:6416), leaderCommit=6415, initializing? false, entries: size=1, first=(t:1, i:6417), METADATAENTRY(c6415)
 0.00% |█                                                                                                    |  0/1 Time: 0:01:062019-07-08 14:22:12,350 WARN  server.GrpcLogAppender (GrpcLogAppender.java:timeoutAppendRequest(200)) - GrpcLogAppender(72f5ceaa-5b3b-4bc7-b846-41895f4ebd48->d3916bce-b37b-4246-83c6-d24846ba1a72): appendEntries Timeout, request=72f5ceaa-5b3b-4bc7-b846-41895f4ebd48->d3916bce-b37b-4246-83c6-d24846ba1a72#6487-t1, previous=(t:1, i:6417), leaderCommit=6415, initializing? false, entries: <empty>
2019-07-08 14:22:12,350 WARN  server.GrpcLogAppender (GrpcLogAppender.java:timeoutAppendRequest(200)) - GrpcLogAppender(72f5ceaa-5b3b-4bc7-b846-41895f4ebd48->b4e1f7d4-4bb4-47ed-a9cb-53483a899fb2): appendEntries Timeout, request=72f5ceaa-5b3b-4bc7-b846-41895f4ebd48->b4e1f7d4-4bb4-47ed-a9cb-53483a899fb2#6487-t1, previous=(t:1, i:6417), leaderCommit=6415, initializing? false, entries: <empty>
2019-07-08 14:22:12,850 WARN  server.GrpcLogAppender (GrpcLogAppender.java:timeoutAppendRequest(200)) - GrpcLogAppender(72f5ceaa-5b3b-4bc7-b846-41895f4ebd48->d3916bce-b37b-4246-83c6-d24846ba1a72): appendEntries Timeout, request=72f5ceaa-5b3b-4bc7-b846-41895f4ebd48->d3916bce-b37b-4246-83c6-d24846ba1a72#6488-t1, previous=(t:1, i:6417), leaderCommit=6415, initializing? false, entries: <empty>
2019-07-08 14:22:12,850 WARN  server.GrpcLogAppender (GrpcLogAppender.java:timeoutAppendRequest(200)) - GrpcLogAppender(72f5ceaa-5b3b-4bc7-b846-41895f4ebd48->b4e1f7d4-4bb4-47ed-a9cb-53483a899fb2): appendEntries Timeout, request=72f5ceaa-5b3b-4bc7-b846-41895f4ebd48->b4e1f7d4-4bb4-47ed-a9cb-53483a899fb2#6488-t1, previous=(t:1, i:6417), leaderCommit=6415, initializing? false, entries: <empty>
 0.00% |█                                                                                                    |  0/1 Time: 0:01:072019-07-08 14:22:13,130 WARN  server.GrpcLogAppender (GrpcLogAppender.java:onNextImpl(250)) - org.apache.ratis.grpc.server.GrpcLogAppender$AppendLogResponseHandler@6d456d04: Request not found, ignoring reply: 72f5ceaa-5b3b-4bc7-b846-41895f4ebd48<-b4e1f7d4-4bb4-47ed-a9cb-53483a899fb2#6486:OK,SUCCESS,nextIndex:6418,term:1,followerCommit:6416
2019-07-08 14:22:13,130 WARN  server.GrpcLogAppender (GrpcLogAppender.java:onNextImpl(250)) - org.apache.ratis.grpc.server.GrpcLogAppender$AppendLogResponseHandler@56d3bbe6: Request not found, ignoring reply: 72f5ceaa-5b3b-4bc7-b846-41895f4ebd48<-d3916bce-b37b-4246-83c6-d24846ba1a72#6486:OK,SUCCESS,nextIndex:6418,term:1,followerCommit:6416
2019-07-08 14:22:13,130 WARN  server.GrpcLogAppender (GrpcLogAppender.java:onNextImpl(250)) - org.apache.ratis.grpc.server.GrpcLogAppender$AppendLogResponseHandler@6d456d04: Request not found, ignoring reply: 72f5ceaa-5b3b-4bc7-b846-41895f4ebd48<-b4e1f7d4-4bb4-47ed-a9cb-53483a899fb2#6487:OK,SUCCESS,nextIndex:6418,term:1,followerCommit:6415
2019-07-08 14:22:13,130 WARN  server.GrpcLogAppender (GrpcLogAppender.java:onNextImpl(250)) - org.apache.ratis.grpc.server.GrpcLogAppender$AppendLogResponseHandler@56d3bbe6: Request not found, ignoring reply: 72f5ceaa-5b3b-4bc7-b846-41895f4ebd48<-d3916bce-b37b-4246-83c6-d24846ba1a72#6487:OK,SUCCESS,nextIndex:6418,term:1,followerCommit:6415
2019-07-08 14:22:13,130 WARN  server.GrpcLogAppender (GrpcLogAppender.java:onNextImpl(250)) - org.apache.ratis.grpc.server.GrpcLogAppender$AppendLogResponseHandler@6d456d04: Request not found, ignoring reply: 72f5ceaa-5b3b-4bc7-b846-41895f4ebd48<-b4e1f7d4-4bb4-47ed-a9cb-53483a899fb2#6488:OK,SUCCESS,nextIndex:6418,term:1,followerCommit:6415
2019-07-08 14:22:13,131 WARN  server.GrpcLogAppender (GrpcLogAppender.java:onNextImpl(250)) - org.apache.ratis.grpc.server.GrpcLogAppender$AppendLogResponseHandler@56d3bbe6: Request not found, ignoring reply: 72f5ceaa-5b3b-4bc7-b846-41895f4ebd48<-d3916bce-b37b-4246-83c6-d24846ba1a72#6488:OK,SUCCESS,nextIndex:6418,term:1,followerCommit:6415
2019-07-08 14:22:13,360 INFO  client.GrpcClientProtocolClient (GrpcClientProtocolClient.java:onNext(255)) - client-DE0880F50CF2->72f5ceaa-5b3b-4bc7-b846-41895f4ebd48: receive RaftClientReply:client-DE0880F50CF2->72f5ceaa-5b3b-4bc7-b846-41895f4ebd48@group-833AA35A7EDE, cid=4233, SUCCESS, logIndex=6418, commits[72f5ceaa-5b3b-4bc7-b846-41895f4ebd48:c6420, b4e1f7d4-4bb4-47ed-a9cb-53483a899fb2:c6416, d3916bce-b37b-4246-83c6-d24846ba1a72:c6416]
2019-07-08 14:22:13,361 INFO  client.GrpcClientProtocolClient (GrpcClientProtocolClient.java:onNext(255)) - client-DE0880F50CF2->72f5ceaa-5b3b-4bc7-b846-41895f4ebd48: receive RaftClientReply:client-DE0880F50CF2->72f5ceaa-5b3b-4bc7-b846-41895f4ebd48@group-833AA35A7EDE, cid=4234, SUCCESS, logIndex=6419, commits[72f5ceaa-5b3b-4bc7-b846-41895f4ebd48:c6421, b4e1f7d4-4bb4-47ed-a9cb-53483a899fb2:c6416, d3916bce-b37b-4246-83c6-d24846ba1a72:c6416]
2019-07-08 14:22:13,361 INFO  client.GrpcClientProtocolClient (GrpcClientProtocolClient.java:onNext(255)) - client-DE0880F50CF2->72f5ceaa-5b3b-4bc7-b846-41895f4ebd48: receive RaftClientReply:client-DE0880F50CF2->72f5ceaa-5b3b-4bc7-b846-41895f4ebd48@group-833AA35A7EDE, cid=4235, SUCCESS, logIndex=6420, commits[72f5ceaa-5b3b-4bc7-b846-41895f4ebd48:c6421, b4e1f7d4-4bb4-47ed-a9cb-53483a899fb2:c6416, d3916bce-b37b-4246-83c6-d24846ba1a72:c6416]
2019-07-08 14:22:13,362 INFO  client.GrpcClientProtocolClient (GrpcClientProtocolClient.java:onNext(255)) - client-DE0880F50CF2->72f5ceaa-5b3b-4bc7-b846-41895f4ebd48: receive RaftClientReply:client-DE0880F50CF2->72f5ceaa-5b3b-4bc7-b846-41895f4ebd48@group-833AA35A7EDE, cid=4236, SUCCESS, logIndex=6421, commits[72f5ceaa-5b3b-4bc7-b846-41895f4ebd48:c6421, b4e1f7d4-4bb4-47ed-a9cb-53483a899fb2:c6416, d3916bce-b37b-4246-83c6-d24846ba1a72:c6416]
 0.00% |█                                                                                                    |  0/1 Time: 0:01:082019-07-08 14:22:14,949 INFO  client.GrpcClientProtocolClient (GrpcClientProtocolClient.java:onNext(255)) - client-DE0880F50CF2->72f5ceaa-5b3b-4bc7-b846-41895f4ebd48: receive RaftClientReply:client-DE0880F50CF2->72f5ceaa-5b3b-4bc7-b846-41895f4ebd48@group-833AA35A7EDE, cid=4237, SUCCESS, logIndex=0, commits[72f5ceaa-5b3b-4bc7-b846-41895f4ebd48:c6421, b4e1f7d4-4bb4-47ed-a9cb-53483a899fb2:c6421, d3916bce-b37b-4246-83c6-d24846ba1a72:c6421]
 0.00% |█                                                                                                    |  0/1 Time: 0:01:092019-07-08 14:22:15,351 INFO  client.GrpcClientProtocolClient (GrpcClientProtocolClient.java:onNext(255)) - client-DE0880F50CF2->72f5ceaa-5b3b-4bc7-b846-41895f4ebd48: receive RaftClientReply:client-DE0880F50CF2->72f5ceaa-5b3b-4bc7-b846-41895f4ebd48@group-833AA35A7EDE, cid=4238, SUCCESS, logIndex=6426, commits[72f5ceaa-5b3b-4bc7-b846-41895f4ebd48:c6427, b4e1f7d4-4bb4-47ed-a9cb-53483a899fb2:c6421, d3916bce-b37b-4246-83c6-d24846ba1a72:c6421]
2019-07-08 14:22:15,351 INFO  client.GrpcClientProtocolClient (GrpcClientProtocolClient.java:onNext(255)) - client-DE0880F50CF2->72f5ceaa-5b3b-4bc7-b846-41895f4ebd48: receive RaftClientReply:client-DE0880F50CF2->72f5ceaa-5b3b-4bc7-b846-41895f4ebd48@group-833AA35A7EDE, cid=4239, SUCCESS, logIndex=6427, commits[72f5ceaa-5b3b-4bc7-b846-41895f4ebd48:c6427, b4e1f7d4-4bb4-47ed-a9cb-53483a899fb2:c6421, d3916bce-b37b-4246-83c6-d24846ba1a72:c6421]
 0.00% |█                                                                                                    |  0/1 Time: 0:01:10 0.00% |█                                                                                                    |  0/1 Time: 0:01:11 0.00% |█                                                                                                    |  0/1 Time: 0:01:122019-07-08 14:22:18,350 WARN  server.GrpcLogAppender (GrpcLogAppender.java:timeoutAppendRequest(200)) - GrpcLogAppender(72f5ceaa-5b3b-4bc7-b846-41895f4ebd48->b4e1f7d4-4bb4-47ed-a9cb-53483a899fb2): appendEntries Timeout, request=72f5ceaa-5b3b-4bc7-b846-41895f4ebd48->b4e1f7d4-4bb4-47ed-a9cb-53483a899fb2#6509-t1, previous=(t:1, i:6428), leaderCommit=6427, initializing? false, entries: size=1, first=(t:1, i:6429), METADATAENTRY(c6427)
2019-07-08 14:22:18,350 WARN  server.GrpcLogAppender (GrpcLogAppender.java:timeoutAppendRequest(200)) - GrpcLogAppender(72f5ceaa-5b3b-4bc7-b846-41895f4ebd48->d3916bce-b37b-4246-83c6-d24846ba1a72): appendEntries Timeout, request=72f5ceaa-5b3b-4bc7-b846-41895f4ebd48->d3916bce-b37b-4246-83c6-d24846ba1a72#6509-t1, previous=(t:1, i:6428), leaderCommit=6427, initializing? false, entries: size=1, first=(t:1, i:6429), METADATAENTRY(c6427)
2019-07-08 14:22:18,359 WARN  server.GrpcLogAppender (GrpcLogAppender.java:timeoutAppendRequest(200)) - GrpcLogAppender(72f5ceaa-5b3b-4bc7-b846-41895f4ebd48->b4e1f7d4-4bb4-47ed-a9cb-53483a899fb2): appendEntries Timeout, request=72f5ceaa-5b3b-4bc7-b846-41895f4ebd48->b4e1f7d4-4bb4-47ed-a9cb-53483a899fb2#6510-t1, previous=(t:1, i:6429), leaderCommit=6427, initializing? false, entries: size=1, first=(t:1, i:6430), STATEMACHINELOGENTRY, client-DE0880F50CF2, cid=4240
2019-07-08 14:22:18,359 WARN  server.GrpcLogAppender (GrpcLogAppender.java:timeoutAppendRequest(200)) - GrpcLogAppender(72f5ceaa-5b3b-4bc7-b846-41895f4ebd48->d3916bce-b37b-4246-83c6-d24846ba1a72): appendEntries Timeout, request=72f5ceaa-5b3b-4bc7-b846-41895f4ebd48->d3916bce-b37b-4246-83c6-d24846ba1a72#6510-t1, previous=(t:1, i:6429), leaderCommit=6427, initializing? false, entries: size=1, first=(t:1, i:6430), STATEMACHINELOGENTRY, client-DE0880F50CF2, cid=4240
2019-07-08 14:22:18,359 WARN  server.GrpcLogAppender (GrpcLogAppender.java:timeoutAppendRequest(200)) - GrpcLogAppender(72f5ceaa-5b3b-4bc7-b846-41895f4ebd48->b4e1f7d4-4bb4-47ed-a9cb-53483a899fb2): appendEntries Timeout, request=72f5ceaa-5b3b-4bc7-b846-41895f4ebd48->b4e1f7d4-4bb4-47ed-a9cb-53483a899fb2#6511-t1, previous=(t:1, i:6430), leaderCommit=6427, initializing? false, entries: size=1, first=(t:1, i:6431), STATEMACHINELOGENTRY, client-DE0880F50CF2, cid=4241
2019-07-08 14:22:18,360 WARN  server.GrpcLogAppender (GrpcLogAppender.java:timeoutAppendRequest(200)) - GrpcLogAppender(72f5ceaa-5b3b-4bc7-b846-41895f4ebd48->d3916bce-b37b-4246-83c6-d24846ba1a72): appendEntries Timeout, request=72f5ceaa-5b3b-4bc7-b846-41895f4ebd48->d3916bce-b37b-4246-83c6-d24846ba1a72#6511-t1, previous=(t:1, i:6430), leaderCommit=6427, initializing? false, entries: size=1, first=(t:1, i:6431), STATEMACHINELOGENTRY, client-DE0880F50CF2, cid=4241
2019-07-08 14:22:18,859 WARN  server.GrpcLogAppender (GrpcLogAppender.java:timeoutAppendRequest(200)) - GrpcLogAppender(72f5ceaa-5b3b-4bc7-b846-41895f4ebd48->b4e1f7d4-4bb4-47ed-a9cb-53483a899fb2): appendEntries Timeout, request=72f5ceaa-5b3b-4bc7-b846-41895f4ebd48->b4e1f7d4-4bb4-47ed-a9cb-53483a899fb2#6512-t1, previous=(t:1, i:6431), leaderCommit=6427, initializing? false, entries: <empty>
2019-07-08 14:22:18,859 WARN  server.GrpcLogAppender (GrpcLogAppender.java:timeoutAppendRequest(200)) - GrpcLogAppender(72f5ceaa-5b3b-4bc7-b846-41895f4ebd48->d3916bce-b37b-4246-83c6-d24846ba1a72): appendEntries Timeout, request=72f5ceaa-5b3b-4bc7-b846-41895f4ebd48->d3916bce-b37b-4246-83c6-d24846ba1a72#6512-t1, previous=(t:1, i:6431), leaderCommit=6427, initializing? false, entries: <empty>
 0.00% |█                                                                                                    |  0/1 Time: 0:01:132019-07-08 14:22:19,265 WARN  server.GrpcLogAppender (GrpcLogAppender.java:onNextImpl(250)) - org.apache.ratis.grpc.server.GrpcLogAppender$AppendLogResponseHandler@56d3bbe6: Request not found, ignoring reply: 72f5ceaa-5b3b-4bc7-b846-41895f4ebd48<-d3916bce-b37b-4246-83c6-d24846ba1a72#6509:OK,SUCCESS,nextIndex:6430,term:1,followerCommit:6428
2019-07-08 14:22:19,266 WARN  server.GrpcLogAppender (GrpcLogAppender.java:onNextImpl(250)) - org.apache.ratis.grpc.server.GrpcLogAppender$AppendLogResponseHandler@56d3bbe6: Request not found, ignoring reply: 72f5ceaa-5b3b-4bc7-b846-41895f4ebd48<-d3916bce-b37b-4246-83c6-d24846ba1a72#6510:OK,SUCCESS,nextIndex:6431,term:1,followerCommit:6428
2019-07-08 14:22:19,266 WARN  server.GrpcLogAppender (GrpcLogAppender.java:onNextImpl(250)) - org.apache.ratis.grpc.server.GrpcLogAppender$AppendLogResponseHandler@56d3bbe6: Request not found, ignoring reply: 72f5ceaa-5b3b-4bc7-b846-41895f4ebd48<-d3916bce-b37b-4246-83c6-d24846ba1a72#6511:OK,SUCCESS,nextIndex:6432,term:1,followerCommit:6428
2019-07-08 14:22:19,266 WARN  server.GrpcLogAppender (GrpcLogAppender.java:onNextImpl(250)) - org.apache.ratis.grpc.server.GrpcLogAppender$AppendLogResponseHandler@56d3bbe6: Request not found, ignoring reply: 72f5ceaa-5b3b-4bc7-b846-41895f4ebd48<-d3916bce-b37b-4246-83c6-d24846ba1a72#6512:OK,SUCCESS,nextIndex:6432,term:1,followerCommit:6427
2019-07-08 14:22:19,268 INFO  client.GrpcClientProtocolClient (GrpcClientProtocolClient.java:onNext(255)) - client-DE0880F50CF2->72f5ceaa-5b3b-4bc7-b846-41895f4ebd48: receive RaftClientReply:client-DE0880F50CF2->72f5ceaa-5b3b-4bc7-b846-41895f4ebd48@group-833AA35A7EDE, cid=4240, SUCCESS, logIndex=6430, commits[72f5ceaa-5b3b-4bc7-b846-41895f4ebd48:c6431, b4e1f7d4-4bb4-47ed-a9cb-53483a899fb2:c6427, d3916bce-b37b-4246-83c6-d24846ba1a72:c6428]
2019-07-08 14:22:19,269 INFO  client.GrpcClientProtocolClient (GrpcClientProtocolClient.java:onNext(255)) - client-DE0880F50CF2->72f5ceaa-5b3b-4bc7-b846-41895f4ebd48: receive RaftClientReply:client-DE0880F50CF2->72f5ceaa-5b3b-4bc7-b846-41895f4ebd48@group-833AA35A7EDE, cid=4241, SUCCESS, logIndex=6431, commits[72f5ceaa-5b3b-4bc7-b846-41895f4ebd48:c6431, b4e1f7d4-4bb4-47ed-a9cb-53483a899fb2:c6427, d3916bce-b37b-4246-83c6-d24846ba1a72:c6428]
2019-07-08 14:22:19,359 WARN  server.GrpcLogAppender (GrpcLogAppender.java:timeoutAppendRequest(200)) - GrpcLogAppender(72f5ceaa-5b3b-4bc7-b846-41895f4ebd48->b4e1f7d4-4bb4-47ed-a9cb-53483a899fb2): appendEntries Timeout, request=72f5ceaa-5b3b-4bc7-b846-41895f4ebd48->b4e1f7d4-4bb4-47ed-a9cb-53483a899fb2#6513-t1, previous=(t:1, i:6431), leaderCommit=6427, initializing? false, entries: <empty>
 0.00% |█                                                                                                    |  0/1 Time: 0:01:142019-07-08 14:22:20,304 WARN  server.GrpcLogAppender (GrpcLogAppender.java:timeoutAppendRequest(200)) - GrpcLogAppender(72f5ceaa-5b3b-4bc7-b846-41895f4ebd48->b4e1f7d4-4bb4-47ed-a9cb-53483a899fb2): appendEntries Timeout, request=72f5ceaa-5b3b-4bc7-b846-41895f4ebd48->b4e1f7d4-4bb4-47ed-a9cb-53483a899fb2#6514-t1, previous=(t:1, i:6431), leaderCommit=6428, initializing? false, entries: <empty>
2019-07-08 14:22:20,804 WARN  server.GrpcLogAppender (GrpcLogAppender.java:timeoutAppendRequest(200)) - GrpcLogAppender(72f5ceaa-5b3b-4bc7-b846-41895f4ebd48->b4e1f7d4-4bb4-47ed-a9cb-53483a899fb2): appendEntries Timeout, request=72f5ceaa-5b3b-4bc7-b846-41895f4ebd48->b4e1f7d4-4bb4-47ed-a9cb-53483a899fb2#6515-t1, previous=(t:1, i:6431), leaderCommit=6428, initializing? false, entries: <empty>
 0.00% |█                                                                                                    |  0/1 Time: 0:01:152019-07-08 14:22:21,016 WARN  server.GrpcLogAppender (GrpcLogAppender.java:onNextImpl(250)) - org.apache.ratis.grpc.server.GrpcLogAppender$AppendLogResponseHandler@6d456d04: Request not found, ignoring reply: 72f5ceaa-5b3b-4bc7-b846-41895f4ebd48<-b4e1f7d4-4bb4-47ed-a9cb-53483a899fb2#6509:OK,SUCCESS,nextIndex:6430,term:1,followerCommit:6428
2019-07-08 14:22:21,017 WARN  server.GrpcLogAppender (GrpcLogAppender.java:onNextImpl(250)) - org.apache.ratis.grpc.server.GrpcLogAppender$AppendLogResponseHandler@6d456d04: Request not found, ignoring reply: 72f5ceaa-5b3b-4bc7-b846-41895f4ebd48<-b4e1f7d4-4bb4-47ed-a9cb-53483a899fb2#6510:OK,SUCCESS,nextIndex:6431,term:1,followerCommit:6428
2019-07-08 14:22:21,017 WARN  server.GrpcLogAppender (GrpcLogAppender.java:onNextImpl(250)) - org.apache.ratis.grpc.server.GrpcLogAppender$AppendLogResponseHandler@6d456d04: Request not found, ignoring reply: 72f5ceaa-5b3b-4bc7-b846-41895f4ebd48<-b4e1f7d4-4bb4-47ed-a9cb-53483a899fb2#6511:OK,SUCCESS,nextIndex:6432,term:1,followerCommit:6428
2019-07-08 14:22:21,017 WARN  server.GrpcLogAppender (GrpcLogAppender.java:onNextImpl(250)) - org.apache.ratis.grpc.server.GrpcLogAppender$AppendLogResponseHandler@6d456d04: Request not found, ignoring reply: 72f5ceaa-5b3b-4bc7-b846-41895f4ebd48<-b4e1f7d4-4bb4-47ed-a9cb-53483a899fb2#6512:OK,SUCCESS,nextIndex:6432,term:1,followerCommit:6427
2019-07-08 14:22:21,017 WARN  server.GrpcLogAppender (GrpcLogAppender.java:onNextImpl(250)) - org.apache.ratis.grpc.server.GrpcLogAppender$AppendLogResponseHandler@6d456d04: Request not found, ignoring reply: 72f5ceaa-5b3b-4bc7-b846-41895f4ebd48<-b4e1f7d4-4bb4-47ed-a9cb-53483a899fb2#6513:OK,SUCCESS,nextIndex:6432,term:1,followerCommit:6427
2019-07-08 14:22:21,018 WARN  server.GrpcLogAppender (GrpcLogAppender.java:onNextImpl(250)) - org.apache.ratis.grpc.server.GrpcLogAppender$AppendLogResponseHandler@6d456d04: Request not found, ignoring reply: 72f5ceaa-5b3b-4bc7-b846-41895f4ebd48<-b4e1f7d4-4bb4-47ed-a9cb-53483a899fb2#6514:OK,SUCCESS,nextIndex:6432,term:1,followerCommit:6428
2019-07-08 14:22:21,018 WARN  server.GrpcLogAppender (GrpcLogAppender.java:onNextImpl(250)) - org.apache.ratis.grpc.server.GrpcLogAppender$AppendLogResponseHandler@6d456d04: Request not found, ignoring reply: 72f5ceaa-5b3b-4bc7-b846-41895f4ebd48<-b4e1f7d4-4bb4-47ed-a9cb-53483a899fb2#6515:OK,SUCCESS,nextIndex:6432,term:1,followerCommit:6428
 0.00% |█                                                                                                    |  0/1 Time: 0:01:162019-07-08 14:22:22,267 WARN  server.GrpcLogAppender (GrpcLogAppender.java:timeoutAppendRequest(200)) - GrpcLogAppender(72f5ceaa-5b3b-4bc7-b846-41895f4ebd48->b4e1f7d4-4bb4-47ed-a9cb-53483a899fb2): appendEntries Timeout, request=72f5ceaa-5b3b-4bc7-b846-41895f4ebd48->b4e1f7d4-4bb4-47ed-a9cb-53483a899fb2#6518-t1, previous=(t:1, i:6431), leaderCommit=6431, initializing? false, entries: size=1, first=(t:1, i:6432), METADATAENTRY(c6431)
2019-07-08 14:22:22,504 WARN  server.GrpcLogAppender (GrpcLogAppender.java:onNextImpl(250)) - org.apache.ratis.grpc.server.GrpcLogAppender$AppendLogResponseHandler@6d456d04: Request not found, ignoring reply: 72f5ceaa-5b3b-4bc7-b846-41895f4ebd48<-b4e1f7d4-4bb4-47ed-a9cb-53483a899fb2#6518:OK,SUCCESS,nextIndex:6433,term:1,followerCommit:6431
 0.00% |█                                                                                                    |  0/1 Time: 0:01:17 0.00% |█                                                                                                    |  0/1 Time: 0:01:182019-07-08 14:22:24,451 INFO  client.GrpcClientProtocolClient (GrpcClientProtocolClient.java:onNext(255)) - client-DE0880F50CF2->b4e1f7d4-4bb4-47ed-a9cb-53483a899fb2: receive RaftClientReply:client-DE0880F50CF2->b4e1f7d4-4bb4-47ed-a9cb-53483a899fb2@group-833AA35A7EDE, cid=4240, FAILED org.apache.ratis.protocol.NotLeaderException: Server b4e1f7d4-4bb4-47ed-a9cb-53483a899fb2 is not the leader (72f5ceaa-5b3b-4bc7-b846-41895f4ebd48:192.168.69.106:34861). Request must be sent to leader., logIndex=0, commits[b4e1f7d4-4bb4-47ed-a9cb-53483a899fb2:c6432, 72f5ceaa-5b3b-4bc7-b846-41895f4ebd48:c6432, d3916bce-b37b-4246-83c6-d24846ba1a72:c6432]
2019-07-08 14:22:24,488 INFO  client.GrpcClientProtocolClient (GrpcClientProtocolClient.java:onNext(255)) - client-DE0880F50CF2->72f5ceaa-5b3b-4bc7-b846-41895f4ebd48: receive RaftClientReply:client-DE0880F50CF2->72f5ceaa-5b3b-4bc7-b846-41895f4ebd48@group-833AA35A7EDE, cid=4240, SUCCESS, logIndex=6430, commits[72f5ceaa-5b3b-4bc7-b846-41895f4ebd48:c6431, b4e1f7d4-4bb4-47ed-a9cb-53483a899fb2:c6427, d3916bce-b37b-4246-83c6-d24846ba1a72:c6428]
2019-07-08 14:22:24,497 INFO  client.GrpcClientProtocolClient (GrpcClientProtocolClient.java:onNext(255)) - client-DE0880F50CF2->72f5ceaa-5b3b-4bc7-b846-41895f4ebd48: receive RaftClientReply:client-DE0880F50CF2->72f5ceaa-5b3b-4bc7-b846-41895f4ebd48@group-833AA35A7EDE, cid=4241, SUCCESS, logIndex=6431, commits[72f5ceaa-5b3b-4bc7-b846-41895f4ebd48:c6431, b4e1f7d4-4bb4-47ed-a9cb-53483a899fb2:c6427, d3916bce-b37b-4246-83c6-d24846ba1a72:c6428]
2019-07-08 14:22:24,504 INFO  client.GrpcClientProtocolClient (GrpcClientProtocolClient.java:onNext(255)) - client-DE0880F50CF2->72f5ceaa-5b3b-4bc7-b846-41895f4ebd48: receive RaftClientReply:client-DE0880F50CF2->72f5ceaa-5b3b-4bc7-b846-41895f4ebd48@group-833AA35A7EDE, cid=4242, SUCCESS, logIndex=0, commits[72f5ceaa-5b3b-4bc7-b846-41895f4ebd48:c6432, b4e1f7d4-4bb4-47ed-a9cb-53483a899fb2:c6432, d3916bce-b37b-4246-83c6-d24846ba1a72:c6432]
2019-07-08 14:22:24,567 INFO  client.GrpcClientProtocolClient (GrpcClientProtocolClient.java:onNext(255)) - client-04B576D36E1C->d3916bce-b37b-4246-83c6-d24846ba1a72: receive RaftClientReply:client-04B576D36E1C->d3916bce-b37b-4246-83c6-d24846ba1a72@group-833AA35A7EDE, cid=4243, FAILED org.apache.ratis.protocol.NotLeaderException: Server d3916bce-b37b-4246-83c6-d24846ba1a72 is not the leader (72f5ceaa-5b3b-4bc7-b846-41895f4ebd48:192.168.69.106:34861). Request must be sent to leader., logIndex=0, commits[d3916bce-b37b-4246-83c6-d24846ba1a72:c6432, b4e1f7d4-4bb4-47ed-a9cb-53483a899fb2:c6432, 72f5ceaa-5b3b-4bc7-b846-41895f4ebd48:c6432]
 0.00% |█                                                                                                    |  0/1 Time: 0:01:19 0.00% |█                                                                                                    |  0/1 Time: 0:01:20 0.00% |█                                                                                                    |  0/1 Time: 0:01:212019-07-08 14:22:27,323 INFO  client.GrpcClientProtocolClient (GrpcClientProtocolClient.java:onNext(255)) - client-04B576D36E1C->72f5ceaa-5b3b-4bc7-b846-41895f4ebd48: receive RaftClientReply:client-04B576D36E1C->72f5ceaa-5b3b-4bc7-b846-41895f4ebd48@group-833AA35A7EDE, cid=4243, SUCCESS, logIndex=6433, commits[72f5ceaa-5b3b-4bc7-b846-41895f4ebd48:c6433, b4e1f7d4-4bb4-47ed-a9cb-53483a899fb2:c6432, d3916bce-b37b-4246-83c6-d24846ba1a72:c6432]
2019-07-08 14:22:27,766 INFO  client.GrpcClientProtocolClient (GrpcClientProtocolClient.java:onNext(255)) - client-04B576D36E1C->72f5ceaa-5b3b-4bc7-b846-41895f4ebd48: receive RaftClientReply:client-04B576D36E1C->72f5ceaa-5b3b-4bc7-b846-41895f4ebd48@group-833AA35A7EDE, cid=4244, SUCCESS, logIndex=6435, commits[72f5ceaa-5b3b-4bc7-b846-41895f4ebd48:c6435, b4e1f7d4-4bb4-47ed-a9cb-53483a899fb2:c6433, d3916bce-b37b-4246-83c6-d24846ba1a72:c6433]
2019-07-08 14:22:27,768 INFO  client.GrpcClientProtocolClient (GrpcClientProtocolClient.java:onNext(255)) - client-04B576D36E1C->72f5ceaa-5b3b-4bc7-b846-41895f4ebd48: receive RaftClientReply:client-04B576D36E1C->72f5ceaa-5b3b-4bc7-b846-41895f4ebd48@group-833AA35A7EDE, cid=4245, SUCCESS, logIndex=6436, commits[72f5ceaa-5b3b-4bc7-b846-41895f4ebd48:c6437, b4e1f7d4-4bb4-47ed-a9cb-53483a899fb2:c6433, d3916bce-b37b-4246-83c6-d24846ba1a72:c6433]
2019-07-08 14:22:27,769 INFO  client.GrpcClientProtocolClient (GrpcClientProtocolClient.java:onNext(255)) - client-04B576D36E1C->72f5ceaa-5b3b-4bc7-b846-41895f4ebd48: receive RaftClientReply:client-04B576D36E1C->72f5ceaa-5b3b-4bc7-b846-41895f4ebd48@group-833AA35A7EDE, cid=4246, SUCCESS, logIndex=6437, commits[72f5ceaa-5b3b-4bc7-b846-41895f4ebd48:c6438, b4e1f7d4-4bb4-47ed-a9cb-53483a899fb2:c6433, d3916bce-b37b-4246-83c6-d24846ba1a72:c6434]
 0.00% |█                                                                                                    |  0/1 Time: 0:01:22 0.00% |█                                                                                                    |  0/1 Time: 0:01:23 0.00% |█                                                                                                    |  0/1 Time: 0:01:242019-07-08 14:22:30,763 WARN  server.GrpcLogAppender (GrpcLogAppender.java:timeoutAppendRequest(200)) - GrpcLogAppender(72f5ceaa-5b3b-4bc7-b846-41895f4ebd48->d3916bce-b37b-4246-83c6-d24846ba1a72): appendEntries Timeout, request=72f5ceaa-5b3b-4bc7-b846-41895f4ebd48->d3916bce-b37b-4246-83c6-d24846ba1a72#6539-t1, previous=(t:1, i:6438), leaderCommit=6437, initializing? false, entries: size=1, first=(t:1, i:6439), METADATAENTRY(c6436)
2019-07-08 14:22:30,763 WARN  server.GrpcLogAppender (GrpcLogAppender.java:timeoutAppendRequest(200)) - GrpcLogAppender(72f5ceaa-5b3b-4bc7-b846-41895f4ebd48->b4e1f7d4-4bb4-47ed-a9cb-53483a899fb2): appendEntries Timeout, request=72f5ceaa-5b3b-4bc7-b846-41895f4ebd48->b4e1f7d4-4bb4-47ed-a9cb-53483a899fb2#6538-t1, previous=(t:1, i:6438), leaderCommit=6437, initializing? false, entries: size=1, first=(t:1, i:6439), METADATAENTRY(c6436)
2019-07-08 14:22:30,763 WARN  server.GrpcLogAppender (GrpcLogAppender.java:timeoutAppendRequest(200)) - GrpcLogAppender(72f5ceaa-5b3b-4bc7-b846-41895f4ebd48->d3916bce-b37b-4246-83c6-d24846ba1a72): appendEntries Timeout, request=72f5ceaa-5b3b-4bc7-b846-41895f4ebd48->d3916bce-b37b-4246-83c6-d24846ba1a72#6540-t1, previous=(t:1, i:6439), leaderCommit=6437, initializing? false, entries: size=1, first=(t:1, i:6440), METADATAENTRY(c6437)
2019-07-08 14:22:30,763 WARN  server.GrpcLogAppender (GrpcLogAppender.java:timeoutAppendRequest(200)) - GrpcLogAppender(72f5ceaa-5b3b-4bc7-b846-41895f4ebd48->b4e1f7d4-4bb4-47ed-a9cb-53483a899fb2): appendEntries Timeout, request=72f5ceaa-5b3b-4bc7-b846-41895f4ebd48->b4e1f7d4-4bb4-47ed-a9cb-53483a899fb2#6539-t1, previous=(t:1, i:6439), leaderCommit=6437, initializing? false, entries: size=1, first=(t:1, i:6440), METADATAENTRY(c6437)
2019-07-08 14:22:31,014 WARN  server.GrpcLogAppender (GrpcLogAppender.java:onNextImpl(250)) - org.apache.ratis.grpc.server.GrpcLogAppender$AppendLogResponseHandler@56d3bbe6: Request not found, ignoring reply: 72f5ceaa-5b3b-4bc7-b846-41895f4ebd48<-d3916bce-b37b-4246-83c6-d24846ba1a72#6539:OK,SUCCESS,nextIndex:6440,term:1,followerCommit:6438
2019-07-08 14:22:31,014 WARN  server.GrpcLogAppender (GrpcLogAppender.java:onNextImpl(250)) - org.apache.ratis.grpc.server.GrpcLogAppender$AppendLogResponseHandler@6d456d04: Request not found, ignoring reply: 72f5ceaa-5b3b-4bc7-b846-41895f4ebd48<-b4e1f7d4-4bb4-47ed-a9cb-53483a899fb2#6538:OK,SUCCESS,nextIndex:6440,term:1,followerCommit:6438
 0.00% |█                                                                                                    |  0/1 Time: 0:01:252019-07-08 14:22:31,267 WARN  server.GrpcLogAppender (GrpcLogAppender.java:timeoutAppendRequest(200)) - GrpcLogAppender(72f5ceaa-5b3b-4bc7-b846-41895f4ebd48->d3916bce-b37b-4246-83c6-d24846ba1a72): appendEntries Timeout, request=72f5ceaa-5b3b-4bc7-b846-41895f4ebd48->d3916bce-b37b-4246-83c6-d24846ba1a72#6541-t1, previous=(t:1, i:6440), leaderCommit=6438, initializing? false, entries: <empty>
2019-07-08 14:22:31,268 WARN  server.GrpcLogAppender (GrpcLogAppender.java:timeoutAppendRequest(200)) - GrpcLogAppender(72f5ceaa-5b3b-4bc7-b846-41895f4ebd48->b4e1f7d4-4bb4-47ed-a9cb-53483a899fb2): appendEntries Timeout, request=72f5ceaa-5b3b-4bc7-b846-41895f4ebd48->b4e1f7d4-4bb4-47ed-a9cb-53483a899fb2#6540-t1, previous=(t:1, i:6440), leaderCommit=6438, initializing? false, entries: <empty>
2019-07-08 14:22:31,767 WARN  server.GrpcLogAppender (GrpcLogAppender.java:timeoutAppendRequest(200)) - GrpcLogAppender(72f5ceaa-5b3b-4bc7-b846-41895f4ebd48->d3916bce-b37b-4246-83c6-d24846ba1a72): appendEntries Timeout, request=72f5ceaa-5b3b-4bc7-b846-41895f4ebd48->d3916bce-b37b-4246-83c6-d24846ba1a72#6542-t1, previous=(t:1, i:6440), leaderCommit=6438, initializing? false, entries: <empty>
2019-07-08 14:22:31,771 WARN  server.GrpcLogAppender (GrpcLogAppender.java:timeoutAppendRequest(200)) - GrpcLogAppender(72f5ceaa-5b3b-4bc7-b846-41895f4ebd48->b4e1f7d4-4bb4-47ed-a9cb-53483a899fb2): appendEntries Timeout, request=72f5ceaa-5b3b-4bc7-b846-41895f4ebd48->b4e1f7d4-4bb4-47ed-a9cb-53483a899fb2#6541-t1, previous=(t:1, i:6440), leaderCommit=6438, initializing? false, entries: <empty>
 0.00% |█                                                                                                    |  0/1 Time: 0:01:262019-07-08 14:22:32,267 WARN  server.GrpcLogAppender (GrpcLogAppender.java:timeoutAppendRequest(200)) - GrpcLogAppender(72f5ceaa-5b3b-4bc7-b846-41895f4ebd48->d3916bce-b37b-4246-83c6-d24846ba1a72): appendEntries Timeout, request=72f5ceaa-5b3b-4bc7-b846-41895f4ebd48->d3916bce-b37b-4246-83c6-d24846ba1a72#6543-t1, previous=(t:1, i:6440), leaderCommit=6438, initializing? false, entries: <empty>
2019-07-08 14:22:32,271 WARN  server.GrpcLogAppender (GrpcLogAppender.java:timeoutAppendRequest(200)) - GrpcLogAppender(72f5ceaa-5b3b-4bc7-b846-41895f4ebd48->b4e1f7d4-4bb4-47ed-a9cb-53483a899fb2): appendEntries Timeout, request=72f5ceaa-5b3b-4bc7-b846-41895f4ebd48->b4e1f7d4-4bb4-47ed-a9cb-53483a899fb2#6542-t1, previous=(t:1, i:6440), leaderCommit=6438, initializing? false, entries: <empty>
2019-07-08 14:22:32,767 WARN  server.GrpcLogAppender (GrpcLogAppender.java:timeoutAppendRequest(200)) - GrpcLogAppender(72f5ceaa-5b3b-4bc7-b846-41895f4ebd48->d3916bce-b37b-4246-83c6-d24846ba1a72): appendEntries Timeout, request=72f5ceaa-5b3b-4bc7-b846-41895f4ebd48->d3916bce-b37b-4246-83c6-d24846ba1a72#6544-t1, previous=(t:1, i:6440), leaderCommit=6438, initializing? false, entries: <empty>
2019-07-08 14:22:32,771 WARN  server.GrpcLogAppender (GrpcLogAppender.java:timeoutAppendRequest(200)) - GrpcLogAppender(72f5ceaa-5b3b-4bc7-b846-41895f4ebd48->b4e1f7d4-4bb4-47ed-a9cb-53483a899fb2): appendEntries Timeout, request=72f5ceaa-5b3b-4bc7-b846-41895f4ebd48->b4e1f7d4-4bb4-47ed-a9cb-53483a899fb2#6543-t1, previous=(t:1, i:6440), leaderCommit=6438, initializing? false, entries: <empty>
2019-07-08 14:22:32,772 WARN  scm.XceiverClientRatis (XceiverClientRatis.java:watchForCommit(262)) - 3 way commit failed 
java.util.concurrent.TimeoutException
	at java.util.concurrent.CompletableFuture.timedGet(CompletableFuture.java:1771)
	at java.util.concurrent.CompletableFuture.get(CompletableFuture.java:1915)
	at org.apache.hadoop.hdds.scm.XceiverClientRatis.watchForCommit(XceiverClientRatis.java:259)
	at org.apache.hadoop.hdds.scm.storage.CommitWatcher.watchForCommit(CommitWatcher.java:194)
	at org.apache.hadoop.hdds.scm.storage.CommitWatcher.watchOnFirstIndex(CommitWatcher.java:135)
	at org.apache.hadoop.hdds.scm.storage.BlockOutputStream.watchForCommit(BlockOutputStream.java:355)
	at org.apache.hadoop.hdds.scm.storage.BlockOutputStream.handleFullBuffer(BlockOutputStream.java:332)
	at org.apache.hadoop.hdds.scm.storage.BlockOutputStream.write(BlockOutputStream.java:259)
	at org.apache.hadoop.ozone.client.io.BlockOutputStreamEntry.write(BlockOutputStreamEntry.java:129)
	at org.apache.hadoop.ozone.client.io.KeyOutputStream.handleWrite(KeyOutputStream.java:211)
	at org.apache.hadoop.ozone.client.io.KeyOutputStream.write(KeyOutputStream.java:193)
	at org.apache.hadoop.ozone.client.io.OzoneOutputStream.write(OzoneOutputStream.java:49)
	at org.apache.hadoop.ozone.freon.RandomKeyGenerator$KeyProcessor.run(RandomKeyGenerator.java:693)
	at java.util.concurrent.Executors$RunnableAdapter.call(Executors.java:511)
	at java.util.concurrent.FutureTask.run(FutureTask.java:266)
	at java.util.concurrent.ThreadPoolExecutor.runWorker(ThreadPoolExecutor.java:1149)
	at java.util.concurrent.ThreadPoolExecutor$Worker.run(ThreadPoolExecutor.java:624)
	at java.lang.Thread.run(Thread.java:748)
 0.00% |█                                                                                                    |  0/1 Time: 0:01:272019-07-08 14:22:33,180 WARN  server.GrpcLogAppender (GrpcLogAppender.java:onNextImpl(250)) - org.apache.ratis.grpc.server.GrpcLogAppender$AppendLogResponseHandler@6d456d04: Request not found, ignoring reply: 72f5ceaa-5b3b-4bc7-b846-41895f4ebd48<-b4e1f7d4-4bb4-47ed-a9cb-53483a899fb2#6539:OK,SUCCESS,nextIndex:6441,term:1,followerCommit:6438
2019-07-08 14:22:33,180 WARN  server.GrpcLogAppender (GrpcLogAppender.java:onNextImpl(250)) - org.apache.ratis.grpc.server.GrpcLogAppender$AppendLogResponseHandler@6d456d04: Request not found, ignoring reply: 72f5ceaa-5b3b-4bc7-b846-41895f4ebd48<-b4e1f7d4-4bb4-47ed-a9cb-53483a899fb2#6540:OK,SUCCESS,nextIndex:6441,term:1,followerCommit:6438
2019-07-08 14:22:33,181 WARN  server.GrpcLogAppender (GrpcLogAppender.java:onNextImpl(250)) - org.apache.ratis.grpc.server.GrpcLogAppender$AppendLogResponseHandler@56d3bbe6: Request not found, ignoring reply: 72f5ceaa-5b3b-4bc7-b846-41895f4ebd48<-d3916bce-b37b-4246-83c6-d24846ba1a72#6540:OK,SUCCESS,nextIndex:6441,term:1,followerCommit:6438
2019-07-08 14:22:33,181 WARN  server.GrpcLogAppender (GrpcLogAppender.java:onNextImpl(250)) - org.apache.ratis.grpc.server.GrpcLogAppender$AppendLogResponseHandler@6d456d04: Request not found, ignoring reply: 72f5ceaa-5b3b-4bc7-b846-41895f4ebd48<-b4e1f7d4-4bb4-47ed-a9cb-53483a899fb2#6541:OK,SUCCESS,nextIndex:6441,term:1,followerCommit:6438
2019-07-08 14:22:33,181 WARN  server.GrpcLogAppender (GrpcLogAppender.java:onNextImpl(250)) - org.apache.ratis.grpc.server.GrpcLogAppender$AppendLogResponseHandler@56d3bbe6: Request not found, ignoring reply: 72f5ceaa-5b3b-4bc7-b846-41895f4ebd48<-d3916bce-b37b-4246-83c6-d24846ba1a72#6541:OK,SUCCESS,nextIndex:6441,term:1,followerCommit:6438
2019-07-08 14:22:33,181 WARN  server.GrpcLogAppender (GrpcLogAppender.java:onNextImpl(250)) - org.apache.ratis.grpc.server.GrpcLogAppender$AppendLogResponseHandler@6d456d04: Request not found, ignoring reply: 72f5ceaa-5b3b-4bc7-b846-41895f4ebd48<-b4e1f7d4-4bb4-47ed-a9cb-53483a899fb2#6542:OK,SUCCESS,nextIndex:6441,term:1,followerCommit:6438
2019-07-08 14:22:33,181 WARN  server.GrpcLogAppender (GrpcLogAppender.java:onNextImpl(250)) - org.apache.ratis.grpc.server.GrpcLogAppender$AppendLogResponseHandler@56d3bbe6: Request not found, ignoring reply: 72f5ceaa-5b3b-4bc7-b846-41895f4ebd48<-d3916bce-b37b-4246-83c6-d24846ba1a72#6542:OK,SUCCESS,nextIndex:6441,term:1,followerCommit:6438
2019-07-08 14:22:33,181 WARN  server.GrpcLogAppender (GrpcLogAppender.java:onNextImpl(250)) - org.apache.ratis.grpc.server.GrpcLogAppender$AppendLogResponseHandler@6d456d04: Request not found, ignoring reply: 72f5ceaa-5b3b-4bc7-b846-41895f4ebd48<-b4e1f7d4-4bb4-47ed-a9cb-53483a899fb2#6543:OK,SUCCESS,nextIndex:6441,term:1,followerCommit:6438
2019-07-08 14:22:33,182 WARN  server.GrpcLogAppender (GrpcLogAppender.java:onNextImpl(250)) - org.apache.ratis.grpc.server.GrpcLogAppender$AppendLogResponseHandler@56d3bbe6: Request not found, ignoring reply: 72f5ceaa-5b3b-4bc7-b846-41895f4ebd48<-d3916bce-b37b-4246-83c6-d24846ba1a72#6543:OK,SUCCESS,nextIndex:6441,term:1,followerCommit:6438
2019-07-08 14:22:33,182 WARN  server.GrpcLogAppender (GrpcLogAppender.java:onNextImpl(250)) - org.apache.ratis.grpc.server.GrpcLogAppender$AppendLogResponseHandler@56d3bbe6: Request not found, ignoring reply: 72f5ceaa-5b3b-4bc7-b846-41895f4ebd48<-d3916bce-b37b-4246-83c6-d24846ba1a72#6544:OK,SUCCESS,nextIndex:6441,term:1,followerCommit:6438
2019-07-08 14:22:33,185 INFO  client.GrpcClientProtocolClient (GrpcClientProtocolClient.java:onNext(255)) - client-04B576D36E1C->72f5ceaa-5b3b-4bc7-b846-41895f4ebd48: receive RaftClientReply:client-04B576D36E1C->72f5ceaa-5b3b-4bc7-b846-41895f4ebd48@group-833AA35A7EDE, cid=4248, SUCCESS, logIndex=0, commits[72f5ceaa-5b3b-4bc7-b846-41895f4ebd48:c6438, b4e1f7d4-4bb4-47ed-a9cb-53483a899fb2:c6438, d3916bce-b37b-4246-83c6-d24846ba1a72:c6434]
2019-07-08 14:22:33,186 INFO  client.GrpcClientProtocolClient (GrpcClientProtocolClient.java:onNext(255)) - client-04B576D36E1C->72f5ceaa-5b3b-4bc7-b846-41895f4ebd48: receive RaftClientReply:client-04B576D36E1C->72f5ceaa-5b3b-4bc7-b846-41895f4ebd48@group-833AA35A7EDE, cid=4247, SUCCESS, logIndex=0, commits[72f5ceaa-5b3b-4bc7-b846-41895f4ebd48:c6440, b4e1f7d4-4bb4-47ed-a9cb-53483a899fb2:c6438, d3916bce-b37b-4246-83c6-d24846ba1a72:c6438]
2019-07-08 14:22:33,186 INFO  client.GrpcClientProtocolClient (GrpcClientProtocolClient.java:onNext(255)) - client-04B576D36E1C->72f5ceaa-5b3b-4bc7-b846-41895f4ebd48: receive RaftClientReply:client-04B576D36E1C->72f5ceaa-5b3b-4bc7-b846-41895f4ebd48@group-833AA35A7EDE, cid=4247, SUCCESS, logIndex=0, commits[72f5ceaa-5b3b-4bc7-b846-41895f4ebd48:c6440, b4e1f7d4-4bb4-47ed-a9cb-53483a899fb2:c6438, d3916bce-b37b-4246-83c6-d24846ba1a72:c6438]
2019-07-08 14:22:33,188 INFO  scm.XceiverClientRatis (XceiverClientRatis.java:lambda$watchForCommit$7(280)) - Could not commit 6435 to all the nodes. Server d3916bce-b37b-4246-83c6-d24846ba1a72 has failed. Committed by majority.
 0.00% |█                                                                                                    |  0/1 Time: 0:01:28 0.00% |█                                                                                                    |  0/1 Time: 0:01:292019-07-08 14:22:35,211 INFO  client.GrpcClientProtocolClient (GrpcClientProtocolClient.java:onNext(255)) - client-04B576D36E1C->72f5ceaa-5b3b-4bc7-b846-41895f4ebd48: receive RaftClientReply:client-04B576D36E1C->72f5ceaa-5b3b-4bc7-b846-41895f4ebd48@group-833AA35A7EDE, cid=4249, SUCCESS, logIndex=6441, commits[72f5ceaa-5b3b-4bc7-b846-41895f4ebd48:c6442, b4e1f7d4-4bb4-47ed-a9cb-53483a899fb2:c6440, d3916bce-b37b-4246-83c6-d24846ba1a72:c6438]
2019-07-08 14:22:35,211 INFO  client.GrpcClientProtocolClient (GrpcClientProtocolClient.java:onNext(255)) - client-04B576D36E1C->72f5ceaa-5b3b-4bc7-b846-41895f4ebd48: receive RaftClientReply:client-04B576D36E1C->72f5ceaa-5b3b-4bc7-b846-41895f4ebd48@group-833AA35A7EDE, cid=4250, SUCCESS, logIndex=6442, commits[72f5ceaa-5b3b-4bc7-b846-41895f4ebd48:c6442, b4e1f7d4-4bb4-47ed-a9cb-53483a899fb2:c6440, d3916bce-b37b-4246-83c6-d24846ba1a72:c6440]
 0.00% |█                                                                                                    |  0/1 Time: 0:01:30 0.00% |█                                                                                                    |  0/1 Time: 0:01:31 0.00% |█                                                                                                    |  0/1 Time: 0:01:322019-07-08 14:22:38,209 WARN  server.GrpcLogAppender (GrpcLogAppender.java:timeoutAppendRequest(200)) - GrpcLogAppender(72f5ceaa-5b3b-4bc7-b846-41895f4ebd48->b4e1f7d4-4bb4-47ed-a9cb-53483a899fb2): appendEntries Timeout, request=72f5ceaa-5b3b-4bc7-b846-41895f4ebd48->b4e1f7d4-4bb4-47ed-a9cb-53483a899fb2#6556-t1, previous=(t:1, i:6442), leaderCommit=6442, initializing? false, entries: size=1, first=(t:1, i:6443), METADATAENTRY(c6442)
2019-07-08 14:22:38,209 WARN  server.GrpcLogAppender (GrpcLogAppender.java:timeoutAppendRequest(200)) - GrpcLogAppender(72f5ceaa-5b3b-4bc7-b846-41895f4ebd48->d3916bce-b37b-4246-83c6-d24846ba1a72): appendEntries Timeout, request=72f5ceaa-5b3b-4bc7-b846-41895f4ebd48->d3916bce-b37b-4246-83c6-d24846ba1a72#6557-t1, previous=(t:1, i:6442), leaderCommit=6442, initializing? false, entries: size=1, first=(t:1, i:6443), METADATAENTRY(c6442)
2019-07-08 14:22:38,219 WARN  server.GrpcLogAppender (GrpcLogAppender.java:timeoutAppendRequest(200)) - GrpcLogAppender(72f5ceaa-5b3b-4bc7-b846-41895f4ebd48->b4e1f7d4-4bb4-47ed-a9cb-53483a899fb2): appendEntries Timeout, request=72f5ceaa-5b3b-4bc7-b846-41895f4ebd48->b4e1f7d4-4bb4-47ed-a9cb-53483a899fb2#6557-t1, previous=(t:1, i:6443), leaderCommit=6442, initializing? false, entries: size=1, first=(t:1, i:6444), STATEMACHINELOGENTRY, client-04B576D36E1C, cid=4251
2019-07-08 14:22:38,219 WARN  server.GrpcLogAppender (GrpcLogAppender.java:timeoutAppendRequest(200)) - GrpcLogAppender(72f5ceaa-5b3b-4bc7-b846-41895f4ebd48->d3916bce-b37b-4246-83c6-d24846ba1a72): appendEntries Timeout, request=72f5ceaa-5b3b-4bc7-b846-41895f4ebd48->d3916bce-b37b-4246-83c6-d24846ba1a72#6558-t1, previous=(t:1, i:6443), leaderCommit=6442, initializing? false, entries: size=1, first=(t:1, i:6444), STATEMACHINELOGENTRY, client-04B576D36E1C, cid=4251
2019-07-08 14:22:38,219 WARN  server.GrpcLogAppender (GrpcLogAppender.java:timeoutAppendRequest(200)) - GrpcLogAppender(72f5ceaa-5b3b-4bc7-b846-41895f4ebd48->b4e1f7d4-4bb4-47ed-a9cb-53483a899fb2): appendEntries Timeout, request=72f5ceaa-5b3b-4bc7-b846-41895f4ebd48->b4e1f7d4-4bb4-47ed-a9cb-53483a899fb2#6558-t1, previous=(t:1, i:6444), leaderCommit=6442, initializing? false, entries: size=1, first=(t:1, i:6445), STATEMACHINELOGENTRY, client-04B576D36E1C, cid=4252
2019-07-08 14:22:38,219 WARN  server.GrpcLogAppender (GrpcLogAppender.java:timeoutAppendRequest(200)) - GrpcLogAppender(72f5ceaa-5b3b-4bc7-b846-41895f4ebd48->d3916bce-b37b-4246-83c6-d24846ba1a72): appendEntries Timeout, request=72f5ceaa-5b3b-4bc7-b846-41895f4ebd48->d3916bce-b37b-4246-83c6-d24846ba1a72#6559-t1, previous=(t:1, i:6444), leaderCommit=6442, initializing? false, entries: size=1, first=(t:1, i:6445), STATEMACHINELOGENTRY, client-04B576D36E1C, cid=4252
2019-07-08 14:22:38,576 WARN  server.GrpcLogAppender (GrpcLogAppender.java:onNextImpl(250)) - org.apache.ratis.grpc.server.GrpcLogAppender$AppendLogResponseHandler@6d456d04: Request not found, ignoring reply: 72f5ceaa-5b3b-4bc7-b846-41895f4ebd48<-b4e1f7d4-4bb4-47ed-a9cb-53483a899fb2#6556:OK,SUCCESS,nextIndex:6444,term:1,followerCommit:6442
2019-07-08 14:22:38,576 WARN  server.GrpcLogAppender (GrpcLogAppender.java:onNextImpl(250)) - org.apache.ratis.grpc.server.GrpcLogAppender$AppendLogResponseHandler@56d3bbe6: Request not found, ignoring reply: 72f5ceaa-5b3b-4bc7-b846-41895f4ebd48<-d3916bce-b37b-4246-83c6-d24846ba1a72#6557:OK,SUCCESS,nextIndex:6444,term:1,followerCommit:6442
2019-07-08 14:22:38,719 WARN  server.GrpcLogAppender (GrpcLogAppender.java:timeoutAppendRequest(200)) - GrpcLogAppender(72f5ceaa-5b3b-4bc7-b846-41895f4ebd48->b4e1f7d4-4bb4-47ed-a9cb-53483a899fb2): appendEntries Timeout, request=72f5ceaa-5b3b-4bc7-b846-41895f4ebd48->b4e1f7d4-4bb4-47ed-a9cb-53483a899fb2#6559-t1, previous=(t:1, i:6445), leaderCommit=6442, initializing? false, entries: <empty>
2019-07-08 14:22:38,720 WARN  server.GrpcLogAppender (GrpcLogAppender.java:timeoutAppendRequest(200)) - GrpcLogAppender(72f5ceaa-5b3b-4bc7-b846-41895f4ebd48->d3916bce-b37b-4246-83c6-d24846ba1a72): appendEntries Timeout, request=72f5ceaa-5b3b-4bc7-b846-41895f4ebd48->d3916bce-b37b-4246-83c6-d24846ba1a72#6560-t1, previous=(t:1, i:6445), leaderCommit=6442, initializing? false, entries: <empty>
2019-07-08 14:22:38,741 WARN  server.GrpcLogAppender (GrpcLogAppender.java:onNextImpl(250)) - org.apache.ratis.grpc.server.GrpcLogAppender$AppendLogResponseHandler@56d3bbe6: Request not found, ignoring reply: 72f5ceaa-5b3b-4bc7-b846-41895f4ebd48<-d3916bce-b37b-4246-83c6-d24846ba1a72#6558:OK,SUCCESS,nextIndex:6445,term:1,followerCommit:6442
2019-07-08 14:22:38,741 WARN  server.GrpcLogAppender (GrpcLogAppender.java:onNextImpl(250)) - org.apache.ratis.grpc.server.GrpcLogAppender$AppendLogResponseHandler@6d456d04: Request not found, ignoring reply: 72f5ceaa-5b3b-4bc7-b846-41895f4ebd48<-b4e1f7d4-4bb4-47ed-a9cb-53483a899fb2#6557:OK,SUCCESS,nextIndex:6445,term:1,followerCommit:6442
2019-07-08 14:22:38,741 WARN  server.GrpcLogAppender (GrpcLogAppender.java:onNextImpl(250)) - org.apache.ratis.grpc.server.GrpcLogAppender$AppendLogResponseHandler@56d3bbe6: Request not found, ignoring reply: 72f5ceaa-5b3b-4bc7-b846-41895f4ebd48<-d3916bce-b37b-4246-83c6-d24846ba1a72#6559:OK,SUCCESS,nextIndex:6446,term:1,followerCommit:6442
2019-07-08 14:22:38,742 WARN  server.GrpcLogAppender (GrpcLogAppender.java:onNextImpl(250)) - org.apache.ratis.grpc.server.GrpcLogAppender$AppendLogResponseHandler@6d456d04: Request not found, ignoring reply: 72f5ceaa-5b3b-4bc7-b846-41895f4ebd48<-b4e1f7d4-4bb4-47ed-a9cb-53483a899fb2#6558:OK,SUCCESS,nextIndex:6446,term:1,followerCommit:6442
2019-07-08 14:22:38,742 WARN  server.GrpcLogAppender (GrpcLogAppender.java:onNextImpl(250)) - org.apache.ratis.grpc.server.GrpcLogAppender$AppendLogResponseHandler@56d3bbe6: Request not found, ignoring reply: 72f5ceaa-5b3b-4bc7-b846-41895f4ebd48<-d3916bce-b37b-4246-83c6-d24846ba1a72#6560:OK,SUCCESS,nextIndex:6446,term:1,followerCommit:6442
2019-07-08 14:22:38,742 WARN  server.GrpcLogAppender (GrpcLogAppender.java:onNextImpl(250)) - org.apache.ratis.grpc.server.GrpcLogAppender$AppendLogResponseHandler@6d456d04: Request not found, ignoring reply: 72f5ceaa-5b3b-4bc7-b846-41895f4ebd48<-b4e1f7d4-4bb4-47ed-a9cb-53483a899fb2#6559:OK,SUCCESS,nextIndex:6446,term:1,followerCommit:6442
2019-07-08 14:22:38,744 INFO  client.GrpcClientProtocolClient (GrpcClientProtocolClient.java:onNext(255)) - client-04B576D36E1C->72f5ceaa-5b3b-4bc7-b846-41895f4ebd48: receive RaftClientReply:client-04B576D36E1C->72f5ceaa-5b3b-4bc7-b846-41895f4ebd48@group-833AA35A7EDE, cid=4251, SUCCESS, logIndex=6444, commits[72f5ceaa-5b3b-4bc7-b846-41895f4ebd48:c6445, b4e1f7d4-4bb4-47ed-a9cb-53483a899fb2:c6442, d3916bce-b37b-4246-83c6-d24846ba1a72:c6442]
2019-07-08 14:22:38,744 INFO  client.GrpcClientProtocolClient (GrpcClientProtocolClient.java:onNext(255)) - client-04B576D36E1C->72f5ceaa-5b3b-4bc7-b846-41895f4ebd48: receive RaftClientReply:client-04B576D36E1C->72f5ceaa-5b3b-4bc7-b846-41895f4ebd48@group-833AA35A7EDE, cid=4252, SUCCESS, logIndex=6445, commits[72f5ceaa-5b3b-4bc7-b846-41895f4ebd48:c6445, b4e1f7d4-4bb4-47ed-a9cb-53483a899fb2:c6442, d3916bce-b37b-4246-83c6-d24846ba1a72:c6442]
 0.00% |█                                                                                                    |  0/1 Time: 0:01:33 0.00% |█                                                                                                    |  0/1 Time: 0:01:34 0.00% |█                                                                                                    |  0/1 Time: 0:01:35 0.00% |█                                                                                                    |  0/1 Time: 0:01:36 0.00% |█                                                                                                    |  0/1 Time: 0:01:37 0.00% |█                                                                                                    |  0/1 Time: 0:01:382019-07-08 14:22:44,258 INFO  client.GrpcClientProtocolClient (GrpcClientProtocolClient.java:onNext(255)) - client-04B576D36E1C->d3916bce-b37b-4246-83c6-d24846ba1a72: receive RaftClientReply:client-04B576D36E1C->d3916bce-b37b-4246-83c6-d24846ba1a72@group-833AA35A7EDE, cid=4251, FAILED org.apache.ratis.protocol.NotLeaderException: Server d3916bce-b37b-4246-83c6-d24846ba1a72 is not the leader (72f5ceaa-5b3b-4bc7-b846-41895f4ebd48:192.168.69.106:34861). Request must be sent to leader., logIndex=0, commits[d3916bce-b37b-4246-83c6-d24846ba1a72:c6446, b4e1f7d4-4bb4-47ed-a9cb-53483a899fb2:c6446, 72f5ceaa-5b3b-4bc7-b846-41895f4ebd48:c6446]
2019-07-08 14:22:44,300 INFO  client.GrpcClientProtocolClient (GrpcClientProtocolClient.java:onNext(255)) - client-04B576D36E1C->72f5ceaa-5b3b-4bc7-b846-41895f4ebd48: receive RaftClientReply:client-04B576D36E1C->72f5ceaa-5b3b-4bc7-b846-41895f4ebd48@group-833AA35A7EDE, cid=4251, SUCCESS, logIndex=6444, commits[72f5ceaa-5b3b-4bc7-b846-41895f4ebd48:c6445, b4e1f7d4-4bb4-47ed-a9cb-53483a899fb2:c6442, d3916bce-b37b-4246-83c6-d24846ba1a72:c6442]
2019-07-08 14:22:44,308 INFO  client.GrpcClientProtocolClient (GrpcClientProtocolClient.java:onNext(255)) - client-04B576D36E1C->72f5ceaa-5b3b-4bc7-b846-41895f4ebd48: receive RaftClientReply:client-04B576D36E1C->72f5ceaa-5b3b-4bc7-b846-41895f4ebd48@group-833AA35A7EDE, cid=4252, SUCCESS, logIndex=6445, commits[72f5ceaa-5b3b-4bc7-b846-41895f4ebd48:c6445, b4e1f7d4-4bb4-47ed-a9cb-53483a899fb2:c6442, d3916bce-b37b-4246-83c6-d24846ba1a72:c6442]
2019-07-08 14:22:44,315 INFO  client.GrpcClientProtocolClient (GrpcClientProtocolClient.java:onNext(255)) - client-04B576D36E1C->72f5ceaa-5b3b-4bc7-b846-41895f4ebd48: receive RaftClientReply:client-04B576D36E1C->72f5ceaa-5b3b-4bc7-b846-41895f4ebd48@group-833AA35A7EDE, cid=4253, SUCCESS, logIndex=0, commits[72f5ceaa-5b3b-4bc7-b846-41895f4ebd48:c6446, b4e1f7d4-4bb4-47ed-a9cb-53483a899fb2:c6446, d3916bce-b37b-4246-83c6-d24846ba1a72:c6446]
2019-07-08 14:22:44,356 WARN  block.BlockManagerImpl (BlockManagerImpl.java:allocateBlock(192)) - Pipeline creation failed for type:RATIS factor:THREE. Retrying get pipelines call once.
org.apache.hadoop.hdds.scm.pipeline.InsufficientDatanodesException: Cannot create pipeline of factor 3 using 2 nodes.
	at org.apache.hadoop.hdds.scm.pipeline.RatisPipelineProvider.create(RatisPipelineProvider.java:151)
	at org.apache.hadoop.hdds.scm.pipeline.PipelineFactory.create(PipelineFactory.java:57)
	at org.apache.hadoop.hdds.scm.pipeline.SCMPipelineManager.createPipeline(SCMPipelineManager.java:149)
	at org.apache.hadoop.hdds.scm.block.BlockManagerImpl.allocateBlock(BlockManagerImpl.java:190)
	at org.apache.hadoop.hdds.scm.server.SCMBlockProtocolServer.allocateBlock(SCMBlockProtocolServer.java:172)
	at org.apache.hadoop.ozone.protocolPB.ScmBlockLocationProtocolServerSideTranslatorPB.allocateScmBlock(ScmBlockLocationProtocolServerSideTranslatorPB.java:144)
	at org.apache.hadoop.ozone.protocolPB.ScmBlockLocationProtocolServerSideTranslatorPB.send(ScmBlockLocationProtocolServerSideTranslatorPB.java:107)
	at org.apache.hadoop.hdds.protocol.proto.ScmBlockLocationProtocolProtos$ScmBlockLocationProtocolService$2.callBlockingMethod(ScmBlockLocationProtocolProtos.java:11281)
	at org.apache.hadoop.ipc.ProtobufRpcEngine$Server$ProtoBufRpcInvoker.call(ProtobufRpcEngine.java:524)
	at org.apache.hadoop.ipc.RPC$Server.call(RPC.java:1025)
	at org.apache.hadoop.ipc.Server$RpcCall.run(Server.java:876)
	at org.apache.hadoop.ipc.Server$RpcCall.run(Server.java:822)
	at java.security.AccessController.doPrivileged(Native Method)
	at javax.security.auth.Subject.doAs(Subject.java:422)
	at org.apache.hadoop.security.UserGroupInformation.doAs(UserGroupInformation.java:1730)
	at org.apache.hadoop.ipc.Server$Handler.run(Server.java:2682)
2019-07-08 14:22:44,357 INFO  block.BlockManagerImpl (BlockManagerImpl.java:allocateBlock(198)) - Could not find available pipeline of type:RATIS and factor:THREE even after retrying
2019-07-08 14:22:44,358 ERROR block.BlockManagerImpl (BlockManagerImpl.java:allocateBlock(222)) - Unable to allocate a block for the size: 4194304, type: RATIS, factor: THREE
14:22:44.366 [IPC Server handler 10 on 36826] ERROR OMAudit - user=jenkins1000 | ip=127.0.0.1 | op=ALLOCATE_BLOCK {volume=vol-0-94848, bucket=bucket-0-20518, key=key-0-63655, dataSize=0, replicationType=null, replicationFactor=null, keyLocationInfo=null, clientID=102406269552034194} | ret=FAILURE
org.apache.hadoop.hdds.scm.exceptions.SCMException: Allocated 0 blocks. Requested 1 blocks
	at org.apache.hadoop.hdds.scm.protocolPB.ScmBlockLocationProtocolClientSideTranslatorPB.handleError(ScmBlockLocationProtocolClientSideTranslatorPB.java:113) ~[classes/:?]
	at org.apache.hadoop.hdds.scm.protocolPB.ScmBlockLocationProtocolClientSideTranslatorPB.allocateBlock(ScmBlockLocationProtocolClientSideTranslatorPB.java:151) ~[classes/:?]
	at sun.reflect.GeneratedMethodAccessor47.invoke(Unknown Source) ~[?:?]
	at sun.reflect.DelegatingMethodAccessorImpl.invoke(DelegatingMethodAccessorImpl.java:43) ~[?:1.8.0_212]
	at java.lang.reflect.Method.invoke(Method.java:498) ~[?:1.8.0_212]
	at org.apache.hadoop.hdds.tracing.TraceAllMethod.invoke(TraceAllMethod.java:66) ~[classes/:?]
	at com.sun.proxy.$Proxy27.allocateBlock(Unknown Source) ~[?:?]
	at org.apache.hadoop.ozone.om.KeyManagerImpl.allocateBlock(KeyManagerImpl.java:348) ~[classes/:?]
	at org.apache.hadoop.ozone.om.KeyManagerImpl.allocateBlock(KeyManagerImpl.java:316) ~[classes/:?]
	at org.apache.hadoop.ozone.om.OzoneManager.allocateBlock(OzoneManager.java:2291) [classes/:?]
	at org.apache.hadoop.ozone.protocolPB.OzoneManagerRequestHandler.allocateBlock(OzoneManagerRequestHandler.java:756) [classes/:?]
	at org.apache.hadoop.ozone.protocolPB.OzoneManagerRequestHandler.handle(OzoneManagerRequestHandler.java:249) [classes/:?]
	at org.apache.hadoop.ozone.protocolPB.OzoneManagerProtocolServerSideTranslatorPB.submitRequestDirectlyToOM(OzoneManagerProtocolServerSideTranslatorPB.java:192) [classes/:?]
	at org.apache.hadoop.ozone.protocolPB.OzoneManagerProtocolServerSideTranslatorPB.submitRequest(OzoneManagerProtocolServerSideTranslatorPB.java:110) [classes/:?]
	at org.apache.hadoop.ozone.protocol.proto.OzoneManagerProtocolProtos$OzoneManagerService$2.callBlockingMethod(OzoneManagerProtocolProtos.java) [classes/:?]
	at org.apache.hadoop.ipc.ProtobufRpcEngine$Server$ProtoBufRpcInvoker.call(ProtobufRpcEngine.java:524) [hadoop-common-3.2.0.jar:?]
	at org.apache.hadoop.ipc.RPC$Server.call(RPC.java:1025) [hadoop-common-3.2.0.jar:?]
	at org.apache.hadoop.ipc.Server$RpcCall.run(Server.java:876) [hadoop-common-3.2.0.jar:?]
	at org.apache.hadoop.ipc.Server$RpcCall.run(Server.java:822) [hadoop-common-3.2.0.jar:?]
	at java.security.AccessController.doPrivileged(Native Method) [?:1.8.0_212]
	at javax.security.auth.Subject.doAs(Subject.java:422) [?:1.8.0_212]
	at org.apache.hadoop.security.UserGroupInformation.doAs(UserGroupInformation.java:1730) [hadoop-common-3.2.0.jar:?]
	at org.apache.hadoop.ipc.Server$Handler.run(Server.java:2682) [hadoop-common-3.2.0.jar:?]
2019-07-08 14:22:44,393 ERROR io.BlockOutputStreamEntryPool (BlockOutputStreamEntryPool.java:allocateBlockIfNeeded(299)) - Try to allocate more blocks for write failed, already allocated 0 blocks for this write.
INTERNAL_ERROR org.apache.hadoop.ozone.om.exceptions.OMException: Allocated 0 blocks. Requested 1 blocks
	at org.apache.hadoop.ozone.om.protocolPB.OzoneManagerProtocolClientSideTranslatorPB.handleError(OzoneManagerProtocolClientSideTranslatorPB.java:720)
	at org.apache.hadoop.ozone.om.protocolPB.OzoneManagerProtocolClientSideTranslatorPB.allocateBlock(OzoneManagerProtocolClientSideTranslatorPB.java:752)
	at org.apache.hadoop.ozone.client.io.BlockOutputStreamEntryPool.allocateNewBlock(BlockOutputStreamEntryPool.java:248)
	at org.apache.hadoop.ozone.client.io.BlockOutputStreamEntryPool.allocateBlockIfNeeded(BlockOutputStreamEntryPool.java:296)
	at org.apache.hadoop.ozone.client.io.KeyOutputStream.handleWrite(KeyOutputStream.java:201)
	at org.apache.hadoop.ozone.client.io.KeyOutputStream.write(KeyOutputStream.java:193)
	at org.apache.hadoop.ozone.client.io.OzoneOutputStream.write(OzoneOutputStream.java:49)
	at org.apache.hadoop.ozone.freon.RandomKeyGenerator$KeyProcessor.run(RandomKeyGenerator.java:693)
	at java.util.concurrent.Executors$RunnableAdapter.call(Executors.java:511)
	at java.util.concurrent.FutureTask.run(FutureTask.java:266)
	at java.util.concurrent.ThreadPoolExecutor.runWorker(ThreadPoolExecutor.java:1149)
	at java.util.concurrent.ThreadPoolExecutor$Worker.run(ThreadPoolExecutor.java:624)
	at java.lang.Thread.run(Thread.java:748)
2019-07-08 14:22:44,394 ERROR freon.RandomKeyGenerator (RandomKeyGenerator.java:run(718)) - Exception while adding key: key-0-63655 in bucket: bucket-0-20518 of volume: vol-0-94848.
INTERNAL_ERROR org.apache.hadoop.ozone.om.exceptions.OMException: Allocated 0 blocks. Requested 1 blocks
	at org.apache.hadoop.ozone.om.protocolPB.OzoneManagerProtocolClientSideTranslatorPB.handleError(OzoneManagerProtocolClientSideTranslatorPB.java:720)
	at org.apache.hadoop.ozone.om.protocolPB.OzoneManagerProtocolClientSideTranslatorPB.allocateBlock(OzoneManagerProtocolClientSideTranslatorPB.java:752)
	at org.apache.hadoop.ozone.client.io.BlockOutputStreamEntryPool.allocateNewBlock(BlockOutputStreamEntryPool.java:248)
	at org.apache.hadoop.ozone.client.io.BlockOutputStreamEntryPool.allocateBlockIfNeeded(BlockOutputStreamEntryPool.java:296)
	at org.apache.hadoop.ozone.client.io.KeyOutputStream.handleWrite(KeyOutputStream.java:201)
	at org.apache.hadoop.ozone.client.io.KeyOutputStream.write(KeyOutputStream.java:193)
	at org.apache.hadoop.ozone.client.io.OzoneOutputStream.write(OzoneOutputStream.java:49)
	at org.apache.hadoop.ozone.freon.RandomKeyGenerator$KeyProcessor.run(RandomKeyGenerator.java:693)
	at java.util.concurrent.Executors$RunnableAdapter.call(Executors.java:511)
	at java.util.concurrent.FutureTask.run(FutureTask.java:266)
	at java.util.concurrent.ThreadPoolExecutor.runWorker(ThreadPoolExecutor.java:1149)
	at java.util.concurrent.ThreadPoolExecutor$Worker.run(ThreadPoolExecutor.java:624)
	at java.lang.Thread.run(Thread.java:748)
 0.00% |█                                                                                                    |  0/1 Time: 0:01:39 100.00% |█████████████████████████████████████████████████████████████████████████████████████████████████████|  1/1 Time: 0:01:40
]]></system-out>
  </testcase>
  <testcase name="multiThread" classname="org.apache.hadoop.ozone.freon.TestRandomKeyGenerator" time="5.031"/>
</testsuite>