<?xml version="1.0" encoding="UTF-8"?>
<testsuite xmlns:xsi="http://www.w3.org/2001/XMLSchema-instance" xsi:noNamespaceSchemaLocation="https://maven.apache.org/surefire/maven-surefire-plugin/xsd/surefire-test-report.xsd" name="org.apache.hadoop.ozone.freon.TestFreonWithPipelineDestroy" time="31.987" tests="1" errors="1" skipped="0" failures="0">
  <properties>
    <property name="awt.toolkit" value="sun.awt.X11.XToolkit"/>
    <property name="file.encoding.pkg" value="sun.io"/>
    <property name="java.specification.version" value="1.8"/>
    <property name="sun.cpu.isalist" value=""/>
    <property name="sun.jnu.encoding" value="UTF-8"/>
    <property name="java.class.path" value="/tmp/workdir/hadoop-ozone/tools/target/test-classes:/tmp/workdir/hadoop-ozone/tools/target/classes:/tmp/workdir/hadoop-ozone/ozone-manager/target/classes:/tmp/workdir/hadoop-hdds/docs/target/classes:/home/user/.m2/repository/org/bouncycastle/bcprov-jdk15on/1.60/bcprov-jdk15on-1.60.jar:/tmp/workdir/hadoop-ozone/common/target/classes:/home/user/.m2/repository/org/apache/commons/commons-compress/1.4.1/commons-compress-1.4.1.jar:/home/user/.m2/repository/org/tukaani/xz/1.0/xz-1.0.jar:/home/user/.m2/repository/org/apache/hadoop/hadoop-hdfs-client/3.2.0/hadoop-hdfs-client-3.2.0.jar:/home/user/.m2/repository/com/fasterxml/jackson/core/jackson-annotations/2.9.5/jackson-annotations-2.9.5.jar:/tmp/workdir/hadoop-hdds/common/target/classes:/tmp/workdir/hadoop-hdds/config/target/classes:/home/user/.m2/repository/javax/annotation/javax.annotation-api/1.2/javax.annotation-api-1.2.jar:/home/user/.m2/repository/org/apache/ratis/ratis-server/0.4.0-2337318-SNAPSHOT/ratis-server-0.4.0-2337318-SNAPSHOT.jar:/home/user/.m2/repository/org/apache/ratis/ratis-thirdparty-misc/0.2.0/ratis-thirdparty-misc-0.2.0.jar:/home/user/.m2/repository/org/apache/ratis/ratis-proto/0.4.0-2337318-SNAPSHOT/ratis-proto-0.4.0-2337318-SNAPSHOT.jar:/home/user/.m2/repository/org/apache/ratis/ratis-common/0.4.0-2337318-SNAPSHOT/ratis-common-0.4.0-2337318-SNAPSHOT.jar:/home/user/.m2/repository/org/apache/ratis/ratis-client/0.4.0-2337318-SNAPSHOT/ratis-client-0.4.0-2337318-SNAPSHOT.jar:/home/user/.m2/repository/org/apache/ratis/ratis-metrics/0.4.0-2337318-SNAPSHOT/ratis-metrics-0.4.0-2337318-SNAPSHOT.jar:/home/user/.m2/repository/org/apache/ratis/ratis-netty/0.4.0-2337318-SNAPSHOT/ratis-netty-0.4.0-2337318-SNAPSHOT.jar:/home/user/.m2/repository/org/apache/ratis/ratis-grpc/0.4.0-2337318-SNAPSHOT/ratis-grpc-0.4.0-2337318-SNAPSHOT.jar:/home/user/.m2/repository/org/rocksdb/rocksdbjni/6.0.1/rocksdbjni-6.0.1.jar:/home/user/.m2/repository/org/apache/logging/log4j/log4j-api/2.11.0/log4j-api-2.11.0.jar:/home/user/.m2/repository/org/apache/logging/log4j/log4j-core/2.11.0/log4j-core-2.11.0.jar:/home/user/.m2/repository/com/lmax/disruptor/3.4.2/disruptor-3.4.2.jar:/home/user/.m2/repository/org/apache/commons/commons-pool2/2.6.0/commons-pool2-2.6.0.jar:/home/user/.m2/repository/org/bouncycastle/bcpkix-jdk15on/1.60/bcpkix-jdk15on-1.60.jar:/home/user/.m2/repository/commons-validator/commons-validator/1.6/commons-validator-1.6.jar:/home/user/.m2/repository/commons-digester/commons-digester/1.8.1/commons-digester-1.8.1.jar:/home/user/.m2/repository/io/jaegertracing/jaeger-client/0.33.1/jaeger-client-0.33.1.jar:/home/user/.m2/repository/io/jaegertracing/jaeger-thrift/0.33.1/jaeger-thrift-0.33.1.jar:/home/user/.m2/repository/org/apache/thrift/libthrift/0.11.0/libthrift-0.11.0.jar:/home/user/.m2/repository/com/squareup/okhttp3/okhttp/3.9.0/okhttp-3.9.0.jar:/home/user/.m2/repository/com/squareup/okio/okio/1.13.0/okio-1.13.0.jar:/home/user/.m2/repository/io/jaegertracing/jaeger-core/0.33.1/jaeger-core-0.33.1.jar:/home/user/.m2/repository/io/jaegertracing/jaeger-tracerresolver/0.33.1/jaeger-tracerresolver-0.33.1.jar:/home/user/.m2/repository/io/opentracing/contrib/opentracing-tracerresolver/0.1.5/opentracing-tracerresolver-0.1.5.jar:/home/user/.m2/repository/io/opentracing/opentracing-util/0.31.0/opentracing-util-0.31.0.jar:/home/user/.m2/repository/io/opentracing/opentracing-api/0.31.0/opentracing-api-0.31.0.jar:/home/user/.m2/repository/io/opentracing/opentracing-noop/0.31.0/opentracing-noop-0.31.0.jar:/home/user/.m2/repository/org/yaml/snakeyaml/1.16/snakeyaml-1.16.jar:/tmp/workdir/hadoop-hdds/container-service/target/classes:/tmp/workdir/hadoop-hdds/client/target/classes:/tmp/workdir/hadoop-hdds/tools/target/classes:/home/user/.m2/repository/org/xerial/sqlite-jdbc/3.25.2/sqlite-jdbc-3.25.2.jar:/tmp/workdir/hadoop-hdds/server-scm/target/classes:/home/user/.m2/repository/org/hamcrest/hamcrest-all/1.3/hamcrest-all-1.3.jar:/home/user/.m2/repository/info/picocli/picocli/3.9.6/picocli-3.9.6.jar:/home/user/.m2/repository/com/google/protobuf/protobuf-java/2.5.0/protobuf-java-2.5.0.jar:/home/user/.m2/repository/com/google/guava/guava/11.0.2/guava-11.0.2.jar:/tmp/workdir/hadoop-ozone/client/target/classes:/home/user/.m2/repository/org/apache/hadoop/hadoop-ozone-filesystem/0.5.0-SNAPSHOT/hadoop-ozone-filesystem-0.5.0-SNAPSHOT.jar:/tmp/workdir/hadoop-hdds/framework/target/classes:/home/user/.m2/repository/org/apache/hadoop/hadoop-common/3.2.0/hadoop-common-3.2.0.jar:/home/user/.m2/repository/org/apache/hadoop/hadoop-annotations/3.2.0/hadoop-annotations-3.2.0.jar:/usr/lib/jvm/java-1.8-openjdk/jre/../lib/tools.jar:/home/user/.m2/repository/commons-cli/commons-cli/1.2/commons-cli-1.2.jar:/home/user/.m2/repository/org/apache/commons/commons-math3/3.1.1/commons-math3-3.1.1.jar:/home/user/.m2/repository/org/apache/httpcomponents/httpclient/4.5.2/httpclient-4.5.2.jar:/home/user/.m2/repository/org/apache/httpcomponents/httpcore/4.4.4/httpcore-4.4.4.jar:/home/user/.m2/repository/commons-codec/commons-codec/1.11/commons-codec-1.11.jar:/home/user/.m2/repository/commons-io/commons-io/2.5/commons-io-2.5.jar:/home/user/.m2/repository/commons-net/commons-net/3.6/commons-net-3.6.jar:/home/user/.m2/repository/commons-collections/commons-collections/3.2.2/commons-collections-3.2.2.jar:/home/user/.m2/repository/javax/servlet/javax.servlet-api/3.1.0/javax.servlet-api-3.1.0.jar:/home/user/.m2/repository/org/eclipse/jetty/jetty-server/9.3.24.v20180605/jetty-server-9.3.24.v20180605.jar:/home/user/.m2/repository/org/eclipse/jetty/jetty-http/9.3.24.v20180605/jetty-http-9.3.24.v20180605.jar:/home/user/.m2/repository/org/eclipse/jetty/jetty-io/9.3.24.v20180605/jetty-io-9.3.24.v20180605.jar:/home/user/.m2/repository/org/eclipse/jetty/jetty-util/9.3.24.v20180605/jetty-util-9.3.24.v20180605.jar:/home/user/.m2/repository/org/eclipse/jetty/jetty-servlet/9.3.24.v20180605/jetty-servlet-9.3.24.v20180605.jar:/home/user/.m2/repository/org/eclipse/jetty/jetty-security/9.3.24.v20180605/jetty-security-9.3.24.v20180605.jar:/home/user/.m2/repository/org/eclipse/jetty/jetty-webapp/9.3.24.v20180605/jetty-webapp-9.3.24.v20180605.jar:/home/user/.m2/repository/org/eclipse/jetty/jetty-xml/9.3.24.v20180605/jetty-xml-9.3.24.v20180605.jar:/home/user/.m2/repository/javax/servlet/jsp/jsp-api/2.1/jsp-api-2.1.jar:/home/user/.m2/repository/com/sun/jersey/jersey-core/1.19/jersey-core-1.19.jar:/home/user/.m2/repository/javax/ws/rs/jsr311-api/1.1.1/jsr311-api-1.1.1.jar:/home/user/.m2/repository/com/sun/jersey/jersey-servlet/1.19/jersey-servlet-1.19.jar:/home/user/.m2/repository/com/sun/jersey/jersey-json/1.19/jersey-json-1.19.jar:/home/user/.m2/repository/org/codehaus/jettison/jettison/1.1/jettison-1.1.jar:/home/user/.m2/repository/com/sun/xml/bind/jaxb-impl/2.3.0.1/jaxb-impl-2.3.0.1.jar:/home/user/.m2/repository/org/codehaus/jackson/jackson-core-asl/1.9.13/jackson-core-asl-1.9.13.jar:/home/user/.m2/repository/org/codehaus/jackson/jackson-mapper-asl/1.9.13/jackson-mapper-asl-1.9.13.jar:/home/user/.m2/repository/org/codehaus/jackson/jackson-jaxrs/1.9.13/jackson-jaxrs-1.9.13.jar:/home/user/.m2/repository/org/codehaus/jackson/jackson-xc/1.9.13/jackson-xc-1.9.13.jar:/home/user/.m2/repository/com/sun/jersey/jersey-server/1.19/jersey-server-1.19.jar:/home/user/.m2/repository/commons-logging/commons-logging/1.1.3/commons-logging-1.1.3.jar:/home/user/.m2/repository/log4j/log4j/1.2.17/log4j-1.2.17.jar:/home/user/.m2/repository/commons-beanutils/commons-beanutils/1.9.3/commons-beanutils-1.9.3.jar:/home/user/.m2/repository/org/apache/commons/commons-configuration2/2.1.1/commons-configuration2-2.1.1.jar:/home/user/.m2/repository/org/apache/commons/commons-lang3/3.7/commons-lang3-3.7.jar:/home/user/.m2/repository/org/apache/commons/commons-text/1.4/commons-text-1.4.jar:/home/user/.m2/repository/org/slf4j/slf4j-api/1.7.25/slf4j-api-1.7.25.jar:/home/user/.m2/repository/org/slf4j/slf4j-log4j12/1.7.25/slf4j-log4j12-1.7.25.jar:/home/user/.m2/repository/org/apache/avro/avro/1.7.7/avro-1.7.7.jar:/home/user/.m2/repository/com/thoughtworks/paranamer/paranamer/2.3/paranamer-2.3.jar:/home/user/.m2/repository/org/xerial/snappy/snappy-java/1.0.5/snappy-java-1.0.5.jar:/home/user/.m2/repository/com/google/re2j/re2j/1.1/re2j-1.1.jar:/home/user/.m2/repository/com/google/code/gson/gson/2.2.4/gson-2.2.4.jar:/home/user/.m2/repository/org/apache/hadoop/hadoop-auth/3.2.0/hadoop-auth-3.2.0.jar:/home/user/.m2/repository/com/nimbusds/nimbus-jose-jwt/4.41.1/nimbus-jose-jwt-4.41.1.jar:/home/user/.m2/repository/com/github/stephenc/jcip/jcip-annotations/1.0-1/jcip-annotations-1.0-1.jar:/home/user/.m2/repository/net/minidev/json-smart/2.3/json-smart-2.3.jar:/home/user/.m2/repository/net/minidev/accessors-smart/1.2/accessors-smart-1.2.jar:/home/user/.m2/repository/org/apache/curator/curator-framework/2.12.0/curator-framework-2.12.0.jar:/home/user/.m2/repository/com/jcraft/jsch/0.1.54/jsch-0.1.54.jar:/home/user/.m2/repository/org/apache/curator/curator-client/2.12.0/curator-client-2.12.0.jar:/home/user/.m2/repository/org/apache/curator/curator-recipes/2.12.0/curator-recipes-2.12.0.jar:/home/user/.m2/repository/com/google/code/findbugs/jsr305/3.0.0/jsr305-3.0.0.jar:/home/user/.m2/repository/org/apache/htrace/htrace-core4/4.1.0-incubating/htrace-core4-4.1.0-incubating.jar:/home/user/.m2/repository/org/apache/zookeeper/zookeeper/3.4.13/zookeeper-3.4.13.jar:/home/user/.m2/repository/org/apache/yetus/audience-annotations/0.5.0/audience-annotations-0.5.0.jar:/home/user/.m2/repository/org/apache/kerby/kerb-simplekdc/1.0.1/kerb-simplekdc-1.0.1.jar:/home/user/.m2/repository/org/apache/kerby/kerb-client/1.0.1/kerb-client-1.0.1.jar:/home/user/.m2/repository/org/apache/kerby/kerby-config/1.0.1/kerby-config-1.0.1.jar:/home/user/.m2/repository/org/apache/kerby/kerb-core/1.0.1/kerb-core-1.0.1.jar:/home/user/.m2/repository/org/apache/kerby/kerby-pkix/1.0.1/kerby-pkix-1.0.1.jar:/home/user/.m2/repository/org/apache/kerby/kerby-asn1/1.0.1/kerby-asn1-1.0.1.jar:/home/user/.m2/repository/org/apache/kerby/kerby-util/1.0.1/kerby-util-1.0.1.jar:/home/user/.m2/repository/org/apache/kerby/kerb-common/1.0.1/kerb-common-1.0.1.jar:/home/user/.m2/repository/org/apache/kerby/kerb-crypto/1.0.1/kerb-crypto-1.0.1.jar:/home/user/.m2/repository/org/apache/kerby/kerb-util/1.0.1/kerb-util-1.0.1.jar:/home/user/.m2/repository/org/apache/kerby/token-provider/1.0.1/token-provider-1.0.1.jar:/home/user/.m2/repository/org/apache/kerby/kerb-admin/1.0.1/kerb-admin-1.0.1.jar:/home/user/.m2/repository/org/apache/kerby/kerb-server/1.0.1/kerb-server-1.0.1.jar:/home/user/.m2/repository/org/apache/kerby/kerb-identity/1.0.1/kerb-identity-1.0.1.jar:/home/user/.m2/repository/org/apache/kerby/kerby-xdr/1.0.1/kerby-xdr-1.0.1.jar:/home/user/.m2/repository/com/fasterxml/jackson/core/jackson-databind/2.9.5/jackson-databind-2.9.5.jar:/home/user/.m2/repository/com/fasterxml/jackson/core/jackson-core/2.9.5/jackson-core-2.9.5.jar:/home/user/.m2/repository/org/codehaus/woodstox/stax2-api/3.1.4/stax2-api-3.1.4.jar:/home/user/.m2/repository/com/fasterxml/woodstox/woodstox-core/5.0.3/woodstox-core-5.0.3.jar:/home/user/.m2/repository/dnsjava/dnsjava/2.1.7/dnsjava-2.1.7.jar:/home/user/.m2/repository/org/apache/hadoop/hadoop-hdfs/3.2.0/hadoop-hdfs-3.2.0.jar:/home/user/.m2/repository/org/eclipse/jetty/jetty-util-ajax/9.3.24.v20180605/jetty-util-ajax-9.3.24.v20180605.jar:/home/user/.m2/repository/commons-daemon/commons-daemon/1.0.13/commons-daemon-1.0.13.jar:/home/user/.m2/repository/io/netty/netty/3.10.5.Final/netty-3.10.5.Final.jar:/home/user/.m2/repository/io/netty/netty-all/4.0.52.Final/netty-all-4.0.52.Final.jar:/home/user/.m2/repository/org/fusesource/leveldbjni/leveldbjni-all/1.8/leveldbjni-all-1.8.jar:/home/user/.m2/repository/com/sun/xml/bind/jaxb-core/2.3.0.1/jaxb-core-2.3.0.1.jar:/home/user/.m2/repository/javax/xml/bind/jaxb-api/2.3.0/jaxb-api-2.3.0.jar:/home/user/.m2/repository/javax/activation/activation/1.1.1/activation-1.1.1.jar:/home/user/.m2/repository/io/dropwizard/metrics/metrics-core/3.2.4/metrics-core-3.2.4.jar:/home/user/.m2/repository/org/openjdk/jmh/jmh-core/1.19/jmh-core-1.19.jar:/home/user/.m2/repository/net/sf/jopt-simple/jopt-simple/4.6/jopt-simple-4.6.jar:/home/user/.m2/repository/org/openjdk/jmh/jmh-generator-annprocess/1.19/jmh-generator-annprocess-1.19.jar:/home/user/.m2/repository/com/google/code/findbugs/findbugs/3.0.1/findbugs-3.0.1.jar:/home/user/.m2/repository/net/jcip/jcip-annotations/1.0/jcip-annotations-1.0.jar:/home/user/.m2/repository/com/google/code/findbugs/bcel-findbugs/6.0/bcel-findbugs-6.0.jar:/home/user/.m2/repository/com/google/code/findbugs/jFormatString/2.0.1/jFormatString-2.0.1.jar:/home/user/.m2/repository/dom4j/dom4j/1.6.1/dom4j-1.6.1.jar:/home/user/.m2/repository/xml-apis/xml-apis/1.0.b2/xml-apis-1.0.b2.jar:/home/user/.m2/repository/org/ow2/asm/asm-debug-all/5.0.2/asm-debug-all-5.0.2.jar:/home/user/.m2/repository/org/ow2/asm/asm-commons/5.0.2/asm-commons-5.0.2.jar:/home/user/.m2/repository/org/ow2/asm/asm-tree/5.0.2/asm-tree-5.0.2.jar:/home/user/.m2/repository/org/ow2/asm/asm/5.0.4/asm-5.0.4.jar:/home/user/.m2/repository/commons-lang/commons-lang/2.6/commons-lang-2.6.jar:/home/user/.m2/repository/com/apple/AppleJavaExtensions/1.4/AppleJavaExtensions-1.4.jar:/home/user/.m2/repository/jaxen/jaxen/1.1.6/jaxen-1.1.6.jar:/home/user/.m2/repository/junit/junit/4.11/junit-4.11.jar:/home/user/.m2/repository/org/hamcrest/hamcrest-core/1.3/hamcrest-core-1.3.jar:/home/user/.m2/repository/org/apache/hadoop/hadoop-common/3.2.0/hadoop-common-3.2.0-tests.jar:/home/user/.m2/repository/org/apache/hadoop/hadoop-ozone-integration-test/0.5.0-SNAPSHOT/hadoop-ozone-integration-test-0.5.0-SNAPSHOT-tests.jar:/tmp/workdir/hadoop-ozone/objectstore-service/target/classes:/tmp/workdir/hadoop-ozone/s3gateway/target/classes:/home/user/.m2/repository/org/jboss/weld/servlet/weld-servlet/2.4.7.Final/weld-servlet-2.4.7.Final.jar:/home/user/.m2/repository/org/glassfish/jersey/containers/jersey-container-servlet-core/2.27/jersey-container-servlet-core-2.27.jar:/home/user/.m2/repository/org/glassfish/hk2/external/javax.inject/2.5.0-b42/javax.inject-2.5.0-b42.jar:/home/user/.m2/repository/org/glassfish/jersey/core/jersey-common/2.27/jersey-common-2.27.jar:/home/user/.m2/repository/org/glassfish/hk2/osgi-resource-locator/1.0.1/osgi-resource-locator-1.0.1.jar:/home/user/.m2/repository/javax/ws/rs/javax.ws.rs-api/2.1/javax.ws.rs-api-2.1.jar:/home/user/.m2/repository/org/glassfish/jersey/ext/cdi/jersey-cdi1x/2.27/jersey-cdi1x-2.27.jar:/home/user/.m2/repository/org/glassfish/jersey/inject/jersey-hk2/2.27/jersey-hk2-2.27.jar:/home/user/.m2/repository/org/glassfish/hk2/hk2-locator/2.5.0-b42/hk2-locator-2.5.0-b42.jar:/home/user/.m2/repository/org/javassist/javassist/3.22.0-CR2/javassist-3.22.0-CR2.jar:/home/user/.m2/repository/org/glassfish/hk2/hk2-api/2.5.0/hk2-api-2.5.0.jar:/home/user/.m2/repository/org/glassfish/hk2/external/jakarta.inject/2.5.0/jakarta.inject-2.5.0.jar:/home/user/.m2/repository/org/glassfish/hk2/hk2-utils/2.5.0/hk2-utils-2.5.0.jar:/home/user/.m2/repository/jakarta/annotation/jakarta.annotation-api/1.3.4/jakarta.annotation-api-1.3.4.jar:/home/user/.m2/repository/org/glassfish/hk2/external/aopalliance-repackaged/2.5.0/aopalliance-repackaged-2.5.0.jar:/home/user/.m2/repository/com/fasterxml/jackson/dataformat/jackson-dataformat-xml/2.9.0/jackson-dataformat-xml-2.9.0.jar:/home/user/.m2/repository/com/fasterxml/jackson/module/jackson-module-jaxb-annotations/2.9.5/jackson-module-jaxb-annotations-2.9.5.jar:/home/user/.m2/repository/javax/enterprise/cdi-api/1.2/cdi-api-1.2.jar:/home/user/.m2/repository/javax/el/javax.el-api/3.0.0/javax.el-api-3.0.0.jar:/home/user/.m2/repository/javax/interceptor/javax.interceptor-api/1.2/javax.interceptor-api-1.2.jar:/home/user/.m2/repository/javax/inject/javax.inject/1/javax.inject-1.jar:/tmp/workdir/hadoop-ozone/csi/target/classes:/home/user/.m2/repository/com/google/protobuf/protobuf-java-util/3.5.1/protobuf-java-util-3.5.1.jar:/home/user/.m2/repository/io/grpc/grpc-netty/1.17.1/grpc-netty-1.17.1.jar:/home/user/.m2/repository/io/grpc/grpc-core/1.17.1/grpc-core-1.17.1.jar:/home/user/.m2/repository/io/grpc/grpc-context/1.17.1/grpc-context-1.17.1.jar:/home/user/.m2/repository/com/google/errorprone/error_prone_annotations/2.2.0/error_prone_annotations-2.2.0.jar:/home/user/.m2/repository/org/codehaus/mojo/animal-sniffer-annotations/1.17/animal-sniffer-annotations-1.17.jar:/home/user/.m2/repository/io/opencensus/opencensus-api/0.17.0/opencensus-api-0.17.0.jar:/home/user/.m2/repository/io/opencensus/opencensus-contrib-grpc-metrics/0.17.0/opencensus-contrib-grpc-metrics-0.17.0.jar:/home/user/.m2/repository/io/netty/netty-codec-http2/4.1.30.Final/netty-codec-http2-4.1.30.Final.jar:/home/user/.m2/repository/io/netty/netty-codec-http/4.1.30.Final/netty-codec-http-4.1.30.Final.jar:/home/user/.m2/repository/io/netty/netty-codec/4.1.30.Final/netty-codec-4.1.30.Final.jar:/home/user/.m2/repository/io/netty/netty-handler/4.1.30.Final/netty-handler-4.1.30.Final.jar:/home/user/.m2/repository/io/netty/netty-handler-proxy/4.1.30.Final/netty-handler-proxy-4.1.30.Final.jar:/home/user/.m2/repository/io/netty/netty-codec-socks/4.1.30.Final/netty-codec-socks-4.1.30.Final.jar:/home/user/.m2/repository/io/netty/netty-transport-native-epoll/4.1.30.Final/netty-transport-native-epoll-4.1.30.Final.jar:/home/user/.m2/repository/io/netty/netty-common/4.1.30.Final/netty-common-4.1.30.Final.jar:/home/user/.m2/repository/io/netty/netty-buffer/4.1.30.Final/netty-buffer-4.1.30.Final.jar:/home/user/.m2/repository/io/netty/netty-transport/4.1.30.Final/netty-transport-4.1.30.Final.jar:/home/user/.m2/repository/io/netty/netty-resolver/4.1.30.Final/netty-resolver-4.1.30.Final.jar:/home/user/.m2/repository/io/netty/netty-transport-native-unix-common/4.1.30.Final/netty-transport-native-unix-common-4.1.30.Final.jar:/home/user/.m2/repository/io/grpc/grpc-protobuf/1.17.1/grpc-protobuf-1.17.1.jar:/home/user/.m2/repository/com/google/api/grpc/proto-google-common-protos/1.0.0/proto-google-common-protos-1.0.0.jar:/home/user/.m2/repository/io/grpc/grpc-protobuf-lite/1.17.1/grpc-protobuf-lite-1.17.1.jar:/home/user/.m2/repository/io/grpc/grpc-stub/1.17.1/grpc-stub-1.17.1.jar:/tmp/workdir/hadoop-ozone/ozone-recon/target/classes:/tmp/workdir/hadoop-ozone/ozone-recon-codegen/target/classes:/home/user/.m2/repository/com/google/inject/extensions/guice-multibindings/4.0/guice-multibindings-4.0.jar:/home/user/.m2/repository/com/google/inject/guice/4.0/guice-4.0.jar:/home/user/.m2/repository/aopalliance/aopalliance/1.0/aopalliance-1.0.jar:/home/user/.m2/repository/com/google/inject/extensions/guice-servlet/4.0/guice-servlet-4.0.jar:/home/user/.m2/repository/org/glassfish/jersey/containers/jersey-container-servlet/2.27/jersey-container-servlet-2.27.jar:/home/user/.m2/repository/org/glassfish/hk2/guice-bridge/2.5.0/guice-bridge-2.5.0.jar:/home/user/.m2/repository/org/glassfish/jersey/core/jersey-server/2.27/jersey-server-2.27.jar:/home/user/.m2/repository/org/glassfish/jersey/core/jersey-client/2.27/jersey-client-2.27.jar:/home/user/.m2/repository/org/glassfish/jersey/media/jersey-media-jaxb/2.27/jersey-media-jaxb-2.27.jar:/home/user/.m2/repository/javax/validation/validation-api/1.1.0.Final/validation-api-1.1.0.Final.jar:/home/user/.m2/repository/org/glassfish/jersey/media/jersey-media-json-jackson/2.27/jersey-media-json-jackson-2.27.jar:/home/user/.m2/repository/org/glassfish/jersey/ext/jersey-entity-filtering/2.27/jersey-entity-filtering-2.27.jar:/home/user/.m2/repository/com/google/inject/extensions/guice-assistedinject/4.0/guice-assistedinject-4.0.jar:/home/user/.m2/repository/org/jooq/jooq/3.11.10/jooq-3.11.10.jar:/home/user/.m2/repository/org/jooq/jooq-meta/3.11.10/jooq-meta-3.11.10.jar:/home/user/.m2/repository/org/jooq/jooq-codegen/3.11.10/jooq-codegen-3.11.10.jar:/home/user/.m2/repository/com/jolbox/bonecp/0.8.0.RELEASE/bonecp-0.8.0.RELEASE.jar:/home/user/.m2/repository/org/springframework/spring-jdbc/5.1.3.RELEASE/spring-jdbc-5.1.3.RELEASE.jar:/home/user/.m2/repository/org/springframework/spring-beans/5.1.3.RELEASE/spring-beans-5.1.3.RELEASE.jar:/home/user/.m2/repository/org/springframework/spring-core/5.1.3.RELEASE/spring-core-5.1.3.RELEASE.jar:/home/user/.m2/repository/org/springframework/spring-jcl/5.1.3.RELEASE/spring-jcl-5.1.3.RELEASE.jar:/home/user/.m2/repository/org/springframework/spring-tx/5.1.3.RELEASE/spring-tx-5.1.3.RELEASE.jar:/home/user/.m2/repository/org/mockito/mockito-core/2.15.0/mockito-core-2.15.0.jar:/home/user/.m2/repository/net/bytebuddy/byte-buddy/1.7.9/byte-buddy-1.7.9.jar:/home/user/.m2/repository/net/bytebuddy/byte-buddy-agent/1.7.9/byte-buddy-agent-1.7.9.jar:/home/user/.m2/repository/org/objenesis/objenesis/1.0/objenesis-1.0.jar:"/>
    <property name="java.vm.vendor" value="IcedTea"/>
    <property name="sun.arch.data.model" value="64"/>
    <property name="test.build.dir" value="/tmp/workdir/hadoop-ozone/tools/target/test-dir"/>
    <property name="test.cache.data" value=""/>
    <property name="java.vendor.url" value="https://icedtea.classpath.org"/>
    <property name="user.timezone" value=""/>
    <property name="java.vm.specification.version" value="1.8"/>
    <property name="os.name" value="Linux"/>
    <property name="test.build.data" value="/tmp/workdir/hadoop-ozone/tools/target/test-dir"/>
    <property name="user.country" value="US"/>
    <property name="sun.java.launcher" value="SUN_STANDARD"/>
    <property name="sun.boot.library.path" value="/usr/lib/jvm/java-1.8-openjdk/jre/lib/amd64"/>
    <property name="sun.java.command" value="/tmp/workdir/hadoop-ozone/tools/target/surefire/surefirebooter5227865966208942402.jar /tmp/workdir/hadoop-ozone/tools/target/surefire 2019-07-09T02-08-15_924-jvmRun1 surefire1086339556950917272tmp surefire_1044325981617742761656tmp"/>
    <property name="surefire.test.class.path" value="/tmp/workdir/hadoop-ozone/tools/target/test-classes:/tmp/workdir/hadoop-ozone/tools/target/classes:/tmp/workdir/hadoop-ozone/ozone-manager/target/classes:/tmp/workdir/hadoop-hdds/docs/target/classes:/home/user/.m2/repository/org/bouncycastle/bcprov-jdk15on/1.60/bcprov-jdk15on-1.60.jar:/tmp/workdir/hadoop-ozone/common/target/classes:/home/user/.m2/repository/org/apache/commons/commons-compress/1.4.1/commons-compress-1.4.1.jar:/home/user/.m2/repository/org/tukaani/xz/1.0/xz-1.0.jar:/home/user/.m2/repository/org/apache/hadoop/hadoop-hdfs-client/3.2.0/hadoop-hdfs-client-3.2.0.jar:/home/user/.m2/repository/com/fasterxml/jackson/core/jackson-annotations/2.9.5/jackson-annotations-2.9.5.jar:/tmp/workdir/hadoop-hdds/common/target/classes:/tmp/workdir/hadoop-hdds/config/target/classes:/home/user/.m2/repository/javax/annotation/javax.annotation-api/1.2/javax.annotation-api-1.2.jar:/home/user/.m2/repository/org/apache/ratis/ratis-server/0.4.0-2337318-SNAPSHOT/ratis-server-0.4.0-2337318-SNAPSHOT.jar:/home/user/.m2/repository/org/apache/ratis/ratis-thirdparty-misc/0.2.0/ratis-thirdparty-misc-0.2.0.jar:/home/user/.m2/repository/org/apache/ratis/ratis-proto/0.4.0-2337318-SNAPSHOT/ratis-proto-0.4.0-2337318-SNAPSHOT.jar:/home/user/.m2/repository/org/apache/ratis/ratis-common/0.4.0-2337318-SNAPSHOT/ratis-common-0.4.0-2337318-SNAPSHOT.jar:/home/user/.m2/repository/org/apache/ratis/ratis-client/0.4.0-2337318-SNAPSHOT/ratis-client-0.4.0-2337318-SNAPSHOT.jar:/home/user/.m2/repository/org/apache/ratis/ratis-metrics/0.4.0-2337318-SNAPSHOT/ratis-metrics-0.4.0-2337318-SNAPSHOT.jar:/home/user/.m2/repository/org/apache/ratis/ratis-netty/0.4.0-2337318-SNAPSHOT/ratis-netty-0.4.0-2337318-SNAPSHOT.jar:/home/user/.m2/repository/org/apache/ratis/ratis-grpc/0.4.0-2337318-SNAPSHOT/ratis-grpc-0.4.0-2337318-SNAPSHOT.jar:/home/user/.m2/repository/org/rocksdb/rocksdbjni/6.0.1/rocksdbjni-6.0.1.jar:/home/user/.m2/repository/org/apache/logging/log4j/log4j-api/2.11.0/log4j-api-2.11.0.jar:/home/user/.m2/repository/org/apache/logging/log4j/log4j-core/2.11.0/log4j-core-2.11.0.jar:/home/user/.m2/repository/com/lmax/disruptor/3.4.2/disruptor-3.4.2.jar:/home/user/.m2/repository/org/apache/commons/commons-pool2/2.6.0/commons-pool2-2.6.0.jar:/home/user/.m2/repository/org/bouncycastle/bcpkix-jdk15on/1.60/bcpkix-jdk15on-1.60.jar:/home/user/.m2/repository/commons-validator/commons-validator/1.6/commons-validator-1.6.jar:/home/user/.m2/repository/commons-digester/commons-digester/1.8.1/commons-digester-1.8.1.jar:/home/user/.m2/repository/io/jaegertracing/jaeger-client/0.33.1/jaeger-client-0.33.1.jar:/home/user/.m2/repository/io/jaegertracing/jaeger-thrift/0.33.1/jaeger-thrift-0.33.1.jar:/home/user/.m2/repository/org/apache/thrift/libthrift/0.11.0/libthrift-0.11.0.jar:/home/user/.m2/repository/com/squareup/okhttp3/okhttp/3.9.0/okhttp-3.9.0.jar:/home/user/.m2/repository/com/squareup/okio/okio/1.13.0/okio-1.13.0.jar:/home/user/.m2/repository/io/jaegertracing/jaeger-core/0.33.1/jaeger-core-0.33.1.jar:/home/user/.m2/repository/io/jaegertracing/jaeger-tracerresolver/0.33.1/jaeger-tracerresolver-0.33.1.jar:/home/user/.m2/repository/io/opentracing/contrib/opentracing-tracerresolver/0.1.5/opentracing-tracerresolver-0.1.5.jar:/home/user/.m2/repository/io/opentracing/opentracing-util/0.31.0/opentracing-util-0.31.0.jar:/home/user/.m2/repository/io/opentracing/opentracing-api/0.31.0/opentracing-api-0.31.0.jar:/home/user/.m2/repository/io/opentracing/opentracing-noop/0.31.0/opentracing-noop-0.31.0.jar:/home/user/.m2/repository/org/yaml/snakeyaml/1.16/snakeyaml-1.16.jar:/tmp/workdir/hadoop-hdds/container-service/target/classes:/tmp/workdir/hadoop-hdds/client/target/classes:/tmp/workdir/hadoop-hdds/tools/target/classes:/home/user/.m2/repository/org/xerial/sqlite-jdbc/3.25.2/sqlite-jdbc-3.25.2.jar:/tmp/workdir/hadoop-hdds/server-scm/target/classes:/home/user/.m2/repository/org/hamcrest/hamcrest-all/1.3/hamcrest-all-1.3.jar:/home/user/.m2/repository/info/picocli/picocli/3.9.6/picocli-3.9.6.jar:/home/user/.m2/repository/com/google/protobuf/protobuf-java/2.5.0/protobuf-java-2.5.0.jar:/home/user/.m2/repository/com/google/guava/guava/11.0.2/guava-11.0.2.jar:/tmp/workdir/hadoop-ozone/client/target/classes:/home/user/.m2/repository/org/apache/hadoop/hadoop-ozone-filesystem/0.5.0-SNAPSHOT/hadoop-ozone-filesystem-0.5.0-SNAPSHOT.jar:/tmp/workdir/hadoop-hdds/framework/target/classes:/home/user/.m2/repository/org/apache/hadoop/hadoop-common/3.2.0/hadoop-common-3.2.0.jar:/home/user/.m2/repository/org/apache/hadoop/hadoop-annotations/3.2.0/hadoop-annotations-3.2.0.jar:/usr/lib/jvm/java-1.8-openjdk/jre/../lib/tools.jar:/home/user/.m2/repository/commons-cli/commons-cli/1.2/commons-cli-1.2.jar:/home/user/.m2/repository/org/apache/commons/commons-math3/3.1.1/commons-math3-3.1.1.jar:/home/user/.m2/repository/org/apache/httpcomponents/httpclient/4.5.2/httpclient-4.5.2.jar:/home/user/.m2/repository/org/apache/httpcomponents/httpcore/4.4.4/httpcore-4.4.4.jar:/home/user/.m2/repository/commons-codec/commons-codec/1.11/commons-codec-1.11.jar:/home/user/.m2/repository/commons-io/commons-io/2.5/commons-io-2.5.jar:/home/user/.m2/repository/commons-net/commons-net/3.6/commons-net-3.6.jar:/home/user/.m2/repository/commons-collections/commons-collections/3.2.2/commons-collections-3.2.2.jar:/home/user/.m2/repository/javax/servlet/javax.servlet-api/3.1.0/javax.servlet-api-3.1.0.jar:/home/user/.m2/repository/org/eclipse/jetty/jetty-server/9.3.24.v20180605/jetty-server-9.3.24.v20180605.jar:/home/user/.m2/repository/org/eclipse/jetty/jetty-http/9.3.24.v20180605/jetty-http-9.3.24.v20180605.jar:/home/user/.m2/repository/org/eclipse/jetty/jetty-io/9.3.24.v20180605/jetty-io-9.3.24.v20180605.jar:/home/user/.m2/repository/org/eclipse/jetty/jetty-util/9.3.24.v20180605/jetty-util-9.3.24.v20180605.jar:/home/user/.m2/repository/org/eclipse/jetty/jetty-servlet/9.3.24.v20180605/jetty-servlet-9.3.24.v20180605.jar:/home/user/.m2/repository/org/eclipse/jetty/jetty-security/9.3.24.v20180605/jetty-security-9.3.24.v20180605.jar:/home/user/.m2/repository/org/eclipse/jetty/jetty-webapp/9.3.24.v20180605/jetty-webapp-9.3.24.v20180605.jar:/home/user/.m2/repository/org/eclipse/jetty/jetty-xml/9.3.24.v20180605/jetty-xml-9.3.24.v20180605.jar:/home/user/.m2/repository/javax/servlet/jsp/jsp-api/2.1/jsp-api-2.1.jar:/home/user/.m2/repository/com/sun/jersey/jersey-core/1.19/jersey-core-1.19.jar:/home/user/.m2/repository/javax/ws/rs/jsr311-api/1.1.1/jsr311-api-1.1.1.jar:/home/user/.m2/repository/com/sun/jersey/jersey-servlet/1.19/jersey-servlet-1.19.jar:/home/user/.m2/repository/com/sun/jersey/jersey-json/1.19/jersey-json-1.19.jar:/home/user/.m2/repository/org/codehaus/jettison/jettison/1.1/jettison-1.1.jar:/home/user/.m2/repository/com/sun/xml/bind/jaxb-impl/2.3.0.1/jaxb-impl-2.3.0.1.jar:/home/user/.m2/repository/org/codehaus/jackson/jackson-core-asl/1.9.13/jackson-core-asl-1.9.13.jar:/home/user/.m2/repository/org/codehaus/jackson/jackson-mapper-asl/1.9.13/jackson-mapper-asl-1.9.13.jar:/home/user/.m2/repository/org/codehaus/jackson/jackson-jaxrs/1.9.13/jackson-jaxrs-1.9.13.jar:/home/user/.m2/repository/org/codehaus/jackson/jackson-xc/1.9.13/jackson-xc-1.9.13.jar:/home/user/.m2/repository/com/sun/jersey/jersey-server/1.19/jersey-server-1.19.jar:/home/user/.m2/repository/commons-logging/commons-logging/1.1.3/commons-logging-1.1.3.jar:/home/user/.m2/repository/log4j/log4j/1.2.17/log4j-1.2.17.jar:/home/user/.m2/repository/commons-beanutils/commons-beanutils/1.9.3/commons-beanutils-1.9.3.jar:/home/user/.m2/repository/org/apache/commons/commons-configuration2/2.1.1/commons-configuration2-2.1.1.jar:/home/user/.m2/repository/org/apache/commons/commons-lang3/3.7/commons-lang3-3.7.jar:/home/user/.m2/repository/org/apache/commons/commons-text/1.4/commons-text-1.4.jar:/home/user/.m2/repository/org/slf4j/slf4j-api/1.7.25/slf4j-api-1.7.25.jar:/home/user/.m2/repository/org/slf4j/slf4j-log4j12/1.7.25/slf4j-log4j12-1.7.25.jar:/home/user/.m2/repository/org/apache/avro/avro/1.7.7/avro-1.7.7.jar:/home/user/.m2/repository/com/thoughtworks/paranamer/paranamer/2.3/paranamer-2.3.jar:/home/user/.m2/repository/org/xerial/snappy/snappy-java/1.0.5/snappy-java-1.0.5.jar:/home/user/.m2/repository/com/google/re2j/re2j/1.1/re2j-1.1.jar:/home/user/.m2/repository/com/google/code/gson/gson/2.2.4/gson-2.2.4.jar:/home/user/.m2/repository/org/apache/hadoop/hadoop-auth/3.2.0/hadoop-auth-3.2.0.jar:/home/user/.m2/repository/com/nimbusds/nimbus-jose-jwt/4.41.1/nimbus-jose-jwt-4.41.1.jar:/home/user/.m2/repository/com/github/stephenc/jcip/jcip-annotations/1.0-1/jcip-annotations-1.0-1.jar:/home/user/.m2/repository/net/minidev/json-smart/2.3/json-smart-2.3.jar:/home/user/.m2/repository/net/minidev/accessors-smart/1.2/accessors-smart-1.2.jar:/home/user/.m2/repository/org/apache/curator/curator-framework/2.12.0/curator-framework-2.12.0.jar:/home/user/.m2/repository/com/jcraft/jsch/0.1.54/jsch-0.1.54.jar:/home/user/.m2/repository/org/apache/curator/curator-client/2.12.0/curator-client-2.12.0.jar:/home/user/.m2/repository/org/apache/curator/curator-recipes/2.12.0/curator-recipes-2.12.0.jar:/home/user/.m2/repository/com/google/code/findbugs/jsr305/3.0.0/jsr305-3.0.0.jar:/home/user/.m2/repository/org/apache/htrace/htrace-core4/4.1.0-incubating/htrace-core4-4.1.0-incubating.jar:/home/user/.m2/repository/org/apache/zookeeper/zookeeper/3.4.13/zookeeper-3.4.13.jar:/home/user/.m2/repository/org/apache/yetus/audience-annotations/0.5.0/audience-annotations-0.5.0.jar:/home/user/.m2/repository/org/apache/kerby/kerb-simplekdc/1.0.1/kerb-simplekdc-1.0.1.jar:/home/user/.m2/repository/org/apache/kerby/kerb-client/1.0.1/kerb-client-1.0.1.jar:/home/user/.m2/repository/org/apache/kerby/kerby-config/1.0.1/kerby-config-1.0.1.jar:/home/user/.m2/repository/org/apache/kerby/kerb-core/1.0.1/kerb-core-1.0.1.jar:/home/user/.m2/repository/org/apache/kerby/kerby-pkix/1.0.1/kerby-pkix-1.0.1.jar:/home/user/.m2/repository/org/apache/kerby/kerby-asn1/1.0.1/kerby-asn1-1.0.1.jar:/home/user/.m2/repository/org/apache/kerby/kerby-util/1.0.1/kerby-util-1.0.1.jar:/home/user/.m2/repository/org/apache/kerby/kerb-common/1.0.1/kerb-common-1.0.1.jar:/home/user/.m2/repository/org/apache/kerby/kerb-crypto/1.0.1/kerb-crypto-1.0.1.jar:/home/user/.m2/repository/org/apache/kerby/kerb-util/1.0.1/kerb-util-1.0.1.jar:/home/user/.m2/repository/org/apache/kerby/token-provider/1.0.1/token-provider-1.0.1.jar:/home/user/.m2/repository/org/apache/kerby/kerb-admin/1.0.1/kerb-admin-1.0.1.jar:/home/user/.m2/repository/org/apache/kerby/kerb-server/1.0.1/kerb-server-1.0.1.jar:/home/user/.m2/repository/org/apache/kerby/kerb-identity/1.0.1/kerb-identity-1.0.1.jar:/home/user/.m2/repository/org/apache/kerby/kerby-xdr/1.0.1/kerby-xdr-1.0.1.jar:/home/user/.m2/repository/com/fasterxml/jackson/core/jackson-databind/2.9.5/jackson-databind-2.9.5.jar:/home/user/.m2/repository/com/fasterxml/jackson/core/jackson-core/2.9.5/jackson-core-2.9.5.jar:/home/user/.m2/repository/org/codehaus/woodstox/stax2-api/3.1.4/stax2-api-3.1.4.jar:/home/user/.m2/repository/com/fasterxml/woodstox/woodstox-core/5.0.3/woodstox-core-5.0.3.jar:/home/user/.m2/repository/dnsjava/dnsjava/2.1.7/dnsjava-2.1.7.jar:/home/user/.m2/repository/org/apache/hadoop/hadoop-hdfs/3.2.0/hadoop-hdfs-3.2.0.jar:/home/user/.m2/repository/org/eclipse/jetty/jetty-util-ajax/9.3.24.v20180605/jetty-util-ajax-9.3.24.v20180605.jar:/home/user/.m2/repository/commons-daemon/commons-daemon/1.0.13/commons-daemon-1.0.13.jar:/home/user/.m2/repository/io/netty/netty/3.10.5.Final/netty-3.10.5.Final.jar:/home/user/.m2/repository/io/netty/netty-all/4.0.52.Final/netty-all-4.0.52.Final.jar:/home/user/.m2/repository/org/fusesource/leveldbjni/leveldbjni-all/1.8/leveldbjni-all-1.8.jar:/home/user/.m2/repository/com/sun/xml/bind/jaxb-core/2.3.0.1/jaxb-core-2.3.0.1.jar:/home/user/.m2/repository/javax/xml/bind/jaxb-api/2.3.0/jaxb-api-2.3.0.jar:/home/user/.m2/repository/javax/activation/activation/1.1.1/activation-1.1.1.jar:/home/user/.m2/repository/io/dropwizard/metrics/metrics-core/3.2.4/metrics-core-3.2.4.jar:/home/user/.m2/repository/org/openjdk/jmh/jmh-core/1.19/jmh-core-1.19.jar:/home/user/.m2/repository/net/sf/jopt-simple/jopt-simple/4.6/jopt-simple-4.6.jar:/home/user/.m2/repository/org/openjdk/jmh/jmh-generator-annprocess/1.19/jmh-generator-annprocess-1.19.jar:/home/user/.m2/repository/com/google/code/findbugs/findbugs/3.0.1/findbugs-3.0.1.jar:/home/user/.m2/repository/net/jcip/jcip-annotations/1.0/jcip-annotations-1.0.jar:/home/user/.m2/repository/com/google/code/findbugs/bcel-findbugs/6.0/bcel-findbugs-6.0.jar:/home/user/.m2/repository/com/google/code/findbugs/jFormatString/2.0.1/jFormatString-2.0.1.jar:/home/user/.m2/repository/dom4j/dom4j/1.6.1/dom4j-1.6.1.jar:/home/user/.m2/repository/xml-apis/xml-apis/1.0.b2/xml-apis-1.0.b2.jar:/home/user/.m2/repository/org/ow2/asm/asm-debug-all/5.0.2/asm-debug-all-5.0.2.jar:/home/user/.m2/repository/org/ow2/asm/asm-commons/5.0.2/asm-commons-5.0.2.jar:/home/user/.m2/repository/org/ow2/asm/asm-tree/5.0.2/asm-tree-5.0.2.jar:/home/user/.m2/repository/org/ow2/asm/asm/5.0.4/asm-5.0.4.jar:/home/user/.m2/repository/commons-lang/commons-lang/2.6/commons-lang-2.6.jar:/home/user/.m2/repository/com/apple/AppleJavaExtensions/1.4/AppleJavaExtensions-1.4.jar:/home/user/.m2/repository/jaxen/jaxen/1.1.6/jaxen-1.1.6.jar:/home/user/.m2/repository/junit/junit/4.11/junit-4.11.jar:/home/user/.m2/repository/org/hamcrest/hamcrest-core/1.3/hamcrest-core-1.3.jar:/home/user/.m2/repository/org/apache/hadoop/hadoop-common/3.2.0/hadoop-common-3.2.0-tests.jar:/home/user/.m2/repository/org/apache/hadoop/hadoop-ozone-integration-test/0.5.0-SNAPSHOT/hadoop-ozone-integration-test-0.5.0-SNAPSHOT-tests.jar:/tmp/workdir/hadoop-ozone/objectstore-service/target/classes:/tmp/workdir/hadoop-ozone/s3gateway/target/classes:/home/user/.m2/repository/org/jboss/weld/servlet/weld-servlet/2.4.7.Final/weld-servlet-2.4.7.Final.jar:/home/user/.m2/repository/org/glassfish/jersey/containers/jersey-container-servlet-core/2.27/jersey-container-servlet-core-2.27.jar:/home/user/.m2/repository/org/glassfish/hk2/external/javax.inject/2.5.0-b42/javax.inject-2.5.0-b42.jar:/home/user/.m2/repository/org/glassfish/jersey/core/jersey-common/2.27/jersey-common-2.27.jar:/home/user/.m2/repository/org/glassfish/hk2/osgi-resource-locator/1.0.1/osgi-resource-locator-1.0.1.jar:/home/user/.m2/repository/javax/ws/rs/javax.ws.rs-api/2.1/javax.ws.rs-api-2.1.jar:/home/user/.m2/repository/org/glassfish/jersey/ext/cdi/jersey-cdi1x/2.27/jersey-cdi1x-2.27.jar:/home/user/.m2/repository/org/glassfish/jersey/inject/jersey-hk2/2.27/jersey-hk2-2.27.jar:/home/user/.m2/repository/org/glassfish/hk2/hk2-locator/2.5.0-b42/hk2-locator-2.5.0-b42.jar:/home/user/.m2/repository/org/javassist/javassist/3.22.0-CR2/javassist-3.22.0-CR2.jar:/home/user/.m2/repository/org/glassfish/hk2/hk2-api/2.5.0/hk2-api-2.5.0.jar:/home/user/.m2/repository/org/glassfish/hk2/external/jakarta.inject/2.5.0/jakarta.inject-2.5.0.jar:/home/user/.m2/repository/org/glassfish/hk2/hk2-utils/2.5.0/hk2-utils-2.5.0.jar:/home/user/.m2/repository/jakarta/annotation/jakarta.annotation-api/1.3.4/jakarta.annotation-api-1.3.4.jar:/home/user/.m2/repository/org/glassfish/hk2/external/aopalliance-repackaged/2.5.0/aopalliance-repackaged-2.5.0.jar:/home/user/.m2/repository/com/fasterxml/jackson/dataformat/jackson-dataformat-xml/2.9.0/jackson-dataformat-xml-2.9.0.jar:/home/user/.m2/repository/com/fasterxml/jackson/module/jackson-module-jaxb-annotations/2.9.5/jackson-module-jaxb-annotations-2.9.5.jar:/home/user/.m2/repository/javax/enterprise/cdi-api/1.2/cdi-api-1.2.jar:/home/user/.m2/repository/javax/el/javax.el-api/3.0.0/javax.el-api-3.0.0.jar:/home/user/.m2/repository/javax/interceptor/javax.interceptor-api/1.2/javax.interceptor-api-1.2.jar:/home/user/.m2/repository/javax/inject/javax.inject/1/javax.inject-1.jar:/tmp/workdir/hadoop-ozone/csi/target/classes:/home/user/.m2/repository/com/google/protobuf/protobuf-java-util/3.5.1/protobuf-java-util-3.5.1.jar:/home/user/.m2/repository/io/grpc/grpc-netty/1.17.1/grpc-netty-1.17.1.jar:/home/user/.m2/repository/io/grpc/grpc-core/1.17.1/grpc-core-1.17.1.jar:/home/user/.m2/repository/io/grpc/grpc-context/1.17.1/grpc-context-1.17.1.jar:/home/user/.m2/repository/com/google/errorprone/error_prone_annotations/2.2.0/error_prone_annotations-2.2.0.jar:/home/user/.m2/repository/org/codehaus/mojo/animal-sniffer-annotations/1.17/animal-sniffer-annotations-1.17.jar:/home/user/.m2/repository/io/opencensus/opencensus-api/0.17.0/opencensus-api-0.17.0.jar:/home/user/.m2/repository/io/opencensus/opencensus-contrib-grpc-metrics/0.17.0/opencensus-contrib-grpc-metrics-0.17.0.jar:/home/user/.m2/repository/io/netty/netty-codec-http2/4.1.30.Final/netty-codec-http2-4.1.30.Final.jar:/home/user/.m2/repository/io/netty/netty-codec-http/4.1.30.Final/netty-codec-http-4.1.30.Final.jar:/home/user/.m2/repository/io/netty/netty-codec/4.1.30.Final/netty-codec-4.1.30.Final.jar:/home/user/.m2/repository/io/netty/netty-handler/4.1.30.Final/netty-handler-4.1.30.Final.jar:/home/user/.m2/repository/io/netty/netty-handler-proxy/4.1.30.Final/netty-handler-proxy-4.1.30.Final.jar:/home/user/.m2/repository/io/netty/netty-codec-socks/4.1.30.Final/netty-codec-socks-4.1.30.Final.jar:/home/user/.m2/repository/io/netty/netty-transport-native-epoll/4.1.30.Final/netty-transport-native-epoll-4.1.30.Final.jar:/home/user/.m2/repository/io/netty/netty-common/4.1.30.Final/netty-common-4.1.30.Final.jar:/home/user/.m2/repository/io/netty/netty-buffer/4.1.30.Final/netty-buffer-4.1.30.Final.jar:/home/user/.m2/repository/io/netty/netty-transport/4.1.30.Final/netty-transport-4.1.30.Final.jar:/home/user/.m2/repository/io/netty/netty-resolver/4.1.30.Final/netty-resolver-4.1.30.Final.jar:/home/user/.m2/repository/io/netty/netty-transport-native-unix-common/4.1.30.Final/netty-transport-native-unix-common-4.1.30.Final.jar:/home/user/.m2/repository/io/grpc/grpc-protobuf/1.17.1/grpc-protobuf-1.17.1.jar:/home/user/.m2/repository/com/google/api/grpc/proto-google-common-protos/1.0.0/proto-google-common-protos-1.0.0.jar:/home/user/.m2/repository/io/grpc/grpc-protobuf-lite/1.17.1/grpc-protobuf-lite-1.17.1.jar:/home/user/.m2/repository/io/grpc/grpc-stub/1.17.1/grpc-stub-1.17.1.jar:/tmp/workdir/hadoop-ozone/ozone-recon/target/classes:/tmp/workdir/hadoop-ozone/ozone-recon-codegen/target/classes:/home/user/.m2/repository/com/google/inject/extensions/guice-multibindings/4.0/guice-multibindings-4.0.jar:/home/user/.m2/repository/com/google/inject/guice/4.0/guice-4.0.jar:/home/user/.m2/repository/aopalliance/aopalliance/1.0/aopalliance-1.0.jar:/home/user/.m2/repository/com/google/inject/extensions/guice-servlet/4.0/guice-servlet-4.0.jar:/home/user/.m2/repository/org/glassfish/jersey/containers/jersey-container-servlet/2.27/jersey-container-servlet-2.27.jar:/home/user/.m2/repository/org/glassfish/hk2/guice-bridge/2.5.0/guice-bridge-2.5.0.jar:/home/user/.m2/repository/org/glassfish/jersey/core/jersey-server/2.27/jersey-server-2.27.jar:/home/user/.m2/repository/org/glassfish/jersey/core/jersey-client/2.27/jersey-client-2.27.jar:/home/user/.m2/repository/org/glassfish/jersey/media/jersey-media-jaxb/2.27/jersey-media-jaxb-2.27.jar:/home/user/.m2/repository/javax/validation/validation-api/1.1.0.Final/validation-api-1.1.0.Final.jar:/home/user/.m2/repository/org/glassfish/jersey/media/jersey-media-json-jackson/2.27/jersey-media-json-jackson-2.27.jar:/home/user/.m2/repository/org/glassfish/jersey/ext/jersey-entity-filtering/2.27/jersey-entity-filtering-2.27.jar:/home/user/.m2/repository/com/google/inject/extensions/guice-assistedinject/4.0/guice-assistedinject-4.0.jar:/home/user/.m2/repository/org/jooq/jooq/3.11.10/jooq-3.11.10.jar:/home/user/.m2/repository/org/jooq/jooq-meta/3.11.10/jooq-meta-3.11.10.jar:/home/user/.m2/repository/org/jooq/jooq-codegen/3.11.10/jooq-codegen-3.11.10.jar:/home/user/.m2/repository/com/jolbox/bonecp/0.8.0.RELEASE/bonecp-0.8.0.RELEASE.jar:/home/user/.m2/repository/org/springframework/spring-jdbc/5.1.3.RELEASE/spring-jdbc-5.1.3.RELEASE.jar:/home/user/.m2/repository/org/springframework/spring-beans/5.1.3.RELEASE/spring-beans-5.1.3.RELEASE.jar:/home/user/.m2/repository/org/springframework/spring-core/5.1.3.RELEASE/spring-core-5.1.3.RELEASE.jar:/home/user/.m2/repository/org/springframework/spring-jcl/5.1.3.RELEASE/spring-jcl-5.1.3.RELEASE.jar:/home/user/.m2/repository/org/springframework/spring-tx/5.1.3.RELEASE/spring-tx-5.1.3.RELEASE.jar:/home/user/.m2/repository/org/mockito/mockito-core/2.15.0/mockito-core-2.15.0.jar:/home/user/.m2/repository/net/bytebuddy/byte-buddy/1.7.9/byte-buddy-1.7.9.jar:/home/user/.m2/repository/net/bytebuddy/byte-buddy-agent/1.7.9/byte-buddy-agent-1.7.9.jar:/home/user/.m2/repository/org/objenesis/objenesis/1.0/objenesis-1.0.jar:"/>
    <property name="sun.cpu.endian" value="little"/>
    <property name="user.home" value="/home/user"/>
    <property name="user.language" value="en"/>
    <property name="java.specification.vendor" value="Oracle Corporation"/>
    <property name="java.home" value="/usr/lib/jvm/java-1.8-openjdk/jre"/>
    <property name="java.security.krb5.conf" value="/tmp/workdir/hadoop-ozone/tools/target/test-classes/krb5.conf"/>
    <property name="basedir" value="/tmp/workdir/hadoop-ozone/tools"/>
    <property name="file.separator" value="/"/>
    <property name="line.separator" value="&#10;"/>
    <property name="java.vm.specification.vendor" value="Oracle Corporation"/>
    <property name="java.specification.name" value="Java Platform API Specification"/>
    <property name="java.awt.graphicsenv" value="sun.awt.X11GraphicsEnvironment"/>
    <property name="surefire.real.class.path" value="/tmp/workdir/hadoop-ozone/tools/target/surefire/surefirebooter5227865966208942402.jar"/>
    <property name="hadoop.log.dir" value="/tmp/workdir/hadoop-ozone/tools/target/log"/>
    <property name="sun.boot.class.path" value="/usr/lib/jvm/java-1.8-openjdk/jre/lib/resources.jar:/usr/lib/jvm/java-1.8-openjdk/jre/lib/rt.jar:/usr/lib/jvm/java-1.8-openjdk/jre/lib/sunrsasign.jar:/usr/lib/jvm/java-1.8-openjdk/jre/lib/jsse.jar:/usr/lib/jvm/java-1.8-openjdk/jre/lib/jce.jar:/usr/lib/jvm/java-1.8-openjdk/jre/lib/charsets.jar:/usr/lib/jvm/java-1.8-openjdk/jre/lib/jfr.jar:/usr/lib/jvm/java-1.8-openjdk/jre/classes"/>
    <property name="sun.management.compiler" value="HotSpot 64-Bit Tiered Compilers"/>
    <property name="java.runtime.version" value="1.8.0_212-b04"/>
    <property name="java.net.preferIPv4Stack" value="true"/>
    <property name="user.name" value="jenkins1000"/>
    <property name="path.separator" value=":"/>
    <property name="java.security.egd" value="file:///dev/urandom"/>
    <property name="os.version" value="3.10.0-957.12.2.el7.x86_64"/>
    <property name="java.endorsed.dirs" value="/usr/lib/jvm/java-1.8-openjdk/jre/lib/endorsed"/>
    <property name="java.runtime.name" value="OpenJDK Runtime Environment"/>
    <property name="file.encoding" value="UTF-8"/>
    <property name="java.vm.name" value="OpenJDK 64-Bit Server VM"/>
    <property name="test.build.webapps" value=""/>
    <property name="localRepository" value="/home/user/.m2/repository"/>
    <property name="java.vendor.url.bug" value="https://icedtea.classpath.org/bugzilla"/>
    <property name="java.io.tmpdir" value="/tmp"/>
    <property name="require.test.libhadoop" value=""/>
    <property name="java.version" value="1.8.0_212"/>
    <property name="user.dir" value="/tmp/workdir/hadoop-ozone/tools"/>
    <property name="os.arch" value="amd64"/>
    <property name="java.vm.specification.name" value="Java Virtual Machine Specification"/>
    <property name="test.build.classes" value="/tmp/workdir/hadoop-ozone/tools/target/test-classes"/>
    <property name="java.awt.printerjob" value="sun.print.PSPrinterJob"/>
    <property name="sun.os.patch.level" value="unknown"/>
    <property name="hadoop.tmp.dir" value="/tmp/workdir/hadoop-ozone/tools/target/tmp"/>
    <property name="java.library.path" value="/usr/lib/jvm/java-1.8-openjdk/jre/lib/amd64/server:/usr/lib/jvm/java-1.8-openjdk/jre/lib/amd64:/usr/lib/jvm/java-1.8-openjdk/jre/../lib/amd64:/tmp/workdir/hadoop-ozone/tools/target/native/target/usr/local/lib:/tmp/workdir/hadoop-ozone/tools/../../hadoop-common-project/hadoop-common/target/native/target/usr/local/lib:/usr/java/packages/lib/amd64:/usr/lib64:/lib64:/lib:/usr/lib"/>
    <property name="java.vm.info" value="mixed mode"/>
    <property name="java.vendor" value="IcedTea"/>
    <property name="java.vm.version" value="25.212-b04"/>
    <property name="java.ext.dirs" value="/usr/lib/jvm/java-1.8-openjdk/jre/lib/ext:/usr/java/packages/lib/ext"/>
    <property name="sun.io.unicode.encoding" value="UnicodeLittle"/>
    <property name="java.class.version" value="52.0"/>
  </properties>
  <testcase name="testRestart" classname="org.apache.hadoop.ozone.freon.TestFreonWithPipelineDestroy" time="20.518">
    <error message="Unexpected Storage Container Exception: org.apache.hadoop.hdds.scm.container.common.helpers.StorageContainerException: ContainerID 6 does not exist" type="java.io.IOException">java.io.IOException: Unexpected Storage Container Exception: org.apache.hadoop.hdds.scm.container.common.helpers.StorageContainerException: ContainerID 6 does not exist
	at org.apache.hadoop.hdds.scm.storage.BlockOutputStream.setIoException(BlockOutputStream.java:548)
	at org.apache.hadoop.hdds.scm.storage.BlockOutputStream.validateResponse(BlockOutputStream.java:539)
	at org.apache.hadoop.hdds.scm.storage.BlockOutputStream.lambda$writeChunkToContainer$2(BlockOutputStream.java:614)
	at java.util.concurrent.CompletableFuture.uniApply(CompletableFuture.java:602)
	at java.util.concurrent.CompletableFuture$UniApply.tryFire(CompletableFuture.java:577)
	at java.util.concurrent.CompletableFuture$Completion.run(CompletableFuture.java:442)
	at java.util.concurrent.ThreadPoolExecutor.runWorker(ThreadPoolExecutor.java:1149)
	at java.util.concurrent.ThreadPoolExecutor$Worker.run(ThreadPoolExecutor.java:624)
	at java.lang.Thread.run(Thread.java:748)
Caused by: org.apache.hadoop.hdds.scm.container.common.helpers.StorageContainerException: ContainerID 6 does not exist
	at org.apache.hadoop.hdds.scm.storage.ContainerProtocolCalls.validateContainerResponse(ContainerProtocolCalls.java:536)
	at org.apache.hadoop.hdds.scm.storage.BlockOutputStream.validateResponse(BlockOutputStream.java:536)
	... 7 more
</error>
    <system-out><![CDATA[2019-07-09 02:21:53,931 WARN  server.ServerUtils (ServerUtils.java:getScmDbDir(145)) - ozone.scm.db.dirs is not configured. We recommend adding this setting. Falling back to ozone.metadata.dirs instead.
2019-07-09 02:21:54,046 WARN  server.ServerUtils (ServerUtils.java:getScmDbDir(145)) - ozone.scm.db.dirs is not configured. We recommend adding this setting. Falling back to ozone.metadata.dirs instead.
2019-07-09 02:21:54,049 WARN  server.ServerUtils (ServerUtils.java:getScmDbDir(145)) - ozone.scm.db.dirs is not configured. We recommend adding this setting. Falling back to ozone.metadata.dirs instead.
2019-07-09 02:21:54,065 INFO  util.log (Log.java:initialized(192)) - Logging initialized @896ms
2019-07-09 02:21:54,143 INFO  db.DBStoreBuilder (DBStoreBuilder.java:addTable(110)) - using custom profile for table: deletedBlocks
2019-07-09 02:21:54,144 INFO  db.DBStoreBuilder (DBStoreBuilder.java:processTables(161)) - Using default column profile:DBProfile.DISK for Table:deletedBlocks
2019-07-09 02:21:54,144 INFO  db.DBStoreBuilder (DBStoreBuilder.java:addTable(110)) - using custom profile for table: validCerts
2019-07-09 02:21:54,144 INFO  db.DBStoreBuilder (DBStoreBuilder.java:processTables(161)) - Using default column profile:DBProfile.DISK for Table:validCerts
2019-07-09 02:21:54,144 INFO  db.DBStoreBuilder (DBStoreBuilder.java:addTable(110)) - using custom profile for table: revokedCerts
2019-07-09 02:21:54,145 INFO  db.DBStoreBuilder (DBStoreBuilder.java:processTables(161)) - Using default column profile:DBProfile.DISK for Table:revokedCerts
2019-07-09 02:21:54,154 INFO  db.DBStoreBuilder (DBStoreBuilder.java:addTable(110)) - using custom profile for table: default
2019-07-09 02:21:54,154 INFO  db.DBStoreBuilder (DBStoreBuilder.java:processTables(167)) - Using default column profile:DBProfile.DISK for Table:default
2019-07-09 02:21:54,155 INFO  db.DBStoreBuilder (DBStoreBuilder.java:getDbProfile(198)) - Using default options. DBProfile.DISK
2019-07-09 02:21:54,337 INFO  net.NodeSchemaLoader (NodeSchemaLoader.java:loadSchemaFromFile(125)) - Loading file from sun.misc.CompoundEnumeration@419c5f1a
2019-07-09 02:21:54,341 INFO  net.NodeSchemaLoader (NodeSchemaLoader.java:loadSchema(171)) - Loading network topology layer schema file
2019-07-09 02:21:54,419 INFO  node.SCMNodeManager (SCMNodeManager.java:<init>(119)) - Entering startup safe mode.
2019-07-09 02:21:54,487 WARN  server.ServerUtils (ServerUtils.java:getScmDbDir(145)) - ozone.scm.db.dirs is not configured. We recommend adding this setting. Falling back to ozone.metadata.dirs instead.
2019-07-09 02:21:54,567 INFO  pipeline.SCMPipelineManager (SCMPipelineManager.java:initializePipelineState(126)) - No pipeline exists in current db
2019-07-09 02:21:54,570 WARN  server.ServerUtils (ServerUtils.java:getScmDbDir(145)) - ozone.scm.db.dirs is not configured. We recommend adding this setting. Falling back to ozone.metadata.dirs instead.
2019-07-09 02:21:54,692 WARN  events.EventQueue (EventQueue.java:fireEvent(175)) - No event handler registered for event TypedEvent{payloadType=SafeModeStatus, name='SafeModeStatus'}
2019-07-09 02:21:55,082 INFO  ipc.CallQueueManager (CallQueueManager.java:<init>(84)) - Using callQueue: class java.util.concurrent.LinkedBlockingQueue, queueCapacity: 2000, scheduler: class org.apache.hadoop.ipc.DefaultRpcScheduler, ipcBackoff: false.
2019-07-09 02:21:55,113 INFO  ipc.Server (Server.java:run(1074)) - Starting Socket Reader #1 for port 42886
2019-07-09 02:21:55,137 INFO  ipc.CallQueueManager (CallQueueManager.java:<init>(84)) - Using callQueue: class java.util.concurrent.LinkedBlockingQueue, queueCapacity: 2000, scheduler: class org.apache.hadoop.ipc.DefaultRpcScheduler, ipcBackoff: false.
2019-07-09 02:21:55,138 INFO  ipc.Server (Server.java:run(1074)) - Starting Socket Reader #1 for port 35647
2019-07-09 02:21:55,145 INFO  ipc.CallQueueManager (CallQueueManager.java:<init>(84)) - Using callQueue: class java.util.concurrent.LinkedBlockingQueue, queueCapacity: 2000, scheduler: class org.apache.hadoop.ipc.DefaultRpcScheduler, ipcBackoff: false.
2019-07-09 02:21:55,146 INFO  ipc.Server (Server.java:run(1074)) - Starting Socket Reader #1 for port 43882
2019-07-09 02:21:55,169 INFO  hdfs.DFSUtil (DFSUtil.java:httpServerTemplateForNNAndJN(1641)) - Starting Web-server for scm at: http://0.0.0.0:0
2019-07-09 02:21:55,441 INFO  server.AuthenticationFilter (AuthenticationFilter.java:constructSecretProvider(240)) - Unable to initialize FileSignerSecretProvider, falling back to use random secrets.
2019-07-09 02:21:55,459 WARN  http.HttpRequestLog (HttpRequestLog.java:getRequestLog(97)) - Jetty request log can only be enabled using Log4j
2019-07-09 02:21:55,467 INFO  http.HttpServer2 (HttpServer2.java:addGlobalFilter(975)) - Added global filter 'safety' (class=org.apache.hadoop.http.HttpServer2$QuotingInputFilter)
2019-07-09 02:21:55,470 INFO  http.HttpServer2 (HttpServer2.java:addFilter(948)) - Added filter static_user_filter (class=org.apache.hadoop.http.lib.StaticUserWebFilter$StaticUserFilter) to context scm
2019-07-09 02:21:55,470 INFO  http.HttpServer2 (HttpServer2.java:addFilter(958)) - Added filter static_user_filter (class=org.apache.hadoop.http.lib.StaticUserWebFilter$StaticUserFilter) to context logs
2019-07-09 02:21:55,470 INFO  http.HttpServer2 (HttpServer2.java:addFilter(958)) - Added filter static_user_filter (class=org.apache.hadoop.http.lib.StaticUserWebFilter$StaticUserFilter) to context static
2019-07-09 02:21:55,498 INFO  server.StorageContainerManager (StorageContainerManager.java:start(753)) - StorageContainerLocationProtocol RPC server is listening at /0.0.0.0:43882
2019-07-09 02:21:55,556 WARN  impl.MetricsConfig (MetricsConfig.java:loadFirst(134)) - Cannot locate configuration: tried hadoop-metrics2-storagecontainermanager.properties,hadoop-metrics2.properties
2019-07-09 02:21:55,569 INFO  impl.MetricsSystemImpl (MetricsSystemImpl.java:startTimer(374)) - Scheduled Metric snapshot period at 10 second(s).
2019-07-09 02:21:55,570 INFO  impl.MetricsSystemImpl (MetricsSystemImpl.java:start(191)) - StorageContainerManager metrics system started
2019-07-09 02:21:55,794 INFO  server.SCMClientProtocolServer (SCMClientProtocolServer.java:start(149)) - RPC server for Client  is listening at /0.0.0.0:43882
2019-07-09 02:21:55,795 INFO  ipc.Server (Server.java:run(1314)) - IPC Server Responder: starting
2019-07-09 02:21:55,795 INFO  ipc.Server (Server.java:run(1153)) - IPC Server listener on 43882: starting
2019-07-09 02:21:55,800 INFO  server.StorageContainerManager (StorageContainerManager.java:start(762)) - ScmBlockLocationProtocol RPC server is listening at /0.0.0.0:35647
2019-07-09 02:21:55,801 INFO  server.SCMBlockProtocolServer (SCMBlockProtocolServer.java:start(137)) - RPC server for Block Protocol is listening at /0.0.0.0:35647
2019-07-09 02:21:55,801 INFO  ipc.Server (Server.java:run(1314)) - IPC Server Responder: starting
2019-07-09 02:21:55,802 INFO  ipc.Server (Server.java:run(1153)) - IPC Server listener on 35647: starting
2019-07-09 02:21:55,809 INFO  server.StorageContainerManager (StorageContainerManager.java:start(766)) - ScmDatanodeProtocl RPC server is listening at /0.0.0.0:42886
2019-07-09 02:21:55,810 INFO  server.SCMDatanodeProtocolServer (SCMDatanodeProtocolServer.java:start(191)) - RPC server for DataNodes is listening at /0.0.0.0:42886
2019-07-09 02:21:55,811 INFO  ipc.Server (Server.java:run(1314)) - IPC Server Responder: starting
2019-07-09 02:21:55,812 INFO  ipc.Server (Server.java:run(1153)) - IPC Server listener on 42886: starting
2019-07-09 02:21:55,826 INFO  http.HttpServer2 (HttpServer2.java:bindListener(1191)) - Jetty bound to port 39137
2019-07-09 02:21:55,828 INFO  server.Server (Server.java:doStart(351)) - jetty-9.3.24.v20180605, build timestamp: 2018-06-05T17:11:56Z, git hash: 84205aa28f11a4f31f2a3b86d1bba2cc8ab69827
2019-07-09 02:21:55,867 INFO  handler.ContextHandler (ContextHandler.java:doStart(781)) - Started o.e.j.s.ServletContextHandler@7e5c856f{/logs,file:///tmp/workdir/hadoop-ozone/tools/target/log,AVAILABLE}
2019-07-09 02:21:55,868 INFO  handler.ContextHandler (ContextHandler.java:doStart(781)) - Started o.e.j.s.ServletContextHandler@1f53a5dc{/static,file:///tmp/workdir/hadoop-hdds/server-scm/target/classes/webapps/static/,AVAILABLE}
2019-07-09 02:21:55,899 INFO  handler.ContextHandler (ContextHandler.java:doStart(781)) - Started o.e.j.w.WebAppContext@295eaa7c{/,file:///tmp/workdir/hadoop-hdds/server-scm/target/classes/webapps/scm/,AVAILABLE}{/scm}
2019-07-09 02:21:55,904 INFO  server.AbstractConnector (AbstractConnector.java:doStart(278)) - Started ServerConnector@60f7cc1d{HTTP/1.1,[http/1.1]}{0.0.0.0:39137}
2019-07-09 02:21:55,904 INFO  server.Server (Server.java:doStart(419)) - Started @2735ms
2019-07-09 02:21:55,907 INFO  server.BaseHttpServer (BaseHttpServer.java:updateConnectorAddress(207)) - HTTP server of SCM is listening at http://0.0.0.0:39137
2019-07-09 02:21:55,915 INFO  util.JvmPauseMonitor (JvmPauseMonitor.java:run(188)) - Starting JVM pause monitor
2019-07-09 02:21:55,916 WARN  server.ServerUtils (ServerUtils.java:getDBPath(222)) - ozone.om.db.dirs is not configured. We recommend adding this setting. Falling back to ozone.metadata.dirs instead.
2019-07-09 02:21:56,012 WARN  server.ServerUtils (ServerUtils.java:getDBPath(222)) - ozone.om.db.dirs is not configured. We recommend adding this setting. Falling back to ozone.metadata.dirs instead.
2019-07-09 02:21:56,013 INFO  om.OzoneManager (OzoneManager.java:setOMNodeDetails(621)) - OM Service ID is not set. Setting it to the default ID: omServiceIdDefault
2019-07-09 02:21:56,013 INFO  om.OzoneManager (OzoneManager.java:setOMNodeDetails(627)) - OM Node ID is not set. Setting it to the OmStorage's OmID: 4808341e-3d8a-4707-8a9e-19515181c4d0
2019-07-09 02:21:56,015 INFO  om.OzoneManager (OzoneManager.java:loadOMHAConfigs(578)) - Found matching OM address with OMServiceId: null, OMNodeId: null, RPC Address: localhost:0 and Ratis port: 9872
2019-07-09 02:21:56,286 WARN  server.ServerUtils (ServerUtils.java:getDBPath(222)) - ozone.om.db.dirs is not configured. We recommend adding this setting. Falling back to ozone.metadata.dirs instead.
2019-07-09 02:21:56,297 INFO  db.DBStoreBuilder (DBStoreBuilder.java:addTable(110)) - using custom profile for table: userTable
2019-07-09 02:21:56,297 INFO  db.DBStoreBuilder (DBStoreBuilder.java:processTables(161)) - Using default column profile:DBProfile.DISK for Table:userTable
2019-07-09 02:21:56,297 INFO  db.DBStoreBuilder (DBStoreBuilder.java:addTable(110)) - using custom profile for table: volumeTable
2019-07-09 02:21:56,297 INFO  db.DBStoreBuilder (DBStoreBuilder.java:processTables(161)) - Using default column profile:DBProfile.DISK for Table:volumeTable
2019-07-09 02:21:56,298 INFO  db.DBStoreBuilder (DBStoreBuilder.java:addTable(110)) - using custom profile for table: bucketTable
2019-07-09 02:21:56,298 INFO  db.DBStoreBuilder (DBStoreBuilder.java:processTables(161)) - Using default column profile:DBProfile.DISK for Table:bucketTable
2019-07-09 02:21:56,298 INFO  db.DBStoreBuilder (DBStoreBuilder.java:addTable(110)) - using custom profile for table: keyTable
2019-07-09 02:21:56,299 INFO  db.DBStoreBuilder (DBStoreBuilder.java:processTables(161)) - Using default column profile:DBProfile.DISK for Table:keyTable
2019-07-09 02:21:56,299 INFO  db.DBStoreBuilder (DBStoreBuilder.java:addTable(110)) - using custom profile for table: deletedTable
2019-07-09 02:21:56,299 INFO  db.DBStoreBuilder (DBStoreBuilder.java:processTables(161)) - Using default column profile:DBProfile.DISK for Table:deletedTable
2019-07-09 02:21:56,300 INFO  db.DBStoreBuilder (DBStoreBuilder.java:addTable(110)) - using custom profile for table: openKeyTable
2019-07-09 02:21:56,300 INFO  db.DBStoreBuilder (DBStoreBuilder.java:processTables(161)) - Using default column profile:DBProfile.DISK for Table:openKeyTable
2019-07-09 02:21:56,300 INFO  db.DBStoreBuilder (DBStoreBuilder.java:addTable(110)) - using custom profile for table: s3Table
2019-07-09 02:21:56,301 INFO  db.DBStoreBuilder (DBStoreBuilder.java:processTables(161)) - Using default column profile:DBProfile.DISK for Table:s3Table
2019-07-09 02:21:56,301 INFO  db.DBStoreBuilder (DBStoreBuilder.java:addTable(110)) - using custom profile for table: multipartInfoTable
2019-07-09 02:21:56,301 INFO  db.DBStoreBuilder (DBStoreBuilder.java:processTables(161)) - Using default column profile:DBProfile.DISK for Table:multipartInfoTable
2019-07-09 02:21:56,302 INFO  db.DBStoreBuilder (DBStoreBuilder.java:addTable(110)) - using custom profile for table: dTokenTable
2019-07-09 02:21:56,302 INFO  db.DBStoreBuilder (DBStoreBuilder.java:processTables(161)) - Using default column profile:DBProfile.DISK for Table:dTokenTable
2019-07-09 02:21:56,302 INFO  db.DBStoreBuilder (DBStoreBuilder.java:addTable(110)) - using custom profile for table: s3SecretTable
2019-07-09 02:21:56,302 INFO  db.DBStoreBuilder (DBStoreBuilder.java:processTables(161)) - Using default column profile:DBProfile.DISK for Table:s3SecretTable
2019-07-09 02:21:56,303 INFO  db.DBStoreBuilder (DBStoreBuilder.java:addTable(110)) - using custom profile for table: prefixTable
2019-07-09 02:21:56,303 INFO  db.DBStoreBuilder (DBStoreBuilder.java:processTables(161)) - Using default column profile:DBProfile.DISK for Table:prefixTable
2019-07-09 02:21:56,304 INFO  db.DBStoreBuilder (DBStoreBuilder.java:addTable(110)) - using custom profile for table: default
2019-07-09 02:21:56,304 INFO  db.DBStoreBuilder (DBStoreBuilder.java:processTables(167)) - Using default column profile:DBProfile.DISK for Table:default
2019-07-09 02:21:56,304 INFO  db.DBStoreBuilder (DBStoreBuilder.java:getDbProfile(198)) - Using default options. DBProfile.DISK
2019-07-09 02:21:57,191 INFO  ipc.CallQueueManager (CallQueueManager.java:<init>(84)) - Using callQueue: class java.util.concurrent.LinkedBlockingQueue, queueCapacity: 2000, scheduler: class org.apache.hadoop.ipc.DefaultRpcScheduler, ipcBackoff: false.
2019-07-09 02:21:57,193 INFO  ipc.Server (Server.java:run(1074)) - Starting Socket Reader #1 for port 44354
2019-07-09 02:21:57,222 WARN  server.ServerUtils (ServerUtils.java:getDBPath(222)) - ozone.om.db.dirs is not configured. We recommend adding this setting. Falling back to ozone.metadata.dirs instead.
2019-07-09 02:21:57,222 INFO  om.OzoneManager (OzoneManager.java:start(1219)) - OzoneManager RPC server is listening at localhost/127.0.0.1:44354
2019-07-09 02:21:57,222 INFO  impl.MetricsSystemImpl (MetricsSystemImpl.java:init(158)) - OzoneManager metrics system started (again)
2019-07-09 02:21:57,224 INFO  ipc.Server (Server.java:run(1314)) - IPC Server Responder: starting
2019-07-09 02:21:57,225 INFO  ipc.Server (Server.java:run(1153)) - IPC Server listener on 44354: starting
2019-07-09 02:21:57,240 INFO  hdfs.DFSUtil (DFSUtil.java:httpServerTemplateForNNAndJN(1641)) - Starting Web-server for ozoneManager at: http://0.0.0.0:0
2019-07-09 02:21:57,241 INFO  server.AuthenticationFilter (AuthenticationFilter.java:constructSecretProvider(240)) - Unable to initialize FileSignerSecretProvider, falling back to use random secrets.
2019-07-09 02:21:57,242 WARN  http.HttpRequestLog (HttpRequestLog.java:getRequestLog(97)) - Jetty request log can only be enabled using Log4j
2019-07-09 02:21:57,244 INFO  http.HttpServer2 (HttpServer2.java:addGlobalFilter(975)) - Added global filter 'safety' (class=org.apache.hadoop.http.HttpServer2$QuotingInputFilter)
2019-07-09 02:21:57,245 INFO  http.HttpServer2 (HttpServer2.java:addFilter(948)) - Added filter static_user_filter (class=org.apache.hadoop.http.lib.StaticUserWebFilter$StaticUserFilter) to context ozoneManager
2019-07-09 02:21:57,245 INFO  http.HttpServer2 (HttpServer2.java:addFilter(958)) - Added filter static_user_filter (class=org.apache.hadoop.http.lib.StaticUserWebFilter$StaticUserFilter) to context static
2019-07-09 02:21:57,245 INFO  http.HttpServer2 (HttpServer2.java:addFilter(958)) - Added filter static_user_filter (class=org.apache.hadoop.http.lib.StaticUserWebFilter$StaticUserFilter) to context logs
2019-07-09 02:21:57,247 INFO  http.HttpServer2 (HttpServer2.java:bindListener(1191)) - Jetty bound to port 39561
2019-07-09 02:21:57,247 INFO  server.Server (Server.java:doStart(351)) - jetty-9.3.24.v20180605, build timestamp: 2018-06-05T17:11:56Z, git hash: 84205aa28f11a4f31f2a3b86d1bba2cc8ab69827
2019-07-09 02:21:57,249 INFO  handler.ContextHandler (ContextHandler.java:doStart(781)) - Started o.e.j.s.ServletContextHandler@74a9c4b0{/logs,file:///tmp/workdir/hadoop-ozone/tools/target/log,AVAILABLE}
2019-07-09 02:21:57,249 INFO  handler.ContextHandler (ContextHandler.java:doStart(781)) - Started o.e.j.s.ServletContextHandler@1c05a54d{/static,file:///tmp/workdir/hadoop-ozone/ozone-manager/target/classes/webapps/static/,AVAILABLE}
2019-07-09 02:21:57,254 INFO  handler.ContextHandler (ContextHandler.java:doStart(781)) - Started o.e.j.w.WebAppContext@1a1d3c1a{/,file:///tmp/workdir/hadoop-ozone/ozone-manager/target/classes/webapps/ozoneManager/,AVAILABLE}{/ozoneManager}
2019-07-09 02:21:57,254 INFO  server.AbstractConnector (AbstractConnector.java:doStart(278)) - Started ServerConnector@1c65121{HTTP/1.1,[http/1.1]}{0.0.0.0:39561}
2019-07-09 02:21:57,255 INFO  server.Server (Server.java:doStart(419)) - Started @4085ms
2019-07-09 02:21:57,255 INFO  server.BaseHttpServer (BaseHttpServer.java:updateConnectorAddress(207)) - HTTP server of OZONEMANAGER is listening at http://0.0.0.0:39561
2019-07-09 02:21:57,425 INFO  impl.MetricsSystemImpl (MetricsSystemImpl.java:init(158)) - HddsDatanode metrics system started (again)
2019-07-09 02:21:57,662 INFO  ozone.HddsDatanodeService (HddsDatanodeService.java:start(185)) - HddsDatanodeService host:hdds1735-6dm2j-1168502604 ip:192.168.5.159
2019-07-09 02:21:57,698 INFO  volume.HddsVolume (HddsVolume.java:<init>(176)) - Creating Volume: /tmp/workdir/hadoop-ozone/tools/target/test-dir/MiniOzoneClusterImpl-405d5ba7-9a30-4c44-b547-c1d352391d37/datanode-0/data/containers/hdds of  storage type : DISK and capacity : 52710309888
2019-07-09 02:21:57,701 INFO  volume.VolumeSet (VolumeSet.java:initializeVolumeSet(170)) - Added Volume : /tmp/workdir/hadoop-ozone/tools/target/test-dir/MiniOzoneClusterImpl-405d5ba7-9a30-4c44-b547-c1d352391d37/datanode-0/data/containers/hdds to VolumeSet
2019-07-09 02:21:57,707 INFO  volume.ThrottledAsyncChecker (ThrottledAsyncChecker.java:schedule(140)) - Scheduling a check for org.apache.hadoop.ozone.container.common.volume.HddsVolume@2bc12da
2019-07-09 02:21:57,737 INFO  volume.HddsVolumeChecker (HddsVolumeChecker.java:checkAllVolumes(203)) - Scheduled health check for volume org.apache.hadoop.ozone.container.common.volume.HddsVolume@2bc12da
2019-07-09 02:21:57,796 INFO  ratis.XceiverServerRatis (XceiverServerRatis.java:newXceiverServerRatis(411)) - Found a free port for the server : 32966
2019-07-09 02:21:57,870 INFO  impl.RaftServerProxy (ConfUtils.java:logGet(43)) - raft.rpc.type = GRPC (default)
2019-07-09 02:21:57,939 INFO  grpc.GrpcFactory (GrpcFactory.java:checkPooledByteBufAllocatorUseCacheForAllThreads(45)) - PERFORMANCE WARNING: useCacheForAllThreads is true that may cause Netty to create a lot garbage objects and, as a result, trigger GC.
	It is recommended to disable useCacheForAllThreads by setting -Dorg.apache.ratis.thirdparty.io.netty.allocator.useCacheForAllThreads=false in command line.
2019-07-09 02:21:57,944 INFO  grpc.GrpcConfigKeys$Server (ConfUtils.java:logGet(43)) - raft.grpc.server.port = 32966 (custom)
2019-07-09 02:21:57,945 INFO  server.GrpcService (ConfUtils.java:logGet(43)) - raft.grpc.message.size.max = 33570816 (custom)
2019-07-09 02:21:57,946 INFO  server.RaftServerConfigKeys (ConfUtils.java:logGet(43)) - raft.server.log.appender.buffer.byte-limit = 33554432 (custom)
2019-07-09 02:21:57,947 INFO  server.GrpcService (ConfUtils.java:logGet(43)) - raft.grpc.flow.control.window = 1MB (=1048576) (default)
2019-07-09 02:21:57,948 INFO  server.RaftServerConfigKeys (ConfUtils.java:logGet(43)) - raft.server.rpc.request.timeout = 3000ms (default)
2019-07-09 02:21:58,122 INFO  server.RaftServerConfigKeys (ConfUtils.java:logGet(43)) - raft.server.storage.dir = [/tmp/workdir/hadoop-ozone/tools/target/test-dir/MiniOzoneClusterImpl-405d5ba7-9a30-4c44-b547-c1d352391d37/datanode-0/data/ratis] (custom)
2019-07-09 02:21:58,129 INFO  server.XceiverServerGrpc (XceiverServerGrpc.java:<init>(97)) - Found a free port for the server : 32837
2019-07-09 02:21:58,158 INFO  replication.SimpleContainerDownloader (SimpleContainerDownloader.java:<init>(72)) - Starting container downloader service to copy containers to replicate.
2019-07-09 02:21:58,171 INFO  hdfs.DFSUtil (DFSUtil.java:httpServerTemplateForNNAndJN(1641)) - Starting Web-server for hddsDatanode at: http://0.0.0.0:0
2019-07-09 02:21:58,173 INFO  server.AuthenticationFilter (AuthenticationFilter.java:constructSecretProvider(240)) - Unable to initialize FileSignerSecretProvider, falling back to use random secrets.
2019-07-09 02:21:58,174 WARN  http.HttpRequestLog (HttpRequestLog.java:getRequestLog(97)) - Jetty request log can only be enabled using Log4j
2019-07-09 02:21:58,177 INFO  http.HttpServer2 (HttpServer2.java:addGlobalFilter(975)) - Added global filter 'safety' (class=org.apache.hadoop.http.HttpServer2$QuotingInputFilter)
2019-07-09 02:21:58,178 INFO  http.HttpServer2 (HttpServer2.java:addFilter(948)) - Added filter static_user_filter (class=org.apache.hadoop.http.lib.StaticUserWebFilter$StaticUserFilter) to context hddsDatanode
2019-07-09 02:21:58,179 INFO  http.HttpServer2 (HttpServer2.java:addFilter(958)) - Added filter static_user_filter (class=org.apache.hadoop.http.lib.StaticUserWebFilter$StaticUserFilter) to context logs
2019-07-09 02:21:58,179 INFO  http.HttpServer2 (HttpServer2.java:addFilter(958)) - Added filter static_user_filter (class=org.apache.hadoop.http.lib.StaticUserWebFilter$StaticUserFilter) to context static
2019-07-09 02:21:58,180 INFO  http.HttpServer2 (HttpServer2.java:bindListener(1191)) - Jetty bound to port 41525
2019-07-09 02:21:58,180 INFO  server.Server (Server.java:doStart(351)) - jetty-9.3.24.v20180605, build timestamp: 2018-06-05T17:11:56Z, git hash: 84205aa28f11a4f31f2a3b86d1bba2cc8ab69827
2019-07-09 02:21:58,183 INFO  handler.ContextHandler (ContextHandler.java:doStart(781)) - Started o.e.j.s.ServletContextHandler@14ac77b9{/logs,file:///tmp/workdir/hadoop-ozone/tools/target/log,AVAILABLE}
2019-07-09 02:21:58,184 INFO  handler.ContextHandler (ContextHandler.java:doStart(781)) - Started o.e.j.s.ServletContextHandler@563a89b5{/static,file:///tmp/workdir/hadoop-hdds/container-service/target/classes/webapps/static,AVAILABLE}
2019-07-09 02:21:58,200 INFO  handler.ContextHandler (ContextHandler.java:doStart(781)) - Started o.e.j.w.WebAppContext@68c7ef83{/,file:///tmp/workdir/hadoop-hdds/container-service/target/classes/webapps/hddsDatanode/,AVAILABLE}{/hddsDatanode}
2019-07-09 02:21:58,201 INFO  server.AbstractConnector (AbstractConnector.java:doStart(278)) - Started ServerConnector@6145b81e{HTTP/1.1,[http/1.1]}{0.0.0.0:41525}
2019-07-09 02:21:58,202 INFO  server.Server (Server.java:doStart(419)) - Started @5032ms
2019-07-09 02:21:58,203 INFO  server.BaseHttpServer (BaseHttpServer.java:updateConnectorAddress(207)) - HTTP server of HDDSDATANODE is listening at http://0.0.0.0:41525
2019-07-09 02:21:59,311 INFO  ozone.HddsDatanodeService (HddsDatanodeService.java:startPlugins(396)) - Started plug-in org.apache.hadoop.ozone.web.OzoneHddsDatanodeService@79aee22a
2019-07-09 02:21:59,314 INFO  impl.MetricsSystemImpl (MetricsSystemImpl.java:init(158)) - HddsDatanode metrics system started (again)
2019-07-09 02:21:59,315 INFO  ozone.HddsDatanodeService (HddsDatanodeService.java:start(185)) - HddsDatanodeService host:hdds1735-6dm2j-1168502604 ip:192.168.5.159
2019-07-09 02:21:59,323 INFO  util.JvmPauseMonitor (JvmPauseMonitor.java:run(188)) - Starting JVM pause monitor
2019-07-09 02:21:59,329 INFO  volume.HddsVolume (HddsVolume.java:<init>(176)) - Creating Volume: /tmp/workdir/hadoop-ozone/tools/target/test-dir/MiniOzoneClusterImpl-405d5ba7-9a30-4c44-b547-c1d352391d37/datanode-1/data/containers/hdds of  storage type : DISK and capacity : 52710309888
2019-07-09 02:21:59,330 INFO  volume.VolumeSet (VolumeSet.java:initializeVolumeSet(170)) - Added Volume : /tmp/workdir/hadoop-ozone/tools/target/test-dir/MiniOzoneClusterImpl-405d5ba7-9a30-4c44-b547-c1d352391d37/datanode-1/data/containers/hdds to VolumeSet
2019-07-09 02:21:59,330 INFO  volume.ThrottledAsyncChecker (ThrottledAsyncChecker.java:schedule(140)) - Scheduling a check for org.apache.hadoop.ozone.container.common.volume.HddsVolume@590f0c50
2019-07-09 02:21:59,331 INFO  volume.HddsVolumeChecker (HddsVolumeChecker.java:checkAllVolumes(203)) - Scheduled health check for volume org.apache.hadoop.ozone.container.common.volume.HddsVolume@590f0c50
2019-07-09 02:21:59,353 INFO  ratis.XceiverServerRatis (XceiverServerRatis.java:newXceiverServerRatis(411)) - Found a free port for the server : 35730
2019-07-09 02:21:59,357 INFO  impl.RaftServerProxy (ConfUtils.java:logGet(43)) - raft.rpc.type = GRPC (default)
2019-07-09 02:21:59,357 INFO  grpc.GrpcFactory (GrpcFactory.java:checkPooledByteBufAllocatorUseCacheForAllThreads(45)) - PERFORMANCE WARNING: useCacheForAllThreads is true that may cause Netty to create a lot garbage objects and, as a result, trigger GC.
	It is recommended to disable useCacheForAllThreads by setting -Dorg.apache.ratis.thirdparty.io.netty.allocator.useCacheForAllThreads=false in command line.
2019-07-09 02:21:59,357 INFO  grpc.GrpcConfigKeys$Server (ConfUtils.java:logGet(43)) - raft.grpc.server.port = 35730 (custom)
2019-07-09 02:21:59,358 INFO  server.GrpcService (ConfUtils.java:logGet(43)) - raft.grpc.message.size.max = 33570816 (custom)
2019-07-09 02:21:59,358 INFO  server.RaftServerConfigKeys (ConfUtils.java:logGet(43)) - raft.server.log.appender.buffer.byte-limit = 33554432 (custom)
2019-07-09 02:21:59,358 INFO  server.GrpcService (ConfUtils.java:logGet(43)) - raft.grpc.flow.control.window = 1MB (=1048576) (default)
2019-07-09 02:21:59,359 INFO  server.RaftServerConfigKeys (ConfUtils.java:logGet(43)) - raft.server.rpc.request.timeout = 3000ms (default)
2019-07-09 02:21:59,359 INFO  server.RaftServerConfigKeys (ConfUtils.java:logGet(43)) - raft.server.storage.dir = [/tmp/workdir/hadoop-ozone/tools/target/test-dir/MiniOzoneClusterImpl-405d5ba7-9a30-4c44-b547-c1d352391d37/datanode-1/data/ratis] (custom)
2019-07-09 02:21:59,360 INFO  server.XceiverServerGrpc (XceiverServerGrpc.java:<init>(97)) - Found a free port for the server : 44579
2019-07-09 02:21:59,360 INFO  replication.SimpleContainerDownloader (SimpleContainerDownloader.java:<init>(72)) - Starting container downloader service to copy containers to replicate.
2019-07-09 02:21:59,362 INFO  hdfs.DFSUtil (DFSUtil.java:httpServerTemplateForNNAndJN(1641)) - Starting Web-server for hddsDatanode at: http://0.0.0.0:0
2019-07-09 02:21:59,365 INFO  server.AuthenticationFilter (AuthenticationFilter.java:constructSecretProvider(240)) - Unable to initialize FileSignerSecretProvider, falling back to use random secrets.
2019-07-09 02:21:59,366 WARN  http.HttpRequestLog (HttpRequestLog.java:getRequestLog(97)) - Jetty request log can only be enabled using Log4j
2019-07-09 02:21:59,368 INFO  http.HttpServer2 (HttpServer2.java:addGlobalFilter(975)) - Added global filter 'safety' (class=org.apache.hadoop.http.HttpServer2$QuotingInputFilter)
2019-07-09 02:21:59,369 INFO  http.HttpServer2 (HttpServer2.java:addFilter(948)) - Added filter static_user_filter (class=org.apache.hadoop.http.lib.StaticUserWebFilter$StaticUserFilter) to context hddsDatanode
2019-07-09 02:21:59,369 INFO  http.HttpServer2 (HttpServer2.java:addFilter(958)) - Added filter static_user_filter (class=org.apache.hadoop.http.lib.StaticUserWebFilter$StaticUserFilter) to context static
2019-07-09 02:21:59,369 INFO  http.HttpServer2 (HttpServer2.java:addFilter(958)) - Added filter static_user_filter (class=org.apache.hadoop.http.lib.StaticUserWebFilter$StaticUserFilter) to context logs
2019-07-09 02:21:59,370 INFO  http.HttpServer2 (HttpServer2.java:bindListener(1191)) - Jetty bound to port 40109
2019-07-09 02:21:59,370 INFO  server.Server (Server.java:doStart(351)) - jetty-9.3.24.v20180605, build timestamp: 2018-06-05T17:11:56Z, git hash: 84205aa28f11a4f31f2a3b86d1bba2cc8ab69827
2019-07-09 02:21:59,373 INFO  handler.ContextHandler (ContextHandler.java:doStart(781)) - Started o.e.j.s.ServletContextHandler@6f1b8544{/logs,file:///tmp/workdir/hadoop-ozone/tools/target/log,AVAILABLE}
2019-07-09 02:21:59,373 INFO  handler.ContextHandler (ContextHandler.java:doStart(781)) - Started o.e.j.s.ServletContextHandler@688a2c09{/static,file:///tmp/workdir/hadoop-hdds/container-service/target/classes/webapps/static,AVAILABLE}
2019-07-09 02:21:59,379 INFO  handler.ContextHandler (ContextHandler.java:doStart(781)) - Started o.e.j.w.WebAppContext@4a3bd45b{/,file:///tmp/workdir/hadoop-hdds/container-service/target/classes/webapps/hddsDatanode/,AVAILABLE}{/hddsDatanode}
2019-07-09 02:21:59,380 INFO  server.AbstractConnector (AbstractConnector.java:doStart(278)) - Started ServerConnector@34c70b5e{HTTP/1.1,[http/1.1]}{0.0.0.0:40109}
2019-07-09 02:21:59,381 INFO  server.Server (Server.java:doStart(419)) - Started @6211ms
2019-07-09 02:21:59,382 INFO  server.BaseHttpServer (BaseHttpServer.java:updateConnectorAddress(207)) - HTTP server of HDDSDATANODE is listening at http://0.0.0.0:40109
2019-07-09 02:21:59,452 INFO  datanode.InitDatanodeState (InitDatanodeState.java:persistContainerDatanodeDetails(140)) - DatanodeDetails is persisted to /tmp/workdir/hadoop-ozone/tools/target/test-dir/MiniOzoneClusterImpl-405d5ba7-9a30-4c44-b547-c1d352391d37/datanode-0/meta/datanode.id
2019-07-09 02:21:59,506 INFO  ozone.HddsDatanodeService (HddsDatanodeService.java:startPlugins(396)) - Started plug-in org.apache.hadoop.ozone.web.OzoneHddsDatanodeService@27abb6ca
2019-07-09 02:21:59,507 INFO  impl.MetricsSystemImpl (MetricsSystemImpl.java:init(158)) - HddsDatanode metrics system started (again)
2019-07-09 02:21:59,508 INFO  ozone.HddsDatanodeService (HddsDatanodeService.java:start(185)) - HddsDatanodeService host:hdds1735-6dm2j-1168502604 ip:192.168.5.159
2019-07-09 02:21:59,510 INFO  util.JvmPauseMonitor (JvmPauseMonitor.java:run(188)) - Starting JVM pause monitor
2019-07-09 02:21:59,516 INFO  volume.HddsVolume (HddsVolume.java:<init>(176)) - Creating Volume: /tmp/workdir/hadoop-ozone/tools/target/test-dir/MiniOzoneClusterImpl-405d5ba7-9a30-4c44-b547-c1d352391d37/datanode-2/data/containers/hdds of  storage type : DISK and capacity : 52710309888
2019-07-09 02:21:59,518 INFO  volume.VolumeSet (VolumeSet.java:initializeVolumeSet(170)) - Added Volume : /tmp/workdir/hadoop-ozone/tools/target/test-dir/MiniOzoneClusterImpl-405d5ba7-9a30-4c44-b547-c1d352391d37/datanode-2/data/containers/hdds to VolumeSet
2019-07-09 02:21:59,518 INFO  volume.ThrottledAsyncChecker (ThrottledAsyncChecker.java:schedule(140)) - Scheduling a check for org.apache.hadoop.ozone.container.common.volume.HddsVolume@2ceee4b6
2019-07-09 02:21:59,519 INFO  volume.HddsVolumeChecker (HddsVolumeChecker.java:checkAllVolumes(203)) - Scheduled health check for volume org.apache.hadoop.ozone.container.common.volume.HddsVolume@2ceee4b6
2019-07-09 02:21:59,520 INFO  datanode.InitDatanodeState (InitDatanodeState.java:persistContainerDatanodeDetails(140)) - DatanodeDetails is persisted to /tmp/workdir/hadoop-ozone/tools/target/test-dir/MiniOzoneClusterImpl-405d5ba7-9a30-4c44-b547-c1d352391d37/datanode-1/meta/datanode.id
2019-07-09 02:21:59,530 INFO  ratis.XceiverServerRatis (XceiverServerRatis.java:newXceiverServerRatis(411)) - Found a free port for the server : 44135
2019-07-09 02:21:59,531 INFO  impl.RaftServerProxy (ConfUtils.java:logGet(43)) - raft.rpc.type = GRPC (default)
2019-07-09 02:21:59,532 INFO  grpc.GrpcFactory (GrpcFactory.java:checkPooledByteBufAllocatorUseCacheForAllThreads(45)) - PERFORMANCE WARNING: useCacheForAllThreads is true that may cause Netty to create a lot garbage objects and, as a result, trigger GC.
	It is recommended to disable useCacheForAllThreads by setting -Dorg.apache.ratis.thirdparty.io.netty.allocator.useCacheForAllThreads=false in command line.
2019-07-09 02:21:59,532 INFO  grpc.GrpcConfigKeys$Server (ConfUtils.java:logGet(43)) - raft.grpc.server.port = 44135 (custom)
2019-07-09 02:21:59,532 INFO  server.GrpcService (ConfUtils.java:logGet(43)) - raft.grpc.message.size.max = 33570816 (custom)
2019-07-09 02:21:59,532 INFO  server.RaftServerConfigKeys (ConfUtils.java:logGet(43)) - raft.server.log.appender.buffer.byte-limit = 33554432 (custom)
2019-07-09 02:21:59,532 INFO  server.GrpcService (ConfUtils.java:logGet(43)) - raft.grpc.flow.control.window = 1MB (=1048576) (default)
2019-07-09 02:21:59,533 INFO  server.RaftServerConfigKeys (ConfUtils.java:logGet(43)) - raft.server.rpc.request.timeout = 3000ms (default)
2019-07-09 02:21:59,533 INFO  server.RaftServerConfigKeys (ConfUtils.java:logGet(43)) - raft.server.storage.dir = [/tmp/workdir/hadoop-ozone/tools/target/test-dir/MiniOzoneClusterImpl-405d5ba7-9a30-4c44-b547-c1d352391d37/datanode-2/data/ratis] (custom)
2019-07-09 02:21:59,533 INFO  server.XceiverServerGrpc (XceiverServerGrpc.java:<init>(97)) - Found a free port for the server : 42032
2019-07-09 02:21:59,534 INFO  replication.SimpleContainerDownloader (SimpleContainerDownloader.java:<init>(72)) - Starting container downloader service to copy containers to replicate.
2019-07-09 02:21:59,535 INFO  hdfs.DFSUtil (DFSUtil.java:httpServerTemplateForNNAndJN(1641)) - Starting Web-server for hddsDatanode at: http://0.0.0.0:0
2019-07-09 02:21:59,536 INFO  server.AuthenticationFilter (AuthenticationFilter.java:constructSecretProvider(240)) - Unable to initialize FileSignerSecretProvider, falling back to use random secrets.
2019-07-09 02:21:59,536 WARN  http.HttpRequestLog (HttpRequestLog.java:getRequestLog(97)) - Jetty request log can only be enabled using Log4j
2019-07-09 02:21:59,538 INFO  http.HttpServer2 (HttpServer2.java:addGlobalFilter(975)) - Added global filter 'safety' (class=org.apache.hadoop.http.HttpServer2$QuotingInputFilter)
2019-07-09 02:21:59,538 INFO  http.HttpServer2 (HttpServer2.java:addFilter(948)) - Added filter static_user_filter (class=org.apache.hadoop.http.lib.StaticUserWebFilter$StaticUserFilter) to context hddsDatanode
2019-07-09 02:21:59,538 INFO  http.HttpServer2 (HttpServer2.java:addFilter(958)) - Added filter static_user_filter (class=org.apache.hadoop.http.lib.StaticUserWebFilter$StaticUserFilter) to context static
2019-07-09 02:21:59,539 INFO  http.HttpServer2 (HttpServer2.java:addFilter(958)) - Added filter static_user_filter (class=org.apache.hadoop.http.lib.StaticUserWebFilter$StaticUserFilter) to context logs
2019-07-09 02:21:59,539 INFO  http.HttpServer2 (HttpServer2.java:bindListener(1191)) - Jetty bound to port 43372
2019-07-09 02:21:59,539 INFO  server.Server (Server.java:doStart(351)) - jetty-9.3.24.v20180605, build timestamp: 2018-06-05T17:11:56Z, git hash: 84205aa28f11a4f31f2a3b86d1bba2cc8ab69827
2019-07-09 02:21:59,543 INFO  handler.ContextHandler (ContextHandler.java:doStart(781)) - Started o.e.j.s.ServletContextHandler@69d3cf7e{/logs,file:///tmp/workdir/hadoop-ozone/tools/target/log,AVAILABLE}
2019-07-09 02:21:59,543 INFO  handler.ContextHandler (ContextHandler.java:doStart(781)) - Started o.e.j.s.ServletContextHandler@1984212d{/static,file:///tmp/workdir/hadoop-hdds/container-service/target/classes/webapps/static,AVAILABLE}
2019-07-09 02:21:59,547 INFO  handler.ContextHandler (ContextHandler.java:doStart(781)) - Started o.e.j.w.WebAppContext@36d33f4{/,file:///tmp/workdir/hadoop-hdds/container-service/target/classes/webapps/hddsDatanode/,AVAILABLE}{/hddsDatanode}
2019-07-09 02:21:59,547 INFO  server.AbstractConnector (AbstractConnector.java:doStart(278)) - Started ServerConnector@16736040{HTTP/1.1,[http/1.1]}{0.0.0.0:43372}
2019-07-09 02:21:59,548 INFO  server.Server (Server.java:doStart(419)) - Started @6378ms
2019-07-09 02:21:59,549 INFO  server.BaseHttpServer (BaseHttpServer.java:updateConnectorAddress(207)) - HTTP server of HDDSDATANODE is listening at http://0.0.0.0:43372
2019-07-09 02:21:59,703 INFO  ozone.HddsDatanodeService (HddsDatanodeService.java:startPlugins(396)) - Started plug-in org.apache.hadoop.ozone.web.OzoneHddsDatanodeService@2da99821
2019-07-09 02:21:59,705 INFO  ozone.MiniOzoneClusterImpl (MiniOzoneClusterImpl.java:lambda$waitForClusterToBeReady$0(142)) - Waiting for cluster to be ready. Got 0 of 3 DN Heartbeats.
2019-07-09 02:21:59,706 INFO  util.JvmPauseMonitor (JvmPauseMonitor.java:run(188)) - Starting JVM pause monitor
2019-07-09 02:21:59,710 INFO  datanode.InitDatanodeState (InitDatanodeState.java:persistContainerDatanodeDetails(140)) - DatanodeDetails is persisted to /tmp/workdir/hadoop-ozone/tools/target/test-dir/MiniOzoneClusterImpl-405d5ba7-9a30-4c44-b547-c1d352391d37/datanode-2/meta/datanode.id
2019-07-09 02:22:00,706 INFO  ozone.MiniOzoneClusterImpl (MiniOzoneClusterImpl.java:lambda$waitForClusterToBeReady$0(142)) - Waiting for cluster to be ready. Got 0 of 3 DN Heartbeats.
2019-07-09 02:22:01,384 INFO  ozoneimpl.OzoneContainer (OzoneContainer.java:start(186)) - Attempting to start container services.
2019-07-09 02:22:01,386 INFO  ozoneimpl.OzoneContainer (OzoneContainer.java:startContainerScrub(160)) - Background container scrubber has been disabled by hdds.containerscrub.enabled
2019-07-09 02:22:01,386 INFO  ratis.XceiverServerRatis (XceiverServerRatis.java:start(428)) - Starting XceiverServerRatis b64db28b-0206-4f29-9222-8535a6fae465 at port 32966
2019-07-09 02:22:01,420 INFO  impl.RaftServerProxy (RaftServerProxy.java:lambda$start$3(299)) - b64db28b-0206-4f29-9222-8535a6fae465: start RPC server
2019-07-09 02:22:01,529 INFO  ozoneimpl.OzoneContainer (OzoneContainer.java:start(186)) - Attempting to start container services.
2019-07-09 02:22:01,531 INFO  ozoneimpl.OzoneContainer (OzoneContainer.java:startContainerScrub(160)) - Background container scrubber has been disabled by hdds.containerscrub.enabled
2019-07-09 02:22:01,532 INFO  ratis.XceiverServerRatis (XceiverServerRatis.java:start(428)) - Starting XceiverServerRatis 109a3129-8b65-4fcd-9264-10f0d007e1c0 at port 35730
2019-07-09 02:22:01,544 INFO  impl.RaftServerProxy (RaftServerProxy.java:lambda$start$3(299)) - 109a3129-8b65-4fcd-9264-10f0d007e1c0: start RPC server
2019-07-09 02:22:01,566 INFO  server.GrpcService (GrpcService.java:startImpl(149)) - b64db28b-0206-4f29-9222-8535a6fae465: GrpcService started, listening on 0.0.0.0/0.0.0.0:32966
2019-07-09 02:22:01,566 INFO  server.GrpcService (GrpcService.java:startImpl(149)) - 109a3129-8b65-4fcd-9264-10f0d007e1c0: GrpcService started, listening on 0.0.0.0/0.0.0.0:35730
2019-07-09 02:22:01,706 INFO  ozone.MiniOzoneClusterImpl (MiniOzoneClusterImpl.java:lambda$waitForClusterToBeReady$0(142)) - Waiting for cluster to be ready. Got 0 of 3 DN Heartbeats.
2019-07-09 02:22:01,715 INFO  ozoneimpl.OzoneContainer (OzoneContainer.java:start(186)) - Attempting to start container services.
2019-07-09 02:22:01,717 INFO  ozoneimpl.OzoneContainer (OzoneContainer.java:startContainerScrub(160)) - Background container scrubber has been disabled by hdds.containerscrub.enabled
2019-07-09 02:22:01,717 INFO  ratis.XceiverServerRatis (XceiverServerRatis.java:start(428)) - Starting XceiverServerRatis 96dfd720-dcc8-4863-a21b-6217a1ce7955 at port 44135
2019-07-09 02:22:01,733 INFO  impl.RaftServerProxy (RaftServerProxy.java:lambda$start$3(299)) - 96dfd720-dcc8-4863-a21b-6217a1ce7955: start RPC server
2019-07-09 02:22:01,737 INFO  server.GrpcService (GrpcService.java:startImpl(149)) - 96dfd720-dcc8-4863-a21b-6217a1ce7955: GrpcService started, listening on 0.0.0.0/0.0.0.0:44135
2019-07-09 02:22:02,708 INFO  ozone.MiniOzoneClusterImpl (MiniOzoneClusterImpl.java:lambda$waitForClusterToBeReady$0(142)) - Waiting for cluster to be ready. Got 0 of 3 DN Heartbeats.
2019-07-09 02:22:03,366 INFO  net.NetworkTopology (NetworkTopologyImpl.java:add(109)) - Added a new node: /default-rack/192.168.5.159
2019-07-09 02:22:03,367 INFO  node.SCMNodeManager (SCMNodeManager.java:register(268)) - Registered Data node : b64db28b-0206-4f29-9222-8535a6fae465{ip: 192.168.5.159, host: hdds1735-6dm2j-1168502604, networkLocation: /default-rack, certSerialId: null}
2019-07-09 02:22:03,373 INFO  safemode.SCMSafeModeManager (DataNodeSafeModeRule.java:process(71)) - SCM in safe mode. 1 DataNodes registered, 1 required.
2019-07-09 02:22:03,374 INFO  safemode.SCMSafeModeManager (SCMSafeModeManager.java:validateSafeModeExitRules(177)) - ScmSafeModeManager, all rules are successfully validated
2019-07-09 02:22:03,374 INFO  safemode.SCMSafeModeManager (SCMSafeModeManager.java:exitSafeMode(193)) - SCM exiting safe mode.
2019-07-09 02:22:03,517 INFO  node.SCMNodeManager (SCMNodeManager.java:register(268)) - Registered Data node : 109a3129-8b65-4fcd-9264-10f0d007e1c0{ip: 192.168.5.159, host: hdds1735-6dm2j-1168502604, networkLocation: /default-rack, certSerialId: null}
2019-07-09 02:22:03,709 INFO  ozone.MiniOzoneClusterImpl (MiniOzoneClusterImpl.java:lambda$waitForClusterToBeReady$0(142)) - Waiting for cluster to be ready. Got 2 of 3 DN Heartbeats.
2019-07-09 02:22:03,709 INFO  node.SCMNodeManager (SCMNodeManager.java:register(268)) - Registered Data node : 96dfd720-dcc8-4863-a21b-6217a1ce7955{ip: 192.168.5.159, host: hdds1735-6dm2j-1168502604, networkLocation: /default-rack, certSerialId: null}
2019-07-09 02:22:04,000 INFO  impl.RaftServerProxy (RaftServerProxy.java:addNew(89)) - b64db28b-0206-4f29-9222-8535a6fae465: addNew group-53C76F5D8540:[b64db28b-0206-4f29-9222-8535a6fae465:192.168.5.159:32966] returns group-53C76F5D8540:java.util.concurrent.CompletableFuture@3932ef63[Not completed]
2019-07-09 02:22:04,014 INFO  impl.RaftServerImpl (RaftServerImpl.java:<init>(93)) - b64db28b-0206-4f29-9222-8535a6fae465: new RaftServerImpl for group-53C76F5D8540:[b64db28b-0206-4f29-9222-8535a6fae465:192.168.5.159:32966] with ContainerStateMachine:uninitialized
2019-07-09 02:22:04,017 INFO  server.RaftServerConfigKeys (ConfUtils.java:logGet(43)) - raft.server.rpc.timeout.min = 1s (custom)
2019-07-09 02:22:04,018 INFO  server.RaftServerConfigKeys (ConfUtils.java:logGet(43)) - raft.server.rpc.timeout.max = 1200ms (custom)
2019-07-09 02:22:04,019 INFO  server.RaftServerConfigKeys (ConfUtils.java:logGet(43)) - raft.server.rpcslowness.timeout = 120s (custom)
2019-07-09 02:22:04,020 INFO  server.RaftServerConfigKeys (ConfUtils.java:logGet(43)) - raft.server.sleep.deviation.threshold = 300 (default)
2019-07-09 02:22:04,021 INFO  server.RaftServerConfigKeys (ConfUtils.java:logGet(43)) - raft.server.log.appender.install.snapshot.enabled = false (custom)
2019-07-09 02:22:04,032 INFO  impl.RaftServerImpl (ServerState.java:<init>(105)) - b64db28b-0206-4f29-9222-8535a6fae465:group-53C76F5D8540 ConfigurationManager, init=-1: [b64db28b-0206-4f29-9222-8535a6fae465:192.168.5.159:32966], old=null, confs=<EMPTY_MAP>
2019-07-09 02:22:04,032 INFO  server.RaftServerConfigKeys (ConfUtils.java:logGet(43)) - raft.server.storage.dir = [/tmp/workdir/hadoop-ozone/tools/target/test-dir/MiniOzoneClusterImpl-405d5ba7-9a30-4c44-b547-c1d352391d37/datanode-0/data/ratis] (custom)
2019-07-09 02:22:04,043 INFO  storage.RaftStorageDirectory (RaftStorageDirectory.java:analyzeStorage(246)) - The storage directory /tmp/workdir/hadoop-ozone/tools/target/test-dir/MiniOzoneClusterImpl-405d5ba7-9a30-4c44-b547-c1d352391d37/datanode-0/data/ratis/e4b84b9f-a8ed-47dc-b811-53c76f5d8540 does not exist. Creating ...
2019-07-09 02:22:04,060 INFO  storage.RaftStorageDirectory (RaftStorageDirectory.java:tryLock(328)) - Lock on /tmp/workdir/hadoop-ozone/tools/target/test-dir/MiniOzoneClusterImpl-405d5ba7-9a30-4c44-b547-c1d352391d37/datanode-0/data/ratis/e4b84b9f-a8ed-47dc-b811-53c76f5d8540/in_use.lock acquired by nodename 22474@hdds1735-6dm2j-1168502604
2019-07-09 02:22:04,074 INFO  storage.RaftStorage (RaftStorage.java:format(72)) - Storage directory /tmp/workdir/hadoop-ozone/tools/target/test-dir/MiniOzoneClusterImpl-405d5ba7-9a30-4c44-b547-c1d352391d37/datanode-0/data/ratis/e4b84b9f-a8ed-47dc-b811-53c76f5d8540 has been successfully formatted.
2019-07-09 02:22:04,077 INFO  ratis.ContainerStateMachine (ContainerStateMachine.java:loadSnapshot(198)) - The snapshot info is null.Setting the last applied index to:(t:0, i:~)
2019-07-09 02:22:04,077 INFO  server.RaftServerConfigKeys (ConfUtils.java:logGet(43)) - raft.server.leader.election.timeout = 120s (custom)
2019-07-09 02:22:04,080 INFO  server.RaftServerConfigKeys (ConfUtils.java:logGet(43)) - raft.server.log.use.memory = false (default)
2019-07-09 02:22:04,086 INFO  server.RaftServerConfigKeys (ConfUtils.java:logGet(43)) - raft.server.log.purge.gap = 1000000000 (custom)
2019-07-09 02:22:04,086 INFO  server.RaftServerConfigKeys (ConfUtils.java:logGet(43)) - raft.server.log.appender.buffer.byte-limit = 33554432 (custom)
2019-07-09 02:22:04,088 INFO  server.RaftServerConfigKeys (ConfUtils.java:logGet(43)) - raft.server.log.segment.size.max = 1048576 (custom)
2019-07-09 02:22:04,094 INFO  server.RaftServerConfigKeys (ConfUtils.java:logGet(43)) - raft.server.log.segment.cache.num.max = 2 (custom)
2019-07-09 02:22:04,101 INFO  segmented.SegmentedRaftLogWorker (SegmentedRaftLogWorker.java:<init>(172)) - new b64db28b-0206-4f29-9222-8535a6fae465-SegmentedRaftLogWorker:Storage Directory /tmp/workdir/hadoop-ozone/tools/target/test-dir/MiniOzoneClusterImpl-405d5ba7-9a30-4c44-b547-c1d352391d37/datanode-0/data/ratis/e4b84b9f-a8ed-47dc-b811-53c76f5d8540 for RaftStorage:Storage Directory /tmp/workdir/hadoop-ozone/tools/target/test-dir/MiniOzoneClusterImpl-405d5ba7-9a30-4c44-b547-c1d352391d37/datanode-0/data/ratis/e4b84b9f-a8ed-47dc-b811-53c76f5d8540
2019-07-09 02:22:04,117 INFO  server.RaftServerConfigKeys (ConfUtils.java:logGet(43)) - raft.server.log.queue.byte-limit = 2147483647 (custom)
2019-07-09 02:22:04,117 INFO  server.RaftServerConfigKeys (ConfUtils.java:logGet(43)) - raft.server.log.queue.element-limit = 1024 (custom)
2019-07-09 02:22:04,123 INFO  server.RaftServerConfigKeys (ConfUtils.java:logGet(43)) - raft.server.log.segment.size.max = 1048576 (custom)
2019-07-09 02:22:04,123 INFO  server.RaftServerConfigKeys (ConfUtils.java:logGet(43)) - raft.server.log.preallocated.size = 16384 (custom)
2019-07-09 02:22:04,124 INFO  server.RaftServerConfigKeys (ConfUtils.java:logGet(43)) - raft.server.log.write.buffer.size = 33554432 (custom)
2019-07-09 02:22:04,125 INFO  server.RaftServerConfigKeys (ConfUtils.java:logGet(43)) - raft.server.log.force.sync.num = 128 (default)
2019-07-09 02:22:04,126 INFO  server.RaftServerConfigKeys (ConfUtils.java:logGet(43)) - raft.server.log.statemachine.data.sync = true (default)
2019-07-09 02:22:04,126 INFO  server.RaftServerConfigKeys (ConfUtils.java:logGet(43)) - raft.server.log.statemachine.data.sync.timeout = 10s (default)
2019-07-09 02:22:04,126 INFO  server.RaftServerConfigKeys (ConfUtils.java:logGet(43)) - raft.server.log.statemachine.data.sync.timeout.retry = -1 (default)
2019-07-09 02:22:04,138 INFO  server.RaftServerConfigKeys (ConfUtils.java:logGet(43)) - raft.server.log.statemachine.data.caching.enabled = true (custom)
2019-07-09 02:22:04,143 INFO  segmented.SegmentedRaftLogWorker (SegmentedRaftLogWorker.java:lambda$new$0(132)) - b64db28b-0206-4f29-9222-8535a6fae465-SegmentedRaftLogWorker:Storage Directory /tmp/workdir/hadoop-ozone/tools/target/test-dir/MiniOzoneClusterImpl-405d5ba7-9a30-4c44-b547-c1d352391d37/datanode-0/data/ratis/e4b84b9f-a8ed-47dc-b811-53c76f5d8540: flushIndex: setUnconditionally 0 -> -1
2019-07-09 02:22:04,147 INFO  server.RaftServerConfigKeys (ConfUtils.java:logGet(43)) - raft.server.snapshot.auto.trigger.enabled = true (custom)
2019-07-09 02:22:04,148 INFO  server.RaftServerConfigKeys (ConfUtils.java:logGet(43)) - raft.server.snapshot.auto.trigger.threshold = 10000 (custom)
2019-07-09 02:22:04,148 INFO  server.RaftServerConfigKeys (ConfUtils.java:logGet(43)) - raft.server.retrycache.expirytime = 600000ms (custom)
2019-07-09 02:22:04,449 INFO  impl.RaftServerImpl (RaftServerImpl.java:start(180)) - b64db28b-0206-4f29-9222-8535a6fae465: start group-53C76F5D8540
2019-07-09 02:22:04,450 INFO  impl.RaftServerImpl (RaftServerImpl.java:setRole(171)) - b64db28b-0206-4f29-9222-8535a6fae465:group-53C76F5D8540 changes role from null to FOLLOWER at term 0 for startAsFollower
2019-07-09 02:22:04,452 INFO  impl.RoleInfo (RoleInfo.java:updateAndGet(143)) - b64db28b-0206-4f29-9222-8535a6fae465: start FollowerState
2019-07-09 02:22:04,453 INFO  util.JmxRegister (JmxRegister.java:tryRegister(44)) - Successfully registered JMX Bean with object name Ratis:service=RaftServer,group=group-53C76F5D8540,id=b64db28b-0206-4f29-9222-8535a6fae465
2019-07-09 02:22:04,520 INFO  pipeline.PipelineStateManager (PipelineStateManager.java:addPipeline(56)) - Created pipeline Pipeline[ Id: e4b84b9f-a8ed-47dc-b811-53c76f5d8540, Nodes: b64db28b-0206-4f29-9222-8535a6fae465{ip: 192.168.5.159, host: hdds1735-6dm2j-1168502604, networkLocation: /default-rack, certSerialId: null}, Type:RATIS, Factor:ONE, State:OPEN]
2019-07-09 02:22:04,542 INFO  impl.RaftServerProxy (RaftServerProxy.java:addNew(89)) - 96dfd720-dcc8-4863-a21b-6217a1ce7955: addNew group-AE8654BD18D9:[96dfd720-dcc8-4863-a21b-6217a1ce7955:192.168.5.159:44135] returns group-AE8654BD18D9:java.util.concurrent.CompletableFuture@55642d62[Not completed]
2019-07-09 02:22:04,568 INFO  impl.RaftServerImpl (RaftServerImpl.java:<init>(93)) - 96dfd720-dcc8-4863-a21b-6217a1ce7955: new RaftServerImpl for group-AE8654BD18D9:[96dfd720-dcc8-4863-a21b-6217a1ce7955:192.168.5.159:44135] with ContainerStateMachine:uninitialized
2019-07-09 02:22:04,569 INFO  server.RaftServerConfigKeys (ConfUtils.java:logGet(43)) - raft.server.rpc.timeout.min = 1s (custom)
2019-07-09 02:22:04,570 INFO  server.RaftServerConfigKeys (ConfUtils.java:logGet(43)) - raft.server.rpc.timeout.max = 1200ms (custom)
2019-07-09 02:22:04,570 INFO  server.RaftServerConfigKeys (ConfUtils.java:logGet(43)) - raft.server.rpcslowness.timeout = 120s (custom)
2019-07-09 02:22:04,570 INFO  server.RaftServerConfigKeys (ConfUtils.java:logGet(43)) - raft.server.sleep.deviation.threshold = 300 (default)
2019-07-09 02:22:04,570 INFO  server.RaftServerConfigKeys (ConfUtils.java:logGet(43)) - raft.server.log.appender.install.snapshot.enabled = false (custom)
2019-07-09 02:22:04,570 INFO  impl.RaftServerImpl (ServerState.java:<init>(105)) - 96dfd720-dcc8-4863-a21b-6217a1ce7955:group-AE8654BD18D9 ConfigurationManager, init=-1: [96dfd720-dcc8-4863-a21b-6217a1ce7955:192.168.5.159:44135], old=null, confs=<EMPTY_MAP>
2019-07-09 02:22:04,571 INFO  server.RaftServerConfigKeys (ConfUtils.java:logGet(43)) - raft.server.storage.dir = [/tmp/workdir/hadoop-ozone/tools/target/test-dir/MiniOzoneClusterImpl-405d5ba7-9a30-4c44-b547-c1d352391d37/datanode-2/data/ratis] (custom)
2019-07-09 02:22:04,571 INFO  storage.RaftStorageDirectory (RaftStorageDirectory.java:analyzeStorage(246)) - The storage directory /tmp/workdir/hadoop-ozone/tools/target/test-dir/MiniOzoneClusterImpl-405d5ba7-9a30-4c44-b547-c1d352391d37/datanode-2/data/ratis/f0c90373-8031-4037-a7c1-ae8654bd18d9 does not exist. Creating ...
2019-07-09 02:22:04,587 INFO  storage.RaftStorageDirectory (RaftStorageDirectory.java:tryLock(328)) - Lock on /tmp/workdir/hadoop-ozone/tools/target/test-dir/MiniOzoneClusterImpl-405d5ba7-9a30-4c44-b547-c1d352391d37/datanode-2/data/ratis/f0c90373-8031-4037-a7c1-ae8654bd18d9/in_use.lock acquired by nodename 22474@hdds1735-6dm2j-1168502604
2019-07-09 02:22:04,598 INFO  storage.RaftStorage (RaftStorage.java:format(72)) - Storage directory /tmp/workdir/hadoop-ozone/tools/target/test-dir/MiniOzoneClusterImpl-405d5ba7-9a30-4c44-b547-c1d352391d37/datanode-2/data/ratis/f0c90373-8031-4037-a7c1-ae8654bd18d9 has been successfully formatted.
2019-07-09 02:22:04,600 INFO  ratis.ContainerStateMachine (ContainerStateMachine.java:loadSnapshot(198)) - The snapshot info is null.Setting the last applied index to:(t:0, i:~)
2019-07-09 02:22:04,601 INFO  server.RaftServerConfigKeys (ConfUtils.java:logGet(43)) - raft.server.leader.election.timeout = 120s (custom)
2019-07-09 02:22:04,601 INFO  server.RaftServerConfigKeys (ConfUtils.java:logGet(43)) - raft.server.log.use.memory = false (default)
2019-07-09 02:22:04,601 INFO  server.RaftServerConfigKeys (ConfUtils.java:logGet(43)) - raft.server.log.purge.gap = 1000000000 (custom)
2019-07-09 02:22:04,601 INFO  server.RaftServerConfigKeys (ConfUtils.java:logGet(43)) - raft.server.log.appender.buffer.byte-limit = 33554432 (custom)
2019-07-09 02:22:04,602 INFO  server.RaftServerConfigKeys (ConfUtils.java:logGet(43)) - raft.server.log.segment.size.max = 1048576 (custom)
2019-07-09 02:22:04,602 INFO  server.RaftServerConfigKeys (ConfUtils.java:logGet(43)) - raft.server.log.segment.cache.num.max = 2 (custom)
2019-07-09 02:22:04,602 INFO  segmented.SegmentedRaftLogWorker (SegmentedRaftLogWorker.java:<init>(172)) - new 96dfd720-dcc8-4863-a21b-6217a1ce7955-SegmentedRaftLogWorker:Storage Directory /tmp/workdir/hadoop-ozone/tools/target/test-dir/MiniOzoneClusterImpl-405d5ba7-9a30-4c44-b547-c1d352391d37/datanode-2/data/ratis/f0c90373-8031-4037-a7c1-ae8654bd18d9 for RaftStorage:Storage Directory /tmp/workdir/hadoop-ozone/tools/target/test-dir/MiniOzoneClusterImpl-405d5ba7-9a30-4c44-b547-c1d352391d37/datanode-2/data/ratis/f0c90373-8031-4037-a7c1-ae8654bd18d9
2019-07-09 02:22:04,603 INFO  server.RaftServerConfigKeys (ConfUtils.java:logGet(43)) - raft.server.log.queue.byte-limit = 2147483647 (custom)
2019-07-09 02:22:04,603 INFO  server.RaftServerConfigKeys (ConfUtils.java:logGet(43)) - raft.server.log.queue.element-limit = 1024 (custom)
2019-07-09 02:22:04,604 INFO  server.RaftServerConfigKeys (ConfUtils.java:logGet(43)) - raft.server.log.segment.size.max = 1048576 (custom)
2019-07-09 02:22:04,604 INFO  server.RaftServerConfigKeys (ConfUtils.java:logGet(43)) - raft.server.log.preallocated.size = 16384 (custom)
2019-07-09 02:22:04,604 INFO  server.RaftServerConfigKeys (ConfUtils.java:logGet(43)) - raft.server.log.write.buffer.size = 33554432 (custom)
2019-07-09 02:22:04,605 INFO  server.RaftServerConfigKeys (ConfUtils.java:logGet(43)) - raft.server.log.force.sync.num = 128 (default)
2019-07-09 02:22:04,605 INFO  server.RaftServerConfigKeys (ConfUtils.java:logGet(43)) - raft.server.log.statemachine.data.sync = true (default)
2019-07-09 02:22:04,605 INFO  server.RaftServerConfigKeys (ConfUtils.java:logGet(43)) - raft.server.log.statemachine.data.sync.timeout = 10s (default)
2019-07-09 02:22:04,606 INFO  server.RaftServerConfigKeys (ConfUtils.java:logGet(43)) - raft.server.log.statemachine.data.sync.timeout.retry = -1 (default)
2019-07-09 02:22:04,606 INFO  server.RaftServerConfigKeys (ConfUtils.java:logGet(43)) - raft.server.log.statemachine.data.caching.enabled = true (custom)
2019-07-09 02:22:04,607 INFO  segmented.SegmentedRaftLogWorker (SegmentedRaftLogWorker.java:lambda$new$0(132)) - 96dfd720-dcc8-4863-a21b-6217a1ce7955-SegmentedRaftLogWorker:Storage Directory /tmp/workdir/hadoop-ozone/tools/target/test-dir/MiniOzoneClusterImpl-405d5ba7-9a30-4c44-b547-c1d352391d37/datanode-2/data/ratis/f0c90373-8031-4037-a7c1-ae8654bd18d9: flushIndex: setUnconditionally 0 -> -1
2019-07-09 02:22:04,607 INFO  server.RaftServerConfigKeys (ConfUtils.java:logGet(43)) - raft.server.snapshot.auto.trigger.enabled = true (custom)
2019-07-09 02:22:04,607 INFO  server.RaftServerConfigKeys (ConfUtils.java:logGet(43)) - raft.server.snapshot.auto.trigger.threshold = 10000 (custom)
2019-07-09 02:22:04,608 INFO  server.RaftServerConfigKeys (ConfUtils.java:logGet(43)) - raft.server.retrycache.expirytime = 600000ms (custom)
2019-07-09 02:22:04,608 INFO  impl.RaftServerImpl (RaftServerImpl.java:start(180)) - 96dfd720-dcc8-4863-a21b-6217a1ce7955: start group-AE8654BD18D9
2019-07-09 02:22:04,608 INFO  impl.RaftServerImpl (RaftServerImpl.java:setRole(171)) - 96dfd720-dcc8-4863-a21b-6217a1ce7955:group-AE8654BD18D9 changes role from null to FOLLOWER at term 0 for startAsFollower
2019-07-09 02:22:04,608 INFO  impl.RoleInfo (RoleInfo.java:updateAndGet(143)) - 96dfd720-dcc8-4863-a21b-6217a1ce7955: start FollowerState
2019-07-09 02:22:04,610 INFO  util.JmxRegister (JmxRegister.java:tryRegister(44)) - Successfully registered JMX Bean with object name Ratis:service=RaftServer,group=group-AE8654BD18D9,id=96dfd720-dcc8-4863-a21b-6217a1ce7955
2019-07-09 02:22:04,624 INFO  pipeline.PipelineStateManager (PipelineStateManager.java:addPipeline(56)) - Created pipeline Pipeline[ Id: f0c90373-8031-4037-a7c1-ae8654bd18d9, Nodes: 96dfd720-dcc8-4863-a21b-6217a1ce7955{ip: 192.168.5.159, host: hdds1735-6dm2j-1168502604, networkLocation: /default-rack, certSerialId: null}, Type:RATIS, Factor:ONE, State:OPEN]
2019-07-09 02:22:04,643 INFO  impl.RaftServerProxy (RaftServerProxy.java:addNew(89)) - 109a3129-8b65-4fcd-9264-10f0d007e1c0: addNew group-449B18014159:[109a3129-8b65-4fcd-9264-10f0d007e1c0:192.168.5.159:35730] returns group-449B18014159:java.util.concurrent.CompletableFuture@13802e16[Not completed]
2019-07-09 02:22:04,647 INFO  impl.RaftServerImpl (RaftServerImpl.java:<init>(93)) - 109a3129-8b65-4fcd-9264-10f0d007e1c0: new RaftServerImpl for group-449B18014159:[109a3129-8b65-4fcd-9264-10f0d007e1c0:192.168.5.159:35730] with ContainerStateMachine:uninitialized
2019-07-09 02:22:04,648 INFO  server.RaftServerConfigKeys (ConfUtils.java:logGet(43)) - raft.server.rpc.timeout.min = 1s (custom)
2019-07-09 02:22:04,648 INFO  server.RaftServerConfigKeys (ConfUtils.java:logGet(43)) - raft.server.rpc.timeout.max = 1200ms (custom)
2019-07-09 02:22:04,648 INFO  server.RaftServerConfigKeys (ConfUtils.java:logGet(43)) - raft.server.rpcslowness.timeout = 120s (custom)
2019-07-09 02:22:04,649 INFO  server.RaftServerConfigKeys (ConfUtils.java:logGet(43)) - raft.server.sleep.deviation.threshold = 300 (default)
2019-07-09 02:22:04,649 INFO  server.RaftServerConfigKeys (ConfUtils.java:logGet(43)) - raft.server.log.appender.install.snapshot.enabled = false (custom)
2019-07-09 02:22:04,649 INFO  impl.RaftServerImpl (ServerState.java:<init>(105)) - 109a3129-8b65-4fcd-9264-10f0d007e1c0:group-449B18014159 ConfigurationManager, init=-1: [109a3129-8b65-4fcd-9264-10f0d007e1c0:192.168.5.159:35730], old=null, confs=<EMPTY_MAP>
2019-07-09 02:22:04,649 INFO  server.RaftServerConfigKeys (ConfUtils.java:logGet(43)) - raft.server.storage.dir = [/tmp/workdir/hadoop-ozone/tools/target/test-dir/MiniOzoneClusterImpl-405d5ba7-9a30-4c44-b547-c1d352391d37/datanode-1/data/ratis] (custom)
2019-07-09 02:22:04,650 INFO  storage.RaftStorageDirectory (RaftStorageDirectory.java:analyzeStorage(246)) - The storage directory /tmp/workdir/hadoop-ozone/tools/target/test-dir/MiniOzoneClusterImpl-405d5ba7-9a30-4c44-b547-c1d352391d37/datanode-1/data/ratis/892eb47e-1300-48fe-bfae-449b18014159 does not exist. Creating ...
2019-07-09 02:22:04,661 INFO  storage.RaftStorageDirectory (RaftStorageDirectory.java:tryLock(328)) - Lock on /tmp/workdir/hadoop-ozone/tools/target/test-dir/MiniOzoneClusterImpl-405d5ba7-9a30-4c44-b547-c1d352391d37/datanode-1/data/ratis/892eb47e-1300-48fe-bfae-449b18014159/in_use.lock acquired by nodename 22474@hdds1735-6dm2j-1168502604
2019-07-09 02:22:04,672 INFO  storage.RaftStorage (RaftStorage.java:format(72)) - Storage directory /tmp/workdir/hadoop-ozone/tools/target/test-dir/MiniOzoneClusterImpl-405d5ba7-9a30-4c44-b547-c1d352391d37/datanode-1/data/ratis/892eb47e-1300-48fe-bfae-449b18014159 has been successfully formatted.
2019-07-09 02:22:04,673 INFO  ratis.ContainerStateMachine (ContainerStateMachine.java:loadSnapshot(198)) - The snapshot info is null.Setting the last applied index to:(t:0, i:~)
2019-07-09 02:22:04,673 INFO  server.RaftServerConfigKeys (ConfUtils.java:logGet(43)) - raft.server.leader.election.timeout = 120s (custom)
2019-07-09 02:22:04,673 INFO  server.RaftServerConfigKeys (ConfUtils.java:logGet(43)) - raft.server.log.use.memory = false (default)
2019-07-09 02:22:04,673 INFO  server.RaftServerConfigKeys (ConfUtils.java:logGet(43)) - raft.server.log.purge.gap = 1000000000 (custom)
2019-07-09 02:22:04,674 INFO  server.RaftServerConfigKeys (ConfUtils.java:logGet(43)) - raft.server.log.appender.buffer.byte-limit = 33554432 (custom)
2019-07-09 02:22:04,674 INFO  server.RaftServerConfigKeys (ConfUtils.java:logGet(43)) - raft.server.log.segment.size.max = 1048576 (custom)
2019-07-09 02:22:04,674 INFO  server.RaftServerConfigKeys (ConfUtils.java:logGet(43)) - raft.server.log.segment.cache.num.max = 2 (custom)
2019-07-09 02:22:04,674 INFO  segmented.SegmentedRaftLogWorker (SegmentedRaftLogWorker.java:<init>(172)) - new 109a3129-8b65-4fcd-9264-10f0d007e1c0-SegmentedRaftLogWorker:Storage Directory /tmp/workdir/hadoop-ozone/tools/target/test-dir/MiniOzoneClusterImpl-405d5ba7-9a30-4c44-b547-c1d352391d37/datanode-1/data/ratis/892eb47e-1300-48fe-bfae-449b18014159 for RaftStorage:Storage Directory /tmp/workdir/hadoop-ozone/tools/target/test-dir/MiniOzoneClusterImpl-405d5ba7-9a30-4c44-b547-c1d352391d37/datanode-1/data/ratis/892eb47e-1300-48fe-bfae-449b18014159
2019-07-09 02:22:04,674 INFO  server.RaftServerConfigKeys (ConfUtils.java:logGet(43)) - raft.server.log.queue.byte-limit = 2147483647 (custom)
2019-07-09 02:22:04,675 INFO  server.RaftServerConfigKeys (ConfUtils.java:logGet(43)) - raft.server.log.queue.element-limit = 1024 (custom)
2019-07-09 02:22:04,675 INFO  server.RaftServerConfigKeys (ConfUtils.java:logGet(43)) - raft.server.log.segment.size.max = 1048576 (custom)
2019-07-09 02:22:04,675 INFO  server.RaftServerConfigKeys (ConfUtils.java:logGet(43)) - raft.server.log.preallocated.size = 16384 (custom)
2019-07-09 02:22:04,675 INFO  server.RaftServerConfigKeys (ConfUtils.java:logGet(43)) - raft.server.log.write.buffer.size = 33554432 (custom)
2019-07-09 02:22:04,676 INFO  server.RaftServerConfigKeys (ConfUtils.java:logGet(43)) - raft.server.log.force.sync.num = 128 (default)
2019-07-09 02:22:04,676 INFO  server.RaftServerConfigKeys (ConfUtils.java:logGet(43)) - raft.server.log.statemachine.data.sync = true (default)
2019-07-09 02:22:04,676 INFO  server.RaftServerConfigKeys (ConfUtils.java:logGet(43)) - raft.server.log.statemachine.data.sync.timeout = 10s (default)
2019-07-09 02:22:04,676 INFO  server.RaftServerConfigKeys (ConfUtils.java:logGet(43)) - raft.server.log.statemachine.data.sync.timeout.retry = -1 (default)
2019-07-09 02:22:04,677 INFO  server.RaftServerConfigKeys (ConfUtils.java:logGet(43)) - raft.server.log.statemachine.data.caching.enabled = true (custom)
2019-07-09 02:22:04,677 INFO  segmented.SegmentedRaftLogWorker (SegmentedRaftLogWorker.java:lambda$new$0(132)) - 109a3129-8b65-4fcd-9264-10f0d007e1c0-SegmentedRaftLogWorker:Storage Directory /tmp/workdir/hadoop-ozone/tools/target/test-dir/MiniOzoneClusterImpl-405d5ba7-9a30-4c44-b547-c1d352391d37/datanode-1/data/ratis/892eb47e-1300-48fe-bfae-449b18014159: flushIndex: setUnconditionally 0 -> -1
2019-07-09 02:22:04,677 INFO  server.RaftServerConfigKeys (ConfUtils.java:logGet(43)) - raft.server.snapshot.auto.trigger.enabled = true (custom)
2019-07-09 02:22:04,678 INFO  server.RaftServerConfigKeys (ConfUtils.java:logGet(43)) - raft.server.snapshot.auto.trigger.threshold = 10000 (custom)
2019-07-09 02:22:04,678 INFO  server.RaftServerConfigKeys (ConfUtils.java:logGet(43)) - raft.server.retrycache.expirytime = 600000ms (custom)
2019-07-09 02:22:04,678 INFO  impl.RaftServerImpl (RaftServerImpl.java:start(180)) - 109a3129-8b65-4fcd-9264-10f0d007e1c0: start group-449B18014159
2019-07-09 02:22:04,678 INFO  impl.RaftServerImpl (RaftServerImpl.java:setRole(171)) - 109a3129-8b65-4fcd-9264-10f0d007e1c0:group-449B18014159 changes role from null to FOLLOWER at term 0 for startAsFollower
2019-07-09 02:22:04,678 INFO  impl.RoleInfo (RoleInfo.java:updateAndGet(143)) - 109a3129-8b65-4fcd-9264-10f0d007e1c0: start FollowerState
2019-07-09 02:22:04,679 INFO  util.JmxRegister (JmxRegister.java:tryRegister(44)) - Successfully registered JMX Bean with object name Ratis:service=RaftServer,group=group-449B18014159,id=109a3129-8b65-4fcd-9264-10f0d007e1c0
2019-07-09 02:22:04,688 INFO  pipeline.PipelineStateManager (PipelineStateManager.java:addPipeline(56)) - Created pipeline Pipeline[ Id: 892eb47e-1300-48fe-bfae-449b18014159, Nodes: 109a3129-8b65-4fcd-9264-10f0d007e1c0{ip: 192.168.5.159, host: hdds1735-6dm2j-1168502604, networkLocation: /default-rack, certSerialId: null}, Type:RATIS, Factor:ONE, State:OPEN]
2019-07-09 02:22:04,710 INFO  ozone.MiniOzoneClusterImpl (MiniOzoneClusterImpl.java:lambda$waitForClusterToBeReady$0(142)) - Cluster is ready. Got 3 of 3 DN Heartbeats.
2019-07-09 02:22:04,727 INFO  impl.RaftServerProxy (RaftServerProxy.java:addNew(89)) - 96dfd720-dcc8-4863-a21b-6217a1ce7955: addNew group-5C02D0E0293D:[b64db28b-0206-4f29-9222-8535a6fae465:192.168.5.159:32966, 109a3129-8b65-4fcd-9264-10f0d007e1c0:192.168.5.159:35730, 96dfd720-dcc8-4863-a21b-6217a1ce7955:192.168.5.159:44135] returns group-5C02D0E0293D:java.util.concurrent.CompletableFuture@4586e4ce[Not completed]
2019-07-09 02:22:04,727 INFO  impl.RaftServerProxy (RaftServerProxy.java:addNew(89)) - b64db28b-0206-4f29-9222-8535a6fae465: addNew group-5C02D0E0293D:[b64db28b-0206-4f29-9222-8535a6fae465:192.168.5.159:32966, 109a3129-8b65-4fcd-9264-10f0d007e1c0:192.168.5.159:35730, 96dfd720-dcc8-4863-a21b-6217a1ce7955:192.168.5.159:44135] returns group-5C02D0E0293D:java.util.concurrent.CompletableFuture@5149b234[Not completed]
2019-07-09 02:22:04,728 INFO  impl.RaftServerImpl (RaftServerImpl.java:<init>(93)) - 96dfd720-dcc8-4863-a21b-6217a1ce7955: new RaftServerImpl for group-5C02D0E0293D:[b64db28b-0206-4f29-9222-8535a6fae465:192.168.5.159:32966, 109a3129-8b65-4fcd-9264-10f0d007e1c0:192.168.5.159:35730, 96dfd720-dcc8-4863-a21b-6217a1ce7955:192.168.5.159:44135] with ContainerStateMachine:uninitialized
2019-07-09 02:22:04,728 INFO  server.RaftServerConfigKeys (ConfUtils.java:logGet(43)) - raft.server.rpc.timeout.min = 1s (custom)
2019-07-09 02:22:04,730 INFO  server.RaftServerConfigKeys (ConfUtils.java:logGet(43)) - raft.server.rpc.timeout.max = 1200ms (custom)
2019-07-09 02:22:04,730 INFO  server.RaftServerConfigKeys (ConfUtils.java:logGet(43)) - raft.server.rpcslowness.timeout = 120s (custom)
2019-07-09 02:22:04,730 INFO  server.RaftServerConfigKeys (ConfUtils.java:logGet(43)) - raft.server.sleep.deviation.threshold = 300 (default)
2019-07-09 02:22:04,730 INFO  impl.RaftServerImpl (RaftServerImpl.java:<init>(93)) - b64db28b-0206-4f29-9222-8535a6fae465: new RaftServerImpl for group-5C02D0E0293D:[b64db28b-0206-4f29-9222-8535a6fae465:192.168.5.159:32966, 109a3129-8b65-4fcd-9264-10f0d007e1c0:192.168.5.159:35730, 96dfd720-dcc8-4863-a21b-6217a1ce7955:192.168.5.159:44135] with ContainerStateMachine:uninitialized
2019-07-09 02:22:04,730 INFO  server.RaftServerConfigKeys (ConfUtils.java:logGet(43)) - raft.server.log.appender.install.snapshot.enabled = false (custom)
2019-07-09 02:22:04,731 INFO  server.RaftServerConfigKeys (ConfUtils.java:logGet(43)) - raft.server.rpc.timeout.min = 1s (custom)
2019-07-09 02:22:04,733 INFO  impl.RaftServerImpl (ServerState.java:<init>(105)) - 96dfd720-dcc8-4863-a21b-6217a1ce7955:group-5C02D0E0293D ConfigurationManager, init=-1: [b64db28b-0206-4f29-9222-8535a6fae465:192.168.5.159:32966, 109a3129-8b65-4fcd-9264-10f0d007e1c0:192.168.5.159:35730, 96dfd720-dcc8-4863-a21b-6217a1ce7955:192.168.5.159:44135], old=null, confs=<EMPTY_MAP>
2019-07-09 02:22:04,733 INFO  server.RaftServerConfigKeys (ConfUtils.java:logGet(43)) - raft.server.rpc.timeout.max = 1200ms (custom)
2019-07-09 02:22:04,733 INFO  server.RaftServerConfigKeys (ConfUtils.java:logGet(43)) - raft.server.storage.dir = [/tmp/workdir/hadoop-ozone/tools/target/test-dir/MiniOzoneClusterImpl-405d5ba7-9a30-4c44-b547-c1d352391d37/datanode-2/data/ratis] (custom)
2019-07-09 02:22:04,733 INFO  impl.RaftServerProxy (RaftServerProxy.java:addNew(89)) - 109a3129-8b65-4fcd-9264-10f0d007e1c0: addNew group-5C02D0E0293D:[b64db28b-0206-4f29-9222-8535a6fae465:192.168.5.159:32966, 109a3129-8b65-4fcd-9264-10f0d007e1c0:192.168.5.159:35730, 96dfd720-dcc8-4863-a21b-6217a1ce7955:192.168.5.159:44135] returns group-5C02D0E0293D:java.util.concurrent.CompletableFuture@144b2679[Not completed]
2019-07-09 02:22:04,733 INFO  server.RaftServerConfigKeys (ConfUtils.java:logGet(43)) - raft.server.rpcslowness.timeout = 120s (custom)
2019-07-09 02:22:04,734 INFO  storage.RaftStorageDirectory (RaftStorageDirectory.java:analyzeStorage(246)) - The storage directory /tmp/workdir/hadoop-ozone/tools/target/test-dir/MiniOzoneClusterImpl-405d5ba7-9a30-4c44-b547-c1d352391d37/datanode-2/data/ratis/b43e74da-c496-421a-a272-5c02d0e0293d does not exist. Creating ...
2019-07-09 02:22:04,734 INFO  server.RaftServerConfigKeys (ConfUtils.java:logGet(43)) - raft.server.sleep.deviation.threshold = 300 (default)
2019-07-09 02:22:04,734 INFO  server.RaftServerConfigKeys (ConfUtils.java:logGet(43)) - raft.server.log.appender.install.snapshot.enabled = false (custom)
2019-07-09 02:22:04,734 INFO  impl.RaftServerImpl (ServerState.java:<init>(105)) - b64db28b-0206-4f29-9222-8535a6fae465:group-5C02D0E0293D ConfigurationManager, init=-1: [b64db28b-0206-4f29-9222-8535a6fae465:192.168.5.159:32966, 109a3129-8b65-4fcd-9264-10f0d007e1c0:192.168.5.159:35730, 96dfd720-dcc8-4863-a21b-6217a1ce7955:192.168.5.159:44135], old=null, confs=<EMPTY_MAP>
2019-07-09 02:22:04,734 INFO  impl.RaftServerImpl (RaftServerImpl.java:<init>(93)) - 109a3129-8b65-4fcd-9264-10f0d007e1c0: new RaftServerImpl for group-5C02D0E0293D:[b64db28b-0206-4f29-9222-8535a6fae465:192.168.5.159:32966, 109a3129-8b65-4fcd-9264-10f0d007e1c0:192.168.5.159:35730, 96dfd720-dcc8-4863-a21b-6217a1ce7955:192.168.5.159:44135] with ContainerStateMachine:uninitialized
2019-07-09 02:22:04,735 INFO  server.RaftServerConfigKeys (ConfUtils.java:logGet(43)) - raft.server.storage.dir = [/tmp/workdir/hadoop-ozone/tools/target/test-dir/MiniOzoneClusterImpl-405d5ba7-9a30-4c44-b547-c1d352391d37/datanode-0/data/ratis] (custom)
2019-07-09 02:22:04,735 INFO  server.RaftServerConfigKeys (ConfUtils.java:logGet(43)) - raft.server.rpc.timeout.min = 1s (custom)
2019-07-09 02:22:04,735 INFO  server.RaftServerConfigKeys (ConfUtils.java:logGet(43)) - raft.server.rpc.timeout.max = 1200ms (custom)
2019-07-09 02:22:04,735 INFO  storage.RaftStorageDirectory (RaftStorageDirectory.java:analyzeStorage(246)) - The storage directory /tmp/workdir/hadoop-ozone/tools/target/test-dir/MiniOzoneClusterImpl-405d5ba7-9a30-4c44-b547-c1d352391d37/datanode-0/data/ratis/b43e74da-c496-421a-a272-5c02d0e0293d does not exist. Creating ...
2019-07-09 02:22:04,735 INFO  server.RaftServerConfigKeys (ConfUtils.java:logGet(43)) - raft.server.rpcslowness.timeout = 120s (custom)
2019-07-09 02:22:04,735 INFO  server.RaftServerConfigKeys (ConfUtils.java:logGet(43)) - raft.server.sleep.deviation.threshold = 300 (default)
2019-07-09 02:22:04,736 INFO  server.RaftServerConfigKeys (ConfUtils.java:logGet(43)) - raft.server.log.appender.install.snapshot.enabled = false (custom)
2019-07-09 02:22:04,736 INFO  impl.RaftServerImpl (ServerState.java:<init>(105)) - 109a3129-8b65-4fcd-9264-10f0d007e1c0:group-5C02D0E0293D ConfigurationManager, init=-1: [b64db28b-0206-4f29-9222-8535a6fae465:192.168.5.159:32966, 109a3129-8b65-4fcd-9264-10f0d007e1c0:192.168.5.159:35730, 96dfd720-dcc8-4863-a21b-6217a1ce7955:192.168.5.159:44135], old=null, confs=<EMPTY_MAP>
2019-07-09 02:22:04,736 INFO  server.RaftServerConfigKeys (ConfUtils.java:logGet(43)) - raft.server.storage.dir = [/tmp/workdir/hadoop-ozone/tools/target/test-dir/MiniOzoneClusterImpl-405d5ba7-9a30-4c44-b547-c1d352391d37/datanode-1/data/ratis] (custom)
2019-07-09 02:22:04,736 INFO  storage.RaftStorageDirectory (RaftStorageDirectory.java:analyzeStorage(246)) - The storage directory /tmp/workdir/hadoop-ozone/tools/target/test-dir/MiniOzoneClusterImpl-405d5ba7-9a30-4c44-b547-c1d352391d37/datanode-1/data/ratis/b43e74da-c496-421a-a272-5c02d0e0293d does not exist. Creating ...
2019-07-09 02:22:04,747 INFO  storage.RaftStorageDirectory (RaftStorageDirectory.java:tryLock(328)) - Lock on /tmp/workdir/hadoop-ozone/tools/target/test-dir/MiniOzoneClusterImpl-405d5ba7-9a30-4c44-b547-c1d352391d37/datanode-0/data/ratis/b43e74da-c496-421a-a272-5c02d0e0293d/in_use.lock acquired by nodename 22474@hdds1735-6dm2j-1168502604
2019-07-09 02:22:04,747 INFO  storage.RaftStorageDirectory (RaftStorageDirectory.java:tryLock(328)) - Lock on /tmp/workdir/hadoop-ozone/tools/target/test-dir/MiniOzoneClusterImpl-405d5ba7-9a30-4c44-b547-c1d352391d37/datanode-2/data/ratis/b43e74da-c496-421a-a272-5c02d0e0293d/in_use.lock acquired by nodename 22474@hdds1735-6dm2j-1168502604
2019-07-09 02:22:04,747 INFO  storage.RaftStorageDirectory (RaftStorageDirectory.java:tryLock(328)) - Lock on /tmp/workdir/hadoop-ozone/tools/target/test-dir/MiniOzoneClusterImpl-405d5ba7-9a30-4c44-b547-c1d352391d37/datanode-1/data/ratis/b43e74da-c496-421a-a272-5c02d0e0293d/in_use.lock acquired by nodename 22474@hdds1735-6dm2j-1168502604
2019-07-09 02:22:04,759 INFO  storage.RaftStorage (RaftStorage.java:format(72)) - Storage directory /tmp/workdir/hadoop-ozone/tools/target/test-dir/MiniOzoneClusterImpl-405d5ba7-9a30-4c44-b547-c1d352391d37/datanode-0/data/ratis/b43e74da-c496-421a-a272-5c02d0e0293d has been successfully formatted.
2019-07-09 02:22:04,759 INFO  storage.RaftStorage (RaftStorage.java:format(72)) - Storage directory /tmp/workdir/hadoop-ozone/tools/target/test-dir/MiniOzoneClusterImpl-405d5ba7-9a30-4c44-b547-c1d352391d37/datanode-1/data/ratis/b43e74da-c496-421a-a272-5c02d0e0293d has been successfully formatted.
2019-07-09 02:22:04,759 INFO  storage.RaftStorage (RaftStorage.java:format(72)) - Storage directory /tmp/workdir/hadoop-ozone/tools/target/test-dir/MiniOzoneClusterImpl-405d5ba7-9a30-4c44-b547-c1d352391d37/datanode-2/data/ratis/b43e74da-c496-421a-a272-5c02d0e0293d has been successfully formatted.
2019-07-09 02:22:04,760 INFO  ratis.ContainerStateMachine (ContainerStateMachine.java:loadSnapshot(198)) - The snapshot info is null.Setting the last applied index to:(t:0, i:~)
2019-07-09 02:22:04,760 INFO  ratis.ContainerStateMachine (ContainerStateMachine.java:loadSnapshot(198)) - The snapshot info is null.Setting the last applied index to:(t:0, i:~)
2019-07-09 02:22:04,760 INFO  server.RaftServerConfigKeys (ConfUtils.java:logGet(43)) - raft.server.leader.election.timeout = 120s (custom)
2019-07-09 02:22:04,760 INFO  ratis.ContainerStateMachine (ContainerStateMachine.java:loadSnapshot(198)) - The snapshot info is null.Setting the last applied index to:(t:0, i:~)
2019-07-09 02:22:04,760 INFO  server.RaftServerConfigKeys (ConfUtils.java:logGet(43)) - raft.server.log.use.memory = false (default)
2019-07-09 02:22:04,760 INFO  server.RaftServerConfigKeys (ConfUtils.java:logGet(43)) - raft.server.leader.election.timeout = 120s (custom)
2019-07-09 02:22:04,761 INFO  server.RaftServerConfigKeys (ConfUtils.java:logGet(43)) - raft.server.log.purge.gap = 1000000000 (custom)
2019-07-09 02:22:04,761 INFO  server.RaftServerConfigKeys (ConfUtils.java:logGet(43)) - raft.server.leader.election.timeout = 120s (custom)
2019-07-09 02:22:04,761 INFO  server.RaftServerConfigKeys (ConfUtils.java:logGet(43)) - raft.server.log.appender.buffer.byte-limit = 33554432 (custom)
2019-07-09 02:22:04,761 INFO  server.RaftServerConfigKeys (ConfUtils.java:logGet(43)) - raft.server.log.use.memory = false (default)
2019-07-09 02:22:04,761 INFO  server.RaftServerConfigKeys (ConfUtils.java:logGet(43)) - raft.server.log.segment.size.max = 1048576 (custom)
2019-07-09 02:22:04,761 INFO  server.RaftServerConfigKeys (ConfUtils.java:logGet(43)) - raft.server.log.use.memory = false (default)
2019-07-09 02:22:04,762 INFO  server.RaftServerConfigKeys (ConfUtils.java:logGet(43)) - raft.server.log.segment.cache.num.max = 2 (custom)
2019-07-09 02:22:04,762 INFO  server.RaftServerConfigKeys (ConfUtils.java:logGet(43)) - raft.server.log.purge.gap = 1000000000 (custom)
2019-07-09 02:22:04,762 INFO  segmented.SegmentedRaftLogWorker (SegmentedRaftLogWorker.java:<init>(172)) - new 109a3129-8b65-4fcd-9264-10f0d007e1c0-SegmentedRaftLogWorker:Storage Directory /tmp/workdir/hadoop-ozone/tools/target/test-dir/MiniOzoneClusterImpl-405d5ba7-9a30-4c44-b547-c1d352391d37/datanode-1/data/ratis/b43e74da-c496-421a-a272-5c02d0e0293d for RaftStorage:Storage Directory /tmp/workdir/hadoop-ozone/tools/target/test-dir/MiniOzoneClusterImpl-405d5ba7-9a30-4c44-b547-c1d352391d37/datanode-1/data/ratis/b43e74da-c496-421a-a272-5c02d0e0293d
2019-07-09 02:22:04,762 INFO  server.RaftServerConfigKeys (ConfUtils.java:logGet(43)) - raft.server.log.purge.gap = 1000000000 (custom)
2019-07-09 02:22:04,762 INFO  server.RaftServerConfigKeys (ConfUtils.java:logGet(43)) - raft.server.log.queue.byte-limit = 2147483647 (custom)
2019-07-09 02:22:04,762 INFO  server.RaftServerConfigKeys (ConfUtils.java:logGet(43)) - raft.server.log.appender.buffer.byte-limit = 33554432 (custom)
2019-07-09 02:22:04,775 INFO  server.RaftServerConfigKeys (ConfUtils.java:logGet(43)) - raft.server.log.queue.element-limit = 1024 (custom)
2019-07-09 02:22:04,763 INFO  server.RaftServerConfigKeys (ConfUtils.java:logGet(43)) - raft.server.log.appender.buffer.byte-limit = 33554432 (custom)
2019-07-09 02:22:04,776 INFO  server.RaftServerConfigKeys (ConfUtils.java:logGet(43)) - raft.server.log.segment.size.max = 1048576 (custom)
2019-07-09 02:22:04,776 INFO  server.RaftServerConfigKeys (ConfUtils.java:logGet(43)) - raft.server.log.segment.size.max = 1048576 (custom)
2019-07-09 02:22:04,776 INFO  server.RaftServerConfigKeys (ConfUtils.java:logGet(43)) - raft.server.log.preallocated.size = 16384 (custom)
2019-07-09 02:22:04,776 INFO  server.RaftServerConfigKeys (ConfUtils.java:logGet(43)) - raft.server.log.segment.size.max = 1048576 (custom)
2019-07-09 02:22:04,777 INFO  server.RaftServerConfigKeys (ConfUtils.java:logGet(43)) - raft.server.log.write.buffer.size = 33554432 (custom)
2019-07-09 02:22:04,776 INFO  server.RaftServerConfigKeys (ConfUtils.java:logGet(43)) - raft.server.log.segment.cache.num.max = 2 (custom)
2019-07-09 02:22:04,777 INFO  server.RaftServerConfigKeys (ConfUtils.java:logGet(43)) - raft.server.log.force.sync.num = 128 (default)
2019-07-09 02:22:04,777 INFO  server.RaftServerConfigKeys (ConfUtils.java:logGet(43)) - raft.server.log.segment.cache.num.max = 2 (custom)
2019-07-09 02:22:04,777 INFO  server.RaftServerConfigKeys (ConfUtils.java:logGet(43)) - raft.server.log.statemachine.data.sync = true (default)
2019-07-09 02:22:04,777 INFO  segmented.SegmentedRaftLogWorker (SegmentedRaftLogWorker.java:<init>(172)) - new b64db28b-0206-4f29-9222-8535a6fae465-SegmentedRaftLogWorker:Storage Directory /tmp/workdir/hadoop-ozone/tools/target/test-dir/MiniOzoneClusterImpl-405d5ba7-9a30-4c44-b547-c1d352391d37/datanode-0/data/ratis/b43e74da-c496-421a-a272-5c02d0e0293d for RaftStorage:Storage Directory /tmp/workdir/hadoop-ozone/tools/target/test-dir/MiniOzoneClusterImpl-405d5ba7-9a30-4c44-b547-c1d352391d37/datanode-0/data/ratis/b43e74da-c496-421a-a272-5c02d0e0293d
2019-07-09 02:22:04,778 INFO  server.RaftServerConfigKeys (ConfUtils.java:logGet(43)) - raft.server.log.statemachine.data.sync.timeout = 10s (default)
2019-07-09 02:22:04,777 INFO  segmented.SegmentedRaftLogWorker (SegmentedRaftLogWorker.java:<init>(172)) - new 96dfd720-dcc8-4863-a21b-6217a1ce7955-SegmentedRaftLogWorker:Storage Directory /tmp/workdir/hadoop-ozone/tools/target/test-dir/MiniOzoneClusterImpl-405d5ba7-9a30-4c44-b547-c1d352391d37/datanode-2/data/ratis/b43e74da-c496-421a-a272-5c02d0e0293d for RaftStorage:Storage Directory /tmp/workdir/hadoop-ozone/tools/target/test-dir/MiniOzoneClusterImpl-405d5ba7-9a30-4c44-b547-c1d352391d37/datanode-2/data/ratis/b43e74da-c496-421a-a272-5c02d0e0293d
2019-07-09 02:22:04,779 INFO  server.RaftServerConfigKeys (ConfUtils.java:logGet(43)) - raft.server.log.statemachine.data.sync.timeout.retry = -1 (default)
2019-07-09 02:22:04,778 INFO  server.RaftServerConfigKeys (ConfUtils.java:logGet(43)) - raft.server.log.queue.byte-limit = 2147483647 (custom)
2019-07-09 02:22:04,779 INFO  server.RaftServerConfigKeys (ConfUtils.java:logGet(43)) - raft.server.log.queue.byte-limit = 2147483647 (custom)
2019-07-09 02:22:04,780 INFO  server.RaftServerConfigKeys (ConfUtils.java:logGet(43)) - raft.server.log.statemachine.data.caching.enabled = true (custom)
2019-07-09 02:22:04,780 INFO  server.RaftServerConfigKeys (ConfUtils.java:logGet(43)) - raft.server.log.queue.element-limit = 1024 (custom)
2019-07-09 02:22:04,780 INFO  server.RaftServerConfigKeys (ConfUtils.java:logGet(43)) - raft.server.log.queue.element-limit = 1024 (custom)
2019-07-09 02:22:04,781 INFO  segmented.SegmentedRaftLogWorker (SegmentedRaftLogWorker.java:lambda$new$0(132)) - 109a3129-8b65-4fcd-9264-10f0d007e1c0-SegmentedRaftLogWorker:Storage Directory /tmp/workdir/hadoop-ozone/tools/target/test-dir/MiniOzoneClusterImpl-405d5ba7-9a30-4c44-b547-c1d352391d37/datanode-1/data/ratis/b43e74da-c496-421a-a272-5c02d0e0293d: flushIndex: setUnconditionally 0 -> -1
2019-07-09 02:22:04,781 INFO  server.RaftServerConfigKeys (ConfUtils.java:logGet(43)) - raft.server.log.segment.size.max = 1048576 (custom)
2019-07-09 02:22:04,781 INFO  server.RaftServerConfigKeys (ConfUtils.java:logGet(43)) - raft.server.log.segment.size.max = 1048576 (custom)
2019-07-09 02:22:04,781 INFO  server.RaftServerConfigKeys (ConfUtils.java:logGet(43)) - raft.server.snapshot.auto.trigger.enabled = true (custom)
2019-07-09 02:22:04,781 INFO  server.RaftServerConfigKeys (ConfUtils.java:logGet(43)) - raft.server.log.preallocated.size = 16384 (custom)
2019-07-09 02:22:04,782 INFO  server.RaftServerConfigKeys (ConfUtils.java:logGet(43)) - raft.server.snapshot.auto.trigger.threshold = 10000 (custom)
2019-07-09 02:22:04,782 INFO  server.RaftServerConfigKeys (ConfUtils.java:logGet(43)) - raft.server.log.preallocated.size = 16384 (custom)
2019-07-09 02:22:04,782 INFO  server.RaftServerConfigKeys (ConfUtils.java:logGet(43)) - raft.server.retrycache.expirytime = 600000ms (custom)
2019-07-09 02:22:04,782 INFO  server.RaftServerConfigKeys (ConfUtils.java:logGet(43)) - raft.server.log.write.buffer.size = 33554432 (custom)
2019-07-09 02:22:04,782 INFO  server.RaftServerConfigKeys (ConfUtils.java:logGet(43)) - raft.server.log.write.buffer.size = 33554432 (custom)
2019-07-09 02:22:04,783 INFO  impl.RaftServerImpl (RaftServerImpl.java:start(180)) - 109a3129-8b65-4fcd-9264-10f0d007e1c0: start group-5C02D0E0293D
2019-07-09 02:22:04,783 INFO  server.RaftServerConfigKeys (ConfUtils.java:logGet(43)) - raft.server.log.force.sync.num = 128 (default)
2019-07-09 02:22:04,783 INFO  impl.RaftServerImpl (RaftServerImpl.java:setRole(171)) - 109a3129-8b65-4fcd-9264-10f0d007e1c0:group-5C02D0E0293D changes role from null to FOLLOWER at term 0 for startAsFollower
2019-07-09 02:22:04,783 INFO  server.RaftServerConfigKeys (ConfUtils.java:logGet(43)) - raft.server.log.force.sync.num = 128 (default)
2019-07-09 02:22:04,783 INFO  impl.RoleInfo (RoleInfo.java:updateAndGet(143)) - 109a3129-8b65-4fcd-9264-10f0d007e1c0: start FollowerState
2019-07-09 02:22:04,783 INFO  server.RaftServerConfigKeys (ConfUtils.java:logGet(43)) - raft.server.log.statemachine.data.sync = true (default)
2019-07-09 02:22:04,783 INFO  server.RaftServerConfigKeys (ConfUtils.java:logGet(43)) - raft.server.log.statemachine.data.sync = true (default)
2019-07-09 02:22:04,784 INFO  server.RaftServerConfigKeys (ConfUtils.java:logGet(43)) - raft.server.log.statemachine.data.sync.timeout = 10s (default)
2019-07-09 02:22:04,784 INFO  util.JmxRegister (JmxRegister.java:tryRegister(44)) - Successfully registered JMX Bean with object name Ratis:service=RaftServer,group=group-5C02D0E0293D,id=109a3129-8b65-4fcd-9264-10f0d007e1c0
2019-07-09 02:22:04,784 INFO  server.RaftServerConfigKeys (ConfUtils.java:logGet(43)) - raft.server.log.statemachine.data.sync.timeout = 10s (default)
2019-07-09 02:22:04,784 INFO  server.RaftServerConfigKeys (ConfUtils.java:logGet(43)) - raft.server.log.statemachine.data.sync.timeout.retry = -1 (default)
2019-07-09 02:22:04,784 INFO  server.RaftServerConfigKeys (ConfUtils.java:logGet(43)) - raft.server.log.statemachine.data.sync.timeout.retry = -1 (default)
2019-07-09 02:22:04,785 INFO  server.RaftServerConfigKeys (ConfUtils.java:logGet(43)) - raft.server.log.statemachine.data.caching.enabled = true (custom)
2019-07-09 02:22:04,785 INFO  server.RaftServerConfigKeys (ConfUtils.java:logGet(43)) - raft.server.log.statemachine.data.caching.enabled = true (custom)
2019-07-09 02:22:04,785 INFO  segmented.SegmentedRaftLogWorker (SegmentedRaftLogWorker.java:lambda$new$0(132)) - b64db28b-0206-4f29-9222-8535a6fae465-SegmentedRaftLogWorker:Storage Directory /tmp/workdir/hadoop-ozone/tools/target/test-dir/MiniOzoneClusterImpl-405d5ba7-9a30-4c44-b547-c1d352391d37/datanode-0/data/ratis/b43e74da-c496-421a-a272-5c02d0e0293d: flushIndex: setUnconditionally 0 -> -1
2019-07-09 02:22:04,785 INFO  segmented.SegmentedRaftLogWorker (SegmentedRaftLogWorker.java:lambda$new$0(132)) - 96dfd720-dcc8-4863-a21b-6217a1ce7955-SegmentedRaftLogWorker:Storage Directory /tmp/workdir/hadoop-ozone/tools/target/test-dir/MiniOzoneClusterImpl-405d5ba7-9a30-4c44-b547-c1d352391d37/datanode-2/data/ratis/b43e74da-c496-421a-a272-5c02d0e0293d: flushIndex: setUnconditionally 0 -> -1
2019-07-09 02:22:04,786 INFO  server.RaftServerConfigKeys (ConfUtils.java:logGet(43)) - raft.server.snapshot.auto.trigger.enabled = true (custom)
2019-07-09 02:22:04,788 INFO  server.RaftServerConfigKeys (ConfUtils.java:logGet(43)) - raft.server.snapshot.auto.trigger.enabled = true (custom)
2019-07-09 02:22:04,788 INFO  server.RaftServerConfigKeys (ConfUtils.java:logGet(43)) - raft.server.snapshot.auto.trigger.threshold = 10000 (custom)
2019-07-09 02:22:04,788 INFO  server.RaftServerConfigKeys (ConfUtils.java:logGet(43)) - raft.server.snapshot.auto.trigger.threshold = 10000 (custom)
2019-07-09 02:22:04,788 INFO  server.RaftServerConfigKeys (ConfUtils.java:logGet(43)) - raft.server.retrycache.expirytime = 600000ms (custom)
2019-07-09 02:22:04,788 INFO  server.RaftServerConfigKeys (ConfUtils.java:logGet(43)) - raft.server.retrycache.expirytime = 600000ms (custom)
2019-07-09 02:22:04,789 INFO  impl.RaftServerImpl (RaftServerImpl.java:start(180)) - b64db28b-0206-4f29-9222-8535a6fae465: start group-5C02D0E0293D
2019-07-09 02:22:04,789 INFO  impl.RaftServerImpl (RaftServerImpl.java:start(180)) - 96dfd720-dcc8-4863-a21b-6217a1ce7955: start group-5C02D0E0293D
2019-07-09 02:22:04,790 INFO  impl.RaftServerImpl (RaftServerImpl.java:setRole(171)) - b64db28b-0206-4f29-9222-8535a6fae465:group-5C02D0E0293D changes role from null to FOLLOWER at term 0 for startAsFollower
2019-07-09 02:22:04,790 INFO  impl.RaftServerImpl (RaftServerImpl.java:setRole(171)) - 96dfd720-dcc8-4863-a21b-6217a1ce7955:group-5C02D0E0293D changes role from null to FOLLOWER at term 0 for startAsFollower
2019-07-09 02:22:04,792 INFO  impl.RoleInfo (RoleInfo.java:updateAndGet(143)) - b64db28b-0206-4f29-9222-8535a6fae465: start FollowerState
2019-07-09 02:22:04,792 INFO  impl.RoleInfo (RoleInfo.java:updateAndGet(143)) - 96dfd720-dcc8-4863-a21b-6217a1ce7955: start FollowerState
2019-07-09 02:22:04,792 INFO  util.JmxRegister (JmxRegister.java:tryRegister(44)) - Successfully registered JMX Bean with object name Ratis:service=RaftServer,group=group-5C02D0E0293D,id=b64db28b-0206-4f29-9222-8535a6fae465
2019-07-09 02:22:04,793 INFO  util.JmxRegister (JmxRegister.java:tryRegister(44)) - Successfully registered JMX Bean with object name Ratis:service=RaftServer,group=group-5C02D0E0293D,id=96dfd720-dcc8-4863-a21b-6217a1ce7955
2019-07-09 02:22:04,821 INFO  pipeline.PipelineStateManager (PipelineStateManager.java:addPipeline(56)) - Created pipeline Pipeline[ Id: b43e74da-c496-421a-a272-5c02d0e0293d, Nodes: b64db28b-0206-4f29-9222-8535a6fae465{ip: 192.168.5.159, host: hdds1735-6dm2j-1168502604, networkLocation: /default-rack, certSerialId: null}96dfd720-dcc8-4863-a21b-6217a1ce7955{ip: 192.168.5.159, host: hdds1735-6dm2j-1168502604, networkLocation: /default-rack, certSerialId: null}109a3129-8b65-4fcd-9264-10f0d007e1c0{ip: 192.168.5.159, host: hdds1735-6dm2j-1168502604, networkLocation: /default-rack, certSerialId: null}, Type:RATIS, Factor:THREE, State:OPEN]
2019-07-09 02:22:05,150 INFO  freon.RandomKeyGenerator (RandomKeyGenerator.java:call(262)) - Number of Threads: 10
2019-07-09 02:22:05,151 INFO  freon.RandomKeyGenerator (RandomKeyGenerator.java:call(267)) - Number of Volumes: 1.
2019-07-09 02:22:05,151 INFO  freon.RandomKeyGenerator (RandomKeyGenerator.java:call(268)) - Number of Buckets per Volume: 1.
2019-07-09 02:22:05,151 INFO  freon.RandomKeyGenerator (RandomKeyGenerator.java:call(269)) - Number of Keys per Bucket: 1.
2019-07-09 02:22:05,152 INFO  freon.RandomKeyGenerator (RandomKeyGenerator.java:call(270)) - Key size: 20971520 bytes
2019-07-09 02:22:05,152 INFO  freon.RandomKeyGenerator (RandomKeyGenerator.java:call(271)) - Buffer size: 4096 bytes
2019-07-09 02:22:05,153 INFO  freon.RandomKeyGenerator (RandomKeyGenerator.java:call(286)) - Data validation is enabled.
2019-07-09 02:22:05,155 INFO  freon.RandomKeyGenerator (RandomKeyGenerator.java:call(299)) - Starting progress bar Thread.

 0.00% |█                                                                                                    |  0/1 Time: 0:00:002019-07-09 02:22:05,191 INFO  rpc.RpcClient (RpcClient.java:createVolume(289)) - Creating Volume: vol-0-82822, with jenkins1000 as owner.
2019-07-09 02:22:05,238 INFO  rpc.RpcClient (RpcClient.java:createBucket(426)) - Creating Bucket: vol-0-82822/bucket-0-58073, with Versioning false and Storage Type set to DISK and Encryption set to false 
2019-07-09 02:22:05,455 INFO  impl.FollowerState (FollowerState.java:run(106)) - b64db28b-0206-4f29-9222-8535a6fae465:group-53C76F5D8540 changes to CANDIDATE, lastRpcTime:1004, electionTimeout:1003ms
2019-07-09 02:22:05,456 INFO  impl.RoleInfo (RoleInfo.java:shutdownFollowerState(121)) - b64db28b-0206-4f29-9222-8535a6fae465: shutdown FollowerState
2019-07-09 02:22:05,456 INFO  impl.RaftServerImpl (RaftServerImpl.java:setRole(171)) - b64db28b-0206-4f29-9222-8535a6fae465:group-53C76F5D8540 changes role from FOLLOWER to CANDIDATE at term 0 for changeToCandidate
2019-07-09 02:22:05,461 INFO  impl.RoleInfo (RoleInfo.java:updateAndGet(143)) - b64db28b-0206-4f29-9222-8535a6fae465: start LeaderElection
2019-07-09 02:22:05,479 INFO  impl.LeaderElection (LeaderElection.java:askForVotes(181)) - b64db28b-0206-4f29-9222-8535a6fae465:group-53C76F5D8540:LeaderElection1: begin an election at term 1 for -1: [b64db28b-0206-4f29-9222-8535a6fae465:192.168.5.159:32966], old=null
2019-07-09 02:22:05,481 INFO  impl.RoleInfo (RoleInfo.java:shutdownLeaderElection(134)) - b64db28b-0206-4f29-9222-8535a6fae465: shutdown LeaderElection
2019-07-09 02:22:05,481 INFO  impl.RaftServerImpl (RaftServerImpl.java:setRole(171)) - b64db28b-0206-4f29-9222-8535a6fae465:group-53C76F5D8540 changes role from CANDIDATE to LEADER at term 1 for changeToLeader
2019-07-09 02:22:05,481 INFO  impl.RaftServerImpl (ServerState.java:setLeader(263)) - b64db28b-0206-4f29-9222-8535a6fae465:group-53C76F5D8540 change Leader from null to b64db28b-0206-4f29-9222-8535a6fae465 at term 1 for becomeLeader, leader elected after 1404ms
2019-07-09 02:22:05,489 INFO  server.RaftServerConfigKeys (ConfUtils.java:logGet(43)) - raft.server.staging.catchup.gap = 1000 (default)
2019-07-09 02:22:05,490 INFO  server.RaftServerConfigKeys (ConfUtils.java:logGet(43)) - raft.server.rpc.sleep.time = 25ms (default)
2019-07-09 02:22:05,493 INFO  server.RaftServerConfigKeys (ConfUtils.java:logGet(43)) - raft.server.write.element-limit = 4096 (default)
2019-07-09 02:22:05,497 INFO  server.RaftServerConfigKeys (ConfUtils.java:logGet(43)) - raft.server.watch.timeout = 10s (default)
2019-07-09 02:22:05,497 INFO  server.RaftServerConfigKeys (ConfUtils.java:logGet(43)) - raft.server.watch.timeout.denomination = 1s (default)
2019-07-09 02:22:05,498 INFO  server.RaftServerConfigKeys (ConfUtils.java:logGet(43)) - raft.server.watch.element-limit = 65536 (default)
2019-07-09 02:22:05,518 INFO  impl.RoleInfo (RoleInfo.java:updateAndGet(143)) - b64db28b-0206-4f29-9222-8535a6fae465: start LeaderState
2019-07-09 02:22:05,554 INFO  segmented.SegmentedRaftLogWorker (SegmentedRaftLogWorker.java:startLogSegment(380)) - b64db28b-0206-4f29-9222-8535a6fae465-SegmentedRaftLogWorker:Storage Directory /tmp/workdir/hadoop-ozone/tools/target/test-dir/MiniOzoneClusterImpl-405d5ba7-9a30-4c44-b547-c1d352391d37/datanode-0/data/ratis/e4b84b9f-a8ed-47dc-b811-53c76f5d8540: Starting segment from index:0
2019-07-09 02:22:05,564 INFO  client.GrpcClientProtocolClient (GrpcClientProtocolClient.java:onNext(255)) - client-D9784BBBA2E4->b64db28b-0206-4f29-9222-8535a6fae465: receive RaftClientReply:client-D9784BBBA2E4->b64db28b-0206-4f29-9222-8535a6fae465@group-5C02D0E0293D, cid=6, FAILED org.apache.ratis.protocol.NotLeaderException: Server b64db28b-0206-4f29-9222-8535a6fae465 is not the leader (null). Request must be sent to leader., logIndex=0, commits[b64db28b-0206-4f29-9222-8535a6fae465:c-1]
2019-07-09 02:22:05,567 INFO  impl.RaftServerImpl (ServerState.java:setRaftConf(361)) - b64db28b-0206-4f29-9222-8535a6fae465:group-53C76F5D8540 set configuration 0: [b64db28b-0206-4f29-9222-8535a6fae465:192.168.5.159:32966], old=null at 0
2019-07-09 02:22:05,759 INFO  segmented.SegmentedRaftLogWorker (SegmentedRaftLogWorker.java:execute(569)) - b64db28b-0206-4f29-9222-8535a6fae465-SegmentedRaftLogWorker:Storage Directory /tmp/workdir/hadoop-ozone/tools/target/test-dir/MiniOzoneClusterImpl-405d5ba7-9a30-4c44-b547-c1d352391d37/datanode-0/data/ratis/e4b84b9f-a8ed-47dc-b811-53c76f5d8540: created new log segment /tmp/workdir/hadoop-ozone/tools/target/test-dir/MiniOzoneClusterImpl-405d5ba7-9a30-4c44-b547-c1d352391d37/datanode-0/data/ratis/e4b84b9f-a8ed-47dc-b811-53c76f5d8540/current/log_inprogress_0
2019-07-09 02:22:05,774 INFO  impl.FollowerState (FollowerState.java:run(106)) - 96dfd720-dcc8-4863-a21b-6217a1ce7955:group-AE8654BD18D9 changes to CANDIDATE, lastRpcTime:1165, electionTimeout:1164ms
2019-07-09 02:22:05,775 INFO  impl.RoleInfo (RoleInfo.java:shutdownFollowerState(121)) - 96dfd720-dcc8-4863-a21b-6217a1ce7955: shutdown FollowerState
2019-07-09 02:22:05,775 INFO  impl.RaftServerImpl (RaftServerImpl.java:setRole(171)) - 96dfd720-dcc8-4863-a21b-6217a1ce7955:group-AE8654BD18D9 changes role from FOLLOWER to CANDIDATE at term 0 for changeToCandidate
2019-07-09 02:22:05,775 INFO  impl.RoleInfo (RoleInfo.java:updateAndGet(143)) - 96dfd720-dcc8-4863-a21b-6217a1ce7955: start LeaderElection
2019-07-09 02:22:05,784 INFO  impl.LeaderElection (LeaderElection.java:askForVotes(181)) - 96dfd720-dcc8-4863-a21b-6217a1ce7955:group-AE8654BD18D9:LeaderElection2: begin an election at term 1 for -1: [96dfd720-dcc8-4863-a21b-6217a1ce7955:192.168.5.159:44135], old=null
2019-07-09 02:22:05,786 INFO  impl.RoleInfo (RoleInfo.java:shutdownLeaderElection(134)) - 96dfd720-dcc8-4863-a21b-6217a1ce7955: shutdown LeaderElection
2019-07-09 02:22:05,787 INFO  impl.RaftServerImpl (RaftServerImpl.java:setRole(171)) - 96dfd720-dcc8-4863-a21b-6217a1ce7955:group-AE8654BD18D9 changes role from CANDIDATE to LEADER at term 1 for changeToLeader
2019-07-09 02:22:05,787 INFO  impl.RaftServerImpl (ServerState.java:setLeader(263)) - 96dfd720-dcc8-4863-a21b-6217a1ce7955:group-AE8654BD18D9 change Leader from null to 96dfd720-dcc8-4863-a21b-6217a1ce7955 at term 1 for becomeLeader, leader elected after 1186ms
2019-07-09 02:22:05,788 INFO  server.RaftServerConfigKeys (ConfUtils.java:logGet(43)) - raft.server.staging.catchup.gap = 1000 (default)
2019-07-09 02:22:05,788 INFO  server.RaftServerConfigKeys (ConfUtils.java:logGet(43)) - raft.server.rpc.sleep.time = 25ms (default)
2019-07-09 02:22:05,788 INFO  server.RaftServerConfigKeys (ConfUtils.java:logGet(43)) - raft.server.write.element-limit = 4096 (default)
2019-07-09 02:22:05,789 INFO  server.RaftServerConfigKeys (ConfUtils.java:logGet(43)) - raft.server.watch.timeout = 10s (default)
2019-07-09 02:22:05,789 INFO  impl.FollowerState (FollowerState.java:run(106)) - 109a3129-8b65-4fcd-9264-10f0d007e1c0:group-449B18014159 changes to CANDIDATE, lastRpcTime:1110, electionTimeout:1110ms
2019-07-09 02:22:05,789 INFO  server.RaftServerConfigKeys (ConfUtils.java:logGet(43)) - raft.server.watch.timeout.denomination = 1s (default)
2019-07-09 02:22:05,789 INFO  impl.RoleInfo (RoleInfo.java:shutdownFollowerState(121)) - 109a3129-8b65-4fcd-9264-10f0d007e1c0: shutdown FollowerState
2019-07-09 02:22:05,790 INFO  server.RaftServerConfigKeys (ConfUtils.java:logGet(43)) - raft.server.watch.element-limit = 65536 (default)
2019-07-09 02:22:05,790 INFO  impl.RaftServerImpl (RaftServerImpl.java:setRole(171)) - 109a3129-8b65-4fcd-9264-10f0d007e1c0:group-449B18014159 changes role from FOLLOWER to CANDIDATE at term 0 for changeToCandidate
2019-07-09 02:22:05,790 INFO  impl.RoleInfo (RoleInfo.java:updateAndGet(143)) - 109a3129-8b65-4fcd-9264-10f0d007e1c0: start LeaderElection
2019-07-09 02:22:05,790 INFO  impl.RoleInfo (RoleInfo.java:updateAndGet(143)) - 96dfd720-dcc8-4863-a21b-6217a1ce7955: start LeaderState
2019-07-09 02:22:05,793 INFO  segmented.SegmentedRaftLogWorker (SegmentedRaftLogWorker.java:startLogSegment(380)) - 96dfd720-dcc8-4863-a21b-6217a1ce7955-SegmentedRaftLogWorker:Storage Directory /tmp/workdir/hadoop-ozone/tools/target/test-dir/MiniOzoneClusterImpl-405d5ba7-9a30-4c44-b547-c1d352391d37/datanode-2/data/ratis/f0c90373-8031-4037-a7c1-ae8654bd18d9: Starting segment from index:0
2019-07-09 02:22:05,796 INFO  impl.RaftServerImpl (ServerState.java:setRaftConf(361)) - 96dfd720-dcc8-4863-a21b-6217a1ce7955:group-AE8654BD18D9 set configuration 0: [96dfd720-dcc8-4863-a21b-6217a1ce7955:192.168.5.159:44135], old=null at 0
2019-07-09 02:22:05,827 INFO  segmented.SegmentedRaftLogWorker (SegmentedRaftLogWorker.java:execute(569)) - 96dfd720-dcc8-4863-a21b-6217a1ce7955-SegmentedRaftLogWorker:Storage Directory /tmp/workdir/hadoop-ozone/tools/target/test-dir/MiniOzoneClusterImpl-405d5ba7-9a30-4c44-b547-c1d352391d37/datanode-2/data/ratis/f0c90373-8031-4037-a7c1-ae8654bd18d9: created new log segment /tmp/workdir/hadoop-ozone/tools/target/test-dir/MiniOzoneClusterImpl-405d5ba7-9a30-4c44-b547-c1d352391d37/datanode-2/data/ratis/f0c90373-8031-4037-a7c1-ae8654bd18d9/current/log_inprogress_0
2019-07-09 02:22:05,827 INFO  impl.LeaderElection (LeaderElection.java:askForVotes(181)) - 109a3129-8b65-4fcd-9264-10f0d007e1c0:group-449B18014159:LeaderElection3: begin an election at term 1 for -1: [109a3129-8b65-4fcd-9264-10f0d007e1c0:192.168.5.159:35730], old=null
2019-07-09 02:22:05,828 INFO  impl.RoleInfo (RoleInfo.java:shutdownLeaderElection(134)) - 109a3129-8b65-4fcd-9264-10f0d007e1c0: shutdown LeaderElection
2019-07-09 02:22:05,828 INFO  impl.RaftServerImpl (RaftServerImpl.java:setRole(171)) - 109a3129-8b65-4fcd-9264-10f0d007e1c0:group-449B18014159 changes role from CANDIDATE to LEADER at term 1 for changeToLeader
2019-07-09 02:22:05,828 INFO  impl.RaftServerImpl (ServerState.java:setLeader(263)) - 109a3129-8b65-4fcd-9264-10f0d007e1c0:group-449B18014159 change Leader from null to 109a3129-8b65-4fcd-9264-10f0d007e1c0 at term 1 for becomeLeader, leader elected after 1154ms
2019-07-09 02:22:05,828 INFO  server.RaftServerConfigKeys (ConfUtils.java:logGet(43)) - raft.server.staging.catchup.gap = 1000 (default)
2019-07-09 02:22:05,828 INFO  server.RaftServerConfigKeys (ConfUtils.java:logGet(43)) - raft.server.rpc.sleep.time = 25ms (default)
2019-07-09 02:22:05,829 INFO  server.RaftServerConfigKeys (ConfUtils.java:logGet(43)) - raft.server.write.element-limit = 4096 (default)
2019-07-09 02:22:05,829 INFO  server.RaftServerConfigKeys (ConfUtils.java:logGet(43)) - raft.server.watch.timeout = 10s (default)
2019-07-09 02:22:05,829 INFO  server.RaftServerConfigKeys (ConfUtils.java:logGet(43)) - raft.server.watch.timeout.denomination = 1s (default)
2019-07-09 02:22:05,829 INFO  server.RaftServerConfigKeys (ConfUtils.java:logGet(43)) - raft.server.watch.element-limit = 65536 (default)
2019-07-09 02:22:05,830 INFO  impl.RoleInfo (RoleInfo.java:updateAndGet(143)) - 109a3129-8b65-4fcd-9264-10f0d007e1c0: start LeaderState
2019-07-09 02:22:05,830 INFO  segmented.SegmentedRaftLogWorker (SegmentedRaftLogWorker.java:startLogSegment(380)) - 109a3129-8b65-4fcd-9264-10f0d007e1c0-SegmentedRaftLogWorker:Storage Directory /tmp/workdir/hadoop-ozone/tools/target/test-dir/MiniOzoneClusterImpl-405d5ba7-9a30-4c44-b547-c1d352391d37/datanode-1/data/ratis/892eb47e-1300-48fe-bfae-449b18014159: Starting segment from index:0
2019-07-09 02:22:05,831 INFO  impl.RaftServerImpl (ServerState.java:setRaftConf(361)) - 109a3129-8b65-4fcd-9264-10f0d007e1c0:group-449B18014159 set configuration 0: [109a3129-8b65-4fcd-9264-10f0d007e1c0:192.168.5.159:35730], old=null at 0
2019-07-09 02:22:05,847 INFO  impl.FollowerState (FollowerState.java:run(106)) - b64db28b-0206-4f29-9222-8535a6fae465:group-5C02D0E0293D changes to CANDIDATE, lastRpcTime:1055, electionTimeout:1043ms
2019-07-09 02:22:05,848 INFO  impl.RoleInfo (RoleInfo.java:shutdownFollowerState(121)) - b64db28b-0206-4f29-9222-8535a6fae465: shutdown FollowerState
2019-07-09 02:22:05,848 INFO  impl.RaftServerImpl (RaftServerImpl.java:setRole(171)) - b64db28b-0206-4f29-9222-8535a6fae465:group-5C02D0E0293D changes role from FOLLOWER to CANDIDATE at term 0 for changeToCandidate
2019-07-09 02:22:05,848 INFO  impl.RoleInfo (RoleInfo.java:updateAndGet(143)) - b64db28b-0206-4f29-9222-8535a6fae465: start LeaderElection
2019-07-09 02:22:05,861 INFO  impl.FollowerState (FollowerState.java:run(106)) - 109a3129-8b65-4fcd-9264-10f0d007e1c0:group-5C02D0E0293D changes to CANDIDATE, lastRpcTime:1077, electionTimeout:1077ms
2019-07-09 02:22:05,861 INFO  impl.RoleInfo (RoleInfo.java:shutdownFollowerState(121)) - 109a3129-8b65-4fcd-9264-10f0d007e1c0: shutdown FollowerState
2019-07-09 02:22:05,861 INFO  impl.RaftServerImpl (RaftServerImpl.java:setRole(171)) - 109a3129-8b65-4fcd-9264-10f0d007e1c0:group-5C02D0E0293D changes role from FOLLOWER to CANDIDATE at term 0 for changeToCandidate
2019-07-09 02:22:05,861 INFO  impl.RoleInfo (RoleInfo.java:updateAndGet(143)) - 109a3129-8b65-4fcd-9264-10f0d007e1c0: start LeaderElection
2019-07-09 02:22:05,869 INFO  segmented.SegmentedRaftLogWorker (SegmentedRaftLogWorker.java:execute(569)) - 109a3129-8b65-4fcd-9264-10f0d007e1c0-SegmentedRaftLogWorker:Storage Directory /tmp/workdir/hadoop-ozone/tools/target/test-dir/MiniOzoneClusterImpl-405d5ba7-9a30-4c44-b547-c1d352391d37/datanode-1/data/ratis/892eb47e-1300-48fe-bfae-449b18014159: created new log segment /tmp/workdir/hadoop-ozone/tools/target/test-dir/MiniOzoneClusterImpl-405d5ba7-9a30-4c44-b547-c1d352391d37/datanode-1/data/ratis/892eb47e-1300-48fe-bfae-449b18014159/current/log_inprogress_0
2019-07-09 02:22:05,869 INFO  impl.LeaderElection (LeaderElection.java:askForVotes(181)) - b64db28b-0206-4f29-9222-8535a6fae465:group-5C02D0E0293D:LeaderElection4: begin an election at term 1 for -1: [b64db28b-0206-4f29-9222-8535a6fae465:192.168.5.159:32966, 109a3129-8b65-4fcd-9264-10f0d007e1c0:192.168.5.159:35730, 96dfd720-dcc8-4863-a21b-6217a1ce7955:192.168.5.159:44135], old=null
2019-07-09 02:22:05,871 INFO  impl.LeaderElection (LeaderElection.java:askForVotes(181)) - 109a3129-8b65-4fcd-9264-10f0d007e1c0:group-5C02D0E0293D:LeaderElection5: begin an election at term 1 for -1: [b64db28b-0206-4f29-9222-8535a6fae465:192.168.5.159:32966, 109a3129-8b65-4fcd-9264-10f0d007e1c0:192.168.5.159:35730, 96dfd720-dcc8-4863-a21b-6217a1ce7955:192.168.5.159:44135], old=null
2019-07-09 02:22:05,887 INFO  impl.FollowerState (FollowerState.java:run(106)) - 96dfd720-dcc8-4863-a21b-6217a1ce7955:group-5C02D0E0293D changes to CANDIDATE, lastRpcTime:1095, electionTimeout:1094ms
2019-07-09 02:22:05,888 INFO  impl.RoleInfo (RoleInfo.java:shutdownFollowerState(121)) - 96dfd720-dcc8-4863-a21b-6217a1ce7955: shutdown FollowerState
2019-07-09 02:22:05,888 INFO  impl.RaftServerImpl (RaftServerImpl.java:setRole(171)) - 96dfd720-dcc8-4863-a21b-6217a1ce7955:group-5C02D0E0293D changes role from FOLLOWER to CANDIDATE at term 0 for changeToCandidate
2019-07-09 02:22:05,890 INFO  impl.RoleInfo (RoleInfo.java:updateAndGet(143)) - 96dfd720-dcc8-4863-a21b-6217a1ce7955: start LeaderElection
2019-07-09 02:22:05,907 INFO  impl.LeaderElection (LeaderElection.java:askForVotes(181)) - 96dfd720-dcc8-4863-a21b-6217a1ce7955:group-5C02D0E0293D:LeaderElection6: begin an election at term 1 for -1: [b64db28b-0206-4f29-9222-8535a6fae465:192.168.5.159:32966, 109a3129-8b65-4fcd-9264-10f0d007e1c0:192.168.5.159:35730, 96dfd720-dcc8-4863-a21b-6217a1ce7955:192.168.5.159:44135], old=null
2019-07-09 02:22:05,933 INFO  impl.LeaderElection (LeaderElection.java:logAndReturn(56)) - b64db28b-0206-4f29-9222-8535a6fae465:group-5C02D0E0293D:LeaderElection4: Election REJECTED; received 2 response(s) [b64db28b-0206-4f29-9222-8535a6fae465<-109a3129-8b65-4fcd-9264-10f0d007e1c0#0:FAIL-t1, b64db28b-0206-4f29-9222-8535a6fae465<-96dfd720-dcc8-4863-a21b-6217a1ce7955#0:FAIL-t1] and 0 exception(s); b64db28b-0206-4f29-9222-8535a6fae465:t1, leader=null, voted=b64db28b-0206-4f29-9222-8535a6fae465, raftlog=b64db28b-0206-4f29-9222-8535a6fae465-SegmentedRaftLog:OPENED:c-1,f-1,i0, conf=-1: [b64db28b-0206-4f29-9222-8535a6fae465:192.168.5.159:32966, 109a3129-8b65-4fcd-9264-10f0d007e1c0:192.168.5.159:35730, 96dfd720-dcc8-4863-a21b-6217a1ce7955:192.168.5.159:44135], old=null
2019-07-09 02:22:05,933 INFO  impl.LeaderElection (LeaderElection.java:logAndReturn(56)) - 109a3129-8b65-4fcd-9264-10f0d007e1c0:group-5C02D0E0293D:LeaderElection5: Election REJECTED; received 2 response(s) [109a3129-8b65-4fcd-9264-10f0d007e1c0<-b64db28b-0206-4f29-9222-8535a6fae465#0:FAIL-t1, 109a3129-8b65-4fcd-9264-10f0d007e1c0<-96dfd720-dcc8-4863-a21b-6217a1ce7955#0:FAIL-t1] and 0 exception(s); 109a3129-8b65-4fcd-9264-10f0d007e1c0:t1, leader=null, voted=109a3129-8b65-4fcd-9264-10f0d007e1c0, raftlog=109a3129-8b65-4fcd-9264-10f0d007e1c0-SegmentedRaftLog:OPENED:c-1,f-1,i0, conf=-1: [b64db28b-0206-4f29-9222-8535a6fae465:192.168.5.159:32966, 109a3129-8b65-4fcd-9264-10f0d007e1c0:192.168.5.159:35730, 96dfd720-dcc8-4863-a21b-6217a1ce7955:192.168.5.159:44135], old=null
2019-07-09 02:22:05,936 INFO  impl.RaftServerImpl (RaftServerImpl.java:setRole(171)) - b64db28b-0206-4f29-9222-8535a6fae465:group-5C02D0E0293D changes role from CANDIDATE to FOLLOWER at term 1 for DISCOVERED_A_NEW_TERM
2019-07-09 02:22:05,937 INFO  impl.RaftServerImpl (RaftServerImpl.java:setRole(171)) - 109a3129-8b65-4fcd-9264-10f0d007e1c0:group-5C02D0E0293D changes role from CANDIDATE to FOLLOWER at term 1 for DISCOVERED_A_NEW_TERM
2019-07-09 02:22:05,938 INFO  impl.RoleInfo (RoleInfo.java:shutdownLeaderElection(134)) - b64db28b-0206-4f29-9222-8535a6fae465: shutdown LeaderElection
2019-07-09 02:22:05,938 INFO  impl.RoleInfo (RoleInfo.java:shutdownLeaderElection(134)) - 109a3129-8b65-4fcd-9264-10f0d007e1c0: shutdown LeaderElection
2019-07-09 02:22:05,941 INFO  impl.RoleInfo (RoleInfo.java:updateAndGet(143)) - b64db28b-0206-4f29-9222-8535a6fae465: start FollowerState
2019-07-09 02:22:05,941 INFO  impl.RoleInfo (RoleInfo.java:updateAndGet(143)) - 109a3129-8b65-4fcd-9264-10f0d007e1c0: start FollowerState
2019-07-09 02:22:05,951 INFO  impl.LeaderElection (LeaderElection.java:logAndReturn(56)) - 96dfd720-dcc8-4863-a21b-6217a1ce7955:group-5C02D0E0293D:LeaderElection6: Election REJECTED; received 2 response(s) [96dfd720-dcc8-4863-a21b-6217a1ce7955<-b64db28b-0206-4f29-9222-8535a6fae465#0:FAIL-t1, 96dfd720-dcc8-4863-a21b-6217a1ce7955<-109a3129-8b65-4fcd-9264-10f0d007e1c0#0:FAIL-t1] and 0 exception(s); 96dfd720-dcc8-4863-a21b-6217a1ce7955:t1, leader=null, voted=96dfd720-dcc8-4863-a21b-6217a1ce7955, raftlog=96dfd720-dcc8-4863-a21b-6217a1ce7955-SegmentedRaftLog:OPENED:c-1,f-1,i0, conf=-1: [b64db28b-0206-4f29-9222-8535a6fae465:192.168.5.159:32966, 109a3129-8b65-4fcd-9264-10f0d007e1c0:192.168.5.159:35730, 96dfd720-dcc8-4863-a21b-6217a1ce7955:192.168.5.159:44135], old=null
2019-07-09 02:22:05,951 INFO  impl.RaftServerImpl (RaftServerImpl.java:setRole(171)) - 96dfd720-dcc8-4863-a21b-6217a1ce7955:group-5C02D0E0293D changes role from CANDIDATE to FOLLOWER at term 1 for DISCOVERED_A_NEW_TERM
2019-07-09 02:22:05,953 INFO  impl.RoleInfo (RoleInfo.java:shutdownLeaderElection(134)) - 96dfd720-dcc8-4863-a21b-6217a1ce7955: shutdown LeaderElection
2019-07-09 02:22:05,953 INFO  impl.RoleInfo (RoleInfo.java:updateAndGet(143)) - 96dfd720-dcc8-4863-a21b-6217a1ce7955: start FollowerState
 0.00% |█                                                                                                    |  0/1 Time: 0:00:012019-07-09 02:22:06,610 INFO  client.GrpcClientProtocolClient (GrpcClientProtocolClient.java:onNext(255)) - client-D9784BBBA2E4->109a3129-8b65-4fcd-9264-10f0d007e1c0: receive RaftClientReply:client-D9784BBBA2E4->109a3129-8b65-4fcd-9264-10f0d007e1c0@group-5C02D0E0293D, cid=6, FAILED org.apache.ratis.protocol.NotLeaderException: Server 109a3129-8b65-4fcd-9264-10f0d007e1c0 is not the leader (null). Request must be sent to leader., logIndex=0, commits[109a3129-8b65-4fcd-9264-10f0d007e1c0:c-1]
2019-07-09 02:22:06,958 INFO  impl.FollowerState (FollowerState.java:run(106)) - b64db28b-0206-4f29-9222-8535a6fae465:group-5C02D0E0293D changes to CANDIDATE, lastRpcTime:1017, electionTimeout:1017ms
2019-07-09 02:22:06,959 INFO  impl.RoleInfo (RoleInfo.java:shutdownFollowerState(121)) - b64db28b-0206-4f29-9222-8535a6fae465: shutdown FollowerState
2019-07-09 02:22:06,959 INFO  impl.RaftServerImpl (RaftServerImpl.java:setRole(171)) - b64db28b-0206-4f29-9222-8535a6fae465:group-5C02D0E0293D changes role from FOLLOWER to CANDIDATE at term 1 for changeToCandidate
2019-07-09 02:22:06,959 INFO  impl.RoleInfo (RoleInfo.java:updateAndGet(143)) - b64db28b-0206-4f29-9222-8535a6fae465: start LeaderElection
2019-07-09 02:22:06,976 INFO  impl.LeaderElection (LeaderElection.java:askForVotes(181)) - b64db28b-0206-4f29-9222-8535a6fae465:group-5C02D0E0293D:LeaderElection7: begin an election at term 2 for -1: [b64db28b-0206-4f29-9222-8535a6fae465:192.168.5.159:32966, 109a3129-8b65-4fcd-9264-10f0d007e1c0:192.168.5.159:35730, 96dfd720-dcc8-4863-a21b-6217a1ce7955:192.168.5.159:44135], old=null
2019-07-09 02:22:06,983 INFO  impl.RaftServerImpl (RaftServerImpl.java:setRole(171)) - 109a3129-8b65-4fcd-9264-10f0d007e1c0:group-5C02D0E0293D changes role from FOLLOWER to FOLLOWER at term 2 for recognizeCandidate:b64db28b-0206-4f29-9222-8535a6fae465
2019-07-09 02:22:06,983 INFO  impl.RaftServerImpl (RaftServerImpl.java:setRole(171)) - 96dfd720-dcc8-4863-a21b-6217a1ce7955:group-5C02D0E0293D changes role from FOLLOWER to FOLLOWER at term 2 for recognizeCandidate:b64db28b-0206-4f29-9222-8535a6fae465
2019-07-09 02:22:06,983 INFO  impl.RoleInfo (RoleInfo.java:shutdownFollowerState(121)) - 109a3129-8b65-4fcd-9264-10f0d007e1c0: shutdown FollowerState
2019-07-09 02:22:06,983 INFO  impl.RoleInfo (RoleInfo.java:shutdownFollowerState(121)) - 96dfd720-dcc8-4863-a21b-6217a1ce7955: shutdown FollowerState
2019-07-09 02:22:06,984 INFO  impl.FollowerState (FollowerState.java:run(114)) - 109a3129-8b65-4fcd-9264-10f0d007e1c0: FollowerState was interrupted: java.lang.InterruptedException: sleep interrupted
2019-07-09 02:22:06,984 INFO  impl.RoleInfo (RoleInfo.java:updateAndGet(143)) - 109a3129-8b65-4fcd-9264-10f0d007e1c0: start FollowerState
2019-07-09 02:22:06,984 INFO  impl.FollowerState (FollowerState.java:run(114)) - 96dfd720-dcc8-4863-a21b-6217a1ce7955: FollowerState was interrupted: java.lang.InterruptedException: sleep interrupted
2019-07-09 02:22:06,984 INFO  impl.RoleInfo (RoleInfo.java:updateAndGet(143)) - 96dfd720-dcc8-4863-a21b-6217a1ce7955: start FollowerState
2019-07-09 02:22:07,026 INFO  impl.LeaderElection (LeaderElection.java:logAndReturn(56)) - b64db28b-0206-4f29-9222-8535a6fae465:group-5C02D0E0293D:LeaderElection7: Election PASSED; received 1 response(s) [b64db28b-0206-4f29-9222-8535a6fae465<-96dfd720-dcc8-4863-a21b-6217a1ce7955#0:OK-t2] and 0 exception(s); b64db28b-0206-4f29-9222-8535a6fae465:t2, leader=null, voted=b64db28b-0206-4f29-9222-8535a6fae465, raftlog=b64db28b-0206-4f29-9222-8535a6fae465-SegmentedRaftLog:OPENED:c-1,f-1,i0, conf=-1: [b64db28b-0206-4f29-9222-8535a6fae465:192.168.5.159:32966, 109a3129-8b65-4fcd-9264-10f0d007e1c0:192.168.5.159:35730, 96dfd720-dcc8-4863-a21b-6217a1ce7955:192.168.5.159:44135], old=null
2019-07-09 02:22:07,027 INFO  impl.RoleInfo (RoleInfo.java:shutdownLeaderElection(134)) - b64db28b-0206-4f29-9222-8535a6fae465: shutdown LeaderElection
2019-07-09 02:22:07,029 INFO  impl.RaftServerImpl (RaftServerImpl.java:setRole(171)) - b64db28b-0206-4f29-9222-8535a6fae465:group-5C02D0E0293D changes role from CANDIDATE to LEADER at term 2 for changeToLeader
2019-07-09 02:22:07,029 INFO  impl.RaftServerImpl (ServerState.java:setLeader(263)) - b64db28b-0206-4f29-9222-8535a6fae465:group-5C02D0E0293D change Leader from null to b64db28b-0206-4f29-9222-8535a6fae465 at term 2 for becomeLeader, leader elected after 2268ms
2019-07-09 02:22:07,029 INFO  server.RaftServerConfigKeys (ConfUtils.java:logGet(43)) - raft.server.staging.catchup.gap = 1000 (default)
2019-07-09 02:22:07,029 INFO  server.RaftServerConfigKeys (ConfUtils.java:logGet(43)) - raft.server.rpc.sleep.time = 25ms (default)
2019-07-09 02:22:07,030 INFO  server.RaftServerConfigKeys (ConfUtils.java:logGet(43)) - raft.server.write.element-limit = 4096 (default)
2019-07-09 02:22:07,030 INFO  server.RaftServerConfigKeys (ConfUtils.java:logGet(43)) - raft.server.watch.timeout = 10s (default)
2019-07-09 02:22:07,030 INFO  server.RaftServerConfigKeys (ConfUtils.java:logGet(43)) - raft.server.watch.timeout.denomination = 1s (default)
2019-07-09 02:22:07,030 INFO  server.RaftServerConfigKeys (ConfUtils.java:logGet(43)) - raft.server.watch.element-limit = 65536 (default)
2019-07-09 02:22:07,033 INFO  server.RaftServerConfigKeys (ConfUtils.java:logGet(43)) - raft.server.log.appender.snapshot.chunk.size.max = 16MB (=16777216) (default)
2019-07-09 02:22:07,034 INFO  server.RaftServerConfigKeys (ConfUtils.java:logGet(43)) - raft.server.log.appender.buffer.byte-limit = 33554432 (custom)
2019-07-09 02:22:07,034 INFO  server.RaftServerConfigKeys (ConfUtils.java:logGet(43)) - raft.server.log.appender.buffer.element-limit = 1 (custom)
2019-07-09 02:22:07,038 INFO  grpc.GrpcConfigKeys$Server (ConfUtils.java:logGet(43)) - raft.grpc.server.leader.outstanding.appends.max = 128 (default)
2019-07-09 02:22:07,039 INFO  server.RaftServerConfigKeys (ConfUtils.java:logGet(43)) - raft.server.rpc.request.timeout = 3000ms (default)
2019-07-09 02:22:07,040 INFO  server.RaftServerConfigKeys (ConfUtils.java:logGet(43)) - raft.server.log.appender.install.snapshot.enabled = false (custom)
2019-07-09 02:22:07,040 INFO  server.RaftServerConfigKeys (ConfUtils.java:logGet(43)) - raft.server.log.appender.snapshot.chunk.size.max = 16MB (=16777216) (default)
2019-07-09 02:22:07,040 INFO  server.RaftServerConfigKeys (ConfUtils.java:logGet(43)) - raft.server.log.appender.buffer.byte-limit = 33554432 (custom)
2019-07-09 02:22:07,040 INFO  server.RaftServerConfigKeys (ConfUtils.java:logGet(43)) - raft.server.log.appender.buffer.element-limit = 1 (custom)
2019-07-09 02:22:07,041 INFO  grpc.GrpcConfigKeys$Server (ConfUtils.java:logGet(43)) - raft.grpc.server.leader.outstanding.appends.max = 128 (default)
2019-07-09 02:22:07,041 INFO  server.RaftServerConfigKeys (ConfUtils.java:logGet(43)) - raft.server.rpc.request.timeout = 3000ms (default)
2019-07-09 02:22:07,041 INFO  server.RaftServerConfigKeys (ConfUtils.java:logGet(43)) - raft.server.log.appender.install.snapshot.enabled = false (custom)
2019-07-09 02:22:07,043 INFO  impl.RoleInfo (RoleInfo.java:updateAndGet(143)) - b64db28b-0206-4f29-9222-8535a6fae465: start LeaderState
2019-07-09 02:22:07,043 INFO  segmented.SegmentedRaftLogWorker (SegmentedRaftLogWorker.java:startLogSegment(380)) - b64db28b-0206-4f29-9222-8535a6fae465-SegmentedRaftLogWorker:Storage Directory /tmp/workdir/hadoop-ozone/tools/target/test-dir/MiniOzoneClusterImpl-405d5ba7-9a30-4c44-b547-c1d352391d37/datanode-0/data/ratis/b43e74da-c496-421a-a272-5c02d0e0293d: Starting segment from index:0
2019-07-09 02:22:07,044 INFO  impl.RaftServerImpl (ServerState.java:setRaftConf(361)) - b64db28b-0206-4f29-9222-8535a6fae465:group-5C02D0E0293D set configuration 0: [b64db28b-0206-4f29-9222-8535a6fae465:192.168.5.159:32966, 109a3129-8b65-4fcd-9264-10f0d007e1c0:192.168.5.159:35730, 96dfd720-dcc8-4863-a21b-6217a1ce7955:192.168.5.159:44135], old=null at 0
2019-07-09 02:22:07,080 INFO  impl.RaftServerImpl (ServerState.java:setLeader(263)) - 109a3129-8b65-4fcd-9264-10f0d007e1c0:group-5C02D0E0293D change Leader from null to b64db28b-0206-4f29-9222-8535a6fae465 at term 2 for appendEntries, leader elected after 2318ms
2019-07-09 02:22:07,081 INFO  impl.RaftServerImpl (ServerState.java:setLeader(263)) - 96dfd720-dcc8-4863-a21b-6217a1ce7955:group-5C02D0E0293D change Leader from null to b64db28b-0206-4f29-9222-8535a6fae465 at term 2 for appendEntries, leader elected after 2320ms
2019-07-09 02:22:07,083 INFO  segmented.SegmentedRaftLogWorker (SegmentedRaftLogWorker.java:execute(569)) - b64db28b-0206-4f29-9222-8535a6fae465-SegmentedRaftLogWorker:Storage Directory /tmp/workdir/hadoop-ozone/tools/target/test-dir/MiniOzoneClusterImpl-405d5ba7-9a30-4c44-b547-c1d352391d37/datanode-0/data/ratis/b43e74da-c496-421a-a272-5c02d0e0293d: created new log segment /tmp/workdir/hadoop-ozone/tools/target/test-dir/MiniOzoneClusterImpl-405d5ba7-9a30-4c44-b547-c1d352391d37/datanode-0/data/ratis/b43e74da-c496-421a-a272-5c02d0e0293d/current/log_inprogress_0
2019-07-09 02:22:07,109 INFO  impl.RaftServerImpl (ServerState.java:setRaftConf(361)) - 96dfd720-dcc8-4863-a21b-6217a1ce7955:group-5C02D0E0293D set configuration 0: [b64db28b-0206-4f29-9222-8535a6fae465:192.168.5.159:32966, 109a3129-8b65-4fcd-9264-10f0d007e1c0:192.168.5.159:35730, 96dfd720-dcc8-4863-a21b-6217a1ce7955:192.168.5.159:44135], old=null at 0
2019-07-09 02:22:07,109 INFO  impl.RaftServerImpl (ServerState.java:setRaftConf(361)) - 109a3129-8b65-4fcd-9264-10f0d007e1c0:group-5C02D0E0293D set configuration 0: [b64db28b-0206-4f29-9222-8535a6fae465:192.168.5.159:32966, 109a3129-8b65-4fcd-9264-10f0d007e1c0:192.168.5.159:35730, 96dfd720-dcc8-4863-a21b-6217a1ce7955:192.168.5.159:44135], old=null at 0
2019-07-09 02:22:07,111 INFO  segmented.SegmentedRaftLogWorker (SegmentedRaftLogWorker.java:startLogSegment(380)) - 96dfd720-dcc8-4863-a21b-6217a1ce7955-SegmentedRaftLogWorker:Storage Directory /tmp/workdir/hadoop-ozone/tools/target/test-dir/MiniOzoneClusterImpl-405d5ba7-9a30-4c44-b547-c1d352391d37/datanode-2/data/ratis/b43e74da-c496-421a-a272-5c02d0e0293d: Starting segment from index:0
2019-07-09 02:22:07,111 INFO  segmented.SegmentedRaftLogWorker (SegmentedRaftLogWorker.java:startLogSegment(380)) - 109a3129-8b65-4fcd-9264-10f0d007e1c0-SegmentedRaftLogWorker:Storage Directory /tmp/workdir/hadoop-ozone/tools/target/test-dir/MiniOzoneClusterImpl-405d5ba7-9a30-4c44-b547-c1d352391d37/datanode-1/data/ratis/b43e74da-c496-421a-a272-5c02d0e0293d: Starting segment from index:0
2019-07-09 02:22:07,140 INFO  segmented.SegmentedRaftLogWorker (SegmentedRaftLogWorker.java:execute(569)) - 109a3129-8b65-4fcd-9264-10f0d007e1c0-SegmentedRaftLogWorker:Storage Directory /tmp/workdir/hadoop-ozone/tools/target/test-dir/MiniOzoneClusterImpl-405d5ba7-9a30-4c44-b547-c1d352391d37/datanode-1/data/ratis/b43e74da-c496-421a-a272-5c02d0e0293d: created new log segment /tmp/workdir/hadoop-ozone/tools/target/test-dir/MiniOzoneClusterImpl-405d5ba7-9a30-4c44-b547-c1d352391d37/datanode-1/data/ratis/b43e74da-c496-421a-a272-5c02d0e0293d/current/log_inprogress_0
2019-07-09 02:22:07,140 INFO  segmented.SegmentedRaftLogWorker (SegmentedRaftLogWorker.java:execute(569)) - 96dfd720-dcc8-4863-a21b-6217a1ce7955-SegmentedRaftLogWorker:Storage Directory /tmp/workdir/hadoop-ozone/tools/target/test-dir/MiniOzoneClusterImpl-405d5ba7-9a30-4c44-b547-c1d352391d37/datanode-2/data/ratis/b43e74da-c496-421a-a272-5c02d0e0293d: created new log segment /tmp/workdir/hadoop-ozone/tools/target/test-dir/MiniOzoneClusterImpl-405d5ba7-9a30-4c44-b547-c1d352391d37/datanode-2/data/ratis/b43e74da-c496-421a-a272-5c02d0e0293d/current/log_inprogress_0
 0.00% |█                                                                                                    |  0/1 Time: 0:00:022019-07-09 02:22:07,952 INFO  client.GrpcClientProtocolClient (GrpcClientProtocolClient.java:onNext(255)) - client-D9784BBBA2E4->b64db28b-0206-4f29-9222-8535a6fae465: receive RaftClientReply:client-D9784BBBA2E4->b64db28b-0206-4f29-9222-8535a6fae465@group-5C02D0E0293D, cid=6, SUCCESS, logIndex=1, commits[b64db28b-0206-4f29-9222-8535a6fae465:c1, 109a3129-8b65-4fcd-9264-10f0d007e1c0:c0, 96dfd720-dcc8-4863-a21b-6217a1ce7955:c0]
2019-07-09 02:22:08,085 INFO  client.GrpcClientProtocolClient (GrpcClientProtocolClient.java:onNext(255)) - client-D9784BBBA2E4->b64db28b-0206-4f29-9222-8535a6fae465: receive RaftClientReply:client-D9784BBBA2E4->b64db28b-0206-4f29-9222-8535a6fae465@group-5C02D0E0293D, cid=7, SUCCESS, logIndex=3, commits[b64db28b-0206-4f29-9222-8535a6fae465:c8, 109a3129-8b65-4fcd-9264-10f0d007e1c0:c5, 96dfd720-dcc8-4863-a21b-6217a1ce7955:c5]
2019-07-09 02:22:08,089 INFO  client.GrpcClientProtocolClient (GrpcClientProtocolClient.java:onNext(255)) - client-D9784BBBA2E4->b64db28b-0206-4f29-9222-8535a6fae465: receive RaftClientReply:client-D9784BBBA2E4->b64db28b-0206-4f29-9222-8535a6fae465@group-5C02D0E0293D, cid=8, SUCCESS, logIndex=4, commits[b64db28b-0206-4f29-9222-8535a6fae465:c8, 109a3129-8b65-4fcd-9264-10f0d007e1c0:c5, 96dfd720-dcc8-4863-a21b-6217a1ce7955:c5]
 0.00% |█                                                                                                    |  0/1 Time: 0:00:032019-07-09 02:22:08,186 INFO  client.GrpcClientProtocolClient (GrpcClientProtocolClient.java:onNext(255)) - client-D9784BBBA2E4->b64db28b-0206-4f29-9222-8535a6fae465: receive RaftClientReply:client-D9784BBBA2E4->b64db28b-0206-4f29-9222-8535a6fae465@group-5C02D0E0293D, cid=9, SUCCESS, logIndex=5, commits[b64db28b-0206-4f29-9222-8535a6fae465:c8, 109a3129-8b65-4fcd-9264-10f0d007e1c0:c5, 96dfd720-dcc8-4863-a21b-6217a1ce7955:c5]
2019-07-09 02:22:08,240 INFO  client.GrpcClientProtocolClient (GrpcClientProtocolClient.java:onNext(255)) - client-D9784BBBA2E4->b64db28b-0206-4f29-9222-8535a6fae465: receive RaftClientReply:client-D9784BBBA2E4->b64db28b-0206-4f29-9222-8535a6fae465@group-5C02D0E0293D, cid=10, SUCCESS, logIndex=9, commits[b64db28b-0206-4f29-9222-8535a6fae465:c10, 109a3129-8b65-4fcd-9264-10f0d007e1c0:c8, 96dfd720-dcc8-4863-a21b-6217a1ce7955:c5]
2019-07-09 02:22:08,241 INFO  client.GrpcClientProtocolClient (GrpcClientProtocolClient.java:onNext(255)) - client-D9784BBBA2E4->b64db28b-0206-4f29-9222-8535a6fae465: receive RaftClientReply:client-D9784BBBA2E4->b64db28b-0206-4f29-9222-8535a6fae465@group-5C02D0E0293D, cid=11, SUCCESS, logIndex=10, commits[b64db28b-0206-4f29-9222-8535a6fae465:c10, 109a3129-8b65-4fcd-9264-10f0d007e1c0:c8, 96dfd720-dcc8-4863-a21b-6217a1ce7955:c5]
2019-07-09 02:22:08,253 INFO  client.GrpcClientProtocolClient (GrpcClientProtocolClient.java:onNext(255)) - client-D9784BBBA2E4->b64db28b-0206-4f29-9222-8535a6fae465: receive RaftClientReply:client-D9784BBBA2E4->b64db28b-0206-4f29-9222-8535a6fae465@group-5C02D0E0293D, cid=12, SUCCESS, logIndex=11, commits[b64db28b-0206-4f29-9222-8535a6fae465:c13, 109a3129-8b65-4fcd-9264-10f0d007e1c0:c8, 96dfd720-dcc8-4863-a21b-6217a1ce7955:c9]
2019-07-09 02:22:08,254 INFO  client.GrpcClientProtocolClient (GrpcClientProtocolClient.java:onNext(255)) - client-D9784BBBA2E4->b64db28b-0206-4f29-9222-8535a6fae465: receive RaftClientReply:client-D9784BBBA2E4->b64db28b-0206-4f29-9222-8535a6fae465@group-5C02D0E0293D, cid=13, SUCCESS, logIndex=12, commits[b64db28b-0206-4f29-9222-8535a6fae465:c13, 109a3129-8b65-4fcd-9264-10f0d007e1c0:c10, 96dfd720-dcc8-4863-a21b-6217a1ce7955:c10]
2019-07-09 02:22:08,277 INFO  client.GrpcClientProtocolClient (GrpcClientProtocolClient.java:onNext(255)) - client-D9784BBBA2E4->b64db28b-0206-4f29-9222-8535a6fae465: receive RaftClientReply:client-D9784BBBA2E4->b64db28b-0206-4f29-9222-8535a6fae465@group-5C02D0E0293D, cid=14, SUCCESS, logIndex=0, commits[b64db28b-0206-4f29-9222-8535a6fae465:c15, 109a3129-8b65-4fcd-9264-10f0d007e1c0:c12, 96dfd720-dcc8-4863-a21b-6217a1ce7955:c13]
2019-07-09 02:22:08,432 INFO  client.GrpcClientProtocolClient (GrpcClientProtocolClient.java:onNext(255)) - client-D9784BBBA2E4->b64db28b-0206-4f29-9222-8535a6fae465: receive RaftClientReply:client-D9784BBBA2E4->b64db28b-0206-4f29-9222-8535a6fae465@group-5C02D0E0293D, cid=15, SUCCESS, logIndex=17, commits[b64db28b-0206-4f29-9222-8535a6fae465:c20, 109a3129-8b65-4fcd-9264-10f0d007e1c0:c16, 96dfd720-dcc8-4863-a21b-6217a1ce7955:c16]
2019-07-09 02:22:08,479 INFO  client.GrpcClientProtocolClient (GrpcClientProtocolClient.java:onNext(255)) - client-D9784BBBA2E4->b64db28b-0206-4f29-9222-8535a6fae465: receive RaftClientReply:client-D9784BBBA2E4->b64db28b-0206-4f29-9222-8535a6fae465@group-5C02D0E0293D, cid=16, SUCCESS, logIndex=18, commits[b64db28b-0206-4f29-9222-8535a6fae465:c24, 109a3129-8b65-4fcd-9264-10f0d007e1c0:c20, 96dfd720-dcc8-4863-a21b-6217a1ce7955:c20]
2019-07-09 02:22:08,480 INFO  client.GrpcClientProtocolClient (GrpcClientProtocolClient.java:onNext(255)) - client-D9784BBBA2E4->b64db28b-0206-4f29-9222-8535a6fae465: receive RaftClientReply:client-D9784BBBA2E4->b64db28b-0206-4f29-9222-8535a6fae465@group-5C02D0E0293D, cid=17, SUCCESS, logIndex=19, commits[b64db28b-0206-4f29-9222-8535a6fae465:c24, 109a3129-8b65-4fcd-9264-10f0d007e1c0:c20, 96dfd720-dcc8-4863-a21b-6217a1ce7955:c20]
2019-07-09 02:22:08,566 INFO  client.GrpcClientProtocolClient (GrpcClientProtocolClient.java:onNext(255)) - client-D9784BBBA2E4->b64db28b-0206-4f29-9222-8535a6fae465: receive RaftClientReply:client-D9784BBBA2E4->b64db28b-0206-4f29-9222-8535a6fae465@group-5C02D0E0293D, cid=18, SUCCESS, logIndex=20, commits[b64db28b-0206-4f29-9222-8535a6fae465:c24, 109a3129-8b65-4fcd-9264-10f0d007e1c0:c20, 96dfd720-dcc8-4863-a21b-6217a1ce7955:c20]
2019-07-09 02:22:08,613 INFO  client.GrpcClientProtocolClient (GrpcClientProtocolClient.java:onNext(255)) - client-D9784BBBA2E4->b64db28b-0206-4f29-9222-8535a6fae465: receive RaftClientReply:client-D9784BBBA2E4->b64db28b-0206-4f29-9222-8535a6fae465@group-5C02D0E0293D, cid=19, SUCCESS, logIndex=25, commits[b64db28b-0206-4f29-9222-8535a6fae465:c26, 109a3129-8b65-4fcd-9264-10f0d007e1c0:c24, 96dfd720-dcc8-4863-a21b-6217a1ce7955:c24]
2019-07-09 02:22:08,615 INFO  client.GrpcClientProtocolClient (GrpcClientProtocolClient.java:onNext(255)) - client-D9784BBBA2E4->b64db28b-0206-4f29-9222-8535a6fae465: receive RaftClientReply:client-D9784BBBA2E4->b64db28b-0206-4f29-9222-8535a6fae465@group-5C02D0E0293D, cid=20, SUCCESS, logIndex=26, commits[b64db28b-0206-4f29-9222-8535a6fae465:c27, 109a3129-8b65-4fcd-9264-10f0d007e1c0:c24, 96dfd720-dcc8-4863-a21b-6217a1ce7955:c24]
2019-07-09 02:22:08,617 INFO  client.GrpcClientProtocolClient (GrpcClientProtocolClient.java:onNext(255)) - client-D9784BBBA2E4->b64db28b-0206-4f29-9222-8535a6fae465: receive RaftClientReply:client-D9784BBBA2E4->b64db28b-0206-4f29-9222-8535a6fae465@group-5C02D0E0293D, cid=21, SUCCESS, logIndex=27, commits[b64db28b-0206-4f29-9222-8535a6fae465:c28, 109a3129-8b65-4fcd-9264-10f0d007e1c0:c24, 96dfd720-dcc8-4863-a21b-6217a1ce7955:c24]
2019-07-09 02:22:08,626 INFO  client.GrpcClientProtocolClient (GrpcClientProtocolClient.java:onNext(255)) - client-D9784BBBA2E4->b64db28b-0206-4f29-9222-8535a6fae465: receive RaftClientReply:client-D9784BBBA2E4->b64db28b-0206-4f29-9222-8535a6fae465@group-5C02D0E0293D, cid=22, SUCCESS, logIndex=28, commits[b64db28b-0206-4f29-9222-8535a6fae465:c28, 109a3129-8b65-4fcd-9264-10f0d007e1c0:c24, 96dfd720-dcc8-4863-a21b-6217a1ce7955:c24]
2019-07-09 02:22:08,632 INFO  client.GrpcClientProtocolClient (GrpcClientProtocolClient.java:onNext(255)) - client-D9784BBBA2E4->b64db28b-0206-4f29-9222-8535a6fae465: receive RaftClientReply:client-D9784BBBA2E4->b64db28b-0206-4f29-9222-8535a6fae465@group-5C02D0E0293D, cid=23, SUCCESS, logIndex=0, commits[b64db28b-0206-4f29-9222-8535a6fae465:c29, 109a3129-8b65-4fcd-9264-10f0d007e1c0:c26, 96dfd720-dcc8-4863-a21b-6217a1ce7955:c26]
2019-07-09 02:22:08,635 INFO  client.GrpcClientProtocolClient (GrpcClientProtocolClient.java:onNext(255)) - client-D9784BBBA2E4->b64db28b-0206-4f29-9222-8535a6fae465: receive RaftClientReply:client-D9784BBBA2E4->b64db28b-0206-4f29-9222-8535a6fae465@group-5C02D0E0293D, cid=24, SUCCESS, logIndex=0, commits[b64db28b-0206-4f29-9222-8535a6fae465:c32, 109a3129-8b65-4fcd-9264-10f0d007e1c0:c28, 96dfd720-dcc8-4863-a21b-6217a1ce7955:c28]
2019-07-09 02:22:08,723 INFO  client.GrpcClientProtocolClient (GrpcClientProtocolClient.java:onNext(255)) - client-D9784BBBA2E4->b64db28b-0206-4f29-9222-8535a6fae465: receive RaftClientReply:client-D9784BBBA2E4->b64db28b-0206-4f29-9222-8535a6fae465@group-5C02D0E0293D, cid=25, SUCCESS, logIndex=33, commits[b64db28b-0206-4f29-9222-8535a6fae465:c36, 109a3129-8b65-4fcd-9264-10f0d007e1c0:c32, 96dfd720-dcc8-4863-a21b-6217a1ce7955:c28]
2019-07-09 02:22:08,784 INFO  client.GrpcClientProtocolClient (GrpcClientProtocolClient.java:onNext(255)) - client-D9784BBBA2E4->b64db28b-0206-4f29-9222-8535a6fae465: receive RaftClientReply:client-D9784BBBA2E4->b64db28b-0206-4f29-9222-8535a6fae465@group-5C02D0E0293D, cid=26, SUCCESS, logIndex=34, commits[b64db28b-0206-4f29-9222-8535a6fae465:c38, 109a3129-8b65-4fcd-9264-10f0d007e1c0:c36, 96dfd720-dcc8-4863-a21b-6217a1ce7955:c36]
2019-07-09 02:22:08,785 INFO  client.GrpcClientProtocolClient (GrpcClientProtocolClient.java:onNext(255)) - client-D9784BBBA2E4->b64db28b-0206-4f29-9222-8535a6fae465: receive RaftClientReply:client-D9784BBBA2E4->b64db28b-0206-4f29-9222-8535a6fae465@group-5C02D0E0293D, cid=27, SUCCESS, logIndex=35, commits[b64db28b-0206-4f29-9222-8535a6fae465:c38, 109a3129-8b65-4fcd-9264-10f0d007e1c0:c36, 96dfd720-dcc8-4863-a21b-6217a1ce7955:c36]
2019-07-09 02:22:08,870 INFO  client.GrpcClientProtocolClient (GrpcClientProtocolClient.java:onNext(255)) - client-D9784BBBA2E4->b64db28b-0206-4f29-9222-8535a6fae465: receive RaftClientReply:client-D9784BBBA2E4->b64db28b-0206-4f29-9222-8535a6fae465@group-5C02D0E0293D, cid=28, SUCCESS, logIndex=36, commits[b64db28b-0206-4f29-9222-8535a6fae465:c38, 109a3129-8b65-4fcd-9264-10f0d007e1c0:c36, 96dfd720-dcc8-4863-a21b-6217a1ce7955:c36]
2019-07-09 02:22:08,955 INFO  client.GrpcClientProtocolClient (GrpcClientProtocolClient.java:onNext(255)) - client-D9784BBBA2E4->b64db28b-0206-4f29-9222-8535a6fae465: receive RaftClientReply:client-D9784BBBA2E4->b64db28b-0206-4f29-9222-8535a6fae465@group-5C02D0E0293D, cid=29, SUCCESS, logIndex=39, commits[b64db28b-0206-4f29-9222-8535a6fae465:c41, 109a3129-8b65-4fcd-9264-10f0d007e1c0:c38, 96dfd720-dcc8-4863-a21b-6217a1ce7955:c38]
2019-07-09 02:22:08,956 INFO  client.GrpcClientProtocolClient (GrpcClientProtocolClient.java:onNext(255)) - client-D9784BBBA2E4->b64db28b-0206-4f29-9222-8535a6fae465: receive RaftClientReply:client-D9784BBBA2E4->b64db28b-0206-4f29-9222-8535a6fae465@group-5C02D0E0293D, cid=30, SUCCESS, logIndex=40, commits[b64db28b-0206-4f29-9222-8535a6fae465:c42, 109a3129-8b65-4fcd-9264-10f0d007e1c0:c38, 96dfd720-dcc8-4863-a21b-6217a1ce7955:c38]
2019-07-09 02:22:08,957 INFO  client.GrpcClientProtocolClient (GrpcClientProtocolClient.java:onNext(255)) - client-D9784BBBA2E4->b64db28b-0206-4f29-9222-8535a6fae465: receive RaftClientReply:client-D9784BBBA2E4->b64db28b-0206-4f29-9222-8535a6fae465@group-5C02D0E0293D, cid=31, SUCCESS, logIndex=41, commits[b64db28b-0206-4f29-9222-8535a6fae465:c42, 109a3129-8b65-4fcd-9264-10f0d007e1c0:c38, 96dfd720-dcc8-4863-a21b-6217a1ce7955:c38]
2019-07-09 02:22:08,958 INFO  client.GrpcClientProtocolClient (GrpcClientProtocolClient.java:onNext(255)) - client-D9784BBBA2E4->b64db28b-0206-4f29-9222-8535a6fae465: receive RaftClientReply:client-D9784BBBA2E4->b64db28b-0206-4f29-9222-8535a6fae465@group-5C02D0E0293D, cid=32, SUCCESS, logIndex=42, commits[b64db28b-0206-4f29-9222-8535a6fae465:c42, 109a3129-8b65-4fcd-9264-10f0d007e1c0:c38, 96dfd720-dcc8-4863-a21b-6217a1ce7955:c38]
2019-07-09 02:22:09,012 INFO  client.GrpcClientProtocolClient (GrpcClientProtocolClient.java:onNext(255)) - client-D9784BBBA2E4->b64db28b-0206-4f29-9222-8535a6fae465: receive RaftClientReply:client-D9784BBBA2E4->b64db28b-0206-4f29-9222-8535a6fae465@group-5C02D0E0293D, cid=33, SUCCESS, logIndex=0, commits[b64db28b-0206-4f29-9222-8535a6fae465:c43, 109a3129-8b65-4fcd-9264-10f0d007e1c0:c40, 96dfd720-dcc8-4863-a21b-6217a1ce7955:c40]
 0.00% |█                                                                                                    |  0/1 Time: 0:00:042019-07-09 02:22:09,221 INFO  client.GrpcClientProtocolClient (GrpcClientProtocolClient.java:onNext(255)) - client-D9784BBBA2E4->b64db28b-0206-4f29-9222-8535a6fae465: receive RaftClientReply:client-D9784BBBA2E4->b64db28b-0206-4f29-9222-8535a6fae465@group-5C02D0E0293D, cid=34, SUCCESS, logIndex=0, commits[b64db28b-0206-4f29-9222-8535a6fae465:c46, 109a3129-8b65-4fcd-9264-10f0d007e1c0:c42, 96dfd720-dcc8-4863-a21b-6217a1ce7955:c42]
2019-07-09 02:22:09,256 INFO  client.GrpcClientProtocolClient (GrpcClientProtocolClient.java:onNext(255)) - client-D9784BBBA2E4->b64db28b-0206-4f29-9222-8535a6fae465: receive RaftClientReply:client-D9784BBBA2E4->b64db28b-0206-4f29-9222-8535a6fae465@group-5C02D0E0293D, cid=35, SUCCESS, logIndex=47, commits[b64db28b-0206-4f29-9222-8535a6fae465:c48, 109a3129-8b65-4fcd-9264-10f0d007e1c0:c46, 96dfd720-dcc8-4863-a21b-6217a1ce7955:c46]
2019-07-09 02:22:09,257 INFO  client.GrpcClientProtocolClient (GrpcClientProtocolClient.java:onNext(255)) - client-D9784BBBA2E4->b64db28b-0206-4f29-9222-8535a6fae465: receive RaftClientReply:client-D9784BBBA2E4->b64db28b-0206-4f29-9222-8535a6fae465@group-5C02D0E0293D, cid=36, SUCCESS, logIndex=48, commits[b64db28b-0206-4f29-9222-8535a6fae465:c48, 109a3129-8b65-4fcd-9264-10f0d007e1c0:c46, 96dfd720-dcc8-4863-a21b-6217a1ce7955:c46]
2019-07-09 02:22:09,265 INFO  client.GrpcClientProtocolClient (GrpcClientProtocolClient.java:onNext(255)) - client-D9784BBBA2E4->b64db28b-0206-4f29-9222-8535a6fae465: receive RaftClientReply:client-D9784BBBA2E4->b64db28b-0206-4f29-9222-8535a6fae465@group-5C02D0E0293D, cid=37, SUCCESS, logIndex=49, commits[b64db28b-0206-4f29-9222-8535a6fae465:c51, 109a3129-8b65-4fcd-9264-10f0d007e1c0:c46, 96dfd720-dcc8-4863-a21b-6217a1ce7955:c47]
2019-07-09 02:22:09,266 INFO  client.GrpcClientProtocolClient (GrpcClientProtocolClient.java:onNext(255)) - client-D9784BBBA2E4->b64db28b-0206-4f29-9222-8535a6fae465: receive RaftClientReply:client-D9784BBBA2E4->b64db28b-0206-4f29-9222-8535a6fae465@group-5C02D0E0293D, cid=38, SUCCESS, logIndex=50, commits[b64db28b-0206-4f29-9222-8535a6fae465:c52, 109a3129-8b65-4fcd-9264-10f0d007e1c0:c48, 96dfd720-dcc8-4863-a21b-6217a1ce7955:c48]
2019-07-09 02:22:09,295 INFO  client.GrpcClientProtocolClient (GrpcClientProtocolClient.java:onNext(255)) - client-D9784BBBA2E4->b64db28b-0206-4f29-9222-8535a6fae465: receive RaftClientReply:client-D9784BBBA2E4->b64db28b-0206-4f29-9222-8535a6fae465@group-5C02D0E0293D, cid=39, SUCCESS, logIndex=55, commits[b64db28b-0206-4f29-9222-8535a6fae465:c56, 109a3129-8b65-4fcd-9264-10f0d007e1c0:c53, 96dfd720-dcc8-4863-a21b-6217a1ce7955:c53]
2019-07-09 02:22:09,297 INFO  client.GrpcClientProtocolClient (GrpcClientProtocolClient.java:onNext(255)) - client-D9784BBBA2E4->b64db28b-0206-4f29-9222-8535a6fae465: receive RaftClientReply:client-D9784BBBA2E4->b64db28b-0206-4f29-9222-8535a6fae465@group-5C02D0E0293D, cid=40, SUCCESS, logIndex=56, commits[b64db28b-0206-4f29-9222-8535a6fae465:c56, 109a3129-8b65-4fcd-9264-10f0d007e1c0:c53, 96dfd720-dcc8-4863-a21b-6217a1ce7955:c53]
2019-07-09 02:22:09,330 INFO  client.GrpcClientProtocolClient (GrpcClientProtocolClient.java:onNext(255)) - client-D9784BBBA2E4->b64db28b-0206-4f29-9222-8535a6fae465: receive RaftClientReply:client-D9784BBBA2E4->b64db28b-0206-4f29-9222-8535a6fae465@group-5C02D0E0293D, cid=41, SUCCESS, logIndex=59, commits[b64db28b-0206-4f29-9222-8535a6fae465:c60, 109a3129-8b65-4fcd-9264-10f0d007e1c0:c58, 96dfd720-dcc8-4863-a21b-6217a1ce7955:c58]
2019-07-09 02:22:09,331 INFO  client.GrpcClientProtocolClient (GrpcClientProtocolClient.java:onNext(255)) - client-D9784BBBA2E4->b64db28b-0206-4f29-9222-8535a6fae465: receive RaftClientReply:client-D9784BBBA2E4->b64db28b-0206-4f29-9222-8535a6fae465@group-5C02D0E0293D, cid=42, SUCCESS, logIndex=60, commits[b64db28b-0206-4f29-9222-8535a6fae465:c60, 109a3129-8b65-4fcd-9264-10f0d007e1c0:c58, 96dfd720-dcc8-4863-a21b-6217a1ce7955:c58]
2019-07-09 02:22:09,341 INFO  client.GrpcClientProtocolClient (GrpcClientProtocolClient.java:onNext(255)) - client-D9784BBBA2E4->b64db28b-0206-4f29-9222-8535a6fae465: receive RaftClientReply:client-D9784BBBA2E4->b64db28b-0206-4f29-9222-8535a6fae465@group-5C02D0E0293D, cid=43, SUCCESS, logIndex=0, commits[b64db28b-0206-4f29-9222-8535a6fae465:c61, 109a3129-8b65-4fcd-9264-10f0d007e1c0:c60, 96dfd720-dcc8-4863-a21b-6217a1ce7955:c60]
2019-07-09 02:22:09,366 INFO  client.GrpcClientProtocolClient (GrpcClientProtocolClient.java:onNext(255)) - client-D9784BBBA2E4->b64db28b-0206-4f29-9222-8535a6fae465: receive RaftClientReply:client-D9784BBBA2E4->b64db28b-0206-4f29-9222-8535a6fae465@group-5C02D0E0293D, cid=44, SUCCESS, logIndex=63, commits[b64db28b-0206-4f29-9222-8535a6fae465:c64, 109a3129-8b65-4fcd-9264-10f0d007e1c0:c62, 96dfd720-dcc8-4863-a21b-6217a1ce7955:c62]
2019-07-09 02:22:09,367 INFO  client.GrpcClientProtocolClient (GrpcClientProtocolClient.java:onNext(255)) - client-D9784BBBA2E4->b64db28b-0206-4f29-9222-8535a6fae465: receive RaftClientReply:client-D9784BBBA2E4->b64db28b-0206-4f29-9222-8535a6fae465@group-5C02D0E0293D, cid=45, SUCCESS, logIndex=64, commits[b64db28b-0206-4f29-9222-8535a6fae465:c64, 109a3129-8b65-4fcd-9264-10f0d007e1c0:c62, 96dfd720-dcc8-4863-a21b-6217a1ce7955:c62]
2019-07-09 02:22:09,370 INFO  client.GrpcClientProtocolClient (GrpcClientProtocolClient.java:onNext(255)) - client-D9784BBBA2E4->b64db28b-0206-4f29-9222-8535a6fae465: receive RaftClientReply:client-D9784BBBA2E4->b64db28b-0206-4f29-9222-8535a6fae465@group-5C02D0E0293D, cid=46, SUCCESS, logIndex=65, commits[b64db28b-0206-4f29-9222-8535a6fae465:c66, 109a3129-8b65-4fcd-9264-10f0d007e1c0:c64, 96dfd720-dcc8-4863-a21b-6217a1ce7955:c62]
2019-07-09 02:22:09,371 INFO  client.GrpcClientProtocolClient (GrpcClientProtocolClient.java:onNext(255)) - client-D9784BBBA2E4->b64db28b-0206-4f29-9222-8535a6fae465: receive RaftClientReply:client-D9784BBBA2E4->b64db28b-0206-4f29-9222-8535a6fae465@group-5C02D0E0293D, cid=47, SUCCESS, logIndex=66, commits[b64db28b-0206-4f29-9222-8535a6fae465:c67, 109a3129-8b65-4fcd-9264-10f0d007e1c0:c64, 96dfd720-dcc8-4863-a21b-6217a1ce7955:c62]
2019-07-09 02:22:09,373 INFO  client.GrpcClientProtocolClient (GrpcClientProtocolClient.java:onNext(255)) - client-D9784BBBA2E4->b64db28b-0206-4f29-9222-8535a6fae465: receive RaftClientReply:client-D9784BBBA2E4->b64db28b-0206-4f29-9222-8535a6fae465@group-5C02D0E0293D, cid=48, SUCCESS, logIndex=0, commits[b64db28b-0206-4f29-9222-8535a6fae465:c68, 109a3129-8b65-4fcd-9264-10f0d007e1c0:c64, 96dfd720-dcc8-4863-a21b-6217a1ce7955:c64]
2019-07-09 02:22:09,396 INFO  client.GrpcClientProtocolClient (GrpcClientProtocolClient.java:onNext(255)) - client-D9784BBBA2E4->b64db28b-0206-4f29-9222-8535a6fae465: receive RaftClientReply:client-D9784BBBA2E4->b64db28b-0206-4f29-9222-8535a6fae465@group-5C02D0E0293D, cid=49, SUCCESS, logIndex=71, commits[b64db28b-0206-4f29-9222-8535a6fae465:c72, 109a3129-8b65-4fcd-9264-10f0d007e1c0:c70, 96dfd720-dcc8-4863-a21b-6217a1ce7955:c70]
2019-07-09 02:22:09,397 INFO  client.GrpcClientProtocolClient (GrpcClientProtocolClient.java:onNext(255)) - client-D9784BBBA2E4->b64db28b-0206-4f29-9222-8535a6fae465: receive RaftClientReply:client-D9784BBBA2E4->b64db28b-0206-4f29-9222-8535a6fae465@group-5C02D0E0293D, cid=50, SUCCESS, logIndex=72, commits[b64db28b-0206-4f29-9222-8535a6fae465:c72, 109a3129-8b65-4fcd-9264-10f0d007e1c0:c70, 96dfd720-dcc8-4863-a21b-6217a1ce7955:c70]
2019-07-09 02:22:09,427 INFO  client.GrpcClientProtocolClient (GrpcClientProtocolClient.java:onNext(255)) - client-D9784BBBA2E4->b64db28b-0206-4f29-9222-8535a6fae465: receive RaftClientReply:client-D9784BBBA2E4->b64db28b-0206-4f29-9222-8535a6fae465@group-5C02D0E0293D, cid=51, SUCCESS, logIndex=75, commits[b64db28b-0206-4f29-9222-8535a6fae465:c76, 109a3129-8b65-4fcd-9264-10f0d007e1c0:c74, 96dfd720-dcc8-4863-a21b-6217a1ce7955:c74]
2019-07-09 02:22:09,428 INFO  client.GrpcClientProtocolClient (GrpcClientProtocolClient.java:onNext(255)) - client-D9784BBBA2E4->b64db28b-0206-4f29-9222-8535a6fae465: receive RaftClientReply:client-D9784BBBA2E4->b64db28b-0206-4f29-9222-8535a6fae465@group-5C02D0E0293D, cid=52, SUCCESS, logIndex=76, commits[b64db28b-0206-4f29-9222-8535a6fae465:c76, 109a3129-8b65-4fcd-9264-10f0d007e1c0:c74, 96dfd720-dcc8-4863-a21b-6217a1ce7955:c74]
2019-07-09 02:22:09,434 INFO  client.GrpcClientProtocolClient (GrpcClientProtocolClient.java:onNext(255)) - client-D9784BBBA2E4->b64db28b-0206-4f29-9222-8535a6fae465: receive RaftClientReply:client-D9784BBBA2E4->b64db28b-0206-4f29-9222-8535a6fae465@group-5C02D0E0293D, cid=53, SUCCESS, logIndex=0, commits[b64db28b-0206-4f29-9222-8535a6fae465:c77, 109a3129-8b65-4fcd-9264-10f0d007e1c0:c76, 96dfd720-dcc8-4863-a21b-6217a1ce7955:c76]
 100.00% |█████████████████████████████████████████████████████████████████████████████████████████████████████|  1/1 Time: 0:00:05
2019-07-09 02:22:14,935 INFO  pipeline.SCMPipelineManager (SCMPipelineManager.java:finalizeAndDestroyPipeline(307)) - destroying pipeline:Pipeline[ Id: b43e74da-c496-421a-a272-5c02d0e0293d, Nodes: b64db28b-0206-4f29-9222-8535a6fae465{ip: 192.168.5.159, host: hdds1735-6dm2j-1168502604, networkLocation: /default-rack, certSerialId: null}96dfd720-dcc8-4863-a21b-6217a1ce7955{ip: 192.168.5.159, host: hdds1735-6dm2j-1168502604, networkLocation: /default-rack, certSerialId: null}109a3129-8b65-4fcd-9264-10f0d007e1c0{ip: 192.168.5.159, host: hdds1735-6dm2j-1168502604, networkLocation: /default-rack, certSerialId: null}, Type:RATIS, Factor:THREE, State:OPEN]
2019-07-09 02:22:14,936 INFO  pipeline.PipelineStateManager (PipelineStateManager.java:finalizePipeline(123)) - Pipeline Pipeline[ Id: b43e74da-c496-421a-a272-5c02d0e0293d, Nodes: b64db28b-0206-4f29-9222-8535a6fae465{ip: 192.168.5.159, host: hdds1735-6dm2j-1168502604, networkLocation: /default-rack, certSerialId: null}96dfd720-dcc8-4863-a21b-6217a1ce7955{ip: 192.168.5.159, host: hdds1735-6dm2j-1168502604, networkLocation: /default-rack, certSerialId: null}109a3129-8b65-4fcd-9264-10f0d007e1c0{ip: 192.168.5.159, host: hdds1735-6dm2j-1168502604, networkLocation: /default-rack, certSerialId: null}, Type:RATIS, Factor:THREE, State:CLOSED] moved to CLOSED state
2019-07-09 02:22:14,938 INFO  container.CloseContainerEventHandler (CloseContainerEventHandler.java:onMessage(61)) - Close container Event triggered for container : #1
2019-07-09 02:22:14,944 INFO  container.CloseContainerEventHandler (CloseContainerEventHandler.java:onMessage(61)) - Close container Event triggered for container : #2
2019-07-09 02:22:14,944 INFO  container.CloseContainerEventHandler (CloseContainerEventHandler.java:onMessage(61)) - Close container Event triggered for container : #3
2019-07-09 02:22:14,966 INFO  impl.RaftServerProxy (RaftServerProxy.java:remove(95)) - b64db28b-0206-4f29-9222-8535a6fae465: remove   LEADER group-5C02D0E0293D b64db28b-0206-4f29-9222-8535a6fae465:t2, leader=b64db28b-0206-4f29-9222-8535a6fae465, voted=b64db28b-0206-4f29-9222-8535a6fae465, raftlog=b64db28b-0206-4f29-9222-8535a6fae465-SegmentedRaftLog:OPENED:c78,f78,i78, conf=0: [b64db28b-0206-4f29-9222-8535a6fae465:192.168.5.159:32966, 109a3129-8b65-4fcd-9264-10f0d007e1c0:192.168.5.159:35730, 96dfd720-dcc8-4863-a21b-6217a1ce7955:192.168.5.159:44135], old=null RUNNING
2019-07-09 02:22:14,970 INFO  impl.RaftServerImpl (RaftServerImpl.java:lambda$shutdown$3(245)) - b64db28b-0206-4f29-9222-8535a6fae465: shutdown group-5C02D0E0293D
2019-07-09 02:22:14,971 INFO  util.JmxRegister (JmxRegister.java:unregister(73)) - Successfully un-registered JMX Bean with object name Ratis:service=RaftServer,group=group-5C02D0E0293D,id=b64db28b-0206-4f29-9222-8535a6fae465
2019-07-09 02:22:14,971 INFO  impl.RoleInfo (RoleInfo.java:shutdownLeaderState(104)) - b64db28b-0206-4f29-9222-8535a6fae465: shutdown LeaderState
2019-07-09 02:22:14,974 INFO  impl.PendingRequests (PendingRequests.java:sendNotLeaderResponses(202)) - b64db28b-0206-4f29-9222-8535a6fae465-PendingRequests: sendNotLeaderResponses
2019-07-09 02:22:14,974 WARN  server.GrpcLogAppender (GrpcLogAppender.java:mayWait(143)) - GrpcLogAppender(b64db28b-0206-4f29-9222-8535a6fae465->96dfd720-dcc8-4863-a21b-6217a1ce7955): Wait interrupted by java.lang.InterruptedException
2019-07-09 02:22:14,974 WARN  server.GrpcLogAppender (GrpcLogAppender.java:mayWait(143)) - GrpcLogAppender(b64db28b-0206-4f29-9222-8535a6fae465->109a3129-8b65-4fcd-9264-10f0d007e1c0): Wait interrupted by java.lang.InterruptedException
2019-07-09 02:22:14,986 INFO  server.GrpcServerProtocolService (GrpcServerProtocolService.java:onCompleted(104)) - 96dfd720-dcc8-4863-a21b-6217a1ce7955: appendEntries completed
2019-07-09 02:22:14,986 INFO  server.GrpcServerProtocolService (GrpcServerProtocolService.java:onCompleted(104)) - 109a3129-8b65-4fcd-9264-10f0d007e1c0: appendEntries completed
2019-07-09 02:22:14,988 INFO  server.GrpcLogAppender (GrpcLogAppender.java:onCompleted(292)) - b64db28b-0206-4f29-9222-8535a6fae465->96dfd720-dcc8-4863-a21b-6217a1ce7955: follower responses appendEntries COMPLETED
2019-07-09 02:22:14,992 INFO  server.GrpcLogAppender (GrpcLogAppender.java:onCompleted(292)) - b64db28b-0206-4f29-9222-8535a6fae465->109a3129-8b65-4fcd-9264-10f0d007e1c0: follower responses appendEntries COMPLETED
2019-07-09 02:22:14,994 INFO  impl.StateMachineUpdater (StateMachineUpdater.java:stopAndJoin(115)) - StateMachineUpdater:b64db28b-0206-4f29-9222-8535a6fae465:group-5C02D0E0293D: set stopIndex = 78
2019-07-09 02:22:14,994 INFO  ratis.ContainerStateMachine (ContainerStateMachine.java:takeSnapshot(244)) - Taking snapshot at termIndex:(t:2, i:76)
2019-07-09 02:22:14,999 INFO  ratis.ContainerStateMachine (ContainerStateMachine.java:takeSnapshot(248)) - Taking a snapshot to file /tmp/workdir/hadoop-ozone/tools/target/test-dir/MiniOzoneClusterImpl-405d5ba7-9a30-4c44-b547-c1d352391d37/datanode-0/data/ratis/b43e74da-c496-421a-a272-5c02d0e0293d/sm/snapshot.2_76
2019-07-09 02:22:15,000 INFO  impl.FollowerInfo (FollowerInfo.java:lambda$new$0(50)) - b64db28b-0206-4f29-9222-8535a6fae465->96dfd720-dcc8-4863-a21b-6217a1ce7955: nextIndex: updateUnconditionally 79 -> 78
2019-07-09 02:22:15,000 INFO  impl.FollowerInfo (FollowerInfo.java:lambda$new$0(50)) - b64db28b-0206-4f29-9222-8535a6fae465->109a3129-8b65-4fcd-9264-10f0d007e1c0: nextIndex: updateUnconditionally 79 -> 78
2019-07-09 02:22:15,018 INFO  impl.StateMachineUpdater (StateMachineUpdater.java:takeSnapshot(242)) - StateMachineUpdater:b64db28b-0206-4f29-9222-8535a6fae465:group-5C02D0E0293D: Took a snapshot at index 76
2019-07-09 02:22:15,020 INFO  impl.StateMachineUpdater (StateMachineUpdater.java:lambda$new$0(80)) - StateMachineUpdater:b64db28b-0206-4f29-9222-8535a6fae465:group-5C02D0E0293D: snapshotIndex: updateIncreasingly -1 -> 76
2019-07-09 02:22:15,026 INFO  impl.RaftServerImpl (ServerState.java:close(394)) - b64db28b-0206-4f29-9222-8535a6fae465:group-5C02D0E0293D closes. The last applied log index is 78
2019-07-09 02:22:15,028 INFO  segmented.SegmentedRaftLogWorker (SegmentedRaftLogWorker.java:run(313)) - b64db28b-0206-4f29-9222-8535a6fae465-SegmentedRaftLogWorker:Storage Directory /tmp/workdir/hadoop-ozone/tools/target/test-dir/MiniOzoneClusterImpl-405d5ba7-9a30-4c44-b547-c1d352391d37/datanode-0/data/ratis/b43e74da-c496-421a-a272-5c02d0e0293d was interrupted, exiting. There are 0 tasks remaining in the queue.
2019-07-09 02:22:15,029 INFO  segmented.SegmentedRaftLogWorker (SegmentedRaftLogWorker.java:close(228)) - b64db28b-0206-4f29-9222-8535a6fae465-SegmentedRaftLogWorker:Storage Directory /tmp/workdir/hadoop-ozone/tools/target/test-dir/MiniOzoneClusterImpl-405d5ba7-9a30-4c44-b547-c1d352391d37/datanode-0/data/ratis/b43e74da-c496-421a-a272-5c02d0e0293d close()
2019-07-09 02:22:15,059 INFO  impl.RaftServerProxy (RaftServerProxy.java:remove(95)) - 96dfd720-dcc8-4863-a21b-6217a1ce7955: remove FOLLOWER group-5C02D0E0293D 96dfd720-dcc8-4863-a21b-6217a1ce7955:t2, leader=b64db28b-0206-4f29-9222-8535a6fae465, voted=b64db28b-0206-4f29-9222-8535a6fae465, raftlog=96dfd720-dcc8-4863-a21b-6217a1ce7955-SegmentedRaftLog:OPENED:c78,f78,i78, conf=0: [b64db28b-0206-4f29-9222-8535a6fae465:192.168.5.159:32966, 109a3129-8b65-4fcd-9264-10f0d007e1c0:192.168.5.159:35730, 96dfd720-dcc8-4863-a21b-6217a1ce7955:192.168.5.159:44135], old=null RUNNING
2019-07-09 02:22:15,059 INFO  impl.RaftServerImpl (RaftServerImpl.java:lambda$shutdown$3(245)) - 96dfd720-dcc8-4863-a21b-6217a1ce7955: shutdown group-5C02D0E0293D
2019-07-09 02:22:15,059 INFO  util.JmxRegister (JmxRegister.java:unregister(73)) - Successfully un-registered JMX Bean with object name Ratis:service=RaftServer,group=group-5C02D0E0293D,id=96dfd720-dcc8-4863-a21b-6217a1ce7955
2019-07-09 02:22:15,060 INFO  impl.RoleInfo (RoleInfo.java:shutdownFollowerState(121)) - 96dfd720-dcc8-4863-a21b-6217a1ce7955: shutdown FollowerState
2019-07-09 02:22:15,060 INFO  impl.StateMachineUpdater (StateMachineUpdater.java:stopAndJoin(115)) - StateMachineUpdater:96dfd720-dcc8-4863-a21b-6217a1ce7955:group-5C02D0E0293D: set stopIndex = 78
2019-07-09 02:22:15,060 INFO  impl.FollowerState (FollowerState.java:run(114)) - 96dfd720-dcc8-4863-a21b-6217a1ce7955: FollowerState was interrupted: java.lang.InterruptedException: sleep interrupted
2019-07-09 02:22:15,061 INFO  ratis.ContainerStateMachine (ContainerStateMachine.java:takeSnapshot(244)) - Taking snapshot at termIndex:(t:2, i:76)
2019-07-09 02:22:15,063 INFO  ratis.ContainerStateMachine (ContainerStateMachine.java:takeSnapshot(248)) - Taking a snapshot to file /tmp/workdir/hadoop-ozone/tools/target/test-dir/MiniOzoneClusterImpl-405d5ba7-9a30-4c44-b547-c1d352391d37/datanode-2/data/ratis/b43e74da-c496-421a-a272-5c02d0e0293d/sm/snapshot.2_76
2019-07-09 02:22:15,063 INFO  impl.StateMachineUpdater (StateMachineUpdater.java:takeSnapshot(242)) - StateMachineUpdater:96dfd720-dcc8-4863-a21b-6217a1ce7955:group-5C02D0E0293D: Took a snapshot at index 76
2019-07-09 02:22:15,063 INFO  impl.StateMachineUpdater (StateMachineUpdater.java:lambda$new$0(80)) - StateMachineUpdater:96dfd720-dcc8-4863-a21b-6217a1ce7955:group-5C02D0E0293D: snapshotIndex: updateIncreasingly -1 -> 76
2019-07-09 02:22:15,064 INFO  impl.RaftServerImpl (ServerState.java:close(394)) - 96dfd720-dcc8-4863-a21b-6217a1ce7955:group-5C02D0E0293D closes. The last applied log index is 78
2019-07-09 02:22:15,064 INFO  segmented.SegmentedRaftLogWorker (SegmentedRaftLogWorker.java:run(313)) - 96dfd720-dcc8-4863-a21b-6217a1ce7955-SegmentedRaftLogWorker:Storage Directory /tmp/workdir/hadoop-ozone/tools/target/test-dir/MiniOzoneClusterImpl-405d5ba7-9a30-4c44-b547-c1d352391d37/datanode-2/data/ratis/b43e74da-c496-421a-a272-5c02d0e0293d was interrupted, exiting. There are 0 tasks remaining in the queue.
2019-07-09 02:22:15,064 INFO  segmented.SegmentedRaftLogWorker (SegmentedRaftLogWorker.java:close(228)) - 96dfd720-dcc8-4863-a21b-6217a1ce7955-SegmentedRaftLogWorker:Storage Directory /tmp/workdir/hadoop-ozone/tools/target/test-dir/MiniOzoneClusterImpl-405d5ba7-9a30-4c44-b547-c1d352391d37/datanode-2/data/ratis/b43e74da-c496-421a-a272-5c02d0e0293d close()
2019-07-09 02:22:15,076 INFO  impl.RaftServerProxy (RaftServerProxy.java:remove(95)) - 109a3129-8b65-4fcd-9264-10f0d007e1c0: remove FOLLOWER group-5C02D0E0293D 109a3129-8b65-4fcd-9264-10f0d007e1c0:t2, leader=b64db28b-0206-4f29-9222-8535a6fae465, voted=b64db28b-0206-4f29-9222-8535a6fae465, raftlog=109a3129-8b65-4fcd-9264-10f0d007e1c0-SegmentedRaftLog:OPENED:c78,f78,i78, conf=0: [b64db28b-0206-4f29-9222-8535a6fae465:192.168.5.159:32966, 109a3129-8b65-4fcd-9264-10f0d007e1c0:192.168.5.159:35730, 96dfd720-dcc8-4863-a21b-6217a1ce7955:192.168.5.159:44135], old=null RUNNING
2019-07-09 02:22:15,076 INFO  impl.RaftServerImpl (RaftServerImpl.java:lambda$shutdown$3(245)) - 109a3129-8b65-4fcd-9264-10f0d007e1c0: shutdown group-5C02D0E0293D
2019-07-09 02:22:15,076 INFO  util.JmxRegister (JmxRegister.java:unregister(73)) - Successfully un-registered JMX Bean with object name Ratis:service=RaftServer,group=group-5C02D0E0293D,id=109a3129-8b65-4fcd-9264-10f0d007e1c0
2019-07-09 02:22:15,077 INFO  impl.RoleInfo (RoleInfo.java:shutdownFollowerState(121)) - 109a3129-8b65-4fcd-9264-10f0d007e1c0: shutdown FollowerState
2019-07-09 02:22:15,077 INFO  impl.StateMachineUpdater (StateMachineUpdater.java:stopAndJoin(115)) - StateMachineUpdater:109a3129-8b65-4fcd-9264-10f0d007e1c0:group-5C02D0E0293D: set stopIndex = 78
2019-07-09 02:22:15,077 INFO  impl.FollowerState (FollowerState.java:run(114)) - 109a3129-8b65-4fcd-9264-10f0d007e1c0: FollowerState was interrupted: java.lang.InterruptedException: sleep interrupted
2019-07-09 02:22:15,081 INFO  ratis.ContainerStateMachine (ContainerStateMachine.java:takeSnapshot(244)) - Taking snapshot at termIndex:(t:2, i:76)
2019-07-09 02:22:15,082 INFO  ratis.ContainerStateMachine (ContainerStateMachine.java:takeSnapshot(248)) - Taking a snapshot to file /tmp/workdir/hadoop-ozone/tools/target/test-dir/MiniOzoneClusterImpl-405d5ba7-9a30-4c44-b547-c1d352391d37/datanode-1/data/ratis/b43e74da-c496-421a-a272-5c02d0e0293d/sm/snapshot.2_76
2019-07-09 02:22:15,082 INFO  impl.StateMachineUpdater (StateMachineUpdater.java:takeSnapshot(242)) - StateMachineUpdater:109a3129-8b65-4fcd-9264-10f0d007e1c0:group-5C02D0E0293D: Took a snapshot at index 76
2019-07-09 02:22:15,083 INFO  impl.StateMachineUpdater (StateMachineUpdater.java:lambda$new$0(80)) - StateMachineUpdater:109a3129-8b65-4fcd-9264-10f0d007e1c0:group-5C02D0E0293D: snapshotIndex: updateIncreasingly -1 -> 76
2019-07-09 02:22:15,083 INFO  impl.RaftServerImpl (ServerState.java:close(394)) - 109a3129-8b65-4fcd-9264-10f0d007e1c0:group-5C02D0E0293D closes. The last applied log index is 78
2019-07-09 02:22:15,083 INFO  segmented.SegmentedRaftLogWorker (SegmentedRaftLogWorker.java:run(313)) - 109a3129-8b65-4fcd-9264-10f0d007e1c0-SegmentedRaftLogWorker:Storage Directory /tmp/workdir/hadoop-ozone/tools/target/test-dir/MiniOzoneClusterImpl-405d5ba7-9a30-4c44-b547-c1d352391d37/datanode-1/data/ratis/b43e74da-c496-421a-a272-5c02d0e0293d was interrupted, exiting. There are 0 tasks remaining in the queue.
2019-07-09 02:22:15,084 INFO  segmented.SegmentedRaftLogWorker (SegmentedRaftLogWorker.java:close(228)) - 109a3129-8b65-4fcd-9264-10f0d007e1c0-SegmentedRaftLogWorker:Storage Directory /tmp/workdir/hadoop-ozone/tools/target/test-dir/MiniOzoneClusterImpl-405d5ba7-9a30-4c44-b547-c1d352391d37/datanode-1/data/ratis/b43e74da-c496-421a-a272-5c02d0e0293d close()
2019-07-09 02:22:15,089 INFO  pipeline.PipelineStateManager (PipelineStateManager.java:removePipeline(108)) - Pipeline Pipeline[ Id: b43e74da-c496-421a-a272-5c02d0e0293d, Nodes: b64db28b-0206-4f29-9222-8535a6fae465{ip: 192.168.5.159, host: hdds1735-6dm2j-1168502604, networkLocation: /default-rack, certSerialId: null}96dfd720-dcc8-4863-a21b-6217a1ce7955{ip: 192.168.5.159, host: hdds1735-6dm2j-1168502604, networkLocation: /default-rack, certSerialId: null}109a3129-8b65-4fcd-9264-10f0d007e1c0{ip: 192.168.5.159, host: hdds1735-6dm2j-1168502604, networkLocation: /default-rack, certSerialId: null}, Type:RATIS, Factor:THREE, State:CLOSED] removed from db
2019-07-09 02:22:15,105 INFO  impl.RaftServerProxy (RaftServerProxy.java:addNew(89)) - b64db28b-0206-4f29-9222-8535a6fae465: addNew group-83F3CF13307D:[b64db28b-0206-4f29-9222-8535a6fae465:192.168.5.159:32966, 109a3129-8b65-4fcd-9264-10f0d007e1c0:192.168.5.159:35730, 96dfd720-dcc8-4863-a21b-6217a1ce7955:192.168.5.159:44135] returns group-83F3CF13307D:java.util.concurrent.CompletableFuture@5a8dd1f4[Not completed]
2019-07-09 02:22:15,105 INFO  impl.RaftServerProxy (RaftServerProxy.java:addNew(89)) - 96dfd720-dcc8-4863-a21b-6217a1ce7955: addNew group-83F3CF13307D:[b64db28b-0206-4f29-9222-8535a6fae465:192.168.5.159:32966, 109a3129-8b65-4fcd-9264-10f0d007e1c0:192.168.5.159:35730, 96dfd720-dcc8-4863-a21b-6217a1ce7955:192.168.5.159:44135] returns group-83F3CF13307D:java.util.concurrent.CompletableFuture@6139b17f[Not completed]
2019-07-09 02:22:15,109 INFO  impl.RaftServerImpl (RaftServerImpl.java:<init>(93)) - b64db28b-0206-4f29-9222-8535a6fae465: new RaftServerImpl for group-83F3CF13307D:[b64db28b-0206-4f29-9222-8535a6fae465:192.168.5.159:32966, 109a3129-8b65-4fcd-9264-10f0d007e1c0:192.168.5.159:35730, 96dfd720-dcc8-4863-a21b-6217a1ce7955:192.168.5.159:44135] with ContainerStateMachine:uninitialized
2019-07-09 02:22:15,109 INFO  impl.RaftServerProxy (RaftServerProxy.java:addNew(89)) - 109a3129-8b65-4fcd-9264-10f0d007e1c0: addNew group-83F3CF13307D:[b64db28b-0206-4f29-9222-8535a6fae465:192.168.5.159:32966, 109a3129-8b65-4fcd-9264-10f0d007e1c0:192.168.5.159:35730, 96dfd720-dcc8-4863-a21b-6217a1ce7955:192.168.5.159:44135] returns group-83F3CF13307D:java.util.concurrent.CompletableFuture@59f34621[Not completed]
2019-07-09 02:22:15,109 INFO  server.RaftServerConfigKeys (ConfUtils.java:logGet(43)) - raft.server.rpc.timeout.min = 1s (custom)
2019-07-09 02:22:15,109 INFO  server.RaftServerConfigKeys (ConfUtils.java:logGet(43)) - raft.server.rpc.timeout.max = 1200ms (custom)
2019-07-09 02:22:15,109 INFO  server.RaftServerConfigKeys (ConfUtils.java:logGet(43)) - raft.server.rpcslowness.timeout = 120s (custom)
2019-07-09 02:22:15,110 INFO  server.RaftServerConfigKeys (ConfUtils.java:logGet(43)) - raft.server.sleep.deviation.threshold = 300 (default)
2019-07-09 02:22:15,110 INFO  impl.RaftServerImpl (RaftServerImpl.java:<init>(93)) - 96dfd720-dcc8-4863-a21b-6217a1ce7955: new RaftServerImpl for group-83F3CF13307D:[b64db28b-0206-4f29-9222-8535a6fae465:192.168.5.159:32966, 109a3129-8b65-4fcd-9264-10f0d007e1c0:192.168.5.159:35730, 96dfd720-dcc8-4863-a21b-6217a1ce7955:192.168.5.159:44135] with ContainerStateMachine:uninitialized
2019-07-09 02:22:15,110 INFO  server.RaftServerConfigKeys (ConfUtils.java:logGet(43)) - raft.server.log.appender.install.snapshot.enabled = false (custom)
2019-07-09 02:22:15,110 INFO  server.RaftServerConfigKeys (ConfUtils.java:logGet(43)) - raft.server.rpc.timeout.min = 1s (custom)
2019-07-09 02:22:15,110 INFO  impl.RaftServerImpl (ServerState.java:<init>(105)) - b64db28b-0206-4f29-9222-8535a6fae465:group-83F3CF13307D ConfigurationManager, init=-1: [b64db28b-0206-4f29-9222-8535a6fae465:192.168.5.159:32966, 109a3129-8b65-4fcd-9264-10f0d007e1c0:192.168.5.159:35730, 96dfd720-dcc8-4863-a21b-6217a1ce7955:192.168.5.159:44135], old=null, confs=<EMPTY_MAP>
2019-07-09 02:22:15,110 INFO  server.RaftServerConfigKeys (ConfUtils.java:logGet(43)) - raft.server.rpc.timeout.max = 1200ms (custom)
2019-07-09 02:22:15,111 INFO  server.RaftServerConfigKeys (ConfUtils.java:logGet(43)) - raft.server.rpcslowness.timeout = 120s (custom)
2019-07-09 02:22:15,111 INFO  impl.RaftServerImpl (RaftServerImpl.java:<init>(93)) - 109a3129-8b65-4fcd-9264-10f0d007e1c0: new RaftServerImpl for group-83F3CF13307D:[b64db28b-0206-4f29-9222-8535a6fae465:192.168.5.159:32966, 109a3129-8b65-4fcd-9264-10f0d007e1c0:192.168.5.159:35730, 96dfd720-dcc8-4863-a21b-6217a1ce7955:192.168.5.159:44135] with ContainerStateMachine:uninitialized
2019-07-09 02:22:15,111 INFO  server.RaftServerConfigKeys (ConfUtils.java:logGet(43)) - raft.server.storage.dir = [/tmp/workdir/hadoop-ozone/tools/target/test-dir/MiniOzoneClusterImpl-405d5ba7-9a30-4c44-b547-c1d352391d37/datanode-0/data/ratis] (custom)
2019-07-09 02:22:15,111 INFO  server.RaftServerConfigKeys (ConfUtils.java:logGet(43)) - raft.server.rpc.timeout.min = 1s (custom)
2019-07-09 02:22:15,111 INFO  server.RaftServerConfigKeys (ConfUtils.java:logGet(43)) - raft.server.sleep.deviation.threshold = 300 (default)
2019-07-09 02:22:15,111 INFO  server.RaftServerConfigKeys (ConfUtils.java:logGet(43)) - raft.server.rpc.timeout.max = 1200ms (custom)
2019-07-09 02:22:15,111 INFO  storage.RaftStorageDirectory (RaftStorageDirectory.java:analyzeStorage(246)) - The storage directory /tmp/workdir/hadoop-ozone/tools/target/test-dir/MiniOzoneClusterImpl-405d5ba7-9a30-4c44-b547-c1d352391d37/datanode-0/data/ratis/c9b88d4e-69df-42ce-8879-83f3cf13307d does not exist. Creating ...
2019-07-09 02:22:15,111 INFO  server.RaftServerConfigKeys (ConfUtils.java:logGet(43)) - raft.server.log.appender.install.snapshot.enabled = false (custom)
2019-07-09 02:22:15,112 INFO  server.RaftServerConfigKeys (ConfUtils.java:logGet(43)) - raft.server.rpcslowness.timeout = 120s (custom)
2019-07-09 02:22:15,112 INFO  impl.RaftServerImpl (ServerState.java:<init>(105)) - 96dfd720-dcc8-4863-a21b-6217a1ce7955:group-83F3CF13307D ConfigurationManager, init=-1: [b64db28b-0206-4f29-9222-8535a6fae465:192.168.5.159:32966, 109a3129-8b65-4fcd-9264-10f0d007e1c0:192.168.5.159:35730, 96dfd720-dcc8-4863-a21b-6217a1ce7955:192.168.5.159:44135], old=null, confs=<EMPTY_MAP>
2019-07-09 02:22:15,112 INFO  server.RaftServerConfigKeys (ConfUtils.java:logGet(43)) - raft.server.sleep.deviation.threshold = 300 (default)
2019-07-09 02:22:15,112 INFO  server.RaftServerConfigKeys (ConfUtils.java:logGet(43)) - raft.server.storage.dir = [/tmp/workdir/hadoop-ozone/tools/target/test-dir/MiniOzoneClusterImpl-405d5ba7-9a30-4c44-b547-c1d352391d37/datanode-2/data/ratis] (custom)
2019-07-09 02:22:15,112 INFO  server.RaftServerConfigKeys (ConfUtils.java:logGet(43)) - raft.server.log.appender.install.snapshot.enabled = false (custom)
2019-07-09 02:22:15,113 INFO  impl.RaftServerImpl (ServerState.java:<init>(105)) - 109a3129-8b65-4fcd-9264-10f0d007e1c0:group-83F3CF13307D ConfigurationManager, init=-1: [b64db28b-0206-4f29-9222-8535a6fae465:192.168.5.159:32966, 109a3129-8b65-4fcd-9264-10f0d007e1c0:192.168.5.159:35730, 96dfd720-dcc8-4863-a21b-6217a1ce7955:192.168.5.159:44135], old=null, confs=<EMPTY_MAP>
2019-07-09 02:22:15,113 INFO  storage.RaftStorageDirectory (RaftStorageDirectory.java:analyzeStorage(246)) - The storage directory /tmp/workdir/hadoop-ozone/tools/target/test-dir/MiniOzoneClusterImpl-405d5ba7-9a30-4c44-b547-c1d352391d37/datanode-2/data/ratis/c9b88d4e-69df-42ce-8879-83f3cf13307d does not exist. Creating ...
2019-07-09 02:22:15,113 INFO  server.RaftServerConfigKeys (ConfUtils.java:logGet(43)) - raft.server.storage.dir = [/tmp/workdir/hadoop-ozone/tools/target/test-dir/MiniOzoneClusterImpl-405d5ba7-9a30-4c44-b547-c1d352391d37/datanode-1/data/ratis] (custom)
2019-07-09 02:22:15,114 INFO  storage.RaftStorageDirectory (RaftStorageDirectory.java:analyzeStorage(246)) - The storage directory /tmp/workdir/hadoop-ozone/tools/target/test-dir/MiniOzoneClusterImpl-405d5ba7-9a30-4c44-b547-c1d352391d37/datanode-1/data/ratis/c9b88d4e-69df-42ce-8879-83f3cf13307d does not exist. Creating ...
2019-07-09 02:22:15,127 INFO  storage.RaftStorageDirectory (RaftStorageDirectory.java:tryLock(328)) - Lock on /tmp/workdir/hadoop-ozone/tools/target/test-dir/MiniOzoneClusterImpl-405d5ba7-9a30-4c44-b547-c1d352391d37/datanode-2/data/ratis/c9b88d4e-69df-42ce-8879-83f3cf13307d/in_use.lock acquired by nodename 22474@hdds1735-6dm2j-1168502604
2019-07-09 02:22:15,127 INFO  storage.RaftStorageDirectory (RaftStorageDirectory.java:tryLock(328)) - Lock on /tmp/workdir/hadoop-ozone/tools/target/test-dir/MiniOzoneClusterImpl-405d5ba7-9a30-4c44-b547-c1d352391d37/datanode-0/data/ratis/c9b88d4e-69df-42ce-8879-83f3cf13307d/in_use.lock acquired by nodename 22474@hdds1735-6dm2j-1168502604
2019-07-09 02:22:15,127 INFO  storage.RaftStorageDirectory (RaftStorageDirectory.java:tryLock(328)) - Lock on /tmp/workdir/hadoop-ozone/tools/target/test-dir/MiniOzoneClusterImpl-405d5ba7-9a30-4c44-b547-c1d352391d37/datanode-1/data/ratis/c9b88d4e-69df-42ce-8879-83f3cf13307d/in_use.lock acquired by nodename 22474@hdds1735-6dm2j-1168502604
2019-07-09 02:22:15,140 INFO  storage.RaftStorage (RaftStorage.java:format(72)) - Storage directory /tmp/workdir/hadoop-ozone/tools/target/test-dir/MiniOzoneClusterImpl-405d5ba7-9a30-4c44-b547-c1d352391d37/datanode-0/data/ratis/c9b88d4e-69df-42ce-8879-83f3cf13307d has been successfully formatted.
2019-07-09 02:22:15,140 INFO  storage.RaftStorage (RaftStorage.java:format(72)) - Storage directory /tmp/workdir/hadoop-ozone/tools/target/test-dir/MiniOzoneClusterImpl-405d5ba7-9a30-4c44-b547-c1d352391d37/datanode-1/data/ratis/c9b88d4e-69df-42ce-8879-83f3cf13307d has been successfully formatted.
2019-07-09 02:22:15,140 INFO  storage.RaftStorage (RaftStorage.java:format(72)) - Storage directory /tmp/workdir/hadoop-ozone/tools/target/test-dir/MiniOzoneClusterImpl-405d5ba7-9a30-4c44-b547-c1d352391d37/datanode-2/data/ratis/c9b88d4e-69df-42ce-8879-83f3cf13307d has been successfully formatted.
2019-07-09 02:22:15,141 INFO  ratis.ContainerStateMachine (ContainerStateMachine.java:loadSnapshot(198)) - The snapshot info is null.Setting the last applied index to:(t:0, i:~)
2019-07-09 02:22:15,141 INFO  ratis.ContainerStateMachine (ContainerStateMachine.java:loadSnapshot(198)) - The snapshot info is null.Setting the last applied index to:(t:0, i:~)
2019-07-09 02:22:15,141 INFO  server.RaftServerConfigKeys (ConfUtils.java:logGet(43)) - raft.server.leader.election.timeout = 120s (custom)
2019-07-09 02:22:15,141 INFO  ratis.ContainerStateMachine (ContainerStateMachine.java:loadSnapshot(198)) - The snapshot info is null.Setting the last applied index to:(t:0, i:~)
2019-07-09 02:22:15,141 INFO  server.RaftServerConfigKeys (ConfUtils.java:logGet(43)) - raft.server.log.use.memory = false (default)
2019-07-09 02:22:15,141 INFO  server.RaftServerConfigKeys (ConfUtils.java:logGet(43)) - raft.server.leader.election.timeout = 120s (custom)
2019-07-09 02:22:15,142 INFO  server.RaftServerConfigKeys (ConfUtils.java:logGet(43)) - raft.server.log.purge.gap = 1000000000 (custom)
2019-07-09 02:22:15,141 INFO  server.RaftServerConfigKeys (ConfUtils.java:logGet(43)) - raft.server.leader.election.timeout = 120s (custom)
2019-07-09 02:22:15,142 INFO  server.RaftServerConfigKeys (ConfUtils.java:logGet(43)) - raft.server.log.appender.buffer.byte-limit = 33554432 (custom)
2019-07-09 02:22:15,142 INFO  server.RaftServerConfigKeys (ConfUtils.java:logGet(43)) - raft.server.log.use.memory = false (default)
2019-07-09 02:22:15,142 INFO  server.RaftServerConfigKeys (ConfUtils.java:logGet(43)) - raft.server.log.segment.size.max = 1048576 (custom)
2019-07-09 02:22:15,142 INFO  server.RaftServerConfigKeys (ConfUtils.java:logGet(43)) - raft.server.log.use.memory = false (default)
2019-07-09 02:22:15,142 INFO  server.RaftServerConfigKeys (ConfUtils.java:logGet(43)) - raft.server.log.segment.cache.num.max = 2 (custom)
2019-07-09 02:22:15,142 INFO  server.RaftServerConfigKeys (ConfUtils.java:logGet(43)) - raft.server.log.purge.gap = 1000000000 (custom)
2019-07-09 02:22:15,143 INFO  segmented.SegmentedRaftLogWorker (SegmentedRaftLogWorker.java:<init>(172)) - new b64db28b-0206-4f29-9222-8535a6fae465-SegmentedRaftLogWorker:Storage Directory /tmp/workdir/hadoop-ozone/tools/target/test-dir/MiniOzoneClusterImpl-405d5ba7-9a30-4c44-b547-c1d352391d37/datanode-0/data/ratis/c9b88d4e-69df-42ce-8879-83f3cf13307d for RaftStorage:Storage Directory /tmp/workdir/hadoop-ozone/tools/target/test-dir/MiniOzoneClusterImpl-405d5ba7-9a30-4c44-b547-c1d352391d37/datanode-0/data/ratis/c9b88d4e-69df-42ce-8879-83f3cf13307d
2019-07-09 02:22:15,143 INFO  server.RaftServerConfigKeys (ConfUtils.java:logGet(43)) - raft.server.log.purge.gap = 1000000000 (custom)
2019-07-09 02:22:15,143 INFO  server.RaftServerConfigKeys (ConfUtils.java:logGet(43)) - raft.server.log.queue.byte-limit = 2147483647 (custom)
2019-07-09 02:22:15,143 INFO  server.RaftServerConfigKeys (ConfUtils.java:logGet(43)) - raft.server.log.appender.buffer.byte-limit = 33554432 (custom)
2019-07-09 02:22:15,145 INFO  server.RaftServerConfigKeys (ConfUtils.java:logGet(43)) - raft.server.log.queue.element-limit = 1024 (custom)
2019-07-09 02:22:15,144 INFO  server.RaftServerConfigKeys (ConfUtils.java:logGet(43)) - raft.server.log.appender.buffer.byte-limit = 33554432 (custom)
2019-07-09 02:22:15,145 INFO  server.RaftServerConfigKeys (ConfUtils.java:logGet(43)) - raft.server.log.segment.size.max = 1048576 (custom)
2019-07-09 02:22:15,145 INFO  server.RaftServerConfigKeys (ConfUtils.java:logGet(43)) - raft.server.log.segment.size.max = 1048576 (custom)
2019-07-09 02:22:15,145 INFO  server.RaftServerConfigKeys (ConfUtils.java:logGet(43)) - raft.server.log.preallocated.size = 16384 (custom)
2019-07-09 02:22:15,145 INFO  server.RaftServerConfigKeys (ConfUtils.java:logGet(43)) - raft.server.log.segment.size.max = 1048576 (custom)
2019-07-09 02:22:15,146 INFO  server.RaftServerConfigKeys (ConfUtils.java:logGet(43)) - raft.server.log.write.buffer.size = 33554432 (custom)
2019-07-09 02:22:15,146 INFO  server.RaftServerConfigKeys (ConfUtils.java:logGet(43)) - raft.server.log.segment.cache.num.max = 2 (custom)
2019-07-09 02:22:15,146 INFO  server.RaftServerConfigKeys (ConfUtils.java:logGet(43)) - raft.server.log.force.sync.num = 128 (default)
2019-07-09 02:22:15,146 INFO  server.RaftServerConfigKeys (ConfUtils.java:logGet(43)) - raft.server.log.segment.cache.num.max = 2 (custom)
2019-07-09 02:22:15,146 INFO  server.RaftServerConfigKeys (ConfUtils.java:logGet(43)) - raft.server.log.statemachine.data.sync = true (default)
2019-07-09 02:22:15,146 INFO  segmented.SegmentedRaftLogWorker (SegmentedRaftLogWorker.java:<init>(172)) - new 109a3129-8b65-4fcd-9264-10f0d007e1c0-SegmentedRaftLogWorker:Storage Directory /tmp/workdir/hadoop-ozone/tools/target/test-dir/MiniOzoneClusterImpl-405d5ba7-9a30-4c44-b547-c1d352391d37/datanode-1/data/ratis/c9b88d4e-69df-42ce-8879-83f3cf13307d for RaftStorage:Storage Directory /tmp/workdir/hadoop-ozone/tools/target/test-dir/MiniOzoneClusterImpl-405d5ba7-9a30-4c44-b547-c1d352391d37/datanode-1/data/ratis/c9b88d4e-69df-42ce-8879-83f3cf13307d
2019-07-09 02:22:15,147 INFO  server.RaftServerConfigKeys (ConfUtils.java:logGet(43)) - raft.server.log.statemachine.data.sync.timeout = 10s (default)
2019-07-09 02:22:15,147 INFO  segmented.SegmentedRaftLogWorker (SegmentedRaftLogWorker.java:<init>(172)) - new 96dfd720-dcc8-4863-a21b-6217a1ce7955-SegmentedRaftLogWorker:Storage Directory /tmp/workdir/hadoop-ozone/tools/target/test-dir/MiniOzoneClusterImpl-405d5ba7-9a30-4c44-b547-c1d352391d37/datanode-2/data/ratis/c9b88d4e-69df-42ce-8879-83f3cf13307d for RaftStorage:Storage Directory /tmp/workdir/hadoop-ozone/tools/target/test-dir/MiniOzoneClusterImpl-405d5ba7-9a30-4c44-b547-c1d352391d37/datanode-2/data/ratis/c9b88d4e-69df-42ce-8879-83f3cf13307d
2019-07-09 02:22:15,147 INFO  server.RaftServerConfigKeys (ConfUtils.java:logGet(43)) - raft.server.log.statemachine.data.sync.timeout.retry = -1 (default)
2019-07-09 02:22:15,147 INFO  server.RaftServerConfigKeys (ConfUtils.java:logGet(43)) - raft.server.log.queue.byte-limit = 2147483647 (custom)
2019-07-09 02:22:15,150 INFO  server.RaftServerConfigKeys (ConfUtils.java:logGet(43)) - raft.server.log.statemachine.data.caching.enabled = true (custom)
2019-07-09 02:22:15,148 INFO  server.RaftServerConfigKeys (ConfUtils.java:logGet(43)) - raft.server.log.queue.byte-limit = 2147483647 (custom)
2019-07-09 02:22:15,150 INFO  segmented.SegmentedRaftLogWorker (SegmentedRaftLogWorker.java:lambda$new$0(132)) - b64db28b-0206-4f29-9222-8535a6fae465-SegmentedRaftLogWorker:Storage Directory /tmp/workdir/hadoop-ozone/tools/target/test-dir/MiniOzoneClusterImpl-405d5ba7-9a30-4c44-b547-c1d352391d37/datanode-0/data/ratis/c9b88d4e-69df-42ce-8879-83f3cf13307d: flushIndex: setUnconditionally 0 -> -1
2019-07-09 02:22:15,150 INFO  server.RaftServerConfigKeys (ConfUtils.java:logGet(43)) - raft.server.log.queue.element-limit = 1024 (custom)
2019-07-09 02:22:15,150 INFO  server.RaftServerConfigKeys (ConfUtils.java:logGet(43)) - raft.server.log.queue.element-limit = 1024 (custom)
2019-07-09 02:22:15,151 INFO  server.RaftServerConfigKeys (ConfUtils.java:logGet(43)) - raft.server.log.segment.size.max = 1048576 (custom)
2019-07-09 02:22:15,151 INFO  server.RaftServerConfigKeys (ConfUtils.java:logGet(43)) - raft.server.snapshot.auto.trigger.enabled = true (custom)
2019-07-09 02:22:15,151 INFO  server.RaftServerConfigKeys (ConfUtils.java:logGet(43)) - raft.server.log.preallocated.size = 16384 (custom)
2019-07-09 02:22:15,151 INFO  server.RaftServerConfigKeys (ConfUtils.java:logGet(43)) - raft.server.log.segment.size.max = 1048576 (custom)
2019-07-09 02:22:15,151 INFO  server.RaftServerConfigKeys (ConfUtils.java:logGet(43)) - raft.server.log.write.buffer.size = 33554432 (custom)
2019-07-09 02:22:15,151 INFO  server.RaftServerConfigKeys (ConfUtils.java:logGet(43)) - raft.server.snapshot.auto.trigger.threshold = 10000 (custom)
2019-07-09 02:22:15,152 INFO  server.RaftServerConfigKeys (ConfUtils.java:logGet(43)) - raft.server.log.force.sync.num = 128 (default)
2019-07-09 02:22:15,151 INFO  server.RaftServerConfigKeys (ConfUtils.java:logGet(43)) - raft.server.log.preallocated.size = 16384 (custom)
2019-07-09 02:22:15,152 INFO  server.RaftServerConfigKeys (ConfUtils.java:logGet(43)) - raft.server.log.statemachine.data.sync = true (default)
2019-07-09 02:22:15,152 INFO  server.RaftServerConfigKeys (ConfUtils.java:logGet(43)) - raft.server.retrycache.expirytime = 600000ms (custom)
2019-07-09 02:22:15,152 INFO  server.RaftServerConfigKeys (ConfUtils.java:logGet(43)) - raft.server.log.statemachine.data.sync.timeout = 10s (default)
2019-07-09 02:22:15,153 INFO  impl.RaftServerImpl (RaftServerImpl.java:start(180)) - b64db28b-0206-4f29-9222-8535a6fae465: start group-83F3CF13307D
2019-07-09 02:22:15,152 INFO  server.RaftServerConfigKeys (ConfUtils.java:logGet(43)) - raft.server.log.write.buffer.size = 33554432 (custom)
2019-07-09 02:22:15,153 INFO  impl.RaftServerImpl (RaftServerImpl.java:setRole(171)) - b64db28b-0206-4f29-9222-8535a6fae465:group-83F3CF13307D changes role from null to FOLLOWER at term 0 for startAsFollower
2019-07-09 02:22:15,153 INFO  server.RaftServerConfigKeys (ConfUtils.java:logGet(43)) - raft.server.log.statemachine.data.sync.timeout.retry = -1 (default)
2019-07-09 02:22:15,153 INFO  impl.RoleInfo (RoleInfo.java:updateAndGet(143)) - b64db28b-0206-4f29-9222-8535a6fae465: start FollowerState
2019-07-09 02:22:15,153 INFO  server.RaftServerConfigKeys (ConfUtils.java:logGet(43)) - raft.server.log.force.sync.num = 128 (default)
2019-07-09 02:22:15,153 INFO  server.RaftServerConfigKeys (ConfUtils.java:logGet(43)) - raft.server.log.statemachine.data.caching.enabled = true (custom)
2019-07-09 02:22:15,154 INFO  server.RaftServerConfigKeys (ConfUtils.java:logGet(43)) - raft.server.log.statemachine.data.sync = true (default)
2019-07-09 02:22:15,154 INFO  util.JmxRegister (JmxRegister.java:tryRegister(44)) - Successfully registered JMX Bean with object name Ratis:service=RaftServer,group=group-83F3CF13307D,id=b64db28b-0206-4f29-9222-8535a6fae465
2019-07-09 02:22:15,154 INFO  segmented.SegmentedRaftLogWorker (SegmentedRaftLogWorker.java:lambda$new$0(132)) - 109a3129-8b65-4fcd-9264-10f0d007e1c0-SegmentedRaftLogWorker:Storage Directory /tmp/workdir/hadoop-ozone/tools/target/test-dir/MiniOzoneClusterImpl-405d5ba7-9a30-4c44-b547-c1d352391d37/datanode-1/data/ratis/c9b88d4e-69df-42ce-8879-83f3cf13307d: flushIndex: setUnconditionally 0 -> -1
2019-07-09 02:22:15,154 INFO  server.RaftServerConfigKeys (ConfUtils.java:logGet(43)) - raft.server.log.statemachine.data.sync.timeout = 10s (default)
2019-07-09 02:22:15,154 INFO  server.RaftServerConfigKeys (ConfUtils.java:logGet(43)) - raft.server.log.statemachine.data.sync.timeout.retry = -1 (default)
2019-07-09 02:22:15,154 INFO  server.RaftServerConfigKeys (ConfUtils.java:logGet(43)) - raft.server.snapshot.auto.trigger.enabled = true (custom)
2019-07-09 02:22:15,155 INFO  server.RaftServerConfigKeys (ConfUtils.java:logGet(43)) - raft.server.log.statemachine.data.caching.enabled = true (custom)
2019-07-09 02:22:15,155 INFO  server.RaftServerConfigKeys (ConfUtils.java:logGet(43)) - raft.server.snapshot.auto.trigger.threshold = 10000 (custom)
2019-07-09 02:22:15,156 INFO  segmented.SegmentedRaftLogWorker (SegmentedRaftLogWorker.java:lambda$new$0(132)) - 96dfd720-dcc8-4863-a21b-6217a1ce7955-SegmentedRaftLogWorker:Storage Directory /tmp/workdir/hadoop-ozone/tools/target/test-dir/MiniOzoneClusterImpl-405d5ba7-9a30-4c44-b547-c1d352391d37/datanode-2/data/ratis/c9b88d4e-69df-42ce-8879-83f3cf13307d: flushIndex: setUnconditionally 0 -> -1
2019-07-09 02:22:15,156 INFO  server.RaftServerConfigKeys (ConfUtils.java:logGet(43)) - raft.server.retrycache.expirytime = 600000ms (custom)
2019-07-09 02:22:15,156 INFO  server.RaftServerConfigKeys (ConfUtils.java:logGet(43)) - raft.server.snapshot.auto.trigger.enabled = true (custom)
2019-07-09 02:22:15,156 INFO  impl.RaftServerImpl (RaftServerImpl.java:start(180)) - 109a3129-8b65-4fcd-9264-10f0d007e1c0: start group-83F3CF13307D
2019-07-09 02:22:15,156 INFO  server.RaftServerConfigKeys (ConfUtils.java:logGet(43)) - raft.server.snapshot.auto.trigger.threshold = 10000 (custom)
2019-07-09 02:22:15,162 INFO  impl.RaftServerImpl (RaftServerImpl.java:setRole(171)) - 109a3129-8b65-4fcd-9264-10f0d007e1c0:group-83F3CF13307D changes role from null to FOLLOWER at term 0 for startAsFollower
2019-07-09 02:22:15,162 INFO  server.RaftServerConfigKeys (ConfUtils.java:logGet(43)) - raft.server.retrycache.expirytime = 600000ms (custom)
2019-07-09 02:22:15,163 INFO  impl.RoleInfo (RoleInfo.java:updateAndGet(143)) - 109a3129-8b65-4fcd-9264-10f0d007e1c0: start FollowerState
2019-07-09 02:22:15,163 INFO  impl.RaftServerImpl (RaftServerImpl.java:start(180)) - 96dfd720-dcc8-4863-a21b-6217a1ce7955: start group-83F3CF13307D
2019-07-09 02:22:15,164 INFO  impl.RaftServerImpl (RaftServerImpl.java:setRole(171)) - 96dfd720-dcc8-4863-a21b-6217a1ce7955:group-83F3CF13307D changes role from null to FOLLOWER at term 0 for startAsFollower
2019-07-09 02:22:15,164 INFO  impl.RoleInfo (RoleInfo.java:updateAndGet(143)) - 96dfd720-dcc8-4863-a21b-6217a1ce7955: start FollowerState
2019-07-09 02:22:15,164 INFO  util.JmxRegister (JmxRegister.java:tryRegister(44)) - Successfully registered JMX Bean with object name Ratis:service=RaftServer,group=group-83F3CF13307D,id=109a3129-8b65-4fcd-9264-10f0d007e1c0
2019-07-09 02:22:15,164 INFO  util.JmxRegister (JmxRegister.java:tryRegister(44)) - Successfully registered JMX Bean with object name Ratis:service=RaftServer,group=group-83F3CF13307D,id=96dfd720-dcc8-4863-a21b-6217a1ce7955
2019-07-09 02:22:15,167 INFO  pipeline.PipelineStateManager (PipelineStateManager.java:addPipeline(56)) - Created pipeline Pipeline[ Id: c9b88d4e-69df-42ce-8879-83f3cf13307d, Nodes: b64db28b-0206-4f29-9222-8535a6fae465{ip: 192.168.5.159, host: hdds1735-6dm2j-1168502604, networkLocation: /default-rack, certSerialId: null}96dfd720-dcc8-4863-a21b-6217a1ce7955{ip: 192.168.5.159, host: hdds1735-6dm2j-1168502604, networkLocation: /default-rack, certSerialId: null}109a3129-8b65-4fcd-9264-10f0d007e1c0{ip: 192.168.5.159, host: hdds1735-6dm2j-1168502604, networkLocation: /default-rack, certSerialId: null}, Type:RATIS, Factor:THREE, State:OPEN]
2019-07-09 02:22:15,224 INFO  freon.RandomKeyGenerator (RandomKeyGenerator.java:call(262)) - Number of Threads: 10
2019-07-09 02:22:15,225 INFO  freon.RandomKeyGenerator (RandomKeyGenerator.java:call(267)) - Number of Volumes: 1.
2019-07-09 02:22:15,225 INFO  freon.RandomKeyGenerator (RandomKeyGenerator.java:call(268)) - Number of Buckets per Volume: 1.
2019-07-09 02:22:15,225 INFO  freon.RandomKeyGenerator (RandomKeyGenerator.java:call(269)) - Number of Keys per Bucket: 1.
2019-07-09 02:22:15,225 INFO  freon.RandomKeyGenerator (RandomKeyGenerator.java:call(270)) - Key size: 20971520 bytes
2019-07-09 02:22:15,225 INFO  freon.RandomKeyGenerator (RandomKeyGenerator.java:call(271)) - Buffer size: 4096 bytes
2019-07-09 02:22:15,226 INFO  freon.RandomKeyGenerator (RandomKeyGenerator.java:call(286)) - Data validation is enabled.
2019-07-09 02:22:15,226 INFO  freon.RandomKeyGenerator (RandomKeyGenerator.java:call(299)) - Starting progress bar Thread.

 0.00% |█                                                                                                    |  0/1 Time: 0:00:002019-07-09 02:22:15,226 INFO  rpc.RpcClient (RpcClient.java:createVolume(289)) - Creating Volume: vol-0-28600, with jenkins1000 as owner.
2019-07-09 02:22:15,239 INFO  rpc.RpcClient (RpcClient.java:createBucket(426)) - Creating Bucket: vol-0-28600/bucket-0-98475, with Versioning false and Storage Type set to DISK and Encryption set to false 
2019-07-09 02:22:15,277 INFO  client.GrpcClientProtocolClient (GrpcClientProtocolClient.java:onNext(255)) - client-05D2261635D7->b64db28b-0206-4f29-9222-8535a6fae465: receive RaftClientReply:client-05D2261635D7->b64db28b-0206-4f29-9222-8535a6fae465@group-83F3CF13307D, cid=60, FAILED org.apache.ratis.protocol.NotLeaderException: Server b64db28b-0206-4f29-9222-8535a6fae465 is not the leader (null). Request must be sent to leader., logIndex=0, commits[b64db28b-0206-4f29-9222-8535a6fae465:c-1]
2019-07-09 02:22:16,188 INFO  impl.FollowerState (FollowerState.java:run(106)) - 96dfd720-dcc8-4863-a21b-6217a1ce7955:group-83F3CF13307D changes to CANDIDATE, lastRpcTime:1024, electionTimeout:1024ms
2019-07-09 02:22:16,189 INFO  impl.RoleInfo (RoleInfo.java:shutdownFollowerState(121)) - 96dfd720-dcc8-4863-a21b-6217a1ce7955: shutdown FollowerState
2019-07-09 02:22:16,189 INFO  impl.RaftServerImpl (RaftServerImpl.java:setRole(171)) - 96dfd720-dcc8-4863-a21b-6217a1ce7955:group-83F3CF13307D changes role from FOLLOWER to CANDIDATE at term 0 for changeToCandidate
2019-07-09 02:22:16,189 INFO  impl.RoleInfo (RoleInfo.java:updateAndGet(143)) - 96dfd720-dcc8-4863-a21b-6217a1ce7955: start LeaderElection
2019-07-09 02:22:16,217 INFO  impl.LeaderElection (LeaderElection.java:askForVotes(181)) - 96dfd720-dcc8-4863-a21b-6217a1ce7955:group-83F3CF13307D:LeaderElection8: begin an election at term 1 for -1: [b64db28b-0206-4f29-9222-8535a6fae465:192.168.5.159:32966, 109a3129-8b65-4fcd-9264-10f0d007e1c0:192.168.5.159:35730, 96dfd720-dcc8-4863-a21b-6217a1ce7955:192.168.5.159:44135], old=null
2019-07-09 02:22:16,226 INFO  impl.RaftServerImpl (RaftServerImpl.java:setRole(171)) - b64db28b-0206-4f29-9222-8535a6fae465:group-83F3CF13307D changes role from FOLLOWER to FOLLOWER at term 1 for recognizeCandidate:96dfd720-dcc8-4863-a21b-6217a1ce7955
 0.00% |█                                                                                                    |  0/1 Time: 0:00:012019-07-09 02:22:16,228 INFO  impl.RaftServerImpl (RaftServerImpl.java:setRole(171)) - 109a3129-8b65-4fcd-9264-10f0d007e1c0:group-83F3CF13307D changes role from FOLLOWER to FOLLOWER at term 1 for recognizeCandidate:96dfd720-dcc8-4863-a21b-6217a1ce7955
2019-07-09 02:22:16,229 INFO  impl.RoleInfo (RoleInfo.java:shutdownFollowerState(121)) - b64db28b-0206-4f29-9222-8535a6fae465: shutdown FollowerState
2019-07-09 02:22:16,229 INFO  impl.RoleInfo (RoleInfo.java:shutdownFollowerState(121)) - 109a3129-8b65-4fcd-9264-10f0d007e1c0: shutdown FollowerState
2019-07-09 02:22:16,229 INFO  impl.FollowerState (FollowerState.java:run(114)) - b64db28b-0206-4f29-9222-8535a6fae465: FollowerState was interrupted: java.lang.InterruptedException: sleep interrupted
2019-07-09 02:22:16,229 INFO  impl.FollowerState (FollowerState.java:run(114)) - 109a3129-8b65-4fcd-9264-10f0d007e1c0: FollowerState was interrupted: java.lang.InterruptedException: sleep interrupted
2019-07-09 02:22:16,229 INFO  impl.RoleInfo (RoleInfo.java:updateAndGet(143)) - 109a3129-8b65-4fcd-9264-10f0d007e1c0: start FollowerState
2019-07-09 02:22:16,229 INFO  impl.RoleInfo (RoleInfo.java:updateAndGet(143)) - b64db28b-0206-4f29-9222-8535a6fae465: start FollowerState
2019-07-09 02:22:16,248 INFO  impl.LeaderElection (LeaderElection.java:logAndReturn(56)) - 96dfd720-dcc8-4863-a21b-6217a1ce7955:group-83F3CF13307D:LeaderElection8: Election PASSED; received 1 response(s) [96dfd720-dcc8-4863-a21b-6217a1ce7955<-109a3129-8b65-4fcd-9264-10f0d007e1c0#0:OK-t1] and 0 exception(s); 96dfd720-dcc8-4863-a21b-6217a1ce7955:t1, leader=null, voted=96dfd720-dcc8-4863-a21b-6217a1ce7955, raftlog=96dfd720-dcc8-4863-a21b-6217a1ce7955-SegmentedRaftLog:OPENED:c-1,f-1,i0, conf=-1: [b64db28b-0206-4f29-9222-8535a6fae465:192.168.5.159:32966, 109a3129-8b65-4fcd-9264-10f0d007e1c0:192.168.5.159:35730, 96dfd720-dcc8-4863-a21b-6217a1ce7955:192.168.5.159:44135], old=null
2019-07-09 02:22:16,249 INFO  impl.RoleInfo (RoleInfo.java:shutdownLeaderElection(134)) - 96dfd720-dcc8-4863-a21b-6217a1ce7955: shutdown LeaderElection
2019-07-09 02:22:16,250 INFO  impl.RaftServerImpl (RaftServerImpl.java:setRole(171)) - 96dfd720-dcc8-4863-a21b-6217a1ce7955:group-83F3CF13307D changes role from CANDIDATE to LEADER at term 1 for changeToLeader
2019-07-09 02:22:16,250 INFO  impl.RaftServerImpl (ServerState.java:setLeader(263)) - 96dfd720-dcc8-4863-a21b-6217a1ce7955:group-83F3CF13307D change Leader from null to 96dfd720-dcc8-4863-a21b-6217a1ce7955 at term 1 for becomeLeader, leader elected after 1108ms
2019-07-09 02:22:16,250 INFO  server.RaftServerConfigKeys (ConfUtils.java:logGet(43)) - raft.server.staging.catchup.gap = 1000 (default)
2019-07-09 02:22:16,251 INFO  server.RaftServerConfigKeys (ConfUtils.java:logGet(43)) - raft.server.rpc.sleep.time = 25ms (default)
2019-07-09 02:22:16,251 INFO  server.RaftServerConfigKeys (ConfUtils.java:logGet(43)) - raft.server.write.element-limit = 4096 (default)
2019-07-09 02:22:16,251 INFO  server.RaftServerConfigKeys (ConfUtils.java:logGet(43)) - raft.server.watch.timeout = 10s (default)
2019-07-09 02:22:16,251 INFO  server.RaftServerConfigKeys (ConfUtils.java:logGet(43)) - raft.server.watch.timeout.denomination = 1s (default)
2019-07-09 02:22:16,251 INFO  server.RaftServerConfigKeys (ConfUtils.java:logGet(43)) - raft.server.watch.element-limit = 65536 (default)
2019-07-09 02:22:16,252 INFO  server.RaftServerConfigKeys (ConfUtils.java:logGet(43)) - raft.server.log.appender.snapshot.chunk.size.max = 16MB (=16777216) (default)
2019-07-09 02:22:16,252 INFO  server.RaftServerConfigKeys (ConfUtils.java:logGet(43)) - raft.server.log.appender.buffer.byte-limit = 33554432 (custom)
2019-07-09 02:22:16,252 INFO  server.RaftServerConfigKeys (ConfUtils.java:logGet(43)) - raft.server.log.appender.buffer.element-limit = 1 (custom)
2019-07-09 02:22:16,253 INFO  grpc.GrpcConfigKeys$Server (ConfUtils.java:logGet(43)) - raft.grpc.server.leader.outstanding.appends.max = 128 (default)
2019-07-09 02:22:16,253 INFO  server.RaftServerConfigKeys (ConfUtils.java:logGet(43)) - raft.server.rpc.request.timeout = 3000ms (default)
2019-07-09 02:22:16,253 INFO  server.RaftServerConfigKeys (ConfUtils.java:logGet(43)) - raft.server.log.appender.install.snapshot.enabled = false (custom)
2019-07-09 02:22:16,254 INFO  server.RaftServerConfigKeys (ConfUtils.java:logGet(43)) - raft.server.log.appender.snapshot.chunk.size.max = 16MB (=16777216) (default)
2019-07-09 02:22:16,254 INFO  server.RaftServerConfigKeys (ConfUtils.java:logGet(43)) - raft.server.log.appender.buffer.byte-limit = 33554432 (custom)
2019-07-09 02:22:16,254 INFO  server.RaftServerConfigKeys (ConfUtils.java:logGet(43)) - raft.server.log.appender.buffer.element-limit = 1 (custom)
2019-07-09 02:22:16,254 INFO  grpc.GrpcConfigKeys$Server (ConfUtils.java:logGet(43)) - raft.grpc.server.leader.outstanding.appends.max = 128 (default)
2019-07-09 02:22:16,255 INFO  server.RaftServerConfigKeys (ConfUtils.java:logGet(43)) - raft.server.rpc.request.timeout = 3000ms (default)
2019-07-09 02:22:16,255 INFO  server.RaftServerConfigKeys (ConfUtils.java:logGet(43)) - raft.server.log.appender.install.snapshot.enabled = false (custom)
2019-07-09 02:22:16,255 INFO  impl.RoleInfo (RoleInfo.java:updateAndGet(143)) - 96dfd720-dcc8-4863-a21b-6217a1ce7955: start LeaderState
2019-07-09 02:22:16,256 INFO  segmented.SegmentedRaftLogWorker (SegmentedRaftLogWorker.java:startLogSegment(380)) - 96dfd720-dcc8-4863-a21b-6217a1ce7955-SegmentedRaftLogWorker:Storage Directory /tmp/workdir/hadoop-ozone/tools/target/test-dir/MiniOzoneClusterImpl-405d5ba7-9a30-4c44-b547-c1d352391d37/datanode-2/data/ratis/c9b88d4e-69df-42ce-8879-83f3cf13307d: Starting segment from index:0
2019-07-09 02:22:16,257 INFO  impl.RaftServerImpl (ServerState.java:setRaftConf(361)) - 96dfd720-dcc8-4863-a21b-6217a1ce7955:group-83F3CF13307D set configuration 0: [b64db28b-0206-4f29-9222-8535a6fae465:192.168.5.159:32966, 109a3129-8b65-4fcd-9264-10f0d007e1c0:192.168.5.159:35730, 96dfd720-dcc8-4863-a21b-6217a1ce7955:192.168.5.159:44135], old=null at 0
2019-07-09 02:22:16,282 INFO  impl.RaftServerImpl (ServerState.java:setLeader(263)) - b64db28b-0206-4f29-9222-8535a6fae465:group-83F3CF13307D change Leader from null to 96dfd720-dcc8-4863-a21b-6217a1ce7955 at term 1 for appendEntries, leader elected after 1141ms
2019-07-09 02:22:16,282 INFO  impl.RaftServerImpl (ServerState.java:setLeader(263)) - 109a3129-8b65-4fcd-9264-10f0d007e1c0:group-83F3CF13307D change Leader from null to 96dfd720-dcc8-4863-a21b-6217a1ce7955 at term 1 for appendEntries, leader elected after 1139ms
2019-07-09 02:22:16,290 INFO  segmented.SegmentedRaftLogWorker (SegmentedRaftLogWorker.java:execute(569)) - 96dfd720-dcc8-4863-a21b-6217a1ce7955-SegmentedRaftLogWorker:Storage Directory /tmp/workdir/hadoop-ozone/tools/target/test-dir/MiniOzoneClusterImpl-405d5ba7-9a30-4c44-b547-c1d352391d37/datanode-2/data/ratis/c9b88d4e-69df-42ce-8879-83f3cf13307d: created new log segment /tmp/workdir/hadoop-ozone/tools/target/test-dir/MiniOzoneClusterImpl-405d5ba7-9a30-4c44-b547-c1d352391d37/datanode-2/data/ratis/c9b88d4e-69df-42ce-8879-83f3cf13307d/current/log_inprogress_0
2019-07-09 02:22:16,295 INFO  impl.RaftServerImpl (ServerState.java:setRaftConf(361)) - 109a3129-8b65-4fcd-9264-10f0d007e1c0:group-83F3CF13307D set configuration 0: [b64db28b-0206-4f29-9222-8535a6fae465:192.168.5.159:32966, 109a3129-8b65-4fcd-9264-10f0d007e1c0:192.168.5.159:35730, 96dfd720-dcc8-4863-a21b-6217a1ce7955:192.168.5.159:44135], old=null at 0
2019-07-09 02:22:16,295 INFO  impl.RaftServerImpl (ServerState.java:setRaftConf(361)) - b64db28b-0206-4f29-9222-8535a6fae465:group-83F3CF13307D set configuration 0: [b64db28b-0206-4f29-9222-8535a6fae465:192.168.5.159:32966, 109a3129-8b65-4fcd-9264-10f0d007e1c0:192.168.5.159:35730, 96dfd720-dcc8-4863-a21b-6217a1ce7955:192.168.5.159:44135], old=null at 0
2019-07-09 02:22:16,297 INFO  segmented.SegmentedRaftLogWorker (SegmentedRaftLogWorker.java:startLogSegment(380)) - 109a3129-8b65-4fcd-9264-10f0d007e1c0-SegmentedRaftLogWorker:Storage Directory /tmp/workdir/hadoop-ozone/tools/target/test-dir/MiniOzoneClusterImpl-405d5ba7-9a30-4c44-b547-c1d352391d37/datanode-1/data/ratis/c9b88d4e-69df-42ce-8879-83f3cf13307d: Starting segment from index:0
2019-07-09 02:22:16,297 INFO  segmented.SegmentedRaftLogWorker (SegmentedRaftLogWorker.java:startLogSegment(380)) - b64db28b-0206-4f29-9222-8535a6fae465-SegmentedRaftLogWorker:Storage Directory /tmp/workdir/hadoop-ozone/tools/target/test-dir/MiniOzoneClusterImpl-405d5ba7-9a30-4c44-b547-c1d352391d37/datanode-0/data/ratis/c9b88d4e-69df-42ce-8879-83f3cf13307d: Starting segment from index:0
2019-07-09 02:22:16,333 INFO  segmented.SegmentedRaftLogWorker (SegmentedRaftLogWorker.java:execute(569)) - b64db28b-0206-4f29-9222-8535a6fae465-SegmentedRaftLogWorker:Storage Directory /tmp/workdir/hadoop-ozone/tools/target/test-dir/MiniOzoneClusterImpl-405d5ba7-9a30-4c44-b547-c1d352391d37/datanode-0/data/ratis/c9b88d4e-69df-42ce-8879-83f3cf13307d: created new log segment /tmp/workdir/hadoop-ozone/tools/target/test-dir/MiniOzoneClusterImpl-405d5ba7-9a30-4c44-b547-c1d352391d37/datanode-0/data/ratis/c9b88d4e-69df-42ce-8879-83f3cf13307d/current/log_inprogress_0
2019-07-09 02:22:16,333 INFO  segmented.SegmentedRaftLogWorker (SegmentedRaftLogWorker.java:execute(569)) - 109a3129-8b65-4fcd-9264-10f0d007e1c0-SegmentedRaftLogWorker:Storage Directory /tmp/workdir/hadoop-ozone/tools/target/test-dir/MiniOzoneClusterImpl-405d5ba7-9a30-4c44-b547-c1d352391d37/datanode-1/data/ratis/c9b88d4e-69df-42ce-8879-83f3cf13307d: created new log segment /tmp/workdir/hadoop-ozone/tools/target/test-dir/MiniOzoneClusterImpl-405d5ba7-9a30-4c44-b547-c1d352391d37/datanode-1/data/ratis/c9b88d4e-69df-42ce-8879-83f3cf13307d/current/log_inprogress_0
2019-07-09 02:22:16,453 INFO  client.GrpcClientProtocolClient (GrpcClientProtocolClient.java:onNext(255)) - client-05D2261635D7->96dfd720-dcc8-4863-a21b-6217a1ce7955: receive RaftClientReply:client-05D2261635D7->96dfd720-dcc8-4863-a21b-6217a1ce7955@group-83F3CF13307D, cid=60, SUCCESS, logIndex=1, commits[96dfd720-dcc8-4863-a21b-6217a1ce7955:c1, b64db28b-0206-4f29-9222-8535a6fae465:c0, 109a3129-8b65-4fcd-9264-10f0d007e1c0:c0]
2019-07-09 02:22:16,538 INFO  client.GrpcClientProtocolClient (GrpcClientProtocolClient.java:onNext(255)) - client-05D2261635D7->96dfd720-dcc8-4863-a21b-6217a1ce7955: receive RaftClientReply:client-05D2261635D7->96dfd720-dcc8-4863-a21b-6217a1ce7955@group-83F3CF13307D, cid=61, SUCCESS, logIndex=3, commits[96dfd720-dcc8-4863-a21b-6217a1ce7955:c8, b64db28b-0206-4f29-9222-8535a6fae465:c5, 109a3129-8b65-4fcd-9264-10f0d007e1c0:c5]
2019-07-09 02:22:16,540 INFO  client.GrpcClientProtocolClient (GrpcClientProtocolClient.java:onNext(255)) - client-05D2261635D7->96dfd720-dcc8-4863-a21b-6217a1ce7955: receive RaftClientReply:client-05D2261635D7->96dfd720-dcc8-4863-a21b-6217a1ce7955@group-83F3CF13307D, cid=62, SUCCESS, logIndex=4, commits[96dfd720-dcc8-4863-a21b-6217a1ce7955:c8, b64db28b-0206-4f29-9222-8535a6fae465:c5, 109a3129-8b65-4fcd-9264-10f0d007e1c0:c5]
2019-07-09 02:22:16,640 INFO  client.GrpcClientProtocolClient (GrpcClientProtocolClient.java:onNext(255)) - client-05D2261635D7->96dfd720-dcc8-4863-a21b-6217a1ce7955: receive RaftClientReply:client-05D2261635D7->96dfd720-dcc8-4863-a21b-6217a1ce7955@group-83F3CF13307D, cid=63, SUCCESS, logIndex=5, commits[96dfd720-dcc8-4863-a21b-6217a1ce7955:c8, b64db28b-0206-4f29-9222-8535a6fae465:c5, 109a3129-8b65-4fcd-9264-10f0d007e1c0:c5]
2019-07-09 02:22:16,674 INFO  client.GrpcClientProtocolClient (GrpcClientProtocolClient.java:onNext(255)) - client-05D2261635D7->96dfd720-dcc8-4863-a21b-6217a1ce7955: receive RaftClientReply:client-05D2261635D7->96dfd720-dcc8-4863-a21b-6217a1ce7955@group-83F3CF13307D, cid=64, SUCCESS, logIndex=9, commits[96dfd720-dcc8-4863-a21b-6217a1ce7955:c10, b64db28b-0206-4f29-9222-8535a6fae465:c8, 109a3129-8b65-4fcd-9264-10f0d007e1c0:c8]
2019-07-09 02:22:16,675 INFO  client.GrpcClientProtocolClient (GrpcClientProtocolClient.java:onNext(255)) - client-05D2261635D7->96dfd720-dcc8-4863-a21b-6217a1ce7955: receive RaftClientReply:client-05D2261635D7->96dfd720-dcc8-4863-a21b-6217a1ce7955@group-83F3CF13307D, cid=65, SUCCESS, logIndex=10, commits[96dfd720-dcc8-4863-a21b-6217a1ce7955:c10, b64db28b-0206-4f29-9222-8535a6fae465:c8, 109a3129-8b65-4fcd-9264-10f0d007e1c0:c8]
2019-07-09 02:22:16,683 INFO  client.GrpcClientProtocolClient (GrpcClientProtocolClient.java:onNext(255)) - client-05D2261635D7->96dfd720-dcc8-4863-a21b-6217a1ce7955: receive RaftClientReply:client-05D2261635D7->96dfd720-dcc8-4863-a21b-6217a1ce7955@group-83F3CF13307D, cid=66, SUCCESS, logIndex=11, commits[96dfd720-dcc8-4863-a21b-6217a1ce7955:c12, b64db28b-0206-4f29-9222-8535a6fae465:c8, 109a3129-8b65-4fcd-9264-10f0d007e1c0:c8]
2019-07-09 02:22:16,684 INFO  client.GrpcClientProtocolClient (GrpcClientProtocolClient.java:onNext(255)) - client-05D2261635D7->96dfd720-dcc8-4863-a21b-6217a1ce7955: receive RaftClientReply:client-05D2261635D7->96dfd720-dcc8-4863-a21b-6217a1ce7955@group-83F3CF13307D, cid=67, SUCCESS, logIndex=12, commits[96dfd720-dcc8-4863-a21b-6217a1ce7955:c13, b64db28b-0206-4f29-9222-8535a6fae465:c8, 109a3129-8b65-4fcd-9264-10f0d007e1c0:c9]
2019-07-09 02:22:16,690 INFO  client.GrpcClientProtocolClient (GrpcClientProtocolClient.java:onNext(255)) - client-05D2261635D7->96dfd720-dcc8-4863-a21b-6217a1ce7955: receive RaftClientReply:client-05D2261635D7->96dfd720-dcc8-4863-a21b-6217a1ce7955@group-83F3CF13307D, cid=68, SUCCESS, logIndex=0, commits[96dfd720-dcc8-4863-a21b-6217a1ce7955:c14, b64db28b-0206-4f29-9222-8535a6fae465:c10, 109a3129-8b65-4fcd-9264-10f0d007e1c0:c10]
2019-07-09 02:22:16,697 INFO  client.GrpcClientProtocolClient (GrpcClientProtocolClient.java:onNext(255)) - client-05D2261635D7->96dfd720-dcc8-4863-a21b-6217a1ce7955: receive RaftClientReply:client-05D2261635D7->96dfd720-dcc8-4863-a21b-6217a1ce7955@group-83F3CF13307D, cid=69, SUCCESS, logIndex=0, commits[96dfd720-dcc8-4863-a21b-6217a1ce7955:c15, b64db28b-0206-4f29-9222-8535a6fae465:c12, 109a3129-8b65-4fcd-9264-10f0d007e1c0:c12]
2019-07-09 02:22:16,829 INFO  client.GrpcClientProtocolClient (GrpcClientProtocolClient.java:onNext(255)) - client-05D2261635D7->96dfd720-dcc8-4863-a21b-6217a1ce7955: receive RaftClientReply:client-05D2261635D7->96dfd720-dcc8-4863-a21b-6217a1ce7955@group-83F3CF13307D, cid=70, SUCCESS, logIndex=17, commits[96dfd720-dcc8-4863-a21b-6217a1ce7955:c20, b64db28b-0206-4f29-9222-8535a6fae465:c16, 109a3129-8b65-4fcd-9264-10f0d007e1c0:c16]
2019-07-09 02:22:16,870 INFO  client.GrpcClientProtocolClient (GrpcClientProtocolClient.java:onNext(255)) - client-05D2261635D7->96dfd720-dcc8-4863-a21b-6217a1ce7955: receive RaftClientReply:client-05D2261635D7->96dfd720-dcc8-4863-a21b-6217a1ce7955@group-83F3CF13307D, cid=71, SUCCESS, logIndex=18, commits[96dfd720-dcc8-4863-a21b-6217a1ce7955:c24, b64db28b-0206-4f29-9222-8535a6fae465:c20, 109a3129-8b65-4fcd-9264-10f0d007e1c0:c20]
2019-07-09 02:22:16,871 INFO  client.GrpcClientProtocolClient (GrpcClientProtocolClient.java:onNext(255)) - client-05D2261635D7->96dfd720-dcc8-4863-a21b-6217a1ce7955: receive RaftClientReply:client-05D2261635D7->96dfd720-dcc8-4863-a21b-6217a1ce7955@group-83F3CF13307D, cid=72, SUCCESS, logIndex=19, commits[96dfd720-dcc8-4863-a21b-6217a1ce7955:c24, b64db28b-0206-4f29-9222-8535a6fae465:c20, 109a3129-8b65-4fcd-9264-10f0d007e1c0:c20]
2019-07-09 02:22:16,958 INFO  client.GrpcClientProtocolClient (GrpcClientProtocolClient.java:onNext(255)) - client-05D2261635D7->96dfd720-dcc8-4863-a21b-6217a1ce7955: receive RaftClientReply:client-05D2261635D7->96dfd720-dcc8-4863-a21b-6217a1ce7955@group-83F3CF13307D, cid=73, SUCCESS, logIndex=20, commits[96dfd720-dcc8-4863-a21b-6217a1ce7955:c24, b64db28b-0206-4f29-9222-8535a6fae465:c20, 109a3129-8b65-4fcd-9264-10f0d007e1c0:c20]
2019-07-09 02:22:17,121 INFO  client.GrpcClientProtocolClient (GrpcClientProtocolClient.java:onNext(255)) - client-05D2261635D7->96dfd720-dcc8-4863-a21b-6217a1ce7955: receive RaftClientReply:client-05D2261635D7->96dfd720-dcc8-4863-a21b-6217a1ce7955@group-83F3CF13307D, cid=74, SUCCESS, logIndex=25, commits[96dfd720-dcc8-4863-a21b-6217a1ce7955:c26, b64db28b-0206-4f29-9222-8535a6fae465:c24, 109a3129-8b65-4fcd-9264-10f0d007e1c0:c24]
2019-07-09 02:22:17,122 INFO  client.GrpcClientProtocolClient (GrpcClientProtocolClient.java:onNext(255)) - client-05D2261635D7->96dfd720-dcc8-4863-a21b-6217a1ce7955: receive RaftClientReply:client-05D2261635D7->96dfd720-dcc8-4863-a21b-6217a1ce7955@group-83F3CF13307D, cid=75, SUCCESS, logIndex=26, commits[96dfd720-dcc8-4863-a21b-6217a1ce7955:c26, b64db28b-0206-4f29-9222-8535a6fae465:c24, 109a3129-8b65-4fcd-9264-10f0d007e1c0:c24]
2019-07-09 02:22:17,130 INFO  client.GrpcClientProtocolClient (GrpcClientProtocolClient.java:onNext(255)) - client-05D2261635D7->96dfd720-dcc8-4863-a21b-6217a1ce7955: receive RaftClientReply:client-05D2261635D7->96dfd720-dcc8-4863-a21b-6217a1ce7955@group-83F3CF13307D, cid=76, SUCCESS, logIndex=27, commits[96dfd720-dcc8-4863-a21b-6217a1ce7955:c28, b64db28b-0206-4f29-9222-8535a6fae465:c24, 109a3129-8b65-4fcd-9264-10f0d007e1c0:c24]
2019-07-09 02:22:17,131 INFO  client.GrpcClientProtocolClient (GrpcClientProtocolClient.java:onNext(255)) - client-05D2261635D7->96dfd720-dcc8-4863-a21b-6217a1ce7955: receive RaftClientReply:client-05D2261635D7->96dfd720-dcc8-4863-a21b-6217a1ce7955@group-83F3CF13307D, cid=77, SUCCESS, logIndex=28, commits[96dfd720-dcc8-4863-a21b-6217a1ce7955:c28, b64db28b-0206-4f29-9222-8535a6fae465:c24, 109a3129-8b65-4fcd-9264-10f0d007e1c0:c24]
2019-07-09 02:22:17,143 INFO  client.GrpcClientProtocolClient (GrpcClientProtocolClient.java:onNext(255)) - client-05D2261635D7->96dfd720-dcc8-4863-a21b-6217a1ce7955: receive RaftClientReply:client-05D2261635D7->96dfd720-dcc8-4863-a21b-6217a1ce7955@group-83F3CF13307D, cid=78, SUCCESS, logIndex=0, commits[96dfd720-dcc8-4863-a21b-6217a1ce7955:c30, b64db28b-0206-4f29-9222-8535a6fae465:c26, 109a3129-8b65-4fcd-9264-10f0d007e1c0:c26]
2019-07-09 02:22:17,152 INFO  client.GrpcClientProtocolClient (GrpcClientProtocolClient.java:onNext(255)) - client-05D2261635D7->96dfd720-dcc8-4863-a21b-6217a1ce7955: receive RaftClientReply:client-05D2261635D7->96dfd720-dcc8-4863-a21b-6217a1ce7955@group-83F3CF13307D, cid=79, SUCCESS, logIndex=0, commits[96dfd720-dcc8-4863-a21b-6217a1ce7955:c31, b64db28b-0206-4f29-9222-8535a6fae465:c28, 109a3129-8b65-4fcd-9264-10f0d007e1c0:c28]
2019-07-09 02:22:17,163 INFO  keyvalue.KeyValueHandler (ContainerUtils.java:logAndReturnError(146)) - Operation: CreateContainer : Trace ID: 6de8e602f13106a9:621d938d84bbe1b3:326174ef15a15c97:0 : Message: Container creation failed, due to disk out of space : Result: DISK_OUT_OF_SPACE
2019-07-09 02:22:17,169 INFO  keyvalue.KeyValueHandler (ContainerUtils.java:logAndReturnError(146)) - Operation: CreateContainer : Trace ID: 6de8e602f13106a9:30f0b80fcefff399:326174ef15a15c97:0 : Message: Container creation failed, due to disk out of space : Result: DISK_OUT_OF_SPACE
2019-07-09 02:22:17,171 INFO  keyvalue.KeyValueHandler (ContainerUtils.java:logAndReturnError(146)) - Operation: CreateContainer : Trace ID: 6de8e602f13106a9:621d938d84bbe1b3:326174ef15a15c97:0 : Message: Container creation failed, due to disk out of space : Result: DISK_OUT_OF_SPACE
2019-07-09 02:22:17,171 INFO  keyvalue.KeyValueHandler (ContainerUtils.java:logAndReturnError(146)) - Operation: CreateContainer : Trace ID: 6de8e602f13106a9:621d938d84bbe1b3:326174ef15a15c97:0 : Message: Container creation failed, due to disk out of space : Result: DISK_OUT_OF_SPACE
2019-07-09 02:22:17,176 INFO  keyvalue.KeyValueHandler (ContainerUtils.java:logAndReturnError(146)) - Operation: CreateContainer : Trace ID: 6de8e602f13106a9:30f0b80fcefff399:326174ef15a15c97:0 : Message: Container creation failed, due to disk out of space : Result: DISK_OUT_OF_SPACE
2019-07-09 02:22:17,176 INFO  keyvalue.KeyValueHandler (ContainerUtils.java:logAndReturnError(146)) - Operation: CreateContainer : Trace ID: 6de8e602f13106a9:30f0b80fcefff399:326174ef15a15c97:0 : Message: Container creation failed, due to disk out of space : Result: DISK_OUT_OF_SPACE
02:22:17.171 [pool-47-thread-29] ERROR DNAudit - user=null | ip=null | op=WRITE_CHUNK {blockData=conID: 6 locID: 102409105260478473 bcsId: 0} | ret=FAILURE
org.apache.hadoop.hdds.scm.container.common.helpers.StorageContainerException: ContainerID 6 creation failed
	at org.apache.hadoop.ozone.container.common.impl.HddsDispatcher.dispatchRequest(HddsDispatcher.java:227) ~[classes/:?]
	at org.apache.hadoop.ozone.container.common.impl.HddsDispatcher.dispatch(HddsDispatcher.java:148) ~[classes/:?]
	at org.apache.hadoop.ozone.container.common.transport.server.ratis.ContainerStateMachine.dispatchCommand(ContainerStateMachine.java:346) ~[classes/:?]
	at org.apache.hadoop.ozone.container.common.transport.server.ratis.ContainerStateMachine.runCommand(ContainerStateMachine.java:353) ~[classes/:?]
	at org.apache.hadoop.ozone.container.common.transport.server.ratis.ContainerStateMachine.lambda$handleWriteChunk$0(ContainerStateMachine.java:384) ~[classes/:?]
	at java.util.concurrent.CompletableFuture$AsyncSupply.run(CompletableFuture.java:1590) [?:1.8.0_212]
	at java.util.concurrent.ThreadPoolExecutor.runWorker(ThreadPoolExecutor.java:1149) [?:1.8.0_212]
	at java.util.concurrent.ThreadPoolExecutor$Worker.run(ThreadPoolExecutor.java:624) [?:1.8.0_212]
	at java.lang.Thread.run(Thread.java:748) [?:1.8.0_212]
02:22:17.176 [pool-47-thread-30] ERROR DNAudit - user=null | ip=null | op=WRITE_CHUNK {blockData=conID: 6 locID: 102409105260478473 bcsId: 0} | ret=FAILURE
org.apache.hadoop.hdds.scm.container.common.helpers.StorageContainerException: ContainerID 6 creation failed
	at org.apache.hadoop.ozone.container.common.impl.HddsDispatcher.dispatchRequest(HddsDispatcher.java:227) ~[classes/:?]
	at org.apache.hadoop.ozone.container.common.impl.HddsDispatcher.dispatch(HddsDispatcher.java:148) ~[classes/:?]
	at org.apache.hadoop.ozone.container.common.transport.server.ratis.ContainerStateMachine.dispatchCommand(ContainerStateMachine.java:346) ~[classes/:?]
	at org.apache.hadoop.ozone.container.common.transport.server.ratis.ContainerStateMachine.runCommand(ContainerStateMachine.java:353) ~[classes/:?]
	at org.apache.hadoop.ozone.container.common.transport.server.ratis.ContainerStateMachine.lambda$handleWriteChunk$0(ContainerStateMachine.java:384) ~[classes/:?]
	at java.util.concurrent.CompletableFuture$AsyncSupply.run(CompletableFuture.java:1590) [?:1.8.0_212]
	at java.util.concurrent.ThreadPoolExecutor.runWorker(ThreadPoolExecutor.java:1149) [?:1.8.0_212]
	at java.util.concurrent.ThreadPoolExecutor$Worker.run(ThreadPoolExecutor.java:624) [?:1.8.0_212]
	at java.lang.Thread.run(Thread.java:748) [?:1.8.0_212]
02:22:17.171 [pool-26-thread-7] ERROR DNAudit - user=null | ip=null | op=WRITE_CHUNK {blockData=conID: 6 locID: 102409105260478473 bcsId: 0} | ret=FAILURE
org.apache.hadoop.hdds.scm.container.common.helpers.StorageContainerException: ContainerID 6 creation failed
	at org.apache.hadoop.ozone.container.common.impl.HddsDispatcher.dispatchRequest(HddsDispatcher.java:227) ~[classes/:?]
	at org.apache.hadoop.ozone.container.common.impl.HddsDispatcher.dispatch(HddsDispatcher.java:148) ~[classes/:?]
	at org.apache.hadoop.ozone.container.common.transport.server.ratis.ContainerStateMachine.dispatchCommand(ContainerStateMachine.java:346) ~[classes/:?]
	at org.apache.hadoop.ozone.container.common.transport.server.ratis.ContainerStateMachine.runCommand(ContainerStateMachine.java:353) ~[classes/:?]
	at org.apache.hadoop.ozone.container.common.transport.server.ratis.ContainerStateMachine.lambda$handleWriteChunk$0(ContainerStateMachine.java:384) ~[classes/:?]
	at java.util.concurrent.CompletableFuture$AsyncSupply.run(CompletableFuture.java:1590) [?:1.8.0_212]
	at java.util.concurrent.ThreadPoolExecutor.runWorker(ThreadPoolExecutor.java:1149) [?:1.8.0_212]
	at java.util.concurrent.ThreadPoolExecutor$Worker.run(ThreadPoolExecutor.java:624) [?:1.8.0_212]
	at java.lang.Thread.run(Thread.java:748) [?:1.8.0_212]
02:22:17.176 [pool-26-thread-11] ERROR DNAudit - user=null | ip=null | op=WRITE_CHUNK {blockData=conID: 6 locID: 102409105260478473 bcsId: 0} | ret=FAILURE
org.apache.hadoop.hdds.scm.container.common.helpers.StorageContainerException: ContainerID 6 creation failed
	at org.apache.hadoop.ozone.container.common.impl.HddsDispatcher.dispatchRequest(HddsDispatcher.java:227) ~[classes/:?]
	at org.apache.hadoop.ozone.container.common.impl.HddsDispatcher.dispatch(HddsDispatcher.java:148) ~[classes/:?]
	at org.apache.hadoop.ozone.container.common.transport.server.ratis.ContainerStateMachine.dispatchCommand(ContainerStateMachine.java:346) ~[classes/:?]
	at org.apache.hadoop.ozone.container.common.transport.server.ratis.ContainerStateMachine.runCommand(ContainerStateMachine.java:353) ~[classes/:?]
	at org.apache.hadoop.ozone.container.common.transport.server.ratis.ContainerStateMachine.lambda$handleWriteChunk$0(ContainerStateMachine.java:384) ~[classes/:?]
	at java.util.concurrent.CompletableFuture$AsyncSupply.run(CompletableFuture.java:1590) [?:1.8.0_212]
	at java.util.concurrent.ThreadPoolExecutor.runWorker(ThreadPoolExecutor.java:1149) [?:1.8.0_212]
	at java.util.concurrent.ThreadPoolExecutor$Worker.run(ThreadPoolExecutor.java:624) [?:1.8.0_212]
	at java.lang.Thread.run(Thread.java:748) [?:1.8.0_212]
02:22:17.171 [pool-68-thread-48] ERROR DNAudit - user=null | ip=null | op=WRITE_CHUNK {blockData=conID: 6 locID: 102409105260478473 bcsId: 0} | ret=FAILURE
org.apache.hadoop.hdds.scm.container.common.helpers.StorageContainerException: ContainerID 6 creation failed
	at org.apache.hadoop.ozone.container.common.impl.HddsDispatcher.dispatchRequest(HddsDispatcher.java:227) ~[classes/:?]
	at org.apache.hadoop.ozone.container.common.impl.HddsDispatcher.dispatch(HddsDispatcher.java:148) ~[classes/:?]
	at org.apache.hadoop.ozone.container.common.transport.server.ratis.ContainerStateMachine.dispatchCommand(ContainerStateMachine.java:346) ~[classes/:?]
	at org.apache.hadoop.ozone.container.common.transport.server.ratis.ContainerStateMachine.runCommand(ContainerStateMachine.java:353) ~[classes/:?]
	at org.apache.hadoop.ozone.container.common.transport.server.ratis.ContainerStateMachine.lambda$handleWriteChunk$0(ContainerStateMachine.java:384) ~[classes/:?]
	at java.util.concurrent.CompletableFuture$AsyncSupply.run(CompletableFuture.java:1590) [?:1.8.0_212]
	at java.util.concurrent.ThreadPoolExecutor.runWorker(ThreadPoolExecutor.java:1149) [?:1.8.0_212]
	at java.util.concurrent.ThreadPoolExecutor$Worker.run(ThreadPoolExecutor.java:624) [?:1.8.0_212]
	at java.lang.Thread.run(Thread.java:748) [?:1.8.0_212]
02:22:17.166 [pool-68-thread-45] ERROR DNAudit - user=null | ip=null | op=WRITE_CHUNK {blockData=conID: 6 locID: 102409105260478473 bcsId: 0} | ret=FAILURE
org.apache.hadoop.hdds.scm.container.common.helpers.StorageContainerException: ContainerID 6 creation failed
	at org.apache.hadoop.ozone.container.common.impl.HddsDispatcher.dispatchRequest(HddsDispatcher.java:227) ~[classes/:?]
	at org.apache.hadoop.ozone.container.common.impl.HddsDispatcher.dispatch(HddsDispatcher.java:148) ~[classes/:?]
	at org.apache.hadoop.ozone.container.common.transport.server.ratis.ContainerStateMachine.dispatchCommand(ContainerStateMachine.java:346) ~[classes/:?]
	at org.apache.hadoop.ozone.container.common.transport.server.ratis.ContainerStateMachine.runCommand(ContainerStateMachine.java:353) ~[classes/:?]
	at org.apache.hadoop.ozone.container.common.transport.server.ratis.ContainerStateMachine.lambda$handleWriteChunk$0(ContainerStateMachine.java:384) ~[classes/:?]
	at java.util.concurrent.CompletableFuture$AsyncSupply.run(CompletableFuture.java:1590) [?:1.8.0_212]
	at java.util.concurrent.ThreadPoolExecutor.runWorker(ThreadPoolExecutor.java:1149) [?:1.8.0_212]
	at java.util.concurrent.ThreadPoolExecutor$Worker.run(ThreadPoolExecutor.java:624) [?:1.8.0_212]
	at java.lang.Thread.run(Thread.java:748) [?:1.8.0_212]
2019-07-09 02:22:17,184 INFO  impl.HddsDispatcher (ContainerUtils.java:logAndReturnError(146)) - Operation: WriteChunk : Trace ID: 6de8e602f13106a9:621d938d84bbe1b3:326174ef15a15c97:0 : Message: ContainerID 6 creation failed : Result: DISK_OUT_OF_SPACE
2019-07-09 02:22:17,185 INFO  impl.HddsDispatcher (ContainerUtils.java:logAndReturnError(146)) - Operation: WriteChunk : Trace ID: 6de8e602f13106a9:30f0b80fcefff399:326174ef15a15c97:0 : Message: ContainerID 6 creation failed : Result: DISK_OUT_OF_SPACE
2019-07-09 02:22:17,184 INFO  impl.HddsDispatcher (ContainerUtils.java:logAndReturnError(146)) - Operation: WriteChunk : Trace ID: 6de8e602f13106a9:30f0b80fcefff399:326174ef15a15c97:0 : Message: ContainerID 6 creation failed : Result: DISK_OUT_OF_SPACE
2019-07-09 02:22:17,185 INFO  impl.HddsDispatcher (ContainerUtils.java:logAndReturnError(146)) - Operation: WriteChunk : Trace ID: 6de8e602f13106a9:621d938d84bbe1b3:326174ef15a15c97:0 : Message: ContainerID 6 creation failed : Result: DISK_OUT_OF_SPACE
2019-07-09 02:22:17,185 INFO  impl.HddsDispatcher (ContainerUtils.java:logAndReturnError(146)) - Operation: WriteChunk : Trace ID: 6de8e602f13106a9:621d938d84bbe1b3:326174ef15a15c97:0 : Message: ContainerID 6 creation failed : Result: DISK_OUT_OF_SPACE
2019-07-09 02:22:17,185 INFO  impl.HddsDispatcher (ContainerUtils.java:logAndReturnError(146)) - Operation: WriteChunk : Trace ID: 6de8e602f13106a9:30f0b80fcefff399:326174ef15a15c97:0 : Message: ContainerID 6 creation failed : Result: DISK_OUT_OF_SPACE
02:22:17.190 [pool-75-thread-1] ERROR DNAudit - user=null | ip=null | op=WRITE_CHUNK {blockData=conID: 6 locID: 102409105260478473 bcsId: 0} | ret=FAILURE
org.apache.hadoop.hdds.scm.container.common.helpers.StorageContainerException: ContainerID 6 does not exist
	at org.apache.hadoop.ozone.container.common.impl.HddsDispatcher.dispatchRequest(HddsDispatcher.java:242) ~[classes/:?]
	at org.apache.hadoop.ozone.container.common.impl.HddsDispatcher.dispatch(HddsDispatcher.java:148) ~[classes/:?]
	at org.apache.hadoop.ozone.container.common.transport.server.ratis.ContainerStateMachine.dispatchCommand(ContainerStateMachine.java:346) ~[classes/:?]
	at org.apache.hadoop.ozone.container.common.transport.server.ratis.ContainerStateMachine.runCommand(ContainerStateMachine.java:353) ~[classes/:?]
	at org.apache.hadoop.ozone.container.common.transport.server.ratis.ContainerStateMachine.lambda$applyTransaction$5(ContainerStateMachine.java:620) ~[classes/:?]
	at java.util.concurrent.CompletableFuture$AsyncSupply.run(CompletableFuture.java:1590) [?:1.8.0_212]
	at java.util.concurrent.ThreadPoolExecutor.runWorker(ThreadPoolExecutor.java:1149) [?:1.8.0_212]
	at java.util.concurrent.ThreadPoolExecutor$Worker.run(ThreadPoolExecutor.java:624) [?:1.8.0_212]
	at java.lang.Thread.run(Thread.java:748) [?:1.8.0_212]
2019-07-09 02:22:17,191 INFO  impl.HddsDispatcher (ContainerUtils.java:logAndReturnError(146)) - Operation: WriteChunk : Trace ID: 6de8e602f13106a9:621d938d84bbe1b3:326174ef15a15c97:0 : Message: ContainerID 6 does not exist : Result: CONTAINER_NOT_FOUND
02:22:17.191 [pool-75-thread-1] ERROR DNAudit - user=null | ip=null | op=PUT_BLOCK {blockData=[blockId=conID: 6 locID: 102409105260478473 bcsId: 0,size=1048576]} | ret=FAILURE
org.apache.hadoop.hdds.scm.container.common.helpers.StorageContainerException: ContainerID 6 does not exist
	at org.apache.hadoop.ozone.container.common.impl.HddsDispatcher.dispatchRequest(HddsDispatcher.java:242) ~[classes/:?]
	at org.apache.hadoop.ozone.container.common.impl.HddsDispatcher.dispatch(HddsDispatcher.java:148) ~[classes/:?]
	at org.apache.hadoop.ozone.container.common.transport.server.ratis.ContainerStateMachine.dispatchCommand(ContainerStateMachine.java:346) ~[classes/:?]
	at org.apache.hadoop.ozone.container.common.transport.server.ratis.ContainerStateMachine.runCommand(ContainerStateMachine.java:353) ~[classes/:?]
	at org.apache.hadoop.ozone.container.common.transport.server.ratis.ContainerStateMachine.lambda$applyTransaction$5(ContainerStateMachine.java:620) ~[classes/:?]
	at java.util.concurrent.CompletableFuture$AsyncSupply.run(CompletableFuture.java:1590) [?:1.8.0_212]
	at java.util.concurrent.ThreadPoolExecutor.runWorker(ThreadPoolExecutor.java:1149) [?:1.8.0_212]
	at java.util.concurrent.ThreadPoolExecutor$Worker.run(ThreadPoolExecutor.java:624) [?:1.8.0_212]
	at java.lang.Thread.run(Thread.java:748) [?:1.8.0_212]
2019-07-09 02:22:17,192 INFO  impl.HddsDispatcher (ContainerUtils.java:logAndReturnError(146)) - Operation: PutBlock : Trace ID: 6de8e602f13106a9:f4fed0b543006a23:326174ef15a15c97:0 : Message: ContainerID 6 does not exist : Result: CONTAINER_NOT_FOUND
2019-07-09 02:22:17,192 INFO  client.GrpcClientProtocolClient (GrpcClientProtocolClient.java:onNext(255)) - client-05D2261635D7->96dfd720-dcc8-4863-a21b-6217a1ce7955: receive RaftClientReply:client-05D2261635D7->96dfd720-dcc8-4863-a21b-6217a1ce7955@group-83F3CF13307D, cid=80, SUCCESS, logIndex=33, commits[96dfd720-dcc8-4863-a21b-6217a1ce7955:c36, b64db28b-0206-4f29-9222-8535a6fae465:c32, 109a3129-8b65-4fcd-9264-10f0d007e1c0:c32]
02:22:17.192 [pool-75-thread-1] ERROR DNAudit - user=null | ip=null | op=WRITE_CHUNK {blockData=conID: 6 locID: 102409105260478473 bcsId: 0} | ret=FAILURE
org.apache.hadoop.hdds.scm.container.common.helpers.StorageContainerException: ContainerID 6 does not exist
	at org.apache.hadoop.ozone.container.common.impl.HddsDispatcher.dispatchRequest(HddsDispatcher.java:242) ~[classes/:?]
	at org.apache.hadoop.ozone.container.common.impl.HddsDispatcher.dispatch(HddsDispatcher.java:148) ~[classes/:?]
	at org.apache.hadoop.ozone.container.common.transport.server.ratis.ContainerStateMachine.dispatchCommand(ContainerStateMachine.java:346) ~[classes/:?]
	at org.apache.hadoop.ozone.container.common.transport.server.ratis.ContainerStateMachine.runCommand(ContainerStateMachine.java:353) ~[classes/:?]
	at org.apache.hadoop.ozone.container.common.transport.server.ratis.ContainerStateMachine.lambda$applyTransaction$5(ContainerStateMachine.java:620) ~[classes/:?]
	at java.util.concurrent.CompletableFuture$AsyncSupply.run(CompletableFuture.java:1590) [?:1.8.0_212]
	at java.util.concurrent.ThreadPoolExecutor.runWorker(ThreadPoolExecutor.java:1149) [?:1.8.0_212]
	at java.util.concurrent.ThreadPoolExecutor$Worker.run(ThreadPoolExecutor.java:624) [?:1.8.0_212]
	at java.lang.Thread.run(Thread.java:748) [?:1.8.0_212]
2019-07-09 02:22:17,193 INFO  impl.HddsDispatcher (ContainerUtils.java:logAndReturnError(146)) - Operation: WriteChunk : Trace ID: 6de8e602f13106a9:30f0b80fcefff399:326174ef15a15c97:0 : Message: ContainerID 6 does not exist : Result: CONTAINER_NOT_FOUND
2019-07-09 02:22:17,193 INFO  client.GrpcClientProtocolClient (GrpcClientProtocolClient.java:onNext(255)) - client-05D2261635D7->96dfd720-dcc8-4863-a21b-6217a1ce7955: receive RaftClientReply:client-05D2261635D7->96dfd720-dcc8-4863-a21b-6217a1ce7955@group-83F3CF13307D, cid=81, SUCCESS, logIndex=34, commits[96dfd720-dcc8-4863-a21b-6217a1ce7955:c36, b64db28b-0206-4f29-9222-8535a6fae465:c32, 109a3129-8b65-4fcd-9264-10f0d007e1c0:c32]
02:22:17.193 [pool-75-thread-1] ERROR DNAudit - user=null | ip=null | op=PUT_BLOCK {blockData=[blockId=conID: 6 locID: 102409105260478473 bcsId: 0,size=2097152]} | ret=FAILURE
org.apache.hadoop.hdds.scm.container.common.helpers.StorageContainerException: ContainerID 6 does not exist
	at org.apache.hadoop.ozone.container.common.impl.HddsDispatcher.dispatchRequest(HddsDispatcher.java:242) ~[classes/:?]
	at org.apache.hadoop.ozone.container.common.impl.HddsDispatcher.dispatch(HddsDispatcher.java:148) ~[classes/:?]
	at org.apache.hadoop.ozone.container.common.transport.server.ratis.ContainerStateMachine.dispatchCommand(ContainerStateMachine.java:346) ~[classes/:?]
	at org.apache.hadoop.ozone.container.common.transport.server.ratis.ContainerStateMachine.runCommand(ContainerStateMachine.java:353) ~[classes/:?]
	at org.apache.hadoop.ozone.container.common.transport.server.ratis.ContainerStateMachine.lambda$applyTransaction$5(ContainerStateMachine.java:620) ~[classes/:?]
	at java.util.concurrent.CompletableFuture$AsyncSupply.run(CompletableFuture.java:1590) [?:1.8.0_212]
	at java.util.concurrent.ThreadPoolExecutor.runWorker(ThreadPoolExecutor.java:1149) [?:1.8.0_212]
	at java.util.concurrent.ThreadPoolExecutor$Worker.run(ThreadPoolExecutor.java:624) [?:1.8.0_212]
	at java.lang.Thread.run(Thread.java:748) [?:1.8.0_212]
2019-07-09 02:22:17,194 INFO  impl.HddsDispatcher (ContainerUtils.java:logAndReturnError(146)) - Operation: PutBlock : Trace ID: 6de8e602f13106a9:9caafa2202c989a2:326174ef15a15c97:0 : Message: ContainerID 6 does not exist : Result: CONTAINER_NOT_FOUND
2019-07-09 02:22:17,194 INFO  client.GrpcClientProtocolClient (GrpcClientProtocolClient.java:onNext(255)) - client-05D2261635D7->96dfd720-dcc8-4863-a21b-6217a1ce7955: receive RaftClientReply:client-05D2261635D7->96dfd720-dcc8-4863-a21b-6217a1ce7955@group-83F3CF13307D, cid=82, SUCCESS, logIndex=35, commits[96dfd720-dcc8-4863-a21b-6217a1ce7955:c36, b64db28b-0206-4f29-9222-8535a6fae465:c32, 109a3129-8b65-4fcd-9264-10f0d007e1c0:c32]
2019-07-09 02:22:17,194 ERROR storage.BlockOutputStream (BlockOutputStream.java:validateResponse(538)) - Unexpected Storage Container Exception: 
org.apache.hadoop.hdds.scm.container.common.helpers.StorageContainerException: ContainerID 6 does not exist
	at org.apache.hadoop.hdds.scm.storage.ContainerProtocolCalls.validateContainerResponse(ContainerProtocolCalls.java:536)
	at org.apache.hadoop.hdds.scm.storage.BlockOutputStream.validateResponse(BlockOutputStream.java:536)
	at org.apache.hadoop.hdds.scm.storage.BlockOutputStream.lambda$writeChunkToContainer$2(BlockOutputStream.java:614)
	at java.util.concurrent.CompletableFuture.uniApply(CompletableFuture.java:602)
	at java.util.concurrent.CompletableFuture$UniApply.tryFire(CompletableFuture.java:577)
	at java.util.concurrent.CompletableFuture$Completion.run(CompletableFuture.java:442)
	at java.util.concurrent.ThreadPoolExecutor.runWorker(ThreadPoolExecutor.java:1149)
	at java.util.concurrent.ThreadPoolExecutor$Worker.run(ThreadPoolExecutor.java:624)
	at java.lang.Thread.run(Thread.java:748)
2019-07-09 02:22:17,195 INFO  client.GrpcClientProtocolClient (GrpcClientProtocolClient.java:onNext(255)) - client-05D2261635D7->96dfd720-dcc8-4863-a21b-6217a1ce7955: receive RaftClientReply:client-05D2261635D7->96dfd720-dcc8-4863-a21b-6217a1ce7955@group-83F3CF13307D, cid=83, SUCCESS, logIndex=36, commits[96dfd720-dcc8-4863-a21b-6217a1ce7955:c36, b64db28b-0206-4f29-9222-8535a6fae465:c32, 109a3129-8b65-4fcd-9264-10f0d007e1c0:c32]
2019-07-09 02:22:17,199 ERROR freon.RandomKeyGenerator (RandomKeyGenerator.java:run(718)) - Exception while adding key: key-0-17105 in bucket: bucket-0-98475 of volume: vol-0-28600.
java.io.IOException: Unexpected Storage Container Exception: org.apache.hadoop.hdds.scm.container.common.helpers.StorageContainerException: ContainerID 6 does not exist
	at org.apache.hadoop.hdds.scm.storage.BlockOutputStream.setIoException(BlockOutputStream.java:548)
	at org.apache.hadoop.hdds.scm.storage.BlockOutputStream.validateResponse(BlockOutputStream.java:539)
	at org.apache.hadoop.hdds.scm.storage.BlockOutputStream.lambda$writeChunkToContainer$2(BlockOutputStream.java:614)
	at java.util.concurrent.CompletableFuture.uniApply(CompletableFuture.java:602)
	at java.util.concurrent.CompletableFuture$UniApply.tryFire(CompletableFuture.java:577)
	at java.util.concurrent.CompletableFuture$Completion.run(CompletableFuture.java:442)
	at java.util.concurrent.ThreadPoolExecutor.runWorker(ThreadPoolExecutor.java:1149)
	at java.util.concurrent.ThreadPoolExecutor$Worker.run(ThreadPoolExecutor.java:624)
	at java.lang.Thread.run(Thread.java:748)
Caused by: org.apache.hadoop.hdds.scm.container.common.helpers.StorageContainerException: ContainerID 6 does not exist
	at org.apache.hadoop.hdds.scm.storage.ContainerProtocolCalls.validateContainerResponse(ContainerProtocolCalls.java:536)
	at org.apache.hadoop.hdds.scm.storage.BlockOutputStream.validateResponse(BlockOutputStream.java:536)
	... 7 more
02:22:17.201 [pool-54-thread-1] ERROR DNAudit - user=null | ip=null | op=WRITE_CHUNK {blockData=conID: 6 locID: 102409105260478473 bcsId: 0} | ret=FAILURE
org.apache.hadoop.hdds.scm.container.common.helpers.StorageContainerException: ContainerID 6 does not exist
	at org.apache.hadoop.ozone.container.common.impl.HddsDispatcher.dispatchRequest(HddsDispatcher.java:242) ~[classes/:?]
	at org.apache.hadoop.ozone.container.common.impl.HddsDispatcher.dispatch(HddsDispatcher.java:148) ~[classes/:?]
	at org.apache.hadoop.ozone.container.common.transport.server.ratis.ContainerStateMachine.dispatchCommand(ContainerStateMachine.java:346) ~[classes/:?]
	at org.apache.hadoop.ozone.container.common.transport.server.ratis.ContainerStateMachine.runCommand(ContainerStateMachine.java:353) ~[classes/:?]
	at org.apache.hadoop.ozone.container.common.transport.server.ratis.ContainerStateMachine.lambda$applyTransaction$5(ContainerStateMachine.java:620) ~[classes/:?]
	at java.util.concurrent.CompletableFuture$AsyncSupply.run(CompletableFuture.java:1590) [?:1.8.0_212]
	at java.util.concurrent.ThreadPoolExecutor.runWorker(ThreadPoolExecutor.java:1149) [?:1.8.0_212]
	at java.util.concurrent.ThreadPoolExecutor$Worker.run(ThreadPoolExecutor.java:624) [?:1.8.0_212]
	at java.lang.Thread.run(Thread.java:748) [?:1.8.0_212]
2019-07-09 02:22:17,201 INFO  impl.HddsDispatcher (ContainerUtils.java:logAndReturnError(146)) - Operation: WriteChunk : Trace ID: 6de8e602f13106a9:621d938d84bbe1b3:326174ef15a15c97:0 : Message: ContainerID 6 does not exist : Result: CONTAINER_NOT_FOUND
02:22:17.201 [pool-33-thread-1] ERROR DNAudit - user=null | ip=null | op=WRITE_CHUNK {blockData=conID: 6 locID: 102409105260478473 bcsId: 0} | ret=FAILURE
org.apache.hadoop.hdds.scm.container.common.helpers.StorageContainerException: ContainerID 6 does not exist
	at org.apache.hadoop.ozone.container.common.impl.HddsDispatcher.dispatchRequest(HddsDispatcher.java:242) ~[classes/:?]
	at org.apache.hadoop.ozone.container.common.impl.HddsDispatcher.dispatch(HddsDispatcher.java:148) ~[classes/:?]
	at org.apache.hadoop.ozone.container.common.transport.server.ratis.ContainerStateMachine.dispatchCommand(ContainerStateMachine.java:346) ~[classes/:?]
	at org.apache.hadoop.ozone.container.common.transport.server.ratis.ContainerStateMachine.runCommand(ContainerStateMachine.java:353) ~[classes/:?]
	at org.apache.hadoop.ozone.container.common.transport.server.ratis.ContainerStateMachine.lambda$applyTransaction$5(ContainerStateMachine.java:620) ~[classes/:?]
	at java.util.concurrent.CompletableFuture$AsyncSupply.run(CompletableFuture.java:1590) [?:1.8.0_212]
	at java.util.concurrent.ThreadPoolExecutor.runWorker(ThreadPoolExecutor.java:1149) [?:1.8.0_212]
	at java.util.concurrent.ThreadPoolExecutor$Worker.run(ThreadPoolExecutor.java:624) [?:1.8.0_212]
	at java.lang.Thread.run(Thread.java:748) [?:1.8.0_212]
2019-07-09 02:22:17,202 INFO  impl.HddsDispatcher (ContainerUtils.java:logAndReturnError(146)) - Operation: WriteChunk : Trace ID: 6de8e602f13106a9:621d938d84bbe1b3:326174ef15a15c97:0 : Message: ContainerID 6 does not exist : Result: CONTAINER_NOT_FOUND
02:22:17.202 [pool-54-thread-1] ERROR DNAudit - user=null | ip=null | op=PUT_BLOCK {blockData=[blockId=conID: 6 locID: 102409105260478473 bcsId: 0,size=1048576]} | ret=FAILURE
org.apache.hadoop.hdds.scm.container.common.helpers.StorageContainerException: ContainerID 6 does not exist
	at org.apache.hadoop.ozone.container.common.impl.HddsDispatcher.dispatchRequest(HddsDispatcher.java:242) ~[classes/:?]
	at org.apache.hadoop.ozone.container.common.impl.HddsDispatcher.dispatch(HddsDispatcher.java:148) ~[classes/:?]
	at org.apache.hadoop.ozone.container.common.transport.server.ratis.ContainerStateMachine.dispatchCommand(ContainerStateMachine.java:346) ~[classes/:?]
	at org.apache.hadoop.ozone.container.common.transport.server.ratis.ContainerStateMachine.runCommand(ContainerStateMachine.java:353) ~[classes/:?]
	at org.apache.hadoop.ozone.container.common.transport.server.ratis.ContainerStateMachine.lambda$applyTransaction$5(ContainerStateMachine.java:620) ~[classes/:?]
	at java.util.concurrent.CompletableFuture$AsyncSupply.run(CompletableFuture.java:1590) [?:1.8.0_212]
	at java.util.concurrent.ThreadPoolExecutor.runWorker(ThreadPoolExecutor.java:1149) [?:1.8.0_212]
	at java.util.concurrent.ThreadPoolExecutor$Worker.run(ThreadPoolExecutor.java:624) [?:1.8.0_212]
	at java.lang.Thread.run(Thread.java:748) [?:1.8.0_212]
2019-07-09 02:22:17,202 INFO  impl.HddsDispatcher (ContainerUtils.java:logAndReturnError(146)) - Operation: PutBlock : Trace ID: 6de8e602f13106a9:f4fed0b543006a23:326174ef15a15c97:0 : Message: ContainerID 6 does not exist : Result: CONTAINER_NOT_FOUND
02:22:17.202 [pool-33-thread-1] ERROR DNAudit - user=null | ip=null | op=PUT_BLOCK {blockData=[blockId=conID: 6 locID: 102409105260478473 bcsId: 0,size=1048576]} | ret=FAILURE
org.apache.hadoop.hdds.scm.container.common.helpers.StorageContainerException: ContainerID 6 does not exist
	at org.apache.hadoop.ozone.container.common.impl.HddsDispatcher.dispatchRequest(HddsDispatcher.java:242) ~[classes/:?]
	at org.apache.hadoop.ozone.container.common.impl.HddsDispatcher.dispatch(HddsDispatcher.java:148) ~[classes/:?]
	at org.apache.hadoop.ozone.container.common.transport.server.ratis.ContainerStateMachine.dispatchCommand(ContainerStateMachine.java:346) ~[classes/:?]
	at org.apache.hadoop.ozone.container.common.transport.server.ratis.ContainerStateMachine.runCommand(ContainerStateMachine.java:353) ~[classes/:?]
	at org.apache.hadoop.ozone.container.common.transport.server.ratis.ContainerStateMachine.lambda$applyTransaction$5(ContainerStateMachine.java:620) ~[classes/:?]
	at java.util.concurrent.CompletableFuture$AsyncSupply.run(CompletableFuture.java:1590) [?:1.8.0_212]
	at java.util.concurrent.ThreadPoolExecutor.runWorker(ThreadPoolExecutor.java:1149) [?:1.8.0_212]
	at java.util.concurrent.ThreadPoolExecutor$Worker.run(ThreadPoolExecutor.java:624) [?:1.8.0_212]
	at java.lang.Thread.run(Thread.java:748) [?:1.8.0_212]
02:22:17.202 [pool-54-thread-1] ERROR DNAudit - user=null | ip=null | op=WRITE_CHUNK {blockData=conID: 6 locID: 102409105260478473 bcsId: 0} | ret=FAILURE
org.apache.hadoop.hdds.scm.container.common.helpers.StorageContainerException: ContainerID 6 does not exist
	at org.apache.hadoop.ozone.container.common.impl.HddsDispatcher.dispatchRequest(HddsDispatcher.java:242) ~[classes/:?]
	at org.apache.hadoop.ozone.container.common.impl.HddsDispatcher.dispatch(HddsDispatcher.java:148) ~[classes/:?]
	at org.apache.hadoop.ozone.container.common.transport.server.ratis.ContainerStateMachine.dispatchCommand(ContainerStateMachine.java:346) ~[classes/:?]
	at org.apache.hadoop.ozone.container.common.transport.server.ratis.ContainerStateMachine.runCommand(ContainerStateMachine.java:353) ~[classes/:?]
	at org.apache.hadoop.ozone.container.common.transport.server.ratis.ContainerStateMachine.lambda$applyTransaction$5(ContainerStateMachine.java:620) ~[classes/:?]
	at java.util.concurrent.CompletableFuture$AsyncSupply.run(CompletableFuture.java:1590) [?:1.8.0_212]
	at java.util.concurrent.ThreadPoolExecutor.runWorker(ThreadPoolExecutor.java:1149) [?:1.8.0_212]
	at java.util.concurrent.ThreadPoolExecutor$Worker.run(ThreadPoolExecutor.java:624) [?:1.8.0_212]
	at java.lang.Thread.run(Thread.java:748) [?:1.8.0_212]
2019-07-09 02:22:17,203 INFO  impl.HddsDispatcher (ContainerUtils.java:logAndReturnError(146)) - Operation: PutBlock : Trace ID: 6de8e602f13106a9:f4fed0b543006a23:326174ef15a15c97:0 : Message: ContainerID 6 does not exist : Result: CONTAINER_NOT_FOUND
2019-07-09 02:22:17,203 INFO  impl.HddsDispatcher (ContainerUtils.java:logAndReturnError(146)) - Operation: WriteChunk : Trace ID: 6de8e602f13106a9:30f0b80fcefff399:326174ef15a15c97:0 : Message: ContainerID 6 does not exist : Result: CONTAINER_NOT_FOUND
02:22:17.203 [pool-33-thread-1] ERROR DNAudit - user=null | ip=null | op=WRITE_CHUNK {blockData=conID: 6 locID: 102409105260478473 bcsId: 0} | ret=FAILURE
org.apache.hadoop.hdds.scm.container.common.helpers.StorageContainerException: ContainerID 6 does not exist
	at org.apache.hadoop.ozone.container.common.impl.HddsDispatcher.dispatchRequest(HddsDispatcher.java:242) ~[classes/:?]
	at org.apache.hadoop.ozone.container.common.impl.HddsDispatcher.dispatch(HddsDispatcher.java:148) ~[classes/:?]
	at org.apache.hadoop.ozone.container.common.transport.server.ratis.ContainerStateMachine.dispatchCommand(ContainerStateMachine.java:346) ~[classes/:?]
	at org.apache.hadoop.ozone.container.common.transport.server.ratis.ContainerStateMachine.runCommand(ContainerStateMachine.java:353) ~[classes/:?]
	at org.apache.hadoop.ozone.container.common.transport.server.ratis.ContainerStateMachine.lambda$applyTransaction$5(ContainerStateMachine.java:620) ~[classes/:?]
	at java.util.concurrent.CompletableFuture$AsyncSupply.run(CompletableFuture.java:1590) [?:1.8.0_212]
	at java.util.concurrent.ThreadPoolExecutor.runWorker(ThreadPoolExecutor.java:1149) [?:1.8.0_212]
	at java.util.concurrent.ThreadPoolExecutor$Worker.run(ThreadPoolExecutor.java:624) [?:1.8.0_212]
	at java.lang.Thread.run(Thread.java:748) [?:1.8.0_212]
2019-07-09 02:22:17,204 INFO  impl.HddsDispatcher (ContainerUtils.java:logAndReturnError(146)) - Operation: WriteChunk : Trace ID: 6de8e602f13106a9:30f0b80fcefff399:326174ef15a15c97:0 : Message: ContainerID 6 does not exist : Result: CONTAINER_NOT_FOUND
02:22:17.210 [pool-33-thread-1] ERROR DNAudit - user=null | ip=null | op=PUT_BLOCK {blockData=[blockId=conID: 6 locID: 102409105260478473 bcsId: 0,size=2097152]} | ret=FAILURE
org.apache.hadoop.hdds.scm.container.common.helpers.StorageContainerException: ContainerID 6 does not exist
	at org.apache.hadoop.ozone.container.common.impl.HddsDispatcher.dispatchRequest(HddsDispatcher.java:242) ~[classes/:?]
	at org.apache.hadoop.ozone.container.common.impl.HddsDispatcher.dispatch(HddsDispatcher.java:148) ~[classes/:?]
	at org.apache.hadoop.ozone.container.common.transport.server.ratis.ContainerStateMachine.dispatchCommand(ContainerStateMachine.java:346) ~[classes/:?]
	at org.apache.hadoop.ozone.container.common.transport.server.ratis.ContainerStateMachine.runCommand(ContainerStateMachine.java:353) ~[classes/:?]
	at org.apache.hadoop.ozone.container.common.transport.server.ratis.ContainerStateMachine.lambda$applyTransaction$5(ContainerStateMachine.java:620) ~[classes/:?]
	at java.util.concurrent.CompletableFuture$AsyncSupply.run(CompletableFuture.java:1590) [?:1.8.0_212]
	at java.util.concurrent.ThreadPoolExecutor.runWorker(ThreadPoolExecutor.java:1149) [?:1.8.0_212]
	at java.util.concurrent.ThreadPoolExecutor$Worker.run(ThreadPoolExecutor.java:624) [?:1.8.0_212]
	at java.lang.Thread.run(Thread.java:748) [?:1.8.0_212]
02:22:17.210 [pool-54-thread-1] ERROR DNAudit - user=null | ip=null | op=PUT_BLOCK {blockData=[blockId=conID: 6 locID: 102409105260478473 bcsId: 0,size=2097152]} | ret=FAILURE
org.apache.hadoop.hdds.scm.container.common.helpers.StorageContainerException: ContainerID 6 does not exist
	at org.apache.hadoop.ozone.container.common.impl.HddsDispatcher.dispatchRequest(HddsDispatcher.java:242) ~[classes/:?]
	at org.apache.hadoop.ozone.container.common.impl.HddsDispatcher.dispatch(HddsDispatcher.java:148) ~[classes/:?]
	at org.apache.hadoop.ozone.container.common.transport.server.ratis.ContainerStateMachine.dispatchCommand(ContainerStateMachine.java:346) ~[classes/:?]
	at org.apache.hadoop.ozone.container.common.transport.server.ratis.ContainerStateMachine.runCommand(ContainerStateMachine.java:353) ~[classes/:?]
	at org.apache.hadoop.ozone.container.common.transport.server.ratis.ContainerStateMachine.lambda$applyTransaction$5(ContainerStateMachine.java:620) ~[classes/:?]
	at java.util.concurrent.CompletableFuture$AsyncSupply.run(CompletableFuture.java:1590) [?:1.8.0_212]
	at java.util.concurrent.ThreadPoolExecutor.runWorker(ThreadPoolExecutor.java:1149) [?:1.8.0_212]
	at java.util.concurrent.ThreadPoolExecutor$Worker.run(ThreadPoolExecutor.java:624) [?:1.8.0_212]
	at java.lang.Thread.run(Thread.java:748) [?:1.8.0_212]
2019-07-09 02:22:17,211 INFO  impl.HddsDispatcher (ContainerUtils.java:logAndReturnError(146)) - Operation: PutBlock : Trace ID: 6de8e602f13106a9:9caafa2202c989a2:326174ef15a15c97:0 : Message: ContainerID 6 does not exist : Result: CONTAINER_NOT_FOUND
2019-07-09 02:22:17,211 INFO  impl.HddsDispatcher (ContainerUtils.java:logAndReturnError(146)) - Operation: PutBlock : Trace ID: 6de8e602f13106a9:9caafa2202c989a2:326174ef15a15c97:0 : Message: ContainerID 6 does not exist : Result: CONTAINER_NOT_FOUND
 0.00% |█                                                                                                    |  0/1 Time: 0:00:02 0.00% |█                                                                                                    |  0/1 Time: 0:00:03 0.00% |█                                                                                                    |  0/1 Time: 0:00:04 100.00% |█████████████████████████████████████████████████████████████████████████████████████████████████████|  1/1 Time: 0:00:05
]]></system-out>
    <system-err><![CDATA[ERROR StatusLogger No Log4j 2 configuration file found. Using default configuration (logging only errors to the console), or user programmatically provided configurations. Set system property 'log4j2.debug' to show Log4j 2 internal initialization logging. See https://logging.apache.org/log4j/2.x/manual/configuration.html for instructions on how to configure Log4j 2
Jul 09, 2019 2:21:58 AM com.sun.jersey.server.impl.application.WebApplicationImpl _initiate
INFO: Initiating Jersey application, version 'Jersey: 1.19 02/11/2015 03:25 AM'
Jul 09, 2019 2:21:59 AM com.sun.jersey.server.impl.application.WebApplicationImpl _initiate
INFO: Initiating Jersey application, version 'Jersey: 1.19 02/11/2015 03:25 AM'
Jul 09, 2019 2:21:59 AM com.sun.jersey.server.impl.application.WebApplicationImpl _initiate
INFO: Initiating Jersey application, version 'Jersey: 1.19 02/11/2015 03:25 AM'
]]></system-err>
  </testcase>
</testsuite>