<?xml version="1.0" encoding="UTF-8"?>
<testsuite xmlns:xsi="http://www.w3.org/2001/XMLSchema-instance" xsi:noNamespaceSchemaLocation="https://maven.apache.org/surefire/maven-surefire-plugin/xsd/surefire-test-report.xsd" name="org.apache.hadoop.ozone.freon.TestFreonWithPipelineDestroy" time="32.25" tests="1" errors="1" skipped="0" failures="0">
  <properties>
    <property name="awt.toolkit" value="sun.awt.X11.XToolkit"/>
    <property name="file.encoding.pkg" value="sun.io"/>
    <property name="java.specification.version" value="1.8"/>
    <property name="sun.cpu.isalist" value=""/>
    <property name="sun.jnu.encoding" value="UTF-8"/>
    <property name="java.class.path" value="/workdir/hadoop-ozone/tools/target/test-classes:/workdir/hadoop-ozone/tools/target/classes:/home/user/.m2/repository/org/apache/hadoop/hadoop-ozone-ozone-manager/0.5.0-SNAPSHOT/hadoop-ozone-ozone-manager-0.5.0-SNAPSHOT.jar:/home/user/.m2/repository/org/apache/hadoop/hadoop-hdds-docs/0.5.0-SNAPSHOT/hadoop-hdds-docs-0.5.0-SNAPSHOT.jar:/home/user/.m2/repository/org/bouncycastle/bcprov-jdk15on/1.60/bcprov-jdk15on-1.60.jar:/home/user/.m2/repository/org/apache/hadoop/hadoop-ozone-common/0.5.0-SNAPSHOT/hadoop-ozone-common-0.5.0-SNAPSHOT.jar:/home/user/.m2/repository/org/apache/commons/commons-compress/1.4.1/commons-compress-1.4.1.jar:/home/user/.m2/repository/org/tukaani/xz/1.0/xz-1.0.jar:/home/user/.m2/repository/org/apache/hadoop/hadoop-hdfs-client/3.2.0/hadoop-hdfs-client-3.2.0.jar:/home/user/.m2/repository/com/fasterxml/jackson/core/jackson-annotations/2.9.9/jackson-annotations-2.9.9.jar:/home/user/.m2/repository/org/apache/hadoop/hadoop-hdds-common/0.5.0-SNAPSHOT/hadoop-hdds-common-0.5.0-SNAPSHOT.jar:/home/user/.m2/repository/org/apache/hadoop/hadoop-hdds-config/0.5.0-SNAPSHOT/hadoop-hdds-config-0.5.0-SNAPSHOT.jar:/home/user/.m2/repository/javax/annotation/javax.annotation-api/1.2/javax.annotation-api-1.2.jar:/home/user/.m2/repository/org/apache/ratis/ratis-server/0.4.0/ratis-server-0.4.0.jar:/home/user/.m2/repository/org/apache/ratis/ratis-thirdparty-misc/0.2.0/ratis-thirdparty-misc-0.2.0.jar:/home/user/.m2/repository/org/apache/ratis/ratis-proto/0.4.0/ratis-proto-0.4.0.jar:/home/user/.m2/repository/org/apache/ratis/ratis-common/0.4.0/ratis-common-0.4.0.jar:/home/user/.m2/repository/org/apache/ratis/ratis-client/0.4.0/ratis-client-0.4.0.jar:/home/user/.m2/repository/org/apache/ratis/ratis-metrics/0.4.0/ratis-metrics-0.4.0.jar:/home/user/.m2/repository/com/github/joshelser/dropwizard-metrics-hadoop-metrics2-reporter/0.1.2/dropwizard-metrics-hadoop-metrics2-reporter-0.1.2.jar:/home/user/.m2/repository/io/dropwizard/metrics/metrics-jvm/3.2.5/metrics-jvm-3.2.5.jar:/home/user/.m2/repository/io/dropwizard/metrics/metrics-ganglia/3.2.5/metrics-ganglia-3.2.5.jar:/home/user/.m2/repository/info/ganglia/gmetric4j/gmetric4j/1.0.7/gmetric4j-1.0.7.jar:/home/user/.m2/repository/org/apache/ratis/ratis-netty/0.4.0/ratis-netty-0.4.0.jar:/home/user/.m2/repository/org/apache/ratis/ratis-grpc/0.4.0/ratis-grpc-0.4.0.jar:/home/user/.m2/repository/org/rocksdb/rocksdbjni/6.0.1/rocksdbjni-6.0.1.jar:/home/user/.m2/repository/org/apache/logging/log4j/log4j-api/2.11.0/log4j-api-2.11.0.jar:/home/user/.m2/repository/org/apache/logging/log4j/log4j-core/2.11.0/log4j-core-2.11.0.jar:/home/user/.m2/repository/com/lmax/disruptor/3.4.2/disruptor-3.4.2.jar:/home/user/.m2/repository/org/apache/commons/commons-pool2/2.6.0/commons-pool2-2.6.0.jar:/home/user/.m2/repository/org/bouncycastle/bcpkix-jdk15on/1.60/bcpkix-jdk15on-1.60.jar:/home/user/.m2/repository/commons-validator/commons-validator/1.6/commons-validator-1.6.jar:/home/user/.m2/repository/commons-digester/commons-digester/1.8.1/commons-digester-1.8.1.jar:/home/user/.m2/repository/io/jaegertracing/jaeger-client/0.34.0/jaeger-client-0.34.0.jar:/home/user/.m2/repository/io/jaegertracing/jaeger-thrift/0.34.0/jaeger-thrift-0.34.0.jar:/home/user/.m2/repository/org/apache/thrift/libthrift/0.12.0/libthrift-0.12.0.jar:/home/user/.m2/repository/com/squareup/okhttp3/okhttp/3.9.0/okhttp-3.9.0.jar:/home/user/.m2/repository/com/squareup/okio/okio/1.13.0/okio-1.13.0.jar:/home/user/.m2/repository/io/jaegertracing/jaeger-core/0.34.0/jaeger-core-0.34.0.jar:/home/user/.m2/repository/io/jaegertracing/jaeger-tracerresolver/0.34.0/jaeger-tracerresolver-0.34.0.jar:/home/user/.m2/repository/io/opentracing/contrib/opentracing-tracerresolver/0.1.5/opentracing-tracerresolver-0.1.5.jar:/home/user/.m2/repository/io/opentracing/opentracing-util/0.31.0/opentracing-util-0.31.0.jar:/home/user/.m2/repository/io/opentracing/opentracing-api/0.31.0/opentracing-api-0.31.0.jar:/home/user/.m2/repository/io/opentracing/opentracing-noop/0.31.0/opentracing-noop-0.31.0.jar:/home/user/.m2/repository/org/yaml/snakeyaml/1.16/snakeyaml-1.16.jar:/home/user/.m2/repository/org/apache/hadoop/hadoop-hdds-container-service/0.5.0-SNAPSHOT/hadoop-hdds-container-service-0.5.0-SNAPSHOT.jar:/home/user/.m2/repository/org/apache/hadoop/hadoop-hdds-client/0.5.0-SNAPSHOT/hadoop-hdds-client-0.5.0-SNAPSHOT.jar:/home/user/.m2/repository/org/apache/hadoop/hadoop-hdds-tools/0.5.0-SNAPSHOT/hadoop-hdds-tools-0.5.0-SNAPSHOT.jar:/home/user/.m2/repository/org/xerial/sqlite-jdbc/3.25.2/sqlite-jdbc-3.25.2.jar:/home/user/.m2/repository/org/apache/hadoop/hadoop-hdds-server-scm/0.5.0-SNAPSHOT/hadoop-hdds-server-scm-0.5.0-SNAPSHOT.jar:/home/user/.m2/repository/org/hamcrest/hamcrest-all/1.3/hamcrest-all-1.3.jar:/home/user/.m2/repository/info/picocli/picocli/3.9.6/picocli-3.9.6.jar:/home/user/.m2/repository/com/google/protobuf/protobuf-java/2.5.0/protobuf-java-2.5.0.jar:/home/user/.m2/repository/com/google/guava/guava/11.0.2/guava-11.0.2.jar:/home/user/.m2/repository/org/apache/hadoop/hadoop-ozone-client/0.5.0-SNAPSHOT/hadoop-ozone-client-0.5.0-SNAPSHOT.jar:/workdir/hadoop-ozone/ozonefs/target/classes:/home/user/.m2/repository/org/apache/hadoop/hadoop-hdds-server-framework/0.5.0-SNAPSHOT/hadoop-hdds-server-framework-0.5.0-SNAPSHOT.jar:/home/user/.m2/repository/org/apache/hadoop/hadoop-common/3.2.0/hadoop-common-3.2.0.jar:/home/user/.m2/repository/org/apache/hadoop/hadoop-annotations/3.2.0/hadoop-annotations-3.2.0.jar:/usr/lib/jvm/java-1.8-openjdk/jre/../lib/tools.jar:/home/user/.m2/repository/commons-cli/commons-cli/1.2/commons-cli-1.2.jar:/home/user/.m2/repository/org/apache/commons/commons-math3/3.1.1/commons-math3-3.1.1.jar:/home/user/.m2/repository/org/apache/httpcomponents/httpclient/4.5.2/httpclient-4.5.2.jar:/home/user/.m2/repository/org/apache/httpcomponents/httpcore/4.4.4/httpcore-4.4.4.jar:/home/user/.m2/repository/commons-codec/commons-codec/1.11/commons-codec-1.11.jar:/home/user/.m2/repository/commons-io/commons-io/2.5/commons-io-2.5.jar:/home/user/.m2/repository/commons-net/commons-net/3.6/commons-net-3.6.jar:/home/user/.m2/repository/commons-collections/commons-collections/3.2.2/commons-collections-3.2.2.jar:/home/user/.m2/repository/javax/servlet/javax.servlet-api/3.1.0/javax.servlet-api-3.1.0.jar:/home/user/.m2/repository/org/eclipse/jetty/jetty-server/9.3.25.v20180904/jetty-server-9.3.25.v20180904.jar:/home/user/.m2/repository/org/eclipse/jetty/jetty-http/9.3.25.v20180904/jetty-http-9.3.25.v20180904.jar:/home/user/.m2/repository/org/eclipse/jetty/jetty-io/9.3.25.v20180904/jetty-io-9.3.25.v20180904.jar:/home/user/.m2/repository/org/eclipse/jetty/jetty-util/9.3.25.v20180904/jetty-util-9.3.25.v20180904.jar:/home/user/.m2/repository/org/eclipse/jetty/jetty-servlet/9.3.25.v20180904/jetty-servlet-9.3.25.v20180904.jar:/home/user/.m2/repository/org/eclipse/jetty/jetty-security/9.3.25.v20180904/jetty-security-9.3.25.v20180904.jar:/home/user/.m2/repository/org/eclipse/jetty/jetty-webapp/9.3.25.v20180904/jetty-webapp-9.3.25.v20180904.jar:/home/user/.m2/repository/org/eclipse/jetty/jetty-xml/9.3.25.v20180904/jetty-xml-9.3.25.v20180904.jar:/home/user/.m2/repository/javax/servlet/jsp/jsp-api/2.1/jsp-api-2.1.jar:/home/user/.m2/repository/com/sun/jersey/jersey-core/1.19/jersey-core-1.19.jar:/home/user/.m2/repository/javax/ws/rs/jsr311-api/1.1.1/jsr311-api-1.1.1.jar:/home/user/.m2/repository/com/sun/jersey/jersey-servlet/1.19/jersey-servlet-1.19.jar:/home/user/.m2/repository/com/sun/jersey/jersey-json/1.19/jersey-json-1.19.jar:/home/user/.m2/repository/org/codehaus/jettison/jettison/1.1/jettison-1.1.jar:/home/user/.m2/repository/com/sun/xml/bind/jaxb-impl/2.3.0.1/jaxb-impl-2.3.0.1.jar:/home/user/.m2/repository/org/codehaus/jackson/jackson-core-asl/1.9.13/jackson-core-asl-1.9.13.jar:/home/user/.m2/repository/org/codehaus/jackson/jackson-mapper-asl/1.9.13/jackson-mapper-asl-1.9.13.jar:/home/user/.m2/repository/org/codehaus/jackson/jackson-jaxrs/1.9.13/jackson-jaxrs-1.9.13.jar:/home/user/.m2/repository/org/codehaus/jackson/jackson-xc/1.9.13/jackson-xc-1.9.13.jar:/home/user/.m2/repository/com/sun/jersey/jersey-server/1.19/jersey-server-1.19.jar:/home/user/.m2/repository/commons-logging/commons-logging/1.1.3/commons-logging-1.1.3.jar:/home/user/.m2/repository/log4j/log4j/1.2.17/log4j-1.2.17.jar:/home/user/.m2/repository/commons-beanutils/commons-beanutils/1.9.4/commons-beanutils-1.9.4.jar:/home/user/.m2/repository/org/apache/commons/commons-configuration2/2.1.1/commons-configuration2-2.1.1.jar:/home/user/.m2/repository/org/apache/commons/commons-lang3/3.7/commons-lang3-3.7.jar:/home/user/.m2/repository/org/apache/commons/commons-text/1.4/commons-text-1.4.jar:/home/user/.m2/repository/org/slf4j/slf4j-api/1.7.25/slf4j-api-1.7.25.jar:/home/user/.m2/repository/org/slf4j/slf4j-log4j12/1.7.25/slf4j-log4j12-1.7.25.jar:/home/user/.m2/repository/org/apache/avro/avro/1.7.7/avro-1.7.7.jar:/home/user/.m2/repository/com/thoughtworks/paranamer/paranamer/2.3/paranamer-2.3.jar:/home/user/.m2/repository/org/xerial/snappy/snappy-java/1.0.5/snappy-java-1.0.5.jar:/home/user/.m2/repository/com/google/re2j/re2j/1.1/re2j-1.1.jar:/home/user/.m2/repository/com/google/code/gson/gson/2.2.4/gson-2.2.4.jar:/home/user/.m2/repository/org/apache/hadoop/hadoop-auth/3.2.0/hadoop-auth-3.2.0.jar:/home/user/.m2/repository/com/nimbusds/nimbus-jose-jwt/4.41.1/nimbus-jose-jwt-4.41.1.jar:/home/user/.m2/repository/com/github/stephenc/jcip/jcip-annotations/1.0-1/jcip-annotations-1.0-1.jar:/home/user/.m2/repository/net/minidev/json-smart/2.3/json-smart-2.3.jar:/home/user/.m2/repository/net/minidev/accessors-smart/1.2/accessors-smart-1.2.jar:/home/user/.m2/repository/org/apache/curator/curator-framework/2.12.0/curator-framework-2.12.0.jar:/home/user/.m2/repository/com/jcraft/jsch/0.1.54/jsch-0.1.54.jar:/home/user/.m2/repository/org/apache/curator/curator-client/2.12.0/curator-client-2.12.0.jar:/home/user/.m2/repository/org/apache/curator/curator-recipes/2.12.0/curator-recipes-2.12.0.jar:/home/user/.m2/repository/com/google/code/findbugs/jsr305/3.0.0/jsr305-3.0.0.jar:/home/user/.m2/repository/org/apache/htrace/htrace-core4/4.1.0-incubating/htrace-core4-4.1.0-incubating.jar:/home/user/.m2/repository/org/apache/zookeeper/zookeeper/3.4.13/zookeeper-3.4.13.jar:/home/user/.m2/repository/jline/jline/0.9.94/jline-0.9.94.jar:/home/user/.m2/repository/org/apache/yetus/audience-annotations/0.5.0/audience-annotations-0.5.0.jar:/home/user/.m2/repository/org/apache/kerby/kerb-simplekdc/1.0.1/kerb-simplekdc-1.0.1.jar:/home/user/.m2/repository/org/apache/kerby/kerb-client/1.0.1/kerb-client-1.0.1.jar:/home/user/.m2/repository/org/apache/kerby/kerby-config/1.0.1/kerby-config-1.0.1.jar:/home/user/.m2/repository/org/apache/kerby/kerb-core/1.0.1/kerb-core-1.0.1.jar:/home/user/.m2/repository/org/apache/kerby/kerby-pkix/1.0.1/kerby-pkix-1.0.1.jar:/home/user/.m2/repository/org/apache/kerby/kerby-asn1/1.0.1/kerby-asn1-1.0.1.jar:/home/user/.m2/repository/org/apache/kerby/kerby-util/1.0.1/kerby-util-1.0.1.jar:/home/user/.m2/repository/org/apache/kerby/kerb-common/1.0.1/kerb-common-1.0.1.jar:/home/user/.m2/repository/org/apache/kerby/kerb-crypto/1.0.1/kerb-crypto-1.0.1.jar:/home/user/.m2/repository/org/apache/kerby/kerb-util/1.0.1/kerb-util-1.0.1.jar:/home/user/.m2/repository/org/apache/kerby/token-provider/1.0.1/token-provider-1.0.1.jar:/home/user/.m2/repository/org/apache/kerby/kerb-admin/1.0.1/kerb-admin-1.0.1.jar:/home/user/.m2/repository/org/apache/kerby/kerb-server/1.0.1/kerb-server-1.0.1.jar:/home/user/.m2/repository/org/apache/kerby/kerb-identity/1.0.1/kerb-identity-1.0.1.jar:/home/user/.m2/repository/org/apache/kerby/kerby-xdr/1.0.1/kerby-xdr-1.0.1.jar:/home/user/.m2/repository/com/fasterxml/jackson/core/jackson-databind/2.9.9/jackson-databind-2.9.9.jar:/home/user/.m2/repository/com/fasterxml/jackson/core/jackson-core/2.9.9/jackson-core-2.9.9.jar:/home/user/.m2/repository/org/codehaus/woodstox/stax2-api/3.1.4/stax2-api-3.1.4.jar:/home/user/.m2/repository/com/fasterxml/woodstox/woodstox-core/5.0.3/woodstox-core-5.0.3.jar:/home/user/.m2/repository/dnsjava/dnsjava/2.1.7/dnsjava-2.1.7.jar:/home/user/.m2/repository/org/apache/hadoop/hadoop-hdfs/3.2.0/hadoop-hdfs-3.2.0.jar:/home/user/.m2/repository/org/eclipse/jetty/jetty-util-ajax/9.3.25.v20180904/jetty-util-ajax-9.3.25.v20180904.jar:/home/user/.m2/repository/commons-daemon/commons-daemon/1.0.13/commons-daemon-1.0.13.jar:/home/user/.m2/repository/io/netty/netty/3.10.5.Final/netty-3.10.5.Final.jar:/home/user/.m2/repository/io/netty/netty-all/4.0.52.Final/netty-all-4.0.52.Final.jar:/home/user/.m2/repository/org/fusesource/leveldbjni/leveldbjni-all/1.8/leveldbjni-all-1.8.jar:/home/user/.m2/repository/com/sun/xml/bind/jaxb-core/2.3.0.1/jaxb-core-2.3.0.1.jar:/home/user/.m2/repository/javax/xml/bind/jaxb-api/2.3.0/jaxb-api-2.3.0.jar:/home/user/.m2/repository/javax/activation/activation/1.1.1/activation-1.1.1.jar:/home/user/.m2/repository/io/dropwizard/metrics/metrics-core/3.2.4/metrics-core-3.2.4.jar:/home/user/.m2/repository/org/openjdk/jmh/jmh-core/1.19/jmh-core-1.19.jar:/home/user/.m2/repository/net/sf/jopt-simple/jopt-simple/4.6/jopt-simple-4.6.jar:/home/user/.m2/repository/org/openjdk/jmh/jmh-generator-annprocess/1.19/jmh-generator-annprocess-1.19.jar:/home/user/.m2/repository/com/amazonaws/aws-java-sdk-s3/1.11.615/aws-java-sdk-s3-1.11.615.jar:/home/user/.m2/repository/com/amazonaws/aws-java-sdk-kms/1.11.615/aws-java-sdk-kms-1.11.615.jar:/home/user/.m2/repository/com/amazonaws/aws-java-sdk-core/1.11.615/aws-java-sdk-core-1.11.615.jar:/home/user/.m2/repository/software/amazon/ion/ion-java/1.0.2/ion-java-1.0.2.jar:/home/user/.m2/repository/com/fasterxml/jackson/dataformat/jackson-dataformat-cbor/2.9.9/jackson-dataformat-cbor-2.9.9.jar:/home/user/.m2/repository/joda-time/joda-time/2.9.9/joda-time-2.9.9.jar:/home/user/.m2/repository/com/amazonaws/jmespath-java/1.11.615/jmespath-java-1.11.615.jar:/home/user/.m2/repository/com/google/code/findbugs/findbugs/3.0.1/findbugs-3.0.1.jar:/home/user/.m2/repository/net/jcip/jcip-annotations/1.0/jcip-annotations-1.0.jar:/home/user/.m2/repository/com/google/code/findbugs/bcel-findbugs/6.0/bcel-findbugs-6.0.jar:/home/user/.m2/repository/com/google/code/findbugs/jFormatString/2.0.1/jFormatString-2.0.1.jar:/home/user/.m2/repository/dom4j/dom4j/1.6.1/dom4j-1.6.1.jar:/home/user/.m2/repository/xml-apis/xml-apis/1.0.b2/xml-apis-1.0.b2.jar:/home/user/.m2/repository/org/ow2/asm/asm-debug-all/5.0.2/asm-debug-all-5.0.2.jar:/home/user/.m2/repository/org/ow2/asm/asm-commons/5.0.2/asm-commons-5.0.2.jar:/home/user/.m2/repository/org/ow2/asm/asm-tree/5.0.2/asm-tree-5.0.2.jar:/home/user/.m2/repository/org/ow2/asm/asm/5.0.4/asm-5.0.4.jar:/home/user/.m2/repository/commons-lang/commons-lang/2.6/commons-lang-2.6.jar:/home/user/.m2/repository/com/apple/AppleJavaExtensions/1.4/AppleJavaExtensions-1.4.jar:/home/user/.m2/repository/jaxen/jaxen/1.1.6/jaxen-1.1.6.jar:/home/user/.m2/repository/junit/junit/4.11/junit-4.11.jar:/home/user/.m2/repository/org/hamcrest/hamcrest-core/1.3/hamcrest-core-1.3.jar:/home/user/.m2/repository/org/apache/hadoop/hadoop-common/3.2.0/hadoop-common-3.2.0-tests.jar:/workdir/hadoop-ozone/integration-test/target/test-classes:/home/user/.m2/repository/org/apache/hadoop/hadoop-ozone-s3gateway/0.5.0-SNAPSHOT/hadoop-ozone-s3gateway-0.5.0-SNAPSHOT.jar:/home/user/.m2/repository/org/jboss/weld/servlet/weld-servlet/2.4.7.Final/weld-servlet-2.4.7.Final.jar:/home/user/.m2/repository/org/glassfish/jersey/containers/jersey-container-servlet-core/2.27/jersey-container-servlet-core-2.27.jar:/home/user/.m2/repository/org/glassfish/hk2/external/javax.inject/2.5.0-b42/javax.inject-2.5.0-b42.jar:/home/user/.m2/repository/org/glassfish/jersey/core/jersey-common/2.27/jersey-common-2.27.jar:/home/user/.m2/repository/org/glassfish/hk2/osgi-resource-locator/1.0.1/osgi-resource-locator-1.0.1.jar:/home/user/.m2/repository/javax/ws/rs/javax.ws.rs-api/2.1/javax.ws.rs-api-2.1.jar:/home/user/.m2/repository/org/glassfish/jersey/ext/cdi/jersey-cdi1x/2.27/jersey-cdi1x-2.27.jar:/home/user/.m2/repository/org/glassfish/jersey/inject/jersey-hk2/2.27/jersey-hk2-2.27.jar:/home/user/.m2/repository/org/glassfish/hk2/hk2-locator/2.5.0-b42/hk2-locator-2.5.0-b42.jar:/home/user/.m2/repository/org/javassist/javassist/3.22.0-CR2/javassist-3.22.0-CR2.jar:/home/user/.m2/repository/org/glassfish/hk2/hk2-api/2.5.0/hk2-api-2.5.0.jar:/home/user/.m2/repository/org/glassfish/hk2/external/jakarta.inject/2.5.0/jakarta.inject-2.5.0.jar:/home/user/.m2/repository/org/glassfish/hk2/hk2-utils/2.5.0/hk2-utils-2.5.0.jar:/home/user/.m2/repository/jakarta/annotation/jakarta.annotation-api/1.3.4/jakarta.annotation-api-1.3.4.jar:/home/user/.m2/repository/org/glassfish/hk2/external/aopalliance-repackaged/2.5.0/aopalliance-repackaged-2.5.0.jar:/home/user/.m2/repository/com/fasterxml/jackson/dataformat/jackson-dataformat-xml/2.9.0/jackson-dataformat-xml-2.9.0.jar:/home/user/.m2/repository/com/fasterxml/jackson/module/jackson-module-jaxb-annotations/2.9.9/jackson-module-jaxb-annotations-2.9.9.jar:/home/user/.m2/repository/javax/enterprise/cdi-api/1.2/cdi-api-1.2.jar:/home/user/.m2/repository/javax/el/javax.el-api/3.0.0/javax.el-api-3.0.0.jar:/home/user/.m2/repository/javax/interceptor/javax.interceptor-api/1.2/javax.interceptor-api-1.2.jar:/home/user/.m2/repository/javax/inject/javax.inject/1/javax.inject-1.jar:/home/user/.m2/repository/org/apache/hadoop/hadoop-ozone-csi/0.5.0-SNAPSHOT/hadoop-ozone-csi-0.5.0-SNAPSHOT.jar:/home/user/.m2/repository/com/google/protobuf/protobuf-java-util/3.5.1/protobuf-java-util-3.5.1.jar:/home/user/.m2/repository/io/grpc/grpc-netty/1.17.1/grpc-netty-1.17.1.jar:/home/user/.m2/repository/io/grpc/grpc-core/1.17.1/grpc-core-1.17.1.jar:/home/user/.m2/repository/io/grpc/grpc-context/1.17.1/grpc-context-1.17.1.jar:/home/user/.m2/repository/com/google/errorprone/error_prone_annotations/2.2.0/error_prone_annotations-2.2.0.jar:/home/user/.m2/repository/org/codehaus/mojo/animal-sniffer-annotations/1.17/animal-sniffer-annotations-1.17.jar:/home/user/.m2/repository/io/opencensus/opencensus-api/0.17.0/opencensus-api-0.17.0.jar:/home/user/.m2/repository/io/opencensus/opencensus-contrib-grpc-metrics/0.17.0/opencensus-contrib-grpc-metrics-0.17.0.jar:/home/user/.m2/repository/io/netty/netty-codec-http2/4.1.30.Final/netty-codec-http2-4.1.30.Final.jar:/home/user/.m2/repository/io/netty/netty-codec-http/4.1.30.Final/netty-codec-http-4.1.30.Final.jar:/home/user/.m2/repository/io/netty/netty-codec/4.1.30.Final/netty-codec-4.1.30.Final.jar:/home/user/.m2/repository/io/netty/netty-handler/4.1.30.Final/netty-handler-4.1.30.Final.jar:/home/user/.m2/repository/io/netty/netty-handler-proxy/4.1.30.Final/netty-handler-proxy-4.1.30.Final.jar:/home/user/.m2/repository/io/netty/netty-codec-socks/4.1.30.Final/netty-codec-socks-4.1.30.Final.jar:/home/user/.m2/repository/io/netty/netty-transport-native-epoll/4.1.30.Final/netty-transport-native-epoll-4.1.30.Final.jar:/home/user/.m2/repository/io/netty/netty-common/4.1.30.Final/netty-common-4.1.30.Final.jar:/home/user/.m2/repository/io/netty/netty-buffer/4.1.30.Final/netty-buffer-4.1.30.Final.jar:/home/user/.m2/repository/io/netty/netty-transport/4.1.30.Final/netty-transport-4.1.30.Final.jar:/home/user/.m2/repository/io/netty/netty-resolver/4.1.30.Final/netty-resolver-4.1.30.Final.jar:/home/user/.m2/repository/io/netty/netty-transport-native-unix-common/4.1.30.Final/netty-transport-native-unix-common-4.1.30.Final.jar:/home/user/.m2/repository/io/grpc/grpc-protobuf/1.17.1/grpc-protobuf-1.17.1.jar:/home/user/.m2/repository/com/google/api/grpc/proto-google-common-protos/1.0.0/proto-google-common-protos-1.0.0.jar:/home/user/.m2/repository/io/grpc/grpc-protobuf-lite/1.17.1/grpc-protobuf-lite-1.17.1.jar:/home/user/.m2/repository/io/grpc/grpc-stub/1.17.1/grpc-stub-1.17.1.jar:/home/user/.m2/repository/org/apache/hadoop/hadoop-ozone-recon/0.5.0-SNAPSHOT/hadoop-ozone-recon-0.5.0-SNAPSHOT.jar:/home/user/.m2/repository/org/apache/hadoop/hadoop-ozone-reconcodegen/0.5.0-SNAPSHOT/hadoop-ozone-reconcodegen-0.5.0-SNAPSHOT.jar:/home/user/.m2/repository/com/google/inject/extensions/guice-multibindings/4.0/guice-multibindings-4.0.jar:/home/user/.m2/repository/com/google/inject/guice/4.0/guice-4.0.jar:/home/user/.m2/repository/aopalliance/aopalliance/1.0/aopalliance-1.0.jar:/home/user/.m2/repository/com/google/inject/extensions/guice-servlet/4.0/guice-servlet-4.0.jar:/home/user/.m2/repository/org/glassfish/jersey/containers/jersey-container-servlet/2.27/jersey-container-servlet-2.27.jar:/home/user/.m2/repository/org/glassfish/hk2/guice-bridge/2.5.0/guice-bridge-2.5.0.jar:/home/user/.m2/repository/org/glassfish/jersey/core/jersey-server/2.27/jersey-server-2.27.jar:/home/user/.m2/repository/org/glassfish/jersey/core/jersey-client/2.27/jersey-client-2.27.jar:/home/user/.m2/repository/org/glassfish/jersey/media/jersey-media-jaxb/2.27/jersey-media-jaxb-2.27.jar:/home/user/.m2/repository/javax/validation/validation-api/1.1.0.Final/validation-api-1.1.0.Final.jar:/home/user/.m2/repository/org/glassfish/jersey/media/jersey-media-json-jackson/2.27/jersey-media-json-jackson-2.27.jar:/home/user/.m2/repository/org/glassfish/jersey/ext/jersey-entity-filtering/2.27/jersey-entity-filtering-2.27.jar:/home/user/.m2/repository/com/google/inject/extensions/guice-assistedinject/4.0/guice-assistedinject-4.0.jar:/home/user/.m2/repository/org/jooq/jooq/3.11.10/jooq-3.11.10.jar:/home/user/.m2/repository/org/jooq/jooq-meta/3.11.10/jooq-meta-3.11.10.jar:/home/user/.m2/repository/org/jooq/jooq-codegen/3.11.10/jooq-codegen-3.11.10.jar:/home/user/.m2/repository/com/jolbox/bonecp/0.8.0.RELEASE/bonecp-0.8.0.RELEASE.jar:/home/user/.m2/repository/org/springframework/spring-jdbc/5.1.3.RELEASE/spring-jdbc-5.1.3.RELEASE.jar:/home/user/.m2/repository/org/springframework/spring-beans/5.1.3.RELEASE/spring-beans-5.1.3.RELEASE.jar:/home/user/.m2/repository/org/springframework/spring-core/5.1.3.RELEASE/spring-core-5.1.3.RELEASE.jar:/home/user/.m2/repository/org/springframework/spring-jcl/5.1.3.RELEASE/spring-jcl-5.1.3.RELEASE.jar:/home/user/.m2/repository/org/springframework/spring-tx/5.1.3.RELEASE/spring-tx-5.1.3.RELEASE.jar:/home/user/.m2/repository/org/mockito/mockito-core/2.15.0/mockito-core-2.15.0.jar:/home/user/.m2/repository/net/bytebuddy/byte-buddy/1.7.9/byte-buddy-1.7.9.jar:/home/user/.m2/repository/net/bytebuddy/byte-buddy-agent/1.7.9/byte-buddy-agent-1.7.9.jar:/home/user/.m2/repository/org/objenesis/objenesis/1.0/objenesis-1.0.jar:"/>
    <property name="java.vm.vendor" value="IcedTea"/>
    <property name="sun.arch.data.model" value="64"/>
    <property name="test.build.dir" value="/workdir/hadoop-ozone/tools/target/test-dir"/>
    <property name="test.cache.data" value=""/>
    <property name="java.vendor.url" value="https://icedtea.classpath.org"/>
    <property name="user.timezone" value=""/>
    <property name="java.vm.specification.version" value="1.8"/>
    <property name="os.name" value="Linux"/>
    <property name="test.build.data" value="/workdir/hadoop-ozone/tools/target/test-dir"/>
    <property name="user.country" value="US"/>
    <property name="sun.java.launcher" value="SUN_STANDARD"/>
    <property name="sun.boot.library.path" value="/usr/lib/jvm/java-1.8-openjdk/jre/lib/amd64"/>
    <property name="sun.java.command" value="/workdir/hadoop-ozone/tools/target/surefire/surefirebooter5741307091088827880.jar /workdir/hadoop-ozone/tools/target/surefire 2019-09-25T11-13-37_982-jvmRun1 surefire6005157749898547734tmp surefire_1103355107513614463095tmp"/>
    <property name="test" value="!TestMiniChaosOzoneCluster"/>
    <property name="surefire.test.class.path" value="/workdir/hadoop-ozone/tools/target/test-classes:/workdir/hadoop-ozone/tools/target/classes:/home/user/.m2/repository/org/apache/hadoop/hadoop-ozone-ozone-manager/0.5.0-SNAPSHOT/hadoop-ozone-ozone-manager-0.5.0-SNAPSHOT.jar:/home/user/.m2/repository/org/apache/hadoop/hadoop-hdds-docs/0.5.0-SNAPSHOT/hadoop-hdds-docs-0.5.0-SNAPSHOT.jar:/home/user/.m2/repository/org/bouncycastle/bcprov-jdk15on/1.60/bcprov-jdk15on-1.60.jar:/home/user/.m2/repository/org/apache/hadoop/hadoop-ozone-common/0.5.0-SNAPSHOT/hadoop-ozone-common-0.5.0-SNAPSHOT.jar:/home/user/.m2/repository/org/apache/commons/commons-compress/1.4.1/commons-compress-1.4.1.jar:/home/user/.m2/repository/org/tukaani/xz/1.0/xz-1.0.jar:/home/user/.m2/repository/org/apache/hadoop/hadoop-hdfs-client/3.2.0/hadoop-hdfs-client-3.2.0.jar:/home/user/.m2/repository/com/fasterxml/jackson/core/jackson-annotations/2.9.9/jackson-annotations-2.9.9.jar:/home/user/.m2/repository/org/apache/hadoop/hadoop-hdds-common/0.5.0-SNAPSHOT/hadoop-hdds-common-0.5.0-SNAPSHOT.jar:/home/user/.m2/repository/org/apache/hadoop/hadoop-hdds-config/0.5.0-SNAPSHOT/hadoop-hdds-config-0.5.0-SNAPSHOT.jar:/home/user/.m2/repository/javax/annotation/javax.annotation-api/1.2/javax.annotation-api-1.2.jar:/home/user/.m2/repository/org/apache/ratis/ratis-server/0.4.0/ratis-server-0.4.0.jar:/home/user/.m2/repository/org/apache/ratis/ratis-thirdparty-misc/0.2.0/ratis-thirdparty-misc-0.2.0.jar:/home/user/.m2/repository/org/apache/ratis/ratis-proto/0.4.0/ratis-proto-0.4.0.jar:/home/user/.m2/repository/org/apache/ratis/ratis-common/0.4.0/ratis-common-0.4.0.jar:/home/user/.m2/repository/org/apache/ratis/ratis-client/0.4.0/ratis-client-0.4.0.jar:/home/user/.m2/repository/org/apache/ratis/ratis-metrics/0.4.0/ratis-metrics-0.4.0.jar:/home/user/.m2/repository/com/github/joshelser/dropwizard-metrics-hadoop-metrics2-reporter/0.1.2/dropwizard-metrics-hadoop-metrics2-reporter-0.1.2.jar:/home/user/.m2/repository/io/dropwizard/metrics/metrics-jvm/3.2.5/metrics-jvm-3.2.5.jar:/home/user/.m2/repository/io/dropwizard/metrics/metrics-ganglia/3.2.5/metrics-ganglia-3.2.5.jar:/home/user/.m2/repository/info/ganglia/gmetric4j/gmetric4j/1.0.7/gmetric4j-1.0.7.jar:/home/user/.m2/repository/org/apache/ratis/ratis-netty/0.4.0/ratis-netty-0.4.0.jar:/home/user/.m2/repository/org/apache/ratis/ratis-grpc/0.4.0/ratis-grpc-0.4.0.jar:/home/user/.m2/repository/org/rocksdb/rocksdbjni/6.0.1/rocksdbjni-6.0.1.jar:/home/user/.m2/repository/org/apache/logging/log4j/log4j-api/2.11.0/log4j-api-2.11.0.jar:/home/user/.m2/repository/org/apache/logging/log4j/log4j-core/2.11.0/log4j-core-2.11.0.jar:/home/user/.m2/repository/com/lmax/disruptor/3.4.2/disruptor-3.4.2.jar:/home/user/.m2/repository/org/apache/commons/commons-pool2/2.6.0/commons-pool2-2.6.0.jar:/home/user/.m2/repository/org/bouncycastle/bcpkix-jdk15on/1.60/bcpkix-jdk15on-1.60.jar:/home/user/.m2/repository/commons-validator/commons-validator/1.6/commons-validator-1.6.jar:/home/user/.m2/repository/commons-digester/commons-digester/1.8.1/commons-digester-1.8.1.jar:/home/user/.m2/repository/io/jaegertracing/jaeger-client/0.34.0/jaeger-client-0.34.0.jar:/home/user/.m2/repository/io/jaegertracing/jaeger-thrift/0.34.0/jaeger-thrift-0.34.0.jar:/home/user/.m2/repository/org/apache/thrift/libthrift/0.12.0/libthrift-0.12.0.jar:/home/user/.m2/repository/com/squareup/okhttp3/okhttp/3.9.0/okhttp-3.9.0.jar:/home/user/.m2/repository/com/squareup/okio/okio/1.13.0/okio-1.13.0.jar:/home/user/.m2/repository/io/jaegertracing/jaeger-core/0.34.0/jaeger-core-0.34.0.jar:/home/user/.m2/repository/io/jaegertracing/jaeger-tracerresolver/0.34.0/jaeger-tracerresolver-0.34.0.jar:/home/user/.m2/repository/io/opentracing/contrib/opentracing-tracerresolver/0.1.5/opentracing-tracerresolver-0.1.5.jar:/home/user/.m2/repository/io/opentracing/opentracing-util/0.31.0/opentracing-util-0.31.0.jar:/home/user/.m2/repository/io/opentracing/opentracing-api/0.31.0/opentracing-api-0.31.0.jar:/home/user/.m2/repository/io/opentracing/opentracing-noop/0.31.0/opentracing-noop-0.31.0.jar:/home/user/.m2/repository/org/yaml/snakeyaml/1.16/snakeyaml-1.16.jar:/home/user/.m2/repository/org/apache/hadoop/hadoop-hdds-container-service/0.5.0-SNAPSHOT/hadoop-hdds-container-service-0.5.0-SNAPSHOT.jar:/home/user/.m2/repository/org/apache/hadoop/hadoop-hdds-client/0.5.0-SNAPSHOT/hadoop-hdds-client-0.5.0-SNAPSHOT.jar:/home/user/.m2/repository/org/apache/hadoop/hadoop-hdds-tools/0.5.0-SNAPSHOT/hadoop-hdds-tools-0.5.0-SNAPSHOT.jar:/home/user/.m2/repository/org/xerial/sqlite-jdbc/3.25.2/sqlite-jdbc-3.25.2.jar:/home/user/.m2/repository/org/apache/hadoop/hadoop-hdds-server-scm/0.5.0-SNAPSHOT/hadoop-hdds-server-scm-0.5.0-SNAPSHOT.jar:/home/user/.m2/repository/org/hamcrest/hamcrest-all/1.3/hamcrest-all-1.3.jar:/home/user/.m2/repository/info/picocli/picocli/3.9.6/picocli-3.9.6.jar:/home/user/.m2/repository/com/google/protobuf/protobuf-java/2.5.0/protobuf-java-2.5.0.jar:/home/user/.m2/repository/com/google/guava/guava/11.0.2/guava-11.0.2.jar:/home/user/.m2/repository/org/apache/hadoop/hadoop-ozone-client/0.5.0-SNAPSHOT/hadoop-ozone-client-0.5.0-SNAPSHOT.jar:/workdir/hadoop-ozone/ozonefs/target/classes:/home/user/.m2/repository/org/apache/hadoop/hadoop-hdds-server-framework/0.5.0-SNAPSHOT/hadoop-hdds-server-framework-0.5.0-SNAPSHOT.jar:/home/user/.m2/repository/org/apache/hadoop/hadoop-common/3.2.0/hadoop-common-3.2.0.jar:/home/user/.m2/repository/org/apache/hadoop/hadoop-annotations/3.2.0/hadoop-annotations-3.2.0.jar:/usr/lib/jvm/java-1.8-openjdk/jre/../lib/tools.jar:/home/user/.m2/repository/commons-cli/commons-cli/1.2/commons-cli-1.2.jar:/home/user/.m2/repository/org/apache/commons/commons-math3/3.1.1/commons-math3-3.1.1.jar:/home/user/.m2/repository/org/apache/httpcomponents/httpclient/4.5.2/httpclient-4.5.2.jar:/home/user/.m2/repository/org/apache/httpcomponents/httpcore/4.4.4/httpcore-4.4.4.jar:/home/user/.m2/repository/commons-codec/commons-codec/1.11/commons-codec-1.11.jar:/home/user/.m2/repository/commons-io/commons-io/2.5/commons-io-2.5.jar:/home/user/.m2/repository/commons-net/commons-net/3.6/commons-net-3.6.jar:/home/user/.m2/repository/commons-collections/commons-collections/3.2.2/commons-collections-3.2.2.jar:/home/user/.m2/repository/javax/servlet/javax.servlet-api/3.1.0/javax.servlet-api-3.1.0.jar:/home/user/.m2/repository/org/eclipse/jetty/jetty-server/9.3.25.v20180904/jetty-server-9.3.25.v20180904.jar:/home/user/.m2/repository/org/eclipse/jetty/jetty-http/9.3.25.v20180904/jetty-http-9.3.25.v20180904.jar:/home/user/.m2/repository/org/eclipse/jetty/jetty-io/9.3.25.v20180904/jetty-io-9.3.25.v20180904.jar:/home/user/.m2/repository/org/eclipse/jetty/jetty-util/9.3.25.v20180904/jetty-util-9.3.25.v20180904.jar:/home/user/.m2/repository/org/eclipse/jetty/jetty-servlet/9.3.25.v20180904/jetty-servlet-9.3.25.v20180904.jar:/home/user/.m2/repository/org/eclipse/jetty/jetty-security/9.3.25.v20180904/jetty-security-9.3.25.v20180904.jar:/home/user/.m2/repository/org/eclipse/jetty/jetty-webapp/9.3.25.v20180904/jetty-webapp-9.3.25.v20180904.jar:/home/user/.m2/repository/org/eclipse/jetty/jetty-xml/9.3.25.v20180904/jetty-xml-9.3.25.v20180904.jar:/home/user/.m2/repository/javax/servlet/jsp/jsp-api/2.1/jsp-api-2.1.jar:/home/user/.m2/repository/com/sun/jersey/jersey-core/1.19/jersey-core-1.19.jar:/home/user/.m2/repository/javax/ws/rs/jsr311-api/1.1.1/jsr311-api-1.1.1.jar:/home/user/.m2/repository/com/sun/jersey/jersey-servlet/1.19/jersey-servlet-1.19.jar:/home/user/.m2/repository/com/sun/jersey/jersey-json/1.19/jersey-json-1.19.jar:/home/user/.m2/repository/org/codehaus/jettison/jettison/1.1/jettison-1.1.jar:/home/user/.m2/repository/com/sun/xml/bind/jaxb-impl/2.3.0.1/jaxb-impl-2.3.0.1.jar:/home/user/.m2/repository/org/codehaus/jackson/jackson-core-asl/1.9.13/jackson-core-asl-1.9.13.jar:/home/user/.m2/repository/org/codehaus/jackson/jackson-mapper-asl/1.9.13/jackson-mapper-asl-1.9.13.jar:/home/user/.m2/repository/org/codehaus/jackson/jackson-jaxrs/1.9.13/jackson-jaxrs-1.9.13.jar:/home/user/.m2/repository/org/codehaus/jackson/jackson-xc/1.9.13/jackson-xc-1.9.13.jar:/home/user/.m2/repository/com/sun/jersey/jersey-server/1.19/jersey-server-1.19.jar:/home/user/.m2/repository/commons-logging/commons-logging/1.1.3/commons-logging-1.1.3.jar:/home/user/.m2/repository/log4j/log4j/1.2.17/log4j-1.2.17.jar:/home/user/.m2/repository/commons-beanutils/commons-beanutils/1.9.4/commons-beanutils-1.9.4.jar:/home/user/.m2/repository/org/apache/commons/commons-configuration2/2.1.1/commons-configuration2-2.1.1.jar:/home/user/.m2/repository/org/apache/commons/commons-lang3/3.7/commons-lang3-3.7.jar:/home/user/.m2/repository/org/apache/commons/commons-text/1.4/commons-text-1.4.jar:/home/user/.m2/repository/org/slf4j/slf4j-api/1.7.25/slf4j-api-1.7.25.jar:/home/user/.m2/repository/org/slf4j/slf4j-log4j12/1.7.25/slf4j-log4j12-1.7.25.jar:/home/user/.m2/repository/org/apache/avro/avro/1.7.7/avro-1.7.7.jar:/home/user/.m2/repository/com/thoughtworks/paranamer/paranamer/2.3/paranamer-2.3.jar:/home/user/.m2/repository/org/xerial/snappy/snappy-java/1.0.5/snappy-java-1.0.5.jar:/home/user/.m2/repository/com/google/re2j/re2j/1.1/re2j-1.1.jar:/home/user/.m2/repository/com/google/code/gson/gson/2.2.4/gson-2.2.4.jar:/home/user/.m2/repository/org/apache/hadoop/hadoop-auth/3.2.0/hadoop-auth-3.2.0.jar:/home/user/.m2/repository/com/nimbusds/nimbus-jose-jwt/4.41.1/nimbus-jose-jwt-4.41.1.jar:/home/user/.m2/repository/com/github/stephenc/jcip/jcip-annotations/1.0-1/jcip-annotations-1.0-1.jar:/home/user/.m2/repository/net/minidev/json-smart/2.3/json-smart-2.3.jar:/home/user/.m2/repository/net/minidev/accessors-smart/1.2/accessors-smart-1.2.jar:/home/user/.m2/repository/org/apache/curator/curator-framework/2.12.0/curator-framework-2.12.0.jar:/home/user/.m2/repository/com/jcraft/jsch/0.1.54/jsch-0.1.54.jar:/home/user/.m2/repository/org/apache/curator/curator-client/2.12.0/curator-client-2.12.0.jar:/home/user/.m2/repository/org/apache/curator/curator-recipes/2.12.0/curator-recipes-2.12.0.jar:/home/user/.m2/repository/com/google/code/findbugs/jsr305/3.0.0/jsr305-3.0.0.jar:/home/user/.m2/repository/org/apache/htrace/htrace-core4/4.1.0-incubating/htrace-core4-4.1.0-incubating.jar:/home/user/.m2/repository/org/apache/zookeeper/zookeeper/3.4.13/zookeeper-3.4.13.jar:/home/user/.m2/repository/jline/jline/0.9.94/jline-0.9.94.jar:/home/user/.m2/repository/org/apache/yetus/audience-annotations/0.5.0/audience-annotations-0.5.0.jar:/home/user/.m2/repository/org/apache/kerby/kerb-simplekdc/1.0.1/kerb-simplekdc-1.0.1.jar:/home/user/.m2/repository/org/apache/kerby/kerb-client/1.0.1/kerb-client-1.0.1.jar:/home/user/.m2/repository/org/apache/kerby/kerby-config/1.0.1/kerby-config-1.0.1.jar:/home/user/.m2/repository/org/apache/kerby/kerb-core/1.0.1/kerb-core-1.0.1.jar:/home/user/.m2/repository/org/apache/kerby/kerby-pkix/1.0.1/kerby-pkix-1.0.1.jar:/home/user/.m2/repository/org/apache/kerby/kerby-asn1/1.0.1/kerby-asn1-1.0.1.jar:/home/user/.m2/repository/org/apache/kerby/kerby-util/1.0.1/kerby-util-1.0.1.jar:/home/user/.m2/repository/org/apache/kerby/kerb-common/1.0.1/kerb-common-1.0.1.jar:/home/user/.m2/repository/org/apache/kerby/kerb-crypto/1.0.1/kerb-crypto-1.0.1.jar:/home/user/.m2/repository/org/apache/kerby/kerb-util/1.0.1/kerb-util-1.0.1.jar:/home/user/.m2/repository/org/apache/kerby/token-provider/1.0.1/token-provider-1.0.1.jar:/home/user/.m2/repository/org/apache/kerby/kerb-admin/1.0.1/kerb-admin-1.0.1.jar:/home/user/.m2/repository/org/apache/kerby/kerb-server/1.0.1/kerb-server-1.0.1.jar:/home/user/.m2/repository/org/apache/kerby/kerb-identity/1.0.1/kerb-identity-1.0.1.jar:/home/user/.m2/repository/org/apache/kerby/kerby-xdr/1.0.1/kerby-xdr-1.0.1.jar:/home/user/.m2/repository/com/fasterxml/jackson/core/jackson-databind/2.9.9/jackson-databind-2.9.9.jar:/home/user/.m2/repository/com/fasterxml/jackson/core/jackson-core/2.9.9/jackson-core-2.9.9.jar:/home/user/.m2/repository/org/codehaus/woodstox/stax2-api/3.1.4/stax2-api-3.1.4.jar:/home/user/.m2/repository/com/fasterxml/woodstox/woodstox-core/5.0.3/woodstox-core-5.0.3.jar:/home/user/.m2/repository/dnsjava/dnsjava/2.1.7/dnsjava-2.1.7.jar:/home/user/.m2/repository/org/apache/hadoop/hadoop-hdfs/3.2.0/hadoop-hdfs-3.2.0.jar:/home/user/.m2/repository/org/eclipse/jetty/jetty-util-ajax/9.3.25.v20180904/jetty-util-ajax-9.3.25.v20180904.jar:/home/user/.m2/repository/commons-daemon/commons-daemon/1.0.13/commons-daemon-1.0.13.jar:/home/user/.m2/repository/io/netty/netty/3.10.5.Final/netty-3.10.5.Final.jar:/home/user/.m2/repository/io/netty/netty-all/4.0.52.Final/netty-all-4.0.52.Final.jar:/home/user/.m2/repository/org/fusesource/leveldbjni/leveldbjni-all/1.8/leveldbjni-all-1.8.jar:/home/user/.m2/repository/com/sun/xml/bind/jaxb-core/2.3.0.1/jaxb-core-2.3.0.1.jar:/home/user/.m2/repository/javax/xml/bind/jaxb-api/2.3.0/jaxb-api-2.3.0.jar:/home/user/.m2/repository/javax/activation/activation/1.1.1/activation-1.1.1.jar:/home/user/.m2/repository/io/dropwizard/metrics/metrics-core/3.2.4/metrics-core-3.2.4.jar:/home/user/.m2/repository/org/openjdk/jmh/jmh-core/1.19/jmh-core-1.19.jar:/home/user/.m2/repository/net/sf/jopt-simple/jopt-simple/4.6/jopt-simple-4.6.jar:/home/user/.m2/repository/org/openjdk/jmh/jmh-generator-annprocess/1.19/jmh-generator-annprocess-1.19.jar:/home/user/.m2/repository/com/amazonaws/aws-java-sdk-s3/1.11.615/aws-java-sdk-s3-1.11.615.jar:/home/user/.m2/repository/com/amazonaws/aws-java-sdk-kms/1.11.615/aws-java-sdk-kms-1.11.615.jar:/home/user/.m2/repository/com/amazonaws/aws-java-sdk-core/1.11.615/aws-java-sdk-core-1.11.615.jar:/home/user/.m2/repository/software/amazon/ion/ion-java/1.0.2/ion-java-1.0.2.jar:/home/user/.m2/repository/com/fasterxml/jackson/dataformat/jackson-dataformat-cbor/2.9.9/jackson-dataformat-cbor-2.9.9.jar:/home/user/.m2/repository/joda-time/joda-time/2.9.9/joda-time-2.9.9.jar:/home/user/.m2/repository/com/amazonaws/jmespath-java/1.11.615/jmespath-java-1.11.615.jar:/home/user/.m2/repository/com/google/code/findbugs/findbugs/3.0.1/findbugs-3.0.1.jar:/home/user/.m2/repository/net/jcip/jcip-annotations/1.0/jcip-annotations-1.0.jar:/home/user/.m2/repository/com/google/code/findbugs/bcel-findbugs/6.0/bcel-findbugs-6.0.jar:/home/user/.m2/repository/com/google/code/findbugs/jFormatString/2.0.1/jFormatString-2.0.1.jar:/home/user/.m2/repository/dom4j/dom4j/1.6.1/dom4j-1.6.1.jar:/home/user/.m2/repository/xml-apis/xml-apis/1.0.b2/xml-apis-1.0.b2.jar:/home/user/.m2/repository/org/ow2/asm/asm-debug-all/5.0.2/asm-debug-all-5.0.2.jar:/home/user/.m2/repository/org/ow2/asm/asm-commons/5.0.2/asm-commons-5.0.2.jar:/home/user/.m2/repository/org/ow2/asm/asm-tree/5.0.2/asm-tree-5.0.2.jar:/home/user/.m2/repository/org/ow2/asm/asm/5.0.4/asm-5.0.4.jar:/home/user/.m2/repository/commons-lang/commons-lang/2.6/commons-lang-2.6.jar:/home/user/.m2/repository/com/apple/AppleJavaExtensions/1.4/AppleJavaExtensions-1.4.jar:/home/user/.m2/repository/jaxen/jaxen/1.1.6/jaxen-1.1.6.jar:/home/user/.m2/repository/junit/junit/4.11/junit-4.11.jar:/home/user/.m2/repository/org/hamcrest/hamcrest-core/1.3/hamcrest-core-1.3.jar:/home/user/.m2/repository/org/apache/hadoop/hadoop-common/3.2.0/hadoop-common-3.2.0-tests.jar:/workdir/hadoop-ozone/integration-test/target/test-classes:/home/user/.m2/repository/org/apache/hadoop/hadoop-ozone-s3gateway/0.5.0-SNAPSHOT/hadoop-ozone-s3gateway-0.5.0-SNAPSHOT.jar:/home/user/.m2/repository/org/jboss/weld/servlet/weld-servlet/2.4.7.Final/weld-servlet-2.4.7.Final.jar:/home/user/.m2/repository/org/glassfish/jersey/containers/jersey-container-servlet-core/2.27/jersey-container-servlet-core-2.27.jar:/home/user/.m2/repository/org/glassfish/hk2/external/javax.inject/2.5.0-b42/javax.inject-2.5.0-b42.jar:/home/user/.m2/repository/org/glassfish/jersey/core/jersey-common/2.27/jersey-common-2.27.jar:/home/user/.m2/repository/org/glassfish/hk2/osgi-resource-locator/1.0.1/osgi-resource-locator-1.0.1.jar:/home/user/.m2/repository/javax/ws/rs/javax.ws.rs-api/2.1/javax.ws.rs-api-2.1.jar:/home/user/.m2/repository/org/glassfish/jersey/ext/cdi/jersey-cdi1x/2.27/jersey-cdi1x-2.27.jar:/home/user/.m2/repository/org/glassfish/jersey/inject/jersey-hk2/2.27/jersey-hk2-2.27.jar:/home/user/.m2/repository/org/glassfish/hk2/hk2-locator/2.5.0-b42/hk2-locator-2.5.0-b42.jar:/home/user/.m2/repository/org/javassist/javassist/3.22.0-CR2/javassist-3.22.0-CR2.jar:/home/user/.m2/repository/org/glassfish/hk2/hk2-api/2.5.0/hk2-api-2.5.0.jar:/home/user/.m2/repository/org/glassfish/hk2/external/jakarta.inject/2.5.0/jakarta.inject-2.5.0.jar:/home/user/.m2/repository/org/glassfish/hk2/hk2-utils/2.5.0/hk2-utils-2.5.0.jar:/home/user/.m2/repository/jakarta/annotation/jakarta.annotation-api/1.3.4/jakarta.annotation-api-1.3.4.jar:/home/user/.m2/repository/org/glassfish/hk2/external/aopalliance-repackaged/2.5.0/aopalliance-repackaged-2.5.0.jar:/home/user/.m2/repository/com/fasterxml/jackson/dataformat/jackson-dataformat-xml/2.9.0/jackson-dataformat-xml-2.9.0.jar:/home/user/.m2/repository/com/fasterxml/jackson/module/jackson-module-jaxb-annotations/2.9.9/jackson-module-jaxb-annotations-2.9.9.jar:/home/user/.m2/repository/javax/enterprise/cdi-api/1.2/cdi-api-1.2.jar:/home/user/.m2/repository/javax/el/javax.el-api/3.0.0/javax.el-api-3.0.0.jar:/home/user/.m2/repository/javax/interceptor/javax.interceptor-api/1.2/javax.interceptor-api-1.2.jar:/home/user/.m2/repository/javax/inject/javax.inject/1/javax.inject-1.jar:/home/user/.m2/repository/org/apache/hadoop/hadoop-ozone-csi/0.5.0-SNAPSHOT/hadoop-ozone-csi-0.5.0-SNAPSHOT.jar:/home/user/.m2/repository/com/google/protobuf/protobuf-java-util/3.5.1/protobuf-java-util-3.5.1.jar:/home/user/.m2/repository/io/grpc/grpc-netty/1.17.1/grpc-netty-1.17.1.jar:/home/user/.m2/repository/io/grpc/grpc-core/1.17.1/grpc-core-1.17.1.jar:/home/user/.m2/repository/io/grpc/grpc-context/1.17.1/grpc-context-1.17.1.jar:/home/user/.m2/repository/com/google/errorprone/error_prone_annotations/2.2.0/error_prone_annotations-2.2.0.jar:/home/user/.m2/repository/org/codehaus/mojo/animal-sniffer-annotations/1.17/animal-sniffer-annotations-1.17.jar:/home/user/.m2/repository/io/opencensus/opencensus-api/0.17.0/opencensus-api-0.17.0.jar:/home/user/.m2/repository/io/opencensus/opencensus-contrib-grpc-metrics/0.17.0/opencensus-contrib-grpc-metrics-0.17.0.jar:/home/user/.m2/repository/io/netty/netty-codec-http2/4.1.30.Final/netty-codec-http2-4.1.30.Final.jar:/home/user/.m2/repository/io/netty/netty-codec-http/4.1.30.Final/netty-codec-http-4.1.30.Final.jar:/home/user/.m2/repository/io/netty/netty-codec/4.1.30.Final/netty-codec-4.1.30.Final.jar:/home/user/.m2/repository/io/netty/netty-handler/4.1.30.Final/netty-handler-4.1.30.Final.jar:/home/user/.m2/repository/io/netty/netty-handler-proxy/4.1.30.Final/netty-handler-proxy-4.1.30.Final.jar:/home/user/.m2/repository/io/netty/netty-codec-socks/4.1.30.Final/netty-codec-socks-4.1.30.Final.jar:/home/user/.m2/repository/io/netty/netty-transport-native-epoll/4.1.30.Final/netty-transport-native-epoll-4.1.30.Final.jar:/home/user/.m2/repository/io/netty/netty-common/4.1.30.Final/netty-common-4.1.30.Final.jar:/home/user/.m2/repository/io/netty/netty-buffer/4.1.30.Final/netty-buffer-4.1.30.Final.jar:/home/user/.m2/repository/io/netty/netty-transport/4.1.30.Final/netty-transport-4.1.30.Final.jar:/home/user/.m2/repository/io/netty/netty-resolver/4.1.30.Final/netty-resolver-4.1.30.Final.jar:/home/user/.m2/repository/io/netty/netty-transport-native-unix-common/4.1.30.Final/netty-transport-native-unix-common-4.1.30.Final.jar:/home/user/.m2/repository/io/grpc/grpc-protobuf/1.17.1/grpc-protobuf-1.17.1.jar:/home/user/.m2/repository/com/google/api/grpc/proto-google-common-protos/1.0.0/proto-google-common-protos-1.0.0.jar:/home/user/.m2/repository/io/grpc/grpc-protobuf-lite/1.17.1/grpc-protobuf-lite-1.17.1.jar:/home/user/.m2/repository/io/grpc/grpc-stub/1.17.1/grpc-stub-1.17.1.jar:/home/user/.m2/repository/org/apache/hadoop/hadoop-ozone-recon/0.5.0-SNAPSHOT/hadoop-ozone-recon-0.5.0-SNAPSHOT.jar:/home/user/.m2/repository/org/apache/hadoop/hadoop-ozone-reconcodegen/0.5.0-SNAPSHOT/hadoop-ozone-reconcodegen-0.5.0-SNAPSHOT.jar:/home/user/.m2/repository/com/google/inject/extensions/guice-multibindings/4.0/guice-multibindings-4.0.jar:/home/user/.m2/repository/com/google/inject/guice/4.0/guice-4.0.jar:/home/user/.m2/repository/aopalliance/aopalliance/1.0/aopalliance-1.0.jar:/home/user/.m2/repository/com/google/inject/extensions/guice-servlet/4.0/guice-servlet-4.0.jar:/home/user/.m2/repository/org/glassfish/jersey/containers/jersey-container-servlet/2.27/jersey-container-servlet-2.27.jar:/home/user/.m2/repository/org/glassfish/hk2/guice-bridge/2.5.0/guice-bridge-2.5.0.jar:/home/user/.m2/repository/org/glassfish/jersey/core/jersey-server/2.27/jersey-server-2.27.jar:/home/user/.m2/repository/org/glassfish/jersey/core/jersey-client/2.27/jersey-client-2.27.jar:/home/user/.m2/repository/org/glassfish/jersey/media/jersey-media-jaxb/2.27/jersey-media-jaxb-2.27.jar:/home/user/.m2/repository/javax/validation/validation-api/1.1.0.Final/validation-api-1.1.0.Final.jar:/home/user/.m2/repository/org/glassfish/jersey/media/jersey-media-json-jackson/2.27/jersey-media-json-jackson-2.27.jar:/home/user/.m2/repository/org/glassfish/jersey/ext/jersey-entity-filtering/2.27/jersey-entity-filtering-2.27.jar:/home/user/.m2/repository/com/google/inject/extensions/guice-assistedinject/4.0/guice-assistedinject-4.0.jar:/home/user/.m2/repository/org/jooq/jooq/3.11.10/jooq-3.11.10.jar:/home/user/.m2/repository/org/jooq/jooq-meta/3.11.10/jooq-meta-3.11.10.jar:/home/user/.m2/repository/org/jooq/jooq-codegen/3.11.10/jooq-codegen-3.11.10.jar:/home/user/.m2/repository/com/jolbox/bonecp/0.8.0.RELEASE/bonecp-0.8.0.RELEASE.jar:/home/user/.m2/repository/org/springframework/spring-jdbc/5.1.3.RELEASE/spring-jdbc-5.1.3.RELEASE.jar:/home/user/.m2/repository/org/springframework/spring-beans/5.1.3.RELEASE/spring-beans-5.1.3.RELEASE.jar:/home/user/.m2/repository/org/springframework/spring-core/5.1.3.RELEASE/spring-core-5.1.3.RELEASE.jar:/home/user/.m2/repository/org/springframework/spring-jcl/5.1.3.RELEASE/spring-jcl-5.1.3.RELEASE.jar:/home/user/.m2/repository/org/springframework/spring-tx/5.1.3.RELEASE/spring-tx-5.1.3.RELEASE.jar:/home/user/.m2/repository/org/mockito/mockito-core/2.15.0/mockito-core-2.15.0.jar:/home/user/.m2/repository/net/bytebuddy/byte-buddy/1.7.9/byte-buddy-1.7.9.jar:/home/user/.m2/repository/net/bytebuddy/byte-buddy-agent/1.7.9/byte-buddy-agent-1.7.9.jar:/home/user/.m2/repository/org/objenesis/objenesis/1.0/objenesis-1.0.jar:"/>
    <property name="sun.cpu.endian" value="little"/>
    <property name="user.home" value="/home/user"/>
    <property name="user.language" value="en"/>
    <property name="java.specification.vendor" value="Oracle Corporation"/>
    <property name="java.home" value="/usr/lib/jvm/java-1.8-openjdk/jre"/>
    <property name="java.security.krb5.conf" value="/workdir/hadoop-ozone/tools/target/test-classes/krb5.conf"/>
    <property name="basedir" value="/workdir/hadoop-ozone/tools"/>
    <property name="file.separator" value="/"/>
    <property name="line.separator" value="&#10;"/>
    <property name="java.vm.specification.vendor" value="Oracle Corporation"/>
    <property name="java.specification.name" value="Java Platform API Specification"/>
    <property name="java.awt.graphicsenv" value="sun.awt.X11GraphicsEnvironment"/>
    <property name="surefire.real.class.path" value="/workdir/hadoop-ozone/tools/target/surefire/surefirebooter5741307091088827880.jar"/>
    <property name="hadoop.log.dir" value="/workdir/hadoop-ozone/tools/target/log"/>
    <property name="sun.boot.class.path" value="/usr/lib/jvm/java-1.8-openjdk/jre/lib/resources.jar:/usr/lib/jvm/java-1.8-openjdk/jre/lib/rt.jar:/usr/lib/jvm/java-1.8-openjdk/jre/lib/sunrsasign.jar:/usr/lib/jvm/java-1.8-openjdk/jre/lib/jsse.jar:/usr/lib/jvm/java-1.8-openjdk/jre/lib/jce.jar:/usr/lib/jvm/java-1.8-openjdk/jre/lib/charsets.jar:/usr/lib/jvm/java-1.8-openjdk/jre/lib/jfr.jar:/usr/lib/jvm/java-1.8-openjdk/jre/classes"/>
    <property name="sun.management.compiler" value="HotSpot 64-Bit Tiered Compilers"/>
    <property name="java.runtime.version" value="1.8.0_212-b04"/>
    <property name="java.net.preferIPv4Stack" value="true"/>
    <property name="user.name" value="jenkins1000"/>
    <property name="path.separator" value=":"/>
    <property name="java.security.egd" value="file:///dev/urandom"/>
    <property name="os.version" value="3.10.0-957.12.2.el7.x86_64"/>
    <property name="java.endorsed.dirs" value="/usr/lib/jvm/java-1.8-openjdk/jre/lib/endorsed"/>
    <property name="java.runtime.name" value="OpenJDK Runtime Environment"/>
    <property name="file.encoding" value="UTF-8"/>
    <property name="java.vm.name" value="OpenJDK 64-Bit Server VM"/>
    <property name="test.build.webapps" value=""/>
    <property name="localRepository" value="/home/user/.m2/repository"/>
    <property name="java.vendor.url.bug" value="https://icedtea.classpath.org/bugzilla"/>
    <property name="java.io.tmpdir" value="/tmp"/>
    <property name="require.test.libhadoop" value=""/>
    <property name="java.version" value="1.8.0_212"/>
    <property name="user.dir" value="/workdir/hadoop-ozone/tools"/>
    <property name="os.arch" value="amd64"/>
    <property name="java.vm.specification.name" value="Java Virtual Machine Specification"/>
    <property name="test.build.classes" value="/workdir/hadoop-ozone/tools/target/test-classes"/>
    <property name="java.awt.printerjob" value="sun.print.PSPrinterJob"/>
    <property name="sun.os.patch.level" value="unknown"/>
    <property name="hadoop.tmp.dir" value="/workdir/hadoop-ozone/tools/target/tmp"/>
    <property name="java.library.path" value="/usr/lib/jvm/java-1.8-openjdk/jre/lib/amd64/server:/usr/lib/jvm/java-1.8-openjdk/jre/lib/amd64:/usr/lib/jvm/java-1.8-openjdk/jre/../lib/amd64:/workdir/hadoop-ozone/tools/target/native/target/usr/local/lib:/workdir/hadoop-ozone/tools/../../hadoop-common-project/hadoop-common/target/native/target/usr/local/lib:/usr/java/packages/lib/amd64:/usr/lib64:/lib64:/lib:/usr/lib"/>
    <property name="java.vm.info" value="mixed mode"/>
    <property name="java.vendor" value="IcedTea"/>
    <property name="java.vm.version" value="25.212-b04"/>
    <property name="java.ext.dirs" value="/usr/lib/jvm/java-1.8-openjdk/jre/lib/ext:/usr/java/packages/lib/ext"/>
    <property name="sun.io.unicode.encoding" value="UnicodeLittle"/>
    <property name="java.class.version" value="52.0"/>
  </properties>
  <testcase name="testRestart" classname="org.apache.hadoop.ozone.freon.TestFreonWithPipelineDestroy" time="10.669">
    <error message="Allocated 0 blocks. Requested 5 blocks" type="INTERNAL_ERROR org.apache.hadoop.ozone.om.exceptions.OMException">INTERNAL_ERROR org.apache.hadoop.ozone.om.exceptions.OMException: Allocated 0 blocks. Requested 5 blocks
	at org.apache.hadoop.ozone.om.protocolPB.OzoneManagerProtocolClientSideTranslatorPB.handleError(OzoneManagerProtocolClientSideTranslatorPB.java:732)
	at org.apache.hadoop.ozone.om.protocolPB.OzoneManagerProtocolClientSideTranslatorPB.openKey(OzoneManagerProtocolClientSideTranslatorPB.java:723)
	at sun.reflect.NativeMethodAccessorImpl.invoke0(Native Method)
	at sun.reflect.NativeMethodAccessorImpl.invoke(NativeMethodAccessorImpl.java:62)
	at sun.reflect.DelegatingMethodAccessorImpl.invoke(DelegatingMethodAccessorImpl.java:43)
	at java.lang.reflect.Method.invoke(Method.java:498)
	at org.apache.hadoop.hdds.tracing.TraceAllMethod.invoke(TraceAllMethod.java:66)
	at com.sun.proxy.$Proxy37.openKey(Unknown Source)
	at org.apache.hadoop.ozone.client.rpc.RpcClient.createKey(RpcClient.java:614)
	at org.apache.hadoop.ozone.client.OzoneBucket.createKey(OzoneBucket.java:325)
	at org.apache.hadoop.ozone.freon.RandomKeyGenerator.createKey(RandomKeyGenerator.java:695)
	at org.apache.hadoop.ozone.freon.RandomKeyGenerator.access$1100(RandomKeyGenerator.java:88)
	at org.apache.hadoop.ozone.freon.RandomKeyGenerator$ObjectCreator.run(RandomKeyGenerator.java:615)
	at java.util.concurrent.Executors$RunnableAdapter.call(Executors.java:511)
	at java.util.concurrent.FutureTask.run(FutureTask.java:266)
	at java.util.concurrent.ThreadPoolExecutor.runWorker(ThreadPoolExecutor.java:1149)
	at java.util.concurrent.ThreadPoolExecutor$Worker.run(ThreadPoolExecutor.java:624)
	at java.lang.Thread.run(Thread.java:748)
</error>
    <system-out><![CDATA[2019-09-25 12:55:32,305 [main] WARN  server.ServerUtils (ServerUtils.java:getScmDbDir(145)) - ozone.scm.db.dirs is not configured. We recommend adding this setting. Falling back to ozone.metadata.dirs instead.
2019-09-25 12:55:32,441 [main] WARN  server.ServerUtils (ServerUtils.java:getScmDbDir(145)) - ozone.scm.db.dirs is not configured. We recommend adding this setting. Falling back to ozone.metadata.dirs instead.
2019-09-25 12:55:32,444 [main] WARN  server.ServerUtils (ServerUtils.java:getScmDbDir(145)) - ozone.scm.db.dirs is not configured. We recommend adding this setting. Falling back to ozone.metadata.dirs instead.
2019-09-25 12:55:32,461 [main] INFO  util.log (Log.java:initialized(192)) - Logging initialized @860ms
2019-09-25 12:55:32,563 [main] INFO  db.DBStoreBuilder (DBStoreBuilder.java:addTable(110)) - using custom profile for table: deletedBlocks
2019-09-25 12:55:32,564 [main] INFO  db.DBStoreBuilder (DBStoreBuilder.java:processTables(161)) - Using default column profile:DBProfile.DISK for Table:deletedBlocks
2019-09-25 12:55:32,564 [main] INFO  db.DBStoreBuilder (DBStoreBuilder.java:addTable(110)) - using custom profile for table: validCerts
2019-09-25 12:55:32,564 [main] INFO  db.DBStoreBuilder (DBStoreBuilder.java:processTables(161)) - Using default column profile:DBProfile.DISK for Table:validCerts
2019-09-25 12:55:32,565 [main] INFO  db.DBStoreBuilder (DBStoreBuilder.java:addTable(110)) - using custom profile for table: revokedCerts
2019-09-25 12:55:32,565 [main] INFO  db.DBStoreBuilder (DBStoreBuilder.java:processTables(161)) - Using default column profile:DBProfile.DISK for Table:revokedCerts
2019-09-25 12:55:32,577 [main] INFO  db.DBStoreBuilder (DBStoreBuilder.java:addTable(110)) - using custom profile for table: default
2019-09-25 12:55:32,577 [main] INFO  db.DBStoreBuilder (DBStoreBuilder.java:processTables(167)) - Using default column profile:DBProfile.DISK for Table:default
2019-09-25 12:55:32,578 [main] INFO  db.DBStoreBuilder (DBStoreBuilder.java:getDbProfile(198)) - Using default options. DBProfile.DISK
2019-09-25 12:55:32,948 [main] INFO  net.NodeSchemaLoader (NodeSchemaLoader.java:loadSchemaFromFile(125)) - Loading file from sun.misc.CompoundEnumeration@65fb9ffc
2019-09-25 12:55:32,951 [main] INFO  net.NodeSchemaLoader (NodeSchemaLoader.java:loadSchema(171)) - Loading network topology layer schema file
2019-09-25 12:55:33,028 [main] INFO  node.SCMNodeManager (SCMNodeManager.java:<init>(114)) - Entering startup safe mode.
2019-09-25 12:55:33,113 [main] INFO  algorithms.ContainerPlacementPolicyFactory (ContainerPlacementPolicyFactory.java:getPolicy(59)) - Create container placement policy of type org.apache.hadoop.hdds.scm.container.placement.algorithms.SCMContainerPlacementRandom
2019-09-25 12:55:33,130 [main] WARN  server.ServerUtils (ServerUtils.java:getScmDbDir(145)) - ozone.scm.db.dirs is not configured. We recommend adding this setting. Falling back to ozone.metadata.dirs instead.
2019-09-25 12:55:33,247 [main] INFO  pipeline.SCMPipelineManager (SCMPipelineManager.java:initializePipelineState(132)) - No pipeline exists in current db
2019-09-25 12:55:33,250 [main] WARN  server.ServerUtils (ServerUtils.java:getScmDbDir(145)) - ozone.scm.db.dirs is not configured. We recommend adding this setting. Falling back to ozone.metadata.dirs instead.
2019-09-25 12:55:33,416 [main] WARN  events.EventQueue (EventQueue.java:fireEvent(183)) - No event handler registered for event TypedEvent{payloadType=SafeModeStatus, name='SafeModeStatus'}
2019-09-25 12:55:33,802 [main] INFO  ipc.CallQueueManager (CallQueueManager.java:<init>(84)) - Using callQueue: class java.util.concurrent.LinkedBlockingQueue, queueCapacity: 2000, scheduler: class org.apache.hadoop.ipc.DefaultRpcScheduler, ipcBackoff: false.
2019-09-25 12:55:33,832 [Socket Reader #1 for port 37166] INFO  ipc.Server (Server.java:run(1074)) - Starting Socket Reader #1 for port 37166
2019-09-25 12:55:33,976 [main] INFO  ipc.CallQueueManager (CallQueueManager.java:<init>(84)) - Using callQueue: class java.util.concurrent.LinkedBlockingQueue, queueCapacity: 2000, scheduler: class org.apache.hadoop.ipc.DefaultRpcScheduler, ipcBackoff: false.
2019-09-25 12:55:33,977 [Socket Reader #1 for port 46390] INFO  ipc.Server (Server.java:run(1074)) - Starting Socket Reader #1 for port 46390
2019-09-25 12:55:33,985 [main] INFO  ipc.CallQueueManager (CallQueueManager.java:<init>(84)) - Using callQueue: class java.util.concurrent.LinkedBlockingQueue, queueCapacity: 2000, scheduler: class org.apache.hadoop.ipc.DefaultRpcScheduler, ipcBackoff: false.
2019-09-25 12:55:33,985 [Socket Reader #1 for port 45644] INFO  ipc.Server (Server.java:run(1074)) - Starting Socket Reader #1 for port 45644
2019-09-25 12:55:34,007 [main] INFO  hdfs.DFSUtil (DFSUtil.java:httpServerTemplateForNNAndJN(1641)) - Starting Web-server for scm at: http://0.0.0.0:0
2019-09-25 12:55:34,171 [main] INFO  server.AuthenticationFilter (AuthenticationFilter.java:constructSecretProvider(240)) - Unable to initialize FileSignerSecretProvider, falling back to use random secrets.
2019-09-25 12:55:34,189 [main] WARN  http.HttpRequestLog (HttpRequestLog.java:getRequestLog(97)) - Jetty request log can only be enabled using Log4j
2019-09-25 12:55:34,200 [main] INFO  http.HttpServer2 (HttpServer2.java:addGlobalFilter(975)) - Added global filter 'safety' (class=org.apache.hadoop.http.HttpServer2$QuotingInputFilter)
2019-09-25 12:55:34,203 [main] INFO  http.HttpServer2 (HttpServer2.java:addFilter(948)) - Added filter static_user_filter (class=org.apache.hadoop.http.lib.StaticUserWebFilter$StaticUserFilter) to context scm
2019-09-25 12:55:34,203 [main] INFO  http.HttpServer2 (HttpServer2.java:addFilter(958)) - Added filter static_user_filter (class=org.apache.hadoop.http.lib.StaticUserWebFilter$StaticUserFilter) to context static
2019-09-25 12:55:34,203 [main] INFO  http.HttpServer2 (HttpServer2.java:addFilter(958)) - Added filter static_user_filter (class=org.apache.hadoop.http.lib.StaticUserWebFilter$StaticUserFilter) to context logs
2019-09-25 12:55:34,230 [main] INFO  server.StorageContainerManager (StorageContainerManager.java:start(770)) - StorageContainerLocationProtocol RPC server is listening at /0.0.0.0:45644
2019-09-25 12:55:34,288 [main] WARN  impl.MetricsConfig (MetricsConfig.java:loadFirst(134)) - Cannot locate configuration: tried hadoop-metrics2-storagecontainermanager.properties,hadoop-metrics2.properties
2019-09-25 12:55:34,302 [main] INFO  impl.MetricsSystemImpl (MetricsSystemImpl.java:startTimer(374)) - Scheduled Metric snapshot period at 10 second(s).
2019-09-25 12:55:34,302 [main] INFO  impl.MetricsSystemImpl (MetricsSystemImpl.java:start(191)) - StorageContainerManager metrics system started
2019-09-25 12:55:34,525 [main] INFO  server.SCMClientProtocolServer (SCMClientProtocolServer.java:start(151)) - RPC server for Client  is listening at /0.0.0.0:45644
2019-09-25 12:55:34,526 [IPC Server Responder] INFO  ipc.Server (Server.java:run(1314)) - IPC Server Responder: starting
2019-09-25 12:55:34,526 [IPC Server listener on 45644] INFO  ipc.Server (Server.java:run(1153)) - IPC Server listener on 45644: starting
2019-09-25 12:55:34,528 [main] INFO  server.StorageContainerManager (StorageContainerManager.java:start(780)) - ScmBlockLocationProtocol RPC server is listening at /0.0.0.0:46390
2019-09-25 12:55:34,530 [main] INFO  server.SCMBlockProtocolServer (SCMBlockProtocolServer.java:start(146)) - RPC server for Block Protocol is listening at /0.0.0.0:46390
2019-09-25 12:55:34,530 [IPC Server Responder] INFO  ipc.Server (Server.java:run(1314)) - IPC Server Responder: starting
2019-09-25 12:55:34,530 [IPC Server listener on 46390] INFO  ipc.Server (Server.java:run(1153)) - IPC Server listener on 46390: starting
2019-09-25 12:55:34,532 [main] INFO  server.StorageContainerManager (StorageContainerManager.java:start(784)) - ScmDatanodeProtocl RPC server is listening at /0.0.0.0:37166
2019-09-25 12:55:34,532 [main] INFO  server.SCMDatanodeProtocolServer (SCMDatanodeProtocolServer.java:start(191)) - RPC server for DataNodes is listening at /0.0.0.0:37166
2019-09-25 12:55:34,533 [IPC Server Responder] INFO  ipc.Server (Server.java:run(1314)) - IPC Server Responder: starting
2019-09-25 12:55:34,533 [IPC Server listener on 37166] INFO  ipc.Server (Server.java:run(1153)) - IPC Server listener on 37166: starting
2019-09-25 12:55:34,536 [main] INFO  http.HttpServer2 (HttpServer2.java:bindListener(1191)) - Jetty bound to port 41231
2019-09-25 12:55:34,538 [main] INFO  server.Server (Server.java:doStart(351)) - jetty-9.3.25.v20180904, build timestamp: 2018-09-04T21:11:46Z, git hash: 3ce520221d0240229c862b122d2b06c12a625732
2019-09-25 12:55:34,570 [main] INFO  handler.ContextHandler (ContextHandler.java:doStart(781)) - Started o.e.j.s.ServletContextHandler@4983159f{/logs,file:///workdir/hadoop-ozone/tools/target/log,AVAILABLE}
2019-09-25 12:55:34,571 [main] INFO  handler.ContextHandler (ContextHandler.java:doStart(781)) - Started o.e.j.s.ServletContextHandler@1d2bd371{/static,jar:file:/home/user/.m2/repository/org/apache/hadoop/hadoop-hdds-server-scm/0.5.0-SNAPSHOT/hadoop-hdds-server-scm-0.5.0-SNAPSHOT.jar!/webapps/static,AVAILABLE}
2019-09-25 12:55:34,641 [main] INFO  handler.ContextHandler (ContextHandler.java:doStart(781)) - Started o.e.j.w.WebAppContext@78461bc4{/,file:///tmp/jetty-0.0.0.0-41231-scm-_-any-7238299024163162981.dir/webapp/,AVAILABLE}{/scm}
2019-09-25 12:55:34,645 [main] INFO  server.AbstractConnector (AbstractConnector.java:doStart(278)) - Started ServerConnector@51f49060{HTTP/1.1,[http/1.1]}{0.0.0.0:41231}
2019-09-25 12:55:34,646 [main] INFO  server.Server (Server.java:doStart(419)) - Started @3045ms
2019-09-25 12:55:34,648 [main] INFO  impl.MetricsSinkAdapter (MetricsSinkAdapter.java:start(204)) - Sink prometheus started
2019-09-25 12:55:34,648 [main] INFO  impl.MetricsSystemImpl (MetricsSystemImpl.java:registerSink(301)) - Registered sink prometheus
2019-09-25 12:55:34,649 [main] INFO  server.BaseHttpServer (BaseHttpServer.java:updateConnectorAddress(215)) - HTTP server of SCM is listening at http://0.0.0.0:41231
2019-09-25 12:55:34,655 [org.apache.hadoop.util.JvmPauseMonitor$Monitor@46ab18da] INFO  util.JvmPauseMonitor (JvmPauseMonitor.java:run(188)) - Starting JVM pause monitor
2019-09-25 12:55:34,657 [main] WARN  server.ServerUtils (ServerUtils.java:getDBPath(222)) - ozone.om.db.dirs is not configured. We recommend adding this setting. Falling back to ozone.metadata.dirs instead.
2019-09-25 12:55:34,800 [main] WARN  server.ServerUtils (ServerUtils.java:getDBPath(222)) - ozone.om.db.dirs is not configured. We recommend adding this setting. Falling back to ozone.metadata.dirs instead.
2019-09-25 12:55:34,801 [main] WARN  server.ServerUtils (ServerUtils.java:getDBPath(222)) - ozone.om.db.dirs is not configured. We recommend adding this setting. Falling back to ozone.metadata.dirs instead.
2019-09-25 12:55:34,802 [main] INFO  om.OzoneManager (OzoneManager.java:setOMNodeDetails(652)) - OM Service ID is not set. Setting it to the default ID: omServiceIdDefault
2019-09-25 12:55:34,802 [main] INFO  om.OzoneManager (OzoneManager.java:setOMNodeDetails(658)) - OM Node ID is not set. Setting it to the OmStorage's OmID: da7a38a3-de6f-4b9b-956e-1f738e8855ed
2019-09-25 12:55:34,803 [main] INFO  om.OzoneManager (OzoneManager.java:loadOMHAConfigs(609)) - Found matching OM address with OMServiceId: null, OMNodeId: null, RPC Address: localhost:0 and Ratis port: 9872
2019-09-25 12:55:35,549 [main] WARN  server.ServerUtils (ServerUtils.java:getDBPath(222)) - ozone.om.db.dirs is not configured. We recommend adding this setting. Falling back to ozone.metadata.dirs instead.
2019-09-25 12:55:35,556 [main] INFO  db.DBStoreBuilder (DBStoreBuilder.java:addTable(110)) - using custom profile for table: userTable
2019-09-25 12:55:35,557 [main] INFO  db.DBStoreBuilder (DBStoreBuilder.java:processTables(161)) - Using default column profile:DBProfile.DISK for Table:userTable
2019-09-25 12:55:35,557 [main] INFO  db.DBStoreBuilder (DBStoreBuilder.java:addTable(110)) - using custom profile for table: volumeTable
2019-09-25 12:55:35,557 [main] INFO  db.DBStoreBuilder (DBStoreBuilder.java:processTables(161)) - Using default column profile:DBProfile.DISK for Table:volumeTable
2019-09-25 12:55:35,557 [main] INFO  db.DBStoreBuilder (DBStoreBuilder.java:addTable(110)) - using custom profile for table: bucketTable
2019-09-25 12:55:35,557 [main] INFO  db.DBStoreBuilder (DBStoreBuilder.java:processTables(161)) - Using default column profile:DBProfile.DISK for Table:bucketTable
2019-09-25 12:55:35,558 [main] INFO  db.DBStoreBuilder (DBStoreBuilder.java:addTable(110)) - using custom profile for table: keyTable
2019-09-25 12:55:35,558 [main] INFO  db.DBStoreBuilder (DBStoreBuilder.java:processTables(161)) - Using default column profile:DBProfile.DISK for Table:keyTable
2019-09-25 12:55:35,558 [main] INFO  db.DBStoreBuilder (DBStoreBuilder.java:addTable(110)) - using custom profile for table: deletedTable
2019-09-25 12:55:35,558 [main] INFO  db.DBStoreBuilder (DBStoreBuilder.java:processTables(161)) - Using default column profile:DBProfile.DISK for Table:deletedTable
2019-09-25 12:55:35,559 [main] INFO  db.DBStoreBuilder (DBStoreBuilder.java:addTable(110)) - using custom profile for table: openKeyTable
2019-09-25 12:55:35,559 [main] INFO  db.DBStoreBuilder (DBStoreBuilder.java:processTables(161)) - Using default column profile:DBProfile.DISK for Table:openKeyTable
2019-09-25 12:55:35,559 [main] INFO  db.DBStoreBuilder (DBStoreBuilder.java:addTable(110)) - using custom profile for table: s3Table
2019-09-25 12:55:35,559 [main] INFO  db.DBStoreBuilder (DBStoreBuilder.java:processTables(161)) - Using default column profile:DBProfile.DISK for Table:s3Table
2019-09-25 12:55:35,560 [main] INFO  db.DBStoreBuilder (DBStoreBuilder.java:addTable(110)) - using custom profile for table: multipartInfoTable
2019-09-25 12:55:35,560 [main] INFO  db.DBStoreBuilder (DBStoreBuilder.java:processTables(161)) - Using default column profile:DBProfile.DISK for Table:multipartInfoTable
2019-09-25 12:55:35,560 [main] INFO  db.DBStoreBuilder (DBStoreBuilder.java:addTable(110)) - using custom profile for table: dTokenTable
2019-09-25 12:55:35,560 [main] INFO  db.DBStoreBuilder (DBStoreBuilder.java:processTables(161)) - Using default column profile:DBProfile.DISK for Table:dTokenTable
2019-09-25 12:55:35,561 [main] INFO  db.DBStoreBuilder (DBStoreBuilder.java:addTable(110)) - using custom profile for table: s3SecretTable
2019-09-25 12:55:35,561 [main] INFO  db.DBStoreBuilder (DBStoreBuilder.java:processTables(161)) - Using default column profile:DBProfile.DISK for Table:s3SecretTable
2019-09-25 12:55:35,561 [main] INFO  db.DBStoreBuilder (DBStoreBuilder.java:addTable(110)) - using custom profile for table: prefixTable
2019-09-25 12:55:35,561 [main] INFO  db.DBStoreBuilder (DBStoreBuilder.java:processTables(161)) - Using default column profile:DBProfile.DISK for Table:prefixTable
2019-09-25 12:55:35,562 [main] INFO  db.DBStoreBuilder (DBStoreBuilder.java:addTable(110)) - using custom profile for table: default
2019-09-25 12:55:35,562 [main] INFO  db.DBStoreBuilder (DBStoreBuilder.java:processTables(167)) - Using default column profile:DBProfile.DISK for Table:default
2019-09-25 12:55:35,562 [main] INFO  db.DBStoreBuilder (DBStoreBuilder.java:getDbProfile(198)) - Using default options. DBProfile.DISK
2019-09-25 12:55:36,256 [main] INFO  ipc.CallQueueManager (CallQueueManager.java:<init>(84)) - Using callQueue: class java.util.concurrent.LinkedBlockingQueue, queueCapacity: 2000, scheduler: class org.apache.hadoop.ipc.DefaultRpcScheduler, ipcBackoff: false.
2019-09-25 12:55:36,257 [Socket Reader #1 for port 34973] INFO  ipc.Server (Server.java:run(1074)) - Starting Socket Reader #1 for port 34973
2019-09-25 12:55:36,279 [main] INFO  om.OzoneManager (OzoneManager.java:start(1243)) - OzoneManager RPC server is listening at localhost/127.0.0.1:34973
2019-09-25 12:55:36,279 [main] INFO  impl.MetricsSystemImpl (MetricsSystemImpl.java:init(158)) - OzoneManager metrics system started (again)
2019-09-25 12:55:36,280 [IPC Server Responder] INFO  ipc.Server (Server.java:run(1314)) - IPC Server Responder: starting
2019-09-25 12:55:36,281 [IPC Server listener on 34973] INFO  ipc.Server (Server.java:run(1153)) - IPC Server listener on 34973: starting
2019-09-25 12:55:36,287 [main] INFO  hdfs.DFSUtil (DFSUtil.java:httpServerTemplateForNNAndJN(1641)) - Starting Web-server for ozoneManager at: http://0.0.0.0:0
2019-09-25 12:55:36,288 [main] INFO  server.AuthenticationFilter (AuthenticationFilter.java:constructSecretProvider(240)) - Unable to initialize FileSignerSecretProvider, falling back to use random secrets.
2019-09-25 12:55:36,289 [main] WARN  http.HttpRequestLog (HttpRequestLog.java:getRequestLog(97)) - Jetty request log can only be enabled using Log4j
2019-09-25 12:55:36,291 [main] INFO  http.HttpServer2 (HttpServer2.java:addGlobalFilter(975)) - Added global filter 'safety' (class=org.apache.hadoop.http.HttpServer2$QuotingInputFilter)
2019-09-25 12:55:36,291 [main] INFO  http.HttpServer2 (HttpServer2.java:addFilter(948)) - Added filter static_user_filter (class=org.apache.hadoop.http.lib.StaticUserWebFilter$StaticUserFilter) to context ozoneManager
2019-09-25 12:55:36,292 [main] INFO  http.HttpServer2 (HttpServer2.java:addFilter(958)) - Added filter static_user_filter (class=org.apache.hadoop.http.lib.StaticUserWebFilter$StaticUserFilter) to context logs
2019-09-25 12:55:36,292 [main] INFO  http.HttpServer2 (HttpServer2.java:addFilter(958)) - Added filter static_user_filter (class=org.apache.hadoop.http.lib.StaticUserWebFilter$StaticUserFilter) to context static
2019-09-25 12:55:36,294 [main] INFO  http.HttpServer2 (HttpServer2.java:bindListener(1191)) - Jetty bound to port 36240
2019-09-25 12:55:36,294 [main] INFO  server.Server (Server.java:doStart(351)) - jetty-9.3.25.v20180904, build timestamp: 2018-09-04T21:11:46Z, git hash: 3ce520221d0240229c862b122d2b06c12a625732
2019-09-25 12:55:36,296 [main] INFO  handler.ContextHandler (ContextHandler.java:doStart(781)) - Started o.e.j.s.ServletContextHandler@55b8dbda{/logs,file:///workdir/hadoop-ozone/tools/target/log,AVAILABLE}
2019-09-25 12:55:36,296 [main] INFO  handler.ContextHandler (ContextHandler.java:doStart(781)) - Started o.e.j.s.ServletContextHandler@3a022576{/static,jar:file:/home/user/.m2/repository/org/apache/hadoop/hadoop-ozone-ozone-manager/0.5.0-SNAPSHOT/hadoop-ozone-ozone-manager-0.5.0-SNAPSHOT.jar!/webapps/static,AVAILABLE}
2019-09-25 12:55:36,345 [main] INFO  handler.ContextHandler (ContextHandler.java:doStart(781)) - Started o.e.j.w.WebAppContext@388b401d{/,file:///tmp/jetty-0.0.0.0-36240-ozoneManager-_-any-6121514435786456699.dir/webapp/,AVAILABLE}{/ozoneManager}
2019-09-25 12:55:36,345 [main] INFO  server.AbstractConnector (AbstractConnector.java:doStart(278)) - Started ServerConnector@2bcec6a6{HTTP/1.1,[http/1.1]}{0.0.0.0:36240}
2019-09-25 12:55:36,346 [main] INFO  server.Server (Server.java:doStart(419)) - Started @4745ms
2019-09-25 12:55:36,346 [main] WARN  impl.MetricsSystemImpl (MetricsSystemImpl.java:register(276)) - Sink prometheus already exists!
2019-09-25 12:55:36,349 [main] INFO  server.BaseHttpServer (BaseHttpServer.java:updateConnectorAddress(215)) - HTTP server of OZONEMANAGER is listening at http://0.0.0.0:36240
2019-09-25 12:55:36,648 [main] INFO  impl.MetricsSystemImpl (MetricsSystemImpl.java:init(158)) - HddsDatanode metrics system started (again)
2019-09-25 12:55:36,715 [main] INFO  ozone.HddsDatanodeService (HddsDatanodeService.java:start(184)) - HddsDatanodeService host:pr-hdds-1569-shd4m-3693607622 ip:192.168.151.73
2019-09-25 12:55:36,751 [main] INFO  volume.HddsVolume (HddsVolume.java:<init>(176)) - Creating Volume: /workdir/hadoop-ozone/tools/target/test-dir/MiniOzoneClusterImpl-dd5724c6-bedc-4b9f-b6c2-d61ca2c556e0/datanode-0/data/containers/hdds of  storage type : DISK and capacity : 1482555576320
2019-09-25 12:55:36,753 [main] INFO  volume.VolumeSet (VolumeSet.java:initializeVolumeSet(170)) - Added Volume : /workdir/hadoop-ozone/tools/target/test-dir/MiniOzoneClusterImpl-dd5724c6-bedc-4b9f-b6c2-d61ca2c556e0/datanode-0/data/containers/hdds to VolumeSet
2019-09-25 12:55:36,756 [main] INFO  volume.ThrottledAsyncChecker (ThrottledAsyncChecker.java:schedule(139)) - Scheduling a check for org.apache.hadoop.ozone.container.common.volume.HddsVolume@7d0cc890
2019-09-25 12:55:36,774 [main] INFO  volume.HddsVolumeChecker (HddsVolumeChecker.java:checkAllVolumes(202)) - Scheduled health check for volume org.apache.hadoop.ozone.container.common.volume.HddsVolume@7d0cc890
2019-09-25 12:55:36,888 [main] INFO  impl.RaftServerProxy (ConfUtils.java:logGet(43)) - raft.rpc.type = GRPC (default)
2019-09-25 12:55:36,957 [main] INFO  grpc.GrpcFactory (GrpcFactory.java:checkPooledByteBufAllocatorUseCacheForAllThreads(45)) - PERFORMANCE WARNING: useCacheForAllThreads is true that may cause Netty to create a lot garbage objects and, as a result, trigger GC.
	It is recommended to disable useCacheForAllThreads by setting -Dorg.apache.ratis.thirdparty.io.netty.allocator.useCacheForAllThreads=false in command line.
2019-09-25 12:55:36,962 [main] INFO  grpc.GrpcConfigKeys$Server (ConfUtils.java:logGet(43)) - raft.grpc.server.port = 0 (default)
2019-09-25 12:55:36,963 [main] INFO  server.GrpcService (ConfUtils.java:logGet(43)) - raft.grpc.message.size.max = 33570816 (custom)
2019-09-25 12:55:36,964 [main] INFO  server.RaftServerConfigKeys (ConfUtils.java:logGet(43)) - raft.server.log.appender.buffer.byte-limit = 33554432 (custom)
2019-09-25 12:55:36,965 [main] INFO  server.GrpcService (ConfUtils.java:logGet(43)) - raft.grpc.flow.control.window = 1MB (=1048576) (default)
2019-09-25 12:55:36,966 [main] INFO  server.RaftServerConfigKeys (ConfUtils.java:logGet(43)) - raft.server.rpc.request.timeout = 3000ms (default)
2019-09-25 12:55:37,162 [main] INFO  server.RaftServerConfigKeys (ConfUtils.java:logGet(43)) - raft.server.storage.dir = [/workdir/hadoop-ozone/tools/target/test-dir/MiniOzoneClusterImpl-dd5724c6-bedc-4b9f-b6c2-d61ca2c556e0/datanode-0/data/ratis] (custom)
2019-09-25 12:55:37,214 [main] INFO  hdfs.DFSUtil (DFSUtil.java:httpServerTemplateForNNAndJN(1641)) - Starting Web-server for hddsDatanode at: http://0.0.0.0:0
2019-09-25 12:55:37,217 [main] INFO  server.AuthenticationFilter (AuthenticationFilter.java:constructSecretProvider(240)) - Unable to initialize FileSignerSecretProvider, falling back to use random secrets.
2019-09-25 12:55:37,217 [main] WARN  http.HttpRequestLog (HttpRequestLog.java:getRequestLog(97)) - Jetty request log can only be enabled using Log4j
2019-09-25 12:55:37,219 [main] INFO  http.HttpServer2 (HttpServer2.java:addGlobalFilter(975)) - Added global filter 'safety' (class=org.apache.hadoop.http.HttpServer2$QuotingInputFilter)
2019-09-25 12:55:37,220 [main] INFO  http.HttpServer2 (HttpServer2.java:addFilter(948)) - Added filter static_user_filter (class=org.apache.hadoop.http.lib.StaticUserWebFilter$StaticUserFilter) to context hddsDatanode
2019-09-25 12:55:37,220 [main] INFO  http.HttpServer2 (HttpServer2.java:addFilter(958)) - Added filter static_user_filter (class=org.apache.hadoop.http.lib.StaticUserWebFilter$StaticUserFilter) to context static
2019-09-25 12:55:37,220 [main] INFO  http.HttpServer2 (HttpServer2.java:addFilter(958)) - Added filter static_user_filter (class=org.apache.hadoop.http.lib.StaticUserWebFilter$StaticUserFilter) to context logs
2019-09-25 12:55:37,221 [main] INFO  http.HttpServer2 (HttpServer2.java:bindListener(1191)) - Jetty bound to port 43337
2019-09-25 12:55:37,221 [main] INFO  server.Server (Server.java:doStart(351)) - jetty-9.3.25.v20180904, build timestamp: 2018-09-04T21:11:46Z, git hash: 3ce520221d0240229c862b122d2b06c12a625732
2019-09-25 12:55:37,224 [main] INFO  handler.ContextHandler (ContextHandler.java:doStart(781)) - Started o.e.j.s.ServletContextHandler@43e9089{/logs,file:///workdir/hadoop-ozone/tools/target/log,AVAILABLE}
2019-09-25 12:55:37,224 [main] INFO  handler.ContextHandler (ContextHandler.java:doStart(781)) - Started o.e.j.s.ServletContextHandler@352c44a8{/static,jar:file:/home/user/.m2/repository/org/apache/hadoop/hadoop-hdds-container-service/0.5.0-SNAPSHOT/hadoop-hdds-container-service-0.5.0-SNAPSHOT.jar!/webapps/static,AVAILABLE}
2019-09-25 12:55:37,250 [main] INFO  handler.ContextHandler (ContextHandler.java:doStart(781)) - Started o.e.j.w.WebAppContext@78054f54{/,file:///tmp/jetty-0.0.0.0-43337-hddsDatanode-_-any-7485367836259108820.dir/webapp/,AVAILABLE}{/hddsDatanode}
2019-09-25 12:55:37,250 [main] INFO  server.AbstractConnector (AbstractConnector.java:doStart(278)) - Started ServerConnector@cb7fa71{HTTP/1.1,[http/1.1]}{0.0.0.0:43337}
2019-09-25 12:55:37,251 [main] INFO  server.Server (Server.java:doStart(419)) - Started @5650ms
2019-09-25 12:55:37,251 [main] WARN  impl.MetricsSystemImpl (MetricsSystemImpl.java:register(276)) - Sink prometheus already exists!
2019-09-25 12:55:37,253 [main] INFO  server.BaseHttpServer (BaseHttpServer.java:updateConnectorAddress(215)) - HTTP server of HDDSDATANODE is listening at http://0.0.0.0:43337
2019-09-25 12:55:37,254 [main] INFO  impl.MetricsSystemImpl (MetricsSystemImpl.java:init(158)) - HddsDatanode metrics system started (again)
2019-09-25 12:55:37,256 [main] INFO  ozone.HddsDatanodeService (HddsDatanodeService.java:start(184)) - HddsDatanodeService host:pr-hdds-1569-shd4m-3693607622 ip:192.168.151.73
2019-09-25 12:55:37,263 [org.apache.hadoop.util.JvmPauseMonitor$Monitor@10cf215b] INFO  util.JvmPauseMonitor (JvmPauseMonitor.java:run(188)) - Starting JVM pause monitor
2019-09-25 12:55:37,264 [main] INFO  volume.HddsVolume (HddsVolume.java:<init>(176)) - Creating Volume: /workdir/hadoop-ozone/tools/target/test-dir/MiniOzoneClusterImpl-dd5724c6-bedc-4b9f-b6c2-d61ca2c556e0/datanode-1/data/containers/hdds of  storage type : DISK and capacity : 1482555576320
2019-09-25 12:55:37,265 [main] INFO  volume.VolumeSet (VolumeSet.java:initializeVolumeSet(170)) - Added Volume : /workdir/hadoop-ozone/tools/target/test-dir/MiniOzoneClusterImpl-dd5724c6-bedc-4b9f-b6c2-d61ca2c556e0/datanode-1/data/containers/hdds to VolumeSet
2019-09-25 12:55:37,266 [main] INFO  volume.ThrottledAsyncChecker (ThrottledAsyncChecker.java:schedule(139)) - Scheduling a check for org.apache.hadoop.ozone.container.common.volume.HddsVolume@1a2bcd56
2019-09-25 12:55:37,266 [main] INFO  volume.HddsVolumeChecker (HddsVolumeChecker.java:checkAllVolumes(202)) - Scheduled health check for volume org.apache.hadoop.ozone.container.common.volume.HddsVolume@1a2bcd56
2019-09-25 12:55:37,281 [main] INFO  impl.RaftServerProxy (ConfUtils.java:logGet(43)) - raft.rpc.type = GRPC (default)
2019-09-25 12:55:37,281 [main] INFO  grpc.GrpcFactory (GrpcFactory.java:checkPooledByteBufAllocatorUseCacheForAllThreads(45)) - PERFORMANCE WARNING: useCacheForAllThreads is true that may cause Netty to create a lot garbage objects and, as a result, trigger GC.
	It is recommended to disable useCacheForAllThreads by setting -Dorg.apache.ratis.thirdparty.io.netty.allocator.useCacheForAllThreads=false in command line.
2019-09-25 12:55:37,281 [main] INFO  grpc.GrpcConfigKeys$Server (ConfUtils.java:logGet(43)) - raft.grpc.server.port = 0 (default)
2019-09-25 12:55:37,282 [main] INFO  server.GrpcService (ConfUtils.java:logGet(43)) - raft.grpc.message.size.max = 33570816 (custom)
2019-09-25 12:55:37,282 [main] INFO  server.RaftServerConfigKeys (ConfUtils.java:logGet(43)) - raft.server.log.appender.buffer.byte-limit = 33554432 (custom)
2019-09-25 12:55:37,282 [main] INFO  server.GrpcService (ConfUtils.java:logGet(43)) - raft.grpc.flow.control.window = 1MB (=1048576) (default)
2019-09-25 12:55:37,282 [main] INFO  server.RaftServerConfigKeys (ConfUtils.java:logGet(43)) - raft.server.rpc.request.timeout = 3000ms (default)
2019-09-25 12:55:37,283 [main] INFO  server.RaftServerConfigKeys (ConfUtils.java:logGet(43)) - raft.server.storage.dir = [/workdir/hadoop-ozone/tools/target/test-dir/MiniOzoneClusterImpl-dd5724c6-bedc-4b9f-b6c2-d61ca2c556e0/datanode-1/data/ratis] (custom)
2019-09-25 12:55:37,284 [main] INFO  hdfs.DFSUtil (DFSUtil.java:httpServerTemplateForNNAndJN(1641)) - Starting Web-server for hddsDatanode at: http://0.0.0.0:0
2019-09-25 12:55:37,287 [main] INFO  server.AuthenticationFilter (AuthenticationFilter.java:constructSecretProvider(240)) - Unable to initialize FileSignerSecretProvider, falling back to use random secrets.
2019-09-25 12:55:37,289 [main] WARN  http.HttpRequestLog (HttpRequestLog.java:getRequestLog(97)) - Jetty request log can only be enabled using Log4j
2019-09-25 12:55:37,292 [main] INFO  http.HttpServer2 (HttpServer2.java:addGlobalFilter(975)) - Added global filter 'safety' (class=org.apache.hadoop.http.HttpServer2$QuotingInputFilter)
2019-09-25 12:55:37,294 [main] INFO  http.HttpServer2 (HttpServer2.java:addFilter(948)) - Added filter static_user_filter (class=org.apache.hadoop.http.lib.StaticUserWebFilter$StaticUserFilter) to context hddsDatanode
2019-09-25 12:55:37,294 [main] INFO  http.HttpServer2 (HttpServer2.java:addFilter(958)) - Added filter static_user_filter (class=org.apache.hadoop.http.lib.StaticUserWebFilter$StaticUserFilter) to context static
2019-09-25 12:55:37,295 [main] INFO  http.HttpServer2 (HttpServer2.java:addFilter(958)) - Added filter static_user_filter (class=org.apache.hadoop.http.lib.StaticUserWebFilter$StaticUserFilter) to context logs
2019-09-25 12:55:37,296 [main] INFO  http.HttpServer2 (HttpServer2.java:bindListener(1191)) - Jetty bound to port 34023
2019-09-25 12:55:37,297 [main] INFO  server.Server (Server.java:doStart(351)) - jetty-9.3.25.v20180904, build timestamp: 2018-09-04T21:11:46Z, git hash: 3ce520221d0240229c862b122d2b06c12a625732
2019-09-25 12:55:37,302 [main] INFO  handler.ContextHandler (ContextHandler.java:doStart(781)) - Started o.e.j.s.ServletContextHandler@a451491{/logs,file:///workdir/hadoop-ozone/tools/target/log,AVAILABLE}
2019-09-25 12:55:37,303 [main] INFO  handler.ContextHandler (ContextHandler.java:doStart(781)) - Started o.e.j.s.ServletContextHandler@5e519ad3{/static,jar:file:/home/user/.m2/repository/org/apache/hadoop/hadoop-hdds-container-service/0.5.0-SNAPSHOT/hadoop-hdds-container-service-0.5.0-SNAPSHOT.jar!/webapps/static,AVAILABLE}
2019-09-25 12:55:37,350 [main] INFO  handler.ContextHandler (ContextHandler.java:doStart(781)) - Started o.e.j.w.WebAppContext@c3edf4c{/,file:///tmp/jetty-0.0.0.0-34023-hddsDatanode-_-any-6535447677488553089.dir/webapp/,AVAILABLE}{/hddsDatanode}
2019-09-25 12:55:37,351 [main] INFO  server.AbstractConnector (AbstractConnector.java:doStart(278)) - Started ServerConnector@5af8bb51{HTTP/1.1,[http/1.1]}{0.0.0.0:34023}
2019-09-25 12:55:37,352 [main] INFO  server.Server (Server.java:doStart(419)) - Started @5751ms
2019-09-25 12:55:37,353 [main] WARN  impl.MetricsSystemImpl (MetricsSystemImpl.java:register(276)) - Sink prometheus already exists!
2019-09-25 12:55:37,354 [main] INFO  server.BaseHttpServer (BaseHttpServer.java:updateConnectorAddress(215)) - HTTP server of HDDSDATANODE is listening at http://0.0.0.0:34023
2019-09-25 12:55:37,354 [main] INFO  impl.MetricsSystemImpl (MetricsSystemImpl.java:init(158)) - HddsDatanode metrics system started (again)
2019-09-25 12:55:37,357 [main] INFO  ozone.HddsDatanodeService (HddsDatanodeService.java:start(184)) - HddsDatanodeService host:pr-hdds-1569-shd4m-3693607622 ip:192.168.151.73
2019-09-25 12:55:37,358 [org.apache.hadoop.util.JvmPauseMonitor$Monitor@76e0fce4] INFO  util.JvmPauseMonitor (JvmPauseMonitor.java:run(188)) - Starting JVM pause monitor
2019-09-25 12:55:37,367 [main] INFO  volume.HddsVolume (HddsVolume.java:<init>(176)) - Creating Volume: /workdir/hadoop-ozone/tools/target/test-dir/MiniOzoneClusterImpl-dd5724c6-bedc-4b9f-b6c2-d61ca2c556e0/datanode-2/data/containers/hdds of  storage type : DISK and capacity : 1482555576320
2019-09-25 12:55:37,367 [main] INFO  volume.VolumeSet (VolumeSet.java:initializeVolumeSet(170)) - Added Volume : /workdir/hadoop-ozone/tools/target/test-dir/MiniOzoneClusterImpl-dd5724c6-bedc-4b9f-b6c2-d61ca2c556e0/datanode-2/data/containers/hdds to VolumeSet
2019-09-25 12:55:37,367 [main] INFO  volume.ThrottledAsyncChecker (ThrottledAsyncChecker.java:schedule(139)) - Scheduling a check for org.apache.hadoop.ozone.container.common.volume.HddsVolume@15639440
2019-09-25 12:55:37,368 [main] INFO  volume.HddsVolumeChecker (HddsVolumeChecker.java:checkAllVolumes(202)) - Scheduled health check for volume org.apache.hadoop.ozone.container.common.volume.HddsVolume@15639440
2019-09-25 12:55:37,384 [main] INFO  impl.RaftServerProxy (ConfUtils.java:logGet(43)) - raft.rpc.type = GRPC (default)
2019-09-25 12:55:37,384 [main] INFO  grpc.GrpcFactory (GrpcFactory.java:checkPooledByteBufAllocatorUseCacheForAllThreads(45)) - PERFORMANCE WARNING: useCacheForAllThreads is true that may cause Netty to create a lot garbage objects and, as a result, trigger GC.
	It is recommended to disable useCacheForAllThreads by setting -Dorg.apache.ratis.thirdparty.io.netty.allocator.useCacheForAllThreads=false in command line.
2019-09-25 12:55:37,384 [main] INFO  grpc.GrpcConfigKeys$Server (ConfUtils.java:logGet(43)) - raft.grpc.server.port = 0 (default)
2019-09-25 12:55:37,385 [main] INFO  server.GrpcService (ConfUtils.java:logGet(43)) - raft.grpc.message.size.max = 33570816 (custom)
2019-09-25 12:55:37,385 [main] INFO  server.RaftServerConfigKeys (ConfUtils.java:logGet(43)) - raft.server.log.appender.buffer.byte-limit = 33554432 (custom)
2019-09-25 12:55:37,386 [main] INFO  server.GrpcService (ConfUtils.java:logGet(43)) - raft.grpc.flow.control.window = 1MB (=1048576) (default)
2019-09-25 12:55:37,386 [main] INFO  server.RaftServerConfigKeys (ConfUtils.java:logGet(43)) - raft.server.rpc.request.timeout = 3000ms (default)
2019-09-25 12:55:37,387 [main] INFO  server.RaftServerConfigKeys (ConfUtils.java:logGet(43)) - raft.server.storage.dir = [/workdir/hadoop-ozone/tools/target/test-dir/MiniOzoneClusterImpl-dd5724c6-bedc-4b9f-b6c2-d61ca2c556e0/datanode-2/data/ratis] (custom)
2019-09-25 12:55:37,390 [main] INFO  hdfs.DFSUtil (DFSUtil.java:httpServerTemplateForNNAndJN(1641)) - Starting Web-server for hddsDatanode at: http://0.0.0.0:0
2019-09-25 12:55:37,393 [main] INFO  server.AuthenticationFilter (AuthenticationFilter.java:constructSecretProvider(240)) - Unable to initialize FileSignerSecretProvider, falling back to use random secrets.
2019-09-25 12:55:37,393 [main] WARN  http.HttpRequestLog (HttpRequestLog.java:getRequestLog(97)) - Jetty request log can only be enabled using Log4j
2019-09-25 12:55:37,396 [main] INFO  http.HttpServer2 (HttpServer2.java:addGlobalFilter(975)) - Added global filter 'safety' (class=org.apache.hadoop.http.HttpServer2$QuotingInputFilter)
2019-09-25 12:55:37,397 [main] INFO  http.HttpServer2 (HttpServer2.java:addFilter(948)) - Added filter static_user_filter (class=org.apache.hadoop.http.lib.StaticUserWebFilter$StaticUserFilter) to context hddsDatanode
2019-09-25 12:55:37,397 [main] INFO  http.HttpServer2 (HttpServer2.java:addFilter(958)) - Added filter static_user_filter (class=org.apache.hadoop.http.lib.StaticUserWebFilter$StaticUserFilter) to context logs
2019-09-25 12:55:37,397 [main] INFO  http.HttpServer2 (HttpServer2.java:addFilter(958)) - Added filter static_user_filter (class=org.apache.hadoop.http.lib.StaticUserWebFilter$StaticUserFilter) to context static
2019-09-25 12:55:37,398 [main] INFO  http.HttpServer2 (HttpServer2.java:bindListener(1191)) - Jetty bound to port 40813
2019-09-25 12:55:37,398 [main] INFO  server.Server (Server.java:doStart(351)) - jetty-9.3.25.v20180904, build timestamp: 2018-09-04T21:11:46Z, git hash: 3ce520221d0240229c862b122d2b06c12a625732
2019-09-25 12:55:37,399 [Datanode State Machine Thread - 0] INFO  datanode.InitDatanodeState (InitDatanodeState.java:persistContainerDatanodeDetails(140)) - DatanodeDetails is persisted to /workdir/hadoop-ozone/tools/target/test-dir/MiniOzoneClusterImpl-dd5724c6-bedc-4b9f-b6c2-d61ca2c556e0/datanode-0/meta/datanode.id
2019-09-25 12:55:37,404 [main] INFO  handler.ContextHandler (ContextHandler.java:doStart(781)) - Started o.e.j.s.ServletContextHandler@296e281a{/logs,file:///workdir/hadoop-ozone/tools/target/log,AVAILABLE}
2019-09-25 12:55:37,405 [main] INFO  handler.ContextHandler (ContextHandler.java:doStart(781)) - Started o.e.j.s.ServletContextHandler@5dd903be{/static,jar:file:/home/user/.m2/repository/org/apache/hadoop/hadoop-hdds-container-service/0.5.0-SNAPSHOT/hadoop-hdds-container-service-0.5.0-SNAPSHOT.jar!/webapps/static,AVAILABLE}
2019-09-25 12:55:37,405 [Datanode State Machine Thread - 0] INFO  datanode.InitDatanodeState (InitDatanodeState.java:persistContainerDatanodeDetails(140)) - DatanodeDetails is persisted to /workdir/hadoop-ozone/tools/target/test-dir/MiniOzoneClusterImpl-dd5724c6-bedc-4b9f-b6c2-d61ca2c556e0/datanode-1/meta/datanode.id
2019-09-25 12:55:37,443 [main] INFO  handler.ContextHandler (ContextHandler.java:doStart(781)) - Started o.e.j.w.WebAppContext@42b84286{/,file:///tmp/jetty-0.0.0.0-40813-hddsDatanode-_-any-2432262741199273353.dir/webapp/,AVAILABLE}{/hddsDatanode}
2019-09-25 12:55:37,444 [main] INFO  server.AbstractConnector (AbstractConnector.java:doStart(278)) - Started ServerConnector@443effcb{HTTP/1.1,[http/1.1]}{0.0.0.0:40813}
2019-09-25 12:55:37,445 [main] INFO  server.Server (Server.java:doStart(419)) - Started @5844ms
2019-09-25 12:55:37,445 [main] WARN  impl.MetricsSystemImpl (MetricsSystemImpl.java:register(276)) - Sink prometheus already exists!
2019-09-25 12:55:37,446 [main] INFO  server.BaseHttpServer (BaseHttpServer.java:updateConnectorAddress(215)) - HTTP server of HDDSDATANODE is listening at http://0.0.0.0:40813
2019-09-25 12:55:37,448 [main] INFO  ozone.MiniOzoneClusterImpl (MiniOzoneClusterImpl.java:lambda$waitForClusterToBeReady$0(147)) - Waiting for cluster to be ready. Got 0 of 3 DN Heartbeats.
2019-09-25 12:55:37,449 [org.apache.hadoop.util.JvmPauseMonitor$Monitor@548da8f3] INFO  util.JvmPauseMonitor (JvmPauseMonitor.java:run(188)) - Starting JVM pause monitor
2019-09-25 12:55:37,453 [Datanode State Machine Thread - 0] INFO  datanode.InitDatanodeState (InitDatanodeState.java:persistContainerDatanodeDetails(140)) - DatanodeDetails is persisted to /workdir/hadoop-ozone/tools/target/test-dir/MiniOzoneClusterImpl-dd5724c6-bedc-4b9f-b6c2-d61ca2c556e0/datanode-2/meta/datanode.id
2019-09-25 12:55:38,449 [main] INFO  ozone.MiniOzoneClusterImpl (MiniOzoneClusterImpl.java:lambda$waitForClusterToBeReady$0(147)) - Waiting for cluster to be ready. Got 0 of 3 DN Heartbeats.
2019-09-25 12:55:39,333 [Datanode State Machine Thread - 0] INFO  ozoneimpl.OzoneContainer (OzoneContainer.java:start(217)) - Attempting to start container services.
2019-09-25 12:55:39,336 [Datanode State Machine Thread - 0] INFO  ozoneimpl.OzoneContainer (OzoneContainer.java:startContainerScrub(179)) - Background container scanner has been disabled.
2019-09-25 12:55:39,336 [Datanode State Machine Thread - 0] INFO  ratis.XceiverServerRatis (XceiverServerRatis.java:start(411)) - Starting XceiverServerRatis 301733ef-76bd-44e0-8b49-af06a9308120 at port 0
2019-09-25 12:55:39,355 [Datanode State Machine Thread - 0] INFO  impl.RaftServerProxy (RaftServerProxy.java:lambda$start$3(299)) - 301733ef-76bd-44e0-8b49-af06a9308120: start RPC server
2019-09-25 12:55:39,386 [Datanode State Machine Thread - 0] INFO  ozoneimpl.OzoneContainer (OzoneContainer.java:start(217)) - Attempting to start container services.
2019-09-25 12:55:39,393 [Datanode State Machine Thread - 0] INFO  ozoneimpl.OzoneContainer (OzoneContainer.java:startContainerScrub(179)) - Background container scanner has been disabled.
2019-09-25 12:55:39,393 [Datanode State Machine Thread - 0] INFO  ratis.XceiverServerRatis (XceiverServerRatis.java:start(411)) - Starting XceiverServerRatis 2729792d-b2a4-4e65-a25b-ab0b4d1b27a6 at port 0
2019-09-25 12:55:39,402 [Datanode State Machine Thread - 0] INFO  impl.RaftServerProxy (RaftServerProxy.java:lambda$start$3(299)) - 2729792d-b2a4-4e65-a25b-ab0b4d1b27a6: start RPC server
2019-09-25 12:55:39,451 [main] INFO  ozone.MiniOzoneClusterImpl (MiniOzoneClusterImpl.java:lambda$waitForClusterToBeReady$0(147)) - Waiting for cluster to be ready. Got 0 of 3 DN Heartbeats.
2019-09-25 12:55:39,476 [Datanode State Machine Thread - 0] INFO  ozoneimpl.OzoneContainer (OzoneContainer.java:start(217)) - Attempting to start container services.
2019-09-25 12:55:39,477 [Datanode State Machine Thread - 0] INFO  ozoneimpl.OzoneContainer (OzoneContainer.java:startContainerScrub(179)) - Background container scanner has been disabled.
2019-09-25 12:55:39,478 [Datanode State Machine Thread - 0] INFO  ratis.XceiverServerRatis (XceiverServerRatis.java:start(411)) - Starting XceiverServerRatis 77ddc70b-a4d5-46bc-9bd0-0ef6651d4d69 at port 0
2019-09-25 12:55:39,489 [Datanode State Machine Thread - 0] INFO  impl.RaftServerProxy (RaftServerProxy.java:lambda$start$3(299)) - 77ddc70b-a4d5-46bc-9bd0-0ef6651d4d69: start RPC server
2019-09-25 12:55:39,491 [Datanode State Machine Thread - 0] INFO  server.GrpcService (GrpcService.java:startImpl(158)) - 2729792d-b2a4-4e65-a25b-ab0b4d1b27a6: GrpcService started, listening on 0.0.0.0/0.0.0.0:44022
2019-09-25 12:55:39,492 [Datanode State Machine Thread - 0] INFO  server.GrpcService (GrpcService.java:startImpl(158)) - 77ddc70b-a4d5-46bc-9bd0-0ef6651d4d69: GrpcService started, listening on 0.0.0.0/0.0.0.0:39966
2019-09-25 12:55:39,492 [Datanode State Machine Thread - 0] INFO  ratis.XceiverServerRatis (XceiverServerRatis.java:start(421)) - XceiverServerRatis 2729792d-b2a4-4e65-a25b-ab0b4d1b27a6 is started using port 44022
2019-09-25 12:55:39,491 [Datanode State Machine Thread - 0] INFO  server.GrpcService (GrpcService.java:startImpl(158)) - 301733ef-76bd-44e0-8b49-af06a9308120: GrpcService started, listening on 0.0.0.0/0.0.0.0:46165
2019-09-25 12:55:39,492 [Datanode State Machine Thread - 0] INFO  ratis.XceiverServerRatis (XceiverServerRatis.java:start(421)) - XceiverServerRatis 77ddc70b-a4d5-46bc-9bd0-0ef6651d4d69 is started using port 39966
2019-09-25 12:55:39,492 [Datanode State Machine Thread - 0] INFO  ratis.XceiverServerRatis (XceiverServerRatis.java:start(421)) - XceiverServerRatis 301733ef-76bd-44e0-8b49-af06a9308120 is started using port 46165
2019-09-25 12:55:39,497 [Datanode State Machine Thread - 0] INFO  server.XceiverServerGrpc (XceiverServerGrpc.java:start(149)) - XceiverServerGrpc 301733ef-76bd-44e0-8b49-af06a9308120 is started using port 38876
2019-09-25 12:55:39,497 [Datanode State Machine Thread - 0] INFO  server.XceiverServerGrpc (XceiverServerGrpc.java:start(149)) - XceiverServerGrpc 77ddc70b-a4d5-46bc-9bd0-0ef6651d4d69 is started using port 34219
2019-09-25 12:55:39,497 [Datanode State Machine Thread - 0] INFO  server.XceiverServerGrpc (XceiverServerGrpc.java:start(149)) - XceiverServerGrpc 2729792d-b2a4-4e65-a25b-ab0b4d1b27a6 is started using port 41603
2019-09-25 12:55:40,452 [main] INFO  ozone.MiniOzoneClusterImpl (MiniOzoneClusterImpl.java:lambda$waitForClusterToBeReady$0(147)) - Waiting for cluster to be ready. Got 0 of 3 DN Heartbeats.
2019-09-25 12:55:41,309 [IPC Server handler 2 on 37166] INFO  net.NetworkTopology (NetworkTopologyImpl.java:add(111)) - Added a new node: /default-rack/301733ef-76bd-44e0-8b49-af06a9308120
2019-09-25 12:55:41,310 [IPC Server handler 2 on 37166] INFO  node.SCMNodeManager (SCMNodeManager.java:register(266)) - Registered Data node : 301733ef-76bd-44e0-8b49-af06a9308120{ip: 192.168.151.73, host: pr-hdds-1569-shd4m-3693607622, networkLocation: /default-rack, certSerialId: null}
2019-09-25 12:55:41,314 [EventQueue-NodeRegistrationContainerReportForDataNodeSafeModeRule] INFO  safemode.SCMSafeModeManager (DataNodeSafeModeRule.java:process(71)) - SCM in safe mode. 1 DataNodes registered, 1 required.
2019-09-25 12:55:41,314 [EventQueue-NodeRegistrationContainerReportForDataNodeSafeModeRule] INFO  safemode.SCMSafeModeManager (SCMSafeModeManager.java:validateSafeModeExitRules(177)) - ScmSafeModeManager, all rules are successfully validated
2019-09-25 12:55:41,315 [EventQueue-NodeRegistrationContainerReportForDataNodeSafeModeRule] INFO  safemode.SCMSafeModeManager (SCMSafeModeManager.java:exitSafeMode(193)) - SCM exiting safe mode.
2019-09-25 12:55:41,361 [IPC Server handler 3 on 37166] INFO  net.NetworkTopology (NetworkTopologyImpl.java:add(111)) - Added a new node: /default-rack/2729792d-b2a4-4e65-a25b-ab0b4d1b27a6
2019-09-25 12:55:41,361 [IPC Server handler 3 on 37166] INFO  node.SCMNodeManager (SCMNodeManager.java:register(266)) - Registered Data node : 2729792d-b2a4-4e65-a25b-ab0b4d1b27a6{ip: 192.168.151.73, host: pr-hdds-1569-shd4m-3693607622, networkLocation: /default-rack, certSerialId: null}
2019-09-25 12:55:41,452 [main] INFO  ozone.MiniOzoneClusterImpl (MiniOzoneClusterImpl.java:lambda$waitForClusterToBeReady$0(147)) - Waiting for cluster to be ready. Got 2 of 3 DN Heartbeats.
2019-09-25 12:55:41,452 [IPC Server handler 1 on 37166] INFO  net.NetworkTopology (NetworkTopologyImpl.java:add(111)) - Added a new node: /default-rack/77ddc70b-a4d5-46bc-9bd0-0ef6651d4d69
2019-09-25 12:55:41,454 [IPC Server handler 1 on 37166] INFO  node.SCMNodeManager (SCMNodeManager.java:register(266)) - Registered Data node : 77ddc70b-a4d5-46bc-9bd0-0ef6651d4d69{ip: 192.168.151.73, host: pr-hdds-1569-shd4m-3693607622, networkLocation: /default-rack, certSerialId: null}
2019-09-25 12:55:41,848 [grpc-default-executor-0] INFO  impl.RaftServerProxy (RaftServerProxy.java:addNew(89)) - 301733ef-76bd-44e0-8b49-af06a9308120: addNew group-CEC67B64904F:[301733ef-76bd-44e0-8b49-af06a9308120:192.168.151.73:46165] returns group-CEC67B64904F:java.util.concurrent.CompletableFuture@16256577[Not completed]
2019-09-25 12:55:41,866 [pool-27-thread-1] INFO  impl.RaftServerImpl (RaftServerImpl.java:<init>(95)) - 301733ef-76bd-44e0-8b49-af06a9308120: new RaftServerImpl for group-CEC67B64904F:[301733ef-76bd-44e0-8b49-af06a9308120:192.168.151.73:46165] with ContainerStateMachine:uninitialized
2019-09-25 12:55:41,868 [pool-27-thread-1] INFO  server.RaftServerConfigKeys (ConfUtils.java:logGet(43)) - raft.server.rpc.timeout.min = 5s (custom)
2019-09-25 12:55:41,869 [pool-27-thread-1] INFO  server.RaftServerConfigKeys (ConfUtils.java:logGet(43)) - raft.server.rpc.timeout.max = 5200ms (custom)
2019-09-25 12:55:41,869 [pool-27-thread-1] INFO  server.RaftServerConfigKeys (ConfUtils.java:logGet(43)) - raft.server.rpcslowness.timeout = 120s (custom)
2019-09-25 12:55:41,870 [pool-27-thread-1] INFO  server.RaftServerConfigKeys (ConfUtils.java:logGet(43)) - raft.server.sleep.deviation.threshold = 300 (default)
2019-09-25 12:55:41,871 [pool-27-thread-1] INFO  server.RaftServerConfigKeys (ConfUtils.java:logGet(43)) - raft.server.log.appender.install.snapshot.enabled = false (custom)
2019-09-25 12:55:41,877 [pool-27-thread-1] INFO  impl.RaftServerImpl (ServerState.java:<init>(103)) - 301733ef-76bd-44e0-8b49-af06a9308120@group-CEC67B64904F: ConfigurationManager, init=-1: [301733ef-76bd-44e0-8b49-af06a9308120:192.168.151.73:46165], old=null, confs=<EMPTY_MAP>
2019-09-25 12:55:41,878 [pool-27-thread-1] INFO  server.RaftServerConfigKeys (ConfUtils.java:logGet(43)) - raft.server.storage.dir = [/workdir/hadoop-ozone/tools/target/test-dir/MiniOzoneClusterImpl-dd5724c6-bedc-4b9f-b6c2-d61ca2c556e0/datanode-0/data/ratis] (custom)
2019-09-25 12:55:41,884 [pool-27-thread-1] INFO  storage.RaftStorageDirectory (RaftStorageDirectory.java:analyzeStorage(246)) - The storage directory /workdir/hadoop-ozone/tools/target/test-dir/MiniOzoneClusterImpl-dd5724c6-bedc-4b9f-b6c2-d61ca2c556e0/datanode-0/data/ratis/a90fea78-a999-4043-ba7e-cec67b64904f does not exist. Creating ...
2019-09-25 12:55:41,900 [pool-27-thread-1] INFO  storage.RaftStorageDirectory (RaftStorageDirectory.java:tryLock(328)) - Lock on /workdir/hadoop-ozone/tools/target/test-dir/MiniOzoneClusterImpl-dd5724c6-bedc-4b9f-b6c2-d61ca2c556e0/datanode-0/data/ratis/a90fea78-a999-4043-ba7e-cec67b64904f/in_use.lock acquired by nodename 10064@pr-hdds-1569-shd4m-3693607622
2019-09-25 12:55:41,915 [pool-27-thread-1] INFO  storage.RaftStorage (RaftStorage.java:format(72)) - Storage directory /workdir/hadoop-ozone/tools/target/test-dir/MiniOzoneClusterImpl-dd5724c6-bedc-4b9f-b6c2-d61ca2c556e0/datanode-0/data/ratis/a90fea78-a999-4043-ba7e-cec67b64904f has been successfully formatted.
2019-09-25 12:55:41,917 [pool-27-thread-1] INFO  ratis.ContainerStateMachine (ContainerStateMachine.java:loadSnapshot(230)) - group-CEC67B64904F: The snapshot info is null. Setting the last applied indexto:(t:0, i:~)
2019-09-25 12:55:41,917 [pool-27-thread-1] INFO  server.RaftServerConfigKeys (ConfUtils.java:logGet(43)) - raft.server.notification.no-leader.timeout = 120s (custom)
2019-09-25 12:55:41,920 [pool-27-thread-1] INFO  server.RaftServerConfigKeys (ConfUtils.java:logGet(43)) - raft.server.log.use.memory = false (default)
2019-09-25 12:55:41,925 [pool-27-thread-1] INFO  server.RaftServerConfigKeys (ConfUtils.java:logGet(43)) - raft.server.log.purge.gap = 1000000 (custom)
2019-09-25 12:55:41,925 [pool-27-thread-1] INFO  server.RaftServerConfigKeys (ConfUtils.java:logGet(43)) - raft.server.log.appender.buffer.byte-limit = 33554432 (custom)
2019-09-25 12:55:41,927 [pool-27-thread-1] INFO  server.RaftServerConfigKeys (ConfUtils.java:logGet(43)) - raft.server.log.segment.size.max = 1048576 (custom)
2019-09-25 12:55:41,931 [pool-27-thread-1] INFO  server.RaftServerConfigKeys (ConfUtils.java:logGet(43)) - raft.server.log.segment.cache.num.max = 2 (custom)
2019-09-25 12:55:41,936 [pool-27-thread-1] INFO  segmented.SegmentedRaftLogWorker (SegmentedRaftLogWorker.java:<init>(172)) - new 301733ef-76bd-44e0-8b49-af06a9308120@group-CEC67B64904F-SegmentedRaftLogWorker for RaftStorage:Storage Directory /workdir/hadoop-ozone/tools/target/test-dir/MiniOzoneClusterImpl-dd5724c6-bedc-4b9f-b6c2-d61ca2c556e0/datanode-0/data/ratis/a90fea78-a999-4043-ba7e-cec67b64904f
2019-09-25 12:55:41,937 [pool-27-thread-1] INFO  impl.MetricsSystemImpl (MetricsSystemImpl.java:init(158)) - ratis metrics system started (again)
2019-09-25 12:55:41,943 [pool-27-thread-1] INFO  metrics.MetricRegistries (MetricRegistriesLoader.java:load(64)) - Loaded MetricRegistries class org.apache.ratis.metrics.impl.MetricRegistriesImpl
2019-09-25 12:55:41,971 [pool-27-thread-1] INFO  server.RaftServerConfigKeys (ConfUtils.java:logGet(43)) - raft.server.log.queue.byte-limit = 2147483647 (custom)
2019-09-25 12:55:41,972 [pool-27-thread-1] INFO  server.RaftServerConfigKeys (ConfUtils.java:logGet(43)) - raft.server.log.queue.element-limit = 1024 (custom)
2019-09-25 12:55:41,975 [pool-27-thread-1] INFO  server.RaftServerConfigKeys (ConfUtils.java:logGet(43)) - raft.server.log.segment.size.max = 1048576 (custom)
2019-09-25 12:55:41,975 [pool-27-thread-1] INFO  server.RaftServerConfigKeys (ConfUtils.java:logGet(43)) - raft.server.log.preallocated.size = 16384 (custom)
2019-09-25 12:55:41,976 [pool-27-thread-1] INFO  server.RaftServerConfigKeys (ConfUtils.java:logGet(43)) - raft.server.log.write.buffer.size = 33554432 (custom)
2019-09-25 12:55:41,976 [pool-27-thread-1] INFO  server.RaftServerConfigKeys (ConfUtils.java:logGet(43)) - raft.server.log.force.sync.num = 128 (default)
2019-09-25 12:55:41,977 [pool-27-thread-1] INFO  server.RaftServerConfigKeys (ConfUtils.java:logGet(43)) - raft.server.log.statemachine.data.sync = true (default)
2019-09-25 12:55:41,977 [pool-27-thread-1] INFO  server.RaftServerConfigKeys (ConfUtils.java:logGet(43)) - raft.server.log.statemachine.data.sync.timeout = 10s (default)
2019-09-25 12:55:41,978 [pool-27-thread-1] INFO  server.RaftServerConfigKeys (ConfUtils.java:logGet(43)) - raft.server.log.statemachine.data.sync.timeout.retry = -1 (default)
2019-09-25 12:55:41,987 [pool-27-thread-1] INFO  server.RaftServerConfigKeys (ConfUtils.java:logGet(43)) - raft.server.log.statemachine.data.caching.enabled = true (custom)
2019-09-25 12:55:41,991 [pool-27-thread-1] INFO  segmented.SegmentedRaftLogWorker (SegmentedRaftLogWorker.java:lambda$new$0(132)) - 301733ef-76bd-44e0-8b49-af06a9308120@group-CEC67B64904F-SegmentedRaftLogWorker: flushIndex: setUnconditionally 0 -> -1
2019-09-25 12:55:41,995 [pool-27-thread-1] INFO  server.RaftServerConfigKeys (ConfUtils.java:logGet(43)) - raft.server.snapshot.auto.trigger.enabled = true (custom)
2019-09-25 12:55:41,996 [pool-27-thread-1] INFO  server.RaftServerConfigKeys (ConfUtils.java:logGet(43)) - raft.server.snapshot.auto.trigger.threshold = 10000 (custom)
2019-09-25 12:55:41,996 [pool-27-thread-1] INFO  server.RaftServerConfigKeys (ConfUtils.java:logGet(43)) - raft.server.snapshot.retention.num.files = 5 (custom)
2019-09-25 12:55:41,997 [pool-27-thread-1] INFO  server.RaftServerConfigKeys (ConfUtils.java:logGet(43)) - raft.server.retrycache.expirytime = 600000ms (custom)
2019-09-25 12:55:42,022 [pool-27-thread-1] INFO  impl.RaftServerImpl (RaftServerImpl.java:start(185)) - 301733ef-76bd-44e0-8b49-af06a9308120@group-CEC67B64904F: start as a follower, conf=-1: [301733ef-76bd-44e0-8b49-af06a9308120:192.168.151.73:46165], old=null
2019-09-25 12:55:42,023 [pool-27-thread-1] INFO  impl.RaftServerImpl (RaftServerImpl.java:setRole(174)) - 301733ef-76bd-44e0-8b49-af06a9308120@group-CEC67B64904F: changes role from      null to FOLLOWER at term 0 for startAsFollower
2019-09-25 12:55:42,024 [pool-27-thread-1] INFO  impl.RoleInfo (RoleInfo.java:updateAndGet(143)) - 301733ef-76bd-44e0-8b49-af06a9308120: start FollowerState
2019-09-25 12:55:42,026 [pool-27-thread-1] INFO  util.JmxRegister (JmxRegister.java:tryRegister(44)) - Successfully registered JMX Bean with object name Ratis:service=RaftServer,group=group-CEC67B64904F,id=301733ef-76bd-44e0-8b49-af06a9308120
2019-09-25 12:55:42,093 [RatisPipelineUtilsThread] INFO  pipeline.PipelineStateManager (PipelineStateManager.java:addPipeline(56)) - Created pipeline Pipeline[ Id: a90fea78-a999-4043-ba7e-cec67b64904f, Nodes: 301733ef-76bd-44e0-8b49-af06a9308120{ip: 192.168.151.73, host: pr-hdds-1569-shd4m-3693607622, networkLocation: /default-rack, certSerialId: null}, Type:RATIS, Factor:ONE, State:OPEN]
2019-09-25 12:55:42,116 [grpc-default-executor-0] INFO  impl.RaftServerProxy (RaftServerProxy.java:addNew(89)) - 2729792d-b2a4-4e65-a25b-ab0b4d1b27a6: addNew group-D4FA4AF59AAA:[2729792d-b2a4-4e65-a25b-ab0b4d1b27a6:192.168.151.73:44022] returns group-D4FA4AF59AAA:java.util.concurrent.CompletableFuture@37916f05[Not completed]
2019-09-25 12:55:42,148 [pool-37-thread-1] INFO  impl.RaftServerImpl (RaftServerImpl.java:<init>(95)) - 2729792d-b2a4-4e65-a25b-ab0b4d1b27a6: new RaftServerImpl for group-D4FA4AF59AAA:[2729792d-b2a4-4e65-a25b-ab0b4d1b27a6:192.168.151.73:44022] with ContainerStateMachine:uninitialized
2019-09-25 12:55:42,150 [pool-37-thread-1] INFO  server.RaftServerConfigKeys (ConfUtils.java:logGet(43)) - raft.server.rpc.timeout.min = 5s (custom)
2019-09-25 12:55:42,150 [pool-37-thread-1] INFO  server.RaftServerConfigKeys (ConfUtils.java:logGet(43)) - raft.server.rpc.timeout.max = 5200ms (custom)
2019-09-25 12:55:42,150 [pool-37-thread-1] INFO  server.RaftServerConfigKeys (ConfUtils.java:logGet(43)) - raft.server.rpcslowness.timeout = 120s (custom)
2019-09-25 12:55:42,150 [pool-37-thread-1] INFO  server.RaftServerConfigKeys (ConfUtils.java:logGet(43)) - raft.server.sleep.deviation.threshold = 300 (default)
2019-09-25 12:55:42,151 [pool-37-thread-1] INFO  server.RaftServerConfigKeys (ConfUtils.java:logGet(43)) - raft.server.log.appender.install.snapshot.enabled = false (custom)
2019-09-25 12:55:42,151 [pool-37-thread-1] INFO  impl.RaftServerImpl (ServerState.java:<init>(103)) - 2729792d-b2a4-4e65-a25b-ab0b4d1b27a6@group-D4FA4AF59AAA: ConfigurationManager, init=-1: [2729792d-b2a4-4e65-a25b-ab0b4d1b27a6:192.168.151.73:44022], old=null, confs=<EMPTY_MAP>
2019-09-25 12:55:42,151 [pool-37-thread-1] INFO  server.RaftServerConfigKeys (ConfUtils.java:logGet(43)) - raft.server.storage.dir = [/workdir/hadoop-ozone/tools/target/test-dir/MiniOzoneClusterImpl-dd5724c6-bedc-4b9f-b6c2-d61ca2c556e0/datanode-1/data/ratis] (custom)
2019-09-25 12:55:42,151 [pool-37-thread-1] INFO  storage.RaftStorageDirectory (RaftStorageDirectory.java:analyzeStorage(246)) - The storage directory /workdir/hadoop-ozone/tools/target/test-dir/MiniOzoneClusterImpl-dd5724c6-bedc-4b9f-b6c2-d61ca2c556e0/datanode-1/data/ratis/f5c2ec21-14a3-41f6-92aa-d4fa4af59aaa does not exist. Creating ...
2019-09-25 12:55:42,167 [pool-37-thread-1] INFO  storage.RaftStorageDirectory (RaftStorageDirectory.java:tryLock(328)) - Lock on /workdir/hadoop-ozone/tools/target/test-dir/MiniOzoneClusterImpl-dd5724c6-bedc-4b9f-b6c2-d61ca2c556e0/datanode-1/data/ratis/f5c2ec21-14a3-41f6-92aa-d4fa4af59aaa/in_use.lock acquired by nodename 10064@pr-hdds-1569-shd4m-3693607622
2019-09-25 12:55:42,179 [pool-37-thread-1] INFO  storage.RaftStorage (RaftStorage.java:format(72)) - Storage directory /workdir/hadoop-ozone/tools/target/test-dir/MiniOzoneClusterImpl-dd5724c6-bedc-4b9f-b6c2-d61ca2c556e0/datanode-1/data/ratis/f5c2ec21-14a3-41f6-92aa-d4fa4af59aaa has been successfully formatted.
2019-09-25 12:55:42,180 [pool-37-thread-1] INFO  ratis.ContainerStateMachine (ContainerStateMachine.java:loadSnapshot(230)) - group-D4FA4AF59AAA: The snapshot info is null. Setting the last applied indexto:(t:0, i:~)
2019-09-25 12:55:42,181 [pool-37-thread-1] INFO  server.RaftServerConfigKeys (ConfUtils.java:logGet(43)) - raft.server.notification.no-leader.timeout = 120s (custom)
2019-09-25 12:55:42,181 [pool-37-thread-1] INFO  server.RaftServerConfigKeys (ConfUtils.java:logGet(43)) - raft.server.log.use.memory = false (default)
2019-09-25 12:55:42,182 [pool-37-thread-1] INFO  server.RaftServerConfigKeys (ConfUtils.java:logGet(43)) - raft.server.log.purge.gap = 1000000 (custom)
2019-09-25 12:55:42,182 [pool-37-thread-1] INFO  server.RaftServerConfigKeys (ConfUtils.java:logGet(43)) - raft.server.log.appender.buffer.byte-limit = 33554432 (custom)
2019-09-25 12:55:42,182 [pool-37-thread-1] INFO  server.RaftServerConfigKeys (ConfUtils.java:logGet(43)) - raft.server.log.segment.size.max = 1048576 (custom)
2019-09-25 12:55:42,182 [pool-37-thread-1] INFO  server.RaftServerConfigKeys (ConfUtils.java:logGet(43)) - raft.server.log.segment.cache.num.max = 2 (custom)
2019-09-25 12:55:42,182 [pool-37-thread-1] INFO  segmented.SegmentedRaftLogWorker (SegmentedRaftLogWorker.java:<init>(172)) - new 2729792d-b2a4-4e65-a25b-ab0b4d1b27a6@group-D4FA4AF59AAA-SegmentedRaftLogWorker for RaftStorage:Storage Directory /workdir/hadoop-ozone/tools/target/test-dir/MiniOzoneClusterImpl-dd5724c6-bedc-4b9f-b6c2-d61ca2c556e0/datanode-1/data/ratis/f5c2ec21-14a3-41f6-92aa-d4fa4af59aaa
2019-09-25 12:55:42,188 [pool-37-thread-1] INFO  server.RaftServerConfigKeys (ConfUtils.java:logGet(43)) - raft.server.log.queue.byte-limit = 2147483647 (custom)
2019-09-25 12:55:42,188 [pool-37-thread-1] INFO  server.RaftServerConfigKeys (ConfUtils.java:logGet(43)) - raft.server.log.queue.element-limit = 1024 (custom)
2019-09-25 12:55:42,188 [pool-37-thread-1] INFO  server.RaftServerConfigKeys (ConfUtils.java:logGet(43)) - raft.server.log.segment.size.max = 1048576 (custom)
2019-09-25 12:55:42,188 [pool-37-thread-1] INFO  server.RaftServerConfigKeys (ConfUtils.java:logGet(43)) - raft.server.log.preallocated.size = 16384 (custom)
2019-09-25 12:55:42,189 [pool-37-thread-1] INFO  server.RaftServerConfigKeys (ConfUtils.java:logGet(43)) - raft.server.log.write.buffer.size = 33554432 (custom)
2019-09-25 12:55:42,189 [pool-37-thread-1] INFO  server.RaftServerConfigKeys (ConfUtils.java:logGet(43)) - raft.server.log.force.sync.num = 128 (default)
2019-09-25 12:55:42,189 [pool-37-thread-1] INFO  server.RaftServerConfigKeys (ConfUtils.java:logGet(43)) - raft.server.log.statemachine.data.sync = true (default)
2019-09-25 12:55:42,189 [pool-37-thread-1] INFO  server.RaftServerConfigKeys (ConfUtils.java:logGet(43)) - raft.server.log.statemachine.data.sync.timeout = 10s (default)
2019-09-25 12:55:42,189 [pool-37-thread-1] INFO  server.RaftServerConfigKeys (ConfUtils.java:logGet(43)) - raft.server.log.statemachine.data.sync.timeout.retry = -1 (default)
2019-09-25 12:55:42,190 [pool-37-thread-1] INFO  server.RaftServerConfigKeys (ConfUtils.java:logGet(43)) - raft.server.log.statemachine.data.caching.enabled = true (custom)
2019-09-25 12:55:42,190 [pool-37-thread-1] INFO  segmented.SegmentedRaftLogWorker (SegmentedRaftLogWorker.java:lambda$new$0(132)) - 2729792d-b2a4-4e65-a25b-ab0b4d1b27a6@group-D4FA4AF59AAA-SegmentedRaftLogWorker: flushIndex: setUnconditionally 0 -> -1
2019-09-25 12:55:42,190 [pool-37-thread-1] INFO  server.RaftServerConfigKeys (ConfUtils.java:logGet(43)) - raft.server.snapshot.auto.trigger.enabled = true (custom)
2019-09-25 12:55:42,191 [pool-37-thread-1] INFO  server.RaftServerConfigKeys (ConfUtils.java:logGet(43)) - raft.server.snapshot.auto.trigger.threshold = 10000 (custom)
2019-09-25 12:55:42,191 [pool-37-thread-1] INFO  server.RaftServerConfigKeys (ConfUtils.java:logGet(43)) - raft.server.snapshot.retention.num.files = 5 (custom)
2019-09-25 12:55:42,191 [pool-37-thread-1] INFO  server.RaftServerConfigKeys (ConfUtils.java:logGet(43)) - raft.server.retrycache.expirytime = 600000ms (custom)
2019-09-25 12:55:42,195 [pool-37-thread-1] INFO  impl.RaftServerImpl (RaftServerImpl.java:start(185)) - 2729792d-b2a4-4e65-a25b-ab0b4d1b27a6@group-D4FA4AF59AAA: start as a follower, conf=-1: [2729792d-b2a4-4e65-a25b-ab0b4d1b27a6:192.168.151.73:44022], old=null
2019-09-25 12:55:42,195 [pool-37-thread-1] INFO  impl.RaftServerImpl (RaftServerImpl.java:setRole(174)) - 2729792d-b2a4-4e65-a25b-ab0b4d1b27a6@group-D4FA4AF59AAA: changes role from      null to FOLLOWER at term 0 for startAsFollower
2019-09-25 12:55:42,195 [pool-37-thread-1] INFO  impl.RoleInfo (RoleInfo.java:updateAndGet(143)) - 2729792d-b2a4-4e65-a25b-ab0b4d1b27a6: start FollowerState
2019-09-25 12:55:42,197 [pool-37-thread-1] INFO  util.JmxRegister (JmxRegister.java:tryRegister(44)) - Successfully registered JMX Bean with object name Ratis:service=RaftServer,group=group-D4FA4AF59AAA,id=2729792d-b2a4-4e65-a25b-ab0b4d1b27a6
2019-09-25 12:55:42,209 [RatisPipelineUtilsThread] INFO  pipeline.PipelineStateManager (PipelineStateManager.java:addPipeline(56)) - Created pipeline Pipeline[ Id: f5c2ec21-14a3-41f6-92aa-d4fa4af59aaa, Nodes: 2729792d-b2a4-4e65-a25b-ab0b4d1b27a6{ip: 192.168.151.73, host: pr-hdds-1569-shd4m-3693607622, networkLocation: /default-rack, certSerialId: null}, Type:RATIS, Factor:ONE, State:OPEN]
2019-09-25 12:55:42,228 [grpc-default-executor-0] INFO  impl.RaftServerProxy (RaftServerProxy.java:addNew(89)) - 77ddc70b-a4d5-46bc-9bd0-0ef6651d4d69: addNew group-210FA69E0AA8:[77ddc70b-a4d5-46bc-9bd0-0ef6651d4d69:192.168.151.73:39966] returns group-210FA69E0AA8:java.util.concurrent.CompletableFuture@671cc473[Not completed]
2019-09-25 12:55:42,242 [pool-47-thread-1] INFO  impl.RaftServerImpl (RaftServerImpl.java:<init>(95)) - 77ddc70b-a4d5-46bc-9bd0-0ef6651d4d69: new RaftServerImpl for group-210FA69E0AA8:[77ddc70b-a4d5-46bc-9bd0-0ef6651d4d69:192.168.151.73:39966] with ContainerStateMachine:uninitialized
2019-09-25 12:55:42,243 [pool-47-thread-1] INFO  server.RaftServerConfigKeys (ConfUtils.java:logGet(43)) - raft.server.rpc.timeout.min = 5s (custom)
2019-09-25 12:55:42,244 [pool-47-thread-1] INFO  server.RaftServerConfigKeys (ConfUtils.java:logGet(43)) - raft.server.rpc.timeout.max = 5200ms (custom)
2019-09-25 12:55:42,244 [pool-47-thread-1] INFO  server.RaftServerConfigKeys (ConfUtils.java:logGet(43)) - raft.server.rpcslowness.timeout = 120s (custom)
2019-09-25 12:55:42,244 [pool-47-thread-1] INFO  server.RaftServerConfigKeys (ConfUtils.java:logGet(43)) - raft.server.sleep.deviation.threshold = 300 (default)
2019-09-25 12:55:42,244 [pool-47-thread-1] INFO  server.RaftServerConfigKeys (ConfUtils.java:logGet(43)) - raft.server.log.appender.install.snapshot.enabled = false (custom)
2019-09-25 12:55:42,244 [pool-47-thread-1] INFO  impl.RaftServerImpl (ServerState.java:<init>(103)) - 77ddc70b-a4d5-46bc-9bd0-0ef6651d4d69@group-210FA69E0AA8: ConfigurationManager, init=-1: [77ddc70b-a4d5-46bc-9bd0-0ef6651d4d69:192.168.151.73:39966], old=null, confs=<EMPTY_MAP>
2019-09-25 12:55:42,245 [pool-47-thread-1] INFO  server.RaftServerConfigKeys (ConfUtils.java:logGet(43)) - raft.server.storage.dir = [/workdir/hadoop-ozone/tools/target/test-dir/MiniOzoneClusterImpl-dd5724c6-bedc-4b9f-b6c2-d61ca2c556e0/datanode-2/data/ratis] (custom)
2019-09-25 12:55:42,245 [pool-47-thread-1] INFO  storage.RaftStorageDirectory (RaftStorageDirectory.java:analyzeStorage(246)) - The storage directory /workdir/hadoop-ozone/tools/target/test-dir/MiniOzoneClusterImpl-dd5724c6-bedc-4b9f-b6c2-d61ca2c556e0/datanode-2/data/ratis/87df2ad6-b6e1-4a38-abfe-210fa69e0aa8 does not exist. Creating ...
2019-09-25 12:55:42,258 [pool-47-thread-1] INFO  storage.RaftStorageDirectory (RaftStorageDirectory.java:tryLock(328)) - Lock on /workdir/hadoop-ozone/tools/target/test-dir/MiniOzoneClusterImpl-dd5724c6-bedc-4b9f-b6c2-d61ca2c556e0/datanode-2/data/ratis/87df2ad6-b6e1-4a38-abfe-210fa69e0aa8/in_use.lock acquired by nodename 10064@pr-hdds-1569-shd4m-3693607622
2019-09-25 12:55:42,272 [pool-47-thread-1] INFO  storage.RaftStorage (RaftStorage.java:format(72)) - Storage directory /workdir/hadoop-ozone/tools/target/test-dir/MiniOzoneClusterImpl-dd5724c6-bedc-4b9f-b6c2-d61ca2c556e0/datanode-2/data/ratis/87df2ad6-b6e1-4a38-abfe-210fa69e0aa8 has been successfully formatted.
2019-09-25 12:55:42,272 [pool-47-thread-1] INFO  ratis.ContainerStateMachine (ContainerStateMachine.java:loadSnapshot(230)) - group-210FA69E0AA8: The snapshot info is null. Setting the last applied indexto:(t:0, i:~)
2019-09-25 12:55:42,272 [pool-47-thread-1] INFO  server.RaftServerConfigKeys (ConfUtils.java:logGet(43)) - raft.server.notification.no-leader.timeout = 120s (custom)
2019-09-25 12:55:42,273 [pool-47-thread-1] INFO  server.RaftServerConfigKeys (ConfUtils.java:logGet(43)) - raft.server.log.use.memory = false (default)
2019-09-25 12:55:42,273 [pool-47-thread-1] INFO  server.RaftServerConfigKeys (ConfUtils.java:logGet(43)) - raft.server.log.purge.gap = 1000000 (custom)
2019-09-25 12:55:42,273 [pool-47-thread-1] INFO  server.RaftServerConfigKeys (ConfUtils.java:logGet(43)) - raft.server.log.appender.buffer.byte-limit = 33554432 (custom)
2019-09-25 12:55:42,273 [pool-47-thread-1] INFO  server.RaftServerConfigKeys (ConfUtils.java:logGet(43)) - raft.server.log.segment.size.max = 1048576 (custom)
2019-09-25 12:55:42,273 [pool-47-thread-1] INFO  server.RaftServerConfigKeys (ConfUtils.java:logGet(43)) - raft.server.log.segment.cache.num.max = 2 (custom)
2019-09-25 12:55:42,274 [pool-47-thread-1] INFO  segmented.SegmentedRaftLogWorker (SegmentedRaftLogWorker.java:<init>(172)) - new 77ddc70b-a4d5-46bc-9bd0-0ef6651d4d69@group-210FA69E0AA8-SegmentedRaftLogWorker for RaftStorage:Storage Directory /workdir/hadoop-ozone/tools/target/test-dir/MiniOzoneClusterImpl-dd5724c6-bedc-4b9f-b6c2-d61ca2c556e0/datanode-2/data/ratis/87df2ad6-b6e1-4a38-abfe-210fa69e0aa8
2019-09-25 12:55:42,301 [pool-47-thread-1] INFO  server.RaftServerConfigKeys (ConfUtils.java:logGet(43)) - raft.server.log.queue.byte-limit = 2147483647 (custom)
2019-09-25 12:55:42,302 [pool-47-thread-1] INFO  server.RaftServerConfigKeys (ConfUtils.java:logGet(43)) - raft.server.log.queue.element-limit = 1024 (custom)
2019-09-25 12:55:42,302 [pool-47-thread-1] INFO  server.RaftServerConfigKeys (ConfUtils.java:logGet(43)) - raft.server.log.segment.size.max = 1048576 (custom)
2019-09-25 12:55:42,302 [pool-47-thread-1] INFO  server.RaftServerConfigKeys (ConfUtils.java:logGet(43)) - raft.server.log.preallocated.size = 16384 (custom)
2019-09-25 12:55:42,302 [pool-47-thread-1] INFO  server.RaftServerConfigKeys (ConfUtils.java:logGet(43)) - raft.server.log.write.buffer.size = 33554432 (custom)
2019-09-25 12:55:42,302 [pool-47-thread-1] INFO  server.RaftServerConfigKeys (ConfUtils.java:logGet(43)) - raft.server.log.force.sync.num = 128 (default)
2019-09-25 12:55:42,303 [pool-47-thread-1] INFO  server.RaftServerConfigKeys (ConfUtils.java:logGet(43)) - raft.server.log.statemachine.data.sync = true (default)
2019-09-25 12:55:42,303 [pool-47-thread-1] INFO  server.RaftServerConfigKeys (ConfUtils.java:logGet(43)) - raft.server.log.statemachine.data.sync.timeout = 10s (default)
2019-09-25 12:55:42,303 [pool-47-thread-1] INFO  server.RaftServerConfigKeys (ConfUtils.java:logGet(43)) - raft.server.log.statemachine.data.sync.timeout.retry = -1 (default)
2019-09-25 12:55:42,304 [pool-47-thread-1] INFO  server.RaftServerConfigKeys (ConfUtils.java:logGet(43)) - raft.server.log.statemachine.data.caching.enabled = true (custom)
2019-09-25 12:55:42,304 [pool-47-thread-1] INFO  segmented.SegmentedRaftLogWorker (SegmentedRaftLogWorker.java:lambda$new$0(132)) - 77ddc70b-a4d5-46bc-9bd0-0ef6651d4d69@group-210FA69E0AA8-SegmentedRaftLogWorker: flushIndex: setUnconditionally 0 -> -1
2019-09-25 12:55:42,304 [pool-47-thread-1] INFO  server.RaftServerConfigKeys (ConfUtils.java:logGet(43)) - raft.server.snapshot.auto.trigger.enabled = true (custom)
2019-09-25 12:55:42,305 [pool-47-thread-1] INFO  server.RaftServerConfigKeys (ConfUtils.java:logGet(43)) - raft.server.snapshot.auto.trigger.threshold = 10000 (custom)
2019-09-25 12:55:42,305 [pool-47-thread-1] INFO  server.RaftServerConfigKeys (ConfUtils.java:logGet(43)) - raft.server.snapshot.retention.num.files = 5 (custom)
2019-09-25 12:55:42,305 [pool-47-thread-1] INFO  server.RaftServerConfigKeys (ConfUtils.java:logGet(43)) - raft.server.retrycache.expirytime = 600000ms (custom)
2019-09-25 12:55:42,310 [pool-47-thread-1] INFO  impl.RaftServerImpl (RaftServerImpl.java:start(185)) - 77ddc70b-a4d5-46bc-9bd0-0ef6651d4d69@group-210FA69E0AA8: start as a follower, conf=-1: [77ddc70b-a4d5-46bc-9bd0-0ef6651d4d69:192.168.151.73:39966], old=null
2019-09-25 12:55:42,310 [pool-47-thread-1] INFO  impl.RaftServerImpl (RaftServerImpl.java:setRole(174)) - 77ddc70b-a4d5-46bc-9bd0-0ef6651d4d69@group-210FA69E0AA8: changes role from      null to FOLLOWER at term 0 for startAsFollower
2019-09-25 12:55:42,310 [pool-47-thread-1] INFO  impl.RoleInfo (RoleInfo.java:updateAndGet(143)) - 77ddc70b-a4d5-46bc-9bd0-0ef6651d4d69: start FollowerState
2019-09-25 12:55:42,311 [pool-47-thread-1] INFO  util.JmxRegister (JmxRegister.java:tryRegister(44)) - Successfully registered JMX Bean with object name Ratis:service=RaftServer,group=group-210FA69E0AA8,id=77ddc70b-a4d5-46bc-9bd0-0ef6651d4d69
2019-09-25 12:55:42,321 [RatisPipelineUtilsThread] INFO  pipeline.PipelineStateManager (PipelineStateManager.java:addPipeline(56)) - Created pipeline Pipeline[ Id: 87df2ad6-b6e1-4a38-abfe-210fa69e0aa8, Nodes: 77ddc70b-a4d5-46bc-9bd0-0ef6651d4d69{ip: 192.168.151.73, host: pr-hdds-1569-shd4m-3693607622, networkLocation: /default-rack, certSerialId: null}, Type:RATIS, Factor:ONE, State:OPEN]
2019-09-25 12:55:42,337 [grpc-default-executor-0] INFO  impl.RaftServerProxy (RaftServerProxy.java:addNew(89)) - 301733ef-76bd-44e0-8b49-af06a9308120: addNew group-242A509DD2BD:[301733ef-76bd-44e0-8b49-af06a9308120:192.168.151.73:46165] returns group-242A509DD2BD:java.util.concurrent.CompletableFuture@4378f3e1[Not completed]
2019-09-25 12:55:42,339 [pool-27-thread-1] INFO  impl.RaftServerImpl (RaftServerImpl.java:<init>(95)) - 301733ef-76bd-44e0-8b49-af06a9308120: new RaftServerImpl for group-242A509DD2BD:[301733ef-76bd-44e0-8b49-af06a9308120:192.168.151.73:46165] with ContainerStateMachine:uninitialized
2019-09-25 12:55:42,339 [pool-27-thread-1] INFO  server.RaftServerConfigKeys (ConfUtils.java:logGet(43)) - raft.server.rpc.timeout.min = 5s (custom)
2019-09-25 12:55:42,340 [pool-27-thread-1] INFO  server.RaftServerConfigKeys (ConfUtils.java:logGet(43)) - raft.server.rpc.timeout.max = 5200ms (custom)
2019-09-25 12:55:42,340 [pool-27-thread-1] INFO  server.RaftServerConfigKeys (ConfUtils.java:logGet(43)) - raft.server.rpcslowness.timeout = 120s (custom)
2019-09-25 12:55:42,340 [pool-27-thread-1] INFO  server.RaftServerConfigKeys (ConfUtils.java:logGet(43)) - raft.server.sleep.deviation.threshold = 300 (default)
2019-09-25 12:55:42,340 [pool-27-thread-1] INFO  server.RaftServerConfigKeys (ConfUtils.java:logGet(43)) - raft.server.log.appender.install.snapshot.enabled = false (custom)
2019-09-25 12:55:42,340 [pool-27-thread-1] INFO  impl.RaftServerImpl (ServerState.java:<init>(103)) - 301733ef-76bd-44e0-8b49-af06a9308120@group-242A509DD2BD: ConfigurationManager, init=-1: [301733ef-76bd-44e0-8b49-af06a9308120:192.168.151.73:46165], old=null, confs=<EMPTY_MAP>
2019-09-25 12:55:42,341 [pool-27-thread-1] INFO  server.RaftServerConfigKeys (ConfUtils.java:logGet(43)) - raft.server.storage.dir = [/workdir/hadoop-ozone/tools/target/test-dir/MiniOzoneClusterImpl-dd5724c6-bedc-4b9f-b6c2-d61ca2c556e0/datanode-0/data/ratis] (custom)
2019-09-25 12:55:42,341 [pool-27-thread-1] INFO  storage.RaftStorageDirectory (RaftStorageDirectory.java:analyzeStorage(246)) - The storage directory /workdir/hadoop-ozone/tools/target/test-dir/MiniOzoneClusterImpl-dd5724c6-bedc-4b9f-b6c2-d61ca2c556e0/datanode-0/data/ratis/c4f20580-fc36-44d3-9466-242a509dd2bd does not exist. Creating ...
2019-09-25 12:55:42,354 [pool-27-thread-1] INFO  storage.RaftStorageDirectory (RaftStorageDirectory.java:tryLock(328)) - Lock on /workdir/hadoop-ozone/tools/target/test-dir/MiniOzoneClusterImpl-dd5724c6-bedc-4b9f-b6c2-d61ca2c556e0/datanode-0/data/ratis/c4f20580-fc36-44d3-9466-242a509dd2bd/in_use.lock acquired by nodename 10064@pr-hdds-1569-shd4m-3693607622
2019-09-25 12:55:42,366 [pool-27-thread-1] INFO  storage.RaftStorage (RaftStorage.java:format(72)) - Storage directory /workdir/hadoop-ozone/tools/target/test-dir/MiniOzoneClusterImpl-dd5724c6-bedc-4b9f-b6c2-d61ca2c556e0/datanode-0/data/ratis/c4f20580-fc36-44d3-9466-242a509dd2bd has been successfully formatted.
2019-09-25 12:55:42,367 [pool-27-thread-1] INFO  ratis.ContainerStateMachine (ContainerStateMachine.java:loadSnapshot(230)) - group-242A509DD2BD: The snapshot info is null. Setting the last applied indexto:(t:0, i:~)
2019-09-25 12:55:42,367 [pool-27-thread-1] INFO  server.RaftServerConfigKeys (ConfUtils.java:logGet(43)) - raft.server.notification.no-leader.timeout = 120s (custom)
2019-09-25 12:55:42,367 [pool-27-thread-1] INFO  server.RaftServerConfigKeys (ConfUtils.java:logGet(43)) - raft.server.log.use.memory = false (default)
2019-09-25 12:55:42,367 [pool-27-thread-1] INFO  server.RaftServerConfigKeys (ConfUtils.java:logGet(43)) - raft.server.log.purge.gap = 1000000 (custom)
2019-09-25 12:55:42,368 [pool-27-thread-1] INFO  server.RaftServerConfigKeys (ConfUtils.java:logGet(43)) - raft.server.log.appender.buffer.byte-limit = 33554432 (custom)
2019-09-25 12:55:42,368 [pool-27-thread-1] INFO  server.RaftServerConfigKeys (ConfUtils.java:logGet(43)) - raft.server.log.segment.size.max = 1048576 (custom)
2019-09-25 12:55:42,368 [pool-27-thread-1] INFO  server.RaftServerConfigKeys (ConfUtils.java:logGet(43)) - raft.server.log.segment.cache.num.max = 2 (custom)
2019-09-25 12:55:42,368 [pool-27-thread-1] INFO  segmented.SegmentedRaftLogWorker (SegmentedRaftLogWorker.java:<init>(172)) - new 301733ef-76bd-44e0-8b49-af06a9308120@group-242A509DD2BD-SegmentedRaftLogWorker for RaftStorage:Storage Directory /workdir/hadoop-ozone/tools/target/test-dir/MiniOzoneClusterImpl-dd5724c6-bedc-4b9f-b6c2-d61ca2c556e0/datanode-0/data/ratis/c4f20580-fc36-44d3-9466-242a509dd2bd
2019-09-25 12:55:42,369 [pool-27-thread-1] INFO  server.RaftServerConfigKeys (ConfUtils.java:logGet(43)) - raft.server.log.queue.byte-limit = 2147483647 (custom)
2019-09-25 12:55:42,369 [pool-27-thread-1] INFO  server.RaftServerConfigKeys (ConfUtils.java:logGet(43)) - raft.server.log.queue.element-limit = 1024 (custom)
2019-09-25 12:55:42,369 [pool-27-thread-1] INFO  server.RaftServerConfigKeys (ConfUtils.java:logGet(43)) - raft.server.log.segment.size.max = 1048576 (custom)
2019-09-25 12:55:42,369 [pool-27-thread-1] INFO  server.RaftServerConfigKeys (ConfUtils.java:logGet(43)) - raft.server.log.preallocated.size = 16384 (custom)
2019-09-25 12:55:42,370 [pool-27-thread-1] INFO  server.RaftServerConfigKeys (ConfUtils.java:logGet(43)) - raft.server.log.write.buffer.size = 33554432 (custom)
2019-09-25 12:55:42,370 [pool-27-thread-1] INFO  server.RaftServerConfigKeys (ConfUtils.java:logGet(43)) - raft.server.log.force.sync.num = 128 (default)
2019-09-25 12:55:42,370 [pool-27-thread-1] INFO  server.RaftServerConfigKeys (ConfUtils.java:logGet(43)) - raft.server.log.statemachine.data.sync = true (default)
2019-09-25 12:55:42,370 [pool-27-thread-1] INFO  server.RaftServerConfigKeys (ConfUtils.java:logGet(43)) - raft.server.log.statemachine.data.sync.timeout = 10s (default)
2019-09-25 12:55:42,370 [pool-27-thread-1] INFO  server.RaftServerConfigKeys (ConfUtils.java:logGet(43)) - raft.server.log.statemachine.data.sync.timeout.retry = -1 (default)
2019-09-25 12:55:42,371 [pool-27-thread-1] INFO  server.RaftServerConfigKeys (ConfUtils.java:logGet(43)) - raft.server.log.statemachine.data.caching.enabled = true (custom)
2019-09-25 12:55:42,371 [pool-27-thread-1] INFO  segmented.SegmentedRaftLogWorker (SegmentedRaftLogWorker.java:lambda$new$0(132)) - 301733ef-76bd-44e0-8b49-af06a9308120@group-242A509DD2BD-SegmentedRaftLogWorker: flushIndex: setUnconditionally 0 -> -1
2019-09-25 12:55:42,371 [pool-27-thread-1] INFO  server.RaftServerConfigKeys (ConfUtils.java:logGet(43)) - raft.server.snapshot.auto.trigger.enabled = true (custom)
2019-09-25 12:55:42,372 [pool-27-thread-1] INFO  server.RaftServerConfigKeys (ConfUtils.java:logGet(43)) - raft.server.snapshot.auto.trigger.threshold = 10000 (custom)
2019-09-25 12:55:42,372 [pool-27-thread-1] INFO  server.RaftServerConfigKeys (ConfUtils.java:logGet(43)) - raft.server.snapshot.retention.num.files = 5 (custom)
2019-09-25 12:55:42,372 [pool-27-thread-1] INFO  server.RaftServerConfigKeys (ConfUtils.java:logGet(43)) - raft.server.retrycache.expirytime = 600000ms (custom)
2019-09-25 12:55:42,376 [pool-27-thread-1] INFO  impl.RaftServerImpl (RaftServerImpl.java:start(185)) - 301733ef-76bd-44e0-8b49-af06a9308120@group-242A509DD2BD: start as a follower, conf=-1: [301733ef-76bd-44e0-8b49-af06a9308120:192.168.151.73:46165], old=null
2019-09-25 12:55:42,377 [pool-27-thread-1] INFO  impl.RaftServerImpl (RaftServerImpl.java:setRole(174)) - 301733ef-76bd-44e0-8b49-af06a9308120@group-242A509DD2BD: changes role from      null to FOLLOWER at term 0 for startAsFollower
2019-09-25 12:55:42,377 [pool-27-thread-1] INFO  impl.RoleInfo (RoleInfo.java:updateAndGet(143)) - 301733ef-76bd-44e0-8b49-af06a9308120: start FollowerState
2019-09-25 12:55:42,377 [pool-27-thread-1] INFO  util.JmxRegister (JmxRegister.java:tryRegister(44)) - Successfully registered JMX Bean with object name Ratis:service=RaftServer,group=group-242A509DD2BD,id=301733ef-76bd-44e0-8b49-af06a9308120
2019-09-25 12:55:42,388 [RatisPipelineUtilsThread] INFO  pipeline.PipelineStateManager (PipelineStateManager.java:addPipeline(56)) - Created pipeline Pipeline[ Id: c4f20580-fc36-44d3-9466-242a509dd2bd, Nodes: 301733ef-76bd-44e0-8b49-af06a9308120{ip: 192.168.151.73, host: pr-hdds-1569-shd4m-3693607622, networkLocation: /default-rack, certSerialId: null}, Type:RATIS, Factor:ONE, State:OPEN]
2019-09-25 12:55:42,404 [grpc-default-executor-0] INFO  impl.RaftServerProxy (RaftServerProxy.java:addNew(89)) - 2729792d-b2a4-4e65-a25b-ab0b4d1b27a6: addNew group-29448533705E:[2729792d-b2a4-4e65-a25b-ab0b4d1b27a6:192.168.151.73:44022] returns group-29448533705E:java.util.concurrent.CompletableFuture@4a8a97fc[Not completed]
2019-09-25 12:55:42,406 [pool-37-thread-1] INFO  impl.RaftServerImpl (RaftServerImpl.java:<init>(95)) - 2729792d-b2a4-4e65-a25b-ab0b4d1b27a6: new RaftServerImpl for group-29448533705E:[2729792d-b2a4-4e65-a25b-ab0b4d1b27a6:192.168.151.73:44022] with ContainerStateMachine:uninitialized
2019-09-25 12:55:42,406 [pool-37-thread-1] INFO  server.RaftServerConfigKeys (ConfUtils.java:logGet(43)) - raft.server.rpc.timeout.min = 5s (custom)
2019-09-25 12:55:42,406 [pool-37-thread-1] INFO  server.RaftServerConfigKeys (ConfUtils.java:logGet(43)) - raft.server.rpc.timeout.max = 5200ms (custom)
2019-09-25 12:55:42,407 [pool-37-thread-1] INFO  server.RaftServerConfigKeys (ConfUtils.java:logGet(43)) - raft.server.rpcslowness.timeout = 120s (custom)
2019-09-25 12:55:42,407 [pool-37-thread-1] INFO  server.RaftServerConfigKeys (ConfUtils.java:logGet(43)) - raft.server.sleep.deviation.threshold = 300 (default)
2019-09-25 12:55:42,407 [pool-37-thread-1] INFO  server.RaftServerConfigKeys (ConfUtils.java:logGet(43)) - raft.server.log.appender.install.snapshot.enabled = false (custom)
2019-09-25 12:55:42,407 [pool-37-thread-1] INFO  impl.RaftServerImpl (ServerState.java:<init>(103)) - 2729792d-b2a4-4e65-a25b-ab0b4d1b27a6@group-29448533705E: ConfigurationManager, init=-1: [2729792d-b2a4-4e65-a25b-ab0b4d1b27a6:192.168.151.73:44022], old=null, confs=<EMPTY_MAP>
2019-09-25 12:55:42,407 [pool-37-thread-1] INFO  server.RaftServerConfigKeys (ConfUtils.java:logGet(43)) - raft.server.storage.dir = [/workdir/hadoop-ozone/tools/target/test-dir/MiniOzoneClusterImpl-dd5724c6-bedc-4b9f-b6c2-d61ca2c556e0/datanode-1/data/ratis] (custom)
2019-09-25 12:55:42,408 [pool-37-thread-1] INFO  storage.RaftStorageDirectory (RaftStorageDirectory.java:analyzeStorage(246)) - The storage directory /workdir/hadoop-ozone/tools/target/test-dir/MiniOzoneClusterImpl-dd5724c6-bedc-4b9f-b6c2-d61ca2c556e0/datanode-1/data/ratis/9470036f-1b34-4ad9-a786-29448533705e does not exist. Creating ...
2019-09-25 12:55:42,420 [pool-37-thread-1] INFO  storage.RaftStorageDirectory (RaftStorageDirectory.java:tryLock(328)) - Lock on /workdir/hadoop-ozone/tools/target/test-dir/MiniOzoneClusterImpl-dd5724c6-bedc-4b9f-b6c2-d61ca2c556e0/datanode-1/data/ratis/9470036f-1b34-4ad9-a786-29448533705e/in_use.lock acquired by nodename 10064@pr-hdds-1569-shd4m-3693607622
2019-09-25 12:55:42,437 [pool-37-thread-1] INFO  storage.RaftStorage (RaftStorage.java:format(72)) - Storage directory /workdir/hadoop-ozone/tools/target/test-dir/MiniOzoneClusterImpl-dd5724c6-bedc-4b9f-b6c2-d61ca2c556e0/datanode-1/data/ratis/9470036f-1b34-4ad9-a786-29448533705e has been successfully formatted.
2019-09-25 12:55:42,438 [pool-37-thread-1] INFO  ratis.ContainerStateMachine (ContainerStateMachine.java:loadSnapshot(230)) - group-29448533705E: The snapshot info is null. Setting the last applied indexto:(t:0, i:~)
2019-09-25 12:55:42,438 [pool-37-thread-1] INFO  server.RaftServerConfigKeys (ConfUtils.java:logGet(43)) - raft.server.notification.no-leader.timeout = 120s (custom)
2019-09-25 12:55:42,438 [pool-37-thread-1] INFO  server.RaftServerConfigKeys (ConfUtils.java:logGet(43)) - raft.server.log.use.memory = false (default)
2019-09-25 12:55:42,438 [pool-37-thread-1] INFO  server.RaftServerConfigKeys (ConfUtils.java:logGet(43)) - raft.server.log.purge.gap = 1000000 (custom)
2019-09-25 12:55:42,439 [pool-37-thread-1] INFO  server.RaftServerConfigKeys (ConfUtils.java:logGet(43)) - raft.server.log.appender.buffer.byte-limit = 33554432 (custom)
2019-09-25 12:55:42,439 [pool-37-thread-1] INFO  server.RaftServerConfigKeys (ConfUtils.java:logGet(43)) - raft.server.log.segment.size.max = 1048576 (custom)
2019-09-25 12:55:42,439 [pool-37-thread-1] INFO  server.RaftServerConfigKeys (ConfUtils.java:logGet(43)) - raft.server.log.segment.cache.num.max = 2 (custom)
2019-09-25 12:55:42,439 [pool-37-thread-1] INFO  segmented.SegmentedRaftLogWorker (SegmentedRaftLogWorker.java:<init>(172)) - new 2729792d-b2a4-4e65-a25b-ab0b4d1b27a6@group-29448533705E-SegmentedRaftLogWorker for RaftStorage:Storage Directory /workdir/hadoop-ozone/tools/target/test-dir/MiniOzoneClusterImpl-dd5724c6-bedc-4b9f-b6c2-d61ca2c556e0/datanode-1/data/ratis/9470036f-1b34-4ad9-a786-29448533705e
2019-09-25 12:55:42,439 [pool-37-thread-1] INFO  server.RaftServerConfigKeys (ConfUtils.java:logGet(43)) - raft.server.log.queue.byte-limit = 2147483647 (custom)
2019-09-25 12:55:42,440 [pool-37-thread-1] INFO  server.RaftServerConfigKeys (ConfUtils.java:logGet(43)) - raft.server.log.queue.element-limit = 1024 (custom)
2019-09-25 12:55:42,440 [pool-37-thread-1] INFO  server.RaftServerConfigKeys (ConfUtils.java:logGet(43)) - raft.server.log.segment.size.max = 1048576 (custom)
2019-09-25 12:55:42,440 [pool-37-thread-1] INFO  server.RaftServerConfigKeys (ConfUtils.java:logGet(43)) - raft.server.log.preallocated.size = 16384 (custom)
2019-09-25 12:55:42,440 [pool-37-thread-1] INFO  server.RaftServerConfigKeys (ConfUtils.java:logGet(43)) - raft.server.log.write.buffer.size = 33554432 (custom)
2019-09-25 12:55:42,440 [pool-37-thread-1] INFO  server.RaftServerConfigKeys (ConfUtils.java:logGet(43)) - raft.server.log.force.sync.num = 128 (default)
2019-09-25 12:55:42,440 [pool-37-thread-1] INFO  server.RaftServerConfigKeys (ConfUtils.java:logGet(43)) - raft.server.log.statemachine.data.sync = true (default)
2019-09-25 12:55:42,441 [pool-37-thread-1] INFO  server.RaftServerConfigKeys (ConfUtils.java:logGet(43)) - raft.server.log.statemachine.data.sync.timeout = 10s (default)
2019-09-25 12:55:42,441 [pool-37-thread-1] INFO  server.RaftServerConfigKeys (ConfUtils.java:logGet(43)) - raft.server.log.statemachine.data.sync.timeout.retry = -1 (default)
2019-09-25 12:55:42,441 [pool-37-thread-1] INFO  server.RaftServerConfigKeys (ConfUtils.java:logGet(43)) - raft.server.log.statemachine.data.caching.enabled = true (custom)
2019-09-25 12:55:42,442 [pool-37-thread-1] INFO  segmented.SegmentedRaftLogWorker (SegmentedRaftLogWorker.java:lambda$new$0(132)) - 2729792d-b2a4-4e65-a25b-ab0b4d1b27a6@group-29448533705E-SegmentedRaftLogWorker: flushIndex: setUnconditionally 0 -> -1
2019-09-25 12:55:42,442 [pool-37-thread-1] INFO  server.RaftServerConfigKeys (ConfUtils.java:logGet(43)) - raft.server.snapshot.auto.trigger.enabled = true (custom)
2019-09-25 12:55:42,442 [pool-37-thread-1] INFO  server.RaftServerConfigKeys (ConfUtils.java:logGet(43)) - raft.server.snapshot.auto.trigger.threshold = 10000 (custom)
2019-09-25 12:55:42,442 [pool-37-thread-1] INFO  server.RaftServerConfigKeys (ConfUtils.java:logGet(43)) - raft.server.snapshot.retention.num.files = 5 (custom)
2019-09-25 12:55:42,443 [pool-37-thread-1] INFO  server.RaftServerConfigKeys (ConfUtils.java:logGet(43)) - raft.server.retrycache.expirytime = 600000ms (custom)
2019-09-25 12:55:42,448 [pool-37-thread-1] INFO  impl.RaftServerImpl (RaftServerImpl.java:start(185)) - 2729792d-b2a4-4e65-a25b-ab0b4d1b27a6@group-29448533705E: start as a follower, conf=-1: [2729792d-b2a4-4e65-a25b-ab0b4d1b27a6:192.168.151.73:44022], old=null
2019-09-25 12:55:42,448 [pool-37-thread-1] INFO  impl.RaftServerImpl (RaftServerImpl.java:setRole(174)) - 2729792d-b2a4-4e65-a25b-ab0b4d1b27a6@group-29448533705E: changes role from      null to FOLLOWER at term 0 for startAsFollower
2019-09-25 12:55:42,448 [pool-37-thread-1] INFO  impl.RoleInfo (RoleInfo.java:updateAndGet(143)) - 2729792d-b2a4-4e65-a25b-ab0b4d1b27a6: start FollowerState
2019-09-25 12:55:42,449 [pool-37-thread-1] INFO  util.JmxRegister (JmxRegister.java:tryRegister(44)) - Successfully registered JMX Bean with object name Ratis:service=RaftServer,group=group-29448533705E,id=2729792d-b2a4-4e65-a25b-ab0b4d1b27a6
2019-09-25 12:55:42,455 [main] INFO  ozone.MiniOzoneClusterImpl (MiniOzoneClusterImpl.java:lambda$waitForClusterToBeReady$0(147)) - Cluster is ready. Got 3 of 3 DN Heartbeats.
2019-09-25 12:55:42,463 [RatisPipelineUtilsThread] INFO  pipeline.PipelineStateManager (PipelineStateManager.java:addPipeline(56)) - Created pipeline Pipeline[ Id: 9470036f-1b34-4ad9-a786-29448533705e, Nodes: 2729792d-b2a4-4e65-a25b-ab0b4d1b27a6{ip: 192.168.151.73, host: pr-hdds-1569-shd4m-3693607622, networkLocation: /default-rack, certSerialId: null}, Type:RATIS, Factor:ONE, State:OPEN]
2019-09-25 12:55:42,484 [grpc-default-executor-0] INFO  impl.RaftServerProxy (RaftServerProxy.java:addNew(89)) - 77ddc70b-a4d5-46bc-9bd0-0ef6651d4d69: addNew group-C4FA861A5FF0:[77ddc70b-a4d5-46bc-9bd0-0ef6651d4d69:192.168.151.73:39966] returns group-C4FA861A5FF0:java.util.concurrent.CompletableFuture@5e8690cf[Not completed]
2019-09-25 12:55:42,486 [pool-47-thread-1] INFO  impl.RaftServerImpl (RaftServerImpl.java:<init>(95)) - 77ddc70b-a4d5-46bc-9bd0-0ef6651d4d69: new RaftServerImpl for group-C4FA861A5FF0:[77ddc70b-a4d5-46bc-9bd0-0ef6651d4d69:192.168.151.73:39966] with ContainerStateMachine:uninitialized
2019-09-25 12:55:42,486 [pool-47-thread-1] INFO  server.RaftServerConfigKeys (ConfUtils.java:logGet(43)) - raft.server.rpc.timeout.min = 5s (custom)
2019-09-25 12:55:42,486 [pool-47-thread-1] INFO  server.RaftServerConfigKeys (ConfUtils.java:logGet(43)) - raft.server.rpc.timeout.max = 5200ms (custom)
2019-09-25 12:55:42,486 [pool-47-thread-1] INFO  server.RaftServerConfigKeys (ConfUtils.java:logGet(43)) - raft.server.rpcslowness.timeout = 120s (custom)
2019-09-25 12:55:42,486 [pool-47-thread-1] INFO  server.RaftServerConfigKeys (ConfUtils.java:logGet(43)) - raft.server.sleep.deviation.threshold = 300 (default)
2019-09-25 12:55:42,487 [pool-47-thread-1] INFO  server.RaftServerConfigKeys (ConfUtils.java:logGet(43)) - raft.server.log.appender.install.snapshot.enabled = false (custom)
2019-09-25 12:55:42,487 [pool-47-thread-1] INFO  impl.RaftServerImpl (ServerState.java:<init>(103)) - 77ddc70b-a4d5-46bc-9bd0-0ef6651d4d69@group-C4FA861A5FF0: ConfigurationManager, init=-1: [77ddc70b-a4d5-46bc-9bd0-0ef6651d4d69:192.168.151.73:39966], old=null, confs=<EMPTY_MAP>
2019-09-25 12:55:42,487 [pool-47-thread-1] INFO  server.RaftServerConfigKeys (ConfUtils.java:logGet(43)) - raft.server.storage.dir = [/workdir/hadoop-ozone/tools/target/test-dir/MiniOzoneClusterImpl-dd5724c6-bedc-4b9f-b6c2-d61ca2c556e0/datanode-2/data/ratis] (custom)
2019-09-25 12:55:42,487 [pool-47-thread-1] INFO  storage.RaftStorageDirectory (RaftStorageDirectory.java:analyzeStorage(246)) - The storage directory /workdir/hadoop-ozone/tools/target/test-dir/MiniOzoneClusterImpl-dd5724c6-bedc-4b9f-b6c2-d61ca2c556e0/datanode-2/data/ratis/eb43ff6b-3f57-496d-a545-c4fa861a5ff0 does not exist. Creating ...
2019-09-25 12:55:42,510 [pool-47-thread-1] INFO  storage.RaftStorageDirectory (RaftStorageDirectory.java:tryLock(328)) - Lock on /workdir/hadoop-ozone/tools/target/test-dir/MiniOzoneClusterImpl-dd5724c6-bedc-4b9f-b6c2-d61ca2c556e0/datanode-2/data/ratis/eb43ff6b-3f57-496d-a545-c4fa861a5ff0/in_use.lock acquired by nodename 10064@pr-hdds-1569-shd4m-3693607622
2019-09-25 12:55:42,533 [pool-47-thread-1] INFO  storage.RaftStorage (RaftStorage.java:format(72)) - Storage directory /workdir/hadoop-ozone/tools/target/test-dir/MiniOzoneClusterImpl-dd5724c6-bedc-4b9f-b6c2-d61ca2c556e0/datanode-2/data/ratis/eb43ff6b-3f57-496d-a545-c4fa861a5ff0 has been successfully formatted.
2019-09-25 12:55:42,533 [pool-47-thread-1] INFO  ratis.ContainerStateMachine (ContainerStateMachine.java:loadSnapshot(230)) - group-C4FA861A5FF0: The snapshot info is null. Setting the last applied indexto:(t:0, i:~)
2019-09-25 12:55:42,533 [pool-47-thread-1] INFO  server.RaftServerConfigKeys (ConfUtils.java:logGet(43)) - raft.server.notification.no-leader.timeout = 120s (custom)
2019-09-25 12:55:42,534 [pool-47-thread-1] INFO  server.RaftServerConfigKeys (ConfUtils.java:logGet(43)) - raft.server.log.use.memory = false (default)
2019-09-25 12:55:42,534 [pool-47-thread-1] INFO  server.RaftServerConfigKeys (ConfUtils.java:logGet(43)) - raft.server.log.purge.gap = 1000000 (custom)
2019-09-25 12:55:42,534 [pool-47-thread-1] INFO  server.RaftServerConfigKeys (ConfUtils.java:logGet(43)) - raft.server.log.appender.buffer.byte-limit = 33554432 (custom)
2019-09-25 12:55:42,534 [pool-47-thread-1] INFO  server.RaftServerConfigKeys (ConfUtils.java:logGet(43)) - raft.server.log.segment.size.max = 1048576 (custom)
2019-09-25 12:55:42,534 [pool-47-thread-1] INFO  server.RaftServerConfigKeys (ConfUtils.java:logGet(43)) - raft.server.log.segment.cache.num.max = 2 (custom)
2019-09-25 12:55:42,535 [pool-47-thread-1] INFO  segmented.SegmentedRaftLogWorker (SegmentedRaftLogWorker.java:<init>(172)) - new 77ddc70b-a4d5-46bc-9bd0-0ef6651d4d69@group-C4FA861A5FF0-SegmentedRaftLogWorker for RaftStorage:Storage Directory /workdir/hadoop-ozone/tools/target/test-dir/MiniOzoneClusterImpl-dd5724c6-bedc-4b9f-b6c2-d61ca2c556e0/datanode-2/data/ratis/eb43ff6b-3f57-496d-a545-c4fa861a5ff0
2019-09-25 12:55:42,535 [pool-47-thread-1] INFO  server.RaftServerConfigKeys (ConfUtils.java:logGet(43)) - raft.server.log.queue.byte-limit = 2147483647 (custom)
2019-09-25 12:55:42,535 [pool-47-thread-1] INFO  server.RaftServerConfigKeys (ConfUtils.java:logGet(43)) - raft.server.log.queue.element-limit = 1024 (custom)
2019-09-25 12:55:42,535 [pool-47-thread-1] INFO  server.RaftServerConfigKeys (ConfUtils.java:logGet(43)) - raft.server.log.segment.size.max = 1048576 (custom)
2019-09-25 12:55:42,535 [pool-47-thread-1] INFO  server.RaftServerConfigKeys (ConfUtils.java:logGet(43)) - raft.server.log.preallocated.size = 16384 (custom)
2019-09-25 12:55:42,536 [pool-47-thread-1] INFO  server.RaftServerConfigKeys (ConfUtils.java:logGet(43)) - raft.server.log.write.buffer.size = 33554432 (custom)
2019-09-25 12:55:42,536 [pool-47-thread-1] INFO  server.RaftServerConfigKeys (ConfUtils.java:logGet(43)) - raft.server.log.force.sync.num = 128 (default)
2019-09-25 12:55:42,536 [pool-47-thread-1] INFO  server.RaftServerConfigKeys (ConfUtils.java:logGet(43)) - raft.server.log.statemachine.data.sync = true (default)
2019-09-25 12:55:42,536 [pool-47-thread-1] INFO  server.RaftServerConfigKeys (ConfUtils.java:logGet(43)) - raft.server.log.statemachine.data.sync.timeout = 10s (default)
2019-09-25 12:55:42,536 [pool-47-thread-1] INFO  server.RaftServerConfigKeys (ConfUtils.java:logGet(43)) - raft.server.log.statemachine.data.sync.timeout.retry = -1 (default)
2019-09-25 12:55:42,537 [pool-47-thread-1] INFO  server.RaftServerConfigKeys (ConfUtils.java:logGet(43)) - raft.server.log.statemachine.data.caching.enabled = true (custom)
2019-09-25 12:55:42,537 [pool-47-thread-1] INFO  segmented.SegmentedRaftLogWorker (SegmentedRaftLogWorker.java:lambda$new$0(132)) - 77ddc70b-a4d5-46bc-9bd0-0ef6651d4d69@group-C4FA861A5FF0-SegmentedRaftLogWorker: flushIndex: setUnconditionally 0 -> -1
2019-09-25 12:55:42,538 [pool-47-thread-1] INFO  server.RaftServerConfigKeys (ConfUtils.java:logGet(43)) - raft.server.snapshot.auto.trigger.enabled = true (custom)
2019-09-25 12:55:42,538 [pool-47-thread-1] INFO  server.RaftServerConfigKeys (ConfUtils.java:logGet(43)) - raft.server.snapshot.auto.trigger.threshold = 10000 (custom)
2019-09-25 12:55:42,538 [pool-47-thread-1] INFO  server.RaftServerConfigKeys (ConfUtils.java:logGet(43)) - raft.server.snapshot.retention.num.files = 5 (custom)
2019-09-25 12:55:42,538 [pool-47-thread-1] INFO  server.RaftServerConfigKeys (ConfUtils.java:logGet(43)) - raft.server.retrycache.expirytime = 600000ms (custom)
2019-09-25 12:55:42,543 [pool-47-thread-1] INFO  impl.RaftServerImpl (RaftServerImpl.java:start(185)) - 77ddc70b-a4d5-46bc-9bd0-0ef6651d4d69@group-C4FA861A5FF0: start as a follower, conf=-1: [77ddc70b-a4d5-46bc-9bd0-0ef6651d4d69:192.168.151.73:39966], old=null
2019-09-25 12:55:42,543 [pool-47-thread-1] INFO  impl.RaftServerImpl (RaftServerImpl.java:setRole(174)) - 77ddc70b-a4d5-46bc-9bd0-0ef6651d4d69@group-C4FA861A5FF0: changes role from      null to FOLLOWER at term 0 for startAsFollower
2019-09-25 12:55:42,543 [pool-47-thread-1] INFO  impl.RoleInfo (RoleInfo.java:updateAndGet(143)) - 77ddc70b-a4d5-46bc-9bd0-0ef6651d4d69: start FollowerState
2019-09-25 12:55:42,544 [pool-47-thread-1] INFO  util.JmxRegister (JmxRegister.java:tryRegister(44)) - Successfully registered JMX Bean with object name Ratis:service=RaftServer,group=group-C4FA861A5FF0,id=77ddc70b-a4d5-46bc-9bd0-0ef6651d4d69
2019-09-25 12:55:42,554 [RatisPipelineUtilsThread] INFO  pipeline.PipelineStateManager (PipelineStateManager.java:addPipeline(56)) - Created pipeline Pipeline[ Id: eb43ff6b-3f57-496d-a545-c4fa861a5ff0, Nodes: 77ddc70b-a4d5-46bc-9bd0-0ef6651d4d69{ip: 192.168.151.73, host: pr-hdds-1569-shd4m-3693607622, networkLocation: /default-rack, certSerialId: null}, Type:RATIS, Factor:ONE, State:OPEN]
2019-09-25 12:55:42,581 [grpc-default-executor-0] INFO  impl.RaftServerProxy (RaftServerProxy.java:addNew(89)) - 2729792d-b2a4-4e65-a25b-ab0b4d1b27a6: addNew group-29DF95A3598F:[2729792d-b2a4-4e65-a25b-ab0b4d1b27a6:192.168.151.73:44022] returns group-29DF95A3598F:java.util.concurrent.CompletableFuture@2c1843a2[Not completed]
2019-09-25 12:55:42,583 [pool-37-thread-1] INFO  impl.RaftServerImpl (RaftServerImpl.java:<init>(95)) - 2729792d-b2a4-4e65-a25b-ab0b4d1b27a6: new RaftServerImpl for group-29DF95A3598F:[2729792d-b2a4-4e65-a25b-ab0b4d1b27a6:192.168.151.73:44022] with ContainerStateMachine:uninitialized
2019-09-25 12:55:42,583 [pool-37-thread-1] INFO  server.RaftServerConfigKeys (ConfUtils.java:logGet(43)) - raft.server.rpc.timeout.min = 5s (custom)
2019-09-25 12:55:42,583 [pool-37-thread-1] INFO  server.RaftServerConfigKeys (ConfUtils.java:logGet(43)) - raft.server.rpc.timeout.max = 5200ms (custom)
2019-09-25 12:55:42,583 [pool-37-thread-1] INFO  server.RaftServerConfigKeys (ConfUtils.java:logGet(43)) - raft.server.rpcslowness.timeout = 120s (custom)
2019-09-25 12:55:42,583 [pool-37-thread-1] INFO  server.RaftServerConfigKeys (ConfUtils.java:logGet(43)) - raft.server.sleep.deviation.threshold = 300 (default)
2019-09-25 12:55:42,584 [pool-37-thread-1] INFO  server.RaftServerConfigKeys (ConfUtils.java:logGet(43)) - raft.server.log.appender.install.snapshot.enabled = false (custom)
2019-09-25 12:55:42,584 [pool-37-thread-1] INFO  impl.RaftServerImpl (ServerState.java:<init>(103)) - 2729792d-b2a4-4e65-a25b-ab0b4d1b27a6@group-29DF95A3598F: ConfigurationManager, init=-1: [2729792d-b2a4-4e65-a25b-ab0b4d1b27a6:192.168.151.73:44022], old=null, confs=<EMPTY_MAP>
2019-09-25 12:55:42,584 [pool-37-thread-1] INFO  server.RaftServerConfigKeys (ConfUtils.java:logGet(43)) - raft.server.storage.dir = [/workdir/hadoop-ozone/tools/target/test-dir/MiniOzoneClusterImpl-dd5724c6-bedc-4b9f-b6c2-d61ca2c556e0/datanode-1/data/ratis] (custom)
2019-09-25 12:55:42,584 [pool-37-thread-1] INFO  storage.RaftStorageDirectory (RaftStorageDirectory.java:analyzeStorage(246)) - The storage directory /workdir/hadoop-ozone/tools/target/test-dir/MiniOzoneClusterImpl-dd5724c6-bedc-4b9f-b6c2-d61ca2c556e0/datanode-1/data/ratis/4786d162-661e-4abe-bb58-29df95a3598f does not exist. Creating ...
2019-09-25 12:55:42,609 [pool-37-thread-1] INFO  storage.RaftStorageDirectory (RaftStorageDirectory.java:tryLock(328)) - Lock on /workdir/hadoop-ozone/tools/target/test-dir/MiniOzoneClusterImpl-dd5724c6-bedc-4b9f-b6c2-d61ca2c556e0/datanode-1/data/ratis/4786d162-661e-4abe-bb58-29df95a3598f/in_use.lock acquired by nodename 10064@pr-hdds-1569-shd4m-3693607622
2019-09-25 12:55:42,622 [pool-37-thread-1] INFO  storage.RaftStorage (RaftStorage.java:format(72)) - Storage directory /workdir/hadoop-ozone/tools/target/test-dir/MiniOzoneClusterImpl-dd5724c6-bedc-4b9f-b6c2-d61ca2c556e0/datanode-1/data/ratis/4786d162-661e-4abe-bb58-29df95a3598f has been successfully formatted.
2019-09-25 12:55:42,623 [pool-37-thread-1] INFO  ratis.ContainerStateMachine (ContainerStateMachine.java:loadSnapshot(230)) - group-29DF95A3598F: The snapshot info is null. Setting the last applied indexto:(t:0, i:~)
2019-09-25 12:55:42,623 [pool-37-thread-1] INFO  server.RaftServerConfigKeys (ConfUtils.java:logGet(43)) - raft.server.notification.no-leader.timeout = 120s (custom)
2019-09-25 12:55:42,623 [pool-37-thread-1] INFO  server.RaftServerConfigKeys (ConfUtils.java:logGet(43)) - raft.server.log.use.memory = false (default)
2019-09-25 12:55:42,623 [pool-37-thread-1] INFO  server.RaftServerConfigKeys (ConfUtils.java:logGet(43)) - raft.server.log.purge.gap = 1000000 (custom)
2019-09-25 12:55:42,623 [pool-37-thread-1] INFO  server.RaftServerConfigKeys (ConfUtils.java:logGet(43)) - raft.server.log.appender.buffer.byte-limit = 33554432 (custom)
2019-09-25 12:55:42,623 [pool-37-thread-1] INFO  server.RaftServerConfigKeys (ConfUtils.java:logGet(43)) - raft.server.log.segment.size.max = 1048576 (custom)
2019-09-25 12:55:42,623 [pool-37-thread-1] INFO  server.RaftServerConfigKeys (ConfUtils.java:logGet(43)) - raft.server.log.segment.cache.num.max = 2 (custom)
2019-09-25 12:55:42,624 [pool-37-thread-1] INFO  segmented.SegmentedRaftLogWorker (SegmentedRaftLogWorker.java:<init>(172)) - new 2729792d-b2a4-4e65-a25b-ab0b4d1b27a6@group-29DF95A3598F-SegmentedRaftLogWorker for RaftStorage:Storage Directory /workdir/hadoop-ozone/tools/target/test-dir/MiniOzoneClusterImpl-dd5724c6-bedc-4b9f-b6c2-d61ca2c556e0/datanode-1/data/ratis/4786d162-661e-4abe-bb58-29df95a3598f
2019-09-25 12:55:42,624 [pool-37-thread-1] INFO  server.RaftServerConfigKeys (ConfUtils.java:logGet(43)) - raft.server.log.queue.byte-limit = 2147483647 (custom)
2019-09-25 12:55:42,624 [pool-37-thread-1] INFO  server.RaftServerConfigKeys (ConfUtils.java:logGet(43)) - raft.server.log.queue.element-limit = 1024 (custom)
2019-09-25 12:55:42,624 [pool-37-thread-1] INFO  server.RaftServerConfigKeys (ConfUtils.java:logGet(43)) - raft.server.log.segment.size.max = 1048576 (custom)
2019-09-25 12:55:42,624 [pool-37-thread-1] INFO  server.RaftServerConfigKeys (ConfUtils.java:logGet(43)) - raft.server.log.preallocated.size = 16384 (custom)
2019-09-25 12:55:42,624 [pool-37-thread-1] INFO  server.RaftServerConfigKeys (ConfUtils.java:logGet(43)) - raft.server.log.write.buffer.size = 33554432 (custom)
2019-09-25 12:55:42,625 [pool-37-thread-1] INFO  server.RaftServerConfigKeys (ConfUtils.java:logGet(43)) - raft.server.log.force.sync.num = 128 (default)
2019-09-25 12:55:42,625 [pool-37-thread-1] INFO  server.RaftServerConfigKeys (ConfUtils.java:logGet(43)) - raft.server.log.statemachine.data.sync = true (default)
2019-09-25 12:55:42,625 [pool-37-thread-1] INFO  server.RaftServerConfigKeys (ConfUtils.java:logGet(43)) - raft.server.log.statemachine.data.sync.timeout = 10s (default)
2019-09-25 12:55:42,625 [pool-37-thread-1] INFO  server.RaftServerConfigKeys (ConfUtils.java:logGet(43)) - raft.server.log.statemachine.data.sync.timeout.retry = -1 (default)
2019-09-25 12:55:42,625 [pool-37-thread-1] INFO  server.RaftServerConfigKeys (ConfUtils.java:logGet(43)) - raft.server.log.statemachine.data.caching.enabled = true (custom)
2019-09-25 12:55:42,626 [pool-37-thread-1] INFO  segmented.SegmentedRaftLogWorker (SegmentedRaftLogWorker.java:lambda$new$0(132)) - 2729792d-b2a4-4e65-a25b-ab0b4d1b27a6@group-29DF95A3598F-SegmentedRaftLogWorker: flushIndex: setUnconditionally 0 -> -1
2019-09-25 12:55:42,626 [pool-37-thread-1] INFO  server.RaftServerConfigKeys (ConfUtils.java:logGet(43)) - raft.server.snapshot.auto.trigger.enabled = true (custom)
2019-09-25 12:55:42,626 [pool-37-thread-1] INFO  server.RaftServerConfigKeys (ConfUtils.java:logGet(43)) - raft.server.snapshot.auto.trigger.threshold = 10000 (custom)
2019-09-25 12:55:42,626 [pool-37-thread-1] INFO  server.RaftServerConfigKeys (ConfUtils.java:logGet(43)) - raft.server.snapshot.retention.num.files = 5 (custom)
2019-09-25 12:55:42,626 [pool-37-thread-1] INFO  server.RaftServerConfigKeys (ConfUtils.java:logGet(43)) - raft.server.retrycache.expirytime = 600000ms (custom)
2019-09-25 12:55:42,629 [pool-37-thread-1] INFO  impl.RaftServerImpl (RaftServerImpl.java:start(185)) - 2729792d-b2a4-4e65-a25b-ab0b4d1b27a6@group-29DF95A3598F: start as a follower, conf=-1: [2729792d-b2a4-4e65-a25b-ab0b4d1b27a6:192.168.151.73:44022], old=null
2019-09-25 12:55:42,629 [pool-37-thread-1] INFO  impl.RaftServerImpl (RaftServerImpl.java:setRole(174)) - 2729792d-b2a4-4e65-a25b-ab0b4d1b27a6@group-29DF95A3598F: changes role from      null to FOLLOWER at term 0 for startAsFollower
2019-09-25 12:55:42,630 [pool-37-thread-1] INFO  impl.RoleInfo (RoleInfo.java:updateAndGet(143)) - 2729792d-b2a4-4e65-a25b-ab0b4d1b27a6: start FollowerState
2019-09-25 12:55:42,630 [pool-37-thread-1] INFO  util.JmxRegister (JmxRegister.java:tryRegister(44)) - Successfully registered JMX Bean with object name Ratis:service=RaftServer,group=group-29DF95A3598F,id=2729792d-b2a4-4e65-a25b-ab0b4d1b27a6
2019-09-25 12:55:42,641 [RatisPipelineUtilsThread] INFO  pipeline.PipelineStateManager (PipelineStateManager.java:addPipeline(56)) - Created pipeline Pipeline[ Id: 4786d162-661e-4abe-bb58-29df95a3598f, Nodes: 2729792d-b2a4-4e65-a25b-ab0b4d1b27a6{ip: 192.168.151.73, host: pr-hdds-1569-shd4m-3693607622, networkLocation: /default-rack, certSerialId: null}, Type:RATIS, Factor:ONE, State:OPEN]
2019-09-25 12:55:42,652 [grpc-default-executor-0] INFO  impl.RaftServerProxy (RaftServerProxy.java:addNew(89)) - 2729792d-b2a4-4e65-a25b-ab0b4d1b27a6: addNew group-A6C6DBC42E4B:[2729792d-b2a4-4e65-a25b-ab0b4d1b27a6:192.168.151.73:44022] returns group-A6C6DBC42E4B:java.util.concurrent.CompletableFuture@305db396[Not completed]
2019-09-25 12:55:42,653 [pool-37-thread-1] INFO  impl.RaftServerImpl (RaftServerImpl.java:<init>(95)) - 2729792d-b2a4-4e65-a25b-ab0b4d1b27a6: new RaftServerImpl for group-A6C6DBC42E4B:[2729792d-b2a4-4e65-a25b-ab0b4d1b27a6:192.168.151.73:44022] with ContainerStateMachine:uninitialized
2019-09-25 12:55:42,654 [pool-37-thread-1] INFO  server.RaftServerConfigKeys (ConfUtils.java:logGet(43)) - raft.server.rpc.timeout.min = 5s (custom)
2019-09-25 12:55:42,654 [pool-37-thread-1] INFO  server.RaftServerConfigKeys (ConfUtils.java:logGet(43)) - raft.server.rpc.timeout.max = 5200ms (custom)
2019-09-25 12:55:42,654 [pool-37-thread-1] INFO  server.RaftServerConfigKeys (ConfUtils.java:logGet(43)) - raft.server.rpcslowness.timeout = 120s (custom)
2019-09-25 12:55:42,654 [pool-37-thread-1] INFO  server.RaftServerConfigKeys (ConfUtils.java:logGet(43)) - raft.server.sleep.deviation.threshold = 300 (default)
2019-09-25 12:55:42,654 [pool-37-thread-1] INFO  server.RaftServerConfigKeys (ConfUtils.java:logGet(43)) - raft.server.log.appender.install.snapshot.enabled = false (custom)
2019-09-25 12:55:42,654 [pool-37-thread-1] INFO  impl.RaftServerImpl (ServerState.java:<init>(103)) - 2729792d-b2a4-4e65-a25b-ab0b4d1b27a6@group-A6C6DBC42E4B: ConfigurationManager, init=-1: [2729792d-b2a4-4e65-a25b-ab0b4d1b27a6:192.168.151.73:44022], old=null, confs=<EMPTY_MAP>
2019-09-25 12:55:42,654 [pool-37-thread-1] INFO  server.RaftServerConfigKeys (ConfUtils.java:logGet(43)) - raft.server.storage.dir = [/workdir/hadoop-ozone/tools/target/test-dir/MiniOzoneClusterImpl-dd5724c6-bedc-4b9f-b6c2-d61ca2c556e0/datanode-1/data/ratis] (custom)
2019-09-25 12:55:42,655 [pool-37-thread-1] INFO  storage.RaftStorageDirectory (RaftStorageDirectory.java:analyzeStorage(246)) - The storage directory /workdir/hadoop-ozone/tools/target/test-dir/MiniOzoneClusterImpl-dd5724c6-bedc-4b9f-b6c2-d61ca2c556e0/datanode-1/data/ratis/f3deeea6-9c4e-4083-b321-a6c6dbc42e4b does not exist. Creating ...
2019-09-25 12:55:42,667 [pool-37-thread-1] INFO  storage.RaftStorageDirectory (RaftStorageDirectory.java:tryLock(328)) - Lock on /workdir/hadoop-ozone/tools/target/test-dir/MiniOzoneClusterImpl-dd5724c6-bedc-4b9f-b6c2-d61ca2c556e0/datanode-1/data/ratis/f3deeea6-9c4e-4083-b321-a6c6dbc42e4b/in_use.lock acquired by nodename 10064@pr-hdds-1569-shd4m-3693607622
2019-09-25 12:55:42,679 [pool-37-thread-1] INFO  storage.RaftStorage (RaftStorage.java:format(72)) - Storage directory /workdir/hadoop-ozone/tools/target/test-dir/MiniOzoneClusterImpl-dd5724c6-bedc-4b9f-b6c2-d61ca2c556e0/datanode-1/data/ratis/f3deeea6-9c4e-4083-b321-a6c6dbc42e4b has been successfully formatted.
2019-09-25 12:55:42,680 [pool-37-thread-1] INFO  ratis.ContainerStateMachine (ContainerStateMachine.java:loadSnapshot(230)) - group-A6C6DBC42E4B: The snapshot info is null. Setting the last applied indexto:(t:0, i:~)
2019-09-25 12:55:42,680 [pool-37-thread-1] INFO  server.RaftServerConfigKeys (ConfUtils.java:logGet(43)) - raft.server.notification.no-leader.timeout = 120s (custom)
2019-09-25 12:55:42,680 [pool-37-thread-1] INFO  server.RaftServerConfigKeys (ConfUtils.java:logGet(43)) - raft.server.log.use.memory = false (default)
2019-09-25 12:55:42,680 [pool-37-thread-1] INFO  server.RaftServerConfigKeys (ConfUtils.java:logGet(43)) - raft.server.log.purge.gap = 1000000 (custom)
2019-09-25 12:55:42,680 [pool-37-thread-1] INFO  server.RaftServerConfigKeys (ConfUtils.java:logGet(43)) - raft.server.log.appender.buffer.byte-limit = 33554432 (custom)
2019-09-25 12:55:42,680 [pool-37-thread-1] INFO  server.RaftServerConfigKeys (ConfUtils.java:logGet(43)) - raft.server.log.segment.size.max = 1048576 (custom)
2019-09-25 12:55:42,680 [pool-37-thread-1] INFO  server.RaftServerConfigKeys (ConfUtils.java:logGet(43)) - raft.server.log.segment.cache.num.max = 2 (custom)
2019-09-25 12:55:42,681 [pool-37-thread-1] INFO  segmented.SegmentedRaftLogWorker (SegmentedRaftLogWorker.java:<init>(172)) - new 2729792d-b2a4-4e65-a25b-ab0b4d1b27a6@group-A6C6DBC42E4B-SegmentedRaftLogWorker for RaftStorage:Storage Directory /workdir/hadoop-ozone/tools/target/test-dir/MiniOzoneClusterImpl-dd5724c6-bedc-4b9f-b6c2-d61ca2c556e0/datanode-1/data/ratis/f3deeea6-9c4e-4083-b321-a6c6dbc42e4b
2019-09-25 12:55:42,681 [pool-37-thread-1] INFO  server.RaftServerConfigKeys (ConfUtils.java:logGet(43)) - raft.server.log.queue.byte-limit = 2147483647 (custom)
2019-09-25 12:55:42,681 [pool-37-thread-1] INFO  server.RaftServerConfigKeys (ConfUtils.java:logGet(43)) - raft.server.log.queue.element-limit = 1024 (custom)
2019-09-25 12:55:42,681 [pool-37-thread-1] INFO  server.RaftServerConfigKeys (ConfUtils.java:logGet(43)) - raft.server.log.segment.size.max = 1048576 (custom)
2019-09-25 12:55:42,681 [pool-37-thread-1] INFO  server.RaftServerConfigKeys (ConfUtils.java:logGet(43)) - raft.server.log.preallocated.size = 16384 (custom)
2019-09-25 12:55:42,681 [pool-37-thread-1] INFO  server.RaftServerConfigKeys (ConfUtils.java:logGet(43)) - raft.server.log.write.buffer.size = 33554432 (custom)
2019-09-25 12:55:42,681 [pool-37-thread-1] INFO  server.RaftServerConfigKeys (ConfUtils.java:logGet(43)) - raft.server.log.force.sync.num = 128 (default)
2019-09-25 12:55:42,681 [pool-37-thread-1] INFO  server.RaftServerConfigKeys (ConfUtils.java:logGet(43)) - raft.server.log.statemachine.data.sync = true (default)
2019-09-25 12:55:42,681 [pool-37-thread-1] INFO  server.RaftServerConfigKeys (ConfUtils.java:logGet(43)) - raft.server.log.statemachine.data.sync.timeout = 10s (default)
2019-09-25 12:55:42,682 [pool-37-thread-1] INFO  server.RaftServerConfigKeys (ConfUtils.java:logGet(43)) - raft.server.log.statemachine.data.sync.timeout.retry = -1 (default)
2019-09-25 12:55:42,682 [pool-37-thread-1] INFO  server.RaftServerConfigKeys (ConfUtils.java:logGet(43)) - raft.server.log.statemachine.data.caching.enabled = true (custom)
2019-09-25 12:55:42,682 [pool-37-thread-1] INFO  segmented.SegmentedRaftLogWorker (SegmentedRaftLogWorker.java:lambda$new$0(132)) - 2729792d-b2a4-4e65-a25b-ab0b4d1b27a6@group-A6C6DBC42E4B-SegmentedRaftLogWorker: flushIndex: setUnconditionally 0 -> -1
2019-09-25 12:55:42,683 [pool-37-thread-1] INFO  server.RaftServerConfigKeys (ConfUtils.java:logGet(43)) - raft.server.snapshot.auto.trigger.enabled = true (custom)
2019-09-25 12:55:42,683 [pool-37-thread-1] INFO  server.RaftServerConfigKeys (ConfUtils.java:logGet(43)) - raft.server.snapshot.auto.trigger.threshold = 10000 (custom)
2019-09-25 12:55:42,683 [pool-37-thread-1] INFO  server.RaftServerConfigKeys (ConfUtils.java:logGet(43)) - raft.server.snapshot.retention.num.files = 5 (custom)
2019-09-25 12:55:42,683 [pool-37-thread-1] INFO  server.RaftServerConfigKeys (ConfUtils.java:logGet(43)) - raft.server.retrycache.expirytime = 600000ms (custom)
2019-09-25 12:55:42,687 [pool-37-thread-1] INFO  impl.RaftServerImpl (RaftServerImpl.java:start(185)) - 2729792d-b2a4-4e65-a25b-ab0b4d1b27a6@group-A6C6DBC42E4B: start as a follower, conf=-1: [2729792d-b2a4-4e65-a25b-ab0b4d1b27a6:192.168.151.73:44022], old=null
2019-09-25 12:55:42,687 [pool-37-thread-1] INFO  impl.RaftServerImpl (RaftServerImpl.java:setRole(174)) - 2729792d-b2a4-4e65-a25b-ab0b4d1b27a6@group-A6C6DBC42E4B: changes role from      null to FOLLOWER at term 0 for startAsFollower
2019-09-25 12:55:42,687 [pool-37-thread-1] INFO  impl.RoleInfo (RoleInfo.java:updateAndGet(143)) - 2729792d-b2a4-4e65-a25b-ab0b4d1b27a6: start FollowerState
2019-09-25 12:55:42,687 [pool-37-thread-1] INFO  util.JmxRegister (JmxRegister.java:tryRegister(44)) - Successfully registered JMX Bean with object name Ratis:service=RaftServer,group=group-A6C6DBC42E4B,id=2729792d-b2a4-4e65-a25b-ab0b4d1b27a6
2019-09-25 12:55:42,700 [RatisPipelineUtilsThread] INFO  pipeline.PipelineStateManager (PipelineStateManager.java:addPipeline(56)) - Created pipeline Pipeline[ Id: f3deeea6-9c4e-4083-b321-a6c6dbc42e4b, Nodes: 2729792d-b2a4-4e65-a25b-ab0b4d1b27a6{ip: 192.168.151.73, host: pr-hdds-1569-shd4m-3693607622, networkLocation: /default-rack, certSerialId: null}, Type:RATIS, Factor:ONE, State:OPEN]
2019-09-25 12:55:42,712 [grpc-default-executor-0] INFO  impl.RaftServerProxy (RaftServerProxy.java:addNew(89)) - 301733ef-76bd-44e0-8b49-af06a9308120: addNew group-FC69ABBA61DC:[301733ef-76bd-44e0-8b49-af06a9308120:192.168.151.73:46165] returns group-FC69ABBA61DC:java.util.concurrent.CompletableFuture@74940733[Not completed]
2019-09-25 12:55:42,714 [pool-27-thread-1] INFO  impl.RaftServerImpl (RaftServerImpl.java:<init>(95)) - 301733ef-76bd-44e0-8b49-af06a9308120: new RaftServerImpl for group-FC69ABBA61DC:[301733ef-76bd-44e0-8b49-af06a9308120:192.168.151.73:46165] with ContainerStateMachine:uninitialized
2019-09-25 12:55:42,714 [pool-27-thread-1] INFO  server.RaftServerConfigKeys (ConfUtils.java:logGet(43)) - raft.server.rpc.timeout.min = 5s (custom)
2019-09-25 12:55:42,714 [pool-27-thread-1] INFO  server.RaftServerConfigKeys (ConfUtils.java:logGet(43)) - raft.server.rpc.timeout.max = 5200ms (custom)
2019-09-25 12:55:42,714 [pool-27-thread-1] INFO  server.RaftServerConfigKeys (ConfUtils.java:logGet(43)) - raft.server.rpcslowness.timeout = 120s (custom)
2019-09-25 12:55:42,715 [pool-27-thread-1] INFO  server.RaftServerConfigKeys (ConfUtils.java:logGet(43)) - raft.server.sleep.deviation.threshold = 300 (default)
2019-09-25 12:55:42,715 [pool-27-thread-1] INFO  server.RaftServerConfigKeys (ConfUtils.java:logGet(43)) - raft.server.log.appender.install.snapshot.enabled = false (custom)
2019-09-25 12:55:42,715 [pool-27-thread-1] INFO  impl.RaftServerImpl (ServerState.java:<init>(103)) - 301733ef-76bd-44e0-8b49-af06a9308120@group-FC69ABBA61DC: ConfigurationManager, init=-1: [301733ef-76bd-44e0-8b49-af06a9308120:192.168.151.73:46165], old=null, confs=<EMPTY_MAP>
2019-09-25 12:55:42,715 [pool-27-thread-1] INFO  server.RaftServerConfigKeys (ConfUtils.java:logGet(43)) - raft.server.storage.dir = [/workdir/hadoop-ozone/tools/target/test-dir/MiniOzoneClusterImpl-dd5724c6-bedc-4b9f-b6c2-d61ca2c556e0/datanode-0/data/ratis] (custom)
2019-09-25 12:55:42,715 [pool-27-thread-1] INFO  storage.RaftStorageDirectory (RaftStorageDirectory.java:analyzeStorage(246)) - The storage directory /workdir/hadoop-ozone/tools/target/test-dir/MiniOzoneClusterImpl-dd5724c6-bedc-4b9f-b6c2-d61ca2c556e0/datanode-0/data/ratis/6b5edbf0-92bc-4574-b715-fc69abba61dc does not exist. Creating ...
2019-09-25 12:55:42,729 [pool-27-thread-1] INFO  storage.RaftStorageDirectory (RaftStorageDirectory.java:tryLock(328)) - Lock on /workdir/hadoop-ozone/tools/target/test-dir/MiniOzoneClusterImpl-dd5724c6-bedc-4b9f-b6c2-d61ca2c556e0/datanode-0/data/ratis/6b5edbf0-92bc-4574-b715-fc69abba61dc/in_use.lock acquired by nodename 10064@pr-hdds-1569-shd4m-3693607622
2019-09-25 12:55:42,741 [pool-27-thread-1] INFO  storage.RaftStorage (RaftStorage.java:format(72)) - Storage directory /workdir/hadoop-ozone/tools/target/test-dir/MiniOzoneClusterImpl-dd5724c6-bedc-4b9f-b6c2-d61ca2c556e0/datanode-0/data/ratis/6b5edbf0-92bc-4574-b715-fc69abba61dc has been successfully formatted.
2019-09-25 12:55:42,742 [pool-27-thread-1] INFO  ratis.ContainerStateMachine (ContainerStateMachine.java:loadSnapshot(230)) - group-FC69ABBA61DC: The snapshot info is null. Setting the last applied indexto:(t:0, i:~)
2019-09-25 12:55:42,742 [pool-27-thread-1] INFO  server.RaftServerConfigKeys (ConfUtils.java:logGet(43)) - raft.server.notification.no-leader.timeout = 120s (custom)
2019-09-25 12:55:42,742 [pool-27-thread-1] INFO  server.RaftServerConfigKeys (ConfUtils.java:logGet(43)) - raft.server.log.use.memory = false (default)
2019-09-25 12:55:42,742 [pool-27-thread-1] INFO  server.RaftServerConfigKeys (ConfUtils.java:logGet(43)) - raft.server.log.purge.gap = 1000000 (custom)
2019-09-25 12:55:42,742 [pool-27-thread-1] INFO  server.RaftServerConfigKeys (ConfUtils.java:logGet(43)) - raft.server.log.appender.buffer.byte-limit = 33554432 (custom)
2019-09-25 12:55:42,743 [pool-27-thread-1] INFO  server.RaftServerConfigKeys (ConfUtils.java:logGet(43)) - raft.server.log.segment.size.max = 1048576 (custom)
2019-09-25 12:55:42,743 [pool-27-thread-1] INFO  server.RaftServerConfigKeys (ConfUtils.java:logGet(43)) - raft.server.log.segment.cache.num.max = 2 (custom)
2019-09-25 12:55:42,743 [pool-27-thread-1] INFO  segmented.SegmentedRaftLogWorker (SegmentedRaftLogWorker.java:<init>(172)) - new 301733ef-76bd-44e0-8b49-af06a9308120@group-FC69ABBA61DC-SegmentedRaftLogWorker for RaftStorage:Storage Directory /workdir/hadoop-ozone/tools/target/test-dir/MiniOzoneClusterImpl-dd5724c6-bedc-4b9f-b6c2-d61ca2c556e0/datanode-0/data/ratis/6b5edbf0-92bc-4574-b715-fc69abba61dc
2019-09-25 12:55:42,743 [pool-27-thread-1] INFO  server.RaftServerConfigKeys (ConfUtils.java:logGet(43)) - raft.server.log.queue.byte-limit = 2147483647 (custom)
2019-09-25 12:55:42,743 [pool-27-thread-1] INFO  server.RaftServerConfigKeys (ConfUtils.java:logGet(43)) - raft.server.log.queue.element-limit = 1024 (custom)
2019-09-25 12:55:42,743 [pool-27-thread-1] INFO  server.RaftServerConfigKeys (ConfUtils.java:logGet(43)) - raft.server.log.segment.size.max = 1048576 (custom)
2019-09-25 12:55:42,743 [pool-27-thread-1] INFO  server.RaftServerConfigKeys (ConfUtils.java:logGet(43)) - raft.server.log.preallocated.size = 16384 (custom)
2019-09-25 12:55:42,743 [pool-27-thread-1] INFO  server.RaftServerConfigKeys (ConfUtils.java:logGet(43)) - raft.server.log.write.buffer.size = 33554432 (custom)
2019-09-25 12:55:42,744 [pool-27-thread-1] INFO  server.RaftServerConfigKeys (ConfUtils.java:logGet(43)) - raft.server.log.force.sync.num = 128 (default)
2019-09-25 12:55:42,744 [pool-27-thread-1] INFO  server.RaftServerConfigKeys (ConfUtils.java:logGet(43)) - raft.server.log.statemachine.data.sync = true (default)
2019-09-25 12:55:42,744 [pool-27-thread-1] INFO  server.RaftServerConfigKeys (ConfUtils.java:logGet(43)) - raft.server.log.statemachine.data.sync.timeout = 10s (default)
2019-09-25 12:55:42,744 [pool-27-thread-1] INFO  server.RaftServerConfigKeys (ConfUtils.java:logGet(43)) - raft.server.log.statemachine.data.sync.timeout.retry = -1 (default)
2019-09-25 12:55:42,744 [pool-27-thread-1] INFO  server.RaftServerConfigKeys (ConfUtils.java:logGet(43)) - raft.server.log.statemachine.data.caching.enabled = true (custom)
2019-09-25 12:55:42,744 [pool-27-thread-1] INFO  segmented.SegmentedRaftLogWorker (SegmentedRaftLogWorker.java:lambda$new$0(132)) - 301733ef-76bd-44e0-8b49-af06a9308120@group-FC69ABBA61DC-SegmentedRaftLogWorker: flushIndex: setUnconditionally 0 -> -1
2019-09-25 12:55:42,745 [pool-27-thread-1] INFO  server.RaftServerConfigKeys (ConfUtils.java:logGet(43)) - raft.server.snapshot.auto.trigger.enabled = true (custom)
2019-09-25 12:55:42,745 [pool-27-thread-1] INFO  server.RaftServerConfigKeys (ConfUtils.java:logGet(43)) - raft.server.snapshot.auto.trigger.threshold = 10000 (custom)
2019-09-25 12:55:42,745 [pool-27-thread-1] INFO  server.RaftServerConfigKeys (ConfUtils.java:logGet(43)) - raft.server.snapshot.retention.num.files = 5 (custom)
2019-09-25 12:55:42,745 [pool-27-thread-1] INFO  server.RaftServerConfigKeys (ConfUtils.java:logGet(43)) - raft.server.retrycache.expirytime = 600000ms (custom)
2019-09-25 12:55:42,748 [pool-27-thread-1] INFO  impl.RaftServerImpl (RaftServerImpl.java:start(185)) - 301733ef-76bd-44e0-8b49-af06a9308120@group-FC69ABBA61DC: start as a follower, conf=-1: [301733ef-76bd-44e0-8b49-af06a9308120:192.168.151.73:46165], old=null
2019-09-25 12:55:42,748 [pool-27-thread-1] INFO  impl.RaftServerImpl (RaftServerImpl.java:setRole(174)) - 301733ef-76bd-44e0-8b49-af06a9308120@group-FC69ABBA61DC: changes role from      null to FOLLOWER at term 0 for startAsFollower
2019-09-25 12:55:42,748 [pool-27-thread-1] INFO  impl.RoleInfo (RoleInfo.java:updateAndGet(143)) - 301733ef-76bd-44e0-8b49-af06a9308120: start FollowerState
2019-09-25 12:55:42,748 [pool-27-thread-1] INFO  util.JmxRegister (JmxRegister.java:tryRegister(44)) - Successfully registered JMX Bean with object name Ratis:service=RaftServer,group=group-FC69ABBA61DC,id=301733ef-76bd-44e0-8b49-af06a9308120
2019-09-25 12:55:42,759 [RatisPipelineUtilsThread] INFO  pipeline.PipelineStateManager (PipelineStateManager.java:addPipeline(56)) - Created pipeline Pipeline[ Id: 6b5edbf0-92bc-4574-b715-fc69abba61dc, Nodes: 301733ef-76bd-44e0-8b49-af06a9308120{ip: 192.168.151.73, host: pr-hdds-1569-shd4m-3693607622, networkLocation: /default-rack, certSerialId: null}, Type:RATIS, Factor:ONE, State:OPEN]
2019-09-25 12:55:42,771 [grpc-default-executor-0] INFO  impl.RaftServerProxy (RaftServerProxy.java:addNew(89)) - 301733ef-76bd-44e0-8b49-af06a9308120: addNew group-E8F51921805E:[301733ef-76bd-44e0-8b49-af06a9308120:192.168.151.73:46165] returns group-E8F51921805E:java.util.concurrent.CompletableFuture@495801a3[Not completed]
2019-09-25 12:55:42,772 [pool-27-thread-1] INFO  impl.RaftServerImpl (RaftServerImpl.java:<init>(95)) - 301733ef-76bd-44e0-8b49-af06a9308120: new RaftServerImpl for group-E8F51921805E:[301733ef-76bd-44e0-8b49-af06a9308120:192.168.151.73:46165] with ContainerStateMachine:uninitialized
2019-09-25 12:55:42,772 [pool-27-thread-1] INFO  server.RaftServerConfigKeys (ConfUtils.java:logGet(43)) - raft.server.rpc.timeout.min = 5s (custom)
2019-09-25 12:55:42,772 [pool-27-thread-1] INFO  server.RaftServerConfigKeys (ConfUtils.java:logGet(43)) - raft.server.rpc.timeout.max = 5200ms (custom)
2019-09-25 12:55:42,772 [pool-27-thread-1] INFO  server.RaftServerConfigKeys (ConfUtils.java:logGet(43)) - raft.server.rpcslowness.timeout = 120s (custom)
2019-09-25 12:55:42,772 [pool-27-thread-1] INFO  server.RaftServerConfigKeys (ConfUtils.java:logGet(43)) - raft.server.sleep.deviation.threshold = 300 (default)
2019-09-25 12:55:42,772 [pool-27-thread-1] INFO  server.RaftServerConfigKeys (ConfUtils.java:logGet(43)) - raft.server.log.appender.install.snapshot.enabled = false (custom)
2019-09-25 12:55:42,772 [pool-27-thread-1] INFO  impl.RaftServerImpl (ServerState.java:<init>(103)) - 301733ef-76bd-44e0-8b49-af06a9308120@group-E8F51921805E: ConfigurationManager, init=-1: [301733ef-76bd-44e0-8b49-af06a9308120:192.168.151.73:46165], old=null, confs=<EMPTY_MAP>
2019-09-25 12:55:42,772 [pool-27-thread-1] INFO  server.RaftServerConfigKeys (ConfUtils.java:logGet(43)) - raft.server.storage.dir = [/workdir/hadoop-ozone/tools/target/test-dir/MiniOzoneClusterImpl-dd5724c6-bedc-4b9f-b6c2-d61ca2c556e0/datanode-0/data/ratis] (custom)
2019-09-25 12:55:42,773 [pool-27-thread-1] INFO  storage.RaftStorageDirectory (RaftStorageDirectory.java:analyzeStorage(246)) - The storage directory /workdir/hadoop-ozone/tools/target/test-dir/MiniOzoneClusterImpl-dd5724c6-bedc-4b9f-b6c2-d61ca2c556e0/datanode-0/data/ratis/a0650e5e-54d4-40f4-836f-e8f51921805e does not exist. Creating ...
2019-09-25 12:55:42,785 [pool-27-thread-1] INFO  storage.RaftStorageDirectory (RaftStorageDirectory.java:tryLock(328)) - Lock on /workdir/hadoop-ozone/tools/target/test-dir/MiniOzoneClusterImpl-dd5724c6-bedc-4b9f-b6c2-d61ca2c556e0/datanode-0/data/ratis/a0650e5e-54d4-40f4-836f-e8f51921805e/in_use.lock acquired by nodename 10064@pr-hdds-1569-shd4m-3693607622
2019-09-25 12:55:42,801 [pool-27-thread-1] INFO  storage.RaftStorage (RaftStorage.java:format(72)) - Storage directory /workdir/hadoop-ozone/tools/target/test-dir/MiniOzoneClusterImpl-dd5724c6-bedc-4b9f-b6c2-d61ca2c556e0/datanode-0/data/ratis/a0650e5e-54d4-40f4-836f-e8f51921805e has been successfully formatted.
2019-09-25 12:55:42,801 [pool-27-thread-1] INFO  ratis.ContainerStateMachine (ContainerStateMachine.java:loadSnapshot(230)) - group-E8F51921805E: The snapshot info is null. Setting the last applied indexto:(t:0, i:~)
2019-09-25 12:55:42,801 [pool-27-thread-1] INFO  server.RaftServerConfigKeys (ConfUtils.java:logGet(43)) - raft.server.notification.no-leader.timeout = 120s (custom)
2019-09-25 12:55:42,801 [pool-27-thread-1] INFO  server.RaftServerConfigKeys (ConfUtils.java:logGet(43)) - raft.server.log.use.memory = false (default)
2019-09-25 12:55:42,801 [pool-27-thread-1] INFO  server.RaftServerConfigKeys (ConfUtils.java:logGet(43)) - raft.server.log.purge.gap = 1000000 (custom)
2019-09-25 12:55:42,801 [pool-27-thread-1] INFO  server.RaftServerConfigKeys (ConfUtils.java:logGet(43)) - raft.server.log.appender.buffer.byte-limit = 33554432 (custom)
2019-09-25 12:55:42,801 [pool-27-thread-1] INFO  server.RaftServerConfigKeys (ConfUtils.java:logGet(43)) - raft.server.log.segment.size.max = 1048576 (custom)
2019-09-25 12:55:42,801 [pool-27-thread-1] INFO  server.RaftServerConfigKeys (ConfUtils.java:logGet(43)) - raft.server.log.segment.cache.num.max = 2 (custom)
2019-09-25 12:55:42,802 [pool-27-thread-1] INFO  segmented.SegmentedRaftLogWorker (SegmentedRaftLogWorker.java:<init>(172)) - new 301733ef-76bd-44e0-8b49-af06a9308120@group-E8F51921805E-SegmentedRaftLogWorker for RaftStorage:Storage Directory /workdir/hadoop-ozone/tools/target/test-dir/MiniOzoneClusterImpl-dd5724c6-bedc-4b9f-b6c2-d61ca2c556e0/datanode-0/data/ratis/a0650e5e-54d4-40f4-836f-e8f51921805e
2019-09-25 12:55:42,802 [pool-27-thread-1] INFO  server.RaftServerConfigKeys (ConfUtils.java:logGet(43)) - raft.server.log.queue.byte-limit = 2147483647 (custom)
2019-09-25 12:55:42,802 [pool-27-thread-1] INFO  server.RaftServerConfigKeys (ConfUtils.java:logGet(43)) - raft.server.log.queue.element-limit = 1024 (custom)
2019-09-25 12:55:42,802 [pool-27-thread-1] INFO  server.RaftServerConfigKeys (ConfUtils.java:logGet(43)) - raft.server.log.segment.size.max = 1048576 (custom)
2019-09-25 12:55:42,802 [pool-27-thread-1] INFO  server.RaftServerConfigKeys (ConfUtils.java:logGet(43)) - raft.server.log.preallocated.size = 16384 (custom)
2019-09-25 12:55:42,802 [pool-27-thread-1] INFO  server.RaftServerConfigKeys (ConfUtils.java:logGet(43)) - raft.server.log.write.buffer.size = 33554432 (custom)
2019-09-25 12:55:42,802 [pool-27-thread-1] INFO  server.RaftServerConfigKeys (ConfUtils.java:logGet(43)) - raft.server.log.force.sync.num = 128 (default)
2019-09-25 12:55:42,802 [pool-27-thread-1] INFO  server.RaftServerConfigKeys (ConfUtils.java:logGet(43)) - raft.server.log.statemachine.data.sync = true (default)
2019-09-25 12:55:42,802 [pool-27-thread-1] INFO  server.RaftServerConfigKeys (ConfUtils.java:logGet(43)) - raft.server.log.statemachine.data.sync.timeout = 10s (default)
2019-09-25 12:55:42,803 [pool-27-thread-1] INFO  server.RaftServerConfigKeys (ConfUtils.java:logGet(43)) - raft.server.log.statemachine.data.sync.timeout.retry = -1 (default)
2019-09-25 12:55:42,803 [pool-27-thread-1] INFO  server.RaftServerConfigKeys (ConfUtils.java:logGet(43)) - raft.server.log.statemachine.data.caching.enabled = true (custom)
2019-09-25 12:55:42,803 [pool-27-thread-1] INFO  segmented.SegmentedRaftLogWorker (SegmentedRaftLogWorker.java:lambda$new$0(132)) - 301733ef-76bd-44e0-8b49-af06a9308120@group-E8F51921805E-SegmentedRaftLogWorker: flushIndex: setUnconditionally 0 -> -1
2019-09-25 12:55:42,803 [pool-27-thread-1] INFO  server.RaftServerConfigKeys (ConfUtils.java:logGet(43)) - raft.server.snapshot.auto.trigger.enabled = true (custom)
2019-09-25 12:55:42,803 [pool-27-thread-1] INFO  server.RaftServerConfigKeys (ConfUtils.java:logGet(43)) - raft.server.snapshot.auto.trigger.threshold = 10000 (custom)
2019-09-25 12:55:42,803 [pool-27-thread-1] INFO  server.RaftServerConfigKeys (ConfUtils.java:logGet(43)) - raft.server.snapshot.retention.num.files = 5 (custom)
2019-09-25 12:55:42,804 [pool-27-thread-1] INFO  server.RaftServerConfigKeys (ConfUtils.java:logGet(43)) - raft.server.retrycache.expirytime = 600000ms (custom)
2019-09-25 12:55:42,805 [pool-27-thread-1] INFO  impl.RaftServerImpl (RaftServerImpl.java:start(185)) - 301733ef-76bd-44e0-8b49-af06a9308120@group-E8F51921805E: start as a follower, conf=-1: [301733ef-76bd-44e0-8b49-af06a9308120:192.168.151.73:46165], old=null
2019-09-25 12:55:42,806 [pool-27-thread-1] INFO  impl.RaftServerImpl (RaftServerImpl.java:setRole(174)) - 301733ef-76bd-44e0-8b49-af06a9308120@group-E8F51921805E: changes role from      null to FOLLOWER at term 0 for startAsFollower
2019-09-25 12:55:42,806 [pool-27-thread-1] INFO  impl.RoleInfo (RoleInfo.java:updateAndGet(143)) - 301733ef-76bd-44e0-8b49-af06a9308120: start FollowerState
2019-09-25 12:55:42,807 [pool-27-thread-1] INFO  util.JmxRegister (JmxRegister.java:tryRegister(44)) - Successfully registered JMX Bean with object name Ratis:service=RaftServer,group=group-E8F51921805E,id=301733ef-76bd-44e0-8b49-af06a9308120
2019-09-25 12:55:42,814 [RatisPipelineUtilsThread] INFO  pipeline.PipelineStateManager (PipelineStateManager.java:addPipeline(56)) - Created pipeline Pipeline[ Id: a0650e5e-54d4-40f4-836f-e8f51921805e, Nodes: 301733ef-76bd-44e0-8b49-af06a9308120{ip: 192.168.151.73, host: pr-hdds-1569-shd4m-3693607622, networkLocation: /default-rack, certSerialId: null}, Type:RATIS, Factor:ONE, State:OPEN]
2019-09-25 12:55:42,825 [grpc-default-executor-0] INFO  impl.RaftServerProxy (RaftServerProxy.java:addNew(89)) - 2729792d-b2a4-4e65-a25b-ab0b4d1b27a6: addNew group-6629C075FE0E:[2729792d-b2a4-4e65-a25b-ab0b4d1b27a6:192.168.151.73:44022] returns group-6629C075FE0E:java.util.concurrent.CompletableFuture@7d2a7e29[Not completed]
2019-09-25 12:55:42,827 [pool-37-thread-1] INFO  impl.RaftServerImpl (RaftServerImpl.java:<init>(95)) - 2729792d-b2a4-4e65-a25b-ab0b4d1b27a6: new RaftServerImpl for group-6629C075FE0E:[2729792d-b2a4-4e65-a25b-ab0b4d1b27a6:192.168.151.73:44022] with ContainerStateMachine:uninitialized
2019-09-25 12:55:42,828 [pool-37-thread-1] INFO  server.RaftServerConfigKeys (ConfUtils.java:logGet(43)) - raft.server.rpc.timeout.min = 5s (custom)
2019-09-25 12:55:42,828 [pool-37-thread-1] INFO  server.RaftServerConfigKeys (ConfUtils.java:logGet(43)) - raft.server.rpc.timeout.max = 5200ms (custom)
2019-09-25 12:55:42,828 [pool-37-thread-1] INFO  server.RaftServerConfigKeys (ConfUtils.java:logGet(43)) - raft.server.rpcslowness.timeout = 120s (custom)
2019-09-25 12:55:42,828 [pool-37-thread-1] INFO  server.RaftServerConfigKeys (ConfUtils.java:logGet(43)) - raft.server.sleep.deviation.threshold = 300 (default)
2019-09-25 12:55:42,828 [pool-37-thread-1] INFO  server.RaftServerConfigKeys (ConfUtils.java:logGet(43)) - raft.server.log.appender.install.snapshot.enabled = false (custom)
2019-09-25 12:55:42,828 [pool-37-thread-1] INFO  impl.RaftServerImpl (ServerState.java:<init>(103)) - 2729792d-b2a4-4e65-a25b-ab0b4d1b27a6@group-6629C075FE0E: ConfigurationManager, init=-1: [2729792d-b2a4-4e65-a25b-ab0b4d1b27a6:192.168.151.73:44022], old=null, confs=<EMPTY_MAP>
2019-09-25 12:55:42,829 [pool-37-thread-1] INFO  server.RaftServerConfigKeys (ConfUtils.java:logGet(43)) - raft.server.storage.dir = [/workdir/hadoop-ozone/tools/target/test-dir/MiniOzoneClusterImpl-dd5724c6-bedc-4b9f-b6c2-d61ca2c556e0/datanode-1/data/ratis] (custom)
2019-09-25 12:55:42,829 [pool-37-thread-1] INFO  storage.RaftStorageDirectory (RaftStorageDirectory.java:analyzeStorage(246)) - The storage directory /workdir/hadoop-ozone/tools/target/test-dir/MiniOzoneClusterImpl-dd5724c6-bedc-4b9f-b6c2-d61ca2c556e0/datanode-1/data/ratis/0124f750-0c6c-49ad-8dd0-6629c075fe0e does not exist. Creating ...
2019-09-25 12:55:42,842 [pool-37-thread-1] INFO  storage.RaftStorageDirectory (RaftStorageDirectory.java:tryLock(328)) - Lock on /workdir/hadoop-ozone/tools/target/test-dir/MiniOzoneClusterImpl-dd5724c6-bedc-4b9f-b6c2-d61ca2c556e0/datanode-1/data/ratis/0124f750-0c6c-49ad-8dd0-6629c075fe0e/in_use.lock acquired by nodename 10064@pr-hdds-1569-shd4m-3693607622
2019-09-25 12:55:42,855 [pool-37-thread-1] INFO  storage.RaftStorage (RaftStorage.java:format(72)) - Storage directory /workdir/hadoop-ozone/tools/target/test-dir/MiniOzoneClusterImpl-dd5724c6-bedc-4b9f-b6c2-d61ca2c556e0/datanode-1/data/ratis/0124f750-0c6c-49ad-8dd0-6629c075fe0e has been successfully formatted.
2019-09-25 12:55:42,855 [pool-37-thread-1] INFO  ratis.ContainerStateMachine (ContainerStateMachine.java:loadSnapshot(230)) - group-6629C075FE0E: The snapshot info is null. Setting the last applied indexto:(t:0, i:~)
2019-09-25 12:55:42,855 [pool-37-thread-1] INFO  server.RaftServerConfigKeys (ConfUtils.java:logGet(43)) - raft.server.notification.no-leader.timeout = 120s (custom)
2019-09-25 12:55:42,856 [pool-37-thread-1] INFO  server.RaftServerConfigKeys (ConfUtils.java:logGet(43)) - raft.server.log.use.memory = false (default)
2019-09-25 12:55:42,856 [pool-37-thread-1] INFO  server.RaftServerConfigKeys (ConfUtils.java:logGet(43)) - raft.server.log.purge.gap = 1000000 (custom)
2019-09-25 12:55:42,856 [pool-37-thread-1] INFO  server.RaftServerConfigKeys (ConfUtils.java:logGet(43)) - raft.server.log.appender.buffer.byte-limit = 33554432 (custom)
2019-09-25 12:55:42,856 [pool-37-thread-1] INFO  server.RaftServerConfigKeys (ConfUtils.java:logGet(43)) - raft.server.log.segment.size.max = 1048576 (custom)
2019-09-25 12:55:42,856 [pool-37-thread-1] INFO  server.RaftServerConfigKeys (ConfUtils.java:logGet(43)) - raft.server.log.segment.cache.num.max = 2 (custom)
2019-09-25 12:55:42,856 [pool-37-thread-1] INFO  segmented.SegmentedRaftLogWorker (SegmentedRaftLogWorker.java:<init>(172)) - new 2729792d-b2a4-4e65-a25b-ab0b4d1b27a6@group-6629C075FE0E-SegmentedRaftLogWorker for RaftStorage:Storage Directory /workdir/hadoop-ozone/tools/target/test-dir/MiniOzoneClusterImpl-dd5724c6-bedc-4b9f-b6c2-d61ca2c556e0/datanode-1/data/ratis/0124f750-0c6c-49ad-8dd0-6629c075fe0e
2019-09-25 12:55:42,857 [pool-37-thread-1] INFO  server.RaftServerConfigKeys (ConfUtils.java:logGet(43)) - raft.server.log.queue.byte-limit = 2147483647 (custom)
2019-09-25 12:55:42,857 [pool-37-thread-1] INFO  server.RaftServerConfigKeys (ConfUtils.java:logGet(43)) - raft.server.log.queue.element-limit = 1024 (custom)
2019-09-25 12:55:42,857 [pool-37-thread-1] INFO  server.RaftServerConfigKeys (ConfUtils.java:logGet(43)) - raft.server.log.segment.size.max = 1048576 (custom)
2019-09-25 12:55:42,857 [pool-37-thread-1] INFO  server.RaftServerConfigKeys (ConfUtils.java:logGet(43)) - raft.server.log.preallocated.size = 16384 (custom)
2019-09-25 12:55:42,857 [pool-37-thread-1] INFO  server.RaftServerConfigKeys (ConfUtils.java:logGet(43)) - raft.server.log.write.buffer.size = 33554432 (custom)
2019-09-25 12:55:42,858 [pool-37-thread-1] INFO  server.RaftServerConfigKeys (ConfUtils.java:logGet(43)) - raft.server.log.force.sync.num = 128 (default)
2019-09-25 12:55:42,858 [pool-37-thread-1] INFO  server.RaftServerConfigKeys (ConfUtils.java:logGet(43)) - raft.server.log.statemachine.data.sync = true (default)
2019-09-25 12:55:42,858 [pool-37-thread-1] INFO  server.RaftServerConfigKeys (ConfUtils.java:logGet(43)) - raft.server.log.statemachine.data.sync.timeout = 10s (default)
2019-09-25 12:55:42,858 [pool-37-thread-1] INFO  server.RaftServerConfigKeys (ConfUtils.java:logGet(43)) - raft.server.log.statemachine.data.sync.timeout.retry = -1 (default)
2019-09-25 12:55:42,858 [pool-37-thread-1] INFO  server.RaftServerConfigKeys (ConfUtils.java:logGet(43)) - raft.server.log.statemachine.data.caching.enabled = true (custom)
2019-09-25 12:55:42,859 [pool-37-thread-1] INFO  segmented.SegmentedRaftLogWorker (SegmentedRaftLogWorker.java:lambda$new$0(132)) - 2729792d-b2a4-4e65-a25b-ab0b4d1b27a6@group-6629C075FE0E-SegmentedRaftLogWorker: flushIndex: setUnconditionally 0 -> -1
2019-09-25 12:55:42,859 [pool-37-thread-1] INFO  server.RaftServerConfigKeys (ConfUtils.java:logGet(43)) - raft.server.snapshot.auto.trigger.enabled = true (custom)
2019-09-25 12:55:42,859 [pool-37-thread-1] INFO  server.RaftServerConfigKeys (ConfUtils.java:logGet(43)) - raft.server.snapshot.auto.trigger.threshold = 10000 (custom)
2019-09-25 12:55:42,859 [pool-37-thread-1] INFO  server.RaftServerConfigKeys (ConfUtils.java:logGet(43)) - raft.server.snapshot.retention.num.files = 5 (custom)
2019-09-25 12:55:42,860 [pool-37-thread-1] INFO  server.RaftServerConfigKeys (ConfUtils.java:logGet(43)) - raft.server.retrycache.expirytime = 600000ms (custom)
2019-09-25 12:55:42,863 [pool-37-thread-1] INFO  impl.RaftServerImpl (RaftServerImpl.java:start(185)) - 2729792d-b2a4-4e65-a25b-ab0b4d1b27a6@group-6629C075FE0E: start as a follower, conf=-1: [2729792d-b2a4-4e65-a25b-ab0b4d1b27a6:192.168.151.73:44022], old=null
2019-09-25 12:55:42,863 [pool-37-thread-1] INFO  impl.RaftServerImpl (RaftServerImpl.java:setRole(174)) - 2729792d-b2a4-4e65-a25b-ab0b4d1b27a6@group-6629C075FE0E: changes role from      null to FOLLOWER at term 0 for startAsFollower
2019-09-25 12:55:42,863 [pool-37-thread-1] INFO  impl.RoleInfo (RoleInfo.java:updateAndGet(143)) - 2729792d-b2a4-4e65-a25b-ab0b4d1b27a6: start FollowerState
2019-09-25 12:55:42,863 [pool-37-thread-1] INFO  util.JmxRegister (JmxRegister.java:tryRegister(44)) - Successfully registered JMX Bean with object name Ratis:service=RaftServer,group=group-6629C075FE0E,id=2729792d-b2a4-4e65-a25b-ab0b4d1b27a6
2019-09-25 12:55:42,873 [RatisPipelineUtilsThread] INFO  pipeline.PipelineStateManager (PipelineStateManager.java:addPipeline(56)) - Created pipeline Pipeline[ Id: 0124f750-0c6c-49ad-8dd0-6629c075fe0e, Nodes: 2729792d-b2a4-4e65-a25b-ab0b4d1b27a6{ip: 192.168.151.73, host: pr-hdds-1569-shd4m-3693607622, networkLocation: /default-rack, certSerialId: null}, Type:RATIS, Factor:ONE, State:OPEN]
2019-09-25 12:55:42,888 [grpc-default-executor-0] INFO  impl.RaftServerProxy (RaftServerProxy.java:addNew(89)) - 77ddc70b-a4d5-46bc-9bd0-0ef6651d4d69: addNew group-18C18018F0BE:[77ddc70b-a4d5-46bc-9bd0-0ef6651d4d69:192.168.151.73:39966] returns group-18C18018F0BE:java.util.concurrent.CompletableFuture@468dccc3[Not completed]
2019-09-25 12:55:42,890 [pool-47-thread-1] INFO  impl.RaftServerImpl (RaftServerImpl.java:<init>(95)) - 77ddc70b-a4d5-46bc-9bd0-0ef6651d4d69: new RaftServerImpl for group-18C18018F0BE:[77ddc70b-a4d5-46bc-9bd0-0ef6651d4d69:192.168.151.73:39966] with ContainerStateMachine:uninitialized
2019-09-25 12:55:42,890 [pool-47-thread-1] INFO  server.RaftServerConfigKeys (ConfUtils.java:logGet(43)) - raft.server.rpc.timeout.min = 5s (custom)
2019-09-25 12:55:42,890 [pool-47-thread-1] INFO  server.RaftServerConfigKeys (ConfUtils.java:logGet(43)) - raft.server.rpc.timeout.max = 5200ms (custom)
2019-09-25 12:55:42,890 [pool-47-thread-1] INFO  server.RaftServerConfigKeys (ConfUtils.java:logGet(43)) - raft.server.rpcslowness.timeout = 120s (custom)
2019-09-25 12:55:42,891 [pool-47-thread-1] INFO  server.RaftServerConfigKeys (ConfUtils.java:logGet(43)) - raft.server.sleep.deviation.threshold = 300 (default)
2019-09-25 12:55:42,891 [pool-47-thread-1] INFO  server.RaftServerConfigKeys (ConfUtils.java:logGet(43)) - raft.server.log.appender.install.snapshot.enabled = false (custom)
2019-09-25 12:55:42,891 [pool-47-thread-1] INFO  impl.RaftServerImpl (ServerState.java:<init>(103)) - 77ddc70b-a4d5-46bc-9bd0-0ef6651d4d69@group-18C18018F0BE: ConfigurationManager, init=-1: [77ddc70b-a4d5-46bc-9bd0-0ef6651d4d69:192.168.151.73:39966], old=null, confs=<EMPTY_MAP>
2019-09-25 12:55:42,891 [pool-47-thread-1] INFO  server.RaftServerConfigKeys (ConfUtils.java:logGet(43)) - raft.server.storage.dir = [/workdir/hadoop-ozone/tools/target/test-dir/MiniOzoneClusterImpl-dd5724c6-bedc-4b9f-b6c2-d61ca2c556e0/datanode-2/data/ratis] (custom)
2019-09-25 12:55:42,892 [pool-47-thread-1] INFO  storage.RaftStorageDirectory (RaftStorageDirectory.java:analyzeStorage(246)) - The storage directory /workdir/hadoop-ozone/tools/target/test-dir/MiniOzoneClusterImpl-dd5724c6-bedc-4b9f-b6c2-d61ca2c556e0/datanode-2/data/ratis/5c168e2e-90d6-4a3e-ad73-18c18018f0be does not exist. Creating ...
2019-09-25 12:55:42,920 [pool-47-thread-1] INFO  storage.RaftStorageDirectory (RaftStorageDirectory.java:tryLock(328)) - Lock on /workdir/hadoop-ozone/tools/target/test-dir/MiniOzoneClusterImpl-dd5724c6-bedc-4b9f-b6c2-d61ca2c556e0/datanode-2/data/ratis/5c168e2e-90d6-4a3e-ad73-18c18018f0be/in_use.lock acquired by nodename 10064@pr-hdds-1569-shd4m-3693607622
2019-09-25 12:55:42,945 [pool-47-thread-1] INFO  storage.RaftStorage (RaftStorage.java:format(72)) - Storage directory /workdir/hadoop-ozone/tools/target/test-dir/MiniOzoneClusterImpl-dd5724c6-bedc-4b9f-b6c2-d61ca2c556e0/datanode-2/data/ratis/5c168e2e-90d6-4a3e-ad73-18c18018f0be has been successfully formatted.
2019-09-25 12:55:42,950 [pool-47-thread-1] INFO  ratis.ContainerStateMachine (ContainerStateMachine.java:loadSnapshot(230)) - group-18C18018F0BE: The snapshot info is null. Setting the last applied indexto:(t:0, i:~)
2019-09-25 12:55:42,950 [pool-47-thread-1] INFO  server.RaftServerConfigKeys (ConfUtils.java:logGet(43)) - raft.server.notification.no-leader.timeout = 120s (custom)
2019-09-25 12:55:42,950 [pool-47-thread-1] INFO  server.RaftServerConfigKeys (ConfUtils.java:logGet(43)) - raft.server.log.use.memory = false (default)
2019-09-25 12:55:42,950 [pool-47-thread-1] INFO  server.RaftServerConfigKeys (ConfUtils.java:logGet(43)) - raft.server.log.purge.gap = 1000000 (custom)
2019-09-25 12:55:42,950 [pool-47-thread-1] INFO  server.RaftServerConfigKeys (ConfUtils.java:logGet(43)) - raft.server.log.appender.buffer.byte-limit = 33554432 (custom)
2019-09-25 12:55:42,951 [pool-47-thread-1] INFO  server.RaftServerConfigKeys (ConfUtils.java:logGet(43)) - raft.server.log.segment.size.max = 1048576 (custom)
2019-09-25 12:55:42,951 [pool-47-thread-1] INFO  server.RaftServerConfigKeys (ConfUtils.java:logGet(43)) - raft.server.log.segment.cache.num.max = 2 (custom)
2019-09-25 12:55:42,951 [pool-47-thread-1] INFO  segmented.SegmentedRaftLogWorker (SegmentedRaftLogWorker.java:<init>(172)) - new 77ddc70b-a4d5-46bc-9bd0-0ef6651d4d69@group-18C18018F0BE-SegmentedRaftLogWorker for RaftStorage:Storage Directory /workdir/hadoop-ozone/tools/target/test-dir/MiniOzoneClusterImpl-dd5724c6-bedc-4b9f-b6c2-d61ca2c556e0/datanode-2/data/ratis/5c168e2e-90d6-4a3e-ad73-18c18018f0be
2019-09-25 12:55:42,951 [pool-47-thread-1] INFO  server.RaftServerConfigKeys (ConfUtils.java:logGet(43)) - raft.server.log.queue.byte-limit = 2147483647 (custom)
2019-09-25 12:55:42,951 [pool-47-thread-1] INFO  server.RaftServerConfigKeys (ConfUtils.java:logGet(43)) - raft.server.log.queue.element-limit = 1024 (custom)
2019-09-25 12:55:42,952 [pool-47-thread-1] INFO  server.RaftServerConfigKeys (ConfUtils.java:logGet(43)) - raft.server.log.segment.size.max = 1048576 (custom)
2019-09-25 12:55:42,952 [pool-47-thread-1] INFO  server.RaftServerConfigKeys (ConfUtils.java:logGet(43)) - raft.server.log.preallocated.size = 16384 (custom)
2019-09-25 12:55:42,952 [pool-47-thread-1] INFO  server.RaftServerConfigKeys (ConfUtils.java:logGet(43)) - raft.server.log.write.buffer.size = 33554432 (custom)
2019-09-25 12:55:42,952 [pool-47-thread-1] INFO  server.RaftServerConfigKeys (ConfUtils.java:logGet(43)) - raft.server.log.force.sync.num = 128 (default)
2019-09-25 12:55:42,952 [pool-47-thread-1] INFO  server.RaftServerConfigKeys (ConfUtils.java:logGet(43)) - raft.server.log.statemachine.data.sync = true (default)
2019-09-25 12:55:42,953 [pool-47-thread-1] INFO  server.RaftServerConfigKeys (ConfUtils.java:logGet(43)) - raft.server.log.statemachine.data.sync.timeout = 10s (default)
2019-09-25 12:55:42,953 [pool-47-thread-1] INFO  server.RaftServerConfigKeys (ConfUtils.java:logGet(43)) - raft.server.log.statemachine.data.sync.timeout.retry = -1 (default)
2019-09-25 12:55:42,953 [pool-47-thread-1] INFO  server.RaftServerConfigKeys (ConfUtils.java:logGet(43)) - raft.server.log.statemachine.data.caching.enabled = true (custom)
2019-09-25 12:55:42,953 [pool-47-thread-1] INFO  segmented.SegmentedRaftLogWorker (SegmentedRaftLogWorker.java:lambda$new$0(132)) - 77ddc70b-a4d5-46bc-9bd0-0ef6651d4d69@group-18C18018F0BE-SegmentedRaftLogWorker: flushIndex: setUnconditionally 0 -> -1
2019-09-25 12:55:42,954 [pool-47-thread-1] INFO  server.RaftServerConfigKeys (ConfUtils.java:logGet(43)) - raft.server.snapshot.auto.trigger.enabled = true (custom)
2019-09-25 12:55:42,954 [pool-47-thread-1] INFO  server.RaftServerConfigKeys (ConfUtils.java:logGet(43)) - raft.server.snapshot.auto.trigger.threshold = 10000 (custom)
2019-09-25 12:55:42,954 [pool-47-thread-1] INFO  server.RaftServerConfigKeys (ConfUtils.java:logGet(43)) - raft.server.snapshot.retention.num.files = 5 (custom)
2019-09-25 12:55:42,955 [pool-47-thread-1] INFO  server.RaftServerConfigKeys (ConfUtils.java:logGet(43)) - raft.server.retrycache.expirytime = 600000ms (custom)
2019-09-25 12:55:42,958 [pool-47-thread-1] INFO  impl.RaftServerImpl (RaftServerImpl.java:start(185)) - 77ddc70b-a4d5-46bc-9bd0-0ef6651d4d69@group-18C18018F0BE: start as a follower, conf=-1: [77ddc70b-a4d5-46bc-9bd0-0ef6651d4d69:192.168.151.73:39966], old=null
2019-09-25 12:55:42,958 [pool-47-thread-1] INFO  impl.RaftServerImpl (RaftServerImpl.java:setRole(174)) - 77ddc70b-a4d5-46bc-9bd0-0ef6651d4d69@group-18C18018F0BE: changes role from      null to FOLLOWER at term 0 for startAsFollower
2019-09-25 12:55:42,958 [pool-47-thread-1] INFO  impl.RoleInfo (RoleInfo.java:updateAndGet(143)) - 77ddc70b-a4d5-46bc-9bd0-0ef6651d4d69: start FollowerState
2019-09-25 12:55:42,959 [pool-47-thread-1] INFO  util.JmxRegister (JmxRegister.java:tryRegister(44)) - Successfully registered JMX Bean with object name Ratis:service=RaftServer,group=group-18C18018F0BE,id=77ddc70b-a4d5-46bc-9bd0-0ef6651d4d69
2019-09-25 12:55:42,966 [RatisPipelineUtilsThread] INFO  pipeline.PipelineStateManager (PipelineStateManager.java:addPipeline(56)) - Created pipeline Pipeline[ Id: 5c168e2e-90d6-4a3e-ad73-18c18018f0be, Nodes: 77ddc70b-a4d5-46bc-9bd0-0ef6651d4d69{ip: 192.168.151.73, host: pr-hdds-1569-shd4m-3693607622, networkLocation: /default-rack, certSerialId: null}, Type:RATIS, Factor:ONE, State:OPEN]
2019-09-25 12:55:42,979 [grpc-default-executor-0] INFO  impl.RaftServerProxy (RaftServerProxy.java:addNew(89)) - 77ddc70b-a4d5-46bc-9bd0-0ef6651d4d69: addNew group-4662C42765FE:[77ddc70b-a4d5-46bc-9bd0-0ef6651d4d69:192.168.151.73:39966] returns group-4662C42765FE:java.util.concurrent.CompletableFuture@5bd598a7[Not completed]
2019-09-25 12:55:42,981 [pool-47-thread-1] INFO  impl.RaftServerImpl (RaftServerImpl.java:<init>(95)) - 77ddc70b-a4d5-46bc-9bd0-0ef6651d4d69: new RaftServerImpl for group-4662C42765FE:[77ddc70b-a4d5-46bc-9bd0-0ef6651d4d69:192.168.151.73:39966] with ContainerStateMachine:uninitialized
2019-09-25 12:55:42,981 [pool-47-thread-1] INFO  server.RaftServerConfigKeys (ConfUtils.java:logGet(43)) - raft.server.rpc.timeout.min = 5s (custom)
2019-09-25 12:55:42,982 [pool-47-thread-1] INFO  server.RaftServerConfigKeys (ConfUtils.java:logGet(43)) - raft.server.rpc.timeout.max = 5200ms (custom)
2019-09-25 12:55:42,982 [pool-47-thread-1] INFO  server.RaftServerConfigKeys (ConfUtils.java:logGet(43)) - raft.server.rpcslowness.timeout = 120s (custom)
2019-09-25 12:55:42,982 [pool-47-thread-1] INFO  server.RaftServerConfigKeys (ConfUtils.java:logGet(43)) - raft.server.sleep.deviation.threshold = 300 (default)
2019-09-25 12:55:42,982 [pool-47-thread-1] INFO  server.RaftServerConfigKeys (ConfUtils.java:logGet(43)) - raft.server.log.appender.install.snapshot.enabled = false (custom)
2019-09-25 12:55:42,982 [pool-47-thread-1] INFO  impl.RaftServerImpl (ServerState.java:<init>(103)) - 77ddc70b-a4d5-46bc-9bd0-0ef6651d4d69@group-4662C42765FE: ConfigurationManager, init=-1: [77ddc70b-a4d5-46bc-9bd0-0ef6651d4d69:192.168.151.73:39966], old=null, confs=<EMPTY_MAP>
2019-09-25 12:55:42,983 [pool-47-thread-1] INFO  server.RaftServerConfigKeys (ConfUtils.java:logGet(43)) - raft.server.storage.dir = [/workdir/hadoop-ozone/tools/target/test-dir/MiniOzoneClusterImpl-dd5724c6-bedc-4b9f-b6c2-d61ca2c556e0/datanode-2/data/ratis] (custom)
2019-09-25 12:55:42,983 [pool-47-thread-1] INFO  storage.RaftStorageDirectory (RaftStorageDirectory.java:analyzeStorage(246)) - The storage directory /workdir/hadoop-ozone/tools/target/test-dir/MiniOzoneClusterImpl-dd5724c6-bedc-4b9f-b6c2-d61ca2c556e0/datanode-2/data/ratis/d71c3c2c-90a5-4706-bdf5-4662c42765fe does not exist. Creating ...
2019-09-25 12:55:43,003 [pool-47-thread-1] INFO  storage.RaftStorageDirectory (RaftStorageDirectory.java:tryLock(328)) - Lock on /workdir/hadoop-ozone/tools/target/test-dir/MiniOzoneClusterImpl-dd5724c6-bedc-4b9f-b6c2-d61ca2c556e0/datanode-2/data/ratis/d71c3c2c-90a5-4706-bdf5-4662c42765fe/in_use.lock acquired by nodename 10064@pr-hdds-1569-shd4m-3693607622
2019-09-25 12:55:43,026 [pool-47-thread-1] INFO  storage.RaftStorage (RaftStorage.java:format(72)) - Storage directory /workdir/hadoop-ozone/tools/target/test-dir/MiniOzoneClusterImpl-dd5724c6-bedc-4b9f-b6c2-d61ca2c556e0/datanode-2/data/ratis/d71c3c2c-90a5-4706-bdf5-4662c42765fe has been successfully formatted.
2019-09-25 12:55:43,027 [pool-47-thread-1] INFO  ratis.ContainerStateMachine (ContainerStateMachine.java:loadSnapshot(230)) - group-4662C42765FE: The snapshot info is null. Setting the last applied indexto:(t:0, i:~)
2019-09-25 12:55:43,027 [pool-47-thread-1] INFO  server.RaftServerConfigKeys (ConfUtils.java:logGet(43)) - raft.server.notification.no-leader.timeout = 120s (custom)
2019-09-25 12:55:43,027 [pool-47-thread-1] INFO  server.RaftServerConfigKeys (ConfUtils.java:logGet(43)) - raft.server.log.use.memory = false (default)
2019-09-25 12:55:43,027 [pool-47-thread-1] INFO  server.RaftServerConfigKeys (ConfUtils.java:logGet(43)) - raft.server.log.purge.gap = 1000000 (custom)
2019-09-25 12:55:43,028 [pool-47-thread-1] INFO  server.RaftServerConfigKeys (ConfUtils.java:logGet(43)) - raft.server.log.appender.buffer.byte-limit = 33554432 (custom)
2019-09-25 12:55:43,028 [pool-47-thread-1] INFO  server.RaftServerConfigKeys (ConfUtils.java:logGet(43)) - raft.server.log.segment.size.max = 1048576 (custom)
2019-09-25 12:55:43,028 [pool-47-thread-1] INFO  server.RaftServerConfigKeys (ConfUtils.java:logGet(43)) - raft.server.log.segment.cache.num.max = 2 (custom)
2019-09-25 12:55:43,028 [pool-47-thread-1] INFO  segmented.SegmentedRaftLogWorker (SegmentedRaftLogWorker.java:<init>(172)) - new 77ddc70b-a4d5-46bc-9bd0-0ef6651d4d69@group-4662C42765FE-SegmentedRaftLogWorker for RaftStorage:Storage Directory /workdir/hadoop-ozone/tools/target/test-dir/MiniOzoneClusterImpl-dd5724c6-bedc-4b9f-b6c2-d61ca2c556e0/datanode-2/data/ratis/d71c3c2c-90a5-4706-bdf5-4662c42765fe
2019-09-25 12:55:43,028 [pool-47-thread-1] INFO  server.RaftServerConfigKeys (ConfUtils.java:logGet(43)) - raft.server.log.queue.byte-limit = 2147483647 (custom)
2019-09-25 12:55:43,028 [pool-47-thread-1] INFO  server.RaftServerConfigKeys (ConfUtils.java:logGet(43)) - raft.server.log.queue.element-limit = 1024 (custom)
2019-09-25 12:55:43,029 [pool-47-thread-1] INFO  server.RaftServerConfigKeys (ConfUtils.java:logGet(43)) - raft.server.log.segment.size.max = 1048576 (custom)
2019-09-25 12:55:43,029 [pool-47-thread-1] INFO  server.RaftServerConfigKeys (ConfUtils.java:logGet(43)) - raft.server.log.preallocated.size = 16384 (custom)
2019-09-25 12:55:43,029 [pool-47-thread-1] INFO  server.RaftServerConfigKeys (ConfUtils.java:logGet(43)) - raft.server.log.write.buffer.size = 33554432 (custom)
2019-09-25 12:55:43,029 [pool-47-thread-1] INFO  server.RaftServerConfigKeys (ConfUtils.java:logGet(43)) - raft.server.log.force.sync.num = 128 (default)
2019-09-25 12:55:43,029 [pool-47-thread-1] INFO  server.RaftServerConfigKeys (ConfUtils.java:logGet(43)) - raft.server.log.statemachine.data.sync = true (default)
2019-09-25 12:55:43,029 [pool-47-thread-1] INFO  server.RaftServerConfigKeys (ConfUtils.java:logGet(43)) - raft.server.log.statemachine.data.sync.timeout = 10s (default)
2019-09-25 12:55:43,030 [pool-47-thread-1] INFO  server.RaftServerConfigKeys (ConfUtils.java:logGet(43)) - raft.server.log.statemachine.data.sync.timeout.retry = -1 (default)
2019-09-25 12:55:43,030 [pool-47-thread-1] INFO  server.RaftServerConfigKeys (ConfUtils.java:logGet(43)) - raft.server.log.statemachine.data.caching.enabled = true (custom)
2019-09-25 12:55:43,030 [pool-47-thread-1] INFO  segmented.SegmentedRaftLogWorker (SegmentedRaftLogWorker.java:lambda$new$0(132)) - 77ddc70b-a4d5-46bc-9bd0-0ef6651d4d69@group-4662C42765FE-SegmentedRaftLogWorker: flushIndex: setUnconditionally 0 -> -1
2019-09-25 12:55:43,031 [pool-47-thread-1] INFO  server.RaftServerConfigKeys (ConfUtils.java:logGet(43)) - raft.server.snapshot.auto.trigger.enabled = true (custom)
2019-09-25 12:55:43,031 [pool-47-thread-1] INFO  server.RaftServerConfigKeys (ConfUtils.java:logGet(43)) - raft.server.snapshot.auto.trigger.threshold = 10000 (custom)
2019-09-25 12:55:43,031 [pool-47-thread-1] INFO  server.RaftServerConfigKeys (ConfUtils.java:logGet(43)) - raft.server.snapshot.retention.num.files = 5 (custom)
2019-09-25 12:55:43,031 [pool-47-thread-1] INFO  server.RaftServerConfigKeys (ConfUtils.java:logGet(43)) - raft.server.retrycache.expirytime = 600000ms (custom)
2019-09-25 12:55:43,035 [pool-47-thread-1] INFO  impl.RaftServerImpl (RaftServerImpl.java:start(185)) - 77ddc70b-a4d5-46bc-9bd0-0ef6651d4d69@group-4662C42765FE: start as a follower, conf=-1: [77ddc70b-a4d5-46bc-9bd0-0ef6651d4d69:192.168.151.73:39966], old=null
2019-09-25 12:55:43,035 [pool-47-thread-1] INFO  impl.RaftServerImpl (RaftServerImpl.java:setRole(174)) - 77ddc70b-a4d5-46bc-9bd0-0ef6651d4d69@group-4662C42765FE: changes role from      null to FOLLOWER at term 0 for startAsFollower
2019-09-25 12:55:43,035 [pool-47-thread-1] INFO  impl.RoleInfo (RoleInfo.java:updateAndGet(143)) - 77ddc70b-a4d5-46bc-9bd0-0ef6651d4d69: start FollowerState
2019-09-25 12:55:43,035 [pool-47-thread-1] INFO  util.JmxRegister (JmxRegister.java:tryRegister(44)) - Successfully registered JMX Bean with object name Ratis:service=RaftServer,group=group-4662C42765FE,id=77ddc70b-a4d5-46bc-9bd0-0ef6651d4d69
2019-09-25 12:55:43,043 [RatisPipelineUtilsThread] INFO  pipeline.PipelineStateManager (PipelineStateManager.java:addPipeline(56)) - Created pipeline Pipeline[ Id: d71c3c2c-90a5-4706-bdf5-4662c42765fe, Nodes: 77ddc70b-a4d5-46bc-9bd0-0ef6651d4d69{ip: 192.168.151.73, host: pr-hdds-1569-shd4m-3693607622, networkLocation: /default-rack, certSerialId: null}, Type:RATIS, Factor:ONE, State:OPEN]
2019-09-25 12:55:43,054 [grpc-default-executor-0] INFO  impl.RaftServerProxy (RaftServerProxy.java:addNew(89)) - 77ddc70b-a4d5-46bc-9bd0-0ef6651d4d69: addNew group-4290F427C36A:[77ddc70b-a4d5-46bc-9bd0-0ef6651d4d69:192.168.151.73:39966] returns group-4290F427C36A:java.util.concurrent.CompletableFuture@3048b3c9[Not completed]
2019-09-25 12:55:43,055 [pool-47-thread-1] INFO  impl.RaftServerImpl (RaftServerImpl.java:<init>(95)) - 77ddc70b-a4d5-46bc-9bd0-0ef6651d4d69: new RaftServerImpl for group-4290F427C36A:[77ddc70b-a4d5-46bc-9bd0-0ef6651d4d69:192.168.151.73:39966] with ContainerStateMachine:uninitialized
2019-09-25 12:55:43,056 [pool-47-thread-1] INFO  server.RaftServerConfigKeys (ConfUtils.java:logGet(43)) - raft.server.rpc.timeout.min = 5s (custom)
2019-09-25 12:55:43,056 [pool-47-thread-1] INFO  server.RaftServerConfigKeys (ConfUtils.java:logGet(43)) - raft.server.rpc.timeout.max = 5200ms (custom)
2019-09-25 12:55:43,056 [pool-47-thread-1] INFO  server.RaftServerConfigKeys (ConfUtils.java:logGet(43)) - raft.server.rpcslowness.timeout = 120s (custom)
2019-09-25 12:55:43,056 [pool-47-thread-1] INFO  server.RaftServerConfigKeys (ConfUtils.java:logGet(43)) - raft.server.sleep.deviation.threshold = 300 (default)
2019-09-25 12:55:43,056 [pool-47-thread-1] INFO  server.RaftServerConfigKeys (ConfUtils.java:logGet(43)) - raft.server.log.appender.install.snapshot.enabled = false (custom)
2019-09-25 12:55:43,056 [pool-47-thread-1] INFO  impl.RaftServerImpl (ServerState.java:<init>(103)) - 77ddc70b-a4d5-46bc-9bd0-0ef6651d4d69@group-4290F427C36A: ConfigurationManager, init=-1: [77ddc70b-a4d5-46bc-9bd0-0ef6651d4d69:192.168.151.73:39966], old=null, confs=<EMPTY_MAP>
2019-09-25 12:55:43,057 [pool-47-thread-1] INFO  server.RaftServerConfigKeys (ConfUtils.java:logGet(43)) - raft.server.storage.dir = [/workdir/hadoop-ozone/tools/target/test-dir/MiniOzoneClusterImpl-dd5724c6-bedc-4b9f-b6c2-d61ca2c556e0/datanode-2/data/ratis] (custom)
2019-09-25 12:55:43,057 [pool-47-thread-1] INFO  storage.RaftStorageDirectory (RaftStorageDirectory.java:analyzeStorage(246)) - The storage directory /workdir/hadoop-ozone/tools/target/test-dir/MiniOzoneClusterImpl-dd5724c6-bedc-4b9f-b6c2-d61ca2c556e0/datanode-2/data/ratis/97d61a9f-6be2-4dac-9b99-4290f427c36a does not exist. Creating ...
2019-09-25 12:55:43,081 [pool-47-thread-1] INFO  storage.RaftStorageDirectory (RaftStorageDirectory.java:tryLock(328)) - Lock on /workdir/hadoop-ozone/tools/target/test-dir/MiniOzoneClusterImpl-dd5724c6-bedc-4b9f-b6c2-d61ca2c556e0/datanode-2/data/ratis/97d61a9f-6be2-4dac-9b99-4290f427c36a/in_use.lock acquired by nodename 10064@pr-hdds-1569-shd4m-3693607622
2019-09-25 12:55:43,104 [pool-47-thread-1] INFO  storage.RaftStorage (RaftStorage.java:format(72)) - Storage directory /workdir/hadoop-ozone/tools/target/test-dir/MiniOzoneClusterImpl-dd5724c6-bedc-4b9f-b6c2-d61ca2c556e0/datanode-2/data/ratis/97d61a9f-6be2-4dac-9b99-4290f427c36a has been successfully formatted.
2019-09-25 12:55:43,104 [pool-47-thread-1] INFO  ratis.ContainerStateMachine (ContainerStateMachine.java:loadSnapshot(230)) - group-4290F427C36A: The snapshot info is null. Setting the last applied indexto:(t:0, i:~)
2019-09-25 12:55:43,104 [pool-47-thread-1] INFO  server.RaftServerConfigKeys (ConfUtils.java:logGet(43)) - raft.server.notification.no-leader.timeout = 120s (custom)
2019-09-25 12:55:43,104 [pool-47-thread-1] INFO  server.RaftServerConfigKeys (ConfUtils.java:logGet(43)) - raft.server.log.use.memory = false (default)
2019-09-25 12:55:43,104 [pool-47-thread-1] INFO  server.RaftServerConfigKeys (ConfUtils.java:logGet(43)) - raft.server.log.purge.gap = 1000000 (custom)
2019-09-25 12:55:43,105 [pool-47-thread-1] INFO  server.RaftServerConfigKeys (ConfUtils.java:logGet(43)) - raft.server.log.appender.buffer.byte-limit = 33554432 (custom)
2019-09-25 12:55:43,105 [pool-47-thread-1] INFO  server.RaftServerConfigKeys (ConfUtils.java:logGet(43)) - raft.server.log.segment.size.max = 1048576 (custom)
2019-09-25 12:55:43,105 [pool-47-thread-1] INFO  server.RaftServerConfigKeys (ConfUtils.java:logGet(43)) - raft.server.log.segment.cache.num.max = 2 (custom)
2019-09-25 12:55:43,105 [pool-47-thread-1] INFO  segmented.SegmentedRaftLogWorker (SegmentedRaftLogWorker.java:<init>(172)) - new 77ddc70b-a4d5-46bc-9bd0-0ef6651d4d69@group-4290F427C36A-SegmentedRaftLogWorker for RaftStorage:Storage Directory /workdir/hadoop-ozone/tools/target/test-dir/MiniOzoneClusterImpl-dd5724c6-bedc-4b9f-b6c2-d61ca2c556e0/datanode-2/data/ratis/97d61a9f-6be2-4dac-9b99-4290f427c36a
2019-09-25 12:55:43,105 [pool-47-thread-1] INFO  server.RaftServerConfigKeys (ConfUtils.java:logGet(43)) - raft.server.log.queue.byte-limit = 2147483647 (custom)
2019-09-25 12:55:43,105 [pool-47-thread-1] INFO  server.RaftServerConfigKeys (ConfUtils.java:logGet(43)) - raft.server.log.queue.element-limit = 1024 (custom)
2019-09-25 12:55:43,106 [pool-47-thread-1] INFO  server.RaftServerConfigKeys (ConfUtils.java:logGet(43)) - raft.server.log.segment.size.max = 1048576 (custom)
2019-09-25 12:55:43,106 [pool-47-thread-1] INFO  server.RaftServerConfigKeys (ConfUtils.java:logGet(43)) - raft.server.log.preallocated.size = 16384 (custom)
2019-09-25 12:55:43,106 [pool-47-thread-1] INFO  server.RaftServerConfigKeys (ConfUtils.java:logGet(43)) - raft.server.log.write.buffer.size = 33554432 (custom)
2019-09-25 12:55:43,106 [pool-47-thread-1] INFO  server.RaftServerConfigKeys (ConfUtils.java:logGet(43)) - raft.server.log.force.sync.num = 128 (default)
2019-09-25 12:55:43,106 [pool-47-thread-1] INFO  server.RaftServerConfigKeys (ConfUtils.java:logGet(43)) - raft.server.log.statemachine.data.sync = true (default)
2019-09-25 12:55:43,106 [pool-47-thread-1] INFO  server.RaftServerConfigKeys (ConfUtils.java:logGet(43)) - raft.server.log.statemachine.data.sync.timeout = 10s (default)
2019-09-25 12:55:43,107 [pool-47-thread-1] INFO  server.RaftServerConfigKeys (ConfUtils.java:logGet(43)) - raft.server.log.statemachine.data.sync.timeout.retry = -1 (default)
2019-09-25 12:55:43,107 [pool-47-thread-1] INFO  server.RaftServerConfigKeys (ConfUtils.java:logGet(43)) - raft.server.log.statemachine.data.caching.enabled = true (custom)
2019-09-25 12:55:43,107 [pool-47-thread-1] INFO  segmented.SegmentedRaftLogWorker (SegmentedRaftLogWorker.java:lambda$new$0(132)) - 77ddc70b-a4d5-46bc-9bd0-0ef6651d4d69@group-4290F427C36A-SegmentedRaftLogWorker: flushIndex: setUnconditionally 0 -> -1
2019-09-25 12:55:43,107 [pool-47-thread-1] INFO  server.RaftServerConfigKeys (ConfUtils.java:logGet(43)) - raft.server.snapshot.auto.trigger.enabled = true (custom)
2019-09-25 12:55:43,108 [pool-47-thread-1] INFO  server.RaftServerConfigKeys (ConfUtils.java:logGet(43)) - raft.server.snapshot.auto.trigger.threshold = 10000 (custom)
2019-09-25 12:55:43,108 [pool-47-thread-1] INFO  server.RaftServerConfigKeys (ConfUtils.java:logGet(43)) - raft.server.snapshot.retention.num.files = 5 (custom)
2019-09-25 12:55:43,108 [pool-47-thread-1] INFO  server.RaftServerConfigKeys (ConfUtils.java:logGet(43)) - raft.server.retrycache.expirytime = 600000ms (custom)
2019-09-25 12:55:43,111 [pool-47-thread-1] INFO  impl.RaftServerImpl (RaftServerImpl.java:start(185)) - 77ddc70b-a4d5-46bc-9bd0-0ef6651d4d69@group-4290F427C36A: start as a follower, conf=-1: [77ddc70b-a4d5-46bc-9bd0-0ef6651d4d69:192.168.151.73:39966], old=null
2019-09-25 12:55:43,111 [pool-47-thread-1] INFO  impl.RaftServerImpl (RaftServerImpl.java:setRole(174)) - 77ddc70b-a4d5-46bc-9bd0-0ef6651d4d69@group-4290F427C36A: changes role from      null to FOLLOWER at term 0 for startAsFollower
2019-09-25 12:55:43,111 [pool-47-thread-1] INFO  impl.RoleInfo (RoleInfo.java:updateAndGet(143)) - 77ddc70b-a4d5-46bc-9bd0-0ef6651d4d69: start FollowerState
2019-09-25 12:55:43,112 [pool-47-thread-1] INFO  util.JmxRegister (JmxRegister.java:tryRegister(44)) - Successfully registered JMX Bean with object name Ratis:service=RaftServer,group=group-4290F427C36A,id=77ddc70b-a4d5-46bc-9bd0-0ef6651d4d69
2019-09-25 12:55:43,112 [main] INFO  freon.RandomKeyGenerator (RandomKeyGenerator.java:call(283)) - Number of Threads: 10
2019-09-25 12:55:43,113 [main] INFO  freon.RandomKeyGenerator (RandomKeyGenerator.java:call(288)) - Number of Volumes: 1.
2019-09-25 12:55:43,113 [main] INFO  freon.RandomKeyGenerator (RandomKeyGenerator.java:call(289)) - Number of Buckets per Volume: 1.
2019-09-25 12:55:43,113 [main] INFO  freon.RandomKeyGenerator (RandomKeyGenerator.java:call(290)) - Number of Keys per Bucket: 1.
2019-09-25 12:55:43,113 [main] INFO  freon.RandomKeyGenerator (RandomKeyGenerator.java:call(291)) - Key size: 20971520 bytes
2019-09-25 12:55:43,113 [main] INFO  freon.RandomKeyGenerator (RandomKeyGenerator.java:call(292)) - Buffer size: 4096 bytes
2019-09-25 12:55:43,113 [main] INFO  freon.RandomKeyGenerator (RandomKeyGenerator.java:call(293)) - validateWrites : true
2019-09-25 12:55:43,121 [RatisPipelineUtilsThread] INFO  pipeline.PipelineStateManager (PipelineStateManager.java:addPipeline(56)) - Created pipeline Pipeline[ Id: 97d61a9f-6be2-4dac-9b99-4290f427c36a, Nodes: 77ddc70b-a4d5-46bc-9bd0-0ef6651d4d69{ip: 192.168.151.73, host: pr-hdds-1569-shd4m-3693607622, networkLocation: /default-rack, certSerialId: null}, Type:RATIS, Factor:ONE, State:OPEN]
2019-09-25 12:55:43,122 [main] INFO  freon.RandomKeyGenerator (RandomKeyGenerator.java:call(307)) - Data validation is enabled.
2019-09-25 12:55:43,124 [main] INFO  freon.RandomKeyGenerator (RandomKeyGenerator.java:call(313)) - Starting progress bar Thread.

 0.00% |█                                                                                                    |  0/1 Time: 0:00:002019-09-25 12:55:43,136 [grpc-default-executor-0] INFO  impl.RaftServerProxy (RaftServerProxy.java:addNew(89)) - 77ddc70b-a4d5-46bc-9bd0-0ef6651d4d69: addNew group-1A126D6C073F:[77ddc70b-a4d5-46bc-9bd0-0ef6651d4d69:192.168.151.73:39966] returns group-1A126D6C073F:java.util.concurrent.CompletableFuture@31216e18[Not completed]
2019-09-25 12:55:43,138 [pool-47-thread-1] INFO  impl.RaftServerImpl (RaftServerImpl.java:<init>(95)) - 77ddc70b-a4d5-46bc-9bd0-0ef6651d4d69: new RaftServerImpl for group-1A126D6C073F:[77ddc70b-a4d5-46bc-9bd0-0ef6651d4d69:192.168.151.73:39966] with ContainerStateMachine:uninitialized
2019-09-25 12:55:43,138 [pool-47-thread-1] INFO  server.RaftServerConfigKeys (ConfUtils.java:logGet(43)) - raft.server.rpc.timeout.min = 5s (custom)
2019-09-25 12:55:43,138 [pool-47-thread-1] INFO  server.RaftServerConfigKeys (ConfUtils.java:logGet(43)) - raft.server.rpc.timeout.max = 5200ms (custom)
2019-09-25 12:55:43,139 [pool-47-thread-1] INFO  server.RaftServerConfigKeys (ConfUtils.java:logGet(43)) - raft.server.rpcslowness.timeout = 120s (custom)
2019-09-25 12:55:43,147 [pool-47-thread-1] INFO  server.RaftServerConfigKeys (ConfUtils.java:logGet(43)) - raft.server.sleep.deviation.threshold = 300 (default)
2019-09-25 12:55:43,147 [pool-47-thread-1] INFO  server.RaftServerConfigKeys (ConfUtils.java:logGet(43)) - raft.server.log.appender.install.snapshot.enabled = false (custom)
2019-09-25 12:55:43,147 [pool-47-thread-1] INFO  impl.RaftServerImpl (ServerState.java:<init>(103)) - 77ddc70b-a4d5-46bc-9bd0-0ef6651d4d69@group-1A126D6C073F: ConfigurationManager, init=-1: [77ddc70b-a4d5-46bc-9bd0-0ef6651d4d69:192.168.151.73:39966], old=null, confs=<EMPTY_MAP>
2019-09-25 12:55:43,147 [pool-47-thread-1] INFO  server.RaftServerConfigKeys (ConfUtils.java:logGet(43)) - raft.server.storage.dir = [/workdir/hadoop-ozone/tools/target/test-dir/MiniOzoneClusterImpl-dd5724c6-bedc-4b9f-b6c2-d61ca2c556e0/datanode-2/data/ratis] (custom)
2019-09-25 12:55:43,148 [pool-47-thread-1] INFO  storage.RaftStorageDirectory (RaftStorageDirectory.java:analyzeStorage(246)) - The storage directory /workdir/hadoop-ozone/tools/target/test-dir/MiniOzoneClusterImpl-dd5724c6-bedc-4b9f-b6c2-d61ca2c556e0/datanode-2/data/ratis/ef3e6663-07ac-4ccc-9233-1a126d6c073f does not exist. Creating ...
2019-09-25 12:55:43,155 [pool-53-thread-1] INFO  rpc.RpcClient (RpcClient.java:createVolume(276)) - Creating Volume: vol-0-92741, with jenkins1000 as owner.
2019-09-25 12:55:43,170 [pool-47-thread-1] INFO  storage.RaftStorageDirectory (RaftStorageDirectory.java:tryLock(328)) - Lock on /workdir/hadoop-ozone/tools/target/test-dir/MiniOzoneClusterImpl-dd5724c6-bedc-4b9f-b6c2-d61ca2c556e0/datanode-2/data/ratis/ef3e6663-07ac-4ccc-9233-1a126d6c073f/in_use.lock acquired by nodename 10064@pr-hdds-1569-shd4m-3693607622
2019-09-25 12:55:43,195 [pool-47-thread-1] INFO  storage.RaftStorage (RaftStorage.java:format(72)) - Storage directory /workdir/hadoop-ozone/tools/target/test-dir/MiniOzoneClusterImpl-dd5724c6-bedc-4b9f-b6c2-d61ca2c556e0/datanode-2/data/ratis/ef3e6663-07ac-4ccc-9233-1a126d6c073f has been successfully formatted.
2019-09-25 12:55:43,195 [pool-47-thread-1] INFO  ratis.ContainerStateMachine (ContainerStateMachine.java:loadSnapshot(230)) - group-1A126D6C073F: The snapshot info is null. Setting the last applied indexto:(t:0, i:~)
2019-09-25 12:55:43,195 [pool-47-thread-1] INFO  server.RaftServerConfigKeys (ConfUtils.java:logGet(43)) - raft.server.notification.no-leader.timeout = 120s (custom)
2019-09-25 12:55:43,195 [pool-47-thread-1] INFO  server.RaftServerConfigKeys (ConfUtils.java:logGet(43)) - raft.server.log.use.memory = false (default)
2019-09-25 12:55:43,196 [pool-47-thread-1] INFO  server.RaftServerConfigKeys (ConfUtils.java:logGet(43)) - raft.server.log.purge.gap = 1000000 (custom)
2019-09-25 12:55:43,196 [pool-47-thread-1] INFO  server.RaftServerConfigKeys (ConfUtils.java:logGet(43)) - raft.server.log.appender.buffer.byte-limit = 33554432 (custom)
2019-09-25 12:55:43,196 [pool-47-thread-1] INFO  server.RaftServerConfigKeys (ConfUtils.java:logGet(43)) - raft.server.log.segment.size.max = 1048576 (custom)
2019-09-25 12:55:43,196 [pool-47-thread-1] INFO  server.RaftServerConfigKeys (ConfUtils.java:logGet(43)) - raft.server.log.segment.cache.num.max = 2 (custom)
2019-09-25 12:55:43,196 [pool-47-thread-1] INFO  segmented.SegmentedRaftLogWorker (SegmentedRaftLogWorker.java:<init>(172)) - new 77ddc70b-a4d5-46bc-9bd0-0ef6651d4d69@group-1A126D6C073F-SegmentedRaftLogWorker for RaftStorage:Storage Directory /workdir/hadoop-ozone/tools/target/test-dir/MiniOzoneClusterImpl-dd5724c6-bedc-4b9f-b6c2-d61ca2c556e0/datanode-2/data/ratis/ef3e6663-07ac-4ccc-9233-1a126d6c073f
2019-09-25 12:55:43,197 [pool-47-thread-1] INFO  server.RaftServerConfigKeys (ConfUtils.java:logGet(43)) - raft.server.log.queue.byte-limit = 2147483647 (custom)
2019-09-25 12:55:43,197 [pool-47-thread-1] INFO  server.RaftServerConfigKeys (ConfUtils.java:logGet(43)) - raft.server.log.queue.element-limit = 1024 (custom)
2019-09-25 12:55:43,197 [pool-47-thread-1] INFO  server.RaftServerConfigKeys (ConfUtils.java:logGet(43)) - raft.server.log.segment.size.max = 1048576 (custom)
2019-09-25 12:55:43,197 [pool-47-thread-1] INFO  server.RaftServerConfigKeys (ConfUtils.java:logGet(43)) - raft.server.log.preallocated.size = 16384 (custom)
2019-09-25 12:55:43,197 [pool-47-thread-1] INFO  server.RaftServerConfigKeys (ConfUtils.java:logGet(43)) - raft.server.log.write.buffer.size = 33554432 (custom)
2019-09-25 12:55:43,197 [pool-47-thread-1] INFO  server.RaftServerConfigKeys (ConfUtils.java:logGet(43)) - raft.server.log.force.sync.num = 128 (default)
2019-09-25 12:55:43,198 [pool-47-thread-1] INFO  server.RaftServerConfigKeys (ConfUtils.java:logGet(43)) - raft.server.log.statemachine.data.sync = true (default)
2019-09-25 12:55:43,198 [pool-47-thread-1] INFO  server.RaftServerConfigKeys (ConfUtils.java:logGet(43)) - raft.server.log.statemachine.data.sync.timeout = 10s (default)
2019-09-25 12:55:43,198 [pool-47-thread-1] INFO  server.RaftServerConfigKeys (ConfUtils.java:logGet(43)) - raft.server.log.statemachine.data.sync.timeout.retry = -1 (default)
2019-09-25 12:55:43,198 [pool-47-thread-1] INFO  server.RaftServerConfigKeys (ConfUtils.java:logGet(43)) - raft.server.log.statemachine.data.caching.enabled = true (custom)
2019-09-25 12:55:43,199 [pool-47-thread-1] INFO  segmented.SegmentedRaftLogWorker (SegmentedRaftLogWorker.java:lambda$new$0(132)) - 77ddc70b-a4d5-46bc-9bd0-0ef6651d4d69@group-1A126D6C073F-SegmentedRaftLogWorker: flushIndex: setUnconditionally 0 -> -1
2019-09-25 12:55:43,199 [pool-47-thread-1] INFO  server.RaftServerConfigKeys (ConfUtils.java:logGet(43)) - raft.server.snapshot.auto.trigger.enabled = true (custom)
2019-09-25 12:55:43,199 [pool-47-thread-1] INFO  server.RaftServerConfigKeys (ConfUtils.java:logGet(43)) - raft.server.snapshot.auto.trigger.threshold = 10000 (custom)
2019-09-25 12:55:43,199 [pool-47-thread-1] INFO  server.RaftServerConfigKeys (ConfUtils.java:logGet(43)) - raft.server.snapshot.retention.num.files = 5 (custom)
2019-09-25 12:55:43,200 [pool-47-thread-1] INFO  server.RaftServerConfigKeys (ConfUtils.java:logGet(43)) - raft.server.retrycache.expirytime = 600000ms (custom)
2019-09-25 12:55:43,203 [pool-47-thread-1] INFO  impl.RaftServerImpl (RaftServerImpl.java:start(185)) - 77ddc70b-a4d5-46bc-9bd0-0ef6651d4d69@group-1A126D6C073F: start as a follower, conf=-1: [77ddc70b-a4d5-46bc-9bd0-0ef6651d4d69:192.168.151.73:39966], old=null
2019-09-25 12:55:43,203 [pool-47-thread-1] INFO  impl.RaftServerImpl (RaftServerImpl.java:setRole(174)) - 77ddc70b-a4d5-46bc-9bd0-0ef6651d4d69@group-1A126D6C073F: changes role from      null to FOLLOWER at term 0 for startAsFollower
2019-09-25 12:55:43,203 [pool-47-thread-1] INFO  impl.RoleInfo (RoleInfo.java:updateAndGet(143)) - 77ddc70b-a4d5-46bc-9bd0-0ef6651d4d69: start FollowerState
2019-09-25 12:55:43,204 [pool-47-thread-1] INFO  util.JmxRegister (JmxRegister.java:tryRegister(44)) - Successfully registered JMX Bean with object name Ratis:service=RaftServer,group=group-1A126D6C073F,id=77ddc70b-a4d5-46bc-9bd0-0ef6651d4d69
2019-09-25 12:55:43,209 [RatisPipelineUtilsThread] INFO  pipeline.PipelineStateManager (PipelineStateManager.java:addPipeline(56)) - Created pipeline Pipeline[ Id: ef3e6663-07ac-4ccc-9233-1a126d6c073f, Nodes: 77ddc70b-a4d5-46bc-9bd0-0ef6651d4d69{ip: 192.168.151.73, host: pr-hdds-1569-shd4m-3693607622, networkLocation: /default-rack, certSerialId: null}, Type:RATIS, Factor:ONE, State:OPEN]
2019-09-25 12:55:43,209 [RatisPipelineUtilsThread] INFO  pipeline.PipelinePlacementPolicy (PipelinePlacementPolicy.java:meetCriteria(91)) - Pipeline Placement: can't place more pipeline on heavy datanode： 77ddc70b-a4d5-46bc-9bd0-0ef6651d4d69 Heaviness: 6 limit: 5
2019-09-25 12:55:43,223 [grpc-default-executor-0] INFO  impl.RaftServerProxy (RaftServerProxy.java:addNew(89)) - 2729792d-b2a4-4e65-a25b-ab0b4d1b27a6: addNew group-252AB9B07565:[2729792d-b2a4-4e65-a25b-ab0b4d1b27a6:192.168.151.73:44022] returns group-252AB9B07565:java.util.concurrent.CompletableFuture@4ad8269b[Not completed]
2019-09-25 12:55:43,225 [pool-37-thread-1] INFO  impl.RaftServerImpl (RaftServerImpl.java:<init>(95)) - 2729792d-b2a4-4e65-a25b-ab0b4d1b27a6: new RaftServerImpl for group-252AB9B07565:[2729792d-b2a4-4e65-a25b-ab0b4d1b27a6:192.168.151.73:44022] with ContainerStateMachine:uninitialized
2019-09-25 12:55:43,225 [pool-37-thread-1] INFO  server.RaftServerConfigKeys (ConfUtils.java:logGet(43)) - raft.server.rpc.timeout.min = 5s (custom)
2019-09-25 12:55:43,225 [pool-37-thread-1] INFO  server.RaftServerConfigKeys (ConfUtils.java:logGet(43)) - raft.server.rpc.timeout.max = 5200ms (custom)
2019-09-25 12:55:43,225 [pool-37-thread-1] INFO  server.RaftServerConfigKeys (ConfUtils.java:logGet(43)) - raft.server.rpcslowness.timeout = 120s (custom)
2019-09-25 12:55:43,226 [pool-37-thread-1] INFO  server.RaftServerConfigKeys (ConfUtils.java:logGet(43)) - raft.server.sleep.deviation.threshold = 300 (default)
2019-09-25 12:55:43,226 [pool-37-thread-1] INFO  server.RaftServerConfigKeys (ConfUtils.java:logGet(43)) - raft.server.log.appender.install.snapshot.enabled = false (custom)
2019-09-25 12:55:43,226 [pool-37-thread-1] INFO  impl.RaftServerImpl (ServerState.java:<init>(103)) - 2729792d-b2a4-4e65-a25b-ab0b4d1b27a6@group-252AB9B07565: ConfigurationManager, init=-1: [2729792d-b2a4-4e65-a25b-ab0b4d1b27a6:192.168.151.73:44022], old=null, confs=<EMPTY_MAP>
2019-09-25 12:55:43,226 [pool-37-thread-1] INFO  server.RaftServerConfigKeys (ConfUtils.java:logGet(43)) - raft.server.storage.dir = [/workdir/hadoop-ozone/tools/target/test-dir/MiniOzoneClusterImpl-dd5724c6-bedc-4b9f-b6c2-d61ca2c556e0/datanode-1/data/ratis] (custom)
2019-09-25 12:55:43,227 [pool-37-thread-1] INFO  storage.RaftStorageDirectory (RaftStorageDirectory.java:analyzeStorage(246)) - The storage directory /workdir/hadoop-ozone/tools/target/test-dir/MiniOzoneClusterImpl-dd5724c6-bedc-4b9f-b6c2-d61ca2c556e0/datanode-1/data/ratis/c8f89b41-2132-4569-b294-252ab9b07565 does not exist. Creating ...
2019-09-25 12:55:43,240 [pool-37-thread-1] INFO  storage.RaftStorageDirectory (RaftStorageDirectory.java:tryLock(328)) - Lock on /workdir/hadoop-ozone/tools/target/test-dir/MiniOzoneClusterImpl-dd5724c6-bedc-4b9f-b6c2-d61ca2c556e0/datanode-1/data/ratis/c8f89b41-2132-4569-b294-252ab9b07565/in_use.lock acquired by nodename 10064@pr-hdds-1569-shd4m-3693607622
2019-09-25 12:55:43,256 [IPC Server handler 7 on 34973] INFO  volume.OMVolumeCreateRequest (OMVolumeCreateRequest.java:validateAndUpdateCache(189)) - created volume:vol-0-92741 for user:jenkins1000
2019-09-25 12:55:43,274 [pool-37-thread-1] INFO  storage.RaftStorage (RaftStorage.java:format(72)) - Storage directory /workdir/hadoop-ozone/tools/target/test-dir/MiniOzoneClusterImpl-dd5724c6-bedc-4b9f-b6c2-d61ca2c556e0/datanode-1/data/ratis/c8f89b41-2132-4569-b294-252ab9b07565 has been successfully formatted.
2019-09-25 12:55:43,275 [pool-37-thread-1] INFO  ratis.ContainerStateMachine (ContainerStateMachine.java:loadSnapshot(230)) - group-252AB9B07565: The snapshot info is null. Setting the last applied indexto:(t:0, i:~)
2019-09-25 12:55:43,275 [pool-37-thread-1] INFO  server.RaftServerConfigKeys (ConfUtils.java:logGet(43)) - raft.server.notification.no-leader.timeout = 120s (custom)
2019-09-25 12:55:43,275 [pool-37-thread-1] INFO  server.RaftServerConfigKeys (ConfUtils.java:logGet(43)) - raft.server.log.use.memory = false (default)
2019-09-25 12:55:43,275 [pool-37-thread-1] INFO  server.RaftServerConfigKeys (ConfUtils.java:logGet(43)) - raft.server.log.purge.gap = 1000000 (custom)
2019-09-25 12:55:43,275 [pool-37-thread-1] INFO  server.RaftServerConfigKeys (ConfUtils.java:logGet(43)) - raft.server.log.appender.buffer.byte-limit = 33554432 (custom)
2019-09-25 12:55:43,275 [pool-37-thread-1] INFO  server.RaftServerConfigKeys (ConfUtils.java:logGet(43)) - raft.server.log.segment.size.max = 1048576 (custom)
2019-09-25 12:55:43,276 [pool-37-thread-1] INFO  server.RaftServerConfigKeys (ConfUtils.java:logGet(43)) - raft.server.log.segment.cache.num.max = 2 (custom)
2019-09-25 12:55:43,276 [pool-37-thread-1] INFO  segmented.SegmentedRaftLogWorker (SegmentedRaftLogWorker.java:<init>(172)) - new 2729792d-b2a4-4e65-a25b-ab0b4d1b27a6@group-252AB9B07565-SegmentedRaftLogWorker for RaftStorage:Storage Directory /workdir/hadoop-ozone/tools/target/test-dir/MiniOzoneClusterImpl-dd5724c6-bedc-4b9f-b6c2-d61ca2c556e0/datanode-1/data/ratis/c8f89b41-2132-4569-b294-252ab9b07565
2019-09-25 12:55:43,276 [pool-37-thread-1] INFO  server.RaftServerConfigKeys (ConfUtils.java:logGet(43)) - raft.server.log.queue.byte-limit = 2147483647 (custom)
2019-09-25 12:55:43,276 [pool-37-thread-1] INFO  server.RaftServerConfigKeys (ConfUtils.java:logGet(43)) - raft.server.log.queue.element-limit = 1024 (custom)
2019-09-25 12:55:43,276 [pool-37-thread-1] INFO  server.RaftServerConfigKeys (ConfUtils.java:logGet(43)) - raft.server.log.segment.size.max = 1048576 (custom)
2019-09-25 12:55:43,276 [pool-37-thread-1] INFO  server.RaftServerConfigKeys (ConfUtils.java:logGet(43)) - raft.server.log.preallocated.size = 16384 (custom)
2019-09-25 12:55:43,277 [pool-37-thread-1] INFO  server.RaftServerConfigKeys (ConfUtils.java:logGet(43)) - raft.server.log.write.buffer.size = 33554432 (custom)
2019-09-25 12:55:43,280 [pool-37-thread-1] INFO  server.RaftServerConfigKeys (ConfUtils.java:logGet(43)) - raft.server.log.force.sync.num = 128 (default)
2019-09-25 12:55:43,280 [pool-37-thread-1] INFO  server.RaftServerConfigKeys (ConfUtils.java:logGet(43)) - raft.server.log.statemachine.data.sync = true (default)
2019-09-25 12:55:43,280 [pool-37-thread-1] INFO  server.RaftServerConfigKeys (ConfUtils.java:logGet(43)) - raft.server.log.statemachine.data.sync.timeout = 10s (default)
2019-09-25 12:55:43,280 [pool-37-thread-1] INFO  server.RaftServerConfigKeys (ConfUtils.java:logGet(43)) - raft.server.log.statemachine.data.sync.timeout.retry = -1 (default)
2019-09-25 12:55:43,280 [pool-37-thread-1] INFO  server.RaftServerConfigKeys (ConfUtils.java:logGet(43)) - raft.server.log.statemachine.data.caching.enabled = true (custom)
2019-09-25 12:55:43,281 [pool-37-thread-1] INFO  segmented.SegmentedRaftLogWorker (SegmentedRaftLogWorker.java:lambda$new$0(132)) - 2729792d-b2a4-4e65-a25b-ab0b4d1b27a6@group-252AB9B07565-SegmentedRaftLogWorker: flushIndex: setUnconditionally 0 -> -1
2019-09-25 12:55:43,282 [pool-37-thread-1] INFO  server.RaftServerConfigKeys (ConfUtils.java:logGet(43)) - raft.server.snapshot.auto.trigger.enabled = true (custom)
2019-09-25 12:55:43,282 [pool-37-thread-1] INFO  server.RaftServerConfigKeys (ConfUtils.java:logGet(43)) - raft.server.snapshot.auto.trigger.threshold = 10000 (custom)
2019-09-25 12:55:43,282 [pool-37-thread-1] INFO  server.RaftServerConfigKeys (ConfUtils.java:logGet(43)) - raft.server.snapshot.retention.num.files = 5 (custom)
2019-09-25 12:55:43,282 [pool-37-thread-1] INFO  server.RaftServerConfigKeys (ConfUtils.java:logGet(43)) - raft.server.retrycache.expirytime = 600000ms (custom)
2019-09-25 12:55:43,284 [pool-37-thread-1] INFO  impl.RaftServerImpl (RaftServerImpl.java:start(185)) - 2729792d-b2a4-4e65-a25b-ab0b4d1b27a6@group-252AB9B07565: start as a follower, conf=-1: [2729792d-b2a4-4e65-a25b-ab0b4d1b27a6:192.168.151.73:44022], old=null
2019-09-25 12:55:43,285 [pool-37-thread-1] INFO  impl.RaftServerImpl (RaftServerImpl.java:setRole(174)) - 2729792d-b2a4-4e65-a25b-ab0b4d1b27a6@group-252AB9B07565: changes role from      null to FOLLOWER at term 0 for startAsFollower
2019-09-25 12:55:43,285 [pool-37-thread-1] INFO  impl.RoleInfo (RoleInfo.java:updateAndGet(143)) - 2729792d-b2a4-4e65-a25b-ab0b4d1b27a6: start FollowerState
2019-09-25 12:55:43,285 [pool-37-thread-1] INFO  util.JmxRegister (JmxRegister.java:tryRegister(44)) - Successfully registered JMX Bean with object name Ratis:service=RaftServer,group=group-252AB9B07565,id=2729792d-b2a4-4e65-a25b-ab0b4d1b27a6
2019-09-25 12:55:43,286 [pool-53-thread-2] INFO  rpc.RpcClient (RpcClient.java:createBucket(415)) - Creating Bucket: vol-0-92741/bucket-0-70520, with Versioning false and Storage Type set to DISK and Encryption set to false 
2019-09-25 12:55:43,292 [RatisPipelineUtilsThread] INFO  pipeline.PipelineStateManager (PipelineStateManager.java:addPipeline(56)) - Created pipeline Pipeline[ Id: c8f89b41-2132-4569-b294-252ab9b07565, Nodes: 2729792d-b2a4-4e65-a25b-ab0b4d1b27a6{ip: 192.168.151.73, host: pr-hdds-1569-shd4m-3693607622, networkLocation: /default-rack, certSerialId: null}, Type:RATIS, Factor:ONE, State:OPEN]
2019-09-25 12:55:43,292 [RatisPipelineUtilsThread] INFO  pipeline.PipelinePlacementPolicy (PipelinePlacementPolicy.java:meetCriteria(91)) - Pipeline Placement: can't place more pipeline on heavy datanode： 2729792d-b2a4-4e65-a25b-ab0b4d1b27a6 Heaviness: 6 limit: 5
2019-09-25 12:55:43,292 [RatisPipelineUtilsThread] INFO  pipeline.PipelinePlacementPolicy (PipelinePlacementPolicy.java:meetCriteria(91)) - Pipeline Placement: can't place more pipeline on heavy datanode： 77ddc70b-a4d5-46bc-9bd0-0ef6651d4d69 Heaviness: 6 limit: 5
2019-09-25 12:55:43,308 [grpc-default-executor-0] INFO  impl.RaftServerProxy (RaftServerProxy.java:addNew(89)) - 301733ef-76bd-44e0-8b49-af06a9308120: addNew group-28EEEC105DDB:[301733ef-76bd-44e0-8b49-af06a9308120:192.168.151.73:46165] returns group-28EEEC105DDB:java.util.concurrent.CompletableFuture@260ba4fe[Not completed]
2019-09-25 12:55:43,310 [pool-27-thread-1] INFO  impl.RaftServerImpl (RaftServerImpl.java:<init>(95)) - 301733ef-76bd-44e0-8b49-af06a9308120: new RaftServerImpl for group-28EEEC105DDB:[301733ef-76bd-44e0-8b49-af06a9308120:192.168.151.73:46165] with ContainerStateMachine:uninitialized
2019-09-25 12:55:43,310 [pool-27-thread-1] INFO  server.RaftServerConfigKeys (ConfUtils.java:logGet(43)) - raft.server.rpc.timeout.min = 5s (custom)
2019-09-25 12:55:43,310 [pool-27-thread-1] INFO  server.RaftServerConfigKeys (ConfUtils.java:logGet(43)) - raft.server.rpc.timeout.max = 5200ms (custom)
2019-09-25 12:55:43,311 [pool-27-thread-1] INFO  server.RaftServerConfigKeys (ConfUtils.java:logGet(43)) - raft.server.rpcslowness.timeout = 120s (custom)
2019-09-25 12:55:43,311 [pool-27-thread-1] INFO  server.RaftServerConfigKeys (ConfUtils.java:logGet(43)) - raft.server.sleep.deviation.threshold = 300 (default)
2019-09-25 12:55:43,311 [pool-27-thread-1] INFO  server.RaftServerConfigKeys (ConfUtils.java:logGet(43)) - raft.server.log.appender.install.snapshot.enabled = false (custom)
2019-09-25 12:55:43,311 [pool-27-thread-1] INFO  impl.RaftServerImpl (ServerState.java:<init>(103)) - 301733ef-76bd-44e0-8b49-af06a9308120@group-28EEEC105DDB: ConfigurationManager, init=-1: [301733ef-76bd-44e0-8b49-af06a9308120:192.168.151.73:46165], old=null, confs=<EMPTY_MAP>
2019-09-25 12:55:43,311 [pool-27-thread-1] INFO  server.RaftServerConfigKeys (ConfUtils.java:logGet(43)) - raft.server.storage.dir = [/workdir/hadoop-ozone/tools/target/test-dir/MiniOzoneClusterImpl-dd5724c6-bedc-4b9f-b6c2-d61ca2c556e0/datanode-0/data/ratis] (custom)
2019-09-25 12:55:43,312 [pool-27-thread-1] INFO  storage.RaftStorageDirectory (RaftStorageDirectory.java:analyzeStorage(246)) - The storage directory /workdir/hadoop-ozone/tools/target/test-dir/MiniOzoneClusterImpl-dd5724c6-bedc-4b9f-b6c2-d61ca2c556e0/datanode-0/data/ratis/8782df79-77dd-4c47-bc0b-28eeec105ddb does not exist. Creating ...
2019-09-25 12:55:43,326 [pool-27-thread-1] INFO  storage.RaftStorageDirectory (RaftStorageDirectory.java:tryLock(328)) - Lock on /workdir/hadoop-ozone/tools/target/test-dir/MiniOzoneClusterImpl-dd5724c6-bedc-4b9f-b6c2-d61ca2c556e0/datanode-0/data/ratis/8782df79-77dd-4c47-bc0b-28eeec105ddb/in_use.lock acquired by nodename 10064@pr-hdds-1569-shd4m-3693607622
2019-09-25 12:55:43,340 [pool-27-thread-1] INFO  storage.RaftStorage (RaftStorage.java:format(72)) - Storage directory /workdir/hadoop-ozone/tools/target/test-dir/MiniOzoneClusterImpl-dd5724c6-bedc-4b9f-b6c2-d61ca2c556e0/datanode-0/data/ratis/8782df79-77dd-4c47-bc0b-28eeec105ddb has been successfully formatted.
2019-09-25 12:55:43,340 [pool-27-thread-1] INFO  ratis.ContainerStateMachine (ContainerStateMachine.java:loadSnapshot(230)) - group-28EEEC105DDB: The snapshot info is null. Setting the last applied indexto:(t:0, i:~)
2019-09-25 12:55:43,341 [pool-27-thread-1] INFO  server.RaftServerConfigKeys (ConfUtils.java:logGet(43)) - raft.server.notification.no-leader.timeout = 120s (custom)
2019-09-25 12:55:43,341 [pool-27-thread-1] INFO  server.RaftServerConfigKeys (ConfUtils.java:logGet(43)) - raft.server.log.use.memory = false (default)
2019-09-25 12:55:43,341 [pool-27-thread-1] INFO  server.RaftServerConfigKeys (ConfUtils.java:logGet(43)) - raft.server.log.purge.gap = 1000000 (custom)
2019-09-25 12:55:43,341 [pool-27-thread-1] INFO  server.RaftServerConfigKeys (ConfUtils.java:logGet(43)) - raft.server.log.appender.buffer.byte-limit = 33554432 (custom)
2019-09-25 12:55:43,341 [pool-27-thread-1] INFO  server.RaftServerConfigKeys (ConfUtils.java:logGet(43)) - raft.server.log.segment.size.max = 1048576 (custom)
2019-09-25 12:55:43,341 [pool-27-thread-1] INFO  server.RaftServerConfigKeys (ConfUtils.java:logGet(43)) - raft.server.log.segment.cache.num.max = 2 (custom)
2019-09-25 12:55:43,342 [pool-27-thread-1] INFO  segmented.SegmentedRaftLogWorker (SegmentedRaftLogWorker.java:<init>(172)) - new 301733ef-76bd-44e0-8b49-af06a9308120@group-28EEEC105DDB-SegmentedRaftLogWorker for RaftStorage:Storage Directory /workdir/hadoop-ozone/tools/target/test-dir/MiniOzoneClusterImpl-dd5724c6-bedc-4b9f-b6c2-d61ca2c556e0/datanode-0/data/ratis/8782df79-77dd-4c47-bc0b-28eeec105ddb
2019-09-25 12:55:43,342 [pool-27-thread-1] INFO  server.RaftServerConfigKeys (ConfUtils.java:logGet(43)) - raft.server.log.queue.byte-limit = 2147483647 (custom)
2019-09-25 12:55:43,342 [pool-27-thread-1] INFO  server.RaftServerConfigKeys (ConfUtils.java:logGet(43)) - raft.server.log.queue.element-limit = 1024 (custom)
2019-09-25 12:55:43,342 [pool-27-thread-1] INFO  server.RaftServerConfigKeys (ConfUtils.java:logGet(43)) - raft.server.log.segment.size.max = 1048576 (custom)
2019-09-25 12:55:43,342 [pool-27-thread-1] INFO  server.RaftServerConfigKeys (ConfUtils.java:logGet(43)) - raft.server.log.preallocated.size = 16384 (custom)
2019-09-25 12:55:43,342 [pool-27-thread-1] INFO  server.RaftServerConfigKeys (ConfUtils.java:logGet(43)) - raft.server.log.write.buffer.size = 33554432 (custom)
2019-09-25 12:55:43,342 [pool-27-thread-1] INFO  server.RaftServerConfigKeys (ConfUtils.java:logGet(43)) - raft.server.log.force.sync.num = 128 (default)
2019-09-25 12:55:43,343 [pool-27-thread-1] INFO  server.RaftServerConfigKeys (ConfUtils.java:logGet(43)) - raft.server.log.statemachine.data.sync = true (default)
2019-09-25 12:55:43,343 [pool-27-thread-1] INFO  server.RaftServerConfigKeys (ConfUtils.java:logGet(43)) - raft.server.log.statemachine.data.sync.timeout = 10s (default)
2019-09-25 12:55:43,343 [pool-27-thread-1] INFO  server.RaftServerConfigKeys (ConfUtils.java:logGet(43)) - raft.server.log.statemachine.data.sync.timeout.retry = -1 (default)
2019-09-25 12:55:43,343 [pool-27-thread-1] INFO  server.RaftServerConfigKeys (ConfUtils.java:logGet(43)) - raft.server.log.statemachine.data.caching.enabled = true (custom)
2019-09-25 12:55:43,343 [pool-27-thread-1] INFO  segmented.SegmentedRaftLogWorker (SegmentedRaftLogWorker.java:lambda$new$0(132)) - 301733ef-76bd-44e0-8b49-af06a9308120@group-28EEEC105DDB-SegmentedRaftLogWorker: flushIndex: setUnconditionally 0 -> -1
2019-09-25 12:55:43,344 [pool-27-thread-1] INFO  server.RaftServerConfigKeys (ConfUtils.java:logGet(43)) - raft.server.snapshot.auto.trigger.enabled = true (custom)
2019-09-25 12:55:43,344 [pool-27-thread-1] INFO  server.RaftServerConfigKeys (ConfUtils.java:logGet(43)) - raft.server.snapshot.auto.trigger.threshold = 10000 (custom)
2019-09-25 12:55:43,344 [pool-27-thread-1] INFO  server.RaftServerConfigKeys (ConfUtils.java:logGet(43)) - raft.server.snapshot.retention.num.files = 5 (custom)
2019-09-25 12:55:43,344 [pool-27-thread-1] INFO  server.RaftServerConfigKeys (ConfUtils.java:logGet(43)) - raft.server.retrycache.expirytime = 600000ms (custom)
2019-09-25 12:55:43,347 [pool-27-thread-1] INFO  impl.RaftServerImpl (RaftServerImpl.java:start(185)) - 301733ef-76bd-44e0-8b49-af06a9308120@group-28EEEC105DDB: start as a follower, conf=-1: [301733ef-76bd-44e0-8b49-af06a9308120:192.168.151.73:46165], old=null
2019-09-25 12:55:43,347 [pool-27-thread-1] INFO  impl.RaftServerImpl (RaftServerImpl.java:setRole(174)) - 301733ef-76bd-44e0-8b49-af06a9308120@group-28EEEC105DDB: changes role from      null to FOLLOWER at term 0 for startAsFollower
2019-09-25 12:55:43,347 [pool-27-thread-1] INFO  impl.RoleInfo (RoleInfo.java:updateAndGet(143)) - 301733ef-76bd-44e0-8b49-af06a9308120: start FollowerState
2019-09-25 12:55:43,348 [pool-27-thread-1] INFO  util.JmxRegister (JmxRegister.java:tryRegister(44)) - Successfully registered JMX Bean with object name Ratis:service=RaftServer,group=group-28EEEC105DDB,id=301733ef-76bd-44e0-8b49-af06a9308120
2019-09-25 12:55:43,352 [RatisPipelineUtilsThread] INFO  pipeline.PipelineStateManager (PipelineStateManager.java:addPipeline(56)) - Created pipeline Pipeline[ Id: 8782df79-77dd-4c47-bc0b-28eeec105ddb, Nodes: 301733ef-76bd-44e0-8b49-af06a9308120{ip: 192.168.151.73, host: pr-hdds-1569-shd4m-3693607622, networkLocation: /default-rack, certSerialId: null}, Type:RATIS, Factor:ONE, State:OPEN]
2019-09-25 12:55:43,352 [RatisPipelineUtilsThread] INFO  pipeline.PipelinePlacementPolicy (PipelinePlacementPolicy.java:meetCriteria(91)) - Pipeline Placement: can't place more pipeline on heavy datanode： 2729792d-b2a4-4e65-a25b-ab0b4d1b27a6 Heaviness: 6 limit: 5
2019-09-25 12:55:43,352 [RatisPipelineUtilsThread] INFO  pipeline.PipelinePlacementPolicy (PipelinePlacementPolicy.java:meetCriteria(91)) - Pipeline Placement: can't place more pipeline on heavy datanode： 77ddc70b-a4d5-46bc-9bd0-0ef6651d4d69 Heaviness: 6 limit: 5
2019-09-25 12:55:43,360 [grpc-default-executor-0] INFO  impl.RaftServerProxy (RaftServerProxy.java:addNew(89)) - 301733ef-76bd-44e0-8b49-af06a9308120: addNew group-F1AC7C7F6928:[301733ef-76bd-44e0-8b49-af06a9308120:192.168.151.73:46165] returns group-F1AC7C7F6928:java.util.concurrent.CompletableFuture@4388ae73[Not completed]
2019-09-25 12:55:43,363 [pool-27-thread-1] INFO  impl.RaftServerImpl (RaftServerImpl.java:<init>(95)) - 301733ef-76bd-44e0-8b49-af06a9308120: new RaftServerImpl for group-F1AC7C7F6928:[301733ef-76bd-44e0-8b49-af06a9308120:192.168.151.73:46165] with ContainerStateMachine:uninitialized
2019-09-25 12:55:43,363 [pool-27-thread-1] INFO  server.RaftServerConfigKeys (ConfUtils.java:logGet(43)) - raft.server.rpc.timeout.min = 5s (custom)
2019-09-25 12:55:43,364 [pool-27-thread-1] INFO  server.RaftServerConfigKeys (ConfUtils.java:logGet(43)) - raft.server.rpc.timeout.max = 5200ms (custom)
2019-09-25 12:55:43,364 [pool-27-thread-1] INFO  server.RaftServerConfigKeys (ConfUtils.java:logGet(43)) - raft.server.rpcslowness.timeout = 120s (custom)
2019-09-25 12:55:43,364 [pool-27-thread-1] INFO  server.RaftServerConfigKeys (ConfUtils.java:logGet(43)) - raft.server.sleep.deviation.threshold = 300 (default)
2019-09-25 12:55:43,364 [pool-27-thread-1] INFO  server.RaftServerConfigKeys (ConfUtils.java:logGet(43)) - raft.server.log.appender.install.snapshot.enabled = false (custom)
2019-09-25 12:55:43,364 [pool-27-thread-1] INFO  impl.RaftServerImpl (ServerState.java:<init>(103)) - 301733ef-76bd-44e0-8b49-af06a9308120@group-F1AC7C7F6928: ConfigurationManager, init=-1: [301733ef-76bd-44e0-8b49-af06a9308120:192.168.151.73:46165], old=null, confs=<EMPTY_MAP>
2019-09-25 12:55:43,364 [pool-27-thread-1] INFO  server.RaftServerConfigKeys (ConfUtils.java:logGet(43)) - raft.server.storage.dir = [/workdir/hadoop-ozone/tools/target/test-dir/MiniOzoneClusterImpl-dd5724c6-bedc-4b9f-b6c2-d61ca2c556e0/datanode-0/data/ratis] (custom)
2019-09-25 12:55:43,365 [pool-27-thread-1] INFO  storage.RaftStorageDirectory (RaftStorageDirectory.java:analyzeStorage(246)) - The storage directory /workdir/hadoop-ozone/tools/target/test-dir/MiniOzoneClusterImpl-dd5724c6-bedc-4b9f-b6c2-d61ca2c556e0/datanode-0/data/ratis/c2117b8c-80cd-4762-b28a-f1ac7c7f6928 does not exist. Creating ...
2019-09-25 12:55:43,377 [pool-27-thread-1] INFO  storage.RaftStorageDirectory (RaftStorageDirectory.java:tryLock(328)) - Lock on /workdir/hadoop-ozone/tools/target/test-dir/MiniOzoneClusterImpl-dd5724c6-bedc-4b9f-b6c2-d61ca2c556e0/datanode-0/data/ratis/c2117b8c-80cd-4762-b28a-f1ac7c7f6928/in_use.lock acquired by nodename 10064@pr-hdds-1569-shd4m-3693607622
2019-09-25 12:55:43,389 [pool-27-thread-1] INFO  storage.RaftStorage (RaftStorage.java:format(72)) - Storage directory /workdir/hadoop-ozone/tools/target/test-dir/MiniOzoneClusterImpl-dd5724c6-bedc-4b9f-b6c2-d61ca2c556e0/datanode-0/data/ratis/c2117b8c-80cd-4762-b28a-f1ac7c7f6928 has been successfully formatted.
2019-09-25 12:55:43,390 [pool-27-thread-1] INFO  ratis.ContainerStateMachine (ContainerStateMachine.java:loadSnapshot(230)) - group-F1AC7C7F6928: The snapshot info is null. Setting the last applied indexto:(t:0, i:~)
2019-09-25 12:55:43,390 [pool-27-thread-1] INFO  server.RaftServerConfigKeys (ConfUtils.java:logGet(43)) - raft.server.notification.no-leader.timeout = 120s (custom)
2019-09-25 12:55:43,390 [pool-27-thread-1] INFO  server.RaftServerConfigKeys (ConfUtils.java:logGet(43)) - raft.server.log.use.memory = false (default)
2019-09-25 12:55:43,390 [pool-27-thread-1] INFO  server.RaftServerConfigKeys (ConfUtils.java:logGet(43)) - raft.server.log.purge.gap = 1000000 (custom)
2019-09-25 12:55:43,390 [pool-27-thread-1] INFO  server.RaftServerConfigKeys (ConfUtils.java:logGet(43)) - raft.server.log.appender.buffer.byte-limit = 33554432 (custom)
2019-09-25 12:55:43,390 [pool-27-thread-1] INFO  server.RaftServerConfigKeys (ConfUtils.java:logGet(43)) - raft.server.log.segment.size.max = 1048576 (custom)
2019-09-25 12:55:43,390 [pool-27-thread-1] INFO  server.RaftServerConfigKeys (ConfUtils.java:logGet(43)) - raft.server.log.segment.cache.num.max = 2 (custom)
2019-09-25 12:55:43,391 [pool-27-thread-1] INFO  segmented.SegmentedRaftLogWorker (SegmentedRaftLogWorker.java:<init>(172)) - new 301733ef-76bd-44e0-8b49-af06a9308120@group-F1AC7C7F6928-SegmentedRaftLogWorker for RaftStorage:Storage Directory /workdir/hadoop-ozone/tools/target/test-dir/MiniOzoneClusterImpl-dd5724c6-bedc-4b9f-b6c2-d61ca2c556e0/datanode-0/data/ratis/c2117b8c-80cd-4762-b28a-f1ac7c7f6928
2019-09-25 12:55:43,391 [pool-27-thread-1] INFO  server.RaftServerConfigKeys (ConfUtils.java:logGet(43)) - raft.server.log.queue.byte-limit = 2147483647 (custom)
2019-09-25 12:55:43,391 [pool-27-thread-1] INFO  server.RaftServerConfigKeys (ConfUtils.java:logGet(43)) - raft.server.log.queue.element-limit = 1024 (custom)
2019-09-25 12:55:43,391 [pool-27-thread-1] INFO  server.RaftServerConfigKeys (ConfUtils.java:logGet(43)) - raft.server.log.segment.size.max = 1048576 (custom)
2019-09-25 12:55:43,391 [pool-27-thread-1] INFO  server.RaftServerConfigKeys (ConfUtils.java:logGet(43)) - raft.server.log.preallocated.size = 16384 (custom)
2019-09-25 12:55:43,391 [pool-27-thread-1] INFO  server.RaftServerConfigKeys (ConfUtils.java:logGet(43)) - raft.server.log.write.buffer.size = 33554432 (custom)
2019-09-25 12:55:43,391 [pool-27-thread-1] INFO  server.RaftServerConfigKeys (ConfUtils.java:logGet(43)) - raft.server.log.force.sync.num = 128 (default)
2019-09-25 12:55:43,391 [pool-27-thread-1] INFO  server.RaftServerConfigKeys (ConfUtils.java:logGet(43)) - raft.server.log.statemachine.data.sync = true (default)
2019-09-25 12:55:43,391 [pool-27-thread-1] INFO  server.RaftServerConfigKeys (ConfUtils.java:logGet(43)) - raft.server.log.statemachine.data.sync.timeout = 10s (default)
2019-09-25 12:55:43,392 [pool-27-thread-1] INFO  server.RaftServerConfigKeys (ConfUtils.java:logGet(43)) - raft.server.log.statemachine.data.sync.timeout.retry = -1 (default)
2019-09-25 12:55:43,392 [pool-27-thread-1] INFO  server.RaftServerConfigKeys (ConfUtils.java:logGet(43)) - raft.server.log.statemachine.data.caching.enabled = true (custom)
2019-09-25 12:55:43,392 [pool-27-thread-1] INFO  segmented.SegmentedRaftLogWorker (SegmentedRaftLogWorker.java:lambda$new$0(132)) - 301733ef-76bd-44e0-8b49-af06a9308120@group-F1AC7C7F6928-SegmentedRaftLogWorker: flushIndex: setUnconditionally 0 -> -1
2019-09-25 12:55:43,392 [pool-27-thread-1] INFO  server.RaftServerConfigKeys (ConfUtils.java:logGet(43)) - raft.server.snapshot.auto.trigger.enabled = true (custom)
2019-09-25 12:55:43,392 [pool-27-thread-1] INFO  server.RaftServerConfigKeys (ConfUtils.java:logGet(43)) - raft.server.snapshot.auto.trigger.threshold = 10000 (custom)
2019-09-25 12:55:43,393 [pool-27-thread-1] INFO  server.RaftServerConfigKeys (ConfUtils.java:logGet(43)) - raft.server.snapshot.retention.num.files = 5 (custom)
2019-09-25 12:55:43,393 [pool-27-thread-1] INFO  server.RaftServerConfigKeys (ConfUtils.java:logGet(43)) - raft.server.retrycache.expirytime = 600000ms (custom)
2019-09-25 12:55:43,395 [pool-27-thread-1] INFO  impl.RaftServerImpl (RaftServerImpl.java:start(185)) - 301733ef-76bd-44e0-8b49-af06a9308120@group-F1AC7C7F6928: start as a follower, conf=-1: [301733ef-76bd-44e0-8b49-af06a9308120:192.168.151.73:46165], old=null
2019-09-25 12:55:43,395 [pool-27-thread-1] INFO  impl.RaftServerImpl (RaftServerImpl.java:setRole(174)) - 301733ef-76bd-44e0-8b49-af06a9308120@group-F1AC7C7F6928: changes role from      null to FOLLOWER at term 0 for startAsFollower
2019-09-25 12:55:43,395 [pool-27-thread-1] INFO  impl.RoleInfo (RoleInfo.java:updateAndGet(143)) - 301733ef-76bd-44e0-8b49-af06a9308120: start FollowerState
2019-09-25 12:55:43,395 [pool-27-thread-1] INFO  util.JmxRegister (JmxRegister.java:tryRegister(44)) - Successfully registered JMX Bean with object name Ratis:service=RaftServer,group=group-F1AC7C7F6928,id=301733ef-76bd-44e0-8b49-af06a9308120
2019-09-25 12:55:43,400 [RatisPipelineUtilsThread] INFO  pipeline.PipelineStateManager (PipelineStateManager.java:addPipeline(56)) - Created pipeline Pipeline[ Id: c2117b8c-80cd-4762-b28a-f1ac7c7f6928, Nodes: 301733ef-76bd-44e0-8b49-af06a9308120{ip: 192.168.151.73, host: pr-hdds-1569-shd4m-3693607622, networkLocation: /default-rack, certSerialId: null}, Type:RATIS, Factor:ONE, State:OPEN]
2019-09-25 12:55:43,401 [RatisPipelineUtilsThread] INFO  pipeline.PipelinePlacementPolicy (PipelinePlacementPolicy.java:meetCriteria(91)) - Pipeline Placement: can't place more pipeline on heavy datanode： 2729792d-b2a4-4e65-a25b-ab0b4d1b27a6 Heaviness: 6 limit: 5
2019-09-25 12:55:43,401 [RatisPipelineUtilsThread] INFO  pipeline.PipelinePlacementPolicy (PipelinePlacementPolicy.java:meetCriteria(91)) - Pipeline Placement: can't place more pipeline on heavy datanode： 301733ef-76bd-44e0-8b49-af06a9308120 Heaviness: 6 limit: 5
2019-09-25 12:55:43,401 [RatisPipelineUtilsThread] INFO  pipeline.PipelinePlacementPolicy (PipelinePlacementPolicy.java:meetCriteria(91)) - Pipeline Placement: can't place more pipeline on heavy datanode： 77ddc70b-a4d5-46bc-9bd0-0ef6651d4d69 Heaviness: 6 limit: 5
2019-09-25 12:55:43,402 [RatisPipelineUtilsThread] ERROR pipeline.PipelinePlacementPolicy (PipelinePlacementPolicy.java:filterViableNodes(148)) - Unable to find enough nodes that meet the criteria that cannot engage in more than 5 pipelines. Nodes required: 1 Found: 0, healthy nodes count inNodeManager: 3.
2019-09-25 12:55:43,404 [RatisPipelineUtilsThread] ERROR pipeline.SCMPipelineManager (SCMPipelineManager.java:createPipeline(167)) - Pipeline creation failed.
org.apache.hadoop.hdds.scm.exceptions.SCMException: Unable to find enough nodes that meet the criteria that cannot engage in more than 5 pipelines. Nodes required: 1 Found: 0, healthy nodes count inNodeManager: 3.
	at org.apache.hadoop.hdds.scm.pipeline.PipelinePlacementPolicy.filterViableNodes(PipelinePlacementPolicy.java:149)
	at org.apache.hadoop.hdds.scm.pipeline.PipelinePlacementPolicy.chooseDatanodes(PipelinePlacementPolicy.java:172)
	at org.apache.hadoop.hdds.scm.pipeline.RatisPipelineProvider.create(RatisPipelineProvider.java:93)
	at org.apache.hadoop.hdds.scm.pipeline.PipelineFactory.create(PipelineFactory.java:58)
	at org.apache.hadoop.hdds.scm.pipeline.SCMPipelineManager.createPipeline(SCMPipelineManager.java:155)
	at org.apache.hadoop.hdds.scm.pipeline.BackgroundPipelineCreator.createPipelines(BackgroundPipelineCreator.java:99)
	at java.util.concurrent.Executors$RunnableAdapter.call(Executors.java:511)
	at java.util.concurrent.FutureTask.run(FutureTask.java:266)
	at java.util.concurrent.ScheduledThreadPoolExecutor$ScheduledFutureTask.access$201(ScheduledThreadPoolExecutor.java:180)
	at java.util.concurrent.ScheduledThreadPoolExecutor$ScheduledFutureTask.run(ScheduledThreadPoolExecutor.java:293)
	at java.util.concurrent.ThreadPoolExecutor.runWorker(ThreadPoolExecutor.java:1149)
	at java.util.concurrent.ThreadPoolExecutor$Worker.run(ThreadPoolExecutor.java:624)
	at java.lang.Thread.run(Thread.java:748)
2019-09-25 12:55:43,406 [RatisPipelineUtilsThread] INFO  pipeline.PipelinePlacementPolicy (PipelinePlacementPolicy.java:meetCriteria(91)) - Pipeline Placement: can't place more pipeline on heavy datanode： 2729792d-b2a4-4e65-a25b-ab0b4d1b27a6 Heaviness: 6 limit: 5
2019-09-25 12:55:43,406 [RatisPipelineUtilsThread] INFO  pipeline.PipelinePlacementPolicy (PipelinePlacementPolicy.java:meetCriteria(91)) - Pipeline Placement: can't place more pipeline on heavy datanode： 301733ef-76bd-44e0-8b49-af06a9308120 Heaviness: 6 limit: 5
2019-09-25 12:55:43,407 [RatisPipelineUtilsThread] INFO  pipeline.PipelinePlacementPolicy (PipelinePlacementPolicy.java:meetCriteria(91)) - Pipeline Placement: can't place more pipeline on heavy datanode： 77ddc70b-a4d5-46bc-9bd0-0ef6651d4d69 Heaviness: 6 limit: 5
2019-09-25 12:55:43,407 [RatisPipelineUtilsThread] ERROR pipeline.PipelinePlacementPolicy (PipelinePlacementPolicy.java:filterViableNodes(148)) - Unable to find enough nodes that meet the criteria that cannot engage in more than 5 pipelines. Nodes required: 3 Found: 0, healthy nodes count inNodeManager: 3.
2019-09-25 12:55:43,407 [RatisPipelineUtilsThread] ERROR pipeline.SCMPipelineManager (SCMPipelineManager.java:createPipeline(167)) - Pipeline creation failed.
org.apache.hadoop.hdds.scm.exceptions.SCMException: Unable to find enough nodes that meet the criteria that cannot engage in more than 5 pipelines. Nodes required: 3 Found: 0, healthy nodes count inNodeManager: 3.
	at org.apache.hadoop.hdds.scm.pipeline.PipelinePlacementPolicy.filterViableNodes(PipelinePlacementPolicy.java:149)
	at org.apache.hadoop.hdds.scm.pipeline.PipelinePlacementPolicy.chooseDatanodes(PipelinePlacementPolicy.java:172)
	at org.apache.hadoop.hdds.scm.pipeline.RatisPipelineProvider.create(RatisPipelineProvider.java:93)
	at org.apache.hadoop.hdds.scm.pipeline.PipelineFactory.create(PipelineFactory.java:58)
	at org.apache.hadoop.hdds.scm.pipeline.SCMPipelineManager.createPipeline(SCMPipelineManager.java:155)
	at org.apache.hadoop.hdds.scm.pipeline.BackgroundPipelineCreator.createPipelines(BackgroundPipelineCreator.java:99)
	at java.util.concurrent.Executors$RunnableAdapter.call(Executors.java:511)
	at java.util.concurrent.FutureTask.run(FutureTask.java:266)
	at java.util.concurrent.ScheduledThreadPoolExecutor$ScheduledFutureTask.access$201(ScheduledThreadPoolExecutor.java:180)
	at java.util.concurrent.ScheduledThreadPoolExecutor$ScheduledFutureTask.run(ScheduledThreadPoolExecutor.java:293)
	at java.util.concurrent.ThreadPoolExecutor.runWorker(ThreadPoolExecutor.java:1149)
	at java.util.concurrent.ThreadPoolExecutor$Worker.run(ThreadPoolExecutor.java:624)
	at java.lang.Thread.run(Thread.java:748)
2019-09-25 12:55:43,409 [RatisPipelineUtilsThread] INFO  pipeline.PipelinePlacementPolicy (PipelinePlacementPolicy.java:meetCriteria(91)) - Pipeline Placement: can't place more pipeline on heavy datanode： 2729792d-b2a4-4e65-a25b-ab0b4d1b27a6 Heaviness: 6 limit: 5
2019-09-25 12:55:43,409 [RatisPipelineUtilsThread] INFO  pipeline.PipelinePlacementPolicy (PipelinePlacementPolicy.java:meetCriteria(91)) - Pipeline Placement: can't place more pipeline on heavy datanode： 301733ef-76bd-44e0-8b49-af06a9308120 Heaviness: 6 limit: 5
2019-09-25 12:55:43,409 [RatisPipelineUtilsThread] INFO  pipeline.PipelinePlacementPolicy (PipelinePlacementPolicy.java:meetCriteria(91)) - Pipeline Placement: can't place more pipeline on heavy datanode： 77ddc70b-a4d5-46bc-9bd0-0ef6651d4d69 Heaviness: 6 limit: 5
2019-09-25 12:55:43,410 [RatisPipelineUtilsThread] ERROR pipeline.PipelinePlacementPolicy (PipelinePlacementPolicy.java:filterViableNodes(148)) - Unable to find enough nodes that meet the criteria that cannot engage in more than 5 pipelines. Nodes required: 1 Found: 0, healthy nodes count inNodeManager: 3.
2019-09-25 12:55:43,410 [RatisPipelineUtilsThread] ERROR pipeline.SCMPipelineManager (SCMPipelineManager.java:createPipeline(167)) - Pipeline creation failed.
org.apache.hadoop.hdds.scm.exceptions.SCMException: Unable to find enough nodes that meet the criteria that cannot engage in more than 5 pipelines. Nodes required: 1 Found: 0, healthy nodes count inNodeManager: 3.
	at org.apache.hadoop.hdds.scm.pipeline.PipelinePlacementPolicy.filterViableNodes(PipelinePlacementPolicy.java:149)
	at org.apache.hadoop.hdds.scm.pipeline.PipelinePlacementPolicy.chooseDatanodes(PipelinePlacementPolicy.java:172)
	at org.apache.hadoop.hdds.scm.pipeline.RatisPipelineProvider.create(RatisPipelineProvider.java:93)
	at org.apache.hadoop.hdds.scm.pipeline.PipelineFactory.create(PipelineFactory.java:58)
	at org.apache.hadoop.hdds.scm.pipeline.SCMPipelineManager.createPipeline(SCMPipelineManager.java:155)
	at org.apache.hadoop.hdds.scm.pipeline.BackgroundPipelineCreator.createPipelines(BackgroundPipelineCreator.java:99)
	at org.apache.hadoop.hdds.scm.pipeline.BackgroundPipelineCreator.lambda$startFixedIntervalPipelineCreator$0(BackgroundPipelineCreator.java:70)
	at java.util.concurrent.Executors$RunnableAdapter.call(Executors.java:511)
	at java.util.concurrent.FutureTask.runAndReset(FutureTask.java:308)
	at java.util.concurrent.ScheduledThreadPoolExecutor$ScheduledFutureTask.access$301(ScheduledThreadPoolExecutor.java:180)
	at java.util.concurrent.ScheduledThreadPoolExecutor$ScheduledFutureTask.run(ScheduledThreadPoolExecutor.java:294)
	at java.util.concurrent.ThreadPoolExecutor.runWorker(ThreadPoolExecutor.java:1149)
	at java.util.concurrent.ThreadPoolExecutor$Worker.run(ThreadPoolExecutor.java:624)
	at java.lang.Thread.run(Thread.java:748)
2019-09-25 12:55:43,411 [RatisPipelineUtilsThread] INFO  pipeline.PipelinePlacementPolicy (PipelinePlacementPolicy.java:meetCriteria(91)) - Pipeline Placement: can't place more pipeline on heavy datanode： 2729792d-b2a4-4e65-a25b-ab0b4d1b27a6 Heaviness: 6 limit: 5
2019-09-25 12:55:43,411 [RatisPipelineUtilsThread] INFO  pipeline.PipelinePlacementPolicy (PipelinePlacementPolicy.java:meetCriteria(91)) - Pipeline Placement: can't place more pipeline on heavy datanode： 301733ef-76bd-44e0-8b49-af06a9308120 Heaviness: 6 limit: 5
2019-09-25 12:55:43,411 [RatisPipelineUtilsThread] INFO  pipeline.PipelinePlacementPolicy (PipelinePlacementPolicy.java:meetCriteria(91)) - Pipeline Placement: can't place more pipeline on heavy datanode： 77ddc70b-a4d5-46bc-9bd0-0ef6651d4d69 Heaviness: 6 limit: 5
2019-09-25 12:55:43,411 [RatisPipelineUtilsThread] ERROR pipeline.PipelinePlacementPolicy (PipelinePlacementPolicy.java:filterViableNodes(148)) - Unable to find enough nodes that meet the criteria that cannot engage in more than 5 pipelines. Nodes required: 3 Found: 0, healthy nodes count inNodeManager: 3.
2019-09-25 12:55:43,412 [RatisPipelineUtilsThread] ERROR pipeline.SCMPipelineManager (SCMPipelineManager.java:createPipeline(167)) - Pipeline creation failed.
org.apache.hadoop.hdds.scm.exceptions.SCMException: Unable to find enough nodes that meet the criteria that cannot engage in more than 5 pipelines. Nodes required: 3 Found: 0, healthy nodes count inNodeManager: 3.
	at org.apache.hadoop.hdds.scm.pipeline.PipelinePlacementPolicy.filterViableNodes(PipelinePlacementPolicy.java:149)
	at org.apache.hadoop.hdds.scm.pipeline.PipelinePlacementPolicy.chooseDatanodes(PipelinePlacementPolicy.java:172)
	at org.apache.hadoop.hdds.scm.pipeline.RatisPipelineProvider.create(RatisPipelineProvider.java:93)
	at org.apache.hadoop.hdds.scm.pipeline.PipelineFactory.create(PipelineFactory.java:58)
	at org.apache.hadoop.hdds.scm.pipeline.SCMPipelineManager.createPipeline(SCMPipelineManager.java:155)
	at org.apache.hadoop.hdds.scm.pipeline.BackgroundPipelineCreator.createPipelines(BackgroundPipelineCreator.java:99)
	at org.apache.hadoop.hdds.scm.pipeline.BackgroundPipelineCreator.lambda$startFixedIntervalPipelineCreator$0(BackgroundPipelineCreator.java:70)
	at java.util.concurrent.Executors$RunnableAdapter.call(Executors.java:511)
	at java.util.concurrent.FutureTask.runAndReset(FutureTask.java:308)
	at java.util.concurrent.ScheduledThreadPoolExecutor$ScheduledFutureTask.access$301(ScheduledThreadPoolExecutor.java:180)
	at java.util.concurrent.ScheduledThreadPoolExecutor$ScheduledFutureTask.run(ScheduledThreadPoolExecutor.java:294)
	at java.util.concurrent.ThreadPoolExecutor.runWorker(ThreadPoolExecutor.java:1149)
	at java.util.concurrent.ThreadPoolExecutor$Worker.run(ThreadPoolExecutor.java:624)
	at java.lang.Thread.run(Thread.java:748)
2019-09-25 12:55:43,412 [IPC Server handler 2 on 46390] INFO  pipeline.PipelinePlacementPolicy (PipelinePlacementPolicy.java:meetCriteria(91)) - Pipeline Placement: can't place more pipeline on heavy datanode： 2729792d-b2a4-4e65-a25b-ab0b4d1b27a6 Heaviness: 6 limit: 5
2019-09-25 12:55:43,412 [IPC Server handler 2 on 46390] INFO  pipeline.PipelinePlacementPolicy (PipelinePlacementPolicy.java:meetCriteria(91)) - Pipeline Placement: can't place more pipeline on heavy datanode： 301733ef-76bd-44e0-8b49-af06a9308120 Heaviness: 6 limit: 5
2019-09-25 12:55:43,413 [IPC Server handler 2 on 46390] INFO  pipeline.PipelinePlacementPolicy (PipelinePlacementPolicy.java:meetCriteria(91)) - Pipeline Placement: can't place more pipeline on heavy datanode： 77ddc70b-a4d5-46bc-9bd0-0ef6651d4d69 Heaviness: 6 limit: 5
2019-09-25 12:55:43,413 [IPC Server handler 2 on 46390] ERROR pipeline.PipelinePlacementPolicy (PipelinePlacementPolicy.java:filterViableNodes(148)) - Unable to find enough nodes that meet the criteria that cannot engage in more than 5 pipelines. Nodes required: 3 Found: 0, healthy nodes count inNodeManager: 3.
2019-09-25 12:55:43,413 [IPC Server handler 2 on 46390] ERROR pipeline.SCMPipelineManager (SCMPipelineManager.java:createPipeline(167)) - Pipeline creation failed.
org.apache.hadoop.hdds.scm.exceptions.SCMException: Unable to find enough nodes that meet the criteria that cannot engage in more than 5 pipelines. Nodes required: 3 Found: 0, healthy nodes count inNodeManager: 3.
	at org.apache.hadoop.hdds.scm.pipeline.PipelinePlacementPolicy.filterViableNodes(PipelinePlacementPolicy.java:149)
	at org.apache.hadoop.hdds.scm.pipeline.PipelinePlacementPolicy.chooseDatanodes(PipelinePlacementPolicy.java:172)
	at org.apache.hadoop.hdds.scm.pipeline.RatisPipelineProvider.create(RatisPipelineProvider.java:93)
	at org.apache.hadoop.hdds.scm.pipeline.PipelineFactory.create(PipelineFactory.java:58)
	at org.apache.hadoop.hdds.scm.pipeline.SCMPipelineManager.createPipeline(SCMPipelineManager.java:155)
	at org.apache.hadoop.hdds.scm.block.BlockManagerImpl.allocateBlock(BlockManagerImpl.java:190)
	at org.apache.hadoop.hdds.scm.server.SCMBlockProtocolServer.allocateBlock(SCMBlockProtocolServer.java:182)
	at org.apache.hadoop.ozone.protocolPB.ScmBlockLocationProtocolServerSideTranslatorPB.allocateScmBlock(ScmBlockLocationProtocolServerSideTranslatorPB.java:183)
	at org.apache.hadoop.ozone.protocolPB.ScmBlockLocationProtocolServerSideTranslatorPB.processMessage(ScmBlockLocationProtocolServerSideTranslatorPB.java:141)
	at org.apache.hadoop.ozone.protocolPB.ScmBlockLocationProtocolServerSideTranslatorPB.send(ScmBlockLocationProtocolServerSideTranslatorPB.java:116)
	at org.apache.hadoop.hdds.protocol.proto.ScmBlockLocationProtocolProtos$ScmBlockLocationProtocolService$2.callBlockingMethod(ScmBlockLocationProtocolProtos.java:13157)
	at org.apache.hadoop.ipc.ProtobufRpcEngine$Server$ProtoBufRpcInvoker.call(ProtobufRpcEngine.java:524)
	at org.apache.hadoop.ipc.RPC$Server.call(RPC.java:1025)
	at org.apache.hadoop.ipc.Server$RpcCall.run(Server.java:876)
	at org.apache.hadoop.ipc.Server$RpcCall.run(Server.java:822)
	at java.security.AccessController.doPrivileged(Native Method)
	at javax.security.auth.Subject.doAs(Subject.java:422)
	at org.apache.hadoop.security.UserGroupInformation.doAs(UserGroupInformation.java:1730)
	at org.apache.hadoop.ipc.Server$Handler.run(Server.java:2682)
2019-09-25 12:55:43,414 [IPC Server handler 2 on 46390] WARN  block.BlockManagerImpl (BlockManagerImpl.java:allocateBlock(192)) - Pipeline creation failed for type:RATIS factor:THREE. Retrying get pipelines call once.
org.apache.hadoop.hdds.scm.exceptions.SCMException: Unable to find enough nodes that meet the criteria that cannot engage in more than 5 pipelines. Nodes required: 3 Found: 0, healthy nodes count inNodeManager: 3.
	at org.apache.hadoop.hdds.scm.pipeline.PipelinePlacementPolicy.filterViableNodes(PipelinePlacementPolicy.java:149)
	at org.apache.hadoop.hdds.scm.pipeline.PipelinePlacementPolicy.chooseDatanodes(PipelinePlacementPolicy.java:172)
	at org.apache.hadoop.hdds.scm.pipeline.RatisPipelineProvider.create(RatisPipelineProvider.java:93)
	at org.apache.hadoop.hdds.scm.pipeline.PipelineFactory.create(PipelineFactory.java:58)
	at org.apache.hadoop.hdds.scm.pipeline.SCMPipelineManager.createPipeline(SCMPipelineManager.java:155)
	at org.apache.hadoop.hdds.scm.block.BlockManagerImpl.allocateBlock(BlockManagerImpl.java:190)
	at org.apache.hadoop.hdds.scm.server.SCMBlockProtocolServer.allocateBlock(SCMBlockProtocolServer.java:182)
	at org.apache.hadoop.ozone.protocolPB.ScmBlockLocationProtocolServerSideTranslatorPB.allocateScmBlock(ScmBlockLocationProtocolServerSideTranslatorPB.java:183)
	at org.apache.hadoop.ozone.protocolPB.ScmBlockLocationProtocolServerSideTranslatorPB.processMessage(ScmBlockLocationProtocolServerSideTranslatorPB.java:141)
	at org.apache.hadoop.ozone.protocolPB.ScmBlockLocationProtocolServerSideTranslatorPB.send(ScmBlockLocationProtocolServerSideTranslatorPB.java:116)
	at org.apache.hadoop.hdds.protocol.proto.ScmBlockLocationProtocolProtos$ScmBlockLocationProtocolService$2.callBlockingMethod(ScmBlockLocationProtocolProtos.java:13157)
	at org.apache.hadoop.ipc.ProtobufRpcEngine$Server$ProtoBufRpcInvoker.call(ProtobufRpcEngine.java:524)
	at org.apache.hadoop.ipc.RPC$Server.call(RPC.java:1025)
	at org.apache.hadoop.ipc.Server$RpcCall.run(Server.java:876)
	at org.apache.hadoop.ipc.Server$RpcCall.run(Server.java:822)
	at java.security.AccessController.doPrivileged(Native Method)
	at javax.security.auth.Subject.doAs(Subject.java:422)
	at org.apache.hadoop.security.UserGroupInformation.doAs(UserGroupInformation.java:1730)
	at org.apache.hadoop.ipc.Server$Handler.run(Server.java:2682)
2019-09-25 12:55:43,414 [IPC Server handler 2 on 46390] INFO  block.BlockManagerImpl (BlockManagerImpl.java:allocateBlock(198)) - Could not find available pipeline of type:RATIS and factor:THREE even after retrying
2019-09-25 12:55:43,415 [IPC Server handler 2 on 46390] ERROR block.BlockManagerImpl (BlockManagerImpl.java:allocateBlock(222)) - Unable to allocate a block for the size: 4194304, type: RATIS, factor: THREE
2019-09-25 12:55:43,415 [IPC Server handler 2 on 46390] INFO  pipeline.PipelinePlacementPolicy (PipelinePlacementPolicy.java:meetCriteria(91)) - Pipeline Placement: can't place more pipeline on heavy datanode： 2729792d-b2a4-4e65-a25b-ab0b4d1b27a6 Heaviness: 6 limit: 5
2019-09-25 12:55:43,415 [IPC Server handler 2 on 46390] INFO  pipeline.PipelinePlacementPolicy (PipelinePlacementPolicy.java:meetCriteria(91)) - Pipeline Placement: can't place more pipeline on heavy datanode： 301733ef-76bd-44e0-8b49-af06a9308120 Heaviness: 6 limit: 5
2019-09-25 12:55:43,415 [IPC Server handler 2 on 46390] INFO  pipeline.PipelinePlacementPolicy (PipelinePlacementPolicy.java:meetCriteria(91)) - Pipeline Placement: can't place more pipeline on heavy datanode： 77ddc70b-a4d5-46bc-9bd0-0ef6651d4d69 Heaviness: 6 limit: 5
2019-09-25 12:55:43,416 [IPC Server handler 2 on 46390] ERROR pipeline.PipelinePlacementPolicy (PipelinePlacementPolicy.java:filterViableNodes(148)) - Unable to find enough nodes that meet the criteria that cannot engage in more than 5 pipelines. Nodes required: 3 Found: 0, healthy nodes count inNodeManager: 3.
2019-09-25 12:55:43,416 [IPC Server handler 2 on 46390] ERROR pipeline.SCMPipelineManager (SCMPipelineManager.java:createPipeline(167)) - Pipeline creation failed.
org.apache.hadoop.hdds.scm.exceptions.SCMException: Unable to find enough nodes that meet the criteria that cannot engage in more than 5 pipelines. Nodes required: 3 Found: 0, healthy nodes count inNodeManager: 3.
	at org.apache.hadoop.hdds.scm.pipeline.PipelinePlacementPolicy.filterViableNodes(PipelinePlacementPolicy.java:149)
	at org.apache.hadoop.hdds.scm.pipeline.PipelinePlacementPolicy.chooseDatanodes(PipelinePlacementPolicy.java:172)
	at org.apache.hadoop.hdds.scm.pipeline.RatisPipelineProvider.create(RatisPipelineProvider.java:93)
	at org.apache.hadoop.hdds.scm.pipeline.PipelineFactory.create(PipelineFactory.java:58)
	at org.apache.hadoop.hdds.scm.pipeline.SCMPipelineManager.createPipeline(SCMPipelineManager.java:155)
	at org.apache.hadoop.hdds.scm.block.BlockManagerImpl.allocateBlock(BlockManagerImpl.java:190)
	at org.apache.hadoop.hdds.scm.server.SCMBlockProtocolServer.allocateBlock(SCMBlockProtocolServer.java:182)
	at org.apache.hadoop.ozone.protocolPB.ScmBlockLocationProtocolServerSideTranslatorPB.allocateScmBlock(ScmBlockLocationProtocolServerSideTranslatorPB.java:183)
	at org.apache.hadoop.ozone.protocolPB.ScmBlockLocationProtocolServerSideTranslatorPB.processMessage(ScmBlockLocationProtocolServerSideTranslatorPB.java:141)
	at org.apache.hadoop.ozone.protocolPB.ScmBlockLocationProtocolServerSideTranslatorPB.send(ScmBlockLocationProtocolServerSideTranslatorPB.java:116)
	at org.apache.hadoop.hdds.protocol.proto.ScmBlockLocationProtocolProtos$ScmBlockLocationProtocolService$2.callBlockingMethod(ScmBlockLocationProtocolProtos.java:13157)
	at org.apache.hadoop.ipc.ProtobufRpcEngine$Server$ProtoBufRpcInvoker.call(ProtobufRpcEngine.java:524)
	at org.apache.hadoop.ipc.RPC$Server.call(RPC.java:1025)
	at org.apache.hadoop.ipc.Server$RpcCall.run(Server.java:876)
	at org.apache.hadoop.ipc.Server$RpcCall.run(Server.java:822)
	at java.security.AccessController.doPrivileged(Native Method)
	at javax.security.auth.Subject.doAs(Subject.java:422)
	at org.apache.hadoop.security.UserGroupInformation.doAs(UserGroupInformation.java:1730)
	at org.apache.hadoop.ipc.Server$Handler.run(Server.java:2682)
2019-09-25 12:55:43,416 [IPC Server handler 2 on 46390] WARN  block.BlockManagerImpl (BlockManagerImpl.java:allocateBlock(192)) - Pipeline creation failed for type:RATIS factor:THREE. Retrying get pipelines call once.
org.apache.hadoop.hdds.scm.exceptions.SCMException: Unable to find enough nodes that meet the criteria that cannot engage in more than 5 pipelines. Nodes required: 3 Found: 0, healthy nodes count inNodeManager: 3.
	at org.apache.hadoop.hdds.scm.pipeline.PipelinePlacementPolicy.filterViableNodes(PipelinePlacementPolicy.java:149)
	at org.apache.hadoop.hdds.scm.pipeline.PipelinePlacementPolicy.chooseDatanodes(PipelinePlacementPolicy.java:172)
	at org.apache.hadoop.hdds.scm.pipeline.RatisPipelineProvider.create(RatisPipelineProvider.java:93)
	at org.apache.hadoop.hdds.scm.pipeline.PipelineFactory.create(PipelineFactory.java:58)
	at org.apache.hadoop.hdds.scm.pipeline.SCMPipelineManager.createPipeline(SCMPipelineManager.java:155)
	at org.apache.hadoop.hdds.scm.block.BlockManagerImpl.allocateBlock(BlockManagerImpl.java:190)
	at org.apache.hadoop.hdds.scm.server.SCMBlockProtocolServer.allocateBlock(SCMBlockProtocolServer.java:182)
	at org.apache.hadoop.ozone.protocolPB.ScmBlockLocationProtocolServerSideTranslatorPB.allocateScmBlock(ScmBlockLocationProtocolServerSideTranslatorPB.java:183)
	at org.apache.hadoop.ozone.protocolPB.ScmBlockLocationProtocolServerSideTranslatorPB.processMessage(ScmBlockLocationProtocolServerSideTranslatorPB.java:141)
	at org.apache.hadoop.ozone.protocolPB.ScmBlockLocationProtocolServerSideTranslatorPB.send(ScmBlockLocationProtocolServerSideTranslatorPB.java:116)
	at org.apache.hadoop.hdds.protocol.proto.ScmBlockLocationProtocolProtos$ScmBlockLocationProtocolService$2.callBlockingMethod(ScmBlockLocationProtocolProtos.java:13157)
	at org.apache.hadoop.ipc.ProtobufRpcEngine$Server$ProtoBufRpcInvoker.call(ProtobufRpcEngine.java:524)
	at org.apache.hadoop.ipc.RPC$Server.call(RPC.java:1025)
	at org.apache.hadoop.ipc.Server$RpcCall.run(Server.java:876)
	at org.apache.hadoop.ipc.Server$RpcCall.run(Server.java:822)
	at java.security.AccessController.doPrivileged(Native Method)
	at javax.security.auth.Subject.doAs(Subject.java:422)
	at org.apache.hadoop.security.UserGroupInformation.doAs(UserGroupInformation.java:1730)
	at org.apache.hadoop.ipc.Server$Handler.run(Server.java:2682)
2019-09-25 12:55:43,417 [IPC Server handler 2 on 46390] INFO  block.BlockManagerImpl (BlockManagerImpl.java:allocateBlock(198)) - Could not find available pipeline of type:RATIS and factor:THREE even after retrying
2019-09-25 12:55:43,417 [IPC Server handler 2 on 46390] ERROR block.BlockManagerImpl (BlockManagerImpl.java:allocateBlock(222)) - Unable to allocate a block for the size: 4194304, type: RATIS, factor: THREE
2019-09-25 12:55:43,417 [IPC Server handler 2 on 46390] INFO  pipeline.PipelinePlacementPolicy (PipelinePlacementPolicy.java:meetCriteria(91)) - Pipeline Placement: can't place more pipeline on heavy datanode： 2729792d-b2a4-4e65-a25b-ab0b4d1b27a6 Heaviness: 6 limit: 5
2019-09-25 12:55:43,418 [IPC Server handler 2 on 46390] INFO  pipeline.PipelinePlacementPolicy (PipelinePlacementPolicy.java:meetCriteria(91)) - Pipeline Placement: can't place more pipeline on heavy datanode： 301733ef-76bd-44e0-8b49-af06a9308120 Heaviness: 6 limit: 5
2019-09-25 12:55:43,418 [IPC Server handler 2 on 46390] INFO  pipeline.PipelinePlacementPolicy (PipelinePlacementPolicy.java:meetCriteria(91)) - Pipeline Placement: can't place more pipeline on heavy datanode： 77ddc70b-a4d5-46bc-9bd0-0ef6651d4d69 Heaviness: 6 limit: 5
2019-09-25 12:55:43,418 [IPC Server handler 2 on 46390] ERROR pipeline.PipelinePlacementPolicy (PipelinePlacementPolicy.java:filterViableNodes(148)) - Unable to find enough nodes that meet the criteria that cannot engage in more than 5 pipelines. Nodes required: 3 Found: 0, healthy nodes count inNodeManager: 3.
2019-09-25 12:55:43,418 [IPC Server handler 2 on 46390] ERROR pipeline.SCMPipelineManager (SCMPipelineManager.java:createPipeline(167)) - Pipeline creation failed.
org.apache.hadoop.hdds.scm.exceptions.SCMException: Unable to find enough nodes that meet the criteria that cannot engage in more than 5 pipelines. Nodes required: 3 Found: 0, healthy nodes count inNodeManager: 3.
	at org.apache.hadoop.hdds.scm.pipeline.PipelinePlacementPolicy.filterViableNodes(PipelinePlacementPolicy.java:149)
	at org.apache.hadoop.hdds.scm.pipeline.PipelinePlacementPolicy.chooseDatanodes(PipelinePlacementPolicy.java:172)
	at org.apache.hadoop.hdds.scm.pipeline.RatisPipelineProvider.create(RatisPipelineProvider.java:93)
	at org.apache.hadoop.hdds.scm.pipeline.PipelineFactory.create(PipelineFactory.java:58)
	at org.apache.hadoop.hdds.scm.pipeline.SCMPipelineManager.createPipeline(SCMPipelineManager.java:155)
	at org.apache.hadoop.hdds.scm.block.BlockManagerImpl.allocateBlock(BlockManagerImpl.java:190)
	at org.apache.hadoop.hdds.scm.server.SCMBlockProtocolServer.allocateBlock(SCMBlockProtocolServer.java:182)
	at org.apache.hadoop.ozone.protocolPB.ScmBlockLocationProtocolServerSideTranslatorPB.allocateScmBlock(ScmBlockLocationProtocolServerSideTranslatorPB.java:183)
	at org.apache.hadoop.ozone.protocolPB.ScmBlockLocationProtocolServerSideTranslatorPB.processMessage(ScmBlockLocationProtocolServerSideTranslatorPB.java:141)
	at org.apache.hadoop.ozone.protocolPB.ScmBlockLocationProtocolServerSideTranslatorPB.send(ScmBlockLocationProtocolServerSideTranslatorPB.java:116)
	at org.apache.hadoop.hdds.protocol.proto.ScmBlockLocationProtocolProtos$ScmBlockLocationProtocolService$2.callBlockingMethod(ScmBlockLocationProtocolProtos.java:13157)
	at org.apache.hadoop.ipc.ProtobufRpcEngine$Server$ProtoBufRpcInvoker.call(ProtobufRpcEngine.java:524)
	at org.apache.hadoop.ipc.RPC$Server.call(RPC.java:1025)
	at org.apache.hadoop.ipc.Server$RpcCall.run(Server.java:876)
	at org.apache.hadoop.ipc.Server$RpcCall.run(Server.java:822)
	at java.security.AccessController.doPrivileged(Native Method)
	at javax.security.auth.Subject.doAs(Subject.java:422)
	at org.apache.hadoop.security.UserGroupInformation.doAs(UserGroupInformation.java:1730)
	at org.apache.hadoop.ipc.Server$Handler.run(Server.java:2682)
2019-09-25 12:55:43,419 [IPC Server handler 2 on 46390] WARN  block.BlockManagerImpl (BlockManagerImpl.java:allocateBlock(192)) - Pipeline creation failed for type:RATIS factor:THREE. Retrying get pipelines call once.
org.apache.hadoop.hdds.scm.exceptions.SCMException: Unable to find enough nodes that meet the criteria that cannot engage in more than 5 pipelines. Nodes required: 3 Found: 0, healthy nodes count inNodeManager: 3.
	at org.apache.hadoop.hdds.scm.pipeline.PipelinePlacementPolicy.filterViableNodes(PipelinePlacementPolicy.java:149)
	at org.apache.hadoop.hdds.scm.pipeline.PipelinePlacementPolicy.chooseDatanodes(PipelinePlacementPolicy.java:172)
	at org.apache.hadoop.hdds.scm.pipeline.RatisPipelineProvider.create(RatisPipelineProvider.java:93)
	at org.apache.hadoop.hdds.scm.pipeline.PipelineFactory.create(PipelineFactory.java:58)
	at org.apache.hadoop.hdds.scm.pipeline.SCMPipelineManager.createPipeline(SCMPipelineManager.java:155)
	at org.apache.hadoop.hdds.scm.block.BlockManagerImpl.allocateBlock(BlockManagerImpl.java:190)
	at org.apache.hadoop.hdds.scm.server.SCMBlockProtocolServer.allocateBlock(SCMBlockProtocolServer.java:182)
	at org.apache.hadoop.ozone.protocolPB.ScmBlockLocationProtocolServerSideTranslatorPB.allocateScmBlock(ScmBlockLocationProtocolServerSideTranslatorPB.java:183)
	at org.apache.hadoop.ozone.protocolPB.ScmBlockLocationProtocolServerSideTranslatorPB.processMessage(ScmBlockLocationProtocolServerSideTranslatorPB.java:141)
	at org.apache.hadoop.ozone.protocolPB.ScmBlockLocationProtocolServerSideTranslatorPB.send(ScmBlockLocationProtocolServerSideTranslatorPB.java:116)
	at org.apache.hadoop.hdds.protocol.proto.ScmBlockLocationProtocolProtos$ScmBlockLocationProtocolService$2.callBlockingMethod(ScmBlockLocationProtocolProtos.java:13157)
	at org.apache.hadoop.ipc.ProtobufRpcEngine$Server$ProtoBufRpcInvoker.call(ProtobufRpcEngine.java:524)
	at org.apache.hadoop.ipc.RPC$Server.call(RPC.java:1025)
	at org.apache.hadoop.ipc.Server$RpcCall.run(Server.java:876)
	at org.apache.hadoop.ipc.Server$RpcCall.run(Server.java:822)
	at java.security.AccessController.doPrivileged(Native Method)
	at javax.security.auth.Subject.doAs(Subject.java:422)
	at org.apache.hadoop.security.UserGroupInformation.doAs(UserGroupInformation.java:1730)
	at org.apache.hadoop.ipc.Server$Handler.run(Server.java:2682)
2019-09-25 12:55:43,419 [IPC Server handler 2 on 46390] INFO  block.BlockManagerImpl (BlockManagerImpl.java:allocateBlock(198)) - Could not find available pipeline of type:RATIS and factor:THREE even after retrying
2019-09-25 12:55:43,420 [IPC Server handler 2 on 46390] ERROR block.BlockManagerImpl (BlockManagerImpl.java:allocateBlock(222)) - Unable to allocate a block for the size: 4194304, type: RATIS, factor: THREE
2019-09-25 12:55:43,420 [IPC Server handler 2 on 46390] INFO  pipeline.PipelinePlacementPolicy (PipelinePlacementPolicy.java:meetCriteria(91)) - Pipeline Placement: can't place more pipeline on heavy datanode： 2729792d-b2a4-4e65-a25b-ab0b4d1b27a6 Heaviness: 6 limit: 5
2019-09-25 12:55:43,420 [IPC Server handler 2 on 46390] INFO  pipeline.PipelinePlacementPolicy (PipelinePlacementPolicy.java:meetCriteria(91)) - Pipeline Placement: can't place more pipeline on heavy datanode： 301733ef-76bd-44e0-8b49-af06a9308120 Heaviness: 6 limit: 5
2019-09-25 12:55:43,420 [IPC Server handler 2 on 46390] INFO  pipeline.PipelinePlacementPolicy (PipelinePlacementPolicy.java:meetCriteria(91)) - Pipeline Placement: can't place more pipeline on heavy datanode： 77ddc70b-a4d5-46bc-9bd0-0ef6651d4d69 Heaviness: 6 limit: 5
2019-09-25 12:55:43,420 [IPC Server handler 2 on 46390] ERROR pipeline.PipelinePlacementPolicy (PipelinePlacementPolicy.java:filterViableNodes(148)) - Unable to find enough nodes that meet the criteria that cannot engage in more than 5 pipelines. Nodes required: 3 Found: 0, healthy nodes count inNodeManager: 3.
2019-09-25 12:55:43,421 [IPC Server handler 2 on 46390] ERROR pipeline.SCMPipelineManager (SCMPipelineManager.java:createPipeline(167)) - Pipeline creation failed.
org.apache.hadoop.hdds.scm.exceptions.SCMException: Unable to find enough nodes that meet the criteria that cannot engage in more than 5 pipelines. Nodes required: 3 Found: 0, healthy nodes count inNodeManager: 3.
	at org.apache.hadoop.hdds.scm.pipeline.PipelinePlacementPolicy.filterViableNodes(PipelinePlacementPolicy.java:149)
	at org.apache.hadoop.hdds.scm.pipeline.PipelinePlacementPolicy.chooseDatanodes(PipelinePlacementPolicy.java:172)
	at org.apache.hadoop.hdds.scm.pipeline.RatisPipelineProvider.create(RatisPipelineProvider.java:93)
	at org.apache.hadoop.hdds.scm.pipeline.PipelineFactory.create(PipelineFactory.java:58)
	at org.apache.hadoop.hdds.scm.pipeline.SCMPipelineManager.createPipeline(SCMPipelineManager.java:155)
	at org.apache.hadoop.hdds.scm.block.BlockManagerImpl.allocateBlock(BlockManagerImpl.java:190)
	at org.apache.hadoop.hdds.scm.server.SCMBlockProtocolServer.allocateBlock(SCMBlockProtocolServer.java:182)
	at org.apache.hadoop.ozone.protocolPB.ScmBlockLocationProtocolServerSideTranslatorPB.allocateScmBlock(ScmBlockLocationProtocolServerSideTranslatorPB.java:183)
	at org.apache.hadoop.ozone.protocolPB.ScmBlockLocationProtocolServerSideTranslatorPB.processMessage(ScmBlockLocationProtocolServerSideTranslatorPB.java:141)
	at org.apache.hadoop.ozone.protocolPB.ScmBlockLocationProtocolServerSideTranslatorPB.send(ScmBlockLocationProtocolServerSideTranslatorPB.java:116)
	at org.apache.hadoop.hdds.protocol.proto.ScmBlockLocationProtocolProtos$ScmBlockLocationProtocolService$2.callBlockingMethod(ScmBlockLocationProtocolProtos.java:13157)
	at org.apache.hadoop.ipc.ProtobufRpcEngine$Server$ProtoBufRpcInvoker.call(ProtobufRpcEngine.java:524)
	at org.apache.hadoop.ipc.RPC$Server.call(RPC.java:1025)
	at org.apache.hadoop.ipc.Server$RpcCall.run(Server.java:876)
	at org.apache.hadoop.ipc.Server$RpcCall.run(Server.java:822)
	at java.security.AccessController.doPrivileged(Native Method)
	at javax.security.auth.Subject.doAs(Subject.java:422)
	at org.apache.hadoop.security.UserGroupInformation.doAs(UserGroupInformation.java:1730)
	at org.apache.hadoop.ipc.Server$Handler.run(Server.java:2682)
2019-09-25 12:55:43,421 [IPC Server handler 2 on 46390] WARN  block.BlockManagerImpl (BlockManagerImpl.java:allocateBlock(192)) - Pipeline creation failed for type:RATIS factor:THREE. Retrying get pipelines call once.
org.apache.hadoop.hdds.scm.exceptions.SCMException: Unable to find enough nodes that meet the criteria that cannot engage in more than 5 pipelines. Nodes required: 3 Found: 0, healthy nodes count inNodeManager: 3.
	at org.apache.hadoop.hdds.scm.pipeline.PipelinePlacementPolicy.filterViableNodes(PipelinePlacementPolicy.java:149)
	at org.apache.hadoop.hdds.scm.pipeline.PipelinePlacementPolicy.chooseDatanodes(PipelinePlacementPolicy.java:172)
	at org.apache.hadoop.hdds.scm.pipeline.RatisPipelineProvider.create(RatisPipelineProvider.java:93)
	at org.apache.hadoop.hdds.scm.pipeline.PipelineFactory.create(PipelineFactory.java:58)
	at org.apache.hadoop.hdds.scm.pipeline.SCMPipelineManager.createPipeline(SCMPipelineManager.java:155)
	at org.apache.hadoop.hdds.scm.block.BlockManagerImpl.allocateBlock(BlockManagerImpl.java:190)
	at org.apache.hadoop.hdds.scm.server.SCMBlockProtocolServer.allocateBlock(SCMBlockProtocolServer.java:182)
	at org.apache.hadoop.ozone.protocolPB.ScmBlockLocationProtocolServerSideTranslatorPB.allocateScmBlock(ScmBlockLocationProtocolServerSideTranslatorPB.java:183)
	at org.apache.hadoop.ozone.protocolPB.ScmBlockLocationProtocolServerSideTranslatorPB.processMessage(ScmBlockLocationProtocolServerSideTranslatorPB.java:141)
	at org.apache.hadoop.ozone.protocolPB.ScmBlockLocationProtocolServerSideTranslatorPB.send(ScmBlockLocationProtocolServerSideTranslatorPB.java:116)
	at org.apache.hadoop.hdds.protocol.proto.ScmBlockLocationProtocolProtos$ScmBlockLocationProtocolService$2.callBlockingMethod(ScmBlockLocationProtocolProtos.java:13157)
	at org.apache.hadoop.ipc.ProtobufRpcEngine$Server$ProtoBufRpcInvoker.call(ProtobufRpcEngine.java:524)
	at org.apache.hadoop.ipc.RPC$Server.call(RPC.java:1025)
	at org.apache.hadoop.ipc.Server$RpcCall.run(Server.java:876)
	at org.apache.hadoop.ipc.Server$RpcCall.run(Server.java:822)
	at java.security.AccessController.doPrivileged(Native Method)
	at javax.security.auth.Subject.doAs(Subject.java:422)
	at org.apache.hadoop.security.UserGroupInformation.doAs(UserGroupInformation.java:1730)
	at org.apache.hadoop.ipc.Server$Handler.run(Server.java:2682)
2019-09-25 12:55:43,422 [IPC Server handler 2 on 46390] INFO  block.BlockManagerImpl (BlockManagerImpl.java:allocateBlock(198)) - Could not find available pipeline of type:RATIS and factor:THREE even after retrying
2019-09-25 12:55:43,422 [IPC Server handler 2 on 46390] ERROR block.BlockManagerImpl (BlockManagerImpl.java:allocateBlock(222)) - Unable to allocate a block for the size: 4194304, type: RATIS, factor: THREE
2019-09-25 12:55:43,422 [IPC Server handler 2 on 46390] INFO  pipeline.PipelinePlacementPolicy (PipelinePlacementPolicy.java:meetCriteria(91)) - Pipeline Placement: can't place more pipeline on heavy datanode： 2729792d-b2a4-4e65-a25b-ab0b4d1b27a6 Heaviness: 6 limit: 5
2019-09-25 12:55:43,422 [IPC Server handler 2 on 46390] INFO  pipeline.PipelinePlacementPolicy (PipelinePlacementPolicy.java:meetCriteria(91)) - Pipeline Placement: can't place more pipeline on heavy datanode： 301733ef-76bd-44e0-8b49-af06a9308120 Heaviness: 6 limit: 5
2019-09-25 12:55:43,423 [IPC Server handler 2 on 46390] INFO  pipeline.PipelinePlacementPolicy (PipelinePlacementPolicy.java:meetCriteria(91)) - Pipeline Placement: can't place more pipeline on heavy datanode： 77ddc70b-a4d5-46bc-9bd0-0ef6651d4d69 Heaviness: 6 limit: 5
2019-09-25 12:55:43,423 [IPC Server handler 2 on 46390] ERROR pipeline.PipelinePlacementPolicy (PipelinePlacementPolicy.java:filterViableNodes(148)) - Unable to find enough nodes that meet the criteria that cannot engage in more than 5 pipelines. Nodes required: 3 Found: 0, healthy nodes count inNodeManager: 3.
2019-09-25 12:55:43,423 [IPC Server handler 2 on 46390] ERROR pipeline.SCMPipelineManager (SCMPipelineManager.java:createPipeline(167)) - Pipeline creation failed.
org.apache.hadoop.hdds.scm.exceptions.SCMException: Unable to find enough nodes that meet the criteria that cannot engage in more than 5 pipelines. Nodes required: 3 Found: 0, healthy nodes count inNodeManager: 3.
	at org.apache.hadoop.hdds.scm.pipeline.PipelinePlacementPolicy.filterViableNodes(PipelinePlacementPolicy.java:149)
	at org.apache.hadoop.hdds.scm.pipeline.PipelinePlacementPolicy.chooseDatanodes(PipelinePlacementPolicy.java:172)
	at org.apache.hadoop.hdds.scm.pipeline.RatisPipelineProvider.create(RatisPipelineProvider.java:93)
	at org.apache.hadoop.hdds.scm.pipeline.PipelineFactory.create(PipelineFactory.java:58)
	at org.apache.hadoop.hdds.scm.pipeline.SCMPipelineManager.createPipeline(SCMPipelineManager.java:155)
	at org.apache.hadoop.hdds.scm.block.BlockManagerImpl.allocateBlock(BlockManagerImpl.java:190)
	at org.apache.hadoop.hdds.scm.server.SCMBlockProtocolServer.allocateBlock(SCMBlockProtocolServer.java:182)
	at org.apache.hadoop.ozone.protocolPB.ScmBlockLocationProtocolServerSideTranslatorPB.allocateScmBlock(ScmBlockLocationProtocolServerSideTranslatorPB.java:183)
	at org.apache.hadoop.ozone.protocolPB.ScmBlockLocationProtocolServerSideTranslatorPB.processMessage(ScmBlockLocationProtocolServerSideTranslatorPB.java:141)
	at org.apache.hadoop.ozone.protocolPB.ScmBlockLocationProtocolServerSideTranslatorPB.send(ScmBlockLocationProtocolServerSideTranslatorPB.java:116)
	at org.apache.hadoop.hdds.protocol.proto.ScmBlockLocationProtocolProtos$ScmBlockLocationProtocolService$2.callBlockingMethod(ScmBlockLocationProtocolProtos.java:13157)
	at org.apache.hadoop.ipc.ProtobufRpcEngine$Server$ProtoBufRpcInvoker.call(ProtobufRpcEngine.java:524)
	at org.apache.hadoop.ipc.RPC$Server.call(RPC.java:1025)
	at org.apache.hadoop.ipc.Server$RpcCall.run(Server.java:876)
	at org.apache.hadoop.ipc.Server$RpcCall.run(Server.java:822)
	at java.security.AccessController.doPrivileged(Native Method)
	at javax.security.auth.Subject.doAs(Subject.java:422)
	at org.apache.hadoop.security.UserGroupInformation.doAs(UserGroupInformation.java:1730)
	at org.apache.hadoop.ipc.Server$Handler.run(Server.java:2682)
2019-09-25 12:55:43,424 [IPC Server handler 2 on 46390] WARN  block.BlockManagerImpl (BlockManagerImpl.java:allocateBlock(192)) - Pipeline creation failed for type:RATIS factor:THREE. Retrying get pipelines call once.
org.apache.hadoop.hdds.scm.exceptions.SCMException: Unable to find enough nodes that meet the criteria that cannot engage in more than 5 pipelines. Nodes required: 3 Found: 0, healthy nodes count inNodeManager: 3.
	at org.apache.hadoop.hdds.scm.pipeline.PipelinePlacementPolicy.filterViableNodes(PipelinePlacementPolicy.java:149)
	at org.apache.hadoop.hdds.scm.pipeline.PipelinePlacementPolicy.chooseDatanodes(PipelinePlacementPolicy.java:172)
	at org.apache.hadoop.hdds.scm.pipeline.RatisPipelineProvider.create(RatisPipelineProvider.java:93)
	at org.apache.hadoop.hdds.scm.pipeline.PipelineFactory.create(PipelineFactory.java:58)
	at org.apache.hadoop.hdds.scm.pipeline.SCMPipelineManager.createPipeline(SCMPipelineManager.java:155)
	at org.apache.hadoop.hdds.scm.block.BlockManagerImpl.allocateBlock(BlockManagerImpl.java:190)
	at org.apache.hadoop.hdds.scm.server.SCMBlockProtocolServer.allocateBlock(SCMBlockProtocolServer.java:182)
	at org.apache.hadoop.ozone.protocolPB.ScmBlockLocationProtocolServerSideTranslatorPB.allocateScmBlock(ScmBlockLocationProtocolServerSideTranslatorPB.java:183)
	at org.apache.hadoop.ozone.protocolPB.ScmBlockLocationProtocolServerSideTranslatorPB.processMessage(ScmBlockLocationProtocolServerSideTranslatorPB.java:141)
	at org.apache.hadoop.ozone.protocolPB.ScmBlockLocationProtocolServerSideTranslatorPB.send(ScmBlockLocationProtocolServerSideTranslatorPB.java:116)
	at org.apache.hadoop.hdds.protocol.proto.ScmBlockLocationProtocolProtos$ScmBlockLocationProtocolService$2.callBlockingMethod(ScmBlockLocationProtocolProtos.java:13157)
	at org.apache.hadoop.ipc.ProtobufRpcEngine$Server$ProtoBufRpcInvoker.call(ProtobufRpcEngine.java:524)
	at org.apache.hadoop.ipc.RPC$Server.call(RPC.java:1025)
	at org.apache.hadoop.ipc.Server$RpcCall.run(Server.java:876)
	at org.apache.hadoop.ipc.Server$RpcCall.run(Server.java:822)
	at java.security.AccessController.doPrivileged(Native Method)
	at javax.security.auth.Subject.doAs(Subject.java:422)
	at org.apache.hadoop.security.UserGroupInformation.doAs(UserGroupInformation.java:1730)
	at org.apache.hadoop.ipc.Server$Handler.run(Server.java:2682)
2019-09-25 12:55:43,424 [IPC Server handler 2 on 46390] INFO  block.BlockManagerImpl (BlockManagerImpl.java:allocateBlock(198)) - Could not find available pipeline of type:RATIS and factor:THREE even after retrying
2019-09-25 12:55:43,424 [IPC Server handler 2 on 46390] ERROR block.BlockManagerImpl (BlockManagerImpl.java:allocateBlock(222)) - Unable to allocate a block for the size: 4194304, type: RATIS, factor: THREE
2019-09-25 12:55:43,814 [pool-53-thread-3] ERROR freon.RandomKeyGenerator (RandomKeyGenerator.java:createKey(733)) - Exception while adding key: key-0-78388 in bucket: bucket-0-70520 of volume: vol-0-92741.
INTERNAL_ERROR org.apache.hadoop.ozone.om.exceptions.OMException: Allocated 0 blocks. Requested 5 blocks
	at org.apache.hadoop.ozone.om.protocolPB.OzoneManagerProtocolClientSideTranslatorPB.handleError(OzoneManagerProtocolClientSideTranslatorPB.java:732)
	at org.apache.hadoop.ozone.om.protocolPB.OzoneManagerProtocolClientSideTranslatorPB.openKey(OzoneManagerProtocolClientSideTranslatorPB.java:723)
	at sun.reflect.NativeMethodAccessorImpl.invoke0(Native Method)
	at sun.reflect.NativeMethodAccessorImpl.invoke(NativeMethodAccessorImpl.java:62)
	at sun.reflect.DelegatingMethodAccessorImpl.invoke(DelegatingMethodAccessorImpl.java:43)
	at java.lang.reflect.Method.invoke(Method.java:498)
	at org.apache.hadoop.hdds.tracing.TraceAllMethod.invoke(TraceAllMethod.java:66)
	at com.sun.proxy.$Proxy37.openKey(Unknown Source)
	at org.apache.hadoop.ozone.client.rpc.RpcClient.createKey(RpcClient.java:614)
	at org.apache.hadoop.ozone.client.OzoneBucket.createKey(OzoneBucket.java:325)
	at org.apache.hadoop.ozone.freon.RandomKeyGenerator.createKey(RandomKeyGenerator.java:695)
	at org.apache.hadoop.ozone.freon.RandomKeyGenerator.access$1100(RandomKeyGenerator.java:88)
	at org.apache.hadoop.ozone.freon.RandomKeyGenerator$ObjectCreator.run(RandomKeyGenerator.java:615)
	at java.util.concurrent.Executors$RunnableAdapter.call(Executors.java:511)
	at java.util.concurrent.FutureTask.run(FutureTask.java:266)
	at java.util.concurrent.ThreadPoolExecutor.runWorker(ThreadPoolExecutor.java:1149)
	at java.util.concurrent.ThreadPoolExecutor$Worker.run(ThreadPoolExecutor.java:624)
	at java.lang.Thread.run(Thread.java:748)
 0.00% |█                                                                                                    |  0/1 Time: 0:00:012019-09-25 12:55:44,419 [Thread-178] INFO  container.ReplicationManager (ReplicationManager.java:start(163)) - Starting Replication Monitor Thread.
2019-09-25 12:55:44,421 [ReplicationMonitor] INFO  container.ReplicationManager (ReplicationManager.java:run(226)) - Replication Monitor Thread took 0 milliseconds for processing 0 containers.
 0.00% |█                                                                                                    |  0/1 Time: 0:00:02 0.00% |█                                                                                                    |  0/1 Time: 0:00:03 0.00% |█                                                                                                    |  0/1 Time: 0:00:042019-09-25 12:55:47,202 [Thread-180] INFO  impl.FollowerState (FollowerState.java:run(106)) - 301733ef-76bd-44e0-8b49-af06a9308120:group-CEC67B64904F changes to CANDIDATE, lastRpcTime:5177, electionTimeout:5177ms
2019-09-25 12:55:47,205 [Thread-180] INFO  impl.RoleInfo (RoleInfo.java:shutdownFollowerState(121)) - 301733ef-76bd-44e0-8b49-af06a9308120: shutdown FollowerState
2019-09-25 12:55:47,206 [Thread-180] INFO  impl.RaftServerImpl (RaftServerImpl.java:setRole(174)) - 301733ef-76bd-44e0-8b49-af06a9308120@group-CEC67B64904F: changes role from  FOLLOWER to CANDIDATE at term 0 for changeToCandidate
2019-09-25 12:55:47,213 [Thread-180] INFO  impl.RoleInfo (RoleInfo.java:updateAndGet(143)) - 301733ef-76bd-44e0-8b49-af06a9308120: start LeaderElection
2019-09-25 12:55:47,223 [Thread-183] INFO  impl.FollowerState (FollowerState.java:run(106)) - 2729792d-b2a4-4e65-a25b-ab0b4d1b27a6:group-D4FA4AF59AAA changes to CANDIDATE, lastRpcTime:5027, electionTimeout:5026ms
2019-09-25 12:55:47,224 [Thread-183] INFO  impl.RoleInfo (RoleInfo.java:shutdownFollowerState(121)) - 2729792d-b2a4-4e65-a25b-ab0b4d1b27a6: shutdown FollowerState
2019-09-25 12:55:47,224 [Thread-183] INFO  impl.RaftServerImpl (RaftServerImpl.java:setRole(174)) - 2729792d-b2a4-4e65-a25b-ab0b4d1b27a6@group-D4FA4AF59AAA: changes role from  FOLLOWER to CANDIDATE at term 0 for changeToCandidate
2019-09-25 12:55:47,224 [Thread-183] INFO  impl.RoleInfo (RoleInfo.java:updateAndGet(143)) - 2729792d-b2a4-4e65-a25b-ab0b4d1b27a6: start LeaderElection
2019-09-25 12:55:47,240 [301733ef-76bd-44e0-8b49-af06a9308120@group-CEC67B64904F:LeaderElection1] INFO  impl.LeaderElection (LeaderElection.java:askForVotes(182)) - 301733ef-76bd-44e0-8b49-af06a9308120@group-CEC67B64904F:LeaderElection1: begin an election at term 1 for -1: [301733ef-76bd-44e0-8b49-af06a9308120:192.168.151.73:46165], old=null
2019-09-25 12:55:47,242 [301733ef-76bd-44e0-8b49-af06a9308120@group-CEC67B64904F:LeaderElection1] INFO  impl.RoleInfo (RoleInfo.java:shutdownLeaderElection(134)) - 301733ef-76bd-44e0-8b49-af06a9308120: shutdown LeaderElection
2019-09-25 12:55:47,242 [301733ef-76bd-44e0-8b49-af06a9308120@group-CEC67B64904F:LeaderElection1] INFO  impl.RaftServerImpl (RaftServerImpl.java:setRole(174)) - 301733ef-76bd-44e0-8b49-af06a9308120@group-CEC67B64904F: changes role from CANDIDATE to LEADER at term 1 for changeToLeader
2019-09-25 12:55:47,242 [301733ef-76bd-44e0-8b49-af06a9308120@group-CEC67B64904F:LeaderElection1] INFO  impl.RaftServerImpl (ServerState.java:setLeader(253)) - 301733ef-76bd-44e0-8b49-af06a9308120@group-CEC67B64904F: change Leader from null to 301733ef-76bd-44e0-8b49-af06a9308120 at term 1 for becomeLeader, leader elected after 5324ms
2019-09-25 12:55:47,248 [301733ef-76bd-44e0-8b49-af06a9308120@group-CEC67B64904F:LeaderElection1] INFO  server.RaftServerConfigKeys (ConfUtils.java:logGet(43)) - raft.server.staging.catchup.gap = 1000 (default)
2019-09-25 12:55:47,249 [301733ef-76bd-44e0-8b49-af06a9308120@group-CEC67B64904F:LeaderElection1] INFO  server.RaftServerConfigKeys (ConfUtils.java:logGet(43)) - raft.server.rpc.sleep.time = 25ms (default)
2019-09-25 12:55:47,251 [301733ef-76bd-44e0-8b49-af06a9308120@group-CEC67B64904F:LeaderElection1] INFO  server.RaftServerConfigKeys (ConfUtils.java:logGet(43)) - raft.server.write.element-limit = 4096 (default)
2019-09-25 12:55:47,253 [2729792d-b2a4-4e65-a25b-ab0b4d1b27a6@group-D4FA4AF59AAA:LeaderElection2] INFO  impl.LeaderElection (LeaderElection.java:askForVotes(182)) - 2729792d-b2a4-4e65-a25b-ab0b4d1b27a6@group-D4FA4AF59AAA:LeaderElection2: begin an election at term 1 for -1: [2729792d-b2a4-4e65-a25b-ab0b4d1b27a6:192.168.151.73:44022], old=null
2019-09-25 12:55:47,257 [2729792d-b2a4-4e65-a25b-ab0b4d1b27a6@group-D4FA4AF59AAA:LeaderElection2] INFO  impl.RoleInfo (RoleInfo.java:shutdownLeaderElection(134)) - 2729792d-b2a4-4e65-a25b-ab0b4d1b27a6: shutdown LeaderElection
2019-09-25 12:55:47,257 [2729792d-b2a4-4e65-a25b-ab0b4d1b27a6@group-D4FA4AF59AAA:LeaderElection2] INFO  impl.RaftServerImpl (RaftServerImpl.java:setRole(174)) - 2729792d-b2a4-4e65-a25b-ab0b4d1b27a6@group-D4FA4AF59AAA: changes role from CANDIDATE to LEADER at term 1 for changeToLeader
2019-09-25 12:55:47,257 [2729792d-b2a4-4e65-a25b-ab0b4d1b27a6@group-D4FA4AF59AAA:LeaderElection2] INFO  impl.RaftServerImpl (ServerState.java:setLeader(253)) - 2729792d-b2a4-4e65-a25b-ab0b4d1b27a6@group-D4FA4AF59AAA: change Leader from null to 2729792d-b2a4-4e65-a25b-ab0b4d1b27a6 at term 1 for becomeLeader, leader elected after 5075ms
2019-09-25 12:55:47,257 [2729792d-b2a4-4e65-a25b-ab0b4d1b27a6@group-D4FA4AF59AAA:LeaderElection2] INFO  server.RaftServerConfigKeys (ConfUtils.java:logGet(43)) - raft.server.staging.catchup.gap = 1000 (default)
2019-09-25 12:55:47,257 [2729792d-b2a4-4e65-a25b-ab0b4d1b27a6@group-D4FA4AF59AAA:LeaderElection2] INFO  server.RaftServerConfigKeys (ConfUtils.java:logGet(43)) - raft.server.rpc.sleep.time = 25ms (default)
2019-09-25 12:55:47,257 [301733ef-76bd-44e0-8b49-af06a9308120@group-CEC67B64904F:LeaderElection1] INFO  server.RaftServerConfigKeys (ConfUtils.java:logGet(43)) - raft.server.watch.timeout = 10s (default)
2019-09-25 12:55:47,258 [2729792d-b2a4-4e65-a25b-ab0b4d1b27a6@group-D4FA4AF59AAA:LeaderElection2] INFO  server.RaftServerConfigKeys (ConfUtils.java:logGet(43)) - raft.server.write.element-limit = 4096 (default)
2019-09-25 12:55:47,258 [301733ef-76bd-44e0-8b49-af06a9308120@group-CEC67B64904F:LeaderElection1] INFO  server.RaftServerConfigKeys (ConfUtils.java:logGet(43)) - raft.server.watch.timeout.denomination = 1s (default)
2019-09-25 12:55:47,258 [2729792d-b2a4-4e65-a25b-ab0b4d1b27a6@group-D4FA4AF59AAA:LeaderElection2] INFO  server.RaftServerConfigKeys (ConfUtils.java:logGet(43)) - raft.server.watch.timeout = 10s (default)
2019-09-25 12:55:47,258 [2729792d-b2a4-4e65-a25b-ab0b4d1b27a6@group-D4FA4AF59AAA:LeaderElection2] INFO  server.RaftServerConfigKeys (ConfUtils.java:logGet(43)) - raft.server.watch.timeout.denomination = 1s (default)
2019-09-25 12:55:47,259 [301733ef-76bd-44e0-8b49-af06a9308120@group-CEC67B64904F:LeaderElection1] INFO  server.RaftServerConfigKeys (ConfUtils.java:logGet(43)) - raft.server.watch.element-limit = 65536 (default)
2019-09-25 12:55:47,259 [2729792d-b2a4-4e65-a25b-ab0b4d1b27a6@group-D4FA4AF59AAA:LeaderElection2] INFO  server.RaftServerConfigKeys (ConfUtils.java:logGet(43)) - raft.server.watch.element-limit = 65536 (default)
2019-09-25 12:55:47,276 [301733ef-76bd-44e0-8b49-af06a9308120@group-CEC67B64904F:LeaderElection1] INFO  impl.RoleInfo (RoleInfo.java:updateAndGet(143)) - 301733ef-76bd-44e0-8b49-af06a9308120: start LeaderState
2019-09-25 12:55:47,277 [2729792d-b2a4-4e65-a25b-ab0b4d1b27a6@group-D4FA4AF59AAA:LeaderElection2] INFO  impl.RoleInfo (RoleInfo.java:updateAndGet(143)) - 2729792d-b2a4-4e65-a25b-ab0b4d1b27a6: start LeaderState
2019-09-25 12:55:47,295 [301733ef-76bd-44e0-8b49-af06a9308120@group-CEC67B64904F:LeaderElection1] INFO  segmented.SegmentedRaftLogWorker (SegmentedRaftLogWorker.java:startLogSegment(380)) - 301733ef-76bd-44e0-8b49-af06a9308120@group-CEC67B64904F-SegmentedRaftLogWorker: Starting segment from index:0
2019-09-25 12:55:47,295 [2729792d-b2a4-4e65-a25b-ab0b4d1b27a6@group-D4FA4AF59AAA:LeaderElection2] INFO  segmented.SegmentedRaftLogWorker (SegmentedRaftLogWorker.java:startLogSegment(380)) - 2729792d-b2a4-4e65-a25b-ab0b4d1b27a6@group-D4FA4AF59AAA-SegmentedRaftLogWorker: Starting segment from index:0
2019-09-25 12:55:47,305 [301733ef-76bd-44e0-8b49-af06a9308120@group-CEC67B64904F:LeaderElection1] INFO  impl.RaftServerImpl (ServerState.java:setRaftConf(354)) - 301733ef-76bd-44e0-8b49-af06a9308120@group-CEC67B64904F: set configuration 0: [301733ef-76bd-44e0-8b49-af06a9308120:192.168.151.73:46165], old=null at 0
2019-09-25 12:55:47,305 [2729792d-b2a4-4e65-a25b-ab0b4d1b27a6@group-D4FA4AF59AAA:LeaderElection2] INFO  impl.RaftServerImpl (ServerState.java:setRaftConf(354)) - 2729792d-b2a4-4e65-a25b-ab0b4d1b27a6@group-D4FA4AF59AAA: set configuration 0: [2729792d-b2a4-4e65-a25b-ab0b4d1b27a6:192.168.151.73:44022], old=null at 0
2019-09-25 12:55:47,486 [Thread-186] INFO  impl.FollowerState (FollowerState.java:run(106)) - 77ddc70b-a4d5-46bc-9bd0-0ef6651d4d69:group-210FA69E0AA8 changes to CANDIDATE, lastRpcTime:5175, electionTimeout:5175ms
2019-09-25 12:55:47,486 [Thread-186] INFO  impl.RoleInfo (RoleInfo.java:shutdownFollowerState(121)) - 77ddc70b-a4d5-46bc-9bd0-0ef6651d4d69: shutdown FollowerState
2019-09-25 12:55:47,487 [Thread-186] INFO  impl.RaftServerImpl (RaftServerImpl.java:setRole(174)) - 77ddc70b-a4d5-46bc-9bd0-0ef6651d4d69@group-210FA69E0AA8: changes role from  FOLLOWER to CANDIDATE at term 0 for changeToCandidate
2019-09-25 12:55:47,487 [Thread-186] INFO  impl.RoleInfo (RoleInfo.java:updateAndGet(143)) - 77ddc70b-a4d5-46bc-9bd0-0ef6651d4d69: start LeaderElection
2019-09-25 12:55:47,487 [301733ef-76bd-44e0-8b49-af06a9308120@group-CEC67B64904F-SegmentedRaftLogWorker] INFO  segmented.SegmentedRaftLogWorker (SegmentedRaftLogWorker.java:execute(569)) - 301733ef-76bd-44e0-8b49-af06a9308120@group-CEC67B64904F-SegmentedRaftLogWorker: created new log segment /workdir/hadoop-ozone/tools/target/test-dir/MiniOzoneClusterImpl-dd5724c6-bedc-4b9f-b6c2-d61ca2c556e0/datanode-0/data/ratis/a90fea78-a999-4043-ba7e-cec67b64904f/current/log_inprogress_0
2019-09-25 12:55:47,487 [2729792d-b2a4-4e65-a25b-ab0b4d1b27a6@group-D4FA4AF59AAA-SegmentedRaftLogWorker] INFO  segmented.SegmentedRaftLogWorker (SegmentedRaftLogWorker.java:execute(569)) - 2729792d-b2a4-4e65-a25b-ab0b4d1b27a6@group-D4FA4AF59AAA-SegmentedRaftLogWorker: created new log segment /workdir/hadoop-ozone/tools/target/test-dir/MiniOzoneClusterImpl-dd5724c6-bedc-4b9f-b6c2-d61ca2c556e0/datanode-1/data/ratis/f5c2ec21-14a3-41f6-92aa-d4fa4af59aaa/current/log_inprogress_0
2019-09-25 12:55:47,506 [77ddc70b-a4d5-46bc-9bd0-0ef6651d4d69@group-210FA69E0AA8:LeaderElection3] INFO  impl.LeaderElection (LeaderElection.java:askForVotes(182)) - 77ddc70b-a4d5-46bc-9bd0-0ef6651d4d69@group-210FA69E0AA8:LeaderElection3: begin an election at term 1 for -1: [77ddc70b-a4d5-46bc-9bd0-0ef6651d4d69:192.168.151.73:39966], old=null
2019-09-25 12:55:47,507 [77ddc70b-a4d5-46bc-9bd0-0ef6651d4d69@group-210FA69E0AA8:LeaderElection3] INFO  impl.RoleInfo (RoleInfo.java:shutdownLeaderElection(134)) - 77ddc70b-a4d5-46bc-9bd0-0ef6651d4d69: shutdown LeaderElection
2019-09-25 12:55:47,507 [77ddc70b-a4d5-46bc-9bd0-0ef6651d4d69@group-210FA69E0AA8:LeaderElection3] INFO  impl.RaftServerImpl (RaftServerImpl.java:setRole(174)) - 77ddc70b-a4d5-46bc-9bd0-0ef6651d4d69@group-210FA69E0AA8: changes role from CANDIDATE to LEADER at term 1 for changeToLeader
2019-09-25 12:55:47,507 [77ddc70b-a4d5-46bc-9bd0-0ef6651d4d69@group-210FA69E0AA8:LeaderElection3] INFO  impl.RaftServerImpl (ServerState.java:setLeader(253)) - 77ddc70b-a4d5-46bc-9bd0-0ef6651d4d69@group-210FA69E0AA8: change Leader from null to 77ddc70b-a4d5-46bc-9bd0-0ef6651d4d69 at term 1 for becomeLeader, leader elected after 5234ms
2019-09-25 12:55:47,507 [77ddc70b-a4d5-46bc-9bd0-0ef6651d4d69@group-210FA69E0AA8:LeaderElection3] INFO  server.RaftServerConfigKeys (ConfUtils.java:logGet(43)) - raft.server.staging.catchup.gap = 1000 (default)
2019-09-25 12:55:47,508 [77ddc70b-a4d5-46bc-9bd0-0ef6651d4d69@group-210FA69E0AA8:LeaderElection3] INFO  server.RaftServerConfigKeys (ConfUtils.java:logGet(43)) - raft.server.rpc.sleep.time = 25ms (default)
2019-09-25 12:55:47,508 [77ddc70b-a4d5-46bc-9bd0-0ef6651d4d69@group-210FA69E0AA8:LeaderElection3] INFO  server.RaftServerConfigKeys (ConfUtils.java:logGet(43)) - raft.server.write.element-limit = 4096 (default)
2019-09-25 12:55:47,508 [77ddc70b-a4d5-46bc-9bd0-0ef6651d4d69@group-210FA69E0AA8:LeaderElection3] INFO  server.RaftServerConfigKeys (ConfUtils.java:logGet(43)) - raft.server.watch.timeout = 10s (default)
2019-09-25 12:55:47,508 [77ddc70b-a4d5-46bc-9bd0-0ef6651d4d69@group-210FA69E0AA8:LeaderElection3] INFO  server.RaftServerConfigKeys (ConfUtils.java:logGet(43)) - raft.server.watch.timeout.denomination = 1s (default)
2019-09-25 12:55:47,508 [77ddc70b-a4d5-46bc-9bd0-0ef6651d4d69@group-210FA69E0AA8:LeaderElection3] INFO  server.RaftServerConfigKeys (ConfUtils.java:logGet(43)) - raft.server.watch.element-limit = 65536 (default)
2019-09-25 12:55:47,508 [Thread-189] INFO  impl.FollowerState (FollowerState.java:run(106)) - 301733ef-76bd-44e0-8b49-af06a9308120:group-242A509DD2BD changes to CANDIDATE, lastRpcTime:5131, electionTimeout:5131ms
2019-09-25 12:55:47,509 [Thread-189] INFO  impl.RoleInfo (RoleInfo.java:shutdownFollowerState(121)) - 301733ef-76bd-44e0-8b49-af06a9308120: shutdown FollowerState
2019-09-25 12:55:47,509 [Thread-189] INFO  impl.RaftServerImpl (RaftServerImpl.java:setRole(174)) - 301733ef-76bd-44e0-8b49-af06a9308120@group-242A509DD2BD: changes role from  FOLLOWER to CANDIDATE at term 0 for changeToCandidate
2019-09-25 12:55:47,509 [Thread-189] INFO  impl.RoleInfo (RoleInfo.java:updateAndGet(143)) - 301733ef-76bd-44e0-8b49-af06a9308120: start LeaderElection
2019-09-25 12:55:47,513 [77ddc70b-a4d5-46bc-9bd0-0ef6651d4d69@group-210FA69E0AA8:LeaderElection3] INFO  impl.RoleInfo (RoleInfo.java:updateAndGet(143)) - 77ddc70b-a4d5-46bc-9bd0-0ef6651d4d69: start LeaderState
2019-09-25 12:55:47,514 [77ddc70b-a4d5-46bc-9bd0-0ef6651d4d69@group-210FA69E0AA8:LeaderElection3] INFO  segmented.SegmentedRaftLogWorker (SegmentedRaftLogWorker.java:startLogSegment(380)) - 77ddc70b-a4d5-46bc-9bd0-0ef6651d4d69@group-210FA69E0AA8-SegmentedRaftLogWorker: Starting segment from index:0
2019-09-25 12:55:47,514 [77ddc70b-a4d5-46bc-9bd0-0ef6651d4d69@group-210FA69E0AA8:LeaderElection3] INFO  impl.RaftServerImpl (ServerState.java:setRaftConf(354)) - 77ddc70b-a4d5-46bc-9bd0-0ef6651d4d69@group-210FA69E0AA8: set configuration 0: [77ddc70b-a4d5-46bc-9bd0-0ef6651d4d69:192.168.151.73:39966], old=null at 0
2019-09-25 12:55:47,547 [301733ef-76bd-44e0-8b49-af06a9308120@group-242A509DD2BD:LeaderElection4] INFO  impl.LeaderElection (LeaderElection.java:askForVotes(182)) - 301733ef-76bd-44e0-8b49-af06a9308120@group-242A509DD2BD:LeaderElection4: begin an election at term 1 for -1: [301733ef-76bd-44e0-8b49-af06a9308120:192.168.151.73:46165], old=null
2019-09-25 12:55:47,547 [301733ef-76bd-44e0-8b49-af06a9308120@group-242A509DD2BD:LeaderElection4] INFO  impl.RoleInfo (RoleInfo.java:shutdownLeaderElection(134)) - 301733ef-76bd-44e0-8b49-af06a9308120: shutdown LeaderElection
2019-09-25 12:55:47,547 [301733ef-76bd-44e0-8b49-af06a9308120@group-242A509DD2BD:LeaderElection4] INFO  impl.RaftServerImpl (RaftServerImpl.java:setRole(174)) - 301733ef-76bd-44e0-8b49-af06a9308120@group-242A509DD2BD: changes role from CANDIDATE to LEADER at term 1 for changeToLeader
2019-09-25 12:55:47,547 [301733ef-76bd-44e0-8b49-af06a9308120@group-242A509DD2BD:LeaderElection4] INFO  impl.RaftServerImpl (ServerState.java:setLeader(253)) - 301733ef-76bd-44e0-8b49-af06a9308120@group-242A509DD2BD: change Leader from null to 301733ef-76bd-44e0-8b49-af06a9308120 at term 1 for becomeLeader, leader elected after 5180ms
2019-09-25 12:55:47,547 [301733ef-76bd-44e0-8b49-af06a9308120@group-242A509DD2BD:LeaderElection4] INFO  server.RaftServerConfigKeys (ConfUtils.java:logGet(43)) - raft.server.staging.catchup.gap = 1000 (default)
2019-09-25 12:55:47,547 [301733ef-76bd-44e0-8b49-af06a9308120@group-242A509DD2BD:LeaderElection4] INFO  server.RaftServerConfigKeys (ConfUtils.java:logGet(43)) - raft.server.rpc.sleep.time = 25ms (default)
2019-09-25 12:55:47,548 [301733ef-76bd-44e0-8b49-af06a9308120@group-242A509DD2BD:LeaderElection4] INFO  server.RaftServerConfigKeys (ConfUtils.java:logGet(43)) - raft.server.write.element-limit = 4096 (default)
2019-09-25 12:55:47,548 [301733ef-76bd-44e0-8b49-af06a9308120@group-242A509DD2BD:LeaderElection4] INFO  server.RaftServerConfigKeys (ConfUtils.java:logGet(43)) - raft.server.watch.timeout = 10s (default)
2019-09-25 12:55:47,548 [301733ef-76bd-44e0-8b49-af06a9308120@group-242A509DD2BD:LeaderElection4] INFO  server.RaftServerConfigKeys (ConfUtils.java:logGet(43)) - raft.server.watch.timeout.denomination = 1s (default)
2019-09-25 12:55:47,548 [301733ef-76bd-44e0-8b49-af06a9308120@group-242A509DD2BD:LeaderElection4] INFO  server.RaftServerConfigKeys (ConfUtils.java:logGet(43)) - raft.server.watch.element-limit = 65536 (default)
2019-09-25 12:55:47,551 [301733ef-76bd-44e0-8b49-af06a9308120@group-242A509DD2BD:LeaderElection4] INFO  impl.RoleInfo (RoleInfo.java:updateAndGet(143)) - 301733ef-76bd-44e0-8b49-af06a9308120: start LeaderState
2019-09-25 12:55:47,551 [301733ef-76bd-44e0-8b49-af06a9308120@group-242A509DD2BD:LeaderElection4] INFO  segmented.SegmentedRaftLogWorker (SegmentedRaftLogWorker.java:startLogSegment(380)) - 301733ef-76bd-44e0-8b49-af06a9308120@group-242A509DD2BD-SegmentedRaftLogWorker: Starting segment from index:0
2019-09-25 12:55:47,552 [301733ef-76bd-44e0-8b49-af06a9308120@group-242A509DD2BD:LeaderElection4] INFO  impl.RaftServerImpl (ServerState.java:setRaftConf(354)) - 301733ef-76bd-44e0-8b49-af06a9308120@group-242A509DD2BD: set configuration 0: [301733ef-76bd-44e0-8b49-af06a9308120:192.168.151.73:46165], old=null at 0
2019-09-25 12:55:47,584 [77ddc70b-a4d5-46bc-9bd0-0ef6651d4d69@group-210FA69E0AA8-SegmentedRaftLogWorker] INFO  segmented.SegmentedRaftLogWorker (SegmentedRaftLogWorker.java:execute(569)) - 77ddc70b-a4d5-46bc-9bd0-0ef6651d4d69@group-210FA69E0AA8-SegmentedRaftLogWorker: created new log segment /workdir/hadoop-ozone/tools/target/test-dir/MiniOzoneClusterImpl-dd5724c6-bedc-4b9f-b6c2-d61ca2c556e0/datanode-2/data/ratis/87df2ad6-b6e1-4a38-abfe-210fa69e0aa8/current/log_inprogress_0
2019-09-25 12:55:47,584 [Thread-195] INFO  impl.FollowerState (FollowerState.java:run(106)) - 77ddc70b-a4d5-46bc-9bd0-0ef6651d4d69:group-C4FA861A5FF0 changes to CANDIDATE, lastRpcTime:5041, electionTimeout:5019ms
2019-09-25 12:55:47,584 [Thread-192] INFO  impl.FollowerState (FollowerState.java:run(106)) - 2729792d-b2a4-4e65-a25b-ab0b4d1b27a6:group-29448533705E changes to CANDIDATE, lastRpcTime:5136, electionTimeout:5119ms
2019-09-25 12:55:47,585 [Thread-195] INFO  impl.RoleInfo (RoleInfo.java:shutdownFollowerState(121)) - 77ddc70b-a4d5-46bc-9bd0-0ef6651d4d69: shutdown FollowerState
2019-09-25 12:55:47,585 [Thread-192] INFO  impl.RoleInfo (RoleInfo.java:shutdownFollowerState(121)) - 2729792d-b2a4-4e65-a25b-ab0b4d1b27a6: shutdown FollowerState
2019-09-25 12:55:47,585 [Thread-195] INFO  impl.RaftServerImpl (RaftServerImpl.java:setRole(174)) - 77ddc70b-a4d5-46bc-9bd0-0ef6651d4d69@group-C4FA861A5FF0: changes role from  FOLLOWER to CANDIDATE at term 0 for changeToCandidate
2019-09-25 12:55:47,585 [Thread-192] INFO  impl.RaftServerImpl (RaftServerImpl.java:setRole(174)) - 2729792d-b2a4-4e65-a25b-ab0b4d1b27a6@group-29448533705E: changes role from  FOLLOWER to CANDIDATE at term 0 for changeToCandidate
2019-09-25 12:55:47,585 [Thread-195] INFO  impl.RoleInfo (RoleInfo.java:updateAndGet(143)) - 77ddc70b-a4d5-46bc-9bd0-0ef6651d4d69: start LeaderElection
2019-09-25 12:55:47,585 [Thread-192] INFO  impl.RoleInfo (RoleInfo.java:updateAndGet(143)) - 2729792d-b2a4-4e65-a25b-ab0b4d1b27a6: start LeaderElection
2019-09-25 12:55:47,597 [301733ef-76bd-44e0-8b49-af06a9308120@group-242A509DD2BD-SegmentedRaftLogWorker] INFO  segmented.SegmentedRaftLogWorker (SegmentedRaftLogWorker.java:execute(569)) - 301733ef-76bd-44e0-8b49-af06a9308120@group-242A509DD2BD-SegmentedRaftLogWorker: created new log segment /workdir/hadoop-ozone/tools/target/test-dir/MiniOzoneClusterImpl-dd5724c6-bedc-4b9f-b6c2-d61ca2c556e0/datanode-0/data/ratis/c4f20580-fc36-44d3-9466-242a509dd2bd/current/log_inprogress_0
2019-09-25 12:55:47,598 [2729792d-b2a4-4e65-a25b-ab0b4d1b27a6@group-29448533705E:LeaderElection6] INFO  impl.LeaderElection (LeaderElection.java:askForVotes(182)) - 2729792d-b2a4-4e65-a25b-ab0b4d1b27a6@group-29448533705E:LeaderElection6: begin an election at term 1 for -1: [2729792d-b2a4-4e65-a25b-ab0b4d1b27a6:192.168.151.73:44022], old=null
2019-09-25 12:55:47,598 [77ddc70b-a4d5-46bc-9bd0-0ef6651d4d69@group-C4FA861A5FF0:LeaderElection5] INFO  impl.LeaderElection (LeaderElection.java:askForVotes(182)) - 77ddc70b-a4d5-46bc-9bd0-0ef6651d4d69@group-C4FA861A5FF0:LeaderElection5: begin an election at term 1 for -1: [77ddc70b-a4d5-46bc-9bd0-0ef6651d4d69:192.168.151.73:39966], old=null
2019-09-25 12:55:47,598 [2729792d-b2a4-4e65-a25b-ab0b4d1b27a6@group-29448533705E:LeaderElection6] INFO  impl.RoleInfo (RoleInfo.java:shutdownLeaderElection(134)) - 2729792d-b2a4-4e65-a25b-ab0b4d1b27a6: shutdown LeaderElection
2019-09-25 12:55:47,598 [77ddc70b-a4d5-46bc-9bd0-0ef6651d4d69@group-C4FA861A5FF0:LeaderElection5] INFO  impl.RoleInfo (RoleInfo.java:shutdownLeaderElection(134)) - 77ddc70b-a4d5-46bc-9bd0-0ef6651d4d69: shutdown LeaderElection
2019-09-25 12:55:47,598 [2729792d-b2a4-4e65-a25b-ab0b4d1b27a6@group-29448533705E:LeaderElection6] INFO  impl.RaftServerImpl (RaftServerImpl.java:setRole(174)) - 2729792d-b2a4-4e65-a25b-ab0b4d1b27a6@group-29448533705E: changes role from CANDIDATE to LEADER at term 1 for changeToLeader
2019-09-25 12:55:47,598 [77ddc70b-a4d5-46bc-9bd0-0ef6651d4d69@group-C4FA861A5FF0:LeaderElection5] INFO  impl.RaftServerImpl (RaftServerImpl.java:setRole(174)) - 77ddc70b-a4d5-46bc-9bd0-0ef6651d4d69@group-C4FA861A5FF0: changes role from CANDIDATE to LEADER at term 1 for changeToLeader
2019-09-25 12:55:47,598 [2729792d-b2a4-4e65-a25b-ab0b4d1b27a6@group-29448533705E:LeaderElection6] INFO  impl.RaftServerImpl (ServerState.java:setLeader(253)) - 2729792d-b2a4-4e65-a25b-ab0b4d1b27a6@group-29448533705E: change Leader from null to 2729792d-b2a4-4e65-a25b-ab0b4d1b27a6 at term 1 for becomeLeader, leader elected after 5160ms
2019-09-25 12:55:47,598 [77ddc70b-a4d5-46bc-9bd0-0ef6651d4d69@group-C4FA861A5FF0:LeaderElection5] INFO  impl.RaftServerImpl (ServerState.java:setLeader(253)) - 77ddc70b-a4d5-46bc-9bd0-0ef6651d4d69@group-C4FA861A5FF0: change Leader from null to 77ddc70b-a4d5-46bc-9bd0-0ef6651d4d69 at term 1 for becomeLeader, leader elected after 5065ms
2019-09-25 12:55:47,599 [2729792d-b2a4-4e65-a25b-ab0b4d1b27a6@group-29448533705E:LeaderElection6] INFO  server.RaftServerConfigKeys (ConfUtils.java:logGet(43)) - raft.server.staging.catchup.gap = 1000 (default)
2019-09-25 12:55:47,599 [77ddc70b-a4d5-46bc-9bd0-0ef6651d4d69@group-C4FA861A5FF0:LeaderElection5] INFO  server.RaftServerConfigKeys (ConfUtils.java:logGet(43)) - raft.server.staging.catchup.gap = 1000 (default)
2019-09-25 12:55:47,599 [2729792d-b2a4-4e65-a25b-ab0b4d1b27a6@group-29448533705E:LeaderElection6] INFO  server.RaftServerConfigKeys (ConfUtils.java:logGet(43)) - raft.server.rpc.sleep.time = 25ms (default)
2019-09-25 12:55:47,599 [77ddc70b-a4d5-46bc-9bd0-0ef6651d4d69@group-C4FA861A5FF0:LeaderElection5] INFO  server.RaftServerConfigKeys (ConfUtils.java:logGet(43)) - raft.server.rpc.sleep.time = 25ms (default)
2019-09-25 12:55:47,599 [2729792d-b2a4-4e65-a25b-ab0b4d1b27a6@group-29448533705E:LeaderElection6] INFO  server.RaftServerConfigKeys (ConfUtils.java:logGet(43)) - raft.server.write.element-limit = 4096 (default)
2019-09-25 12:55:47,599 [77ddc70b-a4d5-46bc-9bd0-0ef6651d4d69@group-C4FA861A5FF0:LeaderElection5] INFO  server.RaftServerConfigKeys (ConfUtils.java:logGet(43)) - raft.server.write.element-limit = 4096 (default)
2019-09-25 12:55:47,599 [2729792d-b2a4-4e65-a25b-ab0b4d1b27a6@group-29448533705E:LeaderElection6] INFO  server.RaftServerConfigKeys (ConfUtils.java:logGet(43)) - raft.server.watch.timeout = 10s (default)
2019-09-25 12:55:47,599 [77ddc70b-a4d5-46bc-9bd0-0ef6651d4d69@group-C4FA861A5FF0:LeaderElection5] INFO  server.RaftServerConfigKeys (ConfUtils.java:logGet(43)) - raft.server.watch.timeout = 10s (default)
2019-09-25 12:55:47,600 [2729792d-b2a4-4e65-a25b-ab0b4d1b27a6@group-29448533705E:LeaderElection6] INFO  server.RaftServerConfigKeys (ConfUtils.java:logGet(43)) - raft.server.watch.timeout.denomination = 1s (default)
2019-09-25 12:55:47,600 [77ddc70b-a4d5-46bc-9bd0-0ef6651d4d69@group-C4FA861A5FF0:LeaderElection5] INFO  server.RaftServerConfigKeys (ConfUtils.java:logGet(43)) - raft.server.watch.timeout.denomination = 1s (default)
2019-09-25 12:55:47,600 [2729792d-b2a4-4e65-a25b-ab0b4d1b27a6@group-29448533705E:LeaderElection6] INFO  server.RaftServerConfigKeys (ConfUtils.java:logGet(43)) - raft.server.watch.element-limit = 65536 (default)
2019-09-25 12:55:47,600 [77ddc70b-a4d5-46bc-9bd0-0ef6651d4d69@group-C4FA861A5FF0:LeaderElection5] INFO  server.RaftServerConfigKeys (ConfUtils.java:logGet(43)) - raft.server.watch.element-limit = 65536 (default)
2019-09-25 12:55:47,603 [2729792d-b2a4-4e65-a25b-ab0b4d1b27a6@group-29448533705E:LeaderElection6] INFO  impl.RoleInfo (RoleInfo.java:updateAndGet(143)) - 2729792d-b2a4-4e65-a25b-ab0b4d1b27a6: start LeaderState
2019-09-25 12:55:47,603 [2729792d-b2a4-4e65-a25b-ab0b4d1b27a6@group-29448533705E:LeaderElection6] INFO  segmented.SegmentedRaftLogWorker (SegmentedRaftLogWorker.java:startLogSegment(380)) - 2729792d-b2a4-4e65-a25b-ab0b4d1b27a6@group-29448533705E-SegmentedRaftLogWorker: Starting segment from index:0
2019-09-25 12:55:47,604 [77ddc70b-a4d5-46bc-9bd0-0ef6651d4d69@group-C4FA861A5FF0:LeaderElection5] INFO  impl.RoleInfo (RoleInfo.java:updateAndGet(143)) - 77ddc70b-a4d5-46bc-9bd0-0ef6651d4d69: start LeaderState
2019-09-25 12:55:47,604 [77ddc70b-a4d5-46bc-9bd0-0ef6651d4d69@group-C4FA861A5FF0:LeaderElection5] INFO  segmented.SegmentedRaftLogWorker (SegmentedRaftLogWorker.java:startLogSegment(380)) - 77ddc70b-a4d5-46bc-9bd0-0ef6651d4d69@group-C4FA861A5FF0-SegmentedRaftLogWorker: Starting segment from index:0
2019-09-25 12:55:47,604 [2729792d-b2a4-4e65-a25b-ab0b4d1b27a6@group-29448533705E:LeaderElection6] INFO  impl.RaftServerImpl (ServerState.java:setRaftConf(354)) - 2729792d-b2a4-4e65-a25b-ab0b4d1b27a6@group-29448533705E: set configuration 0: [2729792d-b2a4-4e65-a25b-ab0b4d1b27a6:192.168.151.73:44022], old=null at 0
2019-09-25 12:55:47,641 [77ddc70b-a4d5-46bc-9bd0-0ef6651d4d69@group-C4FA861A5FF0:LeaderElection5] INFO  impl.RaftServerImpl (ServerState.java:setRaftConf(354)) - 77ddc70b-a4d5-46bc-9bd0-0ef6651d4d69@group-C4FA861A5FF0: set configuration 0: [77ddc70b-a4d5-46bc-9bd0-0ef6651d4d69:192.168.151.73:39966], old=null at 0
2019-09-25 12:55:47,653 [2729792d-b2a4-4e65-a25b-ab0b4d1b27a6@group-29448533705E-SegmentedRaftLogWorker] INFO  segmented.SegmentedRaftLogWorker (SegmentedRaftLogWorker.java:execute(569)) - 2729792d-b2a4-4e65-a25b-ab0b4d1b27a6@group-29448533705E-SegmentedRaftLogWorker: created new log segment /workdir/hadoop-ozone/tools/target/test-dir/MiniOzoneClusterImpl-dd5724c6-bedc-4b9f-b6c2-d61ca2c556e0/datanode-1/data/ratis/9470036f-1b34-4ad9-a786-29448533705e/current/log_inprogress_0
2019-09-25 12:55:47,653 [77ddc70b-a4d5-46bc-9bd0-0ef6651d4d69@group-C4FA861A5FF0-SegmentedRaftLogWorker] INFO  segmented.SegmentedRaftLogWorker (SegmentedRaftLogWorker.java:execute(569)) - 77ddc70b-a4d5-46bc-9bd0-0ef6651d4d69@group-C4FA861A5FF0-SegmentedRaftLogWorker: created new log segment /workdir/hadoop-ozone/tools/target/test-dir/MiniOzoneClusterImpl-dd5724c6-bedc-4b9f-b6c2-d61ca2c556e0/datanode-2/data/ratis/eb43ff6b-3f57-496d-a545-c4fa861a5ff0/current/log_inprogress_0
2019-09-25 12:55:47,767 [Thread-198] INFO  impl.FollowerState (FollowerState.java:run(106)) - 2729792d-b2a4-4e65-a25b-ab0b4d1b27a6:group-29DF95A3598F changes to CANDIDATE, lastRpcTime:5137, electionTimeout:5136ms
2019-09-25 12:55:47,767 [Thread-198] INFO  impl.RoleInfo (RoleInfo.java:shutdownFollowerState(121)) - 2729792d-b2a4-4e65-a25b-ab0b4d1b27a6: shutdown FollowerState
2019-09-25 12:55:47,767 [Thread-198] INFO  impl.RaftServerImpl (RaftServerImpl.java:setRole(174)) - 2729792d-b2a4-4e65-a25b-ab0b4d1b27a6@group-29DF95A3598F: changes role from  FOLLOWER to CANDIDATE at term 0 for changeToCandidate
2019-09-25 12:55:47,767 [Thread-198] INFO  impl.RoleInfo (RoleInfo.java:updateAndGet(143)) - 2729792d-b2a4-4e65-a25b-ab0b4d1b27a6: start LeaderElection
2019-09-25 12:55:47,806 [2729792d-b2a4-4e65-a25b-ab0b4d1b27a6@group-29DF95A3598F:LeaderElection7] INFO  impl.LeaderElection (LeaderElection.java:askForVotes(182)) - 2729792d-b2a4-4e65-a25b-ab0b4d1b27a6@group-29DF95A3598F:LeaderElection7: begin an election at term 1 for -1: [2729792d-b2a4-4e65-a25b-ab0b4d1b27a6:192.168.151.73:44022], old=null
2019-09-25 12:55:47,806 [2729792d-b2a4-4e65-a25b-ab0b4d1b27a6@group-29DF95A3598F:LeaderElection7] INFO  impl.RoleInfo (RoleInfo.java:shutdownLeaderElection(134)) - 2729792d-b2a4-4e65-a25b-ab0b4d1b27a6: shutdown LeaderElection
2019-09-25 12:55:47,806 [2729792d-b2a4-4e65-a25b-ab0b4d1b27a6@group-29DF95A3598F:LeaderElection7] INFO  impl.RaftServerImpl (RaftServerImpl.java:setRole(174)) - 2729792d-b2a4-4e65-a25b-ab0b4d1b27a6@group-29DF95A3598F: changes role from CANDIDATE to LEADER at term 1 for changeToLeader
2019-09-25 12:55:47,807 [2729792d-b2a4-4e65-a25b-ab0b4d1b27a6@group-29DF95A3598F:LeaderElection7] INFO  impl.RaftServerImpl (ServerState.java:setLeader(253)) - 2729792d-b2a4-4e65-a25b-ab0b4d1b27a6@group-29DF95A3598F: change Leader from null to 2729792d-b2a4-4e65-a25b-ab0b4d1b27a6 at term 1 for becomeLeader, leader elected after 5183ms
2019-09-25 12:55:47,807 [2729792d-b2a4-4e65-a25b-ab0b4d1b27a6@group-29DF95A3598F:LeaderElection7] INFO  server.RaftServerConfigKeys (ConfUtils.java:logGet(43)) - raft.server.staging.catchup.gap = 1000 (default)
2019-09-25 12:55:47,807 [2729792d-b2a4-4e65-a25b-ab0b4d1b27a6@group-29DF95A3598F:LeaderElection7] INFO  server.RaftServerConfigKeys (ConfUtils.java:logGet(43)) - raft.server.rpc.sleep.time = 25ms (default)
2019-09-25 12:55:47,808 [2729792d-b2a4-4e65-a25b-ab0b4d1b27a6@group-29DF95A3598F:LeaderElection7] INFO  server.RaftServerConfigKeys (ConfUtils.java:logGet(43)) - raft.server.write.element-limit = 4096 (default)
2019-09-25 12:55:47,808 [2729792d-b2a4-4e65-a25b-ab0b4d1b27a6@group-29DF95A3598F:LeaderElection7] INFO  server.RaftServerConfigKeys (ConfUtils.java:logGet(43)) - raft.server.watch.timeout = 10s (default)
2019-09-25 12:55:47,808 [2729792d-b2a4-4e65-a25b-ab0b4d1b27a6@group-29DF95A3598F:LeaderElection7] INFO  server.RaftServerConfigKeys (ConfUtils.java:logGet(43)) - raft.server.watch.timeout.denomination = 1s (default)
2019-09-25 12:55:47,808 [2729792d-b2a4-4e65-a25b-ab0b4d1b27a6@group-29DF95A3598F:LeaderElection7] INFO  server.RaftServerConfigKeys (ConfUtils.java:logGet(43)) - raft.server.watch.element-limit = 65536 (default)
2019-09-25 12:55:47,812 [2729792d-b2a4-4e65-a25b-ab0b4d1b27a6@group-29DF95A3598F:LeaderElection7] INFO  impl.RoleInfo (RoleInfo.java:updateAndGet(143)) - 2729792d-b2a4-4e65-a25b-ab0b4d1b27a6: start LeaderState
2019-09-25 12:55:47,813 [2729792d-b2a4-4e65-a25b-ab0b4d1b27a6@group-29DF95A3598F:LeaderElection7] INFO  segmented.SegmentedRaftLogWorker (SegmentedRaftLogWorker.java:startLogSegment(380)) - 2729792d-b2a4-4e65-a25b-ab0b4d1b27a6@group-29DF95A3598F-SegmentedRaftLogWorker: Starting segment from index:0
2019-09-25 12:55:47,813 [2729792d-b2a4-4e65-a25b-ab0b4d1b27a6@group-29DF95A3598F:LeaderElection7] INFO  impl.RaftServerImpl (ServerState.java:setRaftConf(354)) - 2729792d-b2a4-4e65-a25b-ab0b4d1b27a6@group-29DF95A3598F: set configuration 0: [2729792d-b2a4-4e65-a25b-ab0b4d1b27a6:192.168.151.73:44022], old=null at 0
2019-09-25 12:55:47,846 [Thread-208] INFO  impl.FollowerState (FollowerState.java:run(106)) - 301733ef-76bd-44e0-8b49-af06a9308120:group-E8F51921805E changes to CANDIDATE, lastRpcTime:5039, electionTimeout:5027ms
2019-09-25 12:55:47,846 [Thread-205] INFO  impl.FollowerState (FollowerState.java:run(106)) - 301733ef-76bd-44e0-8b49-af06a9308120:group-FC69ABBA61DC changes to CANDIDATE, lastRpcTime:5097, electionTimeout:5067ms
2019-09-25 12:55:47,846 [Thread-201] INFO  impl.FollowerState (FollowerState.java:run(106)) - 2729792d-b2a4-4e65-a25b-ab0b4d1b27a6:group-A6C6DBC42E4B changes to CANDIDATE, lastRpcTime:5158, electionTimeout:5132ms
2019-09-25 12:55:47,846 [Thread-205] INFO  impl.RoleInfo (RoleInfo.java:shutdownFollowerState(121)) - 301733ef-76bd-44e0-8b49-af06a9308120: shutdown FollowerState
2019-09-25 12:55:47,846 [Thread-208] INFO  impl.RoleInfo (RoleInfo.java:shutdownFollowerState(121)) - 301733ef-76bd-44e0-8b49-af06a9308120: shutdown FollowerState
2019-09-25 12:55:47,846 [Thread-201] INFO  impl.RoleInfo (RoleInfo.java:shutdownFollowerState(121)) - 2729792d-b2a4-4e65-a25b-ab0b4d1b27a6: shutdown FollowerState
2019-09-25 12:55:47,846 [Thread-205] INFO  impl.RaftServerImpl (RaftServerImpl.java:setRole(174)) - 301733ef-76bd-44e0-8b49-af06a9308120@group-FC69ABBA61DC: changes role from  FOLLOWER to CANDIDATE at term 0 for changeToCandidate
2019-09-25 12:55:47,847 [Thread-201] INFO  impl.RaftServerImpl (RaftServerImpl.java:setRole(174)) - 2729792d-b2a4-4e65-a25b-ab0b4d1b27a6@group-A6C6DBC42E4B: changes role from  FOLLOWER to CANDIDATE at term 0 for changeToCandidate
2019-09-25 12:55:47,846 [Thread-208] INFO  impl.RaftServerImpl (RaftServerImpl.java:setRole(174)) - 301733ef-76bd-44e0-8b49-af06a9308120@group-E8F51921805E: changes role from  FOLLOWER to CANDIDATE at term 0 for changeToCandidate
2019-09-25 12:55:47,847 [Thread-205] INFO  impl.RoleInfo (RoleInfo.java:updateAndGet(143)) - 301733ef-76bd-44e0-8b49-af06a9308120: start LeaderElection
2019-09-25 12:55:47,847 [Thread-201] INFO  impl.RoleInfo (RoleInfo.java:updateAndGet(143)) - 2729792d-b2a4-4e65-a25b-ab0b4d1b27a6: start LeaderElection
2019-09-25 12:55:47,847 [Thread-208] INFO  impl.RoleInfo (RoleInfo.java:updateAndGet(143)) - 301733ef-76bd-44e0-8b49-af06a9308120: start LeaderElection
2019-09-25 12:55:47,866 [2729792d-b2a4-4e65-a25b-ab0b4d1b27a6@group-29DF95A3598F-SegmentedRaftLogWorker] INFO  segmented.SegmentedRaftLogWorker (SegmentedRaftLogWorker.java:execute(569)) - 2729792d-b2a4-4e65-a25b-ab0b4d1b27a6@group-29DF95A3598F-SegmentedRaftLogWorker: created new log segment /workdir/hadoop-ozone/tools/target/test-dir/MiniOzoneClusterImpl-dd5724c6-bedc-4b9f-b6c2-d61ca2c556e0/datanode-1/data/ratis/4786d162-661e-4abe-bb58-29df95a3598f/current/log_inprogress_0
2019-09-25 12:55:47,866 [301733ef-76bd-44e0-8b49-af06a9308120@group-E8F51921805E:LeaderElection10] INFO  impl.LeaderElection (LeaderElection.java:askForVotes(182)) - 301733ef-76bd-44e0-8b49-af06a9308120@group-E8F51921805E:LeaderElection10: begin an election at term 1 for -1: [301733ef-76bd-44e0-8b49-af06a9308120:192.168.151.73:46165], old=null
2019-09-25 12:55:47,866 [2729792d-b2a4-4e65-a25b-ab0b4d1b27a6@group-A6C6DBC42E4B:LeaderElection9] INFO  impl.LeaderElection (LeaderElection.java:askForVotes(182)) - 2729792d-b2a4-4e65-a25b-ab0b4d1b27a6@group-A6C6DBC42E4B:LeaderElection9: begin an election at term 1 for -1: [2729792d-b2a4-4e65-a25b-ab0b4d1b27a6:192.168.151.73:44022], old=null
2019-09-25 12:55:47,866 [301733ef-76bd-44e0-8b49-af06a9308120@group-FC69ABBA61DC:LeaderElection8] INFO  impl.LeaderElection (LeaderElection.java:askForVotes(182)) - 301733ef-76bd-44e0-8b49-af06a9308120@group-FC69ABBA61DC:LeaderElection8: begin an election at term 1 for -1: [301733ef-76bd-44e0-8b49-af06a9308120:192.168.151.73:46165], old=null
2019-09-25 12:55:47,866 [2729792d-b2a4-4e65-a25b-ab0b4d1b27a6@group-A6C6DBC42E4B:LeaderElection9] INFO  impl.RoleInfo (RoleInfo.java:shutdownLeaderElection(134)) - 2729792d-b2a4-4e65-a25b-ab0b4d1b27a6: shutdown LeaderElection
2019-09-25 12:55:47,866 [301733ef-76bd-44e0-8b49-af06a9308120@group-E8F51921805E:LeaderElection10] INFO  impl.RoleInfo (RoleInfo.java:shutdownLeaderElection(134)) - 301733ef-76bd-44e0-8b49-af06a9308120: shutdown LeaderElection
2019-09-25 12:55:47,866 [2729792d-b2a4-4e65-a25b-ab0b4d1b27a6@group-A6C6DBC42E4B:LeaderElection9] INFO  impl.RaftServerImpl (RaftServerImpl.java:setRole(174)) - 2729792d-b2a4-4e65-a25b-ab0b4d1b27a6@group-A6C6DBC42E4B: changes role from CANDIDATE to LEADER at term 1 for changeToLeader
2019-09-25 12:55:47,866 [301733ef-76bd-44e0-8b49-af06a9308120@group-FC69ABBA61DC:LeaderElection8] INFO  impl.RoleInfo (RoleInfo.java:shutdownLeaderElection(134)) - 301733ef-76bd-44e0-8b49-af06a9308120: shutdown LeaderElection
2019-09-25 12:55:47,867 [2729792d-b2a4-4e65-a25b-ab0b4d1b27a6@group-A6C6DBC42E4B:LeaderElection9] INFO  impl.RaftServerImpl (ServerState.java:setLeader(253)) - 2729792d-b2a4-4e65-a25b-ab0b4d1b27a6@group-A6C6DBC42E4B: change Leader from null to 2729792d-b2a4-4e65-a25b-ab0b4d1b27a6 at term 1 for becomeLeader, leader elected after 5186ms
2019-09-25 12:55:47,867 [301733ef-76bd-44e0-8b49-af06a9308120@group-E8F51921805E:LeaderElection10] INFO  impl.RaftServerImpl (RaftServerImpl.java:setRole(174)) - 301733ef-76bd-44e0-8b49-af06a9308120@group-E8F51921805E: changes role from CANDIDATE to LEADER at term 1 for changeToLeader
2019-09-25 12:55:47,867 [2729792d-b2a4-4e65-a25b-ab0b4d1b27a6@group-A6C6DBC42E4B:LeaderElection9] INFO  server.RaftServerConfigKeys (ConfUtils.java:logGet(43)) - raft.server.staging.catchup.gap = 1000 (default)
2019-09-25 12:55:47,867 [301733ef-76bd-44e0-8b49-af06a9308120@group-FC69ABBA61DC:LeaderElection8] INFO  impl.RaftServerImpl (RaftServerImpl.java:setRole(174)) - 301733ef-76bd-44e0-8b49-af06a9308120@group-FC69ABBA61DC: changes role from CANDIDATE to LEADER at term 1 for changeToLeader
2019-09-25 12:55:47,867 [2729792d-b2a4-4e65-a25b-ab0b4d1b27a6@group-A6C6DBC42E4B:LeaderElection9] INFO  server.RaftServerConfigKeys (ConfUtils.java:logGet(43)) - raft.server.rpc.sleep.time = 25ms (default)
2019-09-25 12:55:47,867 [301733ef-76bd-44e0-8b49-af06a9308120@group-E8F51921805E:LeaderElection10] INFO  impl.RaftServerImpl (ServerState.java:setLeader(253)) - 301733ef-76bd-44e0-8b49-af06a9308120@group-E8F51921805E: change Leader from null to 301733ef-76bd-44e0-8b49-af06a9308120 at term 1 for becomeLeader, leader elected after 5066ms
2019-09-25 12:55:47,867 [301733ef-76bd-44e0-8b49-af06a9308120@group-FC69ABBA61DC:LeaderElection8] INFO  impl.RaftServerImpl (ServerState.java:setLeader(253)) - 301733ef-76bd-44e0-8b49-af06a9308120@group-FC69ABBA61DC: change Leader from null to 301733ef-76bd-44e0-8b49-af06a9308120 at term 1 for becomeLeader, leader elected after 5125ms
2019-09-25 12:55:47,868 [301733ef-76bd-44e0-8b49-af06a9308120@group-E8F51921805E:LeaderElection10] INFO  server.RaftServerConfigKeys (ConfUtils.java:logGet(43)) - raft.server.staging.catchup.gap = 1000 (default)
2019-09-25 12:55:47,868 [2729792d-b2a4-4e65-a25b-ab0b4d1b27a6@group-A6C6DBC42E4B:LeaderElection9] INFO  server.RaftServerConfigKeys (ConfUtils.java:logGet(43)) - raft.server.write.element-limit = 4096 (default)
2019-09-25 12:55:47,868 [301733ef-76bd-44e0-8b49-af06a9308120@group-E8F51921805E:LeaderElection10] INFO  server.RaftServerConfigKeys (ConfUtils.java:logGet(43)) - raft.server.rpc.sleep.time = 25ms (default)
2019-09-25 12:55:47,868 [301733ef-76bd-44e0-8b49-af06a9308120@group-FC69ABBA61DC:LeaderElection8] INFO  server.RaftServerConfigKeys (ConfUtils.java:logGet(43)) - raft.server.staging.catchup.gap = 1000 (default)
2019-09-25 12:55:47,868 [301733ef-76bd-44e0-8b49-af06a9308120@group-E8F51921805E:LeaderElection10] INFO  server.RaftServerConfigKeys (ConfUtils.java:logGet(43)) - raft.server.write.element-limit = 4096 (default)
2019-09-25 12:55:47,868 [2729792d-b2a4-4e65-a25b-ab0b4d1b27a6@group-A6C6DBC42E4B:LeaderElection9] INFO  server.RaftServerConfigKeys (ConfUtils.java:logGet(43)) - raft.server.watch.timeout = 10s (default)
2019-09-25 12:55:47,868 [301733ef-76bd-44e0-8b49-af06a9308120@group-E8F51921805E:LeaderElection10] INFO  server.RaftServerConfigKeys (ConfUtils.java:logGet(43)) - raft.server.watch.timeout = 10s (default)
2019-09-25 12:55:47,868 [301733ef-76bd-44e0-8b49-af06a9308120@group-FC69ABBA61DC:LeaderElection8] INFO  server.RaftServerConfigKeys (ConfUtils.java:logGet(43)) - raft.server.rpc.sleep.time = 25ms (default)
2019-09-25 12:55:47,869 [301733ef-76bd-44e0-8b49-af06a9308120@group-E8F51921805E:LeaderElection10] INFO  server.RaftServerConfigKeys (ConfUtils.java:logGet(43)) - raft.server.watch.timeout.denomination = 1s (default)
2019-09-25 12:55:47,868 [2729792d-b2a4-4e65-a25b-ab0b4d1b27a6@group-A6C6DBC42E4B:LeaderElection9] INFO  server.RaftServerConfigKeys (ConfUtils.java:logGet(43)) - raft.server.watch.timeout.denomination = 1s (default)
2019-09-25 12:55:47,869 [301733ef-76bd-44e0-8b49-af06a9308120@group-FC69ABBA61DC:LeaderElection8] INFO  server.RaftServerConfigKeys (ConfUtils.java:logGet(43)) - raft.server.write.element-limit = 4096 (default)
2019-09-25 12:55:47,869 [301733ef-76bd-44e0-8b49-af06a9308120@group-E8F51921805E:LeaderElection10] INFO  server.RaftServerConfigKeys (ConfUtils.java:logGet(43)) - raft.server.watch.element-limit = 65536 (default)
2019-09-25 12:55:47,869 [301733ef-76bd-44e0-8b49-af06a9308120@group-FC69ABBA61DC:LeaderElection8] INFO  server.RaftServerConfigKeys (ConfUtils.java:logGet(43)) - raft.server.watch.timeout = 10s (default)
2019-09-25 12:55:47,869 [2729792d-b2a4-4e65-a25b-ab0b4d1b27a6@group-A6C6DBC42E4B:LeaderElection9] INFO  server.RaftServerConfigKeys (ConfUtils.java:logGet(43)) - raft.server.watch.element-limit = 65536 (default)
2019-09-25 12:55:47,869 [301733ef-76bd-44e0-8b49-af06a9308120@group-FC69ABBA61DC:LeaderElection8] INFO  server.RaftServerConfigKeys (ConfUtils.java:logGet(43)) - raft.server.watch.timeout.denomination = 1s (default)
2019-09-25 12:55:47,871 [301733ef-76bd-44e0-8b49-af06a9308120@group-FC69ABBA61DC:LeaderElection8] INFO  server.RaftServerConfigKeys (ConfUtils.java:logGet(43)) - raft.server.watch.element-limit = 65536 (default)
2019-09-25 12:55:47,874 [301733ef-76bd-44e0-8b49-af06a9308120@group-E8F51921805E:LeaderElection10] INFO  impl.RoleInfo (RoleInfo.java:updateAndGet(143)) - 301733ef-76bd-44e0-8b49-af06a9308120: start LeaderState
2019-09-25 12:55:47,874 [301733ef-76bd-44e0-8b49-af06a9308120@group-E8F51921805E:LeaderElection10] INFO  segmented.SegmentedRaftLogWorker (SegmentedRaftLogWorker.java:startLogSegment(380)) - 301733ef-76bd-44e0-8b49-af06a9308120@group-E8F51921805E-SegmentedRaftLogWorker: Starting segment from index:0
2019-09-25 12:55:47,875 [301733ef-76bd-44e0-8b49-af06a9308120@group-E8F51921805E:LeaderElection10] INFO  impl.RaftServerImpl (ServerState.java:setRaftConf(354)) - 301733ef-76bd-44e0-8b49-af06a9308120@group-E8F51921805E: set configuration 0: [301733ef-76bd-44e0-8b49-af06a9308120:192.168.151.73:46165], old=null at 0
2019-09-25 12:55:47,905 [2729792d-b2a4-4e65-a25b-ab0b4d1b27a6@group-A6C6DBC42E4B:LeaderElection9] INFO  impl.RoleInfo (RoleInfo.java:updateAndGet(143)) - 2729792d-b2a4-4e65-a25b-ab0b4d1b27a6: start LeaderState
2019-09-25 12:55:47,906 [301733ef-76bd-44e0-8b49-af06a9308120@group-FC69ABBA61DC:LeaderElection8] INFO  impl.RoleInfo (RoleInfo.java:updateAndGet(143)) - 301733ef-76bd-44e0-8b49-af06a9308120: start LeaderState
2019-09-25 12:55:47,906 [2729792d-b2a4-4e65-a25b-ab0b4d1b27a6@group-A6C6DBC42E4B:LeaderElection9] INFO  segmented.SegmentedRaftLogWorker (SegmentedRaftLogWorker.java:startLogSegment(380)) - 2729792d-b2a4-4e65-a25b-ab0b4d1b27a6@group-A6C6DBC42E4B-SegmentedRaftLogWorker: Starting segment from index:0
2019-09-25 12:55:47,906 [301733ef-76bd-44e0-8b49-af06a9308120@group-FC69ABBA61DC:LeaderElection8] INFO  segmented.SegmentedRaftLogWorker (SegmentedRaftLogWorker.java:startLogSegment(380)) - 301733ef-76bd-44e0-8b49-af06a9308120@group-FC69ABBA61DC-SegmentedRaftLogWorker: Starting segment from index:0
2019-09-25 12:55:47,906 [2729792d-b2a4-4e65-a25b-ab0b4d1b27a6@group-A6C6DBC42E4B:LeaderElection9] INFO  impl.RaftServerImpl (ServerState.java:setRaftConf(354)) - 2729792d-b2a4-4e65-a25b-ab0b4d1b27a6@group-A6C6DBC42E4B: set configuration 0: [2729792d-b2a4-4e65-a25b-ab0b4d1b27a6:192.168.151.73:44022], old=null at 0
2019-09-25 12:55:47,907 [301733ef-76bd-44e0-8b49-af06a9308120@group-FC69ABBA61DC:LeaderElection8] INFO  impl.RaftServerImpl (ServerState.java:setRaftConf(354)) - 301733ef-76bd-44e0-8b49-af06a9308120@group-FC69ABBA61DC: set configuration 0: [301733ef-76bd-44e0-8b49-af06a9308120:192.168.151.73:46165], old=null at 0
2019-09-25 12:55:47,944 [301733ef-76bd-44e0-8b49-af06a9308120@group-E8F51921805E-SegmentedRaftLogWorker] INFO  segmented.SegmentedRaftLogWorker (SegmentedRaftLogWorker.java:execute(569)) - 301733ef-76bd-44e0-8b49-af06a9308120@group-E8F51921805E-SegmentedRaftLogWorker: created new log segment /workdir/hadoop-ozone/tools/target/test-dir/MiniOzoneClusterImpl-dd5724c6-bedc-4b9f-b6c2-d61ca2c556e0/datanode-0/data/ratis/a0650e5e-54d4-40f4-836f-e8f51921805e/current/log_inprogress_0
2019-09-25 12:55:47,944 [Thread-211] INFO  impl.FollowerState (FollowerState.java:run(106)) - 2729792d-b2a4-4e65-a25b-ab0b4d1b27a6:group-6629C075FE0E changes to CANDIDATE, lastRpcTime:5081, electionTimeout:5060ms
2019-09-25 12:55:47,946 [Thread-211] INFO  impl.RoleInfo (RoleInfo.java:shutdownFollowerState(121)) - 2729792d-b2a4-4e65-a25b-ab0b4d1b27a6: shutdown FollowerState
2019-09-25 12:55:47,946 [Thread-211] INFO  impl.RaftServerImpl (RaftServerImpl.java:setRole(174)) - 2729792d-b2a4-4e65-a25b-ab0b4d1b27a6@group-6629C075FE0E: changes role from  FOLLOWER to CANDIDATE at term 0 for changeToCandidate
2019-09-25 12:55:47,946 [Thread-211] INFO  impl.RoleInfo (RoleInfo.java:updateAndGet(143)) - 2729792d-b2a4-4e65-a25b-ab0b4d1b27a6: start LeaderElection
2019-09-25 12:55:47,957 [301733ef-76bd-44e0-8b49-af06a9308120@group-FC69ABBA61DC-SegmentedRaftLogWorker] INFO  segmented.SegmentedRaftLogWorker (SegmentedRaftLogWorker.java:execute(569)) - 301733ef-76bd-44e0-8b49-af06a9308120@group-FC69ABBA61DC-SegmentedRaftLogWorker: created new log segment /workdir/hadoop-ozone/tools/target/test-dir/MiniOzoneClusterImpl-dd5724c6-bedc-4b9f-b6c2-d61ca2c556e0/datanode-0/data/ratis/6b5edbf0-92bc-4574-b715-fc69abba61dc/current/log_inprogress_0
2019-09-25 12:55:47,957 [2729792d-b2a4-4e65-a25b-ab0b4d1b27a6@group-A6C6DBC42E4B-SegmentedRaftLogWorker] INFO  segmented.SegmentedRaftLogWorker (SegmentedRaftLogWorker.java:execute(569)) - 2729792d-b2a4-4e65-a25b-ab0b4d1b27a6@group-A6C6DBC42E4B-SegmentedRaftLogWorker: created new log segment /workdir/hadoop-ozone/tools/target/test-dir/MiniOzoneClusterImpl-dd5724c6-bedc-4b9f-b6c2-d61ca2c556e0/datanode-1/data/ratis/f3deeea6-9c4e-4083-b321-a6c6dbc42e4b/current/log_inprogress_0
2019-09-25 12:55:47,957 [2729792d-b2a4-4e65-a25b-ab0b4d1b27a6@group-6629C075FE0E:LeaderElection11] INFO  impl.LeaderElection (LeaderElection.java:askForVotes(182)) - 2729792d-b2a4-4e65-a25b-ab0b4d1b27a6@group-6629C075FE0E:LeaderElection11: begin an election at term 1 for -1: [2729792d-b2a4-4e65-a25b-ab0b4d1b27a6:192.168.151.73:44022], old=null
2019-09-25 12:55:47,958 [2729792d-b2a4-4e65-a25b-ab0b4d1b27a6@group-6629C075FE0E:LeaderElection11] INFO  impl.RoleInfo (RoleInfo.java:shutdownLeaderElection(134)) - 2729792d-b2a4-4e65-a25b-ab0b4d1b27a6: shutdown LeaderElection
2019-09-25 12:55:47,958 [2729792d-b2a4-4e65-a25b-ab0b4d1b27a6@group-6629C075FE0E:LeaderElection11] INFO  impl.RaftServerImpl (RaftServerImpl.java:setRole(174)) - 2729792d-b2a4-4e65-a25b-ab0b4d1b27a6@group-6629C075FE0E: changes role from CANDIDATE to LEADER at term 1 for changeToLeader
2019-09-25 12:55:47,958 [2729792d-b2a4-4e65-a25b-ab0b4d1b27a6@group-6629C075FE0E:LeaderElection11] INFO  impl.RaftServerImpl (ServerState.java:setLeader(253)) - 2729792d-b2a4-4e65-a25b-ab0b4d1b27a6@group-6629C075FE0E: change Leader from null to 2729792d-b2a4-4e65-a25b-ab0b4d1b27a6 at term 1 for becomeLeader, leader elected after 5102ms
2019-09-25 12:55:47,958 [2729792d-b2a4-4e65-a25b-ab0b4d1b27a6@group-6629C075FE0E:LeaderElection11] INFO  server.RaftServerConfigKeys (ConfUtils.java:logGet(43)) - raft.server.staging.catchup.gap = 1000 (default)
2019-09-25 12:55:47,958 [2729792d-b2a4-4e65-a25b-ab0b4d1b27a6@group-6629C075FE0E:LeaderElection11] INFO  server.RaftServerConfigKeys (ConfUtils.java:logGet(43)) - raft.server.rpc.sleep.time = 25ms (default)
2019-09-25 12:55:47,958 [2729792d-b2a4-4e65-a25b-ab0b4d1b27a6@group-6629C075FE0E:LeaderElection11] INFO  server.RaftServerConfigKeys (ConfUtils.java:logGet(43)) - raft.server.write.element-limit = 4096 (default)
2019-09-25 12:55:47,958 [2729792d-b2a4-4e65-a25b-ab0b4d1b27a6@group-6629C075FE0E:LeaderElection11] INFO  server.RaftServerConfigKeys (ConfUtils.java:logGet(43)) - raft.server.watch.timeout = 10s (default)
2019-09-25 12:55:47,958 [2729792d-b2a4-4e65-a25b-ab0b4d1b27a6@group-6629C075FE0E:LeaderElection11] INFO  server.RaftServerConfigKeys (ConfUtils.java:logGet(43)) - raft.server.watch.timeout.denomination = 1s (default)
2019-09-25 12:55:47,959 [2729792d-b2a4-4e65-a25b-ab0b4d1b27a6@group-6629C075FE0E:LeaderElection11] INFO  server.RaftServerConfigKeys (ConfUtils.java:logGet(43)) - raft.server.watch.element-limit = 65536 (default)
2019-09-25 12:55:47,961 [2729792d-b2a4-4e65-a25b-ab0b4d1b27a6@group-6629C075FE0E:LeaderElection11] INFO  impl.RoleInfo (RoleInfo.java:updateAndGet(143)) - 2729792d-b2a4-4e65-a25b-ab0b4d1b27a6: start LeaderState
2019-09-25 12:55:47,961 [2729792d-b2a4-4e65-a25b-ab0b4d1b27a6@group-6629C075FE0E:LeaderElection11] INFO  segmented.SegmentedRaftLogWorker (SegmentedRaftLogWorker.java:startLogSegment(380)) - 2729792d-b2a4-4e65-a25b-ab0b4d1b27a6@group-6629C075FE0E-SegmentedRaftLogWorker: Starting segment from index:0
2019-09-25 12:55:47,961 [2729792d-b2a4-4e65-a25b-ab0b4d1b27a6@group-6629C075FE0E:LeaderElection11] INFO  impl.RaftServerImpl (ServerState.java:setRaftConf(354)) - 2729792d-b2a4-4e65-a25b-ab0b4d1b27a6@group-6629C075FE0E: set configuration 0: [2729792d-b2a4-4e65-a25b-ab0b4d1b27a6:192.168.151.73:44022], old=null at 0
2019-09-25 12:55:47,998 [Thread-215] INFO  impl.FollowerState (FollowerState.java:run(106)) - 77ddc70b-a4d5-46bc-9bd0-0ef6651d4d69:group-18C18018F0BE changes to CANDIDATE, lastRpcTime:5039, electionTimeout:5039ms
2019-09-25 12:55:47,998 [Thread-215] INFO  impl.RoleInfo (RoleInfo.java:shutdownFollowerState(121)) - 77ddc70b-a4d5-46bc-9bd0-0ef6651d4d69: shutdown FollowerState
2019-09-25 12:55:47,998 [Thread-215] INFO  impl.RaftServerImpl (RaftServerImpl.java:setRole(174)) - 77ddc70b-a4d5-46bc-9bd0-0ef6651d4d69@group-18C18018F0BE: changes role from  FOLLOWER to CANDIDATE at term 0 for changeToCandidate
2019-09-25 12:55:47,999 [Thread-215] INFO  impl.RoleInfo (RoleInfo.java:updateAndGet(143)) - 77ddc70b-a4d5-46bc-9bd0-0ef6651d4d69: start LeaderElection
2019-09-25 12:55:48,009 [2729792d-b2a4-4e65-a25b-ab0b4d1b27a6@group-6629C075FE0E-SegmentedRaftLogWorker] INFO  segmented.SegmentedRaftLogWorker (SegmentedRaftLogWorker.java:execute(569)) - 2729792d-b2a4-4e65-a25b-ab0b4d1b27a6@group-6629C075FE0E-SegmentedRaftLogWorker: created new log segment /workdir/hadoop-ozone/tools/target/test-dir/MiniOzoneClusterImpl-dd5724c6-bedc-4b9f-b6c2-d61ca2c556e0/datanode-1/data/ratis/0124f750-0c6c-49ad-8dd0-6629c075fe0e/current/log_inprogress_0
2019-09-25 12:55:48,023 [77ddc70b-a4d5-46bc-9bd0-0ef6651d4d69@group-18C18018F0BE:LeaderElection12] INFO  impl.LeaderElection (LeaderElection.java:askForVotes(182)) - 77ddc70b-a4d5-46bc-9bd0-0ef6651d4d69@group-18C18018F0BE:LeaderElection12: begin an election at term 1 for -1: [77ddc70b-a4d5-46bc-9bd0-0ef6651d4d69:192.168.151.73:39966], old=null
2019-09-25 12:55:48,023 [77ddc70b-a4d5-46bc-9bd0-0ef6651d4d69@group-18C18018F0BE:LeaderElection12] INFO  impl.RoleInfo (RoleInfo.java:shutdownLeaderElection(134)) - 77ddc70b-a4d5-46bc-9bd0-0ef6651d4d69: shutdown LeaderElection
2019-09-25 12:55:48,023 [77ddc70b-a4d5-46bc-9bd0-0ef6651d4d69@group-18C18018F0BE:LeaderElection12] INFO  impl.RaftServerImpl (RaftServerImpl.java:setRole(174)) - 77ddc70b-a4d5-46bc-9bd0-0ef6651d4d69@group-18C18018F0BE: changes role from CANDIDATE to LEADER at term 1 for changeToLeader
2019-09-25 12:55:48,023 [77ddc70b-a4d5-46bc-9bd0-0ef6651d4d69@group-18C18018F0BE:LeaderElection12] INFO  impl.RaftServerImpl (ServerState.java:setLeader(253)) - 77ddc70b-a4d5-46bc-9bd0-0ef6651d4d69@group-18C18018F0BE: change Leader from null to 77ddc70b-a4d5-46bc-9bd0-0ef6651d4d69 at term 1 for becomeLeader, leader elected after 5073ms
2019-09-25 12:55:48,024 [77ddc70b-a4d5-46bc-9bd0-0ef6651d4d69@group-18C18018F0BE:LeaderElection12] INFO  server.RaftServerConfigKeys (ConfUtils.java:logGet(43)) - raft.server.staging.catchup.gap = 1000 (default)
2019-09-25 12:55:48,024 [77ddc70b-a4d5-46bc-9bd0-0ef6651d4d69@group-18C18018F0BE:LeaderElection12] INFO  server.RaftServerConfigKeys (ConfUtils.java:logGet(43)) - raft.server.rpc.sleep.time = 25ms (default)
2019-09-25 12:55:48,024 [77ddc70b-a4d5-46bc-9bd0-0ef6651d4d69@group-18C18018F0BE:LeaderElection12] INFO  server.RaftServerConfigKeys (ConfUtils.java:logGet(43)) - raft.server.write.element-limit = 4096 (default)
2019-09-25 12:55:48,024 [77ddc70b-a4d5-46bc-9bd0-0ef6651d4d69@group-18C18018F0BE:LeaderElection12] INFO  server.RaftServerConfigKeys (ConfUtils.java:logGet(43)) - raft.server.watch.timeout = 10s (default)
2019-09-25 12:55:48,025 [77ddc70b-a4d5-46bc-9bd0-0ef6651d4d69@group-18C18018F0BE:LeaderElection12] INFO  server.RaftServerConfigKeys (ConfUtils.java:logGet(43)) - raft.server.watch.timeout.denomination = 1s (default)
2019-09-25 12:55:48,025 [77ddc70b-a4d5-46bc-9bd0-0ef6651d4d69@group-18C18018F0BE:LeaderElection12] INFO  server.RaftServerConfigKeys (ConfUtils.java:logGet(43)) - raft.server.watch.element-limit = 65536 (default)
2019-09-25 12:55:48,031 [77ddc70b-a4d5-46bc-9bd0-0ef6651d4d69@group-18C18018F0BE:LeaderElection12] INFO  impl.RoleInfo (RoleInfo.java:updateAndGet(143)) - 77ddc70b-a4d5-46bc-9bd0-0ef6651d4d69: start LeaderState
2019-09-25 12:55:48,031 [77ddc70b-a4d5-46bc-9bd0-0ef6651d4d69@group-18C18018F0BE:LeaderElection12] INFO  segmented.SegmentedRaftLogWorker (SegmentedRaftLogWorker.java:startLogSegment(380)) - 77ddc70b-a4d5-46bc-9bd0-0ef6651d4d69@group-18C18018F0BE-SegmentedRaftLogWorker: Starting segment from index:0
2019-09-25 12:55:48,032 [77ddc70b-a4d5-46bc-9bd0-0ef6651d4d69@group-18C18018F0BE:LeaderElection12] INFO  impl.RaftServerImpl (ServerState.java:setRaftConf(354)) - 77ddc70b-a4d5-46bc-9bd0-0ef6651d4d69@group-18C18018F0BE: set configuration 0: [77ddc70b-a4d5-46bc-9bd0-0ef6651d4d69:192.168.151.73:39966], old=null at 0
2019-09-25 12:55:48,086 [77ddc70b-a4d5-46bc-9bd0-0ef6651d4d69@group-18C18018F0BE-SegmentedRaftLogWorker] INFO  segmented.SegmentedRaftLogWorker (SegmentedRaftLogWorker.java:execute(569)) - 77ddc70b-a4d5-46bc-9bd0-0ef6651d4d69@group-18C18018F0BE-SegmentedRaftLogWorker: created new log segment /workdir/hadoop-ozone/tools/target/test-dir/MiniOzoneClusterImpl-dd5724c6-bedc-4b9f-b6c2-d61ca2c556e0/datanode-2/data/ratis/5c168e2e-90d6-4a3e-ad73-18c18018f0be/current/log_inprogress_0
 100.00% |█████████████████████████████████████████████████████████████████████████████████████████████████████|  1/1 Time: 0:00:05
2019-09-25 12:55:48,174 [Thread-218] INFO  impl.FollowerState (FollowerState.java:run(106)) - 77ddc70b-a4d5-46bc-9bd0-0ef6651d4d69:group-4662C42765FE changes to CANDIDATE, lastRpcTime:5139, electionTimeout:5139ms
2019-09-25 12:55:48,175 [Thread-218] INFO  impl.RoleInfo (RoleInfo.java:shutdownFollowerState(121)) - 77ddc70b-a4d5-46bc-9bd0-0ef6651d4d69: shutdown FollowerState
2019-09-25 12:55:48,175 [Thread-218] INFO  impl.RaftServerImpl (RaftServerImpl.java:setRole(174)) - 77ddc70b-a4d5-46bc-9bd0-0ef6651d4d69@group-4662C42765FE: changes role from  FOLLOWER to CANDIDATE at term 0 for changeToCandidate
2019-09-25 12:55:48,175 [Thread-218] INFO  impl.RoleInfo (RoleInfo.java:updateAndGet(143)) - 77ddc70b-a4d5-46bc-9bd0-0ef6651d4d69: start LeaderElection
2019-09-25 12:55:48,202 [77ddc70b-a4d5-46bc-9bd0-0ef6651d4d69@group-4662C42765FE:LeaderElection13] INFO  impl.LeaderElection (LeaderElection.java:askForVotes(182)) - 77ddc70b-a4d5-46bc-9bd0-0ef6651d4d69@group-4662C42765FE:LeaderElection13: begin an election at term 1 for -1: [77ddc70b-a4d5-46bc-9bd0-0ef6651d4d69:192.168.151.73:39966], old=null
2019-09-25 12:55:48,202 [77ddc70b-a4d5-46bc-9bd0-0ef6651d4d69@group-4662C42765FE:LeaderElection13] INFO  impl.RoleInfo (RoleInfo.java:shutdownLeaderElection(134)) - 77ddc70b-a4d5-46bc-9bd0-0ef6651d4d69: shutdown LeaderElection
2019-09-25 12:55:48,202 [77ddc70b-a4d5-46bc-9bd0-0ef6651d4d69@group-4662C42765FE:LeaderElection13] INFO  impl.RaftServerImpl (RaftServerImpl.java:setRole(174)) - 77ddc70b-a4d5-46bc-9bd0-0ef6651d4d69@group-4662C42765FE: changes role from CANDIDATE to LEADER at term 1 for changeToLeader
2019-09-25 12:55:48,202 [77ddc70b-a4d5-46bc-9bd0-0ef6651d4d69@group-4662C42765FE:LeaderElection13] INFO  impl.RaftServerImpl (ServerState.java:setLeader(253)) - 77ddc70b-a4d5-46bc-9bd0-0ef6651d4d69@group-4662C42765FE: change Leader from null to 77ddc70b-a4d5-46bc-9bd0-0ef6651d4d69 at term 1 for becomeLeader, leader elected after 5175ms
2019-09-25 12:55:48,202 [77ddc70b-a4d5-46bc-9bd0-0ef6651d4d69@group-4662C42765FE:LeaderElection13] INFO  server.RaftServerConfigKeys (ConfUtils.java:logGet(43)) - raft.server.staging.catchup.gap = 1000 (default)
2019-09-25 12:55:48,203 [77ddc70b-a4d5-46bc-9bd0-0ef6651d4d69@group-4662C42765FE:LeaderElection13] INFO  server.RaftServerConfigKeys (ConfUtils.java:logGet(43)) - raft.server.rpc.sleep.time = 25ms (default)
2019-09-25 12:55:48,203 [77ddc70b-a4d5-46bc-9bd0-0ef6651d4d69@group-4662C42765FE:LeaderElection13] INFO  server.RaftServerConfigKeys (ConfUtils.java:logGet(43)) - raft.server.write.element-limit = 4096 (default)
2019-09-25 12:55:48,203 [77ddc70b-a4d5-46bc-9bd0-0ef6651d4d69@group-4662C42765FE:LeaderElection13] INFO  server.RaftServerConfigKeys (ConfUtils.java:logGet(43)) - raft.server.watch.timeout = 10s (default)
2019-09-25 12:55:48,203 [77ddc70b-a4d5-46bc-9bd0-0ef6651d4d69@group-4662C42765FE:LeaderElection13] INFO  server.RaftServerConfigKeys (ConfUtils.java:logGet(43)) - raft.server.watch.timeout.denomination = 1s (default)
2019-09-25 12:55:48,203 [77ddc70b-a4d5-46bc-9bd0-0ef6651d4d69@group-4662C42765FE:LeaderElection13] INFO  server.RaftServerConfigKeys (ConfUtils.java:logGet(43)) - raft.server.watch.element-limit = 65536 (default)
2019-09-25 12:55:48,207 [77ddc70b-a4d5-46bc-9bd0-0ef6651d4d69@group-4662C42765FE:LeaderElection13] INFO  impl.RoleInfo (RoleInfo.java:updateAndGet(143)) - 77ddc70b-a4d5-46bc-9bd0-0ef6651d4d69: start LeaderState
2019-09-25 12:55:48,208 [77ddc70b-a4d5-46bc-9bd0-0ef6651d4d69@group-4662C42765FE:LeaderElection13] INFO  segmented.SegmentedRaftLogWorker (SegmentedRaftLogWorker.java:startLogSegment(380)) - 77ddc70b-a4d5-46bc-9bd0-0ef6651d4d69@group-4662C42765FE-SegmentedRaftLogWorker: Starting segment from index:0
2019-09-25 12:55:48,208 [Thread-221] INFO  impl.FollowerState (FollowerState.java:run(106)) - 77ddc70b-a4d5-46bc-9bd0-0ef6651d4d69:group-4290F427C36A changes to CANDIDATE, lastRpcTime:5096, electionTimeout:5096ms
2019-09-25 12:55:48,208 [Thread-221] INFO  impl.RoleInfo (RoleInfo.java:shutdownFollowerState(121)) - 77ddc70b-a4d5-46bc-9bd0-0ef6651d4d69: shutdown FollowerState
2019-09-25 12:55:48,208 [Thread-221] INFO  impl.RaftServerImpl (RaftServerImpl.java:setRole(174)) - 77ddc70b-a4d5-46bc-9bd0-0ef6651d4d69@group-4290F427C36A: changes role from  FOLLOWER to CANDIDATE at term 0 for changeToCandidate
2019-09-25 12:55:48,208 [77ddc70b-a4d5-46bc-9bd0-0ef6651d4d69@group-4662C42765FE:LeaderElection13] INFO  impl.RaftServerImpl (ServerState.java:setRaftConf(354)) - 77ddc70b-a4d5-46bc-9bd0-0ef6651d4d69@group-4662C42765FE: set configuration 0: [77ddc70b-a4d5-46bc-9bd0-0ef6651d4d69:192.168.151.73:39966], old=null at 0
2019-09-25 12:55:48,208 [Thread-221] INFO  impl.RoleInfo (RoleInfo.java:updateAndGet(143)) - 77ddc70b-a4d5-46bc-9bd0-0ef6651d4d69: start LeaderElection
2019-09-25 12:55:48,255 [Thread-228] INFO  impl.FollowerState (FollowerState.java:run(106)) - 77ddc70b-a4d5-46bc-9bd0-0ef6651d4d69:group-1A126D6C073F changes to CANDIDATE, lastRpcTime:5051, electionTimeout:5051ms
2019-09-25 12:55:48,255 [Thread-228] INFO  impl.RoleInfo (RoleInfo.java:shutdownFollowerState(121)) - 77ddc70b-a4d5-46bc-9bd0-0ef6651d4d69: shutdown FollowerState
2019-09-25 12:55:48,255 [Thread-228] INFO  impl.RaftServerImpl (RaftServerImpl.java:setRole(174)) - 77ddc70b-a4d5-46bc-9bd0-0ef6651d4d69@group-1A126D6C073F: changes role from  FOLLOWER to CANDIDATE at term 0 for changeToCandidate
2019-09-25 12:55:48,255 [Thread-228] INFO  impl.RoleInfo (RoleInfo.java:updateAndGet(143)) - 77ddc70b-a4d5-46bc-9bd0-0ef6651d4d69: start LeaderElection
2019-09-25 12:55:48,260 [77ddc70b-a4d5-46bc-9bd0-0ef6651d4d69@group-4662C42765FE-SegmentedRaftLogWorker] INFO  segmented.SegmentedRaftLogWorker (SegmentedRaftLogWorker.java:execute(569)) - 77ddc70b-a4d5-46bc-9bd0-0ef6651d4d69@group-4662C42765FE-SegmentedRaftLogWorker: created new log segment /workdir/hadoop-ozone/tools/target/test-dir/MiniOzoneClusterImpl-dd5724c6-bedc-4b9f-b6c2-d61ca2c556e0/datanode-2/data/ratis/d71c3c2c-90a5-4706-bdf5-4662c42765fe/current/log_inprogress_0
2019-09-25 12:55:48,260 [77ddc70b-a4d5-46bc-9bd0-0ef6651d4d69@group-4290F427C36A:LeaderElection14] INFO  impl.LeaderElection (LeaderElection.java:askForVotes(182)) - 77ddc70b-a4d5-46bc-9bd0-0ef6651d4d69@group-4290F427C36A:LeaderElection14: begin an election at term 1 for -1: [77ddc70b-a4d5-46bc-9bd0-0ef6651d4d69:192.168.151.73:39966], old=null
2019-09-25 12:55:48,260 [77ddc70b-a4d5-46bc-9bd0-0ef6651d4d69@group-4290F427C36A:LeaderElection14] INFO  impl.RoleInfo (RoleInfo.java:shutdownLeaderElection(134)) - 77ddc70b-a4d5-46bc-9bd0-0ef6651d4d69: shutdown LeaderElection
2019-09-25 12:55:48,261 [77ddc70b-a4d5-46bc-9bd0-0ef6651d4d69@group-4290F427C36A:LeaderElection14] INFO  impl.RaftServerImpl (RaftServerImpl.java:setRole(174)) - 77ddc70b-a4d5-46bc-9bd0-0ef6651d4d69@group-4290F427C36A: changes role from CANDIDATE to LEADER at term 1 for changeToLeader
2019-09-25 12:55:48,261 [77ddc70b-a4d5-46bc-9bd0-0ef6651d4d69@group-4290F427C36A:LeaderElection14] INFO  impl.RaftServerImpl (ServerState.java:setLeader(253)) - 77ddc70b-a4d5-46bc-9bd0-0ef6651d4d69@group-4290F427C36A: change Leader from null to 77ddc70b-a4d5-46bc-9bd0-0ef6651d4d69 at term 1 for becomeLeader, leader elected after 5156ms
2019-09-25 12:55:48,261 [77ddc70b-a4d5-46bc-9bd0-0ef6651d4d69@group-4290F427C36A:LeaderElection14] INFO  server.RaftServerConfigKeys (ConfUtils.java:logGet(43)) - raft.server.staging.catchup.gap = 1000 (default)
2019-09-25 12:55:48,261 [77ddc70b-a4d5-46bc-9bd0-0ef6651d4d69@group-4290F427C36A:LeaderElection14] INFO  server.RaftServerConfigKeys (ConfUtils.java:logGet(43)) - raft.server.rpc.sleep.time = 25ms (default)
2019-09-25 12:55:48,261 [77ddc70b-a4d5-46bc-9bd0-0ef6651d4d69@group-4290F427C36A:LeaderElection14] INFO  server.RaftServerConfigKeys (ConfUtils.java:logGet(43)) - raft.server.write.element-limit = 4096 (default)
2019-09-25 12:55:48,262 [77ddc70b-a4d5-46bc-9bd0-0ef6651d4d69@group-4290F427C36A:LeaderElection14] INFO  server.RaftServerConfigKeys (ConfUtils.java:logGet(43)) - raft.server.watch.timeout = 10s (default)
2019-09-25 12:55:48,262 [77ddc70b-a4d5-46bc-9bd0-0ef6651d4d69@group-4290F427C36A:LeaderElection14] INFO  server.RaftServerConfigKeys (ConfUtils.java:logGet(43)) - raft.server.watch.timeout.denomination = 1s (default)
2019-09-25 12:55:48,262 [77ddc70b-a4d5-46bc-9bd0-0ef6651d4d69@group-4290F427C36A:LeaderElection14] INFO  server.RaftServerConfigKeys (ConfUtils.java:logGet(43)) - raft.server.watch.element-limit = 65536 (default)
2019-09-25 12:55:48,266 [77ddc70b-a4d5-46bc-9bd0-0ef6651d4d69@group-4290F427C36A:LeaderElection14] INFO  impl.RoleInfo (RoleInfo.java:updateAndGet(143)) - 77ddc70b-a4d5-46bc-9bd0-0ef6651d4d69: start LeaderState
2019-09-25 12:55:48,267 [77ddc70b-a4d5-46bc-9bd0-0ef6651d4d69@group-4290F427C36A:LeaderElection14] INFO  segmented.SegmentedRaftLogWorker (SegmentedRaftLogWorker.java:startLogSegment(380)) - 77ddc70b-a4d5-46bc-9bd0-0ef6651d4d69@group-4290F427C36A-SegmentedRaftLogWorker: Starting segment from index:0
2019-09-25 12:55:48,267 [77ddc70b-a4d5-46bc-9bd0-0ef6651d4d69@group-4290F427C36A:LeaderElection14] INFO  impl.RaftServerImpl (ServerState.java:setRaftConf(354)) - 77ddc70b-a4d5-46bc-9bd0-0ef6651d4d69@group-4290F427C36A: set configuration 0: [77ddc70b-a4d5-46bc-9bd0-0ef6651d4d69:192.168.151.73:39966], old=null at 0
2019-09-25 12:55:48,300 [77ddc70b-a4d5-46bc-9bd0-0ef6651d4d69@group-1A126D6C073F:LeaderElection15] INFO  impl.LeaderElection (LeaderElection.java:askForVotes(182)) - 77ddc70b-a4d5-46bc-9bd0-0ef6651d4d69@group-1A126D6C073F:LeaderElection15: begin an election at term 1 for -1: [77ddc70b-a4d5-46bc-9bd0-0ef6651d4d69:192.168.151.73:39966], old=null
2019-09-25 12:55:48,301 [77ddc70b-a4d5-46bc-9bd0-0ef6651d4d69@group-1A126D6C073F:LeaderElection15] INFO  impl.RoleInfo (RoleInfo.java:shutdownLeaderElection(134)) - 77ddc70b-a4d5-46bc-9bd0-0ef6651d4d69: shutdown LeaderElection
2019-09-25 12:55:48,301 [77ddc70b-a4d5-46bc-9bd0-0ef6651d4d69@group-1A126D6C073F:LeaderElection15] INFO  impl.RaftServerImpl (RaftServerImpl.java:setRole(174)) - 77ddc70b-a4d5-46bc-9bd0-0ef6651d4d69@group-1A126D6C073F: changes role from CANDIDATE to LEADER at term 1 for changeToLeader
2019-09-25 12:55:48,301 [77ddc70b-a4d5-46bc-9bd0-0ef6651d4d69@group-1A126D6C073F:LeaderElection15] INFO  impl.RaftServerImpl (ServerState.java:setLeader(253)) - 77ddc70b-a4d5-46bc-9bd0-0ef6651d4d69@group-1A126D6C073F: change Leader from null to 77ddc70b-a4d5-46bc-9bd0-0ef6651d4d69 at term 1 for becomeLeader, leader elected after 5105ms
2019-09-25 12:55:48,301 [77ddc70b-a4d5-46bc-9bd0-0ef6651d4d69@group-1A126D6C073F:LeaderElection15] INFO  server.RaftServerConfigKeys (ConfUtils.java:logGet(43)) - raft.server.staging.catchup.gap = 1000 (default)
2019-09-25 12:55:48,301 [77ddc70b-a4d5-46bc-9bd0-0ef6651d4d69@group-1A126D6C073F:LeaderElection15] INFO  server.RaftServerConfigKeys (ConfUtils.java:logGet(43)) - raft.server.rpc.sleep.time = 25ms (default)
2019-09-25 12:55:48,302 [77ddc70b-a4d5-46bc-9bd0-0ef6651d4d69@group-1A126D6C073F:LeaderElection15] INFO  server.RaftServerConfigKeys (ConfUtils.java:logGet(43)) - raft.server.write.element-limit = 4096 (default)
2019-09-25 12:55:48,302 [77ddc70b-a4d5-46bc-9bd0-0ef6651d4d69@group-1A126D6C073F:LeaderElection15] INFO  server.RaftServerConfigKeys (ConfUtils.java:logGet(43)) - raft.server.watch.timeout = 10s (default)
2019-09-25 12:55:48,302 [77ddc70b-a4d5-46bc-9bd0-0ef6651d4d69@group-1A126D6C073F:LeaderElection15] INFO  server.RaftServerConfigKeys (ConfUtils.java:logGet(43)) - raft.server.watch.timeout.denomination = 1s (default)
2019-09-25 12:55:48,302 [77ddc70b-a4d5-46bc-9bd0-0ef6651d4d69@group-1A126D6C073F:LeaderElection15] INFO  server.RaftServerConfigKeys (ConfUtils.java:logGet(43)) - raft.server.watch.element-limit = 65536 (default)
2019-09-25 12:55:48,306 [77ddc70b-a4d5-46bc-9bd0-0ef6651d4d69@group-1A126D6C073F:LeaderElection15] INFO  impl.RoleInfo (RoleInfo.java:updateAndGet(143)) - 77ddc70b-a4d5-46bc-9bd0-0ef6651d4d69: start LeaderState
2019-09-25 12:55:48,306 [77ddc70b-a4d5-46bc-9bd0-0ef6651d4d69@group-1A126D6C073F:LeaderElection15] INFO  segmented.SegmentedRaftLogWorker (SegmentedRaftLogWorker.java:startLogSegment(380)) - 77ddc70b-a4d5-46bc-9bd0-0ef6651d4d69@group-1A126D6C073F-SegmentedRaftLogWorker: Starting segment from index:0
2019-09-25 12:55:48,307 [77ddc70b-a4d5-46bc-9bd0-0ef6651d4d69@group-1A126D6C073F:LeaderElection15] INFO  impl.RaftServerImpl (ServerState.java:setRaftConf(354)) - 77ddc70b-a4d5-46bc-9bd0-0ef6651d4d69@group-1A126D6C073F: set configuration 0: [77ddc70b-a4d5-46bc-9bd0-0ef6651d4d69:192.168.151.73:39966], old=null at 0
2019-09-25 12:55:48,342 [77ddc70b-a4d5-46bc-9bd0-0ef6651d4d69@group-4290F427C36A-SegmentedRaftLogWorker] INFO  segmented.SegmentedRaftLogWorker (SegmentedRaftLogWorker.java:execute(569)) - 77ddc70b-a4d5-46bc-9bd0-0ef6651d4d69@group-4290F427C36A-SegmentedRaftLogWorker: created new log segment /workdir/hadoop-ozone/tools/target/test-dir/MiniOzoneClusterImpl-dd5724c6-bedc-4b9f-b6c2-d61ca2c556e0/datanode-2/data/ratis/97d61a9f-6be2-4dac-9b99-4290f427c36a/current/log_inprogress_0
2019-09-25 12:55:48,345 [Thread-231] INFO  impl.FollowerState (FollowerState.java:run(106)) - 2729792d-b2a4-4e65-a25b-ab0b4d1b27a6:group-252AB9B07565 changes to CANDIDATE, lastRpcTime:5060, electionTimeout:5060ms
2019-09-25 12:55:48,345 [Thread-231] INFO  impl.RoleInfo (RoleInfo.java:shutdownFollowerState(121)) - 2729792d-b2a4-4e65-a25b-ab0b4d1b27a6: shutdown FollowerState
2019-09-25 12:55:48,345 [Thread-231] INFO  impl.RaftServerImpl (RaftServerImpl.java:setRole(174)) - 2729792d-b2a4-4e65-a25b-ab0b4d1b27a6@group-252AB9B07565: changes role from  FOLLOWER to CANDIDATE at term 0 for changeToCandidate
2019-09-25 12:55:48,346 [Thread-231] INFO  impl.RoleInfo (RoleInfo.java:updateAndGet(143)) - 2729792d-b2a4-4e65-a25b-ab0b4d1b27a6: start LeaderElection
2019-09-25 12:55:48,352 [77ddc70b-a4d5-46bc-9bd0-0ef6651d4d69@group-1A126D6C073F-SegmentedRaftLogWorker] INFO  segmented.SegmentedRaftLogWorker (SegmentedRaftLogWorker.java:execute(569)) - 77ddc70b-a4d5-46bc-9bd0-0ef6651d4d69@group-1A126D6C073F-SegmentedRaftLogWorker: created new log segment /workdir/hadoop-ozone/tools/target/test-dir/MiniOzoneClusterImpl-dd5724c6-bedc-4b9f-b6c2-d61ca2c556e0/datanode-2/data/ratis/ef3e6663-07ac-4ccc-9233-1a126d6c073f/current/log_inprogress_0
2019-09-25 12:55:48,375 [2729792d-b2a4-4e65-a25b-ab0b4d1b27a6@group-252AB9B07565:LeaderElection16] INFO  impl.LeaderElection (LeaderElection.java:askForVotes(182)) - 2729792d-b2a4-4e65-a25b-ab0b4d1b27a6@group-252AB9B07565:LeaderElection16: begin an election at term 1 for -1: [2729792d-b2a4-4e65-a25b-ab0b4d1b27a6:192.168.151.73:44022], old=null
2019-09-25 12:55:48,375 [2729792d-b2a4-4e65-a25b-ab0b4d1b27a6@group-252AB9B07565:LeaderElection16] INFO  impl.RoleInfo (RoleInfo.java:shutdownLeaderElection(134)) - 2729792d-b2a4-4e65-a25b-ab0b4d1b27a6: shutdown LeaderElection
2019-09-25 12:55:48,375 [2729792d-b2a4-4e65-a25b-ab0b4d1b27a6@group-252AB9B07565:LeaderElection16] INFO  impl.RaftServerImpl (RaftServerImpl.java:setRole(174)) - 2729792d-b2a4-4e65-a25b-ab0b4d1b27a6@group-252AB9B07565: changes role from CANDIDATE to LEADER at term 1 for changeToLeader
2019-09-25 12:55:48,375 [2729792d-b2a4-4e65-a25b-ab0b4d1b27a6@group-252AB9B07565:LeaderElection16] INFO  impl.RaftServerImpl (ServerState.java:setLeader(253)) - 2729792d-b2a4-4e65-a25b-ab0b4d1b27a6@group-252AB9B07565: change Leader from null to 2729792d-b2a4-4e65-a25b-ab0b4d1b27a6 at term 1 for becomeLeader, leader elected after 5100ms
2019-09-25 12:55:48,376 [2729792d-b2a4-4e65-a25b-ab0b4d1b27a6@group-252AB9B07565:LeaderElection16] INFO  server.RaftServerConfigKeys (ConfUtils.java:logGet(43)) - raft.server.staging.catchup.gap = 1000 (default)
2019-09-25 12:55:48,376 [2729792d-b2a4-4e65-a25b-ab0b4d1b27a6@group-252AB9B07565:LeaderElection16] INFO  server.RaftServerConfigKeys (ConfUtils.java:logGet(43)) - raft.server.rpc.sleep.time = 25ms (default)
2019-09-25 12:55:48,376 [2729792d-b2a4-4e65-a25b-ab0b4d1b27a6@group-252AB9B07565:LeaderElection16] INFO  server.RaftServerConfigKeys (ConfUtils.java:logGet(43)) - raft.server.write.element-limit = 4096 (default)
2019-09-25 12:55:48,376 [2729792d-b2a4-4e65-a25b-ab0b4d1b27a6@group-252AB9B07565:LeaderElection16] INFO  server.RaftServerConfigKeys (ConfUtils.java:logGet(43)) - raft.server.watch.timeout = 10s (default)
2019-09-25 12:55:48,376 [2729792d-b2a4-4e65-a25b-ab0b4d1b27a6@group-252AB9B07565:LeaderElection16] INFO  server.RaftServerConfigKeys (ConfUtils.java:logGet(43)) - raft.server.watch.timeout.denomination = 1s (default)
2019-09-25 12:55:48,377 [2729792d-b2a4-4e65-a25b-ab0b4d1b27a6@group-252AB9B07565:LeaderElection16] INFO  server.RaftServerConfigKeys (ConfUtils.java:logGet(43)) - raft.server.watch.element-limit = 65536 (default)
2019-09-25 12:55:48,380 [2729792d-b2a4-4e65-a25b-ab0b4d1b27a6@group-252AB9B07565:LeaderElection16] INFO  impl.RoleInfo (RoleInfo.java:updateAndGet(143)) - 2729792d-b2a4-4e65-a25b-ab0b4d1b27a6: start LeaderState
2019-09-25 12:55:48,380 [2729792d-b2a4-4e65-a25b-ab0b4d1b27a6@group-252AB9B07565:LeaderElection16] INFO  segmented.SegmentedRaftLogWorker (SegmentedRaftLogWorker.java:startLogSegment(380)) - 2729792d-b2a4-4e65-a25b-ab0b4d1b27a6@group-252AB9B07565-SegmentedRaftLogWorker: Starting segment from index:0
2019-09-25 12:55:48,381 [2729792d-b2a4-4e65-a25b-ab0b4d1b27a6@group-252AB9B07565:LeaderElection16] INFO  impl.RaftServerImpl (ServerState.java:setRaftConf(354)) - 2729792d-b2a4-4e65-a25b-ab0b4d1b27a6@group-252AB9B07565: set configuration 0: [2729792d-b2a4-4e65-a25b-ab0b4d1b27a6:192.168.151.73:44022], old=null at 0
2019-09-25 12:55:48,428 [2729792d-b2a4-4e65-a25b-ab0b4d1b27a6@group-252AB9B07565-SegmentedRaftLogWorker] INFO  segmented.SegmentedRaftLogWorker (SegmentedRaftLogWorker.java:execute(569)) - 2729792d-b2a4-4e65-a25b-ab0b4d1b27a6@group-252AB9B07565-SegmentedRaftLogWorker: created new log segment /workdir/hadoop-ozone/tools/target/test-dir/MiniOzoneClusterImpl-dd5724c6-bedc-4b9f-b6c2-d61ca2c556e0/datanode-1/data/ratis/c8f89b41-2132-4569-b294-252ab9b07565/current/log_inprogress_0
2019-09-25 12:55:48,503 [Thread-234] INFO  impl.FollowerState (FollowerState.java:run(106)) - 301733ef-76bd-44e0-8b49-af06a9308120:group-28EEEC105DDB changes to CANDIDATE, lastRpcTime:5155, electionTimeout:5155ms
2019-09-25 12:55:48,503 [Thread-234] INFO  impl.RoleInfo (RoleInfo.java:shutdownFollowerState(121)) - 301733ef-76bd-44e0-8b49-af06a9308120: shutdown FollowerState
2019-09-25 12:55:48,503 [Thread-234] INFO  impl.RaftServerImpl (RaftServerImpl.java:setRole(174)) - 301733ef-76bd-44e0-8b49-af06a9308120@group-28EEEC105DDB: changes role from  FOLLOWER to CANDIDATE at term 0 for changeToCandidate
2019-09-25 12:55:48,504 [Thread-234] INFO  impl.RoleInfo (RoleInfo.java:updateAndGet(143)) - 301733ef-76bd-44e0-8b49-af06a9308120: start LeaderElection
2019-09-25 12:55:48,530 [301733ef-76bd-44e0-8b49-af06a9308120@group-28EEEC105DDB:LeaderElection17] INFO  impl.LeaderElection (LeaderElection.java:askForVotes(182)) - 301733ef-76bd-44e0-8b49-af06a9308120@group-28EEEC105DDB:LeaderElection17: begin an election at term 1 for -1: [301733ef-76bd-44e0-8b49-af06a9308120:192.168.151.73:46165], old=null
2019-09-25 12:55:48,530 [301733ef-76bd-44e0-8b49-af06a9308120@group-28EEEC105DDB:LeaderElection17] INFO  impl.RoleInfo (RoleInfo.java:shutdownLeaderElection(134)) - 301733ef-76bd-44e0-8b49-af06a9308120: shutdown LeaderElection
2019-09-25 12:55:48,531 [301733ef-76bd-44e0-8b49-af06a9308120@group-28EEEC105DDB:LeaderElection17] INFO  impl.RaftServerImpl (RaftServerImpl.java:setRole(174)) - 301733ef-76bd-44e0-8b49-af06a9308120@group-28EEEC105DDB: changes role from CANDIDATE to LEADER at term 1 for changeToLeader
2019-09-25 12:55:48,531 [301733ef-76bd-44e0-8b49-af06a9308120@group-28EEEC105DDB:LeaderElection17] INFO  impl.RaftServerImpl (ServerState.java:setLeader(253)) - 301733ef-76bd-44e0-8b49-af06a9308120@group-28EEEC105DDB: change Leader from null to 301733ef-76bd-44e0-8b49-af06a9308120 at term 1 for becomeLeader, leader elected after 5190ms
2019-09-25 12:55:48,531 [301733ef-76bd-44e0-8b49-af06a9308120@group-28EEEC105DDB:LeaderElection17] INFO  server.RaftServerConfigKeys (ConfUtils.java:logGet(43)) - raft.server.staging.catchup.gap = 1000 (default)
2019-09-25 12:55:48,531 [301733ef-76bd-44e0-8b49-af06a9308120@group-28EEEC105DDB:LeaderElection17] INFO  server.RaftServerConfigKeys (ConfUtils.java:logGet(43)) - raft.server.rpc.sleep.time = 25ms (default)
2019-09-25 12:55:48,531 [301733ef-76bd-44e0-8b49-af06a9308120@group-28EEEC105DDB:LeaderElection17] INFO  server.RaftServerConfigKeys (ConfUtils.java:logGet(43)) - raft.server.write.element-limit = 4096 (default)
2019-09-25 12:55:48,531 [301733ef-76bd-44e0-8b49-af06a9308120@group-28EEEC105DDB:LeaderElection17] INFO  server.RaftServerConfigKeys (ConfUtils.java:logGet(43)) - raft.server.watch.timeout = 10s (default)
2019-09-25 12:55:48,532 [301733ef-76bd-44e0-8b49-af06a9308120@group-28EEEC105DDB:LeaderElection17] INFO  server.RaftServerConfigKeys (ConfUtils.java:logGet(43)) - raft.server.watch.timeout.denomination = 1s (default)
2019-09-25 12:55:48,532 [301733ef-76bd-44e0-8b49-af06a9308120@group-28EEEC105DDB:LeaderElection17] INFO  server.RaftServerConfigKeys (ConfUtils.java:logGet(43)) - raft.server.watch.element-limit = 65536 (default)
2019-09-25 12:55:48,535 [301733ef-76bd-44e0-8b49-af06a9308120@group-28EEEC105DDB:LeaderElection17] INFO  impl.RoleInfo (RoleInfo.java:updateAndGet(143)) - 301733ef-76bd-44e0-8b49-af06a9308120: start LeaderState
2019-09-25 12:55:48,536 [301733ef-76bd-44e0-8b49-af06a9308120@group-28EEEC105DDB:LeaderElection17] INFO  segmented.SegmentedRaftLogWorker (SegmentedRaftLogWorker.java:startLogSegment(380)) - 301733ef-76bd-44e0-8b49-af06a9308120@group-28EEEC105DDB-SegmentedRaftLogWorker: Starting segment from index:0
2019-09-25 12:55:48,536 [301733ef-76bd-44e0-8b49-af06a9308120@group-28EEEC105DDB:LeaderElection17] INFO  impl.RaftServerImpl (ServerState.java:setRaftConf(354)) - 301733ef-76bd-44e0-8b49-af06a9308120@group-28EEEC105DDB: set configuration 0: [301733ef-76bd-44e0-8b49-af06a9308120:192.168.151.73:46165], old=null at 0
2019-09-25 12:55:48,572 [Thread-237] INFO  impl.FollowerState (FollowerState.java:run(106)) - 301733ef-76bd-44e0-8b49-af06a9308120:group-F1AC7C7F6928 changes to CANDIDATE, lastRpcTime:5176, electionTimeout:5155ms
2019-09-25 12:55:48,572 [Thread-237] INFO  impl.RoleInfo (RoleInfo.java:shutdownFollowerState(121)) - 301733ef-76bd-44e0-8b49-af06a9308120: shutdown FollowerState
2019-09-25 12:55:48,572 [Thread-237] INFO  impl.RaftServerImpl (RaftServerImpl.java:setRole(174)) - 301733ef-76bd-44e0-8b49-af06a9308120@group-F1AC7C7F6928: changes role from  FOLLOWER to CANDIDATE at term 0 for changeToCandidate
2019-09-25 12:55:48,573 [Thread-237] INFO  impl.RoleInfo (RoleInfo.java:updateAndGet(143)) - 301733ef-76bd-44e0-8b49-af06a9308120: start LeaderElection
2019-09-25 12:55:48,600 [301733ef-76bd-44e0-8b49-af06a9308120@group-28EEEC105DDB-SegmentedRaftLogWorker] INFO  segmented.SegmentedRaftLogWorker (SegmentedRaftLogWorker.java:execute(569)) - 301733ef-76bd-44e0-8b49-af06a9308120@group-28EEEC105DDB-SegmentedRaftLogWorker: created new log segment /workdir/hadoop-ozone/tools/target/test-dir/MiniOzoneClusterImpl-dd5724c6-bedc-4b9f-b6c2-d61ca2c556e0/datanode-0/data/ratis/8782df79-77dd-4c47-bc0b-28eeec105ddb/current/log_inprogress_0
2019-09-25 12:55:48,600 [301733ef-76bd-44e0-8b49-af06a9308120@group-F1AC7C7F6928:LeaderElection18] INFO  impl.LeaderElection (LeaderElection.java:askForVotes(182)) - 301733ef-76bd-44e0-8b49-af06a9308120@group-F1AC7C7F6928:LeaderElection18: begin an election at term 1 for -1: [301733ef-76bd-44e0-8b49-af06a9308120:192.168.151.73:46165], old=null
2019-09-25 12:55:48,600 [301733ef-76bd-44e0-8b49-af06a9308120@group-F1AC7C7F6928:LeaderElection18] INFO  impl.RoleInfo (RoleInfo.java:shutdownLeaderElection(134)) - 301733ef-76bd-44e0-8b49-af06a9308120: shutdown LeaderElection
2019-09-25 12:55:48,601 [301733ef-76bd-44e0-8b49-af06a9308120@group-F1AC7C7F6928:LeaderElection18] INFO  impl.RaftServerImpl (RaftServerImpl.java:setRole(174)) - 301733ef-76bd-44e0-8b49-af06a9308120@group-F1AC7C7F6928: changes role from CANDIDATE to LEADER at term 1 for changeToLeader
2019-09-25 12:55:48,601 [301733ef-76bd-44e0-8b49-af06a9308120@group-F1AC7C7F6928:LeaderElection18] INFO  impl.RaftServerImpl (ServerState.java:setLeader(253)) - 301733ef-76bd-44e0-8b49-af06a9308120@group-F1AC7C7F6928: change Leader from null to 301733ef-76bd-44e0-8b49-af06a9308120 at term 1 for becomeLeader, leader elected after 5210ms
2019-09-25 12:55:48,601 [301733ef-76bd-44e0-8b49-af06a9308120@group-F1AC7C7F6928:LeaderElection18] INFO  server.RaftServerConfigKeys (ConfUtils.java:logGet(43)) - raft.server.staging.catchup.gap = 1000 (default)
2019-09-25 12:55:48,601 [301733ef-76bd-44e0-8b49-af06a9308120@group-F1AC7C7F6928:LeaderElection18] INFO  server.RaftServerConfigKeys (ConfUtils.java:logGet(43)) - raft.server.rpc.sleep.time = 25ms (default)
2019-09-25 12:55:48,601 [301733ef-76bd-44e0-8b49-af06a9308120@group-F1AC7C7F6928:LeaderElection18] INFO  server.RaftServerConfigKeys (ConfUtils.java:logGet(43)) - raft.server.write.element-limit = 4096 (default)
2019-09-25 12:55:48,601 [301733ef-76bd-44e0-8b49-af06a9308120@group-F1AC7C7F6928:LeaderElection18] INFO  server.RaftServerConfigKeys (ConfUtils.java:logGet(43)) - raft.server.watch.timeout = 10s (default)
2019-09-25 12:55:48,602 [301733ef-76bd-44e0-8b49-af06a9308120@group-F1AC7C7F6928:LeaderElection18] INFO  server.RaftServerConfigKeys (ConfUtils.java:logGet(43)) - raft.server.watch.timeout.denomination = 1s (default)
2019-09-25 12:55:48,602 [301733ef-76bd-44e0-8b49-af06a9308120@group-F1AC7C7F6928:LeaderElection18] INFO  server.RaftServerConfigKeys (ConfUtils.java:logGet(43)) - raft.server.watch.element-limit = 65536 (default)
2019-09-25 12:55:48,605 [301733ef-76bd-44e0-8b49-af06a9308120@group-F1AC7C7F6928:LeaderElection18] INFO  impl.RoleInfo (RoleInfo.java:updateAndGet(143)) - 301733ef-76bd-44e0-8b49-af06a9308120: start LeaderState
2019-09-25 12:55:48,606 [301733ef-76bd-44e0-8b49-af06a9308120@group-F1AC7C7F6928:LeaderElection18] INFO  segmented.SegmentedRaftLogWorker (SegmentedRaftLogWorker.java:startLogSegment(380)) - 301733ef-76bd-44e0-8b49-af06a9308120@group-F1AC7C7F6928-SegmentedRaftLogWorker: Starting segment from index:0
2019-09-25 12:55:48,606 [301733ef-76bd-44e0-8b49-af06a9308120@group-F1AC7C7F6928:LeaderElection18] INFO  impl.RaftServerImpl (ServerState.java:setRaftConf(354)) - 301733ef-76bd-44e0-8b49-af06a9308120@group-F1AC7C7F6928: set configuration 0: [301733ef-76bd-44e0-8b49-af06a9308120:192.168.151.73:46165], old=null at 0
2019-09-25 12:55:48,654 [301733ef-76bd-44e0-8b49-af06a9308120@group-F1AC7C7F6928-SegmentedRaftLogWorker] INFO  segmented.SegmentedRaftLogWorker (SegmentedRaftLogWorker.java:execute(569)) - 301733ef-76bd-44e0-8b49-af06a9308120@group-F1AC7C7F6928-SegmentedRaftLogWorker: created new log segment /workdir/hadoop-ozone/tools/target/test-dir/MiniOzoneClusterImpl-dd5724c6-bedc-4b9f-b6c2-d61ca2c556e0/datanode-0/data/ratis/c2117b8c-80cd-4762-b28a-f1ac7c7f6928/current/log_inprogress_0
]]></system-out>
    <system-err><![CDATA[ERROR StatusLogger No Log4j 2 configuration file found. Using default configuration (logging only errors to the console), or user programmatically provided configurations. Set system property 'log4j2.debug' to show Log4j 2 internal initialization logging. See https://logging.apache.org/log4j/2.x/manual/configuration.html for instructions on how to configure Log4j 2
]]></system-err>
  </testcase>
</testsuite>